<?xml version="1.0" encoding="utf-8"?>
<TestRun id="08944bfd-7cb6-4c48-8cb6-d73e6a560d49" name="DKSR-EFI-06$@DKSR-EFI-06 2024-01-09 15:44:29" runUser="NT AUTHORITY\NETWORK SERVICE" xmlns="http://microsoft.com/schemas/VisualStudio/TeamTest/2010">
  <Times creation="2024-01-09T15:44:29.7168103+01:00" queuing="2024-01-09T15:44:29.7168103+01:00" start="2024-01-09T15:44:19.2793035+01:00" finish="2024-01-09T15:45:06.9043795+01:00" />
  <TestSettings name="default" id="fe52453a-22b7-46fd-b94a-d3c143aac1c1">
    <Deployment runDeploymentRoot="DKSR-EFI-06$_DKSR-EFI-06_2024-01-09_15_44_29" />
  </TestSettings>
  <Results>
    <UnitTestResult executionId="f0fc6d79-42a6-44c6-8501-39c52c0a49fb" testId="d67f39a6-38da-54cf-bd51-1084e48c6e60" testName="ReadXml_ShouldSetAllFieldsToNull_ThatAreNotPresentInXml" computerName="DKSR-EFI-06" duration="00:00:00.0033442" startTime="2024-01-09T15:45:03.0606236+01:00" endTime="2024-01-09T15:45:03.0606236+01:00" testType="13cdc9d9-ddb5-4fa4-a97d-d965ccfc6d4b" outcome="Passed" testListId="8c84fa94-04c1-424b-9868-57a2d4851a1d" relativeResultsDirectory="f0fc6d79-42a6-44c6-8501-39c52c0a49fb" />
    <UnitTestResult executionId="424ed074-6321-4830-9a90-2a0dc21ef6ac" testId="414c5895-8dd8-94f9-72cb-0d89388d009c" testName="Serialize_TestCases (TestParentTypeMatchInterfaceNotThisTypeMatched)" computerName="DKSR-EFI-06" duration="00:00:00.0008281" startTime="2024-01-09T15:44:59.5918785+01:00" endTime="2024-01-09T15:44:59.5918785+01:00" testType="13cdc9d9-ddb5-4fa4-a97d-d965ccfc6d4b" outcome="Passed" testListId="8c84fa94-04c1-424b-9868-57a2d4851a1d" relativeResultsDirectory="424ed074-6321-4830-9a90-2a0dc21ef6ac" />
    <UnitTestResult executionId="a4b596d1-70af-48ae-bf3d-2b2d0c4f3b63" testId="8ecfeea7-0c3c-71f4-0099-cc3f5ecbeb8d" testName="IconOverlay_Disabled_Success" computerName="DKSR-EFI-06" duration="00:00:00.2332870" startTime="2024-01-09T15:44:30.9043131+01:00" endTime="2024-01-09T15:44:31.1386854+01:00" testType="13cdc9d9-ddb5-4fa4-a97d-d965ccfc6d4b" outcome="Passed" testListId="8c84fa94-04c1-424b-9868-57a2d4851a1d" relativeResultsDirectory="a4b596d1-70af-48ae-bf3d-2b2d0c4f3b63" />
    <UnitTestResult executionId="82a86aec-d73d-4dbf-ab35-215c8148a2ba" testId="3b434787-ec68-61e4-18d4-15e26b84b874" testName="BuildShapeOverlayWidthHeightAnalyticsObjectListRuleList_ShouldReturnCorrectNumberOfShapes" computerName="DKSR-EFI-06" duration="00:00:00.0008881" startTime="2024-01-09T15:44:33.6074351+01:00" endTime="2024-01-09T15:44:33.6074351+01:00" testType="13cdc9d9-ddb5-4fa4-a97d-d965ccfc6d4b" outcome="Passed" testListId="8c84fa94-04c1-424b-9868-57a2d4851a1d" relativeResultsDirectory="82a86aec-d73d-4dbf-ab35-215c8148a2ba" />
    <UnitTestResult executionId="2381fbfe-7a6e-42f4-b964-b639e2552ecd" testId="d39f235d-2e7d-3e96-21e3-c8d6d50c5857" testName="Constructor_ShouldThrowArgumentNullException_WhenMacAddressIsNull" computerName="DKSR-EFI-06" duration="00:00:00.0038024" startTime="2024-01-09T15:45:05.2637510+01:00" endTime="2024-01-09T15:45:05.2637510+01:00" testType="13cdc9d9-ddb5-4fa4-a97d-d965ccfc6d4b" outcome="Passed" testListId="8c84fa94-04c1-424b-9868-57a2d4851a1d" relativeResultsDirectory="2381fbfe-7a6e-42f4-b964-b639e2552ecd" />
    <UnitTestResult executionId="e9763040-45e2-4f5f-9637-27b2d659bd19" testId="b0ea56fc-56fe-34ff-f18f-05cf3640650e" testName="RemoveFilterValue_UnknownFilter_DoesNothing" computerName="DKSR-EFI-06" duration="00:00:00.0008584" startTime="2024-01-09T15:44:59.8887531+01:00" endTime="2024-01-09T15:44:59.8887531+01:00" testType="13cdc9d9-ddb5-4fa4-a97d-d965ccfc6d4b" outcome="Passed" testListId="8c84fa94-04c1-424b-9868-57a2d4851a1d" relativeResultsDirectory="e9763040-45e2-4f5f-9637-27b2d659bd19" />
    <UnitTestResult executionId="e5da389f-e9f2-4b2b-81a9-c32a7a681b9f" testId="8f3e0927-dc62-09dc-c947-424695b8bc40" testName="WriteXml_ShouldWriteBoundingBoxAppearanceElements_WhenTheyArePresent" computerName="DKSR-EFI-06" duration="00:00:00.0008083" startTime="2024-01-09T15:45:03.5293728+01:00" endTime="2024-01-09T15:45:03.5293728+01:00" testType="13cdc9d9-ddb5-4fa4-a97d-d965ccfc6d4b" outcome="Passed" testListId="8c84fa94-04c1-424b-9868-57a2d4851a1d" relativeResultsDirectory="e5da389f-e9f2-4b2b-81a9-c32a7a681b9f" />
    <UnitTestResult executionId="b597faf2-3b03-4e36-8d40-7c429f2d1ee1" testId="ea0e0dc8-9c54-bf6a-2be9-fcc231898886" testName="ReadyToCloseEvent_CancelCommand_SingleSelect_Thrown" computerName="DKSR-EFI-06" duration="00:00:00.0010267" startTime="2024-01-09T15:44:55.4981110+01:00" endTime="2024-01-09T15:44:55.4981110+01:00" testType="13cdc9d9-ddb5-4fa4-a97d-d965ccfc6d4b" outcome="Passed" testListId="8c84fa94-04c1-424b-9868-57a2d4851a1d" relativeResultsDirectory="b597faf2-3b03-4e36-8d40-7c429f2d1ee1" />
    <UnitTestResult executionId="3ebf49f1-c6f3-438f-bd7d-ddc3ae340c31" testId="5cdbd0d9-c8bd-a61c-82a8-354b3f579fbb" testName="Append_Property_MIPItem_UpperCase" computerName="DKSR-EFI-06" duration="00:00:00.0005595" startTime="2024-01-09T15:45:01.6699922+01:00" endTime="2024-01-09T15:45:01.6699922+01:00" testType="13cdc9d9-ddb5-4fa4-a97d-d965ccfc6d4b" outcome="Passed" testListId="8c84fa94-04c1-424b-9868-57a2d4851a1d" relativeResultsDirectory="3ebf49f1-c6f3-438f-bd7d-ddc3ae340c31" />
    <UnitTestResult executionId="c6b37d23-bada-4bad-86a8-e6c5851d3898" testId="b28c88a2-048a-f43d-3028-a27e0105d7d5" testName="MatchId_Success_MessageWithAsteriskAtBegin" computerName="DKSR-EFI-06" duration="00:00:00.0002083" startTime="2024-01-09T15:45:03.7168725+01:00" endTime="2024-01-09T15:45:03.7168725+01:00" testType="13cdc9d9-ddb5-4fa4-a97d-d965ccfc6d4b" outcome="Passed" testListId="8c84fa94-04c1-424b-9868-57a2d4851a1d" relativeResultsDirectory="c6b37d23-bada-4bad-86a8-e6c5851d3898" />
    <UnitTestResult executionId="57192593-538c-4b50-bd0f-6903e6ac951c" testId="5d8dd47c-bb32-a5ba-6e88-b185a7bd9c07" testName="GenerateTypeDefinintionParameters_ShouldWriteDisplayName_WhenAlways" computerName="DKSR-EFI-06" duration="00:00:00.0003830" startTime="2024-01-09T15:45:05.8106267+01:00" endTime="2024-01-09T15:45:05.8106267+01:00" testType="13cdc9d9-ddb5-4fa4-a97d-d965ccfc6d4b" outcome="Passed" testListId="8c84fa94-04c1-424b-9868-57a2d4851a1d" relativeResultsDirectory="57192593-538c-4b50-bd0f-6903e6ac951c" />
    <UnitTestResult executionId="52062e85-d29b-47e6-9755-7b5d0e3b98d3" testId="64b0134b-ebd0-fae9-7bd6-e6237d9640de" testName="StartAndCloseAll_StartsAllClientsStarted_WhenLoggedOutAndClosesThem" computerName="DKSR-EFI-06" duration="00:00:00.7462279" startTime="2024-01-09T15:45:04.0137482+01:00" endTime="2024-01-09T15:45:04.7637480+01:00" testType="13cdc9d9-ddb5-4fa4-a97d-d965ccfc6d4b" outcome="Passed" testListId="8c84fa94-04c1-424b-9868-57a2d4851a1d" relativeResultsDirectory="52062e85-d29b-47e6-9755-7b5d0e3b98d3" />
    <UnitTestResult executionId="215ba29e-edbf-446b-9fb0-cb4dd34f7eff" testId="c64e7bd8-cb07-f721-64bb-ea14df3c64c6" testName="IsValid_ShouldBeSetToFalse_WhenBoundingBoxIsMissing" computerName="DKSR-EFI-06" duration="00:00:00.0016837" startTime="2024-01-09T15:45:03.4200378+01:00" endTime="2024-01-09T15:45:03.4200378+01:00" testType="13cdc9d9-ddb5-4fa4-a97d-d965ccfc6d4b" outcome="Passed" testListId="8c84fa94-04c1-424b-9868-57a2d4851a1d" relativeResultsDirectory="215ba29e-edbf-446b-9fb0-cb4dd34f7eff" />
    <UnitTestResult executionId="a0998dac-7a96-4162-92d7-072aa01797f2" testId="1527d9bd-270b-3515-ebaa-bce4928c6e69" testName="Items_NullChildItem_ItemNotShown" computerName="DKSR-EFI-06" duration="00:00:00.0191419" startTime="2024-01-09T15:44:55.9043634+01:00" endTime="2024-01-09T15:44:55.9356141+01:00" testType="13cdc9d9-ddb5-4fa4-a97d-d965ccfc6d4b" outcome="Passed" testListId="8c84fa94-04c1-424b-9868-57a2d4851a1d" relativeResultsDirectory="a0998dac-7a96-4162-92d7-072aa01797f2" />
    <UnitTestResult executionId="51bc9104-99b1-428c-93b9-f7a8f568f190" testId="52804f86-16d4-c4e7-0a3e-5434b8ef0f30" testName="WriteXml_ShouldWriteElements_WhenTheyHaveValues" computerName="DKSR-EFI-06" duration="00:00:00.0005774" startTime="2024-01-09T15:45:03.0918701+01:00" endTime="2024-01-09T15:45:03.0918701+01:00" testType="13cdc9d9-ddb5-4fa4-a97d-d965ccfc6d4b" outcome="Passed" testListId="8c84fa94-04c1-424b-9868-57a2d4851a1d" relativeResultsDirectory="51bc9104-99b1-428c-93b9-f7a8f568f190" />
    <UnitTestResult executionId="0233e71b-1319-4324-a193-70d4209ddfc7" testId="74b12ceb-cf40-5593-824a-dd52f181db32" testName="Serialize_TestCases (Verify root Collection (not empty) property get property value)" computerName="DKSR-EFI-06" duration="00:00:00.0059584" startTime="2024-01-09T15:44:59.3887518+01:00" endTime="2024-01-09T15:44:59.3887518+01:00" testType="13cdc9d9-ddb5-4fa4-a97d-d965ccfc6d4b" outcome="Passed" testListId="8c84fa94-04c1-424b-9868-57a2d4851a1d" relativeResultsDirectory="0233e71b-1319-4324-a193-70d4209ddfc7" />
    <UnitTestResult executionId="ff17e31f-dc0f-4ec3-b02b-5dc9bccb8e07" testId="9be33bba-634e-2cc5-910a-418012d1f19f" testName="SearializePlusDeserialize_ComplexObject_ShouldResultInSameString" computerName="DKSR-EFI-06" duration="00:00:00.0013053" startTime="2024-01-09T15:45:01.7324934+01:00" endTime="2024-01-09T15:45:01.7324934+01:00" testType="13cdc9d9-ddb5-4fa4-a97d-d965ccfc6d4b" outcome="Passed" testListId="8c84fa94-04c1-424b-9868-57a2d4851a1d" relativeResultsDirectory="ff17e31f-dc0f-4ec3-b02b-5dc9bccb8e07" />
    <UnitTestResult executionId="0b365f1a-a695-41f2-b6ae-03a8f8787d1d" testId="d7fd79fb-6017-05e3-7fad-2f657bb1971e" testName="TestMultiLevelQueue_OneLevel_IdleResourceProcessorReused_Success" computerName="DKSR-EFI-06" duration="00:00:00.2238788" startTime="2024-01-09T15:44:48.5605980+01:00" endTime="2024-01-09T15:44:48.7793475+01:00" testType="13cdc9d9-ddb5-4fa4-a97d-d965ccfc6d4b" outcome="Passed" testListId="8c84fa94-04c1-424b-9868-57a2d4851a1d" relativeResultsDirectory="0b365f1a-a695-41f2-b6ae-03a8f8787d1d" />
    <UnitTestResult executionId="5fe8e76e-623c-4cf2-b66e-ef87518685ae" testId="b033676b-8032-936f-8e94-1ff7304e27d8" testName="Construction_ParamNullCheck" computerName="DKSR-EFI-06" duration="00:00:00.0006502" startTime="2024-01-09T15:45:01.7324934+01:00" endTime="2024-01-09T15:45:01.7324934+01:00" testType="13cdc9d9-ddb5-4fa4-a97d-d965ccfc6d4b" outcome="Passed" testListId="8c84fa94-04c1-424b-9868-57a2d4851a1d" relativeResultsDirectory="5fe8e76e-623c-4cf2-b66e-ef87518685ae" />
    <UnitTestResult executionId="c432b54e-5826-4968-9b5a-d929a1164435" testId="10efcc98-720a-6a51-bddb-12631de34c03" testName="Minimize_ShouldReturnOneInterval_WhenListContainsOneInterval" computerName="DKSR-EFI-06" duration="00:00:00.0085127" startTime="2024-01-09T15:44:43.9355814+01:00" endTime="2024-01-09T15:44:43.9355814+01:00" testType="13cdc9d9-ddb5-4fa4-a97d-d965ccfc6d4b" outcome="Passed" testListId="8c84fa94-04c1-424b-9868-57a2d4851a1d" relativeResultsDirectory="c432b54e-5826-4968-9b5a-d929a1164435" />
    <UnitTestResult executionId="7b95ab97-f98f-49ac-9783-ae2f2b2d1272" testId="0d6a360b-80b2-0c9f-819e-6ddc1b403d2d" testName="ReadXml_ShouldReadOnvifClassContents_WhenClassIsPresent" computerName="DKSR-EFI-06" duration="00:00:00.0015955" startTime="2024-01-09T15:45:02.2793693+01:00" endTime="2024-01-09T15:45:02.2793693+01:00" testType="13cdc9d9-ddb5-4fa4-a97d-d965ccfc6d4b" outcome="Passed" testListId="8c84fa94-04c1-424b-9868-57a2d4851a1d" relativeResultsDirectory="7b95ab97-f98f-49ac-9783-ae2f2b2d1272" />
    <UnitTestResult executionId="d9f6b47c-9348-4d97-b1cb-272efe4b4682" testId="b05d6f18-6593-4fdf-8277-2d819867e350" testName="GenerateDeviceCapabilityParameters_ShouldWriteTypeDisplayName_WhenAlways" computerName="DKSR-EFI-06" duration="00:00:00.0007429" startTime="2024-01-09T15:45:05.4356277+01:00" endTime="2024-01-09T15:45:05.4356277+01:00" testType="13cdc9d9-ddb5-4fa4-a97d-d965ccfc6d4b" outcome="Passed" testListId="8c84fa94-04c1-424b-9868-57a2d4851a1d" relativeResultsDirectory="d9f6b47c-9348-4d97-b1cb-272efe4b4682" />
    <UnitTestResult executionId="3e375580-d373-4617-b0e9-cff73615969d" testId="897d70f0-e357-0848-3b55-d93cbcae3720" testName="Equals_Fail_OnObjectString" computerName="DKSR-EFI-06" duration="00:00:00.0004491" startTime="2024-01-09T15:44:29.8105628+01:00" endTime="2024-01-09T15:44:29.8105628+01:00" testType="13cdc9d9-ddb5-4fa4-a97d-d965ccfc6d4b" outcome="Passed" testListId="8c84fa94-04c1-424b-9868-57a2d4851a1d" relativeResultsDirectory="3e375580-d373-4617-b0e9-cff73615969d" />
    <UnitTestResult executionId="dcd3b83a-948a-4be2-a4cc-38d481364ab6" testId="3971c5d8-7ad8-4707-9b53-e6a041a0b2f8" testName="ToString_Succcess" computerName="DKSR-EFI-06" duration="00:00:00.0135431" startTime="2024-01-09T15:44:31.7011854+01:00" endTime="2024-01-09T15:44:31.7011854+01:00" testType="13cdc9d9-ddb5-4fa4-a97d-d965ccfc6d4b" outcome="Passed" testListId="8c84fa94-04c1-424b-9868-57a2d4851a1d" relativeResultsDirectory="dcd3b83a-948a-4be2-a4cc-38d481364ab6" />
    <UnitTestResult executionId="756a95f2-d3e0-45ff-9492-d26b77653b53" testId="520094b8-4b75-11e8-c310-4fbb0ad15d04" testName="ReadXml_ShouldReadHorizontalAccuracy_WhenHorizontalAccuracyIsPresent" computerName="DKSR-EFI-06" duration="00:00:00.0002973" startTime="2024-01-09T15:45:03.0762459+01:00" endTime="2024-01-09T15:45:03.0762459+01:00" testType="13cdc9d9-ddb5-4fa4-a97d-d965ccfc6d4b" outcome="Passed" testListId="8c84fa94-04c1-424b-9868-57a2d4851a1d" relativeResultsDirectory="756a95f2-d3e0-45ff-9492-d26b77653b53" />
    <UnitTestResult executionId="2d00edd4-c61e-4bc8-a5ec-165487f22f1e" testId="b9119b3f-c5c3-480d-71eb-f7bd5475dbde" testName="ReadXml_ShouldNotSetIsIdle_WhenIdleElementIsPresentWithWrongNamespace" computerName="DKSR-EFI-06" duration="00:00:00.0003112" startTime="2024-01-09T15:45:02.3731200+01:00" endTime="2024-01-09T15:45:02.3731200+01:00" testType="13cdc9d9-ddb5-4fa4-a97d-d965ccfc6d4b" outcome="Passed" testListId="8c84fa94-04c1-424b-9868-57a2d4851a1d" relativeResultsDirectory="2d00edd4-c61e-4bc8-a5ec-165487f22f1e" />
    <UnitTestResult executionId="4a68694b-d462-4992-bf5e-f2651a63ac37" testId="beb002c5-eb95-8910-8bc5-4aa180fe028d" testName="IsValid_ShouldReturnFalse_WhenLikelihoodIsZero" computerName="DKSR-EFI-06" duration="00:00:00.0009955" startTime="2024-01-09T15:45:02.4356175+01:00" endTime="2024-01-09T15:45:02.4356175+01:00" testType="13cdc9d9-ddb5-4fa4-a97d-d965ccfc6d4b" outcome="Passed" testListId="8c84fa94-04c1-424b-9868-57a2d4851a1d" relativeResultsDirectory="4a68694b-d462-4992-bf5e-f2651a63ac37" />
    <UnitTestResult executionId="f9f64aea-b5f9-4932-86ac-7209b35c2c31" testId="68414986-0a7e-03e0-b752-7222fdf120b2" testName="ReadXml_ShouldIgnoreUnknownAttributes_WhenAlways" computerName="DKSR-EFI-06" duration="00:00:00.0007275" startTime="2024-01-09T15:45:03.6074976+01:00" endTime="2024-01-09T15:45:03.6074976+01:00" testType="13cdc9d9-ddb5-4fa4-a97d-d965ccfc6d4b" outcome="Passed" testListId="8c84fa94-04c1-424b-9868-57a2d4851a1d" relativeResultsDirectory="f9f64aea-b5f9-4932-86ac-7209b35c2c31" />
    <UnitTestResult executionId="23298aa2-c28e-4a39-8d19-2a3409fa3930" testId="04c35346-28ec-f782-fc3a-52a05938a62a" testName="TestCancelSearch_NoSearchToCancel_Success" computerName="DKSR-EFI-06" duration="00:00:00.0010175" startTime="2024-01-09T15:45:00.4356321+01:00" endTime="2024-01-09T15:45:00.4356321+01:00" testType="13cdc9d9-ddb5-4fa4-a97d-d965ccfc6d4b" outcome="Passed" testListId="8c84fa94-04c1-424b-9868-57a2d4851a1d" relativeResultsDirectory="23298aa2-c28e-4a39-8d19-2a3409fa3930" />
    <UnitTestResult executionId="b559a888-3075-48f8-a845-382270cbc2be" testId="f078252f-e622-661e-c5dc-189c04c6d312" testName="Init_ShouldDisconnectImageExporter_OnSecondInit" computerName="DKSR-EFI-06" duration="00:00:00.0084780" startTime="2024-01-09T15:45:05.7950031+01:00" endTime="2024-01-09T15:45:05.7950031+01:00" testType="13cdc9d9-ddb5-4fa4-a97d-d965ccfc6d4b" outcome="Passed" testListId="8c84fa94-04c1-424b-9868-57a2d4851a1d" relativeResultsDirectory="b559a888-3075-48f8-a845-382270cbc2be" />
    <UnitTestResult executionId="5b58e30a-184b-4ccc-97bf-f6a36149ce14" testId="e752bd23-b6f4-f8a1-41d2-4686827d5d3c" testName="ReadXml_ShouldReadLikeliHood_WhenCorrectLikelihoodIsPresent" computerName="DKSR-EFI-06" duration="00:00:00.0003337" startTime="2024-01-09T15:45:02.4668686+01:00" endTime="2024-01-09T15:45:02.4668686+01:00" testType="13cdc9d9-ddb5-4fa4-a97d-d965ccfc6d4b" outcome="Passed" testListId="8c84fa94-04c1-424b-9868-57a2d4851a1d" relativeResultsDirectory="5b58e30a-184b-4ccc-97bf-f6a36149ce14" />
    <UnitTestResult executionId="23a5663a-b222-4df9-a674-ff329d502cbd" testId="13638f31-b7e4-af7e-235e-95a40f773cc3" testName="TestStartSearch_SortOrderSpecified_Success" computerName="DKSR-EFI-06" duration="00:00:00.0042173" startTime="2024-01-09T15:45:00.3262592+01:00" endTime="2024-01-09T15:45:00.3262592+01:00" testType="13cdc9d9-ddb5-4fa4-a97d-d965ccfc6d4b" outcome="Passed" testListId="8c84fa94-04c1-424b-9868-57a2d4851a1d" relativeResultsDirectory="23a5663a-b222-4df9-a674-ff329d502cbd" />
    <UnitTestResult executionId="bfdbd58c-a482-41ca-b2c1-0139df0d5a53" testId="16b9cd71-246d-5b51-e461-fdc7db24fde9" testName="JoinString_When2Levels_Joins" computerName="DKSR-EFI-06" duration="00:00:00.0031246" startTime="2024-01-09T15:44:43.7949563+01:00" endTime="2024-01-09T15:44:43.7949563+01:00" testType="13cdc9d9-ddb5-4fa4-a97d-d965ccfc6d4b" outcome="Passed" testListId="8c84fa94-04c1-424b-9868-57a2d4851a1d" relativeResultsDirectory="bfdbd58c-a482-41ca-b2c1-0139df0d5a53" />
    <UnitTestResult executionId="f6898750-4a48-4e6b-8ec3-8592e3937244" testId="cacda86d-f0f9-0934-0ba5-b96987330f36" testName="GenerateDeviceCapabilityParameters_ShouldWriteDefaultValue_WhenAlways" computerName="DKSR-EFI-06" duration="00:00:00.0005936" startTime="2024-01-09T15:45:05.2325032+01:00" endTime="2024-01-09T15:45:05.2325032+01:00" testType="13cdc9d9-ddb5-4fa4-a97d-d965ccfc6d4b" outcome="Passed" testListId="8c84fa94-04c1-424b-9868-57a2d4851a1d" relativeResultsDirectory="f6898750-4a48-4e6b-8ec3-8592e3937244" />
    <UnitTestResult executionId="cbc9cc3d-e18b-4bfb-8764-8af58675de6a" testId="cf73c26e-47e0-f1da-1e09-63167f3a5e47" testName="InstanceGet_Success" computerName="DKSR-EFI-06" duration="00:00:00.0037315" startTime="2024-01-09T15:45:00.8106320+01:00" endTime="2024-01-09T15:45:00.8262584+01:00" testType="13cdc9d9-ddb5-4fa4-a97d-d965ccfc6d4b" outcome="Passed" testListId="8c84fa94-04c1-424b-9868-57a2d4851a1d" relativeResultsDirectory="cbc9cc3d-e18b-4bfb-8764-8af58675de6a" />
    <UnitTestResult executionId="1ea96a09-a7fd-42da-a916-43ca12b8d78a" testId="6fe02979-6afc-53d3-587b-e4a584169c47" testName="SplitString_When2Levels_Splits" computerName="DKSR-EFI-06" duration="00:00:00.0526826" startTime="2024-01-09T15:44:43.7949563+01:00" endTime="2024-01-09T15:44:43.8574551+01:00" testType="13cdc9d9-ddb5-4fa4-a97d-d965ccfc6d4b" outcome="Passed" testListId="8c84fa94-04c1-424b-9868-57a2d4851a1d" relativeResultsDirectory="1ea96a09-a7fd-42da-a916-43ca12b8d78a" />
    <UnitTestResult executionId="d82ca49a-055d-476f-b7c5-e644360f389f" testId="a298570a-a341-d8e8-abe3-7f25184c2524" testName="ParameterConstruct4_FieldValues_Checked" computerName="DKSR-EFI-06" duration="00:00:00.0028490" startTime="2024-01-09T15:44:29.6543101+01:00" endTime="2024-01-09T15:44:29.6699405+01:00" testType="13cdc9d9-ddb5-4fa4-a97d-d965ccfc6d4b" outcome="Passed" testListId="8c84fa94-04c1-424b-9868-57a2d4851a1d" relativeResultsDirectory="d82ca49a-055d-476f-b7c5-e644360f389f" />
    <UnitTestResult executionId="721d0dfd-e85f-4046-a3f4-8141a342e90e" testId="00715417-bfa4-4e4b-edec-0ca28f2d4417" testName="ReadXml_ShouldReadCenterOfGravity_WhenCenterOfGravityIsPresent" computerName="DKSR-EFI-06" duration="00:00:00.0008429" startTime="2024-01-09T15:45:03.4512473+01:00" endTime="2024-01-09T15:45:03.4512473+01:00" testType="13cdc9d9-ddb5-4fa4-a97d-d965ccfc6d4b" outcome="Passed" testListId="8c84fa94-04c1-424b-9868-57a2d4851a1d" relativeResultsDirectory="721d0dfd-e85f-4046-a3f4-8141a342e90e" />
    <UnitTestResult executionId="9b3ef51e-7453-4721-96c7-5ad299ee4d89" testId="3d2f83cf-7ffc-636c-c571-d10ae35f205f" testName="Serialize_TestCases (Verify root Object (null) property)" computerName="DKSR-EFI-06" duration="00:00:00.0002537" startTime="2024-01-09T15:44:59.3575002+01:00" endTime="2024-01-09T15:44:59.3575002+01:00" testType="13cdc9d9-ddb5-4fa4-a97d-d965ccfc6d4b" outcome="Passed" testListId="8c84fa94-04c1-424b-9868-57a2d4851a1d" relativeResultsDirectory="9b3ef51e-7453-4721-96c7-5ad299ee4d89" />
    <UnitTestResult executionId="06898d75-4166-4cc8-8b54-c760b4e35e4d" testId="2b2cdfa0-61df-f232-7682-12c2c86c587b" testName="Equals_ShouldHaveValueSemantics_WhenAlways" computerName="DKSR-EFI-06" duration="00:00:00.0004267" startTime="2024-01-09T15:45:03.6543731+01:00" endTime="2024-01-09T15:45:03.6543731+01:00" testType="13cdc9d9-ddb5-4fa4-a97d-d965ccfc6d4b" outcome="Passed" testListId="8c84fa94-04c1-424b-9868-57a2d4851a1d" relativeResultsDirectory="06898d75-4166-4cc8-8b54-c760b4e35e4d" />
    <UnitTestResult executionId="7127d03a-b2e0-4d2d-b07b-3543d8083a9a" testId="3d56290e-3e3f-353b-dfc8-249444061e6c" testName="ReadXml_ShouldReadTransformationContents_WhenTransformationIsPresent" computerName="DKSR-EFI-06" duration="00:00:00.0010152" startTime="2024-01-09T15:45:02.7012453+01:00" endTime="2024-01-09T15:45:02.7012453+01:00" testType="13cdc9d9-ddb5-4fa4-a97d-d965ccfc6d4b" outcome="Passed" testListId="8c84fa94-04c1-424b-9868-57a2d4851a1d" relativeResultsDirectory="7127d03a-b2e0-4d2d-b07b-3543d8083a9a" />
    <UnitTestResult executionId="97089397-62f7-4540-a842-02752fc21b48" testId="6a188302-28d8-d1a3-63bb-96d48d07bffe" testName="Serialize_ShouldThrowException_WhenPropertyCollectionTypeButPathDoesNotIndicateCollection (CollectionEmptyListProperty)" computerName="DKSR-EFI-06" duration="00:00:00.0009376" startTime="2024-01-09T15:44:59.2637507+01:00" endTime="2024-01-09T15:44:59.2637507+01:00" testType="13cdc9d9-ddb5-4fa4-a97d-d965ccfc6d4b" outcome="Passed" testListId="8c84fa94-04c1-424b-9868-57a2d4851a1d" relativeResultsDirectory="97089397-62f7-4540-a842-02752fc21b48" />
    <UnitTestResult executionId="07b23e62-593d-4811-b96e-7141ac221e8e" testId="0fbb0657-5fcb-c22d-ba1e-66fc2f5570e3" testName="Minimize_ShouldReturnOneInterval_WhenListContainsThreeOverlappingIntervalsContainingEachOtherReversed" computerName="DKSR-EFI-06" duration="00:00:00.0006502" startTime="2024-01-09T15:44:43.9668313+01:00" endTime="2024-01-09T15:44:43.9668313+01:00" testType="13cdc9d9-ddb5-4fa4-a97d-d965ccfc6d4b" outcome="Passed" testListId="8c84fa94-04c1-424b-9868-57a2d4851a1d" relativeResultsDirectory="07b23e62-593d-4811-b96e-7141ac221e8e" />
    <UnitTestResult executionId="e0b5defc-69a3-4105-a599-bcde0a213191" testId="0fd657fb-3854-1b2f-0c0f-8cf8e1efee07" testName="SearchResultData_BeginTimeWithPadding_Success" computerName="DKSR-EFI-06" duration="00:00:00.0004996" startTime="2024-01-09T15:45:00.7950067+01:00" endTime="2024-01-09T15:45:00.7950067+01:00" testType="13cdc9d9-ddb5-4fa4-a97d-d965ccfc6d4b" outcome="Passed" testListId="8c84fa94-04c1-424b-9868-57a2d4851a1d" relativeResultsDirectory="e0b5defc-69a3-4105-a599-bcde0a213191" />
    <UnitTestResult executionId="5f6793a2-bdea-4e0b-b7d8-4ae9e8766ee1" testId="b82f6040-62f7-3594-e125-274383902f8c" testName="GetChildrenSorted_And_Check" computerName="DKSR-EFI-06" duration="00:00:00.2204958" startTime="2024-01-09T15:44:30.5449875+01:00" endTime="2024-01-09T15:44:30.7636886+01:00" testType="13cdc9d9-ddb5-4fa4-a97d-d965ccfc6d4b" outcome="Passed" testListId="8c84fa94-04c1-424b-9868-57a2d4851a1d" relativeResultsDirectory="5f6793a2-bdea-4e0b-b7d8-4ae9e8766ee1" />
    <UnitTestResult executionId="398becda-f689-4d14-baf0-d7f30f1e275a" testId="cb3227bb-d1a5-0c0d-9089-9f393e7c3688" testName="Constructor_ShouldThrowArgumentException_WhenModelIsWhiteSpaceOrEmpty" computerName="DKSR-EFI-06" duration="00:00:00.0004488" startTime="2024-01-09T15:45:05.2637510+01:00" endTime="2024-01-09T15:45:05.2637510+01:00" testType="13cdc9d9-ddb5-4fa4-a97d-d965ccfc6d4b" outcome="Passed" testListId="8c84fa94-04c1-424b-9868-57a2d4851a1d" relativeResultsDirectory="398becda-f689-4d14-baf0-d7f30f1e275a" />
    <UnitTestResult executionId="9bad70c9-267e-48d2-92e7-829e0be3f8d1" testId="81dd526f-aa99-4632-ea5a-436981f22beb" testName="Serialize_TestCases (TestParentTypeMatchEnumNotThisTypeMatched)" computerName="DKSR-EFI-06" duration="00:00:00.0003220" startTime="2024-01-09T15:44:59.4981266+01:00" endTime="2024-01-09T15:44:59.4981266+01:00" testType="13cdc9d9-ddb5-4fa4-a97d-d965ccfc6d4b" outcome="Passed" testListId="8c84fa94-04c1-424b-9868-57a2d4851a1d" relativeResultsDirectory="9bad70c9-267e-48d2-92e7-829e0be3f8d1" />
    <UnitTestResult executionId="aae5fdaf-46e5-4b3b-8774-89dff3d165dc" testId="4f197c17-4790-58f8-b53d-dcb8083dcd6a" testName="ReadXml_ShouldIgnoreLikelihood_WheLikelihoodIsPresenWithWrongNamespace" computerName="DKSR-EFI-06" duration="00:00:00.0003581" startTime="2024-01-09T15:45:02.4824943+01:00" endTime="2024-01-09T15:45:02.4824943+01:00" testType="13cdc9d9-ddb5-4fa4-a97d-d965ccfc6d4b" outcome="Passed" testListId="8c84fa94-04c1-424b-9868-57a2d4851a1d" relativeResultsDirectory="aae5fdaf-46e5-4b3b-8774-89dff3d165dc" />
    <UnitTestResult executionId="4d6377cc-4775-4c9b-9dfa-b847379edfaa" testId="eede4713-56bb-3d3c-3e2e-6a26dd039e2e" testName="Deserialize_Server_FieldValues_checked" computerName="DKSR-EFI-06" duration="00:00:00.0658660" startTime="2024-01-09T15:44:28.7636850+01:00" endTime="2024-01-09T15:44:29.4824351+01:00" testType="13cdc9d9-ddb5-4fa4-a97d-d965ccfc6d4b" outcome="Passed" testListId="8c84fa94-04c1-424b-9868-57a2d4851a1d" relativeResultsDirectory="4d6377cc-4775-4c9b-9dfa-b847379edfaa" />
    <UnitTestResult executionId="7967fa29-fa11-40d7-b076-7baeda9ffdde" testId="47ea98ad-fc0c-d34c-cfce-7d3c08a15e8d" testName="IsEmptyValue_DoubleRangeFilterValue_HighValueBelowMaximum_ReturnsFalse" computerName="DKSR-EFI-06" duration="00:00:00.0005861" startTime="2024-01-09T15:45:00.0450082+01:00" endTime="2024-01-09T15:45:00.0450082+01:00" testType="13cdc9d9-ddb5-4fa4-a97d-d965ccfc6d4b" outcome="Passed" testListId="8c84fa94-04c1-424b-9868-57a2d4851a1d" relativeResultsDirectory="7967fa29-fa11-40d7-b076-7baeda9ffdde" />
    <UnitTestResult executionId="4ad4d60e-da4e-457d-ad3f-3b6049b3f33a" testId="6efe46f6-24e8-324a-c841-828d4ce3c2fb" testName="WriteXml_ShouldWriteChildrenInCorrectOrder_WhenChildrenAreNotNull" computerName="DKSR-EFI-06" duration="00:00:00.0006891" startTime="2024-01-09T15:45:03.5137488+01:00" endTime="2024-01-09T15:45:03.5137488+01:00" testType="13cdc9d9-ddb5-4fa4-a97d-d965ccfc6d4b" outcome="Passed" testListId="8c84fa94-04c1-424b-9868-57a2d4851a1d" relativeResultsDirectory="4ad4d60e-da4e-457d-ad3f-3b6049b3f33a" />
    <UnitTestResult executionId="3bbdc3da-10c9-4076-86e3-491e523de25b" testId="07804473-e40a-283c-1bf0-1e8f6fcff5c4" testName="Ctor_WhitespaceName_Throws" computerName="DKSR-EFI-06" duration="00:00:00.0006485" startTime="2024-01-09T15:45:01.4356182+01:00" endTime="2024-01-09T15:45:01.4356182+01:00" testType="13cdc9d9-ddb5-4fa4-a97d-d965ccfc6d4b" outcome="Passed" testListId="8c84fa94-04c1-424b-9868-57a2d4851a1d" relativeResultsDirectory="3bbdc3da-10c9-4076-86e3-491e523de25b" />
    <UnitTestResult executionId="d087851e-7383-4e6c-8b6f-d19ea866beab" testId="2278707c-4cb1-7a76-66a2-6338bd3a574d" testName="Equals_ShouldHaveValueSemantics_Always" computerName="DKSR-EFI-06" duration="00:00:00.0004784" startTime="2024-01-09T15:45:02.5606187+01:00" endTime="2024-01-09T15:45:02.5606187+01:00" testType="13cdc9d9-ddb5-4fa4-a97d-d965ccfc6d4b" outcome="Passed" testListId="8c84fa94-04c1-424b-9868-57a2d4851a1d" relativeResultsDirectory="d087851e-7383-4e6c-8b6f-d19ea866beab" />
    <UnitTestResult executionId="1669f32b-36f1-409e-9f7d-0c7e97fb447a" testId="b43543d5-d01e-b4aa-3f27-43446c7c519e" testName="SearchResultData_EndTimeWithPadding_Success" computerName="DKSR-EFI-06" duration="00:00:00.0004880" startTime="2024-01-09T15:45:00.7950067+01:00" endTime="2024-01-09T15:45:00.7950067+01:00" testType="13cdc9d9-ddb5-4fa4-a97d-d965ccfc6d4b" outcome="Passed" testListId="8c84fa94-04c1-424b-9868-57a2d4851a1d" relativeResultsDirectory="1669f32b-36f1-409e-9f7d-0c7e97fb447a" />
    <UnitTestResult executionId="80398300-a406-4876-871d-9a0b883f0062" testId="98ff53fb-3b47-c43e-4b86-adf2da2fb797" testName="LoadedEvent_ShouldAddProxyManager_WhenFrameworkContentElementIsLoadedAtLaterStage" computerName="DKSR-EFI-06" duration="00:00:00.0032145" startTime="2024-01-09T15:44:59.7481279+01:00" endTime="2024-01-09T15:44:59.7637549+01:00" testType="13cdc9d9-ddb5-4fa4-a97d-d965ccfc6d4b" outcome="Passed" testListId="8c84fa94-04c1-424b-9868-57a2d4851a1d" relativeResultsDirectory="80398300-a406-4876-871d-9a0b883f0062" />
    <UnitTestResult executionId="30f0537a-6be0-40df-8a3b-05a3f4e4e926" testId="31d165a4-0514-1831-5c27-9754c33030c7" testName="CountByItems_Activated_Grace" computerName="DKSR-EFI-06" duration="00:00:00.0018050" startTime="2024-01-09T15:45:05.0449998+01:00" endTime="2024-01-09T15:45:05.0449998+01:00" testType="13cdc9d9-ddb5-4fa4-a97d-d965ccfc6d4b" outcome="Passed" testListId="8c84fa94-04c1-424b-9868-57a2d4851a1d" relativeResultsDirectory="30f0537a-6be0-40df-8a3b-05a3f4e4e926" />
    <UnitTestResult executionId="d854f400-5e09-4837-bff4-8fa4e7bb87c5" testId="47b928b9-6c48-7599-b49a-10b524a65d0b" testName="GetBegin_ShouldReturnNull_WhenThereIsNoData" computerName="DKSR-EFI-06" duration="00:00:00.0020305" startTime="2024-01-09T15:45:05.6075032+01:00" endTime="2024-01-09T15:45:05.6075032+01:00" testType="13cdc9d9-ddb5-4fa4-a97d-d965ccfc6d4b" outcome="Passed" testListId="8c84fa94-04c1-424b-9868-57a2d4851a1d" relativeResultsDirectory="d854f400-5e09-4837-bff4-8fa4e7bb87c5" />
    <UnitTestResult executionId="259e09e8-79fb-4913-9253-c6bc8a66953b" testId="2d11d0f1-64a8-482c-f6c9-1576aff1fea5" testName="MipItem_IconSource_Has_Value" computerName="DKSR-EFI-06" duration="00:00:00.0032388" startTime="2024-01-09T15:44:55.5293613+01:00" endTime="2024-01-09T15:44:55.5293613+01:00" testType="13cdc9d9-ddb5-4fa4-a97d-d965ccfc6d4b" outcome="Passed" testListId="8c84fa94-04c1-424b-9868-57a2d4851a1d" relativeResultsDirectory="259e09e8-79fb-4913-9253-c6bc8a66953b" />
    <UnitTestResult executionId="dee97888-2cc8-4d7b-8bef-8726010df186" testId="5e776647-f32b-7555-92cc-51ddf06fbbb5" testName="OnSearchResultsReady_NoEventHandler_DoesNotCrash" computerName="DKSR-EFI-06" duration="00:00:00.0055448" startTime="2024-01-09T15:44:59.9825021+01:00" endTime="2024-01-09T15:44:59.9825021+01:00" testType="13cdc9d9-ddb5-4fa4-a97d-d965ccfc6d4b" outcome="Passed" testListId="8c84fa94-04c1-424b-9868-57a2d4851a1d" relativeResultsDirectory="dee97888-2cc8-4d7b-8bef-8726010df186" />
    <UnitTestResult executionId="7b41c0a4-ce34-47c5-99a1-5537d36fa690" testId="d1e36374-9329-5797-656e-7f2208258af5" testName="Move_ShouldInvokeCallback_WhenObservable" computerName="DKSR-EFI-06" duration="00:00:00.0012259" startTime="2024-01-09T15:44:56.8262433+01:00" endTime="2024-01-09T15:44:56.8262433+01:00" testType="13cdc9d9-ddb5-4fa4-a97d-d965ccfc6d4b" outcome="Passed" testListId="8c84fa94-04c1-424b-9868-57a2d4851a1d" relativeResultsDirectory="7b41c0a4-ce34-47c5-99a1-5537d36fa690" />
    <UnitTestResult executionId="446b72ce-3a39-40dc-9f78-088eeb9b0c17" testId="52280e61-dcba-6f9b-6016-eff366e7d098" testName="Match_Success_SystemTypeStartMatch" computerName="DKSR-EFI-06" duration="00:00:00.0004057" startTime="2024-01-09T15:45:03.9043713+01:00" endTime="2024-01-09T15:45:03.9043713+01:00" testType="13cdc9d9-ddb5-4fa4-a97d-d965ccfc6d4b" outcome="Passed" testListId="8c84fa94-04c1-424b-9868-57a2d4851a1d" relativeResultsDirectory="446b72ce-3a39-40dc-9f78-088eeb9b0c17" />
    <UnitTestResult executionId="ccaf0db0-2bfd-43d2-ae55-2e8d20f88adc" testId="e2323074-11c2-8296-7476-af3cef44bb34" testName="ReadXml_ShouldLogWarningOnlyOnceWithinOneMinute_WhenElementErrorsAreDetected" computerName="DKSR-EFI-06" duration="00:00:00.0015736" startTime="2024-01-09T15:45:02.4981188+01:00" endTime="2024-01-09T15:45:02.4981188+01:00" testType="13cdc9d9-ddb5-4fa4-a97d-d965ccfc6d4b" outcome="Passed" testListId="8c84fa94-04c1-424b-9868-57a2d4851a1d" relativeResultsDirectory="ccaf0db0-2bfd-43d2-ae55-2e8d20f88adc" />
    <UnitTestResult executionId="4e84d87a-1a39-4967-92ac-e8f31b4c5161" testId="4ebf288a-b726-10f1-5f92-94533ac346f1" testName="SetCacheContents_ShuldSortEntriesAccordingToData_WhenAlways" computerName="DKSR-EFI-06" duration="00:00:00.0013112" startTime="2024-01-09T15:45:05.3106265+01:00" endTime="2024-01-09T15:45:05.3106265+01:00" testType="13cdc9d9-ddb5-4fa4-a97d-d965ccfc6d4b" outcome="Passed" testListId="8c84fa94-04c1-424b-9868-57a2d4851a1d" relativeResultsDirectory="4e84d87a-1a39-4967-92ac-e8f31b4c5161" />
    <UnitTestResult executionId="9833a999-538d-480b-a78d-8b717cf16568" testId="9aaf4622-5926-683b-8683-a0f59ca6a06c" testName="GetPropertiesAsync_FirstInvocationCancelled_DelegatedToInternalMethodOnce" computerName="DKSR-EFI-06" duration="00:00:00.0110234" startTime="2024-01-09T15:45:00.7012570+01:00" endTime="2024-01-09T15:45:00.7168824+01:00" testType="13cdc9d9-ddb5-4fa4-a97d-d965ccfc6d4b" outcome="Passed" testListId="8c84fa94-04c1-424b-9868-57a2d4851a1d" relativeResultsDirectory="9833a999-538d-480b-a78d-8b717cf16568" />
    <UnitTestResult executionId="180ae043-f920-45ac-b895-3807e88383c9" testId="dadc7e5e-3e0c-da11-a65f-57361b774307" testName="CountByItems_NotActivatedButWithCounter_Missing" computerName="DKSR-EFI-06" duration="00:00:00.0006760" startTime="2024-01-09T15:45:05.0137507+01:00" endTime="2024-01-09T15:45:05.0293752+01:00" testType="13cdc9d9-ddb5-4fa4-a97d-d965ccfc6d4b" outcome="Passed" testListId="8c84fa94-04c1-424b-9868-57a2d4851a1d" relativeResultsDirectory="180ae043-f920-45ac-b895-3807e88383c9" />
    <UnitTestResult executionId="cdc21e0e-9a1f-4451-837f-416b75018701" testId="d2d1d21b-c98b-721d-a336-85243335bc1f" testName="Populate_SearchTextSet_SearchFilter_False" computerName="DKSR-EFI-06" duration="00:00:00.0947383" startTime="2024-01-09T15:44:56.4824911+01:00" endTime="2024-01-09T15:44:56.5762424+01:00" testType="13cdc9d9-ddb5-4fa4-a97d-d965ccfc6d4b" outcome="Passed" testListId="8c84fa94-04c1-424b-9868-57a2d4851a1d" relativeResultsDirectory="cdc21e0e-9a1f-4451-837f-416b75018701" />
    <UnitTestResult executionId="d4a17a78-2050-490e-9507-fe063e45370d" testId="8afaf187-3d3c-e78b-824e-e769deeec2c9" testName="Constructor_ShouldThrowArgumentNullException_WhenDataIsNull" computerName="DKSR-EFI-06" duration="00:00:00.0021517" startTime="2024-01-09T15:45:02.7637458+01:00" endTime="2024-01-09T15:45:02.7637458+01:00" testType="13cdc9d9-ddb5-4fa4-a97d-d965ccfc6d4b" outcome="Passed" testListId="8c84fa94-04c1-424b-9868-57a2d4851a1d" relativeResultsDirectory="d4a17a78-2050-490e-9507-fe063e45370d" />
    <UnitTestResult executionId="b3896d21-6800-4b2e-9090-b52497f74784" testId="c0bd25d5-74fa-a92b-42e1-7e499486e888" testName="SetChildren_Set_And_Check" computerName="DKSR-EFI-06" duration="00:00:00.0418403" startTime="2024-01-09T15:44:30.3261875+01:00" endTime="2024-01-09T15:44:30.3730613+01:00" testType="13cdc9d9-ddb5-4fa4-a97d-d965ccfc6d4b" outcome="Passed" testListId="8c84fa94-04c1-424b-9868-57a2d4851a1d" relativeResultsDirectory="b3896d21-6800-4b2e-9090-b52497f74784" />
    <UnitTestResult executionId="033a4ddb-a9d9-4750-a8d1-f0b452ffadf3" testId="39e900e7-994b-131a-bce2-a45a9207a809" testName="ProvideValue_ShouldUseCompleteDataContextAsContent_WhenItemDataPropertyNameIsNotSet" computerName="DKSR-EFI-06" duration="00:00:00.9646398" startTime="2024-01-09T15:44:56.8418679+01:00" endTime="2024-01-09T15:44:57.8106222+01:00" testType="13cdc9d9-ddb5-4fa4-a97d-d965ccfc6d4b" outcome="Passed" testListId="8c84fa94-04c1-424b-9868-57a2d4851a1d" relativeResultsDirectory="033a4ddb-a9d9-4750-a8d1-f0b452ffadf3" />
    <UnitTestResult executionId="46192cd5-ed79-42a6-9092-c4380a006195" testId="6ce95987-243b-a23d-9b97-d2e2f2ba466c" testName="ProvideValue_ShouldUseContentTemplateFromTabControl_WhenItemContentTemplateIsCleared" computerName="DKSR-EFI-06" duration="00:00:00.0035687" startTime="2024-01-09T15:44:57.8418710+01:00" endTime="2024-01-09T15:44:57.8574966+01:00" testType="13cdc9d9-ddb5-4fa4-a97d-d965ccfc6d4b" outcome="Passed" testListId="8c84fa94-04c1-424b-9868-57a2d4851a1d" relativeResultsDirectory="46192cd5-ed79-42a6-9092-c4380a006195" />
    <UnitTestResult executionId="a3009796-46e5-42b4-a507-3c26246757c9" testId="b39f81fe-858b-c57c-9083-cb47ce15de87" testName="WriteMetadataXml_ShouldThrowArgumentNullException_WhenStreamOutputIsNull" computerName="DKSR-EFI-06" duration="00:00:00.0016350" startTime="2024-01-09T15:45:02.8887438+01:00" endTime="2024-01-09T15:45:02.8887438+01:00" testType="13cdc9d9-ddb5-4fa4-a97d-d965ccfc6d4b" outcome="Passed" testListId="8c84fa94-04c1-424b-9868-57a2d4851a1d" relativeResultsDirectory="a3009796-46e5-42b4-a507-3c26246757c9" />
    <UnitTestResult executionId="acb07de8-d5bb-417b-99c2-16dd90563eb8" testId="66298706-cc94-6c9f-0a35-7ab07950020d" testName="GetBegin_ShouldReturnNull_WhenToolkitReturnsResponseWithNullDataList" computerName="DKSR-EFI-06" duration="00:00:00.0016961" startTime="2024-01-09T15:45:05.5918775+01:00" endTime="2024-01-09T15:45:05.5918775+01:00" testType="13cdc9d9-ddb5-4fa4-a97d-d965ccfc6d4b" outcome="Passed" testListId="8c84fa94-04c1-424b-9868-57a2d4851a1d" relativeResultsDirectory="acb07de8-d5bb-417b-99c2-16dd90563eb8" />
    <UnitTestResult executionId="e3285e3b-b7cf-4a3b-9466-112e2f78db89" testId="7b3048fa-a67c-dc66-afa0-4a605a32dbf4" testName="GetBoundingShapesAsync_SingleInvocation_DelegatedToInternalMethod" computerName="DKSR-EFI-06" duration="00:00:00.0068287" startTime="2024-01-09T15:45:00.7325056+01:00" endTime="2024-01-09T15:45:00.7325056+01:00" testType="13cdc9d9-ddb5-4fa4-a97d-d965ccfc6d4b" outcome="Passed" testListId="8c84fa94-04c1-424b-9868-57a2d4851a1d" relativeResultsDirectory="e3285e3b-b7cf-4a3b-9466-112e2f78db89" />
    <UnitTestResult executionId="4bf2b540-ed41-4381-8947-f68f0d018ace" testId="d0ba50f6-c050-7856-3856-4bb2c3dada0c" testName="ReadXml_ShouldLogWarning_WhenTypeIsNotPresent" computerName="DKSR-EFI-06" duration="00:00:00.0014817" startTime="2024-01-09T15:45:02.4824943+01:00" endTime="2024-01-09T15:45:02.4824943+01:00" testType="13cdc9d9-ddb5-4fa4-a97d-d965ccfc6d4b" outcome="Passed" testListId="8c84fa94-04c1-424b-9868-57a2d4851a1d" relativeResultsDirectory="4bf2b540-ed41-4381-8947-f68f0d018ace" />
    <UnitTestResult executionId="09809469-2802-47c5-9ab8-345b3ad1b2c9" testId="9a2c2caa-e4e4-6aa8-3062-315f42f6a4ed" testName="SetCacheContents_ShuldInvalidateLastReturnedElementIndexSoGetNextAnd_WhenAlways" computerName="DKSR-EFI-06" duration="00:00:00.0005851" startTime="2024-01-09T15:45:05.3262508+01:00" endTime="2024-01-09T15:45:05.3262508+01:00" testType="13cdc9d9-ddb5-4fa4-a97d-d965ccfc6d4b" outcome="Passed" testListId="8c84fa94-04c1-424b-9868-57a2d4851a1d" relativeResultsDirectory="09809469-2802-47c5-9ab8-345b3ad1b2c9" />
    <UnitTestResult executionId="9cb16f8a-1f7a-4e44-93dc-83c58f42b730" testId="cbd53ab9-3037-bcc9-1b3c-c2cf3018f4d2" testName="GetItems_ShouldReturnNull_WhenUnknownKind" computerName="DKSR-EFI-06" duration="00:00:00.0005840" startTime="2024-01-09T15:44:33.7480588+01:00" endTime="2024-01-09T15:44:33.7480588+01:00" testType="13cdc9d9-ddb5-4fa4-a97d-d965ccfc6d4b" outcome="Passed" testListId="8c84fa94-04c1-424b-9868-57a2d4851a1d" relativeResultsDirectory="9cb16f8a-1f7a-4e44-93dc-83c58f42b730" />
    <UnitTestResult executionId="fbf017c4-3c9c-4871-ad55-5029d8f78f60" testId="6a35aa0d-9441-e9e5-f921-b7f637c9a652" testName="ReadXml_ShouldReadAllKnownElements_WhenMultipleElementsArePresent" computerName="DKSR-EFI-06" duration="00:00:00.0005579" startTime="2024-01-09T15:45:03.0918701+01:00" endTime="2024-01-09T15:45:03.0918701+01:00" testType="13cdc9d9-ddb5-4fa4-a97d-d965ccfc6d4b" outcome="Passed" testListId="8c84fa94-04c1-424b-9868-57a2d4851a1d" relativeResultsDirectory="fbf017c4-3c9c-4871-ad55-5029d8f78f60" />
    <UnitTestResult executionId="76842c94-7d67-4a75-a4eb-3c074915b625" testId="4b5c9b24-d906-a00f-3905-ed5f0c9f240a" testName="ReadXml_ShouldIgnoreTransformation_WhenTransformationIsPresenWithWrongNamespace" computerName="DKSR-EFI-06" duration="00:00:00.0002844" startTime="2024-01-09T15:45:02.2637436+01:00" endTime="2024-01-09T15:45:02.2637436+01:00" testType="13cdc9d9-ddb5-4fa4-a97d-d965ccfc6d4b" outcome="Passed" testListId="8c84fa94-04c1-424b-9868-57a2d4851a1d" relativeResultsDirectory="76842c94-7d67-4a75-a4eb-3c074915b625" />
    <UnitTestResult executionId="86e8e935-b1af-4cb1-a928-a82b5debfb1f" testId="d2eb1662-6b70-63d0-d71c-7f9ecf6fdd7d" testName="SearchResultData_TriggerTime_Success" computerName="DKSR-EFI-06" duration="00:00:00.0002275" startTime="2024-01-09T15:45:00.7793811+01:00" endTime="2024-01-09T15:45:00.7793811+01:00" testType="13cdc9d9-ddb5-4fa4-a97d-d965ccfc6d4b" outcome="Passed" testListId="8c84fa94-04c1-424b-9868-57a2d4851a1d" relativeResultsDirectory="86e8e935-b1af-4cb1-a928-a82b5debfb1f" />
    <UnitTestResult executionId="8342e5c0-340b-4a65-a501-f398212948e3" testId="372ab51f-8789-4af1-a4f9-77f4920b1bde" testName="WriteMetadataXmlWithStream_ShouldNotIncludeByteOrderMarker_WhenAlways" computerName="DKSR-EFI-06" duration="00:00:00.0021518" startTime="2024-01-09T15:45:02.9199946+01:00" endTime="2024-01-09T15:45:02.9199946+01:00" testType="13cdc9d9-ddb5-4fa4-a97d-d965ccfc6d4b" outcome="Passed" testListId="8c84fa94-04c1-424b-9868-57a2d4851a1d" relativeResultsDirectory="8342e5c0-340b-4a65-a501-f398212948e3" />
    <UnitTestResult executionId="d8e44371-4e1f-4378-85c5-74b54e3217f3" testId="447829a4-f86b-01dd-760a-c4052e1b005d" testName="OverlapsWith_ShouldReturnFalse_WhenArgumenStartIsEqualToEnd" computerName="DKSR-EFI-06" duration="00:00:00.0008603" startTime="2024-01-09T15:44:43.8887071+01:00" endTime="2024-01-09T15:44:43.9043410+01:00" testType="13cdc9d9-ddb5-4fa4-a97d-d965ccfc6d4b" outcome="Passed" testListId="8c84fa94-04c1-424b-9868-57a2d4851a1d" relativeResultsDirectory="d8e44371-4e1f-4378-85c5-74b54e3217f3" />
    <UnitTestResult executionId="b36c8fc2-1772-4c7f-b2b7-f4b57bb81da4" testId="a93da72c-b598-8e0b-050b-22cd8b6b16d6" testName="Serialize_TestCases (TestParentRecursiveTwoRecursiveElements)" computerName="DKSR-EFI-06" duration="00:00:00.0005674" startTime="2024-01-09T15:44:59.6700032+01:00" endTime="2024-01-09T15:44:59.6700032+01:00" testType="13cdc9d9-ddb5-4fa4-a97d-d965ccfc6d4b" outcome="Passed" testListId="8c84fa94-04c1-424b-9868-57a2d4851a1d" relativeResultsDirectory="b36c8fc2-1772-4c7f-b2b7-f4b57bb81da4" />
    <UnitTestResult executionId="033afba5-5e6e-47eb-a107-fe215770e099" testId="0479c184-1f1e-07e0-e9bf-b787331a6833" testName="WriteMetadataXml_ShouldThrowArgumentNullException_WhenMetadataIsNullWithStream" computerName="DKSR-EFI-06" duration="00:00:00.0006096" startTime="2024-01-09T15:45:02.9043699+01:00" endTime="2024-01-09T15:45:02.9043699+01:00" testType="13cdc9d9-ddb5-4fa4-a97d-d965ccfc6d4b" outcome="Passed" testListId="8c84fa94-04c1-424b-9868-57a2d4851a1d" relativeResultsDirectory="033afba5-5e6e-47eb-a107-fe215770e099" />
    <UnitTestResult executionId="dced699f-ea89-4437-b4a4-ebe3777cf411" testId="0668f627-8706-4ec9-03ec-e3e79b2c140f" testName="GenerateParameters_ShouldWriteResolutionList_WhenResolutionSetIsNotEmpty" computerName="DKSR-EFI-06" duration="00:00:00.0007102" startTime="2024-01-09T15:45:05.1700001+01:00" endTime="2024-01-09T15:45:05.1700001+01:00" testType="13cdc9d9-ddb5-4fa4-a97d-d965ccfc6d4b" outcome="Passed" testListId="8c84fa94-04c1-424b-9868-57a2d4851a1d" relativeResultsDirectory="dced699f-ea89-4437-b4a4-ebe3777cf411" />
    <UnitTestResult executionId="46968982-be9f-4a8c-abea-0ed7d256fa84" testId="a1e9cff9-0f40-6b4c-39ab-33d20cd8c823" testName="FindCacheEntryAfter_ShuldReturnNull_WhenTheCacheIsEmpty" computerName="DKSR-EFI-06" duration="00:00:00.0002759" startTime="2024-01-09T15:45:05.3262508+01:00" endTime="2024-01-09T15:45:05.3262508+01:00" testType="13cdc9d9-ddb5-4fa4-a97d-d965ccfc6d4b" outcome="Passed" testListId="8c84fa94-04c1-424b-9868-57a2d4851a1d" relativeResultsDirectory="46968982-be9f-4a8c-abea-0ed7d256fa84" />
    <UnitTestResult executionId="ee8e77d2-e72c-48ac-ab56-90a96bd29e5c" testId="3d5f10ab-1224-9509-ef72-ffed425cc301" testName="PropertiesShouldReturnConstructorParameter" computerName="DKSR-EFI-06" duration="00:00:00.0065247" startTime="2024-01-09T15:45:04.7793751+01:00" endTime="2024-01-09T15:45:04.7793751+01:00" testType="13cdc9d9-ddb5-4fa4-a97d-d965ccfc6d4b" outcome="Passed" testListId="8c84fa94-04c1-424b-9868-57a2d4851a1d" relativeResultsDirectory="ee8e77d2-e72c-48ac-ab56-90a96bd29e5c" />
    <UnitTestResult executionId="941330b6-afd1-4517-8707-8d9efcf178ed" testId="da9bdaf7-bb7b-c4ed-24c1-5ff24e912e57" testName="ReadXml_ShouldSetUtcTimeToMinimumDateTime_WhenUtcTimeAttributeIsPresentButNotParsable" computerName="DKSR-EFI-06" duration="00:00:00.0004316" startTime="2024-01-09T15:45:02.6699946+01:00" endTime="2024-01-09T15:45:02.6699946+01:00" testType="13cdc9d9-ddb5-4fa4-a97d-d965ccfc6d4b" outcome="Passed" testListId="8c84fa94-04c1-424b-9868-57a2d4851a1d" relativeResultsDirectory="941330b6-afd1-4517-8707-8d9efcf178ed" />
    <UnitTestResult executionId="9a3e5558-c35e-442e-911d-c293c0c476a3" testId="b789a227-1d2f-c14a-41cf-d52a7a553222" testName="CreateSearchResultUserControl_PluginReturnsNull_ReturnsNull" computerName="DKSR-EFI-06" duration="00:00:00.0253956" startTime="2024-01-09T15:45:00.8418825+01:00" endTime="2024-01-09T15:45:00.8575065+01:00" testType="13cdc9d9-ddb5-4fa4-a97d-d965ccfc6d4b" outcome="Passed" testListId="8c84fa94-04c1-424b-9868-57a2d4851a1d" relativeResultsDirectory="9a3e5558-c35e-442e-911d-c293c0c476a3" />
    <UnitTestResult executionId="5e238bea-7d3a-49ff-83a7-26fe117310df" testId="f5abc6e6-30fb-64d6-b653-e8776326ca87" testName="ReadXml_ShouldIgnoreUnknownExtensionChildren_WhenUnknownExtensionChildrenArePresent" computerName="DKSR-EFI-06" duration="00:00:00.0007126" startTime="2024-01-09T15:45:02.9668697+01:00" endTime="2024-01-09T15:45:02.9668697+01:00" testType="13cdc9d9-ddb5-4fa4-a97d-d965ccfc6d4b" outcome="Passed" testListId="8c84fa94-04c1-424b-9868-57a2d4851a1d" relativeResultsDirectory="5e238bea-7d3a-49ff-83a7-26fe117310df" />
    <UnitTestResult executionId="8b027893-3fe3-4449-9a9a-28028c0d5941" testId="468a7b03-b2a7-446e-1f1f-8f32f73da7b5" testName="Set_Int" computerName="DKSR-EFI-06" duration="00:00:00.0006820" startTime="2024-01-09T15:45:01.7949930+01:00" endTime="2024-01-09T15:45:01.7949930+01:00" testType="13cdc9d9-ddb5-4fa4-a97d-d965ccfc6d4b" outcome="Passed" testListId="8c84fa94-04c1-424b-9868-57a2d4851a1d" relativeResultsDirectory="8b027893-3fe3-4449-9a9a-28028c0d5941" />
    <UnitTestResult executionId="03e768a2-7e7a-4e2f-9f66-2b39a8d5b267" testId="080800ed-e6da-eef9-42ef-0179d68c4004" testName="SearchResultData_SameTitle_Success" computerName="DKSR-EFI-06" duration="00:00:00.0001657" startTime="2024-01-09T15:45:00.7793811+01:00" endTime="2024-01-09T15:45:00.7793811+01:00" testType="13cdc9d9-ddb5-4fa4-a97d-d965ccfc6d4b" outcome="Passed" testListId="8c84fa94-04c1-424b-9868-57a2d4851a1d" relativeResultsDirectory="03e768a2-7e7a-4e2f-9f66-2b39a8d5b267" />
    <UnitTestResult executionId="69cec794-530b-4c62-85dd-a0e1c3ab1c50" testId="92fdd030-3856-bf25-d99c-4aebc9a73c44" testName="GetPrevious_ShouldReturnEntryBeforeLastReturnedEntry_WhenFindCacheEntryAfterWasCalledAndThereIsAPreviousEntry" computerName="DKSR-EFI-06" duration="00:00:00.0005081" startTime="2024-01-09T15:45:05.3575019+01:00" endTime="2024-01-09T15:45:05.3575019+01:00" testType="13cdc9d9-ddb5-4fa4-a97d-d965ccfc6d4b" outcome="Passed" testListId="8c84fa94-04c1-424b-9868-57a2d4851a1d" relativeResultsDirectory="69cec794-530b-4c62-85dd-a0e1c3ab1c50" />
    <UnitTestResult executionId="7e58cd08-34c9-45bc-8892-eebc78f37369" testId="0604c1ff-5540-6793-d2f8-19a426df7742" testName="GetChildItems_ShouldReturnItems_WhenAllAreAdded" computerName="DKSR-EFI-06" duration="00:00:00.0015224" startTime="2024-01-09T15:44:33.7480588+01:00" endTime="2024-01-09T15:44:33.7636850+01:00" testType="13cdc9d9-ddb5-4fa4-a97d-d965ccfc6d4b" outcome="Passed" testListId="8c84fa94-04c1-424b-9868-57a2d4851a1d" relativeResultsDirectory="7e58cd08-34c9-45bc-8892-eebc78f37369" />
    <UnitTestResult executionId="c091347f-76c7-4a6e-a422-cb72491e3f50" testId="67a0e7c3-fd99-228f-3717-941a8f61eb9d" testName="GetNext_ShouldReturnEntryAfterLastReturnedEntry_WhenFindCacheEntryAfterWasCalledAndThereIsANextEntry" computerName="DKSR-EFI-06" duration="00:00:00.0005502" startTime="2024-01-09T15:45:05.3731246+01:00" endTime="2024-01-09T15:45:05.3731246+01:00" testType="13cdc9d9-ddb5-4fa4-a97d-d965ccfc6d4b" outcome="Passed" testListId="8c84fa94-04c1-424b-9868-57a2d4851a1d" relativeResultsDirectory="c091347f-76c7-4a6e-a422-cb72491e3f50" />
    <UnitTestResult executionId="52ee215d-422d-4752-8f47-7a9d070cc38b" testId="de470450-f311-009d-203e-62ec8452adf9" testName="ReadXml_ShouldLogWarning_WhenRequiredAttributeIsMissing" computerName="DKSR-EFI-06" duration="00:00:00.0015562" startTime="2024-01-09T15:45:03.4043712+01:00" endTime="2024-01-09T15:45:03.4043712+01:00" testType="13cdc9d9-ddb5-4fa4-a97d-d965ccfc6d4b" outcome="Passed" testListId="8c84fa94-04c1-424b-9868-57a2d4851a1d" relativeResultsDirectory="52ee215d-422d-4752-8f47-7a9d070cc38b" />
    <UnitTestResult executionId="7307c395-94ae-4394-bb61-2a55b2cb23f2" testId="d44d55cb-b29b-7590-3980-4d0ce2902600" testName="GetNearest_ShouldReturnLastElement_WhenTimestampIsSamesAsLastElement" computerName="DKSR-EFI-06" duration="00:00:00.0004672" startTime="2024-01-09T15:45:05.3887520+01:00" endTime="2024-01-09T15:45:05.3887520+01:00" testType="13cdc9d9-ddb5-4fa4-a97d-d965ccfc6d4b" outcome="Passed" testListId="8c84fa94-04c1-424b-9868-57a2d4851a1d" relativeResultsDirectory="7307c395-94ae-4394-bb61-2a55b2cb23f2" />
    <UnitTestResult executionId="dbeddcbc-e9e5-4d4f-a4f5-a54c7bfe7acb" testId="48e1001e-d788-4f1f-114b-b2f616ae9b17" testName="FindCacheEntryAfter_ShuldReturnNull_WhenThereAreNoEntriesAfterTheTimestamp" computerName="DKSR-EFI-06" duration="00:00:00.0004531" startTime="2024-01-09T15:45:05.3262508+01:00" endTime="2024-01-09T15:45:05.3262508+01:00" testType="13cdc9d9-ddb5-4fa4-a97d-d965ccfc6d4b" outcome="Passed" testListId="8c84fa94-04c1-424b-9868-57a2d4851a1d" relativeResultsDirectory="dbeddcbc-e9e5-4d4f-a4f5-a54c7bfe7acb" />
    <UnitTestResult executionId="be12bf94-7cdf-4852-b4e5-0dcea314dd6e" testId="c3f2a1aa-ab89-7f2c-6103-bf1d2150d50b" testName="Equals_ShouldHaveValueSemantics_Always" computerName="DKSR-EFI-06" duration="00:00:00.0003033" startTime="2024-01-09T15:45:02.9981192+01:00" endTime="2024-01-09T15:45:02.9981192+01:00" testType="13cdc9d9-ddb5-4fa4-a97d-d965ccfc6d4b" outcome="Passed" testListId="8c84fa94-04c1-424b-9868-57a2d4851a1d" relativeResultsDirectory="be12bf94-7cdf-4852-b4e5-0dcea314dd6e" />
    <UnitTestResult executionId="87a32455-4689-487a-a598-c718f919f518" testId="a53b6d0c-a89a-620c-77ca-f9530854f6a0" testName="ReadXml_ShouldLogWarning_WhenRequiredAttributeIsMissing" computerName="DKSR-EFI-06" duration="00:00:00.0011960" startTime="2024-01-09T15:45:02.6699946+01:00" endTime="2024-01-09T15:45:02.6857887+01:00" testType="13cdc9d9-ddb5-4fa4-a97d-d965ccfc6d4b" outcome="Passed" testListId="8c84fa94-04c1-424b-9868-57a2d4851a1d" relativeResultsDirectory="87a32455-4689-487a-a598-c718f919f518" />
    <UnitTestResult executionId="123118d6-c459-440d-80b0-0f6ce6a737fc" testId="1b922494-8fe6-7989-fdba-e8485055ed6f" testName="ServerIdWithHttpAsDefault_Construct_Success" computerName="DKSR-EFI-06" duration="00:00:00.0003977" startTime="2024-01-09T15:44:29.6855608+01:00" endTime="2024-01-09T15:44:29.6855608+01:00" testType="13cdc9d9-ddb5-4fa4-a97d-d965ccfc6d4b" outcome="Passed" testListId="8c84fa94-04c1-424b-9868-57a2d4851a1d" relativeResultsDirectory="123118d6-c459-440d-80b0-0f6ce6a737fc" />
    <UnitTestResult executionId="41f1dbb9-6138-48fe-8a60-336a3de00481" testId="96d51fc2-2cbe-e312-cc7e-6899f3431cc7" testName="ReadXml_ShouldLogWarningOnlyOnceWithinOneMinute_WhenRequiredAttributeIsMissing" computerName="DKSR-EFI-06" duration="00:00:00.0011907" startTime="2024-01-09T15:45:02.6857887+01:00" endTime="2024-01-09T15:45:02.6857887+01:00" testType="13cdc9d9-ddb5-4fa4-a97d-d965ccfc6d4b" outcome="Passed" testListId="8c84fa94-04c1-424b-9868-57a2d4851a1d" relativeResultsDirectory="41f1dbb9-6138-48fe-8a60-336a3de00481" />
    <UnitTestResult executionId="afc8907b-686e-43a8-aa49-2e6b591f7fad" testId="b393858d-872b-e354-eb53-3b8e5bbfc7bb" testName="Parse_String_WithBlankChars" computerName="DKSR-EFI-06" duration="00:00:00.0003302" startTime="2024-01-09T15:45:01.7793681+01:00" endTime="2024-01-09T15:45:01.7793681+01:00" testType="13cdc9d9-ddb5-4fa4-a97d-d965ccfc6d4b" outcome="Passed" testListId="8c84fa94-04c1-424b-9868-57a2d4851a1d" relativeResultsDirectory="afc8907b-686e-43a8-aa49-2e6b591f7fad" />
    <UnitTestResult executionId="4f5bc611-90fb-487b-8040-1b6b1ced9226" testId="c4e34f90-d96f-cb6b-4d8d-827e8345bbf0" testName="HostInitialized_ShouldNotInvokeCallback_WhenInitializedWithoutItems" computerName="DKSR-EFI-06" duration="00:00:00.0032958" startTime="2024-01-09T15:44:56.7949949+01:00" endTime="2024-01-09T15:44:56.8106195+01:00" testType="13cdc9d9-ddb5-4fa4-a97d-d965ccfc6d4b" outcome="Passed" testListId="8c84fa94-04c1-424b-9868-57a2d4851a1d" relativeResultsDirectory="4f5bc611-90fb-487b-8040-1b6b1ced9226" />
    <UnitTestResult executionId="8c9fed10-104f-4224-9ae4-c828797b77b9" testId="b6767da0-b71f-abbd-7405-75d592f9abf3" testName="RemoveFilterValue_OtherValuesPresent_Success" computerName="DKSR-EFI-06" duration="00:00:00.0022429" startTime="2024-01-09T15:44:59.9045457+01:00" endTime="2024-01-09T15:44:59.9045457+01:00" testType="13cdc9d9-ddb5-4fa4-a97d-d965ccfc6d4b" outcome="Passed" testListId="8c84fa94-04c1-424b-9868-57a2d4851a1d" relativeResultsDirectory="8c9fed10-104f-4224-9ae4-c828797b77b9" />
    <UnitTestResult executionId="df46089f-8178-4f78-9d56-75b1b746d9af" testId="440fa337-372a-ba98-a915-98a687b17d8a" testName="GenerateDeviceCapabilityParameters_ShouldWriteTypeId_WhenAlways" computerName="DKSR-EFI-06" duration="00:00:00.0008336" startTime="2024-01-09T15:45:05.4356277+01:00" endTime="2024-01-09T15:45:05.4356277+01:00" testType="13cdc9d9-ddb5-4fa4-a97d-d965ccfc6d4b" outcome="Passed" testListId="8c84fa94-04c1-424b-9868-57a2d4851a1d" relativeResultsDirectory="df46089f-8178-4f78-9d56-75b1b746d9af" />
    <UnitTestResult executionId="3761fd53-e51a-4776-982b-1f583d7fc6d0" testId="a4399397-799d-6dfc-9b5f-ebad40d25858" testName="MatchId_Success_SingleMessage" computerName="DKSR-EFI-06" duration="00:00:00.0011576" startTime="2024-01-09T15:45:03.7012492+01:00" endTime="2024-01-09T15:45:03.7012492+01:00" testType="13cdc9d9-ddb5-4fa4-a97d-d965ccfc6d4b" outcome="Passed" testListId="8c84fa94-04c1-424b-9868-57a2d4851a1d" relativeResultsDirectory="3761fd53-e51a-4776-982b-1f583d7fc6d0" />
    <UnitTestResult executionId="f2900990-3a8d-4a7c-ba22-a0e39fd8b8ce" testId="ff21f539-b1c4-45b1-9430-6096e4a5a3fd" testName="WriteXml_ShouldWriteClassCandidate_WhenThereIsOneClassCandidatePresent" computerName="DKSR-EFI-06" duration="00:00:00.0011442" startTime="2024-01-09T15:45:03.1543705+01:00" endTime="2024-01-09T15:45:03.1543705+01:00" testType="13cdc9d9-ddb5-4fa4-a97d-d965ccfc6d4b" outcome="Passed" testListId="8c84fa94-04c1-424b-9868-57a2d4851a1d" relativeResultsDirectory="f2900990-3a8d-4a7c-ba22-a0e39fd8b8ce" />
    <UnitTestResult executionId="4f02e22b-8791-459e-912f-dd5b58a1ed3c" testId="bd62b9df-9183-e39d-353c-d0a2ca44c2da" testName="Equals_IgnoreFolderType_Fail_OnKind" computerName="DKSR-EFI-06" duration="00:00:00.0005246" startTime="2024-01-09T15:44:29.7793130+01:00" endTime="2024-01-09T15:44:29.7793130+01:00" testType="13cdc9d9-ddb5-4fa4-a97d-d965ccfc6d4b" outcome="Passed" testListId="8c84fa94-04c1-424b-9868-57a2d4851a1d" relativeResultsDirectory="4f02e22b-8791-459e-912f-dd5b58a1ed3c" />
    <UnitTestResult executionId="f1cbaae2-cc85-4bca-88f3-5877821a696f" testId="9af02e3c-3f3d-0108-d5a6-719e3351c066" testName="Serialize_TestCases (TestParentTypeMatchInterfaceNotThisTypeNotMatchedProperty)" computerName="DKSR-EFI-06" duration="00:00:00.0008253" startTime="2024-01-09T15:44:59.6075028+01:00" endTime="2024-01-09T15:44:59.6075028+01:00" testType="13cdc9d9-ddb5-4fa4-a97d-d965ccfc6d4b" outcome="Passed" testListId="8c84fa94-04c1-424b-9868-57a2d4851a1d" relativeResultsDirectory="f1cbaae2-cc85-4bca-88f3-5877821a696f" />
    <UnitTestResult executionId="76b6fc54-aa7b-46dc-a9e5-741cb7cd257f" testId="b48b0061-7548-695a-aa72-eca672007f65" testName="ProvideValue_ShouldChangeContent_WhenItemDataPropertyNameChangesFromNullToValue" computerName="DKSR-EFI-06" duration="00:00:00.0020405" startTime="2024-01-09T15:44:57.8262487+01:00" endTime="2024-01-09T15:44:57.8262487+01:00" testType="13cdc9d9-ddb5-4fa4-a97d-d965ccfc6d4b" outcome="Passed" testListId="8c84fa94-04c1-424b-9868-57a2d4851a1d" relativeResultsDirectory="76b6fc54-aa7b-46dc-a9e5-741cb7cd257f" />
    <UnitTestResult executionId="079e600a-629a-4a5a-a074-da217b9375e9" testId="a153c326-c8c2-ed0c-505b-c62f56af9d14" testName="IsValid_ShouldReturnFalse_WhenLikelihoodIsMoreThanOne" computerName="DKSR-EFI-06" duration="00:00:00.0003935" startTime="2024-01-09T15:45:02.4356175+01:00" endTime="2024-01-09T15:45:02.4356175+01:00" testType="13cdc9d9-ddb5-4fa4-a97d-d965ccfc6d4b" outcome="Passed" testListId="8c84fa94-04c1-424b-9868-57a2d4851a1d" relativeResultsDirectory="079e600a-629a-4a5a-a074-da217b9375e9" />
    <UnitTestResult executionId="dc9ac841-8f15-47b5-ae8d-bf3d4a15cfaa" testId="c05a4d86-1b95-1726-01bd-7b1791261baa" testName="CountByCounter_Activated_Trial_Missing" computerName="DKSR-EFI-06" duration="00:00:00.0007315" startTime="2024-01-09T15:45:04.9981259+01:00" endTime="2024-01-09T15:45:05.0137507+01:00" testType="13cdc9d9-ddb5-4fa4-a97d-d965ccfc6d4b" outcome="Passed" testListId="8c84fa94-04c1-424b-9868-57a2d4851a1d" relativeResultsDirectory="dc9ac841-8f15-47b5-ae8d-bf3d4a15cfaa" />
    <UnitTestResult executionId="5c6acdf7-b61c-4671-b433-9f7cb17fc9f0" testId="4734c94a-3fa1-230a-c6b6-be41d0a9e285" testName="Serialize_TestCases (TestParentTypeMatchInterfaceThisTypeMatchedProperty)" computerName="DKSR-EFI-06" duration="00:00:00.0008422" startTime="2024-01-09T15:44:59.5918785+01:00" endTime="2024-01-09T15:44:59.5918785+01:00" testType="13cdc9d9-ddb5-4fa4-a97d-d965ccfc6d4b" outcome="Passed" testListId="8c84fa94-04c1-424b-9868-57a2d4851a1d" relativeResultsDirectory="5c6acdf7-b61c-4671-b433-9f7cb17fc9f0" />
    <UnitTestResult executionId="77de7fb3-0097-41bd-9a62-93f551be9d6a" testId="9a98835c-961c-47c7-7156-330b8e2ed1fa" testName="Parse_Double_Complex" computerName="DKSR-EFI-06" duration="00:00:00.0002927" startTime="2024-01-09T15:45:01.7637791+01:00" endTime="2024-01-09T15:45:01.7637791+01:00" testType="13cdc9d9-ddb5-4fa4-a97d-d965ccfc6d4b" outcome="Passed" testListId="8c84fa94-04c1-424b-9868-57a2d4851a1d" relativeResultsDirectory="77de7fb3-0097-41bd-9a62-93f551be9d6a" />
    <UnitTestResult executionId="f5a442ee-14a9-4a88-8f0b-9d841a49e71d" testId="f6984f1a-4523-b1ef-118a-5c1d7f7ca1aa" testName="GetIdFromPath_ShouldReturnEmptyString_WhenPathContainsEmptyId" computerName="DKSR-EFI-06" duration="00:00:00.0002346" startTime="2024-01-09T15:45:05.8887512+01:00" endTime="2024-01-09T15:45:05.8887512+01:00" testType="13cdc9d9-ddb5-4fa4-a97d-d965ccfc6d4b" outcome="Passed" testListId="8c84fa94-04c1-424b-9868-57a2d4851a1d" relativeResultsDirectory="f5a442ee-14a9-4a88-8f0b-9d841a49e71d" />
    <UnitTestResult executionId="31154594-e719-4ba8-ae83-6e67b3a8427b" testId="bef9c954-3a2d-3d83-b50d-cb24e577f8c7" testName="CreateSearchResultUserControl_NullConfiguration_ReturnsNull" computerName="DKSR-EFI-06" duration="00:00:00.0027185" startTime="2024-01-09T15:45:00.8262584+01:00" endTime="2024-01-09T15:45:00.8262584+01:00" testType="13cdc9d9-ddb5-4fa4-a97d-d965ccfc6d4b" outcome="Passed" testListId="8c84fa94-04c1-424b-9868-57a2d4851a1d" relativeResultsDirectory="31154594-e719-4ba8-ae83-6e67b3a8427b" />
    <UnitTestResult executionId="4d374ce6-1db0-40b6-9646-b97fed3b356d" testId="3164fb82-de29-8026-529f-6acf36741c8b" testName="Apply_ShouldDoNothing_WhenArgumentIsNull" computerName="DKSR-EFI-06" duration="00:00:00.0016451" startTime="2024-01-09T15:45:03.3106217+01:00" endTime="2024-01-09T15:45:03.3106217+01:00" testType="13cdc9d9-ddb5-4fa4-a97d-d965ccfc6d4b" outcome="Passed" testListId="8c84fa94-04c1-424b-9868-57a2d4851a1d" relativeResultsDirectory="4d374ce6-1db0-40b6-9646-b97fed3b356d" />
    <UnitTestResult executionId="fb8c1fa7-9975-4564-98fa-bdeff9ddbaa7" testId="bc7fb037-bc9e-3315-d38f-1aeba783be34" testName="GetFilterValues_MultipleValuesAdded_ReturnsValues" computerName="DKSR-EFI-06" duration="00:00:00.0012136" startTime="2024-01-09T15:44:59.9356285+01:00" endTime="2024-01-09T15:44:59.9356285+01:00" testType="13cdc9d9-ddb5-4fa4-a97d-d965ccfc6d4b" outcome="Passed" testListId="8c84fa94-04c1-424b-9868-57a2d4851a1d" relativeResultsDirectory="fb8c1fa7-9975-4564-98fa-bdeff9ddbaa7" />
    <UnitTestResult executionId="41ce5455-f580-45da-bba0-244584ef98fe" testId="1670e18f-0ede-c50f-6f9a-2ae6207f30db" testName="Given_Exception_When_When_NotMarkedWithSerializableAttribute_Then_Fail" computerName="DKSR-EFI-06" duration="00:00:00.0034897" startTime="2024-01-09T15:44:32.0918116+01:00" endTime="2024-01-09T15:44:32.0918116+01:00" testType="13cdc9d9-ddb5-4fa4-a97d-d965ccfc6d4b" outcome="Passed" testListId="8c84fa94-04c1-424b-9868-57a2d4851a1d" relativeResultsDirectory="41ce5455-f580-45da-bba0-244584ef98fe" />
    <UnitTestResult executionId="c9f31df3-047f-4255-a0bc-146eb4a61e80" testId="bc12b5e8-0d7d-7dd1-0756-b375b65700f8" testName="CountByItems_NotActivated_Expired_Missing" computerName="DKSR-EFI-06" duration="00:00:00.0008745" startTime="2024-01-09T15:45:05.0449998+01:00" endTime="2024-01-09T15:45:05.0449998+01:00" testType="13cdc9d9-ddb5-4fa4-a97d-d965ccfc6d4b" outcome="Passed" testListId="8c84fa94-04c1-424b-9868-57a2d4851a1d" relativeResultsDirectory="c9f31df3-047f-4255-a0bc-146eb4a61e80" />
    <UnitTestResult executionId="53ff113d-cb20-4807-8ce0-82dbec2fb7d4" testId="555e4b79-92bf-9342-267d-e971e8e557fa" testName="BuildOverlayWidthHeightBaseEvent_ShouldReturnCorrectSizedBitmap_WhenArgumentIsAnalyticsEvent" computerName="DKSR-EFI-06" duration="00:00:00.0224704" startTime="2024-01-09T15:44:32.5761852+01:00" endTime="2024-01-09T15:44:32.5918123+01:00" testType="13cdc9d9-ddb5-4fa4-a97d-d965ccfc6d4b" outcome="Passed" testListId="8c84fa94-04c1-424b-9868-57a2d4851a1d" relativeResultsDirectory="53ff113d-cb20-4807-8ce0-82dbec2fb7d4" />
    <UnitTestResult executionId="550981f4-c395-4052-a3dc-0c740657c32a" testId="40f611b9-74bd-86c9-77cc-098126b9a943" testName="Convert_SingleArgumentConverter_ShouldReturnConvertedValue_WhenArgumentMatches" computerName="DKSR-EFI-06" duration="00:00:00.0035930" startTime="2024-01-09T15:44:56.5762424+01:00" endTime="2024-01-09T15:44:56.5762424+01:00" testType="13cdc9d9-ddb5-4fa4-a97d-d965ccfc6d4b" outcome="Passed" testListId="8c84fa94-04c1-424b-9868-57a2d4851a1d" relativeResultsDirectory="550981f4-c395-4052-a3dc-0c740657c32a" />
    <UnitTestResult executionId="5ba13098-dd1e-44de-b446-38be2fcb12e6" testId="f2c9789b-ec5f-6518-f2c0-b2ab50a92288" testName="Enabled_Properties_With_Enable_Yes_success" computerName="DKSR-EFI-06" duration="00:00:00.0127546" startTime="2024-01-09T15:44:31.7480620+01:00" endTime="2024-01-09T15:44:31.7636868+01:00" testType="13cdc9d9-ddb5-4fa4-a97d-d965ccfc6d4b" outcome="Passed" testListId="8c84fa94-04c1-424b-9868-57a2d4851a1d" relativeResultsDirectory="5ba13098-dd1e-44de-b446-38be2fcb12e6" />
    <UnitTestResult executionId="af7eae90-1666-4bef-893d-9b44db2907c8" testId="7d577a3c-0602-a0a6-e9b5-1f43ff437a96" testName="GetAtOrBefore_ShouldReturnLastElement_WhenTimestampIsSameAsLastElement" computerName="DKSR-EFI-06" duration="00:00:00.0004981" startTime="2024-01-09T15:45:05.4200527+01:00" endTime="2024-01-09T15:45:05.4200527+01:00" testType="13cdc9d9-ddb5-4fa4-a97d-d965ccfc6d4b" outcome="Passed" testListId="8c84fa94-04c1-424b-9868-57a2d4851a1d" relativeResultsDirectory="af7eae90-1666-4bef-893d-9b44db2907c8" />
    <UnitTestResult executionId="31a2b445-7dcd-4677-81a2-bf94e19b5de2" testId="15cecd1c-3b58-a036-2736-cf341db03f0a" testName="ReadAppearanceExtensionXml_ShouldReadBoundingBoxLineThickness_WhenBoundingBoxLineThicknessIsPresent" computerName="DKSR-EFI-06" duration="00:00:00.0017632" startTime="2024-01-09T15:45:03.2949970+01:00" endTime="2024-01-09T15:45:03.2949970+01:00" testType="13cdc9d9-ddb5-4fa4-a97d-d965ccfc6d4b" outcome="Passed" testListId="8c84fa94-04c1-424b-9868-57a2d4851a1d" relativeResultsDirectory="31a2b445-7dcd-4677-81a2-bf94e19b5de2" />
    <UnitTestResult executionId="19d7ee92-80ed-4928-8e5c-a0bdc9b43b8a" testId="bc614819-04cb-60f8-8b25-b74350480ed8" testName="ReadXml_ShouldReadBoundingBox_WhenBoundingBoxIsPresent" computerName="DKSR-EFI-06" duration="00:00:00.0005988" startTime="2024-01-09T15:45:03.4356222+01:00" endTime="2024-01-09T15:45:03.4356222+01:00" testType="13cdc9d9-ddb5-4fa4-a97d-d965ccfc6d4b" outcome="Passed" testListId="8c84fa94-04c1-424b-9868-57a2d4851a1d" relativeResultsDirectory="19d7ee92-80ed-4928-8e5c-a0bdc9b43b8a" />
    <UnitTestResult executionId="da077a60-b5d3-4ae9-9dfd-65aaece5c2cc" testId="ba884d95-61a4-037b-ab6f-8704dd43240a" testName="WriteXml_ShouldWriteBehaviourContents_WhenBehaviourIsNotNullAndHasBehaviour" computerName="DKSR-EFI-06" duration="00:00:00.0011225" startTime="2024-01-09T15:45:03.2324980+01:00" endTime="2024-01-09T15:45:03.2324980+01:00" testType="13cdc9d9-ddb5-4fa4-a97d-d965ccfc6d4b" outcome="Passed" testListId="8c84fa94-04c1-424b-9868-57a2d4851a1d" relativeResultsDirectory="da077a60-b5d3-4ae9-9dfd-65aaece5c2cc" />
    <UnitTestResult executionId="4cafd8c3-0a1d-4ce6-a593-c368aca77b60" testId="ed1af3f1-e228-caa9-58c0-803083486581" testName="CreateSearchResultUserControl_MissingPlugin_ReturnsNull" computerName="DKSR-EFI-06" duration="00:00:00.0003785" startTime="2024-01-09T15:45:00.8262584+01:00" endTime="2024-01-09T15:45:00.8262584+01:00" testType="13cdc9d9-ddb5-4fa4-a97d-d965ccfc6d4b" outcome="Passed" testListId="8c84fa94-04c1-424b-9868-57a2d4851a1d" relativeResultsDirectory="4cafd8c3-0a1d-4ce6-a593-c368aca77b60" />
    <UnitTestResult executionId="738f7dea-2f57-460c-b2fc-917f8c332130" testId="ebd03c2f-6c76-bcbc-d996-078d887dfa19" testName="GenerateDeviceParameters_ShouldCallGenerateTypeDefinintionParametersWithCorrectPrefix_WhenThereAreTypeDefinitions" computerName="DKSR-EFI-06" duration="00:00:00.0016208" startTime="2024-01-09T15:45:05.4512504+01:00" endTime="2024-01-09T15:45:05.4512504+01:00" testType="13cdc9d9-ddb5-4fa4-a97d-d965ccfc6d4b" outcome="Passed" testListId="8c84fa94-04c1-424b-9868-57a2d4851a1d" relativeResultsDirectory="738f7dea-2f57-460c-b2fc-917f8c332130" />
    <UnitTestResult executionId="aecc4ad7-7d55-49f7-9628-28eda4e07604" testId="5a6e28a5-0456-0238-773c-6170fb1e4f85" testName="SetCacheContents_HandleEmptyList" computerName="DKSR-EFI-06" duration="00:00:00.0018865" startTime="2024-01-09T15:45:05.3106265+01:00" endTime="2024-01-09T15:45:05.3106265+01:00" testType="13cdc9d9-ddb5-4fa4-a97d-d965ccfc6d4b" outcome="Passed" testListId="8c84fa94-04c1-424b-9868-57a2d4851a1d" relativeResultsDirectory="aecc4ad7-7d55-49f7-9628-28eda4e07604" />
    <UnitTestResult executionId="e8a6638d-8803-4180-821a-ad6f5d73b8af" testId="af3c7f95-5484-075f-8f9e-acca11c99bc5" testName="GetNearest_ShouldReturnNearestData_WhenTimestampIsInMiddleOfDataReturnedFromToolkit" computerName="DKSR-EFI-06" duration="00:00:00.0028738" startTime="2024-01-09T15:45:05.7012533+01:00" endTime="2024-01-09T15:45:05.7012533+01:00" testType="13cdc9d9-ddb5-4fa4-a97d-d965ccfc6d4b" outcome="Passed" testListId="8c84fa94-04c1-424b-9868-57a2d4851a1d" relativeResultsDirectory="e8a6638d-8803-4180-821a-ad6f5d73b8af" />
    <UnitTestResult executionId="5940ae45-38d9-4ea1-b93e-4eb0b56a8e4b" testId="d2e27528-7e9c-f741-028a-9dd7eea4c92c" testName="Add_ShouldInvokeCallback_WhenObservable" computerName="DKSR-EFI-06" duration="00:00:00.0051171" startTime="2024-01-09T15:44:56.7637442+01:00" endTime="2024-01-09T15:44:56.7637442+01:00" testType="13cdc9d9-ddb5-4fa4-a97d-d965ccfc6d4b" outcome="Passed" testListId="8c84fa94-04c1-424b-9868-57a2d4851a1d" relativeResultsDirectory="5940ae45-38d9-4ea1-b93e-4eb0b56a8e4b" />
    <UnitTestResult executionId="efd6ee0a-d8f5-46d1-9b5c-6c5f50fec5b2" testId="86d87531-58b0-c805-e0a3-bb2bb5312580" testName="ProvideValue_ShouldUseSharedContentTemplate_WhenContentTemplateIsSetOnDropDown" computerName="DKSR-EFI-06" duration="00:00:00.0015287" startTime="2024-01-09T15:44:58.1074964+01:00" endTime="2024-01-09T15:44:58.1074964+01:00" testType="13cdc9d9-ddb5-4fa4-a97d-d965ccfc6d4b" outcome="Passed" testListId="8c84fa94-04c1-424b-9868-57a2d4851a1d" relativeResultsDirectory="efd6ee0a-d8f5-46d1-9b5c-6c5f50fec5b2" />
    <UnitTestResult executionId="886bd4f0-5e1a-4cdc-9211-e8f6720c8c9d" testId="e5b93c93-857a-cdf9-0341-1a0dd042c5e9" testName="ReadXml_ShouldReadShapeContents_WhenShapeIsPresent" computerName="DKSR-EFI-06" duration="00:00:00.0021387" startTime="2024-01-09T15:45:02.2481185+01:00" endTime="2024-01-09T15:45:02.2481185+01:00" testType="13cdc9d9-ddb5-4fa4-a97d-d965ccfc6d4b" outcome="Passed" testListId="8c84fa94-04c1-424b-9868-57a2d4851a1d" relativeResultsDirectory="886bd4f0-5e1a-4cdc-9211-e8f6720c8c9d" />
    <UnitTestResult executionId="75eb64af-af27-4b60-a21b-545cf7f9548a" testId="03519c29-5d68-745a-351e-45c267ad13e8" testName="CollectionReplaced_ShouldInvokeCallback_WhenNotObservable" computerName="DKSR-EFI-06" duration="00:00:00.0013581" startTime="2024-01-09T15:44:56.8418679+01:00" endTime="2024-01-09T15:44:56.8418679+01:00" testType="13cdc9d9-ddb5-4fa4-a97d-d965ccfc6d4b" outcome="Passed" testListId="8c84fa94-04c1-424b-9868-57a2d4851a1d" relativeResultsDirectory="75eb64af-af27-4b60-a21b-545cf7f9548a" />
    <UnitTestResult executionId="9ba440b2-b416-4dd0-b13c-9e122ba16ec6" testId="e5428f59-f644-25e4-cf44-58ef5b64f2ad" testName="Append_Property_Int" computerName="DKSR-EFI-06" duration="00:00:00.0004959" startTime="2024-01-09T15:45:01.6699922+01:00" endTime="2024-01-09T15:45:01.6699922+01:00" testType="13cdc9d9-ddb5-4fa4-a97d-d965ccfc6d4b" outcome="Passed" testListId="8c84fa94-04c1-424b-9868-57a2d4851a1d" relativeResultsDirectory="9ba440b2-b416-4dd0-b13c-9e122ba16ec6" />
    <UnitTestResult executionId="0bc928aa-8d65-493e-85fa-0662ed09fabe" testId="4b43a64c-589e-4267-f17d-15d04a909013" testName="Clone_Camera_Fails_Checked" computerName="DKSR-EFI-06" duration="00:00:00.0012427" startTime="2024-01-09T15:44:29.7324342+01:00" endTime="2024-01-09T15:44:29.7324342+01:00" testType="13cdc9d9-ddb5-4fa4-a97d-d965ccfc6d4b" outcome="Passed" testListId="8c84fa94-04c1-424b-9868-57a2d4851a1d" relativeResultsDirectory="0bc928aa-8d65-493e-85fa-0662ed09fabe" />
    <UnitTestResult executionId="c4839d2a-54dd-4820-9878-b1bb47559379" testId="a6df64d2-0698-ce92-fd77-5adbbae94068" testName="OnSearchResultsReady_NullArgument_SearchResultReadyEventNotFired" computerName="DKSR-EFI-06" duration="00:00:00.0006286" startTime="2024-01-09T15:44:59.9825021+01:00" endTime="2024-01-09T15:44:59.9825021+01:00" testType="13cdc9d9-ddb5-4fa4-a97d-d965ccfc6d4b" outcome="Passed" testListId="8c84fa94-04c1-424b-9868-57a2d4851a1d" relativeResultsDirectory="c4839d2a-54dd-4820-9878-b1bb47559379" />
    <UnitTestResult executionId="e5ea59da-edc6-45eb-a379-8a9e223fa9c0" testId="3363df9c-1686-e3c9-673a-c7382ed08e03" testName="Serialize_TestCases (TestParentTypeMatchInterfaceThisTypeNotMatched)" computerName="DKSR-EFI-06" duration="00:00:00.0007712" startTime="2024-01-09T15:44:59.5762522+01:00" endTime="2024-01-09T15:44:59.5918785+01:00" testType="13cdc9d9-ddb5-4fa4-a97d-d965ccfc6d4b" outcome="Passed" testListId="8c84fa94-04c1-424b-9868-57a2d4851a1d" relativeResultsDirectory="e5ea59da-edc6-45eb-a379-8a9e223fa9c0" />
    <UnitTestResult executionId="5438b280-8d68-4ec2-8a7d-a3d3f47e9518" testId="be949d2a-ee6c-7b88-443c-f49c565f328f" testName="ReadXml_ShouldIgnoreOnvifClass_WhenClassIsPresenWithWrongNamespace" computerName="DKSR-EFI-06" duration="00:00:00.0002872" startTime="2024-01-09T15:45:02.2793693+01:00" endTime="2024-01-09T15:45:02.2793693+01:00" testType="13cdc9d9-ddb5-4fa4-a97d-d965ccfc6d4b" outcome="Passed" testListId="8c84fa94-04c1-424b-9868-57a2d4851a1d" relativeResultsDirectory="5438b280-8d68-4ec2-8a7d-a3d3f47e9518" />
    <UnitTestResult executionId="f1a3d388-f69f-4bfa-9d87-f0810731ff35" testId="548fd08b-2d94-5257-d985-826bbe47bde9" testName="ReadXml_ShouldSetAllFieldsToNull_WhenElementIsEmpty" computerName="DKSR-EFI-06" duration="00:00:00.0149607" startTime="2024-01-09T15:45:02.1699950+01:00" endTime="2024-01-09T15:45:02.1856201+01:00" testType="13cdc9d9-ddb5-4fa4-a97d-d965ccfc6d4b" outcome="Passed" testListId="8c84fa94-04c1-424b-9868-57a2d4851a1d" relativeResultsDirectory="f1a3d388-f69f-4bfa-9d87-f0810731ff35" />
    <UnitTestResult executionId="89084607-358b-4c7a-bc92-f29429b22d31" testId="0bb9d93a-5004-9ba8-d379-d792df82598b" testName="CreateSearchResultUserControl_MultiplePlugins_Success" computerName="DKSR-EFI-06" duration="00:00:00.0046076" startTime="2024-01-09T15:45:01.2012440+01:00" endTime="2024-01-09T15:45:01.2012440+01:00" testType="13cdc9d9-ddb5-4fa4-a97d-d965ccfc6d4b" outcome="Passed" testListId="8c84fa94-04c1-424b-9868-57a2d4851a1d" relativeResultsDirectory="89084607-358b-4c7a-bc92-f29429b22d31" />
    <UnitTestResult executionId="8dc7c824-8ccc-417c-98ae-6cf95595785f" testId="cefaab9b-deca-50a1-cf53-bfd0f84b70d8" testName="Ctor_NullScope_Throws" computerName="DKSR-EFI-06" duration="00:00:00.0008924" startTime="2024-01-09T15:44:59.9668787+01:00" endTime="2024-01-09T15:44:59.9668787+01:00" testType="13cdc9d9-ddb5-4fa4-a97d-d965ccfc6d4b" outcome="Passed" testListId="8c84fa94-04c1-424b-9868-57a2d4851a1d" relativeResultsDirectory="8dc7c824-8ccc-417c-98ae-6cf95595785f" />
    <UnitTestResult executionId="b0c97f29-00a3-4b1a-836b-e195ef39071e" testId="f11fb068-5020-6fdd-64d4-9eae97e7b7c3" testName="GetBegin_ShouldReturnFirstMetadataContent_WhenThereIsData" computerName="DKSR-EFI-06" duration="00:00:00.0157203" startTime="2024-01-09T15:45:05.5762515+01:00" endTime="2024-01-09T15:45:05.5918775+01:00" testType="13cdc9d9-ddb5-4fa4-a97d-d965ccfc6d4b" outcome="Passed" testListId="8c84fa94-04c1-424b-9868-57a2d4851a1d" relativeResultsDirectory="b0c97f29-00a3-4b1a-836b-e195ef39071e" />
    <UnitTestResult executionId="19b83ed7-e3b8-4804-8025-4112cc4d831d" testId="efff1d09-1e9a-daae-f4fe-c57e4a154964" testName="GenerateGpsDevice_ShouldReturnDeviceWithCorrectTypes_WhenAlways" computerName="DKSR-EFI-06" duration="00:00:00.0041985" startTime="2024-01-09T15:45:05.4512504+01:00" endTime="2024-01-09T15:45:05.4512504+01:00" testType="13cdc9d9-ddb5-4fa4-a97d-d965ccfc6d4b" outcome="Passed" testListId="8c84fa94-04c1-424b-9868-57a2d4851a1d" relativeResultsDirectory="19b83ed7-e3b8-4804-8025-4112cc4d831d" />
    <UnitTestResult executionId="c2788579-ed5b-4372-94e7-18953d85ff76" testId="2106ce31-ab6d-dc05-4702-f8a1d8cb40da" testName="GenerateDeviceParameters_ShouldWriteCorrectQuality_WhenQualityIsInRange" computerName="DKSR-EFI-06" duration="00:00:00.0003810" startTime="2024-01-09T15:45:05.2012523+01:00" endTime="2024-01-09T15:45:05.2012523+01:00" testType="13cdc9d9-ddb5-4fa4-a97d-d965ccfc6d4b" outcome="Passed" testListId="8c84fa94-04c1-424b-9868-57a2d4851a1d" relativeResultsDirectory="c2788579-ed5b-4372-94e7-18953d85ff76" />
    <UnitTestResult executionId="d549b0b1-f5f0-4559-9283-aed683d37fca" testId="2575271e-e34f-00c6-8d80-4ebf0bf67d06" testName="ReadXml_ShouldReadAppearance_WhenAppearanceIsPresent" computerName="DKSR-EFI-06" duration="00:00:00.0002893" startTime="2024-01-09T15:45:03.1856224+01:00" endTime="2024-01-09T15:45:03.1856224+01:00" testType="13cdc9d9-ddb5-4fa4-a97d-d965ccfc6d4b" outcome="Passed" testListId="8c84fa94-04c1-424b-9868-57a2d4851a1d" relativeResultsDirectory="d549b0b1-f5f0-4559-9283-aed683d37fca" />
    <UnitTestResult executionId="388894ac-3b85-4732-8048-dd43479b57c3" testId="aea21075-21e1-c265-1a63-420c5c66b0a8" testName="CacheFlushMechanism_ShouldRemoveItems_WhenNotUsed" computerName="DKSR-EFI-06" duration="00:00:09.9924510" startTime="2024-01-09T15:44:33.7949343+01:00" endTime="2024-01-09T15:44:43.7949563+01:00" testType="13cdc9d9-ddb5-4fa4-a97d-d965ccfc6d4b" outcome="Passed" testListId="8c84fa94-04c1-424b-9868-57a2d4851a1d" relativeResultsDirectory="388894ac-3b85-4732-8048-dd43479b57c3" />
    <UnitTestResult executionId="4a5bdbc7-a25b-475f-92ca-0d8a7943b336" testId="8a7bd819-1e06-2c6a-fe76-84522fed468a" testName="Serialize_TestCases (TestParentTypeMatchDoubleNotThisTypeNotMatched)" computerName="DKSR-EFI-06" duration="00:00:00.0004107" startTime="2024-01-09T15:44:59.4825011+01:00" endTime="2024-01-09T15:44:59.4825011+01:00" testType="13cdc9d9-ddb5-4fa4-a97d-d965ccfc6d4b" outcome="Passed" testListId="8c84fa94-04c1-424b-9868-57a2d4851a1d" relativeResultsDirectory="4a5bdbc7-a25b-475f-92ca-0d8a7943b336" />
    <UnitTestResult executionId="dc939964-f296-43de-9f85-3d5123b6b376" testId="038e82e7-0736-b906-6069-bf165dcdf81d" testName="ReadXml_ShouldReadXAttribute_WhenPresent" computerName="DKSR-EFI-06" duration="00:00:00.0003529" startTime="2024-01-09T15:45:03.6231224+01:00" endTime="2024-01-09T15:45:03.6231224+01:00" testType="13cdc9d9-ddb5-4fa4-a97d-d965ccfc6d4b" outcome="Passed" testListId="8c84fa94-04c1-424b-9868-57a2d4851a1d" relativeResultsDirectory="dc939964-f296-43de-9f85-3d5123b6b376" />
    <UnitTestResult executionId="ea63a31a-1047-4190-916b-e1f5f6297683" testId="399501bc-ecba-b1ca-b26c-0035e5a7aa53" testName="WriteXml_ShouldWriteDescriptionContents_WhenDescriptionIsNotNull" computerName="DKSR-EFI-06" duration="00:00:00.0011828" startTime="2024-01-09T15:45:02.3418673+01:00" endTime="2024-01-09T15:45:02.3574930+01:00" testType="13cdc9d9-ddb5-4fa4-a97d-d965ccfc6d4b" outcome="Passed" testListId="8c84fa94-04c1-424b-9868-57a2d4851a1d" relativeResultsDirectory="ea63a31a-1047-4190-916b-e1f5f6297683" />
    <UnitTestResult executionId="4129b10a-57f5-4b3b-b1f0-001b6f290ff9" testId="5c99a102-e3d2-3ea7-d358-687ae3a56806" testName="Hash_Check" computerName="DKSR-EFI-06" duration="00:00:00.0004795" startTime="2024-01-09T15:45:03.9356229+01:00" endTime="2024-01-09T15:45:03.9356229+01:00" testType="13cdc9d9-ddb5-4fa4-a97d-d965ccfc6d4b" outcome="Passed" testListId="8c84fa94-04c1-424b-9868-57a2d4851a1d" relativeResultsDirectory="4129b10a-57f5-4b3b-b1f0-001b6f290ff9" />
    <UnitTestResult executionId="897eca55-7d00-41ee-832f-b586c41f3642" testId="9afbb05d-46d7-ab12-da1c-921f9b09858d" testName="Serialize_TestCases (Verify root Collection (null) property)" computerName="DKSR-EFI-06" duration="00:00:00.0002522" startTime="2024-01-09T15:44:59.3731848+01:00" endTime="2024-01-09T15:44:59.3731848+01:00" testType="13cdc9d9-ddb5-4fa4-a97d-d965ccfc6d4b" outcome="Passed" testListId="8c84fa94-04c1-424b-9868-57a2d4851a1d" relativeResultsDirectory="897eca55-7d00-41ee-832f-b586c41f3642" />
    <UnitTestResult executionId="2365a151-bde9-43e2-bdb6-b4d2aa9ffb7b" testId="8f3b8a17-8863-f4c3-5425-91ed08db45b8" testName="IsCriteriaAccepted_ValidItem_True" computerName="DKSR-EFI-06" duration="00:00:00.0005127" startTime="2024-01-09T15:44:55.4356136+01:00" endTime="2024-01-09T15:44:55.4356136+01:00" testType="13cdc9d9-ddb5-4fa4-a97d-d965ccfc6d4b" outcome="Passed" testListId="8c84fa94-04c1-424b-9868-57a2d4851a1d" relativeResultsDirectory="2365a151-bde9-43e2-bdb6-b4d2aa9ffb7b" />
    <UnitTestResult executionId="b100e46b-81d5-4c79-9ba9-02d50d49b3e6" testId="87ac7461-0d28-cf5d-7698-d8b535ebe6b4" testName="ProvideValue_ShouldChangeText_WhenItemHeaderPropertyNameIsSet" computerName="DKSR-EFI-06" duration="00:00:00.0066487" startTime="2024-01-09T15:44:57.8887461+01:00" endTime="2024-01-09T15:44:57.8887461+01:00" testType="13cdc9d9-ddb5-4fa4-a97d-d965ccfc6d4b" outcome="Passed" testListId="8c84fa94-04c1-424b-9868-57a2d4851a1d" relativeResultsDirectory="b100e46b-81d5-4c79-9ba9-02d50d49b3e6" />
    <UnitTestResult executionId="dd070b52-461c-47ba-8439-8e4cb3142651" testId="da270ab7-6882-db63-f3a0-844c8b4562db" testName="Add_ShouldNotUpdateEndCache_WhenOldEndTimeIsLaterThanAdded" computerName="DKSR-EFI-06" duration="00:00:00.0260527" startTime="2024-01-09T15:45:06.0450024+01:00" endTime="2024-01-09T15:45:06.0606278+01:00" testType="13cdc9d9-ddb5-4fa4-a97d-d965ccfc6d4b" outcome="Passed" testListId="8c84fa94-04c1-424b-9868-57a2d4851a1d" relativeResultsDirectory="dd070b52-461c-47ba-8439-8e4cb3142651" />
    <UnitTestResult executionId="1c015e5c-5725-4d37-866c-d52c5be501dc" testId="b9255dfa-9628-1fda-ee6f-f5fa66f81e57" testName="GetPrevious_ShouldReturnLastDataEntityFromToolkitCall_WhenDataIsNotInCache" computerName="DKSR-EFI-06" duration="00:00:00.0026568" startTime="2024-01-09T15:45:05.6856275+01:00" endTime="2024-01-09T15:45:05.6856275+01:00" testType="13cdc9d9-ddb5-4fa4-a97d-d965ccfc6d4b" outcome="Passed" testListId="8c84fa94-04c1-424b-9868-57a2d4851a1d" relativeResultsDirectory="1c015e5c-5725-4d37-866c-d52c5be501dc" />
    <UnitTestResult executionId="68b367af-0a27-4acc-9154-f5dbb2747156" testId="75ddd398-1cad-151d-e563-84e2015359ae" testName="TestStartSearch_SearchThrowsException_Success" computerName="DKSR-EFI-06" duration="00:00:00.0088179" startTime="2024-01-09T15:45:00.3575078+01:00" endTime="2024-01-09T15:45:00.3731284+01:00" testType="13cdc9d9-ddb5-4fa4-a97d-d965ccfc6d4b" outcome="Passed" testListId="8c84fa94-04c1-424b-9868-57a2d4851a1d" relativeResultsDirectory="68b367af-0a27-4acc-9154-f5dbb2747156" />
    <UnitTestResult executionId="76559c45-7527-4e8c-a44e-95db4b60a607" testId="8a0529d6-a867-bdfa-4c0f-fc7fea5b6129" testName="Serialize_ToString" computerName="DKSR-EFI-06" duration="00:00:00.0166041" startTime="2024-01-09T15:44:31.6230636+01:00" endTime="2024-01-09T15:44:31.6386879+01:00" testType="13cdc9d9-ddb5-4fa4-a97d-d965ccfc6d4b" outcome="Passed" testListId="8c84fa94-04c1-424b-9868-57a2d4851a1d" relativeResultsDirectory="76559c45-7527-4e8c-a44e-95db4b60a607" />
    <UnitTestResult executionId="f4d1ae38-81c4-44a5-92cf-93bcf3f3dd0e" testId="434b37e3-6652-e454-29de-d80f3b84f997" testName="ParameterConstruct2_FieldValues_Checked" computerName="DKSR-EFI-06" duration="00:00:00.0016675" startTime="2024-01-09T15:44:29.6543101+01:00" endTime="2024-01-09T15:44:29.6543101+01:00" testType="13cdc9d9-ddb5-4fa4-a97d-d965ccfc6d4b" outcome="Passed" testListId="8c84fa94-04c1-424b-9868-57a2d4851a1d" relativeResultsDirectory="f4d1ae38-81c4-44a5-92cf-93bcf3f3dd0e" />
    <UnitTestResult executionId="9aae53dd-0a16-49e1-ab4c-62676fff6c86" testId="57bee112-0556-7c83-93f2-7bbc9c5cba59" testName="IsValid_ShouldReturnFalse_WhenTypeIsNull" computerName="DKSR-EFI-06" duration="00:00:00.0058500" startTime="2024-01-09T15:45:02.4200335+01:00" endTime="2024-01-09T15:45:02.4200335+01:00" testType="13cdc9d9-ddb5-4fa4-a97d-d965ccfc6d4b" outcome="Passed" testListId="8c84fa94-04c1-424b-9868-57a2d4851a1d" relativeResultsDirectory="9aae53dd-0a16-49e1-ab4c-62676fff6c86" />
    <UnitTestResult executionId="fab862a7-32e9-41ff-86c8-167034904b05" testId="69b55b39-a9d9-76d0-7e5a-7249ce9b54b6" testName="Append_Property_Array" computerName="DKSR-EFI-06" duration="00:00:00.0102507" startTime="2024-01-09T15:45:01.6856172+01:00" endTime="2024-01-09T15:45:01.7012446+01:00" testType="13cdc9d9-ddb5-4fa4-a97d-d965ccfc6d4b" outcome="Passed" testListId="8c84fa94-04c1-424b-9868-57a2d4851a1d" relativeResultsDirectory="fab862a7-32e9-41ff-86c8-167034904b05" />
    <UnitTestResult executionId="b508d37d-a07e-4236-8764-893e2b9ebfb9" testId="ab22d2fd-ea64-f65a-96ca-e707567c9b67" testName="Construct6_And_Field_Check" computerName="DKSR-EFI-06" duration="00:00:00.0134199" startTime="2024-01-09T15:44:30.2949368+01:00" endTime="2024-01-09T15:44:30.3105609+01:00" testType="13cdc9d9-ddb5-4fa4-a97d-d965ccfc6d4b" outcome="Passed" testListId="8c84fa94-04c1-424b-9868-57a2d4851a1d" relativeResultsDirectory="b508d37d-a07e-4236-8764-893e2b9ebfb9" />
    <UnitTestResult executionId="6107a61c-347c-4639-a80c-4d15ebad2d8a" testId="140c6661-e4ad-8b7b-ad2a-b9df65337e63" testName="ReadXml_ShouldSetIsRemoved_WhenRemovedElementIsPresentWithCorrectNamespace" computerName="DKSR-EFI-06" duration="00:00:00.0002646" startTime="2024-01-09T15:45:02.3887446+01:00" endTime="2024-01-09T15:45:02.3887446+01:00" testType="13cdc9d9-ddb5-4fa4-a97d-d965ccfc6d4b" outcome="Passed" testListId="8c84fa94-04c1-424b-9868-57a2d4851a1d" relativeResultsDirectory="6107a61c-347c-4639-a80c-4d15ebad2d8a" />
    <UnitTestResult executionId="52ca15e1-797d-4f83-af1d-e8f815d0c0aa" testId="af66790e-7a17-2a52-f594-1232b3cd885e" testName="Parse_String_WithDot" computerName="DKSR-EFI-06" duration="00:00:00.0002931" startTime="2024-01-09T15:45:01.7481165+01:00" endTime="2024-01-09T15:45:01.7481165+01:00" testType="13cdc9d9-ddb5-4fa4-a97d-d965ccfc6d4b" outcome="Passed" testListId="8c84fa94-04c1-424b-9868-57a2d4851a1d" relativeResultsDirectory="52ca15e1-797d-4f83-af1d-e8f815d0c0aa" />
    <UnitTestResult executionId="bec84e35-38b2-4a0f-a9b6-8aac44fa5105" testId="dc77c6d7-cfbf-1e77-b726-c432c277b3ca" testName="Serialize_ShouldThrowException_WhenPropertyIsSimpleTypeButPathContainsChildren (DoubleProperty)" computerName="DKSR-EFI-06" duration="00:00:00.0003935" startTime="2024-01-09T15:44:59.2481271+01:00" endTime="2024-01-09T15:44:59.2481271+01:00" testType="13cdc9d9-ddb5-4fa4-a97d-d965ccfc6d4b" outcome="Passed" testListId="8c84fa94-04c1-424b-9868-57a2d4851a1d" relativeResultsDirectory="bec84e35-38b2-4a0f-a9b6-8aac44fa5105" />
    <UnitTestResult executionId="d8363a32-06b8-4d75-9613-ba1ce2e9e0ba" testId="bf5918ba-1ac5-ba5f-cde7-7b7063949a78" testName="Enqueue_QueueStopped_Fails" computerName="DKSR-EFI-06" duration="00:00:00.0005973" startTime="2024-01-09T15:44:43.9824554+01:00" endTime="2024-01-09T15:44:43.9824554+01:00" testType="13cdc9d9-ddb5-4fa4-a97d-d965ccfc6d4b" outcome="Passed" testListId="8c84fa94-04c1-424b-9868-57a2d4851a1d" relativeResultsDirectory="d8363a32-06b8-4d75-9613-ba1ce2e9e0ba" />
    <UnitTestResult executionId="4962f196-456d-40fd-ac1b-8926a6579217" testId="6e5da37d-17c2-c99b-bec0-ba093cc6461d" testName="Remove_Success" computerName="DKSR-EFI-06" duration="00:00:00.0005249" startTime="2024-01-09T15:44:44.0605819+01:00" endTime="2024-01-09T15:44:44.0605819+01:00" testType="13cdc9d9-ddb5-4fa4-a97d-d965ccfc6d4b" outcome="Passed" testListId="8c84fa94-04c1-424b-9868-57a2d4851a1d" relativeResultsDirectory="4962f196-456d-40fd-ac1b-8926a6579217" />
    <UnitTestResult executionId="5b6558f5-783e-485f-9fe1-becf6d15b7ad" testId="0378ed59-f976-b4fc-9f2f-d68f313306f2" testName="Serialize_ShouldHandleCollectionFilter_WhenMatchingCollectionTypeAndItDoesNotMatch" computerName="DKSR-EFI-06" duration="00:00:00.0007529" startTime="2024-01-09T15:44:59.6856273+01:00" endTime="2024-01-09T15:44:59.6856273+01:00" testType="13cdc9d9-ddb5-4fa4-a97d-d965ccfc6d4b" outcome="Passed" testListId="8c84fa94-04c1-424b-9868-57a2d4851a1d" relativeResultsDirectory="5b6558f5-783e-485f-9fe1-becf6d15b7ad" />
    <UnitTestResult executionId="8a9e2c00-302a-45ba-b568-082077db734b" testId="8084e41d-d0c2-8e1f-49b3-a67abb097eef" testName="ReadXml_ShouldSetAllPropertiesToZero_WhenElementIsEmpty" computerName="DKSR-EFI-06" duration="00:00:00.0015423" startTime="2024-01-09T15:45:03.6074976+01:00" endTime="2024-01-09T15:45:03.6074976+01:00" testType="13cdc9d9-ddb5-4fa4-a97d-d965ccfc6d4b" outcome="Passed" testListId="8c84fa94-04c1-424b-9868-57a2d4851a1d" relativeResultsDirectory="8a9e2c00-302a-45ba-b568-082077db734b" />
    <UnitTestResult executionId="5d969b5a-b815-4ba4-908b-064ef0920971" testId="c4adad9d-ea20-a13f-97f1-44293498d06e" testName="WriteMetadataXmlWithStream_ShouldWriteRootElement_WhenDataIsPresent" computerName="DKSR-EFI-06" duration="00:00:00.0007219" startTime="2024-01-09T15:45:02.9043699+01:00" endTime="2024-01-09T15:45:02.9043699+01:00" testType="13cdc9d9-ddb5-4fa4-a97d-d965ccfc6d4b" outcome="Passed" testListId="8c84fa94-04c1-424b-9868-57a2d4851a1d" relativeResultsDirectory="5d969b5a-b815-4ba4-908b-064ef0920971" />
    <UnitTestResult executionId="c39ec957-04e3-4e30-a824-5c4ec0a44b1b" testId="9c4c3d7f-1c8d-9061-b840-609563af8ef3" testName="Populate_SearchTextSet_ItemsFound_True" computerName="DKSR-EFI-06" duration="00:00:00.0639923" startTime="2024-01-09T15:44:56.3731176+01:00" endTime="2024-01-09T15:44:56.4356175+01:00" testType="13cdc9d9-ddb5-4fa4-a97d-d965ccfc6d4b" outcome="Passed" testListId="8c84fa94-04c1-424b-9868-57a2d4851a1d" relativeResultsDirectory="c39ec957-04e3-4e30-a824-5c4ec0a44b1b" />
    <UnitTestResult executionId="fa65185b-cc69-4986-9a00-cad7d90efd81" testId="1461c781-13a0-05a7-16f7-5b6b1341577b" testName="JoinString_When1Level_Success" computerName="DKSR-EFI-06" duration="00:00:00.0002725" startTime="2024-01-09T15:44:43.8574551+01:00" endTime="2024-01-09T15:44:43.8574551+01:00" testType="13cdc9d9-ddb5-4fa4-a97d-d965ccfc6d4b" outcome="Passed" testListId="8c84fa94-04c1-424b-9868-57a2d4851a1d" relativeResultsDirectory="fa65185b-cc69-4986-9a00-cad7d90efd81" />
    <UnitTestResult executionId="90b0faf9-9066-4c62-8941-d82d04f999f9" testId="7b2725af-6cca-aaf7-125b-307ed988b6a3" testName="BuildShapeOverlayWidthHeightBaseEvent_ShouldReturnCorrectNumberOfShapes_WhenArgumentIsAnalyticsEvent" computerName="DKSR-EFI-06" duration="00:00:00.4802152" startTime="2024-01-09T15:44:32.6543091+01:00" endTime="2024-01-09T15:44:33.1386908+01:00" testType="13cdc9d9-ddb5-4fa4-a97d-d965ccfc6d4b" outcome="Passed" testListId="8c84fa94-04c1-424b-9868-57a2d4851a1d" relativeResultsDirectory="90b0faf9-9066-4c62-8941-d82d04f999f9" />
    <UnitTestResult executionId="e6ed3720-4bc7-4051-bd03-e277c7f3f8b7" testId="ba7694f7-ee6f-6343-b447-699651d9d6f9" testName="FindCacheEntryAfter_ShuldReturnEntryAfterTimeStamp_WhenThereIsAnEntryAfterTheTimestamp" computerName="DKSR-EFI-06" duration="00:00:00.0011824" startTime="2024-01-09T15:45:05.3262508+01:00" endTime="2024-01-09T15:45:05.3262508+01:00" testType="13cdc9d9-ddb5-4fa4-a97d-d965ccfc6d4b" outcome="Passed" testListId="8c84fa94-04c1-424b-9868-57a2d4851a1d" relativeResultsDirectory="e6ed3720-4bc7-4051-bd03-e277c7f3f8b7" />
    <UnitTestResult executionId="d1bd912e-ff59-4fe1-a4a1-39f62e71b75d" testId="cc8be762-b7fa-6acb-868c-b6f8dd397e9b" testName="LastModified_ShouldReturnValue" computerName="DKSR-EFI-06" duration="00:00:00.0132464" startTime="2024-01-09T15:44:33.7793106+01:00" endTime="2024-01-09T15:44:33.7793106+01:00" testType="13cdc9d9-ddb5-4fa4-a97d-d965ccfc6d4b" outcome="Passed" testListId="8c84fa94-04c1-424b-9868-57a2d4851a1d" relativeResultsDirectory="d1bd912e-ff59-4fe1-a4a1-39f62e71b75d" />
    <UnitTestResult executionId="743597ad-eded-4d9c-9352-9efff5ec205d" testId="20458d0b-b85c-491e-b4ab-b9b8494bb490" testName="Construct2_And_Field_Check" computerName="DKSR-EFI-06" duration="00:00:00.0309769" startTime="2024-01-09T15:44:30.0761875+01:00" endTime="2024-01-09T15:44:30.1074347+01:00" testType="13cdc9d9-ddb5-4fa4-a97d-d965ccfc6d4b" outcome="Passed" testListId="8c84fa94-04c1-424b-9868-57a2d4851a1d" relativeResultsDirectory="743597ad-eded-4d9c-9352-9efff5ec205d" />
    <UnitTestResult executionId="1e57f5ee-6a63-40c1-b3d5-5c28eba5dc9f" testId="ec6e182c-c60a-0650-a430-7ebc2fa1ec79" testName="ReadXml_ShouldLogWarningTwiceWhenMoreThanOneMinuteBetweenWarnings_WhenCenterOfGravityIsIncomplete" computerName="DKSR-EFI-06" duration="00:00:00.0020510" startTime="2024-01-09T15:45:03.4824964+01:00" endTime="2024-01-09T15:45:03.4981209+01:00" testType="13cdc9d9-ddb5-4fa4-a97d-d965ccfc6d4b" outcome="Passed" testListId="8c84fa94-04c1-424b-9868-57a2d4851a1d" relativeResultsDirectory="1e57f5ee-6a63-40c1-b3d5-5c28eba5dc9f" />
    <UnitTestResult executionId="cda4ccaa-eb0f-45a1-b0c6-a4759721b925" testId="583ac39a-cd2a-cc9b-7143-e3a644d6c3bd" testName="RemovePredicate_KeyPresent_RemovedFromCacheAndGetReturnsNull" computerName="DKSR-EFI-06" duration="00:00:00.0006807" startTime="2024-01-09T15:44:44.6230851+01:00" endTime="2024-01-09T15:44:44.6230851+01:00" testType="13cdc9d9-ddb5-4fa4-a97d-d965ccfc6d4b" outcome="Passed" testListId="8c84fa94-04c1-424b-9868-57a2d4851a1d" relativeResultsDirectory="cda4ccaa-eb0f-45a1-b0c6-a4759721b925" />
    <UnitTestResult executionId="74f768c7-45e7-48cb-8ae1-93abc399b054" testId="6fd6583b-6e84-0268-1f57-5ed2e7f07344" testName="Equals_ShouldHaveValueSemantics_WhenAlways" computerName="DKSR-EFI-06" duration="00:00:00.0012225" startTime="2024-01-09T15:45:03.1699972+01:00" endTime="2024-01-09T15:45:03.1699972+01:00" testType="13cdc9d9-ddb5-4fa4-a97d-d965ccfc6d4b" outcome="Passed" testListId="8c84fa94-04c1-424b-9868-57a2d4851a1d" relativeResultsDirectory="74f768c7-45e7-48cb-8ae1-93abc399b054" />
    <UnitTestResult executionId="d67edd18-baf6-4488-9ce2-88dd90563f9d" testId="c64fce4a-0ee6-9d1f-f96c-3f0744a2a23b" testName="SplitString_When2Levels_Trims" computerName="DKSR-EFI-06" duration="00:00:00.0006296" startTime="2024-01-09T15:44:43.8574551+01:00" endTime="2024-01-09T15:44:43.8574551+01:00" testType="13cdc9d9-ddb5-4fa4-a97d-d965ccfc6d4b" outcome="Passed" testListId="8c84fa94-04c1-424b-9868-57a2d4851a1d" relativeResultsDirectory="d67edd18-baf6-4488-9ce2-88dd90563f9d" />
    <UnitTestResult executionId="f59fbc72-d09d-42d2-ad6c-89db1284e5d7" testId="b6c8d5b4-b132-7bf9-41ce-a46ff913fc34" testName="ReadXml_ShouldIgnoreUnknownChildren_WhenUnknownChildrenArePresent" computerName="DKSR-EFI-06" duration="00:00:00.0007535" startTime="2024-01-09T15:45:03.6543731+01:00" endTime="2024-01-09T15:45:03.6543731+01:00" testType="13cdc9d9-ddb5-4fa4-a97d-d965ccfc6d4b" outcome="Passed" testListId="8c84fa94-04c1-424b-9868-57a2d4851a1d" relativeResultsDirectory="f59fbc72-d09d-42d2-ad6c-89db1284e5d7" />
    <UnitTestResult executionId="bce2acf7-67a6-4255-a39d-41bf1e1a8cf7" testId="b3df3f39-3ac5-afed-24ec-7a145316d997" testName="Set_String_In_Array" computerName="DKSR-EFI-06" duration="00:00:00.0004265" startTime="2024-01-09T15:45:01.8106179+01:00" endTime="2024-01-09T15:45:01.8106179+01:00" testType="13cdc9d9-ddb5-4fa4-a97d-d965ccfc6d4b" outcome="Passed" testListId="8c84fa94-04c1-424b-9868-57a2d4851a1d" relativeResultsDirectory="bce2acf7-67a6-4255-a39d-41bf1e1a8cf7" />
    <UnitTestResult executionId="9c4f4350-ac85-4c9d-ae92-6b21bcdb091b" testId="844dbd09-3e1b-ba6e-1295-725984dabbdb" testName="WriteXml_ShouldWriteAppearanceContents_WhenAppearanceIsNotNull" computerName="DKSR-EFI-06" duration="00:00:00.0009958" startTime="2024-01-09T15:45:03.2168716+01:00" endTime="2024-01-09T15:45:03.2168716+01:00" testType="13cdc9d9-ddb5-4fa4-a97d-d965ccfc6d4b" outcome="Passed" testListId="8c84fa94-04c1-424b-9868-57a2d4851a1d" relativeResultsDirectory="9c4f4350-ac85-4c9d-ae92-6b21bcdb091b" />
    <UnitTestResult executionId="1567fb90-8fef-49e5-9a16-a650a5c1f6d7" testId="f4009c20-ddf4-5439-9b3f-52d8d564e525" testName="TestConstructor_Success" computerName="DKSR-EFI-06" duration="00:00:00.0006754" startTime="2024-01-09T15:45:01.5762419+01:00" endTime="2024-01-09T15:45:01.5762419+01:00" testType="13cdc9d9-ddb5-4fa4-a97d-d965ccfc6d4b" outcome="Passed" testListId="8c84fa94-04c1-424b-9868-57a2d4851a1d" relativeResultsDirectory="1567fb90-8fef-49e5-9a16-a650a5c1f6d7" />
    <UnitTestResult executionId="505055a5-a3eb-4f3b-a2b7-c951c93e3f42" testId="d70deda9-d414-d7bd-403c-5fb9de797fb3" testName="Enqueue_TwoProducers_Success" computerName="DKSR-EFI-06" duration="00:00:00.0143197" startTime="2024-01-09T15:44:43.9824554+01:00" endTime="2024-01-09T15:44:43.9980829+01:00" testType="13cdc9d9-ddb5-4fa4-a97d-d965ccfc6d4b" outcome="Passed" testListId="8c84fa94-04c1-424b-9868-57a2d4851a1d" relativeResultsDirectory="505055a5-a3eb-4f3b-a2b7-c951c93e3f42" />
    <UnitTestResult executionId="13f1682e-97c2-45a8-9c21-add79030ad21" testId="139930e6-1293-1333-f3aa-a935221ee7d5" testName="CollectionReplaced_ShouldInvokeCallback_WhenObservable" computerName="DKSR-EFI-06" duration="00:00:00.0018428" startTime="2024-01-09T15:44:56.7949949+01:00" endTime="2024-01-09T15:44:56.7949949+01:00" testType="13cdc9d9-ddb5-4fa4-a97d-d965ccfc6d4b" outcome="Passed" testListId="8c84fa94-04c1-424b-9868-57a2d4851a1d" relativeResultsDirectory="13f1682e-97c2-45a8-9c21-add79030ad21" />
    <UnitTestResult executionId="59e66b81-dcde-4e8e-81c7-3050a0cd9747" testId="fd9e0efb-edb7-82bd-15c3-0c32bed5a7f0" testName="AllAttributesWerePresent_ShouldReturnFalse_WhenTopAttributeIsNotAFloat" computerName="DKSR-EFI-06" duration="00:00:00.0003440" startTime="2024-01-09T15:45:03.2637474+01:00" endTime="2024-01-09T15:45:03.2637474+01:00" testType="13cdc9d9-ddb5-4fa4-a97d-d965ccfc6d4b" outcome="Passed" testListId="8c84fa94-04c1-424b-9868-57a2d4851a1d" relativeResultsDirectory="59e66b81-dcde-4e8e-81c7-3050a0cd9747" />
    <UnitTestResult executionId="0ab55050-680c-4484-81d3-85e9fa8d1304" testId="01be5dc2-8974-a781-e346-9997ff0168c6" testName="GenerateParameters_ShouldCallGenerateDeviceParametersForCamera_WhenThereAreCameraDevices" computerName="DKSR-EFI-06" duration="00:00:00.0013139" startTime="2024-01-09T15:45:05.3106265+01:00" endTime="2024-01-09T15:45:05.3106265+01:00" testType="13cdc9d9-ddb5-4fa4-a97d-d965ccfc6d4b" outcome="Passed" testListId="8c84fa94-04c1-424b-9868-57a2d4851a1d" relativeResultsDirectory="0ab55050-680c-4484-81d3-85e9fa8d1304" />
    <UnitTestResult executionId="8eec57d1-9e43-4513-9e93-cd578ec0d4e7" testId="78226ef2-fcbe-8c02-29f4-cc48e0495b30" testName="OverlapsWith_ShouldReturnFalse_WhenArgumenEndIsEqualToStart" computerName="DKSR-EFI-06" duration="00:00:00.0002881" startTime="2024-01-09T15:44:43.9043410+01:00" endTime="2024-01-09T15:44:43.9043410+01:00" testType="13cdc9d9-ddb5-4fa4-a97d-d965ccfc6d4b" outcome="Passed" testListId="8c84fa94-04c1-424b-9868-57a2d4851a1d" relativeResultsDirectory="8eec57d1-9e43-4513-9e93-cd578ec0d4e7" />
    <UnitTestResult executionId="55c03307-6dc8-473d-9033-6b8aad35ce04" testId="1d908a6b-ebcd-4952-2785-5d24733c709c" testName="Apply_ShouldApplyTranslateAndScale_WhenTranslateAndScaleIsNotNull" computerName="DKSR-EFI-06" duration="00:00:00.0006923" startTime="2024-01-09T15:45:03.3731222+01:00" endTime="2024-01-09T15:45:03.3731222+01:00" testType="13cdc9d9-ddb5-4fa4-a97d-d965ccfc6d4b" outcome="Passed" testListId="8c84fa94-04c1-424b-9868-57a2d4851a1d" relativeResultsDirectory="55c03307-6dc8-473d-9033-6b8aad35ce04" />
    <UnitTestResult executionId="b5d47007-3284-4362-8e9e-2c6a3afd0f0a" testId="803ac96c-ceaf-813a-623a-bb8007ba13fb" testName="GetNearest_ShouldReturnNull_WhenTimestampIsAfterLastElement" computerName="DKSR-EFI-06" duration="00:00:00.0004594" startTime="2024-01-09T15:45:05.3887520+01:00" endTime="2024-01-09T15:45:05.3887520+01:00" testType="13cdc9d9-ddb5-4fa4-a97d-d965ccfc6d4b" outcome="Passed" testListId="8c84fa94-04c1-424b-9868-57a2d4851a1d" relativeResultsDirectory="b5d47007-3284-4362-8e9e-2c6a3afd0f0a" />
    <UnitTestResult executionId="68bb04a6-5170-458c-bd9e-4b8dccbdc43a" testId="f42b2340-e96d-0e55-ec7c-6d27b290f74e" testName="UtcTime_ShouldReturnMinimumDateTime_WhenNotSet" computerName="DKSR-EFI-06" duration="00:00:00.0006590" startTime="2024-01-09T15:45:02.6543702+01:00" endTime="2024-01-09T15:45:02.6543702+01:00" testType="13cdc9d9-ddb5-4fa4-a97d-d965ccfc6d4b" outcome="Passed" testListId="8c84fa94-04c1-424b-9868-57a2d4851a1d" relativeResultsDirectory="68bb04a6-5170-458c-bd9e-4b8dccbdc43a" />
    <UnitTestResult executionId="0df104bc-4e81-4004-8711-dc7f1f902862" testId="c3c83a0c-a46d-bf4c-a733-65c34582027c" testName="ReadXml_ShouldLogWarning_WhenLikelihoodIsNotPresent" computerName="DKSR-EFI-06" duration="00:00:00.0015303" startTime="2024-01-09T15:45:02.4824943+01:00" endTime="2024-01-09T15:45:02.4824943+01:00" testType="13cdc9d9-ddb5-4fa4-a97d-d965ccfc6d4b" outcome="Passed" testListId="8c84fa94-04c1-424b-9868-57a2d4851a1d" relativeResultsDirectory="0df104bc-4e81-4004-8711-dc7f1f902862" />
    <UnitTestResult executionId="4534c58b-1708-449f-bdc3-8038286c8819" testId="2dbbefa2-cb1d-4d1e-312c-2268ae3ae8a4" testName="Remove_KeyNotPresent_ReturnsFalse" computerName="DKSR-EFI-06" duration="00:00:00.0001875" startTime="2024-01-09T15:44:44.1074572+01:00" endTime="2024-01-09T15:44:44.1074572+01:00" testType="13cdc9d9-ddb5-4fa4-a97d-d965ccfc6d4b" outcome="Passed" testListId="8c84fa94-04c1-424b-9868-57a2d4851a1d" relativeResultsDirectory="4534c58b-1708-449f-bdc3-8038286c8819" />
    <UnitTestResult executionId="5ac86c17-0ec8-47cc-b72a-7ab096141753" testId="97fbdc51-18ba-7aa5-3b45-4fad3a6c36f9" testName="ConstructorRgb_ShouldReturnAlphaValueFullyOpaque_Always" computerName="DKSR-EFI-06" duration="00:00:00.0001918" startTime="2024-01-09T15:45:02.5449950+01:00" endTime="2024-01-09T15:45:02.5449950+01:00" testType="13cdc9d9-ddb5-4fa4-a97d-d965ccfc6d4b" outcome="Passed" testListId="8c84fa94-04c1-424b-9868-57a2d4851a1d" relativeResultsDirectory="5ac86c17-0ec8-47cc-b72a-7ab096141753" />
    <UnitTestResult executionId="0d35c024-4235-499f-aba0-34d1fd552809" testId="b9540196-20ef-0b94-a46f-e6138983b660" testName="ParseMetadataXmlWithString_ShouldThrowXmlException_WhenXmlIsEmpty" computerName="DKSR-EFI-06" duration="00:00:00.0010951" startTime="2024-01-09T15:45:02.7949937+01:00" endTime="2024-01-09T15:45:02.7949937+01:00" testType="13cdc9d9-ddb5-4fa4-a97d-d965ccfc6d4b" outcome="Passed" testListId="8c84fa94-04c1-424b-9868-57a2d4851a1d" relativeResultsDirectory="0d35c024-4235-499f-aba0-34d1fd552809" />
    <UnitTestResult executionId="af23f239-f7f8-4f34-b311-7b51ec33287c" testId="1a23ceed-6bf2-7030-b18a-91b782df52d2" testName="IconOverlay_BuiltIn_VaryingOverlays_Success" computerName="DKSR-EFI-06" duration="00:00:00.4524410" startTime="2024-01-09T15:44:31.1543119+01:00" endTime="2024-01-09T15:44:31.6074362+01:00" testType="13cdc9d9-ddb5-4fa4-a97d-d965ccfc6d4b" outcome="Passed" testListId="8c84fa94-04c1-424b-9868-57a2d4851a1d" relativeResultsDirectory="af23f239-f7f8-4f34-b311-7b51ec33287c" />
    <UnitTestResult executionId="a0f4270b-a0aa-405a-a050-e3931bb9fec3" testId="30eb4594-0190-4b3a-1578-17048e926b12" testName="ReadXml_ShouldIgnoreUnknownAttributes_WhenAlways" computerName="DKSR-EFI-06" duration="00:00:00.0007253" startTime="2024-01-09T15:45:03.2481209+01:00" endTime="2024-01-09T15:45:03.2481209+01:00" testType="13cdc9d9-ddb5-4fa4-a97d-d965ccfc6d4b" outcome="Passed" testListId="8c84fa94-04c1-424b-9868-57a2d4851a1d" relativeResultsDirectory="a0f4270b-a0aa-405a-a050-e3931bb9fec3" />
    <UnitTestResult executionId="92c97a04-8aa0-4913-acf5-3648ecbb0a29" testId="5a26cd62-bdfd-afb4-b17e-eb94ffbff81b" testName="Get_Element_Invalid" computerName="DKSR-EFI-06" duration="00:00:00.0001534" startTime="2024-01-09T15:45:01.8262946+01:00" endTime="2024-01-09T15:45:01.8262946+01:00" testType="13cdc9d9-ddb5-4fa4-a97d-d965ccfc6d4b" outcome="Passed" testListId="8c84fa94-04c1-424b-9868-57a2d4851a1d" relativeResultsDirectory="92c97a04-8aa0-4913-acf5-3648ecbb0a29" />
    <UnitTestResult executionId="e6b6de27-89b0-427f-b311-24ca370c6216" testId="e0974674-ac77-e53b-c938-66c6d56fd05c" testName="Equals_ShouldReturnTrue_WhenOnePortNumberIsZeroAndTheOtherIsEighty" computerName="DKSR-EFI-06" duration="00:00:00.0003801" startTime="2024-01-09T15:44:32.2011856+01:00" endTime="2024-01-09T15:44:32.2168100+01:00" testType="13cdc9d9-ddb5-4fa4-a97d-d965ccfc6d4b" outcome="Passed" testListId="8c84fa94-04c1-424b-9868-57a2d4851a1d" relativeResultsDirectory="e6b6de27-89b0-427f-b311-24ca370c6216" />
    <UnitTestResult executionId="856609f0-903f-4d12-ac55-ad22884f4730" testId="1567771f-c566-3ead-d24b-280817524d69" testName="ResolveIconSource_EnumValueShouldBeUnique_ForAllDefinedIcons" computerName="DKSR-EFI-06" duration="00:00:00.0128051" startTime="2024-01-09T15:44:57.9043712+01:00" endTime="2024-01-09T15:44:57.9199956+01:00" testType="13cdc9d9-ddb5-4fa4-a97d-d965ccfc6d4b" outcome="Passed" testListId="8c84fa94-04c1-424b-9868-57a2d4851a1d" relativeResultsDirectory="856609f0-903f-4d12-ac55-ad22884f4730" />
    <UnitTestResult executionId="37e5b45f-7601-49bd-9d67-1b9d2b38bc80" testId="5c447ad0-5dd2-2fa2-d091-548bf019cae3" testName="IsValid_ShouldBeSetToTrue_WhenValidBoundingBoxAndCenterOfGravityIsMissing" computerName="DKSR-EFI-06" duration="00:00:00.0007541" startTime="2024-01-09T15:45:03.4200378+01:00" endTime="2024-01-09T15:45:03.4200378+01:00" testType="13cdc9d9-ddb5-4fa4-a97d-d965ccfc6d4b" outcome="Passed" testListId="8c84fa94-04c1-424b-9868-57a2d4851a1d" relativeResultsDirectory="37e5b45f-7601-49bd-9d67-1b9d2b38bc80" />
    <UnitTestResult executionId="a3ee22bc-27ef-4f92-ad39-d0d55c66f274" testId="a44eceec-75ff-6298-f73e-523db73cd6d3" testName="ReadXml_ShouldBase64DecodeOriginalData_WhenOrigiginalDataIsPresent" computerName="DKSR-EFI-06" duration="00:00:00.0150585" startTime="2024-01-09T15:45:02.9356199+01:00" endTime="2024-01-09T15:45:02.9512489+01:00" testType="13cdc9d9-ddb5-4fa4-a97d-d965ccfc6d4b" outcome="Passed" testListId="8c84fa94-04c1-424b-9868-57a2d4851a1d" relativeResultsDirectory="a3ee22bc-27ef-4f92-ad39-d0d55c66f274" />
    <UnitTestResult executionId="420b53b3-e45b-48cd-a408-bb7a6fe85540" testId="5a6033d0-8674-1383-5d73-0621497569cb" testName="TryParseArgbString_ShouldReturnFalse_WhenStringIsContainsNotHexChars" computerName="DKSR-EFI-06" duration="00:00:00.0001674" startTime="2024-01-09T15:45:02.5293684+01:00" endTime="2024-01-09T15:45:02.5293684+01:00" testType="13cdc9d9-ddb5-4fa4-a97d-d965ccfc6d4b" outcome="Passed" testListId="8c84fa94-04c1-424b-9868-57a2d4851a1d" relativeResultsDirectory="420b53b3-e45b-48cd-a408-bb7a6fe85540" />
    <UnitTestResult executionId="9da67773-0efd-4981-ab18-b4595efd5bba" testId="7fb5739f-7a0e-9d63-4cc0-4564c77d7249" testName="Add_NullValue_Success" computerName="DKSR-EFI-06" duration="00:00:00.0002021" startTime="2024-01-09T15:44:44.0918322+01:00" endTime="2024-01-09T15:44:44.0918322+01:00" testType="13cdc9d9-ddb5-4fa4-a97d-d965ccfc6d4b" outcome="Passed" testListId="8c84fa94-04c1-424b-9868-57a2d4851a1d" relativeResultsDirectory="9da67773-0efd-4981-ab18-b4595efd5bba" />
    <UnitTestResult executionId="d7f7e0b4-e5da-441c-96b5-855aedd3179f" testId="48aed434-d191-a79c-5c15-17d6032c9edd" testName="Remove_String_Invalid" computerName="DKSR-EFI-06" duration="00:00:00.0006543" startTime="2024-01-09T15:45:01.7793681+01:00" endTime="2024-01-09T15:45:01.7793681+01:00" testType="13cdc9d9-ddb5-4fa4-a97d-d965ccfc6d4b" outcome="Passed" testListId="8c84fa94-04c1-424b-9868-57a2d4851a1d" relativeResultsDirectory="d7f7e0b4-e5da-441c-96b5-855aedd3179f" />
    <UnitTestResult executionId="d2e8c8d3-6c86-451e-8a5c-da5cbdd4ee21" testId="e4430911-be68-d9a0-a78d-87695990dd2b" testName="GetItem_Rule_Success" computerName="DKSR-EFI-06" duration="00:00:00.0089454" startTime="2024-01-09T15:45:01.9199940+01:00" endTime="2024-01-09T15:45:01.9356177+01:00" testType="13cdc9d9-ddb5-4fa4-a97d-d965ccfc6d4b" outcome="Passed" testListId="8c84fa94-04c1-424b-9868-57a2d4851a1d" relativeResultsDirectory="d2e8c8d3-6c86-451e-8a5c-da5cbdd4ee21" />
    <UnitTestResult executionId="be170b82-7dbb-474b-a720-10c5896236d1" testId="7ebb6f6a-7f5e-646a-c7ce-f4daa5d5c8da" testName="WriteXml_ShouldOmitIsIdleElement_WhenIsIdleIsFalse" computerName="DKSR-EFI-06" duration="00:00:00.0010813" startTime="2024-01-09T15:45:02.4043680+01:00" endTime="2024-01-09T15:45:02.4043680+01:00" testType="13cdc9d9-ddb5-4fa4-a97d-d965ccfc6d4b" outcome="Passed" testListId="8c84fa94-04c1-424b-9868-57a2d4851a1d" relativeResultsDirectory="be170b82-7dbb-474b-a720-10c5896236d1" />
    <UnitTestResult executionId="cb05b287-62ae-4227-a1cc-817ed6ba3113" testId="cd1d2fd6-a556-1869-618e-8799c1c10a94" testName="GetColorFilterValues_FilterValueMissing_ReturnsEmptyCollection" computerName="DKSR-EFI-06" duration="00:00:00.0003458" startTime="2024-01-09T15:45:01.5449929+01:00" endTime="2024-01-09T15:45:01.5449929+01:00" testType="13cdc9d9-ddb5-4fa4-a97d-d965ccfc6d4b" outcome="Passed" testListId="8c84fa94-04c1-424b-9868-57a2d4851a1d" relativeResultsDirectory="cb05b287-62ae-4227-a1cc-817ed6ba3113" />
    <UnitTestResult executionId="8096d4c4-ef05-40c2-b7d5-3558df71e89b" testId="43af5117-1f9c-6ca5-e2b0-3bd57b512c6f" testName="GetLicensePlateFilterValue_ValidSelection_Success" computerName="DKSR-EFI-06" duration="00:00:00.0012936" startTime="2024-01-09T15:45:01.5293679+01:00" endTime="2024-01-09T15:45:01.5293679+01:00" testType="13cdc9d9-ddb5-4fa4-a97d-d965ccfc6d4b" outcome="Passed" testListId="8c84fa94-04c1-424b-9868-57a2d4851a1d" relativeResultsDirectory="8096d4c4-ef05-40c2-b7d5-3558df71e89b" />
    <UnitTestResult executionId="05a69ba1-c8f2-4105-b1e1-4b362a00b732" testId="53b81941-356a-16a1-a951-ad2b635230e2" testName="Enqueue_Success" computerName="DKSR-EFI-06" duration="00:00:00.0019085" startTime="2024-01-09T15:44:43.9824554+01:00" endTime="2024-01-09T15:44:43.9824554+01:00" testType="13cdc9d9-ddb5-4fa4-a97d-d965ccfc6d4b" outcome="Passed" testListId="8c84fa94-04c1-424b-9868-57a2d4851a1d" relativeResultsDirectory="05a69ba1-c8f2-4105-b1e1-4b362a00b732" />
    <UnitTestResult executionId="255f88d7-5be7-40f3-b40a-d4b99ca074ac" testId="305837e1-d44c-5663-004e-044ac561be36" testName="TestSearchFilterCategories_WithANullAgent_Success" computerName="DKSR-EFI-06" duration="00:00:00.0018443" startTime="2024-01-09T15:45:00.2012585+01:00" endTime="2024-01-09T15:45:00.2012585+01:00" testType="13cdc9d9-ddb5-4fa4-a97d-d965ccfc6d4b" outcome="Passed" testListId="8c84fa94-04c1-424b-9868-57a2d4851a1d" relativeResultsDirectory="255f88d7-5be7-40f3-b40a-d4b99ca074ac" />
    <UnitTestResult executionId="d0313296-5824-4e39-99f5-aa0957094dd6" testId="1482937b-f549-7dda-39ff-c1d0353b5bf2" testName="MD5Hex32_ShouldThrowArgumentNullException_WhenInputIsNull" computerName="DKSR-EFI-06" duration="00:00:00.0007179" startTime="2024-01-09T15:45:05.8262537+01:00" endTime="2024-01-09T15:45:05.8418773+01:00" testType="13cdc9d9-ddb5-4fa4-a97d-d965ccfc6d4b" outcome="Passed" testListId="8c84fa94-04c1-424b-9868-57a2d4851a1d" relativeResultsDirectory="d0313296-5824-4e39-99f5-aa0957094dd6" />
    <UnitTestResult executionId="6c24ced1-a4a6-43a6-a9f2-7c7acde44ab0" testId="7f766a97-6ab7-7b7f-222d-e4bba52b6030" testName="MipItem_ImageSource_Has_Value" computerName="DKSR-EFI-06" duration="00:00:00.3694171" startTime="2024-01-09T15:44:55.5293613+01:00" endTime="2024-01-09T15:44:55.9043634+01:00" testType="13cdc9d9-ddb5-4fa4-a97d-d965ccfc6d4b" outcome="Passed" testListId="8c84fa94-04c1-424b-9868-57a2d4851a1d" relativeResultsDirectory="6c24ced1-a4a6-43a6-a9f2-7c7acde44ab0" />
    <UnitTestResult executionId="d699e4f6-5310-4858-8104-2428bffadad5" testId="0b0cafcd-36ec-b9e7-a6b1-cc34c82fd875" testName="ReadXml_ShouldReadVideoAnalysticsChild_WhenOneChildIsPresent" computerName="DKSR-EFI-06" duration="00:00:00.0008091" startTime="2024-01-09T15:45:02.9199946+01:00" endTime="2024-01-09T15:45:02.9199946+01:00" testType="13cdc9d9-ddb5-4fa4-a97d-d965ccfc6d4b" outcome="Passed" testListId="8c84fa94-04c1-424b-9868-57a2d4851a1d" relativeResultsDirectory="d699e4f6-5310-4858-8104-2428bffadad5" />
    <UnitTestResult executionId="c507f456-d05f-4057-aca5-0189a013c21a" testId="e8ad2706-3327-0bd0-6928-db3b3e6344dc" testName="AllAttributesWerePresent_ShouldReturnFalse_WhenBottomAttributeIsNotAFloat" computerName="DKSR-EFI-06" duration="00:00:00.0003373" startTime="2024-01-09T15:45:03.2793702+01:00" endTime="2024-01-09T15:45:03.2793702+01:00" testType="13cdc9d9-ddb5-4fa4-a97d-d965ccfc6d4b" outcome="Passed" testListId="8c84fa94-04c1-424b-9868-57a2d4851a1d" relativeResultsDirectory="c507f456-d05f-4057-aca5-0189a013c21a" />
    <UnitTestResult executionId="28671a01-fbc8-40bc-924b-eb951d151061" testId="952d04da-369e-0e5d-fb29-9bfdf4da3a0e" testName="ContentShouldReturnConstructorParameter" computerName="DKSR-EFI-06" duration="00:00:00.0003137" startTime="2024-01-09T15:45:04.7793751+01:00" endTime="2024-01-09T15:45:04.7793751+01:00" testType="13cdc9d9-ddb5-4fa4-a97d-d965ccfc6d4b" outcome="Passed" testListId="8c84fa94-04c1-424b-9868-57a2d4851a1d" relativeResultsDirectory="28671a01-fbc8-40bc-924b-eb951d151061" />
    <UnitTestResult executionId="303fe845-3278-49be-959c-2003eb893ef3" testId="0e72e474-7df2-3dd5-7160-b0a32b2afdd9" testName="Equals_Fail_OnParentId" computerName="DKSR-EFI-06" duration="00:00:00.0005181" startTime="2024-01-09T15:44:29.7949351+01:00" endTime="2024-01-09T15:44:29.7949351+01:00" testType="13cdc9d9-ddb5-4fa4-a97d-d965ccfc6d4b" outcome="Passed" testListId="8c84fa94-04c1-424b-9868-57a2d4851a1d" relativeResultsDirectory="303fe845-3278-49be-959c-2003eb893ef3" />
    <UnitTestResult executionId="2b65ec4b-a2de-4b06-baf2-63e87632b5e2" testId="9e63be9d-2216-71c5-83e2-51bd84dc8a93" testName="CountByCounter_NotActivated_Expired" computerName="DKSR-EFI-06" duration="00:00:00.0007235" startTime="2024-01-09T15:45:04.9981259+01:00" endTime="2024-01-09T15:45:04.9981259+01:00" testType="13cdc9d9-ddb5-4fa4-a97d-d965ccfc6d4b" outcome="Passed" testListId="8c84fa94-04c1-424b-9868-57a2d4851a1d" relativeResultsDirectory="2b65ec4b-a2de-4b06-baf2-63e87632b5e2" />
    <UnitTestResult executionId="891ddcd0-90a5-49bf-8a0d-e3f9fce320ec" testId="bf3be38d-fccb-d51d-c680-813aa0d77baa" testName="ParseMetadataXmlWithString_ShouldThrowXmExceptionWithInformationOnError_WhenXmlContainsIncorrectRootElement" computerName="DKSR-EFI-06" duration="00:00:00.0020320" startTime="2024-01-09T15:45:02.8106189+01:00" endTime="2024-01-09T15:45:02.8106189+01:00" testType="13cdc9d9-ddb5-4fa4-a97d-d965ccfc6d4b" outcome="Passed" testListId="8c84fa94-04c1-424b-9868-57a2d4851a1d" relativeResultsDirectory="891ddcd0-90a5-49bf-8a0d-e3f9fce320ec" />
    <UnitTestResult executionId="a21f70f5-eba0-4517-ada4-aa755b353d91" testId="d16b66ae-362f-7903-ceb9-287ac5bef50c" testName="AllowGroupSelectionFalse_AutoCloseOnSelect_NothingSelected" computerName="DKSR-EFI-06" duration="00:00:00.0005486" startTime="2024-01-09T15:44:55.4824874+01:00" endTime="2024-01-09T15:44:55.4824874+01:00" testType="13cdc9d9-ddb5-4fa4-a97d-d965ccfc6d4b" outcome="Passed" testListId="8c84fa94-04c1-424b-9868-57a2d4851a1d" relativeResultsDirectory="a21f70f5-eba0-4517-ada4-aa755b353d91" />
    <UnitTestResult executionId="beb1be31-99d3-4cdb-be32-d4541847f9c2" testId="65d8beb9-d4b1-7128-2631-5520f6c0ed58" testName="TestCancelSearch_Success" computerName="DKSR-EFI-06" duration="00:00:00.0066355" startTime="2024-01-09T15:45:00.4356321+01:00" endTime="2024-01-09T15:45:00.4512574+01:00" testType="13cdc9d9-ddb5-4fa4-a97d-d965ccfc6d4b" outcome="Passed" testListId="8c84fa94-04c1-424b-9868-57a2d4851a1d" relativeResultsDirectory="beb1be31-99d3-4cdb-be32-d4541847f9c2" />
    <UnitTestResult executionId="ec3b6206-3a28-4988-8ea4-6da8b5d03858" testId="0e3b0f34-8ab7-ccb2-ed1a-7de6e3e165c5" testName="ClearFilterValues_MultipleValuesPresent_Success" computerName="DKSR-EFI-06" duration="00:00:00.0052357" startTime="2024-01-09T15:44:59.9045457+01:00" endTime="2024-01-09T15:44:59.9200030+01:00" testType="13cdc9d9-ddb5-4fa4-a97d-d965ccfc6d4b" outcome="Passed" testListId="8c84fa94-04c1-424b-9868-57a2d4851a1d" relativeResultsDirectory="ec3b6206-3a28-4988-8ea4-6da8b5d03858" />
    <UnitTestResult executionId="37aa8b54-d711-423c-9846-39cf31fa022f" testId="0209b421-7614-162d-e45d-48fbd126c964" testName="MatchId_Success_MessageWithAsteriskATEnd" computerName="DKSR-EFI-06" duration="00:00:00.0001568" startTime="2024-01-09T15:45:03.7168725+01:00" endTime="2024-01-09T15:45:03.7168725+01:00" testType="13cdc9d9-ddb5-4fa4-a97d-d965ccfc6d4b" outcome="Passed" testListId="8c84fa94-04c1-424b-9868-57a2d4851a1d" relativeResultsDirectory="37aa8b54-d711-423c-9846-39cf31fa022f" />
    <UnitTestResult executionId="17883c01-51d8-403a-8867-b39b403b95c3" testId="e3aed149-0356-8224-e951-0cb2d3727ba3" testName="DoubleRangeFilterValue_Deserialize_Success" computerName="DKSR-EFI-06" duration="00:00:00.0040212" startTime="2024-01-09T15:45:01.2793644+01:00" endTime="2024-01-09T15:45:01.2949917+01:00" testType="13cdc9d9-ddb5-4fa4-a97d-d965ccfc6d4b" outcome="Passed" testListId="8c84fa94-04c1-424b-9868-57a2d4851a1d" relativeResultsDirectory="17883c01-51d8-403a-8867-b39b403b95c3" />
    <UnitTestResult executionId="af7930db-8f2e-4e13-a3b0-88d6d5ac6881" testId="a30a662f-2ee5-0db0-93be-e23b78960c82" testName="TestSearchFilterCategories_WithOneAgentIsNull_Success" computerName="DKSR-EFI-06" duration="00:00:00.0010863" startTime="2024-01-09T15:45:00.2325066+01:00" endTime="2024-01-09T15:45:00.2325066+01:00" testType="13cdc9d9-ddb5-4fa4-a97d-d965ccfc6d4b" outcome="Passed" testListId="8c84fa94-04c1-424b-9868-57a2d4851a1d" relativeResultsDirectory="af7930db-8f2e-4e13-a3b0-88d6d5ac6881" />
    <UnitTestResult executionId="2d1005ab-dacf-4ec5-bc8e-ebda23845f36" testId="c47b0ccb-123e-8cec-2750-cacbc255e2ef" testName="ToJson_ListElement_Array" computerName="DKSR-EFI-06" duration="00:00:00.0001913" startTime="2024-01-09T15:45:01.8262946+01:00" endTime="2024-01-09T15:45:01.8262946+01:00" testType="13cdc9d9-ddb5-4fa4-a97d-d965ccfc6d4b" outcome="Passed" testListId="8c84fa94-04c1-424b-9868-57a2d4851a1d" relativeResultsDirectory="2d1005ab-dacf-4ec5-bc8e-ebda23845f36" />
    <UnitTestResult executionId="d4b080e7-49be-49b3-8a54-e3e16900855f" testId="1fb7df82-265a-5de3-47da-778b7185a628" testName="Serialize_ShouldThrowException_WhenPropertyIsSimpleTypeButPathContainsChildren (DecimalProperty)" computerName="DKSR-EFI-06" duration="00:00:00.0004256" startTime="2024-01-09T15:44:59.2637507+01:00" endTime="2024-01-09T15:44:59.2637507+01:00" testType="13cdc9d9-ddb5-4fa4-a97d-d965ccfc6d4b" outcome="Passed" testListId="8c84fa94-04c1-424b-9868-57a2d4851a1d" relativeResultsDirectory="d4b080e7-49be-49b3-8a54-e3e16900855f" />
    <UnitTestResult executionId="c030312c-10a1-4053-8ddf-762c818cf7cf" testId="9bf19834-4f90-5f56-a3eb-6c1d93ea3aa5" testName="Apply_ShouldApplyTranslateAndScale_WhenTranslateAndScaleIsNotNull" computerName="DKSR-EFI-06" duration="00:00:00.0004747" startTime="2024-01-09T15:45:02.6231187+01:00" endTime="2024-01-09T15:45:02.6231187+01:00" testType="13cdc9d9-ddb5-4fa4-a97d-d965ccfc6d4b" outcome="Passed" testListId="8c84fa94-04c1-424b-9868-57a2d4851a1d" relativeResultsDirectory="c030312c-10a1-4053-8ddf-762c818cf7cf" />
    <UnitTestResult executionId="98f8b444-0d7a-45d5-8753-ba63047967bb" testId="889d4bac-a87a-c9c2-145c-f024ddbd129b" testName="Serialize_ShouldThrowException_WhenPropertyIsSimpleTypeButPathContainsChildren (BoolProperty)" computerName="DKSR-EFI-06" duration="00:00:00.0004197" startTime="2024-01-09T15:44:59.2637507+01:00" endTime="2024-01-09T15:44:59.2637507+01:00" testType="13cdc9d9-ddb5-4fa4-a97d-d965ccfc6d4b" outcome="Passed" testListId="8c84fa94-04c1-424b-9868-57a2d4851a1d" relativeResultsDirectory="98f8b444-0d7a-45d5-8753-ba63047967bb" />
    <UnitTestResult executionId="b221577b-7532-4ccc-a0fd-2cab6afeed80" testId="79d8cb70-402c-e7be-4d53-f2c05fb52d5e" testName="WriteXml_ShouldWriteYAttribute_WhenAlays" computerName="DKSR-EFI-06" duration="00:00:00.0003822" startTime="2024-01-09T15:45:03.6543731+01:00" endTime="2024-01-09T15:45:03.6543731+01:00" testType="13cdc9d9-ddb5-4fa4-a97d-d965ccfc6d4b" outcome="Passed" testListId="8c84fa94-04c1-424b-9868-57a2d4851a1d" relativeResultsDirectory="b221577b-7532-4ccc-a0fd-2cab6afeed80" />
    <UnitTestResult executionId="fa47e466-8f69-4b94-bbf7-06734a004a10" testId="2d7b55ce-f568-7dde-659b-5f6dd5c4e10b" testName="ClearFilterValues_NullFilter_Throws" computerName="DKSR-EFI-06" duration="00:00:00.0015552" startTime="2024-01-09T15:44:59.9045457+01:00" endTime="2024-01-09T15:44:59.9045457+01:00" testType="13cdc9d9-ddb5-4fa4-a97d-d965ccfc6d4b" outcome="Passed" testListId="8c84fa94-04c1-424b-9868-57a2d4851a1d" relativeResultsDirectory="fa47e466-8f69-4b94-bbf7-06734a004a10" />
    <UnitTestResult executionId="7969e094-7389-4817-b097-70fe03de73d0" testId="06f72c6d-178e-1776-b54f-f3db73a3e144" testName="UtcTime_ShouldReturnConstructorValue_WhenSet" computerName="DKSR-EFI-06" duration="00:00:00.0030261" startTime="2024-01-09T15:45:02.6387449+01:00" endTime="2024-01-09T15:45:02.6543702+01:00" testType="13cdc9d9-ddb5-4fa4-a97d-d965ccfc6d4b" outcome="Passed" testListId="8c84fa94-04c1-424b-9868-57a2d4851a1d" relativeResultsDirectory="7969e094-7389-4817-b097-70fe03de73d0" />
    <UnitTestResult executionId="3d789f68-b665-4f8a-ba96-91600c2b6275" testId="ce34eb52-9bf0-0190-75b5-426ffc55227b" testName="Clear_NonEmptyQueue_QueueCleared" computerName="DKSR-EFI-06" duration="00:00:00.0004190" startTime="2024-01-09T15:44:44.0762091+01:00" endTime="2024-01-09T15:44:44.0762091+01:00" testType="13cdc9d9-ddb5-4fa4-a97d-d965ccfc6d4b" outcome="Passed" testListId="8c84fa94-04c1-424b-9868-57a2d4851a1d" relativeResultsDirectory="3d789f68-b665-4f8a-ba96-91600c2b6275" />
    <UnitTestResult executionId="0251fd27-49b3-46e3-8fc0-a2ce8844823b" testId="014a068d-cf03-ed2b-0a73-be788526e910" testName="Minimize_ShouldReturnOneInterval_WhenListContainsTwoOverlappingIntervalsReversed" computerName="DKSR-EFI-06" duration="00:00:00.0005952" startTime="2024-01-09T15:44:43.9512082+01:00" endTime="2024-01-09T15:44:43.9512082+01:00" testType="13cdc9d9-ddb5-4fa4-a97d-d965ccfc6d4b" outcome="Passed" testListId="8c84fa94-04c1-424b-9868-57a2d4851a1d" relativeResultsDirectory="0251fd27-49b3-46e3-8fc0-a2ce8844823b" />
    <UnitTestResult executionId="e06b4370-d76c-41a3-9d82-3e79a6c510de" testId="e5327567-16bb-a9ea-d8a4-bb9395ce3964" testName="Serialize_TestCases (TestParentTypeMatchStringNotThisTypeMatched)" computerName="DKSR-EFI-06" duration="00:00:00.0003487" startTime="2024-01-09T15:44:59.4356265+01:00" endTime="2024-01-09T15:44:59.4356265+01:00" testType="13cdc9d9-ddb5-4fa4-a97d-d965ccfc6d4b" outcome="Passed" testListId="8c84fa94-04c1-424b-9868-57a2d4851a1d" relativeResultsDirectory="e06b4370-d76c-41a3-9d82-3e79a6c510de" />
    <UnitTestResult executionId="484fd877-225a-4da6-bbb6-e3949101129f" testId="81e8c1a0-4900-8a66-1f87-0c131327f5b5" testName="Ctor_TwoCustomFilters_Success" computerName="DKSR-EFI-06" duration="00:00:00.0009329" startTime="2024-01-09T15:45:01.4512434+01:00" endTime="2024-01-09T15:45:01.4512434+01:00" testType="13cdc9d9-ddb5-4fa4-a97d-d965ccfc6d4b" outcome="Passed" testListId="8c84fa94-04c1-424b-9868-57a2d4851a1d" relativeResultsDirectory="484fd877-225a-4da6-bbb6-e3949101129f" />
    <UnitTestResult executionId="29b40c91-46fb-4347-9ca4-96fbb55fb57f" testId="6afb1227-217c-b2e9-db11-52fb1d5fc56a" testName="Add_ShouldUpdateStartCache_WhenOldStartTimeIsLaterThanAdded" computerName="DKSR-EFI-06" duration="00:00:00.0248846" startTime="2024-01-09T15:45:05.9512517+01:00" endTime="2024-01-09T15:45:05.9825024+01:00" testType="13cdc9d9-ddb5-4fa4-a97d-d965ccfc6d4b" outcome="Passed" testListId="8c84fa94-04c1-424b-9868-57a2d4851a1d" relativeResultsDirectory="29b40c91-46fb-4347-9ca4-96fbb55fb57f" />
    <UnitTestResult executionId="8f266060-8f6a-4266-b363-49c19afed828" testId="6494ab94-5c0c-369b-99ff-59bfdd03b59b" testName="GenerateDeviceParameters_ShouldOmitQuality_WhenQualityIsZero" computerName="DKSR-EFI-06" duration="00:00:00.0006277" startTime="2024-01-09T15:45:05.1856258+01:00" endTime="2024-01-09T15:45:05.1856258+01:00" testType="13cdc9d9-ddb5-4fa4-a97d-d965ccfc6d4b" outcome="Passed" testListId="8c84fa94-04c1-424b-9868-57a2d4851a1d" relativeResultsDirectory="8f266060-8f6a-4266-b363-49c19afed828" />
    <UnitTestResult executionId="c8b9728a-a726-4f37-8c28-b857834ebb48" testId="d09566d1-6438-9687-6d98-ba12ffff4915" testName="ReadXml_ShouldReadBoldAttribute_WhenPresent" computerName="DKSR-EFI-06" duration="00:00:00.0003967" startTime="2024-01-09T15:45:02.5918680+01:00" endTime="2024-01-09T15:45:02.5918680+01:00" testType="13cdc9d9-ddb5-4fa4-a97d-d965ccfc6d4b" outcome="Passed" testListId="8c84fa94-04c1-424b-9868-57a2d4851a1d" relativeResultsDirectory="c8b9728a-a726-4f37-8c28-b857834ebb48" />
    <UnitTestResult executionId="4da76b1b-2842-438d-8d12-5f40183de456" testId="feff974b-15e7-7bde-2e9a-7282257d799e" testName="GenerateDeviceCapabilityParameters_ShouldWriteDefault_WhenAlways" computerName="DKSR-EFI-06" duration="00:00:00.0005281" startTime="2024-01-09T15:45:05.2168755+01:00" endTime="2024-01-09T15:45:05.2168755+01:00" testType="13cdc9d9-ddb5-4fa4-a97d-d965ccfc6d4b" outcome="Passed" testListId="8c84fa94-04c1-424b-9868-57a2d4851a1d" relativeResultsDirectory="4da76b1b-2842-438d-8d12-5f40183de456" />
    <UnitTestResult executionId="0f27de03-4807-41a2-9d4e-bc8e0213194f" testId="bffd3eb0-f441-4434-c761-838539b2758c" testName="GetBoundingShapesAsync_SingleInvocationPerTime_DelegatedToInternalMethod" computerName="DKSR-EFI-06" duration="00:00:00.0014683" startTime="2024-01-09T15:45:00.7481329+01:00" endTime="2024-01-09T15:45:00.7481329+01:00" testType="13cdc9d9-ddb5-4fa4-a97d-d965ccfc6d4b" outcome="Passed" testListId="8c84fa94-04c1-424b-9868-57a2d4851a1d" relativeResultsDirectory="0f27de03-4807-41a2-9d4e-bc8e0213194f" />
    <UnitTestResult executionId="048d1a8f-f8d5-46da-954f-b784ffe818e8" testId="63610c24-9538-e81d-7363-0d5652fbe351" testName="Serialize_TestCases (Verify root Object (not null) property)" computerName="DKSR-EFI-06" duration="00:00:00.0001898" startTime="2024-01-09T15:44:59.3575002+01:00" endTime="2024-01-09T15:44:59.3575002+01:00" testType="13cdc9d9-ddb5-4fa4-a97d-d965ccfc6d4b" outcome="Passed" testListId="8c84fa94-04c1-424b-9868-57a2d4851a1d" relativeResultsDirectory="048d1a8f-f8d5-46da-954f-b784ffe818e8" />
    <UnitTestResult executionId="f15a8359-0dca-4457-91ac-1d3b46e87b5a" testId="add90257-7bfd-08af-414a-c1fd006f1b8f" testName="HostInitialized_ShouldNotInvokeCallback_WhenInitializedWithoutItems" computerName="DKSR-EFI-06" duration="00:00:00.1282707" startTime="2024-01-09T15:44:56.6074899+01:00" endTime="2024-01-09T15:44:56.7325124+01:00" testType="13cdc9d9-ddb5-4fa4-a97d-d965ccfc6d4b" outcome="Passed" testListId="8c84fa94-04c1-424b-9868-57a2d4851a1d" relativeResultsDirectory="f15a8359-0dca-4457-91ac-1d3b46e87b5a" />
    <UnitTestResult executionId="e24da4ad-3b83-49c4-bb69-36fc41deb1a5" testId="fb0f855b-006e-c67f-b9b6-ef310c289ea8" testName="ProvideValue_ShouldUseItemDataValue_WhenItemDataPropertyNameIsSet" computerName="DKSR-EFI-06" duration="00:00:00.0017914" startTime="2024-01-09T15:44:58.1231233+01:00" endTime="2024-01-09T15:44:58.1231233+01:00" testType="13cdc9d9-ddb5-4fa4-a97d-d965ccfc6d4b" outcome="Passed" testListId="8c84fa94-04c1-424b-9868-57a2d4851a1d" relativeResultsDirectory="e24da4ad-3b83-49c4-bb69-36fc41deb1a5" />
    <UnitTestResult executionId="c51a8461-44a5-4296-bba8-280a0d3f0b0a" testId="a768137e-5549-c79d-d4cb-ddd67ba25589" testName="Items_NullRootItem_ItemNotShown" computerName="DKSR-EFI-06" duration="00:00:00.0133494" startTime="2024-01-09T15:44:55.9824883+01:00" endTime="2024-01-09T15:44:55.9824883+01:00" testType="13cdc9d9-ddb5-4fa4-a97d-d965ccfc6d4b" outcome="Passed" testListId="8c84fa94-04c1-424b-9868-57a2d4851a1d" relativeResultsDirectory="c51a8461-44a5-4296-bba8-280a0d3f0b0a" />
    <UnitTestResult executionId="e14e338c-b0bb-4e71-8006-e700bd2db402" testId="ba44ddc9-34e5-6996-f0e1-93c6786eed78" testName="RegionSelectionFilterValue_Deserialize_Success" computerName="DKSR-EFI-06" duration="00:00:00.0781195" startTime="2024-01-09T15:45:01.3418664+01:00" endTime="2024-01-09T15:45:01.4199919+01:00" testType="13cdc9d9-ddb5-4fa4-a97d-d965ccfc6d4b" outcome="Passed" testListId="8c84fa94-04c1-424b-9868-57a2d4851a1d" relativeResultsDirectory="e14e338c-b0bb-4e71-8006-e700bd2db402" />
    <UnitTestResult executionId="a9d16cd0-0550-48f4-920f-0d400efebe3a" testId="682b3a18-5ce2-e09c-06c2-b3ebd5eb55df" testName="ReadXml_ShouldIgnoreFrame_WhenFrameDidNotReadUtcTime" computerName="DKSR-EFI-06" duration="00:00:00.0014256" startTime="2024-01-09T15:45:03.6699966+01:00" endTime="2024-01-09T15:45:03.6699966+01:00" testType="13cdc9d9-ddb5-4fa4-a97d-d965ccfc6d4b" outcome="Passed" testListId="8c84fa94-04c1-424b-9868-57a2d4851a1d" relativeResultsDirectory="a9d16cd0-0550-48f4-920f-0d400efebe3a" />
    <UnitTestResult executionId="31407397-9454-4a25-935d-e7a90d5f7b59" testId="8a8663da-3c48-e3de-3195-bc33f43c17d1" testName="Equals_ShouldHaveValueSemantics_Always" computerName="DKSR-EFI-06" duration="00:00:00.0011488" startTime="2024-01-09T15:45:03.1074982+01:00" endTime="2024-01-09T15:45:03.1074982+01:00" testType="13cdc9d9-ddb5-4fa4-a97d-d965ccfc6d4b" outcome="Passed" testListId="8c84fa94-04c1-424b-9868-57a2d4851a1d" relativeResultsDirectory="31407397-9454-4a25-935d-e7a90d5f7b59" />
    <UnitTestResult executionId="4e9ee864-c71e-4971-bd9c-a887adb5281e" testId="6a90276b-bdbd-5195-546b-d62b355d6d1e" testName="Append_2Element_String" computerName="DKSR-EFI-06" duration="00:00:00.0001771" startTime="2024-01-09T15:45:01.6074910+01:00" endTime="2024-01-09T15:45:01.6074910+01:00" testType="13cdc9d9-ddb5-4fa4-a97d-d965ccfc6d4b" outcome="Passed" testListId="8c84fa94-04c1-424b-9868-57a2d4851a1d" relativeResultsDirectory="4e9ee864-c71e-4971-bd9c-a887adb5281e" />
    <UnitTestResult executionId="66882438-6910-4445-bc61-005c0877ad1b" testId="474f4123-c4f0-ed71-e9ae-2089a5b45084" testName="Convert_MultiArgumentConverter_ShouldAllowNullValue_WhenArgumentIsReferenceType" computerName="DKSR-EFI-06" duration="00:00:00.0005864" startTime="2024-01-09T15:44:56.6074899+01:00" endTime="2024-01-09T15:44:56.6074899+01:00" testType="13cdc9d9-ddb5-4fa4-a97d-d965ccfc6d4b" outcome="Passed" testListId="8c84fa94-04c1-424b-9868-57a2d4851a1d" relativeResultsDirectory="66882438-6910-4445-bc61-005c0877ad1b" />
    <UnitTestResult executionId="43efdd24-f323-4efe-b570-607b0be81dae" testId="7c55a314-e50c-cf7f-eb2f-1d2ce3940e80" testName="GetPrevious_ShouldReturnNull_WhenFirstEntryWasCalled" computerName="DKSR-EFI-06" duration="00:00:00.0004603" startTime="2024-01-09T15:45:05.3418755+01:00" endTime="2024-01-09T15:45:05.3418755+01:00" testType="13cdc9d9-ddb5-4fa4-a97d-d965ccfc6d4b" outcome="Passed" testListId="8c84fa94-04c1-424b-9868-57a2d4851a1d" relativeResultsDirectory="43efdd24-f323-4efe-b570-607b0be81dae" />
    <UnitTestResult executionId="1b45e7bf-4f20-478c-bbfd-ddbae0ab309e" testId="96679b49-92b7-51d9-e879-f6f3b11a1a2d" testName="Serialize_TestCases (TestParentTypeMatchDoubleThisTypeMatched)" computerName="DKSR-EFI-06" duration="00:00:00.0004405" startTime="2024-01-09T15:44:59.4668772+01:00" endTime="2024-01-09T15:44:59.4668772+01:00" testType="13cdc9d9-ddb5-4fa4-a97d-d965ccfc6d4b" outcome="Passed" testListId="8c84fa94-04c1-424b-9868-57a2d4851a1d" relativeResultsDirectory="1b45e7bf-4f20-478c-bbfd-ddbae0ab309e" />
    <UnitTestResult executionId="a452f86a-07a6-4608-a90e-94514d822388" testId="e081911d-8f68-16dc-95b9-ce6ca0099b36" testName="Parse_UnclosedBracket" computerName="DKSR-EFI-06" duration="00:00:00.0006059" startTime="2024-01-09T15:45:01.7324934+01:00" endTime="2024-01-09T15:45:01.7481165+01:00" testType="13cdc9d9-ddb5-4fa4-a97d-d965ccfc6d4b" outcome="Passed" testListId="8c84fa94-04c1-424b-9868-57a2d4851a1d" relativeResultsDirectory="a452f86a-07a6-4608-a90e-94514d822388" />
    <UnitTestResult executionId="781a3bf4-f624-426b-994c-d9d33b4e5194" testId="8685a0cc-8f6c-e530-6b25-43918c6d87aa" testName="GenerateEnumValueParameters_ShouldWriteDisplayId_WhenAlways" computerName="DKSR-EFI-06" duration="00:00:00.0008304" startTime="2024-01-09T15:45:05.2481271+01:00" endTime="2024-01-09T15:45:05.2481271+01:00" testType="13cdc9d9-ddb5-4fa4-a97d-d965ccfc6d4b" outcome="Passed" testListId="8c84fa94-04c1-424b-9868-57a2d4851a1d" relativeResultsDirectory="781a3bf4-f624-426b-994c-d9d33b4e5194" />
    <UnitTestResult executionId="8f232bea-c5a3-444a-bb27-201caba340a2" testId="c412921c-a830-d00a-e2a6-2eda860b9055" testName="AddFilterValue_ExistingValue_FirstValue_Success" computerName="DKSR-EFI-06" duration="00:00:00.0014081" startTime="2024-01-09T15:44:59.8731289+01:00" endTime="2024-01-09T15:44:59.8731289+01:00" testType="13cdc9d9-ddb5-4fa4-a97d-d965ccfc6d4b" outcome="Passed" testListId="8c84fa94-04c1-424b-9868-57a2d4851a1d" relativeResultsDirectory="8f232bea-c5a3-444a-bb27-201caba340a2" />
    <UnitTestResult executionId="4c9ee446-99e2-45f6-b5c1-c5a9b77f23e6" testId="77b4115c-9698-8872-1259-5ceebb1db073" testName="IconOverlay_Success" computerName="DKSR-EFI-06" duration="00:00:00.0157076" startTime="2024-01-09T15:44:30.8886844+01:00" endTime="2024-01-09T15:44:30.9043131+01:00" testType="13cdc9d9-ddb5-4fa4-a97d-d965ccfc6d4b" outcome="Passed" testListId="8c84fa94-04c1-424b-9868-57a2d4851a1d" relativeResultsDirectory="4c9ee446-99e2-45f6-b5c1-c5a9b77f23e6" />
    <UnitTestResult executionId="ab5d1871-8d70-4fdf-bddf-46d073771f00" testId="e58ef73c-b84c-961f-61e3-72952cd8cb8c" testName="CreateAlarmFromEvent_ShouldReturnProperAlarm_WhenArgumentIsAnalyticsEvent" computerName="DKSR-EFI-06" duration="00:00:00.0085352" startTime="2024-01-09T15:44:32.5606070+01:00" endTime="2024-01-09T15:44:32.5761852+01:00" testType="13cdc9d9-ddb5-4fa4-a97d-d965ccfc6d4b" outcome="Passed" testListId="8c84fa94-04c1-424b-9868-57a2d4851a1d" relativeResultsDirectory="ab5d1871-8d70-4fdf-bddf-46d073771f00" />
    <UnitTestResult executionId="b39bdc5d-8549-4586-9de3-3bc2ef5afc1b" testId="62bbe3ee-7e4f-b582-4e14-d8ceb77d972c" testName="Constructor_ShouldThrowArgumentNullException_WhenItemIsNull" computerName="DKSR-EFI-06" duration="00:00:00.1016045" startTime="2024-01-09T15:45:05.4668764+01:00" endTime="2024-01-09T15:45:05.5606267+01:00" testType="13cdc9d9-ddb5-4fa4-a97d-d965ccfc6d4b" outcome="Passed" testListId="8c84fa94-04c1-424b-9868-57a2d4851a1d" relativeResultsDirectory="b39bdc5d-8549-4586-9de3-3bc2ef5afc1b" />
    <UnitTestResult executionId="04d0203e-7193-459f-bfd9-4c2b4e483ab2" testId="bef51588-d886-f6e3-fdda-95da2278aacb" testName="ToArgbString_ShouldReturnStringWithLeadingHashAndHexString_Always" computerName="DKSR-EFI-06" duration="00:00:00.0005200" startTime="2024-01-09T15:45:02.5606187+01:00" endTime="2024-01-09T15:45:02.5606187+01:00" testType="13cdc9d9-ddb5-4fa4-a97d-d965ccfc6d4b" outcome="Passed" testListId="8c84fa94-04c1-424b-9868-57a2d4851a1d" relativeResultsDirectory="04d0203e-7193-459f-bfd9-4c2b4e483ab2" />
    <UnitTestResult executionId="d84c51d8-4aae-40b9-a4ab-bc8f62709d84" testId="8f92c43f-5727-bf2b-415e-cb82964ac302" testName="ParseArgbString_ShouldCreateInstanceWithCorrectARGBValues_WhenFormatIsCorrect" computerName="DKSR-EFI-06" duration="00:00:00.0005692" startTime="2024-01-09T15:45:02.5293684+01:00" endTime="2024-01-09T15:45:02.5293684+01:00" testType="13cdc9d9-ddb5-4fa4-a97d-d965ccfc6d4b" outcome="Passed" testListId="8c84fa94-04c1-424b-9868-57a2d4851a1d" relativeResultsDirectory="d84c51d8-4aae-40b9-a4ab-bc8f62709d84" />
    <UnitTestResult executionId="fd490776-97b4-47c5-bab8-a2586634ba81" testId="57774d4f-0e88-d290-a792-720e504514ba" testName="IsEmptyValue_SelectionFilterValue_DefaultValue_ReturnsTrue" computerName="DKSR-EFI-06" duration="00:00:00.0003413" startTime="2024-01-09T15:45:00.0450082+01:00" endTime="2024-01-09T15:45:00.0450082+01:00" testType="13cdc9d9-ddb5-4fa4-a97d-d965ccfc6d4b" outcome="Passed" testListId="8c84fa94-04c1-424b-9868-57a2d4851a1d" relativeResultsDirectory="fd490776-97b4-47c5-bab8-a2586634ba81" />
    <UnitTestResult executionId="b1cf0fcb-23c3-4491-a387-1a1ac49f9ccc" testId="68f5557d-4bd5-ebae-3a22-537c1702d781" testName="Equals_IgnoreFolderType_Fail_OnObjectString" computerName="DKSR-EFI-06" duration="00:00:00.0004706" startTime="2024-01-09T15:44:29.7793130+01:00" endTime="2024-01-09T15:44:29.7793130+01:00" testType="13cdc9d9-ddb5-4fa4-a97d-d965ccfc6d4b" outcome="Passed" testListId="8c84fa94-04c1-424b-9868-57a2d4851a1d" relativeResultsDirectory="b1cf0fcb-23c3-4491-a387-1a1ac49f9ccc" />
    <UnitTestResult executionId="042c1a22-51ec-4956-bbf5-c7bcb5bdc4d3" testId="7c25e9d9-71c3-90cd-d0cc-85e1e58efd6b" testName="GetPropertiesAsync_SingleInvocation_DelegatedToInternalMethod" computerName="DKSR-EFI-06" duration="00:00:00.0110291" startTime="2024-01-09T15:45:00.6856342+01:00" endTime="2024-01-09T15:45:00.7012570+01:00" testType="13cdc9d9-ddb5-4fa4-a97d-d965ccfc6d4b" outcome="Passed" testListId="8c84fa94-04c1-424b-9868-57a2d4851a1d" relativeResultsDirectory="042c1a22-51ec-4956-bbf5-c7bcb5bdc4d3" />
    <UnitTestResult executionId="304a8b43-f702-41d8-bb8e-2e80dd1d9e0c" testId="7b6494d9-14d1-e703-8dce-eacd52852ebc" testName="GetGenderFilterValues_FilterValueMissing_ReturnsEmptyCollection" computerName="DKSR-EFI-06" duration="00:00:00.0003340" startTime="2024-01-09T15:45:01.4824925+01:00" endTime="2024-01-09T15:45:01.4824925+01:00" testType="13cdc9d9-ddb5-4fa4-a97d-d965ccfc6d4b" outcome="Passed" testListId="8c84fa94-04c1-424b-9868-57a2d4851a1d" relativeResultsDirectory="304a8b43-f702-41d8-bb8e-2e80dd1d9e0c" />
    <UnitTestResult executionId="dc785857-e592-4043-a4ba-570351afbf91" testId="9bb96261-1701-74be-ae73-ef01ff852954" testName="Decrypt_ShouldThrowMIPException_WhenCryptographicServiceProviderIsNotAvailable" computerName="DKSR-EFI-06" duration="00:00:00.0009063" startTime="2024-01-09T15:45:04.9668741+01:00" endTime="2024-01-09T15:45:04.9668741+01:00" testType="13cdc9d9-ddb5-4fa4-a97d-d965ccfc6d4b" outcome="Passed" testListId="8c84fa94-04c1-424b-9868-57a2d4851a1d" relativeResultsDirectory="dc785857-e592-4043-a4ba-570351afbf91" />
    <UnitTestResult executionId="1dd94e3e-6b1e-424c-9889-748bc1ad2ba6" testId="57917bfd-ab9b-4422-cadc-1c44ad6d5244" testName="ReadXml_ShouldReadRightAttribute_WhenPresent" computerName="DKSR-EFI-06" duration="00:00:00.0003698" startTime="2024-01-09T15:45:03.2637474+01:00" endTime="2024-01-09T15:45:03.2637474+01:00" testType="13cdc9d9-ddb5-4fa4-a97d-d965ccfc6d4b" outcome="Passed" testListId="8c84fa94-04c1-424b-9868-57a2d4851a1d" relativeResultsDirectory="1dd94e3e-6b1e-424c-9889-748bc1ad2ba6" />
    <UnitTestResult executionId="c6d43d7e-25be-440e-80c5-f2db16d8caba" testId="34c289c0-6cda-cf85-24b7-8d07bcc44948" testName="Close_ScopeChangedEventHandlerSet_EventHandlerRemoved" computerName="DKSR-EFI-06" duration="00:00:00.0044616" startTime="2024-01-09T15:44:59.7950029+01:00" endTime="2024-01-09T15:44:59.7950029+01:00" testType="13cdc9d9-ddb5-4fa4-a97d-d965ccfc6d4b" outcome="Passed" testListId="8c84fa94-04c1-424b-9868-57a2d4851a1d" relativeResultsDirectory="c6d43d7e-25be-440e-80c5-f2db16d8caba" />
    <UnitTestResult executionId="dfd088f8-95b7-4c51-ac6d-f414b107ea5f" testId="64d46e5a-18bf-c3a7-d947-63730f82a01e" testName="GenerateParameters_ShouldWriteQualityRange_WhenQualityRangeIsNotNull" computerName="DKSR-EFI-06" duration="00:00:00.0003069" startTime="2024-01-09T15:45:05.2012523+01:00" endTime="2024-01-09T15:45:05.2012523+01:00" testType="13cdc9d9-ddb5-4fa4-a97d-d965ccfc6d4b" outcome="Passed" testListId="8c84fa94-04c1-424b-9868-57a2d4851a1d" relativeResultsDirectory="dfd088f8-95b7-4c51-ac6d-f414b107ea5f" />
    <UnitTestResult executionId="c19122be-b180-4c66-a83b-7c59ed02d908" testId="c3bd77bb-39a3-4c51-ccee-0dc4af1425a6" testName="Add_ShouldReplaceLastElement_WhenStartTimeOfLastIsSameAsAdded" computerName="DKSR-EFI-06" duration="00:00:00.0273982" startTime="2024-01-09T15:45:05.9043752+01:00" endTime="2024-01-09T15:45:05.9200036+01:00" testType="13cdc9d9-ddb5-4fa4-a97d-d965ccfc6d4b" outcome="Passed" testListId="8c84fa94-04c1-424b-9868-57a2d4851a1d" relativeResultsDirectory="c19122be-b180-4c66-a83b-7c59ed02d908" />
    <UnitTestResult executionId="170d0660-bbf7-4d97-a6aa-805f1e753e1d" testId="e5af325c-5bae-fda3-b423-271b64739afe" testName="Match_Fail_SystemType_WrongType" computerName="DKSR-EFI-06" duration="00:00:00.0003655" startTime="2024-01-09T15:45:03.9043713+01:00" endTime="2024-01-09T15:45:03.9043713+01:00" testType="13cdc9d9-ddb5-4fa4-a97d-d965ccfc6d4b" outcome="Passed" testListId="8c84fa94-04c1-424b-9868-57a2d4851a1d" relativeResultsDirectory="170d0660-bbf7-4d97-a6aa-805f1e753e1d" />
    <UnitTestResult executionId="f8a7a037-8f54-4ab0-acc1-6a65740fd735" testId="bd4bf395-8f98-04c2-c5f8-cab1c6647ef1" testName="ParsingAndSerializing_ShouldPreserveDataIntegrety" computerName="DKSR-EFI-06" duration="00:00:00.0588615" startTime="2024-01-09T15:45:02.8262449+01:00" endTime="2024-01-09T15:45:02.8887438+01:00" testType="13cdc9d9-ddb5-4fa4-a97d-d965ccfc6d4b" outcome="Passed" testListId="8c84fa94-04c1-424b-9868-57a2d4851a1d" relativeResultsDirectory="f8a7a037-8f54-4ab0-acc1-6a65740fd735" />
    <UnitTestResult executionId="a0c4d198-8b94-47c3-8b5d-662f2f875781" testId="2516f5ca-d06b-43f0-8619-b53bdf03ad3b" testName="GetParent_IsNull" computerName="DKSR-EFI-06" duration="00:00:00.0016520" startTime="2024-01-09T15:44:29.8418105+01:00" endTime="2024-01-09T15:44:29.8418105+01:00" testType="13cdc9d9-ddb5-4fa4-a97d-d965ccfc6d4b" outcome="Passed" testListId="8c84fa94-04c1-424b-9868-57a2d4851a1d" relativeResultsDirectory="a0c4d198-8b94-47c3-8b5d-662f2f875781" />
    <UnitTestResult executionId="96c5f8a3-b46f-45bf-b917-0cb33a40532b" testId="c484feb4-af2e-2886-69bb-e210e70b626b" testName="Encrypt_PropertyIsSetToTrue_EncryptIsTrue" computerName="DKSR-EFI-06" duration="00:00:00.0443867" startTime="2024-01-09T15:44:31.8261887+01:00" endTime="2024-01-09T15:44:31.8730603+01:00" testType="13cdc9d9-ddb5-4fa4-a97d-d965ccfc6d4b" outcome="Passed" testListId="8c84fa94-04c1-424b-9868-57a2d4851a1d" relativeResultsDirectory="96c5f8a3-b46f-45bf-b917-0cb33a40532b" />
    <UnitTestResult executionId="bc184ec8-f478-4595-b162-dcd9eb516161" testId="293f208d-a107-c0fc-0068-8de4f4577501" testName="CreateSearchResultUserControl_SinglePluginMultipleUserControlsPlugins_Success" computerName="DKSR-EFI-06" duration="00:00:00.0068098" startTime="2024-01-09T15:45:01.2481170+01:00" endTime="2024-01-09T15:45:01.2637418+01:00" testType="13cdc9d9-ddb5-4fa4-a97d-d965ccfc6d4b" outcome="Passed" testListId="8c84fa94-04c1-424b-9868-57a2d4851a1d" relativeResultsDirectory="bc184ec8-f478-4595-b162-dcd9eb516161" />
    <UnitTestResult executionId="b0161767-ac4b-44a5-b2fd-c2d95573b163" testId="702f283c-acf3-b66b-da58-6b428c67206f" testName="ReadXml_ShouldLogWarning_WhenFrameDidNotReadUtcTime" computerName="DKSR-EFI-06" duration="00:00:00.0015647" startTime="2024-01-09T15:45:03.6856214+01:00" endTime="2024-01-09T15:45:03.6856214+01:00" testType="13cdc9d9-ddb5-4fa4-a97d-d965ccfc6d4b" outcome="Passed" testListId="8c84fa94-04c1-424b-9868-57a2d4851a1d" relativeResultsDirectory="b0161767-ac4b-44a5-b2fd-c2d95573b163" />
    <UnitTestResult executionId="f2befea7-bc7d-4331-a41d-9f3e42b2351f" testId="aa7cd316-bd03-8913-f5ff-bd80befd5e8b" testName="WriteXml_ShouldWriteTransformationElement_WhenTransformationIsNotNull" computerName="DKSR-EFI-06" duration="00:00:00.0009701" startTime="2024-01-09T15:45:02.7481439+01:00" endTime="2024-01-09T15:45:02.7481439+01:00" testType="13cdc9d9-ddb5-4fa4-a97d-d965ccfc6d4b" outcome="Passed" testListId="8c84fa94-04c1-424b-9868-57a2d4851a1d" relativeResultsDirectory="f2befea7-bc7d-4331-a41d-9f3e42b2351f" />
    <UnitTestResult executionId="06e754de-36e4-465c-9d21-e55ad891a1e2" testId="fcbb076d-21c9-d2c8-8141-56d340d67c02" testName="ReadXml_ShouldReadTransformation_WhenTransformationIsPresent" computerName="DKSR-EFI-06" duration="00:00:00.0003423" startTime="2024-01-09T15:45:02.7012453+01:00" endTime="2024-01-09T15:45:02.7012453+01:00" testType="13cdc9d9-ddb5-4fa4-a97d-d965ccfc6d4b" outcome="Passed" testListId="8c84fa94-04c1-424b-9868-57a2d4851a1d" relativeResultsDirectory="06e754de-36e4-465c-9d21-e55ad891a1e2" />
    <UnitTestResult executionId="48096f5c-4e2a-403e-ad28-6567e54c204b" testId="ef239907-8146-d171-397a-2e18ca0a7d07" testName="Apply_ShouldAddTranslateYCoordinatesToCenterYAndTranslateXCoordinatesToCenterX_WhenTranslateIsNotNull" computerName="DKSR-EFI-06" duration="00:00:00.0032990" startTime="2024-01-09T15:45:02.6074941+01:00" endTime="2024-01-09T15:45:02.6074941+01:00" testType="13cdc9d9-ddb5-4fa4-a97d-d965ccfc6d4b" outcome="Passed" testListId="8c84fa94-04c1-424b-9868-57a2d4851a1d" relativeResultsDirectory="48096f5c-4e2a-403e-ad28-6567e54c204b" />
    <UnitTestResult executionId="60889f00-7694-4b33-8d37-5c1c67154865" testId="c1d75516-b54b-45bf-488a-9e0ebd61f8c4" testName="LastModified_ShouldReturnMinValue_WhenUnknownKind" computerName="DKSR-EFI-06" duration="00:00:00.0014595" startTime="2024-01-09T15:44:33.7949343+01:00" endTime="2024-01-09T15:44:33.7949343+01:00" testType="13cdc9d9-ddb5-4fa4-a97d-d965ccfc6d4b" outcome="Passed" testListId="8c84fa94-04c1-424b-9868-57a2d4851a1d" relativeResultsDirectory="60889f00-7694-4b33-8d37-5c1c67154865" />
    <UnitTestResult executionId="13e7550f-ffa5-4517-8ed1-350319492de1" testId="b88c7a93-5167-689b-3a6b-7ed6795729e1" testName="WriteXml_ShouldOmitElements_WhenDataIsNotPresent" computerName="DKSR-EFI-06" duration="00:00:00.0002509" startTime="2024-01-09T15:45:02.9824980+01:00" endTime="2024-01-09T15:45:02.9824980+01:00" testType="13cdc9d9-ddb5-4fa4-a97d-d965ccfc6d4b" outcome="Passed" testListId="8c84fa94-04c1-424b-9868-57a2d4851a1d" relativeResultsDirectory="13e7550f-ffa5-4517-8ed1-350319492de1" />
    <UnitTestResult executionId="7d043934-c4de-4002-a8a4-037add6397c1" testId="3b72e631-6670-fe62-856b-ccd543a59971" testName="GetPrevious_ShouldReturnNull_WhenCallToFindCacheEntryAfterReturnedNull" computerName="DKSR-EFI-06" duration="00:00:00.0004744" startTime="2024-01-09T15:45:05.3575019+01:00" endTime="2024-01-09T15:45:05.3575019+01:00" testType="13cdc9d9-ddb5-4fa4-a97d-d965ccfc6d4b" outcome="Passed" testListId="8c84fa94-04c1-424b-9868-57a2d4851a1d" relativeResultsDirectory="7d043934-c4de-4002-a8a4-037add6397c1" />
    <UnitTestResult executionId="fa1d292a-e796-4d35-a1af-ceea656e4cfb" testId="c4ce90f1-597d-a003-4d5c-b418943cb443" testName="Minimize_ShouldReturnEmptyList_WhenListIsEmpty" computerName="DKSR-EFI-06" duration="00:00:00.0248556" startTime="2024-01-09T15:44:43.9043410+01:00" endTime="2024-01-09T15:44:43.9355814+01:00" testType="13cdc9d9-ddb5-4fa4-a97d-d965ccfc6d4b" outcome="Passed" testListId="8c84fa94-04c1-424b-9868-57a2d4851a1d" relativeResultsDirectory="fa1d292a-e796-4d35-a1af-ceea656e4cfb" />
    <UnitTestResult executionId="92f5ce12-3008-4173-b09c-4a6d996d93e9" testId="ad0265a0-96ba-5103-cd9d-a51d12bc6389" testName="ReadXml_ShouldLogWarningOnlyOnceWithinOneMinute_WhenBoundingBoxIsIncomplete" computerName="DKSR-EFI-06" duration="00:00:00.0015817" startTime="2024-01-09T15:45:03.4824964+01:00" endTime="2024-01-09T15:45:03.4824964+01:00" testType="13cdc9d9-ddb5-4fa4-a97d-d965ccfc6d4b" outcome="Passed" testListId="8c84fa94-04c1-424b-9868-57a2d4851a1d" relativeResultsDirectory="92f5ce12-3008-4173-b09c-4a6d996d93e9" />
    <UnitTestResult executionId="3d589dcb-928d-445c-b90c-294e86727086" testId="58908065-853e-c4d9-3613-bc3198b1cc08" testName="ReadXml_ShouldReadVideoAnalysticsChildren_WhenMultipleChildrenIsPresent" computerName="DKSR-EFI-06" duration="00:00:00.0003171" startTime="2024-01-09T15:45:02.9199946+01:00" endTime="2024-01-09T15:45:02.9199946+01:00" testType="13cdc9d9-ddb5-4fa4-a97d-d965ccfc6d4b" outcome="Passed" testListId="8c84fa94-04c1-424b-9868-57a2d4851a1d" relativeResultsDirectory="3d589dcb-928d-445c-b90c-294e86727086" />
    <UnitTestResult executionId="35797f86-fe5e-4439-8b06-1b4c9ecc23c7" testId="6c89edff-e640-ffef-eff3-e38e5c9bbb28" testName="Remove_ItemNotInQueue_NoChange" computerName="DKSR-EFI-06" duration="00:00:00.0002238" startTime="2024-01-09T15:44:44.0605819+01:00" endTime="2024-01-09T15:44:44.0605819+01:00" testType="13cdc9d9-ddb5-4fa4-a97d-d965ccfc6d4b" outcome="Passed" testListId="8c84fa94-04c1-424b-9868-57a2d4851a1d" relativeResultsDirectory="35797f86-fe5e-4439-8b06-1b4c9ecc23c7" />
    <UnitTestResult executionId="d917731b-645e-4e1b-882c-67d7d281cb28" testId="372ecc8a-19e9-247e-0d4c-31a691ba7b09" testName="ReadXml_ShouldReadUtcTimeAttribute_WhenPresent" computerName="DKSR-EFI-06" duration="00:00:00.0046580" startTime="2024-01-09T15:45:02.6699946+01:00" endTime="2024-01-09T15:45:02.6699946+01:00" testType="13cdc9d9-ddb5-4fa4-a97d-d965ccfc6d4b" outcome="Passed" testListId="8c84fa94-04c1-424b-9868-57a2d4851a1d" relativeResultsDirectory="d917731b-645e-4e1b-882c-67d7d281cb28" />
    <UnitTestResult executionId="73d33802-5f72-4a81-87a1-98899b7fc2e9" testId="773f1d7a-65a5-fa09-a454-1d73dbdebf1c" testName="GenerateParameters_ShouldCallGenerateDeviceParametersWithCorrectPrefix_WhenThereAreMetadataDevices" computerName="DKSR-EFI-06" duration="00:00:00.0023009" startTime="2024-01-09T15:45:05.2950007+01:00" endTime="2024-01-09T15:45:05.3106265+01:00" testType="13cdc9d9-ddb5-4fa4-a97d-d965ccfc6d4b" outcome="Passed" testListId="8c84fa94-04c1-424b-9868-57a2d4851a1d" relativeResultsDirectory="73d33802-5f72-4a81-87a1-98899b7fc2e9" />
    <UnitTestResult executionId="42b6bbac-b9d2-4ed8-8fe2-77f847c0ab0b" testId="01158b98-2cd4-e826-aa9e-d2d4c60de322" testName="PatchItem_Camera_Fails" computerName="DKSR-EFI-06" duration="00:00:00.0030894" startTime="2024-01-09T15:45:02.1231195+01:00" endTime="2024-01-09T15:45:02.1231195+01:00" testType="13cdc9d9-ddb5-4fa4-a97d-d965ccfc6d4b" outcome="Passed" testListId="8c84fa94-04c1-424b-9868-57a2d4851a1d" relativeResultsDirectory="42b6bbac-b9d2-4ed8-8fe2-77f847c0ab0b" />
    <UnitTestResult executionId="48eeee92-0e73-40a7-ae0d-d4ed0de3f445" testId="2c659c9c-4cb8-0017-5374-282461cba931" testName="Set_String_Invalid" computerName="DKSR-EFI-06" duration="00:00:00.0006318" startTime="2024-01-09T15:45:01.7949930+01:00" endTime="2024-01-09T15:45:01.7949930+01:00" testType="13cdc9d9-ddb5-4fa4-a97d-d965ccfc6d4b" outcome="Passed" testListId="8c84fa94-04c1-424b-9868-57a2d4851a1d" relativeResultsDirectory="48eeee92-0e73-40a7-ae0d-d4ed0de3f445" />
    <UnitTestResult executionId="34753b46-c4a1-43a4-acaa-aa75e7b4ec7c" testId="9229072f-c39c-5db3-f28b-10c8f4ae4c45" testName="ModifyCollection_ShouldNotInvokeCallback_WhenNotObservable" computerName="DKSR-EFI-06" duration="00:00:00.0007033" startTime="2024-01-09T15:44:56.7637442+01:00" endTime="2024-01-09T15:44:56.7637442+01:00" testType="13cdc9d9-ddb5-4fa4-a97d-d965ccfc6d4b" outcome="Passed" testListId="8c84fa94-04c1-424b-9868-57a2d4851a1d" relativeResultsDirectory="34753b46-c4a1-43a4-acaa-aa75e7b4ec7c" />
    <UnitTestResult executionId="d4ab74af-50ca-4b45-bbbb-e92457d1f220" testId="2da09afd-447a-1927-2e16-59b373bc893e" testName="GenerateDeviceCapabilityParameters_ShouldWriteTypeAsData_WhenAlways" computerName="DKSR-EFI-06" duration="00:00:00.0056201" startTime="2024-01-09T15:45:05.2012523+01:00" endTime="2024-01-09T15:45:05.2012523+01:00" testType="13cdc9d9-ddb5-4fa4-a97d-d965ccfc6d4b" outcome="Passed" testListId="8c84fa94-04c1-424b-9868-57a2d4851a1d" relativeResultsDirectory="d4ab74af-50ca-4b45-bbbb-e92457d1f220" />
    <UnitTestResult executionId="07279599-bf6b-4aed-8905-ee6b7f0da5c9" testId="a6c85b3a-5f84-4859-aef3-09060d5afd98" testName="Contains_Success" computerName="DKSR-EFI-06" duration="00:00:00.0145123" startTime="2024-01-09T15:44:30.7636886+01:00" endTime="2024-01-09T15:44:30.7793119+01:00" testType="13cdc9d9-ddb5-4fa4-a97d-d965ccfc6d4b" outcome="Passed" testListId="8c84fa94-04c1-424b-9868-57a2d4851a1d" relativeResultsDirectory="07279599-bf6b-4aed-8905-ee6b7f0da5c9" />
    <UnitTestResult executionId="f0e092a9-02fd-4a01-817b-2a5e97d2fc35" testId="005c4048-bbfa-5fd2-6e76-51731c50383b" testName="GetWithDateTime_ShouldEnsureThatFolowingCallToGetNextWorks_WhenDataIsNotInCache" computerName="DKSR-EFI-06" duration="00:00:00.0024377" startTime="2024-01-09T15:45:05.7637527+01:00" endTime="2024-01-09T15:45:05.7637527+01:00" testType="13cdc9d9-ddb5-4fa4-a97d-d965ccfc6d4b" outcome="Passed" testListId="8c84fa94-04c1-424b-9868-57a2d4851a1d" relativeResultsDirectory="f0e092a9-02fd-4a01-817b-2a5e97d2fc35" />
    <UnitTestResult executionId="910b8b83-bc79-4723-86af-a5726b09a975" testId="7a7fdf06-c490-deb2-82e6-65e1294c3173" testName="AllAttributesWerePresent_ShouldReturnFalse_WhenYAttributeIsNotAFloat" computerName="DKSR-EFI-06" duration="00:00:00.0003092" startTime="2024-01-09T15:45:03.6231224+01:00" endTime="2024-01-09T15:45:03.6231224+01:00" testType="13cdc9d9-ddb5-4fa4-a97d-d965ccfc6d4b" outcome="Passed" testListId="8c84fa94-04c1-424b-9868-57a2d4851a1d" relativeResultsDirectory="910b8b83-bc79-4723-86af-a5726b09a975" />
    <UnitTestResult executionId="15a3468a-0ae0-49bd-8202-7536c4d62ee0" testId="8cb20cd0-1e7e-f4a1-66cd-e7e59b7d8aab" testName="Parse_Int_Invalid" computerName="DKSR-EFI-06" duration="00:00:00.0006154" startTime="2024-01-09T15:45:01.7481165+01:00" endTime="2024-01-09T15:45:01.7481165+01:00" testType="13cdc9d9-ddb5-4fa4-a97d-d965ccfc6d4b" outcome="Passed" testListId="8c84fa94-04c1-424b-9868-57a2d4851a1d" relativeResultsDirectory="15a3468a-0ae0-49bd-8202-7536c4d62ee0" />
    <UnitTestResult executionId="bdbdf18b-90ea-4a6d-aa37-3d7d7825fe60" testId="fcfc02eb-9475-084e-96ae-652cb742a35f" testName="ToJson_ListElement" computerName="DKSR-EFI-06" duration="00:00:00.0003899" startTime="2024-01-09T15:45:01.8262946+01:00" endTime="2024-01-09T15:45:01.8262946+01:00" testType="13cdc9d9-ddb5-4fa4-a97d-d965ccfc6d4b" outcome="Passed" testListId="8c84fa94-04c1-424b-9868-57a2d4851a1d" relativeResultsDirectory="bdbdf18b-90ea-4a6d-aa37-3d7d7825fe60" />
    <UnitTestResult executionId="6a7c3dd1-4e7b-46e4-bd44-f306226addc1" testId="eefcc86b-2e92-5256-d34c-9049a6da9154" testName="ReadXml_ShouldNotSetIsRemoved_WhenRemovedElementIsPresentWithWrongNamespace" computerName="DKSR-EFI-06" duration="00:00:00.0002470" startTime="2024-01-09T15:45:02.3887446+01:00" endTime="2024-01-09T15:45:02.3887446+01:00" testType="13cdc9d9-ddb5-4fa4-a97d-d965ccfc6d4b" outcome="Passed" testListId="8c84fa94-04c1-424b-9868-57a2d4851a1d" relativeResultsDirectory="6a7c3dd1-4e7b-46e4-bd44-f306226addc1" />
    <UnitTestResult executionId="b57ff4df-57b8-49a9-a408-30a850a8c753" testId="3319ab63-2def-0c9c-879d-16907c7c07ea" testName="ProvideValue_ShouldUpdateTarget_WhenItemDataPropertyNameChanges" computerName="DKSR-EFI-06" duration="00:00:00.0015048" startTime="2024-01-09T15:44:58.1387476+01:00" endTime="2024-01-09T15:44:58.1387476+01:00" testType="13cdc9d9-ddb5-4fa4-a97d-d965ccfc6d4b" outcome="Passed" testListId="8c84fa94-04c1-424b-9868-57a2d4851a1d" relativeResultsDirectory="b57ff4df-57b8-49a9-a408-30a850a8c753" />
    <UnitTestResult executionId="dc7f8f6d-2673-41e8-909e-040118846631" testId="3827ef79-3081-082a-a862-859949cd62b9" testName="RemovePredicate_KeyNotPresent_DoesNothing" computerName="DKSR-EFI-06" duration="00:00:00.0004619" startTime="2024-01-09T15:44:44.6230851+01:00" endTime="2024-01-09T15:44:44.6230851+01:00" testType="13cdc9d9-ddb5-4fa4-a97d-d965ccfc6d4b" outcome="Passed" testListId="8c84fa94-04c1-424b-9868-57a2d4851a1d" relativeResultsDirectory="dc7f8f6d-2673-41e8-909e-040118846631" />
    <UnitTestResult executionId="2e539b06-2710-4f9d-811b-d771b76b4bde" testId="a5abba6c-a7f2-f6e8-f007-920746cf3d43" testName="ReadXml_ShouldLogWarningTwiceWhenMoreThanOneMinuteBetweenWarnings_WhenFrameDidNotReadUtcTime" computerName="DKSR-EFI-06" duration="00:00:00.0019942" startTime="2024-01-09T15:45:03.6856214+01:00" endTime="2024-01-09T15:45:03.6856214+01:00" testType="13cdc9d9-ddb5-4fa4-a97d-d965ccfc6d4b" outcome="Passed" testListId="8c84fa94-04c1-424b-9868-57a2d4851a1d" relativeResultsDirectory="2e539b06-2710-4f9d-811b-d771b76b4bde" />
    <UnitTestResult executionId="134291c3-fabf-41c1-8968-923b8e078567" testId="d9b69abf-addf-dcc7-c2fd-b2ff5d4f6705" testName="SplitString_When1Level_CountsLastSeparator" computerName="DKSR-EFI-06" duration="00:00:00.0002753" startTime="2024-01-09T15:44:43.8574551+01:00" endTime="2024-01-09T15:44:43.8574551+01:00" testType="13cdc9d9-ddb5-4fa4-a97d-d965ccfc6d4b" outcome="Passed" testListId="8c84fa94-04c1-424b-9868-57a2d4851a1d" relativeResultsDirectory="134291c3-fabf-41c1-8968-923b8e078567" />
    <UnitTestResult executionId="6e7559a8-49e1-4709-b3d9-0f4c8b859da1" testId="21a0d29c-e94f-b292-af3e-a395eaa62ce5" testName="GetParent_OfPreset_Check" computerName="DKSR-EFI-06" duration="00:00:00.0964699" startTime="2024-01-09T15:44:30.4355603+01:00" endTime="2024-01-09T15:44:30.5293083+01:00" testType="13cdc9d9-ddb5-4fa4-a97d-d965ccfc6d4b" outcome="Passed" testListId="8c84fa94-04c1-424b-9868-57a2d4851a1d" relativeResultsDirectory="6e7559a8-49e1-4709-b3d9-0f4c8b859da1" />
    <UnitTestResult executionId="d86e5504-03a3-4c46-9564-31f09aef4ec0" testId="e6e395b4-3b84-d36a-a38c-e5e638fee7fb" testName="CreateSearchResultUserControl_MultiplePlugins_MilestonePluginsFirst" computerName="DKSR-EFI-06" duration="00:00:00.0050763" startTime="2024-01-09T15:45:01.2637418+01:00" endTime="2024-01-09T15:45:01.2793644+01:00" testType="13cdc9d9-ddb5-4fa4-a97d-d965ccfc6d4b" outcome="Passed" testListId="8c84fa94-04c1-424b-9868-57a2d4851a1d" relativeResultsDirectory="d86e5504-03a3-4c46-9564-31f09aef4ec0" />
    <UnitTestResult executionId="55ff176f-71d9-4818-9425-33584a3b5a7b" testId="69e9fbca-51ed-8423-d5ea-3d8489803dd2" testName="Serialize_TestCases (TestParentTypeMatchStructThisTypeNotMatchedProperty)" computerName="DKSR-EFI-06" duration="00:00:00.0006677" startTime="2024-01-09T15:44:59.5137528+01:00" endTime="2024-01-09T15:44:59.5137528+01:00" testType="13cdc9d9-ddb5-4fa4-a97d-d965ccfc6d4b" outcome="Passed" testListId="8c84fa94-04c1-424b-9868-57a2d4851a1d" relativeResultsDirectory="55ff176f-71d9-4818-9425-33584a3b5a7b" />
    <UnitTestResult executionId="cdfc7ef3-628a-42cb-92a4-322f8d66c1b4" testId="ea812c4e-499f-c48f-48ec-0c8b2f821c14" testName="Append_Element_Null" computerName="DKSR-EFI-06" duration="00:00:00.0083765" startTime="2024-01-09T15:45:01.6074910+01:00" endTime="2024-01-09T15:45:01.6231161+01:00" testType="13cdc9d9-ddb5-4fa4-a97d-d965ccfc6d4b" outcome="Passed" testListId="8c84fa94-04c1-424b-9868-57a2d4851a1d" relativeResultsDirectory="cdfc7ef3-628a-42cb-92a4-322f8d66c1b4" />
    <UnitTestResult executionId="ee4b4808-521d-43f6-a97e-00361117d834" testId="29b14ef8-e43d-41e1-d5fc-d7d493be4940" testName="ReadXml_ShouldReadAzimuth_WhenAzimuthIsPresent" computerName="DKSR-EFI-06" duration="00:00:00.0003505" startTime="2024-01-09T15:45:03.0762459+01:00" endTime="2024-01-09T15:45:03.0762459+01:00" testType="13cdc9d9-ddb5-4fa4-a97d-d965ccfc6d4b" outcome="Passed" testListId="8c84fa94-04c1-424b-9868-57a2d4851a1d" relativeResultsDirectory="ee4b4808-521d-43f6-a97e-00361117d834" />
    <UnitTestResult executionId="139b1fb7-c522-4f5f-bdfe-1b3901f75df0" testId="0f368352-c3d8-02d3-f3d9-f0e643bc2ed7" testName="Serialize_TestCases (TestParentTypeMatchGenericNotThisTypeMatched)" computerName="DKSR-EFI-06" duration="00:00:00.0034118" startTime="2024-01-09T15:44:59.6387539+01:00" endTime="2024-01-09T15:44:59.6387539+01:00" testType="13cdc9d9-ddb5-4fa4-a97d-d965ccfc6d4b" outcome="Passed" testListId="8c84fa94-04c1-424b-9868-57a2d4851a1d" relativeResultsDirectory="139b1fb7-c522-4f5f-bdfe-1b3901f75df0" />
    <UnitTestResult executionId="267ed5ff-bbf4-48cd-b28c-71031d60efa6" testId="7603cc3a-7642-d05f-79c1-6c139b33135d" testName="Serialize_TestCases (TestParentTypeMatchObjectThisTypeMatched)" computerName="DKSR-EFI-06" duration="00:00:00.0008395" startTime="2024-01-09T15:44:59.5293770+01:00" endTime="2024-01-09T15:44:59.5293770+01:00" testType="13cdc9d9-ddb5-4fa4-a97d-d965ccfc6d4b" outcome="Passed" testListId="8c84fa94-04c1-424b-9868-57a2d4851a1d" relativeResultsDirectory="267ed5ff-bbf4-48cd-b28c-71031d60efa6" />
    <UnitTestResult executionId="a9ec55a9-a23a-4cd8-b634-fc03ed432c14" testId="c080456c-72d0-3eb2-77e1-542abd80b216" testName="GetAtOrBefore_ShouldReturnLastElementFromToolkitResponse_WhenDataIsNotInCache" computerName="DKSR-EFI-06" duration="00:00:00.0036768" startTime="2024-01-09T15:45:05.7168781+01:00" endTime="2024-01-09T15:45:05.7168781+01:00" testType="13cdc9d9-ddb5-4fa4-a97d-d965ccfc6d4b" outcome="Passed" testListId="8c84fa94-04c1-424b-9868-57a2d4851a1d" relativeResultsDirectory="a9ec55a9-a23a-4cd8-b634-fc03ed432c14" />
    <UnitTestResult executionId="6039d07a-ce43-4381-b8d0-ebe95bf699fd" testId="1d1959e4-073b-7c9d-77de-ed348a6f7141" testName="BuildOverlayWidthHeightAnalyticsObjectListRuleList_ShouldReturnCorrectSizedBitmap" computerName="DKSR-EFI-06" duration="00:00:00.0013590" startTime="2024-01-09T15:44:33.5918105+01:00" endTime="2024-01-09T15:44:33.6074351+01:00" testType="13cdc9d9-ddb5-4fa4-a97d-d965ccfc6d4b" outcome="Passed" testListId="8c84fa94-04c1-424b-9868-57a2d4851a1d" relativeResultsDirectory="6039d07a-ce43-4381-b8d0-ebe95bf699fd" />
    <UnitTestResult executionId="659dc57b-0496-424c-aeab-452293680df7" testId="f0783c93-05f5-3c2a-1813-26adff12a929" testName="Parse_StringArray" computerName="DKSR-EFI-06" duration="00:00:00.0012650" startTime="2024-01-09T15:45:01.8106179+01:00" endTime="2024-01-09T15:45:01.8106179+01:00" testType="13cdc9d9-ddb5-4fa4-a97d-d965ccfc6d4b" outcome="Passed" testListId="8c84fa94-04c1-424b-9868-57a2d4851a1d" relativeResultsDirectory="659dc57b-0496-424c-aeab-452293680df7" />
    <UnitTestResult executionId="319fee4a-9d9a-4e30-a43b-90e07643e20a" testId="4eb529fd-da3e-df70-1180-0619ee67e3c6" testName="JsonUtility_Compress_Success" computerName="DKSR-EFI-06" duration="00:00:00.0005722" startTime="2024-01-09T15:45:01.6231161+01:00" endTime="2024-01-09T15:45:01.6231161+01:00" testType="13cdc9d9-ddb5-4fa4-a97d-d965ccfc6d4b" outcome="Passed" testListId="8c84fa94-04c1-424b-9868-57a2d4851a1d" relativeResultsDirectory="319fee4a-9d9a-4e30-a43b-90e07643e20a" />
    <UnitTestResult executionId="f10b0650-77f7-44ab-b4f8-0ec5860337fb" testId="170477bd-09ab-210a-5f06-ead624d7a716" testName="Serialize_TestCases (TestParentTypeMatchEnumThisTypeMatched)" computerName="DKSR-EFI-06" duration="00:00:00.0003812" startTime="2024-01-09T15:44:59.4981266+01:00" endTime="2024-01-09T15:44:59.4981266+01:00" testType="13cdc9d9-ddb5-4fa4-a97d-d965ccfc6d4b" outcome="Passed" testListId="8c84fa94-04c1-424b-9868-57a2d4851a1d" relativeResultsDirectory="f10b0650-77f7-44ab-b4f8-0ec5860337fb" />
    <UnitTestResult executionId="1ca2799a-b045-4ef7-87d7-57b539ed6cd7" testId="ba355757-a36a-54bb-5c59-d6e115aeace8" testName="Encrypt_ShouldThrowMIPException_WhenCalledOnFIPSEnabledMachine" computerName="DKSR-EFI-06" duration="00:00:00.0016769" startTime="2024-01-09T15:45:04.9356253+01:00" endTime="2024-01-09T15:45:04.9356253+01:00" testType="13cdc9d9-ddb5-4fa4-a97d-d965ccfc6d4b" outcome="Passed" testListId="8c84fa94-04c1-424b-9868-57a2d4851a1d" relativeResultsDirectory="1ca2799a-b045-4ef7-87d7-57b539ed6cd7" />
    <UnitTestResult executionId="5539a5e9-73c0-4e62-ace4-3a08149bcb4c" testId="842604dd-d444-a7f4-534b-b4af91f3f95c" testName="Serialize_TestCases (TestParentTypeMatchStructThisTypeMatchedProperty)" computerName="DKSR-EFI-06" duration="00:00:00.0009175" startTime="2024-01-09T15:44:59.5137528+01:00" endTime="2024-01-09T15:44:59.5137528+01:00" testType="13cdc9d9-ddb5-4fa4-a97d-d965ccfc6d4b" outcome="Passed" testListId="8c84fa94-04c1-424b-9868-57a2d4851a1d" relativeResultsDirectory="5539a5e9-73c0-4e62-ace4-3a08149bcb4c" />
    <UnitTestResult executionId="2f839b93-4193-467d-a53f-130cd8f0b363" testId="9603f266-e6e4-b592-6c00-2621c8820864" testName="ReadXml_ShouldReadLeftAttribute_WhenPresent" computerName="DKSR-EFI-06" duration="00:00:00.0003930" startTime="2024-01-09T15:45:03.2637474+01:00" endTime="2024-01-09T15:45:03.2637474+01:00" testType="13cdc9d9-ddb5-4fa4-a97d-d965ccfc6d4b" outcome="Passed" testListId="8c84fa94-04c1-424b-9868-57a2d4851a1d" relativeResultsDirectory="2f839b93-4193-467d-a53f-130cd8f0b363" />
    <UnitTestResult executionId="1533f318-e6a5-4f54-97d8-06617e421ab8" testId="1b0c1c74-735e-804d-2d38-1a48ef66c47a" testName="TestMultiLevelQueue_TwoLevels_Success" computerName="DKSR-EFI-06" duration="00:00:00.4799421" startTime="2024-01-09T15:44:45.0137114+01:00" endTime="2024-01-09T15:44:45.4824623+01:00" testType="13cdc9d9-ddb5-4fa4-a97d-d965ccfc6d4b" outcome="Passed" testListId="8c84fa94-04c1-424b-9868-57a2d4851a1d" relativeResultsDirectory="1533f318-e6a5-4f54-97d8-06617e421ab8" />
    <UnitTestResult executionId="5ae18c61-17bf-4f20-aedc-ab952f11e642" testId="0f85e31c-250d-2fd6-59ef-88556968bdb6" testName="GenerateDeviceParameters_ShouldWriteCorrectGop_WhenGopIsInRange" computerName="DKSR-EFI-06" duration="00:00:00.0002660" startTime="2024-01-09T15:45:05.1856258+01:00" endTime="2024-01-09T15:45:05.1856258+01:00" testType="13cdc9d9-ddb5-4fa4-a97d-d965ccfc6d4b" outcome="Passed" testListId="8c84fa94-04c1-424b-9868-57a2d4851a1d" relativeResultsDirectory="5ae18c61-17bf-4f20-aedc-ab952f11e642" />
    <UnitTestResult executionId="a74fb358-052e-48a8-9920-00a5379e8a54" testId="ebbe7258-4b65-15e9-219f-9eb6e860514c" testName="Append_Property_Path" computerName="DKSR-EFI-06" duration="00:00:00.0057571" startTime="2024-01-09T15:45:01.6699922+01:00" endTime="2024-01-09T15:45:01.6856172+01:00" testType="13cdc9d9-ddb5-4fa4-a97d-d965ccfc6d4b" outcome="Passed" testListId="8c84fa94-04c1-424b-9868-57a2d4851a1d" relativeResultsDirectory="a74fb358-052e-48a8-9920-00a5379e8a54" />
    <UnitTestResult executionId="d1401821-b26f-4d63-ba92-58db064f30cf" testId="1c54ef9e-0fd3-3065-2074-36e139afc976" testName="Stop_ProcessItemThrowsException_ProcessorSurvives" computerName="DKSR-EFI-06" duration="00:00:00.5209055" startTime="2024-01-09T15:44:53.6074822+01:00" endTime="2024-01-09T15:44:54.1231131+01:00" testType="13cdc9d9-ddb5-4fa4-a97d-d965ccfc6d4b" outcome="Passed" testListId="8c84fa94-04c1-424b-9868-57a2d4851a1d" relativeResultsDirectory="d1401821-b26f-4d63-ba92-58db064f30cf" />
    <UnitTestResult executionId="29a841c6-c0f8-4cf4-b969-aeae98cf1c5b" testId="82a5b9a3-0552-89d0-c528-c8a8c76f5d9f" testName="IsEmptyValue_SelectionFilterValue_NoSelections_ReturnsTrue" computerName="DKSR-EFI-06" duration="00:00:00.0005782" startTime="2024-01-09T15:45:00.0450082+01:00" endTime="2024-01-09T15:45:00.0450082+01:00" testType="13cdc9d9-ddb5-4fa4-a97d-d965ccfc6d4b" outcome="Passed" testListId="8c84fa94-04c1-424b-9868-57a2d4851a1d" relativeResultsDirectory="29a841c6-c0f8-4cf4-b969-aeae98cf1c5b" />
    <UnitTestResult executionId="cd72d7a8-0244-4765-ae0b-1edc31be1c84" testId="ca990070-3269-b6c6-1a91-d9f2146eca2b" testName="Serialize_TestCases (Verify root Collection (not empty) property)" computerName="DKSR-EFI-06" duration="00:00:00.0003475" startTime="2024-01-09T15:44:59.3887518+01:00" endTime="2024-01-09T15:44:59.3887518+01:00" testType="13cdc9d9-ddb5-4fa4-a97d-d965ccfc6d4b" outcome="Passed" testListId="8c84fa94-04c1-424b-9868-57a2d4851a1d" relativeResultsDirectory="cd72d7a8-0244-4765-ae0b-1edc31be1c84" />
    <UnitTestResult executionId="0124ab76-ca4e-40b3-95f4-3ccdfe886d8c" testId="ad10243a-5005-2c62-ef03-970547f7bc68" testName="GenerateTypeDefinintionParameters_ShouldWriteId_WhenAlways" computerName="DKSR-EFI-06" duration="00:00:00.0004715" startTime="2024-01-09T15:45:05.8106267+01:00" endTime="2024-01-09T15:45:05.8106267+01:00" testType="13cdc9d9-ddb5-4fa4-a97d-d965ccfc6d4b" outcome="Passed" testListId="8c84fa94-04c1-424b-9868-57a2d4851a1d" relativeResultsDirectory="0124ab76-ca4e-40b3-95f4-3ccdfe886d8c" />
    <UnitTestResult executionId="3ffae449-d09d-4106-8604-a6b618284f80" testId="66008b6f-5831-0af0-c7ea-7bf08df5fe34" testName="Minimize_ShouldReturnOneInterval_WhenListContainsTwoOverlappingIntervals" computerName="DKSR-EFI-06" duration="00:00:00.0006493" startTime="2024-01-09T15:44:43.9512082+01:00" endTime="2024-01-09T15:44:43.9512082+01:00" testType="13cdc9d9-ddb5-4fa4-a97d-d965ccfc6d4b" outcome="Passed" testListId="8c84fa94-04c1-424b-9868-57a2d4851a1d" relativeResultsDirectory="3ffae449-d09d-4106-8604-a6b618284f80" />
    <UnitTestResult executionId="1bc40dd9-9cf5-4092-9682-df45cc3135e9" testId="9b9dbd30-50bb-5bbd-002a-cb75e7cd1aba" testName="Serialize_TestCases (TestParentAllPrimitiveTypeMatchDoubleNotThisTypeMatched)" computerName="DKSR-EFI-06" duration="00:00:00.0003916" startTime="2024-01-09T15:44:59.6543756+01:00" endTime="2024-01-09T15:44:59.6700032+01:00" testType="13cdc9d9-ddb5-4fa4-a97d-d965ccfc6d4b" outcome="Passed" testListId="8c84fa94-04c1-424b-9868-57a2d4851a1d" relativeResultsDirectory="1bc40dd9-9cf5-4092-9682-df45cc3135e9" />
    <UnitTestResult executionId="61efcb71-f928-45ff-94fc-c70c82c53318" testId="0a3a807f-9f6a-c6f8-8c9e-dc79768e8cd7" testName="Stop_InitializeThrowsException_ProcessorSurvives" computerName="DKSR-EFI-06" duration="00:00:00.0630868" startTime="2024-01-09T15:44:54.4199845+01:00" endTime="2024-01-09T15:44:54.4825319+01:00" testType="13cdc9d9-ddb5-4fa4-a97d-d965ccfc6d4b" outcome="Passed" testListId="8c84fa94-04c1-424b-9868-57a2d4851a1d" relativeResultsDirectory="61efcb71-f928-45ff-94fc-c70c82c53318" />
    <UnitTestResult executionId="7e4efaf5-d3cd-4099-8876-6349658dfe53" testId="c201cfe9-d7ef-1767-28d0-57fcb8de2460" testName="AddFilterValue_ExistingValue_SecondValue_Success" computerName="DKSR-EFI-06" duration="00:00:00.0015070" startTime="2024-01-09T15:44:59.8887531+01:00" endTime="2024-01-09T15:44:59.8887531+01:00" testType="13cdc9d9-ddb5-4fa4-a97d-d965ccfc6d4b" outcome="Passed" testListId="8c84fa94-04c1-424b-9868-57a2d4851a1d" relativeResultsDirectory="7e4efaf5-d3cd-4099-8876-6349658dfe53" />
    <UnitTestResult executionId="36e881b8-661a-434c-8c44-153a4a328755" testId="e56c4b03-9d5d-a70b-1573-44a88bf4c200" testName="GetItems_ShouldReturnNull_WhenNotAllAdded" computerName="DKSR-EFI-06" duration="00:00:00.0016000" startTime="2024-01-09T15:44:33.7324362+01:00" endTime="2024-01-09T15:44:33.7324362+01:00" testType="13cdc9d9-ddb5-4fa4-a97d-d965ccfc6d4b" outcome="Passed" testListId="8c84fa94-04c1-424b-9868-57a2d4851a1d" relativeResultsDirectory="36e881b8-661a-434c-8c44-153a4a328755" />
    <UnitTestResult executionId="f83ad10e-5273-4744-a1f0-e6f836026988" testId="6fccae5a-7804-fab5-2f9c-d8ea289560be" testName="ReadXml_ShouldIgnoreType_WhenTypeIsPresenWithWrongNamespace" computerName="DKSR-EFI-06" duration="00:00:00.0003338" startTime="2024-01-09T15:45:02.4824943+01:00" endTime="2024-01-09T15:45:02.4824943+01:00" testType="13cdc9d9-ddb5-4fa4-a97d-d965ccfc6d4b" outcome="Passed" testListId="8c84fa94-04c1-424b-9868-57a2d4851a1d" relativeResultsDirectory="f83ad10e-5273-4744-a1f0-e6f836026988" />
    <UnitTestResult executionId="a9248afe-c7a8-41e7-823c-b57fdf4d5280" testId="f23e3e92-54c2-2411-b215-631166fbf856" testName="SearchAsync_DoSearchAsyncCalled_Success" computerName="DKSR-EFI-06" duration="00:00:00.0017014" startTime="2024-01-09T15:44:59.9668787+01:00" endTime="2024-01-09T15:44:59.9668787+01:00" testType="13cdc9d9-ddb5-4fa4-a97d-d965ccfc6d4b" outcome="Passed" testListId="8c84fa94-04c1-424b-9868-57a2d4851a1d" relativeResultsDirectory="a9248afe-c7a8-41e7-823c-b57fdf4d5280" />
    <UnitTestResult executionId="0d8b061f-e790-4271-8c34-d61a6bff5dc3" testId="22286b2d-2c9e-a580-fd4a-2436919b8555" testName="GetItem_ShouldReturnItem_WhenAllAdded" computerName="DKSR-EFI-06" duration="00:00:00.0033675" startTime="2024-01-09T15:44:33.7324362+01:00" endTime="2024-01-09T15:44:33.7324362+01:00" testType="13cdc9d9-ddb5-4fa4-a97d-d965ccfc6d4b" outcome="Passed" testListId="8c84fa94-04c1-424b-9868-57a2d4851a1d" relativeResultsDirectory="0d8b061f-e790-4271-8c34-d61a6bff5dc3" />
    <UnitTestResult executionId="b1e688ca-53bb-438c-85de-890c7981ef0b" testId="af1b57b7-d4d3-cc7c-77e2-0a953337a6f4" testName="OriginalData_ShouldReturnEmptyList_WhenOriginalHasNotBeenSet" computerName="DKSR-EFI-06" duration="00:00:00.0002317" startTime="2024-01-09T15:45:02.9981192+01:00" endTime="2024-01-09T15:45:02.9981192+01:00" testType="13cdc9d9-ddb5-4fa4-a97d-d965ccfc6d4b" outcome="Passed" testListId="8c84fa94-04c1-424b-9868-57a2d4851a1d" relativeResultsDirectory="b1e688ca-53bb-438c-85de-890c7981ef0b" />
    <UnitTestResult executionId="db96db64-355e-4a23-a44d-e3a07815c47e" testId="3c09d4cb-f13e-d121-455f-42d4e3bd3224" testName="WriteXml_ShouldWriteIsIdleElement_WhenIsIdleIsTrue" computerName="DKSR-EFI-06" duration="00:00:00.0014413" startTime="2024-01-09T15:45:02.4043680+01:00" endTime="2024-01-09T15:45:02.4043680+01:00" testType="13cdc9d9-ddb5-4fa4-a97d-d965ccfc6d4b" outcome="Passed" testListId="8c84fa94-04c1-424b-9868-57a2d4851a1d" relativeResultsDirectory="db96db64-355e-4a23-a44d-e3a07815c47e" />
    <UnitTestResult executionId="aa6d6575-5e4d-4724-80a7-04945d465399" testId="d8308a27-6fbc-21d5-664d-c54e34f438da" testName="WriteXml_ShouldWriteframe_WhenThereIsOneFramePresent" computerName="DKSR-EFI-06" duration="00:00:00.0011425" startTime="2024-01-09T15:45:03.6856214+01:00" endTime="2024-01-09T15:45:03.7012492+01:00" testType="13cdc9d9-ddb5-4fa4-a97d-d965ccfc6d4b" outcome="Passed" testListId="8c84fa94-04c1-424b-9868-57a2d4851a1d" relativeResultsDirectory="aa6d6575-5e4d-4724-80a7-04945d465399" />
    <UnitTestResult executionId="bb5620c3-c544-4e3a-8088-4b2eaa521e8b" testId="5ce9e10d-7d63-e829-dad3-2b21af48d9a3" testName="Equals_IgnoreFolderType_Fail_OnServerIdNull" computerName="DKSR-EFI-06" duration="00:00:00.0004434" startTime="2024-01-09T15:44:29.7793130+01:00" endTime="2024-01-09T15:44:29.7793130+01:00" testType="13cdc9d9-ddb5-4fa4-a97d-d965ccfc6d4b" outcome="Passed" testListId="8c84fa94-04c1-424b-9868-57a2d4851a1d" relativeResultsDirectory="bb5620c3-c544-4e3a-8088-4b2eaa521e8b" />
    <UnitTestResult executionId="24eb3a32-b3a9-4ec5-8e3e-1a1539e3d17e" testId="134110e6-fb08-89b6-f21b-257fe054fa49" testName="GetNext_ShouldReturnNull_WhenCallToFindCacheEntryBeforeReturnedNull" computerName="DKSR-EFI-06" duration="00:00:00.0005048" startTime="2024-01-09T15:45:05.3731246+01:00" endTime="2024-01-09T15:45:05.3731246+01:00" testType="13cdc9d9-ddb5-4fa4-a97d-d965ccfc6d4b" outcome="Passed" testListId="8c84fa94-04c1-424b-9868-57a2d4851a1d" relativeResultsDirectory="24eb3a32-b3a9-4ec5-8e3e-1a1539e3d17e" />
    <UnitTestResult executionId="c3187d0e-4f2a-443c-866e-fb24c254592e" testId="4a3d3b31-f5bb-f6f0-8775-76cae220f01b" testName="IsEmptyValue_StringFilterValue_DefaultValue_ReturnsTrue" computerName="DKSR-EFI-06" duration="00:00:00.0011575" startTime="2024-01-09T15:44:59.9981286+01:00" endTime="2024-01-09T15:44:59.9981286+01:00" testType="13cdc9d9-ddb5-4fa4-a97d-d965ccfc6d4b" outcome="Passed" testListId="8c84fa94-04c1-424b-9868-57a2d4851a1d" relativeResultsDirectory="c3187d0e-4f2a-443c-866e-fb24c254592e" />
    <UnitTestResult executionId="63a9fd4d-aa64-4818-8a61-983b5e61d2d0" testId="b1896dd7-6634-6c9f-92ab-cd4904bba1dc" testName="Clear_ShouldEmptyCollectionAndResetTimeStamps_WhenCalled" computerName="DKSR-EFI-06" duration="00:00:00.0247167" startTime="2024-01-09T15:45:06.0606278+01:00" endTime="2024-01-09T15:45:06.0918793+01:00" testType="13cdc9d9-ddb5-4fa4-a97d-d965ccfc6d4b" outcome="Passed" testListId="8c84fa94-04c1-424b-9868-57a2d4851a1d" relativeResultsDirectory="63a9fd4d-aa64-4818-8a61-983b5e61d2d0" />
    <UnitTestResult executionId="463e41e3-a4f0-4845-8ffd-8f57e110e1a5" testId="ad39a2a8-a877-88dd-b965-d88ff03cb3d9" testName="CountByItems_Activated_Missing1" computerName="DKSR-EFI-06" duration="00:00:00.0015011" startTime="2024-01-09T15:45:05.0449998+01:00" endTime="2024-01-09T15:45:05.0449998+01:00" testType="13cdc9d9-ddb5-4fa4-a97d-d965ccfc6d4b" outcome="Passed" testListId="8c84fa94-04c1-424b-9868-57a2d4851a1d" relativeResultsDirectory="463e41e3-a4f0-4845-8ffd-8f57e110e1a5" />
    <UnitTestResult executionId="327a9369-a989-4726-89f3-1aebdbc3f99f" testId="04126902-9508-0ab4-a88b-c6cc8b546986" testName="WriteMetadataXml_ShouldThrowArgumentNullException_WhenMetadataIsNullWithStringBuilder" computerName="DKSR-EFI-06" duration="00:00:00.0006314" startTime="2024-01-09T15:45:02.9043699+01:00" endTime="2024-01-09T15:45:02.9043699+01:00" testType="13cdc9d9-ddb5-4fa4-a97d-d965ccfc6d4b" outcome="Passed" testListId="8c84fa94-04c1-424b-9868-57a2d4851a1d" relativeResultsDirectory="327a9369-a989-4726-89f3-1aebdbc3f99f" />
    <UnitTestResult executionId="59ef6ca6-f546-4aab-a669-0ddc75a94a0f" testId="1287d8b9-a242-3700-9223-1e45506d7926" testName="GenerateParameters_ShouldWriteNotSupportedForSerialNr_WhenSerialNrIsNull" computerName="DKSR-EFI-06" duration="00:00:00.0003410" startTime="2024-01-09T15:45:05.2793751+01:00" endTime="2024-01-09T15:45:05.2793751+01:00" testType="13cdc9d9-ddb5-4fa4-a97d-d965ccfc6d4b" outcome="Passed" testListId="8c84fa94-04c1-424b-9868-57a2d4851a1d" relativeResultsDirectory="59ef6ca6-f546-4aab-a669-0ddc75a94a0f" />
    <UnitTestResult executionId="140ef128-eaa1-41c1-99bc-e08f451d1391" testId="cb7e38b0-12f4-dfad-65ae-f93a1147794e" testName="CollectionReplaced_ShouldInvokeCallback_WhenNotObservable" computerName="DKSR-EFI-06" duration="00:00:00.0066911" startTime="2024-01-09T15:44:56.7793806+01:00" endTime="2024-01-09T15:44:56.7949949+01:00" testType="13cdc9d9-ddb5-4fa4-a97d-d965ccfc6d4b" outcome="Passed" testListId="8c84fa94-04c1-424b-9868-57a2d4851a1d" relativeResultsDirectory="140ef128-eaa1-41c1-99bc-e08f451d1391" />
    <UnitTestResult executionId="a4878722-61dc-412b-b1b9-b727711587d0" testId="26e0371b-a9ac-efb2-5c04-9498517c8a6b" testName="CountByItems_NotActivated_Trial_Missing" computerName="DKSR-EFI-06" duration="00:00:00.0009400" startTime="2024-01-09T15:45:05.0293752+01:00" endTime="2024-01-09T15:45:05.0293752+01:00" testType="13cdc9d9-ddb5-4fa4-a97d-d965ccfc6d4b" outcome="Passed" testListId="8c84fa94-04c1-424b-9868-57a2d4851a1d" relativeResultsDirectory="a4878722-61dc-412b-b1b9-b727711587d0" />
    <UnitTestResult executionId="5bce330b-c76e-4fbd-b6aa-9f78768e8481" testId="43f214ef-30cf-ba92-5a64-f56ecf6591a8" testName="Convert_SingleArgumentConverter_ShouldAllowNullValue_WhenArgumentIsReferenceType" computerName="DKSR-EFI-06" duration="00:00:00.0004574" startTime="2024-01-09T15:44:56.5762424+01:00" endTime="2024-01-09T15:44:56.5762424+01:00" testType="13cdc9d9-ddb5-4fa4-a97d-d965ccfc6d4b" outcome="Passed" testListId="8c84fa94-04c1-424b-9868-57a2d4851a1d" relativeResultsDirectory="5bce330b-c76e-4fbd-b6aa-9f78768e8481" />
    <UnitTestResult executionId="f259f2c3-6ddd-4463-8019-898c8983487b" testId="2c838da2-a06b-ca63-745f-8e2c255d876f" testName="GetFilterValues_NullFilter_Throws" computerName="DKSR-EFI-06" duration="00:00:00.0010867" startTime="2024-01-09T15:44:59.9200030+01:00" endTime="2024-01-09T15:44:59.9200030+01:00" testType="13cdc9d9-ddb5-4fa4-a97d-d965ccfc6d4b" outcome="Passed" testListId="8c84fa94-04c1-424b-9868-57a2d4851a1d" relativeResultsDirectory="f259f2c3-6ddd-4463-8019-898c8983487b" />
    <UnitTestResult executionId="af80ee46-e9f2-4710-9fdf-e18db25142e4" testId="1f165af9-b6e7-bd17-1c06-1628746543b3" testName="GetNearest_ShouldReturnLastElementFromToolkitResponse_WhenTimestampIsAfterLastElementInResponse" computerName="DKSR-EFI-06" duration="00:00:00.0022776" startTime="2024-01-09T15:45:05.7168781+01:00" endTime="2024-01-09T15:45:05.7168781+01:00" testType="13cdc9d9-ddb5-4fa4-a97d-d965ccfc6d4b" outcome="Passed" testListId="8c84fa94-04c1-424b-9868-57a2d4851a1d" relativeResultsDirectory="af80ee46-e9f2-4710-9fdf-e18db25142e4" />
    <UnitTestResult executionId="3d155801-2fb7-4037-9c69-61852ba26de0" testId="09b10f58-104f-c055-d17e-ad9f69c01172" testName="RegionSelectionFilterValue_Serialize_Success" computerName="DKSR-EFI-06" duration="00:00:00.0346769" startTime="2024-01-09T15:45:01.2949917+01:00" endTime="2024-01-09T15:45:01.3262426+01:00" testType="13cdc9d9-ddb5-4fa4-a97d-d965ccfc6d4b" outcome="Passed" testListId="8c84fa94-04c1-424b-9868-57a2d4851a1d" relativeResultsDirectory="3d155801-2fb7-4037-9c69-61852ba26de0" />
    <UnitTestResult executionId="e15fbc7e-3661-4ab9-963d-86647fff2bdc" testId="42fa9d5a-68c0-df47-5ee1-d61bde48031d" testName="ReadXml_ShouldReadLongitude_WhenLongitudeIsPresent" computerName="DKSR-EFI-06" duration="00:00:00.0003508" startTime="2024-01-09T15:45:03.0606236+01:00" endTime="2024-01-09T15:45:03.0762459+01:00" testType="13cdc9d9-ddb5-4fa4-a97d-d965ccfc6d4b" outcome="Passed" testListId="8c84fa94-04c1-424b-9868-57a2d4851a1d" relativeResultsDirectory="e15fbc7e-3661-4ab9-963d-86647fff2bdc" />
    <UnitTestResult executionId="3b23dbaf-085e-443a-9cfe-cde90f144e80" testId="a029b495-55fb-1eb3-c134-9a8d61753adb" testName="OnSearchResultsReady_EventHandler_NotifiedWithCorrectParameters" computerName="DKSR-EFI-06" duration="00:00:00.0015374" startTime="2024-01-09T15:44:59.9825021+01:00" endTime="2024-01-09T15:44:59.9981286+01:00" testType="13cdc9d9-ddb5-4fa4-a97d-d965ccfc6d4b" outcome="Passed" testListId="8c84fa94-04c1-424b-9868-57a2d4851a1d" relativeResultsDirectory="3b23dbaf-085e-443a-9cfe-cde90f144e80" />
    <UnitTestResult executionId="0f2f1153-7031-4732-a5d0-055fc86f7f7a" testId="879090c1-add8-48b2-d609-da3bc5d3a246" testName="SplitString_When1Level_Success" computerName="DKSR-EFI-06" duration="00:00:00.0003088" startTime="2024-01-09T15:44:43.8574551+01:00" endTime="2024-01-09T15:44:43.8574551+01:00" testType="13cdc9d9-ddb5-4fa4-a97d-d965ccfc6d4b" outcome="Passed" testListId="8c84fa94-04c1-424b-9868-57a2d4851a1d" relativeResultsDirectory="0f2f1153-7031-4732-a5d0-055fc86f7f7a" />
    <UnitTestResult executionId="af437ebe-ed20-46dd-9a84-de1bb145abe8" testId="ca034712-fc2a-7f2e-fe84-ae45e3bb76cf" testName="GetWithDateTime_ShouldReturnEntryAtOrBefore_WhenDataIsInCache" computerName="DKSR-EFI-06" duration="00:00:00.0025806" startTime="2024-01-09T15:45:05.7481274+01:00" endTime="2024-01-09T15:45:05.7481274+01:00" testType="13cdc9d9-ddb5-4fa4-a97d-d965ccfc6d4b" outcome="Passed" testListId="8c84fa94-04c1-424b-9868-57a2d4851a1d" relativeResultsDirectory="af437ebe-ed20-46dd-9a84-de1bb145abe8" />
    <UnitTestResult executionId="9dfccd5d-d7ab-47b0-b0cd-515535a22e1c" testId="ef9bc618-0b6a-337d-f408-8cefa3f67ba7" testName="TestConstructor_Success" computerName="DKSR-EFI-06" duration="00:00:00.0562582" startTime="2024-01-09T15:45:00.0606297+01:00" endTime="2024-01-09T15:45:00.1075041+01:00" testType="13cdc9d9-ddb5-4fa4-a97d-d965ccfc6d4b" outcome="Passed" testListId="8c84fa94-04c1-424b-9868-57a2d4851a1d" relativeResultsDirectory="9dfccd5d-d7ab-47b0-b0cd-515535a22e1c" />
    <UnitTestResult executionId="ceb2fe49-de11-44fa-83bd-c298d2f9d114" testId="e5961fd2-e26a-dc01-53b6-9e6df31d3e56" testName="WriteMetadataXmlWithStrings_ShouldWriteDocumentHeading_WhenDataIsPresent" computerName="DKSR-EFI-06" duration="00:00:00.0001848" startTime="2024-01-09T15:45:02.9043699+01:00" endTime="2024-01-09T15:45:02.9043699+01:00" testType="13cdc9d9-ddb5-4fa4-a97d-d965ccfc6d4b" outcome="Passed" testListId="8c84fa94-04c1-424b-9868-57a2d4851a1d" relativeResultsDirectory="ceb2fe49-de11-44fa-83bd-c298d2f9d114" />
    <UnitTestResult executionId="03ce3cce-74a5-479a-9c87-5362e677e609" testId="f03417c3-eb2e-18cd-8003-c8d213c40e6f" testName="IsCriteriaAccepted_WithKindsFilter_WhenItemKindIsNotValid_False" computerName="DKSR-EFI-06" duration="00:00:00.0017336" startTime="2024-01-09T15:44:55.4356136+01:00" endTime="2024-01-09T15:44:55.4356136+01:00" testType="13cdc9d9-ddb5-4fa4-a97d-d965ccfc6d4b" outcome="Passed" testListId="8c84fa94-04c1-424b-9868-57a2d4851a1d" relativeResultsDirectory="03ce3cce-74a5-479a-9c87-5362e677e609" />
    <UnitTestResult executionId="579bb505-a34d-4d81-8c53-af2b330a2294" testId="47a53b29-7b9e-c9bf-9646-9c0d3127b256" testName="TestMultiLevelQueue_ParallelResourceProcessors_Success" computerName="DKSR-EFI-06" duration="00:00:00.3527681" startTime="2024-01-09T15:44:45.9355892+01:00" endTime="2024-01-09T15:44:46.2793407+01:00" testType="13cdc9d9-ddb5-4fa4-a97d-d965ccfc6d4b" outcome="Passed" testListId="8c84fa94-04c1-424b-9868-57a2d4851a1d" relativeResultsDirectory="579bb505-a34d-4d81-8c53-af2b330a2294" />
    <UnitTestResult executionId="95fdd5ba-e4f6-41bf-a2cd-a671995ee2f0" testId="5d644acb-4f60-31db-754d-a101236e8d7f" testName="WriteXml_ShouldOmitElements_WhenDataIsNotPresent" computerName="DKSR-EFI-06" duration="00:00:00.0003257" startTime="2024-01-09T15:45:03.2168716+01:00" endTime="2024-01-09T15:45:03.2168716+01:00" testType="13cdc9d9-ddb5-4fa4-a97d-d965ccfc6d4b" outcome="Passed" testListId="8c84fa94-04c1-424b-9868-57a2d4851a1d" relativeResultsDirectory="95fdd5ba-e4f6-41bf-a2cd-a671995ee2f0" />
    <UnitTestResult executionId="838613b1-65c7-4aba-b61c-6481ad99909f" testId="0272379c-7daf-7bd0-3571-0deb6243dd64" testName="ReadXml_ShouldLogWarningOnlyOnceWithinOneMinute_WhenFrameDidNotReadUtcTime" computerName="DKSR-EFI-06" duration="00:00:00.0014770" startTime="2024-01-09T15:45:03.6856214+01:00" endTime="2024-01-09T15:45:03.6856214+01:00" testType="13cdc9d9-ddb5-4fa4-a97d-d965ccfc6d4b" outcome="Passed" testListId="8c84fa94-04c1-424b-9868-57a2d4851a1d" relativeResultsDirectory="838613b1-65c7-4aba-b61c-6481ad99909f" />
    <UnitTestResult executionId="7c72b4a1-112d-4c4e-9c2e-c781b0df466e" testId="6683524a-bfa3-259f-b1e9-51fd36596515" testName="GetBegin_ShouldThrowImplementationMipException_WhenSessionIsNotStarted" computerName="DKSR-EFI-06" duration="00:00:00.0013866" startTime="2024-01-09T15:45:05.5762515+01:00" endTime="2024-01-09T15:45:05.5762515+01:00" testType="13cdc9d9-ddb5-4fa4-a97d-d965ccfc6d4b" outcome="Passed" testListId="8c84fa94-04c1-424b-9868-57a2d4851a1d" relativeResultsDirectory="7c72b4a1-112d-4c4e-9c2e-c781b0df466e" />
    <UnitTestResult executionId="f9675e84-fe06-4afe-8465-f2fc2ada03c8" testId="dd6afc15-10c5-b303-c76e-273eabfa3bb0" testName="GenerateParameters_ShouldWriteFpsRange_WhenFpsRangeIsNotNull" computerName="DKSR-EFI-06" duration="00:00:00.0006036" startTime="2024-01-09T15:45:05.1700001+01:00" endTime="2024-01-09T15:45:05.1700001+01:00" testType="13cdc9d9-ddb5-4fa4-a97d-d965ccfc6d4b" outcome="Passed" testListId="8c84fa94-04c1-424b-9868-57a2d4851a1d" relativeResultsDirectory="f9675e84-fe06-4afe-8465-f2fc2ada03c8" />
    <UnitTestResult executionId="56866a3c-dfd9-4605-ad70-3edb5f3bec43" testId="125978d4-3525-643c-7140-287b2e679bf8" testName="TestStartSearch_Success" computerName="DKSR-EFI-06" duration="00:00:00.0483572" startTime="2024-01-09T15:45:00.2637569+01:00" endTime="2024-01-09T15:45:00.3106324+01:00" testType="13cdc9d9-ddb5-4fa4-a97d-d965ccfc6d4b" outcome="Passed" testListId="8c84fa94-04c1-424b-9868-57a2d4851a1d" relativeResultsDirectory="56866a3c-dfd9-4605-ad70-3edb5f3bec43" />
    <UnitTestResult executionId="12e3f8ef-4364-4a20-ad4c-2e23ed17aac0" testId="2f42b505-6aa5-6b6d-cf22-1b3f07c2fb30" testName="Serialize_TestCases (Verify root Interface (not null) property)" computerName="DKSR-EFI-06" duration="00:00:00.0002710" startTime="2024-01-09T15:44:59.4043763+01:00" endTime="2024-01-09T15:44:59.4043763+01:00" testType="13cdc9d9-ddb5-4fa4-a97d-d965ccfc6d4b" outcome="Passed" testListId="8c84fa94-04c1-424b-9868-57a2d4851a1d" relativeResultsDirectory="12e3f8ef-4364-4a20-ad4c-2e23ed17aac0" />
    <UnitTestResult executionId="0c17060e-ac4f-41fd-96c6-179cb11f03af" testId="7b925fbb-7ac1-1fe4-4372-38c14ecc5242" testName="ReadXml_ShouldDiscardShape_WhenInvalidShapeIsPresent" computerName="DKSR-EFI-06" duration="00:00:00.0015658" startTime="2024-01-09T15:45:02.2637436+01:00" endTime="2024-01-09T15:45:02.2637436+01:00" testType="13cdc9d9-ddb5-4fa4-a97d-d965ccfc6d4b" outcome="Passed" testListId="8c84fa94-04c1-424b-9868-57a2d4851a1d" relativeResultsDirectory="0c17060e-ac4f-41fd-96c6-179cb11f03af" />
    <UnitTestResult executionId="dd8c973d-c698-493d-9d64-331c527c7018" testId="b5dc0383-8c05-4dbd-34fe-ae824b1d19f6" testName="Serialize_TestCases (Verify root Interface (null) property)" computerName="DKSR-EFI-06" duration="00:00:00.0002870" startTime="2024-01-09T15:44:59.4043763+01:00" endTime="2024-01-09T15:44:59.4043763+01:00" testType="13cdc9d9-ddb5-4fa4-a97d-d965ccfc6d4b" outcome="Passed" testListId="8c84fa94-04c1-424b-9868-57a2d4851a1d" relativeResultsDirectory="dd8c973d-c698-493d-9d64-331c527c7018" />
    <UnitTestResult executionId="46a7cd76-6a69-491d-8620-da5cacbdd5a9" testId="42e108f3-1735-015e-fab8-d9a77a62ea31" testName="GetIdFromPath_ShouldReturnNull_FromNullPath" computerName="DKSR-EFI-06" duration="00:00:00.0001710" startTime="2024-01-09T15:45:05.9043752+01:00" endTime="2024-01-09T15:45:05.9043752+01:00" testType="13cdc9d9-ddb5-4fa4-a97d-d965ccfc6d4b" outcome="Passed" testListId="8c84fa94-04c1-424b-9868-57a2d4851a1d" relativeResultsDirectory="46a7cd76-6a69-491d-8620-da5cacbdd5a9" />
    <UnitTestResult executionId="65110cc6-a55e-4922-99d1-68ed810c15a8" testId="4eb0c9c9-741e-7fa6-9c80-5eed459fb9fe" testName="GenerateParameters_ShouldOmitResolutionList_WhenResolutionSetIsEmpty" computerName="DKSR-EFI-06" duration="00:00:00.0002514" startTime="2024-01-09T15:45:05.1543756+01:00" endTime="2024-01-09T15:45:05.1700001+01:00" testType="13cdc9d9-ddb5-4fa4-a97d-d965ccfc6d4b" outcome="Passed" testListId="8c84fa94-04c1-424b-9868-57a2d4851a1d" relativeResultsDirectory="65110cc6-a55e-4922-99d1-68ed810c15a8" />
    <UnitTestResult executionId="ea07f9c3-4bca-426c-9f0f-36caab5d22ef" testId="426fd024-0e4c-9e4a-2e43-44c5266f80d0" testName="Contains_CameraKind_Checked" computerName="DKSR-EFI-06" duration="00:00:00.0006353" startTime="2024-01-09T15:44:29.7324342+01:00" endTime="2024-01-09T15:44:29.7324342+01:00" testType="13cdc9d9-ddb5-4fa4-a97d-d965ccfc6d4b" outcome="Passed" testListId="8c84fa94-04c1-424b-9868-57a2d4851a1d" relativeResultsDirectory="ea07f9c3-4bca-426c-9f0f-36caab5d22ef" />
    <UnitTestResult executionId="6cded0af-9d96-4653-995e-434e2155dd0a" testId="a68618ea-e0dc-05b4-e76f-a11a2f3f297e" testName="WriteXml_ShouldWriteTypeAndLikelihoodElements_WhenAlways" computerName="DKSR-EFI-06" duration="00:00:00.0014560" startTime="2024-01-09T15:45:02.4981188+01:00" endTime="2024-01-09T15:45:02.4981188+01:00" testType="13cdc9d9-ddb5-4fa4-a97d-d965ccfc6d4b" outcome="Passed" testListId="8c84fa94-04c1-424b-9868-57a2d4851a1d" relativeResultsDirectory="6cded0af-9d96-4653-995e-434e2155dd0a" />
    <UnitTestResult executionId="65cd76ce-c5a6-47ff-b1dc-57919cdb1e4d" testId="5d87446d-b17e-e82f-a4a3-ee27c1dfacd1" testName="TestMultiLevelQueue_TwoLevels_DifferentLevelIdentifiers_Success" computerName="DKSR-EFI-06" duration="00:00:00.5426966" startTime="2024-01-09T15:44:47.2949706+01:00" endTime="2024-01-09T15:44:47.8418472+01:00" testType="13cdc9d9-ddb5-4fa4-a97d-d965ccfc6d4b" outcome="Passed" testListId="8c84fa94-04c1-424b-9868-57a2d4851a1d" relativeResultsDirectory="65cd76ce-c5a6-47ff-b1dc-57919cdb1e4d" />
    <UnitTestResult executionId="dd72843c-f87f-48e7-bd66-5b008a36854f" testId="3dddadb3-73e5-0530-cc2f-efb35c37fd4b" testName="AllAttributesWerePresent_ShouldReturnFalse_WhenXAttributeIsNotAFloat" computerName="DKSR-EFI-06" duration="00:00:00.0003078" startTime="2024-01-09T15:45:03.6231224+01:00" endTime="2024-01-09T15:45:03.6231224+01:00" testType="13cdc9d9-ddb5-4fa4-a97d-d965ccfc6d4b" outcome="Passed" testListId="8c84fa94-04c1-424b-9868-57a2d4851a1d" relativeResultsDirectory="dd72843c-f87f-48e7-bd66-5b008a36854f" />
    <UnitTestResult executionId="b123aded-0a59-4005-aeaa-6c3953976da3" testId="a7db9ed1-0e9f-4bd0-ac0b-3b36ddafd16e" testName="GetAtOrBefore_ShouldReturnCorrectElementInCache_WhenTimestampIsInMiddleOfCache" computerName="DKSR-EFI-06" duration="00:00:00.0005806" startTime="2024-01-09T15:45:05.4200527+01:00" endTime="2024-01-09T15:45:05.4200527+01:00" testType="13cdc9d9-ddb5-4fa4-a97d-d965ccfc6d4b" outcome="Passed" testListId="8c84fa94-04c1-424b-9868-57a2d4851a1d" relativeResultsDirectory="b123aded-0a59-4005-aeaa-6c3953976da3" />
    <UnitTestResult executionId="a9af964f-b94b-402f-8c47-6de4c87e67c8" testId="a161a748-55e5-1a5b-e899-d06d498d802c" testName="ConstructorRgb_ShouldReturnCorrectRgbValues_Always" computerName="DKSR-EFI-06" duration="00:00:00.0004824" startTime="2024-01-09T15:45:02.5449950+01:00" endTime="2024-01-09T15:45:02.5449950+01:00" testType="13cdc9d9-ddb5-4fa4-a97d-d965ccfc6d4b" outcome="Passed" testListId="8c84fa94-04c1-424b-9868-57a2d4851a1d" relativeResultsDirectory="a9af964f-b94b-402f-8c47-6de4c87e67c8" />
    <UnitTestResult executionId="c9132aa4-93b5-4278-9ccc-f4ea357423ca" testId="c812ed1c-00bd-8faa-1362-480338c7edf0" testName="Apply_ShouldAddTranslateYCoordinatesToTopAndBottomAndTranslateXCoordinatesToLeftAndRight_WhenTranslateIsNotNull" computerName="DKSR-EFI-06" duration="00:00:00.0006862" startTime="2024-01-09T15:45:03.3106217+01:00" endTime="2024-01-09T15:45:03.3106217+01:00" testType="13cdc9d9-ddb5-4fa4-a97d-d965ccfc6d4b" outcome="Passed" testListId="8c84fa94-04c1-424b-9868-57a2d4851a1d" relativeResultsDirectory="c9132aa4-93b5-4278-9ccc-f4ea357423ca" />
    <UnitTestResult executionId="7a8ab993-d722-4fcf-b485-b0721094dd4a" testId="45a1237f-8398-1e96-4a23-b6a235238101" testName="ReadXml_ShouldReadObject_WhenObjectIsPresent" computerName="DKSR-EFI-06" duration="00:00:00.0031124" startTime="2024-01-09T15:45:02.7012453+01:00" endTime="2024-01-09T15:45:02.7012453+01:00" testType="13cdc9d9-ddb5-4fa4-a97d-d965ccfc6d4b" outcome="Passed" testListId="8c84fa94-04c1-424b-9868-57a2d4851a1d" relativeResultsDirectory="7a8ab993-d722-4fcf-b485-b0721094dd4a" />
    <UnitTestResult executionId="1c7d6ebd-3b7c-4844-a672-ac299505f8cd" testId="96f1c2c4-5dc5-dea5-6196-eb11056b2deb" testName="WriteXml_ShouldWriteValueOnly_WhenAllePropertiesAreNotSet" computerName="DKSR-EFI-06" duration="00:00:00.0011387" startTime="2024-01-09T15:45:02.6231187+01:00" endTime="2024-01-09T15:45:02.6231187+01:00" testType="13cdc9d9-ddb5-4fa4-a97d-d965ccfc6d4b" outcome="Passed" testListId="8c84fa94-04c1-424b-9868-57a2d4851a1d" relativeResultsDirectory="1c7d6ebd-3b7c-4844-a672-ac299505f8cd" />
    <UnitTestResult executionId="fdb899f0-00e2-40c9-a898-bcb708e0181f" testId="3ccfced6-2d87-0092-817f-624478d6bd44" testName="GetNext_ShouldReturnNull_WhenCacheIsEmpty" computerName="DKSR-EFI-06" duration="00:00:00.0001811" startTime="2024-01-09T15:45:05.3575019+01:00" endTime="2024-01-09T15:45:05.3575019+01:00" testType="13cdc9d9-ddb5-4fa4-a97d-d965ccfc6d4b" outcome="Passed" testListId="8c84fa94-04c1-424b-9868-57a2d4851a1d" relativeResultsDirectory="fdb899f0-00e2-40c9-a898-bcb708e0181f" />
    <UnitTestResult executionId="5906daaa-46f9-45e9-89be-334f861aa786" testId="1efc39b0-1d4c-64ee-c593-37f0c14e8022" testName="TestStartSearch_WithoutSortOrder_Success" computerName="DKSR-EFI-06" duration="00:00:00.0043854" startTime="2024-01-09T15:45:00.3106324+01:00" endTime="2024-01-09T15:45:00.3262592+01:00" testType="13cdc9d9-ddb5-4fa4-a97d-d965ccfc6d4b" outcome="Passed" testListId="8c84fa94-04c1-424b-9868-57a2d4851a1d" relativeResultsDirectory="5906daaa-46f9-45e9-89be-334f861aa786" />
    <UnitTestResult executionId="dd395069-ee91-4211-a823-aeeaaac8b188" testId="211e44a5-7069-3390-6f71-9a0cc710f40e" testName="GetItem_ShouldReturnItem_WhenFound" computerName="DKSR-EFI-06" duration="00:00:00.0746358" startTime="2024-01-09T15:44:33.6543135+01:00" endTime="2024-01-09T15:44:33.7168114+01:00" testType="13cdc9d9-ddb5-4fa4-a97d-d965ccfc6d4b" outcome="Passed" testListId="8c84fa94-04c1-424b-9868-57a2d4851a1d" relativeResultsDirectory="dd395069-ee91-4211-a823-aeeaaac8b188" />
    <UnitTestResult executionId="5a5f171b-ef3a-4be1-aa92-3f8cee585847" testId="42175a1a-5ae8-6563-c4c4-676e585caed0" testName="WriteXml_ShouldWriteVideoAnalytics_WhenThereIsOneVideoAnalyticsItemPresent" computerName="DKSR-EFI-06" duration="00:00:00.0003164" startTime="2024-01-09T15:45:02.9824980+01:00" endTime="2024-01-09T15:45:02.9824980+01:00" testType="13cdc9d9-ddb5-4fa4-a97d-d965ccfc6d4b" outcome="Passed" testListId="8c84fa94-04c1-424b-9868-57a2d4851a1d" relativeResultsDirectory="5a5f171b-ef3a-4be1-aa92-3f8cee585847" />
    <UnitTestResult executionId="22fc2103-5571-4205-9b86-8a57e8e5e842" testId="07fa49d4-c8b1-adf8-33e0-cc2b0fe4e432" testName="Parse_Int_Simple" computerName="DKSR-EFI-06" duration="00:00:00.0003062" startTime="2024-01-09T15:45:01.7481165+01:00" endTime="2024-01-09T15:45:01.7481165+01:00" testType="13cdc9d9-ddb5-4fa4-a97d-d965ccfc6d4b" outcome="Passed" testListId="8c84fa94-04c1-424b-9868-57a2d4851a1d" relativeResultsDirectory="22fc2103-5571-4205-9b86-8a57e8e5e842" />
    <UnitTestResult executionId="6e6c0b7b-b66f-4256-bbb6-1f5719cebf5c" testId="12453e35-9e6c-1895-86bb-d53b925cb8c9" testName="Equals_ShouldReturnTrue_WhenHostDifferOnlyByProtocol" computerName="DKSR-EFI-06" duration="00:00:00.0003773" startTime="2024-01-09T15:44:32.2168100+01:00" endTime="2024-01-09T15:44:32.2168100+01:00" testType="13cdc9d9-ddb5-4fa4-a97d-d965ccfc6d4b" outcome="Passed" testListId="8c84fa94-04c1-424b-9868-57a2d4851a1d" relativeResultsDirectory="6e6c0b7b-b66f-4256-bbb6-1f5719cebf5c" />
    <UnitTestResult executionId="4a1d1e45-5c3b-481a-a0a9-ebf3f4396238" testId="9fc73790-9fce-7434-a93e-864e387eae18" testName="UtcTimeAttributeWasPresent_ShouldReturnTrue_WhenUtcTimeAttributeIsParsed" computerName="DKSR-EFI-06" duration="00:00:00.0003093" startTime="2024-01-09T15:45:02.7012453+01:00" endTime="2024-01-09T15:45:02.7012453+01:00" testType="13cdc9d9-ddb5-4fa4-a97d-d965ccfc6d4b" outcome="Passed" testListId="8c84fa94-04c1-424b-9868-57a2d4851a1d" relativeResultsDirectory="4a1d1e45-5c3b-481a-a0a9-ebf3f4396238" />
    <UnitTestResult executionId="60a18c05-301c-4a05-8ae0-9323e80a2dfb" testId="4686721b-2da0-2073-d103-e6130d171947" testName="Convert_SingleArgumentConverter_ShouldNotAllowNullValue_WhenArgumentIsValueType" computerName="DKSR-EFI-06" duration="00:00:00.0022660" startTime="2024-01-09T15:44:56.5918664+01:00" endTime="2024-01-09T15:44:56.5918664+01:00" testType="13cdc9d9-ddb5-4fa4-a97d-d965ccfc6d4b" outcome="Passed" testListId="8c84fa94-04c1-424b-9868-57a2d4851a1d" relativeResultsDirectory="60a18c05-301c-4a05-8ae0-9323e80a2dfb" />
    <UnitTestResult executionId="d549e85f-7139-40fb-bb1c-0d1f9b380630" testId="6a6ed04d-7bec-096f-c4cc-c8e9813f02b3" testName="Initialize_Default_Values" computerName="DKSR-EFI-06" duration="00:00:00.0026759" startTime="2024-01-09T15:44:55.4824874+01:00" endTime="2024-01-09T15:44:55.4824874+01:00" testType="13cdc9d9-ddb5-4fa4-a97d-d965ccfc6d4b" outcome="Passed" testListId="8c84fa94-04c1-424b-9868-57a2d4851a1d" relativeResultsDirectory="d549e85f-7139-40fb-bb1c-0d1f9b380630" />
    <UnitTestResult executionId="4d138818-7797-4472-870a-30b9c0782dd1" testId="3fce05ef-b530-f8da-eaa9-a5674fdfcd79" testName="ReadXml_ShouldReadClassCandidate_WhenCorrectClassCandidateIsPresent" computerName="DKSR-EFI-06" duration="00:00:00.0026242" startTime="2024-01-09T15:45:03.1231220+01:00" endTime="2024-01-09T15:45:03.1231220+01:00" testType="13cdc9d9-ddb5-4fa4-a97d-d965ccfc6d4b" outcome="Passed" testListId="8c84fa94-04c1-424b-9868-57a2d4851a1d" relativeResultsDirectory="4d138818-7797-4472-870a-30b9c0782dd1" />
    <UnitTestResult executionId="52e8f67b-5a80-4664-836c-ad1ff0c22d3e" testId="61459c18-d69a-002e-99fd-4c0194ecc49d" testName="Equals_For_GuidsOnly" computerName="DKSR-EFI-06" duration="00:00:00.0037978" startTime="2024-01-09T15:44:29.8261888+01:00" endTime="2024-01-09T15:44:29.8261888+01:00" testType="13cdc9d9-ddb5-4fa4-a97d-d965ccfc6d4b" outcome="Passed" testListId="8c84fa94-04c1-424b-9868-57a2d4851a1d" relativeResultsDirectory="52e8f67b-5a80-4664-836c-ad1ff0c22d3e" />
    <UnitTestResult executionId="6bb5341c-391a-469c-9674-570547505591" testId="78b38ad0-3cef-09ee-1bf9-763896c87118" testName="ConstructorShouldThrowArgumentNullExceptionWhenContentIsNull" computerName="DKSR-EFI-06" duration="00:00:00.0012654" startTime="2024-01-09T15:45:04.7637480+01:00" endTime="2024-01-09T15:45:04.7637480+01:00" testType="13cdc9d9-ddb5-4fa4-a97d-d965ccfc6d4b" outcome="Passed" testListId="8c84fa94-04c1-424b-9868-57a2d4851a1d" relativeResultsDirectory="6bb5341c-391a-469c-9674-570547505591" />
    <UnitTestResult executionId="2af8951f-375a-48c8-8a7f-728ae6f1df73" testId="b739f5d0-5237-1a79-e681-644aeb76938a" testName="ReadXml_ShouldReadAppearanceContents_WhenAppearanceIsPresent" computerName="DKSR-EFI-06" duration="00:00:00.0016996" startTime="2024-01-09T15:45:03.1856224+01:00" endTime="2024-01-09T15:45:03.2012452+01:00" testType="13cdc9d9-ddb5-4fa4-a97d-d965ccfc6d4b" outcome="Passed" testListId="8c84fa94-04c1-424b-9868-57a2d4851a1d" relativeResultsDirectory="2af8951f-375a-48c8-8a7f-728ae6f1df73" />
    <UnitTestResult executionId="e8d86721-2714-4cec-afaf-a78092e2a439" testId="f08cfdea-d0f9-0ea6-0706-b620f15a9fb4" testName="AllAttributesWerePresent_ShouldReturnFalse_WhenLeftAttributeIsNotAFloat" computerName="DKSR-EFI-06" duration="00:00:00.0003401" startTime="2024-01-09T15:45:03.2793702+01:00" endTime="2024-01-09T15:45:03.2793702+01:00" testType="13cdc9d9-ddb5-4fa4-a97d-d965ccfc6d4b" outcome="Passed" testListId="8c84fa94-04c1-424b-9868-57a2d4851a1d" relativeResultsDirectory="e8d86721-2714-4cec-afaf-a78092e2a439" />
    <UnitTestResult executionId="779ec522-fbd3-4145-960b-700b39d4e98d" testId="e251df90-29be-3bce-586f-107c221e43b7" testName="Add_ShouldNotUpdateStartCache_WhenOldStartTimeIsEarlierThanAdded" computerName="DKSR-EFI-06" duration="00:00:00.0245640" startTime="2024-01-09T15:45:05.9825024+01:00" endTime="2024-01-09T15:45:06.0137520+01:00" testType="13cdc9d9-ddb5-4fa4-a97d-d965ccfc6d4b" outcome="Passed" testListId="8c84fa94-04c1-424b-9868-57a2d4851a1d" relativeResultsDirectory="779ec522-fbd3-4145-960b-700b39d4e98d" />
    <UnitTestResult executionId="70bb04de-26b4-4388-8bc1-37053fa4171d" testId="cd0e928a-8fb2-a8c8-3e57-58d7e6ebe361" testName="ReadXml_ShouldReadYAttribute_WhenPresent" computerName="DKSR-EFI-06" duration="00:00:00.0002880" startTime="2024-01-09T15:45:02.5918680+01:00" endTime="2024-01-09T15:45:02.5918680+01:00" testType="13cdc9d9-ddb5-4fa4-a97d-d965ccfc6d4b" outcome="Passed" testListId="8c84fa94-04c1-424b-9868-57a2d4851a1d" relativeResultsDirectory="70bb04de-26b4-4388-8bc1-37053fa4171d" />
    <UnitTestResult executionId="2adf36f8-6f7f-49e3-9966-29c11f281271" testId="8ae8a56f-860e-70a2-1edd-b4adad04ade1" testName="Serialize_TestCases (TestParentTypeMatchObjectNotThisTypeMatchedProperty)" computerName="DKSR-EFI-06" duration="00:00:00.0007940" startTime="2024-01-09T15:44:59.5450043+01:00" endTime="2024-01-09T15:44:59.5450043+01:00" testType="13cdc9d9-ddb5-4fa4-a97d-d965ccfc6d4b" outcome="Passed" testListId="8c84fa94-04c1-424b-9868-57a2d4851a1d" relativeResultsDirectory="2adf36f8-6f7f-49e3-9966-29c11f281271" />
    <UnitTestResult executionId="f334fd10-5639-444b-ab4c-0b2bd3b11dab" testId="480bc1d4-3034-9948-bf19-a924b6ce5c64" testName="ProvideValue_ShouldNotSetTargetProperty_WhenSelectedItemIsNotSet" computerName="DKSR-EFI-06" duration="00:00:00.0071110" startTime="2024-01-09T15:44:58.1387476+01:00" endTime="2024-01-09T15:44:58.1387476+01:00" testType="13cdc9d9-ddb5-4fa4-a97d-d965ccfc6d4b" outcome="Passed" testListId="8c84fa94-04c1-424b-9868-57a2d4851a1d" relativeResultsDirectory="f334fd10-5639-444b-ab4c-0b2bd3b11dab" />
    <UnitTestResult executionId="4e8bf05c-6ed7-4942-b68f-b10ccf01e601" testId="eccd7b47-7a8f-ac65-26ef-40b4723d9415" testName="KindsFilter_Presets_ShowsCamerasAndPresets" computerName="DKSR-EFI-06" duration="00:00:00.0433583" startTime="2024-01-09T15:44:56.3262413+01:00" endTime="2024-01-09T15:44:56.3731176+01:00" testType="13cdc9d9-ddb5-4fa4-a97d-d965ccfc6d4b" outcome="Passed" testListId="8c84fa94-04c1-424b-9868-57a2d4851a1d" relativeResultsDirectory="4e8bf05c-6ed7-4942-b68f-b10ccf01e601" />
    <UnitTestResult executionId="84fece0a-6cbc-4691-8648-ff32ec6bff52" testId="6f2af74d-bdba-e05e-77aa-b08f726c1ddf" testName="ToJson_StringElement_Exception" computerName="DKSR-EFI-06" duration="00:00:00.0006112" startTime="2024-01-09T15:45:01.8262946+01:00" endTime="2024-01-09T15:45:01.8262946+01:00" testType="13cdc9d9-ddb5-4fa4-a97d-d965ccfc6d4b" outcome="Passed" testListId="8c84fa94-04c1-424b-9868-57a2d4851a1d" relativeResultsDirectory="84fece0a-6cbc-4691-8648-ff32ec6bff52" />
    <UnitTestResult executionId="f285b074-c9ee-4bbf-a664-82ea329d0e1f" testId="86824227-709e-d695-09b7-8d9000453067" testName="Codec_ShouldThrowArgumentOutOfRangeException_WhenCodecIsNotVideoCodec" computerName="DKSR-EFI-06" duration="00:00:00.0113195" startTime="2024-01-09T15:45:05.1075020+01:00" endTime="2024-01-09T15:45:05.1231261+01:00" testType="13cdc9d9-ddb5-4fa4-a97d-d965ccfc6d4b" outcome="Passed" testListId="8c84fa94-04c1-424b-9868-57a2d4851a1d" relativeResultsDirectory="f285b074-c9ee-4bbf-a664-82ea329d0e1f" />
    <UnitTestResult executionId="88e9f1bf-f956-44a7-a941-2e4bbbb1a554" testId="01799474-13c9-ef07-91a0-a707eadf879a" testName="Decrypt_ShouldDecryptEncryptedInput" computerName="DKSR-EFI-06" duration="00:00:00.0154783" startTime="2024-01-09T15:45:04.9356253+01:00" endTime="2024-01-09T15:45:04.9512508+01:00" testType="13cdc9d9-ddb5-4fa4-a97d-d965ccfc6d4b" outcome="Passed" testListId="8c84fa94-04c1-424b-9868-57a2d4851a1d" relativeResultsDirectory="88e9f1bf-f956-44a7-a941-2e4bbbb1a554" />
    <UnitTestResult executionId="369438ed-4c83-413d-9dfb-284467b68e8e" testId="e5f2cf6d-a0ae-d38c-0dc9-b08cf977bee2" testName="ReadXml_ShouldIgnoreChildren_WhenAlways" computerName="DKSR-EFI-06" duration="00:00:00.0007290" startTime="2024-01-09T15:45:03.6074976+01:00" endTime="2024-01-09T15:45:03.6074976+01:00" testType="13cdc9d9-ddb5-4fa4-a97d-d965ccfc6d4b" outcome="Passed" testListId="8c84fa94-04c1-424b-9868-57a2d4851a1d" relativeResultsDirectory="369438ed-4c83-413d-9dfb-284467b68e8e" />
    <UnitTestResult executionId="7a094b92-dc42-48b1-9a09-3438e60ef736" testId="9cbeee60-77f5-68fc-bc08-e8da5217124f" testName="Equals_ShouldHaveValueSemantics_WhenAlways" computerName="DKSR-EFI-06" duration="00:00:00.0008060" startTime="2024-01-09T15:45:03.6074976+01:00" endTime="2024-01-09T15:45:03.6074976+01:00" testType="13cdc9d9-ddb5-4fa4-a97d-d965ccfc6d4b" outcome="Passed" testListId="8c84fa94-04c1-424b-9868-57a2d4851a1d" relativeResultsDirectory="7a094b92-dc42-48b1-9a09-3438e60ef736" />
    <UnitTestResult executionId="cf7dd3b5-cc57-4897-9f5f-8cc1736bf300" testId="b00ecc30-ada6-8010-f3a3-4abf75838207" testName="AddItem_AnalyticsEvent_Success" computerName="DKSR-EFI-06" duration="00:00:00.0041674" startTime="2024-01-09T15:45:02.1387439+01:00" endTime="2024-01-09T15:45:02.1543686+01:00" testType="13cdc9d9-ddb5-4fa4-a97d-d965ccfc6d4b" outcome="Passed" testListId="8c84fa94-04c1-424b-9868-57a2d4851a1d" relativeResultsDirectory="cf7dd3b5-cc57-4897-9f5f-8cc1736bf300" />
    <UnitTestResult executionId="a18ca8f8-0f61-408e-ba2b-aaf625ad5268" testId="76e3efce-d93e-9a75-4b2c-e3e683f528b6" testName="Serialize_TestCases (Verify root Generic (not null) property get property value)" computerName="DKSR-EFI-06" duration="00:00:00.0001814" startTime="2024-01-09T15:44:59.4200016+01:00" endTime="2024-01-09T15:44:59.4200016+01:00" testType="13cdc9d9-ddb5-4fa4-a97d-d965ccfc6d4b" outcome="Passed" testListId="8c84fa94-04c1-424b-9868-57a2d4851a1d" relativeResultsDirectory="a18ca8f8-0f61-408e-ba2b-aaf625ad5268" />
    <UnitTestResult executionId="a9063d01-f218-472d-a97c-de44738d2c9d" testId="61262ea9-2fff-4876-558f-09adf2a65523" testName="ProvideValue_ShouldUseNull_WhenMultipleItemsSelected" computerName="DKSR-EFI-06" duration="00:00:00.0064603" startTime="2024-01-09T15:44:58.0762490+01:00" endTime="2024-01-09T15:44:58.0918734+01:00" testType="13cdc9d9-ddb5-4fa4-a97d-d965ccfc6d4b" outcome="Passed" testListId="8c84fa94-04c1-424b-9868-57a2d4851a1d" relativeResultsDirectory="a9063d01-f218-472d-a97c-de44738d2c9d" />
    <UnitTestResult executionId="942739fb-6132-4da6-9e2a-6f5bda214ebf" testId="1785bf0a-686c-ffbf-697b-cc5c423923de" testName="TestSearchFilterCategories_Success" computerName="DKSR-EFI-06" duration="00:00:00.0514302" startTime="2024-01-09T15:45:00.1387546+01:00" endTime="2024-01-09T15:45:00.2012585+01:00" testType="13cdc9d9-ddb5-4fa4-a97d-d965ccfc6d4b" outcome="Passed" testListId="8c84fa94-04c1-424b-9868-57a2d4851a1d" relativeResultsDirectory="942739fb-6132-4da6-9e2a-6f5bda214ebf" />
    <UnitTestResult executionId="f6c74424-343c-4a7b-8fbc-44346c3835c7" testId="397c15b6-197a-94bc-9677-ba909165fd0f" testName="OverlapsWith_ShouldReturnFalse_WhenArgumentEndTimeIsBeforeStartTime" computerName="DKSR-EFI-06" duration="00:00:00.0013826" startTime="2024-01-09T15:44:43.8887071+01:00" endTime="2024-01-09T15:44:43.8887071+01:00" testType="13cdc9d9-ddb5-4fa4-a97d-d965ccfc6d4b" outcome="Passed" testListId="8c84fa94-04c1-424b-9868-57a2d4851a1d" relativeResultsDirectory="f6c74424-343c-4a7b-8fbc-44346c3835c7" />
    <UnitTestResult executionId="0638c9e1-61ea-4985-b794-72100e72a4ca" testId="6989720a-7a6f-0085-ef6c-85a36e964ee3" testName="Serialize_TestCases (TestParentCollectionEmptyArrayProperty)" computerName="DKSR-EFI-06" duration="00:00:00.0002875" startTime="2024-01-09T15:44:59.3887518+01:00" endTime="2024-01-09T15:44:59.3887518+01:00" testType="13cdc9d9-ddb5-4fa4-a97d-d965ccfc6d4b" outcome="Passed" testListId="8c84fa94-04c1-424b-9868-57a2d4851a1d" relativeResultsDirectory="0638c9e1-61ea-4985-b794-72100e72a4ca" />
    <UnitTestResult executionId="68e2ae1b-293c-40f1-8a2d-14de2f59396e" testId="bc934390-fccd-2d5c-15be-99650a75c9f5" testName="SearchResultData_Item_Success" computerName="DKSR-EFI-06" duration="00:00:00.0003870" startTime="2024-01-09T15:45:00.8106320+01:00" endTime="2024-01-09T15:45:00.8106320+01:00" testType="13cdc9d9-ddb5-4fa4-a97d-d965ccfc6d4b" outcome="Passed" testListId="8c84fa94-04c1-424b-9868-57a2d4851a1d" relativeResultsDirectory="68e2ae1b-293c-40f1-8a2d-14de2f59396e" />
    <UnitTestResult executionId="2cae2bfb-0cc6-4fc1-af88-30147149faab" testId="a64f7a70-ec8c-8ab6-7e45-ca9fa7e2c2a4" testName="ReadXml_ShouldIgnoreUnknownTypeChildren_WhenUnknownTypeChildrenArePresent" computerName="DKSR-EFI-06" duration="00:00:00.0029916" startTime="2024-01-09T15:45:02.4668686+01:00" endTime="2024-01-09T15:45:02.4668686+01:00" testType="13cdc9d9-ddb5-4fa4-a97d-d965ccfc6d4b" outcome="Passed" testListId="8c84fa94-04c1-424b-9868-57a2d4851a1d" relativeResultsDirectory="2cae2bfb-0cc6-4fc1-af88-30147149faab" />
    <UnitTestResult executionId="b5ba2923-0c3c-412a-8571-d040ec78022a" testId="be18d4c4-d343-ec1d-bb22-8e6779b47149" testName="TestStartSearch_NullSearchDefinitions_Failure" computerName="DKSR-EFI-06" duration="00:00:00.0012676" startTime="2024-01-09T15:45:00.4356321+01:00" endTime="2024-01-09T15:45:00.4356321+01:00" testType="13cdc9d9-ddb5-4fa4-a97d-d965ccfc6d4b" outcome="Passed" testListId="8c84fa94-04c1-424b-9868-57a2d4851a1d" relativeResultsDirectory="b5ba2923-0c3c-412a-8571-d040ec78022a" />
    <UnitTestResult executionId="3422f41e-1b11-4e32-840c-772c94c4348f" testId="ec482b93-0422-0e34-9bc4-8b3983a84f1b" testName="Serialize_TestCases (TestParentTypeMatchObjectNotThisTypeMatched)" computerName="DKSR-EFI-06" duration="00:00:00.0007555" startTime="2024-01-09T15:44:59.5450043+01:00" endTime="2024-01-09T15:44:59.5450043+01:00" testType="13cdc9d9-ddb5-4fa4-a97d-d965ccfc6d4b" outcome="Passed" testListId="8c84fa94-04c1-424b-9868-57a2d4851a1d" relativeResultsDirectory="3422f41e-1b11-4e32-840c-772c94c4348f" />
    <UnitTestResult executionId="2b7e1b96-7d98-41a9-b260-8e818274a02c" testId="3b964bff-d25f-d812-9955-0682bf213291" testName="AllowGroupSelectionFalse_SingleSelect_NothingSelected" computerName="DKSR-EFI-06" duration="00:00:00.0006549" startTime="2024-01-09T15:44:55.4824874+01:00" endTime="2024-01-09T15:44:55.4824874+01:00" testType="13cdc9d9-ddb5-4fa4-a97d-d965ccfc6d4b" outcome="Passed" testListId="8c84fa94-04c1-424b-9868-57a2d4851a1d" relativeResultsDirectory="2b7e1b96-7d98-41a9-b260-8e818274a02c" />
    <UnitTestResult executionId="7cd0d719-1871-4825-8b0d-58a19d162b2e" testId="179839b6-b471-f653-0f2c-79b9d0414c3f" testName="ReadXml_ShouldReadScale_WhenScaleIsPresent" computerName="DKSR-EFI-06" duration="00:00:00.0009498" startTime="2024-01-09T15:45:03.5449967+01:00" endTime="2024-01-09T15:45:03.5449967+01:00" testType="13cdc9d9-ddb5-4fa4-a97d-d965ccfc6d4b" outcome="Passed" testListId="8c84fa94-04c1-424b-9868-57a2d4851a1d" relativeResultsDirectory="7cd0d719-1871-4825-8b0d-58a19d162b2e" />
    <UnitTestResult executionId="9b22d731-f293-4459-a7cb-2ec4f7349538" testId="8315ca7a-a894-4faa-3758-d8c41ad7cc82" testName="Serialize_TestCases (TestParentTypeMatchObjectThisTypeNotMatchedProperty)" computerName="DKSR-EFI-06" duration="00:00:00.0007505" startTime="2024-01-09T15:44:59.5450043+01:00" endTime="2024-01-09T15:44:59.5450043+01:00" testType="13cdc9d9-ddb5-4fa4-a97d-d965ccfc6d4b" outcome="Passed" testListId="8c84fa94-04c1-424b-9868-57a2d4851a1d" relativeResultsDirectory="9b22d731-f293-4459-a7cb-2ec4f7349538" />
    <UnitTestResult executionId="1a9932b7-3446-4915-9937-685568df1190" testId="7aa7a744-f3f3-dbab-b444-2d9793ae0544" testName="Constructor_ShouldThrowArgumentNullException_WhenServerIdIsNull" computerName="DKSR-EFI-06" duration="00:00:00.0218265" startTime="2024-01-09T15:44:33.6074351+01:00" endTime="2024-01-09T15:44:33.6230611+01:00" testType="13cdc9d9-ddb5-4fa4-a97d-d965ccfc6d4b" outcome="Passed" testListId="8c84fa94-04c1-424b-9868-57a2d4851a1d" relativeResultsDirectory="1a9932b7-3446-4915-9937-685568df1190" />
    <UnitTestResult executionId="77afaae9-e438-4420-afef-1df8d2bc591a" testId="58117c79-f111-10a9-cd35-e84774ffbcda" testName="GetAtOrBefore_ShouldReturnEntryBeforeFromCache_WhenDataIsInCache" computerName="DKSR-EFI-06" duration="00:00:00.0024890" startTime="2024-01-09T15:45:05.7325023+01:00" endTime="2024-01-09T15:45:05.7325023+01:00" testType="13cdc9d9-ddb5-4fa4-a97d-d965ccfc6d4b" outcome="Passed" testListId="8c84fa94-04c1-424b-9868-57a2d4851a1d" relativeResultsDirectory="77afaae9-e438-4420-afef-1df8d2bc591a" />
    <UnitTestResult executionId="acd6d58f-99ad-4d75-b9f4-cecd9bfe6559" testId="bfe0ceb7-58a0-23f3-be81-2bfb090a4c1b" testName="ReadXml_ShouldIgnoreUnknownChildren_WhenUnknownChildrenArePresent" computerName="DKSR-EFI-06" duration="00:00:00.0021753" startTime="2024-01-09T15:45:02.6699946+01:00" endTime="2024-01-09T15:45:02.6699946+01:00" testType="13cdc9d9-ddb5-4fa4-a97d-d965ccfc6d4b" outcome="Passed" testListId="8c84fa94-04c1-424b-9868-57a2d4851a1d" relativeResultsDirectory="acd6d58f-99ad-4d75-b9f4-cecd9bfe6559" />
    <UnitTestResult executionId="506e55be-f214-4640-9dec-824fde9c50aa" testId="63299308-d7dd-b56e-acf5-b1b102f32d4f" testName="ReadXml_ShouldReadYAttribute_WhenPresent" computerName="DKSR-EFI-06" duration="00:00:00.0003313" startTime="2024-01-09T15:45:03.6231224+01:00" endTime="2024-01-09T15:45:03.6231224+01:00" testType="13cdc9d9-ddb5-4fa4-a97d-d965ccfc6d4b" outcome="Passed" testListId="8c84fa94-04c1-424b-9868-57a2d4851a1d" relativeResultsDirectory="506e55be-f214-4640-9dec-824fde9c50aa" />
    <UnitTestResult executionId="5cd9358d-a156-458f-9da6-935cbb4118a6" testId="fcc01d6e-2b82-f145-070c-31467e83d08e" testName="GetBoundingShapesAsync_ClearCachedData_DelegatedToInternalMethodTwice" computerName="DKSR-EFI-06" duration="00:00:00.0011675" startTime="2024-01-09T15:45:00.7481329+01:00" endTime="2024-01-09T15:45:00.7481329+01:00" testType="13cdc9d9-ddb5-4fa4-a97d-d965ccfc6d4b" outcome="Passed" testListId="8c84fa94-04c1-424b-9868-57a2d4851a1d" relativeResultsDirectory="5cd9358d-a156-458f-9da6-935cbb4118a6" />
    <UnitTestResult executionId="23a6280f-d149-4d85-878b-054ee67a57bf" testId="77c15838-368f-705c-d0c8-46e47de3c659" testName="FindCacheEntryBefore_ShuldReturnNull_WhenThereAreNoEntriesbeforeTheTimestamp" computerName="DKSR-EFI-06" duration="00:00:00.0004509" startTime="2024-01-09T15:45:05.3418755+01:00" endTime="2024-01-09T15:45:05.3418755+01:00" testType="13cdc9d9-ddb5-4fa4-a97d-d965ccfc6d4b" outcome="Passed" testListId="8c84fa94-04c1-424b-9868-57a2d4851a1d" relativeResultsDirectory="23a6280f-d149-4d85-878b-054ee67a57bf" />
    <UnitTestResult executionId="6eb7e4b9-ce2b-4cb9-af78-f06021fc370c" testId="bf5b2f00-facc-927a-e231-7629bc663203" testName="Serialize_TestCases (TestParentAllPrimitiveTypeMatchDoubleThisTypeMatched)" computerName="DKSR-EFI-06" duration="00:00:00.0003313" startTime="2024-01-09T15:44:59.6543756+01:00" endTime="2024-01-09T15:44:59.6543756+01:00" testType="13cdc9d9-ddb5-4fa4-a97d-d965ccfc6d4b" outcome="Passed" testListId="8c84fa94-04c1-424b-9868-57a2d4851a1d" relativeResultsDirectory="6eb7e4b9-ce2b-4cb9-af78-f06021fc370c" />
    <UnitTestResult executionId="4aa640c3-3383-4d23-ac0f-e85915c341c2" testId="ad28a529-3946-ad0b-47a4-a29f47a70b12" testName="ResolveIconSource_ShouldResolveIcon_ForAllDefinedIcons" computerName="DKSR-EFI-06" duration="00:00:00.1149577" startTime="2024-01-09T15:44:57.9356216+01:00" endTime="2024-01-09T15:44:58.0606242+01:00" testType="13cdc9d9-ddb5-4fa4-a97d-d965ccfc6d4b" outcome="Passed" testListId="8c84fa94-04c1-424b-9868-57a2d4851a1d" relativeResultsDirectory="4aa640c3-3383-4d23-ac0f-e85915c341c2" />
    <UnitTestResult executionId="df065166-d733-468a-9d12-575bf3350eab" testId="3c77e52b-5dd8-dbae-4bf5-a2756b09e775" testName="MD5Hex32_ShouldReturnMD5Hash_WhenInputIsEmpty" computerName="DKSR-EFI-06" duration="00:00:00.0002164" startTime="2024-01-09T15:45:05.8418773+01:00" endTime="2024-01-09T15:45:05.8418773+01:00" testType="13cdc9d9-ddb5-4fa4-a97d-d965ccfc6d4b" outcome="Passed" testListId="8c84fa94-04c1-424b-9868-57a2d4851a1d" relativeResultsDirectory="df065166-d733-468a-9d12-575bf3350eab" />
    <UnitTestResult executionId="4d6d47ab-9bc8-407c-aeb3-8c8046ed1e9c" testId="a8162811-15bd-d3de-ec39-97d82066ae3d" testName="WriteXml_ShouldWriteBoldAttribute_WhenSet" computerName="DKSR-EFI-06" duration="00:00:00.0004436" startTime="2024-01-09T15:45:02.6231187+01:00" endTime="2024-01-09T15:45:02.6231187+01:00" testType="13cdc9d9-ddb5-4fa4-a97d-d965ccfc6d4b" outcome="Passed" testListId="8c84fa94-04c1-424b-9868-57a2d4851a1d" relativeResultsDirectory="4d6d47ab-9bc8-407c-aeb3-8c8046ed1e9c" />
    <UnitTestResult executionId="8b14ae3e-75b0-4754-914c-29a5ef07a8ae" testId="6892fbdf-0dab-889b-326a-7904d2b9e728" testName="CreateSearchFilterEditControl_MultiplePluginsSameResultType_LastPluginWins" computerName="DKSR-EFI-06" duration="00:00:00.0029396" startTime="2024-01-09T15:45:01.2324922+01:00" endTime="2024-01-09T15:45:01.2324922+01:00" testType="13cdc9d9-ddb5-4fa4-a97d-d965ccfc6d4b" outcome="Passed" testListId="8c84fa94-04c1-424b-9868-57a2d4851a1d" relativeResultsDirectory="8b14ae3e-75b0-4754-914c-29a5ef07a8ae" />
    <UnitTestResult executionId="1480de17-a8cc-491d-90eb-a01b8acb9885" testId="6a5b7ab3-aa94-4efe-2c3f-1fc918bed002" testName="ReadXml_ShouldReadTransformationContents_WhenTransformationIsPresent" computerName="DKSR-EFI-06" duration="00:00:00.0018663" startTime="2024-01-09T15:45:02.2637436+01:00" endTime="2024-01-09T15:45:02.2637436+01:00" testType="13cdc9d9-ddb5-4fa4-a97d-d965ccfc6d4b" outcome="Passed" testListId="8c84fa94-04c1-424b-9868-57a2d4851a1d" relativeResultsDirectory="1480de17-a8cc-491d-90eb-a01b8acb9885" />
    <UnitTestResult executionId="d991ab67-bee2-4cff-8902-750c1a962d21" testId="0bfd2093-cd64-a47e-137d-af6fe3953323" testName="WriteXml_ShouldWriteFrameContents_WhenAFrameIsWritten" computerName="DKSR-EFI-06" duration="00:00:00.0011033" startTime="2024-01-09T15:45:03.7012492+01:00" endTime="2024-01-09T15:45:03.7012492+01:00" testType="13cdc9d9-ddb5-4fa4-a97d-d965ccfc6d4b" outcome="Passed" testListId="8c84fa94-04c1-424b-9868-57a2d4851a1d" relativeResultsDirectory="d991ab67-bee2-4cff-8902-750c1a962d21" />
    <UnitTestResult executionId="e4293ce1-90dc-4efb-8b61-3ed78f38636f" testId="275ba7bf-a42d-bd91-1c80-5f751e891033" testName="BuildShapeOverlayWidthHeightAlarm_ShouldReturnCorrectNumberOfShapes_WhenArgumentContainsNoObjectAndRule" computerName="DKSR-EFI-06" duration="00:00:00.0063958" startTime="2024-01-09T15:44:33.5918105+01:00" endTime="2024-01-09T15:44:33.5918105+01:00" testType="13cdc9d9-ddb5-4fa4-a97d-d965ccfc6d4b" outcome="Passed" testListId="8c84fa94-04c1-424b-9868-57a2d4851a1d" relativeResultsDirectory="e4293ce1-90dc-4efb-8b61-3ed78f38636f" />
    <UnitTestResult executionId="75e2a88e-6686-4cbe-8808-b04d75647a74" testId="4f7bde70-3b99-d47c-8245-4d79a123baa7" testName="Ctor_NullScope_Throws" computerName="DKSR-EFI-06" duration="00:00:00.0017438" startTime="2024-01-09T15:44:59.7950029+01:00" endTime="2024-01-09T15:44:59.7950029+01:00" testType="13cdc9d9-ddb5-4fa4-a97d-d965ccfc6d4b" outcome="Passed" testListId="8c84fa94-04c1-424b-9868-57a2d4851a1d" relativeResultsDirectory="75e2a88e-6686-4cbe-8808-b04d75647a74" />
    <UnitTestResult executionId="7e1bfda6-2ddb-4c0c-9f2d-ccb24258777a" testId="b95a0169-81da-1ad7-baaf-9682207c1cd6" testName="Equals_ShouldHaveValueSemantics_WhenAlways" computerName="DKSR-EFI-06" duration="00:00:00.0004165" startTime="2024-01-09T15:45:03.2324980+01:00" endTime="2024-01-09T15:45:03.2324980+01:00" testType="13cdc9d9-ddb5-4fa4-a97d-d965ccfc6d4b" outcome="Passed" testListId="8c84fa94-04c1-424b-9868-57a2d4851a1d" relativeResultsDirectory="7e1bfda6-2ddb-4c0c-9f2d-ccb24258777a" />
    <UnitTestResult executionId="9596ddf8-f11d-437f-8390-3b7a81591266" testId="d2780117-34b2-66e8-9cc3-23cf0c600a02" testName="WriteXml_ShouldWriteTransformationElement_WhenTransformationIsNotNull" computerName="DKSR-EFI-06" duration="00:00:00.0006723" startTime="2024-01-09T15:45:02.3262452+01:00" endTime="2024-01-09T15:45:02.3262452+01:00" testType="13cdc9d9-ddb5-4fa4-a97d-d965ccfc6d4b" outcome="Passed" testListId="8c84fa94-04c1-424b-9868-57a2d4851a1d" relativeResultsDirectory="9596ddf8-f11d-437f-8390-3b7a81591266" />
    <UnitTestResult executionId="1f5d12e3-ac80-4397-9e1f-9825404f6365" testId="c2275de9-9fb7-2d15-4e82-ae68930b46f3" testName="Serialize_ToXmlWriter" computerName="DKSR-EFI-06" duration="00:00:00.0144658" startTime="2024-01-09T15:44:31.6386879+01:00" endTime="2024-01-09T15:44:31.6543096+01:00" testType="13cdc9d9-ddb5-4fa4-a97d-d965ccfc6d4b" outcome="Passed" testListId="8c84fa94-04c1-424b-9868-57a2d4851a1d" relativeResultsDirectory="1f5d12e3-ac80-4397-9e1f-9825404f6365" />
    <UnitTestResult executionId="de8f8897-5870-41ba-ac1b-5760ba0afd1e" testId="0fd399d2-70b7-1bf0-1292-5d37ff538834" testName="ReadXml_ShouldLogWarningTwiceWhenMoreThanOneMinuteBetweenWarnings_WhenRequiredAttributeIsMissing" computerName="DKSR-EFI-06" duration="00:00:00.0017366" startTime="2024-01-09T15:45:03.6387482+01:00" endTime="2024-01-09T15:45:03.6387482+01:00" testType="13cdc9d9-ddb5-4fa4-a97d-d965ccfc6d4b" outcome="Passed" testListId="8c84fa94-04c1-424b-9868-57a2d4851a1d" relativeResultsDirectory="de8f8897-5870-41ba-ac1b-5760ba0afd1e" />
    <UnitTestResult executionId="f72f763c-4dbb-4c89-bc49-f3d396d06308" testId="3508e587-4daf-8c1d-4c00-cda8ea38b43b" testName="Serialize_TestCases (Verify root Collection (empty) property get property value)" computerName="DKSR-EFI-06" duration="00:00:00.0002211" startTime="2024-01-09T15:44:59.3731848+01:00" endTime="2024-01-09T15:44:59.3731848+01:00" testType="13cdc9d9-ddb5-4fa4-a97d-d965ccfc6d4b" outcome="Passed" testListId="8c84fa94-04c1-424b-9868-57a2d4851a1d" relativeResultsDirectory="f72f763c-4dbb-4c89-bc49-f3d396d06308" />
    <UnitTestResult executionId="ac6df942-9c18-4c95-9448-21abe87e1c14" testId="5efa66e3-2c27-3f3b-d94f-51396a42e8dd" testName="Equals_ShouldHaveValueSemantics_WhenAlways" computerName="DKSR-EFI-06" duration="00:00:00.0005999" startTime="2024-01-09T15:45:03.5293728+01:00" endTime="2024-01-09T15:45:03.5293728+01:00" testType="13cdc9d9-ddb5-4fa4-a97d-d965ccfc6d4b" outcome="Passed" testListId="8c84fa94-04c1-424b-9868-57a2d4851a1d" relativeResultsDirectory="ac6df942-9c18-4c95-9448-21abe87e1c14" />
    <UnitTestResult executionId="99b0e491-c5af-4e83-8d8c-f6a616432407" testId="8b5da03f-9577-2062-8111-d2b15e5a740d" testName="GetAtOrBefore_ShouldReturnNull_WhenToolkitReturnsResponseWithNullDataList" computerName="DKSR-EFI-06" duration="00:00:00.0025847" startTime="2024-01-09T15:45:05.7325023+01:00" endTime="2024-01-09T15:45:05.7481274+01:00" testType="13cdc9d9-ddb5-4fa4-a97d-d965ccfc6d4b" outcome="Passed" testListId="8c84fa94-04c1-424b-9868-57a2d4851a1d" relativeResultsDirectory="99b0e491-c5af-4e83-8d8c-f6a616432407" />
    <UnitTestResult executionId="92458d6e-a895-4b24-9dfe-7d99aeba8574" testId="c3a53dbd-9899-8fac-d500-c2b7239c74d4" testName="WriteXml_ShouldWriteItalicAttribute_WhenSet" computerName="DKSR-EFI-06" duration="00:00:00.0015394" startTime="2024-01-09T15:45:02.6387449+01:00" endTime="2024-01-09T15:45:02.6387449+01:00" testType="13cdc9d9-ddb5-4fa4-a97d-d965ccfc6d4b" outcome="Passed" testListId="8c84fa94-04c1-424b-9868-57a2d4851a1d" relativeResultsDirectory="92458d6e-a895-4b24-9dfe-7d99aeba8574" />
    <UnitTestResult executionId="bd8df145-ac76-41d2-8ac7-a09c11e03f80" testId="7df2cba4-4ec8-04f9-d40a-3cd90e07b839" testName="Serialize_TestCases (Verify root Object (not null) property get property value)" computerName="DKSR-EFI-06" duration="00:00:00.0018730" startTime="2024-01-09T15:44:59.3575002+01:00" endTime="2024-01-09T15:44:59.3731848+01:00" testType="13cdc9d9-ddb5-4fa4-a97d-d965ccfc6d4b" outcome="Passed" testListId="8c84fa94-04c1-424b-9868-57a2d4851a1d" relativeResultsDirectory="bd8df145-ac76-41d2-8ac7-a09c11e03f80" />
    <UnitTestResult executionId="04f9e186-256a-444f-92b8-98f520afd83d" testId="ae12437f-7020-f7d7-46c0-7bcbf7d4412c" testName="ReadXml_ShouldReadCenterOfGravityContents_WhenCenterOfGravityIsPresent" computerName="DKSR-EFI-06" duration="00:00:00.0013245" startTime="2024-01-09T15:45:03.4512473+01:00" endTime="2024-01-09T15:45:03.4512473+01:00" testType="13cdc9d9-ddb5-4fa4-a97d-d965ccfc6d4b" outcome="Passed" testListId="8c84fa94-04c1-424b-9868-57a2d4851a1d" relativeResultsDirectory="04f9e186-256a-444f-92b8-98f520afd83d" />
    <UnitTestResult executionId="afc87c8f-36c7-4a05-963c-3b3ef70755aa" testId="e22757cf-80d8-f279-1c8a-feb5a05eb919" testName="ReadXml_ShouldReadBehaviourContents_WhenBehaviourIsPresent" computerName="DKSR-EFI-06" duration="00:00:00.0015342" startTime="2024-01-09T15:45:03.2012452+01:00" endTime="2024-01-09T15:45:03.2012452+01:00" testType="13cdc9d9-ddb5-4fa4-a97d-d965ccfc6d4b" outcome="Passed" testListId="8c84fa94-04c1-424b-9868-57a2d4851a1d" relativeResultsDirectory="afc87c8f-36c7-4a05-963c-3b3ef70755aa" />
    <UnitTestResult executionId="aaa5580d-1303-4c55-a3c0-986bae034a60" testId="5af855bd-1073-0abf-ad45-fc121c142707" testName="Convert_MultiArgumentConverter_ShouldReturnConvertedValue_WhenArgumentsMatch" computerName="DKSR-EFI-06" duration="00:00:00.0039210" startTime="2024-01-09T15:44:56.5918664+01:00" endTime="2024-01-09T15:44:56.5918664+01:00" testType="13cdc9d9-ddb5-4fa4-a97d-d965ccfc6d4b" outcome="Passed" testListId="8c84fa94-04c1-424b-9868-57a2d4851a1d" relativeResultsDirectory="aaa5580d-1303-4c55-a3c0-986bae034a60" />
    <UnitTestResult executionId="84a44458-b87c-4acb-8a64-3746773ed64c" testId="1fc86256-4383-79f5-2623-3a4a27ec4fd7" testName="FlushAll_ShouldClearCache" computerName="DKSR-EFI-06" duration="00:00:00.0015860" startTime="2024-01-09T15:44:33.7636850+01:00" endTime="2024-01-09T15:44:33.7636850+01:00" testType="13cdc9d9-ddb5-4fa4-a97d-d965ccfc6d4b" outcome="Passed" testListId="8c84fa94-04c1-424b-9868-57a2d4851a1d" relativeResultsDirectory="84a44458-b87c-4acb-8a64-3746773ed64c" />
    <UnitTestResult executionId="f0b76bfa-ba1e-4e0f-bb25-1d633079b199" testId="330836c9-cc9b-a4b7-a20d-ba9093f6b879" testName="GetItem_AlarmDefinition_Success" computerName="DKSR-EFI-06" duration="00:00:00.0133507" startTime="2024-01-09T15:45:01.9356177+01:00" endTime="2024-01-09T15:45:01.9512445+01:00" testType="13cdc9d9-ddb5-4fa4-a97d-d965ccfc6d4b" outcome="Passed" testListId="8c84fa94-04c1-424b-9868-57a2d4851a1d" relativeResultsDirectory="f0b76bfa-ba1e-4e0f-bb25-1d633079b199" />
    <UnitTestResult executionId="84737be7-9e10-4c0f-8515-c84536a9d10a" testId="7e72f854-d326-decd-1986-82fb5fe24c7b" testName="GenerateEnumValueParameters_ShouldWriteDisplayName_WhenAlways" computerName="DKSR-EFI-06" duration="00:00:00.0007201" startTime="2024-01-09T15:45:05.2481271+01:00" endTime="2024-01-09T15:45:05.2481271+01:00" testType="13cdc9d9-ddb5-4fa4-a97d-d965ccfc6d4b" outcome="Passed" testListId="8c84fa94-04c1-424b-9868-57a2d4851a1d" relativeResultsDirectory="84737be7-9e10-4c0f-8515-c84536a9d10a" />
    <UnitTestResult executionId="afb680b3-1959-47a7-bc49-0cdc6f30ebac" testId="ee6b4773-1394-989c-cdb7-f8b064821acb" testName="Minimize_ShouldReturnOneInterval_WhenListContainsThreeOverlappingIntervalsReversed" computerName="DKSR-EFI-06" duration="00:00:00.0006790" startTime="2024-01-09T15:44:43.9668313+01:00" endTime="2024-01-09T15:44:43.9668313+01:00" testType="13cdc9d9-ddb5-4fa4-a97d-d965ccfc6d4b" outcome="Passed" testListId="8c84fa94-04c1-424b-9868-57a2d4851a1d" relativeResultsDirectory="afb680b3-1959-47a7-bc49-0cdc6f30ebac" />
    <UnitTestResult executionId="d9330e68-6fac-4bee-b207-5a6f982ab0ae" testId="1236ba87-a4f6-ba2a-15ac-ff768f66c54a" testName="Read_and_build_Success" computerName="DKSR-EFI-06" duration="00:00:00.0025000" startTime="2024-01-09T15:45:01.7012446+01:00" endTime="2024-01-09T15:45:01.7012446+01:00" testType="13cdc9d9-ddb5-4fa4-a97d-d965ccfc6d4b" outcome="Passed" testListId="8c84fa94-04c1-424b-9868-57a2d4851a1d" relativeResultsDirectory="d9330e68-6fac-4bee-b207-5a6f982ab0ae" />
    <UnitTestResult executionId="3e6d0241-01e2-4ef2-9608-31c9a5807589" testId="5367f539-e3b0-cebf-09dd-956f309e7c6e" testName="ReadXml_ShouldIgnoreIdleChildren_WhenAlways" computerName="DKSR-EFI-06" duration="00:00:00.0003386" startTime="2024-01-09T15:45:02.3887446+01:00" endTime="2024-01-09T15:45:02.3887446+01:00" testType="13cdc9d9-ddb5-4fa4-a97d-d965ccfc6d4b" outcome="Passed" testListId="8c84fa94-04c1-424b-9868-57a2d4851a1d" relativeResultsDirectory="3e6d0241-01e2-4ef2-9608-31c9a5807589" />
    <UnitTestResult executionId="b612f435-a371-4171-a909-69ae18dacb62" testId="16f60887-7ce9-1170-b4ee-a149304874ee" testName="UnloadedEvent_ShouldRemoveProxyManager_WhenRaisedOnFrameworkElement" computerName="DKSR-EFI-06" duration="00:00:00.0058381" startTime="2024-01-09T15:44:59.7637549+01:00" endTime="2024-01-09T15:44:59.7637549+01:00" testType="13cdc9d9-ddb5-4fa4-a97d-d965ccfc6d4b" outcome="Passed" testListId="8c84fa94-04c1-424b-9868-57a2d4851a1d" relativeResultsDirectory="b612f435-a371-4171-a909-69ae18dacb62" />
    <UnitTestResult executionId="61fe057f-c4c8-4d52-874b-12e3236a72b4" testId="fcd4df18-362b-5413-023a-c55cb23032da" testName="Serialize_ShouldHandleCollectionFilter_WhenMatchingCollectionItemsTypeAndItMatchesOnlySubset" computerName="DKSR-EFI-06" duration="00:00:00.0006099" startTime="2024-01-09T15:44:59.7012528+01:00" endTime="2024-01-09T15:44:59.7012528+01:00" testType="13cdc9d9-ddb5-4fa4-a97d-d965ccfc6d4b" outcome="Passed" testListId="8c84fa94-04c1-424b-9868-57a2d4851a1d" relativeResultsDirectory="61fe057f-c4c8-4d52-874b-12e3236a72b4" />
    <UnitTestResult executionId="d4d8e583-925d-49af-89db-60aa7c6a6c5a" testId="1eda914f-da94-406c-7d55-9addceb31e52" testName="Contains_Camera_ServerIDNull_Checked_Failed" computerName="DKSR-EFI-06" duration="00:00:00.0003251" startTime="2024-01-09T15:44:29.7480595+01:00" endTime="2024-01-09T15:44:29.7480595+01:00" testType="13cdc9d9-ddb5-4fa4-a97d-d965ccfc6d4b" outcome="Passed" testListId="8c84fa94-04c1-424b-9868-57a2d4851a1d" relativeResultsDirectory="d4d8e583-925d-49af-89db-60aa7c6a6c5a" />
    <UnitTestResult executionId="a315a015-71fa-4104-a387-406f8355e35b" testId="4d5586b3-8531-2268-4fb4-39aa8e9235b0" testName="CountByItems_Activated_CountByCounter_Grace2" computerName="DKSR-EFI-06" duration="00:00:00.0012020" startTime="2024-01-09T15:45:05.0918798+01:00" endTime="2024-01-09T15:45:05.0918798+01:00" testType="13cdc9d9-ddb5-4fa4-a97d-d965ccfc6d4b" outcome="Passed" testListId="8c84fa94-04c1-424b-9868-57a2d4851a1d" relativeResultsDirectory="a315a015-71fa-4104-a387-406f8355e35b" />
    <UnitTestResult executionId="4079a757-7057-4ca0-a730-32cb2cfdf373" testId="805392f0-f3e7-2021-caac-8cfa4d85f84a" testName="ReadXml_ShouldReadItalicAttribute_WhenPresent" computerName="DKSR-EFI-06" duration="00:00:00.0002896" startTime="2024-01-09T15:45:02.5918680+01:00" endTime="2024-01-09T15:45:02.5918680+01:00" testType="13cdc9d9-ddb5-4fa4-a97d-d965ccfc6d4b" outcome="Passed" testListId="8c84fa94-04c1-424b-9868-57a2d4851a1d" relativeResultsDirectory="4079a757-7057-4ca0-a730-32cb2cfdf373" />
    <UnitTestResult executionId="c842ed45-5afa-43f0-8610-031864e089d7" testId="9d5ada2d-839e-c544-1fa6-276837fd72f2" testName="ReadXml_ShouldReadOnvifClass_WhenClassIsPresent" computerName="DKSR-EFI-06" duration="00:00:00.0013538" startTime="2024-01-09T15:45:02.2793693+01:00" endTime="2024-01-09T15:45:02.2793693+01:00" testType="13cdc9d9-ddb5-4fa4-a97d-d965ccfc6d4b" outcome="Passed" testListId="8c84fa94-04c1-424b-9868-57a2d4851a1d" relativeResultsDirectory="c842ed45-5afa-43f0-8610-031864e089d7" />
    <UnitTestResult executionId="6e17fe27-763a-4327-9234-2d1d80659fd3" testId="cfc09053-dd65-09af-3398-2d1e903d515a" testName="Stop_EmptyQueue_IsStoppingSetButIsStoppedNotSet" computerName="DKSR-EFI-06" duration="00:00:00.0001931" startTime="2024-01-09T15:44:44.0449594+01:00" endTime="2024-01-09T15:44:44.0449594+01:00" testType="13cdc9d9-ddb5-4fa4-a97d-d965ccfc6d4b" outcome="Passed" testListId="8c84fa94-04c1-424b-9868-57a2d4851a1d" relativeResultsDirectory="6e17fe27-763a-4327-9234-2d1d80659fd3" />
    <UnitTestResult executionId="1f919382-a053-4805-afbc-9d22bd953f4c" testId="9693c595-8da3-c963-0be7-6c2fb9b59c4d" testName="Serialize_TestCases (TestParentCollectionNotEmptyArrayProperty)" computerName="DKSR-EFI-06" duration="00:00:00.0002321" startTime="2024-01-09T15:44:59.4043763+01:00" endTime="2024-01-09T15:44:59.4043763+01:00" testType="13cdc9d9-ddb5-4fa4-a97d-d965ccfc6d4b" outcome="Passed" testListId="8c84fa94-04c1-424b-9868-57a2d4851a1d" relativeResultsDirectory="1f919382-a053-4805-afbc-9d22bd953f4c" />
    <UnitTestResult executionId="0c345dd8-8f3d-4f77-a7cc-38eb75af8e73" testId="a3ca636d-2e93-d6ba-5db9-ec0b0b5cb970" testName="ReadXml_ShouldIgnoreUnknownChildren_WhenUnknownChildrenArePresent" computerName="DKSR-EFI-06" duration="00:00:00.0035357" startTime="2024-01-09T15:45:02.1856201+01:00" endTime="2024-01-09T15:45:02.1856201+01:00" testType="13cdc9d9-ddb5-4fa4-a97d-d965ccfc6d4b" outcome="Passed" testListId="8c84fa94-04c1-424b-9868-57a2d4851a1d" relativeResultsDirectory="0c345dd8-8f3d-4f77-a7cc-38eb75af8e73" />
    <UnitTestResult executionId="86fabf62-e39f-4d44-a3ea-042eeb30b314" testId="621f06a6-b00f-95ed-fccd-336bd41780d8" testName="DoubleFilterValue_Deserialize_Success" computerName="DKSR-EFI-06" duration="00:00:00.0007253" startTime="2024-01-09T15:45:01.2949917+01:00" endTime="2024-01-09T15:45:01.2949917+01:00" testType="13cdc9d9-ddb5-4fa4-a97d-d965ccfc6d4b" outcome="Passed" testListId="8c84fa94-04c1-424b-9868-57a2d4851a1d" relativeResultsDirectory="86fabf62-e39f-4d44-a3ea-042eeb30b314" />
    <UnitTestResult executionId="8d27420f-73b0-4a67-941d-ccdeab51d94b" testId="d53b731a-f1cc-f58f-ac8f-3fdcdc3a367b" testName="WriteXml_ShouldWriteScaleContents_WhenScaleIsNotNull" computerName="DKSR-EFI-06" duration="00:00:00.0007881" startTime="2024-01-09T15:45:03.5918756+01:00" endTime="2024-01-09T15:45:03.5918756+01:00" testType="13cdc9d9-ddb5-4fa4-a97d-d965ccfc6d4b" outcome="Passed" testListId="8c84fa94-04c1-424b-9868-57a2d4851a1d" relativeResultsDirectory="8d27420f-73b0-4a67-941d-ccdeab51d94b" />
    <UnitTestResult executionId="f911e86e-d09d-43f7-b287-dd9a3972469d" testId="93692a07-3a10-4489-765e-ef79d18cf4d4" testName="Equals_ShouldReturnTrue_WhenOnlyServerTypeIsDifferent" computerName="DKSR-EFI-06" duration="00:00:00.1072901" startTime="2024-01-09T15:44:32.0918116+01:00" endTime="2024-01-09T15:44:32.2011856+01:00" testType="13cdc9d9-ddb5-4fa4-a97d-d965ccfc6d4b" outcome="Passed" testListId="8c84fa94-04c1-424b-9868-57a2d4851a1d" relativeResultsDirectory="f911e86e-d09d-43f7-b287-dd9a3972469d" />
    <UnitTestResult executionId="72c2f566-34b1-4a32-98fc-cb82c9967b3e" testId="f2325bdc-388f-3bfc-d37a-f2048ec03dc5" testName="GetEnd_ShouldReturnLastMetadataContent_WhenThereIsData" computerName="DKSR-EFI-06" duration="00:00:00.0025406" startTime="2024-01-09T15:45:05.6075032+01:00" endTime="2024-01-09T15:45:05.6075032+01:00" testType="13cdc9d9-ddb5-4fa4-a97d-d965ccfc6d4b" outcome="Passed" testListId="8c84fa94-04c1-424b-9868-57a2d4851a1d" relativeResultsDirectory="72c2f566-34b1-4a32-98fc-cb82c9967b3e" />
    <UnitTestResult executionId="b0183e53-2bf6-42e1-a9a0-e1903adb866f" testId="acd28437-0e13-f5d1-fe2d-ceccbcc0b0d8" testName="Construct4_And_Field_Check" computerName="DKSR-EFI-06" duration="00:00:00.1519803" startTime="2024-01-09T15:44:30.1230648+01:00" endTime="2024-01-09T15:44:30.2793149+01:00" testType="13cdc9d9-ddb5-4fa4-a97d-d965ccfc6d4b" outcome="Passed" testListId="8c84fa94-04c1-424b-9868-57a2d4851a1d" relativeResultsDirectory="b0183e53-2bf6-42e1-a9a0-e1903adb866f" />
    <UnitTestResult executionId="027b16c6-d644-4381-8c5a-fcbed7bf386d" testId="47c1b6ab-8c0a-fc63-f12d-64e40883c80a" testName="GetAgeFilterValue_ValidSelection_Success" computerName="DKSR-EFI-06" duration="00:00:00.0021158" startTime="2024-01-09T15:45:01.4668682+01:00" endTime="2024-01-09T15:45:01.4668682+01:00" testType="13cdc9d9-ddb5-4fa4-a97d-d965ccfc6d4b" outcome="Passed" testListId="8c84fa94-04c1-424b-9868-57a2d4851a1d" relativeResultsDirectory="027b16c6-d644-4381-8c5a-fcbed7bf386d" />
    <UnitTestResult executionId="4816c268-0e93-4cb9-a735-8ca665f69647" testId="146d8b26-0f20-3176-153a-32e5f137191a" testName="Minimize_ShouldReturnThreeIntervals_WhenListContainsFiveOverLappingAndNonOverlappingIntervalsReversed" computerName="DKSR-EFI-06" duration="00:00:00.0008454" startTime="2024-01-09T15:44:43.9824554+01:00" endTime="2024-01-09T15:44:43.9824554+01:00" testType="13cdc9d9-ddb5-4fa4-a97d-d965ccfc6d4b" outcome="Passed" testListId="8c84fa94-04c1-424b-9868-57a2d4851a1d" relativeResultsDirectory="4816c268-0e93-4cb9-a735-8ca665f69647" />
    <UnitTestResult executionId="fe913338-2a25-4c16-b143-0f7f64e2b133" testId="a83a69b8-4523-62af-550e-9c72857a22cc" testName="Clear_ShouldInvokeCallback_WhenObservable" computerName="DKSR-EFI-06" duration="00:00:00.0010872" startTime="2024-01-09T15:44:56.8262433+01:00" endTime="2024-01-09T15:44:56.8262433+01:00" testType="13cdc9d9-ddb5-4fa4-a97d-d965ccfc6d4b" outcome="Passed" testListId="8c84fa94-04c1-424b-9868-57a2d4851a1d" relativeResultsDirectory="fe913338-2a25-4c16-b143-0f7f64e2b133" />
    <UnitTestResult executionId="bf6153ae-1abb-405d-b165-8e29ed94b2d5" testId="aa00ee56-82a4-f12d-65e7-778cc997807f" testName="OverlapsWith_ShouldReturnTrue_WhenArgumenStartTimeIsAfterStartTimeAndBeforeEndTime" computerName="DKSR-EFI-06" duration="00:00:00.0003121" startTime="2024-01-09T15:44:43.8887071+01:00" endTime="2024-01-09T15:44:43.8887071+01:00" testType="13cdc9d9-ddb5-4fa4-a97d-d965ccfc6d4b" outcome="Passed" testListId="8c84fa94-04c1-424b-9868-57a2d4851a1d" relativeResultsDirectory="bf6153ae-1abb-405d-b165-8e29ed94b2d5" />
    <UnitTestResult executionId="0496bbb5-f365-4a61-9794-aeb93a9af18a" testId="6ec6fd22-7feb-d279-20aa-2b6bde4591a6" testName="Constructor_ShouldThrowArgumentException_WhenTheStartAndEndTimeKindsAreDifferent" computerName="DKSR-EFI-06" duration="00:00:00.0037469" startTime="2024-01-09T15:44:43.8730826+01:00" endTime="2024-01-09T15:44:43.8887071+01:00" testType="13cdc9d9-ddb5-4fa4-a97d-d965ccfc6d4b" outcome="Passed" testListId="8c84fa94-04c1-424b-9868-57a2d4851a1d" relativeResultsDirectory="0496bbb5-f365-4a61-9794-aeb93a9af18a" />
    <UnitTestResult executionId="62c19cb2-e204-43f8-9107-8d724d2e9a8e" testId="3f059c6a-7cda-fa81-0b37-29c0a5c4596b" testName="AllAttributesWerePresent_ShouldReturnFalse_WhenRightAttributeIsNotAFloat" computerName="DKSR-EFI-06" duration="00:00:00.0003374" startTime="2024-01-09T15:45:03.2793702+01:00" endTime="2024-01-09T15:45:03.2793702+01:00" testType="13cdc9d9-ddb5-4fa4-a97d-d965ccfc6d4b" outcome="Passed" testListId="8c84fa94-04c1-424b-9868-57a2d4851a1d" relativeResultsDirectory="62c19cb2-e204-43f8-9107-8d724d2e9a8e" />
    <UnitTestResult executionId="563b2f86-32ae-4d38-88a3-24c350f9d86b" testId="b9c508f0-a796-6104-1910-9ed8e83d2d6a" testName="ReadXml_ShouldIgnoreFrame_WhenFrameIsPresenWithWrongNamespace" computerName="DKSR-EFI-06" duration="00:00:00.0003346" startTime="2024-01-09T15:45:03.6699966+01:00" endTime="2024-01-09T15:45:03.6699966+01:00" testType="13cdc9d9-ddb5-4fa4-a97d-d965ccfc6d4b" outcome="Passed" testListId="8c84fa94-04c1-424b-9868-57a2d4851a1d" relativeResultsDirectory="563b2f86-32ae-4d38-88a3-24c350f9d86b" />
    <UnitTestResult executionId="b4d3a22f-29d2-44cc-8b14-f4e2ce51b760" testId="f433ef44-22f0-31c9-303b-7dece7f9527e" testName="ParseMetadataXmlWithString_ShouldThrowXmlException_WhenXmlIsUnregonized" computerName="DKSR-EFI-06" duration="00:00:00.0011904" startTime="2024-01-09T15:45:02.7949937+01:00" endTime="2024-01-09T15:45:02.7949937+01:00" testType="13cdc9d9-ddb5-4fa4-a97d-d965ccfc6d4b" outcome="Passed" testListId="8c84fa94-04c1-424b-9868-57a2d4851a1d" relativeResultsDirectory="b4d3a22f-29d2-44cc-8b14-f4e2ce51b760" />
    <UnitTestResult executionId="a127749e-fbba-44b5-9f83-bef11752320e" testId="79018515-d745-dd30-fc15-5ab9418fb22e" testName="TestStartSearch_MultipleSearchDifferentDefinitions_Success" computerName="DKSR-EFI-06" duration="00:00:00.0125518" startTime="2024-01-09T15:45:00.4200081+01:00" endTime="2024-01-09T15:45:00.4356321+01:00" testType="13cdc9d9-ddb5-4fa4-a97d-d965ccfc6d4b" outcome="Passed" testListId="8c84fa94-04c1-424b-9868-57a2d4851a1d" relativeResultsDirectory="a127749e-fbba-44b5-9f83-bef11752320e" />
    <UnitTestResult executionId="7bfebf4f-0bab-401e-8910-a70295f07579" testId="31c80297-0b11-c824-d2b2-d7f2c10e7839" testName="GetAtOrBefore_ShouldReturnNull_WhenTimestampIsBeforeFirstElement" computerName="DKSR-EFI-06" duration="00:00:00.0004506" startTime="2024-01-09T15:45:05.4043752+01:00" endTime="2024-01-09T15:45:05.4043752+01:00" testType="13cdc9d9-ddb5-4fa4-a97d-d965ccfc6d4b" outcome="Passed" testListId="8c84fa94-04c1-424b-9868-57a2d4851a1d" relativeResultsDirectory="7bfebf4f-0bab-401e-8910-a70295f07579" />
    <UnitTestResult executionId="bc874008-c32d-4b5a-a9fe-bd9ab2c174ef" testId="eefc51b9-5382-2aee-c4ce-08acd9cc49de" testName="GetMetadataStream_ShouldReturnMetadataStream_WhenByteArrayContainsValidXml" computerName="DKSR-EFI-06" duration="00:00:00.0077171" startTime="2024-01-09T15:45:02.7637458+01:00" endTime="2024-01-09T15:45:02.7793689+01:00" testType="13cdc9d9-ddb5-4fa4-a97d-d965ccfc6d4b" outcome="Passed" testListId="8c84fa94-04c1-424b-9868-57a2d4851a1d" relativeResultsDirectory="bc874008-c32d-4b5a-a9fe-bd9ab2c174ef" />
    <UnitTestResult executionId="261802a3-6f24-42e2-8334-c726040dde6e" testId="78d59ed4-95ad-480d-6b34-b1db04166f61" testName="Azimuth_ShouldThrowArgumentOfRange_WhenValueIsOutsideAcceptedRange" computerName="DKSR-EFI-06" duration="00:00:00.0014888" startTime="2024-01-09T15:45:03.0449938+01:00" endTime="2024-01-09T15:45:03.0606236+01:00" testType="13cdc9d9-ddb5-4fa4-a97d-d965ccfc6d4b" outcome="Passed" testListId="8c84fa94-04c1-424b-9868-57a2d4851a1d" relativeResultsDirectory="261802a3-6f24-42e2-8334-c726040dde6e" />
    <UnitTestResult executionId="9d4bdcb9-11ca-493b-8773-d240c5cfe183" testId="007025e6-ced6-33f5-d735-a3864e2b7add" testName="GetMetadataString_ShouldReturnConstructorByteArrayParameter_AsUtf8DecodedString" computerName="DKSR-EFI-06" duration="00:00:00.0004159" startTime="2024-01-09T15:45:02.7637458+01:00" endTime="2024-01-09T15:45:02.7637458+01:00" testType="13cdc9d9-ddb5-4fa4-a97d-d965ccfc6d4b" outcome="Passed" testListId="8c84fa94-04c1-424b-9868-57a2d4851a1d" relativeResultsDirectory="9d4bdcb9-11ca-493b-8773-d240c5cfe183" />
    <UnitTestResult executionId="a8893249-019e-48dd-9a75-bd40429b2469" testId="c4d26256-1744-c2d0-2a14-fe21640d4fe1" testName="GetNext_ShouldReturnNull_WhenCacheHasJustBenLoadedWithNewData" computerName="DKSR-EFI-06" duration="00:00:00.0004743" startTime="2024-01-09T15:45:05.3731246+01:00" endTime="2024-01-09T15:45:05.3731246+01:00" testType="13cdc9d9-ddb5-4fa4-a97d-d965ccfc6d4b" outcome="Passed" testListId="8c84fa94-04c1-424b-9868-57a2d4851a1d" relativeResultsDirectory="a8893249-019e-48dd-9a75-bd40429b2469" />
    <UnitTestResult executionId="3038748c-ab2d-4917-87c6-f5751c171464" testId="d024cbbc-cd6e-1273-02ea-1e58d1fbe142" testName="Match_Fail_NullType_WrongType_Single" computerName="DKSR-EFI-06" duration="00:00:00.0004510" startTime="2024-01-09T15:45:03.9199986+01:00" endTime="2024-01-09T15:45:03.9199986+01:00" testType="13cdc9d9-ddb5-4fa4-a97d-d965ccfc6d4b" outcome="Passed" testListId="8c84fa94-04c1-424b-9868-57a2d4851a1d" relativeResultsDirectory="3038748c-ab2d-4917-87c6-f5751c171464" />
    <UnitTestResult executionId="a2f99068-f1ef-415c-9e43-e34982cf1d21" testId="c2c45a93-efa1-bb0e-351a-c58499dc22c7" testName="ReadXml_ShouldReadTopAttribute_WhenPresent" computerName="DKSR-EFI-06" duration="00:00:00.0003837" startTime="2024-01-09T15:45:03.2637474+01:00" endTime="2024-01-09T15:45:03.2637474+01:00" testType="13cdc9d9-ddb5-4fa4-a97d-d965ccfc6d4b" outcome="Passed" testListId="8c84fa94-04c1-424b-9868-57a2d4851a1d" relativeResultsDirectory="a2f99068-f1ef-415c-9e43-e34982cf1d21" />
    <UnitTestResult executionId="bac6ef46-8598-4988-82f9-cc7c70a7fd10" testId="64385f08-1561-0f65-f649-9eea3016a34f" testName="CreateSearchFilterEditControl_SinglePluginMultipleUserControlsPlugins_Success" computerName="DKSR-EFI-06" duration="00:00:00.0042097" startTime="2024-01-09T15:45:01.2637418+01:00" endTime="2024-01-09T15:45:01.2637418+01:00" testType="13cdc9d9-ddb5-4fa4-a97d-d965ccfc6d4b" outcome="Passed" testListId="8c84fa94-04c1-424b-9868-57a2d4851a1d" relativeResultsDirectory="bac6ef46-8598-4988-82f9-cc7c70a7fd10" />
    <UnitTestResult executionId="04d091ec-6fb3-41c8-a669-b6dde849fb0c" testId="60908717-d1cb-9971-94f7-facca727b89c" testName="GetFilterValues_SingleValueAdded_ReturnsValue" computerName="DKSR-EFI-06" duration="00:00:00.0055085" startTime="2024-01-09T15:44:59.9200030+01:00" endTime="2024-01-09T15:44:59.9356285+01:00" testType="13cdc9d9-ddb5-4fa4-a97d-d965ccfc6d4b" outcome="Passed" testListId="8c84fa94-04c1-424b-9868-57a2d4851a1d" relativeResultsDirectory="04d091ec-6fb3-41c8-a669-b6dde849fb0c" />
    <UnitTestResult executionId="9cab87dd-1241-4a13-8466-fce0a2ccbae8" testId="d05873bf-41ef-0bcf-a99f-bd7e3fdc9082" testName="ReadXml_ShouldLogWarningOnlyOnceWithinOneMinute_WhenShapeIsInvalid" computerName="DKSR-EFI-06" duration="00:00:00.0025017" startTime="2024-01-09T15:45:02.2949931+01:00" endTime="2024-01-09T15:45:02.2949931+01:00" testType="13cdc9d9-ddb5-4fa4-a97d-d965ccfc6d4b" outcome="Passed" testListId="8c84fa94-04c1-424b-9868-57a2d4851a1d" relativeResultsDirectory="9cab87dd-1241-4a13-8466-fce0a2ccbae8" />
    <UnitTestResult executionId="4f11b0a6-65bf-437c-a21a-f5be88d14582" testId="3a8ca70f-603d-9529-0058-2e57757ce284" testName="WriteXml_ShouldWriteVideoAnalyticsContents_WhenVideoAnalyticsItemIsWritten" computerName="DKSR-EFI-06" duration="00:00:00.0014233" startTime="2024-01-09T15:45:02.9824980+01:00" endTime="2024-01-09T15:45:02.9981192+01:00" testType="13cdc9d9-ddb5-4fa4-a97d-d965ccfc6d4b" outcome="Passed" testListId="8c84fa94-04c1-424b-9868-57a2d4851a1d" relativeResultsDirectory="4f11b0a6-65bf-437c-a21a-f5be88d14582" />
    <UnitTestResult executionId="92a8aece-07ee-41ba-97f7-d086b06eb458" testId="f500837b-0f36-671a-c44b-b00267ce6d42" testName="ReadXml_ShouldIgnoreChildren_WhenAlways" computerName="DKSR-EFI-06" duration="00:00:00.0012722" startTime="2024-01-09T15:45:02.5762444+01:00" endTime="2024-01-09T15:45:02.5762444+01:00" testType="13cdc9d9-ddb5-4fa4-a97d-d965ccfc6d4b" outcome="Passed" testListId="8c84fa94-04c1-424b-9868-57a2d4851a1d" relativeResultsDirectory="92a8aece-07ee-41ba-97f7-d086b06eb458" />
    <UnitTestResult executionId="c8a75f97-10bb-49c7-8854-8b2ba84b71e1" testId="b79783b6-52a2-ffc5-2a1d-6b3307f25451" testName="IsValid_ShouldReturnFalse_WhenTypeIsWhitespace" computerName="DKSR-EFI-06" duration="00:00:00.0005591" startTime="2024-01-09T15:45:02.4356175+01:00" endTime="2024-01-09T15:45:02.4356175+01:00" testType="13cdc9d9-ddb5-4fa4-a97d-d965ccfc6d4b" outcome="Passed" testListId="8c84fa94-04c1-424b-9868-57a2d4851a1d" relativeResultsDirectory="c8a75f97-10bb-49c7-8854-8b2ba84b71e1" />
    <UnitTestResult executionId="8b359ec3-52c8-48b1-bb34-26433b911861" testId="68a6ea98-ca7c-4d82-e5af-14d114a1f9a4" testName="WriteXml_ShouldOmitClassCandidateElement_WhenThereIsNoClassCandidatesPresent" computerName="DKSR-EFI-06" duration="00:00:00.0006787" startTime="2024-01-09T15:45:03.1543705+01:00" endTime="2024-01-09T15:45:03.1543705+01:00" testType="13cdc9d9-ddb5-4fa4-a97d-d965ccfc6d4b" outcome="Passed" testListId="8c84fa94-04c1-424b-9868-57a2d4851a1d" relativeResultsDirectory="8b359ec3-52c8-48b1-bb34-26433b911861" />
    <UnitTestResult executionId="1f420e8a-a45e-4bfc-b940-156877be6a7f" testId="d218b1ec-f943-b4b5-4c70-d50ae6005d5d" testName="SearializePlusDeserialize_NestedElement_ShouldResultInSameString" computerName="DKSR-EFI-06" duration="00:00:00.0001744" startTime="2024-01-09T15:45:01.7324934+01:00" endTime="2024-01-09T15:45:01.7324934+01:00" testType="13cdc9d9-ddb5-4fa4-a97d-d965ccfc6d4b" outcome="Passed" testListId="8c84fa94-04c1-424b-9868-57a2d4851a1d" relativeResultsDirectory="1f420e8a-a45e-4bfc-b940-156877be6a7f" />
    <UnitTestResult executionId="71c9cbd5-8400-416e-8140-2abb4641fcc0" testId="e9e566d8-8c2f-a5c9-6e03-2549ae458328" testName="Serialize_ShouldIncludeOptionDecorations_WhenPropertyIsObjectAndNoPropertiesRequestedInPath" computerName="DKSR-EFI-06" duration="00:00:00.0006721" startTime="2024-01-09T15:44:59.2637507+01:00" endTime="2024-01-09T15:44:59.2637507+01:00" testType="13cdc9d9-ddb5-4fa4-a97d-d965ccfc6d4b" outcome="Passed" testListId="8c84fa94-04c1-424b-9868-57a2d4851a1d" relativeResultsDirectory="71c9cbd5-8400-416e-8140-2abb4641fcc0" />
    <UnitTestResult executionId="6f43b090-0106-4a77-9674-a345a621234d" testId="e7a87b1a-469f-3c38-ddd6-29b9b9cbec00" testName="WriteXml_ShouldWriteBehaviourElement_WhenBehaviourIsNotNullAndHasBehaviour" computerName="DKSR-EFI-06" duration="00:00:00.0017169" startTime="2024-01-09T15:45:03.2168716+01:00" endTime="2024-01-09T15:45:03.2168716+01:00" testType="13cdc9d9-ddb5-4fa4-a97d-d965ccfc6d4b" outcome="Passed" testListId="8c84fa94-04c1-424b-9868-57a2d4851a1d" relativeResultsDirectory="6f43b090-0106-4a77-9674-a345a621234d" />
    <UnitTestResult executionId="d341ad36-f4f8-4563-8ba1-b75563b37c48" testId="be95620e-7d9c-a81d-b372-a97d28330950" testName="ReadXml_ShouldReadGeodeticSystem_WhenGeodeticSystemIsPresent" computerName="DKSR-EFI-06" duration="00:00:00.0004869" startTime="2024-01-09T15:45:03.0918701+01:00" endTime="2024-01-09T15:45:03.0918701+01:00" testType="13cdc9d9-ddb5-4fa4-a97d-d965ccfc6d4b" outcome="Passed" testListId="8c84fa94-04c1-424b-9868-57a2d4851a1d" relativeResultsDirectory="d341ad36-f4f8-4563-8ba1-b75563b37c48" />
    <UnitTestResult executionId="8e2faafa-6463-49ca-ae15-b26fde853877" testId="23408848-110d-2bfe-6354-e8de8927ac23" testName="GenerateDeviceCapabilityParameters_ShouldWriteTypeDisplayId_WhenAlways" computerName="DKSR-EFI-06" duration="00:00:00.0008741" startTime="2024-01-09T15:45:05.4356277+01:00" endTime="2024-01-09T15:45:05.4356277+01:00" testType="13cdc9d9-ddb5-4fa4-a97d-d965ccfc6d4b" outcome="Passed" testListId="8c84fa94-04c1-424b-9868-57a2d4851a1d" relativeResultsDirectory="8e2faafa-6463-49ca-ae15-b26fde853877" />
    <UnitTestResult executionId="8a2eea32-7e32-42c3-9c78-4def07d79558" testId="ad88d97c-caee-1d9c-2151-7b83477290c3" testName="GetExpectedToken_ShouldReturnSHA256_WhenInputTokenHashTypeIsSHA256" computerName="DKSR-EFI-06" duration="00:00:00.0004731" startTime="2024-01-09T15:45:05.8575039+01:00" endTime="2024-01-09T15:45:05.8575039+01:00" testType="13cdc9d9-ddb5-4fa4-a97d-d965ccfc6d4b" outcome="Passed" testListId="8c84fa94-04c1-424b-9868-57a2d4851a1d" relativeResultsDirectory="8a2eea32-7e32-42c3-9c78-4def07d79558" />
    <UnitTestResult executionId="95c5c037-eabb-41f2-99f2-2a69d2bd46a9" testId="4bb55630-8b3a-5b1a-80b5-da8fceb36d41" testName="Apply_ShouldMultiplScaleYCoordinatesToTopAndBottomAndScaleXCoordinatesToLeftAndRight_WhenScaleIsNotNull" computerName="DKSR-EFI-06" duration="00:00:00.0006936" startTime="2024-01-09T15:45:03.3731222+01:00" endTime="2024-01-09T15:45:03.3731222+01:00" testType="13cdc9d9-ddb5-4fa4-a97d-d965ccfc6d4b" outcome="Passed" testListId="8c84fa94-04c1-424b-9868-57a2d4851a1d" relativeResultsDirectory="95c5c037-eabb-41f2-99f2-2a69d2bd46a9" />
    <UnitTestResult executionId="14174978-442f-483d-887e-3aa1e034d9b0" testId="c82ad357-66af-6f7d-49fa-5184f10411f5" testName="ReadXml_ShouldReadSpeed_WhenSpeedIsPresent" computerName="DKSR-EFI-06" duration="00:00:00.0002788" startTime="2024-01-09T15:45:03.0762459+01:00" endTime="2024-01-09T15:45:03.0762459+01:00" testType="13cdc9d9-ddb5-4fa4-a97d-d965ccfc6d4b" outcome="Passed" testListId="8c84fa94-04c1-424b-9868-57a2d4851a1d" relativeResultsDirectory="14174978-442f-483d-887e-3aa1e034d9b0" />
    <UnitTestResult executionId="62a6fe87-40d9-4784-b907-a6dd9524158d" testId="cad83f52-1e7f-4b34-02e2-b7d439893234" testName="Parse_Double_Invalid_end" computerName="DKSR-EFI-06" duration="00:00:00.0005418" startTime="2024-01-09T15:45:01.7637791+01:00" endTime="2024-01-09T15:45:01.7793681+01:00" testType="13cdc9d9-ddb5-4fa4-a97d-d965ccfc6d4b" outcome="Passed" testListId="8c84fa94-04c1-424b-9868-57a2d4851a1d" relativeResultsDirectory="62a6fe87-40d9-4784-b907-a6dd9524158d" />
    <UnitTestResult executionId="cd9947c6-d451-4ce3-a7ac-202c97f008be" testId="1ce6e954-84ed-5a50-7c66-ce4fb6384d66" testName="BuildShapeOverlayWidthHeightAlarm_ShouldReturnCorrectNumberOfShapes_WhenArgumentContainsObjectAndRule" computerName="DKSR-EFI-06" duration="00:00:00.0012227" startTime="2024-01-09T15:44:33.5761861+01:00" endTime="2024-01-09T15:44:33.5918105+01:00" testType="13cdc9d9-ddb5-4fa4-a97d-d965ccfc6d4b" outcome="Passed" testListId="8c84fa94-04c1-424b-9868-57a2d4851a1d" relativeResultsDirectory="cd9947c6-d451-4ce3-a7ac-202c97f008be" />
    <UnitTestResult executionId="fef8ccb4-2000-404d-a3f8-b666f7b51193" testId="e93f2b21-5e31-59e0-249b-2d22eb67c653" testName="Serialize_Deserialize_WithSpecialChars2" computerName="DKSR-EFI-06" duration="00:00:00.0124094" startTime="2024-01-09T15:44:31.6855608+01:00" endTime="2024-01-09T15:44:31.6855608+01:00" testType="13cdc9d9-ddb5-4fa4-a97d-d965ccfc6d4b" outcome="Passed" testListId="8c84fa94-04c1-424b-9868-57a2d4851a1d" relativeResultsDirectory="fef8ccb4-2000-404d-a3f8-b666f7b51193" />
    <UnitTestResult executionId="a69782f5-c82d-49fb-ada0-46a20026f0c8" testId="736d2983-eeff-1045-0cd2-2e53a996df06" testName="Ctor_OneStandardFilter_Success" computerName="DKSR-EFI-06" duration="00:00:00.0055632" startTime="2024-01-09T15:45:01.4981172+01:00" endTime="2024-01-09T15:45:01.5137420+01:00" testType="13cdc9d9-ddb5-4fa4-a97d-d965ccfc6d4b" outcome="Passed" testListId="8c84fa94-04c1-424b-9868-57a2d4851a1d" relativeResultsDirectory="a69782f5-c82d-49fb-ada0-46a20026f0c8" />
    <UnitTestResult executionId="3d6177aa-1a17-4598-95f8-6d33ece94aa8" testId="e5e5bf4a-3b6a-9b6c-ebe0-9c044c226109" testName="GetFilterValues_EmptyValueAdded_IncludeEmptyValues_ReturnsValue" computerName="DKSR-EFI-06" duration="00:00:00.0023378" startTime="2024-01-09T15:44:59.9512548+01:00" endTime="2024-01-09T15:44:59.9668787+01:00" testType="13cdc9d9-ddb5-4fa4-a97d-d965ccfc6d4b" outcome="Passed" testListId="8c84fa94-04c1-424b-9868-57a2d4851a1d" relativeResultsDirectory="3d6177aa-1a17-4598-95f8-6d33ece94aa8" />
    <UnitTestResult executionId="5dfb452d-ca72-4b63-a1a1-49d67c576494" testId="b41e6145-298a-b0e7-b1a2-57aee45877f3" testName="WriteXml_ShouldOmitFrameElement_WhenThereIsNoFramePresent" computerName="DKSR-EFI-06" duration="00:00:00.0005788" startTime="2024-01-09T15:45:03.6856214+01:00" endTime="2024-01-09T15:45:03.6856214+01:00" testType="13cdc9d9-ddb5-4fa4-a97d-d965ccfc6d4b" outcome="Passed" testListId="8c84fa94-04c1-424b-9868-57a2d4851a1d" relativeResultsDirectory="5dfb452d-ca72-4b63-a1a1-49d67c576494" />
    <UnitTestResult executionId="203bafcf-878b-405d-9c51-a5a1aad6c564" testId="bb812b16-0590-e601-98e0-332d7569575a" testName="Enabled_Properties_With_Disable_True_success" computerName="DKSR-EFI-06" duration="00:00:00.0364585" startTime="2024-01-09T15:44:31.7949384+01:00" endTime="2024-01-09T15:44:31.8261887+01:00" testType="13cdc9d9-ddb5-4fa4-a97d-d965ccfc6d4b" outcome="Passed" testListId="8c84fa94-04c1-424b-9868-57a2d4851a1d" relativeResultsDirectory="203bafcf-878b-405d-9c51-a5a1aad6c564" />
    <UnitTestResult executionId="d189b7a5-5a60-4e49-9ce0-da797ef7fe08" testId="0f40bc61-c58f-06fd-9a7b-e081d001f46f" testName="WriteXml_ShouldWriteObjectsContents_WhenObjectsAreWritten" computerName="DKSR-EFI-06" duration="00:00:00.0015908" startTime="2024-01-09T15:45:02.7481439+01:00" endTime="2024-01-09T15:45:02.7481439+01:00" testType="13cdc9d9-ddb5-4fa4-a97d-d965ccfc6d4b" outcome="Passed" testListId="8c84fa94-04c1-424b-9868-57a2d4851a1d" relativeResultsDirectory="d189b7a5-5a60-4e49-9ce0-da797ef7fe08" />
    <UnitTestResult executionId="38f9367e-c58f-497b-ae57-4484b433b1e0" testId="97f2dd08-7fc8-05d2-39e7-d6eb768666a9" testName="ReadXml_ShouldSetIsIdleAndIsRemovedToFalse_WhenElementIsEmpty" computerName="DKSR-EFI-06" duration="00:00:00.0005659" startTime="2024-01-09T15:45:02.3887446+01:00" endTime="2024-01-09T15:45:02.3887446+01:00" testType="13cdc9d9-ddb5-4fa4-a97d-d965ccfc6d4b" outcome="Passed" testListId="8c84fa94-04c1-424b-9868-57a2d4851a1d" relativeResultsDirectory="38f9367e-c58f-497b-ae57-4484b433b1e0" />
    <UnitTestResult executionId="c11670da-aaf8-4138-8087-7595d0ce8bb2" testId="c0fdb5a9-d6d3-7bbe-3d81-a946d84b5551" testName="ReadXml_ShouldReadTranslateContents_WhenTranslateIsPresent" computerName="DKSR-EFI-06" duration="00:00:00.0008790" startTime="2024-01-09T15:45:03.5449967+01:00" endTime="2024-01-09T15:45:03.5606235+01:00" testType="13cdc9d9-ddb5-4fa4-a97d-d965ccfc6d4b" outcome="Passed" testListId="8c84fa94-04c1-424b-9868-57a2d4851a1d" relativeResultsDirectory="c11670da-aaf8-4138-8087-7595d0ce8bb2" />
    <UnitTestResult executionId="d8e1f190-3786-4b6e-9eae-8d0d627e26f8" testId="88aa33f2-80ef-ffeb-281e-b6e341b95ce9" testName="Serialize_Deserialize_WithSpecialChars" computerName="DKSR-EFI-06" duration="00:00:00.0146704" startTime="2024-01-09T15:44:31.6543096+01:00" endTime="2024-01-09T15:44:31.6699365+01:00" testType="13cdc9d9-ddb5-4fa4-a97d-d965ccfc6d4b" outcome="Passed" testListId="8c84fa94-04c1-424b-9868-57a2d4851a1d" relativeResultsDirectory="d8e1f190-3786-4b6e-9eae-8d0d627e26f8" />
    <UnitTestResult executionId="af987779-5696-45f1-9d0e-fdbf452db591" testId="20caf036-4742-9847-57a7-705349cf0bac" testName="Serialize_TestCases (Verify root Struct property)" computerName="DKSR-EFI-06" duration="00:00:00.0002775" startTime="2024-01-09T15:44:59.3418770+01:00" endTime="2024-01-09T15:44:59.3575002+01:00" testType="13cdc9d9-ddb5-4fa4-a97d-d965ccfc6d4b" outcome="Passed" testListId="8c84fa94-04c1-424b-9868-57a2d4851a1d" relativeResultsDirectory="af987779-5696-45f1-9d0e-fdbf452db591" />
    <UnitTestResult executionId="471b7222-914f-4891-89ad-6f6ea43be61c" testId="c0e3819c-6768-c5ab-434e-1fcaec4aa6ec" testName="Serialize_TestCases (TestParentTypeMatchGenericThisTypeNotMatchedProperty)" computerName="DKSR-EFI-06" duration="00:00:00.0032668" startTime="2024-01-09T15:44:59.6231285+01:00" endTime="2024-01-09T15:44:59.6231285+01:00" testType="13cdc9d9-ddb5-4fa4-a97d-d965ccfc6d4b" outcome="Passed" testListId="8c84fa94-04c1-424b-9868-57a2d4851a1d" relativeResultsDirectory="471b7222-914f-4891-89ad-6f6ea43be61c" />
    <UnitTestResult executionId="3debe3a9-4bd3-44b3-b776-e567361c3bab" testId="48eac079-0542-ec87-ddd8-945c77d287cd" testName="Set_String" computerName="DKSR-EFI-06" duration="00:00:00.0008606" startTime="2024-01-09T15:45:01.7949930+01:00" endTime="2024-01-09T15:45:01.7949930+01:00" testType="13cdc9d9-ddb5-4fa4-a97d-d965ccfc6d4b" outcome="Passed" testListId="8c84fa94-04c1-424b-9868-57a2d4851a1d" relativeResultsDirectory="3debe3a9-4bd3-44b3-b776-e567361c3bab" />
    <UnitTestResult executionId="f5277d3b-c86e-47cd-9302-db73d8f1eb82" testId="1ac2e93a-b365-1e96-2efb-b968ca2d75c7" testName="TestRestartSearch_DefinitionNotRespectingCancellation_Success" computerName="DKSR-EFI-06" duration="00:00:00.1827445" startTime="2024-01-09T15:45:00.4668838+01:00" endTime="2024-01-09T15:45:00.6387568+01:00" testType="13cdc9d9-ddb5-4fa4-a97d-d965ccfc6d4b" outcome="Passed" testListId="8c84fa94-04c1-424b-9868-57a2d4851a1d" relativeResultsDirectory="f5277d3b-c86e-47cd-9302-db73d8f1eb82" />
    <UnitTestResult executionId="eb859400-a589-4ecc-8c8a-e7abb308ab60" testId="b147c839-1adf-f8ae-0b25-dc9dcffe119b" testName="EqualGuids_Ignore_Fail_OnKind" computerName="DKSR-EFI-06" duration="00:00:00.0004754" startTime="2024-01-09T15:44:29.8418105+01:00" endTime="2024-01-09T15:44:29.8418105+01:00" testType="13cdc9d9-ddb5-4fa4-a97d-d965ccfc6d4b" outcome="Passed" testListId="8c84fa94-04c1-424b-9868-57a2d4851a1d" relativeResultsDirectory="eb859400-a589-4ecc-8c8a-e7abb308ab60" />
    <UnitTestResult executionId="7248e6d0-8c19-4e24-914d-d9bb78873822" testId="c9591e10-6b0d-3789-a42b-e1f4d40f2de0" testName="Convert_SingleArgumentConverter_ShouldThrowArgumentException_WhenArgumentTypeMismatch" computerName="DKSR-EFI-06" duration="00:00:00.0006419" startTime="2024-01-09T15:44:56.5918664+01:00" endTime="2024-01-09T15:44:56.5918664+01:00" testType="13cdc9d9-ddb5-4fa4-a97d-d965ccfc6d4b" outcome="Passed" testListId="8c84fa94-04c1-424b-9868-57a2d4851a1d" relativeResultsDirectory="7248e6d0-8c19-4e24-914d-d9bb78873822" />
    <UnitTestResult executionId="a3152f20-8e70-4325-a267-fb312effe306" testId="1d3f650d-9d95-7992-7547-1b0a5cf1f2ec" testName="AllowGroupSelection_SingleSelect_GroupSelected" computerName="DKSR-EFI-06" duration="00:00:00.0006711" startTime="2024-01-09T15:44:55.4668629+01:00" endTime="2024-01-09T15:44:55.4824874+01:00" testType="13cdc9d9-ddb5-4fa4-a97d-d965ccfc6d4b" outcome="Passed" testListId="8c84fa94-04c1-424b-9868-57a2d4851a1d" relativeResultsDirectory="a3152f20-8e70-4325-a267-fb312effe306" />
    <UnitTestResult executionId="d00afa5a-ba89-4a44-bb41-d6f8c6432120" testId="12eef7c4-a391-5bc7-ef04-b727ebe57366" testName="Version_ShouldHaveDefaultValueOf10_WhenNotSetExplicitly" computerName="DKSR-EFI-06" duration="00:00:00.0019215" startTime="2024-01-09T15:45:03.0293706+01:00" endTime="2024-01-09T15:45:03.0293706+01:00" testType="13cdc9d9-ddb5-4fa4-a97d-d965ccfc6d4b" outcome="Passed" testListId="8c84fa94-04c1-424b-9868-57a2d4851a1d" relativeResultsDirectory="d00afa5a-ba89-4a44-bb41-d6f8c6432120" />
    <UnitTestResult executionId="9c0a2954-bd89-4869-9711-15caa7ac864a" testId="da6b7e5c-6d35-dc61-721a-7a973091e15b" testName="ReadXml_ShouldReadFrameContents_WhenFrameIsPresent" computerName="DKSR-EFI-06" duration="00:00:00.0017263" startTime="2024-01-09T15:45:03.6699966+01:00" endTime="2024-01-09T15:45:03.6699966+01:00" testType="13cdc9d9-ddb5-4fa4-a97d-d965ccfc6d4b" outcome="Passed" testListId="8c84fa94-04c1-424b-9868-57a2d4851a1d" relativeResultsDirectory="9c0a2954-bd89-4869-9711-15caa7ac864a" />
    <UnitTestResult executionId="f9727205-c246-407b-850f-764c36c99252" testId="be3b82dd-8df9-5360-ff99-6eca540698eb" testName="TestCreateSearchDefinition_Success" computerName="DKSR-EFI-06" duration="00:00:00.0169318" startTime="2024-01-09T15:45:00.2325066+01:00" endTime="2024-01-09T15:45:00.2481302+01:00" testType="13cdc9d9-ddb5-4fa4-a97d-d965ccfc6d4b" outcome="Passed" testListId="8c84fa94-04c1-424b-9868-57a2d4851a1d" relativeResultsDirectory="f9727205-c246-407b-850f-764c36c99252" />
    <UnitTestResult executionId="d4c47c7e-0ca2-49c2-a422-d83eee168b05" testId="07de42b9-1d07-0430-7138-cc678292c007" testName="WriteXml_ShouldWriteBase64EncodedOriginalData_WhenOriginalDataIsPresent" computerName="DKSR-EFI-06" duration="00:00:00.0004046" startTime="2024-01-09T15:45:02.9668697+01:00" endTime="2024-01-09T15:45:02.9824980+01:00" testType="13cdc9d9-ddb5-4fa4-a97d-d965ccfc6d4b" outcome="Passed" testListId="8c84fa94-04c1-424b-9868-57a2d4851a1d" relativeResultsDirectory="d4c47c7e-0ca2-49c2-a422-d83eee168b05" />
    <UnitTestResult executionId="5f834fcb-ddd4-4d56-a3e1-87abf4062d9d" testId="fdd1c789-d9b7-74e5-3e60-0cdd8a844a3b" testName="ReadXml_ShouldLogMessage_WhenObjectIdAttributeIsPresentButNotAnInteger" computerName="DKSR-EFI-06" duration="00:00:00.0015670" startTime="2024-01-09T15:45:03.1856224+01:00" endTime="2024-01-09T15:45:03.1856224+01:00" testType="13cdc9d9-ddb5-4fa4-a97d-d965ccfc6d4b" outcome="Passed" testListId="8c84fa94-04c1-424b-9868-57a2d4851a1d" relativeResultsDirectory="5f834fcb-ddd4-4d56-a3e1-87abf4062d9d" />
    <UnitTestResult executionId="ffa683da-fbc0-433f-a3f4-03a8fa753c77" testId="f278ce31-b96d-473d-9186-28e37d813604" testName="ReadXml_ShouldIgnoreTranslate_WhenTranslateIsPresentWithWrongNamespace" computerName="DKSR-EFI-06" duration="00:00:00.0004216" startTime="2024-01-09T15:45:03.5606235+01:00" endTime="2024-01-09T15:45:03.5606235+01:00" testType="13cdc9d9-ddb5-4fa4-a97d-d965ccfc6d4b" outcome="Passed" testListId="8c84fa94-04c1-424b-9868-57a2d4851a1d" relativeResultsDirectory="ffa683da-fbc0-433f-a3f4-03a8fa753c77" />
    <UnitTestResult executionId="f2cecbe4-a8c5-4e0d-8901-3207ece4580c" testId="1cfe0934-bee5-966a-0fdd-441157183564" testName="Minimize_ShouldReturnOneInterval_WhenListContainsTwoOverlappingIntervalsAndOneIncludesTheOther" computerName="DKSR-EFI-06" duration="00:00:00.0005664" startTime="2024-01-09T15:44:43.9512082+01:00" endTime="2024-01-09T15:44:43.9512082+01:00" testType="13cdc9d9-ddb5-4fa4-a97d-d965ccfc6d4b" outcome="Passed" testListId="8c84fa94-04c1-424b-9868-57a2d4851a1d" relativeResultsDirectory="f2cecbe4-a8c5-4e0d-8901-3207ece4580c" />
    <UnitTestResult executionId="4622b760-6da4-4ff7-8cd2-b505e2717946" testId="273b976a-4136-12a0-93d4-d31e724b1d9b" testName="SHA256Hex64_ShouldReturnSHAHash_WhenInputIsNotNull" computerName="DKSR-EFI-06" duration="00:00:00.0063371" startTime="2024-01-09T15:45:05.8418773+01:00" endTime="2024-01-09T15:45:05.8418773+01:00" testType="13cdc9d9-ddb5-4fa4-a97d-d965ccfc6d4b" outcome="Passed" testListId="8c84fa94-04c1-424b-9868-57a2d4851a1d" relativeResultsDirectory="4622b760-6da4-4ff7-8cd2-b505e2717946" />
    <UnitTestResult executionId="3ce528c6-5515-4fcd-8eb7-1233a7dae2a5" testId="a32877bc-9b7f-e906-c5f0-bd91b67c99a7" testName="WriteXml_ShouldWriteAllVideoAnalytics_WhenThereAreMultipleVideoAnalyticsItemsPresent" computerName="DKSR-EFI-06" duration="00:00:00.0003654" startTime="2024-01-09T15:45:02.9824980+01:00" endTime="2024-01-09T15:45:02.9824980+01:00" testType="13cdc9d9-ddb5-4fa4-a97d-d965ccfc6d4b" outcome="Passed" testListId="8c84fa94-04c1-424b-9868-57a2d4851a1d" relativeResultsDirectory="3ce528c6-5515-4fcd-8eb7-1233a7dae2a5" />
    <UnitTestResult executionId="c339089f-ee82-4a11-a7c1-56e44f12f8a0" testId="040dd571-8bf0-b0e3-da88-082cc2b787fd" testName="AllAttributesWerePresent_ShouldReturnFalse_WhenLeftAttributeIsMissing" computerName="DKSR-EFI-06" duration="00:00:00.0003407" startTime="2024-01-09T15:45:03.2793702+01:00" endTime="2024-01-09T15:45:03.2793702+01:00" testType="13cdc9d9-ddb5-4fa4-a97d-d965ccfc6d4b" outcome="Passed" testListId="8c84fa94-04c1-424b-9868-57a2d4851a1d" relativeResultsDirectory="c339089f-ee82-4a11-a7c1-56e44f12f8a0" />
    <UnitTestResult executionId="a2056b72-1641-42d0-960d-ff3e808fc3dd" testId="cd7f7ed7-88a6-0fa2-919b-8f85deed3b1c" testName="SearchResultData_EndTimeWithPaddingUnset_ShouldReturnEndTime" computerName="DKSR-EFI-06" duration="00:00:00.0002258" startTime="2024-01-09T15:45:00.8106320+01:00" endTime="2024-01-09T15:45:00.8106320+01:00" testType="13cdc9d9-ddb5-4fa4-a97d-d965ccfc6d4b" outcome="Passed" testListId="8c84fa94-04c1-424b-9868-57a2d4851a1d" relativeResultsDirectory="a2056b72-1641-42d0-960d-ff3e808fc3dd" />
    <UnitTestResult executionId="a89d59bd-3356-444a-bbbd-9aea156713c1" testId="4404a430-3945-1236-ef3f-8139963efa61" testName="Serialize_ShouldThrowException_WhenPropertyIsSimpleTypeButPathContainsChildren (IntProperty)" computerName="DKSR-EFI-06" duration="00:00:00.0004455" startTime="2024-01-09T15:44:59.2481271+01:00" endTime="2024-01-09T15:44:59.2481271+01:00" testType="13cdc9d9-ddb5-4fa4-a97d-d965ccfc6d4b" outcome="Passed" testListId="8c84fa94-04c1-424b-9868-57a2d4851a1d" relativeResultsDirectory="a89d59bd-3356-444a-bbbd-9aea156713c1" />
    <UnitTestResult executionId="e103b1ec-918c-40ba-82e5-6d92c39cd1b4" testId="96ff7aa1-841c-ccfd-6ea5-bb02ee21f492" testName="GetAtOrBefore_ShouldReturnNull_WhenToolkitReturnsNull" computerName="DKSR-EFI-06" duration="00:00:00.0021199" startTime="2024-01-09T15:45:05.7325023+01:00" endTime="2024-01-09T15:45:05.7325023+01:00" testType="13cdc9d9-ddb5-4fa4-a97d-d965ccfc6d4b" outcome="Passed" testListId="8c84fa94-04c1-424b-9868-57a2d4851a1d" relativeResultsDirectory="e103b1ec-918c-40ba-82e5-6d92c39cd1b4" />
    <UnitTestResult executionId="dee2551c-4dc8-43b9-a572-af94477dbbef" testId="fa078946-dda0-6ffb-816c-44fe3d4e229d" testName="Contains_Not_Found" computerName="DKSR-EFI-06" duration="00:00:00.0123948" startTime="2024-01-09T15:44:30.7793119+01:00" endTime="2024-01-09T15:44:30.7949337+01:00" testType="13cdc9d9-ddb5-4fa4-a97d-d965ccfc6d4b" outcome="Passed" testListId="8c84fa94-04c1-424b-9868-57a2d4851a1d" relativeResultsDirectory="dee2551c-4dc8-43b9-a572-af94477dbbef" />
    <UnitTestResult executionId="0646a90c-5711-4d9e-9a0c-d58675756e8d" testId="6b9c0e82-f9ec-9ff8-f609-e65978a74cf5" testName="ReadXml_ShouldIgnoreBehaviour_WhenBehaviourIsPresenWithWrongNamespace" computerName="DKSR-EFI-06" duration="00:00:00.0002453" startTime="2024-01-09T15:45:03.2012452+01:00" endTime="2024-01-09T15:45:03.2012452+01:00" testType="13cdc9d9-ddb5-4fa4-a97d-d965ccfc6d4b" outcome="Passed" testListId="8c84fa94-04c1-424b-9868-57a2d4851a1d" relativeResultsDirectory="0646a90c-5711-4d9e-9a0c-d58675756e8d" />
    <UnitTestResult executionId="2fc1afef-b83c-411b-b9e4-c199254c8141" testId="d42b4d4f-29a4-0113-b8d9-9d054172cf47" testName="Serialize_TestCases (TestParentTypeMatchInterfaceThisTypeMatched)" computerName="DKSR-EFI-06" duration="00:00:00.0008656" startTime="2024-01-09T15:44:59.5762522+01:00" endTime="2024-01-09T15:44:59.5762522+01:00" testType="13cdc9d9-ddb5-4fa4-a97d-d965ccfc6d4b" outcome="Passed" testListId="8c84fa94-04c1-424b-9868-57a2d4851a1d" relativeResultsDirectory="2fc1afef-b83c-411b-b9e4-c199254c8141" />
    <UnitTestResult executionId="0b53b36a-4bd7-4226-8c4f-7a714ccc5527" testId="ac1eb344-84dd-8e2f-e7fa-8afd6aaf6222" testName="GetNextSequence_ShouldStoreToolkitResultInCache_WhenAlways" computerName="DKSR-EFI-06" duration="00:00:00.0032714" startTime="2024-01-09T15:45:05.7637527+01:00" endTime="2024-01-09T15:45:05.7793803+01:00" testType="13cdc9d9-ddb5-4fa4-a97d-d965ccfc6d4b" outcome="Passed" testListId="8c84fa94-04c1-424b-9868-57a2d4851a1d" relativeResultsDirectory="0b53b36a-4bd7-4226-8c4f-7a714ccc5527" />
    <UnitTestResult executionId="f09f1769-007b-42db-b352-6f0af7e9609c" testId="41e8bbd6-3770-3db6-c9ec-9f2dfc487593" testName="GetPrevious_ShouldReturnSecondLastElement_WhenLastEntryCalledAndThereIsAPreviousEntry" computerName="DKSR-EFI-06" duration="00:00:00.0004990" startTime="2024-01-09T15:45:05.3418755+01:00" endTime="2024-01-09T15:45:05.3418755+01:00" testType="13cdc9d9-ddb5-4fa4-a97d-d965ccfc6d4b" outcome="Passed" testListId="8c84fa94-04c1-424b-9868-57a2d4851a1d" relativeResultsDirectory="f09f1769-007b-42db-b352-6f0af7e9609c" />
    <UnitTestResult executionId="38010412-ac7a-430a-ab71-3d1bfb902405" testId="40d07a9e-35f0-7d7b-e40e-ceb656623def" testName="Remove_KeyPresent_ReturnsTrueAndGetReturnsNullAndPostRemovalActionExecuted" computerName="DKSR-EFI-06" duration="00:00:00.0004844" startTime="2024-01-09T15:44:44.1074572+01:00" endTime="2024-01-09T15:44:44.1074572+01:00" testType="13cdc9d9-ddb5-4fa4-a97d-d965ccfc6d4b" outcome="Passed" testListId="8c84fa94-04c1-424b-9868-57a2d4851a1d" relativeResultsDirectory="38010412-ac7a-430a-ab71-3d1bfb902405" />
    <UnitTestResult executionId="ad537ade-0afe-4a07-89e1-bc60b4267db7" testId="07d6b577-3d60-1f8f-d4b8-5715e136ec3a" testName="ReadXml_ShouldDiscardBoundingBox_WhenIncompleteBoundingBoxIsPresent" computerName="DKSR-EFI-06" duration="00:00:00.0010516" startTime="2024-01-09T15:45:03.4356222+01:00" endTime="2024-01-09T15:45:03.4356222+01:00" testType="13cdc9d9-ddb5-4fa4-a97d-d965ccfc6d4b" outcome="Passed" testListId="8c84fa94-04c1-424b-9868-57a2d4851a1d" relativeResultsDirectory="ad537ade-0afe-4a07-89e1-bc60b4267db7" />
    <UnitTestResult executionId="1e7872d2-dd72-4dcf-ae68-9e7bd81a9b2d" testId="9f48d199-bab5-a916-f5d8-2312d1097b95" testName="Move_ShouldInvokeCallback_WhenObservable" computerName="DKSR-EFI-06" duration="00:00:00.0022699" startTime="2024-01-09T15:44:56.7793806+01:00" endTime="2024-01-09T15:44:56.7793806+01:00" testType="13cdc9d9-ddb5-4fa4-a97d-d965ccfc6d4b" outcome="Passed" testListId="8c84fa94-04c1-424b-9868-57a2d4851a1d" relativeResultsDirectory="1e7872d2-dd72-4dcf-ae68-9e7bd81a9b2d" />
    <UnitTestResult executionId="3018c8c9-75dd-4cc8-8220-859569192530" testId="e887a600-cc5e-a49f-de88-d8d0409269e2" testName="Serialize_TestCases (TestParentTypeMatchStructThisTypeNotMatched)" computerName="DKSR-EFI-06" duration="00:00:00.0006648" startTime="2024-01-09T15:44:59.5137528+01:00" endTime="2024-01-09T15:44:59.5137528+01:00" testType="13cdc9d9-ddb5-4fa4-a97d-d965ccfc6d4b" outcome="Passed" testListId="8c84fa94-04c1-424b-9868-57a2d4851a1d" relativeResultsDirectory="3018c8c9-75dd-4cc8-8220-859569192530" />
    <UnitTestResult executionId="502e9c31-e2d5-44de-a8ff-a4bba88f824c" testId="ab8bb7fc-41b6-aa97-b7c5-389099b08870" testName="ReadXml_ShouldLogWarningOnlyOnceWithinOneMinute_WhenRequiredAttributeIsMissing" computerName="DKSR-EFI-06" duration="00:00:00.0014055" startTime="2024-01-09T15:45:03.4043712+01:00" endTime="2024-01-09T15:45:03.4043712+01:00" testType="13cdc9d9-ddb5-4fa4-a97d-d965ccfc6d4b" outcome="Passed" testListId="8c84fa94-04c1-424b-9868-57a2d4851a1d" relativeResultsDirectory="502e9c31-e2d5-44de-a8ff-a4bba88f824c" />
    <UnitTestResult executionId="7b3661f6-ef56-4170-838d-21414e103e8f" testId="a0021c28-c68a-0206-6b10-c92f5347c415" testName="Serialize_TestCases (TestParentCollectionEmptyArrayPropertyProperty)" computerName="DKSR-EFI-06" duration="00:00:00.0001386" startTime="2024-01-09T15:44:59.4043763+01:00" endTime="2024-01-09T15:44:59.4043763+01:00" testType="13cdc9d9-ddb5-4fa4-a97d-d965ccfc6d4b" outcome="Passed" testListId="8c84fa94-04c1-424b-9868-57a2d4851a1d" relativeResultsDirectory="7b3661f6-ef56-4170-838d-21414e103e8f" />
    <UnitTestResult executionId="91d61739-68b5-49e8-a991-cc10a37aadff" testId="2e209cdd-d799-eebb-86ee-eb1ff73e496f" testName="ReadXml_ShouldReadXmlAndCreateEquivalentObject_WhenXmlIsWrittenByWriteXml" computerName="DKSR-EFI-06" duration="00:00:00.0026685" startTime="2024-01-09T15:45:02.9668697+01:00" endTime="2024-01-09T15:45:02.9668697+01:00" testType="13cdc9d9-ddb5-4fa4-a97d-d965ccfc6d4b" outcome="Passed" testListId="8c84fa94-04c1-424b-9868-57a2d4851a1d" relativeResultsDirectory="91d61739-68b5-49e8-a991-cc10a37aadff" />
    <UnitTestResult executionId="261fbf2d-0edf-4076-8642-15fc45c8c929" testId="3d82fc6e-5f69-e808-ca5d-cd01f3ee4891" testName="GenerateTypeDefinintionParameters_ShouldCallGenerateDeviceCapabilityParametersWithCorrectPrefix_WhenThereAreCapabilities" computerName="DKSR-EFI-06" duration="00:00:00.0018692" startTime="2024-01-09T15:45:05.8262537+01:00" endTime="2024-01-09T15:45:05.8262537+01:00" testType="13cdc9d9-ddb5-4fa4-a97d-d965ccfc6d4b" outcome="Passed" testListId="8c84fa94-04c1-424b-9868-57a2d4851a1d" relativeResultsDirectory="261fbf2d-0edf-4076-8642-15fc45c8c929" />
    <UnitTestResult executionId="12692e87-60ea-49d5-9eef-700c601bd51c" testId="e997866d-eebf-79e1-ae85-52bd5aa489c9" testName="IsEmptyValue_StringFilterValue_Whitespaces_ReturnsTrue" computerName="DKSR-EFI-06" duration="00:00:00.0001919" startTime="2024-01-09T15:45:00.0137563+01:00" endTime="2024-01-09T15:45:00.0137563+01:00" testType="13cdc9d9-ddb5-4fa4-a97d-d965ccfc6d4b" outcome="Passed" testListId="8c84fa94-04c1-424b-9868-57a2d4851a1d" relativeResultsDirectory="12692e87-60ea-49d5-9eef-700c601bd51c" />
    <UnitTestResult executionId="12cc843c-723d-4620-aef6-f2b4572e996d" testId="f33839d1-0a95-c027-0a9d-468e94c3e8f8" testName="EqualGuids_Fail_OnServerIdNull" computerName="DKSR-EFI-06" duration="00:00:00.0004007" startTime="2024-01-09T15:44:29.8418105+01:00" endTime="2024-01-09T15:44:29.8418105+01:00" testType="13cdc9d9-ddb5-4fa4-a97d-d965ccfc6d4b" outcome="Passed" testListId="8c84fa94-04c1-424b-9868-57a2d4851a1d" relativeResultsDirectory="12cc843c-723d-4620-aef6-f2b4572e996d" />
    <UnitTestResult executionId="75173d49-c6ba-432d-8a0f-eaa2ac91fb65" testId="d30c0506-60c3-3624-baf0-3cabb1483786" testName="ServerId_ShouldNotReturnNull" computerName="DKSR-EFI-06" duration="00:00:00.0004651" startTime="2024-01-09T15:44:33.6387005+01:00" endTime="2024-01-09T15:44:33.6387005+01:00" testType="13cdc9d9-ddb5-4fa4-a97d-d965ccfc6d4b" outcome="Passed" testListId="8c84fa94-04c1-424b-9868-57a2d4851a1d" relativeResultsDirectory="75173d49-c6ba-432d-8a0f-eaa2ac91fb65" />
    <UnitTestResult executionId="b4d36d62-a849-491c-a2f4-c64844a92efa" testId="d1e0da8d-6305-778c-2487-62302266275e" testName="Append_PropertyKey_Value_Parted" computerName="DKSR-EFI-06" duration="00:00:00.0002260" startTime="2024-01-09T15:45:01.6543671+01:00" endTime="2024-01-09T15:45:01.6543671+01:00" testType="13cdc9d9-ddb5-4fa4-a97d-d965ccfc6d4b" outcome="Passed" testListId="8c84fa94-04c1-424b-9868-57a2d4851a1d" relativeResultsDirectory="b4d36d62-a849-491c-a2f4-c64844a92efa" />
    <UnitTestResult executionId="a1457467-9e07-4ba1-bb6e-c5d92570e838" testId="8b839df5-395a-2e9c-1956-4200a4a4d5cd" testName="TryParseArgbString_ShouldCreateInstanceWithCorrectARGBValues_WhenFormatIsCorrect" computerName="DKSR-EFI-06" duration="00:00:00.0031892" startTime="2024-01-09T15:45:02.5137447+01:00" endTime="2024-01-09T15:45:02.5293684+01:00" testType="13cdc9d9-ddb5-4fa4-a97d-d965ccfc6d4b" outcome="Passed" testListId="8c84fa94-04c1-424b-9868-57a2d4851a1d" relativeResultsDirectory="a1457467-9e07-4ba1-bb6e-c5d92570e838" />
    <UnitTestResult executionId="f20a5fb5-98a0-4886-9018-1ec1f08f74de" testId="20ff39df-6b6f-8d20-2277-72d3fc9ee983" testName="Convert_MultiArgumentConverter_ShouldNotAllowNullValue_WhenArgumentIsValueType" computerName="DKSR-EFI-06" duration="00:00:00.0008371" startTime="2024-01-09T15:44:56.6074899+01:00" endTime="2024-01-09T15:44:56.6074899+01:00" testType="13cdc9d9-ddb5-4fa4-a97d-d965ccfc6d4b" outcome="Passed" testListId="8c84fa94-04c1-424b-9868-57a2d4851a1d" relativeResultsDirectory="f20a5fb5-98a0-4886-9018-1ec1f08f74de" />
    <UnitTestResult executionId="29f2bada-c764-4e8a-8f4a-d18b67304a71" testId="dfccf221-5403-2188-5503-aa835e99c003" testName="AllAttributesWerePresent_ShouldReturnFalse_WhenYAttributeIsMissing" computerName="DKSR-EFI-06" duration="00:00:00.0002780" startTime="2024-01-09T15:45:03.6231224+01:00" endTime="2024-01-09T15:45:03.6231224+01:00" testType="13cdc9d9-ddb5-4fa4-a97d-d965ccfc6d4b" outcome="Passed" testListId="8c84fa94-04c1-424b-9868-57a2d4851a1d" relativeResultsDirectory="29f2bada-c764-4e8a-8f4a-d18b67304a71" />
    <UnitTestResult executionId="fffde581-c013-40b1-8cb6-176ea4e0694b" testId="6c0d7995-8533-0e6b-e22a-6af26babe546" testName="Equals_IgnoreFolderType_Check" computerName="DKSR-EFI-06" duration="00:00:00.0009907" startTime="2024-01-09T15:44:29.7636846+01:00" endTime="2024-01-09T15:44:29.7636846+01:00" testType="13cdc9d9-ddb5-4fa4-a97d-d965ccfc6d4b" outcome="Passed" testListId="8c84fa94-04c1-424b-9868-57a2d4851a1d" relativeResultsDirectory="fffde581-c013-40b1-8cb6-176ea4e0694b" />
    <UnitTestResult executionId="d068b3e6-6305-4c5a-a491-c4463c551295" testId="fcaf83e0-32f7-634e-130d-abc796d2af06" testName="WriteAppearanceExtenstionXml_ShouldWriteAllExtensions_WhenAllArePresent" computerName="DKSR-EFI-06" duration="00:00:00.0004339" startTime="2024-01-09T15:45:03.3887523+01:00" endTime="2024-01-09T15:45:03.3887523+01:00" testType="13cdc9d9-ddb5-4fa4-a97d-d965ccfc6d4b" outcome="Passed" testListId="8c84fa94-04c1-424b-9868-57a2d4851a1d" relativeResultsDirectory="d068b3e6-6305-4c5a-a491-c4463c551295" />
    <UnitTestResult executionId="8a29e86a-3aff-45a5-8f98-dd89d33de9d0" testId="59e10b82-f701-4ec1-bb24-9886531bdbb4" testName="Ctor_NoStandardFilters_Success" computerName="DKSR-EFI-06" duration="00:00:00.0002180" startTime="2024-01-09T15:45:01.4981172+01:00" endTime="2024-01-09T15:45:01.4981172+01:00" testType="13cdc9d9-ddb5-4fa4-a97d-d965ccfc6d4b" outcome="Passed" testListId="8c84fa94-04c1-424b-9868-57a2d4851a1d" relativeResultsDirectory="8a29e86a-3aff-45a5-8f98-dd89d33de9d0" />
    <UnitTestResult executionId="a930f2cf-754a-4375-89cf-0385b6759edd" testId="7c4b74fb-67e0-6834-21f2-2c0f78a66963" testName="CountByCounter_NotActivated_Empty" computerName="DKSR-EFI-06" duration="00:00:00.0128176" startTime="2024-01-09T15:45:04.9668741+01:00" endTime="2024-01-09T15:45:04.9824995+01:00" testType="13cdc9d9-ddb5-4fa4-a97d-d965ccfc6d4b" outcome="Passed" testListId="8c84fa94-04c1-424b-9868-57a2d4851a1d" relativeResultsDirectory="a930f2cf-754a-4375-89cf-0385b6759edd" />
    <UnitTestResult executionId="b3ca5346-45fb-4206-b10d-2601043b4e86" testId="2339c643-1a37-d25a-2a23-49039f375c2c" testName="NavigationalData_ShouldReturnNull_WhenXmlDidNotContainNavigationalData" computerName="DKSR-EFI-06" duration="00:00:00.0002799" startTime="2024-01-09T15:45:02.9512489+01:00" endTime="2024-01-09T15:45:02.9512489+01:00" testType="13cdc9d9-ddb5-4fa4-a97d-d965ccfc6d4b" outcome="Passed" testListId="8c84fa94-04c1-424b-9868-57a2d4851a1d" relativeResultsDirectory="b3ca5346-45fb-4206-b10d-2601043b4e86" />
    <UnitTestResult executionId="512a6ac3-8f83-4358-a99f-2cbe23b61c4a" testId="21519acc-d56e-4959-c4c3-f48c7006fe27" testName="ReadXml_ShouldReadShape_WhenShapeIsPresent" computerName="DKSR-EFI-06" duration="00:00:00.0568610" startTime="2024-01-09T15:45:02.1856201+01:00" endTime="2024-01-09T15:45:02.2481185+01:00" testType="13cdc9d9-ddb5-4fa4-a97d-d965ccfc6d4b" outcome="Passed" testListId="8c84fa94-04c1-424b-9868-57a2d4851a1d" relativeResultsDirectory="512a6ac3-8f83-4358-a99f-2cbe23b61c4a" />
    <UnitTestResult executionId="2df0894d-f552-4ddb-8c3d-27cec8cc1c2e" testId="fbabebe5-f475-8769-2079-7693b5c62d8c" testName="AppendItemPicked_MultiSelect_AppendTwoItems_BothSelected" computerName="DKSR-EFI-06" duration="00:00:00.0020523" startTime="2024-01-09T15:44:55.4512389+01:00" endTime="2024-01-09T15:44:55.4512389+01:00" testType="13cdc9d9-ddb5-4fa4-a97d-d965ccfc6d4b" outcome="Passed" testListId="8c84fa94-04c1-424b-9868-57a2d4851a1d" relativeResultsDirectory="2df0894d-f552-4ddb-8c3d-27cec8cc1c2e" />
    <UnitTestResult executionId="67134a64-a006-4bd3-9f5c-3124bcf133d2" testId="90a2670f-70e3-342d-ffb1-12b2148b7041" testName="Append_Element_KeyBackSlashString" computerName="DKSR-EFI-06" duration="00:00:00.0001646" startTime="2024-01-09T15:45:01.6387424+01:00" endTime="2024-01-09T15:45:01.6387424+01:00" testType="13cdc9d9-ddb5-4fa4-a97d-d965ccfc6d4b" outcome="Passed" testListId="8c84fa94-04c1-424b-9868-57a2d4851a1d" relativeResultsDirectory="67134a64-a006-4bd3-9f5c-3124bcf133d2" />
    <UnitTestResult executionId="8f2f37b0-d5ca-4786-b5c5-d91c91f0dde0" testId="7e3dbd79-3540-0180-3ab0-0107f747a8a4" testName="SearchResultData_BeginTime_Success" computerName="DKSR-EFI-06" duration="00:00:00.0009956" startTime="2024-01-09T15:45:00.7793811+01:00" endTime="2024-01-09T15:45:00.7793811+01:00" testType="13cdc9d9-ddb5-4fa4-a97d-d965ccfc6d4b" outcome="Passed" testListId="8c84fa94-04c1-424b-9868-57a2d4851a1d" relativeResultsDirectory="8f2f37b0-d5ca-4786-b5c5-d91c91f0dde0" />
    <UnitTestResult executionId="108bee0d-db45-4e8b-85e2-fc907fb4e5a9" testId="9292478f-daf1-afe9-9c29-f4faf9350c76" testName="Peek_StoppedQueue_ReturnsNull" computerName="DKSR-EFI-06" duration="00:00:00.0001661" startTime="2024-01-09T15:44:44.0605819+01:00" endTime="2024-01-09T15:44:44.0605819+01:00" testType="13cdc9d9-ddb5-4fa4-a97d-d965ccfc6d4b" outcome="Passed" testListId="8c84fa94-04c1-424b-9868-57a2d4851a1d" relativeResultsDirectory="108bee0d-db45-4e8b-85e2-fc907fb4e5a9" />
    <UnitTestResult executionId="c2c7ff43-8b62-4eaa-a234-5f6c073764bf" testId="8323b4f2-e9f8-2e2a-6f22-cc6a18906d5b" testName="SHA256Hex64_ShouldReturnSHAHash_WhenInputIsEmpty" computerName="DKSR-EFI-06" duration="00:00:00.0002736" startTime="2024-01-09T15:45:05.8575039+01:00" endTime="2024-01-09T15:45:05.8575039+01:00" testType="13cdc9d9-ddb5-4fa4-a97d-d965ccfc6d4b" outcome="Passed" testListId="8c84fa94-04c1-424b-9868-57a2d4851a1d" relativeResultsDirectory="c2c7ff43-8b62-4eaa-a234-5f6c073764bf" />
    <UnitTestResult executionId="34d95eb3-9744-4124-be8e-8e29cd53bac1" testId="67088a0d-c95d-ee41-8d3c-5924cd7e11e1" testName="ReadXml_ShouldIgnoreUnknownChildren_WhenUnknownChildrenArePresent" computerName="DKSR-EFI-06" duration="00:00:00.0007157" startTime="2024-01-09T15:45:03.5293728+01:00" endTime="2024-01-09T15:45:03.5449967+01:00" testType="13cdc9d9-ddb5-4fa4-a97d-d965ccfc6d4b" outcome="Passed" testListId="8c84fa94-04c1-424b-9868-57a2d4851a1d" relativeResultsDirectory="34d95eb3-9744-4124-be8e-8e29cd53bac1" />
    <UnitTestResult executionId="3d93fadd-1d46-454f-8211-a56f3326d1e5" testId="52df54ef-d786-de4c-66ba-453529b99c4f" testName="Construction_List" computerName="DKSR-EFI-06" duration="00:00:00.0001604" startTime="2024-01-09T15:45:01.5918681+01:00" endTime="2024-01-09T15:45:01.6074910+01:00" testType="13cdc9d9-ddb5-4fa4-a97d-d965ccfc6d4b" outcome="Passed" testListId="8c84fa94-04c1-424b-9868-57a2d4851a1d" relativeResultsDirectory="3d93fadd-1d46-454f-8211-a56f3326d1e5" />
    <UnitTestResult executionId="40fdc4da-f34d-4e54-b34f-3eefdfe3b66b" testId="e10db072-c885-f638-cbd6-f0cb1d9146d0" testName="CountByItems_Activated_CountByCounter_Trial3" computerName="DKSR-EFI-06" duration="00:00:00.0018763" startTime="2024-01-09T15:45:05.1075020+01:00" endTime="2024-01-09T15:45:05.1075020+01:00" testType="13cdc9d9-ddb5-4fa4-a97d-d965ccfc6d4b" outcome="Passed" testListId="8c84fa94-04c1-424b-9868-57a2d4851a1d" relativeResultsDirectory="40fdc4da-f34d-4e54-b34f-3eefdfe3b66b" />
    <UnitTestResult executionId="7ac8e279-834a-4e3b-95c9-cff640b77e32" testId="c26d542a-727f-65ee-bb48-832c01f872f6" testName="WriteXml_ShouldWriteTransformationContents_WhenTransformIsNotNull" computerName="DKSR-EFI-06" duration="00:00:00.0012726" startTime="2024-01-09T15:45:02.7481439+01:00" endTime="2024-01-09T15:45:02.7481439+01:00" testType="13cdc9d9-ddb5-4fa4-a97d-d965ccfc6d4b" outcome="Passed" testListId="8c84fa94-04c1-424b-9868-57a2d4851a1d" relativeResultsDirectory="7ac8e279-834a-4e3b-95c9-cff640b77e32" />
    <UnitTestResult executionId="51798dea-b76c-4610-afea-465916bb75db" testId="d63150eb-a494-247f-04af-e8e69519f739" testName="IsEmptyValue_SelectionFilterValue_OneSelection_ReturnsFalse" computerName="DKSR-EFI-06" duration="00:00:00.0005407" startTime="2024-01-09T15:45:00.0450082+01:00" endTime="2024-01-09T15:45:00.0450082+01:00" testType="13cdc9d9-ddb5-4fa4-a97d-d965ccfc6d4b" outcome="Passed" testListId="8c84fa94-04c1-424b-9868-57a2d4851a1d" relativeResultsDirectory="51798dea-b76c-4610-afea-465916bb75db" />
    <UnitTestResult executionId="2f5f569b-0302-445f-bac7-cd37d3679919" testId="ec920726-a9ee-dd71-1f12-1fd1c5e256bd" testName="SetEvents_ShouldAddProxyManager_WhenFrameworkElementIsLoaded" computerName="DKSR-EFI-06" duration="00:00:00.0070548" startTime="2024-01-09T15:44:59.7325016+01:00" endTime="2024-01-09T15:44:59.7325016+01:00" testType="13cdc9d9-ddb5-4fa4-a97d-d965ccfc6d4b" outcome="Passed" testListId="8c84fa94-04c1-424b-9868-57a2d4851a1d" relativeResultsDirectory="2f5f569b-0302-445f-bac7-cd37d3679919" />
    <UnitTestResult executionId="5544f944-2965-4a1d-95a9-2af0594258d0" testId="a0064dcf-0da1-ba4b-2406-1e7e76d7ad3a" testName="ReadXml_ShouldIgnoreUnknownLikelihoodChildren_WhenUnknownLikelihoodChildrenArePresent" computerName="DKSR-EFI-06" duration="00:00:00.0023298" startTime="2024-01-09T15:45:02.4668686+01:00" endTime="2024-01-09T15:45:02.4668686+01:00" testType="13cdc9d9-ddb5-4fa4-a97d-d965ccfc6d4b" outcome="Passed" testListId="8c84fa94-04c1-424b-9868-57a2d4851a1d" relativeResultsDirectory="5544f944-2965-4a1d-95a9-2af0594258d0" />
    <UnitTestResult executionId="6b4d3668-b02e-427a-a79a-51ff29d66698" testId="4f7d823c-5866-aa3b-4a40-ca5bc159ad3e" testName="TestStartSearch_MultipleSearchesOnSameDefinition_WhereLastSearchThrowsException_Success" computerName="DKSR-EFI-06" duration="00:00:00.0127783" startTime="2024-01-09T15:45:00.4043819+01:00" endTime="2024-01-09T15:45:00.4200081+01:00" testType="13cdc9d9-ddb5-4fa4-a97d-d965ccfc6d4b" outcome="Passed" testListId="8c84fa94-04c1-424b-9868-57a2d4851a1d" relativeResultsDirectory="6b4d3668-b02e-427a-a79a-51ff29d66698" />
    <UnitTestResult executionId="87a58ffe-52d7-4cc7-834d-e09c4490ca69" testId="e4b13263-b1bd-68bb-3baa-222b8414af3b" testName="TryParseArgbString_ShouldReturnFalse_WhenStringDoesNotContain8HexChars" computerName="DKSR-EFI-06" duration="00:00:00.0001673" startTime="2024-01-09T15:45:02.5293684+01:00" endTime="2024-01-09T15:45:02.5293684+01:00" testType="13cdc9d9-ddb5-4fa4-a97d-d965ccfc6d4b" outcome="Passed" testListId="8c84fa94-04c1-424b-9868-57a2d4851a1d" relativeResultsDirectory="87a58ffe-52d7-4cc7-834d-e09c4490ca69" />
    <UnitTestResult executionId="8cfe7ca8-3fef-44cb-b846-b2dd5e727faf" testId="81f1f710-d694-68bf-2cd3-35ddc8a4ca3e" testName="CountByItems_NotActivated_Missing" computerName="DKSR-EFI-06" duration="00:00:00.0015683" startTime="2024-01-09T15:45:05.0137507+01:00" endTime="2024-01-09T15:45:05.0137507+01:00" testType="13cdc9d9-ddb5-4fa4-a97d-d965ccfc6d4b" outcome="Passed" testListId="8c84fa94-04c1-424b-9868-57a2d4851a1d" relativeResultsDirectory="8cfe7ca8-3fef-44cb-b846-b2dd5e727faf" />
    <UnitTestResult executionId="37d483db-1801-425b-ab5d-09eefac968b0" testId="13e67f6f-df88-6d65-dacc-14d2a9f8ddd4" testName="Serialize_TestCases (TestParentRecursiveOneRecursiveElement)" computerName="DKSR-EFI-06" duration="00:00:00.0004940" startTime="2024-01-09T15:44:59.6700032+01:00" endTime="2024-01-09T15:44:59.6700032+01:00" testType="13cdc9d9-ddb5-4fa4-a97d-d965ccfc6d4b" outcome="Passed" testListId="8c84fa94-04c1-424b-9868-57a2d4851a1d" relativeResultsDirectory="37d483db-1801-425b-ab5d-09eefac968b0" />
    <UnitTestResult executionId="c8da5338-3000-451d-ac4e-76d864740eae" testId="1e86b1ae-4010-c39e-71f3-3cc7adcf6881" testName="ObjectId_ShouldReturnConstructorValue_WhenSetInConstructor" computerName="DKSR-EFI-06" duration="00:00:00.0002059" startTime="2024-01-09T15:45:03.1699972+01:00" endTime="2024-01-09T15:45:03.1699972+01:00" testType="13cdc9d9-ddb5-4fa4-a97d-d965ccfc6d4b" outcome="Passed" testListId="8c84fa94-04c1-424b-9868-57a2d4851a1d" relativeResultsDirectory="c8da5338-3000-451d-ac4e-76d864740eae" />
    <UnitTestResult executionId="da45fb41-aaa2-459b-9a8a-1d1e9f53f5b9" testId="85b75f82-e414-01aa-d88b-66e9836d44fd" testName="Parse_DoubleArray" computerName="DKSR-EFI-06" duration="00:00:00.0005009" startTime="2024-01-09T15:45:01.8106179+01:00" endTime="2024-01-09T15:45:01.8106179+01:00" testType="13cdc9d9-ddb5-4fa4-a97d-d965ccfc6d4b" outcome="Passed" testListId="8c84fa94-04c1-424b-9868-57a2d4851a1d" relativeResultsDirectory="da45fb41-aaa2-459b-9a8a-1d1e9f53f5b9" />
    <UnitTestResult executionId="01089ecd-5487-43f8-89bb-7f879ac42297" testId="1102b248-ebc3-17f0-ceef-32b216ce1ff2" testName="IsMultiSelection_ChangesSelectionMode" computerName="DKSR-EFI-06" duration="00:00:00.0012301" startTime="2024-01-09T15:44:55.3577191+01:00" endTime="2024-01-09T15:44:55.3577191+01:00" testType="13cdc9d9-ddb5-4fa4-a97d-d965ccfc6d4b" outcome="Passed" testListId="8c84fa94-04c1-424b-9868-57a2d4851a1d" relativeResultsDirectory="01089ecd-5487-43f8-89bb-7f879ac42297" />
    <UnitTestResult executionId="54fbe1e8-8add-438a-b08b-8c61c8c5cb51" testId="daf5f08d-c32f-df8c-b33e-1ba8ee1cff44" testName="GetNextSequence_ShouldReturnFirstEntryFromToolkitResult_WhenDataWasReturned" computerName="DKSR-EFI-06" duration="00:00:00.0029340" startTime="2024-01-09T15:45:05.7637527+01:00" endTime="2024-01-09T15:45:05.7637527+01:00" testType="13cdc9d9-ddb5-4fa4-a97d-d965ccfc6d4b" outcome="Passed" testListId="8c84fa94-04c1-424b-9868-57a2d4851a1d" relativeResultsDirectory="54fbe1e8-8add-438a-b08b-8c61c8c5cb51" />
    <UnitTestResult executionId="260316fd-a67a-4a49-9e9d-cfd6a208decd" testId="1ed595f1-e0b3-cd61-13ef-3cbf3778f159" testName="GetItem_LoginProvider_Success" computerName="DKSR-EFI-06" duration="00:00:00.0170307" startTime="2024-01-09T15:45:01.9512445+01:00" endTime="2024-01-09T15:45:01.9668680+01:00" testType="13cdc9d9-ddb5-4fa4-a97d-d965ccfc6d4b" outcome="Passed" testListId="8c84fa94-04c1-424b-9868-57a2d4851a1d" relativeResultsDirectory="260316fd-a67a-4a49-9e9d-cfd6a208decd" />
    <UnitTestResult executionId="fb68e6b6-787f-48c7-bc68-f2814e7e4a36" testId="943fddae-0057-44db-535a-5540de1410f4" testName="ReadyToCloseEvent_AutoSelect_Thrown" computerName="DKSR-EFI-06" duration="00:00:00.0019299" startTime="2024-01-09T15:44:55.4981110+01:00" endTime="2024-01-09T15:44:55.4981110+01:00" testType="13cdc9d9-ddb5-4fa4-a97d-d965ccfc6d4b" outcome="Passed" testListId="8c84fa94-04c1-424b-9868-57a2d4851a1d" relativeResultsDirectory="fb68e6b6-787f-48c7-bc68-f2814e7e4a36" />
    <UnitTestResult executionId="3dace256-725f-422c-bf57-88000b3d0da5" testId="94e89fbd-ee0e-4e65-a79e-fa57a63dcb34" testName="ReadyToCloseEvent_OkCommand_MultiSelect_Not_Thrown" computerName="DKSR-EFI-06" duration="00:00:00.0003438" startTime="2024-01-09T15:44:55.5137375+01:00" endTime="2024-01-09T15:44:55.5137375+01:00" testType="13cdc9d9-ddb5-4fa4-a97d-d965ccfc6d4b" outcome="Passed" testListId="8c84fa94-04c1-424b-9868-57a2d4851a1d" relativeResultsDirectory="3dace256-725f-422c-bf57-88000b3d0da5" />
    <UnitTestResult executionId="dc6646c2-c836-459b-bd5a-f058a90ceadf" testId="59316a3f-9716-d88f-df45-82d266fba22e" testName="Parse_blank" computerName="DKSR-EFI-06" duration="00:00:00.0002075" startTime="2024-01-09T15:45:01.7324934+01:00" endTime="2024-01-09T15:45:01.7324934+01:00" testType="13cdc9d9-ddb5-4fa4-a97d-d965ccfc6d4b" outcome="Passed" testListId="8c84fa94-04c1-424b-9868-57a2d4851a1d" relativeResultsDirectory="dc6646c2-c836-459b-bd5a-f058a90ceadf" />
    <UnitTestResult executionId="1684a20f-753a-4053-b4f7-7d482a8b1e29" testId="f06647ee-695a-1441-d113-3b9b8eb3748f" testName="BuildShapeOverlayWidthHeightBaseEvent_ShouldReturnCorrectNumberOfShapes_WhenArgumentIsEventData" computerName="DKSR-EFI-06" duration="00:00:00.4346056" startTime="2024-01-09T15:44:33.1386908+01:00" endTime="2024-01-09T15:44:33.5761861+01:00" testType="13cdc9d9-ddb5-4fa4-a97d-d965ccfc6d4b" outcome="Passed" testListId="8c84fa94-04c1-424b-9868-57a2d4851a1d" relativeResultsDirectory="1684a20f-753a-4053-b4f7-7d482a8b1e29" />
    <UnitTestResult executionId="3db14e09-b54b-41d5-90b9-e2a27b9d384f" testId="054d841b-8cd4-42a2-f59c-fc413fd8883f" testName="ReadXml_ShouldIgnoreChildren_WhenAlways" computerName="DKSR-EFI-06" duration="00:00:00.0007028" startTime="2024-01-09T15:45:03.2481209+01:00" endTime="2024-01-09T15:45:03.2481209+01:00" testType="13cdc9d9-ddb5-4fa4-a97d-d965ccfc6d4b" outcome="Passed" testListId="8c84fa94-04c1-424b-9868-57a2d4851a1d" relativeResultsDirectory="3db14e09-b54b-41d5-90b9-e2a27b9d384f" />
    <UnitTestResult executionId="933f6a2a-e6a6-4c4e-9346-cfdce6853bae" testId="d899ee47-abaf-a792-651a-fda6e7e8076a" testName="Serialize_TestCases (TestParentCollectionNotEmptyListNotMatchedProperty)" computerName="DKSR-EFI-06" duration="00:00:00.0003828" startTime="2024-01-09T15:44:59.6700032+01:00" endTime="2024-01-09T15:44:59.6700032+01:00" testType="13cdc9d9-ddb5-4fa4-a97d-d965ccfc6d4b" outcome="Passed" testListId="8c84fa94-04c1-424b-9868-57a2d4851a1d" relativeResultsDirectory="933f6a2a-e6a6-4c4e-9346-cfdce6853bae" />
    <UnitTestResult executionId="5aa9570a-7bb3-4438-b9f1-dbf615032a74" testId="30519e59-52c0-4abe-69e5-75fce80dd98b" testName="RegistrationsObjectId_ShouldNotChange" computerName="DKSR-EFI-06" duration="00:00:00.0003873" startTime="2024-01-09T15:45:04.7949992+01:00" endTime="2024-01-09T15:45:04.7949992+01:00" testType="13cdc9d9-ddb5-4fa4-a97d-d965ccfc6d4b" outcome="Passed" testListId="8c84fa94-04c1-424b-9868-57a2d4851a1d" relativeResultsDirectory="5aa9570a-7bb3-4438-b9f1-dbf615032a74" />
    <UnitTestResult executionId="f50374cc-5032-4f0c-aeb0-aa4f48c04ab9" testId="11a66fc8-e44f-e614-4b59-2054ed6010ca" testName="ReadXml_ShouldReadType_WhenCorrectTypeIsPresent" computerName="DKSR-EFI-06" duration="00:00:00.0004393" startTime="2024-01-09T15:45:02.4668686+01:00" endTime="2024-01-09T15:45:02.4668686+01:00" testType="13cdc9d9-ddb5-4fa4-a97d-d965ccfc6d4b" outcome="Passed" testListId="8c84fa94-04c1-424b-9868-57a2d4851a1d" relativeResultsDirectory="f50374cc-5032-4f0c-aeb0-aa4f48c04ab9" />
    <UnitTestResult executionId="a303083c-5039-4dba-aee1-46eba9cbcc10" testId="dd780fb0-eeb4-f41e-c177-9152be267056" testName="Serialize_TestCases (TestParentTypeMatchInterfaceThisTypeNotMatchedProperty)" computerName="DKSR-EFI-06" duration="00:00:00.0016380" startTime="2024-01-09T15:44:59.5918785+01:00" endTime="2024-01-09T15:44:59.5918785+01:00" testType="13cdc9d9-ddb5-4fa4-a97d-d965ccfc6d4b" outcome="Passed" testListId="8c84fa94-04c1-424b-9868-57a2d4851a1d" relativeResultsDirectory="a303083c-5039-4dba-aee1-46eba9cbcc10" />
    <UnitTestResult executionId="231f9703-41c3-43d8-bdef-356417deb2ca" testId="9cded436-df00-a929-7b4b-3c1f500b64fe" testName="Ctor_TwoStandardFilters_Success" computerName="DKSR-EFI-06" duration="00:00:00.0013256" startTime="2024-01-09T15:45:01.5137420+01:00" endTime="2024-01-09T15:45:01.5137420+01:00" testType="13cdc9d9-ddb5-4fa4-a97d-d965ccfc6d4b" outcome="Passed" testListId="8c84fa94-04c1-424b-9868-57a2d4851a1d" relativeResultsDirectory="231f9703-41c3-43d8-bdef-356417deb2ca" />
    <UnitTestResult executionId="03d5138e-8846-413e-89ea-0e0e95362b4a" testId="159cae7e-f986-2bd9-0bdf-d56bffd649d4" testName="ReadyToCloseEvent_CancelCommand_MultiSelect_Thrown" computerName="DKSR-EFI-06" duration="00:00:00.0003996" startTime="2024-01-09T15:44:55.4981110+01:00" endTime="2024-01-09T15:44:55.4981110+01:00" testType="13cdc9d9-ddb5-4fa4-a97d-d965ccfc6d4b" outcome="Passed" testListId="8c84fa94-04c1-424b-9868-57a2d4851a1d" relativeResultsDirectory="03d5138e-8846-413e-89ea-0e0e95362b4a" />
    <UnitTestResult executionId="9790d00a-e448-4530-89fa-7e0e1bb57e2d" testId="ee341f6d-4feb-cbd8-824e-87dfe9d62513" testName="ReadXml_ShouldIgnoreUnknownChildren_WhenUnknownChildrenArePresent" computerName="DKSR-EFI-06" duration="00:00:00.0008944" startTime="2024-01-09T15:45:02.9512489+01:00" endTime="2024-01-09T15:45:02.9668697+01:00" testType="13cdc9d9-ddb5-4fa4-a97d-d965ccfc6d4b" outcome="Passed" testListId="8c84fa94-04c1-424b-9868-57a2d4851a1d" relativeResultsDirectory="9790d00a-e448-4530-89fa-7e0e1bb57e2d" />
    <UnitTestResult executionId="651c99c9-c880-42eb-994b-3a571d9b3557" testId="d68b3075-4627-ba2b-18db-33c4279233ca" testName="WriteAppearanceExtenstionXml_ShouldWriteDisplayedThicknessInPixels_WhenLineDisplayPixelThicknessIsPresent" computerName="DKSR-EFI-06" duration="00:00:00.0003794" startTime="2024-01-09T15:45:03.3887523+01:00" endTime="2024-01-09T15:45:03.3887523+01:00" testType="13cdc9d9-ddb5-4fa4-a97d-d965ccfc6d4b" outcome="Passed" testListId="8c84fa94-04c1-424b-9868-57a2d4851a1d" relativeResultsDirectory="651c99c9-c880-42eb-994b-3a571d9b3557" />
    <UnitTestResult executionId="2a7941dd-ca05-4119-b438-b26e6c2d990d" testId="55879e88-00c8-60e5-e0db-26c24e4c9b0f" testName="Dequeue_QueueStopped_Success" computerName="DKSR-EFI-06" duration="00:00:00.0002174" startTime="2024-01-09T15:44:44.0137073+01:00" endTime="2024-01-09T15:44:44.0137073+01:00" testType="13cdc9d9-ddb5-4fa4-a97d-d965ccfc6d4b" outcome="Passed" testListId="8c84fa94-04c1-424b-9868-57a2d4851a1d" relativeResultsDirectory="2a7941dd-ca05-4119-b438-b26e6c2d990d" />
    <UnitTestResult executionId="028b5cc5-44e9-4e4e-9363-3ad75f3b4912" testId="1d0e5606-0b8d-94c1-50c1-0642b9810496" testName="Serialize_TestCases (TestParentAllPrimitiveProperties)" computerName="DKSR-EFI-06" duration="00:00:00.0004072" startTime="2024-01-09T15:44:59.6543756+01:00" endTime="2024-01-09T15:44:59.6543756+01:00" testType="13cdc9d9-ddb5-4fa4-a97d-d965ccfc6d4b" outcome="Passed" testListId="8c84fa94-04c1-424b-9868-57a2d4851a1d" relativeResultsDirectory="028b5cc5-44e9-4e4e-9363-3ad75f3b4912" />
    <UnitTestResult executionId="72326ba9-fd2b-4707-94be-c83dc7eab6af" testId="549a1786-aafc-b11d-904d-59c7dd4fc0a3" testName="WriteXml_ShouldWriteXAttribute_WhenAlays" computerName="DKSR-EFI-06" duration="00:00:00.0006025" startTime="2024-01-09T15:45:03.6387482+01:00" endTime="2024-01-09T15:45:03.6387482+01:00" testType="13cdc9d9-ddb5-4fa4-a97d-d965ccfc6d4b" outcome="Passed" testListId="8c84fa94-04c1-424b-9868-57a2d4851a1d" relativeResultsDirectory="72326ba9-fd2b-4707-94be-c83dc7eab6af" />
    <UnitTestResult executionId="b1891d86-c025-42c3-812e-d2bd4bee027e" testId="d086695e-c00a-432a-c87b-c7af0edbcb9d" testName="Serialize_TestCases (TestParentTypeMatchGenericThisTypeMatchedProperty)" computerName="DKSR-EFI-06" duration="00:00:00.0033481" startTime="2024-01-09T15:44:59.6231285+01:00" endTime="2024-01-09T15:44:59.6231285+01:00" testType="13cdc9d9-ddb5-4fa4-a97d-d965ccfc6d4b" outcome="Passed" testListId="8c84fa94-04c1-424b-9868-57a2d4851a1d" relativeResultsDirectory="b1891d86-c025-42c3-812e-d2bd4bee027e" />
    <UnitTestResult executionId="2d2ebad5-7a06-4696-b217-dd85fabe1550" testId="a344a1b7-3c88-1dd6-4640-84dd30900694" testName="Remove_ShouldInvokeCallback_WhenObservable" computerName="DKSR-EFI-06" duration="00:00:00.0017188" startTime="2024-01-09T15:44:56.8262433+01:00" endTime="2024-01-09T15:44:56.8262433+01:00" testType="13cdc9d9-ddb5-4fa4-a97d-d965ccfc6d4b" outcome="Passed" testListId="8c84fa94-04c1-424b-9868-57a2d4851a1d" relativeResultsDirectory="2d2ebad5-7a06-4696-b217-dd85fabe1550" />
    <UnitTestResult executionId="446386ca-a98f-49a6-b9e1-4483e81caa61" testId="a3d1fe6d-f6a5-f28a-ba65-630894318089" testName="CountByItems_Activated_CountByCounter_Grace1" computerName="DKSR-EFI-06" duration="00:00:00.0015659" startTime="2024-01-09T15:45:05.0762514+01:00" endTime="2024-01-09T15:45:05.0918798+01:00" testType="13cdc9d9-ddb5-4fa4-a97d-d965ccfc6d4b" outcome="Passed" testListId="8c84fa94-04c1-424b-9868-57a2d4851a1d" relativeResultsDirectory="446386ca-a98f-49a6-b9e1-4483e81caa61" />
    <UnitTestResult executionId="ecc1493c-61f8-4a66-9cc7-bb65a0e6dd23" testId="477f61b0-5c9c-b3c6-17b8-c096885b5954" testName="ReadXml_ShouldSetAllFieldsToDefaultValues_WhenElementIsEmpty" computerName="DKSR-EFI-06" duration="00:00:00.0040088" startTime="2024-01-09T15:45:02.4512433+01:00" endTime="2024-01-09T15:45:02.4512433+01:00" testType="13cdc9d9-ddb5-4fa4-a97d-d965ccfc6d4b" outcome="Passed" testListId="8c84fa94-04c1-424b-9868-57a2d4851a1d" relativeResultsDirectory="ecc1493c-61f8-4a66-9cc7-bb65a0e6dd23" />
    <UnitTestResult executionId="31951024-24e7-4df7-bcad-b5c5d26ea74b" testId="9fd29388-e6f2-2ce9-7173-3d8e1efacf79" testName="KindsFilter_OneKind_OnlyAllowedKindShown" computerName="DKSR-EFI-06" duration="00:00:00.0627076" startTime="2024-01-09T15:44:56.2168648+01:00" endTime="2024-01-09T15:44:56.2793648+01:00" testType="13cdc9d9-ddb5-4fa4-a97d-d965ccfc6d4b" outcome="Passed" testListId="8c84fa94-04c1-424b-9868-57a2d4851a1d" relativeResultsDirectory="31951024-24e7-4df7-bcad-b5c5d26ea74b" />
    <UnitTestResult executionId="0d1a51da-a8c1-4561-8c3a-58e58851ac4d" testId="541af543-8f89-e2a2-51fc-7ea5fad4d84e" testName="GetItem_ShouldReturnNull_WhenNotFound" computerName="DKSR-EFI-06" duration="00:00:00.0048742" startTime="2024-01-09T15:44:33.6387005+01:00" endTime="2024-01-09T15:44:33.6387005+01:00" testType="13cdc9d9-ddb5-4fa4-a97d-d965ccfc6d4b" outcome="Passed" testListId="8c84fa94-04c1-424b-9868-57a2d4851a1d" relativeResultsDirectory="0d1a51da-a8c1-4561-8c3a-58e58851ac4d" />
    <UnitTestResult executionId="0bf6addc-e69d-46e3-a64c-2c804c4bfd84" testId="11d54d6f-5da0-f133-d7de-6f5044962e90" testName="Append_Property_PathList" computerName="DKSR-EFI-06" duration="00:00:00.0012878" startTime="2024-01-09T15:45:01.6856172+01:00" endTime="2024-01-09T15:45:01.6856172+01:00" testType="13cdc9d9-ddb5-4fa4-a97d-d965ccfc6d4b" outcome="Passed" testListId="8c84fa94-04c1-424b-9868-57a2d4851a1d" relativeResultsDirectory="0bf6addc-e69d-46e3-a64c-2c804c4bfd84" />
    <UnitTestResult executionId="ed78e41b-978c-423a-8acc-b48813bb391f" testId="d131d3ee-68f2-b781-805c-3d38a16bf8a5" testName="BeginTimeShouldReturnConstructorParameter" computerName="DKSR-EFI-06" duration="00:00:00.0003235" startTime="2024-01-09T15:45:04.7793751+01:00" endTime="2024-01-09T15:45:04.7793751+01:00" testType="13cdc9d9-ddb5-4fa4-a97d-d965ccfc6d4b" outcome="Passed" testListId="8c84fa94-04c1-424b-9868-57a2d4851a1d" relativeResultsDirectory="ed78e41b-978c-423a-8acc-b48813bb391f" />
    <UnitTestResult executionId="0e64c991-a4ba-4271-9c92-539c52e31a3a" testId="d15cb015-1a80-6a1c-c85a-3f61077a2db7" testName="GetPreviousDateTime_ShouldReturnLastDataEntityFromSecondToolkitCall_WhenDateIsAfterFirstCachedValue" computerName="DKSR-EFI-06" duration="00:00:00.0023197" startTime="2024-01-09T15:45:05.6700021+01:00" endTime="2024-01-09T15:45:05.6700021+01:00" testType="13cdc9d9-ddb5-4fa4-a97d-d965ccfc6d4b" outcome="Passed" testListId="8c84fa94-04c1-424b-9868-57a2d4851a1d" relativeResultsDirectory="0e64c991-a4ba-4271-9c92-539c52e31a3a" />
    <UnitTestResult executionId="39524fc9-5645-4dc3-838d-f2e90a7395a2" testId="1ebf1719-320f-c38b-2f84-2a795fe44eb1" testName="Flush_ShouldClearCache" computerName="DKSR-EFI-06" duration="00:00:00.0008276" startTime="2024-01-09T15:44:33.7636850+01:00" endTime="2024-01-09T15:44:33.7636850+01:00" testType="13cdc9d9-ddb5-4fa4-a97d-d965ccfc6d4b" outcome="Passed" testListId="8c84fa94-04c1-424b-9868-57a2d4851a1d" relativeResultsDirectory="39524fc9-5645-4dc3-838d-f2e90a7395a2" />
    <UnitTestResult executionId="494f531b-1a05-419c-9701-e73b1dedfeea" testId="aa967bfa-3977-123e-a321-b0953779e966" testName="Stop_ShouldReinitializeThrowsException_ProcessorSurvives" computerName="DKSR-EFI-06" duration="00:00:00.2906137" startTime="2024-01-09T15:44:54.1231131+01:00" endTime="2024-01-09T15:44:54.4199845+01:00" testType="13cdc9d9-ddb5-4fa4-a97d-d965ccfc6d4b" outcome="Passed" testListId="8c84fa94-04c1-424b-9868-57a2d4851a1d" relativeResultsDirectory="494f531b-1a05-419c-9701-e73b1dedfeea" />
    <UnitTestResult executionId="25df1cae-1bef-4bef-9863-b0e2ef366d0f" testId="fb65aff9-84a8-5b2a-92bd-f76bc29d120f" testName="ReadXml_ShouldReadXmlAndCreateSameValues_WhenItIsWrittenByWriteXml" computerName="DKSR-EFI-06" duration="00:00:00.0007581" startTime="2024-01-09T15:45:03.1074982+01:00" endTime="2024-01-09T15:45:03.1074982+01:00" testType="13cdc9d9-ddb5-4fa4-a97d-d965ccfc6d4b" outcome="Passed" testListId="8c84fa94-04c1-424b-9868-57a2d4851a1d" relativeResultsDirectory="25df1cae-1bef-4bef-9863-b0e2ef366d0f" />
    <UnitTestResult executionId="01acdb9a-cb43-41f2-817e-e23a19f416e1" testId="c05fec08-28d3-c263-f7df-c8727f4f0b97" testName="Match_Fail_SystemType_WrongMessage" computerName="DKSR-EFI-06" duration="00:00:00.0008495" startTime="2024-01-09T15:45:03.9043713+01:00" endTime="2024-01-09T15:45:03.9043713+01:00" testType="13cdc9d9-ddb5-4fa4-a97d-d965ccfc6d4b" outcome="Passed" testListId="8c84fa94-04c1-424b-9868-57a2d4851a1d" relativeResultsDirectory="01acdb9a-cb43-41f2-817e-e23a19f416e1" />
    <UnitTestResult executionId="f990d406-e207-40dc-87c1-b176708e5666" testId="64de42c5-cf32-f94a-2ab2-81439a18d091" testName="GetColorFilterValues_NullCriteria_Throws" computerName="DKSR-EFI-06" duration="00:00:00.0012303" startTime="2024-01-09T15:45:01.5449929+01:00" endTime="2024-01-09T15:45:01.5449929+01:00" testType="13cdc9d9-ddb5-4fa4-a97d-d965ccfc6d4b" outcome="Passed" testListId="8c84fa94-04c1-424b-9868-57a2d4851a1d" relativeResultsDirectory="f990d406-e207-40dc-87c1-b176708e5666" />
    <UnitTestResult executionId="8335f6bc-c0bd-4c56-bb5b-fa48ea83fc29" testId="9e5ec3f3-397a-9268-e64a-1a2655cbcab4" testName="Apply_ShouldDoNothing_WhenArgumentIsNull" computerName="DKSR-EFI-06" duration="00:00:00.0027513" startTime="2024-01-09T15:45:02.6074941+01:00" endTime="2024-01-09T15:45:02.6074941+01:00" testType="13cdc9d9-ddb5-4fa4-a97d-d965ccfc6d4b" outcome="Passed" testListId="8c84fa94-04c1-424b-9868-57a2d4851a1d" relativeResultsDirectory="8335f6bc-c0bd-4c56-bb5b-fa48ea83fc29" />
    <UnitTestResult executionId="0c492ed3-f58b-480c-929e-05f8c199fcfa" testId="720ee8ed-0afb-0470-9fbb-161042f20ddf" testName="Encrypt_PropertyIsNotSet_EncryptIsFalse" computerName="DKSR-EFI-06" duration="00:00:00.0116042" startTime="2024-01-09T15:44:31.9043107+01:00" endTime="2024-01-09T15:44:31.9199399+01:00" testType="13cdc9d9-ddb5-4fa4-a97d-d965ccfc6d4b" outcome="Passed" testListId="8c84fa94-04c1-424b-9868-57a2d4851a1d" relativeResultsDirectory="0c492ed3-f58b-480c-929e-05f8c199fcfa" />
    <UnitTestResult executionId="06e0a79f-d136-4fa7-9cf7-ac49d84dce87" testId="394ee23f-1fe5-59c6-6460-7cc48bf68705" testName="WriteAppearanceExtenstionXml_ShouldWriteLineColor_WhenLineColorIsPresent" computerName="DKSR-EFI-06" duration="00:00:00.0003628" startTime="2024-01-09T15:45:03.3887523+01:00" endTime="2024-01-09T15:45:03.3887523+01:00" testType="13cdc9d9-ddb5-4fa4-a97d-d965ccfc6d4b" outcome="Passed" testListId="8c84fa94-04c1-424b-9868-57a2d4851a1d" relativeResultsDirectory="06e0a79f-d136-4fa7-9cf7-ac49d84dce87" />
    <UnitTestResult executionId="9f8af9e5-2fba-4fd7-a19b-5cdc737f74da" testId="6d92f3d7-a73a-0631-d650-f99bb5acd16d" testName="ToArgb_ShouldReturnIntegerWithArgbValues_Always" computerName="DKSR-EFI-06" duration="00:00:00.0003431" startTime="2024-01-09T15:45:02.5449950+01:00" endTime="2024-01-09T15:45:02.5606187+01:00" testType="13cdc9d9-ddb5-4fa4-a97d-d965ccfc6d4b" outcome="Passed" testListId="8c84fa94-04c1-424b-9868-57a2d4851a1d" relativeResultsDirectory="9f8af9e5-2fba-4fd7-a19b-5cdc737f74da" />
    <UnitTestResult executionId="1a8caa68-82fe-4fb8-9c51-eb01ef5464a6" testId="e036dcac-c98f-c247-938a-14a54b7a60ea" testName="Equals_IgnoreFolderType_Fail_OnServerIdId" computerName="DKSR-EFI-06" duration="00:00:00.0005176" startTime="2024-01-09T15:44:29.7636846+01:00" endTime="2024-01-09T15:44:29.7636846+01:00" testType="13cdc9d9-ddb5-4fa4-a97d-d965ccfc6d4b" outcome="Passed" testListId="8c84fa94-04c1-424b-9868-57a2d4851a1d" relativeResultsDirectory="1a8caa68-82fe-4fb8-9c51-eb01ef5464a6" />
    <UnitTestResult executionId="440b7a39-627c-44bc-af23-50e476c21008" testId="a28156aa-3bb5-7287-717c-afe6ec74f152" testName="Add_NotNullValue_Success" computerName="DKSR-EFI-06" duration="00:00:00.0002179" startTime="2024-01-09T15:44:44.0918322+01:00" endTime="2024-01-09T15:44:44.0918322+01:00" testType="13cdc9d9-ddb5-4fa4-a97d-d965ccfc6d4b" outcome="Passed" testListId="8c84fa94-04c1-424b-9868-57a2d4851a1d" relativeResultsDirectory="440b7a39-627c-44bc-af23-50e476c21008" />
    <UnitTestResult executionId="970060c6-8eea-43c8-b372-0ed0e065561a" testId="db7e14ac-31b0-63ea-57a6-f0098c612aa0" testName="ReadXml_ShouldIgnoreScale_WhenScaleIsPresentWithWrongNamespace" computerName="DKSR-EFI-06" duration="00:00:00.0004387" startTime="2024-01-09T15:45:03.5449967+01:00" endTime="2024-01-09T15:45:03.5449967+01:00" testType="13cdc9d9-ddb5-4fa4-a97d-d965ccfc6d4b" outcome="Passed" testListId="8c84fa94-04c1-424b-9868-57a2d4851a1d" relativeResultsDirectory="970060c6-8eea-43c8-b372-0ed0e065561a" />
    <UnitTestResult executionId="9bfde689-8a28-4bd9-bea0-6b70110bc545" testId="22aaf792-b28c-0483-2284-13d7b20de4b8" testName="SearchResultData_WarningText_Success" computerName="DKSR-EFI-06" duration="00:00:00.0003644" startTime="2024-01-09T15:45:00.7793811+01:00" endTime="2024-01-09T15:45:00.7793811+01:00" testType="13cdc9d9-ddb5-4fa4-a97d-d965ccfc6d4b" outcome="Passed" testListId="8c84fa94-04c1-424b-9868-57a2d4851a1d" relativeResultsDirectory="9bfde689-8a28-4bd9-bea0-6b70110bc545" />
    <UnitTestResult executionId="2898e84e-4c9f-4d55-b915-8f595a5d30b2" testId="68839c3f-a774-538d-b591-9a44c343225f" testName="BuildOverlayWidthHeightBaseEvent_ShouldReturnCorrectSizedBitmap_WhenArgumentIsAnalyticsEventWithNoObjectPolygon" computerName="DKSR-EFI-06" duration="00:00:00.0032700" startTime="2024-01-09T15:44:32.5918123+01:00" endTime="2024-01-09T15:44:32.6074353+01:00" testType="13cdc9d9-ddb5-4fa4-a97d-d965ccfc6d4b" outcome="Passed" testListId="8c84fa94-04c1-424b-9868-57a2d4851a1d" relativeResultsDirectory="2898e84e-4c9f-4d55-b915-8f595a5d30b2" />
    <UnitTestResult executionId="77309a38-83f2-4d88-ba68-e1e2b5cc1dae" testId="f429442b-db90-b095-7991-b9ca4c955f13" testName="GetNearest_ShouldReturnClosestElement_WhenTimestampIsInSmallCache" computerName="DKSR-EFI-06" duration="00:00:00.0004966" startTime="2024-01-09T15:45:05.3887520+01:00" endTime="2024-01-09T15:45:05.4043752+01:00" testType="13cdc9d9-ddb5-4fa4-a97d-d965ccfc6d4b" outcome="Passed" testListId="8c84fa94-04c1-424b-9868-57a2d4851a1d" relativeResultsDirectory="77309a38-83f2-4d88-ba68-e1e2b5cc1dae" />
    <UnitTestResult executionId="a6a1ce08-bbe1-4cc8-a67d-8e0b3a77eae5" testId="76c66eeb-a2f8-48cc-26cc-ff5958f96fde" testName="GetNearest_ShouldReturnNull_WhenCacheIsEmpty" computerName="DKSR-EFI-06" duration="00:00:00.0007905" startTime="2024-01-09T15:45:05.3887520+01:00" endTime="2024-01-09T15:45:05.3887520+01:00" testType="13cdc9d9-ddb5-4fa4-a97d-d965ccfc6d4b" outcome="Passed" testListId="8c84fa94-04c1-424b-9868-57a2d4851a1d" relativeResultsDirectory="a6a1ce08-bbe1-4cc8-a67d-8e0b3a77eae5" />
    <UnitTestResult executionId="5f7228d1-b448-4007-9498-bf66fc244be4" testId="3743038a-92be-ac51-6b43-04a32dffac65" testName="Serialize_TestCases (TestParentTypeMatchCollectionThisTypeMatchedProperty)" computerName="DKSR-EFI-06" duration="00:00:00.0003480" startTime="2024-01-09T15:44:59.5606267+01:00" endTime="2024-01-09T15:44:59.5606267+01:00" testType="13cdc9d9-ddb5-4fa4-a97d-d965ccfc6d4b" outcome="Passed" testListId="8c84fa94-04c1-424b-9868-57a2d4851a1d" relativeResultsDirectory="5f7228d1-b448-4007-9498-bf66fc244be4" />
    <UnitTestResult executionId="8b558fd7-8662-4aac-a6dd-67843c64def7" testId="fde698c6-a194-d6bc-8c31-bc5b72af8298" testName="ReadXml_ShouldIgnoreShape_WhenShapeIsPresenWithWrongNamespace" computerName="DKSR-EFI-06" duration="00:00:00.0003258" startTime="2024-01-09T15:45:02.2481185+01:00" endTime="2024-01-09T15:45:02.2481185+01:00" testType="13cdc9d9-ddb5-4fa4-a97d-d965ccfc6d4b" outcome="Passed" testListId="8c84fa94-04c1-424b-9868-57a2d4851a1d" relativeResultsDirectory="8b558fd7-8662-4aac-a6dd-67843c64def7" />
    <UnitTestResult executionId="daddbdc7-1922-49ee-af16-f3b8342cf74c" testId="ae4a8750-d669-3823-272f-96fc0e4fc346" testName="GenerateDeviceParameters_ShouldOmitFps_WhenFpsIsZero" computerName="DKSR-EFI-06" duration="00:00:00.0006366" startTime="2024-01-09T15:45:05.1700001+01:00" endTime="2024-01-09T15:45:05.1700001+01:00" testType="13cdc9d9-ddb5-4fa4-a97d-d965ccfc6d4b" outcome="Passed" testListId="8c84fa94-04c1-424b-9868-57a2d4851a1d" relativeResultsDirectory="daddbdc7-1922-49ee-af16-f3b8342cf74c" />
    <UnitTestResult executionId="56ce186d-fb01-47bb-9cb4-6071ecaf59dc" testId="3c9f7f25-03ba-a9ac-886d-ab6e7acb2b5d" testName="TryParseArgbString_ShouldCreateInstanceWithCorrectARGBValues_WhenFormatIsCorrectButWithWhiteSpaceBeforeOrAfter" computerName="DKSR-EFI-06" duration="00:00:00.0004050" startTime="2024-01-09T15:45:02.5293684+01:00" endTime="2024-01-09T15:45:02.5293684+01:00" testType="13cdc9d9-ddb5-4fa4-a97d-d965ccfc6d4b" outcome="Passed" testListId="8c84fa94-04c1-424b-9868-57a2d4851a1d" relativeResultsDirectory="56ce186d-fb01-47bb-9cb4-6071ecaf59dc" />
    <UnitTestResult executionId="07a051c6-7b19-46ba-b1f6-dc9a41fcb10f" testId="be9afefd-3e5c-30aa-4b57-e6076c69f81c" testName="Serialize_TestCases (Verify root Interface (null) property get property value)" computerName="DKSR-EFI-06" duration="00:00:00.0001397" startTime="2024-01-09T15:44:59.4043763+01:00" endTime="2024-01-09T15:44:59.4043763+01:00" testType="13cdc9d9-ddb5-4fa4-a97d-d965ccfc6d4b" outcome="Passed" testListId="8c84fa94-04c1-424b-9868-57a2d4851a1d" relativeResultsDirectory="07a051c6-7b19-46ba-b1f6-dc9a41fcb10f" />
    <UnitTestResult executionId="1590ad27-31b7-4e87-abc5-64d31763effa" testId="f7a1083e-5a21-1e01-c13b-18623a6702d9" testName="ReadXml_ShouldReadDescription_WhenDescriptionIsPresent" computerName="DKSR-EFI-06" duration="00:00:00.0034283" startTime="2024-01-09T15:45:02.2949931+01:00" endTime="2024-01-09T15:45:02.3106203+01:00" testType="13cdc9d9-ddb5-4fa4-a97d-d965ccfc6d4b" outcome="Passed" testListId="8c84fa94-04c1-424b-9868-57a2d4851a1d" relativeResultsDirectory="1590ad27-31b7-4e87-abc5-64d31763effa" />
    <UnitTestResult executionId="ea33b32f-83b4-47e8-85e7-45f90e90b92e" testId="9290011a-534c-d8ac-8fa0-ea6c058c4ca6" testName="Serialize_TestCases (Verify root Collection (empty) property)" computerName="DKSR-EFI-06" duration="00:00:00.0007496" startTime="2024-01-09T15:44:59.3731848+01:00" endTime="2024-01-09T15:44:59.3731848+01:00" testType="13cdc9d9-ddb5-4fa4-a97d-d965ccfc6d4b" outcome="Passed" testListId="8c84fa94-04c1-424b-9868-57a2d4851a1d" relativeResultsDirectory="ea33b32f-83b4-47e8-85e7-45f90e90b92e" />
    <UnitTestResult executionId="905397f1-d257-4108-adf0-83e464b808bb" testId="3e139534-4575-a050-7dfe-191f8507593f" testName="CreateSearchFilterEditControl_SinglePluginMultipleSearchResultTypes_Success" computerName="DKSR-EFI-06" duration="00:00:00.0030095" startTime="2024-01-09T15:45:01.2481170+01:00" endTime="2024-01-09T15:45:01.2481170+01:00" testType="13cdc9d9-ddb5-4fa4-a97d-d965ccfc6d4b" outcome="Passed" testListId="8c84fa94-04c1-424b-9868-57a2d4851a1d" relativeResultsDirectory="905397f1-d257-4108-adf0-83e464b808bb" />
    <UnitTestResult executionId="fc2124d6-bc96-4fca-bc83-0ffaabdd591f" testId="6ff15af4-6fd8-2401-35d9-7aaad2262d48" testName="GenerateDeviceParameters_ShouldOmitResolution_WhenResolutionIsNull" computerName="DKSR-EFI-06" duration="00:00:00.0006334" startTime="2024-01-09T15:45:05.1543756+01:00" endTime="2024-01-09T15:45:05.1543756+01:00" testType="13cdc9d9-ddb5-4fa4-a97d-d965ccfc6d4b" outcome="Passed" testListId="8c84fa94-04c1-424b-9868-57a2d4851a1d" relativeResultsDirectory="fc2124d6-bc96-4fca-bc83-0ffaabdd591f" />
    <UnitTestResult executionId="8c6ed150-1165-4e09-8efa-8dc7c0ba241d" testId="ad47bd46-9837-73d0-5609-780aff02d505" testName="GetItem_Camera_Success" computerName="DKSR-EFI-06" duration="00:00:00.0689415" startTime="2024-01-09T15:45:01.8418682+01:00" endTime="2024-01-09T15:45:01.9199940+01:00" testType="13cdc9d9-ddb5-4fa4-a97d-d965ccfc6d4b" outcome="Passed" testListId="8c84fa94-04c1-424b-9868-57a2d4851a1d" relativeResultsDirectory="8c6ed150-1165-4e09-8efa-8dc7c0ba241d" />
    <UnitTestResult executionId="2183da24-c5ad-457a-83ce-b6bd4c71a50d" testId="3b98c405-59b2-7eb5-3579-4fa697a97bb2" testName="SearchResultData_IgnoredSearchFilters_Success" computerName="DKSR-EFI-06" duration="00:00:00.0005798" startTime="2024-01-09T15:45:00.8106320+01:00" endTime="2024-01-09T15:45:00.8106320+01:00" testType="13cdc9d9-ddb5-4fa4-a97d-d965ccfc6d4b" outcome="Passed" testListId="8c84fa94-04c1-424b-9868-57a2d4851a1d" relativeResultsDirectory="2183da24-c5ad-457a-83ce-b6bd4c71a50d" />
    <UnitTestResult executionId="e1fcb660-41b3-4cb0-9bb0-4b18f6056df6" testId="a64907b4-47a9-4e3a-b6b0-be37e2d164ea" testName="ReadXml_ShouldReadSizeAttribute_WhenPresent" computerName="DKSR-EFI-06" duration="00:00:00.0002763" startTime="2024-01-09T15:45:02.5918680+01:00" endTime="2024-01-09T15:45:02.5918680+01:00" testType="13cdc9d9-ddb5-4fa4-a97d-d965ccfc6d4b" outcome="Passed" testListId="8c84fa94-04c1-424b-9868-57a2d4851a1d" relativeResultsDirectory="e1fcb660-41b3-4cb0-9bb0-4b18f6056df6" />
    <UnitTestResult executionId="f16c80a9-da65-4590-ae1f-7e800b97a36b" testId="f095befb-1220-164b-8d93-573101abd22c" testName="IsEmptyValue_DoubleRangeFilterValue_NonDefaultConfiguration_ReturnsFalse" computerName="DKSR-EFI-06" duration="00:00:00.0022680" startTime="2024-01-09T15:45:00.0137563+01:00" endTime="2024-01-09T15:45:00.0293819+01:00" testType="13cdc9d9-ddb5-4fa4-a97d-d965ccfc6d4b" outcome="Passed" testListId="8c84fa94-04c1-424b-9868-57a2d4851a1d" relativeResultsDirectory="f16c80a9-da65-4590-ae1f-7e800b97a36b" />
    <UnitTestResult executionId="a0613a57-d0d2-44ea-8f62-d07d96e94ec9" testId="13d7aebd-6cec-2e73-3e91-8e5121f9f1bc" testName="ReadXml_ShouldReadObjectIdAttribute_WhenPresent" computerName="DKSR-EFI-06" duration="00:00:00.0002623" startTime="2024-01-09T15:45:03.1856224+01:00" endTime="2024-01-09T15:45:03.1856224+01:00" testType="13cdc9d9-ddb5-4fa4-a97d-d965ccfc6d4b" outcome="Passed" testListId="8c84fa94-04c1-424b-9868-57a2d4851a1d" relativeResultsDirectory="a0613a57-d0d2-44ea-8f62-d07d96e94ec9" />
    <UnitTestResult executionId="6edbe59e-5440-45d5-893b-57bd088b9c3b" testId="dc972d0b-90fa-0c97-701a-24ab8f8aec17" testName="IsCriteriaAccepted_FolderSelected_False" computerName="DKSR-EFI-06" duration="00:00:00.0056101" startTime="2024-01-09T15:44:55.4199872+01:00" endTime="2024-01-09T15:44:55.4356136+01:00" testType="13cdc9d9-ddb5-4fa4-a97d-d965ccfc6d4b" outcome="Passed" testListId="8c84fa94-04c1-424b-9868-57a2d4851a1d" relativeResultsDirectory="6edbe59e-5440-45d5-893b-57bd088b9c3b" />
    <UnitTestResult executionId="1fddf95f-8285-498f-828f-1b37cb7177d2" testId="12501656-668f-6d63-7f1a-8f8eefa16abe" testName="AddFilterValue_ExistingValue_NullValue_Throws" computerName="DKSR-EFI-06" duration="00:00:00.0006769" startTime="2024-01-09T15:44:59.8731289+01:00" endTime="2024-01-09T15:44:59.8731289+01:00" testType="13cdc9d9-ddb5-4fa4-a97d-d965ccfc6d4b" outcome="Passed" testListId="8c84fa94-04c1-424b-9868-57a2d4851a1d" relativeResultsDirectory="1fddf95f-8285-498f-828f-1b37cb7177d2" />
    <UnitTestResult executionId="214b8cf9-d040-4537-b854-766f11c7f408" testId="231eb201-5943-be12-8406-5e91b55ea0f9" testName="SetEvents_ShouldNotAddProxyManager_WhenFrameworkElementIsNotLoaded" computerName="DKSR-EFI-06" duration="00:00:00.0097617" startTime="2024-01-09T15:44:59.7012528+01:00" endTime="2024-01-09T15:44:59.7012528+01:00" testType="13cdc9d9-ddb5-4fa4-a97d-d965ccfc6d4b" outcome="Passed" testListId="8c84fa94-04c1-424b-9868-57a2d4851a1d" relativeResultsDirectory="214b8cf9-d040-4537-b854-766f11c7f408" />
    <UnitTestResult executionId="b109e7df-6d88-4a51-9722-afae7b7980c6" testId="76e6ff63-d7eb-f665-d9fe-8f8739285ff9" testName="SearializePlusDeserialize_NestedArrayObject_ShouldResultInSameString" computerName="DKSR-EFI-06" duration="00:00:00.0001855" startTime="2024-01-09T15:45:01.7324934+01:00" endTime="2024-01-09T15:45:01.7324934+01:00" testType="13cdc9d9-ddb5-4fa4-a97d-d965ccfc6d4b" outcome="Passed" testListId="8c84fa94-04c1-424b-9868-57a2d4851a1d" relativeResultsDirectory="b109e7df-6d88-4a51-9722-afae7b7980c6" />
    <UnitTestResult executionId="c709094c-00d1-41c0-b833-aabe02210de8" testId="7ae2592b-1209-056c-b02b-a7b7c4496165" testName="GenerateDeviceParameters_ShouldWriteCorrectResolution_WhenResolutionIsNotNull" computerName="DKSR-EFI-06" duration="00:00:00.0002894" startTime="2024-01-09T15:45:05.1543756+01:00" endTime="2024-01-09T15:45:05.1543756+01:00" testType="13cdc9d9-ddb5-4fa4-a97d-d965ccfc6d4b" outcome="Passed" testListId="8c84fa94-04c1-424b-9868-57a2d4851a1d" relativeResultsDirectory="c709094c-00d1-41c0-b833-aabe02210de8" />
    <UnitTestResult executionId="32a31fc9-41f3-41ce-a69e-cb093994bce8" testId="1ffa1bf6-fb8e-b8ef-fe84-530e8f551d9d" testName="CountByItems_Activated_Empty" computerName="DKSR-EFI-06" duration="00:00:00.0007268" startTime="2024-01-09T15:45:05.0449998+01:00" endTime="2024-01-09T15:45:05.0449998+01:00" testType="13cdc9d9-ddb5-4fa4-a97d-d965ccfc6d4b" outcome="Passed" testListId="8c84fa94-04c1-424b-9868-57a2d4851a1d" relativeResultsDirectory="32a31fc9-41f3-41ce-a69e-cb093994bce8" />
    <UnitTestResult executionId="d8380859-fd6f-4adc-a36a-eb99523916c0" testId="f3ca05e5-dc9b-e250-df0d-7261ad9afb62" testName="ProvideValue_ShouldUpdateTarget_WhenItemDataValueChanges" computerName="DKSR-EFI-06" duration="00:00:00.0017356" startTime="2024-01-09T15:44:58.1231233+01:00" endTime="2024-01-09T15:44:58.1387476+01:00" testType="13cdc9d9-ddb5-4fa4-a97d-d965ccfc6d4b" outcome="Passed" testListId="8c84fa94-04c1-424b-9868-57a2d4851a1d" relativeResultsDirectory="d8380859-fd6f-4adc-a36a-eb99523916c0" />
    <UnitTestResult executionId="74f9fbe9-f5d4-4137-935c-90717a3639d8" testId="8f17e532-4f0a-9dfe-05e8-c96d494622ac" testName="WriteXml_ShouldWriteXAttribute_WhenPresent" computerName="DKSR-EFI-06" duration="00:00:00.0003824" startTime="2024-01-09T15:45:02.6231187+01:00" endTime="2024-01-09T15:45:02.6231187+01:00" testType="13cdc9d9-ddb5-4fa4-a97d-d965ccfc6d4b" outcome="Passed" testListId="8c84fa94-04c1-424b-9868-57a2d4851a1d" relativeResultsDirectory="74f9fbe9-f5d4-4137-935c-90717a3639d8" />
    <UnitTestResult executionId="a248bc1b-9117-4817-9f92-5f9cf5df28d2" testId="5c8be7a3-8036-a747-4753-97244e6fc863" testName="SearchResultData_BeginTimeWithPaddingUnset_ShouldReturnBeginTime" computerName="DKSR-EFI-06" duration="00:00:00.0002050" startTime="2024-01-09T15:45:00.7950067+01:00" endTime="2024-01-09T15:45:00.7950067+01:00" testType="13cdc9d9-ddb5-4fa4-a97d-d965ccfc6d4b" outcome="Passed" testListId="8c84fa94-04c1-424b-9868-57a2d4851a1d" relativeResultsDirectory="a248bc1b-9117-4817-9f92-5f9cf5df28d2" />
    <UnitTestResult executionId="e80906e9-8eff-4a4d-958f-1e0c8c39a27d" testId="c89277b5-bdbb-4718-3fdc-952f1cd089bd" testName="GetCompatibilityHandler_ShouldReturnFips_WhenCallingFipsCompliantSystem_21_1" computerName="DKSR-EFI-06" duration="00:00:00.0007592" startTime="2024-01-09T15:45:04.8262514+01:00" endTime="2024-01-09T15:45:04.8262514+01:00" testType="13cdc9d9-ddb5-4fa4-a97d-d965ccfc6d4b" outcome="Passed" testListId="8c84fa94-04c1-424b-9868-57a2d4851a1d" relativeResultsDirectory="e80906e9-8eff-4a4d-958f-1e0c8c39a27d" />
    <UnitTestResult executionId="7316fa1c-b248-450c-9a4b-a8478a90a5a7" testId="0be364f3-65a8-13b6-624b-a54197fbf75c" testName="ToString_MipItemSet_Has_Value" computerName="DKSR-EFI-06" duration="00:00:00.0003310" startTime="2024-01-09T15:44:55.9043634+01:00" endTime="2024-01-09T15:44:55.9043634+01:00" testType="13cdc9d9-ddb5-4fa4-a97d-d965ccfc6d4b" outcome="Passed" testListId="8c84fa94-04c1-424b-9868-57a2d4851a1d" relativeResultsDirectory="7316fa1c-b248-450c-9a4b-a8478a90a5a7" />
    <UnitTestResult executionId="b9fe029a-019d-4930-aadc-fb19d070cddf" testId="ccde4230-00f3-bcda-817d-3ae2aeeb86b6" testName="Serialize_TestCases (Verify root Double property)" computerName="DKSR-EFI-06" duration="00:00:00.0005090" startTime="2024-01-09T15:44:59.3418770+01:00" endTime="2024-01-09T15:44:59.3418770+01:00" testType="13cdc9d9-ddb5-4fa4-a97d-d965ccfc6d4b" outcome="Passed" testListId="8c84fa94-04c1-424b-9868-57a2d4851a1d" relativeResultsDirectory="b9fe029a-019d-4930-aadc-fb19d070cddf" />
    <UnitTestResult executionId="2c22f534-5812-4f79-8660-0b10167abff4" testId="fd3d93a9-265d-ee70-503b-7e4448400893" testName="AllowGroupSelection_MultiSelect_GroupSelected" computerName="DKSR-EFI-06" duration="00:00:00.0011765" startTime="2024-01-09T15:44:55.4668629+01:00" endTime="2024-01-09T15:44:55.4668629+01:00" testType="13cdc9d9-ddb5-4fa4-a97d-d965ccfc6d4b" outcome="Passed" testListId="8c84fa94-04c1-424b-9868-57a2d4851a1d" relativeResultsDirectory="2c22f534-5812-4f79-8660-0b10167abff4" />
    <UnitTestResult executionId="37391bc7-2052-4e72-b50f-d8b7c416353c" testId="31116a68-3b0f-f28f-7f53-0333062fc887" testName="GenerateParameters_ShouldWriteModel_WhenAlways" computerName="DKSR-EFI-06" duration="00:00:00.0002754" startTime="2024-01-09T15:45:05.2793751+01:00" endTime="2024-01-09T15:45:05.2793751+01:00" testType="13cdc9d9-ddb5-4fa4-a97d-d965ccfc6d4b" outcome="Passed" testListId="8c84fa94-04c1-424b-9868-57a2d4851a1d" relativeResultsDirectory="37391bc7-2052-4e72-b50f-d8b7c416353c" />
    <UnitTestResult executionId="25fd7d96-e78f-4c5a-8f3d-d293ff10f33f" testId="2c2117f3-dae9-4d5e-6fa1-773bd6c20109" testName="Serialize_TestCases (TestParentTypeMatchIntNotThisTypeMatched)" computerName="DKSR-EFI-06" duration="00:00:00.0003234" startTime="2024-01-09T15:44:59.4668772+01:00" endTime="2024-01-09T15:44:59.4668772+01:00" testType="13cdc9d9-ddb5-4fa4-a97d-d965ccfc6d4b" outcome="Passed" testListId="8c84fa94-04c1-424b-9868-57a2d4851a1d" relativeResultsDirectory="25fd7d96-e78f-4c5a-8f3d-d293ff10f33f" />
    <UnitTestResult executionId="0309965f-2016-4f2c-8324-2e78cc84fc97" testId="2813fb62-7764-a6ad-5950-42865213a523" testName="ReadXml_ShouldLogWarningTwiceWhenMoreThanOneMinuteBetweenWarnings_WhenBoundingBoxIsIncomplete" computerName="DKSR-EFI-06" duration="00:00:00.0020416" startTime="2024-01-09T15:45:03.4981209+01:00" endTime="2024-01-09T15:45:03.4981209+01:00" testType="13cdc9d9-ddb5-4fa4-a97d-d965ccfc6d4b" outcome="Passed" testListId="8c84fa94-04c1-424b-9868-57a2d4851a1d" relativeResultsDirectory="0309965f-2016-4f2c-8324-2e78cc84fc97" />
    <UnitTestResult executionId="2a20ad3e-9df6-4752-88dc-f238de70772d" testId="8a8c7432-7378-2ff6-b3a1-a3b7254f4458" testName="ReadXml_ShouldLogWarningOnlyOnceWithinOneMinute_WhenCenterOfGravityIsIncomplete" computerName="DKSR-EFI-06" duration="00:00:00.0014703" startTime="2024-01-09T15:45:03.4824964+01:00" endTime="2024-01-09T15:45:03.4824964+01:00" testType="13cdc9d9-ddb5-4fa4-a97d-d965ccfc6d4b" outcome="Passed" testListId="8c84fa94-04c1-424b-9868-57a2d4851a1d" relativeResultsDirectory="2a20ad3e-9df6-4752-88dc-f238de70772d" />
    <UnitTestResult executionId="6b55b243-f9f5-4360-a1b2-491938b20919" testId="7b38c175-8f37-0ff7-77b0-702939d7a735" testName="GetLicensePlateFilterValue_NullCriteria_Throws" computerName="DKSR-EFI-06" duration="00:00:00.0012912" startTime="2024-01-09T15:45:01.5293679+01:00" endTime="2024-01-09T15:45:01.5293679+01:00" testType="13cdc9d9-ddb5-4fa4-a97d-d965ccfc6d4b" outcome="Passed" testListId="8c84fa94-04c1-424b-9868-57a2d4851a1d" relativeResultsDirectory="6b55b243-f9f5-4360-a1b2-491938b20919" />
    <UnitTestResult executionId="80f093aa-1aef-4266-8e80-17bf961562e5" testId="ecf74651-4fc2-6bc3-0181-d2278e0bfbfa" testName="GetMetadataObjectIdsAsync_SingleInvocation_DelegatedToInternalMethod" computerName="DKSR-EFI-06" duration="00:00:00.0032364" startTime="2024-01-09T15:45:00.7481329+01:00" endTime="2024-01-09T15:45:00.7637614+01:00" testType="13cdc9d9-ddb5-4fa4-a97d-d965ccfc6d4b" outcome="Passed" testListId="8c84fa94-04c1-424b-9868-57a2d4851a1d" relativeResultsDirectory="80f093aa-1aef-4266-8e80-17bf961562e5" />
    <UnitTestResult executionId="4d932fc3-8582-48f3-a5b6-129ae5373495" testId="31917703-2acf-fc86-64fa-04fcf338cdb6" testName="OverlapsWith_ShouldThrowArgumentException_WhenTheStartAndEndTimeKindsAreDifferent" computerName="DKSR-EFI-06" duration="00:00:00.0008275" startTime="2024-01-09T15:44:43.9043410+01:00" endTime="2024-01-09T15:44:43.9043410+01:00" testType="13cdc9d9-ddb5-4fa4-a97d-d965ccfc6d4b" outcome="Passed" testListId="8c84fa94-04c1-424b-9868-57a2d4851a1d" relativeResultsDirectory="4d932fc3-8582-48f3-a5b6-129ae5373495" />
    <UnitTestResult executionId="16c9cb26-f8e8-43a1-ae34-936c65946b85" testId="060935d9-41c9-9631-b038-7843722743ca" testName="GetGenderFilterValues_NullCriteria_Throws" computerName="DKSR-EFI-06" duration="00:00:00.0011999" startTime="2024-01-09T15:45:01.4668682+01:00" endTime="2024-01-09T15:45:01.4824925+01:00" testType="13cdc9d9-ddb5-4fa4-a97d-d965ccfc6d4b" outcome="Passed" testListId="8c84fa94-04c1-424b-9868-57a2d4851a1d" relativeResultsDirectory="16c9cb26-f8e8-43a1-ae34-936c65946b85" />
    <UnitTestResult executionId="b074b9f0-26fb-43e9-a492-b287287ae662" testId="5aae0d5c-c153-7620-5b85-675beef30370" testName="TestConstructor_Success" computerName="DKSR-EFI-06" duration="00:00:00.0003037" startTime="2024-01-09T15:45:01.5762419+01:00" endTime="2024-01-09T15:45:01.5762419+01:00" testType="13cdc9d9-ddb5-4fa4-a97d-d965ccfc6d4b" outcome="Passed" testListId="8c84fa94-04c1-424b-9868-57a2d4851a1d" relativeResultsDirectory="b074b9f0-26fb-43e9-a492-b287287ae662" />
    <UnitTestResult executionId="d3b6a930-ce81-476d-86af-5ddf3c237ecd" testId="bc878ccd-98a1-51a4-2cfc-16b619dea6f0" testName="GetChildItems_ShouldReturnNull_WhenUnknownKind" computerName="DKSR-EFI-06" duration="00:00:00.0004316" startTime="2024-01-09T15:44:33.7636850+01:00" endTime="2024-01-09T15:44:33.7636850+01:00" testType="13cdc9d9-ddb5-4fa4-a97d-d965ccfc6d4b" outcome="Passed" testListId="8c84fa94-04c1-424b-9868-57a2d4851a1d" relativeResultsDirectory="d3b6a930-ce81-476d-86af-5ddf3c237ecd" />
    <UnitTestResult executionId="3edb0a56-34c6-4d08-b63b-632b4641dd9d" testId="f9a09191-b933-2d00-0d6e-2a80901374f0" testName="VideoAnalytics_ShouldReturnEmptyList_WhenVideoAnalyticsHasNotBeenSet" computerName="DKSR-EFI-06" duration="00:00:00.0002398" startTime="2024-01-09T15:45:02.9981192+01:00" endTime="2024-01-09T15:45:02.9981192+01:00" testType="13cdc9d9-ddb5-4fa4-a97d-d965ccfc6d4b" outcome="Passed" testListId="8c84fa94-04c1-424b-9868-57a2d4851a1d" relativeResultsDirectory="3edb0a56-34c6-4d08-b63b-632b4641dd9d" />
    <UnitTestResult executionId="568285c2-eb56-440b-8b50-6e747b460f1c" testId="5676d068-f210-9f05-bcb4-4154c077d90e" testName="Minimize_ShouldReturnOneInterval_WhenListContainsThreeOverlappingIntervalsContainingEachOther" computerName="DKSR-EFI-06" duration="00:00:00.0006202" startTime="2024-01-09T15:44:43.9668313+01:00" endTime="2024-01-09T15:44:43.9668313+01:00" testType="13cdc9d9-ddb5-4fa4-a97d-d965ccfc6d4b" outcome="Passed" testListId="8c84fa94-04c1-424b-9868-57a2d4851a1d" relativeResultsDirectory="568285c2-eb56-440b-8b50-6e747b460f1c" />
    <UnitTestResult executionId="88fe5980-0c0a-443c-972d-350758209132" testId="f3d705dd-7bc5-3c67-615c-4a5792f645ee" testName="Serialize_ShouldHandleSelfReferencingWithCollection" computerName="DKSR-EFI-06" duration="00:00:00.0033085" startTime="2024-01-09T15:44:59.1075015+01:00" endTime="2024-01-09T15:44:59.1075015+01:00" testType="13cdc9d9-ddb5-4fa4-a97d-d965ccfc6d4b" outcome="Passed" testListId="8c84fa94-04c1-424b-9868-57a2d4851a1d" relativeResultsDirectory="88fe5980-0c0a-443c-972d-350758209132" />
    <UnitTestResult executionId="055fbdf4-4efa-4620-b467-b318f1faaa10" testId="f9efcab8-a490-8c63-2e77-81876b9a47ee" testName="Equals_IgnoreFolderType_Fail_OnObjectId" computerName="DKSR-EFI-06" duration="00:00:00.0005345" startTime="2024-01-09T15:44:29.7636846+01:00" endTime="2024-01-09T15:44:29.7636846+01:00" testType="13cdc9d9-ddb5-4fa4-a97d-d965ccfc6d4b" outcome="Passed" testListId="8c84fa94-04c1-424b-9868-57a2d4851a1d" relativeResultsDirectory="055fbdf4-4efa-4620-b467-b318f1faaa10" />
    <UnitTestResult executionId="d5847047-ec4e-499d-adc9-394d309d861d" testId="b762d469-6e8e-9554-a9ef-98866a578464" testName="Serialize_TestCases (TestParentTypeMatchCollectionNotThisTypeMatched)" computerName="DKSR-EFI-06" duration="00:00:00.0001870" startTime="2024-01-09T15:44:59.5762522+01:00" endTime="2024-01-09T15:44:59.5762522+01:00" testType="13cdc9d9-ddb5-4fa4-a97d-d965ccfc6d4b" outcome="Passed" testListId="8c84fa94-04c1-424b-9868-57a2d4851a1d" relativeResultsDirectory="d5847047-ec4e-499d-adc9-394d309d861d" />
    <UnitTestResult executionId="0e357525-58b9-4ed3-a04a-8baea5a8fb96" testId="15a5142a-4ca9-8496-a1cc-4a1caca4c970" testName="GetColorFilterValues_SingleSelection_Success" computerName="DKSR-EFI-06" duration="00:00:00.0078248" startTime="2024-01-09T15:45:01.5449929+01:00" endTime="2024-01-09T15:45:01.5449929+01:00" testType="13cdc9d9-ddb5-4fa4-a97d-d965ccfc6d4b" outcome="Passed" testListId="8c84fa94-04c1-424b-9868-57a2d4851a1d" relativeResultsDirectory="0e357525-58b9-4ed3-a04a-8baea5a8fb96" />
    <UnitTestResult executionId="fc50f6c6-2001-4dce-9ba8-73403b81e755" testId="b837ebc0-f7ad-c47b-17b8-8695813cd0ae" testName="Parse_Double_Simple" computerName="DKSR-EFI-06" duration="00:00:00.0003165" startTime="2024-01-09T15:45:01.7637791+01:00" endTime="2024-01-09T15:45:01.7637791+01:00" testType="13cdc9d9-ddb5-4fa4-a97d-d965ccfc6d4b" outcome="Passed" testListId="8c84fa94-04c1-424b-9868-57a2d4851a1d" relativeResultsDirectory="fc50f6c6-2001-4dce-9ba8-73403b81e755" />
    <UnitTestResult executionId="5defb223-3623-4cd4-9ce5-f3c9e4077bf2" testId="6ca72b6b-0033-ee05-80aa-21dc1f0119ea" testName="Contains_With_Null_Fails" computerName="DKSR-EFI-06" duration="00:00:00.0003041" startTime="2024-01-09T15:44:29.7480595+01:00" endTime="2024-01-09T15:44:29.7480595+01:00" testType="13cdc9d9-ddb5-4fa4-a97d-d965ccfc6d4b" outcome="Passed" testListId="8c84fa94-04c1-424b-9868-57a2d4851a1d" relativeResultsDirectory="5defb223-3623-4cd4-9ce5-f3c9e4077bf2" />
    <UnitTestResult executionId="ce63104a-0f7e-484b-b2b2-4b1bb40f69c6" testId="262c3c73-7b65-0063-be55-7b0feb97027d" testName="GenerateDeviceCapabilityParameters_ShouldWriteTypeName_WhenAlways" computerName="DKSR-EFI-06" duration="00:00:00.0007892" startTime="2024-01-09T15:45:05.4200527+01:00" endTime="2024-01-09T15:45:05.4200527+01:00" testType="13cdc9d9-ddb5-4fa4-a97d-d965ccfc6d4b" outcome="Passed" testListId="8c84fa94-04c1-424b-9868-57a2d4851a1d" relativeResultsDirectory="ce63104a-0f7e-484b-b2b2-4b1bb40f69c6" />
    <UnitTestResult executionId="725ba592-78ea-4f56-a2d7-e7b28c52277b" testId="4f18dfe5-cbdb-3f59-ec1a-7c24c2cc1db1" testName="RemoveFilterValue_OnlyValue_Success" computerName="DKSR-EFI-06" duration="00:00:00.0021925" startTime="2024-01-09T15:44:59.8887531+01:00" endTime="2024-01-09T15:44:59.8887531+01:00" testType="13cdc9d9-ddb5-4fa4-a97d-d965ccfc6d4b" outcome="Passed" testListId="8c84fa94-04c1-424b-9868-57a2d4851a1d" relativeResultsDirectory="725ba592-78ea-4f56-a2d7-e7b28c52277b" />
    <UnitTestResult executionId="b42af284-09ce-418d-a7ea-e9dcff12c7c2" testId="12cac62c-5b3e-c0ef-167d-41a5a640f7f1" testName="Constructor_ShouldThrowArgumentNullException_WhenModelIsNull" computerName="DKSR-EFI-06" duration="00:00:00.0004743" startTime="2024-01-09T15:45:05.2637510+01:00" endTime="2024-01-09T15:45:05.2637510+01:00" testType="13cdc9d9-ddb5-4fa4-a97d-d965ccfc6d4b" outcome="Passed" testListId="8c84fa94-04c1-424b-9868-57a2d4851a1d" relativeResultsDirectory="b42af284-09ce-418d-a7ea-e9dcff12c7c2" />
    <UnitTestResult executionId="c17c555f-9849-4889-9fd0-1d37744dcd06" testId="8e518cf6-5cc7-9578-86bd-3ad3afaceaf7" testName="Equals_ShouldReturnFalse_WhenOnlyIdsAreDifferent" computerName="DKSR-EFI-06" duration="00:00:00.0003707" startTime="2024-01-09T15:44:32.2168100+01:00" endTime="2024-01-09T15:44:32.2168100+01:00" testType="13cdc9d9-ddb5-4fa4-a97d-d965ccfc6d4b" outcome="Passed" testListId="8c84fa94-04c1-424b-9868-57a2d4851a1d" relativeResultsDirectory="c17c555f-9849-4889-9fd0-1d37744dcd06" />
    <UnitTestResult executionId="0a12327b-3887-422c-9135-89e183012a57" testId="7e9864c3-ffac-3e60-e067-d303ea811382" testName="Parse_String_WithSpecialChars" computerName="DKSR-EFI-06" duration="00:00:00.0009126" startTime="2024-01-09T15:45:01.7793681+01:00" endTime="2024-01-09T15:45:01.7793681+01:00" testType="13cdc9d9-ddb5-4fa4-a97d-d965ccfc6d4b" outcome="Passed" testListId="8c84fa94-04c1-424b-9868-57a2d4851a1d" relativeResultsDirectory="0a12327b-3887-422c-9135-89e183012a57" />
    <UnitTestResult executionId="c0969b6b-3635-4608-a435-0642b1310b8c" testId="4f71e5f9-12a6-0f01-a280-c78b7d7b307a" testName="Serialize_TestCases (TestParentTypeMatchStringThisTypeNotMatched)" computerName="DKSR-EFI-06" duration="00:00:00.0003886" startTime="2024-01-09T15:44:59.4356265+01:00" endTime="2024-01-09T15:44:59.4356265+01:00" testType="13cdc9d9-ddb5-4fa4-a97d-d965ccfc6d4b" outcome="Passed" testListId="8c84fa94-04c1-424b-9868-57a2d4851a1d" relativeResultsDirectory="c0969b6b-3635-4608-a435-0642b1310b8c" />
    <UnitTestResult executionId="d4662c31-112c-4673-834f-892d1447c9ee" testId="a7bf999b-c611-25a7-2ff7-438675e1866f" testName="TestConstructorOverload_MultipleAgents_Success" computerName="DKSR-EFI-06" duration="00:00:00.0216905" startTime="2024-01-09T15:45:00.1231296+01:00" endTime="2024-01-09T15:45:00.1387546+01:00" testType="13cdc9d9-ddb5-4fa4-a97d-d965ccfc6d4b" outcome="Passed" testListId="8c84fa94-04c1-424b-9868-57a2d4851a1d" relativeResultsDirectory="d4662c31-112c-4673-834f-892d1447c9ee" />
    <UnitTestResult executionId="752e9233-b084-4ea4-8d6a-1d9c0130ef66" testId="b0739811-0769-0d6d-10df-bbc2b4389739" testName="JsonObjectFromFileTest" computerName="DKSR-EFI-06" duration="00:00:00.0090931" startTime="2024-01-09T15:45:01.7168667+01:00" endTime="2024-01-09T15:45:01.7168667+01:00" testType="13cdc9d9-ddb5-4fa4-a97d-d965ccfc6d4b" outcome="Passed" testListId="8c84fa94-04c1-424b-9868-57a2d4851a1d" relativeResultsDirectory="752e9233-b084-4ea4-8d6a-1d9c0130ef66" />
    <UnitTestResult executionId="3a79e6bf-c3a9-4494-bfc2-f76994928fec" testId="b391819c-9b61-5619-1c97-a7d68c4b7e89" testName="ReadXml_ShouldSetAllFieldsToDefaultValues_WhenElementIsEmpty" computerName="DKSR-EFI-06" duration="00:00:00.0020167" startTime="2024-01-09T15:45:03.1074982+01:00" endTime="2024-01-09T15:45:03.1074982+01:00" testType="13cdc9d9-ddb5-4fa4-a97d-d965ccfc6d4b" outcome="Passed" testListId="8c84fa94-04c1-424b-9868-57a2d4851a1d" relativeResultsDirectory="3a79e6bf-c3a9-4494-bfc2-f76994928fec" />
    <UnitTestResult executionId="eb3320f3-7587-4ac8-a078-b610f89dc1e0" testId="0b769e09-4f15-c038-2979-f712635df491" testName="GetNextDateTime_ShouldReturnFirstDataEntityFromSecondToolkitCall_WhenDateIsEqualOrAfterLastCachedValue" computerName="DKSR-EFI-06" duration="00:00:00.0075066" startTime="2024-01-09T15:45:05.6387499+01:00" endTime="2024-01-09T15:45:05.6543755+01:00" testType="13cdc9d9-ddb5-4fa4-a97d-d965ccfc6d4b" outcome="Passed" testListId="8c84fa94-04c1-424b-9868-57a2d4851a1d" relativeResultsDirectory="eb3320f3-7587-4ac8-a078-b610f89dc1e0" />
    <UnitTestResult executionId="9154e706-07ee-4f8b-b440-31450d717556" testId="9fd340a4-bdf1-80dc-4aa5-677b8c727a2b" testName="Equals_Fail_OnServerIdNull" computerName="DKSR-EFI-06" duration="00:00:00.0004512" startTime="2024-01-09T15:44:29.8105628+01:00" endTime="2024-01-09T15:44:29.8105628+01:00" testType="13cdc9d9-ddb5-4fa4-a97d-d965ccfc6d4b" outcome="Passed" testListId="8c84fa94-04c1-424b-9868-57a2d4851a1d" relativeResultsDirectory="9154e706-07ee-4f8b-b440-31450d717556" />
    <UnitTestResult executionId="66cf24b1-b4a1-4177-8520-06db6042a6cf" testId="23ab757f-fe97-afaf-d8cf-cc47b5d58278" testName="GetIdFromPath_ShouldReturnId_FromFullPath" computerName="DKSR-EFI-06" duration="00:00:00.0049941" startTime="2024-01-09T15:45:05.8731260+01:00" endTime="2024-01-09T15:45:05.8887512+01:00" testType="13cdc9d9-ddb5-4fa4-a97d-d965ccfc6d4b" outcome="Passed" testListId="8c84fa94-04c1-424b-9868-57a2d4851a1d" relativeResultsDirectory="66cf24b1-b4a1-4177-8520-06db6042a6cf" />
    <UnitTestResult executionId="560674ca-7309-4054-8a2e-124e5948d25f" testId="e56c92d2-c559-22db-a2e2-d0987b0def17" testName="GetClientAsync_StartsClient_WhenFirst" computerName="DKSR-EFI-06" duration="00:00:00.0503767" startTime="2024-01-09T15:45:03.9512487+01:00" endTime="2024-01-09T15:45:03.9981228+01:00" testType="13cdc9d9-ddb5-4fa4-a97d-d965ccfc6d4b" outcome="Passed" testListId="8c84fa94-04c1-424b-9868-57a2d4851a1d" relativeResultsDirectory="560674ca-7309-4054-8a2e-124e5948d25f" />
    <UnitTestResult executionId="0ea1fd41-6b4e-44bb-9720-e9762a8f63d0" testId="a357cf6c-ef79-7a61-f86c-3c3cf29677ef" testName="Remove_ShouldInvokeCallback_WhenObservable" computerName="DKSR-EFI-06" duration="00:00:00.0015849" startTime="2024-01-09T15:44:56.7637442+01:00" endTime="2024-01-09T15:44:56.7637442+01:00" testType="13cdc9d9-ddb5-4fa4-a97d-d965ccfc6d4b" outcome="Passed" testListId="8c84fa94-04c1-424b-9868-57a2d4851a1d" relativeResultsDirectory="0ea1fd41-6b4e-44bb-9720-e9762a8f63d0" />
    <UnitTestResult executionId="aa5584af-3af4-4a88-8822-8e8b99d96d0d" testId="d1627721-b0c9-88e8-e34c-f6f72d59002d" testName="TestConstructor_MessageParameters_Success" computerName="DKSR-EFI-06" duration="00:00:00.0037456" startTime="2024-01-09T15:45:01.5606180+01:00" endTime="2024-01-09T15:45:01.5606180+01:00" testType="13cdc9d9-ddb5-4fa4-a97d-d965ccfc6d4b" outcome="Passed" testListId="8c84fa94-04c1-424b-9868-57a2d4851a1d" relativeResultsDirectory="aa5584af-3af4-4a88-8822-8e8b99d96d0d" />
    <UnitTestResult executionId="298c7fc9-bb02-4232-afdc-beb5bf750fcb" testId="cec6c299-8695-bd09-ea27-6e9dd0196e7e" testName="Serialize_TestCases (TestParentTypeMatchStructNotThisTypeNotMatchedProperty)" computerName="DKSR-EFI-06" duration="00:00:00.0006869" startTime="2024-01-09T15:44:59.5293770+01:00" endTime="2024-01-09T15:44:59.5293770+01:00" testType="13cdc9d9-ddb5-4fa4-a97d-d965ccfc6d4b" outcome="Passed" testListId="8c84fa94-04c1-424b-9868-57a2d4851a1d" relativeResultsDirectory="298c7fc9-bb02-4232-afdc-beb5bf750fcb" />
    <UnitTestResult executionId="17339e30-df39-453f-bc09-545264a80246" testId="0a40eef3-f831-ffd2-4845-4121490071ff" testName="ModifyCollection_ShouldNotInvokeCallback_WhenNotObservable" computerName="DKSR-EFI-06" duration="00:00:00.0007161" startTime="2024-01-09T15:44:56.8106195+01:00" endTime="2024-01-09T15:44:56.8106195+01:00" testType="13cdc9d9-ddb5-4fa4-a97d-d965ccfc6d4b" outcome="Passed" testListId="8c84fa94-04c1-424b-9868-57a2d4851a1d" relativeResultsDirectory="17339e30-df39-453f-bc09-545264a80246" />
    <UnitTestResult executionId="bf9abe82-c869-4327-b469-bc5fc80b44d2" testId="09fa2387-002a-88c8-0b1c-134e9e315493" testName="GetIdFromPath_ShouldReturnNull_FromIncorrectPath" computerName="DKSR-EFI-06" duration="00:00:00.0002070" startTime="2024-01-09T15:45:05.8887512+01:00" endTime="2024-01-09T15:45:05.8887512+01:00" testType="13cdc9d9-ddb5-4fa4-a97d-d965ccfc6d4b" outcome="Passed" testListId="8c84fa94-04c1-424b-9868-57a2d4851a1d" relativeResultsDirectory="bf9abe82-c869-4327-b469-bc5fc80b44d2" />
    <UnitTestResult executionId="d7e25ea7-23c1-4e85-95b8-72598b50daaf" testId="dc042fe4-506a-6277-bf5c-9f1d13854fc7" testName="ReadXml_ShouldIgnoreUnknownChildren_WhenUnknownChildrenArePresent" computerName="DKSR-EFI-06" duration="00:00:00.0033828" startTime="2024-01-09T15:45:02.4512433+01:00" endTime="2024-01-09T15:45:02.4512433+01:00" testType="13cdc9d9-ddb5-4fa4-a97d-d965ccfc6d4b" outcome="Passed" testListId="8c84fa94-04c1-424b-9868-57a2d4851a1d" relativeResultsDirectory="d7e25ea7-23c1-4e85-95b8-72598b50daaf" />
    <UnitTestResult executionId="bc2f5123-4977-4ee9-b0c6-e4aeb8202e99" testId="1c326e5c-4c62-8c00-ee40-aad1ae557760" testName="WriteXml_ShouldWriteTypeAndLikelihoodElementContents_WhenTheyAreSet" computerName="DKSR-EFI-06" duration="00:00:00.0004576" startTime="2024-01-09T15:45:02.5137447+01:00" endTime="2024-01-09T15:45:02.5137447+01:00" testType="13cdc9d9-ddb5-4fa4-a97d-d965ccfc6d4b" outcome="Passed" testListId="8c84fa94-04c1-424b-9868-57a2d4851a1d" relativeResultsDirectory="bc2f5123-4977-4ee9-b0c6-e4aeb8202e99" />
    <UnitTestResult executionId="0bd0e78f-5697-4569-a835-8d44088d3d5d" testId="90432d5a-5fa4-a037-9446-73f5d0f5dd30" testName="FindCacheEntryBefore_ShuldReturnEntryBeforeTimeStamp_WhenThereIsAnEntryBeforeTheTimestamp" computerName="DKSR-EFI-06" duration="00:00:00.0008548" startTime="2024-01-09T15:45:05.3262508+01:00" endTime="2024-01-09T15:45:05.3262508+01:00" testType="13cdc9d9-ddb5-4fa4-a97d-d965ccfc6d4b" outcome="Passed" testListId="8c84fa94-04c1-424b-9868-57a2d4851a1d" relativeResultsDirectory="0bd0e78f-5697-4569-a835-8d44088d3d5d" />
    <UnitTestResult executionId="d2a0c230-69c3-4ace-bcad-c9674a605b50" testId="22940ce1-f9a1-0a34-055d-4f72c4c54fbb" testName="SelectionFilterValue_Deserialize_Success" computerName="DKSR-EFI-06" duration="00:00:00.0023211" startTime="2024-01-09T15:45:01.2949917+01:00" endTime="2024-01-09T15:45:01.2949917+01:00" testType="13cdc9d9-ddb5-4fa4-a97d-d965ccfc6d4b" outcome="Passed" testListId="8c84fa94-04c1-424b-9868-57a2d4851a1d" relativeResultsDirectory="d2a0c230-69c3-4ace-bcad-c9674a605b50" />
    <UnitTestResult executionId="1b85b514-fe78-4fa6-b558-adbdcc405d31" testId="463ed80f-116f-24dc-3550-f13e45fe4889" testName="ToString_MipItemNotSet_Is_Empty" computerName="DKSR-EFI-06" duration="00:00:00.0003905" startTime="2024-01-09T15:44:55.9043634+01:00" endTime="2024-01-09T15:44:55.9043634+01:00" testType="13cdc9d9-ddb5-4fa4-a97d-d965ccfc6d4b" outcome="Passed" testListId="8c84fa94-04c1-424b-9868-57a2d4851a1d" relativeResultsDirectory="1b85b514-fe78-4fa6-b558-adbdcc405d31" />
    <UnitTestResult executionId="3b7e6dee-ee82-43ee-a26a-76fb38202e0a" testId="c59043ee-e462-ae6f-68e0-aa6381ac3c86" testName="Remove_NullItem_DoesNotCrash" computerName="DKSR-EFI-06" duration="00:00:00.0001301" startTime="2024-01-09T15:44:44.0605819+01:00" endTime="2024-01-09T15:44:44.0605819+01:00" testType="13cdc9d9-ddb5-4fa4-a97d-d965ccfc6d4b" outcome="Passed" testListId="8c84fa94-04c1-424b-9868-57a2d4851a1d" relativeResultsDirectory="3b7e6dee-ee82-43ee-a26a-76fb38202e0a" />
    <UnitTestResult executionId="f42b79d0-4dbf-4c99-a788-9a176fe27e74" testId="a9f5292d-e31f-a581-3eed-5680d989d123" testName="GetItem_ShouldReturnNull_WhenUnknownKind" computerName="DKSR-EFI-06" duration="00:00:00.0004253" startTime="2024-01-09T15:44:33.6387005+01:00" endTime="2024-01-09T15:44:33.6387005+01:00" testType="13cdc9d9-ddb5-4fa4-a97d-d965ccfc6d4b" outcome="Passed" testListId="8c84fa94-04c1-424b-9868-57a2d4851a1d" relativeResultsDirectory="f42b79d0-4dbf-4c99-a788-9a176fe27e74" />
    <UnitTestResult executionId="4240394b-3002-4d15-a0b7-488b2bd24602" testId="29ac2707-c2cb-35e2-eedb-a90688f5df17" testName="ReadXml_ShouldIgnoreObject_WhenObjectIsPresenWithWrongNamespace" computerName="DKSR-EFI-06" duration="00:00:00.0003603" startTime="2024-01-09T15:45:02.7168695+01:00" endTime="2024-01-09T15:45:02.7168695+01:00" testType="13cdc9d9-ddb5-4fa4-a97d-d965ccfc6d4b" outcome="Passed" testListId="8c84fa94-04c1-424b-9868-57a2d4851a1d" relativeResultsDirectory="4240394b-3002-4d15-a0b7-488b2bd24602" />
    <UnitTestResult executionId="fc9abd27-5ebc-463e-a87d-c928c70bcbe4" testId="d6cb1369-2679-afac-cddc-39c82a30eafa" testName="Constructor_ShouldThrowArgumentxception_WhenItemIsNotAMetadataDevice" computerName="DKSR-EFI-06" duration="00:00:00.0007585" startTime="2024-01-09T15:45:05.5606267+01:00" endTime="2024-01-09T15:45:05.5762515+01:00" testType="13cdc9d9-ddb5-4fa4-a97d-d965ccfc6d4b" outcome="Passed" testListId="8c84fa94-04c1-424b-9868-57a2d4851a1d" relativeResultsDirectory="fc9abd27-5ebc-463e-a87d-c928c70bcbe4" />
    <UnitTestResult executionId="a574ac39-6824-4a24-8bae-59d072aaa62a" testId="43fa12a9-d1b1-aa83-498c-58e3064824e3" testName="ReadXml_ShouldReadFontFamilyAttribute_WhenPresent" computerName="DKSR-EFI-06" duration="00:00:00.0004108" startTime="2024-01-09T15:45:02.5918680+01:00" endTime="2024-01-09T15:45:02.5918680+01:00" testType="13cdc9d9-ddb5-4fa4-a97d-d965ccfc6d4b" outcome="Passed" testListId="8c84fa94-04c1-424b-9868-57a2d4851a1d" relativeResultsDirectory="a574ac39-6824-4a24-8bae-59d072aaa62a" />
    <UnitTestResult executionId="e8655f9c-0d76-4581-9e44-6402ae01cf4e" testId="9f4b8baa-3d93-c3b8-cb10-c40ec85c9336" testName="IconOverlay_VaryingOverlays_Success" computerName="DKSR-EFI-06" duration="00:00:00.0185027" startTime="2024-01-09T15:44:31.1386854+01:00" endTime="2024-01-09T15:44:31.1543119+01:00" testType="13cdc9d9-ddb5-4fa4-a97d-d965ccfc6d4b" outcome="Passed" testListId="8c84fa94-04c1-424b-9868-57a2d4851a1d" relativeResultsDirectory="e8655f9c-0d76-4581-9e44-6402ae01cf4e" />
    <UnitTestResult executionId="8b3b237c-53a2-440b-a654-d52326781739" testId="b7c2c022-5605-11c2-db09-3429d396f98d" testName="Parse_Double_Invalid" computerName="DKSR-EFI-06" duration="00:00:00.0005628" startTime="2024-01-09T15:45:01.7637791+01:00" endTime="2024-01-09T15:45:01.7637791+01:00" testType="13cdc9d9-ddb5-4fa4-a97d-d965ccfc6d4b" outcome="Passed" testListId="8c84fa94-04c1-424b-9868-57a2d4851a1d" relativeResultsDirectory="8b3b237c-53a2-440b-a654-d52326781739" />
    <UnitTestResult executionId="06f10af5-4b56-4415-95b4-e20df3f0c56e" testId="4bcbb7d4-08c1-9252-8fa2-fa28745614be" testName="WriteXml_ShouldWriteAllClassCandidates_WhenThereAreMultipleClassCandidatesPresent" computerName="DKSR-EFI-06" duration="00:00:00.0007465" startTime="2024-01-09T15:45:03.1543705+01:00" endTime="2024-01-09T15:45:03.1543705+01:00" testType="13cdc9d9-ddb5-4fa4-a97d-d965ccfc6d4b" outcome="Passed" testListId="8c84fa94-04c1-424b-9868-57a2d4851a1d" relativeResultsDirectory="06f10af5-4b56-4415-95b4-e20df3f0c56e" />
    <UnitTestResult executionId="bc791dab-ff1a-48f5-87d1-c665d47b98e2" testId="b7df116d-9320-09bb-de54-2fccf2279e48" testName="Icon_Set" computerName="DKSR-EFI-06" duration="00:00:00.0591379" startTime="2024-01-09T15:44:30.8261851+01:00" endTime="2024-01-09T15:44:30.8730632+01:00" testType="13cdc9d9-ddb5-4fa4-a97d-d965ccfc6d4b" outcome="Passed" testListId="8c84fa94-04c1-424b-9868-57a2d4851a1d" relativeResultsDirectory="bc791dab-ff1a-48f5-87d1-c665d47b98e2" />
    <UnitTestResult executionId="271ad8be-7320-49cd-90ba-359fb1844c1c" testId="b2a7a04f-f1f1-7276-152d-8d2269ca96a4" testName="Dequeue_QueueStopping_Success" computerName="DKSR-EFI-06" duration="00:00:00.0003297" startTime="2024-01-09T15:44:44.0137073+01:00" endTime="2024-01-09T15:44:44.0137073+01:00" testType="13cdc9d9-ddb5-4fa4-a97d-d965ccfc6d4b" outcome="Passed" testListId="8c84fa94-04c1-424b-9868-57a2d4851a1d" relativeResultsDirectory="271ad8be-7320-49cd-90ba-359fb1844c1c" />
    <UnitTestResult executionId="eb7433bc-eb2a-48ad-af43-daf8f81a3007" testId="f408475e-6fb9-6a1c-14aa-10ca58ac105c" testName="Parse_Strings" computerName="DKSR-EFI-06" duration="00:00:00.0011051" startTime="2024-01-09T15:45:01.7793681+01:00" endTime="2024-01-09T15:45:01.7793681+01:00" testType="13cdc9d9-ddb5-4fa4-a97d-d965ccfc6d4b" outcome="Passed" testListId="8c84fa94-04c1-424b-9868-57a2d4851a1d" relativeResultsDirectory="eb7433bc-eb2a-48ad-af43-daf8f81a3007" />
    <UnitTestResult executionId="68641d94-dce9-42a0-91ea-3d65d12ef836" testId="3434e15a-2768-efbc-7e19-fea38f3ae373" testName="MipItems_Property_Collection_Empty" computerName="DKSR-EFI-06" duration="00:00:00.0003865" startTime="2024-01-09T15:44:55.5137375+01:00" endTime="2024-01-09T15:44:55.5293613+01:00" testType="13cdc9d9-ddb5-4fa4-a97d-d965ccfc6d4b" outcome="Passed" testListId="8c84fa94-04c1-424b-9868-57a2d4851a1d" relativeResultsDirectory="68641d94-dce9-42a0-91ea-3d65d12ef836" />
    <UnitTestResult executionId="a6e07083-e7c1-4616-8a7f-2bb4127a62bd" testId="c05e47c4-61d6-49b1-3d85-b74a1ff92020" testName="Serialize_TestCases (Verify root Bool property)" computerName="DKSR-EFI-06" duration="00:00:00.0014682" startTime="2024-01-09T15:44:59.3262530+01:00" endTime="2024-01-09T15:44:59.3262530+01:00" testType="13cdc9d9-ddb5-4fa4-a97d-d965ccfc6d4b" outcome="Passed" testListId="8c84fa94-04c1-424b-9868-57a2d4851a1d" relativeResultsDirectory="a6e07083-e7c1-4616-8a7f-2bb4127a62bd" />
    <UnitTestResult executionId="6c4d9461-a416-482d-b163-4df24e586f5b" testId="ad2a533e-345f-feb2-e7cb-50434e04ad99" testName="GetNearest_ShouldReturnClosestElement_WhenTimestampIsInLargerCache" computerName="DKSR-EFI-06" duration="00:00:00.0006231" startTime="2024-01-09T15:45:05.4043752+01:00" endTime="2024-01-09T15:45:05.4043752+01:00" testType="13cdc9d9-ddb5-4fa4-a97d-d965ccfc6d4b" outcome="Passed" testListId="8c84fa94-04c1-424b-9868-57a2d4851a1d" relativeResultsDirectory="6c4d9461-a416-482d-b163-4df24e586f5b" />
    <UnitTestResult executionId="644d457f-82b1-4ad6-8e15-e1d67f6a00bb" testId="79db46c4-1a13-12a0-1950-586398a93668" testName="GetWithDateTimeTimeSpanAndInt_ShouldClearCache_WhenAlways" computerName="DKSR-EFI-06" duration="00:00:00.0049940" startTime="2024-01-09T15:45:05.7793803+01:00" endTime="2024-01-09T15:45:05.7950031+01:00" testType="13cdc9d9-ddb5-4fa4-a97d-d965ccfc6d4b" outcome="Passed" testListId="8c84fa94-04c1-424b-9868-57a2d4851a1d" relativeResultsDirectory="644d457f-82b1-4ad6-8e15-e1d67f6a00bb" />
    <UnitTestResult executionId="2b6e78d1-d0a0-487c-8ab7-7a477574e645" testId="88c7ce2e-851c-95ac-24f9-c8ee7cf94eac" testName="TestMultiLevelQueue_ShuttingDownResourceProcessorEdgeCase_Success" computerName="DKSR-EFI-06" duration="00:00:02.1050228" startTime="2024-01-09T15:44:48.7793475+01:00" endTime="2024-01-09T15:44:50.8887281+01:00" testType="13cdc9d9-ddb5-4fa4-a97d-d965ccfc6d4b" outcome="Passed" testListId="8c84fa94-04c1-424b-9868-57a2d4851a1d" relativeResultsDirectory="2b6e78d1-d0a0-487c-8ab7-7a477574e645" />
    <UnitTestResult executionId="a2c270ed-0572-480b-9136-9fec8356bc6a" testId="6c5fbe1f-8152-a821-d533-330bed4f5a98" testName="AllAttributesWerePresent_ShouldReturnFalse_WhenTopAttributeIsMissing" computerName="DKSR-EFI-06" duration="00:00:00.0003500" startTime="2024-01-09T15:45:03.2637474+01:00" endTime="2024-01-09T15:45:03.2637474+01:00" testType="13cdc9d9-ddb5-4fa4-a97d-d965ccfc6d4b" outcome="Passed" testListId="8c84fa94-04c1-424b-9868-57a2d4851a1d" relativeResultsDirectory="a2c270ed-0572-480b-9136-9fec8356bc6a" />
    <UnitTestResult executionId="c127de9c-7527-49ad-861e-92e2535f45ab" testId="257c0922-44f0-686e-e1ab-2ecaa57524ac" testName="MD5Hex32_ShouldReturnMD5Hash_WhenInputIsNotNull" computerName="DKSR-EFI-06" duration="00:00:00.0048074" startTime="2024-01-09T15:45:05.8262537+01:00" endTime="2024-01-09T15:45:05.8262537+01:00" testType="13cdc9d9-ddb5-4fa4-a97d-d965ccfc6d4b" outcome="Passed" testListId="8c84fa94-04c1-424b-9868-57a2d4851a1d" relativeResultsDirectory="c127de9c-7527-49ad-861e-92e2535f45ab" />
    <UnitTestResult executionId="ce2d0b62-290f-4011-b28d-bf0e3422af27" testId="4ce8fa95-501e-1da1-3954-5f99709a3a47" testName="Serialize_TestCases (TestParentTypeMatchGenericThisTypeMatched)" computerName="DKSR-EFI-06" duration="00:00:00.0034041" startTime="2024-01-09T15:44:59.6075028+01:00" endTime="2024-01-09T15:44:59.6075028+01:00" testType="13cdc9d9-ddb5-4fa4-a97d-d965ccfc6d4b" outcome="Passed" testListId="8c84fa94-04c1-424b-9868-57a2d4851a1d" relativeResultsDirectory="ce2d0b62-290f-4011-b28d-bf0e3422af27" />
    <UnitTestResult executionId="41376477-1abd-401f-86fc-7f85e5a2a7c3" testId="20d9288d-2ec6-4b24-6a84-22a61e3296f1" testName="CountByCounter_Activated_Expired_Missing" computerName="DKSR-EFI-06" duration="00:00:00.0007272" startTime="2024-01-09T15:45:05.0137507+01:00" endTime="2024-01-09T15:45:05.0137507+01:00" testType="13cdc9d9-ddb5-4fa4-a97d-d965ccfc6d4b" outcome="Passed" testListId="8c84fa94-04c1-424b-9868-57a2d4851a1d" relativeResultsDirectory="41376477-1abd-401f-86fc-7f85e5a2a7c3" />
    <UnitTestResult executionId="6fbc3cd6-385b-4781-b995-38c48a0c2be7" testId="893df90f-4ad3-2688-f803-e533f67faf3b" testName="Encrypt_ShouldThrowMIPException_WhenCryptographicServiceProviderIsNotAvailable" computerName="DKSR-EFI-06" duration="00:00:00.0009997" startTime="2024-01-09T15:45:04.9356253+01:00" endTime="2024-01-09T15:45:04.9356253+01:00" testType="13cdc9d9-ddb5-4fa4-a97d-d965ccfc6d4b" outcome="Passed" testListId="8c84fa94-04c1-424b-9868-57a2d4851a1d" relativeResultsDirectory="6fbc3cd6-385b-4781-b995-38c48a0c2be7" />
    <UnitTestResult executionId="01669d9c-9c4b-4c38-a4d8-8b66f6277134" testId="f66cd845-32f8-8293-9ecc-cb3301f62262" testName="ReadXml_ShouldSetIsIdle_WhenIdleElementIsPresentWithCorrectNamespace" computerName="DKSR-EFI-06" duration="00:00:00.0002449" startTime="2024-01-09T15:45:02.3731200+01:00" endTime="2024-01-09T15:45:02.3731200+01:00" testType="13cdc9d9-ddb5-4fa4-a97d-d965ccfc6d4b" outcome="Passed" testListId="8c84fa94-04c1-424b-9868-57a2d4851a1d" relativeResultsDirectory="01669d9c-9c4b-4c38-a4d8-8b66f6277134" />
    <UnitTestResult executionId="c58b2f65-d776-4a99-b710-0a3992661eb9" testId="668a7b7c-485c-e1be-eac6-0f37f9c5a345" testName="ProvideValue_ShouldUpdateTargetProperty_WhenDataContextDPValueChanges" computerName="DKSR-EFI-06" duration="00:00:00.0017961" startTime="2024-01-09T15:44:57.9043712+01:00" endTime="2024-01-09T15:44:57.9043712+01:00" testType="13cdc9d9-ddb5-4fa4-a97d-d965ccfc6d4b" outcome="Passed" testListId="8c84fa94-04c1-424b-9868-57a2d4851a1d" relativeResultsDirectory="c58b2f65-d776-4a99-b710-0a3992661eb9" />
    <UnitTestResult executionId="bc01386b-8081-4647-b58e-e2defddaa4c6" testId="1231dbfb-8caf-95d4-fa10-3201d28cc912" testName="ReadXml_ShouldIgnoreAppearance_WhenAppearanceIsPresenWithWrongNamespace" computerName="DKSR-EFI-06" duration="00:00:00.0002564" startTime="2024-01-09T15:45:03.2012452+01:00" endTime="2024-01-09T15:45:03.2012452+01:00" testType="13cdc9d9-ddb5-4fa4-a97d-d965ccfc6d4b" outcome="Passed" testListId="8c84fa94-04c1-424b-9868-57a2d4851a1d" relativeResultsDirectory="bc01386b-8081-4647-b58e-e2defddaa4c6" />
    <UnitTestResult executionId="979c4ebf-6cf7-49a3-8473-9c95a4ecbed5" testId="21fa9385-bfaf-d1fb-f620-6ac18f449c60" testName="ReadXml_ShouldLogWarningOnlyOnceWithinOneMinute_WhenClassCandidateIsNotValid" computerName="DKSR-EFI-06" duration="00:00:00.0017857" startTime="2024-01-09T15:45:03.1387459+01:00" endTime="2024-01-09T15:45:03.1387459+01:00" testType="13cdc9d9-ddb5-4fa4-a97d-d965ccfc6d4b" outcome="Passed" testListId="8c84fa94-04c1-424b-9868-57a2d4851a1d" relativeResultsDirectory="979c4ebf-6cf7-49a3-8473-9c95a4ecbed5" />
    <UnitTestResult executionId="07621816-fd26-41ea-9bc2-2c6ad8b0000d" testId="984bc27d-a5c7-32fa-f1e8-153a12469bdb" testName="MipItems_Property_Collection_NotEmpty" computerName="DKSR-EFI-06" duration="00:00:00.0015023" startTime="2024-01-09T15:44:55.5293613+01:00" endTime="2024-01-09T15:44:55.5293613+01:00" testType="13cdc9d9-ddb5-4fa4-a97d-d965ccfc6d4b" outcome="Passed" testListId="8c84fa94-04c1-424b-9868-57a2d4851a1d" relativeResultsDirectory="07621816-fd26-41ea-9bc2-2c6ad8b0000d" />
    <UnitTestResult executionId="f8d2b9b4-5336-4308-bcb3-9e5755d58a19" testId="dae5127c-eff7-8376-4da7-ec9462c457e1" testName="GetNearest_ShouldReturnFirstElement_WhenTimestampIsSamesAsFirstElement" computerName="DKSR-EFI-06" duration="00:00:00.0005503" startTime="2024-01-09T15:45:05.3887520+01:00" endTime="2024-01-09T15:45:05.3887520+01:00" testType="13cdc9d9-ddb5-4fa4-a97d-d965ccfc6d4b" outcome="Passed" testListId="8c84fa94-04c1-424b-9868-57a2d4851a1d" relativeResultsDirectory="f8d2b9b4-5336-4308-bcb3-9e5755d58a19" />
    <UnitTestResult executionId="5861d866-ac6e-4082-a237-85bb411a5eb6" testId="7727673d-f909-602e-c023-298e3154bee0" testName="GetNearest_ShouldReturnFirstElementFromToolkitResponse_WhenTimestampIsBeforeFirstElementInResponse" computerName="DKSR-EFI-06" duration="00:00:00.0022933" startTime="2024-01-09T15:45:05.7012533+01:00" endTime="2024-01-09T15:45:05.7168781+01:00" testType="13cdc9d9-ddb5-4fa4-a97d-d965ccfc6d4b" outcome="Passed" testListId="8c84fa94-04c1-424b-9868-57a2d4851a1d" relativeResultsDirectory="5861d866-ac6e-4082-a237-85bb411a5eb6" />
    <UnitTestResult executionId="b49be207-af51-480a-b745-9c05ffb683d5" testId="87294391-1825-1ce5-7f19-56b62f49e8c1" testName="Equals_ShouldHaveValueSemantics_WhenAlways" computerName="DKSR-EFI-06" duration="00:00:00.0080386" startTime="2024-01-09T15:45:02.3574930+01:00" endTime="2024-01-09T15:45:02.3574930+01:00" testType="13cdc9d9-ddb5-4fa4-a97d-d965ccfc6d4b" outcome="Passed" testListId="8c84fa94-04c1-424b-9868-57a2d4851a1d" relativeResultsDirectory="b49be207-af51-480a-b745-9c05ffb683d5" />
    <UnitTestResult executionId="23797fec-5090-4323-91bc-c0c2185a8c74" testId="9b0d69da-f0df-c6b0-7696-299b1ca48f22" testName="AllAttributesWerePresent_ShouldReturnTrue_WhenBothXAndYAreFloats" computerName="DKSR-EFI-06" duration="00:00:00.0002716" startTime="2024-01-09T15:45:03.6387482+01:00" endTime="2024-01-09T15:45:03.6387482+01:00" testType="13cdc9d9-ddb5-4fa4-a97d-d965ccfc6d4b" outcome="Passed" testListId="8c84fa94-04c1-424b-9868-57a2d4851a1d" relativeResultsDirectory="23797fec-5090-4323-91bc-c0c2185a8c74" />
    <UnitTestResult executionId="eeab2f2b-eeaa-4a5d-8c3e-3256a546924f" testId="1f0a0407-7982-ddd0-173d-1b88aac6222d" testName="ServerIdWithHttps_Construct_Success" computerName="DKSR-EFI-06" duration="00:00:00.0073590" startTime="2024-01-09T15:44:29.6699405+01:00" endTime="2024-01-09T15:44:29.6699405+01:00" testType="13cdc9d9-ddb5-4fa4-a97d-d965ccfc6d4b" outcome="Passed" testListId="8c84fa94-04c1-424b-9868-57a2d4851a1d" relativeResultsDirectory="eeab2f2b-eeaa-4a5d-8c3e-3256a546924f" />
    <UnitTestResult executionId="dede197e-31cf-4dc1-9fb6-f6099fff36c3" testId="7e481df7-029e-9d77-33ba-d4462cdb83bc" testName="Peek_EmptyQueue_ReturnsNull" computerName="DKSR-EFI-06" duration="00:00:00.0104729" startTime="2024-01-09T15:44:44.0449594+01:00" endTime="2024-01-09T15:44:44.0605819+01:00" testType="13cdc9d9-ddb5-4fa4-a97d-d965ccfc6d4b" outcome="Passed" testListId="8c84fa94-04c1-424b-9868-57a2d4851a1d" relativeResultsDirectory="dede197e-31cf-4dc1-9fb6-f6099fff36c3" />
    <UnitTestResult executionId="eb7ba4fd-b5d3-4221-851c-2d682bea18f3" testId="a75415d5-8f48-5b6a-949c-d1ac83acad3d" testName="ServerIdWithHttps_CheckSerialization_Success" computerName="DKSR-EFI-06" duration="00:00:00.0217665" startTime="2024-01-09T15:44:29.7011850+01:00" endTime="2024-01-09T15:44:29.7168103+01:00" testType="13cdc9d9-ddb5-4fa4-a97d-d965ccfc6d4b" outcome="Passed" testListId="8c84fa94-04c1-424b-9868-57a2d4851a1d" relativeResultsDirectory="eb7ba4fd-b5d3-4221-851c-2d682bea18f3" />
    <UnitTestResult executionId="128a3596-9194-41f3-99cd-7f0c38b07592" testId="090bb946-dfcb-8466-9f8e-938126697e92" testName="GenerateParameters_ShouldWriteMacAddress_WhenAlways" computerName="DKSR-EFI-06" duration="00:00:00.0020791" startTime="2024-01-09T15:45:05.2637510+01:00" endTime="2024-01-09T15:45:05.2637510+01:00" testType="13cdc9d9-ddb5-4fa4-a97d-d965ccfc6d4b" outcome="Passed" testListId="8c84fa94-04c1-424b-9868-57a2d4851a1d" relativeResultsDirectory="128a3596-9194-41f3-99cd-7f0c38b07592" />
    <UnitTestResult executionId="ea227425-04ca-4cbf-a450-b2f84cab07f2" testId="af06fbb9-e295-bbc5-951e-25addabec280" testName="TestConstructor_NullException_Failure" computerName="DKSR-EFI-06" duration="00:00:00.0006061" startTime="2024-01-09T15:45:01.5918681+01:00" endTime="2024-01-09T15:45:01.5918681+01:00" testType="13cdc9d9-ddb5-4fa4-a97d-d965ccfc6d4b" outcome="Passed" testListId="8c84fa94-04c1-424b-9868-57a2d4851a1d" relativeResultsDirectory="ea227425-04ca-4cbf-a450-b2f84cab07f2" />
    <UnitTestResult executionId="fc3a7b41-8495-441f-89a6-a36074a02740" testId="39259e78-217a-ffb2-6d1b-008e44172920" testName="TestSearchFilterCategories_WithOneAgentReturnsNull_Success" computerName="DKSR-EFI-06" duration="00:00:00.0016855" startTime="2024-01-09T15:45:00.2325066+01:00" endTime="2024-01-09T15:45:00.2325066+01:00" testType="13cdc9d9-ddb5-4fa4-a97d-d965ccfc6d4b" outcome="Passed" testListId="8c84fa94-04c1-424b-9868-57a2d4851a1d" relativeResultsDirectory="fc3a7b41-8495-441f-89a6-a36074a02740" />
    <UnitTestResult executionId="195dc85f-102f-4b4b-930a-8391dee76029" testId="ee569e33-e92a-4e12-13b7-cfb199db4a03" testName="SetEvents_ShouldAddProxyManager_WhenFrameworkContentElementIsLoaded" computerName="DKSR-EFI-06" duration="00:00:00.0006822" startTime="2024-01-09T15:44:59.7481279+01:00" endTime="2024-01-09T15:44:59.7481279+01:00" testType="13cdc9d9-ddb5-4fa4-a97d-d965ccfc6d4b" outcome="Passed" testListId="8c84fa94-04c1-424b-9868-57a2d4851a1d" relativeResultsDirectory="195dc85f-102f-4b4b-930a-8391dee76029" />
    <UnitTestResult executionId="10bf10c6-97ac-47d3-9490-e865d457f175" testId="e3e33591-e2f2-c832-fee1-8688ba9ec456" testName="GenerateParameters_ShouldWriteNotSupportedForFirmware_WhenFirmwareIsNull" computerName="DKSR-EFI-06" duration="00:00:00.0003714" startTime="2024-01-09T15:45:05.2793751+01:00" endTime="2024-01-09T15:45:05.2793751+01:00" testType="13cdc9d9-ddb5-4fa4-a97d-d965ccfc6d4b" outcome="Passed" testListId="8c84fa94-04c1-424b-9868-57a2d4851a1d" relativeResultsDirectory="10bf10c6-97ac-47d3-9490-e865d457f175" />
    <UnitTestResult executionId="107faba6-3733-4901-adf2-206ba52e39f0" testId="d63fece0-6979-6a7f-ca42-f76bdbd7d24d" testName="RemoveItem_AnalyticsEvent_Success" computerName="DKSR-EFI-06" duration="00:00:00.0103914" startTime="2024-01-09T15:45:02.1231195+01:00" endTime="2024-01-09T15:45:02.1387439+01:00" testType="13cdc9d9-ddb5-4fa4-a97d-d965ccfc6d4b" outcome="Passed" testListId="8c84fa94-04c1-424b-9868-57a2d4851a1d" relativeResultsDirectory="107faba6-3733-4901-adf2-206ba52e39f0" />
    <UnitTestResult executionId="c8993e0f-4ab9-4ddd-a9a8-5a78eb3de844" testId="ce7e30df-0543-6938-fae8-53fc40762640" testName="GetPopulatedItems_HasChildren_ChildrenAdded" computerName="DKSR-EFI-06" duration="00:00:00.0796759" startTime="2024-01-09T15:44:56.1387416+01:00" endTime="2024-01-09T15:44:56.2168648+01:00" testType="13cdc9d9-ddb5-4fa4-a97d-d965ccfc6d4b" outcome="Passed" testListId="8c84fa94-04c1-424b-9868-57a2d4851a1d" relativeResultsDirectory="c8993e0f-4ab9-4ddd-a9a8-5a78eb3de844" />
    <UnitTestResult executionId="7388bb82-bfb4-4a0d-926f-d3dece1e9a72" testId="9e28d5ce-7362-2b06-9e34-6ce871313f70" testName="ProvideValue_ShouldNotSetTargetProperty_WhenItemIconSourcePropertyNameIsNotSet" computerName="DKSR-EFI-06" duration="00:00:00.0016280" startTime="2024-01-09T15:44:58.1543744+01:00" endTime="2024-01-09T15:44:58.1543744+01:00" testType="13cdc9d9-ddb5-4fa4-a97d-d965ccfc6d4b" outcome="Passed" testListId="8c84fa94-04c1-424b-9868-57a2d4851a1d" relativeResultsDirectory="7388bb82-bfb4-4a0d-926f-d3dece1e9a72" />
    <UnitTestResult executionId="e946d464-7b6c-44b5-954b-c0ff59169de4" testId="55e8e49d-3677-ba1c-fee3-b06a721808bd" testName="ReadXml_ShouldLogWarning_WhenBoundingBoxIsIncomplete" computerName="DKSR-EFI-06" duration="00:00:00.0014397" startTime="2024-01-09T15:45:03.4824964+01:00" endTime="2024-01-09T15:45:03.4824964+01:00" testType="13cdc9d9-ddb5-4fa4-a97d-d965ccfc6d4b" outcome="Passed" testListId="8c84fa94-04c1-424b-9868-57a2d4851a1d" relativeResultsDirectory="e946d464-7b6c-44b5-954b-c0ff59169de4" />
    <UnitTestResult executionId="a6754f77-ab4b-4c3d-9dbd-0ff2cb5e48fa" testId="fa6e843e-faa4-966b-f711-d61b61e7366c" testName="ReadXml_ShouldIgnoreClassCandidate_WhenClassCandidateIsNotValid" computerName="DKSR-EFI-06" duration="00:00:00.0009582" startTime="2024-01-09T15:45:03.1387459+01:00" endTime="2024-01-09T15:45:03.1387459+01:00" testType="13cdc9d9-ddb5-4fa4-a97d-d965ccfc6d4b" outcome="Passed" testListId="8c84fa94-04c1-424b-9868-57a2d4851a1d" relativeResultsDirectory="a6754f77-ab4b-4c3d-9dbd-0ff2cb5e48fa" />
    <UnitTestResult executionId="c79397a0-cb33-434a-a418-cd7529db8d15" testId="61ac148b-77c6-a946-fca0-45c9e49f9516" testName="ProvideValue_ShouldNotApplyText_WhenItemTextPropertyNameIsNotSet" computerName="DKSR-EFI-06" duration="00:00:00.0265613" startTime="2024-01-09T15:44:57.8574966+01:00" endTime="2024-01-09T15:44:57.8887461+01:00" testType="13cdc9d9-ddb5-4fa4-a97d-d965ccfc6d4b" outcome="Passed" testListId="8c84fa94-04c1-424b-9868-57a2d4851a1d" relativeResultsDirectory="c79397a0-cb33-434a-a418-cd7529db8d15" />
    <UnitTestResult executionId="02cc3eba-2cd5-4757-b11b-289f13dbf19c" testId="d298d9c7-7d7d-ad15-03cc-8ab9e391d377" testName="ReadXml_ShouldReadScaleContents_WhenScaleIsPresent" computerName="DKSR-EFI-06" duration="00:00:00.0008039" startTime="2024-01-09T15:45:03.5449967+01:00" endTime="2024-01-09T15:45:03.5449967+01:00" testType="13cdc9d9-ddb5-4fa4-a97d-d965ccfc6d4b" outcome="Passed" testListId="8c84fa94-04c1-424b-9868-57a2d4851a1d" relativeResultsDirectory="02cc3eba-2cd5-4757-b11b-289f13dbf19c" />
    <UnitTestResult executionId="a6c84ff6-66f7-4aee-b0d3-bc059e51bd7b" testId="5737235c-4c26-da22-d231-8a538d9299e8" testName="GenerateDeviceParameters_ShouldWriteCorrectFps_WhenFpsIsInRange" computerName="DKSR-EFI-06" duration="00:00:00.0002993" startTime="2024-01-09T15:45:05.1700001+01:00" endTime="2024-01-09T15:45:05.1700001+01:00" testType="13cdc9d9-ddb5-4fa4-a97d-d965ccfc6d4b" outcome="Passed" testListId="8c84fa94-04c1-424b-9868-57a2d4851a1d" relativeResultsDirectory="a6c84ff6-66f7-4aee-b0d3-bc059e51bd7b" />
    <UnitTestResult executionId="5e6ea07c-eff8-4103-bd4b-248fd1813f70" testId="760478cf-2b2b-5f64-b097-3de30749bcb1" testName="Initialize_Changed_Values" computerName="DKSR-EFI-06" duration="00:00:00.0006101" startTime="2024-01-09T15:44:55.4824874+01:00" endTime="2024-01-09T15:44:55.4981110+01:00" testType="13cdc9d9-ddb5-4fa4-a97d-d965ccfc6d4b" outcome="Passed" testListId="8c84fa94-04c1-424b-9868-57a2d4851a1d" relativeResultsDirectory="5e6ea07c-eff8-4103-bd4b-248fd1813f70" />
    <UnitTestResult executionId="202a2947-63b0-4692-b884-75d933a98057" testId="b6380494-d08e-3475-91a8-7a07dd918969" testName="HasExtensionDataPresent_ShouldReturnTrue_WhenLineColorIsSet" computerName="DKSR-EFI-06" duration="00:00:00.0013110" startTime="2024-01-09T15:45:03.2324980+01:00" endTime="2024-01-09T15:45:03.2324980+01:00" testType="13cdc9d9-ddb5-4fa4-a97d-d965ccfc6d4b" outcome="Passed" testListId="8c84fa94-04c1-424b-9868-57a2d4851a1d" relativeResultsDirectory="202a2947-63b0-4692-b884-75d933a98057" />
    <UnitTestResult executionId="dfd96bf2-9100-40eb-ae67-2a414ef0400d" testId="30e80c89-c117-83fc-53e9-5be5181f841c" testName="WriteXml_ShouldOmitElements_WhenTheyAreNull" computerName="DKSR-EFI-06" duration="00:00:00.0007060" startTime="2024-01-09T15:45:03.5918756+01:00" endTime="2024-01-09T15:45:03.5918756+01:00" testType="13cdc9d9-ddb5-4fa4-a97d-d965ccfc6d4b" outcome="Passed" testListId="8c84fa94-04c1-424b-9868-57a2d4851a1d" relativeResultsDirectory="dfd96bf2-9100-40eb-ae67-2a414ef0400d" />
    <UnitTestResult executionId="723201d9-a820-4516-b0f7-86987fb28433" testId="22017572-0e55-4eb6-a8f5-ed8333ee82e7" testName="GetAllFrames_ShouldReturnFramesFromAllVideoAnalytcs_WhenThereAreSeveralVideoAnalytics" computerName="DKSR-EFI-06" duration="00:00:00.0124667" startTime="2024-01-09T15:45:03.0137466+01:00" endTime="2024-01-09T15:45:03.0293706+01:00" testType="13cdc9d9-ddb5-4fa4-a97d-d965ccfc6d4b" outcome="Passed" testListId="8c84fa94-04c1-424b-9868-57a2d4851a1d" relativeResultsDirectory="723201d9-a820-4516-b0f7-86987fb28433" />
    <UnitTestResult executionId="139dadd4-e069-4db9-8ed2-5015df950932" testId="f5d12e44-e40c-727a-8c4d-b5134fb3b55a" testName="ProvideValue_ShouldNotSetTargetProperty_WhenCustomDisplayValueIsSet" computerName="DKSR-EFI-06" duration="00:00:00.0013173" startTime="2024-01-09T15:44:58.1543744+01:00" endTime="2024-01-09T15:44:58.1543744+01:00" testType="13cdc9d9-ddb5-4fa4-a97d-d965ccfc6d4b" outcome="Passed" testListId="8c84fa94-04c1-424b-9868-57a2d4851a1d" relativeResultsDirectory="139dadd4-e069-4db9-8ed2-5015df950932" />
    <UnitTestResult executionId="5b81fc6c-2e9b-481b-948c-30f468fe917b" testId="a513f6d4-cac8-7139-d5eb-18e28868b5e3" testName="ReadXml_ShouldLogWarningTwiceWhenMoreThanOneMinuteBetweenWarnings_WhenRequiredAttributeIsMissing" computerName="DKSR-EFI-06" duration="00:00:00.0018206" startTime="2024-01-09T15:45:02.6857887+01:00" endTime="2024-01-09T15:45:02.6857887+01:00" testType="13cdc9d9-ddb5-4fa4-a97d-d965ccfc6d4b" outcome="Passed" testListId="8c84fa94-04c1-424b-9868-57a2d4851a1d" relativeResultsDirectory="5b81fc6c-2e9b-481b-948c-30f468fe917b" />
    <UnitTestResult executionId="9fafad78-5d81-4f9e-bd63-ca24aba4e27d" testId="e7fd8dc1-f344-e46a-1f5a-badd0fb3eee8" testName="Serialize_TestCases (TestParentTypeMatchCollectionNotThisTypeNotMatchedProperty)" computerName="DKSR-EFI-06" duration="00:00:00.0001614" startTime="2024-01-09T15:44:59.5762522+01:00" endTime="2024-01-09T15:44:59.5762522+01:00" testType="13cdc9d9-ddb5-4fa4-a97d-d965ccfc6d4b" outcome="Passed" testListId="8c84fa94-04c1-424b-9868-57a2d4851a1d" relativeResultsDirectory="9fafad78-5d81-4f9e-bd63-ca24aba4e27d" />
    <UnitTestResult executionId="a9549a27-9b60-4b0a-a763-b53aaadd7cda" testId="f761c35c-23da-0635-088d-82edc227a6c9" testName="GetHashType_ShouldReturnMD5_WhenInputIsMD5Hash" computerName="DKSR-EFI-06" duration="00:00:00.0002537" startTime="2024-01-09T15:45:05.8731260+01:00" endTime="2024-01-09T15:45:05.8731260+01:00" testType="13cdc9d9-ddb5-4fa4-a97d-d965ccfc6d4b" outcome="Passed" testListId="8c84fa94-04c1-424b-9868-57a2d4851a1d" relativeResultsDirectory="a9549a27-9b60-4b0a-a763-b53aaadd7cda" />
    <UnitTestResult executionId="d9ae45e7-4026-4176-9ecb-2017cc4046a3" testId="9c47fe03-c56a-043e-ff88-e2633670fc9e" testName="ProvideValue_ShouldUseContentTemplate_WhenSelectedItemIsVideoOSDropDownItem" computerName="DKSR-EFI-06" duration="00:00:00.0042614" startTime="2024-01-09T15:44:58.0918734+01:00" endTime="2024-01-09T15:44:58.0918734+01:00" testType="13cdc9d9-ddb5-4fa4-a97d-d965ccfc6d4b" outcome="Passed" testListId="8c84fa94-04c1-424b-9868-57a2d4851a1d" relativeResultsDirectory="d9ae45e7-4026-4176-9ecb-2017cc4046a3" />
    <UnitTestResult executionId="add6107e-a740-49a0-a9e8-ab8c5953ee03" testId="804c2963-7737-e632-84f9-347e567fabca" testName="AddFilterValue_NonExistingValue_SecondValue_Success" computerName="DKSR-EFI-06" duration="00:00:00.0056171" startTime="2024-01-09T15:44:59.8575051+01:00" endTime="2024-01-09T15:44:59.8731289+01:00" testType="13cdc9d9-ddb5-4fa4-a97d-d965ccfc6d4b" outcome="Passed" testListId="8c84fa94-04c1-424b-9868-57a2d4851a1d" relativeResultsDirectory="add6107e-a740-49a0-a9e8-ab8c5953ee03" />
    <UnitTestResult executionId="dadb77a4-0445-406a-829c-a570a87024aa" testId="138cc152-3c37-d294-08c0-e36a93e3d725" testName="Serialize_TestCases (Verify root Generic (not null) property)" computerName="DKSR-EFI-06" duration="00:00:00.0002660" startTime="2024-01-09T15:44:59.4200016+01:00" endTime="2024-01-09T15:44:59.4200016+01:00" testType="13cdc9d9-ddb5-4fa4-a97d-d965ccfc6d4b" outcome="Passed" testListId="8c84fa94-04c1-424b-9868-57a2d4851a1d" relativeResultsDirectory="dadb77a4-0445-406a-829c-a570a87024aa" />
    <UnitTestResult executionId="8e5f3369-00a9-4c6b-b0f2-1164eb4ac567" testId="2de77298-4b39-f702-f7c5-8b8c0ceb02ec" testName="SetChildren_UnKnown_Check" computerName="DKSR-EFI-06" duration="00:00:00.0209026" startTime="2024-01-09T15:44:30.3105609+01:00" endTime="2024-01-09T15:44:30.3261875+01:00" testType="13cdc9d9-ddb5-4fa4-a97d-d965ccfc6d4b" outcome="Passed" testListId="8c84fa94-04c1-424b-9868-57a2d4851a1d" relativeResultsDirectory="8e5f3369-00a9-4c6b-b0f2-1164eb4ac567" />
    <UnitTestResult executionId="109e36af-2280-41f9-8022-446d49906160" testId="d3168116-f2b4-8d85-d69a-f47dbb1df0a3" testName="ReadXml_ShouldSetAllFieldsToNull_WhenElementIsEmpty" computerName="DKSR-EFI-06" duration="00:00:00.0004419" startTime="2024-01-09T15:45:03.4200378+01:00" endTime="2024-01-09T15:45:03.4200378+01:00" testType="13cdc9d9-ddb5-4fa4-a97d-d965ccfc6d4b" outcome="Passed" testListId="8c84fa94-04c1-424b-9868-57a2d4851a1d" relativeResultsDirectory="109e36af-2280-41f9-8022-446d49906160" />
    <UnitTestResult executionId="4762ac96-8342-4fbe-9f92-92358eb5dc3d" testId="7f5e70aa-3433-9bd7-8428-635b93dfaeb5" testName="Serialize_TestCases (TestParentTypeMatchBoolNotThisTypeNotMatched)" computerName="DKSR-EFI-06" duration="00:00:00.0003560" startTime="2024-01-09T15:44:59.4512518+01:00" endTime="2024-01-09T15:44:59.4512518+01:00" testType="13cdc9d9-ddb5-4fa4-a97d-d965ccfc6d4b" outcome="Passed" testListId="8c84fa94-04c1-424b-9868-57a2d4851a1d" relativeResultsDirectory="4762ac96-8342-4fbe-9f92-92358eb5dc3d" />
    <UnitTestResult executionId="d84519b3-fb03-4ded-b7b1-95dc0ed8492d" testId="4bd213a5-298f-25c6-c1c0-a6bf89fe9c65" testName="ParameterConstruct1_FieldValues_Checked" computerName="DKSR-EFI-06" duration="00:00:00.0545255" startTime="2024-01-09T15:44:29.5918156+01:00" endTime="2024-01-09T15:44:29.6386860+01:00" testType="13cdc9d9-ddb5-4fa4-a97d-d965ccfc6d4b" outcome="Passed" testListId="8c84fa94-04c1-424b-9868-57a2d4851a1d" relativeResultsDirectory="d84519b3-fb03-4ded-b7b1-95dc0ed8492d" />
    <UnitTestResult executionId="14d4f4d0-b737-48e5-ab3d-919a748f7ccc" testId="bdfc35c1-636f-aaf9-5506-e97d44bad92c" testName="Ctor_TwoStandardFiltersAndTwoCustomFilters_Success" computerName="DKSR-EFI-06" duration="00:00:00.0006712" startTime="2024-01-09T15:45:01.4512434+01:00" endTime="2024-01-09T15:45:01.4668682+01:00" testType="13cdc9d9-ddb5-4fa4-a97d-d965ccfc6d4b" outcome="Passed" testListId="8c84fa94-04c1-424b-9868-57a2d4851a1d" relativeResultsDirectory="14d4f4d0-b737-48e5-ab3d-919a748f7ccc" />
    <UnitTestResult executionId="88c60025-f9a8-4cd9-b744-6f4de1069969" testId="aeeaebaf-8448-f122-1094-fc83a31ad89a" testName="GenerateTypeDefinintionParameters_ShouldWriteNumberOfCapabilities_WhenAlways" computerName="DKSR-EFI-06" duration="00:00:00.0005994" startTime="2024-01-09T15:45:05.8262537+01:00" endTime="2024-01-09T15:45:05.8262537+01:00" testType="13cdc9d9-ddb5-4fa4-a97d-d965ccfc6d4b" outcome="Passed" testListId="8c84fa94-04c1-424b-9868-57a2d4851a1d" relativeResultsDirectory="88c60025-f9a8-4cd9-b744-6f4de1069969" />
    <UnitTestResult executionId="f556e0b2-2120-4187-890f-e21d56903016" testId="f1b429c9-236c-37a4-5790-ad48b8bcac95" testName="GetPreviousDateTime_ShouldReturnLastDataEntityFromSecondToolkitCall_WhenDateIsEqualOrBeforeLastCachedValue" computerName="DKSR-EFI-06" duration="00:00:00.0023887" startTime="2024-01-09T15:45:05.6700021+01:00" endTime="2024-01-09T15:45:05.6700021+01:00" testType="13cdc9d9-ddb5-4fa4-a97d-d965ccfc6d4b" outcome="Passed" testListId="8c84fa94-04c1-424b-9868-57a2d4851a1d" relativeResultsDirectory="f556e0b2-2120-4187-890f-e21d56903016" />
    <UnitTestResult executionId="12c8b4ff-11c3-453b-861a-62f039e9cc8d" testId="a1b04750-d1fe-a25a-b502-6c3d91504173" testName="GetWithDateTime_ShouldReturnEntryAtOrBeforeFromToolkitResponse_WhenDataIsNotInCache" computerName="DKSR-EFI-06" duration="00:00:00.0066617" startTime="2024-01-09T15:45:05.7481274+01:00" endTime="2024-01-09T15:45:05.7481274+01:00" testType="13cdc9d9-ddb5-4fa4-a97d-d965ccfc6d4b" outcome="Passed" testListId="8c84fa94-04c1-424b-9868-57a2d4851a1d" relativeResultsDirectory="12c8b4ff-11c3-453b-861a-62f039e9cc8d" />
    <UnitTestResult executionId="3f9fcbe1-14eb-4263-95db-3722582e10f8" testId="6faa7eef-7d9f-75d0-2df6-09e7531ab536" testName="CreateAlarmFromEvent_ShouldReturnProperAlarm_WhenArgumentIsEventData" computerName="DKSR-EFI-06" duration="00:00:00.3175925" startTime="2024-01-09T15:44:32.2480625+01:00" endTime="2024-01-09T15:44:32.5606070+01:00" testType="13cdc9d9-ddb5-4fa4-a97d-d965ccfc6d4b" outcome="Passed" testListId="8c84fa94-04c1-424b-9868-57a2d4851a1d" relativeResultsDirectory="3f9fcbe1-14eb-4263-95db-3722582e10f8" />
    <UnitTestResult executionId="4f6be0b1-4206-4bdc-b5e9-e4f74b4dc04f" testId="503e5a86-709d-4f75-061c-3b116d3ee8e7" testName="Append_Element_KeyWithDotString" computerName="DKSR-EFI-06" duration="00:00:00.0002052" startTime="2024-01-09T15:45:01.6387424+01:00" endTime="2024-01-09T15:45:01.6387424+01:00" testType="13cdc9d9-ddb5-4fa4-a97d-d965ccfc6d4b" outcome="Passed" testListId="8c84fa94-04c1-424b-9868-57a2d4851a1d" relativeResultsDirectory="4f6be0b1-4206-4bdc-b5e9-e4f74b4dc04f" />
    <UnitTestResult executionId="4bd93c14-8e7a-4591-91a6-d02a63c7641f" testId="2a6fcd29-269e-eeb7-49d5-2221d6cf773a" testName="Serialize_ShouldThrowException_WhenPropertyCollectionTypeButPathDoesNotIndicateCollection (CollectionNotEmptyListProperty)" computerName="DKSR-EFI-06" duration="00:00:00.0003929" startTime="2024-01-09T15:44:59.2637507+01:00" endTime="2024-01-09T15:44:59.2637507+01:00" testType="13cdc9d9-ddb5-4fa4-a97d-d965ccfc6d4b" outcome="Passed" testListId="8c84fa94-04c1-424b-9868-57a2d4851a1d" relativeResultsDirectory="4bd93c14-8e7a-4591-91a6-d02a63c7641f" />
    <UnitTestResult executionId="5cfb4c46-089f-471b-942b-5fa0c2da64db" testId="d8aec2c2-feb6-0e42-e54d-284965f5dea7" testName="MatchId_Fail_MessageWithAsteriskAtEnd" computerName="DKSR-EFI-06" duration="00:00:00.0001919" startTime="2024-01-09T15:45:03.7168725+01:00" endTime="2024-01-09T15:45:03.7168725+01:00" testType="13cdc9d9-ddb5-4fa4-a97d-d965ccfc6d4b" outcome="Passed" testListId="8c84fa94-04c1-424b-9868-57a2d4851a1d" relativeResultsDirectory="5cfb4c46-089f-471b-942b-5fa0c2da64db" />
    <UnitTestResult executionId="d0f9d804-3136-4c8f-be51-cf3883bcbe74" testId="a9cb9252-3d98-79fe-629f-64e8ef1da14d" testName="GenerateEnumValueParameters_ShouldWriteValue_WhenAlways" computerName="DKSR-EFI-06" duration="00:00:00.0007582" startTime="2024-01-09T15:45:05.2481271+01:00" endTime="2024-01-09T15:45:05.2637510+01:00" testType="13cdc9d9-ddb5-4fa4-a97d-d965ccfc6d4b" outcome="Passed" testListId="8c84fa94-04c1-424b-9868-57a2d4851a1d" relativeResultsDirectory="d0f9d804-3136-4c8f-be51-cf3883bcbe74" />
    <UnitTestResult executionId="c5a39e11-d032-41da-8b78-526e988abf7f" testId="d7212be9-a773-7051-2296-d1e014528157" testName="WriteXml_ShouldWriteBoundingBoxAppearanceContents_WhenTheyArePresent" computerName="DKSR-EFI-06" duration="00:00:00.0012311" startTime="2024-01-09T15:45:03.5293728+01:00" endTime="2024-01-09T15:45:03.5293728+01:00" testType="13cdc9d9-ddb5-4fa4-a97d-d965ccfc6d4b" outcome="Passed" testListId="8c84fa94-04c1-424b-9868-57a2d4851a1d" relativeResultsDirectory="c5a39e11-d032-41da-8b78-526e988abf7f" />
    <UnitTestResult executionId="339c4ed5-3d3b-41d9-9fd2-2b1267457366" testId="5ce0e781-04f1-5244-6eeb-240f14509129" testName="GetEnd_ShouldReturnNull_WhenToolkitReturnsNull" computerName="DKSR-EFI-06" duration="00:00:00.0022269" startTime="2024-01-09T15:45:05.6231255+01:00" endTime="2024-01-09T15:45:05.6231255+01:00" testType="13cdc9d9-ddb5-4fa4-a97d-d965ccfc6d4b" outcome="Passed" testListId="8c84fa94-04c1-424b-9868-57a2d4851a1d" relativeResultsDirectory="339c4ed5-3d3b-41d9-9fd2-2b1267457366" />
    <UnitTestResult executionId="9d59a70a-cf2e-4f83-9bc8-58c5f3469794" testId="405a6411-84b6-3693-5b46-0b5983feca5e" testName="ProvideValue_ShouldSetTargetProperty_WhenItemIconSourcePropertyNameIsSet" computerName="DKSR-EFI-06" duration="00:00:00.0018992" startTime="2024-01-09T15:44:58.1543744+01:00" endTime="2024-01-09T15:44:58.1543744+01:00" testType="13cdc9d9-ddb5-4fa4-a97d-d965ccfc6d4b" outcome="Passed" testListId="8c84fa94-04c1-424b-9868-57a2d4851a1d" relativeResultsDirectory="9d59a70a-cf2e-4f83-9bc8-58c5f3469794" />
    <UnitTestResult executionId="31f0cecd-e3ee-4d47-ae27-886929b93e64" testId="870b8bee-54f6-8f61-66d6-a77bd6f1687b" testName="Serialize_TestCases (Verify root Generic (null) property get property value)" computerName="DKSR-EFI-06" duration="00:00:00.0001397" startTime="2024-01-09T15:44:59.4200016+01:00" endTime="2024-01-09T15:44:59.4200016+01:00" testType="13cdc9d9-ddb5-4fa4-a97d-d965ccfc6d4b" outcome="Passed" testListId="8c84fa94-04c1-424b-9868-57a2d4851a1d" relativeResultsDirectory="31f0cecd-e3ee-4d47-ae27-886929b93e64" />
    <UnitTestResult executionId="21e7392a-7753-46bb-8a2c-1cca0d40a73a" testId="d2434559-e3a7-5692-c403-1d47d873a133" testName="ProvideValue_ShouldUseNull_WhenSelectedItemIsNotSet" computerName="DKSR-EFI-06" duration="00:00:00.0152721" startTime="2024-01-09T15:44:58.0606242+01:00" endTime="2024-01-09T15:44:58.0762490+01:00" testType="13cdc9d9-ddb5-4fa4-a97d-d965ccfc6d4b" outcome="Passed" testListId="8c84fa94-04c1-424b-9868-57a2d4851a1d" relativeResultsDirectory="21e7392a-7753-46bb-8a2c-1cca0d40a73a" />
    <UnitTestResult executionId="f79b8c62-c197-4984-acda-65d8fd5ad7e7" testId="d03b0ad6-ed13-8489-09d1-2543f3053eff" testName="GetPropertiesAsync_ClearCachedData_DelegatedToInternalMethodTwice" computerName="DKSR-EFI-06" duration="00:00:00.0030908" startTime="2024-01-09T15:45:00.7168824+01:00" endTime="2024-01-09T15:45:00.7168824+01:00" testType="13cdc9d9-ddb5-4fa4-a97d-d965ccfc6d4b" outcome="Passed" testListId="8c84fa94-04c1-424b-9868-57a2d4851a1d" relativeResultsDirectory="f79b8c62-c197-4984-acda-65d8fd5ad7e7" />
    <UnitTestResult executionId="94cbce3d-b16f-46ac-8c9a-20db30f3cbd3" testId="b2a17b73-a63e-3be2-eee7-c00c2b4d0e01" testName="WriteXml_ShouldWriteYAttribute_WhenPresent" computerName="DKSR-EFI-06" duration="00:00:00.0003637" startTime="2024-01-09T15:45:02.6231187+01:00" endTime="2024-01-09T15:45:02.6231187+01:00" testType="13cdc9d9-ddb5-4fa4-a97d-d965ccfc6d4b" outcome="Passed" testListId="8c84fa94-04c1-424b-9868-57a2d4851a1d" relativeResultsDirectory="94cbce3d-b16f-46ac-8c9a-20db30f3cbd3" />
    <UnitTestResult executionId="474b870b-50e2-4d18-8f0c-f3e8e1ce006e" testId="af830802-23e2-0c4d-f3f5-18aa300eb661" testName="GetPreviousSequence_ShouldStoreToolkitResultInCache_WhenAlways" computerName="DKSR-EFI-06" duration="00:00:00.0031397" startTime="2024-01-09T15:45:05.7793803+01:00" endTime="2024-01-09T15:45:05.7793803+01:00" testType="13cdc9d9-ddb5-4fa4-a97d-d965ccfc6d4b" outcome="Passed" testListId="8c84fa94-04c1-424b-9868-57a2d4851a1d" relativeResultsDirectory="474b870b-50e2-4d18-8f0c-f3e8e1ce006e" />
    <UnitTestResult executionId="ea43410b-1db4-4b3e-80fc-9a03625b7a42" testId="f851da50-448f-2d4e-828e-d2ff64fc9049" testName="WriteXml_ShouldWriteClassElement_WhenClassIsNotNull" computerName="DKSR-EFI-06" duration="00:00:00.0006749" startTime="2024-01-09T15:45:02.3418673+01:00" endTime="2024-01-09T15:45:02.3418673+01:00" testType="13cdc9d9-ddb5-4fa4-a97d-d965ccfc6d4b" outcome="Passed" testListId="8c84fa94-04c1-424b-9868-57a2d4851a1d" relativeResultsDirectory="ea43410b-1db4-4b3e-80fc-9a03625b7a42" />
    <UnitTestResult executionId="cb6aa085-545e-4457-b840-2838656619b1" testId="c1dba330-ca0d-dce5-8eda-7974894f22ca" testName="GetCompatibilityHandler_ShouldThrownMIPException_WhenServerVersionCannotBeResolved" computerName="DKSR-EFI-06" duration="00:00:00.0022434" startTime="2024-01-09T15:45:04.8262514+01:00" endTime="2024-01-09T15:45:04.8262514+01:00" testType="13cdc9d9-ddb5-4fa4-a97d-d965ccfc6d4b" outcome="Passed" testListId="8c84fa94-04c1-424b-9868-57a2d4851a1d" relativeResultsDirectory="cb6aa085-545e-4457-b840-2838656619b1" />
    <UnitTestResult executionId="fa89d13e-0c79-43d1-b49f-6422f5d14ff2" testId="62294b79-fd57-1a57-9fa1-16dc542d0a4d" testName="GetFrame_ShouldReturnFrame_WhenThereIsOneFrame" computerName="DKSR-EFI-06" duration="00:00:00.0014876" startTime="2024-01-09T15:45:02.9981192+01:00" endTime="2024-01-09T15:45:02.9981192+01:00" testType="13cdc9d9-ddb5-4fa4-a97d-d965ccfc6d4b" outcome="Passed" testListId="8c84fa94-04c1-424b-9868-57a2d4851a1d" relativeResultsDirectory="fa89d13e-0c79-43d1-b49f-6422f5d14ff2" />
    <UnitTestResult executionId="a96b6a72-5572-49f9-b8d1-f39ada8b31f4" testId="d1220843-958c-7092-38af-904c7c323e51" testName="ParseMetadataXmlWithString_ShouldThrowXmExceptionWithInformationOnError_WhenNamespaceIsIncorrect" computerName="DKSR-EFI-06" duration="00:00:00.0047454" startTime="2024-01-09T15:45:02.8106189+01:00" endTime="2024-01-09T15:45:02.8106189+01:00" testType="13cdc9d9-ddb5-4fa4-a97d-d965ccfc6d4b" outcome="Passed" testListId="8c84fa94-04c1-424b-9868-57a2d4851a1d" relativeResultsDirectory="a96b6a72-5572-49f9-b8d1-f39ada8b31f4" />
    <UnitTestResult executionId="f18d2280-6e5f-4ae4-92f1-439a91bf518a" testId="c1f74549-0e3d-e32b-3c71-cedfb9c5eef0" testName="TestStartSearch_ReturningResults_Success" computerName="DKSR-EFI-06" duration="00:00:00.0138669" startTime="2024-01-09T15:45:00.3262592+01:00" endTime="2024-01-09T15:45:00.3418826+01:00" testType="13cdc9d9-ddb5-4fa4-a97d-d965ccfc6d4b" outcome="Passed" testListId="8c84fa94-04c1-424b-9868-57a2d4851a1d" relativeResultsDirectory="f18d2280-6e5f-4ae4-92f1-439a91bf518a" />
    <UnitTestResult executionId="8c723af8-9efc-432c-be80-396ca8049c07" testId="2850ab82-187d-c41c-6c55-5faf4323eb97" testName="TestMultiLevelQueue_DisposeQueueRightAfterProcessingItem_QueueDoesNotHang" computerName="DKSR-EFI-06" duration="00:00:02.4567401" startTime="2024-01-09T15:44:51.0449804+01:00" endTime="2024-01-09T15:44:53.4981086+01:00" testType="13cdc9d9-ddb5-4fa4-a97d-d965ccfc6d4b" outcome="Passed" testListId="8c84fa94-04c1-424b-9868-57a2d4851a1d" relativeResultsDirectory="8c723af8-9efc-432c-be80-396ca8049c07" />
    <UnitTestResult executionId="0e5be355-2cdd-4db5-b4bf-7d7d2b8005e6" testId="49bc91b3-0e58-95cf-9899-940758bf9038" testName="GetChildren_And_Check" computerName="DKSR-EFI-06" duration="00:00:00.0116994" startTime="2024-01-09T15:44:30.5293083+01:00" endTime="2024-01-09T15:44:30.5449875+01:00" testType="13cdc9d9-ddb5-4fa4-a97d-d965ccfc6d4b" outcome="Passed" testListId="8c84fa94-04c1-424b-9868-57a2d4851a1d" relativeResultsDirectory="0e5be355-2cdd-4db5-b4bf-7d7d2b8005e6" />
    <UnitTestResult executionId="f0a8a3cc-df64-413e-8519-4a72028e5565" testId="b09c7353-a02d-ff9f-8437-0ec01da8590a" testName="AllowGroupSelectionFalse_MultiSelect_ElementsInGroupSelected" computerName="DKSR-EFI-06" duration="00:00:00.0021794" startTime="2024-01-09T15:44:55.4668629+01:00" endTime="2024-01-09T15:44:55.4668629+01:00" testType="13cdc9d9-ddb5-4fa4-a97d-d965ccfc6d4b" outcome="Passed" testListId="8c84fa94-04c1-424b-9868-57a2d4851a1d" relativeResultsDirectory="f0a8a3cc-df64-413e-8519-4a72028e5565" />
    <UnitTestResult executionId="bfd7384c-ea16-443a-b28c-289c78c9bd1c" testId="b8b5d1da-4dc1-76f1-a2bd-31503c4d0668" testName="EqualGuids_Fail_OnServerIdId" computerName="DKSR-EFI-06" duration="00:00:00.0004568" startTime="2024-01-09T15:44:29.8261888+01:00" endTime="2024-01-09T15:44:29.8261888+01:00" testType="13cdc9d9-ddb5-4fa4-a97d-d965ccfc6d4b" outcome="Passed" testListId="8c84fa94-04c1-424b-9868-57a2d4851a1d" relativeResultsDirectory="bfd7384c-ea16-443a-b28c-289c78c9bd1c" />
    <UnitTestResult executionId="30e344dc-6fc3-49d0-9bc7-fca370783653" testId="308f63bb-ffab-d024-ffbf-d3fa54a43504" testName="Equals_ShouldReturnTrue_WhenHostIsDottedDecimalLocalhostAndOtherHostIsDottedDecimalThisNetwork" computerName="DKSR-EFI-06" duration="00:00:00.0003637" startTime="2024-01-09T15:44:32.2324362+01:00" endTime="2024-01-09T15:44:32.2324362+01:00" testType="13cdc9d9-ddb5-4fa4-a97d-d965ccfc6d4b" outcome="Passed" testListId="8c84fa94-04c1-424b-9868-57a2d4851a1d" relativeResultsDirectory="30e344dc-6fc3-49d0-9bc7-fca370783653" />
    <UnitTestResult executionId="aadb9cf2-0287-4187-b2c7-4fa4ea98c7bf" testId="8e460e03-2bfd-8239-d4ce-aaba6f07f2d0" testName="GetExpectedToken_ShouldReturnMD5_WhenInputTokenHashTypeIsMD5" computerName="DKSR-EFI-06" duration="00:00:00.0009722" startTime="2024-01-09T15:45:05.8575039+01:00" endTime="2024-01-09T15:45:05.8575039+01:00" testType="13cdc9d9-ddb5-4fa4-a97d-d965ccfc6d4b" outcome="Passed" testListId="8c84fa94-04c1-424b-9868-57a2d4851a1d" relativeResultsDirectory="aadb9cf2-0287-4187-b2c7-4fa4ea98c7bf" />
    <UnitTestResult executionId="e93bddd5-5231-4d9e-8b67-2cbde5373d24" testId="97e7d06a-68e4-1586-9e4c-e6b41260549f" testName="AllAttributesWerePresent_ShouldReturnFalse_WhenRightAttributeIsMissing" computerName="DKSR-EFI-06" duration="00:00:00.0003494" startTime="2024-01-09T15:45:03.2793702+01:00" endTime="2024-01-09T15:45:03.2793702+01:00" testType="13cdc9d9-ddb5-4fa4-a97d-d965ccfc6d4b" outcome="Passed" testListId="8c84fa94-04c1-424b-9868-57a2d4851a1d" relativeResultsDirectory="e93bddd5-5231-4d9e-8b67-2cbde5373d24" />
    <UnitTestResult executionId="15a2427c-bb20-45e6-aec4-8832409b2a0c" testId="d6559df8-87d0-bb20-8032-f0a4e10719d7" testName="Add_ShouldInvokeCallback_WhenObservable" computerName="DKSR-EFI-06" duration="00:00:00.0014845" startTime="2024-01-09T15:44:56.8106195+01:00" endTime="2024-01-09T15:44:56.8106195+01:00" testType="13cdc9d9-ddb5-4fa4-a97d-d965ccfc6d4b" outcome="Passed" testListId="8c84fa94-04c1-424b-9868-57a2d4851a1d" relativeResultsDirectory="15a2427c-bb20-45e6-aec4-8832409b2a0c" />
    <UnitTestResult executionId="7c06d0fd-b608-4d60-a9ea-11a9354ea58a" testId="f9dae8a6-1410-fa92-4089-639221dba286" testName="MatchId_Fail_MessageWithAsteriskAtBegin" computerName="DKSR-EFI-06" duration="00:00:00.0001821" startTime="2024-01-09T15:45:03.7168725+01:00" endTime="2024-01-09T15:45:03.7168725+01:00" testType="13cdc9d9-ddb5-4fa4-a97d-d965ccfc6d4b" outcome="Passed" testListId="8c84fa94-04c1-424b-9868-57a2d4851a1d" relativeResultsDirectory="7c06d0fd-b608-4d60-a9ea-11a9354ea58a" />
    <UnitTestResult executionId="511d5271-0046-400e-afcf-6212e0c69852" testId="48b02059-b634-8f5d-f4de-84436d54e786" testName="GetNext_ShouldReturnFirstDataEntityFromToolkitCall_WhenDataIsNotInCache" computerName="DKSR-EFI-06" duration="00:00:00.0026771" startTime="2024-01-09T15:45:05.6856275+01:00" endTime="2024-01-09T15:45:05.6856275+01:00" testType="13cdc9d9-ddb5-4fa4-a97d-d965ccfc6d4b" outcome="Passed" testListId="8c84fa94-04c1-424b-9868-57a2d4851a1d" relativeResultsDirectory="511d5271-0046-400e-afcf-6212e0c69852" />
    <UnitTestResult executionId="7141302d-3914-43d5-afc4-95ca748b0abc" testId="61e3c009-6d40-f26a-bfa1-a7b30d7f5bbd" testName="CreateSearchFilterEditControl_MissingPlugin_ReturnsNull" computerName="DKSR-EFI-06" duration="00:00:00.0006373" startTime="2024-01-09T15:45:00.8418825+01:00" endTime="2024-01-09T15:45:00.8418825+01:00" testType="13cdc9d9-ddb5-4fa4-a97d-d965ccfc6d4b" outcome="Passed" testListId="8c84fa94-04c1-424b-9868-57a2d4851a1d" relativeResultsDirectory="7141302d-3914-43d5-afc4-95ca748b0abc" />
    <UnitTestResult executionId="b6bb1d22-1353-4b12-91da-24944ec89dd4" testId="25a2ab59-4e6b-8585-ad34-1909dafc5c3e" testName="CountByItems_Activated_CountByCounter_TrialExpired" computerName="DKSR-EFI-06" duration="00:00:00.0016788" startTime="2024-01-09T15:45:05.1075020+01:00" endTime="2024-01-09T15:45:05.1075020+01:00" testType="13cdc9d9-ddb5-4fa4-a97d-d965ccfc6d4b" outcome="Passed" testListId="8c84fa94-04c1-424b-9868-57a2d4851a1d" relativeResultsDirectory="b6bb1d22-1353-4b12-91da-24944ec89dd4" />
    <UnitTestResult executionId="fda195cb-760f-491c-b220-aa0b850c93fa" testId="aa5a6ee6-251d-45e9-7756-92ac3de9f3a4" testName="ReadyToCloseEvent_OkCommand_SingleSelect_Not_Thrown" computerName="DKSR-EFI-06" duration="00:00:00.0007090" startTime="2024-01-09T15:44:55.4981110+01:00" endTime="2024-01-09T15:44:55.4981110+01:00" testType="13cdc9d9-ddb5-4fa4-a97d-d965ccfc6d4b" outcome="Passed" testListId="8c84fa94-04c1-424b-9868-57a2d4851a1d" relativeResultsDirectory="fda195cb-760f-491c-b220-aa0b850c93fa" />
    <UnitTestResult executionId="bf355f46-1002-48a2-9d8f-c5a48e630c00" testId="c47cbfb5-8a50-ef76-dc8b-bbbbe83c35f6" testName="ReadXml_ShouldReadBottomAttribute_WhenPresent" computerName="DKSR-EFI-06" duration="00:00:00.0004068" startTime="2024-01-09T15:45:03.2637474+01:00" endTime="2024-01-09T15:45:03.2637474+01:00" testType="13cdc9d9-ddb5-4fa4-a97d-d965ccfc6d4b" outcome="Passed" testListId="8c84fa94-04c1-424b-9868-57a2d4851a1d" relativeResultsDirectory="bf355f46-1002-48a2-9d8f-c5a48e630c00" />
    <UnitTestResult executionId="0dcef8ca-10af-4ae0-bd91-4611295e9209" testId="774975d0-338f-cf44-fe77-bf25f6734c5b" testName="TryParseArgbString_ShouldReturnTrue_WithCorrectARGBValuesWhenFormatIsCorrect" computerName="DKSR-EFI-06" duration="00:00:00.0012536" startTime="2024-01-09T15:45:02.5137447+01:00" endTime="2024-01-09T15:45:02.5137447+01:00" testType="13cdc9d9-ddb5-4fa4-a97d-d965ccfc6d4b" outcome="Passed" testListId="8c84fa94-04c1-424b-9868-57a2d4851a1d" relativeResultsDirectory="0dcef8ca-10af-4ae0-bd91-4611295e9209" />
    <UnitTestResult executionId="d8678feb-dfb8-45e6-bb8c-b2a7b2b605e9" testId="64bf4ca0-c568-7784-9fd7-9241aca3c483" testName="GenerateParameters_ShouldOmitGopRange_WhenGopRangeIsNull" computerName="DKSR-EFI-06" duration="00:00:00.0008105" startTime="2024-01-09T15:45:05.1856258+01:00" endTime="2024-01-09T15:45:05.1856258+01:00" testType="13cdc9d9-ddb5-4fa4-a97d-d965ccfc6d4b" outcome="Passed" testListId="8c84fa94-04c1-424b-9868-57a2d4851a1d" relativeResultsDirectory="d8678feb-dfb8-45e6-bb8c-b2a7b2b605e9" />
    <UnitTestResult executionId="1040a31d-237d-4daa-915d-6ef5774f611f" testId="bd10e1d0-a002-0856-831f-b5cf43dbc863" testName="Contains_CameraFail_Checked" computerName="DKSR-EFI-06" duration="00:00:00.0005208" startTime="2024-01-09T15:44:29.7480595+01:00" endTime="2024-01-09T15:44:29.7480595+01:00" testType="13cdc9d9-ddb5-4fa4-a97d-d965ccfc6d4b" outcome="Passed" testListId="8c84fa94-04c1-424b-9868-57a2d4851a1d" relativeResultsDirectory="1040a31d-237d-4daa-915d-6ef5774f611f" />
    <UnitTestResult executionId="33ff8a6a-6f18-4625-ab70-d684a3cff42a" testId="65d04660-c78c-f9e9-ce4c-0226775bf0c4" testName="Dequeue_TwoConsumers_Success" computerName="DKSR-EFI-06" duration="00:00:00.0110866" startTime="2024-01-09T15:44:44.0293321+01:00" endTime="2024-01-09T15:44:44.0293321+01:00" testType="13cdc9d9-ddb5-4fa4-a97d-d965ccfc6d4b" outcome="Passed" testListId="8c84fa94-04c1-424b-9868-57a2d4851a1d" relativeResultsDirectory="33ff8a6a-6f18-4625-ab70-d684a3cff42a" />
    <UnitTestResult executionId="df4e0136-433d-432c-b34c-2438e6980698" testId="08483f1f-4568-e039-2698-7a75165ec4e4" testName="GetHashType_ShouldReturnNotSupported_WhenInputIsSHA512Hash" computerName="DKSR-EFI-06" duration="00:00:00.0082751" startTime="2024-01-09T15:45:05.8575039+01:00" endTime="2024-01-09T15:45:05.8731260+01:00" testType="13cdc9d9-ddb5-4fa4-a97d-d965ccfc6d4b" outcome="Passed" testListId="8c84fa94-04c1-424b-9868-57a2d4851a1d" relativeResultsDirectory="df4e0136-433d-432c-b34c-2438e6980698" />
    <UnitTestResult executionId="1d4021c3-f3c2-40b5-b8cd-e71e2634dcad" testId="7a0dc36a-c1cd-21c8-9ba3-75ff2dea0cf7" testName="Ctor_TwoStandardFiltersAndTwoCustomFilters_Success" computerName="DKSR-EFI-06" duration="00:00:00.0004673" startTime="2024-01-09T15:45:01.5293679+01:00" endTime="2024-01-09T15:45:01.5293679+01:00" testType="13cdc9d9-ddb5-4fa4-a97d-d965ccfc6d4b" outcome="Passed" testListId="8c84fa94-04c1-424b-9868-57a2d4851a1d" relativeResultsDirectory="1d4021c3-f3c2-40b5-b8cd-e71e2634dcad" />
    <UnitTestResult executionId="bca40632-a184-44af-9045-2681d1d80cc6" testId="edfa9ac1-af92-8fad-09f0-213c59a511c9" testName="GetPrevious_ShouldReturnPreviousDataInCache_WhenDataIsCached" computerName="DKSR-EFI-06" duration="00:00:00.0023353" startTime="2024-01-09T15:45:05.6856275+01:00" endTime="2024-01-09T15:45:05.6856275+01:00" testType="13cdc9d9-ddb5-4fa4-a97d-d965ccfc6d4b" outcome="Passed" testListId="8c84fa94-04c1-424b-9868-57a2d4851a1d" relativeResultsDirectory="bca40632-a184-44af-9045-2681d1d80cc6" />
    <UnitTestResult executionId="49bcf802-ecb1-4d3e-9797-eae3818fb24e" testId="6df640a9-0a50-74d8-fe7f-d3add40b9424" testName="ReadXml_ShouldLogWarningOnlyOnceWithinOneMinute_WhenIncompleteScaleIsPresent" computerName="DKSR-EFI-06" duration="00:00:00.0015720" startTime="2024-01-09T15:45:03.5762478+01:00" endTime="2024-01-09T15:45:03.5762478+01:00" testType="13cdc9d9-ddb5-4fa4-a97d-d965ccfc6d4b" outcome="Passed" testListId="8c84fa94-04c1-424b-9868-57a2d4851a1d" relativeResultsDirectory="49bcf802-ecb1-4d3e-9797-eae3818fb24e" />
    <UnitTestResult executionId="952f792e-8aa7-4ad1-8fd2-db8b6b0a7652" testId="bfd791d4-3818-9f2c-b28d-53bbc42d1573" testName="AddFilterValue_NonExistingValue_NullFilter_Throws" computerName="DKSR-EFI-06" duration="00:00:00.0210203" startTime="2024-01-09T15:44:59.7950029+01:00" endTime="2024-01-09T15:44:59.8262537+01:00" testType="13cdc9d9-ddb5-4fa4-a97d-d965ccfc6d4b" outcome="Passed" testListId="8c84fa94-04c1-424b-9868-57a2d4851a1d" relativeResultsDirectory="952f792e-8aa7-4ad1-8fd2-db8b6b0a7652" />
    <UnitTestResult executionId="f09eeb9b-2593-49fa-84a4-9befb8b508be" testId="e752e0ff-bfc6-c186-6be7-f4690c294e87" testName="VerticalAccuracy_ShouldThrowArgumentOfRange_WhenValueIsOutsideAcceptedRange" computerName="DKSR-EFI-06" duration="00:00:00.0009316" startTime="2024-01-09T15:45:03.0449938+01:00" endTime="2024-01-09T15:45:03.0449938+01:00" testType="13cdc9d9-ddb5-4fa4-a97d-d965ccfc6d4b" outcome="Passed" testListId="8c84fa94-04c1-424b-9868-57a2d4851a1d" relativeResultsDirectory="f09eeb9b-2593-49fa-84a4-9befb8b508be" />
    <UnitTestResult executionId="3495132e-9017-4319-a945-ece2e24ce951" testId="cf0c75b1-044e-c5b0-ba75-3be411bef17a" testName="OverlapsWith_ShouldReturnFalse_WhenArgumenStartTimeIsAfterEndTime" computerName="DKSR-EFI-06" duration="00:00:00.0003104" startTime="2024-01-09T15:44:43.8887071+01:00" endTime="2024-01-09T15:44:43.8887071+01:00" testType="13cdc9d9-ddb5-4fa4-a97d-d965ccfc6d4b" outcome="Passed" testListId="8c84fa94-04c1-424b-9868-57a2d4851a1d" relativeResultsDirectory="3495132e-9017-4319-a945-ece2e24ce951" />
    <UnitTestResult executionId="a6ece9c4-37dc-44ce-9fa3-a205b7a8ad53" testId="01bc0fde-c67c-6987-54c2-b9ed8c5df445" testName="ProvideValue_ShouldUseContentTemplate_WhenSelectedItemIsCustomItem" computerName="DKSR-EFI-06" duration="00:00:00.0016113" startTime="2024-01-09T15:44:58.0918734+01:00" endTime="2024-01-09T15:44:58.0918734+01:00" testType="13cdc9d9-ddb5-4fa4-a97d-d965ccfc6d4b" outcome="Passed" testListId="8c84fa94-04c1-424b-9868-57a2d4851a1d" relativeResultsDirectory="a6ece9c4-37dc-44ce-9fa3-a205b7a8ad53" />
    <UnitTestResult executionId="b8e108da-79f9-41a5-b594-66cc15e0aed6" testId="a3089784-5b87-5aa6-6c29-ce468fd5b9ef" testName="GenerateParameters_ShouldOmitQualityRange_WhenQualityRangeIsNull" computerName="DKSR-EFI-06" duration="00:00:00.0006350" startTime="2024-01-09T15:45:05.2012523+01:00" endTime="2024-01-09T15:45:05.2012523+01:00" testType="13cdc9d9-ddb5-4fa4-a97d-d965ccfc6d4b" outcome="Passed" testListId="8c84fa94-04c1-424b-9868-57a2d4851a1d" relativeResultsDirectory="b8e108da-79f9-41a5-b594-66cc15e0aed6" />
    <UnitTestResult executionId="bc7e40a9-df61-415f-af87-0f06fb6d65f4" testId="32fbd952-cf12-ae2b-c5d4-e7f80c991d18" testName="BuildOverlayWidthHeightAlarm_ShouldReturnCorrectSizedBitmap_WhenArgumentContainsObjectAndRule" computerName="DKSR-EFI-06" duration="00:00:00.0016565" startTime="2024-01-09T15:44:33.5761861+01:00" endTime="2024-01-09T15:44:33.5761861+01:00" testType="13cdc9d9-ddb5-4fa4-a97d-d965ccfc6d4b" outcome="Passed" testListId="8c84fa94-04c1-424b-9868-57a2d4851a1d" relativeResultsDirectory="bc7e40a9-df61-415f-af87-0f06fb6d65f4" />
    <UnitTestResult executionId="2257a87b-a69d-4984-9986-24f84b8736ab" testId="eb2478e2-607b-274e-dc5e-7e8aa422b888" testName="Get_KeyNotPresent_ReturnsNull" computerName="DKSR-EFI-06" duration="00:00:00.0017245" startTime="2024-01-09T15:44:44.0918322+01:00" endTime="2024-01-09T15:44:44.0918322+01:00" testType="13cdc9d9-ddb5-4fa4-a97d-d965ccfc6d4b" outcome="Passed" testListId="8c84fa94-04c1-424b-9868-57a2d4851a1d" relativeResultsDirectory="2257a87b-a69d-4984-9986-24f84b8736ab" />
    <UnitTestResult executionId="0eeb2223-bda4-47b0-a621-981fac75de21" testId="b357ddf5-0643-7e7d-12aa-101fa59704c1" testName="IsEmptyValue_StringFilterValue_EmptyString_ReturnsTrue" computerName="DKSR-EFI-06" duration="00:00:00.0004117" startTime="2024-01-09T15:44:59.9981286+01:00" endTime="2024-01-09T15:45:00.0137563+01:00" testType="13cdc9d9-ddb5-4fa4-a97d-d965ccfc6d4b" outcome="Passed" testListId="8c84fa94-04c1-424b-9868-57a2d4851a1d" relativeResultsDirectory="0eeb2223-bda4-47b0-a621-981fac75de21" />
    <UnitTestResult executionId="859c185f-264e-473e-ad13-405de6141e12" testId="03478619-c09b-a567-26eb-276c25d533f6" testName="ReadXml_ShouldLogWarningOnlyOnceWithinOneMinute_WhenRequiredAttributeIsMissing" computerName="DKSR-EFI-06" duration="00:00:00.0011244" startTime="2024-01-09T15:45:03.6387482+01:00" endTime="2024-01-09T15:45:03.6387482+01:00" testType="13cdc9d9-ddb5-4fa4-a97d-d965ccfc6d4b" outcome="Passed" testListId="8c84fa94-04c1-424b-9868-57a2d4851a1d" relativeResultsDirectory="859c185f-264e-473e-ad13-405de6141e12" />
    <UnitTestResult executionId="7e028dec-68bd-4d17-927c-8eed59544874" testId="e4c24bc9-2414-541c-9971-01e696ad9e3b" testName="Ctor_NoStandardFilters_Success" computerName="DKSR-EFI-06" duration="00:00:00.0004621" startTime="2024-01-09T15:45:01.4356182+01:00" endTime="2024-01-09T15:45:01.4356182+01:00" testType="13cdc9d9-ddb5-4fa4-a97d-d965ccfc6d4b" outcome="Passed" testListId="8c84fa94-04c1-424b-9868-57a2d4851a1d" relativeResultsDirectory="7e028dec-68bd-4d17-927c-8eed59544874" />
    <UnitTestResult executionId="098b495b-ebae-4827-98d3-46b6bdc17ab8" testId="32b5e401-b422-8929-2a74-c85e3600dd70" testName="Serialize_TestCases (TestParentTypeMatchDecimalThisTypeNotMatched)" computerName="DKSR-EFI-06" duration="00:00:00.0003141" startTime="2024-01-09T15:44:59.4825011+01:00" endTime="2024-01-09T15:44:59.4825011+01:00" testType="13cdc9d9-ddb5-4fa4-a97d-d965ccfc6d4b" outcome="Passed" testListId="8c84fa94-04c1-424b-9868-57a2d4851a1d" relativeResultsDirectory="098b495b-ebae-4827-98d3-46b6bdc17ab8" />
    <UnitTestResult executionId="1f51017f-ef6a-445c-a9ce-253b11afce2d" testId="871f6ec2-6973-6f3c-2bf4-5a51a50a4cf2" testName="GetParent_NoServerId_Check" computerName="DKSR-EFI-06" duration="00:00:00.0124065" startTime="2024-01-09T15:44:30.4043129+01:00" endTime="2024-01-09T15:44:30.4043129+01:00" testType="13cdc9d9-ddb5-4fa4-a97d-d965ccfc6d4b" outcome="Passed" testListId="8c84fa94-04c1-424b-9868-57a2d4851a1d" relativeResultsDirectory="1f51017f-ef6a-445c-a9ce-253b11afce2d" />
    <UnitTestResult executionId="6e392140-a8a5-42c5-90ce-b025fa3692a4" testId="0a158be2-3d0e-91be-dc79-b834318d6106" testName="Populate_SearchTextSet_ItemsFound_False" computerName="DKSR-EFI-06" duration="00:00:00.0373139" startTime="2024-01-09T15:44:56.4356175+01:00" endTime="2024-01-09T15:44:56.4824911+01:00" testType="13cdc9d9-ddb5-4fa4-a97d-d965ccfc6d4b" outcome="Passed" testListId="8c84fa94-04c1-424b-9868-57a2d4851a1d" relativeResultsDirectory="6e392140-a8a5-42c5-90ce-b025fa3692a4" />
    <UnitTestResult executionId="9e21687a-64cb-4773-8c77-9264ff5a6ba8" testId="b15b4f4f-c7f5-4ee9-5c26-ea40d9596988" testName="Serialize_TestCases (TestParentTypeMatchCollectionThisTypeMatched)" computerName="DKSR-EFI-06" duration="00:00:00.0002576" startTime="2024-01-09T15:44:59.5606267+01:00" endTime="2024-01-09T15:44:59.5606267+01:00" testType="13cdc9d9-ddb5-4fa4-a97d-d965ccfc6d4b" outcome="Passed" testListId="8c84fa94-04c1-424b-9868-57a2d4851a1d" relativeResultsDirectory="9e21687a-64cb-4773-8c77-9264ff5a6ba8" />
    <UnitTestResult executionId="05305d23-6361-47d1-ab6d-34b19c57d4b2" testId="6b9e5408-4e04-a559-173d-978d8c871a1a" testName="WriteXml_ShouldOmitElements_WhenTheyAreNull" computerName="DKSR-EFI-06" duration="00:00:00.0006095" startTime="2024-01-09T15:45:03.4981209+01:00" endTime="2024-01-09T15:45:03.4981209+01:00" testType="13cdc9d9-ddb5-4fa4-a97d-d965ccfc6d4b" outcome="Passed" testListId="8c84fa94-04c1-424b-9868-57a2d4851a1d" relativeResultsDirectory="05305d23-6361-47d1-ab6d-34b19c57d4b2" />
    <UnitTestResult executionId="da548700-f969-467c-919e-5048a578412e" testId="8a93c35e-4228-1fba-033f-24c13305aa44" testName="Serialize_ShouldHandleCollectionFilter_WhenMatchingCollectionTypeAndItMatches" computerName="DKSR-EFI-06" duration="00:00:00.0038073" startTime="2024-01-09T15:44:59.6700032+01:00" endTime="2024-01-09T15:44:59.6856273+01:00" testType="13cdc9d9-ddb5-4fa4-a97d-d965ccfc6d4b" outcome="Passed" testListId="8c84fa94-04c1-424b-9868-57a2d4851a1d" relativeResultsDirectory="da548700-f969-467c-919e-5048a578412e" />
    <UnitTestResult executionId="dd8a9087-6897-4d12-b0ad-be3309f06f6b" testId="25843545-ef80-11aa-4565-6026ffae4df6" testName="WriteXml_ShouldWriteAllFrames_WhenThereAreMultipleFramesPresent" computerName="DKSR-EFI-06" duration="00:00:00.0007131" startTime="2024-01-09T15:45:03.7012492+01:00" endTime="2024-01-09T15:45:03.7012492+01:00" testType="13cdc9d9-ddb5-4fa4-a97d-d965ccfc6d4b" outcome="Passed" testListId="8c84fa94-04c1-424b-9868-57a2d4851a1d" relativeResultsDirectory="dd8a9087-6897-4d12-b0ad-be3309f06f6b" />
    <UnitTestResult executionId="a62f68de-3ec5-49c7-b2ac-437d60321827" testId="7e3c3908-f70c-8d41-e8fe-866ddfe5a4bc" testName="CreateSearchFilterEditControl_MultiplePlugins_Success" computerName="DKSR-EFI-06" duration="00:00:00.0032246" startTime="2024-01-09T15:45:01.2012440+01:00" endTime="2024-01-09T15:45:01.2168662+01:00" testType="13cdc9d9-ddb5-4fa4-a97d-d965ccfc6d4b" outcome="Passed" testListId="8c84fa94-04c1-424b-9868-57a2d4851a1d" relativeResultsDirectory="a62f68de-3ec5-49c7-b2ac-437d60321827" />
    <UnitTestResult executionId="af4509a6-e7e5-4029-969b-99a7f0425370" testId="8f08ea31-2511-c2ee-1c5b-8c8ed224c8f7" testName="ReadXml_ShouldLogWarningOnlyOnceWithinOneMinute_WhenIncompleteTranslateIsPresent" computerName="DKSR-EFI-06" duration="00:00:00.0015327" startTime="2024-01-09T15:45:03.5606235+01:00" endTime="2024-01-09T15:45:03.5762478+01:00" testType="13cdc9d9-ddb5-4fa4-a97d-d965ccfc6d4b" outcome="Passed" testListId="8c84fa94-04c1-424b-9868-57a2d4851a1d" relativeResultsDirectory="af4509a6-e7e5-4029-969b-99a7f0425370" />
    <UnitTestResult executionId="b608c2a8-ab16-4a3e-a06b-9af04b17eece" testId="09121af1-86de-0b56-a5ac-7cfa89066de2" testName="Serialize_TestCases (TestParentTypeMatchInterfaceNotThisTypeNotMatched)" computerName="DKSR-EFI-06" duration="00:00:00.0007777" startTime="2024-01-09T15:44:59.5918785+01:00" endTime="2024-01-09T15:44:59.5918785+01:00" testType="13cdc9d9-ddb5-4fa4-a97d-d965ccfc6d4b" outcome="Passed" testListId="8c84fa94-04c1-424b-9868-57a2d4851a1d" relativeResultsDirectory="b608c2a8-ab16-4a3e-a06b-9af04b17eece" />
    <UnitTestResult executionId="f493db46-4a03-4d04-8ed5-acf84f16f629" testId="5d3b9f28-5b7f-774a-d114-babb2f2f6cd2" testName="WriteXml_ShouldWriteFontFamiliyAttribute_WhenPresent" computerName="DKSR-EFI-06" duration="00:00:00.0003118" startTime="2024-01-09T15:45:02.6387449+01:00" endTime="2024-01-09T15:45:02.6387449+01:00" testType="13cdc9d9-ddb5-4fa4-a97d-d965ccfc6d4b" outcome="Passed" testListId="8c84fa94-04c1-424b-9868-57a2d4851a1d" relativeResultsDirectory="f493db46-4a03-4d04-8ed5-acf84f16f629" />
    <UnitTestResult executionId="da89dc4e-976f-40e8-9b41-49f9674fc373" testId="62e0da8f-3c56-f977-affd-e0b646a454d7" testName="Append_Element_KeyValueInt" computerName="DKSR-EFI-06" duration="00:00:00.0001518" startTime="2024-01-09T15:45:01.6074910+01:00" endTime="2024-01-09T15:45:01.6074910+01:00" testType="13cdc9d9-ddb5-4fa4-a97d-d965ccfc6d4b" outcome="Passed" testListId="8c84fa94-04c1-424b-9868-57a2d4851a1d" relativeResultsDirectory="da89dc4e-976f-40e8-9b41-49f9674fc373" />
    <UnitTestResult executionId="7d39f0a0-8e2a-43d0-9a4b-6fae079a411a" testId="5a81ef7d-e348-ad91-56ea-2f873a9d2e52" testName="ReadXml_ShouldReadObjectContents_WhenObjectIsPresent" computerName="DKSR-EFI-06" duration="00:00:00.0016930" startTime="2024-01-09T15:45:02.7168695+01:00" endTime="2024-01-09T15:45:02.7168695+01:00" testType="13cdc9d9-ddb5-4fa4-a97d-d965ccfc6d4b" outcome="Passed" testListId="8c84fa94-04c1-424b-9868-57a2d4851a1d" relativeResultsDirectory="7d39f0a0-8e2a-43d0-9a4b-6fae079a411a" />
    <UnitTestResult executionId="9d1792b6-7029-41dc-8c74-dacbc55956f4" testId="08cc126a-cc1a-5bd0-28c8-0e116736d384" testName="ToString_WithTypeAndNull" computerName="DKSR-EFI-06" duration="00:00:00.0002305" startTime="2024-01-09T15:45:03.9512487+01:00" endTime="2024-01-09T15:45:03.9512487+01:00" testType="13cdc9d9-ddb5-4fa4-a97d-d965ccfc6d4b" outcome="Passed" testListId="8c84fa94-04c1-424b-9868-57a2d4851a1d" relativeResultsDirectory="9d1792b6-7029-41dc-8c74-dacbc55956f4" />
    <UnitTestResult executionId="c2dc273f-5228-458f-a809-9864870ac263" testId="fb06ac1d-f4a6-d9b4-8722-be97dde4c78f" testName="Match_Success_SystemTypeStartMatch_Single" computerName="DKSR-EFI-06" duration="00:00:00.0003884" startTime="2024-01-09T15:45:03.9199986+01:00" endTime="2024-01-09T15:45:03.9199986+01:00" testType="13cdc9d9-ddb5-4fa4-a97d-d965ccfc6d4b" outcome="Passed" testListId="8c84fa94-04c1-424b-9868-57a2d4851a1d" relativeResultsDirectory="c2dc273f-5228-458f-a809-9864870ac263" />
    <UnitTestResult executionId="4f148b2e-f0e3-4744-82d0-bf55cf8076e0" testId="eb170641-3426-e971-0f6b-76c99ea56069" testName="Serialize_TestCases (TestParentTypeMatchEnumThisTypeNotMatched)" computerName="DKSR-EFI-06" duration="00:00:00.0003514" startTime="2024-01-09T15:44:59.4981266+01:00" endTime="2024-01-09T15:44:59.4981266+01:00" testType="13cdc9d9-ddb5-4fa4-a97d-d965ccfc6d4b" outcome="Passed" testListId="8c84fa94-04c1-424b-9868-57a2d4851a1d" relativeResultsDirectory="4f148b2e-f0e3-4744-82d0-bf55cf8076e0" />
    <UnitTestResult executionId="4a338c48-6e5a-4015-bcd8-d1e4069ff75e" testId="d289ff8a-f589-cd43-96ee-801082b894b3" testName="Remove_NullKey_Throws" computerName="DKSR-EFI-06" duration="00:00:00.0006803" startTime="2024-01-09T15:44:44.1074572+01:00" endTime="2024-01-09T15:44:44.1074572+01:00" testType="13cdc9d9-ddb5-4fa4-a97d-d965ccfc6d4b" outcome="Passed" testListId="8c84fa94-04c1-424b-9868-57a2d4851a1d" relativeResultsDirectory="4a338c48-6e5a-4015-bcd8-d1e4069ff75e" />
    <UnitTestResult executionId="2c468d35-f94a-4524-b9f0-42162924fed6" testId="6e4090e6-94bd-7c50-aeb3-2559b9307fcd" testName="Construct3_And_Field_Check" computerName="DKSR-EFI-06" duration="00:00:00.0137595" startTime="2024-01-09T15:44:30.1074347+01:00" endTime="2024-01-09T15:44:30.1230648+01:00" testType="13cdc9d9-ddb5-4fa4-a97d-d965ccfc6d4b" outcome="Passed" testListId="8c84fa94-04c1-424b-9868-57a2d4851a1d" relativeResultsDirectory="2c468d35-f94a-4524-b9f0-42162924fed6" />
    <UnitTestResult executionId="8099e031-6eb2-4db6-b5ad-f1ff2f5e9295" testId="ab352261-f7fb-4de5-d0ab-b3696dc3f865" testName="WriteXml_ShouldWriteRemovedElementBeforeIdleElement_WhenBothAreSet" computerName="DKSR-EFI-06" duration="00:00:00.0004208" startTime="2024-01-09T15:45:02.4200335+01:00" endTime="2024-01-09T15:45:02.4200335+01:00" testType="13cdc9d9-ddb5-4fa4-a97d-d965ccfc6d4b" outcome="Passed" testListId="8c84fa94-04c1-424b-9868-57a2d4851a1d" relativeResultsDirectory="8099e031-6eb2-4db6-b5ad-f1ff2f5e9295" />
    <UnitTestResult executionId="4558f5ba-903b-4de3-8dd5-6359d1e6f0fb" testId="c1ccc07e-0232-8793-44eb-68dba00ee95d" testName="GenerateTypeDefinintionParameters_ShouldWriteName_WhenAlways" computerName="DKSR-EFI-06" duration="00:00:00.0009023" startTime="2024-01-09T15:45:05.8106267+01:00" endTime="2024-01-09T15:45:05.8106267+01:00" testType="13cdc9d9-ddb5-4fa4-a97d-d965ccfc6d4b" outcome="Passed" testListId="8c84fa94-04c1-424b-9868-57a2d4851a1d" relativeResultsDirectory="4558f5ba-903b-4de3-8dd5-6359d1e6f0fb" />
    <UnitTestResult executionId="3cab02a7-aba0-403d-9776-4626bed80d25" testId="bb7fb76c-e069-4fd0-bdf8-cc43e62b4ee4" testName="IsValidSelectionCallback_ReturnsTrue_ItemSelected" computerName="DKSR-EFI-06" duration="00:00:00.0011412" startTime="2024-01-09T15:44:55.4512389+01:00" endTime="2024-01-09T15:44:55.4668629+01:00" testType="13cdc9d9-ddb5-4fa4-a97d-d965ccfc6d4b" outcome="Passed" testListId="8c84fa94-04c1-424b-9868-57a2d4851a1d" relativeResultsDirectory="3cab02a7-aba0-403d-9776-4626bed80d25" />
    <UnitTestResult executionId="ca26f627-c344-436e-b719-28632f630621" testId="301bb053-2669-b626-aada-e5ec26552701" testName="ReadXml_ShouldLogWarningTwiceWhenMoreThanOneMinuteBetweenWarnings_WhenRequiredAttributeIsMissing" computerName="DKSR-EFI-06" duration="00:00:00.0022335" startTime="2024-01-09T15:45:03.4043712+01:00" endTime="2024-01-09T15:45:03.4043712+01:00" testType="13cdc9d9-ddb5-4fa4-a97d-d965ccfc6d4b" outcome="Passed" testListId="8c84fa94-04c1-424b-9868-57a2d4851a1d" relativeResultsDirectory="ca26f627-c344-436e-b719-28632f630621" />
    <UnitTestResult executionId="c353b673-cba7-415f-a56f-c7f43c5df2a1" testId="b5787dfc-a6ff-a360-1b42-6d6dc7b8eb31" testName="Serialize_TestCases (TestParentTypeMatchDoubleThisTypeNotMatched)" computerName="DKSR-EFI-06" duration="00:00:00.0003118" startTime="2024-01-09T15:44:59.4668772+01:00" endTime="2024-01-09T15:44:59.4668772+01:00" testType="13cdc9d9-ddb5-4fa4-a97d-d965ccfc6d4b" outcome="Passed" testListId="8c84fa94-04c1-424b-9868-57a2d4851a1d" relativeResultsDirectory="c353b673-cba7-415f-a56f-c7f43c5df2a1" />
    <UnitTestResult executionId="37acaff1-6c7d-4691-b394-e40103756571" testId="b239663f-1e50-f69c-66e6-3b0384771bf2" testName="Serialize_TestCases (TestParentTypeMatchIntThisTypeNotMatched)" computerName="DKSR-EFI-06" duration="00:00:00.0003849" startTime="2024-01-09T15:44:59.4668772+01:00" endTime="2024-01-09T15:44:59.4668772+01:00" testType="13cdc9d9-ddb5-4fa4-a97d-d965ccfc6d4b" outcome="Passed" testListId="8c84fa94-04c1-424b-9868-57a2d4851a1d" relativeResultsDirectory="37acaff1-6c7d-4691-b394-e40103756571" />
    <UnitTestResult executionId="914fa68c-0353-43cb-b6f4-1d7f6505da61" testId="5789951e-05f9-80ac-4d0e-916299b6afb4" testName="Serialize_TestCases (TestParentTypeMatchGenericNotThisTypeNotMatched)" computerName="DKSR-EFI-06" duration="00:00:00.0032570" startTime="2024-01-09T15:44:59.6387539+01:00" endTime="2024-01-09T15:44:59.6387539+01:00" testType="13cdc9d9-ddb5-4fa4-a97d-d965ccfc6d4b" outcome="Passed" testListId="8c84fa94-04c1-424b-9868-57a2d4851a1d" relativeResultsDirectory="914fa68c-0353-43cb-b6f4-1d7f6505da61" />
    <UnitTestResult executionId="35b6cbd9-e1a3-4426-86bb-c46d0ab91e76" testId="392352ae-d647-e68a-124a-33d5232e7f11" testName="SearchResultData_EndTime_Success" computerName="DKSR-EFI-06" duration="00:00:00.0002359" startTime="2024-01-09T15:45:00.7950067+01:00" endTime="2024-01-09T15:45:00.7950067+01:00" testType="13cdc9d9-ddb5-4fa4-a97d-d965ccfc6d4b" outcome="Passed" testListId="8c84fa94-04c1-424b-9868-57a2d4851a1d" relativeResultsDirectory="35b6cbd9-e1a3-4426-86bb-c46d0ab91e76" />
    <UnitTestResult executionId="6529bc2c-9cf9-4d72-9a6e-b5272cb94e01" testId="3d785457-9ab7-7088-1cc3-dd4fad28665b" testName="Parse_Int_Invalid_end" computerName="DKSR-EFI-06" duration="00:00:00.0005622" startTime="2024-01-09T15:45:01.7637791+01:00" endTime="2024-01-09T15:45:01.7637791+01:00" testType="13cdc9d9-ddb5-4fa4-a97d-d965ccfc6d4b" outcome="Passed" testListId="8c84fa94-04c1-424b-9868-57a2d4851a1d" relativeResultsDirectory="6529bc2c-9cf9-4d72-9a6e-b5272cb94e01" />
    <UnitTestResult executionId="c62e0e8b-63f3-4fb5-acc7-aee3ad77668e" testId="53422728-4202-db44-815d-fc4c107ae306" testName="Enabled_Clean_Properties_success" computerName="DKSR-EFI-06" duration="00:00:00.0331994" startTime="2024-01-09T15:44:31.7168122+01:00" endTime="2024-01-09T15:44:31.7480620+01:00" testType="13cdc9d9-ddb5-4fa4-a97d-d965ccfc6d4b" outcome="Passed" testListId="8c84fa94-04c1-424b-9868-57a2d4851a1d" relativeResultsDirectory="c62e0e8b-63f3-4fb5-acc7-aee3ad77668e" />
    <UnitTestResult executionId="996daca3-66a0-438a-b951-dbe2545f9790" testId="d78ddc2b-307f-bc26-2b15-e79e8f94ce76" testName="ReadXml_ShouldIgnoreRemovedChildren_WhenAlways" computerName="DKSR-EFI-06" duration="00:00:00.0003783" startTime="2024-01-09T15:45:02.3887446+01:00" endTime="2024-01-09T15:45:02.3887446+01:00" testType="13cdc9d9-ddb5-4fa4-a97d-d965ccfc6d4b" outcome="Passed" testListId="8c84fa94-04c1-424b-9868-57a2d4851a1d" relativeResultsDirectory="996daca3-66a0-438a-b951-dbe2545f9790" />
    <UnitTestResult executionId="c21e9b98-164c-4c7b-859f-2dc2d21ce34a" testId="24a8c25f-b1c2-eba6-82b4-72c1adc9ee27" testName="BuildOverlayWidthHeightAlarm_ShouldReturnCorrectSizedBitmap_WhenArgumentContainsNoObjectAndRule" computerName="DKSR-EFI-06" duration="00:00:00.0014506" startTime="2024-01-09T15:44:33.5761861+01:00" endTime="2024-01-09T15:44:33.5761861+01:00" testType="13cdc9d9-ddb5-4fa4-a97d-d965ccfc6d4b" outcome="Passed" testListId="8c84fa94-04c1-424b-9868-57a2d4851a1d" relativeResultsDirectory="c21e9b98-164c-4c7b-859f-2dc2d21ce34a" />
    <UnitTestResult executionId="2c3878ef-f235-499d-afa1-c9063fc605c5" testId="4869fcc0-9c89-53f1-f0e6-6ac4c4ca00cc" testName="GetItems_ShouldReturnList_WhenAllAdded" computerName="DKSR-EFI-06" duration="00:00:00.0018656" startTime="2024-01-09T15:44:33.7480588+01:00" endTime="2024-01-09T15:44:33.7480588+01:00" testType="13cdc9d9-ddb5-4fa4-a97d-d965ccfc6d4b" outcome="Passed" testListId="8c84fa94-04c1-424b-9868-57a2d4851a1d" relativeResultsDirectory="2c3878ef-f235-499d-afa1-c9063fc605c5" />
    <UnitTestResult executionId="bdd0b0a0-1069-4e26-a2bf-5c0304ae9627" testId="9fe60fa0-7d32-eb9d-1e44-3be02241d2db" testName="WriteXml_ShouldOmitBehaviourElement_WhenBehaviourIsNotNullAndWithoutBehaviour" computerName="DKSR-EFI-06" duration="00:00:00.0006360" startTime="2024-01-09T15:45:03.2324980+01:00" endTime="2024-01-09T15:45:03.2324980+01:00" testType="13cdc9d9-ddb5-4fa4-a97d-d965ccfc6d4b" outcome="Passed" testListId="8c84fa94-04c1-424b-9868-57a2d4851a1d" relativeResultsDirectory="bdd0b0a0-1069-4e26-a2bf-5c0304ae9627" />
    <UnitTestResult executionId="71b44ab5-7139-4966-a2b3-940940e82d97" testId="dd9bb228-d729-118d-1416-75302d26e796" testName="GetNextDateTime_ShouldReturnFirstDataEntityFromSecondToolkitCall_WhenDateIsBeforeFirstCachedValue" computerName="DKSR-EFI-06" duration="00:00:00.0024843" startTime="2024-01-09T15:45:05.6543755+01:00" endTime="2024-01-09T15:45:05.6543755+01:00" testType="13cdc9d9-ddb5-4fa4-a97d-d965ccfc6d4b" outcome="Passed" testListId="8c84fa94-04c1-424b-9868-57a2d4851a1d" relativeResultsDirectory="71b44ab5-7139-4966-a2b3-940940e82d97" />
    <UnitTestResult executionId="bf83173f-6a07-41dd-80b9-ac7dcb963dd6" testId="cb701829-9c23-dcf0-e438-8208a51f3dd4" testName="GenerateParameters_ShouldWriteCodecListWithAllGivenCodecs_WhenCodecSetHasEntries" computerName="DKSR-EFI-06" duration="00:00:00.0038883" startTime="2024-01-09T15:45:05.1543756+01:00" endTime="2024-01-09T15:45:05.1543756+01:00" testType="13cdc9d9-ddb5-4fa4-a97d-d965ccfc6d4b" outcome="Passed" testListId="8c84fa94-04c1-424b-9868-57a2d4851a1d" relativeResultsDirectory="bf83173f-6a07-41dd-80b9-ac7dcb963dd6" />
    <UnitTestResult executionId="3e7bded8-12e3-40e8-81a4-389fe85e6d7d" testId="67b41555-668e-a38b-443d-e1d215565a3e" testName="LicensesObjectId_ShouldNotChange" computerName="DKSR-EFI-06" duration="00:00:00.0019373" startTime="2024-01-09T15:45:04.7949992+01:00" endTime="2024-01-09T15:45:04.7949992+01:00" testType="13cdc9d9-ddb5-4fa4-a97d-d965ccfc6d4b" outcome="Passed" testListId="8c84fa94-04c1-424b-9868-57a2d4851a1d" relativeResultsDirectory="3e7bded8-12e3-40e8-81a4-389fe85e6d7d" />
    <UnitTestResult executionId="4652f744-00e0-4d59-9e3e-ed39f7e47f78" testId="d430b74b-fb63-d6ac-57a1-5a6c439392cf" testName="Ctor_OneCustomFilter_Success" computerName="DKSR-EFI-06" duration="00:00:00.0003311" startTime="2024-01-09T15:45:01.5137420+01:00" endTime="2024-01-09T15:45:01.5137420+01:00" testType="13cdc9d9-ddb5-4fa4-a97d-d965ccfc6d4b" outcome="Passed" testListId="8c84fa94-04c1-424b-9868-57a2d4851a1d" relativeResultsDirectory="4652f744-00e0-4d59-9e3e-ed39f7e47f78" />
    <UnitTestResult executionId="bcad8f36-5594-4d04-9771-b2638e65b8f2" testId="d4fbe30b-c3a5-9110-1c8a-b21accc6c6ad" testName="GetMIPItem_Success" computerName="DKSR-EFI-06" duration="00:00:00.0207468" startTime="2024-01-09T15:45:01.9668680+01:00" endTime="2024-01-09T15:45:01.9824922+01:00" testType="13cdc9d9-ddb5-4fa4-a97d-d965ccfc6d4b" outcome="Passed" testListId="8c84fa94-04c1-424b-9868-57a2d4851a1d" relativeResultsDirectory="bcad8f36-5594-4d04-9771-b2638e65b8f2" />
    <UnitTestResult executionId="bfbd267e-0332-4f06-8d4b-8266506e3299" testId="3a583449-4deb-358f-f880-2478ec9ff18a" testName="GetColorFilterValues_MultiSelection_Success" computerName="DKSR-EFI-06" duration="00:00:00.0008050" startTime="2024-01-09T15:45:01.5606180+01:00" endTime="2024-01-09T15:45:01.5606180+01:00" testType="13cdc9d9-ddb5-4fa4-a97d-d965ccfc6d4b" outcome="Passed" testListId="8c84fa94-04c1-424b-9868-57a2d4851a1d" relativeResultsDirectory="bfbd267e-0332-4f06-8d4b-8266506e3299" />
    <UnitTestResult executionId="71d889ff-9762-4482-a0dd-a19485ed4a00" testId="b5bea1ce-3302-3d5c-c970-5439c8ce2d20" testName="Minimize_ShouldReturnOneInterval_WhenListContainsTwoOverlappingIntervalsAndOneIncludesTheOtherReversed" computerName="DKSR-EFI-06" duration="00:00:00.0005418" startTime="2024-01-09T15:44:43.9512082+01:00" endTime="2024-01-09T15:44:43.9512082+01:00" testType="13cdc9d9-ddb5-4fa4-a97d-d965ccfc6d4b" outcome="Passed" testListId="8c84fa94-04c1-424b-9868-57a2d4851a1d" relativeResultsDirectory="71d889ff-9762-4482-a0dd-a19485ed4a00" />
    <UnitTestResult executionId="8e64461f-4a89-4737-ad8c-1160fb9891b9" testId="679fa446-5363-b4de-5431-4cdafa751f6b" testName="TestConstructor_MessageParametersAsWarning_Success" computerName="DKSR-EFI-06" duration="00:00:00.0002403" startTime="2024-01-09T15:45:01.5606180+01:00" endTime="2024-01-09T15:45:01.5606180+01:00" testType="13cdc9d9-ddb5-4fa4-a97d-d965ccfc6d4b" outcome="Passed" testListId="8c84fa94-04c1-424b-9868-57a2d4851a1d" relativeResultsDirectory="8e64461f-4a89-4737-ad8c-1160fb9891b9" />
    <UnitTestResult executionId="b142b4cd-429d-4a0f-b874-203c05c4c6d3" testId="7487e89c-78f3-9567-7976-60fdef3ca987" testName="ReadXml_ShouldLogWarning_WhenBoundingBoxIsMissing" computerName="DKSR-EFI-06" duration="00:00:00.0013498" startTime="2024-01-09T15:45:03.4668723+01:00" endTime="2024-01-09T15:45:03.4668723+01:00" testType="13cdc9d9-ddb5-4fa4-a97d-d965ccfc6d4b" outcome="Passed" testListId="8c84fa94-04c1-424b-9868-57a2d4851a1d" relativeResultsDirectory="b142b4cd-429d-4a0f-b874-203c05c4c6d3" />
    <UnitTestResult executionId="d2f04af6-51f1-4f73-815f-5a8b7e75f10c" testId="0a92ab9e-a0ef-5666-6bfc-bca43af1a11e" testName="GetClientAsync_NotStartsClient_AfterFirstCall" computerName="DKSR-EFI-06" duration="00:00:00.0084322" startTime="2024-01-09T15:45:03.9981228+01:00" endTime="2024-01-09T15:45:04.0137482+01:00" testType="13cdc9d9-ddb5-4fa4-a97d-d965ccfc6d4b" outcome="Passed" testListId="8c84fa94-04c1-424b-9868-57a2d4851a1d" relativeResultsDirectory="d2f04af6-51f1-4f73-815f-5a8b7e75f10c" />
    <UnitTestResult executionId="cb69e4eb-cd51-4056-b9da-8075cf539880" testId="c475df53-8f1e-79fe-20e9-fd298525b9b9" testName="WriteXml_ShouldWriteOnvifClassContents_WhenClassIsNotNull" computerName="DKSR-EFI-06" duration="00:00:00.0012347" startTime="2024-01-09T15:45:02.3418673+01:00" endTime="2024-01-09T15:45:02.3418673+01:00" testType="13cdc9d9-ddb5-4fa4-a97d-d965ccfc6d4b" outcome="Passed" testListId="8c84fa94-04c1-424b-9868-57a2d4851a1d" relativeResultsDirectory="cb69e4eb-cd51-4056-b9da-8075cf539880" />
    <UnitTestResult executionId="0c7669d0-d647-4dc3-bc49-d27ce82c1e19" testId="32e1fb9e-8eb8-101c-f28a-073547e7fa1e" testName="WriteXml_ShouldWriteUtcTimeAttribute_WhenAlways" computerName="DKSR-EFI-06" duration="00:00:00.0017324" startTime="2024-01-09T15:45:02.7324946+01:00" endTime="2024-01-09T15:45:02.7324946+01:00" testType="13cdc9d9-ddb5-4fa4-a97d-d965ccfc6d4b" outcome="Passed" testListId="8c84fa94-04c1-424b-9868-57a2d4851a1d" relativeResultsDirectory="0c7669d0-d647-4dc3-bc49-d27ce82c1e19" />
    <UnitTestResult executionId="76848766-775e-4480-8798-2353a5f3a4d4" testId="fc1fc2c4-ffdf-b544-ce27-92bf115fe30b" testName="Items_EmptyList_TreeviewEmpty" computerName="DKSR-EFI-06" duration="00:00:00.0374304" startTime="2024-01-09T15:44:55.3577191+01:00" endTime="2024-01-09T15:44:55.4043620+01:00" testType="13cdc9d9-ddb5-4fa4-a97d-d965ccfc6d4b" outcome="Passed" testListId="8c84fa94-04c1-424b-9868-57a2d4851a1d" relativeResultsDirectory="76848766-775e-4480-8798-2353a5f3a4d4" />
    <UnitTestResult executionId="eb44f6e5-9324-4dfe-aaaa-c9706cc5c819" testId="79bbf345-4c1f-d3ec-6206-5d160bd2b4aa" testName="WriteXml_ShouldWriteCenterOfGravityContents_WhenCenterOfGravityIsNotNull" computerName="DKSR-EFI-06" duration="00:00:00.0010419" startTime="2024-01-09T15:45:03.5137488+01:00" endTime="2024-01-09T15:45:03.5137488+01:00" testType="13cdc9d9-ddb5-4fa4-a97d-d965ccfc6d4b" outcome="Passed" testListId="8c84fa94-04c1-424b-9868-57a2d4851a1d" relativeResultsDirectory="eb44f6e5-9324-4dfe-aaaa-c9706cc5c819" />
    <UnitTestResult executionId="3ee8bbc9-93c0-404d-bdcd-bd53dec79244" testId="67c0ea39-eacf-68a7-bc2c-66d2ee840cfb" testName="ToJson_ListElement_Array_Exception" computerName="DKSR-EFI-06" duration="00:00:00.0005430" startTime="2024-01-09T15:45:01.8418682+01:00" endTime="2024-01-09T15:45:01.8418682+01:00" testType="13cdc9d9-ddb5-4fa4-a97d-d965ccfc6d4b" outcome="Passed" testListId="8c84fa94-04c1-424b-9868-57a2d4851a1d" relativeResultsDirectory="3ee8bbc9-93c0-404d-bdcd-bd53dec79244" />
    <UnitTestResult executionId="2a6f3f34-c34d-49cb-aed3-a670f82abc42" testId="f7581027-c1a4-443d-888a-b124436b90b1" testName="ReadXml_ShouldIgnoreTransformation_WhenTransformationIsPresenWithWrongNamespace" computerName="DKSR-EFI-06" duration="00:00:00.0003151" startTime="2024-01-09T15:45:02.7012453+01:00" endTime="2024-01-09T15:45:02.7012453+01:00" testType="13cdc9d9-ddb5-4fa4-a97d-d965ccfc6d4b" outcome="Passed" testListId="8c84fa94-04c1-424b-9868-57a2d4851a1d" relativeResultsDirectory="2a6f3f34-c34d-49cb-aed3-a670f82abc42" />
    <UnitTestResult executionId="1add5a75-56fe-4675-8fa2-b2d5e26f947b" testId="0f05d604-6e61-b82e-404f-e9831974b180" testName="UnloadedEvent_ShouldRemoveProxyManager_WhenRaisedOnFrameworkContentElement" computerName="DKSR-EFI-06" duration="00:00:00.0023013" startTime="2024-01-09T15:44:59.7637549+01:00" endTime="2024-01-09T15:44:59.7637549+01:00" testType="13cdc9d9-ddb5-4fa4-a97d-d965ccfc6d4b" outcome="Passed" testListId="8c84fa94-04c1-424b-9868-57a2d4851a1d" relativeResultsDirectory="1add5a75-56fe-4675-8fa2-b2d5e26f947b" />
    <UnitTestResult executionId="158e606c-97c0-4e10-88a5-04c68c1fd459" testId="4a238ba0-fcc0-32ec-05c8-4cb7401b273a" testName="GetFilterValuesT_SingleValueAdded_ReturnsValue" computerName="DKSR-EFI-06" duration="00:00:00.0025264" startTime="2024-01-09T15:44:59.9356285+01:00" endTime="2024-01-09T15:44:59.9356285+01:00" testType="13cdc9d9-ddb5-4fa4-a97d-d965ccfc6d4b" outcome="Passed" testListId="8c84fa94-04c1-424b-9868-57a2d4851a1d" relativeResultsDirectory="158e606c-97c0-4e10-88a5-04c68c1fd459" />
    <UnitTestResult executionId="51153be2-7c65-4192-aaf0-39269f028d5d" testId="e734e722-c897-0ccb-6f21-a044403c8cd2" testName="TestConstructor_Success" computerName="DKSR-EFI-06" duration="00:00:00.0003360" startTime="2024-01-09T15:45:01.5762419+01:00" endTime="2024-01-09T15:45:01.5918681+01:00" testType="13cdc9d9-ddb5-4fa4-a97d-d965ccfc6d4b" outcome="Passed" testListId="8c84fa94-04c1-424b-9868-57a2d4851a1d" relativeResultsDirectory="51153be2-7c65-4192-aaf0-39269f028d5d" />
    <UnitTestResult executionId="19cbc940-d986-4fc1-bfc7-234912d4c2f1" testId="01189ec3-4c33-3643-ad1a-50e739d11dfb" testName="TestStartSearch_MultipleSearchesOnSameDefinition_Success" computerName="DKSR-EFI-06" duration="00:00:00.0200890" startTime="2024-01-09T15:45:00.3731284+01:00" endTime="2024-01-09T15:45:00.4043819+01:00" testType="13cdc9d9-ddb5-4fa4-a97d-d965ccfc6d4b" outcome="Passed" testListId="8c84fa94-04c1-424b-9868-57a2d4851a1d" relativeResultsDirectory="19cbc940-d986-4fc1-bfc7-234912d4c2f1" />
    <UnitTestResult executionId="9314ee6c-1ba5-4e24-b208-b115379b01a3" testId="c199ff76-2997-edbd-0462-ba7539f412d3" testName="GetNearest_ShouldReturnNull_WhenTimestampIsBeforeFirstElement" computerName="DKSR-EFI-06" duration="00:00:00.0010044" startTime="2024-01-09T15:45:05.3887520+01:00" endTime="2024-01-09T15:45:05.3887520+01:00" testType="13cdc9d9-ddb5-4fa4-a97d-d965ccfc6d4b" outcome="Passed" testListId="8c84fa94-04c1-424b-9868-57a2d4851a1d" relativeResultsDirectory="9314ee6c-1ba5-4e24-b208-b115379b01a3" />
    <UnitTestResult executionId="2629eeb6-668b-4a09-8c42-a0ef868662dc" testId="5f559e43-4e08-7018-bc21-dc71856c4701" testName="WriteXml_ShouldOmitElements_WhenTheyAreNull" computerName="DKSR-EFI-06" duration="00:00:00.0069697" startTime="2024-01-09T15:45:02.3106203+01:00" endTime="2024-01-09T15:45:02.3106203+01:00" testType="13cdc9d9-ddb5-4fa4-a97d-d965ccfc6d4b" outcome="Passed" testListId="8c84fa94-04c1-424b-9868-57a2d4851a1d" relativeResultsDirectory="2629eeb6-668b-4a09-8c42-a0ef868662dc" />
    <UnitTestResult executionId="34c60639-c9b3-4e59-83ef-cf1051b649fd" testId="3f6286d5-3f69-a507-072d-04f3b3c184c5" testName="Equals_ShouldReturnTrue_WhenHostIsTextualLocalhostAndOtherHostIsDottedDecimalLocalHost" computerName="DKSR-EFI-06" duration="00:00:00.0003599" startTime="2024-01-09T15:44:32.2168100+01:00" endTime="2024-01-09T15:44:32.2324362+01:00" testType="13cdc9d9-ddb5-4fa4-a97d-d965ccfc6d4b" outcome="Passed" testListId="8c84fa94-04c1-424b-9868-57a2d4851a1d" relativeResultsDirectory="34c60639-c9b3-4e59-83ef-cf1051b649fd" />
    <UnitTestResult executionId="d8623ee1-1967-4029-b963-5be88513069e" testId="737a55e3-02b4-11ec-a502-8f24217ffca3" testName="Encrypt_ShouldReturnValueDifferentThanInput" computerName="DKSR-EFI-06" duration="00:00:00.0408126" startTime="2024-01-09T15:45:04.8887495+01:00" endTime="2024-01-09T15:45:04.9356253+01:00" testType="13cdc9d9-ddb5-4fa4-a97d-d965ccfc6d4b" outcome="Passed" testListId="8c84fa94-04c1-424b-9868-57a2d4851a1d" relativeResultsDirectory="d8623ee1-1967-4029-b963-5be88513069e" />
    <UnitTestResult executionId="7cdff6cd-080d-4bb8-94be-e6cf2518d509" testId="354ba800-9c3f-2483-ba05-53bf465653b1" testName="Serialize_TestCases (TestParentCollectionNotEmptyListMatchedProperty)" computerName="DKSR-EFI-06" duration="00:00:00.0005260" startTime="2024-01-09T15:44:59.6700032+01:00" endTime="2024-01-09T15:44:59.6700032+01:00" testType="13cdc9d9-ddb5-4fa4-a97d-d965ccfc6d4b" outcome="Passed" testListId="8c84fa94-04c1-424b-9868-57a2d4851a1d" relativeResultsDirectory="7cdff6cd-080d-4bb8-94be-e6cf2518d509" />
    <UnitTestResult executionId="b910594b-c5be-48b1-a55d-f32891df59c4" testId="06c90135-67c9-51a3-9a46-9517155efc3a" testName="Encrypt_PropertyIsSetToNo_ThrowsException" computerName="DKSR-EFI-06" duration="00:00:00.0191288" startTime="2024-01-09T15:44:31.8730603+01:00" endTime="2024-01-09T15:44:31.9043107+01:00" testType="13cdc9d9-ddb5-4fa4-a97d-d965ccfc6d4b" outcome="Passed" testListId="8c84fa94-04c1-424b-9868-57a2d4851a1d" relativeResultsDirectory="b910594b-c5be-48b1-a55d-f32891df59c4" />
    <UnitTestResult executionId="2a67402b-b54b-4917-8daf-6ddb90a7b960" testId="97bf175b-3437-3a0c-6b6e-4f876d982b3c" testName="TestMultiLevelQueue_TwoLevels_IdleLevelQueueDisposed_Success" computerName="DKSR-EFI-06" duration="00:00:00.7067532" startTime="2024-01-09T15:44:47.8418472+01:00" endTime="2024-01-09T15:44:48.5449737+01:00" testType="13cdc9d9-ddb5-4fa4-a97d-d965ccfc6d4b" outcome="Passed" testListId="8c84fa94-04c1-424b-9868-57a2d4851a1d" relativeResultsDirectory="2a67402b-b54b-4917-8daf-6ddb90a7b960" />
    <UnitTestResult executionId="c7e95040-e1ad-4576-8180-b9cfdee00b1e" testId="8938eaaa-10f4-1d84-a810-d332ab0c7421" testName="Serialize_ShouldHandleCollectionFilter_WhenMatchingCollectionItemsTypeAndItMatchesNone" computerName="DKSR-EFI-06" duration="00:00:00.0005835" startTime="2024-01-09T15:44:59.6856273+01:00" endTime="2024-01-09T15:44:59.6856273+01:00" testType="13cdc9d9-ddb5-4fa4-a97d-d965ccfc6d4b" outcome="Passed" testListId="8c84fa94-04c1-424b-9868-57a2d4851a1d" relativeResultsDirectory="c7e95040-e1ad-4576-8180-b9cfdee00b1e" />
    <UnitTestResult executionId="34560d94-578a-42b3-8c4c-fe27140ada88" testId="0a9c2a64-10d3-ab1b-bf1d-557005ecb79f" testName="GetCompatibilityHandler_ShouldThrownMIPException_WhenLoginSettingsCannotBeRetrieved" computerName="DKSR-EFI-06" duration="00:00:00.0138126" startTime="2024-01-09T15:45:04.7949992+01:00" endTime="2024-01-09T15:45:04.8106259+01:00" testType="13cdc9d9-ddb5-4fa4-a97d-d965ccfc6d4b" outcome="Passed" testListId="8c84fa94-04c1-424b-9868-57a2d4851a1d" relativeResultsDirectory="34560d94-578a-42b3-8c4c-fe27140ada88" />
    <UnitTestResult executionId="8b06d79b-6919-4e1e-882e-b20aa6e8ad67" testId="6dff7af6-6d16-8dba-ea01-3eb9769c2e7a" testName="ReadXml_ShouldLogWarningTwiceWhenMoreThanOneMinuteBetweenWarnings_WhenFrameDidNotReadUtcTime" computerName="DKSR-EFI-06" duration="00:00:00.0027825" startTime="2024-01-09T15:45:03.1387459+01:00" endTime="2024-01-09T15:45:03.1543705+01:00" testType="13cdc9d9-ddb5-4fa4-a97d-d965ccfc6d4b" outcome="Passed" testListId="8c84fa94-04c1-424b-9868-57a2d4851a1d" relativeResultsDirectory="8b06d79b-6919-4e1e-882e-b20aa6e8ad67" />
    <UnitTestResult executionId="b3d067ca-11a4-4a1a-bf25-2d92f59ecbf7" testId="3d30bb33-ce76-b575-87f7-58c02b2189a7" testName="Serialize_TestCases (TestParentTypeMatchDecimalThisTypeMatched)" computerName="DKSR-EFI-06" duration="00:00:00.0004421" startTime="2024-01-09T15:44:59.4825011+01:00" endTime="2024-01-09T15:44:59.4825011+01:00" testType="13cdc9d9-ddb5-4fa4-a97d-d965ccfc6d4b" outcome="Passed" testListId="8c84fa94-04c1-424b-9868-57a2d4851a1d" relativeResultsDirectory="b3d067ca-11a4-4a1a-bf25-2d92f59ecbf7" />
    <UnitTestResult executionId="b37e1535-601b-4d12-9ccc-b9bff87fc3f1" testId="01387d97-f9fc-82cf-fc0c-bafa84835078" testName="Dequeue_Success" computerName="DKSR-EFI-06" duration="00:00:00.0008573" startTime="2024-01-09T15:44:43.9980829+01:00" endTime="2024-01-09T15:44:43.9980829+01:00" testType="13cdc9d9-ddb5-4fa4-a97d-d965ccfc6d4b" outcome="Passed" testListId="8c84fa94-04c1-424b-9868-57a2d4851a1d" relativeResultsDirectory="b37e1535-601b-4d12-9ccc-b9bff87fc3f1" />
    <UnitTestResult executionId="b2b4f34c-31b2-456a-a2c6-b4a8afca7f0b" testId="c24157b1-3889-6460-0ff0-4d271e6b970c" testName="Serialize_TestCases (Verify root String (null) property get property value)" computerName="DKSR-EFI-06" duration="00:00:00.0001757" startTime="2024-01-09T15:44:59.3262530+01:00" endTime="2024-01-09T15:44:59.3262530+01:00" testType="13cdc9d9-ddb5-4fa4-a97d-d965ccfc6d4b" outcome="Passed" testListId="8c84fa94-04c1-424b-9868-57a2d4851a1d" relativeResultsDirectory="b2b4f34c-31b2-456a-a2c6-b4a8afca7f0b" />
    <UnitTestResult executionId="ee09e766-8cc4-403c-bbc2-5b768855f741" testId="d2a69b62-2638-ec8f-cc97-92c357c5901e" testName="GetNext_ShouldReturnSecondElement_WhenFirstEntryWasCalledAndThereIsAPreviousNext" computerName="DKSR-EFI-06" duration="00:00:00.0004794" startTime="2024-01-09T15:45:05.3575019+01:00" endTime="2024-01-09T15:45:05.3575019+01:00" testType="13cdc9d9-ddb5-4fa4-a97d-d965ccfc6d4b" outcome="Passed" testListId="8c84fa94-04c1-424b-9868-57a2d4851a1d" relativeResultsDirectory="ee09e766-8cc4-403c-bbc2-5b768855f741" />
    <UnitTestResult executionId="b7cef42a-6cfd-4c1c-b24e-2045de5afcf3" testId="9551a8f2-f5be-a617-500a-980790ba8737" testName="IsValid_ShouldReturnTrue_WhenTypeHasValueAndLikelihoodIsBetweenZeroAndOne" computerName="DKSR-EFI-06" duration="00:00:00.0003337" startTime="2024-01-09T15:45:02.4512433+01:00" endTime="2024-01-09T15:45:02.4512433+01:00" testType="13cdc9d9-ddb5-4fa4-a97d-d965ccfc6d4b" outcome="Passed" testListId="8c84fa94-04c1-424b-9868-57a2d4851a1d" relativeResultsDirectory="b7cef42a-6cfd-4c1c-b24e-2045de5afcf3" />
    <UnitTestResult executionId="f8fb8e7c-6891-4994-8f0d-3c456febebb7" testId="10990a14-03a7-011d-0324-9b08e537fb18" testName="Serialize_TestCases (TestParentTypeMatchCollectionNotThisTypeMatchedProperty)" computerName="DKSR-EFI-06" duration="00:00:00.0002555" startTime="2024-01-09T15:44:59.5762522+01:00" endTime="2024-01-09T15:44:59.5762522+01:00" testType="13cdc9d9-ddb5-4fa4-a97d-d965ccfc6d4b" outcome="Passed" testListId="8c84fa94-04c1-424b-9868-57a2d4851a1d" relativeResultsDirectory="f8fb8e7c-6891-4994-8f0d-3c456febebb7" />
    <UnitTestResult executionId="338fd435-97b2-43db-86d4-c1df9ce2871a" testId="be7d7f3c-32c0-1ba5-667f-eebdbcb535c4" testName="ReadyToClose_OkCommand_SingleSelect_Thrown" computerName="DKSR-EFI-06" duration="00:00:00.0007654" startTime="2024-01-09T15:44:55.5137375+01:00" endTime="2024-01-09T15:44:55.5137375+01:00" testType="13cdc9d9-ddb5-4fa4-a97d-d965ccfc6d4b" outcome="Passed" testListId="8c84fa94-04c1-424b-9868-57a2d4851a1d" relativeResultsDirectory="338fd435-97b2-43db-86d4-c1df9ce2871a" />
    <UnitTestResult executionId="7d99e101-35bc-4f2f-a7fd-e23df01453f1" testId="f10e91e5-2148-35b8-c1cd-83b0c57e538b" testName="Minimize_ShouldReturnThreeIntervals_WhenListContainsFiveOverLappingAndNonOverlappingIntervals" computerName="DKSR-EFI-06" duration="00:00:00.0008903" startTime="2024-01-09T15:44:43.9668313+01:00" endTime="2024-01-09T15:44:43.9668313+01:00" testType="13cdc9d9-ddb5-4fa4-a97d-d965ccfc6d4b" outcome="Passed" testListId="8c84fa94-04c1-424b-9868-57a2d4851a1d" relativeResultsDirectory="7d99e101-35bc-4f2f-a7fd-e23df01453f1" />
    <UnitTestResult executionId="8d946094-f9aa-4cad-a6fd-a963f7931658" testId="73ec9274-5d95-cb62-60ca-c2f3ce2346e6" testName="WriteXml_ShouldWriteRightAttribute_WhenAlays" computerName="DKSR-EFI-06" duration="00:00:00.0003768" startTime="2024-01-09T15:45:03.3887523+01:00" endTime="2024-01-09T15:45:03.3887523+01:00" testType="13cdc9d9-ddb5-4fa4-a97d-d965ccfc6d4b" outcome="Passed" testListId="8c84fa94-04c1-424b-9868-57a2d4851a1d" relativeResultsDirectory="8d946094-f9aa-4cad-a6fd-a963f7931658" />
    <UnitTestResult executionId="5e23c191-582d-4fd3-8dcb-cbda0bf93777" testId="5f1d3042-4664-b398-297d-153c346ec0d1" testName="Equals_ShouldHaveValueSemantics_WhenAlways" computerName="DKSR-EFI-06" duration="00:00:00.0012083" startTime="2024-01-09T15:45:02.5137447+01:00" endTime="2024-01-09T15:45:02.5137447+01:00" testType="13cdc9d9-ddb5-4fa4-a97d-d965ccfc6d4b" outcome="Passed" testListId="8c84fa94-04c1-424b-9868-57a2d4851a1d" relativeResultsDirectory="5e23c191-582d-4fd3-8dcb-cbda0bf93777" />
    <UnitTestResult executionId="715f1156-5b5f-4c1a-8d33-a29b593b6d62" testId="a986cdd1-f3b8-291d-b1aa-90291a659d05" testName="Escape_Success" computerName="DKSR-EFI-06" duration="00:00:00.0007391" startTime="2024-01-09T15:44:43.8730826+01:00" endTime="2024-01-09T15:44:43.8730826+01:00" testType="13cdc9d9-ddb5-4fa4-a97d-d965ccfc6d4b" outcome="Passed" testListId="8c84fa94-04c1-424b-9868-57a2d4851a1d" relativeResultsDirectory="715f1156-5b5f-4c1a-8d33-a29b593b6d62" />
    <UnitTestResult executionId="20839135-f421-42b7-a466-a7e4f7e08645" testId="25d2ce81-b800-30ed-a9ff-8db2b7fca025" testName="GenerateParameters_ShouldWriteSerialNr_WhenSerialNrIsNotNull" computerName="DKSR-EFI-06" duration="00:00:00.0002482" startTime="2024-01-09T15:45:05.2793751+01:00" endTime="2024-01-09T15:45:05.2793751+01:00" testType="13cdc9d9-ddb5-4fa4-a97d-d965ccfc6d4b" outcome="Passed" testListId="8c84fa94-04c1-424b-9868-57a2d4851a1d" relativeResultsDirectory="20839135-f421-42b7-a466-a7e4f7e08645" />
    <UnitTestResult executionId="888aa0b4-147a-4c4e-9f7c-309eef3cff1f" testId="a7d99e35-c064-6ecd-9e86-ff4a258d4620" testName="WriteXml_ShouldWriteBoundingBoxContents_WhenBoundingBoxIsNotNull" computerName="DKSR-EFI-06" duration="00:00:00.0010819" startTime="2024-01-09T15:45:03.4981209+01:00" endTime="2024-01-09T15:45:03.5137488+01:00" testType="13cdc9d9-ddb5-4fa4-a97d-d965ccfc6d4b" outcome="Passed" testListId="8c84fa94-04c1-424b-9868-57a2d4851a1d" relativeResultsDirectory="888aa0b4-147a-4c4e-9f7c-309eef3cff1f" />
    <UnitTestResult executionId="0004d71b-397b-4338-9a5d-a9331abe02d7" testId="8357d2b8-f5e8-a07c-49aa-5e2b167211f4" testName="Serialize_TestCases (Verify root Object (null) property get property value)" computerName="DKSR-EFI-06" duration="00:00:00.0001474" startTime="2024-01-09T15:44:59.3575002+01:00" endTime="2024-01-09T15:44:59.3575002+01:00" testType="13cdc9d9-ddb5-4fa4-a97d-d965ccfc6d4b" outcome="Passed" testListId="8c84fa94-04c1-424b-9868-57a2d4851a1d" relativeResultsDirectory="0004d71b-397b-4338-9a5d-a9331abe02d7" />
    <UnitTestResult executionId="52120da2-913d-4d72-80c6-46a80f3fe481" testId="e4e07f2b-adba-7b75-6902-9e3a9d332cfe" testName="CreateSearchFilterEditControl_PluginReturnsNull_ReturnsNull" computerName="DKSR-EFI-06" duration="00:00:00.0028244" startTime="2024-01-09T15:45:00.8575065+01:00" endTime="2024-01-09T15:45:00.8731328+01:00" testType="13cdc9d9-ddb5-4fa4-a97d-d965ccfc6d4b" outcome="Passed" testListId="8c84fa94-04c1-424b-9868-57a2d4851a1d" relativeResultsDirectory="52120da2-913d-4d72-80c6-46a80f3fe481" />
    <UnitTestResult executionId="46e033b1-f22f-4196-8f8a-f1a14ba5810c" testId="e36409e3-019e-24ac-3359-9d7af3a2aada" testName="MatchId_Fail_SingleMessage" computerName="DKSR-EFI-06" duration="00:00:00.0001863" startTime="2024-01-09T15:45:03.7012492+01:00" endTime="2024-01-09T15:45:03.7012492+01:00" testType="13cdc9d9-ddb5-4fa4-a97d-d965ccfc6d4b" outcome="Passed" testListId="8c84fa94-04c1-424b-9868-57a2d4851a1d" relativeResultsDirectory="46e033b1-f22f-4196-8f8a-f1a14ba5810c" />
    <UnitTestResult executionId="52ff9cec-17cd-4693-b712-35ac9083a38a" testId="673d5a8a-8f58-a8c0-2572-e1a8f9618e54" testName="Ctor_TwoCustomFilters_Success" computerName="DKSR-EFI-06" duration="00:00:00.0008339" startTime="2024-01-09T15:45:01.5137420+01:00" endTime="2024-01-09T15:45:01.5293679+01:00" testType="13cdc9d9-ddb5-4fa4-a97d-d965ccfc6d4b" outcome="Passed" testListId="8c84fa94-04c1-424b-9868-57a2d4851a1d" relativeResultsDirectory="52ff9cec-17cd-4693-b712-35ac9083a38a" />
    <UnitTestResult executionId="f6ad73d2-8503-4161-84b8-e6d486f44efa" testId="b11280c6-b927-424b-97d9-4a8daa017667" testName="ReadXml_ShouldReadLatitude_WhenLatitudeIsPresent" computerName="DKSR-EFI-06" duration="00:00:00.0014362" startTime="2024-01-09T15:45:03.0606236+01:00" endTime="2024-01-09T15:45:03.0606236+01:00" testType="13cdc9d9-ddb5-4fa4-a97d-d965ccfc6d4b" outcome="Passed" testListId="8c84fa94-04c1-424b-9868-57a2d4851a1d" relativeResultsDirectory="f6ad73d2-8503-4161-84b8-e6d486f44efa" />
    <UnitTestResult executionId="6602e463-cf0c-42bf-a485-05250b466100" testId="0c0836ab-4cd8-bcb2-8664-28d80763d09f" testName="OnSearchResultsReady_ShouldNotSetSearchDefinitionOnResults_WhenAlreadySet" computerName="DKSR-EFI-06" duration="00:00:00.0010748" startTime="2024-01-09T15:44:59.9981286+01:00" endTime="2024-01-09T15:44:59.9981286+01:00" testType="13cdc9d9-ddb5-4fa4-a97d-d965ccfc6d4b" outcome="Passed" testListId="8c84fa94-04c1-424b-9868-57a2d4851a1d" relativeResultsDirectory="6602e463-cf0c-42bf-a485-05250b466100" />
    <UnitTestResult executionId="355ae980-195d-4ddf-b583-8d19646d2753" testId="60300bdb-ae50-3bc0-5350-bcb4f9396c0e" testName="Serialize_TestCases (TestParentTypeMatchGenericThisTypeNotMatched)" computerName="DKSR-EFI-06" duration="00:00:00.0034776" startTime="2024-01-09T15:44:59.6075028+01:00" endTime="2024-01-09T15:44:59.6231285+01:00" testType="13cdc9d9-ddb5-4fa4-a97d-d965ccfc6d4b" outcome="Passed" testListId="8c84fa94-04c1-424b-9868-57a2d4851a1d" relativeResultsDirectory="355ae980-195d-4ddf-b583-8d19646d2753" />
    <UnitTestResult executionId="3410f899-3961-4a6c-a3a8-5cfb5a30aa4c" testId="3fc54712-5186-4bec-f033-21016fea98fa" testName="TestMultiLevelQueue_ThreeLevels_Success" computerName="DKSR-EFI-06" duration="00:00:00.4202124" startTime="2024-01-09T15:44:45.4980861+01:00" endTime="2024-01-09T15:44:45.9043382+01:00" testType="13cdc9d9-ddb5-4fa4-a97d-d965ccfc6d4b" outcome="Passed" testListId="8c84fa94-04c1-424b-9868-57a2d4851a1d" relativeResultsDirectory="3410f899-3961-4a6c-a3a8-5cfb5a30aa4c" />
    <UnitTestResult executionId="471feebf-31f0-4ac3-abb7-18b7b6612148" testId="137cce7b-4534-866e-a202-717289695719" testName="ToString_WithTypeAndMessage" computerName="DKSR-EFI-06" duration="00:00:00.0002071" startTime="2024-01-09T15:45:03.9356229+01:00" endTime="2024-01-09T15:45:03.9356229+01:00" testType="13cdc9d9-ddb5-4fa4-a97d-d965ccfc6d4b" outcome="Passed" testListId="8c84fa94-04c1-424b-9868-57a2d4851a1d" relativeResultsDirectory="471feebf-31f0-4ac3-abb7-18b7b6612148" />
    <UnitTestResult executionId="0c206b55-0ff1-4375-8ec2-bd51d71fb53e" testId="2308f95d-e716-8457-e2f9-557865d40f5f" testName="Equals_Fail1" computerName="DKSR-EFI-06" duration="00:00:00.0002131" startTime="2024-01-09T15:45:03.9356229+01:00" endTime="2024-01-09T15:45:03.9356229+01:00" testType="13cdc9d9-ddb5-4fa4-a97d-d965ccfc6d4b" outcome="Passed" testListId="8c84fa94-04c1-424b-9868-57a2d4851a1d" relativeResultsDirectory="0c206b55-0ff1-4375-8ec2-bd51d71fb53e" />
    <UnitTestResult executionId="18e078c5-abdb-4291-8b80-f873295cecde" testId="37465b96-5d9d-91f9-7bbc-1b2bd9de14df" testName="GetPreviousSequence_ShouldReturnFirstEntryFromToolkitResult_WhenDataWasReturned" computerName="DKSR-EFI-06" duration="00:00:00.0026805" startTime="2024-01-09T15:45:05.7793803+01:00" endTime="2024-01-09T15:45:05.7793803+01:00" testType="13cdc9d9-ddb5-4fa4-a97d-d965ccfc6d4b" outcome="Passed" testListId="8c84fa94-04c1-424b-9868-57a2d4851a1d" relativeResultsDirectory="18e078c5-abdb-4291-8b80-f873295cecde" />
    <UnitTestResult executionId="0f4888e7-e9d4-45dc-983b-6736cc700eec" testId="62771907-5daf-58e6-a184-e6742aca31e8" testName="CountByItems_Activated_CountByCounter_Trial1" computerName="DKSR-EFI-06" duration="00:00:00.0016931" startTime="2024-01-09T15:45:05.0918798+01:00" endTime="2024-01-09T15:45:05.0918798+01:00" testType="13cdc9d9-ddb5-4fa4-a97d-d965ccfc6d4b" outcome="Passed" testListId="8c84fa94-04c1-424b-9868-57a2d4851a1d" relativeResultsDirectory="0f4888e7-e9d4-45dc-983b-6736cc700eec" />
    <UnitTestResult executionId="70c862f3-eb68-4c27-bcd8-cc20714f0fe8" testId="786f976f-79dc-fb5a-d9d5-d8983ae14820" testName="Match_Fail_NullTypeAnyMessage_Single" computerName="DKSR-EFI-06" duration="00:00:00.0004238" startTime="2024-01-09T15:45:03.9199986+01:00" endTime="2024-01-09T15:45:03.9199986+01:00" testType="13cdc9d9-ddb5-4fa4-a97d-d965ccfc6d4b" outcome="Passed" testListId="8c84fa94-04c1-424b-9868-57a2d4851a1d" relativeResultsDirectory="70c862f3-eb68-4c27-bcd8-cc20714f0fe8" />
    <UnitTestResult executionId="6a9097c2-d4db-439e-839d-e001542bf3a4" testId="87dedebf-9e1e-bd2e-7ee4-397e89dac510" testName="Clone_Camera_Checked" computerName="DKSR-EFI-06" duration="00:00:00.0009458" startTime="2024-01-09T15:44:29.7168103+01:00" endTime="2024-01-09T15:44:29.7168103+01:00" testType="13cdc9d9-ddb5-4fa4-a97d-d965ccfc6d4b" outcome="Passed" testListId="8c84fa94-04c1-424b-9868-57a2d4851a1d" relativeResultsDirectory="6a9097c2-d4db-439e-839d-e001542bf3a4" />
    <UnitTestResult executionId="794a6d72-22d7-41a5-944a-05d12c07a09b" testId="c3df773c-1590-2c82-5cd8-cf0a4f3a6afc" testName="GetLicensePlateFilterValue_FilterValueMissing_ReturnsEmptyCollection" computerName="DKSR-EFI-06" duration="00:00:00.0005557" startTime="2024-01-09T15:45:01.5293679+01:00" endTime="2024-01-09T15:45:01.5293679+01:00" testType="13cdc9d9-ddb5-4fa4-a97d-d965ccfc6d4b" outcome="Passed" testListId="8c84fa94-04c1-424b-9868-57a2d4851a1d" relativeResultsDirectory="794a6d72-22d7-41a5-944a-05d12c07a09b" />
    <UnitTestResult executionId="bb332c2a-3d59-46dc-a5d0-d8bee7d20b8d" testId="c2b0fa30-6a46-612d-08bf-8da951ad3d1e" testName="ReadXml_ShouldLogWarningOnlyOnceWithinOneMinute_WhenBoundingBoxIsMissing" computerName="DKSR-EFI-06" duration="00:00:00.0018136" startTime="2024-01-09T15:45:03.4668723+01:00" endTime="2024-01-09T15:45:03.4668723+01:00" testType="13cdc9d9-ddb5-4fa4-a97d-d965ccfc6d4b" outcome="Passed" testListId="8c84fa94-04c1-424b-9868-57a2d4851a1d" relativeResultsDirectory="bb332c2a-3d59-46dc-a5d0-d8bee7d20b8d" />
    <UnitTestResult executionId="b0be5ad5-9b91-44b9-b432-cf54cef6586d" testId="d6b02c69-a6ef-0109-3a3b-2890f16309c7" testName="Serialize_TestCases (TestParentTypeMatchEnumNotThisTypeNotMatched)" computerName="DKSR-EFI-06" duration="00:00:00.0003565" startTime="2024-01-09T15:44:59.4981266+01:00" endTime="2024-01-09T15:44:59.4981266+01:00" testType="13cdc9d9-ddb5-4fa4-a97d-d965ccfc6d4b" outcome="Passed" testListId="8c84fa94-04c1-424b-9868-57a2d4851a1d" relativeResultsDirectory="b0be5ad5-9b91-44b9-b432-cf54cef6586d" />
    <UnitTestResult executionId="b076304f-2299-4bcb-944c-90fd2478de9f" testId="f1273a57-f352-81b3-3c22-3b2f4debaba3" testName="Replace_ShouldInvokeCallback_WhenObservable" computerName="DKSR-EFI-06" duration="00:00:00.0011877" startTime="2024-01-09T15:44:56.8262433+01:00" endTime="2024-01-09T15:44:56.8262433+01:00" testType="13cdc9d9-ddb5-4fa4-a97d-d965ccfc6d4b" outcome="Passed" testListId="8c84fa94-04c1-424b-9868-57a2d4851a1d" relativeResultsDirectory="b076304f-2299-4bcb-944c-90fd2478de9f" />
    <UnitTestResult executionId="21657c8f-9c54-4a92-96c0-da9bcbc3bc7f" testId="6782d7fb-c6f1-9d5e-e21b-8e8665ae821d" testName="Get_KeyPresent_ReturnsExpectedValue" computerName="DKSR-EFI-06" duration="00:00:00.0002546" startTime="2024-01-09T15:44:44.0918322+01:00" endTime="2024-01-09T15:44:44.0918322+01:00" testType="13cdc9d9-ddb5-4fa4-a97d-d965ccfc6d4b" outcome="Passed" testListId="8c84fa94-04c1-424b-9868-57a2d4851a1d" relativeResultsDirectory="21657c8f-9c54-4a92-96c0-da9bcbc3bc7f" />
    <UnitTestResult executionId="ea88e4db-6332-4797-a850-3889c95f54b4" testId="1677c45e-088d-ae58-08dc-ccdb32d9ca65" testName="ReadXml_ShouldIgnoreBoundingBox_WhenBoundingBoxIsPresenWithWrongNamespace" computerName="DKSR-EFI-06" duration="00:00:00.0003012" startTime="2024-01-09T15:45:03.4356222+01:00" endTime="2024-01-09T15:45:03.4356222+01:00" testType="13cdc9d9-ddb5-4fa4-a97d-d965ccfc6d4b" outcome="Passed" testListId="8c84fa94-04c1-424b-9868-57a2d4851a1d" relativeResultsDirectory="ea88e4db-6332-4797-a850-3889c95f54b4" />
    <UnitTestResult executionId="a88f46c8-5a8c-4ad4-ae51-26504bceefbf" testId="1bb65b8b-a8a2-1654-89b4-e0a9b34ce5a7" testName="GenerateEnumValueParameters_ShouldWriteId_WhenAlways" computerName="DKSR-EFI-06" duration="00:00:00.0008329" startTime="2024-01-09T15:45:05.2481271+01:00" endTime="2024-01-09T15:45:05.2481271+01:00" testType="13cdc9d9-ddb5-4fa4-a97d-d965ccfc6d4b" outcome="Passed" testListId="8c84fa94-04c1-424b-9868-57a2d4851a1d" relativeResultsDirectory="a88f46c8-5a8c-4ad4-ae51-26504bceefbf" />
    <UnitTestResult executionId="d8cb3093-2d1f-4814-985e-23eb66fb03b1" testId="4d02d00b-2996-2f9f-95bd-26fe5f7ed1e8" testName="WriteXml_ShouldWriteObject_WhenThereIsOneObjectPresent" computerName="DKSR-EFI-06" duration="00:00:00.0023020" startTime="2024-01-09T15:45:02.7324946+01:00" endTime="2024-01-09T15:45:02.7324946+01:00" testType="13cdc9d9-ddb5-4fa4-a97d-d965ccfc6d4b" outcome="Passed" testListId="8c84fa94-04c1-424b-9868-57a2d4851a1d" relativeResultsDirectory="d8cb3093-2d1f-4814-985e-23eb66fb03b1" />
    <UnitTestResult executionId="342572bf-6517-4b66-9519-bd8a255faa83" testId="935bdf43-855a-f0b1-5928-21e0e8057f44" testName="Serialize_TestCases (Verify root String (not null) property)" computerName="DKSR-EFI-06" duration="00:00:00.0005433" startTime="2024-01-09T15:44:59.3262530+01:00" endTime="2024-01-09T15:44:59.3262530+01:00" testType="13cdc9d9-ddb5-4fa4-a97d-d965ccfc6d4b" outcome="Passed" testListId="8c84fa94-04c1-424b-9868-57a2d4851a1d" relativeResultsDirectory="342572bf-6517-4b66-9519-bd8a255faa83" />
    <UnitTestResult executionId="b0d34c82-e880-43c6-bd63-342fba9701dc" testId="c0b96a1c-b0d5-ece3-3b78-6c5f48ca51fc" testName="ReadAppearanceExtensionXml_ShouldNotSetBoundingBoxFillColor_WhenBoundingBoxFillColorIsNotPresent" computerName="DKSR-EFI-06" duration="00:00:00.0002903" startTime="2024-01-09T15:45:03.3106217+01:00" endTime="2024-01-09T15:45:03.3106217+01:00" testType="13cdc9d9-ddb5-4fa4-a97d-d965ccfc6d4b" outcome="Passed" testListId="8c84fa94-04c1-424b-9868-57a2d4851a1d" relativeResultsDirectory="b0d34c82-e880-43c6-bd63-342fba9701dc" />
    <UnitTestResult executionId="ff18f7fc-4d13-4b91-b408-9398489b49a5" testId="dc1fd292-e174-668d-7833-c1854255d61a" testName="Append_Property_Path_WithoutValue" computerName="DKSR-EFI-06" duration="00:00:00.0005490" startTime="2024-01-09T15:45:01.7012446+01:00" endTime="2024-01-09T15:45:01.7012446+01:00" testType="13cdc9d9-ddb5-4fa4-a97d-d965ccfc6d4b" outcome="Passed" testListId="8c84fa94-04c1-424b-9868-57a2d4851a1d" relativeResultsDirectory="ff18f7fc-4d13-4b91-b408-9398489b49a5" />
    <UnitTestResult executionId="877a9c3b-e46e-4583-bf3e-7a178fabed7e" testId="9f7143c5-f21b-a4cb-b62f-d856a6e8e1f7" testName="GetBoundingShapesAsync_MultipleInvocationsPerTime_DelegatedToInternalMethodOnlyOncePerTime" computerName="DKSR-EFI-06" duration="00:00:00.0018353" startTime="2024-01-09T15:45:00.7481329+01:00" endTime="2024-01-09T15:45:00.7481329+01:00" testType="13cdc9d9-ddb5-4fa4-a97d-d965ccfc6d4b" outcome="Passed" testListId="8c84fa94-04c1-424b-9868-57a2d4851a1d" relativeResultsDirectory="877a9c3b-e46e-4583-bf3e-7a178fabed7e" />
    <UnitTestResult executionId="1a3b121a-9c72-4484-b86e-6bf344c6a5cd" testId="ebfe7877-f55a-fab7-3a7d-8cf9c4a15098" testName="TryParseArgbString_ShouldReturnFalse_WhenStringIsMissingStartHash" computerName="DKSR-EFI-06" duration="00:00:00.0001658" startTime="2024-01-09T15:45:02.5293684+01:00" endTime="2024-01-09T15:45:02.5293684+01:00" testType="13cdc9d9-ddb5-4fa4-a97d-d965ccfc6d4b" outcome="Passed" testListId="8c84fa94-04c1-424b-9868-57a2d4851a1d" relativeResultsDirectory="1a3b121a-9c72-4484-b86e-6bf344c6a5cd" />
    <UnitTestResult executionId="8dfee34b-d9ce-4563-b46b-18ddea7eeacd" testId="24f4c2d7-2c1a-d96f-02e1-f48f7d97bc91" testName="JsonObjectTest" computerName="DKSR-EFI-06" duration="00:00:00.0022707" startTime="2024-01-09T15:45:01.7168667+01:00" endTime="2024-01-09T15:45:01.7168667+01:00" testType="13cdc9d9-ddb5-4fa4-a97d-d965ccfc6d4b" outcome="Passed" testListId="8c84fa94-04c1-424b-9868-57a2d4851a1d" relativeResultsDirectory="8dfee34b-d9ce-4563-b46b-18ddea7eeacd" />
    <UnitTestResult executionId="368d818a-29e1-4466-b6ff-803d65b93468" testId="023f7f43-765e-9b8d-a4fb-66ae949e5c24" testName="Clear_ShouldInvokeCallback_WhenObservable" computerName="DKSR-EFI-06" duration="00:00:00.0011271" startTime="2024-01-09T15:44:56.7793806+01:00" endTime="2024-01-09T15:44:56.7793806+01:00" testType="13cdc9d9-ddb5-4fa4-a97d-d965ccfc6d4b" outcome="Passed" testListId="8c84fa94-04c1-424b-9868-57a2d4851a1d" relativeResultsDirectory="368d818a-29e1-4466-b6ff-803d65b93468" />
    <UnitTestResult executionId="3c7f097f-14c4-4781-afc9-8dd4218c96c7" testId="4599a740-2169-7e32-9656-668b8e9b7b20" testName="CreateSearchFilterEditControl_MultiplePlugins_MilestonePluginsFirst" computerName="DKSR-EFI-06" duration="00:00:00.0025500" startTime="2024-01-09T15:45:01.2793644+01:00" endTime="2024-01-09T15:45:01.2793644+01:00" testType="13cdc9d9-ddb5-4fa4-a97d-d965ccfc6d4b" outcome="Passed" testListId="8c84fa94-04c1-424b-9868-57a2d4851a1d" relativeResultsDirectory="3c7f097f-14c4-4781-afc9-8dd4218c96c7" />
    <UnitTestResult executionId="6e576557-714c-4f4a-bfa9-57264cf8ba0a" testId="4fc7265c-8aa9-4dcf-df19-f51dedafe8a7" testName="WriteXml_ShouldOmitBoundingBoxAppearanceElements_WhenTheyAreNotPresent" computerName="DKSR-EFI-06" duration="00:00:00.0010295" startTime="2024-01-09T15:45:03.5137488+01:00" endTime="2024-01-09T15:45:03.5137488+01:00" testType="13cdc9d9-ddb5-4fa4-a97d-d965ccfc6d4b" outcome="Passed" testListId="8c84fa94-04c1-424b-9868-57a2d4851a1d" relativeResultsDirectory="6e576557-714c-4f4a-bfa9-57264cf8ba0a" />
    <UnitTestResult executionId="4ae3bca1-6eb3-46c4-8d45-b937da489e3c" testId="0b0ff5aa-c291-79fb-1d8b-d1660f2ebad3" testName="ReadXml_ShouldReadOriginalData_WhenOrigiginalDataIsPresent" computerName="DKSR-EFI-06" duration="00:00:00.0042517" startTime="2024-01-09T15:45:02.9199946+01:00" endTime="2024-01-09T15:45:02.9356199+01:00" testType="13cdc9d9-ddb5-4fa4-a97d-d965ccfc6d4b" outcome="Passed" testListId="8c84fa94-04c1-424b-9868-57a2d4851a1d" relativeResultsDirectory="4ae3bca1-6eb3-46c4-8d45-b937da489e3c" />
    <UnitTestResult executionId="06041f2a-92cf-41ec-bf23-1e0a632b0bfc" testId="545d08a7-8d4d-0e52-621a-4acb7e985873" testName="ReadAppearanceExtensionXml_ShouldReadBoundingBoxFillColor_WhenBoundingBoxFillColorIsPresent" computerName="DKSR-EFI-06" duration="00:00:00.0003335" startTime="2024-01-09T15:45:03.3106217+01:00" endTime="2024-01-09T15:45:03.3106217+01:00" testType="13cdc9d9-ddb5-4fa4-a97d-d965ccfc6d4b" outcome="Passed" testListId="8c84fa94-04c1-424b-9868-57a2d4851a1d" relativeResultsDirectory="06041f2a-92cf-41ec-bf23-1e0a632b0bfc" />
    <UnitTestResult executionId="1d8873d6-ba9a-4c56-8d2b-69c5f8f236d2" testId="e843bfee-0457-6dab-bf5f-4166d9265b34" testName="ReadXml_ShouldReadTextValue_WhenPresent" computerName="DKSR-EFI-06" duration="00:00:00.0003808" startTime="2024-01-09T15:45:02.6074941+01:00" endTime="2024-01-09T15:45:02.6074941+01:00" testType="13cdc9d9-ddb5-4fa4-a97d-d965ccfc6d4b" outcome="Passed" testListId="8c84fa94-04c1-424b-9868-57a2d4851a1d" relativeResultsDirectory="1d8873d6-ba9a-4c56-8d2b-69c5f8f236d2" />
    <UnitTestResult executionId="9c7bc91b-bde4-45c5-b026-db66bc894cea" testId="8ff1a4be-4c7a-03eb-1e8d-280cdf27a49d" testName="HasExtensionDataPresent_ShouldReturnTrue_WhenFillColorIsSet" computerName="DKSR-EFI-06" duration="00:00:00.0002573" startTime="2024-01-09T15:45:03.2324980+01:00" endTime="2024-01-09T15:45:03.2324980+01:00" testType="13cdc9d9-ddb5-4fa4-a97d-d965ccfc6d4b" outcome="Passed" testListId="8c84fa94-04c1-424b-9868-57a2d4851a1d" relativeResultsDirectory="9c7bc91b-bde4-45c5-b026-db66bc894cea" />
    <UnitTestResult executionId="f4b2c03b-878e-456e-8284-f012b11689d6" testId="8499840e-abfc-164b-57b3-05d439aac484" testName="Serialize_ShouldThrowException_WhenPropertyIsSimpleTypeButPathContainsChildren (StringNotNullProperty)" computerName="DKSR-EFI-06" duration="00:00:00.0266353" startTime="2024-01-09T15:44:59.1075015+01:00" endTime="2024-01-09T15:44:59.2481271+01:00" testType="13cdc9d9-ddb5-4fa4-a97d-d965ccfc6d4b" outcome="Passed" testListId="8c84fa94-04c1-424b-9868-57a2d4851a1d" relativeResultsDirectory="f4b2c03b-878e-456e-8284-f012b11689d6" />
    <UnitTestResult executionId="2b64fc11-0402-4d9f-a5ad-11bb1c2d011b" testId="27f0a424-dd24-08ba-788b-f15f39b1c327" testName="ReadXml_ShouldDiscardCenterOfGravity_WhenIncompleteCenterOfGravityIsPresent" computerName="DKSR-EFI-06" duration="00:00:00.0009737" startTime="2024-01-09T15:45:03.4512473+01:00" endTime="2024-01-09T15:45:03.4512473+01:00" testType="13cdc9d9-ddb5-4fa4-a97d-d965ccfc6d4b" outcome="Passed" testListId="8c84fa94-04c1-424b-9868-57a2d4851a1d" relativeResultsDirectory="2b64fc11-0402-4d9f-a5ad-11bb1c2d011b" />
    <UnitTestResult executionId="3f61ae7a-8742-453d-a876-ad53f4ea50f1" testId="72564ee7-6904-9d2d-9a11-6e408d6771a9" testName="MarkupExtension_ShouldChangeContentTemplate_WhenContentTemplateOnSelectedItemChanges" computerName="DKSR-EFI-06" duration="00:00:00.0016470" startTime="2024-01-09T15:44:58.0918734+01:00" endTime="2024-01-09T15:44:58.1074964+01:00" testType="13cdc9d9-ddb5-4fa4-a97d-d965ccfc6d4b" outcome="Passed" testListId="8c84fa94-04c1-424b-9868-57a2d4851a1d" relativeResultsDirectory="3f61ae7a-8742-453d-a876-ad53f4ea50f1" />
    <UnitTestResult executionId="163de67f-2009-411a-ace5-50a35d86a397" testId="2c767513-d46b-25c9-8b79-070556151a0d" testName="Serialize_TestCases (TestParentTypeMatchObjectNotThisTypeNotMatchedProperty)" computerName="DKSR-EFI-06" duration="00:00:00.0007333" startTime="2024-01-09T15:44:59.5606267+01:00" endTime="2024-01-09T15:44:59.5606267+01:00" testType="13cdc9d9-ddb5-4fa4-a97d-d965ccfc6d4b" outcome="Passed" testListId="8c84fa94-04c1-424b-9868-57a2d4851a1d" relativeResultsDirectory="163de67f-2009-411a-ace5-50a35d86a397" />
    <UnitTestResult executionId="42f66b80-2af0-4c30-923b-8b704ac519a5" testId="0698a694-c3e3-daa4-3795-9bea8316565b" testName="ReadXml_ShouldLogWarning_WhenCenterOfGravityIsIncomplete" computerName="DKSR-EFI-06" duration="00:00:00.0012721" startTime="2024-01-09T15:45:03.4824964+01:00" endTime="2024-01-09T15:45:03.4824964+01:00" testType="13cdc9d9-ddb5-4fa4-a97d-d965ccfc6d4b" outcome="Passed" testListId="8c84fa94-04c1-424b-9868-57a2d4851a1d" relativeResultsDirectory="42f66b80-2af0-4c30-923b-8b704ac519a5" />
    <UnitTestResult executionId="de811cd4-4f99-471d-82d4-86bd43b8bc61" testId="e52da296-c08b-e9c0-0216-381a1c8bbd9e" testName="ToJson_ListElement_Exception" computerName="DKSR-EFI-06" duration="00:00:00.0005948" startTime="2024-01-09T15:45:01.8418682+01:00" endTime="2024-01-09T15:45:01.8418682+01:00" testType="13cdc9d9-ddb5-4fa4-a97d-d965ccfc6d4b" outcome="Passed" testListId="8c84fa94-04c1-424b-9868-57a2d4851a1d" relativeResultsDirectory="de811cd4-4f99-471d-82d4-86bd43b8bc61" />
    <UnitTestResult executionId="9f085831-f867-4eeb-ad15-22b0fe5b18e7" testId="225e2319-c278-70af-0c9e-1f0e59bd70af" testName="ReadXml_ShouldDiscardScale_WhenIncompleteScaleIsPresent" computerName="DKSR-EFI-06" duration="00:00:00.0009043" startTime="2024-01-09T15:45:03.5449967+01:00" endTime="2024-01-09T15:45:03.5449967+01:00" testType="13cdc9d9-ddb5-4fa4-a97d-d965ccfc6d4b" outcome="Passed" testListId="8c84fa94-04c1-424b-9868-57a2d4851a1d" relativeResultsDirectory="9f085831-f867-4eeb-ad15-22b0fe5b18e7" />
    <UnitTestResult executionId="5086b29f-d021-4ea1-98ca-b5e452b30391" testId="0c1e1d3a-ed1f-c93a-037d-77d586b8b565" testName="AppendItemPicked_SingleSelect" computerName="DKSR-EFI-06" duration="00:00:00.0006027" startTime="2024-01-09T15:44:55.4512389+01:00" endTime="2024-01-09T15:44:55.4512389+01:00" testType="13cdc9d9-ddb5-4fa4-a97d-d965ccfc6d4b" outcome="Passed" testListId="8c84fa94-04c1-424b-9868-57a2d4851a1d" relativeResultsDirectory="5086b29f-d021-4ea1-98ca-b5e452b30391" />
    <UnitTestResult executionId="77f78677-f387-454a-b776-f156bbd3f303" testId="1bf83f76-33b3-45e4-acc8-af80bf4d763b" testName="ReadXml_ShouldSetAllFieldsToDefaultValues_WhenElementIsEmpty" computerName="DKSR-EFI-06" duration="00:00:00.0072710" startTime="2024-01-09T15:45:02.6543702+01:00" endTime="2024-01-09T15:45:02.6543702+01:00" testType="13cdc9d9-ddb5-4fa4-a97d-d965ccfc6d4b" outcome="Passed" testListId="8c84fa94-04c1-424b-9868-57a2d4851a1d" relativeResultsDirectory="77f78677-f387-454a-b776-f156bbd3f303" />
    <UnitTestResult executionId="180bd12b-17cf-4333-8ad7-ffc9ae2675f3" testId="21dd4ab4-8f48-2c5a-854c-4eb0b036ad99" testName="Apply_ShouldMultiplScaleYCoordinatesToToCenterYAndScaleXCoordinatesToCenterX_WhenScaleIsNotNull" computerName="DKSR-EFI-06" duration="00:00:00.0004480" startTime="2024-01-09T15:45:02.6231187+01:00" endTime="2024-01-09T15:45:02.6231187+01:00" testType="13cdc9d9-ddb5-4fa4-a97d-d965ccfc6d4b" outcome="Passed" testListId="8c84fa94-04c1-424b-9868-57a2d4851a1d" relativeResultsDirectory="180bd12b-17cf-4333-8ad7-ffc9ae2675f3" />
    <UnitTestResult executionId="f7c4ce15-75eb-4c4c-91a1-e260e1ed3bca" testId="0138d714-b11a-1112-3975-544e9807700f" testName="EndTimeShouldReturnConstructorParameter" computerName="DKSR-EFI-06" duration="00:00:00.0003239" startTime="2024-01-09T15:45:04.7793751+01:00" endTime="2024-01-09T15:45:04.7793751+01:00" testType="13cdc9d9-ddb5-4fa4-a97d-d965ccfc6d4b" outcome="Passed" testListId="8c84fa94-04c1-424b-9868-57a2d4851a1d" relativeResultsDirectory="f7c4ce15-75eb-4c4c-91a1-e260e1ed3bca" />
    <UnitTestResult executionId="d8643c75-e149-4db5-878e-6dcd4f2a7875" testId="eff4462f-0b3b-bad0-f3bc-88c9334e4c4b" testName="IsEmptyValue_DoubleRangeFilterValue_MinValueAboveMinimum_ReturnsFalse" computerName="DKSR-EFI-06" duration="00:00:00.0012447" startTime="2024-01-09T15:45:00.0293819+01:00" endTime="2024-01-09T15:45:00.0293819+01:00" testType="13cdc9d9-ddb5-4fa4-a97d-d965ccfc6d4b" outcome="Passed" testListId="8c84fa94-04c1-424b-9868-57a2d4851a1d" relativeResultsDirectory="d8643c75-e149-4db5-878e-6dcd4f2a7875" />
    <UnitTestResult executionId="47778bc5-63d6-4862-b6eb-5d963522ca87" testId="82f28324-964a-7ebe-3fa1-b6d48ed97144" testName="Add_CapacityExceeded_LeastRecentlyUsedValueRemoved" computerName="DKSR-EFI-06" duration="00:00:00.0003975" startTime="2024-01-09T15:44:44.1074572+01:00" endTime="2024-01-09T15:44:44.1074572+01:00" testType="13cdc9d9-ddb5-4fa4-a97d-d965ccfc6d4b" outcome="Passed" testListId="8c84fa94-04c1-424b-9868-57a2d4851a1d" relativeResultsDirectory="47778bc5-63d6-4862-b6eb-5d963522ca87" />
    <UnitTestResult executionId="3b33dd77-103b-449f-8b29-6abf2279d669" testId="a7839cf0-508a-0ad4-6fc1-0553406f8071" testName="GetNext_ShouldReturnNull_WhenLastEntryWasCalled" computerName="DKSR-EFI-06" duration="00:00:00.0004609" startTime="2024-01-09T15:45:05.3731246+01:00" endTime="2024-01-09T15:45:05.3731246+01:00" testType="13cdc9d9-ddb5-4fa4-a97d-d965ccfc6d4b" outcome="Passed" testListId="8c84fa94-04c1-424b-9868-57a2d4851a1d" relativeResultsDirectory="3b33dd77-103b-449f-8b29-6abf2279d669" />
    <UnitTestResult executionId="434c122f-7308-4f4a-88c0-78548be1e120" testId="b543895e-b652-81f1-d5a2-ebd384954ea0" testName="Ctor_NullName_Throws" computerName="DKSR-EFI-06" duration="00:00:00.0013493" startTime="2024-01-09T15:45:01.4981172+01:00" endTime="2024-01-09T15:45:01.4981172+01:00" testType="13cdc9d9-ddb5-4fa4-a97d-d965ccfc6d4b" outcome="Passed" testListId="8c84fa94-04c1-424b-9868-57a2d4851a1d" relativeResultsDirectory="434c122f-7308-4f4a-88c0-78548be1e120" />
    <UnitTestResult executionId="3321cdab-0119-4b67-a308-d3eaf1d7cd51" testId="276c0e6d-3f7a-82fd-4800-9c53564baba3" testName="Equals_Fail_OnServerIdId" computerName="DKSR-EFI-06" duration="00:00:00.0005223" startTime="2024-01-09T15:44:29.7949351+01:00" endTime="2024-01-09T15:44:29.7949351+01:00" testType="13cdc9d9-ddb5-4fa4-a97d-d965ccfc6d4b" outcome="Passed" testListId="8c84fa94-04c1-424b-9868-57a2d4851a1d" relativeResultsDirectory="3321cdab-0119-4b67-a308-d3eaf1d7cd51" />
    <UnitTestResult executionId="33a9d434-89f1-4a1e-9bf1-3ee72edab760" testId="4f82d922-22f6-d968-086c-9b41bf965fdc" testName="ReadXml_ShouldLogWarningTwiceWhenMoreThanOneMinuteBetweenWarnings_WhenIncompleteScaleIsPresent" computerName="DKSR-EFI-06" duration="00:00:00.0020329" startTime="2024-01-09T15:45:03.5762478+01:00" endTime="2024-01-09T15:45:03.5918756+01:00" testType="13cdc9d9-ddb5-4fa4-a97d-d965ccfc6d4b" outcome="Passed" testListId="8c84fa94-04c1-424b-9868-57a2d4851a1d" relativeResultsDirectory="33a9d434-89f1-4a1e-9bf1-3ee72edab760" />
    <UnitTestResult executionId="15c391cf-2b22-47f7-8f9f-75971cfc5569" testId="052237df-54d9-31a7-0ab1-08aaf1d51da7" testName="ReadAppearanceExtensionXml_ShouldNotSetBoundingBoxLineColor_WhenBoundingBoxLineColorIsNotPresent" computerName="DKSR-EFI-06" duration="00:00:00.0002902" startTime="2024-01-09T15:45:03.2949970+01:00" endTime="2024-01-09T15:45:03.2949970+01:00" testType="13cdc9d9-ddb5-4fa4-a97d-d965ccfc6d4b" outcome="Passed" testListId="8c84fa94-04c1-424b-9868-57a2d4851a1d" relativeResultsDirectory="15c391cf-2b22-47f7-8f9f-75971cfc5569" />
    <UnitTestResult executionId="ecfe3058-e6ee-4f30-9db4-f9305208364c" testId="687e8953-7e5d-f508-b1c0-23de14611310" testName="ReadXml_ShouldLogWarning_WhenClassCandidateIsNotValid" computerName="DKSR-EFI-06" duration="00:00:00.0020108" startTime="2024-01-09T15:45:03.1387459+01:00" endTime="2024-01-09T15:45:03.1387459+01:00" testType="13cdc9d9-ddb5-4fa4-a97d-d965ccfc6d4b" outcome="Passed" testListId="8c84fa94-04c1-424b-9868-57a2d4851a1d" relativeResultsDirectory="ecfe3058-e6ee-4f30-9db4-f9305208364c" />
    <UnitTestResult executionId="bac1b375-f9d0-432f-96d1-15d2bc381fb5" testId="117614c7-eeb5-3c32-e0a6-311b673498a1" testName="Serialize_TestCases (TestParentTypeMatchObjectNotThisTypeNotMatched)" computerName="DKSR-EFI-06" duration="00:00:00.0007384" startTime="2024-01-09T15:44:59.5450043+01:00" endTime="2024-01-09T15:44:59.5450043+01:00" testType="13cdc9d9-ddb5-4fa4-a97d-d965ccfc6d4b" outcome="Passed" testListId="8c84fa94-04c1-424b-9868-57a2d4851a1d" relativeResultsDirectory="bac1b375-f9d0-432f-96d1-15d2bc381fb5" />
    <UnitTestResult executionId="06146658-ca79-4846-b1de-6b24abac76b4" testId="a26aca48-0992-fb7f-2394-abc4cff3b453" testName="Unescape_Success" computerName="DKSR-EFI-06" duration="00:00:00.0007416" startTime="2024-01-09T15:44:43.8730826+01:00" endTime="2024-01-09T15:44:43.8730826+01:00" testType="13cdc9d9-ddb5-4fa4-a97d-d965ccfc6d4b" outcome="Passed" testListId="8c84fa94-04c1-424b-9868-57a2d4851a1d" relativeResultsDirectory="06146658-ca79-4846-b1de-6b24abac76b4" />
    <UnitTestResult executionId="b61acb5f-fdbb-4f66-afb0-93f5d0a72b51" testId="b5ae8819-8b54-7370-da1b-0cdd20d995d0" testName="WriteXml_ShouldWriteAppearanceElement_WhenAppearanceIsNotNull" computerName="DKSR-EFI-06" duration="00:00:00.0022162" startTime="2024-01-09T15:45:03.2168716+01:00" endTime="2024-01-09T15:45:03.2168716+01:00" testType="13cdc9d9-ddb5-4fa4-a97d-d965ccfc6d4b" outcome="Passed" testListId="8c84fa94-04c1-424b-9868-57a2d4851a1d" relativeResultsDirectory="b61acb5f-fdbb-4f66-afb0-93f5d0a72b51" />
    <UnitTestResult executionId="8fa75275-eb54-4879-bca9-8d39c4fb4744" testId="44454256-30a7-bf45-41dd-badf653c0c55" testName="ReadXml_ShouldReadXAttribute_WhenPresent" computerName="DKSR-EFI-06" duration="00:00:00.0004915" startTime="2024-01-09T15:45:02.5762444+01:00" endTime="2024-01-09T15:45:02.5762444+01:00" testType="13cdc9d9-ddb5-4fa4-a97d-d965ccfc6d4b" outcome="Passed" testListId="8c84fa94-04c1-424b-9868-57a2d4851a1d" relativeResultsDirectory="8fa75275-eb54-4879-bca9-8d39c4fb4744" />
    <UnitTestResult executionId="e4f6164a-0d73-47b5-9a17-36b500b33b61" testId="de4de35b-27a7-9209-5227-b270da191793" testName="Remove_String" computerName="DKSR-EFI-06" duration="00:00:00.0007587" startTime="2024-01-09T15:45:01.7793681+01:00" endTime="2024-01-09T15:45:01.7793681+01:00" testType="13cdc9d9-ddb5-4fa4-a97d-d965ccfc6d4b" outcome="Passed" testListId="8c84fa94-04c1-424b-9868-57a2d4851a1d" relativeResultsDirectory="e4f6164a-0d73-47b5-9a17-36b500b33b61" />
    <UnitTestResult executionId="e3054496-b729-4941-8e75-6a3b48fb8c88" testId="36329e9d-989b-9474-5a40-51eec07faa7c" testName="ProvideValue_ShouldNotSetTargetProperty_WhenMultipleItemsSelected" computerName="DKSR-EFI-06" duration="00:00:00.0015250" startTime="2024-01-09T15:44:58.1699985+01:00" endTime="2024-01-09T15:44:58.1699985+01:00" testType="13cdc9d9-ddb5-4fa4-a97d-d965ccfc6d4b" outcome="Passed" testListId="8c84fa94-04c1-424b-9868-57a2d4851a1d" relativeResultsDirectory="e3054496-b729-4941-8e75-6a3b48fb8c88" />
    <UnitTestResult executionId="19ddaf84-4c66-45b3-b3c2-268bb2e54de9" testId="cc99ff3e-c755-1963-ff3d-70c3c6994b03" testName="GenerateDeviceCapabilityParameters_ShouldWriteName_WhenAlways" computerName="DKSR-EFI-06" duration="00:00:00.0012402" startTime="2024-01-09T15:45:05.4200527+01:00" endTime="2024-01-09T15:45:05.4200527+01:00" testType="13cdc9d9-ddb5-4fa4-a97d-d965ccfc6d4b" outcome="Passed" testListId="8c84fa94-04c1-424b-9868-57a2d4851a1d" relativeResultsDirectory="19ddaf84-4c66-45b3-b3c2-268bb2e54de9" />
    <UnitTestResult executionId="fc6733b5-9240-484a-a53b-080a66f8d8dc" testId="cb973932-552d-edc5-fa30-c27e003b5121" testName="UtcTimeAttributeWasPresent_ShouldReturnFalse_WhenUtcTimeAttributeIsMissing" computerName="DKSR-EFI-06" duration="00:00:00.0003255" startTime="2024-01-09T15:45:02.6857887+01:00" endTime="2024-01-09T15:45:02.6857887+01:00" testType="13cdc9d9-ddb5-4fa4-a97d-d965ccfc6d4b" outcome="Passed" testListId="8c84fa94-04c1-424b-9868-57a2d4851a1d" relativeResultsDirectory="fc6733b5-9240-484a-a53b-080a66f8d8dc" />
    <UnitTestResult executionId="8af69e79-b429-428e-8df2-ab483a3f422b" testId="bfea60ac-0b86-e379-4adc-c41a2063908a" testName="ParseMetadataXmlWithString_ShouldThrowArgumentNullException_WhenXmlIsNull" computerName="DKSR-EFI-06" duration="00:00:00.0016675" startTime="2024-01-09T15:45:02.7793689+01:00" endTime="2024-01-09T15:45:02.7793689+01:00" testType="13cdc9d9-ddb5-4fa4-a97d-d965ccfc6d4b" outcome="Passed" testListId="8c84fa94-04c1-424b-9868-57a2d4851a1d" relativeResultsDirectory="8af69e79-b429-428e-8df2-ab483a3f422b" />
    <UnitTestResult executionId="1c759d8c-ae06-4955-8f91-0f2bf375723d" testId="9cb1dd9b-9567-7d27-369e-add42bb14fb4" testName="AddFilterValue_ExistingValue_NullFilter_Throws" computerName="DKSR-EFI-06" duration="00:00:00.0008657" startTime="2024-01-09T15:44:59.8731289+01:00" endTime="2024-01-09T15:44:59.8731289+01:00" testType="13cdc9d9-ddb5-4fa4-a97d-d965ccfc6d4b" outcome="Passed" testListId="8c84fa94-04c1-424b-9868-57a2d4851a1d" relativeResultsDirectory="1c759d8c-ae06-4955-8f91-0f2bf375723d" />
    <UnitTestResult executionId="7aba9a37-15c8-4610-97da-f5eb0f24a87d" testId="a9e125d3-70c7-168e-1c81-0d36cf4ad5a1" testName="CollectionReplaced_ShouldInvokeCallback_WhenObservable" computerName="DKSR-EFI-06" duration="00:00:00.0012110" startTime="2024-01-09T15:44:56.8418679+01:00" endTime="2024-01-09T15:44:56.8418679+01:00" testType="13cdc9d9-ddb5-4fa4-a97d-d965ccfc6d4b" outcome="Passed" testListId="8c84fa94-04c1-424b-9868-57a2d4851a1d" relativeResultsDirectory="7aba9a37-15c8-4610-97da-f5eb0f24a87d" />
    <UnitTestResult executionId="54213b17-3397-4c02-a0b2-d9b979390230" testId="788d8b0c-681e-eeab-fb16-541a413b2444" testName="GetNextDateTime_ShouldReturnDataEntityFromCacheWithoutCallingToolkit_WhenDataIsPresentInCache" computerName="DKSR-EFI-06" duration="00:00:00.0035235" startTime="2024-01-09T15:45:05.6387499+01:00" endTime="2024-01-09T15:45:05.6387499+01:00" testType="13cdc9d9-ddb5-4fa4-a97d-d965ccfc6d4b" outcome="Passed" testListId="8c84fa94-04c1-424b-9868-57a2d4851a1d" relativeResultsDirectory="54213b17-3397-4c02-a0b2-d9b979390230" />
    <UnitTestResult executionId="57f27f4b-9e46-44b6-aebe-7a18c4715549" testId="9c3bf906-36ef-3f5d-6689-5fb9e3aa8d47" testName="Match_Fail_SystemType_WrongType_Single" computerName="DKSR-EFI-06" duration="00:00:00.0004908" startTime="2024-01-09T15:45:03.9199986+01:00" endTime="2024-01-09T15:45:03.9199986+01:00" testType="13cdc9d9-ddb5-4fa4-a97d-d965ccfc6d4b" outcome="Passed" testListId="8c84fa94-04c1-424b-9868-57a2d4851a1d" relativeResultsDirectory="57f27f4b-9e46-44b6-aebe-7a18c4715549" />
    <UnitTestResult executionId="ed260d81-c1fd-4199-add6-c203eb2ee78d" testId="43549381-b46a-2b58-13a9-b35484e42c71" testName="Match_Success_SystemTypeAnyMessage" computerName="DKSR-EFI-06" duration="00:00:00.0004143" startTime="2024-01-09T15:45:03.9043713+01:00" endTime="2024-01-09T15:45:03.9043713+01:00" testType="13cdc9d9-ddb5-4fa4-a97d-d965ccfc6d4b" outcome="Passed" testListId="8c84fa94-04c1-424b-9868-57a2d4851a1d" relativeResultsDirectory="ed260d81-c1fd-4199-add6-c203eb2ee78d" />
    <UnitTestResult executionId="c7f0aaf7-28cd-4e1a-b414-acac0054abb1" testId="c975fa8d-6f04-08d0-8773-8610e8c13dbc" testName="ReadXml_ShouldReadAltitude_WhenAltitudeIsPresent" computerName="DKSR-EFI-06" duration="00:00:00.0003038" startTime="2024-01-09T15:45:03.0762459+01:00" endTime="2024-01-09T15:45:03.0762459+01:00" testType="13cdc9d9-ddb5-4fa4-a97d-d965ccfc6d4b" outcome="Passed" testListId="8c84fa94-04c1-424b-9868-57a2d4851a1d" relativeResultsDirectory="c7f0aaf7-28cd-4e1a-b414-acac0054abb1" />
    <UnitTestResult executionId="9e013fe3-4243-4857-a02b-3777d815ca48" testId="687e7059-e7b1-dddd-6cf1-c4b5cd5cad05" testName="GetMetadataStream_ShouldThrowXmlException_WhenByteArrayContainsInvalidXml" computerName="DKSR-EFI-06" duration="00:00:00.0042632" startTime="2024-01-09T15:45:02.7793689+01:00" endTime="2024-01-09T15:45:02.7793689+01:00" testType="13cdc9d9-ddb5-4fa4-a97d-d965ccfc6d4b" outcome="Passed" testListId="8c84fa94-04c1-424b-9868-57a2d4851a1d" relativeResultsDirectory="9e013fe3-4243-4857-a02b-3777d815ca48" />
    <UnitTestResult executionId="66d2d19d-0bd8-4b47-af2a-4249e56ef119" testId="654a7cf9-90b9-03f9-bc66-64198ac9caf1" testName="Parse_MixedArray" computerName="DKSR-EFI-06" duration="00:00:00.0005116" startTime="2024-01-09T15:45:01.8106179+01:00" endTime="2024-01-09T15:45:01.8106179+01:00" testType="13cdc9d9-ddb5-4fa4-a97d-d965ccfc6d4b" outcome="Passed" testListId="8c84fa94-04c1-424b-9868-57a2d4851a1d" relativeResultsDirectory="66d2d19d-0bd8-4b47-af2a-4249e56ef119" />
    <UnitTestResult executionId="db6a4cf2-80cc-4596-9aee-c762f18a7929" testId="85a3df1f-74e3-6aca-1e0c-cfef94af0047" testName="Parse_IntArray" computerName="DKSR-EFI-06" duration="00:00:00.0006590" startTime="2024-01-09T15:45:01.8106179+01:00" endTime="2024-01-09T15:45:01.8106179+01:00" testType="13cdc9d9-ddb5-4fa4-a97d-d965ccfc6d4b" outcome="Passed" testListId="8c84fa94-04c1-424b-9868-57a2d4851a1d" relativeResultsDirectory="db6a4cf2-80cc-4596-9aee-c762f18a7929" />
    <UnitTestResult executionId="3bd2f1dc-003c-451d-b96d-c15d804c4a47" testId="ad2e8dc8-017a-fd28-8587-9788ac26c9e0" testName="Remove_KeyPresent_ReturnsTrueAndGetReturnsNull" computerName="DKSR-EFI-06" duration="00:00:00.0002953" startTime="2024-01-09T15:44:44.1074572+01:00" endTime="2024-01-09T15:44:44.1074572+01:00" testType="13cdc9d9-ddb5-4fa4-a97d-d965ccfc6d4b" outcome="Passed" testListId="8c84fa94-04c1-424b-9868-57a2d4851a1d" relativeResultsDirectory="3bd2f1dc-003c-451d-b96d-c15d804c4a47" />
    <UnitTestResult executionId="2bf71887-3d65-4287-b1fd-8118b5537682" testId="1eb1dc9e-0313-f642-c091-1fcc25a2d80c" testName="WriteXml_ShouldWriteTransformationContents_WhenTransformationIsNotNull" computerName="DKSR-EFI-06" duration="00:00:00.0014221" startTime="2024-01-09T15:45:02.3262452+01:00" endTime="2024-01-09T15:45:02.3262452+01:00" testType="13cdc9d9-ddb5-4fa4-a97d-d965ccfc6d4b" outcome="Passed" testListId="8c84fa94-04c1-424b-9868-57a2d4851a1d" relativeResultsDirectory="2bf71887-3d65-4287-b1fd-8118b5537682" />
    <UnitTestResult executionId="24787b02-5ea7-4ac1-b085-524070f4a707" testId="dcc9cf01-7d0d-4dc6-9027-2fa692f04ff1" testName="WriteXml_ShouldWriteIsRemovedElement_WhenIsRemovedIsTrue" computerName="DKSR-EFI-06" duration="00:00:00.0006011" startTime="2024-01-09T15:45:02.4043680+01:00" endTime="2024-01-09T15:45:02.4043680+01:00" testType="13cdc9d9-ddb5-4fa4-a97d-d965ccfc6d4b" outcome="Passed" testListId="8c84fa94-04c1-424b-9868-57a2d4851a1d" relativeResultsDirectory="24787b02-5ea7-4ac1-b085-524070f4a707" />
    <UnitTestResult executionId="39de387f-7822-4dc0-b579-e2fbeabf5a0d" testId="94e5854b-a7a8-bf50-1837-dc2fec1a5970" testName="ToJson_IntElement" computerName="DKSR-EFI-06" duration="00:00:00.0002146" startTime="2024-01-09T15:45:01.8262946+01:00" endTime="2024-01-09T15:45:01.8262946+01:00" testType="13cdc9d9-ddb5-4fa4-a97d-d965ccfc6d4b" outcome="Passed" testListId="8c84fa94-04c1-424b-9868-57a2d4851a1d" relativeResultsDirectory="39de387f-7822-4dc0-b579-e2fbeabf5a0d" />
    <UnitTestResult executionId="ec3b2882-cf89-46a5-85f7-96d4926734fb" testId="7f634cbe-20c0-73ce-7a57-e27b44400638" testName="Ctor_NullName_Throws" computerName="DKSR-EFI-06" duration="00:00:00.0013418" startTime="2024-01-09T15:45:01.4199919+01:00" endTime="2024-01-09T15:45:01.4199919+01:00" testType="13cdc9d9-ddb5-4fa4-a97d-d965ccfc6d4b" outcome="Passed" testListId="8c84fa94-04c1-424b-9868-57a2d4851a1d" relativeResultsDirectory="ec3b2882-cf89-46a5-85f7-96d4926734fb" />
    <UnitTestResult executionId="2237ca4f-4b39-4220-9c27-611aaa796f4a" testId="a42de255-353b-3499-e7ec-b18bd5c29a5c" testName="ReadXml_ShouldDiscardTranslate_WhenIncompleteTranslateIsPresent" computerName="DKSR-EFI-06" duration="00:00:00.0006222" startTime="2024-01-09T15:45:03.5606235+01:00" endTime="2024-01-09T15:45:03.5606235+01:00" testType="13cdc9d9-ddb5-4fa4-a97d-d965ccfc6d4b" outcome="Passed" testListId="8c84fa94-04c1-424b-9868-57a2d4851a1d" relativeResultsDirectory="2237ca4f-4b39-4220-9c27-611aaa796f4a" />
    <UnitTestResult executionId="05b5f0bc-8376-4d3a-a2b6-cb66be32d310" testId="c2a92498-f703-1b39-7778-71f05b13e27d" testName="ReadXml_ShouldSetAllPropertiesToZero_WhenElementIsEmpty" computerName="DKSR-EFI-06" duration="00:00:00.0022538" startTime="2024-01-09T15:45:03.2481209+01:00" endTime="2024-01-09T15:45:03.2481209+01:00" testType="13cdc9d9-ddb5-4fa4-a97d-d965ccfc6d4b" outcome="Passed" testListId="8c84fa94-04c1-424b-9868-57a2d4851a1d" relativeResultsDirectory="05b5f0bc-8376-4d3a-a2b6-cb66be32d310" />
    <UnitTestResult executionId="9c9831ce-0d64-4425-97c8-2bc89db399ee" testId="ad962b0e-987d-63ea-d90a-c4db7582df00" testName="GenerateDeviceParameters_ShouldWriteNumberOfTypeDefintions_WhenAlways" computerName="DKSR-EFI-06" duration="00:00:00.0045279" startTime="2024-01-09T15:45:05.4356277+01:00" endTime="2024-01-09T15:45:05.4512504+01:00" testType="13cdc9d9-ddb5-4fa4-a97d-d965ccfc6d4b" outcome="Passed" testListId="8c84fa94-04c1-424b-9868-57a2d4851a1d" relativeResultsDirectory="9c9831ce-0d64-4425-97c8-2bc89db399ee" />
    <UnitTestResult executionId="5e751c4e-dd25-4ad4-b09d-04014ec238ec" testId="c5df7b24-5576-61ff-2c2f-8ef0272c7cb0" testName="GetPrevious_ShouldReturnNull_WhenCacheIsEmpty" computerName="DKSR-EFI-06" duration="00:00:00.0005519" startTime="2024-01-09T15:45:05.3418755+01:00" endTime="2024-01-09T15:45:05.3418755+01:00" testType="13cdc9d9-ddb5-4fa4-a97d-d965ccfc6d4b" outcome="Passed" testListId="8c84fa94-04c1-424b-9868-57a2d4851a1d" relativeResultsDirectory="5e751c4e-dd25-4ad4-b09d-04014ec238ec" />
    <UnitTestResult executionId="1a1a3482-e584-4366-bf98-9a8f29bf8a2b" testId="585441ab-f7bf-ef9a-ea65-e7624bf9208f" testName="WriteXml_ShouldWriteBottomAttribute_WhenAlays" computerName="DKSR-EFI-06" duration="00:00:00.0007847" startTime="2024-01-09T15:45:03.3731222+01:00" endTime="2024-01-09T15:45:03.3731222+01:00" testType="13cdc9d9-ddb5-4fa4-a97d-d965ccfc6d4b" outcome="Passed" testListId="8c84fa94-04c1-424b-9868-57a2d4851a1d" relativeResultsDirectory="1a1a3482-e584-4366-bf98-9a8f29bf8a2b" />
    <UnitTestResult executionId="01930a62-bae9-4a5c-8b5c-252845f0fc61" testId="16dd1f98-130f-f1f5-491b-90125b059034" testName="AppendItemPicked_MultiSelect_TryAddSameItems_ItemsNotAdded" computerName="DKSR-EFI-06" duration="00:00:00.0015931" startTime="2024-01-09T15:44:55.4512389+01:00" endTime="2024-01-09T15:44:55.4512389+01:00" testType="13cdc9d9-ddb5-4fa4-a97d-d965ccfc6d4b" outcome="Passed" testListId="8c84fa94-04c1-424b-9868-57a2d4851a1d" relativeResultsDirectory="01930a62-bae9-4a5c-8b5c-252845f0fc61" />
    <UnitTestResult executionId="40a821b2-c027-4f2a-b94d-d1d5578767da" testId="65a78e97-54ce-8026-0240-7af1b5e1a5a5" testName="GetEnd_ShouldReturnNull_WhenToolkitReturnsResponseWithNullDataList" computerName="DKSR-EFI-06" duration="00:00:00.0018310" startTime="2024-01-09T15:45:05.6231255+01:00" endTime="2024-01-09T15:45:05.6231255+01:00" testType="13cdc9d9-ddb5-4fa4-a97d-d965ccfc6d4b" outcome="Passed" testListId="8c84fa94-04c1-424b-9868-57a2d4851a1d" relativeResultsDirectory="40a821b2-c027-4f2a-b94d-d1d5578767da" />
    <UnitTestResult executionId="14cfd39c-8135-45c9-8e90-d198b8742192" testId="60143918-8d3e-3cea-ec1f-f42a487ede4c" testName="SearchResultData_Title_Success" computerName="DKSR-EFI-06" duration="00:00:00.0003281" startTime="2024-01-09T15:45:00.7793811+01:00" endTime="2024-01-09T15:45:00.7793811+01:00" testType="13cdc9d9-ddb5-4fa4-a97d-d965ccfc6d4b" outcome="Passed" testListId="8c84fa94-04c1-424b-9868-57a2d4851a1d" relativeResultsDirectory="14cfd39c-8135-45c9-8e90-d198b8742192" />
    <UnitTestResult executionId="14f9d71c-4ab1-4a0c-a8d6-ea9f8886f60b" testId="42d4745e-d9b8-f2e9-3bf0-8b9851599c44" testName="HttpScheme_ShouldFollowHttpPort" computerName="DKSR-EFI-06" duration="00:00:00.0005185" startTime="2024-01-09T15:44:32.2324362+01:00" endTime="2024-01-09T15:44:32.2324362+01:00" testType="13cdc9d9-ddb5-4fa4-a97d-d965ccfc6d4b" outcome="Passed" testListId="8c84fa94-04c1-424b-9868-57a2d4851a1d" relativeResultsDirectory="14f9d71c-4ab1-4a0c-a8d6-ea9f8886f60b" />
    <UnitTestResult executionId="96479679-a5e3-4c13-bc74-4eb8f8d39820" testId="441213bb-d837-6a17-d5bf-0e8158ed876c" testName="GetFilterValues_UnknownFilter_ReturnsEmptyList" computerName="DKSR-EFI-06" duration="00:00:00.0003156" startTime="2024-01-09T15:44:59.9200030+01:00" endTime="2024-01-09T15:44:59.9200030+01:00" testType="13cdc9d9-ddb5-4fa4-a97d-d965ccfc6d4b" outcome="Passed" testListId="8c84fa94-04c1-424b-9868-57a2d4851a1d" relativeResultsDirectory="96479679-a5e3-4c13-bc74-4eb8f8d39820" />
    <UnitTestResult executionId="44263901-1a8e-424a-b007-ffeba2019f12" testId="5f47c21d-eb6b-8972-42b3-349701e80bfd" testName="ReadXml_ShouldLogWarning_WhenShapeIsInvalid" computerName="DKSR-EFI-06" duration="00:00:00.0037651" startTime="2024-01-09T15:45:02.2793693+01:00" endTime="2024-01-09T15:45:02.2793693+01:00" testType="13cdc9d9-ddb5-4fa4-a97d-d965ccfc6d4b" outcome="Passed" testListId="8c84fa94-04c1-424b-9868-57a2d4851a1d" relativeResultsDirectory="44263901-1a8e-424a-b007-ffeba2019f12" />
    <UnitTestResult executionId="542f7618-2bb1-453b-a730-f7e17a0738bf" testId="11006eff-dccd-aa32-9666-4dd55bbdd6ef" testName="GenerateEnumValueParameters_ShouldWriteName_WhenAlways" computerName="DKSR-EFI-06" duration="00:00:00.0007586" startTime="2024-01-09T15:45:05.2481271+01:00" endTime="2024-01-09T15:45:05.2481271+01:00" testType="13cdc9d9-ddb5-4fa4-a97d-d965ccfc6d4b" outcome="Passed" testListId="8c84fa94-04c1-424b-9868-57a2d4851a1d" relativeResultsDirectory="542f7618-2bb1-453b-a730-f7e17a0738bf" />
    <UnitTestResult executionId="a46f33dc-7f94-480e-8ab8-dd84668539cf" testId="4937d7ac-b3aa-c23d-f312-18cd0c6ed990" testName="WriteXml_ShouldWriteCenterOfGravityElement_WhenCenterOfGravityIsNotNull" computerName="DKSR-EFI-06" duration="00:00:00.0011267" startTime="2024-01-09T15:45:03.5137488+01:00" endTime="2024-01-09T15:45:03.5137488+01:00" testType="13cdc9d9-ddb5-4fa4-a97d-d965ccfc6d4b" outcome="Passed" testListId="8c84fa94-04c1-424b-9868-57a2d4851a1d" relativeResultsDirectory="a46f33dc-7f94-480e-8ab8-dd84668539cf" />
    <UnitTestResult executionId="39f71855-ed87-487b-9c8b-301649d45fbe" testId="e0743512-14b2-153f-50d2-6849d822eb82" testName="ProvideValue_ShouldUseContentTemplateFromItem_WhenItemContentTemplateIsSet" computerName="DKSR-EFI-06" duration="00:00:00.0015410" startTime="2024-01-09T15:44:57.8418710+01:00" endTime="2024-01-09T15:44:57.8418710+01:00" testType="13cdc9d9-ddb5-4fa4-a97d-d965ccfc6d4b" outcome="Passed" testListId="8c84fa94-04c1-424b-9868-57a2d4851a1d" relativeResultsDirectory="39f71855-ed87-487b-9c8b-301649d45fbe" />
    <UnitTestResult executionId="56db3a62-10d1-4c13-bbe4-c094c2a2016c" testId="1e592ef1-e1bf-3981-b2eb-87e514325b77" testName="GetAtOrBefore_ShouldReturnNull_WhenTimestampIsAfterLastElement" computerName="DKSR-EFI-06" duration="00:00:00.0004817" startTime="2024-01-09T15:45:05.4043752+01:00" endTime="2024-01-09T15:45:05.4043752+01:00" testType="13cdc9d9-ddb5-4fa4-a97d-d965ccfc6d4b" outcome="Passed" testListId="8c84fa94-04c1-424b-9868-57a2d4851a1d" relativeResultsDirectory="56db3a62-10d1-4c13-bbe4-c094c2a2016c" />
    <UnitTestResult executionId="02971fb7-2442-4621-85c3-a352d6e0cbca" testId="6e393d7b-94c5-fcd2-56bc-16f28fade189" testName="Serialize_TestCases (Verify root Interface (not null) property get property value)" computerName="DKSR-EFI-06" duration="00:00:00.0001760" startTime="2024-01-09T15:44:59.4043763+01:00" endTime="2024-01-09T15:44:59.4200016+01:00" testType="13cdc9d9-ddb5-4fa4-a97d-d965ccfc6d4b" outcome="Passed" testListId="8c84fa94-04c1-424b-9868-57a2d4851a1d" relativeResultsDirectory="02971fb7-2442-4621-85c3-a352d6e0cbca" />
    <UnitTestResult executionId="f147714c-b77a-4938-be7f-a3bcb2547308" testId="6d35c2c3-73b0-8587-396e-ba4ccb5d6691" testName="ProvideValue_ShouldChangeContentTemplate_WhenItemContentTemplatePropertyNameIsSet" computerName="DKSR-EFI-06" duration="00:00:00.0050025" startTime="2024-01-09T15:44:57.8418710+01:00" endTime="2024-01-09T15:44:57.8418710+01:00" testType="13cdc9d9-ddb5-4fa4-a97d-d965ccfc6d4b" outcome="Passed" testListId="8c84fa94-04c1-424b-9868-57a2d4851a1d" relativeResultsDirectory="f147714c-b77a-4938-be7f-a3bcb2547308" />
    <UnitTestResult executionId="361d5a94-877e-4eac-aac5-6f649d6c720e" testId="7ff37c2f-1947-5bfd-5301-306c5eae35b9" testName="TestMultiLevelQueue_LevelIdentifierThrowsException_QueueSurvives" computerName="DKSR-EFI-06" duration="00:00:00.1564657" startTime="2024-01-09T15:44:50.8887281+01:00" endTime="2024-01-09T15:44:51.0449804+01:00" testType="13cdc9d9-ddb5-4fa4-a97d-d965ccfc6d4b" outcome="Passed" testListId="8c84fa94-04c1-424b-9868-57a2d4851a1d" relativeResultsDirectory="361d5a94-877e-4eac-aac5-6f649d6c720e" />
    <UnitTestResult executionId="712fe8c0-77c7-4ee7-8392-3682b09abda6" testId="6e2943e4-1567-7531-b5b0-13aaeb4e80e3" testName="Add_NullKey_Throws" computerName="DKSR-EFI-06" duration="00:00:00.0006691" startTime="2024-01-09T15:44:44.0918322+01:00" endTime="2024-01-09T15:44:44.0918322+01:00" testType="13cdc9d9-ddb5-4fa4-a97d-d965ccfc6d4b" outcome="Passed" testListId="8c84fa94-04c1-424b-9868-57a2d4851a1d" relativeResultsDirectory="712fe8c0-77c7-4ee7-8392-3682b09abda6" />
    <UnitTestResult executionId="441d2bd0-0034-4c72-bad5-958f04224936" testId="4331be32-8242-7bcf-516a-a7263d816796" testName="ParseMetadataXmlWithBytes_ShouldReturnCorrectObjects_WhenBinaryDataContainsCorrectXml" computerName="DKSR-EFI-06" duration="00:00:00.0154846" startTime="2024-01-09T15:45:02.8106189+01:00" endTime="2024-01-09T15:45:02.8262449+01:00" testType="13cdc9d9-ddb5-4fa4-a97d-d965ccfc6d4b" outcome="Passed" testListId="8c84fa94-04c1-424b-9868-57a2d4851a1d" relativeResultsDirectory="441d2bd0-0034-4c72-bad5-958f04224936" />
    <UnitTestResult executionId="1eab0ed4-3d90-4dba-b70c-8801919c7f50" testId="6693e462-e8ba-ed25-48bc-eff1d5392eaa" testName="CountByItems_Activated_Missing2" computerName="DKSR-EFI-06" duration="00:00:00.0008661" startTime="2024-01-09T15:45:05.0449998+01:00" endTime="2024-01-09T15:45:05.0449998+01:00" testType="13cdc9d9-ddb5-4fa4-a97d-d965ccfc6d4b" outcome="Passed" testListId="8c84fa94-04c1-424b-9868-57a2d4851a1d" relativeResultsDirectory="1eab0ed4-3d90-4dba-b70c-8801919c7f50" />
    <UnitTestResult executionId="f69cb4e8-cb9a-4049-9927-1d17bc3a4e1a" testId="222dc4eb-8a5f-bb70-a6c0-96da1bd8a35a" testName="ReadXml_ShouldIgnoreUnknownChildren_WhenUnknownChildrenArePresent" computerName="DKSR-EFI-06" duration="00:00:00.0009465" startTime="2024-01-09T15:45:03.1074982+01:00" endTime="2024-01-09T15:45:03.1074982+01:00" testType="13cdc9d9-ddb5-4fa4-a97d-d965ccfc6d4b" outcome="Passed" testListId="8c84fa94-04c1-424b-9868-57a2d4851a1d" relativeResultsDirectory="f69cb4e8-cb9a-4049-9927-1d17bc3a4e1a" />
    <UnitTestResult executionId="39bc4dd6-5d40-488b-88b1-61fb03045681" testId="2a445259-81b4-7d21-8522-cb29686e8b5b" testName="CreateSearchResultUserControl_SinglePlugin_Success" computerName="DKSR-EFI-06" duration="00:00:00.1466781" startTime="2024-01-09T15:45:00.8731328+01:00" endTime="2024-01-09T15:45:01.0137404+01:00" testType="13cdc9d9-ddb5-4fa4-a97d-d965ccfc6d4b" outcome="Passed" testListId="8c84fa94-04c1-424b-9868-57a2d4851a1d" relativeResultsDirectory="39bc4dd6-5d40-488b-88b1-61fb03045681" />
    <UnitTestResult executionId="e48f3be8-05f7-4fa9-b3f4-81a59f2fc8e0" testId="6063544f-f430-cb16-6dfb-368d6711c379" testName="GetNextDateTime_ShouldReturnFirstDataEntityFromToolkit_WhenDataIsNotCached" computerName="DKSR-EFI-06" duration="00:00:00.0059137" startTime="2024-01-09T15:45:05.6231255+01:00" endTime="2024-01-09T15:45:05.6387499+01:00" testType="13cdc9d9-ddb5-4fa4-a97d-d965ccfc6d4b" outcome="Passed" testListId="8c84fa94-04c1-424b-9868-57a2d4851a1d" relativeResultsDirectory="e48f3be8-05f7-4fa9-b3f4-81a59f2fc8e0" />
    <UnitTestResult executionId="479e1618-91e3-4f63-9ecd-ea4064c2608d" testId="0ef6c2b0-c03c-b1c8-fd6f-4840c4db7605" testName="GetChildItems_ShouldReturnItems_WhenAllForParentAreAdded" computerName="DKSR-EFI-06" duration="00:00:00.0005277" startTime="2024-01-09T15:44:33.7636850+01:00" endTime="2024-01-09T15:44:33.7636850+01:00" testType="13cdc9d9-ddb5-4fa4-a97d-d965ccfc6d4b" outcome="Passed" testListId="8c84fa94-04c1-424b-9868-57a2d4851a1d" relativeResultsDirectory="479e1618-91e3-4f63-9ecd-ea4064c2608d" />
    <UnitTestResult executionId="f95de32c-488f-458e-b27d-423e843ffa64" testId="b6cf4406-22c8-107a-cae8-fc1d204c4130" testName="SetChildren_Set_NoChildren_And_Check" computerName="DKSR-EFI-06" duration="00:00:00.0125857" startTime="2024-01-09T15:44:30.3730613+01:00" endTime="2024-01-09T15:44:30.3886846+01:00" testType="13cdc9d9-ddb5-4fa4-a97d-d965ccfc6d4b" outcome="Passed" testListId="8c84fa94-04c1-424b-9868-57a2d4851a1d" relativeResultsDirectory="f95de32c-488f-458e-b27d-423e843ffa64" />
    <UnitTestResult executionId="14a68ba8-2f61-4654-a355-ee25a644f051" testId="66035837-2c9f-2396-ee34-7f395303e812" testName="WriteXml_ShouldOmitIsRemovedElement_WhenIsRemovedFalse" computerName="DKSR-EFI-06" duration="00:00:00.0002702" startTime="2024-01-09T15:45:02.4043680+01:00" endTime="2024-01-09T15:45:02.4043680+01:00" testType="13cdc9d9-ddb5-4fa4-a97d-d965ccfc6d4b" outcome="Passed" testListId="8c84fa94-04c1-424b-9868-57a2d4851a1d" relativeResultsDirectory="14a68ba8-2f61-4654-a355-ee25a644f051" />
    <UnitTestResult executionId="39777739-f340-4b46-b26e-6954cb7e8f7a" testId="868fab3c-659e-4c15-a10e-0b6912bfed13" testName="GetAtOrBefore_ShouldReturnEntryFromCache_WhenDataIsInCacheWithExactSameTime" computerName="DKSR-EFI-06" duration="00:00:00.0023096" startTime="2024-01-09T15:45:05.7168781+01:00" endTime="2024-01-09T15:45:05.7325023+01:00" testType="13cdc9d9-ddb5-4fa4-a97d-d965ccfc6d4b" outcome="Passed" testListId="8c84fa94-04c1-424b-9868-57a2d4851a1d" relativeResultsDirectory="39777739-f340-4b46-b26e-6954cb7e8f7a" />
    <UnitTestResult executionId="c65a709e-f3da-47cd-993c-01760802bf8e" testId="310968d1-fc55-32d1-9bf4-640cd6ac6c2c" testName="CountByCounter_Activated_Expired" computerName="DKSR-EFI-06" duration="00:00:00.0007627" startTime="2024-01-09T15:45:05.0137507+01:00" endTime="2024-01-09T15:45:05.0137507+01:00" testType="13cdc9d9-ddb5-4fa4-a97d-d965ccfc6d4b" outcome="Passed" testListId="8c84fa94-04c1-424b-9868-57a2d4851a1d" relativeResultsDirectory="c65a709e-f3da-47cd-993c-01760802bf8e" />
    <UnitTestResult executionId="e829b713-5663-48ec-8b3c-c4937e73521a" testId="68a34a15-d421-8568-e2a0-5ca548802bb9" testName="Latitude_ShouldThrowArgumentOfRange_WhenValueIsOutsideAcceptedRange" computerName="DKSR-EFI-06" duration="00:00:00.0028823" startTime="2024-01-09T15:45:03.0293706+01:00" endTime="2024-01-09T15:45:03.0293706+01:00" testType="13cdc9d9-ddb5-4fa4-a97d-d965ccfc6d4b" outcome="Passed" testListId="8c84fa94-04c1-424b-9868-57a2d4851a1d" relativeResultsDirectory="e829b713-5663-48ec-8b3c-c4937e73521a" />
    <UnitTestResult executionId="cffe3639-94e7-4344-84d6-0b17a5ccbbbd" testId="e8ac92b2-fcd9-2dc0-f713-3c2cf3bb77c1" testName="GetPreviousDateTime_ShouldReturnLastDataEntityFromToolkit_WhenDataIsNotCached" computerName="DKSR-EFI-06" duration="00:00:00.0034363" startTime="2024-01-09T15:45:05.6543755+01:00" endTime="2024-01-09T15:45:05.6543755+01:00" testType="13cdc9d9-ddb5-4fa4-a97d-d965ccfc6d4b" outcome="Passed" testListId="8c84fa94-04c1-424b-9868-57a2d4851a1d" relativeResultsDirectory="cffe3639-94e7-4344-84d6-0b17a5ccbbbd" />
    <UnitTestResult executionId="4d27f630-d42f-423f-a423-1bb0e4ad0b14" testId="7e0a73d2-6a35-69c0-258f-1a39ba55eac2" testName="Append_Ignored_For_Empty_Values" computerName="DKSR-EFI-06" duration="00:00:00.0014639" startTime="2024-01-09T15:45:01.6074910+01:00" endTime="2024-01-09T15:45:01.6074910+01:00" testType="13cdc9d9-ddb5-4fa4-a97d-d965ccfc6d4b" outcome="Passed" testListId="8c84fa94-04c1-424b-9868-57a2d4851a1d" relativeResultsDirectory="4d27f630-d42f-423f-a423-1bb0e4ad0b14" />
    <UnitTestResult executionId="7146b7f0-257e-4d6c-ae5e-1fc0a18c7bfd" testId="a68e6a6e-4209-2d96-e42e-fdfc6deeba69" testName="WriteXml_ShouldWriteColorAttribute_WhenPresent" computerName="DKSR-EFI-06" duration="00:00:00.0003173" startTime="2024-01-09T15:45:02.6387449+01:00" endTime="2024-01-09T15:45:02.6387449+01:00" testType="13cdc9d9-ddb5-4fa4-a97d-d965ccfc6d4b" outcome="Passed" testListId="8c84fa94-04c1-424b-9868-57a2d4851a1d" relativeResultsDirectory="7146b7f0-257e-4d6c-ae5e-1fc0a18c7bfd" />
    <UnitTestResult executionId="6b9603be-eae1-45da-9891-8cd07083f881" testId="acaeb9e2-224e-f43f-7505-888da6b80f9b" testName="ReadXml_ShouldLogWarningTwiceWhenMoreThanOneMinuteBetweenWarnings_WhenElementErrorsAreDetected" computerName="DKSR-EFI-06" duration="00:00:00.0020582" startTime="2024-01-09T15:45:02.4981188+01:00" endTime="2024-01-09T15:45:02.4981188+01:00" testType="13cdc9d9-ddb5-4fa4-a97d-d965ccfc6d4b" outcome="Passed" testListId="8c84fa94-04c1-424b-9868-57a2d4851a1d" relativeResultsDirectory="6b9603be-eae1-45da-9891-8cd07083f881" />
    <UnitTestResult executionId="7fead60f-d95f-4bf4-b04e-50641ad1a319" testId="90272f82-6dbb-9ffb-b9a3-664aee5c00a3" testName="WriteXml_ShouldWriteDescriptionElement_WhenDescriptionIsNotNull" computerName="DKSR-EFI-06" duration="00:00:00.0028881" startTime="2024-01-09T15:45:02.3418673+01:00" endTime="2024-01-09T15:45:02.3418673+01:00" testType="13cdc9d9-ddb5-4fa4-a97d-d965ccfc6d4b" outcome="Passed" testListId="8c84fa94-04c1-424b-9868-57a2d4851a1d" relativeResultsDirectory="7fead60f-d95f-4bf4-b04e-50641ad1a319" />
    <UnitTestResult executionId="af4c348c-7ad8-4b5e-a3da-c87a7eb948f6" testId="33719bf3-5409-92ab-16c7-8a271f81b2e6" testName="Ctor_EmptyName_Throws" computerName="DKSR-EFI-06" duration="00:00:00.0006388" startTime="2024-01-09T15:45:01.4199919+01:00" endTime="2024-01-09T15:45:01.4199919+01:00" testType="13cdc9d9-ddb5-4fa4-a97d-d965ccfc6d4b" outcome="Passed" testListId="8c84fa94-04c1-424b-9868-57a2d4851a1d" relativeResultsDirectory="af4c348c-7ad8-4b5e-a3da-c87a7eb948f6" />
    <UnitTestResult executionId="a331b5c6-b226-458b-be70-5d9dfe352b90" testId="060819f6-d016-be0e-b7e9-55d7faa9ba45" testName="RemoveFilterValue_NullFilter_Throws" computerName="DKSR-EFI-06" duration="00:00:00.0015724" startTime="2024-01-09T15:44:59.8887531+01:00" endTime="2024-01-09T15:44:59.8887531+01:00" testType="13cdc9d9-ddb5-4fa4-a97d-d965ccfc6d4b" outcome="Passed" testListId="8c84fa94-04c1-424b-9868-57a2d4851a1d" relativeResultsDirectory="a331b5c6-b226-458b-be70-5d9dfe352b90" />
    <UnitTestResult executionId="ea49cca0-67cc-4fa6-a6a1-2039f008a657" testId="09fedadb-5b36-4c66-a01b-eb732d278266" testName="GetExpectedToken_ShouldReturnNull_WhenInputTokenHashTypeIsNotSupported" computerName="DKSR-EFI-06" duration="00:00:00.0001828" startTime="2024-01-09T15:45:05.8575039+01:00" endTime="2024-01-09T15:45:05.8575039+01:00" testType="13cdc9d9-ddb5-4fa4-a97d-d965ccfc6d4b" outcome="Passed" testListId="8c84fa94-04c1-424b-9868-57a2d4851a1d" relativeResultsDirectory="ea49cca0-67cc-4fa6-a6a1-2039f008a657" />
    <UnitTestResult executionId="20b5b313-8d11-44eb-9aa7-34238dcdf0b6" testId="1bbd120c-214c-3ef2-991f-c7ebd3d57ae2" testName="AppendItemPicked_AutoSelect_ItemSelected_EventRaised" computerName="DKSR-EFI-06" duration="00:00:00.0033323" startTime="2024-01-09T15:44:55.4356136+01:00" endTime="2024-01-09T15:44:55.4512389+01:00" testType="13cdc9d9-ddb5-4fa4-a97d-d965ccfc6d4b" outcome="Passed" testListId="8c84fa94-04c1-424b-9868-57a2d4851a1d" relativeResultsDirectory="20b5b313-8d11-44eb-9aa7-34238dcdf0b6" />
    <UnitTestResult executionId="ef1a18df-8cae-41a9-88de-cdb5bbcc002d" testId="e7a315f9-584b-e4f3-8469-ce4f80c3387c" testName="GenerateParameters_ShouldThrowInvalidOperationException_WhenThereAreMoreThanOneCameraDevice" computerName="DKSR-EFI-06" duration="00:00:00.0046958" startTime="2024-01-09T15:45:05.2950007+01:00" endTime="2024-01-09T15:45:05.2950007+01:00" testType="13cdc9d9-ddb5-4fa4-a97d-d965ccfc6d4b" outcome="Passed" testListId="8c84fa94-04c1-424b-9868-57a2d4851a1d" relativeResultsDirectory="ef1a18df-8cae-41a9-88de-cdb5bbcc002d" />
    <UnitTestResult executionId="1dcb4b66-da53-4af4-ae68-3d1bcef2d416" testId="c23f9653-e5cb-0826-ce5a-723493994ef0" testName="GenerateDeviceCapabilityParameters_ShouldWriteTypeAsEnum_WhenAlways" computerName="DKSR-EFI-06" duration="00:00:00.0016636" startTime="2024-01-09T15:45:05.2168755+01:00" endTime="2024-01-09T15:45:05.2325032+01:00" testType="13cdc9d9-ddb5-4fa4-a97d-d965ccfc6d4b" outcome="Passed" testListId="8c84fa94-04c1-424b-9868-57a2d4851a1d" relativeResultsDirectory="1dcb4b66-da53-4af4-ae68-3d1bcef2d416" />
    <UnitTestResult executionId="a29f2b2f-cd83-40ad-a02d-02a44ded31c0" testId="cc5dfcab-4777-b980-4145-e6c140db897c" testName="ReadXml_ShouldIgnoreUnknownChildren_WhenAlways" computerName="DKSR-EFI-06" duration="00:00:00.0016872" startTime="2024-01-09T15:45:02.3731200+01:00" endTime="2024-01-09T15:45:02.3731200+01:00" testType="13cdc9d9-ddb5-4fa4-a97d-d965ccfc6d4b" outcome="Passed" testListId="8c84fa94-04c1-424b-9868-57a2d4851a1d" relativeResultsDirectory="a29f2b2f-cd83-40ad-a02d-02a44ded31c0" />
    <UnitTestResult executionId="1c4b6dce-514b-4891-b98b-5956bd869005" testId="3487929c-15fb-a7da-5bec-346afcbec7da" testName="ReadXml_ShouldLogWarningTwiceWhenMoreThanOneMinuteBetweenWarnings_WhenBoundingBoxIsMissing" computerName="DKSR-EFI-06" duration="00:00:00.0028306" startTime="2024-01-09T15:45:03.4668723+01:00" endTime="2024-01-09T15:45:03.4668723+01:00" testType="13cdc9d9-ddb5-4fa4-a97d-d965ccfc6d4b" outcome="Passed" testListId="8c84fa94-04c1-424b-9868-57a2d4851a1d" relativeResultsDirectory="1c4b6dce-514b-4891-b98b-5956bd869005" />
    <UnitTestResult executionId="edfba1c3-843f-4e9c-9fa0-67b221ea62fd" testId="d4c38e91-653a-61a8-9381-1f7444c31b36" testName="ConstructorArgb_ShouldReturnCorrectArgbValues_Always" computerName="DKSR-EFI-06" duration="00:00:00.0005559" startTime="2024-01-09T15:45:02.5449950+01:00" endTime="2024-01-09T15:45:02.5449950+01:00" testType="13cdc9d9-ddb5-4fa4-a97d-d965ccfc6d4b" outcome="Passed" testListId="8c84fa94-04c1-424b-9868-57a2d4851a1d" relativeResultsDirectory="edfba1c3-843f-4e9c-9fa0-67b221ea62fd" />
    <UnitTestResult executionId="19227363-f72d-4771-bce2-db275815b988" testId="4659fd71-0ee0-a506-0553-a81ccc9c9c0b" testName="AllAttributesWerePresent_ShouldReturnFalse_WhenBottomAttributeIsMissing" computerName="DKSR-EFI-06" duration="00:00:00.0003784" startTime="2024-01-09T15:45:03.2793702+01:00" endTime="2024-01-09T15:45:03.2793702+01:00" testType="13cdc9d9-ddb5-4fa4-a97d-d965ccfc6d4b" outcome="Passed" testListId="8c84fa94-04c1-424b-9868-57a2d4851a1d" relativeResultsDirectory="19227363-f72d-4771-bce2-db275815b988" />
    <UnitTestResult executionId="c6389009-fecc-44e6-aeca-bf6966109883" testId="84f70a73-53d8-9f06-6236-95fde40b65ac" testName="ReadXml_ShouldLogWarningTwiceWhenMoreThanOneMinuteBetweenWarnings_WhenIncompleteTranslateIsPresent" computerName="DKSR-EFI-06" duration="00:00:00.0021911" startTime="2024-01-09T15:45:03.5762478+01:00" endTime="2024-01-09T15:45:03.5762478+01:00" testType="13cdc9d9-ddb5-4fa4-a97d-d965ccfc6d4b" outcome="Passed" testListId="8c84fa94-04c1-424b-9868-57a2d4851a1d" relativeResultsDirectory="c6389009-fecc-44e6-aeca-bf6966109883" />
    <UnitTestResult executionId="c2b5c5d3-188d-4b12-a358-8ad190af90a6" testId="33580008-2ed0-6825-609a-d1d90403b659" testName="CreateAlarmFromEvent_ShouldReturnNull_WhenArgumentIsNull" computerName="DKSR-EFI-06" duration="00:00:00.0029793" startTime="2024-01-09T15:44:32.2324362+01:00" endTime="2024-01-09T15:44:32.2324362+01:00" testType="13cdc9d9-ddb5-4fa4-a97d-d965ccfc6d4b" outcome="Passed" testListId="8c84fa94-04c1-424b-9868-57a2d4851a1d" relativeResultsDirectory="c2b5c5d3-188d-4b12-a358-8ad190af90a6" />
    <UnitTestResult executionId="df36755e-3957-4ab4-a847-df7ab0bd22c9" testId="a9cc89a4-8213-a4b1-7484-4879815a89dd" testName="Decrypt_ShouldDecryptNonFipsLicenseEncryption" computerName="DKSR-EFI-06" duration="00:00:00.0007777" startTime="2024-01-09T15:45:04.9668741+01:00" endTime="2024-01-09T15:45:04.9668741+01:00" testType="13cdc9d9-ddb5-4fa4-a97d-d965ccfc6d4b" outcome="Passed" testListId="8c84fa94-04c1-424b-9868-57a2d4851a1d" relativeResultsDirectory="df36755e-3957-4ab4-a847-df7ab0bd22c9" />
    <UnitTestResult executionId="c09ac73b-8531-4a6e-b68f-bacee2fd1730" testId="bbdf2549-aad3-7a58-579e-b0fce02debdf" testName="TestConstructor_NullExceptionParameters_Failure" computerName="DKSR-EFI-06" duration="00:00:00.0006724" startTime="2024-01-09T15:45:01.5762419+01:00" endTime="2024-01-09T15:45:01.5762419+01:00" testType="13cdc9d9-ddb5-4fa4-a97d-d965ccfc6d4b" outcome="Passed" testListId="8c84fa94-04c1-424b-9868-57a2d4851a1d" relativeResultsDirectory="c09ac73b-8531-4a6e-b68f-bacee2fd1730" />
    <UnitTestResult executionId="7edc1130-3a1a-440a-ad50-b080c6bc3f41" testId="d3b94a2a-26e3-905f-c1f3-df866517ab99" testName="Serialize_TestCases (Verify root String (null) property)" computerName="DKSR-EFI-06" duration="00:00:00.0312332" startTime="2024-01-09T15:44:59.2950000+01:00" endTime="2024-01-09T15:44:59.3262530+01:00" testType="13cdc9d9-ddb5-4fa4-a97d-d965ccfc6d4b" outcome="Passed" testListId="8c84fa94-04c1-424b-9868-57a2d4851a1d" relativeResultsDirectory="7edc1130-3a1a-440a-ad50-b080c6bc3f41" />
    <UnitTestResult executionId="544c1983-8e92-410f-ab17-ebce1dadb65f" testId="a78e107f-188e-49af-b7fb-8b9962cefe26" testName="ReadXml_ShouldSetAllFieldsToNull_WhenElementIsEmpty" computerName="DKSR-EFI-06" duration="00:00:00.0015119" startTime="2024-01-09T15:45:03.5293728+01:00" endTime="2024-01-09T15:45:03.5293728+01:00" testType="13cdc9d9-ddb5-4fa4-a97d-d965ccfc6d4b" outcome="Passed" testListId="8c84fa94-04c1-424b-9868-57a2d4851a1d" relativeResultsDirectory="544c1983-8e92-410f-ab17-ebce1dadb65f" />
    <UnitTestResult executionId="f67f610a-6a96-4927-a462-f284a5cb828c" testId="7703e29a-ecc3-f42a-a3d8-2092764eb3f2" testName="ToJson_StringElement" computerName="DKSR-EFI-06" duration="00:00:00.0001959" startTime="2024-01-09T15:45:01.8262946+01:00" endTime="2024-01-09T15:45:01.8262946+01:00" testType="13cdc9d9-ddb5-4fa4-a97d-d965ccfc6d4b" outcome="Passed" testListId="8c84fa94-04c1-424b-9868-57a2d4851a1d" relativeResultsDirectory="f67f610a-6a96-4927-a462-f284a5cb828c" />
    <UnitTestResult executionId="9da7c749-c064-40fc-8df4-1e2b5bb426b9" testId="42e8385e-9428-8ed0-dceb-a1eac93d91de" testName="Equals_ShouldReturnTrue_WhenHostIsTextualLocalhostAndOtherHostIsDottedDecimalThisNetwork" computerName="DKSR-EFI-06" duration="00:00:00.0003462" startTime="2024-01-09T15:44:32.2324362+01:00" endTime="2024-01-09T15:44:32.2324362+01:00" testType="13cdc9d9-ddb5-4fa4-a97d-d965ccfc6d4b" outcome="Passed" testListId="8c84fa94-04c1-424b-9868-57a2d4851a1d" relativeResultsDirectory="9da7c749-c064-40fc-8df4-1e2b5bb426b9" />
    <UnitTestResult executionId="7c9f233d-fcd7-4b9f-b3d9-d3a4efac20f5" testId="caf15171-15c0-e44f-4ded-3471eafc2c21" testName="Properties_DefaultValues" computerName="DKSR-EFI-06" duration="00:00:00.0098831" startTime="2024-01-09T15:44:55.3418608+01:00" endTime="2024-01-09T15:44:55.3577191+01:00" testType="13cdc9d9-ddb5-4fa4-a97d-d965ccfc6d4b" outcome="Passed" testListId="8c84fa94-04c1-424b-9868-57a2d4851a1d" relativeResultsDirectory="7c9f233d-fcd7-4b9f-b3d9-d3a4efac20f5" />
    <UnitTestResult executionId="2b63a8e1-77e7-4310-ac14-85042f513ecc" testId="3881d3ff-e33d-04a6-6ad4-69b98dedc6b4" testName="GetParent_Fail" computerName="DKSR-EFI-06" duration="00:00:00.0004540" startTime="2024-01-09T15:44:29.8731637+01:00" endTime="2024-01-09T15:44:29.8886851+01:00" testType="13cdc9d9-ddb5-4fa4-a97d-d965ccfc6d4b" outcome="Passed" testListId="8c84fa94-04c1-424b-9868-57a2d4851a1d" relativeResultsDirectory="2b63a8e1-77e7-4310-ac14-85042f513ecc" />
    <UnitTestResult executionId="f17ea599-f136-4801-9122-06810f37b9fc" testId="1f3c2444-ad4b-db37-5d0a-de7606033ccd" testName="GenerateDeviceCapabilityParameters_ShouldWriteMaximum_WhenAlways" computerName="DKSR-EFI-06" duration="00:00:00.0005563" startTime="2024-01-09T15:45:05.2168755+01:00" endTime="2024-01-09T15:45:05.2168755+01:00" testType="13cdc9d9-ddb5-4fa4-a97d-d965ccfc6d4b" outcome="Passed" testListId="8c84fa94-04c1-424b-9868-57a2d4851a1d" relativeResultsDirectory="f17ea599-f136-4801-9122-06810f37b9fc" />
    <UnitTestResult executionId="73d2357b-c2ae-44e7-9e3d-4794055e16fd" testId="4e41d746-7d06-c195-c083-479d6448ab5b" testName="GenerateParameters_ShouldWriteFirmware_WhenFirmwareIsNotNull" computerName="DKSR-EFI-06" duration="00:00:00.0002793" startTime="2024-01-09T15:45:05.2793751+01:00" endTime="2024-01-09T15:45:05.2793751+01:00" testType="13cdc9d9-ddb5-4fa4-a97d-d965ccfc6d4b" outcome="Passed" testListId="8c84fa94-04c1-424b-9868-57a2d4851a1d" relativeResultsDirectory="73d2357b-c2ae-44e7-9e3d-4794055e16fd" />
    <UnitTestResult executionId="de39dcac-2bc1-499d-906b-c31243b13f5f" testId="3d26d7d8-7d79-9931-2127-8e5f6d15122c" testName="Construct5_And_Field_Check" computerName="DKSR-EFI-06" duration="00:00:00.0153462" startTime="2024-01-09T15:44:30.2793149+01:00" endTime="2024-01-09T15:44:30.2949368+01:00" testType="13cdc9d9-ddb5-4fa4-a97d-d965ccfc6d4b" outcome="Passed" testListId="8c84fa94-04c1-424b-9868-57a2d4851a1d" relativeResultsDirectory="de39dcac-2bc1-499d-906b-c31243b13f5f" />
    <UnitTestResult executionId="7d4c6099-71a1-40cf-b6c1-64510d8a653a" testId="044b544f-c581-0c62-7f52-eaa9bd1b769a" testName="ReadXml_ShouldReadColorAttribute_WhenPresent" computerName="DKSR-EFI-06" duration="00:00:00.0014290" startTime="2024-01-09T15:45:02.5918680+01:00" endTime="2024-01-09T15:45:02.5918680+01:00" testType="13cdc9d9-ddb5-4fa4-a97d-d965ccfc6d4b" outcome="Passed" testListId="8c84fa94-04c1-424b-9868-57a2d4851a1d" relativeResultsDirectory="7d4c6099-71a1-40cf-b6c1-64510d8a653a" />
    <UnitTestResult executionId="45b41c68-5b91-4414-ae33-0427abad6062" testId="a67dddae-fbaa-38ff-493a-4fb494200940" testName="Serialize_Camera_Checked" computerName="DKSR-EFI-06" duration="00:00:00.0007583" startTime="2024-01-09T15:44:29.7168103+01:00" endTime="2024-01-09T15:44:29.7168103+01:00" testType="13cdc9d9-ddb5-4fa4-a97d-d965ccfc6d4b" outcome="Passed" testListId="8c84fa94-04c1-424b-9868-57a2d4851a1d" relativeResultsDirectory="45b41c68-5b91-4414-ae33-0427abad6062" />
    <UnitTestResult executionId="a1ede6bb-0d42-40d7-a4bf-9de70bf1159f" testId="58acdb8f-084b-2e15-dc3a-9f779a1645ce" testName="ParseMetadataXmlWithString_ShouldReturnRootElement_WhenXmlContainsCorrectRootElement" computerName="DKSR-EFI-06" duration="00:00:00.0041088" startTime="2024-01-09T15:45:02.7949937+01:00" endTime="2024-01-09T15:45:02.7949937+01:00" testType="13cdc9d9-ddb5-4fa4-a97d-d965ccfc6d4b" outcome="Passed" testListId="8c84fa94-04c1-424b-9868-57a2d4851a1d" relativeResultsDirectory="a1ede6bb-0d42-40d7-a4bf-9de70bf1159f" />
    <UnitTestResult executionId="02abd383-86a7-48b2-b203-980ea4a19728" testId="3c6ad7f5-47ac-d2a1-3c86-5077b25134ea" testName="Deserialize_Camera_FieldValues_checked" computerName="DKSR-EFI-06" duration="00:00:00.0007107" startTime="2024-01-09T15:44:29.5761906+01:00" endTime="2024-01-09T15:44:29.5761906+01:00" testType="13cdc9d9-ddb5-4fa4-a97d-d965ccfc6d4b" outcome="Passed" testListId="8c84fa94-04c1-424b-9868-57a2d4851a1d" relativeResultsDirectory="02abd383-86a7-48b2-b203-980ea4a19728" />
    <UnitTestResult executionId="ecb462a8-f0b3-4d11-af56-68cf0c425b80" testId="0465a107-5afa-65eb-a10c-77e89846ff26" testName="GenerateBoundingBoxDevice_ShouldReturnDeviceWithCorrectTypes_WhenAlways" computerName="DKSR-EFI-06" duration="00:00:00.0018762" startTime="2024-01-09T15:45:05.4512504+01:00" endTime="2024-01-09T15:45:05.4668764+01:00" testType="13cdc9d9-ddb5-4fa4-a97d-d965ccfc6d4b" outcome="Passed" testListId="8c84fa94-04c1-424b-9868-57a2d4851a1d" relativeResultsDirectory="ecb462a8-f0b3-4d11-af56-68cf0c425b80" />
    <UnitTestResult executionId="577228b9-5998-497a-8ee4-002e7f768069" testId="1e4e191e-63c7-1f37-201c-8fde2757768d" testName="Serialize_ShouldNotIncludeOptionDecorations_WhenPropertyIsCollectionOfSimpleTypesAndNoPropertiesRequestedInPath" computerName="DKSR-EFI-06" duration="00:00:00.0045073" startTime="2024-01-09T15:44:59.2793765+01:00" endTime="2024-01-09T15:44:59.2793765+01:00" testType="13cdc9d9-ddb5-4fa4-a97d-d965ccfc6d4b" outcome="Passed" testListId="8c84fa94-04c1-424b-9868-57a2d4851a1d" relativeResultsDirectory="577228b9-5998-497a-8ee4-002e7f768069" />
    <UnitTestResult executionId="377db571-dad7-4e66-bb75-fe5d60073968" testId="935f282f-5819-0cbb-3d88-60d0430c3f25" testName="WriteXml_ShouldWriteBoundingBoxElement_WhenBoundingBoxIsNotNull" computerName="DKSR-EFI-06" duration="00:00:00.0014552" startTime="2024-01-09T15:45:03.4981209+01:00" endTime="2024-01-09T15:45:03.4981209+01:00" testType="13cdc9d9-ddb5-4fa4-a97d-d965ccfc6d4b" outcome="Passed" testListId="8c84fa94-04c1-424b-9868-57a2d4851a1d" relativeResultsDirectory="377db571-dad7-4e66-bb75-fe5d60073968" />
    <UnitTestResult executionId="ee3771a1-9e3a-491c-a232-fc296edbc298" testId="461331e3-222f-9745-91e1-804c09883ed3" testName="ToString_WithoutType" computerName="DKSR-EFI-06" duration="00:00:00.0008534" startTime="2024-01-09T15:45:03.9356229+01:00" endTime="2024-01-09T15:45:03.9356229+01:00" testType="13cdc9d9-ddb5-4fa4-a97d-d965ccfc6d4b" outcome="Passed" testListId="8c84fa94-04c1-424b-9868-57a2d4851a1d" relativeResultsDirectory="ee3771a1-9e3a-491c-a232-fc296edbc298" />
    <UnitTestResult executionId="e3b9f5c7-7959-4674-bfc7-65e4897496b9" testId="dac52339-d9a8-d082-49c1-4cb11ce915ee" testName="Flush_OtherKIndShouldNotImpack" computerName="DKSR-EFI-06" duration="00:00:00.0005510" startTime="2024-01-09T15:44:33.7636850+01:00" endTime="2024-01-09T15:44:33.7636850+01:00" testType="13cdc9d9-ddb5-4fa4-a97d-d965ccfc6d4b" outcome="Passed" testListId="8c84fa94-04c1-424b-9868-57a2d4851a1d" relativeResultsDirectory="e3b9f5c7-7959-4674-bfc7-65e4897496b9" />
    <UnitTestResult executionId="cae65a92-37f5-48ce-9861-cac77300e534" testId="f7f40623-1634-9a2a-bf1c-6e414931a9e6" testName="CountByItems_NotActivated_Trial_Missing_GraceExpired" computerName="DKSR-EFI-06" duration="00:00:00.0018765" startTime="2024-01-09T15:45:05.0293752+01:00" endTime="2024-01-09T15:45:05.0293752+01:00" testType="13cdc9d9-ddb5-4fa4-a97d-d965ccfc6d4b" outcome="Passed" testListId="8c84fa94-04c1-424b-9868-57a2d4851a1d" relativeResultsDirectory="cae65a92-37f5-48ce-9861-cac77300e534" />
    <UnitTestResult executionId="75f32eef-d4ec-42f1-bb51-2ef9414525e2" testId="a8ce85fe-814a-271d-72cd-32e52ea1acce" testName="GetEnd_ShouldReturnNull_WhenThereIsNoData" computerName="DKSR-EFI-06" duration="00:00:00.0018614" startTime="2024-01-09T15:45:05.6075032+01:00" endTime="2024-01-09T15:45:05.6075032+01:00" testType="13cdc9d9-ddb5-4fa4-a97d-d965ccfc6d4b" outcome="Passed" testListId="8c84fa94-04c1-424b-9868-57a2d4851a1d" relativeResultsDirectory="75f32eef-d4ec-42f1-bb51-2ef9414525e2" />
    <UnitTestResult executionId="5acef5ff-7b53-47d3-ac5e-71fbe97d5b3b" testId="751373aa-f5d7-686f-07af-6e8a9a9a3f1f" testName="Serialize_TestCases (TestParentTypeMatchBoolThisTypeMatched)" computerName="DKSR-EFI-06" duration="00:00:00.0004064" startTime="2024-01-09T15:44:59.4356265+01:00" endTime="2024-01-09T15:44:59.4356265+01:00" testType="13cdc9d9-ddb5-4fa4-a97d-d965ccfc6d4b" outcome="Passed" testListId="8c84fa94-04c1-424b-9868-57a2d4851a1d" relativeResultsDirectory="5acef5ff-7b53-47d3-ac5e-71fbe97d5b3b" />
    <UnitTestResult executionId="70512e1e-d25c-4408-a161-b8d6ee8469b5" testId="778619f0-485d-357c-9339-4267244fb799" testName="Get_NoElements_ReturnsNull" computerName="DKSR-EFI-06" duration="00:00:00.0002574" startTime="2024-01-09T15:44:44.0762091+01:00" endTime="2024-01-09T15:44:44.0762091+01:00" testType="13cdc9d9-ddb5-4fa4-a97d-d965ccfc6d4b" outcome="Passed" testListId="8c84fa94-04c1-424b-9868-57a2d4851a1d" relativeResultsDirectory="70512e1e-d25c-4408-a161-b8d6ee8469b5" />
    <UnitTestResult executionId="07c6389c-681c-4696-bc0b-06db3173f275" testId="ea4cc4d0-6ac5-366c-ac2d-a5c2c9cb07e6" testName="HasExtensionDataPresent_ShouldReturnTrue_WhenLineDisplayPixelThicknessIsSet" computerName="DKSR-EFI-06" duration="00:00:00.0002932" startTime="2024-01-09T15:45:03.2324980+01:00" endTime="2024-01-09T15:45:03.2324980+01:00" testType="13cdc9d9-ddb5-4fa4-a97d-d965ccfc6d4b" outcome="Passed" testListId="8c84fa94-04c1-424b-9868-57a2d4851a1d" relativeResultsDirectory="07c6389c-681c-4696-bc0b-06db3173f275" />
    <UnitTestResult executionId="0c38340f-c206-41a4-9b61-992df645ebf3" testId="cc29216e-1cfd-6792-7ea1-15bf1c735835" testName="Add_ShouldUpdateEndCache_WhenOldEndTimeIsEarlierThanAdded" computerName="DKSR-EFI-06" duration="00:00:00.0240005" startTime="2024-01-09T15:45:06.0137520+01:00" endTime="2024-01-09T15:45:06.0293785+01:00" testType="13cdc9d9-ddb5-4fa4-a97d-d965ccfc6d4b" outcome="Passed" testListId="8c84fa94-04c1-424b-9868-57a2d4851a1d" relativeResultsDirectory="0c38340f-c206-41a4-9b61-992df645ebf3" />
    <UnitTestResult executionId="85ae110a-35f1-4a87-8b08-b73c9b29a823" testId="f8ca46c0-8edb-350c-aedc-71898e183163" testName="RemoveItem_AnalyticsEvent_Fail" computerName="DKSR-EFI-06" duration="00:00:00.0015627" startTime="2024-01-09T15:45:02.1387439+01:00" endTime="2024-01-09T15:45:02.1387439+01:00" testType="13cdc9d9-ddb5-4fa4-a97d-d965ccfc6d4b" outcome="Passed" testListId="8c84fa94-04c1-424b-9868-57a2d4851a1d" relativeResultsDirectory="85ae110a-35f1-4a87-8b08-b73c9b29a823" />
    <UnitTestResult executionId="ae8df84a-cf09-4c74-8654-1fdf666f0273" testId="3350d2b0-3312-d687-fc6c-5745c7811365" testName="Ctor_TwoStandardFilters_Success" computerName="DKSR-EFI-06" duration="00:00:00.0032074" startTime="2024-01-09T15:45:01.4356182+01:00" endTime="2024-01-09T15:45:01.4512434+01:00" testType="13cdc9d9-ddb5-4fa4-a97d-d965ccfc6d4b" outcome="Passed" testListId="8c84fa94-04c1-424b-9868-57a2d4851a1d" relativeResultsDirectory="ae8df84a-cf09-4c74-8654-1fdf666f0273" />
    <UnitTestResult executionId="39790e1a-0fe7-41ce-b848-aff80333c344" testId="a8ff7a29-8845-1919-c693-2698cf30e949" testName="GetPopulatedItems_NoChildren_NoChildrenAdded" computerName="DKSR-EFI-06" duration="00:00:00.0116824" startTime="2024-01-09T15:44:56.1231179+01:00" endTime="2024-01-09T15:44:56.1387416+01:00" testType="13cdc9d9-ddb5-4fa4-a97d-d965ccfc6d4b" outcome="Passed" testListId="8c84fa94-04c1-424b-9868-57a2d4851a1d" relativeResultsDirectory="39790e1a-0fe7-41ce-b848-aff80333c344" />
    <UnitTestResult executionId="e537dddd-ca20-4351-9380-5f18796f6f3f" testId="ef0bef56-bcca-a24d-f399-eed9eabea4db" testName="Equals_ShouldReturnFalse_WhenOnlyPortNumbersAreDifferent" computerName="DKSR-EFI-06" duration="00:00:00.0008936" startTime="2024-01-09T15:44:32.2168100+01:00" endTime="2024-01-09T15:44:32.2168100+01:00" testType="13cdc9d9-ddb5-4fa4-a97d-d965ccfc6d4b" outcome="Passed" testListId="8c84fa94-04c1-424b-9868-57a2d4851a1d" relativeResultsDirectory="e537dddd-ca20-4351-9380-5f18796f6f3f" />
    <UnitTestResult executionId="375e4857-84f3-4a8c-8ff8-2dad76ced74e" testId="dfc15ed8-7724-9a59-ed0c-37d1b022994b" testName="GetAgeFilterValue_NullCriteria_Throws" computerName="DKSR-EFI-06" duration="00:00:00.0018607" startTime="2024-01-09T15:45:01.4668682+01:00" endTime="2024-01-09T15:45:01.4668682+01:00" testType="13cdc9d9-ddb5-4fa4-a97d-d965ccfc6d4b" outcome="Passed" testListId="8c84fa94-04c1-424b-9868-57a2d4851a1d" relativeResultsDirectory="375e4857-84f3-4a8c-8ff8-2dad76ced74e" />
    <UnitTestResult executionId="b300792d-ff75-4ef8-a7b4-ce42e5f492b7" testId="9f8782f5-d91c-4490-2d75-75cddc0ef1b1" testName="Equals_IgnoreFolderType_Fail_OnOtherNull" computerName="DKSR-EFI-06" duration="00:00:00.0003875" startTime="2024-01-09T15:44:29.7793130+01:00" endTime="2024-01-09T15:44:29.7793130+01:00" testType="13cdc9d9-ddb5-4fa4-a97d-d965ccfc6d4b" outcome="Passed" testListId="8c84fa94-04c1-424b-9868-57a2d4851a1d" relativeResultsDirectory="b300792d-ff75-4ef8-a7b4-ce42e5f492b7" />
    <UnitTestResult executionId="03682029-0d03-49b3-89f1-a19dc76ce59a" testId="b3801728-52f7-7053-510c-0b3ffd814256" testName="CreateSearchFilterEditControl_NullConfiguration_ReturnsNull" computerName="DKSR-EFI-06" duration="00:00:00.0012227" startTime="2024-01-09T15:45:00.8262584+01:00" endTime="2024-01-09T15:45:00.8262584+01:00" testType="13cdc9d9-ddb5-4fa4-a97d-d965ccfc6d4b" outcome="Passed" testListId="8c84fa94-04c1-424b-9868-57a2d4851a1d" relativeResultsDirectory="03682029-0d03-49b3-89f1-a19dc76ce59a" />
    <UnitTestResult executionId="9d91468a-79ab-4b6b-8867-fba3c4c563cf" testId="665a66ed-febf-dcb1-d6f6-9e5410f5d49d" testName="AllAttributesWerePresent_ShouldReturnFalse_WhenXAttributeIsMissing" computerName="DKSR-EFI-06" duration="00:00:00.0003294" startTime="2024-01-09T15:45:03.6231224+01:00" endTime="2024-01-09T15:45:03.6231224+01:00" testType="13cdc9d9-ddb5-4fa4-a97d-d965ccfc6d4b" outcome="Passed" testListId="8c84fa94-04c1-424b-9868-57a2d4851a1d" relativeResultsDirectory="9d91468a-79ab-4b6b-8867-fba3c4c563cf" />
    <UnitTestResult executionId="0aaee6e3-4a69-459c-ac0b-4f3a738c792f" testId="868cf503-fe08-eed0-d324-72014e5624ab" testName="CountByItems_NotActivated_Expired" computerName="DKSR-EFI-06" duration="00:00:00.0009295" startTime="2024-01-09T15:45:05.0293752+01:00" endTime="2024-01-09T15:45:05.0293752+01:00" testType="13cdc9d9-ddb5-4fa4-a97d-d965ccfc6d4b" outcome="Passed" testListId="8c84fa94-04c1-424b-9868-57a2d4851a1d" relativeResultsDirectory="0aaee6e3-4a69-459c-ac0b-4f3a738c792f" />
    <UnitTestResult executionId="41e26140-2980-4022-ac64-8f598a354c4f" testId="98f0d9fe-377f-6918-fb53-39e46ecb4f9d" testName="Equals_Fail_OnObjectId" computerName="DKSR-EFI-06" duration="00:00:00.0006233" startTime="2024-01-09T15:44:29.7949351+01:00" endTime="2024-01-09T15:44:29.7949351+01:00" testType="13cdc9d9-ddb5-4fa4-a97d-d965ccfc6d4b" outcome="Passed" testListId="8c84fa94-04c1-424b-9868-57a2d4851a1d" relativeResultsDirectory="41e26140-2980-4022-ac64-8f598a354c4f" />
    <UnitTestResult executionId="644e60a2-4aea-42aa-9df2-a8faab7a7a4e" testId="03a83ade-8d54-5619-5fb4-492194211717" testName="TestStartSearch_NullDefinitions_Failure" computerName="DKSR-EFI-06" duration="00:00:00.0022989" startTime="2024-01-09T15:45:00.2637569+01:00" endTime="2024-01-09T15:45:00.2637569+01:00" testType="13cdc9d9-ddb5-4fa4-a97d-d965ccfc6d4b" outcome="Passed" testListId="8c84fa94-04c1-424b-9868-57a2d4851a1d" relativeResultsDirectory="644e60a2-4aea-42aa-9df2-a8faab7a7a4e" />
    <UnitTestResult executionId="967c8bf6-914a-433c-ac3e-3ea87e0b1a31" testId="e5d77a31-6b9f-c926-244b-f6a80ab8552d" testName="GetAllFrames_ShouldReturnFramesForSingleVideoAnalytics_WhenThereIsOneVideoAnalytics" computerName="DKSR-EFI-06" duration="00:00:00.0005267" startTime="2024-01-09T15:45:03.0293706+01:00" endTime="2024-01-09T15:45:03.0293706+01:00" testType="13cdc9d9-ddb5-4fa4-a97d-d965ccfc6d4b" outcome="Passed" testListId="8c84fa94-04c1-424b-9868-57a2d4851a1d" relativeResultsDirectory="967c8bf6-914a-433c-ac3e-3ea87e0b1a31" />
    <UnitTestResult executionId="92206488-7335-4051-ac1d-e43ee3721d50" testId="0e7ca7c3-2900-8d7a-24b0-844e128831dd" testName="WriteXml_ShouldWriteClassCandidateContents_WhenAClassCandidateIsWritten" computerName="DKSR-EFI-06" duration="00:00:00.0012183" startTime="2024-01-09T15:45:03.1543705+01:00" endTime="2024-01-09T15:45:03.1699972+01:00" testType="13cdc9d9-ddb5-4fa4-a97d-d965ccfc6d4b" outcome="Passed" testListId="8c84fa94-04c1-424b-9868-57a2d4851a1d" relativeResultsDirectory="92206488-7335-4051-ac1d-e43ee3721d50" />
    <UnitTestResult executionId="1c8df491-1143-4251-a72e-04aabf217986" testId="0ca212d1-7426-4742-adf6-c33da0d879c6" testName="Serialize_TestCases (TestParentTypeMatchIntThisTypeMatched)" computerName="DKSR-EFI-06" duration="00:00:00.0017006" startTime="2024-01-09T15:44:59.4512518+01:00" endTime="2024-01-09T15:44:59.4512518+01:00" testType="13cdc9d9-ddb5-4fa4-a97d-d965ccfc6d4b" outcome="Passed" testListId="8c84fa94-04c1-424b-9868-57a2d4851a1d" relativeResultsDirectory="1c8df491-1143-4251-a72e-04aabf217986" />
    <UnitTestResult executionId="55d92b10-2d26-4ad0-9f6a-06717742390a" testId="6633116a-6784-0109-c694-61b2317583e7" testName="GenerateDeviceCapabilityParameters_ShouldWriteValueCount_WhenAlways" computerName="DKSR-EFI-06" duration="00:00:00.0043063" startTime="2024-01-09T15:45:05.2325032+01:00" endTime="2024-01-09T15:45:05.2325032+01:00" testType="13cdc9d9-ddb5-4fa4-a97d-d965ccfc6d4b" outcome="Passed" testListId="8c84fa94-04c1-424b-9868-57a2d4851a1d" relativeResultsDirectory="55d92b10-2d26-4ad0-9f6a-06717742390a" />
    <UnitTestResult executionId="33c08cf9-3080-49ea-a8a0-f6f68b2266e8" testId="529dab04-2278-118b-6ef7-08fc1ab4d8b0" testName="GetCompatibilityHandler_ShouldReturnFips_WhenCallingFipsCompliantSystem_20_3" computerName="DKSR-EFI-06" duration="00:00:00.0007447" startTime="2024-01-09T15:45:04.8262514+01:00" endTime="2024-01-09T15:45:04.8262514+01:00" testType="13cdc9d9-ddb5-4fa4-a97d-d965ccfc6d4b" outcome="Passed" testListId="8c84fa94-04c1-424b-9868-57a2d4851a1d" relativeResultsDirectory="33c08cf9-3080-49ea-a8a0-f6f68b2266e8" />
    <UnitTestResult executionId="27f6a47a-76b7-4e35-a66b-88c8c57ec072" testId="5ac412a9-7dd3-8fe0-5e94-070a00a25518" testName="Serialize_TestCases (Verify root Decimal property)" computerName="DKSR-EFI-06" duration="00:00:00.0016573" startTime="2024-01-09T15:44:59.3418770+01:00" endTime="2024-01-09T15:44:59.3418770+01:00" testType="13cdc9d9-ddb5-4fa4-a97d-d965ccfc6d4b" outcome="Passed" testListId="8c84fa94-04c1-424b-9868-57a2d4851a1d" relativeResultsDirectory="27f6a47a-76b7-4e35-a66b-88c8c57ec072" />
    <UnitTestResult executionId="0ceb7e0b-594d-4e86-84cf-c2e11131368d" testId="d3aac1dd-0f5d-4d1a-ac7a-ab3b6af2bff9" testName="SplitString_When2Levels_CountsLastSeparator" computerName="DKSR-EFI-06" duration="00:00:00.0005358" startTime="2024-01-09T15:44:43.8574551+01:00" endTime="2024-01-09T15:44:43.8574551+01:00" testType="13cdc9d9-ddb5-4fa4-a97d-d965ccfc6d4b" outcome="Passed" testListId="8c84fa94-04c1-424b-9868-57a2d4851a1d" relativeResultsDirectory="0ceb7e0b-594d-4e86-84cf-c2e11131368d" />
    <UnitTestResult executionId="763e2ab5-86bf-4dff-be77-fa67d0bc907b" testId="b10c5cfd-13d5-732d-40b9-1c8a8f0d6512" testName="ReadXml_ShouldSetAllPropertiesToFalse_WhenElementIsEmpty" computerName="DKSR-EFI-06" duration="00:00:00.0010895" startTime="2024-01-09T15:45:02.3731200+01:00" endTime="2024-01-09T15:45:02.3731200+01:00" testType="13cdc9d9-ddb5-4fa4-a97d-d965ccfc6d4b" outcome="Passed" testListId="8c84fa94-04c1-424b-9868-57a2d4851a1d" relativeResultsDirectory="763e2ab5-86bf-4dff-be77-fa67d0bc907b" />
    <UnitTestResult executionId="8f4b2fdd-5cf4-4b47-b642-aae270dab222" testId="8cae6a56-454e-1e61-1b8f-eb89b356be64" testName="GetFrame_ShouldReturnFirstFrame_WhenThereAreMultipleFrames" computerName="DKSR-EFI-06" duration="00:00:00.0003844" startTime="2024-01-09T15:45:02.9981192+01:00" endTime="2024-01-09T15:45:02.9981192+01:00" testType="13cdc9d9-ddb5-4fa4-a97d-d965ccfc6d4b" outcome="Passed" testListId="8c84fa94-04c1-424b-9868-57a2d4851a1d" relativeResultsDirectory="8f4b2fdd-5cf4-4b47-b642-aae270dab222" />
    <UnitTestResult executionId="3052be61-f9c6-4f4f-9b41-bd62b5b1f7ae" testId="1612f291-790a-313d-a0d3-c41060967beb" testName="ToString_Check" computerName="DKSR-EFI-06" duration="00:00:00.0008312" startTime="2024-01-09T15:44:29.8418105+01:00" endTime="2024-01-09T15:44:29.8418105+01:00" testType="13cdc9d9-ddb5-4fa4-a97d-d965ccfc6d4b" outcome="Passed" testListId="8c84fa94-04c1-424b-9868-57a2d4851a1d" relativeResultsDirectory="3052be61-f9c6-4f4f-9b41-bd62b5b1f7ae" />
    <UnitTestResult executionId="8445125b-4300-435d-8d15-e0e064d34208" testId="e07ed0b5-2e0a-976d-3f75-19c16e3edd02" testName="SHA256Hex64_ShouldThrowArgumentNullException_WhenInputIsNull" computerName="DKSR-EFI-06" duration="00:00:00.0005369" startTime="2024-01-09T15:45:05.8418773+01:00" endTime="2024-01-09T15:45:05.8418773+01:00" testType="13cdc9d9-ddb5-4fa4-a97d-d965ccfc6d4b" outcome="Passed" testListId="8c84fa94-04c1-424b-9868-57a2d4851a1d" relativeResultsDirectory="8445125b-4300-435d-8d15-e0e064d34208" />
    <UnitTestResult executionId="d9343926-50c1-40a8-b260-7558bce7450f" testId="d322c036-f127-a7c3-54cb-2755a84ecb70" testName="TestMultiLevelQueue_TwoLevels_ParallelResourceProcessors_Success" computerName="DKSR-EFI-06" duration="00:00:01.0102664" startTime="2024-01-09T15:44:46.2793407+01:00" endTime="2024-01-09T15:44:47.2949706+01:00" testType="13cdc9d9-ddb5-4fa4-a97d-d965ccfc6d4b" outcome="Passed" testListId="8c84fa94-04c1-424b-9868-57a2d4851a1d" relativeResultsDirectory="d9343926-50c1-40a8-b260-7558bce7450f" />
    <UnitTestResult executionId="07471446-be63-484d-ab40-c35b7fbdf89f" testId="72c3e934-5f4f-f3fc-d049-02010e141373" testName="ReadXml_ShouldIgnoreUnknownAttributes_WhenAlways" computerName="DKSR-EFI-06" duration="00:00:00.0006478" startTime="2024-01-09T15:45:02.5762444+01:00" endTime="2024-01-09T15:45:02.5762444+01:00" testType="13cdc9d9-ddb5-4fa4-a97d-d965ccfc6d4b" outcome="Passed" testListId="8c84fa94-04c1-424b-9868-57a2d4851a1d" relativeResultsDirectory="07471446-be63-484d-ab40-c35b7fbdf89f" />
    <UnitTestResult executionId="acc79b07-9d45-4630-a808-61f1b6d3a2cd" testId="40cc8bf3-9b9a-c620-7f65-c9598a6e4a28" testName="GetMetadataObjectIdsAsync_MultipleInvocations_DelegatedToInternalMethodOnlyOnce" computerName="DKSR-EFI-06" duration="00:00:00.0009550" startTime="2024-01-09T15:45:00.7637614+01:00" endTime="2024-01-09T15:45:00.7637614+01:00" testType="13cdc9d9-ddb5-4fa4-a97d-d965ccfc6d4b" outcome="Passed" testListId="8c84fa94-04c1-424b-9868-57a2d4851a1d" relativeResultsDirectory="acc79b07-9d45-4630-a808-61f1b6d3a2cd" />
    <UnitTestResult executionId="8747df67-36ac-479e-a0f9-503f3e02ce90" testId="44388fe8-f4d9-9727-56d6-63d8a6beeb9b" testName="Set_Int_On_String" computerName="DKSR-EFI-06" duration="00:00:00.0001425" startTime="2024-01-09T15:45:01.7949930+01:00" endTime="2024-01-09T15:45:01.7949930+01:00" testType="13cdc9d9-ddb5-4fa4-a97d-d965ccfc6d4b" outcome="Passed" testListId="8c84fa94-04c1-424b-9868-57a2d4851a1d" relativeResultsDirectory="8747df67-36ac-479e-a0f9-503f3e02ce90" />
    <UnitTestResult executionId="befcb9c5-2a4a-4c1e-bf3f-4d965427fa02" testId="8d35e87b-236d-d2d1-5276-ca6f3e50fdcb" testName="Serialize_ShouldIncludeOptionDecorations_WhenPropertyIsCollectionOfObjectsAndNoPropertiesRequestedInPath" computerName="DKSR-EFI-06" duration="00:00:00.0029080" startTime="2024-01-09T15:44:59.2793765+01:00" endTime="2024-01-09T15:44:59.2793765+01:00" testType="13cdc9d9-ddb5-4fa4-a97d-d965ccfc6d4b" outcome="Passed" testListId="8c84fa94-04c1-424b-9868-57a2d4851a1d" relativeResultsDirectory="befcb9c5-2a4a-4c1e-bf3f-4d965427fa02" />
    <UnitTestResult executionId="5a6115f6-6508-4f9b-9fcc-9291d804c7f2" testId="88c1b25e-ba16-57cd-c6d8-d1d74e524e76" testName="ReadXml_ShouldIgnoreUnknownChildren_WhenUnknownChildrenArePresent" computerName="DKSR-EFI-06" duration="00:00:00.0008053" startTime="2024-01-09T15:45:03.4356222+01:00" endTime="2024-01-09T15:45:03.4356222+01:00" testType="13cdc9d9-ddb5-4fa4-a97d-d965ccfc6d4b" outcome="Passed" testListId="8c84fa94-04c1-424b-9868-57a2d4851a1d" relativeResultsDirectory="5a6115f6-6508-4f9b-9fcc-9291d804c7f2" />
    <UnitTestResult executionId="9307f0b9-0ca6-4e0b-b619-9927bca33e02" testId="8b195963-a10c-3838-31ba-4f1e91ab5dfb" testName="ReadAppearanceExtensionXml_ShouldReadAllExtensions_WhenAllArePresent" computerName="DKSR-EFI-06" duration="00:00:00.0005589" startTime="2024-01-09T15:45:03.3106217+01:00" endTime="2024-01-09T15:45:03.3106217+01:00" testType="13cdc9d9-ddb5-4fa4-a97d-d965ccfc6d4b" outcome="Passed" testListId="8c84fa94-04c1-424b-9868-57a2d4851a1d" relativeResultsDirectory="9307f0b9-0ca6-4e0b-b619-9927bca33e02" />
    <UnitTestResult executionId="a9b4459a-9353-461f-bafa-f5b962d95785" testId="c639d279-f201-87fa-87e4-d4046a905790" testName="Contains_CameraObjectId_Checked" computerName="DKSR-EFI-06" duration="00:00:00.0003259" startTime="2024-01-09T15:44:29.7324342+01:00" endTime="2024-01-09T15:44:29.7324342+01:00" testType="13cdc9d9-ddb5-4fa4-a97d-d965ccfc6d4b" outcome="Passed" testListId="8c84fa94-04c1-424b-9868-57a2d4851a1d" relativeResultsDirectory="a9b4459a-9353-461f-bafa-f5b962d95785" />
    <UnitTestResult executionId="2559468b-21a3-4e79-82f3-a659d236b04f" testId="00d2b6ae-d05f-2d34-4eb2-fb5187257361" testName="Equals_ShouldHaveValueSemantics_WhenAlways" computerName="DKSR-EFI-06" duration="00:00:00.0010910" startTime="2024-01-09T15:45:02.4200335+01:00" endTime="2024-01-09T15:45:02.4200335+01:00" testType="13cdc9d9-ddb5-4fa4-a97d-d965ccfc6d4b" outcome="Passed" testListId="8c84fa94-04c1-424b-9868-57a2d4851a1d" relativeResultsDirectory="2559468b-21a3-4e79-82f3-a659d236b04f" />
    <UnitTestResult executionId="18da98e0-777a-406b-9b44-f4f558ba511d" testId="618c093b-a0b6-05a6-fc06-deebeffd4e3d" testName="GetClientAsync_NotStartsClient_WhenLoggedOut" computerName="DKSR-EFI-06" duration="00:00:00.0052931" startTime="2024-01-09T15:45:04.0137482+01:00" endTime="2024-01-09T15:45:04.0137482+01:00" testType="13cdc9d9-ddb5-4fa4-a97d-d965ccfc6d4b" outcome="Passed" testListId="8c84fa94-04c1-424b-9868-57a2d4851a1d" relativeResultsDirectory="18da98e0-777a-406b-9b44-f4f558ba511d" />
    <UnitTestResult executionId="d9f0468c-2823-414e-bfc7-55e34122fddc" testId="13808eac-f72b-2563-39d5-58056dcce54a" testName="Clear_KeysPresent_ClearsCacheAndGetReturnsNull" computerName="DKSR-EFI-06" duration="00:00:00.0023643" startTime="2024-01-09T15:44:44.6230851+01:00" endTime="2024-01-09T15:44:44.6230851+01:00" testType="13cdc9d9-ddb5-4fa4-a97d-d965ccfc6d4b" outcome="Passed" testListId="8c84fa94-04c1-424b-9868-57a2d4851a1d" relativeResultsDirectory="d9f0468c-2823-414e-bfc7-55e34122fddc" />
    <UnitTestResult executionId="ed5f2524-16a7-4b8e-8d1c-028d9ec7eddf" testId="5d3ae8cd-0741-cea7-50c0-7e2ff7ad47a7" testName="WriteXml_ShouldWriteTranslateContents_WhenTranslateIsNotNull" computerName="DKSR-EFI-06" duration="00:00:00.0007892" startTime="2024-01-09T15:45:03.6074976+01:00" endTime="2024-01-09T15:45:03.6074976+01:00" testType="13cdc9d9-ddb5-4fa4-a97d-d965ccfc6d4b" outcome="Passed" testListId="8c84fa94-04c1-424b-9868-57a2d4851a1d" relativeResultsDirectory="ed5f2524-16a7-4b8e-8d1c-028d9ec7eddf" />
    <UnitTestResult executionId="b3fff49c-f9d4-44db-9514-aafd25cf17fd" testId="20233fe2-b748-308d-725e-1b3b65fd4fc4" testName="Minimize_ShouldReturnOneInterval_WhenListContainsThreeOverlappingIntervals" computerName="DKSR-EFI-06" duration="00:00:00.0006844" startTime="2024-01-09T15:44:43.9668313+01:00" endTime="2024-01-09T15:44:43.9668313+01:00" testType="13cdc9d9-ddb5-4fa4-a97d-d965ccfc6d4b" outcome="Passed" testListId="8c84fa94-04c1-424b-9868-57a2d4851a1d" relativeResultsDirectory="b3fff49c-f9d4-44db-9514-aafd25cf17fd" />
    <UnitTestResult executionId="0159b858-b208-4b7b-9cb9-ccea369f29eb" testId="570963dc-5e77-73b9-225e-688120d0deeb" testName="GetBoundingShapesAsync_FirstInvocationCancelled_DelegatedToInternalMethodOnce" computerName="DKSR-EFI-06" duration="00:00:00.0012834" startTime="2024-01-09T15:45:00.7325056+01:00" endTime="2024-01-09T15:45:00.7481329+01:00" testType="13cdc9d9-ddb5-4fa4-a97d-d965ccfc6d4b" outcome="Passed" testListId="8c84fa94-04c1-424b-9868-57a2d4851a1d" relativeResultsDirectory="0159b858-b208-4b7b-9cb9-ccea369f29eb" />
    <UnitTestResult executionId="3e3104cc-1199-4dbe-b372-5dd65e183e86" testId="4ea99d78-cb91-34d0-2b2f-1a553700bba9" testName="WriteXml_ShouldNotWriteAnElement_WhenTheValueIsNull" computerName="DKSR-EFI-06" duration="00:00:00.0004802" startTime="2024-01-09T15:45:03.0918701+01:00" endTime="2024-01-09T15:45:03.0918701+01:00" testType="13cdc9d9-ddb5-4fa4-a97d-d965ccfc6d4b" outcome="Passed" testListId="8c84fa94-04c1-424b-9868-57a2d4851a1d" relativeResultsDirectory="3e3104cc-1199-4dbe-b372-5dd65e183e86" />
    <UnitTestResult executionId="6c31a356-18e3-4404-90bb-c36162f13e99" testId="781c6c8a-3177-25ba-5828-fb732829d7b1" testName="Decrypt_ShouldThrowMIPException_WhenCalledOnFIPSEnabledMachine" computerName="DKSR-EFI-06" duration="00:00:00.0009224" startTime="2024-01-09T15:45:04.9668741+01:00" endTime="2024-01-09T15:45:04.9668741+01:00" testType="13cdc9d9-ddb5-4fa4-a97d-d965ccfc6d4b" outcome="Passed" testListId="8c84fa94-04c1-424b-9868-57a2d4851a1d" relativeResultsDirectory="6c31a356-18e3-4404-90bb-c36162f13e99" />
    <UnitTestResult executionId="7d275c42-c0a1-44fe-bcc3-bb3cacc97100" testId="619f6d51-fe63-6aad-4d71-b62b6294bc5d" testName="ProvideValue_ShouldUseItemDataValue_WhenItemIsVideoOSDropDownItem" computerName="DKSR-EFI-06" duration="00:00:00.0052628" startTime="2024-01-09T15:44:58.1231233+01:00" endTime="2024-01-09T15:44:58.1231233+01:00" testType="13cdc9d9-ddb5-4fa4-a97d-d965ccfc6d4b" outcome="Passed" testListId="8c84fa94-04c1-424b-9868-57a2d4851a1d" relativeResultsDirectory="7d275c42-c0a1-44fe-bcc3-bb3cacc97100" />
    <UnitTestResult executionId="2f0e76c8-760a-4023-88d7-b2bb350424e1" testId="35a57cb6-17e3-2864-373a-0a8f0a5d8876" testName="Equals_Success" computerName="DKSR-EFI-06" duration="00:00:00.0005924" startTime="2024-01-09T15:45:03.9356229+01:00" endTime="2024-01-09T15:45:03.9356229+01:00" testType="13cdc9d9-ddb5-4fa4-a97d-d965ccfc6d4b" outcome="Passed" testListId="8c84fa94-04c1-424b-9868-57a2d4851a1d" relativeResultsDirectory="2f0e76c8-760a-4023-88d7-b2bb350424e1" />
    <UnitTestResult executionId="164f7e91-c1a3-4456-b4d3-c9562a2793dd" testId="e060b440-f3f0-8ff1-976f-fddc5cc26f62" testName="Decrypt_ShouldReturnInputAsIs" computerName="DKSR-EFI-06" duration="00:00:00.0003297" startTime="2024-01-09T15:45:04.7949992+01:00" endTime="2024-01-09T15:45:04.7949992+01:00" testType="13cdc9d9-ddb5-4fa4-a97d-d965ccfc6d4b" outcome="Passed" testListId="8c84fa94-04c1-424b-9868-57a2d4851a1d" relativeResultsDirectory="164f7e91-c1a3-4456-b4d3-c9562a2793dd" />
    <UnitTestResult executionId="689d6a44-55f3-4ca5-a2a7-a421d8e374f7" testId="ee0b5b54-d791-b6a4-b0fb-2c250f632e6e" testName="GetNext_ShouldReturnEntryAfterFirstReturnedEntry_WhenFindCacheEntryBeforeWasCalledAndThereIsANextEntry" computerName="DKSR-EFI-06" duration="00:00:00.0004876" startTime="2024-01-09T15:45:05.3731246+01:00" endTime="2024-01-09T15:45:05.3731246+01:00" testType="13cdc9d9-ddb5-4fa4-a97d-d965ccfc6d4b" outcome="Passed" testListId="8c84fa94-04c1-424b-9868-57a2d4851a1d" relativeResultsDirectory="689d6a44-55f3-4ca5-a2a7-a421d8e374f7" />
    <UnitTestResult executionId="add8cbfa-cb98-426d-a8ed-88d5ba3fca79" testId="cd80718c-caec-d1ab-47af-f5822f5e7c58" testName="ReadXml_ShouldSetObjectIdToZero_WhenObjectIdAttributeIsPresentButNotAnInteger" computerName="DKSR-EFI-06" duration="00:00:00.0002610" startTime="2024-01-09T15:45:03.1856224+01:00" endTime="2024-01-09T15:45:03.1856224+01:00" testType="13cdc9d9-ddb5-4fa4-a97d-d965ccfc6d4b" outcome="Passed" testListId="8c84fa94-04c1-424b-9868-57a2d4851a1d" relativeResultsDirectory="add8cbfa-cb98-426d-a8ed-88d5ba3fca79" />
    <UnitTestResult executionId="720257ac-b77a-4297-bb28-d77d4aed5dd1" testId="c8844d95-6b3e-d2a5-0238-e17eb53985e3" testName="Add_ShouldNotReplaceLastElement_WhenStartTimeOfLastIsDifferentFromAdded" computerName="DKSR-EFI-06" duration="00:00:00.0252247" startTime="2024-01-09T15:45:05.9356279+01:00" endTime="2024-01-09T15:45:05.9512517+01:00" testType="13cdc9d9-ddb5-4fa4-a97d-d965ccfc6d4b" outcome="Passed" testListId="8c84fa94-04c1-424b-9868-57a2d4851a1d" relativeResultsDirectory="720257ac-b77a-4297-bb28-d77d4aed5dd1" />
    <UnitTestResult executionId="66603ee2-57f3-40cc-b9fd-2b549ba20dc5" testId="9ef77c95-5283-32cc-e077-a32bcc727b45" testName="Minimize_ShouldReturnTwoIntervals_WhenListContainsTwoNonOverlappingIntervalsReversed" computerName="DKSR-EFI-06" duration="00:00:00.0006302" startTime="2024-01-09T15:44:43.9512082+01:00" endTime="2024-01-09T15:44:43.9512082+01:00" testType="13cdc9d9-ddb5-4fa4-a97d-d965ccfc6d4b" outcome="Passed" testListId="8c84fa94-04c1-424b-9868-57a2d4851a1d" relativeResultsDirectory="66603ee2-57f3-40cc-b9fd-2b549ba20dc5" />
    <UnitTestResult executionId="494f5a6a-3046-4b77-b11d-2f36079dcbc4" testId="793b121d-bd99-21ec-f905-c7a3bfbc43cf" testName="ReadXml_ShouldReadTransformation_WhenTransformationIsPresent" computerName="DKSR-EFI-06" duration="00:00:00.0039509" startTime="2024-01-09T15:45:02.2637436+01:00" endTime="2024-01-09T15:45:02.2637436+01:00" testType="13cdc9d9-ddb5-4fa4-a97d-d965ccfc6d4b" outcome="Passed" testListId="8c84fa94-04c1-424b-9868-57a2d4851a1d" relativeResultsDirectory="494f5a6a-3046-4b77-b11d-2f36079dcbc4" />
    <UnitTestResult executionId="d974f5b6-afd5-40a8-8284-9adc906091bc" testId="58e16725-e739-c95e-f63b-6da9cd475080" testName="Get_Element" computerName="DKSR-EFI-06" duration="00:00:00.0001404" startTime="2024-01-09T15:45:01.8106179+01:00" endTime="2024-01-09T15:45:01.8106179+01:00" testType="13cdc9d9-ddb5-4fa4-a97d-d965ccfc6d4b" outcome="Passed" testListId="8c84fa94-04c1-424b-9868-57a2d4851a1d" relativeResultsDirectory="d974f5b6-afd5-40a8-8284-9adc906091bc" />
    <UnitTestResult executionId="afd9daf4-92ba-43e8-b247-7509da84b1a4" testId="d2671cf7-10ab-d2c0-aa50-a4b5bfd530c6" testName="Serialize_TestCases (TestParentTypeMatchStructNotThisTypeNotMatched)" computerName="DKSR-EFI-06" duration="00:00:00.0007385" startTime="2024-01-09T15:44:59.5137528+01:00" endTime="2024-01-09T15:44:59.5137528+01:00" testType="13cdc9d9-ddb5-4fa4-a97d-d965ccfc6d4b" outcome="Passed" testListId="8c84fa94-04c1-424b-9868-57a2d4851a1d" relativeResultsDirectory="afd9daf4-92ba-43e8-b247-7509da84b1a4" />
    <UnitTestResult executionId="b6918659-dde4-4f8f-9062-b55b8f27febd" testId="fe04fee8-8e91-5fdd-deeb-dfb39b790e19" testName="Serialize_TestCases (TestParentTypeMatchCollectionNotThisTypeNotMatched)" computerName="DKSR-EFI-06" duration="00:00:00.0001476" startTime="2024-01-09T15:44:59.5762522+01:00" endTime="2024-01-09T15:44:59.5762522+01:00" testType="13cdc9d9-ddb5-4fa4-a97d-d965ccfc6d4b" outcome="Passed" testListId="8c84fa94-04c1-424b-9868-57a2d4851a1d" relativeResultsDirectory="b6918659-dde4-4f8f-9062-b55b8f27febd" />
    <UnitTestResult executionId="9785da8e-04b9-4066-ab20-dfce8eba5aa7" testId="8c4ac38a-c3bf-bb60-df07-e7bd10fd1112" testName="ConstructWithString_Camera_FieldValues_checked" computerName="DKSR-EFI-06" duration="00:00:00.0048725" startTime="2024-01-09T15:44:29.5761906+01:00" endTime="2024-01-09T15:44:29.5918156+01:00" testType="13cdc9d9-ddb5-4fa4-a97d-d965ccfc6d4b" outcome="Passed" testListId="8c84fa94-04c1-424b-9868-57a2d4851a1d" relativeResultsDirectory="9785da8e-04b9-4066-ab20-dfce8eba5aa7" />
    <UnitTestResult executionId="ba9dec08-3569-4a2d-a290-4b4fa2ad43d8" testId="e6ba39e7-b277-ade5-953f-680493847818" testName="MatchId_Success_MessageWithAsteriskAtEnd_NoEnding" computerName="DKSR-EFI-06" duration="00:00:00.0001953" startTime="2024-01-09T15:45:03.7168725+01:00" endTime="2024-01-09T15:45:03.7168725+01:00" testType="13cdc9d9-ddb5-4fa4-a97d-d965ccfc6d4b" outcome="Passed" testListId="8c84fa94-04c1-424b-9868-57a2d4851a1d" relativeResultsDirectory="ba9dec08-3569-4a2d-a290-4b4fa2ad43d8" />
    <UnitTestResult executionId="6683f969-041b-4770-9a00-caafc83668a9" testId="a0b09ab1-22b3-e8a0-7021-5f5ed2380424" testName="Equals_ShouldHaveValueSemantics_WhenAlways" computerName="DKSR-EFI-06" duration="00:00:00.0006095" startTime="2024-01-09T15:45:03.4043712+01:00" endTime="2024-01-09T15:45:03.4043712+01:00" testType="13cdc9d9-ddb5-4fa4-a97d-d965ccfc6d4b" outcome="Passed" testListId="8c84fa94-04c1-424b-9868-57a2d4851a1d" relativeResultsDirectory="6683f969-041b-4770-9a00-caafc83668a9" />
    <UnitTestResult executionId="45bd9371-d31d-403b-ab96-a016c246e2fd" testId="36835451-4db1-a03e-109f-0d92dfb22aba" testName="Append_OptionKeyString_Escaped" computerName="DKSR-EFI-06" duration="00:00:00.0135975" startTime="2024-01-09T15:45:01.6387424+01:00" endTime="2024-01-09T15:45:01.6543671+01:00" testType="13cdc9d9-ddb5-4fa4-a97d-d965ccfc6d4b" outcome="Passed" testListId="8c84fa94-04c1-424b-9868-57a2d4851a1d" relativeResultsDirectory="45bd9371-d31d-403b-ab96-a016c246e2fd" />
    <UnitTestResult executionId="515b4019-77b0-4b4a-83d1-d958155d6047" testId="c2b3a374-d9ca-fe1a-d2bb-dddc9de79775" testName="GetItem_ShouldNotReturnItem_WhenOtherAddedFound" computerName="DKSR-EFI-06" duration="00:00:00.0007265" startTime="2024-01-09T15:44:33.7168114+01:00" endTime="2024-01-09T15:44:33.7324362+01:00" testType="13cdc9d9-ddb5-4fa4-a97d-d965ccfc6d4b" outcome="Passed" testListId="8c84fa94-04c1-424b-9868-57a2d4851a1d" relativeResultsDirectory="515b4019-77b0-4b4a-83d1-d958155d6047" />
    <UnitTestResult executionId="1921ef6f-e735-4453-8845-922539b42828" testId="5e058ca8-2071-8aca-94cf-089b17b5ab0d" testName="CountByItems_Activated_Trial_Grace_Missing" computerName="DKSR-EFI-06" duration="00:00:00.0020858" startTime="2024-01-09T15:45:05.0606242+01:00" endTime="2024-01-09T15:45:05.0606242+01:00" testType="13cdc9d9-ddb5-4fa4-a97d-d965ccfc6d4b" outcome="Passed" testListId="8c84fa94-04c1-424b-9868-57a2d4851a1d" relativeResultsDirectory="1921ef6f-e735-4453-8845-922539b42828" />
    <UnitTestResult executionId="f2c4aefc-b2b9-4a89-a41d-2a02f8befd89" testId="a2a93cec-e7b9-3a98-e5c4-9eb836279da9" testName="Ctor_OneCustomFilter_Success" computerName="DKSR-EFI-06" duration="00:00:00.0003756" startTime="2024-01-09T15:45:01.4512434+01:00" endTime="2024-01-09T15:45:01.4512434+01:00" testType="13cdc9d9-ddb5-4fa4-a97d-d965ccfc6d4b" outcome="Passed" testListId="8c84fa94-04c1-424b-9868-57a2d4851a1d" relativeResultsDirectory="f2c4aefc-b2b9-4a89-a41d-2a02f8befd89" />
    <UnitTestResult executionId="61a2b713-972b-4174-811e-fe15e20c4f1c" testId="135d62c0-fe81-f46a-ce86-2cfe36dd8cc8" testName="Clear_ShouldRemoveAllDataFromCache_WhenAlways" computerName="DKSR-EFI-06" duration="00:00:00.0006480" startTime="2024-01-09T15:45:05.4200527+01:00" endTime="2024-01-09T15:45:05.4200527+01:00" testType="13cdc9d9-ddb5-4fa4-a97d-d965ccfc6d4b" outcome="Passed" testListId="8c84fa94-04c1-424b-9868-57a2d4851a1d" relativeResultsDirectory="61a2b713-972b-4174-811e-fe15e20c4f1c" />
    <UnitTestResult executionId="db8c374a-b81d-428d-b30a-90286f520481" testId="33ade990-1ccf-b0cf-8ab5-e10e49ad4630" testName="GenerateDeviceCapabilityParameters_ShouldCallGenerateEnumParametersWithCorrectPrefix_WhenThereAreEnumValues" computerName="DKSR-EFI-06" duration="00:00:00.0023480" startTime="2024-01-09T15:45:05.2325032+01:00" endTime="2024-01-09T15:45:05.2325032+01:00" testType="13cdc9d9-ddb5-4fa4-a97d-d965ccfc6d4b" outcome="Passed" testListId="8c84fa94-04c1-424b-9868-57a2d4851a1d" relativeResultsDirectory="db8c374a-b81d-428d-b30a-90286f520481" />
    <UnitTestResult executionId="b6d77380-7f35-4896-9144-762bbbe75191" testId="11b5912e-600c-2c04-2bfe-19c262546aae" testName="SearchResultData_EndTimeWithPaddingMinValue_ShouldReturnEndTime" computerName="DKSR-EFI-06" duration="00:00:00.0002175" startTime="2024-01-09T15:45:00.8106320+01:00" endTime="2024-01-09T15:45:00.8106320+01:00" testType="13cdc9d9-ddb5-4fa4-a97d-d965ccfc6d4b" outcome="Passed" testListId="8c84fa94-04c1-424b-9868-57a2d4851a1d" relativeResultsDirectory="b6d77380-7f35-4896-9144-762bbbe75191" />
    <UnitTestResult executionId="e887ef34-03b9-48f6-a8ed-5e30dad56a9a" testId="54151fed-fc55-77df-b7af-e1e01590fd93" testName="CountByItems_Activated_CountByCounter_Trial2" computerName="DKSR-EFI-06" duration="00:00:00.0016796" startTime="2024-01-09T15:45:05.0918798+01:00" endTime="2024-01-09T15:45:05.0918798+01:00" testType="13cdc9d9-ddb5-4fa4-a97d-d965ccfc6d4b" outcome="Passed" testListId="8c84fa94-04c1-424b-9868-57a2d4851a1d" relativeResultsDirectory="e887ef34-03b9-48f6-a8ed-5e30dad56a9a" />
    <UnitTestResult executionId="612c49f1-2e1a-47a9-a8dc-aa8e4a8e9a46" testId="a67e2ec6-c284-283e-f6bb-5df24e13d453" testName="GetAgeFilterValue_FilterValueMissing_ReturnsEmptyCollection" computerName="DKSR-EFI-06" duration="00:00:00.0006032" startTime="2024-01-09T15:45:01.4668682+01:00" endTime="2024-01-09T15:45:01.4668682+01:00" testType="13cdc9d9-ddb5-4fa4-a97d-d965ccfc6d4b" outcome="Passed" testListId="8c84fa94-04c1-424b-9868-57a2d4851a1d" relativeResultsDirectory="612c49f1-2e1a-47a9-a8dc-aa8e4a8e9a46" />
    <UnitTestResult executionId="728ce80e-92ba-4294-bb5d-fdedd72c7bb4" testId="cf5973cd-80eb-589d-6a2e-dee3a1384b97" testName="ReadXml_ShouldIgnoreUnknownElements_WhenUnknownElementsArePresent" computerName="DKSR-EFI-06" duration="00:00:00.0005002" startTime="2024-01-09T15:45:03.0918701+01:00" endTime="2024-01-09T15:45:03.0918701+01:00" testType="13cdc9d9-ddb5-4fa4-a97d-d965ccfc6d4b" outcome="Passed" testListId="8c84fa94-04c1-424b-9868-57a2d4851a1d" relativeResultsDirectory="728ce80e-92ba-4294-bb5d-fdedd72c7bb4" />
    <UnitTestResult executionId="5e05889c-82bb-44cf-9324-4b8919f606db" testId="55b79441-e564-906e-4208-d72830fa4d2c" testName="GetBegin_ShouldReturnNull_WhenToolkitReturnsNull" computerName="DKSR-EFI-06" duration="00:00:00.0018585" startTime="2024-01-09T15:45:05.5918775+01:00" endTime="2024-01-09T15:45:05.5918775+01:00" testType="13cdc9d9-ddb5-4fa4-a97d-d965ccfc6d4b" outcome="Passed" testListId="8c84fa94-04c1-424b-9868-57a2d4851a1d" relativeResultsDirectory="5e05889c-82bb-44cf-9324-4b8919f606db" />
    <UnitTestResult executionId="9b61c62d-b4a9-4e46-8b38-67acf737718b" testId="21e526f6-3a3a-f300-e830-472a0f6e7a82" testName="GenerateDeviceParameters_ShouldWriteCorrectCodec_WhenCodecIsNotZero" computerName="DKSR-EFI-06" duration="00:00:00.0128430" startTime="2024-01-09T15:45:05.1231261+01:00" endTime="2024-01-09T15:45:05.1387514+01:00" testType="13cdc9d9-ddb5-4fa4-a97d-d965ccfc6d4b" outcome="Passed" testListId="8c84fa94-04c1-424b-9868-57a2d4851a1d" relativeResultsDirectory="9b61c62d-b4a9-4e46-8b38-67acf737718b" />
    <UnitTestResult executionId="ea8f992a-daaf-4a48-a468-b704ba12ed1d" testId="d4b18369-f511-b320-afac-a383c554d179" testName="CountByCounter_Activated_Missing" computerName="DKSR-EFI-06" duration="00:00:00.0005331" startTime="2024-01-09T15:45:04.9981259+01:00" endTime="2024-01-09T15:45:04.9981259+01:00" testType="13cdc9d9-ddb5-4fa4-a97d-d965ccfc6d4b" outcome="Passed" testListId="8c84fa94-04c1-424b-9868-57a2d4851a1d" relativeResultsDirectory="ea8f992a-daaf-4a48-a468-b704ba12ed1d" />
    <UnitTestResult executionId="16f44fbc-9766-4863-8722-509880ebc0c9" testId="f5086738-fff1-9285-cf60-e3b17196cf32" testName="ReadXml_ShouldReadNavigationalData_WhenNavigationalDataIsPresent" computerName="DKSR-EFI-06" duration="00:00:00.0014374" startTime="2024-01-09T15:45:02.9512489+01:00" endTime="2024-01-09T15:45:02.9512489+01:00" testType="13cdc9d9-ddb5-4fa4-a97d-d965ccfc6d4b" outcome="Passed" testListId="8c84fa94-04c1-424b-9868-57a2d4851a1d" relativeResultsDirectory="16f44fbc-9766-4863-8722-509880ebc0c9" />
    <UnitTestResult executionId="7d3adb12-7ad3-405a-82f0-38c107329440" testId="b92c2d23-e9a0-a785-771e-708c304e0f26" testName="TestStartSearch_NoResultsOrErrorOccurredFromCanceledSearchDefinitions_Success" computerName="DKSR-EFI-06" duration="00:00:00.0194378" startTime="2024-01-09T15:45:00.6387568+01:00" endTime="2024-01-09T15:45:00.6856342+01:00" testType="13cdc9d9-ddb5-4fa4-a97d-d965ccfc6d4b" outcome="Passed" testListId="8c84fa94-04c1-424b-9868-57a2d4851a1d" relativeResultsDirectory="7d3adb12-7ad3-405a-82f0-38c107329440" />
    <UnitTestResult executionId="f35a0c78-6c5d-41c3-a345-c7108d815f04" testId="f85011e7-aedc-f16d-4ec9-583569d1a8dd" testName="Enabled_Properties_With_Enable_False_success" computerName="DKSR-EFI-06" duration="00:00:00.0115792" startTime="2024-01-09T15:44:31.7793114+01:00" endTime="2024-01-09T15:44:31.7949384+01:00" testType="13cdc9d9-ddb5-4fa4-a97d-d965ccfc6d4b" outcome="Passed" testListId="8c84fa94-04c1-424b-9868-57a2d4851a1d" relativeResultsDirectory="f35a0c78-6c5d-41c3-a345-c7108d815f04" />
    <UnitTestResult executionId="db02f480-4816-4258-9b5c-1bf30c97a25f" testId="5be5e628-43fb-71a1-e880-34735fe5e2ed" testName="ReadXml_ShouldReadBehaviour_WhenBehaviourIsPresent" computerName="DKSR-EFI-06" duration="00:00:00.0002639" startTime="2024-01-09T15:45:03.2012452+01:00" endTime="2024-01-09T15:45:03.2012452+01:00" testType="13cdc9d9-ddb5-4fa4-a97d-d965ccfc6d4b" outcome="Passed" testListId="8c84fa94-04c1-424b-9868-57a2d4851a1d" relativeResultsDirectory="db02f480-4816-4258-9b5c-1bf30c97a25f" />
    <UnitTestResult executionId="8f42c1dc-a19f-40a5-b73d-7df1774855d0" testId="50a956ce-9348-bb74-74bb-95ec2b1592c0" testName="WriteAppearanceExtenstionXml_ShouldWriteFillColor_WhenFillColorIsPresent" computerName="DKSR-EFI-06" duration="00:00:00.0005034" startTime="2024-01-09T15:45:03.3887523+01:00" endTime="2024-01-09T15:45:03.3887523+01:00" testType="13cdc9d9-ddb5-4fa4-a97d-d965ccfc6d4b" outcome="Passed" testListId="8c84fa94-04c1-424b-9868-57a2d4851a1d" relativeResultsDirectory="8f42c1dc-a19f-40a5-b73d-7df1774855d0" />
    <UnitTestResult executionId="e13cf6f9-e49b-464b-ae19-cb34fd8ccb27" testId="eb183710-44b3-ddea-c66c-e6cc35890656" testName="Append_PropertyKey_String_Parted" computerName="DKSR-EFI-06" duration="00:00:00.0007919" startTime="2024-01-09T15:45:01.6543671+01:00" endTime="2024-01-09T15:45:01.6699922+01:00" testType="13cdc9d9-ddb5-4fa4-a97d-d965ccfc6d4b" outcome="Passed" testListId="8c84fa94-04c1-424b-9868-57a2d4851a1d" relativeResultsDirectory="e13cf6f9-e49b-464b-ae19-cb34fd8ccb27" />
    <UnitTestResult executionId="3cdf79f8-665f-41b3-86b5-f65cab5cc52a" testId="87215dbe-be98-eae0-f888-50bc76faae33" testName="GetPreviousDateTime_ShouldReturnDataEntityFromCacheWithoutCallingToolkit_WhenDataIsPresentInCache" computerName="DKSR-EFI-06" duration="00:00:00.0036357" startTime="2024-01-09T15:45:05.6700021+01:00" endTime="2024-01-09T15:45:05.6700021+01:00" testType="13cdc9d9-ddb5-4fa4-a97d-d965ccfc6d4b" outcome="Passed" testListId="8c84fa94-04c1-424b-9868-57a2d4851a1d" relativeResultsDirectory="3cdf79f8-665f-41b3-86b5-f65cab5cc52a" />
    <UnitTestResult executionId="869bf6f9-63bb-4576-ac52-1d14bc65ff12" testId="a17307f7-bfca-392d-97bb-4da7ab99cc40" testName="SearchResultData_RelatedItems_Success" computerName="DKSR-EFI-06" duration="00:00:00.0006749" startTime="2024-01-09T15:45:00.8106320+01:00" endTime="2024-01-09T15:45:00.8106320+01:00" testType="13cdc9d9-ddb5-4fa4-a97d-d965ccfc6d4b" outcome="Passed" testListId="8c84fa94-04c1-424b-9868-57a2d4851a1d" relativeResultsDirectory="869bf6f9-63bb-4576-ac52-1d14bc65ff12" />
    <UnitTestResult executionId="1a59e446-f780-42d0-80e7-c9ae18ac9207" testId="8f3ff765-82e8-66d7-0b26-5b7e252a53b8" testName="Ctor_EmptyName_Throws" computerName="DKSR-EFI-06" duration="00:00:00.0006303" startTime="2024-01-09T15:45:01.4981172+01:00" endTime="2024-01-09T15:45:01.4981172+01:00" testType="13cdc9d9-ddb5-4fa4-a97d-d965ccfc6d4b" outcome="Passed" testListId="8c84fa94-04c1-424b-9868-57a2d4851a1d" relativeResultsDirectory="1a59e446-f780-42d0-80e7-c9ae18ac9207" />
    <UnitTestResult executionId="6b4a2aec-1019-478a-87a7-d967e3280014" testId="be126d46-0548-695a-7287-bae8146e110d" testName="Longitude_ShouldThrowArgumentOfRange_WhenValueIsOutsideAcceptedRange" computerName="DKSR-EFI-06" duration="00:00:00.0015962" startTime="2024-01-09T15:45:03.0449938+01:00" endTime="2024-01-09T15:45:03.0449938+01:00" testType="13cdc9d9-ddb5-4fa4-a97d-d965ccfc6d4b" outcome="Passed" testListId="8c84fa94-04c1-424b-9868-57a2d4851a1d" relativeResultsDirectory="6b4a2aec-1019-478a-87a7-d967e3280014" />
    <UnitTestResult executionId="337fc9e6-c134-4cf4-902e-9e5a1bdde28c" testId="479ac9a4-db24-66b5-ae47-500a4c5f414e" testName="UtcTimeAttributeWasPresent_ShouldReturnFalse_WhenUtcTimeAttributeIsPresentButNotParsable" computerName="DKSR-EFI-06" duration="00:00:00.0003089" startTime="2024-01-09T15:45:02.6857887+01:00" endTime="2024-01-09T15:45:02.6857887+01:00" testType="13cdc9d9-ddb5-4fa4-a97d-d965ccfc6d4b" outcome="Passed" testListId="8c84fa94-04c1-424b-9868-57a2d4851a1d" relativeResultsDirectory="337fc9e6-c134-4cf4-902e-9e5a1bdde28c" />
    <UnitTestResult executionId="815f41ca-e3aa-4892-87fe-2c2e70c5abc1" testId="88b3639f-ec99-90c4-a195-d859d4e9c60c" testName="Equals_ShouldReturnTrue_WhenHostDifferOnlyByPortInHost" computerName="DKSR-EFI-06" duration="00:00:00.0003561" startTime="2024-01-09T15:44:32.2168100+01:00" endTime="2024-01-09T15:44:32.2168100+01:00" testType="13cdc9d9-ddb5-4fa4-a97d-d965ccfc6d4b" outcome="Passed" testListId="8c84fa94-04c1-424b-9868-57a2d4851a1d" relativeResultsDirectory="815f41ca-e3aa-4892-87fe-2c2e70c5abc1" />
    <UnitTestResult executionId="b0c8d693-701e-441f-b05e-2984cff8989e" testId="16af9e4d-1460-4181-5a4a-fd51a2b844f5" testName="Serialize_ShouldHandleRecursiveProperty" computerName="DKSR-EFI-06" duration="00:00:00.8980583" startTime="2024-01-09T15:44:58.1699985+01:00" endTime="2024-01-09T15:44:59.0606275+01:00" testType="13cdc9d9-ddb5-4fa4-a97d-d965ccfc6d4b" outcome="Passed" testListId="8c84fa94-04c1-424b-9868-57a2d4851a1d" relativeResultsDirectory="b0c8d693-701e-441f-b05e-2984cff8989e" />
    <UnitTestResult executionId="d323bdec-ddf5-458e-9af7-06d389c22357" testId="629a124b-d106-9b5f-4810-e231979dd6e9" testName="ProvideValue_ShouldNotApplyContentTemplate_WhenItemContentTemplatePropertyNameIsNotSet" computerName="DKSR-EFI-06" duration="00:00:00.0048045" startTime="2024-01-09T15:44:57.8262487+01:00" endTime="2024-01-09T15:44:57.8262487+01:00" testType="13cdc9d9-ddb5-4fa4-a97d-d965ccfc6d4b" outcome="Passed" testListId="8c84fa94-04c1-424b-9868-57a2d4851a1d" relativeResultsDirectory="d323bdec-ddf5-458e-9af7-06d389c22357" />
    <UnitTestResult executionId="2a5c5b19-aaf7-455d-afdf-d25420ca74bc" testId="93f61c3c-6b1e-d1b6-89d6-3a1bfa5e90ba" testName="HasExtensionDataPresent_ShouldReturnFalse_WhenExtensionDataIsNotPresent" computerName="DKSR-EFI-06" duration="00:00:00.0002329" startTime="2024-01-09T15:45:03.2481209+01:00" endTime="2024-01-09T15:45:03.2481209+01:00" testType="13cdc9d9-ddb5-4fa4-a97d-d965ccfc6d4b" outcome="Passed" testListId="8c84fa94-04c1-424b-9868-57a2d4851a1d" relativeResultsDirectory="2a5c5b19-aaf7-455d-afdf-d25420ca74bc" />
    <UnitTestResult executionId="134ef7f5-a13f-40fb-88df-afea85591283" testId="20a57555-9cb1-ba41-e79f-7fc0c85fb0e9" testName="Serialize_TestCases (Verify root Enum property)" computerName="DKSR-EFI-06" duration="00:00:00.0002479" startTime="2024-01-09T15:44:59.3418770+01:00" endTime="2024-01-09T15:44:59.3418770+01:00" testType="13cdc9d9-ddb5-4fa4-a97d-d965ccfc6d4b" outcome="Passed" testListId="8c84fa94-04c1-424b-9868-57a2d4851a1d" relativeResultsDirectory="134ef7f5-a13f-40fb-88df-afea85591283" />
    <UnitTestResult executionId="8ba17cc8-0c5a-4c0d-9bf0-2fa51dea44d1" testId="03f9a419-da0b-13cb-434c-e5eb4d3017d6" testName="GenerateParameters_ShouldWriteNumberOfMetadataDevicesAsMDStream_WhenAlways" computerName="DKSR-EFI-06" duration="00:00:00.0018972" startTime="2024-01-09T15:45:05.2950007+01:00" endTime="2024-01-09T15:45:05.2950007+01:00" testType="13cdc9d9-ddb5-4fa4-a97d-d965ccfc6d4b" outcome="Passed" testListId="8c84fa94-04c1-424b-9868-57a2d4851a1d" relativeResultsDirectory="8ba17cc8-0c5a-4c0d-9bf0-2fa51dea44d1" />
    <UnitTestResult executionId="897dbba8-5d8d-4fd1-b312-7ed3446223a9" testId="e20a2443-63de-0ab9-fc1f-4a1cb2289ef1" testName="CountByItems_NotActivated_Empty" computerName="DKSR-EFI-06" duration="00:00:00.0007835" startTime="2024-01-09T15:45:05.0137507+01:00" endTime="2024-01-09T15:45:05.0137507+01:00" testType="13cdc9d9-ddb5-4fa4-a97d-d965ccfc6d4b" outcome="Passed" testListId="8c84fa94-04c1-424b-9868-57a2d4851a1d" relativeResultsDirectory="897dbba8-5d8d-4fd1-b312-7ed3446223a9" />
    <UnitTestResult executionId="05599768-edf4-45d0-9b60-646912b9d3f4" testId="3b7c8552-7a62-bee2-027f-19ba6bd6ceca" testName="Given_Exception_WhenSerializingAndDeserialing_Then_AllContentIsPreserved" computerName="DKSR-EFI-06" duration="00:00:00.1743703" startTime="2024-01-09T15:44:31.9199399+01:00" endTime="2024-01-09T15:44:32.0918116+01:00" testType="13cdc9d9-ddb5-4fa4-a97d-d965ccfc6d4b" outcome="Passed" testListId="8c84fa94-04c1-424b-9868-57a2d4851a1d" relativeResultsDirectory="05599768-edf4-45d0-9b60-646912b9d3f4" />
    <UnitTestResult executionId="b75f3f50-5f4d-4c14-99a1-cd6b74f16b6f" testId="b2b2d43b-9d87-4971-7001-e6990369b6c8" testName="FallbackDisplayValue_SingleValueSet_ReturnsSingleValue" computerName="DKSR-EFI-06" duration="00:00:00.0065990" startTime="2024-01-09T15:44:59.7793768+01:00" endTime="2024-01-09T15:44:59.7793768+01:00" testType="13cdc9d9-ddb5-4fa4-a97d-d965ccfc6d4b" outcome="Passed" testListId="8c84fa94-04c1-424b-9868-57a2d4851a1d" relativeResultsDirectory="b75f3f50-5f4d-4c14-99a1-cd6b74f16b6f" />
    <UnitTestResult executionId="4602cc4c-b002-4596-8f4c-b87129f83c85" testId="044d023a-988b-c4dd-c568-29bf752ae34c" testName="Serialize_TestCases (Verify root Generic (null) property)" computerName="DKSR-EFI-06" duration="00:00:00.0002507" startTime="2024-01-09T15:44:59.4200016+01:00" endTime="2024-01-09T15:44:59.4200016+01:00" testType="13cdc9d9-ddb5-4fa4-a97d-d965ccfc6d4b" outcome="Passed" testListId="8c84fa94-04c1-424b-9868-57a2d4851a1d" relativeResultsDirectory="4602cc4c-b002-4596-8f4c-b87129f83c85" />
    <UnitTestResult executionId="8ddb0f6b-7c76-406e-86be-020cac6045ed" testId="500146c2-0fce-a8b0-1f53-7fbec0f9bacd" testName="Serialize_ShouldHandleSelfReferencing" computerName="DKSR-EFI-06" duration="00:00:00.0032599" startTime="2024-01-09T15:44:59.0918776+01:00" endTime="2024-01-09T15:44:59.1075015+01:00" testType="13cdc9d9-ddb5-4fa4-a97d-d965ccfc6d4b" outcome="Passed" testListId="8c84fa94-04c1-424b-9868-57a2d4851a1d" relativeResultsDirectory="8ddb0f6b-7c76-406e-86be-020cac6045ed" />
    <UnitTestResult executionId="a2350e87-24e6-4725-bf44-1f693aa67f4b" testId="3a4d61c6-1dc3-0bdf-c7d5-0384c8954cbd" testName="TestCreateSearchDefinition_WithFilterCategoryNotFound_Failure" computerName="DKSR-EFI-06" duration="00:00:00.0025237" startTime="2024-01-09T15:45:00.2481302+01:00" endTime="2024-01-09T15:45:00.2637569+01:00" testType="13cdc9d9-ddb5-4fa4-a97d-d965ccfc6d4b" outcome="Passed" testListId="8c84fa94-04c1-424b-9868-57a2d4851a1d" relativeResultsDirectory="a2350e87-24e6-4725-bf44-1f693aa67f4b" />
    <UnitTestResult executionId="d10bd5a9-436c-46bd-9793-f99c9996e86b" testId="0b5213c6-1e29-5592-48df-383ab2a80365" testName="GetFilterValues_EmptyValueAdded_ReturnsEmptyCollection" computerName="DKSR-EFI-06" duration="00:00:00.0146576" startTime="2024-01-09T15:44:59.9356285+01:00" endTime="2024-01-09T15:44:59.9512548+01:00" testType="13cdc9d9-ddb5-4fa4-a97d-d965ccfc6d4b" outcome="Passed" testListId="8c84fa94-04c1-424b-9868-57a2d4851a1d" relativeResultsDirectory="d10bd5a9-436c-46bd-9793-f99c9996e86b" />
    <UnitTestResult executionId="5c21237d-b6d8-4e3b-8e76-00f9a373fb54" testId="4cab5b13-e57d-d862-8721-f8c86a15bdbf" testName="GenerateDeviceCapabilityParameters_ShouldWriteResolution_WhenAlways" computerName="DKSR-EFI-06" duration="00:00:00.0005702" startTime="2024-01-09T15:45:05.2168755+01:00" endTime="2024-01-09T15:45:05.2168755+01:00" testType="13cdc9d9-ddb5-4fa4-a97d-d965ccfc6d4b" outcome="Passed" testListId="8c84fa94-04c1-424b-9868-57a2d4851a1d" relativeResultsDirectory="5c21237d-b6d8-4e3b-8e76-00f9a373fb54" />
    <UnitTestResult executionId="c0e930f4-bc2b-4d6d-b586-647e8b8f5b0e" testId="8601fe89-72a2-9ba5-8e62-8c183b00fe8c" testName="MatchId_Success_MessageWithAsteriskAtBegin_NoBegin" computerName="DKSR-EFI-06" duration="00:00:00.0001627" startTime="2024-01-09T15:45:03.7168725+01:00" endTime="2024-01-09T15:45:03.7168725+01:00" testType="13cdc9d9-ddb5-4fa4-a97d-d965ccfc6d4b" outcome="Passed" testListId="8c84fa94-04c1-424b-9868-57a2d4851a1d" relativeResultsDirectory="c0e930f4-bc2b-4d6d-b586-647e8b8f5b0e" />
    <UnitTestResult executionId="17c92651-e893-4d27-bfe5-3f4a5ea4d230" testId="0928c4fd-5774-fb06-0445-b9d9e3756a8d" testName="WriteXml_ShouldWriteObjectIdAttribute_Always" computerName="DKSR-EFI-06" duration="00:00:00.0005843" startTime="2024-01-09T15:45:03.2012452+01:00" endTime="2024-01-09T15:45:03.2012452+01:00" testType="13cdc9d9-ddb5-4fa4-a97d-d965ccfc6d4b" outcome="Passed" testListId="8c84fa94-04c1-424b-9868-57a2d4851a1d" relativeResultsDirectory="17c92651-e893-4d27-bfe5-3f4a5ea4d230" />
    <UnitTestResult executionId="64296b00-d00e-457b-89a2-43cef2914483" testId="ae1fcdcb-f991-e67c-d221-5879496f84bd" testName="ReadXml_ShouldReadClassCandidateContents_WhenClassCandidateIsPresent" computerName="DKSR-EFI-06" duration="00:00:00.0015930" startTime="2024-01-09T15:45:03.1231220+01:00" endTime="2024-01-09T15:45:03.1231220+01:00" testType="13cdc9d9-ddb5-4fa4-a97d-d965ccfc6d4b" outcome="Passed" testListId="8c84fa94-04c1-424b-9868-57a2d4851a1d" relativeResultsDirectory="64296b00-d00e-457b-89a2-43cef2914483" />
    <UnitTestResult executionId="7dff694d-58ec-4320-810b-e19c007b7e5c" testId="14a48fdf-998f-a4a7-ad0a-dfa3e87104de" testName="ProvideValue_ShouldUseItemContentTemplate_WhenContentTemplateIsSetOnDropDownAndOnItem" computerName="DKSR-EFI-06" duration="00:00:00.0018975" startTime="2024-01-09T15:44:58.1074964+01:00" endTime="2024-01-09T15:44:58.1074964+01:00" testType="13cdc9d9-ddb5-4fa4-a97d-d965ccfc6d4b" outcome="Passed" testListId="8c84fa94-04c1-424b-9868-57a2d4851a1d" relativeResultsDirectory="7dff694d-58ec-4320-810b-e19c007b7e5c" />
    <UnitTestResult executionId="e9efdbf1-fcf6-44bf-973d-40206fcad553" testId="fd660d88-e617-79d3-f7ee-c5b3a97b4585" testName="GetMetadataObjectIdsAsync_FirstInvocationCancelled_DelegatedToInternalMethodOnce" computerName="DKSR-EFI-06" duration="00:00:00.0014186" startTime="2024-01-09T15:45:00.7637614+01:00" endTime="2024-01-09T15:45:00.7637614+01:00" testType="13cdc9d9-ddb5-4fa4-a97d-d965ccfc6d4b" outcome="Passed" testListId="8c84fa94-04c1-424b-9868-57a2d4851a1d" relativeResultsDirectory="e9efdbf1-fcf6-44bf-973d-40206fcad553" />
    <UnitTestResult executionId="37149230-016d-4c2e-8fd2-2299783370c3" testId="dacce14d-9756-2798-fd98-fb15b8b3c6f4" testName="Construct1_And_Field_Check" computerName="DKSR-EFI-06" duration="00:00:00.1778985" startTime="2024-01-09T15:44:29.8886851+01:00" endTime="2024-01-09T15:44:30.0605611+01:00" testType="13cdc9d9-ddb5-4fa4-a97d-d965ccfc6d4b" outcome="Passed" testListId="8c84fa94-04c1-424b-9868-57a2d4851a1d" relativeResultsDirectory="37149230-016d-4c2e-8fd2-2299783370c3" />
    <UnitTestResult executionId="45756c85-cc6a-4c2e-b8ca-56aa393ce2f2" testId="39224d7b-adf2-c3bb-b064-ed7483309b12" testName="ReadXml_ShouldLogWarning_WhenRequiredAttributeIsMissing" computerName="DKSR-EFI-06" duration="00:00:00.0010438" startTime="2024-01-09T15:45:03.6387482+01:00" endTime="2024-01-09T15:45:03.6387482+01:00" testType="13cdc9d9-ddb5-4fa4-a97d-d965ccfc6d4b" outcome="Passed" testListId="8c84fa94-04c1-424b-9868-57a2d4851a1d" relativeResultsDirectory="45756c85-cc6a-4c2e-b8ca-56aa393ce2f2" />
    <UnitTestResult executionId="b56cd15d-f21d-4f4f-a63a-5198403f2561" testId="d662e348-a1af-bb08-7043-ef8f0887058c" testName="SearchResultData_BeginTimeWithPaddingMinValue_ShouldReturnBeginTime" computerName="DKSR-EFI-06" duration="00:00:00.0002248" startTime="2024-01-09T15:45:00.7950067+01:00" endTime="2024-01-09T15:45:00.7950067+01:00" testType="13cdc9d9-ddb5-4fa4-a97d-d965ccfc6d4b" outcome="Passed" testListId="8c84fa94-04c1-424b-9868-57a2d4851a1d" relativeResultsDirectory="b56cd15d-f21d-4f4f-a63a-5198403f2561" />
    <UnitTestResult executionId="f2a7d6ca-4372-424f-83b9-889db6174d81" testId="af0f43ee-ce4a-d402-680c-1c0e37479db8" testName="CountByCounter_Activated_Trial_OK" computerName="DKSR-EFI-06" duration="00:00:00.0007622" startTime="2024-01-09T15:45:04.9981259+01:00" endTime="2024-01-09T15:45:04.9981259+01:00" testType="13cdc9d9-ddb5-4fa4-a97d-d965ccfc6d4b" outcome="Passed" testListId="8c84fa94-04c1-424b-9868-57a2d4851a1d" relativeResultsDirectory="f2a7d6ca-4372-424f-83b9-889db6174d81" />
    <UnitTestResult executionId="4f238f82-d5b2-4b0d-99e1-a61fdea762eb" testId="0881e79b-b33f-db23-4717-e6bc85ee2141" testName="SelectionMode_ChangesIsMultiSelection" computerName="DKSR-EFI-06" duration="00:00:00.0001664" startTime="2024-01-09T15:44:55.3577191+01:00" endTime="2024-01-09T15:44:55.3577191+01:00" testType="13cdc9d9-ddb5-4fa4-a97d-d965ccfc6d4b" outcome="Passed" testListId="8c84fa94-04c1-424b-9868-57a2d4851a1d" relativeResultsDirectory="4f238f82-d5b2-4b0d-99e1-a61fdea762eb" />
    <UnitTestResult executionId="a6986286-c657-4628-a6c5-f517d4cf2fee" testId="33464c95-c39e-2270-caf4-672c551a54f2" testName="HostInitialized_ShouldInvokeCallback_WhenInitializedWithItems" computerName="DKSR-EFI-06" duration="00:00:00.0130903" startTime="2024-01-09T15:44:56.7481187+01:00" endTime="2024-01-09T15:44:56.7481187+01:00" testType="13cdc9d9-ddb5-4fa4-a97d-d965ccfc6d4b" outcome="Passed" testListId="8c84fa94-04c1-424b-9868-57a2d4851a1d" relativeResultsDirectory="a6986286-c657-4628-a6c5-f517d4cf2fee" />
    <UnitTestResult executionId="3d0f1457-364f-4945-82de-350382bd14c0" testId="04b4598a-a90c-25b4-3fbf-2283122ff323" testName="GenerateParameters_ShouldOmitCodec_WhenCodecHasNotBeenSet" computerName="DKSR-EFI-06" duration="00:00:00.0017622" startTime="2024-01-09T15:45:05.1387514+01:00" endTime="2024-01-09T15:45:05.1387514+01:00" testType="13cdc9d9-ddb5-4fa4-a97d-d965ccfc6d4b" outcome="Passed" testListId="8c84fa94-04c1-424b-9868-57a2d4851a1d" relativeResultsDirectory="3d0f1457-364f-4945-82de-350382bd14c0" />
    <UnitTestResult executionId="97e2c412-399c-4443-afab-5e0dd92a83d9" testId="2b383535-8d75-6079-a3dc-080857154651" testName="TestStartSearch_SearchFireErrorOccured_Success" computerName="DKSR-EFI-06" duration="00:00:00.0154969" startTime="2024-01-09T15:45:00.3418826+01:00" endTime="2024-01-09T15:45:00.3575078+01:00" testType="13cdc9d9-ddb5-4fa4-a97d-d965ccfc6d4b" outcome="Passed" testListId="8c84fa94-04c1-424b-9868-57a2d4851a1d" relativeResultsDirectory="97e2c412-399c-4443-afab-5e0dd92a83d9" />
    <UnitTestResult executionId="60183d23-1dd3-4ea0-ac8b-26644e0e0c08" testId="cc8e9b7e-62a1-d82e-3e31-af5cf935c88a" testName="GenerateParameters_ShouldWriteNumberOfCameraDevicesAsNumVideoCh_WhenAlways" computerName="DKSR-EFI-06" duration="00:00:00.0004375" startTime="2024-01-09T15:45:05.2950007+01:00" endTime="2024-01-09T15:45:05.2950007+01:00" testType="13cdc9d9-ddb5-4fa4-a97d-d965ccfc6d4b" outcome="Passed" testListId="8c84fa94-04c1-424b-9868-57a2d4851a1d" relativeResultsDirectory="60183d23-1dd3-4ea0-ac8b-26644e0e0c08" />
    <UnitTestResult executionId="bdc5775f-7867-45cb-baf7-5a47e4b088da" testId="af9f1e16-b2b8-175e-5d3f-4c08d3fec0d2" testName="TestConstructorOverload_NullAgentList_Throws" computerName="DKSR-EFI-06" duration="00:00:00.0011948" startTime="2024-01-09T15:45:00.1075041+01:00" endTime="2024-01-09T15:45:00.1231296+01:00" testType="13cdc9d9-ddb5-4fa4-a97d-d965ccfc6d4b" outcome="Passed" testListId="8c84fa94-04c1-424b-9868-57a2d4851a1d" relativeResultsDirectory="bdc5775f-7867-45cb-baf7-5a47e4b088da" />
    <UnitTestResult executionId="63a81380-abee-472c-8582-4d77ff4c265b" testId="eafa657a-e693-c387-5dc5-3b7f787deb74" testName="GetCompatibilityHandler_ShouldReturnFips_WhenCalledFromEventServer" computerName="DKSR-EFI-06" duration="00:00:00.0007777" startTime="2024-01-09T15:45:04.8887495+01:00" endTime="2024-01-09T15:45:04.8887495+01:00" testType="13cdc9d9-ddb5-4fa4-a97d-d965ccfc6d4b" outcome="Passed" testListId="8c84fa94-04c1-424b-9868-57a2d4851a1d" relativeResultsDirectory="63a81380-abee-472c-8582-4d77ff4c265b" />
    <UnitTestResult executionId="fdd23ad3-b05c-4243-ae16-0a5ef50300d6" testId="f54c02f6-10d6-820a-6be3-9cf15ec86940" testName="ClearFilterValues_UnknownFilter_DoesNothing" computerName="DKSR-EFI-06" duration="00:00:00.0008597" startTime="2024-01-09T15:44:59.9045457+01:00" endTime="2024-01-09T15:44:59.9045457+01:00" testType="13cdc9d9-ddb5-4fa4-a97d-d965ccfc6d4b" outcome="Passed" testListId="8c84fa94-04c1-424b-9868-57a2d4851a1d" relativeResultsDirectory="fdd23ad3-b05c-4243-ae16-0a5ef50300d6" />
    <UnitTestResult executionId="eb383f31-a07d-4c1f-83d5-1e03eb9f3a07" testId="14b61d2f-5443-8ef0-349e-b30883ba9c22" testName="CountByCounter_NotActivated_Trial" computerName="DKSR-EFI-06" duration="00:00:00.0009712" startTime="2024-01-09T15:45:04.9824995+01:00" endTime="2024-01-09T15:45:04.9824995+01:00" testType="13cdc9d9-ddb5-4fa4-a97d-d965ccfc6d4b" outcome="Passed" testListId="8c84fa94-04c1-424b-9868-57a2d4851a1d" relativeResultsDirectory="eb383f31-a07d-4c1f-83d5-1e03eb9f3a07" />
    <UnitTestResult executionId="286a8097-03d6-4356-8bd2-124aef4fae99" testId="94b07cae-507e-90e4-fe2c-918d2724a7bc" testName="SplitString_WhenEmptyOrSpaces1Level_EmptyArray" computerName="DKSR-EFI-06" duration="00:00:00.0006144" startTime="2024-01-09T15:44:43.8574551+01:00" endTime="2024-01-09T15:44:43.8730826+01:00" testType="13cdc9d9-ddb5-4fa4-a97d-d965ccfc6d4b" outcome="Passed" testListId="8c84fa94-04c1-424b-9868-57a2d4851a1d" relativeResultsDirectory="286a8097-03d6-4356-8bd2-124aef4fae99" />
    <UnitTestResult executionId="8832e4b5-4f78-4f3d-b50a-931e8a0f208d" testId="78982d6b-5a61-907d-6e51-74d4614c2331" testName="WriteMetadataXmlWithStream_ShouldWriteDocumentHeading_WhenDataIsPresent" computerName="DKSR-EFI-06" duration="00:00:00.0004031" startTime="2024-01-09T15:45:02.9043699+01:00" endTime="2024-01-09T15:45:02.9043699+01:00" testType="13cdc9d9-ddb5-4fa4-a97d-d965ccfc6d4b" outcome="Passed" testListId="8c84fa94-04c1-424b-9868-57a2d4851a1d" relativeResultsDirectory="8832e4b5-4f78-4f3d-b50a-931e8a0f208d" />
    <UnitTestResult executionId="0e48e202-dd0d-4589-928a-a7f79fb50e85" testId="3b221ad2-25e8-a21d-c511-ab3b1a01fb56" testName="ReadXml_ShouldIgnoreCenterOfGravity_WhenCenterOfGravityIsPresenWithWrongNamespace" computerName="DKSR-EFI-06" duration="00:00:00.0002729" startTime="2024-01-09T15:45:03.4512473+01:00" endTime="2024-01-09T15:45:03.4512473+01:00" testType="13cdc9d9-ddb5-4fa4-a97d-d965ccfc6d4b" outcome="Passed" testListId="8c84fa94-04c1-424b-9868-57a2d4851a1d" relativeResultsDirectory="0e48e202-dd0d-4589-928a-a7f79fb50e85" />
    <UnitTestResult executionId="5723653b-2117-49c3-a4f3-22e84e74227b" testId="9a98e390-44f3-131c-5fc0-966dedface8e" testName="ParseArgbString_ShouldThrowFormatException_WhenFormatIsIncorrect" computerName="DKSR-EFI-06" duration="00:00:00.0012410" startTime="2024-01-09T15:45:02.5449950+01:00" endTime="2024-01-09T15:45:02.5449950+01:00" testType="13cdc9d9-ddb5-4fa4-a97d-d965ccfc6d4b" outcome="Passed" testListId="8c84fa94-04c1-424b-9868-57a2d4851a1d" relativeResultsDirectory="5723653b-2117-49c3-a4f3-22e84e74227b" />
    <UnitTestResult executionId="227fc559-17ee-41c4-b88b-f4be0b3e7681" testId="33ac3088-b630-64ef-4474-d1580dfd8fa1" testName="Serialize_TestCases (TestParentTypeMatchCollectionThisTypeNotMatched)" computerName="DKSR-EFI-06" duration="00:00:00.0004095" startTime="2024-01-09T15:44:59.5606267+01:00" endTime="2024-01-09T15:44:59.5606267+01:00" testType="13cdc9d9-ddb5-4fa4-a97d-d965ccfc6d4b" outcome="Passed" testListId="8c84fa94-04c1-424b-9868-57a2d4851a1d" relativeResultsDirectory="227fc559-17ee-41c4-b88b-f4be0b3e7681" />
    <UnitTestResult executionId="3a7d6974-498c-42f2-a2fa-e7a42a3e93cf" testId="eb6c6ac3-8255-5d9f-217d-2811f0bfb24c" testName="Serialize_TestCases (Verify root Collection (null) property get property value)" computerName="DKSR-EFI-06" duration="00:00:00.0001293" startTime="2024-01-09T15:44:59.3731848+01:00" endTime="2024-01-09T15:44:59.3731848+01:00" testType="13cdc9d9-ddb5-4fa4-a97d-d965ccfc6d4b" outcome="Passed" testListId="8c84fa94-04c1-424b-9868-57a2d4851a1d" relativeResultsDirectory="3a7d6974-498c-42f2-a2fa-e7a42a3e93cf" />
    <UnitTestResult executionId="94432526-5b1b-482e-ae25-e9b9a95eb0f2" testId="c15be519-b8fe-48e7-7703-7b1ac1a61e7f" testName="Unauthorized_Success" computerName="DKSR-EFI-06" duration="00:00:00.0019986" startTime="2024-01-09T15:45:02.1543686+01:00" endTime="2024-01-09T15:45:02.1543686+01:00" testType="13cdc9d9-ddb5-4fa4-a97d-d965ccfc6d4b" outcome="Passed" testListId="8c84fa94-04c1-424b-9868-57a2d4851a1d" relativeResultsDirectory="94432526-5b1b-482e-ae25-e9b9a95eb0f2" />
    <UnitTestResult executionId="0c5c0f92-b99e-46d7-bd36-c21ac51475a7" testId="9a2e7f11-7ff4-212b-b72f-ec76db87254a" testName="Serialize_TestCases (Verify root Struct property get property value)" computerName="DKSR-EFI-06" duration="00:00:00.0003041" startTime="2024-01-09T15:44:59.3575002+01:00" endTime="2024-01-09T15:44:59.3575002+01:00" testType="13cdc9d9-ddb5-4fa4-a97d-d965ccfc6d4b" outcome="Passed" testListId="8c84fa94-04c1-424b-9868-57a2d4851a1d" relativeResultsDirectory="0c5c0f92-b99e-46d7-bd36-c21ac51475a7" />
    <UnitTestResult executionId="685620dd-f0be-426b-8d5a-8995de28dcf6" testId="8875b738-a9e1-7286-389a-f8981f6da4cd" testName="IsValidSelectionCallback_ReturnsFalse_ItemNotSelected" computerName="DKSR-EFI-06" duration="00:00:00.0006468" startTime="2024-01-09T15:44:55.4668629+01:00" endTime="2024-01-09T15:44:55.4668629+01:00" testType="13cdc9d9-ddb5-4fa4-a97d-d965ccfc6d4b" outcome="Passed" testListId="8c84fa94-04c1-424b-9868-57a2d4851a1d" relativeResultsDirectory="685620dd-f0be-426b-8d5a-8995de28dcf6" />
    <UnitTestResult executionId="9d0ecd6e-a935-4051-854d-590818d3e6b5" testId="4c802ea5-aa1d-d28e-7473-4c1c59889246" testName="GenerateParameters_ShouldOmitCodecList_WhenCodecSetIsEmpty" computerName="DKSR-EFI-06" duration="00:00:00.0002643" startTime="2024-01-09T15:45:05.1387514+01:00" endTime="2024-01-09T15:45:05.1387514+01:00" testType="13cdc9d9-ddb5-4fa4-a97d-d965ccfc6d4b" outcome="Passed" testListId="8c84fa94-04c1-424b-9868-57a2d4851a1d" relativeResultsDirectory="9d0ecd6e-a935-4051-854d-590818d3e6b5" />
    <UnitTestResult executionId="d4c45ddc-507f-4a6e-85a8-261f5dd8db41" testId="6e083e3d-bf62-ee30-d2f0-b17d35c633ea" testName="AllAttributesWerePresent_ShouldReturnTrue_WhenBothXAndYAreFloats" computerName="DKSR-EFI-06" duration="00:00:00.0003061" startTime="2024-01-09T15:45:03.2949970+01:00" endTime="2024-01-09T15:45:03.2949970+01:00" testType="13cdc9d9-ddb5-4fa4-a97d-d965ccfc6d4b" outcome="Passed" testListId="8c84fa94-04c1-424b-9868-57a2d4851a1d" relativeResultsDirectory="d4c45ddc-507f-4a6e-85a8-261f5dd8db41" />
    <UnitTestResult executionId="12b819c6-9da2-4364-a413-ef9fe466d2e1" testId="7f1f1baf-8bbb-c3d7-9705-27c7162bbf25" testName="PatchMIPItem_Success" computerName="DKSR-EFI-06" duration="00:00:00.0011924" startTime="2024-01-09T15:45:02.1543686+01:00" endTime="2024-01-09T15:45:02.1699950+01:00" testType="13cdc9d9-ddb5-4fa4-a97d-d965ccfc6d4b" outcome="Passed" testListId="8c84fa94-04c1-424b-9868-57a2d4851a1d" relativeResultsDirectory="12b819c6-9da2-4364-a413-ef9fe466d2e1" />
    <UnitTestResult executionId="91a959d7-fa13-421e-b146-c89daa3c1c61" testId="af16c081-1118-4157-5e5a-823452565ccb" testName="ReadXml_ShouldReadMultipleObjects_WhenMultipleObjectsArePresent" computerName="DKSR-EFI-06" duration="00:00:00.0005803" startTime="2024-01-09T15:45:02.7168695+01:00" endTime="2024-01-09T15:45:02.7168695+01:00" testType="13cdc9d9-ddb5-4fa4-a97d-d965ccfc6d4b" outcome="Passed" testListId="8c84fa94-04c1-424b-9868-57a2d4851a1d" relativeResultsDirectory="91a959d7-fa13-421e-b146-c89daa3c1c61" />
    <UnitTestResult executionId="b820a2d4-b948-4c63-9805-793f25edaf8c" testId="40c0286b-652b-f4d2-04b7-183bee4a715e" testName="GetNext_ShouldReturnNull_WhenThereIsNoNextEntryAfterCallToFindCacheEntryAfter" computerName="DKSR-EFI-06" duration="00:00:00.0004540" startTime="2024-01-09T15:45:05.3731246+01:00" endTime="2024-01-09T15:45:05.3731246+01:00" testType="13cdc9d9-ddb5-4fa4-a97d-d965ccfc6d4b" outcome="Passed" testListId="8c84fa94-04c1-424b-9868-57a2d4851a1d" relativeResultsDirectory="b820a2d4-b948-4c63-9805-793f25edaf8c" />
    <UnitTestResult executionId="144e7efd-aa4f-40bf-b9f3-7adf26e6bf92" testId="1b4a32c3-9eb5-2168-e50a-80b2df0aa2f3" testName="ReadXml_ShouldReadMultipleFrames_WhenMultipleCorrectFramesArePresent" computerName="DKSR-EFI-06" duration="00:00:00.0005600" startTime="2024-01-09T15:45:03.6699966+01:00" endTime="2024-01-09T15:45:03.6699966+01:00" testType="13cdc9d9-ddb5-4fa4-a97d-d965ccfc6d4b" outcome="Passed" testListId="8c84fa94-04c1-424b-9868-57a2d4851a1d" relativeResultsDirectory="144e7efd-aa4f-40bf-b9f3-7adf26e6bf92" />
    <UnitTestResult executionId="e8689bb8-d599-4598-aa04-72a3f6c9664c" testId="66b56aea-40c3-2481-4b5e-49255676d9f1" testName="ReadXml_ShouldSetAllFieldsToDefaultValues_WhenElementIsEmpty" computerName="DKSR-EFI-06" duration="00:00:00.0006241" startTime="2024-01-09T15:45:03.1699972+01:00" endTime="2024-01-09T15:45:03.1699972+01:00" testType="13cdc9d9-ddb5-4fa4-a97d-d965ccfc6d4b" outcome="Passed" testListId="8c84fa94-04c1-424b-9868-57a2d4851a1d" relativeResultsDirectory="e8689bb8-d599-4598-aa04-72a3f6c9664c" />
    <UnitTestResult executionId="b30e91e5-b586-4393-953e-3d46a2570a73" testId="91cfec7e-ef42-5972-8313-05af41252d8d" testName="EqualGuids_Fail_OnObjectId" computerName="DKSR-EFI-06" duration="00:00:00.0004709" startTime="2024-01-09T15:44:29.8261888+01:00" endTime="2024-01-09T15:44:29.8261888+01:00" testType="13cdc9d9-ddb5-4fa4-a97d-d965ccfc6d4b" outcome="Passed" testListId="8c84fa94-04c1-424b-9868-57a2d4851a1d" relativeResultsDirectory="b30e91e5-b586-4393-953e-3d46a2570a73" />
    <UnitTestResult executionId="70797d4d-1a73-41f3-9bc0-726c6cd3bd1f" testId="88133fd3-9167-6134-2a3f-9488dba78659" testName="Add_SameKeyTwice_PreviousValueOverwritten" computerName="DKSR-EFI-06" duration="00:00:00.0002800" startTime="2024-01-09T15:44:44.1074572+01:00" endTime="2024-01-09T15:44:44.1074572+01:00" testType="13cdc9d9-ddb5-4fa4-a97d-d965ccfc6d4b" outcome="Passed" testListId="8c84fa94-04c1-424b-9868-57a2d4851a1d" relativeResultsDirectory="70797d4d-1a73-41f3-9bc0-726c6cd3bd1f" />
    <UnitTestResult executionId="2d994f21-a024-48c0-8ae4-da8de3fa275e" testId="6ca73ebd-56b4-1756-58f8-e75d82906bc5" testName="TestConstructor_Success" computerName="DKSR-EFI-06" duration="00:00:00.0005355" startTime="2024-01-09T15:45:01.5762419+01:00" endTime="2024-01-09T15:45:01.5762419+01:00" testType="13cdc9d9-ddb5-4fa4-a97d-d965ccfc6d4b" outcome="Passed" testListId="8c84fa94-04c1-424b-9868-57a2d4851a1d" relativeResultsDirectory="2d994f21-a024-48c0-8ae4-da8de3fa275e" />
    <UnitTestResult executionId="f9d2202a-fada-44ed-a699-f57ac0a63df4" testId="65073782-d14b-7acc-ac1b-4140ad46eef8" testName="Serialize_TestCases (TestParentTypeMatchObjectThisTypeMatchedProperty)" computerName="DKSR-EFI-06" duration="00:00:00.0008412" startTime="2024-01-09T15:44:59.5450043+01:00" endTime="2024-01-09T15:44:59.5450043+01:00" testType="13cdc9d9-ddb5-4fa4-a97d-d965ccfc6d4b" outcome="Passed" testListId="8c84fa94-04c1-424b-9868-57a2d4851a1d" relativeResultsDirectory="f9d2202a-fada-44ed-a699-f57ac0a63df4" />
    <UnitTestResult executionId="c8b6ba71-773e-4af5-9ceb-c9a15c8ea416" testId="0f5489b1-8ac4-9204-17f4-b55749ac6490" testName="Enabled_Properties_With_Enable_True_success" computerName="DKSR-EFI-06" duration="00:00:00.0118085" startTime="2024-01-09T15:44:31.7636868+01:00" endTime="2024-01-09T15:44:31.7793114+01:00" testType="13cdc9d9-ddb5-4fa4-a97d-d965ccfc6d4b" outcome="Passed" testListId="8c84fa94-04c1-424b-9868-57a2d4851a1d" relativeResultsDirectory="c8b6ba71-773e-4af5-9ceb-c9a15c8ea416" />
    <UnitTestResult executionId="ede8c9c6-5957-4452-b5f3-528a84934905" testId="d14f3865-eb3a-a806-eb3f-e6d1d870885d" testName="Append_Property_MIPItem_LowerCase" computerName="DKSR-EFI-06" duration="00:00:00.0001705" startTime="2024-01-09T15:45:01.6699922+01:00" endTime="2024-01-09T15:45:01.6699922+01:00" testType="13cdc9d9-ddb5-4fa4-a97d-d965ccfc6d4b" outcome="Passed" testListId="8c84fa94-04c1-424b-9868-57a2d4851a1d" relativeResultsDirectory="ede8c9c6-5957-4452-b5f3-528a84934905" />
    <UnitTestResult executionId="dd059b18-d571-47d7-a6ed-cdc5bdf20142" testId="dbc25ad9-20cc-4d18-73ef-8500a4d4137f" testName="MarkupExtension_ShouldClearContentTemplate_WhenContentTemplateOnSelectedItemChangesToNull" computerName="DKSR-EFI-06" duration="00:00:00.0014470" startTime="2024-01-09T15:44:58.1074964+01:00" endTime="2024-01-09T15:44:58.1074964+01:00" testType="13cdc9d9-ddb5-4fa4-a97d-d965ccfc6d4b" outcome="Passed" testListId="8c84fa94-04c1-424b-9868-57a2d4851a1d" relativeResultsDirectory="dd059b18-d571-47d7-a6ed-cdc5bdf20142" />
    <UnitTestResult executionId="ba2a26f3-1b2a-41c4-a709-cf453ab8736e" testId="049489f2-1a42-cae5-971b-5636d7488caa" testName="ReadAppearanceExtensionXml_ShouldNotSetBoundingBoxLineThickness_WhenBoundingBoxLineThicknessIsNotPresent" computerName="DKSR-EFI-06" duration="00:00:00.0003239" startTime="2024-01-09T15:45:03.2949970+01:00" endTime="2024-01-09T15:45:03.2949970+01:00" testType="13cdc9d9-ddb5-4fa4-a97d-d965ccfc6d4b" outcome="Passed" testListId="8c84fa94-04c1-424b-9868-57a2d4851a1d" relativeResultsDirectory="ba2a26f3-1b2a-41c4-a709-cf453ab8736e" />
    <UnitTestResult executionId="0638581f-447e-4a12-ac2f-0d71ec506db2" testId="18ccdaf8-d982-0e82-d316-63446f746fd7" testName="ReadXml_ShouldLogWarning_WhenIncompleteWhenIncompleteScaleIsPresent" computerName="DKSR-EFI-06" duration="00:00:00.0013534" startTime="2024-01-09T15:45:03.5762478+01:00" endTime="2024-01-09T15:45:03.5762478+01:00" testType="13cdc9d9-ddb5-4fa4-a97d-d965ccfc6d4b" outcome="Passed" testListId="8c84fa94-04c1-424b-9868-57a2d4851a1d" relativeResultsDirectory="0638581f-447e-4a12-ac2f-0d71ec506db2" />
    <UnitTestResult executionId="6fdd9f9d-362d-4ad6-85af-e4dac38cc5a9" testId="251b347e-5118-6923-54c2-687fcb9f9027" testName="HasBehaviours_ShouldReturnTrue_WhenEitherIdleOrRemovedIsTrue" computerName="DKSR-EFI-06" duration="00:00:00.0027196" startTime="2024-01-09T15:45:02.3574930+01:00" endTime="2024-01-09T15:45:02.3731200+01:00" testType="13cdc9d9-ddb5-4fa4-a97d-d965ccfc6d4b" outcome="Passed" testListId="8c84fa94-04c1-424b-9868-57a2d4851a1d" relativeResultsDirectory="6fdd9f9d-362d-4ad6-85af-e4dac38cc5a9" />
    <UnitTestResult executionId="3853b196-600b-4aee-b944-e732105ca407" testId="2983b511-4ca5-aad7-7122-726ddf02d399" testName="GetHashType_ShouldReturnSHA256_WhenInputIsSHA256" computerName="DKSR-EFI-06" duration="00:00:00.0002169" startTime="2024-01-09T15:45:05.8731260+01:00" endTime="2024-01-09T15:45:05.8731260+01:00" testType="13cdc9d9-ddb5-4fa4-a97d-d965ccfc6d4b" outcome="Passed" testListId="8c84fa94-04c1-424b-9868-57a2d4851a1d" relativeResultsDirectory="3853b196-600b-4aee-b944-e732105ca407" />
    <UnitTestResult executionId="0800e432-4c30-49f4-96d1-e52a0e2a4084" testId="1ad3591a-ac8c-9e26-3467-6ee13c8cfd41" testName="EqualGuids_Fail_OnOtherNull" computerName="DKSR-EFI-06" duration="00:00:00.0003698" startTime="2024-01-09T15:44:29.8418105+01:00" endTime="2024-01-09T15:44:29.8418105+01:00" testType="13cdc9d9-ddb5-4fa4-a97d-d965ccfc6d4b" outcome="Passed" testListId="8c84fa94-04c1-424b-9868-57a2d4851a1d" relativeResultsDirectory="0800e432-4c30-49f4-96d1-e52a0e2a4084" />
    <UnitTestResult executionId="e74d8025-5cc2-4e21-9ba3-dbc6bf7b39d2" testId="cb13d9c3-56f2-276b-f315-14e9213934da" testName="GetIdFromPath_ShouldReturnId_FromShortPath" computerName="DKSR-EFI-06" duration="00:00:00.0002263" startTime="2024-01-09T15:45:05.8887512+01:00" endTime="2024-01-09T15:45:05.8887512+01:00" testType="13cdc9d9-ddb5-4fa4-a97d-d965ccfc6d4b" outcome="Passed" testListId="8c84fa94-04c1-424b-9868-57a2d4851a1d" relativeResultsDirectory="e74d8025-5cc2-4e21-9ba3-dbc6bf7b39d2" />
    <UnitTestResult executionId="3c89a93f-d71a-4baf-a2f5-471d2ac217bc" testId="79b8fa33-af80-9f78-4ef9-04a20433e050" testName="Serialize_TestCases (TestParentTypeMatchIntNotThisTypeNotMatched)" computerName="DKSR-EFI-06" duration="00:00:00.0003641" startTime="2024-01-09T15:44:59.4668772+01:00" endTime="2024-01-09T15:44:59.4668772+01:00" testType="13cdc9d9-ddb5-4fa4-a97d-d965ccfc6d4b" outcome="Passed" testListId="8c84fa94-04c1-424b-9868-57a2d4851a1d" relativeResultsDirectory="3c89a93f-d71a-4baf-a2f5-471d2ac217bc" />
    <UnitTestResult executionId="72d657cf-5562-4180-bd71-c8530e340681" testId="19d3a582-cf55-1f18-55fd-1cbf218e3c1b" testName="Parse_UnstartedBracket" computerName="DKSR-EFI-06" duration="00:00:00.0007001" startTime="2024-01-09T15:45:01.7481165+01:00" endTime="2024-01-09T15:45:01.7481165+01:00" testType="13cdc9d9-ddb5-4fa4-a97d-d965ccfc6d4b" outcome="Passed" testListId="8c84fa94-04c1-424b-9868-57a2d4851a1d" relativeResultsDirectory="72d657cf-5562-4180-bd71-c8530e340681" />
    <UnitTestResult executionId="04bc6986-1480-42d6-a034-7dc0acda9752" testId="144c69ed-fb6c-34fd-956a-d442174acbf9" testName="ReadXml_ShouldReadTranslate_WhenTranslateIsPresent" computerName="DKSR-EFI-06" duration="00:00:00.0005380" startTime="2024-01-09T15:45:03.5449967+01:00" endTime="2024-01-09T15:45:03.5449967+01:00" testType="13cdc9d9-ddb5-4fa4-a97d-d965ccfc6d4b" outcome="Passed" testListId="8c84fa94-04c1-424b-9868-57a2d4851a1d" relativeResultsDirectory="04bc6986-1480-42d6-a034-7dc0acda9752" />
    <UnitTestResult executionId="09ae6cc4-8e14-4376-8b92-d36cef26358e" testId="0f32b524-4844-b3fb-566a-4f1c520479bb" testName="WriteXml_ShouldWriteShapeContents_WhenShapeIsNotNull" computerName="DKSR-EFI-06" duration="00:00:00.0007976" startTime="2024-01-09T15:45:02.3262452+01:00" endTime="2024-01-09T15:45:02.3262452+01:00" testType="13cdc9d9-ddb5-4fa4-a97d-d965ccfc6d4b" outcome="Passed" testListId="8c84fa94-04c1-424b-9868-57a2d4851a1d" relativeResultsDirectory="09ae6cc4-8e14-4376-8b92-d36cef26358e" />
    <UnitTestResult executionId="1340cc83-338e-4ef5-8212-10af787e3330" testId="e8468c0c-a545-5d16-c11f-86ec8e232404" testName="IsValid_ShouldReturnFalse_WhenTypeIsEmpty" computerName="DKSR-EFI-06" duration="00:00:00.0003038" startTime="2024-01-09T15:45:02.4356175+01:00" endTime="2024-01-09T15:45:02.4356175+01:00" testType="13cdc9d9-ddb5-4fa4-a97d-d965ccfc6d4b" outcome="Passed" testListId="8c84fa94-04c1-424b-9868-57a2d4851a1d" relativeResultsDirectory="1340cc83-338e-4ef5-8212-10af787e3330" />
    <UnitTestResult executionId="12e9f0e0-d03d-4cfb-b38b-09aff0e32a7f" testId="6133b6d9-a9f1-1617-1674-43e83f8cc1f4" testName="CreateSearchResultUserControl_MultiplePluginsSameResultType_LastPluginWins" computerName="DKSR-EFI-06" duration="00:00:00.0050487" startTime="2024-01-09T15:45:01.2168662+01:00" endTime="2024-01-09T15:45:01.2324922+01:00" testType="13cdc9d9-ddb5-4fa4-a97d-d965ccfc6d4b" outcome="Passed" testListId="8c84fa94-04c1-424b-9868-57a2d4851a1d" relativeResultsDirectory="12e9f0e0-d03d-4cfb-b38b-09aff0e32a7f" />
    <UnitTestResult executionId="e705f798-bbf5-4680-8cd8-073b75fb4d41" testId="5b5b0b17-b74c-6ecb-201e-61f7e7362b6f" testName="GetFrame_ShouldReturnNull_WhenThereAreNoFrames" computerName="DKSR-EFI-06" duration="00:00:00.0002215" startTime="2024-01-09T15:45:03.0137466+01:00" endTime="2024-01-09T15:45:03.0137466+01:00" testType="13cdc9d9-ddb5-4fa4-a97d-d965ccfc6d4b" outcome="Passed" testListId="8c84fa94-04c1-424b-9868-57a2d4851a1d" relativeResultsDirectory="e705f798-bbf5-4680-8cd8-073b75fb4d41" />
    <UnitTestResult executionId="6dbac50c-611f-4a2c-9bf3-d6d8df759569" testId="a13f15c8-7c1b-75e6-115a-2f9c84e9fa5f" testName="GetCompatibilityHandler_ShouldReturnNonFips_WhenCallingPreFipsSystem" computerName="DKSR-EFI-06" duration="00:00:00.0011948" startTime="2024-01-09T15:45:04.8262514+01:00" endTime="2024-01-09T15:45:04.8262514+01:00" testType="13cdc9d9-ddb5-4fa4-a97d-d965ccfc6d4b" outcome="Passed" testListId="8c84fa94-04c1-424b-9868-57a2d4851a1d" relativeResultsDirectory="6dbac50c-611f-4a2c-9bf3-d6d8df759569" />
    <UnitTestResult executionId="f0c119ae-2121-485c-8a48-7f8f9a6a4672" testId="6b68b022-949d-c4fe-8f3f-d5c254031f0f" testName="GetPrevious_ShouldReturnNull_WhenCacheHasJustBenLoadedWithNewData" computerName="DKSR-EFI-06" duration="00:00:00.0004954" startTime="2024-01-09T15:45:05.3575019+01:00" endTime="2024-01-09T15:45:05.3575019+01:00" testType="13cdc9d9-ddb5-4fa4-a97d-d965ccfc6d4b" outcome="Passed" testListId="8c84fa94-04c1-424b-9868-57a2d4851a1d" relativeResultsDirectory="f0c119ae-2121-485c-8a48-7f8f9a6a4672" />
    <UnitTestResult executionId="6815ab67-db79-4aac-a8c5-acd2d81c24b3" testId="31051539-7cfa-1db5-4cea-df2287622770" testName="TestConstructor_ExceptionParameters_Success" computerName="DKSR-EFI-06" duration="00:00:00.0005407" startTime="2024-01-09T15:45:01.5606180+01:00" endTime="2024-01-09T15:45:01.5606180+01:00" testType="13cdc9d9-ddb5-4fa4-a97d-d965ccfc6d4b" outcome="Passed" testListId="8c84fa94-04c1-424b-9868-57a2d4851a1d" relativeResultsDirectory="6815ab67-db79-4aac-a8c5-acd2d81c24b3" />
    <UnitTestResult executionId="22f56aae-e982-4029-b1ff-337e7d9b4dd4" testId="0f6413c0-cc42-e14e-f2e9-6c1a7fb644a7" testName="Get_NullKey_Throws" computerName="DKSR-EFI-06" duration="00:00:00.0034428" startTime="2024-01-09T15:44:44.0762091+01:00" endTime="2024-01-09T15:44:44.0762091+01:00" testType="13cdc9d9-ddb5-4fa4-a97d-d965ccfc6d4b" outcome="Passed" testListId="8c84fa94-04c1-424b-9868-57a2d4851a1d" relativeResultsDirectory="22f56aae-e982-4029-b1ff-337e7d9b4dd4" />
    <UnitTestResult executionId="b275d72b-29da-4a29-b194-8b3a2eab0db2" testId="954dcc09-ffa8-ee72-ce2c-24675b9f100a" testName="ObjectId_ShouldReturnZero_WhenNotSetInConstructor" computerName="DKSR-EFI-06" duration="00:00:00.0002489" startTime="2024-01-09T15:45:03.1699972+01:00" endTime="2024-01-09T15:45:03.1699972+01:00" testType="13cdc9d9-ddb5-4fa4-a97d-d965ccfc6d4b" outcome="Passed" testListId="8c84fa94-04c1-424b-9868-57a2d4851a1d" relativeResultsDirectory="b275d72b-29da-4a29-b194-8b3a2eab0db2" />
    <UnitTestResult executionId="7ef439e5-5d60-40aa-9673-e5d2db854e30" testId="2e6d5115-26cc-6226-264b-6222e4689761" testName="Contains_CameraServerName_Checked" computerName="DKSR-EFI-06" duration="00:00:00.0005577" startTime="2024-01-09T15:44:29.7480595+01:00" endTime="2024-01-09T15:44:29.7480595+01:00" testType="13cdc9d9-ddb5-4fa4-a97d-d965ccfc6d4b" outcome="Passed" testListId="8c84fa94-04c1-424b-9868-57a2d4851a1d" relativeResultsDirectory="7ef439e5-5d60-40aa-9673-e5d2db854e30" />
    <UnitTestResult executionId="daed5907-4dba-4007-8eba-62d3bbc906c9" testId="1b66a21c-10a6-0908-6fbd-7ece73d7fb3e" testName="GenerateDeviceCapabilityParameters_ShouldWriteMinimum_WhenAlways" computerName="DKSR-EFI-06" duration="00:00:00.0005856" startTime="2024-01-09T15:45:05.2168755+01:00" endTime="2024-01-09T15:45:05.2168755+01:00" testType="13cdc9d9-ddb5-4fa4-a97d-d965ccfc6d4b" outcome="Passed" testListId="8c84fa94-04c1-424b-9868-57a2d4851a1d" relativeResultsDirectory="daed5907-4dba-4007-8eba-62d3bbc906c9" />
    <UnitTestResult executionId="e7161aa7-496c-443a-9398-d1a6e58fba54" testId="7ce3bd1f-17a2-67ea-14e3-54128c33634a" testName="Speed_ShouldThrowArgumentOfRange_WhenValueIsOutsideAcceptedRange" computerName="DKSR-EFI-06" duration="00:00:00.0009503" startTime="2024-01-09T15:45:03.0449938+01:00" endTime="2024-01-09T15:45:03.0449938+01:00" testType="13cdc9d9-ddb5-4fa4-a97d-d965ccfc6d4b" outcome="Passed" testListId="8c84fa94-04c1-424b-9868-57a2d4851a1d" relativeResultsDirectory="e7161aa7-496c-443a-9398-d1a6e58fba54" />
    <UnitTestResult executionId="99f6666f-6fdc-47a3-9b52-65c08a87aa51" testId="27817c8c-6c0d-bb4b-da4e-d6836f9c5d12" testName="IsEmptyValue_DoubleRangeFilterValue_ValuesAtMinimumAndMaximum_ReturnsTrue" computerName="DKSR-EFI-06" duration="00:00:00.0004480" startTime="2024-01-09T15:45:00.0450082+01:00" endTime="2024-01-09T15:45:00.0450082+01:00" testType="13cdc9d9-ddb5-4fa4-a97d-d965ccfc6d4b" outcome="Passed" testListId="8c84fa94-04c1-424b-9868-57a2d4851a1d" relativeResultsDirectory="99f6666f-6fdc-47a3-9b52-65c08a87aa51" />
    <UnitTestResult executionId="eb4afd11-7b4d-4173-af44-bd49500d2b72" testId="27c1e810-7452-20e9-bd4a-23699743a6c7" testName="GetCompatibilityHandler_ShouldReturnFips_WhenCalledFromManagementClient" computerName="DKSR-EFI-06" duration="00:00:00.0465369" startTime="2024-01-09T15:45:04.8262514+01:00" endTime="2024-01-09T15:45:04.8731244+01:00" testType="13cdc9d9-ddb5-4fa4-a97d-d965ccfc6d4b" outcome="Passed" testListId="8c84fa94-04c1-424b-9868-57a2d4851a1d" relativeResultsDirectory="eb4afd11-7b4d-4173-af44-bd49500d2b72" />
    <UnitTestResult executionId="c0ff2ce7-6e38-4fb0-8876-352e543dc651" testId="293285b5-f787-ce9d-2c40-45d537374ac6" testName="Serialize_TestCases (Verify root Int property)" computerName="DKSR-EFI-06" duration="00:00:00.0014532" startTime="2024-01-09T15:44:59.3418770+01:00" endTime="2024-01-09T15:44:59.3418770+01:00" testType="13cdc9d9-ddb5-4fa4-a97d-d965ccfc6d4b" outcome="Passed" testListId="8c84fa94-04c1-424b-9868-57a2d4851a1d" relativeResultsDirectory="c0ff2ce7-6e38-4fb0-8876-352e543dc651" />
    <UnitTestResult executionId="35541b09-2eb9-47bd-86c9-2c4a9b5c956c" testId="60e95dc2-1384-1da5-37c2-e879ef01c39a" testName="RegionSelectionFilterValue_DeserializeWithMissingItem_Fails" computerName="DKSR-EFI-06" duration="00:00:00.0017600" startTime="2024-01-09T15:45:01.4199919+01:00" endTime="2024-01-09T15:45:01.4199919+01:00" testType="13cdc9d9-ddb5-4fa4-a97d-d965ccfc6d4b" outcome="Passed" testListId="8c84fa94-04c1-424b-9868-57a2d4851a1d" relativeResultsDirectory="35541b09-2eb9-47bd-86c9-2c4a9b5c956c" />
    <UnitTestResult executionId="2f0f2350-2191-4adf-9a2a-d1424b08016b" testId="a17fc58f-03d2-d783-1f61-cc54e1b01c86" testName="LicensesObjectId_ShouldBeTheSameAsReleasedBeforeNonFips" computerName="DKSR-EFI-06" duration="00:00:00.0004599" startTime="2024-01-09T15:45:04.8887495+01:00" endTime="2024-01-09T15:45:04.8887495+01:00" testType="13cdc9d9-ddb5-4fa4-a97d-d965ccfc6d4b" outcome="Passed" testListId="8c84fa94-04c1-424b-9868-57a2d4851a1d" relativeResultsDirectory="2f0f2350-2191-4adf-9a2a-d1424b08016b" />
    <UnitTestResult executionId="3b0169e3-6d33-4be1-a2fb-88ef41b2fbf6" testId="1f241370-4898-8010-2b1d-0961333a2be9" testName="Match_Success_SystemTypeAnyMessage_Single" computerName="DKSR-EFI-06" duration="00:00:00.0006207" startTime="2024-01-09T15:45:03.9199986+01:00" endTime="2024-01-09T15:45:03.9199986+01:00" testType="13cdc9d9-ddb5-4fa4-a97d-d965ccfc6d4b" outcome="Passed" testListId="8c84fa94-04c1-424b-9868-57a2d4851a1d" relativeResultsDirectory="3b0169e3-6d33-4be1-a2fb-88ef41b2fbf6" />
    <UnitTestResult executionId="c08fb69f-d249-45fb-b837-074b91ca65e2" testId="15aede0d-e3f2-2cb3-b9cb-5b079f95b7e7" testName="ParameterConstruct3_FieldValues_Checked" computerName="DKSR-EFI-06" duration="00:00:00.0008249" startTime="2024-01-09T15:44:29.6543101+01:00" endTime="2024-01-09T15:44:29.6543101+01:00" testType="13cdc9d9-ddb5-4fa4-a97d-d965ccfc6d4b" outcome="Passed" testListId="8c84fa94-04c1-424b-9868-57a2d4851a1d" relativeResultsDirectory="c08fb69f-d249-45fb-b837-074b91ca65e2" />
    <UnitTestResult executionId="b7930329-8ea4-4f6b-8c73-c9f4326adeb7" testId="420e5a34-3d7f-4641-51ff-8be4f28538e4" testName="Serialize_ShouldHandleRecursiveCollectionWithCustomRootObject" computerName="DKSR-EFI-06" duration="00:00:00.0033616" startTime="2024-01-09T15:44:59.0918776+01:00" endTime="2024-01-09T15:44:59.0918776+01:00" testType="13cdc9d9-ddb5-4fa4-a97d-d965ccfc6d4b" outcome="Passed" testListId="8c84fa94-04c1-424b-9868-57a2d4851a1d" relativeResultsDirectory="b7930329-8ea4-4f6b-8c73-c9f4326adeb7" />
    <UnitTestResult executionId="e3554c7e-4cc9-419c-8bb7-e94054830995" testId="a7d84506-07b5-7ff8-9127-f0b1cfa053da" testName="InitializeThemingSystem_ShouldNotThrowException" computerName="DKSR-EFI-06" duration="00:00:00.8505375" startTime="2024-01-09T15:44:54.4825319+01:00" endTime="2024-01-09T15:44:55.3418608+01:00" testType="13cdc9d9-ddb5-4fa4-a97d-d965ccfc6d4b" outcome="Passed" testListId="8c84fa94-04c1-424b-9868-57a2d4851a1d" relativeResultsDirectory="e3554c7e-4cc9-419c-8bb7-e94054830995" />
    <UnitTestResult executionId="33863342-29e8-47c8-8aee-92490cc939ca" testId="9e0f7694-4c12-cabb-5030-0f3a25dfbb2b" testName="WriteXml_ShouldWriteSizeAttribute_WhenPresent" computerName="DKSR-EFI-06" duration="00:00:00.0003347" startTime="2024-01-09T15:45:02.6387449+01:00" endTime="2024-01-09T15:45:02.6387449+01:00" testType="13cdc9d9-ddb5-4fa4-a97d-d965ccfc6d4b" outcome="Passed" testListId="8c84fa94-04c1-424b-9868-57a2d4851a1d" relativeResultsDirectory="33863342-29e8-47c8-8aee-92490cc939ca" />
    <UnitTestResult executionId="cedba316-886d-42f1-be9a-49ba2562cf0d" testId="06174076-ef01-8d0d-830c-682ae858b24d" testName="Append_Element_KeyValueString" computerName="DKSR-EFI-06" duration="00:00:00.0001458" startTime="2024-01-09T15:45:01.6231161+01:00" endTime="2024-01-09T15:45:01.6231161+01:00" testType="13cdc9d9-ddb5-4fa4-a97d-d965ccfc6d4b" outcome="Passed" testListId="8c84fa94-04c1-424b-9868-57a2d4851a1d" relativeResultsDirectory="cedba316-886d-42f1-be9a-49ba2562cf0d" />
    <UnitTestResult executionId="83e2c316-cdb4-43f8-a405-2f64bf713374" testId="f020995b-abe3-d649-6f42-54b2532be4d9" testName="ReadXml_ShouldSetAllFieldsToDefaultValues_WhenElementIsEmpty" computerName="DKSR-EFI-06" duration="00:00:00.0016483" startTime="2024-01-09T15:45:03.6543731+01:00" endTime="2024-01-09T15:45:03.6543731+01:00" testType="13cdc9d9-ddb5-4fa4-a97d-d965ccfc6d4b" outcome="Passed" testListId="8c84fa94-04c1-424b-9868-57a2d4851a1d" relativeResultsDirectory="83e2c316-cdb4-43f8-a405-2f64bf713374" />
    <UnitTestResult executionId="62308caa-38d5-43f7-9d88-c76655de0442" testId="26609db5-8fe4-7221-64d2-19aa74512834" testName="WriteXml_ShouldWriteShapeElement_WhenShapeIsNotNull" computerName="DKSR-EFI-06" duration="00:00:00.0007632" startTime="2024-01-09T15:45:02.3262452+01:00" endTime="2024-01-09T15:45:02.3262452+01:00" testType="13cdc9d9-ddb5-4fa4-a97d-d965ccfc6d4b" outcome="Passed" testListId="8c84fa94-04c1-424b-9868-57a2d4851a1d" relativeResultsDirectory="62308caa-38d5-43f7-9d88-c76655de0442" />
    <UnitTestResult executionId="3cab0f14-778b-466d-ac68-6cfccea5a175" testId="c1d45865-15fa-0d84-a5d0-67059817b5ff" testName="AllowGroupSelection_AutoCloseOnSelect_GroupSelected" computerName="DKSR-EFI-06" duration="00:00:00.0006370" startTime="2024-01-09T15:44:55.4824874+01:00" endTime="2024-01-09T15:44:55.4824874+01:00" testType="13cdc9d9-ddb5-4fa4-a97d-d965ccfc6d4b" outcome="Passed" testListId="8c84fa94-04c1-424b-9868-57a2d4851a1d" relativeResultsDirectory="3cab0f14-778b-466d-ac68-6cfccea5a175" />
    <UnitTestResult executionId="75d6d684-cd69-4052-8330-ee515a5c0984" testId="0daed256-eb5b-ff97-e9ff-02ba280c96b0" testName="ReadXml_ShouldReadBoundingBoxAppearanceExtension_WhenBoundingBoxAppearanceExtensionIsPresent" computerName="DKSR-EFI-06" duration="00:00:00.0013150" startTime="2024-01-09T15:45:03.4512473+01:00" endTime="2024-01-09T15:45:03.4512473+01:00" testType="13cdc9d9-ddb5-4fa4-a97d-d965ccfc6d4b" outcome="Passed" testListId="8c84fa94-04c1-424b-9868-57a2d4851a1d" relativeResultsDirectory="75d6d684-cd69-4052-8330-ee515a5c0984" />
    <UnitTestResult executionId="9790112f-4a62-4339-8e1c-e4e5323e2326" testId="6b8d7eb7-6306-1854-531e-9df54451cb92" testName="WriteXml_ShouldWriteAllObjects_WhenThereAreMultipleObjectsPresent" computerName="DKSR-EFI-06" duration="00:00:00.0011165" startTime="2024-01-09T15:45:02.7481439+01:00" endTime="2024-01-09T15:45:02.7481439+01:00" testType="13cdc9d9-ddb5-4fa4-a97d-d965ccfc6d4b" outcome="Passed" testListId="8c84fa94-04c1-424b-9868-57a2d4851a1d" relativeResultsDirectory="9790112f-4a62-4339-8e1c-e4e5323e2326" />
    <UnitTestResult executionId="365bef81-9671-42fe-91d5-a3c39fbaa440" testId="11c28579-30cf-d22c-ee3d-3776ee719321" testName="GetBoundingShapesAsync_MultipleInvocations_DelegatedToInternalMethodOnlyOnce" computerName="DKSR-EFI-06" duration="00:00:00.0017845" startTime="2024-01-09T15:45:00.7325056+01:00" endTime="2024-01-09T15:45:00.7325056+01:00" testType="13cdc9d9-ddb5-4fa4-a97d-d965ccfc6d4b" outcome="Passed" testListId="8c84fa94-04c1-424b-9868-57a2d4851a1d" relativeResultsDirectory="365bef81-9671-42fe-91d5-a3c39fbaa440" />
    <UnitTestResult executionId="8c9f79bf-9c53-4ec6-94f6-0fadbbbffbdf" testId="442159a8-1bcd-ab6e-06d2-d9a45f4251b5" testName="Serialize_TestCases (TestParentTypeMatchGenericNotThisTypeMatchedProperty)" computerName="DKSR-EFI-06" duration="00:00:00.0033979" startTime="2024-01-09T15:44:59.6387539+01:00" endTime="2024-01-09T15:44:59.6543756+01:00" testType="13cdc9d9-ddb5-4fa4-a97d-d965ccfc6d4b" outcome="Passed" testListId="8c84fa94-04c1-424b-9868-57a2d4851a1d" relativeResultsDirectory="8c9f79bf-9c53-4ec6-94f6-0fadbbbffbdf" />
    <UnitTestResult executionId="0bbb8f84-5cdf-4323-b365-384dd094f1ad" testId="c17413ea-faf7-b84c-6a91-46a90eb83f24" testName="FallbackDisplayValue_NotSet_ReturnsNull" computerName="DKSR-EFI-06" duration="00:00:00.0029853" startTime="2024-01-09T15:44:59.7793768+01:00" endTime="2024-01-09T15:44:59.7793768+01:00" testType="13cdc9d9-ddb5-4fa4-a97d-d965ccfc6d4b" outcome="Passed" testListId="8c84fa94-04c1-424b-9868-57a2d4851a1d" relativeResultsDirectory="0bbb8f84-5cdf-4323-b365-384dd094f1ad" />
    <UnitTestResult executionId="edbd0c2d-dfe6-4db6-8a65-e9b650961ec1" testId="f02151f2-7537-c913-0353-0c1cefe4a11e" testName="Append_Element_KeyString" computerName="DKSR-EFI-06" duration="00:00:00.0002120" startTime="2024-01-09T15:45:01.6231161+01:00" endTime="2024-01-09T15:45:01.6231161+01:00" testType="13cdc9d9-ddb5-4fa4-a97d-d965ccfc6d4b" outcome="Passed" testListId="8c84fa94-04c1-424b-9868-57a2d4851a1d" relativeResultsDirectory="edbd0c2d-dfe6-4db6-8a65-e9b650961ec1" />
    <UnitTestResult executionId="6ff87968-c283-44c7-bbc6-b186e340498b" testId="03c86249-a9e6-e76b-4e52-cc9f81b3e12b" testName="Serialize_TestCases (TestParentTypeMatchStructNotThisTypeMatched)" computerName="DKSR-EFI-06" duration="00:00:00.0007882" startTime="2024-01-09T15:44:59.5137528+01:00" endTime="2024-01-09T15:44:59.5137528+01:00" testType="13cdc9d9-ddb5-4fa4-a97d-d965ccfc6d4b" outcome="Passed" testListId="8c84fa94-04c1-424b-9868-57a2d4851a1d" relativeResultsDirectory="6ff87968-c283-44c7-bbc6-b186e340498b" />
    <UnitTestResult executionId="e9844e40-e2f7-43aa-968f-ce4ceac4d42b" testId="708c93d9-3b87-f482-2b59-76adaefd6f67" testName="GetPrevious_ShouldReturnNull_WhenThereIsNoPrevoiusEntryAfterCallToFindCacheEntryBefore" computerName="DKSR-EFI-06" duration="00:00:00.0004749" startTime="2024-01-09T15:45:05.3575019+01:00" endTime="2024-01-09T15:45:05.3575019+01:00" testType="13cdc9d9-ddb5-4fa4-a97d-d965ccfc6d4b" outcome="Passed" testListId="8c84fa94-04c1-424b-9868-57a2d4851a1d" relativeResultsDirectory="e9844e40-e2f7-43aa-968f-ce4ceac4d42b" />
    <UnitTestResult executionId="54543b95-40d2-4f65-9240-3d02640f080d" testId="fc700c0a-f7f2-a9aa-c628-23e607736cb2" testName="IsEmptyValue_StringFilterValue_WithCharacters_ReturnsFalse" computerName="DKSR-EFI-06" duration="00:00:00.0001806" startTime="2024-01-09T15:45:00.0137563+01:00" endTime="2024-01-09T15:45:00.0137563+01:00" testType="13cdc9d9-ddb5-4fa4-a97d-d965ccfc6d4b" outcome="Passed" testListId="8c84fa94-04c1-424b-9868-57a2d4851a1d" relativeResultsDirectory="54543b95-40d2-4f65-9240-3d02640f080d" />
    <UnitTestResult executionId="5ebb3b8c-aa74-4a98-b0db-4fd2b25f85f9" testId="a55aaf93-07d3-2d94-7ff3-69bf177f189d" testName="Serialize_TestCases (TestParentTypeMatchStructThisTypeMatched)" computerName="DKSR-EFI-06" duration="00:00:00.0006628" startTime="2024-01-09T15:44:59.4981266+01:00" endTime="2024-01-09T15:44:59.4981266+01:00" testType="13cdc9d9-ddb5-4fa4-a97d-d965ccfc6d4b" outcome="Passed" testListId="8c84fa94-04c1-424b-9868-57a2d4851a1d" relativeResultsDirectory="5ebb3b8c-aa74-4a98-b0db-4fd2b25f85f9" />
    <UnitTestResult executionId="e7d26573-65cf-40c6-842b-b58b35fa3ac0" testId="322a76e2-9465-203a-fa3f-db73d4f489c4" testName="Ctor_OneStandardFilter_Success" computerName="DKSR-EFI-06" duration="00:00:00.0017072" startTime="2024-01-09T15:45:01.4356182+01:00" endTime="2024-01-09T15:45:01.4356182+01:00" testType="13cdc9d9-ddb5-4fa4-a97d-d965ccfc6d4b" outcome="Passed" testListId="8c84fa94-04c1-424b-9868-57a2d4851a1d" relativeResultsDirectory="e7d26573-65cf-40c6-842b-b58b35fa3ac0" />
    <UnitTestResult executionId="39098557-945c-4001-81ed-589aff2ab272" testId="6bf15edc-a1d0-adf1-a3aa-fde4bdad9f83" testName="OnErrorOccurred_EventHandler_NotifiedWithCorrectParameters" computerName="DKSR-EFI-06" duration="00:00:00.0021443" startTime="2024-01-09T15:44:59.9981286+01:00" endTime="2024-01-09T15:44:59.9981286+01:00" testType="13cdc9d9-ddb5-4fa4-a97d-d965ccfc6d4b" outcome="Passed" testListId="8c84fa94-04c1-424b-9868-57a2d4851a1d" relativeResultsDirectory="39098557-945c-4001-81ed-589aff2ab272" />
    <UnitTestResult executionId="f426a9ea-6742-4716-9b3f-e529aa9deaf1" testId="1cd3273e-4fe1-8213-74a3-0afca1364b2a" testName="GetPrevious_ShouldReturnEntryBeforeLastReturnedEntry_WhenFindCacheEntryBeforeWasCalledAndThereIsAPreviousEntry" computerName="DKSR-EFI-06" duration="00:00:00.0005411" startTime="2024-01-09T15:45:05.3418755+01:00" endTime="2024-01-09T15:45:05.3418755+01:00" testType="13cdc9d9-ddb5-4fa4-a97d-d965ccfc6d4b" outcome="Passed" testListId="8c84fa94-04c1-424b-9868-57a2d4851a1d" relativeResultsDirectory="f426a9ea-6742-4716-9b3f-e529aa9deaf1" />
    <UnitTestResult executionId="47d6f997-e7d5-41e2-9a9d-f0783df3638e" testId="0bd5a705-f6f8-0f3a-8c3d-f1c97380c236" testName="WriteXml_ShouldWriteTranslateElement_WhenTranslateIsNotNull" computerName="DKSR-EFI-06" duration="00:00:00.0005991" startTime="2024-01-09T15:45:03.5918756+01:00" endTime="2024-01-09T15:45:03.5918756+01:00" testType="13cdc9d9-ddb5-4fa4-a97d-d965ccfc6d4b" outcome="Passed" testListId="8c84fa94-04c1-424b-9868-57a2d4851a1d" relativeResultsDirectory="47d6f997-e7d5-41e2-9a9d-f0783df3638e" />
    <UnitTestResult executionId="615b2ac8-4caa-4a01-98e2-de4a4ef5390e" testId="4fd7ef13-73a5-f651-dedc-2514dfae7f93" testName="FindCacheEntryBefore_ShuldReturnNull_WhenTheCacheIsEmpty" computerName="DKSR-EFI-06" duration="00:00:00.0002821" startTime="2024-01-09T15:45:05.3262508+01:00" endTime="2024-01-09T15:45:05.3262508+01:00" testType="13cdc9d9-ddb5-4fa4-a97d-d965ccfc6d4b" outcome="Passed" testListId="8c84fa94-04c1-424b-9868-57a2d4851a1d" relativeResultsDirectory="615b2ac8-4caa-4a01-98e2-de4a4ef5390e" />
    <UnitTestResult executionId="b743f5d3-4225-4465-b13a-214a46d8e202" testId="e99720dc-b5ca-82eb-619d-d041c4804cad" testName="ReadXml_ShouldIgnoreUnknownChildren_WhenUnknownChildrenArePresent" computerName="DKSR-EFI-06" duration="00:00:00.0008757" startTime="2024-01-09T15:45:03.1699972+01:00" endTime="2024-01-09T15:45:03.1856224+01:00" testType="13cdc9d9-ddb5-4fa4-a97d-d965ccfc6d4b" outcome="Passed" testListId="8c84fa94-04c1-424b-9868-57a2d4851a1d" relativeResultsDirectory="b743f5d3-4225-4465-b13a-214a46d8e202" />
    <UnitTestResult executionId="f0dcac1c-9901-454e-934f-7b06523b0e64" testId="3893bc09-628b-2605-fa37-7cfb280ed351" testName="IsValid_ShouldReturnFalse_WhenLikelihoodIsLessThanZero" computerName="DKSR-EFI-06" duration="00:00:00.0004447" startTime="2024-01-09T15:45:02.4356175+01:00" endTime="2024-01-09T15:45:02.4356175+01:00" testType="13cdc9d9-ddb5-4fa4-a97d-d965ccfc6d4b" outcome="Passed" testListId="8c84fa94-04c1-424b-9868-57a2d4851a1d" relativeResultsDirectory="f0dcac1c-9901-454e-934f-7b06523b0e64" />
    <UnitTestResult executionId="8b912d52-f3fe-4c12-9477-b85b5ab07c03" testId="f880bae4-ac7b-09b5-228d-aaaa54c0b1c6" testName="TestCancelSearch_DefinitionNotRespectingCancellation_Success" computerName="DKSR-EFI-06" duration="00:00:00.0069289" startTime="2024-01-09T15:45:00.4512574+01:00" endTime="2024-01-09T15:45:00.4512574+01:00" testType="13cdc9d9-ddb5-4fa4-a97d-d965ccfc6d4b" outcome="Passed" testListId="8c84fa94-04c1-424b-9868-57a2d4851a1d" relativeResultsDirectory="8b912d52-f3fe-4c12-9477-b85b5ab07c03" />
    <UnitTestResult executionId="d4954011-3d4c-4ef7-94ce-298ed665221b" testId="3d1a6672-4657-c0b5-09b7-40d121d78ad6" testName="TestSearchFilterCategories_WithOneAgentThrowingException_Success" computerName="DKSR-EFI-06" duration="00:00:00.0196962" startTime="2024-01-09T15:45:00.2012585+01:00" endTime="2024-01-09T15:45:00.2168809+01:00" testType="13cdc9d9-ddb5-4fa4-a97d-d965ccfc6d4b" outcome="Passed" testListId="8c84fa94-04c1-424b-9868-57a2d4851a1d" relativeResultsDirectory="d4954011-3d4c-4ef7-94ce-298ed665221b" />
    <UnitTestResult executionId="656a3895-fa32-4f7e-9102-c2eebb84c1f7" testId="b8276ba3-7850-cbef-143f-fbd86d2ed190" testName="CountByCounter_Activated_OK" computerName="DKSR-EFI-06" duration="00:00:00.0009654" startTime="2024-01-09T15:45:04.9981259+01:00" endTime="2024-01-09T15:45:04.9981259+01:00" testType="13cdc9d9-ddb5-4fa4-a97d-d965ccfc6d4b" outcome="Passed" testListId="8c84fa94-04c1-424b-9868-57a2d4851a1d" relativeResultsDirectory="656a3895-fa32-4f7e-9102-c2eebb84c1f7" />
    <UnitTestResult executionId="c00f2d68-7420-493d-af04-6ff0454e8fe8" testId="3f36873b-eeee-f47e-801c-1028988ff18d" testName="Parse_Int_ValidEnd_NoWhiteSpace" computerName="DKSR-EFI-06" duration="00:00:00.0003157" startTime="2024-01-09T15:45:01.7637791+01:00" endTime="2024-01-09T15:45:01.7637791+01:00" testType="13cdc9d9-ddb5-4fa4-a97d-d965ccfc6d4b" outcome="Passed" testListId="8c84fa94-04c1-424b-9868-57a2d4851a1d" relativeResultsDirectory="c00f2d68-7420-493d-af04-6ff0454e8fe8" />
    <UnitTestResult executionId="6274d543-3e31-4739-8975-4eb139144133" testId="ac145d13-4c02-a67c-cc07-a100e99d94e8" testName="ReadAppearanceExtensionXml_ShouldReadBoundingBoxLineColor_WhenBoundingBoxLineColorIsPresent" computerName="DKSR-EFI-06" duration="00:00:00.0003364" startTime="2024-01-09T15:45:03.2949970+01:00" endTime="2024-01-09T15:45:03.2949970+01:00" testType="13cdc9d9-ddb5-4fa4-a97d-d965ccfc6d4b" outcome="Passed" testListId="8c84fa94-04c1-424b-9868-57a2d4851a1d" relativeResultsDirectory="6274d543-3e31-4739-8975-4eb139144133" />
    <UnitTestResult executionId="e66b496c-a0e0-4ff4-b3a8-4e72b9a2d8cf" testId="0fbf3694-a7c3-3fef-5348-e45949735e92" testName="IsVisibleCallback_OnlyAllowedItemsVisible" computerName="DKSR-EFI-06" duration="00:00:00.1296567" startTime="2024-01-09T15:44:55.9981131+01:00" endTime="2024-01-09T15:44:56.1231179+01:00" testType="13cdc9d9-ddb5-4fa4-a97d-d965ccfc6d4b" outcome="Passed" testListId="8c84fa94-04c1-424b-9868-57a2d4851a1d" relativeResultsDirectory="e66b496c-a0e0-4ff4-b3a8-4e72b9a2d8cf" />
    <UnitTestResult executionId="fd931362-aa22-41ff-9bef-90f402ad1e32" testId="ba5d0a4c-06cb-f46b-47c1-8da0bac9ec51" testName="WriteXml_ShouldWriteElementsInCorrectOrder_WhenThereAreElements" computerName="DKSR-EFI-06" duration="00:00:00.0043595" startTime="2024-01-09T15:45:02.3106203+01:00" endTime="2024-01-09T15:45:02.3262452+01:00" testType="13cdc9d9-ddb5-4fa4-a97d-d965ccfc6d4b" outcome="Passed" testListId="8c84fa94-04c1-424b-9868-57a2d4851a1d" relativeResultsDirectory="fd931362-aa22-41ff-9bef-90f402ad1e32" />
    <UnitTestResult executionId="255ee0e9-ce28-4185-9688-28ab1480294a" testId="70b285fc-710a-f379-d65f-f5e6f4c70eac" testName="Serialize_TestCases (TestParentTypeMatchInterfaceNotThisTypeMatchedProperty)" computerName="DKSR-EFI-06" duration="00:00:00.0008752" startTime="2024-01-09T15:44:59.6075028+01:00" endTime="2024-01-09T15:44:59.6075028+01:00" testType="13cdc9d9-ddb5-4fa4-a97d-d965ccfc6d4b" outcome="Passed" testListId="8c84fa94-04c1-424b-9868-57a2d4851a1d" relativeResultsDirectory="255ee0e9-ce28-4185-9688-28ab1480294a" />
    <UnitTestResult executionId="9c43d71e-6fd4-4c16-902b-6edcbdd6e5e8" testId="d7839ae1-9662-254a-edc4-21e217d972c9" testName="Peek_NonEmptyQueue_ReturnsItemButKeepsItInQueue" computerName="DKSR-EFI-06" duration="00:00:00.0002665" startTime="2024-01-09T15:44:44.0605819+01:00" endTime="2024-01-09T15:44:44.0605819+01:00" testType="13cdc9d9-ddb5-4fa4-a97d-d965ccfc6d4b" outcome="Passed" testListId="8c84fa94-04c1-424b-9868-57a2d4851a1d" relativeResultsDirectory="9c43d71e-6fd4-4c16-902b-6edcbdd6e5e8" />
    <UnitTestResult executionId="1b2ad30e-7eb9-4f3b-a7c9-362ae5d10f09" testId="ddb2b30a-7c8f-3eac-d6a3-efc6f41e2e1f" testName="Remove_QueueStopping_Success" computerName="DKSR-EFI-06" duration="00:00:00.0002845" startTime="2024-01-09T15:44:44.0605819+01:00" endTime="2024-01-09T15:44:44.0605819+01:00" testType="13cdc9d9-ddb5-4fa4-a97d-d965ccfc6d4b" outcome="Passed" testListId="8c84fa94-04c1-424b-9868-57a2d4851a1d" relativeResultsDirectory="1b2ad30e-7eb9-4f3b-a7c9-362ae5d10f09" />
    <UnitTestResult executionId="a2436445-6b54-49fc-86b4-89e1eaa70b25" testId="3a3b003d-e9ff-947e-0664-bd777109fe74" testName="WriteMetadataXmlWithString_ShouldWriteRootElement_WhenDataIsPresent" computerName="DKSR-EFI-06" duration="00:00:00.0002465" startTime="2024-01-09T15:45:02.9199946+01:00" endTime="2024-01-09T15:45:02.9199946+01:00" testType="13cdc9d9-ddb5-4fa4-a97d-d965ccfc6d4b" outcome="Passed" testListId="8c84fa94-04c1-424b-9868-57a2d4851a1d" relativeResultsDirectory="a2436445-6b54-49fc-86b4-89e1eaa70b25" />
    <UnitTestResult executionId="321f5528-d51e-4aee-8661-a01ca4932771" testId="527481b0-1273-3dea-68f1-756a76377e7f" testName="ReadXml_ShouldReadMultipleClassCandidates_WhenMultipleCorrectClassCandidatesArePresent" computerName="DKSR-EFI-06" duration="00:00:00.0010937" startTime="2024-01-09T15:45:03.1231220+01:00" endTime="2024-01-09T15:45:03.1231220+01:00" testType="13cdc9d9-ddb5-4fa4-a97d-d965ccfc6d4b" outcome="Passed" testListId="8c84fa94-04c1-424b-9868-57a2d4851a1d" relativeResultsDirectory="321f5528-d51e-4aee-8661-a01ca4932771" />
    <UnitTestResult executionId="982d46ea-1528-466f-ac1e-b9834a73afcc" testId="125f47fd-bfa6-8077-4564-e798b6c885b3" testName="CountByItems_Activated_CountByCounter_Missing" computerName="DKSR-EFI-06" duration="00:00:00.0033502" startTime="2024-01-09T15:45:05.0762514+01:00" endTime="2024-01-09T15:45:05.0762514+01:00" testType="13cdc9d9-ddb5-4fa4-a97d-d965ccfc6d4b" outcome="Passed" testListId="8c84fa94-04c1-424b-9868-57a2d4851a1d" relativeResultsDirectory="982d46ea-1528-466f-ac1e-b9834a73afcc" />
    <UnitTestResult executionId="9f0413fb-2074-43a3-8cee-1ceb72c55349" testId="e9dfb445-64b1-c8bd-bc01-6330550b105e" testName="GenerateDeviceParameters_ShouldOmitGop_WhenGopIsZero" computerName="DKSR-EFI-06" duration="00:00:00.0005938" startTime="2024-01-09T15:45:05.1856258+01:00" endTime="2024-01-09T15:45:05.1856258+01:00" testType="13cdc9d9-ddb5-4fa4-a97d-d965ccfc6d4b" outcome="Passed" testListId="8c84fa94-04c1-424b-9868-57a2d4851a1d" relativeResultsDirectory="9f0413fb-2074-43a3-8cee-1ceb72c55349" />
    <UnitTestResult executionId="b0dc162b-20f8-46eb-9be4-7e81b710e1b9" testId="1eb53537-afef-d5dd-debc-6b9152b2f955" testName="ReadXml_ShouldIgnoreLikelihood_WhenLikelihoodIsNotANumber" computerName="DKSR-EFI-06" duration="00:00:00.0003613" startTime="2024-01-09T15:45:02.4668686+01:00" endTime="2024-01-09T15:45:02.4824943+01:00" testType="13cdc9d9-ddb5-4fa4-a97d-d965ccfc6d4b" outcome="Passed" testListId="8c84fa94-04c1-424b-9868-57a2d4851a1d" relativeResultsDirectory="b0dc162b-20f8-46eb-9be4-7e81b710e1b9" />
    <UnitTestResult executionId="e34af23f-74cb-4e78-af34-62a766cf606a" testId="ab1a8e45-8e17-ad94-af47-713e91eff11b" testName="Equals_Fail_OnOtherNull" computerName="DKSR-EFI-06" duration="00:00:00.0003738" startTime="2024-01-09T15:44:29.8105628+01:00" endTime="2024-01-09T15:44:29.8105628+01:00" testType="13cdc9d9-ddb5-4fa4-a97d-d965ccfc6d4b" outcome="Passed" testListId="8c84fa94-04c1-424b-9868-57a2d4851a1d" relativeResultsDirectory="e34af23f-74cb-4e78-af34-62a766cf606a" />
    <UnitTestResult executionId="05ba63d2-cf21-4418-833b-1105e0976559" testId="5779081c-72b8-3e22-5954-bdf5dfba82f5" testName="Dequeue_NoItems_FailsAfterTimeout" computerName="DKSR-EFI-06" duration="00:00:00.0093429" startTime="2024-01-09T15:44:44.0137073+01:00" endTime="2024-01-09T15:44:44.0293321+01:00" testType="13cdc9d9-ddb5-4fa4-a97d-d965ccfc6d4b" outcome="Passed" testListId="8c84fa94-04c1-424b-9868-57a2d4851a1d" relativeResultsDirectory="05ba63d2-cf21-4418-833b-1105e0976559" />
    <UnitTestResult executionId="ae2151d7-f067-4646-bedd-6526a880c4ad" testId="8f38f84f-ef7b-c71d-fc5d-8932529a4a0f" testName="BuildOverlayWidthHeightBaseEvent_ShouldReturnCorrectSizedBitmap_WhenArgumentIsEventData" computerName="DKSR-EFI-06" duration="00:00:00.0407521" startTime="2024-01-09T15:44:32.6074353+01:00" endTime="2024-01-09T15:44:32.6543091+01:00" testType="13cdc9d9-ddb5-4fa4-a97d-d965ccfc6d4b" outcome="Passed" testListId="8c84fa94-04c1-424b-9868-57a2d4851a1d" relativeResultsDirectory="ae2151d7-f067-4646-bedd-6526a880c4ad" />
    <UnitTestResult executionId="5ce68380-da24-4057-8fb2-214314b23fae" testId="4d993a4f-76c0-7cf9-2048-40644000ecc0" testName="Construction_Array" computerName="DKSR-EFI-06" duration="00:00:00.0006995" startTime="2024-01-09T15:45:01.5918681+01:00" endTime="2024-01-09T15:45:01.5918681+01:00" testType="13cdc9d9-ddb5-4fa4-a97d-d965ccfc6d4b" outcome="Passed" testListId="8c84fa94-04c1-424b-9868-57a2d4851a1d" relativeResultsDirectory="5ce68380-da24-4057-8fb2-214314b23fae" />
    <UnitTestResult executionId="ca05355b-7e1e-40d5-b001-208cdc7e4d00" testId="d8efbbc3-789a-3585-978c-2744f717a173" testName="Serialize_TestCases (TestParentTypeMatchBoolNotThisTypeMatched)" computerName="DKSR-EFI-06" duration="00:00:00.0003169" startTime="2024-01-09T15:44:59.4512518+01:00" endTime="2024-01-09T15:44:59.4512518+01:00" testType="13cdc9d9-ddb5-4fa4-a97d-d965ccfc6d4b" outcome="Passed" testListId="8c84fa94-04c1-424b-9868-57a2d4851a1d" relativeResultsDirectory="ca05355b-7e1e-40d5-b001-208cdc7e4d00" />
    <UnitTestResult executionId="5a7b6ce4-0c58-45b1-b600-ff6d64209128" testId="42302bdc-1d63-06ab-e9d6-928e15c70dec" testName="Serialize_TestCases (TestParentTypeMatchDoubleNotThisTypeMatched)" computerName="DKSR-EFI-06" duration="00:00:00.0003664" startTime="2024-01-09T15:44:59.4668772+01:00" endTime="2024-01-09T15:44:59.4668772+01:00" testType="13cdc9d9-ddb5-4fa4-a97d-d965ccfc6d4b" outcome="Passed" testListId="8c84fa94-04c1-424b-9868-57a2d4851a1d" relativeResultsDirectory="5a7b6ce4-0c58-45b1-b600-ff6d64209128" />
    <UnitTestResult executionId="13e5d561-19ab-46ed-a14c-ede030c3a1f4" testId="cc93f70b-f9b0-21f7-faba-e1868435194b" testName="Stop_EmptyQueue_IsStoppedSet" computerName="DKSR-EFI-06" duration="00:00:00.0001669" startTime="2024-01-09T15:44:44.0449594+01:00" endTime="2024-01-09T15:44:44.0449594+01:00" testType="13cdc9d9-ddb5-4fa4-a97d-d965ccfc6d4b" outcome="Passed" testListId="8c84fa94-04c1-424b-9868-57a2d4851a1d" relativeResultsDirectory="13e5d561-19ab-46ed-a14c-ede030c3a1f4" />
    <UnitTestResult executionId="e8f90402-80e9-4821-8abd-8b6ab9e0f54b" testId="6271bc67-5e80-6155-5dfc-c8f30ff7d226" testName="Serialize_TestCases (TestParentTypeMatchStringThisTypeMatched)" computerName="DKSR-EFI-06" duration="00:00:00.0046551" startTime="2024-01-09T15:44:59.4200016+01:00" endTime="2024-01-09T15:44:59.4356265+01:00" testType="13cdc9d9-ddb5-4fa4-a97d-d965ccfc6d4b" outcome="Passed" testListId="8c84fa94-04c1-424b-9868-57a2d4851a1d" relativeResultsDirectory="e8f90402-80e9-4821-8abd-8b6ab9e0f54b" />
    <UnitTestResult executionId="35154741-4714-4ea1-b571-c9a961aa9657" testId="21aacc52-5297-f44e-aad6-4de7a3bc1c17" testName="WriteXml_ShouldWriteScaleElement_WhenScaleIsNotNull" computerName="DKSR-EFI-06" duration="00:00:00.0007491" startTime="2024-01-09T15:45:03.5918756+01:00" endTime="2024-01-09T15:45:03.5918756+01:00" testType="13cdc9d9-ddb5-4fa4-a97d-d965ccfc6d4b" outcome="Passed" testListId="8c84fa94-04c1-424b-9868-57a2d4851a1d" relativeResultsDirectory="35154741-4714-4ea1-b571-c9a961aa9657" />
    <UnitTestResult executionId="7946e827-ac1f-4b74-b3b2-aa5ce3558c49" testId="7cd2c95d-3a22-0d5c-c07f-69fa30ef94a1" testName="GetTranslations_Success" computerName="DKSR-EFI-06" duration="00:00:00.0017798" startTime="2024-01-09T15:45:02.1543686+01:00" endTime="2024-01-09T15:45:02.1543686+01:00" testType="13cdc9d9-ddb5-4fa4-a97d-d965ccfc6d4b" outcome="Passed" testListId="8c84fa94-04c1-424b-9868-57a2d4851a1d" relativeResultsDirectory="7946e827-ac1f-4b74-b3b2-aa5ce3558c49" />
    <UnitTestResult executionId="ef65a8e0-7ad0-4536-9ba0-68761d45a2e3" testId="79ed88f2-f433-a4e4-a0f7-7ec8b906db54" testName="ToJson_IntElement_Exception" computerName="DKSR-EFI-06" duration="00:00:00.0006578" startTime="2024-01-09T15:45:01.8418682+01:00" endTime="2024-01-09T15:45:01.8418682+01:00" testType="13cdc9d9-ddb5-4fa4-a97d-d965ccfc6d4b" outcome="Passed" testListId="8c84fa94-04c1-424b-9868-57a2d4851a1d" relativeResultsDirectory="ef65a8e0-7ad0-4536-9ba0-68761d45a2e3" />
    <UnitTestResult executionId="24460922-4452-44d4-9797-266210113a6c" testId="a41a1003-2242-10b8-735d-2b3636a491be" testName="IsValid_ShouldBeSetToTrue_WhenCenterOfGravityIsMissing" computerName="DKSR-EFI-06" duration="00:00:00.0033187" startTime="2024-01-09T15:45:03.4200378+01:00" endTime="2024-01-09T15:45:03.4200378+01:00" testType="13cdc9d9-ddb5-4fa4-a97d-d965ccfc6d4b" outcome="Passed" testListId="8c84fa94-04c1-424b-9868-57a2d4851a1d" relativeResultsDirectory="24460922-4452-44d4-9797-266210113a6c" />
    <UnitTestResult executionId="86edf845-7e98-4db2-b3a1-2b5c55cca76d" testId="b0d0079b-65d6-c082-7bc9-a129a13a3c18" testName="Append_Property_Int_Invalid" computerName="DKSR-EFI-06" duration="00:00:00.0004978" startTime="2024-01-09T15:45:01.6699922+01:00" endTime="2024-01-09T15:45:01.6699922+01:00" testType="13cdc9d9-ddb5-4fa4-a97d-d965ccfc6d4b" outcome="Passed" testListId="8c84fa94-04c1-424b-9868-57a2d4851a1d" relativeResultsDirectory="86edf845-7e98-4db2-b3a1-2b5c55cca76d" />
    <UnitTestResult executionId="a5bef666-2dff-449f-9c0b-4d4e91cc2e91" testId="ac1f3199-d4a5-f053-63bd-190671ac0343" testName="Serialize_TestCases (TestParentTypeMatchStringNotThisTypeNotMatched)" computerName="DKSR-EFI-06" duration="00:00:00.0003905" startTime="2024-01-09T15:44:59.4356265+01:00" endTime="2024-01-09T15:44:59.4356265+01:00" testType="13cdc9d9-ddb5-4fa4-a97d-d965ccfc6d4b" outcome="Passed" testListId="8c84fa94-04c1-424b-9868-57a2d4851a1d" relativeResultsDirectory="a5bef666-2dff-449f-9c0b-4d4e91cc2e91" />
    <UnitTestResult executionId="5bac13d8-77c2-4d63-a2cf-6f7ad1d2f321" testId="2290dc93-26ef-2adf-bfc4-c74fcd6396b2" testName="LoadedEvent_ShouldAddProxyManager_WhenFrameworkElementIsLoadedAtLaterStage" computerName="DKSR-EFI-06" duration="00:00:00.0024595" startTime="2024-01-09T15:44:59.7481279+01:00" endTime="2024-01-09T15:44:59.7481279+01:00" testType="13cdc9d9-ddb5-4fa4-a97d-d965ccfc6d4b" outcome="Passed" testListId="8c84fa94-04c1-424b-9868-57a2d4851a1d" relativeResultsDirectory="5bac13d8-77c2-4d63-a2cf-6f7ad1d2f321" />
    <UnitTestResult executionId="e5bb0a1f-423e-4f3e-9307-75a654fcc709" testId="bc0974a0-deaf-8644-39a5-1ed48142447f" testName="GenerateDeviceCapabilityParameters_ShouldAddSubclassParameters_WhenAlways" computerName="DKSR-EFI-06" duration="00:00:00.0003593" startTime="2024-01-09T15:45:05.4356277+01:00" endTime="2024-01-09T15:45:05.4356277+01:00" testType="13cdc9d9-ddb5-4fa4-a97d-d965ccfc6d4b" outcome="Passed" testListId="8c84fa94-04c1-424b-9868-57a2d4851a1d" relativeResultsDirectory="e5bb0a1f-423e-4f3e-9307-75a654fcc709" />
    <UnitTestResult executionId="09657d2a-13ec-46c7-b1e6-c9313aa95e05" testId="bf1206bb-c315-791a-6716-b4026aff80ac" testName="TestConstructor_Success" computerName="DKSR-EFI-06" duration="00:00:00.0004704" startTime="2024-01-09T15:45:01.5762419+01:00" endTime="2024-01-09T15:45:01.5762419+01:00" testType="13cdc9d9-ddb5-4fa4-a97d-d965ccfc6d4b" outcome="Passed" testListId="8c84fa94-04c1-424b-9868-57a2d4851a1d" relativeResultsDirectory="09657d2a-13ec-46c7-b1e6-c9313aa95e05" />
    <UnitTestResult executionId="37a5b5f6-6fa8-453e-9cf0-eb9a30989179" testId="1e01348f-4956-9c30-5322-aed75f85144b" testName="GetGenderFilterValues_SingleSelection_Success" computerName="DKSR-EFI-06" duration="00:00:00.0078808" startTime="2024-01-09T15:45:01.4824925+01:00" endTime="2024-01-09T15:45:01.4824925+01:00" testType="13cdc9d9-ddb5-4fa4-a97d-d965ccfc6d4b" outcome="Passed" testListId="8c84fa94-04c1-424b-9868-57a2d4851a1d" relativeResultsDirectory="37a5b5f6-6fa8-453e-9cf0-eb9a30989179" />
    <UnitTestResult executionId="c7c22a06-9a0e-4bc2-88f0-b11550a1d366" testId="c1b640ca-e678-426e-45cc-5191cc545133" testName="Serialize_TestCases (TestParentTypeMatchDecimalNotThisTypeMatched)" computerName="DKSR-EFI-06" duration="00:00:00.0003456" startTime="2024-01-09T15:44:59.4825011+01:00" endTime="2024-01-09T15:44:59.4825011+01:00" testType="13cdc9d9-ddb5-4fa4-a97d-d965ccfc6d4b" outcome="Passed" testListId="8c84fa94-04c1-424b-9868-57a2d4851a1d" relativeResultsDirectory="c7c22a06-9a0e-4bc2-88f0-b11550a1d366" />
    <UnitTestResult executionId="984b73b0-d33d-442e-99bd-0169505573ea" testId="556f34ce-3bef-1c1d-2f3e-c3457681ba59" testName="Serialize_TestCases (TestParentTypeMatchObjectThisTypeNotMatched)" computerName="DKSR-EFI-06" duration="00:00:00.0007751" startTime="2024-01-09T15:44:59.5293770+01:00" endTime="2024-01-09T15:44:59.5293770+01:00" testType="13cdc9d9-ddb5-4fa4-a97d-d965ccfc6d4b" outcome="Passed" testListId="8c84fa94-04c1-424b-9868-57a2d4851a1d" relativeResultsDirectory="984b73b0-d33d-442e-99bd-0169505573ea" />
    <UnitTestResult executionId="18cbd893-e298-4465-b54a-ff7c4a857405" testId="d398ef55-2762-6fec-9ad2-1f14cb2a9d60" testName="ReadXml_ShouldSetAllPropertiesToZero_WhenElementIsEmpty" computerName="DKSR-EFI-06" duration="00:00:00.0101695" startTime="2024-01-09T15:45:02.5606187+01:00" endTime="2024-01-09T15:45:02.5762444+01:00" testType="13cdc9d9-ddb5-4fa4-a97d-d965ccfc6d4b" outcome="Passed" testListId="8c84fa94-04c1-424b-9868-57a2d4851a1d" relativeResultsDirectory="18cbd893-e298-4465-b54a-ff7c4a857405" />
    <UnitTestResult executionId="85aa612b-e92e-4c7f-ad27-67cfc1717627" testId="3d8a3078-3353-0dd0-9ba2-c2de88eb7008" testName="Parse_String_Simple" computerName="DKSR-EFI-06" duration="00:00:00.0003153" startTime="2024-01-09T15:45:01.7481165+01:00" endTime="2024-01-09T15:45:01.7481165+01:00" testType="13cdc9d9-ddb5-4fa4-a97d-d965ccfc6d4b" outcome="Passed" testListId="8c84fa94-04c1-424b-9868-57a2d4851a1d" relativeResultsDirectory="85aa612b-e92e-4c7f-ad27-67cfc1717627" />
    <UnitTestResult executionId="86fb07b6-65c2-4a94-baf5-863a6103ef41" testId="f8feb370-a546-7995-c8e5-2c5a9509dee9" testName="Minimize_ShouldReturnTwoIntervals_WhenListContainsTwoNonOverlappingIntervals" computerName="DKSR-EFI-06" duration="00:00:00.0005958" startTime="2024-01-09T15:44:43.9512082+01:00" endTime="2024-01-09T15:44:43.9512082+01:00" testType="13cdc9d9-ddb5-4fa4-a97d-d965ccfc6d4b" outcome="Passed" testListId="8c84fa94-04c1-424b-9868-57a2d4851a1d" relativeResultsDirectory="86fb07b6-65c2-4a94-baf5-863a6103ef41" />
    <UnitTestResult executionId="30ec31a3-78f0-49a3-bcc2-08dd19a65d32" testId="582a166b-52fa-3ee8-5316-b4af9ef88ed9" testName="OnSearchResultsReady_EmptyArgument_SearchResultReadyEventNotFired" computerName="DKSR-EFI-06" duration="00:00:00.0004615" startTime="2024-01-09T15:44:59.9825021+01:00" endTime="2024-01-09T15:44:59.9825021+01:00" testType="13cdc9d9-ddb5-4fa4-a97d-d965ccfc6d4b" outcome="Passed" testListId="8c84fa94-04c1-424b-9868-57a2d4851a1d" relativeResultsDirectory="30ec31a3-78f0-49a3-bcc2-08dd19a65d32" />
    <UnitTestResult executionId="e3628998-03a5-4340-9b43-80d4e3e620f6" testId="7fa99fc8-4dae-9088-0c08-813290a88ab6" testName="WriteXml_ShouldWriteTopAttribute_WhenAlays" computerName="DKSR-EFI-06" duration="00:00:00.0004132" startTime="2024-01-09T15:45:03.3731222+01:00" endTime="2024-01-09T15:45:03.3731222+01:00" testType="13cdc9d9-ddb5-4fa4-a97d-d965ccfc6d4b" outcome="Passed" testListId="8c84fa94-04c1-424b-9868-57a2d4851a1d" relativeResultsDirectory="e3628998-03a5-4340-9b43-80d4e3e620f6" />
    <UnitTestResult executionId="f36c1976-aa20-451f-8c9b-e0ce21c2dc92" testId="fa0ba56c-3e83-3f1e-d41c-70bf0d206613" testName="RemoveItem_AnalyticsEvent_Fail_Blank" computerName="DKSR-EFI-06" duration="00:00:00.0010010" startTime="2024-01-09T15:45:02.1387439+01:00" endTime="2024-01-09T15:45:02.1387439+01:00" testType="13cdc9d9-ddb5-4fa4-a97d-d965ccfc6d4b" outcome="Passed" testListId="8c84fa94-04c1-424b-9868-57a2d4851a1d" relativeResultsDirectory="f36c1976-aa20-451f-8c9b-e0ce21c2dc92" />
    <UnitTestResult executionId="99c02567-bfbd-4ff9-8829-c70ea7d26a06" testId="3bd4e091-3cac-addc-1c5e-6f943e11b33f" testName="WriteXml_ShouldOmitElements_WhenDataIsNotPresent" computerName="DKSR-EFI-06" duration="00:00:00.0101686" startTime="2024-01-09T15:45:02.7168695+01:00" endTime="2024-01-09T15:45:02.7324946+01:00" testType="13cdc9d9-ddb5-4fa4-a97d-d965ccfc6d4b" outcome="Passed" testListId="8c84fa94-04c1-424b-9868-57a2d4851a1d" relativeResultsDirectory="99c02567-bfbd-4ff9-8829-c70ea7d26a06" />
    <UnitTestResult executionId="dd260cc9-6ced-4c80-aaa0-24f9ff2112ba" testId="d6caf9a4-3f9a-074e-1dad-d39d3f06a0e6" testName="GetNext_ShouldReturnNextDataInCache_WhenDataIsCached" computerName="DKSR-EFI-06" duration="00:00:00.0019889" startTime="2024-01-09T15:45:05.6856275+01:00" endTime="2024-01-09T15:45:05.7012533+01:00" testType="13cdc9d9-ddb5-4fa4-a97d-d965ccfc6d4b" outcome="Passed" testListId="8c84fa94-04c1-424b-9868-57a2d4851a1d" relativeResultsDirectory="dd260cc9-6ced-4c80-aaa0-24f9ff2112ba" />
    <UnitTestResult executionId="84a1ab2e-9bfd-44fe-ad7e-4a532142c23c" testId="f7df628a-2d6d-0169-1e36-e1aabcaaa3c0" testName="KindsFilter_TwoKinds_OnlyAllowedKindsShown" computerName="DKSR-EFI-06" duration="00:00:00.0357722" startTime="2024-01-09T15:44:56.2949910+01:00" endTime="2024-01-09T15:44:56.3262413+01:00" testType="13cdc9d9-ddb5-4fa4-a97d-d965ccfc6d4b" outcome="Passed" testListId="8c84fa94-04c1-424b-9868-57a2d4851a1d" relativeResultsDirectory="84a1ab2e-9bfd-44fe-ad7e-4a532142c23c" />
    <UnitTestResult executionId="de495c4b-0058-4dba-bebe-b915c765eecb" testId="5eeda859-d31c-69f8-fe90-55abee0d8512" testName="Encrypt_ShouldReturnInputAsIs" computerName="DKSR-EFI-06" duration="00:00:00.0003286" startTime="2024-01-09T15:45:04.7949992+01:00" endTime="2024-01-09T15:45:04.7949992+01:00" testType="13cdc9d9-ddb5-4fa4-a97d-d965ccfc6d4b" outcome="Passed" testListId="8c84fa94-04c1-424b-9868-57a2d4851a1d" relativeResultsDirectory="de495c4b-0058-4dba-bebe-b915c765eecb" />
    <UnitTestResult executionId="d6fcaa17-080c-46a7-a145-d4ef62254d20" testId="9201c682-a830-2984-3517-d5fbfb383f4a" testName="GetGenderFilterValues_MultiSelection_Success" computerName="DKSR-EFI-06" duration="00:00:00.0007165" startTime="2024-01-09T15:45:01.4981172+01:00" endTime="2024-01-09T15:45:01.4981172+01:00" testType="13cdc9d9-ddb5-4fa4-a97d-d965ccfc6d4b" outcome="Passed" testListId="8c84fa94-04c1-424b-9868-57a2d4851a1d" relativeResultsDirectory="d6fcaa17-080c-46a7-a145-d4ef62254d20" />
    <UnitTestResult executionId="63cb4368-16c9-4ca8-8a5c-5e761385dc7c" testId="19b10478-a96f-f7e7-c2b8-f210ce21c3d4" testName="CountByItems_NotActivated_Trial" computerName="DKSR-EFI-06" duration="00:00:00.0009366" startTime="2024-01-09T15:45:05.0293752+01:00" endTime="2024-01-09T15:45:05.0293752+01:00" testType="13cdc9d9-ddb5-4fa4-a97d-d965ccfc6d4b" outcome="Passed" testListId="8c84fa94-04c1-424b-9868-57a2d4851a1d" relativeResultsDirectory="63cb4368-16c9-4ca8-8a5c-5e761385dc7c" />
    <UnitTestResult executionId="afa3e649-8fe3-4fe7-b942-e2ef0587f1a5" testId="b44cc6a8-6a9a-fd12-3fec-c22280c5d52b" testName="CreateSearchFilterEditControl_SinglePlugin_Success" computerName="DKSR-EFI-06" duration="00:00:00.1787827" startTime="2024-01-09T15:45:01.0137404+01:00" endTime="2024-01-09T15:45:01.2012440+01:00" testType="13cdc9d9-ddb5-4fa4-a97d-d965ccfc6d4b" outcome="Passed" testListId="8c84fa94-04c1-424b-9868-57a2d4851a1d" relativeResultsDirectory="afa3e649-8fe3-4fe7-b942-e2ef0587f1a5" />
    <UnitTestResult executionId="2a5f9c2c-c6ec-433c-8528-e15ef4071b0e" testId="e69a267a-e07a-22bf-4915-eae5a252f8b8" testName="CountByItems_Activated_Expired" computerName="DKSR-EFI-06" duration="00:00:00.0020162" startTime="2024-01-09T15:45:05.0606242+01:00" endTime="2024-01-09T15:45:05.0606242+01:00" testType="13cdc9d9-ddb5-4fa4-a97d-d965ccfc6d4b" outcome="Passed" testListId="8c84fa94-04c1-424b-9868-57a2d4851a1d" relativeResultsDirectory="2a5f9c2c-c6ec-433c-8528-e15ef4071b0e" />
    <UnitTestResult executionId="d70f6fda-6da7-4a94-af59-62a5ca6e21f8" testId="18b9af22-bb6c-f1cc-eab9-198fe04c78c2" testName="ResolveIconSource_ResourceIconsAndDefinedIcons_ShouldBeIdentical" computerName="DKSR-EFI-06" duration="00:00:00.0167767" startTime="2024-01-09T15:44:57.9199956+01:00" endTime="2024-01-09T15:44:57.9356216+01:00" testType="13cdc9d9-ddb5-4fa4-a97d-d965ccfc6d4b" outcome="Passed" testListId="8c84fa94-04c1-424b-9868-57a2d4851a1d" relativeResultsDirectory="d70f6fda-6da7-4a94-af59-62a5ca6e21f8">
      <Output>
        <StdOut>ui/resources/builtinicons/search.svg&#xD;
ui/resources/builtinicons/view_layout_1_16.svg&#xD;
ui/resources/builtinicons/server_state_base.svg&#xD;
ui/resources/builtinicons/view_layout_1_11.svg&#xD;
ui/resources/builtinicons/settings.svg&#xD;
ui/resources/builtinicons/comment_add.svg&#xD;
ui/resources/builtinicons/view_change.svg&#xD;
ui/resources/builtinicons/card_reader.svg&#xD;
ui/resources/builtinicons/access_control_view_item.svg&#xD;
ui/controls/tabcontrols/internal/primary/headeritemcontrol.baml&#xD;
ui/resources/builtinicons/search_temperature.svg&#xD;
ui/resources/builtinicons/application.svg&#xD;
ui/controls/buttons/videoosbuttonhyperlinksmall.baml&#xD;
ui/resources/builtinicons/status_connected.svg&#xD;
ui/resources/builtinicons/comment.svg&#xD;
ui/resources/builtinicons/keyword.svg&#xD;
ui/resources/builtinicons/go_to_selection_start_from_left_12px.svg&#xD;
ui/resources/builtinicons/layout_group.svg&#xD;
ui/resources/builtinicons/go_to_selection_start_from_right_12px.svg&#xD;
client/sidepanelusercontrolwpfwrapper.baml&#xD;
ui/resources/builtinicons/export_add_to_list.svg&#xD;
ui/resources/builtinicons/plus.svg&#xD;
ui/itempicker/view/itempickerwpfusercontrol.baml&#xD;
ui/resources/builtinicons/search_private.svg&#xD;
ui/resources/builtinicons/restore.svg&#xD;
ui/resources/builtinicons/chevron_double_left.svg&#xD;
ui/resources/builtinicons/folder_locked.svg&#xD;
ui/resources/builtinicons/blur_video.svg&#xD;
ui/resources/builtinicons/chevron_right.svg&#xD;
ui/resources/builtinicons/image_missing.svg&#xD;
ui/resources/builtinicons/smart_map_view_item.svg&#xD;
ui/resources/builtinicons/play_forward.svg&#xD;
ui/resources/builtinicons/view_duplicate.svg&#xD;
ui/resources/builtinicons/checkmark_12px.svg&#xD;
ui/resources/builtinicons/text_bold.svg&#xD;
ui/resources/builtinicons/colorpicker.svg&#xD;
ui/resources/builtinicons/speaker.svg&#xD;
ui/resources/builtinicons/view_layout_1_4_p.svg&#xD;
ui/controls/buttons/videoosbuttontransparentlarge.baml&#xD;
ui/resources/builtinicons/plugin.svg&#xD;
ui/controls/buttons/videoosbuttonsecondarysmall.baml&#xD;
ui/resources/builtinicons/chevron_up.svg&#xD;
client/images/icn16x16_light_lastsequence_default.png&#xD;
themes/designsystemcolors.baml&#xD;
ui/resources/builtinicons/filter.svg&#xD;
ui/resources/builtinicons/zoom_out_slider.svg&#xD;
ui/resources/builtinicons/toast_message.svg&#xD;
ui/resources/builtinicons/mobile_next_frame.svg&#xD;
ui/controls/textblocks/videoostextblockinteractivesmall.baml&#xD;
ui/resources/builtinicons/window.svg&#xD;
ui/controls/dropdowns/videoosdropdownborderlesssmall.baml&#xD;
ui/resources/builtinicons/arrow_right.svg&#xD;
ui/resources/builtinicons/selection_bookmark_start_12px.svg&#xD;
ui/resources/builtinicons/view_layout_2x6_p.svg&#xD;
ui/resources/builtinicons/text.svg&#xD;
ui/controls/togglebuttons/videoostogglebuttoniconsmall.baml&#xD;
ui/resources/builtinicons/location_off.svg&#xD;
ui/resources/builtinicons/view_options.svg&#xD;
ui/resources/builtinicons/overlay_buttons.svg&#xD;
ui/resources/builtinicons/frame_previous.svg&#xD;
ui/controls/buttons/videoosbuttontransparentmedium.baml&#xD;
ui/resources/builtinicons/matchlist_add.svg&#xD;
ui/controls/menubuttons/videoosmenubuttonprimarysmall.baml&#xD;
ui/controls/inputcontrols/videoosinputcontrolsmall.baml&#xD;
ui/resources/builtinicons/close_12px.svg&#xD;
ui/resources/builtinicons/view_layout_6x6.svg&#xD;
ui/resources/builtinicons/view_layout_6x3.svg&#xD;
ui/controls/menubuttons/videoosmenubuttonaccentlarge.baml&#xD;
ui/resources/builtinicons/status_disc_small.svg&#xD;
ui/resources/builtinicons/output_off.svg&#xD;
ui/resources/builtinicons/sequence_split.svg&#xD;
ui/resources/builtinicons/server_service.svg&#xD;
ui/controls/passwordboxes/videoospasswordboxbase.baml&#xD;
ui/resources/builtinicons/maximize.svg&#xD;
ui/resources/builtinicons/bookmark_timeline_12px.svg&#xD;
ui/resources/builtinicons/bookmark.svg&#xD;
ui/controls/textblocks/videoostextblockinteractiveextrasmall.baml&#xD;
ui/controls/buttons/videoosbuttonprimarylarge.baml&#xD;
ui/resources/builtinicons/image.svg&#xD;
ui/controls/textblocks/videoostextblockbodyextrasmall.baml&#xD;
ui/resources/builtinicons/html_view_item.svg&#xD;
ui/resources/builtinicons/arrow_down.svg&#xD;
ui/controls/actionlists/internal/actiongroupcontrolholder.baml&#xD;
ui/controls/menubuttons/videoosmenubuttontextmedium.baml&#xD;
ui/resources/builtinicons/view_reload.svg&#xD;
ui/resources/builtinicons/cd_drive.svg&#xD;
ui/controls/actionlists/internal/actionholdcontrolholder.baml&#xD;
ui/resources/builtinicons/unknown.svg&#xD;
ui/resources/builtinicons/arrow_up.svg&#xD;
ui/controls/menubuttons/videoosmenubuttontransparentsmall.baml&#xD;
ui/controls/textboxes/videoostextboxsmall.baml&#xD;
ui/resources/builtinicons/view_layout_1_2x_p.svg&#xD;
ui/resources/builtinicons/lock_off.svg&#xD;
ui/controls/tabcontrols/internal/primary/headeritemoverflowmenu.baml&#xD;
ui/resources/builtinicons/devices_add.svg&#xD;
ui/resources/builtinicons/recording_search.svg&#xD;
ui/resources/builtinicons/layers_add.svg&#xD;
ui/controls/actionlists/videoosactionlisthorizontalmedium.baml&#xD;
ui/resources/builtinicons/preset.svg&#xD;
ui/controls/textblocks/videoostextblockemptystate.baml&#xD;
ui/resources/builtinicons/view_layout_2_1_2.svg&#xD;
ui/resources/builtinicons/view_layout_3x2.svg&#xD;
ui/resources/builtinicons/view_layout_3x3.svg&#xD;
client/images/icn16x16_light_stepbackward_default.png&#xD;
ui/resources/builtinicons/set_selection_end_12px.svg&#xD;
ui/resources/builtinicons/microphone_add.svg&#xD;
ui/resources/builtinicons/output_active.svg&#xD;
ui/controls/dropdowns/videoosdropdownbase.baml&#xD;
ui/resources/builtinicons/go_to_start.svg&#xD;
ui/resources/builtinicons/mask_show.svg&#xD;
ui/resources/builtinicons/retrieve_from_storage.svg&#xD;
ui/resources/builtinicons/drag_grippers.svg&#xD;
ui/controls/inlinemessages/videoosinlinemessagesmall.baml&#xD;
ui/resources/builtinicons/map_recenter.svg&#xD;
ui/resources/builtinicons/layers.svg&#xD;
ui/resources/builtinicons/chevron_down_12px.svg&#xD;
ui/resources/builtinicons/time_selection_mode_date_time.svg&#xD;
ui/controls/actionlists/internal/actionselectcontrolholder.baml&#xD;
ui/resources/builtinicons/smartwall_preset.svg&#xD;
ui/controls/buttons/videoosbuttonprimarysmall.baml&#xD;
ui/controls/tables/internal/columntemplates/celltext.baml&#xD;
ui/controls/checkboxes/videooscheckboxmedium.baml&#xD;
ui/resources/builtinicons/evidence_lock_add.svg&#xD;
ui/resources/builtinicons/view_add.svg&#xD;
ui/resources/builtinicons/speaker_add.svg&#xD;
ui/controls/contextmenus/videooscontextmenularge.baml&#xD;
ui/resources/builtinicons/ptz_control.svg&#xD;
ui/controls/tables/internal/columntemplates/celltimestamp.baml&#xD;
ui/resources/builtinicons/start_recording.svg&#xD;
ui/itempicker/itempickerwpfwindow.baml&#xD;
ui/resources/builtinicons/interconnected_hardware.svg&#xD;
ui/resources/builtinicons/alarm_list_view.svg&#xD;
ui/resources/builtinicons/paste.svg&#xD;
ui/controls/textblocks/videoostextblockbodymedium.baml&#xD;
ui/resources/builtinicons/clipboard.svg&#xD;
ui/resources/builtinicons/commands.svg&#xD;
ui/resources/builtinicons/hotspot_view_item.svg&#xD;
ui/resources/builtinicons/plugin_add.svg&#xD;
ui/resources/builtinicons/output.svg&#xD;
ui/controls/icons/videoosicon.baml&#xD;
themes/dark/theme.baml&#xD;
ui/resources/builtinicons/zoom_out.svg&#xD;
ui/resources/builtinicons/help.svg&#xD;
ui/resources/builtinicons/text_color.svg&#xD;
ui/controls/passwordboxes/videoospasswordboxmedium.baml&#xD;
ui/resources/builtinicons/text_size.svg&#xD;
ui/resources/builtinicons/arrow_short_right.svg&#xD;
client/images/icn16x16_light_stepforward_default.png&#xD;
ui/controls/menubuttons/videoosmenubuttonsecondarysmall.baml&#xD;
ui/resources/builtinicons/checkmark.svg&#xD;
ui/resources/builtinicons/drag_handle.svg&#xD;
ui/resources/builtinicons/project_add.svg&#xD;
ui/resources/builtinicons/go_to_video_tutorials.svg&#xD;
ui/resources/builtinicons/network_drive.svg&#xD;
ui/controls/textblocks/videoostextblocklabel.baml&#xD;
ui/resources/builtinicons/view_layout_10x10.svg&#xD;
ui/controls/menubuttons/videoosmenubuttontransparentmedium.baml&#xD;
ui/resources/builtinicons/output_add.svg&#xD;
ui/resources/builtinicons/alarm.svg&#xD;
ui/controls/tables/internal/columntemplates/cellmark.baml&#xD;
ui/controls/dropdowns/videoosdropdownborderlessmedium.baml&#xD;
ui/resources/builtinicons/receipt.svg&#xD;
ui/resources/builtinicons/database_end.svg&#xD;
ui/controls/buttons/videoosbuttonaccentextrasmall.baml&#xD;
ui/resources/builtinicons/user_state_base.svg&#xD;
ui/controls/radiobuttons/videoosradiobuttonsmall.baml&#xD;
ui/resources/builtinicons/pin.svg&#xD;
ui/controls/textblocks/videoostextblockinteractivemedium.baml&#xD;
ui/resources/builtinicons/send_to_window.svg&#xD;
ui/resources/builtinicons/text_size_large.svg&#xD;
ui/controls/tabcontrols/videoostabcontrolprimaryhorizontallarge.baml&#xD;
ui/resources/builtinicons/selection_add.svg&#xD;
ui/controls/sliders/videoossliderbase.baml&#xD;
ui/resources/builtinicons/status_confirmation_check_mark.svg&#xD;
ui/resources/builtinicons/playback_speed.svg&#xD;
ui/controls/videoosbase.baml&#xD;
ui/controls/progress/videoosprogressbar.baml&#xD;
ui/resources/builtinicons/bookmark_timeline.svg&#xD;
ui/controls/textblocks/videoostextblockh1.baml&#xD;
ui/controls/popups/popovercontent.baml&#xD;
client/images/icn16x16_light_nextsequence_default.png&#xD;
ui/resources/builtinicons/arrow_short_left.svg&#xD;
ui/resources/builtinicons/microphone_muted.svg&#xD;
ui/resources/builtinicons/text_italic.svg&#xD;
ui/resources/builtinicons/chevron_double_up.svg&#xD;
ui/resources/builtinicons/hardware_acceleration_tag.svg&#xD;
ui/controls/textblocks/videoostextblockh3.baml&#xD;
ui/resources/builtinicons/smartwall_monitor.svg&#xD;
ui/controls/actionlists/videoosactionlistbase.baml&#xD;
ui/resources/builtinicons/link_add.svg&#xD;
ui/controls/textblocks/videoostextblockh2.baml&#xD;
ui/resources/builtinicons/face_recognition.svg&#xD;
ui/resources/builtinicons/chevron_double_right.svg&#xD;
ui/resources/builtinicons/door_open.svg&#xD;
ui/resources/builtinicons/location.svg&#xD;
ui/resources/builtinicons/refresh.svg&#xD;
ui/resources/builtinicons/keycard.svg&#xD;
ui/resources/builtinicons/time_selection_mode.svg&#xD;
ui/resources/builtinicons/status_information_mark_color.svg&#xD;
ui/resources/builtinicons/view_layout_12x6.svg&#xD;
ui/controls/textblocks/videoostextblocktitle.baml&#xD;
ui/resources/builtinicons/save.svg&#xD;
ui/controls/buttons/videoosbuttonprimarymedium.baml&#xD;
ui/resources/builtinicons/folder_add.svg&#xD;
ui/controls/treeview/videoostreeview.baml&#xD;
ui/resources/builtinicons/key.svg&#xD;
ui/resources/builtinicons/zoom_in_slider.svg&#xD;
ui/resources/builtinicons/selected.svg&#xD;
ui/resources/builtinicons/unit.svg&#xD;
ui/resources/builtinicons/transact_view_item.svg&#xD;
ui/resources/builtinicons/actions.svg&#xD;
ui/controls/menubuttons/videoosmenubuttontextsmall.baml&#xD;
ui/resources/builtinicons/view_layout_7x7.svg&#xD;
ui/resources/builtinicons/independent_playback.svg&#xD;
ui/resources/builtinicons/sources.svg&#xD;
ui/resources/builtinicons/object_cube.svg&#xD;
ui/resources/builtinicons/search_motion.svg&#xD;
ui/resources/builtinicons/selection_hand.svg&#xD;
ui/controls/buttons/videoosbuttonaccentmedium.baml&#xD;
ui/resources/builtinicons/microphone.svg&#xD;
ui/controls/containers/videoosscrollviewer.baml&#xD;
ui/controls/menubuttons/videoosmenubuttontransparentextrasmall.baml&#xD;
client/imageviewerwpfcontrol.baml&#xD;
ui/controls/menubuttons/videoosmenubuttontertiarymedium.baml&#xD;
ui/resources/builtinicons/chevron_down.svg&#xD;
ui/resources/builtinicons/view_layout_1x2.svg&#xD;
ui/resources/builtinicons/view_layout_1x1.svg&#xD;
ui/resources/builtinicons/view_layout_1x3.svg&#xD;
ui/resources/builtinicons/ellipsis.svg&#xD;
ui/controls/calendars/videooscalendar.baml&#xD;
ui/resources/builtinicons/fullscreen_exit.svg&#xD;
ui/resources/builtinicons/location_add.svg&#xD;
ui/resources/builtinicons/next.svg&#xD;
ui/resources/builtinicons/replay.svg&#xD;
ui/resources/builtinicons/recording_server.svg&#xD;
ui/controls/buttons/videoosbuttonsecondarymedium.baml&#xD;
ui/resources/builtinicons/music_note.svg&#xD;
ui/resources/builtinicons/selection_cursor.svg&#xD;
ui/controls/buttons/videoosbuttontertiarymedium.baml&#xD;
ui/resources/builtinicons/text_view_item.svg&#xD;
ui/resources/builtinicons/status_warning_exclamation_mark.svg&#xD;
ui/resources/builtinicons/text_align_center.svg&#xD;
ui/resources/builtinicons/link.svg&#xD;
ui/resources/builtinicons/search_sequence.svg&#xD;
ui/controls/buttons/videoosbuttontertiarylarge.baml&#xD;
ui/resources/builtinicons/set_selection_start_12px.svg&#xD;
ui/resources/builtinicons/copy.svg&#xD;
ui/controls/tables/internal/columntemplates/cellactions.baml&#xD;
themes/staticresources.baml&#xD;
ui/resources/builtinicons/search_clear_field_12px.svg&#xD;
ui/resources/builtinicons/arrow_short_up.svg&#xD;
ui/resources/builtinicons/filter_selection.svg&#xD;
ui/resources/builtinicons/adaptive_view.svg&#xD;
themes/generic.baml&#xD;
ui/resources/builtinicons/database.svg&#xD;
ui/controls/styles/videoosstylescrollbar.baml&#xD;
ui/resources/builtinicons/camera_ptz.svg&#xD;
ui/resources/builtinicons/language.svg&#xD;
ui/resources/builtinicons/playback_controller.svg&#xD;
ui/resources/builtinicons/access_control_system.svg&#xD;
ui/controls/inlinemessages/videoosinlinemessagemedium.baml&#xD;
ui/resources/builtinicons/comment_edit.svg&#xD;
ui/resources/builtinicons/home.svg&#xD;
ui/resources/builtinicons/event.svg&#xD;
ui/controls/actionlists/videoosactionlisthorizontalsmall.baml&#xD;
ui/resources/builtinicons/chevron_left_12px.svg&#xD;
ui/resources/builtinicons/suppress.svg&#xD;
ui/resources/builtinicons/screen.svg&#xD;
ui/resources/builtinicons/pause.svg&#xD;
ui/controls/checkboxes/videooscheckboxsmall.baml&#xD;
ui/controls/menubuttons/videoosmenubuttontransparentlarge.baml&#xD;
ui/resources/builtinicons/database_add.svg&#xD;
ui/resources/builtinicons/speaker_muted.svg&#xD;
ui/resources/builtinicons/alarm_tooltip_map.svg&#xD;
ui/resources/builtinicons/status_confirmation_check_mark_color.svg&#xD;
ui/controls/buttons/videoosbuttontertiarysmall.baml&#xD;
ui/controls/menubuttons/videoosmenubuttonaccentmedium.baml&#xD;
ui/resources/builtinicons/view_in_bookmarks_tab.svg&#xD;
ui/resources/builtinicons/camera_marquee.svg&#xD;
ui/resources/builtinicons/camera.svg&#xD;
ui/resources/builtinicons/status_triangle_warning.svg&#xD;
ui/resources/builtinicons/star.svg&#xD;
ui/resources/builtinicons/questionmark.svg&#xD;
ui/controls/tabcontrols/internal/primary/headercontrol.baml&#xD;
ui/controls/textboxes/videoostextboxlarge.baml&#xD;
ui/resources/builtinicons/text_size_small.svg&#xD;
ui/resources/builtinicons/matrix_view_item.svg&#xD;
ui/controls/actionlists/videoosactionlisthorizontalextrasmall.baml&#xD;
ui/resources/builtinicons/building.svg&#xD;
ui/resources/builtinicons/arrow_short_down.svg&#xD;
ui/controls/messageboxes/contenttemplates.baml&#xD;
ui/controls/badges/videoosbadgeextrasmall.baml&#xD;
ui/resources/builtinicons/view_layout_transact2.svg&#xD;
ui/controls/textboxes/videoostextboxmedium.baml&#xD;
ui/resources/builtinicons/status_warning_exclamation_mark_color.svg&#xD;
ui/resources/builtinicons/alarm_related_tooltip_map.svg&#xD;
ui/resources/builtinicons/map_settings.svg&#xD;
ui/controls/textblocks/videoostextblockbase.baml&#xD;
ui/resources/builtinicons/drag_out.svg&#xD;
ui/controls/passwordboxes/videoospasswordboxsmall.baml&#xD;
ui/resources/builtinicons/go_to_selection_end_from_left_12px.svg&#xD;
ui/resources/builtinicons/device.svg&#xD;
ui/controls/buttons/videoosbuttontextmedium.baml&#xD;
ui/resources/builtinicons/video_lock.svg&#xD;
ui/resources/builtinicons/bookmark_delete.svg&#xD;
ui/resources/builtinicons/chevron_double_down_base.svg&#xD;
ui/resources/builtinicons/mask_hide.svg&#xD;
ui/resources/builtinicons/status_information_mark.svg&#xD;
ui/resources/builtinicons/carousel_view_item.svg&#xD;
ui/controls/containers/videoospanel.baml&#xD;
ui/controls/buttons/videoosbuttonaccentsmall.baml&#xD;
client/images/icn16x16_light_firstsequence_default.png&#xD;
ui/resources/builtinicons/sequence_next.svg&#xD;
ui/resources/builtinicons/speaker_active.svg&#xD;
ui/resources/builtinicons/project.svg&#xD;
ui/resources/builtinicons/view_layout_2_8.svg&#xD;
ui/controls/dropdowns/videoosdropdownsmall.baml&#xD;
ui/resources/builtinicons/view_layout_2_4.svg&#xD;
ui/controls/actionlists/internal/actionspresenter.baml&#xD;
ui/resources/builtinicons/view_layout_5x5.svg&#xD;
client/playbackwpfusercontrolmini.baml&#xD;
ui/resources/builtinicons/zoom_in.svg&#xD;
ui/controls/menubuttons/videoosmenubuttontertiarysmall.baml&#xD;
ui/resources/builtinicons/text_size_medium.svg&#xD;
ui/controls/dialogs/dialogactiontemplates.baml&#xD;
ui/controls/menubuttons/videoosmenubuttonprimarylarge.baml&#xD;
ui/resources/builtinicons/previous.svg&#xD;
ui/resources/builtinicons/map_view_item.svg&#xD;
ui/controls/progress/videoosprogressspinner.baml&#xD;
ui/resources/builtinicons/chevron_left.svg&#xD;
ui/resources/builtinicons/edit.svg&#xD;
ui/resources/builtinicons/zone.svg&#xD;
ui/resources/builtinicons/image_snapshot.svg&#xD;
ui/resources/builtinicons/caps_lock.svg&#xD;
ui/controls/menubuttons/videoosmenubuttonprimarymedium.baml&#xD;
ui/resources/builtinicons/sync_to_playback.svg&#xD;
ui/controls/contextmenus/videooscontextmenubase.baml&#xD;
ui/resources/builtinicons/sequence_previous.svg&#xD;
ui/resources/builtinicons/rename.svg&#xD;
ui/resources/builtinicons/view_layout_4x4.svg&#xD;
ui/resources/builtinicons/view_layout_4x1.svg&#xD;
ui/resources/builtinicons/view_layout_4x6.svg&#xD;
ui/resources/builtinicons/view_layout_4x3.svg&#xD;
ui/resources/builtinicons/controller_device.svg&#xD;
client/propertiesusercontrolwpfwrapper.baml&#xD;
ui/resources/builtinicons/text_underline.svg&#xD;
ui/resources/builtinicons/server_add.svg&#xD;
ui/resources/builtinicons/delete.svg&#xD;
ui/controls/togglebuttons/videoostogglebuttoniconmedium.baml&#xD;
ui/controls/tables/internal/columntemplates/headermark.baml&#xD;
ui/controls/buttons/videoosbuttontransparentextrasmall.baml&#xD;
ui/resources/builtinicons/camera_wall_mounted.svg&#xD;
ui/controls/buttons/videoosbuttonhyperlinkmedium.baml&#xD;
ui/resources/builtinicons/ellipsis_large.svg&#xD;
ui/resources/builtinicons/mobile_previous_frame.svg&#xD;
ui/resources/builtinicons/go_to_selection_end_from_right_12px.svg&#xD;
ui/controls/togglebuttons/videoostogglebuttoniconextrasmall.baml&#xD;
ui/controls/menubuttons/videoosmenubuttonsecondarymedium.baml&#xD;
client/images/icn16x16_light_playpausebackward_default.png&#xD;
ui/resources/builtinicons/sequence_first.svg&#xD;
ui/controls/actionlists/internal/actionactivatecontrolholder.baml&#xD;
ui/controls/tables/internal/columntemplates/celltemplate.baml&#xD;
client/images/icn16x16_light_previoussequence_default.png&#xD;
ui/resources/builtinicons/play_backward.svg&#xD;
ui/resources/builtinicons/microphone_unmuted.svg&#xD;
ui/controls/buttons/videoosbuttonaccentlarge.baml&#xD;
ui/controls/buttons/videoosbuttonsecondarylarge.baml&#xD;
ui/resources/builtinicons/input_add.svg&#xD;
ui/resources/builtinicons/close.svg&#xD;
ui/controls/passwordboxes/videoospasswordboxlarge.baml&#xD;
ui/controls/radiobuttons/videoosradiobuttonmedium.baml&#xD;
ui/resources/builtinicons/workspace.svg&#xD;
ui/resources/builtinicons/selection_bookmark_start.svg&#xD;
client/images/icn16x16_light_pause_default.png&#xD;
ui/resources/builtinicons/view_layout_8x8.svg&#xD;
ui/resources/builtinicons/view_layout_1_1_2.svg&#xD;
ui/resources/builtinicons/matchlist_remove.svg&#xD;
ui/resources/builtinicons/view_layout_1_1_4.svg&#xD;
ui/resources/builtinicons/view_layout_1_1_6.svg&#xD;
ui/controls/menubuttons/videoosmenubuttonaccentextrasmall.baml&#xD;
ui/resources/builtinicons/view.svg&#xD;
ui/resources/builtinicons/door_closed.svg&#xD;
ui/controls/tables/videoostable.baml&#xD;
ui/resources/builtinicons/fullscreen_enter.svg&#xD;
ui/resources/builtinicons/text_align_right.svg&#xD;
ui/controls/textboxes/videoostextboxbase.baml&#xD;
ui/resources/builtinicons/music_note_muted.svg&#xD;
ui/resources/builtinicons/keypad.svg&#xD;
ui/controls/buttons/videoosbuttontextsmall.baml&#xD;
ui/resources/builtinicons/view_layout_1_7.svg&#xD;
ui/resources/builtinicons/view_layout_1_8.svg&#xD;
ui/resources/builtinicons/view_layout_1_5.svg&#xD;
ui/resources/builtinicons/text_size_larger.svg&#xD;
ui/resources/builtinicons/view_layout_1_3.svg&#xD;
ui/resources/builtinicons/view_layout_1_1.svg&#xD;
ui/resources/builtinicons/view_layout_1_2.svg&#xD;
ui/resources/builtinicons/level_up.svg&#xD;
ui/resources/builtinicons/search_location.svg&#xD;
ui/resources/builtinicons/system_overview.svg&#xD;
ui/controls/styles/videoosstylefocusvisualstyle.baml&#xD;
ui/resources/builtinicons/status_disconnected.svg&#xD;
ui/controls/dialogs/videoosdialog.baml&#xD;
client/images/icn16x16_light_play_default.png&#xD;
ui/resources/builtinicons/notification.svg&#xD;
ui/resources/builtinicons/server.svg&#xD;
ui/resources/builtinicons/input_device.svg&#xD;
ui/resources/builtinicons/status_error_exclamation_mark.svg&#xD;
ui/controls/dropdowns/videoosdropdownlarge.baml&#xD;
ui/controls/togglebuttons/videoostogglebuttonswitchmedium.baml&#xD;
ui/resources/builtinicons/view_layout_2x4_p.svg&#xD;
ui/resources/builtinicons/view_layout.svg&#xD;
ui/resources/builtinicons/selection_remove.svg&#xD;
ui/controls/contextmenus/videooscontextmenusmall.baml&#xD;
ui/resources/builtinicons/open_in_search.svg&#xD;
ui/resources/builtinicons/theme.svg&#xD;
ui/resources/builtinicons/frame_next.svg&#xD;
ui/controls/buttons/videoosbuttontransparentsmall.baml&#xD;
ui/resources/builtinicons/note.svg&#xD;
ui/resources/builtinicons/status_round_disc.svg&#xD;
ui/resources/builtinicons/folder.svg&#xD;
ui/controls/togglebuttons/videoostogglebuttonswitchsmall.baml&#xD;
ui/resources/builtinicons/state_indicator.svg&#xD;
ui/resources/builtinicons/state_indicator_top_right.svg&#xD;
ui/controls/inputcontrols/videoosinputcontrolmedium.baml&#xD;
ui/controls/tables/internal/columntemplates/cellicon.baml&#xD;
ui/resources/builtinicons/folder_private.svg&#xD;
ui/resources/builtinicons/share.svg&#xD;
ui/resources/builtinicons/server_jobs.svg&#xD;
ui/resources/builtinicons/sequence_last.svg&#xD;
ui/resources/builtinicons/bookmark_edit.svg&#xD;
ui/controls/actionlists/internal/actionseparatorcontrolholder.baml&#xD;
ui/resources/builtinicons/server_site.svg&#xD;
ui/resources/builtinicons/selection_bookmark_end.svg&#xD;
ui/resources/builtinicons/arrow_left.svg&#xD;
ui/resources/builtinicons/calendar.svg&#xD;
ui/resources/builtinicons/camera_add.svg&#xD;
ui/resources/builtinicons/clock.svg&#xD;
ui/resources/builtinicons/alarm_list_view_item.svg&#xD;
ui/resources/builtinicons/chevron_right_12px.svg&#xD;
ui/resources/builtinicons/smartwall_view_item.svg&#xD;
ui/controls/messagebars/videoosmessagebarlarge.baml&#xD;
client/playbackwpfusercontrol.baml&#xD;
ui/resources/builtinicons/unpin.svg&#xD;
ui/resources/builtinicons/time_date_select.svg&#xD;
ui/resources/builtinicons/chevron_double_down.svg&#xD;
ui/resources/builtinicons/lpr_view_item.svg&#xD;
ui/resources/builtinicons/text_size_smaller.svg&#xD;
ui/controls/sliders/videoossliderhorizontal.baml&#xD;
ui/resources/builtinicons/go_to_end.svg&#xD;
ui/controls/menubuttons/videoosmenubuttonsecondarylarge.baml&#xD;
ui/resources/builtinicons/alarm_definition.svg&#xD;
ui/resources/builtinicons/search_clear_field.svg&#xD;
ui/resources/builtinicons/image_copy.svg&#xD;
ui/controls/dropdowns/videoosdropdownmedium.baml&#xD;
ui/resources/builtinicons/print.svg&#xD;
ui/resources/builtinicons/create_floating_window.svg&#xD;
ui/resources/builtinicons/pdf_create.svg&#xD;
ui/resources/builtinicons/view_layout_2x3.svg&#xD;
ui/controls/checkboxes/videooscheckboxlarge.baml&#xD;
ui/resources/builtinicons/view_layout_2x2.svg&#xD;
ui/resources/builtinicons/zones.svg&#xD;
ui/controls/inlinemessages/videoosinlinemessagebase.baml&#xD;
ui/resources/builtinicons/logout.svg&#xD;
ui/resources/builtinicons/role.svg&#xD;
ui/resources/builtinicons/metadata.svg&#xD;
ui/resources/builtinicons/color_fill.svg&#xD;
ui/resources/builtinicons/status_error_exclamation_mark_color.svg&#xD;
ui/resources/builtinicons/selection_bookmark_end_12px.svg&#xD;
ui/controls/textblocks/videoostextblockbodysmall.baml&#xD;
client/images/icn16x16_light_playpause_default.png&#xD;
ui/controls/menubuttons/videoosmenubuttontertiarylarge.baml&#xD;
ui/resources/builtinicons/search_people.svg&#xD;
ui/resources/builtinicons/chevron_up_12px.svg&#xD;
ui/resources/builtinicons/text_align_left.svg&#xD;
ui/controls/menubuttons/videoosmenubuttonaccentsmall.baml&#xD;
ui/resources/builtinicons/lock_overlay.svg&#xD;
client/dummyimageviewerwpfcontrolinternal.baml&#xD;
ui/resources/builtinicons/save_as.svg&#xD;
ui/resources/builtinicons/building_add.svg&#xD;
ui/resources/builtinicons/minus.svg&#xD;
ui/resources/builtinicons/user.svg&#xD;
ui/controls/messagebars/videoosmessagebarmedium.baml&#xD;
themes/light/theme.baml&#xD;
ui/resources/builtinicons/globe.svg&#xD;
ui/resources/builtinicons/alarm_disabled.svg&#xD;
ui/resources/builtinicons/export.svg&#xD;
ui/resources/builtinicons/camera_multiple.svg&#xD;
ui/resources/builtinicons/view_layout_1_1x.svg&#xD;
ui/resources/builtinicons/folder_read_only.svg&#xD;
ui/resources/builtinicons/view_layout_1_2x.svg&#xD;
ui/resources/builtinicons/minimize.svg&#xD;
ui/controls/styles/videoosstyletooltip.baml&#xD;
ui/resources/builtinicons/view_layout_1_2p.svg&#xD;
ui/controls/messagebars/videoosmessagebarsmall.baml&#xD;
ui/resources/builtinicons/search_vehicle.svg</StdOut>
      </Output>
    </UnitTestResult>
    <UnitTestResult executionId="c50f77d2-948e-40e3-8544-0d1596ce70f7" testId="cc181f70-75e6-81da-b99e-3e2374e3ba03" testName="WriteXml_ShouldWriteLeftAttribute_WhenAlays" computerName="DKSR-EFI-06" duration="00:00:00.0008723" startTime="2024-01-09T15:45:03.3887523+01:00" endTime="2024-01-09T15:45:03.3887523+01:00" testType="13cdc9d9-ddb5-4fa4-a97d-d965ccfc6d4b" outcome="Passed" testListId="8c84fa94-04c1-424b-9868-57a2d4851a1d" relativeResultsDirectory="c50f77d2-948e-40e3-8544-0d1596ce70f7" />
    <UnitTestResult executionId="f2364b8b-14f9-4682-a0b6-381948a65c4f" testId="0cd51abe-1287-52a5-9d2e-d556a1306fcb" testName="Set_Int_Invalid" computerName="DKSR-EFI-06" duration="00:00:00.0006029" startTime="2024-01-09T15:45:01.7949930+01:00" endTime="2024-01-09T15:45:01.7949930+01:00" testType="13cdc9d9-ddb5-4fa4-a97d-d965ccfc6d4b" outcome="Passed" testListId="8c84fa94-04c1-424b-9868-57a2d4851a1d" relativeResultsDirectory="f2364b8b-14f9-4682-a0b6-381948a65c4f" />
    <UnitTestResult executionId="57922dd0-86ab-442d-b4fe-f914186b4f11" testId="87624c9b-97b8-ed79-9d92-4a653ba64699" testName="Add_CacheItemExpires_ItemRemovedFromCacheAfterExpirationAndPostRemovalActionExecuted" computerName="DKSR-EFI-06" duration="00:00:00.5031220" startTime="2024-01-09T15:44:44.1074572+01:00" endTime="2024-01-09T15:44:44.6230851+01:00" testType="13cdc9d9-ddb5-4fa4-a97d-d965ccfc6d4b" outcome="Passed" testListId="8c84fa94-04c1-424b-9868-57a2d4851a1d" relativeResultsDirectory="57922dd0-86ab-442d-b4fe-f914186b4f11" />
    <UnitTestResult executionId="ff986e09-0200-4789-b746-4bf6e43e99f6" testId="6abc30a4-9771-c1aa-9f1c-ff3c0e9f8896" testName="Convert_MultiArgumentConverter_ShouldThrowArgumentException_WhenArgumentTypeMismatch" computerName="DKSR-EFI-06" duration="00:00:00.0007999" startTime="2024-01-09T15:44:56.6074899+01:00" endTime="2024-01-09T15:44:56.6074899+01:00" testType="13cdc9d9-ddb5-4fa4-a97d-d965ccfc6d4b" outcome="Passed" testListId="8c84fa94-04c1-424b-9868-57a2d4851a1d" relativeResultsDirectory="ff986e09-0200-4789-b746-4bf6e43e99f6" />
    <UnitTestResult executionId="d9b0f9db-50cd-4348-856a-d3f757daa2d8" testId="7686eb08-d24a-c580-7754-5f201e5cc693" testName="GenerateTypeDefinintionParameters_ShouldWriteDisplayId_WhenAlways" computerName="DKSR-EFI-06" duration="00:00:00.0004444" startTime="2024-01-09T15:45:05.8106267+01:00" endTime="2024-01-09T15:45:05.8106267+01:00" testType="13cdc9d9-ddb5-4fa4-a97d-d965ccfc6d4b" outcome="Passed" testListId="8c84fa94-04c1-424b-9868-57a2d4851a1d" relativeResultsDirectory="d9b0f9db-50cd-4348-856a-d3f757daa2d8" />
    <UnitTestResult executionId="f7b98afc-d914-4332-a8e4-1c1243bb6dd2" testId="9fe19c9a-7103-2abd-228a-09e45881c4bc" testName="GetMetadataObjectsAsync_ClearCachedData_DelegatedToInternalMethodTwice" computerName="DKSR-EFI-06" duration="00:00:00.0010581" startTime="2024-01-09T15:45:00.7793811+01:00" endTime="2024-01-09T15:45:00.7793811+01:00" testType="13cdc9d9-ddb5-4fa4-a97d-d965ccfc6d4b" outcome="Passed" testListId="8c84fa94-04c1-424b-9868-57a2d4851a1d" relativeResultsDirectory="f7b98afc-d914-4332-a8e4-1c1243bb6dd2" />
    <UnitTestResult executionId="a86af8fb-4352-488b-9082-6c31ace0e4bb" testId="fbbc45ef-78b8-acb6-dc04-1e7a7f11e95a" testName="GetRelated_Success" computerName="DKSR-EFI-06" duration="00:00:00.0162782" startTime="2024-01-09T15:44:30.7949337+01:00" endTime="2024-01-09T15:44:30.8105621+01:00" testType="13cdc9d9-ddb5-4fa4-a97d-d965ccfc6d4b" outcome="Passed" testListId="8c84fa94-04c1-424b-9868-57a2d4851a1d" relativeResultsDirectory="a86af8fb-4352-488b-9082-6c31ace0e4bb" />
    <UnitTestResult executionId="77355d52-2475-426a-9c1d-8f74a6680bc8" testId="d7001884-5531-566e-871c-306c552a41f9" testName="GetNearest_ShouldReturnDataFromCacheWithoutCallingToolkit_WhenDataIsPresentInCache" computerName="DKSR-EFI-06" duration="00:00:00.0035309" startTime="2024-01-09T15:45:05.7012533+01:00" endTime="2024-01-09T15:45:05.7012533+01:00" testType="13cdc9d9-ddb5-4fa4-a97d-d965ccfc6d4b" outcome="Passed" testListId="8c84fa94-04c1-424b-9868-57a2d4851a1d" relativeResultsDirectory="77355d52-2475-426a-9c1d-8f74a6680bc8" />
    <UnitTestResult executionId="ee61e388-da26-4e74-aeb1-dabf389a0766" testId="bbf27319-0f4b-5f15-78c4-45a2e840ee02" testName="WriteXml_ShouldWriteNavigationalData_WhenNavigationalDataIsNotNull" computerName="DKSR-EFI-06" duration="00:00:00.0003762" startTime="2024-01-09T15:45:02.9824980+01:00" endTime="2024-01-09T15:45:02.9824980+01:00" testType="13cdc9d9-ddb5-4fa4-a97d-d965ccfc6d4b" outcome="Passed" testListId="8c84fa94-04c1-424b-9868-57a2d4851a1d" relativeResultsDirectory="ee61e388-da26-4e74-aeb1-dabf389a0766" />
    <UnitTestResult executionId="0357c65b-0005-48f3-9c59-3fcc0044aebc" testId="a85a1362-1754-70cf-33fa-4ae7e0463bc7" testName="ReadXml_ShouldIgnoreClassCandidate_WhenClassCandidateIsPresenWithWrongNamespace" computerName="DKSR-EFI-06" duration="00:00:00.0003262" startTime="2024-01-09T15:45:03.1387459+01:00" endTime="2024-01-09T15:45:03.1387459+01:00" testType="13cdc9d9-ddb5-4fa4-a97d-d965ccfc6d4b" outcome="Passed" testListId="8c84fa94-04c1-424b-9868-57a2d4851a1d" relativeResultsDirectory="0357c65b-0005-48f3-9c59-3fcc0044aebc" />
    <UnitTestResult executionId="89753035-e123-4dc0-859e-cfc1de8fdd1d" testId="d1645eb5-871e-4ef4-8f57-61d470c8d63a" testName="Serialize_ShouldHandleCollectionFilter_WhenMatchingCollectionItemsTypeAndItMatchesAll" computerName="DKSR-EFI-06" duration="00:00:00.0012075" startTime="2024-01-09T15:44:59.6856273+01:00" endTime="2024-01-09T15:44:59.6856273+01:00" testType="13cdc9d9-ddb5-4fa4-a97d-d965ccfc6d4b" outcome="Passed" testListId="8c84fa94-04c1-424b-9868-57a2d4851a1d" relativeResultsDirectory="89753035-e123-4dc0-859e-cfc1de8fdd1d" />
    <UnitTestResult executionId="7e1a1ab7-1375-4032-ad33-9492018b0672" testId="e0e73f94-8b60-e9f7-5ce6-3100aae7c303" testName="ReadXml_ShouldReadVerticalAccuracy_WhenVerticalAccuracyIsPresent" computerName="DKSR-EFI-06" duration="00:00:00.0002883" startTime="2024-01-09T15:45:03.0762459+01:00" endTime="2024-01-09T15:45:03.0762459+01:00" testType="13cdc9d9-ddb5-4fa4-a97d-d965ccfc6d4b" outcome="Passed" testListId="8c84fa94-04c1-424b-9868-57a2d4851a1d" relativeResultsDirectory="7e1a1ab7-1375-4032-ad33-9492018b0672" />
    <UnitTestResult executionId="362f8aef-db62-4aea-8892-53dcf7a47a3a" testId="107e0daf-d21c-596c-9a4b-7e99c0ba5816" testName="Equals_Ignore_Fail_OnKind" computerName="DKSR-EFI-06" duration="00:00:00.0005832" startTime="2024-01-09T15:44:29.8105628+01:00" endTime="2024-01-09T15:44:29.8105628+01:00" testType="13cdc9d9-ddb5-4fa4-a97d-d965ccfc6d4b" outcome="Passed" testListId="8c84fa94-04c1-424b-9868-57a2d4851a1d" relativeResultsDirectory="362f8aef-db62-4aea-8892-53dcf7a47a3a" />
    <UnitTestResult executionId="45b867aa-8370-4ed8-b6c9-a930c00faddb" testId="712e2140-9dcc-9696-ddc4-73aad2a14137" testName="CountByItems_Activated_Grace_Unordered" computerName="DKSR-EFI-06" duration="00:00:00.0017592" startTime="2024-01-09T15:45:05.0606242+01:00" endTime="2024-01-09T15:45:05.0606242+01:00" testType="13cdc9d9-ddb5-4fa4-a97d-d965ccfc6d4b" outcome="Passed" testListId="8c84fa94-04c1-424b-9868-57a2d4851a1d" relativeResultsDirectory="45b867aa-8370-4ed8-b6c9-a930c00faddb" />
    <UnitTestResult executionId="4ed1b0fe-0486-48b3-8e09-3a8de79d8543" testId="61995c8a-35dd-f2df-f559-b60cb8f54a82" testName="Append_Element_String" computerName="DKSR-EFI-06" duration="00:00:00.0001600" startTime="2024-01-09T15:45:01.6074910+01:00" endTime="2024-01-09T15:45:01.6074910+01:00" testType="13cdc9d9-ddb5-4fa4-a97d-d965ccfc6d4b" outcome="Passed" testListId="8c84fa94-04c1-424b-9868-57a2d4851a1d" relativeResultsDirectory="4ed1b0fe-0486-48b3-8e09-3a8de79d8543" />
    <UnitTestResult executionId="e5e44286-424a-4340-8ebf-b1b5759ca848" testId="b2538acc-438d-df18-2761-19b1ee3522d9" testName="GenerateParameters_ShouldWriteGopRange_WhenGopRangeIsNotNull" computerName="DKSR-EFI-06" duration="00:00:00.0005867" startTime="2024-01-09T15:45:05.1856258+01:00" endTime="2024-01-09T15:45:05.1856258+01:00" testType="13cdc9d9-ddb5-4fa4-a97d-d965ccfc6d4b" outcome="Passed" testListId="8c84fa94-04c1-424b-9868-57a2d4851a1d" relativeResultsDirectory="e5e44286-424a-4340-8ebf-b1b5759ca848" />
    <UnitTestResult executionId="291ec2ab-a0de-4a0d-9231-bdd7c58d2b63" testId="8bd9e66b-afe5-6a6c-4e29-a0b4f0e39174" testName="ReadXml_ShouldReadBoundingBoxContents_WhenBoundingBoxIsPresent" computerName="DKSR-EFI-06" duration="00:00:00.0012861" startTime="2024-01-09T15:45:03.4356222+01:00" endTime="2024-01-09T15:45:03.4356222+01:00" testType="13cdc9d9-ddb5-4fa4-a97d-d965ccfc6d4b" outcome="Passed" testListId="8c84fa94-04c1-424b-9868-57a2d4851a1d" relativeResultsDirectory="291ec2ab-a0de-4a0d-9231-bdd7c58d2b63" />
    <UnitTestResult executionId="0c08c643-c2d6-4bde-af0f-b87406f24595" testId="3c6ec36d-3aca-cc8c-f540-f0674fae16f9" testName="ReadXml_ShouldSetAllFieldsToNull_ThatAreNotPresentInXml" computerName="DKSR-EFI-06" duration="00:00:00.0023301" startTime="2024-01-09T15:45:02.9668697+01:00" endTime="2024-01-09T15:45:02.9668697+01:00" testType="13cdc9d9-ddb5-4fa4-a97d-d965ccfc6d4b" outcome="Passed" testListId="8c84fa94-04c1-424b-9868-57a2d4851a1d" relativeResultsDirectory="0c08c643-c2d6-4bde-af0f-b87406f24595" />
    <UnitTestResult executionId="470fd1ff-0203-4a4b-ae7f-ce399b7b6ccb" testId="dccf2726-dfd0-7d43-4aa6-126f8354b46b" testName="ReadXml_ShouldLogWarning_WhenLikelihoodIsNotANumber" computerName="DKSR-EFI-06" duration="00:00:00.0015121" startTime="2024-01-09T15:45:02.4981188+01:00" endTime="2024-01-09T15:45:02.4981188+01:00" testType="13cdc9d9-ddb5-4fa4-a97d-d965ccfc6d4b" outcome="Passed" testListId="8c84fa94-04c1-424b-9868-57a2d4851a1d" relativeResultsDirectory="470fd1ff-0203-4a4b-ae7f-ce399b7b6ccb" />
    <UnitTestResult executionId="c7f2fd5f-baae-4c7a-a395-f02fe8ee7c9e" testId="ecc8a678-a940-3ae6-944a-34c722824547" testName="GetChildItems_ShouldReturnNull_WhenAllNotAllAdded" computerName="DKSR-EFI-06" duration="00:00:00.0016909" startTime="2024-01-09T15:44:33.7480588+01:00" endTime="2024-01-09T15:44:33.7480588+01:00" testType="13cdc9d9-ddb5-4fa4-a97d-d965ccfc6d4b" outcome="Passed" testListId="8c84fa94-04c1-424b-9868-57a2d4851a1d" relativeResultsDirectory="c7f2fd5f-baae-4c7a-a395-f02fe8ee7c9e" />
    <UnitTestResult executionId="b5dfefc4-ef87-45e3-8a65-212f36b1a677" testId="c2f6ebcb-6563-8bdd-b77e-91b902f7eb14" testName="PatchItem_Camera_Success" computerName="DKSR-EFI-06" duration="00:00:00.1266630" startTime="2024-01-09T15:45:01.9824922+01:00" endTime="2024-01-09T15:45:02.1231195+01:00" testType="13cdc9d9-ddb5-4fa4-a97d-d965ccfc6d4b" outcome="Passed" testListId="8c84fa94-04c1-424b-9868-57a2d4851a1d" relativeResultsDirectory="b5dfefc4-ef87-45e3-8a65-212f36b1a677" />
    <UnitTestResult executionId="06fdf2ac-5b19-4f2d-9010-346bb203af3a" testId="d716207e-88e3-d258-c9c3-93a6eb313656" testName="GetAtOrBefore_ShouldReturnNull_WhenCacheIsEmpty" computerName="DKSR-EFI-06" duration="00:00:00.0006083" startTime="2024-01-09T15:45:05.4043752+01:00" endTime="2024-01-09T15:45:05.4043752+01:00" testType="13cdc9d9-ddb5-4fa4-a97d-d965ccfc6d4b" outcome="Passed" testListId="8c84fa94-04c1-424b-9868-57a2d4851a1d" relativeResultsDirectory="06fdf2ac-5b19-4f2d-9010-346bb203af3a" />
    <UnitTestResult executionId="b7ce94f9-f95a-4728-9885-1e91bc2e5034" testId="256352cb-a01d-67ee-0151-ab9132f46725" testName="ConstructorInt_ShouldReturnCorrectArgbValues_Always" computerName="DKSR-EFI-06" duration="00:00:00.0003745" startTime="2024-01-09T15:45:02.5449950+01:00" endTime="2024-01-09T15:45:02.5449950+01:00" testType="13cdc9d9-ddb5-4fa4-a97d-d965ccfc6d4b" outcome="Passed" testListId="8c84fa94-04c1-424b-9868-57a2d4851a1d" relativeResultsDirectory="b7ce94f9-f95a-4728-9885-1e91bc2e5034" />
    <UnitTestResult executionId="fae2037b-b696-4075-9515-a447e3fa64f0" testId="44436d34-8c47-a19f-150a-24d114c511ac" testName="RegistrationsObjectId_ShouldBeTheSameAsReleasedBeforeNonFips" computerName="DKSR-EFI-06" duration="00:00:00.0002890" startTime="2024-01-09T15:45:04.8887495+01:00" endTime="2024-01-09T15:45:04.8887495+01:00" testType="13cdc9d9-ddb5-4fa4-a97d-d965ccfc6d4b" outcome="Passed" testListId="8c84fa94-04c1-424b-9868-57a2d4851a1d" relativeResultsDirectory="fae2037b-b696-4075-9515-a447e3fa64f0" />
    <UnitTestResult executionId="65e03d00-bd38-4460-8fbd-c79ba7417723" testId="3a86bace-7c8b-cb31-de17-695019225dec" testName="ProvideValue_ShouldUpdateTargetProperty_WhenDataContextINPCValueChanges" computerName="DKSR-EFI-06" duration="00:00:00.0056383" startTime="2024-01-09T15:44:57.8887461+01:00" endTime="2024-01-09T15:44:57.9043712+01:00" testType="13cdc9d9-ddb5-4fa4-a97d-d965ccfc6d4b" outcome="Passed" testListId="8c84fa94-04c1-424b-9868-57a2d4851a1d" relativeResultsDirectory="65e03d00-bd38-4460-8fbd-c79ba7417723" />
    <UnitTestResult executionId="4bf8c507-042f-4ff2-859b-2c5c4db1a0d5" testId="a7dc6179-c1b7-aef9-5686-edbcfe9b120d" testName="Equals_IgnoreFolderType_Fail_OnParentId" computerName="DKSR-EFI-06" duration="00:00:00.0005210" startTime="2024-01-09T15:44:29.7793130+01:00" endTime="2024-01-09T15:44:29.7793130+01:00" testType="13cdc9d9-ddb5-4fa4-a97d-d965ccfc6d4b" outcome="Passed" testListId="8c84fa94-04c1-424b-9868-57a2d4851a1d" relativeResultsDirectory="4bf8c507-042f-4ff2-859b-2c5c4db1a0d5" />
    <UnitTestResult executionId="6b1433f7-83d6-48e5-b0cd-fdcd14d92364" testId="146594a1-db48-d7ad-577b-cf76cd9c279b" testName="CreateSearchResultUserControl_SinglePluginMultipleSearchResultTypes_Success" computerName="DKSR-EFI-06" duration="00:00:00.0095936" startTime="2024-01-09T15:45:01.2324922+01:00" endTime="2024-01-09T15:45:01.2481170+01:00" testType="13cdc9d9-ddb5-4fa4-a97d-d965ccfc6d4b" outcome="Passed" testListId="8c84fa94-04c1-424b-9868-57a2d4851a1d" relativeResultsDirectory="6b1433f7-83d6-48e5-b0cd-fdcd14d92364" />
    <UnitTestResult executionId="c56c2326-f9d5-455d-9577-c7878e86b1d8" testId="46ae3a22-8d3d-7e4f-8a5b-87f63b36d2e9" testName="GetPropertiesAsync_MultipleInvocations_DelegatedToInternalMethodOnlyOnce" computerName="DKSR-EFI-06" duration="00:00:00.0010528" startTime="2024-01-09T15:45:00.7012570+01:00" endTime="2024-01-09T15:45:00.7012570+01:00" testType="13cdc9d9-ddb5-4fa4-a97d-d965ccfc6d4b" outcome="Passed" testListId="8c84fa94-04c1-424b-9868-57a2d4851a1d" relativeResultsDirectory="c56c2326-f9d5-455d-9577-c7878e86b1d8" />
    <UnitTestResult executionId="25be1a99-166b-4c75-a4a1-03d58487f550" testId="5299c3b1-b147-2926-54b8-048e2c168fc2" testName="Replace_ShouldInvokeCallback_WhenObservable" computerName="DKSR-EFI-06" duration="00:00:00.0028156" startTime="2024-01-09T15:44:56.7793806+01:00" endTime="2024-01-09T15:44:56.7793806+01:00" testType="13cdc9d9-ddb5-4fa4-a97d-d965ccfc6d4b" outcome="Passed" testListId="8c84fa94-04c1-424b-9868-57a2d4851a1d" relativeResultsDirectory="25be1a99-166b-4c75-a4a1-03d58487f550" />
    <UnitTestResult executionId="e1eb61d5-e88d-42e3-8963-70e15cf486f4" testId="cf5907ea-f180-5c72-1f5a-4ab563640853" testName="Serialize_TestCases (TestParentTypeMatchCollectionThisTypeNotMatchedProperty)" computerName="DKSR-EFI-06" duration="00:00:00.0001311" startTime="2024-01-09T15:44:59.5606267+01:00" endTime="2024-01-09T15:44:59.5606267+01:00" testType="13cdc9d9-ddb5-4fa4-a97d-d965ccfc6d4b" outcome="Passed" testListId="8c84fa94-04c1-424b-9868-57a2d4851a1d" relativeResultsDirectory="e1eb61d5-e88d-42e3-8963-70e15cf486f4" />
    <UnitTestResult executionId="89b32a2d-7e72-4b9f-a4af-3508e7c917e9" testId="4d8c83aa-a156-12a2-4c8a-ba95a8a26318" testName="HostInitialized_ShouldInvokeCallback_WhenInitializedWithItems" computerName="DKSR-EFI-06" duration="00:00:00.0020170" startTime="2024-01-09T15:44:56.8106195+01:00" endTime="2024-01-09T15:44:56.8106195+01:00" testType="13cdc9d9-ddb5-4fa4-a97d-d965ccfc6d4b" outcome="Passed" testListId="8c84fa94-04c1-424b-9868-57a2d4851a1d" relativeResultsDirectory="89b32a2d-7e72-4b9f-a4af-3508e7c917e9" />
    <UnitTestResult executionId="ca8e58c4-10f8-407a-b3f3-875c9a9689cd" testId="dbc5d189-251d-e27f-7817-a46019f321c1" testName="GenerateParameters_ShouldOmitFpsRange_WhenFpsRangeIsNull" computerName="DKSR-EFI-06" duration="00:00:00.0007468" startTime="2024-01-09T15:45:05.1700001+01:00" endTime="2024-01-09T15:45:05.1700001+01:00" testType="13cdc9d9-ddb5-4fa4-a97d-d965ccfc6d4b" outcome="Passed" testListId="8c84fa94-04c1-424b-9868-57a2d4851a1d" relativeResultsDirectory="ca8e58c4-10f8-407a-b3f3-875c9a9689cd" />
    <UnitTestResult executionId="ba9980d9-5585-4200-bfea-d31a8b74bd6f" testId="1f1cc29a-ffbb-09ec-fd2b-edba3215943f" testName="CountByItems_Activated_WithTrialsInActivation" computerName="DKSR-EFI-06" duration="00:00:00.0017148" startTime="2024-01-09T15:45:05.0606242+01:00" endTime="2024-01-09T15:45:05.0762514+01:00" testType="13cdc9d9-ddb5-4fa4-a97d-d965ccfc6d4b" outcome="Passed" testListId="8c84fa94-04c1-424b-9868-57a2d4851a1d" relativeResultsDirectory="ba9980d9-5585-4200-bfea-d31a8b74bd6f" />
    <UnitTestResult executionId="315a6c56-a0d5-49d6-9301-242515dcf42a" testId="341aa1b2-3b64-c4e7-896b-2d80cfc15011" testName="ProvideValue_ShouldChangeContent_WhenItemDataPropertyNameChangesFromOneValueToAnother" computerName="DKSR-EFI-06" duration="00:00:00.0100231" startTime="2024-01-09T15:44:57.8106222+01:00" endTime="2024-01-09T15:44:57.8262487+01:00" testType="13cdc9d9-ddb5-4fa4-a97d-d965ccfc6d4b" outcome="Passed" testListId="8c84fa94-04c1-424b-9868-57a2d4851a1d" relativeResultsDirectory="315a6c56-a0d5-49d6-9301-242515dcf42a" />
    <UnitTestResult executionId="964471bb-9dd5-4b5d-b1e8-a6cb68383470" testId="88e95bf1-e2f8-873d-5b44-49c57ad713ac" testName="Ctor_WhitespaceName_Throws" computerName="DKSR-EFI-06" duration="00:00:00.0005479" startTime="2024-01-09T15:45:01.4981172+01:00" endTime="2024-01-09T15:45:01.4981172+01:00" testType="13cdc9d9-ddb5-4fa4-a97d-d965ccfc6d4b" outcome="Passed" testListId="8c84fa94-04c1-424b-9868-57a2d4851a1d" relativeResultsDirectory="964471bb-9dd5-4b5d-b1e8-a6cb68383470" />
    <UnitTestResult executionId="d1b3d468-303e-4528-be6b-528910db2fc3" testId="16f93673-833f-5604-541b-fd1cb5d08ba8" testName="Match_Success_SystemType" computerName="DKSR-EFI-06" duration="00:00:00.1759539" startTime="2024-01-09T15:45:03.7168725+01:00" endTime="2024-01-09T15:45:03.9043713+01:00" testType="13cdc9d9-ddb5-4fa4-a97d-d965ccfc6d4b" outcome="Passed" testListId="8c84fa94-04c1-424b-9868-57a2d4851a1d" relativeResultsDirectory="d1b3d468-303e-4528-be6b-528910db2fc3" />
    <UnitTestResult executionId="b6a3607b-5959-471a-9161-6a7a4aaf1f05" testId="ddb5c0d8-d96d-641b-981f-700b89499855" testName="GetParent_NoParent_Check" computerName="DKSR-EFI-06" duration="00:00:00.0119040" startTime="2024-01-09T15:44:30.4199381+01:00" endTime="2024-01-09T15:44:30.4199381+01:00" testType="13cdc9d9-ddb5-4fa4-a97d-d965ccfc6d4b" outcome="Passed" testListId="8c84fa94-04c1-424b-9868-57a2d4851a1d" relativeResultsDirectory="b6a3607b-5959-471a-9161-6a7a4aaf1f05" />
    <UnitTestResult executionId="f4bb41be-b641-4eb5-b7ed-b7b0f2e1dc12" testId="187a3c1b-b8b9-e08a-2f65-c787e6bb630a" testName="AddFilterValue_NonExistingValue_FirstValue_Success" computerName="DKSR-EFI-06" duration="00:00:00.0363623" startTime="2024-01-09T15:44:59.8262537+01:00" endTime="2024-01-09T15:44:59.8575051+01:00" testType="13cdc9d9-ddb5-4fa4-a97d-d965ccfc6d4b" outcome="Passed" testListId="8c84fa94-04c1-424b-9868-57a2d4851a1d" relativeResultsDirectory="f4bb41be-b641-4eb5-b7ed-b7b0f2e1dc12" />
    <UnitTestResult executionId="31910076-9c45-481c-bda6-3cbd847229e8" testId="31a03b18-193d-f844-e92f-19d317699a01" testName="GenerateParameters_ShouldThrowInvalidOperationException_WhenCodecListContainsNonVideoCodec" computerName="DKSR-EFI-06" duration="00:00:00.0031462" startTime="2024-01-09T15:45:05.1387514+01:00" endTime="2024-01-09T15:45:05.1543756+01:00" testType="13cdc9d9-ddb5-4fa4-a97d-d965ccfc6d4b" outcome="Passed" testListId="8c84fa94-04c1-424b-9868-57a2d4851a1d" relativeResultsDirectory="31910076-9c45-481c-bda6-3cbd847229e8" />
    <UnitTestResult executionId="d8b16f1d-5694-4e93-95da-fb3478b29c34" testId="8deb741b-167d-6a1a-855a-646fe46075da" testName="SetEvents_ShouldNotAddProxyManager_WhenFrameworkContentElementIsNotLoaded" computerName="DKSR-EFI-06" duration="00:00:00.0191251" startTime="2024-01-09T15:44:59.7012528+01:00" endTime="2024-01-09T15:44:59.7325016+01:00" testType="13cdc9d9-ddb5-4fa4-a97d-d965ccfc6d4b" outcome="Passed" testListId="8c84fa94-04c1-424b-9868-57a2d4851a1d" relativeResultsDirectory="d8b16f1d-5694-4e93-95da-fb3478b29c34" />
    <UnitTestResult executionId="072e9f95-1d3f-4cbe-9e75-0024180131ee" testId="37ae8fbf-ea2d-3e63-eb29-0ad351089e62" testName="Serialize_TestCases (TestParentTypeMatchBoolThisTypeNotMatched)" computerName="DKSR-EFI-06" duration="00:00:00.0003485" startTime="2024-01-09T15:44:59.4512518+01:00" endTime="2024-01-09T15:44:59.4512518+01:00" testType="13cdc9d9-ddb5-4fa4-a97d-d965ccfc6d4b" outcome="Passed" testListId="8c84fa94-04c1-424b-9868-57a2d4851a1d" relativeResultsDirectory="072e9f95-1d3f-4cbe-9e75-0024180131ee" />
    <UnitTestResult executionId="cf5eada1-bb28-41ab-a4f4-3b96642a1a3f" testId="38b98b35-19bc-eb4b-75ab-937f6e63a097" testName="SplitString_WhenEmptyOrSpaces2Levels_EmptyArray" computerName="DKSR-EFI-06" duration="00:00:00.0003864" startTime="2024-01-09T15:44:43.8730826+01:00" endTime="2024-01-09T15:44:43.8730826+01:00" testType="13cdc9d9-ddb5-4fa4-a97d-d965ccfc6d4b" outcome="Passed" testListId="8c84fa94-04c1-424b-9868-57a2d4851a1d" relativeResultsDirectory="cf5eada1-bb28-41ab-a4f4-3b96642a1a3f" />
    <UnitTestResult executionId="30d2651f-9a00-406d-b8c3-f1cbb539dd08" testId="1d781042-4a4b-edb4-7dfd-5edbb643ac7b" testName="TestMultiLevelQueue_OneLevel_Success" computerName="DKSR-EFI-06" duration="00:00:00.3745791" startTime="2024-01-09T15:44:44.6230851+01:00" endTime="2024-01-09T15:44:45.0137114+01:00" testType="13cdc9d9-ddb5-4fa4-a97d-d965ccfc6d4b" outcome="Passed" testListId="8c84fa94-04c1-424b-9868-57a2d4851a1d" relativeResultsDirectory="30d2651f-9a00-406d-b8c3-f1cbb539dd08" />
    <UnitTestResult executionId="e21ab772-cd31-49d4-a0f6-819cac79c5ac" testId="1bdc0970-713b-d043-8222-8dccac91ab64" testName="CountByCounter_NotActivated_Missing" computerName="DKSR-EFI-06" duration="00:00:00.0006507" startTime="2024-01-09T15:45:04.9824995+01:00" endTime="2024-01-09T15:45:04.9824995+01:00" testType="13cdc9d9-ddb5-4fa4-a97d-d965ccfc6d4b" outcome="Passed" testListId="8c84fa94-04c1-424b-9868-57a2d4851a1d" relativeResultsDirectory="e21ab772-cd31-49d4-a0f6-819cac79c5ac" />
    <UnitTestResult executionId="c1752784-aeed-41b0-aaf1-e9aa92665a13" testId="9b0e5cb1-f4f9-6c49-68ba-942303d83183" testName="ReadXml_ShouldReadFrame_WhenCorrectFrameIsPresent" computerName="DKSR-EFI-06" duration="00:00:00.0004333" startTime="2024-01-09T15:45:03.6543731+01:00" endTime="2024-01-09T15:45:03.6543731+01:00" testType="13cdc9d9-ddb5-4fa4-a97d-d965ccfc6d4b" outcome="Passed" testListId="8c84fa94-04c1-424b-9868-57a2d4851a1d" relativeResultsDirectory="c1752784-aeed-41b0-aaf1-e9aa92665a13" />
    <UnitTestResult executionId="0cad8fef-687d-4275-bacb-cd370ce24931" testId="4616a099-62a3-ac2b-8f4b-108aba4d58b6" testName="Serialize_TestCases (TestParentTypeMatchStructNotThisTypeMatchedProperty)" computerName="DKSR-EFI-06" duration="00:00:00.0016724" startTime="2024-01-09T15:44:59.5293770+01:00" endTime="2024-01-09T15:44:59.5293770+01:00" testType="13cdc9d9-ddb5-4fa4-a97d-d965ccfc6d4b" outcome="Passed" testListId="8c84fa94-04c1-424b-9868-57a2d4851a1d" relativeResultsDirectory="0cad8fef-687d-4275-bacb-cd370ce24931" />
    <UnitTestResult executionId="ca0c4983-6090-40d5-8be7-b012f9cd0676" testId="9504291e-b74b-48e8-7789-94b6a1151b40" testName="Append_PropertyKey_Value" computerName="DKSR-EFI-06" duration="00:00:00.0047266" startTime="2024-01-09T15:45:01.6543671+01:00" endTime="2024-01-09T15:45:01.6543671+01:00" testType="13cdc9d9-ddb5-4fa4-a97d-d965ccfc6d4b" outcome="Passed" testListId="8c84fa94-04c1-424b-9868-57a2d4851a1d" relativeResultsDirectory="ca0c4983-6090-40d5-8be7-b012f9cd0676" />
    <UnitTestResult executionId="65b98de5-13f2-41af-ba65-7b5ab5d0d7ca" testId="e683acf1-8f1f-37ca-c494-91edf8586d46" testName="JsonReader_ErrorResponse_Success" computerName="DKSR-EFI-06" duration="00:00:00.0001492" startTime="2024-01-09T15:45:01.8418682+01:00" endTime="2024-01-09T15:45:01.8418682+01:00" testType="13cdc9d9-ddb5-4fa4-a97d-d965ccfc6d4b" outcome="Passed" testListId="8c84fa94-04c1-424b-9868-57a2d4851a1d" relativeResultsDirectory="65b98de5-13f2-41af-ba65-7b5ab5d0d7ca" />
    <UnitTestResult executionId="306c53db-1401-478a-a63c-f887314f6fc8" testId="890cd7d3-d5de-1eb5-735a-80921ce3d8c1" testName="HorizontalAccuracy_ShouldThrowArgumentOfRange_WhenValueIsOutsideAcceptedRange" computerName="DKSR-EFI-06" duration="00:00:00.0009784" startTime="2024-01-09T15:45:03.0449938+01:00" endTime="2024-01-09T15:45:03.0449938+01:00" testType="13cdc9d9-ddb5-4fa4-a97d-d965ccfc6d4b" outcome="Passed" testListId="8c84fa94-04c1-424b-9868-57a2d4851a1d" relativeResultsDirectory="306c53db-1401-478a-a63c-f887314f6fc8" />
    <UnitTestResult executionId="5fb70a8c-3943-4464-ba1f-740206d1c4d1" testId="c5ab203d-a402-e8af-2133-26b77b4db718" testName="Serialize_TestCases (TestParentTypeMatchGenericNotThisTypeNotMatchedProperty)" computerName="DKSR-EFI-06" duration="00:00:00.0033335" startTime="2024-01-09T15:44:59.6543756+01:00" endTime="2024-01-09T15:44:59.6543756+01:00" testType="13cdc9d9-ddb5-4fa4-a97d-d965ccfc6d4b" outcome="Passed" testListId="8c84fa94-04c1-424b-9868-57a2d4851a1d" relativeResultsDirectory="5fb70a8c-3943-4464-ba1f-740206d1c4d1" />
    <UnitTestResult executionId="b5954e3e-44ba-409e-bbc2-dd0e6fd641f6" testId="32528e28-da07-7f33-5050-a43afc1898ef" testName="ReadXml_ShouldReadVersion_WhenVersionIsPresent" computerName="DKSR-EFI-06" duration="00:00:00.0003110" startTime="2024-01-09T15:45:03.0606236+01:00" endTime="2024-01-09T15:45:03.0606236+01:00" testType="13cdc9d9-ddb5-4fa4-a97d-d965ccfc6d4b" outcome="Passed" testListId="8c84fa94-04c1-424b-9868-57a2d4851a1d" relativeResultsDirectory="b5954e3e-44ba-409e-bbc2-dd0e6fd641f6" />
    <UnitTestResult executionId="5f53dfd7-7b0e-45e7-857e-95875da35319" testId="b8c61cc7-6c99-86e0-a646-53691f4fc54c" testName="FallbackDisplayValue_MultipleValuesSet_ReturnsValueList" computerName="DKSR-EFI-06" duration="00:00:00.0003305" startTime="2024-01-09T15:44:59.7793768+01:00" endTime="2024-01-09T15:44:59.7793768+01:00" testType="13cdc9d9-ddb5-4fa4-a97d-d965ccfc6d4b" outcome="Passed" testListId="8c84fa94-04c1-424b-9868-57a2d4851a1d" relativeResultsDirectory="5f53dfd7-7b0e-45e7-857e-95875da35319" />
    <UnitTestResult executionId="ed0762eb-7847-47e9-91b5-65d2400d8607" testId="115cf00c-004b-6d3a-9de0-103eb4fece2f" testName="OverlapsWith_ShouldReturnTrue_WhenArgumenEndTimeIsBeforeEndTimeAndAfterStartTime" computerName="DKSR-EFI-06" duration="00:00:00.0003048" startTime="2024-01-09T15:44:43.8887071+01:00" endTime="2024-01-09T15:44:43.8887071+01:00" testType="13cdc9d9-ddb5-4fa4-a97d-d965ccfc6d4b" outcome="Passed" testListId="8c84fa94-04c1-424b-9868-57a2d4851a1d" relativeResultsDirectory="ed0762eb-7847-47e9-91b5-65d2400d8607" />
    <UnitTestResult executionId="7ec058c8-4494-44a9-9ab7-faff6805d078" testId="5c70b94c-c2ae-ec2f-8c4d-56b452bbdede" testName="ReadXml_ShouldLogWarning_WhenIncompleteTranslateIsPresent" computerName="DKSR-EFI-06" duration="00:00:00.0015915" startTime="2024-01-09T15:45:03.5606235+01:00" endTime="2024-01-09T15:45:03.5606235+01:00" testType="13cdc9d9-ddb5-4fa4-a97d-d965ccfc6d4b" outcome="Passed" testListId="8c84fa94-04c1-424b-9868-57a2d4851a1d" relativeResultsDirectory="7ec058c8-4494-44a9-9ab7-faff6805d078" />
    <UnitTestResult executionId="9eff4cdf-edcd-4936-80d9-60e1d3c7cbf4" testId="dbac47b9-416a-24f2-90d7-b5b09b9dc93c" testName="Equals_ShouldBeDifferent" computerName="DKSR-EFI-06" duration="00:00:00.0004042" startTime="2024-01-09T15:44:29.7636846+01:00" endTime="2024-01-09T15:44:29.7636846+01:00" testType="13cdc9d9-ddb5-4fa4-a97d-d965ccfc6d4b" outcome="Passed" testListId="8c84fa94-04c1-424b-9868-57a2d4851a1d" relativeResultsDirectory="9eff4cdf-edcd-4936-80d9-60e1d3c7cbf4" />
    <UnitTestResult executionId="c473c23a-90c1-469a-b007-0adc3574af32" testId="461181b2-b5d1-1d54-a990-5025bc85a37b" testName="EqualGuids_Fail_OnParentId" computerName="DKSR-EFI-06" duration="00:00:00.0004677" startTime="2024-01-09T15:44:29.8261888+01:00" endTime="2024-01-09T15:44:29.8261888+01:00" testType="13cdc9d9-ddb5-4fa4-a97d-d965ccfc6d4b" outcome="Passed" testListId="8c84fa94-04c1-424b-9868-57a2d4851a1d" relativeResultsDirectory="c473c23a-90c1-469a-b007-0adc3574af32" />
    <UnitTestResult executionId="fd744b84-bdee-48bf-a96e-e0afb50afaa6" testId="ed293078-f25c-eb2e-8912-33515871c1a2" testName="Serialize_ShouldHandleRecursiveCollection" computerName="DKSR-EFI-06" duration="00:00:00.0174085" startTime="2024-01-09T15:44:59.0762517+01:00" endTime="2024-01-09T15:44:59.0918776+01:00" testType="13cdc9d9-ddb5-4fa4-a97d-d965ccfc6d4b" outcome="Passed" testListId="8c84fa94-04c1-424b-9868-57a2d4851a1d" relativeResultsDirectory="fd744b84-bdee-48bf-a96e-e0afb50afaa6" />
    <UnitTestResult executionId="b00adee1-f0d8-447d-90c1-5fe23ff9ff09" testId="a831aa49-5e6b-6ed4-4885-992999205a90" testName="GetParent_Success" computerName="DKSR-EFI-06" duration="00:00:00.0091241" startTime="2024-01-09T15:44:29.8574369+01:00" endTime="2024-01-09T15:44:29.8574369+01:00" testType="13cdc9d9-ddb5-4fa4-a97d-d965ccfc6d4b" outcome="Passed" testListId="8c84fa94-04c1-424b-9868-57a2d4851a1d" relativeResultsDirectory="b00adee1-f0d8-447d-90c1-5fe23ff9ff09" />
    <UnitTestResult executionId="fb7c76ba-fc32-4e0a-849a-f44113c3e42b" testId="424fc334-0ed6-9dd1-d9cb-ffec470cc003" testName="Serialize_TestCases (TestParentCollectionNotEmptyArrayPropertyProperty)" computerName="DKSR-EFI-06" duration="00:00:00.0002261" startTime="2024-01-09T15:44:59.4043763+01:00" endTime="2024-01-09T15:44:59.4043763+01:00" testType="13cdc9d9-ddb5-4fa4-a97d-d965ccfc6d4b" outcome="Passed" testListId="8c84fa94-04c1-424b-9868-57a2d4851a1d" relativeResultsDirectory="fb7c76ba-fc32-4e0a-849a-f44113c3e42b" />
    <UnitTestResult executionId="ee3eb6c6-e1e9-4071-b751-d1f097440437" testId="bc715522-4e2d-31ab-3b59-559f11d2404a" testName="IsCriteriaAccepted_WithKindsFilter_ValidInput_True" computerName="DKSR-EFI-06" duration="00:00:00.0003451" startTime="2024-01-09T15:44:55.4356136+01:00" endTime="2024-01-09T15:44:55.4356136+01:00" testType="13cdc9d9-ddb5-4fa4-a97d-d965ccfc6d4b" outcome="Passed" testListId="8c84fa94-04c1-424b-9868-57a2d4851a1d" relativeResultsDirectory="ee3eb6c6-e1e9-4071-b751-d1f097440437" />
    <UnitTestResult executionId="64cc3c45-51b1-4bc4-87d6-3b541fb4cd77" testId="e864a85a-61d6-71a9-12f2-7e66ec36a4d7" testName="ReadyToClose_OkCommand_MultiSelect_Thrown" computerName="DKSR-EFI-06" duration="00:00:00.0007331" startTime="2024-01-09T15:44:55.5137375+01:00" endTime="2024-01-09T15:44:55.5137375+01:00" testType="13cdc9d9-ddb5-4fa4-a97d-d965ccfc6d4b" outcome="Passed" testListId="8c84fa94-04c1-424b-9868-57a2d4851a1d" relativeResultsDirectory="64cc3c45-51b1-4bc4-87d6-3b541fb4cd77" />
    <UnitTestResult executionId="e773b9c9-3340-4e93-90a3-7fc3daeed2f0" testId="66e61549-2664-849a-b0d5-68906d176e33" testName="Construct_Server_ServerIdOnly_checked" computerName="DKSR-EFI-06" duration="00:00:00.0194339" startTime="2024-01-09T15:44:29.5605615+01:00" endTime="2024-01-09T15:44:29.5761906+01:00" testType="13cdc9d9-ddb5-4fa4-a97d-d965ccfc6d4b" outcome="Passed" testListId="8c84fa94-04c1-424b-9868-57a2d4851a1d" relativeResultsDirectory="e773b9c9-3340-4e93-90a3-7fc3daeed2f0" />
    <UnitTestResult executionId="f6f92447-3e86-4d72-b069-55860aba2b02" testId="3d16cbad-c2c8-7173-4e8d-8cb40ee97619" testName="Serialize_TestCases (TestParentTypeMatchDecimalNotThisTypeNotMatched)" computerName="DKSR-EFI-06" duration="00:00:00.0003783" startTime="2024-01-09T15:44:59.4825011+01:00" endTime="2024-01-09T15:44:59.4825011+01:00" testType="13cdc9d9-ddb5-4fa4-a97d-d965ccfc6d4b" outcome="Passed" testListId="8c84fa94-04c1-424b-9868-57a2d4851a1d" relativeResultsDirectory="f6f92447-3e86-4d72-b069-55860aba2b02" />
    <UnitTestResult executionId="3a128224-5306-41d6-aeca-f3727502c272" testId="fcb2e7e1-0793-e6c2-facd-27bc28ca1cfb" testName="ReadXml_ShouldLogWarningTwiceWhenMoreThanOneMinuteBetweenWarnings_WhenShapeIsInvalid" computerName="DKSR-EFI-06" duration="00:00:00.0029670" startTime="2024-01-09T15:45:02.2949931+01:00" endTime="2024-01-09T15:45:02.2949931+01:00" testType="13cdc9d9-ddb5-4fa4-a97d-d965ccfc6d4b" outcome="Passed" testListId="8c84fa94-04c1-424b-9868-57a2d4851a1d" relativeResultsDirectory="3a128224-5306-41d6-aeca-f3727502c272" />
  </Results>
  <TestDefinitions>
    <UnitTest name="ReadXml_ShouldReadLongitude_WhenLongitudeIsPresent" storage="d:\actions-runner\_work\xpco\xpco\mip\platformplugin\videoos.platform\unittest\bin\debug\net472\videoos.platform.tests.dll" id="42fa9d5a-68c0-df47-5ee1-d61bde48031d">
      <Execution id="e15fbc7e-3661-4ab9-963d-86647fff2bdc" />
      <TestMethod codeBase="D:\actions-runner\_work\XPCO\XPCO\MIP\PlatformPlugin\VideoOS.Platform\unittest\bin\Debug\net472\VideoOS.Platform.Tests.dll" adapterTypeName="executor://mstestadapter/v2" className="VideoOS.Platform.Tests.Metadata.NavigationalDataTests" name="ReadXml_ShouldReadLongitude_WhenLongitudeIsPresent" />
    </UnitTest>
    <UnitTest name="TestSearchFilterCategories_WithOneAgentIsNull_Success" storage="d:\actions-runner\_work\xpco\xpco\mip\platformplugin\videoos.platform\unittest\bin\debug\net472\videoos.platform.tests.dll" id="a30a662f-2ee5-0db0-93be-e23b78960c82">
      <TestCategory>
        <TestCategoryItem TestCategory="Search" />
      </TestCategory>
      <Execution id="af7930db-8f2e-4e13-a3b0-88d6d5ac6881" />
      <TestMethod codeBase="D:\actions-runner\_work\XPCO\XPCO\MIP\PlatformPlugin\VideoOS.Platform\unittest\bin\Debug\net472\VideoOS.Platform.Tests.dll" adapterTypeName="executor://mstestadapter/v2" className="VideoOS.Platform.Tests.Search.SearchManagerTest" name="TestSearchFilterCategories_WithOneAgentIsNull_Success" />
    </UnitTest>
    <UnitTest name="Serialize_TestCases (TestParentTypeMatchStringThisTypeMatched)" storage="d:\actions-runner\_work\xpco\xpco\mip\platformplugin\videoos.platform\unittest\bin\debug\net472\videoos.platform.tests.dll" id="6271bc67-5e80-6155-5dfc-c8f30ff7d226">
      <Execution id="e8f90402-80e9-4821-8abd-8b6ab9e0f54b" />
      <TestMethod codeBase="D:\actions-runner\_work\XPCO\XPCO\MIP\PlatformPlugin\VideoOS.Platform\unittest\bin\Debug\net472\VideoOS.Platform.Tests.dll" adapterTypeName="executor://mstestadapter/v2" className="VideoOS.Platform.Tests.UI.Controls.Automation.Serialization.AutomationObjectSerializerTest" name="Serialize_TestCases" />
    </UnitTest>
    <UnitTest name="ToString_Check" storage="d:\actions-runner\_work\xpco\xpco\mip\platformplugin\videoos.platform\unittest\bin\debug\net472\videoos.platform.tests.dll" id="1612f291-790a-313d-a0d3-c41060967beb">
      <Execution id="3052be61-f9c6-4f4f-9b41-bd62b5b1f7ae" />
      <TestMethod codeBase="D:\actions-runner\_work\XPCO\XPCO\MIP\PlatformPlugin\VideoOS.Platform\unittest\bin\Debug\net472\VideoOS.Platform.Tests.dll" adapterTypeName="executor://mstestadapter/v2" className="VideoOS.Platform.Tests.FQIDtests" name="ToString_Check" />
    </UnitTest>
    <UnitTest name="ReadXml_ShouldSetAllPropertiesToZero_WhenElementIsEmpty" storage="d:\actions-runner\_work\xpco\xpco\mip\platformplugin\videoos.platform\unittest\bin\debug\net472\videoos.platform.tests.dll" id="8084e41d-d0c2-8e1f-49b3-a67abb097eef">
      <Execution id="8a9e2c00-302a-45ba-b568-082077db734b" />
      <TestMethod codeBase="D:\actions-runner\_work\XPCO\XPCO\MIP\PlatformPlugin\VideoOS.Platform\unittest\bin\Debug\net472\VideoOS.Platform.Tests.dll" adapterTypeName="executor://mstestadapter/v2" className="VideoOS.Platform.Tests.Metadata.VectorTests" name="ReadXml_ShouldSetAllPropertiesToZero_WhenElementIsEmpty" />
    </UnitTest>
    <UnitTest name="WriteXml_ShouldNotWriteAnElement_WhenTheValueIsNull" storage="d:\actions-runner\_work\xpco\xpco\mip\platformplugin\videoos.platform\unittest\bin\debug\net472\videoos.platform.tests.dll" id="4ea99d78-cb91-34d0-2b2f-1a553700bba9">
      <Execution id="3e3104cc-1199-4dbe-b372-5dd65e183e86" />
      <TestMethod codeBase="D:\actions-runner\_work\XPCO\XPCO\MIP\PlatformPlugin\VideoOS.Platform\unittest\bin\Debug\net472\VideoOS.Platform.Tests.dll" adapterTypeName="executor://mstestadapter/v2" className="VideoOS.Platform.Tests.Metadata.NavigationalDataTests" name="WriteXml_ShouldNotWriteAnElement_WhenTheValueIsNull" />
    </UnitTest>
    <UnitTest name="IsEmptyValue_StringFilterValue_DefaultValue_ReturnsTrue" storage="d:\actions-runner\_work\xpco\xpco\mip\platformplugin\videoos.platform\unittest\bin\debug\net472\videoos.platform.tests.dll" id="4a3d3b31-f5bb-f6f0-8775-76cae220f01b">
      <TestCategory>
        <TestCategoryItem TestCategory="Search" />
      </TestCategory>
      <Execution id="c3187d0e-4f2a-443c-866e-fb24c254592e" />
      <TestMethod codeBase="D:\actions-runner\_work\XPCO\XPCO\MIP\PlatformPlugin\VideoOS.Platform\unittest\bin\Debug\net472\VideoOS.Platform.Tests.dll" adapterTypeName="executor://mstestadapter/v2" className="VideoOS.Platform.Tests.Search.SearchFilterTest" name="IsEmptyValue_StringFilterValue_DefaultValue_ReturnsTrue" />
    </UnitTest>
    <UnitTest name="Get_NullKey_Throws" storage="d:\actions-runner\_work\xpco\xpco\mip\platformplugin\videoos.platform\unittest\bin\debug\net472\videoos.platform.tests.dll" id="0f6413c0-cc42-e14e-f2e9-6c1a7fb644a7">
      <Execution id="22f56aae-e982-4029-b1ff-337e7d9b4dd4" />
      <TestMethod codeBase="D:\actions-runner\_work\XPCO\XPCO\MIP\PlatformPlugin\VideoOS.Platform\unittest\bin\Debug\net472\VideoOS.Platform.Tests.dll" adapterTypeName="executor://mstestadapter/v2" className="VideoOS.Platform.Tests.Util.Queue.LRUCacheTests" name="Get_NullKey_Throws" />
    </UnitTest>
    <UnitTest name="WriteXml_ShouldWriteTransformationElement_WhenTransformationIsNotNull" storage="d:\actions-runner\_work\xpco\xpco\mip\platformplugin\videoos.platform\unittest\bin\debug\net472\videoos.platform.tests.dll" id="d2780117-34b2-66e8-9cc3-23cf0c600a02">
      <Execution id="9596ddf8-f11d-437f-8390-3b7a81591266" />
      <TestMethod codeBase="D:\actions-runner\_work\XPCO\XPCO\MIP\PlatformPlugin\VideoOS.Platform\unittest\bin\Debug\net472\VideoOS.Platform.Tests.dll" adapterTypeName="executor://mstestadapter/v2" className="VideoOS.Platform.Tests.Metadata.AppearanceTests" name="WriteXml_ShouldWriteTransformationElement_WhenTransformationIsNotNull" />
    </UnitTest>
    <UnitTest name="Constructor_ShouldThrowArgumentNullException_WhenModelIsNull" storage="d:\actions-runner\_work\xpco\xpco\mip\platformplugin\videoos.platform\unittest\bin\debug\net472\videoos.platform.tests.dll" id="12cac62c-5b3e-c0ef-167d-41a5a640f7f1">
      <Execution id="b42af284-09ce-418d-a7ea-e9dcff12c7c2" />
      <TestMethod codeBase="D:\actions-runner\_work\XPCO\XPCO\MIP\PlatformPlugin\VideoOS.Platform\unittest\bin\Debug\net472\VideoOS.Platform.Tests.dll" adapterTypeName="executor://mstestadapter/v2" className="VideoOS.Platform.Tests.Data.HardwareDefinitionTests" name="Constructor_ShouldThrowArgumentNullException_WhenModelIsNull" />
    </UnitTest>
    <UnitTest name="Ctor_TwoStandardFilters_Success" storage="d:\actions-runner\_work\xpco\xpco\mip\platformplugin\videoos.platform\unittest\bin\debug\net472\videoos.platform.tests.dll" id="3350d2b0-3312-d687-fc6c-5745c7811365">
      <TestCategory>
        <TestCategoryItem TestCategory="Search" />
      </TestCategory>
      <Execution id="ae8df84a-cf09-4c74-8654-1fdf666f0273" />
      <TestMethod codeBase="D:\actions-runner\_work\XPCO\XPCO\MIP\PlatformPlugin\VideoOS.Platform\unittest\bin\Debug\net472\VideoOS.Platform.Tests.dll" adapterTypeName="executor://mstestadapter/v2" className="VideoOS.Platform.Tests.Search.FilterCategories.PersonSearchFilterCategoryTest" name="Ctor_TwoStandardFilters_Success" />
    </UnitTest>
    <UnitTest name="WriteMetadataXml_ShouldThrowArgumentNullException_WhenMetadataIsNullWithStringBuilder" storage="d:\actions-runner\_work\xpco\xpco\mip\platformplugin\videoos.platform\unittest\bin\debug\net472\videoos.platform.tests.dll" id="04126902-9508-0ab4-a88b-c6cc8b546986">
      <Execution id="327a9369-a989-4726-89f3-1aebdbc3f99f" />
      <TestMethod codeBase="D:\actions-runner\_work\XPCO\XPCO\MIP\PlatformPlugin\VideoOS.Platform\unittest\bin\Debug\net472\VideoOS.Platform.Tests.dll" adapterTypeName="executor://mstestadapter/v2" className="VideoOS.Platform.Tests.Metadata.MetadataSerializerTests" name="WriteMetadataXml_ShouldThrowArgumentNullException_WhenMetadataIsNullWithStringBuilder" />
    </UnitTest>
    <UnitTest name="TryParseArgbString_ShouldCreateInstanceWithCorrectARGBValues_WhenFormatIsCorrectButWithWhiteSpaceBeforeOrAfter" storage="d:\actions-runner\_work\xpco\xpco\mip\platformplugin\videoos.platform\unittest\bin\debug\net472\videoos.platform.tests.dll" id="3c9f7f25-03ba-a9ac-886d-ab6e7acb2b5d">
      <Execution id="56ce186d-fb01-47bb-9cb4-6071ecaf59dc" />
      <TestMethod codeBase="D:\actions-runner\_work\XPCO\XPCO\MIP\PlatformPlugin\VideoOS.Platform\unittest\bin\Debug\net472\VideoOS.Platform.Tests.dll" adapterTypeName="executor://mstestadapter/v2" className="VideoOS.Platform.Tests.Metadata.DisplayColorTests" name="TryParseArgbString_ShouldCreateInstanceWithCorrectARGBValues_WhenFormatIsCorrectButWithWhiteSpaceBeforeOrAfter" />
    </UnitTest>
    <UnitTest name="ReadXml_ShouldDiscardTranslate_WhenIncompleteTranslateIsPresent" storage="d:\actions-runner\_work\xpco\xpco\mip\platformplugin\videoos.platform\unittest\bin\debug\net472\videoos.platform.tests.dll" id="a42de255-353b-3499-e7ec-b18bd5c29a5c">
      <Execution id="2237ca4f-4b39-4220-9c27-611aaa796f4a" />
      <TestMethod codeBase="D:\actions-runner\_work\XPCO\XPCO\MIP\PlatformPlugin\VideoOS.Platform\unittest\bin\Debug\net472\VideoOS.Platform.Tests.dll" adapterTypeName="executor://mstestadapter/v2" className="VideoOS.Platform.Tests.Metadata.TransformationTests" name="ReadXml_ShouldDiscardTranslate_WhenIncompleteTranslateIsPresent" />
    </UnitTest>
    <UnitTest name="GetItem_LoginProvider_Success" storage="d:\actions-runner\_work\xpco\xpco\mip\platformplugin\videoos.platform\unittest\bin\debug\net472\videoos.platform.tests.dll" id="1ed595f1-e0b3-cd61-13ef-3cbf3778f159">
      <Execution id="260316fd-a67a-4a49-9e9d-cfd6a208decd" />
      <TestMethod codeBase="D:\actions-runner\_work\XPCO\XPCO\MIP\PlatformPlugin\VideoOS.Platform\unittest\bin\Debug\net472\VideoOS.Platform.Tests.dll" adapterTypeName="executor://mstestadapter/v2" className="VideoOS.Platform.Tests.Proxy.RestApi.RestApiClientDecoratorTests" name="GetItem_LoginProvider_Success" />
    </UnitTest>
    <UnitTest name="Longitude_ShouldThrowArgumentOfRange_WhenValueIsOutsideAcceptedRange" storage="d:\actions-runner\_work\xpco\xpco\mip\platformplugin\videoos.platform\unittest\bin\debug\net472\videoos.platform.tests.dll" id="be126d46-0548-695a-7287-bae8146e110d">
      <Execution id="6b4a2aec-1019-478a-87a7-d967e3280014" />
      <TestMethod codeBase="D:\actions-runner\_work\XPCO\XPCO\MIP\PlatformPlugin\VideoOS.Platform\unittest\bin\Debug\net472\VideoOS.Platform.Tests.dll" adapterTypeName="executor://mstestadapter/v2" className="VideoOS.Platform.Tests.Metadata.NavigationalDataTests" name="Longitude_ShouldThrowArgumentOfRange_WhenValueIsOutsideAcceptedRange" />
    </UnitTest>
    <UnitTest name="ClearFilterValues_UnknownFilter_DoesNothing" storage="d:\actions-runner\_work\xpco\xpco\mip\platformplugin\videoos.platform\unittest\bin\debug\net472\videoos.platform.tests.dll" id="f54c02f6-10d6-820a-6be3-9cf15ec86940">
      <TestCategory>
        <TestCategoryItem TestCategory="Search" />
      </TestCategory>
      <Execution id="fdd23ad3-b05c-4243-ae16-0a5ef50300d6" />
      <TestMethod codeBase="D:\actions-runner\_work\XPCO\XPCO\MIP\PlatformPlugin\VideoOS.Platform\unittest\bin\Debug\net472\VideoOS.Platform.Tests.dll" adapterTypeName="executor://mstestadapter/v2" className="VideoOS.Platform.Tests.Search.SearchCriteriaTest" name="ClearFilterValues_UnknownFilter_DoesNothing" />
    </UnitTest>
    <UnitTest name="GetIdFromPath_ShouldReturnNull_FromIncorrectPath" storage="d:\actions-runner\_work\xpco\xpco\mip\platformplugin\videoos.platform\unittest\bin\debug\net472\videoos.platform.tests.dll" id="09fa2387-002a-88c8-0b1c-134e9e315493">
      <Execution id="bf9abe82-c869-4327-b469-bc5fc80b44d2" />
      <TestMethod codeBase="D:\actions-runner\_work\XPCO\XPCO\MIP\PlatformPlugin\VideoOS.Platform\unittest\bin\Debug\net472\VideoOS.Platform.Tests.dll" adapterTypeName="executor://mstestadapter/v2" className="VideoOS.Platform.Tests.ConfigurationItems.FactoryTests" name="GetIdFromPath_ShouldReturnNull_FromIncorrectPath" />
    </UnitTest>
    <UnitTest name="GetFilterValuesT_SingleValueAdded_ReturnsValue" storage="d:\actions-runner\_work\xpco\xpco\mip\platformplugin\videoos.platform\unittest\bin\debug\net472\videoos.platform.tests.dll" id="4a238ba0-fcc0-32ec-05c8-4cb7401b273a">
      <TestCategory>
        <TestCategoryItem TestCategory="Search" />
      </TestCategory>
      <Execution id="158e606c-97c0-4e10-88a5-04c68c1fd459" />
      <TestMethod codeBase="D:\actions-runner\_work\XPCO\XPCO\MIP\PlatformPlugin\VideoOS.Platform\unittest\bin\Debug\net472\VideoOS.Platform.Tests.dll" adapterTypeName="executor://mstestadapter/v2" className="VideoOS.Platform.Tests.Search.SearchCriteriaTest" name="GetFilterValuesT_SingleValueAdded_ReturnsValue" />
    </UnitTest>
    <UnitTest name="ProvideValue_ShouldUpdateTarget_WhenItemDataPropertyNameChanges" storage="d:\actions-runner\_work\xpco\xpco\mip\platformplugin\videoos.platform\unittest\bin\debug\net472\videoos.platform.tests.dll" id="3319ab63-2def-0c9c-879d-16907c7c07ea">
      <TestCategory>
        <TestCategoryItem TestCategory="DropDowns" />
      </TestCategory>
      <Execution id="b57ff4df-57b8-49a9-a408-30a850a8c753" />
      <TestMethod codeBase="D:\actions-runner\_work\XPCO\XPCO\MIP\PlatformPlugin\VideoOS.Platform\unittest\bin\Debug\net472\VideoOS.Platform.Tests.dll" adapterTypeName="executor://mstestadapter/v2" className="VideoOS.Platform.Tests.UI.Controls.DropDowns.Internal.SelectedItemCustomContentDataExtensionTest" name="ProvideValue_ShouldUpdateTarget_WhenItemDataPropertyNameChanges" />
    </UnitTest>
    <UnitTest name="Parse_Int_ValidEnd_NoWhiteSpace" storage="d:\actions-runner\_work\xpco\xpco\mip\platformplugin\videoos.platform\unittest\bin\debug\net472\videoos.platform.tests.dll" id="3f36873b-eeee-f47e-801c-1028988ff18d">
      <Execution id="c00f2d68-7420-493d-af04-6ff0454e8fe8" />
      <TestMethod codeBase="D:\actions-runner\_work\XPCO\XPCO\MIP\PlatformPlugin\VideoOS.Platform\unittest\bin\Debug\net472\VideoOS.Platform.Tests.dll" adapterTypeName="executor://mstestadapter/v2" className="VideoOS.Platform.Tests.Proxy.RestApi.JsonReaderTests" name="Parse_Int_ValidEnd_NoWhiteSpace" />
    </UnitTest>
    <UnitTest name="ReadXml_ShouldReadHorizontalAccuracy_WhenHorizontalAccuracyIsPresent" storage="d:\actions-runner\_work\xpco\xpco\mip\platformplugin\videoos.platform\unittest\bin\debug\net472\videoos.platform.tests.dll" id="520094b8-4b75-11e8-c310-4fbb0ad15d04">
      <Execution id="756a95f2-d3e0-45ff-9492-d26b77653b53" />
      <TestMethod codeBase="D:\actions-runner\_work\XPCO\XPCO\MIP\PlatformPlugin\VideoOS.Platform\unittest\bin\Debug\net472\VideoOS.Platform.Tests.dll" adapterTypeName="executor://mstestadapter/v2" className="VideoOS.Platform.Tests.Metadata.NavigationalDataTests" name="ReadXml_ShouldReadHorizontalAccuracy_WhenHorizontalAccuracyIsPresent" />
    </UnitTest>
    <UnitTest name="Enabled_Clean_Properties_success" storage="d:\actions-runner\_work\xpco\xpco\mip\platformplugin\videoos.platform\unittest\bin\debug\net472\videoos.platform.tests.dll" id="53422728-4202-db44-815d-fc4c107ae306">
      <Execution id="c62e0e8b-63f3-4fb5-acc7-aee3ad77668e" />
      <TestMethod codeBase="D:\actions-runner\_work\XPCO\XPCO\MIP\PlatformPlugin\VideoOS.Platform\unittest\bin\Debug\net472\VideoOS.Platform.Tests.dll" adapterTypeName="executor://mstestadapter/v2" className="VideoOS.Platform.Tests.ItemTests" name="Enabled_Clean_Properties_success" />
    </UnitTest>
    <UnitTest name="Convert_SingleArgumentConverter_ShouldNotAllowNullValue_WhenArgumentIsValueType" storage="d:\actions-runner\_work\xpco\xpco\mip\platformplugin\videoos.platform\unittest\bin\debug\net472\videoos.platform.tests.dll" id="4686721b-2da0-2073-d103-e6130d171947">
      <Execution id="60a18c05-301c-4a05-8ae0-9323e80a2dfb" />
      <TestMethod codeBase="D:\actions-runner\_work\XPCO\XPCO\MIP\PlatformPlugin\VideoOS.Platform\unittest\bin\Debug\net472\VideoOS.Platform.Tests.dll" adapterTypeName="executor://mstestadapter/v2" className="VideoOS.Platform.Tests.UI.Converters.LambdaConverterTest" name="Convert_SingleArgumentConverter_ShouldNotAllowNullValue_WhenArgumentIsValueType" />
    </UnitTest>
    <UnitTest name="GetParent_Success" storage="d:\actions-runner\_work\xpco\xpco\mip\platformplugin\videoos.platform\unittest\bin\debug\net472\videoos.platform.tests.dll" id="a831aa49-5e6b-6ed4-4885-992999205a90">
      <Execution id="b00adee1-f0d8-447d-90c1-5fe23ff9ff09" />
      <TestMethod codeBase="D:\actions-runner\_work\XPCO\XPCO\MIP\PlatformPlugin\VideoOS.Platform\unittest\bin\Debug\net472\VideoOS.Platform.Tests.dll" adapterTypeName="executor://mstestadapter/v2" className="VideoOS.Platform.Tests.FQIDtests" name="GetParent_Success" />
    </UnitTest>
    <UnitTest name="Serialize_TestCases (Verify root Object (not null) property get property value)" storage="d:\actions-runner\_work\xpco\xpco\mip\platformplugin\videoos.platform\unittest\bin\debug\net472\videoos.platform.tests.dll" id="7df2cba4-4ec8-04f9-d40a-3cd90e07b839">
      <Execution id="bd8df145-ac76-41d2-8ac7-a09c11e03f80" />
      <TestMethod codeBase="D:\actions-runner\_work\XPCO\XPCO\MIP\PlatformPlugin\VideoOS.Platform\unittest\bin\Debug\net472\VideoOS.Platform.Tests.dll" adapterTypeName="executor://mstestadapter/v2" className="VideoOS.Platform.Tests.UI.Controls.Automation.Serialization.AutomationObjectSerializerTest" name="Serialize_TestCases" />
    </UnitTest>
    <UnitTest name="IsValidSelectionCallback_ReturnsTrue_ItemSelected" storage="d:\actions-runner\_work\xpco\xpco\mip\platformplugin\videoos.platform\unittest\bin\debug\net472\videoos.platform.tests.dll" id="bb7fb76c-e069-4fd0-bdf8-cc43e62b4ee4">
      <Execution id="3cab02a7-aba0-403d-9776-4626bed80d25" />
      <TestMethod codeBase="D:\actions-runner\_work\XPCO\XPCO\MIP\PlatformPlugin\VideoOS.Platform\unittest\bin\Debug\net472\VideoOS.Platform.Tests.dll" adapterTypeName="executor://mstestadapter/v2" className="VideoOS.Platform.Tests.UI.ItemPicker.ItemPickerViewModelTest" name="IsValidSelectionCallback_ReturnsTrue_ItemSelected" />
    </UnitTest>
    <UnitTest name="ReadXml_ShouldSetAllFieldsToDefaultValues_WhenElementIsEmpty" storage="d:\actions-runner\_work\xpco\xpco\mip\platformplugin\videoos.platform\unittest\bin\debug\net472\videoos.platform.tests.dll" id="f020995b-abe3-d649-6f42-54b2532be4d9">
      <Execution id="83e2c316-cdb4-43f8-a405-2f64bf713374" />
      <TestMethod codeBase="D:\actions-runner\_work\XPCO\XPCO\MIP\PlatformPlugin\VideoOS.Platform\unittest\bin\Debug\net472\VideoOS.Platform.Tests.dll" adapterTypeName="executor://mstestadapter/v2" className="VideoOS.Platform.Tests.Metadata.VideoAnalyticsTests" name="ReadXml_ShouldSetAllFieldsToDefaultValues_WhenElementIsEmpty" />
    </UnitTest>
    <UnitTest name="SearchResultData_IgnoredSearchFilters_Success" storage="d:\actions-runner\_work\xpco\xpco\mip\platformplugin\videoos.platform\unittest\bin\debug\net472\videoos.platform.tests.dll" id="3b98c405-59b2-7eb5-3579-4fa697a97bb2">
      <TestCategory>
        <TestCategoryItem TestCategory="Search" />
      </TestCategory>
      <Execution id="2183da24-c5ad-457a-83ce-b6bd4c71a50d" />
      <TestMethod codeBase="D:\actions-runner\_work\XPCO\XPCO\MIP\PlatformPlugin\VideoOS.Platform\unittest\bin\Debug\net472\VideoOS.Platform.Tests.dll" adapterTypeName="executor://mstestadapter/v2" className="VideoOS.Platform.Tests.Search.SearchResultDataTest" name="SearchResultData_IgnoredSearchFilters_Success" />
    </UnitTest>
    <UnitTest name="Peek_EmptyQueue_ReturnsNull" storage="d:\actions-runner\_work\xpco\xpco\mip\platformplugin\videoos.platform\unittest\bin\debug\net472\videoos.platform.tests.dll" id="7e481df7-029e-9d77-33ba-d4462cdb83bc">
      <Execution id="dede197e-31cf-4dc1-9fb6-f6099fff36c3" />
      <TestMethod codeBase="D:\actions-runner\_work\XPCO\XPCO\MIP\PlatformPlugin\VideoOS.Platform\unittest\bin\Debug\net472\VideoOS.Platform.Tests.dll" adapterTypeName="executor://mstestadapter/v2" className="VideoOS.Platform.Tests.Util.Queue.ConcurrentQueueSlimTests" name="Peek_EmptyQueue_ReturnsNull" />
    </UnitTest>
    <UnitTest name="Contains_CameraFail_Checked" storage="d:\actions-runner\_work\xpco\xpco\mip\platformplugin\videoos.platform\unittest\bin\debug\net472\videoos.platform.tests.dll" id="bd10e1d0-a002-0856-831f-b5cf43dbc863">
      <Execution id="1040a31d-237d-4daa-915d-6ef5774f611f" />
      <TestMethod codeBase="D:\actions-runner\_work\XPCO\XPCO\MIP\PlatformPlugin\VideoOS.Platform\unittest\bin\Debug\net472\VideoOS.Platform.Tests.dll" adapterTypeName="executor://mstestadapter/v2" className="VideoOS.Platform.Tests.FQIDtests" name="Contains_CameraFail_Checked" />
    </UnitTest>
    <UnitTest name="FindCacheEntryBefore_ShuldReturnEntryBeforeTimeStamp_WhenThereIsAnEntryBeforeTheTimestamp" storage="d:\actions-runner\_work\xpco\xpco\mip\platformplugin\videoos.platform\unittest\bin\debug\net472\videoos.platform.tests.dll" id="90432d5a-5fa4-a037-9446-73f5d0f5dd30">
      <Execution id="0bd0e78f-5697-4569-a835-8d44088d3d5d" />
      <TestMethod codeBase="D:\actions-runner\_work\XPCO\XPCO\MIP\PlatformPlugin\VideoOS.Platform\unittest\bin\Debug\net472\VideoOS.Platform.Tests.dll" adapterTypeName="executor://mstestadapter/v2" className="VideoOS.Platform.Tests.Data.MetadataCacheTests" name="FindCacheEntryBefore_ShuldReturnEntryBeforeTimeStamp_WhenThereIsAnEntryBeforeTheTimestamp" />
    </UnitTest>
    <UnitTest name="Serialize_TestCases (TestParentTypeMatchGenericNotThisTypeNotMatchedProperty)" storage="d:\actions-runner\_work\xpco\xpco\mip\platformplugin\videoos.platform\unittest\bin\debug\net472\videoos.platform.tests.dll" id="c5ab203d-a402-e8af-2133-26b77b4db718">
      <Execution id="5fb70a8c-3943-4464-ba1f-740206d1c4d1" />
      <TestMethod codeBase="D:\actions-runner\_work\XPCO\XPCO\MIP\PlatformPlugin\VideoOS.Platform\unittest\bin\Debug\net472\VideoOS.Platform.Tests.dll" adapterTypeName="executor://mstestadapter/v2" className="VideoOS.Platform.Tests.UI.Controls.Automation.Serialization.AutomationObjectSerializerTest" name="Serialize_TestCases" />
    </UnitTest>
    <UnitTest name="GenerateTypeDefinintionParameters_ShouldWriteName_WhenAlways" storage="d:\actions-runner\_work\xpco\xpco\mip\platformplugin\videoos.platform\unittest\bin\debug\net472\videoos.platform.tests.dll" id="c1ccc07e-0232-8793-44eb-68dba00ee95d">
      <Execution id="4558f5ba-903b-4de3-8dd5-6359d1e6f0fb" />
      <TestMethod codeBase="D:\actions-runner\_work\XPCO\XPCO\MIP\PlatformPlugin\VideoOS.Platform\unittest\bin\Debug\net472\VideoOS.Platform.Tests.dll" adapterTypeName="executor://mstestadapter/v2" className="VideoOS.Platform.Tests.Data.MetadataTypeDefinitionTests" name="GenerateTypeDefinintionParameters_ShouldWriteName_WhenAlways" />
    </UnitTest>
    <UnitTest name="GetColorFilterValues_NullCriteria_Throws" storage="d:\actions-runner\_work\xpco\xpco\mip\platformplugin\videoos.platform\unittest\bin\debug\net472\videoos.platform.tests.dll" id="64de42c5-cf32-f94a-2ab2-81439a18d091">
      <TestCategory>
        <TestCategoryItem TestCategory="Search" />
      </TestCategory>
      <Execution id="f990d406-e207-40dc-87c1-b176708e5666" />
      <TestMethod codeBase="D:\actions-runner\_work\XPCO\XPCO\MIP\PlatformPlugin\VideoOS.Platform\unittest\bin\Debug\net472\VideoOS.Platform.Tests.dll" adapterTypeName="executor://mstestadapter/v2" className="VideoOS.Platform.Tests.Search.FilterCategories.VehicleSearchFilterCategoryTest" name="GetColorFilterValues_NullCriteria_Throws" />
    </UnitTest>
    <UnitTest name="OnSearchResultsReady_NullArgument_SearchResultReadyEventNotFired" storage="d:\actions-runner\_work\xpco\xpco\mip\platformplugin\videoos.platform\unittest\bin\debug\net472\videoos.platform.tests.dll" id="a6df64d2-0698-ce92-fd77-5adbbae94068">
      <TestCategory>
        <TestCategoryItem TestCategory="Search" />
      </TestCategory>
      <Execution id="c4839d2a-54dd-4820-9878-b1bb47559379" />
      <TestMethod codeBase="D:\actions-runner\_work\XPCO\XPCO\MIP\PlatformPlugin\VideoOS.Platform\unittest\bin\Debug\net472\VideoOS.Platform.Tests.dll" adapterTypeName="executor://mstestadapter/v2" className="VideoOS.Platform.Tests.Search.SearchDefinitionTest" name="OnSearchResultsReady_NullArgument_SearchResultReadyEventNotFired" />
    </UnitTest>
    <UnitTest name="WriteXml_ShouldWriteColorAttribute_WhenPresent" storage="d:\actions-runner\_work\xpco\xpco\mip\platformplugin\videoos.platform\unittest\bin\debug\net472\videoos.platform.tests.dll" id="a68e6a6e-4209-2d96-e42e-fdfc6deeba69">
      <Execution id="7146b7f0-257e-4d6c-ae5e-1fc0a18c7bfd" />
      <TestMethod codeBase="D:\actions-runner\_work\XPCO\XPCO\MIP\PlatformPlugin\VideoOS.Platform\unittest\bin\Debug\net472\VideoOS.Platform.Tests.dll" adapterTypeName="executor://mstestadapter/v2" className="VideoOS.Platform.Tests.Metadata.DisplayTextTests" name="WriteXml_ShouldWriteColorAttribute_WhenPresent" />
    </UnitTest>
    <UnitTest name="Set_Int" storage="d:\actions-runner\_work\xpco\xpco\mip\platformplugin\videoos.platform\unittest\bin\debug\net472\videoos.platform.tests.dll" id="468a7b03-b2a7-446e-1f1f-8f32f73da7b5">
      <Execution id="8b027893-3fe3-4449-9a9a-28028c0d5941" />
      <TestMethod codeBase="D:\actions-runner\_work\XPCO\XPCO\MIP\PlatformPlugin\VideoOS.Platform\unittest\bin\Debug\net472\VideoOS.Platform.Tests.dll" adapterTypeName="executor://mstestadapter/v2" className="VideoOS.Platform.Tests.Proxy.RestApi.JsonReaderTests" name="Set_Int" />
    </UnitTest>
    <UnitTest name="Serialize_TestCases (TestParentTypeMatchStructThisTypeMatched)" storage="d:\actions-runner\_work\xpco\xpco\mip\platformplugin\videoos.platform\unittest\bin\debug\net472\videoos.platform.tests.dll" id="a55aaf93-07d3-2d94-7ff3-69bf177f189d">
      <Execution id="5ebb3b8c-aa74-4a98-b0db-4fd2b25f85f9" />
      <TestMethod codeBase="D:\actions-runner\_work\XPCO\XPCO\MIP\PlatformPlugin\VideoOS.Platform\unittest\bin\Debug\net472\VideoOS.Platform.Tests.dll" adapterTypeName="executor://mstestadapter/v2" className="VideoOS.Platform.Tests.UI.Controls.Automation.Serialization.AutomationObjectSerializerTest" name="Serialize_TestCases" />
    </UnitTest>
    <UnitTest name="ReadXml_ShouldLogWarning_WhenBoundingBoxIsMissing" storage="d:\actions-runner\_work\xpco\xpco\mip\platformplugin\videoos.platform\unittest\bin\debug\net472\videoos.platform.tests.dll" id="7487e89c-78f3-9567-7976-60fdef3ca987">
      <Execution id="b142b4cd-429d-4a0f-b874-203c05c4c6d3" />
      <TestMethod codeBase="D:\actions-runner\_work\XPCO\XPCO\MIP\PlatformPlugin\VideoOS.Platform\unittest\bin\Debug\net472\VideoOS.Platform.Tests.dll" adapterTypeName="executor://mstestadapter/v2" className="VideoOS.Platform.Tests.Metadata.ShapeTests" name="ReadXml_ShouldLogWarning_WhenBoundingBoxIsMissing" />
    </UnitTest>
    <UnitTest name="Constructor_ShouldThrowArgumentxception_WhenItemIsNotAMetadataDevice" storage="d:\actions-runner\_work\xpco\xpco\mip\platformplugin\videoos.platform\unittest\bin\debug\net472\videoos.platform.tests.dll" id="d6cb1369-2679-afac-cddc-39c82a30eafa">
      <Execution id="fc9abd27-5ebc-463e-a87d-c928c70bcbe4" />
      <TestMethod codeBase="D:\actions-runner\_work\XPCO\XPCO\MIP\PlatformPlugin\VideoOS.Platform\unittest\bin\Debug\net472\VideoOS.Platform.Tests.dll" adapterTypeName="executor://mstestadapter/v2" className="VideoOS.Platform.Tests.Data.MetadataPlaybackSourceTests" name="Constructor_ShouldThrowArgumentxception_WhenItemIsNotAMetadataDevice" />
    </UnitTest>
    <UnitTest name="CreateSearchFilterEditControl_MultiplePlugins_Success" storage="d:\actions-runner\_work\xpco\xpco\mip\platformplugin\videoos.platform\unittest\bin\debug\net472\videoos.platform.tests.dll" id="7e3c3908-f70c-8d41-e8fe-866ddfe5a4bc">
      <TestCategory>
        <TestCategoryItem TestCategory="Search" />
      </TestCategory>
      <Execution id="a62f68de-3ec5-49c7-b2ac-437d60321827" />
      <TestMethod codeBase="D:\actions-runner\_work\XPCO\XPCO\MIP\PlatformPlugin\VideoOS.Platform\unittest\bin\Debug\net472\VideoOS.Platform.Tests.dll" adapterTypeName="executor://mstestadapter/v2" className="VideoOS.Platform.Tests.Search.SearchUserControlResolverTest" name="CreateSearchFilterEditControl_MultiplePlugins_Success" />
    </UnitTest>
    <UnitTest name="Add_ShouldInvokeCallback_WhenObservable" storage="d:\actions-runner\_work\xpco\xpco\mip\platformplugin\videoos.platform\unittest\bin\debug\net472\videoos.platform.tests.dll" id="d2e27528-7e9c-f741-028a-9dd7eea4c92c">
      <Execution id="5940ae45-38d9-4ea1-b93e-4eb0b56a8e4b" />
      <TestMethod codeBase="D:\actions-runner\_work\XPCO\XPCO\MIP\PlatformPlugin\VideoOS.Platform\unittest\bin\Debug\net472\VideoOS.Platform.Tests.dll" adapterTypeName="executor://mstestadapter/v2" className="VideoOS.Platform.Tests.UI.Controls.CollectionHelperGenericTest" name="Add_ShouldInvokeCallback_WhenObservable" />
    </UnitTest>
    <UnitTest name="ReadXml_ShouldLogWarningOnlyOnceWithinOneMinute_WhenClassCandidateIsNotValid" storage="d:\actions-runner\_work\xpco\xpco\mip\platformplugin\videoos.platform\unittest\bin\debug\net472\videoos.platform.tests.dll" id="21fa9385-bfaf-d1fb-f620-6ac18f449c60">
      <Execution id="979c4ebf-6cf7-49a3-8473-9c95a4ecbed5" />
      <TestMethod codeBase="D:\actions-runner\_work\XPCO\XPCO\MIP\PlatformPlugin\VideoOS.Platform\unittest\bin\Debug\net472\VideoOS.Platform.Tests.dll" adapterTypeName="executor://mstestadapter/v2" className="VideoOS.Platform.Tests.Metadata.OnvifClassTests" name="ReadXml_ShouldLogWarningOnlyOnceWithinOneMinute_WhenClassCandidateIsNotValid" />
    </UnitTest>
    <UnitTest name="HasBehaviours_ShouldReturnTrue_WhenEitherIdleOrRemovedIsTrue" storage="d:\actions-runner\_work\xpco\xpco\mip\platformplugin\videoos.platform\unittest\bin\debug\net472\videoos.platform.tests.dll" id="251b347e-5118-6923-54c2-687fcb9f9027">
      <Execution id="6fdd9f9d-362d-4ad6-85af-e4dac38cc5a9" />
      <TestMethod codeBase="D:\actions-runner\_work\XPCO\XPCO\MIP\PlatformPlugin\VideoOS.Platform\unittest\bin\Debug\net472\VideoOS.Platform.Tests.dll" adapterTypeName="executor://mstestadapter/v2" className="VideoOS.Platform.Tests.Metadata.BehaviourTests" name="HasBehaviours_ShouldReturnTrue_WhenEitherIdleOrRemovedIsTrue" />
    </UnitTest>
    <UnitTest name="Serialize_TestCases (TestParentAllPrimitiveProperties)" storage="d:\actions-runner\_work\xpco\xpco\mip\platformplugin\videoos.platform\unittest\bin\debug\net472\videoos.platform.tests.dll" id="1d0e5606-0b8d-94c1-50c1-0642b9810496">
      <Execution id="028b5cc5-44e9-4e4e-9363-3ad75f3b4912" />
      <TestMethod codeBase="D:\actions-runner\_work\XPCO\XPCO\MIP\PlatformPlugin\VideoOS.Platform\unittest\bin\Debug\net472\VideoOS.Platform.Tests.dll" adapterTypeName="executor://mstestadapter/v2" className="VideoOS.Platform.Tests.UI.Controls.Automation.Serialization.AutomationObjectSerializerTest" name="Serialize_TestCases" />
    </UnitTest>
    <UnitTest name="Clear_NonEmptyQueue_QueueCleared" storage="d:\actions-runner\_work\xpco\xpco\mip\platformplugin\videoos.platform\unittest\bin\debug\net472\videoos.platform.tests.dll" id="ce34eb52-9bf0-0190-75b5-426ffc55227b">
      <Execution id="3d789f68-b665-4f8a-ba96-91600c2b6275" />
      <TestMethod codeBase="D:\actions-runner\_work\XPCO\XPCO\MIP\PlatformPlugin\VideoOS.Platform\unittest\bin\Debug\net472\VideoOS.Platform.Tests.dll" adapterTypeName="executor://mstestadapter/v2" className="VideoOS.Platform.Tests.Util.Queue.ConcurrentQueueSlimTests" name="Clear_NonEmptyQueue_QueueCleared" />
    </UnitTest>
    <UnitTest name="Serialize_Deserialize_WithSpecialChars" storage="d:\actions-runner\_work\xpco\xpco\mip\platformplugin\videoos.platform\unittest\bin\debug\net472\videoos.platform.tests.dll" id="88aa33f2-80ef-ffeb-281e-b6e341b95ce9">
      <Execution id="d8e1f190-3786-4b6e-9eae-8d0d627e26f8" />
      <TestMethod codeBase="D:\actions-runner\_work\XPCO\XPCO\MIP\PlatformPlugin\VideoOS.Platform\unittest\bin\Debug\net472\VideoOS.Platform.Tests.dll" adapterTypeName="executor://mstestadapter/v2" className="VideoOS.Platform.Tests.ItemTests" name="Serialize_Deserialize_WithSpecialChars" />
    </UnitTest>
    <UnitTest name="GetPrevious_ShouldReturnLastDataEntityFromToolkitCall_WhenDataIsNotInCache" storage="d:\actions-runner\_work\xpco\xpco\mip\platformplugin\videoos.platform\unittest\bin\debug\net472\videoos.platform.tests.dll" id="b9255dfa-9628-1fda-ee6f-f5fa66f81e57">
      <Execution id="1c015e5c-5725-4d37-866c-d52c5be501dc" />
      <TestMethod codeBase="D:\actions-runner\_work\XPCO\XPCO\MIP\PlatformPlugin\VideoOS.Platform\unittest\bin\Debug\net472\VideoOS.Platform.Tests.dll" adapterTypeName="executor://mstestadapter/v2" className="VideoOS.Platform.Tests.Data.MetadataPlaybackSourceTests" name="GetPrevious_ShouldReturnLastDataEntityFromToolkitCall_WhenDataIsNotInCache" />
    </UnitTest>
    <UnitTest name="Serialize_ShouldHandleRecursiveCollectionWithCustomRootObject" storage="d:\actions-runner\_work\xpco\xpco\mip\platformplugin\videoos.platform\unittest\bin\debug\net472\videoos.platform.tests.dll" id="420e5a34-3d7f-4641-51ff-8be4f28538e4">
      <Execution id="b7930329-8ea4-4f6b-8c73-c9f4326adeb7" />
      <TestMethod codeBase="D:\actions-runner\_work\XPCO\XPCO\MIP\PlatformPlugin\VideoOS.Platform\unittest\bin\Debug\net472\VideoOS.Platform.Tests.dll" adapterTypeName="executor://mstestadapter/v2" className="VideoOS.Platform.Tests.UI.Controls.Automation.Serialization.AutomationObjectSerializerRecursionTests" name="Serialize_ShouldHandleRecursiveCollectionWithCustomRootObject" />
    </UnitTest>
    <UnitTest name="RemoveItem_AnalyticsEvent_Success" storage="d:\actions-runner\_work\xpco\xpco\mip\platformplugin\videoos.platform\unittest\bin\debug\net472\videoos.platform.tests.dll" id="d63fece0-6979-6a7f-ca42-f76bdbd7d24d">
      <Execution id="107faba6-3733-4901-adf2-206ba52e39f0" />
      <TestMethod codeBase="D:\actions-runner\_work\XPCO\XPCO\MIP\PlatformPlugin\VideoOS.Platform\unittest\bin\Debug\net472\VideoOS.Platform.Tests.dll" adapterTypeName="executor://mstestadapter/v2" className="VideoOS.Platform.Tests.Proxy.RestApi.RestApiClientDecoratorTests" name="RemoveItem_AnalyticsEvent_Success" />
    </UnitTest>
    <UnitTest name="TestStartSearch_SearchThrowsException_Success" storage="d:\actions-runner\_work\xpco\xpco\mip\platformplugin\videoos.platform\unittest\bin\debug\net472\videoos.platform.tests.dll" id="75ddd398-1cad-151d-e563-84e2015359ae">
      <TestCategory>
        <TestCategoryItem TestCategory="Search" />
      </TestCategory>
      <Execution id="68b367af-0a27-4acc-9154-f5dbb2747156" />
      <TestMethod codeBase="D:\actions-runner\_work\XPCO\XPCO\MIP\PlatformPlugin\VideoOS.Platform\unittest\bin\Debug\net472\VideoOS.Platform.Tests.dll" adapterTypeName="executor://mstestadapter/v2" className="VideoOS.Platform.Tests.Search.SearchManagerTest" name="TestStartSearch_SearchThrowsException_Success" />
    </UnitTest>
    <UnitTest name="ReadXml_ShouldIgnoreClassCandidate_WhenClassCandidateIsNotValid" storage="d:\actions-runner\_work\xpco\xpco\mip\platformplugin\videoos.platform\unittest\bin\debug\net472\videoos.platform.tests.dll" id="fa6e843e-faa4-966b-f711-d61b61e7366c">
      <Execution id="a6754f77-ab4b-4c3d-9dbd-0ff2cb5e48fa" />
      <TestMethod codeBase="D:\actions-runner\_work\XPCO\XPCO\MIP\PlatformPlugin\VideoOS.Platform\unittest\bin\Debug\net472\VideoOS.Platform.Tests.dll" adapterTypeName="executor://mstestadapter/v2" className="VideoOS.Platform.Tests.Metadata.OnvifClassTests" name="ReadXml_ShouldIgnoreClassCandidate_WhenClassCandidateIsNotValid" />
    </UnitTest>
    <UnitTest name="ReadAppearanceExtensionXml_ShouldNotSetBoundingBoxLineThickness_WhenBoundingBoxLineThicknessIsNotPresent" storage="d:\actions-runner\_work\xpco\xpco\mip\platformplugin\videoos.platform\unittest\bin\debug\net472\videoos.platform.tests.dll" id="049489f2-1a42-cae5-971b-5636d7488caa">
      <Execution id="ba2a26f3-1b2a-41c4-a709-cf453ab8736e" />
      <TestMethod codeBase="D:\actions-runner\_work\XPCO\XPCO\MIP\PlatformPlugin\VideoOS.Platform\unittest\bin\Debug\net472\VideoOS.Platform.Tests.dll" adapterTypeName="executor://mstestadapter/v2" className="VideoOS.Platform.Tests.Metadata.RectangleTests" name="ReadAppearanceExtensionXml_ShouldNotSetBoundingBoxLineThickness_WhenBoundingBoxLineThicknessIsNotPresent" />
    </UnitTest>
    <UnitTest name="Serialize_TestCases (TestParentTypeMatchCollectionNotThisTypeNotMatchedProperty)" storage="d:\actions-runner\_work\xpco\xpco\mip\platformplugin\videoos.platform\unittest\bin\debug\net472\videoos.platform.tests.dll" id="e7fd8dc1-f344-e46a-1f5a-badd0fb3eee8">
      <Execution id="9fafad78-5d81-4f9e-bd63-ca24aba4e27d" />
      <TestMethod codeBase="D:\actions-runner\_work\XPCO\XPCO\MIP\PlatformPlugin\VideoOS.Platform\unittest\bin\Debug\net472\VideoOS.Platform.Tests.dll" adapterTypeName="executor://mstestadapter/v2" className="VideoOS.Platform.Tests.UI.Controls.Automation.Serialization.AutomationObjectSerializerTest" name="Serialize_TestCases" />
    </UnitTest>
    <UnitTest name="Add_ShouldNotReplaceLastElement_WhenStartTimeOfLastIsDifferentFromAdded" storage="d:\actions-runner\_work\xpco\xpco\mip\platformplugin\videoos.platform\unittest\bin\debug\net472\videoos.platform.tests.dll" id="c8844d95-6b3e-d2a5-0238-e17eb53985e3">
      <Execution id="720257ac-b77a-4297-bb28-d77d4aed5dd1" />
      <TestMethod codeBase="D:\actions-runner\_work\XPCO\XPCO\MIP\PlatformPlugin\VideoOS.Platform\unittest\bin\Debug\net472\VideoOS.Platform.Tests.dll" adapterTypeName="executor://mstestadapter/v2" className="VideoOS.Platform.Tests.Client.SequenceCacheTests" name="Add_ShouldNotReplaceLastElement_WhenStartTimeOfLastIsDifferentFromAdded" />
    </UnitTest>
    <UnitTest name="GetNearest_ShouldReturnClosestElement_WhenTimestampIsInSmallCache" storage="d:\actions-runner\_work\xpco\xpco\mip\platformplugin\videoos.platform\unittest\bin\debug\net472\videoos.platform.tests.dll" id="f429442b-db90-b095-7991-b9ca4c955f13">
      <Execution id="77309a38-83f2-4d88-ba68-e1e2b5cc1dae" />
      <TestMethod codeBase="D:\actions-runner\_work\XPCO\XPCO\MIP\PlatformPlugin\VideoOS.Platform\unittest\bin\Debug\net472\VideoOS.Platform.Tests.dll" adapterTypeName="executor://mstestadapter/v2" className="VideoOS.Platform.Tests.Data.MetadataCacheTests" name="GetNearest_ShouldReturnClosestElement_WhenTimestampIsInSmallCache" />
    </UnitTest>
    <UnitTest name="ParseArgbString_ShouldThrowFormatException_WhenFormatIsIncorrect" storage="d:\actions-runner\_work\xpco\xpco\mip\platformplugin\videoos.platform\unittest\bin\debug\net472\videoos.platform.tests.dll" id="9a98e390-44f3-131c-5fc0-966dedface8e">
      <Execution id="5723653b-2117-49c3-a4f3-22e84e74227b" />
      <TestMethod codeBase="D:\actions-runner\_work\XPCO\XPCO\MIP\PlatformPlugin\VideoOS.Platform\unittest\bin\Debug\net472\VideoOS.Platform.Tests.dll" adapterTypeName="executor://mstestadapter/v2" className="VideoOS.Platform.Tests.Metadata.DisplayColorTests" name="ParseArgbString_ShouldThrowFormatException_WhenFormatIsIncorrect" />
    </UnitTest>
    <UnitTest name="ReadXml_ShouldIgnoreUnknownChildren_WhenUnknownChildrenArePresent" storage="d:\actions-runner\_work\xpco\xpco\mip\platformplugin\videoos.platform\unittest\bin\debug\net472\videoos.platform.tests.dll" id="dc042fe4-506a-6277-bf5c-9f1d13854fc7">
      <Execution id="d7e25ea7-23c1-4e85-95b8-72598b50daaf" />
      <TestMethod codeBase="D:\actions-runner\_work\XPCO\XPCO\MIP\PlatformPlugin\VideoOS.Platform\unittest\bin\Debug\net472\VideoOS.Platform.Tests.dll" adapterTypeName="executor://mstestadapter/v2" className="VideoOS.Platform.Tests.Metadata.ClassCandidateTests" name="ReadXml_ShouldIgnoreUnknownChildren_WhenUnknownChildrenArePresent" />
    </UnitTest>
    <UnitTest name="Parse_Int_Invalid_end" storage="d:\actions-runner\_work\xpco\xpco\mip\platformplugin\videoos.platform\unittest\bin\debug\net472\videoos.platform.tests.dll" id="3d785457-9ab7-7088-1cc3-dd4fad28665b">
      <Execution id="6529bc2c-9cf9-4d72-9a6e-b5272cb94e01" />
      <TestMethod codeBase="D:\actions-runner\_work\XPCO\XPCO\MIP\PlatformPlugin\VideoOS.Platform\unittest\bin\Debug\net472\VideoOS.Platform.Tests.dll" adapterTypeName="executor://mstestadapter/v2" className="VideoOS.Platform.Tests.Proxy.RestApi.JsonReaderTests" name="Parse_Int_Invalid_end" />
    </UnitTest>
    <UnitTest name="Serialize_TestCases (TestParentTypeMatchDoubleNotThisTypeMatched)" storage="d:\actions-runner\_work\xpco\xpco\mip\platformplugin\videoos.platform\unittest\bin\debug\net472\videoos.platform.tests.dll" id="42302bdc-1d63-06ab-e9d6-928e15c70dec">
      <Execution id="5a7b6ce4-0c58-45b1-b600-ff6d64209128" />
      <TestMethod codeBase="D:\actions-runner\_work\XPCO\XPCO\MIP\PlatformPlugin\VideoOS.Platform\unittest\bin\Debug\net472\VideoOS.Platform.Tests.dll" adapterTypeName="executor://mstestadapter/v2" className="VideoOS.Platform.Tests.UI.Controls.Automation.Serialization.AutomationObjectSerializerTest" name="Serialize_TestCases" />
    </UnitTest>
    <UnitTest name="WriteXml_ShouldWriteTranslateElement_WhenTranslateIsNotNull" storage="d:\actions-runner\_work\xpco\xpco\mip\platformplugin\videoos.platform\unittest\bin\debug\net472\videoos.platform.tests.dll" id="0bd5a705-f6f8-0f3a-8c3d-f1c97380c236">
      <Execution id="47d6f997-e7d5-41e2-9a9d-f0783df3638e" />
      <TestMethod codeBase="D:\actions-runner\_work\XPCO\XPCO\MIP\PlatformPlugin\VideoOS.Platform\unittest\bin\Debug\net472\VideoOS.Platform.Tests.dll" adapterTypeName="executor://mstestadapter/v2" className="VideoOS.Platform.Tests.Metadata.TransformationTests" name="WriteXml_ShouldWriteTranslateElement_WhenTranslateIsNotNull" />
    </UnitTest>
    <UnitTest name="OverlapsWith_ShouldReturnFalse_WhenArgumenEndIsEqualToStart" storage="d:\actions-runner\_work\xpco\xpco\mip\platformplugin\videoos.platform\unittest\bin\debug\net472\videoos.platform.tests.dll" id="78226ef2-fcbe-8c02-29f4-cc48e0495b30">
      <Execution id="8eec57d1-9e43-4513-9e93-cd578ec0d4e7" />
      <TestMethod codeBase="D:\actions-runner\_work\XPCO\XPCO\MIP\PlatformPlugin\VideoOS.Platform\unittest\bin\Debug\net472\VideoOS.Platform.Tests.dll" adapterTypeName="executor://mstestadapter/v2" className="VideoOS.Platform.Tests.Util.TimeIntervalTests" name="OverlapsWith_ShouldReturnFalse_WhenArgumenEndIsEqualToStart" />
    </UnitTest>
    <UnitTest name="EndTimeShouldReturnConstructorParameter" storage="d:\actions-runner\_work\xpco\xpco\mip\platformplugin\videoos.platform\unittest\bin\debug\net472\videoos.platform.tests.dll" id="0138d714-b11a-1112-3975-544e9807700f">
      <Execution id="f7c4ce15-75eb-4c4c-91a1-e260e1ed3bca" />
      <TestMethod codeBase="D:\actions-runner\_work\XPCO\XPCO\MIP\PlatformPlugin\VideoOS.Platform\unittest\bin\Debug\net472\VideoOS.Platform.Tests.dll" adapterTypeName="executor://mstestadapter/v2" className="VideoOS.Platform.Tests.Live.MetadataLiveContentTests" name="EndTimeShouldReturnConstructorParameter" />
    </UnitTest>
    <UnitTest name="TestConstructor_MessageParameters_Success" storage="d:\actions-runner\_work\xpco\xpco\mip\platformplugin\videoos.platform\unittest\bin\debug\net472\videoos.platform.tests.dll" id="d1627721-b0c9-88e8-e34c-f6f72d59002d">
      <Execution id="aa5584af-3af4-4a88-8822-8e8b99d96d0d" />
      <TestMethod codeBase="D:\actions-runner\_work\XPCO\XPCO\MIP\PlatformPlugin\VideoOS.Platform\unittest\bin\Debug\net472\VideoOS.Platform.Tests.dll" adapterTypeName="executor://mstestadapter/v2" className="VideoOS.Platform.Tests.Search.Error.CustomSearchErrorTest" name="TestConstructor_MessageParameters_Success" />
    </UnitTest>
    <UnitTest name="Equals_IgnoreFolderType_Fail_OnObjectString" storage="d:\actions-runner\_work\xpco\xpco\mip\platformplugin\videoos.platform\unittest\bin\debug\net472\videoos.platform.tests.dll" id="68f5557d-4bd5-ebae-3a22-537c1702d781">
      <Execution id="b1cf0fcb-23c3-4491-a387-1a1ac49f9ccc" />
      <TestMethod codeBase="D:\actions-runner\_work\XPCO\XPCO\MIP\PlatformPlugin\VideoOS.Platform\unittest\bin\Debug\net472\VideoOS.Platform.Tests.dll" adapterTypeName="executor://mstestadapter/v2" className="VideoOS.Platform.Tests.FQIDtests" name="Equals_IgnoreFolderType_Fail_OnObjectString" />
    </UnitTest>
    <UnitTest name="WriteXml_ShouldWriteDescriptionElement_WhenDescriptionIsNotNull" storage="d:\actions-runner\_work\xpco\xpco\mip\platformplugin\videoos.platform\unittest\bin\debug\net472\videoos.platform.tests.dll" id="90272f82-6dbb-9ffb-b9a3-664aee5c00a3">
      <Execution id="7fead60f-d95f-4bf4-b04e-50641ad1a319" />
      <TestMethod codeBase="D:\actions-runner\_work\XPCO\XPCO\MIP\PlatformPlugin\VideoOS.Platform\unittest\bin\Debug\net472\VideoOS.Platform.Tests.dll" adapterTypeName="executor://mstestadapter/v2" className="VideoOS.Platform.Tests.Metadata.AppearanceTests" name="WriteXml_ShouldWriteDescriptionElement_WhenDescriptionIsNotNull" />
    </UnitTest>
    <UnitTest name="GenerateParameters_ShouldThrowInvalidOperationException_WhenThereAreMoreThanOneCameraDevice" storage="d:\actions-runner\_work\xpco\xpco\mip\platformplugin\videoos.platform\unittest\bin\debug\net472\videoos.platform.tests.dll" id="e7a315f9-584b-e4f3-8469-ce4f80c3387c">
      <Execution id="ef1a18df-8cae-41a9-88de-cdb5bbcc002d" />
      <TestMethod codeBase="D:\actions-runner\_work\XPCO\XPCO\MIP\PlatformPlugin\VideoOS.Platform\unittest\bin\Debug\net472\VideoOS.Platform.Tests.dll" adapterTypeName="executor://mstestadapter/v2" className="VideoOS.Platform.Tests.Data.HardwareDefinitionTests" name="GenerateParameters_ShouldThrowInvalidOperationException_WhenThereAreMoreThanOneCameraDevice" />
    </UnitTest>
    <UnitTest name="ReadXml_ShouldReadYAttribute_WhenPresent" storage="d:\actions-runner\_work\xpco\xpco\mip\platformplugin\videoos.platform\unittest\bin\debug\net472\videoos.platform.tests.dll" id="63299308-d7dd-b56e-acf5-b1b102f32d4f">
      <Execution id="506e55be-f214-4640-9dec-824fde9c50aa" />
      <TestMethod codeBase="D:\actions-runner\_work\XPCO\XPCO\MIP\PlatformPlugin\VideoOS.Platform\unittest\bin\Debug\net472\VideoOS.Platform.Tests.dll" adapterTypeName="executor://mstestadapter/v2" className="VideoOS.Platform.Tests.Metadata.VectorTests" name="ReadXml_ShouldReadYAttribute_WhenPresent" />
    </UnitTest>
    <UnitTest name="Serialize_TestCases (Verify root Generic (not null) property)" storage="d:\actions-runner\_work\xpco\xpco\mip\platformplugin\videoos.platform\unittest\bin\debug\net472\videoos.platform.tests.dll" id="138cc152-3c37-d294-08c0-e36a93e3d725">
      <Execution id="dadb77a4-0445-406a-829c-a570a87024aa" />
      <TestMethod codeBase="D:\actions-runner\_work\XPCO\XPCO\MIP\PlatformPlugin\VideoOS.Platform\unittest\bin\Debug\net472\VideoOS.Platform.Tests.dll" adapterTypeName="executor://mstestadapter/v2" className="VideoOS.Platform.Tests.UI.Controls.Automation.Serialization.AutomationObjectSerializerTest" name="Serialize_TestCases" />
    </UnitTest>
    <UnitTest name="GenerateParameters_ShouldWriteNumberOfMetadataDevicesAsMDStream_WhenAlways" storage="d:\actions-runner\_work\xpco\xpco\mip\platformplugin\videoos.platform\unittest\bin\debug\net472\videoos.platform.tests.dll" id="03f9a419-da0b-13cb-434c-e5eb4d3017d6">
      <Execution id="8ba17cc8-0c5a-4c0d-9bf0-2fa51dea44d1" />
      <TestMethod codeBase="D:\actions-runner\_work\XPCO\XPCO\MIP\PlatformPlugin\VideoOS.Platform\unittest\bin\Debug\net472\VideoOS.Platform.Tests.dll" adapterTypeName="executor://mstestadapter/v2" className="VideoOS.Platform.Tests.Data.HardwareDefinitionTests" name="GenerateParameters_ShouldWriteNumberOfMetadataDevicesAsMDStream_WhenAlways" />
    </UnitTest>
    <UnitTest name="Serialize_TestCases (TestParentTypeMatchDoubleNotThisTypeNotMatched)" storage="d:\actions-runner\_work\xpco\xpco\mip\platformplugin\videoos.platform\unittest\bin\debug\net472\videoos.platform.tests.dll" id="8a7bd819-1e06-2c6a-fe76-84522fed468a">
      <Execution id="4a5bdbc7-a25b-475f-92ca-0d8a7943b336" />
      <TestMethod codeBase="D:\actions-runner\_work\XPCO\XPCO\MIP\PlatformPlugin\VideoOS.Platform\unittest\bin\Debug\net472\VideoOS.Platform.Tests.dll" adapterTypeName="executor://mstestadapter/v2" className="VideoOS.Platform.Tests.UI.Controls.Automation.Serialization.AutomationObjectSerializerTest" name="Serialize_TestCases" />
    </UnitTest>
    <UnitTest name="Serialize_ToString" storage="d:\actions-runner\_work\xpco\xpco\mip\platformplugin\videoos.platform\unittest\bin\debug\net472\videoos.platform.tests.dll" id="8a0529d6-a867-bdfa-4c0f-fc7fea5b6129">
      <Execution id="76559c45-7527-4e8c-a44e-95db4b60a607" />
      <TestMethod codeBase="D:\actions-runner\_work\XPCO\XPCO\MIP\PlatformPlugin\VideoOS.Platform\unittest\bin\Debug\net472\VideoOS.Platform.Tests.dll" adapterTypeName="executor://mstestadapter/v2" className="VideoOS.Platform.Tests.ItemTests" name="Serialize_ToString" />
    </UnitTest>
    <UnitTest name="SplitString_When2Levels_Splits" storage="d:\actions-runner\_work\xpco\xpco\mip\platformplugin\videoos.platform\unittest\bin\debug\net472\videoos.platform.tests.dll" id="6fe02979-6afc-53d3-587b-e4a584169c47">
      <Execution id="1ea96a09-a7fd-42da-a916-43ca12b8d78a" />
      <TestMethod codeBase="D:\actions-runner\_work\XPCO\XPCO\MIP\PlatformPlugin\VideoOS.Platform\unittest\bin\Debug\net472\VideoOS.Platform.Tests.dll" adapterTypeName="executor://mstestadapter/v2" className="VideoOS.Platform.Tests.Util.StringSplitterTests" name="SplitString_When2Levels_Splits" />
    </UnitTest>
    <UnitTest name="ReadAppearanceExtensionXml_ShouldReadBoundingBoxLineColor_WhenBoundingBoxLineColorIsPresent" storage="d:\actions-runner\_work\xpco\xpco\mip\platformplugin\videoos.platform\unittest\bin\debug\net472\videoos.platform.tests.dll" id="ac145d13-4c02-a67c-cc07-a100e99d94e8">
      <Execution id="6274d543-3e31-4739-8975-4eb139144133" />
      <TestMethod codeBase="D:\actions-runner\_work\XPCO\XPCO\MIP\PlatformPlugin\VideoOS.Platform\unittest\bin\Debug\net472\VideoOS.Platform.Tests.dll" adapterTypeName="executor://mstestadapter/v2" className="VideoOS.Platform.Tests.Metadata.RectangleTests" name="ReadAppearanceExtensionXml_ShouldReadBoundingBoxLineColor_WhenBoundingBoxLineColorIsPresent" />
    </UnitTest>
    <UnitTest name="Serialize_TestCases (TestParentTypeMatchEnumThisTypeMatched)" storage="d:\actions-runner\_work\xpco\xpco\mip\platformplugin\videoos.platform\unittest\bin\debug\net472\videoos.platform.tests.dll" id="170477bd-09ab-210a-5f06-ead624d7a716">
      <Execution id="f10b0650-77f7-44ab-b4f8-0ec5860337fb" />
      <TestMethod codeBase="D:\actions-runner\_work\XPCO\XPCO\MIP\PlatformPlugin\VideoOS.Platform\unittest\bin\Debug\net472\VideoOS.Platform.Tests.dll" adapterTypeName="executor://mstestadapter/v2" className="VideoOS.Platform.Tests.UI.Controls.Automation.Serialization.AutomationObjectSerializerTest" name="Serialize_TestCases" />
    </UnitTest>
    <UnitTest name="ReadXml_ShouldReadRightAttribute_WhenPresent" storage="d:\actions-runner\_work\xpco\xpco\mip\platformplugin\videoos.platform\unittest\bin\debug\net472\videoos.platform.tests.dll" id="57917bfd-ab9b-4422-cadc-1c44ad6d5244">
      <Execution id="1dd94e3e-6b1e-424c-9889-748bc1ad2ba6" />
      <TestMethod codeBase="D:\actions-runner\_work\XPCO\XPCO\MIP\PlatformPlugin\VideoOS.Platform\unittest\bin\Debug\net472\VideoOS.Platform.Tests.dll" adapterTypeName="executor://mstestadapter/v2" className="VideoOS.Platform.Tests.Metadata.RectangleTests" name="ReadXml_ShouldReadRightAttribute_WhenPresent" />
    </UnitTest>
    <UnitTest name="GetPropertiesAsync_SingleInvocation_DelegatedToInternalMethod" storage="d:\actions-runner\_work\xpco\xpco\mip\platformplugin\videoos.platform\unittest\bin\debug\net472\videoos.platform.tests.dll" id="7c25e9d9-71c3-90cd-d0cc-85e1e58efd6b">
      <TestCategory>
        <TestCategoryItem TestCategory="Search" />
      </TestCategory>
      <Execution id="042c1a22-51ec-4956-bbf5-c7bcb5bdc4d3" />
      <TestMethod codeBase="D:\actions-runner\_work\XPCO\XPCO\MIP\PlatformPlugin\VideoOS.Platform\unittest\bin\Debug\net472\VideoOS.Platform.Tests.dll" adapterTypeName="executor://mstestadapter/v2" className="VideoOS.Platform.Tests.Search.SearchResultDataTest" name="GetPropertiesAsync_SingleInvocation_DelegatedToInternalMethod" />
    </UnitTest>
    <UnitTest name="Serialize_TestCases (TestParentTypeMatchStructThisTypeMatchedProperty)" storage="d:\actions-runner\_work\xpco\xpco\mip\platformplugin\videoos.platform\unittest\bin\debug\net472\videoos.platform.tests.dll" id="842604dd-d444-a7f4-534b-b4af91f3f95c">
      <Execution id="5539a5e9-73c0-4e62-ace4-3a08149bcb4c" />
      <TestMethod codeBase="D:\actions-runner\_work\XPCO\XPCO\MIP\PlatformPlugin\VideoOS.Platform\unittest\bin\Debug\net472\VideoOS.Platform.Tests.dll" adapterTypeName="executor://mstestadapter/v2" className="VideoOS.Platform.Tests.UI.Controls.Automation.Serialization.AutomationObjectSerializerTest" name="Serialize_TestCases" />
    </UnitTest>
    <UnitTest name="CreateSearchResultUserControl_MultiplePlugins_Success" storage="d:\actions-runner\_work\xpco\xpco\mip\platformplugin\videoos.platform\unittest\bin\debug\net472\videoos.platform.tests.dll" id="0bb9d93a-5004-9ba8-d379-d792df82598b">
      <TestCategory>
        <TestCategoryItem TestCategory="Search" />
      </TestCategory>
      <Execution id="89084607-358b-4c7a-bc92-f29429b22d31" />
      <TestMethod codeBase="D:\actions-runner\_work\XPCO\XPCO\MIP\PlatformPlugin\VideoOS.Platform\unittest\bin\Debug\net472\VideoOS.Platform.Tests.dll" adapterTypeName="executor://mstestadapter/v2" className="VideoOS.Platform.Tests.Search.SearchUserControlResolverTest" name="CreateSearchResultUserControl_MultiplePlugins_Success" />
    </UnitTest>
    <UnitTest name="Equals_Fail_OnServerIdId" storage="d:\actions-runner\_work\xpco\xpco\mip\platformplugin\videoos.platform\unittest\bin\debug\net472\videoos.platform.tests.dll" id="276c0e6d-3f7a-82fd-4800-9c53564baba3">
      <Execution id="3321cdab-0119-4b67-a308-d3eaf1d7cd51" />
      <TestMethod codeBase="D:\actions-runner\_work\XPCO\XPCO\MIP\PlatformPlugin\VideoOS.Platform\unittest\bin\Debug\net472\VideoOS.Platform.Tests.dll" adapterTypeName="executor://mstestadapter/v2" className="VideoOS.Platform.Tests.FQIDtests" name="Equals_Fail_OnServerIdId" />
    </UnitTest>
    <UnitTest name="TestStartSearch_Success" storage="d:\actions-runner\_work\xpco\xpco\mip\platformplugin\videoos.platform\unittest\bin\debug\net472\videoos.platform.tests.dll" id="125978d4-3525-643c-7140-287b2e679bf8">
      <TestCategory>
        <TestCategoryItem TestCategory="Search" />
      </TestCategory>
      <Execution id="56866a3c-dfd9-4605-ad70-3edb5f3bec43" />
      <TestMethod codeBase="D:\actions-runner\_work\XPCO\XPCO\MIP\PlatformPlugin\VideoOS.Platform\unittest\bin\Debug\net472\VideoOS.Platform.Tests.dll" adapterTypeName="executor://mstestadapter/v2" className="VideoOS.Platform.Tests.Search.SearchManagerTest" name="TestStartSearch_Success" />
    </UnitTest>
    <UnitTest name="JoinString_When2Levels_Joins" storage="d:\actions-runner\_work\xpco\xpco\mip\platformplugin\videoos.platform\unittest\bin\debug\net472\videoos.platform.tests.dll" id="16b9cd71-246d-5b51-e461-fdc7db24fde9">
      <Execution id="bfdbd58c-a482-41ca-b2c1-0139df0d5a53" />
      <TestMethod codeBase="D:\actions-runner\_work\XPCO\XPCO\MIP\PlatformPlugin\VideoOS.Platform\unittest\bin\Debug\net472\VideoOS.Platform.Tests.dll" adapterTypeName="executor://mstestadapter/v2" className="VideoOS.Platform.Tests.Util.StringSplitterTests" name="JoinString_When2Levels_Joins" />
    </UnitTest>
    <UnitTest name="GetItem_Camera_Success" storage="d:\actions-runner\_work\xpco\xpco\mip\platformplugin\videoos.platform\unittest\bin\debug\net472\videoos.platform.tests.dll" id="ad47bd46-9837-73d0-5609-780aff02d505">
      <Execution id="8c6ed150-1165-4e09-8efa-8dc7c0ba241d" />
      <TestMethod codeBase="D:\actions-runner\_work\XPCO\XPCO\MIP\PlatformPlugin\VideoOS.Platform\unittest\bin\Debug\net472\VideoOS.Platform.Tests.dll" adapterTypeName="executor://mstestadapter/v2" className="VideoOS.Platform.Tests.Proxy.RestApi.RestApiClientDecoratorTests" name="GetItem_Camera_Success" />
    </UnitTest>
    <UnitTest name="ReadXml_ShouldSetAllPropertiesToZero_WhenElementIsEmpty" storage="d:\actions-runner\_work\xpco\xpco\mip\platformplugin\videoos.platform\unittest\bin\debug\net472\videoos.platform.tests.dll" id="c2a92498-f703-1b39-7778-71f05b13e27d">
      <Execution id="05b5f0bc-8376-4d3a-a2b6-cb66be32d310" />
      <TestMethod codeBase="D:\actions-runner\_work\XPCO\XPCO\MIP\PlatformPlugin\VideoOS.Platform\unittest\bin\Debug\net472\VideoOS.Platform.Tests.dll" adapterTypeName="executor://mstestadapter/v2" className="VideoOS.Platform.Tests.Metadata.RectangleTests" name="ReadXml_ShouldSetAllPropertiesToZero_WhenElementIsEmpty" />
    </UnitTest>
    <UnitTest name="ReadyToClose_OkCommand_SingleSelect_Thrown" storage="d:\actions-runner\_work\xpco\xpco\mip\platformplugin\videoos.platform\unittest\bin\debug\net472\videoos.platform.tests.dll" id="be7d7f3c-32c0-1ba5-667f-eebdbcb535c4">
      <Execution id="338fd435-97b2-43db-86d4-c1df9ce2871a" />
      <TestMethod codeBase="D:\actions-runner\_work\XPCO\XPCO\MIP\PlatformPlugin\VideoOS.Platform\unittest\bin\Debug\net472\VideoOS.Platform.Tests.dll" adapterTypeName="executor://mstestadapter/v2" className="VideoOS.Platform.Tests.UI.ItemPicker.ItemPickerWindowViewModelTest" name="ReadyToClose_OkCommand_SingleSelect_Thrown" />
    </UnitTest>
    <UnitTest name="WriteXml_ShouldWriteIsIdleElement_WhenIsIdleIsTrue" storage="d:\actions-runner\_work\xpco\xpco\mip\platformplugin\videoos.platform\unittest\bin\debug\net472\videoos.platform.tests.dll" id="3c09d4cb-f13e-d121-455f-42d4e3bd3224">
      <Execution id="db96db64-355e-4a23-a44d-e3a07815c47e" />
      <TestMethod codeBase="D:\actions-runner\_work\XPCO\XPCO\MIP\PlatformPlugin\VideoOS.Platform\unittest\bin\Debug\net472\VideoOS.Platform.Tests.dll" adapterTypeName="executor://mstestadapter/v2" className="VideoOS.Platform.Tests.Metadata.BehaviourTests" name="WriteXml_ShouldWriteIsIdleElement_WhenIsIdleIsTrue" />
    </UnitTest>
    <UnitTest name="ModifyCollection_ShouldNotInvokeCallback_WhenNotObservable" storage="d:\actions-runner\_work\xpco\xpco\mip\platformplugin\videoos.platform\unittest\bin\debug\net472\videoos.platform.tests.dll" id="0a40eef3-f831-ffd2-4845-4121490071ff">
      <Execution id="17339e30-df39-453f-bc09-545264a80246" />
      <TestMethod codeBase="D:\actions-runner\_work\XPCO\XPCO\MIP\PlatformPlugin\VideoOS.Platform\unittest\bin\Debug\net472\VideoOS.Platform.Tests.dll" adapterTypeName="executor://mstestadapter/v2" className="VideoOS.Platform.Tests.UI.Controls.CollectionHelperTest" name="ModifyCollection_ShouldNotInvokeCallback_WhenNotObservable" />
    </UnitTest>
    <UnitTest name="ToString_MipItemNotSet_Is_Empty" storage="d:\actions-runner\_work\xpco\xpco\mip\platformplugin\videoos.platform\unittest\bin\debug\net472\videoos.platform.tests.dll" id="463ed80f-116f-24dc-3550-f13e45fe4889">
      <Execution id="1b85b514-fe78-4fa6-b558-adbdcc405d31" />
      <TestMethod codeBase="D:\actions-runner\_work\XPCO\XPCO\MIP\PlatformPlugin\VideoOS.Platform\unittest\bin\Debug\net472\VideoOS.Platform.Tests.dll" adapterTypeName="executor://mstestadapter/v2" className="VideoOS.Platform.Tests.UI.ItemPicker.ItemViewModelTest" name="ToString_MipItemNotSet_Is_Empty" />
    </UnitTest>
    <UnitTest name="Serialize_ShouldHandleCollectionFilter_WhenMatchingCollectionItemsTypeAndItMatchesAll" storage="d:\actions-runner\_work\xpco\xpco\mip\platformplugin\videoos.platform\unittest\bin\debug\net472\videoos.platform.tests.dll" id="d1645eb5-871e-4ef4-8f57-61d470c8d63a">
      <Execution id="89753035-e123-4dc0-859e-cfc1de8fdd1d" />
      <TestMethod codeBase="D:\actions-runner\_work\XPCO\XPCO\MIP\PlatformPlugin\VideoOS.Platform\unittest\bin\Debug\net472\VideoOS.Platform.Tests.dll" adapterTypeName="executor://mstestadapter/v2" className="VideoOS.Platform.Tests.UI.Controls.Automation.Serialization.AutomationObjectSerializerTypeFilterTests" name="Serialize_ShouldHandleCollectionFilter_WhenMatchingCollectionItemsTypeAndItMatchesAll" />
    </UnitTest>
    <UnitTest name="Serialize_TestCases (TestParentTypeMatchBoolNotThisTypeMatched)" storage="d:\actions-runner\_work\xpco\xpco\mip\platformplugin\videoos.platform\unittest\bin\debug\net472\videoos.platform.tests.dll" id="d8efbbc3-789a-3585-978c-2744f717a173">
      <Execution id="ca05355b-7e1e-40d5-b001-208cdc7e4d00" />
      <TestMethod codeBase="D:\actions-runner\_work\XPCO\XPCO\MIP\PlatformPlugin\VideoOS.Platform\unittest\bin\Debug\net472\VideoOS.Platform.Tests.dll" adapterTypeName="executor://mstestadapter/v2" className="VideoOS.Platform.Tests.UI.Controls.Automation.Serialization.AutomationObjectSerializerTest" name="Serialize_TestCases" />
    </UnitTest>
    <UnitTest name="ReadXml_ShouldReadXAttribute_WhenPresent" storage="d:\actions-runner\_work\xpco\xpco\mip\platformplugin\videoos.platform\unittest\bin\debug\net472\videoos.platform.tests.dll" id="44454256-30a7-bf45-41dd-badf653c0c55">
      <Execution id="8fa75275-eb54-4879-bca9-8d39c4fb4744" />
      <TestMethod codeBase="D:\actions-runner\_work\XPCO\XPCO\MIP\PlatformPlugin\VideoOS.Platform\unittest\bin\Debug\net472\VideoOS.Platform.Tests.dll" adapterTypeName="executor://mstestadapter/v2" className="VideoOS.Platform.Tests.Metadata.DisplayTextTests" name="ReadXml_ShouldReadXAttribute_WhenPresent" />
    </UnitTest>
    <UnitTest name="WriteXml_ShouldOmitElements_WhenTheyAreNull" storage="d:\actions-runner\_work\xpco\xpco\mip\platformplugin\videoos.platform\unittest\bin\debug\net472\videoos.platform.tests.dll" id="5f559e43-4e08-7018-bc21-dc71856c4701">
      <Execution id="2629eeb6-668b-4a09-8c42-a0ef868662dc" />
      <TestMethod codeBase="D:\actions-runner\_work\XPCO\XPCO\MIP\PlatformPlugin\VideoOS.Platform\unittest\bin\Debug\net472\VideoOS.Platform.Tests.dll" adapterTypeName="executor://mstestadapter/v2" className="VideoOS.Platform.Tests.Metadata.AppearanceTests" name="WriteXml_ShouldOmitElements_WhenTheyAreNull" />
    </UnitTest>
    <UnitTest name="Serialize_TestCases (TestParentTypeMatchInterfaceNotThisTypeMatched)" storage="d:\actions-runner\_work\xpco\xpco\mip\platformplugin\videoos.platform\unittest\bin\debug\net472\videoos.platform.tests.dll" id="414c5895-8dd8-94f9-72cb-0d89388d009c">
      <Execution id="424ed074-6321-4830-9a90-2a0dc21ef6ac" />
      <TestMethod codeBase="D:\actions-runner\_work\XPCO\XPCO\MIP\PlatformPlugin\VideoOS.Platform\unittest\bin\Debug\net472\VideoOS.Platform.Tests.dll" adapterTypeName="executor://mstestadapter/v2" className="VideoOS.Platform.Tests.UI.Controls.Automation.Serialization.AutomationObjectSerializerTest" name="Serialize_TestCases" />
    </UnitTest>
    <UnitTest name="WriteXml_ShouldWriteCenterOfGravityContents_WhenCenterOfGravityIsNotNull" storage="d:\actions-runner\_work\xpco\xpco\mip\platformplugin\videoos.platform\unittest\bin\debug\net472\videoos.platform.tests.dll" id="79bbf345-4c1f-d3ec-6206-5d160bd2b4aa">
      <Execution id="eb44f6e5-9324-4dfe-aaaa-c9706cc5c819" />
      <TestMethod codeBase="D:\actions-runner\_work\XPCO\XPCO\MIP\PlatformPlugin\VideoOS.Platform\unittest\bin\Debug\net472\VideoOS.Platform.Tests.dll" adapterTypeName="executor://mstestadapter/v2" className="VideoOS.Platform.Tests.Metadata.ShapeTests" name="WriteXml_ShouldWriteCenterOfGravityContents_WhenCenterOfGravityIsNotNull" />
    </UnitTest>
    <UnitTest name="Serialize_ShouldIncludeOptionDecorations_WhenPropertyIsCollectionOfObjectsAndNoPropertiesRequestedInPath" storage="d:\actions-runner\_work\xpco\xpco\mip\platformplugin\videoos.platform\unittest\bin\debug\net472\videoos.platform.tests.dll" id="8d35e87b-236d-d2d1-5276-ca6f3e50fdcb">
      <Execution id="befcb9c5-2a4a-4c1e-bf3f-4d965427fa02" />
      <TestMethod codeBase="D:\actions-runner\_work\XPCO\XPCO\MIP\PlatformPlugin\VideoOS.Platform\unittest\bin\Debug\net472\VideoOS.Platform.Tests.dll" adapterTypeName="executor://mstestadapter/v2" className="VideoOS.Platform.Tests.UI.Controls.Automation.Serialization.AutomationObjectSerializerTest" name="Serialize_ShouldIncludeOptionDecorations_WhenPropertyIsCollectionOfObjectsAndNoPropertiesRequestedInPath" />
    </UnitTest>
    <UnitTest name="Constructor_ShouldThrowArgumentException_WhenModelIsWhiteSpaceOrEmpty" storage="d:\actions-runner\_work\xpco\xpco\mip\platformplugin\videoos.platform\unittest\bin\debug\net472\videoos.platform.tests.dll" id="cb3227bb-d1a5-0c0d-9089-9f393e7c3688">
      <Execution id="398becda-f689-4d14-baf0-d7f30f1e275a" />
      <TestMethod codeBase="D:\actions-runner\_work\XPCO\XPCO\MIP\PlatformPlugin\VideoOS.Platform\unittest\bin\Debug\net472\VideoOS.Platform.Tests.dll" adapterTypeName="executor://mstestadapter/v2" className="VideoOS.Platform.Tests.Data.HardwareDefinitionTests" name="Constructor_ShouldThrowArgumentException_WhenModelIsWhiteSpaceOrEmpty" />
    </UnitTest>
    <UnitTest name="WriteXml_ShouldWriteItalicAttribute_WhenSet" storage="d:\actions-runner\_work\xpco\xpco\mip\platformplugin\videoos.platform\unittest\bin\debug\net472\videoos.platform.tests.dll" id="c3a53dbd-9899-8fac-d500-c2b7239c74d4">
      <Execution id="92458d6e-a895-4b24-9dfe-7d99aeba8574" />
      <TestMethod codeBase="D:\actions-runner\_work\XPCO\XPCO\MIP\PlatformPlugin\VideoOS.Platform\unittest\bin\Debug\net472\VideoOS.Platform.Tests.dll" adapterTypeName="executor://mstestadapter/v2" className="VideoOS.Platform.Tests.Metadata.DisplayTextTests" name="WriteXml_ShouldWriteItalicAttribute_WhenSet" />
    </UnitTest>
    <UnitTest name="GetBoundingShapesAsync_MultipleInvocations_DelegatedToInternalMethodOnlyOnce" storage="d:\actions-runner\_work\xpco\xpco\mip\platformplugin\videoos.platform\unittest\bin\debug\net472\videoos.platform.tests.dll" id="11c28579-30cf-d22c-ee3d-3776ee719321">
      <TestCategory>
        <TestCategoryItem TestCategory="Search" />
      </TestCategory>
      <Execution id="365bef81-9671-42fe-91d5-a3c39fbaa440" />
      <TestMethod codeBase="D:\actions-runner\_work\XPCO\XPCO\MIP\PlatformPlugin\VideoOS.Platform\unittest\bin\Debug\net472\VideoOS.Platform.Tests.dll" adapterTypeName="executor://mstestadapter/v2" className="VideoOS.Platform.Tests.Search.SearchResultDataTest" name="GetBoundingShapesAsync_MultipleInvocations_DelegatedToInternalMethodOnlyOnce" />
    </UnitTest>
    <UnitTest name="Equals_IgnoreFolderType_Fail_OnParentId" storage="d:\actions-runner\_work\xpco\xpco\mip\platformplugin\videoos.platform\unittest\bin\debug\net472\videoos.platform.tests.dll" id="a7dc6179-c1b7-aef9-5686-edbcfe9b120d">
      <Execution id="4bf8c507-042f-4ff2-859b-2c5c4db1a0d5" />
      <TestMethod codeBase="D:\actions-runner\_work\XPCO\XPCO\MIP\PlatformPlugin\VideoOS.Platform\unittest\bin\Debug\net472\VideoOS.Platform.Tests.dll" adapterTypeName="executor://mstestadapter/v2" className="VideoOS.Platform.Tests.FQIDtests" name="Equals_IgnoreFolderType_Fail_OnParentId" />
    </UnitTest>
    <UnitTest name="ProvideValue_ShouldChangeContentTemplate_WhenItemContentTemplatePropertyNameIsSet" storage="d:\actions-runner\_work\xpco\xpco\mip\platformplugin\videoos.platform\unittest\bin\debug\net472\videoos.platform.tests.dll" id="6d35c2c3-73b0-8587-396e-ba4ccb5d6691">
      <TestCategory>
        <TestCategoryItem TestCategory="TabControls" />
      </TestCategory>
      <Execution id="f147714c-b77a-4938-be7f-a3bcb2547308" />
      <TestMethod codeBase="D:\actions-runner\_work\XPCO\XPCO\MIP\PlatformPlugin\VideoOS.Platform\unittest\bin\Debug\net472\VideoOS.Platform.Tests.dll" adapterTypeName="executor://mstestadapter/v2" className="VideoOS.Platform.Tests.UI.Controls.TabControls.Internal.Primary.ItemContentTemplateExtensionTest" name="ProvideValue_ShouldChangeContentTemplate_WhenItemContentTemplatePropertyNameIsSet" />
    </UnitTest>
    <UnitTest name="ReadXml_ShouldReadYAttribute_WhenPresent" storage="d:\actions-runner\_work\xpco\xpco\mip\platformplugin\videoos.platform\unittest\bin\debug\net472\videoos.platform.tests.dll" id="cd0e928a-8fb2-a8c8-3e57-58d7e6ebe361">
      <Execution id="70bb04de-26b4-4388-8bc1-37053fa4171d" />
      <TestMethod codeBase="D:\actions-runner\_work\XPCO\XPCO\MIP\PlatformPlugin\VideoOS.Platform\unittest\bin\Debug\net472\VideoOS.Platform.Tests.dll" adapterTypeName="executor://mstestadapter/v2" className="VideoOS.Platform.Tests.Metadata.DisplayTextTests" name="ReadXml_ShouldReadYAttribute_WhenPresent" />
    </UnitTest>
    <UnitTest name="CreateSearchResultUserControl_SinglePluginMultipleSearchResultTypes_Success" storage="d:\actions-runner\_work\xpco\xpco\mip\platformplugin\videoos.platform\unittest\bin\debug\net472\videoos.platform.tests.dll" id="146594a1-db48-d7ad-577b-cf76cd9c279b">
      <TestCategory>
        <TestCategoryItem TestCategory="Search" />
      </TestCategory>
      <Execution id="6b1433f7-83d6-48e5-b0cd-fdcd14d92364" />
      <TestMethod codeBase="D:\actions-runner\_work\XPCO\XPCO\MIP\PlatformPlugin\VideoOS.Platform\unittest\bin\Debug\net472\VideoOS.Platform.Tests.dll" adapterTypeName="executor://mstestadapter/v2" className="VideoOS.Platform.Tests.Search.SearchUserControlResolverTest" name="CreateSearchResultUserControl_SinglePluginMultipleSearchResultTypes_Success" />
    </UnitTest>
    <UnitTest name="Minimize_ShouldReturnThreeIntervals_WhenListContainsFiveOverLappingAndNonOverlappingIntervals" storage="d:\actions-runner\_work\xpco\xpco\mip\platformplugin\videoos.platform\unittest\bin\debug\net472\videoos.platform.tests.dll" id="f10e91e5-2148-35b8-c1cd-83b0c57e538b">
      <Execution id="7d99e101-35bc-4f2f-a7fd-e23df01453f1" />
      <TestMethod codeBase="D:\actions-runner\_work\XPCO\XPCO\MIP\PlatformPlugin\VideoOS.Platform\unittest\bin\Debug\net472\VideoOS.Platform.Tests.dll" adapterTypeName="executor://mstestadapter/v2" className="VideoOS.Platform.Tests.Util.TimeIntervalTests" name="Minimize_ShouldReturnThreeIntervals_WhenListContainsFiveOverLappingAndNonOverlappingIntervals" />
    </UnitTest>
    <UnitTest name="GenerateParameters_ShouldOmitGopRange_WhenGopRangeIsNull" storage="d:\actions-runner\_work\xpco\xpco\mip\platformplugin\videoos.platform\unittest\bin\debug\net472\videoos.platform.tests.dll" id="64bf4ca0-c568-7784-9fd7-9241aca3c483">
      <Execution id="d8678feb-dfb8-45e6-bb8c-b2a7b2b605e9" />
      <TestMethod codeBase="D:\actions-runner\_work\XPCO\XPCO\MIP\PlatformPlugin\VideoOS.Platform\unittest\bin\Debug\net472\VideoOS.Platform.Tests.dll" adapterTypeName="executor://mstestadapter/v2" className="VideoOS.Platform.Tests.Data.CameraDeviceDefinitionTests" name="GenerateParameters_ShouldOmitGopRange_WhenGopRangeIsNull" />
    </UnitTest>
    <UnitTest name="LoadedEvent_ShouldAddProxyManager_WhenFrameworkContentElementIsLoadedAtLaterStage" storage="d:\actions-runner\_work\xpco\xpco\mip\platformplugin\videoos.platform\unittest\bin\debug\net472\videoos.platform.tests.dll" id="98ff53fb-3b47-c43e-4b86-adf2da2fb797">
      <TestCategory>
        <TestCategoryItem TestCategory="EventsToCommandMappings" />
      </TestCategory>
      <Execution id="80398300-a406-4876-871d-9a0b883f0062" />
      <TestMethod codeBase="D:\actions-runner\_work\XPCO\XPCO\MIP\PlatformPlugin\VideoOS.Platform\unittest\bin\Debug\net472\VideoOS.Platform.Tests.dll" adapterTypeName="executor://mstestadapter/v2" className="VideoOS.Platform.Tests.UI.Commands.EventsToCommandMappingTest" name="LoadedEvent_ShouldAddProxyManager_WhenFrameworkContentElementIsLoadedAtLaterStage" />
    </UnitTest>
    <UnitTest name="Equals_Fail1" storage="d:\actions-runner\_work\xpco\xpco\mip\platformplugin\videoos.platform\unittest\bin\debug\net472\videoos.platform.tests.dll" id="2308f95d-e716-8457-e2f9-557865d40f5f">
      <Execution id="0c206b55-0ff1-4375-8ec2-bd51d71fb53e" />
      <TestMethod codeBase="D:\actions-runner\_work\XPCO\XPCO\MIP\PlatformPlugin\VideoOS.Platform\unittest\bin\Debug\net472\VideoOS.Platform.Tests.dll" adapterTypeName="executor://mstestadapter/v2" className="VideoOS.Platform.Tests.Messaging.CommunicationIdFilterTests" name="Equals_Fail1" />
    </UnitTest>
    <UnitTest name="ReadAppearanceExtensionXml_ShouldReadBoundingBoxFillColor_WhenBoundingBoxFillColorIsPresent" storage="d:\actions-runner\_work\xpco\xpco\mip\platformplugin\videoos.platform\unittest\bin\debug\net472\videoos.platform.tests.dll" id="545d08a7-8d4d-0e52-621a-4acb7e985873">
      <Execution id="06041f2a-92cf-41ec-bf23-1e0a632b0bfc" />
      <TestMethod codeBase="D:\actions-runner\_work\XPCO\XPCO\MIP\PlatformPlugin\VideoOS.Platform\unittest\bin\Debug\net472\VideoOS.Platform.Tests.dll" adapterTypeName="executor://mstestadapter/v2" className="VideoOS.Platform.Tests.Metadata.RectangleTests" name="ReadAppearanceExtensionXml_ShouldReadBoundingBoxFillColor_WhenBoundingBoxFillColorIsPresent" />
    </UnitTest>
    <UnitTest name="Serialize_TestCases (Verify root Interface (not null) property get property value)" storage="d:\actions-runner\_work\xpco\xpco\mip\platformplugin\videoos.platform\unittest\bin\debug\net472\videoos.platform.tests.dll" id="6e393d7b-94c5-fcd2-56bc-16f28fade189">
      <Execution id="02971fb7-2442-4621-85c3-a352d6e0cbca" />
      <TestMethod codeBase="D:\actions-runner\_work\XPCO\XPCO\MIP\PlatformPlugin\VideoOS.Platform\unittest\bin\Debug\net472\VideoOS.Platform.Tests.dll" adapterTypeName="executor://mstestadapter/v2" className="VideoOS.Platform.Tests.UI.Controls.Automation.Serialization.AutomationObjectSerializerTest" name="Serialize_TestCases" />
    </UnitTest>
    <UnitTest name="GenerateParameters_ShouldOmitQualityRange_WhenQualityRangeIsNull" storage="d:\actions-runner\_work\xpco\xpco\mip\platformplugin\videoos.platform\unittest\bin\debug\net472\videoos.platform.tests.dll" id="a3089784-5b87-5aa6-6c29-ce468fd5b9ef">
      <Execution id="b8e108da-79f9-41a5-b594-66cc15e0aed6" />
      <TestMethod codeBase="D:\actions-runner\_work\XPCO\XPCO\MIP\PlatformPlugin\VideoOS.Platform\unittest\bin\Debug\net472\VideoOS.Platform.Tests.dll" adapterTypeName="executor://mstestadapter/v2" className="VideoOS.Platform.Tests.Data.CameraDeviceDefinitionTests" name="GenerateParameters_ShouldOmitQualityRange_WhenQualityRangeIsNull" />
    </UnitTest>
    <UnitTest name="Ctor_TwoStandardFilters_Success" storage="d:\actions-runner\_work\xpco\xpco\mip\platformplugin\videoos.platform\unittest\bin\debug\net472\videoos.platform.tests.dll" id="9cded436-df00-a929-7b4b-3c1f500b64fe">
      <TestCategory>
        <TestCategoryItem TestCategory="Search" />
      </TestCategory>
      <Execution id="231f9703-41c3-43d8-bdef-356417deb2ca" />
      <TestMethod codeBase="D:\actions-runner\_work\XPCO\XPCO\MIP\PlatformPlugin\VideoOS.Platform\unittest\bin\Debug\net472\VideoOS.Platform.Tests.dll" adapterTypeName="executor://mstestadapter/v2" className="VideoOS.Platform.Tests.Search.FilterCategories.VehicleSearchFilterCategoryTest" name="Ctor_TwoStandardFilters_Success" />
    </UnitTest>
    <UnitTest name="GenerateTypeDefinintionParameters_ShouldWriteNumberOfCapabilities_WhenAlways" storage="d:\actions-runner\_work\xpco\xpco\mip\platformplugin\videoos.platform\unittest\bin\debug\net472\videoos.platform.tests.dll" id="aeeaebaf-8448-f122-1094-fc83a31ad89a">
      <Execution id="88c60025-f9a8-4cd9-b744-6f4de1069969" />
      <TestMethod codeBase="D:\actions-runner\_work\XPCO\XPCO\MIP\PlatformPlugin\VideoOS.Platform\unittest\bin\Debug\net472\VideoOS.Platform.Tests.dll" adapterTypeName="executor://mstestadapter/v2" className="VideoOS.Platform.Tests.Data.MetadataTypeDefinitionTests" name="GenerateTypeDefinintionParameters_ShouldWriteNumberOfCapabilities_WhenAlways" />
    </UnitTest>
    <UnitTest name="GenerateTypeDefinintionParameters_ShouldCallGenerateDeviceCapabilityParametersWithCorrectPrefix_WhenThereAreCapabilities" storage="d:\actions-runner\_work\xpco\xpco\mip\platformplugin\videoos.platform\unittest\bin\debug\net472\videoos.platform.tests.dll" id="3d82fc6e-5f69-e808-ca5d-cd01f3ee4891">
      <Execution id="261fbf2d-0edf-4076-8642-15fc45c8c929" />
      <TestMethod codeBase="D:\actions-runner\_work\XPCO\XPCO\MIP\PlatformPlugin\VideoOS.Platform\unittest\bin\Debug\net472\VideoOS.Platform.Tests.dll" adapterTypeName="executor://mstestadapter/v2" className="VideoOS.Platform.Tests.Data.MetadataTypeDefinitionTests" name="GenerateTypeDefinintionParameters_ShouldCallGenerateDeviceCapabilityParametersWithCorrectPrefix_WhenThereAreCapabilities" />
    </UnitTest>
    <UnitTest name="GetParent_Fail" storage="d:\actions-runner\_work\xpco\xpco\mip\platformplugin\videoos.platform\unittest\bin\debug\net472\videoos.platform.tests.dll" id="3881d3ff-e33d-04a6-6ad4-69b98dedc6b4">
      <Execution id="2b63a8e1-77e7-4310-ac14-85042f513ecc" />
      <TestMethod codeBase="D:\actions-runner\_work\XPCO\XPCO\MIP\PlatformPlugin\VideoOS.Platform\unittest\bin\Debug\net472\VideoOS.Platform.Tests.dll" adapterTypeName="executor://mstestadapter/v2" className="VideoOS.Platform.Tests.FQIDtests" name="GetParent_Fail" />
    </UnitTest>
    <UnitTest name="Get_NoElements_ReturnsNull" storage="d:\actions-runner\_work\xpco\xpco\mip\platformplugin\videoos.platform\unittest\bin\debug\net472\videoos.platform.tests.dll" id="778619f0-485d-357c-9339-4267244fb799">
      <Execution id="70512e1e-d25c-4408-a161-b8d6ee8469b5" />
      <TestMethod codeBase="D:\actions-runner\_work\XPCO\XPCO\MIP\PlatformPlugin\VideoOS.Platform\unittest\bin\Debug\net472\VideoOS.Platform.Tests.dll" adapterTypeName="executor://mstestadapter/v2" className="VideoOS.Platform.Tests.Util.Queue.LRUCacheTests" name="Get_NoElements_ReturnsNull" />
    </UnitTest>
    <UnitTest name="ReadXml_ShouldReadBoundingBox_WhenBoundingBoxIsPresent" storage="d:\actions-runner\_work\xpco\xpco\mip\platformplugin\videoos.platform\unittest\bin\debug\net472\videoos.platform.tests.dll" id="bc614819-04cb-60f8-8b25-b74350480ed8">
      <Execution id="19d7ee92-80ed-4928-8e5c-a0bdc9b43b8a" />
      <TestMethod codeBase="D:\actions-runner\_work\XPCO\XPCO\MIP\PlatformPlugin\VideoOS.Platform\unittest\bin\Debug\net472\VideoOS.Platform.Tests.dll" adapterTypeName="executor://mstestadapter/v2" className="VideoOS.Platform.Tests.Metadata.ShapeTests" name="ReadXml_ShouldReadBoundingBox_WhenBoundingBoxIsPresent" />
    </UnitTest>
    <UnitTest name="Ctor_NullScope_Throws" storage="d:\actions-runner\_work\xpco\xpco\mip\platformplugin\videoos.platform\unittest\bin\debug\net472\videoos.platform.tests.dll" id="cefaab9b-deca-50a1-cf53-bfd0f84b70d8">
      <TestCategory>
        <TestCategoryItem TestCategory="Search" />
      </TestCategory>
      <Execution id="8dc7c824-8ccc-417c-98ae-6cf95595785f" />
      <TestMethod codeBase="D:\actions-runner\_work\XPCO\XPCO\MIP\PlatformPlugin\VideoOS.Platform\unittest\bin\Debug\net472\VideoOS.Platform.Tests.dll" adapterTypeName="executor://mstestadapter/v2" className="VideoOS.Platform.Tests.Search.SearchDefinitionTest" name="Ctor_NullScope_Throws" />
    </UnitTest>
    <UnitTest name="Serialize_ShouldIncludeOptionDecorations_WhenPropertyIsObjectAndNoPropertiesRequestedInPath" storage="d:\actions-runner\_work\xpco\xpco\mip\platformplugin\videoos.platform\unittest\bin\debug\net472\videoos.platform.tests.dll" id="e9e566d8-8c2f-a5c9-6e03-2549ae458328">
      <Execution id="71c9cbd5-8400-416e-8140-2abb4641fcc0" />
      <TestMethod codeBase="D:\actions-runner\_work\XPCO\XPCO\MIP\PlatformPlugin\VideoOS.Platform\unittest\bin\Debug\net472\VideoOS.Platform.Tests.dll" adapterTypeName="executor://mstestadapter/v2" className="VideoOS.Platform.Tests.UI.Controls.Automation.Serialization.AutomationObjectSerializerTest" name="Serialize_ShouldIncludeOptionDecorations_WhenPropertyIsObjectAndNoPropertiesRequestedInPath" />
    </UnitTest>
    <UnitTest name="Move_ShouldInvokeCallback_WhenObservable" storage="d:\actions-runner\_work\xpco\xpco\mip\platformplugin\videoos.platform\unittest\bin\debug\net472\videoos.platform.tests.dll" id="d1e36374-9329-5797-656e-7f2208258af5">
      <Execution id="7b41c0a4-ce34-47c5-99a1-5537d36fa690" />
      <TestMethod codeBase="D:\actions-runner\_work\XPCO\XPCO\MIP\PlatformPlugin\VideoOS.Platform\unittest\bin\Debug\net472\VideoOS.Platform.Tests.dll" adapterTypeName="executor://mstestadapter/v2" className="VideoOS.Platform.Tests.UI.Controls.CollectionHelperTest" name="Move_ShouldInvokeCallback_WhenObservable" />
    </UnitTest>
    <UnitTest name="CollectionReplaced_ShouldInvokeCallback_WhenNotObservable" storage="d:\actions-runner\_work\xpco\xpco\mip\platformplugin\videoos.platform\unittest\bin\debug\net472\videoos.platform.tests.dll" id="03519c29-5d68-745a-351e-45c267ad13e8">
      <Execution id="75eb64af-af27-4b60-a21b-545cf7f9548a" />
      <TestMethod codeBase="D:\actions-runner\_work\XPCO\XPCO\MIP\PlatformPlugin\VideoOS.Platform\unittest\bin\Debug\net472\VideoOS.Platform.Tests.dll" adapterTypeName="executor://mstestadapter/v2" className="VideoOS.Platform.Tests.UI.Controls.CollectionHelperTest" name="CollectionReplaced_ShouldInvokeCallback_WhenNotObservable" />
    </UnitTest>
    <UnitTest name="Parse_Int_Invalid" storage="d:\actions-runner\_work\xpco\xpco\mip\platformplugin\videoos.platform\unittest\bin\debug\net472\videoos.platform.tests.dll" id="8cb20cd0-1e7e-f4a1-66cd-e7e59b7d8aab">
      <Execution id="15a3468a-0ae0-49bd-8202-7536c4d62ee0" />
      <TestMethod codeBase="D:\actions-runner\_work\XPCO\XPCO\MIP\PlatformPlugin\VideoOS.Platform\unittest\bin\Debug\net472\VideoOS.Platform.Tests.dll" adapterTypeName="executor://mstestadapter/v2" className="VideoOS.Platform.Tests.Proxy.RestApi.JsonReaderTests" name="Parse_Int_Invalid" />
    </UnitTest>
    <UnitTest name="ProvideValue_ShouldUseNull_WhenMultipleItemsSelected" storage="d:\actions-runner\_work\xpco\xpco\mip\platformplugin\videoos.platform\unittest\bin\debug\net472\videoos.platform.tests.dll" id="61262ea9-2fff-4876-558f-09adf2a65523">
      <TestCategory>
        <TestCategoryItem TestCategory="DropDowns" />
      </TestCategory>
      <Execution id="a9063d01-f218-472d-a97c-de44738d2c9d" />
      <TestMethod codeBase="D:\actions-runner\_work\XPCO\XPCO\MIP\PlatformPlugin\VideoOS.Platform\unittest\bin\Debug\net472\VideoOS.Platform.Tests.dll" adapterTypeName="executor://mstestadapter/v2" className="VideoOS.Platform.Tests.UI.Controls.DropDowns.Internal.SelectedItemContentTemplateExtensionTest" name="ProvideValue_ShouldUseNull_WhenMultipleItemsSelected" />
    </UnitTest>
    <UnitTest name="GenerateParameters_ShouldOmitCodecList_WhenCodecSetIsEmpty" storage="d:\actions-runner\_work\xpco\xpco\mip\platformplugin\videoos.platform\unittest\bin\debug\net472\videoos.platform.tests.dll" id="4c802ea5-aa1d-d28e-7473-4c1c59889246">
      <Execution id="9d0ecd6e-a935-4051-854d-590818d3e6b5" />
      <TestMethod codeBase="D:\actions-runner\_work\XPCO\XPCO\MIP\PlatformPlugin\VideoOS.Platform\unittest\bin\Debug\net472\VideoOS.Platform.Tests.dll" adapterTypeName="executor://mstestadapter/v2" className="VideoOS.Platform.Tests.Data.CameraDeviceDefinitionTests" name="GenerateParameters_ShouldOmitCodecList_WhenCodecSetIsEmpty" />
    </UnitTest>
    <UnitTest name="WriteMetadataXmlWithString_ShouldWriteRootElement_WhenDataIsPresent" storage="d:\actions-runner\_work\xpco\xpco\mip\platformplugin\videoos.platform\unittest\bin\debug\net472\videoos.platform.tests.dll" id="3a3b003d-e9ff-947e-0664-bd777109fe74">
      <Execution id="a2436445-6b54-49fc-86b4-89e1eaa70b25" />
      <TestMethod codeBase="D:\actions-runner\_work\XPCO\XPCO\MIP\PlatformPlugin\VideoOS.Platform\unittest\bin\Debug\net472\VideoOS.Platform.Tests.dll" adapterTypeName="executor://mstestadapter/v2" className="VideoOS.Platform.Tests.Metadata.MetadataSerializerTests" name="WriteMetadataXmlWithString_ShouldWriteRootElement_WhenDataIsPresent" />
    </UnitTest>
    <UnitTest name="CountByItems_Activated_CountByCounter_Trial3" storage="d:\actions-runner\_work\xpco\xpco\mip\platformplugin\videoos.platform\unittest\bin\debug\net472\videoos.platform.tests.dll" id="e10db072-c885-f638-cbd6-f0cb1d9146d0">
      <Execution id="40fdc4da-f34d-4e54-b34f-3eefdfe3b66b" />
      <TestMethod codeBase="D:\actions-runner\_work\XPCO\XPCO\MIP\PlatformPlugin\VideoOS.Platform\unittest\bin\Debug\net472\VideoOS.Platform.Tests.dll" adapterTypeName="executor://mstestadapter/v2" className="VideoOS.Platform.Tests.License.ResolvedLicenseCountTest" name="CountByItems_Activated_CountByCounter_Trial3" />
    </UnitTest>
    <UnitTest name="RemovePredicate_KeyNotPresent_DoesNothing" storage="d:\actions-runner\_work\xpco\xpco\mip\platformplugin\videoos.platform\unittest\bin\debug\net472\videoos.platform.tests.dll" id="3827ef79-3081-082a-a862-859949cd62b9">
      <Execution id="dc7f8f6d-2673-41e8-909e-040118846631" />
      <TestMethod codeBase="D:\actions-runner\_work\XPCO\XPCO\MIP\PlatformPlugin\VideoOS.Platform\unittest\bin\Debug\net472\VideoOS.Platform.Tests.dll" adapterTypeName="executor://mstestadapter/v2" className="VideoOS.Platform.Tests.Util.Queue.LRUCacheTests" name="RemovePredicate_KeyNotPresent_DoesNothing" />
    </UnitTest>
    <UnitTest name="CountByItems_Activated_Grace_Unordered" storage="d:\actions-runner\_work\xpco\xpco\mip\platformplugin\videoos.platform\unittest\bin\debug\net472\videoos.platform.tests.dll" id="712e2140-9dcc-9696-ddc4-73aad2a14137">
      <Execution id="45b867aa-8370-4ed8-b6c9-a930c00faddb" />
      <TestMethod codeBase="D:\actions-runner\_work\XPCO\XPCO\MIP\PlatformPlugin\VideoOS.Platform\unittest\bin\Debug\net472\VideoOS.Platform.Tests.dll" adapterTypeName="executor://mstestadapter/v2" className="VideoOS.Platform.Tests.License.ResolvedLicenseCountTest" name="CountByItems_Activated_Grace_Unordered" />
    </UnitTest>
    <UnitTest name="MatchId_Success_MessageWithAsteriskAtEnd_NoEnding" storage="d:\actions-runner\_work\xpco\xpco\mip\platformplugin\videoos.platform\unittest\bin\debug\net472\videoos.platform.tests.dll" id="e6ba39e7-b277-ade5-953f-680493847818">
      <Execution id="ba9dec08-3569-4a2d-a290-4b4fa2ad43d8" />
      <TestMethod codeBase="D:\actions-runner\_work\XPCO\XPCO\MIP\PlatformPlugin\VideoOS.Platform\unittest\bin\Debug\net472\VideoOS.Platform.Tests.dll" adapterTypeName="executor://mstestadapter/v2" className="VideoOS.Platform.Tests.Messaging.CommunicationIdFilterTests" name="MatchId_Success_MessageWithAsteriskAtEnd_NoEnding" />
    </UnitTest>
    <UnitTest name="ReadXml_ShouldSetIsIdleAndIsRemovedToFalse_WhenElementIsEmpty" storage="d:\actions-runner\_work\xpco\xpco\mip\platformplugin\videoos.platform\unittest\bin\debug\net472\videoos.platform.tests.dll" id="97f2dd08-7fc8-05d2-39e7-d6eb768666a9">
      <Execution id="38f9367e-c58f-497b-ae57-4484b433b1e0" />
      <TestMethod codeBase="D:\actions-runner\_work\XPCO\XPCO\MIP\PlatformPlugin\VideoOS.Platform\unittest\bin\Debug\net472\VideoOS.Platform.Tests.dll" adapterTypeName="executor://mstestadapter/v2" className="VideoOS.Platform.Tests.Metadata.BehaviourTests" name="ReadXml_ShouldSetIsIdleAndIsRemovedToFalse_WhenElementIsEmpty" />
    </UnitTest>
    <UnitTest name="Serialize_TestCases (TestParentTypeMatchCollectionThisTypeNotMatchedProperty)" storage="d:\actions-runner\_work\xpco\xpco\mip\platformplugin\videoos.platform\unittest\bin\debug\net472\videoos.platform.tests.dll" id="cf5907ea-f180-5c72-1f5a-4ab563640853">
      <Execution id="e1eb61d5-e88d-42e3-8963-70e15cf486f4" />
      <TestMethod codeBase="D:\actions-runner\_work\XPCO\XPCO\MIP\PlatformPlugin\VideoOS.Platform\unittest\bin\Debug\net472\VideoOS.Platform.Tests.dll" adapterTypeName="executor://mstestadapter/v2" className="VideoOS.Platform.Tests.UI.Controls.Automation.Serialization.AutomationObjectSerializerTest" name="Serialize_TestCases" />
    </UnitTest>
    <UnitTest name="AllowGroupSelection_MultiSelect_GroupSelected" storage="d:\actions-runner\_work\xpco\xpco\mip\platformplugin\videoos.platform\unittest\bin\debug\net472\videoos.platform.tests.dll" id="fd3d93a9-265d-ee70-503b-7e4448400893">
      <Execution id="2c22f534-5812-4f79-8660-0b10167abff4" />
      <TestMethod codeBase="D:\actions-runner\_work\XPCO\XPCO\MIP\PlatformPlugin\VideoOS.Platform\unittest\bin\Debug\net472\VideoOS.Platform.Tests.dll" adapterTypeName="executor://mstestadapter/v2" className="VideoOS.Platform.Tests.UI.ItemPicker.ItemPickerViewModelTest" name="AllowGroupSelection_MultiSelect_GroupSelected" />
    </UnitTest>
    <UnitTest name="Serialize_TestCases (TestParentTypeMatchGenericNotThisTypeNotMatched)" storage="d:\actions-runner\_work\xpco\xpco\mip\platformplugin\videoos.platform\unittest\bin\debug\net472\videoos.platform.tests.dll" id="5789951e-05f9-80ac-4d0e-916299b6afb4">
      <Execution id="914fa68c-0353-43cb-b6f4-1d7f6505da61" />
      <TestMethod codeBase="D:\actions-runner\_work\XPCO\XPCO\MIP\PlatformPlugin\VideoOS.Platform\unittest\bin\Debug\net472\VideoOS.Platform.Tests.dll" adapterTypeName="executor://mstestadapter/v2" className="VideoOS.Platform.Tests.UI.Controls.Automation.Serialization.AutomationObjectSerializerTest" name="Serialize_TestCases" />
    </UnitTest>
    <UnitTest name="OverlapsWith_ShouldReturnTrue_WhenArgumenStartTimeIsAfterStartTimeAndBeforeEndTime" storage="d:\actions-runner\_work\xpco\xpco\mip\platformplugin\videoos.platform\unittest\bin\debug\net472\videoos.platform.tests.dll" id="aa00ee56-82a4-f12d-65e7-778cc997807f">
      <Execution id="bf6153ae-1abb-405d-b165-8e29ed94b2d5" />
      <TestMethod codeBase="D:\actions-runner\_work\XPCO\XPCO\MIP\PlatformPlugin\VideoOS.Platform\unittest\bin\Debug\net472\VideoOS.Platform.Tests.dll" adapterTypeName="executor://mstestadapter/v2" className="VideoOS.Platform.Tests.Util.TimeIntervalTests" name="OverlapsWith_ShouldReturnTrue_WhenArgumenStartTimeIsAfterStartTimeAndBeforeEndTime" />
    </UnitTest>
    <UnitTest name="ReadXml_ShouldNotSetIsIdle_WhenIdleElementIsPresentWithWrongNamespace" storage="d:\actions-runner\_work\xpco\xpco\mip\platformplugin\videoos.platform\unittest\bin\debug\net472\videoos.platform.tests.dll" id="b9119b3f-c5c3-480d-71eb-f7bd5475dbde">
      <Execution id="2d00edd4-c61e-4bc8-a5ec-165487f22f1e" />
      <TestMethod codeBase="D:\actions-runner\_work\XPCO\XPCO\MIP\PlatformPlugin\VideoOS.Platform\unittest\bin\Debug\net472\VideoOS.Platform.Tests.dll" adapterTypeName="executor://mstestadapter/v2" className="VideoOS.Platform.Tests.Metadata.BehaviourTests" name="ReadXml_ShouldNotSetIsIdle_WhenIdleElementIsPresentWithWrongNamespace" />
    </UnitTest>
    <UnitTest name="Append_Element_KeyValueInt" storage="d:\actions-runner\_work\xpco\xpco\mip\platformplugin\videoos.platform\unittest\bin\debug\net472\videoos.platform.tests.dll" id="62e0da8f-3c56-f977-affd-e0b646a454d7">
      <Execution id="da89dc4e-976f-40e8-9b41-49f9674fc373" />
      <TestMethod codeBase="D:\actions-runner\_work\XPCO\XPCO\MIP\PlatformPlugin\VideoOS.Platform\unittest\bin\Debug\net472\VideoOS.Platform.Tests.dll" adapterTypeName="executor://mstestadapter/v2" className="VideoOS.Platform.Tests.Proxy.RestApi.JsonBuilderTests" name="Append_Element_KeyValueInt" />
    </UnitTest>
    <UnitTest name="Convert_MultiArgumentConverter_ShouldNotAllowNullValue_WhenArgumentIsValueType" storage="d:\actions-runner\_work\xpco\xpco\mip\platformplugin\videoos.platform\unittest\bin\debug\net472\videoos.platform.tests.dll" id="20ff39df-6b6f-8d20-2277-72d3fc9ee983">
      <Execution id="f20a5fb5-98a0-4886-9018-1ec1f08f74de" />
      <TestMethod codeBase="D:\actions-runner\_work\XPCO\XPCO\MIP\PlatformPlugin\VideoOS.Platform\unittest\bin\Debug\net472\VideoOS.Platform.Tests.dll" adapterTypeName="executor://mstestadapter/v2" className="VideoOS.Platform.Tests.UI.Converters.LambdaConverterTest" name="Convert_MultiArgumentConverter_ShouldNotAllowNullValue_WhenArgumentIsValueType" />
    </UnitTest>
    <UnitTest name="Dequeue_TwoConsumers_Success" storage="d:\actions-runner\_work\xpco\xpco\mip\platformplugin\videoos.platform\unittest\bin\debug\net472\videoos.platform.tests.dll" id="65d04660-c78c-f9e9-ce4c-0226775bf0c4">
      <Execution id="33ff8a6a-6f18-4625-ab70-d684a3cff42a" />
      <TestMethod codeBase="D:\actions-runner\_work\XPCO\XPCO\MIP\PlatformPlugin\VideoOS.Platform\unittest\bin\Debug\net472\VideoOS.Platform.Tests.dll" adapterTypeName="executor://mstestadapter/v2" className="VideoOS.Platform.Tests.Util.Queue.ConcurrentQueueSlimTests" name="Dequeue_TwoConsumers_Success" />
    </UnitTest>
    <UnitTest name="JsonUtility_Compress_Success" storage="d:\actions-runner\_work\xpco\xpco\mip\platformplugin\videoos.platform\unittest\bin\debug\net472\videoos.platform.tests.dll" id="4eb529fd-da3e-df70-1180-0619ee67e3c6">
      <Execution id="319fee4a-9d9a-4e30-a43b-90e07643e20a" />
      <TestMethod codeBase="D:\actions-runner\_work\XPCO\XPCO\MIP\PlatformPlugin\VideoOS.Platform\unittest\bin\Debug\net472\VideoOS.Platform.Tests.dll" adapterTypeName="executor://mstestadapter/v2" className="VideoOS.Platform.Tests.Proxy.RestApi.JsonBuilderTests" name="JsonUtility_Compress_Success" />
    </UnitTest>
    <UnitTest name="MipItems_Property_Collection_Empty" storage="d:\actions-runner\_work\xpco\xpco\mip\platformplugin\videoos.platform\unittest\bin\debug\net472\videoos.platform.tests.dll" id="3434e15a-2768-efbc-7e19-fea38f3ae373">
      <Execution id="68641d94-dce9-42a0-91ea-3d65d12ef836" />
      <TestMethod codeBase="D:\actions-runner\_work\XPCO\XPCO\MIP\PlatformPlugin\VideoOS.Platform\unittest\bin\Debug\net472\VideoOS.Platform.Tests.dll" adapterTypeName="executor://mstestadapter/v2" className="VideoOS.Platform.Tests.UI.ItemPicker.ItemViewModelTest" name="MipItems_Property_Collection_Empty" />
    </UnitTest>
    <UnitTest name="Equals_ShouldHaveValueSemantics_Always" storage="d:\actions-runner\_work\xpco\xpco\mip\platformplugin\videoos.platform\unittest\bin\debug\net472\videoos.platform.tests.dll" id="2278707c-4cb1-7a76-66a2-6338bd3a574d">
      <Execution id="d087851e-7383-4e6c-8b6f-d19ea866beab" />
      <TestMethod codeBase="D:\actions-runner\_work\XPCO\XPCO\MIP\PlatformPlugin\VideoOS.Platform\unittest\bin\Debug\net472\VideoOS.Platform.Tests.dll" adapterTypeName="executor://mstestadapter/v2" className="VideoOS.Platform.Tests.Metadata.DisplayColorTests" name="Equals_ShouldHaveValueSemantics_Always" />
    </UnitTest>
    <UnitTest name="Equals_ShouldBeDifferent" storage="d:\actions-runner\_work\xpco\xpco\mip\platformplugin\videoos.platform\unittest\bin\debug\net472\videoos.platform.tests.dll" id="dbac47b9-416a-24f2-90d7-b5b09b9dc93c">
      <Execution id="9eff4cdf-edcd-4936-80d9-60e1d3c7cbf4" />
      <TestMethod codeBase="D:\actions-runner\_work\XPCO\XPCO\MIP\PlatformPlugin\VideoOS.Platform\unittest\bin\Debug\net472\VideoOS.Platform.Tests.dll" adapterTypeName="executor://mstestadapter/v2" className="VideoOS.Platform.Tests.FQIDtests" name="Equals_ShouldBeDifferent" />
    </UnitTest>
    <UnitTest name="Apply_ShouldAddTranslateYCoordinatesToCenterYAndTranslateXCoordinatesToCenterX_WhenTranslateIsNotNull" storage="d:\actions-runner\_work\xpco\xpco\mip\platformplugin\videoos.platform\unittest\bin\debug\net472\videoos.platform.tests.dll" id="ef239907-8146-d171-397a-2e18ca0a7d07">
      <Execution id="48096f5c-4e2a-403e-ad28-6567e54c204b" />
      <TestMethod codeBase="D:\actions-runner\_work\XPCO\XPCO\MIP\PlatformPlugin\VideoOS.Platform\unittest\bin\Debug\net472\VideoOS.Platform.Tests.dll" adapterTypeName="executor://mstestadapter/v2" className="VideoOS.Platform.Tests.Metadata.DisplayTextTests" name="Apply_ShouldAddTranslateYCoordinatesToCenterYAndTranslateXCoordinatesToCenterX_WhenTranslateIsNotNull" />
    </UnitTest>
    <UnitTest name="GetNext_ShouldReturnNull_WhenCacheHasJustBenLoadedWithNewData" storage="d:\actions-runner\_work\xpco\xpco\mip\platformplugin\videoos.platform\unittest\bin\debug\net472\videoos.platform.tests.dll" id="c4d26256-1744-c2d0-2a14-fe21640d4fe1">
      <Execution id="a8893249-019e-48dd-9a75-bd40429b2469" />
      <TestMethod codeBase="D:\actions-runner\_work\XPCO\XPCO\MIP\PlatformPlugin\VideoOS.Platform\unittest\bin\Debug\net472\VideoOS.Platform.Tests.dll" adapterTypeName="executor://mstestadapter/v2" className="VideoOS.Platform.Tests.Data.MetadataCacheTests" name="GetNext_ShouldReturnNull_WhenCacheHasJustBenLoadedWithNewData" />
    </UnitTest>
    <UnitTest name="Match_Success_SystemTypeStartMatch" storage="d:\actions-runner\_work\xpco\xpco\mip\platformplugin\videoos.platform\unittest\bin\debug\net472\videoos.platform.tests.dll" id="52280e61-dcba-6f9b-6016-eff366e7d098">
      <Execution id="446b72ce-3a39-40dc-9f78-088eeb9b0c17" />
      <TestMethod codeBase="D:\actions-runner\_work\XPCO\XPCO\MIP\PlatformPlugin\VideoOS.Platform\unittest\bin\Debug\net472\VideoOS.Platform.Tests.dll" adapterTypeName="executor://mstestadapter/v2" className="VideoOS.Platform.Tests.Messaging.CommunicationIdFilterTests" name="Match_Success_SystemTypeStartMatch" />
    </UnitTest>
    <UnitTest name="Equals_ShouldHaveValueSemantics_WhenAlways" storage="d:\actions-runner\_work\xpco\xpco\mip\platformplugin\videoos.platform\unittest\bin\debug\net472\videoos.platform.tests.dll" id="2b2cdfa0-61df-f232-7682-12c2c86c587b">
      <Execution id="06898d75-4166-4cc8-8b54-c760b4e35e4d" />
      <TestMethod codeBase="D:\actions-runner\_work\XPCO\XPCO\MIP\PlatformPlugin\VideoOS.Platform\unittest\bin\Debug\net472\VideoOS.Platform.Tests.dll" adapterTypeName="executor://mstestadapter/v2" className="VideoOS.Platform.Tests.Metadata.VectorTests" name="Equals_ShouldHaveValueSemantics_WhenAlways" />
    </UnitTest>
    <UnitTest name="ReadXml_ShouldReadClassCandidateContents_WhenClassCandidateIsPresent" storage="d:\actions-runner\_work\xpco\xpco\mip\platformplugin\videoos.platform\unittest\bin\debug\net472\videoos.platform.tests.dll" id="ae1fcdcb-f991-e67c-d221-5879496f84bd">
      <Execution id="64296b00-d00e-457b-89a2-43cef2914483" />
      <TestMethod codeBase="D:\actions-runner\_work\XPCO\XPCO\MIP\PlatformPlugin\VideoOS.Platform\unittest\bin\Debug\net472\VideoOS.Platform.Tests.dll" adapterTypeName="executor://mstestadapter/v2" className="VideoOS.Platform.Tests.Metadata.OnvifClassTests" name="ReadXml_ShouldReadClassCandidateContents_WhenClassCandidateIsPresent" />
    </UnitTest>
    <UnitTest name="Remove_String_Invalid" storage="d:\actions-runner\_work\xpco\xpco\mip\platformplugin\videoos.platform\unittest\bin\debug\net472\videoos.platform.tests.dll" id="48aed434-d191-a79c-5c15-17d6032c9edd">
      <Execution id="d7f7e0b4-e5da-441c-96b5-855aedd3179f" />
      <TestMethod codeBase="D:\actions-runner\_work\XPCO\XPCO\MIP\PlatformPlugin\VideoOS.Platform\unittest\bin\Debug\net472\VideoOS.Platform.Tests.dll" adapterTypeName="executor://mstestadapter/v2" className="VideoOS.Platform.Tests.Proxy.RestApi.JsonReaderTests" name="Remove_String_Invalid" />
    </UnitTest>
    <UnitTest name="CountByItems_Activated_CountByCounter_Grace2" storage="d:\actions-runner\_work\xpco\xpco\mip\platformplugin\videoos.platform\unittest\bin\debug\net472\videoos.platform.tests.dll" id="4d5586b3-8531-2268-4fb4-39aa8e9235b0">
      <Execution id="a315a015-71fa-4104-a387-406f8355e35b" />
      <TestMethod codeBase="D:\actions-runner\_work\XPCO\XPCO\MIP\PlatformPlugin\VideoOS.Platform\unittest\bin\Debug\net472\VideoOS.Platform.Tests.dll" adapterTypeName="executor://mstestadapter/v2" className="VideoOS.Platform.Tests.License.ResolvedLicenseCountTest" name="CountByItems_Activated_CountByCounter_Grace2" />
    </UnitTest>
    <UnitTest name="GetHashType_ShouldReturnNotSupported_WhenInputIsSHA512Hash" storage="d:\actions-runner\_work\xpco\xpco\mip\platformplugin\videoos.platform\unittest\bin\debug\net472\videoos.platform.tests.dll" id="08483f1f-4568-e039-2698-7a75165ec4e4">
      <Execution id="df4e0136-433d-432c-b34c-2438e6980698" />
      <TestMethod codeBase="D:\actions-runner\_work\XPCO\XPCO\MIP\PlatformPlugin\VideoOS.Platform\unittest\bin\Debug\net472\VideoOS.Platform.Tests.dll" adapterTypeName="executor://mstestadapter/v2" className="VideoOS.Platform.Tests.Data.MediaProviderInternal.UtilityTests" name="GetHashType_ShouldReturnNotSupported_WhenInputIsSHA512Hash" />
    </UnitTest>
    <UnitTest name="CountByItems_Activated_WithTrialsInActivation" storage="d:\actions-runner\_work\xpco\xpco\mip\platformplugin\videoos.platform\unittest\bin\debug\net472\videoos.platform.tests.dll" id="1f1cc29a-ffbb-09ec-fd2b-edba3215943f">
      <Execution id="ba9980d9-5585-4200-bfea-d31a8b74bd6f" />
      <TestMethod codeBase="D:\actions-runner\_work\XPCO\XPCO\MIP\PlatformPlugin\VideoOS.Platform\unittest\bin\Debug\net472\VideoOS.Platform.Tests.dll" adapterTypeName="executor://mstestadapter/v2" className="VideoOS.Platform.Tests.License.ResolvedLicenseCountTest" name="CountByItems_Activated_WithTrialsInActivation" />
    </UnitTest>
    <UnitTest name="GetNearest_ShouldReturnDataFromCacheWithoutCallingToolkit_WhenDataIsPresentInCache" storage="d:\actions-runner\_work\xpco\xpco\mip\platformplugin\videoos.platform\unittest\bin\debug\net472\videoos.platform.tests.dll" id="d7001884-5531-566e-871c-306c552a41f9">
      <Execution id="77355d52-2475-426a-9c1d-8f74a6680bc8" />
      <TestMethod codeBase="D:\actions-runner\_work\XPCO\XPCO\MIP\PlatformPlugin\VideoOS.Platform\unittest\bin\Debug\net472\VideoOS.Platform.Tests.dll" adapterTypeName="executor://mstestadapter/v2" className="VideoOS.Platform.Tests.Data.MetadataPlaybackSourceTests" name="GetNearest_ShouldReturnDataFromCacheWithoutCallingToolkit_WhenDataIsPresentInCache" />
    </UnitTest>
    <UnitTest name="CountByItems_Activated_Empty" storage="d:\actions-runner\_work\xpco\xpco\mip\platformplugin\videoos.platform\unittest\bin\debug\net472\videoos.platform.tests.dll" id="1ffa1bf6-fb8e-b8ef-fe84-530e8f551d9d">
      <Execution id="32a31fc9-41f3-41ce-a69e-cb093994bce8" />
      <TestMethod codeBase="D:\actions-runner\_work\XPCO\XPCO\MIP\PlatformPlugin\VideoOS.Platform\unittest\bin\Debug\net472\VideoOS.Platform.Tests.dll" adapterTypeName="executor://mstestadapter/v2" className="VideoOS.Platform.Tests.License.ResolvedLicenseCountTest" name="CountByItems_Activated_Empty" />
    </UnitTest>
    <UnitTest name="Serialize_TestCases (TestParentTypeMatchStructThisTypeNotMatchedProperty)" storage="d:\actions-runner\_work\xpco\xpco\mip\platformplugin\videoos.platform\unittest\bin\debug\net472\videoos.platform.tests.dll" id="69e9fbca-51ed-8423-d5ea-3d8489803dd2">
      <Execution id="55ff176f-71d9-4818-9425-33584a3b5a7b" />
      <TestMethod codeBase="D:\actions-runner\_work\XPCO\XPCO\MIP\PlatformPlugin\VideoOS.Platform\unittest\bin\Debug\net472\VideoOS.Platform.Tests.dll" adapterTypeName="executor://mstestadapter/v2" className="VideoOS.Platform.Tests.UI.Controls.Automation.Serialization.AutomationObjectSerializerTest" name="Serialize_TestCases" />
    </UnitTest>
    <UnitTest name="GetAtOrBefore_ShouldReturnEntryBeforeFromCache_WhenDataIsInCache" storage="d:\actions-runner\_work\xpco\xpco\mip\platformplugin\videoos.platform\unittest\bin\debug\net472\videoos.platform.tests.dll" id="58117c79-f111-10a9-cd35-e84774ffbcda">
      <Execution id="77afaae9-e438-4420-afef-1df8d2bc591a" />
      <TestMethod codeBase="D:\actions-runner\_work\XPCO\XPCO\MIP\PlatformPlugin\VideoOS.Platform\unittest\bin\Debug\net472\VideoOS.Platform.Tests.dll" adapterTypeName="executor://mstestadapter/v2" className="VideoOS.Platform.Tests.Data.MetadataPlaybackSourceTests" name="GetAtOrBefore_ShouldReturnEntryBeforeFromCache_WhenDataIsInCache" />
    </UnitTest>
    <UnitTest name="WriteXml_ShouldWriteTypeAndLikelihoodElementContents_WhenTheyAreSet" storage="d:\actions-runner\_work\xpco\xpco\mip\platformplugin\videoos.platform\unittest\bin\debug\net472\videoos.platform.tests.dll" id="1c326e5c-4c62-8c00-ee40-aad1ae557760">
      <Execution id="bc2f5123-4977-4ee9-b0c6-e4aeb8202e99" />
      <TestMethod codeBase="D:\actions-runner\_work\XPCO\XPCO\MIP\PlatformPlugin\VideoOS.Platform\unittest\bin\Debug\net472\VideoOS.Platform.Tests.dll" adapterTypeName="executor://mstestadapter/v2" className="VideoOS.Platform.Tests.Metadata.ClassCandidateTests" name="WriteXml_ShouldWriteTypeAndLikelihoodElementContents_WhenTheyAreSet" />
    </UnitTest>
    <UnitTest name="Apply_ShouldAddTranslateYCoordinatesToTopAndBottomAndTranslateXCoordinatesToLeftAndRight_WhenTranslateIsNotNull" storage="d:\actions-runner\_work\xpco\xpco\mip\platformplugin\videoos.platform\unittest\bin\debug\net472\videoos.platform.tests.dll" id="c812ed1c-00bd-8faa-1362-480338c7edf0">
      <Execution id="c9132aa4-93b5-4278-9ccc-f4ea357423ca" />
      <TestMethod codeBase="D:\actions-runner\_work\XPCO\XPCO\MIP\PlatformPlugin\VideoOS.Platform\unittest\bin\Debug\net472\VideoOS.Platform.Tests.dll" adapterTypeName="executor://mstestadapter/v2" className="VideoOS.Platform.Tests.Metadata.RectangleTests" name="Apply_ShouldAddTranslateYCoordinatesToTopAndBottomAndTranslateXCoordinatesToLeftAndRight_WhenTranslateIsNotNull" />
    </UnitTest>
    <UnitTest name="ParameterConstruct1_FieldValues_Checked" storage="d:\actions-runner\_work\xpco\xpco\mip\platformplugin\videoos.platform\unittest\bin\debug\net472\videoos.platform.tests.dll" id="4bd213a5-298f-25c6-c1c0-a6bf89fe9c65">
      <Execution id="d84519b3-fb03-4ded-b7b1-95dc0ed8492d" />
      <TestMethod codeBase="D:\actions-runner\_work\XPCO\XPCO\MIP\PlatformPlugin\VideoOS.Platform\unittest\bin\Debug\net472\VideoOS.Platform.Tests.dll" adapterTypeName="executor://mstestadapter/v2" className="VideoOS.Platform.Tests.FQIDtests" name="ParameterConstruct1_FieldValues_Checked" />
    </UnitTest>
    <UnitTest name="Populate_SearchTextSet_ItemsFound_False" storage="d:\actions-runner\_work\xpco\xpco\mip\platformplugin\videoos.platform\unittest\bin\debug\net472\videoos.platform.tests.dll" id="0a158be2-3d0e-91be-dc79-b834318d6106">
      <Execution id="6e392140-a8a5-42c5-90ce-b025fa3692a4" />
      <TestMethod codeBase="D:\actions-runner\_work\XPCO\XPCO\MIP\PlatformPlugin\VideoOS.Platform\unittest\bin\Debug\net472\VideoOS.Platform.Tests.dll" adapterTypeName="executor://mstestadapter/v2" className="VideoOS.Platform.Tests.UI.ItemPicker.PopulateThreadTest" name="Populate_SearchTextSet_ItemsFound_False" />
    </UnitTest>
    <UnitTest name="Set_Int_Invalid" storage="d:\actions-runner\_work\xpco\xpco\mip\platformplugin\videoos.platform\unittest\bin\debug\net472\videoos.platform.tests.dll" id="0cd51abe-1287-52a5-9d2e-d556a1306fcb">
      <Execution id="f2364b8b-14f9-4682-a0b6-381948a65c4f" />
      <TestMethod codeBase="D:\actions-runner\_work\XPCO\XPCO\MIP\PlatformPlugin\VideoOS.Platform\unittest\bin\Debug\net472\VideoOS.Platform.Tests.dll" adapterTypeName="executor://mstestadapter/v2" className="VideoOS.Platform.Tests.Proxy.RestApi.JsonReaderTests" name="Set_Int_Invalid" />
    </UnitTest>
    <UnitTest name="GetEnd_ShouldReturnNull_WhenToolkitReturnsNull" storage="d:\actions-runner\_work\xpco\xpco\mip\platformplugin\videoos.platform\unittest\bin\debug\net472\videoos.platform.tests.dll" id="5ce0e781-04f1-5244-6eeb-240f14509129">
      <Execution id="339c4ed5-3d3b-41d9-9fd2-2b1267457366" />
      <TestMethod codeBase="D:\actions-runner\_work\XPCO\XPCO\MIP\PlatformPlugin\VideoOS.Platform\unittest\bin\Debug\net472\VideoOS.Platform.Tests.dll" adapterTypeName="executor://mstestadapter/v2" className="VideoOS.Platform.Tests.Data.MetadataPlaybackSourceTests" name="GetEnd_ShouldReturnNull_WhenToolkitReturnsNull" />
    </UnitTest>
    <UnitTest name="GenerateDeviceCapabilityParameters_ShouldWriteTypeDisplayId_WhenAlways" storage="d:\actions-runner\_work\xpco\xpco\mip\platformplugin\videoos.platform\unittest\bin\debug\net472\videoos.platform.tests.dll" id="23408848-110d-2bfe-6354-e8de8927ac23">
      <Execution id="8e2faafa-6463-49ca-ae15-b26fde853877" />
      <TestMethod codeBase="D:\actions-runner\_work\XPCO\XPCO\MIP\PlatformPlugin\VideoOS.Platform\unittest\bin\Debug\net472\VideoOS.Platform.Tests.dll" adapterTypeName="executor://mstestadapter/v2" className="VideoOS.Platform.Tests.Data.MetadataDeviceCapabilityTests" name="GenerateDeviceCapabilityParameters_ShouldWriteTypeDisplayId_WhenAlways" />
    </UnitTest>
    <UnitTest name="ReadXml_ShouldNotSetIsRemoved_WhenRemovedElementIsPresentWithWrongNamespace" storage="d:\actions-runner\_work\xpco\xpco\mip\platformplugin\videoos.platform\unittest\bin\debug\net472\videoos.platform.tests.dll" id="eefcc86b-2e92-5256-d34c-9049a6da9154">
      <Execution id="6a7c3dd1-4e7b-46e4-bd44-f306226addc1" />
      <TestMethod codeBase="D:\actions-runner\_work\XPCO\XPCO\MIP\PlatformPlugin\VideoOS.Platform\unittest\bin\Debug\net472\VideoOS.Platform.Tests.dll" adapterTypeName="executor://mstestadapter/v2" className="VideoOS.Platform.Tests.Metadata.BehaviourTests" name="ReadXml_ShouldNotSetIsRemoved_WhenRemovedElementIsPresentWithWrongNamespace" />
    </UnitTest>
    <UnitTest name="Remove_KeyNotPresent_ReturnsFalse" storage="d:\actions-runner\_work\xpco\xpco\mip\platformplugin\videoos.platform\unittest\bin\debug\net472\videoos.platform.tests.dll" id="2dbbefa2-cb1d-4d1e-312c-2268ae3ae8a4">
      <Execution id="4534c58b-1708-449f-bdc3-8038286c8819" />
      <TestMethod codeBase="D:\actions-runner\_work\XPCO\XPCO\MIP\PlatformPlugin\VideoOS.Platform\unittest\bin\Debug\net472\VideoOS.Platform.Tests.dll" adapterTypeName="executor://mstestadapter/v2" className="VideoOS.Platform.Tests.Util.Queue.LRUCacheTests" name="Remove_KeyNotPresent_ReturnsFalse" />
    </UnitTest>
    <UnitTest name="ReadXml_ShouldReadBoundingBoxAppearanceExtension_WhenBoundingBoxAppearanceExtensionIsPresent" storage="d:\actions-runner\_work\xpco\xpco\mip\platformplugin\videoos.platform\unittest\bin\debug\net472\videoos.platform.tests.dll" id="0daed256-eb5b-ff97-e9ff-02ba280c96b0">
      <Execution id="75d6d684-cd69-4052-8330-ee515a5c0984" />
      <TestMethod codeBase="D:\actions-runner\_work\XPCO\XPCO\MIP\PlatformPlugin\VideoOS.Platform\unittest\bin\Debug\net472\VideoOS.Platform.Tests.dll" adapterTypeName="executor://mstestadapter/v2" className="VideoOS.Platform.Tests.Metadata.ShapeTests" name="ReadXml_ShouldReadBoundingBoxAppearanceExtension_WhenBoundingBoxAppearanceExtensionIsPresent" />
    </UnitTest>
    <UnitTest name="ReadXml_ShouldReadVideoAnalysticsChildren_WhenMultipleChildrenIsPresent" storage="d:\actions-runner\_work\xpco\xpco\mip\platformplugin\videoos.platform\unittest\bin\debug\net472\videoos.platform.tests.dll" id="58908065-853e-c4d9-3613-bc3198b1cc08">
      <Execution id="3d589dcb-928d-445c-b90c-294e86727086" />
      <TestMethod codeBase="D:\actions-runner\_work\XPCO\XPCO\MIP\PlatformPlugin\VideoOS.Platform\unittest\bin\Debug\net472\VideoOS.Platform.Tests.dll" adapterTypeName="executor://mstestadapter/v2" className="VideoOS.Platform.Tests.Metadata.MetadataStreamTests" name="ReadXml_ShouldReadVideoAnalysticsChildren_WhenMultipleChildrenIsPresent" />
    </UnitTest>
    <UnitTest name="ReadXml_ShouldReadVerticalAccuracy_WhenVerticalAccuracyIsPresent" storage="d:\actions-runner\_work\xpco\xpco\mip\platformplugin\videoos.platform\unittest\bin\debug\net472\videoos.platform.tests.dll" id="e0e73f94-8b60-e9f7-5ce6-3100aae7c303">
      <Execution id="7e1a1ab7-1375-4032-ad33-9492018b0672" />
      <TestMethod codeBase="D:\actions-runner\_work\XPCO\XPCO\MIP\PlatformPlugin\VideoOS.Platform\unittest\bin\Debug\net472\VideoOS.Platform.Tests.dll" adapterTypeName="executor://mstestadapter/v2" className="VideoOS.Platform.Tests.Metadata.NavigationalDataTests" name="ReadXml_ShouldReadVerticalAccuracy_WhenVerticalAccuracyIsPresent" />
    </UnitTest>
    <UnitTest name="Latitude_ShouldThrowArgumentOfRange_WhenValueIsOutsideAcceptedRange" storage="d:\actions-runner\_work\xpco\xpco\mip\platformplugin\videoos.platform\unittest\bin\debug\net472\videoos.platform.tests.dll" id="68a34a15-d421-8568-e2a0-5ca548802bb9">
      <Execution id="e829b713-5663-48ec-8b3c-c4937e73521a" />
      <TestMethod codeBase="D:\actions-runner\_work\XPCO\XPCO\MIP\PlatformPlugin\VideoOS.Platform\unittest\bin\Debug\net472\VideoOS.Platform.Tests.dll" adapterTypeName="executor://mstestadapter/v2" className="VideoOS.Platform.Tests.Metadata.NavigationalDataTests" name="Latitude_ShouldThrowArgumentOfRange_WhenValueIsOutsideAcceptedRange" />
    </UnitTest>
    <UnitTest name="Add_NullKey_Throws" storage="d:\actions-runner\_work\xpco\xpco\mip\platformplugin\videoos.platform\unittest\bin\debug\net472\videoos.platform.tests.dll" id="6e2943e4-1567-7531-b5b0-13aaeb4e80e3">
      <Execution id="712fe8c0-77c7-4ee7-8392-3682b09abda6" />
      <TestMethod codeBase="D:\actions-runner\_work\XPCO\XPCO\MIP\PlatformPlugin\VideoOS.Platform\unittest\bin\Debug\net472\VideoOS.Platform.Tests.dll" adapterTypeName="executor://mstestadapter/v2" className="VideoOS.Platform.Tests.Util.Queue.LRUCacheTests" name="Add_NullKey_Throws" />
    </UnitTest>
    <UnitTest name="GetLicensePlateFilterValue_ValidSelection_Success" storage="d:\actions-runner\_work\xpco\xpco\mip\platformplugin\videoos.platform\unittest\bin\debug\net472\videoos.platform.tests.dll" id="43af5117-1f9c-6ca5-e2b0-3bd57b512c6f">
      <TestCategory>
        <TestCategoryItem TestCategory="Search" />
      </TestCategory>
      <Execution id="8096d4c4-ef05-40c2-b7d5-3558df71e89b" />
      <TestMethod codeBase="D:\actions-runner\_work\XPCO\XPCO\MIP\PlatformPlugin\VideoOS.Platform\unittest\bin\Debug\net472\VideoOS.Platform.Tests.dll" adapterTypeName="executor://mstestadapter/v2" className="VideoOS.Platform.Tests.Search.FilterCategories.VehicleSearchFilterCategoryTest" name="GetLicensePlateFilterValue_ValidSelection_Success" />
    </UnitTest>
    <UnitTest name="ReadXml_ShouldIgnoreLikelihood_WheLikelihoodIsPresenWithWrongNamespace" storage="d:\actions-runner\_work\xpco\xpco\mip\platformplugin\videoos.platform\unittest\bin\debug\net472\videoos.platform.tests.dll" id="4f197c17-4790-58f8-b53d-dcb8083dcd6a">
      <Execution id="aae5fdaf-46e5-4b3b-8774-89dff3d165dc" />
      <TestMethod codeBase="D:\actions-runner\_work\XPCO\XPCO\MIP\PlatformPlugin\VideoOS.Platform\unittest\bin\Debug\net472\VideoOS.Platform.Tests.dll" adapterTypeName="executor://mstestadapter/v2" className="VideoOS.Platform.Tests.Metadata.ClassCandidateTests" name="ReadXml_ShouldIgnoreLikelihood_WheLikelihoodIsPresenWithWrongNamespace" />
    </UnitTest>
    <UnitTest name="GetHashType_ShouldReturnMD5_WhenInputIsMD5Hash" storage="d:\actions-runner\_work\xpco\xpco\mip\platformplugin\videoos.platform\unittest\bin\debug\net472\videoos.platform.tests.dll" id="f761c35c-23da-0635-088d-82edc227a6c9">
      <Execution id="a9549a27-9b60-4b0a-a763-b53aaadd7cda" />
      <TestMethod codeBase="D:\actions-runner\_work\XPCO\XPCO\MIP\PlatformPlugin\VideoOS.Platform\unittest\bin\Debug\net472\VideoOS.Platform.Tests.dll" adapterTypeName="executor://mstestadapter/v2" className="VideoOS.Platform.Tests.Data.MediaProviderInternal.UtilityTests" name="GetHashType_ShouldReturnMD5_WhenInputIsMD5Hash" />
    </UnitTest>
    <UnitTest name="Serialize_TestCases (TestParentTypeMatchBoolThisTypeNotMatched)" storage="d:\actions-runner\_work\xpco\xpco\mip\platformplugin\videoos.platform\unittest\bin\debug\net472\videoos.platform.tests.dll" id="37ae8fbf-ea2d-3e63-eb29-0ad351089e62">
      <Execution id="072e9f95-1d3f-4cbe-9e75-0024180131ee" />
      <TestMethod codeBase="D:\actions-runner\_work\XPCO\XPCO\MIP\PlatformPlugin\VideoOS.Platform\unittest\bin\Debug\net472\VideoOS.Platform.Tests.dll" adapterTypeName="executor://mstestadapter/v2" className="VideoOS.Platform.Tests.UI.Controls.Automation.Serialization.AutomationObjectSerializerTest" name="Serialize_TestCases" />
    </UnitTest>
    <UnitTest name="GetExpectedToken_ShouldReturnSHA256_WhenInputTokenHashTypeIsSHA256" storage="d:\actions-runner\_work\xpco\xpco\mip\platformplugin\videoos.platform\unittest\bin\debug\net472\videoos.platform.tests.dll" id="ad88d97c-caee-1d9c-2151-7b83477290c3">
      <Execution id="8a2eea32-7e32-42c3-9c78-4def07d79558" />
      <TestMethod codeBase="D:\actions-runner\_work\XPCO\XPCO\MIP\PlatformPlugin\VideoOS.Platform\unittest\bin\Debug\net472\VideoOS.Platform.Tests.dll" adapterTypeName="executor://mstestadapter/v2" className="VideoOS.Platform.Tests.Data.MediaProviderInternal.UtilityTests" name="GetExpectedToken_ShouldReturnSHA256_WhenInputTokenHashTypeIsSHA256" />
    </UnitTest>
    <UnitTest name="Match_Fail_NullTypeAnyMessage_Single" storage="d:\actions-runner\_work\xpco\xpco\mip\platformplugin\videoos.platform\unittest\bin\debug\net472\videoos.platform.tests.dll" id="786f976f-79dc-fb5a-d9d5-d8983ae14820">
      <Execution id="70c862f3-eb68-4c27-bcd8-cc20714f0fe8" />
      <TestMethod codeBase="D:\actions-runner\_work\XPCO\XPCO\MIP\PlatformPlugin\VideoOS.Platform\unittest\bin\Debug\net472\VideoOS.Platform.Tests.dll" adapterTypeName="executor://mstestadapter/v2" className="VideoOS.Platform.Tests.Messaging.CommunicationIdFilterTests" name="Match_Fail_NullTypeAnyMessage_Single" />
    </UnitTest>
    <UnitTest name="GenerateTypeDefinintionParameters_ShouldWriteDisplayId_WhenAlways" storage="d:\actions-runner\_work\xpco\xpco\mip\platformplugin\videoos.platform\unittest\bin\debug\net472\videoos.platform.tests.dll" id="7686eb08-d24a-c580-7754-5f201e5cc693">
      <Execution id="d9b0f9db-50cd-4348-856a-d3f757daa2d8" />
      <TestMethod codeBase="D:\actions-runner\_work\XPCO\XPCO\MIP\PlatformPlugin\VideoOS.Platform\unittest\bin\Debug\net472\VideoOS.Platform.Tests.dll" adapterTypeName="executor://mstestadapter/v2" className="VideoOS.Platform.Tests.Data.MetadataTypeDefinitionTests" name="GenerateTypeDefinintionParameters_ShouldWriteDisplayId_WhenAlways" />
    </UnitTest>
    <UnitTest name="Items_NullRootItem_ItemNotShown" storage="d:\actions-runner\_work\xpco\xpco\mip\platformplugin\videoos.platform\unittest\bin\debug\net472\videoos.platform.tests.dll" id="a768137e-5549-c79d-d4cb-ddd67ba25589">
      <Execution id="c51a8461-44a5-4296-bba8-280a0d3f0b0a" />
      <TestMethod codeBase="D:\actions-runner\_work\XPCO\XPCO\MIP\PlatformPlugin\VideoOS.Platform\unittest\bin\Debug\net472\VideoOS.Platform.Tests.dll" adapterTypeName="executor://mstestadapter/v2" className="VideoOS.Platform.Tests.UI.ItemPicker.PopulateThreadTest" name="Items_NullRootItem_ItemNotShown" />
    </UnitTest>
    <UnitTest name="Flush_OtherKIndShouldNotImpack" storage="d:\actions-runner\_work\xpco\xpco\mip\platformplugin\videoos.platform\unittest\bin\debug\net472\videoos.platform.tests.dll" id="dac52339-d9a8-d082-49c1-4cb11ce915ee">
      <Execution id="e3b9f5c7-7959-4674-bfc7-65e4897496b9" />
      <TestMethod codeBase="D:\actions-runner\_work\XPCO\XPCO\MIP\PlatformPlugin\VideoOS.Platform\unittest\bin\Debug\net472\VideoOS.Platform.Tests.dll" adapterTypeName="executor://mstestadapter/v2" className="VideoOS.Platform.Tests.Util.ConfigurationCacheTests" name="Flush_OtherKIndShouldNotImpack" />
    </UnitTest>
    <UnitTest name="ReadXml_ShouldIgnoreBehaviour_WhenBehaviourIsPresenWithWrongNamespace" storage="d:\actions-runner\_work\xpco\xpco\mip\platformplugin\videoos.platform\unittest\bin\debug\net472\videoos.platform.tests.dll" id="6b9c0e82-f9ec-9ff8-f609-e65978a74cf5">
      <Execution id="0646a90c-5711-4d9e-9a0c-d58675756e8d" />
      <TestMethod codeBase="D:\actions-runner\_work\XPCO\XPCO\MIP\PlatformPlugin\VideoOS.Platform\unittest\bin\Debug\net472\VideoOS.Platform.Tests.dll" adapterTypeName="executor://mstestadapter/v2" className="VideoOS.Platform.Tests.Metadata.OnvifObjectTests" name="ReadXml_ShouldIgnoreBehaviour_WhenBehaviourIsPresenWithWrongNamespace" />
    </UnitTest>
    <UnitTest name="TestStartSearch_NullDefinitions_Failure" storage="d:\actions-runner\_work\xpco\xpco\mip\platformplugin\videoos.platform\unittest\bin\debug\net472\videoos.platform.tests.dll" id="03a83ade-8d54-5619-5fb4-492194211717">
      <TestCategory>
        <TestCategoryItem TestCategory="Search" />
      </TestCategory>
      <Execution id="644e60a2-4aea-42aa-9df2-a8faab7a7a4e" />
      <TestMethod codeBase="D:\actions-runner\_work\XPCO\XPCO\MIP\PlatformPlugin\VideoOS.Platform\unittest\bin\Debug\net472\VideoOS.Platform.Tests.dll" adapterTypeName="executor://mstestadapter/v2" className="VideoOS.Platform.Tests.Search.SearchManagerTest" name="TestStartSearch_NullDefinitions_Failure" />
    </UnitTest>
    <UnitTest name="GetParent_NoParent_Check" storage="d:\actions-runner\_work\xpco\xpco\mip\platformplugin\videoos.platform\unittest\bin\debug\net472\videoos.platform.tests.dll" id="ddb5c0d8-d96d-641b-981f-700b89499855">
      <Execution id="b6a3607b-5959-471a-9161-6a7a4aaf1f05" />
      <TestMethod codeBase="D:\actions-runner\_work\XPCO\XPCO\MIP\PlatformPlugin\VideoOS.Platform\unittest\bin\Debug\net472\VideoOS.Platform.Tests.dll" adapterTypeName="executor://mstestadapter/v2" className="VideoOS.Platform.Tests.ItemTests" name="GetParent_NoParent_Check" />
    </UnitTest>
    <UnitTest name="GetMetadataObjectIdsAsync_MultipleInvocations_DelegatedToInternalMethodOnlyOnce" storage="d:\actions-runner\_work\xpco\xpco\mip\platformplugin\videoos.platform\unittest\bin\debug\net472\videoos.platform.tests.dll" id="40cc8bf3-9b9a-c620-7f65-c9598a6e4a28">
      <TestCategory>
        <TestCategoryItem TestCategory="Search" />
      </TestCategory>
      <Execution id="acc79b07-9d45-4630-a808-61f1b6d3a2cd" />
      <TestMethod codeBase="D:\actions-runner\_work\XPCO\XPCO\MIP\PlatformPlugin\VideoOS.Platform\unittest\bin\Debug\net472\VideoOS.Platform.Tests.dll" adapterTypeName="executor://mstestadapter/v2" className="VideoOS.Platform.Tests.Search.SearchResultDataTest" name="GetMetadataObjectIdsAsync_MultipleInvocations_DelegatedToInternalMethodOnlyOnce" />
    </UnitTest>
    <UnitTest name="Construct6_And_Field_Check" storage="d:\actions-runner\_work\xpco\xpco\mip\platformplugin\videoos.platform\unittest\bin\debug\net472\videoos.platform.tests.dll" id="ab22d2fd-ea64-f65a-96ca-e707567c9b67">
      <Execution id="b508d37d-a07e-4236-8764-893e2b9ebfb9" />
      <TestMethod codeBase="D:\actions-runner\_work\XPCO\XPCO\MIP\PlatformPlugin\VideoOS.Platform\unittest\bin\Debug\net472\VideoOS.Platform.Tests.dll" adapterTypeName="executor://mstestadapter/v2" className="VideoOS.Platform.Tests.ItemTests" name="Construct6_And_Field_Check" />
    </UnitTest>
    <UnitTest name="Initialize_Default_Values" storage="d:\actions-runner\_work\xpco\xpco\mip\platformplugin\videoos.platform\unittest\bin\debug\net472\videoos.platform.tests.dll" id="6a6ed04d-7bec-096f-c4cc-c8e9813f02b3">
      <Execution id="d549e85f-7139-40fb-bb1c-0d1f9b380630" />
      <TestMethod codeBase="D:\actions-runner\_work\XPCO\XPCO\MIP\PlatformPlugin\VideoOS.Platform\unittest\bin\Debug\net472\VideoOS.Platform.Tests.dll" adapterTypeName="executor://mstestadapter/v2" className="VideoOS.Platform.Tests.UI.ItemPicker.ItemPickerWindowViewModelTest" name="Initialize_Default_Values" />
    </UnitTest>
    <UnitTest name="GetPropertiesAsync_ClearCachedData_DelegatedToInternalMethodTwice" storage="d:\actions-runner\_work\xpco\xpco\mip\platformplugin\videoos.platform\unittest\bin\debug\net472\videoos.platform.tests.dll" id="d03b0ad6-ed13-8489-09d1-2543f3053eff">
      <TestCategory>
        <TestCategoryItem TestCategory="Search" />
      </TestCategory>
      <Execution id="f79b8c62-c197-4984-acda-65d8fd5ad7e7" />
      <TestMethod codeBase="D:\actions-runner\_work\XPCO\XPCO\MIP\PlatformPlugin\VideoOS.Platform\unittest\bin\Debug\net472\VideoOS.Platform.Tests.dll" adapterTypeName="executor://mstestadapter/v2" className="VideoOS.Platform.Tests.Search.SearchResultDataTest" name="GetPropertiesAsync_ClearCachedData_DelegatedToInternalMethodTwice" />
    </UnitTest>
    <UnitTest name="BuildOverlayWidthHeightAlarm_ShouldReturnCorrectSizedBitmap_WhenArgumentContainsNoObjectAndRule" storage="d:\actions-runner\_work\xpco\xpco\mip\platformplugin\videoos.platform\unittest\bin\debug\net472\videoos.platform.tests.dll" id="24a8c25f-b1c2-eba6-82b4-72c1adc9ee27">
      <Execution id="c21e9b98-164c-4c7b-859f-2dc2d21ce34a" />
      <TestMethod codeBase="D:\actions-runner\_work\XPCO\XPCO\MIP\PlatformPlugin\VideoOS.Platform\unittest\bin\Debug\net472\VideoOS.Platform.Tests.dll" adapterTypeName="executor://mstestadapter/v2" className="VideoOS.Platform.Tests.Util.AnalyticsOverlayBuilderTests" name="BuildOverlayWidthHeightAlarm_ShouldReturnCorrectSizedBitmap_WhenArgumentContainsNoObjectAndRule" />
    </UnitTest>
    <UnitTest name="Constructor_ShouldThrowArgumentNullException_WhenDataIsNull" storage="d:\actions-runner\_work\xpco\xpco\mip\platformplugin\videoos.platform\unittest\bin\debug\net472\videoos.platform.tests.dll" id="8afaf187-3d3c-e78b-824e-e769deeec2c9">
      <Execution id="d4a17a78-2050-490e-9507-fe063e45370d" />
      <TestMethod codeBase="D:\actions-runner\_work\XPCO\XPCO\MIP\PlatformPlugin\VideoOS.Platform\unittest\bin\Debug\net472\VideoOS.Platform.Tests.dll" adapterTypeName="executor://mstestadapter/v2" className="VideoOS.Platform.Tests.Metadata.MetadataContentTests" name="Constructor_ShouldThrowArgumentNullException_WhenDataIsNull" />
    </UnitTest>
    <UnitTest name="ReadXml_ShouldLogWarningTwiceWhenMoreThanOneMinuteBetweenWarnings_WhenFrameDidNotReadUtcTime" storage="d:\actions-runner\_work\xpco\xpco\mip\platformplugin\videoos.platform\unittest\bin\debug\net472\videoos.platform.tests.dll" id="a5abba6c-a7f2-f6e8-f007-920746cf3d43">
      <Execution id="2e539b06-2710-4f9d-811b-d771b76b4bde" />
      <TestMethod codeBase="D:\actions-runner\_work\XPCO\XPCO\MIP\PlatformPlugin\VideoOS.Platform\unittest\bin\Debug\net472\VideoOS.Platform.Tests.dll" adapterTypeName="executor://mstestadapter/v2" className="VideoOS.Platform.Tests.Metadata.VideoAnalyticsTests" name="ReadXml_ShouldLogWarningTwiceWhenMoreThanOneMinuteBetweenWarnings_WhenFrameDidNotReadUtcTime" />
    </UnitTest>
    <UnitTest name="Contains_CameraServerName_Checked" storage="d:\actions-runner\_work\xpco\xpco\mip\platformplugin\videoos.platform\unittest\bin\debug\net472\videoos.platform.tests.dll" id="2e6d5115-26cc-6226-264b-6222e4689761">
      <Execution id="7ef439e5-5d60-40aa-9673-e5d2db854e30" />
      <TestMethod codeBase="D:\actions-runner\_work\XPCO\XPCO\MIP\PlatformPlugin\VideoOS.Platform\unittest\bin\Debug\net472\VideoOS.Platform.Tests.dll" adapterTypeName="executor://mstestadapter/v2" className="VideoOS.Platform.Tests.FQIDtests" name="Contains_CameraServerName_Checked" />
    </UnitTest>
    <UnitTest name="AllAttributesWerePresent_ShouldReturnTrue_WhenBothXAndYAreFloats" storage="d:\actions-runner\_work\xpco\xpco\mip\platformplugin\videoos.platform\unittest\bin\debug\net472\videoos.platform.tests.dll" id="6e083e3d-bf62-ee30-d2f0-b17d35c633ea">
      <Execution id="d4c45ddc-507f-4a6e-85a8-261f5dd8db41" />
      <TestMethod codeBase="D:\actions-runner\_work\XPCO\XPCO\MIP\PlatformPlugin\VideoOS.Platform\unittest\bin\Debug\net472\VideoOS.Platform.Tests.dll" adapterTypeName="executor://mstestadapter/v2" className="VideoOS.Platform.Tests.Metadata.RectangleTests" name="AllAttributesWerePresent_ShouldReturnTrue_WhenBothXAndYAreFloats" />
    </UnitTest>
    <UnitTest name="CountByItems_Activated_Trial_Grace_Missing" storage="d:\actions-runner\_work\xpco\xpco\mip\platformplugin\videoos.platform\unittest\bin\debug\net472\videoos.platform.tests.dll" id="5e058ca8-2071-8aca-94cf-089b17b5ab0d">
      <Execution id="1921ef6f-e735-4453-8845-922539b42828" />
      <TestMethod codeBase="D:\actions-runner\_work\XPCO\XPCO\MIP\PlatformPlugin\VideoOS.Platform\unittest\bin\Debug\net472\VideoOS.Platform.Tests.dll" adapterTypeName="executor://mstestadapter/v2" className="VideoOS.Platform.Tests.License.ResolvedLicenseCountTest" name="CountByItems_Activated_Trial_Grace_Missing" />
    </UnitTest>
    <UnitTest name="Equals_Ignore_Fail_OnKind" storage="d:\actions-runner\_work\xpco\xpco\mip\platformplugin\videoos.platform\unittest\bin\debug\net472\videoos.platform.tests.dll" id="107e0daf-d21c-596c-9a4b-7e99c0ba5816">
      <Execution id="362f8aef-db62-4aea-8892-53dcf7a47a3a" />
      <TestMethod codeBase="D:\actions-runner\_work\XPCO\XPCO\MIP\PlatformPlugin\VideoOS.Platform\unittest\bin\Debug\net472\VideoOS.Platform.Tests.dll" adapterTypeName="executor://mstestadapter/v2" className="VideoOS.Platform.Tests.FQIDtests" name="Equals_Ignore_Fail_OnKind" />
    </UnitTest>
    <UnitTest name="Convert_SingleArgumentConverter_ShouldThrowArgumentException_WhenArgumentTypeMismatch" storage="d:\actions-runner\_work\xpco\xpco\mip\platformplugin\videoos.platform\unittest\bin\debug\net472\videoos.platform.tests.dll" id="c9591e10-6b0d-3789-a42b-e1f4d40f2de0">
      <Execution id="7248e6d0-8c19-4e24-914d-d9bb78873822" />
      <TestMethod codeBase="D:\actions-runner\_work\XPCO\XPCO\MIP\PlatformPlugin\VideoOS.Platform\unittest\bin\Debug\net472\VideoOS.Platform.Tests.dll" adapterTypeName="executor://mstestadapter/v2" className="VideoOS.Platform.Tests.UI.Converters.LambdaConverterTest" name="Convert_SingleArgumentConverter_ShouldThrowArgumentException_WhenArgumentTypeMismatch" />
    </UnitTest>
    <UnitTest name="ToString_WithoutType" storage="d:\actions-runner\_work\xpco\xpco\mip\platformplugin\videoos.platform\unittest\bin\debug\net472\videoos.platform.tests.dll" id="461331e3-222f-9745-91e1-804c09883ed3">
      <Execution id="ee3771a1-9e3a-491c-a232-fc296edbc298" />
      <TestMethod codeBase="D:\actions-runner\_work\XPCO\XPCO\MIP\PlatformPlugin\VideoOS.Platform\unittest\bin\Debug\net472\VideoOS.Platform.Tests.dll" adapterTypeName="executor://mstestadapter/v2" className="VideoOS.Platform.Tests.Messaging.CommunicationIdFilterTests" name="ToString_WithoutType" />
    </UnitTest>
    <UnitTest name="IsValid_ShouldReturnFalse_WhenTypeIsWhitespace" storage="d:\actions-runner\_work\xpco\xpco\mip\platformplugin\videoos.platform\unittest\bin\debug\net472\videoos.platform.tests.dll" id="b79783b6-52a2-ffc5-2a1d-6b3307f25451">
      <Execution id="c8a75f97-10bb-49c7-8854-8b2ba84b71e1" />
      <TestMethod codeBase="D:\actions-runner\_work\XPCO\XPCO\MIP\PlatformPlugin\VideoOS.Platform\unittest\bin\Debug\net472\VideoOS.Platform.Tests.dll" adapterTypeName="executor://mstestadapter/v2" className="VideoOS.Platform.Tests.Metadata.ClassCandidateTests" name="IsValid_ShouldReturnFalse_WhenTypeIsWhitespace" />
    </UnitTest>
    <UnitTest name="WriteXml_ShouldWriteClassElement_WhenClassIsNotNull" storage="d:\actions-runner\_work\xpco\xpco\mip\platformplugin\videoos.platform\unittest\bin\debug\net472\videoos.platform.tests.dll" id="f851da50-448f-2d4e-828e-d2ff64fc9049">
      <Execution id="ea43410b-1db4-4b3e-80fc-9a03625b7a42" />
      <TestMethod codeBase="D:\actions-runner\_work\XPCO\XPCO\MIP\PlatformPlugin\VideoOS.Platform\unittest\bin\Debug\net472\VideoOS.Platform.Tests.dll" adapterTypeName="executor://mstestadapter/v2" className="VideoOS.Platform.Tests.Metadata.AppearanceTests" name="WriteXml_ShouldWriteClassElement_WhenClassIsNotNull" />
    </UnitTest>
    <UnitTest name="ReadXml_ShouldReadFrame_WhenCorrectFrameIsPresent" storage="d:\actions-runner\_work\xpco\xpco\mip\platformplugin\videoos.platform\unittest\bin\debug\net472\videoos.platform.tests.dll" id="9b0e5cb1-f4f9-6c49-68ba-942303d83183">
      <Execution id="c1752784-aeed-41b0-aaf1-e9aa92665a13" />
      <TestMethod codeBase="D:\actions-runner\_work\XPCO\XPCO\MIP\PlatformPlugin\VideoOS.Platform\unittest\bin\Debug\net472\VideoOS.Platform.Tests.dll" adapterTypeName="executor://mstestadapter/v2" className="VideoOS.Platform.Tests.Metadata.VideoAnalyticsTests" name="ReadXml_ShouldReadFrame_WhenCorrectFrameIsPresent" />
    </UnitTest>
    <UnitTest name="ReadyToCloseEvent_AutoSelect_Thrown" storage="d:\actions-runner\_work\xpco\xpco\mip\platformplugin\videoos.platform\unittest\bin\debug\net472\videoos.platform.tests.dll" id="943fddae-0057-44db-535a-5540de1410f4">
      <Execution id="fb68e6b6-787f-48c7-bc68-f2814e7e4a36" />
      <TestMethod codeBase="D:\actions-runner\_work\XPCO\XPCO\MIP\PlatformPlugin\VideoOS.Platform\unittest\bin\Debug\net472\VideoOS.Platform.Tests.dll" adapterTypeName="executor://mstestadapter/v2" className="VideoOS.Platform.Tests.UI.ItemPicker.ItemPickerWindowViewModelTest" name="ReadyToCloseEvent_AutoSelect_Thrown" />
    </UnitTest>
    <UnitTest name="ProvideValue_ShouldChangeContent_WhenItemDataPropertyNameChangesFromNullToValue" storage="d:\actions-runner\_work\xpco\xpco\mip\platformplugin\videoos.platform\unittest\bin\debug\net472\videoos.platform.tests.dll" id="b48b0061-7548-695a-aa72-eca672007f65">
      <TestCategory>
        <TestCategoryItem TestCategory="TabControls" />
      </TestCategory>
      <Execution id="76b6fc54-aa7b-46dc-a9e5-741cb7cd257f" />
      <TestMethod codeBase="D:\actions-runner\_work\XPCO\XPCO\MIP\PlatformPlugin\VideoOS.Platform\unittest\bin\Debug\net472\VideoOS.Platform.Tests.dll" adapterTypeName="executor://mstestadapter/v2" className="VideoOS.Platform.Tests.UI.Controls.TabControls.Internal.Primary.ItemContentExtensionTest" name="ProvideValue_ShouldChangeContent_WhenItemDataPropertyNameChangesFromNullToValue" />
    </UnitTest>
    <UnitTest name="ReadXml_ShouldLogWarning_WhenIncompleteWhenIncompleteScaleIsPresent" storage="d:\actions-runner\_work\xpco\xpco\mip\platformplugin\videoos.platform\unittest\bin\debug\net472\videoos.platform.tests.dll" id="18ccdaf8-d982-0e82-d316-63446f746fd7">
      <Execution id="0638581f-447e-4a12-ac2f-0d71ec506db2" />
      <TestMethod codeBase="D:\actions-runner\_work\XPCO\XPCO\MIP\PlatformPlugin\VideoOS.Platform\unittest\bin\Debug\net472\VideoOS.Platform.Tests.dll" adapterTypeName="executor://mstestadapter/v2" className="VideoOS.Platform.Tests.Metadata.TransformationTests" name="ReadXml_ShouldLogWarning_WhenIncompleteWhenIncompleteScaleIsPresent" />
    </UnitTest>
    <UnitTest name="ObjectId_ShouldReturnConstructorValue_WhenSetInConstructor" storage="d:\actions-runner\_work\xpco\xpco\mip\platformplugin\videoos.platform\unittest\bin\debug\net472\videoos.platform.tests.dll" id="1e86b1ae-4010-c39e-71f3-3cc7adcf6881">
      <Execution id="c8da5338-3000-451d-ac4e-76d864740eae" />
      <TestMethod codeBase="D:\actions-runner\_work\XPCO\XPCO\MIP\PlatformPlugin\VideoOS.Platform\unittest\bin\Debug\net472\VideoOS.Platform.Tests.dll" adapterTypeName="executor://mstestadapter/v2" className="VideoOS.Platform.Tests.Metadata.OnvifObjectTests" name="ObjectId_ShouldReturnConstructorValue_WhenSetInConstructor" />
    </UnitTest>
    <UnitTest name="Serialize_TestCases (TestParentTypeMatchInterfaceThisTypeMatchedProperty)" storage="d:\actions-runner\_work\xpco\xpco\mip\platformplugin\videoos.platform\unittest\bin\debug\net472\videoos.platform.tests.dll" id="4734c94a-3fa1-230a-c6b6-be41d0a9e285">
      <Execution id="5c6acdf7-b61c-4671-b433-9f7cb17fc9f0" />
      <TestMethod codeBase="D:\actions-runner\_work\XPCO\XPCO\MIP\PlatformPlugin\VideoOS.Platform\unittest\bin\Debug\net472\VideoOS.Platform.Tests.dll" adapterTypeName="executor://mstestadapter/v2" className="VideoOS.Platform.Tests.UI.Controls.Automation.Serialization.AutomationObjectSerializerTest" name="Serialize_TestCases" />
    </UnitTest>
    <UnitTest name="ConstructorRgb_ShouldReturnAlphaValueFullyOpaque_Always" storage="d:\actions-runner\_work\xpco\xpco\mip\platformplugin\videoos.platform\unittest\bin\debug\net472\videoos.platform.tests.dll" id="97fbdc51-18ba-7aa5-3b45-4fad3a6c36f9">
      <Execution id="5ac86c17-0ec8-47cc-b72a-7ab096141753" />
      <TestMethod codeBase="D:\actions-runner\_work\XPCO\XPCO\MIP\PlatformPlugin\VideoOS.Platform\unittest\bin\Debug\net472\VideoOS.Platform.Tests.dll" adapterTypeName="executor://mstestadapter/v2" className="VideoOS.Platform.Tests.Metadata.DisplayColorTests" name="ConstructorRgb_ShouldReturnAlphaValueFullyOpaque_Always" />
    </UnitTest>
    <UnitTest name="GetFilterValues_EmptyValueAdded_IncludeEmptyValues_ReturnsValue" storage="d:\actions-runner\_work\xpco\xpco\mip\platformplugin\videoos.platform\unittest\bin\debug\net472\videoos.platform.tests.dll" id="e5e5bf4a-3b6a-9b6c-ebe0-9c044c226109">
      <TestCategory>
        <TestCategoryItem TestCategory="Search" />
      </TestCategory>
      <Execution id="3d6177aa-1a17-4598-95f8-6d33ece94aa8" />
      <TestMethod codeBase="D:\actions-runner\_work\XPCO\XPCO\MIP\PlatformPlugin\VideoOS.Platform\unittest\bin\Debug\net472\VideoOS.Platform.Tests.dll" adapterTypeName="executor://mstestadapter/v2" className="VideoOS.Platform.Tests.Search.SearchCriteriaTest" name="GetFilterValues_EmptyValueAdded_IncludeEmptyValues_ReturnsValue" />
    </UnitTest>
    <UnitTest name="Construct_Server_ServerIdOnly_checked" storage="d:\actions-runner\_work\xpco\xpco\mip\platformplugin\videoos.platform\unittest\bin\debug\net472\videoos.platform.tests.dll" id="66e61549-2664-849a-b0d5-68906d176e33">
      <Execution id="e773b9c9-3340-4e93-90a3-7fc3daeed2f0" />
      <TestMethod codeBase="D:\actions-runner\_work\XPCO\XPCO\MIP\PlatformPlugin\VideoOS.Platform\unittest\bin\Debug\net472\VideoOS.Platform.Tests.dll" adapterTypeName="executor://mstestadapter/v2" className="VideoOS.Platform.Tests.FQIDtests" name="Construct_Server_ServerIdOnly_checked" />
    </UnitTest>
    <UnitTest name="Contains_CameraObjectId_Checked" storage="d:\actions-runner\_work\xpco\xpco\mip\platformplugin\videoos.platform\unittest\bin\debug\net472\videoos.platform.tests.dll" id="c639d279-f201-87fa-87e4-d4046a905790">
      <Execution id="a9b4459a-9353-461f-bafa-f5b962d95785" />
      <TestMethod codeBase="D:\actions-runner\_work\XPCO\XPCO\MIP\PlatformPlugin\VideoOS.Platform\unittest\bin\Debug\net472\VideoOS.Platform.Tests.dll" adapterTypeName="executor://mstestadapter/v2" className="VideoOS.Platform.Tests.FQIDtests" name="Contains_CameraObjectId_Checked" />
    </UnitTest>
    <UnitTest name="SplitString_When2Levels_CountsLastSeparator" storage="d:\actions-runner\_work\xpco\xpco\mip\platformplugin\videoos.platform\unittest\bin\debug\net472\videoos.platform.tests.dll" id="d3aac1dd-0f5d-4d1a-ac7a-ab3b6af2bff9">
      <Execution id="0ceb7e0b-594d-4e86-84cf-c2e11131368d" />
      <TestMethod codeBase="D:\actions-runner\_work\XPCO\XPCO\MIP\PlatformPlugin\VideoOS.Platform\unittest\bin\Debug\net472\VideoOS.Platform.Tests.dll" adapterTypeName="executor://mstestadapter/v2" className="VideoOS.Platform.Tests.Util.StringSplitterTests" name="SplitString_When2Levels_CountsLastSeparator" />
    </UnitTest>
    <UnitTest name="ContentShouldReturnConstructorParameter" storage="d:\actions-runner\_work\xpco\xpco\mip\platformplugin\videoos.platform\unittest\bin\debug\net472\videoos.platform.tests.dll" id="952d04da-369e-0e5d-fb29-9bfdf4da3a0e">
      <Execution id="28671a01-fbc8-40bc-924b-eb951d151061" />
      <TestMethod codeBase="D:\actions-runner\_work\XPCO\XPCO\MIP\PlatformPlugin\VideoOS.Platform\unittest\bin\Debug\net472\VideoOS.Platform.Tests.dll" adapterTypeName="executor://mstestadapter/v2" className="VideoOS.Platform.Tests.Live.MetadataLiveContentTests" name="ContentShouldReturnConstructorParameter" />
    </UnitTest>
    <UnitTest name="Serialize_TestCases (TestParentTypeMatchCollectionThisTypeMatched)" storage="d:\actions-runner\_work\xpco\xpco\mip\platformplugin\videoos.platform\unittest\bin\debug\net472\videoos.platform.tests.dll" id="b15b4f4f-c7f5-4ee9-5c26-ea40d9596988">
      <Execution id="9e21687a-64cb-4773-8c77-9264ff5a6ba8" />
      <TestMethod codeBase="D:\actions-runner\_work\XPCO\XPCO\MIP\PlatformPlugin\VideoOS.Platform\unittest\bin\Debug\net472\VideoOS.Platform.Tests.dll" adapterTypeName="executor://mstestadapter/v2" className="VideoOS.Platform.Tests.UI.Controls.Automation.Serialization.AutomationObjectSerializerTest" name="Serialize_TestCases" />
    </UnitTest>
    <UnitTest name="Construction_List" storage="d:\actions-runner\_work\xpco\xpco\mip\platformplugin\videoos.platform\unittest\bin\debug\net472\videoos.platform.tests.dll" id="52df54ef-d786-de4c-66ba-453529b99c4f">
      <Execution id="3d93fadd-1d46-454f-8211-a56f3326d1e5" />
      <TestMethod codeBase="D:\actions-runner\_work\XPCO\XPCO\MIP\PlatformPlugin\VideoOS.Platform\unittest\bin\Debug\net472\VideoOS.Platform.Tests.dll" adapterTypeName="executor://mstestadapter/v2" className="VideoOS.Platform.Tests.Proxy.RestApi.JsonBuilderTests" name="Construction_List" />
    </UnitTest>
    <UnitTest name="ReadXml_ShouldLogWarningOnlyOnceWithinOneMinute_WhenRequiredAttributeIsMissing" storage="d:\actions-runner\_work\xpco\xpco\mip\platformplugin\videoos.platform\unittest\bin\debug\net472\videoos.platform.tests.dll" id="96d51fc2-2cbe-e312-cc7e-6899f3431cc7">
      <Execution id="41f1dbb9-6138-48fe-8a60-336a3de00481" />
      <TestMethod codeBase="D:\actions-runner\_work\XPCO\XPCO\MIP\PlatformPlugin\VideoOS.Platform\unittest\bin\Debug\net472\VideoOS.Platform.Tests.dll" adapterTypeName="executor://mstestadapter/v2" className="VideoOS.Platform.Tests.Metadata.FrameTests" name="ReadXml_ShouldLogWarningOnlyOnceWithinOneMinute_WhenRequiredAttributeIsMissing" />
    </UnitTest>
    <UnitTest name="Convert_MultiArgumentConverter_ShouldThrowArgumentException_WhenArgumentTypeMismatch" storage="d:\actions-runner\_work\xpco\xpco\mip\platformplugin\videoos.platform\unittest\bin\debug\net472\videoos.platform.tests.dll" id="6abc30a4-9771-c1aa-9f1c-ff3c0e9f8896">
      <Execution id="ff986e09-0200-4789-b746-4bf6e43e99f6" />
      <TestMethod codeBase="D:\actions-runner\_work\XPCO\XPCO\MIP\PlatformPlugin\VideoOS.Platform\unittest\bin\Debug\net472\VideoOS.Platform.Tests.dll" adapterTypeName="executor://mstestadapter/v2" className="VideoOS.Platform.Tests.UI.Converters.LambdaConverterTest" name="Convert_MultiArgumentConverter_ShouldThrowArgumentException_WhenArgumentTypeMismatch" />
    </UnitTest>
    <UnitTest name="Equals_ShouldHaveValueSemantics_WhenAlways" storage="d:\actions-runner\_work\xpco\xpco\mip\platformplugin\videoos.platform\unittest\bin\debug\net472\videoos.platform.tests.dll" id="a0b09ab1-22b3-e8a0-7021-5f5ed2380424">
      <Execution id="6683f969-041b-4770-9a00-caafc83668a9" />
      <TestMethod codeBase="D:\actions-runner\_work\XPCO\XPCO\MIP\PlatformPlugin\VideoOS.Platform\unittest\bin\Debug\net472\VideoOS.Platform.Tests.dll" adapterTypeName="executor://mstestadapter/v2" className="VideoOS.Platform.Tests.Metadata.RectangleTests" name="Equals_ShouldHaveValueSemantics_WhenAlways" />
    </UnitTest>
    <UnitTest name="Contains_Camera_ServerIDNull_Checked_Failed" storage="d:\actions-runner\_work\xpco\xpco\mip\platformplugin\videoos.platform\unittest\bin\debug\net472\videoos.platform.tests.dll" id="1eda914f-da94-406c-7d55-9addceb31e52">
      <Execution id="d4d8e583-925d-49af-89db-60aa7c6a6c5a" />
      <TestMethod codeBase="D:\actions-runner\_work\XPCO\XPCO\MIP\PlatformPlugin\VideoOS.Platform\unittest\bin\Debug\net472\VideoOS.Platform.Tests.dll" adapterTypeName="executor://mstestadapter/v2" className="VideoOS.Platform.Tests.FQIDtests" name="Contains_Camera_ServerIDNull_Checked_Failed" />
    </UnitTest>
    <UnitTest name="GetItems_ShouldReturnNull_WhenUnknownKind" storage="d:\actions-runner\_work\xpco\xpco\mip\platformplugin\videoos.platform\unittest\bin\debug\net472\videoos.platform.tests.dll" id="cbd53ab9-3037-bcc9-1b3c-c2cf3018f4d2">
      <Execution id="9cb16f8a-1f7a-4e44-93dc-83c58f42b730" />
      <TestMethod codeBase="D:\actions-runner\_work\XPCO\XPCO\MIP\PlatformPlugin\VideoOS.Platform\unittest\bin\Debug\net472\VideoOS.Platform.Tests.dll" adapterTypeName="executor://mstestadapter/v2" className="VideoOS.Platform.Tests.Util.ConfigurationCacheTests" name="GetItems_ShouldReturnNull_WhenUnknownKind" />
    </UnitTest>
    <UnitTest name="Unescape_Success" storage="d:\actions-runner\_work\xpco\xpco\mip\platformplugin\videoos.platform\unittest\bin\debug\net472\videoos.platform.tests.dll" id="a26aca48-0992-fb7f-2394-abc4cff3b453">
      <Execution id="06146658-ca79-4846-b1de-6b24abac76b4" />
      <TestMethod codeBase="D:\actions-runner\_work\XPCO\XPCO\MIP\PlatformPlugin\VideoOS.Platform\unittest\bin\Debug\net472\VideoOS.Platform.Tests.dll" adapterTypeName="executor://mstestadapter/v2" className="VideoOS.Platform.Tests.Util.StringSplitterTests" name="Unescape_Success" />
    </UnitTest>
    <UnitTest name="Parse_Double_Invalid" storage="d:\actions-runner\_work\xpco\xpco\mip\platformplugin\videoos.platform\unittest\bin\debug\net472\videoos.platform.tests.dll" id="b7c2c022-5605-11c2-db09-3429d396f98d">
      <Execution id="8b3b237c-53a2-440b-a654-d52326781739" />
      <TestMethod codeBase="D:\actions-runner\_work\XPCO\XPCO\MIP\PlatformPlugin\VideoOS.Platform\unittest\bin\Debug\net472\VideoOS.Platform.Tests.dll" adapterTypeName="executor://mstestadapter/v2" className="VideoOS.Platform.Tests.Proxy.RestApi.JsonReaderTests" name="Parse_Double_Invalid" />
    </UnitTest>
    <UnitTest name="Serialize_TestCases (Verify root Bool property)" storage="d:\actions-runner\_work\xpco\xpco\mip\platformplugin\videoos.platform\unittest\bin\debug\net472\videoos.platform.tests.dll" id="c05e47c4-61d6-49b1-3d85-b74a1ff92020">
      <Execution id="a6e07083-e7c1-4616-8a7f-2bb4127a62bd" />
      <TestMethod codeBase="D:\actions-runner\_work\XPCO\XPCO\MIP\PlatformPlugin\VideoOS.Platform\unittest\bin\Debug\net472\VideoOS.Platform.Tests.dll" adapterTypeName="executor://mstestadapter/v2" className="VideoOS.Platform.Tests.UI.Controls.Automation.Serialization.AutomationObjectSerializerTest" name="Serialize_TestCases" />
    </UnitTest>
    <UnitTest name="ReadXml_ShouldReadMultipleFrames_WhenMultipleCorrectFramesArePresent" storage="d:\actions-runner\_work\xpco\xpco\mip\platformplugin\videoos.platform\unittest\bin\debug\net472\videoos.platform.tests.dll" id="1b4a32c3-9eb5-2168-e50a-80b2df0aa2f3">
      <Execution id="144e7efd-aa4f-40bf-b9f3-7adf26e6bf92" />
      <TestMethod codeBase="D:\actions-runner\_work\XPCO\XPCO\MIP\PlatformPlugin\VideoOS.Platform\unittest\bin\Debug\net472\VideoOS.Platform.Tests.dll" adapterTypeName="executor://mstestadapter/v2" className="VideoOS.Platform.Tests.Metadata.VideoAnalyticsTests" name="ReadXml_ShouldReadMultipleFrames_WhenMultipleCorrectFramesArePresent" />
    </UnitTest>
    <UnitTest name="SearializePlusDeserialize_NestedArrayObject_ShouldResultInSameString" storage="d:\actions-runner\_work\xpco\xpco\mip\platformplugin\videoos.platform\unittest\bin\debug\net472\videoos.platform.tests.dll" id="76e6ff63-d7eb-f665-d9fe-8f8739285ff9">
      <Execution id="b109e7df-6d88-4a51-9722-afae7b7980c6" />
      <TestMethod codeBase="D:\actions-runner\_work\XPCO\XPCO\MIP\PlatformPlugin\VideoOS.Platform\unittest\bin\Debug\net472\VideoOS.Platform.Tests.dll" adapterTypeName="executor://mstestadapter/v2" className="VideoOS.Platform.Tests.Proxy.RestApi.JsonObjectTests" name="SearializePlusDeserialize_NestedArrayObject_ShouldResultInSameString" />
    </UnitTest>
    <UnitTest name="CreateSearchFilterEditControl_PluginReturnsNull_ReturnsNull" storage="d:\actions-runner\_work\xpco\xpco\mip\platformplugin\videoos.platform\unittest\bin\debug\net472\videoos.platform.tests.dll" id="e4e07f2b-adba-7b75-6902-9e3a9d332cfe">
      <TestCategory>
        <TestCategoryItem TestCategory="Search" />
      </TestCategory>
      <Execution id="52120da2-913d-4d72-80c6-46a80f3fe481" />
      <TestMethod codeBase="D:\actions-runner\_work\XPCO\XPCO\MIP\PlatformPlugin\VideoOS.Platform\unittest\bin\Debug\net472\VideoOS.Platform.Tests.dll" adapterTypeName="executor://mstestadapter/v2" className="VideoOS.Platform.Tests.Search.SearchUserControlResolverTest" name="CreateSearchFilterEditControl_PluginReturnsNull_ReturnsNull" />
    </UnitTest>
    <UnitTest name="WriteXml_ShouldWriteClassCandidateContents_WhenAClassCandidateIsWritten" storage="d:\actions-runner\_work\xpco\xpco\mip\platformplugin\videoos.platform\unittest\bin\debug\net472\videoos.platform.tests.dll" id="0e7ca7c3-2900-8d7a-24b0-844e128831dd">
      <Execution id="92206488-7335-4051-ac1d-e43ee3721d50" />
      <TestMethod codeBase="D:\actions-runner\_work\XPCO\XPCO\MIP\PlatformPlugin\VideoOS.Platform\unittest\bin\Debug\net472\VideoOS.Platform.Tests.dll" adapterTypeName="executor://mstestadapter/v2" className="VideoOS.Platform.Tests.Metadata.OnvifClassTests" name="WriteXml_ShouldWriteClassCandidateContents_WhenAClassCandidateIsWritten" />
    </UnitTest>
    <UnitTest name="SearchResultData_EndTimeWithPadding_Success" storage="d:\actions-runner\_work\xpco\xpco\mip\platformplugin\videoos.platform\unittest\bin\debug\net472\videoos.platform.tests.dll" id="b43543d5-d01e-b4aa-3f27-43446c7c519e">
      <TestCategory>
        <TestCategoryItem TestCategory="Search" />
      </TestCategory>
      <Execution id="1669f32b-36f1-409e-9f7d-0c7e97fb447a" />
      <TestMethod codeBase="D:\actions-runner\_work\XPCO\XPCO\MIP\PlatformPlugin\VideoOS.Platform\unittest\bin\Debug\net472\VideoOS.Platform.Tests.dll" adapterTypeName="executor://mstestadapter/v2" className="VideoOS.Platform.Tests.Search.SearchResultDataTest" name="SearchResultData_EndTimeWithPadding_Success" />
    </UnitTest>
    <UnitTest name="Clear_ShouldRemoveAllDataFromCache_WhenAlways" storage="d:\actions-runner\_work\xpco\xpco\mip\platformplugin\videoos.platform\unittest\bin\debug\net472\videoos.platform.tests.dll" id="135d62c0-fe81-f46a-ce86-2cfe36dd8cc8">
      <Execution id="61a2b713-972b-4174-811e-fe15e20c4f1c" />
      <TestMethod codeBase="D:\actions-runner\_work\XPCO\XPCO\MIP\PlatformPlugin\VideoOS.Platform\unittest\bin\Debug\net472\VideoOS.Platform.Tests.dll" adapterTypeName="executor://mstestadapter/v2" className="VideoOS.Platform.Tests.Data.MetadataCacheTests" name="Clear_ShouldRemoveAllDataFromCache_WhenAlways" />
    </UnitTest>
    <UnitTest name="IsValidSelectionCallback_ReturnsFalse_ItemNotSelected" storage="d:\actions-runner\_work\xpco\xpco\mip\platformplugin\videoos.platform\unittest\bin\debug\net472\videoos.platform.tests.dll" id="8875b738-a9e1-7286-389a-f8981f6da4cd">
      <Execution id="685620dd-f0be-426b-8d5a-8995de28dcf6" />
      <TestMethod codeBase="D:\actions-runner\_work\XPCO\XPCO\MIP\PlatformPlugin\VideoOS.Platform\unittest\bin\Debug\net472\VideoOS.Platform.Tests.dll" adapterTypeName="executor://mstestadapter/v2" className="VideoOS.Platform.Tests.UI.ItemPicker.ItemPickerViewModelTest" name="IsValidSelectionCallback_ReturnsFalse_ItemNotSelected" />
    </UnitTest>
    <UnitTest name="CountByItems_Activated_CountByCounter_Trial1" storage="d:\actions-runner\_work\xpco\xpco\mip\platformplugin\videoos.platform\unittest\bin\debug\net472\videoos.platform.tests.dll" id="62771907-5daf-58e6-a184-e6742aca31e8">
      <Execution id="0f4888e7-e9d4-45dc-983b-6736cc700eec" />
      <TestMethod codeBase="D:\actions-runner\_work\XPCO\XPCO\MIP\PlatformPlugin\VideoOS.Platform\unittest\bin\Debug\net472\VideoOS.Platform.Tests.dll" adapterTypeName="executor://mstestadapter/v2" className="VideoOS.Platform.Tests.License.ResolvedLicenseCountTest" name="CountByItems_Activated_CountByCounter_Trial1" />
    </UnitTest>
    <UnitTest name="GetPrevious_ShouldReturnSecondLastElement_WhenLastEntryCalledAndThereIsAPreviousEntry" storage="d:\actions-runner\_work\xpco\xpco\mip\platformplugin\videoos.platform\unittest\bin\debug\net472\videoos.platform.tests.dll" id="41e8bbd6-3770-3db6-c9ec-9f2dfc487593">
      <Execution id="f09f1769-007b-42db-b352-6f0af7e9609c" />
      <TestMethod codeBase="D:\actions-runner\_work\XPCO\XPCO\MIP\PlatformPlugin\VideoOS.Platform\unittest\bin\Debug\net472\VideoOS.Platform.Tests.dll" adapterTypeName="executor://mstestadapter/v2" className="VideoOS.Platform.Tests.Data.MetadataCacheTests" name="GetPrevious_ShouldReturnSecondLastElement_WhenLastEntryCalledAndThereIsAPreviousEntry" />
    </UnitTest>
    <UnitTest name="Escape_Success" storage="d:\actions-runner\_work\xpco\xpco\mip\platformplugin\videoos.platform\unittest\bin\debug\net472\videoos.platform.tests.dll" id="a986cdd1-f3b8-291d-b1aa-90291a659d05">
      <Execution id="715f1156-5b5f-4c1a-8d33-a29b593b6d62" />
      <TestMethod codeBase="D:\actions-runner\_work\XPCO\XPCO\MIP\PlatformPlugin\VideoOS.Platform\unittest\bin\Debug\net472\VideoOS.Platform.Tests.dll" adapterTypeName="executor://mstestadapter/v2" className="VideoOS.Platform.Tests.Util.StringSplitterTests" name="Escape_Success" />
    </UnitTest>
    <UnitTest name="GenerateDeviceParameters_ShouldWriteCorrectResolution_WhenResolutionIsNotNull" storage="d:\actions-runner\_work\xpco\xpco\mip\platformplugin\videoos.platform\unittest\bin\debug\net472\videoos.platform.tests.dll" id="7ae2592b-1209-056c-b02b-a7b7c4496165">
      <Execution id="c709094c-00d1-41c0-b833-aabe02210de8" />
      <TestMethod codeBase="D:\actions-runner\_work\XPCO\XPCO\MIP\PlatformPlugin\VideoOS.Platform\unittest\bin\Debug\net472\VideoOS.Platform.Tests.dll" adapterTypeName="executor://mstestadapter/v2" className="VideoOS.Platform.Tests.Data.CameraDeviceDefinitionTests" name="GenerateDeviceParameters_ShouldWriteCorrectResolution_WhenResolutionIsNotNull" />
    </UnitTest>
    <UnitTest name="WriteXml_ShouldWriteFontFamiliyAttribute_WhenPresent" storage="d:\actions-runner\_work\xpco\xpco\mip\platformplugin\videoos.platform\unittest\bin\debug\net472\videoos.platform.tests.dll" id="5d3b9f28-5b7f-774a-d114-babb2f2f6cd2">
      <Execution id="f493db46-4a03-4d04-8ed5-acf84f16f629" />
      <TestMethod codeBase="D:\actions-runner\_work\XPCO\XPCO\MIP\PlatformPlugin\VideoOS.Platform\unittest\bin\Debug\net472\VideoOS.Platform.Tests.dll" adapterTypeName="executor://mstestadapter/v2" className="VideoOS.Platform.Tests.Metadata.DisplayTextTests" name="WriteXml_ShouldWriteFontFamiliyAttribute_WhenPresent" />
    </UnitTest>
    <UnitTest name="Serialize_TestCases (TestParentTypeMatchObjectNotThisTypeMatched)" storage="d:\actions-runner\_work\xpco\xpco\mip\platformplugin\videoos.platform\unittest\bin\debug\net472\videoos.platform.tests.dll" id="ec482b93-0422-0e34-9bc4-8b3983a84f1b">
      <Execution id="3422f41e-1b11-4e32-840c-772c94c4348f" />
      <TestMethod codeBase="D:\actions-runner\_work\XPCO\XPCO\MIP\PlatformPlugin\VideoOS.Platform\unittest\bin\Debug\net472\VideoOS.Platform.Tests.dll" adapterTypeName="executor://mstestadapter/v2" className="VideoOS.Platform.Tests.UI.Controls.Automation.Serialization.AutomationObjectSerializerTest" name="Serialize_TestCases" />
    </UnitTest>
    <UnitTest name="GenerateDeviceParameters_ShouldOmitResolution_WhenResolutionIsNull" storage="d:\actions-runner\_work\xpco\xpco\mip\platformplugin\videoos.platform\unittest\bin\debug\net472\videoos.platform.tests.dll" id="6ff15af4-6fd8-2401-35d9-7aaad2262d48">
      <Execution id="fc2124d6-bc96-4fca-bc83-0ffaabdd591f" />
      <TestMethod codeBase="D:\actions-runner\_work\XPCO\XPCO\MIP\PlatformPlugin\VideoOS.Platform\unittest\bin\Debug\net472\VideoOS.Platform.Tests.dll" adapterTypeName="executor://mstestadapter/v2" className="VideoOS.Platform.Tests.Data.CameraDeviceDefinitionTests" name="GenerateDeviceParameters_ShouldOmitResolution_WhenResolutionIsNull" />
    </UnitTest>
    <UnitTest name="VerticalAccuracy_ShouldThrowArgumentOfRange_WhenValueIsOutsideAcceptedRange" storage="d:\actions-runner\_work\xpco\xpco\mip\platformplugin\videoos.platform\unittest\bin\debug\net472\videoos.platform.tests.dll" id="e752e0ff-bfc6-c186-6be7-f4690c294e87">
      <Execution id="f09eeb9b-2593-49fa-84a4-9befb8b508be" />
      <TestMethod codeBase="D:\actions-runner\_work\XPCO\XPCO\MIP\PlatformPlugin\VideoOS.Platform\unittest\bin\Debug\net472\VideoOS.Platform.Tests.dll" adapterTypeName="executor://mstestadapter/v2" className="VideoOS.Platform.Tests.Metadata.NavigationalDataTests" name="VerticalAccuracy_ShouldThrowArgumentOfRange_WhenValueIsOutsideAcceptedRange" />
    </UnitTest>
    <UnitTest name="AddFilterValue_ExistingValue_NullFilter_Throws" storage="d:\actions-runner\_work\xpco\xpco\mip\platformplugin\videoos.platform\unittest\bin\debug\net472\videoos.platform.tests.dll" id="9cb1dd9b-9567-7d27-369e-add42bb14fb4">
      <TestCategory>
        <TestCategoryItem TestCategory="Search" />
      </TestCategory>
      <Execution id="1c759d8c-ae06-4955-8f91-0f2bf375723d" />
      <TestMethod codeBase="D:\actions-runner\_work\XPCO\XPCO\MIP\PlatformPlugin\VideoOS.Platform\unittest\bin\Debug\net472\VideoOS.Platform.Tests.dll" adapterTypeName="executor://mstestadapter/v2" className="VideoOS.Platform.Tests.Search.SearchCriteriaTest" name="AddFilterValue_ExistingValue_NullFilter_Throws" />
    </UnitTest>
    <UnitTest name="Equals_ShouldReturnFalse_WhenOnlyIdsAreDifferent" storage="d:\actions-runner\_work\xpco\xpco\mip\platformplugin\videoos.platform\unittest\bin\debug\net472\videoos.platform.tests.dll" id="8e518cf6-5cc7-9578-86bd-3ad3afaceaf7">
      <Execution id="c17c555f-9849-4889-9fd0-1d37744dcd06" />
      <TestMethod codeBase="D:\actions-runner\_work\XPCO\XPCO\MIP\PlatformPlugin\VideoOS.Platform\unittest\bin\Debug\net472\VideoOS.Platform.Tests.dll" adapterTypeName="executor://mstestadapter/v2" className="VideoOS.Platform.Tests.ServerIdTests" name="Equals_ShouldReturnFalse_WhenOnlyIdsAreDifferent" />
    </UnitTest>
    <UnitTest name="GetNext_ShouldReturnEntryAfterFirstReturnedEntry_WhenFindCacheEntryBeforeWasCalledAndThereIsANextEntry" storage="d:\actions-runner\_work\xpco\xpco\mip\platformplugin\videoos.platform\unittest\bin\debug\net472\videoos.platform.tests.dll" id="ee0b5b54-d791-b6a4-b0fb-2c250f632e6e">
      <Execution id="689d6a44-55f3-4ca5-a2a7-a421d8e374f7" />
      <TestMethod codeBase="D:\actions-runner\_work\XPCO\XPCO\MIP\PlatformPlugin\VideoOS.Platform\unittest\bin\Debug\net472\VideoOS.Platform.Tests.dll" adapterTypeName="executor://mstestadapter/v2" className="VideoOS.Platform.Tests.Data.MetadataCacheTests" name="GetNext_ShouldReturnEntryAfterFirstReturnedEntry_WhenFindCacheEntryBeforeWasCalledAndThereIsANextEntry" />
    </UnitTest>
    <UnitTest name="GetRelated_Success" storage="d:\actions-runner\_work\xpco\xpco\mip\platformplugin\videoos.platform\unittest\bin\debug\net472\videoos.platform.tests.dll" id="fbbc45ef-78b8-acb6-dc04-1e7a7f11e95a">
      <Execution id="a86af8fb-4352-488b-9082-6c31ace0e4bb" />
      <TestMethod codeBase="D:\actions-runner\_work\XPCO\XPCO\MIP\PlatformPlugin\VideoOS.Platform\unittest\bin\Debug\net472\VideoOS.Platform.Tests.dll" adapterTypeName="executor://mstestadapter/v2" className="VideoOS.Platform.Tests.ItemTests" name="GetRelated_Success" />
    </UnitTest>
    <UnitTest name="Serialize_TestCases (TestParentTypeMatchCollectionNotThisTypeMatched)" storage="d:\actions-runner\_work\xpco\xpco\mip\platformplugin\videoos.platform\unittest\bin\debug\net472\videoos.platform.tests.dll" id="b762d469-6e8e-9554-a9ef-98866a578464">
      <Execution id="d5847047-ec4e-499d-adc9-394d309d861d" />
      <TestMethod codeBase="D:\actions-runner\_work\XPCO\XPCO\MIP\PlatformPlugin\VideoOS.Platform\unittest\bin\Debug\net472\VideoOS.Platform.Tests.dll" adapterTypeName="executor://mstestadapter/v2" className="VideoOS.Platform.Tests.UI.Controls.Automation.Serialization.AutomationObjectSerializerTest" name="Serialize_TestCases" />
    </UnitTest>
    <UnitTest name="GetBegin_ShouldThrowImplementationMipException_WhenSessionIsNotStarted" storage="d:\actions-runner\_work\xpco\xpco\mip\platformplugin\videoos.platform\unittest\bin\debug\net472\videoos.platform.tests.dll" id="6683524a-bfa3-259f-b1e9-51fd36596515">
      <Execution id="7c72b4a1-112d-4c4e-9c2e-c781b0df466e" />
      <TestMethod codeBase="D:\actions-runner\_work\XPCO\XPCO\MIP\PlatformPlugin\VideoOS.Platform\unittest\bin\Debug\net472\VideoOS.Platform.Tests.dll" adapterTypeName="executor://mstestadapter/v2" className="VideoOS.Platform.Tests.Data.MetadataPlaybackSourceTests" name="GetBegin_ShouldThrowImplementationMipException_WhenSessionIsNotStarted" />
    </UnitTest>
    <UnitTest name="ProvideValue_ShouldChangeText_WhenItemHeaderPropertyNameIsSet" storage="d:\actions-runner\_work\xpco\xpco\mip\platformplugin\videoos.platform\unittest\bin\debug\net472\videoos.platform.tests.dll" id="87ac7461-0d28-cf5d-7698-d8b535ebe6b4">
      <TestCategory>
        <TestCategoryItem TestCategory="TabControls" />
      </TestCategory>
      <Execution id="b100e46b-81d5-4c79-9ba9-02d50d49b3e6" />
      <TestMethod codeBase="D:\actions-runner\_work\XPCO\XPCO\MIP\PlatformPlugin\VideoOS.Platform\unittest\bin\Debug\net472\VideoOS.Platform.Tests.dll" adapterTypeName="executor://mstestadapter/v2" className="VideoOS.Platform.Tests.UI.Controls.TabControls.Internal.Primary.ItemHeaderExtensionTest" name="ProvideValue_ShouldChangeText_WhenItemHeaderPropertyNameIsSet" />
    </UnitTest>
    <UnitTest name="Add_ShouldUpdateEndCache_WhenOldEndTimeIsEarlierThanAdded" storage="d:\actions-runner\_work\xpco\xpco\mip\platformplugin\videoos.platform\unittest\bin\debug\net472\videoos.platform.tests.dll" id="cc29216e-1cfd-6792-7ea1-15bf1c735835">
      <Execution id="0c38340f-c206-41a4-9b61-992df645ebf3" />
      <TestMethod codeBase="D:\actions-runner\_work\XPCO\XPCO\MIP\PlatformPlugin\VideoOS.Platform\unittest\bin\Debug\net472\VideoOS.Platform.Tests.dll" adapterTypeName="executor://mstestadapter/v2" className="VideoOS.Platform.Tests.Client.SequenceCacheTests" name="Add_ShouldUpdateEndCache_WhenOldEndTimeIsEarlierThanAdded" />
    </UnitTest>
    <UnitTest name="SearchResultData_Item_Success" storage="d:\actions-runner\_work\xpco\xpco\mip\platformplugin\videoos.platform\unittest\bin\debug\net472\videoos.platform.tests.dll" id="bc934390-fccd-2d5c-15be-99650a75c9f5">
      <TestCategory>
        <TestCategoryItem TestCategory="Search" />
      </TestCategory>
      <Execution id="68e2ae1b-293c-40f1-8a2d-14de2f59396e" />
      <TestMethod codeBase="D:\actions-runner\_work\XPCO\XPCO\MIP\PlatformPlugin\VideoOS.Platform\unittest\bin\Debug\net472\VideoOS.Platform.Tests.dll" adapterTypeName="executor://mstestadapter/v2" className="VideoOS.Platform.Tests.Search.SearchResultDataTest" name="SearchResultData_Item_Success" />
    </UnitTest>
    <UnitTest name="ProvideValue_ShouldNotSetTargetProperty_WhenMultipleItemsSelected" storage="d:\actions-runner\_work\xpco\xpco\mip\platformplugin\videoos.platform\unittest\bin\debug\net472\videoos.platform.tests.dll" id="36329e9d-989b-9474-5a40-51eec07faa7c">
      <TestCategory>
        <TestCategoryItem TestCategory="DropDowns" />
      </TestCategory>
      <Execution id="e3054496-b729-4941-8e75-6a3b48fb8c88" />
      <TestMethod codeBase="D:\actions-runner\_work\XPCO\XPCO\MIP\PlatformPlugin\VideoOS.Platform\unittest\bin\Debug\net472\VideoOS.Platform.Tests.dll" adapterTypeName="executor://mstestadapter/v2" className="VideoOS.Platform.Tests.UI.Controls.DropDowns.Internal.SelectedItemIconSourceExtensionTest" name="ProvideValue_ShouldNotSetTargetProperty_WhenMultipleItemsSelected" />
    </UnitTest>
    <UnitTest name="ReadXml_ShouldLogWarningOnlyOnceWithinOneMinute_WhenIncompleteTranslateIsPresent" storage="d:\actions-runner\_work\xpco\xpco\mip\platformplugin\videoos.platform\unittest\bin\debug\net472\videoos.platform.tests.dll" id="8f08ea31-2511-c2ee-1c5b-8c8ed224c8f7">
      <Execution id="af4509a6-e7e5-4029-969b-99a7f0425370" />
      <TestMethod codeBase="D:\actions-runner\_work\XPCO\XPCO\MIP\PlatformPlugin\VideoOS.Platform\unittest\bin\Debug\net472\VideoOS.Platform.Tests.dll" adapterTypeName="executor://mstestadapter/v2" className="VideoOS.Platform.Tests.Metadata.TransformationTests" name="ReadXml_ShouldLogWarningOnlyOnceWithinOneMinute_WhenIncompleteTranslateIsPresent" />
    </UnitTest>
    <UnitTest name="Equals_ShouldHaveValueSemantics_WhenAlways" storage="d:\actions-runner\_work\xpco\xpco\mip\platformplugin\videoos.platform\unittest\bin\debug\net472\videoos.platform.tests.dll" id="00d2b6ae-d05f-2d34-4eb2-fb5187257361">
      <Execution id="2559468b-21a3-4e79-82f3-a659d236b04f" />
      <TestMethod codeBase="D:\actions-runner\_work\XPCO\XPCO\MIP\PlatformPlugin\VideoOS.Platform\unittest\bin\Debug\net472\VideoOS.Platform.Tests.dll" adapterTypeName="executor://mstestadapter/v2" className="VideoOS.Platform.Tests.Metadata.BehaviourTests" name="Equals_ShouldHaveValueSemantics_WhenAlways" />
    </UnitTest>
    <UnitTest name="WriteXml_ShouldWriteBoldAttribute_WhenSet" storage="d:\actions-runner\_work\xpco\xpco\mip\platformplugin\videoos.platform\unittest\bin\debug\net472\videoos.platform.tests.dll" id="a8162811-15bd-d3de-ec39-97d82066ae3d">
      <Execution id="4d6d47ab-9bc8-407c-aeb3-8c8046ed1e9c" />
      <TestMethod codeBase="D:\actions-runner\_work\XPCO\XPCO\MIP\PlatformPlugin\VideoOS.Platform\unittest\bin\Debug\net472\VideoOS.Platform.Tests.dll" adapterTypeName="executor://mstestadapter/v2" className="VideoOS.Platform.Tests.Metadata.DisplayTextTests" name="WriteXml_ShouldWriteBoldAttribute_WhenSet" />
    </UnitTest>
    <UnitTest name="GetNext_ShouldReturnNull_WhenThereIsNoNextEntryAfterCallToFindCacheEntryAfter" storage="d:\actions-runner\_work\xpco\xpco\mip\platformplugin\videoos.platform\unittest\bin\debug\net472\videoos.platform.tests.dll" id="40c0286b-652b-f4d2-04b7-183bee4a715e">
      <Execution id="b820a2d4-b948-4c63-9805-793f25edaf8c" />
      <TestMethod codeBase="D:\actions-runner\_work\XPCO\XPCO\MIP\PlatformPlugin\VideoOS.Platform\unittest\bin\Debug\net472\VideoOS.Platform.Tests.dll" adapterTypeName="executor://mstestadapter/v2" className="VideoOS.Platform.Tests.Data.MetadataCacheTests" name="GetNext_ShouldReturnNull_WhenThereIsNoNextEntryAfterCallToFindCacheEntryAfter" />
    </UnitTest>
    <UnitTest name="GenerateParameters_ShouldWriteModel_WhenAlways" storage="d:\actions-runner\_work\xpco\xpco\mip\platformplugin\videoos.platform\unittest\bin\debug\net472\videoos.platform.tests.dll" id="31116a68-3b0f-f28f-7f53-0333062fc887">
      <Execution id="37391bc7-2052-4e72-b50f-d8b7c416353c" />
      <TestMethod codeBase="D:\actions-runner\_work\XPCO\XPCO\MIP\PlatformPlugin\VideoOS.Platform\unittest\bin\Debug\net472\VideoOS.Platform.Tests.dll" adapterTypeName="executor://mstestadapter/v2" className="VideoOS.Platform.Tests.Data.HardwareDefinitionTests" name="GenerateParameters_ShouldWriteModel_WhenAlways" />
    </UnitTest>
    <UnitTest name="Populate_SearchTextSet_SearchFilter_False" storage="d:\actions-runner\_work\xpco\xpco\mip\platformplugin\videoos.platform\unittest\bin\debug\net472\videoos.platform.tests.dll" id="d2d1d21b-c98b-721d-a336-85243335bc1f">
      <Execution id="cdc21e0e-9a1f-4451-837f-416b75018701" />
      <TestMethod codeBase="D:\actions-runner\_work\XPCO\XPCO\MIP\PlatformPlugin\VideoOS.Platform\unittest\bin\Debug\net472\VideoOS.Platform.Tests.dll" adapterTypeName="executor://mstestadapter/v2" className="VideoOS.Platform.Tests.UI.ItemPicker.PopulateThreadTest" name="Populate_SearchTextSet_SearchFilter_False" />
    </UnitTest>
    <UnitTest name="CountByCounter_Activated_OK" storage="d:\actions-runner\_work\xpco\xpco\mip\platformplugin\videoos.platform\unittest\bin\debug\net472\videoos.platform.tests.dll" id="b8276ba3-7850-cbef-143f-fbd86d2ed190">
      <Execution id="656a3895-fa32-4f7e-9102-c2eebb84c1f7" />
      <TestMethod codeBase="D:\actions-runner\_work\XPCO\XPCO\MIP\PlatformPlugin\VideoOS.Platform\unittest\bin\Debug\net472\VideoOS.Platform.Tests.dll" adapterTypeName="executor://mstestadapter/v2" className="VideoOS.Platform.Tests.License.ResolvedLicenseCountTest" name="CountByCounter_Activated_OK" />
    </UnitTest>
    <UnitTest name="MatchId_Fail_SingleMessage" storage="d:\actions-runner\_work\xpco\xpco\mip\platformplugin\videoos.platform\unittest\bin\debug\net472\videoos.platform.tests.dll" id="e36409e3-019e-24ac-3359-9d7af3a2aada">
      <Execution id="46e033b1-f22f-4196-8f8a-f1a14ba5810c" />
      <TestMethod codeBase="D:\actions-runner\_work\XPCO\XPCO\MIP\PlatformPlugin\VideoOS.Platform\unittest\bin\Debug\net472\VideoOS.Platform.Tests.dll" adapterTypeName="executor://mstestadapter/v2" className="VideoOS.Platform.Tests.Messaging.CommunicationIdFilterTests" name="MatchId_Fail_SingleMessage" />
    </UnitTest>
    <UnitTest name="ToJson_ListElement_Exception" storage="d:\actions-runner\_work\xpco\xpco\mip\platformplugin\videoos.platform\unittest\bin\debug\net472\videoos.platform.tests.dll" id="e52da296-c08b-e9c0-0216-381a1c8bbd9e">
      <Execution id="de811cd4-4f99-471d-82d4-86bd43b8bc61" />
      <TestMethod codeBase="D:\actions-runner\_work\XPCO\XPCO\MIP\PlatformPlugin\VideoOS.Platform\unittest\bin\Debug\net472\VideoOS.Platform.Tests.dll" adapterTypeName="executor://mstestadapter/v2" className="VideoOS.Platform.Tests.Proxy.RestApi.JsonReaderTests" name="ToJson_ListElement_Exception" />
    </UnitTest>
    <UnitTest name="Get_KeyNotPresent_ReturnsNull" storage="d:\actions-runner\_work\xpco\xpco\mip\platformplugin\videoos.platform\unittest\bin\debug\net472\videoos.platform.tests.dll" id="eb2478e2-607b-274e-dc5e-7e8aa422b888">
      <Execution id="2257a87b-a69d-4984-9986-24f84b8736ab" />
      <TestMethod codeBase="D:\actions-runner\_work\XPCO\XPCO\MIP\PlatformPlugin\VideoOS.Platform\unittest\bin\Debug\net472\VideoOS.Platform.Tests.dll" adapterTypeName="executor://mstestadapter/v2" className="VideoOS.Platform.Tests.Util.Queue.LRUCacheTests" name="Get_KeyNotPresent_ReturnsNull" />
    </UnitTest>
    <UnitTest name="ReadyToCloseEvent_OkCommand_MultiSelect_Not_Thrown" storage="d:\actions-runner\_work\xpco\xpco\mip\platformplugin\videoos.platform\unittest\bin\debug\net472\videoos.platform.tests.dll" id="94e89fbd-ee0e-4e65-a79e-fa57a63dcb34">
      <Execution id="3dace256-725f-422c-bf57-88000b3d0da5" />
      <TestMethod codeBase="D:\actions-runner\_work\XPCO\XPCO\MIP\PlatformPlugin\VideoOS.Platform\unittest\bin\Debug\net472\VideoOS.Platform.Tests.dll" adapterTypeName="executor://mstestadapter/v2" className="VideoOS.Platform.Tests.UI.ItemPicker.ItemPickerWindowViewModelTest" name="ReadyToCloseEvent_OkCommand_MultiSelect_Not_Thrown" />
    </UnitTest>
    <UnitTest name="CountByItems_Activated_Expired" storage="d:\actions-runner\_work\xpco\xpco\mip\platformplugin\videoos.platform\unittest\bin\debug\net472\videoos.platform.tests.dll" id="e69a267a-e07a-22bf-4915-eae5a252f8b8">
      <Execution id="2a5f9c2c-c6ec-433c-8528-e15ef4071b0e" />
      <TestMethod codeBase="D:\actions-runner\_work\XPCO\XPCO\MIP\PlatformPlugin\VideoOS.Platform\unittest\bin\Debug\net472\VideoOS.Platform.Tests.dll" adapterTypeName="executor://mstestadapter/v2" className="VideoOS.Platform.Tests.License.ResolvedLicenseCountTest" name="CountByItems_Activated_Expired" />
    </UnitTest>
    <UnitTest name="WriteXml_ShouldWriteBoundingBoxAppearanceElements_WhenTheyArePresent" storage="d:\actions-runner\_work\xpco\xpco\mip\platformplugin\videoos.platform\unittest\bin\debug\net472\videoos.platform.tests.dll" id="8f3e0927-dc62-09dc-c947-424695b8bc40">
      <Execution id="e5da389f-e9f2-4b2b-81a9-c32a7a681b9f" />
      <TestMethod codeBase="D:\actions-runner\_work\XPCO\XPCO\MIP\PlatformPlugin\VideoOS.Platform\unittest\bin\Debug\net472\VideoOS.Platform.Tests.dll" adapterTypeName="executor://mstestadapter/v2" className="VideoOS.Platform.Tests.Metadata.ShapeTests" name="WriteXml_ShouldWriteBoundingBoxAppearanceElements_WhenTheyArePresent" />
    </UnitTest>
    <UnitTest name="GenerateGpsDevice_ShouldReturnDeviceWithCorrectTypes_WhenAlways" storage="d:\actions-runner\_work\xpco\xpco\mip\platformplugin\videoos.platform\unittest\bin\debug\net472\videoos.platform.tests.dll" id="efff1d09-1e9a-daae-f4fe-c57e4a154964">
      <Execution id="19b83ed7-e3b8-4804-8025-4112cc4d831d" />
      <TestMethod codeBase="D:\actions-runner\_work\XPCO\XPCO\MIP\PlatformPlugin\VideoOS.Platform\unittest\bin\Debug\net472\VideoOS.Platform.Tests.dll" adapterTypeName="executor://mstestadapter/v2" className="VideoOS.Platform.Tests.Data.MetadataDeviceDefintionTests" name="GenerateGpsDevice_ShouldReturnDeviceWithCorrectTypes_WhenAlways" />
    </UnitTest>
    <UnitTest name="CountByItems_Activated_Missing1" storage="d:\actions-runner\_work\xpco\xpco\mip\platformplugin\videoos.platform\unittest\bin\debug\net472\videoos.platform.tests.dll" id="ad39a2a8-a877-88dd-b965-d88ff03cb3d9">
      <Execution id="463e41e3-a4f0-4845-8ffd-8f57e110e1a5" />
      <TestMethod codeBase="D:\actions-runner\_work\XPCO\XPCO\MIP\PlatformPlugin\VideoOS.Platform\unittest\bin\Debug\net472\VideoOS.Platform.Tests.dll" adapterTypeName="executor://mstestadapter/v2" className="VideoOS.Platform.Tests.License.ResolvedLicenseCountTest" name="CountByItems_Activated_Missing1" />
    </UnitTest>
    <UnitTest name="Serialize_TestCases (TestParentTypeMatchStructNotThisTypeNotMatched)" storage="d:\actions-runner\_work\xpco\xpco\mip\platformplugin\videoos.platform\unittest\bin\debug\net472\videoos.platform.tests.dll" id="d2671cf7-10ab-d2c0-aa50-a4b5bfd530c6">
      <Execution id="afd9daf4-92ba-43e8-b247-7509da84b1a4" />
      <TestMethod codeBase="D:\actions-runner\_work\XPCO\XPCO\MIP\PlatformPlugin\VideoOS.Platform\unittest\bin\Debug\net472\VideoOS.Platform.Tests.dll" adapterTypeName="executor://mstestadapter/v2" className="VideoOS.Platform.Tests.UI.Controls.Automation.Serialization.AutomationObjectSerializerTest" name="Serialize_TestCases" />
    </UnitTest>
    <UnitTest name="Enabled_Properties_With_Enable_Yes_success" storage="d:\actions-runner\_work\xpco\xpco\mip\platformplugin\videoos.platform\unittest\bin\debug\net472\videoos.platform.tests.dll" id="f2c9789b-ec5f-6518-f2c0-b2ab50a92288">
      <Execution id="5ba13098-dd1e-44de-b446-38be2fcb12e6" />
      <TestMethod codeBase="D:\actions-runner\_work\XPCO\XPCO\MIP\PlatformPlugin\VideoOS.Platform\unittest\bin\Debug\net472\VideoOS.Platform.Tests.dll" adapterTypeName="executor://mstestadapter/v2" className="VideoOS.Platform.Tests.ItemTests" name="Enabled_Properties_With_Enable_Yes_success" />
    </UnitTest>
    <UnitTest name="GetCompatibilityHandler_ShouldReturnFips_WhenCalledFromEventServer" storage="d:\actions-runner\_work\xpco\xpco\mip\platformplugin\videoos.platform\unittest\bin\debug\net472\videoos.platform.tests.dll" id="eafa657a-e693-c387-5dc5-3b7f787deb74">
      <Execution id="63a81380-abee-472c-8582-4d77ff4c265b" />
      <TestMethod codeBase="D:\actions-runner\_work\XPCO\XPCO\MIP\PlatformPlugin\VideoOS.Platform\unittest\bin\Debug\net472\VideoOS.Platform.Tests.dll" adapterTypeName="executor://mstestadapter/v2" className="VideoOS.Platform.Tests.License.LicenseManagerTests" name="GetCompatibilityHandler_ShouldReturnFips_WhenCalledFromEventServer" />
    </UnitTest>
    <UnitTest name="ReadXml_ShouldIgnoreAppearance_WhenAppearanceIsPresenWithWrongNamespace" storage="d:\actions-runner\_work\xpco\xpco\mip\platformplugin\videoos.platform\unittest\bin\debug\net472\videoos.platform.tests.dll" id="1231dbfb-8caf-95d4-fa10-3201d28cc912">
      <Execution id="bc01386b-8081-4647-b58e-e2defddaa4c6" />
      <TestMethod codeBase="D:\actions-runner\_work\XPCO\XPCO\MIP\PlatformPlugin\VideoOS.Platform\unittest\bin\Debug\net472\VideoOS.Platform.Tests.dll" adapterTypeName="executor://mstestadapter/v2" className="VideoOS.Platform.Tests.Metadata.OnvifObjectTests" name="ReadXml_ShouldIgnoreAppearance_WhenAppearanceIsPresenWithWrongNamespace" />
    </UnitTest>
    <UnitTest name="GetPrevious_ShouldReturnNull_WhenCallToFindCacheEntryAfterReturnedNull" storage="d:\actions-runner\_work\xpco\xpco\mip\platformplugin\videoos.platform\unittest\bin\debug\net472\videoos.platform.tests.dll" id="3b72e631-6670-fe62-856b-ccd543a59971">
      <Execution id="7d043934-c4de-4002-a8a4-037add6397c1" />
      <TestMethod codeBase="D:\actions-runner\_work\XPCO\XPCO\MIP\PlatformPlugin\VideoOS.Platform\unittest\bin\Debug\net472\VideoOS.Platform.Tests.dll" adapterTypeName="executor://mstestadapter/v2" className="VideoOS.Platform.Tests.Data.MetadataCacheTests" name="GetPrevious_ShouldReturnNull_WhenCallToFindCacheEntryAfterReturnedNull" />
    </UnitTest>
    <UnitTest name="CacheFlushMechanism_ShouldRemoveItems_WhenNotUsed" storage="d:\actions-runner\_work\xpco\xpco\mip\platformplugin\videoos.platform\unittest\bin\debug\net472\videoos.platform.tests.dll" id="aea21075-21e1-c265-1a63-420c5c66b0a8">
      <Execution id="388894ac-3b85-4732-8048-dd43479b57c3" />
      <TestMethod codeBase="D:\actions-runner\_work\XPCO\XPCO\MIP\PlatformPlugin\VideoOS.Platform\unittest\bin\Debug\net472\VideoOS.Platform.Tests.dll" adapterTypeName="executor://mstestadapter/v2" className="VideoOS.Platform.Tests.Util.ConfigurationCacheTests" name="CacheFlushMechanism_ShouldRemoveItems_WhenNotUsed" />
    </UnitTest>
    <UnitTest name="RemoveFilterValue_OnlyValue_Success" storage="d:\actions-runner\_work\xpco\xpco\mip\platformplugin\videoos.platform\unittest\bin\debug\net472\videoos.platform.tests.dll" id="4f18dfe5-cbdb-3f59-ec1a-7c24c2cc1db1">
      <TestCategory>
        <TestCategoryItem TestCategory="Search" />
      </TestCategory>
      <Execution id="725ba592-78ea-4f56-a2d7-e7b28c52277b" />
      <TestMethod codeBase="D:\actions-runner\_work\XPCO\XPCO\MIP\PlatformPlugin\VideoOS.Platform\unittest\bin\Debug\net472\VideoOS.Platform.Tests.dll" adapterTypeName="executor://mstestadapter/v2" className="VideoOS.Platform.Tests.Search.SearchCriteriaTest" name="RemoveFilterValue_OnlyValue_Success" />
    </UnitTest>
    <UnitTest name="ReadXml_ShouldDiscardCenterOfGravity_WhenIncompleteCenterOfGravityIsPresent" storage="d:\actions-runner\_work\xpco\xpco\mip\platformplugin\videoos.platform\unittest\bin\debug\net472\videoos.platform.tests.dll" id="27f0a424-dd24-08ba-788b-f15f39b1c327">
      <Execution id="2b64fc11-0402-4d9f-a5ad-11bb1c2d011b" />
      <TestMethod codeBase="D:\actions-runner\_work\XPCO\XPCO\MIP\PlatformPlugin\VideoOS.Platform\unittest\bin\Debug\net472\VideoOS.Platform.Tests.dll" adapterTypeName="executor://mstestadapter/v2" className="VideoOS.Platform.Tests.Metadata.ShapeTests" name="ReadXml_ShouldDiscardCenterOfGravity_WhenIncompleteCenterOfGravityIsPresent" />
    </UnitTest>
    <UnitTest name="CountByItems_Activated_CountByCounter_Missing" storage="d:\actions-runner\_work\xpco\xpco\mip\platformplugin\videoos.platform\unittest\bin\debug\net472\videoos.platform.tests.dll" id="125f47fd-bfa6-8077-4564-e798b6c885b3">
      <Execution id="982d46ea-1528-466f-ac1e-b9834a73afcc" />
      <TestMethod codeBase="D:\actions-runner\_work\XPCO\XPCO\MIP\PlatformPlugin\VideoOS.Platform\unittest\bin\Debug\net472\VideoOS.Platform.Tests.dll" adapterTypeName="executor://mstestadapter/v2" className="VideoOS.Platform.Tests.License.ResolvedLicenseCountTest" name="CountByItems_Activated_CountByCounter_Missing" />
    </UnitTest>
    <UnitTest name="GenerateEnumValueParameters_ShouldWriteName_WhenAlways" storage="d:\actions-runner\_work\xpco\xpco\mip\platformplugin\videoos.platform\unittest\bin\debug\net472\videoos.platform.tests.dll" id="11006eff-dccd-aa32-9666-4dd55bbdd6ef">
      <Execution id="542f7618-2bb1-453b-a730-f7e17a0738bf" />
      <TestMethod codeBase="D:\actions-runner\_work\XPCO\XPCO\MIP\PlatformPlugin\VideoOS.Platform\unittest\bin\Debug\net472\VideoOS.Platform.Tests.dll" adapterTypeName="executor://mstestadapter/v2" className="VideoOS.Platform.Tests.Data.EnumCapabilityValueTests" name="GenerateEnumValueParameters_ShouldWriteName_WhenAlways" />
    </UnitTest>
    <UnitTest name="TestCancelSearch_Success" storage="d:\actions-runner\_work\xpco\xpco\mip\platformplugin\videoos.platform\unittest\bin\debug\net472\videoos.platform.tests.dll" id="65d8beb9-d4b1-7128-2631-5520f6c0ed58">
      <TestCategory>
        <TestCategoryItem TestCategory="Search" />
      </TestCategory>
      <Execution id="beb1be31-99d3-4cdb-be32-d4541847f9c2" />
      <TestMethod codeBase="D:\actions-runner\_work\XPCO\XPCO\MIP\PlatformPlugin\VideoOS.Platform\unittest\bin\Debug\net472\VideoOS.Platform.Tests.dll" adapterTypeName="executor://mstestadapter/v2" className="VideoOS.Platform.Tests.Search.SearchManagerTest" name="TestCancelSearch_Success" />
    </UnitTest>
    <UnitTest name="TestMultiLevelQueue_ThreeLevels_Success" storage="d:\actions-runner\_work\xpco\xpco\mip\platformplugin\videoos.platform\unittest\bin\debug\net472\videoos.platform.tests.dll" id="3fc54712-5186-4bec-f033-21016fea98fa">
      <Execution id="3410f899-3961-4a6c-a3a8-5cfb5a30aa4c" />
      <TestMethod codeBase="D:\actions-runner\_work\XPCO\XPCO\MIP\PlatformPlugin\VideoOS.Platform\unittest\bin\Debug\net472\VideoOS.Platform.Tests.dll" adapterTypeName="executor://mstestadapter/v2" className="VideoOS.Platform.Tests.Util.Queue.MultiLevelResourceQueueTests" name="TestMultiLevelQueue_ThreeLevels_Success" />
    </UnitTest>
    <UnitTest name="ReadXml_ShouldIgnoreUnknownAttributes_WhenAlways" storage="d:\actions-runner\_work\xpco\xpco\mip\platformplugin\videoos.platform\unittest\bin\debug\net472\videoos.platform.tests.dll" id="68414986-0a7e-03e0-b752-7222fdf120b2">
      <Execution id="f9f64aea-b5f9-4932-86ac-7209b35c2c31" />
      <TestMethod codeBase="D:\actions-runner\_work\XPCO\XPCO\MIP\PlatformPlugin\VideoOS.Platform\unittest\bin\Debug\net472\VideoOS.Platform.Tests.dll" adapterTypeName="executor://mstestadapter/v2" className="VideoOS.Platform.Tests.Metadata.VectorTests" name="ReadXml_ShouldIgnoreUnknownAttributes_WhenAlways" />
    </UnitTest>
    <UnitTest name="TestMultiLevelQueue_ParallelResourceProcessors_Success" storage="d:\actions-runner\_work\xpco\xpco\mip\platformplugin\videoos.platform\unittest\bin\debug\net472\videoos.platform.tests.dll" id="47a53b29-7b9e-c9bf-9646-9c0d3127b256">
      <Execution id="579bb505-a34d-4d81-8c53-af2b330a2294" />
      <TestMethod codeBase="D:\actions-runner\_work\XPCO\XPCO\MIP\PlatformPlugin\VideoOS.Platform\unittest\bin\Debug\net472\VideoOS.Platform.Tests.dll" adapterTypeName="executor://mstestadapter/v2" className="VideoOS.Platform.Tests.Util.Queue.MultiLevelResourceQueueTests" name="TestMultiLevelQueue_ParallelResourceProcessors_Success" />
    </UnitTest>
    <UnitTest name="GenerateParameters_ShouldWriteMacAddress_WhenAlways" storage="d:\actions-runner\_work\xpco\xpco\mip\platformplugin\videoos.platform\unittest\bin\debug\net472\videoos.platform.tests.dll" id="090bb946-dfcb-8466-9f8e-938126697e92">
      <Execution id="128a3596-9194-41f3-99cd-7f0c38b07592" />
      <TestMethod codeBase="D:\actions-runner\_work\XPCO\XPCO\MIP\PlatformPlugin\VideoOS.Platform\unittest\bin\Debug\net472\VideoOS.Platform.Tests.dll" adapterTypeName="executor://mstestadapter/v2" className="VideoOS.Platform.Tests.Data.HardwareDefinitionTests" name="GenerateParameters_ShouldWriteMacAddress_WhenAlways" />
    </UnitTest>
    <UnitTest name="ReadXml_ShouldLogWarningTwiceWhenMoreThanOneMinuteBetweenWarnings_WhenRequiredAttributeIsMissing" storage="d:\actions-runner\_work\xpco\xpco\mip\platformplugin\videoos.platform\unittest\bin\debug\net472\videoos.platform.tests.dll" id="0fd399d2-70b7-1bf0-1292-5d37ff538834">
      <Execution id="de8f8897-5870-41ba-ac1b-5760ba0afd1e" />
      <TestMethod codeBase="D:\actions-runner\_work\XPCO\XPCO\MIP\PlatformPlugin\VideoOS.Platform\unittest\bin\Debug\net472\VideoOS.Platform.Tests.dll" adapterTypeName="executor://mstestadapter/v2" className="VideoOS.Platform.Tests.Metadata.VectorTests" name="ReadXml_ShouldLogWarningTwiceWhenMoreThanOneMinuteBetweenWarnings_WhenRequiredAttributeIsMissing" />
    </UnitTest>
    <UnitTest name="Serialize_TestCases (TestParentTypeMatchEnumNotThisTypeNotMatched)" storage="d:\actions-runner\_work\xpco\xpco\mip\platformplugin\videoos.platform\unittest\bin\debug\net472\videoos.platform.tests.dll" id="d6b02c69-a6ef-0109-3a3b-2890f16309c7">
      <Execution id="b0be5ad5-9b91-44b9-b432-cf54cef6586d" />
      <TestMethod codeBase="D:\actions-runner\_work\XPCO\XPCO\MIP\PlatformPlugin\VideoOS.Platform\unittest\bin\Debug\net472\VideoOS.Platform.Tests.dll" adapterTypeName="executor://mstestadapter/v2" className="VideoOS.Platform.Tests.UI.Controls.Automation.Serialization.AutomationObjectSerializerTest" name="Serialize_TestCases" />
    </UnitTest>
    <UnitTest name="GenerateDeviceCapabilityParameters_ShouldWriteName_WhenAlways" storage="d:\actions-runner\_work\xpco\xpco\mip\platformplugin\videoos.platform\unittest\bin\debug\net472\videoos.platform.tests.dll" id="cc99ff3e-c755-1963-ff3d-70c3c6994b03">
      <Execution id="19ddaf84-4c66-45b3-b3c2-268bb2e54de9" />
      <TestMethod codeBase="D:\actions-runner\_work\XPCO\XPCO\MIP\PlatformPlugin\VideoOS.Platform\unittest\bin\Debug\net472\VideoOS.Platform.Tests.dll" adapterTypeName="executor://mstestadapter/v2" className="VideoOS.Platform.Tests.Data.MetadataDeviceCapabilityTests" name="GenerateDeviceCapabilityParameters_ShouldWriteName_WhenAlways" />
    </UnitTest>
    <UnitTest name="ConstructorRgb_ShouldReturnCorrectRgbValues_Always" storage="d:\actions-runner\_work\xpco\xpco\mip\platformplugin\videoos.platform\unittest\bin\debug\net472\videoos.platform.tests.dll" id="a161a748-55e5-1a5b-e899-d06d498d802c">
      <Execution id="a9af964f-b94b-402f-8c47-6de4c87e67c8" />
      <TestMethod codeBase="D:\actions-runner\_work\XPCO\XPCO\MIP\PlatformPlugin\VideoOS.Platform\unittest\bin\Debug\net472\VideoOS.Platform.Tests.dll" adapterTypeName="executor://mstestadapter/v2" className="VideoOS.Platform.Tests.Metadata.DisplayColorTests" name="ConstructorRgb_ShouldReturnCorrectRgbValues_Always" />
    </UnitTest>
    <UnitTest name="SearchResultData_BeginTime_Success" storage="d:\actions-runner\_work\xpco\xpco\mip\platformplugin\videoos.platform\unittest\bin\debug\net472\videoos.platform.tests.dll" id="7e3dbd79-3540-0180-3ab0-0107f747a8a4">
      <TestCategory>
        <TestCategoryItem TestCategory="Search" />
      </TestCategory>
      <Execution id="8f2f37b0-d5ca-4786-b5c5-d91c91f0dde0" />
      <TestMethod codeBase="D:\actions-runner\_work\XPCO\XPCO\MIP\PlatformPlugin\VideoOS.Platform\unittest\bin\Debug\net472\VideoOS.Platform.Tests.dll" adapterTypeName="executor://mstestadapter/v2" className="VideoOS.Platform.Tests.Search.SearchResultDataTest" name="SearchResultData_BeginTime_Success" />
    </UnitTest>
    <UnitTest name="GetEnd_ShouldReturnNull_WhenToolkitReturnsResponseWithNullDataList" storage="d:\actions-runner\_work\xpco\xpco\mip\platformplugin\videoos.platform\unittest\bin\debug\net472\videoos.platform.tests.dll" id="65a78e97-54ce-8026-0240-7af1b5e1a5a5">
      <Execution id="40a821b2-c027-4f2a-b94d-d1d5578767da" />
      <TestMethod codeBase="D:\actions-runner\_work\XPCO\XPCO\MIP\PlatformPlugin\VideoOS.Platform\unittest\bin\Debug\net472\VideoOS.Platform.Tests.dll" adapterTypeName="executor://mstestadapter/v2" className="VideoOS.Platform.Tests.Data.MetadataPlaybackSourceTests" name="GetEnd_ShouldReturnNull_WhenToolkitReturnsResponseWithNullDataList" />
    </UnitTest>
    <UnitTest name="BuildOverlayWidthHeightBaseEvent_ShouldReturnCorrectSizedBitmap_WhenArgumentIsAnalyticsEventWithNoObjectPolygon" storage="d:\actions-runner\_work\xpco\xpco\mip\platformplugin\videoos.platform\unittest\bin\debug\net472\videoos.platform.tests.dll" id="68839c3f-a774-538d-b591-9a44c343225f">
      <Execution id="2898e84e-4c9f-4d55-b915-8f595a5d30b2" />
      <TestMethod codeBase="D:\actions-runner\_work\XPCO\XPCO\MIP\PlatformPlugin\VideoOS.Platform\unittest\bin\Debug\net472\VideoOS.Platform.Tests.dll" adapterTypeName="executor://mstestadapter/v2" className="VideoOS.Platform.Tests.Util.AnalyticsOverlayBuilderTests" name="BuildOverlayWidthHeightBaseEvent_ShouldReturnCorrectSizedBitmap_WhenArgumentIsAnalyticsEventWithNoObjectPolygon" />
    </UnitTest>
    <UnitTest name="ToJson_ListElement" storage="d:\actions-runner\_work\xpco\xpco\mip\platformplugin\videoos.platform\unittest\bin\debug\net472\videoos.platform.tests.dll" id="fcfc02eb-9475-084e-96ae-652cb742a35f">
      <Execution id="bdbdf18b-90ea-4a6d-aa37-3d7d7825fe60" />
      <TestMethod codeBase="D:\actions-runner\_work\XPCO\XPCO\MIP\PlatformPlugin\VideoOS.Platform\unittest\bin\Debug\net472\VideoOS.Platform.Tests.dll" adapterTypeName="executor://mstestadapter/v2" className="VideoOS.Platform.Tests.Proxy.RestApi.JsonReaderTests" name="ToJson_ListElement" />
    </UnitTest>
    <UnitTest name="Serialize_TestCases (TestParentTypeMatchBoolNotThisTypeNotMatched)" storage="d:\actions-runner\_work\xpco\xpco\mip\platformplugin\videoos.platform\unittest\bin\debug\net472\videoos.platform.tests.dll" id="7f5e70aa-3433-9bd7-8428-635b93dfaeb5">
      <Execution id="4762ac96-8342-4fbe-9f92-92358eb5dc3d" />
      <TestMethod codeBase="D:\actions-runner\_work\XPCO\XPCO\MIP\PlatformPlugin\VideoOS.Platform\unittest\bin\Debug\net472\VideoOS.Platform.Tests.dll" adapterTypeName="executor://mstestadapter/v2" className="VideoOS.Platform.Tests.UI.Controls.Automation.Serialization.AutomationObjectSerializerTest" name="Serialize_TestCases" />
    </UnitTest>
    <UnitTest name="ReadXml_ShouldIgnoreChildren_WhenAlways" storage="d:\actions-runner\_work\xpco\xpco\mip\platformplugin\videoos.platform\unittest\bin\debug\net472\videoos.platform.tests.dll" id="054d841b-8cd4-42a2-f59c-fc413fd8883f">
      <Execution id="3db14e09-b54b-41d5-90b9-e2a27b9d384f" />
      <TestMethod codeBase="D:\actions-runner\_work\XPCO\XPCO\MIP\PlatformPlugin\VideoOS.Platform\unittest\bin\Debug\net472\VideoOS.Platform.Tests.dll" adapterTypeName="executor://mstestadapter/v2" className="VideoOS.Platform.Tests.Metadata.RectangleTests" name="ReadXml_ShouldIgnoreChildren_WhenAlways" />
    </UnitTest>
    <UnitTest name="IsEmptyValue_DoubleRangeFilterValue_NonDefaultConfiguration_ReturnsFalse" storage="d:\actions-runner\_work\xpco\xpco\mip\platformplugin\videoos.platform\unittest\bin\debug\net472\videoos.platform.tests.dll" id="f095befb-1220-164b-8d93-573101abd22c">
      <TestCategory>
        <TestCategoryItem TestCategory="Search" />
      </TestCategory>
      <Execution id="f16c80a9-da65-4590-ae1f-7e800b97a36b" />
      <TestMethod codeBase="D:\actions-runner\_work\XPCO\XPCO\MIP\PlatformPlugin\VideoOS.Platform\unittest\bin\Debug\net472\VideoOS.Platform.Tests.dll" adapterTypeName="executor://mstestadapter/v2" className="VideoOS.Platform.Tests.Search.SearchFilterTest" name="IsEmptyValue_DoubleRangeFilterValue_NonDefaultConfiguration_ReturnsFalse" />
    </UnitTest>
    <UnitTest name="GenerateParameters_ShouldWriteNotSupportedForFirmware_WhenFirmwareIsNull" storage="d:\actions-runner\_work\xpco\xpco\mip\platformplugin\videoos.platform\unittest\bin\debug\net472\videoos.platform.tests.dll" id="e3e33591-e2f2-c832-fee1-8688ba9ec456">
      <Execution id="10bf10c6-97ac-47d3-9490-e865d457f175" />
      <TestMethod codeBase="D:\actions-runner\_work\XPCO\XPCO\MIP\PlatformPlugin\VideoOS.Platform\unittest\bin\Debug\net472\VideoOS.Platform.Tests.dll" adapterTypeName="executor://mstestadapter/v2" className="VideoOS.Platform.Tests.Data.HardwareDefinitionTests" name="GenerateParameters_ShouldWriteNotSupportedForFirmware_WhenFirmwareIsNull" />
    </UnitTest>
    <UnitTest name="AllowGroupSelection_SingleSelect_GroupSelected" storage="d:\actions-runner\_work\xpco\xpco\mip\platformplugin\videoos.platform\unittest\bin\debug\net472\videoos.platform.tests.dll" id="1d3f650d-9d95-7992-7547-1b0a5cf1f2ec">
      <Execution id="a3152f20-8e70-4325-a267-fb312effe306" />
      <TestMethod codeBase="D:\actions-runner\_work\XPCO\XPCO\MIP\PlatformPlugin\VideoOS.Platform\unittest\bin\Debug\net472\VideoOS.Platform.Tests.dll" adapterTypeName="executor://mstestadapter/v2" className="VideoOS.Platform.Tests.UI.ItemPicker.ItemPickerViewModelTest" name="AllowGroupSelection_SingleSelect_GroupSelected" />
    </UnitTest>
    <UnitTest name="WriteXml_ShouldWriteFrameContents_WhenAFrameIsWritten" storage="d:\actions-runner\_work\xpco\xpco\mip\platformplugin\videoos.platform\unittest\bin\debug\net472\videoos.platform.tests.dll" id="0bfd2093-cd64-a47e-137d-af6fe3953323">
      <Execution id="d991ab67-bee2-4cff-8902-750c1a962d21" />
      <TestMethod codeBase="D:\actions-runner\_work\XPCO\XPCO\MIP\PlatformPlugin\VideoOS.Platform\unittest\bin\Debug\net472\VideoOS.Platform.Tests.dll" adapterTypeName="executor://mstestadapter/v2" className="VideoOS.Platform.Tests.Metadata.VideoAnalyticsTests" name="WriteXml_ShouldWriteFrameContents_WhenAFrameIsWritten" />
    </UnitTest>
    <UnitTest name="WriteXml_ShouldWriteIsRemovedElement_WhenIsRemovedIsTrue" storage="d:\actions-runner\_work\xpco\xpco\mip\platformplugin\videoos.platform\unittest\bin\debug\net472\videoos.platform.tests.dll" id="dcc9cf01-7d0d-4dc6-9027-2fa692f04ff1">
      <Execution id="24787b02-5ea7-4ac1-b085-524070f4a707" />
      <TestMethod codeBase="D:\actions-runner\_work\XPCO\XPCO\MIP\PlatformPlugin\VideoOS.Platform\unittest\bin\Debug\net472\VideoOS.Platform.Tests.dll" adapterTypeName="executor://mstestadapter/v2" className="VideoOS.Platform.Tests.Metadata.BehaviourTests" name="WriteXml_ShouldWriteIsRemovedElement_WhenIsRemovedIsTrue" />
    </UnitTest>
    <UnitTest name="UtcTime_ShouldReturnConstructorValue_WhenSet" storage="d:\actions-runner\_work\xpco\xpco\mip\platformplugin\videoos.platform\unittest\bin\debug\net472\videoos.platform.tests.dll" id="06f72c6d-178e-1776-b54f-f3db73a3e144">
      <Execution id="7969e094-7389-4817-b097-70fe03de73d0" />
      <TestMethod codeBase="D:\actions-runner\_work\XPCO\XPCO\MIP\PlatformPlugin\VideoOS.Platform\unittest\bin\Debug\net472\VideoOS.Platform.Tests.dll" adapterTypeName="executor://mstestadapter/v2" className="VideoOS.Platform.Tests.Metadata.FrameTests" name="UtcTime_ShouldReturnConstructorValue_WhenSet" />
    </UnitTest>
    <UnitTest name="Convert_MultiArgumentConverter_ShouldReturnConvertedValue_WhenArgumentsMatch" storage="d:\actions-runner\_work\xpco\xpco\mip\platformplugin\videoos.platform\unittest\bin\debug\net472\videoos.platform.tests.dll" id="5af855bd-1073-0abf-ad45-fc121c142707">
      <Execution id="aaa5580d-1303-4c55-a3c0-986bae034a60" />
      <TestMethod codeBase="D:\actions-runner\_work\XPCO\XPCO\MIP\PlatformPlugin\VideoOS.Platform\unittest\bin\Debug\net472\VideoOS.Platform.Tests.dll" adapterTypeName="executor://mstestadapter/v2" className="VideoOS.Platform.Tests.UI.Converters.LambdaConverterTest" name="Convert_MultiArgumentConverter_ShouldReturnConvertedValue_WhenArgumentsMatch" />
    </UnitTest>
    <UnitTest name="GetNearest_ShouldReturnClosestElement_WhenTimestampIsInLargerCache" storage="d:\actions-runner\_work\xpco\xpco\mip\platformplugin\videoos.platform\unittest\bin\debug\net472\videoos.platform.tests.dll" id="ad2a533e-345f-feb2-e7cb-50434e04ad99">
      <Execution id="6c4d9461-a416-482d-b163-4df24e586f5b" />
      <TestMethod codeBase="D:\actions-runner\_work\XPCO\XPCO\MIP\PlatformPlugin\VideoOS.Platform\unittest\bin\Debug\net472\VideoOS.Platform.Tests.dll" adapterTypeName="executor://mstestadapter/v2" className="VideoOS.Platform.Tests.Data.MetadataCacheTests" name="GetNearest_ShouldReturnClosestElement_WhenTimestampIsInLargerCache" />
    </UnitTest>
    <UnitTest name="Apply_ShouldDoNothing_WhenArgumentIsNull" storage="d:\actions-runner\_work\xpco\xpco\mip\platformplugin\videoos.platform\unittest\bin\debug\net472\videoos.platform.tests.dll" id="9e5ec3f3-397a-9268-e64a-1a2655cbcab4">
      <Execution id="8335f6bc-c0bd-4c56-bb5b-fa48ea83fc29" />
      <TestMethod codeBase="D:\actions-runner\_work\XPCO\XPCO\MIP\PlatformPlugin\VideoOS.Platform\unittest\bin\Debug\net472\VideoOS.Platform.Tests.dll" adapterTypeName="executor://mstestadapter/v2" className="VideoOS.Platform.Tests.Metadata.DisplayTextTests" name="Apply_ShouldDoNothing_WhenArgumentIsNull" />
    </UnitTest>
    <UnitTest name="GetGenderFilterValues_FilterValueMissing_ReturnsEmptyCollection" storage="d:\actions-runner\_work\xpco\xpco\mip\platformplugin\videoos.platform\unittest\bin\debug\net472\videoos.platform.tests.dll" id="7b6494d9-14d1-e703-8dce-eacd52852ebc">
      <TestCategory>
        <TestCategoryItem TestCategory="Search" />
      </TestCategory>
      <Execution id="304a8b43-f702-41d8-bb8e-2e80dd1d9e0c" />
      <TestMethod codeBase="D:\actions-runner\_work\XPCO\XPCO\MIP\PlatformPlugin\VideoOS.Platform\unittest\bin\Debug\net472\VideoOS.Platform.Tests.dll" adapterTypeName="executor://mstestadapter/v2" className="VideoOS.Platform.Tests.Search.FilterCategories.PersonSearchFilterCategoryTest" name="GetGenderFilterValues_FilterValueMissing_ReturnsEmptyCollection" />
    </UnitTest>
    <UnitTest name="Initialize_Changed_Values" storage="d:\actions-runner\_work\xpco\xpco\mip\platformplugin\videoos.platform\unittest\bin\debug\net472\videoos.platform.tests.dll" id="760478cf-2b2b-5f64-b097-3de30749bcb1">
      <Execution id="5e6ea07c-eff8-4103-bd4b-248fd1813f70" />
      <TestMethod codeBase="D:\actions-runner\_work\XPCO\XPCO\MIP\PlatformPlugin\VideoOS.Platform\unittest\bin\Debug\net472\VideoOS.Platform.Tests.dll" adapterTypeName="executor://mstestadapter/v2" className="VideoOS.Platform.Tests.UI.ItemPicker.ItemPickerWindowViewModelTest" name="Initialize_Changed_Values" />
    </UnitTest>
    <UnitTest name="Equals_IgnoreFolderType_Fail_OnOtherNull" storage="d:\actions-runner\_work\xpco\xpco\mip\platformplugin\videoos.platform\unittest\bin\debug\net472\videoos.platform.tests.dll" id="9f8782f5-d91c-4490-2d75-75cddc0ef1b1">
      <Execution id="b300792d-ff75-4ef8-a7b4-ce42e5f492b7" />
      <TestMethod codeBase="D:\actions-runner\_work\XPCO\XPCO\MIP\PlatformPlugin\VideoOS.Platform\unittest\bin\Debug\net472\VideoOS.Platform.Tests.dll" adapterTypeName="executor://mstestadapter/v2" className="VideoOS.Platform.Tests.FQIDtests" name="Equals_IgnoreFolderType_Fail_OnOtherNull" />
    </UnitTest>
    <UnitTest name="WriteXml_ShouldWriteScaleContents_WhenScaleIsNotNull" storage="d:\actions-runner\_work\xpco\xpco\mip\platformplugin\videoos.platform\unittest\bin\debug\net472\videoos.platform.tests.dll" id="d53b731a-f1cc-f58f-ac8f-3fdcdc3a367b">
      <Execution id="8d27420f-73b0-4a67-941d-ccdeab51d94b" />
      <TestMethod codeBase="D:\actions-runner\_work\XPCO\XPCO\MIP\PlatformPlugin\VideoOS.Platform\unittest\bin\Debug\net472\VideoOS.Platform.Tests.dll" adapterTypeName="executor://mstestadapter/v2" className="VideoOS.Platform.Tests.Metadata.TransformationTests" name="WriteXml_ShouldWriteScaleContents_WhenScaleIsNotNull" />
    </UnitTest>
    <UnitTest name="GenerateDeviceCapabilityParameters_ShouldAddSubclassParameters_WhenAlways" storage="d:\actions-runner\_work\xpco\xpco\mip\platformplugin\videoos.platform\unittest\bin\debug\net472\videoos.platform.tests.dll" id="bc0974a0-deaf-8644-39a5-1ed48142447f">
      <Execution id="e5bb0a1f-423e-4f3e-9307-75a654fcc709" />
      <TestMethod codeBase="D:\actions-runner\_work\XPCO\XPCO\MIP\PlatformPlugin\VideoOS.Platform\unittest\bin\Debug\net472\VideoOS.Platform.Tests.dll" adapterTypeName="executor://mstestadapter/v2" className="VideoOS.Platform.Tests.Data.MetadataDeviceCapabilityTests" name="GenerateDeviceCapabilityParameters_ShouldAddSubclassParameters_WhenAlways" />
    </UnitTest>
    <UnitTest name="ReadXml_ShouldLogWarningTwiceWhenMoreThanOneMinuteBetweenWarnings_WhenBoundingBoxIsMissing" storage="d:\actions-runner\_work\xpco\xpco\mip\platformplugin\videoos.platform\unittest\bin\debug\net472\videoos.platform.tests.dll" id="3487929c-15fb-a7da-5bec-346afcbec7da">
      <Execution id="1c4b6dce-514b-4891-b98b-5956bd869005" />
      <TestMethod codeBase="D:\actions-runner\_work\XPCO\XPCO\MIP\PlatformPlugin\VideoOS.Platform\unittest\bin\Debug\net472\VideoOS.Platform.Tests.dll" adapterTypeName="executor://mstestadapter/v2" className="VideoOS.Platform.Tests.Metadata.ShapeTests" name="ReadXml_ShouldLogWarningTwiceWhenMoreThanOneMinuteBetweenWarnings_WhenBoundingBoxIsMissing" />
    </UnitTest>
    <UnitTest name="Add_ShouldUpdateStartCache_WhenOldStartTimeIsLaterThanAdded" storage="d:\actions-runner\_work\xpco\xpco\mip\platformplugin\videoos.platform\unittest\bin\debug\net472\videoos.platform.tests.dll" id="6afb1227-217c-b2e9-db11-52fb1d5fc56a">
      <Execution id="29b40c91-46fb-4347-9ca4-96fbb55fb57f" />
      <TestMethod codeBase="D:\actions-runner\_work\XPCO\XPCO\MIP\PlatformPlugin\VideoOS.Platform\unittest\bin\Debug\net472\VideoOS.Platform.Tests.dll" adapterTypeName="executor://mstestadapter/v2" className="VideoOS.Platform.Tests.Client.SequenceCacheTests" name="Add_ShouldUpdateStartCache_WhenOldStartTimeIsLaterThanAdded" />
    </UnitTest>
    <UnitTest name="Remove_KeyPresent_ReturnsTrueAndGetReturnsNull" storage="d:\actions-runner\_work\xpco\xpco\mip\platformplugin\videoos.platform\unittest\bin\debug\net472\videoos.platform.tests.dll" id="ad2e8dc8-017a-fd28-8587-9788ac26c9e0">
      <Execution id="3bd2f1dc-003c-451d-b96d-c15d804c4a47" />
      <TestMethod codeBase="D:\actions-runner\_work\XPCO\XPCO\MIP\PlatformPlugin\VideoOS.Platform\unittest\bin\Debug\net472\VideoOS.Platform.Tests.dll" adapterTypeName="executor://mstestadapter/v2" className="VideoOS.Platform.Tests.Util.Queue.LRUCacheTests" name="Remove_KeyPresent_ReturnsTrueAndGetReturnsNull" />
    </UnitTest>
    <UnitTest name="GenerateParameters_ShouldCallGenerateDeviceParametersWithCorrectPrefix_WhenThereAreMetadataDevices" storage="d:\actions-runner\_work\xpco\xpco\mip\platformplugin\videoos.platform\unittest\bin\debug\net472\videoos.platform.tests.dll" id="773f1d7a-65a5-fa09-a454-1d73dbdebf1c">
      <Execution id="73d33802-5f72-4a81-87a1-98899b7fc2e9" />
      <TestMethod codeBase="D:\actions-runner\_work\XPCO\XPCO\MIP\PlatformPlugin\VideoOS.Platform\unittest\bin\Debug\net472\VideoOS.Platform.Tests.dll" adapterTypeName="executor://mstestadapter/v2" className="VideoOS.Platform.Tests.Data.HardwareDefinitionTests" name="GenerateParameters_ShouldCallGenerateDeviceParametersWithCorrectPrefix_WhenThereAreMetadataDevices" />
    </UnitTest>
    <UnitTest name="ReadXml_ShouldReadAltitude_WhenAltitudeIsPresent" storage="d:\actions-runner\_work\xpco\xpco\mip\platformplugin\videoos.platform\unittest\bin\debug\net472\videoos.platform.tests.dll" id="c975fa8d-6f04-08d0-8773-8610e8c13dbc">
      <Execution id="c7f0aaf7-28cd-4e1a-b414-acac0054abb1" />
      <TestMethod codeBase="D:\actions-runner\_work\XPCO\XPCO\MIP\PlatformPlugin\VideoOS.Platform\unittest\bin\Debug\net472\VideoOS.Platform.Tests.dll" adapterTypeName="executor://mstestadapter/v2" className="VideoOS.Platform.Tests.Metadata.NavigationalDataTests" name="ReadXml_ShouldReadAltitude_WhenAltitudeIsPresent" />
    </UnitTest>
    <UnitTest name="Serialize_TestCases (Verify root Enum property)" storage="d:\actions-runner\_work\xpco\xpco\mip\platformplugin\videoos.platform\unittest\bin\debug\net472\videoos.platform.tests.dll" id="20a57555-9cb1-ba41-e79f-7fc0c85fb0e9">
      <Execution id="134ef7f5-a13f-40fb-88df-afea85591283" />
      <TestMethod codeBase="D:\actions-runner\_work\XPCO\XPCO\MIP\PlatformPlugin\VideoOS.Platform\unittest\bin\Debug\net472\VideoOS.Platform.Tests.dll" adapterTypeName="executor://mstestadapter/v2" className="VideoOS.Platform.Tests.UI.Controls.Automation.Serialization.AutomationObjectSerializerTest" name="Serialize_TestCases" />
    </UnitTest>
    <UnitTest name="WriteXml_ShouldWriteClassCandidate_WhenThereIsOneClassCandidatePresent" storage="d:\actions-runner\_work\xpco\xpco\mip\platformplugin\videoos.platform\unittest\bin\debug\net472\videoos.platform.tests.dll" id="ff21f539-b1c4-45b1-9430-6096e4a5a3fd">
      <Execution id="f2900990-3a8d-4a7c-ba22-a0e39fd8b8ce" />
      <TestMethod codeBase="D:\actions-runner\_work\XPCO\XPCO\MIP\PlatformPlugin\VideoOS.Platform\unittest\bin\Debug\net472\VideoOS.Platform.Tests.dll" adapterTypeName="executor://mstestadapter/v2" className="VideoOS.Platform.Tests.Metadata.OnvifClassTests" name="WriteXml_ShouldWriteClassCandidate_WhenThereIsOneClassCandidatePresent" />
    </UnitTest>
    <UnitTest name="SplitString_WhenEmptyOrSpaces2Levels_EmptyArray" storage="d:\actions-runner\_work\xpco\xpco\mip\platformplugin\videoos.platform\unittest\bin\debug\net472\videoos.platform.tests.dll" id="38b98b35-19bc-eb4b-75ab-937f6e63a097">
      <Execution id="cf5eada1-bb28-41ab-a4f4-3b96642a1a3f" />
      <TestMethod codeBase="D:\actions-runner\_work\XPCO\XPCO\MIP\PlatformPlugin\VideoOS.Platform\unittest\bin\Debug\net472\VideoOS.Platform.Tests.dll" adapterTypeName="executor://mstestadapter/v2" className="VideoOS.Platform.Tests.Util.StringSplitterTests" name="SplitString_WhenEmptyOrSpaces2Levels_EmptyArray" />
    </UnitTest>
    <UnitTest name="WriteXml_ShouldOmitElements_WhenDataIsNotPresent" storage="d:\actions-runner\_work\xpco\xpco\mip\platformplugin\videoos.platform\unittest\bin\debug\net472\videoos.platform.tests.dll" id="3bd4e091-3cac-addc-1c5e-6f943e11b33f">
      <Execution id="99c02567-bfbd-4ff9-8829-c70ea7d26a06" />
      <TestMethod codeBase="D:\actions-runner\_work\XPCO\XPCO\MIP\PlatformPlugin\VideoOS.Platform\unittest\bin\Debug\net472\VideoOS.Platform.Tests.dll" adapterTypeName="executor://mstestadapter/v2" className="VideoOS.Platform.Tests.Metadata.FrameTests" name="WriteXml_ShouldOmitElements_WhenDataIsNotPresent" />
    </UnitTest>
    <UnitTest name="GenerateDeviceCapabilityParameters_ShouldWriteResolution_WhenAlways" storage="d:\actions-runner\_work\xpco\xpco\mip\platformplugin\videoos.platform\unittest\bin\debug\net472\videoos.platform.tests.dll" id="4cab5b13-e57d-d862-8721-f8c86a15bdbf">
      <Execution id="5c21237d-b6d8-4e3b-8e76-00f9a373fb54" />
      <TestMethod codeBase="D:\actions-runner\_work\XPCO\XPCO\MIP\PlatformPlugin\VideoOS.Platform\unittest\bin\Debug\net472\VideoOS.Platform.Tests.dll" adapterTypeName="executor://mstestadapter/v2" className="VideoOS.Platform.Tests.Data.DataCapabilityTests" name="GenerateDeviceCapabilityParameters_ShouldWriteResolution_WhenAlways" />
    </UnitTest>
    <UnitTest name="Parse_Strings" storage="d:\actions-runner\_work\xpco\xpco\mip\platformplugin\videoos.platform\unittest\bin\debug\net472\videoos.platform.tests.dll" id="f408475e-6fb9-6a1c-14aa-10ca58ac105c">
      <Execution id="eb7433bc-eb2a-48ad-af43-daf8f81a3007" />
      <TestMethod codeBase="D:\actions-runner\_work\XPCO\XPCO\MIP\PlatformPlugin\VideoOS.Platform\unittest\bin\Debug\net472\VideoOS.Platform.Tests.dll" adapterTypeName="executor://mstestadapter/v2" className="VideoOS.Platform.Tests.Proxy.RestApi.JsonReaderTests" name="Parse_Strings" />
    </UnitTest>
    <UnitTest name="Minimize_ShouldReturnTwoIntervals_WhenListContainsTwoNonOverlappingIntervalsReversed" storage="d:\actions-runner\_work\xpco\xpco\mip\platformplugin\videoos.platform\unittest\bin\debug\net472\videoos.platform.tests.dll" id="9ef77c95-5283-32cc-e077-a32bcc727b45">
      <Execution id="66603ee2-57f3-40cc-b9fd-2b549ba20dc5" />
      <TestMethod codeBase="D:\actions-runner\_work\XPCO\XPCO\MIP\PlatformPlugin\VideoOS.Platform\unittest\bin\Debug\net472\VideoOS.Platform.Tests.dll" adapterTypeName="executor://mstestadapter/v2" className="VideoOS.Platform.Tests.Util.TimeIntervalTests" name="Minimize_ShouldReturnTwoIntervals_WhenListContainsTwoNonOverlappingIntervalsReversed" />
    </UnitTest>
    <UnitTest name="GetNearest_ShouldReturnNearestData_WhenTimestampIsInMiddleOfDataReturnedFromToolkit" storage="d:\actions-runner\_work\xpco\xpco\mip\platformplugin\videoos.platform\unittest\bin\debug\net472\videoos.platform.tests.dll" id="af3c7f95-5484-075f-8f9e-acca11c99bc5">
      <Execution id="e8a6638d-8803-4180-821a-ad6f5d73b8af" />
      <TestMethod codeBase="D:\actions-runner\_work\XPCO\XPCO\MIP\PlatformPlugin\VideoOS.Platform\unittest\bin\Debug\net472\VideoOS.Platform.Tests.dll" adapterTypeName="executor://mstestadapter/v2" className="VideoOS.Platform.Tests.Data.MetadataPlaybackSourceTests" name="GetNearest_ShouldReturnNearestData_WhenTimestampIsInMiddleOfDataReturnedFromToolkit" />
    </UnitTest>
    <UnitTest name="WriteXml_ShouldWriteXAttribute_WhenPresent" storage="d:\actions-runner\_work\xpco\xpco\mip\platformplugin\videoos.platform\unittest\bin\debug\net472\videoos.platform.tests.dll" id="8f17e532-4f0a-9dfe-05e8-c96d494622ac">
      <Execution id="74f9fbe9-f5d4-4137-935c-90717a3639d8" />
      <TestMethod codeBase="D:\actions-runner\_work\XPCO\XPCO\MIP\PlatformPlugin\VideoOS.Platform\unittest\bin\Debug\net472\VideoOS.Platform.Tests.dll" adapterTypeName="executor://mstestadapter/v2" className="VideoOS.Platform.Tests.Metadata.DisplayTextTests" name="WriteXml_ShouldWriteXAttribute_WhenPresent" />
    </UnitTest>
    <UnitTest name="BuildOverlayWidthHeightAnalyticsObjectListRuleList_ShouldReturnCorrectSizedBitmap" storage="d:\actions-runner\_work\xpco\xpco\mip\platformplugin\videoos.platform\unittest\bin\debug\net472\videoos.platform.tests.dll" id="1d1959e4-073b-7c9d-77de-ed348a6f7141">
      <Execution id="6039d07a-ce43-4381-b8d0-ebe95bf699fd" />
      <TestMethod codeBase="D:\actions-runner\_work\XPCO\XPCO\MIP\PlatformPlugin\VideoOS.Platform\unittest\bin\Debug\net472\VideoOS.Platform.Tests.dll" adapterTypeName="executor://mstestadapter/v2" className="VideoOS.Platform.Tests.Util.AnalyticsOverlayBuilderTests" name="BuildOverlayWidthHeightAnalyticsObjectListRuleList_ShouldReturnCorrectSizedBitmap" />
    </UnitTest>
    <UnitTest name="Serialize_TestCases (Verify root String (null) property get property value)" storage="d:\actions-runner\_work\xpco\xpco\mip\platformplugin\videoos.platform\unittest\bin\debug\net472\videoos.platform.tests.dll" id="c24157b1-3889-6460-0ff0-4d271e6b970c">
      <Execution id="b2b4f34c-31b2-456a-a2c6-b4a8afca7f0b" />
      <TestMethod codeBase="D:\actions-runner\_work\XPCO\XPCO\MIP\PlatformPlugin\VideoOS.Platform\unittest\bin\Debug\net472\VideoOS.Platform.Tests.dll" adapterTypeName="executor://mstestadapter/v2" className="VideoOS.Platform.Tests.UI.Controls.Automation.Serialization.AutomationObjectSerializerTest" name="Serialize_TestCases" />
    </UnitTest>
    <UnitTest name="Remove_ShouldInvokeCallback_WhenObservable" storage="d:\actions-runner\_work\xpco\xpco\mip\platformplugin\videoos.platform\unittest\bin\debug\net472\videoos.platform.tests.dll" id="a357cf6c-ef79-7a61-f86c-3c3cf29677ef">
      <Execution id="0ea1fd41-6b4e-44bb-9720-e9762a8f63d0" />
      <TestMethod codeBase="D:\actions-runner\_work\XPCO\XPCO\MIP\PlatformPlugin\VideoOS.Platform\unittest\bin\Debug\net472\VideoOS.Platform.Tests.dll" adapterTypeName="executor://mstestadapter/v2" className="VideoOS.Platform.Tests.UI.Controls.CollectionHelperGenericTest" name="Remove_ShouldInvokeCallback_WhenObservable" />
    </UnitTest>
    <UnitTest name="Clone_Camera_Checked" storage="d:\actions-runner\_work\xpco\xpco\mip\platformplugin\videoos.platform\unittest\bin\debug\net472\videoos.platform.tests.dll" id="87dedebf-9e1e-bd2e-7ee4-397e89dac510">
      <Execution id="6a9097c2-d4db-439e-839d-e001542bf3a4" />
      <TestMethod codeBase="D:\actions-runner\_work\XPCO\XPCO\MIP\PlatformPlugin\VideoOS.Platform\unittest\bin\Debug\net472\VideoOS.Platform.Tests.dll" adapterTypeName="executor://mstestadapter/v2" className="VideoOS.Platform.Tests.FQIDtests" name="Clone_Camera_Checked" />
    </UnitTest>
    <UnitTest name="MatchId_Fail_MessageWithAsteriskAtBegin" storage="d:\actions-runner\_work\xpco\xpco\mip\platformplugin\videoos.platform\unittest\bin\debug\net472\videoos.platform.tests.dll" id="f9dae8a6-1410-fa92-4089-639221dba286">
      <Execution id="7c06d0fd-b608-4d60-a9ea-11a9354ea58a" />
      <TestMethod codeBase="D:\actions-runner\_work\XPCO\XPCO\MIP\PlatformPlugin\VideoOS.Platform\unittest\bin\Debug\net472\VideoOS.Platform.Tests.dll" adapterTypeName="executor://mstestadapter/v2" className="VideoOS.Platform.Tests.Messaging.CommunicationIdFilterTests" name="MatchId_Fail_MessageWithAsteriskAtBegin" />
    </UnitTest>
    <UnitTest name="SetChildren_UnKnown_Check" storage="d:\actions-runner\_work\xpco\xpco\mip\platformplugin\videoos.platform\unittest\bin\debug\net472\videoos.platform.tests.dll" id="2de77298-4b39-f702-f7c5-8b8c0ceb02ec">
      <Execution id="8e5f3369-00a9-4c6b-b0f2-1164eb4ac567" />
      <TestMethod codeBase="D:\actions-runner\_work\XPCO\XPCO\MIP\PlatformPlugin\VideoOS.Platform\unittest\bin\Debug\net472\VideoOS.Platform.Tests.dll" adapterTypeName="executor://mstestadapter/v2" className="VideoOS.Platform.Tests.ItemTests" name="SetChildren_UnKnown_Check" />
    </UnitTest>
    <UnitTest name="TryParseArgbString_ShouldReturnFalse_WhenStringIsContainsNotHexChars" storage="d:\actions-runner\_work\xpco\xpco\mip\platformplugin\videoos.platform\unittest\bin\debug\net472\videoos.platform.tests.dll" id="5a6033d0-8674-1383-5d73-0621497569cb">
      <Execution id="420b53b3-e45b-48cd-a408-bb7a6fe85540" />
      <TestMethod codeBase="D:\actions-runner\_work\XPCO\XPCO\MIP\PlatformPlugin\VideoOS.Platform\unittest\bin\Debug\net472\VideoOS.Platform.Tests.dll" adapterTypeName="executor://mstestadapter/v2" className="VideoOS.Platform.Tests.Metadata.DisplayColorTests" name="TryParseArgbString_ShouldReturnFalse_WhenStringIsContainsNotHexChars" />
    </UnitTest>
    <UnitTest name="GetPrevious_ShouldReturnEntryBeforeLastReturnedEntry_WhenFindCacheEntryAfterWasCalledAndThereIsAPreviousEntry" storage="d:\actions-runner\_work\xpco\xpco\mip\platformplugin\videoos.platform\unittest\bin\debug\net472\videoos.platform.tests.dll" id="92fdd030-3856-bf25-d99c-4aebc9a73c44">
      <Execution id="69cec794-530b-4c62-85dd-a0e1c3ab1c50" />
      <TestMethod codeBase="D:\actions-runner\_work\XPCO\XPCO\MIP\PlatformPlugin\VideoOS.Platform\unittest\bin\Debug\net472\VideoOS.Platform.Tests.dll" adapterTypeName="executor://mstestadapter/v2" className="VideoOS.Platform.Tests.Data.MetadataCacheTests" name="GetPrevious_ShouldReturnEntryBeforeLastReturnedEntry_WhenFindCacheEntryAfterWasCalledAndThereIsAPreviousEntry" />
    </UnitTest>
    <UnitTest name="ReadXml_ShouldReadVersion_WhenVersionIsPresent" storage="d:\actions-runner\_work\xpco\xpco\mip\platformplugin\videoos.platform\unittest\bin\debug\net472\videoos.platform.tests.dll" id="32528e28-da07-7f33-5050-a43afc1898ef">
      <Execution id="b5954e3e-44ba-409e-bbc2-dd0e6fd641f6" />
      <TestMethod codeBase="D:\actions-runner\_work\XPCO\XPCO\MIP\PlatformPlugin\VideoOS.Platform\unittest\bin\Debug\net472\VideoOS.Platform.Tests.dll" adapterTypeName="executor://mstestadapter/v2" className="VideoOS.Platform.Tests.Metadata.NavigationalDataTests" name="ReadXml_ShouldReadVersion_WhenVersionIsPresent" />
    </UnitTest>
    <UnitTest name="Equals_ShouldHaveValueSemantics_WhenAlways" storage="d:\actions-runner\_work\xpco\xpco\mip\platformplugin\videoos.platform\unittest\bin\debug\net472\videoos.platform.tests.dll" id="b95a0169-81da-1ad7-baaf-9682207c1cd6">
      <Execution id="7e1bfda6-2ddb-4c0c-9f2d-ccb24258777a" />
      <TestMethod codeBase="D:\actions-runner\_work\XPCO\XPCO\MIP\PlatformPlugin\VideoOS.Platform\unittest\bin\Debug\net472\VideoOS.Platform.Tests.dll" adapterTypeName="executor://mstestadapter/v2" className="VideoOS.Platform.Tests.Metadata.OnvifObjectTests" name="Equals_ShouldHaveValueSemantics_WhenAlways" />
    </UnitTest>
    <UnitTest name="WriteXml_ShouldWriteAppearanceContents_WhenAppearanceIsNotNull" storage="d:\actions-runner\_work\xpco\xpco\mip\platformplugin\videoos.platform\unittest\bin\debug\net472\videoos.platform.tests.dll" id="844dbd09-3e1b-ba6e-1295-725984dabbdb">
      <Execution id="9c4f4350-ac85-4c9d-ae92-6b21bcdb091b" />
      <TestMethod codeBase="D:\actions-runner\_work\XPCO\XPCO\MIP\PlatformPlugin\VideoOS.Platform\unittest\bin\Debug\net472\VideoOS.Platform.Tests.dll" adapterTypeName="executor://mstestadapter/v2" className="VideoOS.Platform.Tests.Metadata.OnvifObjectTests" name="WriteXml_ShouldWriteAppearanceContents_WhenAppearanceIsNotNull" />
    </UnitTest>
    <UnitTest name="GetCompatibilityHandler_ShouldReturnNonFips_WhenCallingPreFipsSystem" storage="d:\actions-runner\_work\xpco\xpco\mip\platformplugin\videoos.platform\unittest\bin\debug\net472\videoos.platform.tests.dll" id="a13f15c8-7c1b-75e6-115a-2f9c84e9fa5f">
      <Execution id="6dbac50c-611f-4a2c-9bf3-d6d8df759569" />
      <TestMethod codeBase="D:\actions-runner\_work\XPCO\XPCO\MIP\PlatformPlugin\VideoOS.Platform\unittest\bin\Debug\net472\VideoOS.Platform.Tests.dll" adapterTypeName="executor://mstestadapter/v2" className="VideoOS.Platform.Tests.License.LicenseManagerTests" name="GetCompatibilityHandler_ShouldReturnNonFips_WhenCallingPreFipsSystem" />
    </UnitTest>
    <UnitTest name="GetBoundingShapesAsync_MultipleInvocationsPerTime_DelegatedToInternalMethodOnlyOncePerTime" storage="d:\actions-runner\_work\xpco\xpco\mip\platformplugin\videoos.platform\unittest\bin\debug\net472\videoos.platform.tests.dll" id="9f7143c5-f21b-a4cb-b62f-d856a6e8e1f7">
      <TestCategory>
        <TestCategoryItem TestCategory="Search" />
      </TestCategory>
      <Execution id="877a9c3b-e46e-4583-bf3e-7a178fabed7e" />
      <TestMethod codeBase="D:\actions-runner\_work\XPCO\XPCO\MIP\PlatformPlugin\VideoOS.Platform\unittest\bin\Debug\net472\VideoOS.Platform.Tests.dll" adapterTypeName="executor://mstestadapter/v2" className="VideoOS.Platform.Tests.Search.SearchResultDataTest" name="GetBoundingShapesAsync_MultipleInvocationsPerTime_DelegatedToInternalMethodOnlyOncePerTime" />
    </UnitTest>
    <UnitTest name="IsVisibleCallback_OnlyAllowedItemsVisible" storage="d:\actions-runner\_work\xpco\xpco\mip\platformplugin\videoos.platform\unittest\bin\debug\net472\videoos.platform.tests.dll" id="0fbf3694-a7c3-3fef-5348-e45949735e92">
      <Execution id="e66b496c-a0e0-4ff4-b3a8-4e72b9a2d8cf" />
      <TestMethod codeBase="D:\actions-runner\_work\XPCO\XPCO\MIP\PlatformPlugin\VideoOS.Platform\unittest\bin\Debug\net472\VideoOS.Platform.Tests.dll" adapterTypeName="executor://mstestadapter/v2" className="VideoOS.Platform.Tests.UI.ItemPicker.PopulateThreadTest" name="IsVisibleCallback_OnlyAllowedItemsVisible" />
    </UnitTest>
    <UnitTest name="TryParseArgbString_ShouldReturnFalse_WhenStringIsMissingStartHash" storage="d:\actions-runner\_work\xpco\xpco\mip\platformplugin\videoos.platform\unittest\bin\debug\net472\videoos.platform.tests.dll" id="ebfe7877-f55a-fab7-3a7d-8cf9c4a15098">
      <Execution id="1a3b121a-9c72-4484-b86e-6bf344c6a5cd" />
      <TestMethod codeBase="D:\actions-runner\_work\XPCO\XPCO\MIP\PlatformPlugin\VideoOS.Platform\unittest\bin\Debug\net472\VideoOS.Platform.Tests.dll" adapterTypeName="executor://mstestadapter/v2" className="VideoOS.Platform.Tests.Metadata.DisplayColorTests" name="TryParseArgbString_ShouldReturnFalse_WhenStringIsMissingStartHash" />
    </UnitTest>
    <UnitTest name="Parse_Double_Invalid_end" storage="d:\actions-runner\_work\xpco\xpco\mip\platformplugin\videoos.platform\unittest\bin\debug\net472\videoos.platform.tests.dll" id="cad83f52-1e7f-4b34-02e2-b7d439893234">
      <Execution id="62a6fe87-40d9-4784-b907-a6dd9524158d" />
      <TestMethod codeBase="D:\actions-runner\_work\XPCO\XPCO\MIP\PlatformPlugin\VideoOS.Platform\unittest\bin\Debug\net472\VideoOS.Platform.Tests.dll" adapterTypeName="executor://mstestadapter/v2" className="VideoOS.Platform.Tests.Proxy.RestApi.JsonReaderTests" name="Parse_Double_Invalid_end" />
    </UnitTest>
    <UnitTest name="ReadXml_ShouldReadTranslateContents_WhenTranslateIsPresent" storage="d:\actions-runner\_work\xpco\xpco\mip\platformplugin\videoos.platform\unittest\bin\debug\net472\videoos.platform.tests.dll" id="c0fdb5a9-d6d3-7bbe-3d81-a946d84b5551">
      <Execution id="c11670da-aaf8-4138-8087-7595d0ce8bb2" />
      <TestMethod codeBase="D:\actions-runner\_work\XPCO\XPCO\MIP\PlatformPlugin\VideoOS.Platform\unittest\bin\Debug\net472\VideoOS.Platform.Tests.dll" adapterTypeName="executor://mstestadapter/v2" className="VideoOS.Platform.Tests.Metadata.TransformationTests" name="ReadXml_ShouldReadTranslateContents_WhenTranslateIsPresent" />
    </UnitTest>
    <UnitTest name="Minimize_ShouldReturnOneInterval_WhenListContainsTwoOverlappingIntervalsAndOneIncludesTheOtherReversed" storage="d:\actions-runner\_work\xpco\xpco\mip\platformplugin\videoos.platform\unittest\bin\debug\net472\videoos.platform.tests.dll" id="b5bea1ce-3302-3d5c-c970-5439c8ce2d20">
      <Execution id="71d889ff-9762-4482-a0dd-a19485ed4a00" />
      <TestMethod codeBase="D:\actions-runner\_work\XPCO\XPCO\MIP\PlatformPlugin\VideoOS.Platform\unittest\bin\Debug\net472\VideoOS.Platform.Tests.dll" adapterTypeName="executor://mstestadapter/v2" className="VideoOS.Platform.Tests.Util.TimeIntervalTests" name="Minimize_ShouldReturnOneInterval_WhenListContainsTwoOverlappingIntervalsAndOneIncludesTheOtherReversed" />
    </UnitTest>
    <UnitTest name="FindCacheEntryAfter_ShuldReturnNull_WhenTheCacheIsEmpty" storage="d:\actions-runner\_work\xpco\xpco\mip\platformplugin\videoos.platform\unittest\bin\debug\net472\videoos.platform.tests.dll" id="a1e9cff9-0f40-6b4c-39ab-33d20cd8c823">
      <Execution id="46968982-be9f-4a8c-abea-0ed7d256fa84" />
      <TestMethod codeBase="D:\actions-runner\_work\XPCO\XPCO\MIP\PlatformPlugin\VideoOS.Platform\unittest\bin\Debug\net472\VideoOS.Platform.Tests.dll" adapterTypeName="executor://mstestadapter/v2" className="VideoOS.Platform.Tests.Data.MetadataCacheTests" name="FindCacheEntryAfter_ShuldReturnNull_WhenTheCacheIsEmpty" />
    </UnitTest>
    <UnitTest name="Equals_ShouldHaveValueSemantics_WhenAlways" storage="d:\actions-runner\_work\xpco\xpco\mip\platformplugin\videoos.platform\unittest\bin\debug\net472\videoos.platform.tests.dll" id="87294391-1825-1ce5-7f19-56b62f49e8c1">
      <Execution id="b49be207-af51-480a-b745-9c05ffb683d5" />
      <TestMethod codeBase="D:\actions-runner\_work\XPCO\XPCO\MIP\PlatformPlugin\VideoOS.Platform\unittest\bin\Debug\net472\VideoOS.Platform.Tests.dll" adapterTypeName="executor://mstestadapter/v2" className="VideoOS.Platform.Tests.Metadata.AppearanceTests" name="Equals_ShouldHaveValueSemantics_WhenAlways" />
    </UnitTest>
    <UnitTest name="OverlapsWith_ShouldReturnFalse_WhenArgumentEndTimeIsBeforeStartTime" storage="d:\actions-runner\_work\xpco\xpco\mip\platformplugin\videoos.platform\unittest\bin\debug\net472\videoos.platform.tests.dll" id="397c15b6-197a-94bc-9677-ba909165fd0f">
      <Execution id="f6c74424-343c-4a7b-8fbc-44346c3835c7" />
      <TestMethod codeBase="D:\actions-runner\_work\XPCO\XPCO\MIP\PlatformPlugin\VideoOS.Platform\unittest\bin\Debug\net472\VideoOS.Platform.Tests.dll" adapterTypeName="executor://mstestadapter/v2" className="VideoOS.Platform.Tests.Util.TimeIntervalTests" name="OverlapsWith_ShouldReturnFalse_WhenArgumentEndTimeIsBeforeStartTime" />
    </UnitTest>
    <UnitTest name="NavigationalData_ShouldReturnNull_WhenXmlDidNotContainNavigationalData" storage="d:\actions-runner\_work\xpco\xpco\mip\platformplugin\videoos.platform\unittest\bin\debug\net472\videoos.platform.tests.dll" id="2339c643-1a37-d25a-2a23-49039f375c2c">
      <Execution id="b3ca5346-45fb-4206-b10d-2601043b4e86" />
      <TestMethod codeBase="D:\actions-runner\_work\XPCO\XPCO\MIP\PlatformPlugin\VideoOS.Platform\unittest\bin\Debug\net472\VideoOS.Platform.Tests.dll" adapterTypeName="executor://mstestadapter/v2" className="VideoOS.Platform.Tests.Metadata.MetadataStreamTests" name="NavigationalData_ShouldReturnNull_WhenXmlDidNotContainNavigationalData" />
    </UnitTest>
    <UnitTest name="Equals_ShouldHaveValueSemantics_WhenAlways" storage="d:\actions-runner\_work\xpco\xpco\mip\platformplugin\videoos.platform\unittest\bin\debug\net472\videoos.platform.tests.dll" id="5efa66e3-2c27-3f3b-d94f-51396a42e8dd">
      <Execution id="ac6df942-9c18-4c95-9448-21abe87e1c14" />
      <TestMethod codeBase="D:\actions-runner\_work\XPCO\XPCO\MIP\PlatformPlugin\VideoOS.Platform\unittest\bin\Debug\net472\VideoOS.Platform.Tests.dll" adapterTypeName="executor://mstestadapter/v2" className="VideoOS.Platform.Tests.Metadata.ShapeTests" name="Equals_ShouldHaveValueSemantics_WhenAlways" />
    </UnitTest>
    <UnitTest name="GenerateParameters_ShouldWriteCodecListWithAllGivenCodecs_WhenCodecSetHasEntries" storage="d:\actions-runner\_work\xpco\xpco\mip\platformplugin\videoos.platform\unittest\bin\debug\net472\videoos.platform.tests.dll" id="cb701829-9c23-dcf0-e438-8208a51f3dd4">
      <Execution id="bf83173f-6a07-41dd-80b9-ac7dcb963dd6" />
      <TestMethod codeBase="D:\actions-runner\_work\XPCO\XPCO\MIP\PlatformPlugin\VideoOS.Platform\unittest\bin\Debug\net472\VideoOS.Platform.Tests.dll" adapterTypeName="executor://mstestadapter/v2" className="VideoOS.Platform.Tests.Data.CameraDeviceDefinitionTests" name="GenerateParameters_ShouldWriteCodecListWithAllGivenCodecs_WhenCodecSetHasEntries" />
    </UnitTest>
    <UnitTest name="WriteXml_ShouldWriteAllVideoAnalytics_WhenThereAreMultipleVideoAnalyticsItemsPresent" storage="d:\actions-runner\_work\xpco\xpco\mip\platformplugin\videoos.platform\unittest\bin\debug\net472\videoos.platform.tests.dll" id="a32877bc-9b7f-e906-c5f0-bd91b67c99a7">
      <Execution id="3ce528c6-5515-4fcd-8eb7-1233a7dae2a5" />
      <TestMethod codeBase="D:\actions-runner\_work\XPCO\XPCO\MIP\PlatformPlugin\VideoOS.Platform\unittest\bin\Debug\net472\VideoOS.Platform.Tests.dll" adapterTypeName="executor://mstestadapter/v2" className="VideoOS.Platform.Tests.Metadata.MetadataStreamTests" name="WriteXml_ShouldWriteAllVideoAnalytics_WhenThereAreMultipleVideoAnalyticsItemsPresent" />
    </UnitTest>
    <UnitTest name="GetBegin_ShouldReturnFirstMetadataContent_WhenThereIsData" storage="d:\actions-runner\_work\xpco\xpco\mip\platformplugin\videoos.platform\unittest\bin\debug\net472\videoos.platform.tests.dll" id="f11fb068-5020-6fdd-64d4-9eae97e7b7c3">
      <Execution id="b0c97f29-00a3-4b1a-836b-e195ef39071e" />
      <TestMethod codeBase="D:\actions-runner\_work\XPCO\XPCO\MIP\PlatformPlugin\VideoOS.Platform\unittest\bin\Debug\net472\VideoOS.Platform.Tests.dll" adapterTypeName="executor://mstestadapter/v2" className="VideoOS.Platform.Tests.Data.MetadataPlaybackSourceTests" name="GetBegin_ShouldReturnFirstMetadataContent_WhenThereIsData" />
    </UnitTest>
    <UnitTest name="Serialize_TestCases (Verify root Generic (not null) property get property value)" storage="d:\actions-runner\_work\xpco\xpco\mip\platformplugin\videoos.platform\unittest\bin\debug\net472\videoos.platform.tests.dll" id="76e3efce-d93e-9a75-4b2c-e3e683f528b6">
      <Execution id="a18ca8f8-0f61-408e-ba2b-aaf625ad5268" />
      <TestMethod codeBase="D:\actions-runner\_work\XPCO\XPCO\MIP\PlatformPlugin\VideoOS.Platform\unittest\bin\Debug\net472\VideoOS.Platform.Tests.dll" adapterTypeName="executor://mstestadapter/v2" className="VideoOS.Platform.Tests.UI.Controls.Automation.Serialization.AutomationObjectSerializerTest" name="Serialize_TestCases" />
    </UnitTest>
    <UnitTest name="GetCompatibilityHandler_ShouldThrownMIPException_WhenLoginSettingsCannotBeRetrieved" storage="d:\actions-runner\_work\xpco\xpco\mip\platformplugin\videoos.platform\unittest\bin\debug\net472\videoos.platform.tests.dll" id="0a9c2a64-10d3-ab1b-bf1d-557005ecb79f">
      <Execution id="34560d94-578a-42b3-8c4c-fe27140ada88" />
      <TestMethod codeBase="D:\actions-runner\_work\XPCO\XPCO\MIP\PlatformPlugin\VideoOS.Platform\unittest\bin\Debug\net472\VideoOS.Platform.Tests.dll" adapterTypeName="executor://mstestadapter/v2" className="VideoOS.Platform.Tests.License.LicenseManagerTests" name="GetCompatibilityHandler_ShouldThrownMIPException_WhenLoginSettingsCannotBeRetrieved" />
    </UnitTest>
    <UnitTest name="Equals_ShouldReturnTrue_WhenHostDifferOnlyByProtocol" storage="d:\actions-runner\_work\xpco\xpco\mip\platformplugin\videoos.platform\unittest\bin\debug\net472\videoos.platform.tests.dll" id="12453e35-9e6c-1895-86bb-d53b925cb8c9">
      <Execution id="6e6c0b7b-b66f-4256-bbb6-1f5719cebf5c" />
      <TestMethod codeBase="D:\actions-runner\_work\XPCO\XPCO\MIP\PlatformPlugin\VideoOS.Platform\unittest\bin\Debug\net472\VideoOS.Platform.Tests.dll" adapterTypeName="executor://mstestadapter/v2" className="VideoOS.Platform.Tests.ServerIdTests" name="Equals_ShouldReturnTrue_WhenHostDifferOnlyByProtocol" />
    </UnitTest>
    <UnitTest name="Serialize_ShouldThrowException_WhenPropertyIsSimpleTypeButPathContainsChildren (DecimalProperty)" storage="d:\actions-runner\_work\xpco\xpco\mip\platformplugin\videoos.platform\unittest\bin\debug\net472\videoos.platform.tests.dll" id="1fb7df82-265a-5de3-47da-778b7185a628">
      <Execution id="d4b080e7-49be-49b3-8a54-e3e16900855f" />
      <TestMethod codeBase="D:\actions-runner\_work\XPCO\XPCO\MIP\PlatformPlugin\VideoOS.Platform\unittest\bin\Debug\net472\VideoOS.Platform.Tests.dll" adapterTypeName="executor://mstestadapter/v2" className="VideoOS.Platform.Tests.UI.Controls.Automation.Serialization.AutomationObjectSerializerTest" name="Serialize_ShouldThrowException_WhenPropertyIsSimpleTypeButPathContainsChildren" />
    </UnitTest>
    <UnitTest name="GetEnd_ShouldReturnNull_WhenThereIsNoData" storage="d:\actions-runner\_work\xpco\xpco\mip\platformplugin\videoos.platform\unittest\bin\debug\net472\videoos.platform.tests.dll" id="a8ce85fe-814a-271d-72cd-32e52ea1acce">
      <Execution id="75f32eef-d4ec-42f1-bb51-2ef9414525e2" />
      <TestMethod codeBase="D:\actions-runner\_work\XPCO\XPCO\MIP\PlatformPlugin\VideoOS.Platform\unittest\bin\Debug\net472\VideoOS.Platform.Tests.dll" adapterTypeName="executor://mstestadapter/v2" className="VideoOS.Platform.Tests.Data.MetadataPlaybackSourceTests" name="GetEnd_ShouldReturnNull_WhenThereIsNoData" />
    </UnitTest>
    <UnitTest name="WriteXml_ShouldWriteAllObjects_WhenThereAreMultipleObjectsPresent" storage="d:\actions-runner\_work\xpco\xpco\mip\platformplugin\videoos.platform\unittest\bin\debug\net472\videoos.platform.tests.dll" id="6b8d7eb7-6306-1854-531e-9df54451cb92">
      <Execution id="9790112f-4a62-4339-8e1c-e4e5323e2326" />
      <TestMethod codeBase="D:\actions-runner\_work\XPCO\XPCO\MIP\PlatformPlugin\VideoOS.Platform\unittest\bin\Debug\net472\VideoOS.Platform.Tests.dll" adapterTypeName="executor://mstestadapter/v2" className="VideoOS.Platform.Tests.Metadata.FrameTests" name="WriteXml_ShouldWriteAllObjects_WhenThereAreMultipleObjectsPresent" />
    </UnitTest>
    <UnitTest name="ReadXml_ShouldLogWarningTwiceWhenMoreThanOneMinuteBetweenWarnings_WhenRequiredAttributeIsMissing" storage="d:\actions-runner\_work\xpco\xpco\mip\platformplugin\videoos.platform\unittest\bin\debug\net472\videoos.platform.tests.dll" id="a513f6d4-cac8-7139-d5eb-18e28868b5e3">
      <Execution id="5b81fc6c-2e9b-481b-948c-30f468fe917b" />
      <TestMethod codeBase="D:\actions-runner\_work\XPCO\XPCO\MIP\PlatformPlugin\VideoOS.Platform\unittest\bin\Debug\net472\VideoOS.Platform.Tests.dll" adapterTypeName="executor://mstestadapter/v2" className="VideoOS.Platform.Tests.Metadata.FrameTests" name="ReadXml_ShouldLogWarningTwiceWhenMoreThanOneMinuteBetweenWarnings_WhenRequiredAttributeIsMissing" />
    </UnitTest>
    <UnitTest name="GenerateEnumValueParameters_ShouldWriteId_WhenAlways" storage="d:\actions-runner\_work\xpco\xpco\mip\platformplugin\videoos.platform\unittest\bin\debug\net472\videoos.platform.tests.dll" id="1bb65b8b-a8a2-1654-89b4-e0a9b34ce5a7">
      <Execution id="a88f46c8-5a8c-4ad4-ae51-26504bceefbf" />
      <TestMethod codeBase="D:\actions-runner\_work\XPCO\XPCO\MIP\PlatformPlugin\VideoOS.Platform\unittest\bin\Debug\net472\VideoOS.Platform.Tests.dll" adapterTypeName="executor://mstestadapter/v2" className="VideoOS.Platform.Tests.Data.EnumCapabilityValueTests" name="GenerateEnumValueParameters_ShouldWriteId_WhenAlways" />
    </UnitTest>
    <UnitTest name="ReadXml_ShouldSetAllPropertiesToZero_WhenElementIsEmpty" storage="d:\actions-runner\_work\xpco\xpco\mip\platformplugin\videoos.platform\unittest\bin\debug\net472\videoos.platform.tests.dll" id="d398ef55-2762-6fec-9ad2-1f14cb2a9d60">
      <Execution id="18cbd893-e298-4465-b54a-ff7c4a857405" />
      <TestMethod codeBase="D:\actions-runner\_work\XPCO\XPCO\MIP\PlatformPlugin\VideoOS.Platform\unittest\bin\Debug\net472\VideoOS.Platform.Tests.dll" adapterTypeName="executor://mstestadapter/v2" className="VideoOS.Platform.Tests.Metadata.DisplayTextTests" name="ReadXml_ShouldSetAllPropertiesToZero_WhenElementIsEmpty" />
    </UnitTest>
    <UnitTest name="Serialize_TestCases (TestParentTypeMatchStringThisTypeNotMatched)" storage="d:\actions-runner\_work\xpco\xpco\mip\platformplugin\videoos.platform\unittest\bin\debug\net472\videoos.platform.tests.dll" id="4f71e5f9-12a6-0f01-a280-c78b7d7b307a">
      <Execution id="c0969b6b-3635-4608-a435-0642b1310b8c" />
      <TestMethod codeBase="D:\actions-runner\_work\XPCO\XPCO\MIP\PlatformPlugin\VideoOS.Platform\unittest\bin\Debug\net472\VideoOS.Platform.Tests.dll" adapterTypeName="executor://mstestadapter/v2" className="VideoOS.Platform.Tests.UI.Controls.Automation.Serialization.AutomationObjectSerializerTest" name="Serialize_TestCases" />
    </UnitTest>
    <UnitTest name="GenerateDeviceCapabilityParameters_ShouldWriteTypeId_WhenAlways" storage="d:\actions-runner\_work\xpco\xpco\mip\platformplugin\videoos.platform\unittest\bin\debug\net472\videoos.platform.tests.dll" id="440fa337-372a-ba98-a915-98a687b17d8a">
      <Execution id="df46089f-8178-4f78-9d56-75b1b746d9af" />
      <TestMethod codeBase="D:\actions-runner\_work\XPCO\XPCO\MIP\PlatformPlugin\VideoOS.Platform\unittest\bin\Debug\net472\VideoOS.Platform.Tests.dll" adapterTypeName="executor://mstestadapter/v2" className="VideoOS.Platform.Tests.Data.MetadataDeviceCapabilityTests" name="GenerateDeviceCapabilityParameters_ShouldWriteTypeId_WhenAlways" />
    </UnitTest>
    <UnitTest name="CountByItems_NotActivated_Trial" storage="d:\actions-runner\_work\xpco\xpco\mip\platformplugin\videoos.platform\unittest\bin\debug\net472\videoos.platform.tests.dll" id="19b10478-a96f-f7e7-c2b8-f210ce21c3d4">
      <Execution id="63cb4368-16c9-4ca8-8a5c-5e761385dc7c" />
      <TestMethod codeBase="D:\actions-runner\_work\XPCO\XPCO\MIP\PlatformPlugin\VideoOS.Platform\unittest\bin\Debug\net472\VideoOS.Platform.Tests.dll" adapterTypeName="executor://mstestadapter/v2" className="VideoOS.Platform.Tests.License.ResolvedLicenseCountTest" name="CountByItems_NotActivated_Trial" />
    </UnitTest>
    <UnitTest name="CountByCounter_NotActivated_Missing" storage="d:\actions-runner\_work\xpco\xpco\mip\platformplugin\videoos.platform\unittest\bin\debug\net472\videoos.platform.tests.dll" id="1bdc0970-713b-d043-8222-8dccac91ab64">
      <Execution id="e21ab772-cd31-49d4-a0f6-819cac79c5ac" />
      <TestMethod codeBase="D:\actions-runner\_work\XPCO\XPCO\MIP\PlatformPlugin\VideoOS.Platform\unittest\bin\Debug\net472\VideoOS.Platform.Tests.dll" adapterTypeName="executor://mstestadapter/v2" className="VideoOS.Platform.Tests.License.ResolvedLicenseCountTest" name="CountByCounter_NotActivated_Missing" />
    </UnitTest>
    <UnitTest name="TestStartSearch_WithoutSortOrder_Success" storage="d:\actions-runner\_work\xpco\xpco\mip\platformplugin\videoos.platform\unittest\bin\debug\net472\videoos.platform.tests.dll" id="1efc39b0-1d4c-64ee-c593-37f0c14e8022">
      <TestCategory>
        <TestCategoryItem TestCategory="Search" />
      </TestCategory>
      <Execution id="5906daaa-46f9-45e9-89be-334f861aa786" />
      <TestMethod codeBase="D:\actions-runner\_work\XPCO\XPCO\MIP\PlatformPlugin\VideoOS.Platform\unittest\bin\Debug\net472\VideoOS.Platform.Tests.dll" adapterTypeName="executor://mstestadapter/v2" className="VideoOS.Platform.Tests.Search.SearchManagerTest" name="TestStartSearch_WithoutSortOrder_Success" />
    </UnitTest>
    <UnitTest name="ReadXml_ShouldReadLikeliHood_WhenCorrectLikelihoodIsPresent" storage="d:\actions-runner\_work\xpco\xpco\mip\platformplugin\videoos.platform\unittest\bin\debug\net472\videoos.platform.tests.dll" id="e752bd23-b6f4-f8a1-41d2-4686827d5d3c">
      <Execution id="5b58e30a-184b-4ccc-97bf-f6a36149ce14" />
      <TestMethod codeBase="D:\actions-runner\_work\XPCO\XPCO\MIP\PlatformPlugin\VideoOS.Platform\unittest\bin\Debug\net472\VideoOS.Platform.Tests.dll" adapterTypeName="executor://mstestadapter/v2" className="VideoOS.Platform.Tests.Metadata.ClassCandidateTests" name="ReadXml_ShouldReadLikeliHood_WhenCorrectLikelihoodIsPresent" />
    </UnitTest>
    <UnitTest name="ToJson_IntElement_Exception" storage="d:\actions-runner\_work\xpco\xpco\mip\platformplugin\videoos.platform\unittest\bin\debug\net472\videoos.platform.tests.dll" id="79ed88f2-f433-a4e4-a0f7-7ec8b906db54">
      <Execution id="ef65a8e0-7ad0-4536-9ba0-68761d45a2e3" />
      <TestMethod codeBase="D:\actions-runner\_work\XPCO\XPCO\MIP\PlatformPlugin\VideoOS.Platform\unittest\bin\Debug\net472\VideoOS.Platform.Tests.dll" adapterTypeName="executor://mstestadapter/v2" className="VideoOS.Platform.Tests.Proxy.RestApi.JsonReaderTests" name="ToJson_IntElement_Exception" />
    </UnitTest>
    <UnitTest name="Serialize_ShouldHandleRecursiveCollection" storage="d:\actions-runner\_work\xpco\xpco\mip\platformplugin\videoos.platform\unittest\bin\debug\net472\videoos.platform.tests.dll" id="ed293078-f25c-eb2e-8912-33515871c1a2">
      <Execution id="fd744b84-bdee-48bf-a96e-e0afb50afaa6" />
      <TestMethod codeBase="D:\actions-runner\_work\XPCO\XPCO\MIP\PlatformPlugin\VideoOS.Platform\unittest\bin\Debug\net472\VideoOS.Platform.Tests.dll" adapterTypeName="executor://mstestadapter/v2" className="VideoOS.Platform.Tests.UI.Controls.Automation.Serialization.AutomationObjectSerializerRecursionTests" name="Serialize_ShouldHandleRecursiveCollection" />
    </UnitTest>
    <UnitTest name="Contains_Not_Found" storage="d:\actions-runner\_work\xpco\xpco\mip\platformplugin\videoos.platform\unittest\bin\debug\net472\videoos.platform.tests.dll" id="fa078946-dda0-6ffb-816c-44fe3d4e229d">
      <Execution id="dee2551c-4dc8-43b9-a572-af94477dbbef" />
      <TestMethod codeBase="D:\actions-runner\_work\XPCO\XPCO\MIP\PlatformPlugin\VideoOS.Platform\unittest\bin\Debug\net472\VideoOS.Platform.Tests.dll" adapterTypeName="executor://mstestadapter/v2" className="VideoOS.Platform.Tests.ItemTests" name="Contains_Not_Found" />
    </UnitTest>
    <UnitTest name="GetCompatibilityHandler_ShouldReturnFips_WhenCalledFromManagementClient" storage="d:\actions-runner\_work\xpco\xpco\mip\platformplugin\videoos.platform\unittest\bin\debug\net472\videoos.platform.tests.dll" id="27c1e810-7452-20e9-bd4a-23699743a6c7">
      <Execution id="eb4afd11-7b4d-4173-af44-bd49500d2b72" />
      <TestMethod codeBase="D:\actions-runner\_work\XPCO\XPCO\MIP\PlatformPlugin\VideoOS.Platform\unittest\bin\Debug\net472\VideoOS.Platform.Tests.dll" adapterTypeName="executor://mstestadapter/v2" className="VideoOS.Platform.Tests.License.LicenseManagerTests" name="GetCompatibilityHandler_ShouldReturnFips_WhenCalledFromManagementClient" />
    </UnitTest>
    <UnitTest name="JsonObjectFromFileTest" storage="d:\actions-runner\_work\xpco\xpco\mip\platformplugin\videoos.platform\unittest\bin\debug\net472\videoos.platform.tests.dll" id="b0739811-0769-0d6d-10df-bbc2b4389739">
      <Execution id="752e9233-b084-4ea4-8d6a-1d9c0130ef66" />
      <TestMethod codeBase="D:\actions-runner\_work\XPCO\XPCO\MIP\PlatformPlugin\VideoOS.Platform\unittest\bin\Debug\net472\VideoOS.Platform.Tests.dll" adapterTypeName="executor://mstestadapter/v2" className="VideoOS.Platform.Tests.Proxy.RestApi.JsonObjectTests" name="JsonObjectFromFileTest" />
    </UnitTest>
    <UnitTest name="ReadXml_ShouldIgnoreCenterOfGravity_WhenCenterOfGravityIsPresenWithWrongNamespace" storage="d:\actions-runner\_work\xpco\xpco\mip\platformplugin\videoos.platform\unittest\bin\debug\net472\videoos.platform.tests.dll" id="3b221ad2-25e8-a21d-c511-ab3b1a01fb56">
      <Execution id="0e48e202-dd0d-4589-928a-a7f79fb50e85" />
      <TestMethod codeBase="D:\actions-runner\_work\XPCO\XPCO\MIP\PlatformPlugin\VideoOS.Platform\unittest\bin\Debug\net472\VideoOS.Platform.Tests.dll" adapterTypeName="executor://mstestadapter/v2" className="VideoOS.Platform.Tests.Metadata.ShapeTests" name="ReadXml_ShouldIgnoreCenterOfGravity_WhenCenterOfGravityIsPresenWithWrongNamespace" />
    </UnitTest>
    <UnitTest name="Construct5_And_Field_Check" storage="d:\actions-runner\_work\xpco\xpco\mip\platformplugin\videoos.platform\unittest\bin\debug\net472\videoos.platform.tests.dll" id="3d26d7d8-7d79-9931-2127-8e5f6d15122c">
      <Execution id="de39dcac-2bc1-499d-906b-c31243b13f5f" />
      <TestMethod codeBase="D:\actions-runner\_work\XPCO\XPCO\MIP\PlatformPlugin\VideoOS.Platform\unittest\bin\Debug\net472\VideoOS.Platform.Tests.dll" adapterTypeName="executor://mstestadapter/v2" className="VideoOS.Platform.Tests.ItemTests" name="Construct5_And_Field_Check" />
    </UnitTest>
    <UnitTest name="Append_PropertyKey_String_Parted" storage="d:\actions-runner\_work\xpco\xpco\mip\platformplugin\videoos.platform\unittest\bin\debug\net472\videoos.platform.tests.dll" id="eb183710-44b3-ddea-c66c-e6cc35890656">
      <Execution id="e13cf6f9-e49b-464b-ae19-cb34fd8ccb27" />
      <TestMethod codeBase="D:\actions-runner\_work\XPCO\XPCO\MIP\PlatformPlugin\VideoOS.Platform\unittest\bin\Debug\net472\VideoOS.Platform.Tests.dll" adapterTypeName="executor://mstestadapter/v2" className="VideoOS.Platform.Tests.Proxy.RestApi.JsonBuilderTests" name="Append_PropertyKey_String_Parted" />
    </UnitTest>
    <UnitTest name="Add_CapacityExceeded_LeastRecentlyUsedValueRemoved" storage="d:\actions-runner\_work\xpco\xpco\mip\platformplugin\videoos.platform\unittest\bin\debug\net472\videoos.platform.tests.dll" id="82f28324-964a-7ebe-3fa1-b6d48ed97144">
      <Execution id="47778bc5-63d6-4862-b6eb-5d963522ca87" />
      <TestMethod codeBase="D:\actions-runner\_work\XPCO\XPCO\MIP\PlatformPlugin\VideoOS.Platform\unittest\bin\Debug\net472\VideoOS.Platform.Tests.dll" adapterTypeName="executor://mstestadapter/v2" className="VideoOS.Platform.Tests.Util.Queue.LRUCacheTests" name="Add_CapacityExceeded_LeastRecentlyUsedValueRemoved" />
    </UnitTest>
    <UnitTest name="KindsFilter_Presets_ShowsCamerasAndPresets" storage="d:\actions-runner\_work\xpco\xpco\mip\platformplugin\videoos.platform\unittest\bin\debug\net472\videoos.platform.tests.dll" id="eccd7b47-7a8f-ac65-26ef-40b4723d9415">
      <Execution id="4e8bf05c-6ed7-4942-b68f-b10ccf01e601" />
      <TestMethod codeBase="D:\actions-runner\_work\XPCO\XPCO\MIP\PlatformPlugin\VideoOS.Platform\unittest\bin\Debug\net472\VideoOS.Platform.Tests.dll" adapterTypeName="executor://mstestadapter/v2" className="VideoOS.Platform.Tests.UI.ItemPicker.PopulateThreadTest" name="KindsFilter_Presets_ShowsCamerasAndPresets" />
    </UnitTest>
    <UnitTest name="Serialize_TestCases (TestParentTypeMatchCollectionThisTypeNotMatched)" storage="d:\actions-runner\_work\xpco\xpco\mip\platformplugin\videoos.platform\unittest\bin\debug\net472\videoos.platform.tests.dll" id="33ac3088-b630-64ef-4474-d1580dfd8fa1">
      <Execution id="227fc559-17ee-41c4-b88b-f4be0b3e7681" />
      <TestMethod codeBase="D:\actions-runner\_work\XPCO\XPCO\MIP\PlatformPlugin\VideoOS.Platform\unittest\bin\Debug\net472\VideoOS.Platform.Tests.dll" adapterTypeName="executor://mstestadapter/v2" className="VideoOS.Platform.Tests.UI.Controls.Automation.Serialization.AutomationObjectSerializerTest" name="Serialize_TestCases" />
    </UnitTest>
    <UnitTest name="ReadXml_ShouldIgnoreOnvifClass_WhenClassIsPresenWithWrongNamespace" storage="d:\actions-runner\_work\xpco\xpco\mip\platformplugin\videoos.platform\unittest\bin\debug\net472\videoos.platform.tests.dll" id="be949d2a-ee6c-7b88-443c-f49c565f328f">
      <Execution id="5438b280-8d68-4ec2-8a7d-a3d3f47e9518" />
      <TestMethod codeBase="D:\actions-runner\_work\XPCO\XPCO\MIP\PlatformPlugin\VideoOS.Platform\unittest\bin\Debug\net472\VideoOS.Platform.Tests.dll" adapterTypeName="executor://mstestadapter/v2" className="VideoOS.Platform.Tests.Metadata.AppearanceTests" name="ReadXml_ShouldIgnoreOnvifClass_WhenClassIsPresenWithWrongNamespace" />
    </UnitTest>
    <UnitTest name="Parse_DoubleArray" storage="d:\actions-runner\_work\xpco\xpco\mip\platformplugin\videoos.platform\unittest\bin\debug\net472\videoos.platform.tests.dll" id="85b75f82-e414-01aa-d88b-66e9836d44fd">
      <Execution id="da45fb41-aaa2-459b-9a8a-1d1e9f53f5b9" />
      <TestMethod codeBase="D:\actions-runner\_work\XPCO\XPCO\MIP\PlatformPlugin\VideoOS.Platform\unittest\bin\Debug\net472\VideoOS.Platform.Tests.dll" adapterTypeName="executor://mstestadapter/v2" className="VideoOS.Platform.Tests.Proxy.RestApi.JsonReaderTests" name="Parse_DoubleArray" />
    </UnitTest>
    <UnitTest name="ProvideValue_ShouldUseNull_WhenSelectedItemIsNotSet" storage="d:\actions-runner\_work\xpco\xpco\mip\platformplugin\videoos.platform\unittest\bin\debug\net472\videoos.platform.tests.dll" id="d2434559-e3a7-5692-c403-1d47d873a133">
      <TestCategory>
        <TestCategoryItem TestCategory="DropDowns" />
      </TestCategory>
      <Execution id="21e7392a-7753-46bb-8a2c-1cca0d40a73a" />
      <TestMethod codeBase="D:\actions-runner\_work\XPCO\XPCO\MIP\PlatformPlugin\VideoOS.Platform\unittest\bin\Debug\net472\VideoOS.Platform.Tests.dll" adapterTypeName="executor://mstestadapter/v2" className="VideoOS.Platform.Tests.UI.Controls.DropDowns.Internal.SelectedItemContentTemplateExtensionTest" name="ProvideValue_ShouldUseNull_WhenSelectedItemIsNotSet" />
    </UnitTest>
    <UnitTest name="GetChildItems_ShouldReturnNull_WhenUnknownKind" storage="d:\actions-runner\_work\xpco\xpco\mip\platformplugin\videoos.platform\unittest\bin\debug\net472\videoos.platform.tests.dll" id="bc878ccd-98a1-51a4-2cfc-16b619dea6f0">
      <Execution id="d3b6a930-ce81-476d-86af-5ddf3c237ecd" />
      <TestMethod codeBase="D:\actions-runner\_work\XPCO\XPCO\MIP\PlatformPlugin\VideoOS.Platform\unittest\bin\Debug\net472\VideoOS.Platform.Tests.dll" adapterTypeName="executor://mstestadapter/v2" className="VideoOS.Platform.Tests.Util.ConfigurationCacheTests" name="GetChildItems_ShouldReturnNull_WhenUnknownKind" />
    </UnitTest>
    <UnitTest name="Minimize_ShouldReturnOneInterval_WhenListContainsTwoOverlappingIntervalsAndOneIncludesTheOther" storage="d:\actions-runner\_work\xpco\xpco\mip\platformplugin\videoos.platform\unittest\bin\debug\net472\videoos.platform.tests.dll" id="1cfe0934-bee5-966a-0fdd-441157183564">
      <Execution id="f2cecbe4-a8c5-4e0d-8901-3207ece4580c" />
      <TestMethod codeBase="D:\actions-runner\_work\XPCO\XPCO\MIP\PlatformPlugin\VideoOS.Platform\unittest\bin\Debug\net472\VideoOS.Platform.Tests.dll" adapterTypeName="executor://mstestadapter/v2" className="VideoOS.Platform.Tests.Util.TimeIntervalTests" name="Minimize_ShouldReturnOneInterval_WhenListContainsTwoOverlappingIntervalsAndOneIncludesTheOther" />
    </UnitTest>
    <UnitTest name="Serialize_TestCases (Verify root Struct property get property value)" storage="d:\actions-runner\_work\xpco\xpco\mip\platformplugin\videoos.platform\unittest\bin\debug\net472\videoos.platform.tests.dll" id="9a2e7f11-7ff4-212b-b72f-ec76db87254a">
      <Execution id="0c5c0f92-b99e-46d7-bd36-c21ac51475a7" />
      <TestMethod codeBase="D:\actions-runner\_work\XPCO\XPCO\MIP\PlatformPlugin\VideoOS.Platform\unittest\bin\Debug\net472\VideoOS.Platform.Tests.dll" adapterTypeName="executor://mstestadapter/v2" className="VideoOS.Platform.Tests.UI.Controls.Automation.Serialization.AutomationObjectSerializerTest" name="Serialize_TestCases" />
    </UnitTest>
    <UnitTest name="ReadXml_ShouldReadTransformationContents_WhenTransformationIsPresent" storage="d:\actions-runner\_work\xpco\xpco\mip\platformplugin\videoos.platform\unittest\bin\debug\net472\videoos.platform.tests.dll" id="6a5b7ab3-aa94-4efe-2c3f-1fc918bed002">
      <Execution id="1480de17-a8cc-491d-90eb-a01b8acb9885" />
      <TestMethod codeBase="D:\actions-runner\_work\XPCO\XPCO\MIP\PlatformPlugin\VideoOS.Platform\unittest\bin\Debug\net472\VideoOS.Platform.Tests.dll" adapterTypeName="executor://mstestadapter/v2" className="VideoOS.Platform.Tests.Metadata.AppearanceTests" name="ReadXml_ShouldReadTransformationContents_WhenTransformationIsPresent" />
    </UnitTest>
    <UnitTest name="Equals_ShouldHaveValueSemantics_WhenAlways" storage="d:\actions-runner\_work\xpco\xpco\mip\platformplugin\videoos.platform\unittest\bin\debug\net472\videoos.platform.tests.dll" id="9cbeee60-77f5-68fc-bc08-e8da5217124f">
      <Execution id="7a094b92-dc42-48b1-9a09-3438e60ef736" />
      <TestMethod codeBase="D:\actions-runner\_work\XPCO\XPCO\MIP\PlatformPlugin\VideoOS.Platform\unittest\bin\Debug\net472\VideoOS.Platform.Tests.dll" adapterTypeName="executor://mstestadapter/v2" className="VideoOS.Platform.Tests.Metadata.TransformationTests" name="Equals_ShouldHaveValueSemantics_WhenAlways" />
    </UnitTest>
    <UnitTest name="IsEmptyValue_StringFilterValue_Whitespaces_ReturnsTrue" storage="d:\actions-runner\_work\xpco\xpco\mip\platformplugin\videoos.platform\unittest\bin\debug\net472\videoos.platform.tests.dll" id="e997866d-eebf-79e1-ae85-52bd5aa489c9">
      <TestCategory>
        <TestCategoryItem TestCategory="Search" />
      </TestCategory>
      <Execution id="12692e87-60ea-49d5-9eef-700c601bd51c" />
      <TestMethod codeBase="D:\actions-runner\_work\XPCO\XPCO\MIP\PlatformPlugin\VideoOS.Platform\unittest\bin\Debug\net472\VideoOS.Platform.Tests.dll" adapterTypeName="executor://mstestadapter/v2" className="VideoOS.Platform.Tests.Search.SearchFilterTest" name="IsEmptyValue_StringFilterValue_Whitespaces_ReturnsTrue" />
    </UnitTest>
    <UnitTest name="TestStartSearch_NoResultsOrErrorOccurredFromCanceledSearchDefinitions_Success" storage="d:\actions-runner\_work\xpco\xpco\mip\platformplugin\videoos.platform\unittest\bin\debug\net472\videoos.platform.tests.dll" id="b92c2d23-e9a0-a785-771e-708c304e0f26">
      <TestCategory>
        <TestCategoryItem TestCategory="Search" />
      </TestCategory>
      <Execution id="7d3adb12-7ad3-405a-82f0-38c107329440" />
      <TestMethod codeBase="D:\actions-runner\_work\XPCO\XPCO\MIP\PlatformPlugin\VideoOS.Platform\unittest\bin\Debug\net472\VideoOS.Platform.Tests.dll" adapterTypeName="executor://mstestadapter/v2" className="VideoOS.Platform.Tests.Search.SearchManagerTest" name="TestStartSearch_NoResultsOrErrorOccurredFromCanceledSearchDefinitions_Success" />
    </UnitTest>
    <UnitTest name="AddFilterValue_ExistingValue_FirstValue_Success" storage="d:\actions-runner\_work\xpco\xpco\mip\platformplugin\videoos.platform\unittest\bin\debug\net472\videoos.platform.tests.dll" id="c412921c-a830-d00a-e2a6-2eda860b9055">
      <TestCategory>
        <TestCategoryItem TestCategory="Search" />
      </TestCategory>
      <Execution id="8f232bea-c5a3-444a-bb27-201caba340a2" />
      <TestMethod codeBase="D:\actions-runner\_work\XPCO\XPCO\MIP\PlatformPlugin\VideoOS.Platform\unittest\bin\Debug\net472\VideoOS.Platform.Tests.dll" adapterTypeName="executor://mstestadapter/v2" className="VideoOS.Platform.Tests.Search.SearchCriteriaTest" name="AddFilterValue_ExistingValue_FirstValue_Success" />
    </UnitTest>
    <UnitTest name="Stop_EmptyQueue_IsStoppedSet" storage="d:\actions-runner\_work\xpco\xpco\mip\platformplugin\videoos.platform\unittest\bin\debug\net472\videoos.platform.tests.dll" id="cc93f70b-f9b0-21f7-faba-e1868435194b">
      <Execution id="13e5d561-19ab-46ed-a14c-ede030c3a1f4" />
      <TestMethod codeBase="D:\actions-runner\_work\XPCO\XPCO\MIP\PlatformPlugin\VideoOS.Platform\unittest\bin\Debug\net472\VideoOS.Platform.Tests.dll" adapterTypeName="executor://mstestadapter/v2" className="VideoOS.Platform.Tests.Util.Queue.ConcurrentQueueSlimTests" name="Stop_EmptyQueue_IsStoppedSet" />
    </UnitTest>
    <UnitTest name="Peek_StoppedQueue_ReturnsNull" storage="d:\actions-runner\_work\xpco\xpco\mip\platformplugin\videoos.platform\unittest\bin\debug\net472\videoos.platform.tests.dll" id="9292478f-daf1-afe9-9c29-f4faf9350c76">
      <Execution id="108bee0d-db45-4e8b-85e2-fc907fb4e5a9" />
      <TestMethod codeBase="D:\actions-runner\_work\XPCO\XPCO\MIP\PlatformPlugin\VideoOS.Platform\unittest\bin\Debug\net472\VideoOS.Platform.Tests.dll" adapterTypeName="executor://mstestadapter/v2" className="VideoOS.Platform.Tests.Util.Queue.ConcurrentQueueSlimTests" name="Peek_StoppedQueue_ReturnsNull" />
    </UnitTest>
    <UnitTest name="BuildShapeOverlayWidthHeightAlarm_ShouldReturnCorrectNumberOfShapes_WhenArgumentContainsNoObjectAndRule" storage="d:\actions-runner\_work\xpco\xpco\mip\platformplugin\videoos.platform\unittest\bin\debug\net472\videoos.platform.tests.dll" id="275ba7bf-a42d-bd91-1c80-5f751e891033">
      <Execution id="e4293ce1-90dc-4efb-8b61-3ed78f38636f" />
      <TestMethod codeBase="D:\actions-runner\_work\XPCO\XPCO\MIP\PlatformPlugin\VideoOS.Platform\unittest\bin\Debug\net472\VideoOS.Platform.Tests.dll" adapterTypeName="executor://mstestadapter/v2" className="VideoOS.Platform.Tests.Util.AnalyticsOverlayBuilderTests" name="BuildShapeOverlayWidthHeightAlarm_ShouldReturnCorrectNumberOfShapes_WhenArgumentContainsNoObjectAndRule" />
    </UnitTest>
    <UnitTest name="Apply_ShouldDoNothing_WhenArgumentIsNull" storage="d:\actions-runner\_work\xpco\xpco\mip\platformplugin\videoos.platform\unittest\bin\debug\net472\videoos.platform.tests.dll" id="3164fb82-de29-8026-529f-6acf36741c8b">
      <Execution id="4d374ce6-1db0-40b6-9646-b97fed3b356d" />
      <TestMethod codeBase="D:\actions-runner\_work\XPCO\XPCO\MIP\PlatformPlugin\VideoOS.Platform\unittest\bin\Debug\net472\VideoOS.Platform.Tests.dll" adapterTypeName="executor://mstestadapter/v2" className="VideoOS.Platform.Tests.Metadata.RectangleTests" name="Apply_ShouldDoNothing_WhenArgumentIsNull" />
    </UnitTest>
    <UnitTest name="Equals_Fail_OnOtherNull" storage="d:\actions-runner\_work\xpco\xpco\mip\platformplugin\videoos.platform\unittest\bin\debug\net472\videoos.platform.tests.dll" id="ab1a8e45-8e17-ad94-af47-713e91eff11b">
      <Execution id="e34af23f-74cb-4e78-af34-62a766cf606a" />
      <TestMethod codeBase="D:\actions-runner\_work\XPCO\XPCO\MIP\PlatformPlugin\VideoOS.Platform\unittest\bin\Debug\net472\VideoOS.Platform.Tests.dll" adapterTypeName="executor://mstestadapter/v2" className="VideoOS.Platform.Tests.FQIDtests" name="Equals_Fail_OnOtherNull" />
    </UnitTest>
    <UnitTest name="CountByItems_Activated_Grace" storage="d:\actions-runner\_work\xpco\xpco\mip\platformplugin\videoos.platform\unittest\bin\debug\net472\videoos.platform.tests.dll" id="31d165a4-0514-1831-5c27-9754c33030c7">
      <Execution id="30f0537a-6be0-40df-8a3b-05a3f4e4e926" />
      <TestMethod codeBase="D:\actions-runner\_work\XPCO\XPCO\MIP\PlatformPlugin\VideoOS.Platform\unittest\bin\Debug\net472\VideoOS.Platform.Tests.dll" adapterTypeName="executor://mstestadapter/v2" className="VideoOS.Platform.Tests.License.ResolvedLicenseCountTest" name="CountByItems_Activated_Grace" />
    </UnitTest>
    <UnitTest name="ToString_Succcess" storage="d:\actions-runner\_work\xpco\xpco\mip\platformplugin\videoos.platform\unittest\bin\debug\net472\videoos.platform.tests.dll" id="3971c5d8-7ad8-4707-9b53-e6a041a0b2f8">
      <Execution id="dcd3b83a-948a-4be2-a4cc-38d481364ab6" />
      <TestMethod codeBase="D:\actions-runner\_work\XPCO\XPCO\MIP\PlatformPlugin\VideoOS.Platform\unittest\bin\Debug\net472\VideoOS.Platform.Tests.dll" adapterTypeName="executor://mstestadapter/v2" className="VideoOS.Platform.Tests.ItemTests" name="ToString_Succcess" />
    </UnitTest>
    <UnitTest name="UnloadedEvent_ShouldRemoveProxyManager_WhenRaisedOnFrameworkContentElement" storage="d:\actions-runner\_work\xpco\xpco\mip\platformplugin\videoos.platform\unittest\bin\debug\net472\videoos.platform.tests.dll" id="0f05d604-6e61-b82e-404f-e9831974b180">
      <TestCategory>
        <TestCategoryItem TestCategory="EventsToCommandMappings" />
      </TestCategory>
      <Execution id="1add5a75-56fe-4675-8fa2-b2d5e26f947b" />
      <TestMethod codeBase="D:\actions-runner\_work\XPCO\XPCO\MIP\PlatformPlugin\VideoOS.Platform\unittest\bin\Debug\net472\VideoOS.Platform.Tests.dll" adapterTypeName="executor://mstestadapter/v2" className="VideoOS.Platform.Tests.UI.Commands.EventsToCommandMappingTest" name="UnloadedEvent_ShouldRemoveProxyManager_WhenRaisedOnFrameworkContentElement" />
    </UnitTest>
    <UnitTest name="ReadXml_ShouldSetAllFieldsToNull_WhenElementIsEmpty" storage="d:\actions-runner\_work\xpco\xpco\mip\platformplugin\videoos.platform\unittest\bin\debug\net472\videoos.platform.tests.dll" id="548fd08b-2d94-5257-d985-826bbe47bde9">
      <Execution id="f1a3d388-f69f-4bfa-9d87-f0810731ff35" />
      <TestMethod codeBase="D:\actions-runner\_work\XPCO\XPCO\MIP\PlatformPlugin\VideoOS.Platform\unittest\bin\Debug\net472\VideoOS.Platform.Tests.dll" adapterTypeName="executor://mstestadapter/v2" className="VideoOS.Platform.Tests.Metadata.AppearanceTests" name="ReadXml_ShouldSetAllFieldsToNull_WhenElementIsEmpty" />
    </UnitTest>
    <UnitTest name="ParameterConstruct3_FieldValues_Checked" storage="d:\actions-runner\_work\xpco\xpco\mip\platformplugin\videoos.platform\unittest\bin\debug\net472\videoos.platform.tests.dll" id="15aede0d-e3f2-2cb3-b9cb-5b079f95b7e7">
      <Execution id="c08fb69f-d249-45fb-b837-074b91ca65e2" />
      <TestMethod codeBase="D:\actions-runner\_work\XPCO\XPCO\MIP\PlatformPlugin\VideoOS.Platform\unittest\bin\Debug\net472\VideoOS.Platform.Tests.dll" adapterTypeName="executor://mstestadapter/v2" className="VideoOS.Platform.Tests.FQIDtests" name="ParameterConstruct3_FieldValues_Checked" />
    </UnitTest>
    <UnitTest name="GenerateDeviceParameters_ShouldOmitFps_WhenFpsIsZero" storage="d:\actions-runner\_work\xpco\xpco\mip\platformplugin\videoos.platform\unittest\bin\debug\net472\videoos.platform.tests.dll" id="ae4a8750-d669-3823-272f-96fc0e4fc346">
      <Execution id="daddbdc7-1922-49ee-af16-f3b8342cf74c" />
      <TestMethod codeBase="D:\actions-runner\_work\XPCO\XPCO\MIP\PlatformPlugin\VideoOS.Platform\unittest\bin\Debug\net472\VideoOS.Platform.Tests.dll" adapterTypeName="executor://mstestadapter/v2" className="VideoOS.Platform.Tests.Data.CameraDeviceDefinitionTests" name="GenerateDeviceParameters_ShouldOmitFps_WhenFpsIsZero" />
    </UnitTest>
    <UnitTest name="GetMIPItem_Success" storage="d:\actions-runner\_work\xpco\xpco\mip\platformplugin\videoos.platform\unittest\bin\debug\net472\videoos.platform.tests.dll" id="d4fbe30b-c3a5-9110-1c8a-b21accc6c6ad">
      <Execution id="bcad8f36-5594-4d04-9771-b2638e65b8f2" />
      <TestMethod codeBase="D:\actions-runner\_work\XPCO\XPCO\MIP\PlatformPlugin\VideoOS.Platform\unittest\bin\Debug\net472\VideoOS.Platform.Tests.dll" adapterTypeName="executor://mstestadapter/v2" className="VideoOS.Platform.Tests.Proxy.RestApi.RestApiClientDecoratorTests" name="GetMIPItem_Success" />
    </UnitTest>
    <UnitTest name="PatchItem_Camera_Success" storage="d:\actions-runner\_work\xpco\xpco\mip\platformplugin\videoos.platform\unittest\bin\debug\net472\videoos.platform.tests.dll" id="c2f6ebcb-6563-8bdd-b77e-91b902f7eb14">
      <Execution id="b5dfefc4-ef87-45e3-8a65-212f36b1a677" />
      <TestMethod codeBase="D:\actions-runner\_work\XPCO\XPCO\MIP\PlatformPlugin\VideoOS.Platform\unittest\bin\Debug\net472\VideoOS.Platform.Tests.dll" adapterTypeName="executor://mstestadapter/v2" className="VideoOS.Platform.Tests.Proxy.RestApi.RestApiClientDecoratorTests" name="PatchItem_Camera_Success" />
    </UnitTest>
    <UnitTest name="GetPopulatedItems_HasChildren_ChildrenAdded" storage="d:\actions-runner\_work\xpco\xpco\mip\platformplugin\videoos.platform\unittest\bin\debug\net472\videoos.platform.tests.dll" id="ce7e30df-0543-6938-fae8-53fc40762640">
      <Execution id="c8993e0f-4ab9-4ddd-a9a8-5a78eb3de844" />
      <TestMethod codeBase="D:\actions-runner\_work\XPCO\XPCO\MIP\PlatformPlugin\VideoOS.Platform\unittest\bin\Debug\net472\VideoOS.Platform.Tests.dll" adapterTypeName="executor://mstestadapter/v2" className="VideoOS.Platform.Tests.UI.ItemPicker.PopulateThreadTest" name="GetPopulatedItems_HasChildren_ChildrenAdded" />
    </UnitTest>
    <UnitTest name="HostInitialized_ShouldInvokeCallback_WhenInitializedWithItems" storage="d:\actions-runner\_work\xpco\xpco\mip\platformplugin\videoos.platform\unittest\bin\debug\net472\videoos.platform.tests.dll" id="4d8c83aa-a156-12a2-4c8a-ba95a8a26318">
      <Execution id="89b32a2d-7e72-4b9f-a4af-3508e7c917e9" />
      <TestMethod codeBase="D:\actions-runner\_work\XPCO\XPCO\MIP\PlatformPlugin\VideoOS.Platform\unittest\bin\Debug\net472\VideoOS.Platform.Tests.dll" adapterTypeName="executor://mstestadapter/v2" className="VideoOS.Platform.Tests.UI.Controls.CollectionHelperTest" name="HostInitialized_ShouldInvokeCallback_WhenInitializedWithItems" />
    </UnitTest>
    <UnitTest name="GetAtOrBefore_ShouldReturnCorrectElementInCache_WhenTimestampIsInMiddleOfCache" storage="d:\actions-runner\_work\xpco\xpco\mip\platformplugin\videoos.platform\unittest\bin\debug\net472\videoos.platform.tests.dll" id="a7db9ed1-0e9f-4bd0-ac0b-3b36ddafd16e">
      <Execution id="b123aded-0a59-4005-aeaa-6c3953976da3" />
      <TestMethod codeBase="D:\actions-runner\_work\XPCO\XPCO\MIP\PlatformPlugin\VideoOS.Platform\unittest\bin\Debug\net472\VideoOS.Platform.Tests.dll" adapterTypeName="executor://mstestadapter/v2" className="VideoOS.Platform.Tests.Data.MetadataCacheTests" name="GetAtOrBefore_ShouldReturnCorrectElementInCache_WhenTimestampIsInMiddleOfCache" />
    </UnitTest>
    <UnitTest name="TestMultiLevelQueue_TwoLevels_DifferentLevelIdentifiers_Success" storage="d:\actions-runner\_work\xpco\xpco\mip\platformplugin\videoos.platform\unittest\bin\debug\net472\videoos.platform.tests.dll" id="5d87446d-b17e-e82f-a4a3-ee27c1dfacd1">
      <Execution id="65cd76ce-c5a6-47ff-b1dc-57919cdb1e4d" />
      <TestMethod codeBase="D:\actions-runner\_work\XPCO\XPCO\MIP\PlatformPlugin\VideoOS.Platform\unittest\bin\Debug\net472\VideoOS.Platform.Tests.dll" adapterTypeName="executor://mstestadapter/v2" className="VideoOS.Platform.Tests.Util.Queue.MultiLevelResourceQueueTests" name="TestMultiLevelQueue_TwoLevels_DifferentLevelIdentifiers_Success" />
    </UnitTest>
    <UnitTest name="Serialize_ShouldThrowException_WhenPropertyIsSimpleTypeButPathContainsChildren (BoolProperty)" storage="d:\actions-runner\_work\xpco\xpco\mip\platformplugin\videoos.platform\unittest\bin\debug\net472\videoos.platform.tests.dll" id="889d4bac-a87a-c9c2-145c-f024ddbd129b">
      <Execution id="98f8b444-0d7a-45d5-8753-ba63047967bb" />
      <TestMethod codeBase="D:\actions-runner\_work\XPCO\XPCO\MIP\PlatformPlugin\VideoOS.Platform\unittest\bin\Debug\net472\VideoOS.Platform.Tests.dll" adapterTypeName="executor://mstestadapter/v2" className="VideoOS.Platform.Tests.UI.Controls.Automation.Serialization.AutomationObjectSerializerTest" name="Serialize_ShouldThrowException_WhenPropertyIsSimpleTypeButPathContainsChildren" />
    </UnitTest>
    <UnitTest name="Append_Element_KeyWithDotString" storage="d:\actions-runner\_work\xpco\xpco\mip\platformplugin\videoos.platform\unittest\bin\debug\net472\videoos.platform.tests.dll" id="503e5a86-709d-4f75-061c-3b116d3ee8e7">
      <Execution id="4f6be0b1-4206-4bdc-b5e9-e4f74b4dc04f" />
      <TestMethod codeBase="D:\actions-runner\_work\XPCO\XPCO\MIP\PlatformPlugin\VideoOS.Platform\unittest\bin\Debug\net472\VideoOS.Platform.Tests.dll" adapterTypeName="executor://mstestadapter/v2" className="VideoOS.Platform.Tests.Proxy.RestApi.JsonBuilderTests" name="Append_Element_KeyWithDotString" />
    </UnitTest>
    <UnitTest name="GetItem_ShouldReturnItem_WhenAllAdded" storage="d:\actions-runner\_work\xpco\xpco\mip\platformplugin\videoos.platform\unittest\bin\debug\net472\videoos.platform.tests.dll" id="22286b2d-2c9e-a580-fd4a-2436919b8555">
      <Execution id="0d8b061f-e790-4271-8c34-d61a6bff5dc3" />
      <TestMethod codeBase="D:\actions-runner\_work\XPCO\XPCO\MIP\PlatformPlugin\VideoOS.Platform\unittest\bin\Debug\net472\VideoOS.Platform.Tests.dll" adapterTypeName="executor://mstestadapter/v2" className="VideoOS.Platform.Tests.Util.ConfigurationCacheTests" name="GetItem_ShouldReturnItem_WhenAllAdded" />
    </UnitTest>
    <UnitTest name="Set_String_Invalid" storage="d:\actions-runner\_work\xpco\xpco\mip\platformplugin\videoos.platform\unittest\bin\debug\net472\videoos.platform.tests.dll" id="2c659c9c-4cb8-0017-5374-282461cba931">
      <Execution id="48eeee92-0e73-40a7-ae0d-d4ed0de3f445" />
      <TestMethod codeBase="D:\actions-runner\_work\XPCO\XPCO\MIP\PlatformPlugin\VideoOS.Platform\unittest\bin\Debug\net472\VideoOS.Platform.Tests.dll" adapterTypeName="executor://mstestadapter/v2" className="VideoOS.Platform.Tests.Proxy.RestApi.JsonReaderTests" name="Set_String_Invalid" />
    </UnitTest>
    <UnitTest name="IsValid_ShouldReturnTrue_WhenTypeHasValueAndLikelihoodIsBetweenZeroAndOne" storage="d:\actions-runner\_work\xpco\xpco\mip\platformplugin\videoos.platform\unittest\bin\debug\net472\videoos.platform.tests.dll" id="9551a8f2-f5be-a617-500a-980790ba8737">
      <Execution id="b7cef42a-6cfd-4c1c-b24e-2045de5afcf3" />
      <TestMethod codeBase="D:\actions-runner\_work\XPCO\XPCO\MIP\PlatformPlugin\VideoOS.Platform\unittest\bin\Debug\net472\VideoOS.Platform.Tests.dll" adapterTypeName="executor://mstestadapter/v2" className="VideoOS.Platform.Tests.Metadata.ClassCandidateTests" name="IsValid_ShouldReturnTrue_WhenTypeHasValueAndLikelihoodIsBetweenZeroAndOne" />
    </UnitTest>
    <UnitTest name="OnSearchResultsReady_ShouldNotSetSearchDefinitionOnResults_WhenAlreadySet" storage="d:\actions-runner\_work\xpco\xpco\mip\platformplugin\videoos.platform\unittest\bin\debug\net472\videoos.platform.tests.dll" id="0c0836ab-4cd8-bcb2-8664-28d80763d09f">
      <TestCategory>
        <TestCategoryItem TestCategory="Search" />
      </TestCategory>
      <Execution id="6602e463-cf0c-42bf-a485-05250b466100" />
      <TestMethod codeBase="D:\actions-runner\_work\XPCO\XPCO\MIP\PlatformPlugin\VideoOS.Platform\unittest\bin\Debug\net472\VideoOS.Platform.Tests.dll" adapterTypeName="executor://mstestadapter/v2" className="VideoOS.Platform.Tests.Search.SearchDefinitionTest" name="OnSearchResultsReady_ShouldNotSetSearchDefinitionOnResults_WhenAlreadySet" />
    </UnitTest>
    <UnitTest name="GetAtOrBefore_ShouldReturnEntryFromCache_WhenDataIsInCacheWithExactSameTime" storage="d:\actions-runner\_work\xpco\xpco\mip\platformplugin\videoos.platform\unittest\bin\debug\net472\videoos.platform.tests.dll" id="868fab3c-659e-4c15-a10e-0b6912bfed13">
      <Execution id="39777739-f340-4b46-b26e-6954cb7e8f7a" />
      <TestMethod codeBase="D:\actions-runner\_work\XPCO\XPCO\MIP\PlatformPlugin\VideoOS.Platform\unittest\bin\Debug\net472\VideoOS.Platform.Tests.dll" adapterTypeName="executor://mstestadapter/v2" className="VideoOS.Platform.Tests.Data.MetadataPlaybackSourceTests" name="GetAtOrBefore_ShouldReturnEntryFromCache_WhenDataIsInCacheWithExactSameTime" />
    </UnitTest>
    <UnitTest name="WriteXml_ShouldWriteDescriptionContents_WhenDescriptionIsNotNull" storage="d:\actions-runner\_work\xpco\xpco\mip\platformplugin\videoos.platform\unittest\bin\debug\net472\videoos.platform.tests.dll" id="399501bc-ecba-b1ca-b26c-0035e5a7aa53">
      <Execution id="ea63a31a-1047-4190-916b-e1f5f6297683" />
      <TestMethod codeBase="D:\actions-runner\_work\XPCO\XPCO\MIP\PlatformPlugin\VideoOS.Platform\unittest\bin\Debug\net472\VideoOS.Platform.Tests.dll" adapterTypeName="executor://mstestadapter/v2" className="VideoOS.Platform.Tests.Metadata.AppearanceTests" name="WriteXml_ShouldWriteDescriptionContents_WhenDescriptionIsNotNull" />
    </UnitTest>
    <UnitTest name="ReadXml_ShouldReadTextValue_WhenPresent" storage="d:\actions-runner\_work\xpco\xpco\mip\platformplugin\videoos.platform\unittest\bin\debug\net472\videoos.platform.tests.dll" id="e843bfee-0457-6dab-bf5f-4166d9265b34">
      <Execution id="1d8873d6-ba9a-4c56-8d2b-69c5f8f236d2" />
      <TestMethod codeBase="D:\actions-runner\_work\XPCO\XPCO\MIP\PlatformPlugin\VideoOS.Platform\unittest\bin\Debug\net472\VideoOS.Platform.Tests.dll" adapterTypeName="executor://mstestadapter/v2" className="VideoOS.Platform.Tests.Metadata.DisplayTextTests" name="ReadXml_ShouldReadTextValue_WhenPresent" />
    </UnitTest>
    <UnitTest name="IsValid_ShouldReturnFalse_WhenTypeIsEmpty" storage="d:\actions-runner\_work\xpco\xpco\mip\platformplugin\videoos.platform\unittest\bin\debug\net472\videoos.platform.tests.dll" id="e8468c0c-a545-5d16-c11f-86ec8e232404">
      <Execution id="1340cc83-338e-4ef5-8212-10af787e3330" />
      <TestMethod codeBase="D:\actions-runner\_work\XPCO\XPCO\MIP\PlatformPlugin\VideoOS.Platform\unittest\bin\Debug\net472\VideoOS.Platform.Tests.dll" adapterTypeName="executor://mstestadapter/v2" className="VideoOS.Platform.Tests.Metadata.ClassCandidateTests" name="IsValid_ShouldReturnFalse_WhenTypeIsEmpty" />
    </UnitTest>
    <UnitTest name="Speed_ShouldThrowArgumentOfRange_WhenValueIsOutsideAcceptedRange" storage="d:\actions-runner\_work\xpco\xpco\mip\platformplugin\videoos.platform\unittest\bin\debug\net472\videoos.platform.tests.dll" id="7ce3bd1f-17a2-67ea-14e3-54128c33634a">
      <Execution id="e7161aa7-496c-443a-9398-d1a6e58fba54" />
      <TestMethod codeBase="D:\actions-runner\_work\XPCO\XPCO\MIP\PlatformPlugin\VideoOS.Platform\unittest\bin\Debug\net472\VideoOS.Platform.Tests.dll" adapterTypeName="executor://mstestadapter/v2" className="VideoOS.Platform.Tests.Metadata.NavigationalDataTests" name="Speed_ShouldThrowArgumentOfRange_WhenValueIsOutsideAcceptedRange" />
    </UnitTest>
    <UnitTest name="SplitString_When1Level_CountsLastSeparator" storage="d:\actions-runner\_work\xpco\xpco\mip\platformplugin\videoos.platform\unittest\bin\debug\net472\videoos.platform.tests.dll" id="d9b69abf-addf-dcc7-c2fd-b2ff5d4f6705">
      <Execution id="134291c3-fabf-41c1-8968-923b8e078567" />
      <TestMethod codeBase="D:\actions-runner\_work\XPCO\XPCO\MIP\PlatformPlugin\VideoOS.Platform\unittest\bin\Debug\net472\VideoOS.Platform.Tests.dll" adapterTypeName="executor://mstestadapter/v2" className="VideoOS.Platform.Tests.Util.StringSplitterTests" name="SplitString_When1Level_CountsLastSeparator" />
    </UnitTest>
    <UnitTest name="IsValid_ShouldReturnFalse_WhenLikelihoodIsMoreThanOne" storage="d:\actions-runner\_work\xpco\xpco\mip\platformplugin\videoos.platform\unittest\bin\debug\net472\videoos.platform.tests.dll" id="a153c326-c8c2-ed0c-505b-c62f56af9d14">
      <Execution id="079e600a-629a-4a5a-a074-da217b9375e9" />
      <TestMethod codeBase="D:\actions-runner\_work\XPCO\XPCO\MIP\PlatformPlugin\VideoOS.Platform\unittest\bin\Debug\net472\VideoOS.Platform.Tests.dll" adapterTypeName="executor://mstestadapter/v2" className="VideoOS.Platform.Tests.Metadata.ClassCandidateTests" name="IsValid_ShouldReturnFalse_WhenLikelihoodIsMoreThanOne" />
    </UnitTest>
    <UnitTest name="ReadXml_ShouldReadClassCandidate_WhenCorrectClassCandidateIsPresent" storage="d:\actions-runner\_work\xpco\xpco\mip\platformplugin\videoos.platform\unittest\bin\debug\net472\videoos.platform.tests.dll" id="3fce05ef-b530-f8da-eaa9-a5674fdfcd79">
      <Execution id="4d138818-7797-4472-870a-30b9c0782dd1" />
      <TestMethod codeBase="D:\actions-runner\_work\XPCO\XPCO\MIP\PlatformPlugin\VideoOS.Platform\unittest\bin\Debug\net472\VideoOS.Platform.Tests.dll" adapterTypeName="executor://mstestadapter/v2" className="VideoOS.Platform.Tests.Metadata.OnvifClassTests" name="ReadXml_ShouldReadClassCandidate_WhenCorrectClassCandidateIsPresent" />
    </UnitTest>
    <UnitTest name="WriteXml_ShouldWriteXAttribute_WhenAlays" storage="d:\actions-runner\_work\xpco\xpco\mip\platformplugin\videoos.platform\unittest\bin\debug\net472\videoos.platform.tests.dll" id="549a1786-aafc-b11d-904d-59c7dd4fc0a3">
      <Execution id="72326ba9-fd2b-4707-94be-c83dc7eab6af" />
      <TestMethod codeBase="D:\actions-runner\_work\XPCO\XPCO\MIP\PlatformPlugin\VideoOS.Platform\unittest\bin\Debug\net472\VideoOS.Platform.Tests.dll" adapterTypeName="executor://mstestadapter/v2" className="VideoOS.Platform.Tests.Metadata.VectorTests" name="WriteXml_ShouldWriteXAttribute_WhenAlays" />
    </UnitTest>
    <UnitTest name="GetPrevious_ShouldReturnNull_WhenCacheIsEmpty" storage="d:\actions-runner\_work\xpco\xpco\mip\platformplugin\videoos.platform\unittest\bin\debug\net472\videoos.platform.tests.dll" id="c5df7b24-5576-61ff-2c2f-8ef0272c7cb0">
      <Execution id="5e751c4e-dd25-4ad4-b09d-04014ec238ec" />
      <TestMethod codeBase="D:\actions-runner\_work\XPCO\XPCO\MIP\PlatformPlugin\VideoOS.Platform\unittest\bin\Debug\net472\VideoOS.Platform.Tests.dll" adapterTypeName="executor://mstestadapter/v2" className="VideoOS.Platform.Tests.Data.MetadataCacheTests" name="GetPrevious_ShouldReturnNull_WhenCacheIsEmpty" />
    </UnitTest>
    <UnitTest name="GetExpectedToken_ShouldReturnNull_WhenInputTokenHashTypeIsNotSupported" storage="d:\actions-runner\_work\xpco\xpco\mip\platformplugin\videoos.platform\unittest\bin\debug\net472\videoos.platform.tests.dll" id="09fedadb-5b36-4c66-a01b-eb732d278266">
      <Execution id="ea49cca0-67cc-4fa6-a6a1-2039f008a657" />
      <TestMethod codeBase="D:\actions-runner\_work\XPCO\XPCO\MIP\PlatformPlugin\VideoOS.Platform\unittest\bin\Debug\net472\VideoOS.Platform.Tests.dll" adapterTypeName="executor://mstestadapter/v2" className="VideoOS.Platform.Tests.Data.MediaProviderInternal.UtilityTests" name="GetExpectedToken_ShouldReturnNull_WhenInputTokenHashTypeIsNotSupported" />
    </UnitTest>
    <UnitTest name="ReadXml_ShouldIgnoreUnknownTypeChildren_WhenUnknownTypeChildrenArePresent" storage="d:\actions-runner\_work\xpco\xpco\mip\platformplugin\videoos.platform\unittest\bin\debug\net472\videoos.platform.tests.dll" id="a64f7a70-ec8c-8ab6-7e45-ca9fa7e2c2a4">
      <Execution id="2cae2bfb-0cc6-4fc1-af88-30147149faab" />
      <TestMethod codeBase="D:\actions-runner\_work\XPCO\XPCO\MIP\PlatformPlugin\VideoOS.Platform\unittest\bin\Debug\net472\VideoOS.Platform.Tests.dll" adapterTypeName="executor://mstestadapter/v2" className="VideoOS.Platform.Tests.Metadata.ClassCandidateTests" name="ReadXml_ShouldIgnoreUnknownTypeChildren_WhenUnknownTypeChildrenArePresent" />
    </UnitTest>
    <UnitTest name="WriteXml_ShouldWriteSizeAttribute_WhenPresent" storage="d:\actions-runner\_work\xpco\xpco\mip\platformplugin\videoos.platform\unittest\bin\debug\net472\videoos.platform.tests.dll" id="9e0f7694-4c12-cabb-5030-0f3a25dfbb2b">
      <Execution id="33863342-29e8-47c8-8aee-92490cc939ca" />
      <TestMethod codeBase="D:\actions-runner\_work\XPCO\XPCO\MIP\PlatformPlugin\VideoOS.Platform\unittest\bin\Debug\net472\VideoOS.Platform.Tests.dll" adapterTypeName="executor://mstestadapter/v2" className="VideoOS.Platform.Tests.Metadata.DisplayTextTests" name="WriteXml_ShouldWriteSizeAttribute_WhenPresent" />
    </UnitTest>
    <UnitTest name="ReadXml_ShouldReadMultipleObjects_WhenMultipleObjectsArePresent" storage="d:\actions-runner\_work\xpco\xpco\mip\platformplugin\videoos.platform\unittest\bin\debug\net472\videoos.platform.tests.dll" id="af16c081-1118-4157-5e5a-823452565ccb">
      <Execution id="91a959d7-fa13-421e-b146-c89daa3c1c61" />
      <TestMethod codeBase="D:\actions-runner\_work\XPCO\XPCO\MIP\PlatformPlugin\VideoOS.Platform\unittest\bin\Debug\net472\VideoOS.Platform.Tests.dll" adapterTypeName="executor://mstestadapter/v2" className="VideoOS.Platform.Tests.Metadata.FrameTests" name="ReadXml_ShouldReadMultipleObjects_WhenMultipleObjectsArePresent" />
    </UnitTest>
    <UnitTest name="GetNextDateTime_ShouldReturnFirstDataEntityFromSecondToolkitCall_WhenDateIsBeforeFirstCachedValue" storage="d:\actions-runner\_work\xpco\xpco\mip\platformplugin\videoos.platform\unittest\bin\debug\net472\videoos.platform.tests.dll" id="dd9bb228-d729-118d-1416-75302d26e796">
      <Execution id="71b44ab5-7139-4966-a2b3-940940e82d97" />
      <TestMethod codeBase="D:\actions-runner\_work\XPCO\XPCO\MIP\PlatformPlugin\VideoOS.Platform\unittest\bin\Debug\net472\VideoOS.Platform.Tests.dll" adapterTypeName="executor://mstestadapter/v2" className="VideoOS.Platform.Tests.Data.MetadataPlaybackSourceTests" name="GetNextDateTime_ShouldReturnFirstDataEntityFromSecondToolkitCall_WhenDateIsBeforeFirstCachedValue" />
    </UnitTest>
    <UnitTest name="GenerateParameters_ShouldWriteSerialNr_WhenSerialNrIsNotNull" storage="d:\actions-runner\_work\xpco\xpco\mip\platformplugin\videoos.platform\unittest\bin\debug\net472\videoos.platform.tests.dll" id="25d2ce81-b800-30ed-a9ff-8db2b7fca025">
      <Execution id="20839135-f421-42b7-a466-a7e4f7e08645" />
      <TestMethod codeBase="D:\actions-runner\_work\XPCO\XPCO\MIP\PlatformPlugin\VideoOS.Platform\unittest\bin\Debug\net472\VideoOS.Platform.Tests.dll" adapterTypeName="executor://mstestadapter/v2" className="VideoOS.Platform.Tests.Data.HardwareDefinitionTests" name="GenerateParameters_ShouldWriteSerialNr_WhenSerialNrIsNotNull" />
    </UnitTest>
    <UnitTest name="Minimize_ShouldReturnTwoIntervals_WhenListContainsTwoNonOverlappingIntervals" storage="d:\actions-runner\_work\xpco\xpco\mip\platformplugin\videoos.platform\unittest\bin\debug\net472\videoos.platform.tests.dll" id="f8feb370-a546-7995-c8e5-2c5a9509dee9">
      <Execution id="86fb07b6-65c2-4a94-baf5-863a6103ef41" />
      <TestMethod codeBase="D:\actions-runner\_work\XPCO\XPCO\MIP\PlatformPlugin\VideoOS.Platform\unittest\bin\Debug\net472\VideoOS.Platform.Tests.dll" adapterTypeName="executor://mstestadapter/v2" className="VideoOS.Platform.Tests.Util.TimeIntervalTests" name="Minimize_ShouldReturnTwoIntervals_WhenListContainsTwoNonOverlappingIntervals" />
    </UnitTest>
    <UnitTest name="GetClientAsync_NotStartsClient_AfterFirstCall" storage="d:\actions-runner\_work\xpco\xpco\mip\platformplugin\videoos.platform\unittest\bin\debug\net472\videoos.platform.tests.dll" id="0a92ab9e-a0ef-5666-6bfc-bca43af1a11e">
      <Execution id="d2f04af6-51f1-4f73-815f-5a8b7e75f10c" />
      <TestMethod codeBase="D:\actions-runner\_work\XPCO\XPCO\MIP\PlatformPlugin\VideoOS.Platform\unittest\bin\Debug\net472\VideoOS.Platform.Tests.dll" adapterTypeName="executor://mstestadapter/v2" className="VideoOS.Platform.Tests.Messaging.MessageClientManagerTests" name="GetClientAsync_NotStartsClient_AfterFirstCall" />
    </UnitTest>
    <UnitTest name="CollectionReplaced_ShouldInvokeCallback_WhenNotObservable" storage="d:\actions-runner\_work\xpco\xpco\mip\platformplugin\videoos.platform\unittest\bin\debug\net472\videoos.platform.tests.dll" id="cb7e38b0-12f4-dfad-65ae-f93a1147794e">
      <Execution id="140ef128-eaa1-41c1-99bc-e08f451d1391" />
      <TestMethod codeBase="D:\actions-runner\_work\XPCO\XPCO\MIP\PlatformPlugin\VideoOS.Platform\unittest\bin\Debug\net472\VideoOS.Platform.Tests.dll" adapterTypeName="executor://mstestadapter/v2" className="VideoOS.Platform.Tests.UI.Controls.CollectionHelperGenericTest" name="CollectionReplaced_ShouldInvokeCallback_WhenNotObservable" />
    </UnitTest>
    <UnitTest name="Equals_IgnoreFolderType_Fail_OnKind" storage="d:\actions-runner\_work\xpco\xpco\mip\platformplugin\videoos.platform\unittest\bin\debug\net472\videoos.platform.tests.dll" id="bd62b9df-9183-e39d-353c-d0a2ca44c2da">
      <Execution id="4f02e22b-8791-459e-912f-dd5b58a1ed3c" />
      <TestMethod codeBase="D:\actions-runner\_work\XPCO\XPCO\MIP\PlatformPlugin\VideoOS.Platform\unittest\bin\Debug\net472\VideoOS.Platform.Tests.dll" adapterTypeName="executor://mstestadapter/v2" className="VideoOS.Platform.Tests.FQIDtests" name="Equals_IgnoreFolderType_Fail_OnKind" />
    </UnitTest>
    <UnitTest name="AllAttributesWerePresent_ShouldReturnFalse_WhenRightAttributeIsMissing" storage="d:\actions-runner\_work\xpco\xpco\mip\platformplugin\videoos.platform\unittest\bin\debug\net472\videoos.platform.tests.dll" id="97e7d06a-68e4-1586-9e4c-e6b41260549f">
      <Execution id="e93bddd5-5231-4d9e-8b67-2cbde5373d24" />
      <TestMethod codeBase="D:\actions-runner\_work\XPCO\XPCO\MIP\PlatformPlugin\VideoOS.Platform\unittest\bin\Debug\net472\VideoOS.Platform.Tests.dll" adapterTypeName="executor://mstestadapter/v2" className="VideoOS.Platform.Tests.Metadata.RectangleTests" name="AllAttributesWerePresent_ShouldReturnFalse_WhenRightAttributeIsMissing" />
    </UnitTest>
    <UnitTest name="ReadXml_ShouldLogWarningTwiceWhenMoreThanOneMinuteBetweenWarnings_WhenShapeIsInvalid" storage="d:\actions-runner\_work\xpco\xpco\mip\platformplugin\videoos.platform\unittest\bin\debug\net472\videoos.platform.tests.dll" id="fcb2e7e1-0793-e6c2-facd-27bc28ca1cfb">
      <Execution id="3a128224-5306-41d6-aeca-f3727502c272" />
      <TestMethod codeBase="D:\actions-runner\_work\XPCO\XPCO\MIP\PlatformPlugin\VideoOS.Platform\unittest\bin\Debug\net472\VideoOS.Platform.Tests.dll" adapterTypeName="executor://mstestadapter/v2" className="VideoOS.Platform.Tests.Metadata.AppearanceTests" name="ReadXml_ShouldLogWarningTwiceWhenMoreThanOneMinuteBetweenWarnings_WhenShapeIsInvalid" />
    </UnitTest>
    <UnitTest name="Serialize_TestCases (TestParentTypeMatchBoolThisTypeMatched)" storage="d:\actions-runner\_work\xpco\xpco\mip\platformplugin\videoos.platform\unittest\bin\debug\net472\videoos.platform.tests.dll" id="751373aa-f5d7-686f-07af-6e8a9a9a3f1f">
      <Execution id="5acef5ff-7b53-47d3-ac5e-71fbe97d5b3b" />
      <TestMethod codeBase="D:\actions-runner\_work\XPCO\XPCO\MIP\PlatformPlugin\VideoOS.Platform\unittest\bin\Debug\net472\VideoOS.Platform.Tests.dll" adapterTypeName="executor://mstestadapter/v2" className="VideoOS.Platform.Tests.UI.Controls.Automation.Serialization.AutomationObjectSerializerTest" name="Serialize_TestCases" />
    </UnitTest>
    <UnitTest name="GetNext_ShouldReturnNull_WhenCacheIsEmpty" storage="d:\actions-runner\_work\xpco\xpco\mip\platformplugin\videoos.platform\unittest\bin\debug\net472\videoos.platform.tests.dll" id="3ccfced6-2d87-0092-817f-624478d6bd44">
      <Execution id="fdb899f0-00e2-40c9-a898-bcb708e0181f" />
      <TestMethod codeBase="D:\actions-runner\_work\XPCO\XPCO\MIP\PlatformPlugin\VideoOS.Platform\unittest\bin\Debug\net472\VideoOS.Platform.Tests.dll" adapterTypeName="executor://mstestadapter/v2" className="VideoOS.Platform.Tests.Data.MetadataCacheTests" name="GetNext_ShouldReturnNull_WhenCacheIsEmpty" />
    </UnitTest>
    <UnitTest name="TestSearchFilterCategories_WithOneAgentReturnsNull_Success" storage="d:\actions-runner\_work\xpco\xpco\mip\platformplugin\videoos.platform\unittest\bin\debug\net472\videoos.platform.tests.dll" id="39259e78-217a-ffb2-6d1b-008e44172920">
      <TestCategory>
        <TestCategoryItem TestCategory="Search" />
      </TestCategory>
      <Execution id="fc3a7b41-8495-441f-89a6-a36074a02740" />
      <TestMethod codeBase="D:\actions-runner\_work\XPCO\XPCO\MIP\PlatformPlugin\VideoOS.Platform\unittest\bin\Debug\net472\VideoOS.Platform.Tests.dll" adapterTypeName="executor://mstestadapter/v2" className="VideoOS.Platform.Tests.Search.SearchManagerTest" name="TestSearchFilterCategories_WithOneAgentReturnsNull_Success" />
    </UnitTest>
    <UnitTest name="RegionSelectionFilterValue_DeserializeWithMissingItem_Fails" storage="d:\actions-runner\_work\xpco\xpco\mip\platformplugin\videoos.platform\unittest\bin\debug\net472\videoos.platform.tests.dll" id="60e95dc2-1384-1da5-37c2-e879ef01c39a">
      <TestCategory>
        <TestCategoryItem TestCategory="Search" />
      </TestCategory>
      <Execution id="35541b09-2eb9-47bd-86c9-2c4a9b5c956c" />
      <TestMethod codeBase="D:\actions-runner\_work\XPCO\XPCO\MIP\PlatformPlugin\VideoOS.Platform\unittest\bin\Debug\net472\VideoOS.Platform.Tests.dll" adapterTypeName="executor://mstestadapter/v2" className="VideoOS.Platform.Tests.Search.FilterValues.FilterValueTests" name="RegionSelectionFilterValue_DeserializeWithMissingItem_Fails" />
    </UnitTest>
    <UnitTest name="SearchResultData_EndTimeWithPaddingMinValue_ShouldReturnEndTime" storage="d:\actions-runner\_work\xpco\xpco\mip\platformplugin\videoos.platform\unittest\bin\debug\net472\videoos.platform.tests.dll" id="11b5912e-600c-2c04-2bfe-19c262546aae">
      <TestCategory>
        <TestCategoryItem TestCategory="Search" />
      </TestCategory>
      <Execution id="b6d77380-7f35-4896-9144-762bbbe75191" />
      <TestMethod codeBase="D:\actions-runner\_work\XPCO\XPCO\MIP\PlatformPlugin\VideoOS.Platform\unittest\bin\Debug\net472\VideoOS.Platform.Tests.dll" adapterTypeName="executor://mstestadapter/v2" className="VideoOS.Platform.Tests.Search.SearchResultDataTest" name="SearchResultData_EndTimeWithPaddingMinValue_ShouldReturnEndTime" />
    </UnitTest>
    <UnitTest name="Serialize_TestCases (Verify root Collection (null) property)" storage="d:\actions-runner\_work\xpco\xpco\mip\platformplugin\videoos.platform\unittest\bin\debug\net472\videoos.platform.tests.dll" id="9afbb05d-46d7-ab12-da1c-921f9b09858d">
      <Execution id="897eca55-7d00-41ee-832f-b586c41f3642" />
      <TestMethod codeBase="D:\actions-runner\_work\XPCO\XPCO\MIP\PlatformPlugin\VideoOS.Platform\unittest\bin\Debug\net472\VideoOS.Platform.Tests.dll" adapterTypeName="executor://mstestadapter/v2" className="VideoOS.Platform.Tests.UI.Controls.Automation.Serialization.AutomationObjectSerializerTest" name="Serialize_TestCases" />
    </UnitTest>
    <UnitTest name="Parse_String_WithSpecialChars" storage="d:\actions-runner\_work\xpco\xpco\mip\platformplugin\videoos.platform\unittest\bin\debug\net472\videoos.platform.tests.dll" id="7e9864c3-ffac-3e60-e067-d303ea811382">
      <Execution id="0a12327b-3887-422c-9135-89e183012a57" />
      <TestMethod codeBase="D:\actions-runner\_work\XPCO\XPCO\MIP\PlatformPlugin\VideoOS.Platform\unittest\bin\Debug\net472\VideoOS.Platform.Tests.dll" adapterTypeName="executor://mstestadapter/v2" className="VideoOS.Platform.Tests.Proxy.RestApi.JsonReaderTests" name="Parse_String_WithSpecialChars" />
    </UnitTest>
    <UnitTest name="DoubleFilterValue_Deserialize_Success" storage="d:\actions-runner\_work\xpco\xpco\mip\platformplugin\videoos.platform\unittest\bin\debug\net472\videoos.platform.tests.dll" id="621f06a6-b00f-95ed-fccd-336bd41780d8">
      <TestCategory>
        <TestCategoryItem TestCategory="Search" />
      </TestCategory>
      <Execution id="86fabf62-e39f-4d44-a3ea-042eeb30b314" />
      <TestMethod codeBase="D:\actions-runner\_work\XPCO\XPCO\MIP\PlatformPlugin\VideoOS.Platform\unittest\bin\Debug\net472\VideoOS.Platform.Tests.dll" adapterTypeName="executor://mstestadapter/v2" className="VideoOS.Platform.Tests.Search.FilterValues.FilterValueTests" name="DoubleFilterValue_Deserialize_Success" />
    </UnitTest>
    <UnitTest name="ReadXml_ShouldIgnoreObject_WhenObjectIsPresenWithWrongNamespace" storage="d:\actions-runner\_work\xpco\xpco\mip\platformplugin\videoos.platform\unittest\bin\debug\net472\videoos.platform.tests.dll" id="29ac2707-c2cb-35e2-eedb-a90688f5df17">
      <Execution id="4240394b-3002-4d15-a0b7-488b2bd24602" />
      <TestMethod codeBase="D:\actions-runner\_work\XPCO\XPCO\MIP\PlatformPlugin\VideoOS.Platform\unittest\bin\Debug\net472\VideoOS.Platform.Tests.dll" adapterTypeName="executor://mstestadapter/v2" className="VideoOS.Platform.Tests.Metadata.FrameTests" name="ReadXml_ShouldIgnoreObject_WhenObjectIsPresenWithWrongNamespace" />
    </UnitTest>
    <UnitTest name="ConstructorArgb_ShouldReturnCorrectArgbValues_Always" storage="d:\actions-runner\_work\xpco\xpco\mip\platformplugin\videoos.platform\unittest\bin\debug\net472\videoos.platform.tests.dll" id="d4c38e91-653a-61a8-9381-1f7444c31b36">
      <Execution id="edfba1c3-843f-4e9c-9fa0-67b221ea62fd" />
      <TestMethod codeBase="D:\actions-runner\_work\XPCO\XPCO\MIP\PlatformPlugin\VideoOS.Platform\unittest\bin\Debug\net472\VideoOS.Platform.Tests.dll" adapterTypeName="executor://mstestadapter/v2" className="VideoOS.Platform.Tests.Metadata.DisplayColorTests" name="ConstructorArgb_ShouldReturnCorrectArgbValues_Always" />
    </UnitTest>
    <UnitTest name="ReadXml_ShouldIgnoreUnknownAttributes_WhenAlways" storage="d:\actions-runner\_work\xpco\xpco\mip\platformplugin\videoos.platform\unittest\bin\debug\net472\videoos.platform.tests.dll" id="30eb4594-0190-4b3a-1578-17048e926b12">
      <Execution id="a0f4270b-a0aa-405a-a050-e3931bb9fec3" />
      <TestMethod codeBase="D:\actions-runner\_work\XPCO\XPCO\MIP\PlatformPlugin\VideoOS.Platform\unittest\bin\Debug\net472\VideoOS.Platform.Tests.dll" adapterTypeName="executor://mstestadapter/v2" className="VideoOS.Platform.Tests.Metadata.RectangleTests" name="ReadXml_ShouldIgnoreUnknownAttributes_WhenAlways" />
    </UnitTest>
    <UnitTest name="Parse_StringArray" storage="d:\actions-runner\_work\xpco\xpco\mip\platformplugin\videoos.platform\unittest\bin\debug\net472\videoos.platform.tests.dll" id="f0783c93-05f5-3c2a-1813-26adff12a929">
      <Execution id="659dc57b-0496-424c-aeab-452293680df7" />
      <TestMethod codeBase="D:\actions-runner\_work\XPCO\XPCO\MIP\PlatformPlugin\VideoOS.Platform\unittest\bin\Debug\net472\VideoOS.Platform.Tests.dll" adapterTypeName="executor://mstestadapter/v2" className="VideoOS.Platform.Tests.Proxy.RestApi.JsonReaderTests" name="Parse_StringArray" />
    </UnitTest>
    <UnitTest name="GenerateParameters_ShouldWriteResolutionList_WhenResolutionSetIsNotEmpty" storage="d:\actions-runner\_work\xpco\xpco\mip\platformplugin\videoos.platform\unittest\bin\debug\net472\videoos.platform.tests.dll" id="0668f627-8706-4ec9-03ec-e3e79b2c140f">
      <Execution id="dced699f-ea89-4437-b4a4-ebe3777cf411" />
      <TestMethod codeBase="D:\actions-runner\_work\XPCO\XPCO\MIP\PlatformPlugin\VideoOS.Platform\unittest\bin\Debug\net472\VideoOS.Platform.Tests.dll" adapterTypeName="executor://mstestadapter/v2" className="VideoOS.Platform.Tests.Data.CameraDeviceDefinitionTests" name="GenerateParameters_ShouldWriteResolutionList_WhenResolutionSetIsNotEmpty" />
    </UnitTest>
    <UnitTest name="ReadXml_ShouldIgnoreTransformation_WhenTransformationIsPresenWithWrongNamespace" storage="d:\actions-runner\_work\xpco\xpco\mip\platformplugin\videoos.platform\unittest\bin\debug\net472\videoos.platform.tests.dll" id="4b5c9b24-d906-a00f-3905-ed5f0c9f240a">
      <Execution id="76842c94-7d67-4a75-a4eb-3c074915b625" />
      <TestMethod codeBase="D:\actions-runner\_work\XPCO\XPCO\MIP\PlatformPlugin\VideoOS.Platform\unittest\bin\Debug\net472\VideoOS.Platform.Tests.dll" adapterTypeName="executor://mstestadapter/v2" className="VideoOS.Platform.Tests.Metadata.AppearanceTests" name="ReadXml_ShouldIgnoreTransformation_WhenTransformationIsPresenWithWrongNamespace" />
    </UnitTest>
    <UnitTest name="Equals_Fail_OnParentId" storage="d:\actions-runner\_work\xpco\xpco\mip\platformplugin\videoos.platform\unittest\bin\debug\net472\videoos.platform.tests.dll" id="0e72e474-7df2-3dd5-7160-b0a32b2afdd9">
      <Execution id="303fe845-3278-49be-959c-2003eb893ef3" />
      <TestMethod codeBase="D:\actions-runner\_work\XPCO\XPCO\MIP\PlatformPlugin\VideoOS.Platform\unittest\bin\Debug\net472\VideoOS.Platform.Tests.dll" adapterTypeName="executor://mstestadapter/v2" className="VideoOS.Platform.Tests.FQIDtests" name="Equals_Fail_OnParentId" />
    </UnitTest>
    <UnitTest name="Encrypt_ShouldThrowMIPException_WhenCryptographicServiceProviderIsNotAvailable" storage="d:\actions-runner\_work\xpco\xpco\mip\platformplugin\videoos.platform\unittest\bin\debug\net472\videoos.platform.tests.dll" id="893df90f-4ad3-2688-f803-e533f67faf3b">
      <Execution id="6fbc3cd6-385b-4781-b995-38c48a0c2be7" />
      <TestMethod codeBase="D:\actions-runner\_work\XPCO\XPCO\MIP\PlatformPlugin\VideoOS.Platform\unittest\bin\Debug\net472\VideoOS.Platform.Tests.dll" adapterTypeName="executor://mstestadapter/v2" className="VideoOS.Platform.Tests.License.NonFipsLicenseCompatibilityHandlerTests" name="Encrypt_ShouldThrowMIPException_WhenCryptographicServiceProviderIsNotAvailable" />
    </UnitTest>
    <UnitTest name="ParseArgbString_ShouldCreateInstanceWithCorrectARGBValues_WhenFormatIsCorrect" storage="d:\actions-runner\_work\xpco\xpco\mip\platformplugin\videoos.platform\unittest\bin\debug\net472\videoos.platform.tests.dll" id="8f92c43f-5727-bf2b-415e-cb82964ac302">
      <Execution id="d84c51d8-4aae-40b9-a4ab-bc8f62709d84" />
      <TestMethod codeBase="D:\actions-runner\_work\XPCO\XPCO\MIP\PlatformPlugin\VideoOS.Platform\unittest\bin\Debug\net472\VideoOS.Platform.Tests.dll" adapterTypeName="executor://mstestadapter/v2" className="VideoOS.Platform.Tests.Metadata.DisplayColorTests" name="ParseArgbString_ShouldCreateInstanceWithCorrectARGBValues_WhenFormatIsCorrect" />
    </UnitTest>
    <UnitTest name="TestConstructor_ExceptionParameters_Success" storage="d:\actions-runner\_work\xpco\xpco\mip\platformplugin\videoos.platform\unittest\bin\debug\net472\videoos.platform.tests.dll" id="31051539-7cfa-1db5-4cea-df2287622770">
      <Execution id="6815ab67-db79-4aac-a8c5-acd2d81c24b3" />
      <TestMethod codeBase="D:\actions-runner\_work\XPCO\XPCO\MIP\PlatformPlugin\VideoOS.Platform\unittest\bin\Debug\net472\VideoOS.Platform.Tests.dll" adapterTypeName="executor://mstestadapter/v2" className="VideoOS.Platform.Tests.Search.Error.CustomSearchErrorTest" name="TestConstructor_ExceptionParameters_Success" />
    </UnitTest>
    <UnitTest name="Serialize_TestCases (TestParentTypeMatchEnumNotThisTypeMatched)" storage="d:\actions-runner\_work\xpco\xpco\mip\platformplugin\videoos.platform\unittest\bin\debug\net472\videoos.platform.tests.dll" id="81dd526f-aa99-4632-ea5a-436981f22beb">
      <Execution id="9bad70c9-267e-48d2-92e7-829e0be3f8d1" />
      <TestMethod codeBase="D:\actions-runner\_work\XPCO\XPCO\MIP\PlatformPlugin\VideoOS.Platform\unittest\bin\Debug\net472\VideoOS.Platform.Tests.dll" adapterTypeName="executor://mstestadapter/v2" className="VideoOS.Platform.Tests.UI.Controls.Automation.Serialization.AutomationObjectSerializerTest" name="Serialize_TestCases" />
    </UnitTest>
    <UnitTest name="TestConstructor_Success" storage="d:\actions-runner\_work\xpco\xpco\mip\platformplugin\videoos.platform\unittest\bin\debug\net472\videoos.platform.tests.dll" id="5aae0d5c-c153-7620-5b85-675beef30370">
      <Execution id="b074b9f0-26fb-43e9-a492-b287287ae662" />
      <TestMethod codeBase="D:\actions-runner\_work\XPCO\XPCO\MIP\PlatformPlugin\VideoOS.Platform\unittest\bin\Debug\net472\VideoOS.Platform.Tests.dll" adapterTypeName="executor://mstestadapter/v2" className="VideoOS.Platform.Tests.Search.Error.NoItemsSupportedSearchErrorTest" name="TestConstructor_Success" />
    </UnitTest>
    <UnitTest name="GetChildItems_ShouldReturnItems_WhenAllForParentAreAdded" storage="d:\actions-runner\_work\xpco\xpco\mip\platformplugin\videoos.platform\unittest\bin\debug\net472\videoos.platform.tests.dll" id="0ef6c2b0-c03c-b1c8-fd6f-4840c4db7605">
      <Execution id="479e1618-91e3-4f63-9ecd-ea4064c2608d" />
      <TestMethod codeBase="D:\actions-runner\_work\XPCO\XPCO\MIP\PlatformPlugin\VideoOS.Platform\unittest\bin\Debug\net472\VideoOS.Platform.Tests.dll" adapterTypeName="executor://mstestadapter/v2" className="VideoOS.Platform.Tests.Util.ConfigurationCacheTests" name="GetChildItems_ShouldReturnItems_WhenAllForParentAreAdded" />
    </UnitTest>
    <UnitTest name="IconOverlay_VaryingOverlays_Success" storage="d:\actions-runner\_work\xpco\xpco\mip\platformplugin\videoos.platform\unittest\bin\debug\net472\videoos.platform.tests.dll" id="9f4b8baa-3d93-c3b8-cb10-c40ec85c9336">
      <Execution id="e8655f9c-0d76-4581-9e44-6402ae01cf4e" />
      <TestMethod codeBase="D:\actions-runner\_work\XPCO\XPCO\MIP\PlatformPlugin\VideoOS.Platform\unittest\bin\Debug\net472\VideoOS.Platform.Tests.dll" adapterTypeName="executor://mstestadapter/v2" className="VideoOS.Platform.Tests.ItemTests" name="IconOverlay_VaryingOverlays_Success" />
    </UnitTest>
    <UnitTest name="WriteXml_ShouldWriteTranslateContents_WhenTranslateIsNotNull" storage="d:\actions-runner\_work\xpco\xpco\mip\platformplugin\videoos.platform\unittest\bin\debug\net472\videoos.platform.tests.dll" id="5d3ae8cd-0741-cea7-50c0-7e2ff7ad47a7">
      <Execution id="ed5f2524-16a7-4b8e-8d1c-028d9ec7eddf" />
      <TestMethod codeBase="D:\actions-runner\_work\XPCO\XPCO\MIP\PlatformPlugin\VideoOS.Platform\unittest\bin\Debug\net472\VideoOS.Platform.Tests.dll" adapterTypeName="executor://mstestadapter/v2" className="VideoOS.Platform.Tests.Metadata.TransformationTests" name="WriteXml_ShouldWriteTranslateContents_WhenTranslateIsNotNull" />
    </UnitTest>
    <UnitTest name="TestConstructor_Success" storage="d:\actions-runner\_work\xpco\xpco\mip\platformplugin\videoos.platform\unittest\bin\debug\net472\videoos.platform.tests.dll" id="e734e722-c897-0ccb-6f21-a044403c8cd2">
      <Execution id="51153be2-7c65-4192-aaf0-39269f028d5d" />
      <TestMethod codeBase="D:\actions-runner\_work\XPCO\XPCO\MIP\PlatformPlugin\VideoOS.Platform\unittest\bin\Debug\net472\VideoOS.Platform.Tests.dll" adapterTypeName="executor://mstestadapter/v2" className="VideoOS.Platform.Tests.Search.Error.UnknownSearchErrorTest" name="TestConstructor_Success" />
    </UnitTest>
    <UnitTest name="Convert_SingleArgumentConverter_ShouldAllowNullValue_WhenArgumentIsReferenceType" storage="d:\actions-runner\_work\xpco\xpco\mip\platformplugin\videoos.platform\unittest\bin\debug\net472\videoos.platform.tests.dll" id="43f214ef-30cf-ba92-5a64-f56ecf6591a8">
      <Execution id="5bce330b-c76e-4fbd-b6aa-9f78768e8481" />
      <TestMethod codeBase="D:\actions-runner\_work\XPCO\XPCO\MIP\PlatformPlugin\VideoOS.Platform\unittest\bin\Debug\net472\VideoOS.Platform.Tests.dll" adapterTypeName="executor://mstestadapter/v2" className="VideoOS.Platform.Tests.UI.Converters.LambdaConverterTest" name="Convert_SingleArgumentConverter_ShouldAllowNullValue_WhenArgumentIsReferenceType" />
    </UnitTest>
    <UnitTest name="GenerateParameters_ShouldWriteGopRange_WhenGopRangeIsNotNull" storage="d:\actions-runner\_work\xpco\xpco\mip\platformplugin\videoos.platform\unittest\bin\debug\net472\videoos.platform.tests.dll" id="b2538acc-438d-df18-2761-19b1ee3522d9">
      <Execution id="e5e44286-424a-4340-8ebf-b1b5759ca848" />
      <TestMethod codeBase="D:\actions-runner\_work\XPCO\XPCO\MIP\PlatformPlugin\VideoOS.Platform\unittest\bin\Debug\net472\VideoOS.Platform.Tests.dll" adapterTypeName="executor://mstestadapter/v2" className="VideoOS.Platform.Tests.Data.CameraDeviceDefinitionTests" name="GenerateParameters_ShouldWriteGopRange_WhenGopRangeIsNotNull" />
    </UnitTest>
    <UnitTest name="Equals_Fail_OnServerIdNull" storage="d:\actions-runner\_work\xpco\xpco\mip\platformplugin\videoos.platform\unittest\bin\debug\net472\videoos.platform.tests.dll" id="9fd340a4-bdf1-80dc-4aa5-677b8c727a2b">
      <Execution id="9154e706-07ee-4f8b-b440-31450d717556" />
      <TestMethod codeBase="D:\actions-runner\_work\XPCO\XPCO\MIP\PlatformPlugin\VideoOS.Platform\unittest\bin\Debug\net472\VideoOS.Platform.Tests.dll" adapterTypeName="executor://mstestadapter/v2" className="VideoOS.Platform.Tests.FQIDtests" name="Equals_Fail_OnServerIdNull" />
    </UnitTest>
    <UnitTest name="Remove_ItemNotInQueue_NoChange" storage="d:\actions-runner\_work\xpco\xpco\mip\platformplugin\videoos.platform\unittest\bin\debug\net472\videoos.platform.tests.dll" id="6c89edff-e640-ffef-eff3-e38e5c9bbb28">
      <Execution id="35797f86-fe5e-4439-8b06-1b4c9ecc23c7" />
      <TestMethod codeBase="D:\actions-runner\_work\XPCO\XPCO\MIP\PlatformPlugin\VideoOS.Platform\unittest\bin\Debug\net472\VideoOS.Platform.Tests.dll" adapterTypeName="executor://mstestadapter/v2" className="VideoOS.Platform.Tests.Util.Queue.ConcurrentQueueSlimTests" name="Remove_ItemNotInQueue_NoChange" />
    </UnitTest>
    <UnitTest name="ReadXml_ShouldLogWarning_WhenFrameDidNotReadUtcTime" storage="d:\actions-runner\_work\xpco\xpco\mip\platformplugin\videoos.platform\unittest\bin\debug\net472\videoos.platform.tests.dll" id="702f283c-acf3-b66b-da58-6b428c67206f">
      <Execution id="b0161767-ac4b-44a5-b2fd-c2d95573b163" />
      <TestMethod codeBase="D:\actions-runner\_work\XPCO\XPCO\MIP\PlatformPlugin\VideoOS.Platform\unittest\bin\Debug\net472\VideoOS.Platform.Tests.dll" adapterTypeName="executor://mstestadapter/v2" className="VideoOS.Platform.Tests.Metadata.VideoAnalyticsTests" name="ReadXml_ShouldLogWarning_WhenFrameDidNotReadUtcTime" />
    </UnitTest>
    <UnitTest name="Serialize_TestCases (TestParentTypeMatchInterfaceNotThisTypeMatchedProperty)" storage="d:\actions-runner\_work\xpco\xpco\mip\platformplugin\videoos.platform\unittest\bin\debug\net472\videoos.platform.tests.dll" id="70b285fc-710a-f379-d65f-f5e6f4c70eac">
      <Execution id="255ee0e9-ce28-4185-9688-28ab1480294a" />
      <TestMethod codeBase="D:\actions-runner\_work\XPCO\XPCO\MIP\PlatformPlugin\VideoOS.Platform\unittest\bin\Debug\net472\VideoOS.Platform.Tests.dll" adapterTypeName="executor://mstestadapter/v2" className="VideoOS.Platform.Tests.UI.Controls.Automation.Serialization.AutomationObjectSerializerTest" name="Serialize_TestCases" />
    </UnitTest>
    <UnitTest name="ProvideValue_ShouldUseItemContentTemplate_WhenContentTemplateIsSetOnDropDownAndOnItem" storage="d:\actions-runner\_work\xpco\xpco\mip\platformplugin\videoos.platform\unittest\bin\debug\net472\videoos.platform.tests.dll" id="14a48fdf-998f-a4a7-ad0a-dfa3e87104de">
      <TestCategory>
        <TestCategoryItem TestCategory="DropDowns" />
      </TestCategory>
      <Execution id="7dff694d-58ec-4320-810b-e19c007b7e5c" />
      <TestMethod codeBase="D:\actions-runner\_work\XPCO\XPCO\MIP\PlatformPlugin\VideoOS.Platform\unittest\bin\Debug\net472\VideoOS.Platform.Tests.dll" adapterTypeName="executor://mstestadapter/v2" className="VideoOS.Platform.Tests.UI.Controls.DropDowns.Internal.SelectedItemContentTemplateExtensionTest" name="ProvideValue_ShouldUseItemContentTemplate_WhenContentTemplateIsSetOnDropDownAndOnItem" />
    </UnitTest>
    <UnitTest name="GetPrevious_ShouldReturnNull_WhenThereIsNoPrevoiusEntryAfterCallToFindCacheEntryBefore" storage="d:\actions-runner\_work\xpco\xpco\mip\platformplugin\videoos.platform\unittest\bin\debug\net472\videoos.platform.tests.dll" id="708c93d9-3b87-f482-2b59-76adaefd6f67">
      <Execution id="e9844e40-e2f7-43aa-968f-ce4ceac4d42b" />
      <TestMethod codeBase="D:\actions-runner\_work\XPCO\XPCO\MIP\PlatformPlugin\VideoOS.Platform\unittest\bin\Debug\net472\VideoOS.Platform.Tests.dll" adapterTypeName="executor://mstestadapter/v2" className="VideoOS.Platform.Tests.Data.MetadataCacheTests" name="GetPrevious_ShouldReturnNull_WhenThereIsNoPrevoiusEntryAfterCallToFindCacheEntryBefore" />
    </UnitTest>
    <UnitTest name="Stop_ShouldReinitializeThrowsException_ProcessorSurvives" storage="d:\actions-runner\_work\xpco\xpco\mip\platformplugin\videoos.platform\unittest\bin\debug\net472\videoos.platform.tests.dll" id="aa967bfa-3977-123e-a321-b0953779e966">
      <Execution id="494f531b-1a05-419c-9701-e73b1dedfeea" />
      <TestMethod codeBase="D:\actions-runner\_work\XPCO\XPCO\MIP\PlatformPlugin\VideoOS.Platform\unittest\bin\Debug\net472\VideoOS.Platform.Tests.dll" adapterTypeName="executor://mstestadapter/v2" className="VideoOS.Platform.Tests.Util.Queue.ResourceProcessorTests" name="Stop_ShouldReinitializeThrowsException_ProcessorSurvives" />
    </UnitTest>
    <UnitTest name="TestConstructor_NullExceptionParameters_Failure" storage="d:\actions-runner\_work\xpco\xpco\mip\platformplugin\videoos.platform\unittest\bin\debug\net472\videoos.platform.tests.dll" id="bbdf2549-aad3-7a58-579e-b0fce02debdf">
      <Execution id="c09ac73b-8531-4a6e-b68f-bacee2fd1730" />
      <TestMethod codeBase="D:\actions-runner\_work\XPCO\XPCO\MIP\PlatformPlugin\VideoOS.Platform\unittest\bin\Debug\net472\VideoOS.Platform.Tests.dll" adapterTypeName="executor://mstestadapter/v2" className="VideoOS.Platform.Tests.Search.Error.CustomSearchErrorTest" name="TestConstructor_NullExceptionParameters_Failure" />
    </UnitTest>
    <UnitTest name="ServerIdWithHttpAsDefault_Construct_Success" storage="d:\actions-runner\_work\xpco\xpco\mip\platformplugin\videoos.platform\unittest\bin\debug\net472\videoos.platform.tests.dll" id="1b922494-8fe6-7989-fdba-e8485055ed6f">
      <Execution id="123118d6-c459-440d-80b0-0f6ce6a737fc" />
      <TestMethod codeBase="D:\actions-runner\_work\XPCO\XPCO\MIP\PlatformPlugin\VideoOS.Platform\unittest\bin\Debug\net472\VideoOS.Platform.Tests.dll" adapterTypeName="executor://mstestadapter/v2" className="VideoOS.Platform.Tests.FQIDtests" name="ServerIdWithHttpAsDefault_Construct_Success" />
    </UnitTest>
    <UnitTest name="ClearFilterValues_NullFilter_Throws" storage="d:\actions-runner\_work\xpco\xpco\mip\platformplugin\videoos.platform\unittest\bin\debug\net472\videoos.platform.tests.dll" id="2d7b55ce-f568-7dde-659b-5f6dd5c4e10b">
      <TestCategory>
        <TestCategoryItem TestCategory="Search" />
      </TestCategory>
      <Execution id="fa47e466-8f69-4b94-bbf7-06734a004a10" />
      <TestMethod codeBase="D:\actions-runner\_work\XPCO\XPCO\MIP\PlatformPlugin\VideoOS.Platform\unittest\bin\Debug\net472\VideoOS.Platform.Tests.dll" adapterTypeName="executor://mstestadapter/v2" className="VideoOS.Platform.Tests.Search.SearchCriteriaTest" name="ClearFilterValues_NullFilter_Throws" />
    </UnitTest>
    <UnitTest name="Serialize_TestCases (TestParentTypeMatchInterfaceThisTypeNotMatched)" storage="d:\actions-runner\_work\xpco\xpco\mip\platformplugin\videoos.platform\unittest\bin\debug\net472\videoos.platform.tests.dll" id="3363df9c-1686-e3c9-673a-c7382ed08e03">
      <Execution id="e5ea59da-edc6-45eb-a379-8a9e223fa9c0" />
      <TestMethod codeBase="D:\actions-runner\_work\XPCO\XPCO\MIP\PlatformPlugin\VideoOS.Platform\unittest\bin\Debug\net472\VideoOS.Platform.Tests.dll" adapterTypeName="executor://mstestadapter/v2" className="VideoOS.Platform.Tests.UI.Controls.Automation.Serialization.AutomationObjectSerializerTest" name="Serialize_TestCases" />
    </UnitTest>
    <UnitTest name="GetPrevious_ShouldReturnNull_WhenFirstEntryWasCalled" storage="d:\actions-runner\_work\xpco\xpco\mip\platformplugin\videoos.platform\unittest\bin\debug\net472\videoos.platform.tests.dll" id="7c55a314-e50c-cf7f-eb2f-1d2ce3940e80">
      <Execution id="43efdd24-f323-4efe-b570-607b0be81dae" />
      <TestMethod codeBase="D:\actions-runner\_work\XPCO\XPCO\MIP\PlatformPlugin\VideoOS.Platform\unittest\bin\Debug\net472\VideoOS.Platform.Tests.dll" adapterTypeName="executor://mstestadapter/v2" className="VideoOS.Platform.Tests.Data.MetadataCacheTests" name="GetPrevious_ShouldReturnNull_WhenFirstEntryWasCalled" />
    </UnitTest>
    <UnitTest name="Append_Element_KeyBackSlashString" storage="d:\actions-runner\_work\xpco\xpco\mip\platformplugin\videoos.platform\unittest\bin\debug\net472\videoos.platform.tests.dll" id="90a2670f-70e3-342d-ffb1-12b2148b7041">
      <Execution id="67134a64-a006-4bd3-9f5c-3124bcf133d2" />
      <TestMethod codeBase="D:\actions-runner\_work\XPCO\XPCO\MIP\PlatformPlugin\VideoOS.Platform\unittest\bin\Debug\net472\VideoOS.Platform.Tests.dll" adapterTypeName="executor://mstestadapter/v2" className="VideoOS.Platform.Tests.Proxy.RestApi.JsonBuilderTests" name="Append_Element_KeyBackSlashString" />
    </UnitTest>
    <UnitTest name="Equals_ShouldHaveValueSemantics_WhenAlways" storage="d:\actions-runner\_work\xpco\xpco\mip\platformplugin\videoos.platform\unittest\bin\debug\net472\videoos.platform.tests.dll" id="5f1d3042-4664-b398-297d-153c346ec0d1">
      <Execution id="5e23c191-582d-4fd3-8dcb-cbda0bf93777" />
      <TestMethod codeBase="D:\actions-runner\_work\XPCO\XPCO\MIP\PlatformPlugin\VideoOS.Platform\unittest\bin\Debug\net472\VideoOS.Platform.Tests.dll" adapterTypeName="executor://mstestadapter/v2" className="VideoOS.Platform.Tests.Metadata.ClassCandidateTests" name="Equals_ShouldHaveValueSemantics_WhenAlways" />
    </UnitTest>
    <UnitTest name="ReadXml_ShouldLogWarning_WhenLikelihoodIsNotANumber" storage="d:\actions-runner\_work\xpco\xpco\mip\platformplugin\videoos.platform\unittest\bin\debug\net472\videoos.platform.tests.dll" id="dccf2726-dfd0-7d43-4aa6-126f8354b46b">
      <Execution id="470fd1ff-0203-4a4b-ae7f-ce399b7b6ccb" />
      <TestMethod codeBase="D:\actions-runner\_work\XPCO\XPCO\MIP\PlatformPlugin\VideoOS.Platform\unittest\bin\Debug\net472\VideoOS.Platform.Tests.dll" adapterTypeName="executor://mstestadapter/v2" className="VideoOS.Platform.Tests.Metadata.ClassCandidateTests" name="ReadXml_ShouldLogWarning_WhenLikelihoodIsNotANumber" />
    </UnitTest>
    <UnitTest name="TestSearchFilterCategories_WithOneAgentThrowingException_Success" storage="d:\actions-runner\_work\xpco\xpco\mip\platformplugin\videoos.platform\unittest\bin\debug\net472\videoos.platform.tests.dll" id="3d1a6672-4657-c0b5-09b7-40d121d78ad6">
      <TestCategory>
        <TestCategoryItem TestCategory="Search" />
      </TestCategory>
      <Execution id="d4954011-3d4c-4ef7-94ce-298ed665221b" />
      <TestMethod codeBase="D:\actions-runner\_work\XPCO\XPCO\MIP\PlatformPlugin\VideoOS.Platform\unittest\bin\Debug\net472\VideoOS.Platform.Tests.dll" adapterTypeName="executor://mstestadapter/v2" className="VideoOS.Platform.Tests.Search.SearchManagerTest" name="TestSearchFilterCategories_WithOneAgentThrowingException_Success" />
    </UnitTest>
    <UnitTest name="ReadXml_ShouldLogWarningTwiceWhenMoreThanOneMinuteBetweenWarnings_WhenBoundingBoxIsIncomplete" storage="d:\actions-runner\_work\xpco\xpco\mip\platformplugin\videoos.platform\unittest\bin\debug\net472\videoos.platform.tests.dll" id="2813fb62-7764-a6ad-5950-42865213a523">
      <Execution id="0309965f-2016-4f2c-8324-2e78cc84fc97" />
      <TestMethod codeBase="D:\actions-runner\_work\XPCO\XPCO\MIP\PlatformPlugin\VideoOS.Platform\unittest\bin\Debug\net472\VideoOS.Platform.Tests.dll" adapterTypeName="executor://mstestadapter/v2" className="VideoOS.Platform.Tests.Metadata.ShapeTests" name="ReadXml_ShouldLogWarningTwiceWhenMoreThanOneMinuteBetweenWarnings_WhenBoundingBoxIsIncomplete" />
    </UnitTest>
    <UnitTest name="ToString_MipItemSet_Has_Value" storage="d:\actions-runner\_work\xpco\xpco\mip\platformplugin\videoos.platform\unittest\bin\debug\net472\videoos.platform.tests.dll" id="0be364f3-65a8-13b6-624b-a54197fbf75c">
      <Execution id="7316fa1c-b248-450c-9a4b-a8478a90a5a7" />
      <TestMethod codeBase="D:\actions-runner\_work\XPCO\XPCO\MIP\PlatformPlugin\VideoOS.Platform\unittest\bin\Debug\net472\VideoOS.Platform.Tests.dll" adapterTypeName="executor://mstestadapter/v2" className="VideoOS.Platform.Tests.UI.ItemPicker.ItemViewModelTest" name="ToString_MipItemSet_Has_Value" />
    </UnitTest>
    <UnitTest name="ReadXml_ShouldIgnoreTranslate_WhenTranslateIsPresentWithWrongNamespace" storage="d:\actions-runner\_work\xpco\xpco\mip\platformplugin\videoos.platform\unittest\bin\debug\net472\videoos.platform.tests.dll" id="f278ce31-b96d-473d-9186-28e37d813604">
      <Execution id="ffa683da-fbc0-433f-a3f4-03a8fa753c77" />
      <TestMethod codeBase="D:\actions-runner\_work\XPCO\XPCO\MIP\PlatformPlugin\VideoOS.Platform\unittest\bin\Debug\net472\VideoOS.Platform.Tests.dll" adapterTypeName="executor://mstestadapter/v2" className="VideoOS.Platform.Tests.Metadata.TransformationTests" name="ReadXml_ShouldIgnoreTranslate_WhenTranslateIsPresentWithWrongNamespace" />
    </UnitTest>
    <UnitTest name="CreateSearchResultUserControl_SinglePlugin_Success" storage="d:\actions-runner\_work\xpco\xpco\mip\platformplugin\videoos.platform\unittest\bin\debug\net472\videoos.platform.tests.dll" id="2a445259-81b4-7d21-8522-cb29686e8b5b">
      <TestCategory>
        <TestCategoryItem TestCategory="Search" />
      </TestCategory>
      <Execution id="39bc4dd6-5d40-488b-88b1-61fb03045681" />
      <TestMethod codeBase="D:\actions-runner\_work\XPCO\XPCO\MIP\PlatformPlugin\VideoOS.Platform\unittest\bin\Debug\net472\VideoOS.Platform.Tests.dll" adapterTypeName="executor://mstestadapter/v2" className="VideoOS.Platform.Tests.Search.SearchUserControlResolverTest" name="CreateSearchResultUserControl_SinglePlugin_Success" />
    </UnitTest>
    <UnitTest name="Close_ScopeChangedEventHandlerSet_EventHandlerRemoved" storage="d:\actions-runner\_work\xpco\xpco\mip\platformplugin\videoos.platform\unittest\bin\debug\net472\videoos.platform.tests.dll" id="34c289c0-6cda-cf85-24b7-8d07bcc44948">
      <TestCategory>
        <TestCategoryItem TestCategory="Search" />
      </TestCategory>
      <Execution id="c6d43d7e-25be-440e-80c5-f2db16d8caba" />
      <TestMethod codeBase="D:\actions-runner\_work\XPCO\XPCO\MIP\PlatformPlugin\VideoOS.Platform\unittest\bin\Debug\net472\VideoOS.Platform.Tests.dll" adapterTypeName="executor://mstestadapter/v2" className="VideoOS.Platform.Tests.Search.SearchCriteriaTest" name="Close_ScopeChangedEventHandlerSet_EventHandlerRemoved" />
    </UnitTest>
    <UnitTest name="ReadXml_ShouldSetIsIdle_WhenIdleElementIsPresentWithCorrectNamespace" storage="d:\actions-runner\_work\xpco\xpco\mip\platformplugin\videoos.platform\unittest\bin\debug\net472\videoos.platform.tests.dll" id="f66cd845-32f8-8293-9ecc-cb3301f62262">
      <Execution id="01669d9c-9c4b-4c38-a4d8-8b66f6277134" />
      <TestMethod codeBase="D:\actions-runner\_work\XPCO\XPCO\MIP\PlatformPlugin\VideoOS.Platform\unittest\bin\Debug\net472\VideoOS.Platform.Tests.dll" adapterTypeName="executor://mstestadapter/v2" className="VideoOS.Platform.Tests.Metadata.BehaviourTests" name="ReadXml_ShouldSetIsIdle_WhenIdleElementIsPresentWithCorrectNamespace" />
    </UnitTest>
    <UnitTest name="Serialize_ShouldHandleCollectionFilter_WhenMatchingCollectionItemsTypeAndItMatchesNone" storage="d:\actions-runner\_work\xpco\xpco\mip\platformplugin\videoos.platform\unittest\bin\debug\net472\videoos.platform.tests.dll" id="8938eaaa-10f4-1d84-a810-d332ab0c7421">
      <Execution id="c7e95040-e1ad-4576-8180-b9cfdee00b1e" />
      <TestMethod codeBase="D:\actions-runner\_work\XPCO\XPCO\MIP\PlatformPlugin\VideoOS.Platform\unittest\bin\Debug\net472\VideoOS.Platform.Tests.dll" adapterTypeName="executor://mstestadapter/v2" className="VideoOS.Platform.Tests.UI.Controls.Automation.Serialization.AutomationObjectSerializerTypeFilterTests" name="Serialize_ShouldHandleCollectionFilter_WhenMatchingCollectionItemsTypeAndItMatchesNone" />
    </UnitTest>
    <UnitTest name="IsEmptyValue_StringFilterValue_WithCharacters_ReturnsFalse" storage="d:\actions-runner\_work\xpco\xpco\mip\platformplugin\videoos.platform\unittest\bin\debug\net472\videoos.platform.tests.dll" id="fc700c0a-f7f2-a9aa-c628-23e607736cb2">
      <TestCategory>
        <TestCategoryItem TestCategory="Search" />
      </TestCategory>
      <Execution id="54543b95-40d2-4f65-9240-3d02640f080d" />
      <TestMethod codeBase="D:\actions-runner\_work\XPCO\XPCO\MIP\PlatformPlugin\VideoOS.Platform\unittest\bin\Debug\net472\VideoOS.Platform.Tests.dll" adapterTypeName="executor://mstestadapter/v2" className="VideoOS.Platform.Tests.Search.SearchFilterTest" name="IsEmptyValue_StringFilterValue_WithCharacters_ReturnsFalse" />
    </UnitTest>
    <UnitTest name="Serialize_TestCases (Verify root Interface (null) property get property value)" storage="d:\actions-runner\_work\xpco\xpco\mip\platformplugin\videoos.platform\unittest\bin\debug\net472\videoos.platform.tests.dll" id="be9afefd-3e5c-30aa-4b57-e6076c69f81c">
      <Execution id="07a051c6-7b19-46ba-b1f6-dc9a41fcb10f" />
      <TestMethod codeBase="D:\actions-runner\_work\XPCO\XPCO\MIP\PlatformPlugin\VideoOS.Platform\unittest\bin\Debug\net472\VideoOS.Platform.Tests.dll" adapterTypeName="executor://mstestadapter/v2" className="VideoOS.Platform.Tests.UI.Controls.Automation.Serialization.AutomationObjectSerializerTest" name="Serialize_TestCases" />
    </UnitTest>
    <UnitTest name="GetParent_OfPreset_Check" storage="d:\actions-runner\_work\xpco\xpco\mip\platformplugin\videoos.platform\unittest\bin\debug\net472\videoos.platform.tests.dll" id="21a0d29c-e94f-b292-af3e-a395eaa62ce5">
      <Execution id="6e7559a8-49e1-4709-b3d9-0f4c8b859da1" />
      <TestMethod codeBase="D:\actions-runner\_work\XPCO\XPCO\MIP\PlatformPlugin\VideoOS.Platform\unittest\bin\Debug\net472\VideoOS.Platform.Tests.dll" adapterTypeName="executor://mstestadapter/v2" className="VideoOS.Platform.Tests.ItemTests" name="GetParent_OfPreset_Check" />
    </UnitTest>
    <UnitTest name="TestStartSearch_MultipleSearchesOnSameDefinition_Success" storage="d:\actions-runner\_work\xpco\xpco\mip\platformplugin\videoos.platform\unittest\bin\debug\net472\videoos.platform.tests.dll" id="01189ec3-4c33-3643-ad1a-50e739d11dfb">
      <TestCategory>
        <TestCategoryItem TestCategory="Search" />
      </TestCategory>
      <Execution id="19cbc940-d986-4fc1-bfc7-234912d4c2f1" />
      <TestMethod codeBase="D:\actions-runner\_work\XPCO\XPCO\MIP\PlatformPlugin\VideoOS.Platform\unittest\bin\Debug\net472\VideoOS.Platform.Tests.dll" adapterTypeName="executor://mstestadapter/v2" className="VideoOS.Platform.Tests.Search.SearchManagerTest" name="TestStartSearch_MultipleSearchesOnSameDefinition_Success" />
    </UnitTest>
    <UnitTest name="Parse_String_WithBlankChars" storage="d:\actions-runner\_work\xpco\xpco\mip\platformplugin\videoos.platform\unittest\bin\debug\net472\videoos.platform.tests.dll" id="b393858d-872b-e354-eb53-3b8e5bbfc7bb">
      <Execution id="afc8907b-686e-43a8-aa49-2e6b591f7fad" />
      <TestMethod codeBase="D:\actions-runner\_work\XPCO\XPCO\MIP\PlatformPlugin\VideoOS.Platform\unittest\bin\Debug\net472\VideoOS.Platform.Tests.dll" adapterTypeName="executor://mstestadapter/v2" className="VideoOS.Platform.Tests.Proxy.RestApi.JsonReaderTests" name="Parse_String_WithBlankChars" />
    </UnitTest>
    <UnitTest name="ReadXml_ShouldReadBoundingBoxContents_WhenBoundingBoxIsPresent" storage="d:\actions-runner\_work\xpco\xpco\mip\platformplugin\videoos.platform\unittest\bin\debug\net472\videoos.platform.tests.dll" id="8bd9e66b-afe5-6a6c-4e29-a0b4f0e39174">
      <Execution id="291ec2ab-a0de-4a0d-9231-bdd7c58d2b63" />
      <TestMethod codeBase="D:\actions-runner\_work\XPCO\XPCO\MIP\PlatformPlugin\VideoOS.Platform\unittest\bin\Debug\net472\VideoOS.Platform.Tests.dll" adapterTypeName="executor://mstestadapter/v2" className="VideoOS.Platform.Tests.Metadata.ShapeTests" name="ReadXml_ShouldReadBoundingBoxContents_WhenBoundingBoxIsPresent" />
    </UnitTest>
    <UnitTest name="TestConstructor_Success" storage="d:\actions-runner\_work\xpco\xpco\mip\platformplugin\videoos.platform\unittest\bin\debug\net472\videoos.platform.tests.dll" id="ef9bc618-0b6a-337d-f408-8cefa3f67ba7">
      <TestCategory>
        <TestCategoryItem TestCategory="Search" />
      </TestCategory>
      <Execution id="9dfccd5d-d7ab-47b0-b0cd-515535a22e1c" />
      <TestMethod codeBase="D:\actions-runner\_work\XPCO\XPCO\MIP\PlatformPlugin\VideoOS.Platform\unittest\bin\Debug\net472\VideoOS.Platform.Tests.dll" adapterTypeName="executor://mstestadapter/v2" className="VideoOS.Platform.Tests.Search.SearchManagerTest" name="TestConstructor_Success" />
    </UnitTest>
    <UnitTest name="AddFilterValue_NonExistingValue_NullFilter_Throws" storage="d:\actions-runner\_work\xpco\xpco\mip\platformplugin\videoos.platform\unittest\bin\debug\net472\videoos.platform.tests.dll" id="bfd791d4-3818-9f2c-b28d-53bbc42d1573">
      <TestCategory>
        <TestCategoryItem TestCategory="Search" />
      </TestCategory>
      <Execution id="952f792e-8aa7-4ad1-8fd2-db8b6b0a7652" />
      <TestMethod codeBase="D:\actions-runner\_work\XPCO\XPCO\MIP\PlatformPlugin\VideoOS.Platform\unittest\bin\Debug\net472\VideoOS.Platform.Tests.dll" adapterTypeName="executor://mstestadapter/v2" className="VideoOS.Platform.Tests.Search.SearchCriteriaTest" name="AddFilterValue_NonExistingValue_NullFilter_Throws" />
    </UnitTest>
    <UnitTest name="Parse_blank" storage="d:\actions-runner\_work\xpco\xpco\mip\platformplugin\videoos.platform\unittest\bin\debug\net472\videoos.platform.tests.dll" id="59316a3f-9716-d88f-df45-82d266fba22e">
      <Execution id="dc6646c2-c836-459b-bd5a-f058a90ceadf" />
      <TestMethod codeBase="D:\actions-runner\_work\XPCO\XPCO\MIP\PlatformPlugin\VideoOS.Platform\unittest\bin\Debug\net472\VideoOS.Platform.Tests.dll" adapterTypeName="executor://mstestadapter/v2" className="VideoOS.Platform.Tests.Proxy.RestApi.JsonReaderTests" name="Parse_blank" />
    </UnitTest>
    <UnitTest name="Construction_ParamNullCheck" storage="d:\actions-runner\_work\xpco\xpco\mip\platformplugin\videoos.platform\unittest\bin\debug\net472\videoos.platform.tests.dll" id="b033676b-8032-936f-8e94-1ff7304e27d8">
      <Execution id="5fe8e76e-623c-4cf2-b66e-ef87518685ae" />
      <TestMethod codeBase="D:\actions-runner\_work\XPCO\XPCO\MIP\PlatformPlugin\VideoOS.Platform\unittest\bin\Debug\net472\VideoOS.Platform.Tests.dll" adapterTypeName="executor://mstestadapter/v2" className="VideoOS.Platform.Tests.Proxy.RestApi.JsonReaderTests" name="Construction_ParamNullCheck" />
    </UnitTest>
    <UnitTest name="GetPropertiesAsync_FirstInvocationCancelled_DelegatedToInternalMethodOnce" storage="d:\actions-runner\_work\xpco\xpco\mip\platformplugin\videoos.platform\unittest\bin\debug\net472\videoos.platform.tests.dll" id="9aaf4622-5926-683b-8683-a0f59ca6a06c">
      <TestCategory>
        <TestCategoryItem TestCategory="Search" />
      </TestCategory>
      <Execution id="9833a999-538d-480b-a78d-8b717cf16568" />
      <TestMethod codeBase="D:\actions-runner\_work\XPCO\XPCO\MIP\PlatformPlugin\VideoOS.Platform\unittest\bin\Debug\net472\VideoOS.Platform.Tests.dll" adapterTypeName="executor://mstestadapter/v2" className="VideoOS.Platform.Tests.Search.SearchResultDataTest" name="GetPropertiesAsync_FirstInvocationCancelled_DelegatedToInternalMethodOnce" />
    </UnitTest>
    <UnitTest name="ReadXml_ShouldSetAllFieldsToNull_ThatAreNotPresentInXml" storage="d:\actions-runner\_work\xpco\xpco\mip\platformplugin\videoos.platform\unittest\bin\debug\net472\videoos.platform.tests.dll" id="3c6ec36d-3aca-cc8c-f540-f0674fae16f9">
      <Execution id="0c08c643-c2d6-4bde-af0f-b87406f24595" />
      <TestMethod codeBase="D:\actions-runner\_work\XPCO\XPCO\MIP\PlatformPlugin\VideoOS.Platform\unittest\bin\Debug\net472\VideoOS.Platform.Tests.dll" adapterTypeName="executor://mstestadapter/v2" className="VideoOS.Platform.Tests.Metadata.MetadataStreamTests" name="ReadXml_ShouldSetAllFieldsToNull_ThatAreNotPresentInXml" />
    </UnitTest>
    <UnitTest name="Equals_Success" storage="d:\actions-runner\_work\xpco\xpco\mip\platformplugin\videoos.platform\unittest\bin\debug\net472\videoos.platform.tests.dll" id="35a57cb6-17e3-2864-373a-0a8f0a5d8876">
      <Execution id="2f0e76c8-760a-4023-88d7-b2bb350424e1" />
      <TestMethod codeBase="D:\actions-runner\_work\XPCO\XPCO\MIP\PlatformPlugin\VideoOS.Platform\unittest\bin\Debug\net472\VideoOS.Platform.Tests.dll" adapterTypeName="executor://mstestadapter/v2" className="VideoOS.Platform.Tests.Messaging.CommunicationIdFilterTests" name="Equals_Success" />
    </UnitTest>
    <UnitTest name="Equals_ShouldReturnFalse_WhenOnlyPortNumbersAreDifferent" storage="d:\actions-runner\_work\xpco\xpco\mip\platformplugin\videoos.platform\unittest\bin\debug\net472\videoos.platform.tests.dll" id="ef0bef56-bcca-a24d-f399-eed9eabea4db">
      <Execution id="e537dddd-ca20-4351-9380-5f18796f6f3f" />
      <TestMethod codeBase="D:\actions-runner\_work\XPCO\XPCO\MIP\PlatformPlugin\VideoOS.Platform\unittest\bin\Debug\net472\VideoOS.Platform.Tests.dll" adapterTypeName="executor://mstestadapter/v2" className="VideoOS.Platform.Tests.ServerIdTests" name="Equals_ShouldReturnFalse_WhenOnlyPortNumbersAreDifferent" />
    </UnitTest>
    <UnitTest name="ProvideValue_ShouldUseItemDataValue_WhenItemIsVideoOSDropDownItem" storage="d:\actions-runner\_work\xpco\xpco\mip\platformplugin\videoos.platform\unittest\bin\debug\net472\videoos.platform.tests.dll" id="619f6d51-fe63-6aad-4d71-b62b6294bc5d">
      <TestCategory>
        <TestCategoryItem TestCategory="DropDowns" />
      </TestCategory>
      <Execution id="7d275c42-c0a1-44fe-bcc3-bb3cacc97100" />
      <TestMethod codeBase="D:\actions-runner\_work\XPCO\XPCO\MIP\PlatformPlugin\VideoOS.Platform\unittest\bin\Debug\net472\VideoOS.Platform.Tests.dll" adapterTypeName="executor://mstestadapter/v2" className="VideoOS.Platform.Tests.UI.Controls.DropDowns.Internal.SelectedItemCustomContentDataExtensionTest" name="ProvideValue_ShouldUseItemDataValue_WhenItemIsVideoOSDropDownItem" />
    </UnitTest>
    <UnitTest name="ServerId_ShouldNotReturnNull" storage="d:\actions-runner\_work\xpco\xpco\mip\platformplugin\videoos.platform\unittest\bin\debug\net472\videoos.platform.tests.dll" id="d30c0506-60c3-3624-baf0-3cabb1483786">
      <Execution id="75173d49-c6ba-432d-8a0f-eaa2ac91fb65" />
      <TestMethod codeBase="D:\actions-runner\_work\XPCO\XPCO\MIP\PlatformPlugin\VideoOS.Platform\unittest\bin\Debug\net472\VideoOS.Platform.Tests.dll" adapterTypeName="executor://mstestadapter/v2" className="VideoOS.Platform.Tests.Util.ConfigurationCacheTests" name="ServerId_ShouldNotReturnNull" />
    </UnitTest>
    <UnitTest name="WriteXml_ShouldWriteElementsInCorrectOrder_WhenThereAreElements" storage="d:\actions-runner\_work\xpco\xpco\mip\platformplugin\videoos.platform\unittest\bin\debug\net472\videoos.platform.tests.dll" id="ba5d0a4c-06cb-f46b-47c1-8da0bac9ec51">
      <Execution id="fd931362-aa22-41ff-9bef-90f402ad1e32" />
      <TestMethod codeBase="D:\actions-runner\_work\XPCO\XPCO\MIP\PlatformPlugin\VideoOS.Platform\unittest\bin\Debug\net472\VideoOS.Platform.Tests.dll" adapterTypeName="executor://mstestadapter/v2" className="VideoOS.Platform.Tests.Metadata.AppearanceTests" name="WriteXml_ShouldWriteElementsInCorrectOrder_WhenThereAreElements" />
    </UnitTest>
    <UnitTest name="ReadXml_ShouldReadGeodeticSystem_WhenGeodeticSystemIsPresent" storage="d:\actions-runner\_work\xpco\xpco\mip\platformplugin\videoos.platform\unittest\bin\debug\net472\videoos.platform.tests.dll" id="be95620e-7d9c-a81d-b372-a97d28330950">
      <Execution id="d341ad36-f4f8-4563-8ba1-b75563b37c48" />
      <TestMethod codeBase="D:\actions-runner\_work\XPCO\XPCO\MIP\PlatformPlugin\VideoOS.Platform\unittest\bin\Debug\net472\VideoOS.Platform.Tests.dll" adapterTypeName="executor://mstestadapter/v2" className="VideoOS.Platform.Tests.Metadata.NavigationalDataTests" name="ReadXml_ShouldReadGeodeticSystem_WhenGeodeticSystemIsPresent" />
    </UnitTest>
    <UnitTest name="Items_NullChildItem_ItemNotShown" storage="d:\actions-runner\_work\xpco\xpco\mip\platformplugin\videoos.platform\unittest\bin\debug\net472\videoos.platform.tests.dll" id="1527d9bd-270b-3515-ebaa-bce4928c6e69">
      <Execution id="a0998dac-7a96-4162-92d7-072aa01797f2" />
      <TestMethod codeBase="D:\actions-runner\_work\XPCO\XPCO\MIP\PlatformPlugin\VideoOS.Platform\unittest\bin\Debug\net472\VideoOS.Platform.Tests.dll" adapterTypeName="executor://mstestadapter/v2" className="VideoOS.Platform.Tests.UI.ItemPicker.PopulateThreadTest" name="Items_NullChildItem_ItemNotShown" />
    </UnitTest>
    <UnitTest name="AllowGroupSelectionFalse_SingleSelect_NothingSelected" storage="d:\actions-runner\_work\xpco\xpco\mip\platformplugin\videoos.platform\unittest\bin\debug\net472\videoos.platform.tests.dll" id="3b964bff-d25f-d812-9955-0682bf213291">
      <Execution id="2b7e1b96-7d98-41a9-b260-8e818274a02c" />
      <TestMethod codeBase="D:\actions-runner\_work\XPCO\XPCO\MIP\PlatformPlugin\VideoOS.Platform\unittest\bin\Debug\net472\VideoOS.Platform.Tests.dll" adapterTypeName="executor://mstestadapter/v2" className="VideoOS.Platform.Tests.UI.ItemPicker.ItemPickerViewModelTest" name="AllowGroupSelectionFalse_SingleSelect_NothingSelected" />
    </UnitTest>
    <UnitTest name="Serialize_TestCases (Verify root Collection (not empty) property get property value)" storage="d:\actions-runner\_work\xpco\xpco\mip\platformplugin\videoos.platform\unittest\bin\debug\net472\videoos.platform.tests.dll" id="74b12ceb-cf40-5593-824a-dd52f181db32">
      <Execution id="0233e71b-1319-4324-a193-70d4209ddfc7" />
      <TestMethod codeBase="D:\actions-runner\_work\XPCO\XPCO\MIP\PlatformPlugin\VideoOS.Platform\unittest\bin\Debug\net472\VideoOS.Platform.Tests.dll" adapterTypeName="executor://mstestadapter/v2" className="VideoOS.Platform.Tests.UI.Controls.Automation.Serialization.AutomationObjectSerializerTest" name="Serialize_TestCases" />
    </UnitTest>
    <UnitTest name="IsEmptyValue_SelectionFilterValue_DefaultValue_ReturnsTrue" storage="d:\actions-runner\_work\xpco\xpco\mip\platformplugin\videoos.platform\unittest\bin\debug\net472\videoos.platform.tests.dll" id="57774d4f-0e88-d290-a792-720e504514ba">
      <TestCategory>
        <TestCategoryItem TestCategory="Search" />
      </TestCategory>
      <Execution id="fd490776-97b4-47c5-bab8-a2586634ba81" />
      <TestMethod codeBase="D:\actions-runner\_work\XPCO\XPCO\MIP\PlatformPlugin\VideoOS.Platform\unittest\bin\Debug\net472\VideoOS.Platform.Tests.dll" adapterTypeName="executor://mstestadapter/v2" className="VideoOS.Platform.Tests.Search.SearchFilterTest" name="IsEmptyValue_SelectionFilterValue_DefaultValue_ReturnsTrue" />
    </UnitTest>
    <UnitTest name="Serialize_TestCases (TestParentTypeMatchGenericThisTypeMatchedProperty)" storage="d:\actions-runner\_work\xpco\xpco\mip\platformplugin\videoos.platform\unittest\bin\debug\net472\videoos.platform.tests.dll" id="d086695e-c00a-432a-c87b-c7af0edbcb9d">
      <Execution id="b1891d86-c025-42c3-812e-d2bd4bee027e" />
      <TestMethod codeBase="D:\actions-runner\_work\XPCO\XPCO\MIP\PlatformPlugin\VideoOS.Platform\unittest\bin\Debug\net472\VideoOS.Platform.Tests.dll" adapterTypeName="executor://mstestadapter/v2" className="VideoOS.Platform.Tests.UI.Controls.Automation.Serialization.AutomationObjectSerializerTest" name="Serialize_TestCases" />
    </UnitTest>
    <UnitTest name="ReadyToCloseEvent_OkCommand_SingleSelect_Not_Thrown" storage="d:\actions-runner\_work\xpco\xpco\mip\platformplugin\videoos.platform\unittest\bin\debug\net472\videoos.platform.tests.dll" id="aa5a6ee6-251d-45e9-7756-92ac3de9f3a4">
      <Execution id="fda195cb-760f-491c-b220-aa0b850c93fa" />
      <TestMethod codeBase="D:\actions-runner\_work\XPCO\XPCO\MIP\PlatformPlugin\VideoOS.Platform\unittest\bin\Debug\net472\VideoOS.Platform.Tests.dll" adapterTypeName="executor://mstestadapter/v2" className="VideoOS.Platform.Tests.UI.ItemPicker.ItemPickerWindowViewModelTest" name="ReadyToCloseEvent_OkCommand_SingleSelect_Not_Thrown" />
    </UnitTest>
    <UnitTest name="GetWithDateTime_ShouldEnsureThatFolowingCallToGetNextWorks_WhenDataIsNotInCache" storage="d:\actions-runner\_work\xpco\xpco\mip\platformplugin\videoos.platform\unittest\bin\debug\net472\videoos.platform.tests.dll" id="005c4048-bbfa-5fd2-6e76-51731c50383b">
      <Execution id="f0e092a9-02fd-4a01-817b-2a5e97d2fc35" />
      <TestMethod codeBase="D:\actions-runner\_work\XPCO\XPCO\MIP\PlatformPlugin\VideoOS.Platform\unittest\bin\Debug\net472\VideoOS.Platform.Tests.dll" adapterTypeName="executor://mstestadapter/v2" className="VideoOS.Platform.Tests.Data.MetadataPlaybackSourceTests" name="GetWithDateTime_ShouldEnsureThatFolowingCallToGetNextWorks_WhenDataIsNotInCache" />
    </UnitTest>
    <UnitTest name="SetCacheContents_ShuldInvalidateLastReturnedElementIndexSoGetNextAnd_WhenAlways" storage="d:\actions-runner\_work\xpco\xpco\mip\platformplugin\videoos.platform\unittest\bin\debug\net472\videoos.platform.tests.dll" id="9a2c2caa-e4e4-6aa8-3062-315f42f6a4ed">
      <Execution id="09809469-2802-47c5-9ab8-345b3ad1b2c9" />
      <TestMethod codeBase="D:\actions-runner\_work\XPCO\XPCO\MIP\PlatformPlugin\VideoOS.Platform\unittest\bin\Debug\net472\VideoOS.Platform.Tests.dll" adapterTypeName="executor://mstestadapter/v2" className="VideoOS.Platform.Tests.Data.MetadataCacheTests" name="SetCacheContents_ShuldInvalidateLastReturnedElementIndexSoGetNextAnd_WhenAlways" />
    </UnitTest>
    <UnitTest name="Serialize_TestCases (TestParentTypeMatchDecimalThisTypeNotMatched)" storage="d:\actions-runner\_work\xpco\xpco\mip\platformplugin\videoos.platform\unittest\bin\debug\net472\videoos.platform.tests.dll" id="32b5e401-b422-8929-2a74-c85e3600dd70">
      <Execution id="098b495b-ebae-4827-98d3-46b6bdc17ab8" />
      <TestMethod codeBase="D:\actions-runner\_work\XPCO\XPCO\MIP\PlatformPlugin\VideoOS.Platform\unittest\bin\Debug\net472\VideoOS.Platform.Tests.dll" adapterTypeName="executor://mstestadapter/v2" className="VideoOS.Platform.Tests.UI.Controls.Automation.Serialization.AutomationObjectSerializerTest" name="Serialize_TestCases" />
    </UnitTest>
    <UnitTest name="RegistrationsObjectId_ShouldNotChange" storage="d:\actions-runner\_work\xpco\xpco\mip\platformplugin\videoos.platform\unittest\bin\debug\net472\videoos.platform.tests.dll" id="30519e59-52c0-4abe-69e5-75fce80dd98b">
      <Execution id="5aa9570a-7bb3-4438-b9f1-dbf615032a74" />
      <TestMethod codeBase="D:\actions-runner\_work\XPCO\XPCO\MIP\PlatformPlugin\VideoOS.Platform\unittest\bin\Debug\net472\VideoOS.Platform.Tests.dll" adapterTypeName="executor://mstestadapter/v2" className="VideoOS.Platform.Tests.License.LicenseCompatibilityHandlerTests" name="RegistrationsObjectId_ShouldNotChange" />
    </UnitTest>
    <UnitTest name="AllAttributesWerePresent_ShouldReturnFalse_WhenRightAttributeIsNotAFloat" storage="d:\actions-runner\_work\xpco\xpco\mip\platformplugin\videoos.platform\unittest\bin\debug\net472\videoos.platform.tests.dll" id="3f059c6a-7cda-fa81-0b37-29c0a5c4596b">
      <Execution id="62c19cb2-e204-43f8-9107-8d724d2e9a8e" />
      <TestMethod codeBase="D:\actions-runner\_work\XPCO\XPCO\MIP\PlatformPlugin\VideoOS.Platform\unittest\bin\Debug\net472\VideoOS.Platform.Tests.dll" adapterTypeName="executor://mstestadapter/v2" className="VideoOS.Platform.Tests.Metadata.RectangleTests" name="AllAttributesWerePresent_ShouldReturnFalse_WhenRightAttributeIsNotAFloat" />
    </UnitTest>
    <UnitTest name="ReadXml_ShouldReadBottomAttribute_WhenPresent" storage="d:\actions-runner\_work\xpco\xpco\mip\platformplugin\videoos.platform\unittest\bin\debug\net472\videoos.platform.tests.dll" id="c47cbfb5-8a50-ef76-dc8b-bbbbe83c35f6">
      <Execution id="bf355f46-1002-48a2-9d8f-c5a48e630c00" />
      <TestMethod codeBase="D:\actions-runner\_work\XPCO\XPCO\MIP\PlatformPlugin\VideoOS.Platform\unittest\bin\Debug\net472\VideoOS.Platform.Tests.dll" adapterTypeName="executor://mstestadapter/v2" className="VideoOS.Platform.Tests.Metadata.RectangleTests" name="ReadXml_ShouldReadBottomAttribute_WhenPresent" />
    </UnitTest>
    <UnitTest name="Contains_CameraKind_Checked" storage="d:\actions-runner\_work\xpco\xpco\mip\platformplugin\videoos.platform\unittest\bin\debug\net472\videoos.platform.tests.dll" id="426fd024-0e4c-9e4a-2e43-44c5266f80d0">
      <Execution id="ea07f9c3-4bca-426c-9f0f-36caab5d22ef" />
      <TestMethod codeBase="D:\actions-runner\_work\XPCO\XPCO\MIP\PlatformPlugin\VideoOS.Platform\unittest\bin\Debug\net472\VideoOS.Platform.Tests.dll" adapterTypeName="executor://mstestadapter/v2" className="VideoOS.Platform.Tests.FQIDtests" name="Contains_CameraKind_Checked" />
    </UnitTest>
    <UnitTest name="Serialize_TestCases (TestParentTypeMatchDecimalNotThisTypeMatched)" storage="d:\actions-runner\_work\xpco\xpco\mip\platformplugin\videoos.platform\unittest\bin\debug\net472\videoos.platform.tests.dll" id="c1b640ca-e678-426e-45cc-5191cc545133">
      <Execution id="c7c22a06-9a0e-4bc2-88f0-b11550a1d366" />
      <TestMethod codeBase="D:\actions-runner\_work\XPCO\XPCO\MIP\PlatformPlugin\VideoOS.Platform\unittest\bin\Debug\net472\VideoOS.Platform.Tests.dll" adapterTypeName="executor://mstestadapter/v2" className="VideoOS.Platform.Tests.UI.Controls.Automation.Serialization.AutomationObjectSerializerTest" name="Serialize_TestCases" />
    </UnitTest>
    <UnitTest name="IsValid_ShouldBeSetToTrue_WhenCenterOfGravityIsMissing" storage="d:\actions-runner\_work\xpco\xpco\mip\platformplugin\videoos.platform\unittest\bin\debug\net472\videoos.platform.tests.dll" id="a41a1003-2242-10b8-735d-2b3636a491be">
      <Execution id="24460922-4452-44d4-9797-266210113a6c" />
      <TestMethod codeBase="D:\actions-runner\_work\XPCO\XPCO\MIP\PlatformPlugin\VideoOS.Platform\unittest\bin\Debug\net472\VideoOS.Platform.Tests.dll" adapterTypeName="executor://mstestadapter/v2" className="VideoOS.Platform.Tests.Metadata.ShapeTests" name="IsValid_ShouldBeSetToTrue_WhenCenterOfGravityIsMissing" />
    </UnitTest>
    <UnitTest name="ReadXml_ShouldLogWarning_WhenBoundingBoxIsIncomplete" storage="d:\actions-runner\_work\xpco\xpco\mip\platformplugin\videoos.platform\unittest\bin\debug\net472\videoos.platform.tests.dll" id="55e8e49d-3677-ba1c-fee3-b06a721808bd">
      <Execution id="e946d464-7b6c-44b5-954b-c0ff59169de4" />
      <TestMethod codeBase="D:\actions-runner\_work\XPCO\XPCO\MIP\PlatformPlugin\VideoOS.Platform\unittest\bin\Debug\net472\VideoOS.Platform.Tests.dll" adapterTypeName="executor://mstestadapter/v2" className="VideoOS.Platform.Tests.Metadata.ShapeTests" name="ReadXml_ShouldLogWarning_WhenBoundingBoxIsIncomplete" />
    </UnitTest>
    <UnitTest name="ReadXml_ShouldIgnoreUnknownLikelihoodChildren_WhenUnknownLikelihoodChildrenArePresent" storage="d:\actions-runner\_work\xpco\xpco\mip\platformplugin\videoos.platform\unittest\bin\debug\net472\videoos.platform.tests.dll" id="a0064dcf-0da1-ba4b-2406-1e7e76d7ad3a">
      <Execution id="5544f944-2965-4a1d-95a9-2af0594258d0" />
      <TestMethod codeBase="D:\actions-runner\_work\XPCO\XPCO\MIP\PlatformPlugin\VideoOS.Platform\unittest\bin\Debug\net472\VideoOS.Platform.Tests.dll" adapterTypeName="executor://mstestadapter/v2" className="VideoOS.Platform.Tests.Metadata.ClassCandidateTests" name="ReadXml_ShouldIgnoreUnknownLikelihoodChildren_WhenUnknownLikelihoodChildrenArePresent" />
    </UnitTest>
    <UnitTest name="RemoveItem_AnalyticsEvent_Fail_Blank" storage="d:\actions-runner\_work\xpco\xpco\mip\platformplugin\videoos.platform\unittest\bin\debug\net472\videoos.platform.tests.dll" id="fa0ba56c-3e83-3f1e-d41c-70bf0d206613">
      <Execution id="f36c1976-aa20-451f-8c9b-e0ce21c2dc92" />
      <TestMethod codeBase="D:\actions-runner\_work\XPCO\XPCO\MIP\PlatformPlugin\VideoOS.Platform\unittest\bin\Debug\net472\VideoOS.Platform.Tests.dll" adapterTypeName="executor://mstestadapter/v2" className="VideoOS.Platform.Tests.Proxy.RestApi.RestApiClientDecoratorTests" name="RemoveItem_AnalyticsEvent_Fail_Blank" />
    </UnitTest>
    <UnitTest name="WriteXml_ShouldOmitIsIdleElement_WhenIsIdleIsFalse" storage="d:\actions-runner\_work\xpco\xpco\mip\platformplugin\videoos.platform\unittest\bin\debug\net472\videoos.platform.tests.dll" id="7ebb6f6a-7f5e-646a-c7ce-f4daa5d5c8da">
      <Execution id="be170b82-7dbb-474b-a720-10c5896236d1" />
      <TestMethod codeBase="D:\actions-runner\_work\XPCO\XPCO\MIP\PlatformPlugin\VideoOS.Platform\unittest\bin\Debug\net472\VideoOS.Platform.Tests.dll" adapterTypeName="executor://mstestadapter/v2" className="VideoOS.Platform.Tests.Metadata.BehaviourTests" name="WriteXml_ShouldOmitIsIdleElement_WhenIsIdleIsFalse" />
    </UnitTest>
    <UnitTest name="GenerateEnumValueParameters_ShouldWriteValue_WhenAlways" storage="d:\actions-runner\_work\xpco\xpco\mip\platformplugin\videoos.platform\unittest\bin\debug\net472\videoos.platform.tests.dll" id="a9cb9252-3d98-79fe-629f-64e8ef1da14d">
      <Execution id="d0f9d804-3136-4c8f-be51-cf3883bcbe74" />
      <TestMethod codeBase="D:\actions-runner\_work\XPCO\XPCO\MIP\PlatformPlugin\VideoOS.Platform\unittest\bin\Debug\net472\VideoOS.Platform.Tests.dll" adapterTypeName="executor://mstestadapter/v2" className="VideoOS.Platform.Tests.Data.EnumCapabilityValueTests" name="GenerateEnumValueParameters_ShouldWriteValue_WhenAlways" />
    </UnitTest>
    <UnitTest name="ReadXml_ShouldLogWarningOnlyOnceWithinOneMinute_WhenCenterOfGravityIsIncomplete" storage="d:\actions-runner\_work\xpco\xpco\mip\platformplugin\videoos.platform\unittest\bin\debug\net472\videoos.platform.tests.dll" id="8a8c7432-7378-2ff6-b3a1-a3b7254f4458">
      <Execution id="2a20ad3e-9df6-4752-88dc-f238de70772d" />
      <TestMethod codeBase="D:\actions-runner\_work\XPCO\XPCO\MIP\PlatformPlugin\VideoOS.Platform\unittest\bin\Debug\net472\VideoOS.Platform.Tests.dll" adapterTypeName="executor://mstestadapter/v2" className="VideoOS.Platform.Tests.Metadata.ShapeTests" name="ReadXml_ShouldLogWarningOnlyOnceWithinOneMinute_WhenCenterOfGravityIsIncomplete" />
    </UnitTest>
    <UnitTest name="TestConstructorOverload_NullAgentList_Throws" storage="d:\actions-runner\_work\xpco\xpco\mip\platformplugin\videoos.platform\unittest\bin\debug\net472\videoos.platform.tests.dll" id="af9f1e16-b2b8-175e-5d3f-4c08d3fec0d2">
      <TestCategory>
        <TestCategoryItem TestCategory="Search" />
      </TestCategory>
      <Execution id="bdc5775f-7867-45cb-baf7-5a47e4b088da" />
      <TestMethod codeBase="D:\actions-runner\_work\XPCO\XPCO\MIP\PlatformPlugin\VideoOS.Platform\unittest\bin\Debug\net472\VideoOS.Platform.Tests.dll" adapterTypeName="executor://mstestadapter/v2" className="VideoOS.Platform.Tests.Search.SearchManagerTest" name="TestConstructorOverload_NullAgentList_Throws" />
    </UnitTest>
    <UnitTest name="Serialize_TestCases (TestParentTypeMatchDoubleThisTypeMatched)" storage="d:\actions-runner\_work\xpco\xpco\mip\platformplugin\videoos.platform\unittest\bin\debug\net472\videoos.platform.tests.dll" id="96679b49-92b7-51d9-e879-f6f3b11a1a2d">
      <Execution id="1b45e7bf-4f20-478c-bbfd-ddbae0ab309e" />
      <TestMethod codeBase="D:\actions-runner\_work\XPCO\XPCO\MIP\PlatformPlugin\VideoOS.Platform\unittest\bin\Debug\net472\VideoOS.Platform.Tests.dll" adapterTypeName="executor://mstestadapter/v2" className="VideoOS.Platform.Tests.UI.Controls.Automation.Serialization.AutomationObjectSerializerTest" name="Serialize_TestCases" />
    </UnitTest>
    <UnitTest name="MD5Hex32_ShouldThrowArgumentNullException_WhenInputIsNull" storage="d:\actions-runner\_work\xpco\xpco\mip\platformplugin\videoos.platform\unittest\bin\debug\net472\videoos.platform.tests.dll" id="1482937b-f549-7dda-39ff-c1d0353b5bf2">
      <Execution id="d0313296-5824-4e39-99f5-aa0957094dd6" />
      <TestMethod codeBase="D:\actions-runner\_work\XPCO\XPCO\MIP\PlatformPlugin\VideoOS.Platform\unittest\bin\Debug\net472\VideoOS.Platform.Tests.dll" adapterTypeName="executor://mstestadapter/v2" className="VideoOS.Platform.Tests.Data.MediaProviderInternal.UtilityTests" name="MD5Hex32_ShouldThrowArgumentNullException_WhenInputIsNull" />
    </UnitTest>
    <UnitTest name="GetNearest_ShouldReturnNull_WhenCacheIsEmpty" storage="d:\actions-runner\_work\xpco\xpco\mip\platformplugin\videoos.platform\unittest\bin\debug\net472\videoos.platform.tests.dll" id="76c66eeb-a2f8-48cc-26cc-ff5958f96fde">
      <Execution id="a6a1ce08-bbe1-4cc8-a67d-8e0b3a77eae5" />
      <TestMethod codeBase="D:\actions-runner\_work\XPCO\XPCO\MIP\PlatformPlugin\VideoOS.Platform\unittest\bin\Debug\net472\VideoOS.Platform.Tests.dll" adapterTypeName="executor://mstestadapter/v2" className="VideoOS.Platform.Tests.Data.MetadataCacheTests" name="GetNearest_ShouldReturnNull_WhenCacheIsEmpty" />
    </UnitTest>
    <UnitTest name="ReadXml_ShouldSetAllFieldsToDefaultValues_WhenElementIsEmpty" storage="d:\actions-runner\_work\xpco\xpco\mip\platformplugin\videoos.platform\unittest\bin\debug\net472\videoos.platform.tests.dll" id="1bf83f76-33b3-45e4-acc8-af80bf4d763b">
      <Execution id="77f78677-f387-454a-b776-f156bbd3f303" />
      <TestMethod codeBase="D:\actions-runner\_work\XPCO\XPCO\MIP\PlatformPlugin\VideoOS.Platform\unittest\bin\Debug\net472\VideoOS.Platform.Tests.dll" adapterTypeName="executor://mstestadapter/v2" className="VideoOS.Platform.Tests.Metadata.FrameTests" name="ReadXml_ShouldSetAllFieldsToDefaultValues_WhenElementIsEmpty" />
    </UnitTest>
    <UnitTest name="GenerateDeviceCapabilityParameters_ShouldCallGenerateEnumParametersWithCorrectPrefix_WhenThereAreEnumValues" storage="d:\actions-runner\_work\xpco\xpco\mip\platformplugin\videoos.platform\unittest\bin\debug\net472\videoos.platform.tests.dll" id="33ade990-1ccf-b0cf-8ab5-e10e49ad4630">
      <Execution id="db8c374a-b81d-428d-b30a-90286f520481" />
      <TestMethod codeBase="D:\actions-runner\_work\XPCO\XPCO\MIP\PlatformPlugin\VideoOS.Platform\unittest\bin\Debug\net472\VideoOS.Platform.Tests.dll" adapterTypeName="executor://mstestadapter/v2" className="VideoOS.Platform.Tests.Data.EnumCapabilityTests" name="GenerateDeviceCapabilityParameters_ShouldCallGenerateEnumParametersWithCorrectPrefix_WhenThereAreEnumValues" />
    </UnitTest>
    <UnitTest name="SetEvents_ShouldAddProxyManager_WhenFrameworkElementIsLoaded" storage="d:\actions-runner\_work\xpco\xpco\mip\platformplugin\videoos.platform\unittest\bin\debug\net472\videoos.platform.tests.dll" id="ec920726-a9ee-dd71-1f12-1fd1c5e256bd">
      <TestCategory>
        <TestCategoryItem TestCategory="EventsToCommandMappings" />
      </TestCategory>
      <Execution id="2f5f569b-0302-445f-bac7-cd37d3679919" />
      <TestMethod codeBase="D:\actions-runner\_work\XPCO\XPCO\MIP\PlatformPlugin\VideoOS.Platform\unittest\bin\Debug\net472\VideoOS.Platform.Tests.dll" adapterTypeName="executor://mstestadapter/v2" className="VideoOS.Platform.Tests.UI.Commands.EventsToCommandMappingTest" name="SetEvents_ShouldAddProxyManager_WhenFrameworkElementIsLoaded" />
    </UnitTest>
    <UnitTest name="ConstructWithString_Camera_FieldValues_checked" storage="d:\actions-runner\_work\xpco\xpco\mip\platformplugin\videoos.platform\unittest\bin\debug\net472\videoos.platform.tests.dll" id="8c4ac38a-c3bf-bb60-df07-e7bd10fd1112">
      <Execution id="9785da8e-04b9-4066-ab20-dfce8eba5aa7" />
      <TestMethod codeBase="D:\actions-runner\_work\XPCO\XPCO\MIP\PlatformPlugin\VideoOS.Platform\unittest\bin\Debug\net472\VideoOS.Platform.Tests.dll" adapterTypeName="executor://mstestadapter/v2" className="VideoOS.Platform.Tests.FQIDtests" name="ConstructWithString_Camera_FieldValues_checked" />
    </UnitTest>
    <UnitTest name="GenerateEnumValueParameters_ShouldWriteDisplayName_WhenAlways" storage="d:\actions-runner\_work\xpco\xpco\mip\platformplugin\videoos.platform\unittest\bin\debug\net472\videoos.platform.tests.dll" id="7e72f854-d326-decd-1986-82fb5fe24c7b">
      <Execution id="84737be7-9e10-4c0f-8515-c84536a9d10a" />
      <TestMethod codeBase="D:\actions-runner\_work\XPCO\XPCO\MIP\PlatformPlugin\VideoOS.Platform\unittest\bin\Debug\net472\VideoOS.Platform.Tests.dll" adapterTypeName="executor://mstestadapter/v2" className="VideoOS.Platform.Tests.Data.EnumCapabilityValueTests" name="GenerateEnumValueParameters_ShouldWriteDisplayName_WhenAlways" />
    </UnitTest>
    <UnitTest name="GenerateParameters_ShouldCallGenerateDeviceParametersForCamera_WhenThereAreCameraDevices" storage="d:\actions-runner\_work\xpco\xpco\mip\platformplugin\videoos.platform\unittest\bin\debug\net472\videoos.platform.tests.dll" id="01be5dc2-8974-a781-e346-9997ff0168c6">
      <Execution id="0ab55050-680c-4484-81d3-85e9fa8d1304" />
      <TestMethod codeBase="D:\actions-runner\_work\XPCO\XPCO\MIP\PlatformPlugin\VideoOS.Platform\unittest\bin\Debug\net472\VideoOS.Platform.Tests.dll" adapterTypeName="executor://mstestadapter/v2" className="VideoOS.Platform.Tests.Data.HardwareDefinitionTests" name="GenerateParameters_ShouldCallGenerateDeviceParametersForCamera_WhenThereAreCameraDevices" />
    </UnitTest>
    <UnitTest name="GetNext_ShouldReturnNull_WhenCallToFindCacheEntryBeforeReturnedNull" storage="d:\actions-runner\_work\xpco\xpco\mip\platformplugin\videoos.platform\unittest\bin\debug\net472\videoos.platform.tests.dll" id="134110e6-fb08-89b6-f21b-257fe054fa49">
      <Execution id="24eb3a32-b3a9-4ec5-8e3e-1a1539e3d17e" />
      <TestMethod codeBase="D:\actions-runner\_work\XPCO\XPCO\MIP\PlatformPlugin\VideoOS.Platform\unittest\bin\Debug\net472\VideoOS.Platform.Tests.dll" adapterTypeName="executor://mstestadapter/v2" className="VideoOS.Platform.Tests.Data.MetadataCacheTests" name="GetNext_ShouldReturnNull_WhenCallToFindCacheEntryBeforeReturnedNull" />
    </UnitTest>
    <UnitTest name="SplitString_WhenEmptyOrSpaces1Level_EmptyArray" storage="d:\actions-runner\_work\xpco\xpco\mip\platformplugin\videoos.platform\unittest\bin\debug\net472\videoos.platform.tests.dll" id="94b07cae-507e-90e4-fe2c-918d2724a7bc">
      <Execution id="286a8097-03d6-4356-8bd2-124aef4fae99" />
      <TestMethod codeBase="D:\actions-runner\_work\XPCO\XPCO\MIP\PlatformPlugin\VideoOS.Platform\unittest\bin\Debug\net472\VideoOS.Platform.Tests.dll" adapterTypeName="executor://mstestadapter/v2" className="VideoOS.Platform.Tests.Util.StringSplitterTests" name="SplitString_WhenEmptyOrSpaces1Level_EmptyArray" />
    </UnitTest>
    <UnitTest name="SHA256Hex64_ShouldReturnSHAHash_WhenInputIsNotNull" storage="d:\actions-runner\_work\xpco\xpco\mip\platformplugin\videoos.platform\unittest\bin\debug\net472\videoos.platform.tests.dll" id="273b976a-4136-12a0-93d4-d31e724b1d9b">
      <Execution id="4622b760-6da4-4ff7-8cd2-b505e2717946" />
      <TestMethod codeBase="D:\actions-runner\_work\XPCO\XPCO\MIP\PlatformPlugin\VideoOS.Platform\unittest\bin\Debug\net472\VideoOS.Platform.Tests.dll" adapterTypeName="executor://mstestadapter/v2" className="VideoOS.Platform.Tests.Data.MediaProviderInternal.UtilityTests" name="SHA256Hex64_ShouldReturnSHAHash_WhenInputIsNotNull" />
    </UnitTest>
    <UnitTest name="CountByCounter_Activated_Expired" storage="d:\actions-runner\_work\xpco\xpco\mip\platformplugin\videoos.platform\unittest\bin\debug\net472\videoos.platform.tests.dll" id="310968d1-fc55-32d1-9bf4-640cd6ac6c2c">
      <Execution id="c65a709e-f3da-47cd-993c-01760802bf8e" />
      <TestMethod codeBase="D:\actions-runner\_work\XPCO\XPCO\MIP\PlatformPlugin\VideoOS.Platform\unittest\bin\Debug\net472\VideoOS.Platform.Tests.dll" adapterTypeName="executor://mstestadapter/v2" className="VideoOS.Platform.Tests.License.ResolvedLicenseCountTest" name="CountByCounter_Activated_Expired" />
    </UnitTest>
    <UnitTest name="DoubleRangeFilterValue_Deserialize_Success" storage="d:\actions-runner\_work\xpco\xpco\mip\platformplugin\videoos.platform\unittest\bin\debug\net472\videoos.platform.tests.dll" id="e3aed149-0356-8224-e951-0cb2d3727ba3">
      <TestCategory>
        <TestCategoryItem TestCategory="Search" />
      </TestCategory>
      <Execution id="17883c01-51d8-403a-8867-b39b403b95c3" />
      <TestMethod codeBase="D:\actions-runner\_work\XPCO\XPCO\MIP\PlatformPlugin\VideoOS.Platform\unittest\bin\Debug\net472\VideoOS.Platform.Tests.dll" adapterTypeName="executor://mstestadapter/v2" className="VideoOS.Platform.Tests.Search.FilterValues.FilterValueTests" name="DoubleRangeFilterValue_Deserialize_Success" />
    </UnitTest>
    <UnitTest name="Given_Exception_When_When_NotMarkedWithSerializableAttribute_Then_Fail" storage="d:\actions-runner\_work\xpco\xpco\mip\platformplugin\videoos.platform\unittest\bin\debug\net472\videoos.platform.tests.dll" id="1670e18f-0ede-c50f-6f9a-2ae6207f30db">
      <Execution id="41ce5455-f580-45da-bba0-244584ef98fe" />
      <TestMethod codeBase="D:\actions-runner\_work\XPCO\XPCO\MIP\PlatformPlugin\VideoOS.Platform\unittest\bin\Debug\net472\VideoOS.Platform.Tests.dll" adapterTypeName="executor://mstestadapter/v2" className="VideoOS.Platform.Tests.MIPExceptionsTest" name="Given_Exception_When_When_NotMarkedWithSerializableAttribute_Then_Fail" />
    </UnitTest>
    <UnitTest name="ServerIdWithHttps_Construct_Success" storage="d:\actions-runner\_work\xpco\xpco\mip\platformplugin\videoos.platform\unittest\bin\debug\net472\videoos.platform.tests.dll" id="1f0a0407-7982-ddd0-173d-1b88aac6222d">
      <Execution id="eeab2f2b-eeaa-4a5d-8c3e-3256a546924f" />
      <TestMethod codeBase="D:\actions-runner\_work\XPCO\XPCO\MIP\PlatformPlugin\VideoOS.Platform\unittest\bin\Debug\net472\VideoOS.Platform.Tests.dll" adapterTypeName="executor://mstestadapter/v2" className="VideoOS.Platform.Tests.FQIDtests" name="ServerIdWithHttps_Construct_Success" />
    </UnitTest>
    <UnitTest name="AllAttributesWerePresent_ShouldReturnFalse_WhenYAttributeIsMissing" storage="d:\actions-runner\_work\xpco\xpco\mip\platformplugin\videoos.platform\unittest\bin\debug\net472\videoos.platform.tests.dll" id="dfccf221-5403-2188-5503-aa835e99c003">
      <Execution id="29f2bada-c764-4e8a-8f4a-d18b67304a71" />
      <TestMethod codeBase="D:\actions-runner\_work\XPCO\XPCO\MIP\PlatformPlugin\VideoOS.Platform\unittest\bin\Debug\net472\VideoOS.Platform.Tests.dll" adapterTypeName="executor://mstestadapter/v2" className="VideoOS.Platform.Tests.Metadata.VectorTests" name="AllAttributesWerePresent_ShouldReturnFalse_WhenYAttributeIsMissing" />
    </UnitTest>
    <UnitTest name="ReadXml_ShouldSetAllFieldsToNull_ThatAreNotPresentInXml" storage="d:\actions-runner\_work\xpco\xpco\mip\platformplugin\videoos.platform\unittest\bin\debug\net472\videoos.platform.tests.dll" id="d67f39a6-38da-54cf-bd51-1084e48c6e60">
      <Execution id="f0fc6d79-42a6-44c6-8501-39c52c0a49fb" />
      <TestMethod codeBase="D:\actions-runner\_work\XPCO\XPCO\MIP\PlatformPlugin\VideoOS.Platform\unittest\bin\Debug\net472\VideoOS.Platform.Tests.dll" adapterTypeName="executor://mstestadapter/v2" className="VideoOS.Platform.Tests.Metadata.NavigationalDataTests" name="ReadXml_ShouldSetAllFieldsToNull_ThatAreNotPresentInXml" />
    </UnitTest>
    <UnitTest name="EqualGuids_Fail_OnParentId" storage="d:\actions-runner\_work\xpco\xpco\mip\platformplugin\videoos.platform\unittest\bin\debug\net472\videoos.platform.tests.dll" id="461181b2-b5d1-1d54-a990-5025bc85a37b">
      <Execution id="c473c23a-90c1-469a-b007-0adc3574af32" />
      <TestMethod codeBase="D:\actions-runner\_work\XPCO\XPCO\MIP\PlatformPlugin\VideoOS.Platform\unittest\bin\Debug\net472\VideoOS.Platform.Tests.dll" adapterTypeName="executor://mstestadapter/v2" className="VideoOS.Platform.Tests.FQIDtests" name="EqualGuids_Fail_OnParentId" />
    </UnitTest>
    <UnitTest name="GetFrame_ShouldReturnFirstFrame_WhenThereAreMultipleFrames" storage="d:\actions-runner\_work\xpco\xpco\mip\platformplugin\videoos.platform\unittest\bin\debug\net472\videoos.platform.tests.dll" id="8cae6a56-454e-1e61-1b8f-eb89b356be64">
      <Execution id="8f4b2fdd-5cf4-4b47-b642-aae270dab222" />
      <TestMethod codeBase="D:\actions-runner\_work\XPCO\XPCO\MIP\PlatformPlugin\VideoOS.Platform\unittest\bin\Debug\net472\VideoOS.Platform.Tests.dll" adapterTypeName="executor://mstestadapter/v2" className="VideoOS.Platform.Tests.Metadata.MetadataStreamTests" name="GetFrame_ShouldReturnFirstFrame_WhenThereAreMultipleFrames" />
    </UnitTest>
    <UnitTest name="GetFilterValues_MultipleValuesAdded_ReturnsValues" storage="d:\actions-runner\_work\xpco\xpco\mip\platformplugin\videoos.platform\unittest\bin\debug\net472\videoos.platform.tests.dll" id="bc7fb037-bc9e-3315-d38f-1aeba783be34">
      <TestCategory>
        <TestCategoryItem TestCategory="Search" />
      </TestCategory>
      <Execution id="fb8c1fa7-9975-4564-98fa-bdeff9ddbaa7" />
      <TestMethod codeBase="D:\actions-runner\_work\XPCO\XPCO\MIP\PlatformPlugin\VideoOS.Platform\unittest\bin\Debug\net472\VideoOS.Platform.Tests.dll" adapterTypeName="executor://mstestadapter/v2" className="VideoOS.Platform.Tests.Search.SearchCriteriaTest" name="GetFilterValues_MultipleValuesAdded_ReturnsValues" />
    </UnitTest>
    <UnitTest name="Serialize_TestCases (Verify root Struct property)" storage="d:\actions-runner\_work\xpco\xpco\mip\platformplugin\videoos.platform\unittest\bin\debug\net472\videoos.platform.tests.dll" id="20caf036-4742-9847-57a7-705349cf0bac">
      <Execution id="af987779-5696-45f1-9d0e-fdbf452db591" />
      <TestMethod codeBase="D:\actions-runner\_work\XPCO\XPCO\MIP\PlatformPlugin\VideoOS.Platform\unittest\bin\Debug\net472\VideoOS.Platform.Tests.dll" adapterTypeName="executor://mstestadapter/v2" className="VideoOS.Platform.Tests.UI.Controls.Automation.Serialization.AutomationObjectSerializerTest" name="Serialize_TestCases" />
    </UnitTest>
    <UnitTest name="RemoveItem_AnalyticsEvent_Fail" storage="d:\actions-runner\_work\xpco\xpco\mip\platformplugin\videoos.platform\unittest\bin\debug\net472\videoos.platform.tests.dll" id="f8ca46c0-8edb-350c-aedc-71898e183163">
      <Execution id="85ae110a-35f1-4a87-8b08-b73c9b29a823" />
      <TestMethod codeBase="D:\actions-runner\_work\XPCO\XPCO\MIP\PlatformPlugin\VideoOS.Platform\unittest\bin\Debug\net472\VideoOS.Platform.Tests.dll" adapterTypeName="executor://mstestadapter/v2" className="VideoOS.Platform.Tests.Proxy.RestApi.RestApiClientDecoratorTests" name="RemoveItem_AnalyticsEvent_Fail" />
    </UnitTest>
    <UnitTest name="WriteXml_ShouldWriteBehaviourContents_WhenBehaviourIsNotNullAndHasBehaviour" storage="d:\actions-runner\_work\xpco\xpco\mip\platformplugin\videoos.platform\unittest\bin\debug\net472\videoos.platform.tests.dll" id="ba884d95-61a4-037b-ab6f-8704dd43240a">
      <Execution id="da077a60-b5d3-4ae9-9dfd-65aaece5c2cc" />
      <TestMethod codeBase="D:\actions-runner\_work\XPCO\XPCO\MIP\PlatformPlugin\VideoOS.Platform\unittest\bin\Debug\net472\VideoOS.Platform.Tests.dll" adapterTypeName="executor://mstestadapter/v2" className="VideoOS.Platform.Tests.Metadata.OnvifObjectTests" name="WriteXml_ShouldWriteBehaviourContents_WhenBehaviourIsNotNullAndHasBehaviour" />
    </UnitTest>
    <UnitTest name="ReadXml_ShouldReadAppearanceContents_WhenAppearanceIsPresent" storage="d:\actions-runner\_work\xpco\xpco\mip\platformplugin\videoos.platform\unittest\bin\debug\net472\videoos.platform.tests.dll" id="b739f5d0-5237-1a79-e681-644aeb76938a">
      <Execution id="2af8951f-375a-48c8-8a7f-728ae6f1df73" />
      <TestMethod codeBase="D:\actions-runner\_work\XPCO\XPCO\MIP\PlatformPlugin\VideoOS.Platform\unittest\bin\Debug\net472\VideoOS.Platform.Tests.dll" adapterTypeName="executor://mstestadapter/v2" className="VideoOS.Platform.Tests.Metadata.OnvifObjectTests" name="ReadXml_ShouldReadAppearanceContents_WhenAppearanceIsPresent" />
    </UnitTest>
    <UnitTest name="Enabled_Properties_With_Enable_False_success" storage="d:\actions-runner\_work\xpco\xpco\mip\platformplugin\videoos.platform\unittest\bin\debug\net472\videoos.platform.tests.dll" id="f85011e7-aedc-f16d-4ec9-583569d1a8dd">
      <Execution id="f35a0c78-6c5d-41c3-a345-c7108d815f04" />
      <TestMethod codeBase="D:\actions-runner\_work\XPCO\XPCO\MIP\PlatformPlugin\VideoOS.Platform\unittest\bin\Debug\net472\VideoOS.Platform.Tests.dll" adapterTypeName="executor://mstestadapter/v2" className="VideoOS.Platform.Tests.ItemTests" name="Enabled_Properties_With_Enable_False_success" />
    </UnitTest>
    <UnitTest name="SearchResultData_SameTitle_Success" storage="d:\actions-runner\_work\xpco\xpco\mip\platformplugin\videoos.platform\unittest\bin\debug\net472\videoos.platform.tests.dll" id="080800ed-e6da-eef9-42ef-0179d68c4004">
      <TestCategory>
        <TestCategoryItem TestCategory="Search" />
      </TestCategory>
      <Execution id="03e768a2-7e7a-4e2f-9f66-2b39a8d5b267" />
      <TestMethod codeBase="D:\actions-runner\_work\XPCO\XPCO\MIP\PlatformPlugin\VideoOS.Platform\unittest\bin\Debug\net472\VideoOS.Platform.Tests.dll" adapterTypeName="executor://mstestadapter/v2" className="VideoOS.Platform.Tests.Search.SearchResultDataTest" name="SearchResultData_SameTitle_Success" />
    </UnitTest>
    <UnitTest name="Minimize_ShouldReturnOneInterval_WhenListContainsTwoOverlappingIntervalsReversed" storage="d:\actions-runner\_work\xpco\xpco\mip\platformplugin\videoos.platform\unittest\bin\debug\net472\videoos.platform.tests.dll" id="014a068d-cf03-ed2b-0a73-be788526e910">
      <Execution id="0251fd27-49b3-46e3-8fc0-a2ce8844823b" />
      <TestMethod codeBase="D:\actions-runner\_work\XPCO\XPCO\MIP\PlatformPlugin\VideoOS.Platform\unittest\bin\Debug\net472\VideoOS.Platform.Tests.dll" adapterTypeName="executor://mstestadapter/v2" className="VideoOS.Platform.Tests.Util.TimeIntervalTests" name="Minimize_ShouldReturnOneInterval_WhenListContainsTwoOverlappingIntervalsReversed" />
    </UnitTest>
    <UnitTest name="GenerateDeviceParameters_ShouldWriteCorrectGop_WhenGopIsInRange" storage="d:\actions-runner\_work\xpco\xpco\mip\platformplugin\videoos.platform\unittest\bin\debug\net472\videoos.platform.tests.dll" id="0f85e31c-250d-2fd6-59ef-88556968bdb6">
      <Execution id="5ae18c61-17bf-4f20-aedc-ab952f11e642" />
      <TestMethod codeBase="D:\actions-runner\_work\XPCO\XPCO\MIP\PlatformPlugin\VideoOS.Platform\unittest\bin\Debug\net472\VideoOS.Platform.Tests.dll" adapterTypeName="executor://mstestadapter/v2" className="VideoOS.Platform.Tests.Data.CameraDeviceDefinitionTests" name="GenerateDeviceParameters_ShouldWriteCorrectGop_WhenGopIsInRange" />
    </UnitTest>
    <UnitTest name="GetItem_ShouldReturnItem_WhenFound" storage="d:\actions-runner\_work\xpco\xpco\mip\platformplugin\videoos.platform\unittest\bin\debug\net472\videoos.platform.tests.dll" id="211e44a5-7069-3390-6f71-9a0cc710f40e">
      <Execution id="dd395069-ee91-4211-a823-aeeaaac8b188" />
      <TestMethod codeBase="D:\actions-runner\_work\XPCO\XPCO\MIP\PlatformPlugin\VideoOS.Platform\unittest\bin\Debug\net472\VideoOS.Platform.Tests.dll" adapterTypeName="executor://mstestadapter/v2" className="VideoOS.Platform.Tests.Util.ConfigurationCacheTests" name="GetItem_ShouldReturnItem_WhenFound" />
    </UnitTest>
    <UnitTest name="WriteAppearanceExtenstionXml_ShouldWriteDisplayedThicknessInPixels_WhenLineDisplayPixelThicknessIsPresent" storage="d:\actions-runner\_work\xpco\xpco\mip\platformplugin\videoos.platform\unittest\bin\debug\net472\videoos.platform.tests.dll" id="d68b3075-4627-ba2b-18db-33c4279233ca">
      <Execution id="651c99c9-c880-42eb-994b-3a571d9b3557" />
      <TestMethod codeBase="D:\actions-runner\_work\XPCO\XPCO\MIP\PlatformPlugin\VideoOS.Platform\unittest\bin\Debug\net472\VideoOS.Platform.Tests.dll" adapterTypeName="executor://mstestadapter/v2" className="VideoOS.Platform.Tests.Metadata.RectangleTests" name="WriteAppearanceExtenstionXml_ShouldWriteDisplayedThicknessInPixels_WhenLineDisplayPixelThicknessIsPresent" />
    </UnitTest>
    <UnitTest name="TestConstructor_MessageParametersAsWarning_Success" storage="d:\actions-runner\_work\xpco\xpco\mip\platformplugin\videoos.platform\unittest\bin\debug\net472\videoos.platform.tests.dll" id="679fa446-5363-b4de-5431-4cdafa751f6b">
      <Execution id="8e64461f-4a89-4737-ad8c-1160fb9891b9" />
      <TestMethod codeBase="D:\actions-runner\_work\XPCO\XPCO\MIP\PlatformPlugin\VideoOS.Platform\unittest\bin\Debug\net472\VideoOS.Platform.Tests.dll" adapterTypeName="executor://mstestadapter/v2" className="VideoOS.Platform.Tests.Search.Error.CustomSearchErrorTest" name="TestConstructor_MessageParametersAsWarning_Success" />
    </UnitTest>
    <UnitTest name="OnSearchResultsReady_EmptyArgument_SearchResultReadyEventNotFired" storage="d:\actions-runner\_work\xpco\xpco\mip\platformplugin\videoos.platform\unittest\bin\debug\net472\videoos.platform.tests.dll" id="582a166b-52fa-3ee8-5316-b4af9ef88ed9">
      <TestCategory>
        <TestCategoryItem TestCategory="Search" />
      </TestCategory>
      <Execution id="30ec31a3-78f0-49a3-bcc2-08dd19a65d32" />
      <TestMethod codeBase="D:\actions-runner\_work\XPCO\XPCO\MIP\PlatformPlugin\VideoOS.Platform\unittest\bin\Debug\net472\VideoOS.Platform.Tests.dll" adapterTypeName="executor://mstestadapter/v2" className="VideoOS.Platform.Tests.Search.SearchDefinitionTest" name="OnSearchResultsReady_EmptyArgument_SearchResultReadyEventNotFired" />
    </UnitTest>
    <UnitTest name="Serialize_TestCases (Verify root String (null) property)" storage="d:\actions-runner\_work\xpco\xpco\mip\platformplugin\videoos.platform\unittest\bin\debug\net472\videoos.platform.tests.dll" id="d3b94a2a-26e3-905f-c1f3-df866517ab99">
      <Execution id="7edc1130-3a1a-440a-ad50-b080c6bc3f41" />
      <TestMethod codeBase="D:\actions-runner\_work\XPCO\XPCO\MIP\PlatformPlugin\VideoOS.Platform\unittest\bin\Debug\net472\VideoOS.Platform.Tests.dll" adapterTypeName="executor://mstestadapter/v2" className="VideoOS.Platform.Tests.UI.Controls.Automation.Serialization.AutomationObjectSerializerTest" name="Serialize_TestCases" />
    </UnitTest>
    <UnitTest name="Remove_QueueStopping_Success" storage="d:\actions-runner\_work\xpco\xpco\mip\platformplugin\videoos.platform\unittest\bin\debug\net472\videoos.platform.tests.dll" id="ddb2b30a-7c8f-3eac-d6a3-efc6f41e2e1f">
      <Execution id="1b2ad30e-7eb9-4f3b-a7c9-362ae5d10f09" />
      <TestMethod codeBase="D:\actions-runner\_work\XPCO\XPCO\MIP\PlatformPlugin\VideoOS.Platform\unittest\bin\Debug\net472\VideoOS.Platform.Tests.dll" adapterTypeName="executor://mstestadapter/v2" className="VideoOS.Platform.Tests.Util.Queue.ConcurrentQueueSlimTests" name="Remove_QueueStopping_Success" />
    </UnitTest>
    <UnitTest name="Serialize_ShouldThrowException_WhenPropertyIsSimpleTypeButPathContainsChildren (IntProperty)" storage="d:\actions-runner\_work\xpco\xpco\mip\platformplugin\videoos.platform\unittest\bin\debug\net472\videoos.platform.tests.dll" id="4404a430-3945-1236-ef3f-8139963efa61">
      <Execution id="a89d59bd-3356-444a-bbbd-9aea156713c1" />
      <TestMethod codeBase="D:\actions-runner\_work\XPCO\XPCO\MIP\PlatformPlugin\VideoOS.Platform\unittest\bin\Debug\net472\VideoOS.Platform.Tests.dll" adapterTypeName="executor://mstestadapter/v2" className="VideoOS.Platform.Tests.UI.Controls.Automation.Serialization.AutomationObjectSerializerTest" name="Serialize_ShouldThrowException_WhenPropertyIsSimpleTypeButPathContainsChildren" />
    </UnitTest>
    <UnitTest name="Serialize_ShouldThrowException_WhenPropertyIsSimpleTypeButPathContainsChildren (StringNotNullProperty)" storage="d:\actions-runner\_work\xpco\xpco\mip\platformplugin\videoos.platform\unittest\bin\debug\net472\videoos.platform.tests.dll" id="8499840e-abfc-164b-57b3-05d439aac484">
      <Execution id="f4b2c03b-878e-456e-8284-f012b11689d6" />
      <TestMethod codeBase="D:\actions-runner\_work\XPCO\XPCO\MIP\PlatformPlugin\VideoOS.Platform\unittest\bin\Debug\net472\VideoOS.Platform.Tests.dll" adapterTypeName="executor://mstestadapter/v2" className="VideoOS.Platform.Tests.UI.Controls.Automation.Serialization.AutomationObjectSerializerTest" name="Serialize_ShouldThrowException_WhenPropertyIsSimpleTypeButPathContainsChildren" />
    </UnitTest>
    <UnitTest name="Serialize_TestCases (TestParentTypeMatchIntThisTypeMatched)" storage="d:\actions-runner\_work\xpco\xpco\mip\platformplugin\videoos.platform\unittest\bin\debug\net472\videoos.platform.tests.dll" id="0ca212d1-7426-4742-adf6-c33da0d879c6">
      <Execution id="1c8df491-1143-4251-a72e-04aabf217986" />
      <TestMethod codeBase="D:\actions-runner\_work\XPCO\XPCO\MIP\PlatformPlugin\VideoOS.Platform\unittest\bin\Debug\net472\VideoOS.Platform.Tests.dll" adapterTypeName="executor://mstestadapter/v2" className="VideoOS.Platform.Tests.UI.Controls.Automation.Serialization.AutomationObjectSerializerTest" name="Serialize_TestCases" />
    </UnitTest>
    <UnitTest name="GetNext_ShouldReturnNull_WhenLastEntryWasCalled" storage="d:\actions-runner\_work\xpco\xpco\mip\platformplugin\videoos.platform\unittest\bin\debug\net472\videoos.platform.tests.dll" id="a7839cf0-508a-0ad4-6fc1-0553406f8071">
      <Execution id="3b33dd77-103b-449f-8b29-6abf2279d669" />
      <TestMethod codeBase="D:\actions-runner\_work\XPCO\XPCO\MIP\PlatformPlugin\VideoOS.Platform\unittest\bin\Debug\net472\VideoOS.Platform.Tests.dll" adapterTypeName="executor://mstestadapter/v2" className="VideoOS.Platform.Tests.Data.MetadataCacheTests" name="GetNext_ShouldReturnNull_WhenLastEntryWasCalled" />
    </UnitTest>
    <UnitTest name="ProvideValue_ShouldSetTargetProperty_WhenItemIconSourcePropertyNameIsSet" storage="d:\actions-runner\_work\xpco\xpco\mip\platformplugin\videoos.platform\unittest\bin\debug\net472\videoos.platform.tests.dll" id="405a6411-84b6-3693-5b46-0b5983feca5e">
      <TestCategory>
        <TestCategoryItem TestCategory="DropDowns" />
      </TestCategory>
      <Execution id="9d59a70a-cf2e-4f83-9bc8-58c5f3469794" />
      <TestMethod codeBase="D:\actions-runner\_work\XPCO\XPCO\MIP\PlatformPlugin\VideoOS.Platform\unittest\bin\Debug\net472\VideoOS.Platform.Tests.dll" adapterTypeName="executor://mstestadapter/v2" className="VideoOS.Platform.Tests.UI.Controls.DropDowns.Internal.SelectedItemIconSourceExtensionTest" name="ProvideValue_ShouldSetTargetProperty_WhenItemIconSourcePropertyNameIsSet" />
    </UnitTest>
    <UnitTest name="Ctor_OneStandardFilter_Success" storage="d:\actions-runner\_work\xpco\xpco\mip\platformplugin\videoos.platform\unittest\bin\debug\net472\videoos.platform.tests.dll" id="322a76e2-9465-203a-fa3f-db73d4f489c4">
      <TestCategory>
        <TestCategoryItem TestCategory="Search" />
      </TestCategory>
      <Execution id="e7d26573-65cf-40c6-842b-b58b35fa3ac0" />
      <TestMethod codeBase="D:\actions-runner\_work\XPCO\XPCO\MIP\PlatformPlugin\VideoOS.Platform\unittest\bin\Debug\net472\VideoOS.Platform.Tests.dll" adapterTypeName="executor://mstestadapter/v2" className="VideoOS.Platform.Tests.Search.FilterCategories.PersonSearchFilterCategoryTest" name="Ctor_OneStandardFilter_Success" />
    </UnitTest>
    <UnitTest name="Peek_NonEmptyQueue_ReturnsItemButKeepsItInQueue" storage="d:\actions-runner\_work\xpco\xpco\mip\platformplugin\videoos.platform\unittest\bin\debug\net472\videoos.platform.tests.dll" id="d7839ae1-9662-254a-edc4-21e217d972c9">
      <Execution id="9c43d71e-6fd4-4c16-902b-6edcbdd6e5e8" />
      <TestMethod codeBase="D:\actions-runner\_work\XPCO\XPCO\MIP\PlatformPlugin\VideoOS.Platform\unittest\bin\Debug\net472\VideoOS.Platform.Tests.dll" adapterTypeName="executor://mstestadapter/v2" className="VideoOS.Platform.Tests.Util.Queue.ConcurrentQueueSlimTests" name="Peek_NonEmptyQueue_ReturnsItemButKeepsItInQueue" />
    </UnitTest>
    <UnitTest name="LoadedEvent_ShouldAddProxyManager_WhenFrameworkElementIsLoadedAtLaterStage" storage="d:\actions-runner\_work\xpco\xpco\mip\platformplugin\videoos.platform\unittest\bin\debug\net472\videoos.platform.tests.dll" id="2290dc93-26ef-2adf-bfc4-c74fcd6396b2">
      <TestCategory>
        <TestCategoryItem TestCategory="EventsToCommandMappings" />
      </TestCategory>
      <Execution id="5bac13d8-77c2-4d63-a2cf-6f7ad1d2f321" />
      <TestMethod codeBase="D:\actions-runner\_work\XPCO\XPCO\MIP\PlatformPlugin\VideoOS.Platform\unittest\bin\Debug\net472\VideoOS.Platform.Tests.dll" adapterTypeName="executor://mstestadapter/v2" className="VideoOS.Platform.Tests.UI.Commands.EventsToCommandMappingTest" name="LoadedEvent_ShouldAddProxyManager_WhenFrameworkElementIsLoadedAtLaterStage" />
    </UnitTest>
    <UnitTest name="Ctor_EmptyName_Throws" storage="d:\actions-runner\_work\xpco\xpco\mip\platformplugin\videoos.platform\unittest\bin\debug\net472\videoos.platform.tests.dll" id="8f3ff765-82e8-66d7-0b26-5b7e252a53b8">
      <TestCategory>
        <TestCategoryItem TestCategory="Search" />
      </TestCategory>
      <Execution id="1a59e446-f780-42d0-80e7-c9ae18ac9207" />
      <TestMethod codeBase="D:\actions-runner\_work\XPCO\XPCO\MIP\PlatformPlugin\VideoOS.Platform\unittest\bin\Debug\net472\VideoOS.Platform.Tests.dll" adapterTypeName="executor://mstestadapter/v2" className="VideoOS.Platform.Tests.Search.FilterCategories.VehicleSearchFilterCategoryTest" name="Ctor_EmptyName_Throws" />
    </UnitTest>
    <UnitTest name="GetWithDateTimeTimeSpanAndInt_ShouldClearCache_WhenAlways" storage="d:\actions-runner\_work\xpco\xpco\mip\platformplugin\videoos.platform\unittest\bin\debug\net472\videoos.platform.tests.dll" id="79db46c4-1a13-12a0-1950-586398a93668">
      <Execution id="644d457f-82b1-4ad6-8e15-e1d67f6a00bb" />
      <TestMethod codeBase="D:\actions-runner\_work\XPCO\XPCO\MIP\PlatformPlugin\VideoOS.Platform\unittest\bin\Debug\net472\VideoOS.Platform.Tests.dll" adapterTypeName="executor://mstestadapter/v2" className="VideoOS.Platform.Tests.Data.MetadataPlaybackSourceTests" name="GetWithDateTimeTimeSpanAndInt_ShouldClearCache_WhenAlways" />
    </UnitTest>
    <UnitTest name="GetPrevious_ShouldReturnEntryBeforeLastReturnedEntry_WhenFindCacheEntryBeforeWasCalledAndThereIsAPreviousEntry" storage="d:\actions-runner\_work\xpco\xpco\mip\platformplugin\videoos.platform\unittest\bin\debug\net472\videoos.platform.tests.dll" id="1cd3273e-4fe1-8213-74a3-0afca1364b2a">
      <Execution id="f426a9ea-6742-4716-9b3f-e529aa9deaf1" />
      <TestMethod codeBase="D:\actions-runner\_work\XPCO\XPCO\MIP\PlatformPlugin\VideoOS.Platform\unittest\bin\Debug\net472\VideoOS.Platform.Tests.dll" adapterTypeName="executor://mstestadapter/v2" className="VideoOS.Platform.Tests.Data.MetadataCacheTests" name="GetPrevious_ShouldReturnEntryBeforeLastReturnedEntry_WhenFindCacheEntryBeforeWasCalledAndThereIsAPreviousEntry" />
    </UnitTest>
    <UnitTest name="Ctor_OneStandardFilter_Success" storage="d:\actions-runner\_work\xpco\xpco\mip\platformplugin\videoos.platform\unittest\bin\debug\net472\videoos.platform.tests.dll" id="736d2983-eeff-1045-0cd2-2e53a996df06">
      <TestCategory>
        <TestCategoryItem TestCategory="Search" />
      </TestCategory>
      <Execution id="a69782f5-c82d-49fb-ada0-46a20026f0c8" />
      <TestMethod codeBase="D:\actions-runner\_work\XPCO\XPCO\MIP\PlatformPlugin\VideoOS.Platform\unittest\bin\Debug\net472\VideoOS.Platform.Tests.dll" adapterTypeName="executor://mstestadapter/v2" className="VideoOS.Platform.Tests.Search.FilterCategories.VehicleSearchFilterCategoryTest" name="Ctor_OneStandardFilter_Success" />
    </UnitTest>
    <UnitTest name="GenerateDeviceParameters_ShouldWriteCorrectQuality_WhenQualityIsInRange" storage="d:\actions-runner\_work\xpco\xpco\mip\platformplugin\videoos.platform\unittest\bin\debug\net472\videoos.platform.tests.dll" id="2106ce31-ab6d-dc05-4702-f8a1d8cb40da">
      <Execution id="c2788579-ed5b-4372-94e7-18953d85ff76" />
      <TestMethod codeBase="D:\actions-runner\_work\XPCO\XPCO\MIP\PlatformPlugin\VideoOS.Platform\unittest\bin\Debug\net472\VideoOS.Platform.Tests.dll" adapterTypeName="executor://mstestadapter/v2" className="VideoOS.Platform.Tests.Data.CameraDeviceDefinitionTests" name="GenerateDeviceParameters_ShouldWriteCorrectQuality_WhenQualityIsInRange" />
    </UnitTest>
    <UnitTest name="Equals_For_GuidsOnly" storage="d:\actions-runner\_work\xpco\xpco\mip\platformplugin\videoos.platform\unittest\bin\debug\net472\videoos.platform.tests.dll" id="61459c18-d69a-002e-99fd-4c0194ecc49d">
      <Execution id="52e8f67b-5a80-4664-836c-ad1ff0c22d3e" />
      <TestMethod codeBase="D:\actions-runner\_work\XPCO\XPCO\MIP\PlatformPlugin\VideoOS.Platform\unittest\bin\Debug\net472\VideoOS.Platform.Tests.dll" adapterTypeName="executor://mstestadapter/v2" className="VideoOS.Platform.Tests.FQIDtests" name="Equals_For_GuidsOnly" />
    </UnitTest>
    <UnitTest name="GetIdFromPath_ShouldReturnNull_FromNullPath" storage="d:\actions-runner\_work\xpco\xpco\mip\platformplugin\videoos.platform\unittest\bin\debug\net472\videoos.platform.tests.dll" id="42e108f3-1735-015e-fab8-d9a77a62ea31">
      <Execution id="46a7cd76-6a69-491d-8620-da5cacbdd5a9" />
      <TestMethod codeBase="D:\actions-runner\_work\XPCO\XPCO\MIP\PlatformPlugin\VideoOS.Platform\unittest\bin\Debug\net472\VideoOS.Platform.Tests.dll" adapterTypeName="executor://mstestadapter/v2" className="VideoOS.Platform.Tests.ConfigurationItems.FactoryTests" name="GetIdFromPath_ShouldReturnNull_FromNullPath" />
    </UnitTest>
    <UnitTest name="ReadXml_ShouldLogWarningTwiceWhenMoreThanOneMinuteBetweenWarnings_WhenCenterOfGravityIsIncomplete" storage="d:\actions-runner\_work\xpco\xpco\mip\platformplugin\videoos.platform\unittest\bin\debug\net472\videoos.platform.tests.dll" id="ec6e182c-c60a-0650-a430-7ebc2fa1ec79">
      <Execution id="1e57f5ee-6a63-40c1-b3d5-5c28eba5dc9f" />
      <TestMethod codeBase="D:\actions-runner\_work\XPCO\XPCO\MIP\PlatformPlugin\VideoOS.Platform\unittest\bin\Debug\net472\VideoOS.Platform.Tests.dll" adapterTypeName="executor://mstestadapter/v2" className="VideoOS.Platform.Tests.Metadata.ShapeTests" name="ReadXml_ShouldLogWarningTwiceWhenMoreThanOneMinuteBetweenWarnings_WhenCenterOfGravityIsIncomplete" />
    </UnitTest>
    <UnitTest name="Serialize_TestCases (Verify root Interface (null) property)" storage="d:\actions-runner\_work\xpco\xpco\mip\platformplugin\videoos.platform\unittest\bin\debug\net472\videoos.platform.tests.dll" id="b5dc0383-8c05-4dbd-34fe-ae824b1d19f6">
      <Execution id="dd8c973d-c698-493d-9d64-331c527c7018" />
      <TestMethod codeBase="D:\actions-runner\_work\XPCO\XPCO\MIP\PlatformPlugin\VideoOS.Platform\unittest\bin\Debug\net472\VideoOS.Platform.Tests.dll" adapterTypeName="executor://mstestadapter/v2" className="VideoOS.Platform.Tests.UI.Controls.Automation.Serialization.AutomationObjectSerializerTest" name="Serialize_TestCases" />
    </UnitTest>
    <UnitTest name="GetAllFrames_ShouldReturnFramesFromAllVideoAnalytcs_WhenThereAreSeveralVideoAnalytics" storage="d:\actions-runner\_work\xpco\xpco\mip\platformplugin\videoos.platform\unittest\bin\debug\net472\videoos.platform.tests.dll" id="22017572-0e55-4eb6-a8f5-ed8333ee82e7">
      <Execution id="723201d9-a820-4516-b0f7-86987fb28433" />
      <TestMethod codeBase="D:\actions-runner\_work\XPCO\XPCO\MIP\PlatformPlugin\VideoOS.Platform\unittest\bin\Debug\net472\VideoOS.Platform.Tests.dll" adapterTypeName="executor://mstestadapter/v2" className="VideoOS.Platform.Tests.Metadata.MetadataStreamTests" name="GetAllFrames_ShouldReturnFramesFromAllVideoAnalytcs_WhenThereAreSeveralVideoAnalytics" />
    </UnitTest>
    <UnitTest name="ToString_WithTypeAndNull" storage="d:\actions-runner\_work\xpco\xpco\mip\platformplugin\videoos.platform\unittest\bin\debug\net472\videoos.platform.tests.dll" id="08cc126a-cc1a-5bd0-28c8-0e116736d384">
      <Execution id="9d1792b6-7029-41dc-8c74-dacbc55956f4" />
      <TestMethod codeBase="D:\actions-runner\_work\XPCO\XPCO\MIP\PlatformPlugin\VideoOS.Platform\unittest\bin\Debug\net472\VideoOS.Platform.Tests.dll" adapterTypeName="executor://mstestadapter/v2" className="VideoOS.Platform.Tests.Messaging.CommunicationIdFilterTests" name="ToString_WithTypeAndNull" />
    </UnitTest>
    <UnitTest name="WriteXml_ShouldWriteObjectsContents_WhenObjectsAreWritten" storage="d:\actions-runner\_work\xpco\xpco\mip\platformplugin\videoos.platform\unittest\bin\debug\net472\videoos.platform.tests.dll" id="0f40bc61-c58f-06fd-9a7b-e081d001f46f">
      <Execution id="d189b7a5-5a60-4e49-9ce0-da797ef7fe08" />
      <TestMethod codeBase="D:\actions-runner\_work\XPCO\XPCO\MIP\PlatformPlugin\VideoOS.Platform\unittest\bin\Debug\net472\VideoOS.Platform.Tests.dll" adapterTypeName="executor://mstestadapter/v2" className="VideoOS.Platform.Tests.Metadata.FrameTests" name="WriteXml_ShouldWriteObjectsContents_WhenObjectsAreWritten" />
    </UnitTest>
    <UnitTest name="ReadXml_ShouldReadTransformationContents_WhenTransformationIsPresent" storage="d:\actions-runner\_work\xpco\xpco\mip\platformplugin\videoos.platform\unittest\bin\debug\net472\videoos.platform.tests.dll" id="3d56290e-3e3f-353b-dfc8-249444061e6c">
      <Execution id="7127d03a-b2e0-4d2d-b07b-3543d8083a9a" />
      <TestMethod codeBase="D:\actions-runner\_work\XPCO\XPCO\MIP\PlatformPlugin\VideoOS.Platform\unittest\bin\Debug\net472\VideoOS.Platform.Tests.dll" adapterTypeName="executor://mstestadapter/v2" className="VideoOS.Platform.Tests.Metadata.FrameTests" name="ReadXml_ShouldReadTransformationContents_WhenTransformationIsPresent" />
    </UnitTest>
    <UnitTest name="IconOverlay_Disabled_Success" storage="d:\actions-runner\_work\xpco\xpco\mip\platformplugin\videoos.platform\unittest\bin\debug\net472\videoos.platform.tests.dll" id="8ecfeea7-0c3c-71f4-0099-cc3f5ecbeb8d">
      <Execution id="a4b596d1-70af-48ae-bf3d-2b2d0c4f3b63" />
      <TestMethod codeBase="D:\actions-runner\_work\XPCO\XPCO\MIP\PlatformPlugin\VideoOS.Platform\unittest\bin\Debug\net472\VideoOS.Platform.Tests.dll" adapterTypeName="executor://mstestadapter/v2" className="VideoOS.Platform.Tests.ItemTests" name="IconOverlay_Disabled_Success" />
    </UnitTest>
    <UnitTest name="ToJson_IntElement" storage="d:\actions-runner\_work\xpco\xpco\mip\platformplugin\videoos.platform\unittest\bin\debug\net472\videoos.platform.tests.dll" id="94e5854b-a7a8-bf50-1837-dc2fec1a5970">
      <Execution id="39de387f-7822-4dc0-b579-e2fbeabf5a0d" />
      <TestMethod codeBase="D:\actions-runner\_work\XPCO\XPCO\MIP\PlatformPlugin\VideoOS.Platform\unittest\bin\Debug\net472\VideoOS.Platform.Tests.dll" adapterTypeName="executor://mstestadapter/v2" className="VideoOS.Platform.Tests.Proxy.RestApi.JsonReaderTests" name="ToJson_IntElement" />
    </UnitTest>
    <UnitTest name="Serialize_TestCases (TestParentTypeMatchStructNotThisTypeNotMatchedProperty)" storage="d:\actions-runner\_work\xpco\xpco\mip\platformplugin\videoos.platform\unittest\bin\debug\net472\videoos.platform.tests.dll" id="cec6c299-8695-bd09-ea27-6e9dd0196e7e">
      <Execution id="298c7fc9-bb02-4232-afdc-beb5bf750fcb" />
      <TestMethod codeBase="D:\actions-runner\_work\XPCO\XPCO\MIP\PlatformPlugin\VideoOS.Platform\unittest\bin\Debug\net472\VideoOS.Platform.Tests.dll" adapterTypeName="executor://mstestadapter/v2" className="VideoOS.Platform.Tests.UI.Controls.Automation.Serialization.AutomationObjectSerializerTest" name="Serialize_TestCases" />
    </UnitTest>
    <UnitTest name="SetCacheContents_HandleEmptyList" storage="d:\actions-runner\_work\xpco\xpco\mip\platformplugin\videoos.platform\unittest\bin\debug\net472\videoos.platform.tests.dll" id="5a6e28a5-0456-0238-773c-6170fb1e4f85">
      <Execution id="aecc4ad7-7d55-49f7-9628-28eda4e07604" />
      <TestMethod codeBase="D:\actions-runner\_work\XPCO\XPCO\MIP\PlatformPlugin\VideoOS.Platform\unittest\bin\Debug\net472\VideoOS.Platform.Tests.dll" adapterTypeName="executor://mstestadapter/v2" className="VideoOS.Platform.Tests.Data.MetadataCacheTests" name="SetCacheContents_HandleEmptyList" />
    </UnitTest>
    <UnitTest name="ReadXml_ShouldReadScale_WhenScaleIsPresent" storage="d:\actions-runner\_work\xpco\xpco\mip\platformplugin\videoos.platform\unittest\bin\debug\net472\videoos.platform.tests.dll" id="179839b6-b471-f653-0f2c-79b9d0414c3f">
      <Execution id="7cd0d719-1871-4825-8b0d-58a19d162b2e" />
      <TestMethod codeBase="D:\actions-runner\_work\XPCO\XPCO\MIP\PlatformPlugin\VideoOS.Platform\unittest\bin\Debug\net472\VideoOS.Platform.Tests.dll" adapterTypeName="executor://mstestadapter/v2" className="VideoOS.Platform.Tests.Metadata.TransformationTests" name="ReadXml_ShouldReadScale_WhenScaleIsPresent" />
    </UnitTest>
    <UnitTest name="ToArgb_ShouldReturnIntegerWithArgbValues_Always" storage="d:\actions-runner\_work\xpco\xpco\mip\platformplugin\videoos.platform\unittest\bin\debug\net472\videoos.platform.tests.dll" id="6d92f3d7-a73a-0631-d650-f99bb5acd16d">
      <Execution id="9f8af9e5-2fba-4fd7-a19b-5cdc737f74da" />
      <TestMethod codeBase="D:\actions-runner\_work\XPCO\XPCO\MIP\PlatformPlugin\VideoOS.Platform\unittest\bin\Debug\net472\VideoOS.Platform.Tests.dll" adapterTypeName="executor://mstestadapter/v2" className="VideoOS.Platform.Tests.Metadata.DisplayColorTests" name="ToArgb_ShouldReturnIntegerWithArgbValues_Always" />
    </UnitTest>
    <UnitTest name="ReadXml_ShouldReadObjectContents_WhenObjectIsPresent" storage="d:\actions-runner\_work\xpco\xpco\mip\platformplugin\videoos.platform\unittest\bin\debug\net472\videoos.platform.tests.dll" id="5a81ef7d-e348-ad91-56ea-2f873a9d2e52">
      <Execution id="7d39f0a0-8e2a-43d0-9a4b-6fae079a411a" />
      <TestMethod codeBase="D:\actions-runner\_work\XPCO\XPCO\MIP\PlatformPlugin\VideoOS.Platform\unittest\bin\Debug\net472\VideoOS.Platform.Tests.dll" adapterTypeName="executor://mstestadapter/v2" className="VideoOS.Platform.Tests.Metadata.FrameTests" name="ReadXml_ShouldReadObjectContents_WhenObjectIsPresent" />
    </UnitTest>
    <UnitTest name="BuildOverlayWidthHeightAlarm_ShouldReturnCorrectSizedBitmap_WhenArgumentContainsObjectAndRule" storage="d:\actions-runner\_work\xpco\xpco\mip\platformplugin\videoos.platform\unittest\bin\debug\net472\videoos.platform.tests.dll" id="32fbd952-cf12-ae2b-c5d4-e7f80c991d18">
      <Execution id="bc7e40a9-df61-415f-af87-0f06fb6d65f4" />
      <TestMethod codeBase="D:\actions-runner\_work\XPCO\XPCO\MIP\PlatformPlugin\VideoOS.Platform\unittest\bin\Debug\net472\VideoOS.Platform.Tests.dll" adapterTypeName="executor://mstestadapter/v2" className="VideoOS.Platform.Tests.Util.AnalyticsOverlayBuilderTests" name="BuildOverlayWidthHeightAlarm_ShouldReturnCorrectSizedBitmap_WhenArgumentContainsObjectAndRule" />
    </UnitTest>
    <UnitTest name="Serialize_TestCases (TestParentTypeMatchStructNotThisTypeMatchedProperty)" storage="d:\actions-runner\_work\xpco\xpco\mip\platformplugin\videoos.platform\unittest\bin\debug\net472\videoos.platform.tests.dll" id="4616a099-62a3-ac2b-8f4b-108aba4d58b6">
      <Execution id="0cad8fef-687d-4275-bacb-cd370ce24931" />
      <TestMethod codeBase="D:\actions-runner\_work\XPCO\XPCO\MIP\PlatformPlugin\VideoOS.Platform\unittest\bin\Debug\net472\VideoOS.Platform.Tests.dll" adapterTypeName="executor://mstestadapter/v2" className="VideoOS.Platform.Tests.UI.Controls.Automation.Serialization.AutomationObjectSerializerTest" name="Serialize_TestCases" />
    </UnitTest>
    <UnitTest name="Minimize_ShouldReturnEmptyList_WhenListIsEmpty" storage="d:\actions-runner\_work\xpco\xpco\mip\platformplugin\videoos.platform\unittest\bin\debug\net472\videoos.platform.tests.dll" id="c4ce90f1-597d-a003-4d5c-b418943cb443">
      <Execution id="fa1d292a-e796-4d35-a1af-ceea656e4cfb" />
      <TestMethod codeBase="D:\actions-runner\_work\XPCO\XPCO\MIP\PlatformPlugin\VideoOS.Platform\unittest\bin\Debug\net472\VideoOS.Platform.Tests.dll" adapterTypeName="executor://mstestadapter/v2" className="VideoOS.Platform.Tests.Util.TimeIntervalTests" name="Minimize_ShouldReturnEmptyList_WhenListIsEmpty" />
    </UnitTest>
    <UnitTest name="GetNext_ShouldReturnNextDataInCache_WhenDataIsCached" storage="d:\actions-runner\_work\xpco\xpco\mip\platformplugin\videoos.platform\unittest\bin\debug\net472\videoos.platform.tests.dll" id="d6caf9a4-3f9a-074e-1dad-d39d3f06a0e6">
      <Execution id="dd260cc9-6ced-4c80-aaa0-24f9ff2112ba" />
      <TestMethod codeBase="D:\actions-runner\_work\XPCO\XPCO\MIP\PlatformPlugin\VideoOS.Platform\unittest\bin\Debug\net472\VideoOS.Platform.Tests.dll" adapterTypeName="executor://mstestadapter/v2" className="VideoOS.Platform.Tests.Data.MetadataPlaybackSourceTests" name="GetNext_ShouldReturnNextDataInCache_WhenDataIsCached" />
    </UnitTest>
    <UnitTest name="Clear_ShouldInvokeCallback_WhenObservable" storage="d:\actions-runner\_work\xpco\xpco\mip\platformplugin\videoos.platform\unittest\bin\debug\net472\videoos.platform.tests.dll" id="a83a69b8-4523-62af-550e-9c72857a22cc">
      <Execution id="fe913338-2a25-4c16-b143-0f7f64e2b133" />
      <TestMethod codeBase="D:\actions-runner\_work\XPCO\XPCO\MIP\PlatformPlugin\VideoOS.Platform\unittest\bin\Debug\net472\VideoOS.Platform.Tests.dll" adapterTypeName="executor://mstestadapter/v2" className="VideoOS.Platform.Tests.UI.Controls.CollectionHelperTest" name="Clear_ShouldInvokeCallback_WhenObservable" />
    </UnitTest>
    <UnitTest name="FlushAll_ShouldClearCache" storage="d:\actions-runner\_work\xpco\xpco\mip\platformplugin\videoos.platform\unittest\bin\debug\net472\videoos.platform.tests.dll" id="1fc86256-4383-79f5-2623-3a4a27ec4fd7">
      <Execution id="84a44458-b87c-4acb-8a64-3746773ed64c" />
      <TestMethod codeBase="D:\actions-runner\_work\XPCO\XPCO\MIP\PlatformPlugin\VideoOS.Platform\unittest\bin\Debug\net472\VideoOS.Platform.Tests.dll" adapterTypeName="executor://mstestadapter/v2" className="VideoOS.Platform.Tests.Util.ConfigurationCacheTests" name="FlushAll_ShouldClearCache" />
    </UnitTest>
    <UnitTest name="HttpScheme_ShouldFollowHttpPort" storage="d:\actions-runner\_work\xpco\xpco\mip\platformplugin\videoos.platform\unittest\bin\debug\net472\videoos.platform.tests.dll" id="42d4745e-d9b8-f2e9-3bf0-8b9851599c44">
      <Execution id="14f9d71c-4ab1-4a0c-a8d6-ea9f8886f60b" />
      <TestMethod codeBase="D:\actions-runner\_work\XPCO\XPCO\MIP\PlatformPlugin\VideoOS.Platform\unittest\bin\Debug\net472\VideoOS.Platform.Tests.dll" adapterTypeName="executor://mstestadapter/v2" className="VideoOS.Platform.Tests.ServerIdTests" name="HttpScheme_ShouldFollowHttpPort" />
    </UnitTest>
    <UnitTest name="Encrypt_ShouldReturnInputAsIs" storage="d:\actions-runner\_work\xpco\xpco\mip\platformplugin\videoos.platform\unittest\bin\debug\net472\videoos.platform.tests.dll" id="5eeda859-d31c-69f8-fe90-55abee0d8512">
      <Execution id="de495c4b-0058-4dba-bebe-b915c765eecb" />
      <TestMethod codeBase="D:\actions-runner\_work\XPCO\XPCO\MIP\PlatformPlugin\VideoOS.Platform\unittest\bin\Debug\net472\VideoOS.Platform.Tests.dll" adapterTypeName="executor://mstestadapter/v2" className="VideoOS.Platform.Tests.License.LicenseCompatibilityHandlerTests" name="Encrypt_ShouldReturnInputAsIs" />
    </UnitTest>
    <UnitTest name="WriteXml_ShouldOmitFrameElement_WhenThereIsNoFramePresent" storage="d:\actions-runner\_work\xpco\xpco\mip\platformplugin\videoos.platform\unittest\bin\debug\net472\videoos.platform.tests.dll" id="b41e6145-298a-b0e7-b1a2-57aee45877f3">
      <Execution id="5dfb452d-ca72-4b63-a1a1-49d67c576494" />
      <TestMethod codeBase="D:\actions-runner\_work\XPCO\XPCO\MIP\PlatformPlugin\VideoOS.Platform\unittest\bin\Debug\net472\VideoOS.Platform.Tests.dll" adapterTypeName="executor://mstestadapter/v2" className="VideoOS.Platform.Tests.Metadata.VideoAnalyticsTests" name="WriteXml_ShouldOmitFrameElement_WhenThereIsNoFramePresent" />
    </UnitTest>
    <UnitTest name="RegionSelectionFilterValue_Serialize_Success" storage="d:\actions-runner\_work\xpco\xpco\mip\platformplugin\videoos.platform\unittest\bin\debug\net472\videoos.platform.tests.dll" id="09b10f58-104f-c055-d17e-ad9f69c01172">
      <TestCategory>
        <TestCategoryItem TestCategory="Search" />
      </TestCategory>
      <Execution id="3d155801-2fb7-4037-9c69-61852ba26de0" />
      <TestMethod codeBase="D:\actions-runner\_work\XPCO\XPCO\MIP\PlatformPlugin\VideoOS.Platform\unittest\bin\Debug\net472\VideoOS.Platform.Tests.dll" adapterTypeName="executor://mstestadapter/v2" className="VideoOS.Platform.Tests.Search.FilterValues.FilterValueTests" name="RegionSelectionFilterValue_Serialize_Success" />
    </UnitTest>
    <UnitTest name="Dequeue_NoItems_FailsAfterTimeout" storage="d:\actions-runner\_work\xpco\xpco\mip\platformplugin\videoos.platform\unittest\bin\debug\net472\videoos.platform.tests.dll" id="5779081c-72b8-3e22-5954-bdf5dfba82f5">
      <Execution id="05ba63d2-cf21-4418-833b-1105e0976559" />
      <TestMethod codeBase="D:\actions-runner\_work\XPCO\XPCO\MIP\PlatformPlugin\VideoOS.Platform\unittest\bin\Debug\net472\VideoOS.Platform.Tests.dll" adapterTypeName="executor://mstestadapter/v2" className="VideoOS.Platform.Tests.Util.Queue.ConcurrentQueueSlimTests" name="Dequeue_NoItems_FailsAfterTimeout" />
    </UnitTest>
    <UnitTest name="WriteXml_ShouldWriteBehaviourElement_WhenBehaviourIsNotNullAndHasBehaviour" storage="d:\actions-runner\_work\xpco\xpco\mip\platformplugin\videoos.platform\unittest\bin\debug\net472\videoos.platform.tests.dll" id="e7a87b1a-469f-3c38-ddd6-29b9b9cbec00">
      <Execution id="6f43b090-0106-4a77-9674-a345a621234d" />
      <TestMethod codeBase="D:\actions-runner\_work\XPCO\XPCO\MIP\PlatformPlugin\VideoOS.Platform\unittest\bin\Debug\net472\VideoOS.Platform.Tests.dll" adapterTypeName="executor://mstestadapter/v2" className="VideoOS.Platform.Tests.Metadata.OnvifObjectTests" name="WriteXml_ShouldWriteBehaviourElement_WhenBehaviourIsNotNullAndHasBehaviour" />
    </UnitTest>
    <UnitTest name="WriteXml_ShouldWriteTopAttribute_WhenAlays" storage="d:\actions-runner\_work\xpco\xpco\mip\platformplugin\videoos.platform\unittest\bin\debug\net472\videoos.platform.tests.dll" id="7fa99fc8-4dae-9088-0c08-813290a88ab6">
      <Execution id="e3628998-03a5-4340-9b43-80d4e3e620f6" />
      <TestMethod codeBase="D:\actions-runner\_work\XPCO\XPCO\MIP\PlatformPlugin\VideoOS.Platform\unittest\bin\Debug\net472\VideoOS.Platform.Tests.dll" adapterTypeName="executor://mstestadapter/v2" className="VideoOS.Platform.Tests.Metadata.RectangleTests" name="WriteXml_ShouldWriteTopAttribute_WhenAlays" />
    </UnitTest>
    <UnitTest name="Parse_UnclosedBracket" storage="d:\actions-runner\_work\xpco\xpco\mip\platformplugin\videoos.platform\unittest\bin\debug\net472\videoos.platform.tests.dll" id="e081911d-8f68-16dc-95b9-ce6ca0099b36">
      <Execution id="a452f86a-07a6-4608-a90e-94514d822388" />
      <TestMethod codeBase="D:\actions-runner\_work\XPCO\XPCO\MIP\PlatformPlugin\VideoOS.Platform\unittest\bin\Debug\net472\VideoOS.Platform.Tests.dll" adapterTypeName="executor://mstestadapter/v2" className="VideoOS.Platform.Tests.Proxy.RestApi.JsonReaderTests" name="Parse_UnclosedBracket" />
    </UnitTest>
    <UnitTest name="Items_EmptyList_TreeviewEmpty" storage="d:\actions-runner\_work\xpco\xpco\mip\platformplugin\videoos.platform\unittest\bin\debug\net472\videoos.platform.tests.dll" id="fc1fc2c4-ffdf-b544-ce27-92bf115fe30b">
      <Execution id="76848766-775e-4480-8798-2353a5f3a4d4" />
      <TestMethod codeBase="D:\actions-runner\_work\XPCO\XPCO\MIP\PlatformPlugin\VideoOS.Platform\unittest\bin\Debug\net472\VideoOS.Platform.Tests.dll" adapterTypeName="executor://mstestadapter/v2" className="VideoOS.Platform.Tests.UI.ItemPicker.ItemPickerViewModelTest" name="Items_EmptyList_TreeviewEmpty" />
    </UnitTest>
    <UnitTest name="SetEvents_ShouldAddProxyManager_WhenFrameworkContentElementIsLoaded" storage="d:\actions-runner\_work\xpco\xpco\mip\platformplugin\videoos.platform\unittest\bin\debug\net472\videoos.platform.tests.dll" id="ee569e33-e92a-4e12-13b7-cfb199db4a03">
      <TestCategory>
        <TestCategoryItem TestCategory="EventsToCommandMappings" />
      </TestCategory>
      <Execution id="195dc85f-102f-4b4b-930a-8391dee76029" />
      <TestMethod codeBase="D:\actions-runner\_work\XPCO\XPCO\MIP\PlatformPlugin\VideoOS.Platform\unittest\bin\Debug\net472\VideoOS.Platform.Tests.dll" adapterTypeName="executor://mstestadapter/v2" className="VideoOS.Platform.Tests.UI.Commands.EventsToCommandMappingTest" name="SetEvents_ShouldAddProxyManager_WhenFrameworkContentElementIsLoaded" />
    </UnitTest>
    <UnitTest name="LicensesObjectId_ShouldBeTheSameAsReleasedBeforeNonFips" storage="d:\actions-runner\_work\xpco\xpco\mip\platformplugin\videoos.platform\unittest\bin\debug\net472\videoos.platform.tests.dll" id="a17fc58f-03d2-d783-1f61-cc54e1b01c86">
      <Execution id="2f0f2350-2191-4adf-9a2a-d1424b08016b" />
      <TestMethod codeBase="D:\actions-runner\_work\XPCO\XPCO\MIP\PlatformPlugin\VideoOS.Platform\unittest\bin\Debug\net472\VideoOS.Platform.Tests.dll" adapterTypeName="executor://mstestadapter/v2" className="VideoOS.Platform.Tests.License.NonFipsLicenseCompatibilityHandlerTests" name="LicensesObjectId_ShouldBeTheSameAsReleasedBeforeNonFips" />
    </UnitTest>
    <UnitTest name="Enqueue_Success" storage="d:\actions-runner\_work\xpco\xpco\mip\platformplugin\videoos.platform\unittest\bin\debug\net472\videoos.platform.tests.dll" id="53b81941-356a-16a1-a951-ad2b635230e2">
      <Execution id="05a69ba1-c8f2-4105-b1e1-4b362a00b732" />
      <TestMethod codeBase="D:\actions-runner\_work\XPCO\XPCO\MIP\PlatformPlugin\VideoOS.Platform\unittest\bin\Debug\net472\VideoOS.Platform.Tests.dll" adapterTypeName="executor://mstestadapter/v2" className="VideoOS.Platform.Tests.Util.Queue.ConcurrentQueueSlimTests" name="Enqueue_Success" />
    </UnitTest>
    <UnitTest name="CreateSearchResultUserControl_MultiplePluginsSameResultType_LastPluginWins" storage="d:\actions-runner\_work\xpco\xpco\mip\platformplugin\videoos.platform\unittest\bin\debug\net472\videoos.platform.tests.dll" id="6133b6d9-a9f1-1617-1674-43e83f8cc1f4">
      <TestCategory>
        <TestCategoryItem TestCategory="Search" />
      </TestCategory>
      <Execution id="12e9f0e0-d03d-4cfb-b38b-09aff0e32a7f" />
      <TestMethod codeBase="D:\actions-runner\_work\XPCO\XPCO\MIP\PlatformPlugin\VideoOS.Platform\unittest\bin\Debug\net472\VideoOS.Platform.Tests.dll" adapterTypeName="executor://mstestadapter/v2" className="VideoOS.Platform.Tests.Search.SearchUserControlResolverTest" name="CreateSearchResultUserControl_MultiplePluginsSameResultType_LastPluginWins" />
    </UnitTest>
    <UnitTest name="GetPreviousDateTime_ShouldReturnLastDataEntityFromSecondToolkitCall_WhenDateIsEqualOrBeforeLastCachedValue" storage="d:\actions-runner\_work\xpco\xpco\mip\platformplugin\videoos.platform\unittest\bin\debug\net472\videoos.platform.tests.dll" id="f1b429c9-236c-37a4-5790-ad48b8bcac95">
      <Execution id="f556e0b2-2120-4187-890f-e21d56903016" />
      <TestMethod codeBase="D:\actions-runner\_work\XPCO\XPCO\MIP\PlatformPlugin\VideoOS.Platform\unittest\bin\Debug\net472\VideoOS.Platform.Tests.dll" adapterTypeName="executor://mstestadapter/v2" className="VideoOS.Platform.Tests.Data.MetadataPlaybackSourceTests" name="GetPreviousDateTime_ShouldReturnLastDataEntityFromSecondToolkitCall_WhenDateIsEqualOrBeforeLastCachedValue" />
    </UnitTest>
    <UnitTest name="GenerateBoundingBoxDevice_ShouldReturnDeviceWithCorrectTypes_WhenAlways" storage="d:\actions-runner\_work\xpco\xpco\mip\platformplugin\videoos.platform\unittest\bin\debug\net472\videoos.platform.tests.dll" id="0465a107-5afa-65eb-a10c-77e89846ff26">
      <Execution id="ecb462a8-f0b3-4d11-af56-68cf0c425b80" />
      <TestMethod codeBase="D:\actions-runner\_work\XPCO\XPCO\MIP\PlatformPlugin\VideoOS.Platform\unittest\bin\Debug\net472\VideoOS.Platform.Tests.dll" adapterTypeName="executor://mstestadapter/v2" className="VideoOS.Platform.Tests.Data.MetadataDeviceDefintionTests" name="GenerateBoundingBoxDevice_ShouldReturnDeviceWithCorrectTypes_WhenAlways" />
    </UnitTest>
    <UnitTest name="CreateSearchResultUserControl_PluginReturnsNull_ReturnsNull" storage="d:\actions-runner\_work\xpco\xpco\mip\platformplugin\videoos.platform\unittest\bin\debug\net472\videoos.platform.tests.dll" id="b789a227-1d2f-c14a-41cf-d52a7a553222">
      <TestCategory>
        <TestCategoryItem TestCategory="Search" />
      </TestCategory>
      <Execution id="9a3e5558-c35e-442e-911d-c293c0c476a3" />
      <TestMethod codeBase="D:\actions-runner\_work\XPCO\XPCO\MIP\PlatformPlugin\VideoOS.Platform\unittest\bin\Debug\net472\VideoOS.Platform.Tests.dll" adapterTypeName="executor://mstestadapter/v2" className="VideoOS.Platform.Tests.Search.SearchUserControlResolverTest" name="CreateSearchResultUserControl_PluginReturnsNull_ReturnsNull" />
    </UnitTest>
    <UnitTest name="EqualGuids_Ignore_Fail_OnKind" storage="d:\actions-runner\_work\xpco\xpco\mip\platformplugin\videoos.platform\unittest\bin\debug\net472\videoos.platform.tests.dll" id="b147c839-1adf-f8ae-0b25-dc9dcffe119b">
      <Execution id="eb859400-a589-4ecc-8c8a-e7abb308ab60" />
      <TestMethod codeBase="D:\actions-runner\_work\XPCO\XPCO\MIP\PlatformPlugin\VideoOS.Platform\unittest\bin\Debug\net472\VideoOS.Platform.Tests.dll" adapterTypeName="executor://mstestadapter/v2" className="VideoOS.Platform.Tests.FQIDtests" name="EqualGuids_Ignore_Fail_OnKind" />
    </UnitTest>
    <UnitTest name="GetIdFromPath_ShouldReturnEmptyString_WhenPathContainsEmptyId" storage="d:\actions-runner\_work\xpco\xpco\mip\platformplugin\videoos.platform\unittest\bin\debug\net472\videoos.platform.tests.dll" id="f6984f1a-4523-b1ef-118a-5c1d7f7ca1aa">
      <Execution id="f5a442ee-14a9-4a88-8f0b-9d841a49e71d" />
      <TestMethod codeBase="D:\actions-runner\_work\XPCO\XPCO\MIP\PlatformPlugin\VideoOS.Platform\unittest\bin\Debug\net472\VideoOS.Platform.Tests.dll" adapterTypeName="executor://mstestadapter/v2" className="VideoOS.Platform.Tests.ConfigurationItems.FactoryTests" name="GetIdFromPath_ShouldReturnEmptyString_WhenPathContainsEmptyId" />
    </UnitTest>
    <UnitTest name="Enqueue_TwoProducers_Success" storage="d:\actions-runner\_work\xpco\xpco\mip\platformplugin\videoos.platform\unittest\bin\debug\net472\videoos.platform.tests.dll" id="d70deda9-d414-d7bd-403c-5fb9de797fb3">
      <Execution id="505055a5-a3eb-4f3b-a2b7-c951c93e3f42" />
      <TestMethod codeBase="D:\actions-runner\_work\XPCO\XPCO\MIP\PlatformPlugin\VideoOS.Platform\unittest\bin\Debug\net472\VideoOS.Platform.Tests.dll" adapterTypeName="executor://mstestadapter/v2" className="VideoOS.Platform.Tests.Util.Queue.ConcurrentQueueSlimTests" name="Enqueue_TwoProducers_Success" />
    </UnitTest>
    <UnitTest name="GenerateDeviceParameters_ShouldWriteCorrectFps_WhenFpsIsInRange" storage="d:\actions-runner\_work\xpco\xpco\mip\platformplugin\videoos.platform\unittest\bin\debug\net472\videoos.platform.tests.dll" id="5737235c-4c26-da22-d231-8a538d9299e8">
      <Execution id="a6c84ff6-66f7-4aee-b0d3-bc059e51bd7b" />
      <TestMethod codeBase="D:\actions-runner\_work\XPCO\XPCO\MIP\PlatformPlugin\VideoOS.Platform\unittest\bin\Debug\net472\VideoOS.Platform.Tests.dll" adapterTypeName="executor://mstestadapter/v2" className="VideoOS.Platform.Tests.Data.CameraDeviceDefinitionTests" name="GenerateDeviceParameters_ShouldWriteCorrectFps_WhenFpsIsInRange" />
    </UnitTest>
    <UnitTest name="WriteXml_ShouldWriteRightAttribute_WhenAlays" storage="d:\actions-runner\_work\xpco\xpco\mip\platformplugin\videoos.platform\unittest\bin\debug\net472\videoos.platform.tests.dll" id="73ec9274-5d95-cb62-60ca-c2f3ce2346e6">
      <Execution id="8d946094-f9aa-4cad-a6fd-a963f7931658" />
      <TestMethod codeBase="D:\actions-runner\_work\XPCO\XPCO\MIP\PlatformPlugin\VideoOS.Platform\unittest\bin\Debug\net472\VideoOS.Platform.Tests.dll" adapterTypeName="executor://mstestadapter/v2" className="VideoOS.Platform.Tests.Metadata.RectangleTests" name="WriteXml_ShouldWriteRightAttribute_WhenAlays" />
    </UnitTest>
    <UnitTest name="CreateSearchResultUserControl_MultiplePlugins_MilestonePluginsFirst" storage="d:\actions-runner\_work\xpco\xpco\mip\platformplugin\videoos.platform\unittest\bin\debug\net472\videoos.platform.tests.dll" id="e6e395b4-3b84-d36a-a38c-e5e638fee7fb">
      <TestCategory>
        <TestCategoryItem TestCategory="Search" />
      </TestCategory>
      <Execution id="d86e5504-03a3-4c46-9564-31f09aef4ec0" />
      <TestMethod codeBase="D:\actions-runner\_work\XPCO\XPCO\MIP\PlatformPlugin\VideoOS.Platform\unittest\bin\Debug\net472\VideoOS.Platform.Tests.dll" adapterTypeName="executor://mstestadapter/v2" className="VideoOS.Platform.Tests.Search.SearchUserControlResolverTest" name="CreateSearchResultUserControl_MultiplePlugins_MilestonePluginsFirst" />
    </UnitTest>
    <UnitTest name="TryParseArgbString_ShouldReturnTrue_WithCorrectARGBValuesWhenFormatIsCorrect" storage="d:\actions-runner\_work\xpco\xpco\mip\platformplugin\videoos.platform\unittest\bin\debug\net472\videoos.platform.tests.dll" id="774975d0-338f-cf44-fe77-bf25f6734c5b">
      <Execution id="0dcef8ca-10af-4ae0-bd91-4611295e9209" />
      <TestMethod codeBase="D:\actions-runner\_work\XPCO\XPCO\MIP\PlatformPlugin\VideoOS.Platform\unittest\bin\Debug\net472\VideoOS.Platform.Tests.dll" adapterTypeName="executor://mstestadapter/v2" className="VideoOS.Platform.Tests.Metadata.DisplayColorTests" name="TryParseArgbString_ShouldReturnTrue_WithCorrectARGBValuesWhenFormatIsCorrect" />
    </UnitTest>
    <UnitTest name="Match_Fail_NullType_WrongType_Single" storage="d:\actions-runner\_work\xpco\xpco\mip\platformplugin\videoos.platform\unittest\bin\debug\net472\videoos.platform.tests.dll" id="d024cbbc-cd6e-1273-02ea-1e58d1fbe142">
      <Execution id="3038748c-ab2d-4917-87c6-f5751c171464" />
      <TestMethod codeBase="D:\actions-runner\_work\XPCO\XPCO\MIP\PlatformPlugin\VideoOS.Platform\unittest\bin\Debug\net472\VideoOS.Platform.Tests.dll" adapterTypeName="executor://mstestadapter/v2" className="VideoOS.Platform.Tests.Messaging.CommunicationIdFilterTests" name="Match_Fail_NullType_WrongType_Single" />
    </UnitTest>
    <UnitTest name="Construct4_And_Field_Check" storage="d:\actions-runner\_work\xpco\xpco\mip\platformplugin\videoos.platform\unittest\bin\debug\net472\videoos.platform.tests.dll" id="acd28437-0e13-f5d1-fe2d-ceccbcc0b0d8">
      <Execution id="b0183e53-2bf6-42e1-a9a0-e1903adb866f" />
      <TestMethod codeBase="D:\actions-runner\_work\XPCO\XPCO\MIP\PlatformPlugin\VideoOS.Platform\unittest\bin\Debug\net472\VideoOS.Platform.Tests.dll" adapterTypeName="executor://mstestadapter/v2" className="VideoOS.Platform.Tests.ItemTests" name="Construct4_And_Field_Check" />
    </UnitTest>
    <UnitTest name="GetAtOrBefore_ShouldReturnLastElement_WhenTimestampIsSameAsLastElement" storage="d:\actions-runner\_work\xpco\xpco\mip\platformplugin\videoos.platform\unittest\bin\debug\net472\videoos.platform.tests.dll" id="7d577a3c-0602-a0a6-e9b5-1f43ff437a96">
      <Execution id="af7eae90-1666-4bef-893d-9b44db2907c8" />
      <TestMethod codeBase="D:\actions-runner\_work\XPCO\XPCO\MIP\PlatformPlugin\VideoOS.Platform\unittest\bin\Debug\net472\VideoOS.Platform.Tests.dll" adapterTypeName="executor://mstestadapter/v2" className="VideoOS.Platform.Tests.Data.MetadataCacheTests" name="GetAtOrBefore_ShouldReturnLastElement_WhenTimestampIsSameAsLastElement" />
    </UnitTest>
    <UnitTest name="GetColorFilterValues_FilterValueMissing_ReturnsEmptyCollection" storage="d:\actions-runner\_work\xpco\xpco\mip\platformplugin\videoos.platform\unittest\bin\debug\net472\videoos.platform.tests.dll" id="cd1d2fd6-a556-1869-618e-8799c1c10a94">
      <TestCategory>
        <TestCategoryItem TestCategory="Search" />
      </TestCategory>
      <Execution id="cb05b287-62ae-4227-a1cc-817ed6ba3113" />
      <TestMethod codeBase="D:\actions-runner\_work\XPCO\XPCO\MIP\PlatformPlugin\VideoOS.Platform\unittest\bin\Debug\net472\VideoOS.Platform.Tests.dll" adapterTypeName="executor://mstestadapter/v2" className="VideoOS.Platform.Tests.Search.FilterCategories.VehicleSearchFilterCategoryTest" name="GetColorFilterValues_FilterValueMissing_ReturnsEmptyCollection" />
    </UnitTest>
    <UnitTest name="WriteXml_ShouldWriteShapeElement_WhenShapeIsNotNull" storage="d:\actions-runner\_work\xpco\xpco\mip\platformplugin\videoos.platform\unittest\bin\debug\net472\videoos.platform.tests.dll" id="26609db5-8fe4-7221-64d2-19aa74512834">
      <Execution id="62308caa-38d5-43f7-9d88-c76655de0442" />
      <TestMethod codeBase="D:\actions-runner\_work\XPCO\XPCO\MIP\PlatformPlugin\VideoOS.Platform\unittest\bin\Debug\net472\VideoOS.Platform.Tests.dll" adapterTypeName="executor://mstestadapter/v2" className="VideoOS.Platform.Tests.Metadata.AppearanceTests" name="WriteXml_ShouldWriteShapeElement_WhenShapeIsNotNull" />
    </UnitTest>
    <UnitTest name="Hash_Check" storage="d:\actions-runner\_work\xpco\xpco\mip\platformplugin\videoos.platform\unittest\bin\debug\net472\videoos.platform.tests.dll" id="5c99a102-e3d2-3ea7-d358-687ae3a56806">
      <Execution id="4129b10a-57f5-4b3b-b1f0-001b6f290ff9" />
      <TestMethod codeBase="D:\actions-runner\_work\XPCO\XPCO\MIP\PlatformPlugin\VideoOS.Platform\unittest\bin\Debug\net472\VideoOS.Platform.Tests.dll" adapterTypeName="executor://mstestadapter/v2" className="VideoOS.Platform.Tests.Messaging.CommunicationIdFilterTests" name="Hash_Check" />
    </UnitTest>
    <UnitTest name="Ctor_WhitespaceName_Throws" storage="d:\actions-runner\_work\xpco\xpco\mip\platformplugin\videoos.platform\unittest\bin\debug\net472\videoos.platform.tests.dll" id="07804473-e40a-283c-1bf0-1e8f6fcff5c4">
      <TestCategory>
        <TestCategoryItem TestCategory="Search" />
      </TestCategory>
      <Execution id="3bbdc3da-10c9-4076-86e3-491e523de25b" />
      <TestMethod codeBase="D:\actions-runner\_work\XPCO\XPCO\MIP\PlatformPlugin\VideoOS.Platform\unittest\bin\Debug\net472\VideoOS.Platform.Tests.dll" adapterTypeName="executor://mstestadapter/v2" className="VideoOS.Platform.Tests.Search.FilterCategories.PersonSearchFilterCategoryTest" name="Ctor_WhitespaceName_Throws" />
    </UnitTest>
    <UnitTest name="Remove_NullItem_DoesNotCrash" storage="d:\actions-runner\_work\xpco\xpco\mip\platformplugin\videoos.platform\unittest\bin\debug\net472\videoos.platform.tests.dll" id="c59043ee-e462-ae6f-68e0-aa6381ac3c86">
      <Execution id="3b7e6dee-ee82-43ee-a26a-76fb38202e0a" />
      <TestMethod codeBase="D:\actions-runner\_work\XPCO\XPCO\MIP\PlatformPlugin\VideoOS.Platform\unittest\bin\Debug\net472\VideoOS.Platform.Tests.dll" adapterTypeName="executor://mstestadapter/v2" className="VideoOS.Platform.Tests.Util.Queue.ConcurrentQueueSlimTests" name="Remove_NullItem_DoesNotCrash" />
    </UnitTest>
    <UnitTest name="GenerateParameters_ShouldOmitFpsRange_WhenFpsRangeIsNull" storage="d:\actions-runner\_work\xpco\xpco\mip\platformplugin\videoos.platform\unittest\bin\debug\net472\videoos.platform.tests.dll" id="dbc5d189-251d-e27f-7817-a46019f321c1">
      <Execution id="ca8e58c4-10f8-407a-b3f3-875c9a9689cd" />
      <TestMethod codeBase="D:\actions-runner\_work\XPCO\XPCO\MIP\PlatformPlugin\VideoOS.Platform\unittest\bin\Debug\net472\VideoOS.Platform.Tests.dll" adapterTypeName="executor://mstestadapter/v2" className="VideoOS.Platform.Tests.Data.CameraDeviceDefinitionTests" name="GenerateParameters_ShouldOmitFpsRange_WhenFpsRangeIsNull" />
    </UnitTest>
    <UnitTest name="WriteXml_ShouldWriteObjectIdAttribute_Always" storage="d:\actions-runner\_work\xpco\xpco\mip\platformplugin\videoos.platform\unittest\bin\debug\net472\videoos.platform.tests.dll" id="0928c4fd-5774-fb06-0445-b9d9e3756a8d">
      <Execution id="17c92651-e893-4d27-bfe5-3f4a5ea4d230" />
      <TestMethod codeBase="D:\actions-runner\_work\XPCO\XPCO\MIP\PlatformPlugin\VideoOS.Platform\unittest\bin\Debug\net472\VideoOS.Platform.Tests.dll" adapterTypeName="executor://mstestadapter/v2" className="VideoOS.Platform.Tests.Metadata.OnvifObjectTests" name="WriteXml_ShouldWriteObjectIdAttribute_Always" />
    </UnitTest>
    <UnitTest name="Serialize_TestCases (TestParentTypeMatchObjectNotThisTypeMatchedProperty)" storage="d:\actions-runner\_work\xpco\xpco\mip\platformplugin\videoos.platform\unittest\bin\debug\net472\videoos.platform.tests.dll" id="8ae8a56f-860e-70a2-1edd-b4adad04ade1">
      <Execution id="2adf36f8-6f7f-49e3-9966-29c11f281271" />
      <TestMethod codeBase="D:\actions-runner\_work\XPCO\XPCO\MIP\PlatformPlugin\VideoOS.Platform\unittest\bin\Debug\net472\VideoOS.Platform.Tests.dll" adapterTypeName="executor://mstestadapter/v2" className="VideoOS.Platform.Tests.UI.Controls.Automation.Serialization.AutomationObjectSerializerTest" name="Serialize_TestCases" />
    </UnitTest>
    <UnitTest name="ReadXml_ShouldLogWarning_WhenTypeIsNotPresent" storage="d:\actions-runner\_work\xpco\xpco\mip\platformplugin\videoos.platform\unittest\bin\debug\net472\videoos.platform.tests.dll" id="d0ba50f6-c050-7856-3856-4bb2c3dada0c">
      <Execution id="4bf2b540-ed41-4381-8947-f68f0d018ace" />
      <TestMethod codeBase="D:\actions-runner\_work\XPCO\XPCO\MIP\PlatformPlugin\VideoOS.Platform\unittest\bin\Debug\net472\VideoOS.Platform.Tests.dll" adapterTypeName="executor://mstestadapter/v2" className="VideoOS.Platform.Tests.Metadata.ClassCandidateTests" name="ReadXml_ShouldLogWarning_WhenTypeIsNotPresent" />
    </UnitTest>
    <UnitTest name="GetAgeFilterValue_NullCriteria_Throws" storage="d:\actions-runner\_work\xpco\xpco\mip\platformplugin\videoos.platform\unittest\bin\debug\net472\videoos.platform.tests.dll" id="dfc15ed8-7724-9a59-ed0c-37d1b022994b">
      <TestCategory>
        <TestCategoryItem TestCategory="Search" />
      </TestCategory>
      <Execution id="375e4857-84f3-4a8c-8ff8-2dad76ced74e" />
      <TestMethod codeBase="D:\actions-runner\_work\XPCO\XPCO\MIP\PlatformPlugin\VideoOS.Platform\unittest\bin\Debug\net472\VideoOS.Platform.Tests.dll" adapterTypeName="executor://mstestadapter/v2" className="VideoOS.Platform.Tests.Search.FilterCategories.PersonSearchFilterCategoryTest" name="GetAgeFilterValue_NullCriteria_Throws" />
    </UnitTest>
    <UnitTest name="CreateSearchFilterEditControl_SinglePluginMultipleUserControlsPlugins_Success" storage="d:\actions-runner\_work\xpco\xpco\mip\platformplugin\videoos.platform\unittest\bin\debug\net472\videoos.platform.tests.dll" id="64385f08-1561-0f65-f649-9eea3016a34f">
      <TestCategory>
        <TestCategoryItem TestCategory="Search" />
      </TestCategory>
      <Execution id="bac6ef46-8598-4988-82f9-cc7c70a7fd10" />
      <TestMethod codeBase="D:\actions-runner\_work\XPCO\XPCO\MIP\PlatformPlugin\VideoOS.Platform\unittest\bin\Debug\net472\VideoOS.Platform.Tests.dll" adapterTypeName="executor://mstestadapter/v2" className="VideoOS.Platform.Tests.Search.SearchUserControlResolverTest" name="CreateSearchFilterEditControl_SinglePluginMultipleUserControlsPlugins_Success" />
    </UnitTest>
    <UnitTest name="SearchResultData_RelatedItems_Success" storage="d:\actions-runner\_work\xpco\xpco\mip\platformplugin\videoos.platform\unittest\bin\debug\net472\videoos.platform.tests.dll" id="a17307f7-bfca-392d-97bb-4da7ab99cc40">
      <TestCategory>
        <TestCategoryItem TestCategory="Search" />
      </TestCategory>
      <Execution id="869bf6f9-63bb-4576-ac52-1d14bc65ff12" />
      <TestMethod codeBase="D:\actions-runner\_work\XPCO\XPCO\MIP\PlatformPlugin\VideoOS.Platform\unittest\bin\Debug\net472\VideoOS.Platform.Tests.dll" adapterTypeName="executor://mstestadapter/v2" className="VideoOS.Platform.Tests.Search.SearchResultDataTest" name="SearchResultData_RelatedItems_Success" />
    </UnitTest>
    <UnitTest name="FindCacheEntryAfter_ShuldReturnNull_WhenThereAreNoEntriesAfterTheTimestamp" storage="d:\actions-runner\_work\xpco\xpco\mip\platformplugin\videoos.platform\unittest\bin\debug\net472\videoos.platform.tests.dll" id="48e1001e-d788-4f1f-114b-b2f616ae9b17">
      <Execution id="dbeddcbc-e9e5-4d4f-a4f5-a54c7bfe7acb" />
      <TestMethod codeBase="D:\actions-runner\_work\XPCO\XPCO\MIP\PlatformPlugin\VideoOS.Platform\unittest\bin\Debug\net472\VideoOS.Platform.Tests.dll" adapterTypeName="executor://mstestadapter/v2" className="VideoOS.Platform.Tests.Data.MetadataCacheTests" name="FindCacheEntryAfter_ShuldReturnNull_WhenThereAreNoEntriesAfterTheTimestamp" />
    </UnitTest>
    <UnitTest name="IsValid_ShouldBeSetToTrue_WhenValidBoundingBoxAndCenterOfGravityIsMissing" storage="d:\actions-runner\_work\xpco\xpco\mip\platformplugin\videoos.platform\unittest\bin\debug\net472\videoos.platform.tests.dll" id="5c447ad0-5dd2-2fa2-d091-548bf019cae3">
      <Execution id="37e5b45f-7601-49bd-9d67-1b9d2b38bc80" />
      <TestMethod codeBase="D:\actions-runner\_work\XPCO\XPCO\MIP\PlatformPlugin\VideoOS.Platform\unittest\bin\Debug\net472\VideoOS.Platform.Tests.dll" adapterTypeName="executor://mstestadapter/v2" className="VideoOS.Platform.Tests.Metadata.ShapeTests" name="IsValid_ShouldBeSetToTrue_WhenValidBoundingBoxAndCenterOfGravityIsMissing" />
    </UnitTest>
    <UnitTest name="Azimuth_ShouldThrowArgumentOfRange_WhenValueIsOutsideAcceptedRange" storage="d:\actions-runner\_work\xpco\xpco\mip\platformplugin\videoos.platform\unittest\bin\debug\net472\videoos.platform.tests.dll" id="78d59ed4-95ad-480d-6b34-b1db04166f61">
      <Execution id="261802a3-6f24-42e2-8334-c726040dde6e" />
      <TestMethod codeBase="D:\actions-runner\_work\XPCO\XPCO\MIP\PlatformPlugin\VideoOS.Platform\unittest\bin\Debug\net472\VideoOS.Platform.Tests.dll" adapterTypeName="executor://mstestadapter/v2" className="VideoOS.Platform.Tests.Metadata.NavigationalDataTests" name="Azimuth_ShouldThrowArgumentOfRange_WhenValueIsOutsideAcceptedRange" />
    </UnitTest>
    <UnitTest name="Construct1_And_Field_Check" storage="d:\actions-runner\_work\xpco\xpco\mip\platformplugin\videoos.platform\unittest\bin\debug\net472\videoos.platform.tests.dll" id="dacce14d-9756-2798-fd98-fb15b8b3c6f4">
      <Execution id="37149230-016d-4c2e-8fd2-2299783370c3" />
      <TestMethod codeBase="D:\actions-runner\_work\XPCO\XPCO\MIP\PlatformPlugin\VideoOS.Platform\unittest\bin\Debug\net472\VideoOS.Platform.Tests.dll" adapterTypeName="executor://mstestadapter/v2" className="VideoOS.Platform.Tests.ItemTests" name="Construct1_And_Field_Check" />
    </UnitTest>
    <UnitTest name="AddItem_AnalyticsEvent_Success" storage="d:\actions-runner\_work\xpco\xpco\mip\platformplugin\videoos.platform\unittest\bin\debug\net472\videoos.platform.tests.dll" id="b00ecc30-ada6-8010-f3a3-4abf75838207">
      <Execution id="cf7dd3b5-cc57-4897-9f5f-8cc1736bf300" />
      <TestMethod codeBase="D:\actions-runner\_work\XPCO\XPCO\MIP\PlatformPlugin\VideoOS.Platform\unittest\bin\Debug\net472\VideoOS.Platform.Tests.dll" adapterTypeName="executor://mstestadapter/v2" className="VideoOS.Platform.Tests.Proxy.RestApi.RestApiClientDecoratorTests" name="AddItem_AnalyticsEvent_Success" />
    </UnitTest>
    <UnitTest name="ReadXml_ShouldIgnoreUnknownChildren_WhenUnknownChildrenArePresent" storage="d:\actions-runner\_work\xpco\xpco\mip\platformplugin\videoos.platform\unittest\bin\debug\net472\videoos.platform.tests.dll" id="88c1b25e-ba16-57cd-c6d8-d1d74e524e76">
      <Execution id="5a6115f6-6508-4f9b-9fcc-9291d804c7f2" />
      <TestMethod codeBase="D:\actions-runner\_work\XPCO\XPCO\MIP\PlatformPlugin\VideoOS.Platform\unittest\bin\Debug\net472\VideoOS.Platform.Tests.dll" adapterTypeName="executor://mstestadapter/v2" className="VideoOS.Platform.Tests.Metadata.ShapeTests" name="ReadXml_ShouldIgnoreUnknownChildren_WhenUnknownChildrenArePresent" />
    </UnitTest>
    <UnitTest name="MatchId_Success_MessageWithAsteriskAtBegin" storage="d:\actions-runner\_work\xpco\xpco\mip\platformplugin\videoos.platform\unittest\bin\debug\net472\videoos.platform.tests.dll" id="b28c88a2-048a-f43d-3028-a27e0105d7d5">
      <Execution id="c6b37d23-bada-4bad-86a8-e6c5851d3898" />
      <TestMethod codeBase="D:\actions-runner\_work\XPCO\XPCO\MIP\PlatformPlugin\VideoOS.Platform\unittest\bin\Debug\net472\VideoOS.Platform.Tests.dll" adapterTypeName="executor://mstestadapter/v2" className="VideoOS.Platform.Tests.Messaging.CommunicationIdFilterTests" name="MatchId_Success_MessageWithAsteriskAtBegin" />
    </UnitTest>
    <UnitTest name="GetCompatibilityHandler_ShouldReturnFips_WhenCallingFipsCompliantSystem_21_1" storage="d:\actions-runner\_work\xpco\xpco\mip\platformplugin\videoos.platform\unittest\bin\debug\net472\videoos.platform.tests.dll" id="c89277b5-bdbb-4718-3fdc-952f1cd089bd">
      <Execution id="e80906e9-8eff-4a4d-958f-1e0c8c39a27d" />
      <TestMethod codeBase="D:\actions-runner\_work\XPCO\XPCO\MIP\PlatformPlugin\VideoOS.Platform\unittest\bin\Debug\net472\VideoOS.Platform.Tests.dll" adapterTypeName="executor://mstestadapter/v2" className="VideoOS.Platform.Tests.License.LicenseManagerTests" name="GetCompatibilityHandler_ShouldReturnFips_WhenCallingFipsCompliantSystem_21_1" />
    </UnitTest>
    <UnitTest name="CountByItems_Activated_CountByCounter_TrialExpired" storage="d:\actions-runner\_work\xpco\xpco\mip\platformplugin\videoos.platform\unittest\bin\debug\net472\videoos.platform.tests.dll" id="25a2ab59-4e6b-8585-ad34-1909dafc5c3e">
      <Execution id="b6bb1d22-1353-4b12-91da-24944ec89dd4" />
      <TestMethod codeBase="D:\actions-runner\_work\XPCO\XPCO\MIP\PlatformPlugin\VideoOS.Platform\unittest\bin\Debug\net472\VideoOS.Platform.Tests.dll" adapterTypeName="executor://mstestadapter/v2" className="VideoOS.Platform.Tests.License.ResolvedLicenseCountTest" name="CountByItems_Activated_CountByCounter_TrialExpired" />
    </UnitTest>
    <UnitTest name="Serialize_TestCases (Verify root Double property)" storage="d:\actions-runner\_work\xpco\xpco\mip\platformplugin\videoos.platform\unittest\bin\debug\net472\videoos.platform.tests.dll" id="ccde4230-00f3-bcda-817d-3ae2aeeb86b6">
      <Execution id="b9fe029a-019d-4930-aadc-fb19d070cddf" />
      <TestMethod codeBase="D:\actions-runner\_work\XPCO\XPCO\MIP\PlatformPlugin\VideoOS.Platform\unittest\bin\Debug\net472\VideoOS.Platform.Tests.dll" adapterTypeName="executor://mstestadapter/v2" className="VideoOS.Platform.Tests.UI.Controls.Automation.Serialization.AutomationObjectSerializerTest" name="Serialize_TestCases" />
    </UnitTest>
    <UnitTest name="FallbackDisplayValue_SingleValueSet_ReturnsSingleValue" storage="d:\actions-runner\_work\xpco\xpco\mip\platformplugin\videoos.platform\unittest\bin\debug\net472\videoos.platform.tests.dll" id="b2b2d43b-9d87-4971-7001-e6990369b6c8">
      <TestCategory>
        <TestCategoryItem TestCategory="Search" />
      </TestCategory>
      <Execution id="b75f3f50-5f4d-4c14-99a1-cd6b74f16b6f" />
      <TestMethod codeBase="D:\actions-runner\_work\XPCO\XPCO\MIP\PlatformPlugin\VideoOS.Platform\unittest\bin\Debug\net472\VideoOS.Platform.Tests.dll" adapterTypeName="executor://mstestadapter/v2" className="VideoOS.Platform.Tests.Search.MultipleSelectionFilterValueTest" name="FallbackDisplayValue_SingleValueSet_ReturnsSingleValue" />
    </UnitTest>
    <UnitTest name="Constructor_ShouldThrowArgumentException_WhenTheStartAndEndTimeKindsAreDifferent" storage="d:\actions-runner\_work\xpco\xpco\mip\platformplugin\videoos.platform\unittest\bin\debug\net472\videoos.platform.tests.dll" id="6ec6fd22-7feb-d279-20aa-2b6bde4591a6">
      <Execution id="0496bbb5-f365-4a61-9794-aeb93a9af18a" />
      <TestMethod codeBase="D:\actions-runner\_work\XPCO\XPCO\MIP\PlatformPlugin\VideoOS.Platform\unittest\bin\Debug\net472\VideoOS.Platform.Tests.dll" adapterTypeName="executor://mstestadapter/v2" className="VideoOS.Platform.Tests.Util.TimeIntervalTests" name="Constructor_ShouldThrowArgumentException_WhenTheStartAndEndTimeKindsAreDifferent" />
    </UnitTest>
    <UnitTest name="ReadXml_ShouldLogWarningTwiceWhenMoreThanOneMinuteBetweenWarnings_WhenIncompleteScaleIsPresent" storage="d:\actions-runner\_work\xpco\xpco\mip\platformplugin\videoos.platform\unittest\bin\debug\net472\videoos.platform.tests.dll" id="4f82d922-22f6-d968-086c-9b41bf965fdc">
      <Execution id="33a9d434-89f1-4a1e-9bf1-3ee72edab760" />
      <TestMethod codeBase="D:\actions-runner\_work\XPCO\XPCO\MIP\PlatformPlugin\VideoOS.Platform\unittest\bin\Debug\net472\VideoOS.Platform.Tests.dll" adapterTypeName="executor://mstestadapter/v2" className="VideoOS.Platform.Tests.Metadata.TransformationTests" name="ReadXml_ShouldLogWarningTwiceWhenMoreThanOneMinuteBetweenWarnings_WhenIncompleteScaleIsPresent" />
    </UnitTest>
    <UnitTest name="ReadXml_ShouldLogWarning_WhenIncompleteTranslateIsPresent" storage="d:\actions-runner\_work\xpco\xpco\mip\platformplugin\videoos.platform\unittest\bin\debug\net472\videoos.platform.tests.dll" id="5c70b94c-c2ae-ec2f-8c4d-56b452bbdede">
      <Execution id="7ec058c8-4494-44a9-9ab7-faff6805d078" />
      <TestMethod codeBase="D:\actions-runner\_work\XPCO\XPCO\MIP\PlatformPlugin\VideoOS.Platform\unittest\bin\Debug\net472\VideoOS.Platform.Tests.dll" adapterTypeName="executor://mstestadapter/v2" className="VideoOS.Platform.Tests.Metadata.TransformationTests" name="ReadXml_ShouldLogWarning_WhenIncompleteTranslateIsPresent" />
    </UnitTest>
    <UnitTest name="Serialize_TestCases (TestParentCollectionEmptyArrayProperty)" storage="d:\actions-runner\_work\xpco\xpco\mip\platformplugin\videoos.platform\unittest\bin\debug\net472\videoos.platform.tests.dll" id="6989720a-7a6f-0085-ef6c-85a36e964ee3">
      <Execution id="0638c9e1-61ea-4985-b794-72100e72a4ca" />
      <TestMethod codeBase="D:\actions-runner\_work\XPCO\XPCO\MIP\PlatformPlugin\VideoOS.Platform\unittest\bin\Debug\net472\VideoOS.Platform.Tests.dll" adapterTypeName="executor://mstestadapter/v2" className="VideoOS.Platform.Tests.UI.Controls.Automation.Serialization.AutomationObjectSerializerTest" name="Serialize_TestCases" />
    </UnitTest>
    <UnitTest name="WriteXml_ShouldWriteBase64EncodedOriginalData_WhenOriginalDataIsPresent" storage="d:\actions-runner\_work\xpco\xpco\mip\platformplugin\videoos.platform\unittest\bin\debug\net472\videoos.platform.tests.dll" id="07de42b9-1d07-0430-7138-cc678292c007">
      <Execution id="d4c47c7e-0ca2-49c2-a422-d83eee168b05" />
      <TestMethod codeBase="D:\actions-runner\_work\XPCO\XPCO\MIP\PlatformPlugin\VideoOS.Platform\unittest\bin\Debug\net472\VideoOS.Platform.Tests.dll" adapterTypeName="executor://mstestadapter/v2" className="VideoOS.Platform.Tests.Metadata.MetadataStreamTests" name="WriteXml_ShouldWriteBase64EncodedOriginalData_WhenOriginalDataIsPresent" />
    </UnitTest>
    <UnitTest name="ReadXml_ShouldLogWarningTwiceWhenMoreThanOneMinuteBetweenWarnings_WhenElementErrorsAreDetected" storage="d:\actions-runner\_work\xpco\xpco\mip\platformplugin\videoos.platform\unittest\bin\debug\net472\videoos.platform.tests.dll" id="acaeb9e2-224e-f43f-7505-888da6b80f9b">
      <Execution id="6b9603be-eae1-45da-9891-8cd07083f881" />
      <TestMethod codeBase="D:\actions-runner\_work\XPCO\XPCO\MIP\PlatformPlugin\VideoOS.Platform\unittest\bin\Debug\net472\VideoOS.Platform.Tests.dll" adapterTypeName="executor://mstestadapter/v2" className="VideoOS.Platform.Tests.Metadata.ClassCandidateTests" name="ReadXml_ShouldLogWarningTwiceWhenMoreThanOneMinuteBetweenWarnings_WhenElementErrorsAreDetected" />
    </UnitTest>
    <UnitTest name="ReadXml_ShouldReadOnvifClass_WhenClassIsPresent" storage="d:\actions-runner\_work\xpco\xpco\mip\platformplugin\videoos.platform\unittest\bin\debug\net472\videoos.platform.tests.dll" id="9d5ada2d-839e-c544-1fa6-276837fd72f2">
      <Execution id="c842ed45-5afa-43f0-8610-031864e089d7" />
      <TestMethod codeBase="D:\actions-runner\_work\XPCO\XPCO\MIP\PlatformPlugin\VideoOS.Platform\unittest\bin\Debug\net472\VideoOS.Platform.Tests.dll" adapterTypeName="executor://mstestadapter/v2" className="VideoOS.Platform.Tests.Metadata.AppearanceTests" name="ReadXml_ShouldReadOnvifClass_WhenClassIsPresent" />
    </UnitTest>
    <UnitTest name="SetEvents_ShouldNotAddProxyManager_WhenFrameworkElementIsNotLoaded" storage="d:\actions-runner\_work\xpco\xpco\mip\platformplugin\videoos.platform\unittest\bin\debug\net472\videoos.platform.tests.dll" id="231eb201-5943-be12-8406-5e91b55ea0f9">
      <TestCategory>
        <TestCategoryItem TestCategory="EventsToCommandMappings" />
      </TestCategory>
      <Execution id="214b8cf9-d040-4537-b854-766f11c7f408" />
      <TestMethod codeBase="D:\actions-runner\_work\XPCO\XPCO\MIP\PlatformPlugin\VideoOS.Platform\unittest\bin\Debug\net472\VideoOS.Platform.Tests.dll" adapterTypeName="executor://mstestadapter/v2" className="VideoOS.Platform.Tests.UI.Commands.EventsToCommandMappingTest" name="SetEvents_ShouldNotAddProxyManager_WhenFrameworkElementIsNotLoaded" />
    </UnitTest>
    <UnitTest name="Encrypt_ShouldThrowMIPException_WhenCalledOnFIPSEnabledMachine" storage="d:\actions-runner\_work\xpco\xpco\mip\platformplugin\videoos.platform\unittest\bin\debug\net472\videoos.platform.tests.dll" id="ba355757-a36a-54bb-5c59-d6e115aeace8">
      <Execution id="1ca2799a-b045-4ef7-87d7-57b539ed6cd7" />
      <TestMethod codeBase="D:\actions-runner\_work\XPCO\XPCO\MIP\PlatformPlugin\VideoOS.Platform\unittest\bin\Debug\net472\VideoOS.Platform.Tests.dll" adapterTypeName="executor://mstestadapter/v2" className="VideoOS.Platform.Tests.License.NonFipsLicenseCompatibilityHandlerTests" name="Encrypt_ShouldThrowMIPException_WhenCalledOnFIPSEnabledMachine" />
    </UnitTest>
    <UnitTest name="TestConstructor_Success" storage="d:\actions-runner\_work\xpco\xpco\mip\platformplugin\videoos.platform\unittest\bin\debug\net472\videoos.platform.tests.dll" id="bf1206bb-c315-791a-6716-b4026aff80ac">
      <Execution id="09657d2a-13ec-46c7-b1e6-c9313aa95e05" />
      <TestMethod codeBase="D:\actions-runner\_work\XPCO\XPCO\MIP\PlatformPlugin\VideoOS.Platform\unittest\bin\Debug\net472\VideoOS.Platform.Tests.dll" adapterTypeName="executor://mstestadapter/v2" className="VideoOS.Platform.Tests.Search.Error.UnauthorizedDeviceAccessSearchErrorTest" name="TestConstructor_Success" />
    </UnitTest>
    <UnitTest name="ReadXml_ShouldIgnoreScale_WhenScaleIsPresentWithWrongNamespace" storage="d:\actions-runner\_work\xpco\xpco\mip\platformplugin\videoos.platform\unittest\bin\debug\net472\videoos.platform.tests.dll" id="db7e14ac-31b0-63ea-57a6-f0098c612aa0">
      <Execution id="970060c6-8eea-43c8-b372-0ed0e065561a" />
      <TestMethod codeBase="D:\actions-runner\_work\XPCO\XPCO\MIP\PlatformPlugin\VideoOS.Platform\unittest\bin\Debug\net472\VideoOS.Platform.Tests.dll" adapterTypeName="executor://mstestadapter/v2" className="VideoOS.Platform.Tests.Metadata.TransformationTests" name="ReadXml_ShouldIgnoreScale_WhenScaleIsPresentWithWrongNamespace" />
    </UnitTest>
    <UnitTest name="ReadXml_ShouldLogWarningTwiceWhenMoreThanOneMinuteBetweenWarnings_WhenFrameDidNotReadUtcTime" storage="d:\actions-runner\_work\xpco\xpco\mip\platformplugin\videoos.platform\unittest\bin\debug\net472\videoos.platform.tests.dll" id="6dff7af6-6d16-8dba-ea01-3eb9769c2e7a">
      <Execution id="8b06d79b-6919-4e1e-882e-b20aa6e8ad67" />
      <TestMethod codeBase="D:\actions-runner\_work\XPCO\XPCO\MIP\PlatformPlugin\VideoOS.Platform\unittest\bin\Debug\net472\VideoOS.Platform.Tests.dll" adapterTypeName="executor://mstestadapter/v2" className="VideoOS.Platform.Tests.Metadata.OnvifClassTests" name="ReadXml_ShouldLogWarningTwiceWhenMoreThanOneMinuteBetweenWarnings_WhenFrameDidNotReadUtcTime" />
    </UnitTest>
    <UnitTest name="PatchItem_Camera_Fails" storage="d:\actions-runner\_work\xpco\xpco\mip\platformplugin\videoos.platform\unittest\bin\debug\net472\videoos.platform.tests.dll" id="01158b98-2cd4-e826-aa9e-d2d4c60de322">
      <Execution id="42b6bbac-b9d2-4ed8-8fe2-77f847c0ab0b" />
      <TestMethod codeBase="D:\actions-runner\_work\XPCO\XPCO\MIP\PlatformPlugin\VideoOS.Platform\unittest\bin\Debug\net472\VideoOS.Platform.Tests.dll" adapterTypeName="executor://mstestadapter/v2" className="VideoOS.Platform.Tests.Proxy.RestApi.RestApiClientDecoratorTests" name="PatchItem_Camera_Fails" />
    </UnitTest>
    <UnitTest name="ClearFilterValues_MultipleValuesPresent_Success" storage="d:\actions-runner\_work\xpco\xpco\mip\platformplugin\videoos.platform\unittest\bin\debug\net472\videoos.platform.tests.dll" id="0e3b0f34-8ab7-ccb2-ed1a-7de6e3e165c5">
      <TestCategory>
        <TestCategoryItem TestCategory="Search" />
      </TestCategory>
      <Execution id="ec3b6206-3a28-4988-8ea4-6da8b5d03858" />
      <TestMethod codeBase="D:\actions-runner\_work\XPCO\XPCO\MIP\PlatformPlugin\VideoOS.Platform\unittest\bin\Debug\net472\VideoOS.Platform.Tests.dll" adapterTypeName="executor://mstestadapter/v2" className="VideoOS.Platform.Tests.Search.SearchCriteriaTest" name="ClearFilterValues_MultipleValuesPresent_Success" />
    </UnitTest>
    <UnitTest name="Add_ShouldNotUpdateStartCache_WhenOldStartTimeIsEarlierThanAdded" storage="d:\actions-runner\_work\xpco\xpco\mip\platformplugin\videoos.platform\unittest\bin\debug\net472\videoos.platform.tests.dll" id="e251df90-29be-3bce-586f-107c221e43b7">
      <Execution id="779ec522-fbd3-4145-960b-700b39d4e98d" />
      <TestMethod codeBase="D:\actions-runner\_work\XPCO\XPCO\MIP\PlatformPlugin\VideoOS.Platform\unittest\bin\Debug\net472\VideoOS.Platform.Tests.dll" adapterTypeName="executor://mstestadapter/v2" className="VideoOS.Platform.Tests.Client.SequenceCacheTests" name="Add_ShouldNotUpdateStartCache_WhenOldStartTimeIsEarlierThanAdded" />
    </UnitTest>
    <UnitTest name="Minimize_ShouldReturnOneInterval_WhenListContainsThreeOverlappingIntervalsReversed" storage="d:\actions-runner\_work\xpco\xpco\mip\platformplugin\videoos.platform\unittest\bin\debug\net472\videoos.platform.tests.dll" id="ee6b4773-1394-989c-cdb7-f8b064821acb">
      <Execution id="afb680b3-1959-47a7-bc49-0cdc6f30ebac" />
      <TestMethod codeBase="D:\actions-runner\_work\XPCO\XPCO\MIP\PlatformPlugin\VideoOS.Platform\unittest\bin\Debug\net472\VideoOS.Platform.Tests.dll" adapterTypeName="executor://mstestadapter/v2" className="VideoOS.Platform.Tests.Util.TimeIntervalTests" name="Minimize_ShouldReturnOneInterval_WhenListContainsThreeOverlappingIntervalsReversed" />
    </UnitTest>
    <UnitTest name="AllAttributesWerePresent_ShouldReturnFalse_WhenXAttributeIsMissing" storage="d:\actions-runner\_work\xpco\xpco\mip\platformplugin\videoos.platform\unittest\bin\debug\net472\videoos.platform.tests.dll" id="665a66ed-febf-dcb1-d6f6-9e5410f5d49d">
      <Execution id="9d91468a-79ab-4b6b-8867-fba3c4c563cf" />
      <TestMethod codeBase="D:\actions-runner\_work\XPCO\XPCO\MIP\PlatformPlugin\VideoOS.Platform\unittest\bin\Debug\net472\VideoOS.Platform.Tests.dll" adapterTypeName="executor://mstestadapter/v2" className="VideoOS.Platform.Tests.Metadata.VectorTests" name="AllAttributesWerePresent_ShouldReturnFalse_WhenXAttributeIsMissing" />
    </UnitTest>
    <UnitTest name="Serialize_TestCases (TestParentTypeMatchGenericThisTypeNotMatched)" storage="d:\actions-runner\_work\xpco\xpco\mip\platformplugin\videoos.platform\unittest\bin\debug\net472\videoos.platform.tests.dll" id="60300bdb-ae50-3bc0-5350-bcb4f9396c0e">
      <Execution id="355ae980-195d-4ddf-b583-8d19646d2753" />
      <TestMethod codeBase="D:\actions-runner\_work\XPCO\XPCO\MIP\PlatformPlugin\VideoOS.Platform\unittest\bin\Debug\net472\VideoOS.Platform.Tests.dll" adapterTypeName="executor://mstestadapter/v2" className="VideoOS.Platform.Tests.UI.Controls.Automation.Serialization.AutomationObjectSerializerTest" name="Serialize_TestCases" />
    </UnitTest>
    <UnitTest name="SelectionMode_ChangesIsMultiSelection" storage="d:\actions-runner\_work\xpco\xpco\mip\platformplugin\videoos.platform\unittest\bin\debug\net472\videoos.platform.tests.dll" id="0881e79b-b33f-db23-4717-e6bc85ee2141">
      <Execution id="4f238f82-d5b2-4b0d-99e1-a61fdea762eb" />
      <TestMethod codeBase="D:\actions-runner\_work\XPCO\XPCO\MIP\PlatformPlugin\VideoOS.Platform\unittest\bin\Debug\net472\VideoOS.Platform.Tests.dll" adapterTypeName="executor://mstestadapter/v2" className="VideoOS.Platform.Tests.UI.ItemPicker.ItemPickerViewModelTest" name="SelectionMode_ChangesIsMultiSelection" />
    </UnitTest>
    <UnitTest name="GetAtOrBefore_ShouldReturnNull_WhenToolkitReturnsResponseWithNullDataList" storage="d:\actions-runner\_work\xpco\xpco\mip\platformplugin\videoos.platform\unittest\bin\debug\net472\videoos.platform.tests.dll" id="8b5da03f-9577-2062-8111-d2b15e5a740d">
      <Execution id="99b0e491-c5af-4e83-8d8c-f6a616432407" />
      <TestMethod codeBase="D:\actions-runner\_work\XPCO\XPCO\MIP\PlatformPlugin\VideoOS.Platform\unittest\bin\Debug\net472\VideoOS.Platform.Tests.dll" adapterTypeName="executor://mstestadapter/v2" className="VideoOS.Platform.Tests.Data.MetadataPlaybackSourceTests" name="GetAtOrBefore_ShouldReturnNull_WhenToolkitReturnsResponseWithNullDataList" />
    </UnitTest>
    <UnitTest name="ReadXml_ShouldIgnoreUnknownChildren_WhenUnknownChildrenArePresent" storage="d:\actions-runner\_work\xpco\xpco\mip\platformplugin\videoos.platform\unittest\bin\debug\net472\videoos.platform.tests.dll" id="bfe0ceb7-58a0-23f3-be81-2bfb090a4c1b">
      <Execution id="acd6d58f-99ad-4d75-b9f4-cecd9bfe6559" />
      <TestMethod codeBase="D:\actions-runner\_work\XPCO\XPCO\MIP\PlatformPlugin\VideoOS.Platform\unittest\bin\Debug\net472\VideoOS.Platform.Tests.dll" adapterTypeName="executor://mstestadapter/v2" className="VideoOS.Platform.Tests.Metadata.FrameTests" name="ReadXml_ShouldIgnoreUnknownChildren_WhenUnknownChildrenArePresent" />
    </UnitTest>
    <UnitTest name="AllAttributesWerePresent_ShouldReturnFalse_WhenYAttributeIsNotAFloat" storage="d:\actions-runner\_work\xpco\xpco\mip\platformplugin\videoos.platform\unittest\bin\debug\net472\videoos.platform.tests.dll" id="7a7fdf06-c490-deb2-82e6-65e1294c3173">
      <Execution id="910b8b83-bc79-4723-86af-a5726b09a975" />
      <TestMethod codeBase="D:\actions-runner\_work\XPCO\XPCO\MIP\PlatformPlugin\VideoOS.Platform\unittest\bin\Debug\net472\VideoOS.Platform.Tests.dll" adapterTypeName="executor://mstestadapter/v2" className="VideoOS.Platform.Tests.Metadata.VectorTests" name="AllAttributesWerePresent_ShouldReturnFalse_WhenYAttributeIsNotAFloat" />
    </UnitTest>
    <UnitTest name="Deserialize_Server_FieldValues_checked" storage="d:\actions-runner\_work\xpco\xpco\mip\platformplugin\videoos.platform\unittest\bin\debug\net472\videoos.platform.tests.dll" id="eede4713-56bb-3d3c-3e2e-6a26dd039e2e">
      <Execution id="4d6377cc-4775-4c9b-9dfa-b847379edfaa" />
      <TestMethod codeBase="D:\actions-runner\_work\XPCO\XPCO\MIP\PlatformPlugin\VideoOS.Platform\unittest\bin\Debug\net472\VideoOS.Platform.Tests.dll" adapterTypeName="executor://mstestadapter/v2" className="VideoOS.Platform.Tests.FQIDtests" name="Deserialize_Server_FieldValues_checked" />
    </UnitTest>
    <UnitTest name="WriteXml_ShouldWriteBoundingBoxElement_WhenBoundingBoxIsNotNull" storage="d:\actions-runner\_work\xpco\xpco\mip\platformplugin\videoos.platform\unittest\bin\debug\net472\videoos.platform.tests.dll" id="935f282f-5819-0cbb-3d88-60d0430c3f25">
      <Execution id="377db571-dad7-4e66-bb75-fe5d60073968" />
      <TestMethod codeBase="D:\actions-runner\_work\XPCO\XPCO\MIP\PlatformPlugin\VideoOS.Platform\unittest\bin\Debug\net472\VideoOS.Platform.Tests.dll" adapterTypeName="executor://mstestadapter/v2" className="VideoOS.Platform.Tests.Metadata.ShapeTests" name="WriteXml_ShouldWriteBoundingBoxElement_WhenBoundingBoxIsNotNull" />
    </UnitTest>
    <UnitTest name="ParseMetadataXmlWithString_ShouldThrowXmlException_WhenXmlIsEmpty" storage="d:\actions-runner\_work\xpco\xpco\mip\platformplugin\videoos.platform\unittest\bin\debug\net472\videoos.platform.tests.dll" id="b9540196-20ef-0b94-a46f-e6138983b660">
      <Execution id="0d35c024-4235-499f-aba0-34d1fd552809" />
      <TestMethod codeBase="D:\actions-runner\_work\XPCO\XPCO\MIP\PlatformPlugin\VideoOS.Platform\unittest\bin\Debug\net472\VideoOS.Platform.Tests.dll" adapterTypeName="executor://mstestadapter/v2" className="VideoOS.Platform.Tests.Metadata.MetadataDeserializerTests" name="ParseMetadataXmlWithString_ShouldThrowXmlException_WhenXmlIsEmpty" />
    </UnitTest>
    <UnitTest name="Stop_EmptyQueue_IsStoppingSetButIsStoppedNotSet" storage="d:\actions-runner\_work\xpco\xpco\mip\platformplugin\videoos.platform\unittest\bin\debug\net472\videoos.platform.tests.dll" id="cfc09053-dd65-09af-3398-2d1e903d515a">
      <Execution id="6e17fe27-763a-4327-9234-2d1d80659fd3" />
      <TestMethod codeBase="D:\actions-runner\_work\XPCO\XPCO\MIP\PlatformPlugin\VideoOS.Platform\unittest\bin\Debug\net472\VideoOS.Platform.Tests.dll" adapterTypeName="executor://mstestadapter/v2" className="VideoOS.Platform.Tests.Util.Queue.ConcurrentQueueSlimTests" name="Stop_EmptyQueue_IsStoppingSetButIsStoppedNotSet" />
    </UnitTest>
    <UnitTest name="ReadXml_ShouldIgnoreTransformation_WhenTransformationIsPresenWithWrongNamespace" storage="d:\actions-runner\_work\xpco\xpco\mip\platformplugin\videoos.platform\unittest\bin\debug\net472\videoos.platform.tests.dll" id="f7581027-c1a4-443d-888a-b124436b90b1">
      <Execution id="2a6f3f34-c34d-49cb-aed3-a670f82abc42" />
      <TestMethod codeBase="D:\actions-runner\_work\XPCO\XPCO\MIP\PlatformPlugin\VideoOS.Platform\unittest\bin\Debug\net472\VideoOS.Platform.Tests.dll" adapterTypeName="executor://mstestadapter/v2" className="VideoOS.Platform.Tests.Metadata.FrameTests" name="ReadXml_ShouldIgnoreTransformation_WhenTransformationIsPresenWithWrongNamespace" />
    </UnitTest>
    <UnitTest name="Stop_InitializeThrowsException_ProcessorSurvives" storage="d:\actions-runner\_work\xpco\xpco\mip\platformplugin\videoos.platform\unittest\bin\debug\net472\videoos.platform.tests.dll" id="0a3a807f-9f6a-c6f8-8c9e-dc79768e8cd7">
      <Execution id="61efcb71-f928-45ff-94fc-c70c82c53318" />
      <TestMethod codeBase="D:\actions-runner\_work\XPCO\XPCO\MIP\PlatformPlugin\VideoOS.Platform\unittest\bin\Debug\net472\VideoOS.Platform.Tests.dll" adapterTypeName="executor://mstestadapter/v2" className="VideoOS.Platform.Tests.Util.Queue.ResourceProcessorTests" name="Stop_InitializeThrowsException_ProcessorSurvives" />
    </UnitTest>
    <UnitTest name="WriteXml_ShouldWriteTransformationContents_WhenTransformIsNotNull" storage="d:\actions-runner\_work\xpco\xpco\mip\platformplugin\videoos.platform\unittest\bin\debug\net472\videoos.platform.tests.dll" id="c26d542a-727f-65ee-bb48-832c01f872f6">
      <Execution id="7ac8e279-834a-4e3b-95c9-cff640b77e32" />
      <TestMethod codeBase="D:\actions-runner\_work\XPCO\XPCO\MIP\PlatformPlugin\VideoOS.Platform\unittest\bin\Debug\net472\VideoOS.Platform.Tests.dll" adapterTypeName="executor://mstestadapter/v2" className="VideoOS.Platform.Tests.Metadata.FrameTests" name="WriteXml_ShouldWriteTransformationContents_WhenTransformIsNotNull" />
    </UnitTest>
    <UnitTest name="GetNextSequence_ShouldStoreToolkitResultInCache_WhenAlways" storage="d:\actions-runner\_work\xpco\xpco\mip\platformplugin\videoos.platform\unittest\bin\debug\net472\videoos.platform.tests.dll" id="ac1eb344-84dd-8e2f-e7fa-8afd6aaf6222">
      <Execution id="0b53b36a-4bd7-4226-8c4f-7a714ccc5527" />
      <TestMethod codeBase="D:\actions-runner\_work\XPCO\XPCO\MIP\PlatformPlugin\VideoOS.Platform\unittest\bin\Debug\net472\VideoOS.Platform.Tests.dll" adapterTypeName="executor://mstestadapter/v2" className="VideoOS.Platform.Tests.Data.MetadataPlaybackSourceTests" name="GetNextSequence_ShouldStoreToolkitResultInCache_WhenAlways" />
    </UnitTest>
    <UnitTest name="GetPreviousDateTime_ShouldReturnDataEntityFromCacheWithoutCallingToolkit_WhenDataIsPresentInCache" storage="d:\actions-runner\_work\xpco\xpco\mip\platformplugin\videoos.platform\unittest\bin\debug\net472\videoos.platform.tests.dll" id="87215dbe-be98-eae0-f888-50bc76faae33">
      <Execution id="3cdf79f8-665f-41b3-86b5-f65cab5cc52a" />
      <TestMethod codeBase="D:\actions-runner\_work\XPCO\XPCO\MIP\PlatformPlugin\VideoOS.Platform\unittest\bin\Debug\net472\VideoOS.Platform.Tests.dll" adapterTypeName="executor://mstestadapter/v2" className="VideoOS.Platform.Tests.Data.MetadataPlaybackSourceTests" name="GetPreviousDateTime_ShouldReturnDataEntityFromCacheWithoutCallingToolkit_WhenDataIsPresentInCache" />
    </UnitTest>
    <UnitTest name="ReadXml_ShouldLogWarningOnlyOnceWithinOneMinute_WhenShapeIsInvalid" storage="d:\actions-runner\_work\xpco\xpco\mip\platformplugin\videoos.platform\unittest\bin\debug\net472\videoos.platform.tests.dll" id="d05873bf-41ef-0bcf-a99f-bd7e3fdc9082">
      <Execution id="9cab87dd-1241-4a13-8466-fce0a2ccbae8" />
      <TestMethod codeBase="D:\actions-runner\_work\XPCO\XPCO\MIP\PlatformPlugin\VideoOS.Platform\unittest\bin\Debug\net472\VideoOS.Platform.Tests.dll" adapterTypeName="executor://mstestadapter/v2" className="VideoOS.Platform.Tests.Metadata.AppearanceTests" name="ReadXml_ShouldLogWarningOnlyOnceWithinOneMinute_WhenShapeIsInvalid" />
    </UnitTest>
    <UnitTest name="GetNextDateTime_ShouldReturnFirstDataEntityFromToolkit_WhenDataIsNotCached" storage="d:\actions-runner\_work\xpco\xpco\mip\platformplugin\videoos.platform\unittest\bin\debug\net472\videoos.platform.tests.dll" id="6063544f-f430-cb16-6dfb-368d6711c379">
      <Execution id="e48f3be8-05f7-4fa9-b3f4-81a59f2fc8e0" />
      <TestMethod codeBase="D:\actions-runner\_work\XPCO\XPCO\MIP\PlatformPlugin\VideoOS.Platform\unittest\bin\Debug\net472\VideoOS.Platform.Tests.dll" adapterTypeName="executor://mstestadapter/v2" className="VideoOS.Platform.Tests.Data.MetadataPlaybackSourceTests" name="GetNextDateTime_ShouldReturnFirstDataEntityFromToolkit_WhenDataIsNotCached" />
    </UnitTest>
    <UnitTest name="Minimize_ShouldReturnOneInterval_WhenListContainsThreeOverlappingIntervalsContainingEachOther" storage="d:\actions-runner\_work\xpco\xpco\mip\platformplugin\videoos.platform\unittest\bin\debug\net472\videoos.platform.tests.dll" id="5676d068-f210-9f05-bcb4-4154c077d90e">
      <Execution id="568285c2-eb56-440b-8b50-6e747b460f1c" />
      <TestMethod codeBase="D:\actions-runner\_work\XPCO\XPCO\MIP\PlatformPlugin\VideoOS.Platform\unittest\bin\Debug\net472\VideoOS.Platform.Tests.dll" adapterTypeName="executor://mstestadapter/v2" className="VideoOS.Platform.Tests.Util.TimeIntervalTests" name="Minimize_ShouldReturnOneInterval_WhenListContainsThreeOverlappingIntervalsContainingEachOther" />
    </UnitTest>
    <UnitTest name="WriteXml_ShouldWriteCenterOfGravityElement_WhenCenterOfGravityIsNotNull" storage="d:\actions-runner\_work\xpco\xpco\mip\platformplugin\videoos.platform\unittest\bin\debug\net472\videoos.platform.tests.dll" id="4937d7ac-b3aa-c23d-f312-18cd0c6ed990">
      <Execution id="a46f33dc-7f94-480e-8ab8-dd84668539cf" />
      <TestMethod codeBase="D:\actions-runner\_work\XPCO\XPCO\MIP\PlatformPlugin\VideoOS.Platform\unittest\bin\Debug\net472\VideoOS.Platform.Tests.dll" adapterTypeName="executor://mstestadapter/v2" className="VideoOS.Platform.Tests.Metadata.ShapeTests" name="WriteXml_ShouldWriteCenterOfGravityElement_WhenCenterOfGravityIsNotNull" />
    </UnitTest>
    <UnitTest name="Apply_ShouldApplyTranslateAndScale_WhenTranslateAndScaleIsNotNull" storage="d:\actions-runner\_work\xpco\xpco\mip\platformplugin\videoos.platform\unittest\bin\debug\net472\videoos.platform.tests.dll" id="1d908a6b-ebcd-4952-2785-5d24733c709c">
      <Execution id="55c03307-6dc8-473d-9033-6b8aad35ce04" />
      <TestMethod codeBase="D:\actions-runner\_work\XPCO\XPCO\MIP\PlatformPlugin\VideoOS.Platform\unittest\bin\Debug\net472\VideoOS.Platform.Tests.dll" adapterTypeName="executor://mstestadapter/v2" className="VideoOS.Platform.Tests.Metadata.RectangleTests" name="Apply_ShouldApplyTranslateAndScale_WhenTranslateAndScaleIsNotNull" />
    </UnitTest>
    <UnitTest name="ReadXml_ShouldReadTransformation_WhenTransformationIsPresent" storage="d:\actions-runner\_work\xpco\xpco\mip\platformplugin\videoos.platform\unittest\bin\debug\net472\videoos.platform.tests.dll" id="793b121d-bd99-21ec-f905-c7a3bfbc43cf">
      <Execution id="494f5a6a-3046-4b77-b11d-2f36079dcbc4" />
      <TestMethod codeBase="D:\actions-runner\_work\XPCO\XPCO\MIP\PlatformPlugin\VideoOS.Platform\unittest\bin\Debug\net472\VideoOS.Platform.Tests.dll" adapterTypeName="executor://mstestadapter/v2" className="VideoOS.Platform.Tests.Metadata.AppearanceTests" name="ReadXml_ShouldReadTransformation_WhenTransformationIsPresent" />
    </UnitTest>
    <UnitTest name="ReadyToClose_OkCommand_MultiSelect_Thrown" storage="d:\actions-runner\_work\xpco\xpco\mip\platformplugin\videoos.platform\unittest\bin\debug\net472\videoos.platform.tests.dll" id="e864a85a-61d6-71a9-12f2-7e66ec36a4d7">
      <Execution id="64cc3c45-51b1-4bc4-87d6-3b541fb4cd77" />
      <TestMethod codeBase="D:\actions-runner\_work\XPCO\XPCO\MIP\PlatformPlugin\VideoOS.Platform\unittest\bin\Debug\net472\VideoOS.Platform.Tests.dll" adapterTypeName="executor://mstestadapter/v2" className="VideoOS.Platform.Tests.UI.ItemPicker.ItemPickerWindowViewModelTest" name="ReadyToClose_OkCommand_MultiSelect_Thrown" />
    </UnitTest>
    <UnitTest name="Serialize_TestCases (TestParentTypeMatchDoubleThisTypeNotMatched)" storage="d:\actions-runner\_work\xpco\xpco\mip\platformplugin\videoos.platform\unittest\bin\debug\net472\videoos.platform.tests.dll" id="b5787dfc-a6ff-a360-1b42-6d6dc7b8eb31">
      <Execution id="c353b673-cba7-415f-a56f-c7f43c5df2a1" />
      <TestMethod codeBase="D:\actions-runner\_work\XPCO\XPCO\MIP\PlatformPlugin\VideoOS.Platform\unittest\bin\Debug\net472\VideoOS.Platform.Tests.dll" adapterTypeName="executor://mstestadapter/v2" className="VideoOS.Platform.Tests.UI.Controls.Automation.Serialization.AutomationObjectSerializerTest" name="Serialize_TestCases" />
    </UnitTest>
    <UnitTest name="TestMultiLevelQueue_OneLevel_IdleResourceProcessorReused_Success" storage="d:\actions-runner\_work\xpco\xpco\mip\platformplugin\videoos.platform\unittest\bin\debug\net472\videoos.platform.tests.dll" id="d7fd79fb-6017-05e3-7fad-2f657bb1971e">
      <Execution id="0b365f1a-a695-41f2-b6ae-03a8f8787d1d" />
      <TestMethod codeBase="D:\actions-runner\_work\XPCO\XPCO\MIP\PlatformPlugin\VideoOS.Platform\unittest\bin\Debug\net472\VideoOS.Platform.Tests.dll" adapterTypeName="executor://mstestadapter/v2" className="VideoOS.Platform.Tests.Util.Queue.MultiLevelResourceQueueTests" name="TestMultiLevelQueue_OneLevel_IdleResourceProcessorReused_Success" />
    </UnitTest>
    <UnitTest name="WriteMetadataXmlWithStream_ShouldNotIncludeByteOrderMarker_WhenAlways" storage="d:\actions-runner\_work\xpco\xpco\mip\platformplugin\videoos.platform\unittest\bin\debug\net472\videoos.platform.tests.dll" id="372ab51f-8789-4af1-a4f9-77f4920b1bde">
      <Execution id="8342e5c0-340b-4a65-a501-f398212948e3" />
      <TestMethod codeBase="D:\actions-runner\_work\XPCO\XPCO\MIP\PlatformPlugin\VideoOS.Platform\unittest\bin\Debug\net472\VideoOS.Platform.Tests.dll" adapterTypeName="executor://mstestadapter/v2" className="VideoOS.Platform.Tests.Metadata.MetadataSerializerTests" name="WriteMetadataXmlWithStream_ShouldNotIncludeByteOrderMarker_WhenAlways" />
    </UnitTest>
    <UnitTest name="Ctor_TwoCustomFilters_Success" storage="d:\actions-runner\_work\xpco\xpco\mip\platformplugin\videoos.platform\unittest\bin\debug\net472\videoos.platform.tests.dll" id="673d5a8a-8f58-a8c0-2572-e1a8f9618e54">
      <TestCategory>
        <TestCategoryItem TestCategory="Search" />
      </TestCategory>
      <Execution id="52ff9cec-17cd-4693-b712-35ac9083a38a" />
      <TestMethod codeBase="D:\actions-runner\_work\XPCO\XPCO\MIP\PlatformPlugin\VideoOS.Platform\unittest\bin\Debug\net472\VideoOS.Platform.Tests.dll" adapterTypeName="executor://mstestadapter/v2" className="VideoOS.Platform.Tests.Search.FilterCategories.VehicleSearchFilterCategoryTest" name="Ctor_TwoCustomFilters_Success" />
    </UnitTest>
    <UnitTest name="GetCompatibilityHandler_ShouldThrownMIPException_WhenServerVersionCannotBeResolved" storage="d:\actions-runner\_work\xpco\xpco\mip\platformplugin\videoos.platform\unittest\bin\debug\net472\videoos.platform.tests.dll" id="c1dba330-ca0d-dce5-8eda-7974894f22ca">
      <Execution id="cb6aa085-545e-4457-b840-2838656619b1" />
      <TestMethod codeBase="D:\actions-runner\_work\XPCO\XPCO\MIP\PlatformPlugin\VideoOS.Platform\unittest\bin\Debug\net472\VideoOS.Platform.Tests.dll" adapterTypeName="executor://mstestadapter/v2" className="VideoOS.Platform.Tests.License.LicenseManagerTests" name="GetCompatibilityHandler_ShouldThrownMIPException_WhenServerVersionCannotBeResolved" />
    </UnitTest>
    <UnitTest name="Apply_ShouldApplyTranslateAndScale_WhenTranslateAndScaleIsNotNull" storage="d:\actions-runner\_work\xpco\xpco\mip\platformplugin\videoos.platform\unittest\bin\debug\net472\videoos.platform.tests.dll" id="9bf19834-4f90-5f56-a3eb-6c1d93ea3aa5">
      <Execution id="c030312c-10a1-4053-8ddf-762c818cf7cf" />
      <TestMethod codeBase="D:\actions-runner\_work\XPCO\XPCO\MIP\PlatformPlugin\VideoOS.Platform\unittest\bin\Debug\net472\VideoOS.Platform.Tests.dll" adapterTypeName="executor://mstestadapter/v2" className="VideoOS.Platform.Tests.Metadata.DisplayTextTests" name="Apply_ShouldApplyTranslateAndScale_WhenTranslateAndScaleIsNotNull" />
    </UnitTest>
    <UnitTest name="TestStartSearch_MultipleSearchDifferentDefinitions_Success" storage="d:\actions-runner\_work\xpco\xpco\mip\platformplugin\videoos.platform\unittest\bin\debug\net472\videoos.platform.tests.dll" id="79018515-d745-dd30-fc15-5ab9418fb22e">
      <TestCategory>
        <TestCategoryItem TestCategory="Search" />
      </TestCategory>
      <Execution id="a127749e-fbba-44b5-9f83-bef11752320e" />
      <TestMethod codeBase="D:\actions-runner\_work\XPCO\XPCO\MIP\PlatformPlugin\VideoOS.Platform\unittest\bin\Debug\net472\VideoOS.Platform.Tests.dll" adapterTypeName="executor://mstestadapter/v2" className="VideoOS.Platform.Tests.Search.SearchManagerTest" name="TestStartSearch_MultipleSearchDifferentDefinitions_Success" />
    </UnitTest>
    <UnitTest name="ProvideValue_ShouldNotSetTargetProperty_WhenCustomDisplayValueIsSet" storage="d:\actions-runner\_work\xpco\xpco\mip\platformplugin\videoos.platform\unittest\bin\debug\net472\videoos.platform.tests.dll" id="f5d12e44-e40c-727a-8c4d-b5134fb3b55a">
      <TestCategory>
        <TestCategoryItem TestCategory="DropDowns" />
      </TestCategory>
      <Execution id="139dadd4-e069-4db9-8ed2-5015df950932" />
      <TestMethod codeBase="D:\actions-runner\_work\XPCO\XPCO\MIP\PlatformPlugin\VideoOS.Platform\unittest\bin\Debug\net472\VideoOS.Platform.Tests.dll" adapterTypeName="executor://mstestadapter/v2" className="VideoOS.Platform.Tests.UI.Controls.DropDowns.Internal.SelectedItemIconSourceExtensionTest" name="ProvideValue_ShouldNotSetTargetProperty_WhenCustomDisplayValueIsSet" />
    </UnitTest>
    <UnitTest name="Parse_MixedArray" storage="d:\actions-runner\_work\xpco\xpco\mip\platformplugin\videoos.platform\unittest\bin\debug\net472\videoos.platform.tests.dll" id="654a7cf9-90b9-03f9-bc66-64198ac9caf1">
      <Execution id="66d2d19d-0bd8-4b47-af2a-4249e56ef119" />
      <TestMethod codeBase="D:\actions-runner\_work\XPCO\XPCO\MIP\PlatformPlugin\VideoOS.Platform\unittest\bin\Debug\net472\VideoOS.Platform.Tests.dll" adapterTypeName="executor://mstestadapter/v2" className="VideoOS.Platform.Tests.Proxy.RestApi.JsonReaderTests" name="Parse_MixedArray" />
    </UnitTest>
    <UnitTest name="Append_Property_MIPItem_LowerCase" storage="d:\actions-runner\_work\xpco\xpco\mip\platformplugin\videoos.platform\unittest\bin\debug\net472\videoos.platform.tests.dll" id="d14f3865-eb3a-a806-eb3f-e6d1d870885d">
      <Execution id="ede8c9c6-5957-4452-b5f3-528a84934905" />
      <TestMethod codeBase="D:\actions-runner\_work\XPCO\XPCO\MIP\PlatformPlugin\VideoOS.Platform\unittest\bin\Debug\net472\VideoOS.Platform.Tests.dll" adapterTypeName="executor://mstestadapter/v2" className="VideoOS.Platform.Tests.Proxy.RestApi.JsonBuilderTests" name="Append_Property_MIPItem_LowerCase" />
    </UnitTest>
    <UnitTest name="Unauthorized_Success" storage="d:\actions-runner\_work\xpco\xpco\mip\platformplugin\videoos.platform\unittest\bin\debug\net472\videoos.platform.tests.dll" id="c15be519-b8fe-48e7-7703-7b1ac1a61e7f">
      <Execution id="94432526-5b1b-482e-ae25-e9b9a95eb0f2" />
      <TestMethod codeBase="D:\actions-runner\_work\XPCO\XPCO\MIP\PlatformPlugin\VideoOS.Platform\unittest\bin\Debug\net472\VideoOS.Platform.Tests.dll" adapterTypeName="executor://mstestadapter/v2" className="VideoOS.Platform.Tests.Proxy.RestApi.RestApiClientDecoratorTests" name="Unauthorized_Success" />
    </UnitTest>
    <UnitTest name="GenerateDeviceCapabilityParameters_ShouldWriteDefaultValue_WhenAlways" storage="d:\actions-runner\_work\xpco\xpco\mip\platformplugin\videoos.platform\unittest\bin\debug\net472\videoos.platform.tests.dll" id="cacda86d-f0f9-0934-0ba5-b96987330f36">
      <Execution id="f6898750-4a48-4e6b-8ec3-8592e3937244" />
      <TestMethod codeBase="D:\actions-runner\_work\XPCO\XPCO\MIP\PlatformPlugin\VideoOS.Platform\unittest\bin\Debug\net472\VideoOS.Platform.Tests.dll" adapterTypeName="executor://mstestadapter/v2" className="VideoOS.Platform.Tests.Data.EnumCapabilityTests" name="GenerateDeviceCapabilityParameters_ShouldWriteDefaultValue_WhenAlways" />
    </UnitTest>
    <UnitTest name="Encrypt_PropertyIsSetToNo_ThrowsException" storage="d:\actions-runner\_work\xpco\xpco\mip\platformplugin\videoos.platform\unittest\bin\debug\net472\videoos.platform.tests.dll" id="06c90135-67c9-51a3-9a46-9517155efc3a">
      <Execution id="b910594b-c5be-48b1-a55d-f32891df59c4" />
      <TestMethod codeBase="D:\actions-runner\_work\XPCO\XPCO\MIP\PlatformPlugin\VideoOS.Platform\unittest\bin\Debug\net472\VideoOS.Platform.Tests.dll" adapterTypeName="executor://mstestadapter/v2" className="VideoOS.Platform.Tests.ItemTests" name="Encrypt_PropertyIsSetToNo_ThrowsException" />
    </UnitTest>
    <UnitTest name="WriteXml_ShouldWriteBottomAttribute_WhenAlays" storage="d:\actions-runner\_work\xpco\xpco\mip\platformplugin\videoos.platform\unittest\bin\debug\net472\videoos.platform.tests.dll" id="585441ab-f7bf-ef9a-ea65-e7624bf9208f">
      <Execution id="1a1a3482-e584-4366-bf98-9a8f29bf8a2b" />
      <TestMethod codeBase="D:\actions-runner\_work\XPCO\XPCO\MIP\PlatformPlugin\VideoOS.Platform\unittest\bin\Debug\net472\VideoOS.Platform.Tests.dll" adapterTypeName="executor://mstestadapter/v2" className="VideoOS.Platform.Tests.Metadata.RectangleTests" name="WriteXml_ShouldWriteBottomAttribute_WhenAlays" />
    </UnitTest>
    <UnitTest name="IconOverlay_BuiltIn_VaryingOverlays_Success" storage="d:\actions-runner\_work\xpco\xpco\mip\platformplugin\videoos.platform\unittest\bin\debug\net472\videoos.platform.tests.dll" id="1a23ceed-6bf2-7030-b18a-91b782df52d2">
      <Execution id="af23f239-f7f8-4f34-b311-7b51ec33287c" />
      <TestMethod codeBase="D:\actions-runner\_work\XPCO\XPCO\MIP\PlatformPlugin\VideoOS.Platform\unittest\bin\Debug\net472\VideoOS.Platform.Tests.dll" adapterTypeName="executor://mstestadapter/v2" className="VideoOS.Platform.Tests.ItemTests" name="IconOverlay_BuiltIn_VaryingOverlays_Success" />
    </UnitTest>
    <UnitTest name="Serialize_TestCases (TestParentTypeMatchObjectNotThisTypeNotMatched)" storage="d:\actions-runner\_work\xpco\xpco\mip\platformplugin\videoos.platform\unittest\bin\debug\net472\videoos.platform.tests.dll" id="117614c7-eeb5-3c32-e0a6-311b673498a1">
      <Execution id="bac1b375-f9d0-432f-96d1-15d2bc381fb5" />
      <TestMethod codeBase="D:\actions-runner\_work\XPCO\XPCO\MIP\PlatformPlugin\VideoOS.Platform\unittest\bin\Debug\net472\VideoOS.Platform.Tests.dll" adapterTypeName="executor://mstestadapter/v2" className="VideoOS.Platform.Tests.UI.Controls.Automation.Serialization.AutomationObjectSerializerTest" name="Serialize_TestCases" />
    </UnitTest>
    <UnitTest name="Serialize_TestCases (TestParentTypeMatchInterfaceNotThisTypeNotMatchedProperty)" storage="d:\actions-runner\_work\xpco\xpco\mip\platformplugin\videoos.platform\unittest\bin\debug\net472\videoos.platform.tests.dll" id="9af02e3c-3f3d-0108-d5a6-719e3351c066">
      <Execution id="f1cbaae2-cc85-4bca-88f3-5877821a696f" />
      <TestMethod codeBase="D:\actions-runner\_work\XPCO\XPCO\MIP\PlatformPlugin\VideoOS.Platform\unittest\bin\Debug\net472\VideoOS.Platform.Tests.dll" adapterTypeName="executor://mstestadapter/v2" className="VideoOS.Platform.Tests.UI.Controls.Automation.Serialization.AutomationObjectSerializerTest" name="Serialize_TestCases" />
    </UnitTest>
    <UnitTest name="GetPreviousDateTime_ShouldReturnLastDataEntityFromSecondToolkitCall_WhenDateIsAfterFirstCachedValue" storage="d:\actions-runner\_work\xpco\xpco\mip\platformplugin\videoos.platform\unittest\bin\debug\net472\videoos.platform.tests.dll" id="d15cb015-1a80-6a1c-c85a-3f61077a2db7">
      <Execution id="0e64c991-a4ba-4271-9c92-539c52e31a3a" />
      <TestMethod codeBase="D:\actions-runner\_work\XPCO\XPCO\MIP\PlatformPlugin\VideoOS.Platform\unittest\bin\Debug\net472\VideoOS.Platform.Tests.dll" adapterTypeName="executor://mstestadapter/v2" className="VideoOS.Platform.Tests.Data.MetadataPlaybackSourceTests" name="GetPreviousDateTime_ShouldReturnLastDataEntityFromSecondToolkitCall_WhenDateIsAfterFirstCachedValue" />
    </UnitTest>
    <UnitTest name="ParseMetadataXmlWithString_ShouldReturnRootElement_WhenXmlContainsCorrectRootElement" storage="d:\actions-runner\_work\xpco\xpco\mip\platformplugin\videoos.platform\unittest\bin\debug\net472\videoos.platform.tests.dll" id="58acdb8f-084b-2e15-dc3a-9f779a1645ce">
      <Execution id="a1ede6bb-0d42-40d7-a4bf-9de70bf1159f" />
      <TestMethod codeBase="D:\actions-runner\_work\XPCO\XPCO\MIP\PlatformPlugin\VideoOS.Platform\unittest\bin\Debug\net472\VideoOS.Platform.Tests.dll" adapterTypeName="executor://mstestadapter/v2" className="VideoOS.Platform.Tests.Metadata.MetadataDeserializerTests" name="ParseMetadataXmlWithString_ShouldReturnRootElement_WhenXmlContainsCorrectRootElement" />
    </UnitTest>
    <UnitTest name="AllAttributesWerePresent_ShouldReturnFalse_WhenTopAttributeIsMissing" storage="d:\actions-runner\_work\xpco\xpco\mip\platformplugin\videoos.platform\unittest\bin\debug\net472\videoos.platform.tests.dll" id="6c5fbe1f-8152-a821-d533-330bed4f5a98">
      <Execution id="a2c270ed-0572-480b-9136-9fec8356bc6a" />
      <TestMethod codeBase="D:\actions-runner\_work\XPCO\XPCO\MIP\PlatformPlugin\VideoOS.Platform\unittest\bin\Debug\net472\VideoOS.Platform.Tests.dll" adapterTypeName="executor://mstestadapter/v2" className="VideoOS.Platform.Tests.Metadata.RectangleTests" name="AllAttributesWerePresent_ShouldReturnFalse_WhenTopAttributeIsMissing" />
    </UnitTest>
    <UnitTest name="ResolveIconSource_EnumValueShouldBeUnique_ForAllDefinedIcons" storage="d:\actions-runner\_work\xpco\xpco\mip\platformplugin\videoos.platform\unittest\bin\debug\net472\videoos.platform.tests.dll" id="1567771f-c566-3ead-d24b-280817524d69">
      <TestCategory>
        <TestCategoryItem TestCategory="Icons" />
      </TestCategory>
      <Execution id="856609f0-903f-4d12-ac55-ad22884f4730" />
      <TestMethod codeBase="D:\actions-runner\_work\XPCO\XPCO\MIP\PlatformPlugin\VideoOS.Platform\unittest\bin\Debug\net472\VideoOS.Platform.Tests.dll" adapterTypeName="executor://mstestadapter/v2" className="VideoOS.Platform.Tests.UI.Controls.Icons.VideoOSIconBuiltInSourceTest" name="ResolveIconSource_EnumValueShouldBeUnique_ForAllDefinedIcons" />
    </UnitTest>
    <UnitTest name="GetFrame_ShouldReturnFrame_WhenThereIsOneFrame" storage="d:\actions-runner\_work\xpco\xpco\mip\platformplugin\videoos.platform\unittest\bin\debug\net472\videoos.platform.tests.dll" id="62294b79-fd57-1a57-9fa1-16dc542d0a4d">
      <Execution id="fa89d13e-0c79-43d1-b49f-6422f5d14ff2" />
      <TestMethod codeBase="D:\actions-runner\_work\XPCO\XPCO\MIP\PlatformPlugin\VideoOS.Platform\unittest\bin\Debug\net472\VideoOS.Platform.Tests.dll" adapterTypeName="executor://mstestadapter/v2" className="VideoOS.Platform.Tests.Metadata.MetadataStreamTests" name="GetFrame_ShouldReturnFrame_WhenThereIsOneFrame" />
    </UnitTest>
    <UnitTest name="TestStartSearch_SortOrderSpecified_Success" storage="d:\actions-runner\_work\xpco\xpco\mip\platformplugin\videoos.platform\unittest\bin\debug\net472\videoos.platform.tests.dll" id="13638f31-b7e4-af7e-235e-95a40f773cc3">
      <TestCategory>
        <TestCategoryItem TestCategory="Search" />
      </TestCategory>
      <Execution id="23a5663a-b222-4df9-a674-ff329d502cbd" />
      <TestMethod codeBase="D:\actions-runner\_work\XPCO\XPCO\MIP\PlatformPlugin\VideoOS.Platform\unittest\bin\Debug\net472\VideoOS.Platform.Tests.dll" adapterTypeName="executor://mstestadapter/v2" className="VideoOS.Platform.Tests.Search.SearchManagerTest" name="TestStartSearch_SortOrderSpecified_Success" />
    </UnitTest>
    <UnitTest name="Serialize_ShouldHandleSelfReferencingWithCollection" storage="d:\actions-runner\_work\xpco\xpco\mip\platformplugin\videoos.platform\unittest\bin\debug\net472\videoos.platform.tests.dll" id="f3d705dd-7bc5-3c67-615c-4a5792f645ee">
      <Execution id="88fe5980-0c0a-443c-972d-350758209132" />
      <TestMethod codeBase="D:\actions-runner\_work\XPCO\XPCO\MIP\PlatformPlugin\VideoOS.Platform\unittest\bin\Debug\net472\VideoOS.Platform.Tests.dll" adapterTypeName="executor://mstestadapter/v2" className="VideoOS.Platform.Tests.UI.Controls.Automation.Serialization.AutomationObjectSerializerSelfReferencingTests" name="Serialize_ShouldHandleSelfReferencingWithCollection" />
    </UnitTest>
    <UnitTest name="SetChildren_Set_NoChildren_And_Check" storage="d:\actions-runner\_work\xpco\xpco\mip\platformplugin\videoos.platform\unittest\bin\debug\net472\videoos.platform.tests.dll" id="b6cf4406-22c8-107a-cae8-fc1d204c4130">
      <Execution id="f95de32c-488f-458e-b27d-423e843ffa64" />
      <TestMethod codeBase="D:\actions-runner\_work\XPCO\XPCO\MIP\PlatformPlugin\VideoOS.Platform\unittest\bin\Debug\net472\VideoOS.Platform.Tests.dll" adapterTypeName="executor://mstestadapter/v2" className="VideoOS.Platform.Tests.ItemTests" name="SetChildren_Set_NoChildren_And_Check" />
    </UnitTest>
    <UnitTest name="GetItem_AlarmDefinition_Success" storage="d:\actions-runner\_work\xpco\xpco\mip\platformplugin\videoos.platform\unittest\bin\debug\net472\videoos.platform.tests.dll" id="330836c9-cc9b-a4b7-a20d-ba9093f6b879">
      <Execution id="f0b76bfa-ba1e-4e0f-bb25-1d633079b199" />
      <TestMethod codeBase="D:\actions-runner\_work\XPCO\XPCO\MIP\PlatformPlugin\VideoOS.Platform\unittest\bin\Debug\net472\VideoOS.Platform.Tests.dll" adapterTypeName="executor://mstestadapter/v2" className="VideoOS.Platform.Tests.Proxy.RestApi.RestApiClientDecoratorTests" name="GetItem_AlarmDefinition_Success" />
    </UnitTest>
    <UnitTest name="Equals_IgnoreFolderType_Fail_OnServerIdId" storage="d:\actions-runner\_work\xpco\xpco\mip\platformplugin\videoos.platform\unittest\bin\debug\net472\videoos.platform.tests.dll" id="e036dcac-c98f-c247-938a-14a54b7a60ea">
      <Execution id="1a8caa68-82fe-4fb8-9c51-eb01ef5464a6" />
      <TestMethod codeBase="D:\actions-runner\_work\XPCO\XPCO\MIP\PlatformPlugin\VideoOS.Platform\unittest\bin\Debug\net472\VideoOS.Platform.Tests.dll" adapterTypeName="executor://mstestadapter/v2" className="VideoOS.Platform.Tests.FQIDtests" name="Equals_IgnoreFolderType_Fail_OnServerIdId" />
    </UnitTest>
    <UnitTest name="ReadXml_ShouldReadTopAttribute_WhenPresent" storage="d:\actions-runner\_work\xpco\xpco\mip\platformplugin\videoos.platform\unittest\bin\debug\net472\videoos.platform.tests.dll" id="c2c45a93-efa1-bb0e-351a-c58499dc22c7">
      <Execution id="a2f99068-f1ef-415c-9e43-e34982cf1d21" />
      <TestMethod codeBase="D:\actions-runner\_work\XPCO\XPCO\MIP\PlatformPlugin\VideoOS.Platform\unittest\bin\Debug\net472\VideoOS.Platform.Tests.dll" adapterTypeName="executor://mstestadapter/v2" className="VideoOS.Platform.Tests.Metadata.RectangleTests" name="ReadXml_ShouldReadTopAttribute_WhenPresent" />
    </UnitTest>
    <UnitTest name="Serialize_TestCases (TestParentTypeMatchIntNotThisTypeMatched)" storage="d:\actions-runner\_work\xpco\xpco\mip\platformplugin\videoos.platform\unittest\bin\debug\net472\videoos.platform.tests.dll" id="2c2117f3-dae9-4d5e-6fa1-773bd6c20109">
      <Execution id="25fd7d96-e78f-4c5a-8f3d-d293ff10f33f" />
      <TestMethod codeBase="D:\actions-runner\_work\XPCO\XPCO\MIP\PlatformPlugin\VideoOS.Platform\unittest\bin\Debug\net472\VideoOS.Platform.Tests.dll" adapterTypeName="executor://mstestadapter/v2" className="VideoOS.Platform.Tests.UI.Controls.Automation.Serialization.AutomationObjectSerializerTest" name="Serialize_TestCases" />
    </UnitTest>
    <UnitTest name="ReadXml_ShouldReadScaleContents_WhenScaleIsPresent" storage="d:\actions-runner\_work\xpco\xpco\mip\platformplugin\videoos.platform\unittest\bin\debug\net472\videoos.platform.tests.dll" id="d298d9c7-7d7d-ad15-03cc-8ab9e391d377">
      <Execution id="02cc3eba-2cd5-4757-b11b-289f13dbf19c" />
      <TestMethod codeBase="D:\actions-runner\_work\XPCO\XPCO\MIP\PlatformPlugin\VideoOS.Platform\unittest\bin\Debug\net472\VideoOS.Platform.Tests.dll" adapterTypeName="executor://mstestadapter/v2" className="VideoOS.Platform.Tests.Metadata.TransformationTests" name="ReadXml_ShouldReadScaleContents_WhenScaleIsPresent" />
    </UnitTest>
    <UnitTest name="GenerateParameters_ShouldWriteFpsRange_WhenFpsRangeIsNotNull" storage="d:\actions-runner\_work\xpco\xpco\mip\platformplugin\videoos.platform\unittest\bin\debug\net472\videoos.platform.tests.dll" id="dd6afc15-10c5-b303-c76e-273eabfa3bb0">
      <Execution id="f9675e84-fe06-4afe-8465-f2fc2ada03c8" />
      <TestMethod codeBase="D:\actions-runner\_work\XPCO\XPCO\MIP\PlatformPlugin\VideoOS.Platform\unittest\bin\Debug\net472\VideoOS.Platform.Tests.dll" adapterTypeName="executor://mstestadapter/v2" className="VideoOS.Platform.Tests.Data.CameraDeviceDefinitionTests" name="GenerateParameters_ShouldWriteFpsRange_WhenFpsRangeIsNotNull" />
    </UnitTest>
    <UnitTest name="GetChildren_And_Check" storage="d:\actions-runner\_work\xpco\xpco\mip\platformplugin\videoos.platform\unittest\bin\debug\net472\videoos.platform.tests.dll" id="49bc91b3-0e58-95cf-9899-940758bf9038">
      <Execution id="0e5be355-2cdd-4db5-b4bf-7d7d2b8005e6" />
      <TestMethod codeBase="D:\actions-runner\_work\XPCO\XPCO\MIP\PlatformPlugin\VideoOS.Platform\unittest\bin\Debug\net472\VideoOS.Platform.Tests.dll" adapterTypeName="executor://mstestadapter/v2" className="VideoOS.Platform.Tests.ItemTests" name="GetChildren_And_Check" />
    </UnitTest>
    <UnitTest name="WriteXml_ShouldWriteNavigationalData_WhenNavigationalDataIsNotNull" storage="d:\actions-runner\_work\xpco\xpco\mip\platformplugin\videoos.platform\unittest\bin\debug\net472\videoos.platform.tests.dll" id="bbf27319-0f4b-5f15-78c4-45a2e840ee02">
      <Execution id="ee61e388-da26-4e74-aeb1-dabf389a0766" />
      <TestMethod codeBase="D:\actions-runner\_work\XPCO\XPCO\MIP\PlatformPlugin\VideoOS.Platform\unittest\bin\Debug\net472\VideoOS.Platform.Tests.dll" adapterTypeName="executor://mstestadapter/v2" className="VideoOS.Platform.Tests.Metadata.MetadataStreamTests" name="WriteXml_ShouldWriteNavigationalData_WhenNavigationalDataIsNotNull" />
    </UnitTest>
    <UnitTest name="Given_Exception_WhenSerializingAndDeserialing_Then_AllContentIsPreserved" storage="d:\actions-runner\_work\xpco\xpco\mip\platformplugin\videoos.platform\unittest\bin\debug\net472\videoos.platform.tests.dll" id="3b7c8552-7a62-bee2-027f-19ba6bd6ceca">
      <Execution id="05599768-edf4-45d0-9b60-646912b9d3f4" />
      <TestMethod codeBase="D:\actions-runner\_work\XPCO\XPCO\MIP\PlatformPlugin\VideoOS.Platform\unittest\bin\Debug\net472\VideoOS.Platform.Tests.dll" adapterTypeName="executor://mstestadapter/v2" className="VideoOS.Platform.Tests.MIPExceptionsTest" name="Given_Exception_WhenSerializingAndDeserialing_Then_AllContentIsPreserved" />
    </UnitTest>
    <UnitTest name="WriteXml_ShouldWriteVideoAnalyticsContents_WhenVideoAnalyticsItemIsWritten" storage="d:\actions-runner\_work\xpco\xpco\mip\platformplugin\videoos.platform\unittest\bin\debug\net472\videoos.platform.tests.dll" id="3a8ca70f-603d-9529-0058-2e57757ce284">
      <Execution id="4f11b0a6-65bf-437c-a21a-f5be88d14582" />
      <TestMethod codeBase="D:\actions-runner\_work\XPCO\XPCO\MIP\PlatformPlugin\VideoOS.Platform\unittest\bin\Debug\net472\VideoOS.Platform.Tests.dll" adapterTypeName="executor://mstestadapter/v2" className="VideoOS.Platform.Tests.Metadata.MetadataStreamTests" name="WriteXml_ShouldWriteVideoAnalyticsContents_WhenVideoAnalyticsItemIsWritten" />
    </UnitTest>
    <UnitTest name="WriteMetadataXmlWithStream_ShouldWriteDocumentHeading_WhenDataIsPresent" storage="d:\actions-runner\_work\xpco\xpco\mip\platformplugin\videoos.platform\unittest\bin\debug\net472\videoos.platform.tests.dll" id="78982d6b-5a61-907d-6e51-74d4614c2331">
      <Execution id="8832e4b5-4f78-4f3d-b50a-931e8a0f208d" />
      <TestMethod codeBase="D:\actions-runner\_work\XPCO\XPCO\MIP\PlatformPlugin\VideoOS.Platform\unittest\bin\Debug\net472\VideoOS.Platform.Tests.dll" adapterTypeName="executor://mstestadapter/v2" className="VideoOS.Platform.Tests.Metadata.MetadataSerializerTests" name="WriteMetadataXmlWithStream_ShouldWriteDocumentHeading_WhenDataIsPresent" />
    </UnitTest>
    <UnitTest name="GetParent_NoServerId_Check" storage="d:\actions-runner\_work\xpco\xpco\mip\platformplugin\videoos.platform\unittest\bin\debug\net472\videoos.platform.tests.dll" id="871f6ec2-6973-6f3c-2bf4-5a51a50a4cf2">
      <Execution id="1f51017f-ef6a-445c-a9ce-253b11afce2d" />
      <TestMethod codeBase="D:\actions-runner\_work\XPCO\XPCO\MIP\PlatformPlugin\VideoOS.Platform\unittest\bin\Debug\net472\VideoOS.Platform.Tests.dll" adapterTypeName="executor://mstestadapter/v2" className="VideoOS.Platform.Tests.ItemTests" name="GetParent_NoServerId_Check" />
    </UnitTest>
    <UnitTest name="Equals_ShouldHaveValueSemantics_Always" storage="d:\actions-runner\_work\xpco\xpco\mip\platformplugin\videoos.platform\unittest\bin\debug\net472\videoos.platform.tests.dll" id="8a8663da-3c48-e3de-3195-bc33f43c17d1">
      <Execution id="31407397-9454-4a25-935d-e7a90d5f7b59" />
      <TestMethod codeBase="D:\actions-runner\_work\XPCO\XPCO\MIP\PlatformPlugin\VideoOS.Platform\unittest\bin\Debug\net472\VideoOS.Platform.Tests.dll" adapterTypeName="executor://mstestadapter/v2" className="VideoOS.Platform.Tests.Metadata.NavigationalDataTests" name="Equals_ShouldHaveValueSemantics_Always" />
    </UnitTest>
    <UnitTest name="SplitString_When2Levels_Trims" storage="d:\actions-runner\_work\xpco\xpco\mip\platformplugin\videoos.platform\unittest\bin\debug\net472\videoos.platform.tests.dll" id="c64fce4a-0ee6-9d1f-f96c-3f0744a2a23b">
      <Execution id="d67edd18-baf6-4488-9ce2-88dd90563f9d" />
      <TestMethod codeBase="D:\actions-runner\_work\XPCO\XPCO\MIP\PlatformPlugin\VideoOS.Platform\unittest\bin\Debug\net472\VideoOS.Platform.Tests.dll" adapterTypeName="executor://mstestadapter/v2" className="VideoOS.Platform.Tests.Util.StringSplitterTests" name="SplitString_When2Levels_Trims" />
    </UnitTest>
    <UnitTest name="ProvideValue_ShouldUseContentTemplate_WhenSelectedItemIsVideoOSDropDownItem" storage="d:\actions-runner\_work\xpco\xpco\mip\platformplugin\videoos.platform\unittest\bin\debug\net472\videoos.platform.tests.dll" id="9c47fe03-c56a-043e-ff88-e2633670fc9e">
      <TestCategory>
        <TestCategoryItem TestCategory="DropDowns" />
      </TestCategory>
      <Execution id="d9ae45e7-4026-4176-9ecb-2017cc4046a3" />
      <TestMethod codeBase="D:\actions-runner\_work\XPCO\XPCO\MIP\PlatformPlugin\VideoOS.Platform\unittest\bin\Debug\net472\VideoOS.Platform.Tests.dll" adapterTypeName="executor://mstestadapter/v2" className="VideoOS.Platform.Tests.UI.Controls.DropDowns.Internal.SelectedItemContentTemplateExtensionTest" name="ProvideValue_ShouldUseContentTemplate_WhenSelectedItemIsVideoOSDropDownItem" />
    </UnitTest>
    <UnitTest name="WriteXml_ShouldWriteBoundingBoxContents_WhenBoundingBoxIsNotNull" storage="d:\actions-runner\_work\xpco\xpco\mip\platformplugin\videoos.platform\unittest\bin\debug\net472\videoos.platform.tests.dll" id="a7d99e35-c064-6ecd-9e86-ff4a258d4620">
      <Execution id="888aa0b4-147a-4c4e-9f7c-309eef3cff1f" />
      <TestMethod codeBase="D:\actions-runner\_work\XPCO\XPCO\MIP\PlatformPlugin\VideoOS.Platform\unittest\bin\Debug\net472\VideoOS.Platform.Tests.dll" adapterTypeName="executor://mstestadapter/v2" className="VideoOS.Platform.Tests.Metadata.ShapeTests" name="WriteXml_ShouldWriteBoundingBoxContents_WhenBoundingBoxIsNotNull" />
    </UnitTest>
    <UnitTest name="ToArgbString_ShouldReturnStringWithLeadingHashAndHexString_Always" storage="d:\actions-runner\_work\xpco\xpco\mip\platformplugin\videoos.platform\unittest\bin\debug\net472\videoos.platform.tests.dll" id="bef51588-d886-f6e3-fdda-95da2278aacb">
      <Execution id="04d0203e-7193-459f-bfd9-4c2b4e483ab2" />
      <TestMethod codeBase="D:\actions-runner\_work\XPCO\XPCO\MIP\PlatformPlugin\VideoOS.Platform\unittest\bin\Debug\net472\VideoOS.Platform.Tests.dll" adapterTypeName="executor://mstestadapter/v2" className="VideoOS.Platform.Tests.Metadata.DisplayColorTests" name="ToArgbString_ShouldReturnStringWithLeadingHashAndHexString_Always" />
    </UnitTest>
    <UnitTest name="SearchResultData_TriggerTime_Success" storage="d:\actions-runner\_work\xpco\xpco\mip\platformplugin\videoos.platform\unittest\bin\debug\net472\videoos.platform.tests.dll" id="d2eb1662-6b70-63d0-d71c-7f9ecf6fdd7d">
      <TestCategory>
        <TestCategoryItem TestCategory="Search" />
      </TestCategory>
      <Execution id="86e8e935-b1af-4cb1-a928-a82b5debfb1f" />
      <TestMethod codeBase="D:\actions-runner\_work\XPCO\XPCO\MIP\PlatformPlugin\VideoOS.Platform\unittest\bin\Debug\net472\VideoOS.Platform.Tests.dll" adapterTypeName="executor://mstestadapter/v2" className="VideoOS.Platform.Tests.Search.SearchResultDataTest" name="SearchResultData_TriggerTime_Success" />
    </UnitTest>
    <UnitTest name="CreateSearchResultUserControl_MissingPlugin_ReturnsNull" storage="d:\actions-runner\_work\xpco\xpco\mip\platformplugin\videoos.platform\unittest\bin\debug\net472\videoos.platform.tests.dll" id="ed1af3f1-e228-caa9-58c0-803083486581">
      <TestCategory>
        <TestCategoryItem TestCategory="Search" />
      </TestCategory>
      <Execution id="4cafd8c3-0a1d-4ce6-a593-c368aca77b60" />
      <TestMethod codeBase="D:\actions-runner\_work\XPCO\XPCO\MIP\PlatformPlugin\VideoOS.Platform\unittest\bin\Debug\net472\VideoOS.Platform.Tests.dll" adapterTypeName="executor://mstestadapter/v2" className="VideoOS.Platform.Tests.Search.SearchUserControlResolverTest" name="CreateSearchResultUserControl_MissingPlugin_ReturnsNull" />
    </UnitTest>
    <UnitTest name="GetPreviousDateTime_ShouldReturnLastDataEntityFromToolkit_WhenDataIsNotCached" storage="d:\actions-runner\_work\xpco\xpco\mip\platformplugin\videoos.platform\unittest\bin\debug\net472\videoos.platform.tests.dll" id="e8ac92b2-fcd9-2dc0-f713-3c2cf3bb77c1">
      <Execution id="cffe3639-94e7-4344-84d6-0b17a5ccbbbd" />
      <TestMethod codeBase="D:\actions-runner\_work\XPCO\XPCO\MIP\PlatformPlugin\VideoOS.Platform\unittest\bin\Debug\net472\VideoOS.Platform.Tests.dll" adapterTypeName="executor://mstestadapter/v2" className="VideoOS.Platform.Tests.Data.MetadataPlaybackSourceTests" name="GetPreviousDateTime_ShouldReturnLastDataEntityFromToolkit_WhenDataIsNotCached" />
    </UnitTest>
    <UnitTest name="ReadXml_ShouldIgnoreUnknownChildren_WhenUnknownChildrenArePresent" storage="d:\actions-runner\_work\xpco\xpco\mip\platformplugin\videoos.platform\unittest\bin\debug\net472\videoos.platform.tests.dll" id="222dc4eb-8a5f-bb70-a6c0-96da1bd8a35a">
      <Execution id="f69cb4e8-cb9a-4049-9927-1d17bc3a4e1a" />
      <TestMethod codeBase="D:\actions-runner\_work\XPCO\XPCO\MIP\PlatformPlugin\VideoOS.Platform\unittest\bin\Debug\net472\VideoOS.Platform.Tests.dll" adapterTypeName="executor://mstestadapter/v2" className="VideoOS.Platform.Tests.Metadata.OnvifClassTests" name="ReadXml_ShouldIgnoreUnknownChildren_WhenUnknownChildrenArePresent" />
    </UnitTest>
    <UnitTest name="Replace_ShouldInvokeCallback_WhenObservable" storage="d:\actions-runner\_work\xpco\xpco\mip\platformplugin\videoos.platform\unittest\bin\debug\net472\videoos.platform.tests.dll" id="5299c3b1-b147-2926-54b8-048e2c168fc2">
      <Execution id="25be1a99-166b-4c75-a4a1-03d58487f550" />
      <TestMethod codeBase="D:\actions-runner\_work\XPCO\XPCO\MIP\PlatformPlugin\VideoOS.Platform\unittest\bin\Debug\net472\VideoOS.Platform.Tests.dll" adapterTypeName="executor://mstestadapter/v2" className="VideoOS.Platform.Tests.UI.Controls.CollectionHelperGenericTest" name="Replace_ShouldInvokeCallback_WhenObservable" />
    </UnitTest>
    <UnitTest name="TestConstructor_Success" storage="d:\actions-runner\_work\xpco\xpco\mip\platformplugin\videoos.platform\unittest\bin\debug\net472\videoos.platform.tests.dll" id="6ca73ebd-56b4-1756-58f8-e75d82906bc5">
      <Execution id="2d994f21-a024-48c0-8ae4-da8de3fa275e" />
      <TestMethod codeBase="D:\actions-runner\_work\XPCO\XPCO\MIP\PlatformPlugin\VideoOS.Platform\unittest\bin\Debug\net472\VideoOS.Platform.Tests.dll" adapterTypeName="executor://mstestadapter/v2" className="VideoOS.Platform.Tests.Search.Error.ServerNotAvailableSearchErrorTest" name="TestConstructor_Success" />
    </UnitTest>
    <UnitTest name="UnloadedEvent_ShouldRemoveProxyManager_WhenRaisedOnFrameworkElement" storage="d:\actions-runner\_work\xpco\xpco\mip\platformplugin\videoos.platform\unittest\bin\debug\net472\videoos.platform.tests.dll" id="16f60887-7ce9-1170-b4ee-a149304874ee">
      <TestCategory>
        <TestCategoryItem TestCategory="EventsToCommandMappings" />
      </TestCategory>
      <Execution id="b612f435-a371-4171-a909-69ae18dacb62" />
      <TestMethod codeBase="D:\actions-runner\_work\XPCO\XPCO\MIP\PlatformPlugin\VideoOS.Platform\unittest\bin\Debug\net472\VideoOS.Platform.Tests.dll" adapterTypeName="executor://mstestadapter/v2" className="VideoOS.Platform.Tests.UI.Commands.EventsToCommandMappingTest" name="UnloadedEvent_ShouldRemoveProxyManager_WhenRaisedOnFrameworkElement" />
    </UnitTest>
    <UnitTest name="OverlapsWith_ShouldReturnFalse_WhenArgumenStartTimeIsAfterEndTime" storage="d:\actions-runner\_work\xpco\xpco\mip\platformplugin\videoos.platform\unittest\bin\debug\net472\videoos.platform.tests.dll" id="cf0c75b1-044e-c5b0-ba75-3be411bef17a">
      <Execution id="3495132e-9017-4319-a945-ece2e24ce951" />
      <TestMethod codeBase="D:\actions-runner\_work\XPCO\XPCO\MIP\PlatformPlugin\VideoOS.Platform\unittest\bin\Debug\net472\VideoOS.Platform.Tests.dll" adapterTypeName="executor://mstestadapter/v2" className="VideoOS.Platform.Tests.Util.TimeIntervalTests" name="OverlapsWith_ShouldReturnFalse_WhenArgumenStartTimeIsAfterEndTime" />
    </UnitTest>
    <UnitTest name="Ctor_NoStandardFilters_Success" storage="d:\actions-runner\_work\xpco\xpco\mip\platformplugin\videoos.platform\unittest\bin\debug\net472\videoos.platform.tests.dll" id="59e10b82-f701-4ec1-bb24-9886531bdbb4">
      <TestCategory>
        <TestCategoryItem TestCategory="Search" />
      </TestCategory>
      <Execution id="8a29e86a-3aff-45a5-8f98-dd89d33de9d0" />
      <TestMethod codeBase="D:\actions-runner\_work\XPCO\XPCO\MIP\PlatformPlugin\VideoOS.Platform\unittest\bin\Debug\net472\VideoOS.Platform.Tests.dll" adapterTypeName="executor://mstestadapter/v2" className="VideoOS.Platform.Tests.Search.FilterCategories.VehicleSearchFilterCategoryTest" name="Ctor_NoStandardFilters_Success" />
    </UnitTest>
    <UnitTest name="ResolveIconSource_ResourceIconsAndDefinedIcons_ShouldBeIdentical" storage="d:\actions-runner\_work\xpco\xpco\mip\platformplugin\videoos.platform\unittest\bin\debug\net472\videoos.platform.tests.dll" id="18b9af22-bb6c-f1cc-eab9-198fe04c78c2">
      <TestCategory>
        <TestCategoryItem TestCategory="Icons" />
      </TestCategory>
      <Execution id="d70f6fda-6da7-4a94-af59-62a5ca6e21f8" />
      <TestMethod codeBase="D:\actions-runner\_work\XPCO\XPCO\MIP\PlatformPlugin\VideoOS.Platform\unittest\bin\Debug\net472\VideoOS.Platform.Tests.dll" adapterTypeName="executor://mstestadapter/v2" className="VideoOS.Platform.Tests.UI.Controls.Icons.VideoOSIconBuiltInSourceTest" name="ResolveIconSource_ResourceIconsAndDefinedIcons_ShouldBeIdentical" />
    </UnitTest>
    <UnitTest name="CreateAlarmFromEvent_ShouldReturnProperAlarm_WhenArgumentIsEventData" storage="d:\actions-runner\_work\xpco\xpco\mip\platformplugin\videoos.platform\unittest\bin\debug\net472\videoos.platform.tests.dll" id="6faa7eef-7d9f-75d0-2df6-09e7531ab536">
      <Execution id="3f9fcbe1-14eb-4263-95db-3722582e10f8" />
      <TestMethod codeBase="D:\actions-runner\_work\XPCO\XPCO\MIP\PlatformPlugin\VideoOS.Platform\unittest\bin\Debug\net472\VideoOS.Platform.Tests.dll" adapterTypeName="executor://mstestadapter/v2" className="VideoOS.Platform.Tests.Util.AlarmBuilderTests" name="CreateAlarmFromEvent_ShouldReturnProperAlarm_WhenArgumentIsEventData" />
    </UnitTest>
    <UnitTest name="GetBoundingShapesAsync_SingleInvocationPerTime_DelegatedToInternalMethod" storage="d:\actions-runner\_work\xpco\xpco\mip\platformplugin\videoos.platform\unittest\bin\debug\net472\videoos.platform.tests.dll" id="bffd3eb0-f441-4434-c761-838539b2758c">
      <TestCategory>
        <TestCategoryItem TestCategory="Search" />
      </TestCategory>
      <Execution id="0f27de03-4807-41a2-9d4e-bc8e0213194f" />
      <TestMethod codeBase="D:\actions-runner\_work\XPCO\XPCO\MIP\PlatformPlugin\VideoOS.Platform\unittest\bin\Debug\net472\VideoOS.Platform.Tests.dll" adapterTypeName="executor://mstestadapter/v2" className="VideoOS.Platform.Tests.Search.SearchResultDataTest" name="GetBoundingShapesAsync_SingleInvocationPerTime_DelegatedToInternalMethod" />
    </UnitTest>
    <UnitTest name="Decrypt_ShouldThrowMIPException_WhenCryptographicServiceProviderIsNotAvailable" storage="d:\actions-runner\_work\xpco\xpco\mip\platformplugin\videoos.platform\unittest\bin\debug\net472\videoos.platform.tests.dll" id="9bb96261-1701-74be-ae73-ef01ff852954">
      <Execution id="dc785857-e592-4043-a4ba-570351afbf91" />
      <TestMethod codeBase="D:\actions-runner\_work\XPCO\XPCO\MIP\PlatformPlugin\VideoOS.Platform\unittest\bin\Debug\net472\VideoOS.Platform.Tests.dll" adapterTypeName="executor://mstestadapter/v2" className="VideoOS.Platform.Tests.License.NonFipsLicenseCompatibilityHandlerTests" name="Decrypt_ShouldThrowMIPException_WhenCryptographicServiceProviderIsNotAvailable" />
    </UnitTest>
    <UnitTest name="ReadXml_ShouldIgnoreUnknownChildren_WhenAlways" storage="d:\actions-runner\_work\xpco\xpco\mip\platformplugin\videoos.platform\unittest\bin\debug\net472\videoos.platform.tests.dll" id="cc5dfcab-4777-b980-4145-e6c140db897c">
      <Execution id="a29f2b2f-cd83-40ad-a02d-02a44ded31c0" />
      <TestMethod codeBase="D:\actions-runner\_work\XPCO\XPCO\MIP\PlatformPlugin\VideoOS.Platform\unittest\bin\Debug\net472\VideoOS.Platform.Tests.dll" adapterTypeName="executor://mstestadapter/v2" className="VideoOS.Platform.Tests.Metadata.BehaviourTests" name="ReadXml_ShouldIgnoreUnknownChildren_WhenAlways" />
    </UnitTest>
    <UnitTest name="CollectionReplaced_ShouldInvokeCallback_WhenObservable" storage="d:\actions-runner\_work\xpco\xpco\mip\platformplugin\videoos.platform\unittest\bin\debug\net472\videoos.platform.tests.dll" id="a9e125d3-70c7-168e-1c81-0d36cf4ad5a1">
      <Execution id="7aba9a37-15c8-4610-97da-f5eb0f24a87d" />
      <TestMethod codeBase="D:\actions-runner\_work\XPCO\XPCO\MIP\PlatformPlugin\VideoOS.Platform\unittest\bin\Debug\net472\VideoOS.Platform.Tests.dll" adapterTypeName="executor://mstestadapter/v2" className="VideoOS.Platform.Tests.UI.Controls.CollectionHelperTest" name="CollectionReplaced_ShouldInvokeCallback_WhenObservable" />
    </UnitTest>
    <UnitTest name="CreateSearchFilterEditControl_MultiplePluginsSameResultType_LastPluginWins" storage="d:\actions-runner\_work\xpco\xpco\mip\platformplugin\videoos.platform\unittest\bin\debug\net472\videoos.platform.tests.dll" id="6892fbdf-0dab-889b-326a-7904d2b9e728">
      <TestCategory>
        <TestCategoryItem TestCategory="Search" />
      </TestCategory>
      <Execution id="8b14ae3e-75b0-4754-914c-29a5ef07a8ae" />
      <TestMethod codeBase="D:\actions-runner\_work\XPCO\XPCO\MIP\PlatformPlugin\VideoOS.Platform\unittest\bin\Debug\net472\VideoOS.Platform.Tests.dll" adapterTypeName="executor://mstestadapter/v2" className="VideoOS.Platform.Tests.Search.SearchUserControlResolverTest" name="CreateSearchFilterEditControl_MultiplePluginsSameResultType_LastPluginWins" />
    </UnitTest>
    <UnitTest name="SearializePlusDeserialize_NestedElement_ShouldResultInSameString" storage="d:\actions-runner\_work\xpco\xpco\mip\platformplugin\videoos.platform\unittest\bin\debug\net472\videoos.platform.tests.dll" id="d218b1ec-f943-b4b5-4c70-d50ae6005d5d">
      <Execution id="1f420e8a-a45e-4bfc-b940-156877be6a7f" />
      <TestMethod codeBase="D:\actions-runner\_work\XPCO\XPCO\MIP\PlatformPlugin\VideoOS.Platform\unittest\bin\Debug\net472\VideoOS.Platform.Tests.dll" adapterTypeName="executor://mstestadapter/v2" className="VideoOS.Platform.Tests.Proxy.RestApi.JsonObjectTests" name="SearializePlusDeserialize_NestedElement_ShouldResultInSameString" />
    </UnitTest>
    <UnitTest name="WriteXml_ShouldWriteLeftAttribute_WhenAlays" storage="d:\actions-runner\_work\xpco\xpco\mip\platformplugin\videoos.platform\unittest\bin\debug\net472\videoos.platform.tests.dll" id="cc181f70-75e6-81da-b99e-3e2374e3ba03">
      <Execution id="c50f77d2-948e-40e3-8544-0d1596ce70f7" />
      <TestMethod codeBase="D:\actions-runner\_work\XPCO\XPCO\MIP\PlatformPlugin\VideoOS.Platform\unittest\bin\Debug\net472\VideoOS.Platform.Tests.dll" adapterTypeName="executor://mstestadapter/v2" className="VideoOS.Platform.Tests.Metadata.RectangleTests" name="WriteXml_ShouldWriteLeftAttribute_WhenAlays" />
    </UnitTest>
    <UnitTest name="GenerateDeviceCapabilityParameters_ShouldWriteTypeDisplayName_WhenAlways" storage="d:\actions-runner\_work\xpco\xpco\mip\platformplugin\videoos.platform\unittest\bin\debug\net472\videoos.platform.tests.dll" id="b05d6f18-6593-4fdf-8277-2d819867e350">
      <Execution id="d9f6b47c-9348-4d97-b1cb-272efe4b4682" />
      <TestMethod codeBase="D:\actions-runner\_work\XPCO\XPCO\MIP\PlatformPlugin\VideoOS.Platform\unittest\bin\Debug\net472\VideoOS.Platform.Tests.dll" adapterTypeName="executor://mstestadapter/v2" className="VideoOS.Platform.Tests.Data.MetadataDeviceCapabilityTests" name="GenerateDeviceCapabilityParameters_ShouldWriteTypeDisplayName_WhenAlways" />
    </UnitTest>
    <UnitTest name="ReadXml_ShouldReadOnvifClassContents_WhenClassIsPresent" storage="d:\actions-runner\_work\xpco\xpco\mip\platformplugin\videoos.platform\unittest\bin\debug\net472\videoos.platform.tests.dll" id="0d6a360b-80b2-0c9f-819e-6ddc1b403d2d">
      <Execution id="7b95ab97-f98f-49ac-9783-ae2f2b2d1272" />
      <TestMethod codeBase="D:\actions-runner\_work\XPCO\XPCO\MIP\PlatformPlugin\VideoOS.Platform\unittest\bin\Debug\net472\VideoOS.Platform.Tests.dll" adapterTypeName="executor://mstestadapter/v2" className="VideoOS.Platform.Tests.Metadata.AppearanceTests" name="ReadXml_ShouldReadOnvifClassContents_WhenClassIsPresent" />
    </UnitTest>
    <UnitTest name="Set_String" storage="d:\actions-runner\_work\xpco\xpco\mip\platformplugin\videoos.platform\unittest\bin\debug\net472\videoos.platform.tests.dll" id="48eac079-0542-ec87-ddd8-945c77d287cd">
      <Execution id="3debe3a9-4bd3-44b3-b776-e567361c3bab" />
      <TestMethod codeBase="D:\actions-runner\_work\XPCO\XPCO\MIP\PlatformPlugin\VideoOS.Platform\unittest\bin\Debug\net472\VideoOS.Platform.Tests.dll" adapterTypeName="executor://mstestadapter/v2" className="VideoOS.Platform.Tests.Proxy.RestApi.JsonReaderTests" name="Set_String" />
    </UnitTest>
    <UnitTest name="Equals_ShouldHaveValueSemantics_WhenAlways" storage="d:\actions-runner\_work\xpco\xpco\mip\platformplugin\videoos.platform\unittest\bin\debug\net472\videoos.platform.tests.dll" id="6fd6583b-6e84-0268-1f57-5ed2e7f07344">
      <Execution id="74f768c7-45e7-48cb-8ae1-93abc399b054" />
      <TestMethod codeBase="D:\actions-runner\_work\XPCO\XPCO\MIP\PlatformPlugin\VideoOS.Platform\unittest\bin\Debug\net472\VideoOS.Platform.Tests.dll" adapterTypeName="executor://mstestadapter/v2" className="VideoOS.Platform.Tests.Metadata.OnvifClassTests" name="Equals_ShouldHaveValueSemantics_WhenAlways" />
    </UnitTest>
    <UnitTest name="Constructor_ShouldThrowArgumentNullException_WhenItemIsNull" storage="d:\actions-runner\_work\xpco\xpco\mip\platformplugin\videoos.platform\unittest\bin\debug\net472\videoos.platform.tests.dll" id="62bbe3ee-7e4f-b582-4e14-d8ceb77d972c">
      <Execution id="b39bdc5d-8549-4586-9de3-3bc2ef5afc1b" />
      <TestMethod codeBase="D:\actions-runner\_work\XPCO\XPCO\MIP\PlatformPlugin\VideoOS.Platform\unittest\bin\Debug\net472\VideoOS.Platform.Tests.dll" adapterTypeName="executor://mstestadapter/v2" className="VideoOS.Platform.Tests.Data.MetadataPlaybackSourceTests" name="Constructor_ShouldThrowArgumentNullException_WhenItemIsNull" />
    </UnitTest>
    <UnitTest name="WriteXml_ShouldWriteAppearanceElement_WhenAppearanceIsNotNull" storage="d:\actions-runner\_work\xpco\xpco\mip\platformplugin\videoos.platform\unittest\bin\debug\net472\videoos.platform.tests.dll" id="b5ae8819-8b54-7370-da1b-0cdd20d995d0">
      <Execution id="b61acb5f-fdbb-4f66-afb0-93f5d0a72b51" />
      <TestMethod codeBase="D:\actions-runner\_work\XPCO\XPCO\MIP\PlatformPlugin\VideoOS.Platform\unittest\bin\Debug\net472\VideoOS.Platform.Tests.dll" adapterTypeName="executor://mstestadapter/v2" className="VideoOS.Platform.Tests.Metadata.OnvifObjectTests" name="WriteXml_ShouldWriteAppearanceElement_WhenAppearanceIsNotNull" />
    </UnitTest>
    <UnitTest name="Append_PropertyKey_Value_Parted" storage="d:\actions-runner\_work\xpco\xpco\mip\platformplugin\videoos.platform\unittest\bin\debug\net472\videoos.platform.tests.dll" id="d1e0da8d-6305-778c-2487-62302266275e">
      <Execution id="b4d36d62-a849-491c-a2f4-c64844a92efa" />
      <TestMethod codeBase="D:\actions-runner\_work\XPCO\XPCO\MIP\PlatformPlugin\VideoOS.Platform\unittest\bin\Debug\net472\VideoOS.Platform.Tests.dll" adapterTypeName="executor://mstestadapter/v2" className="VideoOS.Platform.Tests.Proxy.RestApi.JsonBuilderTests" name="Append_PropertyKey_Value_Parted" />
    </UnitTest>
    <UnitTest name="SHA256Hex64_ShouldThrowArgumentNullException_WhenInputIsNull" storage="d:\actions-runner\_work\xpco\xpco\mip\platformplugin\videoos.platform\unittest\bin\debug\net472\videoos.platform.tests.dll" id="e07ed0b5-2e0a-976d-3f75-19c16e3edd02">
      <Execution id="8445125b-4300-435d-8d15-e0e064d34208" />
      <TestMethod codeBase="D:\actions-runner\_work\XPCO\XPCO\MIP\PlatformPlugin\VideoOS.Platform\unittest\bin\Debug\net472\VideoOS.Platform.Tests.dll" adapterTypeName="executor://mstestadapter/v2" className="VideoOS.Platform.Tests.Data.MediaProviderInternal.UtilityTests" name="SHA256Hex64_ShouldThrowArgumentNullException_WhenInputIsNull" />
    </UnitTest>
    <UnitTest name="GetMetadataObjectIdsAsync_SingleInvocation_DelegatedToInternalMethod" storage="d:\actions-runner\_work\xpco\xpco\mip\platformplugin\videoos.platform\unittest\bin\debug\net472\videoos.platform.tests.dll" id="ecf74651-4fc2-6bc3-0181-d2278e0bfbfa">
      <TestCategory>
        <TestCategoryItem TestCategory="Search" />
      </TestCategory>
      <Execution id="80f093aa-1aef-4266-8e80-17bf961562e5" />
      <TestMethod codeBase="D:\actions-runner\_work\XPCO\XPCO\MIP\PlatformPlugin\VideoOS.Platform\unittest\bin\Debug\net472\VideoOS.Platform.Tests.dll" adapterTypeName="executor://mstestadapter/v2" className="VideoOS.Platform.Tests.Search.SearchResultDataTest" name="GetMetadataObjectIdsAsync_SingleInvocation_DelegatedToInternalMethod" />
    </UnitTest>
    <UnitTest name="IsEmptyValue_DoubleRangeFilterValue_MinValueAboveMinimum_ReturnsFalse" storage="d:\actions-runner\_work\xpco\xpco\mip\platformplugin\videoos.platform\unittest\bin\debug\net472\videoos.platform.tests.dll" id="eff4462f-0b3b-bad0-f3bc-88c9334e4c4b">
      <TestCategory>
        <TestCategoryItem TestCategory="Search" />
      </TestCategory>
      <Execution id="d8643c75-e149-4db5-878e-6dcd4f2a7875" />
      <TestMethod codeBase="D:\actions-runner\_work\XPCO\XPCO\MIP\PlatformPlugin\VideoOS.Platform\unittest\bin\Debug\net472\VideoOS.Platform.Tests.dll" adapterTypeName="executor://mstestadapter/v2" className="VideoOS.Platform.Tests.Search.SearchFilterTest" name="IsEmptyValue_DoubleRangeFilterValue_MinValueAboveMinimum_ReturnsFalse" />
    </UnitTest>
    <UnitTest name="Decrypt_ShouldReturnInputAsIs" storage="d:\actions-runner\_work\xpco\xpco\mip\platformplugin\videoos.platform\unittest\bin\debug\net472\videoos.platform.tests.dll" id="e060b440-f3f0-8ff1-976f-fddc5cc26f62">
      <Execution id="164f7e91-c1a3-4456-b4d3-c9562a2793dd" />
      <TestMethod codeBase="D:\actions-runner\_work\XPCO\XPCO\MIP\PlatformPlugin\VideoOS.Platform\unittest\bin\Debug\net472\VideoOS.Platform.Tests.dll" adapterTypeName="executor://mstestadapter/v2" className="VideoOS.Platform.Tests.License.LicenseCompatibilityHandlerTests" name="Decrypt_ShouldReturnInputAsIs" />
    </UnitTest>
    <UnitTest name="ReadXml_ShouldReadColorAttribute_WhenPresent" storage="d:\actions-runner\_work\xpco\xpco\mip\platformplugin\videoos.platform\unittest\bin\debug\net472\videoos.platform.tests.dll" id="044b544f-c581-0c62-7f52-eaa9bd1b769a">
      <Execution id="7d4c6099-71a1-40cf-b6c1-64510d8a653a" />
      <TestMethod codeBase="D:\actions-runner\_work\XPCO\XPCO\MIP\PlatformPlugin\VideoOS.Platform\unittest\bin\Debug\net472\VideoOS.Platform.Tests.dll" adapterTypeName="executor://mstestadapter/v2" className="VideoOS.Platform.Tests.Metadata.DisplayTextTests" name="ReadXml_ShouldReadColorAttribute_WhenPresent" />
    </UnitTest>
    <UnitTest name="RemovePredicate_KeyPresent_RemovedFromCacheAndGetReturnsNull" storage="d:\actions-runner\_work\xpco\xpco\mip\platformplugin\videoos.platform\unittest\bin\debug\net472\videoos.platform.tests.dll" id="583ac39a-cd2a-cc9b-7143-e3a644d6c3bd">
      <Execution id="cda4ccaa-eb0f-45a1-b0c6-a4759721b925" />
      <TestMethod codeBase="D:\actions-runner\_work\XPCO\XPCO\MIP\PlatformPlugin\VideoOS.Platform\unittest\bin\Debug\net472\VideoOS.Platform.Tests.dll" adapterTypeName="executor://mstestadapter/v2" className="VideoOS.Platform.Tests.Util.Queue.LRUCacheTests" name="RemovePredicate_KeyPresent_RemovedFromCacheAndGetReturnsNull" />
    </UnitTest>
    <UnitTest name="MD5Hex32_ShouldReturnMD5Hash_WhenInputIsEmpty" storage="d:\actions-runner\_work\xpco\xpco\mip\platformplugin\videoos.platform\unittest\bin\debug\net472\videoos.platform.tests.dll" id="3c77e52b-5dd8-dbae-4bf5-a2756b09e775">
      <Execution id="df065166-d733-468a-9d12-575bf3350eab" />
      <TestMethod codeBase="D:\actions-runner\_work\XPCO\XPCO\MIP\PlatformPlugin\VideoOS.Platform\unittest\bin\Debug\net472\VideoOS.Platform.Tests.dll" adapterTypeName="executor://mstestadapter/v2" className="VideoOS.Platform.Tests.Data.MediaProviderInternal.UtilityTests" name="MD5Hex32_ShouldReturnMD5Hash_WhenInputIsEmpty" />
    </UnitTest>
    <UnitTest name="MatchId_Success_MessageWithAsteriskATEnd" storage="d:\actions-runner\_work\xpco\xpco\mip\platformplugin\videoos.platform\unittest\bin\debug\net472\videoos.platform.tests.dll" id="0209b421-7614-162d-e45d-48fbd126c964">
      <Execution id="37aa8b54-d711-423c-9846-39cf31fa022f" />
      <TestMethod codeBase="D:\actions-runner\_work\XPCO\XPCO\MIP\PlatformPlugin\VideoOS.Platform\unittest\bin\Debug\net472\VideoOS.Platform.Tests.dll" adapterTypeName="executor://mstestadapter/v2" className="VideoOS.Platform.Tests.Messaging.CommunicationIdFilterTests" name="MatchId_Success_MessageWithAsteriskATEnd" />
    </UnitTest>
    <UnitTest name="Serialize_TestCases (TestParentTypeMatchObjectThisTypeMatchedProperty)" storage="d:\actions-runner\_work\xpco\xpco\mip\platformplugin\videoos.platform\unittest\bin\debug\net472\videoos.platform.tests.dll" id="65073782-d14b-7acc-ac1b-4140ad46eef8">
      <Execution id="f9d2202a-fada-44ed-a699-f57ac0a63df4" />
      <TestMethod codeBase="D:\actions-runner\_work\XPCO\XPCO\MIP\PlatformPlugin\VideoOS.Platform\unittest\bin\Debug\net472\VideoOS.Platform.Tests.dll" adapterTypeName="executor://mstestadapter/v2" className="VideoOS.Platform.Tests.UI.Controls.Automation.Serialization.AutomationObjectSerializerTest" name="Serialize_TestCases" />
    </UnitTest>
    <UnitTest name="Match_Success_SystemType" storage="d:\actions-runner\_work\xpco\xpco\mip\platformplugin\videoos.platform\unittest\bin\debug\net472\videoos.platform.tests.dll" id="16f93673-833f-5604-541b-fd1cb5d08ba8">
      <Execution id="d1b3d468-303e-4528-be6b-528910db2fc3" />
      <TestMethod codeBase="D:\actions-runner\_work\XPCO\XPCO\MIP\PlatformPlugin\VideoOS.Platform\unittest\bin\Debug\net472\VideoOS.Platform.Tests.dll" adapterTypeName="executor://mstestadapter/v2" className="VideoOS.Platform.Tests.Messaging.CommunicationIdFilterTests" name="Match_Success_SystemType" />
    </UnitTest>
    <UnitTest name="GetAtOrBefore_ShouldReturnNull_WhenTimestampIsAfterLastElement" storage="d:\actions-runner\_work\xpco\xpco\mip\platformplugin\videoos.platform\unittest\bin\debug\net472\videoos.platform.tests.dll" id="1e592ef1-e1bf-3981-b2eb-87e514325b77">
      <Execution id="56db3a62-10d1-4c13-bbe4-c094c2a2016c" />
      <TestMethod codeBase="D:\actions-runner\_work\XPCO\XPCO\MIP\PlatformPlugin\VideoOS.Platform\unittest\bin\Debug\net472\VideoOS.Platform.Tests.dll" adapterTypeName="executor://mstestadapter/v2" className="VideoOS.Platform.Tests.Data.MetadataCacheTests" name="GetAtOrBefore_ShouldReturnNull_WhenTimestampIsAfterLastElement" />
    </UnitTest>
    <UnitTest name="FindCacheEntryBefore_ShuldReturnNull_WhenTheCacheIsEmpty" storage="d:\actions-runner\_work\xpco\xpco\mip\platformplugin\videoos.platform\unittest\bin\debug\net472\videoos.platform.tests.dll" id="4fd7ef13-73a5-f651-dedc-2514dfae7f93">
      <Execution id="615b2ac8-4caa-4a01-98e2-de4a4ef5390e" />
      <TestMethod codeBase="D:\actions-runner\_work\XPCO\XPCO\MIP\PlatformPlugin\VideoOS.Platform\unittest\bin\Debug\net472\VideoOS.Platform.Tests.dll" adapterTypeName="executor://mstestadapter/v2" className="VideoOS.Platform.Tests.Data.MetadataCacheTests" name="FindCacheEntryBefore_ShuldReturnNull_WhenTheCacheIsEmpty" />
    </UnitTest>
    <UnitTest name="GenerateParameters_ShouldWriteNumberOfCameraDevicesAsNumVideoCh_WhenAlways" storage="d:\actions-runner\_work\xpco\xpco\mip\platformplugin\videoos.platform\unittest\bin\debug\net472\videoos.platform.tests.dll" id="cc8e9b7e-62a1-d82e-3e31-af5cf935c88a">
      <Execution id="60183d23-1dd3-4ea0-ac8b-26644e0e0c08" />
      <TestMethod codeBase="D:\actions-runner\_work\XPCO\XPCO\MIP\PlatformPlugin\VideoOS.Platform\unittest\bin\Debug\net472\VideoOS.Platform.Tests.dll" adapterTypeName="executor://mstestadapter/v2" className="VideoOS.Platform.Tests.Data.HardwareDefinitionTests" name="GenerateParameters_ShouldWriteNumberOfCameraDevicesAsNumVideoCh_WhenAlways" />
    </UnitTest>
    <UnitTest name="ConstructorInt_ShouldReturnCorrectArgbValues_Always" storage="d:\actions-runner\_work\xpco\xpco\mip\platformplugin\videoos.platform\unittest\bin\debug\net472\videoos.platform.tests.dll" id="256352cb-a01d-67ee-0151-ab9132f46725">
      <Execution id="b7ce94f9-f95a-4728-9885-1e91bc2e5034" />
      <TestMethod codeBase="D:\actions-runner\_work\XPCO\XPCO\MIP\PlatformPlugin\VideoOS.Platform\unittest\bin\Debug\net472\VideoOS.Platform.Tests.dll" adapterTypeName="executor://mstestadapter/v2" className="VideoOS.Platform.Tests.Metadata.DisplayColorTests" name="ConstructorInt_ShouldReturnCorrectArgbValues_Always" />
    </UnitTest>
    <UnitTest name="Add_ShouldReplaceLastElement_WhenStartTimeOfLastIsSameAsAdded" storage="d:\actions-runner\_work\xpco\xpco\mip\platformplugin\videoos.platform\unittest\bin\debug\net472\videoos.platform.tests.dll" id="c3bd77bb-39a3-4c51-ccee-0dc4af1425a6">
      <Execution id="c19122be-b180-4c66-a83b-7c59ed02d908" />
      <TestMethod codeBase="D:\actions-runner\_work\XPCO\XPCO\MIP\PlatformPlugin\VideoOS.Platform\unittest\bin\Debug\net472\VideoOS.Platform.Tests.dll" adapterTypeName="executor://mstestadapter/v2" className="VideoOS.Platform.Tests.Client.SequenceCacheTests" name="Add_ShouldReplaceLastElement_WhenStartTimeOfLastIsSameAsAdded" />
    </UnitTest>
    <UnitTest name="ReadXml_ShouldReadNavigationalData_WhenNavigationalDataIsPresent" storage="d:\actions-runner\_work\xpco\xpco\mip\platformplugin\videoos.platform\unittest\bin\debug\net472\videoos.platform.tests.dll" id="f5086738-fff1-9285-cf60-e3b17196cf32">
      <Execution id="16f44fbc-9766-4863-8722-509880ebc0c9" />
      <TestMethod codeBase="D:\actions-runner\_work\XPCO\XPCO\MIP\PlatformPlugin\VideoOS.Platform\unittest\bin\Debug\net472\VideoOS.Platform.Tests.dll" adapterTypeName="executor://mstestadapter/v2" className="VideoOS.Platform.Tests.Metadata.MetadataStreamTests" name="ReadXml_ShouldReadNavigationalData_WhenNavigationalDataIsPresent" />
    </UnitTest>
    <UnitTest name="Append_Element_Null" storage="d:\actions-runner\_work\xpco\xpco\mip\platformplugin\videoos.platform\unittest\bin\debug\net472\videoos.platform.tests.dll" id="ea812c4e-499f-c48f-48ec-0c8b2f821c14">
      <Execution id="cdfc7ef3-628a-42cb-92a4-322f8d66c1b4" />
      <TestMethod codeBase="D:\actions-runner\_work\XPCO\XPCO\MIP\PlatformPlugin\VideoOS.Platform\unittest\bin\Debug\net472\VideoOS.Platform.Tests.dll" adapterTypeName="executor://mstestadapter/v2" className="VideoOS.Platform.Tests.Proxy.RestApi.JsonBuilderTests" name="Append_Element_Null" />
    </UnitTest>
    <UnitTest name="ProvideValue_ShouldNotSetTargetProperty_WhenSelectedItemIsNotSet" storage="d:\actions-runner\_work\xpco\xpco\mip\platformplugin\videoos.platform\unittest\bin\debug\net472\videoos.platform.tests.dll" id="480bc1d4-3034-9948-bf19-a924b6ce5c64">
      <TestCategory>
        <TestCategoryItem TestCategory="DropDowns" />
      </TestCategory>
      <Execution id="f334fd10-5639-444b-ab4c-0b2bd3b11dab" />
      <TestMethod codeBase="D:\actions-runner\_work\XPCO\XPCO\MIP\PlatformPlugin\VideoOS.Platform\unittest\bin\Debug\net472\VideoOS.Platform.Tests.dll" adapterTypeName="executor://mstestadapter/v2" className="VideoOS.Platform.Tests.UI.Controls.DropDowns.Internal.SelectedItemIconSourceExtensionTest" name="ProvideValue_ShouldNotSetTargetProperty_WhenSelectedItemIsNotSet" />
    </UnitTest>
    <UnitTest name="Serialize_TestCases (TestParentTypeMatchDecimalNotThisTypeNotMatched)" storage="d:\actions-runner\_work\xpco\xpco\mip\platformplugin\videoos.platform\unittest\bin\debug\net472\videoos.platform.tests.dll" id="3d16cbad-c2c8-7173-4e8d-8cb40ee97619">
      <Execution id="f6f92447-3e86-4d72-b069-55860aba2b02" />
      <TestMethod codeBase="D:\actions-runner\_work\XPCO\XPCO\MIP\PlatformPlugin\VideoOS.Platform\unittest\bin\Debug\net472\VideoOS.Platform.Tests.dll" adapterTypeName="executor://mstestadapter/v2" className="VideoOS.Platform.Tests.UI.Controls.Automation.Serialization.AutomationObjectSerializerTest" name="Serialize_TestCases" />
    </UnitTest>
    <UnitTest name="Append_Property_Path_WithoutValue" storage="d:\actions-runner\_work\xpco\xpco\mip\platformplugin\videoos.platform\unittest\bin\debug\net472\videoos.platform.tests.dll" id="dc1fd292-e174-668d-7833-c1854255d61a">
      <Execution id="ff18f7fc-4d13-4b91-b408-9398489b49a5" />
      <TestMethod codeBase="D:\actions-runner\_work\XPCO\XPCO\MIP\PlatformPlugin\VideoOS.Platform\unittest\bin\Debug\net472\VideoOS.Platform.Tests.dll" adapterTypeName="executor://mstestadapter/v2" className="VideoOS.Platform.Tests.Proxy.RestApi.JsonBuilderTests" name="Append_Property_Path_WithoutValue" />
    </UnitTest>
    <UnitTest name="Add_SameKeyTwice_PreviousValueOverwritten" storage="d:\actions-runner\_work\xpco\xpco\mip\platformplugin\videoos.platform\unittest\bin\debug\net472\videoos.platform.tests.dll" id="88133fd3-9167-6134-2a3f-9488dba78659">
      <Execution id="70797d4d-1a73-41f3-9bc0-726c6cd3bd1f" />
      <TestMethod codeBase="D:\actions-runner\_work\XPCO\XPCO\MIP\PlatformPlugin\VideoOS.Platform\unittest\bin\Debug\net472\VideoOS.Platform.Tests.dll" adapterTypeName="executor://mstestadapter/v2" className="VideoOS.Platform.Tests.Util.Queue.LRUCacheTests" name="Add_SameKeyTwice_PreviousValueOverwritten" />
    </UnitTest>
    <UnitTest name="ReadAppearanceExtensionXml_ShouldReadAllExtensions_WhenAllArePresent" storage="d:\actions-runner\_work\xpco\xpco\mip\platformplugin\videoos.platform\unittest\bin\debug\net472\videoos.platform.tests.dll" id="8b195963-a10c-3838-31ba-4f1e91ab5dfb">
      <Execution id="9307f0b9-0ca6-4e0b-b619-9927bca33e02" />
      <TestMethod codeBase="D:\actions-runner\_work\XPCO\XPCO\MIP\PlatformPlugin\VideoOS.Platform\unittest\bin\Debug\net472\VideoOS.Platform.Tests.dll" adapterTypeName="executor://mstestadapter/v2" className="VideoOS.Platform.Tests.Metadata.RectangleTests" name="ReadAppearanceExtensionXml_ShouldReadAllExtensions_WhenAllArePresent" />
    </UnitTest>
    <UnitTest name="ReadXml_ShouldLogWarningOnlyOnceWithinOneMinute_WhenRequiredAttributeIsMissing" storage="d:\actions-runner\_work\xpco\xpco\mip\platformplugin\videoos.platform\unittest\bin\debug\net472\videoos.platform.tests.dll" id="03478619-c09b-a567-26eb-276c25d533f6">
      <Execution id="859c185f-264e-473e-ad13-405de6141e12" />
      <TestMethod codeBase="D:\actions-runner\_work\XPCO\XPCO\MIP\PlatformPlugin\VideoOS.Platform\unittest\bin\Debug\net472\VideoOS.Platform.Tests.dll" adapterTypeName="executor://mstestadapter/v2" className="VideoOS.Platform.Tests.Metadata.VectorTests" name="ReadXml_ShouldLogWarningOnlyOnceWithinOneMinute_WhenRequiredAttributeIsMissing" />
    </UnitTest>
    <UnitTest name="GetGenderFilterValues_NullCriteria_Throws" storage="d:\actions-runner\_work\xpco\xpco\mip\platformplugin\videoos.platform\unittest\bin\debug\net472\videoos.platform.tests.dll" id="060935d9-41c9-9631-b038-7843722743ca">
      <TestCategory>
        <TestCategoryItem TestCategory="Search" />
      </TestCategory>
      <Execution id="16c9cb26-f8e8-43a1-ae34-936c65946b85" />
      <TestMethod codeBase="D:\actions-runner\_work\XPCO\XPCO\MIP\PlatformPlugin\VideoOS.Platform\unittest\bin\Debug\net472\VideoOS.Platform.Tests.dll" adapterTypeName="executor://mstestadapter/v2" className="VideoOS.Platform.Tests.Search.FilterCategories.PersonSearchFilterCategoryTest" name="GetGenderFilterValues_NullCriteria_Throws" />
    </UnitTest>
    <UnitTest name="Serialize_TestCases (TestParentCollectionNotEmptyArrayProperty)" storage="d:\actions-runner\_work\xpco\xpco\mip\platformplugin\videoos.platform\unittest\bin\debug\net472\videoos.platform.tests.dll" id="9693c595-8da3-c963-0be7-6c2fb9b59c4d">
      <Execution id="1f919382-a053-4805-afbc-9d22bd953f4c" />
      <TestMethod codeBase="D:\actions-runner\_work\XPCO\XPCO\MIP\PlatformPlugin\VideoOS.Platform\unittest\bin\Debug\net472\VideoOS.Platform.Tests.dll" adapterTypeName="executor://mstestadapter/v2" className="VideoOS.Platform.Tests.UI.Controls.Automation.Serialization.AutomationObjectSerializerTest" name="Serialize_TestCases" />
    </UnitTest>
    <UnitTest name="Init_ShouldDisconnectImageExporter_OnSecondInit" storage="d:\actions-runner\_work\xpco\xpco\mip\platformplugin\videoos.platform\unittest\bin\debug\net472\videoos.platform.tests.dll" id="f078252f-e622-661e-c5dc-189c04c6d312">
      <Execution id="b559a888-3075-48f8-a845-382270cbc2be" />
      <TestMethod codeBase="D:\actions-runner\_work\XPCO\XPCO\MIP\PlatformPlugin\VideoOS.Platform\unittest\bin\Debug\net472\VideoOS.Platform.Tests.dll" adapterTypeName="executor://mstestadapter/v2" className="VideoOS.Platform.Tests.Data.MetadataPlaybackSourceTests" name="Init_ShouldDisconnectImageExporter_OnSecondInit" />
    </UnitTest>
    <UnitTest name="CountByItems_NotActivated_Empty" storage="d:\actions-runner\_work\xpco\xpco\mip\platformplugin\videoos.platform\unittest\bin\debug\net472\videoos.platform.tests.dll" id="e20a2443-63de-0ab9-fc1f-4a1cb2289ef1">
      <Execution id="897dbba8-5d8d-4fd1-b312-7ed3446223a9" />
      <TestMethod codeBase="D:\actions-runner\_work\XPCO\XPCO\MIP\PlatformPlugin\VideoOS.Platform\unittest\bin\Debug\net472\VideoOS.Platform.Tests.dll" adapterTypeName="executor://mstestadapter/v2" className="VideoOS.Platform.Tests.License.ResolvedLicenseCountTest" name="CountByItems_NotActivated_Empty" />
    </UnitTest>
    <UnitTest name="RemoveFilterValue_UnknownFilter_DoesNothing" storage="d:\actions-runner\_work\xpco\xpco\mip\platformplugin\videoos.platform\unittest\bin\debug\net472\videoos.platform.tests.dll" id="b0ea56fc-56fe-34ff-f18f-05cf3640650e">
      <TestCategory>
        <TestCategoryItem TestCategory="Search" />
      </TestCategory>
      <Execution id="e9763040-45e2-4f5f-9637-27b2d659bd19" />
      <TestMethod codeBase="D:\actions-runner\_work\XPCO\XPCO\MIP\PlatformPlugin\VideoOS.Platform\unittest\bin\Debug\net472\VideoOS.Platform.Tests.dll" adapterTypeName="executor://mstestadapter/v2" className="VideoOS.Platform.Tests.Search.SearchCriteriaTest" name="RemoveFilterValue_UnknownFilter_DoesNothing" />
    </UnitTest>
    <UnitTest name="SearchResultData_EndTime_Success" storage="d:\actions-runner\_work\xpco\xpco\mip\platformplugin\videoos.platform\unittest\bin\debug\net472\videoos.platform.tests.dll" id="392352ae-d647-e68a-124a-33d5232e7f11">
      <TestCategory>
        <TestCategoryItem TestCategory="Search" />
      </TestCategory>
      <Execution id="35b6cbd9-e1a3-4426-86bb-c46d0ab91e76" />
      <TestMethod codeBase="D:\actions-runner\_work\XPCO\XPCO\MIP\PlatformPlugin\VideoOS.Platform\unittest\bin\Debug\net472\VideoOS.Platform.Tests.dll" adapterTypeName="executor://mstestadapter/v2" className="VideoOS.Platform.Tests.Search.SearchResultDataTest" name="SearchResultData_EndTime_Success" />
    </UnitTest>
    <UnitTest name="GetItem_ShouldReturnNull_WhenNotFound" storage="d:\actions-runner\_work\xpco\xpco\mip\platformplugin\videoos.platform\unittest\bin\debug\net472\videoos.platform.tests.dll" id="541af543-8f89-e2a2-51fc-7ea5fad4d84e">
      <Execution id="0d1a51da-a8c1-4561-8c3a-58e58851ac4d" />
      <TestMethod codeBase="D:\actions-runner\_work\XPCO\XPCO\MIP\PlatformPlugin\VideoOS.Platform\unittest\bin\Debug\net472\VideoOS.Platform.Tests.dll" adapterTypeName="executor://mstestadapter/v2" className="VideoOS.Platform.Tests.Util.ConfigurationCacheTests" name="GetItem_ShouldReturnNull_WhenNotFound" />
    </UnitTest>
    <UnitTest name="GenerateTypeDefinintionParameters_ShouldWriteDisplayName_WhenAlways" storage="d:\actions-runner\_work\xpco\xpco\mip\platformplugin\videoos.platform\unittest\bin\debug\net472\videoos.platform.tests.dll" id="5d8dd47c-bb32-a5ba-6e88-b185a7bd9c07">
      <Execution id="57192593-538c-4b50-bd0f-6903e6ac951c" />
      <TestMethod codeBase="D:\actions-runner\_work\XPCO\XPCO\MIP\PlatformPlugin\VideoOS.Platform\unittest\bin\Debug\net472\VideoOS.Platform.Tests.dll" adapterTypeName="executor://mstestadapter/v2" className="VideoOS.Platform.Tests.Data.MetadataTypeDefinitionTests" name="GenerateTypeDefinintionParameters_ShouldWriteDisplayName_WhenAlways" />
    </UnitTest>
    <UnitTest name="TestMultiLevelQueue_ShuttingDownResourceProcessorEdgeCase_Success" storage="d:\actions-runner\_work\xpco\xpco\mip\platformplugin\videoos.platform\unittest\bin\debug\net472\videoos.platform.tests.dll" id="88c7ce2e-851c-95ac-24f9-c8ee7cf94eac">
      <Execution id="2b6e78d1-d0a0-487c-8ab7-7a477574e645" />
      <TestMethod codeBase="D:\actions-runner\_work\XPCO\XPCO\MIP\PlatformPlugin\VideoOS.Platform\unittest\bin\Debug\net472\VideoOS.Platform.Tests.dll" adapterTypeName="executor://mstestadapter/v2" className="VideoOS.Platform.Tests.Util.Queue.MultiLevelResourceQueueTests" name="TestMultiLevelQueue_ShuttingDownResourceProcessorEdgeCase_Success" />
    </UnitTest>
    <UnitTest name="FallbackDisplayValue_NotSet_ReturnsNull" storage="d:\actions-runner\_work\xpco\xpco\mip\platformplugin\videoos.platform\unittest\bin\debug\net472\videoos.platform.tests.dll" id="c17413ea-faf7-b84c-6a91-46a90eb83f24">
      <TestCategory>
        <TestCategoryItem TestCategory="Search" />
      </TestCategory>
      <Execution id="0bbb8f84-5cdf-4323-b365-384dd094f1ad" />
      <TestMethod codeBase="D:\actions-runner\_work\XPCO\XPCO\MIP\PlatformPlugin\VideoOS.Platform\unittest\bin\Debug\net472\VideoOS.Platform.Tests.dll" adapterTypeName="executor://mstestadapter/v2" className="VideoOS.Platform.Tests.Search.MultipleSelectionFilterValueTest" name="FallbackDisplayValue_NotSet_ReturnsNull" />
    </UnitTest>
    <UnitTest name="Add_ShouldInvokeCallback_WhenObservable" storage="d:\actions-runner\_work\xpco\xpco\mip\platformplugin\videoos.platform\unittest\bin\debug\net472\videoos.platform.tests.dll" id="d6559df8-87d0-bb20-8032-f0a4e10719d7">
      <Execution id="15a2427c-bb20-45e6-aec4-8832409b2a0c" />
      <TestMethod codeBase="D:\actions-runner\_work\XPCO\XPCO\MIP\PlatformPlugin\VideoOS.Platform\unittest\bin\Debug\net472\VideoOS.Platform.Tests.dll" adapterTypeName="executor://mstestadapter/v2" className="VideoOS.Platform.Tests.UI.Controls.CollectionHelperTest" name="Add_ShouldInvokeCallback_WhenObservable" />
    </UnitTest>
    <UnitTest name="Serialize_TestCases (Verify root Collection (empty) property)" storage="d:\actions-runner\_work\xpco\xpco\mip\platformplugin\videoos.platform\unittest\bin\debug\net472\videoos.platform.tests.dll" id="9290011a-534c-d8ac-8fa0-ea6c058c4ca6">
      <Execution id="ea33b32f-83b4-47e8-85e7-45f90e90b92e" />
      <TestMethod codeBase="D:\actions-runner\_work\XPCO\XPCO\MIP\PlatformPlugin\VideoOS.Platform\unittest\bin\Debug\net472\VideoOS.Platform.Tests.dll" adapterTypeName="executor://mstestadapter/v2" className="VideoOS.Platform.Tests.UI.Controls.Automation.Serialization.AutomationObjectSerializerTest" name="Serialize_TestCases" />
    </UnitTest>
    <UnitTest name="ReadXml_ShouldIgnoreUnknownAttributes_WhenAlways" storage="d:\actions-runner\_work\xpco\xpco\mip\platformplugin\videoos.platform\unittest\bin\debug\net472\videoos.platform.tests.dll" id="72c3e934-5f4f-f3fc-d049-02010e141373">
      <Execution id="07471446-be63-484d-ab40-c35b7fbdf89f" />
      <TestMethod codeBase="D:\actions-runner\_work\XPCO\XPCO\MIP\PlatformPlugin\VideoOS.Platform\unittest\bin\Debug\net472\VideoOS.Platform.Tests.dll" adapterTypeName="executor://mstestadapter/v2" className="VideoOS.Platform.Tests.Metadata.DisplayTextTests" name="ReadXml_ShouldIgnoreUnknownAttributes_WhenAlways" />
    </UnitTest>
    <UnitTest name="ReadXml_ShouldLogWarningOnlyOnceWithinOneMinute_WhenIncompleteScaleIsPresent" storage="d:\actions-runner\_work\xpco\xpco\mip\platformplugin\videoos.platform\unittest\bin\debug\net472\videoos.platform.tests.dll" id="6df640a9-0a50-74d8-fe7f-d3add40b9424">
      <Execution id="49bcf802-ecb1-4d3e-9797-eae3818fb24e" />
      <TestMethod codeBase="D:\actions-runner\_work\XPCO\XPCO\MIP\PlatformPlugin\VideoOS.Platform\unittest\bin\Debug\net472\VideoOS.Platform.Tests.dll" adapterTypeName="executor://mstestadapter/v2" className="VideoOS.Platform.Tests.Metadata.TransformationTests" name="ReadXml_ShouldLogWarningOnlyOnceWithinOneMinute_WhenIncompleteScaleIsPresent" />
    </UnitTest>
    <UnitTest name="GetBoundingShapesAsync_SingleInvocation_DelegatedToInternalMethod" storage="d:\actions-runner\_work\xpco\xpco\mip\platformplugin\videoos.platform\unittest\bin\debug\net472\videoos.platform.tests.dll" id="7b3048fa-a67c-dc66-afa0-4a605a32dbf4">
      <TestCategory>
        <TestCategoryItem TestCategory="Search" />
      </TestCategory>
      <Execution id="e3285e3b-b7cf-4a3b-9466-112e2f78db89" />
      <TestMethod codeBase="D:\actions-runner\_work\XPCO\XPCO\MIP\PlatformPlugin\VideoOS.Platform\unittest\bin\Debug\net472\VideoOS.Platform.Tests.dll" adapterTypeName="executor://mstestadapter/v2" className="VideoOS.Platform.Tests.Search.SearchResultDataTest" name="GetBoundingShapesAsync_SingleInvocation_DelegatedToInternalMethod" />
    </UnitTest>
    <UnitTest name="Serialize_TestCases (TestParentRecursiveOneRecursiveElement)" storage="d:\actions-runner\_work\xpco\xpco\mip\platformplugin\videoos.platform\unittest\bin\debug\net472\videoos.platform.tests.dll" id="13e67f6f-df88-6d65-dacc-14d2a9f8ddd4">
      <Execution id="37d483db-1801-425b-ab5d-09eefac968b0" />
      <TestMethod codeBase="D:\actions-runner\_work\XPCO\XPCO\MIP\PlatformPlugin\VideoOS.Platform\unittest\bin\Debug\net472\VideoOS.Platform.Tests.dll" adapterTypeName="executor://mstestadapter/v2" className="VideoOS.Platform.Tests.UI.Controls.Automation.Serialization.AutomationObjectSerializerTest" name="Serialize_TestCases" />
    </UnitTest>
    <UnitTest name="PropertiesShouldReturnConstructorParameter" storage="d:\actions-runner\_work\xpco\xpco\mip\platformplugin\videoos.platform\unittest\bin\debug\net472\videoos.platform.tests.dll" id="3d5f10ab-1224-9509-ef72-ffed425cc301">
      <Execution id="ee8e77d2-e72c-48ac-ab56-90a96bd29e5c" />
      <TestMethod codeBase="D:\actions-runner\_work\XPCO\XPCO\MIP\PlatformPlugin\VideoOS.Platform\unittest\bin\Debug\net472\VideoOS.Platform.Tests.dll" adapterTypeName="executor://mstestadapter/v2" className="VideoOS.Platform.Tests.Live.MetadataLiveContentTests" name="PropertiesShouldReturnConstructorParameter" />
    </UnitTest>
    <UnitTest name="GetNearest_ShouldReturnFirstElementFromToolkitResponse_WhenTimestampIsBeforeFirstElementInResponse" storage="d:\actions-runner\_work\xpco\xpco\mip\platformplugin\videoos.platform\unittest\bin\debug\net472\videoos.platform.tests.dll" id="7727673d-f909-602e-c023-298e3154bee0">
      <Execution id="5861d866-ac6e-4082-a237-85bb411a5eb6" />
      <TestMethod codeBase="D:\actions-runner\_work\XPCO\XPCO\MIP\PlatformPlugin\VideoOS.Platform\unittest\bin\Debug\net472\VideoOS.Platform.Tests.dll" adapterTypeName="executor://mstestadapter/v2" className="VideoOS.Platform.Tests.Data.MetadataPlaybackSourceTests" name="GetNearest_ShouldReturnFirstElementFromToolkitResponse_WhenTimestampIsBeforeFirstElementInResponse" />
    </UnitTest>
    <UnitTest name="CountByCounter_Activated_Trial_Missing" storage="d:\actions-runner\_work\xpco\xpco\mip\platformplugin\videoos.platform\unittest\bin\debug\net472\videoos.platform.tests.dll" id="c05a4d86-1b95-1726-01bd-7b1791261baa">
      <Execution id="dc9ac841-8f15-47b5-ae8d-bf3d4a15cfaa" />
      <TestMethod codeBase="D:\actions-runner\_work\XPCO\XPCO\MIP\PlatformPlugin\VideoOS.Platform\unittest\bin\Debug\net472\VideoOS.Platform.Tests.dll" adapterTypeName="executor://mstestadapter/v2" className="VideoOS.Platform.Tests.License.ResolvedLicenseCountTest" name="CountByCounter_Activated_Trial_Missing" />
    </UnitTest>
    <UnitTest name="Constructor_ShouldThrowArgumentNullException_WhenServerIdIsNull" storage="d:\actions-runner\_work\xpco\xpco\mip\platformplugin\videoos.platform\unittest\bin\debug\net472\videoos.platform.tests.dll" id="7aa7a744-f3f3-dbab-b444-2d9793ae0544">
      <Execution id="1a9932b7-3446-4915-9937-685568df1190" />
      <TestMethod codeBase="D:\actions-runner\_work\XPCO\XPCO\MIP\PlatformPlugin\VideoOS.Platform\unittest\bin\Debug\net472\VideoOS.Platform.Tests.dll" adapterTypeName="executor://mstestadapter/v2" className="VideoOS.Platform.Tests.Util.ConfigurationCacheTests" name="Constructor_ShouldThrowArgumentNullException_WhenServerIdIsNull" />
    </UnitTest>
    <UnitTest name="Contains_Success" storage="d:\actions-runner\_work\xpco\xpco\mip\platformplugin\videoos.platform\unittest\bin\debug\net472\videoos.platform.tests.dll" id="a6c85b3a-5f84-4859-aef3-09060d5afd98">
      <Execution id="07279599-bf6b-4aed-8905-ee6b7f0da5c9" />
      <TestMethod codeBase="D:\actions-runner\_work\XPCO\XPCO\MIP\PlatformPlugin\VideoOS.Platform\unittest\bin\Debug\net472\VideoOS.Platform.Tests.dll" adapterTypeName="executor://mstestadapter/v2" className="VideoOS.Platform.Tests.ItemTests" name="Contains_Success" />
    </UnitTest>
    <UnitTest name="ProvideValue_ShouldUseContentTemplate_WhenSelectedItemIsCustomItem" storage="d:\actions-runner\_work\xpco\xpco\mip\platformplugin\videoos.platform\unittest\bin\debug\net472\videoos.platform.tests.dll" id="01bc0fde-c67c-6987-54c2-b9ed8c5df445">
      <TestCategory>
        <TestCategoryItem TestCategory="DropDowns" />
      </TestCategory>
      <Execution id="a6ece9c4-37dc-44ce-9fa3-a205b7a8ad53" />
      <TestMethod codeBase="D:\actions-runner\_work\XPCO\XPCO\MIP\PlatformPlugin\VideoOS.Platform\unittest\bin\Debug\net472\VideoOS.Platform.Tests.dll" adapterTypeName="executor://mstestadapter/v2" className="VideoOS.Platform.Tests.UI.Controls.DropDowns.Internal.SelectedItemContentTemplateExtensionTest" name="ProvideValue_ShouldUseContentTemplate_WhenSelectedItemIsCustomItem" />
    </UnitTest>
    <UnitTest name="GetLicensePlateFilterValue_NullCriteria_Throws" storage="d:\actions-runner\_work\xpco\xpco\mip\platformplugin\videoos.platform\unittest\bin\debug\net472\videoos.platform.tests.dll" id="7b38c175-8f37-0ff7-77b0-702939d7a735">
      <TestCategory>
        <TestCategoryItem TestCategory="Search" />
      </TestCategory>
      <Execution id="6b55b243-f9f5-4360-a1b2-491938b20919" />
      <TestMethod codeBase="D:\actions-runner\_work\XPCO\XPCO\MIP\PlatformPlugin\VideoOS.Platform\unittest\bin\Debug\net472\VideoOS.Platform.Tests.dll" adapterTypeName="executor://mstestadapter/v2" className="VideoOS.Platform.Tests.Search.FilterCategories.VehicleSearchFilterCategoryTest" name="GetLicensePlateFilterValue_NullCriteria_Throws" />
    </UnitTest>
    <UnitTest name="GetNextDateTime_ShouldReturnDataEntityFromCacheWithoutCallingToolkit_WhenDataIsPresentInCache" storage="d:\actions-runner\_work\xpco\xpco\mip\platformplugin\videoos.platform\unittest\bin\debug\net472\videoos.platform.tests.dll" id="788d8b0c-681e-eeab-fb16-541a413b2444">
      <Execution id="54213b17-3397-4c02-a0b2-d9b979390230" />
      <TestMethod codeBase="D:\actions-runner\_work\XPCO\XPCO\MIP\PlatformPlugin\VideoOS.Platform\unittest\bin\Debug\net472\VideoOS.Platform.Tests.dll" adapterTypeName="executor://mstestadapter/v2" className="VideoOS.Platform.Tests.Data.MetadataPlaybackSourceTests" name="GetNextDateTime_ShouldReturnDataEntityFromCacheWithoutCallingToolkit_WhenDataIsPresentInCache" />
    </UnitTest>
    <UnitTest name="ReadXml_ShouldReadXmlAndCreateEquivalentObject_WhenXmlIsWrittenByWriteXml" storage="d:\actions-runner\_work\xpco\xpco\mip\platformplugin\videoos.platform\unittest\bin\debug\net472\videoos.platform.tests.dll" id="2e209cdd-d799-eebb-86ee-eb1ff73e496f">
      <Execution id="91d61739-68b5-49e8-a991-cc10a37aadff" />
      <TestMethod codeBase="D:\actions-runner\_work\XPCO\XPCO\MIP\PlatformPlugin\VideoOS.Platform\unittest\bin\Debug\net472\VideoOS.Platform.Tests.dll" adapterTypeName="executor://mstestadapter/v2" className="VideoOS.Platform.Tests.Metadata.MetadataStreamTests" name="ReadXml_ShouldReadXmlAndCreateEquivalentObject_WhenXmlIsWrittenByWriteXml" />
    </UnitTest>
    <UnitTest name="GenerateEnumValueParameters_ShouldWriteDisplayId_WhenAlways" storage="d:\actions-runner\_work\xpco\xpco\mip\platformplugin\videoos.platform\unittest\bin\debug\net472\videoos.platform.tests.dll" id="8685a0cc-8f6c-e530-6b25-43918c6d87aa">
      <Execution id="781a3bf4-f624-426b-994c-d9d33b4e5194" />
      <TestMethod codeBase="D:\actions-runner\_work\XPCO\XPCO\MIP\PlatformPlugin\VideoOS.Platform\unittest\bin\Debug\net472\VideoOS.Platform.Tests.dll" adapterTypeName="executor://mstestadapter/v2" className="VideoOS.Platform.Tests.Data.EnumCapabilityValueTests" name="GenerateEnumValueParameters_ShouldWriteDisplayId_WhenAlways" />
    </UnitTest>
    <UnitTest name="Parse_Double_Complex" storage="d:\actions-runner\_work\xpco\xpco\mip\platformplugin\videoos.platform\unittest\bin\debug\net472\videoos.platform.tests.dll" id="9a98835c-961c-47c7-7156-330b8e2ed1fa">
      <Execution id="77de7fb3-0097-41bd-9a62-93f551be9d6a" />
      <TestMethod codeBase="D:\actions-runner\_work\XPCO\XPCO\MIP\PlatformPlugin\VideoOS.Platform\unittest\bin\Debug\net472\VideoOS.Platform.Tests.dll" adapterTypeName="executor://mstestadapter/v2" className="VideoOS.Platform.Tests.Proxy.RestApi.JsonReaderTests" name="Parse_Double_Complex" />
    </UnitTest>
    <UnitTest name="Serialize_TestCases (Verify root Object (null) property get property value)" storage="d:\actions-runner\_work\xpco\xpco\mip\platformplugin\videoos.platform\unittest\bin\debug\net472\videoos.platform.tests.dll" id="8357d2b8-f5e8-a07c-49aa-5e2b167211f4">
      <Execution id="0004d71b-397b-4338-9a5d-a9331abe02d7" />
      <TestMethod codeBase="D:\actions-runner\_work\XPCO\XPCO\MIP\PlatformPlugin\VideoOS.Platform\unittest\bin\Debug\net472\VideoOS.Platform.Tests.dll" adapterTypeName="executor://mstestadapter/v2" className="VideoOS.Platform.Tests.UI.Controls.Automation.Serialization.AutomationObjectSerializerTest" name="Serialize_TestCases" />
    </UnitTest>
    <UnitTest name="MipItem_IconSource_Has_Value" storage="d:\actions-runner\_work\xpco\xpco\mip\platformplugin\videoos.platform\unittest\bin\debug\net472\videoos.platform.tests.dll" id="2d11d0f1-64a8-482c-f6c9-1576aff1fea5">
      <Execution id="259e09e8-79fb-4913-9253-c6bc8a66953b" />
      <TestMethod codeBase="D:\actions-runner\_work\XPCO\XPCO\MIP\PlatformPlugin\VideoOS.Platform\unittest\bin\Debug\net472\VideoOS.Platform.Tests.dll" adapterTypeName="executor://mstestadapter/v2" className="VideoOS.Platform.Tests.UI.ItemPicker.ItemViewModelTest" name="MipItem_IconSource_Has_Value" />
    </UnitTest>
    <UnitTest name="GetBegin_ShouldReturnNull_WhenThereIsNoData" storage="d:\actions-runner\_work\xpco\xpco\mip\platformplugin\videoos.platform\unittest\bin\debug\net472\videoos.platform.tests.dll" id="47b928b9-6c48-7599-b49a-10b524a65d0b">
      <Execution id="d854f400-5e09-4837-bff4-8fa4e7bb87c5" />
      <TestMethod codeBase="D:\actions-runner\_work\XPCO\XPCO\MIP\PlatformPlugin\VideoOS.Platform\unittest\bin\Debug\net472\VideoOS.Platform.Tests.dll" adapterTypeName="executor://mstestadapter/v2" className="VideoOS.Platform.Tests.Data.MetadataPlaybackSourceTests" name="GetBegin_ShouldReturnNull_WhenThereIsNoData" />
    </UnitTest>
    <UnitTest name="Append_Property_MIPItem_UpperCase" storage="d:\actions-runner\_work\xpco\xpco\mip\platformplugin\videoos.platform\unittest\bin\debug\net472\videoos.platform.tests.dll" id="5cdbd0d9-c8bd-a61c-82a8-354b3f579fbb">
      <Execution id="3ebf49f1-c6f3-438f-bd7d-ddc3ae340c31" />
      <TestMethod codeBase="D:\actions-runner\_work\XPCO\XPCO\MIP\PlatformPlugin\VideoOS.Platform\unittest\bin\Debug\net472\VideoOS.Platform.Tests.dll" adapterTypeName="executor://mstestadapter/v2" className="VideoOS.Platform.Tests.Proxy.RestApi.JsonBuilderTests" name="Append_Property_MIPItem_UpperCase" />
    </UnitTest>
    <UnitTest name="Minimize_ShouldReturnOneInterval_WhenListContainsTwoOverlappingIntervals" storage="d:\actions-runner\_work\xpco\xpco\mip\platformplugin\videoos.platform\unittest\bin\debug\net472\videoos.platform.tests.dll" id="66008b6f-5831-0af0-c7ea-7bf08df5fe34">
      <Execution id="3ffae449-d09d-4106-8604-a6b618284f80" />
      <TestMethod codeBase="D:\actions-runner\_work\XPCO\XPCO\MIP\PlatformPlugin\VideoOS.Platform\unittest\bin\Debug\net472\VideoOS.Platform.Tests.dll" adapterTypeName="executor://mstestadapter/v2" className="VideoOS.Platform.Tests.Util.TimeIntervalTests" name="Minimize_ShouldReturnOneInterval_WhenListContainsTwoOverlappingIntervals" />
    </UnitTest>
    <UnitTest name="ReadXml_ShouldReadVideoAnalysticsChild_WhenOneChildIsPresent" storage="d:\actions-runner\_work\xpco\xpco\mip\platformplugin\videoos.platform\unittest\bin\debug\net472\videoos.platform.tests.dll" id="0b0cafcd-36ec-b9e7-a6b1-cc34c82fd875">
      <Execution id="d699e4f6-5310-4858-8104-2428bffadad5" />
      <TestMethod codeBase="D:\actions-runner\_work\XPCO\XPCO\MIP\PlatformPlugin\VideoOS.Platform\unittest\bin\Debug\net472\VideoOS.Platform.Tests.dll" adapterTypeName="executor://mstestadapter/v2" className="VideoOS.Platform.Tests.Metadata.MetadataStreamTests" name="ReadXml_ShouldReadVideoAnalysticsChild_WhenOneChildIsPresent" />
    </UnitTest>
    <UnitTest name="ReadXml_ShouldIgnoreUnknownChildren_WhenUnknownChildrenArePresent" storage="d:\actions-runner\_work\xpco\xpco\mip\platformplugin\videoos.platform\unittest\bin\debug\net472\videoos.platform.tests.dll" id="ee341f6d-4feb-cbd8-824e-87dfe9d62513">
      <Execution id="9790d00a-e448-4530-89fa-7e0e1bb57e2d" />
      <TestMethod codeBase="D:\actions-runner\_work\XPCO\XPCO\MIP\PlatformPlugin\VideoOS.Platform\unittest\bin\Debug\net472\VideoOS.Platform.Tests.dll" adapterTypeName="executor://mstestadapter/v2" className="VideoOS.Platform.Tests.Metadata.MetadataStreamTests" name="ReadXml_ShouldIgnoreUnknownChildren_WhenUnknownChildrenArePresent" />
    </UnitTest>
    <UnitTest name="Equals_ShouldReturnTrue_WhenOnlyServerTypeIsDifferent" storage="d:\actions-runner\_work\xpco\xpco\mip\platformplugin\videoos.platform\unittest\bin\debug\net472\videoos.platform.tests.dll" id="93692a07-3a10-4489-765e-ef79d18cf4d4">
      <Execution id="f911e86e-d09d-43f7-b287-dd9a3972469d" />
      <TestMethod codeBase="D:\actions-runner\_work\XPCO\XPCO\MIP\PlatformPlugin\VideoOS.Platform\unittest\bin\Debug\net472\VideoOS.Platform.Tests.dll" adapterTypeName="executor://mstestadapter/v2" className="VideoOS.Platform.Tests.ServerIdTests" name="Equals_ShouldReturnTrue_WhenOnlyServerTypeIsDifferent" />
    </UnitTest>
    <UnitTest name="GetNext_ShouldReturnSecondElement_WhenFirstEntryWasCalledAndThereIsAPreviousNext" storage="d:\actions-runner\_work\xpco\xpco\mip\platformplugin\videoos.platform\unittest\bin\debug\net472\videoos.platform.tests.dll" id="d2a69b62-2638-ec8f-cc97-92c357c5901e">
      <Execution id="ee09e766-8cc4-403c-bbc2-5b768855f741" />
      <TestMethod codeBase="D:\actions-runner\_work\XPCO\XPCO\MIP\PlatformPlugin\VideoOS.Platform\unittest\bin\Debug\net472\VideoOS.Platform.Tests.dll" adapterTypeName="executor://mstestadapter/v2" className="VideoOS.Platform.Tests.Data.MetadataCacheTests" name="GetNext_ShouldReturnSecondElement_WhenFirstEntryWasCalledAndThereIsAPreviousNext" />
    </UnitTest>
    <UnitTest name="ReadXml_ShouldIgnoreUnknownChildren_WhenUnknownChildrenArePresent" storage="d:\actions-runner\_work\xpco\xpco\mip\platformplugin\videoos.platform\unittest\bin\debug\net472\videoos.platform.tests.dll" id="67088a0d-c95d-ee41-8d3c-5924cd7e11e1">
      <Execution id="34d95eb3-9744-4124-be8e-8e29cd53bac1" />
      <TestMethod codeBase="D:\actions-runner\_work\XPCO\XPCO\MIP\PlatformPlugin\VideoOS.Platform\unittest\bin\Debug\net472\VideoOS.Platform.Tests.dll" adapterTypeName="executor://mstestadapter/v2" className="VideoOS.Platform.Tests.Metadata.TransformationTests" name="ReadXml_ShouldIgnoreUnknownChildren_WhenUnknownChildrenArePresent" />
    </UnitTest>
    <UnitTest name="ProvideValue_ShouldNotApplyText_WhenItemTextPropertyNameIsNotSet" storage="d:\actions-runner\_work\xpco\xpco\mip\platformplugin\videoos.platform\unittest\bin\debug\net472\videoos.platform.tests.dll" id="61ac148b-77c6-a946-fca0-45c9e49f9516">
      <TestCategory>
        <TestCategoryItem TestCategory="TabControls" />
      </TestCategory>
      <Execution id="c79397a0-cb33-434a-a418-cd7529db8d15" />
      <TestMethod codeBase="D:\actions-runner\_work\XPCO\XPCO\MIP\PlatformPlugin\VideoOS.Platform\unittest\bin\Debug\net472\VideoOS.Platform.Tests.dll" adapterTypeName="executor://mstestadapter/v2" className="VideoOS.Platform.Tests.UI.Controls.TabControls.Internal.Primary.ItemHeaderExtensionTest" name="ProvideValue_ShouldNotApplyText_WhenItemTextPropertyNameIsNotSet" />
    </UnitTest>
    <UnitTest name="AppendItemPicked_AutoSelect_ItemSelected_EventRaised" storage="d:\actions-runner\_work\xpco\xpco\mip\platformplugin\videoos.platform\unittest\bin\debug\net472\videoos.platform.tests.dll" id="1bbd120c-214c-3ef2-991f-c7ebd3d57ae2">
      <Execution id="20b5b313-8d11-44eb-9aa7-34238dcdf0b6" />
      <TestMethod codeBase="D:\actions-runner\_work\XPCO\XPCO\MIP\PlatformPlugin\VideoOS.Platform\unittest\bin\Debug\net472\VideoOS.Platform.Tests.dll" adapterTypeName="executor://mstestadapter/v2" className="VideoOS.Platform.Tests.UI.ItemPicker.ItemPickerViewModelTest" name="AppendItemPicked_AutoSelect_ItemSelected_EventRaised" />
    </UnitTest>
    <UnitTest name="Match_Success_SystemTypeStartMatch_Single" storage="d:\actions-runner\_work\xpco\xpco\mip\platformplugin\videoos.platform\unittest\bin\debug\net472\videoos.platform.tests.dll" id="fb06ac1d-f4a6-d9b4-8722-be97dde4c78f">
      <Execution id="c2dc273f-5228-458f-a809-9864870ac263" />
      <TestMethod codeBase="D:\actions-runner\_work\XPCO\XPCO\MIP\PlatformPlugin\VideoOS.Platform\unittest\bin\Debug\net472\VideoOS.Platform.Tests.dll" adapterTypeName="executor://mstestadapter/v2" className="VideoOS.Platform.Tests.Messaging.CommunicationIdFilterTests" name="Match_Success_SystemTypeStartMatch_Single" />
    </UnitTest>
    <UnitTest name="WriteXml_ShouldWriteframe_WhenThereIsOneFramePresent" storage="d:\actions-runner\_work\xpco\xpco\mip\platformplugin\videoos.platform\unittest\bin\debug\net472\videoos.platform.tests.dll" id="d8308a27-6fbc-21d5-664d-c54e34f438da">
      <Execution id="aa6d6575-5e4d-4724-80a7-04945d465399" />
      <TestMethod codeBase="D:\actions-runner\_work\XPCO\XPCO\MIP\PlatformPlugin\VideoOS.Platform\unittest\bin\Debug\net472\VideoOS.Platform.Tests.dll" adapterTypeName="executor://mstestadapter/v2" className="VideoOS.Platform.Tests.Metadata.VideoAnalyticsTests" name="WriteXml_ShouldWriteframe_WhenThereIsOneFramePresent" />
    </UnitTest>
    <UnitTest name="ReadXml_ShouldIgnoreUnknownElements_WhenUnknownElementsArePresent" storage="d:\actions-runner\_work\xpco\xpco\mip\platformplugin\videoos.platform\unittest\bin\debug\net472\videoos.platform.tests.dll" id="cf5973cd-80eb-589d-6a2e-dee3a1384b97">
      <Execution id="728ce80e-92ba-4294-bb5d-fdedd72c7bb4" />
      <TestMethod codeBase="D:\actions-runner\_work\XPCO\XPCO\MIP\PlatformPlugin\VideoOS.Platform\unittest\bin\Debug\net472\VideoOS.Platform.Tests.dll" adapterTypeName="executor://mstestadapter/v2" className="VideoOS.Platform.Tests.Metadata.NavigationalDataTests" name="ReadXml_ShouldIgnoreUnknownElements_WhenUnknownElementsArePresent" />
    </UnitTest>
    <UnitTest name="Version_ShouldHaveDefaultValueOf10_WhenNotSetExplicitly" storage="d:\actions-runner\_work\xpco\xpco\mip\platformplugin\videoos.platform\unittest\bin\debug\net472\videoos.platform.tests.dll" id="12eef7c4-a391-5bc7-ef04-b727ebe57366">
      <Execution id="d00afa5a-ba89-4a44-bb41-d6f8c6432120" />
      <TestMethod codeBase="D:\actions-runner\_work\XPCO\XPCO\MIP\PlatformPlugin\VideoOS.Platform\unittest\bin\Debug\net472\VideoOS.Platform.Tests.dll" adapterTypeName="executor://mstestadapter/v2" className="VideoOS.Platform.Tests.Metadata.NavigationalDataTests" name="Version_ShouldHaveDefaultValueOf10_WhenNotSetExplicitly" />
    </UnitTest>
    <UnitTest name="Serialize_TestCases (TestParentAllPrimitiveTypeMatchDoubleNotThisTypeMatched)" storage="d:\actions-runner\_work\xpco\xpco\mip\platformplugin\videoos.platform\unittest\bin\debug\net472\videoos.platform.tests.dll" id="9b9dbd30-50bb-5bbd-002a-cb75e7cd1aba">
      <Execution id="1bc40dd9-9cf5-4092-9682-df45cc3135e9" />
      <TestMethod codeBase="D:\actions-runner\_work\XPCO\XPCO\MIP\PlatformPlugin\VideoOS.Platform\unittest\bin\Debug\net472\VideoOS.Platform.Tests.dll" adapterTypeName="executor://mstestadapter/v2" className="VideoOS.Platform.Tests.UI.Controls.Automation.Serialization.AutomationObjectSerializerTest" name="Serialize_TestCases" />
    </UnitTest>
    <UnitTest name="IsValid_ShouldBeSetToFalse_WhenBoundingBoxIsMissing" storage="d:\actions-runner\_work\xpco\xpco\mip\platformplugin\videoos.platform\unittest\bin\debug\net472\videoos.platform.tests.dll" id="c64e7bd8-cb07-f721-64bb-ea14df3c64c6">
      <Execution id="215ba29e-edbf-446b-9fb0-cb4dd34f7eff" />
      <TestMethod codeBase="D:\actions-runner\_work\XPCO\XPCO\MIP\PlatformPlugin\VideoOS.Platform\unittest\bin\Debug\net472\VideoOS.Platform.Tests.dll" adapterTypeName="executor://mstestadapter/v2" className="VideoOS.Platform.Tests.Metadata.ShapeTests" name="IsValid_ShouldBeSetToFalse_WhenBoundingBoxIsMissing" />
    </UnitTest>
    <UnitTest name="Serialize_ShouldHandleSelfReferencing" storage="d:\actions-runner\_work\xpco\xpco\mip\platformplugin\videoos.platform\unittest\bin\debug\net472\videoos.platform.tests.dll" id="500146c2-0fce-a8b0-1f53-7fbec0f9bacd">
      <Execution id="8ddb0f6b-7c76-406e-86be-020cac6045ed" />
      <TestMethod codeBase="D:\actions-runner\_work\XPCO\XPCO\MIP\PlatformPlugin\VideoOS.Platform\unittest\bin\Debug\net472\VideoOS.Platform.Tests.dll" adapterTypeName="executor://mstestadapter/v2" className="VideoOS.Platform.Tests.UI.Controls.Automation.Serialization.AutomationObjectSerializerSelfReferencingTests" name="Serialize_ShouldHandleSelfReferencing" />
    </UnitTest>
    <UnitTest name="GenerateDeviceCapabilityParameters_ShouldWriteTypeAsData_WhenAlways" storage="d:\actions-runner\_work\xpco\xpco\mip\platformplugin\videoos.platform\unittest\bin\debug\net472\videoos.platform.tests.dll" id="2da09afd-447a-1927-2e16-59b373bc893e">
      <Execution id="d4ab74af-50ca-4b45-bbbb-e92457d1f220" />
      <TestMethod codeBase="D:\actions-runner\_work\XPCO\XPCO\MIP\PlatformPlugin\VideoOS.Platform\unittest\bin\Debug\net472\VideoOS.Platform.Tests.dll" adapterTypeName="executor://mstestadapter/v2" className="VideoOS.Platform.Tests.Data.DataCapabilityTests" name="GenerateDeviceCapabilityParameters_ShouldWriteTypeAsData_WhenAlways" />
    </UnitTest>
    <UnitTest name="KindsFilter_TwoKinds_OnlyAllowedKindsShown" storage="d:\actions-runner\_work\xpco\xpco\mip\platformplugin\videoos.platform\unittest\bin\debug\net472\videoos.platform.tests.dll" id="f7df628a-2d6d-0169-1e36-e1aabcaaa3c0">
      <Execution id="84a1ab2e-9bfd-44fe-ad7e-4a532142c23c" />
      <TestMethod codeBase="D:\actions-runner\_work\XPCO\XPCO\MIP\PlatformPlugin\VideoOS.Platform\unittest\bin\Debug\net472\VideoOS.Platform.Tests.dll" adapterTypeName="executor://mstestadapter/v2" className="VideoOS.Platform.Tests.UI.ItemPicker.PopulateThreadTest" name="KindsFilter_TwoKinds_OnlyAllowedKindsShown" />
    </UnitTest>
    <UnitTest name="IsValid_ShouldReturnFalse_WhenTypeIsNull" storage="d:\actions-runner\_work\xpco\xpco\mip\platformplugin\videoos.platform\unittest\bin\debug\net472\videoos.platform.tests.dll" id="57bee112-0556-7c83-93f2-7bbc9c5cba59">
      <Execution id="9aae53dd-0a16-49e1-ab4c-62676fff6c86" />
      <TestMethod codeBase="D:\actions-runner\_work\XPCO\XPCO\MIP\PlatformPlugin\VideoOS.Platform\unittest\bin\Debug\net472\VideoOS.Platform.Tests.dll" adapterTypeName="executor://mstestadapter/v2" className="VideoOS.Platform.Tests.Metadata.ClassCandidateTests" name="IsValid_ShouldReturnFalse_WhenTypeIsNull" />
    </UnitTest>
    <UnitTest name="CreateAlarmFromEvent_ShouldReturnNull_WhenArgumentIsNull" storage="d:\actions-runner\_work\xpco\xpco\mip\platformplugin\videoos.platform\unittest\bin\debug\net472\videoos.platform.tests.dll" id="33580008-2ed0-6825-609a-d1d90403b659">
      <Execution id="c2b5c5d3-188d-4b12-a358-8ad190af90a6" />
      <TestMethod codeBase="D:\actions-runner\_work\XPCO\XPCO\MIP\PlatformPlugin\VideoOS.Platform\unittest\bin\Debug\net472\VideoOS.Platform.Tests.dll" adapterTypeName="executor://mstestadapter/v2" className="VideoOS.Platform.Tests.Util.AlarmBuilderTests" name="CreateAlarmFromEvent_ShouldReturnNull_WhenArgumentIsNull" />
    </UnitTest>
    <UnitTest name="GetFilterValues_UnknownFilter_ReturnsEmptyList" storage="d:\actions-runner\_work\xpco\xpco\mip\platformplugin\videoos.platform\unittest\bin\debug\net472\videoos.platform.tests.dll" id="441213bb-d837-6a17-d5bf-0e8158ed876c">
      <TestCategory>
        <TestCategoryItem TestCategory="Search" />
      </TestCategory>
      <Execution id="96479679-a5e3-4c13-bc74-4eb8f8d39820" />
      <TestMethod codeBase="D:\actions-runner\_work\XPCO\XPCO\MIP\PlatformPlugin\VideoOS.Platform\unittest\bin\Debug\net472\VideoOS.Platform.Tests.dll" adapterTypeName="executor://mstestadapter/v2" className="VideoOS.Platform.Tests.Search.SearchCriteriaTest" name="GetFilterValues_UnknownFilter_ReturnsEmptyList" />
    </UnitTest>
    <UnitTest name="Decrypt_ShouldDecryptEncryptedInput" storage="d:\actions-runner\_work\xpco\xpco\mip\platformplugin\videoos.platform\unittest\bin\debug\net472\videoos.platform.tests.dll" id="01799474-13c9-ef07-91a0-a707eadf879a">
      <Execution id="88e9f1bf-f956-44a7-a941-2e4bbbb1a554" />
      <TestMethod codeBase="D:\actions-runner\_work\XPCO\XPCO\MIP\PlatformPlugin\VideoOS.Platform\unittest\bin\Debug\net472\VideoOS.Platform.Tests.dll" adapterTypeName="executor://mstestadapter/v2" className="VideoOS.Platform.Tests.License.NonFipsLicenseCompatibilityHandlerTests" name="Decrypt_ShouldDecryptEncryptedInput" />
    </UnitTest>
    <UnitTest name="GetAllFrames_ShouldReturnFramesForSingleVideoAnalytics_WhenThereIsOneVideoAnalytics" storage="d:\actions-runner\_work\xpco\xpco\mip\platformplugin\videoos.platform\unittest\bin\debug\net472\videoos.platform.tests.dll" id="e5d77a31-6b9f-c926-244b-f6a80ab8552d">
      <Execution id="967c8bf6-914a-433c-ac3e-3ea87e0b1a31" />
      <TestMethod codeBase="D:\actions-runner\_work\XPCO\XPCO\MIP\PlatformPlugin\VideoOS.Platform\unittest\bin\Debug\net472\VideoOS.Platform.Tests.dll" adapterTypeName="executor://mstestadapter/v2" className="VideoOS.Platform.Tests.Metadata.MetadataStreamTests" name="GetAllFrames_ShouldReturnFramesForSingleVideoAnalytics_WhenThereIsOneVideoAnalytics" />
    </UnitTest>
    <UnitTest name="WriteXml_ShouldWriteValueOnly_WhenAllePropertiesAreNotSet" storage="d:\actions-runner\_work\xpco\xpco\mip\platformplugin\videoos.platform\unittest\bin\debug\net472\videoos.platform.tests.dll" id="96f1c2c4-5dc5-dea5-6196-eb11056b2deb">
      <Execution id="1c7d6ebd-3b7c-4844-a672-ac299505f8cd" />
      <TestMethod codeBase="D:\actions-runner\_work\XPCO\XPCO\MIP\PlatformPlugin\VideoOS.Platform\unittest\bin\Debug\net472\VideoOS.Platform.Tests.dll" adapterTypeName="executor://mstestadapter/v2" className="VideoOS.Platform.Tests.Metadata.DisplayTextTests" name="WriteXml_ShouldWriteValueOnly_WhenAllePropertiesAreNotSet" />
    </UnitTest>
    <UnitTest name="Set_String_In_Array" storage="d:\actions-runner\_work\xpco\xpco\mip\platformplugin\videoos.platform\unittest\bin\debug\net472\videoos.platform.tests.dll" id="b3df3f39-3ac5-afed-24ec-7a145316d997">
      <Execution id="bce2acf7-67a6-4255-a39d-41bf1e1a8cf7" />
      <TestMethod codeBase="D:\actions-runner\_work\XPCO\XPCO\MIP\PlatformPlugin\VideoOS.Platform\unittest\bin\Debug\net472\VideoOS.Platform.Tests.dll" adapterTypeName="executor://mstestadapter/v2" className="VideoOS.Platform.Tests.Proxy.RestApi.JsonReaderTests" name="Set_String_In_Array" />
    </UnitTest>
    <UnitTest name="AddFilterValue_ExistingValue_NullValue_Throws" storage="d:\actions-runner\_work\xpco\xpco\mip\platformplugin\videoos.platform\unittest\bin\debug\net472\videoos.platform.tests.dll" id="12501656-668f-6d63-7f1a-8f8eefa16abe">
      <TestCategory>
        <TestCategoryItem TestCategory="Search" />
      </TestCategory>
      <Execution id="1fddf95f-8285-498f-828f-1b37cb7177d2" />
      <TestMethod codeBase="D:\actions-runner\_work\XPCO\XPCO\MIP\PlatformPlugin\VideoOS.Platform\unittest\bin\Debug\net472\VideoOS.Platform.Tests.dll" adapterTypeName="executor://mstestadapter/v2" className="VideoOS.Platform.Tests.Search.SearchCriteriaTest" name="AddFilterValue_ExistingValue_NullValue_Throws" />
    </UnitTest>
    <UnitTest name="Add_NullValue_Success" storage="d:\actions-runner\_work\xpco\xpco\mip\platformplugin\videoos.platform\unittest\bin\debug\net472\videoos.platform.tests.dll" id="7fb5739f-7a0e-9d63-4cc0-4564c77d7249">
      <Execution id="9da67773-0efd-4981-ab18-b4595efd5bba" />
      <TestMethod codeBase="D:\actions-runner\_work\XPCO\XPCO\MIP\PlatformPlugin\VideoOS.Platform\unittest\bin\Debug\net472\VideoOS.Platform.Tests.dll" adapterTypeName="executor://mstestadapter/v2" className="VideoOS.Platform.Tests.Util.Queue.LRUCacheTests" name="Add_NullValue_Success" />
    </UnitTest>
    <UnitTest name="TestConstructor_Success" storage="d:\actions-runner\_work\xpco\xpco\mip\platformplugin\videoos.platform\unittest\bin\debug\net472\videoos.platform.tests.dll" id="f4009c20-ddf4-5439-9b3f-52d8d564e525">
      <Execution id="1567fb90-8fef-49e5-9a16-a650a5c1f6d7" />
      <TestMethod codeBase="D:\actions-runner\_work\XPCO\XPCO\MIP\PlatformPlugin\VideoOS.Platform\unittest\bin\Debug\net472\VideoOS.Platform.Tests.dll" adapterTypeName="executor://mstestadapter/v2" className="VideoOS.Platform.Tests.Search.Error.InvalidFilterSearchErrorTest" name="TestConstructor_Success" />
    </UnitTest>
    <UnitTest name="ProvideValue_ShouldChangeContent_WhenItemDataPropertyNameChangesFromOneValueToAnother" storage="d:\actions-runner\_work\xpco\xpco\mip\platformplugin\videoos.platform\unittest\bin\debug\net472\videoos.platform.tests.dll" id="341aa1b2-3b64-c4e7-896b-2d80cfc15011">
      <TestCategory>
        <TestCategoryItem TestCategory="TabControls" />
      </TestCategory>
      <Execution id="315a6c56-a0d5-49d6-9301-242515dcf42a" />
      <TestMethod codeBase="D:\actions-runner\_work\XPCO\XPCO\MIP\PlatformPlugin\VideoOS.Platform\unittest\bin\Debug\net472\VideoOS.Platform.Tests.dll" adapterTypeName="executor://mstestadapter/v2" className="VideoOS.Platform.Tests.UI.Controls.TabControls.Internal.Primary.ItemContentExtensionTest" name="ProvideValue_ShouldChangeContent_WhenItemDataPropertyNameChangesFromOneValueToAnother" />
    </UnitTest>
    <UnitTest name="ReadXml_ShouldSetAllFieldsToNull_WhenElementIsEmpty" storage="d:\actions-runner\_work\xpco\xpco\mip\platformplugin\videoos.platform\unittest\bin\debug\net472\videoos.platform.tests.dll" id="d3168116-f2b4-8d85-d69a-f47dbb1df0a3">
      <Execution id="109e36af-2280-41f9-8022-446d49906160" />
      <TestMethod codeBase="D:\actions-runner\_work\XPCO\XPCO\MIP\PlatformPlugin\VideoOS.Platform\unittest\bin\Debug\net472\VideoOS.Platform.Tests.dll" adapterTypeName="executor://mstestadapter/v2" className="VideoOS.Platform.Tests.Metadata.ShapeTests" name="ReadXml_ShouldSetAllFieldsToNull_WhenElementIsEmpty" />
    </UnitTest>
    <UnitTest name="Apply_ShouldMultiplScaleYCoordinatesToTopAndBottomAndScaleXCoordinatesToLeftAndRight_WhenScaleIsNotNull" storage="d:\actions-runner\_work\xpco\xpco\mip\platformplugin\videoos.platform\unittest\bin\debug\net472\videoos.platform.tests.dll" id="4bb55630-8b3a-5b1a-80b5-da8fceb36d41">
      <Execution id="95c5c037-eabb-41f2-99f2-2a69d2bd46a9" />
      <TestMethod codeBase="D:\actions-runner\_work\XPCO\XPCO\MIP\PlatformPlugin\VideoOS.Platform\unittest\bin\Debug\net472\VideoOS.Platform.Tests.dll" adapterTypeName="executor://mstestadapter/v2" className="VideoOS.Platform.Tests.Metadata.RectangleTests" name="Apply_ShouldMultiplScaleYCoordinatesToTopAndBottomAndScaleXCoordinatesToLeftAndRight_WhenScaleIsNotNull" />
    </UnitTest>
    <UnitTest name="CountByCounter_NotActivated_Expired" storage="d:\actions-runner\_work\xpco\xpco\mip\platformplugin\videoos.platform\unittest\bin\debug\net472\videoos.platform.tests.dll" id="9e63be9d-2216-71c5-83e2-51bd84dc8a93">
      <Execution id="2b65ec4b-a2de-4b06-baf2-63e87632b5e2" />
      <TestMethod codeBase="D:\actions-runner\_work\XPCO\XPCO\MIP\PlatformPlugin\VideoOS.Platform\unittest\bin\Debug\net472\VideoOS.Platform.Tests.dll" adapterTypeName="executor://mstestadapter/v2" className="VideoOS.Platform.Tests.License.ResolvedLicenseCountTest" name="CountByCounter_NotActivated_Expired" />
    </UnitTest>
    <UnitTest name="ReadXml_ShouldIgnoreUnknownChildren_WhenUnknownChildrenArePresent" storage="d:\actions-runner\_work\xpco\xpco\mip\platformplugin\videoos.platform\unittest\bin\debug\net472\videoos.platform.tests.dll" id="b6c8d5b4-b132-7bf9-41ce-a46ff913fc34">
      <Execution id="f59fbc72-d09d-42d2-ad6c-89db1284e5d7" />
      <TestMethod codeBase="D:\actions-runner\_work\XPCO\XPCO\MIP\PlatformPlugin\VideoOS.Platform\unittest\bin\Debug\net472\VideoOS.Platform.Tests.dll" adapterTypeName="executor://mstestadapter/v2" className="VideoOS.Platform.Tests.Metadata.VideoAnalyticsTests" name="ReadXml_ShouldIgnoreUnknownChildren_WhenUnknownChildrenArePresent" />
    </UnitTest>
    <UnitTest name="CountByItems_NotActivated_Expired_Missing" storage="d:\actions-runner\_work\xpco\xpco\mip\platformplugin\videoos.platform\unittest\bin\debug\net472\videoos.platform.tests.dll" id="bc12b5e8-0d7d-7dd1-0756-b375b65700f8">
      <Execution id="c9f31df3-047f-4255-a0bc-146eb4a61e80" />
      <TestMethod codeBase="D:\actions-runner\_work\XPCO\XPCO\MIP\PlatformPlugin\VideoOS.Platform\unittest\bin\Debug\net472\VideoOS.Platform.Tests.dll" adapterTypeName="executor://mstestadapter/v2" className="VideoOS.Platform.Tests.License.ResolvedLicenseCountTest" name="CountByItems_NotActivated_Expired_Missing" />
    </UnitTest>
    <UnitTest name="ReadXml_ShouldIgnoreUnknownExtensionChildren_WhenUnknownExtensionChildrenArePresent" storage="d:\actions-runner\_work\xpco\xpco\mip\platformplugin\videoos.platform\unittest\bin\debug\net472\videoos.platform.tests.dll" id="f5abc6e6-30fb-64d6-b653-e8776326ca87">
      <Execution id="5e238bea-7d3a-49ff-83a7-26fe117310df" />
      <TestMethod codeBase="D:\actions-runner\_work\XPCO\XPCO\MIP\PlatformPlugin\VideoOS.Platform\unittest\bin\Debug\net472\VideoOS.Platform.Tests.dll" adapterTypeName="executor://mstestadapter/v2" className="VideoOS.Platform.Tests.Metadata.MetadataStreamTests" name="ReadXml_ShouldIgnoreUnknownExtensionChildren_WhenUnknownExtensionChildrenArePresent" />
    </UnitTest>
    <UnitTest name="ReadXml_ShouldIgnoreChildren_WhenAlways" storage="d:\actions-runner\_work\xpco\xpco\mip\platformplugin\videoos.platform\unittest\bin\debug\net472\videoos.platform.tests.dll" id="e5f2cf6d-a0ae-d38c-0dc9-b08cf977bee2">
      <Execution id="369438ed-4c83-413d-9dfb-284467b68e8e" />
      <TestMethod codeBase="D:\actions-runner\_work\XPCO\XPCO\MIP\PlatformPlugin\VideoOS.Platform\unittest\bin\Debug\net472\VideoOS.Platform.Tests.dll" adapterTypeName="executor://mstestadapter/v2" className="VideoOS.Platform.Tests.Metadata.VectorTests" name="ReadXml_ShouldIgnoreChildren_WhenAlways" />
    </UnitTest>
    <UnitTest name="CreateSearchFilterEditControl_NullConfiguration_ReturnsNull" storage="d:\actions-runner\_work\xpco\xpco\mip\platformplugin\videoos.platform\unittest\bin\debug\net472\videoos.platform.tests.dll" id="b3801728-52f7-7053-510c-0b3ffd814256">
      <TestCategory>
        <TestCategoryItem TestCategory="Search" />
      </TestCategory>
      <Execution id="03682029-0d03-49b3-89f1-a19dc76ce59a" />
      <TestMethod codeBase="D:\actions-runner\_work\XPCO\XPCO\MIP\PlatformPlugin\VideoOS.Platform\unittest\bin\Debug\net472\VideoOS.Platform.Tests.dll" adapterTypeName="executor://mstestadapter/v2" className="VideoOS.Platform.Tests.Search.SearchUserControlResolverTest" name="CreateSearchFilterEditControl_NullConfiguration_ReturnsNull" />
    </UnitTest>
    <UnitTest name="WriteXml_ShouldWriteScaleElement_WhenScaleIsNotNull" storage="d:\actions-runner\_work\xpco\xpco\mip\platformplugin\videoos.platform\unittest\bin\debug\net472\videoos.platform.tests.dll" id="21aacc52-5297-f44e-aad6-4de7a3bc1c17">
      <Execution id="35154741-4714-4ea1-b571-c9a961aa9657" />
      <TestMethod codeBase="D:\actions-runner\_work\XPCO\XPCO\MIP\PlatformPlugin\VideoOS.Platform\unittest\bin\Debug\net472\VideoOS.Platform.Tests.dll" adapterTypeName="executor://mstestadapter/v2" className="VideoOS.Platform.Tests.Metadata.TransformationTests" name="WriteXml_ShouldWriteScaleElement_WhenScaleIsNotNull" />
    </UnitTest>
    <UnitTest name="GetAgeFilterValue_FilterValueMissing_ReturnsEmptyCollection" storage="d:\actions-runner\_work\xpco\xpco\mip\platformplugin\videoos.platform\unittest\bin\debug\net472\videoos.platform.tests.dll" id="a67e2ec6-c284-283e-f6bb-5df24e13d453">
      <TestCategory>
        <TestCategoryItem TestCategory="Search" />
      </TestCategory>
      <Execution id="612c49f1-2e1a-47a9-a8dc-aa8e4a8e9a46" />
      <TestMethod codeBase="D:\actions-runner\_work\XPCO\XPCO\MIP\PlatformPlugin\VideoOS.Platform\unittest\bin\Debug\net472\VideoOS.Platform.Tests.dll" adapterTypeName="executor://mstestadapter/v2" className="VideoOS.Platform.Tests.Search.FilterCategories.PersonSearchFilterCategoryTest" name="GetAgeFilterValue_FilterValueMissing_ReturnsEmptyCollection" />
    </UnitTest>
    <UnitTest name="GetWithDateTime_ShouldReturnEntryAtOrBefore_WhenDataIsInCache" storage="d:\actions-runner\_work\xpco\xpco\mip\platformplugin\videoos.platform\unittest\bin\debug\net472\videoos.platform.tests.dll" id="ca034712-fc2a-7f2e-fe84-ae45e3bb76cf">
      <Execution id="af437ebe-ed20-46dd-9a84-de1bb145abe8" />
      <TestMethod codeBase="D:\actions-runner\_work\XPCO\XPCO\MIP\PlatformPlugin\VideoOS.Platform\unittest\bin\Debug\net472\VideoOS.Platform.Tests.dll" adapterTypeName="executor://mstestadapter/v2" className="VideoOS.Platform.Tests.Data.MetadataPlaybackSourceTests" name="GetWithDateTime_ShouldReturnEntryAtOrBefore_WhenDataIsInCache" />
    </UnitTest>
    <UnitTest name="GetNearest_ShouldReturnNull_WhenTimestampIsAfterLastElement" storage="d:\actions-runner\_work\xpco\xpco\mip\platformplugin\videoos.platform\unittest\bin\debug\net472\videoos.platform.tests.dll" id="803ac96c-ceaf-813a-623a-bb8007ba13fb">
      <Execution id="b5d47007-3284-4362-8e9e-2c6a3afd0f0a" />
      <TestMethod codeBase="D:\actions-runner\_work\XPCO\XPCO\MIP\PlatformPlugin\VideoOS.Platform\unittest\bin\Debug\net472\VideoOS.Platform.Tests.dll" adapterTypeName="executor://mstestadapter/v2" className="VideoOS.Platform.Tests.Data.MetadataCacheTests" name="GetNearest_ShouldReturnNull_WhenTimestampIsAfterLastElement" />
    </UnitTest>
    <UnitTest name="ReadXml_ShouldSetIsRemoved_WhenRemovedElementIsPresentWithCorrectNamespace" storage="d:\actions-runner\_work\xpco\xpco\mip\platformplugin\videoos.platform\unittest\bin\debug\net472\videoos.platform.tests.dll" id="140c6661-e4ad-8b7b-ad2a-b9df65337e63">
      <Execution id="6107a61c-347c-4639-a80c-4d15ebad2d8a" />
      <TestMethod codeBase="D:\actions-runner\_work\XPCO\XPCO\MIP\PlatformPlugin\VideoOS.Platform\unittest\bin\Debug\net472\VideoOS.Platform.Tests.dll" adapterTypeName="executor://mstestadapter/v2" className="VideoOS.Platform.Tests.Metadata.BehaviourTests" name="ReadXml_ShouldSetIsRemoved_WhenRemovedElementIsPresentWithCorrectNamespace" />
    </UnitTest>
    <UnitTest name="Serialize_TestCases (TestParentTypeMatchCollectionNotThisTypeMatchedProperty)" storage="d:\actions-runner\_work\xpco\xpco\mip\platformplugin\videoos.platform\unittest\bin\debug\net472\videoos.platform.tests.dll" id="10990a14-03a7-011d-0324-9b08e537fb18">
      <Execution id="f8fb8e7c-6891-4994-8f0d-3c456febebb7" />
      <TestMethod codeBase="D:\actions-runner\_work\XPCO\XPCO\MIP\PlatformPlugin\VideoOS.Platform\unittest\bin\Debug\net472\VideoOS.Platform.Tests.dll" adapterTypeName="executor://mstestadapter/v2" className="VideoOS.Platform.Tests.UI.Controls.Automation.Serialization.AutomationObjectSerializerTest" name="Serialize_TestCases" />
    </UnitTest>
    <UnitTest name="ReadXml_ShouldIgnoreShape_WhenShapeIsPresenWithWrongNamespace" storage="d:\actions-runner\_work\xpco\xpco\mip\platformplugin\videoos.platform\unittest\bin\debug\net472\videoos.platform.tests.dll" id="fde698c6-a194-d6bc-8c31-bc5b72af8298">
      <Execution id="8b558fd7-8662-4aac-a6dd-67843c64def7" />
      <TestMethod codeBase="D:\actions-runner\_work\XPCO\XPCO\MIP\PlatformPlugin\VideoOS.Platform\unittest\bin\Debug\net472\VideoOS.Platform.Tests.dll" adapterTypeName="executor://mstestadapter/v2" className="VideoOS.Platform.Tests.Metadata.AppearanceTests" name="ReadXml_ShouldIgnoreShape_WhenShapeIsPresenWithWrongNamespace" />
    </UnitTest>
    <UnitTest name="ReadXml_ShouldLogWarning_WhenRequiredAttributeIsMissing" storage="d:\actions-runner\_work\xpco\xpco\mip\platformplugin\videoos.platform\unittest\bin\debug\net472\videoos.platform.tests.dll" id="39224d7b-adf2-c3bb-b064-ed7483309b12">
      <Execution id="45756c85-cc6a-4c2e-b8ca-56aa393ce2f2" />
      <TestMethod codeBase="D:\actions-runner\_work\XPCO\XPCO\MIP\PlatformPlugin\VideoOS.Platform\unittest\bin\Debug\net472\VideoOS.Platform.Tests.dll" adapterTypeName="executor://mstestadapter/v2" className="VideoOS.Platform.Tests.Metadata.VectorTests" name="ReadXml_ShouldLogWarning_WhenRequiredAttributeIsMissing" />
    </UnitTest>
    <UnitTest name="GetItem_ShouldNotReturnItem_WhenOtherAddedFound" storage="d:\actions-runner\_work\xpco\xpco\mip\platformplugin\videoos.platform\unittest\bin\debug\net472\videoos.platform.tests.dll" id="c2b3a374-d9ca-fe1a-d2bb-dddc9de79775">
      <Execution id="515b4019-77b0-4b4a-83d1-d958155d6047" />
      <TestMethod codeBase="D:\actions-runner\_work\XPCO\XPCO\MIP\PlatformPlugin\VideoOS.Platform\unittest\bin\Debug\net472\VideoOS.Platform.Tests.dll" adapterTypeName="executor://mstestadapter/v2" className="VideoOS.Platform.Tests.Util.ConfigurationCacheTests" name="GetItem_ShouldNotReturnItem_WhenOtherAddedFound" />
    </UnitTest>
    <UnitTest name="ReadAppearanceExtensionXml_ShouldReadBoundingBoxLineThickness_WhenBoundingBoxLineThicknessIsPresent" storage="d:\actions-runner\_work\xpco\xpco\mip\platformplugin\videoos.platform\unittest\bin\debug\net472\videoos.platform.tests.dll" id="15cecd1c-3b58-a036-2736-cf341db03f0a">
      <Execution id="31a2b445-7dcd-4677-81a2-bf94e19b5de2" />
      <TestMethod codeBase="D:\actions-runner\_work\XPCO\XPCO\MIP\PlatformPlugin\VideoOS.Platform\unittest\bin\Debug\net472\VideoOS.Platform.Tests.dll" adapterTypeName="executor://mstestadapter/v2" className="VideoOS.Platform.Tests.Metadata.RectangleTests" name="ReadAppearanceExtensionXml_ShouldReadBoundingBoxLineThickness_WhenBoundingBoxLineThicknessIsPresent" />
    </UnitTest>
    <UnitTest name="ReadXml_ShouldReadBehaviour_WhenBehaviourIsPresent" storage="d:\actions-runner\_work\xpco\xpco\mip\platformplugin\videoos.platform\unittest\bin\debug\net472\videoos.platform.tests.dll" id="5be5e628-43fb-71a1-e880-34735fe5e2ed">
      <Execution id="db02f480-4816-4258-9b5c-1bf30c97a25f" />
      <TestMethod codeBase="D:\actions-runner\_work\XPCO\XPCO\MIP\PlatformPlugin\VideoOS.Platform\unittest\bin\Debug\net472\VideoOS.Platform.Tests.dll" adapterTypeName="executor://mstestadapter/v2" className="VideoOS.Platform.Tests.Metadata.OnvifObjectTests" name="ReadXml_ShouldReadBehaviour_WhenBehaviourIsPresent" />
    </UnitTest>
    <UnitTest name="Get_Element" storage="d:\actions-runner\_work\xpco\xpco\mip\platformplugin\videoos.platform\unittest\bin\debug\net472\videoos.platform.tests.dll" id="58e16725-e739-c95e-f63b-6da9cd475080">
      <Execution id="d974f5b6-afd5-40a8-8284-9adc906091bc" />
      <TestMethod codeBase="D:\actions-runner\_work\XPCO\XPCO\MIP\PlatformPlugin\VideoOS.Platform\unittest\bin\Debug\net472\VideoOS.Platform.Tests.dll" adapterTypeName="executor://mstestadapter/v2" className="VideoOS.Platform.Tests.Proxy.RestApi.JsonReaderTests" name="Get_Element" />
    </UnitTest>
    <UnitTest name="ToString_WithTypeAndMessage" storage="d:\actions-runner\_work\xpco\xpco\mip\platformplugin\videoos.platform\unittest\bin\debug\net472\videoos.platform.tests.dll" id="137cce7b-4534-866e-a202-717289695719">
      <Execution id="471feebf-31f0-4ac3-abb7-18b7b6612148" />
      <TestMethod codeBase="D:\actions-runner\_work\XPCO\XPCO\MIP\PlatformPlugin\VideoOS.Platform\unittest\bin\Debug\net472\VideoOS.Platform.Tests.dll" adapterTypeName="executor://mstestadapter/v2" className="VideoOS.Platform.Tests.Messaging.CommunicationIdFilterTests" name="ToString_WithTypeAndMessage" />
    </UnitTest>
    <UnitTest name="ToJson_ListElement_Array" storage="d:\actions-runner\_work\xpco\xpco\mip\platformplugin\videoos.platform\unittest\bin\debug\net472\videoos.platform.tests.dll" id="c47b0ccb-123e-8cec-2750-cacbc255e2ef">
      <Execution id="2d1005ab-dacf-4ec5-bc8e-ebda23845f36" />
      <TestMethod codeBase="D:\actions-runner\_work\XPCO\XPCO\MIP\PlatformPlugin\VideoOS.Platform\unittest\bin\Debug\net472\VideoOS.Platform.Tests.dll" adapterTypeName="executor://mstestadapter/v2" className="VideoOS.Platform.Tests.Proxy.RestApi.JsonReaderTests" name="ToJson_ListElement_Array" />
    </UnitTest>
    <UnitTest name="WriteXml_ShouldWriteBoundingBoxAppearanceContents_WhenTheyArePresent" storage="d:\actions-runner\_work\xpco\xpco\mip\platformplugin\videoos.platform\unittest\bin\debug\net472\videoos.platform.tests.dll" id="d7212be9-a773-7051-2296-d1e014528157">
      <Execution id="c5a39e11-d032-41da-8b78-526e988abf7f" />
      <TestMethod codeBase="D:\actions-runner\_work\XPCO\XPCO\MIP\PlatformPlugin\VideoOS.Platform\unittest\bin\Debug\net472\VideoOS.Platform.Tests.dll" adapterTypeName="executor://mstestadapter/v2" className="VideoOS.Platform.Tests.Metadata.ShapeTests" name="WriteXml_ShouldWriteBoundingBoxAppearanceContents_WhenTheyArePresent" />
    </UnitTest>
    <UnitTest name="ReadXml_ShouldReadLatitude_WhenLatitudeIsPresent" storage="d:\actions-runner\_work\xpco\xpco\mip\platformplugin\videoos.platform\unittest\bin\debug\net472\videoos.platform.tests.dll" id="b11280c6-b927-424b-97d9-4a8daa017667">
      <Execution id="f6ad73d2-8503-4161-84b8-e6d486f44efa" />
      <TestMethod codeBase="D:\actions-runner\_work\XPCO\XPCO\MIP\PlatformPlugin\VideoOS.Platform\unittest\bin\Debug\net472\VideoOS.Platform.Tests.dll" adapterTypeName="executor://mstestadapter/v2" className="VideoOS.Platform.Tests.Metadata.NavigationalDataTests" name="ReadXml_ShouldReadLatitude_WhenLatitudeIsPresent" />
    </UnitTest>
    <UnitTest name="HorizontalAccuracy_ShouldThrowArgumentOfRange_WhenValueIsOutsideAcceptedRange" storage="d:\actions-runner\_work\xpco\xpco\mip\platformplugin\videoos.platform\unittest\bin\debug\net472\videoos.platform.tests.dll" id="890cd7d3-d5de-1eb5-735a-80921ce3d8c1">
      <Execution id="306c53db-1401-478a-a63c-f887314f6fc8" />
      <TestMethod codeBase="D:\actions-runner\_work\XPCO\XPCO\MIP\PlatformPlugin\VideoOS.Platform\unittest\bin\Debug\net472\VideoOS.Platform.Tests.dll" adapterTypeName="executor://mstestadapter/v2" className="VideoOS.Platform.Tests.Metadata.NavigationalDataTests" name="HorizontalAccuracy_ShouldThrowArgumentOfRange_WhenValueIsOutsideAcceptedRange" />
    </UnitTest>
    <UnitTest name="Serialize_TestCases (TestParentTypeMatchCollectionNotThisTypeNotMatched)" storage="d:\actions-runner\_work\xpco\xpco\mip\platformplugin\videoos.platform\unittest\bin\debug\net472\videoos.platform.tests.dll" id="fe04fee8-8e91-5fdd-deeb-dfb39b790e19">
      <Execution id="b6918659-dde4-4f8f-9062-b55b8f27febd" />
      <TestMethod codeBase="D:\actions-runner\_work\XPCO\XPCO\MIP\PlatformPlugin\VideoOS.Platform\unittest\bin\Debug\net472\VideoOS.Platform.Tests.dll" adapterTypeName="executor://mstestadapter/v2" className="VideoOS.Platform.Tests.UI.Controls.Automation.Serialization.AutomationObjectSerializerTest" name="Serialize_TestCases" />
    </UnitTest>
    <UnitTest name="GenerateDeviceCapabilityParameters_ShouldWriteMinimum_WhenAlways" storage="d:\actions-runner\_work\xpco\xpco\mip\platformplugin\videoos.platform\unittest\bin\debug\net472\videoos.platform.tests.dll" id="1b66a21c-10a6-0908-6fbd-7ece73d7fb3e">
      <Execution id="daed5907-4dba-4007-8eba-62d3bbc906c9" />
      <TestMethod codeBase="D:\actions-runner\_work\XPCO\XPCO\MIP\PlatformPlugin\VideoOS.Platform\unittest\bin\Debug\net472\VideoOS.Platform.Tests.dll" adapterTypeName="executor://mstestadapter/v2" className="VideoOS.Platform.Tests.Data.DataCapabilityTests" name="GenerateDeviceCapabilityParameters_ShouldWriteMinimum_WhenAlways" />
    </UnitTest>
    <UnitTest name="WriteMetadataXml_ShouldThrowArgumentNullException_WhenMetadataIsNullWithStream" storage="d:\actions-runner\_work\xpco\xpco\mip\platformplugin\videoos.platform\unittest\bin\debug\net472\videoos.platform.tests.dll" id="0479c184-1f1e-07e0-e9bf-b787331a6833">
      <Execution id="033afba5-5e6e-47eb-a107-fe215770e099" />
      <TestMethod codeBase="D:\actions-runner\_work\XPCO\XPCO\MIP\PlatformPlugin\VideoOS.Platform\unittest\bin\Debug\net472\VideoOS.Platform.Tests.dll" adapterTypeName="executor://mstestadapter/v2" className="VideoOS.Platform.Tests.Metadata.MetadataSerializerTests" name="WriteMetadataXml_ShouldThrowArgumentNullException_WhenMetadataIsNullWithStream" />
    </UnitTest>
    <UnitTest name="MarkupExtension_ShouldChangeContentTemplate_WhenContentTemplateOnSelectedItemChanges" storage="d:\actions-runner\_work\xpco\xpco\mip\platformplugin\videoos.platform\unittest\bin\debug\net472\videoos.platform.tests.dll" id="72564ee7-6904-9d2d-9a11-6e408d6771a9">
      <TestCategory>
        <TestCategoryItem TestCategory="DropDowns" />
      </TestCategory>
      <Execution id="3f61ae7a-8742-453d-a876-ad53f4ea50f1" />
      <TestMethod codeBase="D:\actions-runner\_work\XPCO\XPCO\MIP\PlatformPlugin\VideoOS.Platform\unittest\bin\Debug\net472\VideoOS.Platform.Tests.dll" adapterTypeName="executor://mstestadapter/v2" className="VideoOS.Platform.Tests.UI.Controls.DropDowns.Internal.SelectedItemContentTemplateExtensionTest" name="MarkupExtension_ShouldChangeContentTemplate_WhenContentTemplateOnSelectedItemChanges" />
    </UnitTest>
    <UnitTest name="HasExtensionDataPresent_ShouldReturnTrue_WhenLineDisplayPixelThicknessIsSet" storage="d:\actions-runner\_work\xpco\xpco\mip\platformplugin\videoos.platform\unittest\bin\debug\net472\videoos.platform.tests.dll" id="ea4cc4d0-6ac5-366c-ac2d-a5c2c9cb07e6">
      <Execution id="07c6389c-681c-4696-bc0b-06db3173f275" />
      <TestMethod codeBase="D:\actions-runner\_work\XPCO\XPCO\MIP\PlatformPlugin\VideoOS.Platform\unittest\bin\Debug\net472\VideoOS.Platform.Tests.dll" adapterTypeName="executor://mstestadapter/v2" className="VideoOS.Platform.Tests.Metadata.RectangleTests" name="HasExtensionDataPresent_ShouldReturnTrue_WhenLineDisplayPixelThicknessIsSet" />
    </UnitTest>
    <UnitTest name="Constructor_ShouldThrowArgumentNullException_WhenMacAddressIsNull" storage="d:\actions-runner\_work\xpco\xpco\mip\platformplugin\videoos.platform\unittest\bin\debug\net472\videoos.platform.tests.dll" id="d39f235d-2e7d-3e96-21e3-c8d6d50c5857">
      <Execution id="2381fbfe-7a6e-42f4-b964-b639e2552ecd" />
      <TestMethod codeBase="D:\actions-runner\_work\XPCO\XPCO\MIP\PlatformPlugin\VideoOS.Platform\unittest\bin\Debug\net472\VideoOS.Platform.Tests.dll" adapterTypeName="executor://mstestadapter/v2" className="VideoOS.Platform.Tests.Data.HardwareDefinitionTests" name="Constructor_ShouldThrowArgumentNullException_WhenMacAddressIsNull" />
    </UnitTest>
    <UnitTest name="ParsingAndSerializing_ShouldPreserveDataIntegrety" storage="d:\actions-runner\_work\xpco\xpco\mip\platformplugin\videoos.platform\unittest\bin\debug\net472\videoos.platform.tests.dll" id="bd4bf395-8f98-04c2-c5f8-cab1c6647ef1">
      <Execution id="f8a7a037-8f54-4ab0-acc1-6a65740fd735" />
      <TestMethod codeBase="D:\actions-runner\_work\XPCO\XPCO\MIP\PlatformPlugin\VideoOS.Platform\unittest\bin\Debug\net472\VideoOS.Platform.Tests.dll" adapterTypeName="executor://mstestadapter/v2" className="VideoOS.Platform.Tests.Metadata.MetadataDeserializerTests" name="ParsingAndSerializing_ShouldPreserveDataIntegrety" />
    </UnitTest>
    <UnitTest name="GetClientAsync_StartsClient_WhenFirst" storage="d:\actions-runner\_work\xpco\xpco\mip\platformplugin\videoos.platform\unittest\bin\debug\net472\videoos.platform.tests.dll" id="e56c92d2-c559-22db-a2e2-d0987b0def17">
      <Execution id="560674ca-7309-4054-8a2e-124e5948d25f" />
      <TestMethod codeBase="D:\actions-runner\_work\XPCO\XPCO\MIP\PlatformPlugin\VideoOS.Platform\unittest\bin\Debug\net472\VideoOS.Platform.Tests.dll" adapterTypeName="executor://mstestadapter/v2" className="VideoOS.Platform.Tests.Messaging.MessageClientManagerTests" name="GetClientAsync_StartsClient_WhenFirst" />
    </UnitTest>
    <UnitTest name="ReadXml_ShouldDiscardBoundingBox_WhenIncompleteBoundingBoxIsPresent" storage="d:\actions-runner\_work\xpco\xpco\mip\platformplugin\videoos.platform\unittest\bin\debug\net472\videoos.platform.tests.dll" id="07d6b577-3d60-1f8f-d4b8-5715e136ec3a">
      <Execution id="ad537ade-0afe-4a07-89e1-bc60b4267db7" />
      <TestMethod codeBase="D:\actions-runner\_work\XPCO\XPCO\MIP\PlatformPlugin\VideoOS.Platform\unittest\bin\Debug\net472\VideoOS.Platform.Tests.dll" adapterTypeName="executor://mstestadapter/v2" className="VideoOS.Platform.Tests.Metadata.ShapeTests" name="ReadXml_ShouldDiscardBoundingBox_WhenIncompleteBoundingBoxIsPresent" />
    </UnitTest>
    <UnitTest name="GetExpectedToken_ShouldReturnMD5_WhenInputTokenHashTypeIsMD5" storage="d:\actions-runner\_work\xpco\xpco\mip\platformplugin\videoos.platform\unittest\bin\debug\net472\videoos.platform.tests.dll" id="8e460e03-2bfd-8239-d4ce-aaba6f07f2d0">
      <Execution id="aadb9cf2-0287-4187-b2c7-4fa4ea98c7bf" />
      <TestMethod codeBase="D:\actions-runner\_work\XPCO\XPCO\MIP\PlatformPlugin\VideoOS.Platform\unittest\bin\Debug\net472\VideoOS.Platform.Tests.dll" adapterTypeName="executor://mstestadapter/v2" className="VideoOS.Platform.Tests.Data.MediaProviderInternal.UtilityTests" name="GetExpectedToken_ShouldReturnMD5_WhenInputTokenHashTypeIsMD5" />
    </UnitTest>
    <UnitTest name="GenerateDeviceParameters_ShouldWriteNumberOfTypeDefintions_WhenAlways" storage="d:\actions-runner\_work\xpco\xpco\mip\platformplugin\videoos.platform\unittest\bin\debug\net472\videoos.platform.tests.dll" id="ad962b0e-987d-63ea-d90a-c4db7582df00">
      <Execution id="9c9831ce-0d64-4425-97c8-2bc89db399ee" />
      <TestMethod codeBase="D:\actions-runner\_work\XPCO\XPCO\MIP\PlatformPlugin\VideoOS.Platform\unittest\bin\Debug\net472\VideoOS.Platform.Tests.dll" adapterTypeName="executor://mstestadapter/v2" className="VideoOS.Platform.Tests.Data.MetadataDeviceDefintionTests" name="GenerateDeviceParameters_ShouldWriteNumberOfTypeDefintions_WhenAlways" />
    </UnitTest>
    <UnitTest name="CreateSearchResultUserControl_SinglePluginMultipleUserControlsPlugins_Success" storage="d:\actions-runner\_work\xpco\xpco\mip\platformplugin\videoos.platform\unittest\bin\debug\net472\videoos.platform.tests.dll" id="293f208d-a107-c0fc-0068-8de4f4577501">
      <TestCategory>
        <TestCategoryItem TestCategory="Search" />
      </TestCategory>
      <Execution id="bc184ec8-f478-4595-b162-dcd9eb516161" />
      <TestMethod codeBase="D:\actions-runner\_work\XPCO\XPCO\MIP\PlatformPlugin\VideoOS.Platform\unittest\bin\Debug\net472\VideoOS.Platform.Tests.dll" adapterTypeName="executor://mstestadapter/v2" className="VideoOS.Platform.Tests.Search.SearchUserControlResolverTest" name="CreateSearchResultUserControl_SinglePluginMultipleUserControlsPlugins_Success" />
    </UnitTest>
    <UnitTest name="TestCreateSearchDefinition_Success" storage="d:\actions-runner\_work\xpco\xpco\mip\platformplugin\videoos.platform\unittest\bin\debug\net472\videoos.platform.tests.dll" id="be3b82dd-8df9-5360-ff99-6eca540698eb">
      <TestCategory>
        <TestCategoryItem TestCategory="Search" />
      </TestCategory>
      <Execution id="f9727205-c246-407b-850f-764c36c99252" />
      <TestMethod codeBase="D:\actions-runner\_work\XPCO\XPCO\MIP\PlatformPlugin\VideoOS.Platform\unittest\bin\Debug\net472\VideoOS.Platform.Tests.dll" adapterTypeName="executor://mstestadapter/v2" className="VideoOS.Platform.Tests.Search.SearchManagerTest" name="TestCreateSearchDefinition_Success" />
    </UnitTest>
    <UnitTest name="GetIdFromPath_ShouldReturnId_FromFullPath" storage="d:\actions-runner\_work\xpco\xpco\mip\platformplugin\videoos.platform\unittest\bin\debug\net472\videoos.platform.tests.dll" id="23ab757f-fe97-afaf-d8cf-cc47b5d58278">
      <Execution id="66cf24b1-b4a1-4177-8520-06db6042a6cf" />
      <TestMethod codeBase="D:\actions-runner\_work\XPCO\XPCO\MIP\PlatformPlugin\VideoOS.Platform\unittest\bin\Debug\net472\VideoOS.Platform.Tests.dll" adapterTypeName="executor://mstestadapter/v2" className="VideoOS.Platform.Tests.ConfigurationItems.FactoryTests" name="GetIdFromPath_ShouldReturnId_FromFullPath" />
    </UnitTest>
    <UnitTest name="ReadXml_ShouldIgnoreUnknownChildren_WhenUnknownChildrenArePresent" storage="d:\actions-runner\_work\xpco\xpco\mip\platformplugin\videoos.platform\unittest\bin\debug\net472\videoos.platform.tests.dll" id="e99720dc-b5ca-82eb-619d-d041c4804cad">
      <Execution id="b743f5d3-4225-4465-b13a-214a46d8e202" />
      <TestMethod codeBase="D:\actions-runner\_work\XPCO\XPCO\MIP\PlatformPlugin\VideoOS.Platform\unittest\bin\Debug\net472\VideoOS.Platform.Tests.dll" adapterTypeName="executor://mstestadapter/v2" className="VideoOS.Platform.Tests.Metadata.OnvifObjectTests" name="ReadXml_ShouldIgnoreUnknownChildren_WhenUnknownChildrenArePresent" />
    </UnitTest>
    <UnitTest name="ReadXml_ShouldDiscardScale_WhenIncompleteScaleIsPresent" storage="d:\actions-runner\_work\xpco\xpco\mip\platformplugin\videoos.platform\unittest\bin\debug\net472\videoos.platform.tests.dll" id="225e2319-c278-70af-0c9e-1f0e59bd70af">
      <Execution id="9f085831-f867-4eeb-ad15-22b0fe5b18e7" />
      <TestMethod codeBase="D:\actions-runner\_work\XPCO\XPCO\MIP\PlatformPlugin\VideoOS.Platform\unittest\bin\Debug\net472\VideoOS.Platform.Tests.dll" adapterTypeName="executor://mstestadapter/v2" className="VideoOS.Platform.Tests.Metadata.TransformationTests" name="ReadXml_ShouldDiscardScale_WhenIncompleteScaleIsPresent" />
    </UnitTest>
    <UnitTest name="GetPrevious_ShouldReturnNull_WhenCacheHasJustBenLoadedWithNewData" storage="d:\actions-runner\_work\xpco\xpco\mip\platformplugin\videoos.platform\unittest\bin\debug\net472\videoos.platform.tests.dll" id="6b68b022-949d-c4fe-8f3f-d5c254031f0f">
      <Execution id="f0c119ae-2121-485c-8a48-7f8f9a6a4672" />
      <TestMethod codeBase="D:\actions-runner\_work\XPCO\XPCO\MIP\PlatformPlugin\VideoOS.Platform\unittest\bin\Debug\net472\VideoOS.Platform.Tests.dll" adapterTypeName="executor://mstestadapter/v2" className="VideoOS.Platform.Tests.Data.MetadataCacheTests" name="GetPrevious_ShouldReturnNull_WhenCacheHasJustBenLoadedWithNewData" />
    </UnitTest>
    <UnitTest name="Match_Fail_SystemType_WrongType_Single" storage="d:\actions-runner\_work\xpco\xpco\mip\platformplugin\videoos.platform\unittest\bin\debug\net472\videoos.platform.tests.dll" id="9c3bf906-36ef-3f5d-6689-5fb9e3aa8d47">
      <Execution id="57f27f4b-9e46-44b6-aebe-7a18c4715549" />
      <TestMethod codeBase="D:\actions-runner\_work\XPCO\XPCO\MIP\PlatformPlugin\VideoOS.Platform\unittest\bin\Debug\net472\VideoOS.Platform.Tests.dll" adapterTypeName="executor://mstestadapter/v2" className="VideoOS.Platform.Tests.Messaging.CommunicationIdFilterTests" name="Match_Fail_SystemType_WrongType_Single" />
    </UnitTest>
    <UnitTest name="Serialize_Camera_Checked" storage="d:\actions-runner\_work\xpco\xpco\mip\platformplugin\videoos.platform\unittest\bin\debug\net472\videoos.platform.tests.dll" id="a67dddae-fbaa-38ff-493a-4fb494200940">
      <Execution id="45b41c68-5b91-4414-ae33-0427abad6062" />
      <TestMethod codeBase="D:\actions-runner\_work\XPCO\XPCO\MIP\PlatformPlugin\VideoOS.Platform\unittest\bin\Debug\net472\VideoOS.Platform.Tests.dll" adapterTypeName="executor://mstestadapter/v2" className="VideoOS.Platform.Tests.FQIDtests" name="Serialize_Camera_Checked" />
    </UnitTest>
    <UnitTest name="BuildOverlayWidthHeightBaseEvent_ShouldReturnCorrectSizedBitmap_WhenArgumentIsAnalyticsEvent" storage="d:\actions-runner\_work\xpco\xpco\mip\platformplugin\videoos.platform\unittest\bin\debug\net472\videoos.platform.tests.dll" id="555e4b79-92bf-9342-267d-e971e8e557fa">
      <Execution id="53ff113d-cb20-4807-8ce0-82dbec2fb7d4" />
      <TestMethod codeBase="D:\actions-runner\_work\XPCO\XPCO\MIP\PlatformPlugin\VideoOS.Platform\unittest\bin\Debug\net472\VideoOS.Platform.Tests.dll" adapterTypeName="executor://mstestadapter/v2" className="VideoOS.Platform.Tests.Util.AnalyticsOverlayBuilderTests" name="BuildOverlayWidthHeightBaseEvent_ShouldReturnCorrectSizedBitmap_WhenArgumentIsAnalyticsEvent" />
    </UnitTest>
    <UnitTest name="RegionSelectionFilterValue_Deserialize_Success" storage="d:\actions-runner\_work\xpco\xpco\mip\platformplugin\videoos.platform\unittest\bin\debug\net472\videoos.platform.tests.dll" id="ba44ddc9-34e5-6996-f0e1-93c6786eed78">
      <TestCategory>
        <TestCategoryItem TestCategory="Search" />
      </TestCategory>
      <Execution id="e14e338c-b0bb-4e71-8006-e700bd2db402" />
      <TestMethod codeBase="D:\actions-runner\_work\XPCO\XPCO\MIP\PlatformPlugin\VideoOS.Platform\unittest\bin\Debug\net472\VideoOS.Platform.Tests.dll" adapterTypeName="executor://mstestadapter/v2" className="VideoOS.Platform.Tests.Search.FilterValues.FilterValueTests" name="RegionSelectionFilterValue_Deserialize_Success" />
    </UnitTest>
    <UnitTest name="TryParseArgbString_ShouldCreateInstanceWithCorrectARGBValues_WhenFormatIsCorrect" storage="d:\actions-runner\_work\xpco\xpco\mip\platformplugin\videoos.platform\unittest\bin\debug\net472\videoos.platform.tests.dll" id="8b839df5-395a-2e9c-1956-4200a4a4d5cd">
      <Execution id="a1457467-9e07-4ba1-bb6e-c5d92570e838" />
      <TestMethod codeBase="D:\actions-runner\_work\XPCO\XPCO\MIP\PlatformPlugin\VideoOS.Platform\unittest\bin\Debug\net472\VideoOS.Platform.Tests.dll" adapterTypeName="executor://mstestadapter/v2" className="VideoOS.Platform.Tests.Metadata.DisplayColorTests" name="TryParseArgbString_ShouldCreateInstanceWithCorrectARGBValues_WhenFormatIsCorrect" />
    </UnitTest>
    <UnitTest name="GetAtOrBefore_ShouldReturnNull_WhenTimestampIsBeforeFirstElement" storage="d:\actions-runner\_work\xpco\xpco\mip\platformplugin\videoos.platform\unittest\bin\debug\net472\videoos.platform.tests.dll" id="31c80297-0b11-c824-d2b2-d7f2c10e7839">
      <Execution id="7bfebf4f-0bab-401e-8910-a70295f07579" />
      <TestMethod codeBase="D:\actions-runner\_work\XPCO\XPCO\MIP\PlatformPlugin\VideoOS.Platform\unittest\bin\Debug\net472\VideoOS.Platform.Tests.dll" adapterTypeName="executor://mstestadapter/v2" className="VideoOS.Platform.Tests.Data.MetadataCacheTests" name="GetAtOrBefore_ShouldReturnNull_WhenTimestampIsBeforeFirstElement" />
    </UnitTest>
    <UnitTest name="WriteXml_ShouldOmitElements_WhenTheyAreNull" storage="d:\actions-runner\_work\xpco\xpco\mip\platformplugin\videoos.platform\unittest\bin\debug\net472\videoos.platform.tests.dll" id="30e80c89-c117-83fc-53e9-5be5181f841c">
      <Execution id="dfd96bf2-9100-40eb-ae67-2a414ef0400d" />
      <TestMethod codeBase="D:\actions-runner\_work\XPCO\XPCO\MIP\PlatformPlugin\VideoOS.Platform\unittest\bin\Debug\net472\VideoOS.Platform.Tests.dll" adapterTypeName="executor://mstestadapter/v2" className="VideoOS.Platform.Tests.Metadata.TransformationTests" name="WriteXml_ShouldOmitElements_WhenTheyAreNull" />
    </UnitTest>
    <UnitTest name="UtcTimeAttributeWasPresent_ShouldReturnTrue_WhenUtcTimeAttributeIsParsed" storage="d:\actions-runner\_work\xpco\xpco\mip\platformplugin\videoos.platform\unittest\bin\debug\net472\videoos.platform.tests.dll" id="9fc73790-9fce-7434-a93e-864e387eae18">
      <Execution id="4a1d1e45-5c3b-481a-a0a9-ebf3f4396238" />
      <TestMethod codeBase="D:\actions-runner\_work\XPCO\XPCO\MIP\PlatformPlugin\VideoOS.Platform\unittest\bin\Debug\net472\VideoOS.Platform.Tests.dll" adapterTypeName="executor://mstestadapter/v2" className="VideoOS.Platform.Tests.Metadata.FrameTests" name="UtcTimeAttributeWasPresent_ShouldReturnTrue_WhenUtcTimeAttributeIsParsed" />
    </UnitTest>
    <UnitTest name="GetItems_ShouldReturnList_WhenAllAdded" storage="d:\actions-runner\_work\xpco\xpco\mip\platformplugin\videoos.platform\unittest\bin\debug\net472\videoos.platform.tests.dll" id="4869fcc0-9c89-53f1-f0e6-6ac4c4ca00cc">
      <Execution id="2c3878ef-f235-499d-afa1-c9063fc605c5" />
      <TestMethod codeBase="D:\actions-runner\_work\XPCO\XPCO\MIP\PlatformPlugin\VideoOS.Platform\unittest\bin\Debug\net472\VideoOS.Platform.Tests.dll" adapterTypeName="executor://mstestadapter/v2" className="VideoOS.Platform.Tests.Util.ConfigurationCacheTests" name="GetItems_ShouldReturnList_WhenAllAdded" />
    </UnitTest>
    <UnitTest name="LastModified_ShouldReturnMinValue_WhenUnknownKind" storage="d:\actions-runner\_work\xpco\xpco\mip\platformplugin\videoos.platform\unittest\bin\debug\net472\videoos.platform.tests.dll" id="c1d75516-b54b-45bf-488a-9e0ebd61f8c4">
      <Execution id="60889f00-7694-4b33-8d37-5c1c67154865" />
      <TestMethod codeBase="D:\actions-runner\_work\XPCO\XPCO\MIP\PlatformPlugin\VideoOS.Platform\unittest\bin\Debug\net472\VideoOS.Platform.Tests.dll" adapterTypeName="executor://mstestadapter/v2" className="VideoOS.Platform.Tests.Util.ConfigurationCacheTests" name="LastModified_ShouldReturnMinValue_WhenUnknownKind" />
    </UnitTest>
    <UnitTest name="Remove_ShouldInvokeCallback_WhenObservable" storage="d:\actions-runner\_work\xpco\xpco\mip\platformplugin\videoos.platform\unittest\bin\debug\net472\videoos.platform.tests.dll" id="a344a1b7-3c88-1dd6-4640-84dd30900694">
      <Execution id="2d2ebad5-7a06-4696-b217-dd85fabe1550" />
      <TestMethod codeBase="D:\actions-runner\_work\XPCO\XPCO\MIP\PlatformPlugin\VideoOS.Platform\unittest\bin\Debug\net472\VideoOS.Platform.Tests.dll" adapterTypeName="executor://mstestadapter/v2" className="VideoOS.Platform.Tests.UI.Controls.CollectionHelperTest" name="Remove_ShouldInvokeCallback_WhenObservable" />
    </UnitTest>
    <UnitTest name="WriteXml_ShouldWriteTransformationContents_WhenTransformationIsNotNull" storage="d:\actions-runner\_work\xpco\xpco\mip\platformplugin\videoos.platform\unittest\bin\debug\net472\videoos.platform.tests.dll" id="1eb1dc9e-0313-f642-c091-1fcc25a2d80c">
      <Execution id="2bf71887-3d65-4287-b1fd-8118b5537682" />
      <TestMethod codeBase="D:\actions-runner\_work\XPCO\XPCO\MIP\PlatformPlugin\VideoOS.Platform\unittest\bin\Debug\net472\VideoOS.Platform.Tests.dll" adapterTypeName="executor://mstestadapter/v2" className="VideoOS.Platform.Tests.Metadata.AppearanceTests" name="WriteXml_ShouldWriteTransformationContents_WhenTransformationIsNotNull" />
    </UnitTest>
    <UnitTest name="Clear_ShouldInvokeCallback_WhenObservable" storage="d:\actions-runner\_work\xpco\xpco\mip\platformplugin\videoos.platform\unittest\bin\debug\net472\videoos.platform.tests.dll" id="023f7f43-765e-9b8d-a4fb-66ae949e5c24">
      <Execution id="368d818a-29e1-4466-b6ff-803d65b93468" />
      <TestMethod codeBase="D:\actions-runner\_work\XPCO\XPCO\MIP\PlatformPlugin\VideoOS.Platform\unittest\bin\Debug\net472\VideoOS.Platform.Tests.dll" adapterTypeName="executor://mstestadapter/v2" className="VideoOS.Platform.Tests.UI.Controls.CollectionHelperGenericTest" name="Clear_ShouldInvokeCallback_WhenObservable" />
    </UnitTest>
    <UnitTest name="Equals_ShouldReturnTrue_WhenHostIsTextualLocalhostAndOtherHostIsDottedDecimalThisNetwork" storage="d:\actions-runner\_work\xpco\xpco\mip\platformplugin\videoos.platform\unittest\bin\debug\net472\videoos.platform.tests.dll" id="42e8385e-9428-8ed0-dceb-a1eac93d91de">
      <Execution id="9da7c749-c064-40fc-8df4-1e2b5bb426b9" />
      <TestMethod codeBase="D:\actions-runner\_work\XPCO\XPCO\MIP\PlatformPlugin\VideoOS.Platform\unittest\bin\Debug\net472\VideoOS.Platform.Tests.dll" adapterTypeName="executor://mstestadapter/v2" className="VideoOS.Platform.Tests.ServerIdTests" name="Equals_ShouldReturnTrue_WhenHostIsTextualLocalhostAndOtherHostIsDottedDecimalThisNetwork" />
    </UnitTest>
    <UnitTest name="GetIdFromPath_ShouldReturnId_FromShortPath" storage="d:\actions-runner\_work\xpco\xpco\mip\platformplugin\videoos.platform\unittest\bin\debug\net472\videoos.platform.tests.dll" id="cb13d9c3-56f2-276b-f315-14e9213934da">
      <Execution id="e74d8025-5cc2-4e21-9ba3-dbc6bf7b39d2" />
      <TestMethod codeBase="D:\actions-runner\_work\XPCO\XPCO\MIP\PlatformPlugin\VideoOS.Platform\unittest\bin\Debug\net472\VideoOS.Platform.Tests.dll" adapterTypeName="executor://mstestadapter/v2" className="VideoOS.Platform.Tests.ConfigurationItems.FactoryTests" name="GetIdFromPath_ShouldReturnId_FromShortPath" />
    </UnitTest>
    <UnitTest name="WriteXml_ShouldOmitIsRemovedElement_WhenIsRemovedFalse" storage="d:\actions-runner\_work\xpco\xpco\mip\platformplugin\videoos.platform\unittest\bin\debug\net472\videoos.platform.tests.dll" id="66035837-2c9f-2396-ee34-7f395303e812">
      <Execution id="14a68ba8-2f61-4654-a355-ee25a644f051" />
      <TestMethod codeBase="D:\actions-runner\_work\XPCO\XPCO\MIP\PlatformPlugin\VideoOS.Platform\unittest\bin\Debug\net472\VideoOS.Platform.Tests.dll" adapterTypeName="executor://mstestadapter/v2" className="VideoOS.Platform.Tests.Metadata.BehaviourTests" name="WriteXml_ShouldOmitIsRemovedElement_WhenIsRemovedFalse" />
    </UnitTest>
    <UnitTest name="ReadXml_ShouldReadCenterOfGravity_WhenCenterOfGravityIsPresent" storage="d:\actions-runner\_work\xpco\xpco\mip\platformplugin\videoos.platform\unittest\bin\debug\net472\videoos.platform.tests.dll" id="00715417-bfa4-4e4b-edec-0ca28f2d4417">
      <Execution id="721d0dfd-e85f-4046-a3f4-8141a342e90e" />
      <TestMethod codeBase="D:\actions-runner\_work\XPCO\XPCO\MIP\PlatformPlugin\VideoOS.Platform\unittest\bin\Debug\net472\VideoOS.Platform.Tests.dll" adapterTypeName="executor://mstestadapter/v2" className="VideoOS.Platform.Tests.Metadata.ShapeTests" name="ReadXml_ShouldReadCenterOfGravity_WhenCenterOfGravityIsPresent" />
    </UnitTest>
    <UnitTest name="GetColorFilterValues_MultiSelection_Success" storage="d:\actions-runner\_work\xpco\xpco\mip\platformplugin\videoos.platform\unittest\bin\debug\net472\videoos.platform.tests.dll" id="3a583449-4deb-358f-f880-2478ec9ff18a">
      <TestCategory>
        <TestCategoryItem TestCategory="Search" />
      </TestCategory>
      <Execution id="bfbd267e-0332-4f06-8d4b-8266506e3299" />
      <TestMethod codeBase="D:\actions-runner\_work\XPCO\XPCO\MIP\PlatformPlugin\VideoOS.Platform\unittest\bin\Debug\net472\VideoOS.Platform.Tests.dll" adapterTypeName="executor://mstestadapter/v2" className="VideoOS.Platform.Tests.Search.FilterCategories.VehicleSearchFilterCategoryTest" name="GetColorFilterValues_MultiSelection_Success" />
    </UnitTest>
    <UnitTest name="Parse_UnstartedBracket" storage="d:\actions-runner\_work\xpco\xpco\mip\platformplugin\videoos.platform\unittest\bin\debug\net472\videoos.platform.tests.dll" id="19d3a582-cf55-1f18-55fd-1cbf218e3c1b">
      <Execution id="72d657cf-5562-4180-bd71-c8530e340681" />
      <TestMethod codeBase="D:\actions-runner\_work\XPCO\XPCO\MIP\PlatformPlugin\VideoOS.Platform\unittest\bin\Debug\net472\VideoOS.Platform.Tests.dll" adapterTypeName="executor://mstestadapter/v2" className="VideoOS.Platform.Tests.Proxy.RestApi.JsonReaderTests" name="Parse_UnstartedBracket" />
    </UnitTest>
    <UnitTest name="MD5Hex32_ShouldReturnMD5Hash_WhenInputIsNotNull" storage="d:\actions-runner\_work\xpco\xpco\mip\platformplugin\videoos.platform\unittest\bin\debug\net472\videoos.platform.tests.dll" id="257c0922-44f0-686e-e1ab-2ecaa57524ac">
      <Execution id="c127de9c-7527-49ad-861e-92e2535f45ab" />
      <TestMethod codeBase="D:\actions-runner\_work\XPCO\XPCO\MIP\PlatformPlugin\VideoOS.Platform\unittest\bin\Debug\net472\VideoOS.Platform.Tests.dll" adapterTypeName="executor://mstestadapter/v2" className="VideoOS.Platform.Tests.Data.MediaProviderInternal.UtilityTests" name="MD5Hex32_ShouldReturnMD5Hash_WhenInputIsNotNull" />
    </UnitTest>
    <UnitTest name="ReadXml_ShouldReadItalicAttribute_WhenPresent" storage="d:\actions-runner\_work\xpco\xpco\mip\platformplugin\videoos.platform\unittest\bin\debug\net472\videoos.platform.tests.dll" id="805392f0-f3e7-2021-caac-8cfa4d85f84a">
      <Execution id="4079a757-7057-4ca0-a730-32cb2cfdf373" />
      <TestMethod codeBase="D:\actions-runner\_work\XPCO\XPCO\MIP\PlatformPlugin\VideoOS.Platform\unittest\bin\Debug\net472\VideoOS.Platform.Tests.dll" adapterTypeName="executor://mstestadapter/v2" className="VideoOS.Platform.Tests.Metadata.DisplayTextTests" name="ReadXml_ShouldReadItalicAttribute_WhenPresent" />
    </UnitTest>
    <UnitTest name="Add_CacheItemExpires_ItemRemovedFromCacheAfterExpirationAndPostRemovalActionExecuted" storage="d:\actions-runner\_work\xpco\xpco\mip\platformplugin\videoos.platform\unittest\bin\debug\net472\videoos.platform.tests.dll" id="87624c9b-97b8-ed79-9d92-4a653ba64699">
      <Execution id="57922dd0-86ab-442d-b4fe-f914186b4f11" />
      <TestMethod codeBase="D:\actions-runner\_work\XPCO\XPCO\MIP\PlatformPlugin\VideoOS.Platform\unittest\bin\Debug\net472\VideoOS.Platform.Tests.dll" adapterTypeName="executor://mstestadapter/v2" className="VideoOS.Platform.Tests.Util.Queue.LRUCacheTests" name="Add_CacheItemExpires_ItemRemovedFromCacheAfterExpirationAndPostRemovalActionExecuted" />
    </UnitTest>
    <UnitTest name="GetTranslations_Success" storage="d:\actions-runner\_work\xpco\xpco\mip\platformplugin\videoos.platform\unittest\bin\debug\net472\videoos.platform.tests.dll" id="7cd2c95d-3a22-0d5c-c07f-69fa30ef94a1">
      <Execution id="7946e827-ac1f-4b74-b3b2-aa5ce3558c49" />
      <TestMethod codeBase="D:\actions-runner\_work\XPCO\XPCO\MIP\PlatformPlugin\VideoOS.Platform\unittest\bin\Debug\net472\VideoOS.Platform.Tests.dll" adapterTypeName="executor://mstestadapter/v2" className="VideoOS.Platform.Tests.Proxy.RestApi.RestApiClientDecoratorTests" name="GetTranslations_Success" />
    </UnitTest>
    <UnitTest name="Properties_DefaultValues" storage="d:\actions-runner\_work\xpco\xpco\mip\platformplugin\videoos.platform\unittest\bin\debug\net472\videoos.platform.tests.dll" id="caf15171-15c0-e44f-4ded-3471eafc2c21">
      <Execution id="7c9f233d-fcd7-4b9f-b3d9-d3a4efac20f5" />
      <TestMethod codeBase="D:\actions-runner\_work\XPCO\XPCO\MIP\PlatformPlugin\VideoOS.Platform\unittest\bin\Debug\net472\VideoOS.Platform.Tests.dll" adapterTypeName="executor://mstestadapter/v2" className="VideoOS.Platform.Tests.UI.ItemPicker.ItemPickerViewModelTest" name="Properties_DefaultValues" />
    </UnitTest>
    <UnitTest name="GenerateDeviceCapabilityParameters_ShouldWriteTypeAsEnum_WhenAlways" storage="d:\actions-runner\_work\xpco\xpco\mip\platformplugin\videoos.platform\unittest\bin\debug\net472\videoos.platform.tests.dll" id="c23f9653-e5cb-0826-ce5a-723493994ef0">
      <Execution id="1dcb4b66-da53-4af4-ae68-3d1bcef2d416" />
      <TestMethod codeBase="D:\actions-runner\_work\XPCO\XPCO\MIP\PlatformPlugin\VideoOS.Platform\unittest\bin\Debug\net472\VideoOS.Platform.Tests.dll" adapterTypeName="executor://mstestadapter/v2" className="VideoOS.Platform.Tests.Data.EnumCapabilityTests" name="GenerateDeviceCapabilityParameters_ShouldWriteTypeAsEnum_WhenAlways" />
    </UnitTest>
    <UnitTest name="Serialize_ShouldThrowException_WhenPropertyCollectionTypeButPathDoesNotIndicateCollection (CollectionNotEmptyListProperty)" storage="d:\actions-runner\_work\xpco\xpco\mip\platformplugin\videoos.platform\unittest\bin\debug\net472\videoos.platform.tests.dll" id="2a6fcd29-269e-eeb7-49d5-2221d6cf773a">
      <Execution id="4bd93c14-8e7a-4591-91a6-d02a63c7641f" />
      <TestMethod codeBase="D:\actions-runner\_work\XPCO\XPCO\MIP\PlatformPlugin\VideoOS.Platform\unittest\bin\Debug\net472\VideoOS.Platform.Tests.dll" adapterTypeName="executor://mstestadapter/v2" className="VideoOS.Platform.Tests.UI.Controls.Automation.Serialization.AutomationObjectSerializerTest" name="Serialize_ShouldThrowException_WhenPropertyCollectionTypeButPathDoesNotIndicateCollection" />
    </UnitTest>
    <UnitTest name="Serialize_TestCases (TestParentCollectionNotEmptyListNotMatchedProperty)" storage="d:\actions-runner\_work\xpco\xpco\mip\platformplugin\videoos.platform\unittest\bin\debug\net472\videoos.platform.tests.dll" id="d899ee47-abaf-a792-651a-fda6e7e8076a">
      <Execution id="933f6a2a-e6a6-4c4e-9346-cfdce6853bae" />
      <TestMethod codeBase="D:\actions-runner\_work\XPCO\XPCO\MIP\PlatformPlugin\VideoOS.Platform\unittest\bin\Debug\net472\VideoOS.Platform.Tests.dll" adapterTypeName="executor://mstestadapter/v2" className="VideoOS.Platform.Tests.UI.Controls.Automation.Serialization.AutomationObjectSerializerTest" name="Serialize_TestCases" />
    </UnitTest>
    <UnitTest name="Serialize_ShouldThrowException_WhenPropertyCollectionTypeButPathDoesNotIndicateCollection (CollectionEmptyListProperty)" storage="d:\actions-runner\_work\xpco\xpco\mip\platformplugin\videoos.platform\unittest\bin\debug\net472\videoos.platform.tests.dll" id="6a188302-28d8-d1a3-63bb-96d48d07bffe">
      <Execution id="97089397-62f7-4540-a842-02752fc21b48" />
      <TestMethod codeBase="D:\actions-runner\_work\XPCO\XPCO\MIP\PlatformPlugin\VideoOS.Platform\unittest\bin\Debug\net472\VideoOS.Platform.Tests.dll" adapterTypeName="executor://mstestadapter/v2" className="VideoOS.Platform.Tests.UI.Controls.Automation.Serialization.AutomationObjectSerializerTest" name="Serialize_ShouldThrowException_WhenPropertyCollectionTypeButPathDoesNotIndicateCollection" />
    </UnitTest>
    <UnitTest name="Get_KeyPresent_ReturnsExpectedValue" storage="d:\actions-runner\_work\xpco\xpco\mip\platformplugin\videoos.platform\unittest\bin\debug\net472\videoos.platform.tests.dll" id="6782d7fb-c6f1-9d5e-e21b-8e8665ae821d">
      <Execution id="21657c8f-9c54-4a92-96c0-da9bcbc3bc7f" />
      <TestMethod codeBase="D:\actions-runner\_work\XPCO\XPCO\MIP\PlatformPlugin\VideoOS.Platform\unittest\bin\Debug\net472\VideoOS.Platform.Tests.dll" adapterTypeName="executor://mstestadapter/v2" className="VideoOS.Platform.Tests.Util.Queue.LRUCacheTests" name="Get_KeyPresent_ReturnsExpectedValue" />
    </UnitTest>
    <UnitTest name="GenerateParameters_ShouldThrowInvalidOperationException_WhenCodecListContainsNonVideoCodec" storage="d:\actions-runner\_work\xpco\xpco\mip\platformplugin\videoos.platform\unittest\bin\debug\net472\videoos.platform.tests.dll" id="31a03b18-193d-f844-e92f-19d317699a01">
      <Execution id="31910076-9c45-481c-bda6-3cbd847229e8" />
      <TestMethod codeBase="D:\actions-runner\_work\XPCO\XPCO\MIP\PlatformPlugin\VideoOS.Platform\unittest\bin\Debug\net472\VideoOS.Platform.Tests.dll" adapterTypeName="executor://mstestadapter/v2" className="VideoOS.Platform.Tests.Data.CameraDeviceDefinitionTests" name="GenerateParameters_ShouldThrowInvalidOperationException_WhenCodecListContainsNonVideoCodec" />
    </UnitTest>
    <UnitTest name="OverlapsWith_ShouldReturnTrue_WhenArgumenEndTimeIsBeforeEndTimeAndAfterStartTime" storage="d:\actions-runner\_work\xpco\xpco\mip\platformplugin\videoos.platform\unittest\bin\debug\net472\videoos.platform.tests.dll" id="115cf00c-004b-6d3a-9de0-103eb4fece2f">
      <Execution id="ed0762eb-7847-47e9-91b5-65d2400d8607" />
      <TestMethod codeBase="D:\actions-runner\_work\XPCO\XPCO\MIP\PlatformPlugin\VideoOS.Platform\unittest\bin\Debug\net472\VideoOS.Platform.Tests.dll" adapterTypeName="executor://mstestadapter/v2" className="VideoOS.Platform.Tests.Util.TimeIntervalTests" name="OverlapsWith_ShouldReturnTrue_WhenArgumenEndTimeIsBeforeEndTimeAndAfterStartTime" />
    </UnitTest>
    <UnitTest name="VideoAnalytics_ShouldReturnEmptyList_WhenVideoAnalyticsHasNotBeenSet" storage="d:\actions-runner\_work\xpco\xpco\mip\platformplugin\videoos.platform\unittest\bin\debug\net472\videoos.platform.tests.dll" id="f9a09191-b933-2d00-0d6e-2a80901374f0">
      <Execution id="3edb0a56-34c6-4d08-b63b-632b4641dd9d" />
      <TestMethod codeBase="D:\actions-runner\_work\XPCO\XPCO\MIP\PlatformPlugin\VideoOS.Platform\unittest\bin\Debug\net472\VideoOS.Platform.Tests.dll" adapterTypeName="executor://mstestadapter/v2" className="VideoOS.Platform.Tests.Metadata.MetadataStreamTests" name="VideoAnalytics_ShouldReturnEmptyList_WhenVideoAnalyticsHasNotBeenSet" />
    </UnitTest>
    <UnitTest name="HostInitialized_ShouldNotInvokeCallback_WhenInitializedWithoutItems" storage="d:\actions-runner\_work\xpco\xpco\mip\platformplugin\videoos.platform\unittest\bin\debug\net472\videoos.platform.tests.dll" id="c4e34f90-d96f-cb6b-4d8d-827e8345bbf0">
      <Execution id="4f5bc611-90fb-487b-8040-1b6b1ced9226" />
      <TestMethod codeBase="D:\actions-runner\_work\XPCO\XPCO\MIP\PlatformPlugin\VideoOS.Platform\unittest\bin\Debug\net472\VideoOS.Platform.Tests.dll" adapterTypeName="executor://mstestadapter/v2" className="VideoOS.Platform.Tests.UI.Controls.CollectionHelperTest" name="HostInitialized_ShouldNotInvokeCallback_WhenInitializedWithoutItems" />
    </UnitTest>
    <UnitTest name="GetNearest_ShouldReturnLastElement_WhenTimestampIsSamesAsLastElement" storage="d:\actions-runner\_work\xpco\xpco\mip\platformplugin\videoos.platform\unittest\bin\debug\net472\videoos.platform.tests.dll" id="d44d55cb-b29b-7590-3980-4d0ce2902600">
      <Execution id="7307c395-94ae-4394-bb61-2a55b2cb23f2" />
      <TestMethod codeBase="D:\actions-runner\_work\XPCO\XPCO\MIP\PlatformPlugin\VideoOS.Platform\unittest\bin\Debug\net472\VideoOS.Platform.Tests.dll" adapterTypeName="executor://mstestadapter/v2" className="VideoOS.Platform.Tests.Data.MetadataCacheTests" name="GetNearest_ShouldReturnLastElement_WhenTimestampIsSamesAsLastElement" />
    </UnitTest>
    <UnitTest name="ReadXml_ShouldReadFrameContents_WhenFrameIsPresent" storage="d:\actions-runner\_work\xpco\xpco\mip\platformplugin\videoos.platform\unittest\bin\debug\net472\videoos.platform.tests.dll" id="da6b7e5c-6d35-dc61-721a-7a973091e15b">
      <Execution id="9c0a2954-bd89-4869-9711-15caa7ac864a" />
      <TestMethod codeBase="D:\actions-runner\_work\XPCO\XPCO\MIP\PlatformPlugin\VideoOS.Platform\unittest\bin\Debug\net472\VideoOS.Platform.Tests.dll" adapterTypeName="executor://mstestadapter/v2" className="VideoOS.Platform.Tests.Metadata.VideoAnalyticsTests" name="ReadXml_ShouldReadFrameContents_WhenFrameIsPresent" />
    </UnitTest>
    <UnitTest name="Equals_ShouldReturnTrue_WhenHostIsDottedDecimalLocalhostAndOtherHostIsDottedDecimalThisNetwork" storage="d:\actions-runner\_work\xpco\xpco\mip\platformplugin\videoos.platform\unittest\bin\debug\net472\videoos.platform.tests.dll" id="308f63bb-ffab-d024-ffbf-d3fa54a43504">
      <Execution id="30e344dc-6fc3-49d0-9bc7-fca370783653" />
      <TestMethod codeBase="D:\actions-runner\_work\XPCO\XPCO\MIP\PlatformPlugin\VideoOS.Platform\unittest\bin\Debug\net472\VideoOS.Platform.Tests.dll" adapterTypeName="executor://mstestadapter/v2" className="VideoOS.Platform.Tests.ServerIdTests" name="Equals_ShouldReturnTrue_WhenHostIsDottedDecimalLocalhostAndOtherHostIsDottedDecimalThisNetwork" />
    </UnitTest>
    <UnitTest name="Match_Success_SystemTypeAnyMessage_Single" storage="d:\actions-runner\_work\xpco\xpco\mip\platformplugin\videoos.platform\unittest\bin\debug\net472\videoos.platform.tests.dll" id="1f241370-4898-8010-2b1d-0961333a2be9">
      <Execution id="3b0169e3-6d33-4be1-a2fb-88ef41b2fbf6" />
      <TestMethod codeBase="D:\actions-runner\_work\XPCO\XPCO\MIP\PlatformPlugin\VideoOS.Platform\unittest\bin\Debug\net472\VideoOS.Platform.Tests.dll" adapterTypeName="executor://mstestadapter/v2" className="VideoOS.Platform.Tests.Messaging.CommunicationIdFilterTests" name="Match_Success_SystemTypeAnyMessage_Single" />
    </UnitTest>
    <UnitTest name="WriteXml_ShouldWriteTransformationElement_WhenTransformationIsNotNull" storage="d:\actions-runner\_work\xpco\xpco\mip\platformplugin\videoos.platform\unittest\bin\debug\net472\videoos.platform.tests.dll" id="aa7cd316-bd03-8913-f5ff-bd80befd5e8b">
      <Execution id="f2befea7-bc7d-4331-a41d-9f3e42b2351f" />
      <TestMethod codeBase="D:\actions-runner\_work\XPCO\XPCO\MIP\PlatformPlugin\VideoOS.Platform\unittest\bin\Debug\net472\VideoOS.Platform.Tests.dll" adapterTypeName="executor://mstestadapter/v2" className="VideoOS.Platform.Tests.Metadata.FrameTests" name="WriteXml_ShouldWriteTransformationElement_WhenTransformationIsNotNull" />
    </UnitTest>
    <UnitTest name="ReadXml_ShouldIgnoreFrame_WhenFrameDidNotReadUtcTime" storage="d:\actions-runner\_work\xpco\xpco\mip\platformplugin\videoos.platform\unittest\bin\debug\net472\videoos.platform.tests.dll" id="682b3a18-5ce2-e09c-06c2-b3ebd5eb55df">
      <Execution id="a9d16cd0-0550-48f4-920f-0d400efebe3a" />
      <TestMethod codeBase="D:\actions-runner\_work\XPCO\XPCO\MIP\PlatformPlugin\VideoOS.Platform\unittest\bin\Debug\net472\VideoOS.Platform.Tests.dll" adapterTypeName="executor://mstestadapter/v2" className="VideoOS.Platform.Tests.Metadata.VideoAnalyticsTests" name="ReadXml_ShouldIgnoreFrame_WhenFrameDidNotReadUtcTime" />
    </UnitTest>
    <UnitTest name="CreateSearchFilterEditControl_MissingPlugin_ReturnsNull" storage="d:\actions-runner\_work\xpco\xpco\mip\platformplugin\videoos.platform\unittest\bin\debug\net472\videoos.platform.tests.dll" id="61e3c009-6d40-f26a-bfa1-a7b30d7f5bbd">
      <TestCategory>
        <TestCategoryItem TestCategory="Search" />
      </TestCategory>
      <Execution id="7141302d-3914-43d5-afc4-95ca748b0abc" />
      <TestMethod codeBase="D:\actions-runner\_work\XPCO\XPCO\MIP\PlatformPlugin\VideoOS.Platform\unittest\bin\Debug\net472\VideoOS.Platform.Tests.dll" adapterTypeName="executor://mstestadapter/v2" className="VideoOS.Platform.Tests.Search.SearchUserControlResolverTest" name="CreateSearchFilterEditControl_MissingPlugin_ReturnsNull" />
    </UnitTest>
    <UnitTest name="ReadXml_ShouldIgnoreClassCandidate_WhenClassCandidateIsPresenWithWrongNamespace" storage="d:\actions-runner\_work\xpco\xpco\mip\platformplugin\videoos.platform\unittest\bin\debug\net472\videoos.platform.tests.dll" id="a85a1362-1754-70cf-33fa-4ae7e0463bc7">
      <Execution id="0357c65b-0005-48f3-9c59-3fcc0044aebc" />
      <TestMethod codeBase="D:\actions-runner\_work\XPCO\XPCO\MIP\PlatformPlugin\VideoOS.Platform\unittest\bin\Debug\net472\VideoOS.Platform.Tests.dll" adapterTypeName="executor://mstestadapter/v2" className="VideoOS.Platform.Tests.Metadata.OnvifClassTests" name="ReadXml_ShouldIgnoreClassCandidate_WhenClassCandidateIsPresenWithWrongNamespace" />
    </UnitTest>
    <UnitTest name="Serialize_ShouldHandleCollectionFilter_WhenMatchingCollectionItemsTypeAndItMatchesOnlySubset" storage="d:\actions-runner\_work\xpco\xpco\mip\platformplugin\videoos.platform\unittest\bin\debug\net472\videoos.platform.tests.dll" id="fcd4df18-362b-5413-023a-c55cb23032da">
      <Execution id="61fe057f-c4c8-4d52-874b-12e3236a72b4" />
      <TestMethod codeBase="D:\actions-runner\_work\XPCO\XPCO\MIP\PlatformPlugin\VideoOS.Platform\unittest\bin\Debug\net472\VideoOS.Platform.Tests.dll" adapterTypeName="executor://mstestadapter/v2" className="VideoOS.Platform.Tests.UI.Controls.Automation.Serialization.AutomationObjectSerializerTypeFilterTests" name="Serialize_ShouldHandleCollectionFilter_WhenMatchingCollectionItemsTypeAndItMatchesOnlySubset" />
    </UnitTest>
    <UnitTest name="CountByItems_Activated_CountByCounter_Trial2" storage="d:\actions-runner\_work\xpco\xpco\mip\platformplugin\videoos.platform\unittest\bin\debug\net472\videoos.platform.tests.dll" id="54151fed-fc55-77df-b7af-e1e01590fd93">
      <Execution id="e887ef34-03b9-48f6-a8ed-5e30dad56a9a" />
      <TestMethod codeBase="D:\actions-runner\_work\XPCO\XPCO\MIP\PlatformPlugin\VideoOS.Platform\unittest\bin\Debug\net472\VideoOS.Platform.Tests.dll" adapterTypeName="executor://mstestadapter/v2" className="VideoOS.Platform.Tests.License.ResolvedLicenseCountTest" name="CountByItems_Activated_CountByCounter_Trial2" />
    </UnitTest>
    <UnitTest name="ReadXml_ShouldLogMessage_WhenObjectIdAttributeIsPresentButNotAnInteger" storage="d:\actions-runner\_work\xpco\xpco\mip\platformplugin\videoos.platform\unittest\bin\debug\net472\videoos.platform.tests.dll" id="fdd1c789-d9b7-74e5-3e60-0cdd8a844a3b">
      <Execution id="5f834fcb-ddd4-4d56-a3e1-87abf4062d9d" />
      <TestMethod codeBase="D:\actions-runner\_work\XPCO\XPCO\MIP\PlatformPlugin\VideoOS.Platform\unittest\bin\Debug\net472\VideoOS.Platform.Tests.dll" adapterTypeName="executor://mstestadapter/v2" className="VideoOS.Platform.Tests.Metadata.OnvifObjectTests" name="ReadXml_ShouldLogMessage_WhenObjectIdAttributeIsPresentButNotAnInteger" />
    </UnitTest>
    <UnitTest name="GenerateParameters_ShouldWriteQualityRange_WhenQualityRangeIsNotNull" storage="d:\actions-runner\_work\xpco\xpco\mip\platformplugin\videoos.platform\unittest\bin\debug\net472\videoos.platform.tests.dll" id="64d46e5a-18bf-c3a7-d947-63730f82a01e">
      <Execution id="dfd088f8-95b7-4c51-ac6d-f414b107ea5f" />
      <TestMethod codeBase="D:\actions-runner\_work\XPCO\XPCO\MIP\PlatformPlugin\VideoOS.Platform\unittest\bin\Debug\net472\VideoOS.Platform.Tests.dll" adapterTypeName="executor://mstestadapter/v2" className="VideoOS.Platform.Tests.Data.CameraDeviceDefinitionTests" name="GenerateParameters_ShouldWriteQualityRange_WhenQualityRangeIsNotNull" />
    </UnitTest>
    <UnitTest name="Flush_ShouldClearCache" storage="d:\actions-runner\_work\xpco\xpco\mip\platformplugin\videoos.platform\unittest\bin\debug\net472\videoos.platform.tests.dll" id="1ebf1719-320f-c38b-2f84-2a795fe44eb1">
      <Execution id="39524fc9-5645-4dc3-838d-f2e90a7395a2" />
      <TestMethod codeBase="D:\actions-runner\_work\XPCO\XPCO\MIP\PlatformPlugin\VideoOS.Platform\unittest\bin\Debug\net472\VideoOS.Platform.Tests.dll" adapterTypeName="executor://mstestadapter/v2" className="VideoOS.Platform.Tests.Util.ConfigurationCacheTests" name="Flush_ShouldClearCache" />
    </UnitTest>
    <UnitTest name="Equals_ShouldReturnTrue_WhenHostDifferOnlyByPortInHost" storage="d:\actions-runner\_work\xpco\xpco\mip\platformplugin\videoos.platform\unittest\bin\debug\net472\videoos.platform.tests.dll" id="88b3639f-ec99-90c4-a195-d859d4e9c60c">
      <Execution id="815f41ca-e3aa-4892-87fe-2c2e70c5abc1" />
      <TestMethod codeBase="D:\actions-runner\_work\XPCO\XPCO\MIP\PlatformPlugin\VideoOS.Platform\unittest\bin\Debug\net472\VideoOS.Platform.Tests.dll" adapterTypeName="executor://mstestadapter/v2" className="VideoOS.Platform.Tests.ServerIdTests" name="Equals_ShouldReturnTrue_WhenHostDifferOnlyByPortInHost" />
    </UnitTest>
    <UnitTest name="IsEmptyValue_DoubleRangeFilterValue_ValuesAtMinimumAndMaximum_ReturnsTrue" storage="d:\actions-runner\_work\xpco\xpco\mip\platformplugin\videoos.platform\unittest\bin\debug\net472\videoos.platform.tests.dll" id="27817c8c-6c0d-bb4b-da4e-d6836f9c5d12">
      <TestCategory>
        <TestCategoryItem TestCategory="Search" />
      </TestCategory>
      <Execution id="99f6666f-6fdc-47a3-9b52-65c08a87aa51" />
      <TestMethod codeBase="D:\actions-runner\_work\XPCO\XPCO\MIP\PlatformPlugin\VideoOS.Platform\unittest\bin\Debug\net472\VideoOS.Platform.Tests.dll" adapterTypeName="executor://mstestadapter/v2" className="VideoOS.Platform.Tests.Search.SearchFilterTest" name="IsEmptyValue_DoubleRangeFilterValue_ValuesAtMinimumAndMaximum_ReturnsTrue" />
    </UnitTest>
    <UnitTest name="CountByCounter_Activated_Missing" storage="d:\actions-runner\_work\xpco\xpco\mip\platformplugin\videoos.platform\unittest\bin\debug\net472\videoos.platform.tests.dll" id="d4b18369-f511-b320-afac-a383c554d179">
      <Execution id="ea8f992a-daaf-4a48-a468-b704ba12ed1d" />
      <TestMethod codeBase="D:\actions-runner\_work\XPCO\XPCO\MIP\PlatformPlugin\VideoOS.Platform\unittest\bin\Debug\net472\VideoOS.Platform.Tests.dll" adapterTypeName="executor://mstestadapter/v2" className="VideoOS.Platform.Tests.License.ResolvedLicenseCountTest" name="CountByCounter_Activated_Missing" />
    </UnitTest>
    <UnitTest name="ResolveIconSource_ShouldResolveIcon_ForAllDefinedIcons" storage="d:\actions-runner\_work\xpco\xpco\mip\platformplugin\videoos.platform\unittest\bin\debug\net472\videoos.platform.tests.dll" id="ad28a529-3946-ad0b-47a4-a29f47a70b12">
      <TestCategory>
        <TestCategoryItem TestCategory="Icons" />
      </TestCategory>
      <Execution id="4aa640c3-3383-4d23-ac0f-e85915c341c2" />
      <TestMethod codeBase="D:\actions-runner\_work\XPCO\XPCO\MIP\PlatformPlugin\VideoOS.Platform\unittest\bin\Debug\net472\VideoOS.Platform.Tests.dll" adapterTypeName="executor://mstestadapter/v2" className="VideoOS.Platform.Tests.UI.Controls.Icons.VideoOSIconBuiltInSourceTest" name="ResolveIconSource_ShouldResolveIcon_ForAllDefinedIcons" />
    </UnitTest>
    <UnitTest name="GetLicensePlateFilterValue_FilterValueMissing_ReturnsEmptyCollection" storage="d:\actions-runner\_work\xpco\xpco\mip\platformplugin\videoos.platform\unittest\bin\debug\net472\videoos.platform.tests.dll" id="c3df773c-1590-2c82-5cd8-cf0a4f3a6afc">
      <TestCategory>
        <TestCategoryItem TestCategory="Search" />
      </TestCategory>
      <Execution id="794a6d72-22d7-41a5-944a-05d12c07a09b" />
      <TestMethod codeBase="D:\actions-runner\_work\XPCO\XPCO\MIP\PlatformPlugin\VideoOS.Platform\unittest\bin\Debug\net472\VideoOS.Platform.Tests.dll" adapterTypeName="executor://mstestadapter/v2" className="VideoOS.Platform.Tests.Search.FilterCategories.VehicleSearchFilterCategoryTest" name="GetLicensePlateFilterValue_FilterValueMissing_ReturnsEmptyCollection" />
    </UnitTest>
    <UnitTest name="GetMetadataStream_ShouldThrowXmlException_WhenByteArrayContainsInvalidXml" storage="d:\actions-runner\_work\xpco\xpco\mip\platformplugin\videoos.platform\unittest\bin\debug\net472\videoos.platform.tests.dll" id="687e7059-e7b1-dddd-6cf1-c4b5cd5cad05">
      <Execution id="9e013fe3-4243-4857-a02b-3777d815ca48" />
      <TestMethod codeBase="D:\actions-runner\_work\XPCO\XPCO\MIP\PlatformPlugin\VideoOS.Platform\unittest\bin\Debug\net472\VideoOS.Platform.Tests.dll" adapterTypeName="executor://mstestadapter/v2" className="VideoOS.Platform.Tests.Metadata.MetadataContentTests" name="GetMetadataStream_ShouldThrowXmlException_WhenByteArrayContainsInvalidXml" />
    </UnitTest>
    <UnitTest name="OnErrorOccurred_EventHandler_NotifiedWithCorrectParameters" storage="d:\actions-runner\_work\xpco\xpco\mip\platformplugin\videoos.platform\unittest\bin\debug\net472\videoos.platform.tests.dll" id="6bf15edc-a1d0-adf1-a3aa-fde4bdad9f83">
      <TestCategory>
        <TestCategoryItem TestCategory="Search" />
      </TestCategory>
      <Execution id="39098557-945c-4001-81ed-589aff2ab272" />
      <TestMethod codeBase="D:\actions-runner\_work\XPCO\XPCO\MIP\PlatformPlugin\VideoOS.Platform\unittest\bin\Debug\net472\VideoOS.Platform.Tests.dll" adapterTypeName="executor://mstestadapter/v2" className="VideoOS.Platform.Tests.Search.SearchDefinitionTest" name="OnErrorOccurred_EventHandler_NotifiedWithCorrectParameters" />
    </UnitTest>
    <UnitTest name="Encrypt_PropertyIsNotSet_EncryptIsFalse" storage="d:\actions-runner\_work\xpco\xpco\mip\platformplugin\videoos.platform\unittest\bin\debug\net472\videoos.platform.tests.dll" id="720ee8ed-0afb-0470-9fbb-161042f20ddf">
      <Execution id="0c492ed3-f58b-480c-929e-05f8c199fcfa" />
      <TestMethod codeBase="D:\actions-runner\_work\XPCO\XPCO\MIP\PlatformPlugin\VideoOS.Platform\unittest\bin\Debug\net472\VideoOS.Platform.Tests.dll" adapterTypeName="executor://mstestadapter/v2" className="VideoOS.Platform.Tests.ItemTests" name="Encrypt_PropertyIsNotSet_EncryptIsFalse" />
    </UnitTest>
    <UnitTest name="ReadXml_ShouldIgnoreFrame_WhenFrameIsPresenWithWrongNamespace" storage="d:\actions-runner\_work\xpco\xpco\mip\platformplugin\videoos.platform\unittest\bin\debug\net472\videoos.platform.tests.dll" id="b9c508f0-a796-6104-1910-9ed8e83d2d6a">
      <Execution id="563b2f86-32ae-4d38-88a3-24c350f9d86b" />
      <TestMethod codeBase="D:\actions-runner\_work\XPCO\XPCO\MIP\PlatformPlugin\VideoOS.Platform\unittest\bin\Debug\net472\VideoOS.Platform.Tests.dll" adapterTypeName="executor://mstestadapter/v2" className="VideoOS.Platform.Tests.Metadata.VideoAnalyticsTests" name="ReadXml_ShouldIgnoreFrame_WhenFrameIsPresenWithWrongNamespace" />
    </UnitTest>
    <UnitTest name="WriteXml_ShouldWriteChildrenInCorrectOrder_WhenChildrenAreNotNull" storage="d:\actions-runner\_work\xpco\xpco\mip\platformplugin\videoos.platform\unittest\bin\debug\net472\videoos.platform.tests.dll" id="6efe46f6-24e8-324a-c841-828d4ce3c2fb">
      <Execution id="4ad4d60e-da4e-457d-ad3f-3b6049b3f33a" />
      <TestMethod codeBase="D:\actions-runner\_work\XPCO\XPCO\MIP\PlatformPlugin\VideoOS.Platform\unittest\bin\Debug\net472\VideoOS.Platform.Tests.dll" adapterTypeName="executor://mstestadapter/v2" className="VideoOS.Platform.Tests.Metadata.ShapeTests" name="WriteXml_ShouldWriteChildrenInCorrectOrder_WhenChildrenAreNotNull" />
    </UnitTest>
    <UnitTest name="CreateSearchFilterEditControl_SinglePlugin_Success" storage="d:\actions-runner\_work\xpco\xpco\mip\platformplugin\videoos.platform\unittest\bin\debug\net472\videoos.platform.tests.dll" id="b44cc6a8-6a9a-fd12-3fec-c22280c5d52b">
      <TestCategory>
        <TestCategoryItem TestCategory="Search" />
      </TestCategory>
      <Execution id="afa3e649-8fe3-4fe7-b942-e2ef0587f1a5" />
      <TestMethod codeBase="D:\actions-runner\_work\XPCO\XPCO\MIP\PlatformPlugin\VideoOS.Platform\unittest\bin\Debug\net472\VideoOS.Platform.Tests.dll" adapterTypeName="executor://mstestadapter/v2" className="VideoOS.Platform.Tests.Search.SearchUserControlResolverTest" name="CreateSearchFilterEditControl_SinglePlugin_Success" />
    </UnitTest>
    <UnitTest name="GetPreviousSequence_ShouldStoreToolkitResultInCache_WhenAlways" storage="d:\actions-runner\_work\xpco\xpco\mip\platformplugin\videoos.platform\unittest\bin\debug\net472\videoos.platform.tests.dll" id="af830802-23e2-0c4d-f3f5-18aa300eb661">
      <Execution id="474b870b-50e2-4d18-8f0c-f3e8e1ce006e" />
      <TestMethod codeBase="D:\actions-runner\_work\XPCO\XPCO\MIP\PlatformPlugin\VideoOS.Platform\unittest\bin\Debug\net472\VideoOS.Platform.Tests.dll" adapterTypeName="executor://mstestadapter/v2" className="VideoOS.Platform.Tests.Data.MetadataPlaybackSourceTests" name="GetPreviousSequence_ShouldStoreToolkitResultInCache_WhenAlways" />
    </UnitTest>
    <UnitTest name="WriteXml_ShouldWriteShapeContents_WhenShapeIsNotNull" storage="d:\actions-runner\_work\xpco\xpco\mip\platformplugin\videoos.platform\unittest\bin\debug\net472\videoos.platform.tests.dll" id="0f32b524-4844-b3fb-566a-4f1c520479bb">
      <Execution id="09ae6cc4-8e14-4376-8b92-d36cef26358e" />
      <TestMethod codeBase="D:\actions-runner\_work\XPCO\XPCO\MIP\PlatformPlugin\VideoOS.Platform\unittest\bin\Debug\net472\VideoOS.Platform.Tests.dll" adapterTypeName="executor://mstestadapter/v2" className="VideoOS.Platform.Tests.Metadata.AppearanceTests" name="WriteXml_ShouldWriteShapeContents_WhenShapeIsNotNull" />
    </UnitTest>
    <UnitTest name="Dequeue_QueueStopping_Success" storage="d:\actions-runner\_work\xpco\xpco\mip\platformplugin\videoos.platform\unittest\bin\debug\net472\videoos.platform.tests.dll" id="b2a7a04f-f1f1-7276-152d-8d2269ca96a4">
      <Execution id="271ad8be-7320-49cd-90ba-359fb1844c1c" />
      <TestMethod codeBase="D:\actions-runner\_work\XPCO\XPCO\MIP\PlatformPlugin\VideoOS.Platform\unittest\bin\Debug\net472\VideoOS.Platform.Tests.dll" adapterTypeName="executor://mstestadapter/v2" className="VideoOS.Platform.Tests.Util.Queue.ConcurrentQueueSlimTests" name="Dequeue_QueueStopping_Success" />
    </UnitTest>
    <UnitTest name="ReadXml_ShouldLogWarning_WhenShapeIsInvalid" storage="d:\actions-runner\_work\xpco\xpco\mip\platformplugin\videoos.platform\unittest\bin\debug\net472\videoos.platform.tests.dll" id="5f47c21d-eb6b-8972-42b3-349701e80bfd">
      <Execution id="44263901-1a8e-424a-b007-ffeba2019f12" />
      <TestMethod codeBase="D:\actions-runner\_work\XPCO\XPCO\MIP\PlatformPlugin\VideoOS.Platform\unittest\bin\Debug\net472\VideoOS.Platform.Tests.dll" adapterTypeName="executor://mstestadapter/v2" className="VideoOS.Platform.Tests.Metadata.AppearanceTests" name="ReadXml_ShouldLogWarning_WhenShapeIsInvalid" />
    </UnitTest>
    <UnitTest name="Serialize_TestCases (Verify root Generic (null) property)" storage="d:\actions-runner\_work\xpco\xpco\mip\platformplugin\videoos.platform\unittest\bin\debug\net472\videoos.platform.tests.dll" id="044d023a-988b-c4dd-c568-29bf752ae34c">
      <Execution id="4602cc4c-b002-4596-8f4c-b87129f83c85" />
      <TestMethod codeBase="D:\actions-runner\_work\XPCO\XPCO\MIP\PlatformPlugin\VideoOS.Platform\unittest\bin\Debug\net472\VideoOS.Platform.Tests.dll" adapterTypeName="executor://mstestadapter/v2" className="VideoOS.Platform.Tests.UI.Controls.Automation.Serialization.AutomationObjectSerializerTest" name="Serialize_TestCases" />
    </UnitTest>
    <UnitTest name="Get_Element_Invalid" storage="d:\actions-runner\_work\xpco\xpco\mip\platformplugin\videoos.platform\unittest\bin\debug\net472\videoos.platform.tests.dll" id="5a26cd62-bdfd-afb4-b17e-eb94ffbff81b">
      <Execution id="92c97a04-8aa0-4913-acf5-3648ecbb0a29" />
      <TestMethod codeBase="D:\actions-runner\_work\XPCO\XPCO\MIP\PlatformPlugin\VideoOS.Platform\unittest\bin\Debug\net472\VideoOS.Platform.Tests.dll" adapterTypeName="executor://mstestadapter/v2" className="VideoOS.Platform.Tests.Proxy.RestApi.JsonReaderTests" name="Get_Element_Invalid" />
    </UnitTest>
    <UnitTest name="Enabled_Properties_With_Enable_True_success" storage="d:\actions-runner\_work\xpco\xpco\mip\platformplugin\videoos.platform\unittest\bin\debug\net472\videoos.platform.tests.dll" id="0f5489b1-8ac4-9204-17f4-b55749ac6490">
      <Execution id="c8b6ba71-773e-4af5-9ceb-c9a15c8ea416" />
      <TestMethod codeBase="D:\actions-runner\_work\XPCO\XPCO\MIP\PlatformPlugin\VideoOS.Platform\unittest\bin\Debug\net472\VideoOS.Platform.Tests.dll" adapterTypeName="executor://mstestadapter/v2" className="VideoOS.Platform.Tests.ItemTests" name="Enabled_Properties_With_Enable_True_success" />
    </UnitTest>
    <UnitTest name="Clear_KeysPresent_ClearsCacheAndGetReturnsNull" storage="d:\actions-runner\_work\xpco\xpco\mip\platformplugin\videoos.platform\unittest\bin\debug\net472\videoos.platform.tests.dll" id="13808eac-f72b-2563-39d5-58056dcce54a">
      <Execution id="d9f0468c-2823-414e-bfc7-55e34122fddc" />
      <TestMethod codeBase="D:\actions-runner\_work\XPCO\XPCO\MIP\PlatformPlugin\VideoOS.Platform\unittest\bin\Debug\net472\VideoOS.Platform.Tests.dll" adapterTypeName="executor://mstestadapter/v2" className="VideoOS.Platform.Tests.Util.Queue.LRUCacheTests" name="Clear_KeysPresent_ClearsCacheAndGetReturnsNull" />
    </UnitTest>
    <UnitTest name="Contains_With_Null_Fails" storage="d:\actions-runner\_work\xpco\xpco\mip\platformplugin\videoos.platform\unittest\bin\debug\net472\videoos.platform.tests.dll" id="6ca72b6b-0033-ee05-80aa-21dc1f0119ea">
      <Execution id="5defb223-3623-4cd4-9ce5-f3c9e4077bf2" />
      <TestMethod codeBase="D:\actions-runner\_work\XPCO\XPCO\MIP\PlatformPlugin\VideoOS.Platform\unittest\bin\Debug\net472\VideoOS.Platform.Tests.dll" adapterTypeName="executor://mstestadapter/v2" className="VideoOS.Platform.Tests.FQIDtests" name="Contains_With_Null_Fails" />
    </UnitTest>
    <UnitTest name="GetBoundingShapesAsync_ClearCachedData_DelegatedToInternalMethodTwice" storage="d:\actions-runner\_work\xpco\xpco\mip\platformplugin\videoos.platform\unittest\bin\debug\net472\videoos.platform.tests.dll" id="fcc01d6e-2b82-f145-070c-31467e83d08e">
      <TestCategory>
        <TestCategoryItem TestCategory="Search" />
      </TestCategory>
      <Execution id="5cd9358d-a156-458f-9da6-935cbb4118a6" />
      <TestMethod codeBase="D:\actions-runner\_work\XPCO\XPCO\MIP\PlatformPlugin\VideoOS.Platform\unittest\bin\Debug\net472\VideoOS.Platform.Tests.dll" adapterTypeName="executor://mstestadapter/v2" className="VideoOS.Platform.Tests.Search.SearchResultDataTest" name="GetBoundingShapesAsync_ClearCachedData_DelegatedToInternalMethodTwice" />
    </UnitTest>
    <UnitTest name="ReadXml_ShouldSetAllFieldsToNull_WhenElementIsEmpty" storage="d:\actions-runner\_work\xpco\xpco\mip\platformplugin\videoos.platform\unittest\bin\debug\net472\videoos.platform.tests.dll" id="a78e107f-188e-49af-b7fb-8b9962cefe26">
      <Execution id="544c1983-8e92-410f-ab17-ebce1dadb65f" />
      <TestMethod codeBase="D:\actions-runner\_work\XPCO\XPCO\MIP\PlatformPlugin\VideoOS.Platform\unittest\bin\Debug\net472\VideoOS.Platform.Tests.dll" adapterTypeName="executor://mstestadapter/v2" className="VideoOS.Platform.Tests.Metadata.TransformationTests" name="ReadXml_ShouldSetAllFieldsToNull_WhenElementIsEmpty" />
    </UnitTest>
    <UnitTest name="TestMultiLevelQueue_TwoLevels_ParallelResourceProcessors_Success" storage="d:\actions-runner\_work\xpco\xpco\mip\platformplugin\videoos.platform\unittest\bin\debug\net472\videoos.platform.tests.dll" id="d322c036-f127-a7c3-54cb-2755a84ecb70">
      <Execution id="d9343926-50c1-40a8-b260-7558bce7450f" />
      <TestMethod codeBase="D:\actions-runner\_work\XPCO\XPCO\MIP\PlatformPlugin\VideoOS.Platform\unittest\bin\Debug\net472\VideoOS.Platform.Tests.dll" adapterTypeName="executor://mstestadapter/v2" className="VideoOS.Platform.Tests.Util.Queue.MultiLevelResourceQueueTests" name="TestMultiLevelQueue_TwoLevels_ParallelResourceProcessors_Success" />
    </UnitTest>
    <UnitTest name="ReadXml_ShouldLogWarningOnlyOnceWithinOneMinute_WhenBoundingBoxIsIncomplete" storage="d:\actions-runner\_work\xpco\xpco\mip\platformplugin\videoos.platform\unittest\bin\debug\net472\videoos.platform.tests.dll" id="ad0265a0-96ba-5103-cd9d-a51d12bc6389">
      <Execution id="92f5ce12-3008-4173-b09c-4a6d996d93e9" />
      <TestMethod codeBase="D:\actions-runner\_work\XPCO\XPCO\MIP\PlatformPlugin\VideoOS.Platform\unittest\bin\Debug\net472\VideoOS.Platform.Tests.dll" adapterTypeName="executor://mstestadapter/v2" className="VideoOS.Platform.Tests.Metadata.ShapeTests" name="ReadXml_ShouldLogWarningOnlyOnceWithinOneMinute_WhenBoundingBoxIsIncomplete" />
    </UnitTest>
    <UnitTest name="Equals_IgnoreFolderType_Check" storage="d:\actions-runner\_work\xpco\xpco\mip\platformplugin\videoos.platform\unittest\bin\debug\net472\videoos.platform.tests.dll" id="6c0d7995-8533-0e6b-e22a-6af26babe546">
      <Execution id="fffde581-c013-40b1-8cb6-176ea4e0694b" />
      <TestMethod codeBase="D:\actions-runner\_work\XPCO\XPCO\MIP\PlatformPlugin\VideoOS.Platform\unittest\bin\Debug\net472\VideoOS.Platform.Tests.dll" adapterTypeName="executor://mstestadapter/v2" className="VideoOS.Platform.Tests.FQIDtests" name="Equals_IgnoreFolderType_Check" />
    </UnitTest>
    <UnitTest name="GetNextDateTime_ShouldReturnFirstDataEntityFromSecondToolkitCall_WhenDateIsEqualOrAfterLastCachedValue" storage="d:\actions-runner\_work\xpco\xpco\mip\platformplugin\videoos.platform\unittest\bin\debug\net472\videoos.platform.tests.dll" id="0b769e09-4f15-c038-2979-f712635df491">
      <Execution id="eb3320f3-7587-4ac8-a078-b610f89dc1e0" />
      <TestMethod codeBase="D:\actions-runner\_work\XPCO\XPCO\MIP\PlatformPlugin\VideoOS.Platform\unittest\bin\Debug\net472\VideoOS.Platform.Tests.dll" adapterTypeName="executor://mstestadapter/v2" className="VideoOS.Platform.Tests.Data.MetadataPlaybackSourceTests" name="GetNextDateTime_ShouldReturnFirstDataEntityFromSecondToolkitCall_WhenDateIsEqualOrAfterLastCachedValue" />
    </UnitTest>
    <UnitTest name="ParseMetadataXmlWithString_ShouldThrowXmExceptionWithInformationOnError_WhenNamespaceIsIncorrect" storage="d:\actions-runner\_work\xpco\xpco\mip\platformplugin\videoos.platform\unittest\bin\debug\net472\videoos.platform.tests.dll" id="d1220843-958c-7092-38af-904c7c323e51">
      <Execution id="a96b6a72-5572-49f9-b8d1-f39ada8b31f4" />
      <TestMethod codeBase="D:\actions-runner\_work\XPCO\XPCO\MIP\PlatformPlugin\VideoOS.Platform\unittest\bin\Debug\net472\VideoOS.Platform.Tests.dll" adapterTypeName="executor://mstestadapter/v2" className="VideoOS.Platform.Tests.Metadata.MetadataDeserializerTests" name="ParseMetadataXmlWithString_ShouldThrowXmExceptionWithInformationOnError_WhenNamespaceIsIncorrect" />
    </UnitTest>
    <UnitTest name="OriginalData_ShouldReturnEmptyList_WhenOriginalHasNotBeenSet" storage="d:\actions-runner\_work\xpco\xpco\mip\platformplugin\videoos.platform\unittest\bin\debug\net472\videoos.platform.tests.dll" id="af1b57b7-d4d3-cc7c-77e2-0a953337a6f4">
      <Execution id="b1e688ca-53bb-438c-85de-890c7981ef0b" />
      <TestMethod codeBase="D:\actions-runner\_work\XPCO\XPCO\MIP\PlatformPlugin\VideoOS.Platform\unittest\bin\Debug\net472\VideoOS.Platform.Tests.dll" adapterTypeName="executor://mstestadapter/v2" className="VideoOS.Platform.Tests.Metadata.MetadataStreamTests" name="OriginalData_ShouldReturnEmptyList_WhenOriginalHasNotBeenSet" />
    </UnitTest>
    <UnitTest name="HostInitialized_ShouldInvokeCallback_WhenInitializedWithItems" storage="d:\actions-runner\_work\xpco\xpco\mip\platformplugin\videoos.platform\unittest\bin\debug\net472\videoos.platform.tests.dll" id="33464c95-c39e-2270-caf4-672c551a54f2">
      <Execution id="a6986286-c657-4628-a6c5-f517d4cf2fee" />
      <TestMethod codeBase="D:\actions-runner\_work\XPCO\XPCO\MIP\PlatformPlugin\VideoOS.Platform\unittest\bin\Debug\net472\VideoOS.Platform.Tests.dll" adapterTypeName="executor://mstestadapter/v2" className="VideoOS.Platform.Tests.UI.Controls.CollectionHelperGenericTest" name="HostInitialized_ShouldInvokeCallback_WhenInitializedWithItems" />
    </UnitTest>
    <UnitTest name="MatchId_Fail_MessageWithAsteriskAtEnd" storage="d:\actions-runner\_work\xpco\xpco\mip\platformplugin\videoos.platform\unittest\bin\debug\net472\videoos.platform.tests.dll" id="d8aec2c2-feb6-0e42-e54d-284965f5dea7">
      <Execution id="5cfb4c46-089f-471b-942b-5fa0c2da64db" />
      <TestMethod codeBase="D:\actions-runner\_work\XPCO\XPCO\MIP\PlatformPlugin\VideoOS.Platform\unittest\bin\Debug\net472\VideoOS.Platform.Tests.dll" adapterTypeName="executor://mstestadapter/v2" className="VideoOS.Platform.Tests.Messaging.CommunicationIdFilterTests" name="MatchId_Fail_MessageWithAsteriskAtEnd" />
    </UnitTest>
    <UnitTest name="Apply_ShouldMultiplScaleYCoordinatesToToCenterYAndScaleXCoordinatesToCenterX_WhenScaleIsNotNull" storage="d:\actions-runner\_work\xpco\xpco\mip\platformplugin\videoos.platform\unittest\bin\debug\net472\videoos.platform.tests.dll" id="21dd4ab4-8f48-2c5a-854c-4eb0b036ad99">
      <Execution id="180bd12b-17cf-4333-8ad7-ffc9ae2675f3" />
      <TestMethod codeBase="D:\actions-runner\_work\XPCO\XPCO\MIP\PlatformPlugin\VideoOS.Platform\unittest\bin\Debug\net472\VideoOS.Platform.Tests.dll" adapterTypeName="executor://mstestadapter/v2" className="VideoOS.Platform.Tests.Metadata.DisplayTextTests" name="Apply_ShouldMultiplScaleYCoordinatesToToCenterYAndScaleXCoordinatesToCenterX_WhenScaleIsNotNull" />
    </UnitTest>
    <UnitTest name="GetClientAsync_NotStartsClient_WhenLoggedOut" storage="d:\actions-runner\_work\xpco\xpco\mip\platformplugin\videoos.platform\unittest\bin\debug\net472\videoos.platform.tests.dll" id="618c093b-a0b6-05a6-fc06-deebeffd4e3d">
      <Execution id="18da98e0-777a-406b-9b44-f4f558ba511d" />
      <TestMethod codeBase="D:\actions-runner\_work\XPCO\XPCO\MIP\PlatformPlugin\VideoOS.Platform\unittest\bin\Debug\net472\VideoOS.Platform.Tests.dll" adapterTypeName="executor://mstestadapter/v2" className="VideoOS.Platform.Tests.Messaging.MessageClientManagerTests" name="GetClientAsync_NotStartsClient_WhenLoggedOut" />
    </UnitTest>
    <UnitTest name="ReadXml_ShouldLogWarningTwiceWhenMoreThanOneMinuteBetweenWarnings_WhenIncompleteTranslateIsPresent" storage="d:\actions-runner\_work\xpco\xpco\mip\platformplugin\videoos.platform\unittest\bin\debug\net472\videoos.platform.tests.dll" id="84f70a73-53d8-9f06-6236-95fde40b65ac">
      <Execution id="c6389009-fecc-44e6-aeca-bf6966109883" />
      <TestMethod codeBase="D:\actions-runner\_work\XPCO\XPCO\MIP\PlatformPlugin\VideoOS.Platform\unittest\bin\Debug\net472\VideoOS.Platform.Tests.dll" adapterTypeName="executor://mstestadapter/v2" className="VideoOS.Platform.Tests.Metadata.TransformationTests" name="ReadXml_ShouldLogWarningTwiceWhenMoreThanOneMinuteBetweenWarnings_WhenIncompleteTranslateIsPresent" />
    </UnitTest>
    <UnitTest name="AllAttributesWerePresent_ShouldReturnFalse_WhenTopAttributeIsNotAFloat" storage="d:\actions-runner\_work\xpco\xpco\mip\platformplugin\videoos.platform\unittest\bin\debug\net472\videoos.platform.tests.dll" id="fd9e0efb-edb7-82bd-15c3-0c32bed5a7f0">
      <Execution id="59e66b81-dcde-4e8e-81c7-3050a0cd9747" />
      <TestMethod codeBase="D:\actions-runner\_work\XPCO\XPCO\MIP\PlatformPlugin\VideoOS.Platform\unittest\bin\Debug\net472\VideoOS.Platform.Tests.dll" adapterTypeName="executor://mstestadapter/v2" className="VideoOS.Platform.Tests.Metadata.RectangleTests" name="AllAttributesWerePresent_ShouldReturnFalse_WhenTopAttributeIsNotAFloat" />
    </UnitTest>
    <UnitTest name="ReadXml_ShouldDiscardShape_WhenInvalidShapeIsPresent" storage="d:\actions-runner\_work\xpco\xpco\mip\platformplugin\videoos.platform\unittest\bin\debug\net472\videoos.platform.tests.dll" id="7b925fbb-7ac1-1fe4-4372-38c14ecc5242">
      <Execution id="0c17060e-ac4f-41fd-96c6-179cb11f03af" />
      <TestMethod codeBase="D:\actions-runner\_work\XPCO\XPCO\MIP\PlatformPlugin\VideoOS.Platform\unittest\bin\Debug\net472\VideoOS.Platform.Tests.dll" adapterTypeName="executor://mstestadapter/v2" className="VideoOS.Platform.Tests.Metadata.AppearanceTests" name="ReadXml_ShouldDiscardShape_WhenInvalidShapeIsPresent" />
    </UnitTest>
    <UnitTest name="ParameterConstruct2_FieldValues_Checked" storage="d:\actions-runner\_work\xpco\xpco\mip\platformplugin\videoos.platform\unittest\bin\debug\net472\videoos.platform.tests.dll" id="434b37e3-6652-e454-29de-d80f3b84f997">
      <Execution id="f4d1ae38-81c4-44a5-92cf-93bcf3f3dd0e" />
      <TestMethod codeBase="D:\actions-runner\_work\XPCO\XPCO\MIP\PlatformPlugin\VideoOS.Platform\unittest\bin\Debug\net472\VideoOS.Platform.Tests.dll" adapterTypeName="executor://mstestadapter/v2" className="VideoOS.Platform.Tests.FQIDtests" name="ParameterConstruct2_FieldValues_Checked" />
    </UnitTest>
    <UnitTest name="AllAttributesWerePresent_ShouldReturnFalse_WhenLeftAttributeIsMissing" storage="d:\actions-runner\_work\xpco\xpco\mip\platformplugin\videoos.platform\unittest\bin\debug\net472\videoos.platform.tests.dll" id="040dd571-8bf0-b0e3-da88-082cc2b787fd">
      <Execution id="c339089f-ee82-4a11-a7c1-56e44f12f8a0" />
      <TestMethod codeBase="D:\actions-runner\_work\XPCO\XPCO\MIP\PlatformPlugin\VideoOS.Platform\unittest\bin\Debug\net472\VideoOS.Platform.Tests.dll" adapterTypeName="executor://mstestadapter/v2" className="VideoOS.Platform.Tests.Metadata.RectangleTests" name="AllAttributesWerePresent_ShouldReturnFalse_WhenLeftAttributeIsMissing" />
    </UnitTest>
    <UnitTest name="GenerateTypeDefinintionParameters_ShouldWriteId_WhenAlways" storage="d:\actions-runner\_work\xpco\xpco\mip\platformplugin\videoos.platform\unittest\bin\debug\net472\videoos.platform.tests.dll" id="ad10243a-5005-2c62-ef03-970547f7bc68">
      <Execution id="0124ab76-ca4e-40b3-95f4-3ccdfe886d8c" />
      <TestMethod codeBase="D:\actions-runner\_work\XPCO\XPCO\MIP\PlatformPlugin\VideoOS.Platform\unittest\bin\Debug\net472\VideoOS.Platform.Tests.dll" adapterTypeName="executor://mstestadapter/v2" className="VideoOS.Platform.Tests.Data.MetadataTypeDefinitionTests" name="GenerateTypeDefinintionParameters_ShouldWriteId_WhenAlways" />
    </UnitTest>
    <UnitTest name="MatchId_Success_MessageWithAsteriskAtBegin_NoBegin" storage="d:\actions-runner\_work\xpco\xpco\mip\platformplugin\videoos.platform\unittest\bin\debug\net472\videoos.platform.tests.dll" id="8601fe89-72a2-9ba5-8e62-8c183b00fe8c">
      <Execution id="c0e930f4-bc2b-4d6d-b586-647e8b8f5b0e" />
      <TestMethod codeBase="D:\actions-runner\_work\XPCO\XPCO\MIP\PlatformPlugin\VideoOS.Platform\unittest\bin\Debug\net472\VideoOS.Platform.Tests.dll" adapterTypeName="executor://mstestadapter/v2" className="VideoOS.Platform.Tests.Messaging.CommunicationIdFilterTests" name="MatchId_Success_MessageWithAsteriskAtBegin_NoBegin" />
    </UnitTest>
    <UnitTest name="RemoveFilterValue_NullFilter_Throws" storage="d:\actions-runner\_work\xpco\xpco\mip\platformplugin\videoos.platform\unittest\bin\debug\net472\videoos.platform.tests.dll" id="060819f6-d016-be0e-b7e9-55d7faa9ba45">
      <TestCategory>
        <TestCategoryItem TestCategory="Search" />
      </TestCategory>
      <Execution id="a331b5c6-b226-458b-be70-5d9dfe352b90" />
      <TestMethod codeBase="D:\actions-runner\_work\XPCO\XPCO\MIP\PlatformPlugin\VideoOS.Platform\unittest\bin\Debug\net472\VideoOS.Platform.Tests.dll" adapterTypeName="executor://mstestadapter/v2" className="VideoOS.Platform.Tests.Search.SearchCriteriaTest" name="RemoveFilterValue_NullFilter_Throws" />
    </UnitTest>
    <UnitTest name="ReadXml_ShouldReadUtcTimeAttribute_WhenPresent" storage="d:\actions-runner\_work\xpco\xpco\mip\platformplugin\videoos.platform\unittest\bin\debug\net472\videoos.platform.tests.dll" id="372ecc8a-19e9-247e-0d4c-31a691ba7b09">
      <Execution id="d917731b-645e-4e1b-882c-67d7d281cb28" />
      <TestMethod codeBase="D:\actions-runner\_work\XPCO\XPCO\MIP\PlatformPlugin\VideoOS.Platform\unittest\bin\Debug\net472\VideoOS.Platform.Tests.dll" adapterTypeName="executor://mstestadapter/v2" className="VideoOS.Platform.Tests.Metadata.FrameTests" name="ReadXml_ShouldReadUtcTimeAttribute_WhenPresent" />
    </UnitTest>
    <UnitTest name="AddFilterValue_NonExistingValue_SecondValue_Success" storage="d:\actions-runner\_work\xpco\xpco\mip\platformplugin\videoos.platform\unittest\bin\debug\net472\videoos.platform.tests.dll" id="804c2963-7737-e632-84f9-347e567fabca">
      <TestCategory>
        <TestCategoryItem TestCategory="Search" />
      </TestCategory>
      <Execution id="add6107e-a740-49a0-a9e8-ab8c5953ee03" />
      <TestMethod codeBase="D:\actions-runner\_work\XPCO\XPCO\MIP\PlatformPlugin\VideoOS.Platform\unittest\bin\Debug\net472\VideoOS.Platform.Tests.dll" adapterTypeName="executor://mstestadapter/v2" className="VideoOS.Platform.Tests.Search.SearchCriteriaTest" name="AddFilterValue_NonExistingValue_SecondValue_Success" />
    </UnitTest>
    <UnitTest name="Serialize_TestCases (TestParentTypeMatchEnumThisTypeNotMatched)" storage="d:\actions-runner\_work\xpco\xpco\mip\platformplugin\videoos.platform\unittest\bin\debug\net472\videoos.platform.tests.dll" id="eb170641-3426-e971-0f6b-76c99ea56069">
      <Execution id="4f148b2e-f0e3-4744-82d0-bf55cf8076e0" />
      <TestMethod codeBase="D:\actions-runner\_work\XPCO\XPCO\MIP\PlatformPlugin\VideoOS.Platform\unittest\bin\Debug\net472\VideoOS.Platform.Tests.dll" adapterTypeName="executor://mstestadapter/v2" className="VideoOS.Platform.Tests.UI.Controls.Automation.Serialization.AutomationObjectSerializerTest" name="Serialize_TestCases" />
    </UnitTest>
    <UnitTest name="GetAtOrBefore_ShouldReturnNull_WhenCacheIsEmpty" storage="d:\actions-runner\_work\xpco\xpco\mip\platformplugin\videoos.platform\unittest\bin\debug\net472\videoos.platform.tests.dll" id="d716207e-88e3-d258-c9c3-93a6eb313656">
      <Execution id="06fdf2ac-5b19-4f2d-9010-346bb203af3a" />
      <TestMethod codeBase="D:\actions-runner\_work\XPCO\XPCO\MIP\PlatformPlugin\VideoOS.Platform\unittest\bin\Debug\net472\VideoOS.Platform.Tests.dll" adapterTypeName="executor://mstestadapter/v2" className="VideoOS.Platform.Tests.Data.MetadataCacheTests" name="GetAtOrBefore_ShouldReturnNull_WhenCacheIsEmpty" />
    </UnitTest>
    <UnitTest name="GetFilterValues_NullFilter_Throws" storage="d:\actions-runner\_work\xpco\xpco\mip\platformplugin\videoos.platform\unittest\bin\debug\net472\videoos.platform.tests.dll" id="2c838da2-a06b-ca63-745f-8e2c255d876f">
      <TestCategory>
        <TestCategoryItem TestCategory="Search" />
      </TestCategory>
      <Execution id="f259f2c3-6ddd-4463-8019-898c8983487b" />
      <TestMethod codeBase="D:\actions-runner\_work\XPCO\XPCO\MIP\PlatformPlugin\VideoOS.Platform\unittest\bin\Debug\net472\VideoOS.Platform.Tests.dll" adapterTypeName="executor://mstestadapter/v2" className="VideoOS.Platform.Tests.Search.SearchCriteriaTest" name="GetFilterValues_NullFilter_Throws" />
    </UnitTest>
    <UnitTest name="CreateAlarmFromEvent_ShouldReturnProperAlarm_WhenArgumentIsAnalyticsEvent" storage="d:\actions-runner\_work\xpco\xpco\mip\platformplugin\videoos.platform\unittest\bin\debug\net472\videoos.platform.tests.dll" id="e58ef73c-b84c-961f-61e3-72952cd8cb8c">
      <Execution id="ab5d1871-8d70-4fdf-bddf-46d073771f00" />
      <TestMethod codeBase="D:\actions-runner\_work\XPCO\XPCO\MIP\PlatformPlugin\VideoOS.Platform\unittest\bin\Debug\net472\VideoOS.Platform.Tests.dll" adapterTypeName="executor://mstestadapter/v2" className="VideoOS.Platform.Tests.Util.AlarmBuilderTests" name="CreateAlarmFromEvent_ShouldReturnProperAlarm_WhenArgumentIsAnalyticsEvent" />
    </UnitTest>
    <UnitTest name="Construct2_And_Field_Check" storage="d:\actions-runner\_work\xpco\xpco\mip\platformplugin\videoos.platform\unittest\bin\debug\net472\videoos.platform.tests.dll" id="20458d0b-b85c-491e-b4ab-b9b8494bb490">
      <Execution id="743597ad-eded-4d9c-9352-9efff5ec205d" />
      <TestMethod codeBase="D:\actions-runner\_work\XPCO\XPCO\MIP\PlatformPlugin\VideoOS.Platform\unittest\bin\Debug\net472\VideoOS.Platform.Tests.dll" adapterTypeName="executor://mstestadapter/v2" className="VideoOS.Platform.Tests.ItemTests" name="Construct2_And_Field_Check" />
    </UnitTest>
    <UnitTest name="ProvideValue_ShouldUseSharedContentTemplate_WhenContentTemplateIsSetOnDropDown" storage="d:\actions-runner\_work\xpco\xpco\mip\platformplugin\videoos.platform\unittest\bin\debug\net472\videoos.platform.tests.dll" id="86d87531-58b0-c805-e0a3-bb2bb5312580">
      <TestCategory>
        <TestCategoryItem TestCategory="DropDowns" />
      </TestCategory>
      <Execution id="efd6ee0a-d8f5-46d1-9b5c-6c5f50fec5b2" />
      <TestMethod codeBase="D:\actions-runner\_work\XPCO\XPCO\MIP\PlatformPlugin\VideoOS.Platform\unittest\bin\Debug\net472\VideoOS.Platform.Tests.dll" adapterTypeName="executor://mstestadapter/v2" className="VideoOS.Platform.Tests.UI.Controls.DropDowns.Internal.SelectedItemContentTemplateExtensionTest" name="ProvideValue_ShouldUseSharedContentTemplate_WhenContentTemplateIsSetOnDropDown" />
    </UnitTest>
    <UnitTest name="TestMultiLevelQueue_TwoLevels_Success" storage="d:\actions-runner\_work\xpco\xpco\mip\platformplugin\videoos.platform\unittest\bin\debug\net472\videoos.platform.tests.dll" id="1b0c1c74-735e-804d-2d38-1a48ef66c47a">
      <Execution id="1533f318-e6a5-4f54-97d8-06617e421ab8" />
      <TestMethod codeBase="D:\actions-runner\_work\XPCO\XPCO\MIP\PlatformPlugin\VideoOS.Platform\unittest\bin\Debug\net472\VideoOS.Platform.Tests.dll" adapterTypeName="executor://mstestadapter/v2" className="VideoOS.Platform.Tests.Util.Queue.MultiLevelResourceQueueTests" name="TestMultiLevelQueue_TwoLevels_Success" />
    </UnitTest>
    <UnitTest name="GetColorFilterValues_SingleSelection_Success" storage="d:\actions-runner\_work\xpco\xpco\mip\platformplugin\videoos.platform\unittest\bin\debug\net472\videoos.platform.tests.dll" id="15a5142a-4ca9-8496-a1cc-4a1caca4c970">
      <TestCategory>
        <TestCategoryItem TestCategory="Search" />
      </TestCategory>
      <Execution id="0e357525-58b9-4ed3-a04a-8baea5a8fb96" />
      <TestMethod codeBase="D:\actions-runner\_work\XPCO\XPCO\MIP\PlatformPlugin\VideoOS.Platform\unittest\bin\Debug\net472\VideoOS.Platform.Tests.dll" adapterTypeName="executor://mstestadapter/v2" className="VideoOS.Platform.Tests.Search.FilterCategories.VehicleSearchFilterCategoryTest" name="GetColorFilterValues_SingleSelection_Success" />
    </UnitTest>
    <UnitTest name="Codec_ShouldThrowArgumentOutOfRangeException_WhenCodecIsNotVideoCodec" storage="d:\actions-runner\_work\xpco\xpco\mip\platformplugin\videoos.platform\unittest\bin\debug\net472\videoos.platform.tests.dll" id="86824227-709e-d695-09b7-8d9000453067">
      <Execution id="f285b074-c9ee-4bbf-a664-82ea329d0e1f" />
      <TestMethod codeBase="D:\actions-runner\_work\XPCO\XPCO\MIP\PlatformPlugin\VideoOS.Platform\unittest\bin\Debug\net472\VideoOS.Platform.Tests.dll" adapterTypeName="executor://mstestadapter/v2" className="VideoOS.Platform.Tests.Data.CameraDeviceDefinitionTests" name="Codec_ShouldThrowArgumentOutOfRangeException_WhenCodecIsNotVideoCodec" />
    </UnitTest>
    <UnitTest name="OnSearchResultsReady_EventHandler_NotifiedWithCorrectParameters" storage="d:\actions-runner\_work\xpco\xpco\mip\platformplugin\videoos.platform\unittest\bin\debug\net472\videoos.platform.tests.dll" id="a029b495-55fb-1eb3-c134-9a8d61753adb">
      <TestCategory>
        <TestCategoryItem TestCategory="Search" />
      </TestCategory>
      <Execution id="3b23dbaf-085e-443a-9cfe-cde90f144e80" />
      <TestMethod codeBase="D:\actions-runner\_work\XPCO\XPCO\MIP\PlatformPlugin\VideoOS.Platform\unittest\bin\Debug\net472\VideoOS.Platform.Tests.dll" adapterTypeName="executor://mstestadapter/v2" className="VideoOS.Platform.Tests.Search.SearchDefinitionTest" name="OnSearchResultsReady_EventHandler_NotifiedWithCorrectParameters" />
    </UnitTest>
    <UnitTest name="Serialize_TestCases (TestParentTypeMatchIntThisTypeNotMatched)" storage="d:\actions-runner\_work\xpco\xpco\mip\platformplugin\videoos.platform\unittest\bin\debug\net472\videoos.platform.tests.dll" id="b239663f-1e50-f69c-66e6-3b0384771bf2">
      <Execution id="37acaff1-6c7d-4691-b394-e40103756571" />
      <TestMethod codeBase="D:\actions-runner\_work\XPCO\XPCO\MIP\PlatformPlugin\VideoOS.Platform\unittest\bin\Debug\net472\VideoOS.Platform.Tests.dll" adapterTypeName="executor://mstestadapter/v2" className="VideoOS.Platform.Tests.UI.Controls.Automation.Serialization.AutomationObjectSerializerTest" name="Serialize_TestCases" />
    </UnitTest>
    <UnitTest name="ReadXml_ShouldIgnoreChildren_WhenAlways" storage="d:\actions-runner\_work\xpco\xpco\mip\platformplugin\videoos.platform\unittest\bin\debug\net472\videoos.platform.tests.dll" id="f500837b-0f36-671a-c44b-b00267ce6d42">
      <Execution id="92a8aece-07ee-41ba-97f7-d086b06eb458" />
      <TestMethod codeBase="D:\actions-runner\_work\XPCO\XPCO\MIP\PlatformPlugin\VideoOS.Platform\unittest\bin\Debug\net472\VideoOS.Platform.Tests.dll" adapterTypeName="executor://mstestadapter/v2" className="VideoOS.Platform.Tests.Metadata.DisplayTextTests" name="ReadXml_ShouldIgnoreChildren_WhenAlways" />
    </UnitTest>
    <UnitTest name="UtcTime_ShouldReturnMinimumDateTime_WhenNotSet" storage="d:\actions-runner\_work\xpco\xpco\mip\platformplugin\videoos.platform\unittest\bin\debug\net472\videoos.platform.tests.dll" id="f42b2340-e96d-0e55-ec7c-6d27b290f74e">
      <Execution id="68bb04a6-5170-458c-bd9e-4b8dccbdc43a" />
      <TestMethod codeBase="D:\actions-runner\_work\XPCO\XPCO\MIP\PlatformPlugin\VideoOS.Platform\unittest\bin\Debug\net472\VideoOS.Platform.Tests.dll" adapterTypeName="executor://mstestadapter/v2" className="VideoOS.Platform.Tests.Metadata.FrameTests" name="UtcTime_ShouldReturnMinimumDateTime_WhenNotSet" />
    </UnitTest>
    <UnitTest name="Parse_String_Simple" storage="d:\actions-runner\_work\xpco\xpco\mip\platformplugin\videoos.platform\unittest\bin\debug\net472\videoos.platform.tests.dll" id="3d8a3078-3353-0dd0-9ba2-c2de88eb7008">
      <Execution id="85aa612b-e92e-4c7f-ad27-67cfc1717627" />
      <TestMethod codeBase="D:\actions-runner\_work\XPCO\XPCO\MIP\PlatformPlugin\VideoOS.Platform\unittest\bin\Debug\net472\VideoOS.Platform.Tests.dll" adapterTypeName="executor://mstestadapter/v2" className="VideoOS.Platform.Tests.Proxy.RestApi.JsonReaderTests" name="Parse_String_Simple" />
    </UnitTest>
    <UnitTest name="GetNext_ShouldReturnFirstDataEntityFromToolkitCall_WhenDataIsNotInCache" storage="d:\actions-runner\_work\xpco\xpco\mip\platformplugin\videoos.platform\unittest\bin\debug\net472\videoos.platform.tests.dll" id="48b02059-b634-8f5d-f4de-84436d54e786">
      <Execution id="511d5271-0046-400e-afcf-6212e0c69852" />
      <TestMethod codeBase="D:\actions-runner\_work\XPCO\XPCO\MIP\PlatformPlugin\VideoOS.Platform\unittest\bin\Debug\net472\VideoOS.Platform.Tests.dll" adapterTypeName="executor://mstestadapter/v2" className="VideoOS.Platform.Tests.Data.MetadataPlaybackSourceTests" name="GetNext_ShouldReturnFirstDataEntityFromToolkitCall_WhenDataIsNotInCache" />
    </UnitTest>
    <UnitTest name="Append_Property_Int" storage="d:\actions-runner\_work\xpco\xpco\mip\platformplugin\videoos.platform\unittest\bin\debug\net472\videoos.platform.tests.dll" id="e5428f59-f644-25e4-cf44-58ef5b64f2ad">
      <Execution id="9ba440b2-b416-4dd0-b13c-9e122ba16ec6" />
      <TestMethod codeBase="D:\actions-runner\_work\XPCO\XPCO\MIP\PlatformPlugin\VideoOS.Platform\unittest\bin\Debug\net472\VideoOS.Platform.Tests.dll" adapterTypeName="executor://mstestadapter/v2" className="VideoOS.Platform.Tests.Proxy.RestApi.JsonBuilderTests" name="Append_Property_Int" />
    </UnitTest>
    <UnitTest name="Equals_ShouldReturnTrue_WhenOnePortNumberIsZeroAndTheOtherIsEighty" storage="d:\actions-runner\_work\xpco\xpco\mip\platformplugin\videoos.platform\unittest\bin\debug\net472\videoos.platform.tests.dll" id="e0974674-ac77-e53b-c938-66c6d56fd05c">
      <Execution id="e6b6de27-89b0-427f-b311-24ca370c6216" />
      <TestMethod codeBase="D:\actions-runner\_work\XPCO\XPCO\MIP\PlatformPlugin\VideoOS.Platform\unittest\bin\Debug\net472\VideoOS.Platform.Tests.dll" adapterTypeName="executor://mstestadapter/v2" className="VideoOS.Platform.Tests.ServerIdTests" name="Equals_ShouldReturnTrue_WhenOnePortNumberIsZeroAndTheOtherIsEighty" />
    </UnitTest>
    <UnitTest name="TestCreateSearchDefinition_WithFilterCategoryNotFound_Failure" storage="d:\actions-runner\_work\xpco\xpco\mip\platformplugin\videoos.platform\unittest\bin\debug\net472\videoos.platform.tests.dll" id="3a4d61c6-1dc3-0bdf-c7d5-0384c8954cbd">
      <TestCategory>
        <TestCategoryItem TestCategory="Search" />
      </TestCategory>
      <Execution id="a2350e87-24e6-4725-bf44-1f693aa67f4b" />
      <TestMethod codeBase="D:\actions-runner\_work\XPCO\XPCO\MIP\PlatformPlugin\VideoOS.Platform\unittest\bin\Debug\net472\VideoOS.Platform.Tests.dll" adapterTypeName="executor://mstestadapter/v2" className="VideoOS.Platform.Tests.Search.SearchManagerTest" name="TestCreateSearchDefinition_WithFilterCategoryNotFound_Failure" />
    </UnitTest>
    <UnitTest name="KindsFilter_OneKind_OnlyAllowedKindShown" storage="d:\actions-runner\_work\xpco\xpco\mip\platformplugin\videoos.platform\unittest\bin\debug\net472\videoos.platform.tests.dll" id="9fd29388-e6f2-2ce9-7173-3d8e1efacf79">
      <Execution id="31951024-24e7-4df7-bcad-b5c5d26ea74b" />
      <TestMethod codeBase="D:\actions-runner\_work\XPCO\XPCO\MIP\PlatformPlugin\VideoOS.Platform\unittest\bin\Debug\net472\VideoOS.Platform.Tests.dll" adapterTypeName="executor://mstestadapter/v2" className="VideoOS.Platform.Tests.UI.ItemPicker.PopulateThreadTest" name="KindsFilter_OneKind_OnlyAllowedKindShown" />
    </UnitTest>
    <UnitTest name="Append_Element_String" storage="d:\actions-runner\_work\xpco\xpco\mip\platformplugin\videoos.platform\unittest\bin\debug\net472\videoos.platform.tests.dll" id="61995c8a-35dd-f2df-f559-b60cb8f54a82">
      <Execution id="4ed1b0fe-0486-48b3-8e09-3a8de79d8543" />
      <TestMethod codeBase="D:\actions-runner\_work\XPCO\XPCO\MIP\PlatformPlugin\VideoOS.Platform\unittest\bin\Debug\net472\VideoOS.Platform.Tests.dll" adapterTypeName="executor://mstestadapter/v2" className="VideoOS.Platform.Tests.Proxy.RestApi.JsonBuilderTests" name="Append_Element_String" />
    </UnitTest>
    <UnitTest name="Equals_IgnoreFolderType_Fail_OnServerIdNull" storage="d:\actions-runner\_work\xpco\xpco\mip\platformplugin\videoos.platform\unittest\bin\debug\net472\videoos.platform.tests.dll" id="5ce9e10d-7d63-e829-dad3-2b21af48d9a3">
      <Execution id="bb5620c3-c544-4e3a-8088-4b2eaa521e8b" />
      <TestMethod codeBase="D:\actions-runner\_work\XPCO\XPCO\MIP\PlatformPlugin\VideoOS.Platform\unittest\bin\Debug\net472\VideoOS.Platform.Tests.dll" adapterTypeName="executor://mstestadapter/v2" className="VideoOS.Platform.Tests.FQIDtests" name="Equals_IgnoreFolderType_Fail_OnServerIdNull" />
    </UnitTest>
    <UnitTest name="TestStartSearch_SearchFireErrorOccured_Success" storage="d:\actions-runner\_work\xpco\xpco\mip\platformplugin\videoos.platform\unittest\bin\debug\net472\videoos.platform.tests.dll" id="2b383535-8d75-6079-a3dc-080857154651">
      <TestCategory>
        <TestCategoryItem TestCategory="Search" />
      </TestCategory>
      <Execution id="97e2c412-399c-4443-afab-5e0dd92a83d9" />
      <TestMethod codeBase="D:\actions-runner\_work\XPCO\XPCO\MIP\PlatformPlugin\VideoOS.Platform\unittest\bin\Debug\net472\VideoOS.Platform.Tests.dll" adapterTypeName="executor://mstestadapter/v2" className="VideoOS.Platform.Tests.Search.SearchManagerTest" name="TestStartSearch_SearchFireErrorOccured_Success" />
    </UnitTest>
    <UnitTest name="Serialize_TestCases (TestParentTypeMatchGenericNotThisTypeMatched)" storage="d:\actions-runner\_work\xpco\xpco\mip\platformplugin\videoos.platform\unittest\bin\debug\net472\videoos.platform.tests.dll" id="0f368352-c3d8-02d3-f3d9-f0e643bc2ed7">
      <Execution id="139b1fb7-c522-4f5f-bdfe-1b3901f75df0" />
      <TestMethod codeBase="D:\actions-runner\_work\XPCO\XPCO\MIP\PlatformPlugin\VideoOS.Platform\unittest\bin\Debug\net472\VideoOS.Platform.Tests.dll" adapterTypeName="executor://mstestadapter/v2" className="VideoOS.Platform.Tests.UI.Controls.Automation.Serialization.AutomationObjectSerializerTest" name="Serialize_TestCases" />
    </UnitTest>
    <UnitTest name="WriteXml_ShouldWriteObject_WhenThereIsOneObjectPresent" storage="d:\actions-runner\_work\xpco\xpco\mip\platformplugin\videoos.platform\unittest\bin\debug\net472\videoos.platform.tests.dll" id="4d02d00b-2996-2f9f-95bd-26fe5f7ed1e8">
      <Execution id="d8cb3093-2d1f-4814-985e-23eb66fb03b1" />
      <TestMethod codeBase="D:\actions-runner\_work\XPCO\XPCO\MIP\PlatformPlugin\VideoOS.Platform\unittest\bin\Debug\net472\VideoOS.Platform.Tests.dll" adapterTypeName="executor://mstestadapter/v2" className="VideoOS.Platform.Tests.Metadata.FrameTests" name="WriteXml_ShouldWriteObject_WhenThereIsOneObjectPresent" />
    </UnitTest>
    <UnitTest name="SetChildren_Set_And_Check" storage="d:\actions-runner\_work\xpco\xpco\mip\platformplugin\videoos.platform\unittest\bin\debug\net472\videoos.platform.tests.dll" id="c0bd25d5-74fa-a92b-42e1-7e499486e888">
      <Execution id="b3896d21-6800-4b2e-9090-b52497f74784" />
      <TestMethod codeBase="D:\actions-runner\_work\XPCO\XPCO\MIP\PlatformPlugin\VideoOS.Platform\unittest\bin\Debug\net472\VideoOS.Platform.Tests.dll" adapterTypeName="executor://mstestadapter/v2" className="VideoOS.Platform.Tests.ItemTests" name="SetChildren_Set_And_Check" />
    </UnitTest>
    <UnitTest name="AllAttributesWerePresent_ShouldReturnFalse_WhenXAttributeIsNotAFloat" storage="d:\actions-runner\_work\xpco\xpco\mip\platformplugin\videoos.platform\unittest\bin\debug\net472\videoos.platform.tests.dll" id="3dddadb3-73e5-0530-cc2f-efb35c37fd4b">
      <Execution id="dd72843c-f87f-48e7-bd66-5b008a36854f" />
      <TestMethod codeBase="D:\actions-runner\_work\XPCO\XPCO\MIP\PlatformPlugin\VideoOS.Platform\unittest\bin\Debug\net472\VideoOS.Platform.Tests.dll" adapterTypeName="executor://mstestadapter/v2" className="VideoOS.Platform.Tests.Metadata.VectorTests" name="AllAttributesWerePresent_ShouldReturnFalse_WhenXAttributeIsNotAFloat" />
    </UnitTest>
    <UnitTest name="Serialize_TestCases (TestParentTypeMatchObjectNotThisTypeNotMatchedProperty)" storage="d:\actions-runner\_work\xpco\xpco\mip\platformplugin\videoos.platform\unittest\bin\debug\net472\videoos.platform.tests.dll" id="2c767513-d46b-25c9-8b79-070556151a0d">
      <Execution id="163de67f-2009-411a-ace5-50a35d86a397" />
      <TestMethod codeBase="D:\actions-runner\_work\XPCO\XPCO\MIP\PlatformPlugin\VideoOS.Platform\unittest\bin\Debug\net472\VideoOS.Platform.Tests.dll" adapterTypeName="executor://mstestadapter/v2" className="VideoOS.Platform.Tests.UI.Controls.Automation.Serialization.AutomationObjectSerializerTest" name="Serialize_TestCases" />
    </UnitTest>
    <UnitTest name="BuildShapeOverlayWidthHeightAnalyticsObjectListRuleList_ShouldReturnCorrectNumberOfShapes" storage="d:\actions-runner\_work\xpco\xpco\mip\platformplugin\videoos.platform\unittest\bin\debug\net472\videoos.platform.tests.dll" id="3b434787-ec68-61e4-18d4-15e26b84b874">
      <Execution id="82a86aec-d73d-4dbf-ab35-215c8148a2ba" />
      <TestMethod codeBase="D:\actions-runner\_work\XPCO\XPCO\MIP\PlatformPlugin\VideoOS.Platform\unittest\bin\Debug\net472\VideoOS.Platform.Tests.dll" adapterTypeName="executor://mstestadapter/v2" className="VideoOS.Platform.Tests.Util.AnalyticsOverlayBuilderTests" name="BuildShapeOverlayWidthHeightAnalyticsObjectListRuleList_ShouldReturnCorrectNumberOfShapes" />
    </UnitTest>
    <UnitTest name="GenerateDeviceCapabilityParameters_ShouldWriteTypeName_WhenAlways" storage="d:\actions-runner\_work\xpco\xpco\mip\platformplugin\videoos.platform\unittest\bin\debug\net472\videoos.platform.tests.dll" id="262c3c73-7b65-0063-be55-7b0feb97027d">
      <Execution id="ce63104a-0f7e-484b-b2b2-4b1bb40f69c6" />
      <TestMethod codeBase="D:\actions-runner\_work\XPCO\XPCO\MIP\PlatformPlugin\VideoOS.Platform\unittest\bin\Debug\net472\VideoOS.Platform.Tests.dll" adapterTypeName="executor://mstestadapter/v2" className="VideoOS.Platform.Tests.Data.MetadataDeviceCapabilityTests" name="GenerateDeviceCapabilityParameters_ShouldWriteTypeName_WhenAlways" />
    </UnitTest>
    <UnitTest name="ParseMetadataXmlWithBytes_ShouldReturnCorrectObjects_WhenBinaryDataContainsCorrectXml" storage="d:\actions-runner\_work\xpco\xpco\mip\platformplugin\videoos.platform\unittest\bin\debug\net472\videoos.platform.tests.dll" id="4331be32-8242-7bcf-516a-a7263d816796">
      <Execution id="441d2bd0-0034-4c72-bad5-958f04224936" />
      <TestMethod codeBase="D:\actions-runner\_work\XPCO\XPCO\MIP\PlatformPlugin\VideoOS.Platform\unittest\bin\Debug\net472\VideoOS.Platform.Tests.dll" adapterTypeName="executor://mstestadapter/v2" className="VideoOS.Platform.Tests.Metadata.MetadataDeserializerTests" name="ParseMetadataXmlWithBytes_ShouldReturnCorrectObjects_WhenBinaryDataContainsCorrectXml" />
    </UnitTest>
    <UnitTest name="ReadXml_ShouldReadSizeAttribute_WhenPresent" storage="d:\actions-runner\_work\xpco\xpco\mip\platformplugin\videoos.platform\unittest\bin\debug\net472\videoos.platform.tests.dll" id="a64907b4-47a9-4e3a-b6b0-be37e2d164ea">
      <Execution id="e1fcb660-41b3-4cb0-9bb0-4b18f6056df6" />
      <TestMethod codeBase="D:\actions-runner\_work\XPCO\XPCO\MIP\PlatformPlugin\VideoOS.Platform\unittest\bin\Debug\net472\VideoOS.Platform.Tests.dll" adapterTypeName="executor://mstestadapter/v2" className="VideoOS.Platform.Tests.Metadata.DisplayTextTests" name="ReadXml_ShouldReadSizeAttribute_WhenPresent" />
    </UnitTest>
    <UnitTest name="WriteXml_ShouldOmitBehaviourElement_WhenBehaviourIsNotNullAndWithoutBehaviour" storage="d:\actions-runner\_work\xpco\xpco\mip\platformplugin\videoos.platform\unittest\bin\debug\net472\videoos.platform.tests.dll" id="9fe60fa0-7d32-eb9d-1e44-3be02241d2db">
      <Execution id="bdd0b0a0-1069-4e26-a2bf-5c0304ae9627" />
      <TestMethod codeBase="D:\actions-runner\_work\XPCO\XPCO\MIP\PlatformPlugin\VideoOS.Platform\unittest\bin\Debug\net472\VideoOS.Platform.Tests.dll" adapterTypeName="executor://mstestadapter/v2" className="VideoOS.Platform.Tests.Metadata.OnvifObjectTests" name="WriteXml_ShouldOmitBehaviourElement_WhenBehaviourIsNotNullAndWithoutBehaviour" />
    </UnitTest>
    <UnitTest name="Serialize_TestCases (TestParentCollectionNotEmptyArrayPropertyProperty)" storage="d:\actions-runner\_work\xpco\xpco\mip\platformplugin\videoos.platform\unittest\bin\debug\net472\videoos.platform.tests.dll" id="424fc334-0ed6-9dd1-d9cb-ffec470cc003">
      <Execution id="fb7c76ba-fc32-4e0a-849a-f44113c3e42b" />
      <TestMethod codeBase="D:\actions-runner\_work\XPCO\XPCO\MIP\PlatformPlugin\VideoOS.Platform\unittest\bin\Debug\net472\VideoOS.Platform.Tests.dll" adapterTypeName="executor://mstestadapter/v2" className="VideoOS.Platform.Tests.UI.Controls.Automation.Serialization.AutomationObjectSerializerTest" name="Serialize_TestCases" />
    </UnitTest>
    <UnitTest name="ProvideValue_ShouldUpdateTarget_WhenItemDataValueChanges" storage="d:\actions-runner\_work\xpco\xpco\mip\platformplugin\videoos.platform\unittest\bin\debug\net472\videoos.platform.tests.dll" id="f3ca05e5-dc9b-e250-df0d-7261ad9afb62">
      <TestCategory>
        <TestCategoryItem TestCategory="DropDowns" />
      </TestCategory>
      <Execution id="d8380859-fd6f-4adc-a36a-eb99523916c0" />
      <TestMethod codeBase="D:\actions-runner\_work\XPCO\XPCO\MIP\PlatformPlugin\VideoOS.Platform\unittest\bin\Debug\net472\VideoOS.Platform.Tests.dll" adapterTypeName="executor://mstestadapter/v2" className="VideoOS.Platform.Tests.UI.Controls.DropDowns.Internal.SelectedItemCustomContentDataExtensionTest" name="ProvideValue_ShouldUpdateTarget_WhenItemDataValueChanges" />
    </UnitTest>
    <UnitTest name="GetPrevious_ShouldReturnPreviousDataInCache_WhenDataIsCached" storage="d:\actions-runner\_work\xpco\xpco\mip\platformplugin\videoos.platform\unittest\bin\debug\net472\videoos.platform.tests.dll" id="edfa9ac1-af92-8fad-09f0-213c59a511c9">
      <Execution id="bca40632-a184-44af-9045-2681d1d80cc6" />
      <TestMethod codeBase="D:\actions-runner\_work\XPCO\XPCO\MIP\PlatformPlugin\VideoOS.Platform\unittest\bin\Debug\net472\VideoOS.Platform.Tests.dll" adapterTypeName="executor://mstestadapter/v2" className="VideoOS.Platform.Tests.Data.MetadataPlaybackSourceTests" name="GetPrevious_ShouldReturnPreviousDataInCache_WhenDataIsCached" />
    </UnitTest>
    <UnitTest name="UtcTimeAttributeWasPresent_ShouldReturnFalse_WhenUtcTimeAttributeIsPresentButNotParsable" storage="d:\actions-runner\_work\xpco\xpco\mip\platformplugin\videoos.platform\unittest\bin\debug\net472\videoos.platform.tests.dll" id="479ac9a4-db24-66b5-ae47-500a4c5f414e">
      <Execution id="337fc9e6-c134-4cf4-902e-9e5a1bdde28c" />
      <TestMethod codeBase="D:\actions-runner\_work\XPCO\XPCO\MIP\PlatformPlugin\VideoOS.Platform\unittest\bin\Debug\net472\VideoOS.Platform.Tests.dll" adapterTypeName="executor://mstestadapter/v2" className="VideoOS.Platform.Tests.Metadata.FrameTests" name="UtcTimeAttributeWasPresent_ShouldReturnFalse_WhenUtcTimeAttributeIsPresentButNotParsable" />
    </UnitTest>
    <UnitTest name="Add_NotNullValue_Success" storage="d:\actions-runner\_work\xpco\xpco\mip\platformplugin\videoos.platform\unittest\bin\debug\net472\videoos.platform.tests.dll" id="a28156aa-3bb5-7287-717c-afe6ec74f152">
      <Execution id="440b7a39-627c-44bc-af23-50e476c21008" />
      <TestMethod codeBase="D:\actions-runner\_work\XPCO\XPCO\MIP\PlatformPlugin\VideoOS.Platform\unittest\bin\Debug\net472\VideoOS.Platform.Tests.dll" adapterTypeName="executor://mstestadapter/v2" className="VideoOS.Platform.Tests.Util.Queue.LRUCacheTests" name="Add_NotNullValue_Success" />
    </UnitTest>
    <UnitTest name="CreateSearchResultUserControl_NullConfiguration_ReturnsNull" storage="d:\actions-runner\_work\xpco\xpco\mip\platformplugin\videoos.platform\unittest\bin\debug\net472\videoos.platform.tests.dll" id="bef9c954-3a2d-3d83-b50d-cb24e577f8c7">
      <TestCategory>
        <TestCategoryItem TestCategory="Search" />
      </TestCategory>
      <Execution id="31154594-e719-4ba8-ae83-6e67b3a8427b" />
      <TestMethod codeBase="D:\actions-runner\_work\XPCO\XPCO\MIP\PlatformPlugin\VideoOS.Platform\unittest\bin\Debug\net472\VideoOS.Platform.Tests.dll" adapterTypeName="executor://mstestadapter/v2" className="VideoOS.Platform.Tests.Search.SearchUserControlResolverTest" name="CreateSearchResultUserControl_NullConfiguration_ReturnsNull" />
    </UnitTest>
    <UnitTest name="GetNearest_ShouldReturnFirstElement_WhenTimestampIsSamesAsFirstElement" storage="d:\actions-runner\_work\xpco\xpco\mip\platformplugin\videoos.platform\unittest\bin\debug\net472\videoos.platform.tests.dll" id="dae5127c-eff7-8376-4da7-ec9462c457e1">
      <Execution id="f8d2b9b4-5336-4308-bcb3-9e5755d58a19" />
      <TestMethod codeBase="D:\actions-runner\_work\XPCO\XPCO\MIP\PlatformPlugin\VideoOS.Platform\unittest\bin\Debug\net472\VideoOS.Platform.Tests.dll" adapterTypeName="executor://mstestadapter/v2" className="VideoOS.Platform.Tests.Data.MetadataCacheTests" name="GetNearest_ShouldReturnFirstElement_WhenTimestampIsSamesAsFirstElement" />
    </UnitTest>
    <UnitTest name="ReadXml_ShouldReadLeftAttribute_WhenPresent" storage="d:\actions-runner\_work\xpco\xpco\mip\platformplugin\videoos.platform\unittest\bin\debug\net472\videoos.platform.tests.dll" id="9603f266-e6e4-b592-6c00-2621c8820864">
      <Execution id="2f839b93-4193-467d-a53f-130cd8f0b363" />
      <TestMethod codeBase="D:\actions-runner\_work\XPCO\XPCO\MIP\PlatformPlugin\VideoOS.Platform\unittest\bin\Debug\net472\VideoOS.Platform.Tests.dll" adapterTypeName="executor://mstestadapter/v2" className="VideoOS.Platform.Tests.Metadata.RectangleTests" name="ReadXml_ShouldReadLeftAttribute_WhenPresent" />
    </UnitTest>
    <UnitTest name="ReadXml_ShouldReadAppearance_WhenAppearanceIsPresent" storage="d:\actions-runner\_work\xpco\xpco\mip\platformplugin\videoos.platform\unittest\bin\debug\net472\videoos.platform.tests.dll" id="2575271e-e34f-00c6-8d80-4ebf0bf67d06">
      <Execution id="d549b0b1-f5f0-4559-9283-aed683d37fca" />
      <TestMethod codeBase="D:\actions-runner\_work\XPCO\XPCO\MIP\PlatformPlugin\VideoOS.Platform\unittest\bin\Debug\net472\VideoOS.Platform.Tests.dll" adapterTypeName="executor://mstestadapter/v2" className="VideoOS.Platform.Tests.Metadata.OnvifObjectTests" name="ReadXml_ShouldReadAppearance_WhenAppearanceIsPresent" />
    </UnitTest>
    <UnitTest name="WriteXml_ShouldWriteVideoAnalytics_WhenThereIsOneVideoAnalyticsItemPresent" storage="d:\actions-runner\_work\xpco\xpco\mip\platformplugin\videoos.platform\unittest\bin\debug\net472\videoos.platform.tests.dll" id="42175a1a-5ae8-6563-c4c4-676e585caed0">
      <Execution id="5a5f171b-ef3a-4be1-aa92-3f8cee585847" />
      <TestMethod codeBase="D:\actions-runner\_work\XPCO\XPCO\MIP\PlatformPlugin\VideoOS.Platform\unittest\bin\Debug\net472\VideoOS.Platform.Tests.dll" adapterTypeName="executor://mstestadapter/v2" className="VideoOS.Platform.Tests.Metadata.MetadataStreamTests" name="WriteXml_ShouldWriteVideoAnalytics_WhenThereIsOneVideoAnalyticsItemPresent" />
    </UnitTest>
    <UnitTest name="Minimize_ShouldReturnOneInterval_WhenListContainsOneInterval" storage="d:\actions-runner\_work\xpco\xpco\mip\platformplugin\videoos.platform\unittest\bin\debug\net472\videoos.platform.tests.dll" id="10efcc98-720a-6a51-bddb-12631de34c03">
      <Execution id="c432b54e-5826-4968-9b5a-d929a1164435" />
      <TestMethod codeBase="D:\actions-runner\_work\XPCO\XPCO\MIP\PlatformPlugin\VideoOS.Platform\unittest\bin\Debug\net472\VideoOS.Platform.Tests.dll" adapterTypeName="executor://mstestadapter/v2" className="VideoOS.Platform.Tests.Util.TimeIntervalTests" name="Minimize_ShouldReturnOneInterval_WhenListContainsOneInterval" />
    </UnitTest>
    <UnitTest name="Read_and_build_Success" storage="d:\actions-runner\_work\xpco\xpco\mip\platformplugin\videoos.platform\unittest\bin\debug\net472\videoos.platform.tests.dll" id="1236ba87-a4f6-ba2a-15ac-ff768f66c54a">
      <Execution id="d9330e68-6fac-4bee-b207-5a6f982ab0ae" />
      <TestMethod codeBase="D:\actions-runner\_work\XPCO\XPCO\MIP\PlatformPlugin\VideoOS.Platform\unittest\bin\Debug\net472\VideoOS.Platform.Tests.dll" adapterTypeName="executor://mstestadapter/v2" className="VideoOS.Platform.Tests.Proxy.RestApi.JsonBuilderTests" name="Read_and_build_Success" />
    </UnitTest>
    <UnitTest name="Append_PropertyKey_Value" storage="d:\actions-runner\_work\xpco\xpco\mip\platformplugin\videoos.platform\unittest\bin\debug\net472\videoos.platform.tests.dll" id="9504291e-b74b-48e8-7789-94b6a1151b40">
      <Execution id="ca0c4983-6090-40d5-8be7-b012f9cd0676" />
      <TestMethod codeBase="D:\actions-runner\_work\XPCO\XPCO\MIP\PlatformPlugin\VideoOS.Platform\unittest\bin\Debug\net472\VideoOS.Platform.Tests.dll" adapterTypeName="executor://mstestadapter/v2" className="VideoOS.Platform.Tests.Proxy.RestApi.JsonBuilderTests" name="Append_PropertyKey_Value" />
    </UnitTest>
    <UnitTest name="ReadXml_ShouldReadTranslate_WhenTranslateIsPresent" storage="d:\actions-runner\_work\xpco\xpco\mip\platformplugin\videoos.platform\unittest\bin\debug\net472\videoos.platform.tests.dll" id="144c69ed-fb6c-34fd-956a-d442174acbf9">
      <Execution id="04bc6986-1480-42d6-a034-7dc0acda9752" />
      <TestMethod codeBase="D:\actions-runner\_work\XPCO\XPCO\MIP\PlatformPlugin\VideoOS.Platform\unittest\bin\Debug\net472\VideoOS.Platform.Tests.dll" adapterTypeName="executor://mstestadapter/v2" className="VideoOS.Platform.Tests.Metadata.TransformationTests" name="ReadXml_ShouldReadTranslate_WhenTranslateIsPresent" />
    </UnitTest>
    <UnitTest name="ReadyToCloseEvent_CancelCommand_MultiSelect_Thrown" storage="d:\actions-runner\_work\xpco\xpco\mip\platformplugin\videoos.platform\unittest\bin\debug\net472\videoos.platform.tests.dll" id="159cae7e-f986-2bd9-0bdf-d56bffd649d4">
      <Execution id="03d5138e-8846-413e-89ea-0e0e95362b4a" />
      <TestMethod codeBase="D:\actions-runner\_work\XPCO\XPCO\MIP\PlatformPlugin\VideoOS.Platform\unittest\bin\Debug\net472\VideoOS.Platform.Tests.dll" adapterTypeName="executor://mstestadapter/v2" className="VideoOS.Platform.Tests.UI.ItemPicker.ItemPickerWindowViewModelTest" name="ReadyToCloseEvent_CancelCommand_MultiSelect_Thrown" />
    </UnitTest>
    <UnitTest name="ReadXml_ShouldLogWarningOnlyOnceWithinOneMinute_WhenFrameDidNotReadUtcTime" storage="d:\actions-runner\_work\xpco\xpco\mip\platformplugin\videoos.platform\unittest\bin\debug\net472\videoos.platform.tests.dll" id="0272379c-7daf-7bd0-3571-0deb6243dd64">
      <Execution id="838613b1-65c7-4aba-b61c-6481ad99909f" />
      <TestMethod codeBase="D:\actions-runner\_work\XPCO\XPCO\MIP\PlatformPlugin\VideoOS.Platform\unittest\bin\Debug\net472\VideoOS.Platform.Tests.dll" adapterTypeName="executor://mstestadapter/v2" className="VideoOS.Platform.Tests.Metadata.VideoAnalyticsTests" name="ReadXml_ShouldLogWarningOnlyOnceWithinOneMinute_WhenFrameDidNotReadUtcTime" />
    </UnitTest>
    <UnitTest name="ProvideValue_ShouldNotApplyContentTemplate_WhenItemContentTemplatePropertyNameIsNotSet" storage="d:\actions-runner\_work\xpco\xpco\mip\platformplugin\videoos.platform\unittest\bin\debug\net472\videoos.platform.tests.dll" id="629a124b-d106-9b5f-4810-e231979dd6e9">
      <TestCategory>
        <TestCategoryItem TestCategory="TabControls" />
      </TestCategory>
      <Execution id="d323bdec-ddf5-458e-9af7-06d389c22357" />
      <TestMethod codeBase="D:\actions-runner\_work\XPCO\XPCO\MIP\PlatformPlugin\VideoOS.Platform\unittest\bin\Debug\net472\VideoOS.Platform.Tests.dll" adapterTypeName="executor://mstestadapter/v2" className="VideoOS.Platform.Tests.UI.Controls.TabControls.Internal.Primary.ItemContentTemplateExtensionTest" name="ProvideValue_ShouldNotApplyContentTemplate_WhenItemContentTemplatePropertyNameIsNotSet" />
    </UnitTest>
    <UnitTest name="Serialize_TestCases (TestParentTypeMatchStringNotThisTypeMatched)" storage="d:\actions-runner\_work\xpco\xpco\mip\platformplugin\videoos.platform\unittest\bin\debug\net472\videoos.platform.tests.dll" id="e5327567-16bb-a9ea-d8a4-bb9395ce3964">
      <Execution id="e06b4370-d76c-41a3-9d82-3e79a6c510de" />
      <TestMethod codeBase="D:\actions-runner\_work\XPCO\XPCO\MIP\PlatformPlugin\VideoOS.Platform\unittest\bin\Debug\net472\VideoOS.Platform.Tests.dll" adapterTypeName="executor://mstestadapter/v2" className="VideoOS.Platform.Tests.UI.Controls.Automation.Serialization.AutomationObjectSerializerTest" name="Serialize_TestCases" />
    </UnitTest>
    <UnitTest name="AllowGroupSelectionFalse_AutoCloseOnSelect_NothingSelected" storage="d:\actions-runner\_work\xpco\xpco\mip\platformplugin\videoos.platform\unittest\bin\debug\net472\videoos.platform.tests.dll" id="d16b66ae-362f-7903-ceb9-287ac5bef50c">
      <Execution id="a21f70f5-eba0-4517-ada4-aa755b353d91" />
      <TestMethod codeBase="D:\actions-runner\_work\XPCO\XPCO\MIP\PlatformPlugin\VideoOS.Platform\unittest\bin\Debug\net472\VideoOS.Platform.Tests.dll" adapterTypeName="executor://mstestadapter/v2" className="VideoOS.Platform.Tests.UI.ItemPicker.ItemPickerViewModelTest" name="AllowGroupSelectionFalse_AutoCloseOnSelect_NothingSelected" />
    </UnitTest>
    <UnitTest name="CreateSearchFilterEditControl_MultiplePlugins_MilestonePluginsFirst" storage="d:\actions-runner\_work\xpco\xpco\mip\platformplugin\videoos.platform\unittest\bin\debug\net472\videoos.platform.tests.dll" id="4599a740-2169-7e32-9656-668b8e9b7b20">
      <TestCategory>
        <TestCategoryItem TestCategory="Search" />
      </TestCategory>
      <Execution id="3c7f097f-14c4-4781-afc9-8dd4218c96c7" />
      <TestMethod codeBase="D:\actions-runner\_work\XPCO\XPCO\MIP\PlatformPlugin\VideoOS.Platform\unittest\bin\Debug\net472\VideoOS.Platform.Tests.dll" adapterTypeName="executor://mstestadapter/v2" className="VideoOS.Platform.Tests.Search.SearchUserControlResolverTest" name="CreateSearchFilterEditControl_MultiplePlugins_MilestonePluginsFirst" />
    </UnitTest>
    <UnitTest name="GetPopulatedItems_NoChildren_NoChildrenAdded" storage="d:\actions-runner\_work\xpco\xpco\mip\platformplugin\videoos.platform\unittest\bin\debug\net472\videoos.platform.tests.dll" id="a8ff7a29-8845-1919-c693-2698cf30e949">
      <Execution id="39790e1a-0fe7-41ce-b848-aff80333c344" />
      <TestMethod codeBase="D:\actions-runner\_work\XPCO\XPCO\MIP\PlatformPlugin\VideoOS.Platform\unittest\bin\Debug\net472\VideoOS.Platform.Tests.dll" adapterTypeName="executor://mstestadapter/v2" className="VideoOS.Platform.Tests.UI.ItemPicker.PopulateThreadTest" name="GetPopulatedItems_NoChildren_NoChildrenAdded" />
    </UnitTest>
    <UnitTest name="GetParent_IsNull" storage="d:\actions-runner\_work\xpco\xpco\mip\platformplugin\videoos.platform\unittest\bin\debug\net472\videoos.platform.tests.dll" id="2516f5ca-d06b-43f0-8619-b53bdf03ad3b">
      <Execution id="a0c4d198-8b94-47c3-8b5d-662f2f875781" />
      <TestMethod codeBase="D:\actions-runner\_work\XPCO\XPCO\MIP\PlatformPlugin\VideoOS.Platform\unittest\bin\Debug\net472\VideoOS.Platform.Tests.dll" adapterTypeName="executor://mstestadapter/v2" className="VideoOS.Platform.Tests.FQIDtests" name="GetParent_IsNull" />
    </UnitTest>
    <UnitTest name="GetMetadataStream_ShouldReturnMetadataStream_WhenByteArrayContainsValidXml" storage="d:\actions-runner\_work\xpco\xpco\mip\platformplugin\videoos.platform\unittest\bin\debug\net472\videoos.platform.tests.dll" id="eefc51b9-5382-2aee-c4ce-08acd9cc49de">
      <Execution id="bc874008-c32d-4b5a-a9fe-bd9ab2c174ef" />
      <TestMethod codeBase="D:\actions-runner\_work\XPCO\XPCO\MIP\PlatformPlugin\VideoOS.Platform\unittest\bin\Debug\net472\VideoOS.Platform.Tests.dll" adapterTypeName="executor://mstestadapter/v2" className="VideoOS.Platform.Tests.Metadata.MetadataContentTests" name="GetMetadataStream_ShouldReturnMetadataStream_WhenByteArrayContainsValidXml" />
    </UnitTest>
    <UnitTest name="CountByItems_NotActivated_Missing" storage="d:\actions-runner\_work\xpco\xpco\mip\platformplugin\videoos.platform\unittest\bin\debug\net472\videoos.platform.tests.dll" id="81f1f710-d694-68bf-2cd3-35ddc8a4ca3e">
      <Execution id="8cfe7ca8-3fef-44cb-b846-b2dd5e727faf" />
      <TestMethod codeBase="D:\actions-runner\_work\XPCO\XPCO\MIP\PlatformPlugin\VideoOS.Platform\unittest\bin\Debug\net472\VideoOS.Platform.Tests.dll" adapterTypeName="executor://mstestadapter/v2" className="VideoOS.Platform.Tests.License.ResolvedLicenseCountTest" name="CountByItems_NotActivated_Missing" />
    </UnitTest>
    <UnitTest name="GetAgeFilterValue_ValidSelection_Success" storage="d:\actions-runner\_work\xpco\xpco\mip\platformplugin\videoos.platform\unittest\bin\debug\net472\videoos.platform.tests.dll" id="47c1b6ab-8c0a-fc63-f12d-64e40883c80a">
      <TestCategory>
        <TestCategoryItem TestCategory="Search" />
      </TestCategory>
      <Execution id="027b16c6-d644-4381-8c5a-fcbed7bf386d" />
      <TestMethod codeBase="D:\actions-runner\_work\XPCO\XPCO\MIP\PlatformPlugin\VideoOS.Platform\unittest\bin\Debug\net472\VideoOS.Platform.Tests.dll" adapterTypeName="executor://mstestadapter/v2" className="VideoOS.Platform.Tests.Search.FilterCategories.PersonSearchFilterCategoryTest" name="GetAgeFilterValue_ValidSelection_Success" />
    </UnitTest>
    <UnitTest name="GetNext_ShouldReturnEntryAfterLastReturnedEntry_WhenFindCacheEntryAfterWasCalledAndThereIsANextEntry" storage="d:\actions-runner\_work\xpco\xpco\mip\platformplugin\videoos.platform\unittest\bin\debug\net472\videoos.platform.tests.dll" id="67a0e7c3-fd99-228f-3717-941a8f61eb9d">
      <Execution id="c091347f-76c7-4a6e-a422-cb72491e3f50" />
      <TestMethod codeBase="D:\actions-runner\_work\XPCO\XPCO\MIP\PlatformPlugin\VideoOS.Platform\unittest\bin\Debug\net472\VideoOS.Platform.Tests.dll" adapterTypeName="executor://mstestadapter/v2" className="VideoOS.Platform.Tests.Data.MetadataCacheTests" name="GetNext_ShouldReturnEntryAfterLastReturnedEntry_WhenFindCacheEntryAfterWasCalledAndThereIsANextEntry" />
    </UnitTest>
    <UnitTest name="IsCriteriaAccepted_ValidItem_True" storage="d:\actions-runner\_work\xpco\xpco\mip\platformplugin\videoos.platform\unittest\bin\debug\net472\videoos.platform.tests.dll" id="8f3b8a17-8863-f4c3-5425-91ed08db45b8">
      <Execution id="2365a151-bde9-43e2-bdb6-b4d2aa9ffb7b" />
      <TestMethod codeBase="D:\actions-runner\_work\XPCO\XPCO\MIP\PlatformPlugin\VideoOS.Platform\unittest\bin\Debug\net472\VideoOS.Platform.Tests.dll" adapterTypeName="executor://mstestadapter/v2" className="VideoOS.Platform.Tests.UI.ItemPicker.ItemPickerViewModelTest" name="IsCriteriaAccepted_ValidItem_True" />
    </UnitTest>
    <UnitTest name="GetPreviousSequence_ShouldReturnFirstEntryFromToolkitResult_WhenDataWasReturned" storage="d:\actions-runner\_work\xpco\xpco\mip\platformplugin\videoos.platform\unittest\bin\debug\net472\videoos.platform.tests.dll" id="37465b96-5d9d-91f9-7bbc-1b2bd9de14df">
      <Execution id="18e078c5-abdb-4291-8b80-f873295cecde" />
      <TestMethod codeBase="D:\actions-runner\_work\XPCO\XPCO\MIP\PlatformPlugin\VideoOS.Platform\unittest\bin\Debug\net472\VideoOS.Platform.Tests.dll" adapterTypeName="executor://mstestadapter/v2" className="VideoOS.Platform.Tests.Data.MetadataPlaybackSourceTests" name="GetPreviousSequence_ShouldReturnFirstEntryFromToolkitResult_WhenDataWasReturned" />
    </UnitTest>
    <UnitTest name="Ctor_NullName_Throws" storage="d:\actions-runner\_work\xpco\xpco\mip\platformplugin\videoos.platform\unittest\bin\debug\net472\videoos.platform.tests.dll" id="b543895e-b652-81f1-d5a2-ebd384954ea0">
      <TestCategory>
        <TestCategoryItem TestCategory="Search" />
      </TestCategory>
      <Execution id="434c122f-7308-4f4a-88c0-78548be1e120" />
      <TestMethod codeBase="D:\actions-runner\_work\XPCO\XPCO\MIP\PlatformPlugin\VideoOS.Platform\unittest\bin\Debug\net472\VideoOS.Platform.Tests.dll" adapterTypeName="executor://mstestadapter/v2" className="VideoOS.Platform.Tests.Search.FilterCategories.VehicleSearchFilterCategoryTest" name="Ctor_NullName_Throws" />
    </UnitTest>
    <UnitTest name="Serialize_TestCases (Verify root Decimal property)" storage="d:\actions-runner\_work\xpco\xpco\mip\platformplugin\videoos.platform\unittest\bin\debug\net472\videoos.platform.tests.dll" id="5ac412a9-7dd3-8fe0-5e94-070a00a25518">
      <Execution id="27f6a47a-76b7-4e35-a66b-88c8c57ec072" />
      <TestMethod codeBase="D:\actions-runner\_work\XPCO\XPCO\MIP\PlatformPlugin\VideoOS.Platform\unittest\bin\Debug\net472\VideoOS.Platform.Tests.dll" adapterTypeName="executor://mstestadapter/v2" className="VideoOS.Platform.Tests.UI.Controls.Automation.Serialization.AutomationObjectSerializerTest" name="Serialize_TestCases" />
    </UnitTest>
    <UnitTest name="Serialize_TestCases (TestParentTypeMatchIntNotThisTypeNotMatched)" storage="d:\actions-runner\_work\xpco\xpco\mip\platformplugin\videoos.platform\unittest\bin\debug\net472\videoos.platform.tests.dll" id="79b8fa33-af80-9f78-4ef9-04a20433e050">
      <Execution id="3c89a93f-d71a-4baf-a2f5-471d2ac217bc" />
      <TestMethod codeBase="D:\actions-runner\_work\XPCO\XPCO\MIP\PlatformPlugin\VideoOS.Platform\unittest\bin\Debug\net472\VideoOS.Platform.Tests.dll" adapterTypeName="executor://mstestadapter/v2" className="VideoOS.Platform.Tests.UI.Controls.Automation.Serialization.AutomationObjectSerializerTest" name="Serialize_TestCases" />
    </UnitTest>
    <UnitTest name="GetGenderFilterValues_SingleSelection_Success" storage="d:\actions-runner\_work\xpco\xpco\mip\platformplugin\videoos.platform\unittest\bin\debug\net472\videoos.platform.tests.dll" id="1e01348f-4956-9c30-5322-aed75f85144b">
      <TestCategory>
        <TestCategoryItem TestCategory="Search" />
      </TestCategory>
      <Execution id="37a5b5f6-6fa8-453e-9cf0-eb9a30989179" />
      <TestMethod codeBase="D:\actions-runner\_work\XPCO\XPCO\MIP\PlatformPlugin\VideoOS.Platform\unittest\bin\Debug\net472\VideoOS.Platform.Tests.dll" adapterTypeName="executor://mstestadapter/v2" className="VideoOS.Platform.Tests.Search.FilterCategories.PersonSearchFilterCategoryTest" name="GetGenderFilterValues_SingleSelection_Success" />
    </UnitTest>
    <UnitTest name="ProvideValue_ShouldUseContentTemplateFromTabControl_WhenItemContentTemplateIsCleared" storage="d:\actions-runner\_work\xpco\xpco\mip\platformplugin\videoos.platform\unittest\bin\debug\net472\videoos.platform.tests.dll" id="6ce95987-243b-a23d-9b97-d2e2f2ba466c">
      <TestCategory>
        <TestCategoryItem TestCategory="TabControls" />
      </TestCategory>
      <Execution id="46192cd5-ed79-42a6-9092-c4380a006195" />
      <TestMethod codeBase="D:\actions-runner\_work\XPCO\XPCO\MIP\PlatformPlugin\VideoOS.Platform\unittest\bin\Debug\net472\VideoOS.Platform.Tests.dll" adapterTypeName="executor://mstestadapter/v2" className="VideoOS.Platform.Tests.UI.Controls.TabControls.Internal.Primary.ItemContentTemplateExtensionTest" name="ProvideValue_ShouldUseContentTemplateFromTabControl_WhenItemContentTemplateIsCleared" />
    </UnitTest>
    <UnitTest name="ReadXml_ShouldLogWarning_WhenCenterOfGravityIsIncomplete" storage="d:\actions-runner\_work\xpco\xpco\mip\platformplugin\videoos.platform\unittest\bin\debug\net472\videoos.platform.tests.dll" id="0698a694-c3e3-daa4-3795-9bea8316565b">
      <Execution id="42f66b80-2af0-4c30-923b-8b704ac519a5" />
      <TestMethod codeBase="D:\actions-runner\_work\XPCO\XPCO\MIP\PlatformPlugin\VideoOS.Platform\unittest\bin\Debug\net472\VideoOS.Platform.Tests.dll" adapterTypeName="executor://mstestadapter/v2" className="VideoOS.Platform.Tests.Metadata.ShapeTests" name="ReadXml_ShouldLogWarning_WhenCenterOfGravityIsIncomplete" />
    </UnitTest>
    <UnitTest name="ReadXml_ShouldReadObject_WhenObjectIsPresent" storage="d:\actions-runner\_work\xpco\xpco\mip\platformplugin\videoos.platform\unittest\bin\debug\net472\videoos.platform.tests.dll" id="45a1237f-8398-1e96-4a23-b6a235238101">
      <Execution id="7a8ab993-d722-4fcf-b485-b0721094dd4a" />
      <TestMethod codeBase="D:\actions-runner\_work\XPCO\XPCO\MIP\PlatformPlugin\VideoOS.Platform\unittest\bin\Debug\net472\VideoOS.Platform.Tests.dll" adapterTypeName="executor://mstestadapter/v2" className="VideoOS.Platform.Tests.Metadata.FrameTests" name="ReadXml_ShouldReadObject_WhenObjectIsPresent" />
    </UnitTest>
    <UnitTest name="GetPropertiesAsync_MultipleInvocations_DelegatedToInternalMethodOnlyOnce" storage="d:\actions-runner\_work\xpco\xpco\mip\platformplugin\videoos.platform\unittest\bin\debug\net472\videoos.platform.tests.dll" id="46ae3a22-8d3d-7e4f-8a5b-87f63b36d2e9">
      <TestCategory>
        <TestCategoryItem TestCategory="Search" />
      </TestCategory>
      <Execution id="c56c2326-f9d5-455d-9577-c7878e86b1d8" />
      <TestMethod codeBase="D:\actions-runner\_work\XPCO\XPCO\MIP\PlatformPlugin\VideoOS.Platform\unittest\bin\Debug\net472\VideoOS.Platform.Tests.dll" adapterTypeName="executor://mstestadapter/v2" className="VideoOS.Platform.Tests.Search.SearchResultDataTest" name="GetPropertiesAsync_MultipleInvocations_DelegatedToInternalMethodOnlyOnce" />
    </UnitTest>
    <UnitTest name="AllowGroupSelectionFalse_MultiSelect_ElementsInGroupSelected" storage="d:\actions-runner\_work\xpco\xpco\mip\platformplugin\videoos.platform\unittest\bin\debug\net472\videoos.platform.tests.dll" id="b09c7353-a02d-ff9f-8437-0ec01da8590a">
      <Execution id="f0a8a3cc-df64-413e-8519-4a72028e5565" />
      <TestMethod codeBase="D:\actions-runner\_work\XPCO\XPCO\MIP\PlatformPlugin\VideoOS.Platform\unittest\bin\Debug\net472\VideoOS.Platform.Tests.dll" adapterTypeName="executor://mstestadapter/v2" className="VideoOS.Platform.Tests.UI.ItemPicker.ItemPickerViewModelTest" name="AllowGroupSelectionFalse_MultiSelect_ElementsInGroupSelected" />
    </UnitTest>
    <UnitTest name="Ctor_TwoCustomFilters_Success" storage="d:\actions-runner\_work\xpco\xpco\mip\platformplugin\videoos.platform\unittest\bin\debug\net472\videoos.platform.tests.dll" id="81e8c1a0-4900-8a66-1f87-0c131327f5b5">
      <TestCategory>
        <TestCategoryItem TestCategory="Search" />
      </TestCategory>
      <Execution id="484fd877-225a-4da6-bbb6-e3949101129f" />
      <TestMethod codeBase="D:\actions-runner\_work\XPCO\XPCO\MIP\PlatformPlugin\VideoOS.Platform\unittest\bin\Debug\net472\VideoOS.Platform.Tests.dll" adapterTypeName="executor://mstestadapter/v2" className="VideoOS.Platform.Tests.Search.FilterCategories.PersonSearchFilterCategoryTest" name="Ctor_TwoCustomFilters_Success" />
    </UnitTest>
    <UnitTest name="Parse_Double_Simple" storage="d:\actions-runner\_work\xpco\xpco\mip\platformplugin\videoos.platform\unittest\bin\debug\net472\videoos.platform.tests.dll" id="b837ebc0-f7ad-c47b-17b8-8695813cd0ae">
      <Execution id="fc50f6c6-2001-4dce-9ba8-73403b81e755" />
      <TestMethod codeBase="D:\actions-runner\_work\XPCO\XPCO\MIP\PlatformPlugin\VideoOS.Platform\unittest\bin\Debug\net472\VideoOS.Platform.Tests.dll" adapterTypeName="executor://mstestadapter/v2" className="VideoOS.Platform.Tests.Proxy.RestApi.JsonReaderTests" name="Parse_Double_Simple" />
    </UnitTest>
    <UnitTest name="Decrypt_ShouldDecryptNonFipsLicenseEncryption" storage="d:\actions-runner\_work\xpco\xpco\mip\platformplugin\videoos.platform\unittest\bin\debug\net472\videoos.platform.tests.dll" id="a9cc89a4-8213-a4b1-7484-4879815a89dd">
      <Execution id="df36755e-3957-4ab4-a847-df7ab0bd22c9" />
      <TestMethod codeBase="D:\actions-runner\_work\XPCO\XPCO\MIP\PlatformPlugin\VideoOS.Platform\unittest\bin\Debug\net472\VideoOS.Platform.Tests.dll" adapterTypeName="executor://mstestadapter/v2" className="VideoOS.Platform.Tests.License.NonFipsLicenseCompatibilityHandlerTests" name="Decrypt_ShouldDecryptNonFipsLicenseEncryption" />
    </UnitTest>
    <UnitTest name="ReadXml_ShouldReadXmlAndCreateSameValues_WhenItIsWrittenByWriteXml" storage="d:\actions-runner\_work\xpco\xpco\mip\platformplugin\videoos.platform\unittest\bin\debug\net472\videoos.platform.tests.dll" id="fb65aff9-84a8-5b2a-92bd-f76bc29d120f">
      <Execution id="25df1cae-1bef-4bef-9863-b0e2ef366d0f" />
      <TestMethod codeBase="D:\actions-runner\_work\XPCO\XPCO\MIP\PlatformPlugin\VideoOS.Platform\unittest\bin\Debug\net472\VideoOS.Platform.Tests.dll" adapterTypeName="executor://mstestadapter/v2" className="VideoOS.Platform.Tests.Metadata.NavigationalDataTests" name="ReadXml_ShouldReadXmlAndCreateSameValues_WhenItIsWrittenByWriteXml" />
    </UnitTest>
    <UnitTest name="JoinString_When1Level_Success" storage="d:\actions-runner\_work\xpco\xpco\mip\platformplugin\videoos.platform\unittest\bin\debug\net472\videoos.platform.tests.dll" id="1461c781-13a0-05a7-16f7-5b6b1341577b">
      <Execution id="fa65185b-cc69-4986-9a00-cad7d90efd81" />
      <TestMethod codeBase="D:\actions-runner\_work\XPCO\XPCO\MIP\PlatformPlugin\VideoOS.Platform\unittest\bin\Debug\net472\VideoOS.Platform.Tests.dll" adapterTypeName="executor://mstestadapter/v2" className="VideoOS.Platform.Tests.Util.StringSplitterTests" name="JoinString_When1Level_Success" />
    </UnitTest>
    <UnitTest name="SHA256Hex64_ShouldReturnSHAHash_WhenInputIsEmpty" storage="d:\actions-runner\_work\xpco\xpco\mip\platformplugin\videoos.platform\unittest\bin\debug\net472\videoos.platform.tests.dll" id="8323b4f2-e9f8-2e2a-6f22-cc6a18906d5b">
      <Execution id="c2c7ff43-8b62-4eaa-a234-5f6c073764bf" />
      <TestMethod codeBase="D:\actions-runner\_work\XPCO\XPCO\MIP\PlatformPlugin\VideoOS.Platform\unittest\bin\Debug\net472\VideoOS.Platform.Tests.dll" adapterTypeName="executor://mstestadapter/v2" className="VideoOS.Platform.Tests.Data.MediaProviderInternal.UtilityTests" name="SHA256Hex64_ShouldReturnSHAHash_WhenInputIsEmpty" />
    </UnitTest>
    <UnitTest name="ReadXml_ShouldIgnoreRemovedChildren_WhenAlways" storage="d:\actions-runner\_work\xpco\xpco\mip\platformplugin\videoos.platform\unittest\bin\debug\net472\videoos.platform.tests.dll" id="d78ddc2b-307f-bc26-2b15-e79e8f94ce76">
      <Execution id="996daca3-66a0-438a-b951-dbe2545f9790" />
      <TestMethod codeBase="D:\actions-runner\_work\XPCO\XPCO\MIP\PlatformPlugin\VideoOS.Platform\unittest\bin\Debug\net472\VideoOS.Platform.Tests.dll" adapterTypeName="executor://mstestadapter/v2" className="VideoOS.Platform.Tests.Metadata.BehaviourTests" name="ReadXml_ShouldIgnoreRemovedChildren_WhenAlways" />
    </UnitTest>
    <UnitTest name="WriteXml_ShouldWriteRemovedElementBeforeIdleElement_WhenBothAreSet" storage="d:\actions-runner\_work\xpco\xpco\mip\platformplugin\videoos.platform\unittest\bin\debug\net472\videoos.platform.tests.dll" id="ab352261-f7fb-4de5-d0ab-b3696dc3f865">
      <Execution id="8099e031-6eb2-4db6-b5ad-f1ff2f5e9295" />
      <TestMethod codeBase="D:\actions-runner\_work\XPCO\XPCO\MIP\PlatformPlugin\VideoOS.Platform\unittest\bin\Debug\net472\VideoOS.Platform.Tests.dll" adapterTypeName="executor://mstestadapter/v2" className="VideoOS.Platform.Tests.Metadata.BehaviourTests" name="WriteXml_ShouldWriteRemovedElementBeforeIdleElement_WhenBothAreSet" />
    </UnitTest>
    <UnitTest name="SearchResultData_WarningText_Success" storage="d:\actions-runner\_work\xpco\xpco\mip\platformplugin\videoos.platform\unittest\bin\debug\net472\videoos.platform.tests.dll" id="22aaf792-b28c-0483-2284-13d7b20de4b8">
      <TestCategory>
        <TestCategoryItem TestCategory="Search" />
      </TestCategory>
      <Execution id="9bfde689-8a28-4bd9-bea0-6b70110bc545" />
      <TestMethod codeBase="D:\actions-runner\_work\XPCO\XPCO\MIP\PlatformPlugin\VideoOS.Platform\unittest\bin\Debug\net472\VideoOS.Platform.Tests.dll" adapterTypeName="executor://mstestadapter/v2" className="VideoOS.Platform.Tests.Search.SearchResultDataTest" name="SearchResultData_WarningText_Success" />
    </UnitTest>
    <UnitTest name="GetNextSequence_ShouldReturnFirstEntryFromToolkitResult_WhenDataWasReturned" storage="d:\actions-runner\_work\xpco\xpco\mip\platformplugin\videoos.platform\unittest\bin\debug\net472\videoos.platform.tests.dll" id="daf5f08d-c32f-df8c-b33e-1ba8ee1cff44">
      <Execution id="54fbe1e8-8add-438a-b08b-8c61c8c5cb51" />
      <TestMethod codeBase="D:\actions-runner\_work\XPCO\XPCO\MIP\PlatformPlugin\VideoOS.Platform\unittest\bin\Debug\net472\VideoOS.Platform.Tests.dll" adapterTypeName="executor://mstestadapter/v2" className="VideoOS.Platform.Tests.Data.MetadataPlaybackSourceTests" name="GetNextSequence_ShouldReturnFirstEntryFromToolkitResult_WhenDataWasReturned" />
    </UnitTest>
    <UnitTest name="GenerateParameters_ShouldOmitResolutionList_WhenResolutionSetIsEmpty" storage="d:\actions-runner\_work\xpco\xpco\mip\platformplugin\videoos.platform\unittest\bin\debug\net472\videoos.platform.tests.dll" id="4eb0c9c9-741e-7fa6-9c80-5eed459fb9fe">
      <Execution id="65110cc6-a55e-4922-99d1-68ed810c15a8" />
      <TestMethod codeBase="D:\actions-runner\_work\XPCO\XPCO\MIP\PlatformPlugin\VideoOS.Platform\unittest\bin\Debug\net472\VideoOS.Platform.Tests.dll" adapterTypeName="executor://mstestadapter/v2" className="VideoOS.Platform.Tests.Data.CameraDeviceDefinitionTests" name="GenerateParameters_ShouldOmitResolutionList_WhenResolutionSetIsEmpty" />
    </UnitTest>
    <UnitTest name="WriteAppearanceExtenstionXml_ShouldWriteLineColor_WhenLineColorIsPresent" storage="d:\actions-runner\_work\xpco\xpco\mip\platformplugin\videoos.platform\unittest\bin\debug\net472\videoos.platform.tests.dll" id="394ee23f-1fe5-59c6-6460-7cc48bf68705">
      <Execution id="06e0a79f-d136-4fa7-9cf7-ac49d84dce87" />
      <TestMethod codeBase="D:\actions-runner\_work\XPCO\XPCO\MIP\PlatformPlugin\VideoOS.Platform\unittest\bin\Debug\net472\VideoOS.Platform.Tests.dll" adapterTypeName="executor://mstestadapter/v2" className="VideoOS.Platform.Tests.Metadata.RectangleTests" name="WriteAppearanceExtenstionXml_ShouldWriteLineColor_WhenLineColorIsPresent" />
    </UnitTest>
    <UnitTest name="BuildShapeOverlayWidthHeightBaseEvent_ShouldReturnCorrectNumberOfShapes_WhenArgumentIsAnalyticsEvent" storage="d:\actions-runner\_work\xpco\xpco\mip\platformplugin\videoos.platform\unittest\bin\debug\net472\videoos.platform.tests.dll" id="7b2725af-6cca-aaf7-125b-307ed988b6a3">
      <Execution id="90b0faf9-9066-4c62-8941-d82d04f999f9" />
      <TestMethod codeBase="D:\actions-runner\_work\XPCO\XPCO\MIP\PlatformPlugin\VideoOS.Platform\unittest\bin\Debug\net472\VideoOS.Platform.Tests.dll" adapterTypeName="executor://mstestadapter/v2" className="VideoOS.Platform.Tests.Util.AnalyticsOverlayBuilderTests" name="BuildShapeOverlayWidthHeightBaseEvent_ShouldReturnCorrectNumberOfShapes_WhenArgumentIsAnalyticsEvent" />
    </UnitTest>
    <UnitTest name="GenerateDeviceParameters_ShouldOmitQuality_WhenQualityIsZero" storage="d:\actions-runner\_work\xpco\xpco\mip\platformplugin\videoos.platform\unittest\bin\debug\net472\videoos.platform.tests.dll" id="6494ab94-5c0c-369b-99ff-59bfdd03b59b">
      <Execution id="8f266060-8f6a-4266-b363-49c19afed828" />
      <TestMethod codeBase="D:\actions-runner\_work\XPCO\XPCO\MIP\PlatformPlugin\VideoOS.Platform\unittest\bin\Debug\net472\VideoOS.Platform.Tests.dll" adapterTypeName="executor://mstestadapter/v2" className="VideoOS.Platform.Tests.Data.CameraDeviceDefinitionTests" name="GenerateDeviceParameters_ShouldOmitQuality_WhenQualityIsZero" />
    </UnitTest>
    <UnitTest name="Equals_ShouldReturnTrue_WhenHostIsTextualLocalhostAndOtherHostIsDottedDecimalLocalHost" storage="d:\actions-runner\_work\xpco\xpco\mip\platformplugin\videoos.platform\unittest\bin\debug\net472\videoos.platform.tests.dll" id="3f6286d5-3f69-a507-072d-04f3b3c184c5">
      <Execution id="34c60639-c9b3-4e59-83ef-cf1051b649fd" />
      <TestMethod codeBase="D:\actions-runner\_work\XPCO\XPCO\MIP\PlatformPlugin\VideoOS.Platform\unittest\bin\Debug\net472\VideoOS.Platform.Tests.dll" adapterTypeName="executor://mstestadapter/v2" className="VideoOS.Platform.Tests.ServerIdTests" name="Equals_ShouldReturnTrue_WhenHostIsTextualLocalhostAndOtherHostIsDottedDecimalLocalHost" />
    </UnitTest>
    <UnitTest name="AllAttributesWerePresent_ShouldReturnFalse_WhenBottomAttributeIsMissing" storage="d:\actions-runner\_work\xpco\xpco\mip\platformplugin\videoos.platform\unittest\bin\debug\net472\videoos.platform.tests.dll" id="4659fd71-0ee0-a506-0553-a81ccc9c9c0b">
      <Execution id="19227363-f72d-4771-bce2-db275815b988" />
      <TestMethod codeBase="D:\actions-runner\_work\XPCO\XPCO\MIP\PlatformPlugin\VideoOS.Platform\unittest\bin\Debug\net472\VideoOS.Platform.Tests.dll" adapterTypeName="executor://mstestadapter/v2" className="VideoOS.Platform.Tests.Metadata.RectangleTests" name="AllAttributesWerePresent_ShouldReturnFalse_WhenBottomAttributeIsMissing" />
    </UnitTest>
    <UnitTest name="SearializePlusDeserialize_ComplexObject_ShouldResultInSameString" storage="d:\actions-runner\_work\xpco\xpco\mip\platformplugin\videoos.platform\unittest\bin\debug\net472\videoos.platform.tests.dll" id="9be33bba-634e-2cc5-910a-418012d1f19f">
      <Execution id="ff17e31f-dc0f-4ec3-b02b-5dc9bccb8e07" />
      <TestMethod codeBase="D:\actions-runner\_work\XPCO\XPCO\MIP\PlatformPlugin\VideoOS.Platform\unittest\bin\Debug\net472\VideoOS.Platform.Tests.dll" adapterTypeName="executor://mstestadapter/v2" className="VideoOS.Platform.Tests.Proxy.RestApi.JsonObjectTests" name="SearializePlusDeserialize_ComplexObject_ShouldResultInSameString" />
    </UnitTest>
    <UnitTest name="ParameterConstruct4_FieldValues_Checked" storage="d:\actions-runner\_work\xpco\xpco\mip\platformplugin\videoos.platform\unittest\bin\debug\net472\videoos.platform.tests.dll" id="a298570a-a341-d8e8-abe3-7f25184c2524">
      <Execution id="d82ca49a-055d-476f-b7c5-e644360f389f" />
      <TestMethod codeBase="D:\actions-runner\_work\XPCO\XPCO\MIP\PlatformPlugin\VideoOS.Platform\unittest\bin\Debug\net472\VideoOS.Platform.Tests.dll" adapterTypeName="executor://mstestadapter/v2" className="VideoOS.Platform.Tests.FQIDtests" name="ParameterConstruct4_FieldValues_Checked" />
    </UnitTest>
    <UnitTest name="Encrypt_PropertyIsSetToTrue_EncryptIsTrue" storage="d:\actions-runner\_work\xpco\xpco\mip\platformplugin\videoos.platform\unittest\bin\debug\net472\videoos.platform.tests.dll" id="c484feb4-af2e-2886-69bb-e210e70b626b">
      <Execution id="96c5f8a3-b46f-45bf-b917-0cb33a40532b" />
      <TestMethod codeBase="D:\actions-runner\_work\XPCO\XPCO\MIP\PlatformPlugin\VideoOS.Platform\unittest\bin\Debug\net472\VideoOS.Platform.Tests.dll" adapterTypeName="executor://mstestadapter/v2" className="VideoOS.Platform.Tests.ItemTests" name="Encrypt_PropertyIsSetToTrue_EncryptIsTrue" />
    </UnitTest>
    <UnitTest name="ReadXml_ShouldSetAllFieldsToDefaultValues_WhenElementIsEmpty" storage="d:\actions-runner\_work\xpco\xpco\mip\platformplugin\videoos.platform\unittest\bin\debug\net472\videoos.platform.tests.dll" id="477f61b0-5c9c-b3c6-17b8-c096885b5954">
      <Execution id="ecc1493c-61f8-4a66-9cc7-bb65a0e6dd23" />
      <TestMethod codeBase="D:\actions-runner\_work\XPCO\XPCO\MIP\PlatformPlugin\VideoOS.Platform\unittest\bin\Debug\net472\VideoOS.Platform.Tests.dll" adapterTypeName="executor://mstestadapter/v2" className="VideoOS.Platform.Tests.Metadata.ClassCandidateTests" name="ReadXml_ShouldSetAllFieldsToDefaultValues_WhenElementIsEmpty" />
    </UnitTest>
    <UnitTest name="Serialize_ShouldHandleRecursiveProperty" storage="d:\actions-runner\_work\xpco\xpco\mip\platformplugin\videoos.platform\unittest\bin\debug\net472\videoos.platform.tests.dll" id="16af9e4d-1460-4181-5a4a-fd51a2b844f5">
      <Execution id="b0c8d693-701e-441f-b05e-2984cff8989e" />
      <TestMethod codeBase="D:\actions-runner\_work\XPCO\XPCO\MIP\PlatformPlugin\VideoOS.Platform\unittest\bin\Debug\net472\VideoOS.Platform.Tests.dll" adapterTypeName="executor://mstestadapter/v2" className="VideoOS.Platform.Tests.UI.Controls.Automation.Serialization.AutomationObjectSerializerRecursionTests" name="Serialize_ShouldHandleRecursiveProperty" />
    </UnitTest>
    <UnitTest name="OnSearchResultsReady_NoEventHandler_DoesNotCrash" storage="d:\actions-runner\_work\xpco\xpco\mip\platformplugin\videoos.platform\unittest\bin\debug\net472\videoos.platform.tests.dll" id="5e776647-f32b-7555-92cc-51ddf06fbbb5">
      <TestCategory>
        <TestCategoryItem TestCategory="Search" />
      </TestCategory>
      <Execution id="dee97888-2cc8-4d7b-8bef-8726010df186" />
      <TestMethod codeBase="D:\actions-runner\_work\XPCO\XPCO\MIP\PlatformPlugin\VideoOS.Platform\unittest\bin\Debug\net472\VideoOS.Platform.Tests.dll" adapterTypeName="executor://mstestadapter/v2" className="VideoOS.Platform.Tests.Search.SearchDefinitionTest" name="OnSearchResultsReady_NoEventHandler_DoesNotCrash" />
    </UnitTest>
    <UnitTest name="Serialize_TestCases (Verify root String (not null) property)" storage="d:\actions-runner\_work\xpco\xpco\mip\platformplugin\videoos.platform\unittest\bin\debug\net472\videoos.platform.tests.dll" id="935bdf43-855a-f0b1-5928-21e0e8057f44">
      <Execution id="342572bf-6517-4b66-9519-bd8a255faa83" />
      <TestMethod codeBase="D:\actions-runner\_work\XPCO\XPCO\MIP\PlatformPlugin\VideoOS.Platform\unittest\bin\Debug\net472\VideoOS.Platform.Tests.dll" adapterTypeName="executor://mstestadapter/v2" className="VideoOS.Platform.Tests.UI.Controls.Automation.Serialization.AutomationObjectSerializerTest" name="Serialize_TestCases" />
    </UnitTest>
    <UnitTest name="Equals_Fail_OnObjectString" storage="d:\actions-runner\_work\xpco\xpco\mip\platformplugin\videoos.platform\unittest\bin\debug\net472\videoos.platform.tests.dll" id="897d70f0-e357-0848-3b55-d93cbcae3720">
      <Execution id="3e375580-d373-4617-b0e9-cff73615969d" />
      <TestMethod codeBase="D:\actions-runner\_work\XPCO\XPCO\MIP\PlatformPlugin\VideoOS.Platform\unittest\bin\Debug\net472\VideoOS.Platform.Tests.dll" adapterTypeName="executor://mstestadapter/v2" className="VideoOS.Platform.Tests.FQIDtests" name="Equals_Fail_OnObjectString" />
    </UnitTest>
    <UnitTest name="GetFilterValues_EmptyValueAdded_ReturnsEmptyCollection" storage="d:\actions-runner\_work\xpco\xpco\mip\platformplugin\videoos.platform\unittest\bin\debug\net472\videoos.platform.tests.dll" id="0b5213c6-1e29-5592-48df-383ab2a80365">
      <TestCategory>
        <TestCategoryItem TestCategory="Search" />
      </TestCategory>
      <Execution id="d10bd5a9-436c-46bd-9793-f99c9996e86b" />
      <TestMethod codeBase="D:\actions-runner\_work\XPCO\XPCO\MIP\PlatformPlugin\VideoOS.Platform\unittest\bin\Debug\net472\VideoOS.Platform.Tests.dll" adapterTypeName="executor://mstestadapter/v2" className="VideoOS.Platform.Tests.Search.SearchCriteriaTest" name="GetFilterValues_EmptyValueAdded_ReturnsEmptyCollection" />
    </UnitTest>
    <UnitTest name="IsEmptyValue_SelectionFilterValue_NoSelections_ReturnsTrue" storage="d:\actions-runner\_work\xpco\xpco\mip\platformplugin\videoos.platform\unittest\bin\debug\net472\videoos.platform.tests.dll" id="82a5b9a3-0552-89d0-c528-c8a8c76f5d9f">
      <TestCategory>
        <TestCategoryItem TestCategory="Search" />
      </TestCategory>
      <Execution id="29a841c6-c0f8-4cf4-b969-aeae98cf1c5b" />
      <TestMethod codeBase="D:\actions-runner\_work\XPCO\XPCO\MIP\PlatformPlugin\VideoOS.Platform\unittest\bin\Debug\net472\VideoOS.Platform.Tests.dll" adapterTypeName="executor://mstestadapter/v2" className="VideoOS.Platform.Tests.Search.SearchFilterTest" name="IsEmptyValue_SelectionFilterValue_NoSelections_ReturnsTrue" />
    </UnitTest>
    <UnitTest name="WriteXml_ShouldOmitBoundingBoxAppearanceElements_WhenTheyAreNotPresent" storage="d:\actions-runner\_work\xpco\xpco\mip\platformplugin\videoos.platform\unittest\bin\debug\net472\videoos.platform.tests.dll" id="4fc7265c-8aa9-4dcf-df19-f51dedafe8a7">
      <Execution id="6e576557-714c-4f4a-bfa9-57264cf8ba0a" />
      <TestMethod codeBase="D:\actions-runner\_work\XPCO\XPCO\MIP\PlatformPlugin\VideoOS.Platform\unittest\bin\Debug\net472\VideoOS.Platform.Tests.dll" adapterTypeName="executor://mstestadapter/v2" className="VideoOS.Platform.Tests.Metadata.ShapeTests" name="WriteXml_ShouldOmitBoundingBoxAppearanceElements_WhenTheyAreNotPresent" />
    </UnitTest>
    <UnitTest name="Decrypt_ShouldThrowMIPException_WhenCalledOnFIPSEnabledMachine" storage="d:\actions-runner\_work\xpco\xpco\mip\platformplugin\videoos.platform\unittest\bin\debug\net472\videoos.platform.tests.dll" id="781c6c8a-3177-25ba-5828-fb732829d7b1">
      <Execution id="6c31a356-18e3-4404-90bb-c36162f13e99" />
      <TestMethod codeBase="D:\actions-runner\_work\XPCO\XPCO\MIP\PlatformPlugin\VideoOS.Platform\unittest\bin\Debug\net472\VideoOS.Platform.Tests.dll" adapterTypeName="executor://mstestadapter/v2" className="VideoOS.Platform.Tests.License.NonFipsLicenseCompatibilityHandlerTests" name="Decrypt_ShouldThrowMIPException_WhenCalledOnFIPSEnabledMachine" />
    </UnitTest>
    <UnitTest name="GetChildItems_ShouldReturnItems_WhenAllAreAdded" storage="d:\actions-runner\_work\xpco\xpco\mip\platformplugin\videoos.platform\unittest\bin\debug\net472\videoos.platform.tests.dll" id="0604c1ff-5540-6793-d2f8-19a426df7742">
      <Execution id="7e58cd08-34c9-45bc-8892-eebc78f37369" />
      <TestMethod codeBase="D:\actions-runner\_work\XPCO\XPCO\MIP\PlatformPlugin\VideoOS.Platform\unittest\bin\Debug\net472\VideoOS.Platform.Tests.dll" adapterTypeName="executor://mstestadapter/v2" className="VideoOS.Platform.Tests.Util.ConfigurationCacheTests" name="GetChildItems_ShouldReturnItems_WhenAllAreAdded" />
    </UnitTest>
    <UnitTest name="EqualGuids_Fail_OnServerIdNull" storage="d:\actions-runner\_work\xpco\xpco\mip\platformplugin\videoos.platform\unittest\bin\debug\net472\videoos.platform.tests.dll" id="f33839d1-0a95-c027-0a9d-468e94c3e8f8">
      <Execution id="12cc843c-723d-4620-aef6-f2b4572e996d" />
      <TestMethod codeBase="D:\actions-runner\_work\XPCO\XPCO\MIP\PlatformPlugin\VideoOS.Platform\unittest\bin\Debug\net472\VideoOS.Platform.Tests.dll" adapterTypeName="executor://mstestadapter/v2" className="VideoOS.Platform.Tests.FQIDtests" name="EqualGuids_Fail_OnServerIdNull" />
    </UnitTest>
    <UnitTest name="ReadXml_ShouldLogWarning_WhenRequiredAttributeIsMissing" storage="d:\actions-runner\_work\xpco\xpco\mip\platformplugin\videoos.platform\unittest\bin\debug\net472\videoos.platform.tests.dll" id="a53b6d0c-a89a-620c-77ca-f9530854f6a0">
      <Execution id="87a32455-4689-487a-a598-c718f919f518" />
      <TestMethod codeBase="D:\actions-runner\_work\XPCO\XPCO\MIP\PlatformPlugin\VideoOS.Platform\unittest\bin\Debug\net472\VideoOS.Platform.Tests.dll" adapterTypeName="executor://mstestadapter/v2" className="VideoOS.Platform.Tests.Metadata.FrameTests" name="ReadXml_ShouldLogWarning_WhenRequiredAttributeIsMissing" />
    </UnitTest>
    <UnitTest name="TestRestartSearch_DefinitionNotRespectingCancellation_Success" storage="d:\actions-runner\_work\xpco\xpco\mip\platformplugin\videoos.platform\unittest\bin\debug\net472\videoos.platform.tests.dll" id="1ac2e93a-b365-1e96-2efb-b968ca2d75c7">
      <TestCategory>
        <TestCategoryItem TestCategory="Search" />
      </TestCategory>
      <Execution id="f5277d3b-c86e-47cd-9302-db73d8f1eb82" />
      <TestMethod codeBase="D:\actions-runner\_work\XPCO\XPCO\MIP\PlatformPlugin\VideoOS.Platform\unittest\bin\Debug\net472\VideoOS.Platform.Tests.dll" adapterTypeName="executor://mstestadapter/v2" className="VideoOS.Platform.Tests.Search.SearchManagerTest" name="TestRestartSearch_DefinitionNotRespectingCancellation_Success" />
    </UnitTest>
    <UnitTest name="BuildOverlayWidthHeightBaseEvent_ShouldReturnCorrectSizedBitmap_WhenArgumentIsEventData" storage="d:\actions-runner\_work\xpco\xpco\mip\platformplugin\videoos.platform\unittest\bin\debug\net472\videoos.platform.tests.dll" id="8f38f84f-ef7b-c71d-fc5d-8932529a4a0f">
      <Execution id="ae2151d7-f067-4646-bedd-6526a880c4ad" />
      <TestMethod codeBase="D:\actions-runner\_work\XPCO\XPCO\MIP\PlatformPlugin\VideoOS.Platform\unittest\bin\Debug\net472\VideoOS.Platform.Tests.dll" adapterTypeName="executor://mstestadapter/v2" className="VideoOS.Platform.Tests.Util.AnalyticsOverlayBuilderTests" name="BuildOverlayWidthHeightBaseEvent_ShouldReturnCorrectSizedBitmap_WhenArgumentIsEventData" />
    </UnitTest>
    <UnitTest name="ReadXml_ShouldReadCenterOfGravityContents_WhenCenterOfGravityIsPresent" storage="d:\actions-runner\_work\xpco\xpco\mip\platformplugin\videoos.platform\unittest\bin\debug\net472\videoos.platform.tests.dll" id="ae12437f-7020-f7d7-46c0-7bcbf7d4412c">
      <Execution id="04f9e186-256a-444f-92b8-98f520afd83d" />
      <TestMethod codeBase="D:\actions-runner\_work\XPCO\XPCO\MIP\PlatformPlugin\VideoOS.Platform\unittest\bin\Debug\net472\VideoOS.Platform.Tests.dll" adapterTypeName="executor://mstestadapter/v2" className="VideoOS.Platform.Tests.Metadata.ShapeTests" name="ReadXml_ShouldReadCenterOfGravityContents_WhenCenterOfGravityIsPresent" />
    </UnitTest>
    <UnitTest name="Serialize_TestCases (TestParentTypeMatchObjectThisTypeMatched)" storage="d:\actions-runner\_work\xpco\xpco\mip\platformplugin\videoos.platform\unittest\bin\debug\net472\videoos.platform.tests.dll" id="7603cc3a-7642-d05f-79c1-6c139b33135d">
      <Execution id="267ed5ff-bbf4-48cd-b28c-71031d60efa6" />
      <TestMethod codeBase="D:\actions-runner\_work\XPCO\XPCO\MIP\PlatformPlugin\VideoOS.Platform\unittest\bin\Debug\net472\VideoOS.Platform.Tests.dll" adapterTypeName="executor://mstestadapter/v2" className="VideoOS.Platform.Tests.UI.Controls.Automation.Serialization.AutomationObjectSerializerTest" name="Serialize_TestCases" />
    </UnitTest>
    <UnitTest name="ToJson_ListElement_Array_Exception" storage="d:\actions-runner\_work\xpco\xpco\mip\platformplugin\videoos.platform\unittest\bin\debug\net472\videoos.platform.tests.dll" id="67c0ea39-eacf-68a7-bc2c-66d2ee840cfb">
      <Execution id="3ee8bbc9-93c0-404d-bdcd-bd53dec79244" />
      <TestMethod codeBase="D:\actions-runner\_work\XPCO\XPCO\MIP\PlatformPlugin\VideoOS.Platform\unittest\bin\Debug\net472\VideoOS.Platform.Tests.dll" adapterTypeName="executor://mstestadapter/v2" className="VideoOS.Platform.Tests.Proxy.RestApi.JsonReaderTests" name="ToJson_ListElement_Array_Exception" />
    </UnitTest>
    <UnitTest name="Equals_Fail_OnObjectId" storage="d:\actions-runner\_work\xpco\xpco\mip\platformplugin\videoos.platform\unittest\bin\debug\net472\videoos.platform.tests.dll" id="98f0d9fe-377f-6918-fb53-39e46ecb4f9d">
      <Execution id="41e26140-2980-4022-ac64-8f598a354c4f" />
      <TestMethod codeBase="D:\actions-runner\_work\XPCO\XPCO\MIP\PlatformPlugin\VideoOS.Platform\unittest\bin\Debug\net472\VideoOS.Platform.Tests.dll" adapterTypeName="executor://mstestadapter/v2" className="VideoOS.Platform.Tests.FQIDtests" name="Equals_Fail_OnObjectId" />
    </UnitTest>
    <UnitTest name="Serialize_ShouldHandleCollectionFilter_WhenMatchingCollectionTypeAndItDoesNotMatch" storage="d:\actions-runner\_work\xpco\xpco\mip\platformplugin\videoos.platform\unittest\bin\debug\net472\videoos.platform.tests.dll" id="0378ed59-f976-b4fc-9f2f-d68f313306f2">
      <Execution id="5b6558f5-783e-485f-9fe1-becf6d15b7ad" />
      <TestMethod codeBase="D:\actions-runner\_work\XPCO\XPCO\MIP\PlatformPlugin\VideoOS.Platform\unittest\bin\Debug\net472\VideoOS.Platform.Tests.dll" adapterTypeName="executor://mstestadapter/v2" className="VideoOS.Platform.Tests.UI.Controls.Automation.Serialization.AutomationObjectSerializerTypeFilterTests" name="Serialize_ShouldHandleCollectionFilter_WhenMatchingCollectionTypeAndItDoesNotMatch" />
    </UnitTest>
    <UnitTest name="Convert_SingleArgumentConverter_ShouldReturnConvertedValue_WhenArgumentMatches" storage="d:\actions-runner\_work\xpco\xpco\mip\platformplugin\videoos.platform\unittest\bin\debug\net472\videoos.platform.tests.dll" id="40f611b9-74bd-86c9-77cc-098126b9a943">
      <Execution id="550981f4-c395-4052-a3dc-0c740657c32a" />
      <TestMethod codeBase="D:\actions-runner\_work\XPCO\XPCO\MIP\PlatformPlugin\VideoOS.Platform\unittest\bin\Debug\net472\VideoOS.Platform.Tests.dll" adapterTypeName="executor://mstestadapter/v2" className="VideoOS.Platform.Tests.UI.Converters.LambdaConverterTest" name="Convert_SingleArgumentConverter_ShouldReturnConvertedValue_WhenArgumentMatches" />
    </UnitTest>
    <UnitTest name="ProvideValue_ShouldUseCompleteDataContextAsContent_WhenItemDataPropertyNameIsNotSet" storage="d:\actions-runner\_work\xpco\xpco\mip\platformplugin\videoos.platform\unittest\bin\debug\net472\videoos.platform.tests.dll" id="39e900e7-994b-131a-bce2-a45a9207a809">
      <TestCategory>
        <TestCategoryItem TestCategory="TabControls" />
      </TestCategory>
      <Execution id="033a4ddb-a9d9-4750-a8d1-f0b452ffadf3" />
      <TestMethod codeBase="D:\actions-runner\_work\XPCO\XPCO\MIP\PlatformPlugin\VideoOS.Platform\unittest\bin\Debug\net472\VideoOS.Platform.Tests.dll" adapterTypeName="executor://mstestadapter/v2" className="VideoOS.Platform.Tests.UI.Controls.TabControls.Internal.Primary.ItemContentExtensionTest" name="ProvideValue_ShouldUseCompleteDataContextAsContent_WhenItemDataPropertyNameIsNotSet" />
    </UnitTest>
    <UnitTest name="ModifyCollection_ShouldNotInvokeCallback_WhenNotObservable" storage="d:\actions-runner\_work\xpco\xpco\mip\platformplugin\videoos.platform\unittest\bin\debug\net472\videoos.platform.tests.dll" id="9229072f-c39c-5db3-f28b-10c8f4ae4c45">
      <Execution id="34753b46-c4a1-43a4-acaa-aa75e7b4ec7c" />
      <TestMethod codeBase="D:\actions-runner\_work\XPCO\XPCO\MIP\PlatformPlugin\VideoOS.Platform\unittest\bin\Debug\net472\VideoOS.Platform.Tests.dll" adapterTypeName="executor://mstestadapter/v2" className="VideoOS.Platform.Tests.UI.Controls.CollectionHelperGenericTest" name="ModifyCollection_ShouldNotInvokeCallback_WhenNotObservable" />
    </UnitTest>
    <UnitTest name="Ctor_TwoStandardFiltersAndTwoCustomFilters_Success" storage="d:\actions-runner\_work\xpco\xpco\mip\platformplugin\videoos.platform\unittest\bin\debug\net472\videoos.platform.tests.dll" id="bdfc35c1-636f-aaf9-5506-e97d44bad92c">
      <TestCategory>
        <TestCategoryItem TestCategory="Search" />
      </TestCategory>
      <Execution id="14d4f4d0-b737-48e5-ab3d-919a748f7ccc" />
      <TestMethod codeBase="D:\actions-runner\_work\XPCO\XPCO\MIP\PlatformPlugin\VideoOS.Platform\unittest\bin\Debug\net472\VideoOS.Platform.Tests.dll" adapterTypeName="executor://mstestadapter/v2" className="VideoOS.Platform.Tests.Search.FilterCategories.PersonSearchFilterCategoryTest" name="Ctor_TwoStandardFiltersAndTwoCustomFilters_Success" />
    </UnitTest>
    <UnitTest name="ReadAppearanceExtensionXml_ShouldNotSetBoundingBoxFillColor_WhenBoundingBoxFillColorIsNotPresent" storage="d:\actions-runner\_work\xpco\xpco\mip\platformplugin\videoos.platform\unittest\bin\debug\net472\videoos.platform.tests.dll" id="c0b96a1c-b0d5-ece3-3b78-6c5f48ca51fc">
      <Execution id="b0d34c82-e880-43c6-bd63-342fba9701dc" />
      <TestMethod codeBase="D:\actions-runner\_work\XPCO\XPCO\MIP\PlatformPlugin\VideoOS.Platform\unittest\bin\Debug\net472\VideoOS.Platform.Tests.dll" adapterTypeName="executor://mstestadapter/v2" className="VideoOS.Platform.Tests.Metadata.RectangleTests" name="ReadAppearanceExtensionXml_ShouldNotSetBoundingBoxFillColor_WhenBoundingBoxFillColorIsNotPresent" />
    </UnitTest>
    <UnitTest name="ReadyToCloseEvent_CancelCommand_SingleSelect_Thrown" storage="d:\actions-runner\_work\xpco\xpco\mip\platformplugin\videoos.platform\unittest\bin\debug\net472\videoos.platform.tests.dll" id="ea0e0dc8-9c54-bf6a-2be9-fcc231898886">
      <Execution id="b597faf2-3b03-4e36-8d40-7c429f2d1ee1" />
      <TestMethod codeBase="D:\actions-runner\_work\XPCO\XPCO\MIP\PlatformPlugin\VideoOS.Platform\unittest\bin\Debug\net472\VideoOS.Platform.Tests.dll" adapterTypeName="executor://mstestadapter/v2" className="VideoOS.Platform.Tests.UI.ItemPicker.ItemPickerWindowViewModelTest" name="ReadyToCloseEvent_CancelCommand_SingleSelect_Thrown" />
    </UnitTest>
    <UnitTest name="TestMultiLevelQueue_TwoLevels_IdleLevelQueueDisposed_Success" storage="d:\actions-runner\_work\xpco\xpco\mip\platformplugin\videoos.platform\unittest\bin\debug\net472\videoos.platform.tests.dll" id="97bf175b-3437-3a0c-6b6e-4f876d982b3c">
      <Execution id="2a67402b-b54b-4917-8daf-6ddb90a7b960" />
      <TestMethod codeBase="D:\actions-runner\_work\XPCO\XPCO\MIP\PlatformPlugin\VideoOS.Platform\unittest\bin\Debug\net472\VideoOS.Platform.Tests.dll" adapterTypeName="executor://mstestadapter/v2" className="VideoOS.Platform.Tests.Util.Queue.MultiLevelResourceQueueTests" name="TestMultiLevelQueue_TwoLevels_IdleLevelQueueDisposed_Success" />
    </UnitTest>
    <UnitTest name="AppendItemPicked_MultiSelect_AppendTwoItems_BothSelected" storage="d:\actions-runner\_work\xpco\xpco\mip\platformplugin\videoos.platform\unittest\bin\debug\net472\videoos.platform.tests.dll" id="fbabebe5-f475-8769-2079-7693b5c62d8c">
      <Execution id="2df0894d-f552-4ddb-8c3d-27cec8cc1c2e" />
      <TestMethod codeBase="D:\actions-runner\_work\XPCO\XPCO\MIP\PlatformPlugin\VideoOS.Platform\unittest\bin\Debug\net472\VideoOS.Platform.Tests.dll" adapterTypeName="executor://mstestadapter/v2" className="VideoOS.Platform.Tests.UI.ItemPicker.ItemPickerViewModelTest" name="AppendItemPicked_MultiSelect_AppendTwoItems_BothSelected" />
    </UnitTest>
    <UnitTest name="JsonReader_ErrorResponse_Success" storage="d:\actions-runner\_work\xpco\xpco\mip\platformplugin\videoos.platform\unittest\bin\debug\net472\videoos.platform.tests.dll" id="e683acf1-8f1f-37ca-c494-91edf8586d46">
      <Execution id="65b98de5-13f2-41af-ba65-7b5ab5d0d7ca" />
      <TestMethod codeBase="D:\actions-runner\_work\XPCO\XPCO\MIP\PlatformPlugin\VideoOS.Platform\unittest\bin\Debug\net472\VideoOS.Platform.Tests.dll" adapterTypeName="executor://mstestadapter/v2" className="VideoOS.Platform.Tests.Proxy.RestApi.JsonReaderTests" name="JsonReader_ErrorResponse_Success" />
    </UnitTest>
    <UnitTest name="WriteMetadataXmlWithStream_ShouldWriteRootElement_WhenDataIsPresent" storage="d:\actions-runner\_work\xpco\xpco\mip\platformplugin\videoos.platform\unittest\bin\debug\net472\videoos.platform.tests.dll" id="c4adad9d-ea20-a13f-97f1-44293498d06e">
      <Execution id="5d969b5a-b815-4ba4-908b-064ef0920971" />
      <TestMethod codeBase="D:\actions-runner\_work\XPCO\XPCO\MIP\PlatformPlugin\VideoOS.Platform\unittest\bin\Debug\net472\VideoOS.Platform.Tests.dll" adapterTypeName="executor://mstestadapter/v2" className="VideoOS.Platform.Tests.Metadata.MetadataSerializerTests" name="WriteMetadataXmlWithStream_ShouldWriteRootElement_WhenDataIsPresent" />
    </UnitTest>
    <UnitTest name="TestStartSearch_MultipleSearchesOnSameDefinition_WhereLastSearchThrowsException_Success" storage="d:\actions-runner\_work\xpco\xpco\mip\platformplugin\videoos.platform\unittest\bin\debug\net472\videoos.platform.tests.dll" id="4f7d823c-5866-aa3b-4a40-ca5bc159ad3e">
      <TestCategory>
        <TestCategoryItem TestCategory="Search" />
      </TestCategory>
      <Execution id="6b4d3668-b02e-427a-a79a-51ff29d66698" />
      <TestMethod codeBase="D:\actions-runner\_work\XPCO\XPCO\MIP\PlatformPlugin\VideoOS.Platform\unittest\bin\Debug\net472\VideoOS.Platform.Tests.dll" adapterTypeName="executor://mstestadapter/v2" className="VideoOS.Platform.Tests.Search.SearchManagerTest" name="TestStartSearch_MultipleSearchesOnSameDefinition_WhereLastSearchThrowsException_Success" />
    </UnitTest>
    <UnitTest name="Remove_KeyPresent_ReturnsTrueAndGetReturnsNullAndPostRemovalActionExecuted" storage="d:\actions-runner\_work\xpco\xpco\mip\platformplugin\videoos.platform\unittest\bin\debug\net472\videoos.platform.tests.dll" id="40d07a9e-35f0-7d7b-e40e-ceb656623def">
      <Execution id="38010412-ac7a-430a-ab71-3d1bfb902405" />
      <TestMethod codeBase="D:\actions-runner\_work\XPCO\XPCO\MIP\PlatformPlugin\VideoOS.Platform\unittest\bin\Debug\net472\VideoOS.Platform.Tests.dll" adapterTypeName="executor://mstestadapter/v2" className="VideoOS.Platform.Tests.Util.Queue.LRUCacheTests" name="Remove_KeyPresent_ReturnsTrueAndGetReturnsNullAndPostRemovalActionExecuted" />
    </UnitTest>
    <UnitTest name="Serialize_TestCases (TestParentCollectionEmptyArrayPropertyProperty)" storage="d:\actions-runner\_work\xpco\xpco\mip\platformplugin\videoos.platform\unittest\bin\debug\net472\videoos.platform.tests.dll" id="a0021c28-c68a-0206-6b10-c92f5347c415">
      <Execution id="7b3661f6-ef56-4170-838d-21414e103e8f" />
      <TestMethod codeBase="D:\actions-runner\_work\XPCO\XPCO\MIP\PlatformPlugin\VideoOS.Platform\unittest\bin\Debug\net472\VideoOS.Platform.Tests.dll" adapterTypeName="executor://mstestadapter/v2" className="VideoOS.Platform.Tests.UI.Controls.Automation.Serialization.AutomationObjectSerializerTest" name="Serialize_TestCases" />
    </UnitTest>
    <UnitTest name="TestConstructor_NullException_Failure" storage="d:\actions-runner\_work\xpco\xpco\mip\platformplugin\videoos.platform\unittest\bin\debug\net472\videoos.platform.tests.dll" id="af06fbb9-e295-bbc5-951e-25addabec280">
      <Execution id="ea227425-04ca-4cbf-a450-b2f84cab07f2" />
      <TestMethod codeBase="D:\actions-runner\_work\XPCO\XPCO\MIP\PlatformPlugin\VideoOS.Platform\unittest\bin\Debug\net472\VideoOS.Platform.Tests.dll" adapterTypeName="executor://mstestadapter/v2" className="VideoOS.Platform.Tests.Search.Error.UnknownSearchErrorTest" name="TestConstructor_NullException_Failure" />
    </UnitTest>
    <UnitTest name="GetMetadataObjectsAsync_ClearCachedData_DelegatedToInternalMethodTwice" storage="d:\actions-runner\_work\xpco\xpco\mip\platformplugin\videoos.platform\unittest\bin\debug\net472\videoos.platform.tests.dll" id="9fe19c9a-7103-2abd-228a-09e45881c4bc">
      <TestCategory>
        <TestCategoryItem TestCategory="Search" />
      </TestCategory>
      <Execution id="f7b98afc-d914-4332-a8e4-1c1243bb6dd2" />
      <TestMethod codeBase="D:\actions-runner\_work\XPCO\XPCO\MIP\PlatformPlugin\VideoOS.Platform\unittest\bin\Debug\net472\VideoOS.Platform.Tests.dll" adapterTypeName="executor://mstestadapter/v2" className="VideoOS.Platform.Tests.Search.SearchResultDataTest" name="GetMetadataObjectsAsync_ClearCachedData_DelegatedToInternalMethodTwice" />
    </UnitTest>
    <UnitTest name="InitializeThemingSystem_ShouldNotThrowException" storage="d:\actions-runner\_work\xpco\xpco\mip\platformplugin\videoos.platform\unittest\bin\debug\net472\videoos.platform.tests.dll" id="a7d84506-07b5-7ff8-9127-f0b1cfa053da">
      <TestCategory>
        <TestCategoryItem TestCategory="ThemeManager" />
      </TestCategory>
      <Execution id="e3554c7e-4cc9-419c-8bb7-e94054830995" />
      <TestMethod codeBase="D:\actions-runner\_work\XPCO\XPCO\MIP\PlatformPlugin\VideoOS.Platform\unittest\bin\Debug\net472\VideoOS.Platform.Tests.dll" adapterTypeName="executor://mstestadapter/v2" className="VideoOS.Platform.Tests.UI.ThemeManagerTest" name="InitializeThemingSystem_ShouldNotThrowException" />
    </UnitTest>
    <UnitTest name="AllAttributesWerePresent_ShouldReturnFalse_WhenLeftAttributeIsNotAFloat" storage="d:\actions-runner\_work\xpco\xpco\mip\platformplugin\videoos.platform\unittest\bin\debug\net472\videoos.platform.tests.dll" id="f08cfdea-d0f9-0ea6-0706-b620f15a9fb4">
      <Execution id="e8d86721-2714-4cec-afaf-a78092e2a439" />
      <TestMethod codeBase="D:\actions-runner\_work\XPCO\XPCO\MIP\PlatformPlugin\VideoOS.Platform\unittest\bin\Debug\net472\VideoOS.Platform.Tests.dll" adapterTypeName="executor://mstestadapter/v2" className="VideoOS.Platform.Tests.Metadata.RectangleTests" name="AllAttributesWerePresent_ShouldReturnFalse_WhenLeftAttributeIsNotAFloat" />
    </UnitTest>
    <UnitTest name="UtcTimeAttributeWasPresent_ShouldReturnFalse_WhenUtcTimeAttributeIsMissing" storage="d:\actions-runner\_work\xpco\xpco\mip\platformplugin\videoos.platform\unittest\bin\debug\net472\videoos.platform.tests.dll" id="cb973932-552d-edc5-fa30-c27e003b5121">
      <Execution id="fc6733b5-9240-484a-a53b-080a66f8d8dc" />
      <TestMethod codeBase="D:\actions-runner\_work\XPCO\XPCO\MIP\PlatformPlugin\VideoOS.Platform\unittest\bin\Debug\net472\VideoOS.Platform.Tests.dll" adapterTypeName="executor://mstestadapter/v2" className="VideoOS.Platform.Tests.Metadata.FrameTests" name="UtcTimeAttributeWasPresent_ShouldReturnFalse_WhenUtcTimeAttributeIsMissing" />
    </UnitTest>
    <UnitTest name="TestStartSearch_ReturningResults_Success" storage="d:\actions-runner\_work\xpco\xpco\mip\platformplugin\videoos.platform\unittest\bin\debug\net472\videoos.platform.tests.dll" id="c1f74549-0e3d-e32b-3c71-cedfb9c5eef0">
      <TestCategory>
        <TestCategoryItem TestCategory="Search" />
      </TestCategory>
      <Execution id="f18d2280-6e5f-4ae4-92f1-439a91bf518a" />
      <TestMethod codeBase="D:\actions-runner\_work\XPCO\XPCO\MIP\PlatformPlugin\VideoOS.Platform\unittest\bin\Debug\net472\VideoOS.Platform.Tests.dll" adapterTypeName="executor://mstestadapter/v2" className="VideoOS.Platform.Tests.Search.SearchManagerTest" name="TestStartSearch_ReturningResults_Success" />
    </UnitTest>
    <UnitTest name="GetFrame_ShouldReturnNull_WhenThereAreNoFrames" storage="d:\actions-runner\_work\xpco\xpco\mip\platformplugin\videoos.platform\unittest\bin\debug\net472\videoos.platform.tests.dll" id="5b5b0b17-b74c-6ecb-201e-61f7e7362b6f">
      <Execution id="e705f798-bbf5-4680-8cd8-073b75fb4d41" />
      <TestMethod codeBase="D:\actions-runner\_work\XPCO\XPCO\MIP\PlatformPlugin\VideoOS.Platform\unittest\bin\Debug\net472\VideoOS.Platform.Tests.dll" adapterTypeName="executor://mstestadapter/v2" className="VideoOS.Platform.Tests.Metadata.MetadataStreamTests" name="GetFrame_ShouldReturnNull_WhenThereAreNoFrames" />
    </UnitTest>
    <UnitTest name="TestConstructorOverload_MultipleAgents_Success" storage="d:\actions-runner\_work\xpco\xpco\mip\platformplugin\videoos.platform\unittest\bin\debug\net472\videoos.platform.tests.dll" id="a7bf999b-c611-25a7-2ff7-438675e1866f">
      <TestCategory>
        <TestCategoryItem TestCategory="Search" />
      </TestCategory>
      <Execution id="d4662c31-112c-4673-834f-892d1447c9ee" />
      <TestMethod codeBase="D:\actions-runner\_work\XPCO\XPCO\MIP\PlatformPlugin\VideoOS.Platform\unittest\bin\Debug\net472\VideoOS.Platform.Tests.dll" adapterTypeName="executor://mstestadapter/v2" className="VideoOS.Platform.Tests.Search.SearchManagerTest" name="TestConstructorOverload_MultipleAgents_Success" />
    </UnitTest>
    <UnitTest name="Match_Fail_SystemType_WrongMessage" storage="d:\actions-runner\_work\xpco\xpco\mip\platformplugin\videoos.platform\unittest\bin\debug\net472\videoos.platform.tests.dll" id="c05fec08-28d3-c263-f7df-c8727f4f0b97">
      <Execution id="01acdb9a-cb43-41f2-817e-e23a19f416e1" />
      <TestMethod codeBase="D:\actions-runner\_work\XPCO\XPCO\MIP\PlatformPlugin\VideoOS.Platform\unittest\bin\Debug\net472\VideoOS.Platform.Tests.dll" adapterTypeName="executor://mstestadapter/v2" className="VideoOS.Platform.Tests.Messaging.CommunicationIdFilterTests" name="Match_Fail_SystemType_WrongMessage" />
    </UnitTest>
    <UnitTest name="Ctor_NullName_Throws" storage="d:\actions-runner\_work\xpco\xpco\mip\platformplugin\videoos.platform\unittest\bin\debug\net472\videoos.platform.tests.dll" id="7f634cbe-20c0-73ce-7a57-e27b44400638">
      <TestCategory>
        <TestCategoryItem TestCategory="Search" />
      </TestCategory>
      <Execution id="ec3b2882-cf89-46a5-85f7-96d4926734fb" />
      <TestMethod codeBase="D:\actions-runner\_work\XPCO\XPCO\MIP\PlatformPlugin\VideoOS.Platform\unittest\bin\Debug\net472\VideoOS.Platform.Tests.dll" adapterTypeName="executor://mstestadapter/v2" className="VideoOS.Platform.Tests.Search.FilterCategories.PersonSearchFilterCategoryTest" name="Ctor_NullName_Throws" />
    </UnitTest>
    <UnitTest name="WriteXml_ShouldWriteElements_WhenTheyHaveValues" storage="d:\actions-runner\_work\xpco\xpco\mip\platformplugin\videoos.platform\unittest\bin\debug\net472\videoos.platform.tests.dll" id="52804f86-16d4-c4e7-0a3e-5434b8ef0f30">
      <Execution id="51bc9104-99b1-428c-93b9-f7a8f568f190" />
      <TestMethod codeBase="D:\actions-runner\_work\XPCO\XPCO\MIP\PlatformPlugin\VideoOS.Platform\unittest\bin\Debug\net472\VideoOS.Platform.Tests.dll" adapterTypeName="executor://mstestadapter/v2" className="VideoOS.Platform.Tests.Metadata.NavigationalDataTests" name="WriteXml_ShouldWriteElements_WhenTheyHaveValues" />
    </UnitTest>
    <UnitTest name="TestCancelSearch_NoSearchToCancel_Success" storage="d:\actions-runner\_work\xpco\xpco\mip\platformplugin\videoos.platform\unittest\bin\debug\net472\videoos.platform.tests.dll" id="04c35346-28ec-f782-fc3a-52a05938a62a">
      <TestCategory>
        <TestCategoryItem TestCategory="Search" />
      </TestCategory>
      <Execution id="23298aa2-c28e-4a39-8d19-2a3409fa3930" />
      <TestMethod codeBase="D:\actions-runner\_work\XPCO\XPCO\MIP\PlatformPlugin\VideoOS.Platform\unittest\bin\Debug\net472\VideoOS.Platform.Tests.dll" adapterTypeName="executor://mstestadapter/v2" className="VideoOS.Platform.Tests.Search.SearchManagerTest" name="TestCancelSearch_NoSearchToCancel_Success" />
    </UnitTest>
    <UnitTest name="GetNearest_ShouldReturnNull_WhenTimestampIsBeforeFirstElement" storage="d:\actions-runner\_work\xpco\xpco\mip\platformplugin\videoos.platform\unittest\bin\debug\net472\videoos.platform.tests.dll" id="c199ff76-2997-edbd-0462-ba7539f412d3">
      <Execution id="9314ee6c-1ba5-4e24-b208-b115379b01a3" />
      <TestMethod codeBase="D:\actions-runner\_work\XPCO\XPCO\MIP\PlatformPlugin\VideoOS.Platform\unittest\bin\Debug\net472\VideoOS.Platform.Tests.dll" adapterTypeName="executor://mstestadapter/v2" className="VideoOS.Platform.Tests.Data.MetadataCacheTests" name="GetNearest_ShouldReturnNull_WhenTimestampIsBeforeFirstElement" />
    </UnitTest>
    <UnitTest name="GetItem_Rule_Success" storage="d:\actions-runner\_work\xpco\xpco\mip\platformplugin\videoos.platform\unittest\bin\debug\net472\videoos.platform.tests.dll" id="e4430911-be68-d9a0-a78d-87695990dd2b">
      <Execution id="d2e8c8d3-6c86-451e-8a5c-da5cbdd4ee21" />
      <TestMethod codeBase="D:\actions-runner\_work\XPCO\XPCO\MIP\PlatformPlugin\VideoOS.Platform\unittest\bin\Debug\net472\VideoOS.Platform.Tests.dll" adapterTypeName="executor://mstestadapter/v2" className="VideoOS.Platform.Tests.Proxy.RestApi.RestApiClientDecoratorTests" name="GetItem_Rule_Success" />
    </UnitTest>
    <UnitTest name="AppendItemPicked_SingleSelect" storage="d:\actions-runner\_work\xpco\xpco\mip\platformplugin\videoos.platform\unittest\bin\debug\net472\videoos.platform.tests.dll" id="0c1e1d3a-ed1f-c93a-037d-77d586b8b565">
      <Execution id="5086b29f-d021-4ea1-98ca-b5e452b30391" />
      <TestMethod codeBase="D:\actions-runner\_work\XPCO\XPCO\MIP\PlatformPlugin\VideoOS.Platform\unittest\bin\Debug\net472\VideoOS.Platform.Tests.dll" adapterTypeName="executor://mstestadapter/v2" className="VideoOS.Platform.Tests.UI.ItemPicker.ItemPickerViewModelTest" name="AppendItemPicked_SingleSelect" />
    </UnitTest>
    <UnitTest name="Match_Fail_SystemType_WrongType" storage="d:\actions-runner\_work\xpco\xpco\mip\platformplugin\videoos.platform\unittest\bin\debug\net472\videoos.platform.tests.dll" id="e5af325c-5bae-fda3-b423-271b64739afe">
      <Execution id="170d0660-bbf7-4d97-a6aa-805f1e753e1d" />
      <TestMethod codeBase="D:\actions-runner\_work\XPCO\XPCO\MIP\PlatformPlugin\VideoOS.Platform\unittest\bin\Debug\net472\VideoOS.Platform.Tests.dll" adapterTypeName="executor://mstestadapter/v2" className="VideoOS.Platform.Tests.Messaging.CommunicationIdFilterTests" name="Match_Fail_SystemType_WrongType" />
    </UnitTest>
    <UnitTest name="HasExtensionDataPresent_ShouldReturnTrue_WhenFillColorIsSet" storage="d:\actions-runner\_work\xpco\xpco\mip\platformplugin\videoos.platform\unittest\bin\debug\net472\videoos.platform.tests.dll" id="8ff1a4be-4c7a-03eb-1e8d-280cdf27a49d">
      <Execution id="9c7bc91b-bde4-45c5-b026-db66bc894cea" />
      <TestMethod codeBase="D:\actions-runner\_work\XPCO\XPCO\MIP\PlatformPlugin\VideoOS.Platform\unittest\bin\Debug\net472\VideoOS.Platform.Tests.dll" adapterTypeName="executor://mstestadapter/v2" className="VideoOS.Platform.Tests.Metadata.RectangleTests" name="HasExtensionDataPresent_ShouldReturnTrue_WhenFillColorIsSet" />
    </UnitTest>
    <UnitTest name="EqualGuids_Fail_OnOtherNull" storage="d:\actions-runner\_work\xpco\xpco\mip\platformplugin\videoos.platform\unittest\bin\debug\net472\videoos.platform.tests.dll" id="1ad3591a-ac8c-9e26-3467-6ee13c8cfd41">
      <Execution id="0800e432-4c30-49f4-96d1-e52a0e2a4084" />
      <TestMethod codeBase="D:\actions-runner\_work\XPCO\XPCO\MIP\PlatformPlugin\VideoOS.Platform\unittest\bin\Debug\net472\VideoOS.Platform.Tests.dll" adapterTypeName="executor://mstestadapter/v2" className="VideoOS.Platform.Tests.FQIDtests" name="EqualGuids_Fail_OnOtherNull" />
    </UnitTest>
    <UnitTest name="Append_2Element_String" storage="d:\actions-runner\_work\xpco\xpco\mip\platformplugin\videoos.platform\unittest\bin\debug\net472\videoos.platform.tests.dll" id="6a90276b-bdbd-5195-546b-d62b355d6d1e">
      <Execution id="4e9ee864-c71e-4971-bd9c-a887adb5281e" />
      <TestMethod codeBase="D:\actions-runner\_work\XPCO\XPCO\MIP\PlatformPlugin\VideoOS.Platform\unittest\bin\Debug\net472\VideoOS.Platform.Tests.dll" adapterTypeName="executor://mstestadapter/v2" className="VideoOS.Platform.Tests.Proxy.RestApi.JsonBuilderTests" name="Append_2Element_String" />
    </UnitTest>
    <UnitTest name="Ctor_WhitespaceName_Throws" storage="d:\actions-runner\_work\xpco\xpco\mip\platformplugin\videoos.platform\unittest\bin\debug\net472\videoos.platform.tests.dll" id="88e95bf1-e2f8-873d-5b44-49c57ad713ac">
      <TestCategory>
        <TestCategoryItem TestCategory="Search" />
      </TestCategory>
      <Execution id="964471bb-9dd5-4b5d-b1e8-a6cb68383470" />
      <TestMethod codeBase="D:\actions-runner\_work\XPCO\XPCO\MIP\PlatformPlugin\VideoOS.Platform\unittest\bin\Debug\net472\VideoOS.Platform.Tests.dll" adapterTypeName="executor://mstestadapter/v2" className="VideoOS.Platform.Tests.Search.FilterCategories.VehicleSearchFilterCategoryTest" name="Ctor_WhitespaceName_Throws" />
    </UnitTest>
    <UnitTest name="GetGenderFilterValues_MultiSelection_Success" storage="d:\actions-runner\_work\xpco\xpco\mip\platformplugin\videoos.platform\unittest\bin\debug\net472\videoos.platform.tests.dll" id="9201c682-a830-2984-3517-d5fbfb383f4a">
      <TestCategory>
        <TestCategoryItem TestCategory="Search" />
      </TestCategory>
      <Execution id="d6fcaa17-080c-46a7-a145-d4ef62254d20" />
      <TestMethod codeBase="D:\actions-runner\_work\XPCO\XPCO\MIP\PlatformPlugin\VideoOS.Platform\unittest\bin\Debug\net472\VideoOS.Platform.Tests.dll" adapterTypeName="executor://mstestadapter/v2" className="VideoOS.Platform.Tests.Search.FilterCategories.PersonSearchFilterCategoryTest" name="GetGenderFilterValues_MultiSelection_Success" />
    </UnitTest>
    <UnitTest name="GetBegin_ShouldReturnNull_WhenToolkitReturnsResponseWithNullDataList" storage="d:\actions-runner\_work\xpco\xpco\mip\platformplugin\videoos.platform\unittest\bin\debug\net472\videoos.platform.tests.dll" id="66298706-cc94-6c9f-0a35-7ab07950020d">
      <Execution id="acb07de8-d5bb-417b-99c2-16dd90563eb8" />
      <TestMethod codeBase="D:\actions-runner\_work\XPCO\XPCO\MIP\PlatformPlugin\VideoOS.Platform\unittest\bin\Debug\net472\VideoOS.Platform.Tests.dll" adapterTypeName="executor://mstestadapter/v2" className="VideoOS.Platform.Tests.Data.MetadataPlaybackSourceTests" name="GetBegin_ShouldReturnNull_WhenToolkitReturnsResponseWithNullDataList" />
    </UnitTest>
    <UnitTest name="BeginTimeShouldReturnConstructorParameter" storage="d:\actions-runner\_work\xpco\xpco\mip\platformplugin\videoos.platform\unittest\bin\debug\net472\videoos.platform.tests.dll" id="d131d3ee-68f2-b781-805c-3d38a16bf8a5">
      <Execution id="ed78e41b-978c-423a-8acc-b48813bb391f" />
      <TestMethod codeBase="D:\actions-runner\_work\XPCO\XPCO\MIP\PlatformPlugin\VideoOS.Platform\unittest\bin\Debug\net472\VideoOS.Platform.Tests.dll" adapterTypeName="executor://mstestadapter/v2" className="VideoOS.Platform.Tests.Live.MetadataLiveContentTests" name="BeginTimeShouldReturnConstructorParameter" />
    </UnitTest>
    <UnitTest name="RegistrationsObjectId_ShouldBeTheSameAsReleasedBeforeNonFips" storage="d:\actions-runner\_work\xpco\xpco\mip\platformplugin\videoos.platform\unittest\bin\debug\net472\videoos.platform.tests.dll" id="44436d34-8c47-a19f-150a-24d114c511ac">
      <Execution id="fae2037b-b696-4075-9515-a447e3fa64f0" />
      <TestMethod codeBase="D:\actions-runner\_work\XPCO\XPCO\MIP\PlatformPlugin\VideoOS.Platform\unittest\bin\Debug\net472\VideoOS.Platform.Tests.dll" adapterTypeName="executor://mstestadapter/v2" className="VideoOS.Platform.Tests.License.NonFipsLicenseCompatibilityHandlerTests" name="RegistrationsObjectId_ShouldBeTheSameAsReleasedBeforeNonFips" />
    </UnitTest>
    <UnitTest name="GetWithDateTime_ShouldReturnEntryAtOrBeforeFromToolkitResponse_WhenDataIsNotInCache" storage="d:\actions-runner\_work\xpco\xpco\mip\platformplugin\videoos.platform\unittest\bin\debug\net472\videoos.platform.tests.dll" id="a1b04750-d1fe-a25a-b502-6c3d91504173">
      <Execution id="12c8b4ff-11c3-453b-861a-62f039e9cc8d" />
      <TestMethod codeBase="D:\actions-runner\_work\XPCO\XPCO\MIP\PlatformPlugin\VideoOS.Platform\unittest\bin\Debug\net472\VideoOS.Platform.Tests.dll" adapterTypeName="executor://mstestadapter/v2" className="VideoOS.Platform.Tests.Data.MetadataPlaybackSourceTests" name="GetWithDateTime_ShouldReturnEntryAtOrBeforeFromToolkitResponse_WhenDataIsNotInCache" />
    </UnitTest>
    <UnitTest name="ParseMetadataXmlWithString_ShouldThrowArgumentNullException_WhenXmlIsNull" storage="d:\actions-runner\_work\xpco\xpco\mip\platformplugin\videoos.platform\unittest\bin\debug\net472\videoos.platform.tests.dll" id="bfea60ac-0b86-e379-4adc-c41a2063908a">
      <Execution id="8af69e79-b429-428e-8df2-ab483a3f422b" />
      <TestMethod codeBase="D:\actions-runner\_work\XPCO\XPCO\MIP\PlatformPlugin\VideoOS.Platform\unittest\bin\Debug\net472\VideoOS.Platform.Tests.dll" adapterTypeName="executor://mstestadapter/v2" className="VideoOS.Platform.Tests.Metadata.MetadataDeserializerTests" name="ParseMetadataXmlWithString_ShouldThrowArgumentNullException_WhenXmlIsNull" />
    </UnitTest>
    <UnitTest name="Serialize_TestCases (Verify root Generic (null) property get property value)" storage="d:\actions-runner\_work\xpco\xpco\mip\platformplugin\videoos.platform\unittest\bin\debug\net472\videoos.platform.tests.dll" id="870b8bee-54f6-8f61-66d6-a77bd6f1687b">
      <Execution id="31f0cecd-e3ee-4d47-ae27-886929b93e64" />
      <TestMethod codeBase="D:\actions-runner\_work\XPCO\XPCO\MIP\PlatformPlugin\VideoOS.Platform\unittest\bin\Debug\net472\VideoOS.Platform.Tests.dll" adapterTypeName="executor://mstestadapter/v2" className="VideoOS.Platform.Tests.UI.Controls.Automation.Serialization.AutomationObjectSerializerTest" name="Serialize_TestCases" />
    </UnitTest>
    <UnitTest name="GenerateDeviceCapabilityParameters_ShouldWriteMaximum_WhenAlways" storage="d:\actions-runner\_work\xpco\xpco\mip\platformplugin\videoos.platform\unittest\bin\debug\net472\videoos.platform.tests.dll" id="1f3c2444-ad4b-db37-5d0a-de7606033ccd">
      <Execution id="f17ea599-f136-4801-9122-06810f37b9fc" />
      <TestMethod codeBase="D:\actions-runner\_work\XPCO\XPCO\MIP\PlatformPlugin\VideoOS.Platform\unittest\bin\Debug\net472\VideoOS.Platform.Tests.dll" adapterTypeName="executor://mstestadapter/v2" className="VideoOS.Platform.Tests.Data.DataCapabilityTests" name="GenerateDeviceCapabilityParameters_ShouldWriteMaximum_WhenAlways" />
    </UnitTest>
    <UnitTest name="Append_Property_Int_Invalid" storage="d:\actions-runner\_work\xpco\xpco\mip\platformplugin\videoos.platform\unittest\bin\debug\net472\videoos.platform.tests.dll" id="b0d0079b-65d6-c082-7bc9-a129a13a3c18">
      <Execution id="86edf845-7e98-4db2-b3a1-2b5c55cca76d" />
      <TestMethod codeBase="D:\actions-runner\_work\XPCO\XPCO\MIP\PlatformPlugin\VideoOS.Platform\unittest\bin\Debug\net472\VideoOS.Platform.Tests.dll" adapterTypeName="executor://mstestadapter/v2" className="VideoOS.Platform.Tests.Proxy.RestApi.JsonBuilderTests" name="Append_Property_Int_Invalid" />
    </UnitTest>
    <UnitTest name="Remove_NullKey_Throws" storage="d:\actions-runner\_work\xpco\xpco\mip\platformplugin\videoos.platform\unittest\bin\debug\net472\videoos.platform.tests.dll" id="d289ff8a-f589-cd43-96ee-801082b894b3">
      <Execution id="4a338c48-6e5a-4015-bcd8-d1e4069ff75e" />
      <TestMethod codeBase="D:\actions-runner\_work\XPCO\XPCO\MIP\PlatformPlugin\VideoOS.Platform\unittest\bin\Debug\net472\VideoOS.Platform.Tests.dll" adapterTypeName="executor://mstestadapter/v2" className="VideoOS.Platform.Tests.Util.Queue.LRUCacheTests" name="Remove_NullKey_Throws" />
    </UnitTest>
    <UnitTest name="Construction_Array" storage="d:\actions-runner\_work\xpco\xpco\mip\platformplugin\videoos.platform\unittest\bin\debug\net472\videoos.platform.tests.dll" id="4d993a4f-76c0-7cf9-2048-40644000ecc0">
      <Execution id="5ce68380-da24-4057-8fb2-214314b23fae" />
      <TestMethod codeBase="D:\actions-runner\_work\XPCO\XPCO\MIP\PlatformPlugin\VideoOS.Platform\unittest\bin\Debug\net472\VideoOS.Platform.Tests.dll" adapterTypeName="executor://mstestadapter/v2" className="VideoOS.Platform.Tests.Proxy.RestApi.JsonBuilderTests" name="Construction_Array" />
    </UnitTest>
    <UnitTest name="ProvideValue_ShouldUpdateTargetProperty_WhenDataContextINPCValueChanges" storage="d:\actions-runner\_work\xpco\xpco\mip\platformplugin\videoos.platform\unittest\bin\debug\net472\videoos.platform.tests.dll" id="3a86bace-7c8b-cb31-de17-695019225dec">
      <TestCategory>
        <TestCategoryItem TestCategory="TabControls" />
      </TestCategory>
      <Execution id="65e03d00-bd38-4460-8fbd-c79ba7417723" />
      <TestMethod codeBase="D:\actions-runner\_work\XPCO\XPCO\MIP\PlatformPlugin\VideoOS.Platform\unittest\bin\Debug\net472\VideoOS.Platform.Tests.dll" adapterTypeName="executor://mstestadapter/v2" className="VideoOS.Platform.Tests.UI.Controls.TabControls.Internal.Primary.ItemHeaderExtensionTest" name="ProvideValue_ShouldUpdateTargetProperty_WhenDataContextINPCValueChanges" />
    </UnitTest>
    <UnitTest name="Ctor_NoStandardFilters_Success" storage="d:\actions-runner\_work\xpco\xpco\mip\platformplugin\videoos.platform\unittest\bin\debug\net472\videoos.platform.tests.dll" id="e4c24bc9-2414-541c-9971-01e696ad9e3b">
      <TestCategory>
        <TestCategoryItem TestCategory="Search" />
      </TestCategory>
      <Execution id="7e028dec-68bd-4d17-927c-8eed59544874" />
      <TestMethod codeBase="D:\actions-runner\_work\XPCO\XPCO\MIP\PlatformPlugin\VideoOS.Platform\unittest\bin\Debug\net472\VideoOS.Platform.Tests.dll" adapterTypeName="executor://mstestadapter/v2" className="VideoOS.Platform.Tests.Search.FilterCategories.PersonSearchFilterCategoryTest" name="Ctor_NoStandardFilters_Success" />
    </UnitTest>
    <UnitTest name="ReadXml_ShouldReadDescription_WhenDescriptionIsPresent" storage="d:\actions-runner\_work\xpco\xpco\mip\platformplugin\videoos.platform\unittest\bin\debug\net472\videoos.platform.tests.dll" id="f7a1083e-5a21-1e01-c13b-18623a6702d9">
      <Execution id="1590ad27-31b7-4e87-abc5-64d31763effa" />
      <TestMethod codeBase="D:\actions-runner\_work\XPCO\XPCO\MIP\PlatformPlugin\VideoOS.Platform\unittest\bin\Debug\net472\VideoOS.Platform.Tests.dll" adapterTypeName="executor://mstestadapter/v2" className="VideoOS.Platform.Tests.Metadata.AppearanceTests" name="ReadXml_ShouldReadDescription_WhenDescriptionIsPresent" />
    </UnitTest>
    <UnitTest name="PatchMIPItem_Success" storage="d:\actions-runner\_work\xpco\xpco\mip\platformplugin\videoos.platform\unittest\bin\debug\net472\videoos.platform.tests.dll" id="7f1f1baf-8bbb-c3d7-9705-27c7162bbf25">
      <Execution id="12b819c6-9da2-4364-a413-ef9fe466d2e1" />
      <TestMethod codeBase="D:\actions-runner\_work\XPCO\XPCO\MIP\PlatformPlugin\VideoOS.Platform\unittest\bin\Debug\net472\VideoOS.Platform.Tests.dll" adapterTypeName="executor://mstestadapter/v2" className="VideoOS.Platform.Tests.Proxy.RestApi.RestApiClientDecoratorTests" name="PatchMIPItem_Success" />
    </UnitTest>
    <UnitTest name="SearchResultData_BeginTimeWithPadding_Success" storage="d:\actions-runner\_work\xpco\xpco\mip\platformplugin\videoos.platform\unittest\bin\debug\net472\videoos.platform.tests.dll" id="0fd657fb-3854-1b2f-0c0f-8cf8e1efee07">
      <TestCategory>
        <TestCategoryItem TestCategory="Search" />
      </TestCategory>
      <Execution id="e0b5defc-69a3-4105-a599-bcde0a213191" />
      <TestMethod codeBase="D:\actions-runner\_work\XPCO\XPCO\MIP\PlatformPlugin\VideoOS.Platform\unittest\bin\Debug\net472\VideoOS.Platform.Tests.dll" adapterTypeName="executor://mstestadapter/v2" className="VideoOS.Platform.Tests.Search.SearchResultDataTest" name="SearchResultData_BeginTimeWithPadding_Success" />
    </UnitTest>
    <UnitTest name="Serialize_TestCases (TestParentRecursiveTwoRecursiveElements)" storage="d:\actions-runner\_work\xpco\xpco\mip\platformplugin\videoos.platform\unittest\bin\debug\net472\videoos.platform.tests.dll" id="a93da72c-b598-8e0b-050b-22cd8b6b16d6">
      <Execution id="b36c8fc2-1772-4c7f-b2b7-f4b57bb81da4" />
      <TestMethod codeBase="D:\actions-runner\_work\XPCO\XPCO\MIP\PlatformPlugin\VideoOS.Platform\unittest\bin\Debug\net472\VideoOS.Platform.Tests.dll" adapterTypeName="executor://mstestadapter/v2" className="VideoOS.Platform.Tests.UI.Controls.Automation.Serialization.AutomationObjectSerializerTest" name="Serialize_TestCases" />
    </UnitTest>
    <UnitTest name="GenerateParameters_ShouldOmitCodec_WhenCodecHasNotBeenSet" storage="d:\actions-runner\_work\xpco\xpco\mip\platformplugin\videoos.platform\unittest\bin\debug\net472\videoos.platform.tests.dll" id="04b4598a-a90c-25b4-3fbf-2283122ff323">
      <Execution id="3d0f1457-364f-4945-82de-350382bd14c0" />
      <TestMethod codeBase="D:\actions-runner\_work\XPCO\XPCO\MIP\PlatformPlugin\VideoOS.Platform\unittest\bin\Debug\net472\VideoOS.Platform.Tests.dll" adapterTypeName="executor://mstestadapter/v2" className="VideoOS.Platform.Tests.Data.CameraDeviceDefinitionTests" name="GenerateParameters_ShouldOmitCodec_WhenCodecHasNotBeenSet" />
    </UnitTest>
    <UnitTest name="FindCacheEntryBefore_ShuldReturnNull_WhenThereAreNoEntriesbeforeTheTimestamp" storage="d:\actions-runner\_work\xpco\xpco\mip\platformplugin\videoos.platform\unittest\bin\debug\net472\videoos.platform.tests.dll" id="77c15838-368f-705c-d0c8-46e47de3c659">
      <Execution id="23a6280f-d149-4d85-878b-054ee67a57bf" />
      <TestMethod codeBase="D:\actions-runner\_work\XPCO\XPCO\MIP\PlatformPlugin\VideoOS.Platform\unittest\bin\Debug\net472\VideoOS.Platform.Tests.dll" adapterTypeName="executor://mstestadapter/v2" className="VideoOS.Platform.Tests.Data.MetadataCacheTests" name="FindCacheEntryBefore_ShuldReturnNull_WhenThereAreNoEntriesbeforeTheTimestamp" />
    </UnitTest>
    <UnitTest name="WriteXml_ShouldOmitElements_WhenDataIsNotPresent" storage="d:\actions-runner\_work\xpco\xpco\mip\platformplugin\videoos.platform\unittest\bin\debug\net472\videoos.platform.tests.dll" id="5d644acb-4f60-31db-754d-a101236e8d7f">
      <Execution id="95fdd5ba-e4f6-41bf-a2cd-a671995ee2f0" />
      <TestMethod codeBase="D:\actions-runner\_work\XPCO\XPCO\MIP\PlatformPlugin\VideoOS.Platform\unittest\bin\Debug\net472\VideoOS.Platform.Tests.dll" adapterTypeName="executor://mstestadapter/v2" className="VideoOS.Platform.Tests.Metadata.OnvifObjectTests" name="WriteXml_ShouldOmitElements_WhenDataIsNotPresent" />
    </UnitTest>
    <UnitTest name="ReadXml_ShouldSetAllFieldsToDefaultValues_WhenElementIsEmpty" storage="d:\actions-runner\_work\xpco\xpco\mip\platformplugin\videoos.platform\unittest\bin\debug\net472\videoos.platform.tests.dll" id="b391819c-9b61-5619-1c97-a7d68c4b7e89">
      <Execution id="3a79e6bf-c3a9-4494-bfc2-f76994928fec" />
      <TestMethod codeBase="D:\actions-runner\_work\XPCO\XPCO\MIP\PlatformPlugin\VideoOS.Platform\unittest\bin\Debug\net472\VideoOS.Platform.Tests.dll" adapterTypeName="executor://mstestadapter/v2" className="VideoOS.Platform.Tests.Metadata.OnvifClassTests" name="ReadXml_ShouldSetAllFieldsToDefaultValues_WhenElementIsEmpty" />
    </UnitTest>
    <UnitTest name="ReadXml_ShouldBase64DecodeOriginalData_WhenOrigiginalDataIsPresent" storage="d:\actions-runner\_work\xpco\xpco\mip\platformplugin\videoos.platform\unittest\bin\debug\net472\videoos.platform.tests.dll" id="a44eceec-75ff-6298-f73e-523db73cd6d3">
      <Execution id="a3ee22bc-27ef-4f92-ad39-d0d55c66f274" />
      <TestMethod codeBase="D:\actions-runner\_work\XPCO\XPCO\MIP\PlatformPlugin\VideoOS.Platform\unittest\bin\Debug\net472\VideoOS.Platform.Tests.dll" adapterTypeName="executor://mstestadapter/v2" className="VideoOS.Platform.Tests.Metadata.MetadataStreamTests" name="ReadXml_ShouldBase64DecodeOriginalData_WhenOrigiginalDataIsPresent" />
    </UnitTest>
    <UnitTest name="Minimize_ShouldReturnOneInterval_WhenListContainsThreeOverlappingIntervalsContainingEachOtherReversed" storage="d:\actions-runner\_work\xpco\xpco\mip\platformplugin\videoos.platform\unittest\bin\debug\net472\videoos.platform.tests.dll" id="0fbb0657-5fcb-c22d-ba1e-66fc2f5570e3">
      <Execution id="07b23e62-593d-4811-b96e-7141ac221e8e" />
      <TestMethod codeBase="D:\actions-runner\_work\XPCO\XPCO\MIP\PlatformPlugin\VideoOS.Platform\unittest\bin\Debug\net472\VideoOS.Platform.Tests.dll" adapterTypeName="executor://mstestadapter/v2" className="VideoOS.Platform.Tests.Util.TimeIntervalTests" name="Minimize_ShouldReturnOneInterval_WhenListContainsThreeOverlappingIntervalsContainingEachOtherReversed" />
    </UnitTest>
    <UnitTest name="Serialize_TestCases (TestParentTypeMatchInterfaceNotThisTypeNotMatched)" storage="d:\actions-runner\_work\xpco\xpco\mip\platformplugin\videoos.platform\unittest\bin\debug\net472\videoos.platform.tests.dll" id="09121af1-86de-0b56-a5ac-7cfa89066de2">
      <Execution id="b608c2a8-ab16-4a3e-a06b-9af04b17eece" />
      <TestMethod codeBase="D:\actions-runner\_work\XPCO\XPCO\MIP\PlatformPlugin\VideoOS.Platform\unittest\bin\Debug\net472\VideoOS.Platform.Tests.dll" adapterTypeName="executor://mstestadapter/v2" className="VideoOS.Platform.Tests.UI.Controls.Automation.Serialization.AutomationObjectSerializerTest" name="Serialize_TestCases" />
    </UnitTest>
    <UnitTest name="Append_Property_PathList" storage="d:\actions-runner\_work\xpco\xpco\mip\platformplugin\videoos.platform\unittest\bin\debug\net472\videoos.platform.tests.dll" id="11d54d6f-5da0-f133-d7de-6f5044962e90">
      <Execution id="0bf6addc-e69d-46e3-a64c-2c804c4bfd84" />
      <TestMethod codeBase="D:\actions-runner\_work\XPCO\XPCO\MIP\PlatformPlugin\VideoOS.Platform\unittest\bin\Debug\net472\VideoOS.Platform.Tests.dll" adapterTypeName="executor://mstestadapter/v2" className="VideoOS.Platform.Tests.Proxy.RestApi.JsonBuilderTests" name="Append_Property_PathList" />
    </UnitTest>
    <UnitTest name="ReadXml_ShouldReadObjectIdAttribute_WhenPresent" storage="d:\actions-runner\_work\xpco\xpco\mip\platformplugin\videoos.platform\unittest\bin\debug\net472\videoos.platform.tests.dll" id="13d7aebd-6cec-2e73-3e91-8e5121f9f1bc">
      <Execution id="a0613a57-d0d2-44ea-8f62-d07d96e94ec9" />
      <TestMethod codeBase="D:\actions-runner\_work\XPCO\XPCO\MIP\PlatformPlugin\VideoOS.Platform\unittest\bin\Debug\net472\VideoOS.Platform.Tests.dll" adapterTypeName="executor://mstestadapter/v2" className="VideoOS.Platform.Tests.Metadata.OnvifObjectTests" name="ReadXml_ShouldReadObjectIdAttribute_WhenPresent" />
    </UnitTest>
    <UnitTest name="Serialize_TestCases (Verify root Collection (not empty) property)" storage="d:\actions-runner\_work\xpco\xpco\mip\platformplugin\videoos.platform\unittest\bin\debug\net472\videoos.platform.tests.dll" id="ca990070-3269-b6c6-1a91-d9f2146eca2b">
      <Execution id="cd72d7a8-0244-4765-ae0b-1edc31be1c84" />
      <TestMethod codeBase="D:\actions-runner\_work\XPCO\XPCO\MIP\PlatformPlugin\VideoOS.Platform\unittest\bin\Debug\net472\VideoOS.Platform.Tests.dll" adapterTypeName="executor://mstestadapter/v2" className="VideoOS.Platform.Tests.UI.Controls.Automation.Serialization.AutomationObjectSerializerTest" name="Serialize_TestCases" />
    </UnitTest>
    <UnitTest name="GenerateDeviceParameters_ShouldWriteCorrectCodec_WhenCodecIsNotZero" storage="d:\actions-runner\_work\xpco\xpco\mip\platformplugin\videoos.platform\unittest\bin\debug\net472\videoos.platform.tests.dll" id="21e526f6-3a3a-f300-e830-472a0f6e7a82">
      <Execution id="9b61c62d-b4a9-4e46-8b38-67acf737718b" />
      <TestMethod codeBase="D:\actions-runner\_work\XPCO\XPCO\MIP\PlatformPlugin\VideoOS.Platform\unittest\bin\Debug\net472\VideoOS.Platform.Tests.dll" adapterTypeName="executor://mstestadapter/v2" className="VideoOS.Platform.Tests.Data.CameraDeviceDefinitionTests" name="GenerateDeviceParameters_ShouldWriteCorrectCodec_WhenCodecIsNotZero" />
    </UnitTest>
    <UnitTest name="MatchId_Success_SingleMessage" storage="d:\actions-runner\_work\xpco\xpco\mip\platformplugin\videoos.platform\unittest\bin\debug\net472\videoos.platform.tests.dll" id="a4399397-799d-6dfc-9b5f-ebad40d25858">
      <Execution id="3761fd53-e51a-4776-982b-1f583d7fc6d0" />
      <TestMethod codeBase="D:\actions-runner\_work\XPCO\XPCO\MIP\PlatformPlugin\VideoOS.Platform\unittest\bin\Debug\net472\VideoOS.Platform.Tests.dll" adapterTypeName="executor://mstestadapter/v2" className="VideoOS.Platform.Tests.Messaging.CommunicationIdFilterTests" name="MatchId_Success_SingleMessage" />
    </UnitTest>
    <UnitTest name="ReadXml_ShouldReadTransformation_WhenTransformationIsPresent" storage="d:\actions-runner\_work\xpco\xpco\mip\platformplugin\videoos.platform\unittest\bin\debug\net472\videoos.platform.tests.dll" id="fcbb076d-21c9-d2c8-8141-56d340d67c02">
      <Execution id="06e754de-36e4-465c-9d21-e55ad891a1e2" />
      <TestMethod codeBase="D:\actions-runner\_work\XPCO\XPCO\MIP\PlatformPlugin\VideoOS.Platform\unittest\bin\Debug\net472\VideoOS.Platform.Tests.dll" adapterTypeName="executor://mstestadapter/v2" className="VideoOS.Platform.Tests.Metadata.FrameTests" name="ReadXml_ShouldReadTransformation_WhenTransformationIsPresent" />
    </UnitTest>
    <UnitTest name="StartAndCloseAll_StartsAllClientsStarted_WhenLoggedOutAndClosesThem" storage="d:\actions-runner\_work\xpco\xpco\mip\platformplugin\videoos.platform\unittest\bin\debug\net472\videoos.platform.tests.dll" id="64b0134b-ebd0-fae9-7bd6-e6237d9640de">
      <Execution id="52062e85-d29b-47e6-9755-7b5d0e3b98d3" />
      <TestMethod codeBase="D:\actions-runner\_work\XPCO\XPCO\MIP\PlatformPlugin\VideoOS.Platform\unittest\bin\Debug\net472\VideoOS.Platform.Tests.dll" adapterTypeName="executor://mstestadapter/v2" className="VideoOS.Platform.Tests.Messaging.MessageClientManagerTests" name="StartAndCloseAll_StartsAllClientsStarted_WhenLoggedOutAndClosesThem" />
    </UnitTest>
    <UnitTest name="WriteMetadataXml_ShouldThrowArgumentNullException_WhenStreamOutputIsNull" storage="d:\actions-runner\_work\xpco\xpco\mip\platformplugin\videoos.platform\unittest\bin\debug\net472\videoos.platform.tests.dll" id="b39f81fe-858b-c57c-9083-cb47ce15de87">
      <Execution id="a3009796-46e5-42b4-a507-3c26246757c9" />
      <TestMethod codeBase="D:\actions-runner\_work\XPCO\XPCO\MIP\PlatformPlugin\VideoOS.Platform\unittest\bin\Debug\net472\VideoOS.Platform.Tests.dll" adapterTypeName="executor://mstestadapter/v2" className="VideoOS.Platform.Tests.Metadata.MetadataSerializerTests" name="WriteMetadataXml_ShouldThrowArgumentNullException_WhenStreamOutputIsNull" />
    </UnitTest>
    <UnitTest name="Ctor_EmptyName_Throws" storage="d:\actions-runner\_work\xpco\xpco\mip\platformplugin\videoos.platform\unittest\bin\debug\net472\videoos.platform.tests.dll" id="33719bf3-5409-92ab-16c7-8a271f81b2e6">
      <TestCategory>
        <TestCategoryItem TestCategory="Search" />
      </TestCategory>
      <Execution id="af4c348c-7ad8-4b5e-a3da-c87a7eb948f6" />
      <TestMethod codeBase="D:\actions-runner\_work\XPCO\XPCO\MIP\PlatformPlugin\VideoOS.Platform\unittest\bin\Debug\net472\VideoOS.Platform.Tests.dll" adapterTypeName="executor://mstestadapter/v2" className="VideoOS.Platform.Tests.Search.FilterCategories.PersonSearchFilterCategoryTest" name="Ctor_EmptyName_Throws" />
    </UnitTest>
    <UnitTest name="IsCriteriaAccepted_WithKindsFilter_ValidInput_True" storage="d:\actions-runner\_work\xpco\xpco\mip\platformplugin\videoos.platform\unittest\bin\debug\net472\videoos.platform.tests.dll" id="bc715522-4e2d-31ab-3b59-559f11d2404a">
      <Execution id="ee3eb6c6-e1e9-4071-b751-d1f097440437" />
      <TestMethod codeBase="D:\actions-runner\_work\XPCO\XPCO\MIP\PlatformPlugin\VideoOS.Platform\unittest\bin\Debug\net472\VideoOS.Platform.Tests.dll" adapterTypeName="executor://mstestadapter/v2" className="VideoOS.Platform.Tests.UI.ItemPicker.ItemPickerViewModelTest" name="IsCriteriaAccepted_WithKindsFilter_ValidInput_True" />
    </UnitTest>
    <UnitTest name="IconOverlay_Success" storage="d:\actions-runner\_work\xpco\xpco\mip\platformplugin\videoos.platform\unittest\bin\debug\net472\videoos.platform.tests.dll" id="77b4115c-9698-8872-1259-5ceebb1db073">
      <Execution id="4c9ee446-99e2-45f6-b5c1-c5a9b77f23e6" />
      <TestMethod codeBase="D:\actions-runner\_work\XPCO\XPCO\MIP\PlatformPlugin\VideoOS.Platform\unittest\bin\Debug\net472\VideoOS.Platform.Tests.dll" adapterTypeName="executor://mstestadapter/v2" className="VideoOS.Platform.Tests.ItemTests" name="IconOverlay_Success" />
    </UnitTest>
    <UnitTest name="WriteXml_ShouldWriteYAttribute_WhenPresent" storage="d:\actions-runner\_work\xpco\xpco\mip\platformplugin\videoos.platform\unittest\bin\debug\net472\videoos.platform.tests.dll" id="b2a17b73-a63e-3be2-eee7-c00c2b4d0e01">
      <Execution id="94cbce3d-b16f-46ac-8c9a-20db30f3cbd3" />
      <TestMethod codeBase="D:\actions-runner\_work\XPCO\XPCO\MIP\PlatformPlugin\VideoOS.Platform\unittest\bin\Debug\net472\VideoOS.Platform.Tests.dll" adapterTypeName="executor://mstestadapter/v2" className="VideoOS.Platform.Tests.Metadata.DisplayTextTests" name="WriteXml_ShouldWriteYAttribute_WhenPresent" />
    </UnitTest>
    <UnitTest name="ParseMetadataXmlWithString_ShouldThrowXmlException_WhenXmlIsUnregonized" storage="d:\actions-runner\_work\xpco\xpco\mip\platformplugin\videoos.platform\unittest\bin\debug\net472\videoos.platform.tests.dll" id="f433ef44-22f0-31c9-303b-7dece7f9527e">
      <Execution id="b4d3a22f-29d2-44cc-8b14-f4e2ce51b760" />
      <TestMethod codeBase="D:\actions-runner\_work\XPCO\XPCO\MIP\PlatformPlugin\VideoOS.Platform\unittest\bin\Debug\net472\VideoOS.Platform.Tests.dll" adapterTypeName="executor://mstestadapter/v2" className="VideoOS.Platform.Tests.Metadata.MetadataDeserializerTests" name="ParseMetadataXmlWithString_ShouldThrowXmlException_WhenXmlIsUnregonized" />
    </UnitTest>
    <UnitTest name="Remove_String" storage="d:\actions-runner\_work\xpco\xpco\mip\platformplugin\videoos.platform\unittest\bin\debug\net472\videoos.platform.tests.dll" id="de4de35b-27a7-9209-5227-b270da191793">
      <Execution id="e4f6164a-0d73-47b5-9a17-36b500b33b61" />
      <TestMethod codeBase="D:\actions-runner\_work\XPCO\XPCO\MIP\PlatformPlugin\VideoOS.Platform\unittest\bin\Debug\net472\VideoOS.Platform.Tests.dll" adapterTypeName="executor://mstestadapter/v2" className="VideoOS.Platform.Tests.Proxy.RestApi.JsonReaderTests" name="Remove_String" />
    </UnitTest>
    <UnitTest name="TryParseArgbString_ShouldReturnFalse_WhenStringDoesNotContain8HexChars" storage="d:\actions-runner\_work\xpco\xpco\mip\platformplugin\videoos.platform\unittest\bin\debug\net472\videoos.platform.tests.dll" id="e4b13263-b1bd-68bb-3baa-222b8414af3b">
      <Execution id="87a58ffe-52d7-4cc7-834d-e09c4490ca69" />
      <TestMethod codeBase="D:\actions-runner\_work\XPCO\XPCO\MIP\PlatformPlugin\VideoOS.Platform\unittest\bin\Debug\net472\VideoOS.Platform.Tests.dll" adapterTypeName="executor://mstestadapter/v2" className="VideoOS.Platform.Tests.Metadata.DisplayColorTests" name="TryParseArgbString_ShouldReturnFalse_WhenStringDoesNotContain8HexChars" />
    </UnitTest>
    <UnitTest name="AppendItemPicked_MultiSelect_TryAddSameItems_ItemsNotAdded" storage="d:\actions-runner\_work\xpco\xpco\mip\platformplugin\videoos.platform\unittest\bin\debug\net472\videoos.platform.tests.dll" id="16dd1f98-130f-f1f5-491b-90125b059034">
      <Execution id="01930a62-bae9-4a5c-8b5c-252845f0fc61" />
      <TestMethod codeBase="D:\actions-runner\_work\XPCO\XPCO\MIP\PlatformPlugin\VideoOS.Platform\unittest\bin\Debug\net472\VideoOS.Platform.Tests.dll" adapterTypeName="executor://mstestadapter/v2" className="VideoOS.Platform.Tests.UI.ItemPicker.ItemPickerViewModelTest" name="AppendItemPicked_MultiSelect_TryAddSameItems_ItemsNotAdded" />
    </UnitTest>
    <UnitTest name="WriteXml_ShouldWriteUtcTimeAttribute_WhenAlways" storage="d:\actions-runner\_work\xpco\xpco\mip\platformplugin\videoos.platform\unittest\bin\debug\net472\videoos.platform.tests.dll" id="32e1fb9e-8eb8-101c-f28a-073547e7fa1e">
      <Execution id="0c7669d0-d647-4dc3-bc49-d27ce82c1e19" />
      <TestMethod codeBase="D:\actions-runner\_work\XPCO\XPCO\MIP\PlatformPlugin\VideoOS.Platform\unittest\bin\Debug\net472\VideoOS.Platform.Tests.dll" adapterTypeName="executor://mstestadapter/v2" className="VideoOS.Platform.Tests.Metadata.FrameTests" name="WriteXml_ShouldWriteUtcTimeAttribute_WhenAlways" />
    </UnitTest>
    <UnitTest name="ReadXml_ShouldIgnoreUnknownChildren_WhenUnknownChildrenArePresent" storage="d:\actions-runner\_work\xpco\xpco\mip\platformplugin\videoos.platform\unittest\bin\debug\net472\videoos.platform.tests.dll" id="a3ca636d-2e93-d6ba-5db9-ec0b0b5cb970">
      <Execution id="0c345dd8-8f3d-4f77-a7cc-38eb75af8e73" />
      <TestMethod codeBase="D:\actions-runner\_work\XPCO\XPCO\MIP\PlatformPlugin\VideoOS.Platform\unittest\bin\Debug\net472\VideoOS.Platform.Tests.dll" adapterTypeName="executor://mstestadapter/v2" className="VideoOS.Platform.Tests.Metadata.AppearanceTests" name="ReadXml_ShouldIgnoreUnknownChildren_WhenUnknownChildrenArePresent" />
    </UnitTest>
    <UnitTest name="Append_Property_Array" storage="d:\actions-runner\_work\xpco\xpco\mip\platformplugin\videoos.platform\unittest\bin\debug\net472\videoos.platform.tests.dll" id="69b55b39-a9d9-76d0-7e5a-7249ce9b54b6">
      <Execution id="fab862a7-32e9-41ff-86c8-167034904b05" />
      <TestMethod codeBase="D:\actions-runner\_work\XPCO\XPCO\MIP\PlatformPlugin\VideoOS.Platform\unittest\bin\Debug\net472\VideoOS.Platform.Tests.dll" adapterTypeName="executor://mstestadapter/v2" className="VideoOS.Platform.Tests.Proxy.RestApi.JsonBuilderTests" name="Append_Property_Array" />
    </UnitTest>
    <UnitTest name="OverlapsWith_ShouldThrowArgumentException_WhenTheStartAndEndTimeKindsAreDifferent" storage="d:\actions-runner\_work\xpco\xpco\mip\platformplugin\videoos.platform\unittest\bin\debug\net472\videoos.platform.tests.dll" id="31917703-2acf-fc86-64fa-04fcf338cdb6">
      <Execution id="4d932fc3-8582-48f3-a5b6-129ae5373495" />
      <TestMethod codeBase="D:\actions-runner\_work\XPCO\XPCO\MIP\PlatformPlugin\VideoOS.Platform\unittest\bin\Debug\net472\VideoOS.Platform.Tests.dll" adapterTypeName="executor://mstestadapter/v2" className="VideoOS.Platform.Tests.Util.TimeIntervalTests" name="OverlapsWith_ShouldThrowArgumentException_WhenTheStartAndEndTimeKindsAreDifferent" />
    </UnitTest>
    <UnitTest name="Serialize_TestCases (Verify root Collection (empty) property get property value)" storage="d:\actions-runner\_work\xpco\xpco\mip\platformplugin\videoos.platform\unittest\bin\debug\net472\videoos.platform.tests.dll" id="3508e587-4daf-8c1d-4c00-cda8ea38b43b">
      <Execution id="f72f763c-4dbb-4c89-bc49-f3d396d06308" />
      <TestMethod codeBase="D:\actions-runner\_work\XPCO\XPCO\MIP\PlatformPlugin\VideoOS.Platform\unittest\bin\Debug\net472\VideoOS.Platform.Tests.dll" adapterTypeName="executor://mstestadapter/v2" className="VideoOS.Platform.Tests.UI.Controls.Automation.Serialization.AutomationObjectSerializerTest" name="Serialize_TestCases" />
    </UnitTest>
    <UnitTest name="Clone_Camera_Fails_Checked" storage="d:\actions-runner\_work\xpco\xpco\mip\platformplugin\videoos.platform\unittest\bin\debug\net472\videoos.platform.tests.dll" id="4b43a64c-589e-4267-f17d-15d04a909013">
      <Execution id="0bc928aa-8d65-493e-85fa-0662ed09fabe" />
      <TestMethod codeBase="D:\actions-runner\_work\XPCO\XPCO\MIP\PlatformPlugin\VideoOS.Platform\unittest\bin\Debug\net472\VideoOS.Platform.Tests.dll" adapterTypeName="executor://mstestadapter/v2" className="VideoOS.Platform.Tests.FQIDtests" name="Clone_Camera_Fails_Checked" />
    </UnitTest>
    <UnitTest name="Append_OptionKeyString_Escaped" storage="d:\actions-runner\_work\xpco\xpco\mip\platformplugin\videoos.platform\unittest\bin\debug\net472\videoos.platform.tests.dll" id="36835451-4db1-a03e-109f-0d92dfb22aba">
      <Execution id="45bd9371-d31d-403b-ab96-a016c246e2fd" />
      <TestMethod codeBase="D:\actions-runner\_work\XPCO\XPCO\MIP\PlatformPlugin\VideoOS.Platform\unittest\bin\Debug\net472\VideoOS.Platform.Tests.dll" adapterTypeName="executor://mstestadapter/v2" className="VideoOS.Platform.Tests.Proxy.RestApi.JsonBuilderTests" name="Append_OptionKeyString_Escaped" />
    </UnitTest>
    <UnitTest name="Serialize_TestCases (TestParentTypeMatchStructThisTypeNotMatched)" storage="d:\actions-runner\_work\xpco\xpco\mip\platformplugin\videoos.platform\unittest\bin\debug\net472\videoos.platform.tests.dll" id="e887a600-cc5e-a49f-de88-d8d0409269e2">
      <Execution id="3018c8c9-75dd-4cc8-8220-859569192530" />
      <TestMethod codeBase="D:\actions-runner\_work\XPCO\XPCO\MIP\PlatformPlugin\VideoOS.Platform\unittest\bin\Debug\net472\VideoOS.Platform.Tests.dll" adapterTypeName="executor://mstestadapter/v2" className="VideoOS.Platform.Tests.UI.Controls.Automation.Serialization.AutomationObjectSerializerTest" name="Serialize_TestCases" />
    </UnitTest>
    <UnitTest name="ReadXml_ShouldIgnoreBoundingBox_WhenBoundingBoxIsPresenWithWrongNamespace" storage="d:\actions-runner\_work\xpco\xpco\mip\platformplugin\videoos.platform\unittest\bin\debug\net472\videoos.platform.tests.dll" id="1677c45e-088d-ae58-08dc-ccdb32d9ca65">
      <Execution id="ea88e4db-6332-4797-a850-3889c95f54b4" />
      <TestMethod codeBase="D:\actions-runner\_work\XPCO\XPCO\MIP\PlatformPlugin\VideoOS.Platform\unittest\bin\Debug\net472\VideoOS.Platform.Tests.dll" adapterTypeName="executor://mstestadapter/v2" className="VideoOS.Platform.Tests.Metadata.ShapeTests" name="ReadXml_ShouldIgnoreBoundingBox_WhenBoundingBoxIsPresenWithWrongNamespace" />
    </UnitTest>
    <UnitTest name="ReadXml_ShouldReadOriginalData_WhenOrigiginalDataIsPresent" storage="d:\actions-runner\_work\xpco\xpco\mip\platformplugin\videoos.platform\unittest\bin\debug\net472\videoos.platform.tests.dll" id="0b0ff5aa-c291-79fb-1d8b-d1660f2ebad3">
      <Execution id="4ae3bca1-6eb3-46c4-8d45-b937da489e3c" />
      <TestMethod codeBase="D:\actions-runner\_work\XPCO\XPCO\MIP\PlatformPlugin\VideoOS.Platform\unittest\bin\Debug\net472\VideoOS.Platform.Tests.dll" adapterTypeName="executor://mstestadapter/v2" className="VideoOS.Platform.Tests.Metadata.MetadataStreamTests" name="ReadXml_ShouldReadOriginalData_WhenOrigiginalDataIsPresent" />
    </UnitTest>
    <UnitTest name="Remove_Success" storage="d:\actions-runner\_work\xpco\xpco\mip\platformplugin\videoos.platform\unittest\bin\debug\net472\videoos.platform.tests.dll" id="6e5da37d-17c2-c99b-bec0-ba093cc6461d">
      <Execution id="4962f196-456d-40fd-ac1b-8926a6579217" />
      <TestMethod codeBase="D:\actions-runner\_work\XPCO\XPCO\MIP\PlatformPlugin\VideoOS.Platform\unittest\bin\Debug\net472\VideoOS.Platform.Tests.dll" adapterTypeName="executor://mstestadapter/v2" className="VideoOS.Platform.Tests.Util.Queue.ConcurrentQueueSlimTests" name="Remove_Success" />
    </UnitTest>
    <UnitTest name="HasExtensionDataPresent_ShouldReturnFalse_WhenExtensionDataIsNotPresent" storage="d:\actions-runner\_work\xpco\xpco\mip\platformplugin\videoos.platform\unittest\bin\debug\net472\videoos.platform.tests.dll" id="93f61c3c-6b1e-d1b6-89d6-3a1bfa5e90ba">
      <Execution id="2a5c5b19-aaf7-455d-afdf-d25420ca74bc" />
      <TestMethod codeBase="D:\actions-runner\_work\XPCO\XPCO\MIP\PlatformPlugin\VideoOS.Platform\unittest\bin\Debug\net472\VideoOS.Platform.Tests.dll" adapterTypeName="executor://mstestadapter/v2" className="VideoOS.Platform.Tests.Metadata.RectangleTests" name="HasExtensionDataPresent_ShouldReturnFalse_WhenExtensionDataIsNotPresent" />
    </UnitTest>
    <UnitTest name="ReadXml_ShouldReadAllKnownElements_WhenMultipleElementsArePresent" storage="d:\actions-runner\_work\xpco\xpco\mip\platformplugin\videoos.platform\unittest\bin\debug\net472\videoos.platform.tests.dll" id="6a35aa0d-9441-e9e5-f921-b7f637c9a652">
      <Execution id="fbf017c4-3c9c-4871-ad55-5029d8f78f60" />
      <TestMethod codeBase="D:\actions-runner\_work\XPCO\XPCO\MIP\PlatformPlugin\VideoOS.Platform\unittest\bin\Debug\net472\VideoOS.Platform.Tests.dll" adapterTypeName="executor://mstestadapter/v2" className="VideoOS.Platform.Tests.Metadata.NavigationalDataTests" name="ReadXml_ShouldReadAllKnownElements_WhenMultipleElementsArePresent" />
    </UnitTest>
    <UnitTest name="WriteXml_ShouldWriteOnvifClassContents_WhenClassIsNotNull" storage="d:\actions-runner\_work\xpco\xpco\mip\platformplugin\videoos.platform\unittest\bin\debug\net472\videoos.platform.tests.dll" id="c475df53-8f1e-79fe-20e9-fd298525b9b9">
      <Execution id="cb69e4eb-cd51-4056-b9da-8075cf539880" />
      <TestMethod codeBase="D:\actions-runner\_work\XPCO\XPCO\MIP\PlatformPlugin\VideoOS.Platform\unittest\bin\Debug\net472\VideoOS.Platform.Tests.dll" adapterTypeName="executor://mstestadapter/v2" className="VideoOS.Platform.Tests.Metadata.AppearanceTests" name="WriteXml_ShouldWriteOnvifClassContents_WhenClassIsNotNull" />
    </UnitTest>
    <UnitTest name="SplitString_When1Level_Success" storage="d:\actions-runner\_work\xpco\xpco\mip\platformplugin\videoos.platform\unittest\bin\debug\net472\videoos.platform.tests.dll" id="879090c1-add8-48b2-d609-da3bc5d3a246">
      <Execution id="0f2f1153-7031-4732-a5d0-055fc86f7f7a" />
      <TestMethod codeBase="D:\actions-runner\_work\XPCO\XPCO\MIP\PlatformPlugin\VideoOS.Platform\unittest\bin\Debug\net472\VideoOS.Platform.Tests.dll" adapterTypeName="executor://mstestadapter/v2" className="VideoOS.Platform.Tests.Util.StringSplitterTests" name="SplitString_When1Level_Success" />
    </UnitTest>
    <UnitTest name="Serialize_TestCases (TestParentTypeMatchObjectThisTypeNotMatched)" storage="d:\actions-runner\_work\xpco\xpco\mip\platformplugin\videoos.platform\unittest\bin\debug\net472\videoos.platform.tests.dll" id="556f34ce-3bef-1c1d-2f3e-c3457681ba59">
      <Execution id="984b73b0-d33d-442e-99bd-0169505573ea" />
      <TestMethod codeBase="D:\actions-runner\_work\XPCO\XPCO\MIP\PlatformPlugin\VideoOS.Platform\unittest\bin\Debug\net472\VideoOS.Platform.Tests.dll" adapterTypeName="executor://mstestadapter/v2" className="VideoOS.Platform.Tests.UI.Controls.Automation.Serialization.AutomationObjectSerializerTest" name="Serialize_TestCases" />
    </UnitTest>
    <UnitTest name="Ctor_OneCustomFilter_Success" storage="d:\actions-runner\_work\xpco\xpco\mip\platformplugin\videoos.platform\unittest\bin\debug\net472\videoos.platform.tests.dll" id="d430b74b-fb63-d6ac-57a1-5a6c439392cf">
      <TestCategory>
        <TestCategoryItem TestCategory="Search" />
      </TestCategory>
      <Execution id="4652f744-00e0-4d59-9e3e-ed39f7e47f78" />
      <TestMethod codeBase="D:\actions-runner\_work\XPCO\XPCO\MIP\PlatformPlugin\VideoOS.Platform\unittest\bin\Debug\net472\VideoOS.Platform.Tests.dll" adapterTypeName="executor://mstestadapter/v2" className="VideoOS.Platform.Tests.Search.FilterCategories.VehicleSearchFilterCategoryTest" name="Ctor_OneCustomFilter_Success" />
    </UnitTest>
    <UnitTest name="SetEvents_ShouldNotAddProxyManager_WhenFrameworkContentElementIsNotLoaded" storage="d:\actions-runner\_work\xpco\xpco\mip\platformplugin\videoos.platform\unittest\bin\debug\net472\videoos.platform.tests.dll" id="8deb741b-167d-6a1a-855a-646fe46075da">
      <TestCategory>
        <TestCategoryItem TestCategory="EventsToCommandMappings" />
      </TestCategory>
      <Execution id="d8b16f1d-5694-4e93-95da-fb3478b29c34" />
      <TestMethod codeBase="D:\actions-runner\_work\XPCO\XPCO\MIP\PlatformPlugin\VideoOS.Platform\unittest\bin\Debug\net472\VideoOS.Platform.Tests.dll" adapterTypeName="executor://mstestadapter/v2" className="VideoOS.Platform.Tests.UI.Commands.EventsToCommandMappingTest" name="SetEvents_ShouldNotAddProxyManager_WhenFrameworkContentElementIsNotLoaded" />
    </UnitTest>
    <UnitTest name="ReadXml_ShouldLogWarning_WhenClassCandidateIsNotValid" storage="d:\actions-runner\_work\xpco\xpco\mip\platformplugin\videoos.platform\unittest\bin\debug\net472\videoos.platform.tests.dll" id="687e8953-7e5d-f508-b1c0-23de14611310">
      <Execution id="ecfe3058-e6ee-4f30-9db4-f9305208364c" />
      <TestMethod codeBase="D:\actions-runner\_work\XPCO\XPCO\MIP\PlatformPlugin\VideoOS.Platform\unittest\bin\Debug\net472\VideoOS.Platform.Tests.dll" adapterTypeName="executor://mstestadapter/v2" className="VideoOS.Platform.Tests.Metadata.OnvifClassTests" name="ReadXml_ShouldLogWarning_WhenClassCandidateIsNotValid" />
    </UnitTest>
    <UnitTest name="ProvideValue_ShouldUseContentTemplateFromItem_WhenItemContentTemplateIsSet" storage="d:\actions-runner\_work\xpco\xpco\mip\platformplugin\videoos.platform\unittest\bin\debug\net472\videoos.platform.tests.dll" id="e0743512-14b2-153f-50d2-6849d822eb82">
      <TestCategory>
        <TestCategoryItem TestCategory="TabControls" />
      </TestCategory>
      <Execution id="39f71855-ed87-487b-9c8b-301649d45fbe" />
      <TestMethod codeBase="D:\actions-runner\_work\XPCO\XPCO\MIP\PlatformPlugin\VideoOS.Platform\unittest\bin\Debug\net472\VideoOS.Platform.Tests.dll" adapterTypeName="executor://mstestadapter/v2" className="VideoOS.Platform.Tests.UI.Controls.TabControls.Internal.Primary.ItemContentTemplateExtensionTest" name="ProvideValue_ShouldUseContentTemplateFromItem_WhenItemContentTemplateIsSet" />
    </UnitTest>
    <UnitTest name="MarkupExtension_ShouldClearContentTemplate_WhenContentTemplateOnSelectedItemChangesToNull" storage="d:\actions-runner\_work\xpco\xpco\mip\platformplugin\videoos.platform\unittest\bin\debug\net472\videoos.platform.tests.dll" id="dbc25ad9-20cc-4d18-73ef-8500a4d4137f">
      <TestCategory>
        <TestCategoryItem TestCategory="DropDowns" />
      </TestCategory>
      <Execution id="dd059b18-d571-47d7-a6ed-cdc5bdf20142" />
      <TestMethod codeBase="D:\actions-runner\_work\XPCO\XPCO\MIP\PlatformPlugin\VideoOS.Platform\unittest\bin\Debug\net472\VideoOS.Platform.Tests.dll" adapterTypeName="executor://mstestadapter/v2" className="VideoOS.Platform.Tests.UI.Controls.DropDowns.Internal.SelectedItemContentTemplateExtensionTest" name="MarkupExtension_ShouldClearContentTemplate_WhenContentTemplateOnSelectedItemChangesToNull" />
    </UnitTest>
    <UnitTest name="BuildShapeOverlayWidthHeightAlarm_ShouldReturnCorrectNumberOfShapes_WhenArgumentContainsObjectAndRule" storage="d:\actions-runner\_work\xpco\xpco\mip\platformplugin\videoos.platform\unittest\bin\debug\net472\videoos.platform.tests.dll" id="1ce6e954-84ed-5a50-7c66-ce4fb6384d66">
      <Execution id="cd9947c6-d451-4ce3-a7ac-202c97f008be" />
      <TestMethod codeBase="D:\actions-runner\_work\XPCO\XPCO\MIP\PlatformPlugin\VideoOS.Platform\unittest\bin\Debug\net472\VideoOS.Platform.Tests.dll" adapterTypeName="executor://mstestadapter/v2" className="VideoOS.Platform.Tests.Util.AnalyticsOverlayBuilderTests" name="BuildShapeOverlayWidthHeightAlarm_ShouldReturnCorrectNumberOfShapes_WhenArgumentContainsObjectAndRule" />
    </UnitTest>
    <UnitTest name="Serialize_TestCases (Verify root Object (null) property)" storage="d:\actions-runner\_work\xpco\xpco\mip\platformplugin\videoos.platform\unittest\bin\debug\net472\videoos.platform.tests.dll" id="3d2f83cf-7ffc-636c-c571-d10ae35f205f">
      <Execution id="9b3ef51e-7453-4721-96c7-5ad299ee4d89" />
      <TestMethod codeBase="D:\actions-runner\_work\XPCO\XPCO\MIP\PlatformPlugin\VideoOS.Platform\unittest\bin\Debug\net472\VideoOS.Platform.Tests.dll" adapterTypeName="executor://mstestadapter/v2" className="VideoOS.Platform.Tests.UI.Controls.Automation.Serialization.AutomationObjectSerializerTest" name="Serialize_TestCases" />
    </UnitTest>
    <UnitTest name="Replace_ShouldInvokeCallback_WhenObservable" storage="d:\actions-runner\_work\xpco\xpco\mip\platformplugin\videoos.platform\unittest\bin\debug\net472\videoos.platform.tests.dll" id="f1273a57-f352-81b3-3c22-3b2f4debaba3">
      <Execution id="b076304f-2299-4bcb-944c-90fd2478de9f" />
      <TestMethod codeBase="D:\actions-runner\_work\XPCO\XPCO\MIP\PlatformPlugin\VideoOS.Platform\unittest\bin\Debug\net472\VideoOS.Platform.Tests.dll" adapterTypeName="executor://mstestadapter/v2" className="VideoOS.Platform.Tests.UI.Controls.CollectionHelperTest" name="Replace_ShouldInvokeCallback_WhenObservable" />
    </UnitTest>
    <UnitTest name="SearchResultData_BeginTimeWithPaddingMinValue_ShouldReturnBeginTime" storage="d:\actions-runner\_work\xpco\xpco\mip\platformplugin\videoos.platform\unittest\bin\debug\net472\videoos.platform.tests.dll" id="d662e348-a1af-bb08-7043-ef8f0887058c">
      <TestCategory>
        <TestCategoryItem TestCategory="Search" />
      </TestCategory>
      <Execution id="b56cd15d-f21d-4f4f-a63a-5198403f2561" />
      <TestMethod codeBase="D:\actions-runner\_work\XPCO\XPCO\MIP\PlatformPlugin\VideoOS.Platform\unittest\bin\Debug\net472\VideoOS.Platform.Tests.dll" adapterTypeName="executor://mstestadapter/v2" className="VideoOS.Platform.Tests.Search.SearchResultDataTest" name="SearchResultData_BeginTimeWithPaddingMinValue_ShouldReturnBeginTime" />
    </UnitTest>
    <UnitTest name="LastModified_ShouldReturnValue" storage="d:\actions-runner\_work\xpco\xpco\mip\platformplugin\videoos.platform\unittest\bin\debug\net472\videoos.platform.tests.dll" id="cc8be762-b7fa-6acb-868c-b6f8dd397e9b">
      <Execution id="d1bd912e-ff59-4fe1-a4a1-39f62e71b75d" />
      <TestMethod codeBase="D:\actions-runner\_work\XPCO\XPCO\MIP\PlatformPlugin\VideoOS.Platform\unittest\bin\Debug\net472\VideoOS.Platform.Tests.dll" adapterTypeName="executor://mstestadapter/v2" className="VideoOS.Platform.Tests.Util.ConfigurationCacheTests" name="LastModified_ShouldReturnValue" />
    </UnitTest>
    <UnitTest name="Match_Success_SystemTypeAnyMessage" storage="d:\actions-runner\_work\xpco\xpco\mip\platformplugin\videoos.platform\unittest\bin\debug\net472\videoos.platform.tests.dll" id="43549381-b46a-2b58-13a9-b35484e42c71">
      <Execution id="ed260d81-c1fd-4199-add6-c203eb2ee78d" />
      <TestMethod codeBase="D:\actions-runner\_work\XPCO\XPCO\MIP\PlatformPlugin\VideoOS.Platform\unittest\bin\Debug\net472\VideoOS.Platform.Tests.dll" adapterTypeName="executor://mstestadapter/v2" className="VideoOS.Platform.Tests.Messaging.CommunicationIdFilterTests" name="Match_Success_SystemTypeAnyMessage" />
    </UnitTest>
    <UnitTest name="TestStartSearch_NullSearchDefinitions_Failure" storage="d:\actions-runner\_work\xpco\xpco\mip\platformplugin\videoos.platform\unittest\bin\debug\net472\videoos.platform.tests.dll" id="be18d4c4-d343-ec1d-bb22-8e6779b47149">
      <TestCategory>
        <TestCategoryItem TestCategory="Search" />
      </TestCategory>
      <Execution id="b5ba2923-0c3c-412a-8571-d040ec78022a" />
      <TestMethod codeBase="D:\actions-runner\_work\XPCO\XPCO\MIP\PlatformPlugin\VideoOS.Platform\unittest\bin\Debug\net472\VideoOS.Platform.Tests.dll" adapterTypeName="executor://mstestadapter/v2" className="VideoOS.Platform.Tests.Search.SearchManagerTest" name="TestStartSearch_NullSearchDefinitions_Failure" />
    </UnitTest>
    <UnitTest name="ReadXml_ShouldSetAllFieldsToDefaultValues_WhenElementIsEmpty" storage="d:\actions-runner\_work\xpco\xpco\mip\platformplugin\videoos.platform\unittest\bin\debug\net472\videoos.platform.tests.dll" id="66b56aea-40c3-2481-4b5e-49255676d9f1">
      <Execution id="e8689bb8-d599-4598-aa04-72a3f6c9664c" />
      <TestMethod codeBase="D:\actions-runner\_work\XPCO\XPCO\MIP\PlatformPlugin\VideoOS.Platform\unittest\bin\Debug\net472\VideoOS.Platform.Tests.dll" adapterTypeName="executor://mstestadapter/v2" className="VideoOS.Platform.Tests.Metadata.OnvifObjectTests" name="ReadXml_ShouldSetAllFieldsToDefaultValues_WhenElementIsEmpty" />
    </UnitTest>
    <UnitTest name="Parse_IntArray" storage="d:\actions-runner\_work\xpco\xpco\mip\platformplugin\videoos.platform\unittest\bin\debug\net472\videoos.platform.tests.dll" id="85a3df1f-74e3-6aca-1e0c-cfef94af0047">
      <Execution id="db6a4cf2-80cc-4596-9aee-c762f18a7929" />
      <TestMethod codeBase="D:\actions-runner\_work\XPCO\XPCO\MIP\PlatformPlugin\VideoOS.Platform\unittest\bin\Debug\net472\VideoOS.Platform.Tests.dll" adapterTypeName="executor://mstestadapter/v2" className="VideoOS.Platform.Tests.Proxy.RestApi.JsonReaderTests" name="Parse_IntArray" />
    </UnitTest>
    <UnitTest name="ReadXml_ShouldReadMultipleClassCandidates_WhenMultipleCorrectClassCandidatesArePresent" storage="d:\actions-runner\_work\xpco\xpco\mip\platformplugin\videoos.platform\unittest\bin\debug\net472\videoos.platform.tests.dll" id="527481b0-1273-3dea-68f1-756a76377e7f">
      <Execution id="321f5528-d51e-4aee-8661-a01ca4932771" />
      <TestMethod codeBase="D:\actions-runner\_work\XPCO\XPCO\MIP\PlatformPlugin\VideoOS.Platform\unittest\bin\Debug\net472\VideoOS.Platform.Tests.dll" adapterTypeName="executor://mstestadapter/v2" className="VideoOS.Platform.Tests.Metadata.OnvifClassTests" name="ReadXml_ShouldReadMultipleClassCandidates_WhenMultipleCorrectClassCandidatesArePresent" />
    </UnitTest>
    <UnitTest name="Append_Element_KeyValueString" storage="d:\actions-runner\_work\xpco\xpco\mip\platformplugin\videoos.platform\unittest\bin\debug\net472\videoos.platform.tests.dll" id="06174076-ef01-8d0d-830c-682ae858b24d">
      <Execution id="cedba316-886d-42f1-be9a-49ba2562cf0d" />
      <TestMethod codeBase="D:\actions-runner\_work\XPCO\XPCO\MIP\PlatformPlugin\VideoOS.Platform\unittest\bin\Debug\net472\VideoOS.Platform.Tests.dll" adapterTypeName="executor://mstestadapter/v2" className="VideoOS.Platform.Tests.Proxy.RestApi.JsonBuilderTests" name="Append_Element_KeyValueString" />
    </UnitTest>
    <UnitTest name="Equals_ShouldHaveValueSemantics_Always" storage="d:\actions-runner\_work\xpco\xpco\mip\platformplugin\videoos.platform\unittest\bin\debug\net472\videoos.platform.tests.dll" id="c3f2a1aa-ab89-7f2c-6103-bf1d2150d50b">
      <Execution id="be12bf94-7cdf-4852-b4e5-0dcea314dd6e" />
      <TestMethod codeBase="D:\actions-runner\_work\XPCO\XPCO\MIP\PlatformPlugin\VideoOS.Platform\unittest\bin\Debug\net472\VideoOS.Platform.Tests.dll" adapterTypeName="executor://mstestadapter/v2" className="VideoOS.Platform.Tests.Metadata.MetadataStreamTests" name="Equals_ShouldHaveValueSemantics_Always" />
    </UnitTest>
    <UnitTest name="ReadAppearanceExtensionXml_ShouldNotSetBoundingBoxLineColor_WhenBoundingBoxLineColorIsNotPresent" storage="d:\actions-runner\_work\xpco\xpco\mip\platformplugin\videoos.platform\unittest\bin\debug\net472\videoos.platform.tests.dll" id="052237df-54d9-31a7-0ab1-08aaf1d51da7">
      <Execution id="15c391cf-2b22-47f7-8f9f-75971cfc5569" />
      <TestMethod codeBase="D:\actions-runner\_work\XPCO\XPCO\MIP\PlatformPlugin\VideoOS.Platform\unittest\bin\Debug\net472\VideoOS.Platform.Tests.dll" adapterTypeName="executor://mstestadapter/v2" className="VideoOS.Platform.Tests.Metadata.RectangleTests" name="ReadAppearanceExtensionXml_ShouldNotSetBoundingBoxLineColor_WhenBoundingBoxLineColorIsNotPresent" />
    </UnitTest>
    <UnitTest name="SearchResultData_BeginTimeWithPaddingUnset_ShouldReturnBeginTime" storage="d:\actions-runner\_work\xpco\xpco\mip\platformplugin\videoos.platform\unittest\bin\debug\net472\videoos.platform.tests.dll" id="5c8be7a3-8036-a747-4753-97244e6fc863">
      <TestCategory>
        <TestCategoryItem TestCategory="Search" />
      </TestCategory>
      <Execution id="a248bc1b-9117-4817-9f92-5f9cf5df28d2" />
      <TestMethod codeBase="D:\actions-runner\_work\XPCO\XPCO\MIP\PlatformPlugin\VideoOS.Platform\unittest\bin\Debug\net472\VideoOS.Platform.Tests.dll" adapterTypeName="executor://mstestadapter/v2" className="VideoOS.Platform.Tests.Search.SearchResultDataTest" name="SearchResultData_BeginTimeWithPaddingUnset_ShouldReturnBeginTime" />
    </UnitTest>
    <UnitTest name="ReadXml_ShouldIgnoreIdleChildren_WhenAlways" storage="d:\actions-runner\_work\xpco\xpco\mip\platformplugin\videoos.platform\unittest\bin\debug\net472\videoos.platform.tests.dll" id="5367f539-e3b0-cebf-09dd-956f309e7c6e">
      <Execution id="3e6d0241-01e2-4ef2-9608-31c9a5807589" />
      <TestMethod codeBase="D:\actions-runner\_work\XPCO\XPCO\MIP\PlatformPlugin\VideoOS.Platform\unittest\bin\Debug\net472\VideoOS.Platform.Tests.dll" adapterTypeName="executor://mstestadapter/v2" className="VideoOS.Platform.Tests.Metadata.BehaviourTests" name="ReadXml_ShouldIgnoreIdleChildren_WhenAlways" />
    </UnitTest>
    <UnitTest name="Deserialize_Camera_FieldValues_checked" storage="d:\actions-runner\_work\xpco\xpco\mip\platformplugin\videoos.platform\unittest\bin\debug\net472\videoos.platform.tests.dll" id="3c6ad7f5-47ac-d2a1-3c86-5077b25134ea">
      <Execution id="02abd383-86a7-48b2-b203-980ea4a19728" />
      <TestMethod codeBase="D:\actions-runner\_work\XPCO\XPCO\MIP\PlatformPlugin\VideoOS.Platform\unittest\bin\Debug\net472\VideoOS.Platform.Tests.dll" adapterTypeName="executor://mstestadapter/v2" className="VideoOS.Platform.Tests.FQIDtests" name="Deserialize_Camera_FieldValues_checked" />
    </UnitTest>
    <UnitTest name="Enabled_Properties_With_Disable_True_success" storage="d:\actions-runner\_work\xpco\xpco\mip\platformplugin\videoos.platform\unittest\bin\debug\net472\videoos.platform.tests.dll" id="bb812b16-0590-e601-98e0-332d7569575a">
      <Execution id="203bafcf-878b-405d-9c51-a5a1aad6c564" />
      <TestMethod codeBase="D:\actions-runner\_work\XPCO\XPCO\MIP\PlatformPlugin\VideoOS.Platform\unittest\bin\Debug\net472\VideoOS.Platform.Tests.dll" adapterTypeName="executor://mstestadapter/v2" className="VideoOS.Platform.Tests.ItemTests" name="Enabled_Properties_With_Disable_True_success" />
    </UnitTest>
    <UnitTest name="GetItem_ShouldReturnNull_WhenUnknownKind" storage="d:\actions-runner\_work\xpco\xpco\mip\platformplugin\videoos.platform\unittest\bin\debug\net472\videoos.platform.tests.dll" id="a9f5292d-e31f-a581-3eed-5680d989d123">
      <Execution id="f42b79d0-4dbf-4c99-a788-9a176fe27e74" />
      <TestMethod codeBase="D:\actions-runner\_work\XPCO\XPCO\MIP\PlatformPlugin\VideoOS.Platform\unittest\bin\Debug\net472\VideoOS.Platform.Tests.dll" adapterTypeName="executor://mstestadapter/v2" className="VideoOS.Platform.Tests.Util.ConfigurationCacheTests" name="GetItem_ShouldReturnNull_WhenUnknownKind" />
    </UnitTest>
    <UnitTest name="Append_Element_KeyString" storage="d:\actions-runner\_work\xpco\xpco\mip\platformplugin\videoos.platform\unittest\bin\debug\net472\videoos.platform.tests.dll" id="f02151f2-7537-c913-0353-0c1cefe4a11e">
      <Execution id="edbd0c2d-dfe6-4db6-8a65-e9b650961ec1" />
      <TestMethod codeBase="D:\actions-runner\_work\XPCO\XPCO\MIP\PlatformPlugin\VideoOS.Platform\unittest\bin\Debug\net472\VideoOS.Platform.Tests.dll" adapterTypeName="executor://mstestadapter/v2" className="VideoOS.Platform.Tests.Proxy.RestApi.JsonBuilderTests" name="Append_Element_KeyString" />
    </UnitTest>
    <UnitTest name="EqualGuids_Fail_OnServerIdId" storage="d:\actions-runner\_work\xpco\xpco\mip\platformplugin\videoos.platform\unittest\bin\debug\net472\videoos.platform.tests.dll" id="b8b5d1da-4dc1-76f1-a2bd-31503c4d0668">
      <Execution id="bfd7384c-ea16-443a-b28c-289c78c9bd1c" />
      <TestMethod codeBase="D:\actions-runner\_work\XPCO\XPCO\MIP\PlatformPlugin\VideoOS.Platform\unittest\bin\Debug\net472\VideoOS.Platform.Tests.dll" adapterTypeName="executor://mstestadapter/v2" className="VideoOS.Platform.Tests.FQIDtests" name="EqualGuids_Fail_OnServerIdId" />
    </UnitTest>
    <UnitTest name="WriteMetadataXmlWithStrings_ShouldWriteDocumentHeading_WhenDataIsPresent" storage="d:\actions-runner\_work\xpco\xpco\mip\platformplugin\videoos.platform\unittest\bin\debug\net472\videoos.platform.tests.dll" id="e5961fd2-e26a-dc01-53b6-9e6df31d3e56">
      <Execution id="ceb2fe49-de11-44fa-83bd-c298d2f9d114" />
      <TestMethod codeBase="D:\actions-runner\_work\XPCO\XPCO\MIP\PlatformPlugin\VideoOS.Platform\unittest\bin\Debug\net472\VideoOS.Platform.Tests.dll" adapterTypeName="executor://mstestadapter/v2" className="VideoOS.Platform.Tests.Metadata.MetadataSerializerTests" name="WriteMetadataXmlWithStrings_ShouldWriteDocumentHeading_WhenDataIsPresent" />
    </UnitTest>
    <UnitTest name="Serialize_TestCases (TestParentTypeMatchGenericThisTypeMatched)" storage="d:\actions-runner\_work\xpco\xpco\mip\platformplugin\videoos.platform\unittest\bin\debug\net472\videoos.platform.tests.dll" id="4ce8fa95-501e-1da1-3954-5f99709a3a47">
      <Execution id="ce2d0b62-290f-4011-b28d-bf0e3422af27" />
      <TestMethod codeBase="D:\actions-runner\_work\XPCO\XPCO\MIP\PlatformPlugin\VideoOS.Platform\unittest\bin\Debug\net472\VideoOS.Platform.Tests.dll" adapterTypeName="executor://mstestadapter/v2" className="VideoOS.Platform.Tests.UI.Controls.Automation.Serialization.AutomationObjectSerializerTest" name="Serialize_TestCases" />
    </UnitTest>
    <UnitTest name="Serialize_TestCases (TestParentTypeMatchObjectThisTypeNotMatchedProperty)" storage="d:\actions-runner\_work\xpco\xpco\mip\platformplugin\videoos.platform\unittest\bin\debug\net472\videoos.platform.tests.dll" id="8315ca7a-a894-4faa-3758-d8c41ad7cc82">
      <Execution id="9b22d731-f293-4459-a7cb-2ec4f7349538" />
      <TestMethod codeBase="D:\actions-runner\_work\XPCO\XPCO\MIP\PlatformPlugin\VideoOS.Platform\unittest\bin\Debug\net472\VideoOS.Platform.Tests.dll" adapterTypeName="executor://mstestadapter/v2" className="VideoOS.Platform.Tests.UI.Controls.Automation.Serialization.AutomationObjectSerializerTest" name="Serialize_TestCases" />
    </UnitTest>
    <UnitTest name="Serialize_ShouldNotIncludeOptionDecorations_WhenPropertyIsCollectionOfSimpleTypesAndNoPropertiesRequestedInPath" storage="d:\actions-runner\_work\xpco\xpco\mip\platformplugin\videoos.platform\unittest\bin\debug\net472\videoos.platform.tests.dll" id="1e4e191e-63c7-1f37-201c-8fde2757768d">
      <Execution id="577228b9-5998-497a-8ee4-002e7f768069" />
      <TestMethod codeBase="D:\actions-runner\_work\XPCO\XPCO\MIP\PlatformPlugin\VideoOS.Platform\unittest\bin\Debug\net472\VideoOS.Platform.Tests.dll" adapterTypeName="executor://mstestadapter/v2" className="VideoOS.Platform.Tests.UI.Controls.Automation.Serialization.AutomationObjectSerializerTest" name="Serialize_ShouldNotIncludeOptionDecorations_WhenPropertyIsCollectionOfSimpleTypesAndNoPropertiesRequestedInPath" />
    </UnitTest>
    <UnitTest name="CollectionReplaced_ShouldInvokeCallback_WhenObservable" storage="d:\actions-runner\_work\xpco\xpco\mip\platformplugin\videoos.platform\unittest\bin\debug\net472\videoos.platform.tests.dll" id="139930e6-1293-1333-f3aa-a935221ee7d5">
      <Execution id="13f1682e-97c2-45a8-9c21-add79030ad21" />
      <TestMethod codeBase="D:\actions-runner\_work\XPCO\XPCO\MIP\PlatformPlugin\VideoOS.Platform\unittest\bin\Debug\net472\VideoOS.Platform.Tests.dll" adapterTypeName="executor://mstestadapter/v2" className="VideoOS.Platform.Tests.UI.Controls.CollectionHelperGenericTest" name="CollectionReplaced_ShouldInvokeCallback_WhenObservable" />
    </UnitTest>
    <UnitTest name="WriteXml_ShouldOmitElements_WhenDataIsNotPresent" storage="d:\actions-runner\_work\xpco\xpco\mip\platformplugin\videoos.platform\unittest\bin\debug\net472\videoos.platform.tests.dll" id="b88c7a93-5167-689b-3a6b-7ed6795729e1">
      <Execution id="13e7550f-ffa5-4517-8ed1-350319492de1" />
      <TestMethod codeBase="D:\actions-runner\_work\XPCO\XPCO\MIP\PlatformPlugin\VideoOS.Platform\unittest\bin\Debug\net472\VideoOS.Platform.Tests.dll" adapterTypeName="executor://mstestadapter/v2" className="VideoOS.Platform.Tests.Metadata.MetadataStreamTests" name="WriteXml_ShouldOmitElements_WhenDataIsNotPresent" />
    </UnitTest>
    <UnitTest name="GenerateParameters_ShouldWriteFirmware_WhenFirmwareIsNotNull" storage="d:\actions-runner\_work\xpco\xpco\mip\platformplugin\videoos.platform\unittest\bin\debug\net472\videoos.platform.tests.dll" id="4e41d746-7d06-c195-c083-479d6448ab5b">
      <Execution id="73d2357b-c2ae-44e7-9e3d-4794055e16fd" />
      <TestMethod codeBase="D:\actions-runner\_work\XPCO\XPCO\MIP\PlatformPlugin\VideoOS.Platform\unittest\bin\Debug\net472\VideoOS.Platform.Tests.dll" adapterTypeName="executor://mstestadapter/v2" className="VideoOS.Platform.Tests.Data.HardwareDefinitionTests" name="GenerateParameters_ShouldWriteFirmware_WhenFirmwareIsNotNull" />
    </UnitTest>
    <UnitTest name="WriteXml_ShouldWriteYAttribute_WhenAlays" storage="d:\actions-runner\_work\xpco\xpco\mip\platformplugin\videoos.platform\unittest\bin\debug\net472\videoos.platform.tests.dll" id="79d8cb70-402c-e7be-4d53-f2c05fb52d5e">
      <Execution id="b221577b-7532-4ccc-a0fd-2cab6afeed80" />
      <TestMethod codeBase="D:\actions-runner\_work\XPCO\XPCO\MIP\PlatformPlugin\VideoOS.Platform\unittest\bin\Debug\net472\VideoOS.Platform.Tests.dll" adapterTypeName="executor://mstestadapter/v2" className="VideoOS.Platform.Tests.Metadata.VectorTests" name="WriteXml_ShouldWriteYAttribute_WhenAlays" />
    </UnitTest>
    <UnitTest name="CreateSearchFilterEditControl_SinglePluginMultipleSearchResultTypes_Success" storage="d:\actions-runner\_work\xpco\xpco\mip\platformplugin\videoos.platform\unittest\bin\debug\net472\videoos.platform.tests.dll" id="3e139534-4575-a050-7dfe-191f8507593f">
      <TestCategory>
        <TestCategoryItem TestCategory="Search" />
      </TestCategory>
      <Execution id="905397f1-d257-4108-adf0-83e464b808bb" />
      <TestMethod codeBase="D:\actions-runner\_work\XPCO\XPCO\MIP\PlatformPlugin\VideoOS.Platform\unittest\bin\Debug\net472\VideoOS.Platform.Tests.dll" adapterTypeName="executor://mstestadapter/v2" className="VideoOS.Platform.Tests.Search.SearchUserControlResolverTest" name="CreateSearchFilterEditControl_SinglePluginMultipleSearchResultTypes_Success" />
    </UnitTest>
    <UnitTest name="Clear_ShouldEmptyCollectionAndResetTimeStamps_WhenCalled" storage="d:\actions-runner\_work\xpco\xpco\mip\platformplugin\videoos.platform\unittest\bin\debug\net472\videoos.platform.tests.dll" id="b1896dd7-6634-6c9f-92ab-cd4904bba1dc">
      <Execution id="63a9fd4d-aa64-4818-8a61-983b5e61d2d0" />
      <TestMethod codeBase="D:\actions-runner\_work\XPCO\XPCO\MIP\PlatformPlugin\VideoOS.Platform\unittest\bin\Debug\net472\VideoOS.Platform.Tests.dll" adapterTypeName="executor://mstestadapter/v2" className="VideoOS.Platform.Tests.Client.SequenceCacheTests" name="Clear_ShouldEmptyCollectionAndResetTimeStamps_WhenCalled" />
    </UnitTest>
    <UnitTest name="ReadXml_ShouldIgnoreType_WhenTypeIsPresenWithWrongNamespace" storage="d:\actions-runner\_work\xpco\xpco\mip\platformplugin\videoos.platform\unittest\bin\debug\net472\videoos.platform.tests.dll" id="6fccae5a-7804-fab5-2f9c-d8ea289560be">
      <Execution id="f83ad10e-5273-4744-a1f0-e6f836026988" />
      <TestMethod codeBase="D:\actions-runner\_work\XPCO\XPCO\MIP\PlatformPlugin\VideoOS.Platform\unittest\bin\Debug\net472\VideoOS.Platform.Tests.dll" adapterTypeName="executor://mstestadapter/v2" className="VideoOS.Platform.Tests.Metadata.ClassCandidateTests" name="ReadXml_ShouldIgnoreType_WhenTypeIsPresenWithWrongNamespace" />
    </UnitTest>
    <UnitTest name="ReadXml_ShouldLogWarning_WhenLikelihoodIsNotPresent" storage="d:\actions-runner\_work\xpco\xpco\mip\platformplugin\videoos.platform\unittest\bin\debug\net472\videoos.platform.tests.dll" id="c3c83a0c-a46d-bf4c-a733-65c34582027c">
      <Execution id="0df104bc-4e81-4004-8711-dc7f1f902862" />
      <TestMethod codeBase="D:\actions-runner\_work\XPCO\XPCO\MIP\PlatformPlugin\VideoOS.Platform\unittest\bin\Debug\net472\VideoOS.Platform.Tests.dll" adapterTypeName="executor://mstestadapter/v2" className="VideoOS.Platform.Tests.Metadata.ClassCandidateTests" name="ReadXml_ShouldLogWarning_WhenLikelihoodIsNotPresent" />
    </UnitTest>
    <UnitTest name="Stop_ProcessItemThrowsException_ProcessorSurvives" storage="d:\actions-runner\_work\xpco\xpco\mip\platformplugin\videoos.platform\unittest\bin\debug\net472\videoos.platform.tests.dll" id="1c54ef9e-0fd3-3065-2074-36e139afc976">
      <Execution id="d1401821-b26f-4d63-ba92-58db064f30cf" />
      <TestMethod codeBase="D:\actions-runner\_work\XPCO\XPCO\MIP\PlatformPlugin\VideoOS.Platform\unittest\bin\Debug\net472\VideoOS.Platform.Tests.dll" adapterTypeName="executor://mstestadapter/v2" className="VideoOS.Platform.Tests.Util.Queue.ResourceProcessorTests" name="Stop_ProcessItemThrowsException_ProcessorSurvives" />
    </UnitTest>
    <UnitTest name="MipItem_ImageSource_Has_Value" storage="d:\actions-runner\_work\xpco\xpco\mip\platformplugin\videoos.platform\unittest\bin\debug\net472\videoos.platform.tests.dll" id="7f766a97-6ab7-7b7f-222d-e4bba52b6030">
      <Execution id="6c24ced1-a4a6-43a6-a9f2-7c7acde44ab0" />
      <TestMethod codeBase="D:\actions-runner\_work\XPCO\XPCO\MIP\PlatformPlugin\VideoOS.Platform\unittest\bin\Debug\net472\VideoOS.Platform.Tests.dll" adapterTypeName="executor://mstestadapter/v2" className="VideoOS.Platform.Tests.UI.ItemPicker.ItemViewModelTest" name="MipItem_ImageSource_Has_Value" />
    </UnitTest>
    <UnitTest name="ReadXml_ShouldReadShape_WhenShapeIsPresent" storage="d:\actions-runner\_work\xpco\xpco\mip\platformplugin\videoos.platform\unittest\bin\debug\net472\videoos.platform.tests.dll" id="21519acc-d56e-4959-c4c3-f48c7006fe27">
      <Execution id="512a6ac3-8f83-4358-a99f-2cbe23b61c4a" />
      <TestMethod codeBase="D:\actions-runner\_work\XPCO\XPCO\MIP\PlatformPlugin\VideoOS.Platform\unittest\bin\Debug\net472\VideoOS.Platform.Tests.dll" adapterTypeName="executor://mstestadapter/v2" className="VideoOS.Platform.Tests.Metadata.AppearanceTests" name="ReadXml_ShouldReadShape_WhenShapeIsPresent" />
    </UnitTest>
    <UnitTest name="SearchResultData_EndTimeWithPaddingUnset_ShouldReturnEndTime" storage="d:\actions-runner\_work\xpco\xpco\mip\platformplugin\videoos.platform\unittest\bin\debug\net472\videoos.platform.tests.dll" id="cd7f7ed7-88a6-0fa2-919b-8f85deed3b1c">
      <TestCategory>
        <TestCategoryItem TestCategory="Search" />
      </TestCategory>
      <Execution id="a2056b72-1641-42d0-960d-ff3e808fc3dd" />
      <TestMethod codeBase="D:\actions-runner\_work\XPCO\XPCO\MIP\PlatformPlugin\VideoOS.Platform\unittest\bin\Debug\net472\VideoOS.Platform.Tests.dll" adapterTypeName="executor://mstestadapter/v2" className="VideoOS.Platform.Tests.Search.SearchResultDataTest" name="SearchResultData_EndTimeWithPaddingUnset_ShouldReturnEndTime" />
    </UnitTest>
    <UnitTest name="CountByCounter_Activated_Trial_OK" storage="d:\actions-runner\_work\xpco\xpco\mip\platformplugin\videoos.platform\unittest\bin\debug\net472\videoos.platform.tests.dll" id="af0f43ee-ce4a-d402-680c-1c0e37479db8">
      <Execution id="f2a7d6ca-4372-424f-83b9-889db6174d81" />
      <TestMethod codeBase="D:\actions-runner\_work\XPCO\XPCO\MIP\PlatformPlugin\VideoOS.Platform\unittest\bin\Debug\net472\VideoOS.Platform.Tests.dll" adapterTypeName="executor://mstestadapter/v2" className="VideoOS.Platform.Tests.License.ResolvedLicenseCountTest" name="CountByCounter_Activated_Trial_OK" />
    </UnitTest>
    <UnitTest name="AllowGroupSelection_AutoCloseOnSelect_GroupSelected" storage="d:\actions-runner\_work\xpco\xpco\mip\platformplugin\videoos.platform\unittest\bin\debug\net472\videoos.platform.tests.dll" id="c1d45865-15fa-0d84-a5d0-67059817b5ff">
      <Execution id="3cab0f14-778b-466d-ac68-6cfccea5a175" />
      <TestMethod codeBase="D:\actions-runner\_work\XPCO\XPCO\MIP\PlatformPlugin\VideoOS.Platform\unittest\bin\Debug\net472\VideoOS.Platform.Tests.dll" adapterTypeName="executor://mstestadapter/v2" className="VideoOS.Platform.Tests.UI.ItemPicker.ItemPickerViewModelTest" name="AllowGroupSelection_AutoCloseOnSelect_GroupSelected" />
    </UnitTest>
    <UnitTest name="Serialize_TestCases (Verify root Object (not null) property)" storage="d:\actions-runner\_work\xpco\xpco\mip\platformplugin\videoos.platform\unittest\bin\debug\net472\videoos.platform.tests.dll" id="63610c24-9538-e81d-7363-0d5652fbe351">
      <Execution id="048d1a8f-f8d5-46da-954f-b784ffe818e8" />
      <TestMethod codeBase="D:\actions-runner\_work\XPCO\XPCO\MIP\PlatformPlugin\VideoOS.Platform\unittest\bin\Debug\net472\VideoOS.Platform.Tests.dll" adapterTypeName="executor://mstestadapter/v2" className="VideoOS.Platform.Tests.UI.Controls.Automation.Serialization.AutomationObjectSerializerTest" name="Serialize_TestCases" />
    </UnitTest>
    <UnitTest name="GenerateDeviceParameters_ShouldOmitGop_WhenGopIsZero" storage="d:\actions-runner\_work\xpco\xpco\mip\platformplugin\videoos.platform\unittest\bin\debug\net472\videoos.platform.tests.dll" id="e9dfb445-64b1-c8bd-bc01-6330550b105e">
      <Execution id="9f0413fb-2074-43a3-8cee-1ceb72c55349" />
      <TestMethod codeBase="D:\actions-runner\_work\XPCO\XPCO\MIP\PlatformPlugin\VideoOS.Platform\unittest\bin\Debug\net472\VideoOS.Platform.Tests.dll" adapterTypeName="executor://mstestadapter/v2" className="VideoOS.Platform.Tests.Data.CameraDeviceDefinitionTests" name="GenerateDeviceParameters_ShouldOmitGop_WhenGopIsZero" />
    </UnitTest>
    <UnitTest name="CountByItems_NotActivated_Trial_Missing" storage="d:\actions-runner\_work\xpco\xpco\mip\platformplugin\videoos.platform\unittest\bin\debug\net472\videoos.platform.tests.dll" id="26e0371b-a9ac-efb2-5c04-9498517c8a6b">
      <Execution id="a4878722-61dc-412b-b1b9-b727711587d0" />
      <TestMethod codeBase="D:\actions-runner\_work\XPCO\XPCO\MIP\PlatformPlugin\VideoOS.Platform\unittest\bin\Debug\net472\VideoOS.Platform.Tests.dll" adapterTypeName="executor://mstestadapter/v2" className="VideoOS.Platform.Tests.License.ResolvedLicenseCountTest" name="CountByItems_NotActivated_Trial_Missing" />
    </UnitTest>
    <UnitTest name="Serialize_ToXmlWriter" storage="d:\actions-runner\_work\xpco\xpco\mip\platformplugin\videoos.platform\unittest\bin\debug\net472\videoos.platform.tests.dll" id="c2275de9-9fb7-2d15-4e82-ae68930b46f3">
      <Execution id="1f5d12e3-ac80-4397-9e1f-9825404f6365" />
      <TestMethod codeBase="D:\actions-runner\_work\XPCO\XPCO\MIP\PlatformPlugin\VideoOS.Platform\unittest\bin\Debug\net472\VideoOS.Platform.Tests.dll" adapterTypeName="executor://mstestadapter/v2" className="VideoOS.Platform.Tests.ItemTests" name="Serialize_ToXmlWriter" />
    </UnitTest>
    <UnitTest name="ReadXml_ShouldSetObjectIdToZero_WhenObjectIdAttributeIsPresentButNotAnInteger" storage="d:\actions-runner\_work\xpco\xpco\mip\platformplugin\videoos.platform\unittest\bin\debug\net472\videoos.platform.tests.dll" id="cd80718c-caec-d1ab-47af-f5822f5e7c58">
      <Execution id="add8cbfa-cb98-426d-a8ed-88d5ba3fca79" />
      <TestMethod codeBase="D:\actions-runner\_work\XPCO\XPCO\MIP\PlatformPlugin\VideoOS.Platform\unittest\bin\Debug\net472\VideoOS.Platform.Tests.dll" adapterTypeName="executor://mstestadapter/v2" className="VideoOS.Platform.Tests.Metadata.OnvifObjectTests" name="ReadXml_ShouldSetObjectIdToZero_WhenObjectIdAttributeIsPresentButNotAnInteger" />
    </UnitTest>
    <UnitTest name="Ctor_TwoStandardFiltersAndTwoCustomFilters_Success" storage="d:\actions-runner\_work\xpco\xpco\mip\platformplugin\videoos.platform\unittest\bin\debug\net472\videoos.platform.tests.dll" id="7a0dc36a-c1cd-21c8-9ba3-75ff2dea0cf7">
      <TestCategory>
        <TestCategoryItem TestCategory="Search" />
      </TestCategory>
      <Execution id="1d4021c3-f3c2-40b5-b8cd-e71e2634dcad" />
      <TestMethod codeBase="D:\actions-runner\_work\XPCO\XPCO\MIP\PlatformPlugin\VideoOS.Platform\unittest\bin\Debug\net472\VideoOS.Platform.Tests.dll" adapterTypeName="executor://mstestadapter/v2" className="VideoOS.Platform.Tests.Search.FilterCategories.VehicleSearchFilterCategoryTest" name="Ctor_TwoStandardFiltersAndTwoCustomFilters_Success" />
    </UnitTest>
    <UnitTest name="JsonObjectTest" storage="d:\actions-runner\_work\xpco\xpco\mip\platformplugin\videoos.platform\unittest\bin\debug\net472\videoos.platform.tests.dll" id="24f4c2d7-2c1a-d96f-02e1-f48f7d97bc91">
      <Execution id="8dfee34b-d9ce-4563-b46b-18ddea7eeacd" />
      <TestMethod codeBase="D:\actions-runner\_work\XPCO\XPCO\MIP\PlatformPlugin\VideoOS.Platform\unittest\bin\Debug\net472\VideoOS.Platform.Tests.dll" adapterTypeName="executor://mstestadapter/v2" className="VideoOS.Platform.Tests.Proxy.RestApi.JsonObjectTests" name="JsonObjectTest" />
    </UnitTest>
    <UnitTest name="Serialize_TestCases (TestParentTypeMatchInterfaceThisTypeMatched)" storage="d:\actions-runner\_work\xpco\xpco\mip\platformplugin\videoos.platform\unittest\bin\debug\net472\videoos.platform.tests.dll" id="d42b4d4f-29a4-0113-b8d9-9d054172cf47">
      <Execution id="2fc1afef-b83c-411b-b9e4-c199254c8141" />
      <TestMethod codeBase="D:\actions-runner\_work\XPCO\XPCO\MIP\PlatformPlugin\VideoOS.Platform\unittest\bin\Debug\net472\VideoOS.Platform.Tests.dll" adapterTypeName="executor://mstestadapter/v2" className="VideoOS.Platform.Tests.UI.Controls.Automation.Serialization.AutomationObjectSerializerTest" name="Serialize_TestCases" />
    </UnitTest>
    <UnitTest name="SelectionFilterValue_Deserialize_Success" storage="d:\actions-runner\_work\xpco\xpco\mip\platformplugin\videoos.platform\unittest\bin\debug\net472\videoos.platform.tests.dll" id="22940ce1-f9a1-0a34-055d-4f72c4c54fbb">
      <TestCategory>
        <TestCategoryItem TestCategory="Search" />
      </TestCategory>
      <Execution id="d2a0c230-69c3-4ace-bcad-c9674a605b50" />
      <TestMethod codeBase="D:\actions-runner\_work\XPCO\XPCO\MIP\PlatformPlugin\VideoOS.Platform\unittest\bin\Debug\net472\VideoOS.Platform.Tests.dll" adapterTypeName="executor://mstestadapter/v2" className="VideoOS.Platform.Tests.Search.FilterValues.FilterValueTests" name="SelectionFilterValue_Deserialize_Success" />
    </UnitTest>
    <UnitTest name="GetNearest_ShouldReturnLastElementFromToolkitResponse_WhenTimestampIsAfterLastElementInResponse" storage="d:\actions-runner\_work\xpco\xpco\mip\platformplugin\videoos.platform\unittest\bin\debug\net472\videoos.platform.tests.dll" id="1f165af9-b6e7-bd17-1c06-1628746543b3">
      <Execution id="af80ee46-e9f2-4710-9fdf-e18db25142e4" />
      <TestMethod codeBase="D:\actions-runner\_work\XPCO\XPCO\MIP\PlatformPlugin\VideoOS.Platform\unittest\bin\Debug\net472\VideoOS.Platform.Tests.dll" adapterTypeName="executor://mstestadapter/v2" className="VideoOS.Platform.Tests.Data.MetadataPlaybackSourceTests" name="GetNearest_ShouldReturnLastElementFromToolkitResponse_WhenTimestampIsAfterLastElementInResponse" />
    </UnitTest>
    <UnitTest name="Serialize_TestCases (Verify root Int property)" storage="d:\actions-runner\_work\xpco\xpco\mip\platformplugin\videoos.platform\unittest\bin\debug\net472\videoos.platform.tests.dll" id="293285b5-f787-ce9d-2c40-45d537374ac6">
      <Execution id="c0ff2ce7-6e38-4fb0-8876-352e543dc651" />
      <TestMethod codeBase="D:\actions-runner\_work\XPCO\XPCO\MIP\PlatformPlugin\VideoOS.Platform\unittest\bin\Debug\net472\VideoOS.Platform.Tests.dll" adapterTypeName="executor://mstestadapter/v2" className="VideoOS.Platform.Tests.UI.Controls.Automation.Serialization.AutomationObjectSerializerTest" name="Serialize_TestCases" />
    </UnitTest>
    <UnitTest name="Serialize_TestCases (TestParentTypeMatchCollectionThisTypeMatchedProperty)" storage="d:\actions-runner\_work\xpco\xpco\mip\platformplugin\videoos.platform\unittest\bin\debug\net472\videoos.platform.tests.dll" id="3743038a-92be-ac51-6b43-04a32dffac65">
      <Execution id="5f7228d1-b448-4007-9498-bf66fc244be4" />
      <TestMethod codeBase="D:\actions-runner\_work\XPCO\XPCO\MIP\PlatformPlugin\VideoOS.Platform\unittest\bin\Debug\net472\VideoOS.Platform.Tests.dll" adapterTypeName="executor://mstestadapter/v2" className="VideoOS.Platform.Tests.UI.Controls.Automation.Serialization.AutomationObjectSerializerTest" name="Serialize_TestCases" />
    </UnitTest>
    <UnitTest name="Dequeue_Success" storage="d:\actions-runner\_work\xpco\xpco\mip\platformplugin\videoos.platform\unittest\bin\debug\net472\videoos.platform.tests.dll" id="01387d97-f9fc-82cf-fc0c-bafa84835078">
      <Execution id="b37e1535-601b-4d12-9ccc-b9bff87fc3f1" />
      <TestMethod codeBase="D:\actions-runner\_work\XPCO\XPCO\MIP\PlatformPlugin\VideoOS.Platform\unittest\bin\Debug\net472\VideoOS.Platform.Tests.dll" adapterTypeName="executor://mstestadapter/v2" className="VideoOS.Platform.Tests.Util.Queue.ConcurrentQueueSlimTests" name="Dequeue_Success" />
    </UnitTest>
    <UnitTest name="ReadXml_ShouldReadXAttribute_WhenPresent" storage="d:\actions-runner\_work\xpco\xpco\mip\platformplugin\videoos.platform\unittest\bin\debug\net472\videoos.platform.tests.dll" id="038e82e7-0736-b906-6069-bf165dcdf81d">
      <Execution id="dc939964-f296-43de-9f85-3d5123b6b376" />
      <TestMethod codeBase="D:\actions-runner\_work\XPCO\XPCO\MIP\PlatformPlugin\VideoOS.Platform\unittest\bin\Debug\net472\VideoOS.Platform.Tests.dll" adapterTypeName="executor://mstestadapter/v2" className="VideoOS.Platform.Tests.Metadata.VectorTests" name="ReadXml_ShouldReadXAttribute_WhenPresent" />
    </UnitTest>
    <UnitTest name="WriteXml_ShouldOmitElements_WhenTheyAreNull" storage="d:\actions-runner\_work\xpco\xpco\mip\platformplugin\videoos.platform\unittest\bin\debug\net472\videoos.platform.tests.dll" id="6b9e5408-4e04-a559-173d-978d8c871a1a">
      <Execution id="05305d23-6361-47d1-ab6d-34b19c57d4b2" />
      <TestMethod codeBase="D:\actions-runner\_work\XPCO\XPCO\MIP\PlatformPlugin\VideoOS.Platform\unittest\bin\Debug\net472\VideoOS.Platform.Tests.dll" adapterTypeName="executor://mstestadapter/v2" className="VideoOS.Platform.Tests.Metadata.ShapeTests" name="WriteXml_ShouldOmitElements_WhenTheyAreNull" />
    </UnitTest>
    <UnitTest name="ReadXml_ShouldSetAllPropertiesToFalse_WhenElementIsEmpty" storage="d:\actions-runner\_work\xpco\xpco\mip\platformplugin\videoos.platform\unittest\bin\debug\net472\videoos.platform.tests.dll" id="b10c5cfd-13d5-732d-40b9-1c8a8f0d6512">
      <Execution id="763e2ab5-86bf-4dff-be77-fa67d0bc907b" />
      <TestMethod codeBase="D:\actions-runner\_work\XPCO\XPCO\MIP\PlatformPlugin\VideoOS.Platform\unittest\bin\Debug\net472\VideoOS.Platform.Tests.dll" adapterTypeName="executor://mstestadapter/v2" className="VideoOS.Platform.Tests.Metadata.BehaviourTests" name="ReadXml_ShouldSetAllPropertiesToFalse_WhenElementIsEmpty" />
    </UnitTest>
    <UnitTest name="Serialize_TestCases (TestParentTypeMatchStructNotThisTypeMatched)" storage="d:\actions-runner\_work\xpco\xpco\mip\platformplugin\videoos.platform\unittest\bin\debug\net472\videoos.platform.tests.dll" id="03c86249-a9e6-e76b-4e52-cc9f81b3e12b">
      <Execution id="6ff87968-c283-44c7-bbc6-b186e340498b" />
      <TestMethod codeBase="D:\actions-runner\_work\XPCO\XPCO\MIP\PlatformPlugin\VideoOS.Platform\unittest\bin\Debug\net472\VideoOS.Platform.Tests.dll" adapterTypeName="executor://mstestadapter/v2" className="VideoOS.Platform.Tests.UI.Controls.Automation.Serialization.AutomationObjectSerializerTest" name="Serialize_TestCases" />
    </UnitTest>
    <UnitTest name="GenerateDeviceParameters_ShouldCallGenerateTypeDefinintionParametersWithCorrectPrefix_WhenThereAreTypeDefinitions" storage="d:\actions-runner\_work\xpco\xpco\mip\platformplugin\videoos.platform\unittest\bin\debug\net472\videoos.platform.tests.dll" id="ebd03c2f-6c76-bcbc-d996-078d887dfa19">
      <Execution id="738f7dea-2f57-460c-b2fc-917f8c332130" />
      <TestMethod codeBase="D:\actions-runner\_work\XPCO\XPCO\MIP\PlatformPlugin\VideoOS.Platform\unittest\bin\Debug\net472\VideoOS.Platform.Tests.dll" adapterTypeName="executor://mstestadapter/v2" className="VideoOS.Platform.Tests.Data.MetadataDeviceDefintionTests" name="GenerateDeviceParameters_ShouldCallGenerateTypeDefinintionParametersWithCorrectPrefix_WhenThereAreTypeDefinitions" />
    </UnitTest>
    <UnitTest name="ReadXml_ShouldReadSpeed_WhenSpeedIsPresent" storage="d:\actions-runner\_work\xpco\xpco\mip\platformplugin\videoos.platform\unittest\bin\debug\net472\videoos.platform.tests.dll" id="c82ad357-66af-6f7d-49fa-5184f10411f5">
      <Execution id="14174978-442f-483d-887e-3aa1e034d9b0" />
      <TestMethod codeBase="D:\actions-runner\_work\XPCO\XPCO\MIP\PlatformPlugin\VideoOS.Platform\unittest\bin\Debug\net472\VideoOS.Platform.Tests.dll" adapterTypeName="executor://mstestadapter/v2" className="VideoOS.Platform.Tests.Metadata.NavigationalDataTests" name="ReadXml_ShouldReadSpeed_WhenSpeedIsPresent" />
    </UnitTest>
    <UnitTest name="ObjectId_ShouldReturnZero_WhenNotSetInConstructor" storage="d:\actions-runner\_work\xpco\xpco\mip\platformplugin\videoos.platform\unittest\bin\debug\net472\videoos.platform.tests.dll" id="954dcc09-ffa8-ee72-ce2c-24675b9f100a">
      <Execution id="b275d72b-29da-4a29-b194-8b3a2eab0db2" />
      <TestMethod codeBase="D:\actions-runner\_work\XPCO\XPCO\MIP\PlatformPlugin\VideoOS.Platform\unittest\bin\Debug\net472\VideoOS.Platform.Tests.dll" adapterTypeName="executor://mstestadapter/v2" className="VideoOS.Platform.Tests.Metadata.OnvifObjectTests" name="ObjectId_ShouldReturnZero_WhenNotSetInConstructor" />
    </UnitTest>
    <UnitTest name="Enqueue_QueueStopped_Fails" storage="d:\actions-runner\_work\xpco\xpco\mip\platformplugin\videoos.platform\unittest\bin\debug\net472\videoos.platform.tests.dll" id="bf5918ba-1ac5-ba5f-cde7-7b7063949a78">
      <Execution id="d8363a32-06b8-4d75-9613-ba1ce2e9e0ba" />
      <TestMethod codeBase="D:\actions-runner\_work\XPCO\XPCO\MIP\PlatformPlugin\VideoOS.Platform\unittest\bin\Debug\net472\VideoOS.Platform.Tests.dll" adapterTypeName="executor://mstestadapter/v2" className="VideoOS.Platform.Tests.Util.Queue.ConcurrentQueueSlimTests" name="Enqueue_QueueStopped_Fails" />
    </UnitTest>
    <UnitTest name="GetChildItems_ShouldReturnNull_WhenAllNotAllAdded" storage="d:\actions-runner\_work\xpco\xpco\mip\platformplugin\videoos.platform\unittest\bin\debug\net472\videoos.platform.tests.dll" id="ecc8a678-a940-3ae6-944a-34c722824547">
      <Execution id="c7f2fd5f-baae-4c7a-a395-f02fe8ee7c9e" />
      <TestMethod codeBase="D:\actions-runner\_work\XPCO\XPCO\MIP\PlatformPlugin\VideoOS.Platform\unittest\bin\Debug\net472\VideoOS.Platform.Tests.dll" adapterTypeName="executor://mstestadapter/v2" className="VideoOS.Platform.Tests.Util.ConfigurationCacheTests" name="GetChildItems_ShouldReturnNull_WhenAllNotAllAdded" />
    </UnitTest>
    <UnitTest name="IsEmptyValue_DoubleRangeFilterValue_HighValueBelowMaximum_ReturnsFalse" storage="d:\actions-runner\_work\xpco\xpco\mip\platformplugin\videoos.platform\unittest\bin\debug\net472\videoos.platform.tests.dll" id="47ea98ad-fc0c-d34c-cfce-7d3c08a15e8d">
      <TestCategory>
        <TestCategoryItem TestCategory="Search" />
      </TestCategory>
      <Execution id="7967fa29-fa11-40d7-b076-7baeda9ffdde" />
      <TestMethod codeBase="D:\actions-runner\_work\XPCO\XPCO\MIP\PlatformPlugin\VideoOS.Platform\unittest\bin\Debug\net472\VideoOS.Platform.Tests.dll" adapterTypeName="executor://mstestadapter/v2" className="VideoOS.Platform.Tests.Search.SearchFilterTest" name="IsEmptyValue_DoubleRangeFilterValue_HighValueBelowMaximum_ReturnsFalse" />
    </UnitTest>
    <UnitTest name="GetChildrenSorted_And_Check" storage="d:\actions-runner\_work\xpco\xpco\mip\platformplugin\videoos.platform\unittest\bin\debug\net472\videoos.platform.tests.dll" id="b82f6040-62f7-3594-e125-274383902f8c">
      <Execution id="5f6793a2-bdea-4e0b-b7d8-4ae9e8766ee1" />
      <TestMethod codeBase="D:\actions-runner\_work\XPCO\XPCO\MIP\PlatformPlugin\VideoOS.Platform\unittest\bin\Debug\net472\VideoOS.Platform.Tests.dll" adapterTypeName="executor://mstestadapter/v2" className="VideoOS.Platform.Tests.ItemTests" name="GetChildrenSorted_And_Check" />
    </UnitTest>
    <UnitTest name="Encrypt_ShouldReturnValueDifferentThanInput" storage="d:\actions-runner\_work\xpco\xpco\mip\platformplugin\videoos.platform\unittest\bin\debug\net472\videoos.platform.tests.dll" id="737a55e3-02b4-11ec-a502-8f24217ffca3">
      <Execution id="d8623ee1-1967-4029-b963-5be88513069e" />
      <TestMethod codeBase="D:\actions-runner\_work\XPCO\XPCO\MIP\PlatformPlugin\VideoOS.Platform\unittest\bin\Debug\net472\VideoOS.Platform.Tests.dll" adapterTypeName="executor://mstestadapter/v2" className="VideoOS.Platform.Tests.License.NonFipsLicenseCompatibilityHandlerTests" name="Encrypt_ShouldReturnValueDifferentThanInput" />
    </UnitTest>
    <UnitTest name="IsEmptyValue_StringFilterValue_EmptyString_ReturnsTrue" storage="d:\actions-runner\_work\xpco\xpco\mip\platformplugin\videoos.platform\unittest\bin\debug\net472\videoos.platform.tests.dll" id="b357ddf5-0643-7e7d-12aa-101fa59704c1">
      <TestCategory>
        <TestCategoryItem TestCategory="Search" />
      </TestCategory>
      <Execution id="0eeb2223-bda4-47b0-a621-981fac75de21" />
      <TestMethod codeBase="D:\actions-runner\_work\XPCO\XPCO\MIP\PlatformPlugin\VideoOS.Platform\unittest\bin\Debug\net472\VideoOS.Platform.Tests.dll" adapterTypeName="executor://mstestadapter/v2" className="VideoOS.Platform.Tests.Search.SearchFilterTest" name="IsEmptyValue_StringFilterValue_EmptyString_ReturnsTrue" />
    </UnitTest>
    <UnitTest name="GetItems_ShouldReturnNull_WhenNotAllAdded" storage="d:\actions-runner\_work\xpco\xpco\mip\platformplugin\videoos.platform\unittest\bin\debug\net472\videoos.platform.tests.dll" id="e56c4b03-9d5d-a70b-1573-44a88bf4c200">
      <Execution id="36e881b8-661a-434c-8c44-153a4a328755" />
      <TestMethod codeBase="D:\actions-runner\_work\XPCO\XPCO\MIP\PlatformPlugin\VideoOS.Platform\unittest\bin\Debug\net472\VideoOS.Platform.Tests.dll" adapterTypeName="executor://mstestadapter/v2" className="VideoOS.Platform.Tests.Util.ConfigurationCacheTests" name="GetItems_ShouldReturnNull_WhenNotAllAdded" />
    </UnitTest>
    <UnitTest name="ReadXml_ShouldLogWarningOnlyOnceWithinOneMinute_WhenElementErrorsAreDetected" storage="d:\actions-runner\_work\xpco\xpco\mip\platformplugin\videoos.platform\unittest\bin\debug\net472\videoos.platform.tests.dll" id="e2323074-11c2-8296-7476-af3cef44bb34">
      <Execution id="ccaf0db0-2bfd-43d2-ae55-2e8d20f88adc" />
      <TestMethod codeBase="D:\actions-runner\_work\XPCO\XPCO\MIP\PlatformPlugin\VideoOS.Platform\unittest\bin\Debug\net472\VideoOS.Platform.Tests.dll" adapterTypeName="executor://mstestadapter/v2" className="VideoOS.Platform.Tests.Metadata.ClassCandidateTests" name="ReadXml_ShouldLogWarningOnlyOnceWithinOneMinute_WhenElementErrorsAreDetected" />
    </UnitTest>
    <UnitTest name="Populate_SearchTextSet_ItemsFound_True" storage="d:\actions-runner\_work\xpco\xpco\mip\platformplugin\videoos.platform\unittest\bin\debug\net472\videoos.platform.tests.dll" id="9c4c3d7f-1c8d-9061-b840-609563af8ef3">
      <Execution id="c39ec957-04e3-4e30-a824-5c4ec0a44b1b" />
      <TestMethod codeBase="D:\actions-runner\_work\XPCO\XPCO\MIP\PlatformPlugin\VideoOS.Platform\unittest\bin\Debug\net472\VideoOS.Platform.Tests.dll" adapterTypeName="executor://mstestadapter/v2" className="VideoOS.Platform.Tests.UI.ItemPicker.PopulateThreadTest" name="Populate_SearchTextSet_ItemsFound_True" />
    </UnitTest>
    <UnitTest name="GetBegin_ShouldReturnNull_WhenToolkitReturnsNull" storage="d:\actions-runner\_work\xpco\xpco\mip\platformplugin\videoos.platform\unittest\bin\debug\net472\videoos.platform.tests.dll" id="55b79441-e564-906e-4208-d72830fa4d2c">
      <Execution id="5e05889c-82bb-44cf-9324-4b8919f606db" />
      <TestMethod codeBase="D:\actions-runner\_work\XPCO\XPCO\MIP\PlatformPlugin\VideoOS.Platform\unittest\bin\Debug\net472\VideoOS.Platform.Tests.dll" adapterTypeName="executor://mstestadapter/v2" className="VideoOS.Platform.Tests.Data.MetadataPlaybackSourceTests" name="GetBegin_ShouldReturnNull_WhenToolkitReturnsNull" />
    </UnitTest>
    <UnitTest name="AllAttributesWerePresent_ShouldReturnTrue_WhenBothXAndYAreFloats" storage="d:\actions-runner\_work\xpco\xpco\mip\platformplugin\videoos.platform\unittest\bin\debug\net472\videoos.platform.tests.dll" id="9b0d69da-f0df-c6b0-7696-299b1ca48f22">
      <Execution id="23797fec-5090-4323-91bc-c0c2185a8c74" />
      <TestMethod codeBase="D:\actions-runner\_work\XPCO\XPCO\MIP\PlatformPlugin\VideoOS.Platform\unittest\bin\Debug\net472\VideoOS.Platform.Tests.dll" adapterTypeName="executor://mstestadapter/v2" className="VideoOS.Platform.Tests.Metadata.VectorTests" name="AllAttributesWerePresent_ShouldReturnTrue_WhenBothXAndYAreFloats" />
    </UnitTest>
    <UnitTest name="ProvideValue_ShouldUpdateTargetProperty_WhenDataContextDPValueChanges" storage="d:\actions-runner\_work\xpco\xpco\mip\platformplugin\videoos.platform\unittest\bin\debug\net472\videoos.platform.tests.dll" id="668a7b7c-485c-e1be-eac6-0f37f9c5a345">
      <TestCategory>
        <TestCategoryItem TestCategory="TabControls" />
      </TestCategory>
      <Execution id="c58b2f65-d776-4a99-b710-0a3992661eb9" />
      <TestMethod codeBase="D:\actions-runner\_work\XPCO\XPCO\MIP\PlatformPlugin\VideoOS.Platform\unittest\bin\Debug\net472\VideoOS.Platform.Tests.dll" adapterTypeName="executor://mstestadapter/v2" className="VideoOS.Platform.Tests.UI.Controls.TabControls.Internal.Primary.ItemHeaderExtensionTest" name="ProvideValue_ShouldUpdateTargetProperty_WhenDataContextDPValueChanges" />
    </UnitTest>
    <UnitTest name="TestSearchFilterCategories_WithANullAgent_Success" storage="d:\actions-runner\_work\xpco\xpco\mip\platformplugin\videoos.platform\unittest\bin\debug\net472\videoos.platform.tests.dll" id="305837e1-d44c-5663-004e-044ac561be36">
      <TestCategory>
        <TestCategoryItem TestCategory="Search" />
      </TestCategory>
      <Execution id="255f88d7-5be7-40f3-b40a-d4b99ca074ac" />
      <TestMethod codeBase="D:\actions-runner\_work\XPCO\XPCO\MIP\PlatformPlugin\VideoOS.Platform\unittest\bin\Debug\net472\VideoOS.Platform.Tests.dll" adapterTypeName="executor://mstestadapter/v2" className="VideoOS.Platform.Tests.Search.SearchManagerTest" name="TestSearchFilterCategories_WithANullAgent_Success" />
    </UnitTest>
    <UnitTest name="MipItems_Property_Collection_NotEmpty" storage="d:\actions-runner\_work\xpco\xpco\mip\platformplugin\videoos.platform\unittest\bin\debug\net472\videoos.platform.tests.dll" id="984bc27d-a5c7-32fa-f1e8-153a12469bdb">
      <Execution id="07621816-fd26-41ea-9bc2-2c6ad8b0000d" />
      <TestMethod codeBase="D:\actions-runner\_work\XPCO\XPCO\MIP\PlatformPlugin\VideoOS.Platform\unittest\bin\Debug\net472\VideoOS.Platform.Tests.dll" adapterTypeName="executor://mstestadapter/v2" className="VideoOS.Platform.Tests.UI.ItemPicker.ItemViewModelTest" name="MipItems_Property_Collection_NotEmpty" />
    </UnitTest>
    <UnitTest name="ServerIdWithHttps_CheckSerialization_Success" storage="d:\actions-runner\_work\xpco\xpco\mip\platformplugin\videoos.platform\unittest\bin\debug\net472\videoos.platform.tests.dll" id="a75415d5-8f48-5b6a-949c-d1ac83acad3d">
      <Execution id="eb7ba4fd-b5d3-4221-851c-2d682bea18f3" />
      <TestMethod codeBase="D:\actions-runner\_work\XPCO\XPCO\MIP\PlatformPlugin\VideoOS.Platform\unittest\bin\Debug\net472\VideoOS.Platform.Tests.dll" adapterTypeName="executor://mstestadapter/v2" className="VideoOS.Platform.Tests.FQIDtests" name="ServerIdWithHttps_CheckSerialization_Success" />
    </UnitTest>
    <UnitTest name="GetBoundingShapesAsync_FirstInvocationCancelled_DelegatedToInternalMethodOnce" storage="d:\actions-runner\_work\xpco\xpco\mip\platformplugin\videoos.platform\unittest\bin\debug\net472\videoos.platform.tests.dll" id="570963dc-5e77-73b9-225e-688120d0deeb">
      <TestCategory>
        <TestCategoryItem TestCategory="Search" />
      </TestCategory>
      <Execution id="0159b858-b208-4b7b-9cb9-ccea369f29eb" />
      <TestMethod codeBase="D:\actions-runner\_work\XPCO\XPCO\MIP\PlatformPlugin\VideoOS.Platform\unittest\bin\Debug\net472\VideoOS.Platform.Tests.dll" adapterTypeName="executor://mstestadapter/v2" className="VideoOS.Platform.Tests.Search.SearchResultDataTest" name="GetBoundingShapesAsync_FirstInvocationCancelled_DelegatedToInternalMethodOnce" />
    </UnitTest>
    <UnitTest name="Dequeue_QueueStopped_Success" storage="d:\actions-runner\_work\xpco\xpco\mip\platformplugin\videoos.platform\unittest\bin\debug\net472\videoos.platform.tests.dll" id="55879e88-00c8-60e5-e0db-26c24e4c9b0f">
      <Execution id="2a7941dd-ca05-4119-b438-b26e6c2d990d" />
      <TestMethod codeBase="D:\actions-runner\_work\XPCO\XPCO\MIP\PlatformPlugin\VideoOS.Platform\unittest\bin\Debug\net472\VideoOS.Platform.Tests.dll" adapterTypeName="executor://mstestadapter/v2" className="VideoOS.Platform.Tests.Util.Queue.ConcurrentQueueSlimTests" name="Dequeue_QueueStopped_Success" />
    </UnitTest>
    <UnitTest name="ReadXml_ShouldLogWarningTwiceWhenMoreThanOneMinuteBetweenWarnings_WhenRequiredAttributeIsMissing" storage="d:\actions-runner\_work\xpco\xpco\mip\platformplugin\videoos.platform\unittest\bin\debug\net472\videoos.platform.tests.dll" id="301bb053-2669-b626-aada-e5ec26552701">
      <Execution id="ca26f627-c344-436e-b719-28632f630621" />
      <TestMethod codeBase="D:\actions-runner\_work\XPCO\XPCO\MIP\PlatformPlugin\VideoOS.Platform\unittest\bin\Debug\net472\VideoOS.Platform.Tests.dll" adapterTypeName="executor://mstestadapter/v2" className="VideoOS.Platform.Tests.Metadata.RectangleTests" name="ReadXml_ShouldLogWarningTwiceWhenMoreThanOneMinuteBetweenWarnings_WhenRequiredAttributeIsMissing" />
    </UnitTest>
    <UnitTest name="GetAtOrBefore_ShouldReturnLastElementFromToolkitResponse_WhenDataIsNotInCache" storage="d:\actions-runner\_work\xpco\xpco\mip\platformplugin\videoos.platform\unittest\bin\debug\net472\videoos.platform.tests.dll" id="c080456c-72d0-3eb2-77e1-542abd80b216">
      <Execution id="a9ec55a9-a23a-4cd8-b634-fc03ed432c14" />
      <TestMethod codeBase="D:\actions-runner\_work\XPCO\XPCO\MIP\PlatformPlugin\VideoOS.Platform\unittest\bin\Debug\net472\VideoOS.Platform.Tests.dll" adapterTypeName="executor://mstestadapter/v2" className="VideoOS.Platform.Tests.Data.MetadataPlaybackSourceTests" name="GetAtOrBefore_ShouldReturnLastElementFromToolkitResponse_WhenDataIsNotInCache" />
    </UnitTest>
    <UnitTest name="ConstructorShouldThrowArgumentNullExceptionWhenContentIsNull" storage="d:\actions-runner\_work\xpco\xpco\mip\platformplugin\videoos.platform\unittest\bin\debug\net472\videoos.platform.tests.dll" id="78b38ad0-3cef-09ee-1bf9-763896c87118">
      <Execution id="6bb5341c-391a-469c-9674-570547505591" />
      <TestMethod codeBase="D:\actions-runner\_work\XPCO\XPCO\MIP\PlatformPlugin\VideoOS.Platform\unittest\bin\Debug\net472\VideoOS.Platform.Tests.dll" adapterTypeName="executor://mstestadapter/v2" className="VideoOS.Platform.Tests.Live.MetadataLiveContentTests" name="ConstructorShouldThrowArgumentNullExceptionWhenContentIsNull" />
    </UnitTest>
    <UnitTest name="InstanceGet_Success" storage="d:\actions-runner\_work\xpco\xpco\mip\platformplugin\videoos.platform\unittest\bin\debug\net472\videoos.platform.tests.dll" id="cf73c26e-47e0-f1da-1e09-63167f3a5e47">
      <TestCategory>
        <TestCategoryItem TestCategory="Search" />
      </TestCategory>
      <Execution id="cbc9cc3d-e18b-4bfb-8764-8af58675de6a" />
      <TestMethod codeBase="D:\actions-runner\_work\XPCO\XPCO\MIP\PlatformPlugin\VideoOS.Platform\unittest\bin\Debug\net472\VideoOS.Platform.Tests.dll" adapterTypeName="executor://mstestadapter/v2" className="VideoOS.Platform.Tests.Search.SearchUserControlResolverTest" name="InstanceGet_Success" />
    </UnitTest>
    <UnitTest name="IsCriteriaAccepted_WithKindsFilter_WhenItemKindIsNotValid_False" storage="d:\actions-runner\_work\xpco\xpco\mip\platformplugin\videoos.platform\unittest\bin\debug\net472\videoos.platform.tests.dll" id="f03417c3-eb2e-18cd-8003-c8d213c40e6f">
      <Execution id="03ce3cce-74a5-479a-9c87-5362e677e609" />
      <TestMethod codeBase="D:\actions-runner\_work\XPCO\XPCO\MIP\PlatformPlugin\VideoOS.Platform\unittest\bin\Debug\net472\VideoOS.Platform.Tests.dll" adapterTypeName="executor://mstestadapter/v2" className="VideoOS.Platform.Tests.UI.ItemPicker.ItemPickerViewModelTest" name="IsCriteriaAccepted_WithKindsFilter_WhenItemKindIsNotValid_False" />
    </UnitTest>
    <UnitTest name="Serialize_TestCases (TestParentTypeMatchGenericNotThisTypeMatchedProperty)" storage="d:\actions-runner\_work\xpco\xpco\mip\platformplugin\videoos.platform\unittest\bin\debug\net472\videoos.platform.tests.dll" id="442159a8-1bcd-ab6e-06d2-d9a45f4251b5">
      <Execution id="8c9f79bf-9c53-4ec6-94f6-0fadbbbffbdf" />
      <TestMethod codeBase="D:\actions-runner\_work\XPCO\XPCO\MIP\PlatformPlugin\VideoOS.Platform\unittest\bin\Debug\net472\VideoOS.Platform.Tests.dll" adapterTypeName="executor://mstestadapter/v2" className="VideoOS.Platform.Tests.UI.Controls.Automation.Serialization.AutomationObjectSerializerTest" name="Serialize_TestCases" />
    </UnitTest>
    <UnitTest name="LicensesObjectId_ShouldNotChange" storage="d:\actions-runner\_work\xpco\xpco\mip\platformplugin\videoos.platform\unittest\bin\debug\net472\videoos.platform.tests.dll" id="67b41555-668e-a38b-443d-e1d215565a3e">
      <Execution id="3e7bded8-12e3-40e8-81a4-389fe85e6d7d" />
      <TestMethod codeBase="D:\actions-runner\_work\XPCO\XPCO\MIP\PlatformPlugin\VideoOS.Platform\unittest\bin\Debug\net472\VideoOS.Platform.Tests.dll" adapterTypeName="executor://mstestadapter/v2" className="VideoOS.Platform.Tests.License.LicenseCompatibilityHandlerTests" name="LicensesObjectId_ShouldNotChange" />
    </UnitTest>
    <UnitTest name="WriteXml_ShouldWriteTypeAndLikelihoodElements_WhenAlways" storage="d:\actions-runner\_work\xpco\xpco\mip\platformplugin\videoos.platform\unittest\bin\debug\net472\videoos.platform.tests.dll" id="a68618ea-e0dc-05b4-e76f-a11a2f3f297e">
      <Execution id="6cded0af-9d96-4653-995e-434e2155dd0a" />
      <TestMethod codeBase="D:\actions-runner\_work\XPCO\XPCO\MIP\PlatformPlugin\VideoOS.Platform\unittest\bin\Debug\net472\VideoOS.Platform.Tests.dll" adapterTypeName="executor://mstestadapter/v2" className="VideoOS.Platform.Tests.Metadata.ClassCandidateTests" name="WriteXml_ShouldWriteTypeAndLikelihoodElements_WhenAlways" />
    </UnitTest>
    <UnitTest name="SearchResultData_Title_Success" storage="d:\actions-runner\_work\xpco\xpco\mip\platformplugin\videoos.platform\unittest\bin\debug\net472\videoos.platform.tests.dll" id="60143918-8d3e-3cea-ec1f-f42a487ede4c">
      <TestCategory>
        <TestCategoryItem TestCategory="Search" />
      </TestCategory>
      <Execution id="14cfd39c-8135-45c9-8e90-d198b8742192" />
      <TestMethod codeBase="D:\actions-runner\_work\XPCO\XPCO\MIP\PlatformPlugin\VideoOS.Platform\unittest\bin\Debug\net472\VideoOS.Platform.Tests.dll" adapterTypeName="executor://mstestadapter/v2" className="VideoOS.Platform.Tests.Search.SearchResultDataTest" name="SearchResultData_Title_Success" />
    </UnitTest>
    <UnitTest name="GetMetadataObjectIdsAsync_FirstInvocationCancelled_DelegatedToInternalMethodOnce" storage="d:\actions-runner\_work\xpco\xpco\mip\platformplugin\videoos.platform\unittest\bin\debug\net472\videoos.platform.tests.dll" id="fd660d88-e617-79d3-f7ee-c5b3a97b4585">
      <TestCategory>
        <TestCategoryItem TestCategory="Search" />
      </TestCategory>
      <Execution id="e9efdbf1-fcf6-44bf-973d-40206fcad553" />
      <TestMethod codeBase="D:\actions-runner\_work\XPCO\XPCO\MIP\PlatformPlugin\VideoOS.Platform\unittest\bin\Debug\net472\VideoOS.Platform.Tests.dll" adapterTypeName="executor://mstestadapter/v2" className="VideoOS.Platform.Tests.Search.SearchResultDataTest" name="GetMetadataObjectIdsAsync_FirstInvocationCancelled_DelegatedToInternalMethodOnce" />
    </UnitTest>
    <UnitTest name="Set_Int_On_String" storage="d:\actions-runner\_work\xpco\xpco\mip\platformplugin\videoos.platform\unittest\bin\debug\net472\videoos.platform.tests.dll" id="44388fe8-f4d9-9727-56d6-63d8a6beeb9b">
      <Execution id="8747df67-36ac-479e-a0f9-503f3e02ce90" />
      <TestMethod codeBase="D:\actions-runner\_work\XPCO\XPCO\MIP\PlatformPlugin\VideoOS.Platform\unittest\bin\Debug\net472\VideoOS.Platform.Tests.dll" adapterTypeName="executor://mstestadapter/v2" className="VideoOS.Platform.Tests.Proxy.RestApi.JsonReaderTests" name="Set_Int_On_String" />
    </UnitTest>
    <UnitTest name="GetHashType_ShouldReturnSHA256_WhenInputIsSHA256" storage="d:\actions-runner\_work\xpco\xpco\mip\platformplugin\videoos.platform\unittest\bin\debug\net472\videoos.platform.tests.dll" id="2983b511-4ca5-aad7-7122-726ddf02d399">
      <Execution id="3853b196-600b-4aee-b944-e732105ca407" />
      <TestMethod codeBase="D:\actions-runner\_work\XPCO\XPCO\MIP\PlatformPlugin\VideoOS.Platform\unittest\bin\Debug\net472\VideoOS.Platform.Tests.dll" adapterTypeName="executor://mstestadapter/v2" className="VideoOS.Platform.Tests.Data.MediaProviderInternal.UtilityTests" name="GetHashType_ShouldReturnSHA256_WhenInputIsSHA256" />
    </UnitTest>
    <UnitTest name="Minimize_ShouldReturnThreeIntervals_WhenListContainsFiveOverLappingAndNonOverlappingIntervalsReversed" storage="d:\actions-runner\_work\xpco\xpco\mip\platformplugin\videoos.platform\unittest\bin\debug\net472\videoos.platform.tests.dll" id="146d8b26-0f20-3176-153a-32e5f137191a">
      <Execution id="4816c268-0e93-4cb9-a735-8ca665f69647" />
      <TestMethod codeBase="D:\actions-runner\_work\XPCO\XPCO\MIP\PlatformPlugin\VideoOS.Platform\unittest\bin\Debug\net472\VideoOS.Platform.Tests.dll" adapterTypeName="executor://mstestadapter/v2" className="VideoOS.Platform.Tests.Util.TimeIntervalTests" name="Minimize_ShouldReturnThreeIntervals_WhenListContainsFiveOverLappingAndNonOverlappingIntervalsReversed" />
    </UnitTest>
    <UnitTest name="Serialize_TestCases (TestParentCollectionNotEmptyListMatchedProperty)" storage="d:\actions-runner\_work\xpco\xpco\mip\platformplugin\videoos.platform\unittest\bin\debug\net472\videoos.platform.tests.dll" id="354ba800-9c3f-2483-ba05-53bf465653b1">
      <Execution id="7cdff6cd-080d-4bb8-94be-e6cf2518d509" />
      <TestMethod codeBase="D:\actions-runner\_work\XPCO\XPCO\MIP\PlatformPlugin\VideoOS.Platform\unittest\bin\Debug\net472\VideoOS.Platform.Tests.dll" adapterTypeName="executor://mstestadapter/v2" className="VideoOS.Platform.Tests.UI.Controls.Automation.Serialization.AutomationObjectSerializerTest" name="Serialize_TestCases" />
    </UnitTest>
    <UnitTest name="Append_Property_Path" storage="d:\actions-runner\_work\xpco\xpco\mip\platformplugin\videoos.platform\unittest\bin\debug\net472\videoos.platform.tests.dll" id="ebbe7258-4b65-15e9-219f-9eb6e860514c">
      <Execution id="a74fb358-052e-48a8-9920-00a5379e8a54" />
      <TestMethod codeBase="D:\actions-runner\_work\XPCO\XPCO\MIP\PlatformPlugin\VideoOS.Platform\unittest\bin\Debug\net472\VideoOS.Platform.Tests.dll" adapterTypeName="executor://mstestadapter/v2" className="VideoOS.Platform.Tests.Proxy.RestApi.JsonBuilderTests" name="Append_Property_Path" />
    </UnitTest>
    <UnitTest name="FallbackDisplayValue_MultipleValuesSet_ReturnsValueList" storage="d:\actions-runner\_work\xpco\xpco\mip\platformplugin\videoos.platform\unittest\bin\debug\net472\videoos.platform.tests.dll" id="b8c61cc7-6c99-86e0-a646-53691f4fc54c">
      <TestCategory>
        <TestCategoryItem TestCategory="Search" />
      </TestCategory>
      <Execution id="5f53dfd7-7b0e-45e7-857e-95875da35319" />
      <TestMethod codeBase="D:\actions-runner\_work\XPCO\XPCO\MIP\PlatformPlugin\VideoOS.Platform\unittest\bin\Debug\net472\VideoOS.Platform.Tests.dll" adapterTypeName="executor://mstestadapter/v2" className="VideoOS.Platform.Tests.Search.MultipleSelectionFilterValueTest" name="FallbackDisplayValue_MultipleValuesSet_ReturnsValueList" />
    </UnitTest>
    <UnitTest name="GenerateDeviceCapabilityParameters_ShouldWriteValueCount_WhenAlways" storage="d:\actions-runner\_work\xpco\xpco\mip\platformplugin\videoos.platform\unittest\bin\debug\net472\videoos.platform.tests.dll" id="6633116a-6784-0109-c694-61b2317583e7">
      <Execution id="55d92b10-2d26-4ad0-9f6a-06717742390a" />
      <TestMethod codeBase="D:\actions-runner\_work\XPCO\XPCO\MIP\PlatformPlugin\VideoOS.Platform\unittest\bin\Debug\net472\VideoOS.Platform.Tests.dll" adapterTypeName="executor://mstestadapter/v2" className="VideoOS.Platform.Tests.Data.EnumCapabilityTests" name="GenerateDeviceCapabilityParameters_ShouldWriteValueCount_WhenAlways" />
    </UnitTest>
    <UnitTest name="ProvideValue_ShouldUseItemDataValue_WhenItemDataPropertyNameIsSet" storage="d:\actions-runner\_work\xpco\xpco\mip\platformplugin\videoos.platform\unittest\bin\debug\net472\videoos.platform.tests.dll" id="fb0f855b-006e-c67f-b9b6-ef310c289ea8">
      <TestCategory>
        <TestCategoryItem TestCategory="DropDowns" />
      </TestCategory>
      <Execution id="e24da4ad-3b83-49c4-bb69-36fc41deb1a5" />
      <TestMethod codeBase="D:\actions-runner\_work\XPCO\XPCO\MIP\PlatformPlugin\VideoOS.Platform\unittest\bin\Debug\net472\VideoOS.Platform.Tests.dll" adapterTypeName="executor://mstestadapter/v2" className="VideoOS.Platform.Tests.UI.Controls.DropDowns.Internal.SelectedItemCustomContentDataExtensionTest" name="ProvideValue_ShouldUseItemDataValue_WhenItemDataPropertyNameIsSet" />
    </UnitTest>
    <UnitTest name="ReadXml_ShouldLogWarning_WhenRequiredAttributeIsMissing" storage="d:\actions-runner\_work\xpco\xpco\mip\platformplugin\videoos.platform\unittest\bin\debug\net472\videoos.platform.tests.dll" id="de470450-f311-009d-203e-62ec8452adf9">
      <Execution id="52ee215d-422d-4752-8f47-7a9d070cc38b" />
      <TestMethod codeBase="D:\actions-runner\_work\XPCO\XPCO\MIP\PlatformPlugin\VideoOS.Platform\unittest\bin\Debug\net472\VideoOS.Platform.Tests.dll" adapterTypeName="executor://mstestadapter/v2" className="VideoOS.Platform.Tests.Metadata.RectangleTests" name="ReadXml_ShouldLogWarning_WhenRequiredAttributeIsMissing" />
    </UnitTest>
    <UnitTest name="AllAttributesWerePresent_ShouldReturnFalse_WhenBottomAttributeIsNotAFloat" storage="d:\actions-runner\_work\xpco\xpco\mip\platformplugin\videoos.platform\unittest\bin\debug\net472\videoos.platform.tests.dll" id="e8ad2706-3327-0bd0-6928-db3b3e6344dc">
      <Execution id="c507f456-d05f-4057-aca5-0189a013c21a" />
      <TestMethod codeBase="D:\actions-runner\_work\XPCO\XPCO\MIP\PlatformPlugin\VideoOS.Platform\unittest\bin\Debug\net472\VideoOS.Platform.Tests.dll" adapterTypeName="executor://mstestadapter/v2" className="VideoOS.Platform.Tests.Metadata.RectangleTests" name="AllAttributesWerePresent_ShouldReturnFalse_WhenBottomAttributeIsNotAFloat" />
    </UnitTest>
    <UnitTest name="HasExtensionDataPresent_ShouldReturnTrue_WhenLineColorIsSet" storage="d:\actions-runner\_work\xpco\xpco\mip\platformplugin\videoos.platform\unittest\bin\debug\net472\videoos.platform.tests.dll" id="b6380494-d08e-3475-91a8-7a07dd918969">
      <Execution id="202a2947-63b0-4692-b884-75d933a98057" />
      <TestMethod codeBase="D:\actions-runner\_work\XPCO\XPCO\MIP\PlatformPlugin\VideoOS.Platform\unittest\bin\Debug\net472\VideoOS.Platform.Tests.dll" adapterTypeName="executor://mstestadapter/v2" className="VideoOS.Platform.Tests.Metadata.RectangleTests" name="HasExtensionDataPresent_ShouldReturnTrue_WhenLineColorIsSet" />
    </UnitTest>
    <UnitTest name="IsCriteriaAccepted_FolderSelected_False" storage="d:\actions-runner\_work\xpco\xpco\mip\platformplugin\videoos.platform\unittest\bin\debug\net472\videoos.platform.tests.dll" id="dc972d0b-90fa-0c97-701a-24ab8f8aec17">
      <Execution id="6edbe59e-5440-45d5-893b-57bd088b9c3b" />
      <TestMethod codeBase="D:\actions-runner\_work\XPCO\XPCO\MIP\PlatformPlugin\VideoOS.Platform\unittest\bin\Debug\net472\VideoOS.Platform.Tests.dll" adapterTypeName="executor://mstestadapter/v2" className="VideoOS.Platform.Tests.UI.ItemPicker.ItemPickerViewModelTest" name="IsCriteriaAccepted_FolderSelected_False" />
    </UnitTest>
    <UnitTest name="TestMultiLevelQueue_LevelIdentifierThrowsException_QueueSurvives" storage="d:\actions-runner\_work\xpco\xpco\mip\platformplugin\videoos.platform\unittest\bin\debug\net472\videoos.platform.tests.dll" id="7ff37c2f-1947-5bfd-5301-306c5eae35b9">
      <Execution id="361d5a94-877e-4eac-aac5-6f649d6c720e" />
      <TestMethod codeBase="D:\actions-runner\_work\XPCO\XPCO\MIP\PlatformPlugin\VideoOS.Platform\unittest\bin\Debug\net472\VideoOS.Platform.Tests.dll" adapterTypeName="executor://mstestadapter/v2" className="VideoOS.Platform.Tests.Util.Queue.MultiLevelResourceQueueTests" name="TestMultiLevelQueue_LevelIdentifierThrowsException_QueueSurvives" />
    </UnitTest>
    <UnitTest name="Serialize_TestCases (Verify root Collection (null) property get property value)" storage="d:\actions-runner\_work\xpco\xpco\mip\platformplugin\videoos.platform\unittest\bin\debug\net472\videoos.platform.tests.dll" id="eb6c6ac3-8255-5d9f-217d-2811f0bfb24c">
      <Execution id="3a7d6974-498c-42f2-a2fa-e7a42a3e93cf" />
      <TestMethod codeBase="D:\actions-runner\_work\XPCO\XPCO\MIP\PlatformPlugin\VideoOS.Platform\unittest\bin\Debug\net472\VideoOS.Platform.Tests.dll" adapterTypeName="executor://mstestadapter/v2" className="VideoOS.Platform.Tests.UI.Controls.Automation.Serialization.AutomationObjectSerializerTest" name="Serialize_TestCases" />
    </UnitTest>
    <UnitTest name="WriteAppearanceExtenstionXml_ShouldWriteFillColor_WhenFillColorIsPresent" storage="d:\actions-runner\_work\xpco\xpco\mip\platformplugin\videoos.platform\unittest\bin\debug\net472\videoos.platform.tests.dll" id="50a956ce-9348-bb74-74bb-95ec2b1592c0">
      <Execution id="8f42c1dc-a19f-40a5-b73d-7df1774855d0" />
      <TestMethod codeBase="D:\actions-runner\_work\XPCO\XPCO\MIP\PlatformPlugin\VideoOS.Platform\unittest\bin\Debug\net472\VideoOS.Platform.Tests.dll" adapterTypeName="executor://mstestadapter/v2" className="VideoOS.Platform.Tests.Metadata.RectangleTests" name="WriteAppearanceExtenstionXml_ShouldWriteFillColor_WhenFillColorIsPresent" />
    </UnitTest>
    <UnitTest name="ReadXml_ShouldReadShapeContents_WhenShapeIsPresent" storage="d:\actions-runner\_work\xpco\xpco\mip\platformplugin\videoos.platform\unittest\bin\debug\net472\videoos.platform.tests.dll" id="e5b93c93-857a-cdf9-0341-1a0dd042c5e9">
      <Execution id="886bd4f0-5e1a-4cdc-9211-e8f6720c8c9d" />
      <TestMethod codeBase="D:\actions-runner\_work\XPCO\XPCO\MIP\PlatformPlugin\VideoOS.Platform\unittest\bin\Debug\net472\VideoOS.Platform.Tests.dll" adapterTypeName="executor://mstestadapter/v2" className="VideoOS.Platform.Tests.Metadata.AppearanceTests" name="ReadXml_ShouldReadShapeContents_WhenShapeIsPresent" />
    </UnitTest>
    <UnitTest name="Convert_MultiArgumentConverter_ShouldAllowNullValue_WhenArgumentIsReferenceType" storage="d:\actions-runner\_work\xpco\xpco\mip\platformplugin\videoos.platform\unittest\bin\debug\net472\videoos.platform.tests.dll" id="474f4123-c4f0-ed71-e9ae-2089a5b45084">
      <Execution id="66882438-6910-4445-bc61-005c0877ad1b" />
      <TestMethod codeBase="D:\actions-runner\_work\XPCO\XPCO\MIP\PlatformPlugin\VideoOS.Platform\unittest\bin\Debug\net472\VideoOS.Platform.Tests.dll" adapterTypeName="executor://mstestadapter/v2" className="VideoOS.Platform.Tests.UI.Converters.LambdaConverterTest" name="Convert_MultiArgumentConverter_ShouldAllowNullValue_WhenArgumentIsReferenceType" />
    </UnitTest>
    <UnitTest name="EqualGuids_Fail_OnObjectId" storage="d:\actions-runner\_work\xpco\xpco\mip\platformplugin\videoos.platform\unittest\bin\debug\net472\videoos.platform.tests.dll" id="91cfec7e-ef42-5972-8313-05af41252d8d">
      <Execution id="b30e91e5-b586-4393-953e-3d46a2570a73" />
      <TestMethod codeBase="D:\actions-runner\_work\XPCO\XPCO\MIP\PlatformPlugin\VideoOS.Platform\unittest\bin\Debug\net472\VideoOS.Platform.Tests.dll" adapterTypeName="executor://mstestadapter/v2" className="VideoOS.Platform.Tests.FQIDtests" name="EqualGuids_Fail_OnObjectId" />
    </UnitTest>
    <UnitTest name="CountByItems_Activated_CountByCounter_Grace1" storage="d:\actions-runner\_work\xpco\xpco\mip\platformplugin\videoos.platform\unittest\bin\debug\net472\videoos.platform.tests.dll" id="a3d1fe6d-f6a5-f28a-ba65-630894318089">
      <Execution id="446386ca-a98f-49a6-b9e1-4483e81caa61" />
      <TestMethod codeBase="D:\actions-runner\_work\XPCO\XPCO\MIP\PlatformPlugin\VideoOS.Platform\unittest\bin\Debug\net472\VideoOS.Platform.Tests.dll" adapterTypeName="executor://mstestadapter/v2" className="VideoOS.Platform.Tests.License.ResolvedLicenseCountTest" name="CountByItems_Activated_CountByCounter_Grace1" />
    </UnitTest>
    <UnitTest name="TestCancelSearch_DefinitionNotRespectingCancellation_Success" storage="d:\actions-runner\_work\xpco\xpco\mip\platformplugin\videoos.platform\unittest\bin\debug\net472\videoos.platform.tests.dll" id="f880bae4-ac7b-09b5-228d-aaaa54c0b1c6">
      <TestCategory>
        <TestCategoryItem TestCategory="Search" />
      </TestCategory>
      <Execution id="8b912d52-f3fe-4c12-9477-b85b5ab07c03" />
      <TestMethod codeBase="D:\actions-runner\_work\XPCO\XPCO\MIP\PlatformPlugin\VideoOS.Platform\unittest\bin\Debug\net472\VideoOS.Platform.Tests.dll" adapterTypeName="executor://mstestadapter/v2" className="VideoOS.Platform.Tests.Search.SearchManagerTest" name="TestCancelSearch_DefinitionNotRespectingCancellation_Success" />
    </UnitTest>
    <UnitTest name="HostInitialized_ShouldNotInvokeCallback_WhenInitializedWithoutItems" storage="d:\actions-runner\_work\xpco\xpco\mip\platformplugin\videoos.platform\unittest\bin\debug\net472\videoos.platform.tests.dll" id="add90257-7bfd-08af-414a-c1fd006f1b8f">
      <Execution id="f15a8359-0dca-4457-91ac-1d3b46e87b5a" />
      <TestMethod codeBase="D:\actions-runner\_work\XPCO\XPCO\MIP\PlatformPlugin\VideoOS.Platform\unittest\bin\Debug\net472\VideoOS.Platform.Tests.dll" adapterTypeName="executor://mstestadapter/v2" className="VideoOS.Platform.Tests.UI.Controls.CollectionHelperGenericTest" name="HostInitialized_ShouldNotInvokeCallback_WhenInitializedWithoutItems" />
    </UnitTest>
    <UnitTest name="CountByCounter_NotActivated_Trial" storage="d:\actions-runner\_work\xpco\xpco\mip\platformplugin\videoos.platform\unittest\bin\debug\net472\videoos.platform.tests.dll" id="14b61d2f-5443-8ef0-349e-b30883ba9c22">
      <Execution id="eb383f31-a07d-4c1f-83d5-1e03eb9f3a07" />
      <TestMethod codeBase="D:\actions-runner\_work\XPCO\XPCO\MIP\PlatformPlugin\VideoOS.Platform\unittest\bin\Debug\net472\VideoOS.Platform.Tests.dll" adapterTypeName="executor://mstestadapter/v2" className="VideoOS.Platform.Tests.License.ResolvedLicenseCountTest" name="CountByCounter_NotActivated_Trial" />
    </UnitTest>
    <UnitTest name="ReadXml_ShouldReadAzimuth_WhenAzimuthIsPresent" storage="d:\actions-runner\_work\xpco\xpco\mip\platformplugin\videoos.platform\unittest\bin\debug\net472\videoos.platform.tests.dll" id="29b14ef8-e43d-41e1-d5fc-d7d493be4940">
      <Execution id="ee4b4808-521d-43f6-a97e-00361117d834" />
      <TestMethod codeBase="D:\actions-runner\_work\XPCO\XPCO\MIP\PlatformPlugin\VideoOS.Platform\unittest\bin\Debug\net472\VideoOS.Platform.Tests.dll" adapterTypeName="executor://mstestadapter/v2" className="VideoOS.Platform.Tests.Metadata.NavigationalDataTests" name="ReadXml_ShouldReadAzimuth_WhenAzimuthIsPresent" />
    </UnitTest>
    <UnitTest name="GetCompatibilityHandler_ShouldReturnFips_WhenCallingFipsCompliantSystem_20_3" storage="d:\actions-runner\_work\xpco\xpco\mip\platformplugin\videoos.platform\unittest\bin\debug\net472\videoos.platform.tests.dll" id="529dab04-2278-118b-6ef7-08fc1ab4d8b0">
      <Execution id="33c08cf9-3080-49ea-a8a0-f6f68b2266e8" />
      <TestMethod codeBase="D:\actions-runner\_work\XPCO\XPCO\MIP\PlatformPlugin\VideoOS.Platform\unittest\bin\Debug\net472\VideoOS.Platform.Tests.dll" adapterTypeName="executor://mstestadapter/v2" className="VideoOS.Platform.Tests.License.LicenseManagerTests" name="GetCompatibilityHandler_ShouldReturnFips_WhenCallingFipsCompliantSystem_20_3" />
    </UnitTest>
    <UnitTest name="ReadXml_ShouldLogWarningOnlyOnceWithinOneMinute_WhenBoundingBoxIsMissing" storage="d:\actions-runner\_work\xpco\xpco\mip\platformplugin\videoos.platform\unittest\bin\debug\net472\videoos.platform.tests.dll" id="c2b0fa30-6a46-612d-08bf-8da951ad3d1e">
      <Execution id="bb332c2a-3d59-46dc-a5d0-d8bee7d20b8d" />
      <TestMethod codeBase="D:\actions-runner\_work\XPCO\XPCO\MIP\PlatformPlugin\VideoOS.Platform\unittest\bin\Debug\net472\VideoOS.Platform.Tests.dll" adapterTypeName="executor://mstestadapter/v2" className="VideoOS.Platform.Tests.Metadata.ShapeTests" name="ReadXml_ShouldLogWarningOnlyOnceWithinOneMinute_WhenBoundingBoxIsMissing" />
    </UnitTest>
    <UnitTest name="WriteXml_ShouldOmitClassCandidateElement_WhenThereIsNoClassCandidatesPresent" storage="d:\actions-runner\_work\xpco\xpco\mip\platformplugin\videoos.platform\unittest\bin\debug\net472\videoos.platform.tests.dll" id="68a6ea98-ca7c-4d82-e5af-14d114a1f9a4">
      <Execution id="8b359ec3-52c8-48b1-bb34-26433b911861" />
      <TestMethod codeBase="D:\actions-runner\_work\XPCO\XPCO\MIP\PlatformPlugin\VideoOS.Platform\unittest\bin\Debug\net472\VideoOS.Platform.Tests.dll" adapterTypeName="executor://mstestadapter/v2" className="VideoOS.Platform.Tests.Metadata.OnvifClassTests" name="WriteXml_ShouldOmitClassCandidateElement_WhenThereIsNoClassCandidatesPresent" />
    </UnitTest>
    <UnitTest name="GenerateDeviceCapabilityParameters_ShouldWriteDefault_WhenAlways" storage="d:\actions-runner\_work\xpco\xpco\mip\platformplugin\videoos.platform\unittest\bin\debug\net472\videoos.platform.tests.dll" id="feff974b-15e7-7bde-2e9a-7282257d799e">
      <Execution id="4da76b1b-2842-438d-8d12-5f40183de456" />
      <TestMethod codeBase="D:\actions-runner\_work\XPCO\XPCO\MIP\PlatformPlugin\VideoOS.Platform\unittest\bin\Debug\net472\VideoOS.Platform.Tests.dll" adapterTypeName="executor://mstestadapter/v2" className="VideoOS.Platform.Tests.Data.DataCapabilityTests" name="GenerateDeviceCapabilityParameters_ShouldWriteDefault_WhenAlways" />
    </UnitTest>
    <UnitTest name="TestMultiLevelQueue_DisposeQueueRightAfterProcessingItem_QueueDoesNotHang" storage="d:\actions-runner\_work\xpco\xpco\mip\platformplugin\videoos.platform\unittest\bin\debug\net472\videoos.platform.tests.dll" id="2850ab82-187d-c41c-6c55-5faf4323eb97">
      <Execution id="8c723af8-9efc-432c-be80-396ca8049c07" />
      <TestMethod codeBase="D:\actions-runner\_work\XPCO\XPCO\MIP\PlatformPlugin\VideoOS.Platform\unittest\bin\Debug\net472\VideoOS.Platform.Tests.dll" adapterTypeName="executor://mstestadapter/v2" className="VideoOS.Platform.Tests.Util.Queue.MultiLevelResourceQueueTests" name="TestMultiLevelQueue_DisposeQueueRightAfterProcessingItem_QueueDoesNotHang" />
    </UnitTest>
    <UnitTest name="ReadXml_ShouldReadType_WhenCorrectTypeIsPresent" storage="d:\actions-runner\_work\xpco\xpco\mip\platformplugin\videoos.platform\unittest\bin\debug\net472\videoos.platform.tests.dll" id="11a66fc8-e44f-e614-4b59-2054ed6010ca">
      <Execution id="f50374cc-5032-4f0c-aeb0-aa4f48c04ab9" />
      <TestMethod codeBase="D:\actions-runner\_work\XPCO\XPCO\MIP\PlatformPlugin\VideoOS.Platform\unittest\bin\Debug\net472\VideoOS.Platform.Tests.dll" adapterTypeName="executor://mstestadapter/v2" className="VideoOS.Platform.Tests.Metadata.ClassCandidateTests" name="ReadXml_ShouldReadType_WhenCorrectTypeIsPresent" />
    </UnitTest>
    <UnitTest name="Parse_Int_Simple" storage="d:\actions-runner\_work\xpco\xpco\mip\platformplugin\videoos.platform\unittest\bin\debug\net472\videoos.platform.tests.dll" id="07fa49d4-c8b1-adf8-33e0-cc2b0fe4e432">
      <Execution id="22fc2103-5571-4205-9b86-8a57e8e5e842" />
      <TestMethod codeBase="D:\actions-runner\_work\XPCO\XPCO\MIP\PlatformPlugin\VideoOS.Platform\unittest\bin\Debug\net472\VideoOS.Platform.Tests.dll" adapterTypeName="executor://mstestadapter/v2" className="VideoOS.Platform.Tests.Proxy.RestApi.JsonReaderTests" name="Parse_Int_Simple" />
    </UnitTest>
    <UnitTest name="TestSearchFilterCategories_Success" storage="d:\actions-runner\_work\xpco\xpco\mip\platformplugin\videoos.platform\unittest\bin\debug\net472\videoos.platform.tests.dll" id="1785bf0a-686c-ffbf-697b-cc5c423923de">
      <TestCategory>
        <TestCategoryItem TestCategory="Search" />
      </TestCategory>
      <Execution id="942739fb-6132-4da6-9e2a-6f5bda214ebf" />
      <TestMethod codeBase="D:\actions-runner\_work\XPCO\XPCO\MIP\PlatformPlugin\VideoOS.Platform\unittest\bin\Debug\net472\VideoOS.Platform.Tests.dll" adapterTypeName="executor://mstestadapter/v2" className="VideoOS.Platform.Tests.Search.SearchManagerTest" name="TestSearchFilterCategories_Success" />
    </UnitTest>
    <UnitTest name="IsValid_ShouldReturnFalse_WhenLikelihoodIsLessThanZero" storage="d:\actions-runner\_work\xpco\xpco\mip\platformplugin\videoos.platform\unittest\bin\debug\net472\videoos.platform.tests.dll" id="3893bc09-628b-2605-fa37-7cfb280ed351">
      <Execution id="f0dcac1c-9901-454e-934f-7b06523b0e64" />
      <TestMethod codeBase="D:\actions-runner\_work\XPCO\XPCO\MIP\PlatformPlugin\VideoOS.Platform\unittest\bin\Debug\net472\VideoOS.Platform.Tests.dll" adapterTypeName="executor://mstestadapter/v2" className="VideoOS.Platform.Tests.Metadata.ClassCandidateTests" name="IsValid_ShouldReturnFalse_WhenLikelihoodIsLessThanZero" />
    </UnitTest>
    <UnitTest name="IsEmptyValue_SelectionFilterValue_OneSelection_ReturnsFalse" storage="d:\actions-runner\_work\xpco\xpco\mip\platformplugin\videoos.platform\unittest\bin\debug\net472\videoos.platform.tests.dll" id="d63150eb-a494-247f-04af-e8e69519f739">
      <TestCategory>
        <TestCategoryItem TestCategory="Search" />
      </TestCategory>
      <Execution id="51798dea-b76c-4610-afea-465916bb75db" />
      <TestMethod codeBase="D:\actions-runner\_work\XPCO\XPCO\MIP\PlatformPlugin\VideoOS.Platform\unittest\bin\Debug\net472\VideoOS.Platform.Tests.dll" adapterTypeName="executor://mstestadapter/v2" className="VideoOS.Platform.Tests.Search.SearchFilterTest" name="IsEmptyValue_SelectionFilterValue_OneSelection_ReturnsFalse" />
    </UnitTest>
    <UnitTest name="ProvideValue_ShouldNotSetTargetProperty_WhenItemIconSourcePropertyNameIsNotSet" storage="d:\actions-runner\_work\xpco\xpco\mip\platformplugin\videoos.platform\unittest\bin\debug\net472\videoos.platform.tests.dll" id="9e28d5ce-7362-2b06-9e34-6ce871313f70">
      <TestCategory>
        <TestCategoryItem TestCategory="DropDowns" />
      </TestCategory>
      <Execution id="7388bb82-bfb4-4a0d-926f-d3dece1e9a72" />
      <TestMethod codeBase="D:\actions-runner\_work\XPCO\XPCO\MIP\PlatformPlugin\VideoOS.Platform\unittest\bin\Debug\net472\VideoOS.Platform.Tests.dll" adapterTypeName="executor://mstestadapter/v2" className="VideoOS.Platform.Tests.UI.Controls.DropDowns.Internal.SelectedItemIconSourceExtensionTest" name="ProvideValue_ShouldNotSetTargetProperty_WhenItemIconSourcePropertyNameIsNotSet" />
    </UnitTest>
    <UnitTest name="ParseMetadataXmlWithString_ShouldThrowXmExceptionWithInformationOnError_WhenXmlContainsIncorrectRootElement" storage="d:\actions-runner\_work\xpco\xpco\mip\platformplugin\videoos.platform\unittest\bin\debug\net472\videoos.platform.tests.dll" id="bf3be38d-fccb-d51d-c680-813aa0d77baa">
      <Execution id="891ddcd0-90a5-49bf-8a0d-e3f9fce320ec" />
      <TestMethod codeBase="D:\actions-runner\_work\XPCO\XPCO\MIP\PlatformPlugin\VideoOS.Platform\unittest\bin\Debug\net472\VideoOS.Platform.Tests.dll" adapterTypeName="executor://mstestadapter/v2" className="VideoOS.Platform.Tests.Metadata.MetadataDeserializerTests" name="ParseMetadataXmlWithString_ShouldThrowXmExceptionWithInformationOnError_WhenXmlContainsIncorrectRootElement" />
    </UnitTest>
    <UnitTest name="CountByItems_NotActivated_Trial_Missing_GraceExpired" storage="d:\actions-runner\_work\xpco\xpco\mip\platformplugin\videoos.platform\unittest\bin\debug\net472\videoos.platform.tests.dll" id="f7f40623-1634-9a2a-bf1c-6e414931a9e6">
      <Execution id="cae65a92-37f5-48ce-9861-cac77300e534" />
      <TestMethod codeBase="D:\actions-runner\_work\XPCO\XPCO\MIP\PlatformPlugin\VideoOS.Platform\unittest\bin\Debug\net472\VideoOS.Platform.Tests.dll" adapterTypeName="executor://mstestadapter/v2" className="VideoOS.Platform.Tests.License.ResolvedLicenseCountTest" name="CountByItems_NotActivated_Trial_Missing_GraceExpired" />
    </UnitTest>
    <UnitTest name="Serialize_ShouldHandleCollectionFilter_WhenMatchingCollectionTypeAndItMatches" storage="d:\actions-runner\_work\xpco\xpco\mip\platformplugin\videoos.platform\unittest\bin\debug\net472\videoos.platform.tests.dll" id="8a93c35e-4228-1fba-033f-24c13305aa44">
      <Execution id="da548700-f969-467c-919e-5048a578412e" />
      <TestMethod codeBase="D:\actions-runner\_work\XPCO\XPCO\MIP\PlatformPlugin\VideoOS.Platform\unittest\bin\Debug\net472\VideoOS.Platform.Tests.dll" adapterTypeName="executor://mstestadapter/v2" className="VideoOS.Platform.Tests.UI.Controls.Automation.Serialization.AutomationObjectSerializerTypeFilterTests" name="Serialize_ShouldHandleCollectionFilter_WhenMatchingCollectionTypeAndItMatches" />
    </UnitTest>
    <UnitTest name="Serialize_Deserialize_WithSpecialChars2" storage="d:\actions-runner\_work\xpco\xpco\mip\platformplugin\videoos.platform\unittest\bin\debug\net472\videoos.platform.tests.dll" id="e93f2b21-5e31-59e0-249b-2d22eb67c653">
      <Execution id="fef8ccb4-2000-404d-a3f8-b666f7b51193" />
      <TestMethod codeBase="D:\actions-runner\_work\XPCO\XPCO\MIP\PlatformPlugin\VideoOS.Platform\unittest\bin\Debug\net472\VideoOS.Platform.Tests.dll" adapterTypeName="executor://mstestadapter/v2" className="VideoOS.Platform.Tests.ItemTests" name="Serialize_Deserialize_WithSpecialChars2" />
    </UnitTest>
    <UnitTest name="Serialize_TestCases (TestParentTypeMatchStringNotThisTypeNotMatched)" storage="d:\actions-runner\_work\xpco\xpco\mip\platformplugin\videoos.platform\unittest\bin\debug\net472\videoos.platform.tests.dll" id="ac1f3199-d4a5-f053-63bd-190671ac0343">
      <Execution id="a5bef666-2dff-449f-9c0b-4d4e91cc2e91" />
      <TestMethod codeBase="D:\actions-runner\_work\XPCO\XPCO\MIP\PlatformPlugin\VideoOS.Platform\unittest\bin\Debug\net472\VideoOS.Platform.Tests.dll" adapterTypeName="executor://mstestadapter/v2" className="VideoOS.Platform.Tests.UI.Controls.Automation.Serialization.AutomationObjectSerializerTest" name="Serialize_TestCases" />
    </UnitTest>
    <UnitTest name="ToJson_StringElement_Exception" storage="d:\actions-runner\_work\xpco\xpco\mip\platformplugin\videoos.platform\unittest\bin\debug\net472\videoos.platform.tests.dll" id="6f2af74d-bdba-e05e-77aa-b08f726c1ddf">
      <Execution id="84fece0a-6cbc-4691-8648-ff32ec6bff52" />
      <TestMethod codeBase="D:\actions-runner\_work\XPCO\XPCO\MIP\PlatformPlugin\VideoOS.Platform\unittest\bin\Debug\net472\VideoOS.Platform.Tests.dll" adapterTypeName="executor://mstestadapter/v2" className="VideoOS.Platform.Tests.Proxy.RestApi.JsonReaderTests" name="ToJson_StringElement_Exception" />
    </UnitTest>
    <UnitTest name="ToJson_StringElement" storage="d:\actions-runner\_work\xpco\xpco\mip\platformplugin\videoos.platform\unittest\bin\debug\net472\videoos.platform.tests.dll" id="7703e29a-ecc3-f42a-a3d8-2092764eb3f2">
      <Execution id="f67f610a-6a96-4927-a462-f284a5cb828c" />
      <TestMethod codeBase="D:\actions-runner\_work\XPCO\XPCO\MIP\PlatformPlugin\VideoOS.Platform\unittest\bin\Debug\net472\VideoOS.Platform.Tests.dll" adapterTypeName="executor://mstestadapter/v2" className="VideoOS.Platform.Tests.Proxy.RestApi.JsonReaderTests" name="ToJson_StringElement" />
    </UnitTest>
    <UnitTest name="Serialize_TestCases (TestParentAllPrimitiveTypeMatchDoubleThisTypeMatched)" storage="d:\actions-runner\_work\xpco\xpco\mip\platformplugin\videoos.platform\unittest\bin\debug\net472\videoos.platform.tests.dll" id="bf5b2f00-facc-927a-e231-7629bc663203">
      <Execution id="6eb7e4b9-ce2b-4cb9-af78-f06021fc370c" />
      <TestMethod codeBase="D:\actions-runner\_work\XPCO\XPCO\MIP\PlatformPlugin\VideoOS.Platform\unittest\bin\Debug\net472\VideoOS.Platform.Tests.dll" adapterTypeName="executor://mstestadapter/v2" className="VideoOS.Platform.Tests.UI.Controls.Automation.Serialization.AutomationObjectSerializerTest" name="Serialize_TestCases" />
    </UnitTest>
    <UnitTest name="Append_Ignored_For_Empty_Values" storage="d:\actions-runner\_work\xpco\xpco\mip\platformplugin\videoos.platform\unittest\bin\debug\net472\videoos.platform.tests.dll" id="7e0a73d2-6a35-69c0-258f-1a39ba55eac2">
      <Execution id="4d27f630-d42f-423f-a423-1bb0e4ad0b14" />
      <TestMethod codeBase="D:\actions-runner\_work\XPCO\XPCO\MIP\PlatformPlugin\VideoOS.Platform\unittest\bin\Debug\net472\VideoOS.Platform.Tests.dll" adapterTypeName="executor://mstestadapter/v2" className="VideoOS.Platform.Tests.Proxy.RestApi.JsonBuilderTests" name="Append_Ignored_For_Empty_Values" />
    </UnitTest>
    <UnitTest name="AddFilterValue_NonExistingValue_FirstValue_Success" storage="d:\actions-runner\_work\xpco\xpco\mip\platformplugin\videoos.platform\unittest\bin\debug\net472\videoos.platform.tests.dll" id="187a3c1b-b8b9-e08a-2f65-c787e6bb630a">
      <TestCategory>
        <TestCategoryItem TestCategory="Search" />
      </TestCategory>
      <Execution id="f4bb41be-b641-4eb5-b7ed-b7b0f2e1dc12" />
      <TestMethod codeBase="D:\actions-runner\_work\XPCO\XPCO\MIP\PlatformPlugin\VideoOS.Platform\unittest\bin\Debug\net472\VideoOS.Platform.Tests.dll" adapterTypeName="executor://mstestadapter/v2" className="VideoOS.Platform.Tests.Search.SearchCriteriaTest" name="AddFilterValue_NonExistingValue_FirstValue_Success" />
    </UnitTest>
    <UnitTest name="FindCacheEntryAfter_ShuldReturnEntryAfterTimeStamp_WhenThereIsAnEntryAfterTheTimestamp" storage="d:\actions-runner\_work\xpco\xpco\mip\platformplugin\videoos.platform\unittest\bin\debug\net472\videoos.platform.tests.dll" id="ba7694f7-ee6f-6343-b447-699651d9d6f9">
      <Execution id="e6ed3720-4bc7-4051-bd03-e277c7f3f8b7" />
      <TestMethod codeBase="D:\actions-runner\_work\XPCO\XPCO\MIP\PlatformPlugin\VideoOS.Platform\unittest\bin\Debug\net472\VideoOS.Platform.Tests.dll" adapterTypeName="executor://mstestadapter/v2" className="VideoOS.Platform.Tests.Data.MetadataCacheTests" name="FindCacheEntryAfter_ShuldReturnEntryAfterTimeStamp_WhenThereIsAnEntryAfterTheTimestamp" />
    </UnitTest>
    <UnitTest name="Ctor_NullScope_Throws" storage="d:\actions-runner\_work\xpco\xpco\mip\platformplugin\videoos.platform\unittest\bin\debug\net472\videoos.platform.tests.dll" id="4f7bde70-3b99-d47c-8245-4d79a123baa7">
      <TestCategory>
        <TestCategoryItem TestCategory="Search" />
      </TestCategory>
      <Execution id="75e2a88e-6686-4cbe-8808-b04d75647a74" />
      <TestMethod codeBase="D:\actions-runner\_work\XPCO\XPCO\MIP\PlatformPlugin\VideoOS.Platform\unittest\bin\Debug\net472\VideoOS.Platform.Tests.dll" adapterTypeName="executor://mstestadapter/v2" className="VideoOS.Platform.Tests.Search.SearchCriteriaTest" name="Ctor_NullScope_Throws" />
    </UnitTest>
    <UnitTest name="Move_ShouldInvokeCallback_WhenObservable" storage="d:\actions-runner\_work\xpco\xpco\mip\platformplugin\videoos.platform\unittest\bin\debug\net472\videoos.platform.tests.dll" id="9f48d199-bab5-a916-f5d8-2312d1097b95">
      <Execution id="1e7872d2-dd72-4dcf-ae68-9e7bd81a9b2d" />
      <TestMethod codeBase="D:\actions-runner\_work\XPCO\XPCO\MIP\PlatformPlugin\VideoOS.Platform\unittest\bin\Debug\net472\VideoOS.Platform.Tests.dll" adapterTypeName="executor://mstestadapter/v2" className="VideoOS.Platform.Tests.UI.Controls.CollectionHelperGenericTest" name="Move_ShouldInvokeCallback_WhenObservable" />
    </UnitTest>
    <UnitTest name="Serialize_TestCases (TestParentTypeMatchGenericThisTypeNotMatchedProperty)" storage="d:\actions-runner\_work\xpco\xpco\mip\platformplugin\videoos.platform\unittest\bin\debug\net472\videoos.platform.tests.dll" id="c0e3819c-6768-c5ab-434e-1fcaec4aa6ec">
      <Execution id="471b7222-914f-4891-89ad-6f6ea43be61c" />
      <TestMethod codeBase="D:\actions-runner\_work\XPCO\XPCO\MIP\PlatformPlugin\VideoOS.Platform\unittest\bin\Debug\net472\VideoOS.Platform.Tests.dll" adapterTypeName="executor://mstestadapter/v2" className="VideoOS.Platform.Tests.UI.Controls.Automation.Serialization.AutomationObjectSerializerTest" name="Serialize_TestCases" />
    </UnitTest>
    <UnitTest name="ReadXml_ShouldIgnoreLikelihood_WhenLikelihoodIsNotANumber" storage="d:\actions-runner\_work\xpco\xpco\mip\platformplugin\videoos.platform\unittest\bin\debug\net472\videoos.platform.tests.dll" id="1eb53537-afef-d5dd-debc-6b9152b2f955">
      <Execution id="b0dc162b-20f8-46eb-9be4-7e81b710e1b9" />
      <TestMethod codeBase="D:\actions-runner\_work\XPCO\XPCO\MIP\PlatformPlugin\VideoOS.Platform\unittest\bin\Debug\net472\VideoOS.Platform.Tests.dll" adapterTypeName="executor://mstestadapter/v2" className="VideoOS.Platform.Tests.Metadata.ClassCandidateTests" name="ReadXml_ShouldIgnoreLikelihood_WhenLikelihoodIsNotANumber" />
    </UnitTest>
    <UnitTest name="WriteAppearanceExtenstionXml_ShouldWriteAllExtensions_WhenAllArePresent" storage="d:\actions-runner\_work\xpco\xpco\mip\platformplugin\videoos.platform\unittest\bin\debug\net472\videoos.platform.tests.dll" id="fcaf83e0-32f7-634e-130d-abc796d2af06">
      <Execution id="d068b3e6-6305-4c5a-a491-c4463c551295" />
      <TestMethod codeBase="D:\actions-runner\_work\XPCO\XPCO\MIP\PlatformPlugin\VideoOS.Platform\unittest\bin\Debug\net472\VideoOS.Platform.Tests.dll" adapterTypeName="executor://mstestadapter/v2" className="VideoOS.Platform.Tests.Metadata.RectangleTests" name="WriteAppearanceExtenstionXml_ShouldWriteAllExtensions_WhenAllArePresent" />
    </UnitTest>
    <UnitTest name="GenerateParameters_ShouldWriteNotSupportedForSerialNr_WhenSerialNrIsNull" storage="d:\actions-runner\_work\xpco\xpco\mip\platformplugin\videoos.platform\unittest\bin\debug\net472\videoos.platform.tests.dll" id="1287d8b9-a242-3700-9223-1e45506d7926">
      <Execution id="59ef6ca6-f546-4aab-a669-0ddc75a94a0f" />
      <TestMethod codeBase="D:\actions-runner\_work\XPCO\XPCO\MIP\PlatformPlugin\VideoOS.Platform\unittest\bin\Debug\net472\VideoOS.Platform.Tests.dll" adapterTypeName="executor://mstestadapter/v2" className="VideoOS.Platform.Tests.Data.HardwareDefinitionTests" name="GenerateParameters_ShouldWriteNotSupportedForSerialNr_WhenSerialNrIsNull" />
    </UnitTest>
    <UnitTest name="CountByCounter_Activated_Expired_Missing" storage="d:\actions-runner\_work\xpco\xpco\mip\platformplugin\videoos.platform\unittest\bin\debug\net472\videoos.platform.tests.dll" id="20d9288d-2ec6-4b24-6a84-22a61e3296f1">
      <Execution id="41376477-1abd-401f-86fc-7f85e5a2a7c3" />
      <TestMethod codeBase="D:\actions-runner\_work\XPCO\XPCO\MIP\PlatformPlugin\VideoOS.Platform\unittest\bin\Debug\net472\VideoOS.Platform.Tests.dll" adapterTypeName="executor://mstestadapter/v2" className="VideoOS.Platform.Tests.License.ResolvedLicenseCountTest" name="CountByCounter_Activated_Expired_Missing" />
    </UnitTest>
    <UnitTest name="GetMetadataString_ShouldReturnConstructorByteArrayParameter_AsUtf8DecodedString" storage="d:\actions-runner\_work\xpco\xpco\mip\platformplugin\videoos.platform\unittest\bin\debug\net472\videoos.platform.tests.dll" id="007025e6-ced6-33f5-d735-a3864e2b7add">
      <Execution id="9d4bdcb9-11ca-493b-8773-d240c5cfe183" />
      <TestMethod codeBase="D:\actions-runner\_work\XPCO\XPCO\MIP\PlatformPlugin\VideoOS.Platform\unittest\bin\Debug\net472\VideoOS.Platform.Tests.dll" adapterTypeName="executor://mstestadapter/v2" className="VideoOS.Platform.Tests.Metadata.MetadataContentTests" name="GetMetadataString_ShouldReturnConstructorByteArrayParameter_AsUtf8DecodedString" />
    </UnitTest>
    <UnitTest name="Add_ShouldNotUpdateEndCache_WhenOldEndTimeIsLaterThanAdded" storage="d:\actions-runner\_work\xpco\xpco\mip\platformplugin\videoos.platform\unittest\bin\debug\net472\videoos.platform.tests.dll" id="da270ab7-6882-db63-f3a0-844c8b4562db">
      <Execution id="dd070b52-461c-47ba-8439-8e4cb3142651" />
      <TestMethod codeBase="D:\actions-runner\_work\XPCO\XPCO\MIP\PlatformPlugin\VideoOS.Platform\unittest\bin\Debug\net472\VideoOS.Platform.Tests.dll" adapterTypeName="executor://mstestadapter/v2" className="VideoOS.Platform.Tests.Client.SequenceCacheTests" name="Add_ShouldNotUpdateEndCache_WhenOldEndTimeIsLaterThanAdded" />
    </UnitTest>
    <UnitTest name="CountByItems_NotActivatedButWithCounter_Missing" storage="d:\actions-runner\_work\xpco\xpco\mip\platformplugin\videoos.platform\unittest\bin\debug\net472\videoos.platform.tests.dll" id="dadc7e5e-3e0c-da11-a65f-57361b774307">
      <Execution id="180ae043-f920-45ac-b895-3807e88383c9" />
      <TestMethod codeBase="D:\actions-runner\_work\XPCO\XPCO\MIP\PlatformPlugin\VideoOS.Platform\unittest\bin\Debug\net472\VideoOS.Platform.Tests.dll" adapterTypeName="executor://mstestadapter/v2" className="VideoOS.Platform.Tests.License.ResolvedLicenseCountTest" name="CountByItems_NotActivatedButWithCounter_Missing" />
    </UnitTest>
    <UnitTest name="CountByItems_Activated_Missing2" storage="d:\actions-runner\_work\xpco\xpco\mip\platformplugin\videoos.platform\unittest\bin\debug\net472\videoos.platform.tests.dll" id="6693e462-e8ba-ed25-48bc-eff1d5392eaa">
      <Execution id="1eab0ed4-3d90-4dba-b70c-8801919c7f50" />
      <TestMethod codeBase="D:\actions-runner\_work\XPCO\XPCO\MIP\PlatformPlugin\VideoOS.Platform\unittest\bin\Debug\net472\VideoOS.Platform.Tests.dll" adapterTypeName="executor://mstestadapter/v2" className="VideoOS.Platform.Tests.License.ResolvedLicenseCountTest" name="CountByItems_Activated_Missing2" />
    </UnitTest>
    <UnitTest name="Ctor_OneCustomFilter_Success" storage="d:\actions-runner\_work\xpco\xpco\mip\platformplugin\videoos.platform\unittest\bin\debug\net472\videoos.platform.tests.dll" id="a2a93cec-e7b9-3a98-e5c4-9eb836279da9">
      <TestCategory>
        <TestCategoryItem TestCategory="Search" />
      </TestCategory>
      <Execution id="f2c4aefc-b2b9-4a89-a41d-2a02f8befd89" />
      <TestMethod codeBase="D:\actions-runner\_work\XPCO\XPCO\MIP\PlatformPlugin\VideoOS.Platform\unittest\bin\Debug\net472\VideoOS.Platform.Tests.dll" adapterTypeName="executor://mstestadapter/v2" className="VideoOS.Platform.Tests.Search.FilterCategories.PersonSearchFilterCategoryTest" name="Ctor_OneCustomFilter_Success" />
    </UnitTest>
    <UnitTest name="Serialize_TestCases (Verify root Interface (not null) property)" storage="d:\actions-runner\_work\xpco\xpco\mip\platformplugin\videoos.platform\unittest\bin\debug\net472\videoos.platform.tests.dll" id="2f42b505-6aa5-6b6d-cf22-1b3f07c2fb30">
      <Execution id="12e3f8ef-4364-4a20-ad4c-2e23ed17aac0" />
      <TestMethod codeBase="D:\actions-runner\_work\XPCO\XPCO\MIP\PlatformPlugin\VideoOS.Platform\unittest\bin\Debug\net472\VideoOS.Platform.Tests.dll" adapterTypeName="executor://mstestadapter/v2" className="VideoOS.Platform.Tests.UI.Controls.Automation.Serialization.AutomationObjectSerializerTest" name="Serialize_TestCases" />
    </UnitTest>
    <UnitTest name="IsMultiSelection_ChangesSelectionMode" storage="d:\actions-runner\_work\xpco\xpco\mip\platformplugin\videoos.platform\unittest\bin\debug\net472\videoos.platform.tests.dll" id="1102b248-ebc3-17f0-ceef-32b216ce1ff2">
      <Execution id="01089ecd-5487-43f8-89bb-7f879ac42297" />
      <TestMethod codeBase="D:\actions-runner\_work\XPCO\XPCO\MIP\PlatformPlugin\VideoOS.Platform\unittest\bin\Debug\net472\VideoOS.Platform.Tests.dll" adapterTypeName="executor://mstestadapter/v2" className="VideoOS.Platform.Tests.UI.ItemPicker.ItemPickerViewModelTest" name="IsMultiSelection_ChangesSelectionMode" />
    </UnitTest>
    <UnitTest name="Parse_String_WithDot" storage="d:\actions-runner\_work\xpco\xpco\mip\platformplugin\videoos.platform\unittest\bin\debug\net472\videoos.platform.tests.dll" id="af66790e-7a17-2a52-f594-1232b3cd885e">
      <Execution id="52ca15e1-797d-4f83-af1d-e8f815d0c0aa" />
      <TestMethod codeBase="D:\actions-runner\_work\XPCO\XPCO\MIP\PlatformPlugin\VideoOS.Platform\unittest\bin\Debug\net472\VideoOS.Platform.Tests.dll" adapterTypeName="executor://mstestadapter/v2" className="VideoOS.Platform.Tests.Proxy.RestApi.JsonReaderTests" name="Parse_String_WithDot" />
    </UnitTest>
    <UnitTest name="IsValid_ShouldReturnFalse_WhenLikelihoodIsZero" storage="d:\actions-runner\_work\xpco\xpco\mip\platformplugin\videoos.platform\unittest\bin\debug\net472\videoos.platform.tests.dll" id="beb002c5-eb95-8910-8bc5-4aa180fe028d">
      <Execution id="4a68694b-d462-4992-bf5e-f2651a63ac37" />
      <TestMethod codeBase="D:\actions-runner\_work\XPCO\XPCO\MIP\PlatformPlugin\VideoOS.Platform\unittest\bin\Debug\net472\VideoOS.Platform.Tests.dll" adapterTypeName="executor://mstestadapter/v2" className="VideoOS.Platform.Tests.Metadata.ClassCandidateTests" name="IsValid_ShouldReturnFalse_WhenLikelihoodIsZero" />
    </UnitTest>
    <UnitTest name="SetCacheContents_ShuldSortEntriesAccordingToData_WhenAlways" storage="d:\actions-runner\_work\xpco\xpco\mip\platformplugin\videoos.platform\unittest\bin\debug\net472\videoos.platform.tests.dll" id="4ebf288a-b726-10f1-5f92-94533ac346f1">
      <Execution id="4e84d87a-1a39-4967-92ac-e8f31b4c5161" />
      <TestMethod codeBase="D:\actions-runner\_work\XPCO\XPCO\MIP\PlatformPlugin\VideoOS.Platform\unittest\bin\Debug\net472\VideoOS.Platform.Tests.dll" adapterTypeName="executor://mstestadapter/v2" className="VideoOS.Platform.Tests.Data.MetadataCacheTests" name="SetCacheContents_ShuldSortEntriesAccordingToData_WhenAlways" />
    </UnitTest>
    <UnitTest name="BuildShapeOverlayWidthHeightBaseEvent_ShouldReturnCorrectNumberOfShapes_WhenArgumentIsEventData" storage="d:\actions-runner\_work\xpco\xpco\mip\platformplugin\videoos.platform\unittest\bin\debug\net472\videoos.platform.tests.dll" id="f06647ee-695a-1441-d113-3b9b8eb3748f">
      <Execution id="1684a20f-753a-4053-b4f7-7d482a8b1e29" />
      <TestMethod codeBase="D:\actions-runner\_work\XPCO\XPCO\MIP\PlatformPlugin\VideoOS.Platform\unittest\bin\Debug\net472\VideoOS.Platform.Tests.dll" adapterTypeName="executor://mstestadapter/v2" className="VideoOS.Platform.Tests.Util.AnalyticsOverlayBuilderTests" name="BuildShapeOverlayWidthHeightBaseEvent_ShouldReturnCorrectNumberOfShapes_WhenArgumentIsEventData" />
    </UnitTest>
    <UnitTest name="CountByCounter_NotActivated_Empty" storage="d:\actions-runner\_work\xpco\xpco\mip\platformplugin\videoos.platform\unittest\bin\debug\net472\videoos.platform.tests.dll" id="7c4b74fb-67e0-6834-21f2-2c0f78a66963">
      <Execution id="a930f2cf-754a-4375-89cf-0385b6759edd" />
      <TestMethod codeBase="D:\actions-runner\_work\XPCO\XPCO\MIP\PlatformPlugin\VideoOS.Platform\unittest\bin\Debug\net472\VideoOS.Platform.Tests.dll" adapterTypeName="executor://mstestadapter/v2" className="VideoOS.Platform.Tests.License.ResolvedLicenseCountTest" name="CountByCounter_NotActivated_Empty" />
    </UnitTest>
    <UnitTest name="Serialize_TestCases (TestParentTypeMatchInterfaceThisTypeNotMatchedProperty)" storage="d:\actions-runner\_work\xpco\xpco\mip\platformplugin\videoos.platform\unittest\bin\debug\net472\videoos.platform.tests.dll" id="dd780fb0-eeb4-f41e-c177-9152be267056">
      <Execution id="a303083c-5039-4dba-aee1-46eba9cbcc10" />
      <TestMethod codeBase="D:\actions-runner\_work\XPCO\XPCO\MIP\PlatformPlugin\VideoOS.Platform\unittest\bin\Debug\net472\VideoOS.Platform.Tests.dll" adapterTypeName="executor://mstestadapter/v2" className="VideoOS.Platform.Tests.UI.Controls.Automation.Serialization.AutomationObjectSerializerTest" name="Serialize_TestCases" />
    </UnitTest>
    <UnitTest name="ReadXml_ShouldReadFontFamilyAttribute_WhenPresent" storage="d:\actions-runner\_work\xpco\xpco\mip\platformplugin\videoos.platform\unittest\bin\debug\net472\videoos.platform.tests.dll" id="43fa12a9-d1b1-aa83-498c-58e3064824e3">
      <Execution id="a574ac39-6824-4a24-8bae-59d072aaa62a" />
      <TestMethod codeBase="D:\actions-runner\_work\XPCO\XPCO\MIP\PlatformPlugin\VideoOS.Platform\unittest\bin\Debug\net472\VideoOS.Platform.Tests.dll" adapterTypeName="executor://mstestadapter/v2" className="VideoOS.Platform.Tests.Metadata.DisplayTextTests" name="ReadXml_ShouldReadFontFamilyAttribute_WhenPresent" />
    </UnitTest>
    <UnitTest name="Minimize_ShouldReturnOneInterval_WhenListContainsThreeOverlappingIntervals" storage="d:\actions-runner\_work\xpco\xpco\mip\platformplugin\videoos.platform\unittest\bin\debug\net472\videoos.platform.tests.dll" id="20233fe2-b748-308d-725e-1b3b65fd4fc4">
      <Execution id="b3fff49c-f9d4-44db-9514-aafd25cf17fd" />
      <TestMethod codeBase="D:\actions-runner\_work\XPCO\XPCO\MIP\PlatformPlugin\VideoOS.Platform\unittest\bin\Debug\net472\VideoOS.Platform.Tests.dll" adapterTypeName="executor://mstestadapter/v2" className="VideoOS.Platform.Tests.Util.TimeIntervalTests" name="Minimize_ShouldReturnOneInterval_WhenListContainsThreeOverlappingIntervals" />
    </UnitTest>
    <UnitTest name="ReadXml_ShouldReadBehaviourContents_WhenBehaviourIsPresent" storage="d:\actions-runner\_work\xpco\xpco\mip\platformplugin\videoos.platform\unittest\bin\debug\net472\videoos.platform.tests.dll" id="e22757cf-80d8-f279-1c8a-feb5a05eb919">
      <Execution id="afc87c8f-36c7-4a05-963c-3b3ef70755aa" />
      <TestMethod codeBase="D:\actions-runner\_work\XPCO\XPCO\MIP\PlatformPlugin\VideoOS.Platform\unittest\bin\Debug\net472\VideoOS.Platform.Tests.dll" adapterTypeName="executor://mstestadapter/v2" className="VideoOS.Platform.Tests.Metadata.OnvifObjectTests" name="ReadXml_ShouldReadBehaviourContents_WhenBehaviourIsPresent" />
    </UnitTest>
    <UnitTest name="WriteXml_ShouldWriteAllFrames_WhenThereAreMultipleFramesPresent" storage="d:\actions-runner\_work\xpco\xpco\mip\platformplugin\videoos.platform\unittest\bin\debug\net472\videoos.platform.tests.dll" id="25843545-ef80-11aa-4565-6026ffae4df6">
      <Execution id="dd8a9087-6897-4d12-b0ad-be3309f06f6b" />
      <TestMethod codeBase="D:\actions-runner\_work\XPCO\XPCO\MIP\PlatformPlugin\VideoOS.Platform\unittest\bin\Debug\net472\VideoOS.Platform.Tests.dll" adapterTypeName="executor://mstestadapter/v2" className="VideoOS.Platform.Tests.Metadata.VideoAnalyticsTests" name="WriteXml_ShouldWriteAllFrames_WhenThereAreMultipleFramesPresent" />
    </UnitTest>
    <UnitTest name="AddFilterValue_ExistingValue_SecondValue_Success" storage="d:\actions-runner\_work\xpco\xpco\mip\platformplugin\videoos.platform\unittest\bin\debug\net472\videoos.platform.tests.dll" id="c201cfe9-d7ef-1767-28d0-57fcb8de2460">
      <TestCategory>
        <TestCategoryItem TestCategory="Search" />
      </TestCategory>
      <Execution id="7e4efaf5-d3cd-4099-8876-6349658dfe53" />
      <TestMethod codeBase="D:\actions-runner\_work\XPCO\XPCO\MIP\PlatformPlugin\VideoOS.Platform\unittest\bin\Debug\net472\VideoOS.Platform.Tests.dll" adapterTypeName="executor://mstestadapter/v2" className="VideoOS.Platform.Tests.Search.SearchCriteriaTest" name="AddFilterValue_ExistingValue_SecondValue_Success" />
    </UnitTest>
    <UnitTest name="ReadXml_ShouldSetUtcTimeToMinimumDateTime_WhenUtcTimeAttributeIsPresentButNotParsable" storage="d:\actions-runner\_work\xpco\xpco\mip\platformplugin\videoos.platform\unittest\bin\debug\net472\videoos.platform.tests.dll" id="da9bdaf7-bb7b-c4ed-24c1-5ff24e912e57">
      <Execution id="941330b6-afd1-4517-8707-8d9efcf178ed" />
      <TestMethod codeBase="D:\actions-runner\_work\XPCO\XPCO\MIP\PlatformPlugin\VideoOS.Platform\unittest\bin\Debug\net472\VideoOS.Platform.Tests.dll" adapterTypeName="executor://mstestadapter/v2" className="VideoOS.Platform.Tests.Metadata.FrameTests" name="ReadXml_ShouldSetUtcTimeToMinimumDateTime_WhenUtcTimeAttributeIsPresentButNotParsable" />
    </UnitTest>
    <UnitTest name="Construct3_And_Field_Check" storage="d:\actions-runner\_work\xpco\xpco\mip\platformplugin\videoos.platform\unittest\bin\debug\net472\videoos.platform.tests.dll" id="6e4090e6-94bd-7c50-aeb3-2559b9307fcd">
      <Execution id="2c468d35-f94a-4524-b9f0-42162924fed6" />
      <TestMethod codeBase="D:\actions-runner\_work\XPCO\XPCO\MIP\PlatformPlugin\VideoOS.Platform\unittest\bin\Debug\net472\VideoOS.Platform.Tests.dll" adapterTypeName="executor://mstestadapter/v2" className="VideoOS.Platform.Tests.ItemTests" name="Construct3_And_Field_Check" />
    </UnitTest>
    <UnitTest name="WriteXml_ShouldWriteAllClassCandidates_WhenThereAreMultipleClassCandidatesPresent" storage="d:\actions-runner\_work\xpco\xpco\mip\platformplugin\videoos.platform\unittest\bin\debug\net472\videoos.platform.tests.dll" id="4bcbb7d4-08c1-9252-8fa2-fa28745614be">
      <Execution id="06f10af5-4b56-4415-95b4-e20df3f0c56e" />
      <TestMethod codeBase="D:\actions-runner\_work\XPCO\XPCO\MIP\PlatformPlugin\VideoOS.Platform\unittest\bin\Debug\net472\VideoOS.Platform.Tests.dll" adapterTypeName="executor://mstestadapter/v2" className="VideoOS.Platform.Tests.Metadata.OnvifClassTests" name="WriteXml_ShouldWriteAllClassCandidates_WhenThereAreMultipleClassCandidatesPresent" />
    </UnitTest>
    <UnitTest name="TestMultiLevelQueue_OneLevel_Success" storage="d:\actions-runner\_work\xpco\xpco\mip\platformplugin\videoos.platform\unittest\bin\debug\net472\videoos.platform.tests.dll" id="1d781042-4a4b-edb4-7dfd-5edbb643ac7b">
      <Execution id="30d2651f-9a00-406d-b8c3-f1cbb539dd08" />
      <TestMethod codeBase="D:\actions-runner\_work\XPCO\XPCO\MIP\PlatformPlugin\VideoOS.Platform\unittest\bin\Debug\net472\VideoOS.Platform.Tests.dll" adapterTypeName="executor://mstestadapter/v2" className="VideoOS.Platform.Tests.Util.Queue.MultiLevelResourceQueueTests" name="TestMultiLevelQueue_OneLevel_Success" />
    </UnitTest>
    <UnitTest name="RemoveFilterValue_OtherValuesPresent_Success" storage="d:\actions-runner\_work\xpco\xpco\mip\platformplugin\videoos.platform\unittest\bin\debug\net472\videoos.platform.tests.dll" id="b6767da0-b71f-abbd-7405-75d592f9abf3">
      <TestCategory>
        <TestCategoryItem TestCategory="Search" />
      </TestCategory>
      <Execution id="8c9fed10-104f-4224-9ae4-c828797b77b9" />
      <TestMethod codeBase="D:\actions-runner\_work\XPCO\XPCO\MIP\PlatformPlugin\VideoOS.Platform\unittest\bin\Debug\net472\VideoOS.Platform.Tests.dll" adapterTypeName="executor://mstestadapter/v2" className="VideoOS.Platform.Tests.Search.SearchCriteriaTest" name="RemoveFilterValue_OtherValuesPresent_Success" />
    </UnitTest>
    <UnitTest name="Serialize_TestCases (TestParentTypeMatchDecimalThisTypeMatched)" storage="d:\actions-runner\_work\xpco\xpco\mip\platformplugin\videoos.platform\unittest\bin\debug\net472\videoos.platform.tests.dll" id="3d30bb33-ce76-b575-87f7-58c02b2189a7">
      <Execution id="b3d067ca-11a4-4a1a-bf25-2d92f59ecbf7" />
      <TestMethod codeBase="D:\actions-runner\_work\XPCO\XPCO\MIP\PlatformPlugin\VideoOS.Platform\unittest\bin\Debug\net472\VideoOS.Platform.Tests.dll" adapterTypeName="executor://mstestadapter/v2" className="VideoOS.Platform.Tests.UI.Controls.Automation.Serialization.AutomationObjectSerializerTest" name="Serialize_TestCases" />
    </UnitTest>
    <UnitTest name="OverlapsWith_ShouldReturnFalse_WhenArgumenStartIsEqualToEnd" storage="d:\actions-runner\_work\xpco\xpco\mip\platformplugin\videoos.platform\unittest\bin\debug\net472\videoos.platform.tests.dll" id="447829a4-f86b-01dd-760a-c4052e1b005d">
      <Execution id="d8e44371-4e1f-4378-85c5-74b54e3217f3" />
      <TestMethod codeBase="D:\actions-runner\_work\XPCO\XPCO\MIP\PlatformPlugin\VideoOS.Platform\unittest\bin\Debug\net472\VideoOS.Platform.Tests.dll" adapterTypeName="executor://mstestadapter/v2" className="VideoOS.Platform.Tests.Util.TimeIntervalTests" name="OverlapsWith_ShouldReturnFalse_WhenArgumenStartIsEqualToEnd" />
    </UnitTest>
    <UnitTest name="ReadXml_ShouldReadBoldAttribute_WhenPresent" storage="d:\actions-runner\_work\xpco\xpco\mip\platformplugin\videoos.platform\unittest\bin\debug\net472\videoos.platform.tests.dll" id="d09566d1-6438-9687-6d98-ba12ffff4915">
      <Execution id="c8b9728a-a726-4f37-8c28-b857834ebb48" />
      <TestMethod codeBase="D:\actions-runner\_work\XPCO\XPCO\MIP\PlatformPlugin\VideoOS.Platform\unittest\bin\Debug\net472\VideoOS.Platform.Tests.dll" adapterTypeName="executor://mstestadapter/v2" className="VideoOS.Platform.Tests.Metadata.DisplayTextTests" name="ReadXml_ShouldReadBoldAttribute_WhenPresent" />
    </UnitTest>
    <UnitTest name="GetAtOrBefore_ShouldReturnNull_WhenToolkitReturnsNull" storage="d:\actions-runner\_work\xpco\xpco\mip\platformplugin\videoos.platform\unittest\bin\debug\net472\videoos.platform.tests.dll" id="96ff7aa1-841c-ccfd-6ea5-bb02ee21f492">
      <Execution id="e103b1ec-918c-40ba-82e5-6d92c39cd1b4" />
      <TestMethod codeBase="D:\actions-runner\_work\XPCO\XPCO\MIP\PlatformPlugin\VideoOS.Platform\unittest\bin\Debug\net472\VideoOS.Platform.Tests.dll" adapterTypeName="executor://mstestadapter/v2" className="VideoOS.Platform.Tests.Data.MetadataPlaybackSourceTests" name="GetAtOrBefore_ShouldReturnNull_WhenToolkitReturnsNull" />
    </UnitTest>
    <UnitTest name="GetFilterValues_SingleValueAdded_ReturnsValue" storage="d:\actions-runner\_work\xpco\xpco\mip\platformplugin\videoos.platform\unittest\bin\debug\net472\videoos.platform.tests.dll" id="60908717-d1cb-9971-94f7-facca727b89c">
      <TestCategory>
        <TestCategoryItem TestCategory="Search" />
      </TestCategory>
      <Execution id="04d091ec-6fb3-41c8-a669-b6dde849fb0c" />
      <TestMethod codeBase="D:\actions-runner\_work\XPCO\XPCO\MIP\PlatformPlugin\VideoOS.Platform\unittest\bin\Debug\net472\VideoOS.Platform.Tests.dll" adapterTypeName="executor://mstestadapter/v2" className="VideoOS.Platform.Tests.Search.SearchCriteriaTest" name="GetFilterValues_SingleValueAdded_ReturnsValue" />
    </UnitTest>
    <UnitTest name="GetEnd_ShouldReturnLastMetadataContent_WhenThereIsData" storage="d:\actions-runner\_work\xpco\xpco\mip\platformplugin\videoos.platform\unittest\bin\debug\net472\videoos.platform.tests.dll" id="f2325bdc-388f-3bfc-d37a-f2048ec03dc5">
      <Execution id="72c2f566-34b1-4a32-98fc-cb82c9967b3e" />
      <TestMethod codeBase="D:\actions-runner\_work\XPCO\XPCO\MIP\PlatformPlugin\VideoOS.Platform\unittest\bin\Debug\net472\VideoOS.Platform.Tests.dll" adapterTypeName="executor://mstestadapter/v2" className="VideoOS.Platform.Tests.Data.MetadataPlaybackSourceTests" name="GetEnd_ShouldReturnLastMetadataContent_WhenThereIsData" />
    </UnitTest>
    <UnitTest name="Equals_IgnoreFolderType_Fail_OnObjectId" storage="d:\actions-runner\_work\xpco\xpco\mip\platformplugin\videoos.platform\unittest\bin\debug\net472\videoos.platform.tests.dll" id="f9efcab8-a490-8c63-2e77-81876b9a47ee">
      <Execution id="055fbdf4-4efa-4620-b467-b318f1faaa10" />
      <TestMethod codeBase="D:\actions-runner\_work\XPCO\XPCO\MIP\PlatformPlugin\VideoOS.Platform\unittest\bin\Debug\net472\VideoOS.Platform.Tests.dll" adapterTypeName="executor://mstestadapter/v2" className="VideoOS.Platform.Tests.FQIDtests" name="Equals_IgnoreFolderType_Fail_OnObjectId" />
    </UnitTest>
    <UnitTest name="CountByItems_NotActivated_Expired" storage="d:\actions-runner\_work\xpco\xpco\mip\platformplugin\videoos.platform\unittest\bin\debug\net472\videoos.platform.tests.dll" id="868cf503-fe08-eed0-d324-72014e5624ab">
      <Execution id="0aaee6e3-4a69-459c-ac0b-4f3a738c792f" />
      <TestMethod codeBase="D:\actions-runner\_work\XPCO\XPCO\MIP\PlatformPlugin\VideoOS.Platform\unittest\bin\Debug\net472\VideoOS.Platform.Tests.dll" adapterTypeName="executor://mstestadapter/v2" className="VideoOS.Platform.Tests.License.ResolvedLicenseCountTest" name="CountByItems_NotActivated_Expired" />
    </UnitTest>
    <UnitTest name="Serialize_ShouldThrowException_WhenPropertyIsSimpleTypeButPathContainsChildren (DoubleProperty)" storage="d:\actions-runner\_work\xpco\xpco\mip\platformplugin\videoos.platform\unittest\bin\debug\net472\videoos.platform.tests.dll" id="dc77c6d7-cfbf-1e77-b726-c432c277b3ca">
      <Execution id="bec84e35-38b2-4a0f-a9b6-8aac44fa5105" />
      <TestMethod codeBase="D:\actions-runner\_work\XPCO\XPCO\MIP\PlatformPlugin\VideoOS.Platform\unittest\bin\Debug\net472\VideoOS.Platform.Tests.dll" adapterTypeName="executor://mstestadapter/v2" className="VideoOS.Platform.Tests.UI.Controls.Automation.Serialization.AutomationObjectSerializerTest" name="Serialize_ShouldThrowException_WhenPropertyIsSimpleTypeButPathContainsChildren" />
    </UnitTest>
    <UnitTest name="Icon_Set" storage="d:\actions-runner\_work\xpco\xpco\mip\platformplugin\videoos.platform\unittest\bin\debug\net472\videoos.platform.tests.dll" id="b7df116d-9320-09bb-de54-2fccf2279e48">
      <Execution id="bc791dab-ff1a-48f5-87d1-c665d47b98e2" />
      <TestMethod codeBase="D:\actions-runner\_work\XPCO\XPCO\MIP\PlatformPlugin\VideoOS.Platform\unittest\bin\Debug\net472\VideoOS.Platform.Tests.dll" adapterTypeName="executor://mstestadapter/v2" className="VideoOS.Platform.Tests.ItemTests" name="Icon_Set" />
    </UnitTest>
    <UnitTest name="SearchAsync_DoSearchAsyncCalled_Success" storage="d:\actions-runner\_work\xpco\xpco\mip\platformplugin\videoos.platform\unittest\bin\debug\net472\videoos.platform.tests.dll" id="f23e3e92-54c2-2411-b215-631166fbf856">
      <TestCategory>
        <TestCategoryItem TestCategory="Search" />
      </TestCategory>
      <Execution id="a9248afe-c7a8-41e7-823c-b57fdf4d5280" />
      <TestMethod codeBase="D:\actions-runner\_work\XPCO\XPCO\MIP\PlatformPlugin\VideoOS.Platform\unittest\bin\Debug\net472\VideoOS.Platform.Tests.dll" adapterTypeName="executor://mstestadapter/v2" className="VideoOS.Platform.Tests.Search.SearchDefinitionTest" name="SearchAsync_DoSearchAsyncCalled_Success" />
    </UnitTest>
    <UnitTest name="ReadXml_ShouldLogWarningOnlyOnceWithinOneMinute_WhenRequiredAttributeIsMissing" storage="d:\actions-runner\_work\xpco\xpco\mip\platformplugin\videoos.platform\unittest\bin\debug\net472\videoos.platform.tests.dll" id="ab8bb7fc-41b6-aa97-b7c5-389099b08870">
      <Execution id="502e9c31-e2d5-44de-a8ff-a4bba88f824c" />
      <TestMethod codeBase="D:\actions-runner\_work\XPCO\XPCO\MIP\PlatformPlugin\VideoOS.Platform\unittest\bin\Debug\net472\VideoOS.Platform.Tests.dll" adapterTypeName="executor://mstestadapter/v2" className="VideoOS.Platform.Tests.Metadata.RectangleTests" name="ReadXml_ShouldLogWarningOnlyOnceWithinOneMinute_WhenRequiredAttributeIsMissing" />
    </UnitTest>
  </TestDefinitions>
  <TestEntries>
    <TestEntry testId="d67f39a6-38da-54cf-bd51-1084e48c6e60" executionId="f0fc6d79-42a6-44c6-8501-39c52c0a49fb" testListId="8c84fa94-04c1-424b-9868-57a2d4851a1d" />
    <TestEntry testId="414c5895-8dd8-94f9-72cb-0d89388d009c" executionId="424ed074-6321-4830-9a90-2a0dc21ef6ac" testListId="8c84fa94-04c1-424b-9868-57a2d4851a1d" />
    <TestEntry testId="8ecfeea7-0c3c-71f4-0099-cc3f5ecbeb8d" executionId="a4b596d1-70af-48ae-bf3d-2b2d0c4f3b63" testListId="8c84fa94-04c1-424b-9868-57a2d4851a1d" />
    <TestEntry testId="3b434787-ec68-61e4-18d4-15e26b84b874" executionId="82a86aec-d73d-4dbf-ab35-215c8148a2ba" testListId="8c84fa94-04c1-424b-9868-57a2d4851a1d" />
    <TestEntry testId="d39f235d-2e7d-3e96-21e3-c8d6d50c5857" executionId="2381fbfe-7a6e-42f4-b964-b639e2552ecd" testListId="8c84fa94-04c1-424b-9868-57a2d4851a1d" />
    <TestEntry testId="b0ea56fc-56fe-34ff-f18f-05cf3640650e" executionId="e9763040-45e2-4f5f-9637-27b2d659bd19" testListId="8c84fa94-04c1-424b-9868-57a2d4851a1d" />
    <TestEntry testId="8f3e0927-dc62-09dc-c947-424695b8bc40" executionId="e5da389f-e9f2-4b2b-81a9-c32a7a681b9f" testListId="8c84fa94-04c1-424b-9868-57a2d4851a1d" />
    <TestEntry testId="ea0e0dc8-9c54-bf6a-2be9-fcc231898886" executionId="b597faf2-3b03-4e36-8d40-7c429f2d1ee1" testListId="8c84fa94-04c1-424b-9868-57a2d4851a1d" />
    <TestEntry testId="5cdbd0d9-c8bd-a61c-82a8-354b3f579fbb" executionId="3ebf49f1-c6f3-438f-bd7d-ddc3ae340c31" testListId="8c84fa94-04c1-424b-9868-57a2d4851a1d" />
    <TestEntry testId="b28c88a2-048a-f43d-3028-a27e0105d7d5" executionId="c6b37d23-bada-4bad-86a8-e6c5851d3898" testListId="8c84fa94-04c1-424b-9868-57a2d4851a1d" />
    <TestEntry testId="5d8dd47c-bb32-a5ba-6e88-b185a7bd9c07" executionId="57192593-538c-4b50-bd0f-6903e6ac951c" testListId="8c84fa94-04c1-424b-9868-57a2d4851a1d" />
    <TestEntry testId="64b0134b-ebd0-fae9-7bd6-e6237d9640de" executionId="52062e85-d29b-47e6-9755-7b5d0e3b98d3" testListId="8c84fa94-04c1-424b-9868-57a2d4851a1d" />
    <TestEntry testId="c64e7bd8-cb07-f721-64bb-ea14df3c64c6" executionId="215ba29e-edbf-446b-9fb0-cb4dd34f7eff" testListId="8c84fa94-04c1-424b-9868-57a2d4851a1d" />
    <TestEntry testId="1527d9bd-270b-3515-ebaa-bce4928c6e69" executionId="a0998dac-7a96-4162-92d7-072aa01797f2" testListId="8c84fa94-04c1-424b-9868-57a2d4851a1d" />
    <TestEntry testId="52804f86-16d4-c4e7-0a3e-5434b8ef0f30" executionId="51bc9104-99b1-428c-93b9-f7a8f568f190" testListId="8c84fa94-04c1-424b-9868-57a2d4851a1d" />
    <TestEntry testId="74b12ceb-cf40-5593-824a-dd52f181db32" executionId="0233e71b-1319-4324-a193-70d4209ddfc7" testListId="8c84fa94-04c1-424b-9868-57a2d4851a1d" />
    <TestEntry testId="9be33bba-634e-2cc5-910a-418012d1f19f" executionId="ff17e31f-dc0f-4ec3-b02b-5dc9bccb8e07" testListId="8c84fa94-04c1-424b-9868-57a2d4851a1d" />
    <TestEntry testId="d7fd79fb-6017-05e3-7fad-2f657bb1971e" executionId="0b365f1a-a695-41f2-b6ae-03a8f8787d1d" testListId="8c84fa94-04c1-424b-9868-57a2d4851a1d" />
    <TestEntry testId="b033676b-8032-936f-8e94-1ff7304e27d8" executionId="5fe8e76e-623c-4cf2-b66e-ef87518685ae" testListId="8c84fa94-04c1-424b-9868-57a2d4851a1d" />
    <TestEntry testId="10efcc98-720a-6a51-bddb-12631de34c03" executionId="c432b54e-5826-4968-9b5a-d929a1164435" testListId="8c84fa94-04c1-424b-9868-57a2d4851a1d" />
    <TestEntry testId="0d6a360b-80b2-0c9f-819e-6ddc1b403d2d" executionId="7b95ab97-f98f-49ac-9783-ae2f2b2d1272" testListId="8c84fa94-04c1-424b-9868-57a2d4851a1d" />
    <TestEntry testId="b05d6f18-6593-4fdf-8277-2d819867e350" executionId="d9f6b47c-9348-4d97-b1cb-272efe4b4682" testListId="8c84fa94-04c1-424b-9868-57a2d4851a1d" />
    <TestEntry testId="897d70f0-e357-0848-3b55-d93cbcae3720" executionId="3e375580-d373-4617-b0e9-cff73615969d" testListId="8c84fa94-04c1-424b-9868-57a2d4851a1d" />
    <TestEntry testId="3971c5d8-7ad8-4707-9b53-e6a041a0b2f8" executionId="dcd3b83a-948a-4be2-a4cc-38d481364ab6" testListId="8c84fa94-04c1-424b-9868-57a2d4851a1d" />
    <TestEntry testId="520094b8-4b75-11e8-c310-4fbb0ad15d04" executionId="756a95f2-d3e0-45ff-9492-d26b77653b53" testListId="8c84fa94-04c1-424b-9868-57a2d4851a1d" />
    <TestEntry testId="b9119b3f-c5c3-480d-71eb-f7bd5475dbde" executionId="2d00edd4-c61e-4bc8-a5ec-165487f22f1e" testListId="8c84fa94-04c1-424b-9868-57a2d4851a1d" />
    <TestEntry testId="beb002c5-eb95-8910-8bc5-4aa180fe028d" executionId="4a68694b-d462-4992-bf5e-f2651a63ac37" testListId="8c84fa94-04c1-424b-9868-57a2d4851a1d" />
    <TestEntry testId="68414986-0a7e-03e0-b752-7222fdf120b2" executionId="f9f64aea-b5f9-4932-86ac-7209b35c2c31" testListId="8c84fa94-04c1-424b-9868-57a2d4851a1d" />
    <TestEntry testId="04c35346-28ec-f782-fc3a-52a05938a62a" executionId="23298aa2-c28e-4a39-8d19-2a3409fa3930" testListId="8c84fa94-04c1-424b-9868-57a2d4851a1d" />
    <TestEntry testId="f078252f-e622-661e-c5dc-189c04c6d312" executionId="b559a888-3075-48f8-a845-382270cbc2be" testListId="8c84fa94-04c1-424b-9868-57a2d4851a1d" />
    <TestEntry testId="e752bd23-b6f4-f8a1-41d2-4686827d5d3c" executionId="5b58e30a-184b-4ccc-97bf-f6a36149ce14" testListId="8c84fa94-04c1-424b-9868-57a2d4851a1d" />
    <TestEntry testId="13638f31-b7e4-af7e-235e-95a40f773cc3" executionId="23a5663a-b222-4df9-a674-ff329d502cbd" testListId="8c84fa94-04c1-424b-9868-57a2d4851a1d" />
    <TestEntry testId="16b9cd71-246d-5b51-e461-fdc7db24fde9" executionId="bfdbd58c-a482-41ca-b2c1-0139df0d5a53" testListId="8c84fa94-04c1-424b-9868-57a2d4851a1d" />
    <TestEntry testId="cacda86d-f0f9-0934-0ba5-b96987330f36" executionId="f6898750-4a48-4e6b-8ec3-8592e3937244" testListId="8c84fa94-04c1-424b-9868-57a2d4851a1d" />
    <TestEntry testId="cf73c26e-47e0-f1da-1e09-63167f3a5e47" executionId="cbc9cc3d-e18b-4bfb-8764-8af58675de6a" testListId="8c84fa94-04c1-424b-9868-57a2d4851a1d" />
    <TestEntry testId="6fe02979-6afc-53d3-587b-e4a584169c47" executionId="1ea96a09-a7fd-42da-a916-43ca12b8d78a" testListId="8c84fa94-04c1-424b-9868-57a2d4851a1d" />
    <TestEntry testId="a298570a-a341-d8e8-abe3-7f25184c2524" executionId="d82ca49a-055d-476f-b7c5-e644360f389f" testListId="8c84fa94-04c1-424b-9868-57a2d4851a1d" />
    <TestEntry testId="00715417-bfa4-4e4b-edec-0ca28f2d4417" executionId="721d0dfd-e85f-4046-a3f4-8141a342e90e" testListId="8c84fa94-04c1-424b-9868-57a2d4851a1d" />
    <TestEntry testId="3d2f83cf-7ffc-636c-c571-d10ae35f205f" executionId="9b3ef51e-7453-4721-96c7-5ad299ee4d89" testListId="8c84fa94-04c1-424b-9868-57a2d4851a1d" />
    <TestEntry testId="2b2cdfa0-61df-f232-7682-12c2c86c587b" executionId="06898d75-4166-4cc8-8b54-c760b4e35e4d" testListId="8c84fa94-04c1-424b-9868-57a2d4851a1d" />
    <TestEntry testId="3d56290e-3e3f-353b-dfc8-249444061e6c" executionId="7127d03a-b2e0-4d2d-b07b-3543d8083a9a" testListId="8c84fa94-04c1-424b-9868-57a2d4851a1d" />
    <TestEntry testId="6a188302-28d8-d1a3-63bb-96d48d07bffe" executionId="97089397-62f7-4540-a842-02752fc21b48" testListId="8c84fa94-04c1-424b-9868-57a2d4851a1d" />
    <TestEntry testId="0fbb0657-5fcb-c22d-ba1e-66fc2f5570e3" executionId="07b23e62-593d-4811-b96e-7141ac221e8e" testListId="8c84fa94-04c1-424b-9868-57a2d4851a1d" />
    <TestEntry testId="0fd657fb-3854-1b2f-0c0f-8cf8e1efee07" executionId="e0b5defc-69a3-4105-a599-bcde0a213191" testListId="8c84fa94-04c1-424b-9868-57a2d4851a1d" />
    <TestEntry testId="b82f6040-62f7-3594-e125-274383902f8c" executionId="5f6793a2-bdea-4e0b-b7d8-4ae9e8766ee1" testListId="8c84fa94-04c1-424b-9868-57a2d4851a1d" />
    <TestEntry testId="cb3227bb-d1a5-0c0d-9089-9f393e7c3688" executionId="398becda-f689-4d14-baf0-d7f30f1e275a" testListId="8c84fa94-04c1-424b-9868-57a2d4851a1d" />
    <TestEntry testId="81dd526f-aa99-4632-ea5a-436981f22beb" executionId="9bad70c9-267e-48d2-92e7-829e0be3f8d1" testListId="8c84fa94-04c1-424b-9868-57a2d4851a1d" />
    <TestEntry testId="4f197c17-4790-58f8-b53d-dcb8083dcd6a" executionId="aae5fdaf-46e5-4b3b-8774-89dff3d165dc" testListId="8c84fa94-04c1-424b-9868-57a2d4851a1d" />
    <TestEntry testId="eede4713-56bb-3d3c-3e2e-6a26dd039e2e" executionId="4d6377cc-4775-4c9b-9dfa-b847379edfaa" testListId="8c84fa94-04c1-424b-9868-57a2d4851a1d" />
    <TestEntry testId="47ea98ad-fc0c-d34c-cfce-7d3c08a15e8d" executionId="7967fa29-fa11-40d7-b076-7baeda9ffdde" testListId="8c84fa94-04c1-424b-9868-57a2d4851a1d" />
    <TestEntry testId="6efe46f6-24e8-324a-c841-828d4ce3c2fb" executionId="4ad4d60e-da4e-457d-ad3f-3b6049b3f33a" testListId="8c84fa94-04c1-424b-9868-57a2d4851a1d" />
    <TestEntry testId="07804473-e40a-283c-1bf0-1e8f6fcff5c4" executionId="3bbdc3da-10c9-4076-86e3-491e523de25b" testListId="8c84fa94-04c1-424b-9868-57a2d4851a1d" />
    <TestEntry testId="2278707c-4cb1-7a76-66a2-6338bd3a574d" executionId="d087851e-7383-4e6c-8b6f-d19ea866beab" testListId="8c84fa94-04c1-424b-9868-57a2d4851a1d" />
    <TestEntry testId="b43543d5-d01e-b4aa-3f27-43446c7c519e" executionId="1669f32b-36f1-409e-9f7d-0c7e97fb447a" testListId="8c84fa94-04c1-424b-9868-57a2d4851a1d" />
    <TestEntry testId="98ff53fb-3b47-c43e-4b86-adf2da2fb797" executionId="80398300-a406-4876-871d-9a0b883f0062" testListId="8c84fa94-04c1-424b-9868-57a2d4851a1d" />
    <TestEntry testId="31d165a4-0514-1831-5c27-9754c33030c7" executionId="30f0537a-6be0-40df-8a3b-05a3f4e4e926" testListId="8c84fa94-04c1-424b-9868-57a2d4851a1d" />
    <TestEntry testId="47b928b9-6c48-7599-b49a-10b524a65d0b" executionId="d854f400-5e09-4837-bff4-8fa4e7bb87c5" testListId="8c84fa94-04c1-424b-9868-57a2d4851a1d" />
    <TestEntry testId="2d11d0f1-64a8-482c-f6c9-1576aff1fea5" executionId="259e09e8-79fb-4913-9253-c6bc8a66953b" testListId="8c84fa94-04c1-424b-9868-57a2d4851a1d" />
    <TestEntry testId="5e776647-f32b-7555-92cc-51ddf06fbbb5" executionId="dee97888-2cc8-4d7b-8bef-8726010df186" testListId="8c84fa94-04c1-424b-9868-57a2d4851a1d" />
    <TestEntry testId="d1e36374-9329-5797-656e-7f2208258af5" executionId="7b41c0a4-ce34-47c5-99a1-5537d36fa690" testListId="8c84fa94-04c1-424b-9868-57a2d4851a1d" />
    <TestEntry testId="52280e61-dcba-6f9b-6016-eff366e7d098" executionId="446b72ce-3a39-40dc-9f78-088eeb9b0c17" testListId="8c84fa94-04c1-424b-9868-57a2d4851a1d" />
    <TestEntry testId="e2323074-11c2-8296-7476-af3cef44bb34" executionId="ccaf0db0-2bfd-43d2-ae55-2e8d20f88adc" testListId="8c84fa94-04c1-424b-9868-57a2d4851a1d" />
    <TestEntry testId="4ebf288a-b726-10f1-5f92-94533ac346f1" executionId="4e84d87a-1a39-4967-92ac-e8f31b4c5161" testListId="8c84fa94-04c1-424b-9868-57a2d4851a1d" />
    <TestEntry testId="9aaf4622-5926-683b-8683-a0f59ca6a06c" executionId="9833a999-538d-480b-a78d-8b717cf16568" testListId="8c84fa94-04c1-424b-9868-57a2d4851a1d" />
    <TestEntry testId="dadc7e5e-3e0c-da11-a65f-57361b774307" executionId="180ae043-f920-45ac-b895-3807e88383c9" testListId="8c84fa94-04c1-424b-9868-57a2d4851a1d" />
    <TestEntry testId="d2d1d21b-c98b-721d-a336-85243335bc1f" executionId="cdc21e0e-9a1f-4451-837f-416b75018701" testListId="8c84fa94-04c1-424b-9868-57a2d4851a1d" />
    <TestEntry testId="8afaf187-3d3c-e78b-824e-e769deeec2c9" executionId="d4a17a78-2050-490e-9507-fe063e45370d" testListId="8c84fa94-04c1-424b-9868-57a2d4851a1d" />
    <TestEntry testId="c0bd25d5-74fa-a92b-42e1-7e499486e888" executionId="b3896d21-6800-4b2e-9090-b52497f74784" testListId="8c84fa94-04c1-424b-9868-57a2d4851a1d" />
    <TestEntry testId="39e900e7-994b-131a-bce2-a45a9207a809" executionId="033a4ddb-a9d9-4750-a8d1-f0b452ffadf3" testListId="8c84fa94-04c1-424b-9868-57a2d4851a1d" />
    <TestEntry testId="6ce95987-243b-a23d-9b97-d2e2f2ba466c" executionId="46192cd5-ed79-42a6-9092-c4380a006195" testListId="8c84fa94-04c1-424b-9868-57a2d4851a1d" />
    <TestEntry testId="b39f81fe-858b-c57c-9083-cb47ce15de87" executionId="a3009796-46e5-42b4-a507-3c26246757c9" testListId="8c84fa94-04c1-424b-9868-57a2d4851a1d" />
    <TestEntry testId="66298706-cc94-6c9f-0a35-7ab07950020d" executionId="acb07de8-d5bb-417b-99c2-16dd90563eb8" testListId="8c84fa94-04c1-424b-9868-57a2d4851a1d" />
    <TestEntry testId="7b3048fa-a67c-dc66-afa0-4a605a32dbf4" executionId="e3285e3b-b7cf-4a3b-9466-112e2f78db89" testListId="8c84fa94-04c1-424b-9868-57a2d4851a1d" />
    <TestEntry testId="d0ba50f6-c050-7856-3856-4bb2c3dada0c" executionId="4bf2b540-ed41-4381-8947-f68f0d018ace" testListId="8c84fa94-04c1-424b-9868-57a2d4851a1d" />
    <TestEntry testId="9a2c2caa-e4e4-6aa8-3062-315f42f6a4ed" executionId="09809469-2802-47c5-9ab8-345b3ad1b2c9" testListId="8c84fa94-04c1-424b-9868-57a2d4851a1d" />
    <TestEntry testId="cbd53ab9-3037-bcc9-1b3c-c2cf3018f4d2" executionId="9cb16f8a-1f7a-4e44-93dc-83c58f42b730" testListId="8c84fa94-04c1-424b-9868-57a2d4851a1d" />
    <TestEntry testId="6a35aa0d-9441-e9e5-f921-b7f637c9a652" executionId="fbf017c4-3c9c-4871-ad55-5029d8f78f60" testListId="8c84fa94-04c1-424b-9868-57a2d4851a1d" />
    <TestEntry testId="4b5c9b24-d906-a00f-3905-ed5f0c9f240a" executionId="76842c94-7d67-4a75-a4eb-3c074915b625" testListId="8c84fa94-04c1-424b-9868-57a2d4851a1d" />
    <TestEntry testId="d2eb1662-6b70-63d0-d71c-7f9ecf6fdd7d" executionId="86e8e935-b1af-4cb1-a928-a82b5debfb1f" testListId="8c84fa94-04c1-424b-9868-57a2d4851a1d" />
    <TestEntry testId="372ab51f-8789-4af1-a4f9-77f4920b1bde" executionId="8342e5c0-340b-4a65-a501-f398212948e3" testListId="8c84fa94-04c1-424b-9868-57a2d4851a1d" />
    <TestEntry testId="447829a4-f86b-01dd-760a-c4052e1b005d" executionId="d8e44371-4e1f-4378-85c5-74b54e3217f3" testListId="8c84fa94-04c1-424b-9868-57a2d4851a1d" />
    <TestEntry testId="a93da72c-b598-8e0b-050b-22cd8b6b16d6" executionId="b36c8fc2-1772-4c7f-b2b7-f4b57bb81da4" testListId="8c84fa94-04c1-424b-9868-57a2d4851a1d" />
    <TestEntry testId="0479c184-1f1e-07e0-e9bf-b787331a6833" executionId="033afba5-5e6e-47eb-a107-fe215770e099" testListId="8c84fa94-04c1-424b-9868-57a2d4851a1d" />
    <TestEntry testId="0668f627-8706-4ec9-03ec-e3e79b2c140f" executionId="dced699f-ea89-4437-b4a4-ebe3777cf411" testListId="8c84fa94-04c1-424b-9868-57a2d4851a1d" />
    <TestEntry testId="a1e9cff9-0f40-6b4c-39ab-33d20cd8c823" executionId="46968982-be9f-4a8c-abea-0ed7d256fa84" testListId="8c84fa94-04c1-424b-9868-57a2d4851a1d" />
    <TestEntry testId="3d5f10ab-1224-9509-ef72-ffed425cc301" executionId="ee8e77d2-e72c-48ac-ab56-90a96bd29e5c" testListId="8c84fa94-04c1-424b-9868-57a2d4851a1d" />
    <TestEntry testId="da9bdaf7-bb7b-c4ed-24c1-5ff24e912e57" executionId="941330b6-afd1-4517-8707-8d9efcf178ed" testListId="8c84fa94-04c1-424b-9868-57a2d4851a1d" />
    <TestEntry testId="b789a227-1d2f-c14a-41cf-d52a7a553222" executionId="9a3e5558-c35e-442e-911d-c293c0c476a3" testListId="8c84fa94-04c1-424b-9868-57a2d4851a1d" />
    <TestEntry testId="f5abc6e6-30fb-64d6-b653-e8776326ca87" executionId="5e238bea-7d3a-49ff-83a7-26fe117310df" testListId="8c84fa94-04c1-424b-9868-57a2d4851a1d" />
    <TestEntry testId="468a7b03-b2a7-446e-1f1f-8f32f73da7b5" executionId="8b027893-3fe3-4449-9a9a-28028c0d5941" testListId="8c84fa94-04c1-424b-9868-57a2d4851a1d" />
    <TestEntry testId="080800ed-e6da-eef9-42ef-0179d68c4004" executionId="03e768a2-7e7a-4e2f-9f66-2b39a8d5b267" testListId="8c84fa94-04c1-424b-9868-57a2d4851a1d" />
    <TestEntry testId="92fdd030-3856-bf25-d99c-4aebc9a73c44" executionId="69cec794-530b-4c62-85dd-a0e1c3ab1c50" testListId="8c84fa94-04c1-424b-9868-57a2d4851a1d" />
    <TestEntry testId="0604c1ff-5540-6793-d2f8-19a426df7742" executionId="7e58cd08-34c9-45bc-8892-eebc78f37369" testListId="8c84fa94-04c1-424b-9868-57a2d4851a1d" />
    <TestEntry testId="67a0e7c3-fd99-228f-3717-941a8f61eb9d" executionId="c091347f-76c7-4a6e-a422-cb72491e3f50" testListId="8c84fa94-04c1-424b-9868-57a2d4851a1d" />
    <TestEntry testId="de470450-f311-009d-203e-62ec8452adf9" executionId="52ee215d-422d-4752-8f47-7a9d070cc38b" testListId="8c84fa94-04c1-424b-9868-57a2d4851a1d" />
    <TestEntry testId="d44d55cb-b29b-7590-3980-4d0ce2902600" executionId="7307c395-94ae-4394-bb61-2a55b2cb23f2" testListId="8c84fa94-04c1-424b-9868-57a2d4851a1d" />
    <TestEntry testId="48e1001e-d788-4f1f-114b-b2f616ae9b17" executionId="dbeddcbc-e9e5-4d4f-a4f5-a54c7bfe7acb" testListId="8c84fa94-04c1-424b-9868-57a2d4851a1d" />
    <TestEntry testId="c3f2a1aa-ab89-7f2c-6103-bf1d2150d50b" executionId="be12bf94-7cdf-4852-b4e5-0dcea314dd6e" testListId="8c84fa94-04c1-424b-9868-57a2d4851a1d" />
    <TestEntry testId="a53b6d0c-a89a-620c-77ca-f9530854f6a0" executionId="87a32455-4689-487a-a598-c718f919f518" testListId="8c84fa94-04c1-424b-9868-57a2d4851a1d" />
    <TestEntry testId="1b922494-8fe6-7989-fdba-e8485055ed6f" executionId="123118d6-c459-440d-80b0-0f6ce6a737fc" testListId="8c84fa94-04c1-424b-9868-57a2d4851a1d" />
    <TestEntry testId="96d51fc2-2cbe-e312-cc7e-6899f3431cc7" executionId="41f1dbb9-6138-48fe-8a60-336a3de00481" testListId="8c84fa94-04c1-424b-9868-57a2d4851a1d" />
    <TestEntry testId="b393858d-872b-e354-eb53-3b8e5bbfc7bb" executionId="afc8907b-686e-43a8-aa49-2e6b591f7fad" testListId="8c84fa94-04c1-424b-9868-57a2d4851a1d" />
    <TestEntry testId="c4e34f90-d96f-cb6b-4d8d-827e8345bbf0" executionId="4f5bc611-90fb-487b-8040-1b6b1ced9226" testListId="8c84fa94-04c1-424b-9868-57a2d4851a1d" />
    <TestEntry testId="b6767da0-b71f-abbd-7405-75d592f9abf3" executionId="8c9fed10-104f-4224-9ae4-c828797b77b9" testListId="8c84fa94-04c1-424b-9868-57a2d4851a1d" />
    <TestEntry testId="440fa337-372a-ba98-a915-98a687b17d8a" executionId="df46089f-8178-4f78-9d56-75b1b746d9af" testListId="8c84fa94-04c1-424b-9868-57a2d4851a1d" />
    <TestEntry testId="a4399397-799d-6dfc-9b5f-ebad40d25858" executionId="3761fd53-e51a-4776-982b-1f583d7fc6d0" testListId="8c84fa94-04c1-424b-9868-57a2d4851a1d" />
    <TestEntry testId="ff21f539-b1c4-45b1-9430-6096e4a5a3fd" executionId="f2900990-3a8d-4a7c-ba22-a0e39fd8b8ce" testListId="8c84fa94-04c1-424b-9868-57a2d4851a1d" />
    <TestEntry testId="bd62b9df-9183-e39d-353c-d0a2ca44c2da" executionId="4f02e22b-8791-459e-912f-dd5b58a1ed3c" testListId="8c84fa94-04c1-424b-9868-57a2d4851a1d" />
    <TestEntry testId="9af02e3c-3f3d-0108-d5a6-719e3351c066" executionId="f1cbaae2-cc85-4bca-88f3-5877821a696f" testListId="8c84fa94-04c1-424b-9868-57a2d4851a1d" />
    <TestEntry testId="b48b0061-7548-695a-aa72-eca672007f65" executionId="76b6fc54-aa7b-46dc-a9e5-741cb7cd257f" testListId="8c84fa94-04c1-424b-9868-57a2d4851a1d" />
    <TestEntry testId="a153c326-c8c2-ed0c-505b-c62f56af9d14" executionId="079e600a-629a-4a5a-a074-da217b9375e9" testListId="8c84fa94-04c1-424b-9868-57a2d4851a1d" />
    <TestEntry testId="c05a4d86-1b95-1726-01bd-7b1791261baa" executionId="dc9ac841-8f15-47b5-ae8d-bf3d4a15cfaa" testListId="8c84fa94-04c1-424b-9868-57a2d4851a1d" />
    <TestEntry testId="4734c94a-3fa1-230a-c6b6-be41d0a9e285" executionId="5c6acdf7-b61c-4671-b433-9f7cb17fc9f0" testListId="8c84fa94-04c1-424b-9868-57a2d4851a1d" />
    <TestEntry testId="9a98835c-961c-47c7-7156-330b8e2ed1fa" executionId="77de7fb3-0097-41bd-9a62-93f551be9d6a" testListId="8c84fa94-04c1-424b-9868-57a2d4851a1d" />
    <TestEntry testId="f6984f1a-4523-b1ef-118a-5c1d7f7ca1aa" executionId="f5a442ee-14a9-4a88-8f0b-9d841a49e71d" testListId="8c84fa94-04c1-424b-9868-57a2d4851a1d" />
    <TestEntry testId="bef9c954-3a2d-3d83-b50d-cb24e577f8c7" executionId="31154594-e719-4ba8-ae83-6e67b3a8427b" testListId="8c84fa94-04c1-424b-9868-57a2d4851a1d" />
    <TestEntry testId="3164fb82-de29-8026-529f-6acf36741c8b" executionId="4d374ce6-1db0-40b6-9646-b97fed3b356d" testListId="8c84fa94-04c1-424b-9868-57a2d4851a1d" />
    <TestEntry testId="bc7fb037-bc9e-3315-d38f-1aeba783be34" executionId="fb8c1fa7-9975-4564-98fa-bdeff9ddbaa7" testListId="8c84fa94-04c1-424b-9868-57a2d4851a1d" />
    <TestEntry testId="1670e18f-0ede-c50f-6f9a-2ae6207f30db" executionId="41ce5455-f580-45da-bba0-244584ef98fe" testListId="8c84fa94-04c1-424b-9868-57a2d4851a1d" />
    <TestEntry testId="bc12b5e8-0d7d-7dd1-0756-b375b65700f8" executionId="c9f31df3-047f-4255-a0bc-146eb4a61e80" testListId="8c84fa94-04c1-424b-9868-57a2d4851a1d" />
    <TestEntry testId="555e4b79-92bf-9342-267d-e971e8e557fa" executionId="53ff113d-cb20-4807-8ce0-82dbec2fb7d4" testListId="8c84fa94-04c1-424b-9868-57a2d4851a1d" />
    <TestEntry testId="40f611b9-74bd-86c9-77cc-098126b9a943" executionId="550981f4-c395-4052-a3dc-0c740657c32a" testListId="8c84fa94-04c1-424b-9868-57a2d4851a1d" />
    <TestEntry testId="f2c9789b-ec5f-6518-f2c0-b2ab50a92288" executionId="5ba13098-dd1e-44de-b446-38be2fcb12e6" testListId="8c84fa94-04c1-424b-9868-57a2d4851a1d" />
    <TestEntry testId="7d577a3c-0602-a0a6-e9b5-1f43ff437a96" executionId="af7eae90-1666-4bef-893d-9b44db2907c8" testListId="8c84fa94-04c1-424b-9868-57a2d4851a1d" />
    <TestEntry testId="15cecd1c-3b58-a036-2736-cf341db03f0a" executionId="31a2b445-7dcd-4677-81a2-bf94e19b5de2" testListId="8c84fa94-04c1-424b-9868-57a2d4851a1d" />
    <TestEntry testId="bc614819-04cb-60f8-8b25-b74350480ed8" executionId="19d7ee92-80ed-4928-8e5c-a0bdc9b43b8a" testListId="8c84fa94-04c1-424b-9868-57a2d4851a1d" />
    <TestEntry testId="ba884d95-61a4-037b-ab6f-8704dd43240a" executionId="da077a60-b5d3-4ae9-9dfd-65aaece5c2cc" testListId="8c84fa94-04c1-424b-9868-57a2d4851a1d" />
    <TestEntry testId="ed1af3f1-e228-caa9-58c0-803083486581" executionId="4cafd8c3-0a1d-4ce6-a593-c368aca77b60" testListId="8c84fa94-04c1-424b-9868-57a2d4851a1d" />
    <TestEntry testId="ebd03c2f-6c76-bcbc-d996-078d887dfa19" executionId="738f7dea-2f57-460c-b2fc-917f8c332130" testListId="8c84fa94-04c1-424b-9868-57a2d4851a1d" />
    <TestEntry testId="5a6e28a5-0456-0238-773c-6170fb1e4f85" executionId="aecc4ad7-7d55-49f7-9628-28eda4e07604" testListId="8c84fa94-04c1-424b-9868-57a2d4851a1d" />
    <TestEntry testId="af3c7f95-5484-075f-8f9e-acca11c99bc5" executionId="e8a6638d-8803-4180-821a-ad6f5d73b8af" testListId="8c84fa94-04c1-424b-9868-57a2d4851a1d" />
    <TestEntry testId="d2e27528-7e9c-f741-028a-9dd7eea4c92c" executionId="5940ae45-38d9-4ea1-b93e-4eb0b56a8e4b" testListId="8c84fa94-04c1-424b-9868-57a2d4851a1d" />
    <TestEntry testId="86d87531-58b0-c805-e0a3-bb2bb5312580" executionId="efd6ee0a-d8f5-46d1-9b5c-6c5f50fec5b2" testListId="8c84fa94-04c1-424b-9868-57a2d4851a1d" />
    <TestEntry testId="e5b93c93-857a-cdf9-0341-1a0dd042c5e9" executionId="886bd4f0-5e1a-4cdc-9211-e8f6720c8c9d" testListId="8c84fa94-04c1-424b-9868-57a2d4851a1d" />
    <TestEntry testId="03519c29-5d68-745a-351e-45c267ad13e8" executionId="75eb64af-af27-4b60-a21b-545cf7f9548a" testListId="8c84fa94-04c1-424b-9868-57a2d4851a1d" />
    <TestEntry testId="e5428f59-f644-25e4-cf44-58ef5b64f2ad" executionId="9ba440b2-b416-4dd0-b13c-9e122ba16ec6" testListId="8c84fa94-04c1-424b-9868-57a2d4851a1d" />
    <TestEntry testId="4b43a64c-589e-4267-f17d-15d04a909013" executionId="0bc928aa-8d65-493e-85fa-0662ed09fabe" testListId="8c84fa94-04c1-424b-9868-57a2d4851a1d" />
    <TestEntry testId="a6df64d2-0698-ce92-fd77-5adbbae94068" executionId="c4839d2a-54dd-4820-9878-b1bb47559379" testListId="8c84fa94-04c1-424b-9868-57a2d4851a1d" />
    <TestEntry testId="3363df9c-1686-e3c9-673a-c7382ed08e03" executionId="e5ea59da-edc6-45eb-a379-8a9e223fa9c0" testListId="8c84fa94-04c1-424b-9868-57a2d4851a1d" />
    <TestEntry testId="be949d2a-ee6c-7b88-443c-f49c565f328f" executionId="5438b280-8d68-4ec2-8a7d-a3d3f47e9518" testListId="8c84fa94-04c1-424b-9868-57a2d4851a1d" />
    <TestEntry testId="548fd08b-2d94-5257-d985-826bbe47bde9" executionId="f1a3d388-f69f-4bfa-9d87-f0810731ff35" testListId="8c84fa94-04c1-424b-9868-57a2d4851a1d" />
    <TestEntry testId="0bb9d93a-5004-9ba8-d379-d792df82598b" executionId="89084607-358b-4c7a-bc92-f29429b22d31" testListId="8c84fa94-04c1-424b-9868-57a2d4851a1d" />
    <TestEntry testId="cefaab9b-deca-50a1-cf53-bfd0f84b70d8" executionId="8dc7c824-8ccc-417c-98ae-6cf95595785f" testListId="8c84fa94-04c1-424b-9868-57a2d4851a1d" />
    <TestEntry testId="f11fb068-5020-6fdd-64d4-9eae97e7b7c3" executionId="b0c97f29-00a3-4b1a-836b-e195ef39071e" testListId="8c84fa94-04c1-424b-9868-57a2d4851a1d" />
    <TestEntry testId="efff1d09-1e9a-daae-f4fe-c57e4a154964" executionId="19b83ed7-e3b8-4804-8025-4112cc4d831d" testListId="8c84fa94-04c1-424b-9868-57a2d4851a1d" />
    <TestEntry testId="2106ce31-ab6d-dc05-4702-f8a1d8cb40da" executionId="c2788579-ed5b-4372-94e7-18953d85ff76" testListId="8c84fa94-04c1-424b-9868-57a2d4851a1d" />
    <TestEntry testId="2575271e-e34f-00c6-8d80-4ebf0bf67d06" executionId="d549b0b1-f5f0-4559-9283-aed683d37fca" testListId="8c84fa94-04c1-424b-9868-57a2d4851a1d" />
    <TestEntry testId="aea21075-21e1-c265-1a63-420c5c66b0a8" executionId="388894ac-3b85-4732-8048-dd43479b57c3" testListId="8c84fa94-04c1-424b-9868-57a2d4851a1d" />
    <TestEntry testId="8a7bd819-1e06-2c6a-fe76-84522fed468a" executionId="4a5bdbc7-a25b-475f-92ca-0d8a7943b336" testListId="8c84fa94-04c1-424b-9868-57a2d4851a1d" />
    <TestEntry testId="038e82e7-0736-b906-6069-bf165dcdf81d" executionId="dc939964-f296-43de-9f85-3d5123b6b376" testListId="8c84fa94-04c1-424b-9868-57a2d4851a1d" />
    <TestEntry testId="399501bc-ecba-b1ca-b26c-0035e5a7aa53" executionId="ea63a31a-1047-4190-916b-e1f5f6297683" testListId="8c84fa94-04c1-424b-9868-57a2d4851a1d" />
    <TestEntry testId="5c99a102-e3d2-3ea7-d358-687ae3a56806" executionId="4129b10a-57f5-4b3b-b1f0-001b6f290ff9" testListId="8c84fa94-04c1-424b-9868-57a2d4851a1d" />
    <TestEntry testId="9afbb05d-46d7-ab12-da1c-921f9b09858d" executionId="897eca55-7d00-41ee-832f-b586c41f3642" testListId="8c84fa94-04c1-424b-9868-57a2d4851a1d" />
    <TestEntry testId="8f3b8a17-8863-f4c3-5425-91ed08db45b8" executionId="2365a151-bde9-43e2-bdb6-b4d2aa9ffb7b" testListId="8c84fa94-04c1-424b-9868-57a2d4851a1d" />
    <TestEntry testId="87ac7461-0d28-cf5d-7698-d8b535ebe6b4" executionId="b100e46b-81d5-4c79-9ba9-02d50d49b3e6" testListId="8c84fa94-04c1-424b-9868-57a2d4851a1d" />
    <TestEntry testId="da270ab7-6882-db63-f3a0-844c8b4562db" executionId="dd070b52-461c-47ba-8439-8e4cb3142651" testListId="8c84fa94-04c1-424b-9868-57a2d4851a1d" />
    <TestEntry testId="b9255dfa-9628-1fda-ee6f-f5fa66f81e57" executionId="1c015e5c-5725-4d37-866c-d52c5be501dc" testListId="8c84fa94-04c1-424b-9868-57a2d4851a1d" />
    <TestEntry testId="75ddd398-1cad-151d-e563-84e2015359ae" executionId="68b367af-0a27-4acc-9154-f5dbb2747156" testListId="8c84fa94-04c1-424b-9868-57a2d4851a1d" />
    <TestEntry testId="8a0529d6-a867-bdfa-4c0f-fc7fea5b6129" executionId="76559c45-7527-4e8c-a44e-95db4b60a607" testListId="8c84fa94-04c1-424b-9868-57a2d4851a1d" />
    <TestEntry testId="434b37e3-6652-e454-29de-d80f3b84f997" executionId="f4d1ae38-81c4-44a5-92cf-93bcf3f3dd0e" testListId="8c84fa94-04c1-424b-9868-57a2d4851a1d" />
    <TestEntry testId="57bee112-0556-7c83-93f2-7bbc9c5cba59" executionId="9aae53dd-0a16-49e1-ab4c-62676fff6c86" testListId="8c84fa94-04c1-424b-9868-57a2d4851a1d" />
    <TestEntry testId="69b55b39-a9d9-76d0-7e5a-7249ce9b54b6" executionId="fab862a7-32e9-41ff-86c8-167034904b05" testListId="8c84fa94-04c1-424b-9868-57a2d4851a1d" />
    <TestEntry testId="ab22d2fd-ea64-f65a-96ca-e707567c9b67" executionId="b508d37d-a07e-4236-8764-893e2b9ebfb9" testListId="8c84fa94-04c1-424b-9868-57a2d4851a1d" />
    <TestEntry testId="140c6661-e4ad-8b7b-ad2a-b9df65337e63" executionId="6107a61c-347c-4639-a80c-4d15ebad2d8a" testListId="8c84fa94-04c1-424b-9868-57a2d4851a1d" />
    <TestEntry testId="af66790e-7a17-2a52-f594-1232b3cd885e" executionId="52ca15e1-797d-4f83-af1d-e8f815d0c0aa" testListId="8c84fa94-04c1-424b-9868-57a2d4851a1d" />
    <TestEntry testId="dc77c6d7-cfbf-1e77-b726-c432c277b3ca" executionId="bec84e35-38b2-4a0f-a9b6-8aac44fa5105" testListId="8c84fa94-04c1-424b-9868-57a2d4851a1d" />
    <TestEntry testId="bf5918ba-1ac5-ba5f-cde7-7b7063949a78" executionId="d8363a32-06b8-4d75-9613-ba1ce2e9e0ba" testListId="8c84fa94-04c1-424b-9868-57a2d4851a1d" />
    <TestEntry testId="6e5da37d-17c2-c99b-bec0-ba093cc6461d" executionId="4962f196-456d-40fd-ac1b-8926a6579217" testListId="8c84fa94-04c1-424b-9868-57a2d4851a1d" />
    <TestEntry testId="0378ed59-f976-b4fc-9f2f-d68f313306f2" executionId="5b6558f5-783e-485f-9fe1-becf6d15b7ad" testListId="8c84fa94-04c1-424b-9868-57a2d4851a1d" />
    <TestEntry testId="8084e41d-d0c2-8e1f-49b3-a67abb097eef" executionId="8a9e2c00-302a-45ba-b568-082077db734b" testListId="8c84fa94-04c1-424b-9868-57a2d4851a1d" />
    <TestEntry testId="c4adad9d-ea20-a13f-97f1-44293498d06e" executionId="5d969b5a-b815-4ba4-908b-064ef0920971" testListId="8c84fa94-04c1-424b-9868-57a2d4851a1d" />
    <TestEntry testId="9c4c3d7f-1c8d-9061-b840-609563af8ef3" executionId="c39ec957-04e3-4e30-a824-5c4ec0a44b1b" testListId="8c84fa94-04c1-424b-9868-57a2d4851a1d" />
    <TestEntry testId="1461c781-13a0-05a7-16f7-5b6b1341577b" executionId="fa65185b-cc69-4986-9a00-cad7d90efd81" testListId="8c84fa94-04c1-424b-9868-57a2d4851a1d" />
    <TestEntry testId="7b2725af-6cca-aaf7-125b-307ed988b6a3" executionId="90b0faf9-9066-4c62-8941-d82d04f999f9" testListId="8c84fa94-04c1-424b-9868-57a2d4851a1d" />
    <TestEntry testId="ba7694f7-ee6f-6343-b447-699651d9d6f9" executionId="e6ed3720-4bc7-4051-bd03-e277c7f3f8b7" testListId="8c84fa94-04c1-424b-9868-57a2d4851a1d" />
    <TestEntry testId="cc8be762-b7fa-6acb-868c-b6f8dd397e9b" executionId="d1bd912e-ff59-4fe1-a4a1-39f62e71b75d" testListId="8c84fa94-04c1-424b-9868-57a2d4851a1d" />
    <TestEntry testId="20458d0b-b85c-491e-b4ab-b9b8494bb490" executionId="743597ad-eded-4d9c-9352-9efff5ec205d" testListId="8c84fa94-04c1-424b-9868-57a2d4851a1d" />
    <TestEntry testId="ec6e182c-c60a-0650-a430-7ebc2fa1ec79" executionId="1e57f5ee-6a63-40c1-b3d5-5c28eba5dc9f" testListId="8c84fa94-04c1-424b-9868-57a2d4851a1d" />
    <TestEntry testId="583ac39a-cd2a-cc9b-7143-e3a644d6c3bd" executionId="cda4ccaa-eb0f-45a1-b0c6-a4759721b925" testListId="8c84fa94-04c1-424b-9868-57a2d4851a1d" />
    <TestEntry testId="6fd6583b-6e84-0268-1f57-5ed2e7f07344" executionId="74f768c7-45e7-48cb-8ae1-93abc399b054" testListId="8c84fa94-04c1-424b-9868-57a2d4851a1d" />
    <TestEntry testId="c64fce4a-0ee6-9d1f-f96c-3f0744a2a23b" executionId="d67edd18-baf6-4488-9ce2-88dd90563f9d" testListId="8c84fa94-04c1-424b-9868-57a2d4851a1d" />
    <TestEntry testId="b6c8d5b4-b132-7bf9-41ce-a46ff913fc34" executionId="f59fbc72-d09d-42d2-ad6c-89db1284e5d7" testListId="8c84fa94-04c1-424b-9868-57a2d4851a1d" />
    <TestEntry testId="b3df3f39-3ac5-afed-24ec-7a145316d997" executionId="bce2acf7-67a6-4255-a39d-41bf1e1a8cf7" testListId="8c84fa94-04c1-424b-9868-57a2d4851a1d" />
    <TestEntry testId="844dbd09-3e1b-ba6e-1295-725984dabbdb" executionId="9c4f4350-ac85-4c9d-ae92-6b21bcdb091b" testListId="8c84fa94-04c1-424b-9868-57a2d4851a1d" />
    <TestEntry testId="f4009c20-ddf4-5439-9b3f-52d8d564e525" executionId="1567fb90-8fef-49e5-9a16-a650a5c1f6d7" testListId="8c84fa94-04c1-424b-9868-57a2d4851a1d" />
    <TestEntry testId="d70deda9-d414-d7bd-403c-5fb9de797fb3" executionId="505055a5-a3eb-4f3b-a2b7-c951c93e3f42" testListId="8c84fa94-04c1-424b-9868-57a2d4851a1d" />
    <TestEntry testId="139930e6-1293-1333-f3aa-a935221ee7d5" executionId="13f1682e-97c2-45a8-9c21-add79030ad21" testListId="8c84fa94-04c1-424b-9868-57a2d4851a1d" />
    <TestEntry testId="fd9e0efb-edb7-82bd-15c3-0c32bed5a7f0" executionId="59e66b81-dcde-4e8e-81c7-3050a0cd9747" testListId="8c84fa94-04c1-424b-9868-57a2d4851a1d" />
    <TestEntry testId="01be5dc2-8974-a781-e346-9997ff0168c6" executionId="0ab55050-680c-4484-81d3-85e9fa8d1304" testListId="8c84fa94-04c1-424b-9868-57a2d4851a1d" />
    <TestEntry testId="78226ef2-fcbe-8c02-29f4-cc48e0495b30" executionId="8eec57d1-9e43-4513-9e93-cd578ec0d4e7" testListId="8c84fa94-04c1-424b-9868-57a2d4851a1d" />
    <TestEntry testId="1d908a6b-ebcd-4952-2785-5d24733c709c" executionId="55c03307-6dc8-473d-9033-6b8aad35ce04" testListId="8c84fa94-04c1-424b-9868-57a2d4851a1d" />
    <TestEntry testId="803ac96c-ceaf-813a-623a-bb8007ba13fb" executionId="b5d47007-3284-4362-8e9e-2c6a3afd0f0a" testListId="8c84fa94-04c1-424b-9868-57a2d4851a1d" />
    <TestEntry testId="f42b2340-e96d-0e55-ec7c-6d27b290f74e" executionId="68bb04a6-5170-458c-bd9e-4b8dccbdc43a" testListId="8c84fa94-04c1-424b-9868-57a2d4851a1d" />
    <TestEntry testId="c3c83a0c-a46d-bf4c-a733-65c34582027c" executionId="0df104bc-4e81-4004-8711-dc7f1f902862" testListId="8c84fa94-04c1-424b-9868-57a2d4851a1d" />
    <TestEntry testId="2dbbefa2-cb1d-4d1e-312c-2268ae3ae8a4" executionId="4534c58b-1708-449f-bdc3-8038286c8819" testListId="8c84fa94-04c1-424b-9868-57a2d4851a1d" />
    <TestEntry testId="97fbdc51-18ba-7aa5-3b45-4fad3a6c36f9" executionId="5ac86c17-0ec8-47cc-b72a-7ab096141753" testListId="8c84fa94-04c1-424b-9868-57a2d4851a1d" />
    <TestEntry testId="b9540196-20ef-0b94-a46f-e6138983b660" executionId="0d35c024-4235-499f-aba0-34d1fd552809" testListId="8c84fa94-04c1-424b-9868-57a2d4851a1d" />
    <TestEntry testId="1a23ceed-6bf2-7030-b18a-91b782df52d2" executionId="af23f239-f7f8-4f34-b311-7b51ec33287c" testListId="8c84fa94-04c1-424b-9868-57a2d4851a1d" />
    <TestEntry testId="30eb4594-0190-4b3a-1578-17048e926b12" executionId="a0f4270b-a0aa-405a-a050-e3931bb9fec3" testListId="8c84fa94-04c1-424b-9868-57a2d4851a1d" />
    <TestEntry testId="5a26cd62-bdfd-afb4-b17e-eb94ffbff81b" executionId="92c97a04-8aa0-4913-acf5-3648ecbb0a29" testListId="8c84fa94-04c1-424b-9868-57a2d4851a1d" />
    <TestEntry testId="e0974674-ac77-e53b-c938-66c6d56fd05c" executionId="e6b6de27-89b0-427f-b311-24ca370c6216" testListId="8c84fa94-04c1-424b-9868-57a2d4851a1d" />
    <TestEntry testId="1567771f-c566-3ead-d24b-280817524d69" executionId="856609f0-903f-4d12-ac55-ad22884f4730" testListId="8c84fa94-04c1-424b-9868-57a2d4851a1d" />
    <TestEntry testId="5c447ad0-5dd2-2fa2-d091-548bf019cae3" executionId="37e5b45f-7601-49bd-9d67-1b9d2b38bc80" testListId="8c84fa94-04c1-424b-9868-57a2d4851a1d" />
    <TestEntry testId="a44eceec-75ff-6298-f73e-523db73cd6d3" executionId="a3ee22bc-27ef-4f92-ad39-d0d55c66f274" testListId="8c84fa94-04c1-424b-9868-57a2d4851a1d" />
    <TestEntry testId="5a6033d0-8674-1383-5d73-0621497569cb" executionId="420b53b3-e45b-48cd-a408-bb7a6fe85540" testListId="8c84fa94-04c1-424b-9868-57a2d4851a1d" />
    <TestEntry testId="7fb5739f-7a0e-9d63-4cc0-4564c77d7249" executionId="9da67773-0efd-4981-ab18-b4595efd5bba" testListId="8c84fa94-04c1-424b-9868-57a2d4851a1d" />
    <TestEntry testId="48aed434-d191-a79c-5c15-17d6032c9edd" executionId="d7f7e0b4-e5da-441c-96b5-855aedd3179f" testListId="8c84fa94-04c1-424b-9868-57a2d4851a1d" />
    <TestEntry testId="e4430911-be68-d9a0-a78d-87695990dd2b" executionId="d2e8c8d3-6c86-451e-8a5c-da5cbdd4ee21" testListId="8c84fa94-04c1-424b-9868-57a2d4851a1d" />
    <TestEntry testId="7ebb6f6a-7f5e-646a-c7ce-f4daa5d5c8da" executionId="be170b82-7dbb-474b-a720-10c5896236d1" testListId="8c84fa94-04c1-424b-9868-57a2d4851a1d" />
    <TestEntry testId="cd1d2fd6-a556-1869-618e-8799c1c10a94" executionId="cb05b287-62ae-4227-a1cc-817ed6ba3113" testListId="8c84fa94-04c1-424b-9868-57a2d4851a1d" />
    <TestEntry testId="43af5117-1f9c-6ca5-e2b0-3bd57b512c6f" executionId="8096d4c4-ef05-40c2-b7d5-3558df71e89b" testListId="8c84fa94-04c1-424b-9868-57a2d4851a1d" />
    <TestEntry testId="53b81941-356a-16a1-a951-ad2b635230e2" executionId="05a69ba1-c8f2-4105-b1e1-4b362a00b732" testListId="8c84fa94-04c1-424b-9868-57a2d4851a1d" />
    <TestEntry testId="305837e1-d44c-5663-004e-044ac561be36" executionId="255f88d7-5be7-40f3-b40a-d4b99ca074ac" testListId="8c84fa94-04c1-424b-9868-57a2d4851a1d" />
    <TestEntry testId="1482937b-f549-7dda-39ff-c1d0353b5bf2" executionId="d0313296-5824-4e39-99f5-aa0957094dd6" testListId="8c84fa94-04c1-424b-9868-57a2d4851a1d" />
    <TestEntry testId="7f766a97-6ab7-7b7f-222d-e4bba52b6030" executionId="6c24ced1-a4a6-43a6-a9f2-7c7acde44ab0" testListId="8c84fa94-04c1-424b-9868-57a2d4851a1d" />
    <TestEntry testId="0b0cafcd-36ec-b9e7-a6b1-cc34c82fd875" executionId="d699e4f6-5310-4858-8104-2428bffadad5" testListId="8c84fa94-04c1-424b-9868-57a2d4851a1d" />
    <TestEntry testId="e8ad2706-3327-0bd0-6928-db3b3e6344dc" executionId="c507f456-d05f-4057-aca5-0189a013c21a" testListId="8c84fa94-04c1-424b-9868-57a2d4851a1d" />
    <TestEntry testId="952d04da-369e-0e5d-fb29-9bfdf4da3a0e" executionId="28671a01-fbc8-40bc-924b-eb951d151061" testListId="8c84fa94-04c1-424b-9868-57a2d4851a1d" />
    <TestEntry testId="0e72e474-7df2-3dd5-7160-b0a32b2afdd9" executionId="303fe845-3278-49be-959c-2003eb893ef3" testListId="8c84fa94-04c1-424b-9868-57a2d4851a1d" />
    <TestEntry testId="9e63be9d-2216-71c5-83e2-51bd84dc8a93" executionId="2b65ec4b-a2de-4b06-baf2-63e87632b5e2" testListId="8c84fa94-04c1-424b-9868-57a2d4851a1d" />
    <TestEntry testId="bf3be38d-fccb-d51d-c680-813aa0d77baa" executionId="891ddcd0-90a5-49bf-8a0d-e3f9fce320ec" testListId="8c84fa94-04c1-424b-9868-57a2d4851a1d" />
    <TestEntry testId="d16b66ae-362f-7903-ceb9-287ac5bef50c" executionId="a21f70f5-eba0-4517-ada4-aa755b353d91" testListId="8c84fa94-04c1-424b-9868-57a2d4851a1d" />
    <TestEntry testId="65d8beb9-d4b1-7128-2631-5520f6c0ed58" executionId="beb1be31-99d3-4cdb-be32-d4541847f9c2" testListId="8c84fa94-04c1-424b-9868-57a2d4851a1d" />
    <TestEntry testId="0e3b0f34-8ab7-ccb2-ed1a-7de6e3e165c5" executionId="ec3b6206-3a28-4988-8ea4-6da8b5d03858" testListId="8c84fa94-04c1-424b-9868-57a2d4851a1d" />
    <TestEntry testId="0209b421-7614-162d-e45d-48fbd126c964" executionId="37aa8b54-d711-423c-9846-39cf31fa022f" testListId="8c84fa94-04c1-424b-9868-57a2d4851a1d" />
    <TestEntry testId="e3aed149-0356-8224-e951-0cb2d3727ba3" executionId="17883c01-51d8-403a-8867-b39b403b95c3" testListId="8c84fa94-04c1-424b-9868-57a2d4851a1d" />
    <TestEntry testId="a30a662f-2ee5-0db0-93be-e23b78960c82" executionId="af7930db-8f2e-4e13-a3b0-88d6d5ac6881" testListId="8c84fa94-04c1-424b-9868-57a2d4851a1d" />
    <TestEntry testId="c47b0ccb-123e-8cec-2750-cacbc255e2ef" executionId="2d1005ab-dacf-4ec5-bc8e-ebda23845f36" testListId="8c84fa94-04c1-424b-9868-57a2d4851a1d" />
    <TestEntry testId="1fb7df82-265a-5de3-47da-778b7185a628" executionId="d4b080e7-49be-49b3-8a54-e3e16900855f" testListId="8c84fa94-04c1-424b-9868-57a2d4851a1d" />
    <TestEntry testId="9bf19834-4f90-5f56-a3eb-6c1d93ea3aa5" executionId="c030312c-10a1-4053-8ddf-762c818cf7cf" testListId="8c84fa94-04c1-424b-9868-57a2d4851a1d" />
    <TestEntry testId="889d4bac-a87a-c9c2-145c-f024ddbd129b" executionId="98f8b444-0d7a-45d5-8753-ba63047967bb" testListId="8c84fa94-04c1-424b-9868-57a2d4851a1d" />
    <TestEntry testId="79d8cb70-402c-e7be-4d53-f2c05fb52d5e" executionId="b221577b-7532-4ccc-a0fd-2cab6afeed80" testListId="8c84fa94-04c1-424b-9868-57a2d4851a1d" />
    <TestEntry testId="2d7b55ce-f568-7dde-659b-5f6dd5c4e10b" executionId="fa47e466-8f69-4b94-bbf7-06734a004a10" testListId="8c84fa94-04c1-424b-9868-57a2d4851a1d" />
    <TestEntry testId="06f72c6d-178e-1776-b54f-f3db73a3e144" executionId="7969e094-7389-4817-b097-70fe03de73d0" testListId="8c84fa94-04c1-424b-9868-57a2d4851a1d" />
    <TestEntry testId="ce34eb52-9bf0-0190-75b5-426ffc55227b" executionId="3d789f68-b665-4f8a-ba96-91600c2b6275" testListId="8c84fa94-04c1-424b-9868-57a2d4851a1d" />
    <TestEntry testId="014a068d-cf03-ed2b-0a73-be788526e910" executionId="0251fd27-49b3-46e3-8fc0-a2ce8844823b" testListId="8c84fa94-04c1-424b-9868-57a2d4851a1d" />
    <TestEntry testId="e5327567-16bb-a9ea-d8a4-bb9395ce3964" executionId="e06b4370-d76c-41a3-9d82-3e79a6c510de" testListId="8c84fa94-04c1-424b-9868-57a2d4851a1d" />
    <TestEntry testId="81e8c1a0-4900-8a66-1f87-0c131327f5b5" executionId="484fd877-225a-4da6-bbb6-e3949101129f" testListId="8c84fa94-04c1-424b-9868-57a2d4851a1d" />
    <TestEntry testId="6afb1227-217c-b2e9-db11-52fb1d5fc56a" executionId="29b40c91-46fb-4347-9ca4-96fbb55fb57f" testListId="8c84fa94-04c1-424b-9868-57a2d4851a1d" />
    <TestEntry testId="6494ab94-5c0c-369b-99ff-59bfdd03b59b" executionId="8f266060-8f6a-4266-b363-49c19afed828" testListId="8c84fa94-04c1-424b-9868-57a2d4851a1d" />
    <TestEntry testId="d09566d1-6438-9687-6d98-ba12ffff4915" executionId="c8b9728a-a726-4f37-8c28-b857834ebb48" testListId="8c84fa94-04c1-424b-9868-57a2d4851a1d" />
    <TestEntry testId="feff974b-15e7-7bde-2e9a-7282257d799e" executionId="4da76b1b-2842-438d-8d12-5f40183de456" testListId="8c84fa94-04c1-424b-9868-57a2d4851a1d" />
    <TestEntry testId="bffd3eb0-f441-4434-c761-838539b2758c" executionId="0f27de03-4807-41a2-9d4e-bc8e0213194f" testListId="8c84fa94-04c1-424b-9868-57a2d4851a1d" />
    <TestEntry testId="63610c24-9538-e81d-7363-0d5652fbe351" executionId="048d1a8f-f8d5-46da-954f-b784ffe818e8" testListId="8c84fa94-04c1-424b-9868-57a2d4851a1d" />
    <TestEntry testId="add90257-7bfd-08af-414a-c1fd006f1b8f" executionId="f15a8359-0dca-4457-91ac-1d3b46e87b5a" testListId="8c84fa94-04c1-424b-9868-57a2d4851a1d" />
    <TestEntry testId="fb0f855b-006e-c67f-b9b6-ef310c289ea8" executionId="e24da4ad-3b83-49c4-bb69-36fc41deb1a5" testListId="8c84fa94-04c1-424b-9868-57a2d4851a1d" />
    <TestEntry testId="a768137e-5549-c79d-d4cb-ddd67ba25589" executionId="c51a8461-44a5-4296-bba8-280a0d3f0b0a" testListId="8c84fa94-04c1-424b-9868-57a2d4851a1d" />
    <TestEntry testId="ba44ddc9-34e5-6996-f0e1-93c6786eed78" executionId="e14e338c-b0bb-4e71-8006-e700bd2db402" testListId="8c84fa94-04c1-424b-9868-57a2d4851a1d" />
    <TestEntry testId="682b3a18-5ce2-e09c-06c2-b3ebd5eb55df" executionId="a9d16cd0-0550-48f4-920f-0d400efebe3a" testListId="8c84fa94-04c1-424b-9868-57a2d4851a1d" />
    <TestEntry testId="8a8663da-3c48-e3de-3195-bc33f43c17d1" executionId="31407397-9454-4a25-935d-e7a90d5f7b59" testListId="8c84fa94-04c1-424b-9868-57a2d4851a1d" />
    <TestEntry testId="6a90276b-bdbd-5195-546b-d62b355d6d1e" executionId="4e9ee864-c71e-4971-bd9c-a887adb5281e" testListId="8c84fa94-04c1-424b-9868-57a2d4851a1d" />
    <TestEntry testId="474f4123-c4f0-ed71-e9ae-2089a5b45084" executionId="66882438-6910-4445-bc61-005c0877ad1b" testListId="8c84fa94-04c1-424b-9868-57a2d4851a1d" />
    <TestEntry testId="7c55a314-e50c-cf7f-eb2f-1d2ce3940e80" executionId="43efdd24-f323-4efe-b570-607b0be81dae" testListId="8c84fa94-04c1-424b-9868-57a2d4851a1d" />
    <TestEntry testId="96679b49-92b7-51d9-e879-f6f3b11a1a2d" executionId="1b45e7bf-4f20-478c-bbfd-ddbae0ab309e" testListId="8c84fa94-04c1-424b-9868-57a2d4851a1d" />
    <TestEntry testId="e081911d-8f68-16dc-95b9-ce6ca0099b36" executionId="a452f86a-07a6-4608-a90e-94514d822388" testListId="8c84fa94-04c1-424b-9868-57a2d4851a1d" />
    <TestEntry testId="8685a0cc-8f6c-e530-6b25-43918c6d87aa" executionId="781a3bf4-f624-426b-994c-d9d33b4e5194" testListId="8c84fa94-04c1-424b-9868-57a2d4851a1d" />
    <TestEntry testId="c412921c-a830-d00a-e2a6-2eda860b9055" executionId="8f232bea-c5a3-444a-bb27-201caba340a2" testListId="8c84fa94-04c1-424b-9868-57a2d4851a1d" />
    <TestEntry testId="77b4115c-9698-8872-1259-5ceebb1db073" executionId="4c9ee446-99e2-45f6-b5c1-c5a9b77f23e6" testListId="8c84fa94-04c1-424b-9868-57a2d4851a1d" />
    <TestEntry testId="e58ef73c-b84c-961f-61e3-72952cd8cb8c" executionId="ab5d1871-8d70-4fdf-bddf-46d073771f00" testListId="8c84fa94-04c1-424b-9868-57a2d4851a1d" />
    <TestEntry testId="62bbe3ee-7e4f-b582-4e14-d8ceb77d972c" executionId="b39bdc5d-8549-4586-9de3-3bc2ef5afc1b" testListId="8c84fa94-04c1-424b-9868-57a2d4851a1d" />
    <TestEntry testId="bef51588-d886-f6e3-fdda-95da2278aacb" executionId="04d0203e-7193-459f-bfd9-4c2b4e483ab2" testListId="8c84fa94-04c1-424b-9868-57a2d4851a1d" />
    <TestEntry testId="8f92c43f-5727-bf2b-415e-cb82964ac302" executionId="d84c51d8-4aae-40b9-a4ab-bc8f62709d84" testListId="8c84fa94-04c1-424b-9868-57a2d4851a1d" />
    <TestEntry testId="57774d4f-0e88-d290-a792-720e504514ba" executionId="fd490776-97b4-47c5-bab8-a2586634ba81" testListId="8c84fa94-04c1-424b-9868-57a2d4851a1d" />
    <TestEntry testId="68f5557d-4bd5-ebae-3a22-537c1702d781" executionId="b1cf0fcb-23c3-4491-a387-1a1ac49f9ccc" testListId="8c84fa94-04c1-424b-9868-57a2d4851a1d" />
    <TestEntry testId="7c25e9d9-71c3-90cd-d0cc-85e1e58efd6b" executionId="042c1a22-51ec-4956-bbf5-c7bcb5bdc4d3" testListId="8c84fa94-04c1-424b-9868-57a2d4851a1d" />
    <TestEntry testId="7b6494d9-14d1-e703-8dce-eacd52852ebc" executionId="304a8b43-f702-41d8-bb8e-2e80dd1d9e0c" testListId="8c84fa94-04c1-424b-9868-57a2d4851a1d" />
    <TestEntry testId="9bb96261-1701-74be-ae73-ef01ff852954" executionId="dc785857-e592-4043-a4ba-570351afbf91" testListId="8c84fa94-04c1-424b-9868-57a2d4851a1d" />
    <TestEntry testId="57917bfd-ab9b-4422-cadc-1c44ad6d5244" executionId="1dd94e3e-6b1e-424c-9889-748bc1ad2ba6" testListId="8c84fa94-04c1-424b-9868-57a2d4851a1d" />
    <TestEntry testId="34c289c0-6cda-cf85-24b7-8d07bcc44948" executionId="c6d43d7e-25be-440e-80c5-f2db16d8caba" testListId="8c84fa94-04c1-424b-9868-57a2d4851a1d" />
    <TestEntry testId="64d46e5a-18bf-c3a7-d947-63730f82a01e" executionId="dfd088f8-95b7-4c51-ac6d-f414b107ea5f" testListId="8c84fa94-04c1-424b-9868-57a2d4851a1d" />
    <TestEntry testId="c3bd77bb-39a3-4c51-ccee-0dc4af1425a6" executionId="c19122be-b180-4c66-a83b-7c59ed02d908" testListId="8c84fa94-04c1-424b-9868-57a2d4851a1d" />
    <TestEntry testId="e5af325c-5bae-fda3-b423-271b64739afe" executionId="170d0660-bbf7-4d97-a6aa-805f1e753e1d" testListId="8c84fa94-04c1-424b-9868-57a2d4851a1d" />
    <TestEntry testId="bd4bf395-8f98-04c2-c5f8-cab1c6647ef1" executionId="f8a7a037-8f54-4ab0-acc1-6a65740fd735" testListId="8c84fa94-04c1-424b-9868-57a2d4851a1d" />
    <TestEntry testId="2516f5ca-d06b-43f0-8619-b53bdf03ad3b" executionId="a0c4d198-8b94-47c3-8b5d-662f2f875781" testListId="8c84fa94-04c1-424b-9868-57a2d4851a1d" />
    <TestEntry testId="c484feb4-af2e-2886-69bb-e210e70b626b" executionId="96c5f8a3-b46f-45bf-b917-0cb33a40532b" testListId="8c84fa94-04c1-424b-9868-57a2d4851a1d" />
    <TestEntry testId="293f208d-a107-c0fc-0068-8de4f4577501" executionId="bc184ec8-f478-4595-b162-dcd9eb516161" testListId="8c84fa94-04c1-424b-9868-57a2d4851a1d" />
    <TestEntry testId="702f283c-acf3-b66b-da58-6b428c67206f" executionId="b0161767-ac4b-44a5-b2fd-c2d95573b163" testListId="8c84fa94-04c1-424b-9868-57a2d4851a1d" />
    <TestEntry testId="aa7cd316-bd03-8913-f5ff-bd80befd5e8b" executionId="f2befea7-bc7d-4331-a41d-9f3e42b2351f" testListId="8c84fa94-04c1-424b-9868-57a2d4851a1d" />
    <TestEntry testId="fcbb076d-21c9-d2c8-8141-56d340d67c02" executionId="06e754de-36e4-465c-9d21-e55ad891a1e2" testListId="8c84fa94-04c1-424b-9868-57a2d4851a1d" />
    <TestEntry testId="ef239907-8146-d171-397a-2e18ca0a7d07" executionId="48096f5c-4e2a-403e-ad28-6567e54c204b" testListId="8c84fa94-04c1-424b-9868-57a2d4851a1d" />
    <TestEntry testId="c1d75516-b54b-45bf-488a-9e0ebd61f8c4" executionId="60889f00-7694-4b33-8d37-5c1c67154865" testListId="8c84fa94-04c1-424b-9868-57a2d4851a1d" />
    <TestEntry testId="b88c7a93-5167-689b-3a6b-7ed6795729e1" executionId="13e7550f-ffa5-4517-8ed1-350319492de1" testListId="8c84fa94-04c1-424b-9868-57a2d4851a1d" />
    <TestEntry testId="3b72e631-6670-fe62-856b-ccd543a59971" executionId="7d043934-c4de-4002-a8a4-037add6397c1" testListId="8c84fa94-04c1-424b-9868-57a2d4851a1d" />
    <TestEntry testId="c4ce90f1-597d-a003-4d5c-b418943cb443" executionId="fa1d292a-e796-4d35-a1af-ceea656e4cfb" testListId="8c84fa94-04c1-424b-9868-57a2d4851a1d" />
    <TestEntry testId="ad0265a0-96ba-5103-cd9d-a51d12bc6389" executionId="92f5ce12-3008-4173-b09c-4a6d996d93e9" testListId="8c84fa94-04c1-424b-9868-57a2d4851a1d" />
    <TestEntry testId="58908065-853e-c4d9-3613-bc3198b1cc08" executionId="3d589dcb-928d-445c-b90c-294e86727086" testListId="8c84fa94-04c1-424b-9868-57a2d4851a1d" />
    <TestEntry testId="6c89edff-e640-ffef-eff3-e38e5c9bbb28" executionId="35797f86-fe5e-4439-8b06-1b4c9ecc23c7" testListId="8c84fa94-04c1-424b-9868-57a2d4851a1d" />
    <TestEntry testId="372ecc8a-19e9-247e-0d4c-31a691ba7b09" executionId="d917731b-645e-4e1b-882c-67d7d281cb28" testListId="8c84fa94-04c1-424b-9868-57a2d4851a1d" />
    <TestEntry testId="773f1d7a-65a5-fa09-a454-1d73dbdebf1c" executionId="73d33802-5f72-4a81-87a1-98899b7fc2e9" testListId="8c84fa94-04c1-424b-9868-57a2d4851a1d" />
    <TestEntry testId="01158b98-2cd4-e826-aa9e-d2d4c60de322" executionId="42b6bbac-b9d2-4ed8-8fe2-77f847c0ab0b" testListId="8c84fa94-04c1-424b-9868-57a2d4851a1d" />
    <TestEntry testId="2c659c9c-4cb8-0017-5374-282461cba931" executionId="48eeee92-0e73-40a7-ae0d-d4ed0de3f445" testListId="8c84fa94-04c1-424b-9868-57a2d4851a1d" />
    <TestEntry testId="9229072f-c39c-5db3-f28b-10c8f4ae4c45" executionId="34753b46-c4a1-43a4-acaa-aa75e7b4ec7c" testListId="8c84fa94-04c1-424b-9868-57a2d4851a1d" />
    <TestEntry testId="2da09afd-447a-1927-2e16-59b373bc893e" executionId="d4ab74af-50ca-4b45-bbbb-e92457d1f220" testListId="8c84fa94-04c1-424b-9868-57a2d4851a1d" />
    <TestEntry testId="a6c85b3a-5f84-4859-aef3-09060d5afd98" executionId="07279599-bf6b-4aed-8905-ee6b7f0da5c9" testListId="8c84fa94-04c1-424b-9868-57a2d4851a1d" />
    <TestEntry testId="005c4048-bbfa-5fd2-6e76-51731c50383b" executionId="f0e092a9-02fd-4a01-817b-2a5e97d2fc35" testListId="8c84fa94-04c1-424b-9868-57a2d4851a1d" />
    <TestEntry testId="7a7fdf06-c490-deb2-82e6-65e1294c3173" executionId="910b8b83-bc79-4723-86af-a5726b09a975" testListId="8c84fa94-04c1-424b-9868-57a2d4851a1d" />
    <TestEntry testId="8cb20cd0-1e7e-f4a1-66cd-e7e59b7d8aab" executionId="15a3468a-0ae0-49bd-8202-7536c4d62ee0" testListId="8c84fa94-04c1-424b-9868-57a2d4851a1d" />
    <TestEntry testId="fcfc02eb-9475-084e-96ae-652cb742a35f" executionId="bdbdf18b-90ea-4a6d-aa37-3d7d7825fe60" testListId="8c84fa94-04c1-424b-9868-57a2d4851a1d" />
    <TestEntry testId="eefcc86b-2e92-5256-d34c-9049a6da9154" executionId="6a7c3dd1-4e7b-46e4-bd44-f306226addc1" testListId="8c84fa94-04c1-424b-9868-57a2d4851a1d" />
    <TestEntry testId="3319ab63-2def-0c9c-879d-16907c7c07ea" executionId="b57ff4df-57b8-49a9-a408-30a850a8c753" testListId="8c84fa94-04c1-424b-9868-57a2d4851a1d" />
    <TestEntry testId="3827ef79-3081-082a-a862-859949cd62b9" executionId="dc7f8f6d-2673-41e8-909e-040118846631" testListId="8c84fa94-04c1-424b-9868-57a2d4851a1d" />
    <TestEntry testId="a5abba6c-a7f2-f6e8-f007-920746cf3d43" executionId="2e539b06-2710-4f9d-811b-d771b76b4bde" testListId="8c84fa94-04c1-424b-9868-57a2d4851a1d" />
    <TestEntry testId="d9b69abf-addf-dcc7-c2fd-b2ff5d4f6705" executionId="134291c3-fabf-41c1-8968-923b8e078567" testListId="8c84fa94-04c1-424b-9868-57a2d4851a1d" />
    <TestEntry testId="21a0d29c-e94f-b292-af3e-a395eaa62ce5" executionId="6e7559a8-49e1-4709-b3d9-0f4c8b859da1" testListId="8c84fa94-04c1-424b-9868-57a2d4851a1d" />
    <TestEntry testId="e6e395b4-3b84-d36a-a38c-e5e638fee7fb" executionId="d86e5504-03a3-4c46-9564-31f09aef4ec0" testListId="8c84fa94-04c1-424b-9868-57a2d4851a1d" />
    <TestEntry testId="69e9fbca-51ed-8423-d5ea-3d8489803dd2" executionId="55ff176f-71d9-4818-9425-33584a3b5a7b" testListId="8c84fa94-04c1-424b-9868-57a2d4851a1d" />
    <TestEntry testId="ea812c4e-499f-c48f-48ec-0c8b2f821c14" executionId="cdfc7ef3-628a-42cb-92a4-322f8d66c1b4" testListId="8c84fa94-04c1-424b-9868-57a2d4851a1d" />
    <TestEntry testId="29b14ef8-e43d-41e1-d5fc-d7d493be4940" executionId="ee4b4808-521d-43f6-a97e-00361117d834" testListId="8c84fa94-04c1-424b-9868-57a2d4851a1d" />
    <TestEntry testId="0f368352-c3d8-02d3-f3d9-f0e643bc2ed7" executionId="139b1fb7-c522-4f5f-bdfe-1b3901f75df0" testListId="8c84fa94-04c1-424b-9868-57a2d4851a1d" />
    <TestEntry testId="7603cc3a-7642-d05f-79c1-6c139b33135d" executionId="267ed5ff-bbf4-48cd-b28c-71031d60efa6" testListId="8c84fa94-04c1-424b-9868-57a2d4851a1d" />
    <TestEntry testId="c080456c-72d0-3eb2-77e1-542abd80b216" executionId="a9ec55a9-a23a-4cd8-b634-fc03ed432c14" testListId="8c84fa94-04c1-424b-9868-57a2d4851a1d" />
    <TestEntry testId="1d1959e4-073b-7c9d-77de-ed348a6f7141" executionId="6039d07a-ce43-4381-b8d0-ebe95bf699fd" testListId="8c84fa94-04c1-424b-9868-57a2d4851a1d" />
    <TestEntry testId="f0783c93-05f5-3c2a-1813-26adff12a929" executionId="659dc57b-0496-424c-aeab-452293680df7" testListId="8c84fa94-04c1-424b-9868-57a2d4851a1d" />
    <TestEntry testId="4eb529fd-da3e-df70-1180-0619ee67e3c6" executionId="319fee4a-9d9a-4e30-a43b-90e07643e20a" testListId="8c84fa94-04c1-424b-9868-57a2d4851a1d" />
    <TestEntry testId="170477bd-09ab-210a-5f06-ead624d7a716" executionId="f10b0650-77f7-44ab-b4f8-0ec5860337fb" testListId="8c84fa94-04c1-424b-9868-57a2d4851a1d" />
    <TestEntry testId="ba355757-a36a-54bb-5c59-d6e115aeace8" executionId="1ca2799a-b045-4ef7-87d7-57b539ed6cd7" testListId="8c84fa94-04c1-424b-9868-57a2d4851a1d" />
    <TestEntry testId="842604dd-d444-a7f4-534b-b4af91f3f95c" executionId="5539a5e9-73c0-4e62-ace4-3a08149bcb4c" testListId="8c84fa94-04c1-424b-9868-57a2d4851a1d" />
    <TestEntry testId="9603f266-e6e4-b592-6c00-2621c8820864" executionId="2f839b93-4193-467d-a53f-130cd8f0b363" testListId="8c84fa94-04c1-424b-9868-57a2d4851a1d" />
    <TestEntry testId="1b0c1c74-735e-804d-2d38-1a48ef66c47a" executionId="1533f318-e6a5-4f54-97d8-06617e421ab8" testListId="8c84fa94-04c1-424b-9868-57a2d4851a1d" />
    <TestEntry testId="0f85e31c-250d-2fd6-59ef-88556968bdb6" executionId="5ae18c61-17bf-4f20-aedc-ab952f11e642" testListId="8c84fa94-04c1-424b-9868-57a2d4851a1d" />
    <TestEntry testId="ebbe7258-4b65-15e9-219f-9eb6e860514c" executionId="a74fb358-052e-48a8-9920-00a5379e8a54" testListId="8c84fa94-04c1-424b-9868-57a2d4851a1d" />
    <TestEntry testId="1c54ef9e-0fd3-3065-2074-36e139afc976" executionId="d1401821-b26f-4d63-ba92-58db064f30cf" testListId="8c84fa94-04c1-424b-9868-57a2d4851a1d" />
    <TestEntry testId="82a5b9a3-0552-89d0-c528-c8a8c76f5d9f" executionId="29a841c6-c0f8-4cf4-b969-aeae98cf1c5b" testListId="8c84fa94-04c1-424b-9868-57a2d4851a1d" />
    <TestEntry testId="ca990070-3269-b6c6-1a91-d9f2146eca2b" executionId="cd72d7a8-0244-4765-ae0b-1edc31be1c84" testListId="8c84fa94-04c1-424b-9868-57a2d4851a1d" />
    <TestEntry testId="ad10243a-5005-2c62-ef03-970547f7bc68" executionId="0124ab76-ca4e-40b3-95f4-3ccdfe886d8c" testListId="8c84fa94-04c1-424b-9868-57a2d4851a1d" />
    <TestEntry testId="66008b6f-5831-0af0-c7ea-7bf08df5fe34" executionId="3ffae449-d09d-4106-8604-a6b618284f80" testListId="8c84fa94-04c1-424b-9868-57a2d4851a1d" />
    <TestEntry testId="9b9dbd30-50bb-5bbd-002a-cb75e7cd1aba" executionId="1bc40dd9-9cf5-4092-9682-df45cc3135e9" testListId="8c84fa94-04c1-424b-9868-57a2d4851a1d" />
    <TestEntry testId="0a3a807f-9f6a-c6f8-8c9e-dc79768e8cd7" executionId="61efcb71-f928-45ff-94fc-c70c82c53318" testListId="8c84fa94-04c1-424b-9868-57a2d4851a1d" />
    <TestEntry testId="c201cfe9-d7ef-1767-28d0-57fcb8de2460" executionId="7e4efaf5-d3cd-4099-8876-6349658dfe53" testListId="8c84fa94-04c1-424b-9868-57a2d4851a1d" />
    <TestEntry testId="e56c4b03-9d5d-a70b-1573-44a88bf4c200" executionId="36e881b8-661a-434c-8c44-153a4a328755" testListId="8c84fa94-04c1-424b-9868-57a2d4851a1d" />
    <TestEntry testId="6fccae5a-7804-fab5-2f9c-d8ea289560be" executionId="f83ad10e-5273-4744-a1f0-e6f836026988" testListId="8c84fa94-04c1-424b-9868-57a2d4851a1d" />
    <TestEntry testId="f23e3e92-54c2-2411-b215-631166fbf856" executionId="a9248afe-c7a8-41e7-823c-b57fdf4d5280" testListId="8c84fa94-04c1-424b-9868-57a2d4851a1d" />
    <TestEntry testId="22286b2d-2c9e-a580-fd4a-2436919b8555" executionId="0d8b061f-e790-4271-8c34-d61a6bff5dc3" testListId="8c84fa94-04c1-424b-9868-57a2d4851a1d" />
    <TestEntry testId="af1b57b7-d4d3-cc7c-77e2-0a953337a6f4" executionId="b1e688ca-53bb-438c-85de-890c7981ef0b" testListId="8c84fa94-04c1-424b-9868-57a2d4851a1d" />
    <TestEntry testId="3c09d4cb-f13e-d121-455f-42d4e3bd3224" executionId="db96db64-355e-4a23-a44d-e3a07815c47e" testListId="8c84fa94-04c1-424b-9868-57a2d4851a1d" />
    <TestEntry testId="d8308a27-6fbc-21d5-664d-c54e34f438da" executionId="aa6d6575-5e4d-4724-80a7-04945d465399" testListId="8c84fa94-04c1-424b-9868-57a2d4851a1d" />
    <TestEntry testId="5ce9e10d-7d63-e829-dad3-2b21af48d9a3" executionId="bb5620c3-c544-4e3a-8088-4b2eaa521e8b" testListId="8c84fa94-04c1-424b-9868-57a2d4851a1d" />
    <TestEntry testId="134110e6-fb08-89b6-f21b-257fe054fa49" executionId="24eb3a32-b3a9-4ec5-8e3e-1a1539e3d17e" testListId="8c84fa94-04c1-424b-9868-57a2d4851a1d" />
    <TestEntry testId="4a3d3b31-f5bb-f6f0-8775-76cae220f01b" executionId="c3187d0e-4f2a-443c-866e-fb24c254592e" testListId="8c84fa94-04c1-424b-9868-57a2d4851a1d" />
    <TestEntry testId="b1896dd7-6634-6c9f-92ab-cd4904bba1dc" executionId="63a9fd4d-aa64-4818-8a61-983b5e61d2d0" testListId="8c84fa94-04c1-424b-9868-57a2d4851a1d" />
    <TestEntry testId="ad39a2a8-a877-88dd-b965-d88ff03cb3d9" executionId="463e41e3-a4f0-4845-8ffd-8f57e110e1a5" testListId="8c84fa94-04c1-424b-9868-57a2d4851a1d" />
    <TestEntry testId="04126902-9508-0ab4-a88b-c6cc8b546986" executionId="327a9369-a989-4726-89f3-1aebdbc3f99f" testListId="8c84fa94-04c1-424b-9868-57a2d4851a1d" />
    <TestEntry testId="1287d8b9-a242-3700-9223-1e45506d7926" executionId="59ef6ca6-f546-4aab-a669-0ddc75a94a0f" testListId="8c84fa94-04c1-424b-9868-57a2d4851a1d" />
    <TestEntry testId="cb7e38b0-12f4-dfad-65ae-f93a1147794e" executionId="140ef128-eaa1-41c1-99bc-e08f451d1391" testListId="8c84fa94-04c1-424b-9868-57a2d4851a1d" />
    <TestEntry testId="26e0371b-a9ac-efb2-5c04-9498517c8a6b" executionId="a4878722-61dc-412b-b1b9-b727711587d0" testListId="8c84fa94-04c1-424b-9868-57a2d4851a1d" />
    <TestEntry testId="43f214ef-30cf-ba92-5a64-f56ecf6591a8" executionId="5bce330b-c76e-4fbd-b6aa-9f78768e8481" testListId="8c84fa94-04c1-424b-9868-57a2d4851a1d" />
    <TestEntry testId="2c838da2-a06b-ca63-745f-8e2c255d876f" executionId="f259f2c3-6ddd-4463-8019-898c8983487b" testListId="8c84fa94-04c1-424b-9868-57a2d4851a1d" />
    <TestEntry testId="1f165af9-b6e7-bd17-1c06-1628746543b3" executionId="af80ee46-e9f2-4710-9fdf-e18db25142e4" testListId="8c84fa94-04c1-424b-9868-57a2d4851a1d" />
    <TestEntry testId="09b10f58-104f-c055-d17e-ad9f69c01172" executionId="3d155801-2fb7-4037-9c69-61852ba26de0" testListId="8c84fa94-04c1-424b-9868-57a2d4851a1d" />
    <TestEntry testId="42fa9d5a-68c0-df47-5ee1-d61bde48031d" executionId="e15fbc7e-3661-4ab9-963d-86647fff2bdc" testListId="8c84fa94-04c1-424b-9868-57a2d4851a1d" />
    <TestEntry testId="a029b495-55fb-1eb3-c134-9a8d61753adb" executionId="3b23dbaf-085e-443a-9cfe-cde90f144e80" testListId="8c84fa94-04c1-424b-9868-57a2d4851a1d" />
    <TestEntry testId="879090c1-add8-48b2-d609-da3bc5d3a246" executionId="0f2f1153-7031-4732-a5d0-055fc86f7f7a" testListId="8c84fa94-04c1-424b-9868-57a2d4851a1d" />
    <TestEntry testId="ca034712-fc2a-7f2e-fe84-ae45e3bb76cf" executionId="af437ebe-ed20-46dd-9a84-de1bb145abe8" testListId="8c84fa94-04c1-424b-9868-57a2d4851a1d" />
    <TestEntry testId="ef9bc618-0b6a-337d-f408-8cefa3f67ba7" executionId="9dfccd5d-d7ab-47b0-b0cd-515535a22e1c" testListId="8c84fa94-04c1-424b-9868-57a2d4851a1d" />
    <TestEntry testId="e5961fd2-e26a-dc01-53b6-9e6df31d3e56" executionId="ceb2fe49-de11-44fa-83bd-c298d2f9d114" testListId="8c84fa94-04c1-424b-9868-57a2d4851a1d" />
    <TestEntry testId="f03417c3-eb2e-18cd-8003-c8d213c40e6f" executionId="03ce3cce-74a5-479a-9c87-5362e677e609" testListId="8c84fa94-04c1-424b-9868-57a2d4851a1d" />
    <TestEntry testId="47a53b29-7b9e-c9bf-9646-9c0d3127b256" executionId="579bb505-a34d-4d81-8c53-af2b330a2294" testListId="8c84fa94-04c1-424b-9868-57a2d4851a1d" />
    <TestEntry testId="5d644acb-4f60-31db-754d-a101236e8d7f" executionId="95fdd5ba-e4f6-41bf-a2cd-a671995ee2f0" testListId="8c84fa94-04c1-424b-9868-57a2d4851a1d" />
    <TestEntry testId="0272379c-7daf-7bd0-3571-0deb6243dd64" executionId="838613b1-65c7-4aba-b61c-6481ad99909f" testListId="8c84fa94-04c1-424b-9868-57a2d4851a1d" />
    <TestEntry testId="6683524a-bfa3-259f-b1e9-51fd36596515" executionId="7c72b4a1-112d-4c4e-9c2e-c781b0df466e" testListId="8c84fa94-04c1-424b-9868-57a2d4851a1d" />
    <TestEntry testId="dd6afc15-10c5-b303-c76e-273eabfa3bb0" executionId="f9675e84-fe06-4afe-8465-f2fc2ada03c8" testListId="8c84fa94-04c1-424b-9868-57a2d4851a1d" />
    <TestEntry testId="125978d4-3525-643c-7140-287b2e679bf8" executionId="56866a3c-dfd9-4605-ad70-3edb5f3bec43" testListId="8c84fa94-04c1-424b-9868-57a2d4851a1d" />
    <TestEntry testId="2f42b505-6aa5-6b6d-cf22-1b3f07c2fb30" executionId="12e3f8ef-4364-4a20-ad4c-2e23ed17aac0" testListId="8c84fa94-04c1-424b-9868-57a2d4851a1d" />
    <TestEntry testId="7b925fbb-7ac1-1fe4-4372-38c14ecc5242" executionId="0c17060e-ac4f-41fd-96c6-179cb11f03af" testListId="8c84fa94-04c1-424b-9868-57a2d4851a1d" />
    <TestEntry testId="b5dc0383-8c05-4dbd-34fe-ae824b1d19f6" executionId="dd8c973d-c698-493d-9d64-331c527c7018" testListId="8c84fa94-04c1-424b-9868-57a2d4851a1d" />
    <TestEntry testId="42e108f3-1735-015e-fab8-d9a77a62ea31" executionId="46a7cd76-6a69-491d-8620-da5cacbdd5a9" testListId="8c84fa94-04c1-424b-9868-57a2d4851a1d" />
    <TestEntry testId="4eb0c9c9-741e-7fa6-9c80-5eed459fb9fe" executionId="65110cc6-a55e-4922-99d1-68ed810c15a8" testListId="8c84fa94-04c1-424b-9868-57a2d4851a1d" />
    <TestEntry testId="426fd024-0e4c-9e4a-2e43-44c5266f80d0" executionId="ea07f9c3-4bca-426c-9f0f-36caab5d22ef" testListId="8c84fa94-04c1-424b-9868-57a2d4851a1d" />
    <TestEntry testId="a68618ea-e0dc-05b4-e76f-a11a2f3f297e" executionId="6cded0af-9d96-4653-995e-434e2155dd0a" testListId="8c84fa94-04c1-424b-9868-57a2d4851a1d" />
    <TestEntry testId="5d87446d-b17e-e82f-a4a3-ee27c1dfacd1" executionId="65cd76ce-c5a6-47ff-b1dc-57919cdb1e4d" testListId="8c84fa94-04c1-424b-9868-57a2d4851a1d" />
    <TestEntry testId="3dddadb3-73e5-0530-cc2f-efb35c37fd4b" executionId="dd72843c-f87f-48e7-bd66-5b008a36854f" testListId="8c84fa94-04c1-424b-9868-57a2d4851a1d" />
    <TestEntry testId="a7db9ed1-0e9f-4bd0-ac0b-3b36ddafd16e" executionId="b123aded-0a59-4005-aeaa-6c3953976da3" testListId="8c84fa94-04c1-424b-9868-57a2d4851a1d" />
    <TestEntry testId="a161a748-55e5-1a5b-e899-d06d498d802c" executionId="a9af964f-b94b-402f-8c47-6de4c87e67c8" testListId="8c84fa94-04c1-424b-9868-57a2d4851a1d" />
    <TestEntry testId="c812ed1c-00bd-8faa-1362-480338c7edf0" executionId="c9132aa4-93b5-4278-9ccc-f4ea357423ca" testListId="8c84fa94-04c1-424b-9868-57a2d4851a1d" />
    <TestEntry testId="45a1237f-8398-1e96-4a23-b6a235238101" executionId="7a8ab993-d722-4fcf-b485-b0721094dd4a" testListId="8c84fa94-04c1-424b-9868-57a2d4851a1d" />
    <TestEntry testId="96f1c2c4-5dc5-dea5-6196-eb11056b2deb" executionId="1c7d6ebd-3b7c-4844-a672-ac299505f8cd" testListId="8c84fa94-04c1-424b-9868-57a2d4851a1d" />
    <TestEntry testId="3ccfced6-2d87-0092-817f-624478d6bd44" executionId="fdb899f0-00e2-40c9-a898-bcb708e0181f" testListId="8c84fa94-04c1-424b-9868-57a2d4851a1d" />
    <TestEntry testId="1efc39b0-1d4c-64ee-c593-37f0c14e8022" executionId="5906daaa-46f9-45e9-89be-334f861aa786" testListId="8c84fa94-04c1-424b-9868-57a2d4851a1d" />
    <TestEntry testId="211e44a5-7069-3390-6f71-9a0cc710f40e" executionId="dd395069-ee91-4211-a823-aeeaaac8b188" testListId="8c84fa94-04c1-424b-9868-57a2d4851a1d" />
    <TestEntry testId="42175a1a-5ae8-6563-c4c4-676e585caed0" executionId="5a5f171b-ef3a-4be1-aa92-3f8cee585847" testListId="8c84fa94-04c1-424b-9868-57a2d4851a1d" />
    <TestEntry testId="07fa49d4-c8b1-adf8-33e0-cc2b0fe4e432" executionId="22fc2103-5571-4205-9b86-8a57e8e5e842" testListId="8c84fa94-04c1-424b-9868-57a2d4851a1d" />
    <TestEntry testId="12453e35-9e6c-1895-86bb-d53b925cb8c9" executionId="6e6c0b7b-b66f-4256-bbb6-1f5719cebf5c" testListId="8c84fa94-04c1-424b-9868-57a2d4851a1d" />
    <TestEntry testId="9fc73790-9fce-7434-a93e-864e387eae18" executionId="4a1d1e45-5c3b-481a-a0a9-ebf3f4396238" testListId="8c84fa94-04c1-424b-9868-57a2d4851a1d" />
    <TestEntry testId="4686721b-2da0-2073-d103-e6130d171947" executionId="60a18c05-301c-4a05-8ae0-9323e80a2dfb" testListId="8c84fa94-04c1-424b-9868-57a2d4851a1d" />
    <TestEntry testId="6a6ed04d-7bec-096f-c4cc-c8e9813f02b3" executionId="d549e85f-7139-40fb-bb1c-0d1f9b380630" testListId="8c84fa94-04c1-424b-9868-57a2d4851a1d" />
    <TestEntry testId="3fce05ef-b530-f8da-eaa9-a5674fdfcd79" executionId="4d138818-7797-4472-870a-30b9c0782dd1" testListId="8c84fa94-04c1-424b-9868-57a2d4851a1d" />
    <TestEntry testId="61459c18-d69a-002e-99fd-4c0194ecc49d" executionId="52e8f67b-5a80-4664-836c-ad1ff0c22d3e" testListId="8c84fa94-04c1-424b-9868-57a2d4851a1d" />
    <TestEntry testId="78b38ad0-3cef-09ee-1bf9-763896c87118" executionId="6bb5341c-391a-469c-9674-570547505591" testListId="8c84fa94-04c1-424b-9868-57a2d4851a1d" />
    <TestEntry testId="b739f5d0-5237-1a79-e681-644aeb76938a" executionId="2af8951f-375a-48c8-8a7f-728ae6f1df73" testListId="8c84fa94-04c1-424b-9868-57a2d4851a1d" />
    <TestEntry testId="f08cfdea-d0f9-0ea6-0706-b620f15a9fb4" executionId="e8d86721-2714-4cec-afaf-a78092e2a439" testListId="8c84fa94-04c1-424b-9868-57a2d4851a1d" />
    <TestEntry testId="e251df90-29be-3bce-586f-107c221e43b7" executionId="779ec522-fbd3-4145-960b-700b39d4e98d" testListId="8c84fa94-04c1-424b-9868-57a2d4851a1d" />
    <TestEntry testId="cd0e928a-8fb2-a8c8-3e57-58d7e6ebe361" executionId="70bb04de-26b4-4388-8bc1-37053fa4171d" testListId="8c84fa94-04c1-424b-9868-57a2d4851a1d" />
    <TestEntry testId="8ae8a56f-860e-70a2-1edd-b4adad04ade1" executionId="2adf36f8-6f7f-49e3-9966-29c11f281271" testListId="8c84fa94-04c1-424b-9868-57a2d4851a1d" />
    <TestEntry testId="480bc1d4-3034-9948-bf19-a924b6ce5c64" executionId="f334fd10-5639-444b-ab4c-0b2bd3b11dab" testListId="8c84fa94-04c1-424b-9868-57a2d4851a1d" />
    <TestEntry testId="eccd7b47-7a8f-ac65-26ef-40b4723d9415" executionId="4e8bf05c-6ed7-4942-b68f-b10ccf01e601" testListId="8c84fa94-04c1-424b-9868-57a2d4851a1d" />
    <TestEntry testId="6f2af74d-bdba-e05e-77aa-b08f726c1ddf" executionId="84fece0a-6cbc-4691-8648-ff32ec6bff52" testListId="8c84fa94-04c1-424b-9868-57a2d4851a1d" />
    <TestEntry testId="86824227-709e-d695-09b7-8d9000453067" executionId="f285b074-c9ee-4bbf-a664-82ea329d0e1f" testListId="8c84fa94-04c1-424b-9868-57a2d4851a1d" />
    <TestEntry testId="01799474-13c9-ef07-91a0-a707eadf879a" executionId="88e9f1bf-f956-44a7-a941-2e4bbbb1a554" testListId="8c84fa94-04c1-424b-9868-57a2d4851a1d" />
    <TestEntry testId="e5f2cf6d-a0ae-d38c-0dc9-b08cf977bee2" executionId="369438ed-4c83-413d-9dfb-284467b68e8e" testListId="8c84fa94-04c1-424b-9868-57a2d4851a1d" />
    <TestEntry testId="9cbeee60-77f5-68fc-bc08-e8da5217124f" executionId="7a094b92-dc42-48b1-9a09-3438e60ef736" testListId="8c84fa94-04c1-424b-9868-57a2d4851a1d" />
    <TestEntry testId="b00ecc30-ada6-8010-f3a3-4abf75838207" executionId="cf7dd3b5-cc57-4897-9f5f-8cc1736bf300" testListId="8c84fa94-04c1-424b-9868-57a2d4851a1d" />
    <TestEntry testId="76e3efce-d93e-9a75-4b2c-e3e683f528b6" executionId="a18ca8f8-0f61-408e-ba2b-aaf625ad5268" testListId="8c84fa94-04c1-424b-9868-57a2d4851a1d" />
    <TestEntry testId="61262ea9-2fff-4876-558f-09adf2a65523" executionId="a9063d01-f218-472d-a97c-de44738d2c9d" testListId="8c84fa94-04c1-424b-9868-57a2d4851a1d" />
    <TestEntry testId="1785bf0a-686c-ffbf-697b-cc5c423923de" executionId="942739fb-6132-4da6-9e2a-6f5bda214ebf" testListId="8c84fa94-04c1-424b-9868-57a2d4851a1d" />
    <TestEntry testId="397c15b6-197a-94bc-9677-ba909165fd0f" executionId="f6c74424-343c-4a7b-8fbc-44346c3835c7" testListId="8c84fa94-04c1-424b-9868-57a2d4851a1d" />
    <TestEntry testId="6989720a-7a6f-0085-ef6c-85a36e964ee3" executionId="0638c9e1-61ea-4985-b794-72100e72a4ca" testListId="8c84fa94-04c1-424b-9868-57a2d4851a1d" />
    <TestEntry testId="bc934390-fccd-2d5c-15be-99650a75c9f5" executionId="68e2ae1b-293c-40f1-8a2d-14de2f59396e" testListId="8c84fa94-04c1-424b-9868-57a2d4851a1d" />
    <TestEntry testId="a64f7a70-ec8c-8ab6-7e45-ca9fa7e2c2a4" executionId="2cae2bfb-0cc6-4fc1-af88-30147149faab" testListId="8c84fa94-04c1-424b-9868-57a2d4851a1d" />
    <TestEntry testId="be18d4c4-d343-ec1d-bb22-8e6779b47149" executionId="b5ba2923-0c3c-412a-8571-d040ec78022a" testListId="8c84fa94-04c1-424b-9868-57a2d4851a1d" />
    <TestEntry testId="ec482b93-0422-0e34-9bc4-8b3983a84f1b" executionId="3422f41e-1b11-4e32-840c-772c94c4348f" testListId="8c84fa94-04c1-424b-9868-57a2d4851a1d" />
    <TestEntry testId="3b964bff-d25f-d812-9955-0682bf213291" executionId="2b7e1b96-7d98-41a9-b260-8e818274a02c" testListId="8c84fa94-04c1-424b-9868-57a2d4851a1d" />
    <TestEntry testId="179839b6-b471-f653-0f2c-79b9d0414c3f" executionId="7cd0d719-1871-4825-8b0d-58a19d162b2e" testListId="8c84fa94-04c1-424b-9868-57a2d4851a1d" />
    <TestEntry testId="8315ca7a-a894-4faa-3758-d8c41ad7cc82" executionId="9b22d731-f293-4459-a7cb-2ec4f7349538" testListId="8c84fa94-04c1-424b-9868-57a2d4851a1d" />
    <TestEntry testId="7aa7a744-f3f3-dbab-b444-2d9793ae0544" executionId="1a9932b7-3446-4915-9937-685568df1190" testListId="8c84fa94-04c1-424b-9868-57a2d4851a1d" />
    <TestEntry testId="58117c79-f111-10a9-cd35-e84774ffbcda" executionId="77afaae9-e438-4420-afef-1df8d2bc591a" testListId="8c84fa94-04c1-424b-9868-57a2d4851a1d" />
    <TestEntry testId="bfe0ceb7-58a0-23f3-be81-2bfb090a4c1b" executionId="acd6d58f-99ad-4d75-b9f4-cecd9bfe6559" testListId="8c84fa94-04c1-424b-9868-57a2d4851a1d" />
    <TestEntry testId="63299308-d7dd-b56e-acf5-b1b102f32d4f" executionId="506e55be-f214-4640-9dec-824fde9c50aa" testListId="8c84fa94-04c1-424b-9868-57a2d4851a1d" />
    <TestEntry testId="fcc01d6e-2b82-f145-070c-31467e83d08e" executionId="5cd9358d-a156-458f-9da6-935cbb4118a6" testListId="8c84fa94-04c1-424b-9868-57a2d4851a1d" />
    <TestEntry testId="77c15838-368f-705c-d0c8-46e47de3c659" executionId="23a6280f-d149-4d85-878b-054ee67a57bf" testListId="8c84fa94-04c1-424b-9868-57a2d4851a1d" />
    <TestEntry testId="bf5b2f00-facc-927a-e231-7629bc663203" executionId="6eb7e4b9-ce2b-4cb9-af78-f06021fc370c" testListId="8c84fa94-04c1-424b-9868-57a2d4851a1d" />
    <TestEntry testId="ad28a529-3946-ad0b-47a4-a29f47a70b12" executionId="4aa640c3-3383-4d23-ac0f-e85915c341c2" testListId="8c84fa94-04c1-424b-9868-57a2d4851a1d" />
    <TestEntry testId="3c77e52b-5dd8-dbae-4bf5-a2756b09e775" executionId="df065166-d733-468a-9d12-575bf3350eab" testListId="8c84fa94-04c1-424b-9868-57a2d4851a1d" />
    <TestEntry testId="a8162811-15bd-d3de-ec39-97d82066ae3d" executionId="4d6d47ab-9bc8-407c-aeb3-8c8046ed1e9c" testListId="8c84fa94-04c1-424b-9868-57a2d4851a1d" />
    <TestEntry testId="6892fbdf-0dab-889b-326a-7904d2b9e728" executionId="8b14ae3e-75b0-4754-914c-29a5ef07a8ae" testListId="8c84fa94-04c1-424b-9868-57a2d4851a1d" />
    <TestEntry testId="6a5b7ab3-aa94-4efe-2c3f-1fc918bed002" executionId="1480de17-a8cc-491d-90eb-a01b8acb9885" testListId="8c84fa94-04c1-424b-9868-57a2d4851a1d" />
    <TestEntry testId="0bfd2093-cd64-a47e-137d-af6fe3953323" executionId="d991ab67-bee2-4cff-8902-750c1a962d21" testListId="8c84fa94-04c1-424b-9868-57a2d4851a1d" />
    <TestEntry testId="275ba7bf-a42d-bd91-1c80-5f751e891033" executionId="e4293ce1-90dc-4efb-8b61-3ed78f38636f" testListId="8c84fa94-04c1-424b-9868-57a2d4851a1d" />
    <TestEntry testId="4f7bde70-3b99-d47c-8245-4d79a123baa7" executionId="75e2a88e-6686-4cbe-8808-b04d75647a74" testListId="8c84fa94-04c1-424b-9868-57a2d4851a1d" />
    <TestEntry testId="b95a0169-81da-1ad7-baaf-9682207c1cd6" executionId="7e1bfda6-2ddb-4c0c-9f2d-ccb24258777a" testListId="8c84fa94-04c1-424b-9868-57a2d4851a1d" />
    <TestEntry testId="d2780117-34b2-66e8-9cc3-23cf0c600a02" executionId="9596ddf8-f11d-437f-8390-3b7a81591266" testListId="8c84fa94-04c1-424b-9868-57a2d4851a1d" />
    <TestEntry testId="c2275de9-9fb7-2d15-4e82-ae68930b46f3" executionId="1f5d12e3-ac80-4397-9e1f-9825404f6365" testListId="8c84fa94-04c1-424b-9868-57a2d4851a1d" />
    <TestEntry testId="0fd399d2-70b7-1bf0-1292-5d37ff538834" executionId="de8f8897-5870-41ba-ac1b-5760ba0afd1e" testListId="8c84fa94-04c1-424b-9868-57a2d4851a1d" />
    <TestEntry testId="3508e587-4daf-8c1d-4c00-cda8ea38b43b" executionId="f72f763c-4dbb-4c89-bc49-f3d396d06308" testListId="8c84fa94-04c1-424b-9868-57a2d4851a1d" />
    <TestEntry testId="5efa66e3-2c27-3f3b-d94f-51396a42e8dd" executionId="ac6df942-9c18-4c95-9448-21abe87e1c14" testListId="8c84fa94-04c1-424b-9868-57a2d4851a1d" />
    <TestEntry testId="8b5da03f-9577-2062-8111-d2b15e5a740d" executionId="99b0e491-c5af-4e83-8d8c-f6a616432407" testListId="8c84fa94-04c1-424b-9868-57a2d4851a1d" />
    <TestEntry testId="c3a53dbd-9899-8fac-d500-c2b7239c74d4" executionId="92458d6e-a895-4b24-9dfe-7d99aeba8574" testListId="8c84fa94-04c1-424b-9868-57a2d4851a1d" />
    <TestEntry testId="7df2cba4-4ec8-04f9-d40a-3cd90e07b839" executionId="bd8df145-ac76-41d2-8ac7-a09c11e03f80" testListId="8c84fa94-04c1-424b-9868-57a2d4851a1d" />
    <TestEntry testId="ae12437f-7020-f7d7-46c0-7bcbf7d4412c" executionId="04f9e186-256a-444f-92b8-98f520afd83d" testListId="8c84fa94-04c1-424b-9868-57a2d4851a1d" />
    <TestEntry testId="e22757cf-80d8-f279-1c8a-feb5a05eb919" executionId="afc87c8f-36c7-4a05-963c-3b3ef70755aa" testListId="8c84fa94-04c1-424b-9868-57a2d4851a1d" />
    <TestEntry testId="5af855bd-1073-0abf-ad45-fc121c142707" executionId="aaa5580d-1303-4c55-a3c0-986bae034a60" testListId="8c84fa94-04c1-424b-9868-57a2d4851a1d" />
    <TestEntry testId="1fc86256-4383-79f5-2623-3a4a27ec4fd7" executionId="84a44458-b87c-4acb-8a64-3746773ed64c" testListId="8c84fa94-04c1-424b-9868-57a2d4851a1d" />
    <TestEntry testId="330836c9-cc9b-a4b7-a20d-ba9093f6b879" executionId="f0b76bfa-ba1e-4e0f-bb25-1d633079b199" testListId="8c84fa94-04c1-424b-9868-57a2d4851a1d" />
    <TestEntry testId="7e72f854-d326-decd-1986-82fb5fe24c7b" executionId="84737be7-9e10-4c0f-8515-c84536a9d10a" testListId="8c84fa94-04c1-424b-9868-57a2d4851a1d" />
    <TestEntry testId="ee6b4773-1394-989c-cdb7-f8b064821acb" executionId="afb680b3-1959-47a7-bc49-0cdc6f30ebac" testListId="8c84fa94-04c1-424b-9868-57a2d4851a1d" />
    <TestEntry testId="1236ba87-a4f6-ba2a-15ac-ff768f66c54a" executionId="d9330e68-6fac-4bee-b207-5a6f982ab0ae" testListId="8c84fa94-04c1-424b-9868-57a2d4851a1d" />
    <TestEntry testId="5367f539-e3b0-cebf-09dd-956f309e7c6e" executionId="3e6d0241-01e2-4ef2-9608-31c9a5807589" testListId="8c84fa94-04c1-424b-9868-57a2d4851a1d" />
    <TestEntry testId="16f60887-7ce9-1170-b4ee-a149304874ee" executionId="b612f435-a371-4171-a909-69ae18dacb62" testListId="8c84fa94-04c1-424b-9868-57a2d4851a1d" />
    <TestEntry testId="fcd4df18-362b-5413-023a-c55cb23032da" executionId="61fe057f-c4c8-4d52-874b-12e3236a72b4" testListId="8c84fa94-04c1-424b-9868-57a2d4851a1d" />
    <TestEntry testId="1eda914f-da94-406c-7d55-9addceb31e52" executionId="d4d8e583-925d-49af-89db-60aa7c6a6c5a" testListId="8c84fa94-04c1-424b-9868-57a2d4851a1d" />
    <TestEntry testId="4d5586b3-8531-2268-4fb4-39aa8e9235b0" executionId="a315a015-71fa-4104-a387-406f8355e35b" testListId="8c84fa94-04c1-424b-9868-57a2d4851a1d" />
    <TestEntry testId="805392f0-f3e7-2021-caac-8cfa4d85f84a" executionId="4079a757-7057-4ca0-a730-32cb2cfdf373" testListId="8c84fa94-04c1-424b-9868-57a2d4851a1d" />
    <TestEntry testId="9d5ada2d-839e-c544-1fa6-276837fd72f2" executionId="c842ed45-5afa-43f0-8610-031864e089d7" testListId="8c84fa94-04c1-424b-9868-57a2d4851a1d" />
    <TestEntry testId="cfc09053-dd65-09af-3398-2d1e903d515a" executionId="6e17fe27-763a-4327-9234-2d1d80659fd3" testListId="8c84fa94-04c1-424b-9868-57a2d4851a1d" />
    <TestEntry testId="9693c595-8da3-c963-0be7-6c2fb9b59c4d" executionId="1f919382-a053-4805-afbc-9d22bd953f4c" testListId="8c84fa94-04c1-424b-9868-57a2d4851a1d" />
    <TestEntry testId="a3ca636d-2e93-d6ba-5db9-ec0b0b5cb970" executionId="0c345dd8-8f3d-4f77-a7cc-38eb75af8e73" testListId="8c84fa94-04c1-424b-9868-57a2d4851a1d" />
    <TestEntry testId="621f06a6-b00f-95ed-fccd-336bd41780d8" executionId="86fabf62-e39f-4d44-a3ea-042eeb30b314" testListId="8c84fa94-04c1-424b-9868-57a2d4851a1d" />
    <TestEntry testId="d53b731a-f1cc-f58f-ac8f-3fdcdc3a367b" executionId="8d27420f-73b0-4a67-941d-ccdeab51d94b" testListId="8c84fa94-04c1-424b-9868-57a2d4851a1d" />
    <TestEntry testId="93692a07-3a10-4489-765e-ef79d18cf4d4" executionId="f911e86e-d09d-43f7-b287-dd9a3972469d" testListId="8c84fa94-04c1-424b-9868-57a2d4851a1d" />
    <TestEntry testId="f2325bdc-388f-3bfc-d37a-f2048ec03dc5" executionId="72c2f566-34b1-4a32-98fc-cb82c9967b3e" testListId="8c84fa94-04c1-424b-9868-57a2d4851a1d" />
    <TestEntry testId="acd28437-0e13-f5d1-fe2d-ceccbcc0b0d8" executionId="b0183e53-2bf6-42e1-a9a0-e1903adb866f" testListId="8c84fa94-04c1-424b-9868-57a2d4851a1d" />
    <TestEntry testId="47c1b6ab-8c0a-fc63-f12d-64e40883c80a" executionId="027b16c6-d644-4381-8c5a-fcbed7bf386d" testListId="8c84fa94-04c1-424b-9868-57a2d4851a1d" />
    <TestEntry testId="146d8b26-0f20-3176-153a-32e5f137191a" executionId="4816c268-0e93-4cb9-a735-8ca665f69647" testListId="8c84fa94-04c1-424b-9868-57a2d4851a1d" />
    <TestEntry testId="a83a69b8-4523-62af-550e-9c72857a22cc" executionId="fe913338-2a25-4c16-b143-0f7f64e2b133" testListId="8c84fa94-04c1-424b-9868-57a2d4851a1d" />
    <TestEntry testId="aa00ee56-82a4-f12d-65e7-778cc997807f" executionId="bf6153ae-1abb-405d-b165-8e29ed94b2d5" testListId="8c84fa94-04c1-424b-9868-57a2d4851a1d" />
    <TestEntry testId="6ec6fd22-7feb-d279-20aa-2b6bde4591a6" executionId="0496bbb5-f365-4a61-9794-aeb93a9af18a" testListId="8c84fa94-04c1-424b-9868-57a2d4851a1d" />
    <TestEntry testId="3f059c6a-7cda-fa81-0b37-29c0a5c4596b" executionId="62c19cb2-e204-43f8-9107-8d724d2e9a8e" testListId="8c84fa94-04c1-424b-9868-57a2d4851a1d" />
    <TestEntry testId="b9c508f0-a796-6104-1910-9ed8e83d2d6a" executionId="563b2f86-32ae-4d38-88a3-24c350f9d86b" testListId="8c84fa94-04c1-424b-9868-57a2d4851a1d" />
    <TestEntry testId="f433ef44-22f0-31c9-303b-7dece7f9527e" executionId="b4d3a22f-29d2-44cc-8b14-f4e2ce51b760" testListId="8c84fa94-04c1-424b-9868-57a2d4851a1d" />
    <TestEntry testId="79018515-d745-dd30-fc15-5ab9418fb22e" executionId="a127749e-fbba-44b5-9f83-bef11752320e" testListId="8c84fa94-04c1-424b-9868-57a2d4851a1d" />
    <TestEntry testId="31c80297-0b11-c824-d2b2-d7f2c10e7839" executionId="7bfebf4f-0bab-401e-8910-a70295f07579" testListId="8c84fa94-04c1-424b-9868-57a2d4851a1d" />
    <TestEntry testId="eefc51b9-5382-2aee-c4ce-08acd9cc49de" executionId="bc874008-c32d-4b5a-a9fe-bd9ab2c174ef" testListId="8c84fa94-04c1-424b-9868-57a2d4851a1d" />
    <TestEntry testId="78d59ed4-95ad-480d-6b34-b1db04166f61" executionId="261802a3-6f24-42e2-8334-c726040dde6e" testListId="8c84fa94-04c1-424b-9868-57a2d4851a1d" />
    <TestEntry testId="007025e6-ced6-33f5-d735-a3864e2b7add" executionId="9d4bdcb9-11ca-493b-8773-d240c5cfe183" testListId="8c84fa94-04c1-424b-9868-57a2d4851a1d" />
    <TestEntry testId="c4d26256-1744-c2d0-2a14-fe21640d4fe1" executionId="a8893249-019e-48dd-9a75-bd40429b2469" testListId="8c84fa94-04c1-424b-9868-57a2d4851a1d" />
    <TestEntry testId="d024cbbc-cd6e-1273-02ea-1e58d1fbe142" executionId="3038748c-ab2d-4917-87c6-f5751c171464" testListId="8c84fa94-04c1-424b-9868-57a2d4851a1d" />
    <TestEntry testId="c2c45a93-efa1-bb0e-351a-c58499dc22c7" executionId="a2f99068-f1ef-415c-9e43-e34982cf1d21" testListId="8c84fa94-04c1-424b-9868-57a2d4851a1d" />
    <TestEntry testId="64385f08-1561-0f65-f649-9eea3016a34f" executionId="bac6ef46-8598-4988-82f9-cc7c70a7fd10" testListId="8c84fa94-04c1-424b-9868-57a2d4851a1d" />
    <TestEntry testId="60908717-d1cb-9971-94f7-facca727b89c" executionId="04d091ec-6fb3-41c8-a669-b6dde849fb0c" testListId="8c84fa94-04c1-424b-9868-57a2d4851a1d" />
    <TestEntry testId="d05873bf-41ef-0bcf-a99f-bd7e3fdc9082" executionId="9cab87dd-1241-4a13-8466-fce0a2ccbae8" testListId="8c84fa94-04c1-424b-9868-57a2d4851a1d" />
    <TestEntry testId="3a8ca70f-603d-9529-0058-2e57757ce284" executionId="4f11b0a6-65bf-437c-a21a-f5be88d14582" testListId="8c84fa94-04c1-424b-9868-57a2d4851a1d" />
    <TestEntry testId="f500837b-0f36-671a-c44b-b00267ce6d42" executionId="92a8aece-07ee-41ba-97f7-d086b06eb458" testListId="8c84fa94-04c1-424b-9868-57a2d4851a1d" />
    <TestEntry testId="b79783b6-52a2-ffc5-2a1d-6b3307f25451" executionId="c8a75f97-10bb-49c7-8854-8b2ba84b71e1" testListId="8c84fa94-04c1-424b-9868-57a2d4851a1d" />
    <TestEntry testId="68a6ea98-ca7c-4d82-e5af-14d114a1f9a4" executionId="8b359ec3-52c8-48b1-bb34-26433b911861" testListId="8c84fa94-04c1-424b-9868-57a2d4851a1d" />
    <TestEntry testId="d218b1ec-f943-b4b5-4c70-d50ae6005d5d" executionId="1f420e8a-a45e-4bfc-b940-156877be6a7f" testListId="8c84fa94-04c1-424b-9868-57a2d4851a1d" />
    <TestEntry testId="e9e566d8-8c2f-a5c9-6e03-2549ae458328" executionId="71c9cbd5-8400-416e-8140-2abb4641fcc0" testListId="8c84fa94-04c1-424b-9868-57a2d4851a1d" />
    <TestEntry testId="e7a87b1a-469f-3c38-ddd6-29b9b9cbec00" executionId="6f43b090-0106-4a77-9674-a345a621234d" testListId="8c84fa94-04c1-424b-9868-57a2d4851a1d" />
    <TestEntry testId="be95620e-7d9c-a81d-b372-a97d28330950" executionId="d341ad36-f4f8-4563-8ba1-b75563b37c48" testListId="8c84fa94-04c1-424b-9868-57a2d4851a1d" />
    <TestEntry testId="23408848-110d-2bfe-6354-e8de8927ac23" executionId="8e2faafa-6463-49ca-ae15-b26fde853877" testListId="8c84fa94-04c1-424b-9868-57a2d4851a1d" />
    <TestEntry testId="ad88d97c-caee-1d9c-2151-7b83477290c3" executionId="8a2eea32-7e32-42c3-9c78-4def07d79558" testListId="8c84fa94-04c1-424b-9868-57a2d4851a1d" />
    <TestEntry testId="4bb55630-8b3a-5b1a-80b5-da8fceb36d41" executionId="95c5c037-eabb-41f2-99f2-2a69d2bd46a9" testListId="8c84fa94-04c1-424b-9868-57a2d4851a1d" />
    <TestEntry testId="c82ad357-66af-6f7d-49fa-5184f10411f5" executionId="14174978-442f-483d-887e-3aa1e034d9b0" testListId="8c84fa94-04c1-424b-9868-57a2d4851a1d" />
    <TestEntry testId="cad83f52-1e7f-4b34-02e2-b7d439893234" executionId="62a6fe87-40d9-4784-b907-a6dd9524158d" testListId="8c84fa94-04c1-424b-9868-57a2d4851a1d" />
    <TestEntry testId="1ce6e954-84ed-5a50-7c66-ce4fb6384d66" executionId="cd9947c6-d451-4ce3-a7ac-202c97f008be" testListId="8c84fa94-04c1-424b-9868-57a2d4851a1d" />
    <TestEntry testId="e93f2b21-5e31-59e0-249b-2d22eb67c653" executionId="fef8ccb4-2000-404d-a3f8-b666f7b51193" testListId="8c84fa94-04c1-424b-9868-57a2d4851a1d" />
    <TestEntry testId="736d2983-eeff-1045-0cd2-2e53a996df06" executionId="a69782f5-c82d-49fb-ada0-46a20026f0c8" testListId="8c84fa94-04c1-424b-9868-57a2d4851a1d" />
    <TestEntry testId="e5e5bf4a-3b6a-9b6c-ebe0-9c044c226109" executionId="3d6177aa-1a17-4598-95f8-6d33ece94aa8" testListId="8c84fa94-04c1-424b-9868-57a2d4851a1d" />
    <TestEntry testId="b41e6145-298a-b0e7-b1a2-57aee45877f3" executionId="5dfb452d-ca72-4b63-a1a1-49d67c576494" testListId="8c84fa94-04c1-424b-9868-57a2d4851a1d" />
    <TestEntry testId="bb812b16-0590-e601-98e0-332d7569575a" executionId="203bafcf-878b-405d-9c51-a5a1aad6c564" testListId="8c84fa94-04c1-424b-9868-57a2d4851a1d" />
    <TestEntry testId="0f40bc61-c58f-06fd-9a7b-e081d001f46f" executionId="d189b7a5-5a60-4e49-9ce0-da797ef7fe08" testListId="8c84fa94-04c1-424b-9868-57a2d4851a1d" />
    <TestEntry testId="97f2dd08-7fc8-05d2-39e7-d6eb768666a9" executionId="38f9367e-c58f-497b-ae57-4484b433b1e0" testListId="8c84fa94-04c1-424b-9868-57a2d4851a1d" />
    <TestEntry testId="c0fdb5a9-d6d3-7bbe-3d81-a946d84b5551" executionId="c11670da-aaf8-4138-8087-7595d0ce8bb2" testListId="8c84fa94-04c1-424b-9868-57a2d4851a1d" />
    <TestEntry testId="88aa33f2-80ef-ffeb-281e-b6e341b95ce9" executionId="d8e1f190-3786-4b6e-9eae-8d0d627e26f8" testListId="8c84fa94-04c1-424b-9868-57a2d4851a1d" />
    <TestEntry testId="20caf036-4742-9847-57a7-705349cf0bac" executionId="af987779-5696-45f1-9d0e-fdbf452db591" testListId="8c84fa94-04c1-424b-9868-57a2d4851a1d" />
    <TestEntry testId="c0e3819c-6768-c5ab-434e-1fcaec4aa6ec" executionId="471b7222-914f-4891-89ad-6f6ea43be61c" testListId="8c84fa94-04c1-424b-9868-57a2d4851a1d" />
    <TestEntry testId="48eac079-0542-ec87-ddd8-945c77d287cd" executionId="3debe3a9-4bd3-44b3-b776-e567361c3bab" testListId="8c84fa94-04c1-424b-9868-57a2d4851a1d" />
    <TestEntry testId="1ac2e93a-b365-1e96-2efb-b968ca2d75c7" executionId="f5277d3b-c86e-47cd-9302-db73d8f1eb82" testListId="8c84fa94-04c1-424b-9868-57a2d4851a1d" />
    <TestEntry testId="b147c839-1adf-f8ae-0b25-dc9dcffe119b" executionId="eb859400-a589-4ecc-8c8a-e7abb308ab60" testListId="8c84fa94-04c1-424b-9868-57a2d4851a1d" />
    <TestEntry testId="c9591e10-6b0d-3789-a42b-e1f4d40f2de0" executionId="7248e6d0-8c19-4e24-914d-d9bb78873822" testListId="8c84fa94-04c1-424b-9868-57a2d4851a1d" />
    <TestEntry testId="1d3f650d-9d95-7992-7547-1b0a5cf1f2ec" executionId="a3152f20-8e70-4325-a267-fb312effe306" testListId="8c84fa94-04c1-424b-9868-57a2d4851a1d" />
    <TestEntry testId="12eef7c4-a391-5bc7-ef04-b727ebe57366" executionId="d00afa5a-ba89-4a44-bb41-d6f8c6432120" testListId="8c84fa94-04c1-424b-9868-57a2d4851a1d" />
    <TestEntry testId="da6b7e5c-6d35-dc61-721a-7a973091e15b" executionId="9c0a2954-bd89-4869-9711-15caa7ac864a" testListId="8c84fa94-04c1-424b-9868-57a2d4851a1d" />
    <TestEntry testId="be3b82dd-8df9-5360-ff99-6eca540698eb" executionId="f9727205-c246-407b-850f-764c36c99252" testListId="8c84fa94-04c1-424b-9868-57a2d4851a1d" />
    <TestEntry testId="07de42b9-1d07-0430-7138-cc678292c007" executionId="d4c47c7e-0ca2-49c2-a422-d83eee168b05" testListId="8c84fa94-04c1-424b-9868-57a2d4851a1d" />
    <TestEntry testId="fdd1c789-d9b7-74e5-3e60-0cdd8a844a3b" executionId="5f834fcb-ddd4-4d56-a3e1-87abf4062d9d" testListId="8c84fa94-04c1-424b-9868-57a2d4851a1d" />
    <TestEntry testId="f278ce31-b96d-473d-9186-28e37d813604" executionId="ffa683da-fbc0-433f-a3f4-03a8fa753c77" testListId="8c84fa94-04c1-424b-9868-57a2d4851a1d" />
    <TestEntry testId="1cfe0934-bee5-966a-0fdd-441157183564" executionId="f2cecbe4-a8c5-4e0d-8901-3207ece4580c" testListId="8c84fa94-04c1-424b-9868-57a2d4851a1d" />
    <TestEntry testId="273b976a-4136-12a0-93d4-d31e724b1d9b" executionId="4622b760-6da4-4ff7-8cd2-b505e2717946" testListId="8c84fa94-04c1-424b-9868-57a2d4851a1d" />
    <TestEntry testId="a32877bc-9b7f-e906-c5f0-bd91b67c99a7" executionId="3ce528c6-5515-4fcd-8eb7-1233a7dae2a5" testListId="8c84fa94-04c1-424b-9868-57a2d4851a1d" />
    <TestEntry testId="040dd571-8bf0-b0e3-da88-082cc2b787fd" executionId="c339089f-ee82-4a11-a7c1-56e44f12f8a0" testListId="8c84fa94-04c1-424b-9868-57a2d4851a1d" />
    <TestEntry testId="cd7f7ed7-88a6-0fa2-919b-8f85deed3b1c" executionId="a2056b72-1641-42d0-960d-ff3e808fc3dd" testListId="8c84fa94-04c1-424b-9868-57a2d4851a1d" />
    <TestEntry testId="4404a430-3945-1236-ef3f-8139963efa61" executionId="a89d59bd-3356-444a-bbbd-9aea156713c1" testListId="8c84fa94-04c1-424b-9868-57a2d4851a1d" />
    <TestEntry testId="96ff7aa1-841c-ccfd-6ea5-bb02ee21f492" executionId="e103b1ec-918c-40ba-82e5-6d92c39cd1b4" testListId="8c84fa94-04c1-424b-9868-57a2d4851a1d" />
    <TestEntry testId="fa078946-dda0-6ffb-816c-44fe3d4e229d" executionId="dee2551c-4dc8-43b9-a572-af94477dbbef" testListId="8c84fa94-04c1-424b-9868-57a2d4851a1d" />
    <TestEntry testId="6b9c0e82-f9ec-9ff8-f609-e65978a74cf5" executionId="0646a90c-5711-4d9e-9a0c-d58675756e8d" testListId="8c84fa94-04c1-424b-9868-57a2d4851a1d" />
    <TestEntry testId="d42b4d4f-29a4-0113-b8d9-9d054172cf47" executionId="2fc1afef-b83c-411b-b9e4-c199254c8141" testListId="8c84fa94-04c1-424b-9868-57a2d4851a1d" />
    <TestEntry testId="ac1eb344-84dd-8e2f-e7fa-8afd6aaf6222" executionId="0b53b36a-4bd7-4226-8c4f-7a714ccc5527" testListId="8c84fa94-04c1-424b-9868-57a2d4851a1d" />
    <TestEntry testId="41e8bbd6-3770-3db6-c9ec-9f2dfc487593" executionId="f09f1769-007b-42db-b352-6f0af7e9609c" testListId="8c84fa94-04c1-424b-9868-57a2d4851a1d" />
    <TestEntry testId="40d07a9e-35f0-7d7b-e40e-ceb656623def" executionId="38010412-ac7a-430a-ab71-3d1bfb902405" testListId="8c84fa94-04c1-424b-9868-57a2d4851a1d" />
    <TestEntry testId="07d6b577-3d60-1f8f-d4b8-5715e136ec3a" executionId="ad537ade-0afe-4a07-89e1-bc60b4267db7" testListId="8c84fa94-04c1-424b-9868-57a2d4851a1d" />
    <TestEntry testId="9f48d199-bab5-a916-f5d8-2312d1097b95" executionId="1e7872d2-dd72-4dcf-ae68-9e7bd81a9b2d" testListId="8c84fa94-04c1-424b-9868-57a2d4851a1d" />
    <TestEntry testId="e887a600-cc5e-a49f-de88-d8d0409269e2" executionId="3018c8c9-75dd-4cc8-8220-859569192530" testListId="8c84fa94-04c1-424b-9868-57a2d4851a1d" />
    <TestEntry testId="ab8bb7fc-41b6-aa97-b7c5-389099b08870" executionId="502e9c31-e2d5-44de-a8ff-a4bba88f824c" testListId="8c84fa94-04c1-424b-9868-57a2d4851a1d" />
    <TestEntry testId="a0021c28-c68a-0206-6b10-c92f5347c415" executionId="7b3661f6-ef56-4170-838d-21414e103e8f" testListId="8c84fa94-04c1-424b-9868-57a2d4851a1d" />
    <TestEntry testId="2e209cdd-d799-eebb-86ee-eb1ff73e496f" executionId="91d61739-68b5-49e8-a991-cc10a37aadff" testListId="8c84fa94-04c1-424b-9868-57a2d4851a1d" />
    <TestEntry testId="3d82fc6e-5f69-e808-ca5d-cd01f3ee4891" executionId="261fbf2d-0edf-4076-8642-15fc45c8c929" testListId="8c84fa94-04c1-424b-9868-57a2d4851a1d" />
    <TestEntry testId="e997866d-eebf-79e1-ae85-52bd5aa489c9" executionId="12692e87-60ea-49d5-9eef-700c601bd51c" testListId="8c84fa94-04c1-424b-9868-57a2d4851a1d" />
    <TestEntry testId="f33839d1-0a95-c027-0a9d-468e94c3e8f8" executionId="12cc843c-723d-4620-aef6-f2b4572e996d" testListId="8c84fa94-04c1-424b-9868-57a2d4851a1d" />
    <TestEntry testId="d30c0506-60c3-3624-baf0-3cabb1483786" executionId="75173d49-c6ba-432d-8a0f-eaa2ac91fb65" testListId="8c84fa94-04c1-424b-9868-57a2d4851a1d" />
    <TestEntry testId="d1e0da8d-6305-778c-2487-62302266275e" executionId="b4d36d62-a849-491c-a2f4-c64844a92efa" testListId="8c84fa94-04c1-424b-9868-57a2d4851a1d" />
    <TestEntry testId="8b839df5-395a-2e9c-1956-4200a4a4d5cd" executionId="a1457467-9e07-4ba1-bb6e-c5d92570e838" testListId="8c84fa94-04c1-424b-9868-57a2d4851a1d" />
    <TestEntry testId="20ff39df-6b6f-8d20-2277-72d3fc9ee983" executionId="f20a5fb5-98a0-4886-9018-1ec1f08f74de" testListId="8c84fa94-04c1-424b-9868-57a2d4851a1d" />
    <TestEntry testId="dfccf221-5403-2188-5503-aa835e99c003" executionId="29f2bada-c764-4e8a-8f4a-d18b67304a71" testListId="8c84fa94-04c1-424b-9868-57a2d4851a1d" />
    <TestEntry testId="6c0d7995-8533-0e6b-e22a-6af26babe546" executionId="fffde581-c013-40b1-8cb6-176ea4e0694b" testListId="8c84fa94-04c1-424b-9868-57a2d4851a1d" />
    <TestEntry testId="fcaf83e0-32f7-634e-130d-abc796d2af06" executionId="d068b3e6-6305-4c5a-a491-c4463c551295" testListId="8c84fa94-04c1-424b-9868-57a2d4851a1d" />
    <TestEntry testId="59e10b82-f701-4ec1-bb24-9886531bdbb4" executionId="8a29e86a-3aff-45a5-8f98-dd89d33de9d0" testListId="8c84fa94-04c1-424b-9868-57a2d4851a1d" />
    <TestEntry testId="7c4b74fb-67e0-6834-21f2-2c0f78a66963" executionId="a930f2cf-754a-4375-89cf-0385b6759edd" testListId="8c84fa94-04c1-424b-9868-57a2d4851a1d" />
    <TestEntry testId="2339c643-1a37-d25a-2a23-49039f375c2c" executionId="b3ca5346-45fb-4206-b10d-2601043b4e86" testListId="8c84fa94-04c1-424b-9868-57a2d4851a1d" />
    <TestEntry testId="21519acc-d56e-4959-c4c3-f48c7006fe27" executionId="512a6ac3-8f83-4358-a99f-2cbe23b61c4a" testListId="8c84fa94-04c1-424b-9868-57a2d4851a1d" />
    <TestEntry testId="fbabebe5-f475-8769-2079-7693b5c62d8c" executionId="2df0894d-f552-4ddb-8c3d-27cec8cc1c2e" testListId="8c84fa94-04c1-424b-9868-57a2d4851a1d" />
    <TestEntry testId="90a2670f-70e3-342d-ffb1-12b2148b7041" executionId="67134a64-a006-4bd3-9f5c-3124bcf133d2" testListId="8c84fa94-04c1-424b-9868-57a2d4851a1d" />
    <TestEntry testId="7e3dbd79-3540-0180-3ab0-0107f747a8a4" executionId="8f2f37b0-d5ca-4786-b5c5-d91c91f0dde0" testListId="8c84fa94-04c1-424b-9868-57a2d4851a1d" />
    <TestEntry testId="9292478f-daf1-afe9-9c29-f4faf9350c76" executionId="108bee0d-db45-4e8b-85e2-fc907fb4e5a9" testListId="8c84fa94-04c1-424b-9868-57a2d4851a1d" />
    <TestEntry testId="8323b4f2-e9f8-2e2a-6f22-cc6a18906d5b" executionId="c2c7ff43-8b62-4eaa-a234-5f6c073764bf" testListId="8c84fa94-04c1-424b-9868-57a2d4851a1d" />
    <TestEntry testId="67088a0d-c95d-ee41-8d3c-5924cd7e11e1" executionId="34d95eb3-9744-4124-be8e-8e29cd53bac1" testListId="8c84fa94-04c1-424b-9868-57a2d4851a1d" />
    <TestEntry testId="52df54ef-d786-de4c-66ba-453529b99c4f" executionId="3d93fadd-1d46-454f-8211-a56f3326d1e5" testListId="8c84fa94-04c1-424b-9868-57a2d4851a1d" />
    <TestEntry testId="e10db072-c885-f638-cbd6-f0cb1d9146d0" executionId="40fdc4da-f34d-4e54-b34f-3eefdfe3b66b" testListId="8c84fa94-04c1-424b-9868-57a2d4851a1d" />
    <TestEntry testId="c26d542a-727f-65ee-bb48-832c01f872f6" executionId="7ac8e279-834a-4e3b-95c9-cff640b77e32" testListId="8c84fa94-04c1-424b-9868-57a2d4851a1d" />
    <TestEntry testId="d63150eb-a494-247f-04af-e8e69519f739" executionId="51798dea-b76c-4610-afea-465916bb75db" testListId="8c84fa94-04c1-424b-9868-57a2d4851a1d" />
    <TestEntry testId="ec920726-a9ee-dd71-1f12-1fd1c5e256bd" executionId="2f5f569b-0302-445f-bac7-cd37d3679919" testListId="8c84fa94-04c1-424b-9868-57a2d4851a1d" />
    <TestEntry testId="a0064dcf-0da1-ba4b-2406-1e7e76d7ad3a" executionId="5544f944-2965-4a1d-95a9-2af0594258d0" testListId="8c84fa94-04c1-424b-9868-57a2d4851a1d" />
    <TestEntry testId="4f7d823c-5866-aa3b-4a40-ca5bc159ad3e" executionId="6b4d3668-b02e-427a-a79a-51ff29d66698" testListId="8c84fa94-04c1-424b-9868-57a2d4851a1d" />
    <TestEntry testId="e4b13263-b1bd-68bb-3baa-222b8414af3b" executionId="87a58ffe-52d7-4cc7-834d-e09c4490ca69" testListId="8c84fa94-04c1-424b-9868-57a2d4851a1d" />
    <TestEntry testId="81f1f710-d694-68bf-2cd3-35ddc8a4ca3e" executionId="8cfe7ca8-3fef-44cb-b846-b2dd5e727faf" testListId="8c84fa94-04c1-424b-9868-57a2d4851a1d" />
    <TestEntry testId="13e67f6f-df88-6d65-dacc-14d2a9f8ddd4" executionId="37d483db-1801-425b-ab5d-09eefac968b0" testListId="8c84fa94-04c1-424b-9868-57a2d4851a1d" />
    <TestEntry testId="1e86b1ae-4010-c39e-71f3-3cc7adcf6881" executionId="c8da5338-3000-451d-ac4e-76d864740eae" testListId="8c84fa94-04c1-424b-9868-57a2d4851a1d" />
    <TestEntry testId="85b75f82-e414-01aa-d88b-66e9836d44fd" executionId="da45fb41-aaa2-459b-9a8a-1d1e9f53f5b9" testListId="8c84fa94-04c1-424b-9868-57a2d4851a1d" />
    <TestEntry testId="1102b248-ebc3-17f0-ceef-32b216ce1ff2" executionId="01089ecd-5487-43f8-89bb-7f879ac42297" testListId="8c84fa94-04c1-424b-9868-57a2d4851a1d" />
    <TestEntry testId="daf5f08d-c32f-df8c-b33e-1ba8ee1cff44" executionId="54fbe1e8-8add-438a-b08b-8c61c8c5cb51" testListId="8c84fa94-04c1-424b-9868-57a2d4851a1d" />
    <TestEntry testId="1ed595f1-e0b3-cd61-13ef-3cbf3778f159" executionId="260316fd-a67a-4a49-9e9d-cfd6a208decd" testListId="8c84fa94-04c1-424b-9868-57a2d4851a1d" />
    <TestEntry testId="943fddae-0057-44db-535a-5540de1410f4" executionId="fb68e6b6-787f-48c7-bc68-f2814e7e4a36" testListId="8c84fa94-04c1-424b-9868-57a2d4851a1d" />
    <TestEntry testId="94e89fbd-ee0e-4e65-a79e-fa57a63dcb34" executionId="3dace256-725f-422c-bf57-88000b3d0da5" testListId="8c84fa94-04c1-424b-9868-57a2d4851a1d" />
    <TestEntry testId="59316a3f-9716-d88f-df45-82d266fba22e" executionId="dc6646c2-c836-459b-bd5a-f058a90ceadf" testListId="8c84fa94-04c1-424b-9868-57a2d4851a1d" />
    <TestEntry testId="f06647ee-695a-1441-d113-3b9b8eb3748f" executionId="1684a20f-753a-4053-b4f7-7d482a8b1e29" testListId="8c84fa94-04c1-424b-9868-57a2d4851a1d" />
    <TestEntry testId="054d841b-8cd4-42a2-f59c-fc413fd8883f" executionId="3db14e09-b54b-41d5-90b9-e2a27b9d384f" testListId="8c84fa94-04c1-424b-9868-57a2d4851a1d" />
    <TestEntry testId="d899ee47-abaf-a792-651a-fda6e7e8076a" executionId="933f6a2a-e6a6-4c4e-9346-cfdce6853bae" testListId="8c84fa94-04c1-424b-9868-57a2d4851a1d" />
    <TestEntry testId="30519e59-52c0-4abe-69e5-75fce80dd98b" executionId="5aa9570a-7bb3-4438-b9f1-dbf615032a74" testListId="8c84fa94-04c1-424b-9868-57a2d4851a1d" />
    <TestEntry testId="11a66fc8-e44f-e614-4b59-2054ed6010ca" executionId="f50374cc-5032-4f0c-aeb0-aa4f48c04ab9" testListId="8c84fa94-04c1-424b-9868-57a2d4851a1d" />
    <TestEntry testId="dd780fb0-eeb4-f41e-c177-9152be267056" executionId="a303083c-5039-4dba-aee1-46eba9cbcc10" testListId="8c84fa94-04c1-424b-9868-57a2d4851a1d" />
    <TestEntry testId="9cded436-df00-a929-7b4b-3c1f500b64fe" executionId="231f9703-41c3-43d8-bdef-356417deb2ca" testListId="8c84fa94-04c1-424b-9868-57a2d4851a1d" />
    <TestEntry testId="159cae7e-f986-2bd9-0bdf-d56bffd649d4" executionId="03d5138e-8846-413e-89ea-0e0e95362b4a" testListId="8c84fa94-04c1-424b-9868-57a2d4851a1d" />
    <TestEntry testId="ee341f6d-4feb-cbd8-824e-87dfe9d62513" executionId="9790d00a-e448-4530-89fa-7e0e1bb57e2d" testListId="8c84fa94-04c1-424b-9868-57a2d4851a1d" />
    <TestEntry testId="d68b3075-4627-ba2b-18db-33c4279233ca" executionId="651c99c9-c880-42eb-994b-3a571d9b3557" testListId="8c84fa94-04c1-424b-9868-57a2d4851a1d" />
    <TestEntry testId="55879e88-00c8-60e5-e0db-26c24e4c9b0f" executionId="2a7941dd-ca05-4119-b438-b26e6c2d990d" testListId="8c84fa94-04c1-424b-9868-57a2d4851a1d" />
    <TestEntry testId="1d0e5606-0b8d-94c1-50c1-0642b9810496" executionId="028b5cc5-44e9-4e4e-9363-3ad75f3b4912" testListId="8c84fa94-04c1-424b-9868-57a2d4851a1d" />
    <TestEntry testId="549a1786-aafc-b11d-904d-59c7dd4fc0a3" executionId="72326ba9-fd2b-4707-94be-c83dc7eab6af" testListId="8c84fa94-04c1-424b-9868-57a2d4851a1d" />
    <TestEntry testId="d086695e-c00a-432a-c87b-c7af0edbcb9d" executionId="b1891d86-c025-42c3-812e-d2bd4bee027e" testListId="8c84fa94-04c1-424b-9868-57a2d4851a1d" />
    <TestEntry testId="a344a1b7-3c88-1dd6-4640-84dd30900694" executionId="2d2ebad5-7a06-4696-b217-dd85fabe1550" testListId="8c84fa94-04c1-424b-9868-57a2d4851a1d" />
    <TestEntry testId="a3d1fe6d-f6a5-f28a-ba65-630894318089" executionId="446386ca-a98f-49a6-b9e1-4483e81caa61" testListId="8c84fa94-04c1-424b-9868-57a2d4851a1d" />
    <TestEntry testId="477f61b0-5c9c-b3c6-17b8-c096885b5954" executionId="ecc1493c-61f8-4a66-9cc7-bb65a0e6dd23" testListId="8c84fa94-04c1-424b-9868-57a2d4851a1d" />
    <TestEntry testId="9fd29388-e6f2-2ce9-7173-3d8e1efacf79" executionId="31951024-24e7-4df7-bcad-b5c5d26ea74b" testListId="8c84fa94-04c1-424b-9868-57a2d4851a1d" />
    <TestEntry testId="541af543-8f89-e2a2-51fc-7ea5fad4d84e" executionId="0d1a51da-a8c1-4561-8c3a-58e58851ac4d" testListId="8c84fa94-04c1-424b-9868-57a2d4851a1d" />
    <TestEntry testId="11d54d6f-5da0-f133-d7de-6f5044962e90" executionId="0bf6addc-e69d-46e3-a64c-2c804c4bfd84" testListId="8c84fa94-04c1-424b-9868-57a2d4851a1d" />
    <TestEntry testId="d131d3ee-68f2-b781-805c-3d38a16bf8a5" executionId="ed78e41b-978c-423a-8acc-b48813bb391f" testListId="8c84fa94-04c1-424b-9868-57a2d4851a1d" />
    <TestEntry testId="d15cb015-1a80-6a1c-c85a-3f61077a2db7" executionId="0e64c991-a4ba-4271-9c92-539c52e31a3a" testListId="8c84fa94-04c1-424b-9868-57a2d4851a1d" />
    <TestEntry testId="1ebf1719-320f-c38b-2f84-2a795fe44eb1" executionId="39524fc9-5645-4dc3-838d-f2e90a7395a2" testListId="8c84fa94-04c1-424b-9868-57a2d4851a1d" />
    <TestEntry testId="aa967bfa-3977-123e-a321-b0953779e966" executionId="494f531b-1a05-419c-9701-e73b1dedfeea" testListId="8c84fa94-04c1-424b-9868-57a2d4851a1d" />
    <TestEntry testId="fb65aff9-84a8-5b2a-92bd-f76bc29d120f" executionId="25df1cae-1bef-4bef-9863-b0e2ef366d0f" testListId="8c84fa94-04c1-424b-9868-57a2d4851a1d" />
    <TestEntry testId="c05fec08-28d3-c263-f7df-c8727f4f0b97" executionId="01acdb9a-cb43-41f2-817e-e23a19f416e1" testListId="8c84fa94-04c1-424b-9868-57a2d4851a1d" />
    <TestEntry testId="64de42c5-cf32-f94a-2ab2-81439a18d091" executionId="f990d406-e207-40dc-87c1-b176708e5666" testListId="8c84fa94-04c1-424b-9868-57a2d4851a1d" />
    <TestEntry testId="9e5ec3f3-397a-9268-e64a-1a2655cbcab4" executionId="8335f6bc-c0bd-4c56-bb5b-fa48ea83fc29" testListId="8c84fa94-04c1-424b-9868-57a2d4851a1d" />
    <TestEntry testId="720ee8ed-0afb-0470-9fbb-161042f20ddf" executionId="0c492ed3-f58b-480c-929e-05f8c199fcfa" testListId="8c84fa94-04c1-424b-9868-57a2d4851a1d" />
    <TestEntry testId="394ee23f-1fe5-59c6-6460-7cc48bf68705" executionId="06e0a79f-d136-4fa7-9cf7-ac49d84dce87" testListId="8c84fa94-04c1-424b-9868-57a2d4851a1d" />
    <TestEntry testId="6d92f3d7-a73a-0631-d650-f99bb5acd16d" executionId="9f8af9e5-2fba-4fd7-a19b-5cdc737f74da" testListId="8c84fa94-04c1-424b-9868-57a2d4851a1d" />
    <TestEntry testId="e036dcac-c98f-c247-938a-14a54b7a60ea" executionId="1a8caa68-82fe-4fb8-9c51-eb01ef5464a6" testListId="8c84fa94-04c1-424b-9868-57a2d4851a1d" />
    <TestEntry testId="a28156aa-3bb5-7287-717c-afe6ec74f152" executionId="440b7a39-627c-44bc-af23-50e476c21008" testListId="8c84fa94-04c1-424b-9868-57a2d4851a1d" />
    <TestEntry testId="db7e14ac-31b0-63ea-57a6-f0098c612aa0" executionId="970060c6-8eea-43c8-b372-0ed0e065561a" testListId="8c84fa94-04c1-424b-9868-57a2d4851a1d" />
    <TestEntry testId="22aaf792-b28c-0483-2284-13d7b20de4b8" executionId="9bfde689-8a28-4bd9-bea0-6b70110bc545" testListId="8c84fa94-04c1-424b-9868-57a2d4851a1d" />
    <TestEntry testId="68839c3f-a774-538d-b591-9a44c343225f" executionId="2898e84e-4c9f-4d55-b915-8f595a5d30b2" testListId="8c84fa94-04c1-424b-9868-57a2d4851a1d" />
    <TestEntry testId="f429442b-db90-b095-7991-b9ca4c955f13" executionId="77309a38-83f2-4d88-ba68-e1e2b5cc1dae" testListId="8c84fa94-04c1-424b-9868-57a2d4851a1d" />
    <TestEntry testId="76c66eeb-a2f8-48cc-26cc-ff5958f96fde" executionId="a6a1ce08-bbe1-4cc8-a67d-8e0b3a77eae5" testListId="8c84fa94-04c1-424b-9868-57a2d4851a1d" />
    <TestEntry testId="3743038a-92be-ac51-6b43-04a32dffac65" executionId="5f7228d1-b448-4007-9498-bf66fc244be4" testListId="8c84fa94-04c1-424b-9868-57a2d4851a1d" />
    <TestEntry testId="fde698c6-a194-d6bc-8c31-bc5b72af8298" executionId="8b558fd7-8662-4aac-a6dd-67843c64def7" testListId="8c84fa94-04c1-424b-9868-57a2d4851a1d" />
    <TestEntry testId="ae4a8750-d669-3823-272f-96fc0e4fc346" executionId="daddbdc7-1922-49ee-af16-f3b8342cf74c" testListId="8c84fa94-04c1-424b-9868-57a2d4851a1d" />
    <TestEntry testId="3c9f7f25-03ba-a9ac-886d-ab6e7acb2b5d" executionId="56ce186d-fb01-47bb-9cb4-6071ecaf59dc" testListId="8c84fa94-04c1-424b-9868-57a2d4851a1d" />
    <TestEntry testId="be9afefd-3e5c-30aa-4b57-e6076c69f81c" executionId="07a051c6-7b19-46ba-b1f6-dc9a41fcb10f" testListId="8c84fa94-04c1-424b-9868-57a2d4851a1d" />
    <TestEntry testId="f7a1083e-5a21-1e01-c13b-18623a6702d9" executionId="1590ad27-31b7-4e87-abc5-64d31763effa" testListId="8c84fa94-04c1-424b-9868-57a2d4851a1d" />
    <TestEntry testId="9290011a-534c-d8ac-8fa0-ea6c058c4ca6" executionId="ea33b32f-83b4-47e8-85e7-45f90e90b92e" testListId="8c84fa94-04c1-424b-9868-57a2d4851a1d" />
    <TestEntry testId="3e139534-4575-a050-7dfe-191f8507593f" executionId="905397f1-d257-4108-adf0-83e464b808bb" testListId="8c84fa94-04c1-424b-9868-57a2d4851a1d" />
    <TestEntry testId="6ff15af4-6fd8-2401-35d9-7aaad2262d48" executionId="fc2124d6-bc96-4fca-bc83-0ffaabdd591f" testListId="8c84fa94-04c1-424b-9868-57a2d4851a1d" />
    <TestEntry testId="ad47bd46-9837-73d0-5609-780aff02d505" executionId="8c6ed150-1165-4e09-8efa-8dc7c0ba241d" testListId="8c84fa94-04c1-424b-9868-57a2d4851a1d" />
    <TestEntry testId="3b98c405-59b2-7eb5-3579-4fa697a97bb2" executionId="2183da24-c5ad-457a-83ce-b6bd4c71a50d" testListId="8c84fa94-04c1-424b-9868-57a2d4851a1d" />
    <TestEntry testId="a64907b4-47a9-4e3a-b6b0-be37e2d164ea" executionId="e1fcb660-41b3-4cb0-9bb0-4b18f6056df6" testListId="8c84fa94-04c1-424b-9868-57a2d4851a1d" />
    <TestEntry testId="f095befb-1220-164b-8d93-573101abd22c" executionId="f16c80a9-da65-4590-ae1f-7e800b97a36b" testListId="8c84fa94-04c1-424b-9868-57a2d4851a1d" />
    <TestEntry testId="13d7aebd-6cec-2e73-3e91-8e5121f9f1bc" executionId="a0613a57-d0d2-44ea-8f62-d07d96e94ec9" testListId="8c84fa94-04c1-424b-9868-57a2d4851a1d" />
    <TestEntry testId="dc972d0b-90fa-0c97-701a-24ab8f8aec17" executionId="6edbe59e-5440-45d5-893b-57bd088b9c3b" testListId="8c84fa94-04c1-424b-9868-57a2d4851a1d" />
    <TestEntry testId="12501656-668f-6d63-7f1a-8f8eefa16abe" executionId="1fddf95f-8285-498f-828f-1b37cb7177d2" testListId="8c84fa94-04c1-424b-9868-57a2d4851a1d" />
    <TestEntry testId="231eb201-5943-be12-8406-5e91b55ea0f9" executionId="214b8cf9-d040-4537-b854-766f11c7f408" testListId="8c84fa94-04c1-424b-9868-57a2d4851a1d" />
    <TestEntry testId="76e6ff63-d7eb-f665-d9fe-8f8739285ff9" executionId="b109e7df-6d88-4a51-9722-afae7b7980c6" testListId="8c84fa94-04c1-424b-9868-57a2d4851a1d" />
    <TestEntry testId="7ae2592b-1209-056c-b02b-a7b7c4496165" executionId="c709094c-00d1-41c0-b833-aabe02210de8" testListId="8c84fa94-04c1-424b-9868-57a2d4851a1d" />
    <TestEntry testId="1ffa1bf6-fb8e-b8ef-fe84-530e8f551d9d" executionId="32a31fc9-41f3-41ce-a69e-cb093994bce8" testListId="8c84fa94-04c1-424b-9868-57a2d4851a1d" />
    <TestEntry testId="f3ca05e5-dc9b-e250-df0d-7261ad9afb62" executionId="d8380859-fd6f-4adc-a36a-eb99523916c0" testListId="8c84fa94-04c1-424b-9868-57a2d4851a1d" />
    <TestEntry testId="8f17e532-4f0a-9dfe-05e8-c96d494622ac" executionId="74f9fbe9-f5d4-4137-935c-90717a3639d8" testListId="8c84fa94-04c1-424b-9868-57a2d4851a1d" />
    <TestEntry testId="5c8be7a3-8036-a747-4753-97244e6fc863" executionId="a248bc1b-9117-4817-9f92-5f9cf5df28d2" testListId="8c84fa94-04c1-424b-9868-57a2d4851a1d" />
    <TestEntry testId="c89277b5-bdbb-4718-3fdc-952f1cd089bd" executionId="e80906e9-8eff-4a4d-958f-1e0c8c39a27d" testListId="8c84fa94-04c1-424b-9868-57a2d4851a1d" />
    <TestEntry testId="0be364f3-65a8-13b6-624b-a54197fbf75c" executionId="7316fa1c-b248-450c-9a4b-a8478a90a5a7" testListId="8c84fa94-04c1-424b-9868-57a2d4851a1d" />
    <TestEntry testId="ccde4230-00f3-bcda-817d-3ae2aeeb86b6" executionId="b9fe029a-019d-4930-aadc-fb19d070cddf" testListId="8c84fa94-04c1-424b-9868-57a2d4851a1d" />
    <TestEntry testId="fd3d93a9-265d-ee70-503b-7e4448400893" executionId="2c22f534-5812-4f79-8660-0b10167abff4" testListId="8c84fa94-04c1-424b-9868-57a2d4851a1d" />
    <TestEntry testId="31116a68-3b0f-f28f-7f53-0333062fc887" executionId="37391bc7-2052-4e72-b50f-d8b7c416353c" testListId="8c84fa94-04c1-424b-9868-57a2d4851a1d" />
    <TestEntry testId="2c2117f3-dae9-4d5e-6fa1-773bd6c20109" executionId="25fd7d96-e78f-4c5a-8f3d-d293ff10f33f" testListId="8c84fa94-04c1-424b-9868-57a2d4851a1d" />
    <TestEntry testId="2813fb62-7764-a6ad-5950-42865213a523" executionId="0309965f-2016-4f2c-8324-2e78cc84fc97" testListId="8c84fa94-04c1-424b-9868-57a2d4851a1d" />
    <TestEntry testId="8a8c7432-7378-2ff6-b3a1-a3b7254f4458" executionId="2a20ad3e-9df6-4752-88dc-f238de70772d" testListId="8c84fa94-04c1-424b-9868-57a2d4851a1d" />
    <TestEntry testId="7b38c175-8f37-0ff7-77b0-702939d7a735" executionId="6b55b243-f9f5-4360-a1b2-491938b20919" testListId="8c84fa94-04c1-424b-9868-57a2d4851a1d" />
    <TestEntry testId="ecf74651-4fc2-6bc3-0181-d2278e0bfbfa" executionId="80f093aa-1aef-4266-8e80-17bf961562e5" testListId="8c84fa94-04c1-424b-9868-57a2d4851a1d" />
    <TestEntry testId="31917703-2acf-fc86-64fa-04fcf338cdb6" executionId="4d932fc3-8582-48f3-a5b6-129ae5373495" testListId="8c84fa94-04c1-424b-9868-57a2d4851a1d" />
    <TestEntry testId="060935d9-41c9-9631-b038-7843722743ca" executionId="16c9cb26-f8e8-43a1-ae34-936c65946b85" testListId="8c84fa94-04c1-424b-9868-57a2d4851a1d" />
    <TestEntry testId="5aae0d5c-c153-7620-5b85-675beef30370" executionId="b074b9f0-26fb-43e9-a492-b287287ae662" testListId="8c84fa94-04c1-424b-9868-57a2d4851a1d" />
    <TestEntry testId="bc878ccd-98a1-51a4-2cfc-16b619dea6f0" executionId="d3b6a930-ce81-476d-86af-5ddf3c237ecd" testListId="8c84fa94-04c1-424b-9868-57a2d4851a1d" />
    <TestEntry testId="f9a09191-b933-2d00-0d6e-2a80901374f0" executionId="3edb0a56-34c6-4d08-b63b-632b4641dd9d" testListId="8c84fa94-04c1-424b-9868-57a2d4851a1d" />
    <TestEntry testId="5676d068-f210-9f05-bcb4-4154c077d90e" executionId="568285c2-eb56-440b-8b50-6e747b460f1c" testListId="8c84fa94-04c1-424b-9868-57a2d4851a1d" />
    <TestEntry testId="f3d705dd-7bc5-3c67-615c-4a5792f645ee" executionId="88fe5980-0c0a-443c-972d-350758209132" testListId="8c84fa94-04c1-424b-9868-57a2d4851a1d" />
    <TestEntry testId="f9efcab8-a490-8c63-2e77-81876b9a47ee" executionId="055fbdf4-4efa-4620-b467-b318f1faaa10" testListId="8c84fa94-04c1-424b-9868-57a2d4851a1d" />
    <TestEntry testId="b762d469-6e8e-9554-a9ef-98866a578464" executionId="d5847047-ec4e-499d-adc9-394d309d861d" testListId="8c84fa94-04c1-424b-9868-57a2d4851a1d" />
    <TestEntry testId="15a5142a-4ca9-8496-a1cc-4a1caca4c970" executionId="0e357525-58b9-4ed3-a04a-8baea5a8fb96" testListId="8c84fa94-04c1-424b-9868-57a2d4851a1d" />
    <TestEntry testId="b837ebc0-f7ad-c47b-17b8-8695813cd0ae" executionId="fc50f6c6-2001-4dce-9ba8-73403b81e755" testListId="8c84fa94-04c1-424b-9868-57a2d4851a1d" />
    <TestEntry testId="6ca72b6b-0033-ee05-80aa-21dc1f0119ea" executionId="5defb223-3623-4cd4-9ce5-f3c9e4077bf2" testListId="8c84fa94-04c1-424b-9868-57a2d4851a1d" />
    <TestEntry testId="262c3c73-7b65-0063-be55-7b0feb97027d" executionId="ce63104a-0f7e-484b-b2b2-4b1bb40f69c6" testListId="8c84fa94-04c1-424b-9868-57a2d4851a1d" />
    <TestEntry testId="4f18dfe5-cbdb-3f59-ec1a-7c24c2cc1db1" executionId="725ba592-78ea-4f56-a2d7-e7b28c52277b" testListId="8c84fa94-04c1-424b-9868-57a2d4851a1d" />
    <TestEntry testId="12cac62c-5b3e-c0ef-167d-41a5a640f7f1" executionId="b42af284-09ce-418d-a7ea-e9dcff12c7c2" testListId="8c84fa94-04c1-424b-9868-57a2d4851a1d" />
    <TestEntry testId="8e518cf6-5cc7-9578-86bd-3ad3afaceaf7" executionId="c17c555f-9849-4889-9fd0-1d37744dcd06" testListId="8c84fa94-04c1-424b-9868-57a2d4851a1d" />
    <TestEntry testId="7e9864c3-ffac-3e60-e067-d303ea811382" executionId="0a12327b-3887-422c-9135-89e183012a57" testListId="8c84fa94-04c1-424b-9868-57a2d4851a1d" />
    <TestEntry testId="4f71e5f9-12a6-0f01-a280-c78b7d7b307a" executionId="c0969b6b-3635-4608-a435-0642b1310b8c" testListId="8c84fa94-04c1-424b-9868-57a2d4851a1d" />
    <TestEntry testId="a7bf999b-c611-25a7-2ff7-438675e1866f" executionId="d4662c31-112c-4673-834f-892d1447c9ee" testListId="8c84fa94-04c1-424b-9868-57a2d4851a1d" />
    <TestEntry testId="b0739811-0769-0d6d-10df-bbc2b4389739" executionId="752e9233-b084-4ea4-8d6a-1d9c0130ef66" testListId="8c84fa94-04c1-424b-9868-57a2d4851a1d" />
    <TestEntry testId="b391819c-9b61-5619-1c97-a7d68c4b7e89" executionId="3a79e6bf-c3a9-4494-bfc2-f76994928fec" testListId="8c84fa94-04c1-424b-9868-57a2d4851a1d" />
    <TestEntry testId="0b769e09-4f15-c038-2979-f712635df491" executionId="eb3320f3-7587-4ac8-a078-b610f89dc1e0" testListId="8c84fa94-04c1-424b-9868-57a2d4851a1d" />
    <TestEntry testId="9fd340a4-bdf1-80dc-4aa5-677b8c727a2b" executionId="9154e706-07ee-4f8b-b440-31450d717556" testListId="8c84fa94-04c1-424b-9868-57a2d4851a1d" />
    <TestEntry testId="23ab757f-fe97-afaf-d8cf-cc47b5d58278" executionId="66cf24b1-b4a1-4177-8520-06db6042a6cf" testListId="8c84fa94-04c1-424b-9868-57a2d4851a1d" />
    <TestEntry testId="e56c92d2-c559-22db-a2e2-d0987b0def17" executionId="560674ca-7309-4054-8a2e-124e5948d25f" testListId="8c84fa94-04c1-424b-9868-57a2d4851a1d" />
    <TestEntry testId="a357cf6c-ef79-7a61-f86c-3c3cf29677ef" executionId="0ea1fd41-6b4e-44bb-9720-e9762a8f63d0" testListId="8c84fa94-04c1-424b-9868-57a2d4851a1d" />
    <TestEntry testId="d1627721-b0c9-88e8-e34c-f6f72d59002d" executionId="aa5584af-3af4-4a88-8822-8e8b99d96d0d" testListId="8c84fa94-04c1-424b-9868-57a2d4851a1d" />
    <TestEntry testId="cec6c299-8695-bd09-ea27-6e9dd0196e7e" executionId="298c7fc9-bb02-4232-afdc-beb5bf750fcb" testListId="8c84fa94-04c1-424b-9868-57a2d4851a1d" />
    <TestEntry testId="0a40eef3-f831-ffd2-4845-4121490071ff" executionId="17339e30-df39-453f-bc09-545264a80246" testListId="8c84fa94-04c1-424b-9868-57a2d4851a1d" />
    <TestEntry testId="09fa2387-002a-88c8-0b1c-134e9e315493" executionId="bf9abe82-c869-4327-b469-bc5fc80b44d2" testListId="8c84fa94-04c1-424b-9868-57a2d4851a1d" />
    <TestEntry testId="dc042fe4-506a-6277-bf5c-9f1d13854fc7" executionId="d7e25ea7-23c1-4e85-95b8-72598b50daaf" testListId="8c84fa94-04c1-424b-9868-57a2d4851a1d" />
    <TestEntry testId="1c326e5c-4c62-8c00-ee40-aad1ae557760" executionId="bc2f5123-4977-4ee9-b0c6-e4aeb8202e99" testListId="8c84fa94-04c1-424b-9868-57a2d4851a1d" />
    <TestEntry testId="90432d5a-5fa4-a037-9446-73f5d0f5dd30" executionId="0bd0e78f-5697-4569-a835-8d44088d3d5d" testListId="8c84fa94-04c1-424b-9868-57a2d4851a1d" />
    <TestEntry testId="22940ce1-f9a1-0a34-055d-4f72c4c54fbb" executionId="d2a0c230-69c3-4ace-bcad-c9674a605b50" testListId="8c84fa94-04c1-424b-9868-57a2d4851a1d" />
    <TestEntry testId="463ed80f-116f-24dc-3550-f13e45fe4889" executionId="1b85b514-fe78-4fa6-b558-adbdcc405d31" testListId="8c84fa94-04c1-424b-9868-57a2d4851a1d" />
    <TestEntry testId="c59043ee-e462-ae6f-68e0-aa6381ac3c86" executionId="3b7e6dee-ee82-43ee-a26a-76fb38202e0a" testListId="8c84fa94-04c1-424b-9868-57a2d4851a1d" />
    <TestEntry testId="a9f5292d-e31f-a581-3eed-5680d989d123" executionId="f42b79d0-4dbf-4c99-a788-9a176fe27e74" testListId="8c84fa94-04c1-424b-9868-57a2d4851a1d" />
    <TestEntry testId="29ac2707-c2cb-35e2-eedb-a90688f5df17" executionId="4240394b-3002-4d15-a0b7-488b2bd24602" testListId="8c84fa94-04c1-424b-9868-57a2d4851a1d" />
    <TestEntry testId="d6cb1369-2679-afac-cddc-39c82a30eafa" executionId="fc9abd27-5ebc-463e-a87d-c928c70bcbe4" testListId="8c84fa94-04c1-424b-9868-57a2d4851a1d" />
    <TestEntry testId="43fa12a9-d1b1-aa83-498c-58e3064824e3" executionId="a574ac39-6824-4a24-8bae-59d072aaa62a" testListId="8c84fa94-04c1-424b-9868-57a2d4851a1d" />
    <TestEntry testId="9f4b8baa-3d93-c3b8-cb10-c40ec85c9336" executionId="e8655f9c-0d76-4581-9e44-6402ae01cf4e" testListId="8c84fa94-04c1-424b-9868-57a2d4851a1d" />
    <TestEntry testId="b7c2c022-5605-11c2-db09-3429d396f98d" executionId="8b3b237c-53a2-440b-a654-d52326781739" testListId="8c84fa94-04c1-424b-9868-57a2d4851a1d" />
    <TestEntry testId="4bcbb7d4-08c1-9252-8fa2-fa28745614be" executionId="06f10af5-4b56-4415-95b4-e20df3f0c56e" testListId="8c84fa94-04c1-424b-9868-57a2d4851a1d" />
    <TestEntry testId="b7df116d-9320-09bb-de54-2fccf2279e48" executionId="bc791dab-ff1a-48f5-87d1-c665d47b98e2" testListId="8c84fa94-04c1-424b-9868-57a2d4851a1d" />
    <TestEntry testId="b2a7a04f-f1f1-7276-152d-8d2269ca96a4" executionId="271ad8be-7320-49cd-90ba-359fb1844c1c" testListId="8c84fa94-04c1-424b-9868-57a2d4851a1d" />
    <TestEntry testId="f408475e-6fb9-6a1c-14aa-10ca58ac105c" executionId="eb7433bc-eb2a-48ad-af43-daf8f81a3007" testListId="8c84fa94-04c1-424b-9868-57a2d4851a1d" />
    <TestEntry testId="3434e15a-2768-efbc-7e19-fea38f3ae373" executionId="68641d94-dce9-42a0-91ea-3d65d12ef836" testListId="8c84fa94-04c1-424b-9868-57a2d4851a1d" />
    <TestEntry testId="c05e47c4-61d6-49b1-3d85-b74a1ff92020" executionId="a6e07083-e7c1-4616-8a7f-2bb4127a62bd" testListId="8c84fa94-04c1-424b-9868-57a2d4851a1d" />
    <TestEntry testId="ad2a533e-345f-feb2-e7cb-50434e04ad99" executionId="6c4d9461-a416-482d-b163-4df24e586f5b" testListId="8c84fa94-04c1-424b-9868-57a2d4851a1d" />
    <TestEntry testId="79db46c4-1a13-12a0-1950-586398a93668" executionId="644d457f-82b1-4ad6-8e15-e1d67f6a00bb" testListId="8c84fa94-04c1-424b-9868-57a2d4851a1d" />
    <TestEntry testId="88c7ce2e-851c-95ac-24f9-c8ee7cf94eac" executionId="2b6e78d1-d0a0-487c-8ab7-7a477574e645" testListId="8c84fa94-04c1-424b-9868-57a2d4851a1d" />
    <TestEntry testId="6c5fbe1f-8152-a821-d533-330bed4f5a98" executionId="a2c270ed-0572-480b-9136-9fec8356bc6a" testListId="8c84fa94-04c1-424b-9868-57a2d4851a1d" />
    <TestEntry testId="257c0922-44f0-686e-e1ab-2ecaa57524ac" executionId="c127de9c-7527-49ad-861e-92e2535f45ab" testListId="8c84fa94-04c1-424b-9868-57a2d4851a1d" />
    <TestEntry testId="4ce8fa95-501e-1da1-3954-5f99709a3a47" executionId="ce2d0b62-290f-4011-b28d-bf0e3422af27" testListId="8c84fa94-04c1-424b-9868-57a2d4851a1d" />
    <TestEntry testId="20d9288d-2ec6-4b24-6a84-22a61e3296f1" executionId="41376477-1abd-401f-86fc-7f85e5a2a7c3" testListId="8c84fa94-04c1-424b-9868-57a2d4851a1d" />
    <TestEntry testId="893df90f-4ad3-2688-f803-e533f67faf3b" executionId="6fbc3cd6-385b-4781-b995-38c48a0c2be7" testListId="8c84fa94-04c1-424b-9868-57a2d4851a1d" />
    <TestEntry testId="f66cd845-32f8-8293-9ecc-cb3301f62262" executionId="01669d9c-9c4b-4c38-a4d8-8b66f6277134" testListId="8c84fa94-04c1-424b-9868-57a2d4851a1d" />
    <TestEntry testId="668a7b7c-485c-e1be-eac6-0f37f9c5a345" executionId="c58b2f65-d776-4a99-b710-0a3992661eb9" testListId="8c84fa94-04c1-424b-9868-57a2d4851a1d" />
    <TestEntry testId="1231dbfb-8caf-95d4-fa10-3201d28cc912" executionId="bc01386b-8081-4647-b58e-e2defddaa4c6" testListId="8c84fa94-04c1-424b-9868-57a2d4851a1d" />
    <TestEntry testId="21fa9385-bfaf-d1fb-f620-6ac18f449c60" executionId="979c4ebf-6cf7-49a3-8473-9c95a4ecbed5" testListId="8c84fa94-04c1-424b-9868-57a2d4851a1d" />
    <TestEntry testId="984bc27d-a5c7-32fa-f1e8-153a12469bdb" executionId="07621816-fd26-41ea-9bc2-2c6ad8b0000d" testListId="8c84fa94-04c1-424b-9868-57a2d4851a1d" />
    <TestEntry testId="dae5127c-eff7-8376-4da7-ec9462c457e1" executionId="f8d2b9b4-5336-4308-bcb3-9e5755d58a19" testListId="8c84fa94-04c1-424b-9868-57a2d4851a1d" />
    <TestEntry testId="7727673d-f909-602e-c023-298e3154bee0" executionId="5861d866-ac6e-4082-a237-85bb411a5eb6" testListId="8c84fa94-04c1-424b-9868-57a2d4851a1d" />
    <TestEntry testId="87294391-1825-1ce5-7f19-56b62f49e8c1" executionId="b49be207-af51-480a-b745-9c05ffb683d5" testListId="8c84fa94-04c1-424b-9868-57a2d4851a1d" />
    <TestEntry testId="9b0d69da-f0df-c6b0-7696-299b1ca48f22" executionId="23797fec-5090-4323-91bc-c0c2185a8c74" testListId="8c84fa94-04c1-424b-9868-57a2d4851a1d" />
    <TestEntry testId="1f0a0407-7982-ddd0-173d-1b88aac6222d" executionId="eeab2f2b-eeaa-4a5d-8c3e-3256a546924f" testListId="8c84fa94-04c1-424b-9868-57a2d4851a1d" />
    <TestEntry testId="7e481df7-029e-9d77-33ba-d4462cdb83bc" executionId="dede197e-31cf-4dc1-9fb6-f6099fff36c3" testListId="8c84fa94-04c1-424b-9868-57a2d4851a1d" />
    <TestEntry testId="a75415d5-8f48-5b6a-949c-d1ac83acad3d" executionId="eb7ba4fd-b5d3-4221-851c-2d682bea18f3" testListId="8c84fa94-04c1-424b-9868-57a2d4851a1d" />
    <TestEntry testId="090bb946-dfcb-8466-9f8e-938126697e92" executionId="128a3596-9194-41f3-99cd-7f0c38b07592" testListId="8c84fa94-04c1-424b-9868-57a2d4851a1d" />
    <TestEntry testId="af06fbb9-e295-bbc5-951e-25addabec280" executionId="ea227425-04ca-4cbf-a450-b2f84cab07f2" testListId="8c84fa94-04c1-424b-9868-57a2d4851a1d" />
    <TestEntry testId="39259e78-217a-ffb2-6d1b-008e44172920" executionId="fc3a7b41-8495-441f-89a6-a36074a02740" testListId="8c84fa94-04c1-424b-9868-57a2d4851a1d" />
    <TestEntry testId="ee569e33-e92a-4e12-13b7-cfb199db4a03" executionId="195dc85f-102f-4b4b-930a-8391dee76029" testListId="8c84fa94-04c1-424b-9868-57a2d4851a1d" />
    <TestEntry testId="e3e33591-e2f2-c832-fee1-8688ba9ec456" executionId="10bf10c6-97ac-47d3-9490-e865d457f175" testListId="8c84fa94-04c1-424b-9868-57a2d4851a1d" />
    <TestEntry testId="d63fece0-6979-6a7f-ca42-f76bdbd7d24d" executionId="107faba6-3733-4901-adf2-206ba52e39f0" testListId="8c84fa94-04c1-424b-9868-57a2d4851a1d" />
    <TestEntry testId="ce7e30df-0543-6938-fae8-53fc40762640" executionId="c8993e0f-4ab9-4ddd-a9a8-5a78eb3de844" testListId="8c84fa94-04c1-424b-9868-57a2d4851a1d" />
    <TestEntry testId="9e28d5ce-7362-2b06-9e34-6ce871313f70" executionId="7388bb82-bfb4-4a0d-926f-d3dece1e9a72" testListId="8c84fa94-04c1-424b-9868-57a2d4851a1d" />
    <TestEntry testId="55e8e49d-3677-ba1c-fee3-b06a721808bd" executionId="e946d464-7b6c-44b5-954b-c0ff59169de4" testListId="8c84fa94-04c1-424b-9868-57a2d4851a1d" />
    <TestEntry testId="fa6e843e-faa4-966b-f711-d61b61e7366c" executionId="a6754f77-ab4b-4c3d-9dbd-0ff2cb5e48fa" testListId="8c84fa94-04c1-424b-9868-57a2d4851a1d" />
    <TestEntry testId="61ac148b-77c6-a946-fca0-45c9e49f9516" executionId="c79397a0-cb33-434a-a418-cd7529db8d15" testListId="8c84fa94-04c1-424b-9868-57a2d4851a1d" />
    <TestEntry testId="d298d9c7-7d7d-ad15-03cc-8ab9e391d377" executionId="02cc3eba-2cd5-4757-b11b-289f13dbf19c" testListId="8c84fa94-04c1-424b-9868-57a2d4851a1d" />
    <TestEntry testId="5737235c-4c26-da22-d231-8a538d9299e8" executionId="a6c84ff6-66f7-4aee-b0d3-bc059e51bd7b" testListId="8c84fa94-04c1-424b-9868-57a2d4851a1d" />
    <TestEntry testId="760478cf-2b2b-5f64-b097-3de30749bcb1" executionId="5e6ea07c-eff8-4103-bd4b-248fd1813f70" testListId="8c84fa94-04c1-424b-9868-57a2d4851a1d" />
    <TestEntry testId="b6380494-d08e-3475-91a8-7a07dd918969" executionId="202a2947-63b0-4692-b884-75d933a98057" testListId="8c84fa94-04c1-424b-9868-57a2d4851a1d" />
    <TestEntry testId="30e80c89-c117-83fc-53e9-5be5181f841c" executionId="dfd96bf2-9100-40eb-ae67-2a414ef0400d" testListId="8c84fa94-04c1-424b-9868-57a2d4851a1d" />
    <TestEntry testId="22017572-0e55-4eb6-a8f5-ed8333ee82e7" executionId="723201d9-a820-4516-b0f7-86987fb28433" testListId="8c84fa94-04c1-424b-9868-57a2d4851a1d" />
    <TestEntry testId="f5d12e44-e40c-727a-8c4d-b5134fb3b55a" executionId="139dadd4-e069-4db9-8ed2-5015df950932" testListId="8c84fa94-04c1-424b-9868-57a2d4851a1d" />
    <TestEntry testId="a513f6d4-cac8-7139-d5eb-18e28868b5e3" executionId="5b81fc6c-2e9b-481b-948c-30f468fe917b" testListId="8c84fa94-04c1-424b-9868-57a2d4851a1d" />
    <TestEntry testId="e7fd8dc1-f344-e46a-1f5a-badd0fb3eee8" executionId="9fafad78-5d81-4f9e-bd63-ca24aba4e27d" testListId="8c84fa94-04c1-424b-9868-57a2d4851a1d" />
    <TestEntry testId="f761c35c-23da-0635-088d-82edc227a6c9" executionId="a9549a27-9b60-4b0a-a763-b53aaadd7cda" testListId="8c84fa94-04c1-424b-9868-57a2d4851a1d" />
    <TestEntry testId="9c47fe03-c56a-043e-ff88-e2633670fc9e" executionId="d9ae45e7-4026-4176-9ecb-2017cc4046a3" testListId="8c84fa94-04c1-424b-9868-57a2d4851a1d" />
    <TestEntry testId="804c2963-7737-e632-84f9-347e567fabca" executionId="add6107e-a740-49a0-a9e8-ab8c5953ee03" testListId="8c84fa94-04c1-424b-9868-57a2d4851a1d" />
    <TestEntry testId="138cc152-3c37-d294-08c0-e36a93e3d725" executionId="dadb77a4-0445-406a-829c-a570a87024aa" testListId="8c84fa94-04c1-424b-9868-57a2d4851a1d" />
    <TestEntry testId="2de77298-4b39-f702-f7c5-8b8c0ceb02ec" executionId="8e5f3369-00a9-4c6b-b0f2-1164eb4ac567" testListId="8c84fa94-04c1-424b-9868-57a2d4851a1d" />
    <TestEntry testId="d3168116-f2b4-8d85-d69a-f47dbb1df0a3" executionId="109e36af-2280-41f9-8022-446d49906160" testListId="8c84fa94-04c1-424b-9868-57a2d4851a1d" />
    <TestEntry testId="7f5e70aa-3433-9bd7-8428-635b93dfaeb5" executionId="4762ac96-8342-4fbe-9f92-92358eb5dc3d" testListId="8c84fa94-04c1-424b-9868-57a2d4851a1d" />
    <TestEntry testId="4bd213a5-298f-25c6-c1c0-a6bf89fe9c65" executionId="d84519b3-fb03-4ded-b7b1-95dc0ed8492d" testListId="8c84fa94-04c1-424b-9868-57a2d4851a1d" />
    <TestEntry testId="bdfc35c1-636f-aaf9-5506-e97d44bad92c" executionId="14d4f4d0-b737-48e5-ab3d-919a748f7ccc" testListId="8c84fa94-04c1-424b-9868-57a2d4851a1d" />
    <TestEntry testId="aeeaebaf-8448-f122-1094-fc83a31ad89a" executionId="88c60025-f9a8-4cd9-b744-6f4de1069969" testListId="8c84fa94-04c1-424b-9868-57a2d4851a1d" />
    <TestEntry testId="f1b429c9-236c-37a4-5790-ad48b8bcac95" executionId="f556e0b2-2120-4187-890f-e21d56903016" testListId="8c84fa94-04c1-424b-9868-57a2d4851a1d" />
    <TestEntry testId="a1b04750-d1fe-a25a-b502-6c3d91504173" executionId="12c8b4ff-11c3-453b-861a-62f039e9cc8d" testListId="8c84fa94-04c1-424b-9868-57a2d4851a1d" />
    <TestEntry testId="6faa7eef-7d9f-75d0-2df6-09e7531ab536" executionId="3f9fcbe1-14eb-4263-95db-3722582e10f8" testListId="8c84fa94-04c1-424b-9868-57a2d4851a1d" />
    <TestEntry testId="503e5a86-709d-4f75-061c-3b116d3ee8e7" executionId="4f6be0b1-4206-4bdc-b5e9-e4f74b4dc04f" testListId="8c84fa94-04c1-424b-9868-57a2d4851a1d" />
    <TestEntry testId="2a6fcd29-269e-eeb7-49d5-2221d6cf773a" executionId="4bd93c14-8e7a-4591-91a6-d02a63c7641f" testListId="8c84fa94-04c1-424b-9868-57a2d4851a1d" />
    <TestEntry testId="d8aec2c2-feb6-0e42-e54d-284965f5dea7" executionId="5cfb4c46-089f-471b-942b-5fa0c2da64db" testListId="8c84fa94-04c1-424b-9868-57a2d4851a1d" />
    <TestEntry testId="a9cb9252-3d98-79fe-629f-64e8ef1da14d" executionId="d0f9d804-3136-4c8f-be51-cf3883bcbe74" testListId="8c84fa94-04c1-424b-9868-57a2d4851a1d" />
    <TestEntry testId="d7212be9-a773-7051-2296-d1e014528157" executionId="c5a39e11-d032-41da-8b78-526e988abf7f" testListId="8c84fa94-04c1-424b-9868-57a2d4851a1d" />
    <TestEntry testId="5ce0e781-04f1-5244-6eeb-240f14509129" executionId="339c4ed5-3d3b-41d9-9fd2-2b1267457366" testListId="8c84fa94-04c1-424b-9868-57a2d4851a1d" />
    <TestEntry testId="405a6411-84b6-3693-5b46-0b5983feca5e" executionId="9d59a70a-cf2e-4f83-9bc8-58c5f3469794" testListId="8c84fa94-04c1-424b-9868-57a2d4851a1d" />
    <TestEntry testId="870b8bee-54f6-8f61-66d6-a77bd6f1687b" executionId="31f0cecd-e3ee-4d47-ae27-886929b93e64" testListId="8c84fa94-04c1-424b-9868-57a2d4851a1d" />
    <TestEntry testId="d2434559-e3a7-5692-c403-1d47d873a133" executionId="21e7392a-7753-46bb-8a2c-1cca0d40a73a" testListId="8c84fa94-04c1-424b-9868-57a2d4851a1d" />
    <TestEntry testId="d03b0ad6-ed13-8489-09d1-2543f3053eff" executionId="f79b8c62-c197-4984-acda-65d8fd5ad7e7" testListId="8c84fa94-04c1-424b-9868-57a2d4851a1d" />
    <TestEntry testId="b2a17b73-a63e-3be2-eee7-c00c2b4d0e01" executionId="94cbce3d-b16f-46ac-8c9a-20db30f3cbd3" testListId="8c84fa94-04c1-424b-9868-57a2d4851a1d" />
    <TestEntry testId="af830802-23e2-0c4d-f3f5-18aa300eb661" executionId="474b870b-50e2-4d18-8f0c-f3e8e1ce006e" testListId="8c84fa94-04c1-424b-9868-57a2d4851a1d" />
    <TestEntry testId="f851da50-448f-2d4e-828e-d2ff64fc9049" executionId="ea43410b-1db4-4b3e-80fc-9a03625b7a42" testListId="8c84fa94-04c1-424b-9868-57a2d4851a1d" />
    <TestEntry testId="c1dba330-ca0d-dce5-8eda-7974894f22ca" executionId="cb6aa085-545e-4457-b840-2838656619b1" testListId="8c84fa94-04c1-424b-9868-57a2d4851a1d" />
    <TestEntry testId="62294b79-fd57-1a57-9fa1-16dc542d0a4d" executionId="fa89d13e-0c79-43d1-b49f-6422f5d14ff2" testListId="8c84fa94-04c1-424b-9868-57a2d4851a1d" />
    <TestEntry testId="d1220843-958c-7092-38af-904c7c323e51" executionId="a96b6a72-5572-49f9-b8d1-f39ada8b31f4" testListId="8c84fa94-04c1-424b-9868-57a2d4851a1d" />
    <TestEntry testId="c1f74549-0e3d-e32b-3c71-cedfb9c5eef0" executionId="f18d2280-6e5f-4ae4-92f1-439a91bf518a" testListId="8c84fa94-04c1-424b-9868-57a2d4851a1d" />
    <TestEntry testId="2850ab82-187d-c41c-6c55-5faf4323eb97" executionId="8c723af8-9efc-432c-be80-396ca8049c07" testListId="8c84fa94-04c1-424b-9868-57a2d4851a1d" />
    <TestEntry testId="49bc91b3-0e58-95cf-9899-940758bf9038" executionId="0e5be355-2cdd-4db5-b4bf-7d7d2b8005e6" testListId="8c84fa94-04c1-424b-9868-57a2d4851a1d" />
    <TestEntry testId="b09c7353-a02d-ff9f-8437-0ec01da8590a" executionId="f0a8a3cc-df64-413e-8519-4a72028e5565" testListId="8c84fa94-04c1-424b-9868-57a2d4851a1d" />
    <TestEntry testId="b8b5d1da-4dc1-76f1-a2bd-31503c4d0668" executionId="bfd7384c-ea16-443a-b28c-289c78c9bd1c" testListId="8c84fa94-04c1-424b-9868-57a2d4851a1d" />
    <TestEntry testId="308f63bb-ffab-d024-ffbf-d3fa54a43504" executionId="30e344dc-6fc3-49d0-9bc7-fca370783653" testListId="8c84fa94-04c1-424b-9868-57a2d4851a1d" />
    <TestEntry testId="8e460e03-2bfd-8239-d4ce-aaba6f07f2d0" executionId="aadb9cf2-0287-4187-b2c7-4fa4ea98c7bf" testListId="8c84fa94-04c1-424b-9868-57a2d4851a1d" />
    <TestEntry testId="97e7d06a-68e4-1586-9e4c-e6b41260549f" executionId="e93bddd5-5231-4d9e-8b67-2cbde5373d24" testListId="8c84fa94-04c1-424b-9868-57a2d4851a1d" />
    <TestEntry testId="d6559df8-87d0-bb20-8032-f0a4e10719d7" executionId="15a2427c-bb20-45e6-aec4-8832409b2a0c" testListId="8c84fa94-04c1-424b-9868-57a2d4851a1d" />
    <TestEntry testId="f9dae8a6-1410-fa92-4089-639221dba286" executionId="7c06d0fd-b608-4d60-a9ea-11a9354ea58a" testListId="8c84fa94-04c1-424b-9868-57a2d4851a1d" />
    <TestEntry testId="48b02059-b634-8f5d-f4de-84436d54e786" executionId="511d5271-0046-400e-afcf-6212e0c69852" testListId="8c84fa94-04c1-424b-9868-57a2d4851a1d" />
    <TestEntry testId="61e3c009-6d40-f26a-bfa1-a7b30d7f5bbd" executionId="7141302d-3914-43d5-afc4-95ca748b0abc" testListId="8c84fa94-04c1-424b-9868-57a2d4851a1d" />
    <TestEntry testId="25a2ab59-4e6b-8585-ad34-1909dafc5c3e" executionId="b6bb1d22-1353-4b12-91da-24944ec89dd4" testListId="8c84fa94-04c1-424b-9868-57a2d4851a1d" />
    <TestEntry testId="aa5a6ee6-251d-45e9-7756-92ac3de9f3a4" executionId="fda195cb-760f-491c-b220-aa0b850c93fa" testListId="8c84fa94-04c1-424b-9868-57a2d4851a1d" />
    <TestEntry testId="c47cbfb5-8a50-ef76-dc8b-bbbbe83c35f6" executionId="bf355f46-1002-48a2-9d8f-c5a48e630c00" testListId="8c84fa94-04c1-424b-9868-57a2d4851a1d" />
    <TestEntry testId="774975d0-338f-cf44-fe77-bf25f6734c5b" executionId="0dcef8ca-10af-4ae0-bd91-4611295e9209" testListId="8c84fa94-04c1-424b-9868-57a2d4851a1d" />
    <TestEntry testId="64bf4ca0-c568-7784-9fd7-9241aca3c483" executionId="d8678feb-dfb8-45e6-bb8c-b2a7b2b605e9" testListId="8c84fa94-04c1-424b-9868-57a2d4851a1d" />
    <TestEntry testId="bd10e1d0-a002-0856-831f-b5cf43dbc863" executionId="1040a31d-237d-4daa-915d-6ef5774f611f" testListId="8c84fa94-04c1-424b-9868-57a2d4851a1d" />
    <TestEntry testId="65d04660-c78c-f9e9-ce4c-0226775bf0c4" executionId="33ff8a6a-6f18-4625-ab70-d684a3cff42a" testListId="8c84fa94-04c1-424b-9868-57a2d4851a1d" />
    <TestEntry testId="08483f1f-4568-e039-2698-7a75165ec4e4" executionId="df4e0136-433d-432c-b34c-2438e6980698" testListId="8c84fa94-04c1-424b-9868-57a2d4851a1d" />
    <TestEntry testId="7a0dc36a-c1cd-21c8-9ba3-75ff2dea0cf7" executionId="1d4021c3-f3c2-40b5-b8cd-e71e2634dcad" testListId="8c84fa94-04c1-424b-9868-57a2d4851a1d" />
    <TestEntry testId="edfa9ac1-af92-8fad-09f0-213c59a511c9" executionId="bca40632-a184-44af-9045-2681d1d80cc6" testListId="8c84fa94-04c1-424b-9868-57a2d4851a1d" />
    <TestEntry testId="6df640a9-0a50-74d8-fe7f-d3add40b9424" executionId="49bcf802-ecb1-4d3e-9797-eae3818fb24e" testListId="8c84fa94-04c1-424b-9868-57a2d4851a1d" />
    <TestEntry testId="bfd791d4-3818-9f2c-b28d-53bbc42d1573" executionId="952f792e-8aa7-4ad1-8fd2-db8b6b0a7652" testListId="8c84fa94-04c1-424b-9868-57a2d4851a1d" />
    <TestEntry testId="e752e0ff-bfc6-c186-6be7-f4690c294e87" executionId="f09eeb9b-2593-49fa-84a4-9befb8b508be" testListId="8c84fa94-04c1-424b-9868-57a2d4851a1d" />
    <TestEntry testId="cf0c75b1-044e-c5b0-ba75-3be411bef17a" executionId="3495132e-9017-4319-a945-ece2e24ce951" testListId="8c84fa94-04c1-424b-9868-57a2d4851a1d" />
    <TestEntry testId="01bc0fde-c67c-6987-54c2-b9ed8c5df445" executionId="a6ece9c4-37dc-44ce-9fa3-a205b7a8ad53" testListId="8c84fa94-04c1-424b-9868-57a2d4851a1d" />
    <TestEntry testId="a3089784-5b87-5aa6-6c29-ce468fd5b9ef" executionId="b8e108da-79f9-41a5-b594-66cc15e0aed6" testListId="8c84fa94-04c1-424b-9868-57a2d4851a1d" />
    <TestEntry testId="32fbd952-cf12-ae2b-c5d4-e7f80c991d18" executionId="bc7e40a9-df61-415f-af87-0f06fb6d65f4" testListId="8c84fa94-04c1-424b-9868-57a2d4851a1d" />
    <TestEntry testId="eb2478e2-607b-274e-dc5e-7e8aa422b888" executionId="2257a87b-a69d-4984-9986-24f84b8736ab" testListId="8c84fa94-04c1-424b-9868-57a2d4851a1d" />
    <TestEntry testId="b357ddf5-0643-7e7d-12aa-101fa59704c1" executionId="0eeb2223-bda4-47b0-a621-981fac75de21" testListId="8c84fa94-04c1-424b-9868-57a2d4851a1d" />
    <TestEntry testId="03478619-c09b-a567-26eb-276c25d533f6" executionId="859c185f-264e-473e-ad13-405de6141e12" testListId="8c84fa94-04c1-424b-9868-57a2d4851a1d" />
    <TestEntry testId="e4c24bc9-2414-541c-9971-01e696ad9e3b" executionId="7e028dec-68bd-4d17-927c-8eed59544874" testListId="8c84fa94-04c1-424b-9868-57a2d4851a1d" />
    <TestEntry testId="32b5e401-b422-8929-2a74-c85e3600dd70" executionId="098b495b-ebae-4827-98d3-46b6bdc17ab8" testListId="8c84fa94-04c1-424b-9868-57a2d4851a1d" />
    <TestEntry testId="871f6ec2-6973-6f3c-2bf4-5a51a50a4cf2" executionId="1f51017f-ef6a-445c-a9ce-253b11afce2d" testListId="8c84fa94-04c1-424b-9868-57a2d4851a1d" />
    <TestEntry testId="0a158be2-3d0e-91be-dc79-b834318d6106" executionId="6e392140-a8a5-42c5-90ce-b025fa3692a4" testListId="8c84fa94-04c1-424b-9868-57a2d4851a1d" />
    <TestEntry testId="b15b4f4f-c7f5-4ee9-5c26-ea40d9596988" executionId="9e21687a-64cb-4773-8c77-9264ff5a6ba8" testListId="8c84fa94-04c1-424b-9868-57a2d4851a1d" />
    <TestEntry testId="6b9e5408-4e04-a559-173d-978d8c871a1a" executionId="05305d23-6361-47d1-ab6d-34b19c57d4b2" testListId="8c84fa94-04c1-424b-9868-57a2d4851a1d" />
    <TestEntry testId="8a93c35e-4228-1fba-033f-24c13305aa44" executionId="da548700-f969-467c-919e-5048a578412e" testListId="8c84fa94-04c1-424b-9868-57a2d4851a1d" />
    <TestEntry testId="25843545-ef80-11aa-4565-6026ffae4df6" executionId="dd8a9087-6897-4d12-b0ad-be3309f06f6b" testListId="8c84fa94-04c1-424b-9868-57a2d4851a1d" />
    <TestEntry testId="7e3c3908-f70c-8d41-e8fe-866ddfe5a4bc" executionId="a62f68de-3ec5-49c7-b2ac-437d60321827" testListId="8c84fa94-04c1-424b-9868-57a2d4851a1d" />
    <TestEntry testId="8f08ea31-2511-c2ee-1c5b-8c8ed224c8f7" executionId="af4509a6-e7e5-4029-969b-99a7f0425370" testListId="8c84fa94-04c1-424b-9868-57a2d4851a1d" />
    <TestEntry testId="09121af1-86de-0b56-a5ac-7cfa89066de2" executionId="b608c2a8-ab16-4a3e-a06b-9af04b17eece" testListId="8c84fa94-04c1-424b-9868-57a2d4851a1d" />
    <TestEntry testId="5d3b9f28-5b7f-774a-d114-babb2f2f6cd2" executionId="f493db46-4a03-4d04-8ed5-acf84f16f629" testListId="8c84fa94-04c1-424b-9868-57a2d4851a1d" />
    <TestEntry testId="62e0da8f-3c56-f977-affd-e0b646a454d7" executionId="da89dc4e-976f-40e8-9b41-49f9674fc373" testListId="8c84fa94-04c1-424b-9868-57a2d4851a1d" />
    <TestEntry testId="5a81ef7d-e348-ad91-56ea-2f873a9d2e52" executionId="7d39f0a0-8e2a-43d0-9a4b-6fae079a411a" testListId="8c84fa94-04c1-424b-9868-57a2d4851a1d" />
    <TestEntry testId="08cc126a-cc1a-5bd0-28c8-0e116736d384" executionId="9d1792b6-7029-41dc-8c74-dacbc55956f4" testListId="8c84fa94-04c1-424b-9868-57a2d4851a1d" />
    <TestEntry testId="fb06ac1d-f4a6-d9b4-8722-be97dde4c78f" executionId="c2dc273f-5228-458f-a809-9864870ac263" testListId="8c84fa94-04c1-424b-9868-57a2d4851a1d" />
    <TestEntry testId="eb170641-3426-e971-0f6b-76c99ea56069" executionId="4f148b2e-f0e3-4744-82d0-bf55cf8076e0" testListId="8c84fa94-04c1-424b-9868-57a2d4851a1d" />
    <TestEntry testId="d289ff8a-f589-cd43-96ee-801082b894b3" executionId="4a338c48-6e5a-4015-bcd8-d1e4069ff75e" testListId="8c84fa94-04c1-424b-9868-57a2d4851a1d" />
    <TestEntry testId="6e4090e6-94bd-7c50-aeb3-2559b9307fcd" executionId="2c468d35-f94a-4524-b9f0-42162924fed6" testListId="8c84fa94-04c1-424b-9868-57a2d4851a1d" />
    <TestEntry testId="ab352261-f7fb-4de5-d0ab-b3696dc3f865" executionId="8099e031-6eb2-4db6-b5ad-f1ff2f5e9295" testListId="8c84fa94-04c1-424b-9868-57a2d4851a1d" />
    <TestEntry testId="c1ccc07e-0232-8793-44eb-68dba00ee95d" executionId="4558f5ba-903b-4de3-8dd5-6359d1e6f0fb" testListId="8c84fa94-04c1-424b-9868-57a2d4851a1d" />
    <TestEntry testId="bb7fb76c-e069-4fd0-bdf8-cc43e62b4ee4" executionId="3cab02a7-aba0-403d-9776-4626bed80d25" testListId="8c84fa94-04c1-424b-9868-57a2d4851a1d" />
    <TestEntry testId="301bb053-2669-b626-aada-e5ec26552701" executionId="ca26f627-c344-436e-b719-28632f630621" testListId="8c84fa94-04c1-424b-9868-57a2d4851a1d" />
    <TestEntry testId="b5787dfc-a6ff-a360-1b42-6d6dc7b8eb31" executionId="c353b673-cba7-415f-a56f-c7f43c5df2a1" testListId="8c84fa94-04c1-424b-9868-57a2d4851a1d" />
    <TestEntry testId="b239663f-1e50-f69c-66e6-3b0384771bf2" executionId="37acaff1-6c7d-4691-b394-e40103756571" testListId="8c84fa94-04c1-424b-9868-57a2d4851a1d" />
    <TestEntry testId="5789951e-05f9-80ac-4d0e-916299b6afb4" executionId="914fa68c-0353-43cb-b6f4-1d7f6505da61" testListId="8c84fa94-04c1-424b-9868-57a2d4851a1d" />
    <TestEntry testId="392352ae-d647-e68a-124a-33d5232e7f11" executionId="35b6cbd9-e1a3-4426-86bb-c46d0ab91e76" testListId="8c84fa94-04c1-424b-9868-57a2d4851a1d" />
    <TestEntry testId="3d785457-9ab7-7088-1cc3-dd4fad28665b" executionId="6529bc2c-9cf9-4d72-9a6e-b5272cb94e01" testListId="8c84fa94-04c1-424b-9868-57a2d4851a1d" />
    <TestEntry testId="53422728-4202-db44-815d-fc4c107ae306" executionId="c62e0e8b-63f3-4fb5-acc7-aee3ad77668e" testListId="8c84fa94-04c1-424b-9868-57a2d4851a1d" />
    <TestEntry testId="d78ddc2b-307f-bc26-2b15-e79e8f94ce76" executionId="996daca3-66a0-438a-b951-dbe2545f9790" testListId="8c84fa94-04c1-424b-9868-57a2d4851a1d" />
    <TestEntry testId="24a8c25f-b1c2-eba6-82b4-72c1adc9ee27" executionId="c21e9b98-164c-4c7b-859f-2dc2d21ce34a" testListId="8c84fa94-04c1-424b-9868-57a2d4851a1d" />
    <TestEntry testId="4869fcc0-9c89-53f1-f0e6-6ac4c4ca00cc" executionId="2c3878ef-f235-499d-afa1-c9063fc605c5" testListId="8c84fa94-04c1-424b-9868-57a2d4851a1d" />
    <TestEntry testId="9fe60fa0-7d32-eb9d-1e44-3be02241d2db" executionId="bdd0b0a0-1069-4e26-a2bf-5c0304ae9627" testListId="8c84fa94-04c1-424b-9868-57a2d4851a1d" />
    <TestEntry testId="dd9bb228-d729-118d-1416-75302d26e796" executionId="71b44ab5-7139-4966-a2b3-940940e82d97" testListId="8c84fa94-04c1-424b-9868-57a2d4851a1d" />
    <TestEntry testId="cb701829-9c23-dcf0-e438-8208a51f3dd4" executionId="bf83173f-6a07-41dd-80b9-ac7dcb963dd6" testListId="8c84fa94-04c1-424b-9868-57a2d4851a1d" />
    <TestEntry testId="67b41555-668e-a38b-443d-e1d215565a3e" executionId="3e7bded8-12e3-40e8-81a4-389fe85e6d7d" testListId="8c84fa94-04c1-424b-9868-57a2d4851a1d" />
    <TestEntry testId="d430b74b-fb63-d6ac-57a1-5a6c439392cf" executionId="4652f744-00e0-4d59-9e3e-ed39f7e47f78" testListId="8c84fa94-04c1-424b-9868-57a2d4851a1d" />
    <TestEntry testId="d4fbe30b-c3a5-9110-1c8a-b21accc6c6ad" executionId="bcad8f36-5594-4d04-9771-b2638e65b8f2" testListId="8c84fa94-04c1-424b-9868-57a2d4851a1d" />
    <TestEntry testId="3a583449-4deb-358f-f880-2478ec9ff18a" executionId="bfbd267e-0332-4f06-8d4b-8266506e3299" testListId="8c84fa94-04c1-424b-9868-57a2d4851a1d" />
    <TestEntry testId="b5bea1ce-3302-3d5c-c970-5439c8ce2d20" executionId="71d889ff-9762-4482-a0dd-a19485ed4a00" testListId="8c84fa94-04c1-424b-9868-57a2d4851a1d" />
    <TestEntry testId="679fa446-5363-b4de-5431-4cdafa751f6b" executionId="8e64461f-4a89-4737-ad8c-1160fb9891b9" testListId="8c84fa94-04c1-424b-9868-57a2d4851a1d" />
    <TestEntry testId="7487e89c-78f3-9567-7976-60fdef3ca987" executionId="b142b4cd-429d-4a0f-b874-203c05c4c6d3" testListId="8c84fa94-04c1-424b-9868-57a2d4851a1d" />
    <TestEntry testId="0a92ab9e-a0ef-5666-6bfc-bca43af1a11e" executionId="d2f04af6-51f1-4f73-815f-5a8b7e75f10c" testListId="8c84fa94-04c1-424b-9868-57a2d4851a1d" />
    <TestEntry testId="c475df53-8f1e-79fe-20e9-fd298525b9b9" executionId="cb69e4eb-cd51-4056-b9da-8075cf539880" testListId="8c84fa94-04c1-424b-9868-57a2d4851a1d" />
    <TestEntry testId="32e1fb9e-8eb8-101c-f28a-073547e7fa1e" executionId="0c7669d0-d647-4dc3-bc49-d27ce82c1e19" testListId="8c84fa94-04c1-424b-9868-57a2d4851a1d" />
    <TestEntry testId="fc1fc2c4-ffdf-b544-ce27-92bf115fe30b" executionId="76848766-775e-4480-8798-2353a5f3a4d4" testListId="8c84fa94-04c1-424b-9868-57a2d4851a1d" />
    <TestEntry testId="79bbf345-4c1f-d3ec-6206-5d160bd2b4aa" executionId="eb44f6e5-9324-4dfe-aaaa-c9706cc5c819" testListId="8c84fa94-04c1-424b-9868-57a2d4851a1d" />
    <TestEntry testId="67c0ea39-eacf-68a7-bc2c-66d2ee840cfb" executionId="3ee8bbc9-93c0-404d-bdcd-bd53dec79244" testListId="8c84fa94-04c1-424b-9868-57a2d4851a1d" />
    <TestEntry testId="f7581027-c1a4-443d-888a-b124436b90b1" executionId="2a6f3f34-c34d-49cb-aed3-a670f82abc42" testListId="8c84fa94-04c1-424b-9868-57a2d4851a1d" />
    <TestEntry testId="0f05d604-6e61-b82e-404f-e9831974b180" executionId="1add5a75-56fe-4675-8fa2-b2d5e26f947b" testListId="8c84fa94-04c1-424b-9868-57a2d4851a1d" />
    <TestEntry testId="4a238ba0-fcc0-32ec-05c8-4cb7401b273a" executionId="158e606c-97c0-4e10-88a5-04c68c1fd459" testListId="8c84fa94-04c1-424b-9868-57a2d4851a1d" />
    <TestEntry testId="e734e722-c897-0ccb-6f21-a044403c8cd2" executionId="51153be2-7c65-4192-aaf0-39269f028d5d" testListId="8c84fa94-04c1-424b-9868-57a2d4851a1d" />
    <TestEntry testId="01189ec3-4c33-3643-ad1a-50e739d11dfb" executionId="19cbc940-d986-4fc1-bfc7-234912d4c2f1" testListId="8c84fa94-04c1-424b-9868-57a2d4851a1d" />
    <TestEntry testId="c199ff76-2997-edbd-0462-ba7539f412d3" executionId="9314ee6c-1ba5-4e24-b208-b115379b01a3" testListId="8c84fa94-04c1-424b-9868-57a2d4851a1d" />
    <TestEntry testId="5f559e43-4e08-7018-bc21-dc71856c4701" executionId="2629eeb6-668b-4a09-8c42-a0ef868662dc" testListId="8c84fa94-04c1-424b-9868-57a2d4851a1d" />
    <TestEntry testId="3f6286d5-3f69-a507-072d-04f3b3c184c5" executionId="34c60639-c9b3-4e59-83ef-cf1051b649fd" testListId="8c84fa94-04c1-424b-9868-57a2d4851a1d" />
    <TestEntry testId="737a55e3-02b4-11ec-a502-8f24217ffca3" executionId="d8623ee1-1967-4029-b963-5be88513069e" testListId="8c84fa94-04c1-424b-9868-57a2d4851a1d" />
    <TestEntry testId="354ba800-9c3f-2483-ba05-53bf465653b1" executionId="7cdff6cd-080d-4bb8-94be-e6cf2518d509" testListId="8c84fa94-04c1-424b-9868-57a2d4851a1d" />
    <TestEntry testId="06c90135-67c9-51a3-9a46-9517155efc3a" executionId="b910594b-c5be-48b1-a55d-f32891df59c4" testListId="8c84fa94-04c1-424b-9868-57a2d4851a1d" />
    <TestEntry testId="97bf175b-3437-3a0c-6b6e-4f876d982b3c" executionId="2a67402b-b54b-4917-8daf-6ddb90a7b960" testListId="8c84fa94-04c1-424b-9868-57a2d4851a1d" />
    <TestEntry testId="8938eaaa-10f4-1d84-a810-d332ab0c7421" executionId="c7e95040-e1ad-4576-8180-b9cfdee00b1e" testListId="8c84fa94-04c1-424b-9868-57a2d4851a1d" />
    <TestEntry testId="0a9c2a64-10d3-ab1b-bf1d-557005ecb79f" executionId="34560d94-578a-42b3-8c4c-fe27140ada88" testListId="8c84fa94-04c1-424b-9868-57a2d4851a1d" />
    <TestEntry testId="6dff7af6-6d16-8dba-ea01-3eb9769c2e7a" executionId="8b06d79b-6919-4e1e-882e-b20aa6e8ad67" testListId="8c84fa94-04c1-424b-9868-57a2d4851a1d" />
    <TestEntry testId="3d30bb33-ce76-b575-87f7-58c02b2189a7" executionId="b3d067ca-11a4-4a1a-bf25-2d92f59ecbf7" testListId="8c84fa94-04c1-424b-9868-57a2d4851a1d" />
    <TestEntry testId="01387d97-f9fc-82cf-fc0c-bafa84835078" executionId="b37e1535-601b-4d12-9ccc-b9bff87fc3f1" testListId="8c84fa94-04c1-424b-9868-57a2d4851a1d" />
    <TestEntry testId="c24157b1-3889-6460-0ff0-4d271e6b970c" executionId="b2b4f34c-31b2-456a-a2c6-b4a8afca7f0b" testListId="8c84fa94-04c1-424b-9868-57a2d4851a1d" />
    <TestEntry testId="d2a69b62-2638-ec8f-cc97-92c357c5901e" executionId="ee09e766-8cc4-403c-bbc2-5b768855f741" testListId="8c84fa94-04c1-424b-9868-57a2d4851a1d" />
    <TestEntry testId="9551a8f2-f5be-a617-500a-980790ba8737" executionId="b7cef42a-6cfd-4c1c-b24e-2045de5afcf3" testListId="8c84fa94-04c1-424b-9868-57a2d4851a1d" />
    <TestEntry testId="10990a14-03a7-011d-0324-9b08e537fb18" executionId="f8fb8e7c-6891-4994-8f0d-3c456febebb7" testListId="8c84fa94-04c1-424b-9868-57a2d4851a1d" />
    <TestEntry testId="be7d7f3c-32c0-1ba5-667f-eebdbcb535c4" executionId="338fd435-97b2-43db-86d4-c1df9ce2871a" testListId="8c84fa94-04c1-424b-9868-57a2d4851a1d" />
    <TestEntry testId="f10e91e5-2148-35b8-c1cd-83b0c57e538b" executionId="7d99e101-35bc-4f2f-a7fd-e23df01453f1" testListId="8c84fa94-04c1-424b-9868-57a2d4851a1d" />
    <TestEntry testId="73ec9274-5d95-cb62-60ca-c2f3ce2346e6" executionId="8d946094-f9aa-4cad-a6fd-a963f7931658" testListId="8c84fa94-04c1-424b-9868-57a2d4851a1d" />
    <TestEntry testId="5f1d3042-4664-b398-297d-153c346ec0d1" executionId="5e23c191-582d-4fd3-8dcb-cbda0bf93777" testListId="8c84fa94-04c1-424b-9868-57a2d4851a1d" />
    <TestEntry testId="a986cdd1-f3b8-291d-b1aa-90291a659d05" executionId="715f1156-5b5f-4c1a-8d33-a29b593b6d62" testListId="8c84fa94-04c1-424b-9868-57a2d4851a1d" />
    <TestEntry testId="25d2ce81-b800-30ed-a9ff-8db2b7fca025" executionId="20839135-f421-42b7-a466-a7e4f7e08645" testListId="8c84fa94-04c1-424b-9868-57a2d4851a1d" />
    <TestEntry testId="a7d99e35-c064-6ecd-9e86-ff4a258d4620" executionId="888aa0b4-147a-4c4e-9f7c-309eef3cff1f" testListId="8c84fa94-04c1-424b-9868-57a2d4851a1d" />
    <TestEntry testId="8357d2b8-f5e8-a07c-49aa-5e2b167211f4" executionId="0004d71b-397b-4338-9a5d-a9331abe02d7" testListId="8c84fa94-04c1-424b-9868-57a2d4851a1d" />
    <TestEntry testId="e4e07f2b-adba-7b75-6902-9e3a9d332cfe" executionId="52120da2-913d-4d72-80c6-46a80f3fe481" testListId="8c84fa94-04c1-424b-9868-57a2d4851a1d" />
    <TestEntry testId="e36409e3-019e-24ac-3359-9d7af3a2aada" executionId="46e033b1-f22f-4196-8f8a-f1a14ba5810c" testListId="8c84fa94-04c1-424b-9868-57a2d4851a1d" />
    <TestEntry testId="673d5a8a-8f58-a8c0-2572-e1a8f9618e54" executionId="52ff9cec-17cd-4693-b712-35ac9083a38a" testListId="8c84fa94-04c1-424b-9868-57a2d4851a1d" />
    <TestEntry testId="b11280c6-b927-424b-97d9-4a8daa017667" executionId="f6ad73d2-8503-4161-84b8-e6d486f44efa" testListId="8c84fa94-04c1-424b-9868-57a2d4851a1d" />
    <TestEntry testId="0c0836ab-4cd8-bcb2-8664-28d80763d09f" executionId="6602e463-cf0c-42bf-a485-05250b466100" testListId="8c84fa94-04c1-424b-9868-57a2d4851a1d" />
    <TestEntry testId="60300bdb-ae50-3bc0-5350-bcb4f9396c0e" executionId="355ae980-195d-4ddf-b583-8d19646d2753" testListId="8c84fa94-04c1-424b-9868-57a2d4851a1d" />
    <TestEntry testId="3fc54712-5186-4bec-f033-21016fea98fa" executionId="3410f899-3961-4a6c-a3a8-5cfb5a30aa4c" testListId="8c84fa94-04c1-424b-9868-57a2d4851a1d" />
    <TestEntry testId="137cce7b-4534-866e-a202-717289695719" executionId="471feebf-31f0-4ac3-abb7-18b7b6612148" testListId="8c84fa94-04c1-424b-9868-57a2d4851a1d" />
    <TestEntry testId="2308f95d-e716-8457-e2f9-557865d40f5f" executionId="0c206b55-0ff1-4375-8ec2-bd51d71fb53e" testListId="8c84fa94-04c1-424b-9868-57a2d4851a1d" />
    <TestEntry testId="37465b96-5d9d-91f9-7bbc-1b2bd9de14df" executionId="18e078c5-abdb-4291-8b80-f873295cecde" testListId="8c84fa94-04c1-424b-9868-57a2d4851a1d" />
    <TestEntry testId="62771907-5daf-58e6-a184-e6742aca31e8" executionId="0f4888e7-e9d4-45dc-983b-6736cc700eec" testListId="8c84fa94-04c1-424b-9868-57a2d4851a1d" />
    <TestEntry testId="786f976f-79dc-fb5a-d9d5-d8983ae14820" executionId="70c862f3-eb68-4c27-bcd8-cc20714f0fe8" testListId="8c84fa94-04c1-424b-9868-57a2d4851a1d" />
    <TestEntry testId="87dedebf-9e1e-bd2e-7ee4-397e89dac510" executionId="6a9097c2-d4db-439e-839d-e001542bf3a4" testListId="8c84fa94-04c1-424b-9868-57a2d4851a1d" />
    <TestEntry testId="c3df773c-1590-2c82-5cd8-cf0a4f3a6afc" executionId="794a6d72-22d7-41a5-944a-05d12c07a09b" testListId="8c84fa94-04c1-424b-9868-57a2d4851a1d" />
    <TestEntry testId="c2b0fa30-6a46-612d-08bf-8da951ad3d1e" executionId="bb332c2a-3d59-46dc-a5d0-d8bee7d20b8d" testListId="8c84fa94-04c1-424b-9868-57a2d4851a1d" />
    <TestEntry testId="d6b02c69-a6ef-0109-3a3b-2890f16309c7" executionId="b0be5ad5-9b91-44b9-b432-cf54cef6586d" testListId="8c84fa94-04c1-424b-9868-57a2d4851a1d" />
    <TestEntry testId="f1273a57-f352-81b3-3c22-3b2f4debaba3" executionId="b076304f-2299-4bcb-944c-90fd2478de9f" testListId="8c84fa94-04c1-424b-9868-57a2d4851a1d" />
    <TestEntry testId="6782d7fb-c6f1-9d5e-e21b-8e8665ae821d" executionId="21657c8f-9c54-4a92-96c0-da9bcbc3bc7f" testListId="8c84fa94-04c1-424b-9868-57a2d4851a1d" />
    <TestEntry testId="1677c45e-088d-ae58-08dc-ccdb32d9ca65" executionId="ea88e4db-6332-4797-a850-3889c95f54b4" testListId="8c84fa94-04c1-424b-9868-57a2d4851a1d" />
    <TestEntry testId="1bb65b8b-a8a2-1654-89b4-e0a9b34ce5a7" executionId="a88f46c8-5a8c-4ad4-ae51-26504bceefbf" testListId="8c84fa94-04c1-424b-9868-57a2d4851a1d" />
    <TestEntry testId="4d02d00b-2996-2f9f-95bd-26fe5f7ed1e8" executionId="d8cb3093-2d1f-4814-985e-23eb66fb03b1" testListId="8c84fa94-04c1-424b-9868-57a2d4851a1d" />
    <TestEntry testId="935bdf43-855a-f0b1-5928-21e0e8057f44" executionId="342572bf-6517-4b66-9519-bd8a255faa83" testListId="8c84fa94-04c1-424b-9868-57a2d4851a1d" />
    <TestEntry testId="c0b96a1c-b0d5-ece3-3b78-6c5f48ca51fc" executionId="b0d34c82-e880-43c6-bd63-342fba9701dc" testListId="8c84fa94-04c1-424b-9868-57a2d4851a1d" />
    <TestEntry testId="dc1fd292-e174-668d-7833-c1854255d61a" executionId="ff18f7fc-4d13-4b91-b408-9398489b49a5" testListId="8c84fa94-04c1-424b-9868-57a2d4851a1d" />
    <TestEntry testId="9f7143c5-f21b-a4cb-b62f-d856a6e8e1f7" executionId="877a9c3b-e46e-4583-bf3e-7a178fabed7e" testListId="8c84fa94-04c1-424b-9868-57a2d4851a1d" />
    <TestEntry testId="ebfe7877-f55a-fab7-3a7d-8cf9c4a15098" executionId="1a3b121a-9c72-4484-b86e-6bf344c6a5cd" testListId="8c84fa94-04c1-424b-9868-57a2d4851a1d" />
    <TestEntry testId="24f4c2d7-2c1a-d96f-02e1-f48f7d97bc91" executionId="8dfee34b-d9ce-4563-b46b-18ddea7eeacd" testListId="8c84fa94-04c1-424b-9868-57a2d4851a1d" />
    <TestEntry testId="023f7f43-765e-9b8d-a4fb-66ae949e5c24" executionId="368d818a-29e1-4466-b6ff-803d65b93468" testListId="8c84fa94-04c1-424b-9868-57a2d4851a1d" />
    <TestEntry testId="4599a740-2169-7e32-9656-668b8e9b7b20" executionId="3c7f097f-14c4-4781-afc9-8dd4218c96c7" testListId="8c84fa94-04c1-424b-9868-57a2d4851a1d" />
    <TestEntry testId="4fc7265c-8aa9-4dcf-df19-f51dedafe8a7" executionId="6e576557-714c-4f4a-bfa9-57264cf8ba0a" testListId="8c84fa94-04c1-424b-9868-57a2d4851a1d" />
    <TestEntry testId="0b0ff5aa-c291-79fb-1d8b-d1660f2ebad3" executionId="4ae3bca1-6eb3-46c4-8d45-b937da489e3c" testListId="8c84fa94-04c1-424b-9868-57a2d4851a1d" />
    <TestEntry testId="545d08a7-8d4d-0e52-621a-4acb7e985873" executionId="06041f2a-92cf-41ec-bf23-1e0a632b0bfc" testListId="8c84fa94-04c1-424b-9868-57a2d4851a1d" />
    <TestEntry testId="e843bfee-0457-6dab-bf5f-4166d9265b34" executionId="1d8873d6-ba9a-4c56-8d2b-69c5f8f236d2" testListId="8c84fa94-04c1-424b-9868-57a2d4851a1d" />
    <TestEntry testId="8ff1a4be-4c7a-03eb-1e8d-280cdf27a49d" executionId="9c7bc91b-bde4-45c5-b026-db66bc894cea" testListId="8c84fa94-04c1-424b-9868-57a2d4851a1d" />
    <TestEntry testId="8499840e-abfc-164b-57b3-05d439aac484" executionId="f4b2c03b-878e-456e-8284-f012b11689d6" testListId="8c84fa94-04c1-424b-9868-57a2d4851a1d" />
    <TestEntry testId="27f0a424-dd24-08ba-788b-f15f39b1c327" executionId="2b64fc11-0402-4d9f-a5ad-11bb1c2d011b" testListId="8c84fa94-04c1-424b-9868-57a2d4851a1d" />
    <TestEntry testId="72564ee7-6904-9d2d-9a11-6e408d6771a9" executionId="3f61ae7a-8742-453d-a876-ad53f4ea50f1" testListId="8c84fa94-04c1-424b-9868-57a2d4851a1d" />
    <TestEntry testId="2c767513-d46b-25c9-8b79-070556151a0d" executionId="163de67f-2009-411a-ace5-50a35d86a397" testListId="8c84fa94-04c1-424b-9868-57a2d4851a1d" />
    <TestEntry testId="0698a694-c3e3-daa4-3795-9bea8316565b" executionId="42f66b80-2af0-4c30-923b-8b704ac519a5" testListId="8c84fa94-04c1-424b-9868-57a2d4851a1d" />
    <TestEntry testId="e52da296-c08b-e9c0-0216-381a1c8bbd9e" executionId="de811cd4-4f99-471d-82d4-86bd43b8bc61" testListId="8c84fa94-04c1-424b-9868-57a2d4851a1d" />
    <TestEntry testId="225e2319-c278-70af-0c9e-1f0e59bd70af" executionId="9f085831-f867-4eeb-ad15-22b0fe5b18e7" testListId="8c84fa94-04c1-424b-9868-57a2d4851a1d" />
    <TestEntry testId="0c1e1d3a-ed1f-c93a-037d-77d586b8b565" executionId="5086b29f-d021-4ea1-98ca-b5e452b30391" testListId="8c84fa94-04c1-424b-9868-57a2d4851a1d" />
    <TestEntry testId="1bf83f76-33b3-45e4-acc8-af80bf4d763b" executionId="77f78677-f387-454a-b776-f156bbd3f303" testListId="8c84fa94-04c1-424b-9868-57a2d4851a1d" />
    <TestEntry testId="21dd4ab4-8f48-2c5a-854c-4eb0b036ad99" executionId="180bd12b-17cf-4333-8ad7-ffc9ae2675f3" testListId="8c84fa94-04c1-424b-9868-57a2d4851a1d" />
    <TestEntry testId="0138d714-b11a-1112-3975-544e9807700f" executionId="f7c4ce15-75eb-4c4c-91a1-e260e1ed3bca" testListId="8c84fa94-04c1-424b-9868-57a2d4851a1d" />
    <TestEntry testId="eff4462f-0b3b-bad0-f3bc-88c9334e4c4b" executionId="d8643c75-e149-4db5-878e-6dcd4f2a7875" testListId="8c84fa94-04c1-424b-9868-57a2d4851a1d" />
    <TestEntry testId="82f28324-964a-7ebe-3fa1-b6d48ed97144" executionId="47778bc5-63d6-4862-b6eb-5d963522ca87" testListId="8c84fa94-04c1-424b-9868-57a2d4851a1d" />
    <TestEntry testId="a7839cf0-508a-0ad4-6fc1-0553406f8071" executionId="3b33dd77-103b-449f-8b29-6abf2279d669" testListId="8c84fa94-04c1-424b-9868-57a2d4851a1d" />
    <TestEntry testId="b543895e-b652-81f1-d5a2-ebd384954ea0" executionId="434c122f-7308-4f4a-88c0-78548be1e120" testListId="8c84fa94-04c1-424b-9868-57a2d4851a1d" />
    <TestEntry testId="276c0e6d-3f7a-82fd-4800-9c53564baba3" executionId="3321cdab-0119-4b67-a308-d3eaf1d7cd51" testListId="8c84fa94-04c1-424b-9868-57a2d4851a1d" />
    <TestEntry testId="4f82d922-22f6-d968-086c-9b41bf965fdc" executionId="33a9d434-89f1-4a1e-9bf1-3ee72edab760" testListId="8c84fa94-04c1-424b-9868-57a2d4851a1d" />
    <TestEntry testId="052237df-54d9-31a7-0ab1-08aaf1d51da7" executionId="15c391cf-2b22-47f7-8f9f-75971cfc5569" testListId="8c84fa94-04c1-424b-9868-57a2d4851a1d" />
    <TestEntry testId="687e8953-7e5d-f508-b1c0-23de14611310" executionId="ecfe3058-e6ee-4f30-9db4-f9305208364c" testListId="8c84fa94-04c1-424b-9868-57a2d4851a1d" />
    <TestEntry testId="117614c7-eeb5-3c32-e0a6-311b673498a1" executionId="bac1b375-f9d0-432f-96d1-15d2bc381fb5" testListId="8c84fa94-04c1-424b-9868-57a2d4851a1d" />
    <TestEntry testId="a26aca48-0992-fb7f-2394-abc4cff3b453" executionId="06146658-ca79-4846-b1de-6b24abac76b4" testListId="8c84fa94-04c1-424b-9868-57a2d4851a1d" />
    <TestEntry testId="b5ae8819-8b54-7370-da1b-0cdd20d995d0" executionId="b61acb5f-fdbb-4f66-afb0-93f5d0a72b51" testListId="8c84fa94-04c1-424b-9868-57a2d4851a1d" />
    <TestEntry testId="44454256-30a7-bf45-41dd-badf653c0c55" executionId="8fa75275-eb54-4879-bca9-8d39c4fb4744" testListId="8c84fa94-04c1-424b-9868-57a2d4851a1d" />
    <TestEntry testId="de4de35b-27a7-9209-5227-b270da191793" executionId="e4f6164a-0d73-47b5-9a17-36b500b33b61" testListId="8c84fa94-04c1-424b-9868-57a2d4851a1d" />
    <TestEntry testId="36329e9d-989b-9474-5a40-51eec07faa7c" executionId="e3054496-b729-4941-8e75-6a3b48fb8c88" testListId="8c84fa94-04c1-424b-9868-57a2d4851a1d" />
    <TestEntry testId="cc99ff3e-c755-1963-ff3d-70c3c6994b03" executionId="19ddaf84-4c66-45b3-b3c2-268bb2e54de9" testListId="8c84fa94-04c1-424b-9868-57a2d4851a1d" />
    <TestEntry testId="cb973932-552d-edc5-fa30-c27e003b5121" executionId="fc6733b5-9240-484a-a53b-080a66f8d8dc" testListId="8c84fa94-04c1-424b-9868-57a2d4851a1d" />
    <TestEntry testId="bfea60ac-0b86-e379-4adc-c41a2063908a" executionId="8af69e79-b429-428e-8df2-ab483a3f422b" testListId="8c84fa94-04c1-424b-9868-57a2d4851a1d" />
    <TestEntry testId="9cb1dd9b-9567-7d27-369e-add42bb14fb4" executionId="1c759d8c-ae06-4955-8f91-0f2bf375723d" testListId="8c84fa94-04c1-424b-9868-57a2d4851a1d" />
    <TestEntry testId="a9e125d3-70c7-168e-1c81-0d36cf4ad5a1" executionId="7aba9a37-15c8-4610-97da-f5eb0f24a87d" testListId="8c84fa94-04c1-424b-9868-57a2d4851a1d" />
    <TestEntry testId="788d8b0c-681e-eeab-fb16-541a413b2444" executionId="54213b17-3397-4c02-a0b2-d9b979390230" testListId="8c84fa94-04c1-424b-9868-57a2d4851a1d" />
    <TestEntry testId="9c3bf906-36ef-3f5d-6689-5fb9e3aa8d47" executionId="57f27f4b-9e46-44b6-aebe-7a18c4715549" testListId="8c84fa94-04c1-424b-9868-57a2d4851a1d" />
    <TestEntry testId="43549381-b46a-2b58-13a9-b35484e42c71" executionId="ed260d81-c1fd-4199-add6-c203eb2ee78d" testListId="8c84fa94-04c1-424b-9868-57a2d4851a1d" />
    <TestEntry testId="c975fa8d-6f04-08d0-8773-8610e8c13dbc" executionId="c7f0aaf7-28cd-4e1a-b414-acac0054abb1" testListId="8c84fa94-04c1-424b-9868-57a2d4851a1d" />
    <TestEntry testId="687e7059-e7b1-dddd-6cf1-c4b5cd5cad05" executionId="9e013fe3-4243-4857-a02b-3777d815ca48" testListId="8c84fa94-04c1-424b-9868-57a2d4851a1d" />
    <TestEntry testId="654a7cf9-90b9-03f9-bc66-64198ac9caf1" executionId="66d2d19d-0bd8-4b47-af2a-4249e56ef119" testListId="8c84fa94-04c1-424b-9868-57a2d4851a1d" />
    <TestEntry testId="85a3df1f-74e3-6aca-1e0c-cfef94af0047" executionId="db6a4cf2-80cc-4596-9aee-c762f18a7929" testListId="8c84fa94-04c1-424b-9868-57a2d4851a1d" />
    <TestEntry testId="ad2e8dc8-017a-fd28-8587-9788ac26c9e0" executionId="3bd2f1dc-003c-451d-b96d-c15d804c4a47" testListId="8c84fa94-04c1-424b-9868-57a2d4851a1d" />
    <TestEntry testId="1eb1dc9e-0313-f642-c091-1fcc25a2d80c" executionId="2bf71887-3d65-4287-b1fd-8118b5537682" testListId="8c84fa94-04c1-424b-9868-57a2d4851a1d" />
    <TestEntry testId="dcc9cf01-7d0d-4dc6-9027-2fa692f04ff1" executionId="24787b02-5ea7-4ac1-b085-524070f4a707" testListId="8c84fa94-04c1-424b-9868-57a2d4851a1d" />
    <TestEntry testId="94e5854b-a7a8-bf50-1837-dc2fec1a5970" executionId="39de387f-7822-4dc0-b579-e2fbeabf5a0d" testListId="8c84fa94-04c1-424b-9868-57a2d4851a1d" />
    <TestEntry testId="7f634cbe-20c0-73ce-7a57-e27b44400638" executionId="ec3b2882-cf89-46a5-85f7-96d4926734fb" testListId="8c84fa94-04c1-424b-9868-57a2d4851a1d" />
    <TestEntry testId="a42de255-353b-3499-e7ec-b18bd5c29a5c" executionId="2237ca4f-4b39-4220-9c27-611aaa796f4a" testListId="8c84fa94-04c1-424b-9868-57a2d4851a1d" />
    <TestEntry testId="c2a92498-f703-1b39-7778-71f05b13e27d" executionId="05b5f0bc-8376-4d3a-a2b6-cb66be32d310" testListId="8c84fa94-04c1-424b-9868-57a2d4851a1d" />
    <TestEntry testId="ad962b0e-987d-63ea-d90a-c4db7582df00" executionId="9c9831ce-0d64-4425-97c8-2bc89db399ee" testListId="8c84fa94-04c1-424b-9868-57a2d4851a1d" />
    <TestEntry testId="c5df7b24-5576-61ff-2c2f-8ef0272c7cb0" executionId="5e751c4e-dd25-4ad4-b09d-04014ec238ec" testListId="8c84fa94-04c1-424b-9868-57a2d4851a1d" />
    <TestEntry testId="585441ab-f7bf-ef9a-ea65-e7624bf9208f" executionId="1a1a3482-e584-4366-bf98-9a8f29bf8a2b" testListId="8c84fa94-04c1-424b-9868-57a2d4851a1d" />
    <TestEntry testId="16dd1f98-130f-f1f5-491b-90125b059034" executionId="01930a62-bae9-4a5c-8b5c-252845f0fc61" testListId="8c84fa94-04c1-424b-9868-57a2d4851a1d" />
    <TestEntry testId="65a78e97-54ce-8026-0240-7af1b5e1a5a5" executionId="40a821b2-c027-4f2a-b94d-d1d5578767da" testListId="8c84fa94-04c1-424b-9868-57a2d4851a1d" />
    <TestEntry testId="60143918-8d3e-3cea-ec1f-f42a487ede4c" executionId="14cfd39c-8135-45c9-8e90-d198b8742192" testListId="8c84fa94-04c1-424b-9868-57a2d4851a1d" />
    <TestEntry testId="42d4745e-d9b8-f2e9-3bf0-8b9851599c44" executionId="14f9d71c-4ab1-4a0c-a8d6-ea9f8886f60b" testListId="8c84fa94-04c1-424b-9868-57a2d4851a1d" />
    <TestEntry testId="441213bb-d837-6a17-d5bf-0e8158ed876c" executionId="96479679-a5e3-4c13-bc74-4eb8f8d39820" testListId="8c84fa94-04c1-424b-9868-57a2d4851a1d" />
    <TestEntry testId="5f47c21d-eb6b-8972-42b3-349701e80bfd" executionId="44263901-1a8e-424a-b007-ffeba2019f12" testListId="8c84fa94-04c1-424b-9868-57a2d4851a1d" />
    <TestEntry testId="11006eff-dccd-aa32-9666-4dd55bbdd6ef" executionId="542f7618-2bb1-453b-a730-f7e17a0738bf" testListId="8c84fa94-04c1-424b-9868-57a2d4851a1d" />
    <TestEntry testId="4937d7ac-b3aa-c23d-f312-18cd0c6ed990" executionId="a46f33dc-7f94-480e-8ab8-dd84668539cf" testListId="8c84fa94-04c1-424b-9868-57a2d4851a1d" />
    <TestEntry testId="e0743512-14b2-153f-50d2-6849d822eb82" executionId="39f71855-ed87-487b-9c8b-301649d45fbe" testListId="8c84fa94-04c1-424b-9868-57a2d4851a1d" />
    <TestEntry testId="1e592ef1-e1bf-3981-b2eb-87e514325b77" executionId="56db3a62-10d1-4c13-bbe4-c094c2a2016c" testListId="8c84fa94-04c1-424b-9868-57a2d4851a1d" />
    <TestEntry testId="6e393d7b-94c5-fcd2-56bc-16f28fade189" executionId="02971fb7-2442-4621-85c3-a352d6e0cbca" testListId="8c84fa94-04c1-424b-9868-57a2d4851a1d" />
    <TestEntry testId="6d35c2c3-73b0-8587-396e-ba4ccb5d6691" executionId="f147714c-b77a-4938-be7f-a3bcb2547308" testListId="8c84fa94-04c1-424b-9868-57a2d4851a1d" />
    <TestEntry testId="7ff37c2f-1947-5bfd-5301-306c5eae35b9" executionId="361d5a94-877e-4eac-aac5-6f649d6c720e" testListId="8c84fa94-04c1-424b-9868-57a2d4851a1d" />
    <TestEntry testId="6e2943e4-1567-7531-b5b0-13aaeb4e80e3" executionId="712fe8c0-77c7-4ee7-8392-3682b09abda6" testListId="8c84fa94-04c1-424b-9868-57a2d4851a1d" />
    <TestEntry testId="4331be32-8242-7bcf-516a-a7263d816796" executionId="441d2bd0-0034-4c72-bad5-958f04224936" testListId="8c84fa94-04c1-424b-9868-57a2d4851a1d" />
    <TestEntry testId="6693e462-e8ba-ed25-48bc-eff1d5392eaa" executionId="1eab0ed4-3d90-4dba-b70c-8801919c7f50" testListId="8c84fa94-04c1-424b-9868-57a2d4851a1d" />
    <TestEntry testId="222dc4eb-8a5f-bb70-a6c0-96da1bd8a35a" executionId="f69cb4e8-cb9a-4049-9927-1d17bc3a4e1a" testListId="8c84fa94-04c1-424b-9868-57a2d4851a1d" />
    <TestEntry testId="2a445259-81b4-7d21-8522-cb29686e8b5b" executionId="39bc4dd6-5d40-488b-88b1-61fb03045681" testListId="8c84fa94-04c1-424b-9868-57a2d4851a1d" />
    <TestEntry testId="6063544f-f430-cb16-6dfb-368d6711c379" executionId="e48f3be8-05f7-4fa9-b3f4-81a59f2fc8e0" testListId="8c84fa94-04c1-424b-9868-57a2d4851a1d" />
    <TestEntry testId="0ef6c2b0-c03c-b1c8-fd6f-4840c4db7605" executionId="479e1618-91e3-4f63-9ecd-ea4064c2608d" testListId="8c84fa94-04c1-424b-9868-57a2d4851a1d" />
    <TestEntry testId="b6cf4406-22c8-107a-cae8-fc1d204c4130" executionId="f95de32c-488f-458e-b27d-423e843ffa64" testListId="8c84fa94-04c1-424b-9868-57a2d4851a1d" />
    <TestEntry testId="66035837-2c9f-2396-ee34-7f395303e812" executionId="14a68ba8-2f61-4654-a355-ee25a644f051" testListId="8c84fa94-04c1-424b-9868-57a2d4851a1d" />
    <TestEntry testId="868fab3c-659e-4c15-a10e-0b6912bfed13" executionId="39777739-f340-4b46-b26e-6954cb7e8f7a" testListId="8c84fa94-04c1-424b-9868-57a2d4851a1d" />
    <TestEntry testId="310968d1-fc55-32d1-9bf4-640cd6ac6c2c" executionId="c65a709e-f3da-47cd-993c-01760802bf8e" testListId="8c84fa94-04c1-424b-9868-57a2d4851a1d" />
    <TestEntry testId="68a34a15-d421-8568-e2a0-5ca548802bb9" executionId="e829b713-5663-48ec-8b3c-c4937e73521a" testListId="8c84fa94-04c1-424b-9868-57a2d4851a1d" />
    <TestEntry testId="e8ac92b2-fcd9-2dc0-f713-3c2cf3bb77c1" executionId="cffe3639-94e7-4344-84d6-0b17a5ccbbbd" testListId="8c84fa94-04c1-424b-9868-57a2d4851a1d" />
    <TestEntry testId="7e0a73d2-6a35-69c0-258f-1a39ba55eac2" executionId="4d27f630-d42f-423f-a423-1bb0e4ad0b14" testListId="8c84fa94-04c1-424b-9868-57a2d4851a1d" />
    <TestEntry testId="a68e6a6e-4209-2d96-e42e-fdfc6deeba69" executionId="7146b7f0-257e-4d6c-ae5e-1fc0a18c7bfd" testListId="8c84fa94-04c1-424b-9868-57a2d4851a1d" />
    <TestEntry testId="acaeb9e2-224e-f43f-7505-888da6b80f9b" executionId="6b9603be-eae1-45da-9891-8cd07083f881" testListId="8c84fa94-04c1-424b-9868-57a2d4851a1d" />
    <TestEntry testId="90272f82-6dbb-9ffb-b9a3-664aee5c00a3" executionId="7fead60f-d95f-4bf4-b04e-50641ad1a319" testListId="8c84fa94-04c1-424b-9868-57a2d4851a1d" />
    <TestEntry testId="33719bf3-5409-92ab-16c7-8a271f81b2e6" executionId="af4c348c-7ad8-4b5e-a3da-c87a7eb948f6" testListId="8c84fa94-04c1-424b-9868-57a2d4851a1d" />
    <TestEntry testId="060819f6-d016-be0e-b7e9-55d7faa9ba45" executionId="a331b5c6-b226-458b-be70-5d9dfe352b90" testListId="8c84fa94-04c1-424b-9868-57a2d4851a1d" />
    <TestEntry testId="09fedadb-5b36-4c66-a01b-eb732d278266" executionId="ea49cca0-67cc-4fa6-a6a1-2039f008a657" testListId="8c84fa94-04c1-424b-9868-57a2d4851a1d" />
    <TestEntry testId="1bbd120c-214c-3ef2-991f-c7ebd3d57ae2" executionId="20b5b313-8d11-44eb-9aa7-34238dcdf0b6" testListId="8c84fa94-04c1-424b-9868-57a2d4851a1d" />
    <TestEntry testId="e7a315f9-584b-e4f3-8469-ce4f80c3387c" executionId="ef1a18df-8cae-41a9-88de-cdb5bbcc002d" testListId="8c84fa94-04c1-424b-9868-57a2d4851a1d" />
    <TestEntry testId="c23f9653-e5cb-0826-ce5a-723493994ef0" executionId="1dcb4b66-da53-4af4-ae68-3d1bcef2d416" testListId="8c84fa94-04c1-424b-9868-57a2d4851a1d" />
    <TestEntry testId="cc5dfcab-4777-b980-4145-e6c140db897c" executionId="a29f2b2f-cd83-40ad-a02d-02a44ded31c0" testListId="8c84fa94-04c1-424b-9868-57a2d4851a1d" />
    <TestEntry testId="3487929c-15fb-a7da-5bec-346afcbec7da" executionId="1c4b6dce-514b-4891-b98b-5956bd869005" testListId="8c84fa94-04c1-424b-9868-57a2d4851a1d" />
    <TestEntry testId="d4c38e91-653a-61a8-9381-1f7444c31b36" executionId="edfba1c3-843f-4e9c-9fa0-67b221ea62fd" testListId="8c84fa94-04c1-424b-9868-57a2d4851a1d" />
    <TestEntry testId="4659fd71-0ee0-a506-0553-a81ccc9c9c0b" executionId="19227363-f72d-4771-bce2-db275815b988" testListId="8c84fa94-04c1-424b-9868-57a2d4851a1d" />
    <TestEntry testId="84f70a73-53d8-9f06-6236-95fde40b65ac" executionId="c6389009-fecc-44e6-aeca-bf6966109883" testListId="8c84fa94-04c1-424b-9868-57a2d4851a1d" />
    <TestEntry testId="33580008-2ed0-6825-609a-d1d90403b659" executionId="c2b5c5d3-188d-4b12-a358-8ad190af90a6" testListId="8c84fa94-04c1-424b-9868-57a2d4851a1d" />
    <TestEntry testId="a9cc89a4-8213-a4b1-7484-4879815a89dd" executionId="df36755e-3957-4ab4-a847-df7ab0bd22c9" testListId="8c84fa94-04c1-424b-9868-57a2d4851a1d" />
    <TestEntry testId="bbdf2549-aad3-7a58-579e-b0fce02debdf" executionId="c09ac73b-8531-4a6e-b68f-bacee2fd1730" testListId="8c84fa94-04c1-424b-9868-57a2d4851a1d" />
    <TestEntry testId="d3b94a2a-26e3-905f-c1f3-df866517ab99" executionId="7edc1130-3a1a-440a-ad50-b080c6bc3f41" testListId="8c84fa94-04c1-424b-9868-57a2d4851a1d" />
    <TestEntry testId="a78e107f-188e-49af-b7fb-8b9962cefe26" executionId="544c1983-8e92-410f-ab17-ebce1dadb65f" testListId="8c84fa94-04c1-424b-9868-57a2d4851a1d" />
    <TestEntry testId="7703e29a-ecc3-f42a-a3d8-2092764eb3f2" executionId="f67f610a-6a96-4927-a462-f284a5cb828c" testListId="8c84fa94-04c1-424b-9868-57a2d4851a1d" />
    <TestEntry testId="42e8385e-9428-8ed0-dceb-a1eac93d91de" executionId="9da7c749-c064-40fc-8df4-1e2b5bb426b9" testListId="8c84fa94-04c1-424b-9868-57a2d4851a1d" />
    <TestEntry testId="caf15171-15c0-e44f-4ded-3471eafc2c21" executionId="7c9f233d-fcd7-4b9f-b3d9-d3a4efac20f5" testListId="8c84fa94-04c1-424b-9868-57a2d4851a1d" />
    <TestEntry testId="3881d3ff-e33d-04a6-6ad4-69b98dedc6b4" executionId="2b63a8e1-77e7-4310-ac14-85042f513ecc" testListId="8c84fa94-04c1-424b-9868-57a2d4851a1d" />
    <TestEntry testId="1f3c2444-ad4b-db37-5d0a-de7606033ccd" executionId="f17ea599-f136-4801-9122-06810f37b9fc" testListId="8c84fa94-04c1-424b-9868-57a2d4851a1d" />
    <TestEntry testId="4e41d746-7d06-c195-c083-479d6448ab5b" executionId="73d2357b-c2ae-44e7-9e3d-4794055e16fd" testListId="8c84fa94-04c1-424b-9868-57a2d4851a1d" />
    <TestEntry testId="3d26d7d8-7d79-9931-2127-8e5f6d15122c" executionId="de39dcac-2bc1-499d-906b-c31243b13f5f" testListId="8c84fa94-04c1-424b-9868-57a2d4851a1d" />
    <TestEntry testId="044b544f-c581-0c62-7f52-eaa9bd1b769a" executionId="7d4c6099-71a1-40cf-b6c1-64510d8a653a" testListId="8c84fa94-04c1-424b-9868-57a2d4851a1d" />
    <TestEntry testId="a67dddae-fbaa-38ff-493a-4fb494200940" executionId="45b41c68-5b91-4414-ae33-0427abad6062" testListId="8c84fa94-04c1-424b-9868-57a2d4851a1d" />
    <TestEntry testId="58acdb8f-084b-2e15-dc3a-9f779a1645ce" executionId="a1ede6bb-0d42-40d7-a4bf-9de70bf1159f" testListId="8c84fa94-04c1-424b-9868-57a2d4851a1d" />
    <TestEntry testId="3c6ad7f5-47ac-d2a1-3c86-5077b25134ea" executionId="02abd383-86a7-48b2-b203-980ea4a19728" testListId="8c84fa94-04c1-424b-9868-57a2d4851a1d" />
    <TestEntry testId="0465a107-5afa-65eb-a10c-77e89846ff26" executionId="ecb462a8-f0b3-4d11-af56-68cf0c425b80" testListId="8c84fa94-04c1-424b-9868-57a2d4851a1d" />
    <TestEntry testId="1e4e191e-63c7-1f37-201c-8fde2757768d" executionId="577228b9-5998-497a-8ee4-002e7f768069" testListId="8c84fa94-04c1-424b-9868-57a2d4851a1d" />
    <TestEntry testId="935f282f-5819-0cbb-3d88-60d0430c3f25" executionId="377db571-dad7-4e66-bb75-fe5d60073968" testListId="8c84fa94-04c1-424b-9868-57a2d4851a1d" />
    <TestEntry testId="461331e3-222f-9745-91e1-804c09883ed3" executionId="ee3771a1-9e3a-491c-a232-fc296edbc298" testListId="8c84fa94-04c1-424b-9868-57a2d4851a1d" />
    <TestEntry testId="dac52339-d9a8-d082-49c1-4cb11ce915ee" executionId="e3b9f5c7-7959-4674-bfc7-65e4897496b9" testListId="8c84fa94-04c1-424b-9868-57a2d4851a1d" />
    <TestEntry testId="f7f40623-1634-9a2a-bf1c-6e414931a9e6" executionId="cae65a92-37f5-48ce-9861-cac77300e534" testListId="8c84fa94-04c1-424b-9868-57a2d4851a1d" />
    <TestEntry testId="a8ce85fe-814a-271d-72cd-32e52ea1acce" executionId="75f32eef-d4ec-42f1-bb51-2ef9414525e2" testListId="8c84fa94-04c1-424b-9868-57a2d4851a1d" />
    <TestEntry testId="751373aa-f5d7-686f-07af-6e8a9a9a3f1f" executionId="5acef5ff-7b53-47d3-ac5e-71fbe97d5b3b" testListId="8c84fa94-04c1-424b-9868-57a2d4851a1d" />
    <TestEntry testId="778619f0-485d-357c-9339-4267244fb799" executionId="70512e1e-d25c-4408-a161-b8d6ee8469b5" testListId="8c84fa94-04c1-424b-9868-57a2d4851a1d" />
    <TestEntry testId="ea4cc4d0-6ac5-366c-ac2d-a5c2c9cb07e6" executionId="07c6389c-681c-4696-bc0b-06db3173f275" testListId="8c84fa94-04c1-424b-9868-57a2d4851a1d" />
    <TestEntry testId="cc29216e-1cfd-6792-7ea1-15bf1c735835" executionId="0c38340f-c206-41a4-9b61-992df645ebf3" testListId="8c84fa94-04c1-424b-9868-57a2d4851a1d" />
    <TestEntry testId="f8ca46c0-8edb-350c-aedc-71898e183163" executionId="85ae110a-35f1-4a87-8b08-b73c9b29a823" testListId="8c84fa94-04c1-424b-9868-57a2d4851a1d" />
    <TestEntry testId="3350d2b0-3312-d687-fc6c-5745c7811365" executionId="ae8df84a-cf09-4c74-8654-1fdf666f0273" testListId="8c84fa94-04c1-424b-9868-57a2d4851a1d" />
    <TestEntry testId="a8ff7a29-8845-1919-c693-2698cf30e949" executionId="39790e1a-0fe7-41ce-b848-aff80333c344" testListId="8c84fa94-04c1-424b-9868-57a2d4851a1d" />
    <TestEntry testId="ef0bef56-bcca-a24d-f399-eed9eabea4db" executionId="e537dddd-ca20-4351-9380-5f18796f6f3f" testListId="8c84fa94-04c1-424b-9868-57a2d4851a1d" />
    <TestEntry testId="dfc15ed8-7724-9a59-ed0c-37d1b022994b" executionId="375e4857-84f3-4a8c-8ff8-2dad76ced74e" testListId="8c84fa94-04c1-424b-9868-57a2d4851a1d" />
    <TestEntry testId="9f8782f5-d91c-4490-2d75-75cddc0ef1b1" executionId="b300792d-ff75-4ef8-a7b4-ce42e5f492b7" testListId="8c84fa94-04c1-424b-9868-57a2d4851a1d" />
    <TestEntry testId="b3801728-52f7-7053-510c-0b3ffd814256" executionId="03682029-0d03-49b3-89f1-a19dc76ce59a" testListId="8c84fa94-04c1-424b-9868-57a2d4851a1d" />
    <TestEntry testId="665a66ed-febf-dcb1-d6f6-9e5410f5d49d" executionId="9d91468a-79ab-4b6b-8867-fba3c4c563cf" testListId="8c84fa94-04c1-424b-9868-57a2d4851a1d" />
    <TestEntry testId="868cf503-fe08-eed0-d324-72014e5624ab" executionId="0aaee6e3-4a69-459c-ac0b-4f3a738c792f" testListId="8c84fa94-04c1-424b-9868-57a2d4851a1d" />
    <TestEntry testId="98f0d9fe-377f-6918-fb53-39e46ecb4f9d" executionId="41e26140-2980-4022-ac64-8f598a354c4f" testListId="8c84fa94-04c1-424b-9868-57a2d4851a1d" />
    <TestEntry testId="03a83ade-8d54-5619-5fb4-492194211717" executionId="644e60a2-4aea-42aa-9df2-a8faab7a7a4e" testListId="8c84fa94-04c1-424b-9868-57a2d4851a1d" />
    <TestEntry testId="e5d77a31-6b9f-c926-244b-f6a80ab8552d" executionId="967c8bf6-914a-433c-ac3e-3ea87e0b1a31" testListId="8c84fa94-04c1-424b-9868-57a2d4851a1d" />
    <TestEntry testId="0e7ca7c3-2900-8d7a-24b0-844e128831dd" executionId="92206488-7335-4051-ac1d-e43ee3721d50" testListId="8c84fa94-04c1-424b-9868-57a2d4851a1d" />
    <TestEntry testId="0ca212d1-7426-4742-adf6-c33da0d879c6" executionId="1c8df491-1143-4251-a72e-04aabf217986" testListId="8c84fa94-04c1-424b-9868-57a2d4851a1d" />
    <TestEntry testId="6633116a-6784-0109-c694-61b2317583e7" executionId="55d92b10-2d26-4ad0-9f6a-06717742390a" testListId="8c84fa94-04c1-424b-9868-57a2d4851a1d" />
    <TestEntry testId="529dab04-2278-118b-6ef7-08fc1ab4d8b0" executionId="33c08cf9-3080-49ea-a8a0-f6f68b2266e8" testListId="8c84fa94-04c1-424b-9868-57a2d4851a1d" />
    <TestEntry testId="5ac412a9-7dd3-8fe0-5e94-070a00a25518" executionId="27f6a47a-76b7-4e35-a66b-88c8c57ec072" testListId="8c84fa94-04c1-424b-9868-57a2d4851a1d" />
    <TestEntry testId="d3aac1dd-0f5d-4d1a-ac7a-ab3b6af2bff9" executionId="0ceb7e0b-594d-4e86-84cf-c2e11131368d" testListId="8c84fa94-04c1-424b-9868-57a2d4851a1d" />
    <TestEntry testId="b10c5cfd-13d5-732d-40b9-1c8a8f0d6512" executionId="763e2ab5-86bf-4dff-be77-fa67d0bc907b" testListId="8c84fa94-04c1-424b-9868-57a2d4851a1d" />
    <TestEntry testId="8cae6a56-454e-1e61-1b8f-eb89b356be64" executionId="8f4b2fdd-5cf4-4b47-b642-aae270dab222" testListId="8c84fa94-04c1-424b-9868-57a2d4851a1d" />
    <TestEntry testId="1612f291-790a-313d-a0d3-c41060967beb" executionId="3052be61-f9c6-4f4f-9b41-bd62b5b1f7ae" testListId="8c84fa94-04c1-424b-9868-57a2d4851a1d" />
    <TestEntry testId="e07ed0b5-2e0a-976d-3f75-19c16e3edd02" executionId="8445125b-4300-435d-8d15-e0e064d34208" testListId="8c84fa94-04c1-424b-9868-57a2d4851a1d" />
    <TestEntry testId="d322c036-f127-a7c3-54cb-2755a84ecb70" executionId="d9343926-50c1-40a8-b260-7558bce7450f" testListId="8c84fa94-04c1-424b-9868-57a2d4851a1d" />
    <TestEntry testId="72c3e934-5f4f-f3fc-d049-02010e141373" executionId="07471446-be63-484d-ab40-c35b7fbdf89f" testListId="8c84fa94-04c1-424b-9868-57a2d4851a1d" />
    <TestEntry testId="40cc8bf3-9b9a-c620-7f65-c9598a6e4a28" executionId="acc79b07-9d45-4630-a808-61f1b6d3a2cd" testListId="8c84fa94-04c1-424b-9868-57a2d4851a1d" />
    <TestEntry testId="44388fe8-f4d9-9727-56d6-63d8a6beeb9b" executionId="8747df67-36ac-479e-a0f9-503f3e02ce90" testListId="8c84fa94-04c1-424b-9868-57a2d4851a1d" />
    <TestEntry testId="8d35e87b-236d-d2d1-5276-ca6f3e50fdcb" executionId="befcb9c5-2a4a-4c1e-bf3f-4d965427fa02" testListId="8c84fa94-04c1-424b-9868-57a2d4851a1d" />
    <TestEntry testId="88c1b25e-ba16-57cd-c6d8-d1d74e524e76" executionId="5a6115f6-6508-4f9b-9fcc-9291d804c7f2" testListId="8c84fa94-04c1-424b-9868-57a2d4851a1d" />
    <TestEntry testId="8b195963-a10c-3838-31ba-4f1e91ab5dfb" executionId="9307f0b9-0ca6-4e0b-b619-9927bca33e02" testListId="8c84fa94-04c1-424b-9868-57a2d4851a1d" />
    <TestEntry testId="c639d279-f201-87fa-87e4-d4046a905790" executionId="a9b4459a-9353-461f-bafa-f5b962d95785" testListId="8c84fa94-04c1-424b-9868-57a2d4851a1d" />
    <TestEntry testId="00d2b6ae-d05f-2d34-4eb2-fb5187257361" executionId="2559468b-21a3-4e79-82f3-a659d236b04f" testListId="8c84fa94-04c1-424b-9868-57a2d4851a1d" />
    <TestEntry testId="618c093b-a0b6-05a6-fc06-deebeffd4e3d" executionId="18da98e0-777a-406b-9b44-f4f558ba511d" testListId="8c84fa94-04c1-424b-9868-57a2d4851a1d" />
    <TestEntry testId="13808eac-f72b-2563-39d5-58056dcce54a" executionId="d9f0468c-2823-414e-bfc7-55e34122fddc" testListId="8c84fa94-04c1-424b-9868-57a2d4851a1d" />
    <TestEntry testId="5d3ae8cd-0741-cea7-50c0-7e2ff7ad47a7" executionId="ed5f2524-16a7-4b8e-8d1c-028d9ec7eddf" testListId="8c84fa94-04c1-424b-9868-57a2d4851a1d" />
    <TestEntry testId="20233fe2-b748-308d-725e-1b3b65fd4fc4" executionId="b3fff49c-f9d4-44db-9514-aafd25cf17fd" testListId="8c84fa94-04c1-424b-9868-57a2d4851a1d" />
    <TestEntry testId="570963dc-5e77-73b9-225e-688120d0deeb" executionId="0159b858-b208-4b7b-9cb9-ccea369f29eb" testListId="8c84fa94-04c1-424b-9868-57a2d4851a1d" />
    <TestEntry testId="4ea99d78-cb91-34d0-2b2f-1a553700bba9" executionId="3e3104cc-1199-4dbe-b372-5dd65e183e86" testListId="8c84fa94-04c1-424b-9868-57a2d4851a1d" />
    <TestEntry testId="781c6c8a-3177-25ba-5828-fb732829d7b1" executionId="6c31a356-18e3-4404-90bb-c36162f13e99" testListId="8c84fa94-04c1-424b-9868-57a2d4851a1d" />
    <TestEntry testId="619f6d51-fe63-6aad-4d71-b62b6294bc5d" executionId="7d275c42-c0a1-44fe-bcc3-bb3cacc97100" testListId="8c84fa94-04c1-424b-9868-57a2d4851a1d" />
    <TestEntry testId="35a57cb6-17e3-2864-373a-0a8f0a5d8876" executionId="2f0e76c8-760a-4023-88d7-b2bb350424e1" testListId="8c84fa94-04c1-424b-9868-57a2d4851a1d" />
    <TestEntry testId="e060b440-f3f0-8ff1-976f-fddc5cc26f62" executionId="164f7e91-c1a3-4456-b4d3-c9562a2793dd" testListId="8c84fa94-04c1-424b-9868-57a2d4851a1d" />
    <TestEntry testId="ee0b5b54-d791-b6a4-b0fb-2c250f632e6e" executionId="689d6a44-55f3-4ca5-a2a7-a421d8e374f7" testListId="8c84fa94-04c1-424b-9868-57a2d4851a1d" />
    <TestEntry testId="cd80718c-caec-d1ab-47af-f5822f5e7c58" executionId="add8cbfa-cb98-426d-a8ed-88d5ba3fca79" testListId="8c84fa94-04c1-424b-9868-57a2d4851a1d" />
    <TestEntry testId="c8844d95-6b3e-d2a5-0238-e17eb53985e3" executionId="720257ac-b77a-4297-bb28-d77d4aed5dd1" testListId="8c84fa94-04c1-424b-9868-57a2d4851a1d" />
    <TestEntry testId="9ef77c95-5283-32cc-e077-a32bcc727b45" executionId="66603ee2-57f3-40cc-b9fd-2b549ba20dc5" testListId="8c84fa94-04c1-424b-9868-57a2d4851a1d" />
    <TestEntry testId="793b121d-bd99-21ec-f905-c7a3bfbc43cf" executionId="494f5a6a-3046-4b77-b11d-2f36079dcbc4" testListId="8c84fa94-04c1-424b-9868-57a2d4851a1d" />
    <TestEntry testId="58e16725-e739-c95e-f63b-6da9cd475080" executionId="d974f5b6-afd5-40a8-8284-9adc906091bc" testListId="8c84fa94-04c1-424b-9868-57a2d4851a1d" />
    <TestEntry testId="d2671cf7-10ab-d2c0-aa50-a4b5bfd530c6" executionId="afd9daf4-92ba-43e8-b247-7509da84b1a4" testListId="8c84fa94-04c1-424b-9868-57a2d4851a1d" />
    <TestEntry testId="fe04fee8-8e91-5fdd-deeb-dfb39b790e19" executionId="b6918659-dde4-4f8f-9062-b55b8f27febd" testListId="8c84fa94-04c1-424b-9868-57a2d4851a1d" />
    <TestEntry testId="8c4ac38a-c3bf-bb60-df07-e7bd10fd1112" executionId="9785da8e-04b9-4066-ab20-dfce8eba5aa7" testListId="8c84fa94-04c1-424b-9868-57a2d4851a1d" />
    <TestEntry testId="e6ba39e7-b277-ade5-953f-680493847818" executionId="ba9dec08-3569-4a2d-a290-4b4fa2ad43d8" testListId="8c84fa94-04c1-424b-9868-57a2d4851a1d" />
    <TestEntry testId="a0b09ab1-22b3-e8a0-7021-5f5ed2380424" executionId="6683f969-041b-4770-9a00-caafc83668a9" testListId="8c84fa94-04c1-424b-9868-57a2d4851a1d" />
    <TestEntry testId="36835451-4db1-a03e-109f-0d92dfb22aba" executionId="45bd9371-d31d-403b-ab96-a016c246e2fd" testListId="8c84fa94-04c1-424b-9868-57a2d4851a1d" />
    <TestEntry testId="c2b3a374-d9ca-fe1a-d2bb-dddc9de79775" executionId="515b4019-77b0-4b4a-83d1-d958155d6047" testListId="8c84fa94-04c1-424b-9868-57a2d4851a1d" />
    <TestEntry testId="5e058ca8-2071-8aca-94cf-089b17b5ab0d" executionId="1921ef6f-e735-4453-8845-922539b42828" testListId="8c84fa94-04c1-424b-9868-57a2d4851a1d" />
    <TestEntry testId="a2a93cec-e7b9-3a98-e5c4-9eb836279da9" executionId="f2c4aefc-b2b9-4a89-a41d-2a02f8befd89" testListId="8c84fa94-04c1-424b-9868-57a2d4851a1d" />
    <TestEntry testId="135d62c0-fe81-f46a-ce86-2cfe36dd8cc8" executionId="61a2b713-972b-4174-811e-fe15e20c4f1c" testListId="8c84fa94-04c1-424b-9868-57a2d4851a1d" />
    <TestEntry testId="33ade990-1ccf-b0cf-8ab5-e10e49ad4630" executionId="db8c374a-b81d-428d-b30a-90286f520481" testListId="8c84fa94-04c1-424b-9868-57a2d4851a1d" />
    <TestEntry testId="11b5912e-600c-2c04-2bfe-19c262546aae" executionId="b6d77380-7f35-4896-9144-762bbbe75191" testListId="8c84fa94-04c1-424b-9868-57a2d4851a1d" />
    <TestEntry testId="54151fed-fc55-77df-b7af-e1e01590fd93" executionId="e887ef34-03b9-48f6-a8ed-5e30dad56a9a" testListId="8c84fa94-04c1-424b-9868-57a2d4851a1d" />
    <TestEntry testId="a67e2ec6-c284-283e-f6bb-5df24e13d453" executionId="612c49f1-2e1a-47a9-a8dc-aa8e4a8e9a46" testListId="8c84fa94-04c1-424b-9868-57a2d4851a1d" />
    <TestEntry testId="cf5973cd-80eb-589d-6a2e-dee3a1384b97" executionId="728ce80e-92ba-4294-bb5d-fdedd72c7bb4" testListId="8c84fa94-04c1-424b-9868-57a2d4851a1d" />
    <TestEntry testId="55b79441-e564-906e-4208-d72830fa4d2c" executionId="5e05889c-82bb-44cf-9324-4b8919f606db" testListId="8c84fa94-04c1-424b-9868-57a2d4851a1d" />
    <TestEntry testId="21e526f6-3a3a-f300-e830-472a0f6e7a82" executionId="9b61c62d-b4a9-4e46-8b38-67acf737718b" testListId="8c84fa94-04c1-424b-9868-57a2d4851a1d" />
    <TestEntry testId="d4b18369-f511-b320-afac-a383c554d179" executionId="ea8f992a-daaf-4a48-a468-b704ba12ed1d" testListId="8c84fa94-04c1-424b-9868-57a2d4851a1d" />
    <TestEntry testId="f5086738-fff1-9285-cf60-e3b17196cf32" executionId="16f44fbc-9766-4863-8722-509880ebc0c9" testListId="8c84fa94-04c1-424b-9868-57a2d4851a1d" />
    <TestEntry testId="b92c2d23-e9a0-a785-771e-708c304e0f26" executionId="7d3adb12-7ad3-405a-82f0-38c107329440" testListId="8c84fa94-04c1-424b-9868-57a2d4851a1d" />
    <TestEntry testId="f85011e7-aedc-f16d-4ec9-583569d1a8dd" executionId="f35a0c78-6c5d-41c3-a345-c7108d815f04" testListId="8c84fa94-04c1-424b-9868-57a2d4851a1d" />
    <TestEntry testId="5be5e628-43fb-71a1-e880-34735fe5e2ed" executionId="db02f480-4816-4258-9b5c-1bf30c97a25f" testListId="8c84fa94-04c1-424b-9868-57a2d4851a1d" />
    <TestEntry testId="50a956ce-9348-bb74-74bb-95ec2b1592c0" executionId="8f42c1dc-a19f-40a5-b73d-7df1774855d0" testListId="8c84fa94-04c1-424b-9868-57a2d4851a1d" />
    <TestEntry testId="eb183710-44b3-ddea-c66c-e6cc35890656" executionId="e13cf6f9-e49b-464b-ae19-cb34fd8ccb27" testListId="8c84fa94-04c1-424b-9868-57a2d4851a1d" />
    <TestEntry testId="87215dbe-be98-eae0-f888-50bc76faae33" executionId="3cdf79f8-665f-41b3-86b5-f65cab5cc52a" testListId="8c84fa94-04c1-424b-9868-57a2d4851a1d" />
    <TestEntry testId="a17307f7-bfca-392d-97bb-4da7ab99cc40" executionId="869bf6f9-63bb-4576-ac52-1d14bc65ff12" testListId="8c84fa94-04c1-424b-9868-57a2d4851a1d" />
    <TestEntry testId="8f3ff765-82e8-66d7-0b26-5b7e252a53b8" executionId="1a59e446-f780-42d0-80e7-c9ae18ac9207" testListId="8c84fa94-04c1-424b-9868-57a2d4851a1d" />
    <TestEntry testId="be126d46-0548-695a-7287-bae8146e110d" executionId="6b4a2aec-1019-478a-87a7-d967e3280014" testListId="8c84fa94-04c1-424b-9868-57a2d4851a1d" />
    <TestEntry testId="479ac9a4-db24-66b5-ae47-500a4c5f414e" executionId="337fc9e6-c134-4cf4-902e-9e5a1bdde28c" testListId="8c84fa94-04c1-424b-9868-57a2d4851a1d" />
    <TestEntry testId="88b3639f-ec99-90c4-a195-d859d4e9c60c" executionId="815f41ca-e3aa-4892-87fe-2c2e70c5abc1" testListId="8c84fa94-04c1-424b-9868-57a2d4851a1d" />
    <TestEntry testId="16af9e4d-1460-4181-5a4a-fd51a2b844f5" executionId="b0c8d693-701e-441f-b05e-2984cff8989e" testListId="8c84fa94-04c1-424b-9868-57a2d4851a1d" />
    <TestEntry testId="629a124b-d106-9b5f-4810-e231979dd6e9" executionId="d323bdec-ddf5-458e-9af7-06d389c22357" testListId="8c84fa94-04c1-424b-9868-57a2d4851a1d" />
    <TestEntry testId="93f61c3c-6b1e-d1b6-89d6-3a1bfa5e90ba" executionId="2a5c5b19-aaf7-455d-afdf-d25420ca74bc" testListId="8c84fa94-04c1-424b-9868-57a2d4851a1d" />
    <TestEntry testId="20a57555-9cb1-ba41-e79f-7fc0c85fb0e9" executionId="134ef7f5-a13f-40fb-88df-afea85591283" testListId="8c84fa94-04c1-424b-9868-57a2d4851a1d" />
    <TestEntry testId="03f9a419-da0b-13cb-434c-e5eb4d3017d6" executionId="8ba17cc8-0c5a-4c0d-9bf0-2fa51dea44d1" testListId="8c84fa94-04c1-424b-9868-57a2d4851a1d" />
    <TestEntry testId="e20a2443-63de-0ab9-fc1f-4a1cb2289ef1" executionId="897dbba8-5d8d-4fd1-b312-7ed3446223a9" testListId="8c84fa94-04c1-424b-9868-57a2d4851a1d" />
    <TestEntry testId="3b7c8552-7a62-bee2-027f-19ba6bd6ceca" executionId="05599768-edf4-45d0-9b60-646912b9d3f4" testListId="8c84fa94-04c1-424b-9868-57a2d4851a1d" />
    <TestEntry testId="b2b2d43b-9d87-4971-7001-e6990369b6c8" executionId="b75f3f50-5f4d-4c14-99a1-cd6b74f16b6f" testListId="8c84fa94-04c1-424b-9868-57a2d4851a1d" />
    <TestEntry testId="044d023a-988b-c4dd-c568-29bf752ae34c" executionId="4602cc4c-b002-4596-8f4c-b87129f83c85" testListId="8c84fa94-04c1-424b-9868-57a2d4851a1d" />
    <TestEntry testId="500146c2-0fce-a8b0-1f53-7fbec0f9bacd" executionId="8ddb0f6b-7c76-406e-86be-020cac6045ed" testListId="8c84fa94-04c1-424b-9868-57a2d4851a1d" />
    <TestEntry testId="3a4d61c6-1dc3-0bdf-c7d5-0384c8954cbd" executionId="a2350e87-24e6-4725-bf44-1f693aa67f4b" testListId="8c84fa94-04c1-424b-9868-57a2d4851a1d" />
    <TestEntry testId="0b5213c6-1e29-5592-48df-383ab2a80365" executionId="d10bd5a9-436c-46bd-9793-f99c9996e86b" testListId="8c84fa94-04c1-424b-9868-57a2d4851a1d" />
    <TestEntry testId="4cab5b13-e57d-d862-8721-f8c86a15bdbf" executionId="5c21237d-b6d8-4e3b-8e76-00f9a373fb54" testListId="8c84fa94-04c1-424b-9868-57a2d4851a1d" />
    <TestEntry testId="8601fe89-72a2-9ba5-8e62-8c183b00fe8c" executionId="c0e930f4-bc2b-4d6d-b586-647e8b8f5b0e" testListId="8c84fa94-04c1-424b-9868-57a2d4851a1d" />
    <TestEntry testId="0928c4fd-5774-fb06-0445-b9d9e3756a8d" executionId="17c92651-e893-4d27-bfe5-3f4a5ea4d230" testListId="8c84fa94-04c1-424b-9868-57a2d4851a1d" />
    <TestEntry testId="ae1fcdcb-f991-e67c-d221-5879496f84bd" executionId="64296b00-d00e-457b-89a2-43cef2914483" testListId="8c84fa94-04c1-424b-9868-57a2d4851a1d" />
    <TestEntry testId="14a48fdf-998f-a4a7-ad0a-dfa3e87104de" executionId="7dff694d-58ec-4320-810b-e19c007b7e5c" testListId="8c84fa94-04c1-424b-9868-57a2d4851a1d" />
    <TestEntry testId="fd660d88-e617-79d3-f7ee-c5b3a97b4585" executionId="e9efdbf1-fcf6-44bf-973d-40206fcad553" testListId="8c84fa94-04c1-424b-9868-57a2d4851a1d" />
    <TestEntry testId="dacce14d-9756-2798-fd98-fb15b8b3c6f4" executionId="37149230-016d-4c2e-8fd2-2299783370c3" testListId="8c84fa94-04c1-424b-9868-57a2d4851a1d" />
    <TestEntry testId="39224d7b-adf2-c3bb-b064-ed7483309b12" executionId="45756c85-cc6a-4c2e-b8ca-56aa393ce2f2" testListId="8c84fa94-04c1-424b-9868-57a2d4851a1d" />
    <TestEntry testId="d662e348-a1af-bb08-7043-ef8f0887058c" executionId="b56cd15d-f21d-4f4f-a63a-5198403f2561" testListId="8c84fa94-04c1-424b-9868-57a2d4851a1d" />
    <TestEntry testId="af0f43ee-ce4a-d402-680c-1c0e37479db8" executionId="f2a7d6ca-4372-424f-83b9-889db6174d81" testListId="8c84fa94-04c1-424b-9868-57a2d4851a1d" />
    <TestEntry testId="0881e79b-b33f-db23-4717-e6bc85ee2141" executionId="4f238f82-d5b2-4b0d-99e1-a61fdea762eb" testListId="8c84fa94-04c1-424b-9868-57a2d4851a1d" />
    <TestEntry testId="33464c95-c39e-2270-caf4-672c551a54f2" executionId="a6986286-c657-4628-a6c5-f517d4cf2fee" testListId="8c84fa94-04c1-424b-9868-57a2d4851a1d" />
    <TestEntry testId="04b4598a-a90c-25b4-3fbf-2283122ff323" executionId="3d0f1457-364f-4945-82de-350382bd14c0" testListId="8c84fa94-04c1-424b-9868-57a2d4851a1d" />
    <TestEntry testId="2b383535-8d75-6079-a3dc-080857154651" executionId="97e2c412-399c-4443-afab-5e0dd92a83d9" testListId="8c84fa94-04c1-424b-9868-57a2d4851a1d" />
    <TestEntry testId="cc8e9b7e-62a1-d82e-3e31-af5cf935c88a" executionId="60183d23-1dd3-4ea0-ac8b-26644e0e0c08" testListId="8c84fa94-04c1-424b-9868-57a2d4851a1d" />
    <TestEntry testId="af9f1e16-b2b8-175e-5d3f-4c08d3fec0d2" executionId="bdc5775f-7867-45cb-baf7-5a47e4b088da" testListId="8c84fa94-04c1-424b-9868-57a2d4851a1d" />
    <TestEntry testId="eafa657a-e693-c387-5dc5-3b7f787deb74" executionId="63a81380-abee-472c-8582-4d77ff4c265b" testListId="8c84fa94-04c1-424b-9868-57a2d4851a1d" />
    <TestEntry testId="f54c02f6-10d6-820a-6be3-9cf15ec86940" executionId="fdd23ad3-b05c-4243-ae16-0a5ef50300d6" testListId="8c84fa94-04c1-424b-9868-57a2d4851a1d" />
    <TestEntry testId="14b61d2f-5443-8ef0-349e-b30883ba9c22" executionId="eb383f31-a07d-4c1f-83d5-1e03eb9f3a07" testListId="8c84fa94-04c1-424b-9868-57a2d4851a1d" />
    <TestEntry testId="94b07cae-507e-90e4-fe2c-918d2724a7bc" executionId="286a8097-03d6-4356-8bd2-124aef4fae99" testListId="8c84fa94-04c1-424b-9868-57a2d4851a1d" />
    <TestEntry testId="78982d6b-5a61-907d-6e51-74d4614c2331" executionId="8832e4b5-4f78-4f3d-b50a-931e8a0f208d" testListId="8c84fa94-04c1-424b-9868-57a2d4851a1d" />
    <TestEntry testId="3b221ad2-25e8-a21d-c511-ab3b1a01fb56" executionId="0e48e202-dd0d-4589-928a-a7f79fb50e85" testListId="8c84fa94-04c1-424b-9868-57a2d4851a1d" />
    <TestEntry testId="9a98e390-44f3-131c-5fc0-966dedface8e" executionId="5723653b-2117-49c3-a4f3-22e84e74227b" testListId="8c84fa94-04c1-424b-9868-57a2d4851a1d" />
    <TestEntry testId="33ac3088-b630-64ef-4474-d1580dfd8fa1" executionId="227fc559-17ee-41c4-b88b-f4be0b3e7681" testListId="8c84fa94-04c1-424b-9868-57a2d4851a1d" />
    <TestEntry testId="eb6c6ac3-8255-5d9f-217d-2811f0bfb24c" executionId="3a7d6974-498c-42f2-a2fa-e7a42a3e93cf" testListId="8c84fa94-04c1-424b-9868-57a2d4851a1d" />
    <TestEntry testId="c15be519-b8fe-48e7-7703-7b1ac1a61e7f" executionId="94432526-5b1b-482e-ae25-e9b9a95eb0f2" testListId="8c84fa94-04c1-424b-9868-57a2d4851a1d" />
    <TestEntry testId="9a2e7f11-7ff4-212b-b72f-ec76db87254a" executionId="0c5c0f92-b99e-46d7-bd36-c21ac51475a7" testListId="8c84fa94-04c1-424b-9868-57a2d4851a1d" />
    <TestEntry testId="8875b738-a9e1-7286-389a-f8981f6da4cd" executionId="685620dd-f0be-426b-8d5a-8995de28dcf6" testListId="8c84fa94-04c1-424b-9868-57a2d4851a1d" />
    <TestEntry testId="4c802ea5-aa1d-d28e-7473-4c1c59889246" executionId="9d0ecd6e-a935-4051-854d-590818d3e6b5" testListId="8c84fa94-04c1-424b-9868-57a2d4851a1d" />
    <TestEntry testId="6e083e3d-bf62-ee30-d2f0-b17d35c633ea" executionId="d4c45ddc-507f-4a6e-85a8-261f5dd8db41" testListId="8c84fa94-04c1-424b-9868-57a2d4851a1d" />
    <TestEntry testId="7f1f1baf-8bbb-c3d7-9705-27c7162bbf25" executionId="12b819c6-9da2-4364-a413-ef9fe466d2e1" testListId="8c84fa94-04c1-424b-9868-57a2d4851a1d" />
    <TestEntry testId="af16c081-1118-4157-5e5a-823452565ccb" executionId="91a959d7-fa13-421e-b146-c89daa3c1c61" testListId="8c84fa94-04c1-424b-9868-57a2d4851a1d" />
    <TestEntry testId="40c0286b-652b-f4d2-04b7-183bee4a715e" executionId="b820a2d4-b948-4c63-9805-793f25edaf8c" testListId="8c84fa94-04c1-424b-9868-57a2d4851a1d" />
    <TestEntry testId="1b4a32c3-9eb5-2168-e50a-80b2df0aa2f3" executionId="144e7efd-aa4f-40bf-b9f3-7adf26e6bf92" testListId="8c84fa94-04c1-424b-9868-57a2d4851a1d" />
    <TestEntry testId="66b56aea-40c3-2481-4b5e-49255676d9f1" executionId="e8689bb8-d599-4598-aa04-72a3f6c9664c" testListId="8c84fa94-04c1-424b-9868-57a2d4851a1d" />
    <TestEntry testId="91cfec7e-ef42-5972-8313-05af41252d8d" executionId="b30e91e5-b586-4393-953e-3d46a2570a73" testListId="8c84fa94-04c1-424b-9868-57a2d4851a1d" />
    <TestEntry testId="88133fd3-9167-6134-2a3f-9488dba78659" executionId="70797d4d-1a73-41f3-9bc0-726c6cd3bd1f" testListId="8c84fa94-04c1-424b-9868-57a2d4851a1d" />
    <TestEntry testId="6ca73ebd-56b4-1756-58f8-e75d82906bc5" executionId="2d994f21-a024-48c0-8ae4-da8de3fa275e" testListId="8c84fa94-04c1-424b-9868-57a2d4851a1d" />
    <TestEntry testId="65073782-d14b-7acc-ac1b-4140ad46eef8" executionId="f9d2202a-fada-44ed-a699-f57ac0a63df4" testListId="8c84fa94-04c1-424b-9868-57a2d4851a1d" />
    <TestEntry testId="0f5489b1-8ac4-9204-17f4-b55749ac6490" executionId="c8b6ba71-773e-4af5-9ceb-c9a15c8ea416" testListId="8c84fa94-04c1-424b-9868-57a2d4851a1d" />
    <TestEntry testId="d14f3865-eb3a-a806-eb3f-e6d1d870885d" executionId="ede8c9c6-5957-4452-b5f3-528a84934905" testListId="8c84fa94-04c1-424b-9868-57a2d4851a1d" />
    <TestEntry testId="dbc25ad9-20cc-4d18-73ef-8500a4d4137f" executionId="dd059b18-d571-47d7-a6ed-cdc5bdf20142" testListId="8c84fa94-04c1-424b-9868-57a2d4851a1d" />
    <TestEntry testId="049489f2-1a42-cae5-971b-5636d7488caa" executionId="ba2a26f3-1b2a-41c4-a709-cf453ab8736e" testListId="8c84fa94-04c1-424b-9868-57a2d4851a1d" />
    <TestEntry testId="18ccdaf8-d982-0e82-d316-63446f746fd7" executionId="0638581f-447e-4a12-ac2f-0d71ec506db2" testListId="8c84fa94-04c1-424b-9868-57a2d4851a1d" />
    <TestEntry testId="251b347e-5118-6923-54c2-687fcb9f9027" executionId="6fdd9f9d-362d-4ad6-85af-e4dac38cc5a9" testListId="8c84fa94-04c1-424b-9868-57a2d4851a1d" />
    <TestEntry testId="2983b511-4ca5-aad7-7122-726ddf02d399" executionId="3853b196-600b-4aee-b944-e732105ca407" testListId="8c84fa94-04c1-424b-9868-57a2d4851a1d" />
    <TestEntry testId="1ad3591a-ac8c-9e26-3467-6ee13c8cfd41" executionId="0800e432-4c30-49f4-96d1-e52a0e2a4084" testListId="8c84fa94-04c1-424b-9868-57a2d4851a1d" />
    <TestEntry testId="cb13d9c3-56f2-276b-f315-14e9213934da" executionId="e74d8025-5cc2-4e21-9ba3-dbc6bf7b39d2" testListId="8c84fa94-04c1-424b-9868-57a2d4851a1d" />
    <TestEntry testId="79b8fa33-af80-9f78-4ef9-04a20433e050" executionId="3c89a93f-d71a-4baf-a2f5-471d2ac217bc" testListId="8c84fa94-04c1-424b-9868-57a2d4851a1d" />
    <TestEntry testId="19d3a582-cf55-1f18-55fd-1cbf218e3c1b" executionId="72d657cf-5562-4180-bd71-c8530e340681" testListId="8c84fa94-04c1-424b-9868-57a2d4851a1d" />
    <TestEntry testId="144c69ed-fb6c-34fd-956a-d442174acbf9" executionId="04bc6986-1480-42d6-a034-7dc0acda9752" testListId="8c84fa94-04c1-424b-9868-57a2d4851a1d" />
    <TestEntry testId="0f32b524-4844-b3fb-566a-4f1c520479bb" executionId="09ae6cc4-8e14-4376-8b92-d36cef26358e" testListId="8c84fa94-04c1-424b-9868-57a2d4851a1d" />
    <TestEntry testId="e8468c0c-a545-5d16-c11f-86ec8e232404" executionId="1340cc83-338e-4ef5-8212-10af787e3330" testListId="8c84fa94-04c1-424b-9868-57a2d4851a1d" />
    <TestEntry testId="6133b6d9-a9f1-1617-1674-43e83f8cc1f4" executionId="12e9f0e0-d03d-4cfb-b38b-09aff0e32a7f" testListId="8c84fa94-04c1-424b-9868-57a2d4851a1d" />
    <TestEntry testId="5b5b0b17-b74c-6ecb-201e-61f7e7362b6f" executionId="e705f798-bbf5-4680-8cd8-073b75fb4d41" testListId="8c84fa94-04c1-424b-9868-57a2d4851a1d" />
    <TestEntry testId="a13f15c8-7c1b-75e6-115a-2f9c84e9fa5f" executionId="6dbac50c-611f-4a2c-9bf3-d6d8df759569" testListId="8c84fa94-04c1-424b-9868-57a2d4851a1d" />
    <TestEntry testId="6b68b022-949d-c4fe-8f3f-d5c254031f0f" executionId="f0c119ae-2121-485c-8a48-7f8f9a6a4672" testListId="8c84fa94-04c1-424b-9868-57a2d4851a1d" />
    <TestEntry testId="31051539-7cfa-1db5-4cea-df2287622770" executionId="6815ab67-db79-4aac-a8c5-acd2d81c24b3" testListId="8c84fa94-04c1-424b-9868-57a2d4851a1d" />
    <TestEntry testId="0f6413c0-cc42-e14e-f2e9-6c1a7fb644a7" executionId="22f56aae-e982-4029-b1ff-337e7d9b4dd4" testListId="8c84fa94-04c1-424b-9868-57a2d4851a1d" />
    <TestEntry testId="954dcc09-ffa8-ee72-ce2c-24675b9f100a" executionId="b275d72b-29da-4a29-b194-8b3a2eab0db2" testListId="8c84fa94-04c1-424b-9868-57a2d4851a1d" />
    <TestEntry testId="2e6d5115-26cc-6226-264b-6222e4689761" executionId="7ef439e5-5d60-40aa-9673-e5d2db854e30" testListId="8c84fa94-04c1-424b-9868-57a2d4851a1d" />
    <TestEntry testId="1b66a21c-10a6-0908-6fbd-7ece73d7fb3e" executionId="daed5907-4dba-4007-8eba-62d3bbc906c9" testListId="8c84fa94-04c1-424b-9868-57a2d4851a1d" />
    <TestEntry testId="7ce3bd1f-17a2-67ea-14e3-54128c33634a" executionId="e7161aa7-496c-443a-9398-d1a6e58fba54" testListId="8c84fa94-04c1-424b-9868-57a2d4851a1d" />
    <TestEntry testId="27817c8c-6c0d-bb4b-da4e-d6836f9c5d12" executionId="99f6666f-6fdc-47a3-9b52-65c08a87aa51" testListId="8c84fa94-04c1-424b-9868-57a2d4851a1d" />
    <TestEntry testId="27c1e810-7452-20e9-bd4a-23699743a6c7" executionId="eb4afd11-7b4d-4173-af44-bd49500d2b72" testListId="8c84fa94-04c1-424b-9868-57a2d4851a1d" />
    <TestEntry testId="293285b5-f787-ce9d-2c40-45d537374ac6" executionId="c0ff2ce7-6e38-4fb0-8876-352e543dc651" testListId="8c84fa94-04c1-424b-9868-57a2d4851a1d" />
    <TestEntry testId="60e95dc2-1384-1da5-37c2-e879ef01c39a" executionId="35541b09-2eb9-47bd-86c9-2c4a9b5c956c" testListId="8c84fa94-04c1-424b-9868-57a2d4851a1d" />
    <TestEntry testId="a17fc58f-03d2-d783-1f61-cc54e1b01c86" executionId="2f0f2350-2191-4adf-9a2a-d1424b08016b" testListId="8c84fa94-04c1-424b-9868-57a2d4851a1d" />
    <TestEntry testId="1f241370-4898-8010-2b1d-0961333a2be9" executionId="3b0169e3-6d33-4be1-a2fb-88ef41b2fbf6" testListId="8c84fa94-04c1-424b-9868-57a2d4851a1d" />
    <TestEntry testId="15aede0d-e3f2-2cb3-b9cb-5b079f95b7e7" executionId="c08fb69f-d249-45fb-b837-074b91ca65e2" testListId="8c84fa94-04c1-424b-9868-57a2d4851a1d" />
    <TestEntry testId="420e5a34-3d7f-4641-51ff-8be4f28538e4" executionId="b7930329-8ea4-4f6b-8c73-c9f4326adeb7" testListId="8c84fa94-04c1-424b-9868-57a2d4851a1d" />
    <TestEntry testId="a7d84506-07b5-7ff8-9127-f0b1cfa053da" executionId="e3554c7e-4cc9-419c-8bb7-e94054830995" testListId="8c84fa94-04c1-424b-9868-57a2d4851a1d" />
    <TestEntry testId="9e0f7694-4c12-cabb-5030-0f3a25dfbb2b" executionId="33863342-29e8-47c8-8aee-92490cc939ca" testListId="8c84fa94-04c1-424b-9868-57a2d4851a1d" />
    <TestEntry testId="06174076-ef01-8d0d-830c-682ae858b24d" executionId="cedba316-886d-42f1-be9a-49ba2562cf0d" testListId="8c84fa94-04c1-424b-9868-57a2d4851a1d" />
    <TestEntry testId="f020995b-abe3-d649-6f42-54b2532be4d9" executionId="83e2c316-cdb4-43f8-a405-2f64bf713374" testListId="8c84fa94-04c1-424b-9868-57a2d4851a1d" />
    <TestEntry testId="26609db5-8fe4-7221-64d2-19aa74512834" executionId="62308caa-38d5-43f7-9d88-c76655de0442" testListId="8c84fa94-04c1-424b-9868-57a2d4851a1d" />
    <TestEntry testId="c1d45865-15fa-0d84-a5d0-67059817b5ff" executionId="3cab0f14-778b-466d-ac68-6cfccea5a175" testListId="8c84fa94-04c1-424b-9868-57a2d4851a1d" />
    <TestEntry testId="0daed256-eb5b-ff97-e9ff-02ba280c96b0" executionId="75d6d684-cd69-4052-8330-ee515a5c0984" testListId="8c84fa94-04c1-424b-9868-57a2d4851a1d" />
    <TestEntry testId="6b8d7eb7-6306-1854-531e-9df54451cb92" executionId="9790112f-4a62-4339-8e1c-e4e5323e2326" testListId="8c84fa94-04c1-424b-9868-57a2d4851a1d" />
    <TestEntry testId="11c28579-30cf-d22c-ee3d-3776ee719321" executionId="365bef81-9671-42fe-91d5-a3c39fbaa440" testListId="8c84fa94-04c1-424b-9868-57a2d4851a1d" />
    <TestEntry testId="442159a8-1bcd-ab6e-06d2-d9a45f4251b5" executionId="8c9f79bf-9c53-4ec6-94f6-0fadbbbffbdf" testListId="8c84fa94-04c1-424b-9868-57a2d4851a1d" />
    <TestEntry testId="c17413ea-faf7-b84c-6a91-46a90eb83f24" executionId="0bbb8f84-5cdf-4323-b365-384dd094f1ad" testListId="8c84fa94-04c1-424b-9868-57a2d4851a1d" />
    <TestEntry testId="f02151f2-7537-c913-0353-0c1cefe4a11e" executionId="edbd0c2d-dfe6-4db6-8a65-e9b650961ec1" testListId="8c84fa94-04c1-424b-9868-57a2d4851a1d" />
    <TestEntry testId="03c86249-a9e6-e76b-4e52-cc9f81b3e12b" executionId="6ff87968-c283-44c7-bbc6-b186e340498b" testListId="8c84fa94-04c1-424b-9868-57a2d4851a1d" />
    <TestEntry testId="708c93d9-3b87-f482-2b59-76adaefd6f67" executionId="e9844e40-e2f7-43aa-968f-ce4ceac4d42b" testListId="8c84fa94-04c1-424b-9868-57a2d4851a1d" />
    <TestEntry testId="fc700c0a-f7f2-a9aa-c628-23e607736cb2" executionId="54543b95-40d2-4f65-9240-3d02640f080d" testListId="8c84fa94-04c1-424b-9868-57a2d4851a1d" />
    <TestEntry testId="a55aaf93-07d3-2d94-7ff3-69bf177f189d" executionId="5ebb3b8c-aa74-4a98-b0db-4fd2b25f85f9" testListId="8c84fa94-04c1-424b-9868-57a2d4851a1d" />
    <TestEntry testId="322a76e2-9465-203a-fa3f-db73d4f489c4" executionId="e7d26573-65cf-40c6-842b-b58b35fa3ac0" testListId="8c84fa94-04c1-424b-9868-57a2d4851a1d" />
    <TestEntry testId="6bf15edc-a1d0-adf1-a3aa-fde4bdad9f83" executionId="39098557-945c-4001-81ed-589aff2ab272" testListId="8c84fa94-04c1-424b-9868-57a2d4851a1d" />
    <TestEntry testId="1cd3273e-4fe1-8213-74a3-0afca1364b2a" executionId="f426a9ea-6742-4716-9b3f-e529aa9deaf1" testListId="8c84fa94-04c1-424b-9868-57a2d4851a1d" />
    <TestEntry testId="0bd5a705-f6f8-0f3a-8c3d-f1c97380c236" executionId="47d6f997-e7d5-41e2-9a9d-f0783df3638e" testListId="8c84fa94-04c1-424b-9868-57a2d4851a1d" />
    <TestEntry testId="4fd7ef13-73a5-f651-dedc-2514dfae7f93" executionId="615b2ac8-4caa-4a01-98e2-de4a4ef5390e" testListId="8c84fa94-04c1-424b-9868-57a2d4851a1d" />
    <TestEntry testId="e99720dc-b5ca-82eb-619d-d041c4804cad" executionId="b743f5d3-4225-4465-b13a-214a46d8e202" testListId="8c84fa94-04c1-424b-9868-57a2d4851a1d" />
    <TestEntry testId="3893bc09-628b-2605-fa37-7cfb280ed351" executionId="f0dcac1c-9901-454e-934f-7b06523b0e64" testListId="8c84fa94-04c1-424b-9868-57a2d4851a1d" />
    <TestEntry testId="f880bae4-ac7b-09b5-228d-aaaa54c0b1c6" executionId="8b912d52-f3fe-4c12-9477-b85b5ab07c03" testListId="8c84fa94-04c1-424b-9868-57a2d4851a1d" />
    <TestEntry testId="3d1a6672-4657-c0b5-09b7-40d121d78ad6" executionId="d4954011-3d4c-4ef7-94ce-298ed665221b" testListId="8c84fa94-04c1-424b-9868-57a2d4851a1d" />
    <TestEntry testId="b8276ba3-7850-cbef-143f-fbd86d2ed190" executionId="656a3895-fa32-4f7e-9102-c2eebb84c1f7" testListId="8c84fa94-04c1-424b-9868-57a2d4851a1d" />
    <TestEntry testId="3f36873b-eeee-f47e-801c-1028988ff18d" executionId="c00f2d68-7420-493d-af04-6ff0454e8fe8" testListId="8c84fa94-04c1-424b-9868-57a2d4851a1d" />
    <TestEntry testId="ac145d13-4c02-a67c-cc07-a100e99d94e8" executionId="6274d543-3e31-4739-8975-4eb139144133" testListId="8c84fa94-04c1-424b-9868-57a2d4851a1d" />
    <TestEntry testId="0fbf3694-a7c3-3fef-5348-e45949735e92" executionId="e66b496c-a0e0-4ff4-b3a8-4e72b9a2d8cf" testListId="8c84fa94-04c1-424b-9868-57a2d4851a1d" />
    <TestEntry testId="ba5d0a4c-06cb-f46b-47c1-8da0bac9ec51" executionId="fd931362-aa22-41ff-9bef-90f402ad1e32" testListId="8c84fa94-04c1-424b-9868-57a2d4851a1d" />
    <TestEntry testId="70b285fc-710a-f379-d65f-f5e6f4c70eac" executionId="255ee0e9-ce28-4185-9688-28ab1480294a" testListId="8c84fa94-04c1-424b-9868-57a2d4851a1d" />
    <TestEntry testId="d7839ae1-9662-254a-edc4-21e217d972c9" executionId="9c43d71e-6fd4-4c16-902b-6edcbdd6e5e8" testListId="8c84fa94-04c1-424b-9868-57a2d4851a1d" />
    <TestEntry testId="ddb2b30a-7c8f-3eac-d6a3-efc6f41e2e1f" executionId="1b2ad30e-7eb9-4f3b-a7c9-362ae5d10f09" testListId="8c84fa94-04c1-424b-9868-57a2d4851a1d" />
    <TestEntry testId="3a3b003d-e9ff-947e-0664-bd777109fe74" executionId="a2436445-6b54-49fc-86b4-89e1eaa70b25" testListId="8c84fa94-04c1-424b-9868-57a2d4851a1d" />
    <TestEntry testId="527481b0-1273-3dea-68f1-756a76377e7f" executionId="321f5528-d51e-4aee-8661-a01ca4932771" testListId="8c84fa94-04c1-424b-9868-57a2d4851a1d" />
    <TestEntry testId="125f47fd-bfa6-8077-4564-e798b6c885b3" executionId="982d46ea-1528-466f-ac1e-b9834a73afcc" testListId="8c84fa94-04c1-424b-9868-57a2d4851a1d" />
    <TestEntry testId="e9dfb445-64b1-c8bd-bc01-6330550b105e" executionId="9f0413fb-2074-43a3-8cee-1ceb72c55349" testListId="8c84fa94-04c1-424b-9868-57a2d4851a1d" />
    <TestEntry testId="1eb53537-afef-d5dd-debc-6b9152b2f955" executionId="b0dc162b-20f8-46eb-9be4-7e81b710e1b9" testListId="8c84fa94-04c1-424b-9868-57a2d4851a1d" />
    <TestEntry testId="ab1a8e45-8e17-ad94-af47-713e91eff11b" executionId="e34af23f-74cb-4e78-af34-62a766cf606a" testListId="8c84fa94-04c1-424b-9868-57a2d4851a1d" />
    <TestEntry testId="5779081c-72b8-3e22-5954-bdf5dfba82f5" executionId="05ba63d2-cf21-4418-833b-1105e0976559" testListId="8c84fa94-04c1-424b-9868-57a2d4851a1d" />
    <TestEntry testId="8f38f84f-ef7b-c71d-fc5d-8932529a4a0f" executionId="ae2151d7-f067-4646-bedd-6526a880c4ad" testListId="8c84fa94-04c1-424b-9868-57a2d4851a1d" />
    <TestEntry testId="4d993a4f-76c0-7cf9-2048-40644000ecc0" executionId="5ce68380-da24-4057-8fb2-214314b23fae" testListId="8c84fa94-04c1-424b-9868-57a2d4851a1d" />
    <TestEntry testId="d8efbbc3-789a-3585-978c-2744f717a173" executionId="ca05355b-7e1e-40d5-b001-208cdc7e4d00" testListId="8c84fa94-04c1-424b-9868-57a2d4851a1d" />
    <TestEntry testId="42302bdc-1d63-06ab-e9d6-928e15c70dec" executionId="5a7b6ce4-0c58-45b1-b600-ff6d64209128" testListId="8c84fa94-04c1-424b-9868-57a2d4851a1d" />
    <TestEntry testId="cc93f70b-f9b0-21f7-faba-e1868435194b" executionId="13e5d561-19ab-46ed-a14c-ede030c3a1f4" testListId="8c84fa94-04c1-424b-9868-57a2d4851a1d" />
    <TestEntry testId="6271bc67-5e80-6155-5dfc-c8f30ff7d226" executionId="e8f90402-80e9-4821-8abd-8b6ab9e0f54b" testListId="8c84fa94-04c1-424b-9868-57a2d4851a1d" />
    <TestEntry testId="21aacc52-5297-f44e-aad6-4de7a3bc1c17" executionId="35154741-4714-4ea1-b571-c9a961aa9657" testListId="8c84fa94-04c1-424b-9868-57a2d4851a1d" />
    <TestEntry testId="7cd2c95d-3a22-0d5c-c07f-69fa30ef94a1" executionId="7946e827-ac1f-4b74-b3b2-aa5ce3558c49" testListId="8c84fa94-04c1-424b-9868-57a2d4851a1d" />
    <TestEntry testId="79ed88f2-f433-a4e4-a0f7-7ec8b906db54" executionId="ef65a8e0-7ad0-4536-9ba0-68761d45a2e3" testListId="8c84fa94-04c1-424b-9868-57a2d4851a1d" />
    <TestEntry testId="a41a1003-2242-10b8-735d-2b3636a491be" executionId="24460922-4452-44d4-9797-266210113a6c" testListId="8c84fa94-04c1-424b-9868-57a2d4851a1d" />
    <TestEntry testId="b0d0079b-65d6-c082-7bc9-a129a13a3c18" executionId="86edf845-7e98-4db2-b3a1-2b5c55cca76d" testListId="8c84fa94-04c1-424b-9868-57a2d4851a1d" />
    <TestEntry testId="ac1f3199-d4a5-f053-63bd-190671ac0343" executionId="a5bef666-2dff-449f-9c0b-4d4e91cc2e91" testListId="8c84fa94-04c1-424b-9868-57a2d4851a1d" />
    <TestEntry testId="2290dc93-26ef-2adf-bfc4-c74fcd6396b2" executionId="5bac13d8-77c2-4d63-a2cf-6f7ad1d2f321" testListId="8c84fa94-04c1-424b-9868-57a2d4851a1d" />
    <TestEntry testId="bc0974a0-deaf-8644-39a5-1ed48142447f" executionId="e5bb0a1f-423e-4f3e-9307-75a654fcc709" testListId="8c84fa94-04c1-424b-9868-57a2d4851a1d" />
    <TestEntry testId="bf1206bb-c315-791a-6716-b4026aff80ac" executionId="09657d2a-13ec-46c7-b1e6-c9313aa95e05" testListId="8c84fa94-04c1-424b-9868-57a2d4851a1d" />
    <TestEntry testId="1e01348f-4956-9c30-5322-aed75f85144b" executionId="37a5b5f6-6fa8-453e-9cf0-eb9a30989179" testListId="8c84fa94-04c1-424b-9868-57a2d4851a1d" />
    <TestEntry testId="c1b640ca-e678-426e-45cc-5191cc545133" executionId="c7c22a06-9a0e-4bc2-88f0-b11550a1d366" testListId="8c84fa94-04c1-424b-9868-57a2d4851a1d" />
    <TestEntry testId="556f34ce-3bef-1c1d-2f3e-c3457681ba59" executionId="984b73b0-d33d-442e-99bd-0169505573ea" testListId="8c84fa94-04c1-424b-9868-57a2d4851a1d" />
    <TestEntry testId="d398ef55-2762-6fec-9ad2-1f14cb2a9d60" executionId="18cbd893-e298-4465-b54a-ff7c4a857405" testListId="8c84fa94-04c1-424b-9868-57a2d4851a1d" />
    <TestEntry testId="3d8a3078-3353-0dd0-9ba2-c2de88eb7008" executionId="85aa612b-e92e-4c7f-ad27-67cfc1717627" testListId="8c84fa94-04c1-424b-9868-57a2d4851a1d" />
    <TestEntry testId="f8feb370-a546-7995-c8e5-2c5a9509dee9" executionId="86fb07b6-65c2-4a94-baf5-863a6103ef41" testListId="8c84fa94-04c1-424b-9868-57a2d4851a1d" />
    <TestEntry testId="582a166b-52fa-3ee8-5316-b4af9ef88ed9" executionId="30ec31a3-78f0-49a3-bcc2-08dd19a65d32" testListId="8c84fa94-04c1-424b-9868-57a2d4851a1d" />
    <TestEntry testId="7fa99fc8-4dae-9088-0c08-813290a88ab6" executionId="e3628998-03a5-4340-9b43-80d4e3e620f6" testListId="8c84fa94-04c1-424b-9868-57a2d4851a1d" />
    <TestEntry testId="fa0ba56c-3e83-3f1e-d41c-70bf0d206613" executionId="f36c1976-aa20-451f-8c9b-e0ce21c2dc92" testListId="8c84fa94-04c1-424b-9868-57a2d4851a1d" />
    <TestEntry testId="3bd4e091-3cac-addc-1c5e-6f943e11b33f" executionId="99c02567-bfbd-4ff9-8829-c70ea7d26a06" testListId="8c84fa94-04c1-424b-9868-57a2d4851a1d" />
    <TestEntry testId="d6caf9a4-3f9a-074e-1dad-d39d3f06a0e6" executionId="dd260cc9-6ced-4c80-aaa0-24f9ff2112ba" testListId="8c84fa94-04c1-424b-9868-57a2d4851a1d" />
    <TestEntry testId="f7df628a-2d6d-0169-1e36-e1aabcaaa3c0" executionId="84a1ab2e-9bfd-44fe-ad7e-4a532142c23c" testListId="8c84fa94-04c1-424b-9868-57a2d4851a1d" />
    <TestEntry testId="5eeda859-d31c-69f8-fe90-55abee0d8512" executionId="de495c4b-0058-4dba-bebe-b915c765eecb" testListId="8c84fa94-04c1-424b-9868-57a2d4851a1d" />
    <TestEntry testId="9201c682-a830-2984-3517-d5fbfb383f4a" executionId="d6fcaa17-080c-46a7-a145-d4ef62254d20" testListId="8c84fa94-04c1-424b-9868-57a2d4851a1d" />
    <TestEntry testId="19b10478-a96f-f7e7-c2b8-f210ce21c3d4" executionId="63cb4368-16c9-4ca8-8a5c-5e761385dc7c" testListId="8c84fa94-04c1-424b-9868-57a2d4851a1d" />
    <TestEntry testId="b44cc6a8-6a9a-fd12-3fec-c22280c5d52b" executionId="afa3e649-8fe3-4fe7-b942-e2ef0587f1a5" testListId="8c84fa94-04c1-424b-9868-57a2d4851a1d" />
    <TestEntry testId="e69a267a-e07a-22bf-4915-eae5a252f8b8" executionId="2a5f9c2c-c6ec-433c-8528-e15ef4071b0e" testListId="8c84fa94-04c1-424b-9868-57a2d4851a1d" />
    <TestEntry testId="18b9af22-bb6c-f1cc-eab9-198fe04c78c2" executionId="d70f6fda-6da7-4a94-af59-62a5ca6e21f8" testListId="8c84fa94-04c1-424b-9868-57a2d4851a1d" />
    <TestEntry testId="cc181f70-75e6-81da-b99e-3e2374e3ba03" executionId="c50f77d2-948e-40e3-8544-0d1596ce70f7" testListId="8c84fa94-04c1-424b-9868-57a2d4851a1d" />
    <TestEntry testId="0cd51abe-1287-52a5-9d2e-d556a1306fcb" executionId="f2364b8b-14f9-4682-a0b6-381948a65c4f" testListId="8c84fa94-04c1-424b-9868-57a2d4851a1d" />
    <TestEntry testId="87624c9b-97b8-ed79-9d92-4a653ba64699" executionId="57922dd0-86ab-442d-b4fe-f914186b4f11" testListId="8c84fa94-04c1-424b-9868-57a2d4851a1d" />
    <TestEntry testId="6abc30a4-9771-c1aa-9f1c-ff3c0e9f8896" executionId="ff986e09-0200-4789-b746-4bf6e43e99f6" testListId="8c84fa94-04c1-424b-9868-57a2d4851a1d" />
    <TestEntry testId="7686eb08-d24a-c580-7754-5f201e5cc693" executionId="d9b0f9db-50cd-4348-856a-d3f757daa2d8" testListId="8c84fa94-04c1-424b-9868-57a2d4851a1d" />
    <TestEntry testId="9fe19c9a-7103-2abd-228a-09e45881c4bc" executionId="f7b98afc-d914-4332-a8e4-1c1243bb6dd2" testListId="8c84fa94-04c1-424b-9868-57a2d4851a1d" />
    <TestEntry testId="fbbc45ef-78b8-acb6-dc04-1e7a7f11e95a" executionId="a86af8fb-4352-488b-9082-6c31ace0e4bb" testListId="8c84fa94-04c1-424b-9868-57a2d4851a1d" />
    <TestEntry testId="d7001884-5531-566e-871c-306c552a41f9" executionId="77355d52-2475-426a-9c1d-8f74a6680bc8" testListId="8c84fa94-04c1-424b-9868-57a2d4851a1d" />
    <TestEntry testId="bbf27319-0f4b-5f15-78c4-45a2e840ee02" executionId="ee61e388-da26-4e74-aeb1-dabf389a0766" testListId="8c84fa94-04c1-424b-9868-57a2d4851a1d" />
    <TestEntry testId="a85a1362-1754-70cf-33fa-4ae7e0463bc7" executionId="0357c65b-0005-48f3-9c59-3fcc0044aebc" testListId="8c84fa94-04c1-424b-9868-57a2d4851a1d" />
    <TestEntry testId="d1645eb5-871e-4ef4-8f57-61d470c8d63a" executionId="89753035-e123-4dc0-859e-cfc1de8fdd1d" testListId="8c84fa94-04c1-424b-9868-57a2d4851a1d" />
    <TestEntry testId="e0e73f94-8b60-e9f7-5ce6-3100aae7c303" executionId="7e1a1ab7-1375-4032-ad33-9492018b0672" testListId="8c84fa94-04c1-424b-9868-57a2d4851a1d" />
    <TestEntry testId="107e0daf-d21c-596c-9a4b-7e99c0ba5816" executionId="362f8aef-db62-4aea-8892-53dcf7a47a3a" testListId="8c84fa94-04c1-424b-9868-57a2d4851a1d" />
    <TestEntry testId="712e2140-9dcc-9696-ddc4-73aad2a14137" executionId="45b867aa-8370-4ed8-b6c9-a930c00faddb" testListId="8c84fa94-04c1-424b-9868-57a2d4851a1d" />
    <TestEntry testId="61995c8a-35dd-f2df-f559-b60cb8f54a82" executionId="4ed1b0fe-0486-48b3-8e09-3a8de79d8543" testListId="8c84fa94-04c1-424b-9868-57a2d4851a1d" />
    <TestEntry testId="b2538acc-438d-df18-2761-19b1ee3522d9" executionId="e5e44286-424a-4340-8ebf-b1b5759ca848" testListId="8c84fa94-04c1-424b-9868-57a2d4851a1d" />
    <TestEntry testId="8bd9e66b-afe5-6a6c-4e29-a0b4f0e39174" executionId="291ec2ab-a0de-4a0d-9231-bdd7c58d2b63" testListId="8c84fa94-04c1-424b-9868-57a2d4851a1d" />
    <TestEntry testId="3c6ec36d-3aca-cc8c-f540-f0674fae16f9" executionId="0c08c643-c2d6-4bde-af0f-b87406f24595" testListId="8c84fa94-04c1-424b-9868-57a2d4851a1d" />
    <TestEntry testId="dccf2726-dfd0-7d43-4aa6-126f8354b46b" executionId="470fd1ff-0203-4a4b-ae7f-ce399b7b6ccb" testListId="8c84fa94-04c1-424b-9868-57a2d4851a1d" />
    <TestEntry testId="ecc8a678-a940-3ae6-944a-34c722824547" executionId="c7f2fd5f-baae-4c7a-a395-f02fe8ee7c9e" testListId="8c84fa94-04c1-424b-9868-57a2d4851a1d" />
    <TestEntry testId="c2f6ebcb-6563-8bdd-b77e-91b902f7eb14" executionId="b5dfefc4-ef87-45e3-8a65-212f36b1a677" testListId="8c84fa94-04c1-424b-9868-57a2d4851a1d" />
    <TestEntry testId="d716207e-88e3-d258-c9c3-93a6eb313656" executionId="06fdf2ac-5b19-4f2d-9010-346bb203af3a" testListId="8c84fa94-04c1-424b-9868-57a2d4851a1d" />
    <TestEntry testId="256352cb-a01d-67ee-0151-ab9132f46725" executionId="b7ce94f9-f95a-4728-9885-1e91bc2e5034" testListId="8c84fa94-04c1-424b-9868-57a2d4851a1d" />
    <TestEntry testId="44436d34-8c47-a19f-150a-24d114c511ac" executionId="fae2037b-b696-4075-9515-a447e3fa64f0" testListId="8c84fa94-04c1-424b-9868-57a2d4851a1d" />
    <TestEntry testId="3a86bace-7c8b-cb31-de17-695019225dec" executionId="65e03d00-bd38-4460-8fbd-c79ba7417723" testListId="8c84fa94-04c1-424b-9868-57a2d4851a1d" />
    <TestEntry testId="a7dc6179-c1b7-aef9-5686-edbcfe9b120d" executionId="4bf8c507-042f-4ff2-859b-2c5c4db1a0d5" testListId="8c84fa94-04c1-424b-9868-57a2d4851a1d" />
    <TestEntry testId="146594a1-db48-d7ad-577b-cf76cd9c279b" executionId="6b1433f7-83d6-48e5-b0cd-fdcd14d92364" testListId="8c84fa94-04c1-424b-9868-57a2d4851a1d" />
    <TestEntry testId="46ae3a22-8d3d-7e4f-8a5b-87f63b36d2e9" executionId="c56c2326-f9d5-455d-9577-c7878e86b1d8" testListId="8c84fa94-04c1-424b-9868-57a2d4851a1d" />
    <TestEntry testId="5299c3b1-b147-2926-54b8-048e2c168fc2" executionId="25be1a99-166b-4c75-a4a1-03d58487f550" testListId="8c84fa94-04c1-424b-9868-57a2d4851a1d" />
    <TestEntry testId="cf5907ea-f180-5c72-1f5a-4ab563640853" executionId="e1eb61d5-e88d-42e3-8963-70e15cf486f4" testListId="8c84fa94-04c1-424b-9868-57a2d4851a1d" />
    <TestEntry testId="4d8c83aa-a156-12a2-4c8a-ba95a8a26318" executionId="89b32a2d-7e72-4b9f-a4af-3508e7c917e9" testListId="8c84fa94-04c1-424b-9868-57a2d4851a1d" />
    <TestEntry testId="dbc5d189-251d-e27f-7817-a46019f321c1" executionId="ca8e58c4-10f8-407a-b3f3-875c9a9689cd" testListId="8c84fa94-04c1-424b-9868-57a2d4851a1d" />
    <TestEntry testId="1f1cc29a-ffbb-09ec-fd2b-edba3215943f" executionId="ba9980d9-5585-4200-bfea-d31a8b74bd6f" testListId="8c84fa94-04c1-424b-9868-57a2d4851a1d" />
    <TestEntry testId="341aa1b2-3b64-c4e7-896b-2d80cfc15011" executionId="315a6c56-a0d5-49d6-9301-242515dcf42a" testListId="8c84fa94-04c1-424b-9868-57a2d4851a1d" />
    <TestEntry testId="88e95bf1-e2f8-873d-5b44-49c57ad713ac" executionId="964471bb-9dd5-4b5d-b1e8-a6cb68383470" testListId="8c84fa94-04c1-424b-9868-57a2d4851a1d" />
    <TestEntry testId="16f93673-833f-5604-541b-fd1cb5d08ba8" executionId="d1b3d468-303e-4528-be6b-528910db2fc3" testListId="8c84fa94-04c1-424b-9868-57a2d4851a1d" />
    <TestEntry testId="ddb5c0d8-d96d-641b-981f-700b89499855" executionId="b6a3607b-5959-471a-9161-6a7a4aaf1f05" testListId="8c84fa94-04c1-424b-9868-57a2d4851a1d" />
    <TestEntry testId="187a3c1b-b8b9-e08a-2f65-c787e6bb630a" executionId="f4bb41be-b641-4eb5-b7ed-b7b0f2e1dc12" testListId="8c84fa94-04c1-424b-9868-57a2d4851a1d" />
    <TestEntry testId="31a03b18-193d-f844-e92f-19d317699a01" executionId="31910076-9c45-481c-bda6-3cbd847229e8" testListId="8c84fa94-04c1-424b-9868-57a2d4851a1d" />
    <TestEntry testId="8deb741b-167d-6a1a-855a-646fe46075da" executionId="d8b16f1d-5694-4e93-95da-fb3478b29c34" testListId="8c84fa94-04c1-424b-9868-57a2d4851a1d" />
    <TestEntry testId="37ae8fbf-ea2d-3e63-eb29-0ad351089e62" executionId="072e9f95-1d3f-4cbe-9e75-0024180131ee" testListId="8c84fa94-04c1-424b-9868-57a2d4851a1d" />
    <TestEntry testId="38b98b35-19bc-eb4b-75ab-937f6e63a097" executionId="cf5eada1-bb28-41ab-a4f4-3b96642a1a3f" testListId="8c84fa94-04c1-424b-9868-57a2d4851a1d" />
    <TestEntry testId="1d781042-4a4b-edb4-7dfd-5edbb643ac7b" executionId="30d2651f-9a00-406d-b8c3-f1cbb539dd08" testListId="8c84fa94-04c1-424b-9868-57a2d4851a1d" />
    <TestEntry testId="1bdc0970-713b-d043-8222-8dccac91ab64" executionId="e21ab772-cd31-49d4-a0f6-819cac79c5ac" testListId="8c84fa94-04c1-424b-9868-57a2d4851a1d" />
    <TestEntry testId="9b0e5cb1-f4f9-6c49-68ba-942303d83183" executionId="c1752784-aeed-41b0-aaf1-e9aa92665a13" testListId="8c84fa94-04c1-424b-9868-57a2d4851a1d" />
    <TestEntry testId="4616a099-62a3-ac2b-8f4b-108aba4d58b6" executionId="0cad8fef-687d-4275-bacb-cd370ce24931" testListId="8c84fa94-04c1-424b-9868-57a2d4851a1d" />
    <TestEntry testId="9504291e-b74b-48e8-7789-94b6a1151b40" executionId="ca0c4983-6090-40d5-8be7-b012f9cd0676" testListId="8c84fa94-04c1-424b-9868-57a2d4851a1d" />
    <TestEntry testId="e683acf1-8f1f-37ca-c494-91edf8586d46" executionId="65b98de5-13f2-41af-ba65-7b5ab5d0d7ca" testListId="8c84fa94-04c1-424b-9868-57a2d4851a1d" />
    <TestEntry testId="890cd7d3-d5de-1eb5-735a-80921ce3d8c1" executionId="306c53db-1401-478a-a63c-f887314f6fc8" testListId="8c84fa94-04c1-424b-9868-57a2d4851a1d" />
    <TestEntry testId="c5ab203d-a402-e8af-2133-26b77b4db718" executionId="5fb70a8c-3943-4464-ba1f-740206d1c4d1" testListId="8c84fa94-04c1-424b-9868-57a2d4851a1d" />
    <TestEntry testId="32528e28-da07-7f33-5050-a43afc1898ef" executionId="b5954e3e-44ba-409e-bbc2-dd0e6fd641f6" testListId="8c84fa94-04c1-424b-9868-57a2d4851a1d" />
    <TestEntry testId="b8c61cc7-6c99-86e0-a646-53691f4fc54c" executionId="5f53dfd7-7b0e-45e7-857e-95875da35319" testListId="8c84fa94-04c1-424b-9868-57a2d4851a1d" />
    <TestEntry testId="115cf00c-004b-6d3a-9de0-103eb4fece2f" executionId="ed0762eb-7847-47e9-91b5-65d2400d8607" testListId="8c84fa94-04c1-424b-9868-57a2d4851a1d" />
    <TestEntry testId="5c70b94c-c2ae-ec2f-8c4d-56b452bbdede" executionId="7ec058c8-4494-44a9-9ab7-faff6805d078" testListId="8c84fa94-04c1-424b-9868-57a2d4851a1d" />
    <TestEntry testId="dbac47b9-416a-24f2-90d7-b5b09b9dc93c" executionId="9eff4cdf-edcd-4936-80d9-60e1d3c7cbf4" testListId="8c84fa94-04c1-424b-9868-57a2d4851a1d" />
    <TestEntry testId="461181b2-b5d1-1d54-a990-5025bc85a37b" executionId="c473c23a-90c1-469a-b007-0adc3574af32" testListId="8c84fa94-04c1-424b-9868-57a2d4851a1d" />
    <TestEntry testId="ed293078-f25c-eb2e-8912-33515871c1a2" executionId="fd744b84-bdee-48bf-a96e-e0afb50afaa6" testListId="8c84fa94-04c1-424b-9868-57a2d4851a1d" />
    <TestEntry testId="a831aa49-5e6b-6ed4-4885-992999205a90" executionId="b00adee1-f0d8-447d-90c1-5fe23ff9ff09" testListId="8c84fa94-04c1-424b-9868-57a2d4851a1d" />
    <TestEntry testId="424fc334-0ed6-9dd1-d9cb-ffec470cc003" executionId="fb7c76ba-fc32-4e0a-849a-f44113c3e42b" testListId="8c84fa94-04c1-424b-9868-57a2d4851a1d" />
    <TestEntry testId="bc715522-4e2d-31ab-3b59-559f11d2404a" executionId="ee3eb6c6-e1e9-4071-b751-d1f097440437" testListId="8c84fa94-04c1-424b-9868-57a2d4851a1d" />
    <TestEntry testId="e864a85a-61d6-71a9-12f2-7e66ec36a4d7" executionId="64cc3c45-51b1-4bc4-87d6-3b541fb4cd77" testListId="8c84fa94-04c1-424b-9868-57a2d4851a1d" />
    <TestEntry testId="66e61549-2664-849a-b0d5-68906d176e33" executionId="e773b9c9-3340-4e93-90a3-7fc3daeed2f0" testListId="8c84fa94-04c1-424b-9868-57a2d4851a1d" />
    <TestEntry testId="3d16cbad-c2c8-7173-4e8d-8cb40ee97619" executionId="f6f92447-3e86-4d72-b069-55860aba2b02" testListId="8c84fa94-04c1-424b-9868-57a2d4851a1d" />
    <TestEntry testId="fcb2e7e1-0793-e6c2-facd-27bc28ca1cfb" executionId="3a128224-5306-41d6-aeca-f3727502c272" testListId="8c84fa94-04c1-424b-9868-57a2d4851a1d" />
  </TestEntries>
  <TestLists>
    <TestList name="Results Not in a List" id="8c84fa94-04c1-424b-9868-57a2d4851a1d" />
    <TestList name="All Loaded Results" id="19431567-8539-422a-85d7-44ee4e166bda" />
  </TestLists>
  <ResultSummary outcome="Completed">
    <Counters total="1315" executed="1315" passed="1315" failed="0" error="0" timeout="0" aborted="0" inconclusive="0" passedButRunAborted="0" notRunnable="0" notExecuted="0" disconnected="0" warning="0" completed="0" inProgress="0" pending="0" />
  </ResultSummary>
</TestRun>