<?xml version="1.0" encoding="utf-8"?>
<TestRun id="cabdef6d-e659-41cb-a3bb-34fe705b8e17" name="DKSR-EFI-06$@DKSR-EFI-06 2024-01-09 15:40:45" runUser="NT AUTHORITY\NETWORK SERVICE" xmlns="http://microsoft.com/schemas/VisualStudio/TeamTest/2010">
  <Times creation="2024-01-09T15:40:45.7733857+01:00" queuing="2024-01-09T15:40:45.7733857+01:00" start="2024-01-09T15:40:44.2421284+01:00" finish="2024-01-09T15:40:46.7890186+01:00" />
  <TestSettings name="default" id="ad6eb2fb-09d1-44e2-bd92-6f6258c19470">
    <Deployment runDeploymentRoot="DKSR-EFI-06$_DKSR-EFI-06_2024-01-09_15_40_45" />
  </TestSettings>
  <Results>
    <UnitTestResult executionId="0c505de7-8e40-489a-8a31-651a6839a9b3" testId="4387b96d-ea9e-692b-fb83-b956985ca425" testName="CreateViewLayout_ReturnsListOfRectangles_GivenPositiveInt (100,100)" computerName="DKSR-EFI-06" duration="00:00:00.0000125" startTime="2024-01-09T15:40:46.3827674+01:00" endTime="2024-01-09T15:40:46.3827674+01:00" testType="13cdc9d9-ddb5-4fa4-a97d-d965ccfc6d4b" outcome="Passed" testListId="8c84fa94-04c1-424b-9868-57a2d4851a1d" relativeResultsDirectory="0c505de7-8e40-489a-8a31-651a6839a9b3" />
    <UnitTestResult executionId="6e2f1d77-053e-4a9e-b426-e74897ca5925" testId="9abb690d-efd9-2ab1-bd30-d00c10bbceb5" testName="AddOrUpdateShouldAddViewItem" computerName="DKSR-EFI-06" duration="00:00:00.4260392" startTime="2024-01-09T15:40:45.7733857+01:00" endTime="2024-01-09T15:40:46.1952640+01:00" testType="13cdc9d9-ddb5-4fa4-a97d-d965ccfc6d4b" outcome="Passed" testListId="8c84fa94-04c1-424b-9868-57a2d4851a1d" relativeResultsDirectory="6e2f1d77-053e-4a9e-b426-e74897ca5925" />
    <UnitTestResult executionId="ebf36300-0928-4f25-8947-24d952ad282d" testId="ef9bc85d-c944-309f-8edb-dd51f47e587c" testName="GetAvg_ShouldReturn_CorrectValue_WhenTrimmed (2022-01-01 12:01:30,5)" computerName="DKSR-EFI-06" duration="00:00:00.0000317" startTime="2024-01-09T15:40:46.2265146+01:00" endTime="2024-01-09T15:40:46.2265146+01:00" testType="13cdc9d9-ddb5-4fa4-a97d-d965ccfc6d4b" outcome="Passed" testListId="8c84fa94-04c1-424b-9868-57a2d4851a1d" relativeResultsDirectory="ebf36300-0928-4f25-8947-24d952ad282d" />
    <UnitTestResult executionId="1d416402-fcc5-4d07-9569-1b95d23181e9" testId="0c0d18b3-65bc-0f1f-f0da-6108c3b14f23" testName="FindShouldReturnItem" computerName="DKSR-EFI-06" duration="00:00:00.0008220" startTime="2024-01-09T15:40:46.2108897+01:00" endTime="2024-01-09T15:40:46.2108897+01:00" testType="13cdc9d9-ddb5-4fa4-a97d-d965ccfc6d4b" outcome="Passed" testListId="8c84fa94-04c1-424b-9868-57a2d4851a1d" relativeResultsDirectory="1d416402-fcc5-4d07-9569-1b95d23181e9" />
    <UnitTestResult executionId="6dee48e8-456c-406f-ab12-5e8620848558" testId="cc1a83bf-926c-abfb-22bc-c622e98c40d3" testName="GetMax_ShouldReturn_TotalMaxValue_WhenNotTrimmed" computerName="DKSR-EFI-06" duration="00:00:00.0001182" startTime="2024-01-09T15:40:46.2265146+01:00" endTime="2024-01-09T15:40:46.2265146+01:00" testType="13cdc9d9-ddb5-4fa4-a97d-d965ccfc6d4b" outcome="Passed" testListId="8c84fa94-04c1-424b-9868-57a2d4851a1d" relativeResultsDirectory="6dee48e8-456c-406f-ab12-5e8620848558" />
    <UnitTestResult executionId="555295c9-e408-4c25-beae-c1cc310b2127" testId="1bad9bf7-04d7-43e5-1d64-c3a99ad87fff" testName="GetStrategy_ShouldThrow_ArgumentException (B)" computerName="DKSR-EFI-06" duration="00:00:00.0003736" startTime="2024-01-09T15:40:46.3671424+01:00" endTime="2024-01-09T15:40:46.3671424+01:00" testType="13cdc9d9-ddb5-4fa4-a97d-d965ccfc6d4b" outcome="Passed" testListId="8c84fa94-04c1-424b-9868-57a2d4851a1d" relativeResultsDirectory="555295c9-e408-4c25-beae-c1cc310b2127" />
    <UnitTestResult executionId="5867f5b7-c127-459f-900c-a1cb40cf09fc" testId="877d9302-865b-465b-23da-c5dd958109fc" testName="AddData_ShouldThrowException_WhenCameraCountIsLessThanOne (0,2022-04-05 12:01:15)" computerName="DKSR-EFI-06" duration="00:00:00.0006615" startTime="2024-01-09T15:40:46.2265146+01:00" endTime="2024-01-09T15:40:46.2265146+01:00" testType="13cdc9d9-ddb5-4fa4-a97d-d965ccfc6d4b" outcome="Passed" testListId="8c84fa94-04c1-424b-9868-57a2d4851a1d" relativeResultsDirectory="5867f5b7-c127-459f-900c-a1cb40cf09fc" />
    <UnitTestResult executionId="799e2036-3534-40c2-b19e-9f088c84174c" testId="9bf3ca6d-2e3d-3081-b13c-ecaf4f099478" testName="GetSourceSequence_ShouldRaiseArgumentNullException_WhenFqidsIsNull" computerName="DKSR-EFI-06" duration="00:00:00.1168946" startTime="2024-01-09T15:40:46.2265146+01:00" endTime="2024-01-09T15:40:46.3515175+01:00" testType="13cdc9d9-ddb5-4fa4-a97d-d965ccfc6d4b" outcome="Passed" testListId="8c84fa94-04c1-424b-9868-57a2d4851a1d" relativeResultsDirectory="799e2036-3534-40c2-b19e-9f088c84174c" />
    <UnitTestResult executionId="b25a6f6d-ae31-4f83-b79c-2ef24172380a" testId="cd0e257d-65b8-fafa-c5f1-7eb632863781" testName="SequenceSort_ShouldReturn_EmptyList_IfEmptyArgument" computerName="DKSR-EFI-06" duration="00:00:00.0004276" startTime="2024-01-09T15:40:45.5858873+01:00" endTime="2024-01-09T15:40:45.5858873+01:00" testType="13cdc9d9-ddb5-4fa4-a97d-d965ccfc6d4b" outcome="Passed" testListId="8c84fa94-04c1-424b-9868-57a2d4851a1d" relativeResultsDirectory="b25a6f6d-ae31-4f83-b79c-2ef24172380a" />
    <UnitTestResult executionId="c7268fe2-3476-4e13-9b50-01b869bc3e20" testId="b4447489-4033-ed72-273a-6a301e8a2b1f" testName="CreateViewLayout_ReturnsListOfRectangles_GivenPositiveInt (5,6)" computerName="DKSR-EFI-06" duration="00:00:00.0000157" startTime="2024-01-09T15:40:46.3827674+01:00" endTime="2024-01-09T15:40:46.3827674+01:00" testType="13cdc9d9-ddb5-4fa4-a97d-d965ccfc6d4b" outcome="Passed" testListId="8c84fa94-04c1-424b-9868-57a2d4851a1d" relativeResultsDirectory="c7268fe2-3476-4e13-9b50-01b869bc3e20" />
    <UnitTestResult executionId="5891cd26-fe11-4707-a8d1-80fd8c99b565" testId="98ff20c2-1892-3246-e4e0-7d96459ce805" testName="DirtyShouldBeCleared" computerName="DKSR-EFI-06" duration="00:00:00.0006895" startTime="2024-01-09T15:40:46.2108897+01:00" endTime="2024-01-09T15:40:46.2108897+01:00" testType="13cdc9d9-ddb5-4fa4-a97d-d965ccfc6d4b" outcome="Passed" testListId="8c84fa94-04c1-424b-9868-57a2d4851a1d" relativeResultsDirectory="5891cd26-fe11-4707-a8d1-80fd8c99b565" />
    <UnitTestResult executionId="538d57e6-260d-41b2-9f8a-85d970569bc5" testId="912a3433-4258-f6f6-7e49-273fba1db4b5" testName="AddData_ShouldThrowException_WhenCameraCountIsLessThanOne (-3,2022-04-05 12:01:15)" computerName="DKSR-EFI-06" duration="00:00:00.0003910" startTime="2024-01-09T15:40:46.2265146+01:00" endTime="2024-01-09T15:40:46.2265146+01:00" testType="13cdc9d9-ddb5-4fa4-a97d-d965ccfc6d4b" outcome="Passed" testListId="8c84fa94-04c1-424b-9868-57a2d4851a1d" relativeResultsDirectory="538d57e6-260d-41b2-9f8a-85d970569bc5" />
    <UnitTestResult executionId="dbc58aa0-20f8-4447-9646-ca63cfd1bf09" testId="12c5d778-8e41-03c9-1474-653a9908f043" testName="ChangeStrategy_ShouldThrow_argumentException (2123123)" computerName="DKSR-EFI-06" duration="00:00:00.0029244" startTime="2024-01-09T15:40:45.6015976+01:00" endTime="2024-01-09T15:40:45.6015976+01:00" testType="13cdc9d9-ddb5-4fa4-a97d-d965ccfc6d4b" outcome="Passed" testListId="8c84fa94-04c1-424b-9868-57a2d4851a1d" relativeResultsDirectory="dbc58aa0-20f8-4447-9646-ca63cfd1bf09" />
    <UnitTestResult executionId="f4339112-20e0-4d12-9d4f-540d0ce305f6" testId="b6ba445c-5c38-9dd2-c786-4b75e019aee0" testName="GetAvg_ShouldReturn_ZeroWhen_TrimmedOutsideTimespan (2022-04-01 12:01:15)" computerName="DKSR-EFI-06" duration="00:00:00.0022852" startTime="2024-01-09T15:40:46.2108897+01:00" endTime="2024-01-09T15:40:46.2265146+01:00" testType="13cdc9d9-ddb5-4fa4-a97d-d965ccfc6d4b" outcome="Passed" testListId="8c84fa94-04c1-424b-9868-57a2d4851a1d" relativeResultsDirectory="f4339112-20e0-4d12-9d4f-540d0ce305f6" />
    <UnitTestResult executionId="74d5c941-b9e3-4d94-ba82-ceccf09dbc56" testId="116d5e26-4fa1-57c0-c6e6-33eee24f217c" testName="DeserializationWithCamerasShouldReturnInstance" computerName="DKSR-EFI-06" duration="00:00:00.0443190" startTime="2024-01-09T15:40:45.7265120+01:00" endTime="2024-01-09T15:40:45.7733857+01:00" testType="13cdc9d9-ddb5-4fa4-a97d-d965ccfc6d4b" outcome="Passed" testListId="8c84fa94-04c1-424b-9868-57a2d4851a1d" relativeResultsDirectory="74d5c941-b9e3-4d94-ba82-ceccf09dbc56" />
    <UnitTestResult executionId="5e440561-6fbe-485c-8f9e-e0835c2dc033" testId="25360200-2e38-4d3a-d4c3-0dcde55dfd8a" testName="GetAvg_ShouldReturn_ZeroWhen_TrimmedOutsideTimespan (2022-02-01 12:01:30)" computerName="DKSR-EFI-06" duration="00:00:00.0000386" startTime="2024-01-09T15:40:46.2265146+01:00" endTime="2024-01-09T15:40:46.2265146+01:00" testType="13cdc9d9-ddb5-4fa4-a97d-d965ccfc6d4b" outcome="Passed" testListId="8c84fa94-04c1-424b-9868-57a2d4851a1d" relativeResultsDirectory="5e440561-6fbe-485c-8f9e-e0835c2dc033" />
    <UnitTestResult executionId="b3986231-c951-41ad-9a13-930044bf85cf" testId="cd351acc-6892-c56a-f75f-6a6bd7c15004" testName="GetMax_ShouldReturn_AddedDataOnly_WhenOutsideTimespan (2022-04-08 12:01:15,2)" computerName="DKSR-EFI-06" duration="00:00:00.0000250" startTime="2024-01-09T15:40:46.2265146+01:00" endTime="2024-01-09T15:40:46.2265146+01:00" testType="13cdc9d9-ddb5-4fa4-a97d-d965ccfc6d4b" outcome="Passed" testListId="8c84fa94-04c1-424b-9868-57a2d4851a1d" relativeResultsDirectory="b3986231-c951-41ad-9a13-930044bf85cf" />
    <UnitTestResult executionId="82c63807-872f-4c3d-b38d-8dcf0104dab3" testId="26808a94-79f4-f751-cff3-f8e3c9da9ae4" testName="GetStrategy_ShouldThrow_ArgumentException (0.5)" computerName="DKSR-EFI-06" duration="00:00:00.0000986" startTime="2024-01-09T15:40:46.3671424+01:00" endTime="2024-01-09T15:40:46.3671424+01:00" testType="13cdc9d9-ddb5-4fa4-a97d-d965ccfc6d4b" outcome="Passed" testListId="8c84fa94-04c1-424b-9868-57a2d4851a1d" relativeResultsDirectory="82c63807-872f-4c3d-b38d-8dcf0104dab3" />
    <UnitTestResult executionId="b2a1a5a8-9946-4a3d-828f-f63d34a3727a" testId="e6789261-6a3f-fdbd-6a8e-0357354a3c22" testName="ChangeStrategy_ShouldThrow_argumentException (0.5)" computerName="DKSR-EFI-06" duration="00:00:00.0001212" startTime="2024-01-09T15:40:45.6015976+01:00" endTime="2024-01-09T15:40:45.6015976+01:00" testType="13cdc9d9-ddb5-4fa4-a97d-d965ccfc6d4b" outcome="Passed" testListId="8c84fa94-04c1-424b-9868-57a2d4851a1d" relativeResultsDirectory="b2a1a5a8-9946-4a3d-828f-f63d34a3727a" />
    <UnitTestResult executionId="1c46fa26-aafa-4559-9d01-357f9d6454bc" testId="9ab86a05-0e21-ab5e-821a-36e7a5ae5353" testName="GetMin_ShouldReturn_ZeroWhen_TrimmedOutsideTimeSpan (2022-02-01 12:01:30)" computerName="DKSR-EFI-06" duration="00:00:00.0000251" startTime="2024-01-09T15:40:46.2108897+01:00" endTime="2024-01-09T15:40:46.2108897+01:00" testType="13cdc9d9-ddb5-4fa4-a97d-d965ccfc6d4b" outcome="Passed" testListId="8c84fa94-04c1-424b-9868-57a2d4851a1d" relativeResultsDirectory="1c46fa26-aafa-4559-9d01-357f9d6454bc" />
    <UnitTestResult executionId="6d306a55-a77c-44c6-b068-ff62eb2a7b57" testId="325fb1b9-ebd2-6cf3-27e0-afa45663166a" testName="RemoveShouldFlagDirty" computerName="DKSR-EFI-06" duration="00:00:00.0007826" startTime="2024-01-09T15:40:46.2108897+01:00" endTime="2024-01-09T15:40:46.2108897+01:00" testType="13cdc9d9-ddb5-4fa4-a97d-d965ccfc6d4b" outcome="Passed" testListId="8c84fa94-04c1-424b-9868-57a2d4851a1d" relativeResultsDirectory="6d306a55-a77c-44c6-b068-ff62eb2a7b57" />
    <UnitTestResult executionId="e7bde040-5575-42da-b631-0ed630aa66bd" testId="8a1a18b6-e6ad-8a27-2c7a-cbc90a37566a" testName="GetMin_ShouldReturn_TotalMinValue_WhenNotTrimmed" computerName="DKSR-EFI-06" duration="00:00:00.0002759" startTime="2024-01-09T15:40:46.2108897+01:00" endTime="2024-01-09T15:40:46.2108897+01:00" testType="13cdc9d9-ddb5-4fa4-a97d-d965ccfc6d4b" outcome="Passed" testListId="8c84fa94-04c1-424b-9868-57a2d4851a1d" relativeResultsDirectory="e7bde040-5575-42da-b631-0ed630aa66bd" />
    <UnitTestResult executionId="37070602-04ee-489e-9661-8d0deff4e081" testId="08e0df7e-29cb-ea7e-ad57-9cf8ed9a7632" testName="DeserializationNoCamerasShouldReturnInstance" computerName="DKSR-EFI-06" duration="00:00:00.1187310" startTime="2024-01-09T15:40:45.6015976+01:00" endTime="2024-01-09T15:40:45.7265120+01:00" testType="13cdc9d9-ddb5-4fa4-a97d-d965ccfc6d4b" outcome="Passed" testListId="8c84fa94-04c1-424b-9868-57a2d4851a1d" relativeResultsDirectory="37070602-04ee-489e-9661-8d0deff4e081" />
    <UnitTestResult executionId="4c1b076f-c907-4732-9bf6-7d2c985dc8c5" testId="04bfb37f-823d-4d5a-5a03-cfe810d69120" testName="GetStrategy_ShouldThrow_ArgumentException (adaptiveView)" computerName="DKSR-EFI-06" duration="00:00:00.0005859" startTime="2024-01-09T15:40:46.3671424+01:00" endTime="2024-01-09T15:40:46.3671424+01:00" testType="13cdc9d9-ddb5-4fa4-a97d-d965ccfc6d4b" outcome="Passed" testListId="8c84fa94-04c1-424b-9868-57a2d4851a1d" relativeResultsDirectory="4c1b076f-c907-4732-9bf6-7d2c985dc8c5" />
    <UnitTestResult executionId="c86af00f-7275-4e91-9bdf-36c68981ff06" testId="e7fa4831-18db-0884-f66c-b54d15f30e65" testName="GetAvg_ShouldReturn_AddedDataOnly_WhenOutsideTimespan (2022-04-05 12:01:15,8)" computerName="DKSR-EFI-06" duration="00:00:00.0002700" startTime="2024-01-09T15:40:46.2265146+01:00" endTime="2024-01-09T15:40:46.2265146+01:00" testType="13cdc9d9-ddb5-4fa4-a97d-d965ccfc6d4b" outcome="Passed" testListId="8c84fa94-04c1-424b-9868-57a2d4851a1d" relativeResultsDirectory="c86af00f-7275-4e91-9bdf-36c68981ff06" />
    <UnitTestResult executionId="b9c84be0-b3fe-4756-9dd4-860688c9b834" testId="f427b01c-279d-013e-3b4b-a184e52ad819" testName="GetMin_ShouldReturn_ZeroWhen_TrimmedOutsideTimeSpan (2022-04-01 12:01:15)" computerName="DKSR-EFI-06" duration="00:00:00.0001590" startTime="2024-01-09T15:40:46.2108897+01:00" endTime="2024-01-09T15:40:46.2108897+01:00" testType="13cdc9d9-ddb5-4fa4-a97d-d965ccfc6d4b" outcome="Passed" testListId="8c84fa94-04c1-424b-9868-57a2d4851a1d" relativeResultsDirectory="b9c84be0-b3fe-4756-9dd4-860688c9b834" />
    <UnitTestResult executionId="f468fc3a-1e6a-467a-9ea3-b770596a4ee2" testId="ef75f59a-e172-4c27-83b8-f7dbabb59ac8" testName="GetMax_ShouldReturn_AddedDataOnly_WhenOutsideTimespan (2022-03-08 12:00:15,2)" computerName="DKSR-EFI-06" duration="00:00:00.0000257" startTime="2024-01-09T15:40:46.2265146+01:00" endTime="2024-01-09T15:40:46.2265146+01:00" testType="13cdc9d9-ddb5-4fa4-a97d-d965ccfc6d4b" outcome="Passed" testListId="8c84fa94-04c1-424b-9868-57a2d4851a1d" relativeResultsDirectory="f468fc3a-1e6a-467a-9ea3-b770596a4ee2" />
    <UnitTestResult executionId="ae75c970-fcbe-4892-bd7c-927dbf7f6021" testId="67694703-1103-eb0a-dff0-c88bdc6fd9ef" testName="GetMin_ShouldReturn_AddedDataOnly_WhenOutsideTimespan (2022-04-08 12:01:15,2)" computerName="DKSR-EFI-06" duration="00:00:00.0000296" startTime="2024-01-09T15:40:46.2108897+01:00" endTime="2024-01-09T15:40:46.2108897+01:00" testType="13cdc9d9-ddb5-4fa4-a97d-d965ccfc6d4b" outcome="Passed" testListId="8c84fa94-04c1-424b-9868-57a2d4851a1d" relativeResultsDirectory="ae75c970-fcbe-4892-bd7c-927dbf7f6021" />
    <UnitTestResult executionId="8be905dd-5a46-4b83-9bc5-01793cb51d3a" testId="e33d60e5-ab2c-c525-731f-cb74480219a0" testName="GetAvg_ShouldReturn_CorrectValue_WhenTrimmed (2022-01-01 12:01:05,4.5)" computerName="DKSR-EFI-06" duration="00:00:00.0001676" startTime="2024-01-09T15:40:46.2265146+01:00" endTime="2024-01-09T15:40:46.2265146+01:00" testType="13cdc9d9-ddb5-4fa4-a97d-d965ccfc6d4b" outcome="Passed" testListId="8c84fa94-04c1-424b-9868-57a2d4851a1d" relativeResultsDirectory="8be905dd-5a46-4b83-9bc5-01793cb51d3a" />
    <UnitTestResult executionId="623d5e0c-7a7e-4d3d-8b2f-771b431f377b" testId="d35e3f47-025c-78c2-7b06-5a1a99c84aaf" testName="GetMax_ShouldReturn_CorrectValue_WhenTrimmed (2022-01-01 11:59:55,8)" computerName="DKSR-EFI-06" duration="00:00:00.0000239" startTime="2024-01-09T15:40:46.2265146+01:00" endTime="2024-01-09T15:40:46.2265146+01:00" testType="13cdc9d9-ddb5-4fa4-a97d-d965ccfc6d4b" outcome="Passed" testListId="8c84fa94-04c1-424b-9868-57a2d4851a1d" relativeResultsDirectory="623d5e0c-7a7e-4d3d-8b2f-771b431f377b" />
    <UnitTestResult executionId="d0b74af4-9cc0-48ab-b0f0-a9c3d5e6cfab" testId="6e9b59a6-1085-67fa-d76c-6f102e20280f" testName="CreateViewLayout_ReturnsListOfRectangles_GivenPositiveInt (2,2)" computerName="DKSR-EFI-06" duration="00:00:00.0000140" startTime="2024-01-09T15:40:46.3827674+01:00" endTime="2024-01-09T15:40:46.3827674+01:00" testType="13cdc9d9-ddb5-4fa4-a97d-d965ccfc6d4b" outcome="Passed" testListId="8c84fa94-04c1-424b-9868-57a2d4851a1d" relativeResultsDirectory="d0b74af4-9cc0-48ab-b0f0-a9c3d5e6cfab" />
    <UnitTestResult executionId="26c50456-a315-47a3-8b61-140759eb3226" testId="d29a0a39-f477-8afc-4177-7faca23d2ce1" testName="CreateViewLayout_ReturnsListOfRectangles_GivenPositiveInt (0,1)" computerName="DKSR-EFI-06" duration="00:00:00.0125484" startTime="2024-01-09T15:40:46.3671424+01:00" endTime="2024-01-09T15:40:46.3827674+01:00" testType="13cdc9d9-ddb5-4fa4-a97d-d965ccfc6d4b" outcome="Passed" testListId="8c84fa94-04c1-424b-9868-57a2d4851a1d" relativeResultsDirectory="26c50456-a315-47a3-8b61-140759eb3226" />
    <UnitTestResult executionId="1c687aa1-45c6-4d92-8faf-e031c3fd916f" testId="97cfd782-ae7d-a72f-e366-a7ce0920c8d2" testName="GetMax_ShouldReturn_CorrectValue_WhenTrimmed (2022-01-01 12:01:15,10)" computerName="DKSR-EFI-06" duration="00:00:00.0006309" startTime="2024-01-09T15:40:46.2265146+01:00" endTime="2024-01-09T15:40:46.2265146+01:00" testType="13cdc9d9-ddb5-4fa4-a97d-d965ccfc6d4b" outcome="Passed" testListId="8c84fa94-04c1-424b-9868-57a2d4851a1d" relativeResultsDirectory="1c687aa1-45c6-4d92-8faf-e031c3fd916f" />
    <UnitTestResult executionId="3e08e3f1-25f6-41ef-a63b-71a8b1973f45" testId="d50cf881-5506-d0f2-519b-75e3f9e62ad2" testName="GetAvg_ShouldReturn_ZeroWhen_TrimmedOutsideTimespan (2022-03-01 11:59:55)" computerName="DKSR-EFI-06" duration="00:00:00.0000281" startTime="2024-01-09T15:40:46.2265146+01:00" endTime="2024-01-09T15:40:46.2265146+01:00" testType="13cdc9d9-ddb5-4fa4-a97d-d965ccfc6d4b" outcome="Passed" testListId="8c84fa94-04c1-424b-9868-57a2d4851a1d" relativeResultsDirectory="3e08e3f1-25f6-41ef-a63b-71a8b1973f45" />
    <UnitTestResult executionId="2a7c3852-a436-48c5-880c-3f4eed90dae4" testId="a2b946e0-5e1a-bff4-453e-fe55b4468abf" testName="GetStrategy_ShouldThrow_ArgumentException (1321)" computerName="DKSR-EFI-06" duration="00:00:00.0001063" startTime="2024-01-09T15:40:46.3671424+01:00" endTime="2024-01-09T15:40:46.3671424+01:00" testType="13cdc9d9-ddb5-4fa4-a97d-d965ccfc6d4b" outcome="Passed" testListId="8c84fa94-04c1-424b-9868-57a2d4851a1d" relativeResultsDirectory="2a7c3852-a436-48c5-880c-3f4eed90dae4" />
    <UnitTestResult executionId="a7b4a415-279b-4e91-8b4e-17c35210dee9" testId="029ab865-562d-c107-d6e9-71ae5cfc519c" testName="CreateViewLayout_ReturnsListOfRectanglesOfTheSameSize_GivenTheSameAmountOfNumberOfItems" computerName="DKSR-EFI-06" duration="00:00:00.0001747" startTime="2024-01-09T15:40:46.3827674+01:00" endTime="2024-01-09T15:40:46.3983908+01:00" testType="13cdc9d9-ddb5-4fa4-a97d-d965ccfc6d4b" outcome="Passed" testListId="8c84fa94-04c1-424b-9868-57a2d4851a1d" relativeResultsDirectory="a7b4a415-279b-4e91-8b4e-17c35210dee9" />
    <UnitTestResult executionId="599c4d39-3ab2-4904-b619-8d4af931b477" testId="27073f68-7561-a8c2-7b70-d2dd0574adbf" testName="CreateViewLayout_ReturnsListOfRectangles_GivenPositiveInt (4,4)" computerName="DKSR-EFI-06" duration="00:00:00.0000061" startTime="2024-01-09T15:40:46.3827674+01:00" endTime="2024-01-09T15:40:46.3827674+01:00" testType="13cdc9d9-ddb5-4fa4-a97d-d965ccfc6d4b" outcome="Passed" testListId="8c84fa94-04c1-424b-9868-57a2d4851a1d" relativeResultsDirectory="599c4d39-3ab2-4904-b619-8d4af931b477" />
    <UnitTestResult executionId="b2c3d96e-e8af-40cc-be65-594583f1632e" testId="c009ca00-3eef-fab0-cd04-c7efd72ca2b0" testName="AddOrUpdateShouldFlagDirty" computerName="DKSR-EFI-06" duration="00:00:00.0008362" startTime="2024-01-09T15:40:46.2108897+01:00" endTime="2024-01-09T15:40:46.2108897+01:00" testType="13cdc9d9-ddb5-4fa4-a97d-d965ccfc6d4b" outcome="Passed" testListId="8c84fa94-04c1-424b-9868-57a2d4851a1d" relativeResultsDirectory="b2c3d96e-e8af-40cc-be65-594583f1632e" />
    <UnitTestResult executionId="3281fddc-efe1-46a3-99e5-56c9b6a679c3" testId="65374fe2-6ca3-59e2-d946-9210eeb3ba1d" testName="RemoveShouldRemoveViewItem" computerName="DKSR-EFI-06" duration="00:00:00.0020737" startTime="2024-01-09T15:40:46.1952640+01:00" endTime="2024-01-09T15:40:46.1952640+01:00" testType="13cdc9d9-ddb5-4fa4-a97d-d965ccfc6d4b" outcome="Passed" testListId="8c84fa94-04c1-424b-9868-57a2d4851a1d" relativeResultsDirectory="3281fddc-efe1-46a3-99e5-56c9b6a679c3" />
    <UnitTestResult executionId="7f8623af-00e2-49e6-8168-de2415c06380" testId="42d2755b-88e9-e647-4383-01bfbf2afb95" testName="SequenceSort_ShouldThrow_ArgumentNullException" computerName="DKSR-EFI-06" duration="00:00:00.0090633" startTime="2024-01-09T15:40:45.5702634+01:00" endTime="2024-01-09T15:40:45.5858873+01:00" testType="13cdc9d9-ddb5-4fa4-a97d-d965ccfc6d4b" outcome="Passed" testListId="8c84fa94-04c1-424b-9868-57a2d4851a1d" relativeResultsDirectory="7f8623af-00e2-49e6-8168-de2415c06380" />
    <UnitTestResult executionId="5987a94e-d9fc-42b3-8abd-c3e48cde5b50" testId="7cfae2c1-f636-2e86-5c3d-ec92c00c9aa2" testName="GetMin_ShouldReturn_CorrectValue_WhenTrimmed (2022-01-01 12:01:30,1)" computerName="DKSR-EFI-06" duration="00:00:00.0000272" startTime="2024-01-09T15:40:46.2108897+01:00" endTime="2024-01-09T15:40:46.2108897+01:00" testType="13cdc9d9-ddb5-4fa4-a97d-d965ccfc6d4b" outcome="Passed" testListId="8c84fa94-04c1-424b-9868-57a2d4851a1d" relativeResultsDirectory="5987a94e-d9fc-42b3-8abd-c3e48cde5b50" />
    <UnitTestResult executionId="10fbc233-1a30-4f3f-8d9d-c8b91b5fefcf" testId="b0be8439-cc4f-dc57-ae49-2e8174918bcd" testName="SequenceSort_ShouldReturn_ListOfFQIDS_In_Order" computerName="DKSR-EFI-06" duration="00:00:00.1035785" startTime="2024-01-09T15:40:45.3671377+01:00" endTime="2024-01-09T15:40:45.5546363+01:00" testType="13cdc9d9-ddb5-4fa4-a97d-d965ccfc6d4b" outcome="Passed" testListId="8c84fa94-04c1-424b-9868-57a2d4851a1d" relativeResultsDirectory="10fbc233-1a30-4f3f-8d9d-c8b91b5fefcf" />
    <UnitTestResult executionId="ca76e0df-3f2a-4bff-a315-31714a5aaa80" testId="d0d4f99f-01fa-1aaf-52f3-1c03c6dbfb7f" testName="GetStrategy_ShouldReturnRight_InstanceTypeOfStrategy (SortCameraBySequenceST)" computerName="DKSR-EFI-06" duration="00:00:00.0007699" startTime="2024-01-09T15:40:46.3671424+01:00" endTime="2024-01-09T15:40:46.3671424+01:00" testType="13cdc9d9-ddb5-4fa4-a97d-d965ccfc6d4b" outcome="Passed" testListId="8c84fa94-04c1-424b-9868-57a2d4851a1d" relativeResultsDirectory="ca76e0df-3f2a-4bff-a315-31714a5aaa80" />
    <UnitTestResult executionId="fdc28e6f-5ee5-4704-a165-975c09630c35" testId="4cebdf24-cadf-9a98-47b7-a0127873c70a" testName="GetMax_ShouldReturn_ZeroWhen_TrimmedOutsideTimeSpan (2022-03-01 11:59:55)" computerName="DKSR-EFI-06" duration="00:00:00.0000220" startTime="2024-01-09T15:40:46.2265146+01:00" endTime="2024-01-09T15:40:46.2265146+01:00" testType="13cdc9d9-ddb5-4fa4-a97d-d965ccfc6d4b" outcome="Passed" testListId="8c84fa94-04c1-424b-9868-57a2d4851a1d" relativeResultsDirectory="fdc28e6f-5ee5-4704-a165-975c09630c35" />
    <UnitTestResult executionId="4fa045a8-f778-4723-97ef-3e6b31a66311" testId="9ace69c5-ad4e-04b8-5e9c-fc2e803c6cdf" testName="GetAvg_ShouldReturn_CorrectValue_WhenTrimmed (2022-01-01 11:59:55,4.5)" computerName="DKSR-EFI-06" duration="00:00:00.0000253" startTime="2024-01-09T15:40:46.2265146+01:00" endTime="2024-01-09T15:40:46.2265146+01:00" testType="13cdc9d9-ddb5-4fa4-a97d-d965ccfc6d4b" outcome="Passed" testListId="8c84fa94-04c1-424b-9868-57a2d4851a1d" relativeResultsDirectory="4fa045a8-f778-4723-97ef-3e6b31a66311" />
    <UnitTestResult executionId="b17fda36-3248-4f53-ace6-dc5d80c434c7" testId="810ad52a-b67a-c112-4129-800865c491c9" testName="CreateViewLayout_ReturnsListOfRectangles_GivenPositiveInt (7,9)" computerName="DKSR-EFI-06" duration="00:00:00.0000075" startTime="2024-01-09T15:40:46.3827674+01:00" endTime="2024-01-09T15:40:46.3827674+01:00" testType="13cdc9d9-ddb5-4fa4-a97d-d965ccfc6d4b" outcome="Passed" testListId="8c84fa94-04c1-424b-9868-57a2d4851a1d" relativeResultsDirectory="b17fda36-3248-4f53-ace6-dc5d80c434c7" />
    <UnitTestResult executionId="327bf309-ee74-41d8-b900-e1e5364bb601" testId="aa9020a8-9ac6-0aa9-fad3-fe04fd9d5aa3" testName="AddData_ShouldThrowException_WhenCameraCountIsLessThanOne (-1000,2022-04-05 12:01:15)" computerName="DKSR-EFI-06" duration="00:00:00.0003686" startTime="2024-01-09T15:40:46.2265146+01:00" endTime="2024-01-09T15:40:46.2265146+01:00" testType="13cdc9d9-ddb5-4fa4-a97d-d965ccfc6d4b" outcome="Passed" testListId="8c84fa94-04c1-424b-9868-57a2d4851a1d" relativeResultsDirectory="327bf309-ee74-41d8-b900-e1e5364bb601" />
    <UnitTestResult executionId="4c50ecf5-d427-48d5-9a97-e544f550e0cc" testId="5b4320fc-0479-1074-b7e0-722881a704d3" testName="GetMin_ShouldReturn_AddedDataOnly_WhenOutsideTimespan (2022-04-05 12:01:15,8)" computerName="DKSR-EFI-06" duration="00:00:00.0003261" startTime="2024-01-09T15:40:46.2108897+01:00" endTime="2024-01-09T15:40:46.2108897+01:00" testType="13cdc9d9-ddb5-4fa4-a97d-d965ccfc6d4b" outcome="Passed" testListId="8c84fa94-04c1-424b-9868-57a2d4851a1d" relativeResultsDirectory="4c50ecf5-d427-48d5-9a97-e544f550e0cc" />
    <UnitTestResult executionId="6f22e26a-c4fe-41d6-8e40-7e6d6cc8880a" testId="97dc2087-1553-b4d7-657e-bcb968abe028" testName="ChangeStrategy_ShouldThrow_argumentException (ABCDEFGH)" computerName="DKSR-EFI-06" duration="00:00:00.0008218" startTime="2024-01-09T15:40:45.5858873+01:00" endTime="2024-01-09T15:40:45.6015976+01:00" testType="13cdc9d9-ddb5-4fa4-a97d-d965ccfc6d4b" outcome="Passed" testListId="8c84fa94-04c1-424b-9868-57a2d4851a1d" relativeResultsDirectory="6f22e26a-c4fe-41d6-8e40-7e6d6cc8880a" />
    <UnitTestResult executionId="eca9064e-d4c3-4fab-97ae-3a9c4240788c" testId="73b6db79-ff71-5e22-d04d-5cdf1cc42a3b" testName="GetMin_ShouldReturn_CorrectValue_WhenTrimmed (2022-01-01 11:59:55,2)" computerName="DKSR-EFI-06" duration="00:00:00.0000437" startTime="2024-01-09T15:40:46.2108897+01:00" endTime="2024-01-09T15:40:46.2108897+01:00" testType="13cdc9d9-ddb5-4fa4-a97d-d965ccfc6d4b" outcome="Passed" testListId="8c84fa94-04c1-424b-9868-57a2d4851a1d" relativeResultsDirectory="eca9064e-d4c3-4fab-97ae-3a9c4240788c" />
    <UnitTestResult executionId="772d5562-ac66-4c3c-acb1-103149a9d190" testId="4cd48e6e-a139-5a43-94cb-9929b1190cbe" testName="GetStrategy_ShouldThrow_ArgumentException (LOREM IPSUM DIVIDEOPTIMSUM)" computerName="DKSR-EFI-06" duration="00:00:00.0004626" startTime="2024-01-09T15:40:46.3671424+01:00" endTime="2024-01-09T15:40:46.3671424+01:00" testType="13cdc9d9-ddb5-4fa4-a97d-d965ccfc6d4b" outcome="Passed" testListId="8c84fa94-04c1-424b-9868-57a2d4851a1d" relativeResultsDirectory="772d5562-ac66-4c3c-acb1-103149a9d190" />
    <UnitTestResult executionId="cc8c6912-7c75-4700-a417-121c439cd488" testId="40c6c62a-062d-3d82-1dd8-ca754f1e694a" testName="GetMax_ShouldReturn_CorrectValue_WhenTrimmed (2022-01-01 12:01:30,10)" computerName="DKSR-EFI-06" duration="00:00:00.0000313" startTime="2024-01-09T15:40:46.2265146+01:00" endTime="2024-01-09T15:40:46.2265146+01:00" testType="13cdc9d9-ddb5-4fa4-a97d-d965ccfc6d4b" outcome="Passed" testListId="8c84fa94-04c1-424b-9868-57a2d4851a1d" relativeResultsDirectory="cc8c6912-7c75-4700-a417-121c439cd488" />
    <UnitTestResult executionId="c8eb0cc3-5b54-470e-8729-63b27155a13b" testId="6e1c362f-6940-f9c0-a2c0-e76006a424a0" testName="GetMax_ShouldReturn_ZeroWhen_TrimmedOutsideTimeSpan (2022-04-01 12:01:15)" computerName="DKSR-EFI-06" duration="00:00:00.0001240" startTime="2024-01-09T15:40:46.2265146+01:00" endTime="2024-01-09T15:40:46.2265146+01:00" testType="13cdc9d9-ddb5-4fa4-a97d-d965ccfc6d4b" outcome="Passed" testListId="8c84fa94-04c1-424b-9868-57a2d4851a1d" relativeResultsDirectory="c8eb0cc3-5b54-470e-8729-63b27155a13b" />
    <UnitTestResult executionId="ef0da561-b6da-41c5-8381-da182c546386" testId="b5638c25-0c15-615b-d645-75f576a7f781" testName="GetMin_ShouldReturn_CorrectValue_WhenTrimmed (2022-01-01 12:01:15,1)" computerName="DKSR-EFI-06" duration="00:00:00.0058786" startTime="2024-01-09T15:40:46.2108897+01:00" endTime="2024-01-09T15:40:46.2108897+01:00" testType="13cdc9d9-ddb5-4fa4-a97d-d965ccfc6d4b" outcome="Passed" testListId="8c84fa94-04c1-424b-9868-57a2d4851a1d" relativeResultsDirectory="ef0da561-b6da-41c5-8381-da182c546386" />
    <UnitTestResult executionId="efe517a4-9849-4ecc-a2cb-b3aae7daf052" testId="bca36705-2f24-4c28-aabc-608cdfa83b49" testName="ChangeStrategy_ShouldThrow_argumentException (LOREM IPSUM)" computerName="DKSR-EFI-06" duration="00:00:00.0004668" startTime="2024-01-09T15:40:45.6015976+01:00" endTime="2024-01-09T15:40:45.6015976+01:00" testType="13cdc9d9-ddb5-4fa4-a97d-d965ccfc6d4b" outcome="Passed" testListId="8c84fa94-04c1-424b-9868-57a2d4851a1d" relativeResultsDirectory="efe517a4-9849-4ecc-a2cb-b3aae7daf052" />
    <UnitTestResult executionId="02ea234b-9ffa-4dcd-b4f9-d9b588d59cb5" testId="3816d5ce-4576-8fd9-50bf-5ddc0206a0e4" testName="GetMin_ShouldReturn_ZeroWhen_TrimmedOutsideTimeSpan (2022-03-01 11:59:55)" computerName="DKSR-EFI-06" duration="00:00:00.0000248" startTime="2024-01-09T15:40:46.2108897+01:00" endTime="2024-01-09T15:40:46.2108897+01:00" testType="13cdc9d9-ddb5-4fa4-a97d-d965ccfc6d4b" outcome="Passed" testListId="8c84fa94-04c1-424b-9868-57a2d4851a1d" relativeResultsDirectory="02ea234b-9ffa-4dcd-b4f9-d9b588d59cb5" />
    <UnitTestResult executionId="4b9a874e-eadf-4b52-86d1-b36e4a103f53" testId="ea22f909-5a50-3fad-0846-4e248709bb81" testName="GetMax_ShouldReturn_ZeroWhen_TrimmedOutsideTimeSpan (2022-02-01 12:01:30)" computerName="DKSR-EFI-06" duration="00:00:00.0000255" startTime="2024-01-09T15:40:46.2265146+01:00" endTime="2024-01-09T15:40:46.2265146+01:00" testType="13cdc9d9-ddb5-4fa4-a97d-d965ccfc6d4b" outcome="Passed" testListId="8c84fa94-04c1-424b-9868-57a2d4851a1d" relativeResultsDirectory="4b9a874e-eadf-4b52-86d1-b36e4a103f53" />
    <UnitTestResult executionId="ba109575-9f09-4739-b974-f3ec523e2e09" testId="895464bc-5bc0-9a0a-aaf3-ce3a224b2fc9" testName="GetSourceSequence_ShouldReturnValidSequences_WhenQueryingOnIntervalInside (2022-01-01 12:00:00,2022-01-01 14:00:00,System.Int32[])" computerName="DKSR-EFI-06" duration="00:00:00.0033660" startTime="2024-01-09T15:40:46.3515175+01:00" endTime="2024-01-09T15:40:46.3515175+01:00" testType="13cdc9d9-ddb5-4fa4-a97d-d965ccfc6d4b" outcome="Passed" testListId="8c84fa94-04c1-424b-9868-57a2d4851a1d" relativeResultsDirectory="ba109575-9f09-4739-b974-f3ec523e2e09" />
    <UnitTestResult executionId="7c47e845-fd87-4d7b-b6a6-c53feef55811" testId="2c809abb-5010-c010-2acf-12757c770791" testName="DirtyShouldBeClear" computerName="DKSR-EFI-06" duration="00:00:00.0002384" startTime="2024-01-09T15:40:46.2108897+01:00" endTime="2024-01-09T15:40:46.2108897+01:00" testType="13cdc9d9-ddb5-4fa4-a97d-d965ccfc6d4b" outcome="Passed" testListId="8c84fa94-04c1-424b-9868-57a2d4851a1d" relativeResultsDirectory="7c47e845-fd87-4d7b-b6a6-c53feef55811" />
    <UnitTestResult executionId="5ec78c46-6299-4469-9f82-f2675f51291d" testId="28d8903f-c86f-231a-f81b-17bfe260ae84" testName="GetMin_ShouldReturn_AddedDataOnly_WhenOutsideTimespan (2022-02-05 12:01:15,6)" computerName="DKSR-EFI-06" duration="00:00:00.0000279" startTime="2024-01-09T15:40:46.2108897+01:00" endTime="2024-01-09T15:40:46.2108897+01:00" testType="13cdc9d9-ddb5-4fa4-a97d-d965ccfc6d4b" outcome="Passed" testListId="8c84fa94-04c1-424b-9868-57a2d4851a1d" relativeResultsDirectory="5ec78c46-6299-4469-9f82-f2675f51291d" />
    <UnitTestResult executionId="8af9b9a6-6b5e-472f-a751-db4ce3f112fa" testId="b6962cca-4c31-e5aa-89c1-7a61f68642fd" testName="GetSourceSequence_ShouldReturnValidSequences_WhenQueryingOnIntervalOutside (2022-02-01 12:00:00,2022-02-01 14:00:00,System.Int32[])" computerName="DKSR-EFI-06" duration="00:00:00.0013676" startTime="2024-01-09T15:40:46.3671424+01:00" endTime="2024-01-09T15:40:46.3671424+01:00" testType="13cdc9d9-ddb5-4fa4-a97d-d965ccfc6d4b" outcome="Passed" testListId="8c84fa94-04c1-424b-9868-57a2d4851a1d" relativeResultsDirectory="8af9b9a6-6b5e-472f-a751-db4ce3f112fa" />
    <UnitTestResult executionId="95f20867-4b73-4dc0-97e1-bfd703b8fb7e" testId="71eef2f2-e698-668e-349c-c6565428a284" testName="GetSourceSequence_ShouldReturnValidSequences_WhenQueryingOnIntervalOutside (2020-02-01 12:00:00,2020-02-01 14:00:00,System.Int32[])" computerName="DKSR-EFI-06" duration="00:00:00.0018221" startTime="2024-01-09T15:40:46.3515175+01:00" endTime="2024-01-09T15:40:46.3671424+01:00" testType="13cdc9d9-ddb5-4fa4-a97d-d965ccfc6d4b" outcome="Passed" testListId="8c84fa94-04c1-424b-9868-57a2d4851a1d" relativeResultsDirectory="95f20867-4b73-4dc0-97e1-bfd703b8fb7e" />
    <UnitTestResult executionId="b1a004a2-ee97-4f51-8a2b-17e5f54506cc" testId="e7479dac-9715-2aa8-db11-2a8031ec17ba" testName="GetSourceSequence_ShouldReturnValidSequences_WhenQueryingOnIntervalInside (2022-01-01 13:50:00,2022-01-01 14:50:00,System.Int32[])" computerName="DKSR-EFI-06" duration="00:00:00.0015217" startTime="2024-01-09T15:40:46.3515175+01:00" endTime="2024-01-09T15:40:46.3515175+01:00" testType="13cdc9d9-ddb5-4fa4-a97d-d965ccfc6d4b" outcome="Passed" testListId="8c84fa94-04c1-424b-9868-57a2d4851a1d" relativeResultsDirectory="b1a004a2-ee97-4f51-8a2b-17e5f54506cc" />
    <UnitTestResult executionId="6489a600-6886-41ce-aec3-fb3c1779b1ea" testId="6ea5a8cb-8ce9-09b1-a51d-22a5cb6345f6" testName="GetMax_ShouldReturn_AddedDataOnly_WhenOutsideTimespan (2022-04-05 12:01:15,93)" computerName="DKSR-EFI-06" duration="00:00:00.0001412" startTime="2024-01-09T15:40:46.2265146+01:00" endTime="2024-01-09T15:40:46.2265146+01:00" testType="13cdc9d9-ddb5-4fa4-a97d-d965ccfc6d4b" outcome="Passed" testListId="8c84fa94-04c1-424b-9868-57a2d4851a1d" relativeResultsDirectory="6489a600-6886-41ce-aec3-fb3c1779b1ea" />
    <UnitTestResult executionId="20828faa-bf53-4942-a44d-0f300ba982c1" testId="a0c45c15-12a1-3b89-8a29-3b4ce7d72b3f" testName="GetSourceSequence_ShouldReturnValidSequences_WhenQueryingOnIntervalOutside (2022-04-01 12:00:00,2020-04-01 14:00:00,System.Int32[])" computerName="DKSR-EFI-06" duration="00:00:00.0010941" startTime="2024-01-09T15:40:46.3671424+01:00" endTime="2024-01-09T15:40:46.3671424+01:00" testType="13cdc9d9-ddb5-4fa4-a97d-d965ccfc6d4b" outcome="Passed" testListId="8c84fa94-04c1-424b-9868-57a2d4851a1d" relativeResultsDirectory="20828faa-bf53-4942-a44d-0f300ba982c1" />
    <UnitTestResult executionId="6e98f849-5818-48f6-a3fe-7a50a4d840c7" testId="0bb0650d-1d1e-a1e3-1275-1977a15320d7" testName="CreateViewLayout_ThrowsOutOfRangeException_GivenNegativeInt" computerName="DKSR-EFI-06" duration="00:00:00.0006171" startTime="2024-01-09T15:40:46.3827674+01:00" endTime="2024-01-09T15:40:46.3827674+01:00" testType="13cdc9d9-ddb5-4fa4-a97d-d965ccfc6d4b" outcome="Passed" testListId="8c84fa94-04c1-424b-9868-57a2d4851a1d" relativeResultsDirectory="6e98f849-5818-48f6-a3fe-7a50a4d840c7" />
  </Results>
  <TestDefinitions>
    <UnitTest name="CreateViewLayout_ReturnsListOfRectangles_GivenPositiveInt (4,4)" storage="d:\actions-runner\_work\xpco\xpco\addons\plugins\adaptiveview\tst\videoos.plugins.adaptiveview.unittests\bin\x64\debug\net472\videoos.plugins.adaptiveview.unittests.dll" id="27073f68-7561-a8c2-7b70-d2dd0574adbf">
      <Execution id="599c4d39-3ab2-4904-b619-8d4af931b477" />
      <TestMethod codeBase="D:\actions-runner\_work\XPCO\XPCO\AddOns\Plugins\AdaptiveView\tst\VideoOS.Plugins.AdaptiveView.UnitTests\bin\x64\Debug\net472\VideoOS.Plugins.AdaptiveView.UnitTests.dll" adapterTypeName="executor://mstestadapter/v2" className="VideoOS.Plugins.AdaptiveView.UnitTests.ViewLayoutManagerTests" name="CreateViewLayout_ReturnsListOfRectangles_GivenPositiveInt" />
    </UnitTest>
    <UnitTest name="ChangeStrategy_ShouldThrow_argumentException (ABCDEFGH)" storage="d:\actions-runner\_work\xpco\xpco\addons\plugins\adaptiveview\tst\videoos.plugins.adaptiveview.unittests\bin\x64\debug\net472\videoos.plugins.adaptiveview.unittests.dll" id="97dc2087-1553-b4d7-657e-bcb968abe028">
      <Execution id="6f22e26a-c4fe-41d6-8e40-7e6d6cc8880a" />
      <TestMethod codeBase="D:\actions-runner\_work\XPCO\XPCO\AddOns\Plugins\AdaptiveView\tst\VideoOS.Plugins.AdaptiveView.UnitTests\bin\x64\Debug\net472\VideoOS.Plugins.AdaptiveView.UnitTests.dll" adapterTypeName="executor://mstestadapter/v2" className="VideoOS.Plugins.AdaptiveView.UnitTests.CameraSortManagerTests" name="ChangeStrategy_ShouldThrow_argumentException" />
    </UnitTest>
    <UnitTest name="GetMin_ShouldReturn_ZeroWhen_TrimmedOutsideTimeSpan (2022-03-01 11:59:55)" storage="d:\actions-runner\_work\xpco\xpco\addons\plugins\adaptiveview\tst\videoos.plugins.adaptiveview.unittests\bin\x64\debug\net472\videoos.plugins.adaptiveview.unittests.dll" id="3816d5ce-4576-8fd9-50bf-5ddc0206a0e4">
      <Execution id="02ea234b-9ffa-4dcd-b4f9-d9b588d59cb5" />
      <TestMethod codeBase="D:\actions-runner\_work\XPCO\XPCO\AddOns\Plugins\AdaptiveView\tst\VideoOS.Plugins.AdaptiveView.UnitTests\bin\x64\Debug\net472\VideoOS.Plugins.AdaptiveView.UnitTests.dll" adapterTypeName="executor://mstestadapter/v2" className="VideoOS.Plugins.AdaptiveView.UnitTests.MovingListTests" name="GetMin_ShouldReturn_ZeroWhen_TrimmedOutsideTimeSpan" />
    </UnitTest>
    <UnitTest name="GetMax_ShouldReturn_ZeroWhen_TrimmedOutsideTimeSpan (2022-02-01 12:01:30)" storage="d:\actions-runner\_work\xpco\xpco\addons\plugins\adaptiveview\tst\videoos.plugins.adaptiveview.unittests\bin\x64\debug\net472\videoos.plugins.adaptiveview.unittests.dll" id="ea22f909-5a50-3fad-0846-4e248709bb81">
      <Execution id="4b9a874e-eadf-4b52-86d1-b36e4a103f53" />
      <TestMethod codeBase="D:\actions-runner\_work\XPCO\XPCO\AddOns\Plugins\AdaptiveView\tst\VideoOS.Plugins.AdaptiveView.UnitTests\bin\x64\Debug\net472\VideoOS.Plugins.AdaptiveView.UnitTests.dll" adapterTypeName="executor://mstestadapter/v2" className="VideoOS.Plugins.AdaptiveView.UnitTests.MovingListTests" name="GetMax_ShouldReturn_ZeroWhen_TrimmedOutsideTimeSpan" />
    </UnitTest>
    <UnitTest name="ChangeStrategy_ShouldThrow_argumentException (0.5)" storage="d:\actions-runner\_work\xpco\xpco\addons\plugins\adaptiveview\tst\videoos.plugins.adaptiveview.unittests\bin\x64\debug\net472\videoos.plugins.adaptiveview.unittests.dll" id="e6789261-6a3f-fdbd-6a8e-0357354a3c22">
      <Execution id="b2a1a5a8-9946-4a3d-828f-f63d34a3727a" />
      <TestMethod codeBase="D:\actions-runner\_work\XPCO\XPCO\AddOns\Plugins\AdaptiveView\tst\VideoOS.Plugins.AdaptiveView.UnitTests\bin\x64\Debug\net472\VideoOS.Plugins.AdaptiveView.UnitTests.dll" adapterTypeName="executor://mstestadapter/v2" className="VideoOS.Plugins.AdaptiveView.UnitTests.CameraSortManagerTests" name="ChangeStrategy_ShouldThrow_argumentException" />
    </UnitTest>
    <UnitTest name="CreateViewLayout_ReturnsListOfRectanglesOfTheSameSize_GivenTheSameAmountOfNumberOfItems" storage="d:\actions-runner\_work\xpco\xpco\addons\plugins\adaptiveview\tst\videoos.plugins.adaptiveview.unittests\bin\x64\debug\net472\videoos.plugins.adaptiveview.unittests.dll" id="029ab865-562d-c107-d6e9-71ae5cfc519c">
      <Execution id="a7b4a415-279b-4e91-8b4e-17c35210dee9" />
      <TestMethod codeBase="D:\actions-runner\_work\XPCO\XPCO\AddOns\Plugins\AdaptiveView\tst\VideoOS.Plugins.AdaptiveView.UnitTests\bin\x64\Debug\net472\VideoOS.Plugins.AdaptiveView.UnitTests.dll" adapterTypeName="executor://mstestadapter/v2" className="VideoOS.Plugins.AdaptiveView.UnitTests.ViewLayoutManagerTests" name="CreateViewLayout_ReturnsListOfRectanglesOfTheSameSize_GivenTheSameAmountOfNumberOfItems" />
    </UnitTest>
    <UnitTest name="SequenceSort_ShouldReturn_ListOfFQIDS_In_Order" storage="d:\actions-runner\_work\xpco\xpco\addons\plugins\adaptiveview\tst\videoos.plugins.adaptiveview.unittests\bin\x64\debug\net472\videoos.plugins.adaptiveview.unittests.dll" id="b0be8439-cc4f-dc57-ae49-2e8174918bcd">
      <Execution id="10fbc233-1a30-4f3f-8d9d-c8b91b5fefcf" />
      <TestMethod codeBase="D:\actions-runner\_work\XPCO\XPCO\AddOns\Plugins\AdaptiveView\tst\VideoOS.Plugins.AdaptiveView.UnitTests\bin\x64\Debug\net472\VideoOS.Plugins.AdaptiveView.UnitTests.dll" adapterTypeName="executor://mstestadapter/v2" className="VideoOS.Plugins.AdaptiveView.UnitTests.CameraSortManagerTests" name="SequenceSort_ShouldReturn_ListOfFQIDS_In_Order" />
    </UnitTest>
    <UnitTest name="FindShouldReturnItem" storage="d:\actions-runner\_work\xpco\xpco\addons\plugins\adaptiveview\tst\videoos.plugins.adaptiveview.unittests\bin\x64\debug\net472\videoos.plugins.adaptiveview.unittests.dll" id="0c0d18b3-65bc-0f1f-f0da-6108c3b14f23">
      <Execution id="1d416402-fcc5-4d07-9569-1b95d23181e9" />
      <TestMethod codeBase="D:\actions-runner\_work\XPCO\XPCO\AddOns\Plugins\AdaptiveView\tst\VideoOS.Plugins.AdaptiveView.UnitTests\bin\x64\Debug\net472\VideoOS.Plugins.AdaptiveView.UnitTests.dll" adapterTypeName="executor://mstestadapter/v2" className="VideoOS.Plugins.AdaptiveView.UnitTests.ConfigurationTests" name="FindShouldReturnItem" />
    </UnitTest>
    <UnitTest name="GetStrategy_ShouldThrow_ArgumentException (adaptiveView)" storage="d:\actions-runner\_work\xpco\xpco\addons\plugins\adaptiveview\tst\videoos.plugins.adaptiveview.unittests\bin\x64\debug\net472\videoos.plugins.adaptiveview.unittests.dll" id="04bfb37f-823d-4d5a-5a03-cfe810d69120">
      <Execution id="4c1b076f-c907-4732-9bf6-7d2c985dc8c5" />
      <TestMethod codeBase="D:\actions-runner\_work\XPCO\XPCO\AddOns\Plugins\AdaptiveView\tst\VideoOS.Plugins.AdaptiveView.UnitTests\bin\x64\Debug\net472\VideoOS.Plugins.AdaptiveView.UnitTests.dll" adapterTypeName="executor://mstestadapter/v2" className="VideoOS.Plugins.AdaptiveView.UnitTests.SortStrategyFactoryTests" name="GetStrategy_ShouldThrow_ArgumentException" />
    </UnitTest>
    <UnitTest name="GetMax_ShouldReturn_AddedDataOnly_WhenOutsideTimespan (2022-03-08 12:00:15,2)" storage="d:\actions-runner\_work\xpco\xpco\addons\plugins\adaptiveview\tst\videoos.plugins.adaptiveview.unittests\bin\x64\debug\net472\videoos.plugins.adaptiveview.unittests.dll" id="ef75f59a-e172-4c27-83b8-f7dbabb59ac8">
      <Execution id="f468fc3a-1e6a-467a-9ea3-b770596a4ee2" />
      <TestMethod codeBase="D:\actions-runner\_work\XPCO\XPCO\AddOns\Plugins\AdaptiveView\tst\VideoOS.Plugins.AdaptiveView.UnitTests\bin\x64\Debug\net472\VideoOS.Plugins.AdaptiveView.UnitTests.dll" adapterTypeName="executor://mstestadapter/v2" className="VideoOS.Plugins.AdaptiveView.UnitTests.MovingListTests" name="GetMax_ShouldReturn_AddedDataOnly_WhenOutsideTimespan" />
    </UnitTest>
    <UnitTest name="GetMax_ShouldReturn_CorrectValue_WhenTrimmed (2022-01-01 11:59:55,8)" storage="d:\actions-runner\_work\xpco\xpco\addons\plugins\adaptiveview\tst\videoos.plugins.adaptiveview.unittests\bin\x64\debug\net472\videoos.plugins.adaptiveview.unittests.dll" id="d35e3f47-025c-78c2-7b06-5a1a99c84aaf">
      <Execution id="623d5e0c-7a7e-4d3d-8b2f-771b431f377b" />
      <TestMethod codeBase="D:\actions-runner\_work\XPCO\XPCO\AddOns\Plugins\AdaptiveView\tst\VideoOS.Plugins.AdaptiveView.UnitTests\bin\x64\Debug\net472\VideoOS.Plugins.AdaptiveView.UnitTests.dll" adapterTypeName="executor://mstestadapter/v2" className="VideoOS.Plugins.AdaptiveView.UnitTests.MovingListTests" name="GetMax_ShouldReturn_CorrectValue_WhenTrimmed" />
    </UnitTest>
    <UnitTest name="CreateViewLayout_ReturnsListOfRectangles_GivenPositiveInt (0,1)" storage="d:\actions-runner\_work\xpco\xpco\addons\plugins\adaptiveview\tst\videoos.plugins.adaptiveview.unittests\bin\x64\debug\net472\videoos.plugins.adaptiveview.unittests.dll" id="d29a0a39-f477-8afc-4177-7faca23d2ce1">
      <Execution id="26c50456-a315-47a3-8b61-140759eb3226" />
      <TestMethod codeBase="D:\actions-runner\_work\XPCO\XPCO\AddOns\Plugins\AdaptiveView\tst\VideoOS.Plugins.AdaptiveView.UnitTests\bin\x64\Debug\net472\VideoOS.Plugins.AdaptiveView.UnitTests.dll" adapterTypeName="executor://mstestadapter/v2" className="VideoOS.Plugins.AdaptiveView.UnitTests.ViewLayoutManagerTests" name="CreateViewLayout_ReturnsListOfRectangles_GivenPositiveInt" />
    </UnitTest>
    <UnitTest name="DeserializationNoCamerasShouldReturnInstance" storage="d:\actions-runner\_work\xpco\xpco\addons\plugins\adaptiveview\tst\videoos.plugins.adaptiveview.unittests\bin\x64\debug\net472\videoos.plugins.adaptiveview.unittests.dll" id="08e0df7e-29cb-ea7e-ad57-9cf8ed9a7632">
      <Execution id="37070602-04ee-489e-9661-8d0deff4e081" />
      <TestMethod codeBase="D:\actions-runner\_work\XPCO\XPCO\AddOns\Plugins\AdaptiveView\tst\VideoOS.Plugins.AdaptiveView.UnitTests\bin\x64\Debug\net472\VideoOS.Plugins.AdaptiveView.UnitTests.dll" adapterTypeName="executor://mstestadapter/v2" className="VideoOS.Plugins.AdaptiveView.UnitTests.ConfigurationTests" name="DeserializationNoCamerasShouldReturnInstance" />
    </UnitTest>
    <UnitTest name="GetSourceSequence_ShouldReturnValidSequences_WhenQueryingOnIntervalOutside (2022-02-01 12:00:00,2022-02-01 14:00:00,System.Int32[])" storage="d:\actions-runner\_work\xpco\xpco\addons\plugins\adaptiveview\tst\videoos.plugins.adaptiveview.unittests\bin\x64\debug\net472\videoos.plugins.adaptiveview.unittests.dll" id="b6962cca-4c31-e5aa-89c1-7a61f68642fd">
      <Execution id="8af9b9a6-6b5e-472f-a751-db4ce3f112fa" />
      <TestMethod codeBase="D:\actions-runner\_work\XPCO\XPCO\AddOns\Plugins\AdaptiveView\tst\VideoOS.Plugins.AdaptiveView.UnitTests\bin\x64\Debug\net472\VideoOS.Plugins.AdaptiveView.UnitTests.dll" adapterTypeName="executor://mstestadapter/v2" className="VideoOS.Plugins.AdaptiveView.UnitTests.SequenceManagerTest" name="GetSourceSequence_ShouldReturnValidSequences_WhenQueryingOnIntervalOutside" />
    </UnitTest>
    <UnitTest name="ChangeStrategy_ShouldThrow_argumentException (LOREM IPSUM)" storage="d:\actions-runner\_work\xpco\xpco\addons\plugins\adaptiveview\tst\videoos.plugins.adaptiveview.unittests\bin\x64\debug\net472\videoos.plugins.adaptiveview.unittests.dll" id="bca36705-2f24-4c28-aabc-608cdfa83b49">
      <Execution id="efe517a4-9849-4ecc-a2cb-b3aae7daf052" />
      <TestMethod codeBase="D:\actions-runner\_work\XPCO\XPCO\AddOns\Plugins\AdaptiveView\tst\VideoOS.Plugins.AdaptiveView.UnitTests\bin\x64\Debug\net472\VideoOS.Plugins.AdaptiveView.UnitTests.dll" adapterTypeName="executor://mstestadapter/v2" className="VideoOS.Plugins.AdaptiveView.UnitTests.CameraSortManagerTests" name="ChangeStrategy_ShouldThrow_argumentException" />
    </UnitTest>
    <UnitTest name="GetMin_ShouldReturn_ZeroWhen_TrimmedOutsideTimeSpan (2022-02-01 12:01:30)" storage="d:\actions-runner\_work\xpco\xpco\addons\plugins\adaptiveview\tst\videoos.plugins.adaptiveview.unittests\bin\x64\debug\net472\videoos.plugins.adaptiveview.unittests.dll" id="9ab86a05-0e21-ab5e-821a-36e7a5ae5353">
      <Execution id="1c46fa26-aafa-4559-9d01-357f9d6454bc" />
      <TestMethod codeBase="D:\actions-runner\_work\XPCO\XPCO\AddOns\Plugins\AdaptiveView\tst\VideoOS.Plugins.AdaptiveView.UnitTests\bin\x64\Debug\net472\VideoOS.Plugins.AdaptiveView.UnitTests.dll" adapterTypeName="executor://mstestadapter/v2" className="VideoOS.Plugins.AdaptiveView.UnitTests.MovingListTests" name="GetMin_ShouldReturn_ZeroWhen_TrimmedOutsideTimeSpan" />
    </UnitTest>
    <UnitTest name="GetMin_ShouldReturn_TotalMinValue_WhenNotTrimmed" storage="d:\actions-runner\_work\xpco\xpco\addons\plugins\adaptiveview\tst\videoos.plugins.adaptiveview.unittests\bin\x64\debug\net472\videoos.plugins.adaptiveview.unittests.dll" id="8a1a18b6-e6ad-8a27-2c7a-cbc90a37566a">
      <Execution id="e7bde040-5575-42da-b631-0ed630aa66bd" />
      <TestMethod codeBase="D:\actions-runner\_work\XPCO\XPCO\AddOns\Plugins\AdaptiveView\tst\VideoOS.Plugins.AdaptiveView.UnitTests\bin\x64\Debug\net472\VideoOS.Plugins.AdaptiveView.UnitTests.dll" adapterTypeName="executor://mstestadapter/v2" className="VideoOS.Plugins.AdaptiveView.UnitTests.MovingListTests" name="GetMin_ShouldReturn_TotalMinValue_WhenNotTrimmed" />
    </UnitTest>
    <UnitTest name="GetMax_ShouldReturn_AddedDataOnly_WhenOutsideTimespan (2022-04-08 12:01:15,2)" storage="d:\actions-runner\_work\xpco\xpco\addons\plugins\adaptiveview\tst\videoos.plugins.adaptiveview.unittests\bin\x64\debug\net472\videoos.plugins.adaptiveview.unittests.dll" id="cd351acc-6892-c56a-f75f-6a6bd7c15004">
      <Execution id="b3986231-c951-41ad-9a13-930044bf85cf" />
      <TestMethod codeBase="D:\actions-runner\_work\XPCO\XPCO\AddOns\Plugins\AdaptiveView\tst\VideoOS.Plugins.AdaptiveView.UnitTests\bin\x64\Debug\net472\VideoOS.Plugins.AdaptiveView.UnitTests.dll" adapterTypeName="executor://mstestadapter/v2" className="VideoOS.Plugins.AdaptiveView.UnitTests.MovingListTests" name="GetMax_ShouldReturn_AddedDataOnly_WhenOutsideTimespan" />
    </UnitTest>
    <UnitTest name="GetAvg_ShouldReturn_ZeroWhen_TrimmedOutsideTimespan (2022-02-01 12:01:30)" storage="d:\actions-runner\_work\xpco\xpco\addons\plugins\adaptiveview\tst\videoos.plugins.adaptiveview.unittests\bin\x64\debug\net472\videoos.plugins.adaptiveview.unittests.dll" id="25360200-2e38-4d3a-d4c3-0dcde55dfd8a">
      <Execution id="5e440561-6fbe-485c-8f9e-e0835c2dc033" />
      <TestMethod codeBase="D:\actions-runner\_work\XPCO\XPCO\AddOns\Plugins\AdaptiveView\tst\VideoOS.Plugins.AdaptiveView.UnitTests\bin\x64\Debug\net472\VideoOS.Plugins.AdaptiveView.UnitTests.dll" adapterTypeName="executor://mstestadapter/v2" className="VideoOS.Plugins.AdaptiveView.UnitTests.MovingListTests" name="GetAvg_ShouldReturn_ZeroWhen_TrimmedOutsideTimespan" />
    </UnitTest>
    <UnitTest name="GetMax_ShouldReturn_CorrectValue_WhenTrimmed (2022-01-01 12:01:15,10)" storage="d:\actions-runner\_work\xpco\xpco\addons\plugins\adaptiveview\tst\videoos.plugins.adaptiveview.unittests\bin\x64\debug\net472\videoos.plugins.adaptiveview.unittests.dll" id="97cfd782-ae7d-a72f-e366-a7ce0920c8d2">
      <Execution id="1c687aa1-45c6-4d92-8faf-e031c3fd916f" />
      <TestMethod codeBase="D:\actions-runner\_work\XPCO\XPCO\AddOns\Plugins\AdaptiveView\tst\VideoOS.Plugins.AdaptiveView.UnitTests\bin\x64\Debug\net472\VideoOS.Plugins.AdaptiveView.UnitTests.dll" adapterTypeName="executor://mstestadapter/v2" className="VideoOS.Plugins.AdaptiveView.UnitTests.MovingListTests" name="GetMax_ShouldReturn_CorrectValue_WhenTrimmed" />
    </UnitTest>
    <UnitTest name="RemoveShouldRemoveViewItem" storage="d:\actions-runner\_work\xpco\xpco\addons\plugins\adaptiveview\tst\videoos.plugins.adaptiveview.unittests\bin\x64\debug\net472\videoos.plugins.adaptiveview.unittests.dll" id="65374fe2-6ca3-59e2-d946-9210eeb3ba1d">
      <Execution id="3281fddc-efe1-46a3-99e5-56c9b6a679c3" />
      <TestMethod codeBase="D:\actions-runner\_work\XPCO\XPCO\AddOns\Plugins\AdaptiveView\tst\VideoOS.Plugins.AdaptiveView.UnitTests\bin\x64\Debug\net472\VideoOS.Plugins.AdaptiveView.UnitTests.dll" adapterTypeName="executor://mstestadapter/v2" className="VideoOS.Plugins.AdaptiveView.UnitTests.ConfigurationTests" name="RemoveShouldRemoveViewItem" />
    </UnitTest>
    <UnitTest name="GetSourceSequence_ShouldReturnValidSequences_WhenQueryingOnIntervalInside (2022-01-01 13:50:00,2022-01-01 14:50:00,System.Int32[])" storage="d:\actions-runner\_work\xpco\xpco\addons\plugins\adaptiveview\tst\videoos.plugins.adaptiveview.unittests\bin\x64\debug\net472\videoos.plugins.adaptiveview.unittests.dll" id="e7479dac-9715-2aa8-db11-2a8031ec17ba">
      <Execution id="b1a004a2-ee97-4f51-8a2b-17e5f54506cc" />
      <TestMethod codeBase="D:\actions-runner\_work\XPCO\XPCO\AddOns\Plugins\AdaptiveView\tst\VideoOS.Plugins.AdaptiveView.UnitTests\bin\x64\Debug\net472\VideoOS.Plugins.AdaptiveView.UnitTests.dll" adapterTypeName="executor://mstestadapter/v2" className="VideoOS.Plugins.AdaptiveView.UnitTests.SequenceManagerTest" name="GetSourceSequence_ShouldReturnValidSequences_WhenQueryingOnIntervalInside" />
    </UnitTest>
    <UnitTest name="GetStrategy_ShouldThrow_ArgumentException (1321)" storage="d:\actions-runner\_work\xpco\xpco\addons\plugins\adaptiveview\tst\videoos.plugins.adaptiveview.unittests\bin\x64\debug\net472\videoos.plugins.adaptiveview.unittests.dll" id="a2b946e0-5e1a-bff4-453e-fe55b4468abf">
      <Execution id="2a7c3852-a436-48c5-880c-3f4eed90dae4" />
      <TestMethod codeBase="D:\actions-runner\_work\XPCO\XPCO\AddOns\Plugins\AdaptiveView\tst\VideoOS.Plugins.AdaptiveView.UnitTests\bin\x64\Debug\net472\VideoOS.Plugins.AdaptiveView.UnitTests.dll" adapterTypeName="executor://mstestadapter/v2" className="VideoOS.Plugins.AdaptiveView.UnitTests.SortStrategyFactoryTests" name="GetStrategy_ShouldThrow_ArgumentException" />
    </UnitTest>
    <UnitTest name="GetAvg_ShouldReturn_AddedDataOnly_WhenOutsideTimespan (2022-04-05 12:01:15,8)" storage="d:\actions-runner\_work\xpco\xpco\addons\plugins\adaptiveview\tst\videoos.plugins.adaptiveview.unittests\bin\x64\debug\net472\videoos.plugins.adaptiveview.unittests.dll" id="e7fa4831-18db-0884-f66c-b54d15f30e65">
      <Execution id="c86af00f-7275-4e91-9bdf-36c68981ff06" />
      <TestMethod codeBase="D:\actions-runner\_work\XPCO\XPCO\AddOns\Plugins\AdaptiveView\tst\VideoOS.Plugins.AdaptiveView.UnitTests\bin\x64\Debug\net472\VideoOS.Plugins.AdaptiveView.UnitTests.dll" adapterTypeName="executor://mstestadapter/v2" className="VideoOS.Plugins.AdaptiveView.UnitTests.MovingListTests" name="GetAvg_ShouldReturn_AddedDataOnly_WhenOutsideTimespan" />
    </UnitTest>
    <UnitTest name="GetStrategy_ShouldThrow_ArgumentException (0.5)" storage="d:\actions-runner\_work\xpco\xpco\addons\plugins\adaptiveview\tst\videoos.plugins.adaptiveview.unittests\bin\x64\debug\net472\videoos.plugins.adaptiveview.unittests.dll" id="26808a94-79f4-f751-cff3-f8e3c9da9ae4">
      <Execution id="82c63807-872f-4c3d-b38d-8dcf0104dab3" />
      <TestMethod codeBase="D:\actions-runner\_work\XPCO\XPCO\AddOns\Plugins\AdaptiveView\tst\VideoOS.Plugins.AdaptiveView.UnitTests\bin\x64\Debug\net472\VideoOS.Plugins.AdaptiveView.UnitTests.dll" adapterTypeName="executor://mstestadapter/v2" className="VideoOS.Plugins.AdaptiveView.UnitTests.SortStrategyFactoryTests" name="GetStrategy_ShouldThrow_ArgumentException" />
    </UnitTest>
    <UnitTest name="GetMin_ShouldReturn_CorrectValue_WhenTrimmed (2022-01-01 11:59:55,2)" storage="d:\actions-runner\_work\xpco\xpco\addons\plugins\adaptiveview\tst\videoos.plugins.adaptiveview.unittests\bin\x64\debug\net472\videoos.plugins.adaptiveview.unittests.dll" id="73b6db79-ff71-5e22-d04d-5cdf1cc42a3b">
      <Execution id="eca9064e-d4c3-4fab-97ae-3a9c4240788c" />
      <TestMethod codeBase="D:\actions-runner\_work\XPCO\XPCO\AddOns\Plugins\AdaptiveView\tst\VideoOS.Plugins.AdaptiveView.UnitTests\bin\x64\Debug\net472\VideoOS.Plugins.AdaptiveView.UnitTests.dll" adapterTypeName="executor://mstestadapter/v2" className="VideoOS.Plugins.AdaptiveView.UnitTests.MovingListTests" name="GetMin_ShouldReturn_CorrectValue_WhenTrimmed" />
    </UnitTest>
    <UnitTest name="DeserializationWithCamerasShouldReturnInstance" storage="d:\actions-runner\_work\xpco\xpco\addons\plugins\adaptiveview\tst\videoos.plugins.adaptiveview.unittests\bin\x64\debug\net472\videoos.plugins.adaptiveview.unittests.dll" id="116d5e26-4fa1-57c0-c6e6-33eee24f217c">
      <Execution id="74d5c941-b9e3-4d94-ba82-ceccf09dbc56" />
      <TestMethod codeBase="D:\actions-runner\_work\XPCO\XPCO\AddOns\Plugins\AdaptiveView\tst\VideoOS.Plugins.AdaptiveView.UnitTests\bin\x64\Debug\net472\VideoOS.Plugins.AdaptiveView.UnitTests.dll" adapterTypeName="executor://mstestadapter/v2" className="VideoOS.Plugins.AdaptiveView.UnitTests.ConfigurationTests" name="DeserializationWithCamerasShouldReturnInstance" />
    </UnitTest>
    <UnitTest name="GetSourceSequence_ShouldReturnValidSequences_WhenQueryingOnIntervalOutside (2020-02-01 12:00:00,2020-02-01 14:00:00,System.Int32[])" storage="d:\actions-runner\_work\xpco\xpco\addons\plugins\adaptiveview\tst\videoos.plugins.adaptiveview.unittests\bin\x64\debug\net472\videoos.plugins.adaptiveview.unittests.dll" id="71eef2f2-e698-668e-349c-c6565428a284">
      <Execution id="95f20867-4b73-4dc0-97e1-bfd703b8fb7e" />
      <TestMethod codeBase="D:\actions-runner\_work\XPCO\XPCO\AddOns\Plugins\AdaptiveView\tst\VideoOS.Plugins.AdaptiveView.UnitTests\bin\x64\Debug\net472\VideoOS.Plugins.AdaptiveView.UnitTests.dll" adapterTypeName="executor://mstestadapter/v2" className="VideoOS.Plugins.AdaptiveView.UnitTests.SequenceManagerTest" name="GetSourceSequence_ShouldReturnValidSequences_WhenQueryingOnIntervalOutside" />
    </UnitTest>
    <UnitTest name="CreateViewLayout_ReturnsListOfRectangles_GivenPositiveInt (100,100)" storage="d:\actions-runner\_work\xpco\xpco\addons\plugins\adaptiveview\tst\videoos.plugins.adaptiveview.unittests\bin\x64\debug\net472\videoos.plugins.adaptiveview.unittests.dll" id="4387b96d-ea9e-692b-fb83-b956985ca425">
      <Execution id="0c505de7-8e40-489a-8a31-651a6839a9b3" />
      <TestMethod codeBase="D:\actions-runner\_work\XPCO\XPCO\AddOns\Plugins\AdaptiveView\tst\VideoOS.Plugins.AdaptiveView.UnitTests\bin\x64\Debug\net472\VideoOS.Plugins.AdaptiveView.UnitTests.dll" adapterTypeName="executor://mstestadapter/v2" className="VideoOS.Plugins.AdaptiveView.UnitTests.ViewLayoutManagerTests" name="CreateViewLayout_ReturnsListOfRectangles_GivenPositiveInt" />
    </UnitTest>
    <UnitTest name="GetMax_ShouldReturn_ZeroWhen_TrimmedOutsideTimeSpan (2022-04-01 12:01:15)" storage="d:\actions-runner\_work\xpco\xpco\addons\plugins\adaptiveview\tst\videoos.plugins.adaptiveview.unittests\bin\x64\debug\net472\videoos.plugins.adaptiveview.unittests.dll" id="6e1c362f-6940-f9c0-a2c0-e76006a424a0">
      <Execution id="c8eb0cc3-5b54-470e-8729-63b27155a13b" />
      <TestMethod codeBase="D:\actions-runner\_work\XPCO\XPCO\AddOns\Plugins\AdaptiveView\tst\VideoOS.Plugins.AdaptiveView.UnitTests\bin\x64\Debug\net472\VideoOS.Plugins.AdaptiveView.UnitTests.dll" adapterTypeName="executor://mstestadapter/v2" className="VideoOS.Plugins.AdaptiveView.UnitTests.MovingListTests" name="GetMax_ShouldReturn_ZeroWhen_TrimmedOutsideTimeSpan" />
    </UnitTest>
    <UnitTest name="DirtyShouldBeCleared" storage="d:\actions-runner\_work\xpco\xpco\addons\plugins\adaptiveview\tst\videoos.plugins.adaptiveview.unittests\bin\x64\debug\net472\videoos.plugins.adaptiveview.unittests.dll" id="98ff20c2-1892-3246-e4e0-7d96459ce805">
      <Execution id="5891cd26-fe11-4707-a8d1-80fd8c99b565" />
      <TestMethod codeBase="D:\actions-runner\_work\XPCO\XPCO\AddOns\Plugins\AdaptiveView\tst\VideoOS.Plugins.AdaptiveView.UnitTests\bin\x64\Debug\net472\VideoOS.Plugins.AdaptiveView.UnitTests.dll" adapterTypeName="executor://mstestadapter/v2" className="VideoOS.Plugins.AdaptiveView.UnitTests.ConfigurationTests" name="DirtyShouldBeCleared" />
    </UnitTest>
    <UnitTest name="AddData_ShouldThrowException_WhenCameraCountIsLessThanOne (0,2022-04-05 12:01:15)" storage="d:\actions-runner\_work\xpco\xpco\addons\plugins\adaptiveview\tst\videoos.plugins.adaptiveview.unittests\bin\x64\debug\net472\videoos.plugins.adaptiveview.unittests.dll" id="877d9302-865b-465b-23da-c5dd958109fc">
      <Execution id="5867f5b7-c127-459f-900c-a1cb40cf09fc" />
      <TestMethod codeBase="D:\actions-runner\_work\XPCO\XPCO\AddOns\Plugins\AdaptiveView\tst\VideoOS.Plugins.AdaptiveView.UnitTests\bin\x64\Debug\net472\VideoOS.Plugins.AdaptiveView.UnitTests.dll" adapterTypeName="executor://mstestadapter/v2" className="VideoOS.Plugins.AdaptiveView.UnitTests.MovingListTests" name="AddData_ShouldThrowException_WhenCameraCountIsLessThanOne" />
    </UnitTest>
    <UnitTest name="GetStrategy_ShouldThrow_ArgumentException (LOREM IPSUM DIVIDEOPTIMSUM)" storage="d:\actions-runner\_work\xpco\xpco\addons\plugins\adaptiveview\tst\videoos.plugins.adaptiveview.unittests\bin\x64\debug\net472\videoos.plugins.adaptiveview.unittests.dll" id="4cd48e6e-a139-5a43-94cb-9929b1190cbe">
      <Execution id="772d5562-ac66-4c3c-acb1-103149a9d190" />
      <TestMethod codeBase="D:\actions-runner\_work\XPCO\XPCO\AddOns\Plugins\AdaptiveView\tst\VideoOS.Plugins.AdaptiveView.UnitTests\bin\x64\Debug\net472\VideoOS.Plugins.AdaptiveView.UnitTests.dll" adapterTypeName="executor://mstestadapter/v2" className="VideoOS.Plugins.AdaptiveView.UnitTests.SortStrategyFactoryTests" name="GetStrategy_ShouldThrow_ArgumentException" />
    </UnitTest>
    <UnitTest name="AddData_ShouldThrowException_WhenCameraCountIsLessThanOne (-1000,2022-04-05 12:01:15)" storage="d:\actions-runner\_work\xpco\xpco\addons\plugins\adaptiveview\tst\videoos.plugins.adaptiveview.unittests\bin\x64\debug\net472\videoos.plugins.adaptiveview.unittests.dll" id="aa9020a8-9ac6-0aa9-fad3-fe04fd9d5aa3">
      <Execution id="327bf309-ee74-41d8-b900-e1e5364bb601" />
      <TestMethod codeBase="D:\actions-runner\_work\XPCO\XPCO\AddOns\Plugins\AdaptiveView\tst\VideoOS.Plugins.AdaptiveView.UnitTests\bin\x64\Debug\net472\VideoOS.Plugins.AdaptiveView.UnitTests.dll" adapterTypeName="executor://mstestadapter/v2" className="VideoOS.Plugins.AdaptiveView.UnitTests.MovingListTests" name="AddData_ShouldThrowException_WhenCameraCountIsLessThanOne" />
    </UnitTest>
    <UnitTest name="GetMin_ShouldReturn_ZeroWhen_TrimmedOutsideTimeSpan (2022-04-01 12:01:15)" storage="d:\actions-runner\_work\xpco\xpco\addons\plugins\adaptiveview\tst\videoos.plugins.adaptiveview.unittests\bin\x64\debug\net472\videoos.plugins.adaptiveview.unittests.dll" id="f427b01c-279d-013e-3b4b-a184e52ad819">
      <Execution id="b9c84be0-b3fe-4756-9dd4-860688c9b834" />
      <TestMethod codeBase="D:\actions-runner\_work\XPCO\XPCO\AddOns\Plugins\AdaptiveView\tst\VideoOS.Plugins.AdaptiveView.UnitTests\bin\x64\Debug\net472\VideoOS.Plugins.AdaptiveView.UnitTests.dll" adapterTypeName="executor://mstestadapter/v2" className="VideoOS.Plugins.AdaptiveView.UnitTests.MovingListTests" name="GetMin_ShouldReturn_ZeroWhen_TrimmedOutsideTimeSpan" />
    </UnitTest>
    <UnitTest name="GetMin_ShouldReturn_AddedDataOnly_WhenOutsideTimespan (2022-04-05 12:01:15,8)" storage="d:\actions-runner\_work\xpco\xpco\addons\plugins\adaptiveview\tst\videoos.plugins.adaptiveview.unittests\bin\x64\debug\net472\videoos.plugins.adaptiveview.unittests.dll" id="5b4320fc-0479-1074-b7e0-722881a704d3">
      <Execution id="4c50ecf5-d427-48d5-9a97-e544f550e0cc" />
      <TestMethod codeBase="D:\actions-runner\_work\XPCO\XPCO\AddOns\Plugins\AdaptiveView\tst\VideoOS.Plugins.AdaptiveView.UnitTests\bin\x64\Debug\net472\VideoOS.Plugins.AdaptiveView.UnitTests.dll" adapterTypeName="executor://mstestadapter/v2" className="VideoOS.Plugins.AdaptiveView.UnitTests.MovingListTests" name="GetMin_ShouldReturn_AddedDataOnly_WhenOutsideTimespan" />
    </UnitTest>
    <UnitTest name="ChangeStrategy_ShouldThrow_argumentException (2123123)" storage="d:\actions-runner\_work\xpco\xpco\addons\plugins\adaptiveview\tst\videoos.plugins.adaptiveview.unittests\bin\x64\debug\net472\videoos.plugins.adaptiveview.unittests.dll" id="12c5d778-8e41-03c9-1474-653a9908f043">
      <Execution id="dbc58aa0-20f8-4447-9646-ca63cfd1bf09" />
      <TestMethod codeBase="D:\actions-runner\_work\XPCO\XPCO\AddOns\Plugins\AdaptiveView\tst\VideoOS.Plugins.AdaptiveView.UnitTests\bin\x64\Debug\net472\VideoOS.Plugins.AdaptiveView.UnitTests.dll" adapterTypeName="executor://mstestadapter/v2" className="VideoOS.Plugins.AdaptiveView.UnitTests.CameraSortManagerTests" name="ChangeStrategy_ShouldThrow_argumentException" />
    </UnitTest>
    <UnitTest name="GetMax_ShouldReturn_AddedDataOnly_WhenOutsideTimespan (2022-04-05 12:01:15,93)" storage="d:\actions-runner\_work\xpco\xpco\addons\plugins\adaptiveview\tst\videoos.plugins.adaptiveview.unittests\bin\x64\debug\net472\videoos.plugins.adaptiveview.unittests.dll" id="6ea5a8cb-8ce9-09b1-a51d-22a5cb6345f6">
      <Execution id="6489a600-6886-41ce-aec3-fb3c1779b1ea" />
      <TestMethod codeBase="D:\actions-runner\_work\XPCO\XPCO\AddOns\Plugins\AdaptiveView\tst\VideoOS.Plugins.AdaptiveView.UnitTests\bin\x64\Debug\net472\VideoOS.Plugins.AdaptiveView.UnitTests.dll" adapterTypeName="executor://mstestadapter/v2" className="VideoOS.Plugins.AdaptiveView.UnitTests.MovingListTests" name="GetMax_ShouldReturn_AddedDataOnly_WhenOutsideTimespan" />
    </UnitTest>
    <UnitTest name="GetAvg_ShouldReturn_CorrectValue_WhenTrimmed (2022-01-01 12:01:05,4.5)" storage="d:\actions-runner\_work\xpco\xpco\addons\plugins\adaptiveview\tst\videoos.plugins.adaptiveview.unittests\bin\x64\debug\net472\videoos.plugins.adaptiveview.unittests.dll" id="e33d60e5-ab2c-c525-731f-cb74480219a0">
      <Execution id="8be905dd-5a46-4b83-9bc5-01793cb51d3a" />
      <TestMethod codeBase="D:\actions-runner\_work\XPCO\XPCO\AddOns\Plugins\AdaptiveView\tst\VideoOS.Plugins.AdaptiveView.UnitTests\bin\x64\Debug\net472\VideoOS.Plugins.AdaptiveView.UnitTests.dll" adapterTypeName="executor://mstestadapter/v2" className="VideoOS.Plugins.AdaptiveView.UnitTests.MovingListTests" name="GetAvg_ShouldReturn_CorrectValue_WhenTrimmed" />
    </UnitTest>
    <UnitTest name="GetAvg_ShouldReturn_CorrectValue_WhenTrimmed (2022-01-01 11:59:55,4.5)" storage="d:\actions-runner\_work\xpco\xpco\addons\plugins\adaptiveview\tst\videoos.plugins.adaptiveview.unittests\bin\x64\debug\net472\videoos.plugins.adaptiveview.unittests.dll" id="9ace69c5-ad4e-04b8-5e9c-fc2e803c6cdf">
      <Execution id="4fa045a8-f778-4723-97ef-3e6b31a66311" />
      <TestMethod codeBase="D:\actions-runner\_work\XPCO\XPCO\AddOns\Plugins\AdaptiveView\tst\VideoOS.Plugins.AdaptiveView.UnitTests\bin\x64\Debug\net472\VideoOS.Plugins.AdaptiveView.UnitTests.dll" adapterTypeName="executor://mstestadapter/v2" className="VideoOS.Plugins.AdaptiveView.UnitTests.MovingListTests" name="GetAvg_ShouldReturn_CorrectValue_WhenTrimmed" />
    </UnitTest>
    <UnitTest name="SequenceSort_ShouldReturn_EmptyList_IfEmptyArgument" storage="d:\actions-runner\_work\xpco\xpco\addons\plugins\adaptiveview\tst\videoos.plugins.adaptiveview.unittests\bin\x64\debug\net472\videoos.plugins.adaptiveview.unittests.dll" id="cd0e257d-65b8-fafa-c5f1-7eb632863781">
      <Execution id="b25a6f6d-ae31-4f83-b79c-2ef24172380a" />
      <TestMethod codeBase="D:\actions-runner\_work\XPCO\XPCO\AddOns\Plugins\AdaptiveView\tst\VideoOS.Plugins.AdaptiveView.UnitTests\bin\x64\Debug\net472\VideoOS.Plugins.AdaptiveView.UnitTests.dll" adapterTypeName="executor://mstestadapter/v2" className="VideoOS.Plugins.AdaptiveView.UnitTests.CameraSortManagerTests" name="SequenceSort_ShouldReturn_EmptyList_IfEmptyArgument" />
    </UnitTest>
    <UnitTest name="GetAvg_ShouldReturn_ZeroWhen_TrimmedOutsideTimespan (2022-04-01 12:01:15)" storage="d:\actions-runner\_work\xpco\xpco\addons\plugins\adaptiveview\tst\videoos.plugins.adaptiveview.unittests\bin\x64\debug\net472\videoos.plugins.adaptiveview.unittests.dll" id="b6ba445c-5c38-9dd2-c786-4b75e019aee0">
      <Execution id="f4339112-20e0-4d12-9d4f-540d0ce305f6" />
      <TestMethod codeBase="D:\actions-runner\_work\XPCO\XPCO\AddOns\Plugins\AdaptiveView\tst\VideoOS.Plugins.AdaptiveView.UnitTests\bin\x64\Debug\net472\VideoOS.Plugins.AdaptiveView.UnitTests.dll" adapterTypeName="executor://mstestadapter/v2" className="VideoOS.Plugins.AdaptiveView.UnitTests.MovingListTests" name="GetAvg_ShouldReturn_ZeroWhen_TrimmedOutsideTimespan" />
    </UnitTest>
    <UnitTest name="GetAvg_ShouldReturn_CorrectValue_WhenTrimmed (2022-01-01 12:01:30,5)" storage="d:\actions-runner\_work\xpco\xpco\addons\plugins\adaptiveview\tst\videoos.plugins.adaptiveview.unittests\bin\x64\debug\net472\videoos.plugins.adaptiveview.unittests.dll" id="ef9bc85d-c944-309f-8edb-dd51f47e587c">
      <Execution id="ebf36300-0928-4f25-8947-24d952ad282d" />
      <TestMethod codeBase="D:\actions-runner\_work\XPCO\XPCO\AddOns\Plugins\AdaptiveView\tst\VideoOS.Plugins.AdaptiveView.UnitTests\bin\x64\Debug\net472\VideoOS.Plugins.AdaptiveView.UnitTests.dll" adapterTypeName="executor://mstestadapter/v2" className="VideoOS.Plugins.AdaptiveView.UnitTests.MovingListTests" name="GetAvg_ShouldReturn_CorrectValue_WhenTrimmed" />
    </UnitTest>
    <UnitTest name="GetSourceSequence_ShouldReturnValidSequences_WhenQueryingOnIntervalOutside (2022-04-01 12:00:00,2020-04-01 14:00:00,System.Int32[])" storage="d:\actions-runner\_work\xpco\xpco\addons\plugins\adaptiveview\tst\videoos.plugins.adaptiveview.unittests\bin\x64\debug\net472\videoos.plugins.adaptiveview.unittests.dll" id="a0c45c15-12a1-3b89-8a29-3b4ce7d72b3f">
      <Execution id="20828faa-bf53-4942-a44d-0f300ba982c1" />
      <TestMethod codeBase="D:\actions-runner\_work\XPCO\XPCO\AddOns\Plugins\AdaptiveView\tst\VideoOS.Plugins.AdaptiveView.UnitTests\bin\x64\Debug\net472\VideoOS.Plugins.AdaptiveView.UnitTests.dll" adapterTypeName="executor://mstestadapter/v2" className="VideoOS.Plugins.AdaptiveView.UnitTests.SequenceManagerTest" name="GetSourceSequence_ShouldReturnValidSequences_WhenQueryingOnIntervalOutside" />
    </UnitTest>
    <UnitTest name="CreateViewLayout_ReturnsListOfRectangles_GivenPositiveInt (5,6)" storage="d:\actions-runner\_work\xpco\xpco\addons\plugins\adaptiveview\tst\videoos.plugins.adaptiveview.unittests\bin\x64\debug\net472\videoos.plugins.adaptiveview.unittests.dll" id="b4447489-4033-ed72-273a-6a301e8a2b1f">
      <Execution id="c7268fe2-3476-4e13-9b50-01b869bc3e20" />
      <TestMethod codeBase="D:\actions-runner\_work\XPCO\XPCO\AddOns\Plugins\AdaptiveView\tst\VideoOS.Plugins.AdaptiveView.UnitTests\bin\x64\Debug\net472\VideoOS.Plugins.AdaptiveView.UnitTests.dll" adapterTypeName="executor://mstestadapter/v2" className="VideoOS.Plugins.AdaptiveView.UnitTests.ViewLayoutManagerTests" name="CreateViewLayout_ReturnsListOfRectangles_GivenPositiveInt" />
    </UnitTest>
    <UnitTest name="GetMin_ShouldReturn_AddedDataOnly_WhenOutsideTimespan (2022-04-08 12:01:15,2)" storage="d:\actions-runner\_work\xpco\xpco\addons\plugins\adaptiveview\tst\videoos.plugins.adaptiveview.unittests\bin\x64\debug\net472\videoos.plugins.adaptiveview.unittests.dll" id="67694703-1103-eb0a-dff0-c88bdc6fd9ef">
      <Execution id="ae75c970-fcbe-4892-bd7c-927dbf7f6021" />
      <TestMethod codeBase="D:\actions-runner\_work\XPCO\XPCO\AddOns\Plugins\AdaptiveView\tst\VideoOS.Plugins.AdaptiveView.UnitTests\bin\x64\Debug\net472\VideoOS.Plugins.AdaptiveView.UnitTests.dll" adapterTypeName="executor://mstestadapter/v2" className="VideoOS.Plugins.AdaptiveView.UnitTests.MovingListTests" name="GetMin_ShouldReturn_AddedDataOnly_WhenOutsideTimespan" />
    </UnitTest>
    <UnitTest name="GetSourceSequence_ShouldReturnValidSequences_WhenQueryingOnIntervalInside (2022-01-01 12:00:00,2022-01-01 14:00:00,System.Int32[])" storage="d:\actions-runner\_work\xpco\xpco\addons\plugins\adaptiveview\tst\videoos.plugins.adaptiveview.unittests\bin\x64\debug\net472\videoos.plugins.adaptiveview.unittests.dll" id="895464bc-5bc0-9a0a-aaf3-ce3a224b2fc9">
      <Execution id="ba109575-9f09-4739-b974-f3ec523e2e09" />
      <TestMethod codeBase="D:\actions-runner\_work\XPCO\XPCO\AddOns\Plugins\AdaptiveView\tst\VideoOS.Plugins.AdaptiveView.UnitTests\bin\x64\Debug\net472\VideoOS.Plugins.AdaptiveView.UnitTests.dll" adapterTypeName="executor://mstestadapter/v2" className="VideoOS.Plugins.AdaptiveView.UnitTests.SequenceManagerTest" name="GetSourceSequence_ShouldReturnValidSequences_WhenQueryingOnIntervalInside" />
    </UnitTest>
    <UnitTest name="GetMax_ShouldReturn_CorrectValue_WhenTrimmed (2022-01-01 12:01:30,10)" storage="d:\actions-runner\_work\xpco\xpco\addons\plugins\adaptiveview\tst\videoos.plugins.adaptiveview.unittests\bin\x64\debug\net472\videoos.plugins.adaptiveview.unittests.dll" id="40c6c62a-062d-3d82-1dd8-ca754f1e694a">
      <Execution id="cc8c6912-7c75-4700-a417-121c439cd488" />
      <TestMethod codeBase="D:\actions-runner\_work\XPCO\XPCO\AddOns\Plugins\AdaptiveView\tst\VideoOS.Plugins.AdaptiveView.UnitTests\bin\x64\Debug\net472\VideoOS.Plugins.AdaptiveView.UnitTests.dll" adapterTypeName="executor://mstestadapter/v2" className="VideoOS.Plugins.AdaptiveView.UnitTests.MovingListTests" name="GetMax_ShouldReturn_CorrectValue_WhenTrimmed" />
    </UnitTest>
    <UnitTest name="RemoveShouldFlagDirty" storage="d:\actions-runner\_work\xpco\xpco\addons\plugins\adaptiveview\tst\videoos.plugins.adaptiveview.unittests\bin\x64\debug\net472\videoos.plugins.adaptiveview.unittests.dll" id="325fb1b9-ebd2-6cf3-27e0-afa45663166a">
      <Execution id="6d306a55-a77c-44c6-b068-ff62eb2a7b57" />
      <TestMethod codeBase="D:\actions-runner\_work\XPCO\XPCO\AddOns\Plugins\AdaptiveView\tst\VideoOS.Plugins.AdaptiveView.UnitTests\bin\x64\Debug\net472\VideoOS.Plugins.AdaptiveView.UnitTests.dll" adapterTypeName="executor://mstestadapter/v2" className="VideoOS.Plugins.AdaptiveView.UnitTests.ConfigurationTests" name="RemoveShouldFlagDirty" />
    </UnitTest>
    <UnitTest name="GetMax_ShouldReturn_ZeroWhen_TrimmedOutsideTimeSpan (2022-03-01 11:59:55)" storage="d:\actions-runner\_work\xpco\xpco\addons\plugins\adaptiveview\tst\videoos.plugins.adaptiveview.unittests\bin\x64\debug\net472\videoos.plugins.adaptiveview.unittests.dll" id="4cebdf24-cadf-9a98-47b7-a0127873c70a">
      <Execution id="fdc28e6f-5ee5-4704-a165-975c09630c35" />
      <TestMethod codeBase="D:\actions-runner\_work\XPCO\XPCO\AddOns\Plugins\AdaptiveView\tst\VideoOS.Plugins.AdaptiveView.UnitTests\bin\x64\Debug\net472\VideoOS.Plugins.AdaptiveView.UnitTests.dll" adapterTypeName="executor://mstestadapter/v2" className="VideoOS.Plugins.AdaptiveView.UnitTests.MovingListTests" name="GetMax_ShouldReturn_ZeroWhen_TrimmedOutsideTimeSpan" />
    </UnitTest>
    <UnitTest name="GetAvg_ShouldReturn_ZeroWhen_TrimmedOutsideTimespan (2022-03-01 11:59:55)" storage="d:\actions-runner\_work\xpco\xpco\addons\plugins\adaptiveview\tst\videoos.plugins.adaptiveview.unittests\bin\x64\debug\net472\videoos.plugins.adaptiveview.unittests.dll" id="d50cf881-5506-d0f2-519b-75e3f9e62ad2">
      <Execution id="3e08e3f1-25f6-41ef-a63b-71a8b1973f45" />
      <TestMethod codeBase="D:\actions-runner\_work\XPCO\XPCO\AddOns\Plugins\AdaptiveView\tst\VideoOS.Plugins.AdaptiveView.UnitTests\bin\x64\Debug\net472\VideoOS.Plugins.AdaptiveView.UnitTests.dll" adapterTypeName="executor://mstestadapter/v2" className="VideoOS.Plugins.AdaptiveView.UnitTests.MovingListTests" name="GetAvg_ShouldReturn_ZeroWhen_TrimmedOutsideTimespan" />
    </UnitTest>
    <UnitTest name="SequenceSort_ShouldThrow_ArgumentNullException" storage="d:\actions-runner\_work\xpco\xpco\addons\plugins\adaptiveview\tst\videoos.plugins.adaptiveview.unittests\bin\x64\debug\net472\videoos.plugins.adaptiveview.unittests.dll" id="42d2755b-88e9-e647-4383-01bfbf2afb95">
      <Execution id="7f8623af-00e2-49e6-8168-de2415c06380" />
      <TestMethod codeBase="D:\actions-runner\_work\XPCO\XPCO\AddOns\Plugins\AdaptiveView\tst\VideoOS.Plugins.AdaptiveView.UnitTests\bin\x64\Debug\net472\VideoOS.Plugins.AdaptiveView.UnitTests.dll" adapterTypeName="executor://mstestadapter/v2" className="VideoOS.Plugins.AdaptiveView.UnitTests.CameraSortManagerTests" name="SequenceSort_ShouldThrow_ArgumentNullException" />
    </UnitTest>
    <UnitTest name="GetMin_ShouldReturn_AddedDataOnly_WhenOutsideTimespan (2022-02-05 12:01:15,6)" storage="d:\actions-runner\_work\xpco\xpco\addons\plugins\adaptiveview\tst\videoos.plugins.adaptiveview.unittests\bin\x64\debug\net472\videoos.plugins.adaptiveview.unittests.dll" id="28d8903f-c86f-231a-f81b-17bfe260ae84">
      <Execution id="5ec78c46-6299-4469-9f82-f2675f51291d" />
      <TestMethod codeBase="D:\actions-runner\_work\XPCO\XPCO\AddOns\Plugins\AdaptiveView\tst\VideoOS.Plugins.AdaptiveView.UnitTests\bin\x64\Debug\net472\VideoOS.Plugins.AdaptiveView.UnitTests.dll" adapterTypeName="executor://mstestadapter/v2" className="VideoOS.Plugins.AdaptiveView.UnitTests.MovingListTests" name="GetMin_ShouldReturn_AddedDataOnly_WhenOutsideTimespan" />
    </UnitTest>
    <UnitTest name="CreateViewLayout_ReturnsListOfRectangles_GivenPositiveInt (7,9)" storage="d:\actions-runner\_work\xpco\xpco\addons\plugins\adaptiveview\tst\videoos.plugins.adaptiveview.unittests\bin\x64\debug\net472\videoos.plugins.adaptiveview.unittests.dll" id="810ad52a-b67a-c112-4129-800865c491c9">
      <Execution id="b17fda36-3248-4f53-ace6-dc5d80c434c7" />
      <TestMethod codeBase="D:\actions-runner\_work\XPCO\XPCO\AddOns\Plugins\AdaptiveView\tst\VideoOS.Plugins.AdaptiveView.UnitTests\bin\x64\Debug\net472\VideoOS.Plugins.AdaptiveView.UnitTests.dll" adapterTypeName="executor://mstestadapter/v2" className="VideoOS.Plugins.AdaptiveView.UnitTests.ViewLayoutManagerTests" name="CreateViewLayout_ReturnsListOfRectangles_GivenPositiveInt" />
    </UnitTest>
    <UnitTest name="AddOrUpdateShouldFlagDirty" storage="d:\actions-runner\_work\xpco\xpco\addons\plugins\adaptiveview\tst\videoos.plugins.adaptiveview.unittests\bin\x64\debug\net472\videoos.plugins.adaptiveview.unittests.dll" id="c009ca00-3eef-fab0-cd04-c7efd72ca2b0">
      <Execution id="b2c3d96e-e8af-40cc-be65-594583f1632e" />
      <TestMethod codeBase="D:\actions-runner\_work\XPCO\XPCO\AddOns\Plugins\AdaptiveView\tst\VideoOS.Plugins.AdaptiveView.UnitTests\bin\x64\Debug\net472\VideoOS.Plugins.AdaptiveView.UnitTests.dll" adapterTypeName="executor://mstestadapter/v2" className="VideoOS.Plugins.AdaptiveView.UnitTests.ConfigurationTests" name="AddOrUpdateShouldFlagDirty" />
    </UnitTest>
    <UnitTest name="GetStrategy_ShouldThrow_ArgumentException (B)" storage="d:\actions-runner\_work\xpco\xpco\addons\plugins\adaptiveview\tst\videoos.plugins.adaptiveview.unittests\bin\x64\debug\net472\videoos.plugins.adaptiveview.unittests.dll" id="1bad9bf7-04d7-43e5-1d64-c3a99ad87fff">
      <Execution id="555295c9-e408-4c25-beae-c1cc310b2127" />
      <TestMethod codeBase="D:\actions-runner\_work\XPCO\XPCO\AddOns\Plugins\AdaptiveView\tst\VideoOS.Plugins.AdaptiveView.UnitTests\bin\x64\Debug\net472\VideoOS.Plugins.AdaptiveView.UnitTests.dll" adapterTypeName="executor://mstestadapter/v2" className="VideoOS.Plugins.AdaptiveView.UnitTests.SortStrategyFactoryTests" name="GetStrategy_ShouldThrow_ArgumentException" />
    </UnitTest>
    <UnitTest name="CreateViewLayout_ThrowsOutOfRangeException_GivenNegativeInt" storage="d:\actions-runner\_work\xpco\xpco\addons\plugins\adaptiveview\tst\videoos.plugins.adaptiveview.unittests\bin\x64\debug\net472\videoos.plugins.adaptiveview.unittests.dll" id="0bb0650d-1d1e-a1e3-1275-1977a15320d7">
      <Execution id="6e98f849-5818-48f6-a3fe-7a50a4d840c7" />
      <TestMethod codeBase="D:\actions-runner\_work\XPCO\XPCO\AddOns\Plugins\AdaptiveView\tst\VideoOS.Plugins.AdaptiveView.UnitTests\bin\x64\Debug\net472\VideoOS.Plugins.AdaptiveView.UnitTests.dll" adapterTypeName="executor://mstestadapter/v2" className="VideoOS.Plugins.AdaptiveView.UnitTests.ViewLayoutManagerTests" name="CreateViewLayout_ThrowsOutOfRangeException_GivenNegativeInt" />
    </UnitTest>
    <UnitTest name="GetMin_ShouldReturn_CorrectValue_WhenTrimmed (2022-01-01 12:01:15,1)" storage="d:\actions-runner\_work\xpco\xpco\addons\plugins\adaptiveview\tst\videoos.plugins.adaptiveview.unittests\bin\x64\debug\net472\videoos.plugins.adaptiveview.unittests.dll" id="b5638c25-0c15-615b-d645-75f576a7f781">
      <Execution id="ef0da561-b6da-41c5-8381-da182c546386" />
      <TestMethod codeBase="D:\actions-runner\_work\XPCO\XPCO\AddOns\Plugins\AdaptiveView\tst\VideoOS.Plugins.AdaptiveView.UnitTests\bin\x64\Debug\net472\VideoOS.Plugins.AdaptiveView.UnitTests.dll" adapterTypeName="executor://mstestadapter/v2" className="VideoOS.Plugins.AdaptiveView.UnitTests.MovingListTests" name="GetMin_ShouldReturn_CorrectValue_WhenTrimmed" />
    </UnitTest>
    <UnitTest name="AddData_ShouldThrowException_WhenCameraCountIsLessThanOne (-3,2022-04-05 12:01:15)" storage="d:\actions-runner\_work\xpco\xpco\addons\plugins\adaptiveview\tst\videoos.plugins.adaptiveview.unittests\bin\x64\debug\net472\videoos.plugins.adaptiveview.unittests.dll" id="912a3433-4258-f6f6-7e49-273fba1db4b5">
      <Execution id="538d57e6-260d-41b2-9f8a-85d970569bc5" />
      <TestMethod codeBase="D:\actions-runner\_work\XPCO\XPCO\AddOns\Plugins\AdaptiveView\tst\VideoOS.Plugins.AdaptiveView.UnitTests\bin\x64\Debug\net472\VideoOS.Plugins.AdaptiveView.UnitTests.dll" adapterTypeName="executor://mstestadapter/v2" className="VideoOS.Plugins.AdaptiveView.UnitTests.MovingListTests" name="AddData_ShouldThrowException_WhenCameraCountIsLessThanOne" />
    </UnitTest>
    <UnitTest name="AddOrUpdateShouldAddViewItem" storage="d:\actions-runner\_work\xpco\xpco\addons\plugins\adaptiveview\tst\videoos.plugins.adaptiveview.unittests\bin\x64\debug\net472\videoos.plugins.adaptiveview.unittests.dll" id="9abb690d-efd9-2ab1-bd30-d00c10bbceb5">
      <Execution id="6e2f1d77-053e-4a9e-b426-e74897ca5925" />
      <TestMethod codeBase="D:\actions-runner\_work\XPCO\XPCO\AddOns\Plugins\AdaptiveView\tst\VideoOS.Plugins.AdaptiveView.UnitTests\bin\x64\Debug\net472\VideoOS.Plugins.AdaptiveView.UnitTests.dll" adapterTypeName="executor://mstestadapter/v2" className="VideoOS.Plugins.AdaptiveView.UnitTests.ConfigurationTests" name="AddOrUpdateShouldAddViewItem" />
    </UnitTest>
    <UnitTest name="GetStrategy_ShouldReturnRight_InstanceTypeOfStrategy (SortCameraBySequenceST)" storage="d:\actions-runner\_work\xpco\xpco\addons\plugins\adaptiveview\tst\videoos.plugins.adaptiveview.unittests\bin\x64\debug\net472\videoos.plugins.adaptiveview.unittests.dll" id="d0d4f99f-01fa-1aaf-52f3-1c03c6dbfb7f">
      <Execution id="ca76e0df-3f2a-4bff-a315-31714a5aaa80" />
      <TestMethod codeBase="D:\actions-runner\_work\XPCO\XPCO\AddOns\Plugins\AdaptiveView\tst\VideoOS.Plugins.AdaptiveView.UnitTests\bin\x64\Debug\net472\VideoOS.Plugins.AdaptiveView.UnitTests.dll" adapterTypeName="executor://mstestadapter/v2" className="VideoOS.Plugins.AdaptiveView.UnitTests.SortStrategyFactoryTests" name="GetStrategy_ShouldReturnRight_InstanceTypeOfStrategy" />
    </UnitTest>
    <UnitTest name="GetMin_ShouldReturn_CorrectValue_WhenTrimmed (2022-01-01 12:01:30,1)" storage="d:\actions-runner\_work\xpco\xpco\addons\plugins\adaptiveview\tst\videoos.plugins.adaptiveview.unittests\bin\x64\debug\net472\videoos.plugins.adaptiveview.unittests.dll" id="7cfae2c1-f636-2e86-5c3d-ec92c00c9aa2">
      <Execution id="5987a94e-d9fc-42b3-8abd-c3e48cde5b50" />
      <TestMethod codeBase="D:\actions-runner\_work\XPCO\XPCO\AddOns\Plugins\AdaptiveView\tst\VideoOS.Plugins.AdaptiveView.UnitTests\bin\x64\Debug\net472\VideoOS.Plugins.AdaptiveView.UnitTests.dll" adapterTypeName="executor://mstestadapter/v2" className="VideoOS.Plugins.AdaptiveView.UnitTests.MovingListTests" name="GetMin_ShouldReturn_CorrectValue_WhenTrimmed" />
    </UnitTest>
    <UnitTest name="GetMax_ShouldReturn_TotalMaxValue_WhenNotTrimmed" storage="d:\actions-runner\_work\xpco\xpco\addons\plugins\adaptiveview\tst\videoos.plugins.adaptiveview.unittests\bin\x64\debug\net472\videoos.plugins.adaptiveview.unittests.dll" id="cc1a83bf-926c-abfb-22bc-c622e98c40d3">
      <Execution id="6dee48e8-456c-406f-ab12-5e8620848558" />
      <TestMethod codeBase="D:\actions-runner\_work\XPCO\XPCO\AddOns\Plugins\AdaptiveView\tst\VideoOS.Plugins.AdaptiveView.UnitTests\bin\x64\Debug\net472\VideoOS.Plugins.AdaptiveView.UnitTests.dll" adapterTypeName="executor://mstestadapter/v2" className="VideoOS.Plugins.AdaptiveView.UnitTests.MovingListTests" name="GetMax_ShouldReturn_TotalMaxValue_WhenNotTrimmed" />
    </UnitTest>
    <UnitTest name="GetSourceSequence_ShouldRaiseArgumentNullException_WhenFqidsIsNull" storage="d:\actions-runner\_work\xpco\xpco\addons\plugins\adaptiveview\tst\videoos.plugins.adaptiveview.unittests\bin\x64\debug\net472\videoos.plugins.adaptiveview.unittests.dll" id="9bf3ca6d-2e3d-3081-b13c-ecaf4f099478">
      <Execution id="799e2036-3534-40c2-b19e-9f088c84174c" />
      <TestMethod codeBase="D:\actions-runner\_work\XPCO\XPCO\AddOns\Plugins\AdaptiveView\tst\VideoOS.Plugins.AdaptiveView.UnitTests\bin\x64\Debug\net472\VideoOS.Plugins.AdaptiveView.UnitTests.dll" adapterTypeName="executor://mstestadapter/v2" className="VideoOS.Plugins.AdaptiveView.UnitTests.SequenceManagerTest" name="GetSourceSequence_ShouldRaiseArgumentNullException_WhenFqidsIsNull" />
    </UnitTest>
    <UnitTest name="DirtyShouldBeClear" storage="d:\actions-runner\_work\xpco\xpco\addons\plugins\adaptiveview\tst\videoos.plugins.adaptiveview.unittests\bin\x64\debug\net472\videoos.plugins.adaptiveview.unittests.dll" id="2c809abb-5010-c010-2acf-12757c770791">
      <Execution id="7c47e845-fd87-4d7b-b6a6-c53feef55811" />
      <TestMethod codeBase="D:\actions-runner\_work\XPCO\XPCO\AddOns\Plugins\AdaptiveView\tst\VideoOS.Plugins.AdaptiveView.UnitTests\bin\x64\Debug\net472\VideoOS.Plugins.AdaptiveView.UnitTests.dll" adapterTypeName="executor://mstestadapter/v2" className="VideoOS.Plugins.AdaptiveView.UnitTests.ConfigurationTests" name="DirtyShouldBeClear" />
    </UnitTest>
    <UnitTest name="CreateViewLayout_ReturnsListOfRectangles_GivenPositiveInt (2,2)" storage="d:\actions-runner\_work\xpco\xpco\addons\plugins\adaptiveview\tst\videoos.plugins.adaptiveview.unittests\bin\x64\debug\net472\videoos.plugins.adaptiveview.unittests.dll" id="6e9b59a6-1085-67fa-d76c-6f102e20280f">
      <Execution id="d0b74af4-9cc0-48ab-b0f0-a9c3d5e6cfab" />
      <TestMethod codeBase="D:\actions-runner\_work\XPCO\XPCO\AddOns\Plugins\AdaptiveView\tst\VideoOS.Plugins.AdaptiveView.UnitTests\bin\x64\Debug\net472\VideoOS.Plugins.AdaptiveView.UnitTests.dll" adapterTypeName="executor://mstestadapter/v2" className="VideoOS.Plugins.AdaptiveView.UnitTests.ViewLayoutManagerTests" name="CreateViewLayout_ReturnsListOfRectangles_GivenPositiveInt" />
    </UnitTest>
  </TestDefinitions>
  <TestEntries>
    <TestEntry testId="4387b96d-ea9e-692b-fb83-b956985ca425" executionId="0c505de7-8e40-489a-8a31-651a6839a9b3" testListId="8c84fa94-04c1-424b-9868-57a2d4851a1d" />
    <TestEntry testId="9abb690d-efd9-2ab1-bd30-d00c10bbceb5" executionId="6e2f1d77-053e-4a9e-b426-e74897ca5925" testListId="8c84fa94-04c1-424b-9868-57a2d4851a1d" />
    <TestEntry testId="ef9bc85d-c944-309f-8edb-dd51f47e587c" executionId="ebf36300-0928-4f25-8947-24d952ad282d" testListId="8c84fa94-04c1-424b-9868-57a2d4851a1d" />
    <TestEntry testId="0c0d18b3-65bc-0f1f-f0da-6108c3b14f23" executionId="1d416402-fcc5-4d07-9569-1b95d23181e9" testListId="8c84fa94-04c1-424b-9868-57a2d4851a1d" />
    <TestEntry testId="cc1a83bf-926c-abfb-22bc-c622e98c40d3" executionId="6dee48e8-456c-406f-ab12-5e8620848558" testListId="8c84fa94-04c1-424b-9868-57a2d4851a1d" />
    <TestEntry testId="1bad9bf7-04d7-43e5-1d64-c3a99ad87fff" executionId="555295c9-e408-4c25-beae-c1cc310b2127" testListId="8c84fa94-04c1-424b-9868-57a2d4851a1d" />
    <TestEntry testId="877d9302-865b-465b-23da-c5dd958109fc" executionId="5867f5b7-c127-459f-900c-a1cb40cf09fc" testListId="8c84fa94-04c1-424b-9868-57a2d4851a1d" />
    <TestEntry testId="9bf3ca6d-2e3d-3081-b13c-ecaf4f099478" executionId="799e2036-3534-40c2-b19e-9f088c84174c" testListId="8c84fa94-04c1-424b-9868-57a2d4851a1d" />
    <TestEntry testId="cd0e257d-65b8-fafa-c5f1-7eb632863781" executionId="b25a6f6d-ae31-4f83-b79c-2ef24172380a" testListId="8c84fa94-04c1-424b-9868-57a2d4851a1d" />
    <TestEntry testId="b4447489-4033-ed72-273a-6a301e8a2b1f" executionId="c7268fe2-3476-4e13-9b50-01b869bc3e20" testListId="8c84fa94-04c1-424b-9868-57a2d4851a1d" />
    <TestEntry testId="98ff20c2-1892-3246-e4e0-7d96459ce805" executionId="5891cd26-fe11-4707-a8d1-80fd8c99b565" testListId="8c84fa94-04c1-424b-9868-57a2d4851a1d" />
    <TestEntry testId="912a3433-4258-f6f6-7e49-273fba1db4b5" executionId="538d57e6-260d-41b2-9f8a-85d970569bc5" testListId="8c84fa94-04c1-424b-9868-57a2d4851a1d" />
    <TestEntry testId="12c5d778-8e41-03c9-1474-653a9908f043" executionId="dbc58aa0-20f8-4447-9646-ca63cfd1bf09" testListId="8c84fa94-04c1-424b-9868-57a2d4851a1d" />
    <TestEntry testId="b6ba445c-5c38-9dd2-c786-4b75e019aee0" executionId="f4339112-20e0-4d12-9d4f-540d0ce305f6" testListId="8c84fa94-04c1-424b-9868-57a2d4851a1d" />
    <TestEntry testId="116d5e26-4fa1-57c0-c6e6-33eee24f217c" executionId="74d5c941-b9e3-4d94-ba82-ceccf09dbc56" testListId="8c84fa94-04c1-424b-9868-57a2d4851a1d" />
    <TestEntry testId="25360200-2e38-4d3a-d4c3-0dcde55dfd8a" executionId="5e440561-6fbe-485c-8f9e-e0835c2dc033" testListId="8c84fa94-04c1-424b-9868-57a2d4851a1d" />
    <TestEntry testId="cd351acc-6892-c56a-f75f-6a6bd7c15004" executionId="b3986231-c951-41ad-9a13-930044bf85cf" testListId="8c84fa94-04c1-424b-9868-57a2d4851a1d" />
    <TestEntry testId="26808a94-79f4-f751-cff3-f8e3c9da9ae4" executionId="82c63807-872f-4c3d-b38d-8dcf0104dab3" testListId="8c84fa94-04c1-424b-9868-57a2d4851a1d" />
    <TestEntry testId="e6789261-6a3f-fdbd-6a8e-0357354a3c22" executionId="b2a1a5a8-9946-4a3d-828f-f63d34a3727a" testListId="8c84fa94-04c1-424b-9868-57a2d4851a1d" />
    <TestEntry testId="9ab86a05-0e21-ab5e-821a-36e7a5ae5353" executionId="1c46fa26-aafa-4559-9d01-357f9d6454bc" testListId="8c84fa94-04c1-424b-9868-57a2d4851a1d" />
    <TestEntry testId="325fb1b9-ebd2-6cf3-27e0-afa45663166a" executionId="6d306a55-a77c-44c6-b068-ff62eb2a7b57" testListId="8c84fa94-04c1-424b-9868-57a2d4851a1d" />
    <TestEntry testId="8a1a18b6-e6ad-8a27-2c7a-cbc90a37566a" executionId="e7bde040-5575-42da-b631-0ed630aa66bd" testListId="8c84fa94-04c1-424b-9868-57a2d4851a1d" />
    <TestEntry testId="08e0df7e-29cb-ea7e-ad57-9cf8ed9a7632" executionId="37070602-04ee-489e-9661-8d0deff4e081" testListId="8c84fa94-04c1-424b-9868-57a2d4851a1d" />
    <TestEntry testId="04bfb37f-823d-4d5a-5a03-cfe810d69120" executionId="4c1b076f-c907-4732-9bf6-7d2c985dc8c5" testListId="8c84fa94-04c1-424b-9868-57a2d4851a1d" />
    <TestEntry testId="e7fa4831-18db-0884-f66c-b54d15f30e65" executionId="c86af00f-7275-4e91-9bdf-36c68981ff06" testListId="8c84fa94-04c1-424b-9868-57a2d4851a1d" />
    <TestEntry testId="f427b01c-279d-013e-3b4b-a184e52ad819" executionId="b9c84be0-b3fe-4756-9dd4-860688c9b834" testListId="8c84fa94-04c1-424b-9868-57a2d4851a1d" />
    <TestEntry testId="ef75f59a-e172-4c27-83b8-f7dbabb59ac8" executionId="f468fc3a-1e6a-467a-9ea3-b770596a4ee2" testListId="8c84fa94-04c1-424b-9868-57a2d4851a1d" />
    <TestEntry testId="67694703-1103-eb0a-dff0-c88bdc6fd9ef" executionId="ae75c970-fcbe-4892-bd7c-927dbf7f6021" testListId="8c84fa94-04c1-424b-9868-57a2d4851a1d" />
    <TestEntry testId="e33d60e5-ab2c-c525-731f-cb74480219a0" executionId="8be905dd-5a46-4b83-9bc5-01793cb51d3a" testListId="8c84fa94-04c1-424b-9868-57a2d4851a1d" />
    <TestEntry testId="d35e3f47-025c-78c2-7b06-5a1a99c84aaf" executionId="623d5e0c-7a7e-4d3d-8b2f-771b431f377b" testListId="8c84fa94-04c1-424b-9868-57a2d4851a1d" />
    <TestEntry testId="6e9b59a6-1085-67fa-d76c-6f102e20280f" executionId="d0b74af4-9cc0-48ab-b0f0-a9c3d5e6cfab" testListId="8c84fa94-04c1-424b-9868-57a2d4851a1d" />
    <TestEntry testId="d29a0a39-f477-8afc-4177-7faca23d2ce1" executionId="26c50456-a315-47a3-8b61-140759eb3226" testListId="8c84fa94-04c1-424b-9868-57a2d4851a1d" />
    <TestEntry testId="97cfd782-ae7d-a72f-e366-a7ce0920c8d2" executionId="1c687aa1-45c6-4d92-8faf-e031c3fd916f" testListId="8c84fa94-04c1-424b-9868-57a2d4851a1d" />
    <TestEntry testId="d50cf881-5506-d0f2-519b-75e3f9e62ad2" executionId="3e08e3f1-25f6-41ef-a63b-71a8b1973f45" testListId="8c84fa94-04c1-424b-9868-57a2d4851a1d" />
    <TestEntry testId="a2b946e0-5e1a-bff4-453e-fe55b4468abf" executionId="2a7c3852-a436-48c5-880c-3f4eed90dae4" testListId="8c84fa94-04c1-424b-9868-57a2d4851a1d" />
    <TestEntry testId="029ab865-562d-c107-d6e9-71ae5cfc519c" executionId="a7b4a415-279b-4e91-8b4e-17c35210dee9" testListId="8c84fa94-04c1-424b-9868-57a2d4851a1d" />
    <TestEntry testId="27073f68-7561-a8c2-7b70-d2dd0574adbf" executionId="599c4d39-3ab2-4904-b619-8d4af931b477" testListId="8c84fa94-04c1-424b-9868-57a2d4851a1d" />
    <TestEntry testId="c009ca00-3eef-fab0-cd04-c7efd72ca2b0" executionId="b2c3d96e-e8af-40cc-be65-594583f1632e" testListId="8c84fa94-04c1-424b-9868-57a2d4851a1d" />
    <TestEntry testId="65374fe2-6ca3-59e2-d946-9210eeb3ba1d" executionId="3281fddc-efe1-46a3-99e5-56c9b6a679c3" testListId="8c84fa94-04c1-424b-9868-57a2d4851a1d" />
    <TestEntry testId="42d2755b-88e9-e647-4383-01bfbf2afb95" executionId="7f8623af-00e2-49e6-8168-de2415c06380" testListId="8c84fa94-04c1-424b-9868-57a2d4851a1d" />
    <TestEntry testId="7cfae2c1-f636-2e86-5c3d-ec92c00c9aa2" executionId="5987a94e-d9fc-42b3-8abd-c3e48cde5b50" testListId="8c84fa94-04c1-424b-9868-57a2d4851a1d" />
    <TestEntry testId="b0be8439-cc4f-dc57-ae49-2e8174918bcd" executionId="10fbc233-1a30-4f3f-8d9d-c8b91b5fefcf" testListId="8c84fa94-04c1-424b-9868-57a2d4851a1d" />
    <TestEntry testId="d0d4f99f-01fa-1aaf-52f3-1c03c6dbfb7f" executionId="ca76e0df-3f2a-4bff-a315-31714a5aaa80" testListId="8c84fa94-04c1-424b-9868-57a2d4851a1d" />
    <TestEntry testId="4cebdf24-cadf-9a98-47b7-a0127873c70a" executionId="fdc28e6f-5ee5-4704-a165-975c09630c35" testListId="8c84fa94-04c1-424b-9868-57a2d4851a1d" />
    <TestEntry testId="9ace69c5-ad4e-04b8-5e9c-fc2e803c6cdf" executionId="4fa045a8-f778-4723-97ef-3e6b31a66311" testListId="8c84fa94-04c1-424b-9868-57a2d4851a1d" />
    <TestEntry testId="810ad52a-b67a-c112-4129-800865c491c9" executionId="b17fda36-3248-4f53-ace6-dc5d80c434c7" testListId="8c84fa94-04c1-424b-9868-57a2d4851a1d" />
    <TestEntry testId="aa9020a8-9ac6-0aa9-fad3-fe04fd9d5aa3" executionId="327bf309-ee74-41d8-b900-e1e5364bb601" testListId="8c84fa94-04c1-424b-9868-57a2d4851a1d" />
    <TestEntry testId="5b4320fc-0479-1074-b7e0-722881a704d3" executionId="4c50ecf5-d427-48d5-9a97-e544f550e0cc" testListId="8c84fa94-04c1-424b-9868-57a2d4851a1d" />
    <TestEntry testId="97dc2087-1553-b4d7-657e-bcb968abe028" executionId="6f22e26a-c4fe-41d6-8e40-7e6d6cc8880a" testListId="8c84fa94-04c1-424b-9868-57a2d4851a1d" />
    <TestEntry testId="73b6db79-ff71-5e22-d04d-5cdf1cc42a3b" executionId="eca9064e-d4c3-4fab-97ae-3a9c4240788c" testListId="8c84fa94-04c1-424b-9868-57a2d4851a1d" />
    <TestEntry testId="4cd48e6e-a139-5a43-94cb-9929b1190cbe" executionId="772d5562-ac66-4c3c-acb1-103149a9d190" testListId="8c84fa94-04c1-424b-9868-57a2d4851a1d" />
    <TestEntry testId="40c6c62a-062d-3d82-1dd8-ca754f1e694a" executionId="cc8c6912-7c75-4700-a417-121c439cd488" testListId="8c84fa94-04c1-424b-9868-57a2d4851a1d" />
    <TestEntry testId="6e1c362f-6940-f9c0-a2c0-e76006a424a0" executionId="c8eb0cc3-5b54-470e-8729-63b27155a13b" testListId="8c84fa94-04c1-424b-9868-57a2d4851a1d" />
    <TestEntry testId="b5638c25-0c15-615b-d645-75f576a7f781" executionId="ef0da561-b6da-41c5-8381-da182c546386" testListId="8c84fa94-04c1-424b-9868-57a2d4851a1d" />
    <TestEntry testId="bca36705-2f24-4c28-aabc-608cdfa83b49" executionId="efe517a4-9849-4ecc-a2cb-b3aae7daf052" testListId="8c84fa94-04c1-424b-9868-57a2d4851a1d" />
    <TestEntry testId="3816d5ce-4576-8fd9-50bf-5ddc0206a0e4" executionId="02ea234b-9ffa-4dcd-b4f9-d9b588d59cb5" testListId="8c84fa94-04c1-424b-9868-57a2d4851a1d" />
    <TestEntry testId="ea22f909-5a50-3fad-0846-4e248709bb81" executionId="4b9a874e-eadf-4b52-86d1-b36e4a103f53" testListId="8c84fa94-04c1-424b-9868-57a2d4851a1d" />
    <TestEntry testId="895464bc-5bc0-9a0a-aaf3-ce3a224b2fc9" executionId="ba109575-9f09-4739-b974-f3ec523e2e09" testListId="8c84fa94-04c1-424b-9868-57a2d4851a1d" />
    <TestEntry testId="2c809abb-5010-c010-2acf-12757c770791" executionId="7c47e845-fd87-4d7b-b6a6-c53feef55811" testListId="8c84fa94-04c1-424b-9868-57a2d4851a1d" />
    <TestEntry testId="28d8903f-c86f-231a-f81b-17bfe260ae84" executionId="5ec78c46-6299-4469-9f82-f2675f51291d" testListId="8c84fa94-04c1-424b-9868-57a2d4851a1d" />
    <TestEntry testId="b6962cca-4c31-e5aa-89c1-7a61f68642fd" executionId="8af9b9a6-6b5e-472f-a751-db4ce3f112fa" testListId="8c84fa94-04c1-424b-9868-57a2d4851a1d" />
    <TestEntry testId="71eef2f2-e698-668e-349c-c6565428a284" executionId="95f20867-4b73-4dc0-97e1-bfd703b8fb7e" testListId="8c84fa94-04c1-424b-9868-57a2d4851a1d" />
    <TestEntry testId="e7479dac-9715-2aa8-db11-2a8031ec17ba" executionId="b1a004a2-ee97-4f51-8a2b-17e5f54506cc" testListId="8c84fa94-04c1-424b-9868-57a2d4851a1d" />
    <TestEntry testId="6ea5a8cb-8ce9-09b1-a51d-22a5cb6345f6" executionId="6489a600-6886-41ce-aec3-fb3c1779b1ea" testListId="8c84fa94-04c1-424b-9868-57a2d4851a1d" />
    <TestEntry testId="a0c45c15-12a1-3b89-8a29-3b4ce7d72b3f" executionId="20828faa-bf53-4942-a44d-0f300ba982c1" testListId="8c84fa94-04c1-424b-9868-57a2d4851a1d" />
    <TestEntry testId="0bb0650d-1d1e-a1e3-1275-1977a15320d7" executionId="6e98f849-5818-48f6-a3fe-7a50a4d840c7" testListId="8c84fa94-04c1-424b-9868-57a2d4851a1d" />
  </TestEntries>
  <TestLists>
    <TestList name="Results Not in a List" id="8c84fa94-04c1-424b-9868-57a2d4851a1d" />
    <TestList name="All Loaded Results" id="19431567-8539-422a-85d7-44ee4e166bda" />
  </TestLists>
  <ResultSummary outcome="Completed">
    <Counters total="66" executed="66" passed="66" failed="0" error="0" timeout="0" aborted="0" inconclusive="0" passedButRunAborted="0" notRunnable="0" notExecuted="0" disconnected="0" warning="0" completed="0" inProgress="0" pending="0" />
  </ResultSummary>
</TestRun>