<?xml version="1.0" encoding="utf-8"?>
<TestRun id="4656e1ce-337b-4ad4-9021-740a5958bf51" name="DKSR-EFI-06$@DKSR-EFI-06 2024-01-09 15:42:05" runUser="NT AUTHORITY\NETWORK SERVICE" xmlns="http://microsoft.com/schemas/VisualStudio/TeamTest/2010">
  <Times creation="2024-01-09T15:42:05.8414305+01:00" queuing="2024-01-09T15:42:05.8414305+01:00" start="2024-01-09T15:41:56.1852024+01:00" finish="2024-01-09T15:42:09.7945681+01:00" />
  <TestSettings name="default" id="b55c5f87-7343-49b4-9206-fe3fdbd7a9eb">
    <Deployment runDeploymentRoot="DKSR-EFI-06$_DKSR-EFI-06_2024-01-09_15_42_05" />
  </TestSettings>
  <Results>
    <UnitTestResult executionId="cb5d3384-bf57-4809-8120-4b660e27adea" testId="c4541f8b-dde0-be7b-f78b-1360b39572aa" testName="ConnectionInfo_UserDomain_NameBasicUserNoDomain_BasicPrefix" computerName="DKSR-EFI-06" duration="00:00:00.0012194" startTime="2024-01-09T15:42:06.2164323+01:00" endTime="2024-01-09T15:42:06.2164323+01:00" testType="13cdc9d9-ddb5-4fa4-a97d-d965ccfc6d4b" outcome="Passed" testListId="8c84fa94-04c1-424b-9868-57a2d4851a1d" relativeResultsDirectory="cb5d3384-bf57-4809-8120-4b660e27adea" />
    <UnitTestResult executionId="1379f75e-ed37-4d7a-ae9a-ea37abd3e4de" testId="49634520-442e-81d6-01bb-bbb969e8cd8b" testName="IsSiteWorking_InvalidSecureEndpoint_ValidUnsecureEndpoint_ReturnTrue" computerName="DKSR-EFI-06" duration="00:00:00.0003346" startTime="2024-01-09T15:42:06.5601841+01:00" endTime="2024-01-09T15:42:06.5601841+01:00" testType="13cdc9d9-ddb5-4fa4-a97d-d965ccfc6d4b" outcome="Passed" testListId="8c84fa94-04c1-424b-9868-57a2d4851a1d" relativeResultsDirectory="1379f75e-ed37-4d7a-ae9a-ea37abd3e4de" />
    <UnitTestResult executionId="1bf13537-c9dc-425e-80b6-4a1cdde2cda6" testId="b75100ed-445e-c76a-0f91-96408ac0616d" testName="Construct_InvalidAuthenticationType_Throws_ArgumentException" computerName="DKSR-EFI-06" duration="00:00:00.0014790" startTime="2024-01-09T15:42:05.8414305+01:00" endTime="2024-01-09T15:42:05.8414305+01:00" testType="13cdc9d9-ddb5-4fa4-a97d-d965ccfc6d4b" outcome="Passed" testListId="8c84fa94-04c1-424b-9868-57a2d4851a1d" relativeResultsDirectory="1bf13537-c9dc-425e-80b6-4a1cdde2cda6" />
    <UnitTestResult executionId="8b4e752c-ac06-493a-a249-fc6d7d87f103" testId="27634e61-fac0-1807-efd6-391b8a22f716" testName="ManagementClientVmoClientFactory_CreateServerConnection_NullConnectionInfoWithTokenCache_Throws_ArgumentNullException" computerName="DKSR-EFI-06" duration="00:00:00.0016865" startTime="2024-01-09T15:42:06.6226833+01:00" endTime="2024-01-09T15:42:06.6383094+01:00" testType="13cdc9d9-ddb5-4fa4-a97d-d965ccfc6d4b" outcome="Passed" testListId="8c84fa94-04c1-424b-9868-57a2d4851a1d" relativeResultsDirectory="8b4e752c-ac06-493a-a249-fc6d7d87f103" />
    <UnitTestResult executionId="f0f54c50-a0aa-4ae7-9c2e-ff667d57dcfc" testId="08f803e8-273c-b7bb-534b-02f4c09469cb" testName="ForceModifyUri_HttpPort80_IsSecure_ModifiedToHttpsPort443" computerName="DKSR-EFI-06" duration="00:00:00.0002960" startTime="2024-01-09T15:42:06.5445581+01:00" endTime="2024-01-09T15:42:06.5445581+01:00" testType="13cdc9d9-ddb5-4fa4-a97d-d965ccfc6d4b" outcome="Passed" testListId="8c84fa94-04c1-424b-9868-57a2d4851a1d" relativeResultsDirectory="f0f54c50-a0aa-4ae7-9c2e-ff667d57dcfc" />
    <UnitTestResult executionId="e85d6ff7-4d3f-4c0f-b8c3-50925e8c0c31" testId="eea90ef0-a3fc-7bb6-cee2-31b8be7f9bb9" testName="CheckAndModifyUri_NonStandardUri_UnsecureAllowedUnknown_SecureAvailable_ModifiedToHttps_PortUnchanged" computerName="DKSR-EFI-06" duration="00:00:00.0002787" startTime="2024-01-09T15:42:06.4508078+01:00" endTime="2024-01-09T15:42:06.4508078+01:00" testType="13cdc9d9-ddb5-4fa4-a97d-d965ccfc6d4b" outcome="Passed" testListId="8c84fa94-04c1-424b-9868-57a2d4851a1d" relativeResultsDirectory="e85d6ff7-4d3f-4c0f-b8c3-50925e8c0c31" />
    <UnitTestResult executionId="a0206b16-9c8a-4238-b8dd-1530f54d9531" testId="84afa4cb-76a7-e223-2ddd-251750d55d5a" testName="ForceModifyUri_HttpsPort80_IsNotSecure_ModifiedToHttpPort80" computerName="DKSR-EFI-06" duration="00:00:00.0002977" startTime="2024-01-09T15:42:06.5445581+01:00" endTime="2024-01-09T15:42:06.5445581+01:00" testType="13cdc9d9-ddb5-4fa4-a97d-d965ccfc6d4b" outcome="Passed" testListId="8c84fa94-04c1-424b-9868-57a2d4851a1d" relativeResultsDirectory="a0206b16-9c8a-4238-b8dd-1530f54d9531" />
    <UnitTestResult executionId="88f2a2df-c1a1-4359-b884-4a3c06d7d6bb" testId="16eacdb0-eb71-ae97-4a3c-e46c0504dfdb" testName="ManagementClientVmoClientFactory_CreateServerConnection_OAuth_DefaultWindowsUser_Success" computerName="DKSR-EFI-06" duration="00:00:00.0012849" startTime="2024-01-09T15:42:06.7633096+01:00" endTime="2024-01-09T15:42:06.7633096+01:00" testType="13cdc9d9-ddb5-4fa4-a97d-d965ccfc6d4b" outcome="Passed" testListId="8c84fa94-04c1-424b-9868-57a2d4851a1d" relativeResultsDirectory="88f2a2df-c1a1-4359-b884-4a3c06d7d6bb" />
    <UnitTestResult executionId="c195fded-f7be-44ea-8826-cf69f229b2c8" testId="2b5e0382-2c87-d8f8-e053-15db290cc55a" testName="CheckAndModifyUri_StandardUri_UnsecureAllowedUnknown_SecureAvailable_ModifiedToHttpsPort443" computerName="DKSR-EFI-06" duration="00:00:00.0003252" startTime="2024-01-09T15:42:06.4195570+01:00" endTime="2024-01-09T15:42:06.4195570+01:00" testType="13cdc9d9-ddb5-4fa4-a97d-d965ccfc6d4b" outcome="Passed" testListId="8c84fa94-04c1-424b-9868-57a2d4851a1d" relativeResultsDirectory="c195fded-f7be-44ea-8826-cf69f229b2c8" />
    <UnitTestResult executionId="faf47bfe-06a1-4c99-9b43-6c20c930ede9" testId="9b4571d3-94be-8396-3f3a-dc81da7fcb17" testName="ManagementClientVmoClientFactory_CreateClient_Legacy_Matches_CreateServerConnection" computerName="DKSR-EFI-06" duration="00:00:00.0017966" startTime="2024-01-09T15:42:06.7633096+01:00" endTime="2024-01-09T15:42:06.7633096+01:00" testType="13cdc9d9-ddb5-4fa4-a97d-d965ccfc6d4b" outcome="Passed" testListId="8c84fa94-04c1-424b-9868-57a2d4851a1d" relativeResultsDirectory="faf47bfe-06a1-4c99-9b43-6c20c930ede9" />
    <UnitTestResult executionId="4fd9e3cf-0078-4e7c-9a40-d5ada8731f08" testId="32d28584-0537-c70d-e8aa-25733a860578" testName="Launch_InvalidSecureEndpoint_InvalidUnsecureEndpoint_ThrowsInvalidOperationException" computerName="DKSR-EFI-06" duration="00:00:00.0007191" startTime="2024-01-09T15:42:06.5758082+01:00" endTime="2024-01-09T15:42:06.5758082+01:00" testType="13cdc9d9-ddb5-4fa4-a97d-d965ccfc6d4b" outcome="Passed" testListId="8c84fa94-04c1-424b-9868-57a2d4851a1d" relativeResultsDirectory="4fd9e3cf-0078-4e7c-9a40-d5ada8731f08" />
    <UnitTestResult executionId="580ef805-eb7b-435d-af72-9bafb899cb67" testId="e172b8ff-96d8-30bc-4d63-70af1eaaf6b1" testName="ModifyUri_NonStandardUri_UnsecureAllowedUnknown_SecureNotAvailable_ThrowsInvalidOperationException" computerName="DKSR-EFI-06" duration="00:00:00.0005652" startTime="2024-01-09T15:42:06.4976837+01:00" endTime="2024-01-09T15:42:06.4976837+01:00" testType="13cdc9d9-ddb5-4fa4-a97d-d965ccfc6d4b" outcome="Passed" testListId="8c84fa94-04c1-424b-9868-57a2d4851a1d" relativeResultsDirectory="580ef805-eb7b-435d-af72-9bafb899cb67" />
    <UnitTestResult executionId="869fb4d0-586a-45d0-9f09-3c8f886b28c8" testId="9846bc81-bfb1-305c-3e48-2f2dff2b66a8" testName="IsSiteWorking_ValidSecureEndpoint_InvalidCertificateNotAllowed_InvalidUnsecureEndpoint_ReturnsFalse" computerName="DKSR-EFI-06" duration="00:00:00.0003284" startTime="2024-01-09T15:42:06.5601841+01:00" endTime="2024-01-09T15:42:06.5601841+01:00" testType="13cdc9d9-ddb5-4fa4-a97d-d965ccfc6d4b" outcome="Passed" testListId="8c84fa94-04c1-424b-9868-57a2d4851a1d" relativeResultsDirectory="869fb4d0-586a-45d0-9f09-3c8f886b28c8" />
    <UnitTestResult executionId="cb51cef0-e39b-46df-b120-39b8198d92a3" testId="a8e9316d-6671-6e15-640c-59c7a10f97bf" testName="ConnectionInfo_NullProviderId_Success" computerName="DKSR-EFI-06" duration="00:00:00.0004474" startTime="2024-01-09T15:42:06.2476811+01:00" endTime="2024-01-09T15:42:06.2476811+01:00" testType="13cdc9d9-ddb5-4fa4-a97d-d965ccfc6d4b" outcome="Passed" testListId="8c84fa94-04c1-424b-9868-57a2d4851a1d" relativeResultsDirectory="cb51cef0-e39b-46df-b120-39b8198d92a3" />
    <UnitTestResult executionId="297abf6b-ccbc-4043-a93d-d7a6dde109d8" testId="8ef983da-a7ca-d365-4fe5-63d03285d220" testName="IsSecureConnection_WindowsDefaultAuthenticationType_Returns_False" computerName="DKSR-EFI-06" duration="00:00:00.0001569" startTime="2024-01-09T15:42:05.8726796+01:00" endTime="2024-01-09T15:42:05.8726796+01:00" testType="13cdc9d9-ddb5-4fa4-a97d-d965ccfc6d4b" outcome="Passed" testListId="8c84fa94-04c1-424b-9868-57a2d4851a1d" relativeResultsDirectory="297abf6b-ccbc-4043-a93d-d7a6dde109d8" />
    <UnitTestResult executionId="49d9551a-5344-4728-b381-d47eca485df0" testId="3cb603d9-f76d-e264-f98b-b33e5519a664" testName="Constructor_NullILog_ThrowsArgumentNullException" computerName="DKSR-EFI-06" duration="00:00:00.0010265" startTime="2024-01-09T15:42:06.3258065+01:00" endTime="2024-01-09T15:42:06.3258065+01:00" testType="13cdc9d9-ddb5-4fa4-a97d-d965ccfc6d4b" outcome="Passed" testListId="8c84fa94-04c1-424b-9868-57a2d4851a1d" relativeResultsDirectory="49d9551a-5344-4728-b381-d47eca485df0" />
    <UnitTestResult executionId="4aaf4ac7-0622-44ee-94c6-e04072393967" testId="5d474c19-dcd1-d3a6-68bd-70874cb774e8" testName="ForceModifyUri_NullUri_ThrowsArgumentNullException" computerName="DKSR-EFI-06" duration="00:00:00.0008255" startTime="2024-01-09T15:42:06.3570989+01:00" endTime="2024-01-09T15:42:06.3726828+01:00" testType="13cdc9d9-ddb5-4fa4-a97d-d965ccfc6d4b" outcome="Passed" testListId="8c84fa94-04c1-424b-9868-57a2d4851a1d" relativeResultsDirectory="4aaf4ac7-0622-44ee-94c6-e04072393967" />
    <UnitTestResult executionId="4a684db8-8713-44e2-b2e1-242d64175d09" testId="e16c14b3-135b-767c-45b8-c930afb7ff57" testName="IsSecureConnection_ReturnsInvalidIdpServer_Throws_InvalidOperationException" computerName="DKSR-EFI-06" startTime="2024-01-09T15:42:05.8883058+01:00" endTime="2024-01-09T15:42:05.8883058+01:00" testType="13cdc9d9-ddb5-4fa4-a97d-d965ccfc6d4b" outcome="NotExecuted" testListId="8c84fa94-04c1-424b-9868-57a2d4851a1d" relativeResultsDirectory="4a684db8-8713-44e2-b2e1-242d64175d09">
      <Output></Output>
    </UnitTestResult>
    <UnitTestResult executionId="01c891ea-0f24-4b65-9493-fff1cbaae052" testId="fa7fde75-cd83-4464-0874-b48accbf7fec" testName="AuthenticationBasic_SetName_Throws_InvalidOperationException" computerName="DKSR-EFI-06" duration="00:00:00.0449902" startTime="2024-01-09T15:42:05.2945537+01:00" endTime="2024-01-09T15:42:05.7008053+01:00" testType="13cdc9d9-ddb5-4fa4-a97d-d965ccfc6d4b" outcome="Passed" testListId="8c84fa94-04c1-424b-9868-57a2d4851a1d" relativeResultsDirectory="01c891ea-0f24-4b65-9493-fff1cbaae052" />
    <UnitTestResult executionId="b27af521-50b5-4e02-8122-b8c46dbcb6da" testId="a523c830-0702-34eb-830f-dfa41cad7af7" testName="AuthenticationWindows_SetEnabled_Throws_InvalidOperationException" computerName="DKSR-EFI-06" duration="00:00:00.0006024" startTime="2024-01-09T15:42:05.7789320+01:00" endTime="2024-01-09T15:42:05.7789320+01:00" testType="13cdc9d9-ddb5-4fa4-a97d-d965ccfc6d4b" outcome="Passed" testListId="8c84fa94-04c1-424b-9868-57a2d4851a1d" relativeResultsDirectory="b27af521-50b5-4e02-8122-b8c46dbcb6da" />
    <UnitTestResult executionId="0a693676-0f2f-4091-9eab-e9cf95ac7ec7" testId="690ff4ae-2361-e0f9-b41e-ccd40b9404f5" testName="CreateProxyUsingLocalTokenCache_ConnectionInfoParamNull_Throws_ArgumentNullException" computerName="DKSR-EFI-06" duration="00:00:00.0423175" startTime="2024-01-09T15:42:07.5914372+01:00" endTime="2024-01-09T15:42:07.6226858+01:00" testType="13cdc9d9-ddb5-4fa4-a97d-d965ccfc6d4b" outcome="Passed" testListId="8c84fa94-04c1-424b-9868-57a2d4851a1d" relativeResultsDirectory="0a693676-0f2f-4091-9eab-e9cf95ac7ec7" />
    <UnitTestResult executionId="24ab8111-8d80-48d1-a58c-1f72f837075e" testId="02d9d575-32ef-a54b-0fea-5b4261a7323a" testName="ModifyUri_NonStandardUri_UnsecureAllowed_SecureNotAvailable_ModifiedToHttp_PortUnchanged" computerName="DKSR-EFI-06" duration="00:00:00.0002848" startTime="2024-01-09T15:42:06.4976837+01:00" endTime="2024-01-09T15:42:06.4976837+01:00" testType="13cdc9d9-ddb5-4fa4-a97d-d965ccfc6d4b" outcome="Passed" testListId="8c84fa94-04c1-424b-9868-57a2d4851a1d" relativeResultsDirectory="24ab8111-8d80-48d1-a58c-1f72f837075e" />
    <UnitTestResult executionId="e52c3197-9037-4ffa-ac84-4a415f9e5e34" testId="ec31e27f-e823-a010-9420-6ae794d97d67" testName="AuthenticationWindowsDefault_SetProperties_Success" computerName="DKSR-EFI-06" duration="00:00:00.0007108" startTime="2024-01-09T15:42:05.7945571+01:00" endTime="2024-01-09T15:42:05.7945571+01:00" testType="13cdc9d9-ddb5-4fa4-a97d-d965ccfc6d4b" outcome="Passed" testListId="8c84fa94-04c1-424b-9868-57a2d4851a1d" relativeResultsDirectory="e52c3197-9037-4ffa-ac84-4a415f9e5e34" />
    <UnitTestResult executionId="ecb772ec-4816-4210-92f2-b8e352e58485" testId="46a1fce3-bae2-7a9d-e315-d7bd027ab104" testName="ForceModifyUri_HttpsPort80_IsSecure_ModifiedToHttpsPort443" computerName="DKSR-EFI-06" duration="00:00:00.0003108" startTime="2024-01-09T15:42:06.5445581+01:00" endTime="2024-01-09T15:42:06.5445581+01:00" testType="13cdc9d9-ddb5-4fa4-a97d-d965ccfc6d4b" outcome="Passed" testListId="8c84fa94-04c1-424b-9868-57a2d4851a1d" relativeResultsDirectory="ecb772ec-4816-4210-92f2-b8e352e58485" />
    <UnitTestResult executionId="2dd8e7b4-3278-4341-930a-8417ea3f7895" testId="0d17b475-7ade-bcf0-6893-8f4578eb23fa" testName="ManagementClientVmoClientFactory_CreateServerConnection_Legacy_BasicUser_Success" computerName="DKSR-EFI-06" duration="00:00:00.0017294" startTime="2024-01-09T15:42:06.7945596+01:00" endTime="2024-01-09T15:42:06.7945596+01:00" testType="13cdc9d9-ddb5-4fa4-a97d-d965ccfc6d4b" outcome="Passed" testListId="8c84fa94-04c1-424b-9868-57a2d4851a1d" relativeResultsDirectory="2dd8e7b4-3278-4341-930a-8417ea3f7895" />
    <UnitTestResult executionId="e81709c6-68f3-4888-9542-9274d84e06da" testId="1102ab3c-96f9-0a2e-47c1-9d16015364b3" testName="NavigationUIItemCollection_GetUIElementsXml" computerName="DKSR-EFI-06" duration="00:00:00.0227090" startTime="2024-01-09T15:42:06.8258092+01:00" endTime="2024-01-09T15:42:06.8570601+01:00" testType="13cdc9d9-ddb5-4fa4-a97d-d965ccfc6d4b" outcome="Passed" testListId="8c84fa94-04c1-424b-9868-57a2d4851a1d" relativeResultsDirectory="e81709c6-68f3-4888-9542-9274d84e06da" />
    <UnitTestResult executionId="295ff0a6-2fda-4fbc-9a14-a3ef3472b0b7" testId="101b843b-9236-09c6-4c42-d92338a86350" testName="CheckAndModifyUri_NonStandardUri_UnsecureNotAllowed_NoEndpointsAvailable_ThrowsInvalidOperationException" computerName="DKSR-EFI-06" duration="00:00:00.0007043" startTime="2024-01-09T15:42:06.3883073+01:00" endTime="2024-01-09T15:42:06.3883073+01:00" testType="13cdc9d9-ddb5-4fa4-a97d-d965ccfc6d4b" outcome="Passed" testListId="8c84fa94-04c1-424b-9868-57a2d4851a1d" relativeResultsDirectory="295ff0a6-2fda-4fbc-9a14-a3ef3472b0b7" />
    <UnitTestResult executionId="d26a6d31-8850-4f38-8d74-dc19c80e484c" testId="f7e9f355-4287-ab9b-d142-21f9e7aa869a" testName="ConnectionInfo_ProviderId_Success" computerName="DKSR-EFI-06" duration="00:00:00.0009798" startTime="2024-01-09T15:42:06.2476811+01:00" endTime="2024-01-09T15:42:06.2476811+01:00" testType="13cdc9d9-ddb5-4fa4-a97d-d965ccfc6d4b" outcome="Passed" testListId="8c84fa94-04c1-424b-9868-57a2d4851a1d" relativeResultsDirectory="d26a6d31-8850-4f38-8d74-dc19c80e484c" />
    <UnitTestResult executionId="651a29ed-2122-4b89-beff-15f16bdcc305" testId="5e4e1f01-c541-2c46-a0e5-cc0c027ac125" testName="Construct_InvalidILog_Throws_ArgumentNullException" computerName="DKSR-EFI-06" startTime="2024-01-09T15:42:05.8883058+01:00" endTime="2024-01-09T15:42:05.8883058+01:00" testType="13cdc9d9-ddb5-4fa4-a97d-d965ccfc6d4b" outcome="NotExecuted" testListId="8c84fa94-04c1-424b-9868-57a2d4851a1d" relativeResultsDirectory="651a29ed-2122-4b89-beff-15f16bdcc305">
      <Output></Output>
    </UnitTestResult>
    <UnitTestResult executionId="c1317312-edec-4b74-8d3f-c27ade5ca6cd" testId="7104a889-b79a-d893-298b-896452e9bda9" testName="Launch_ValidSecureEndpoint_InvalidUnsecureEndpoint_InvalidCertificate_ThrowsInvalidOperationException" computerName="DKSR-EFI-06" duration="00:00:00.0006928" startTime="2024-01-09T15:42:06.5758082+01:00" endTime="2024-01-09T15:42:06.5758082+01:00" testType="13cdc9d9-ddb5-4fa4-a97d-d965ccfc6d4b" outcome="Passed" testListId="8c84fa94-04c1-424b-9868-57a2d4851a1d" relativeResultsDirectory="c1317312-edec-4b74-8d3f-c27ade5ca6cd" />
    <UnitTestResult executionId="09e6d34f-4b90-4d94-b042-b2d87c8e656d" testId="fc8629c6-1944-c18c-339a-2f2afb74520f" testName="CreateUri_HttpsUrlPort80_SchemeRemainsHttps_PortRemains80" computerName="DKSR-EFI-06" duration="00:00:00.0003026" startTime="2024-01-09T15:42:06.4039318+01:00" endTime="2024-01-09T15:42:06.4039318+01:00" testType="13cdc9d9-ddb5-4fa4-a97d-d965ccfc6d4b" outcome="Passed" testListId="8c84fa94-04c1-424b-9868-57a2d4851a1d" relativeResultsDirectory="09e6d34f-4b90-4d94-b042-b2d87c8e656d" />
    <UnitTestResult executionId="1995c3a4-9474-41db-a0ce-fe4ad2342130" testId="83171bb5-cfa8-7135-d67e-62149eec0cce" testName="CreateUri_UrlNoSchemeAndNoPort_SchemeBecomesHttp" computerName="DKSR-EFI-06" duration="00:00:00.0003394" startTime="2024-01-09T15:42:06.4195570+01:00" endTime="2024-01-09T15:42:06.4195570+01:00" testType="13cdc9d9-ddb5-4fa4-a97d-d965ccfc6d4b" outcome="Passed" testListId="8c84fa94-04c1-424b-9868-57a2d4851a1d" relativeResultsDirectory="1995c3a4-9474-41db-a0ce-fe4ad2342130" />
    <UnitTestResult executionId="5b567d80-cc44-4c15-89d3-ca7314423d59" testId="c308abad-42f1-9653-b3ae-91990189ecc2" testName="ManagementClientVmoClientFactory_CreateServerConnection_NullConnectionInfo_Throws_ArgumentNullException" computerName="DKSR-EFI-06" duration="00:00:00.0464632" startTime="2024-01-09T15:42:06.5758082+01:00" endTime="2024-01-09T15:42:06.6226833+01:00" testType="13cdc9d9-ddb5-4fa4-a97d-d965ccfc6d4b" outcome="Passed" testListId="8c84fa94-04c1-424b-9868-57a2d4851a1d" relativeResultsDirectory="5b567d80-cc44-4c15-89d3-ca7314423d59" />
    <UnitTestResult executionId="d0fae4d0-5365-44dc-a905-8ef8cdf83cd6" testId="607e264c-58f4-3824-0df8-ab35da7f0f85" testName="SplitDomainAndUserName_ReturnsUserName_OnOriginaluserNameContainingDomainName" computerName="DKSR-EFI-06" duration="00:00:00.0001785" startTime="2024-01-09T15:42:05.9195566+01:00" endTime="2024-01-09T15:42:05.9195566+01:00" testType="13cdc9d9-ddb5-4fa4-a97d-d965ccfc6d4b" outcome="Passed" testListId="8c84fa94-04c1-424b-9868-57a2d4851a1d" relativeResultsDirectory="d0fae4d0-5365-44dc-a905-8ef8cdf83cd6" />
    <UnitTestResult executionId="91c577c5-484a-4ecd-9aba-d8df4afab1f8" testId="621bc5ee-dd49-4881-7b2f-3fe06f5fb404" testName="ManagementClientVmoClientFactory_CreateClient_OAuth_Matches_CreateServerConnection" computerName="DKSR-EFI-06" duration="00:00:00.1132422" startTime="2024-01-09T15:42:06.6383094+01:00" endTime="2024-01-09T15:42:06.7476832+01:00" testType="13cdc9d9-ddb5-4fa4-a97d-d965ccfc6d4b" outcome="Passed" testListId="8c84fa94-04c1-424b-9868-57a2d4851a1d" relativeResultsDirectory="91c577c5-484a-4ecd-9aba-d8df4afab1f8" />
    <UnitTestResult executionId="a7412e4d-7bb6-4548-ae74-e41f5fbd1e2d" testId="9ce72897-6c54-d188-4ee2-e77d77f64518" testName="CreateProxyUsingLocalTokenCache_LegacyWindowsDefaultAuthentication_ReturnsExpected" computerName="DKSR-EFI-06" duration="00:00:00.0021393" startTime="2024-01-09T15:42:07.9976879+01:00" endTime="2024-01-09T15:42:07.9976879+01:00" testType="13cdc9d9-ddb5-4fa4-a97d-d965ccfc6d4b" outcome="Passed" testListId="8c84fa94-04c1-424b-9868-57a2d4851a1d" relativeResultsDirectory="a7412e4d-7bb6-4548-ae74-e41f5fbd1e2d" />
    <UnitTestResult executionId="78d40da4-4af8-4bb7-b8b9-5aeb5701bca3" testId="496db5bc-916c-46f7-18fc-9d9a682f60b4" testName="AuthenticationExternal_SetProperties_Success" computerName="DKSR-EFI-06" duration="00:00:00.0062383" startTime="2024-01-09T15:42:05.7945571+01:00" endTime="2024-01-09T15:42:05.7945571+01:00" testType="13cdc9d9-ddb5-4fa4-a97d-d965ccfc6d4b" outcome="Passed" testListId="8c84fa94-04c1-424b-9868-57a2d4851a1d" relativeResultsDirectory="78d40da4-4af8-4bb7-b8b9-5aeb5701bca3" />
    <UnitTestResult executionId="7d0548c0-4f55-49eb-baab-8767e8a5f581" testId="3e89202e-4b38-26ba-5e26-f9eac87fb8d5" testName="NavigationUIItem_ConstructorTest" computerName="DKSR-EFI-06" duration="00:00:00.0016879" startTime="2024-01-09T15:42:06.7945596+01:00" endTime="2024-01-09T15:42:06.8101834+01:00" testType="13cdc9d9-ddb5-4fa4-a97d-d965ccfc6d4b" outcome="Passed" testListId="8c84fa94-04c1-424b-9868-57a2d4851a1d" relativeResultsDirectory="7d0548c0-4f55-49eb-baab-8767e8a5f581" />
    <UnitTestResult executionId="b4e95d7d-7ff1-4ee7-a41c-7bca104e55cf" testId="36865be7-deea-626d-e523-6d3ff2fdc30e" testName="CreateUri_UrlNoSchemePortNot80_SchemeBecomesHttps" computerName="DKSR-EFI-06" duration="00:00:00.0003087" startTime="2024-01-09T15:42:06.4195570+01:00" endTime="2024-01-09T15:42:06.4195570+01:00" testType="13cdc9d9-ddb5-4fa4-a97d-d965ccfc6d4b" outcome="Passed" testListId="8c84fa94-04c1-424b-9868-57a2d4851a1d" relativeResultsDirectory="b4e95d7d-7ff1-4ee7-a41c-7bca104e55cf" />
    <UnitTestResult executionId="2ef25a3b-94fb-4189-a016-4500aa8dded3" testId="6f6e3771-107c-fb64-0026-d223abe1f17f" testName="IsSecureConnection_HasValidIdpServer_WithInvalidCertificate_EventRaisedUserSaidNo_Throws_InvalidOperationException" computerName="DKSR-EFI-06" startTime="2024-01-09T15:42:05.9039300+01:00" endTime="2024-01-09T15:42:05.9039300+01:00" testType="13cdc9d9-ddb5-4fa4-a97d-d965ccfc6d4b" outcome="NotExecuted" testListId="8c84fa94-04c1-424b-9868-57a2d4851a1d" relativeResultsDirectory="2ef25a3b-94fb-4189-a016-4500aa8dded3">
      <Output></Output>
    </UnitTestResult>
    <UnitTestResult executionId="c589bf2d-e1a9-45b9-8a74-73ff10ef17f8" testId="c57cd4f6-65d6-f6f1-409f-66e2a5261342" testName="CreateProxyUsingLocalTokenCache_LegacyBasicAuthentication_ReturnsExpected" computerName="DKSR-EFI-06" duration="00:00:00.0020275" startTime="2024-01-09T15:42:07.9820643+01:00" endTime="2024-01-09T15:42:07.9820643+01:00" testType="13cdc9d9-ddb5-4fa4-a97d-d965ccfc6d4b" outcome="Passed" testListId="8c84fa94-04c1-424b-9868-57a2d4851a1d" relativeResultsDirectory="c589bf2d-e1a9-45b9-8a74-73ff10ef17f8" />
    <UnitTestResult executionId="381cf793-c38d-4b72-ad77-ff2bd08c7518" testId="4c733873-7574-3cd3-d492-7861e25965da" testName="AuthenticationBasic_SetProperties_Success" computerName="DKSR-EFI-06" duration="00:00:00.0007138" startTime="2024-01-09T15:42:05.8258044+01:00" endTime="2024-01-09T15:42:05.8258044+01:00" testType="13cdc9d9-ddb5-4fa4-a97d-d965ccfc6d4b" outcome="Passed" testListId="8c84fa94-04c1-424b-9868-57a2d4851a1d" relativeResultsDirectory="381cf793-c38d-4b72-ad77-ff2bd08c7518" />
    <UnitTestResult executionId="72931d86-a5a5-41f8-9192-424bcc072285" testId="4d91fb62-e0eb-2465-f21d-a551d08bdd62" testName="SplitDomainAndUserName_ReturnsDomain_OnOriginaluserNameContainingDomainName" computerName="DKSR-EFI-06" duration="00:00:00.0012688" startTime="2024-01-09T15:42:05.9195566+01:00" endTime="2024-01-09T15:42:05.9195566+01:00" testType="13cdc9d9-ddb5-4fa4-a97d-d965ccfc6d4b" outcome="Passed" testListId="8c84fa94-04c1-424b-9868-57a2d4851a1d" relativeResultsDirectory="72931d86-a5a5-41f8-9192-424bcc072285" />
    <UnitTestResult executionId="d94aeb40-60a9-4d7e-87ed-f23d0038114b" testId="26c64eb7-ed3b-dc54-848e-0c4d46207108" testName="CheckAndModifyUri_StandardUri_UnsecureNotAllowed_NoEndpointsAvailable_ThrowsInvalidOperationException" computerName="DKSR-EFI-06" duration="00:00:00.0007529" startTime="2024-01-09T15:42:06.3726828+01:00" endTime="2024-01-09T15:42:06.3726828+01:00" testType="13cdc9d9-ddb5-4fa4-a97d-d965ccfc6d4b" outcome="Passed" testListId="8c84fa94-04c1-424b-9868-57a2d4851a1d" relativeResultsDirectory="d94aeb40-60a9-4d7e-87ed-f23d0038114b" />
    <UnitTestResult executionId="7492b046-3be9-40fa-a7e7-f5cd3e900cd7" testId="bd1667f5-f5f0-e2de-e899-3057e6998622" testName="NavigationUIItem_ConstructorTest_ParentIdNull" computerName="DKSR-EFI-06" duration="00:00:00.0006024" startTime="2024-01-09T15:42:06.8258092+01:00" endTime="2024-01-09T15:42:06.8258092+01:00" testType="13cdc9d9-ddb5-4fa4-a97d-d965ccfc6d4b" outcome="Passed" testListId="8c84fa94-04c1-424b-9868-57a2d4851a1d" relativeResultsDirectory="7492b046-3be9-40fa-a7e7-f5cd3e900cd7" />
    <UnitTestResult executionId="6e2ad3cb-7c93-4008-b9b9-8bf8e2a0dc56" testId="05e7b940-0e72-1d5a-ca2e-bf345481244d" testName="ForceModifyUri_NonStandardPort443_IsNotSecure_ThrowsInvalidOperationException" computerName="DKSR-EFI-06" duration="00:00:00.0007252" startTime="2024-01-09T15:42:06.5289325+01:00" endTime="2024-01-09T15:42:06.5289325+01:00" testType="13cdc9d9-ddb5-4fa4-a97d-d965ccfc6d4b" outcome="Passed" testListId="8c84fa94-04c1-424b-9868-57a2d4851a1d" relativeResultsDirectory="6e2ad3cb-7c93-4008-b9b9-8bf8e2a0dc56" />
    <UnitTestResult executionId="239bd4b6-da3e-4615-a926-1dddc5e15920" testId="f87cc64e-244f-af17-b932-1e37b461c1c6" testName="ConnectionInfo_CredentialsWindowsDefault_NoCredentials" computerName="DKSR-EFI-06" duration="00:00:00.0221476" startTime="2024-01-09T15:42:06.2008073+01:00" endTime="2024-01-09T15:42:06.2164323+01:00" testType="13cdc9d9-ddb5-4fa4-a97d-d965ccfc6d4b" outcome="Passed" testListId="8c84fa94-04c1-424b-9868-57a2d4851a1d" relativeResultsDirectory="239bd4b6-da3e-4615-a926-1dddc5e15920" />
    <UnitTestResult executionId="74e046c1-070a-4b96-8166-5f5781c6ee6b" testId="25c62ab8-bb69-9f5c-5778-177bc92e7dd8" testName="ManagementClientVmoClientFactory_CreateServerConnection_Legacy_WindowsUser_Success" computerName="DKSR-EFI-06" duration="00:00:00.0049257" startTime="2024-01-09T15:42:06.7789351+01:00" endTime="2024-01-09T15:42:06.7789351+01:00" testType="13cdc9d9-ddb5-4fa4-a97d-d965ccfc6d4b" outcome="Passed" testListId="8c84fa94-04c1-424b-9868-57a2d4851a1d" relativeResultsDirectory="74e046c1-070a-4b96-8166-5f5781c6ee6b" />
    <UnitTestResult executionId="a4878d95-3eda-4987-ad23-629731dcb7eb" testId="7f786156-69fc-d1d2-db19-9a0d8f507673" testName="IsSiteWorking_ValidSecureEndpoint_InvalidCertificateNotAllowed_ValidUnsecureEndpoint_ReturnsTrue" computerName="DKSR-EFI-06" duration="00:00:00.0002873" startTime="2024-01-09T15:42:06.5601841+01:00" endTime="2024-01-09T15:42:06.5601841+01:00" testType="13cdc9d9-ddb5-4fa4-a97d-d965ccfc6d4b" outcome="Passed" testListId="8c84fa94-04c1-424b-9868-57a2d4851a1d" relativeResultsDirectory="a4878d95-3eda-4987-ad23-629731dcb7eb" />
    <UnitTestResult executionId="1d0a7a99-6728-4d5b-854f-02fcf915796f" testId="b404b103-5177-62f2-98ae-e7ccf19ad686" testName="ModifyUri_NonStandardUri_UnsecureAllowedUnknown_SecureAvailable_ModifiedToHttps_PortUnchanged" computerName="DKSR-EFI-06" duration="00:00:00.0002989" startTime="2024-01-09T15:42:06.4820575+01:00" endTime="2024-01-09T15:42:06.4820575+01:00" testType="13cdc9d9-ddb5-4fa4-a97d-d965ccfc6d4b" outcome="Passed" testListId="8c84fa94-04c1-424b-9868-57a2d4851a1d" relativeResultsDirectory="1d0a7a99-6728-4d5b-854f-02fcf915796f" />
    <UnitTestResult executionId="1038abc4-4418-4907-aaf2-07733fac9c33" testId="c142b063-e199-7869-01c9-d651472231bc" testName="Construct_InvalidParamTokenSettings_Null_ThrowsArgumentNullException" computerName="DKSR-EFI-06" duration="00:00:00.0446960" startTime="2024-01-09T15:42:06.2633057+01:00" endTime="2024-01-09T15:42:06.3101836+01:00" testType="13cdc9d9-ddb5-4fa4-a97d-d965ccfc6d4b" outcome="Passed" testListId="8c84fa94-04c1-424b-9868-57a2d4851a1d" relativeResultsDirectory="1038abc4-4418-4907-aaf2-07733fac9c33" />
    <UnitTestResult executionId="640c0585-9849-4f05-a76b-44be73d1796e" testId="50f2dfd2-26a2-52d2-d1e0-b3064cc0d92f" testName="NavigationUIItem_ConstructorTest_IdEmpty" computerName="DKSR-EFI-06" duration="00:00:00.0006222" startTime="2024-01-09T15:42:06.8258092+01:00" endTime="2024-01-09T15:42:06.8258092+01:00" testType="13cdc9d9-ddb5-4fa4-a97d-d965ccfc6d4b" outcome="Passed" testListId="8c84fa94-04c1-424b-9868-57a2d4851a1d" relativeResultsDirectory="640c0585-9849-4f05-a76b-44be73d1796e" />
    <UnitTestResult executionId="527b234f-9bdd-4ebd-9369-afc895208b3b" testId="748fee11-580e-a2b6-a72f-ba13ab560355" testName="ForceModifyUri_InvalidScheme_IsSecure_ModifiedToHttpsPort443" computerName="DKSR-EFI-06" duration="00:00:00.0003153" startTime="2024-01-09T15:42:06.4976837+01:00" endTime="2024-01-09T15:42:06.4976837+01:00" testType="13cdc9d9-ddb5-4fa4-a97d-d965ccfc6d4b" outcome="Passed" testListId="8c84fa94-04c1-424b-9868-57a2d4851a1d" relativeResultsDirectory="527b234f-9bdd-4ebd-9369-afc895208b3b" />
    <UnitTestResult executionId="fd7b7868-d094-4838-91d0-a6b4919e8768" testId="6fd84c98-adb6-91d7-3874-3c1c1792d00e" testName="IsSiteWorking_ValidSecureEndpoint_ReturnsTrue" computerName="DKSR-EFI-06" duration="00:00:00.0002725" startTime="2024-01-09T15:42:06.5601841+01:00" endTime="2024-01-09T15:42:06.5601841+01:00" testType="13cdc9d9-ddb5-4fa4-a97d-d965ccfc6d4b" outcome="Passed" testListId="8c84fa94-04c1-424b-9868-57a2d4851a1d" relativeResultsDirectory="fd7b7868-d094-4838-91d0-a6b4919e8768" />
    <UnitTestResult executionId="7fc42edb-89ff-4adf-813b-2b3dc95f466a" testId="13b32a55-5122-74b1-faaa-1fa1f13be9e8" testName="ModifyUri_StandardUri_UnsecureAllowedUnknown_SecureNotAvailable_ThrowsInvalidOperationException" computerName="DKSR-EFI-06" duration="00:00:00.0005968" startTime="2024-01-09T15:42:06.4820575+01:00" endTime="2024-01-09T15:42:06.4820575+01:00" testType="13cdc9d9-ddb5-4fa4-a97d-d965ccfc6d4b" outcome="Passed" testListId="8c84fa94-04c1-424b-9868-57a2d4851a1d" relativeResultsDirectory="7fc42edb-89ff-4adf-813b-2b3dc95f466a" />
    <UnitTestResult executionId="f06cfa88-92b3-4d1e-a7c9-135edaf5e05d" testId="f3758893-da6f-34c9-9d4a-616a192ce427" testName="CheckAndModifyUri_StandardUri_InvalidCertificate_ModifiedToHttpPort80" computerName="DKSR-EFI-06" duration="00:00:00.0003852" startTime="2024-01-09T15:42:06.4508078+01:00" endTime="2024-01-09T15:42:06.4508078+01:00" testType="13cdc9d9-ddb5-4fa4-a97d-d965ccfc6d4b" outcome="Passed" testListId="8c84fa94-04c1-424b-9868-57a2d4851a1d" relativeResultsDirectory="f06cfa88-92b3-4d1e-a7c9-135edaf5e05d" />
    <UnitTestResult executionId="5623b74a-5be0-4f41-9d39-368292d88863" testId="f26f2ee1-c8b2-c1e8-ce20-e3dba3d55d34" testName="IsSecureConnection_BasicAuthenticationType_Returns_True" computerName="DKSR-EFI-06" duration="00:00:00.0001810" startTime="2024-01-09T15:42:05.8726796+01:00" endTime="2024-01-09T15:42:05.8726796+01:00" testType="13cdc9d9-ddb5-4fa4-a97d-d965ccfc6d4b" outcome="Passed" testListId="8c84fa94-04c1-424b-9868-57a2d4851a1d" relativeResultsDirectory="5623b74a-5be0-4f41-9d39-368292d88863" />
    <UnitTestResult executionId="47ae3921-fe00-4cc0-bc88-1e4a02be14e1" testId="31300cfa-948f-6587-4c9f-75a92c14e676" testName="CreateProxyUsingLocalTokenCache_LegacyWindowsAuthentication_ReturnsExpected" computerName="DKSR-EFI-06" duration="00:00:00.3245793" startTime="2024-01-09T15:42:07.6539360+01:00" endTime="2024-01-09T15:42:07.9820643+01:00" testType="13cdc9d9-ddb5-4fa4-a97d-d965ccfc6d4b" outcome="Passed" testListId="8c84fa94-04c1-424b-9868-57a2d4851a1d" relativeResultsDirectory="47ae3921-fe00-4cc0-bc88-1e4a02be14e1" />
    <UnitTestResult executionId="f0644fcc-1ade-4cd5-81b7-85491355b84a" testId="3fbd4032-3d08-3c4f-3516-654c1a3f2001" testName="CreateProxyUsingLocalTokenCache_ConstructUsingExternalProviderConstructor_ReturnsExpected" computerName="DKSR-EFI-06" duration="00:00:00.0006943" startTime="2024-01-09T15:42:08.0133132+01:00" endTime="2024-01-09T15:42:08.0133132+01:00" testType="13cdc9d9-ddb5-4fa4-a97d-d965ccfc6d4b" outcome="Passed" testListId="8c84fa94-04c1-424b-9868-57a2d4851a1d" relativeResultsDirectory="f0644fcc-1ade-4cd5-81b7-85491355b84a" />
    <UnitTestResult executionId="4465139f-7a64-4cc4-a62c-e3374dc168a6" testId="3796ebab-a062-692f-40e4-13fa39c4526e" testName="CheckAndModifyUri_StandardUri_InvalidCertificateAllowed_InvalidCertificate_ModifiedToHttpsPort443" computerName="DKSR-EFI-06" duration="00:00:00.0003110" startTime="2024-01-09T15:42:06.4664326+01:00" endTime="2024-01-09T15:42:06.4664326+01:00" testType="13cdc9d9-ddb5-4fa4-a97d-d965ccfc6d4b" outcome="Passed" testListId="8c84fa94-04c1-424b-9868-57a2d4851a1d" relativeResultsDirectory="4465139f-7a64-4cc4-a62c-e3374dc168a6" />
    <UnitTestResult executionId="bd0f1d03-0b36-4f8c-9855-2653b543eec8" testId="b09b7c2a-e698-3e5c-68cc-3f0adf4b32e6" testName="CreateUri_HttpsUrl_SchemeRemainsHttps" computerName="DKSR-EFI-06" duration="00:00:00.0003211" startTime="2024-01-09T15:42:06.3883073+01:00" endTime="2024-01-09T15:42:06.3883073+01:00" testType="13cdc9d9-ddb5-4fa4-a97d-d965ccfc6d4b" outcome="Passed" testListId="8c84fa94-04c1-424b-9868-57a2d4851a1d" relativeResultsDirectory="bd0f1d03-0b36-4f8c-9855-2653b543eec8" />
    <UnitTestResult executionId="d2279caf-8e6c-439c-9cc9-c2e6a4ff02c7" testId="25cb5479-afc6-8e56-e98b-c3d34bf27d5a" testName="ManagementClientVmoClientFactory_CreateServerConnection_NullTokenCacheArgument_IgnoresServiceContainer" computerName="DKSR-EFI-06" duration="00:00:00.0014109" startTime="2024-01-09T15:42:06.7945596+01:00" endTime="2024-01-09T15:42:06.7945596+01:00" testType="13cdc9d9-ddb5-4fa4-a97d-d965ccfc6d4b" outcome="Passed" testListId="8c84fa94-04c1-424b-9868-57a2d4851a1d" relativeResultsDirectory="d2279caf-8e6c-439c-9cc9-c2e6a4ff02c7" />
    <UnitTestResult executionId="7b932f4a-3be1-4da9-b37e-97876544a7f2" testId="33e82e10-d8f6-f106-56f3-206b1addb9ac" testName="ConnectionInfo_ExternalId_EmptyString_Throws_ArgumentNullException" computerName="DKSR-EFI-06" duration="00:00:00.0005942" startTime="2024-01-09T15:42:06.2633057+01:00" endTime="2024-01-09T15:42:06.2633057+01:00" testType="13cdc9d9-ddb5-4fa4-a97d-d965ccfc6d4b" outcome="Passed" testListId="8c84fa94-04c1-424b-9868-57a2d4851a1d" relativeResultsDirectory="7b932f4a-3be1-4da9-b37e-97876544a7f2" />
    <UnitTestResult executionId="f10a91f5-02e7-48b7-9af6-64af198ffe0c" testId="a7816d57-3ae3-1109-f4bd-8c4b2f740479" testName="AuthenticationExternal_CopyConstructor_NullBaseAuth_Throws_ArgumentNullException" computerName="DKSR-EFI-06" duration="00:00:00.0008842" startTime="2024-01-09T15:42:05.8258044+01:00" endTime="2024-01-09T15:42:05.8414305+01:00" testType="13cdc9d9-ddb5-4fa4-a97d-d965ccfc6d4b" outcome="Passed" testListId="8c84fa94-04c1-424b-9868-57a2d4851a1d" relativeResultsDirectory="f10a91f5-02e7-48b7-9af6-64af198ffe0c" />
    <UnitTestResult executionId="4d0a1df2-0890-4feb-8b29-380ae356de79" testId="d07ebc18-0f13-a5bc-a913-ab59f0ee71a2" testName="TestTabPluginInEventArgs" computerName="DKSR-EFI-06" duration="00:00:00.0021355" startTime="2024-01-09T15:42:06.3101836+01:00" endTime="2024-01-09T15:42:06.3101836+01:00" testType="13cdc9d9-ddb5-4fa4-a97d-d965ccfc6d4b" outcome="Passed" testListId="8c84fa94-04c1-424b-9868-57a2d4851a1d" relativeResultsDirectory="4d0a1df2-0890-4feb-8b29-380ae356de79" />
    <UnitTestResult executionId="c95adedf-9bb6-43f8-bfa3-930c1f441cef" testId="86774911-7405-609c-5e99-f959badd2976" testName="CreateUri_HttpUrlPort443_SchemeRemainsHttp_PortRemains443" computerName="DKSR-EFI-06" duration="00:00:00.0003461" startTime="2024-01-09T15:42:06.4039318+01:00" endTime="2024-01-09T15:42:06.4039318+01:00" testType="13cdc9d9-ddb5-4fa4-a97d-d965ccfc6d4b" outcome="Passed" testListId="8c84fa94-04c1-424b-9868-57a2d4851a1d" relativeResultsDirectory="c95adedf-9bb6-43f8-bfa3-930c1f441cef" />
    <UnitTestResult executionId="538e8a28-9e7c-4af5-89d8-5150ec851bc5" testId="e332c220-ffa2-6618-10ac-5cd2afcfd3f3" testName="ManagementClientVmoClientFactory_CreateServerConnection_Legacy_DefaultWindowsUser_Success" computerName="DKSR-EFI-06" duration="00:00:00.0012452" startTime="2024-01-09T15:42:06.7945596+01:00" endTime="2024-01-09T15:42:06.7945596+01:00" testType="13cdc9d9-ddb5-4fa4-a97d-d965ccfc6d4b" outcome="Passed" testListId="8c84fa94-04c1-424b-9868-57a2d4851a1d" relativeResultsDirectory="538e8a28-9e7c-4af5-89d8-5150ec851bc5" />
    <UnitTestResult executionId="ca06eb58-b81f-472b-abd3-d63e93d6d8a8" testId="d2f0b88b-0018-b250-a84c-47db88e75e25" testName="ForceModifyUri_HttpPort443_IsSecure_ModifiedToHttpsPort443" computerName="DKSR-EFI-06" duration="00:00:00.0003161" startTime="2024-01-09T15:42:06.5445581+01:00" endTime="2024-01-09T15:42:06.5445581+01:00" testType="13cdc9d9-ddb5-4fa4-a97d-d965ccfc6d4b" outcome="Passed" testListId="8c84fa94-04c1-424b-9868-57a2d4851a1d" relativeResultsDirectory="ca06eb58-b81f-472b-abd3-d63e93d6d8a8" />
    <UnitTestResult executionId="607c7efd-e04a-45c7-9629-0d203d99726c" testId="1d7b482c-f724-8982-d63d-0d78e4450acf" testName="ForceModifyUri_NonStandardPort80_IsSecure_ThrowsInvalidOperationException" computerName="DKSR-EFI-06" duration="00:00:00.0014851" startTime="2024-01-09T15:42:06.5133074+01:00" endTime="2024-01-09T15:42:06.5133074+01:00" testType="13cdc9d9-ddb5-4fa4-a97d-d965ccfc6d4b" outcome="Passed" testListId="8c84fa94-04c1-424b-9868-57a2d4851a1d" relativeResultsDirectory="607c7efd-e04a-45c7-9629-0d203d99726c" />
    <UnitTestResult executionId="3b4ac441-65b1-49ac-9108-015391065f73" testId="70ca23f4-0222-9ebc-9174-f3f810b706d1" testName="IsSecureConnection_HasValidIdpServer_WithInvalidCertificate_UserSaidNoToUnsecure_Throws_InvalidOperationException" computerName="DKSR-EFI-06" startTime="2024-01-09T15:42:05.9039300+01:00" endTime="2024-01-09T15:42:05.9039300+01:00" testType="13cdc9d9-ddb5-4fa4-a97d-d965ccfc6d4b" outcome="NotExecuted" testListId="8c84fa94-04c1-424b-9868-57a2d4851a1d" relativeResultsDirectory="3b4ac441-65b1-49ac-9108-015391065f73">
      <Output></Output>
    </UnitTestResult>
    <UnitTestResult executionId="d9e3bdb1-863f-47ed-9342-cf2d05f70faf" testId="bf284477-3e5d-6487-cefd-ea665e8499d4" testName="ForceModifyUri_NonStandard_IsNotSecure_ThrowsInvalidOperationException" computerName="DKSR-EFI-06" duration="00:00:00.0007084" startTime="2024-01-09T15:42:06.5133074+01:00" endTime="2024-01-09T15:42:06.5133074+01:00" testType="13cdc9d9-ddb5-4fa4-a97d-d965ccfc6d4b" outcome="Passed" testListId="8c84fa94-04c1-424b-9868-57a2d4851a1d" relativeResultsDirectory="d9e3bdb1-863f-47ed-9342-cf2d05f70faf" />
    <UnitTestResult executionId="99d380c1-9782-49fa-a4b7-a3f484fe353c" testId="7a8b3238-6432-2977-b3b0-f80b57f64697" testName="SplitDomainAndUserName_ReturnsUserName_OnOriginaluserNameWithoutDomainName" computerName="DKSR-EFI-06" duration="00:00:00.0001484" startTime="2024-01-09T15:42:05.9195566+01:00" endTime="2024-01-09T15:42:05.9195566+01:00" testType="13cdc9d9-ddb5-4fa4-a97d-d965ccfc6d4b" outcome="Passed" testListId="8c84fa94-04c1-424b-9868-57a2d4851a1d" relativeResultsDirectory="99d380c1-9782-49fa-a4b7-a3f484fe353c" />
    <UnitTestResult executionId="e54551ef-3c4c-43bb-a1e3-96c3db945c18" testId="4bfb1c51-cefe-843a-c8a5-3e7bae7770f9" testName="CheckAndModifyUri_StandardUri_UnsecureAllowed_NoEndpointsAvailable_ThrowsInvalidOperationException" computerName="DKSR-EFI-06" duration="00:00:00.0055992" startTime="2024-01-09T15:42:06.3726828+01:00" endTime="2024-01-09T15:42:06.3726828+01:00" testType="13cdc9d9-ddb5-4fa4-a97d-d965ccfc6d4b" outcome="Passed" testListId="8c84fa94-04c1-424b-9868-57a2d4851a1d" relativeResultsDirectory="e54551ef-3c4c-43bb-a1e3-96c3db945c18" />
    <UnitTestResult executionId="c734a198-5ca8-4fe9-b330-ada268165bb5" testId="daad95c9-43d7-9880-f0b7-8f15941d6fcb" testName="ModifyUri_NonStandardUri_UnsecureNotAllowed_SecureNotAvailable_ThrowsInvalidOperationException" computerName="DKSR-EFI-06" duration="00:00:00.0007395" startTime="2024-01-09T15:42:06.4976837+01:00" endTime="2024-01-09T15:42:06.4976837+01:00" testType="13cdc9d9-ddb5-4fa4-a97d-d965ccfc6d4b" outcome="Passed" testListId="8c84fa94-04c1-424b-9868-57a2d4851a1d" relativeResultsDirectory="c734a198-5ca8-4fe9-b330-ada268165bb5" />
    <UnitTestResult executionId="d28f5700-b2ce-49a2-9ded-58682fbb1974" testId="1fecf0ba-7482-34f9-6a6a-7750db2d034d" testName="CheckAndModifyUri_NonStandardUri_UnsecureNotAllowed_SecureNotAvailable_ThrowsInvalidOperationException" computerName="DKSR-EFI-06" duration="00:00:00.0007302" startTime="2024-01-09T15:42:06.4508078+01:00" endTime="2024-01-09T15:42:06.4508078+01:00" testType="13cdc9d9-ddb5-4fa4-a97d-d965ccfc6d4b" outcome="Passed" testListId="8c84fa94-04c1-424b-9868-57a2d4851a1d" relativeResultsDirectory="d28f5700-b2ce-49a2-9ded-58682fbb1974" />
    <UnitTestResult executionId="6e7c9384-4626-4514-ad63-8d1526d95103" testId="6df96be3-2224-cf70-766a-cec7c6d5a0f4" testName="ConnectionInfo_IsSecure_Disabled" computerName="DKSR-EFI-06" duration="00:00:00.0018027" startTime="2024-01-09T15:42:06.2320571+01:00" endTime="2024-01-09T15:42:06.2320571+01:00" testType="13cdc9d9-ddb5-4fa4-a97d-d965ccfc6d4b" outcome="Passed" testListId="8c84fa94-04c1-424b-9868-57a2d4851a1d" relativeResultsDirectory="6e7c9384-4626-4514-ad63-8d1526d95103" />
    <UnitTestResult executionId="3cdbde06-f395-458f-af21-90d25d38d521" testId="007fd9bd-5d79-ece7-0cba-74f6dca89e1a" testName="CheckAndModifyUri_StandardUri_UnsecureNotAllowed_SecureAvailable_ModifiedToHttpsPort443" computerName="DKSR-EFI-06" duration="00:00:00.0003394" startTime="2024-01-09T15:42:06.4195570+01:00" endTime="2024-01-09T15:42:06.4195570+01:00" testType="13cdc9d9-ddb5-4fa4-a97d-d965ccfc6d4b" outcome="Passed" testListId="8c84fa94-04c1-424b-9868-57a2d4851a1d" relativeResultsDirectory="3cdbde06-f395-458f-af21-90d25d38d521" />
    <UnitTestResult executionId="c8ecf1a8-7560-4986-9795-168632ff3d5b" testId="521e0bd7-2ba5-23a1-ca86-576a75ae9e60" testName="ModifyUri_StandardUri_UnsecureNotAllowed_SecureNotAvailable_ThrowsInvalidOperationException" computerName="DKSR-EFI-06" duration="00:00:00.0006423" startTime="2024-01-09T15:42:06.4820575+01:00" endTime="2024-01-09T15:42:06.4820575+01:00" testType="13cdc9d9-ddb5-4fa4-a97d-d965ccfc6d4b" outcome="Passed" testListId="8c84fa94-04c1-424b-9868-57a2d4851a1d" relativeResultsDirectory="c8ecf1a8-7560-4986-9795-168632ff3d5b" />
    <UnitTestResult executionId="d7f6265e-8ae0-472d-8630-2ca76497d147" testId="29262371-340f-e5cc-cd3a-01410ee22776" testName="Construct_InvalidILocalUserOptions_Throws_ArgumentNullException" computerName="DKSR-EFI-06" startTime="2024-01-09T15:42:05.8883058+01:00" endTime="2024-01-09T15:42:05.8883058+01:00" testType="13cdc9d9-ddb5-4fa4-a97d-d965ccfc6d4b" outcome="NotExecuted" testListId="8c84fa94-04c1-424b-9868-57a2d4851a1d" relativeResultsDirectory="d7f6265e-8ae0-472d-8630-2ca76497d147">
      <Output></Output>
    </UnitTestResult>
    <UnitTestResult executionId="1b4aa892-935d-411f-8e6e-0cc97f668efb" testId="33a270e3-4464-8331-7308-8c9587104102" testName="Construct_InvalidIIdpServerValidation_Throws_ArgumentNullException" computerName="DKSR-EFI-06" startTime="2024-01-09T15:42:05.8883058+01:00" endTime="2024-01-09T15:42:05.8883058+01:00" testType="13cdc9d9-ddb5-4fa4-a97d-d965ccfc6d4b" outcome="NotExecuted" testListId="8c84fa94-04c1-424b-9868-57a2d4851a1d" relativeResultsDirectory="1b4aa892-935d-411f-8e6e-0cc97f668efb">
      <Output></Output>
    </UnitTestResult>
    <UnitTestResult executionId="f41eda86-7dff-407e-9130-f4fdbc0217e9" testId="7e985e5f-484a-9096-c375-d40c01dba003" testName="ConnectionInfo_CredentialsWindows_WithDomain" computerName="DKSR-EFI-06" duration="00:00:00.0018981" startTime="2024-01-09T15:42:06.1851814+01:00" endTime="2024-01-09T15:42:06.1851814+01:00" testType="13cdc9d9-ddb5-4fa4-a97d-d965ccfc6d4b" outcome="Passed" testListId="8c84fa94-04c1-424b-9868-57a2d4851a1d" relativeResultsDirectory="f41eda86-7dff-407e-9130-f4fdbc0217e9" />
    <UnitTestResult executionId="d620d223-adcb-4a5c-a7b0-cb493fd36585" testId="71a6d589-1c8e-fb28-bc4c-ac97c2a54c82" testName="CheckAndModifyUri_NonStandardUri_UnsecureAllowedUnknown_SecureNotAvailable_ThrowsInvalidOperationException" computerName="DKSR-EFI-06" duration="00:00:00.0006704" startTime="2024-01-09T15:42:06.4508078+01:00" endTime="2024-01-09T15:42:06.4508078+01:00" testType="13cdc9d9-ddb5-4fa4-a97d-d965ccfc6d4b" outcome="Passed" testListId="8c84fa94-04c1-424b-9868-57a2d4851a1d" relativeResultsDirectory="d620d223-adcb-4a5c-a7b0-cb493fd36585" />
    <UnitTestResult executionId="30a6ced8-5fc8-4505-9777-ed7b4f3f50fc" testId="b68cd444-c91f-251d-c429-03651fe16df7" testName="ModifyUri_StandardUri_UnsecureAllowed_SecureNotAvailable_ModifiedToHttpPort80" computerName="DKSR-EFI-06" duration="00:00:00.0002797" startTime="2024-01-09T15:42:06.4664326+01:00" endTime="2024-01-09T15:42:06.4664326+01:00" testType="13cdc9d9-ddb5-4fa4-a97d-d965ccfc6d4b" outcome="Passed" testListId="8c84fa94-04c1-424b-9868-57a2d4851a1d" relativeResultsDirectory="30a6ced8-5fc8-4505-9777-ed7b4f3f50fc" />
    <UnitTestResult executionId="540604e7-5245-4228-acf7-3ae187c7537d" testId="e3ceee5e-219f-17bf-3f31-876ca9e890d6" testName="NavigationUIItem_ConstructorTest_IdNull" computerName="DKSR-EFI-06" duration="00:00:00.0006037" startTime="2024-01-09T15:42:06.8101834+01:00" endTime="2024-01-09T15:42:06.8101834+01:00" testType="13cdc9d9-ddb5-4fa4-a97d-d965ccfc6d4b" outcome="Passed" testListId="8c84fa94-04c1-424b-9868-57a2d4851a1d" relativeResultsDirectory="540604e7-5245-4228-acf7-3ae187c7537d" />
    <UnitTestResult executionId="39f6cea4-d752-4740-b890-19bee0221c1b" testId="6db1ee2e-960d-a9a0-6d38-4566b6c7ff9a" testName="CreateUri_EmptyString_ThrowsArgumentNullException" computerName="DKSR-EFI-06" duration="00:00:00.0007025" startTime="2024-01-09T15:42:06.3258065+01:00" endTime="2024-01-09T15:42:06.3258065+01:00" testType="13cdc9d9-ddb5-4fa4-a97d-d965ccfc6d4b" outcome="Passed" testListId="8c84fa94-04c1-424b-9868-57a2d4851a1d" relativeResultsDirectory="39f6cea4-d752-4740-b890-19bee0221c1b" />
    <UnitTestResult executionId="ce7dec0b-f335-4d34-8000-4ee7af7efc00" testId="69675426-29e4-5ede-637d-98f11c37f0e3" testName="AuthenticationBasic_SetEnabled_Throws_InvalidOperationException" computerName="DKSR-EFI-06" duration="00:00:00.0007426" startTime="2024-01-09T15:42:05.7789320+01:00" endTime="2024-01-09T15:42:05.7789320+01:00" testType="13cdc9d9-ddb5-4fa4-a97d-d965ccfc6d4b" outcome="Passed" testListId="8c84fa94-04c1-424b-9868-57a2d4851a1d" relativeResultsDirectory="ce7dec0b-f335-4d34-8000-4ee7af7efc00" />
    <UnitTestResult executionId="f88b8bf3-59d8-4c69-9bf8-29901aff4cf9" testId="d20ebdfa-e5c2-385a-702e-2ceff3e1fae4" testName="SplitDomainAndUserName_ReturnsEmptyStringAsDomain_OnOriginaluserNameWithoutDomainName" computerName="DKSR-EFI-06" duration="00:00:00.0001617" startTime="2024-01-09T15:42:05.9195566+01:00" endTime="2024-01-09T15:42:05.9195566+01:00" testType="13cdc9d9-ddb5-4fa4-a97d-d965ccfc6d4b" outcome="Passed" testListId="8c84fa94-04c1-424b-9868-57a2d4851a1d" relativeResultsDirectory="f88b8bf3-59d8-4c69-9bf8-29901aff4cf9" />
    <UnitTestResult executionId="0f7a12b2-f35c-4503-8507-aea5cb316b5b" testId="e55cd44c-b6ed-79c3-e36c-4d6408611b9d" testName="IsSecureConnection_HasValidIdpServer_WithInvalidCertificate_EventRaisedUserSaidYes_Returns_False" computerName="DKSR-EFI-06" startTime="2024-01-09T15:42:05.9039300+01:00" endTime="2024-01-09T15:42:05.9039300+01:00" testType="13cdc9d9-ddb5-4fa4-a97d-d965ccfc6d4b" outcome="NotExecuted" testListId="8c84fa94-04c1-424b-9868-57a2d4851a1d" relativeResultsDirectory="0f7a12b2-f35c-4503-8507-aea5cb316b5b">
      <Output></Output>
    </UnitTestResult>
    <UnitTestResult executionId="31e5504a-b335-4ae1-8645-6cef9c22e21e" testId="74e0cc28-84a6-3c81-b793-79495d48edbb" testName="CreateUri_FtpUrl_ThrowsInvalidOperationException" computerName="DKSR-EFI-06" duration="00:00:00.0009783" startTime="2024-01-09T15:42:06.3883073+01:00" endTime="2024-01-09T15:42:06.4039318+01:00" testType="13cdc9d9-ddb5-4fa4-a97d-d965ccfc6d4b" outcome="Passed" testListId="8c84fa94-04c1-424b-9868-57a2d4851a1d" relativeResultsDirectory="31e5504a-b335-4ae1-8645-6cef9c22e21e" />
    <UnitTestResult executionId="01ffed0a-22b1-4ba3-a5d8-72068245ee0b" testId="3303bebb-e7cf-a4f0-e210-2db2223e68db" testName="CreateUri_UrlNoSchemePort80_SchemeBecomesHttp" computerName="DKSR-EFI-06" duration="00:00:00.0009252" startTime="2024-01-09T15:42:06.4039318+01:00" endTime="2024-01-09T15:42:06.4039318+01:00" testType="13cdc9d9-ddb5-4fa4-a97d-d965ccfc6d4b" outcome="Passed" testListId="8c84fa94-04c1-424b-9868-57a2d4851a1d" relativeResultsDirectory="01ffed0a-22b1-4ba3-a5d8-72068245ee0b" />
    <UnitTestResult executionId="735b54d6-eca2-48b3-844e-4d045510dc2e" testId="80edee6d-c67c-9872-3559-c1114ff20a0b" testName="Constructor_NullIHttpGet_ThrowsArgumentNullException" computerName="DKSR-EFI-06" duration="00:00:00.0006968" startTime="2024-01-09T15:42:06.3258065+01:00" endTime="2024-01-09T15:42:06.3258065+01:00" testType="13cdc9d9-ddb5-4fa4-a97d-d965ccfc6d4b" outcome="Passed" testListId="8c84fa94-04c1-424b-9868-57a2d4851a1d" relativeResultsDirectory="735b54d6-eca2-48b3-844e-4d045510dc2e" />
    <UnitTestResult executionId="2e42f9d3-2af7-436f-b49a-268f63460d56" testId="a96676e4-87db-1a62-eb74-f8ae966e7bc4" testName="ForceModifyUri_NonStandardHttps_IsNotSecure_ModifiedToHttp_PortUnchanged" computerName="DKSR-EFI-06" duration="00:00:00.0003298" startTime="2024-01-09T15:42:06.5289325+01:00" endTime="2024-01-09T15:42:06.5289325+01:00" testType="13cdc9d9-ddb5-4fa4-a97d-d965ccfc6d4b" outcome="Passed" testListId="8c84fa94-04c1-424b-9868-57a2d4851a1d" relativeResultsDirectory="2e42f9d3-2af7-436f-b49a-268f63460d56" />
    <UnitTestResult executionId="93407063-65aa-46bf-af5d-24f7510f1834" testId="7eb4fb4e-e669-c037-5ee1-67d9cd36274e" testName="CheckAndModifyUri_StandardUri_InvalidCertificateNotAllowed_InvalidCertificate_ModifiedToHttpPort80" computerName="DKSR-EFI-06" duration="00:00:00.0003319" startTime="2024-01-09T15:42:06.4508078+01:00" endTime="2024-01-09T15:42:06.4508078+01:00" testType="13cdc9d9-ddb5-4fa4-a97d-d965ccfc6d4b" outcome="Passed" testListId="8c84fa94-04c1-424b-9868-57a2d4851a1d" relativeResultsDirectory="93407063-65aa-46bf-af5d-24f7510f1834" />
    <UnitTestResult executionId="d2747374-05ec-4705-a71c-772ef3fbd4be" testId="5f5a3ee1-a5fc-743f-75a0-b7afe0b05451" testName="CreateUri_HttpUrl_SchemeRemainsHttp" computerName="DKSR-EFI-06" duration="00:00:00.0038158" startTime="2024-01-09T15:42:06.3883073+01:00" endTime="2024-01-09T15:42:06.3883073+01:00" testType="13cdc9d9-ddb5-4fa4-a97d-d965ccfc6d4b" outcome="Passed" testListId="8c84fa94-04c1-424b-9868-57a2d4851a1d" relativeResultsDirectory="d2747374-05ec-4705-a71c-772ef3fbd4be" />
    <UnitTestResult executionId="f58d8568-22cb-47b0-88a2-cd60e4e6a5ff" testId="ad2140c3-8f15-c657-2164-d6af73c12167" testName="ModifyUri_StandardUri_UnsecureAllowed_SecureAndUnsecureNotAvailable_ThrowsInvalidOperationException" computerName="DKSR-EFI-06" duration="00:00:00.0007581" startTime="2024-01-09T15:42:06.4664326+01:00" endTime="2024-01-09T15:42:06.4820575+01:00" testType="13cdc9d9-ddb5-4fa4-a97d-d965ccfc6d4b" outcome="Passed" testListId="8c84fa94-04c1-424b-9868-57a2d4851a1d" relativeResultsDirectory="f58d8568-22cb-47b0-88a2-cd60e4e6a5ff" />
    <UnitTestResult executionId="6191e021-644a-4ce7-8789-6653e8da0363" testId="9885189a-2deb-53cf-9ad7-03eadd0ab8d5" testName="NavigationUIItem_ConstructorTest_TextNull" computerName="DKSR-EFI-06" duration="00:00:00.0006636" startTime="2024-01-09T15:42:06.8101834+01:00" endTime="2024-01-09T15:42:06.8101834+01:00" testType="13cdc9d9-ddb5-4fa4-a97d-d965ccfc6d4b" outcome="Passed" testListId="8c84fa94-04c1-424b-9868-57a2d4851a1d" relativeResultsDirectory="6191e021-644a-4ce7-8789-6653e8da0363" />
    <UnitTestResult executionId="ca00c139-2ff8-4f24-84eb-174fcb9dcae7" testId="502135c9-53e3-fce0-5ca4-225441760e67" testName="CheckAndModifyUri_NonStandardUri_UnsecureAllowed_SecureAvailable_ModifiedToHttps_PortUnchanged" computerName="DKSR-EFI-06" duration="00:00:00.0003147" startTime="2024-01-09T15:42:06.4351822+01:00" endTime="2024-01-09T15:42:06.4351822+01:00" testType="13cdc9d9-ddb5-4fa4-a97d-d965ccfc6d4b" outcome="Passed" testListId="8c84fa94-04c1-424b-9868-57a2d4851a1d" relativeResultsDirectory="ca00c139-2ff8-4f24-84eb-174fcb9dcae7" />
    <UnitTestResult executionId="103c3a94-f585-4f5c-a612-14870dcde661" testId="d1598403-e77a-6d53-0bb6-4e1bb408453f" testName="ManagementClientVmoClientFactory_CreateServerConnection_OAuth_WindowsUser_Success" computerName="DKSR-EFI-06" duration="00:00:00.0019337" startTime="2024-01-09T15:42:06.7789351+01:00" endTime="2024-01-09T15:42:06.7789351+01:00" testType="13cdc9d9-ddb5-4fa4-a97d-d965ccfc6d4b" outcome="Passed" testListId="8c84fa94-04c1-424b-9868-57a2d4851a1d" relativeResultsDirectory="103c3a94-f585-4f5c-a612-14870dcde661" />
    <UnitTestResult executionId="e2950858-36a7-4847-a866-4d98b81adcda" testId="e0a14c59-193b-c8c1-4325-b16b92b6892f" testName="ModifyUri_StandardUri_UnsecureNotAllowed_SecureAvailable_ModifiedToHttpsPort443" computerName="DKSR-EFI-06" duration="00:00:00.0002998" startTime="2024-01-09T15:42:06.4664326+01:00" endTime="2024-01-09T15:42:06.4664326+01:00" testType="13cdc9d9-ddb5-4fa4-a97d-d965ccfc6d4b" outcome="Passed" testListId="8c84fa94-04c1-424b-9868-57a2d4851a1d" relativeResultsDirectory="e2950858-36a7-4847-a866-4d98b81adcda" />
    <UnitTestResult executionId="33e247d5-430c-4438-8031-a100503c3572" testId="7fd4ef15-6251-e96e-37c0-6f41e323517b" testName="CheckAndModifyUri_NonStandardUri_UnsecureAllowed_NoEndpointsAvailable_ThrowsInvalidOperationException" computerName="DKSR-EFI-06" duration="00:00:00.0007461" startTime="2024-01-09T15:42:06.3726828+01:00" endTime="2024-01-09T15:42:06.3883073+01:00" testType="13cdc9d9-ddb5-4fa4-a97d-d965ccfc6d4b" outcome="Passed" testListId="8c84fa94-04c1-424b-9868-57a2d4851a1d" relativeResultsDirectory="33e247d5-430c-4438-8031-a100503c3572" />
    <UnitTestResult executionId="6c182f08-ea23-458a-8985-983619fa25d6" testId="f5fdd7e6-f9e2-d55e-2c9c-87cb25adfd70" testName="ModifyUri_StandardUri_UnsecureAllowed_SecureAvailable_ModifiedToHttpsPort443" computerName="DKSR-EFI-06" duration="00:00:00.0003112" startTime="2024-01-09T15:42:06.4664326+01:00" endTime="2024-01-09T15:42:06.4664326+01:00" testType="13cdc9d9-ddb5-4fa4-a97d-d965ccfc6d4b" outcome="Passed" testListId="8c84fa94-04c1-424b-9868-57a2d4851a1d" relativeResultsDirectory="6c182f08-ea23-458a-8985-983619fa25d6" />
    <UnitTestResult executionId="7734c469-7f1e-4e77-a6e7-4aa4951480a3" testId="d2dcdcc5-5a8e-848f-a248-4edbb03f3d3c" testName="ConnectionInfo_UserDomain_NameWindowsUserNoDomain" computerName="DKSR-EFI-06" duration="00:00:00.0011662" startTime="2024-01-09T15:42:06.2320571+01:00" endTime="2024-01-09T15:42:06.2320571+01:00" testType="13cdc9d9-ddb5-4fa4-a97d-d965ccfc6d4b" outcome="Passed" testListId="8c84fa94-04c1-424b-9868-57a2d4851a1d" relativeResultsDirectory="7734c469-7f1e-4e77-a6e7-4aa4951480a3" />
    <UnitTestResult executionId="79a7b81d-1138-4aaf-95de-14e1ee000f4b" testId="cfc8e92c-b9df-05dc-ba8b-b047d6a9788e" testName="IsSecureConnection_WindowsDefaultAuthenticationType_InvokesRetrieveLocalUserOptions_Returns_False" computerName="DKSR-EFI-06" duration="00:00:00.0012551" startTime="2024-01-09T15:42:05.8883058+01:00" endTime="2024-01-09T15:42:05.8883058+01:00" testType="13cdc9d9-ddb5-4fa4-a97d-d965ccfc6d4b" outcome="Passed" testListId="8c84fa94-04c1-424b-9868-57a2d4851a1d" relativeResultsDirectory="79a7b81d-1138-4aaf-95de-14e1ee000f4b" />
    <UnitTestResult executionId="820154c1-9f53-4400-a0c8-3bf1247b050d" testId="1d11affc-3ca4-e9d6-5a51-0191d615dc9c" testName="CreateProxyUsingLocalTokenCache_OAuthAuthenticationSecure_ReturnsExpected" computerName="DKSR-EFI-06" duration="00:00:00.0011842" startTime="2024-01-09T15:42:07.9976879+01:00" endTime="2024-01-09T15:42:07.9976879+01:00" testType="13cdc9d9-ddb5-4fa4-a97d-d965ccfc6d4b" outcome="Passed" testListId="8c84fa94-04c1-424b-9868-57a2d4851a1d" relativeResultsDirectory="820154c1-9f53-4400-a0c8-3bf1247b050d" />
    <UnitTestResult executionId="902baa53-b94b-4a57-9ac1-f4c8397e61f7" testId="91de0cd7-9a50-3db6-7130-0a5d5748dd70" testName="CheckAndModifyUri_NonStandardUri_UnsecureNotAllowed_SecureAvailable_ModifiedToHttps_PortUnchanged" computerName="DKSR-EFI-06" duration="00:00:00.0003097" startTime="2024-01-09T15:42:06.4351822+01:00" endTime="2024-01-09T15:42:06.4351822+01:00" testType="13cdc9d9-ddb5-4fa4-a97d-d965ccfc6d4b" outcome="Passed" testListId="8c84fa94-04c1-424b-9868-57a2d4851a1d" relativeResultsDirectory="902baa53-b94b-4a57-9ac1-f4c8397e61f7" />
    <UnitTestResult executionId="f11bb632-e92d-4027-a83e-c3f4919f55d4" testId="5a849e52-71ae-3f90-8ce0-f4ae4137f49b" testName="IsSecureConnection_HasValidIdpServer_WithValidCertificate_Returns_True" computerName="DKSR-EFI-06" startTime="2024-01-09T15:42:05.8883058+01:00" endTime="2024-01-09T15:42:05.8883058+01:00" testType="13cdc9d9-ddb5-4fa4-a97d-d965ccfc6d4b" outcome="NotExecuted" testListId="8c84fa94-04c1-424b-9868-57a2d4851a1d" relativeResultsDirectory="f11bb632-e92d-4027-a83e-c3f4919f55d4">
      <Output></Output>
    </UnitTestResult>
    <UnitTestResult executionId="1ecb86d3-9de2-48d8-b3e0-f44e16eeefc7" testId="e30ce444-dd9a-6cf3-6d15-08a91c767ab5" testName="CheckAndModifyUri_StandardUri_UnsecureAllowedUnknown_SecureNotAvailable_ThrowsInvalidOperationException" computerName="DKSR-EFI-06" duration="00:00:00.0007766" startTime="2024-01-09T15:42:06.4351822+01:00" endTime="2024-01-09T15:42:06.4351822+01:00" testType="13cdc9d9-ddb5-4fa4-a97d-d965ccfc6d4b" outcome="Passed" testListId="8c84fa94-04c1-424b-9868-57a2d4851a1d" relativeResultsDirectory="1ecb86d3-9de2-48d8-b3e0-f44e16eeefc7" />
    <UnitTestResult executionId="a13c49c3-65b0-453c-a316-aa08d3303f38" testId="4ad75899-796a-abd6-35ad-8073482ecdef" testName="AuthenticationWindows_SetName_Throws_InvalidOperationException" computerName="DKSR-EFI-06" duration="00:00:00.0010571" startTime="2024-01-09T15:42:05.7633051+01:00" endTime="2024-01-09T15:42:05.7633051+01:00" testType="13cdc9d9-ddb5-4fa4-a97d-d965ccfc6d4b" outcome="Passed" testListId="8c84fa94-04c1-424b-9868-57a2d4851a1d" relativeResultsDirectory="a13c49c3-65b0-453c-a316-aa08d3303f38" />
    <UnitTestResult executionId="5e9fab7a-969e-469b-9f51-56eb3223b2ab" testId="611b34d9-f854-9d54-0d0e-c015a266cb27" testName="ConnectionInfo_CredentialsBasicUser_NoDomain_Success" computerName="DKSR-EFI-06" duration="00:00:00.2332318" startTime="2024-01-09T15:42:05.9195566+01:00" endTime="2024-01-09T15:42:06.1539317+01:00" testType="13cdc9d9-ddb5-4fa4-a97d-d965ccfc6d4b" outcome="Passed" testListId="8c84fa94-04c1-424b-9868-57a2d4851a1d" relativeResultsDirectory="5e9fab7a-969e-469b-9f51-56eb3223b2ab" />
    <UnitTestResult executionId="d1966034-ffb2-4a55-9091-596409fb03fa" testId="c40eaa6b-b6f0-075c-1f63-1cd683070e03" testName="IsSecureConnection_HasValidIdpServer_WithInvalidCertificate_UserNotAskedWhetherUnsecure_Throws_InvalidOperationException" computerName="DKSR-EFI-06" startTime="2024-01-09T15:42:05.9039300+01:00" endTime="2024-01-09T15:42:05.9039300+01:00" testType="13cdc9d9-ddb5-4fa4-a97d-d965ccfc6d4b" outcome="NotExecuted" testListId="8c84fa94-04c1-424b-9868-57a2d4851a1d" relativeResultsDirectory="d1966034-ffb2-4a55-9091-596409fb03fa">
      <Output></Output>
    </UnitTestResult>
    <UnitTestResult executionId="26eadba4-23ee-4cb5-add0-6ccf26a3a265" testId="bcb3e5bf-1452-c941-032f-340f83cb1390" testName="ConnectionInfo_UserDomain_NameBasicUserInvalidDomain_BasicPrefix" computerName="DKSR-EFI-06" duration="00:00:00.0008255" startTime="2024-01-09T15:42:06.2320571+01:00" endTime="2024-01-09T15:42:06.2320571+01:00" testType="13cdc9d9-ddb5-4fa4-a97d-d965ccfc6d4b" outcome="Passed" testListId="8c84fa94-04c1-424b-9868-57a2d4851a1d" relativeResultsDirectory="26eadba4-23ee-4cb5-add0-6ccf26a3a265" />
    <UnitTestResult executionId="b8328d7f-e361-413d-91d2-a859d845a86f" testId="d6accb42-5ea7-a836-68de-0cf126387104" testName="AuthenticationWindowsDefault_SetName_Throws_InvalidOperationException" computerName="DKSR-EFI-06" duration="00:00:00.0012003" startTime="2024-01-09T15:42:05.7789320+01:00" endTime="2024-01-09T15:42:05.7789320+01:00" testType="13cdc9d9-ddb5-4fa4-a97d-d965ccfc6d4b" outcome="Passed" testListId="8c84fa94-04c1-424b-9868-57a2d4851a1d" relativeResultsDirectory="b8328d7f-e361-413d-91d2-a859d845a86f" />
    <UnitTestResult executionId="a6138772-791a-4724-86cc-6e1890b62ffc" testId="f5bcff7f-e72c-5178-7d8f-3de54315c06d" testName="ModifyUri_StandardUri_UnsecureAllowedUnknown_SecureAvailable_ModifiedToHttpsPort443" computerName="DKSR-EFI-06" duration="00:00:00.0003137" startTime="2024-01-09T15:42:06.4664326+01:00" endTime="2024-01-09T15:42:06.4664326+01:00" testType="13cdc9d9-ddb5-4fa4-a97d-d965ccfc6d4b" outcome="Passed" testListId="8c84fa94-04c1-424b-9868-57a2d4851a1d" relativeResultsDirectory="a6138772-791a-4724-86cc-6e1890b62ffc" />
    <UnitTestResult executionId="94f55fd3-e994-46fe-afa0-a002d5bc43d3" testId="7c762d09-a0a1-0395-844e-b94ed4c8d502" testName="ManagementClientVmoClientFactory_NullServiceContainer_Throws_ArgumentNullException" computerName="DKSR-EFI-06" duration="00:00:00.0010593" startTime="2024-01-09T15:42:06.5758082+01:00" endTime="2024-01-09T15:42:06.5758082+01:00" testType="13cdc9d9-ddb5-4fa4-a97d-d965ccfc6d4b" outcome="Passed" testListId="8c84fa94-04c1-424b-9868-57a2d4851a1d" relativeResultsDirectory="94f55fd3-e994-46fe-afa0-a002d5bc43d3" />
    <UnitTestResult executionId="d2fa0791-9159-423c-b350-cce08f3ca761" testId="2f4be414-8bb7-0eb4-1eb0-6e94c6d18845" testName="ModifyUri_NonStandardUri_UnsecureAllowed_SecureAvailable_ModifiedToHttps_PortUnchanged" computerName="DKSR-EFI-06" duration="00:00:00.0003102" startTime="2024-01-09T15:42:06.4820575+01:00" endTime="2024-01-09T15:42:06.4820575+01:00" testType="13cdc9d9-ddb5-4fa4-a97d-d965ccfc6d4b" outcome="Passed" testListId="8c84fa94-04c1-424b-9868-57a2d4851a1d" relativeResultsDirectory="d2fa0791-9159-423c-b350-cce08f3ca761" />
    <UnitTestResult executionId="0e8a7335-e7b1-4b3c-ba14-f802a8c27af2" testId="92b11ede-0ff2-0666-834d-f31bf491e1ad" testName="CreateProxyUsingLocalTokenCache_OAuthAuthenticationUnsecure_ReturnsExpected" computerName="DKSR-EFI-06" duration="00:00:00.0056926" startTime="2024-01-09T15:42:07.9976879+01:00" endTime="2024-01-09T15:42:07.9976879+01:00" testType="13cdc9d9-ddb5-4fa4-a97d-d965ccfc6d4b" outcome="Passed" testListId="8c84fa94-04c1-424b-9868-57a2d4851a1d" relativeResultsDirectory="0e8a7335-e7b1-4b3c-ba14-f802a8c27af2" />
    <UnitTestResult executionId="675a4c7c-e76b-4450-902c-2e7bb87e4998" testId="351a88b4-5f89-ae26-6335-2f01588d988c" testName="CheckAndModifyUri_StandardUri_UnsecureAllowed_SecureAvailable_ModifiedToHttpsPort443" computerName="DKSR-EFI-06" duration="00:00:00.0024005" startTime="2024-01-09T15:42:06.4195570+01:00" endTime="2024-01-09T15:42:06.4195570+01:00" testType="13cdc9d9-ddb5-4fa4-a97d-d965ccfc6d4b" outcome="Passed" testListId="8c84fa94-04c1-424b-9868-57a2d4851a1d" relativeResultsDirectory="675a4c7c-e76b-4450-902c-2e7bb87e4998" />
    <UnitTestResult executionId="3b38ae73-e721-46ae-9664-641099f4c3e5" testId="725c9b7f-e504-99ff-34e5-c8bf30db6e60" testName="ForceModifyUri_NonStandardHttp_IsSecure_ModifiedToHttps_PortUnchanged" computerName="DKSR-EFI-06" duration="00:00:00.0003021" startTime="2024-01-09T15:42:06.5289325+01:00" endTime="2024-01-09T15:42:06.5289325+01:00" testType="13cdc9d9-ddb5-4fa4-a97d-d965ccfc6d4b" outcome="Passed" testListId="8c84fa94-04c1-424b-9868-57a2d4851a1d" relativeResultsDirectory="3b38ae73-e721-46ae-9664-641099f4c3e5" />
    <UnitTestResult executionId="6f752aec-9b08-4534-a0e1-948dc70d7f80" testId="c4b6c8d0-f1eb-5111-203f-5ec41ad9f087" testName="ModifyUri_NonStandardUri_UnsecureNotAllowed_SecureAvailable_ModifiedToHttps_PortUnchanged" computerName="DKSR-EFI-06" duration="00:00:00.0003040" startTime="2024-01-09T15:42:06.4820575+01:00" endTime="2024-01-09T15:42:06.4820575+01:00" testType="13cdc9d9-ddb5-4fa4-a97d-d965ccfc6d4b" outcome="Passed" testListId="8c84fa94-04c1-424b-9868-57a2d4851a1d" relativeResultsDirectory="6f752aec-9b08-4534-a0e1-948dc70d7f80" />
    <UnitTestResult executionId="093c8fac-6557-432b-88b5-53c16f1f6d62" testId="8320b8dc-a4db-7002-91f5-bc51b8562105" testName="Constructor_NullILocalUserOptions_ThrowsArgumentNullException" computerName="DKSR-EFI-06" duration="00:00:00.0012040" startTime="2024-01-09T15:42:06.3258065+01:00" endTime="2024-01-09T15:42:06.3258065+01:00" testType="13cdc9d9-ddb5-4fa4-a97d-d965ccfc6d4b" outcome="Passed" testListId="8c84fa94-04c1-424b-9868-57a2d4851a1d" relativeResultsDirectory="093c8fac-6557-432b-88b5-53c16f1f6d62" />
    <UnitTestResult executionId="8a6b80b1-b330-45b9-9921-ae56bdb12e8a" testId="a229abc5-14d6-faad-eb7a-68a8f4eb3c81" testName="ForceModifyUri_NonStandard_IsSecure_ThrowsInvalidOperationException" computerName="DKSR-EFI-06" duration="00:00:00.0007557" startTime="2024-01-09T15:42:06.5133074+01:00" endTime="2024-01-09T15:42:06.5133074+01:00" testType="13cdc9d9-ddb5-4fa4-a97d-d965ccfc6d4b" outcome="Passed" testListId="8c84fa94-04c1-424b-9868-57a2d4851a1d" relativeResultsDirectory="8a6b80b1-b330-45b9-9921-ae56bdb12e8a" />
    <UnitTestResult executionId="67e32cf2-594e-4888-813f-3dab1500be34" testId="4fe95093-cf52-99c2-c054-30a33159d39a" testName="IsSecureConnection_InvalidAuthenticationType_Unknown_Throws_InvalidOperationException" computerName="DKSR-EFI-06" duration="00:00:00.0205860" startTime="2024-01-09T15:42:05.8414305+01:00" endTime="2024-01-09T15:42:05.8726796+01:00" testType="13cdc9d9-ddb5-4fa4-a97d-d965ccfc6d4b" outcome="Passed" testListId="8c84fa94-04c1-424b-9868-57a2d4851a1d" relativeResultsDirectory="67e32cf2-594e-4888-813f-3dab1500be34" />
    <UnitTestResult executionId="43a4bb80-b4b6-435a-8b39-9840df2e8a2e" testId="85eeee45-b09c-948f-1836-b74ce7199311" testName="ConnectionInfo_CredentialsWindows_NoDomain" computerName="DKSR-EFI-06" duration="00:00:00.0017456" startTime="2024-01-09T15:42:06.1851814+01:00" endTime="2024-01-09T15:42:06.1851814+01:00" testType="13cdc9d9-ddb5-4fa4-a97d-d965ccfc6d4b" outcome="Passed" testListId="8c84fa94-04c1-424b-9868-57a2d4851a1d" relativeResultsDirectory="43a4bb80-b4b6-435a-8b39-9840df2e8a2e" />
    <UnitTestResult executionId="50e89a5e-31c5-4fae-bb37-186426cd3d0b" testId="9efd9cea-6d02-0c40-586a-6dffdfc13515" testName="CheckAndModifyUri_StandardUri_UnsecureNotAllowed_SecureNotAvailable_ThrowsInvalidOperationException" computerName="DKSR-EFI-06" duration="00:00:00.0007079" startTime="2024-01-09T15:42:06.4351822+01:00" endTime="2024-01-09T15:42:06.4351822+01:00" testType="13cdc9d9-ddb5-4fa4-a97d-d965ccfc6d4b" outcome="Passed" testListId="8c84fa94-04c1-424b-9868-57a2d4851a1d" relativeResultsDirectory="50e89a5e-31c5-4fae-bb37-186426cd3d0b" />
    <UnitTestResult executionId="a40dee42-769e-4ffe-a44a-55a5f0a191b3" testId="26ade9a1-dc54-3a3f-a8fe-0e2a3df1ab8b" testName="ForceModifyUri_HttpsPort443_IsNotSecure_ModifiedToHttpPort80" computerName="DKSR-EFI-06" duration="00:00:00.0002876" startTime="2024-01-09T15:42:06.5289325+01:00" endTime="2024-01-09T15:42:06.5289325+01:00" testType="13cdc9d9-ddb5-4fa4-a97d-d965ccfc6d4b" outcome="Passed" testListId="8c84fa94-04c1-424b-9868-57a2d4851a1d" relativeResultsDirectory="a40dee42-769e-4ffe-a44a-55a5f0a191b3" />
    <UnitTestResult executionId="7670c9e5-b5b7-4bab-9f82-f0b55dd5832b" testId="08541754-5275-56b1-09aa-40306d648c32" testName="CreateUri_Null_ThrowsArgumentNullException" computerName="DKSR-EFI-06" duration="00:00:00.0008760" startTime="2024-01-09T15:42:06.3258065+01:00" endTime="2024-01-09T15:42:06.3258065+01:00" testType="13cdc9d9-ddb5-4fa4-a97d-d965ccfc6d4b" outcome="Passed" testListId="8c84fa94-04c1-424b-9868-57a2d4851a1d" relativeResultsDirectory="7670c9e5-b5b7-4bab-9f82-f0b55dd5832b" />
    <UnitTestResult executionId="04515e95-07a4-447d-9518-45a0ec638640" testId="de4b1423-e255-a65a-3864-14b0d1d3eac4" testName="ConnectionInfo_IsSecure_NoServerType_Disabled" computerName="DKSR-EFI-06" duration="00:00:00.0018386" startTime="2024-01-09T15:42:06.2476811+01:00" endTime="2024-01-09T15:42:06.2476811+01:00" testType="13cdc9d9-ddb5-4fa4-a97d-d965ccfc6d4b" outcome="Passed" testListId="8c84fa94-04c1-424b-9868-57a2d4851a1d" relativeResultsDirectory="04515e95-07a4-447d-9518-45a0ec638640" />
    <UnitTestResult executionId="3ddfc224-9480-4407-9062-08f1389cb92c" testId="2ec5e289-4884-3c72-7b93-6d1e8fa1df39" testName="IsSecureConnection_HasValidIdpServer_WithInvalidCertificate_UserSaidYesToUnsecure_Returns_False" computerName="DKSR-EFI-06" startTime="2024-01-09T15:42:05.9039300+01:00" endTime="2024-01-09T15:42:05.9039300+01:00" testType="13cdc9d9-ddb5-4fa4-a97d-d965ccfc6d4b" outcome="NotExecuted" testListId="8c84fa94-04c1-424b-9868-57a2d4851a1d" relativeResultsDirectory="3ddfc224-9480-4407-9062-08f1389cb92c">
      <Output></Output>
    </UnitTestResult>
    <UnitTestResult executionId="692768fc-cfb0-4abc-80e9-25a1a493ea4a" testId="2bac4cdb-69ac-8eb1-de18-9a7127d3ebdc" testName="ConnectionInfo_ExternalId_Null_Throws_ArgumentNullException" computerName="DKSR-EFI-06" duration="00:00:00.0012561" startTime="2024-01-09T15:42:06.2476811+01:00" endTime="2024-01-09T15:42:06.2633057+01:00" testType="13cdc9d9-ddb5-4fa4-a97d-d965ccfc6d4b" outcome="Passed" testListId="8c84fa94-04c1-424b-9868-57a2d4851a1d" relativeResultsDirectory="692768fc-cfb0-4abc-80e9-25a1a493ea4a" />
    <UnitTestResult executionId="2d440ada-abd9-4aa8-96da-84397f0be670" testId="6a6298ee-afee-edde-17b3-16a4f8417d02" testName="NavigationUIItem_ConstructorTest_ToolTipNull" computerName="DKSR-EFI-06" duration="00:00:00.0005816" startTime="2024-01-09T15:42:06.8258092+01:00" endTime="2024-01-09T15:42:06.8258092+01:00" testType="13cdc9d9-ddb5-4fa4-a97d-d965ccfc6d4b" outcome="Passed" testListId="8c84fa94-04c1-424b-9868-57a2d4851a1d" relativeResultsDirectory="2d440ada-abd9-4aa8-96da-84397f0be670" />
    <UnitTestResult executionId="0872735f-65ca-4a55-84d4-076a7c3d6e11" testId="6cb5a6bf-8d92-51ef-abdd-91adc0c746f7" testName="AuthenticationExternal_CopyConstructor_Success" computerName="DKSR-EFI-06" duration="00:00:00.0006846" startTime="2024-01-09T15:42:05.8258044+01:00" endTime="2024-01-09T15:42:05.8258044+01:00" testType="13cdc9d9-ddb5-4fa4-a97d-d965ccfc6d4b" outcome="Passed" testListId="8c84fa94-04c1-424b-9868-57a2d4851a1d" relativeResultsDirectory="0872735f-65ca-4a55-84d4-076a7c3d6e11" />
    <UnitTestResult executionId="cadb4880-c612-44f7-b5fe-3381a575d1dc" testId="0f254138-f8b2-1aee-a171-e7224fd4f996" testName="AuthenticationWindowsDefault_SetEnabled_Throws_InvalidOperationException" computerName="DKSR-EFI-06" duration="00:00:00.0007156" startTime="2024-01-09T15:42:05.7789320+01:00" endTime="2024-01-09T15:42:05.7945571+01:00" testType="13cdc9d9-ddb5-4fa4-a97d-d965ccfc6d4b" outcome="Passed" testListId="8c84fa94-04c1-424b-9868-57a2d4851a1d" relativeResultsDirectory="cadb4880-c612-44f7-b5fe-3381a575d1dc" />
    <UnitTestResult executionId="0989b5c0-ba5b-43c3-a961-242a0dee8933" testId="813e029c-7a23-45c4-1999-05dff8078381" testName="ForceModifyUri_InvalidScheme_IsNotSecure_ModifiedToHttpPort80" computerName="DKSR-EFI-06" duration="00:00:00.0002899" startTime="2024-01-09T15:42:06.4976837+01:00" endTime="2024-01-09T15:42:06.4976837+01:00" testType="13cdc9d9-ddb5-4fa4-a97d-d965ccfc6d4b" outcome="Passed" testListId="8c84fa94-04c1-424b-9868-57a2d4851a1d" relativeResultsDirectory="0989b5c0-ba5b-43c3-a961-242a0dee8933" />
    <UnitTestResult executionId="e7e679b0-7c7f-4dc9-99bc-36569e318580" testId="12493952-e579-aeea-17b2-3484f013f437" testName="ForceModifyUri_HttpPort443_IsNotSecure_ModifiedToHttpPort80" computerName="DKSR-EFI-06" duration="00:00:00.0002971" startTime="2024-01-09T15:42:06.5289325+01:00" endTime="2024-01-09T15:42:06.5289325+01:00" testType="13cdc9d9-ddb5-4fa4-a97d-d965ccfc6d4b" outcome="Passed" testListId="8c84fa94-04c1-424b-9868-57a2d4851a1d" relativeResultsDirectory="e7e679b0-7c7f-4dc9-99bc-36569e318580" />
    <UnitTestResult executionId="9ce5ef86-973d-4ea7-93d2-efc4191b9862" testId="b0b90fda-da1b-ec85-e376-7226be0a67a9" testName="Launch_NullUri_ThrowsArgumentNullException" computerName="DKSR-EFI-06" duration="00:00:00.0010585" startTime="2024-01-09T15:42:06.5601841+01:00" endTime="2024-01-09T15:42:06.5601841+01:00" testType="13cdc9d9-ddb5-4fa4-a97d-d965ccfc6d4b" outcome="Passed" testListId="8c84fa94-04c1-424b-9868-57a2d4851a1d" relativeResultsDirectory="9ce5ef86-973d-4ea7-93d2-efc4191b9862" />
    <UnitTestResult executionId="52fb8226-590c-446d-820a-3be719dcb94b" testId="f3e70e22-e265-eee1-1de8-7832a1b290f6" testName="IsSecureConnection_InvalidUri_Null_Throws_ArgumentNullException" computerName="DKSR-EFI-06" duration="00:00:00.0032025" startTime="2024-01-09T15:42:05.8414305+01:00" endTime="2024-01-09T15:42:05.8414305+01:00" testType="13cdc9d9-ddb5-4fa4-a97d-d965ccfc6d4b" outcome="Passed" testListId="8c84fa94-04c1-424b-9868-57a2d4851a1d" relativeResultsDirectory="52fb8226-590c-446d-820a-3be719dcb94b" />
    <UnitTestResult executionId="0e3060e6-367a-425c-94dd-60087e769963" testId="ba18892e-8a76-5b0e-12d4-900358093a64" testName="IsSiteWorking_NullUri_ThrowsArgumentNullException" computerName="DKSR-EFI-06" duration="00:00:00.0008223" startTime="2024-01-09T15:42:06.5445581+01:00" endTime="2024-01-09T15:42:06.5445581+01:00" testType="13cdc9d9-ddb5-4fa4-a97d-d965ccfc6d4b" outcome="Passed" testListId="8c84fa94-04c1-424b-9868-57a2d4851a1d" relativeResultsDirectory="0e3060e6-367a-425c-94dd-60087e769963" />
    <UnitTestResult executionId="141bcfe6-e58a-4818-a2f1-bc0a08c2654d" testId="0387106e-e6d4-1f56-5fe0-0e4dde9074ec" testName="ConnectionInfo_CredentialsBasicUser_AnyDomain_Success" computerName="DKSR-EFI-06" duration="00:00:00.0018769" startTime="2024-01-09T15:42:06.1695556+01:00" endTime="2024-01-09T15:42:06.1851814+01:00" testType="13cdc9d9-ddb5-4fa4-a97d-d965ccfc6d4b" outcome="Passed" testListId="8c84fa94-04c1-424b-9868-57a2d4851a1d" relativeResultsDirectory="141bcfe6-e58a-4818-a2f1-bc0a08c2654d" />
    <UnitTestResult executionId="3c774298-87ab-44d8-9890-5562db54e866" testId="467d6231-c728-4a82-dbc9-92fa3394068d" testName="IsSecureConnection_HasValidIdpServer_WithInvalidCertificate_UnsecureNotAvailable_Throws_InvalidOperationException" computerName="DKSR-EFI-06" startTime="2024-01-09T15:42:05.9039300+01:00" endTime="2024-01-09T15:42:05.9039300+01:00" testType="13cdc9d9-ddb5-4fa4-a97d-d965ccfc6d4b" outcome="NotExecuted" testListId="8c84fa94-04c1-424b-9868-57a2d4851a1d" relativeResultsDirectory="3c774298-87ab-44d8-9890-5562db54e866">
      <Output></Output>
    </UnitTestResult>
    <UnitTestResult executionId="33548601-ee6e-4f5b-900a-25b634156ba5" testId="c6328905-9aef-d0d3-cff7-3108fce8ec23" testName="CreateTokenCache_NullConnectionInfo_ThrowsArgumentNullException" computerName="DKSR-EFI-06" duration="00:00:00.0016608" startTime="2024-01-09T15:42:06.3101836+01:00" endTime="2024-01-09T15:42:06.3101836+01:00" testType="13cdc9d9-ddb5-4fa4-a97d-d965ccfc6d4b" outcome="Passed" testListId="8c84fa94-04c1-424b-9868-57a2d4851a1d" relativeResultsDirectory="33548601-ee6e-4f5b-900a-25b634156ba5" />
    <UnitTestResult executionId="6cfea7b6-dd5f-4143-8e4f-b13d7b54a770" testId="34e32585-8feb-bc22-802b-fe955d108fc4" testName="ConnectionInfo_IsSecure_Enabled" computerName="DKSR-EFI-06" duration="00:00:00.0016488" startTime="2024-01-09T15:42:06.2476811+01:00" endTime="2024-01-09T15:42:06.2476811+01:00" testType="13cdc9d9-ddb5-4fa4-a97d-d965ccfc6d4b" outcome="Passed" testListId="8c84fa94-04c1-424b-9868-57a2d4851a1d" relativeResultsDirectory="6cfea7b6-dd5f-4143-8e4f-b13d7b54a770" />
    <UnitTestResult executionId="c26d8d35-dce6-4c1e-9876-bcbfdf413283" testId="3cb3ecbe-2b14-b6d6-0849-b07234eee1dc" testName="CheckAndModifyUri_NullUri_ThrowsArgumentNullException" computerName="DKSR-EFI-06" duration="00:00:00.0009934" startTime="2024-01-09T15:42:06.3414318+01:00" endTime="2024-01-09T15:42:06.3414318+01:00" testType="13cdc9d9-ddb5-4fa4-a97d-d965ccfc6d4b" outcome="Passed" testListId="8c84fa94-04c1-424b-9868-57a2d4851a1d" relativeResultsDirectory="c26d8d35-dce6-4c1e-9876-bcbfdf413283" />
    <UnitTestResult executionId="a6c7ee59-8c86-432f-90a7-67a2ea26afac" testId="ccae6f29-2598-051a-9376-5b68ce8a55da" testName="IsSiteWorking_InvalidSecureEndpoint_InvalidUnsecureEndpoint_ReturnsFalse" computerName="DKSR-EFI-06" duration="00:00:00.0003445" startTime="2024-01-09T15:42:06.5601841+01:00" endTime="2024-01-09T15:42:06.5601841+01:00" testType="13cdc9d9-ddb5-4fa4-a97d-d965ccfc6d4b" outcome="Passed" testListId="8c84fa94-04c1-424b-9868-57a2d4851a1d" relativeResultsDirectory="a6c7ee59-8c86-432f-90a7-67a2ea26afac" />
    <UnitTestResult executionId="a651c071-70ed-439b-8923-5b1db0e16d78" testId="6f2b7f5a-3a0e-6508-54fb-f1ad8a3c844d" testName="ConnectionInfo_UserDomain_NameBasicUserWithDomain_BasicPrefix" computerName="DKSR-EFI-06" duration="00:00:00.0009217" startTime="2024-01-09T15:42:06.2164323+01:00" endTime="2024-01-09T15:42:06.2320571+01:00" testType="13cdc9d9-ddb5-4fa4-a97d-d965ccfc6d4b" outcome="Passed" testListId="8c84fa94-04c1-424b-9868-57a2d4851a1d" relativeResultsDirectory="a651c071-70ed-439b-8923-5b1db0e16d78" />
    <UnitTestResult executionId="67884de6-7639-4570-9047-16c5a2227aa6" testId="d804f483-9b98-5d7d-ddfe-a15d08999d0f" testName="ManagementClientVmoClientFactory_CreateServerConnection_OAuth_BasicUser_Success" computerName="DKSR-EFI-06" duration="00:00:00.0012739" startTime="2024-01-09T15:42:06.7789351+01:00" endTime="2024-01-09T15:42:06.7789351+01:00" testType="13cdc9d9-ddb5-4fa4-a97d-d965ccfc6d4b" outcome="Passed" testListId="8c84fa94-04c1-424b-9868-57a2d4851a1d" relativeResultsDirectory="67884de6-7639-4570-9047-16c5a2227aa6" />
    <UnitTestResult executionId="118b9c4a-c6d6-4203-8eae-66e98a408b01" testId="2c33cd95-644c-4b79-0bb1-e6c4b2fa157e" testName="NavigationUIItem_ConstructorTest_TextEmpty" computerName="DKSR-EFI-06" duration="00:00:00.0005617" startTime="2024-01-09T15:42:06.8258092+01:00" endTime="2024-01-09T15:42:06.8258092+01:00" testType="13cdc9d9-ddb5-4fa4-a97d-d965ccfc6d4b" outcome="Passed" testListId="8c84fa94-04c1-424b-9868-57a2d4851a1d" relativeResultsDirectory="118b9c4a-c6d6-4203-8eae-66e98a408b01" />
    <UnitTestResult executionId="995b43ca-a7f8-491a-ab04-cb32deb67f3a" testId="983af164-2fd9-e739-c91a-8796e3167f4c" testName="IsSecureConnection_WindowsAuthenticationType_Returns_False" computerName="DKSR-EFI-06" duration="00:00:00.0003328" startTime="2024-01-09T15:42:05.8726796+01:00" endTime="2024-01-09T15:42:05.8726796+01:00" testType="13cdc9d9-ddb5-4fa4-a97d-d965ccfc6d4b" outcome="Passed" testListId="8c84fa94-04c1-424b-9868-57a2d4851a1d" relativeResultsDirectory="995b43ca-a7f8-491a-ab04-cb32deb67f3a" />
    <UnitTestResult executionId="6beb7b0a-69ac-42b5-984d-8a6d48713439" testId="45866eeb-fcd0-1520-450b-777e9542eb97" testName="ModifyUri_NullUri_ThrowsArgumentNullException" computerName="DKSR-EFI-06" duration="00:00:00.0010189" startTime="2024-01-09T15:42:06.3570989+01:00" endTime="2024-01-09T15:42:06.3570989+01:00" testType="13cdc9d9-ddb5-4fa4-a97d-d965ccfc6d4b" outcome="Passed" testListId="8c84fa94-04c1-424b-9868-57a2d4851a1d" relativeResultsDirectory="6beb7b0a-69ac-42b5-984d-8a6d48713439" />
    <UnitTestResult executionId="6286840c-1f48-4422-8587-8473cb821c4c" testId="bd1f22e6-c95c-b879-1bdf-1f4da04f29c5" testName="NavigationUIItemCollection_FromXml" computerName="DKSR-EFI-06" duration="00:00:00.7287085" startTime="2024-01-09T15:42:06.8570601+01:00" endTime="2024-01-09T15:42:07.5914372+01:00" testType="13cdc9d9-ddb5-4fa4-a97d-d965ccfc6d4b" outcome="Passed" testListId="8c84fa94-04c1-424b-9868-57a2d4851a1d" relativeResultsDirectory="6286840c-1f48-4422-8587-8473cb821c4c" />
    <UnitTestResult executionId="51dbdf17-7891-46cb-8284-a0c8adf98921" testId="762aea99-9366-243d-f857-209c23474477" testName="CheckAndModifyUri_NonStandardUri_UnsecureAllowed_SecureNotAvailable_ModifiedToHttp_PortUnchanged" computerName="DKSR-EFI-06" duration="00:00:00.0003621" startTime="2024-01-09T15:42:06.4508078+01:00" endTime="2024-01-09T15:42:06.4508078+01:00" testType="13cdc9d9-ddb5-4fa4-a97d-d965ccfc6d4b" outcome="Passed" testListId="8c84fa94-04c1-424b-9868-57a2d4851a1d" relativeResultsDirectory="51dbdf17-7891-46cb-8284-a0c8adf98921" />
    <UnitTestResult executionId="cdca2374-6472-4b84-b1ba-506af36064d7" testId="17e745ec-50f3-edbf-6ef2-de8d30e1affe" testName="ConnectionInfo_UserDomain_NameWindowsUserWithDomain" computerName="DKSR-EFI-06" duration="00:00:00.0011609" startTime="2024-01-09T15:42:06.2320571+01:00" endTime="2024-01-09T15:42:06.2320571+01:00" testType="13cdc9d9-ddb5-4fa4-a97d-d965ccfc6d4b" outcome="Passed" testListId="8c84fa94-04c1-424b-9868-57a2d4851a1d" relativeResultsDirectory="cdca2374-6472-4b84-b1ba-506af36064d7" />
    <UnitTestResult executionId="7031b680-8422-44b2-bc2a-785df84c0559" testId="b357cec5-9348-a910-a5f1-cbb5e29620f7" testName="AuthenticationWindows_SetProperties_Success" computerName="DKSR-EFI-06" duration="00:00:00.0006944" startTime="2024-01-09T15:42:05.8101802+01:00" endTime="2024-01-09T15:42:05.8101802+01:00" testType="13cdc9d9-ddb5-4fa4-a97d-d965ccfc6d4b" outcome="Passed" testListId="8c84fa94-04c1-424b-9868-57a2d4851a1d" relativeResultsDirectory="7031b680-8422-44b2-bc2a-785df84c0559" />
    <UnitTestResult executionId="3522d9e8-14ed-467c-b2d6-015cfb3ca9e9" testId="932232c0-7688-1343-4bbc-84d2f7184e06" testName="CheckAndModifyUri_StandardUri_UnsecureAllowed_SecureNotAvailable_ModifiedToHttpPort80" computerName="DKSR-EFI-06" duration="00:00:00.0006733" startTime="2024-01-09T15:42:06.4351822+01:00" endTime="2024-01-09T15:42:06.4351822+01:00" testType="13cdc9d9-ddb5-4fa4-a97d-d965ccfc6d4b" outcome="Passed" testListId="8c84fa94-04c1-424b-9868-57a2d4851a1d" relativeResultsDirectory="3522d9e8-14ed-467c-b2d6-015cfb3ca9e9" />
  </Results>
  <TestDefinitions>
    <UnitTest name="NavigationUIItem_ConstructorTest_TextEmpty" storage="d:\actions-runner\_work\xpco\xpco\corporate\videoos.administration.client.unittests\bin\x64\debug\net472\videoos.administration.client.unittests.dll" id="2c33cd95-644c-4b79-0bb1-e6c4b2fa157e">
      <Execution id="118b9c4a-c6d6-4203-8eae-66e98a408b01" />
      <TestMethod codeBase="D:\actions-runner\_work\XPCO\XPCO\Corporate\VideoOS.Administration.Client.UnitTests\bin\x64\Debug\net472\VideoOS.Administration.Client.UnitTests.dll" adapterTypeName="executor://mstestadapter/v2" className="VideoOS.Administration.Client.UnitTests.NavigationUIItemUnitTest" name="NavigationUIItem_ConstructorTest_TextEmpty" />
    </UnitTest>
    <UnitTest name="AuthenticationWindowsDefault_SetProperties_Success" storage="d:\actions-runner\_work\xpco\xpco\corporate\videoos.administration.client.unittests\bin\x64\debug\net472\videoos.administration.client.unittests.dll" id="ec31e27f-e823-a010-9420-6ae794d97d67">
      <TestCategory>
        <TestCategoryItem TestCategory="AuthenticationInfoTests" />
      </TestCategory>
      <Execution id="e52c3197-9037-4ffa-ac84-4a415f9e5e34" />
      <TestMethod codeBase="D:\actions-runner\_work\XPCO\XPCO\Corporate\VideoOS.Administration.Client.UnitTests\bin\x64\Debug\net472\VideoOS.Administration.Client.UnitTests.dll" adapterTypeName="executor://mstestadapter/v2" className="VideoOS.Common.Integration.UnitTests.AuthenticationInfoTests" name="AuthenticationWindowsDefault_SetProperties_Success" />
    </UnitTest>
    <UnitTest name="IsSecureConnection_InvalidUri_Null_Throws_ArgumentNullException" storage="d:\actions-runner\_work\xpco\xpco\corporate\videoos.administration.client.unittests\bin\x64\debug\net472\videoos.administration.client.unittests.dll" id="f3e70e22-e265-eee1-1de8-7832a1b290f6">
      <Execution id="52fb8226-590c-446d-820a-3be719dcb94b" />
      <TestMethod codeBase="D:\actions-runner\_work\XPCO\XPCO\Corporate\VideoOS.Administration.Client.UnitTests\bin\x64\Debug\net472\VideoOS.Administration.Client.UnitTests.dll" adapterTypeName="executor://mstestadapter/v2" className="VideoOS.Common.Integration.UnitTests.ServerValidation.LegacyConnectionInfoTests" name="IsSecureConnection_InvalidUri_Null_Throws_ArgumentNullException" />
    </UnitTest>
    <UnitTest name="CheckAndModifyUri_NonStandardUri_UnsecureAllowed_NoEndpointsAvailable_ThrowsInvalidOperationException" storage="d:\actions-runner\_work\xpco\xpco\corporate\videoos.administration.client.unittests\bin\x64\debug\net472\videoos.administration.client.unittests.dll" id="7fd4ef15-6251-e96e-37c0-6f41e323517b">
      <TestCategory>
        <TestCategoryItem TestCategory="UriHandler" />
      </TestCategory>
      <Execution id="33e247d5-430c-4438-8031-a100503c3572" />
      <TestMethod codeBase="D:\actions-runner\_work\XPCO\XPCO\Corporate\VideoOS.Administration.Client.UnitTests\bin\x64\Debug\net472\VideoOS.Administration.Client.UnitTests.dll" adapterTypeName="executor://mstestadapter/v2" className="VideoOS.Administration.Client.UnitTests.UriHandlerUnitTests" name="CheckAndModifyUri_NonStandardUri_UnsecureAllowed_NoEndpointsAvailable_ThrowsInvalidOperationException" />
    </UnitTest>
    <UnitTest name="CreateUri_FtpUrl_ThrowsInvalidOperationException" storage="d:\actions-runner\_work\xpco\xpco\corporate\videoos.administration.client.unittests\bin\x64\debug\net472\videoos.administration.client.unittests.dll" id="74e0cc28-84a6-3c81-b793-79495d48edbb">
      <TestCategory>
        <TestCategoryItem TestCategory="UriHandler" />
      </TestCategory>
      <Execution id="31e5504a-b335-4ae1-8645-6cef9c22e21e" />
      <TestMethod codeBase="D:\actions-runner\_work\XPCO\XPCO\Corporate\VideoOS.Administration.Client.UnitTests\bin\x64\Debug\net472\VideoOS.Administration.Client.UnitTests.dll" adapterTypeName="executor://mstestadapter/v2" className="VideoOS.Administration.Client.UnitTests.UriHandlerUnitTests" name="CreateUri_FtpUrl_ThrowsInvalidOperationException" />
    </UnitTest>
    <UnitTest name="IsSecureConnection_HasValidIdpServer_WithInvalidCertificate_UserNotAskedWhetherUnsecure_Throws_InvalidOperationException" storage="d:\actions-runner\_work\xpco\xpco\corporate\videoos.administration.client.unittests\bin\x64\debug\net472\videoos.administration.client.unittests.dll" id="c40eaa6b-b6f0-075c-1f63-1cd683070e03">
      <TestCategory>
        <TestCategoryItem TestCategory="Server Validation" />
      </TestCategory>
      <Execution id="d1966034-ffb2-4a55-9091-596409fb03fa" />
      <TestMethod codeBase="D:\actions-runner\_work\XPCO\XPCO\Corporate\VideoOS.Administration.Client.UnitTests\bin\x64\Debug\net472\VideoOS.Administration.Client.UnitTests.dll" adapterTypeName="executor://mstestadapter/v2" className="VideoOS.Common.Integration.UnitTests.ServerValidation.ServerConnectionInfoTests" name="IsSecureConnection_HasValidIdpServer_WithInvalidCertificate_UserNotAskedWhetherUnsecure_Throws_InvalidOperationException" />
    </UnitTest>
    <UnitTest name="ForceModifyUri_HttpsPort80_IsSecure_ModifiedToHttpsPort443" storage="d:\actions-runner\_work\xpco\xpco\corporate\videoos.administration.client.unittests\bin\x64\debug\net472\videoos.administration.client.unittests.dll" id="46a1fce3-bae2-7a9d-e315-d7bd027ab104">
      <TestCategory>
        <TestCategoryItem TestCategory="UriHandler" />
      </TestCategory>
      <Execution id="ecb772ec-4816-4210-92f2-b8e352e58485" />
      <TestMethod codeBase="D:\actions-runner\_work\XPCO\XPCO\Corporate\VideoOS.Administration.Client.UnitTests\bin\x64\Debug\net472\VideoOS.Administration.Client.UnitTests.dll" adapterTypeName="executor://mstestadapter/v2" className="VideoOS.Administration.Client.UnitTests.UriHandlerUnitTests" name="ForceModifyUri_HttpsPort80_IsSecure_ModifiedToHttpsPort443" />
    </UnitTest>
    <UnitTest name="ManagementClientVmoClientFactory_CreateServerConnection_Legacy_WindowsUser_Success" storage="d:\actions-runner\_work\xpco\xpco\corporate\videoos.administration.client.unittests\bin\x64\debug\net472\videoos.administration.client.unittests.dll" id="25c62ab8-bb69-9f5c-5778-177bc92e7dd8">
      <TestCategory>
        <TestCategoryItem TestCategory="ManagementClientVmoClientFactoryTests" />
      </TestCategory>
      <Execution id="74e046c1-070a-4b96-8166-5f5781c6ee6b" />
      <TestMethod codeBase="D:\actions-runner\_work\XPCO\XPCO\Corporate\VideoOS.Administration.Client.UnitTests\bin\x64\Debug\net472\VideoOS.Administration.Client.UnitTests.dll" adapterTypeName="executor://mstestadapter/v2" className="VideoOS.Administration.Client.UnitTests.ManagementClientVmoClientFactoryTests" name="ManagementClientVmoClientFactory_CreateServerConnection_Legacy_WindowsUser_Success" />
    </UnitTest>
    <UnitTest name="TestTabPluginInEventArgs" storage="d:\actions-runner\_work\xpco\xpco\corporate\videoos.administration.client.unittests\bin\x64\debug\net472\videoos.administration.client.unittests.dll" id="d07ebc18-0f13-a5bc-a913-ab59f0ee71a2">
      <Execution id="4d0a1df2-0890-4feb-8b29-380ae356de79" />
      <TestMethod codeBase="D:\actions-runner\_work\XPCO\XPCO\Corporate\VideoOS.Administration.Client.UnitTests\bin\x64\Debug\net472\VideoOS.Administration.Client.UnitTests.dll" adapterTypeName="executor://mstestadapter/v2" className="VideoOS.Administration.Client.UnitTests.FrameworkTest" name="TestTabPluginInEventArgs" />
    </UnitTest>
    <UnitTest name="ForceModifyUri_NonStandard_IsNotSecure_ThrowsInvalidOperationException" storage="d:\actions-runner\_work\xpco\xpco\corporate\videoos.administration.client.unittests\bin\x64\debug\net472\videoos.administration.client.unittests.dll" id="bf284477-3e5d-6487-cefd-ea665e8499d4">
      <TestCategory>
        <TestCategoryItem TestCategory="UriHandler" />
      </TestCategory>
      <Execution id="d9e3bdb1-863f-47ed-9342-cf2d05f70faf" />
      <TestMethod codeBase="D:\actions-runner\_work\XPCO\XPCO\Corporate\VideoOS.Administration.Client.UnitTests\bin\x64\Debug\net472\VideoOS.Administration.Client.UnitTests.dll" adapterTypeName="executor://mstestadapter/v2" className="VideoOS.Administration.Client.UnitTests.UriHandlerUnitTests" name="ForceModifyUri_NonStandard_IsNotSecure_ThrowsInvalidOperationException" />
    </UnitTest>
    <UnitTest name="ConnectionInfo_CredentialsBasicUser_NoDomain_Success" storage="d:\actions-runner\_work\xpco\xpco\corporate\videoos.administration.client.unittests\bin\x64\debug\net472\videoos.administration.client.unittests.dll" id="611b34d9-f854-9d54-0d0e-c015a266cb27">
      <Execution id="5e9fab7a-969e-469b-9f51-56eb3223b2ab" />
      <TestMethod codeBase="D:\actions-runner\_work\XPCO\XPCO\Corporate\VideoOS.Administration.Client.UnitTests\bin\x64\Debug\net472\VideoOS.Administration.Client.UnitTests.dll" adapterTypeName="executor://mstestadapter/v2" className="VideoOS.Common.Integration.UnitTests.Login.ConnectionInfoTests" name="ConnectionInfo_CredentialsBasicUser_NoDomain_Success" />
    </UnitTest>
    <UnitTest name="ModifyUri_NonStandardUri_UnsecureAllowed_SecureNotAvailable_ModifiedToHttp_PortUnchanged" storage="d:\actions-runner\_work\xpco\xpco\corporate\videoos.administration.client.unittests\bin\x64\debug\net472\videoos.administration.client.unittests.dll" id="02d9d575-32ef-a54b-0fea-5b4261a7323a">
      <TestCategory>
        <TestCategoryItem TestCategory="UriHandler" />
      </TestCategory>
      <Execution id="24ab8111-8d80-48d1-a58c-1f72f837075e" />
      <TestMethod codeBase="D:\actions-runner\_work\XPCO\XPCO\Corporate\VideoOS.Administration.Client.UnitTests\bin\x64\Debug\net472\VideoOS.Administration.Client.UnitTests.dll" adapterTypeName="executor://mstestadapter/v2" className="VideoOS.Administration.Client.UnitTests.UriHandlerUnitTests" name="ModifyUri_NonStandardUri_UnsecureAllowed_SecureNotAvailable_ModifiedToHttp_PortUnchanged" />
    </UnitTest>
    <UnitTest name="CheckAndModifyUri_StandardUri_UnsecureAllowed_SecureNotAvailable_ModifiedToHttpPort80" storage="d:\actions-runner\_work\xpco\xpco\corporate\videoos.administration.client.unittests\bin\x64\debug\net472\videoos.administration.client.unittests.dll" id="932232c0-7688-1343-4bbc-84d2f7184e06">
      <TestCategory>
        <TestCategoryItem TestCategory="UriHandler" />
      </TestCategory>
      <Execution id="3522d9e8-14ed-467c-b2d6-015cfb3ca9e9" />
      <TestMethod codeBase="D:\actions-runner\_work\XPCO\XPCO\Corporate\VideoOS.Administration.Client.UnitTests\bin\x64\Debug\net472\VideoOS.Administration.Client.UnitTests.dll" adapterTypeName="executor://mstestadapter/v2" className="VideoOS.Administration.Client.UnitTests.UriHandlerUnitTests" name="CheckAndModifyUri_StandardUri_UnsecureAllowed_SecureNotAvailable_ModifiedToHttpPort80" />
    </UnitTest>
    <UnitTest name="CheckAndModifyUri_StandardUri_UnsecureNotAllowed_SecureNotAvailable_ThrowsInvalidOperationException" storage="d:\actions-runner\_work\xpco\xpco\corporate\videoos.administration.client.unittests\bin\x64\debug\net472\videoos.administration.client.unittests.dll" id="9efd9cea-6d02-0c40-586a-6dffdfc13515">
      <TestCategory>
        <TestCategoryItem TestCategory="UriHandler" />
      </TestCategory>
      <Execution id="50e89a5e-31c5-4fae-bb37-186426cd3d0b" />
      <TestMethod codeBase="D:\actions-runner\_work\XPCO\XPCO\Corporate\VideoOS.Administration.Client.UnitTests\bin\x64\Debug\net472\VideoOS.Administration.Client.UnitTests.dll" adapterTypeName="executor://mstestadapter/v2" className="VideoOS.Administration.Client.UnitTests.UriHandlerUnitTests" name="CheckAndModifyUri_StandardUri_UnsecureNotAllowed_SecureNotAvailable_ThrowsInvalidOperationException" />
    </UnitTest>
    <UnitTest name="AuthenticationWindows_SetEnabled_Throws_InvalidOperationException" storage="d:\actions-runner\_work\xpco\xpco\corporate\videoos.administration.client.unittests\bin\x64\debug\net472\videoos.administration.client.unittests.dll" id="a523c830-0702-34eb-830f-dfa41cad7af7">
      <TestCategory>
        <TestCategoryItem TestCategory="AuthenticationInfoTests" />
      </TestCategory>
      <Execution id="b27af521-50b5-4e02-8122-b8c46dbcb6da" />
      <TestMethod codeBase="D:\actions-runner\_work\XPCO\XPCO\Corporate\VideoOS.Administration.Client.UnitTests\bin\x64\Debug\net472\VideoOS.Administration.Client.UnitTests.dll" adapterTypeName="executor://mstestadapter/v2" className="VideoOS.Common.Integration.UnitTests.AuthenticationInfoTests" name="AuthenticationWindows_SetEnabled_Throws_InvalidOperationException" />
    </UnitTest>
    <UnitTest name="AuthenticationWindows_SetName_Throws_InvalidOperationException" storage="d:\actions-runner\_work\xpco\xpco\corporate\videoos.administration.client.unittests\bin\x64\debug\net472\videoos.administration.client.unittests.dll" id="4ad75899-796a-abd6-35ad-8073482ecdef">
      <TestCategory>
        <TestCategoryItem TestCategory="AuthenticationInfoTests" />
      </TestCategory>
      <Execution id="a13c49c3-65b0-453c-a316-aa08d3303f38" />
      <TestMethod codeBase="D:\actions-runner\_work\XPCO\XPCO\Corporate\VideoOS.Administration.Client.UnitTests\bin\x64\Debug\net472\VideoOS.Administration.Client.UnitTests.dll" adapterTypeName="executor://mstestadapter/v2" className="VideoOS.Common.Integration.UnitTests.AuthenticationInfoTests" name="AuthenticationWindows_SetName_Throws_InvalidOperationException" />
    </UnitTest>
    <UnitTest name="ConnectionInfo_ExternalId_EmptyString_Throws_ArgumentNullException" storage="d:\actions-runner\_work\xpco\xpco\corporate\videoos.administration.client.unittests\bin\x64\debug\net472\videoos.administration.client.unittests.dll" id="33e82e10-d8f6-f106-56f3-206b1addb9ac">
      <Execution id="7b932f4a-3be1-4da9-b37e-97876544a7f2" />
      <TestMethod codeBase="D:\actions-runner\_work\XPCO\XPCO\Corporate\VideoOS.Administration.Client.UnitTests\bin\x64\Debug\net472\VideoOS.Administration.Client.UnitTests.dll" adapterTypeName="executor://mstestadapter/v2" className="VideoOS.Common.Integration.UnitTests.Login.ConnectionInfoTests" name="ConnectionInfo_ExternalId_EmptyString_Throws_ArgumentNullException" />
    </UnitTest>
    <UnitTest name="Launch_InvalidSecureEndpoint_InvalidUnsecureEndpoint_ThrowsInvalidOperationException" storage="d:\actions-runner\_work\xpco\xpco\corporate\videoos.administration.client.unittests\bin\x64\debug\net472\videoos.administration.client.unittests.dll" id="32d28584-0537-c70d-e8aa-25733a860578">
      <TestCategory>
        <TestCategoryItem TestCategory="UriHandler" />
      </TestCategory>
      <Execution id="4fd9e3cf-0078-4e7c-9a40-d5ada8731f08" />
      <TestMethod codeBase="D:\actions-runner\_work\XPCO\XPCO\Corporate\VideoOS.Administration.Client.UnitTests\bin\x64\Debug\net472\VideoOS.Administration.Client.UnitTests.dll" adapterTypeName="executor://mstestadapter/v2" className="VideoOS.Administration.Client.UnitTests.UriHandlerUnitTests" name="Launch_InvalidSecureEndpoint_InvalidUnsecureEndpoint_ThrowsInvalidOperationException" />
    </UnitTest>
    <UnitTest name="IsSecureConnection_HasValidIdpServer_WithInvalidCertificate_UserSaidNoToUnsecure_Throws_InvalidOperationException" storage="d:\actions-runner\_work\xpco\xpco\corporate\videoos.administration.client.unittests\bin\x64\debug\net472\videoos.administration.client.unittests.dll" id="70ca23f4-0222-9ebc-9174-f3f810b706d1">
      <TestCategory>
        <TestCategoryItem TestCategory="Server Validation" />
      </TestCategory>
      <Execution id="3b4ac441-65b1-49ac-9108-015391065f73" />
      <TestMethod codeBase="D:\actions-runner\_work\XPCO\XPCO\Corporate\VideoOS.Administration.Client.UnitTests\bin\x64\Debug\net472\VideoOS.Administration.Client.UnitTests.dll" adapterTypeName="executor://mstestadapter/v2" className="VideoOS.Common.Integration.UnitTests.ServerValidation.ServerConnectionInfoTests" name="IsSecureConnection_HasValidIdpServer_WithInvalidCertificate_UserSaidNoToUnsecure_Throws_InvalidOperationException" />
    </UnitTest>
    <UnitTest name="ConnectionInfo_CredentialsWindowsDefault_NoCredentials" storage="d:\actions-runner\_work\xpco\xpco\corporate\videoos.administration.client.unittests\bin\x64\debug\net472\videoos.administration.client.unittests.dll" id="f87cc64e-244f-af17-b932-1e37b461c1c6">
      <Execution id="239bd4b6-da3e-4615-a926-1dddc5e15920" />
      <TestMethod codeBase="D:\actions-runner\_work\XPCO\XPCO\Corporate\VideoOS.Administration.Client.UnitTests\bin\x64\Debug\net472\VideoOS.Administration.Client.UnitTests.dll" adapterTypeName="executor://mstestadapter/v2" className="VideoOS.Common.Integration.UnitTests.Login.ConnectionInfoTests" name="ConnectionInfo_CredentialsWindowsDefault_NoCredentials" />
    </UnitTest>
    <UnitTest name="CreateUri_UrlNoSchemePortNot80_SchemeBecomesHttps" storage="d:\actions-runner\_work\xpco\xpco\corporate\videoos.administration.client.unittests\bin\x64\debug\net472\videoos.administration.client.unittests.dll" id="36865be7-deea-626d-e523-6d3ff2fdc30e">
      <TestCategory>
        <TestCategoryItem TestCategory="UriHandler" />
      </TestCategory>
      <Execution id="b4e95d7d-7ff1-4ee7-a41c-7bca104e55cf" />
      <TestMethod codeBase="D:\actions-runner\_work\XPCO\XPCO\Corporate\VideoOS.Administration.Client.UnitTests\bin\x64\Debug\net472\VideoOS.Administration.Client.UnitTests.dll" adapterTypeName="executor://mstestadapter/v2" className="VideoOS.Administration.Client.UnitTests.UriHandlerUnitTests" name="CreateUri_UrlNoSchemePortNot80_SchemeBecomesHttps" />
    </UnitTest>
    <UnitTest name="IsSecureConnection_WindowsAuthenticationType_Returns_False" storage="d:\actions-runner\_work\xpco\xpco\corporate\videoos.administration.client.unittests\bin\x64\debug\net472\videoos.administration.client.unittests.dll" id="983af164-2fd9-e739-c91a-8796e3167f4c">
      <Execution id="995b43ca-a7f8-491a-ab04-cb32deb67f3a" />
      <TestMethod codeBase="D:\actions-runner\_work\XPCO\XPCO\Corporate\VideoOS.Administration.Client.UnitTests\bin\x64\Debug\net472\VideoOS.Administration.Client.UnitTests.dll" adapterTypeName="executor://mstestadapter/v2" className="VideoOS.Common.Integration.UnitTests.ServerValidation.LegacyConnectionInfoTests" name="IsSecureConnection_WindowsAuthenticationType_Returns_False" />
    </UnitTest>
    <UnitTest name="Launch_ValidSecureEndpoint_InvalidUnsecureEndpoint_InvalidCertificate_ThrowsInvalidOperationException" storage="d:\actions-runner\_work\xpco\xpco\corporate\videoos.administration.client.unittests\bin\x64\debug\net472\videoos.administration.client.unittests.dll" id="7104a889-b79a-d893-298b-896452e9bda9">
      <TestCategory>
        <TestCategoryItem TestCategory="UriHandler" />
      </TestCategory>
      <Execution id="c1317312-edec-4b74-8d3f-c27ade5ca6cd" />
      <TestMethod codeBase="D:\actions-runner\_work\XPCO\XPCO\Corporate\VideoOS.Administration.Client.UnitTests\bin\x64\Debug\net472\VideoOS.Administration.Client.UnitTests.dll" adapterTypeName="executor://mstestadapter/v2" className="VideoOS.Administration.Client.UnitTests.UriHandlerUnitTests" name="Launch_ValidSecureEndpoint_InvalidUnsecureEndpoint_InvalidCertificate_ThrowsInvalidOperationException" />
    </UnitTest>
    <UnitTest name="IsSiteWorking_ValidSecureEndpoint_InvalidCertificateNotAllowed_InvalidUnsecureEndpoint_ReturnsFalse" storage="d:\actions-runner\_work\xpco\xpco\corporate\videoos.administration.client.unittests\bin\x64\debug\net472\videoos.administration.client.unittests.dll" id="9846bc81-bfb1-305c-3e48-2f2dff2b66a8">
      <TestCategory>
        <TestCategoryItem TestCategory="UriHandler" />
      </TestCategory>
      <Execution id="869fb4d0-586a-45d0-9f09-3c8f886b28c8" />
      <TestMethod codeBase="D:\actions-runner\_work\XPCO\XPCO\Corporate\VideoOS.Administration.Client.UnitTests\bin\x64\Debug\net472\VideoOS.Administration.Client.UnitTests.dll" adapterTypeName="executor://mstestadapter/v2" className="VideoOS.Administration.Client.UnitTests.UriHandlerUnitTests" name="IsSiteWorking_ValidSecureEndpoint_InvalidCertificateNotAllowed_InvalidUnsecureEndpoint_ReturnsFalse" />
    </UnitTest>
    <UnitTest name="ConnectionInfo_UserDomain_NameBasicUserInvalidDomain_BasicPrefix" storage="d:\actions-runner\_work\xpco\xpco\corporate\videoos.administration.client.unittests\bin\x64\debug\net472\videoos.administration.client.unittests.dll" id="bcb3e5bf-1452-c941-032f-340f83cb1390">
      <Execution id="26eadba4-23ee-4cb5-add0-6ccf26a3a265" />
      <TestMethod codeBase="D:\actions-runner\_work\XPCO\XPCO\Corporate\VideoOS.Administration.Client.UnitTests\bin\x64\Debug\net472\VideoOS.Administration.Client.UnitTests.dll" adapterTypeName="executor://mstestadapter/v2" className="VideoOS.Common.Integration.UnitTests.Login.ConnectionInfoTests" name="ConnectionInfo_UserDomain_NameBasicUserInvalidDomain_BasicPrefix" />
    </UnitTest>
    <UnitTest name="ManagementClientVmoClientFactory_CreateServerConnection_NullConnectionInfoWithTokenCache_Throws_ArgumentNullException" storage="d:\actions-runner\_work\xpco\xpco\corporate\videoos.administration.client.unittests\bin\x64\debug\net472\videoos.administration.client.unittests.dll" id="27634e61-fac0-1807-efd6-391b8a22f716">
      <TestCategory>
        <TestCategoryItem TestCategory="ManagementClientVmoClientFactoryTests" />
      </TestCategory>
      <Execution id="8b4e752c-ac06-493a-a249-fc6d7d87f103" />
      <TestMethod codeBase="D:\actions-runner\_work\XPCO\XPCO\Corporate\VideoOS.Administration.Client.UnitTests\bin\x64\Debug\net472\VideoOS.Administration.Client.UnitTests.dll" adapterTypeName="executor://mstestadapter/v2" className="VideoOS.Administration.Client.UnitTests.ManagementClientVmoClientFactoryTests" name="ManagementClientVmoClientFactory_CreateServerConnection_NullConnectionInfoWithTokenCache_Throws_ArgumentNullException" />
    </UnitTest>
    <UnitTest name="ForceModifyUri_NonStandardHttps_IsNotSecure_ModifiedToHttp_PortUnchanged" storage="d:\actions-runner\_work\xpco\xpco\corporate\videoos.administration.client.unittests\bin\x64\debug\net472\videoos.administration.client.unittests.dll" id="a96676e4-87db-1a62-eb74-f8ae966e7bc4">
      <TestCategory>
        <TestCategoryItem TestCategory="UriHandler" />
      </TestCategory>
      <Execution id="2e42f9d3-2af7-436f-b49a-268f63460d56" />
      <TestMethod codeBase="D:\actions-runner\_work\XPCO\XPCO\Corporate\VideoOS.Administration.Client.UnitTests\bin\x64\Debug\net472\VideoOS.Administration.Client.UnitTests.dll" adapterTypeName="executor://mstestadapter/v2" className="VideoOS.Administration.Client.UnitTests.UriHandlerUnitTests" name="ForceModifyUri_NonStandardHttps_IsNotSecure_ModifiedToHttp_PortUnchanged" />
    </UnitTest>
    <UnitTest name="NavigationUIItem_ConstructorTest_TextNull" storage="d:\actions-runner\_work\xpco\xpco\corporate\videoos.administration.client.unittests\bin\x64\debug\net472\videoos.administration.client.unittests.dll" id="9885189a-2deb-53cf-9ad7-03eadd0ab8d5">
      <Execution id="6191e021-644a-4ce7-8789-6653e8da0363" />
      <TestMethod codeBase="D:\actions-runner\_work\XPCO\XPCO\Corporate\VideoOS.Administration.Client.UnitTests\bin\x64\Debug\net472\VideoOS.Administration.Client.UnitTests.dll" adapterTypeName="executor://mstestadapter/v2" className="VideoOS.Administration.Client.UnitTests.NavigationUIItemUnitTest" name="NavigationUIItem_ConstructorTest_TextNull" />
    </UnitTest>
    <UnitTest name="Construct_InvalidIIdpServerValidation_Throws_ArgumentNullException" storage="d:\actions-runner\_work\xpco\xpco\corporate\videoos.administration.client.unittests\bin\x64\debug\net472\videoos.administration.client.unittests.dll" id="33a270e3-4464-8331-7308-8c9587104102">
      <TestCategory>
        <TestCategoryItem TestCategory="Server Validation" />
      </TestCategory>
      <Execution id="1b4aa892-935d-411f-8e6e-0cc97f668efb" />
      <TestMethod codeBase="D:\actions-runner\_work\XPCO\XPCO\Corporate\VideoOS.Administration.Client.UnitTests\bin\x64\Debug\net472\VideoOS.Administration.Client.UnitTests.dll" adapterTypeName="executor://mstestadapter/v2" className="VideoOS.Common.Integration.UnitTests.ServerValidation.ServerConnectionInfoTests" name="Construct_InvalidIIdpServerValidation_Throws_ArgumentNullException" />
    </UnitTest>
    <UnitTest name="IsSecureConnection_HasValidIdpServer_WithInvalidCertificate_EventRaisedUserSaidYes_Returns_False" storage="d:\actions-runner\_work\xpco\xpco\corporate\videoos.administration.client.unittests\bin\x64\debug\net472\videoos.administration.client.unittests.dll" id="e55cd44c-b6ed-79c3-e36c-4d6408611b9d">
      <TestCategory>
        <TestCategoryItem TestCategory="Server Validation" />
      </TestCategory>
      <Execution id="0f7a12b2-f35c-4503-8507-aea5cb316b5b" />
      <TestMethod codeBase="D:\actions-runner\_work\XPCO\XPCO\Corporate\VideoOS.Administration.Client.UnitTests\bin\x64\Debug\net472\VideoOS.Administration.Client.UnitTests.dll" adapterTypeName="executor://mstestadapter/v2" className="VideoOS.Common.Integration.UnitTests.ServerValidation.ServerConnectionInfoTests" name="IsSecureConnection_HasValidIdpServer_WithInvalidCertificate_EventRaisedUserSaidYes_Returns_False" />
    </UnitTest>
    <UnitTest name="CreateProxyUsingLocalTokenCache_OAuthAuthenticationSecure_ReturnsExpected" storage="d:\actions-runner\_work\xpco\xpco\corporate\videoos.administration.client.unittests\bin\x64\debug\net472\videoos.administration.client.unittests.dll" id="1d11affc-3ca4-e9d6-5a51-0191d615dc9c">
      <TestCategory>
        <TestCategoryItem TestCategory="ServerProxyManagerFactory" />
      </TestCategory>
      <Execution id="820154c1-9f53-4400-a0c8-3bf1247b050d" />
      <TestMethod codeBase="D:\actions-runner\_work\XPCO\XPCO\Corporate\VideoOS.Administration.Client.UnitTests\bin\x64\Debug\net472\VideoOS.Administration.Client.UnitTests.dll" adapterTypeName="executor://mstestadapter/v2" className="VideoOS.Administration.Client.UnitTests.ServerProxyManagerFactoryTests" name="CreateProxyUsingLocalTokenCache_OAuthAuthenticationSecure_ReturnsExpected" />
    </UnitTest>
    <UnitTest name="IsSecureConnection_HasValidIdpServer_WithInvalidCertificate_UnsecureNotAvailable_Throws_InvalidOperationException" storage="d:\actions-runner\_work\xpco\xpco\corporate\videoos.administration.client.unittests\bin\x64\debug\net472\videoos.administration.client.unittests.dll" id="467d6231-c728-4a82-dbc9-92fa3394068d">
      <TestCategory>
        <TestCategoryItem TestCategory="Server Validation" />
      </TestCategory>
      <Execution id="3c774298-87ab-44d8-9890-5562db54e866" />
      <TestMethod codeBase="D:\actions-runner\_work\XPCO\XPCO\Corporate\VideoOS.Administration.Client.UnitTests\bin\x64\Debug\net472\VideoOS.Administration.Client.UnitTests.dll" adapterTypeName="executor://mstestadapter/v2" className="VideoOS.Common.Integration.UnitTests.ServerValidation.ServerConnectionInfoTests" name="IsSecureConnection_HasValidIdpServer_WithInvalidCertificate_UnsecureNotAvailable_Throws_InvalidOperationException" />
    </UnitTest>
    <UnitTest name="Construct_InvalidILog_Throws_ArgumentNullException" storage="d:\actions-runner\_work\xpco\xpco\corporate\videoos.administration.client.unittests\bin\x64\debug\net472\videoos.administration.client.unittests.dll" id="5e4e1f01-c541-2c46-a0e5-cc0c027ac125">
      <TestCategory>
        <TestCategoryItem TestCategory="Server Validation" />
      </TestCategory>
      <Execution id="651a29ed-2122-4b89-beff-15f16bdcc305" />
      <TestMethod codeBase="D:\actions-runner\_work\XPCO\XPCO\Corporate\VideoOS.Administration.Client.UnitTests\bin\x64\Debug\net472\VideoOS.Administration.Client.UnitTests.dll" adapterTypeName="executor://mstestadapter/v2" className="VideoOS.Common.Integration.UnitTests.ServerValidation.ServerConnectionInfoTests" name="Construct_InvalidILog_Throws_ArgumentNullException" />
    </UnitTest>
    <UnitTest name="ForceModifyUri_NonStandardHttp_IsSecure_ModifiedToHttps_PortUnchanged" storage="d:\actions-runner\_work\xpco\xpco\corporate\videoos.administration.client.unittests\bin\x64\debug\net472\videoos.administration.client.unittests.dll" id="725c9b7f-e504-99ff-34e5-c8bf30db6e60">
      <TestCategory>
        <TestCategoryItem TestCategory="UriHandler" />
      </TestCategory>
      <Execution id="3b38ae73-e721-46ae-9664-641099f4c3e5" />
      <TestMethod codeBase="D:\actions-runner\_work\XPCO\XPCO\Corporate\VideoOS.Administration.Client.UnitTests\bin\x64\Debug\net472\VideoOS.Administration.Client.UnitTests.dll" adapterTypeName="executor://mstestadapter/v2" className="VideoOS.Administration.Client.UnitTests.UriHandlerUnitTests" name="ForceModifyUri_NonStandardHttp_IsSecure_ModifiedToHttps_PortUnchanged" />
    </UnitTest>
    <UnitTest name="IsSiteWorking_InvalidSecureEndpoint_InvalidUnsecureEndpoint_ReturnsFalse" storage="d:\actions-runner\_work\xpco\xpco\corporate\videoos.administration.client.unittests\bin\x64\debug\net472\videoos.administration.client.unittests.dll" id="ccae6f29-2598-051a-9376-5b68ce8a55da">
      <TestCategory>
        <TestCategoryItem TestCategory="UriHandler" />
      </TestCategory>
      <Execution id="a6c7ee59-8c86-432f-90a7-67a2ea26afac" />
      <TestMethod codeBase="D:\actions-runner\_work\XPCO\XPCO\Corporate\VideoOS.Administration.Client.UnitTests\bin\x64\Debug\net472\VideoOS.Administration.Client.UnitTests.dll" adapterTypeName="executor://mstestadapter/v2" className="VideoOS.Administration.Client.UnitTests.UriHandlerUnitTests" name="IsSiteWorking_InvalidSecureEndpoint_InvalidUnsecureEndpoint_ReturnsFalse" />
    </UnitTest>
    <UnitTest name="ManagementClientVmoClientFactory_CreateServerConnection_OAuth_DefaultWindowsUser_Success" storage="d:\actions-runner\_work\xpco\xpco\corporate\videoos.administration.client.unittests\bin\x64\debug\net472\videoos.administration.client.unittests.dll" id="16eacdb0-eb71-ae97-4a3c-e46c0504dfdb">
      <TestCategory>
        <TestCategoryItem TestCategory="ManagementClientVmoClientFactoryTests" />
      </TestCategory>
      <Execution id="88f2a2df-c1a1-4359-b884-4a3c06d7d6bb" />
      <TestMethod codeBase="D:\actions-runner\_work\XPCO\XPCO\Corporate\VideoOS.Administration.Client.UnitTests\bin\x64\Debug\net472\VideoOS.Administration.Client.UnitTests.dll" adapterTypeName="executor://mstestadapter/v2" className="VideoOS.Administration.Client.UnitTests.ManagementClientVmoClientFactoryTests" name="ManagementClientVmoClientFactory_CreateServerConnection_OAuth_DefaultWindowsUser_Success" />
    </UnitTest>
    <UnitTest name="CheckAndModifyUri_NonStandardUri_UnsecureAllowedUnknown_SecureNotAvailable_ThrowsInvalidOperationException" storage="d:\actions-runner\_work\xpco\xpco\corporate\videoos.administration.client.unittests\bin\x64\debug\net472\videoos.administration.client.unittests.dll" id="71a6d589-1c8e-fb28-bc4c-ac97c2a54c82">
      <TestCategory>
        <TestCategoryItem TestCategory="UriHandler" />
      </TestCategory>
      <Execution id="d620d223-adcb-4a5c-a7b0-cb493fd36585" />
      <TestMethod codeBase="D:\actions-runner\_work\XPCO\XPCO\Corporate\VideoOS.Administration.Client.UnitTests\bin\x64\Debug\net472\VideoOS.Administration.Client.UnitTests.dll" adapterTypeName="executor://mstestadapter/v2" className="VideoOS.Administration.Client.UnitTests.UriHandlerUnitTests" name="CheckAndModifyUri_NonStandardUri_UnsecureAllowedUnknown_SecureNotAvailable_ThrowsInvalidOperationException" />
    </UnitTest>
    <UnitTest name="SplitDomainAndUserName_ReturnsDomain_OnOriginaluserNameContainingDomainName" storage="d:\actions-runner\_work\xpco\xpco\corporate\videoos.administration.client.unittests\bin\x64\debug\net472\videoos.administration.client.unittests.dll" id="4d91fb62-e0eb-2465-f21d-a551d08bdd62">
      <TestCategory>
        <TestCategoryItem TestCategory="ConnectionInfo" />
      </TestCategory>
      <Execution id="72931d86-a5a5-41f8-9192-424bcc072285" />
      <TestMethod codeBase="D:\actions-runner\_work\XPCO\XPCO\Corporate\VideoOS.Administration.Client.UnitTests\bin\x64\Debug\net472\VideoOS.Administration.Client.UnitTests.dll" adapterTypeName="executor://mstestadapter/v2" className="VideoOS.Common.Integration.UnitTests.Login.ConnectionInfoTests" name="SplitDomainAndUserName_ReturnsDomain_OnOriginaluserNameContainingDomainName" />
    </UnitTest>
    <UnitTest name="CreateProxyUsingLocalTokenCache_LegacyBasicAuthentication_ReturnsExpected" storage="d:\actions-runner\_work\xpco\xpco\corporate\videoos.administration.client.unittests\bin\x64\debug\net472\videoos.administration.client.unittests.dll" id="c57cd4f6-65d6-f6f1-409f-66e2a5261342">
      <TestCategory>
        <TestCategoryItem TestCategory="ServerProxyManagerFactory" />
      </TestCategory>
      <Execution id="c589bf2d-e1a9-45b9-8a74-73ff10ef17f8" />
      <TestMethod codeBase="D:\actions-runner\_work\XPCO\XPCO\Corporate\VideoOS.Administration.Client.UnitTests\bin\x64\Debug\net472\VideoOS.Administration.Client.UnitTests.dll" adapterTypeName="executor://mstestadapter/v2" className="VideoOS.Administration.Client.UnitTests.ServerProxyManagerFactoryTests" name="CreateProxyUsingLocalTokenCache_LegacyBasicAuthentication_ReturnsExpected" />
    </UnitTest>
    <UnitTest name="ModifyUri_StandardUri_UnsecureAllowed_SecureAvailable_ModifiedToHttpsPort443" storage="d:\actions-runner\_work\xpco\xpco\corporate\videoos.administration.client.unittests\bin\x64\debug\net472\videoos.administration.client.unittests.dll" id="f5fdd7e6-f9e2-d55e-2c9c-87cb25adfd70">
      <TestCategory>
        <TestCategoryItem TestCategory="UriHandler" />
      </TestCategory>
      <Execution id="6c182f08-ea23-458a-8985-983619fa25d6" />
      <TestMethod codeBase="D:\actions-runner\_work\XPCO\XPCO\Corporate\VideoOS.Administration.Client.UnitTests\bin\x64\Debug\net472\VideoOS.Administration.Client.UnitTests.dll" adapterTypeName="executor://mstestadapter/v2" className="VideoOS.Administration.Client.UnitTests.UriHandlerUnitTests" name="ModifyUri_StandardUri_UnsecureAllowed_SecureAvailable_ModifiedToHttpsPort443" />
    </UnitTest>
    <UnitTest name="SplitDomainAndUserName_ReturnsUserName_OnOriginaluserNameWithoutDomainName" storage="d:\actions-runner\_work\xpco\xpco\corporate\videoos.administration.client.unittests\bin\x64\debug\net472\videoos.administration.client.unittests.dll" id="7a8b3238-6432-2977-b3b0-f80b57f64697">
      <TestCategory>
        <TestCategoryItem TestCategory="ConnectionInfo" />
      </TestCategory>
      <Execution id="99d380c1-9782-49fa-a4b7-a3f484fe353c" />
      <TestMethod codeBase="D:\actions-runner\_work\XPCO\XPCO\Corporate\VideoOS.Administration.Client.UnitTests\bin\x64\Debug\net472\VideoOS.Administration.Client.UnitTests.dll" adapterTypeName="executor://mstestadapter/v2" className="VideoOS.Common.Integration.UnitTests.Login.ConnectionInfoTests" name="SplitDomainAndUserName_ReturnsUserName_OnOriginaluserNameWithoutDomainName" />
    </UnitTest>
    <UnitTest name="CreateUri_HttpsUrlPort80_SchemeRemainsHttps_PortRemains80" storage="d:\actions-runner\_work\xpco\xpco\corporate\videoos.administration.client.unittests\bin\x64\debug\net472\videoos.administration.client.unittests.dll" id="fc8629c6-1944-c18c-339a-2f2afb74520f">
      <TestCategory>
        <TestCategoryItem TestCategory="UriHandler" />
      </TestCategory>
      <Execution id="09e6d34f-4b90-4d94-b042-b2d87c8e656d" />
      <TestMethod codeBase="D:\actions-runner\_work\XPCO\XPCO\Corporate\VideoOS.Administration.Client.UnitTests\bin\x64\Debug\net472\VideoOS.Administration.Client.UnitTests.dll" adapterTypeName="executor://mstestadapter/v2" className="VideoOS.Administration.Client.UnitTests.UriHandlerUnitTests" name="CreateUri_HttpsUrlPort80_SchemeRemainsHttps_PortRemains80" />
    </UnitTest>
    <UnitTest name="CreateProxyUsingLocalTokenCache_OAuthAuthenticationUnsecure_ReturnsExpected" storage="d:\actions-runner\_work\xpco\xpco\corporate\videoos.administration.client.unittests\bin\x64\debug\net472\videoos.administration.client.unittests.dll" id="92b11ede-0ff2-0666-834d-f31bf491e1ad">
      <TestCategory>
        <TestCategoryItem TestCategory="ServerProxyManagerFactory" />
      </TestCategory>
      <Execution id="0e8a7335-e7b1-4b3c-ba14-f802a8c27af2" />
      <TestMethod codeBase="D:\actions-runner\_work\XPCO\XPCO\Corporate\VideoOS.Administration.Client.UnitTests\bin\x64\Debug\net472\VideoOS.Administration.Client.UnitTests.dll" adapterTypeName="executor://mstestadapter/v2" className="VideoOS.Administration.Client.UnitTests.ServerProxyManagerFactoryTests" name="CreateProxyUsingLocalTokenCache_OAuthAuthenticationUnsecure_ReturnsExpected" />
    </UnitTest>
    <UnitTest name="ConnectionInfo_UserDomain_NameWindowsUserWithDomain" storage="d:\actions-runner\_work\xpco\xpco\corporate\videoos.administration.client.unittests\bin\x64\debug\net472\videoos.administration.client.unittests.dll" id="17e745ec-50f3-edbf-6ef2-de8d30e1affe">
      <Execution id="cdca2374-6472-4b84-b1ba-506af36064d7" />
      <TestMethod codeBase="D:\actions-runner\_work\XPCO\XPCO\Corporate\VideoOS.Administration.Client.UnitTests\bin\x64\Debug\net472\VideoOS.Administration.Client.UnitTests.dll" adapterTypeName="executor://mstestadapter/v2" className="VideoOS.Common.Integration.UnitTests.Login.ConnectionInfoTests" name="ConnectionInfo_UserDomain_NameWindowsUserWithDomain" />
    </UnitTest>
    <UnitTest name="ModifyUri_StandardUri_UnsecureAllowed_SecureNotAvailable_ModifiedToHttpPort80" storage="d:\actions-runner\_work\xpco\xpco\corporate\videoos.administration.client.unittests\bin\x64\debug\net472\videoos.administration.client.unittests.dll" id="b68cd444-c91f-251d-c429-03651fe16df7">
      <TestCategory>
        <TestCategoryItem TestCategory="UriHandler" />
      </TestCategory>
      <Execution id="30a6ced8-5fc8-4505-9777-ed7b4f3f50fc" />
      <TestMethod codeBase="D:\actions-runner\_work\XPCO\XPCO\Corporate\VideoOS.Administration.Client.UnitTests\bin\x64\Debug\net472\VideoOS.Administration.Client.UnitTests.dll" adapterTypeName="executor://mstestadapter/v2" className="VideoOS.Administration.Client.UnitTests.UriHandlerUnitTests" name="ModifyUri_StandardUri_UnsecureAllowed_SecureNotAvailable_ModifiedToHttpPort80" />
    </UnitTest>
    <UnitTest name="IsSecureConnection_BasicAuthenticationType_Returns_True" storage="d:\actions-runner\_work\xpco\xpco\corporate\videoos.administration.client.unittests\bin\x64\debug\net472\videoos.administration.client.unittests.dll" id="f26f2ee1-c8b2-c1e8-ce20-e3dba3d55d34">
      <Execution id="5623b74a-5be0-4f41-9d39-368292d88863" />
      <TestMethod codeBase="D:\actions-runner\_work\XPCO\XPCO\Corporate\VideoOS.Administration.Client.UnitTests\bin\x64\Debug\net472\VideoOS.Administration.Client.UnitTests.dll" adapterTypeName="executor://mstestadapter/v2" className="VideoOS.Common.Integration.UnitTests.ServerValidation.LegacyConnectionInfoTests" name="IsSecureConnection_BasicAuthenticationType_Returns_True" />
    </UnitTest>
    <UnitTest name="CheckAndModifyUri_NonStandardUri_UnsecureAllowedUnknown_SecureAvailable_ModifiedToHttps_PortUnchanged" storage="d:\actions-runner\_work\xpco\xpco\corporate\videoos.administration.client.unittests\bin\x64\debug\net472\videoos.administration.client.unittests.dll" id="eea90ef0-a3fc-7bb6-cee2-31b8be7f9bb9">
      <TestCategory>
        <TestCategoryItem TestCategory="UriHandler" />
      </TestCategory>
      <Execution id="e85d6ff7-4d3f-4c0f-b8c3-50925e8c0c31" />
      <TestMethod codeBase="D:\actions-runner\_work\XPCO\XPCO\Corporate\VideoOS.Administration.Client.UnitTests\bin\x64\Debug\net472\VideoOS.Administration.Client.UnitTests.dll" adapterTypeName="executor://mstestadapter/v2" className="VideoOS.Administration.Client.UnitTests.UriHandlerUnitTests" name="CheckAndModifyUri_NonStandardUri_UnsecureAllowedUnknown_SecureAvailable_ModifiedToHttps_PortUnchanged" />
    </UnitTest>
    <UnitTest name="ManagementClientVmoClientFactory_CreateServerConnection_Legacy_DefaultWindowsUser_Success" storage="d:\actions-runner\_work\xpco\xpco\corporate\videoos.administration.client.unittests\bin\x64\debug\net472\videoos.administration.client.unittests.dll" id="e332c220-ffa2-6618-10ac-5cd2afcfd3f3">
      <TestCategory>
        <TestCategoryItem TestCategory="ManagementClientVmoClientFactoryTests" />
      </TestCategory>
      <Execution id="538e8a28-9e7c-4af5-89d8-5150ec851bc5" />
      <TestMethod codeBase="D:\actions-runner\_work\XPCO\XPCO\Corporate\VideoOS.Administration.Client.UnitTests\bin\x64\Debug\net472\VideoOS.Administration.Client.UnitTests.dll" adapterTypeName="executor://mstestadapter/v2" className="VideoOS.Administration.Client.UnitTests.ManagementClientVmoClientFactoryTests" name="ManagementClientVmoClientFactory_CreateServerConnection_Legacy_DefaultWindowsUser_Success" />
    </UnitTest>
    <UnitTest name="Launch_NullUri_ThrowsArgumentNullException" storage="d:\actions-runner\_work\xpco\xpco\corporate\videoos.administration.client.unittests\bin\x64\debug\net472\videoos.administration.client.unittests.dll" id="b0b90fda-da1b-ec85-e376-7226be0a67a9">
      <TestCategory>
        <TestCategoryItem TestCategory="UriHandler" />
      </TestCategory>
      <Execution id="9ce5ef86-973d-4ea7-93d2-efc4191b9862" />
      <TestMethod codeBase="D:\actions-runner\_work\XPCO\XPCO\Corporate\VideoOS.Administration.Client.UnitTests\bin\x64\Debug\net472\VideoOS.Administration.Client.UnitTests.dll" adapterTypeName="executor://mstestadapter/v2" className="VideoOS.Administration.Client.UnitTests.UriHandlerUnitTests" name="Launch_NullUri_ThrowsArgumentNullException" />
    </UnitTest>
    <UnitTest name="ModifyUri_NullUri_ThrowsArgumentNullException" storage="d:\actions-runner\_work\xpco\xpco\corporate\videoos.administration.client.unittests\bin\x64\debug\net472\videoos.administration.client.unittests.dll" id="45866eeb-fcd0-1520-450b-777e9542eb97">
      <TestCategory>
        <TestCategoryItem TestCategory="UriHandler" />
      </TestCategory>
      <Execution id="6beb7b0a-69ac-42b5-984d-8a6d48713439" />
      <TestMethod codeBase="D:\actions-runner\_work\XPCO\XPCO\Corporate\VideoOS.Administration.Client.UnitTests\bin\x64\Debug\net472\VideoOS.Administration.Client.UnitTests.dll" adapterTypeName="executor://mstestadapter/v2" className="VideoOS.Administration.Client.UnitTests.UriHandlerUnitTests" name="ModifyUri_NullUri_ThrowsArgumentNullException" />
    </UnitTest>
    <UnitTest name="CreateUri_Null_ThrowsArgumentNullException" storage="d:\actions-runner\_work\xpco\xpco\corporate\videoos.administration.client.unittests\bin\x64\debug\net472\videoos.administration.client.unittests.dll" id="08541754-5275-56b1-09aa-40306d648c32">
      <TestCategory>
        <TestCategoryItem TestCategory="UriHandler" />
      </TestCategory>
      <Execution id="7670c9e5-b5b7-4bab-9f82-f0b55dd5832b" />
      <TestMethod codeBase="D:\actions-runner\_work\XPCO\XPCO\Corporate\VideoOS.Administration.Client.UnitTests\bin\x64\Debug\net472\VideoOS.Administration.Client.UnitTests.dll" adapterTypeName="executor://mstestadapter/v2" className="VideoOS.Administration.Client.UnitTests.UriHandlerUnitTests" name="CreateUri_Null_ThrowsArgumentNullException" />
    </UnitTest>
    <UnitTest name="AuthenticationExternal_CopyConstructor_NullBaseAuth_Throws_ArgumentNullException" storage="d:\actions-runner\_work\xpco\xpco\corporate\videoos.administration.client.unittests\bin\x64\debug\net472\videoos.administration.client.unittests.dll" id="a7816d57-3ae3-1109-f4bd-8c4b2f740479">
      <TestCategory>
        <TestCategoryItem TestCategory="AuthenticationInfoTests" />
      </TestCategory>
      <Execution id="f10a91f5-02e7-48b7-9af6-64af198ffe0c" />
      <TestMethod codeBase="D:\actions-runner\_work\XPCO\XPCO\Corporate\VideoOS.Administration.Client.UnitTests\bin\x64\Debug\net472\VideoOS.Administration.Client.UnitTests.dll" adapterTypeName="executor://mstestadapter/v2" className="VideoOS.Common.Integration.UnitTests.AuthenticationInfoTests" name="AuthenticationExternal_CopyConstructor_NullBaseAuth_Throws_ArgumentNullException" />
    </UnitTest>
    <UnitTest name="CheckAndModifyUri_StandardUri_InvalidCertificateAllowed_InvalidCertificate_ModifiedToHttpsPort443" storage="d:\actions-runner\_work\xpco\xpco\corporate\videoos.administration.client.unittests\bin\x64\debug\net472\videoos.administration.client.unittests.dll" id="3796ebab-a062-692f-40e4-13fa39c4526e">
      <TestCategory>
        <TestCategoryItem TestCategory="UriHandler" />
      </TestCategory>
      <Execution id="4465139f-7a64-4cc4-a62c-e3374dc168a6" />
      <TestMethod codeBase="D:\actions-runner\_work\XPCO\XPCO\Corporate\VideoOS.Administration.Client.UnitTests\bin\x64\Debug\net472\VideoOS.Administration.Client.UnitTests.dll" adapterTypeName="executor://mstestadapter/v2" className="VideoOS.Administration.Client.UnitTests.UriHandlerUnitTests" name="CheckAndModifyUri_StandardUri_InvalidCertificateAllowed_InvalidCertificate_ModifiedToHttpsPort443" />
    </UnitTest>
    <UnitTest name="AuthenticationBasic_SetName_Throws_InvalidOperationException" storage="d:\actions-runner\_work\xpco\xpco\corporate\videoos.administration.client.unittests\bin\x64\debug\net472\videoos.administration.client.unittests.dll" id="fa7fde75-cd83-4464-0874-b48accbf7fec">
      <TestCategory>
        <TestCategoryItem TestCategory="AuthenticationInfoTests" />
      </TestCategory>
      <Execution id="01c891ea-0f24-4b65-9493-fff1cbaae052" />
      <TestMethod codeBase="D:\actions-runner\_work\XPCO\XPCO\Corporate\VideoOS.Administration.Client.UnitTests\bin\x64\Debug\net472\VideoOS.Administration.Client.UnitTests.dll" adapterTypeName="executor://mstestadapter/v2" className="VideoOS.Common.Integration.UnitTests.AuthenticationInfoTests" name="AuthenticationBasic_SetName_Throws_InvalidOperationException" />
    </UnitTest>
    <UnitTest name="NavigationUIItem_ConstructorTest_IdEmpty" storage="d:\actions-runner\_work\xpco\xpco\corporate\videoos.administration.client.unittests\bin\x64\debug\net472\videoos.administration.client.unittests.dll" id="50f2dfd2-26a2-52d2-d1e0-b3064cc0d92f">
      <Execution id="640c0585-9849-4f05-a76b-44be73d1796e" />
      <TestMethod codeBase="D:\actions-runner\_work\XPCO\XPCO\Corporate\VideoOS.Administration.Client.UnitTests\bin\x64\Debug\net472\VideoOS.Administration.Client.UnitTests.dll" adapterTypeName="executor://mstestadapter/v2" className="VideoOS.Administration.Client.UnitTests.NavigationUIItemUnitTest" name="NavigationUIItem_ConstructorTest_IdEmpty" />
    </UnitTest>
    <UnitTest name="CreateProxyUsingLocalTokenCache_LegacyWindowsAuthentication_ReturnsExpected" storage="d:\actions-runner\_work\xpco\xpco\corporate\videoos.administration.client.unittests\bin\x64\debug\net472\videoos.administration.client.unittests.dll" id="31300cfa-948f-6587-4c9f-75a92c14e676">
      <TestCategory>
        <TestCategoryItem TestCategory="ServerProxyManagerFactory" />
      </TestCategory>
      <Execution id="47ae3921-fe00-4cc0-bc88-1e4a02be14e1" />
      <TestMethod codeBase="D:\actions-runner\_work\XPCO\XPCO\Corporate\VideoOS.Administration.Client.UnitTests\bin\x64\Debug\net472\VideoOS.Administration.Client.UnitTests.dll" adapterTypeName="executor://mstestadapter/v2" className="VideoOS.Administration.Client.UnitTests.ServerProxyManagerFactoryTests" name="CreateProxyUsingLocalTokenCache_LegacyWindowsAuthentication_ReturnsExpected" />
    </UnitTest>
    <UnitTest name="ModifyUri_StandardUri_UnsecureAllowedUnknown_SecureAvailable_ModifiedToHttpsPort443" storage="d:\actions-runner\_work\xpco\xpco\corporate\videoos.administration.client.unittests\bin\x64\debug\net472\videoos.administration.client.unittests.dll" id="f5bcff7f-e72c-5178-7d8f-3de54315c06d">
      <TestCategory>
        <TestCategoryItem TestCategory="UriHandler" />
      </TestCategory>
      <Execution id="a6138772-791a-4724-86cc-6e1890b62ffc" />
      <TestMethod codeBase="D:\actions-runner\_work\XPCO\XPCO\Corporate\VideoOS.Administration.Client.UnitTests\bin\x64\Debug\net472\VideoOS.Administration.Client.UnitTests.dll" adapterTypeName="executor://mstestadapter/v2" className="VideoOS.Administration.Client.UnitTests.UriHandlerUnitTests" name="ModifyUri_StandardUri_UnsecureAllowedUnknown_SecureAvailable_ModifiedToHttpsPort443" />
    </UnitTest>
    <UnitTest name="ManagementClientVmoClientFactory_CreateServerConnection_NullConnectionInfo_Throws_ArgumentNullException" storage="d:\actions-runner\_work\xpco\xpco\corporate\videoos.administration.client.unittests\bin\x64\debug\net472\videoos.administration.client.unittests.dll" id="c308abad-42f1-9653-b3ae-91990189ecc2">
      <TestCategory>
        <TestCategoryItem TestCategory="ManagementClientVmoClientFactoryTests" />
      </TestCategory>
      <Execution id="5b567d80-cc44-4c15-89d3-ca7314423d59" />
      <TestMethod codeBase="D:\actions-runner\_work\XPCO\XPCO\Corporate\VideoOS.Administration.Client.UnitTests\bin\x64\Debug\net472\VideoOS.Administration.Client.UnitTests.dll" adapterTypeName="executor://mstestadapter/v2" className="VideoOS.Administration.Client.UnitTests.ManagementClientVmoClientFactoryTests" name="ManagementClientVmoClientFactory_CreateServerConnection_NullConnectionInfo_Throws_ArgumentNullException" />
    </UnitTest>
    <UnitTest name="ConnectionInfo_NullProviderId_Success" storage="d:\actions-runner\_work\xpco\xpco\corporate\videoos.administration.client.unittests\bin\x64\debug\net472\videoos.administration.client.unittests.dll" id="a8e9316d-6671-6e15-640c-59c7a10f97bf">
      <Execution id="cb51cef0-e39b-46df-b120-39b8198d92a3" />
      <TestMethod codeBase="D:\actions-runner\_work\XPCO\XPCO\Corporate\VideoOS.Administration.Client.UnitTests\bin\x64\Debug\net472\VideoOS.Administration.Client.UnitTests.dll" adapterTypeName="executor://mstestadapter/v2" className="VideoOS.Common.Integration.UnitTests.Login.ConnectionInfoTests" name="ConnectionInfo_NullProviderId_Success" />
    </UnitTest>
    <UnitTest name="ModifyUri_NonStandardUri_UnsecureAllowedUnknown_SecureAvailable_ModifiedToHttps_PortUnchanged" storage="d:\actions-runner\_work\xpco\xpco\corporate\videoos.administration.client.unittests\bin\x64\debug\net472\videoos.administration.client.unittests.dll" id="b404b103-5177-62f2-98ae-e7ccf19ad686">
      <TestCategory>
        <TestCategoryItem TestCategory="UriHandler" />
      </TestCategory>
      <Execution id="1d0a7a99-6728-4d5b-854f-02fcf915796f" />
      <TestMethod codeBase="D:\actions-runner\_work\XPCO\XPCO\Corporate\VideoOS.Administration.Client.UnitTests\bin\x64\Debug\net472\VideoOS.Administration.Client.UnitTests.dll" adapterTypeName="executor://mstestadapter/v2" className="VideoOS.Administration.Client.UnitTests.UriHandlerUnitTests" name="ModifyUri_NonStandardUri_UnsecureAllowedUnknown_SecureAvailable_ModifiedToHttps_PortUnchanged" />
    </UnitTest>
    <UnitTest name="ManagementClientVmoClientFactory_CreateClient_OAuth_Matches_CreateServerConnection" storage="d:\actions-runner\_work\xpco\xpco\corporate\videoos.administration.client.unittests\bin\x64\debug\net472\videoos.administration.client.unittests.dll" id="621bc5ee-dd49-4881-7b2f-3fe06f5fb404">
      <TestCategory>
        <TestCategoryItem TestCategory="ManagementClientVmoClientFactoryTests" />
      </TestCategory>
      <Execution id="91c577c5-484a-4ecd-9aba-d8df4afab1f8" />
      <TestMethod codeBase="D:\actions-runner\_work\XPCO\XPCO\Corporate\VideoOS.Administration.Client.UnitTests\bin\x64\Debug\net472\VideoOS.Administration.Client.UnitTests.dll" adapterTypeName="executor://mstestadapter/v2" className="VideoOS.Administration.Client.UnitTests.ManagementClientVmoClientFactoryTests" name="ManagementClientVmoClientFactory_CreateClient_OAuth_Matches_CreateServerConnection" />
    </UnitTest>
    <UnitTest name="IsSecureConnection_HasValidIdpServer_WithInvalidCertificate_UserSaidYesToUnsecure_Returns_False" storage="d:\actions-runner\_work\xpco\xpco\corporate\videoos.administration.client.unittests\bin\x64\debug\net472\videoos.administration.client.unittests.dll" id="2ec5e289-4884-3c72-7b93-6d1e8fa1df39">
      <TestCategory>
        <TestCategoryItem TestCategory="Server Validation" />
      </TestCategory>
      <Execution id="3ddfc224-9480-4407-9062-08f1389cb92c" />
      <TestMethod codeBase="D:\actions-runner\_work\XPCO\XPCO\Corporate\VideoOS.Administration.Client.UnitTests\bin\x64\Debug\net472\VideoOS.Administration.Client.UnitTests.dll" adapterTypeName="executor://mstestadapter/v2" className="VideoOS.Common.Integration.UnitTests.ServerValidation.ServerConnectionInfoTests" name="IsSecureConnection_HasValidIdpServer_WithInvalidCertificate_UserSaidYesToUnsecure_Returns_False" />
    </UnitTest>
    <UnitTest name="ConnectionInfo_CredentialsWindows_NoDomain" storage="d:\actions-runner\_work\xpco\xpco\corporate\videoos.administration.client.unittests\bin\x64\debug\net472\videoos.administration.client.unittests.dll" id="85eeee45-b09c-948f-1836-b74ce7199311">
      <Execution id="43a4bb80-b4b6-435a-8b39-9840df2e8a2e" />
      <TestMethod codeBase="D:\actions-runner\_work\XPCO\XPCO\Corporate\VideoOS.Administration.Client.UnitTests\bin\x64\Debug\net472\VideoOS.Administration.Client.UnitTests.dll" adapterTypeName="executor://mstestadapter/v2" className="VideoOS.Common.Integration.UnitTests.Login.ConnectionInfoTests" name="ConnectionInfo_CredentialsWindows_NoDomain" />
    </UnitTest>
    <UnitTest name="CheckAndModifyUri_NonStandardUri_UnsecureNotAllowed_SecureAvailable_ModifiedToHttps_PortUnchanged" storage="d:\actions-runner\_work\xpco\xpco\corporate\videoos.administration.client.unittests\bin\x64\debug\net472\videoos.administration.client.unittests.dll" id="91de0cd7-9a50-3db6-7130-0a5d5748dd70">
      <TestCategory>
        <TestCategoryItem TestCategory="UriHandler" />
      </TestCategory>
      <Execution id="902baa53-b94b-4a57-9ac1-f4c8397e61f7" />
      <TestMethod codeBase="D:\actions-runner\_work\XPCO\XPCO\Corporate\VideoOS.Administration.Client.UnitTests\bin\x64\Debug\net472\VideoOS.Administration.Client.UnitTests.dll" adapterTypeName="executor://mstestadapter/v2" className="VideoOS.Administration.Client.UnitTests.UriHandlerUnitTests" name="CheckAndModifyUri_NonStandardUri_UnsecureNotAllowed_SecureAvailable_ModifiedToHttps_PortUnchanged" />
    </UnitTest>
    <UnitTest name="IsSecureConnection_InvalidAuthenticationType_Unknown_Throws_InvalidOperationException" storage="d:\actions-runner\_work\xpco\xpco\corporate\videoos.administration.client.unittests\bin\x64\debug\net472\videoos.administration.client.unittests.dll" id="4fe95093-cf52-99c2-c054-30a33159d39a">
      <Execution id="67e32cf2-594e-4888-813f-3dab1500be34" />
      <TestMethod codeBase="D:\actions-runner\_work\XPCO\XPCO\Corporate\VideoOS.Administration.Client.UnitTests\bin\x64\Debug\net472\VideoOS.Administration.Client.UnitTests.dll" adapterTypeName="executor://mstestadapter/v2" className="VideoOS.Common.Integration.UnitTests.ServerValidation.LegacyConnectionInfoTests" name="IsSecureConnection_InvalidAuthenticationType_Unknown_Throws_InvalidOperationException" />
    </UnitTest>
    <UnitTest name="ConnectionInfo_CredentialsBasicUser_AnyDomain_Success" storage="d:\actions-runner\_work\xpco\xpco\corporate\videoos.administration.client.unittests\bin\x64\debug\net472\videoos.administration.client.unittests.dll" id="0387106e-e6d4-1f56-5fe0-0e4dde9074ec">
      <Execution id="141bcfe6-e58a-4818-a2f1-bc0a08c2654d" />
      <TestMethod codeBase="D:\actions-runner\_work\XPCO\XPCO\Corporate\VideoOS.Administration.Client.UnitTests\bin\x64\Debug\net472\VideoOS.Administration.Client.UnitTests.dll" adapterTypeName="executor://mstestadapter/v2" className="VideoOS.Common.Integration.UnitTests.Login.ConnectionInfoTests" name="ConnectionInfo_CredentialsBasicUser_AnyDomain_Success" />
    </UnitTest>
    <UnitTest name="NavigationUIItemCollection_FromXml" storage="d:\actions-runner\_work\xpco\xpco\corporate\videoos.administration.client.unittests\bin\x64\debug\net472\videoos.administration.client.unittests.dll" id="bd1f22e6-c95c-b879-1bdf-1f4da04f29c5">
      <Execution id="6286840c-1f48-4422-8587-8473cb821c4c" />
      <TestMethod codeBase="D:\actions-runner\_work\XPCO\XPCO\Corporate\VideoOS.Administration.Client.UnitTests\bin\x64\Debug\net472\VideoOS.Administration.Client.UnitTests.dll" adapterTypeName="executor://mstestadapter/v2" className="VideoOS.Administration.Client.UnitTests.NavigationUIItemUnitTest" name="NavigationUIItemCollection_FromXml" />
    </UnitTest>
    <UnitTest name="Constructor_NullILog_ThrowsArgumentNullException" storage="d:\actions-runner\_work\xpco\xpco\corporate\videoos.administration.client.unittests\bin\x64\debug\net472\videoos.administration.client.unittests.dll" id="3cb603d9-f76d-e264-f98b-b33e5519a664">
      <TestCategory>
        <TestCategoryItem TestCategory="UriHandler" />
      </TestCategory>
      <Execution id="49d9551a-5344-4728-b381-d47eca485df0" />
      <TestMethod codeBase="D:\actions-runner\_work\XPCO\XPCO\Corporate\VideoOS.Administration.Client.UnitTests\bin\x64\Debug\net472\VideoOS.Administration.Client.UnitTests.dll" adapterTypeName="executor://mstestadapter/v2" className="VideoOS.Administration.Client.UnitTests.UriHandlerUnitTests" name="Constructor_NullILog_ThrowsArgumentNullException" />
    </UnitTest>
    <UnitTest name="IsSiteWorking_NullUri_ThrowsArgumentNullException" storage="d:\actions-runner\_work\xpco\xpco\corporate\videoos.administration.client.unittests\bin\x64\debug\net472\videoos.administration.client.unittests.dll" id="ba18892e-8a76-5b0e-12d4-900358093a64">
      <TestCategory>
        <TestCategoryItem TestCategory="UriHandler" />
      </TestCategory>
      <Execution id="0e3060e6-367a-425c-94dd-60087e769963" />
      <TestMethod codeBase="D:\actions-runner\_work\XPCO\XPCO\Corporate\VideoOS.Administration.Client.UnitTests\bin\x64\Debug\net472\VideoOS.Administration.Client.UnitTests.dll" adapterTypeName="executor://mstestadapter/v2" className="VideoOS.Administration.Client.UnitTests.UriHandlerUnitTests" name="IsSiteWorking_NullUri_ThrowsArgumentNullException" />
    </UnitTest>
    <UnitTest name="CreateUri_UrlNoSchemeAndNoPort_SchemeBecomesHttp" storage="d:\actions-runner\_work\xpco\xpco\corporate\videoos.administration.client.unittests\bin\x64\debug\net472\videoos.administration.client.unittests.dll" id="83171bb5-cfa8-7135-d67e-62149eec0cce">
      <TestCategory>
        <TestCategoryItem TestCategory="UriHandler" />
      </TestCategory>
      <Execution id="1995c3a4-9474-41db-a0ce-fe4ad2342130" />
      <TestMethod codeBase="D:\actions-runner\_work\XPCO\XPCO\Corporate\VideoOS.Administration.Client.UnitTests\bin\x64\Debug\net472\VideoOS.Administration.Client.UnitTests.dll" adapterTypeName="executor://mstestadapter/v2" className="VideoOS.Administration.Client.UnitTests.UriHandlerUnitTests" name="CreateUri_UrlNoSchemeAndNoPort_SchemeBecomesHttp" />
    </UnitTest>
    <UnitTest name="IsSecureConnection_WindowsDefaultAuthenticationType_Returns_False" storage="d:\actions-runner\_work\xpco\xpco\corporate\videoos.administration.client.unittests\bin\x64\debug\net472\videoos.administration.client.unittests.dll" id="8ef983da-a7ca-d365-4fe5-63d03285d220">
      <Execution id="297abf6b-ccbc-4043-a93d-d7a6dde109d8" />
      <TestMethod codeBase="D:\actions-runner\_work\XPCO\XPCO\Corporate\VideoOS.Administration.Client.UnitTests\bin\x64\Debug\net472\VideoOS.Administration.Client.UnitTests.dll" adapterTypeName="executor://mstestadapter/v2" className="VideoOS.Common.Integration.UnitTests.ServerValidation.LegacyConnectionInfoTests" name="IsSecureConnection_WindowsDefaultAuthenticationType_Returns_False" />
    </UnitTest>
    <UnitTest name="AuthenticationBasic_SetEnabled_Throws_InvalidOperationException" storage="d:\actions-runner\_work\xpco\xpco\corporate\videoos.administration.client.unittests\bin\x64\debug\net472\videoos.administration.client.unittests.dll" id="69675426-29e4-5ede-637d-98f11c37f0e3">
      <TestCategory>
        <TestCategoryItem TestCategory="AuthenticationInfoTests" />
      </TestCategory>
      <Execution id="ce7dec0b-f335-4d34-8000-4ee7af7efc00" />
      <TestMethod codeBase="D:\actions-runner\_work\XPCO\XPCO\Corporate\VideoOS.Administration.Client.UnitTests\bin\x64\Debug\net472\VideoOS.Administration.Client.UnitTests.dll" adapterTypeName="executor://mstestadapter/v2" className="VideoOS.Common.Integration.UnitTests.AuthenticationInfoTests" name="AuthenticationBasic_SetEnabled_Throws_InvalidOperationException" />
    </UnitTest>
    <UnitTest name="AuthenticationBasic_SetProperties_Success" storage="d:\actions-runner\_work\xpco\xpco\corporate\videoos.administration.client.unittests\bin\x64\debug\net472\videoos.administration.client.unittests.dll" id="4c733873-7574-3cd3-d492-7861e25965da">
      <TestCategory>
        <TestCategoryItem TestCategory="AuthenticationInfoTests" />
      </TestCategory>
      <Execution id="381cf793-c38d-4b72-ad77-ff2bd08c7518" />
      <TestMethod codeBase="D:\actions-runner\_work\XPCO\XPCO\Corporate\VideoOS.Administration.Client.UnitTests\bin\x64\Debug\net472\VideoOS.Administration.Client.UnitTests.dll" adapterTypeName="executor://mstestadapter/v2" className="VideoOS.Common.Integration.UnitTests.AuthenticationInfoTests" name="AuthenticationBasic_SetProperties_Success" />
    </UnitTest>
    <UnitTest name="AuthenticationExternal_CopyConstructor_Success" storage="d:\actions-runner\_work\xpco\xpco\corporate\videoos.administration.client.unittests\bin\x64\debug\net472\videoos.administration.client.unittests.dll" id="6cb5a6bf-8d92-51ef-abdd-91adc0c746f7">
      <TestCategory>
        <TestCategoryItem TestCategory="AuthenticationInfoTests" />
      </TestCategory>
      <Execution id="0872735f-65ca-4a55-84d4-076a7c3d6e11" />
      <TestMethod codeBase="D:\actions-runner\_work\XPCO\XPCO\Corporate\VideoOS.Administration.Client.UnitTests\bin\x64\Debug\net472\VideoOS.Administration.Client.UnitTests.dll" adapterTypeName="executor://mstestadapter/v2" className="VideoOS.Common.Integration.UnitTests.AuthenticationInfoTests" name="AuthenticationExternal_CopyConstructor_Success" />
    </UnitTest>
    <UnitTest name="ConnectionInfo_CredentialsWindows_WithDomain" storage="d:\actions-runner\_work\xpco\xpco\corporate\videoos.administration.client.unittests\bin\x64\debug\net472\videoos.administration.client.unittests.dll" id="7e985e5f-484a-9096-c375-d40c01dba003">
      <Execution id="f41eda86-7dff-407e-9130-f4fdbc0217e9" />
      <TestMethod codeBase="D:\actions-runner\_work\XPCO\XPCO\Corporate\VideoOS.Administration.Client.UnitTests\bin\x64\Debug\net472\VideoOS.Administration.Client.UnitTests.dll" adapterTypeName="executor://mstestadapter/v2" className="VideoOS.Common.Integration.UnitTests.Login.ConnectionInfoTests" name="ConnectionInfo_CredentialsWindows_WithDomain" />
    </UnitTest>
    <UnitTest name="SplitDomainAndUserName_ReturnsEmptyStringAsDomain_OnOriginaluserNameWithoutDomainName" storage="d:\actions-runner\_work\xpco\xpco\corporate\videoos.administration.client.unittests\bin\x64\debug\net472\videoos.administration.client.unittests.dll" id="d20ebdfa-e5c2-385a-702e-2ceff3e1fae4">
      <TestCategory>
        <TestCategoryItem TestCategory="ConnectionInfo" />
      </TestCategory>
      <Execution id="f88b8bf3-59d8-4c69-9bf8-29901aff4cf9" />
      <TestMethod codeBase="D:\actions-runner\_work\XPCO\XPCO\Corporate\VideoOS.Administration.Client.UnitTests\bin\x64\Debug\net472\VideoOS.Administration.Client.UnitTests.dll" adapterTypeName="executor://mstestadapter/v2" className="VideoOS.Common.Integration.UnitTests.Login.ConnectionInfoTests" name="SplitDomainAndUserName_ReturnsEmptyStringAsDomain_OnOriginaluserNameWithoutDomainName" />
    </UnitTest>
    <UnitTest name="AuthenticationWindowsDefault_SetEnabled_Throws_InvalidOperationException" storage="d:\actions-runner\_work\xpco\xpco\corporate\videoos.administration.client.unittests\bin\x64\debug\net472\videoos.administration.client.unittests.dll" id="0f254138-f8b2-1aee-a171-e7224fd4f996">
      <TestCategory>
        <TestCategoryItem TestCategory="AuthenticationInfoTests" />
      </TestCategory>
      <Execution id="cadb4880-c612-44f7-b5fe-3381a575d1dc" />
      <TestMethod codeBase="D:\actions-runner\_work\XPCO\XPCO\Corporate\VideoOS.Administration.Client.UnitTests\bin\x64\Debug\net472\VideoOS.Administration.Client.UnitTests.dll" adapterTypeName="executor://mstestadapter/v2" className="VideoOS.Common.Integration.UnitTests.AuthenticationInfoTests" name="AuthenticationWindowsDefault_SetEnabled_Throws_InvalidOperationException" />
    </UnitTest>
    <UnitTest name="ForceModifyUri_HttpPort443_IsNotSecure_ModifiedToHttpPort80" storage="d:\actions-runner\_work\xpco\xpco\corporate\videoos.administration.client.unittests\bin\x64\debug\net472\videoos.administration.client.unittests.dll" id="12493952-e579-aeea-17b2-3484f013f437">
      <TestCategory>
        <TestCategoryItem TestCategory="UriHandler" />
      </TestCategory>
      <Execution id="e7e679b0-7c7f-4dc9-99bc-36569e318580" />
      <TestMethod codeBase="D:\actions-runner\_work\XPCO\XPCO\Corporate\VideoOS.Administration.Client.UnitTests\bin\x64\Debug\net472\VideoOS.Administration.Client.UnitTests.dll" adapterTypeName="executor://mstestadapter/v2" className="VideoOS.Administration.Client.UnitTests.UriHandlerUnitTests" name="ForceModifyUri_HttpPort443_IsNotSecure_ModifiedToHttpPort80" />
    </UnitTest>
    <UnitTest name="ForceModifyUri_NonStandard_IsSecure_ThrowsInvalidOperationException" storage="d:\actions-runner\_work\xpco\xpco\corporate\videoos.administration.client.unittests\bin\x64\debug\net472\videoos.administration.client.unittests.dll" id="a229abc5-14d6-faad-eb7a-68a8f4eb3c81">
      <TestCategory>
        <TestCategoryItem TestCategory="UriHandler" />
      </TestCategory>
      <Execution id="8a6b80b1-b330-45b9-9921-ae56bdb12e8a" />
      <TestMethod codeBase="D:\actions-runner\_work\XPCO\XPCO\Corporate\VideoOS.Administration.Client.UnitTests\bin\x64\Debug\net472\VideoOS.Administration.Client.UnitTests.dll" adapterTypeName="executor://mstestadapter/v2" className="VideoOS.Administration.Client.UnitTests.UriHandlerUnitTests" name="ForceModifyUri_NonStandard_IsSecure_ThrowsInvalidOperationException" />
    </UnitTest>
    <UnitTest name="ConnectionInfo_UserDomain_NameWindowsUserNoDomain" storage="d:\actions-runner\_work\xpco\xpco\corporate\videoos.administration.client.unittests\bin\x64\debug\net472\videoos.administration.client.unittests.dll" id="d2dcdcc5-5a8e-848f-a248-4edbb03f3d3c">
      <Execution id="7734c469-7f1e-4e77-a6e7-4aa4951480a3" />
      <TestMethod codeBase="D:\actions-runner\_work\XPCO\XPCO\Corporate\VideoOS.Administration.Client.UnitTests\bin\x64\Debug\net472\VideoOS.Administration.Client.UnitTests.dll" adapterTypeName="executor://mstestadapter/v2" className="VideoOS.Common.Integration.UnitTests.Login.ConnectionInfoTests" name="ConnectionInfo_UserDomain_NameWindowsUserNoDomain" />
    </UnitTest>
    <UnitTest name="Constructor_NullILocalUserOptions_ThrowsArgumentNullException" storage="d:\actions-runner\_work\xpco\xpco\corporate\videoos.administration.client.unittests\bin\x64\debug\net472\videoos.administration.client.unittests.dll" id="8320b8dc-a4db-7002-91f5-bc51b8562105">
      <TestCategory>
        <TestCategoryItem TestCategory="UriHandler" />
      </TestCategory>
      <Execution id="093c8fac-6557-432b-88b5-53c16f1f6d62" />
      <TestMethod codeBase="D:\actions-runner\_work\XPCO\XPCO\Corporate\VideoOS.Administration.Client.UnitTests\bin\x64\Debug\net472\VideoOS.Administration.Client.UnitTests.dll" adapterTypeName="executor://mstestadapter/v2" className="VideoOS.Administration.Client.UnitTests.UriHandlerUnitTests" name="Constructor_NullILocalUserOptions_ThrowsArgumentNullException" />
    </UnitTest>
    <UnitTest name="ModifyUri_NonStandardUri_UnsecureNotAllowed_SecureNotAvailable_ThrowsInvalidOperationException" storage="d:\actions-runner\_work\xpco\xpco\corporate\videoos.administration.client.unittests\bin\x64\debug\net472\videoos.administration.client.unittests.dll" id="daad95c9-43d7-9880-f0b7-8f15941d6fcb">
      <TestCategory>
        <TestCategoryItem TestCategory="UriHandler" />
      </TestCategory>
      <Execution id="c734a198-5ca8-4fe9-b330-ada268165bb5" />
      <TestMethod codeBase="D:\actions-runner\_work\XPCO\XPCO\Corporate\VideoOS.Administration.Client.UnitTests\bin\x64\Debug\net472\VideoOS.Administration.Client.UnitTests.dll" adapterTypeName="executor://mstestadapter/v2" className="VideoOS.Administration.Client.UnitTests.UriHandlerUnitTests" name="ModifyUri_NonStandardUri_UnsecureNotAllowed_SecureNotAvailable_ThrowsInvalidOperationException" />
    </UnitTest>
    <UnitTest name="AuthenticationWindows_SetProperties_Success" storage="d:\actions-runner\_work\xpco\xpco\corporate\videoos.administration.client.unittests\bin\x64\debug\net472\videoos.administration.client.unittests.dll" id="b357cec5-9348-a910-a5f1-cbb5e29620f7">
      <TestCategory>
        <TestCategoryItem TestCategory="AuthenticationInfoTests" />
      </TestCategory>
      <Execution id="7031b680-8422-44b2-bc2a-785df84c0559" />
      <TestMethod codeBase="D:\actions-runner\_work\XPCO\XPCO\Corporate\VideoOS.Administration.Client.UnitTests\bin\x64\Debug\net472\VideoOS.Administration.Client.UnitTests.dll" adapterTypeName="executor://mstestadapter/v2" className="VideoOS.Common.Integration.UnitTests.AuthenticationInfoTests" name="AuthenticationWindows_SetProperties_Success" />
    </UnitTest>
    <UnitTest name="IsSiteWorking_ValidSecureEndpoint_ReturnsTrue" storage="d:\actions-runner\_work\xpco\xpco\corporate\videoos.administration.client.unittests\bin\x64\debug\net472\videoos.administration.client.unittests.dll" id="6fd84c98-adb6-91d7-3874-3c1c1792d00e">
      <TestCategory>
        <TestCategoryItem TestCategory="UriHandler" />
      </TestCategory>
      <Execution id="fd7b7868-d094-4838-91d0-a6b4919e8768" />
      <TestMethod codeBase="D:\actions-runner\_work\XPCO\XPCO\Corporate\VideoOS.Administration.Client.UnitTests\bin\x64\Debug\net472\VideoOS.Administration.Client.UnitTests.dll" adapterTypeName="executor://mstestadapter/v2" className="VideoOS.Administration.Client.UnitTests.UriHandlerUnitTests" name="IsSiteWorking_ValidSecureEndpoint_ReturnsTrue" />
    </UnitTest>
    <UnitTest name="CheckAndModifyUri_NonStandardUri_UnsecureNotAllowed_NoEndpointsAvailable_ThrowsInvalidOperationException" storage="d:\actions-runner\_work\xpco\xpco\corporate\videoos.administration.client.unittests\bin\x64\debug\net472\videoos.administration.client.unittests.dll" id="101b843b-9236-09c6-4c42-d92338a86350">
      <TestCategory>
        <TestCategoryItem TestCategory="UriHandler" />
      </TestCategory>
      <Execution id="295ff0a6-2fda-4fbc-9a14-a3ef3472b0b7" />
      <TestMethod codeBase="D:\actions-runner\_work\XPCO\XPCO\Corporate\VideoOS.Administration.Client.UnitTests\bin\x64\Debug\net472\VideoOS.Administration.Client.UnitTests.dll" adapterTypeName="executor://mstestadapter/v2" className="VideoOS.Administration.Client.UnitTests.UriHandlerUnitTests" name="CheckAndModifyUri_NonStandardUri_UnsecureNotAllowed_NoEndpointsAvailable_ThrowsInvalidOperationException" />
    </UnitTest>
    <UnitTest name="ManagementClientVmoClientFactory_CreateServerConnection_Legacy_BasicUser_Success" storage="d:\actions-runner\_work\xpco\xpco\corporate\videoos.administration.client.unittests\bin\x64\debug\net472\videoos.administration.client.unittests.dll" id="0d17b475-7ade-bcf0-6893-8f4578eb23fa">
      <TestCategory>
        <TestCategoryItem TestCategory="ManagementClientVmoClientFactoryTests" />
      </TestCategory>
      <Execution id="2dd8e7b4-3278-4341-930a-8417ea3f7895" />
      <TestMethod codeBase="D:\actions-runner\_work\XPCO\XPCO\Corporate\VideoOS.Administration.Client.UnitTests\bin\x64\Debug\net472\VideoOS.Administration.Client.UnitTests.dll" adapterTypeName="executor://mstestadapter/v2" className="VideoOS.Administration.Client.UnitTests.ManagementClientVmoClientFactoryTests" name="ManagementClientVmoClientFactory_CreateServerConnection_Legacy_BasicUser_Success" />
    </UnitTest>
    <UnitTest name="ModifyUri_StandardUri_UnsecureAllowedUnknown_SecureNotAvailable_ThrowsInvalidOperationException" storage="d:\actions-runner\_work\xpco\xpco\corporate\videoos.administration.client.unittests\bin\x64\debug\net472\videoos.administration.client.unittests.dll" id="13b32a55-5122-74b1-faaa-1fa1f13be9e8">
      <TestCategory>
        <TestCategoryItem TestCategory="UriHandler" />
      </TestCategory>
      <Execution id="7fc42edb-89ff-4adf-813b-2b3dc95f466a" />
      <TestMethod codeBase="D:\actions-runner\_work\XPCO\XPCO\Corporate\VideoOS.Administration.Client.UnitTests\bin\x64\Debug\net472\VideoOS.Administration.Client.UnitTests.dll" adapterTypeName="executor://mstestadapter/v2" className="VideoOS.Administration.Client.UnitTests.UriHandlerUnitTests" name="ModifyUri_StandardUri_UnsecureAllowedUnknown_SecureNotAvailable_ThrowsInvalidOperationException" />
    </UnitTest>
    <UnitTest name="CheckAndModifyUri_NullUri_ThrowsArgumentNullException" storage="d:\actions-runner\_work\xpco\xpco\corporate\videoos.administration.client.unittests\bin\x64\debug\net472\videoos.administration.client.unittests.dll" id="3cb3ecbe-2b14-b6d6-0849-b07234eee1dc">
      <TestCategory>
        <TestCategoryItem TestCategory="UriHandler" />
      </TestCategory>
      <Execution id="c26d8d35-dce6-4c1e-9876-bcbfdf413283" />
      <TestMethod codeBase="D:\actions-runner\_work\XPCO\XPCO\Corporate\VideoOS.Administration.Client.UnitTests\bin\x64\Debug\net472\VideoOS.Administration.Client.UnitTests.dll" adapterTypeName="executor://mstestadapter/v2" className="VideoOS.Administration.Client.UnitTests.UriHandlerUnitTests" name="CheckAndModifyUri_NullUri_ThrowsArgumentNullException" />
    </UnitTest>
    <UnitTest name="NavigationUIItem_ConstructorTest_ParentIdNull" storage="d:\actions-runner\_work\xpco\xpco\corporate\videoos.administration.client.unittests\bin\x64\debug\net472\videoos.administration.client.unittests.dll" id="bd1667f5-f5f0-e2de-e899-3057e6998622">
      <Execution id="7492b046-3be9-40fa-a7e7-f5cd3e900cd7" />
      <TestMethod codeBase="D:\actions-runner\_work\XPCO\XPCO\Corporate\VideoOS.Administration.Client.UnitTests\bin\x64\Debug\net472\VideoOS.Administration.Client.UnitTests.dll" adapterTypeName="executor://mstestadapter/v2" className="VideoOS.Administration.Client.UnitTests.NavigationUIItemUnitTest" name="NavigationUIItem_ConstructorTest_ParentIdNull" />
    </UnitTest>
    <UnitTest name="CreateUri_HttpsUrl_SchemeRemainsHttps" storage="d:\actions-runner\_work\xpco\xpco\corporate\videoos.administration.client.unittests\bin\x64\debug\net472\videoos.administration.client.unittests.dll" id="b09b7c2a-e698-3e5c-68cc-3f0adf4b32e6">
      <TestCategory>
        <TestCategoryItem TestCategory="UriHandler" />
      </TestCategory>
      <Execution id="bd0f1d03-0b36-4f8c-9855-2653b543eec8" />
      <TestMethod codeBase="D:\actions-runner\_work\XPCO\XPCO\Corporate\VideoOS.Administration.Client.UnitTests\bin\x64\Debug\net472\VideoOS.Administration.Client.UnitTests.dll" adapterTypeName="executor://mstestadapter/v2" className="VideoOS.Administration.Client.UnitTests.UriHandlerUnitTests" name="CreateUri_HttpsUrl_SchemeRemainsHttps" />
    </UnitTest>
    <UnitTest name="CreateProxyUsingLocalTokenCache_ConstructUsingExternalProviderConstructor_ReturnsExpected" storage="d:\actions-runner\_work\xpco\xpco\corporate\videoos.administration.client.unittests\bin\x64\debug\net472\videoos.administration.client.unittests.dll" id="3fbd4032-3d08-3c4f-3516-654c1a3f2001">
      <TestCategory>
        <TestCategoryItem TestCategory="ServerProxyManagerFactory" />
      </TestCategory>
      <Execution id="f0644fcc-1ade-4cd5-81b7-85491355b84a" />
      <TestMethod codeBase="D:\actions-runner\_work\XPCO\XPCO\Corporate\VideoOS.Administration.Client.UnitTests\bin\x64\Debug\net472\VideoOS.Administration.Client.UnitTests.dll" adapterTypeName="executor://mstestadapter/v2" className="VideoOS.Administration.Client.UnitTests.ServerProxyManagerFactoryTests" name="CreateProxyUsingLocalTokenCache_ConstructUsingExternalProviderConstructor_ReturnsExpected" />
    </UnitTest>
    <UnitTest name="CreateUri_UrlNoSchemePort80_SchemeBecomesHttp" storage="d:\actions-runner\_work\xpco\xpco\corporate\videoos.administration.client.unittests\bin\x64\debug\net472\videoos.administration.client.unittests.dll" id="3303bebb-e7cf-a4f0-e210-2db2223e68db">
      <TestCategory>
        <TestCategoryItem TestCategory="UriHandler" />
      </TestCategory>
      <Execution id="01ffed0a-22b1-4ba3-a5d8-72068245ee0b" />
      <TestMethod codeBase="D:\actions-runner\_work\XPCO\XPCO\Corporate\VideoOS.Administration.Client.UnitTests\bin\x64\Debug\net472\VideoOS.Administration.Client.UnitTests.dll" adapterTypeName="executor://mstestadapter/v2" className="VideoOS.Administration.Client.UnitTests.UriHandlerUnitTests" name="CreateUri_UrlNoSchemePort80_SchemeBecomesHttp" />
    </UnitTest>
    <UnitTest name="IsSecureConnection_HasValidIdpServer_WithValidCertificate_Returns_True" storage="d:\actions-runner\_work\xpco\xpco\corporate\videoos.administration.client.unittests\bin\x64\debug\net472\videoos.administration.client.unittests.dll" id="5a849e52-71ae-3f90-8ce0-f4ae4137f49b">
      <TestCategory>
        <TestCategoryItem TestCategory="Server Validation" />
      </TestCategory>
      <Execution id="f11bb632-e92d-4027-a83e-c3f4919f55d4" />
      <TestMethod codeBase="D:\actions-runner\_work\XPCO\XPCO\Corporate\VideoOS.Administration.Client.UnitTests\bin\x64\Debug\net472\VideoOS.Administration.Client.UnitTests.dll" adapterTypeName="executor://mstestadapter/v2" className="VideoOS.Common.Integration.UnitTests.ServerValidation.ServerConnectionInfoTests" name="IsSecureConnection_HasValidIdpServer_WithValidCertificate_Returns_True" />
    </UnitTest>
    <UnitTest name="SplitDomainAndUserName_ReturnsUserName_OnOriginaluserNameContainingDomainName" storage="d:\actions-runner\_work\xpco\xpco\corporate\videoos.administration.client.unittests\bin\x64\debug\net472\videoos.administration.client.unittests.dll" id="607e264c-58f4-3824-0df8-ab35da7f0f85">
      <TestCategory>
        <TestCategoryItem TestCategory="ConnectionInfo" />
      </TestCategory>
      <Execution id="d0fae4d0-5365-44dc-a905-8ef8cdf83cd6" />
      <TestMethod codeBase="D:\actions-runner\_work\XPCO\XPCO\Corporate\VideoOS.Administration.Client.UnitTests\bin\x64\Debug\net472\VideoOS.Administration.Client.UnitTests.dll" adapterTypeName="executor://mstestadapter/v2" className="VideoOS.Common.Integration.UnitTests.Login.ConnectionInfoTests" name="SplitDomainAndUserName_ReturnsUserName_OnOriginaluserNameContainingDomainName" />
    </UnitTest>
    <UnitTest name="CreateUri_EmptyString_ThrowsArgumentNullException" storage="d:\actions-runner\_work\xpco\xpco\corporate\videoos.administration.client.unittests\bin\x64\debug\net472\videoos.administration.client.unittests.dll" id="6db1ee2e-960d-a9a0-6d38-4566b6c7ff9a">
      <TestCategory>
        <TestCategoryItem TestCategory="UriHandler" />
      </TestCategory>
      <Execution id="39f6cea4-d752-4740-b890-19bee0221c1b" />
      <TestMethod codeBase="D:\actions-runner\_work\XPCO\XPCO\Corporate\VideoOS.Administration.Client.UnitTests\bin\x64\Debug\net472\VideoOS.Administration.Client.UnitTests.dll" adapterTypeName="executor://mstestadapter/v2" className="VideoOS.Administration.Client.UnitTests.UriHandlerUnitTests" name="CreateUri_EmptyString_ThrowsArgumentNullException" />
    </UnitTest>
    <UnitTest name="ModifyUri_StandardUri_UnsecureNotAllowed_SecureNotAvailable_ThrowsInvalidOperationException" storage="d:\actions-runner\_work\xpco\xpco\corporate\videoos.administration.client.unittests\bin\x64\debug\net472\videoos.administration.client.unittests.dll" id="521e0bd7-2ba5-23a1-ca86-576a75ae9e60">
      <TestCategory>
        <TestCategoryItem TestCategory="UriHandler" />
      </TestCategory>
      <Execution id="c8ecf1a8-7560-4986-9795-168632ff3d5b" />
      <TestMethod codeBase="D:\actions-runner\_work\XPCO\XPCO\Corporate\VideoOS.Administration.Client.UnitTests\bin\x64\Debug\net472\VideoOS.Administration.Client.UnitTests.dll" adapterTypeName="executor://mstestadapter/v2" className="VideoOS.Administration.Client.UnitTests.UriHandlerUnitTests" name="ModifyUri_StandardUri_UnsecureNotAllowed_SecureNotAvailable_ThrowsInvalidOperationException" />
    </UnitTest>
    <UnitTest name="Constructor_NullIHttpGet_ThrowsArgumentNullException" storage="d:\actions-runner\_work\xpco\xpco\corporate\videoos.administration.client.unittests\bin\x64\debug\net472\videoos.administration.client.unittests.dll" id="80edee6d-c67c-9872-3559-c1114ff20a0b">
      <TestCategory>
        <TestCategoryItem TestCategory="UriHandler" />
      </TestCategory>
      <Execution id="735b54d6-eca2-48b3-844e-4d045510dc2e" />
      <TestMethod codeBase="D:\actions-runner\_work\XPCO\XPCO\Corporate\VideoOS.Administration.Client.UnitTests\bin\x64\Debug\net472\VideoOS.Administration.Client.UnitTests.dll" adapterTypeName="executor://mstestadapter/v2" className="VideoOS.Administration.Client.UnitTests.UriHandlerUnitTests" name="Constructor_NullIHttpGet_ThrowsArgumentNullException" />
    </UnitTest>
    <UnitTest name="NavigationUIItem_ConstructorTest_ToolTipNull" storage="d:\actions-runner\_work\xpco\xpco\corporate\videoos.administration.client.unittests\bin\x64\debug\net472\videoos.administration.client.unittests.dll" id="6a6298ee-afee-edde-17b3-16a4f8417d02">
      <Execution id="2d440ada-abd9-4aa8-96da-84397f0be670" />
      <TestMethod codeBase="D:\actions-runner\_work\XPCO\XPCO\Corporate\VideoOS.Administration.Client.UnitTests\bin\x64\Debug\net472\VideoOS.Administration.Client.UnitTests.dll" adapterTypeName="executor://mstestadapter/v2" className="VideoOS.Administration.Client.UnitTests.NavigationUIItemUnitTest" name="NavigationUIItem_ConstructorTest_ToolTipNull" />
    </UnitTest>
    <UnitTest name="CheckAndModifyUri_StandardUri_InvalidCertificate_ModifiedToHttpPort80" storage="d:\actions-runner\_work\xpco\xpco\corporate\videoos.administration.client.unittests\bin\x64\debug\net472\videoos.administration.client.unittests.dll" id="f3758893-da6f-34c9-9d4a-616a192ce427">
      <TestCategory>
        <TestCategoryItem TestCategory="UriHandler" />
      </TestCategory>
      <Execution id="f06cfa88-92b3-4d1e-a7c9-135edaf5e05d" />
      <TestMethod codeBase="D:\actions-runner\_work\XPCO\XPCO\Corporate\VideoOS.Administration.Client.UnitTests\bin\x64\Debug\net472\VideoOS.Administration.Client.UnitTests.dll" adapterTypeName="executor://mstestadapter/v2" className="VideoOS.Administration.Client.UnitTests.UriHandlerUnitTests" name="CheckAndModifyUri_StandardUri_InvalidCertificate_ModifiedToHttpPort80" />
    </UnitTest>
    <UnitTest name="CheckAndModifyUri_StandardUri_UnsecureNotAllowed_NoEndpointsAvailable_ThrowsInvalidOperationException" storage="d:\actions-runner\_work\xpco\xpco\corporate\videoos.administration.client.unittests\bin\x64\debug\net472\videoos.administration.client.unittests.dll" id="26c64eb7-ed3b-dc54-848e-0c4d46207108">
      <TestCategory>
        <TestCategoryItem TestCategory="UriHandler" />
      </TestCategory>
      <Execution id="d94aeb40-60a9-4d7e-87ed-f23d0038114b" />
      <TestMethod codeBase="D:\actions-runner\_work\XPCO\XPCO\Corporate\VideoOS.Administration.Client.UnitTests\bin\x64\Debug\net472\VideoOS.Administration.Client.UnitTests.dll" adapterTypeName="executor://mstestadapter/v2" className="VideoOS.Administration.Client.UnitTests.UriHandlerUnitTests" name="CheckAndModifyUri_StandardUri_UnsecureNotAllowed_NoEndpointsAvailable_ThrowsInvalidOperationException" />
    </UnitTest>
    <UnitTest name="ConnectionInfo_IsSecure_NoServerType_Disabled" storage="d:\actions-runner\_work\xpco\xpco\corporate\videoos.administration.client.unittests\bin\x64\debug\net472\videoos.administration.client.unittests.dll" id="de4b1423-e255-a65a-3864-14b0d1d3eac4">
      <Execution id="04515e95-07a4-447d-9518-45a0ec638640" />
      <TestMethod codeBase="D:\actions-runner\_work\XPCO\XPCO\Corporate\VideoOS.Administration.Client.UnitTests\bin\x64\Debug\net472\VideoOS.Administration.Client.UnitTests.dll" adapterTypeName="executor://mstestadapter/v2" className="VideoOS.Common.Integration.UnitTests.Login.ConnectionInfoTests" name="ConnectionInfo_IsSecure_NoServerType_Disabled" />
    </UnitTest>
    <UnitTest name="ForceModifyUri_NonStandardPort80_IsSecure_ThrowsInvalidOperationException" storage="d:\actions-runner\_work\xpco\xpco\corporate\videoos.administration.client.unittests\bin\x64\debug\net472\videoos.administration.client.unittests.dll" id="1d7b482c-f724-8982-d63d-0d78e4450acf">
      <TestCategory>
        <TestCategoryItem TestCategory="UriHandler" />
      </TestCategory>
      <Execution id="607c7efd-e04a-45c7-9629-0d203d99726c" />
      <TestMethod codeBase="D:\actions-runner\_work\XPCO\XPCO\Corporate\VideoOS.Administration.Client.UnitTests\bin\x64\Debug\net472\VideoOS.Administration.Client.UnitTests.dll" adapterTypeName="executor://mstestadapter/v2" className="VideoOS.Administration.Client.UnitTests.UriHandlerUnitTests" name="ForceModifyUri_NonStandardPort80_IsSecure_ThrowsInvalidOperationException" />
    </UnitTest>
    <UnitTest name="Construct_InvalidAuthenticationType_Throws_ArgumentException" storage="d:\actions-runner\_work\xpco\xpco\corporate\videoos.administration.client.unittests\bin\x64\debug\net472\videoos.administration.client.unittests.dll" id="b75100ed-445e-c76a-0f91-96408ac0616d">
      <Execution id="1bf13537-c9dc-425e-80b6-4a1cdde2cda6" />
      <TestMethod codeBase="D:\actions-runner\_work\XPCO\XPCO\Corporate\VideoOS.Administration.Client.UnitTests\bin\x64\Debug\net472\VideoOS.Administration.Client.UnitTests.dll" adapterTypeName="executor://mstestadapter/v2" className="VideoOS.Common.Integration.UnitTests.ServerValidation.LegacyConnectionInfoTests" name="Construct_InvalidAuthenticationType_Throws_ArgumentException" />
    </UnitTest>
    <UnitTest name="ManagementClientVmoClientFactory_CreateServerConnection_OAuth_WindowsUser_Success" storage="d:\actions-runner\_work\xpco\xpco\corporate\videoos.administration.client.unittests\bin\x64\debug\net472\videoos.administration.client.unittests.dll" id="d1598403-e77a-6d53-0bb6-4e1bb408453f">
      <TestCategory>
        <TestCategoryItem TestCategory="ManagementClientVmoClientFactoryTests" />
      </TestCategory>
      <Execution id="103c3a94-f585-4f5c-a612-14870dcde661" />
      <TestMethod codeBase="D:\actions-runner\_work\XPCO\XPCO\Corporate\VideoOS.Administration.Client.UnitTests\bin\x64\Debug\net472\VideoOS.Administration.Client.UnitTests.dll" adapterTypeName="executor://mstestadapter/v2" className="VideoOS.Administration.Client.UnitTests.ManagementClientVmoClientFactoryTests" name="ManagementClientVmoClientFactory_CreateServerConnection_OAuth_WindowsUser_Success" />
    </UnitTest>
    <UnitTest name="CheckAndModifyUri_StandardUri_UnsecureNotAllowed_SecureAvailable_ModifiedToHttpsPort443" storage="d:\actions-runner\_work\xpco\xpco\corporate\videoos.administration.client.unittests\bin\x64\debug\net472\videoos.administration.client.unittests.dll" id="007fd9bd-5d79-ece7-0cba-74f6dca89e1a">
      <TestCategory>
        <TestCategoryItem TestCategory="UriHandler" />
      </TestCategory>
      <Execution id="3cdbde06-f395-458f-af21-90d25d38d521" />
      <TestMethod codeBase="D:\actions-runner\_work\XPCO\XPCO\Corporate\VideoOS.Administration.Client.UnitTests\bin\x64\Debug\net472\VideoOS.Administration.Client.UnitTests.dll" adapterTypeName="executor://mstestadapter/v2" className="VideoOS.Administration.Client.UnitTests.UriHandlerUnitTests" name="CheckAndModifyUri_StandardUri_UnsecureNotAllowed_SecureAvailable_ModifiedToHttpsPort443" />
    </UnitTest>
    <UnitTest name="CheckAndModifyUri_NonStandardUri_UnsecureNotAllowed_SecureNotAvailable_ThrowsInvalidOperationException" storage="d:\actions-runner\_work\xpco\xpco\corporate\videoos.administration.client.unittests\bin\x64\debug\net472\videoos.administration.client.unittests.dll" id="1fecf0ba-7482-34f9-6a6a-7750db2d034d">
      <TestCategory>
        <TestCategoryItem TestCategory="UriHandler" />
      </TestCategory>
      <Execution id="d28f5700-b2ce-49a2-9ded-58682fbb1974" />
      <TestMethod codeBase="D:\actions-runner\_work\XPCO\XPCO\Corporate\VideoOS.Administration.Client.UnitTests\bin\x64\Debug\net472\VideoOS.Administration.Client.UnitTests.dll" adapterTypeName="executor://mstestadapter/v2" className="VideoOS.Administration.Client.UnitTests.UriHandlerUnitTests" name="CheckAndModifyUri_NonStandardUri_UnsecureNotAllowed_SecureNotAvailable_ThrowsInvalidOperationException" />
    </UnitTest>
    <UnitTest name="ForceModifyUri_HttpsPort443_IsNotSecure_ModifiedToHttpPort80" storage="d:\actions-runner\_work\xpco\xpco\corporate\videoos.administration.client.unittests\bin\x64\debug\net472\videoos.administration.client.unittests.dll" id="26ade9a1-dc54-3a3f-a8fe-0e2a3df1ab8b">
      <TestCategory>
        <TestCategoryItem TestCategory="UriHandler" />
      </TestCategory>
      <Execution id="a40dee42-769e-4ffe-a44a-55a5f0a191b3" />
      <TestMethod codeBase="D:\actions-runner\_work\XPCO\XPCO\Corporate\VideoOS.Administration.Client.UnitTests\bin\x64\Debug\net472\VideoOS.Administration.Client.UnitTests.dll" adapterTypeName="executor://mstestadapter/v2" className="VideoOS.Administration.Client.UnitTests.UriHandlerUnitTests" name="ForceModifyUri_HttpsPort443_IsNotSecure_ModifiedToHttpPort80" />
    </UnitTest>
    <UnitTest name="NavigationUIItemCollection_GetUIElementsXml" storage="d:\actions-runner\_work\xpco\xpco\corporate\videoos.administration.client.unittests\bin\x64\debug\net472\videoos.administration.client.unittests.dll" id="1102ab3c-96f9-0a2e-47c1-9d16015364b3">
      <Execution id="e81709c6-68f3-4888-9542-9274d84e06da" />
      <TestMethod codeBase="D:\actions-runner\_work\XPCO\XPCO\Corporate\VideoOS.Administration.Client.UnitTests\bin\x64\Debug\net472\VideoOS.Administration.Client.UnitTests.dll" adapterTypeName="executor://mstestadapter/v2" className="VideoOS.Administration.Client.UnitTests.NavigationUIItemUnitTest" name="NavigationUIItemCollection_GetUIElementsXml" />
    </UnitTest>
    <UnitTest name="ForceModifyUri_NullUri_ThrowsArgumentNullException" storage="d:\actions-runner\_work\xpco\xpco\corporate\videoos.administration.client.unittests\bin\x64\debug\net472\videoos.administration.client.unittests.dll" id="5d474c19-dcd1-d3a6-68bd-70874cb774e8">
      <TestCategory>
        <TestCategoryItem TestCategory="UriHandler" />
      </TestCategory>
      <Execution id="4aaf4ac7-0622-44ee-94c6-e04072393967" />
      <TestMethod codeBase="D:\actions-runner\_work\XPCO\XPCO\Corporate\VideoOS.Administration.Client.UnitTests\bin\x64\Debug\net472\VideoOS.Administration.Client.UnitTests.dll" adapterTypeName="executor://mstestadapter/v2" className="VideoOS.Administration.Client.UnitTests.UriHandlerUnitTests" name="ForceModifyUri_NullUri_ThrowsArgumentNullException" />
    </UnitTest>
    <UnitTest name="ManagementClientVmoClientFactory_CreateServerConnection_NullTokenCacheArgument_IgnoresServiceContainer" storage="d:\actions-runner\_work\xpco\xpco\corporate\videoos.administration.client.unittests\bin\x64\debug\net472\videoos.administration.client.unittests.dll" id="25cb5479-afc6-8e56-e98b-c3d34bf27d5a">
      <TestCategory>
        <TestCategoryItem TestCategory="ManagementClientVmoClientFactoryTests" />
      </TestCategory>
      <Execution id="d2279caf-8e6c-439c-9cc9-c2e6a4ff02c7" />
      <TestMethod codeBase="D:\actions-runner\_work\XPCO\XPCO\Corporate\VideoOS.Administration.Client.UnitTests\bin\x64\Debug\net472\VideoOS.Administration.Client.UnitTests.dll" adapterTypeName="executor://mstestadapter/v2" className="VideoOS.Administration.Client.UnitTests.ManagementClientVmoClientFactoryTests" name="ManagementClientVmoClientFactory_CreateServerConnection_NullTokenCacheArgument_IgnoresServiceContainer" />
    </UnitTest>
    <UnitTest name="ModifyUri_NonStandardUri_UnsecureNotAllowed_SecureAvailable_ModifiedToHttps_PortUnchanged" storage="d:\actions-runner\_work\xpco\xpco\corporate\videoos.administration.client.unittests\bin\x64\debug\net472\videoos.administration.client.unittests.dll" id="c4b6c8d0-f1eb-5111-203f-5ec41ad9f087">
      <TestCategory>
        <TestCategoryItem TestCategory="UriHandler" />
      </TestCategory>
      <Execution id="6f752aec-9b08-4534-a0e1-948dc70d7f80" />
      <TestMethod codeBase="D:\actions-runner\_work\XPCO\XPCO\Corporate\VideoOS.Administration.Client.UnitTests\bin\x64\Debug\net472\VideoOS.Administration.Client.UnitTests.dll" adapterTypeName="executor://mstestadapter/v2" className="VideoOS.Administration.Client.UnitTests.UriHandlerUnitTests" name="ModifyUri_NonStandardUri_UnsecureNotAllowed_SecureAvailable_ModifiedToHttps_PortUnchanged" />
    </UnitTest>
    <UnitTest name="CreateProxyUsingLocalTokenCache_LegacyWindowsDefaultAuthentication_ReturnsExpected" storage="d:\actions-runner\_work\xpco\xpco\corporate\videoos.administration.client.unittests\bin\x64\debug\net472\videoos.administration.client.unittests.dll" id="9ce72897-6c54-d188-4ee2-e77d77f64518">
      <TestCategory>
        <TestCategoryItem TestCategory="ServerProxyManagerFactory" />
      </TestCategory>
      <Execution id="a7412e4d-7bb6-4548-ae74-e41f5fbd1e2d" />
      <TestMethod codeBase="D:\actions-runner\_work\XPCO\XPCO\Corporate\VideoOS.Administration.Client.UnitTests\bin\x64\Debug\net472\VideoOS.Administration.Client.UnitTests.dll" adapterTypeName="executor://mstestadapter/v2" className="VideoOS.Administration.Client.UnitTests.ServerProxyManagerFactoryTests" name="CreateProxyUsingLocalTokenCache_LegacyWindowsDefaultAuthentication_ReturnsExpected" />
    </UnitTest>
    <UnitTest name="ConnectionInfo_UserDomain_NameBasicUserNoDomain_BasicPrefix" storage="d:\actions-runner\_work\xpco\xpco\corporate\videoos.administration.client.unittests\bin\x64\debug\net472\videoos.administration.client.unittests.dll" id="c4541f8b-dde0-be7b-f78b-1360b39572aa">
      <Execution id="cb5d3384-bf57-4809-8120-4b660e27adea" />
      <TestMethod codeBase="D:\actions-runner\_work\XPCO\XPCO\Corporate\VideoOS.Administration.Client.UnitTests\bin\x64\Debug\net472\VideoOS.Administration.Client.UnitTests.dll" adapterTypeName="executor://mstestadapter/v2" className="VideoOS.Common.Integration.UnitTests.Login.ConnectionInfoTests" name="ConnectionInfo_UserDomain_NameBasicUserNoDomain_BasicPrefix" />
    </UnitTest>
    <UnitTest name="AuthenticationWindowsDefault_SetName_Throws_InvalidOperationException" storage="d:\actions-runner\_work\xpco\xpco\corporate\videoos.administration.client.unittests\bin\x64\debug\net472\videoos.administration.client.unittests.dll" id="d6accb42-5ea7-a836-68de-0cf126387104">
      <TestCategory>
        <TestCategoryItem TestCategory="AuthenticationInfoTests" />
      </TestCategory>
      <Execution id="b8328d7f-e361-413d-91d2-a859d845a86f" />
      <TestMethod codeBase="D:\actions-runner\_work\XPCO\XPCO\Corporate\VideoOS.Administration.Client.UnitTests\bin\x64\Debug\net472\VideoOS.Administration.Client.UnitTests.dll" adapterTypeName="executor://mstestadapter/v2" className="VideoOS.Common.Integration.UnitTests.AuthenticationInfoTests" name="AuthenticationWindowsDefault_SetName_Throws_InvalidOperationException" />
    </UnitTest>
    <UnitTest name="CheckAndModifyUri_NonStandardUri_UnsecureAllowed_SecureAvailable_ModifiedToHttps_PortUnchanged" storage="d:\actions-runner\_work\xpco\xpco\corporate\videoos.administration.client.unittests\bin\x64\debug\net472\videoos.administration.client.unittests.dll" id="502135c9-53e3-fce0-5ca4-225441760e67">
      <TestCategory>
        <TestCategoryItem TestCategory="UriHandler" />
      </TestCategory>
      <Execution id="ca00c139-2ff8-4f24-84eb-174fcb9dcae7" />
      <TestMethod codeBase="D:\actions-runner\_work\XPCO\XPCO\Corporate\VideoOS.Administration.Client.UnitTests\bin\x64\Debug\net472\VideoOS.Administration.Client.UnitTests.dll" adapterTypeName="executor://mstestadapter/v2" className="VideoOS.Administration.Client.UnitTests.UriHandlerUnitTests" name="CheckAndModifyUri_NonStandardUri_UnsecureAllowed_SecureAvailable_ModifiedToHttps_PortUnchanged" />
    </UnitTest>
    <UnitTest name="IsSiteWorking_InvalidSecureEndpoint_ValidUnsecureEndpoint_ReturnTrue" storage="d:\actions-runner\_work\xpco\xpco\corporate\videoos.administration.client.unittests\bin\x64\debug\net472\videoos.administration.client.unittests.dll" id="49634520-442e-81d6-01bb-bbb969e8cd8b">
      <TestCategory>
        <TestCategoryItem TestCategory="UriHandler" />
      </TestCategory>
      <Execution id="1379f75e-ed37-4d7a-ae9a-ea37abd3e4de" />
      <TestMethod codeBase="D:\actions-runner\_work\XPCO\XPCO\Corporate\VideoOS.Administration.Client.UnitTests\bin\x64\Debug\net472\VideoOS.Administration.Client.UnitTests.dll" adapterTypeName="executor://mstestadapter/v2" className="VideoOS.Administration.Client.UnitTests.UriHandlerUnitTests" name="IsSiteWorking_InvalidSecureEndpoint_ValidUnsecureEndpoint_ReturnTrue" />
    </UnitTest>
    <UnitTest name="ModifyUri_NonStandardUri_UnsecureAllowedUnknown_SecureNotAvailable_ThrowsInvalidOperationException" storage="d:\actions-runner\_work\xpco\xpco\corporate\videoos.administration.client.unittests\bin\x64\debug\net472\videoos.administration.client.unittests.dll" id="e172b8ff-96d8-30bc-4d63-70af1eaaf6b1">
      <TestCategory>
        <TestCategoryItem TestCategory="UriHandler" />
      </TestCategory>
      <Execution id="580ef805-eb7b-435d-af72-9bafb899cb67" />
      <TestMethod codeBase="D:\actions-runner\_work\XPCO\XPCO\Corporate\VideoOS.Administration.Client.UnitTests\bin\x64\Debug\net472\VideoOS.Administration.Client.UnitTests.dll" adapterTypeName="executor://mstestadapter/v2" className="VideoOS.Administration.Client.UnitTests.UriHandlerUnitTests" name="ModifyUri_NonStandardUri_UnsecureAllowedUnknown_SecureNotAvailable_ThrowsInvalidOperationException" />
    </UnitTest>
    <UnitTest name="CheckAndModifyUri_NonStandardUri_UnsecureAllowed_SecureNotAvailable_ModifiedToHttp_PortUnchanged" storage="d:\actions-runner\_work\xpco\xpco\corporate\videoos.administration.client.unittests\bin\x64\debug\net472\videoos.administration.client.unittests.dll" id="762aea99-9366-243d-f857-209c23474477">
      <TestCategory>
        <TestCategoryItem TestCategory="UriHandler" />
      </TestCategory>
      <Execution id="51dbdf17-7891-46cb-8284-a0c8adf98921" />
      <TestMethod codeBase="D:\actions-runner\_work\XPCO\XPCO\Corporate\VideoOS.Administration.Client.UnitTests\bin\x64\Debug\net472\VideoOS.Administration.Client.UnitTests.dll" adapterTypeName="executor://mstestadapter/v2" className="VideoOS.Administration.Client.UnitTests.UriHandlerUnitTests" name="CheckAndModifyUri_NonStandardUri_UnsecureAllowed_SecureNotAvailable_ModifiedToHttp_PortUnchanged" />
    </UnitTest>
    <UnitTest name="CheckAndModifyUri_StandardUri_UnsecureAllowed_NoEndpointsAvailable_ThrowsInvalidOperationException" storage="d:\actions-runner\_work\xpco\xpco\corporate\videoos.administration.client.unittests\bin\x64\debug\net472\videoos.administration.client.unittests.dll" id="4bfb1c51-cefe-843a-c8a5-3e7bae7770f9">
      <TestCategory>
        <TestCategoryItem TestCategory="UriHandler" />
      </TestCategory>
      <Execution id="e54551ef-3c4c-43bb-a1e3-96c3db945c18" />
      <TestMethod codeBase="D:\actions-runner\_work\XPCO\XPCO\Corporate\VideoOS.Administration.Client.UnitTests\bin\x64\Debug\net472\VideoOS.Administration.Client.UnitTests.dll" adapterTypeName="executor://mstestadapter/v2" className="VideoOS.Administration.Client.UnitTests.UriHandlerUnitTests" name="CheckAndModifyUri_StandardUri_UnsecureAllowed_NoEndpointsAvailable_ThrowsInvalidOperationException" />
    </UnitTest>
    <UnitTest name="CheckAndModifyUri_StandardUri_UnsecureAllowed_SecureAvailable_ModifiedToHttpsPort443" storage="d:\actions-runner\_work\xpco\xpco\corporate\videoos.administration.client.unittests\bin\x64\debug\net472\videoos.administration.client.unittests.dll" id="351a88b4-5f89-ae26-6335-2f01588d988c">
      <TestCategory>
        <TestCategoryItem TestCategory="UriHandler" />
      </TestCategory>
      <Execution id="675a4c7c-e76b-4450-902c-2e7bb87e4998" />
      <TestMethod codeBase="D:\actions-runner\_work\XPCO\XPCO\Corporate\VideoOS.Administration.Client.UnitTests\bin\x64\Debug\net472\VideoOS.Administration.Client.UnitTests.dll" adapterTypeName="executor://mstestadapter/v2" className="VideoOS.Administration.Client.UnitTests.UriHandlerUnitTests" name="CheckAndModifyUri_StandardUri_UnsecureAllowed_SecureAvailable_ModifiedToHttpsPort443" />
    </UnitTest>
    <UnitTest name="ForceModifyUri_InvalidScheme_IsSecure_ModifiedToHttpsPort443" storage="d:\actions-runner\_work\xpco\xpco\corporate\videoos.administration.client.unittests\bin\x64\debug\net472\videoos.administration.client.unittests.dll" id="748fee11-580e-a2b6-a72f-ba13ab560355">
      <TestCategory>
        <TestCategoryItem TestCategory="UriHandler" />
      </TestCategory>
      <Execution id="527b234f-9bdd-4ebd-9369-afc895208b3b" />
      <TestMethod codeBase="D:\actions-runner\_work\XPCO\XPCO\Corporate\VideoOS.Administration.Client.UnitTests\bin\x64\Debug\net472\VideoOS.Administration.Client.UnitTests.dll" adapterTypeName="executor://mstestadapter/v2" className="VideoOS.Administration.Client.UnitTests.UriHandlerUnitTests" name="ForceModifyUri_InvalidScheme_IsSecure_ModifiedToHttpsPort443" />
    </UnitTest>
    <UnitTest name="ManagementClientVmoClientFactory_CreateServerConnection_OAuth_BasicUser_Success" storage="d:\actions-runner\_work\xpco\xpco\corporate\videoos.administration.client.unittests\bin\x64\debug\net472\videoos.administration.client.unittests.dll" id="d804f483-9b98-5d7d-ddfe-a15d08999d0f">
      <TestCategory>
        <TestCategoryItem TestCategory="ManagementClientVmoClientFactoryTests" />
      </TestCategory>
      <Execution id="67884de6-7639-4570-9047-16c5a2227aa6" />
      <TestMethod codeBase="D:\actions-runner\_work\XPCO\XPCO\Corporate\VideoOS.Administration.Client.UnitTests\bin\x64\Debug\net472\VideoOS.Administration.Client.UnitTests.dll" adapterTypeName="executor://mstestadapter/v2" className="VideoOS.Administration.Client.UnitTests.ManagementClientVmoClientFactoryTests" name="ManagementClientVmoClientFactory_CreateServerConnection_OAuth_BasicUser_Success" />
    </UnitTest>
    <UnitTest name="ModifyUri_NonStandardUri_UnsecureAllowed_SecureAvailable_ModifiedToHttps_PortUnchanged" storage="d:\actions-runner\_work\xpco\xpco\corporate\videoos.administration.client.unittests\bin\x64\debug\net472\videoos.administration.client.unittests.dll" id="2f4be414-8bb7-0eb4-1eb0-6e94c6d18845">
      <TestCategory>
        <TestCategoryItem TestCategory="UriHandler" />
      </TestCategory>
      <Execution id="d2fa0791-9159-423c-b350-cce08f3ca761" />
      <TestMethod codeBase="D:\actions-runner\_work\XPCO\XPCO\Corporate\VideoOS.Administration.Client.UnitTests\bin\x64\Debug\net472\VideoOS.Administration.Client.UnitTests.dll" adapterTypeName="executor://mstestadapter/v2" className="VideoOS.Administration.Client.UnitTests.UriHandlerUnitTests" name="ModifyUri_NonStandardUri_UnsecureAllowed_SecureAvailable_ModifiedToHttps_PortUnchanged" />
    </UnitTest>
    <UnitTest name="ModifyUri_StandardUri_UnsecureNotAllowed_SecureAvailable_ModifiedToHttpsPort443" storage="d:\actions-runner\_work\xpco\xpco\corporate\videoos.administration.client.unittests\bin\x64\debug\net472\videoos.administration.client.unittests.dll" id="e0a14c59-193b-c8c1-4325-b16b92b6892f">
      <TestCategory>
        <TestCategoryItem TestCategory="UriHandler" />
      </TestCategory>
      <Execution id="e2950858-36a7-4847-a866-4d98b81adcda" />
      <TestMethod codeBase="D:\actions-runner\_work\XPCO\XPCO\Corporate\VideoOS.Administration.Client.UnitTests\bin\x64\Debug\net472\VideoOS.Administration.Client.UnitTests.dll" adapterTypeName="executor://mstestadapter/v2" className="VideoOS.Administration.Client.UnitTests.UriHandlerUnitTests" name="ModifyUri_StandardUri_UnsecureNotAllowed_SecureAvailable_ModifiedToHttpsPort443" />
    </UnitTest>
    <UnitTest name="ManagementClientVmoClientFactory_NullServiceContainer_Throws_ArgumentNullException" storage="d:\actions-runner\_work\xpco\xpco\corporate\videoos.administration.client.unittests\bin\x64\debug\net472\videoos.administration.client.unittests.dll" id="7c762d09-a0a1-0395-844e-b94ed4c8d502">
      <TestCategory>
        <TestCategoryItem TestCategory="ManagementClientVmoClientFactoryTests" />
      </TestCategory>
      <Execution id="94f55fd3-e994-46fe-afa0-a002d5bc43d3" />
      <TestMethod codeBase="D:\actions-runner\_work\XPCO\XPCO\Corporate\VideoOS.Administration.Client.UnitTests\bin\x64\Debug\net472\VideoOS.Administration.Client.UnitTests.dll" adapterTypeName="executor://mstestadapter/v2" className="VideoOS.Administration.Client.UnitTests.ManagementClientVmoClientFactoryTests" name="ManagementClientVmoClientFactory_NullServiceContainer_Throws_ArgumentNullException" />
    </UnitTest>
    <UnitTest name="ConnectionInfo_UserDomain_NameBasicUserWithDomain_BasicPrefix" storage="d:\actions-runner\_work\xpco\xpco\corporate\videoos.administration.client.unittests\bin\x64\debug\net472\videoos.administration.client.unittests.dll" id="6f2b7f5a-3a0e-6508-54fb-f1ad8a3c844d">
      <Execution id="a651c071-70ed-439b-8923-5b1db0e16d78" />
      <TestMethod codeBase="D:\actions-runner\_work\XPCO\XPCO\Corporate\VideoOS.Administration.Client.UnitTests\bin\x64\Debug\net472\VideoOS.Administration.Client.UnitTests.dll" adapterTypeName="executor://mstestadapter/v2" className="VideoOS.Common.Integration.UnitTests.Login.ConnectionInfoTests" name="ConnectionInfo_UserDomain_NameBasicUserWithDomain_BasicPrefix" />
    </UnitTest>
    <UnitTest name="NavigationUIItem_ConstructorTest_IdNull" storage="d:\actions-runner\_work\xpco\xpco\corporate\videoos.administration.client.unittests\bin\x64\debug\net472\videoos.administration.client.unittests.dll" id="e3ceee5e-219f-17bf-3f31-876ca9e890d6">
      <Execution id="540604e7-5245-4228-acf7-3ae187c7537d" />
      <TestMethod codeBase="D:\actions-runner\_work\XPCO\XPCO\Corporate\VideoOS.Administration.Client.UnitTests\bin\x64\Debug\net472\VideoOS.Administration.Client.UnitTests.dll" adapterTypeName="executor://mstestadapter/v2" className="VideoOS.Administration.Client.UnitTests.NavigationUIItemUnitTest" name="NavigationUIItem_ConstructorTest_IdNull" />
    </UnitTest>
    <UnitTest name="ManagementClientVmoClientFactory_CreateClient_Legacy_Matches_CreateServerConnection" storage="d:\actions-runner\_work\xpco\xpco\corporate\videoos.administration.client.unittests\bin\x64\debug\net472\videoos.administration.client.unittests.dll" id="9b4571d3-94be-8396-3f3a-dc81da7fcb17">
      <TestCategory>
        <TestCategoryItem TestCategory="ManagementClientVmoClientFactoryTests" />
      </TestCategory>
      <Execution id="faf47bfe-06a1-4c99-9b43-6c20c930ede9" />
      <TestMethod codeBase="D:\actions-runner\_work\XPCO\XPCO\Corporate\VideoOS.Administration.Client.UnitTests\bin\x64\Debug\net472\VideoOS.Administration.Client.UnitTests.dll" adapterTypeName="executor://mstestadapter/v2" className="VideoOS.Administration.Client.UnitTests.ManagementClientVmoClientFactoryTests" name="ManagementClientVmoClientFactory_CreateClient_Legacy_Matches_CreateServerConnection" />
    </UnitTest>
    <UnitTest name="ConnectionInfo_ExternalId_Null_Throws_ArgumentNullException" storage="d:\actions-runner\_work\xpco\xpco\corporate\videoos.administration.client.unittests\bin\x64\debug\net472\videoos.administration.client.unittests.dll" id="2bac4cdb-69ac-8eb1-de18-9a7127d3ebdc">
      <Execution id="692768fc-cfb0-4abc-80e9-25a1a493ea4a" />
      <TestMethod codeBase="D:\actions-runner\_work\XPCO\XPCO\Corporate\VideoOS.Administration.Client.UnitTests\bin\x64\Debug\net472\VideoOS.Administration.Client.UnitTests.dll" adapterTypeName="executor://mstestadapter/v2" className="VideoOS.Common.Integration.UnitTests.Login.ConnectionInfoTests" name="ConnectionInfo_ExternalId_Null_Throws_ArgumentNullException" />
    </UnitTest>
    <UnitTest name="IsSiteWorking_ValidSecureEndpoint_InvalidCertificateNotAllowed_ValidUnsecureEndpoint_ReturnsTrue" storage="d:\actions-runner\_work\xpco\xpco\corporate\videoos.administration.client.unittests\bin\x64\debug\net472\videoos.administration.client.unittests.dll" id="7f786156-69fc-d1d2-db19-9a0d8f507673">
      <TestCategory>
        <TestCategoryItem TestCategory="UriHandler" />
      </TestCategory>
      <Execution id="a4878d95-3eda-4987-ad23-629731dcb7eb" />
      <TestMethod codeBase="D:\actions-runner\_work\XPCO\XPCO\Corporate\VideoOS.Administration.Client.UnitTests\bin\x64\Debug\net472\VideoOS.Administration.Client.UnitTests.dll" adapterTypeName="executor://mstestadapter/v2" className="VideoOS.Administration.Client.UnitTests.UriHandlerUnitTests" name="IsSiteWorking_ValidSecureEndpoint_InvalidCertificateNotAllowed_ValidUnsecureEndpoint_ReturnsTrue" />
    </UnitTest>
    <UnitTest name="CheckAndModifyUri_StandardUri_InvalidCertificateNotAllowed_InvalidCertificate_ModifiedToHttpPort80" storage="d:\actions-runner\_work\xpco\xpco\corporate\videoos.administration.client.unittests\bin\x64\debug\net472\videoos.administration.client.unittests.dll" id="7eb4fb4e-e669-c037-5ee1-67d9cd36274e">
      <TestCategory>
        <TestCategoryItem TestCategory="UriHandler" />
      </TestCategory>
      <Execution id="93407063-65aa-46bf-af5d-24f7510f1834" />
      <TestMethod codeBase="D:\actions-runner\_work\XPCO\XPCO\Corporate\VideoOS.Administration.Client.UnitTests\bin\x64\Debug\net472\VideoOS.Administration.Client.UnitTests.dll" adapterTypeName="executor://mstestadapter/v2" className="VideoOS.Administration.Client.UnitTests.UriHandlerUnitTests" name="CheckAndModifyUri_StandardUri_InvalidCertificateNotAllowed_InvalidCertificate_ModifiedToHttpPort80" />
    </UnitTest>
    <UnitTest name="ConnectionInfo_IsSecure_Enabled" storage="d:\actions-runner\_work\xpco\xpco\corporate\videoos.administration.client.unittests\bin\x64\debug\net472\videoos.administration.client.unittests.dll" id="34e32585-8feb-bc22-802b-fe955d108fc4">
      <Execution id="6cfea7b6-dd5f-4143-8e4f-b13d7b54a770" />
      <TestMethod codeBase="D:\actions-runner\_work\XPCO\XPCO\Corporate\VideoOS.Administration.Client.UnitTests\bin\x64\Debug\net472\VideoOS.Administration.Client.UnitTests.dll" adapterTypeName="executor://mstestadapter/v2" className="VideoOS.Common.Integration.UnitTests.Login.ConnectionInfoTests" name="ConnectionInfo_IsSecure_Enabled" />
    </UnitTest>
    <UnitTest name="IsSecureConnection_WindowsDefaultAuthenticationType_InvokesRetrieveLocalUserOptions_Returns_False" storage="d:\actions-runner\_work\xpco\xpco\corporate\videoos.administration.client.unittests\bin\x64\debug\net472\videoos.administration.client.unittests.dll" id="cfc8e92c-b9df-05dc-ba8b-b047d6a9788e">
      <Execution id="79a7b81d-1138-4aaf-95de-14e1ee000f4b" />
      <TestMethod codeBase="D:\actions-runner\_work\XPCO\XPCO\Corporate\VideoOS.Administration.Client.UnitTests\bin\x64\Debug\net472\VideoOS.Administration.Client.UnitTests.dll" adapterTypeName="executor://mstestadapter/v2" className="VideoOS.Common.Integration.UnitTests.ServerValidation.LegacyConnectionInfoTests" name="IsSecureConnection_WindowsDefaultAuthenticationType_InvokesRetrieveLocalUserOptions_Returns_False" />
    </UnitTest>
    <UnitTest name="ConnectionInfo_ProviderId_Success" storage="d:\actions-runner\_work\xpco\xpco\corporate\videoos.administration.client.unittests\bin\x64\debug\net472\videoos.administration.client.unittests.dll" id="f7e9f355-4287-ab9b-d142-21f9e7aa869a">
      <Execution id="d26a6d31-8850-4f38-8d74-dc19c80e484c" />
      <TestMethod codeBase="D:\actions-runner\_work\XPCO\XPCO\Corporate\VideoOS.Administration.Client.UnitTests\bin\x64\Debug\net472\VideoOS.Administration.Client.UnitTests.dll" adapterTypeName="executor://mstestadapter/v2" className="VideoOS.Common.Integration.UnitTests.Login.ConnectionInfoTests" name="ConnectionInfo_ProviderId_Success" />
    </UnitTest>
    <UnitTest name="CheckAndModifyUri_StandardUri_UnsecureAllowedUnknown_SecureNotAvailable_ThrowsInvalidOperationException" storage="d:\actions-runner\_work\xpco\xpco\corporate\videoos.administration.client.unittests\bin\x64\debug\net472\videoos.administration.client.unittests.dll" id="e30ce444-dd9a-6cf3-6d15-08a91c767ab5">
      <TestCategory>
        <TestCategoryItem TestCategory="UriHandler" />
      </TestCategory>
      <Execution id="1ecb86d3-9de2-48d8-b3e0-f44e16eeefc7" />
      <TestMethod codeBase="D:\actions-runner\_work\XPCO\XPCO\Corporate\VideoOS.Administration.Client.UnitTests\bin\x64\Debug\net472\VideoOS.Administration.Client.UnitTests.dll" adapterTypeName="executor://mstestadapter/v2" className="VideoOS.Administration.Client.UnitTests.UriHandlerUnitTests" name="CheckAndModifyUri_StandardUri_UnsecureAllowedUnknown_SecureNotAvailable_ThrowsInvalidOperationException" />
    </UnitTest>
    <UnitTest name="CreateTokenCache_NullConnectionInfo_ThrowsArgumentNullException" storage="d:\actions-runner\_work\xpco\xpco\corporate\videoos.administration.client.unittests\bin\x64\debug\net472\videoos.administration.client.unittests.dll" id="c6328905-9aef-d0d3-cff7-3108fce8ec23">
      <Execution id="33548601-ee6e-4f5b-900a-25b634156ba5" />
      <TestMethod codeBase="D:\actions-runner\_work\XPCO\XPCO\Corporate\VideoOS.Administration.Client.UnitTests\bin\x64\Debug\net472\VideoOS.Administration.Client.UnitTests.dll" adapterTypeName="executor://mstestadapter/v2" className="VideoOS.Administration.Client.UnitTests.ManagementClientTokenCacheFactoryTests" name="CreateTokenCache_NullConnectionInfo_ThrowsArgumentNullException" />
    </UnitTest>
    <UnitTest name="ForceModifyUri_HttpsPort80_IsNotSecure_ModifiedToHttpPort80" storage="d:\actions-runner\_work\xpco\xpco\corporate\videoos.administration.client.unittests\bin\x64\debug\net472\videoos.administration.client.unittests.dll" id="84afa4cb-76a7-e223-2ddd-251750d55d5a">
      <TestCategory>
        <TestCategoryItem TestCategory="UriHandler" />
      </TestCategory>
      <Execution id="a0206b16-9c8a-4238-b8dd-1530f54d9531" />
      <TestMethod codeBase="D:\actions-runner\_work\XPCO\XPCO\Corporate\VideoOS.Administration.Client.UnitTests\bin\x64\Debug\net472\VideoOS.Administration.Client.UnitTests.dll" adapterTypeName="executor://mstestadapter/v2" className="VideoOS.Administration.Client.UnitTests.UriHandlerUnitTests" name="ForceModifyUri_HttpsPort80_IsNotSecure_ModifiedToHttpPort80" />
    </UnitTest>
    <UnitTest name="CreateProxyUsingLocalTokenCache_ConnectionInfoParamNull_Throws_ArgumentNullException" storage="d:\actions-runner\_work\xpco\xpco\corporate\videoos.administration.client.unittests\bin\x64\debug\net472\videoos.administration.client.unittests.dll" id="690ff4ae-2361-e0f9-b41e-ccd40b9404f5">
      <TestCategory>
        <TestCategoryItem TestCategory="ServerProxyManagerFactory" />
      </TestCategory>
      <Execution id="0a693676-0f2f-4091-9eab-e9cf95ac7ec7" />
      <TestMethod codeBase="D:\actions-runner\_work\XPCO\XPCO\Corporate\VideoOS.Administration.Client.UnitTests\bin\x64\Debug\net472\VideoOS.Administration.Client.UnitTests.dll" adapterTypeName="executor://mstestadapter/v2" className="VideoOS.Administration.Client.UnitTests.ServerProxyManagerFactoryTests" name="CreateProxyUsingLocalTokenCache_ConnectionInfoParamNull_Throws_ArgumentNullException" />
    </UnitTest>
    <UnitTest name="CheckAndModifyUri_StandardUri_UnsecureAllowedUnknown_SecureAvailable_ModifiedToHttpsPort443" storage="d:\actions-runner\_work\xpco\xpco\corporate\videoos.administration.client.unittests\bin\x64\debug\net472\videoos.administration.client.unittests.dll" id="2b5e0382-2c87-d8f8-e053-15db290cc55a">
      <TestCategory>
        <TestCategoryItem TestCategory="UriHandler" />
      </TestCategory>
      <Execution id="c195fded-f7be-44ea-8826-cf69f229b2c8" />
      <TestMethod codeBase="D:\actions-runner\_work\XPCO\XPCO\Corporate\VideoOS.Administration.Client.UnitTests\bin\x64\Debug\net472\VideoOS.Administration.Client.UnitTests.dll" adapterTypeName="executor://mstestadapter/v2" className="VideoOS.Administration.Client.UnitTests.UriHandlerUnitTests" name="CheckAndModifyUri_StandardUri_UnsecureAllowedUnknown_SecureAvailable_ModifiedToHttpsPort443" />
    </UnitTest>
    <UnitTest name="AuthenticationExternal_SetProperties_Success" storage="d:\actions-runner\_work\xpco\xpco\corporate\videoos.administration.client.unittests\bin\x64\debug\net472\videoos.administration.client.unittests.dll" id="496db5bc-916c-46f7-18fc-9d9a682f60b4">
      <TestCategory>
        <TestCategoryItem TestCategory="AuthenticationInfoTests" />
      </TestCategory>
      <Execution id="78d40da4-4af8-4bb7-b8b9-5aeb5701bca3" />
      <TestMethod codeBase="D:\actions-runner\_work\XPCO\XPCO\Corporate\VideoOS.Administration.Client.UnitTests\bin\x64\Debug\net472\VideoOS.Administration.Client.UnitTests.dll" adapterTypeName="executor://mstestadapter/v2" className="VideoOS.Common.Integration.UnitTests.AuthenticationInfoTests" name="AuthenticationExternal_SetProperties_Success" />
    </UnitTest>
    <UnitTest name="ForceModifyUri_NonStandardPort443_IsNotSecure_ThrowsInvalidOperationException" storage="d:\actions-runner\_work\xpco\xpco\corporate\videoos.administration.client.unittests\bin\x64\debug\net472\videoos.administration.client.unittests.dll" id="05e7b940-0e72-1d5a-ca2e-bf345481244d">
      <TestCategory>
        <TestCategoryItem TestCategory="UriHandler" />
      </TestCategory>
      <Execution id="6e2ad3cb-7c93-4008-b9b9-8bf8e2a0dc56" />
      <TestMethod codeBase="D:\actions-runner\_work\XPCO\XPCO\Corporate\VideoOS.Administration.Client.UnitTests\bin\x64\Debug\net472\VideoOS.Administration.Client.UnitTests.dll" adapterTypeName="executor://mstestadapter/v2" className="VideoOS.Administration.Client.UnitTests.UriHandlerUnitTests" name="ForceModifyUri_NonStandardPort443_IsNotSecure_ThrowsInvalidOperationException" />
    </UnitTest>
    <UnitTest name="IsSecureConnection_HasValidIdpServer_WithInvalidCertificate_EventRaisedUserSaidNo_Throws_InvalidOperationException" storage="d:\actions-runner\_work\xpco\xpco\corporate\videoos.administration.client.unittests\bin\x64\debug\net472\videoos.administration.client.unittests.dll" id="6f6e3771-107c-fb64-0026-d223abe1f17f">
      <TestCategory>
        <TestCategoryItem TestCategory="Server Validation" />
      </TestCategory>
      <Execution id="2ef25a3b-94fb-4189-a016-4500aa8dded3" />
      <TestMethod codeBase="D:\actions-runner\_work\XPCO\XPCO\Corporate\VideoOS.Administration.Client.UnitTests\bin\x64\Debug\net472\VideoOS.Administration.Client.UnitTests.dll" adapterTypeName="executor://mstestadapter/v2" className="VideoOS.Common.Integration.UnitTests.ServerValidation.ServerConnectionInfoTests" name="IsSecureConnection_HasValidIdpServer_WithInvalidCertificate_EventRaisedUserSaidNo_Throws_InvalidOperationException" />
    </UnitTest>
    <UnitTest name="CreateUri_HttpUrlPort443_SchemeRemainsHttp_PortRemains443" storage="d:\actions-runner\_work\xpco\xpco\corporate\videoos.administration.client.unittests\bin\x64\debug\net472\videoos.administration.client.unittests.dll" id="86774911-7405-609c-5e99-f959badd2976">
      <TestCategory>
        <TestCategoryItem TestCategory="UriHandler" />
      </TestCategory>
      <Execution id="c95adedf-9bb6-43f8-bfa3-930c1f441cef" />
      <TestMethod codeBase="D:\actions-runner\_work\XPCO\XPCO\Corporate\VideoOS.Administration.Client.UnitTests\bin\x64\Debug\net472\VideoOS.Administration.Client.UnitTests.dll" adapterTypeName="executor://mstestadapter/v2" className="VideoOS.Administration.Client.UnitTests.UriHandlerUnitTests" name="CreateUri_HttpUrlPort443_SchemeRemainsHttp_PortRemains443" />
    </UnitTest>
    <UnitTest name="NavigationUIItem_ConstructorTest" storage="d:\actions-runner\_work\xpco\xpco\corporate\videoos.administration.client.unittests\bin\x64\debug\net472\videoos.administration.client.unittests.dll" id="3e89202e-4b38-26ba-5e26-f9eac87fb8d5">
      <Execution id="7d0548c0-4f55-49eb-baab-8767e8a5f581" />
      <TestMethod codeBase="D:\actions-runner\_work\XPCO\XPCO\Corporate\VideoOS.Administration.Client.UnitTests\bin\x64\Debug\net472\VideoOS.Administration.Client.UnitTests.dll" adapterTypeName="executor://mstestadapter/v2" className="VideoOS.Administration.Client.UnitTests.NavigationUIItemUnitTest" name="NavigationUIItem_ConstructorTest" />
    </UnitTest>
    <UnitTest name="Construct_InvalidParamTokenSettings_Null_ThrowsArgumentNullException" storage="d:\actions-runner\_work\xpco\xpco\corporate\videoos.administration.client.unittests\bin\x64\debug\net472\videoos.administration.client.unittests.dll" id="c142b063-e199-7869-01c9-d651472231bc">
      <Execution id="1038abc4-4418-4907-aaf2-07733fac9c33" />
      <TestMethod codeBase="D:\actions-runner\_work\XPCO\XPCO\Corporate\VideoOS.Administration.Client.UnitTests\bin\x64\Debug\net472\VideoOS.Administration.Client.UnitTests.dll" adapterTypeName="executor://mstestadapter/v2" className="VideoOS.Administration.Client.UnitTests.ManagementClientTokenCacheFactoryTests" name="Construct_InvalidParamTokenSettings_Null_ThrowsArgumentNullException" />
    </UnitTest>
    <UnitTest name="ForceModifyUri_InvalidScheme_IsNotSecure_ModifiedToHttpPort80" storage="d:\actions-runner\_work\xpco\xpco\corporate\videoos.administration.client.unittests\bin\x64\debug\net472\videoos.administration.client.unittests.dll" id="813e029c-7a23-45c4-1999-05dff8078381">
      <TestCategory>
        <TestCategoryItem TestCategory="UriHandler" />
      </TestCategory>
      <Execution id="0989b5c0-ba5b-43c3-a961-242a0dee8933" />
      <TestMethod codeBase="D:\actions-runner\_work\XPCO\XPCO\Corporate\VideoOS.Administration.Client.UnitTests\bin\x64\Debug\net472\VideoOS.Administration.Client.UnitTests.dll" adapterTypeName="executor://mstestadapter/v2" className="VideoOS.Administration.Client.UnitTests.UriHandlerUnitTests" name="ForceModifyUri_InvalidScheme_IsNotSecure_ModifiedToHttpPort80" />
    </UnitTest>
    <UnitTest name="ConnectionInfo_IsSecure_Disabled" storage="d:\actions-runner\_work\xpco\xpco\corporate\videoos.administration.client.unittests\bin\x64\debug\net472\videoos.administration.client.unittests.dll" id="6df96be3-2224-cf70-766a-cec7c6d5a0f4">
      <Execution id="6e7c9384-4626-4514-ad63-8d1526d95103" />
      <TestMethod codeBase="D:\actions-runner\_work\XPCO\XPCO\Corporate\VideoOS.Administration.Client.UnitTests\bin\x64\Debug\net472\VideoOS.Administration.Client.UnitTests.dll" adapterTypeName="executor://mstestadapter/v2" className="VideoOS.Common.Integration.UnitTests.Login.ConnectionInfoTests" name="ConnectionInfo_IsSecure_Disabled" />
    </UnitTest>
    <UnitTest name="ForceModifyUri_HttpPort443_IsSecure_ModifiedToHttpsPort443" storage="d:\actions-runner\_work\xpco\xpco\corporate\videoos.administration.client.unittests\bin\x64\debug\net472\videoos.administration.client.unittests.dll" id="d2f0b88b-0018-b250-a84c-47db88e75e25">
      <TestCategory>
        <TestCategoryItem TestCategory="UriHandler" />
      </TestCategory>
      <Execution id="ca06eb58-b81f-472b-abd3-d63e93d6d8a8" />
      <TestMethod codeBase="D:\actions-runner\_work\XPCO\XPCO\Corporate\VideoOS.Administration.Client.UnitTests\bin\x64\Debug\net472\VideoOS.Administration.Client.UnitTests.dll" adapterTypeName="executor://mstestadapter/v2" className="VideoOS.Administration.Client.UnitTests.UriHandlerUnitTests" name="ForceModifyUri_HttpPort443_IsSecure_ModifiedToHttpsPort443" />
    </UnitTest>
    <UnitTest name="ModifyUri_StandardUri_UnsecureAllowed_SecureAndUnsecureNotAvailable_ThrowsInvalidOperationException" storage="d:\actions-runner\_work\xpco\xpco\corporate\videoos.administration.client.unittests\bin\x64\debug\net472\videoos.administration.client.unittests.dll" id="ad2140c3-8f15-c657-2164-d6af73c12167">
      <TestCategory>
        <TestCategoryItem TestCategory="UriHandler" />
      </TestCategory>
      <Execution id="f58d8568-22cb-47b0-88a2-cd60e4e6a5ff" />
      <TestMethod codeBase="D:\actions-runner\_work\XPCO\XPCO\Corporate\VideoOS.Administration.Client.UnitTests\bin\x64\Debug\net472\VideoOS.Administration.Client.UnitTests.dll" adapterTypeName="executor://mstestadapter/v2" className="VideoOS.Administration.Client.UnitTests.UriHandlerUnitTests" name="ModifyUri_StandardUri_UnsecureAllowed_SecureAndUnsecureNotAvailable_ThrowsInvalidOperationException" />
    </UnitTest>
    <UnitTest name="IsSecureConnection_ReturnsInvalidIdpServer_Throws_InvalidOperationException" storage="d:\actions-runner\_work\xpco\xpco\corporate\videoos.administration.client.unittests\bin\x64\debug\net472\videoos.administration.client.unittests.dll" id="e16c14b3-135b-767c-45b8-c930afb7ff57">
      <TestCategory>
        <TestCategoryItem TestCategory="Server Validation" />
      </TestCategory>
      <Execution id="4a684db8-8713-44e2-b2e1-242d64175d09" />
      <TestMethod codeBase="D:\actions-runner\_work\XPCO\XPCO\Corporate\VideoOS.Administration.Client.UnitTests\bin\x64\Debug\net472\VideoOS.Administration.Client.UnitTests.dll" adapterTypeName="executor://mstestadapter/v2" className="VideoOS.Common.Integration.UnitTests.ServerValidation.ServerConnectionInfoTests" name="IsSecureConnection_ReturnsInvalidIdpServer_Throws_InvalidOperationException" />
    </UnitTest>
    <UnitTest name="Construct_InvalidILocalUserOptions_Throws_ArgumentNullException" storage="d:\actions-runner\_work\xpco\xpco\corporate\videoos.administration.client.unittests\bin\x64\debug\net472\videoos.administration.client.unittests.dll" id="29262371-340f-e5cc-cd3a-01410ee22776">
      <TestCategory>
        <TestCategoryItem TestCategory="Server Validation" />
      </TestCategory>
      <Execution id="d7f6265e-8ae0-472d-8630-2ca76497d147" />
      <TestMethod codeBase="D:\actions-runner\_work\XPCO\XPCO\Corporate\VideoOS.Administration.Client.UnitTests\bin\x64\Debug\net472\VideoOS.Administration.Client.UnitTests.dll" adapterTypeName="executor://mstestadapter/v2" className="VideoOS.Common.Integration.UnitTests.ServerValidation.ServerConnectionInfoTests" name="Construct_InvalidILocalUserOptions_Throws_ArgumentNullException" />
    </UnitTest>
    <UnitTest name="ForceModifyUri_HttpPort80_IsSecure_ModifiedToHttpsPort443" storage="d:\actions-runner\_work\xpco\xpco\corporate\videoos.administration.client.unittests\bin\x64\debug\net472\videoos.administration.client.unittests.dll" id="08f803e8-273c-b7bb-534b-02f4c09469cb">
      <TestCategory>
        <TestCategoryItem TestCategory="UriHandler" />
      </TestCategory>
      <Execution id="f0f54c50-a0aa-4ae7-9c2e-ff667d57dcfc" />
      <TestMethod codeBase="D:\actions-runner\_work\XPCO\XPCO\Corporate\VideoOS.Administration.Client.UnitTests\bin\x64\Debug\net472\VideoOS.Administration.Client.UnitTests.dll" adapterTypeName="executor://mstestadapter/v2" className="VideoOS.Administration.Client.UnitTests.UriHandlerUnitTests" name="ForceModifyUri_HttpPort80_IsSecure_ModifiedToHttpsPort443" />
    </UnitTest>
    <UnitTest name="CreateUri_HttpUrl_SchemeRemainsHttp" storage="d:\actions-runner\_work\xpco\xpco\corporate\videoos.administration.client.unittests\bin\x64\debug\net472\videoos.administration.client.unittests.dll" id="5f5a3ee1-a5fc-743f-75a0-b7afe0b05451">
      <TestCategory>
        <TestCategoryItem TestCategory="UriHandler" />
      </TestCategory>
      <Execution id="d2747374-05ec-4705-a71c-772ef3fbd4be" />
      <TestMethod codeBase="D:\actions-runner\_work\XPCO\XPCO\Corporate\VideoOS.Administration.Client.UnitTests\bin\x64\Debug\net472\VideoOS.Administration.Client.UnitTests.dll" adapterTypeName="executor://mstestadapter/v2" className="VideoOS.Administration.Client.UnitTests.UriHandlerUnitTests" name="CreateUri_HttpUrl_SchemeRemainsHttp" />
    </UnitTest>
  </TestDefinitions>
  <TestEntries>
    <TestEntry testId="c4541f8b-dde0-be7b-f78b-1360b39572aa" executionId="cb5d3384-bf57-4809-8120-4b660e27adea" testListId="8c84fa94-04c1-424b-9868-57a2d4851a1d" />
    <TestEntry testId="49634520-442e-81d6-01bb-bbb969e8cd8b" executionId="1379f75e-ed37-4d7a-ae9a-ea37abd3e4de" testListId="8c84fa94-04c1-424b-9868-57a2d4851a1d" />
    <TestEntry testId="b75100ed-445e-c76a-0f91-96408ac0616d" executionId="1bf13537-c9dc-425e-80b6-4a1cdde2cda6" testListId="8c84fa94-04c1-424b-9868-57a2d4851a1d" />
    <TestEntry testId="27634e61-fac0-1807-efd6-391b8a22f716" executionId="8b4e752c-ac06-493a-a249-fc6d7d87f103" testListId="8c84fa94-04c1-424b-9868-57a2d4851a1d" />
    <TestEntry testId="08f803e8-273c-b7bb-534b-02f4c09469cb" executionId="f0f54c50-a0aa-4ae7-9c2e-ff667d57dcfc" testListId="8c84fa94-04c1-424b-9868-57a2d4851a1d" />
    <TestEntry testId="eea90ef0-a3fc-7bb6-cee2-31b8be7f9bb9" executionId="e85d6ff7-4d3f-4c0f-b8c3-50925e8c0c31" testListId="8c84fa94-04c1-424b-9868-57a2d4851a1d" />
    <TestEntry testId="84afa4cb-76a7-e223-2ddd-251750d55d5a" executionId="a0206b16-9c8a-4238-b8dd-1530f54d9531" testListId="8c84fa94-04c1-424b-9868-57a2d4851a1d" />
    <TestEntry testId="16eacdb0-eb71-ae97-4a3c-e46c0504dfdb" executionId="88f2a2df-c1a1-4359-b884-4a3c06d7d6bb" testListId="8c84fa94-04c1-424b-9868-57a2d4851a1d" />
    <TestEntry testId="2b5e0382-2c87-d8f8-e053-15db290cc55a" executionId="c195fded-f7be-44ea-8826-cf69f229b2c8" testListId="8c84fa94-04c1-424b-9868-57a2d4851a1d" />
    <TestEntry testId="9b4571d3-94be-8396-3f3a-dc81da7fcb17" executionId="faf47bfe-06a1-4c99-9b43-6c20c930ede9" testListId="8c84fa94-04c1-424b-9868-57a2d4851a1d" />
    <TestEntry testId="32d28584-0537-c70d-e8aa-25733a860578" executionId="4fd9e3cf-0078-4e7c-9a40-d5ada8731f08" testListId="8c84fa94-04c1-424b-9868-57a2d4851a1d" />
    <TestEntry testId="e172b8ff-96d8-30bc-4d63-70af1eaaf6b1" executionId="580ef805-eb7b-435d-af72-9bafb899cb67" testListId="8c84fa94-04c1-424b-9868-57a2d4851a1d" />
    <TestEntry testId="9846bc81-bfb1-305c-3e48-2f2dff2b66a8" executionId="869fb4d0-586a-45d0-9f09-3c8f886b28c8" testListId="8c84fa94-04c1-424b-9868-57a2d4851a1d" />
    <TestEntry testId="a8e9316d-6671-6e15-640c-59c7a10f97bf" executionId="cb51cef0-e39b-46df-b120-39b8198d92a3" testListId="8c84fa94-04c1-424b-9868-57a2d4851a1d" />
    <TestEntry testId="8ef983da-a7ca-d365-4fe5-63d03285d220" executionId="297abf6b-ccbc-4043-a93d-d7a6dde109d8" testListId="8c84fa94-04c1-424b-9868-57a2d4851a1d" />
    <TestEntry testId="3cb603d9-f76d-e264-f98b-b33e5519a664" executionId="49d9551a-5344-4728-b381-d47eca485df0" testListId="8c84fa94-04c1-424b-9868-57a2d4851a1d" />
    <TestEntry testId="5d474c19-dcd1-d3a6-68bd-70874cb774e8" executionId="4aaf4ac7-0622-44ee-94c6-e04072393967" testListId="8c84fa94-04c1-424b-9868-57a2d4851a1d" />
    <TestEntry testId="e16c14b3-135b-767c-45b8-c930afb7ff57" executionId="4a684db8-8713-44e2-b2e1-242d64175d09" testListId="8c84fa94-04c1-424b-9868-57a2d4851a1d" />
    <TestEntry testId="fa7fde75-cd83-4464-0874-b48accbf7fec" executionId="01c891ea-0f24-4b65-9493-fff1cbaae052" testListId="8c84fa94-04c1-424b-9868-57a2d4851a1d" />
    <TestEntry testId="a523c830-0702-34eb-830f-dfa41cad7af7" executionId="b27af521-50b5-4e02-8122-b8c46dbcb6da" testListId="8c84fa94-04c1-424b-9868-57a2d4851a1d" />
    <TestEntry testId="690ff4ae-2361-e0f9-b41e-ccd40b9404f5" executionId="0a693676-0f2f-4091-9eab-e9cf95ac7ec7" testListId="8c84fa94-04c1-424b-9868-57a2d4851a1d" />
    <TestEntry testId="02d9d575-32ef-a54b-0fea-5b4261a7323a" executionId="24ab8111-8d80-48d1-a58c-1f72f837075e" testListId="8c84fa94-04c1-424b-9868-57a2d4851a1d" />
    <TestEntry testId="ec31e27f-e823-a010-9420-6ae794d97d67" executionId="e52c3197-9037-4ffa-ac84-4a415f9e5e34" testListId="8c84fa94-04c1-424b-9868-57a2d4851a1d" />
    <TestEntry testId="46a1fce3-bae2-7a9d-e315-d7bd027ab104" executionId="ecb772ec-4816-4210-92f2-b8e352e58485" testListId="8c84fa94-04c1-424b-9868-57a2d4851a1d" />
    <TestEntry testId="0d17b475-7ade-bcf0-6893-8f4578eb23fa" executionId="2dd8e7b4-3278-4341-930a-8417ea3f7895" testListId="8c84fa94-04c1-424b-9868-57a2d4851a1d" />
    <TestEntry testId="1102ab3c-96f9-0a2e-47c1-9d16015364b3" executionId="e81709c6-68f3-4888-9542-9274d84e06da" testListId="8c84fa94-04c1-424b-9868-57a2d4851a1d" />
    <TestEntry testId="101b843b-9236-09c6-4c42-d92338a86350" executionId="295ff0a6-2fda-4fbc-9a14-a3ef3472b0b7" testListId="8c84fa94-04c1-424b-9868-57a2d4851a1d" />
    <TestEntry testId="f7e9f355-4287-ab9b-d142-21f9e7aa869a" executionId="d26a6d31-8850-4f38-8d74-dc19c80e484c" testListId="8c84fa94-04c1-424b-9868-57a2d4851a1d" />
    <TestEntry testId="5e4e1f01-c541-2c46-a0e5-cc0c027ac125" executionId="651a29ed-2122-4b89-beff-15f16bdcc305" testListId="8c84fa94-04c1-424b-9868-57a2d4851a1d" />
    <TestEntry testId="7104a889-b79a-d893-298b-896452e9bda9" executionId="c1317312-edec-4b74-8d3f-c27ade5ca6cd" testListId="8c84fa94-04c1-424b-9868-57a2d4851a1d" />
    <TestEntry testId="fc8629c6-1944-c18c-339a-2f2afb74520f" executionId="09e6d34f-4b90-4d94-b042-b2d87c8e656d" testListId="8c84fa94-04c1-424b-9868-57a2d4851a1d" />
    <TestEntry testId="83171bb5-cfa8-7135-d67e-62149eec0cce" executionId="1995c3a4-9474-41db-a0ce-fe4ad2342130" testListId="8c84fa94-04c1-424b-9868-57a2d4851a1d" />
    <TestEntry testId="c308abad-42f1-9653-b3ae-91990189ecc2" executionId="5b567d80-cc44-4c15-89d3-ca7314423d59" testListId="8c84fa94-04c1-424b-9868-57a2d4851a1d" />
    <TestEntry testId="607e264c-58f4-3824-0df8-ab35da7f0f85" executionId="d0fae4d0-5365-44dc-a905-8ef8cdf83cd6" testListId="8c84fa94-04c1-424b-9868-57a2d4851a1d" />
    <TestEntry testId="621bc5ee-dd49-4881-7b2f-3fe06f5fb404" executionId="91c577c5-484a-4ecd-9aba-d8df4afab1f8" testListId="8c84fa94-04c1-424b-9868-57a2d4851a1d" />
    <TestEntry testId="9ce72897-6c54-d188-4ee2-e77d77f64518" executionId="a7412e4d-7bb6-4548-ae74-e41f5fbd1e2d" testListId="8c84fa94-04c1-424b-9868-57a2d4851a1d" />
    <TestEntry testId="496db5bc-916c-46f7-18fc-9d9a682f60b4" executionId="78d40da4-4af8-4bb7-b8b9-5aeb5701bca3" testListId="8c84fa94-04c1-424b-9868-57a2d4851a1d" />
    <TestEntry testId="3e89202e-4b38-26ba-5e26-f9eac87fb8d5" executionId="7d0548c0-4f55-49eb-baab-8767e8a5f581" testListId="8c84fa94-04c1-424b-9868-57a2d4851a1d" />
    <TestEntry testId="36865be7-deea-626d-e523-6d3ff2fdc30e" executionId="b4e95d7d-7ff1-4ee7-a41c-7bca104e55cf" testListId="8c84fa94-04c1-424b-9868-57a2d4851a1d" />
    <TestEntry testId="6f6e3771-107c-fb64-0026-d223abe1f17f" executionId="2ef25a3b-94fb-4189-a016-4500aa8dded3" testListId="8c84fa94-04c1-424b-9868-57a2d4851a1d" />
    <TestEntry testId="c57cd4f6-65d6-f6f1-409f-66e2a5261342" executionId="c589bf2d-e1a9-45b9-8a74-73ff10ef17f8" testListId="8c84fa94-04c1-424b-9868-57a2d4851a1d" />
    <TestEntry testId="4c733873-7574-3cd3-d492-7861e25965da" executionId="381cf793-c38d-4b72-ad77-ff2bd08c7518" testListId="8c84fa94-04c1-424b-9868-57a2d4851a1d" />
    <TestEntry testId="4d91fb62-e0eb-2465-f21d-a551d08bdd62" executionId="72931d86-a5a5-41f8-9192-424bcc072285" testListId="8c84fa94-04c1-424b-9868-57a2d4851a1d" />
    <TestEntry testId="26c64eb7-ed3b-dc54-848e-0c4d46207108" executionId="d94aeb40-60a9-4d7e-87ed-f23d0038114b" testListId="8c84fa94-04c1-424b-9868-57a2d4851a1d" />
    <TestEntry testId="bd1667f5-f5f0-e2de-e899-3057e6998622" executionId="7492b046-3be9-40fa-a7e7-f5cd3e900cd7" testListId="8c84fa94-04c1-424b-9868-57a2d4851a1d" />
    <TestEntry testId="05e7b940-0e72-1d5a-ca2e-bf345481244d" executionId="6e2ad3cb-7c93-4008-b9b9-8bf8e2a0dc56" testListId="8c84fa94-04c1-424b-9868-57a2d4851a1d" />
    <TestEntry testId="f87cc64e-244f-af17-b932-1e37b461c1c6" executionId="239bd4b6-da3e-4615-a926-1dddc5e15920" testListId="8c84fa94-04c1-424b-9868-57a2d4851a1d" />
    <TestEntry testId="25c62ab8-bb69-9f5c-5778-177bc92e7dd8" executionId="74e046c1-070a-4b96-8166-5f5781c6ee6b" testListId="8c84fa94-04c1-424b-9868-57a2d4851a1d" />
    <TestEntry testId="7f786156-69fc-d1d2-db19-9a0d8f507673" executionId="a4878d95-3eda-4987-ad23-629731dcb7eb" testListId="8c84fa94-04c1-424b-9868-57a2d4851a1d" />
    <TestEntry testId="b404b103-5177-62f2-98ae-e7ccf19ad686" executionId="1d0a7a99-6728-4d5b-854f-02fcf915796f" testListId="8c84fa94-04c1-424b-9868-57a2d4851a1d" />
    <TestEntry testId="c142b063-e199-7869-01c9-d651472231bc" executionId="1038abc4-4418-4907-aaf2-07733fac9c33" testListId="8c84fa94-04c1-424b-9868-57a2d4851a1d" />
    <TestEntry testId="50f2dfd2-26a2-52d2-d1e0-b3064cc0d92f" executionId="640c0585-9849-4f05-a76b-44be73d1796e" testListId="8c84fa94-04c1-424b-9868-57a2d4851a1d" />
    <TestEntry testId="748fee11-580e-a2b6-a72f-ba13ab560355" executionId="527b234f-9bdd-4ebd-9369-afc895208b3b" testListId="8c84fa94-04c1-424b-9868-57a2d4851a1d" />
    <TestEntry testId="6fd84c98-adb6-91d7-3874-3c1c1792d00e" executionId="fd7b7868-d094-4838-91d0-a6b4919e8768" testListId="8c84fa94-04c1-424b-9868-57a2d4851a1d" />
    <TestEntry testId="13b32a55-5122-74b1-faaa-1fa1f13be9e8" executionId="7fc42edb-89ff-4adf-813b-2b3dc95f466a" testListId="8c84fa94-04c1-424b-9868-57a2d4851a1d" />
    <TestEntry testId="f3758893-da6f-34c9-9d4a-616a192ce427" executionId="f06cfa88-92b3-4d1e-a7c9-135edaf5e05d" testListId="8c84fa94-04c1-424b-9868-57a2d4851a1d" />
    <TestEntry testId="f26f2ee1-c8b2-c1e8-ce20-e3dba3d55d34" executionId="5623b74a-5be0-4f41-9d39-368292d88863" testListId="8c84fa94-04c1-424b-9868-57a2d4851a1d" />
    <TestEntry testId="31300cfa-948f-6587-4c9f-75a92c14e676" executionId="47ae3921-fe00-4cc0-bc88-1e4a02be14e1" testListId="8c84fa94-04c1-424b-9868-57a2d4851a1d" />
    <TestEntry testId="3fbd4032-3d08-3c4f-3516-654c1a3f2001" executionId="f0644fcc-1ade-4cd5-81b7-85491355b84a" testListId="8c84fa94-04c1-424b-9868-57a2d4851a1d" />
    <TestEntry testId="3796ebab-a062-692f-40e4-13fa39c4526e" executionId="4465139f-7a64-4cc4-a62c-e3374dc168a6" testListId="8c84fa94-04c1-424b-9868-57a2d4851a1d" />
    <TestEntry testId="b09b7c2a-e698-3e5c-68cc-3f0adf4b32e6" executionId="bd0f1d03-0b36-4f8c-9855-2653b543eec8" testListId="8c84fa94-04c1-424b-9868-57a2d4851a1d" />
    <TestEntry testId="25cb5479-afc6-8e56-e98b-c3d34bf27d5a" executionId="d2279caf-8e6c-439c-9cc9-c2e6a4ff02c7" testListId="8c84fa94-04c1-424b-9868-57a2d4851a1d" />
    <TestEntry testId="33e82e10-d8f6-f106-56f3-206b1addb9ac" executionId="7b932f4a-3be1-4da9-b37e-97876544a7f2" testListId="8c84fa94-04c1-424b-9868-57a2d4851a1d" />
    <TestEntry testId="a7816d57-3ae3-1109-f4bd-8c4b2f740479" executionId="f10a91f5-02e7-48b7-9af6-64af198ffe0c" testListId="8c84fa94-04c1-424b-9868-57a2d4851a1d" />
    <TestEntry testId="d07ebc18-0f13-a5bc-a913-ab59f0ee71a2" executionId="4d0a1df2-0890-4feb-8b29-380ae356de79" testListId="8c84fa94-04c1-424b-9868-57a2d4851a1d" />
    <TestEntry testId="86774911-7405-609c-5e99-f959badd2976" executionId="c95adedf-9bb6-43f8-bfa3-930c1f441cef" testListId="8c84fa94-04c1-424b-9868-57a2d4851a1d" />
    <TestEntry testId="e332c220-ffa2-6618-10ac-5cd2afcfd3f3" executionId="538e8a28-9e7c-4af5-89d8-5150ec851bc5" testListId="8c84fa94-04c1-424b-9868-57a2d4851a1d" />
    <TestEntry testId="d2f0b88b-0018-b250-a84c-47db88e75e25" executionId="ca06eb58-b81f-472b-abd3-d63e93d6d8a8" testListId="8c84fa94-04c1-424b-9868-57a2d4851a1d" />
    <TestEntry testId="1d7b482c-f724-8982-d63d-0d78e4450acf" executionId="607c7efd-e04a-45c7-9629-0d203d99726c" testListId="8c84fa94-04c1-424b-9868-57a2d4851a1d" />
    <TestEntry testId="70ca23f4-0222-9ebc-9174-f3f810b706d1" executionId="3b4ac441-65b1-49ac-9108-015391065f73" testListId="8c84fa94-04c1-424b-9868-57a2d4851a1d" />
    <TestEntry testId="bf284477-3e5d-6487-cefd-ea665e8499d4" executionId="d9e3bdb1-863f-47ed-9342-cf2d05f70faf" testListId="8c84fa94-04c1-424b-9868-57a2d4851a1d" />
    <TestEntry testId="7a8b3238-6432-2977-b3b0-f80b57f64697" executionId="99d380c1-9782-49fa-a4b7-a3f484fe353c" testListId="8c84fa94-04c1-424b-9868-57a2d4851a1d" />
    <TestEntry testId="4bfb1c51-cefe-843a-c8a5-3e7bae7770f9" executionId="e54551ef-3c4c-43bb-a1e3-96c3db945c18" testListId="8c84fa94-04c1-424b-9868-57a2d4851a1d" />
    <TestEntry testId="daad95c9-43d7-9880-f0b7-8f15941d6fcb" executionId="c734a198-5ca8-4fe9-b330-ada268165bb5" testListId="8c84fa94-04c1-424b-9868-57a2d4851a1d" />
    <TestEntry testId="1fecf0ba-7482-34f9-6a6a-7750db2d034d" executionId="d28f5700-b2ce-49a2-9ded-58682fbb1974" testListId="8c84fa94-04c1-424b-9868-57a2d4851a1d" />
    <TestEntry testId="6df96be3-2224-cf70-766a-cec7c6d5a0f4" executionId="6e7c9384-4626-4514-ad63-8d1526d95103" testListId="8c84fa94-04c1-424b-9868-57a2d4851a1d" />
    <TestEntry testId="007fd9bd-5d79-ece7-0cba-74f6dca89e1a" executionId="3cdbde06-f395-458f-af21-90d25d38d521" testListId="8c84fa94-04c1-424b-9868-57a2d4851a1d" />
    <TestEntry testId="521e0bd7-2ba5-23a1-ca86-576a75ae9e60" executionId="c8ecf1a8-7560-4986-9795-168632ff3d5b" testListId="8c84fa94-04c1-424b-9868-57a2d4851a1d" />
    <TestEntry testId="29262371-340f-e5cc-cd3a-01410ee22776" executionId="d7f6265e-8ae0-472d-8630-2ca76497d147" testListId="8c84fa94-04c1-424b-9868-57a2d4851a1d" />
    <TestEntry testId="33a270e3-4464-8331-7308-8c9587104102" executionId="1b4aa892-935d-411f-8e6e-0cc97f668efb" testListId="8c84fa94-04c1-424b-9868-57a2d4851a1d" />
    <TestEntry testId="7e985e5f-484a-9096-c375-d40c01dba003" executionId="f41eda86-7dff-407e-9130-f4fdbc0217e9" testListId="8c84fa94-04c1-424b-9868-57a2d4851a1d" />
    <TestEntry testId="71a6d589-1c8e-fb28-bc4c-ac97c2a54c82" executionId="d620d223-adcb-4a5c-a7b0-cb493fd36585" testListId="8c84fa94-04c1-424b-9868-57a2d4851a1d" />
    <TestEntry testId="b68cd444-c91f-251d-c429-03651fe16df7" executionId="30a6ced8-5fc8-4505-9777-ed7b4f3f50fc" testListId="8c84fa94-04c1-424b-9868-57a2d4851a1d" />
    <TestEntry testId="e3ceee5e-219f-17bf-3f31-876ca9e890d6" executionId="540604e7-5245-4228-acf7-3ae187c7537d" testListId="8c84fa94-04c1-424b-9868-57a2d4851a1d" />
    <TestEntry testId="6db1ee2e-960d-a9a0-6d38-4566b6c7ff9a" executionId="39f6cea4-d752-4740-b890-19bee0221c1b" testListId="8c84fa94-04c1-424b-9868-57a2d4851a1d" />
    <TestEntry testId="69675426-29e4-5ede-637d-98f11c37f0e3" executionId="ce7dec0b-f335-4d34-8000-4ee7af7efc00" testListId="8c84fa94-04c1-424b-9868-57a2d4851a1d" />
    <TestEntry testId="d20ebdfa-e5c2-385a-702e-2ceff3e1fae4" executionId="f88b8bf3-59d8-4c69-9bf8-29901aff4cf9" testListId="8c84fa94-04c1-424b-9868-57a2d4851a1d" />
    <TestEntry testId="e55cd44c-b6ed-79c3-e36c-4d6408611b9d" executionId="0f7a12b2-f35c-4503-8507-aea5cb316b5b" testListId="8c84fa94-04c1-424b-9868-57a2d4851a1d" />
    <TestEntry testId="74e0cc28-84a6-3c81-b793-79495d48edbb" executionId="31e5504a-b335-4ae1-8645-6cef9c22e21e" testListId="8c84fa94-04c1-424b-9868-57a2d4851a1d" />
    <TestEntry testId="3303bebb-e7cf-a4f0-e210-2db2223e68db" executionId="01ffed0a-22b1-4ba3-a5d8-72068245ee0b" testListId="8c84fa94-04c1-424b-9868-57a2d4851a1d" />
    <TestEntry testId="80edee6d-c67c-9872-3559-c1114ff20a0b" executionId="735b54d6-eca2-48b3-844e-4d045510dc2e" testListId="8c84fa94-04c1-424b-9868-57a2d4851a1d" />
    <TestEntry testId="a96676e4-87db-1a62-eb74-f8ae966e7bc4" executionId="2e42f9d3-2af7-436f-b49a-268f63460d56" testListId="8c84fa94-04c1-424b-9868-57a2d4851a1d" />
    <TestEntry testId="7eb4fb4e-e669-c037-5ee1-67d9cd36274e" executionId="93407063-65aa-46bf-af5d-24f7510f1834" testListId="8c84fa94-04c1-424b-9868-57a2d4851a1d" />
    <TestEntry testId="5f5a3ee1-a5fc-743f-75a0-b7afe0b05451" executionId="d2747374-05ec-4705-a71c-772ef3fbd4be" testListId="8c84fa94-04c1-424b-9868-57a2d4851a1d" />
    <TestEntry testId="ad2140c3-8f15-c657-2164-d6af73c12167" executionId="f58d8568-22cb-47b0-88a2-cd60e4e6a5ff" testListId="8c84fa94-04c1-424b-9868-57a2d4851a1d" />
    <TestEntry testId="9885189a-2deb-53cf-9ad7-03eadd0ab8d5" executionId="6191e021-644a-4ce7-8789-6653e8da0363" testListId="8c84fa94-04c1-424b-9868-57a2d4851a1d" />
    <TestEntry testId="502135c9-53e3-fce0-5ca4-225441760e67" executionId="ca00c139-2ff8-4f24-84eb-174fcb9dcae7" testListId="8c84fa94-04c1-424b-9868-57a2d4851a1d" />
    <TestEntry testId="d1598403-e77a-6d53-0bb6-4e1bb408453f" executionId="103c3a94-f585-4f5c-a612-14870dcde661" testListId="8c84fa94-04c1-424b-9868-57a2d4851a1d" />
    <TestEntry testId="e0a14c59-193b-c8c1-4325-b16b92b6892f" executionId="e2950858-36a7-4847-a866-4d98b81adcda" testListId="8c84fa94-04c1-424b-9868-57a2d4851a1d" />
    <TestEntry testId="7fd4ef15-6251-e96e-37c0-6f41e323517b" executionId="33e247d5-430c-4438-8031-a100503c3572" testListId="8c84fa94-04c1-424b-9868-57a2d4851a1d" />
    <TestEntry testId="f5fdd7e6-f9e2-d55e-2c9c-87cb25adfd70" executionId="6c182f08-ea23-458a-8985-983619fa25d6" testListId="8c84fa94-04c1-424b-9868-57a2d4851a1d" />
    <TestEntry testId="d2dcdcc5-5a8e-848f-a248-4edbb03f3d3c" executionId="7734c469-7f1e-4e77-a6e7-4aa4951480a3" testListId="8c84fa94-04c1-424b-9868-57a2d4851a1d" />
    <TestEntry testId="cfc8e92c-b9df-05dc-ba8b-b047d6a9788e" executionId="79a7b81d-1138-4aaf-95de-14e1ee000f4b" testListId="8c84fa94-04c1-424b-9868-57a2d4851a1d" />
    <TestEntry testId="1d11affc-3ca4-e9d6-5a51-0191d615dc9c" executionId="820154c1-9f53-4400-a0c8-3bf1247b050d" testListId="8c84fa94-04c1-424b-9868-57a2d4851a1d" />
    <TestEntry testId="91de0cd7-9a50-3db6-7130-0a5d5748dd70" executionId="902baa53-b94b-4a57-9ac1-f4c8397e61f7" testListId="8c84fa94-04c1-424b-9868-57a2d4851a1d" />
    <TestEntry testId="5a849e52-71ae-3f90-8ce0-f4ae4137f49b" executionId="f11bb632-e92d-4027-a83e-c3f4919f55d4" testListId="8c84fa94-04c1-424b-9868-57a2d4851a1d" />
    <TestEntry testId="e30ce444-dd9a-6cf3-6d15-08a91c767ab5" executionId="1ecb86d3-9de2-48d8-b3e0-f44e16eeefc7" testListId="8c84fa94-04c1-424b-9868-57a2d4851a1d" />
    <TestEntry testId="4ad75899-796a-abd6-35ad-8073482ecdef" executionId="a13c49c3-65b0-453c-a316-aa08d3303f38" testListId="8c84fa94-04c1-424b-9868-57a2d4851a1d" />
    <TestEntry testId="611b34d9-f854-9d54-0d0e-c015a266cb27" executionId="5e9fab7a-969e-469b-9f51-56eb3223b2ab" testListId="8c84fa94-04c1-424b-9868-57a2d4851a1d" />
    <TestEntry testId="c40eaa6b-b6f0-075c-1f63-1cd683070e03" executionId="d1966034-ffb2-4a55-9091-596409fb03fa" testListId="8c84fa94-04c1-424b-9868-57a2d4851a1d" />
    <TestEntry testId="bcb3e5bf-1452-c941-032f-340f83cb1390" executionId="26eadba4-23ee-4cb5-add0-6ccf26a3a265" testListId="8c84fa94-04c1-424b-9868-57a2d4851a1d" />
    <TestEntry testId="d6accb42-5ea7-a836-68de-0cf126387104" executionId="b8328d7f-e361-413d-91d2-a859d845a86f" testListId="8c84fa94-04c1-424b-9868-57a2d4851a1d" />
    <TestEntry testId="f5bcff7f-e72c-5178-7d8f-3de54315c06d" executionId="a6138772-791a-4724-86cc-6e1890b62ffc" testListId="8c84fa94-04c1-424b-9868-57a2d4851a1d" />
    <TestEntry testId="7c762d09-a0a1-0395-844e-b94ed4c8d502" executionId="94f55fd3-e994-46fe-afa0-a002d5bc43d3" testListId="8c84fa94-04c1-424b-9868-57a2d4851a1d" />
    <TestEntry testId="2f4be414-8bb7-0eb4-1eb0-6e94c6d18845" executionId="d2fa0791-9159-423c-b350-cce08f3ca761" testListId="8c84fa94-04c1-424b-9868-57a2d4851a1d" />
    <TestEntry testId="92b11ede-0ff2-0666-834d-f31bf491e1ad" executionId="0e8a7335-e7b1-4b3c-ba14-f802a8c27af2" testListId="8c84fa94-04c1-424b-9868-57a2d4851a1d" />
    <TestEntry testId="351a88b4-5f89-ae26-6335-2f01588d988c" executionId="675a4c7c-e76b-4450-902c-2e7bb87e4998" testListId="8c84fa94-04c1-424b-9868-57a2d4851a1d" />
    <TestEntry testId="725c9b7f-e504-99ff-34e5-c8bf30db6e60" executionId="3b38ae73-e721-46ae-9664-641099f4c3e5" testListId="8c84fa94-04c1-424b-9868-57a2d4851a1d" />
    <TestEntry testId="c4b6c8d0-f1eb-5111-203f-5ec41ad9f087" executionId="6f752aec-9b08-4534-a0e1-948dc70d7f80" testListId="8c84fa94-04c1-424b-9868-57a2d4851a1d" />
    <TestEntry testId="8320b8dc-a4db-7002-91f5-bc51b8562105" executionId="093c8fac-6557-432b-88b5-53c16f1f6d62" testListId="8c84fa94-04c1-424b-9868-57a2d4851a1d" />
    <TestEntry testId="a229abc5-14d6-faad-eb7a-68a8f4eb3c81" executionId="8a6b80b1-b330-45b9-9921-ae56bdb12e8a" testListId="8c84fa94-04c1-424b-9868-57a2d4851a1d" />
    <TestEntry testId="4fe95093-cf52-99c2-c054-30a33159d39a" executionId="67e32cf2-594e-4888-813f-3dab1500be34" testListId="8c84fa94-04c1-424b-9868-57a2d4851a1d" />
    <TestEntry testId="85eeee45-b09c-948f-1836-b74ce7199311" executionId="43a4bb80-b4b6-435a-8b39-9840df2e8a2e" testListId="8c84fa94-04c1-424b-9868-57a2d4851a1d" />
    <TestEntry testId="9efd9cea-6d02-0c40-586a-6dffdfc13515" executionId="50e89a5e-31c5-4fae-bb37-186426cd3d0b" testListId="8c84fa94-04c1-424b-9868-57a2d4851a1d" />
    <TestEntry testId="26ade9a1-dc54-3a3f-a8fe-0e2a3df1ab8b" executionId="a40dee42-769e-4ffe-a44a-55a5f0a191b3" testListId="8c84fa94-04c1-424b-9868-57a2d4851a1d" />
    <TestEntry testId="08541754-5275-56b1-09aa-40306d648c32" executionId="7670c9e5-b5b7-4bab-9f82-f0b55dd5832b" testListId="8c84fa94-04c1-424b-9868-57a2d4851a1d" />
    <TestEntry testId="de4b1423-e255-a65a-3864-14b0d1d3eac4" executionId="04515e95-07a4-447d-9518-45a0ec638640" testListId="8c84fa94-04c1-424b-9868-57a2d4851a1d" />
    <TestEntry testId="2ec5e289-4884-3c72-7b93-6d1e8fa1df39" executionId="3ddfc224-9480-4407-9062-08f1389cb92c" testListId="8c84fa94-04c1-424b-9868-57a2d4851a1d" />
    <TestEntry testId="2bac4cdb-69ac-8eb1-de18-9a7127d3ebdc" executionId="692768fc-cfb0-4abc-80e9-25a1a493ea4a" testListId="8c84fa94-04c1-424b-9868-57a2d4851a1d" />
    <TestEntry testId="6a6298ee-afee-edde-17b3-16a4f8417d02" executionId="2d440ada-abd9-4aa8-96da-84397f0be670" testListId="8c84fa94-04c1-424b-9868-57a2d4851a1d" />
    <TestEntry testId="6cb5a6bf-8d92-51ef-abdd-91adc0c746f7" executionId="0872735f-65ca-4a55-84d4-076a7c3d6e11" testListId="8c84fa94-04c1-424b-9868-57a2d4851a1d" />
    <TestEntry testId="0f254138-f8b2-1aee-a171-e7224fd4f996" executionId="cadb4880-c612-44f7-b5fe-3381a575d1dc" testListId="8c84fa94-04c1-424b-9868-57a2d4851a1d" />
    <TestEntry testId="813e029c-7a23-45c4-1999-05dff8078381" executionId="0989b5c0-ba5b-43c3-a961-242a0dee8933" testListId="8c84fa94-04c1-424b-9868-57a2d4851a1d" />
    <TestEntry testId="12493952-e579-aeea-17b2-3484f013f437" executionId="e7e679b0-7c7f-4dc9-99bc-36569e318580" testListId="8c84fa94-04c1-424b-9868-57a2d4851a1d" />
    <TestEntry testId="b0b90fda-da1b-ec85-e376-7226be0a67a9" executionId="9ce5ef86-973d-4ea7-93d2-efc4191b9862" testListId="8c84fa94-04c1-424b-9868-57a2d4851a1d" />
    <TestEntry testId="f3e70e22-e265-eee1-1de8-7832a1b290f6" executionId="52fb8226-590c-446d-820a-3be719dcb94b" testListId="8c84fa94-04c1-424b-9868-57a2d4851a1d" />
    <TestEntry testId="ba18892e-8a76-5b0e-12d4-900358093a64" executionId="0e3060e6-367a-425c-94dd-60087e769963" testListId="8c84fa94-04c1-424b-9868-57a2d4851a1d" />
    <TestEntry testId="0387106e-e6d4-1f56-5fe0-0e4dde9074ec" executionId="141bcfe6-e58a-4818-a2f1-bc0a08c2654d" testListId="8c84fa94-04c1-424b-9868-57a2d4851a1d" />
    <TestEntry testId="467d6231-c728-4a82-dbc9-92fa3394068d" executionId="3c774298-87ab-44d8-9890-5562db54e866" testListId="8c84fa94-04c1-424b-9868-57a2d4851a1d" />
    <TestEntry testId="c6328905-9aef-d0d3-cff7-3108fce8ec23" executionId="33548601-ee6e-4f5b-900a-25b634156ba5" testListId="8c84fa94-04c1-424b-9868-57a2d4851a1d" />
    <TestEntry testId="34e32585-8feb-bc22-802b-fe955d108fc4" executionId="6cfea7b6-dd5f-4143-8e4f-b13d7b54a770" testListId="8c84fa94-04c1-424b-9868-57a2d4851a1d" />
    <TestEntry testId="3cb3ecbe-2b14-b6d6-0849-b07234eee1dc" executionId="c26d8d35-dce6-4c1e-9876-bcbfdf413283" testListId="8c84fa94-04c1-424b-9868-57a2d4851a1d" />
    <TestEntry testId="ccae6f29-2598-051a-9376-5b68ce8a55da" executionId="a6c7ee59-8c86-432f-90a7-67a2ea26afac" testListId="8c84fa94-04c1-424b-9868-57a2d4851a1d" />
    <TestEntry testId="6f2b7f5a-3a0e-6508-54fb-f1ad8a3c844d" executionId="a651c071-70ed-439b-8923-5b1db0e16d78" testListId="8c84fa94-04c1-424b-9868-57a2d4851a1d" />
    <TestEntry testId="d804f483-9b98-5d7d-ddfe-a15d08999d0f" executionId="67884de6-7639-4570-9047-16c5a2227aa6" testListId="8c84fa94-04c1-424b-9868-57a2d4851a1d" />
    <TestEntry testId="2c33cd95-644c-4b79-0bb1-e6c4b2fa157e" executionId="118b9c4a-c6d6-4203-8eae-66e98a408b01" testListId="8c84fa94-04c1-424b-9868-57a2d4851a1d" />
    <TestEntry testId="983af164-2fd9-e739-c91a-8796e3167f4c" executionId="995b43ca-a7f8-491a-ab04-cb32deb67f3a" testListId="8c84fa94-04c1-424b-9868-57a2d4851a1d" />
    <TestEntry testId="45866eeb-fcd0-1520-450b-777e9542eb97" executionId="6beb7b0a-69ac-42b5-984d-8a6d48713439" testListId="8c84fa94-04c1-424b-9868-57a2d4851a1d" />
    <TestEntry testId="bd1f22e6-c95c-b879-1bdf-1f4da04f29c5" executionId="6286840c-1f48-4422-8587-8473cb821c4c" testListId="8c84fa94-04c1-424b-9868-57a2d4851a1d" />
    <TestEntry testId="762aea99-9366-243d-f857-209c23474477" executionId="51dbdf17-7891-46cb-8284-a0c8adf98921" testListId="8c84fa94-04c1-424b-9868-57a2d4851a1d" />
    <TestEntry testId="17e745ec-50f3-edbf-6ef2-de8d30e1affe" executionId="cdca2374-6472-4b84-b1ba-506af36064d7" testListId="8c84fa94-04c1-424b-9868-57a2d4851a1d" />
    <TestEntry testId="b357cec5-9348-a910-a5f1-cbb5e29620f7" executionId="7031b680-8422-44b2-bc2a-785df84c0559" testListId="8c84fa94-04c1-424b-9868-57a2d4851a1d" />
    <TestEntry testId="932232c0-7688-1343-4bbc-84d2f7184e06" executionId="3522d9e8-14ed-467c-b2d6-015cfb3ca9e9" testListId="8c84fa94-04c1-424b-9868-57a2d4851a1d" />
  </TestEntries>
  <TestLists>
    <TestList name="Results Not in a List" id="8c84fa94-04c1-424b-9868-57a2d4851a1d" />
    <TestList name="All Loaded Results" id="19431567-8539-422a-85d7-44ee4e166bda" />
  </TestLists>
  <ResultSummary outcome="Completed">
    <Counters total="153" executed="142" passed="142" failed="0" error="0" timeout="0" aborted="0" inconclusive="0" passedButRunAborted="0" notRunnable="0" notExecuted="0" disconnected="0" warning="0" completed="0" inProgress="0" pending="0" />
    <Output>
      <StdOut>Test 'Construct_InvalidIIdpServerValidation_Throws_ArgumentNullException' was skipped in the test run.&#xD;
Test 'Construct_InvalidILocalUserOptions_Throws_ArgumentNullException' was skipped in the test run.&#xD;
Test 'Construct_InvalidILog_Throws_ArgumentNullException' was skipped in the test run.&#xD;
Test 'IsSecureConnection_ReturnsInvalidIdpServer_Throws_InvalidOperationException' was skipped in the test run.&#xD;
Test 'IsSecureConnection_HasValidIdpServer_WithValidCertificate_Returns_True' was skipped in the test run.&#xD;
Test 'IsSecureConnection_HasValidIdpServer_WithInvalidCertificate_UnsecureNotAvailable_Throws_InvalidOperationException' was skipped in the test run.&#xD;
Test 'IsSecureConnection_HasValidIdpServer_WithInvalidCertificate_UserNotAskedWhetherUnsecure_Throws_InvalidOperationException' was skipped in the test run.&#xD;
Test 'IsSecureConnection_HasValidIdpServer_WithInvalidCertificate_UserSaidNoToUnsecure_Throws_InvalidOperationException' was skipped in the test run.&#xD;
Test 'IsSecureConnection_HasValidIdpServer_WithInvalidCertificate_UserSaidYesToUnsecure_Returns_False' was skipped in the test run.&#xD;
Test 'IsSecureConnection_HasValidIdpServer_WithInvalidCertificate_EventRaisedUserSaidNo_Throws_InvalidOperationException' was skipped in the test run.&#xD;
Test 'IsSecureConnection_HasValidIdpServer_WithInvalidCertificate_EventRaisedUserSaidYes_Returns_False' was skipped in the test run.&#xD;
</StdOut>
    </Output>
  </ResultSummary>
</TestRun>