<?xml version="1.0" encoding="utf-8"?>
<TestRun id="5640d54a-9285-4528-8ff2-7a8c8a96ae44" name="DKSR-EFI-06$@DKSR-EFI-06 2024-01-09 15:42:48" runUser="NT AUTHORITY\NETWORK SERVICE" xmlns="http://microsoft.com/schemas/VisualStudio/TeamTest/2010">
  <Times creation="2024-01-09T15:42:48.7790464+01:00" queuing="2024-01-09T15:42:48.7790464+01:00" start="2024-01-09T15:42:36.0289969+01:00" finish="2024-01-09T15:42:56.2947070+01:00" />
  <TestSettings name="default" id="18baf0bd-85a5-41ad-b09d-fa5b5a6fcbfe">
    <Deployment runDeploymentRoot="DKSR-EFI-06$_DKSR-EFI-06_2024-01-09_15_42_48" />
  </TestSettings>
  <Results>
    <UnitTestResult executionId="f51ff9ba-a159-4f7a-8419-425b9146e83b" testId="ef11c8f2-d99c-1df9-268d-43a49b9ae3ca" testName="SoundSettingsItemManager_ThrowsUnauthorizedAccessException_WhenValidateAndSaveUserControlWithoutWriteAccessGlobal" computerName="DKSR-EFI-06" duration="00:00:00.0027560" startTime="2024-01-09T15:42:50.2791104+01:00" endTime="2024-01-09T15:42:50.2791104+01:00" testType="13cdc9d9-ddb5-4fa4-a97d-d965ccfc6d4b" outcome="Passed" testListId="8c84fa94-04c1-424b-9868-57a2d4851a1d" relativeResultsDirectory="f51ff9ba-a159-4f7a-8419-425b9146e83b" />
    <UnitTestResult executionId="da2a7e4b-2ba6-4817-af61-c6a180f70153" testId="252c9755-4638-36c9-dab0-81ecd1106e30" testName="AlarmsAndEventsViewModel_HasLoadErrorEqualToFalse_WhenTasksAreCompleteAndNotNull" computerName="DKSR-EFI-06" duration="00:00:00.0070485" startTime="2024-01-09T15:42:54.4978246+01:00" endTime="2024-01-09T15:42:54.5134503+01:00" testType="13cdc9d9-ddb5-4fa4-a97d-d965ccfc6d4b" outcome="Passed" testListId="8c84fa94-04c1-424b-9868-57a2d4851a1d" relativeResultsDirectory="da2a7e4b-2ba6-4817-af61-c6a180f70153" />
    <UnitTestResult executionId="4e5e01d8-d8ce-455c-8bf8-511054e6ce3a" testId="942ddf51-9994-ac87-5f80-39016b665ea0" testName="EventTypeViewModel_HasChangesEqualToFalse_WhenNewValueIsNotANumber" computerName="DKSR-EFI-06" duration="00:00:00.0016515" startTime="2024-01-09T15:42:54.9196991+01:00" endTime="2024-01-09T15:42:54.9196991+01:00" testType="13cdc9d9-ddb5-4fa4-a97d-d965ccfc6d4b" outcome="Passed" testListId="8c84fa94-04c1-424b-9868-57a2d4851a1d" relativeResultsDirectory="4e5e01d8-d8ce-455c-8bf8-511054e6ce3a" />
    <UnitTestResult executionId="9987e928-85d7-445c-bad9-5936f676b1cb" testId="2fe2be31-3c08-e4c6-b886-7ac4cf088203" testName="AlarmsAndEventsViewModel_IsNotLoading_WhenTaskIsComplete" computerName="DKSR-EFI-06" duration="00:00:00.0099737" startTime="2024-01-09T15:42:54.4665750+01:00" endTime="2024-01-09T15:42:54.4822000+01:00" testType="13cdc9d9-ddb5-4fa4-a97d-d965ccfc6d4b" outcome="Passed" testListId="8c84fa94-04c1-424b-9868-57a2d4851a1d" relativeResultsDirectory="9987e928-85d7-445c-bad9-5936f676b1cb" />
    <UnitTestResult executionId="97c02a9e-7c1d-4246-b5a7-47dabfb256f4" testId="69dc3628-a1cf-8c61-6a77-b1641f2b1a27" testName="EventTypeViewModel_HasChangesEqualToFalse_WhenByDefault" computerName="DKSR-EFI-06" duration="00:00:00.0041507" startTime="2024-01-09T15:42:54.9040747+01:00" endTime="2024-01-09T15:42:54.9040747+01:00" testType="13cdc9d9-ddb5-4fa4-a97d-d965ccfc6d4b" outcome="Passed" testListId="8c84fa94-04c1-424b-9868-57a2d4851a1d" relativeResultsDirectory="97c02a9e-7c1d-4246-b5a7-47dabfb256f4" />
    <UnitTestResult executionId="788da82b-892c-46fa-98d4-1af3b4e819f6" testId="4d929168-c253-c255-a5e2-44692162a75a" testName="AlarmsAndEventsOptionsDialogPlugin_ReturnsNullConfigurationReportPropertiesForEventRetention_WhenEventTypesAreNull" computerName="DKSR-EFI-06" duration="00:00:00.1127553" startTime="2024-01-09T15:42:54.0759457+01:00" endTime="2024-01-09T15:42:54.1853231+01:00" testType="13cdc9d9-ddb5-4fa4-a97d-d965ccfc6d4b" outcome="Passed" testListId="8c84fa94-04c1-424b-9868-57a2d4851a1d" relativeResultsDirectory="788da82b-892c-46fa-98d4-1af3b4e819f6" />
    <UnitTestResult executionId="ea749ff0-684e-495d-a4d0-98ddc66fbe91" testId="a752b09a-2266-9a15-6a84-7c190e591728" testName="SoundSettingsItemManager_ReturnsTrue_WhenValidateAndSaveUserControlWithWriteAccessGlobal" computerName="DKSR-EFI-06" duration="00:00:00.0008858" startTime="2024-01-09T15:42:50.2791104+01:00" endTime="2024-01-09T15:42:50.2791104+01:00" testType="13cdc9d9-ddb5-4fa4-a97d-d965ccfc6d4b" outcome="Passed" testListId="8c84fa94-04c1-424b-9868-57a2d4851a1d" relativeResultsDirectory="ea749ff0-684e-495d-a4d0-98ddc66fbe91" />
    <UnitTestResult executionId="562fc4c9-a058-436d-b6cd-43a30e98dc44" testId="3b201806-0f6e-3741-889c-4a92a2ce88ad" testName="AlarmDefItemUserControl_HasEnableCheckBoxEqualToTrue_WhenUserHasDisabledAccessGlobal" computerName="DKSR-EFI-06" duration="00:00:00.0428829" startTime="2024-01-09T15:42:50.2321826+01:00" endTime="2024-01-09T15:42:50.2791104+01:00" testType="13cdc9d9-ddb5-4fa4-a97d-d965ccfc6d4b" outcome="Passed" testListId="8c84fa94-04c1-424b-9868-57a2d4851a1d" relativeResultsDirectory="562fc4c9-a058-436d-b6cd-43a30e98dc44" />
    <UnitTestResult executionId="c4657b31-3019-41b8-9d64-fe4dc4fc85f8" testId="d03df60d-4055-b510-1083-ca07e9b41fd4" testName="EventTypeViewModel_NotThrows_WhenRetentionDaysIsMinusOne" computerName="DKSR-EFI-06" duration="00:00:00.0022360" startTime="2024-01-09T15:42:54.8728283+01:00" endTime="2024-01-09T15:42:54.8728283+01:00" testType="13cdc9d9-ddb5-4fa4-a97d-d965ccfc6d4b" outcome="Passed" testListId="8c84fa94-04c1-424b-9868-57a2d4851a1d" relativeResultsDirectory="c4657b31-3019-41b8-9d64-fe4dc4fc85f8" />
    <UnitTestResult executionId="ef4c04f6-5f41-4bcf-b232-08aa657be08d" testId="f53a846c-5679-f9ef-6f09-24bfbbe7fe91" testName="AlarmsAndEventsOptionsDialogPlugin_ReturnsNullConfigurationReportPropertiesForLogSetting_WhenGeneralSettingsIsNull" computerName="DKSR-EFI-06" duration="00:00:00.0224190" startTime="2024-01-09T15:42:53.9821980+01:00" endTime="2024-01-09T15:42:54.0135001+01:00" testType="13cdc9d9-ddb5-4fa4-a97d-d965ccfc6d4b" outcome="Passed" testListId="8c84fa94-04c1-424b-9868-57a2d4851a1d" relativeResultsDirectory="ef4c04f6-5f41-4bcf-b232-08aa657be08d" />
    <UnitTestResult executionId="4b1d1c40-4988-4d31-8e84-486244a84655" testId="3f33eab1-d8c7-28df-4a52-a9affb8a5a90" testName="EventGroupViewModel_IsNotExpanded_WhenByDefault" computerName="DKSR-EFI-06" duration="00:00:00.0042747" startTime="2024-01-09T15:42:54.6697008+01:00" endTime="2024-01-09T15:42:54.6853256+01:00" testType="13cdc9d9-ddb5-4fa4-a97d-d965ccfc6d4b" outcome="Passed" testListId="8c84fa94-04c1-424b-9868-57a2d4851a1d" relativeResultsDirectory="4b1d1c40-4988-4d31-8e84-486244a84655" />
    <UnitTestResult executionId="98c1e39e-fe09-44a6-b7a0-76800b7ab358" testId="e1f788f9-e00a-b368-872f-871bacb380be" testName="AlarmsAndEventsViewModel_HasChanges_WhenResetRetentionValues" computerName="DKSR-EFI-06" duration="00:00:00.0190506" startTime="2024-01-09T15:42:54.6228250+01:00" endTime="2024-01-09T15:42:54.6384528+01:00" testType="13cdc9d9-ddb5-4fa4-a97d-d965ccfc6d4b" outcome="Passed" testListId="8c84fa94-04c1-424b-9868-57a2d4851a1d" relativeResultsDirectory="98c1e39e-fe09-44a6-b7a0-76800b7ab358" />
    <UnitTestResult executionId="065c5e23-9029-4749-b901-5688410a58f3" testId="7d3dc5ee-473e-cf0d-3422-f54c4dc6e71e" testName="AlarmsAndEventsOptionsDialogPlugin_ThrowsArgumentNullException_WhenConfigurationManagerIsNull" computerName="DKSR-EFI-06" duration="00:00:00.0238760" startTime="2024-01-09T15:42:50.3728046+01:00" endTime="2024-01-09T15:42:50.3884324+01:00" testType="13cdc9d9-ddb5-4fa4-a97d-d965ccfc6d4b" outcome="Passed" testListId="8c84fa94-04c1-424b-9868-57a2d4851a1d" relativeResultsDirectory="065c5e23-9029-4749-b901-5688410a58f3" />
    <UnitTestResult executionId="0278f20d-cf77-4d5c-9015-0a7abef073cc" testId="529f6781-dc80-8b31-9185-07fefabf4137" testName="AlarmDefItemUserControl_ThrowsUnauthorizedAccessException_WhenValidateContentWithoutWriteAccessGlobal" computerName="DKSR-EFI-06" duration="00:00:00.2031418" startTime="2024-01-09T15:42:50.0290532+01:00" endTime="2024-01-09T15:42:50.2321826+01:00" testType="13cdc9d9-ddb5-4fa4-a97d-d965ccfc6d4b" outcome="Passed" testListId="8c84fa94-04c1-424b-9868-57a2d4851a1d" relativeResultsDirectory="0278f20d-cf77-4d5c-9015-0a7abef073cc" />
    <UnitTestResult executionId="58b17957-5c6c-44ed-8ce8-ec14f40c0ab4" testId="4c4677b2-84b8-4c08-9166-0925873c7248" testName="EventGroupViewModel_HasEventTypesOrderedUsingNaturalSorting_WhenByDefault" computerName="DKSR-EFI-06" duration="00:00:00.0117283" startTime="2024-01-09T15:42:54.8103241+01:00" endTime="2024-01-09T15:42:54.8259486+01:00" testType="13cdc9d9-ddb5-4fa4-a97d-d965ccfc6d4b" outcome="Passed" testListId="8c84fa94-04c1-424b-9868-57a2d4851a1d" relativeResultsDirectory="58b17957-5c6c-44ed-8ce8-ec14f40c0ab4" />
    <UnitTestResult executionId="354c4b61-8b0e-4737-abd2-cfed02e1ef50" testId="c25a54f9-6357-e4b3-4529-e91b4c07433d" testName="AlarmDataSettingsUserControl_ThrowsUnauthorizedAccessException_WhenValidateContentWithoutWriteAccessGlobal" computerName="DKSR-EFI-06" duration="00:00:02.1232285" startTime="2024-01-09T15:42:47.6384142+01:00" endTime="2024-01-09T15:42:49.7634305+01:00" testType="13cdc9d9-ddb5-4fa4-a97d-d965ccfc6d4b" outcome="Passed" testListId="8c84fa94-04c1-424b-9868-57a2d4851a1d" relativeResultsDirectory="354c4b61-8b0e-4737-abd2-cfed02e1ef50" />
    <UnitTestResult executionId="23cd95f9-8e7c-4609-95e2-b5756422971b" testId="19873527-5803-b025-b607-d4e8b6deee72" testName="EventTypeViewModel_ThrowsArgumentNullException_WhenEventTypeIsNull" computerName="DKSR-EFI-06" duration="00:00:00.0013745" startTime="2024-01-09T15:42:54.8728283+01:00" endTime="2024-01-09T15:42:54.8728283+01:00" testType="13cdc9d9-ddb5-4fa4-a97d-d965ccfc6d4b" outcome="Passed" testListId="8c84fa94-04c1-424b-9868-57a2d4851a1d" relativeResultsDirectory="23cd95f9-8e7c-4609-95e2-b5756422971b" />
    <UnitTestResult executionId="7fb76bc3-07ba-48fa-8358-f9fbc4ca5c8c" testId="2e37cd8f-3bc6-2f24-56b5-0468d61a5571" testName="AlarmDefItemManager_HasEmptyAlarmDefItems_WhenUserHasNoReadAccessGlobalOrUserHasNoWriteAccessGlobal" computerName="DKSR-EFI-06" duration="00:00:00.2056330" startTime="2024-01-09T15:42:49.7634305+01:00" endTime="2024-01-09T15:42:49.9821801+01:00" testType="13cdc9d9-ddb5-4fa4-a97d-d965ccfc6d4b" outcome="Passed" testListId="8c84fa94-04c1-424b-9868-57a2d4851a1d" relativeResultsDirectory="7fb76bc3-07ba-48fa-8358-f9fbc4ca5c8c" />
    <UnitTestResult executionId="d0c55c4a-3108-4142-9e7e-c40b2237972f" testId="e1ac22a7-79ea-687e-b52c-4f6d47251fae" testName="AddedRemovedUpdatedHelper_ReturnsRemoved_WhenNotInClient" computerName="DKSR-EFI-06" duration="00:00:00.0004244" startTime="2024-01-09T15:42:47.6384142+01:00" endTime="2024-01-09T15:42:47.6384142+01:00" testType="13cdc9d9-ddb5-4fa4-a97d-d965ccfc6d4b" outcome="Passed" testListId="8c84fa94-04c1-424b-9868-57a2d4851a1d" relativeResultsDirectory="d0c55c4a-3108-4142-9e7e-c40b2237972f" />
    <UnitTestResult executionId="4c58d7e8-1337-4b8e-84ea-2d163cba7785" testId="e58aa09e-9a01-baa6-fd21-f900c234b985" testName="EventTypeOrderExtensions_OrdersEventTypeGroupsUsingNaturalSortingForNonBuiltInGroups_WhenPredefinedSortOrder" computerName="DKSR-EFI-06" duration="00:00:00.0036932" startTime="2024-01-09T15:42:54.8571993+01:00" endTime="2024-01-09T15:42:54.8571993+01:00" testType="13cdc9d9-ddb5-4fa4-a97d-d965ccfc6d4b" outcome="Passed" testListId="8c84fa94-04c1-424b-9868-57a2d4851a1d" relativeResultsDirectory="4c58d7e8-1337-4b8e-84ea-2d163cba7785" />
    <UnitTestResult executionId="ec482774-10d7-4f91-aea0-7fce3e55df8f" testId="57a17993-0a5b-0d9d-f592-61bde7cc84bf" testName="AlarmsAndEventsViewModel_UpdatesEventGroupsDefaultRetention_WhenSettingValueAtIndex0" computerName="DKSR-EFI-06" duration="00:00:00.0094373" startTime="2024-01-09T15:42:54.5134503+01:00" endTime="2024-01-09T15:42:54.5134503+01:00" testType="13cdc9d9-ddb5-4fa4-a97d-d965ccfc6d4b" outcome="Passed" testListId="8c84fa94-04c1-424b-9868-57a2d4851a1d" relativeResultsDirectory="ec482774-10d7-4f91-aea0-7fce3e55df8f" />
    <UnitTestResult executionId="cc3124e8-b7f8-4005-a6df-07893886125c" testId="39209d7a-cc5e-94a3-c44e-2932ac004089" testName="EventGroupViewModel_ThrowsArgumentNullException_WhenRetentionValuesAreNull" computerName="DKSR-EFI-06" duration="00:00:00.0031674" startTime="2024-01-09T15:42:54.6540767+01:00" endTime="2024-01-09T15:42:54.6540767+01:00" testType="13cdc9d9-ddb5-4fa4-a97d-d965ccfc6d4b" outcome="Passed" testListId="8c84fa94-04c1-424b-9868-57a2d4851a1d" relativeResultsDirectory="cc3124e8-b7f8-4005-a6df-07893886125c" />
    <UnitTestResult executionId="d3216dc2-8122-47bc-8d90-dabcd8015343" testId="c1018fe6-9ff7-9f9f-2975-df3022bc1d9d" testName="EventTypeOrderExtensions_OrdersEventTypeGroupsFirstByPredefinedThenByNameForMixedGroups_WhenPredefinedSortOrder" computerName="DKSR-EFI-06" duration="00:00:00.0025403" startTime="2024-01-09T15:42:54.8571993+01:00" endTime="2024-01-09T15:42:54.8571993+01:00" testType="13cdc9d9-ddb5-4fa4-a97d-d965ccfc6d4b" outcome="Passed" testListId="8c84fa94-04c1-424b-9868-57a2d4851a1d" relativeResultsDirectory="d3216dc2-8122-47bc-8d90-dabcd8015343" />
    <UnitTestResult executionId="1c8f8ac6-aef7-4659-a05f-55df3fbd63ec" testId="b14ce6d0-1f73-ba39-2f59-f3f202956215" testName="AddedRemovedUpdatedHelper_ReturnsEmptyHashsets_WhenEmpty" computerName="DKSR-EFI-06" duration="00:00:00.0100815" startTime="2024-01-09T15:42:47.6071622+01:00" endTime="2024-01-09T15:42:47.6227897+01:00" testType="13cdc9d9-ddb5-4fa4-a97d-d965ccfc6d4b" outcome="Passed" testListId="8c84fa94-04c1-424b-9868-57a2d4851a1d" relativeResultsDirectory="1c8f8ac6-aef7-4659-a05f-55df3fbd63ec" />
    <UnitTestResult executionId="31a445d9-1c9c-49b6-8964-f9b0c14000f7" testId="742cc462-cb47-f8ec-767d-aee58dd90155" testName="AlarmsAndEventsOptionsDialogPlugin_ReturnFalse_WhenSaveChangesAndEventRetentionsCallFails" computerName="DKSR-EFI-06" duration="00:00:00.0636583" startTime="2024-01-09T15:42:53.4509460+01:00" endTime="2024-01-09T15:42:53.5134468+01:00" testType="13cdc9d9-ddb5-4fa4-a97d-d965ccfc6d4b" outcome="Passed" testListId="8c84fa94-04c1-424b-9868-57a2d4851a1d" relativeResultsDirectory="31a445d9-1c9c-49b6-8964-f9b0c14000f7" />
    <UnitTestResult executionId="ec770bde-6ad0-49d8-bea8-ca89958f9f85" testId="451aa4f5-77c8-8ca9-c6d5-b596c901fab3" testName="EventTypeViewModel_HasIsReadOnlyEqualToFalse_WhenEventRetentionIsNull" computerName="DKSR-EFI-06" duration="00:00:00.0013080" startTime="2024-01-09T15:42:54.8884499+01:00" endTime="2024-01-09T15:42:54.8884499+01:00" testType="13cdc9d9-ddb5-4fa4-a97d-d965ccfc6d4b" outcome="Passed" testListId="8c84fa94-04c1-424b-9868-57a2d4851a1d" relativeResultsDirectory="ec770bde-6ad0-49d8-bea8-ca89958f9f85" />
    <UnitTestResult executionId="9b341336-bdfb-4d0d-ac9b-e80b8730fbe3" testId="4c19c481-c76f-a744-a3e1-cc63d83aba5a" testName="AlarmsAndEventsOptionsDialogPlugin_ReturnsTrueAndShowsNotAllowedDialog_WhenSaveChangesWithChangesButUserIsNotAllowedToEdit" computerName="DKSR-EFI-06" duration="00:00:00.0350313" startTime="2024-01-09T15:42:53.4196951+01:00" endTime="2024-01-09T15:42:53.4509460+01:00" testType="13cdc9d9-ddb5-4fa4-a97d-d965ccfc6d4b" outcome="Passed" testListId="8c84fa94-04c1-424b-9868-57a2d4851a1d" relativeResultsDirectory="9b341336-bdfb-4d0d-ac9b-e80b8730fbe3" />
    <UnitTestResult executionId="a4dce78e-648b-47ef-a5f8-77e41b5d7696" testId="bc64b7e4-a721-3a53-9712-eb42a9557c57" testName="AlarmsAndEventsOptionsDialogPlugin_NotThrowsException_WhenGetConfigurationReportPropertiesForEventRetentionWithNonUniqueEventTypeAndEventGroupNames" computerName="DKSR-EFI-06" duration="00:00:00.0268332" startTime="2024-01-09T15:42:54.4197000+01:00" endTime="2024-01-09T15:42:54.4509493+01:00" testType="13cdc9d9-ddb5-4fa4-a97d-d965ccfc6d4b" outcome="Passed" testListId="8c84fa94-04c1-424b-9868-57a2d4851a1d" relativeResultsDirectory="a4dce78e-648b-47ef-a5f8-77e41b5d7696" />
    <UnitTestResult executionId="65c00131-853e-460b-be7b-ce708b0fcf52" testId="db6cb18d-54d6-6340-783d-efb28448ea1e" testName="AlarmsAndEventsViewModel_IsLoading_WhenTaskIsIncomplete" computerName="DKSR-EFI-06" duration="00:00:00.0138081" startTime="2024-01-09T15:42:54.4509493+01:00" endTime="2024-01-09T15:42:54.4665750+01:00" testType="13cdc9d9-ddb5-4fa4-a97d-d965ccfc6d4b" outcome="Passed" testListId="8c84fa94-04c1-424b-9868-57a2d4851a1d" relativeResultsDirectory="65c00131-853e-460b-be7b-ce708b0fcf52" />
    <UnitTestResult executionId="89f01ef1-2bb9-4827-a51b-d1609c24db4b" testId="af53e87e-e2dd-c03d-04cf-33cf3c5e757c" testName="AlarmsAndEventsViewModel_NotIncludesDefaultInEventGroupRetentions_WhenGetEventRetentions" computerName="DKSR-EFI-06" duration="00:00:00.0293495" startTime="2024-01-09T15:42:54.5134503+01:00" endTime="2024-01-09T15:42:54.5446989+01:00" testType="13cdc9d9-ddb5-4fa4-a97d-d965ccfc6d4b" outcome="Passed" testListId="8c84fa94-04c1-424b-9868-57a2d4851a1d" relativeResultsDirectory="89f01ef1-2bb9-4827-a51b-d1609c24db4b" />
    <UnitTestResult executionId="8f28a97a-5e8c-41cb-b921-9854382e252e" testId="df4e9d73-0bd2-a35b-cdc3-f0dccae63719" testName="SoundSettingsUserControl_ThrowsUnauthorizedAccessException_WhenAddSoundWithoutWriteAccessGlobal" computerName="DKSR-EFI-06" duration="00:00:00.0315728" startTime="2024-01-09T15:42:50.2946826+01:00" endTime="2024-01-09T15:42:50.3259316+01:00" testType="13cdc9d9-ddb5-4fa4-a97d-d965ccfc6d4b" outcome="Passed" testListId="8c84fa94-04c1-424b-9868-57a2d4851a1d" relativeResultsDirectory="8f28a97a-5e8c-41cb-b921-9854382e252e" />
    <UnitTestResult executionId="9908aaa0-0927-420d-ad57-a6bdc8c70806" testId="dfff9ea8-9865-aebe-88b8-a63133983d30" testName="EventTypeOrderExtensions_OrdersEventTypesUsingNaturalSorting_WhenNaturalSortOrder" computerName="DKSR-EFI-06" duration="00:00:00.0051136" startTime="2024-01-09T15:42:54.8571993+01:00" endTime="2024-01-09T15:42:54.8728283+01:00" testType="13cdc9d9-ddb5-4fa4-a97d-d965ccfc6d4b" outcome="Passed" testListId="8c84fa94-04c1-424b-9868-57a2d4851a1d" relativeResultsDirectory="9908aaa0-0927-420d-ad57-a6bdc8c70806" />
    <UnitTestResult executionId="6d0af8d0-848e-42c6-928c-dfb2fbab0cf4" testId="4af2bc29-2734-ef6c-5497-594f8a1a81b6" testName="EventTypeViewModel_ThrowsArgumentOutOfRangeException_WhenRetentionDaysIsLessThanMinusOne" computerName="DKSR-EFI-06" duration="00:00:00.0018000" startTime="2024-01-09T15:42:54.8884499+01:00" endTime="2024-01-09T15:42:54.8884499+01:00" testType="13cdc9d9-ddb5-4fa4-a97d-d965ccfc6d4b" outcome="Passed" testListId="8c84fa94-04c1-424b-9868-57a2d4851a1d" relativeResultsDirectory="6d0af8d0-848e-42c6-928c-dfb2fbab0cf4" />
    <UnitTestResult executionId="c70110a1-2dc0-43d0-a087-420150578b97" testId="77fdc9ab-29e9-12ee-ab7f-a3df3aea10fe" testName="AddedRemovedUpdatedHelper_ReturnsAdded_WhenNotInServer" computerName="DKSR-EFI-06" duration="00:00:00.0065804" startTime="2024-01-09T15:42:47.6227897+01:00" endTime="2024-01-09T15:42:47.6227897+01:00" testType="13cdc9d9-ddb5-4fa4-a97d-d965ccfc6d4b" outcome="Passed" testListId="8c84fa94-04c1-424b-9868-57a2d4851a1d" relativeResultsDirectory="c70110a1-2dc0-43d0-a087-420150578b97" />
    <UnitTestResult executionId="ec4382a7-3dfb-4f8b-ad80-f8238eb089c6" testId="f0ad5408-782e-4d72-a7a4-0d94ab4ce22b" testName="SoundSettingsUserControl_ThrowsUnauthorizedAccessException_WhenRemoveSoundWithoutWriteAccessGlobal" computerName="DKSR-EFI-06" duration="00:00:00.0058368" startTime="2024-01-09T15:42:50.3259316+01:00" endTime="2024-01-09T15:42:50.3259316+01:00" testType="13cdc9d9-ddb5-4fa4-a97d-d965ccfc6d4b" outcome="Passed" testListId="8c84fa94-04c1-424b-9868-57a2d4851a1d" relativeResultsDirectory="ec4382a7-3dfb-4f8b-ad80-f8238eb089c6" />
    <UnitTestResult executionId="07f5d1d2-324d-4f93-8963-28bdd7d39356" testId="9c0085b6-2212-0fcd-15ac-536422b8cabc" testName="AlarmsAndEventsOptionsDialogPlugin_ReturnsAlarmSettingsLogSettingsAndEventRetention_WhenGetConfigurationReportSections" computerName="DKSR-EFI-06" duration="00:00:00.0812118" startTime="2024-01-09T15:42:53.7165725+01:00" endTime="2024-01-09T15:42:53.8103246+01:00" testType="13cdc9d9-ddb5-4fa4-a97d-d965ccfc6d4b" outcome="Passed" testListId="8c84fa94-04c1-424b-9868-57a2d4851a1d" relativeResultsDirectory="07f5d1d2-324d-4f93-8963-28bdd7d39356" />
    <UnitTestResult executionId="6732e60a-b31d-4a4a-a7bf-64e6b5084bca" testId="6ef6e584-a7ad-3f17-cf51-3c16480c7e43" testName="EventTypeViewModel_HasSelectedRetentionEqualToValueMinusOne_WhenEventRetentionIsNull" computerName="DKSR-EFI-06" duration="00:00:00.0013031" startTime="2024-01-09T15:42:54.8884499+01:00" endTime="2024-01-09T15:42:54.8884499+01:00" testType="13cdc9d9-ddb5-4fa4-a97d-d965ccfc6d4b" outcome="Passed" testListId="8c84fa94-04c1-424b-9868-57a2d4851a1d" relativeResultsDirectory="6732e60a-b31d-4a4a-a7bf-64e6b5084bca" />
    <UnitTestResult executionId="af40f2ca-88ad-4bce-94ae-465495e57845" testId="ac619e13-2eed-7937-76cb-9a5c57878a49" testName="EventGroupViewModel_RestrictsNewValueToShortMaxValue_WhenLargerNumberHasBeenEntered" computerName="DKSR-EFI-06" duration="00:00:00.0019185" startTime="2024-01-09T15:42:54.8415747+01:00" endTime="2024-01-09T15:42:54.8415747+01:00" testType="13cdc9d9-ddb5-4fa4-a97d-d965ccfc6d4b" outcome="Passed" testListId="8c84fa94-04c1-424b-9868-57a2d4851a1d" relativeResultsDirectory="af40f2ca-88ad-4bce-94ae-465495e57845" />
    <UnitTestResult executionId="64946003-994d-4349-9f30-4e9f33013692" testId="938bfaa8-11dd-c0db-13fc-c9c61c9e6221" testName="EventTypeViewModel_RestrictsValueToShortMaxValue_WhenLargerNumberHasBeenEntered" computerName="DKSR-EFI-06" duration="00:00:00.0020342" startTime="2024-01-09T15:42:54.9196991+01:00" endTime="2024-01-09T15:42:54.9353252+01:00" testType="13cdc9d9-ddb5-4fa4-a97d-d965ccfc6d4b" outcome="Passed" testListId="8c84fa94-04c1-424b-9868-57a2d4851a1d" relativeResultsDirectory="64946003-994d-4349-9f30-4e9f33013692" />
    <UnitTestResult executionId="2ba02b87-5edc-44ec-8470-1b85519f365b" testId="dcf5fc6e-e17c-a14f-5d0d-86d582eace3e" testName="EventTypeViewModel_HasIsReadOnlyEqualToFalse_WhenEventRetentionIsNotReadOnly" computerName="DKSR-EFI-06" duration="00:00:00.0022173" startTime="2024-01-09T15:42:54.9040747+01:00" endTime="2024-01-09T15:42:54.9040747+01:00" testType="13cdc9d9-ddb5-4fa4-a97d-d965ccfc6d4b" outcome="Passed" testListId="8c84fa94-04c1-424b-9868-57a2d4851a1d" relativeResultsDirectory="2ba02b87-5edc-44ec-8470-1b85519f365b" />
    <UnitTestResult executionId="1e26f196-ec71-4e07-a684-d5f7d8185dfc" testId="6e1ea880-19b7-dce0-bcfe-901243108ade" testName="EventTypeOrderExtensions_OrdersEventTypeGroupsInPredefinedOrderForBuiltInGroups_WhenPredefinedSortOrder" computerName="DKSR-EFI-06" duration="00:00:00.0030597" startTime="2024-01-09T15:42:54.8415747+01:00" endTime="2024-01-09T15:42:54.8415747+01:00" testType="13cdc9d9-ddb5-4fa4-a97d-d965ccfc6d4b" outcome="Passed" testListId="8c84fa94-04c1-424b-9868-57a2d4851a1d" relativeResultsDirectory="1e26f196-ec71-4e07-a684-d5f7d8185dfc" />
    <UnitTestResult executionId="40f9a39c-d699-47d2-8423-b22398672ad1" testId="03a79091-d479-ae57-5b69-8903b4b089b2" testName="EventGroupViewModel_ReturnsCurrentlySelectedRetention_WhenGetEventRetention" computerName="DKSR-EFI-06" duration="00:00:00.0041581" startTime="2024-01-09T15:42:54.8259486+01:00" endTime="2024-01-09T15:42:54.8259486+01:00" testType="13cdc9d9-ddb5-4fa4-a97d-d965ccfc6d4b" outcome="Passed" testListId="8c84fa94-04c1-424b-9868-57a2d4851a1d" relativeResultsDirectory="40f9a39c-d699-47d2-8423-b22398672ad1" />
    <UnitTestResult executionId="5204ec01-eafc-47db-a4bd-a64857833561" testId="1bb89f6f-9fbe-04dd-9547-dbd39b825925" testName="EventTypeViewModel_HasChangesEqualToTrue_WhenNewValueIsSet" computerName="DKSR-EFI-06" duration="00:00:00.0010420" startTime="2024-01-09T15:42:54.9196991+01:00" endTime="2024-01-09T15:42:54.9196991+01:00" testType="13cdc9d9-ddb5-4fa4-a97d-d965ccfc6d4b" outcome="Passed" testListId="8c84fa94-04c1-424b-9868-57a2d4851a1d" relativeResultsDirectory="5204ec01-eafc-47db-a4bd-a64857833561" />
    <UnitTestResult executionId="0acad3cd-f9e0-4e30-9084-45a975167cfc" testId="39ecc4d3-233a-438d-94de-9f2ebffced0d" testName="EventTypeViewModel_ThrowsArgumentNullException_WhenRetentionValuesAreNull" computerName="DKSR-EFI-06" duration="00:00:00.0013019" startTime="2024-01-09T15:42:54.8884499+01:00" endTime="2024-01-09T15:42:54.8884499+01:00" testType="13cdc9d9-ddb5-4fa4-a97d-d965ccfc6d4b" outcome="Passed" testListId="8c84fa94-04c1-424b-9868-57a2d4851a1d" relativeResultsDirectory="0acad3cd-f9e0-4e30-9084-45a975167cfc" />
    <UnitTestResult executionId="51739c64-729a-40e2-8c75-c8e55c1bf830" testId="c14ecbf6-789d-f26f-4a7f-bd04d008cc92" testName="AddedRemovedUpdatedHelper_ReturnsOther_WhenNotAddedOrRemoved" computerName="DKSR-EFI-06" duration="00:00:00.0004432" startTime="2024-01-09T15:42:47.6384142+01:00" endTime="2024-01-09T15:42:47.6384142+01:00" testType="13cdc9d9-ddb5-4fa4-a97d-d965ccfc6d4b" outcome="Passed" testListId="8c84fa94-04c1-424b-9868-57a2d4851a1d" relativeResultsDirectory="51739c64-729a-40e2-8c75-c8e55c1bf830" />
    <UnitTestResult executionId="1852ba77-72f4-478d-a956-b692f7c99ca6" testId="5269931c-1ae1-b446-9c42-618e052d2d03" testName="AlarmsAndEventsOptionsDialogPlugin_ReturnsNullConfigurationReportPropertiesForEventRetention_WhenEventGroupsAreNull" computerName="DKSR-EFI-06" duration="00:00:00.0527622" startTime="2024-01-09T15:42:54.0290733+01:00" endTime="2024-01-09T15:42:54.0759457+01:00" testType="13cdc9d9-ddb5-4fa4-a97d-d965ccfc6d4b" outcome="Passed" testListId="8c84fa94-04c1-424b-9868-57a2d4851a1d" relativeResultsDirectory="1852ba77-72f4-478d-a956-b692f7c99ca6" />
    <UnitTestResult executionId="d06933cb-5a97-4739-bd89-ca41ffa20a24" testId="85b0ad5f-b0e8-2ae3-a5c8-e0e7f1a8ff9f" testName="EventTypeViewModel_HasIsReadOnlyEqualToTrue_WhenEventRetentionIsReadOnly" computerName="DKSR-EFI-06" duration="00:00:00.0032300" startTime="2024-01-09T15:42:54.9040747+01:00" endTime="2024-01-09T15:42:54.9040747+01:00" testType="13cdc9d9-ddb5-4fa4-a97d-d965ccfc6d4b" outcome="Passed" testListId="8c84fa94-04c1-424b-9868-57a2d4851a1d" relativeResultsDirectory="d06933cb-5a97-4739-bd89-ca41ffa20a24" />
    <UnitTestResult executionId="bf8b29d4-0053-46d9-a76e-7745e7368469" testId="1b0efad3-a9ed-d5bc-e358-ca5505e2a5f0" testName="EventGroupViewModel_ThrowsArgumentNullException_WhenEventTypesAreNull" computerName="DKSR-EFI-06" duration="00:00:00.0019741" startTime="2024-01-09T15:42:54.6697008+01:00" endTime="2024-01-09T15:42:54.6697008+01:00" testType="13cdc9d9-ddb5-4fa4-a97d-d965ccfc6d4b" outcome="Passed" testListId="8c84fa94-04c1-424b-9868-57a2d4851a1d" relativeResultsDirectory="bf8b29d4-0053-46d9-a76e-7745e7368469" />
    <UnitTestResult executionId="d34a7d2f-2201-44ba-9735-da37c03e39a2" testId="0b06c950-9cbd-d546-feef-d04c21762783" testName="AlarmsAndEventsOptionsDialogPlugin_ReturnsConfigurationReportPropertiesForLogSettingsContainingLogSettings_WhenGeneralSettingsIsNotNull" computerName="DKSR-EFI-06" duration="00:00:00.0051946" startTime="2024-01-09T15:42:54.0135001+01:00" endTime="2024-01-09T15:42:54.0135001+01:00" testType="13cdc9d9-ddb5-4fa4-a97d-d965ccfc6d4b" outcome="Passed" testListId="8c84fa94-04c1-424b-9868-57a2d4851a1d" relativeResultsDirectory="d34a7d2f-2201-44ba-9735-da37c03e39a2" />
    <UnitTestResult executionId="a0d6bb95-9f31-4a9f-89f7-eb77f59d9eab" testId="b2afae55-f082-c979-1e5f-faf0a79fc878" testName="AlarmsAndEventsOptionsDialogPlugin_ReturnsTrueAndShowsNotAllowedDialog_WhenSaveChangesWithChangesButUserDoesNotHaveAdminRights" computerName="DKSR-EFI-06" duration="00:00:00.2039357" startTime="2024-01-09T15:42:53.2009449+01:00" endTime="2024-01-09T15:42:53.4040706+01:00" testType="13cdc9d9-ddb5-4fa4-a97d-d965ccfc6d4b" outcome="Passed" testListId="8c84fa94-04c1-424b-9868-57a2d4851a1d" relativeResultsDirectory="a0d6bb95-9f31-4a9f-89f7-eb77f59d9eab" />
    <UnitTestResult executionId="d5191551-e2f1-4a03-a6c2-5f75e8e4c0fc" testId="8a6e0d9c-6369-bec6-116b-0067f3ea2a8c" testName="EventGroupViewModel_IsExpanded_WhenEventTypesAreEmptyAndHasBeenToggled (True,False)" computerName="DKSR-EFI-06" duration="00:00:00.0025076" startTime="2024-01-09T15:42:54.7946993+01:00" endTime="2024-01-09T15:42:54.7946993+01:00" testType="13cdc9d9-ddb5-4fa4-a97d-d965ccfc6d4b" outcome="Passed" testListId="8c84fa94-04c1-424b-9868-57a2d4851a1d" relativeResultsDirectory="d5191551-e2f1-4a03-a6c2-5f75e8e4c0fc" />
    <UnitTestResult executionId="e1f23276-3b79-4e11-9809-953942a88d70" testId="9b127709-bc2e-56fe-80a6-ddb607729c4d" testName="AlarmsAndEventsViewModel_ReturnsObjectEquivalentToInputParameter_WhenGetEventRetentions" computerName="DKSR-EFI-06" duration="00:00:00.0297563" startTime="2024-01-09T15:42:54.5446989+01:00" endTime="2024-01-09T15:42:54.5759494+01:00" testType="13cdc9d9-ddb5-4fa4-a97d-d965ccfc6d4b" outcome="Passed" testListId="8c84fa94-04c1-424b-9868-57a2d4851a1d" relativeResultsDirectory="e1f23276-3b79-4e11-9809-953942a88d70" />
    <UnitTestResult executionId="27ddcc89-393b-4225-b31e-51228815a20f" testId="5e1073f1-f156-719b-6c9f-77cc43c97e0d" testName="AlarmsAndEventsOptionsDialogPlugin_ReturnsTrue_WhenSaveChangesAndChangesAreSavedWithoutErrors" computerName="DKSR-EFI-06" duration="00:00:00.0371027" startTime="2024-01-09T15:42:53.6853187+01:00" endTime="2024-01-09T15:42:53.7165725+01:00" testType="13cdc9d9-ddb5-4fa4-a97d-d965ccfc6d4b" outcome="Passed" testListId="8c84fa94-04c1-424b-9868-57a2d4851a1d" relativeResultsDirectory="27ddcc89-393b-4225-b31e-51228815a20f" />
    <UnitTestResult executionId="af34ebab-68f4-4552-85db-7794fe14e2ee" testId="e0f65d1e-a4b9-9f8a-9ef6-cfe7503432e8" testName="AlarmsAndEventsOptionsDialogPlugin_ReturnsConfigurationReportPropertiesWithoutReadOnlyOnes_WhenGetConfigurationReportPropertiesForEventRetention" computerName="DKSR-EFI-06" duration="00:00:00.0420749" startTime="2024-01-09T15:42:54.3416168+01:00" endTime="2024-01-09T15:42:54.3884505+01:00" testType="13cdc9d9-ddb5-4fa4-a97d-d965ccfc6d4b" outcome="Passed" testListId="8c84fa94-04c1-424b-9868-57a2d4851a1d" relativeResultsDirectory="af34ebab-68f4-4552-85db-7794fe14e2ee" />
    <UnitTestResult executionId="a6d0bef5-419a-4433-a49e-57f366812801" testId="8f54cfcc-6bab-bc3e-0c3c-a79b783a3304" testName="AlarmsAndEventsOptionsDialogPlugin_ReturnsNull_WhenGetConfigurationReportPropertiesForAlarmSettingsAndGeneralSettingsIsNull" computerName="DKSR-EFI-06" duration="00:00:00.0246023" startTime="2024-01-09T15:42:53.8103246+01:00" endTime="2024-01-09T15:42:53.8259487+01:00" testType="13cdc9d9-ddb5-4fa4-a97d-d965ccfc6d4b" outcome="Passed" testListId="8c84fa94-04c1-424b-9868-57a2d4851a1d" relativeResultsDirectory="a6d0bef5-419a-4433-a49e-57f366812801" />
    <UnitTestResult executionId="fa2f882c-269e-400c-889a-622500867a2b" testId="3dbdd863-b06b-d42c-7528-a0c4e937420d" testName="AlarmsAndEventsViewModel_HasLoadErrorEqualToTrue_IfTasksReturnNull" computerName="DKSR-EFI-06" duration="00:00:00.0079746" startTime="2024-01-09T15:42:54.4822000+01:00" endTime="2024-01-09T15:42:54.4822000+01:00" testType="13cdc9d9-ddb5-4fa4-a97d-d965ccfc6d4b" outcome="Passed" testListId="8c84fa94-04c1-424b-9868-57a2d4851a1d" relativeResultsDirectory="fa2f882c-269e-400c-889a-622500867a2b" />
    <UnitTestResult executionId="74fad932-8d63-41d3-a5cd-e0cd52194d42" testId="f41035db-5cf4-c360-4eac-4f5f4650f728" testName="EventGroupViewModel_ThrowsArgumentOutOfRangeException_WhenRetentionIsNegative" computerName="DKSR-EFI-06" duration="00:00:00.0041516" startTime="2024-01-09T15:42:54.6540767+01:00" endTime="2024-01-09T15:42:54.6540767+01:00" testType="13cdc9d9-ddb5-4fa4-a97d-d965ccfc6d4b" outcome="Passed" testListId="8c84fa94-04c1-424b-9868-57a2d4851a1d" relativeResultsDirectory="74fad932-8d63-41d3-a5cd-e0cd52194d42" />
    <UnitTestResult executionId="d89d5e60-42fd-4c4b-843f-dc06b1715590" testId="f4b09a43-5c91-97ec-3844-a4230abfa598" testName="AlarmsAndEventsOptionsDialogPlugin_ReturnsNullConfigurationReportPropertiesForEventRetention_WhenEventRetentionsAreNull" computerName="DKSR-EFI-06" duration="00:00:00.0166056" startTime="2024-01-09T15:42:54.1853231+01:00" endTime="2024-01-09T15:42:54.2165724+01:00" testType="13cdc9d9-ddb5-4fa4-a97d-d965ccfc6d4b" outcome="Passed" testListId="8c84fa94-04c1-424b-9868-57a2d4851a1d" relativeResultsDirectory="d89d5e60-42fd-4c4b-843f-dc06b1715590" />
    <UnitTestResult executionId="b7d5fb11-0857-48dc-aeec-b50a13738919" testId="226901fa-85eb-1ee1-766b-f8c234130f81" testName="EventGroupViewModel_NotThrowsException_WhenEventRetentionsAreNull" computerName="DKSR-EFI-06" duration="00:00:00.0030014" startTime="2024-01-09T15:42:54.6697008+01:00" endTime="2024-01-09T15:42:54.6697008+01:00" testType="13cdc9d9-ddb5-4fa4-a97d-d965ccfc6d4b" outcome="Passed" testListId="8c84fa94-04c1-424b-9868-57a2d4851a1d" relativeResultsDirectory="b7d5fb11-0857-48dc-aeec-b50a13738919" />
    <UnitTestResult executionId="12e2a0bb-9bf4-4116-8104-d067baadd9d9" testId="935a00fb-3f5c-6175-7370-1e2583f4110b" testName="AlarmsAndEventsViewModel_IsNotLoading_WhenTasksAreCompleteAndNotNull" computerName="DKSR-EFI-06" duration="00:00:00.0067897" startTime="2024-01-09T15:42:54.4822000+01:00" endTime="2024-01-09T15:42:54.4978246+01:00" testType="13cdc9d9-ddb5-4fa4-a97d-d965ccfc6d4b" outcome="Passed" testListId="8c84fa94-04c1-424b-9868-57a2d4851a1d" relativeResultsDirectory="12e2a0bb-9bf4-4116-8104-d067baadd9d9" />
    <UnitTestResult executionId="c7c33c2f-2b48-438a-9363-8ecaf99fe00e" testId="6d1933ae-b92e-3bae-c970-774e7b959cd3" testName="ToStringList_ReturnsCorrectResult_OnData" computerName="DKSR-EFI-06" duration="00:00:00.1695843" startTime="2024-01-09T15:42:47.0134101+01:00" endTime="2024-01-09T15:42:47.5446643+01:00" testType="13cdc9d9-ddb5-4fa4-a97d-d965ccfc6d4b" outcome="Passed" testListId="8c84fa94-04c1-424b-9868-57a2d4851a1d" relativeResultsDirectory="c7c33c2f-2b48-438a-9363-8ecaf99fe00e" />
    <UnitTestResult executionId="37132841-2ce4-476c-8462-45b3eeeb97e1" testId="81ed2ef4-529d-2aa0-c455-58267e1d27d9" testName="AlarmsAndEventsViewModel_AppliesDefaultRetentionValues_WhenResetRetentionValues" computerName="DKSR-EFI-06" duration="00:00:00.0305381" startTime="2024-01-09T15:42:54.5915761+01:00" endTime="2024-01-09T15:42:54.6078275+01:00" testType="13cdc9d9-ddb5-4fa4-a97d-d965ccfc6d4b" outcome="Passed" testListId="8c84fa94-04c1-424b-9868-57a2d4851a1d" relativeResultsDirectory="37132841-2ce4-476c-8462-45b3eeeb97e1" />
    <UnitTestResult executionId="f1ecf5cb-d4a0-460a-9d28-0f3bbe2bbe6a" testId="02095ee7-85de-163c-11dc-a32453653cc4" testName="EventGroupViewModel_HasChanges_WhenValueHasBeenChanged" computerName="DKSR-EFI-06" duration="00:00:00.0039129" startTime="2024-01-09T15:42:54.7946993+01:00" endTime="2024-01-09T15:42:54.8103241+01:00" testType="13cdc9d9-ddb5-4fa4-a97d-d965ccfc6d4b" outcome="Passed" testListId="8c84fa94-04c1-424b-9868-57a2d4851a1d" relativeResultsDirectory="f1ecf5cb-d4a0-460a-9d28-0f3bbe2bbe6a" />
    <UnitTestResult executionId="bd752463-bb96-4a83-b907-15bc9eff2fe7" testId="fe42d2c4-78d4-3309-1b07-1eb4478b0e1c" testName="AlarmsAndEventsOptionsDialogPlugin_ReturnsConfigurationReportPropertiesForAlarmSettingsContainingAlarmSettings_WhenGeneralSettingsIsNotNull" computerName="DKSR-EFI-06" duration="00:00:00.1483627" startTime="2024-01-09T15:42:53.8415724+01:00" endTime="2024-01-09T15:42:53.9821980+01:00" testType="13cdc9d9-ddb5-4fa4-a97d-d965ccfc6d4b" outcome="Passed" testListId="8c84fa94-04c1-424b-9868-57a2d4851a1d" relativeResultsDirectory="bd752463-bb96-4a83-b907-15bc9eff2fe7" />
    <UnitTestResult executionId="f25e9c0f-2653-499a-9f56-fc43a091d826" testId="9dc15ba8-3da1-ef4e-0465-53503e1bcd31" testName="AlarmsAndEventsOptionsDialogPlugin_ReturnsFalse_WhenSaveChangesAndSetGeneralSettingsCallFails" computerName="DKSR-EFI-06" duration="00:00:00.1639568" startTime="2024-01-09T15:42:53.5134468+01:00" endTime="2024-01-09T15:42:53.6853187+01:00" testType="13cdc9d9-ddb5-4fa4-a97d-d965ccfc6d4b" outcome="Passed" testListId="8c84fa94-04c1-424b-9868-57a2d4851a1d" relativeResultsDirectory="f25e9c0f-2653-499a-9f56-fc43a091d826" />
    <UnitTestResult executionId="c1d1000b-69ae-4096-b5e3-76087f1bdbd1" testId="e7295e8b-a6c3-4da5-1f6e-81687e6b414b" testName="EventGroupViewModel_ContainsOneMoreElementInRetentionValues_WhenPreviouslyNonExistingValueHasBeenSet" computerName="DKSR-EFI-06" duration="00:00:00.0039203" startTime="2024-01-09T15:42:54.8415747+01:00" endTime="2024-01-09T15:42:54.8415747+01:00" testType="13cdc9d9-ddb5-4fa4-a97d-d965ccfc6d4b" outcome="Passed" testListId="8c84fa94-04c1-424b-9868-57a2d4851a1d" relativeResultsDirectory="c1d1000b-69ae-4096-b5e3-76087f1bdbd1" />
    <UnitTestResult executionId="5ba7fb87-b7ad-4f05-9ad4-a18da6840585" testId="f1cc9811-4ca5-651c-1429-2f048be27c36" testName="AlarmsAndEventsOptionsDialogPlugin_ReturnsTrue_WhenSaveChangesWithoutChanges" computerName="DKSR-EFI-06" duration="00:00:02.8037795" startTime="2024-01-09T15:42:50.4040552+01:00" endTime="2024-01-09T15:42:53.2009449+01:00" testType="13cdc9d9-ddb5-4fa4-a97d-d965ccfc6d4b" outcome="Passed" testListId="8c84fa94-04c1-424b-9868-57a2d4851a1d" relativeResultsDirectory="5ba7fb87-b7ad-4f05-9ad4-a18da6840585" />
    <UnitTestResult executionId="31f5916a-4d29-4e43-bc9d-af7e46a27eb3" testId="b12c13a0-5f31-b27f-427e-c57e714805a2" testName="AlarmsAndEventsOptionsDialogPlugin_ReturnsConfigurationReportPropertiesForEventRetentionContainingAllEventRetentions_WhenAllEventRetentiontionsAreSet" computerName="DKSR-EFI-06" duration="00:00:00.1336613" startTime="2024-01-09T15:42:54.2165724+01:00" endTime="2024-01-09T15:42:54.3416168+01:00" testType="13cdc9d9-ddb5-4fa4-a97d-d965ccfc6d4b" outcome="Passed" testListId="8c84fa94-04c1-424b-9868-57a2d4851a1d" relativeResultsDirectory="31f5916a-4d29-4e43-bc9d-af7e46a27eb3" />
    <UnitTestResult executionId="f477e468-9d06-4027-b23b-82950c13fba5" testId="ccee0ea2-523b-2e9d-a505-1f43f91af32a" testName="EventGroupViewModel_NotHasChanges_WhenValueDidNotChange" computerName="DKSR-EFI-06" duration="00:00:00.0048367" startTime="2024-01-09T15:42:54.8103241+01:00" endTime="2024-01-09T15:42:54.8103241+01:00" testType="13cdc9d9-ddb5-4fa4-a97d-d965ccfc6d4b" outcome="Passed" testListId="8c84fa94-04c1-424b-9868-57a2d4851a1d" relativeResultsDirectory="f477e468-9d06-4027-b23b-82950c13fba5" />
    <UnitTestResult executionId="96274aae-1250-4cbd-a220-b621eedcc9bf" testId="a193c55f-7b3f-242c-e10c-350513dfe792" testName="AlarmsAndEventsOptionsDialogPlugin_ReturnsConfigurationReportPropertiesForEventRetentionWithoutEventTypeRetentions_WhenRetentiontionsAreOmitted" computerName="DKSR-EFI-06" duration="00:00:00.0205291" startTime="2024-01-09T15:42:54.3884505+01:00" endTime="2024-01-09T15:42:54.4197000+01:00" testType="13cdc9d9-ddb5-4fa4-a97d-d965ccfc6d4b" outcome="Passed" testListId="8c84fa94-04c1-424b-9868-57a2d4851a1d" relativeResultsDirectory="96274aae-1250-4cbd-a220-b621eedcc9bf" />
    <UnitTestResult executionId="d97b4ca4-66ad-40cc-a3c4-f7aeaf7f700e" testId="f97d43c0-ac2d-4b2d-27e7-c1f3e48e6fe4" testName="EventGroupViewModel_ThrowsArgumentNullException_WhenEventTypeGroupIsNull" computerName="DKSR-EFI-06" duration="00:00:00.0044241" startTime="2024-01-09T15:42:54.6384528+01:00" endTime="2024-01-09T15:42:54.6540767+01:00" testType="13cdc9d9-ddb5-4fa4-a97d-d965ccfc6d4b" outcome="Passed" testListId="8c84fa94-04c1-424b-9868-57a2d4851a1d" relativeResultsDirectory="d97b4ca4-66ad-40cc-a3c4-f7aeaf7f700e" />
    <UnitTestResult executionId="756507cd-a67a-48c7-9ea1-89745067e1a0" testId="889532ba-2a9c-a1b7-6886-cfb5250c3dbd" testName="EventGroupViewModel_IsExpanded_WhenEventTypesAreEmptyAndHasBeenToggled (False,True)" computerName="DKSR-EFI-06" duration="00:00:00.0053045" startTime="2024-01-09T15:42:54.6853256+01:00" endTime="2024-01-09T15:42:54.7946993+01:00" testType="13cdc9d9-ddb5-4fa4-a97d-d965ccfc6d4b" outcome="Passed" testListId="8c84fa94-04c1-424b-9868-57a2d4851a1d" relativeResultsDirectory="756507cd-a67a-48c7-9ea1-89745067e1a0" />
  </Results>
  <TestDefinitions>
    <UnitTest name="AlarmsAndEventsViewModel_HasLoadErrorEqualToTrue_IfTasksReturnNull" storage="d:\actions-runner\_work\xpco\xpco\eventserver\alarmplugin\components\central\videoos.eventserver.alarmplugin.admin.unittest\bin\debug\net472\videoos.eventserver.alarmplugin.admin.unittest.dll" id="3dbdd863-b06b-d42c-7528-a0c4e937420d">
      <Execution id="fa2f882c-269e-400c-889a-622500867a2b" />
      <TestMethod codeBase="D:\actions-runner\_work\XPCO\XPCO\EventServer\AlarmPlugin\Components\Central\VideoOS.EventServer.AlarmPlugin.Admin.UnitTest\bin\Debug\net472\VideoOS.EventServer.AlarmPlugin.Admin.UnitTest.dll" adapterTypeName="executor://mstestadapter/v2" className="VideoOS.EventServer.AlarmPlugin.Admin.UnitTest.Admin.Options.AlarmsAndEventsViewModelTest" name="AlarmsAndEventsViewModel_HasLoadErrorEqualToTrue_IfTasksReturnNull" />
    </UnitTest>
    <UnitTest name="AddedRemovedUpdatedHelper_ReturnsEmptyHashsets_WhenEmpty" storage="d:\actions-runner\_work\xpco\xpco\eventserver\alarmplugin\components\central\videoos.eventserver.alarmplugin.admin.unittest\bin\debug\net472\videoos.eventserver.alarmplugin.admin.unittest.dll" id="b14ce6d0-1f73-ba39-2f59-f3f202956215">
      <Execution id="1c8f8ac6-aef7-4659-a05f-55df3fbd63ec" />
      <TestMethod codeBase="D:\actions-runner\_work\XPCO\XPCO\EventServer\AlarmPlugin\Components\Central\VideoOS.EventServer.AlarmPlugin.Admin.UnitTest\bin\Debug\net472\VideoOS.EventServer.AlarmPlugin.Admin.UnitTest.dll" adapterTypeName="executor://mstestadapter/v2" className="VideoOS.EventServer.AlarmPlugin.Admin.UnitTest.Admin.AddedRemovedOtherHelperTests" name="AddedRemovedUpdatedHelper_ReturnsEmptyHashsets_WhenEmpty" />
    </UnitTest>
    <UnitTest name="EventGroupViewModel_IsNotExpanded_WhenByDefault" storage="d:\actions-runner\_work\xpco\xpco\eventserver\alarmplugin\components\central\videoos.eventserver.alarmplugin.admin.unittest\bin\debug\net472\videoos.eventserver.alarmplugin.admin.unittest.dll" id="3f33eab1-d8c7-28df-4a52-a9affb8a5a90">
      <Execution id="4b1d1c40-4988-4d31-8e84-486244a84655" />
      <TestMethod codeBase="D:\actions-runner\_work\XPCO\XPCO\EventServer\AlarmPlugin\Components\Central\VideoOS.EventServer.AlarmPlugin.Admin.UnitTest\bin\Debug\net472\VideoOS.EventServer.AlarmPlugin.Admin.UnitTest.dll" adapterTypeName="executor://mstestadapter/v2" className="VideoOS.EventServer.AlarmPlugin.Admin.UnitTest.Admin.Options.EventGroupViewModelTests" name="EventGroupViewModel_IsNotExpanded_WhenByDefault" />
    </UnitTest>
    <UnitTest name="EventTypeViewModel_HasChangesEqualToFalse_WhenNewValueIsNotANumber" storage="d:\actions-runner\_work\xpco\xpco\eventserver\alarmplugin\components\central\videoos.eventserver.alarmplugin.admin.unittest\bin\debug\net472\videoos.eventserver.alarmplugin.admin.unittest.dll" id="942ddf51-9994-ac87-5f80-39016b665ea0">
      <Execution id="4e5e01d8-d8ce-455c-8bf8-511054e6ce3a" />
      <TestMethod codeBase="D:\actions-runner\_work\XPCO\XPCO\EventServer\AlarmPlugin\Components\Central\VideoOS.EventServer.AlarmPlugin.Admin.UnitTest\bin\Debug\net472\VideoOS.EventServer.AlarmPlugin.Admin.UnitTest.dll" adapterTypeName="executor://mstestadapter/v2" className="VideoOS.EventServer.AlarmPlugin.Admin.UnitTest.Admin.Options.EventTypeViewModelTests" name="EventTypeViewModel_HasChangesEqualToFalse_WhenNewValueIsNotANumber" />
    </UnitTest>
    <UnitTest name="AlarmsAndEventsOptionsDialogPlugin_ReturnsConfigurationReportPropertiesForEventRetentionWithoutEventTypeRetentions_WhenRetentiontionsAreOmitted" storage="d:\actions-runner\_work\xpco\xpco\eventserver\alarmplugin\components\central\videoos.eventserver.alarmplugin.admin.unittest\bin\debug\net472\videoos.eventserver.alarmplugin.admin.unittest.dll" id="a193c55f-7b3f-242c-e10c-350513dfe792">
      <Execution id="96274aae-1250-4cbd-a220-b621eedcc9bf" />
      <TestMethod codeBase="D:\actions-runner\_work\XPCO\XPCO\EventServer\AlarmPlugin\Components\Central\VideoOS.EventServer.AlarmPlugin.Admin.UnitTest\bin\Debug\net472\VideoOS.EventServer.AlarmPlugin.Admin.UnitTest.dll" adapterTypeName="executor://mstestadapter/v2" className="VideoOS.EventServer.AlarmPlugin.Admin.UnitTest.Admin.Options.AlarmsAndEventsOptionsDialogPluginTests" name="AlarmsAndEventsOptionsDialogPlugin_ReturnsConfigurationReportPropertiesForEventRetentionWithoutEventTypeRetentions_WhenRetentiontionsAreOmitted" />
    </UnitTest>
    <UnitTest name="AddedRemovedUpdatedHelper_ReturnsRemoved_WhenNotInClient" storage="d:\actions-runner\_work\xpco\xpco\eventserver\alarmplugin\components\central\videoos.eventserver.alarmplugin.admin.unittest\bin\debug\net472\videoos.eventserver.alarmplugin.admin.unittest.dll" id="e1ac22a7-79ea-687e-b52c-4f6d47251fae">
      <Execution id="d0c55c4a-3108-4142-9e7e-c40b2237972f" />
      <TestMethod codeBase="D:\actions-runner\_work\XPCO\XPCO\EventServer\AlarmPlugin\Components\Central\VideoOS.EventServer.AlarmPlugin.Admin.UnitTest\bin\Debug\net472\VideoOS.EventServer.AlarmPlugin.Admin.UnitTest.dll" adapterTypeName="executor://mstestadapter/v2" className="VideoOS.EventServer.AlarmPlugin.Admin.UnitTest.Admin.AddedRemovedOtherHelperTests" name="AddedRemovedUpdatedHelper_ReturnsRemoved_WhenNotInClient" />
    </UnitTest>
    <UnitTest name="EventTypeOrderExtensions_OrdersEventTypesUsingNaturalSorting_WhenNaturalSortOrder" storage="d:\actions-runner\_work\xpco\xpco\eventserver\alarmplugin\components\central\videoos.eventserver.alarmplugin.admin.unittest\bin\debug\net472\videoos.eventserver.alarmplugin.admin.unittest.dll" id="dfff9ea8-9865-aebe-88b8-a63133983d30">
      <Execution id="9908aaa0-0927-420d-ad57-a6bdc8c70806" />
      <TestMethod codeBase="D:\actions-runner\_work\XPCO\XPCO\EventServer\AlarmPlugin\Components\Central\VideoOS.EventServer.AlarmPlugin.Admin.UnitTest\bin\Debug\net472\VideoOS.EventServer.AlarmPlugin.Admin.UnitTest.dll" adapterTypeName="executor://mstestadapter/v2" className="VideoOS.EventServer.AlarmPlugin.Admin.UnitTest.Admin.Options.EventTypeOrderExtensionsTests" name="EventTypeOrderExtensions_OrdersEventTypesUsingNaturalSorting_WhenNaturalSortOrder" />
    </UnitTest>
    <UnitTest name="EventGroupViewModel_ThrowsArgumentOutOfRangeException_WhenRetentionIsNegative" storage="d:\actions-runner\_work\xpco\xpco\eventserver\alarmplugin\components\central\videoos.eventserver.alarmplugin.admin.unittest\bin\debug\net472\videoos.eventserver.alarmplugin.admin.unittest.dll" id="f41035db-5cf4-c360-4eac-4f5f4650f728">
      <Execution id="74fad932-8d63-41d3-a5cd-e0cd52194d42" />
      <TestMethod codeBase="D:\actions-runner\_work\XPCO\XPCO\EventServer\AlarmPlugin\Components\Central\VideoOS.EventServer.AlarmPlugin.Admin.UnitTest\bin\Debug\net472\VideoOS.EventServer.AlarmPlugin.Admin.UnitTest.dll" adapterTypeName="executor://mstestadapter/v2" className="VideoOS.EventServer.AlarmPlugin.Admin.UnitTest.Admin.Options.EventGroupViewModelTests" name="EventGroupViewModel_ThrowsArgumentOutOfRangeException_WhenRetentionIsNegative" />
    </UnitTest>
    <UnitTest name="EventTypeViewModel_RestrictsValueToShortMaxValue_WhenLargerNumberHasBeenEntered" storage="d:\actions-runner\_work\xpco\xpco\eventserver\alarmplugin\components\central\videoos.eventserver.alarmplugin.admin.unittest\bin\debug\net472\videoos.eventserver.alarmplugin.admin.unittest.dll" id="938bfaa8-11dd-c0db-13fc-c9c61c9e6221">
      <Execution id="64946003-994d-4349-9f30-4e9f33013692" />
      <TestMethod codeBase="D:\actions-runner\_work\XPCO\XPCO\EventServer\AlarmPlugin\Components\Central\VideoOS.EventServer.AlarmPlugin.Admin.UnitTest\bin\Debug\net472\VideoOS.EventServer.AlarmPlugin.Admin.UnitTest.dll" adapterTypeName="executor://mstestadapter/v2" className="VideoOS.EventServer.AlarmPlugin.Admin.UnitTest.Admin.Options.EventTypeViewModelTests" name="EventTypeViewModel_RestrictsValueToShortMaxValue_WhenLargerNumberHasBeenEntered" />
    </UnitTest>
    <UnitTest name="EventGroupViewModel_HasChanges_WhenValueHasBeenChanged" storage="d:\actions-runner\_work\xpco\xpco\eventserver\alarmplugin\components\central\videoos.eventserver.alarmplugin.admin.unittest\bin\debug\net472\videoos.eventserver.alarmplugin.admin.unittest.dll" id="02095ee7-85de-163c-11dc-a32453653cc4">
      <Execution id="f1ecf5cb-d4a0-460a-9d28-0f3bbe2bbe6a" />
      <TestMethod codeBase="D:\actions-runner\_work\XPCO\XPCO\EventServer\AlarmPlugin\Components\Central\VideoOS.EventServer.AlarmPlugin.Admin.UnitTest\bin\Debug\net472\VideoOS.EventServer.AlarmPlugin.Admin.UnitTest.dll" adapterTypeName="executor://mstestadapter/v2" className="VideoOS.EventServer.AlarmPlugin.Admin.UnitTest.Admin.Options.EventGroupViewModelTests" name="EventGroupViewModel_HasChanges_WhenValueHasBeenChanged" />
    </UnitTest>
    <UnitTest name="AlarmsAndEventsViewModel_NotIncludesDefaultInEventGroupRetentions_WhenGetEventRetentions" storage="d:\actions-runner\_work\xpco\xpco\eventserver\alarmplugin\components\central\videoos.eventserver.alarmplugin.admin.unittest\bin\debug\net472\videoos.eventserver.alarmplugin.admin.unittest.dll" id="af53e87e-e2dd-c03d-04cf-33cf3c5e757c">
      <Execution id="89f01ef1-2bb9-4827-a51b-d1609c24db4b" />
      <TestMethod codeBase="D:\actions-runner\_work\XPCO\XPCO\EventServer\AlarmPlugin\Components\Central\VideoOS.EventServer.AlarmPlugin.Admin.UnitTest\bin\Debug\net472\VideoOS.EventServer.AlarmPlugin.Admin.UnitTest.dll" adapterTypeName="executor://mstestadapter/v2" className="VideoOS.EventServer.AlarmPlugin.Admin.UnitTest.Admin.Options.AlarmsAndEventsViewModelTest" name="AlarmsAndEventsViewModel_NotIncludesDefaultInEventGroupRetentions_WhenGetEventRetentions" />
    </UnitTest>
    <UnitTest name="AlarmsAndEventsOptionsDialogPlugin_ReturnsNullConfigurationReportPropertiesForEventRetention_WhenEventTypesAreNull" storage="d:\actions-runner\_work\xpco\xpco\eventserver\alarmplugin\components\central\videoos.eventserver.alarmplugin.admin.unittest\bin\debug\net472\videoos.eventserver.alarmplugin.admin.unittest.dll" id="4d929168-c253-c255-a5e2-44692162a75a">
      <Execution id="788da82b-892c-46fa-98d4-1af3b4e819f6" />
      <TestMethod codeBase="D:\actions-runner\_work\XPCO\XPCO\EventServer\AlarmPlugin\Components\Central\VideoOS.EventServer.AlarmPlugin.Admin.UnitTest\bin\Debug\net472\VideoOS.EventServer.AlarmPlugin.Admin.UnitTest.dll" adapterTypeName="executor://mstestadapter/v2" className="VideoOS.EventServer.AlarmPlugin.Admin.UnitTest.Admin.Options.AlarmsAndEventsOptionsDialogPluginTests" name="AlarmsAndEventsOptionsDialogPlugin_ReturnsNullConfigurationReportPropertiesForEventRetention_WhenEventTypesAreNull" />
    </UnitTest>
    <UnitTest name="SoundSettingsItemManager_ThrowsUnauthorizedAccessException_WhenValidateAndSaveUserControlWithoutWriteAccessGlobal" storage="d:\actions-runner\_work\xpco\xpco\eventserver\alarmplugin\components\central\videoos.eventserver.alarmplugin.admin.unittest\bin\debug\net472\videoos.eventserver.alarmplugin.admin.unittest.dll" id="ef11c8f2-d99c-1df9-268d-43a49b9ae3ca">
      <Execution id="f51ff9ba-a159-4f7a-8419-425b9146e83b" />
      <TestMethod codeBase="D:\actions-runner\_work\XPCO\XPCO\EventServer\AlarmPlugin\Components\Central\VideoOS.EventServer.AlarmPlugin.Admin.UnitTest\bin\Debug\net472\VideoOS.EventServer.AlarmPlugin.Admin.UnitTest.dll" adapterTypeName="executor://mstestadapter/v2" className="VideoOS.EventServer.AlarmPlugin.Admin.UnitTest.Admin.SoundSettingsItemManagerTests" name="SoundSettingsItemManager_ThrowsUnauthorizedAccessException_WhenValidateAndSaveUserControlWithoutWriteAccessGlobal" />
    </UnitTest>
    <UnitTest name="EventGroupViewModel_IsExpanded_WhenEventTypesAreEmptyAndHasBeenToggled (True,False)" storage="d:\actions-runner\_work\xpco\xpco\eventserver\alarmplugin\components\central\videoos.eventserver.alarmplugin.admin.unittest\bin\debug\net472\videoos.eventserver.alarmplugin.admin.unittest.dll" id="8a6e0d9c-6369-bec6-116b-0067f3ea2a8c">
      <Execution id="d5191551-e2f1-4a03-a6c2-5f75e8e4c0fc" />
      <TestMethod codeBase="D:\actions-runner\_work\XPCO\XPCO\EventServer\AlarmPlugin\Components\Central\VideoOS.EventServer.AlarmPlugin.Admin.UnitTest\bin\Debug\net472\VideoOS.EventServer.AlarmPlugin.Admin.UnitTest.dll" adapterTypeName="executor://mstestadapter/v2" className="VideoOS.EventServer.AlarmPlugin.Admin.UnitTest.Admin.Options.EventGroupViewModelTests" name="EventGroupViewModel_IsExpanded_WhenEventTypesAreEmptyAndHasBeenToggled" />
    </UnitTest>
    <UnitTest name="EventTypeViewModel_ThrowsArgumentOutOfRangeException_WhenRetentionDaysIsLessThanMinusOne" storage="d:\actions-runner\_work\xpco\xpco\eventserver\alarmplugin\components\central\videoos.eventserver.alarmplugin.admin.unittest\bin\debug\net472\videoos.eventserver.alarmplugin.admin.unittest.dll" id="4af2bc29-2734-ef6c-5497-594f8a1a81b6">
      <Execution id="6d0af8d0-848e-42c6-928c-dfb2fbab0cf4" />
      <TestMethod codeBase="D:\actions-runner\_work\XPCO\XPCO\EventServer\AlarmPlugin\Components\Central\VideoOS.EventServer.AlarmPlugin.Admin.UnitTest\bin\Debug\net472\VideoOS.EventServer.AlarmPlugin.Admin.UnitTest.dll" adapterTypeName="executor://mstestadapter/v2" className="VideoOS.EventServer.AlarmPlugin.Admin.UnitTest.Admin.Options.EventTypeViewModelTests" name="EventTypeViewModel_ThrowsArgumentOutOfRangeException_WhenRetentionDaysIsLessThanMinusOne" />
    </UnitTest>
    <UnitTest name="AlarmDefItemUserControl_ThrowsUnauthorizedAccessException_WhenValidateContentWithoutWriteAccessGlobal" storage="d:\actions-runner\_work\xpco\xpco\eventserver\alarmplugin\components\central\videoos.eventserver.alarmplugin.admin.unittest\bin\debug\net472\videoos.eventserver.alarmplugin.admin.unittest.dll" id="529f6781-dc80-8b31-9185-07fefabf4137">
      <Execution id="0278f20d-cf77-4d5c-9015-0a7abef073cc" />
      <TestMethod codeBase="D:\actions-runner\_work\XPCO\XPCO\EventServer\AlarmPlugin\Components\Central\VideoOS.EventServer.AlarmPlugin.Admin.UnitTest\bin\Debug\net472\VideoOS.EventServer.AlarmPlugin.Admin.UnitTest.dll" adapterTypeName="executor://mstestadapter/v2" className="VideoOS.EventServer.AlarmPlugin.Admin.UnitTest.Admin.AlarmDefItemUserControlTests" name="AlarmDefItemUserControl_ThrowsUnauthorizedAccessException_WhenValidateContentWithoutWriteAccessGlobal" />
    </UnitTest>
    <UnitTest name="AlarmsAndEventsOptionsDialogPlugin_ReturnsAlarmSettingsLogSettingsAndEventRetention_WhenGetConfigurationReportSections" storage="d:\actions-runner\_work\xpco\xpco\eventserver\alarmplugin\components\central\videoos.eventserver.alarmplugin.admin.unittest\bin\debug\net472\videoos.eventserver.alarmplugin.admin.unittest.dll" id="9c0085b6-2212-0fcd-15ac-536422b8cabc">
      <Execution id="07f5d1d2-324d-4f93-8963-28bdd7d39356" />
      <TestMethod codeBase="D:\actions-runner\_work\XPCO\XPCO\EventServer\AlarmPlugin\Components\Central\VideoOS.EventServer.AlarmPlugin.Admin.UnitTest\bin\Debug\net472\VideoOS.EventServer.AlarmPlugin.Admin.UnitTest.dll" adapterTypeName="executor://mstestadapter/v2" className="VideoOS.EventServer.AlarmPlugin.Admin.UnitTest.Admin.Options.AlarmsAndEventsOptionsDialogPluginTests" name="AlarmsAndEventsOptionsDialogPlugin_ReturnsAlarmSettingsLogSettingsAndEventRetention_WhenGetConfigurationReportSections" />
    </UnitTest>
    <UnitTest name="AlarmsAndEventsViewModel_IsLoading_WhenTaskIsIncomplete" storage="d:\actions-runner\_work\xpco\xpco\eventserver\alarmplugin\components\central\videoos.eventserver.alarmplugin.admin.unittest\bin\debug\net472\videoos.eventserver.alarmplugin.admin.unittest.dll" id="db6cb18d-54d6-6340-783d-efb28448ea1e">
      <Execution id="65c00131-853e-460b-be7b-ce708b0fcf52" />
      <TestMethod codeBase="D:\actions-runner\_work\XPCO\XPCO\EventServer\AlarmPlugin\Components\Central\VideoOS.EventServer.AlarmPlugin.Admin.UnitTest\bin\Debug\net472\VideoOS.EventServer.AlarmPlugin.Admin.UnitTest.dll" adapterTypeName="executor://mstestadapter/v2" className="VideoOS.EventServer.AlarmPlugin.Admin.UnitTest.Admin.Options.AlarmsAndEventsViewModelTest" name="AlarmsAndEventsViewModel_IsLoading_WhenTaskIsIncomplete" />
    </UnitTest>
    <UnitTest name="AlarmDataSettingsUserControl_ThrowsUnauthorizedAccessException_WhenValidateContentWithoutWriteAccessGlobal" storage="d:\actions-runner\_work\xpco\xpco\eventserver\alarmplugin\components\central\videoos.eventserver.alarmplugin.admin.unittest\bin\debug\net472\videoos.eventserver.alarmplugin.admin.unittest.dll" id="c25a54f9-6357-e4b3-4529-e91b4c07433d">
      <Execution id="354c4b61-8b0e-4737-abd2-cfed02e1ef50" />
      <TestMethod codeBase="D:\actions-runner\_work\XPCO\XPCO\EventServer\AlarmPlugin\Components\Central\VideoOS.EventServer.AlarmPlugin.Admin.UnitTest\bin\Debug\net472\VideoOS.EventServer.AlarmPlugin.Admin.UnitTest.dll" adapterTypeName="executor://mstestadapter/v2" className="VideoOS.EventServer.AlarmPlugin.Admin.UnitTest.Admin.AlarmDataSettingsUserControlTests" name="AlarmDataSettingsUserControl_ThrowsUnauthorizedAccessException_WhenValidateContentWithoutWriteAccessGlobal" />
    </UnitTest>
    <UnitTest name="AlarmsAndEventsOptionsDialogPlugin_NotThrowsException_WhenGetConfigurationReportPropertiesForEventRetentionWithNonUniqueEventTypeAndEventGroupNames" storage="d:\actions-runner\_work\xpco\xpco\eventserver\alarmplugin\components\central\videoos.eventserver.alarmplugin.admin.unittest\bin\debug\net472\videoos.eventserver.alarmplugin.admin.unittest.dll" id="bc64b7e4-a721-3a53-9712-eb42a9557c57">
      <Execution id="a4dce78e-648b-47ef-a5f8-77e41b5d7696" />
      <TestMethod codeBase="D:\actions-runner\_work\XPCO\XPCO\EventServer\AlarmPlugin\Components\Central\VideoOS.EventServer.AlarmPlugin.Admin.UnitTest\bin\Debug\net472\VideoOS.EventServer.AlarmPlugin.Admin.UnitTest.dll" adapterTypeName="executor://mstestadapter/v2" className="VideoOS.EventServer.AlarmPlugin.Admin.UnitTest.Admin.Options.AlarmsAndEventsOptionsDialogPluginTests" name="AlarmsAndEventsOptionsDialogPlugin_NotThrowsException_WhenGetConfigurationReportPropertiesForEventRetentionWithNonUniqueEventTypeAndEventGroupNames" />
    </UnitTest>
    <UnitTest name="AlarmsAndEventsOptionsDialogPlugin_ReturnsConfigurationReportPropertiesForLogSettingsContainingLogSettings_WhenGeneralSettingsIsNotNull" storage="d:\actions-runner\_work\xpco\xpco\eventserver\alarmplugin\components\central\videoos.eventserver.alarmplugin.admin.unittest\bin\debug\net472\videoos.eventserver.alarmplugin.admin.unittest.dll" id="0b06c950-9cbd-d546-feef-d04c21762783">
      <Execution id="d34a7d2f-2201-44ba-9735-da37c03e39a2" />
      <TestMethod codeBase="D:\actions-runner\_work\XPCO\XPCO\EventServer\AlarmPlugin\Components\Central\VideoOS.EventServer.AlarmPlugin.Admin.UnitTest\bin\Debug\net472\VideoOS.EventServer.AlarmPlugin.Admin.UnitTest.dll" adapterTypeName="executor://mstestadapter/v2" className="VideoOS.EventServer.AlarmPlugin.Admin.UnitTest.Admin.Options.AlarmsAndEventsOptionsDialogPluginTests" name="AlarmsAndEventsOptionsDialogPlugin_ReturnsConfigurationReportPropertiesForLogSettingsContainingLogSettings_WhenGeneralSettingsIsNotNull" />
    </UnitTest>
    <UnitTest name="EventGroupViewModel_ContainsOneMoreElementInRetentionValues_WhenPreviouslyNonExistingValueHasBeenSet" storage="d:\actions-runner\_work\xpco\xpco\eventserver\alarmplugin\components\central\videoos.eventserver.alarmplugin.admin.unittest\bin\debug\net472\videoos.eventserver.alarmplugin.admin.unittest.dll" id="e7295e8b-a6c3-4da5-1f6e-81687e6b414b">
      <Execution id="c1d1000b-69ae-4096-b5e3-76087f1bdbd1" />
      <TestMethod codeBase="D:\actions-runner\_work\XPCO\XPCO\EventServer\AlarmPlugin\Components\Central\VideoOS.EventServer.AlarmPlugin.Admin.UnitTest\bin\Debug\net472\VideoOS.EventServer.AlarmPlugin.Admin.UnitTest.dll" adapterTypeName="executor://mstestadapter/v2" className="VideoOS.EventServer.AlarmPlugin.Admin.UnitTest.Admin.Options.EventGroupViewModelTests" name="EventGroupViewModel_ContainsOneMoreElementInRetentionValues_WhenPreviouslyNonExistingValueHasBeenSet" />
    </UnitTest>
    <UnitTest name="EventGroupViewModel_NotThrowsException_WhenEventRetentionsAreNull" storage="d:\actions-runner\_work\xpco\xpco\eventserver\alarmplugin\components\central\videoos.eventserver.alarmplugin.admin.unittest\bin\debug\net472\videoos.eventserver.alarmplugin.admin.unittest.dll" id="226901fa-85eb-1ee1-766b-f8c234130f81">
      <Execution id="b7d5fb11-0857-48dc-aeec-b50a13738919" />
      <TestMethod codeBase="D:\actions-runner\_work\XPCO\XPCO\EventServer\AlarmPlugin\Components\Central\VideoOS.EventServer.AlarmPlugin.Admin.UnitTest\bin\Debug\net472\VideoOS.EventServer.AlarmPlugin.Admin.UnitTest.dll" adapterTypeName="executor://mstestadapter/v2" className="VideoOS.EventServer.AlarmPlugin.Admin.UnitTest.Admin.Options.EventGroupViewModelTests" name="EventGroupViewModel_NotThrowsException_WhenEventRetentionsAreNull" />
    </UnitTest>
    <UnitTest name="AlarmsAndEventsViewModel_AppliesDefaultRetentionValues_WhenResetRetentionValues" storage="d:\actions-runner\_work\xpco\xpco\eventserver\alarmplugin\components\central\videoos.eventserver.alarmplugin.admin.unittest\bin\debug\net472\videoos.eventserver.alarmplugin.admin.unittest.dll" id="81ed2ef4-529d-2aa0-c455-58267e1d27d9">
      <Execution id="37132841-2ce4-476c-8462-45b3eeeb97e1" />
      <TestMethod codeBase="D:\actions-runner\_work\XPCO\XPCO\EventServer\AlarmPlugin\Components\Central\VideoOS.EventServer.AlarmPlugin.Admin.UnitTest\bin\Debug\net472\VideoOS.EventServer.AlarmPlugin.Admin.UnitTest.dll" adapterTypeName="executor://mstestadapter/v2" className="VideoOS.EventServer.AlarmPlugin.Admin.UnitTest.Admin.Options.AlarmsAndEventsViewModelTest" name="AlarmsAndEventsViewModel_AppliesDefaultRetentionValues_WhenResetRetentionValues" />
    </UnitTest>
    <UnitTest name="SoundSettingsUserControl_ThrowsUnauthorizedAccessException_WhenRemoveSoundWithoutWriteAccessGlobal" storage="d:\actions-runner\_work\xpco\xpco\eventserver\alarmplugin\components\central\videoos.eventserver.alarmplugin.admin.unittest\bin\debug\net472\videoos.eventserver.alarmplugin.admin.unittest.dll" id="f0ad5408-782e-4d72-a7a4-0d94ab4ce22b">
      <Execution id="ec4382a7-3dfb-4f8b-ad80-f8238eb089c6" />
      <TestMethod codeBase="D:\actions-runner\_work\XPCO\XPCO\EventServer\AlarmPlugin\Components\Central\VideoOS.EventServer.AlarmPlugin.Admin.UnitTest\bin\Debug\net472\VideoOS.EventServer.AlarmPlugin.Admin.UnitTest.dll" adapterTypeName="executor://mstestadapter/v2" className="VideoOS.EventServer.AlarmPlugin.Admin.UnitTest.Admin.SoundSettingsUserControlTests" name="SoundSettingsUserControl_ThrowsUnauthorizedAccessException_WhenRemoveSoundWithoutWriteAccessGlobal" />
    </UnitTest>
    <UnitTest name="AlarmsAndEventsOptionsDialogPlugin_ReturnsNullConfigurationReportPropertiesForLogSetting_WhenGeneralSettingsIsNull" storage="d:\actions-runner\_work\xpco\xpco\eventserver\alarmplugin\components\central\videoos.eventserver.alarmplugin.admin.unittest\bin\debug\net472\videoos.eventserver.alarmplugin.admin.unittest.dll" id="f53a846c-5679-f9ef-6f09-24bfbbe7fe91">
      <Execution id="ef4c04f6-5f41-4bcf-b232-08aa657be08d" />
      <TestMethod codeBase="D:\actions-runner\_work\XPCO\XPCO\EventServer\AlarmPlugin\Components\Central\VideoOS.EventServer.AlarmPlugin.Admin.UnitTest\bin\Debug\net472\VideoOS.EventServer.AlarmPlugin.Admin.UnitTest.dll" adapterTypeName="executor://mstestadapter/v2" className="VideoOS.EventServer.AlarmPlugin.Admin.UnitTest.Admin.Options.AlarmsAndEventsOptionsDialogPluginTests" name="AlarmsAndEventsOptionsDialogPlugin_ReturnsNullConfigurationReportPropertiesForLogSetting_WhenGeneralSettingsIsNull" />
    </UnitTest>
    <UnitTest name="AlarmsAndEventsOptionsDialogPlugin_ReturnsConfigurationReportPropertiesForEventRetentionContainingAllEventRetentions_WhenAllEventRetentiontionsAreSet" storage="d:\actions-runner\_work\xpco\xpco\eventserver\alarmplugin\components\central\videoos.eventserver.alarmplugin.admin.unittest\bin\debug\net472\videoos.eventserver.alarmplugin.admin.unittest.dll" id="b12c13a0-5f31-b27f-427e-c57e714805a2">
      <Execution id="31f5916a-4d29-4e43-bc9d-af7e46a27eb3" />
      <TestMethod codeBase="D:\actions-runner\_work\XPCO\XPCO\EventServer\AlarmPlugin\Components\Central\VideoOS.EventServer.AlarmPlugin.Admin.UnitTest\bin\Debug\net472\VideoOS.EventServer.AlarmPlugin.Admin.UnitTest.dll" adapterTypeName="executor://mstestadapter/v2" className="VideoOS.EventServer.AlarmPlugin.Admin.UnitTest.Admin.Options.AlarmsAndEventsOptionsDialogPluginTests" name="AlarmsAndEventsOptionsDialogPlugin_ReturnsConfigurationReportPropertiesForEventRetentionContainingAllEventRetentions_WhenAllEventRetentiontionsAreSet" />
    </UnitTest>
    <UnitTest name="AlarmsAndEventsOptionsDialogPlugin_ThrowsArgumentNullException_WhenConfigurationManagerIsNull" storage="d:\actions-runner\_work\xpco\xpco\eventserver\alarmplugin\components\central\videoos.eventserver.alarmplugin.admin.unittest\bin\debug\net472\videoos.eventserver.alarmplugin.admin.unittest.dll" id="7d3dc5ee-473e-cf0d-3422-f54c4dc6e71e">
      <Execution id="065c5e23-9029-4749-b901-5688410a58f3" />
      <TestMethod codeBase="D:\actions-runner\_work\XPCO\XPCO\EventServer\AlarmPlugin\Components\Central\VideoOS.EventServer.AlarmPlugin.Admin.UnitTest\bin\Debug\net472\VideoOS.EventServer.AlarmPlugin.Admin.UnitTest.dll" adapterTypeName="executor://mstestadapter/v2" className="VideoOS.EventServer.AlarmPlugin.Admin.UnitTest.Admin.Options.AlarmsAndEventsOptionsDialogPluginTests" name="AlarmsAndEventsOptionsDialogPlugin_ThrowsArgumentNullException_WhenConfigurationManagerIsNull" />
    </UnitTest>
    <UnitTest name="AlarmsAndEventsOptionsDialogPlugin_ReturnsNullConfigurationReportPropertiesForEventRetention_WhenEventGroupsAreNull" storage="d:\actions-runner\_work\xpco\xpco\eventserver\alarmplugin\components\central\videoos.eventserver.alarmplugin.admin.unittest\bin\debug\net472\videoos.eventserver.alarmplugin.admin.unittest.dll" id="5269931c-1ae1-b446-9c42-618e052d2d03">
      <Execution id="1852ba77-72f4-478d-a956-b692f7c99ca6" />
      <TestMethod codeBase="D:\actions-runner\_work\XPCO\XPCO\EventServer\AlarmPlugin\Components\Central\VideoOS.EventServer.AlarmPlugin.Admin.UnitTest\bin\Debug\net472\VideoOS.EventServer.AlarmPlugin.Admin.UnitTest.dll" adapterTypeName="executor://mstestadapter/v2" className="VideoOS.EventServer.AlarmPlugin.Admin.UnitTest.Admin.Options.AlarmsAndEventsOptionsDialogPluginTests" name="AlarmsAndEventsOptionsDialogPlugin_ReturnsNullConfigurationReportPropertiesForEventRetention_WhenEventGroupsAreNull" />
    </UnitTest>
    <UnitTest name="EventGroupViewModel_IsExpanded_WhenEventTypesAreEmptyAndHasBeenToggled (False,True)" storage="d:\actions-runner\_work\xpco\xpco\eventserver\alarmplugin\components\central\videoos.eventserver.alarmplugin.admin.unittest\bin\debug\net472\videoos.eventserver.alarmplugin.admin.unittest.dll" id="889532ba-2a9c-a1b7-6886-cfb5250c3dbd">
      <Execution id="756507cd-a67a-48c7-9ea1-89745067e1a0" />
      <TestMethod codeBase="D:\actions-runner\_work\XPCO\XPCO\EventServer\AlarmPlugin\Components\Central\VideoOS.EventServer.AlarmPlugin.Admin.UnitTest\bin\Debug\net472\VideoOS.EventServer.AlarmPlugin.Admin.UnitTest.dll" adapterTypeName="executor://mstestadapter/v2" className="VideoOS.EventServer.AlarmPlugin.Admin.UnitTest.Admin.Options.EventGroupViewModelTests" name="EventGroupViewModel_IsExpanded_WhenEventTypesAreEmptyAndHasBeenToggled" />
    </UnitTest>
    <UnitTest name="AlarmsAndEventsViewModel_ReturnsObjectEquivalentToInputParameter_WhenGetEventRetentions" storage="d:\actions-runner\_work\xpco\xpco\eventserver\alarmplugin\components\central\videoos.eventserver.alarmplugin.admin.unittest\bin\debug\net472\videoos.eventserver.alarmplugin.admin.unittest.dll" id="9b127709-bc2e-56fe-80a6-ddb607729c4d">
      <Execution id="e1f23276-3b79-4e11-9809-953942a88d70" />
      <TestMethod codeBase="D:\actions-runner\_work\XPCO\XPCO\EventServer\AlarmPlugin\Components\Central\VideoOS.EventServer.AlarmPlugin.Admin.UnitTest\bin\Debug\net472\VideoOS.EventServer.AlarmPlugin.Admin.UnitTest.dll" adapterTypeName="executor://mstestadapter/v2" className="VideoOS.EventServer.AlarmPlugin.Admin.UnitTest.Admin.Options.AlarmsAndEventsViewModelTest" name="AlarmsAndEventsViewModel_ReturnsObjectEquivalentToInputParameter_WhenGetEventRetentions" />
    </UnitTest>
    <UnitTest name="EventGroupViewModel_ThrowsArgumentNullException_WhenRetentionValuesAreNull" storage="d:\actions-runner\_work\xpco\xpco\eventserver\alarmplugin\components\central\videoos.eventserver.alarmplugin.admin.unittest\bin\debug\net472\videoos.eventserver.alarmplugin.admin.unittest.dll" id="39209d7a-cc5e-94a3-c44e-2932ac004089">
      <Execution id="cc3124e8-b7f8-4005-a6df-07893886125c" />
      <TestMethod codeBase="D:\actions-runner\_work\XPCO\XPCO\EventServer\AlarmPlugin\Components\Central\VideoOS.EventServer.AlarmPlugin.Admin.UnitTest\bin\Debug\net472\VideoOS.EventServer.AlarmPlugin.Admin.UnitTest.dll" adapterTypeName="executor://mstestadapter/v2" className="VideoOS.EventServer.AlarmPlugin.Admin.UnitTest.Admin.Options.EventGroupViewModelTests" name="EventGroupViewModel_ThrowsArgumentNullException_WhenRetentionValuesAreNull" />
    </UnitTest>
    <UnitTest name="EventGroupViewModel_ReturnsCurrentlySelectedRetention_WhenGetEventRetention" storage="d:\actions-runner\_work\xpco\xpco\eventserver\alarmplugin\components\central\videoos.eventserver.alarmplugin.admin.unittest\bin\debug\net472\videoos.eventserver.alarmplugin.admin.unittest.dll" id="03a79091-d479-ae57-5b69-8903b4b089b2">
      <Execution id="40f9a39c-d699-47d2-8423-b22398672ad1" />
      <TestMethod codeBase="D:\actions-runner\_work\XPCO\XPCO\EventServer\AlarmPlugin\Components\Central\VideoOS.EventServer.AlarmPlugin.Admin.UnitTest\bin\Debug\net472\VideoOS.EventServer.AlarmPlugin.Admin.UnitTest.dll" adapterTypeName="executor://mstestadapter/v2" className="VideoOS.EventServer.AlarmPlugin.Admin.UnitTest.Admin.Options.EventGroupViewModelTests" name="EventGroupViewModel_ReturnsCurrentlySelectedRetention_WhenGetEventRetention" />
    </UnitTest>
    <UnitTest name="EventTypeViewModel_NotThrows_WhenRetentionDaysIsMinusOne" storage="d:\actions-runner\_work\xpco\xpco\eventserver\alarmplugin\components\central\videoos.eventserver.alarmplugin.admin.unittest\bin\debug\net472\videoos.eventserver.alarmplugin.admin.unittest.dll" id="d03df60d-4055-b510-1083-ca07e9b41fd4">
      <Execution id="c4657b31-3019-41b8-9d64-fe4dc4fc85f8" />
      <TestMethod codeBase="D:\actions-runner\_work\XPCO\XPCO\EventServer\AlarmPlugin\Components\Central\VideoOS.EventServer.AlarmPlugin.Admin.UnitTest\bin\Debug\net472\VideoOS.EventServer.AlarmPlugin.Admin.UnitTest.dll" adapterTypeName="executor://mstestadapter/v2" className="VideoOS.EventServer.AlarmPlugin.Admin.UnitTest.Admin.Options.EventTypeViewModelTests" name="EventTypeViewModel_NotThrows_WhenRetentionDaysIsMinusOne" />
    </UnitTest>
    <UnitTest name="EventGroupViewModel_ThrowsArgumentNullException_WhenEventTypesAreNull" storage="d:\actions-runner\_work\xpco\xpco\eventserver\alarmplugin\components\central\videoos.eventserver.alarmplugin.admin.unittest\bin\debug\net472\videoos.eventserver.alarmplugin.admin.unittest.dll" id="1b0efad3-a9ed-d5bc-e358-ca5505e2a5f0">
      <Execution id="bf8b29d4-0053-46d9-a76e-7745e7368469" />
      <TestMethod codeBase="D:\actions-runner\_work\XPCO\XPCO\EventServer\AlarmPlugin\Components\Central\VideoOS.EventServer.AlarmPlugin.Admin.UnitTest\bin\Debug\net472\VideoOS.EventServer.AlarmPlugin.Admin.UnitTest.dll" adapterTypeName="executor://mstestadapter/v2" className="VideoOS.EventServer.AlarmPlugin.Admin.UnitTest.Admin.Options.EventGroupViewModelTests" name="EventGroupViewModel_ThrowsArgumentNullException_WhenEventTypesAreNull" />
    </UnitTest>
    <UnitTest name="AlarmsAndEventsOptionsDialogPlugin_ReturnsTrueAndShowsNotAllowedDialog_WhenSaveChangesWithChangesButUserIsNotAllowedToEdit" storage="d:\actions-runner\_work\xpco\xpco\eventserver\alarmplugin\components\central\videoos.eventserver.alarmplugin.admin.unittest\bin\debug\net472\videoos.eventserver.alarmplugin.admin.unittest.dll" id="4c19c481-c76f-a744-a3e1-cc63d83aba5a">
      <Execution id="9b341336-bdfb-4d0d-ac9b-e80b8730fbe3" />
      <TestMethod codeBase="D:\actions-runner\_work\XPCO\XPCO\EventServer\AlarmPlugin\Components\Central\VideoOS.EventServer.AlarmPlugin.Admin.UnitTest\bin\Debug\net472\VideoOS.EventServer.AlarmPlugin.Admin.UnitTest.dll" adapterTypeName="executor://mstestadapter/v2" className="VideoOS.EventServer.AlarmPlugin.Admin.UnitTest.Admin.Options.AlarmsAndEventsOptionsDialogPluginTests" name="AlarmsAndEventsOptionsDialogPlugin_ReturnsTrueAndShowsNotAllowedDialog_WhenSaveChangesWithChangesButUserIsNotAllowedToEdit" />
    </UnitTest>
    <UnitTest name="AlarmDefItemUserControl_HasEnableCheckBoxEqualToTrue_WhenUserHasDisabledAccessGlobal" storage="d:\actions-runner\_work\xpco\xpco\eventserver\alarmplugin\components\central\videoos.eventserver.alarmplugin.admin.unittest\bin\debug\net472\videoos.eventserver.alarmplugin.admin.unittest.dll" id="3b201806-0f6e-3741-889c-4a92a2ce88ad">
      <Execution id="562fc4c9-a058-436d-b6cd-43a30e98dc44" />
      <TestMethod codeBase="D:\actions-runner\_work\XPCO\XPCO\EventServer\AlarmPlugin\Components\Central\VideoOS.EventServer.AlarmPlugin.Admin.UnitTest\bin\Debug\net472\VideoOS.EventServer.AlarmPlugin.Admin.UnitTest.dll" adapterTypeName="executor://mstestadapter/v2" className="VideoOS.EventServer.AlarmPlugin.Admin.UnitTest.Admin.AlarmDefItemUserControlTests" name="AlarmDefItemUserControl_HasEnableCheckBoxEqualToTrue_WhenUserHasDisabledAccessGlobal" />
    </UnitTest>
    <UnitTest name="EventTypeViewModel_HasIsReadOnlyEqualToTrue_WhenEventRetentionIsReadOnly" storage="d:\actions-runner\_work\xpco\xpco\eventserver\alarmplugin\components\central\videoos.eventserver.alarmplugin.admin.unittest\bin\debug\net472\videoos.eventserver.alarmplugin.admin.unittest.dll" id="85b0ad5f-b0e8-2ae3-a5c8-e0e7f1a8ff9f">
      <Execution id="d06933cb-5a97-4739-bd89-ca41ffa20a24" />
      <TestMethod codeBase="D:\actions-runner\_work\XPCO\XPCO\EventServer\AlarmPlugin\Components\Central\VideoOS.EventServer.AlarmPlugin.Admin.UnitTest\bin\Debug\net472\VideoOS.EventServer.AlarmPlugin.Admin.UnitTest.dll" adapterTypeName="executor://mstestadapter/v2" className="VideoOS.EventServer.AlarmPlugin.Admin.UnitTest.Admin.Options.EventTypeViewModelTests" name="EventTypeViewModel_HasIsReadOnlyEqualToTrue_WhenEventRetentionIsReadOnly" />
    </UnitTest>
    <UnitTest name="EventTypeViewModel_ThrowsArgumentNullException_WhenEventTypeIsNull" storage="d:\actions-runner\_work\xpco\xpco\eventserver\alarmplugin\components\central\videoos.eventserver.alarmplugin.admin.unittest\bin\debug\net472\videoos.eventserver.alarmplugin.admin.unittest.dll" id="19873527-5803-b025-b607-d4e8b6deee72">
      <Execution id="23cd95f9-8e7c-4609-95e2-b5756422971b" />
      <TestMethod codeBase="D:\actions-runner\_work\XPCO\XPCO\EventServer\AlarmPlugin\Components\Central\VideoOS.EventServer.AlarmPlugin.Admin.UnitTest\bin\Debug\net472\VideoOS.EventServer.AlarmPlugin.Admin.UnitTest.dll" adapterTypeName="executor://mstestadapter/v2" className="VideoOS.EventServer.AlarmPlugin.Admin.UnitTest.Admin.Options.EventTypeViewModelTests" name="EventTypeViewModel_ThrowsArgumentNullException_WhenEventTypeIsNull" />
    </UnitTest>
    <UnitTest name="EventTypeViewModel_HasSelectedRetentionEqualToValueMinusOne_WhenEventRetentionIsNull" storage="d:\actions-runner\_work\xpco\xpco\eventserver\alarmplugin\components\central\videoos.eventserver.alarmplugin.admin.unittest\bin\debug\net472\videoos.eventserver.alarmplugin.admin.unittest.dll" id="6ef6e584-a7ad-3f17-cf51-3c16480c7e43">
      <Execution id="6732e60a-b31d-4a4a-a7bf-64e6b5084bca" />
      <TestMethod codeBase="D:\actions-runner\_work\XPCO\XPCO\EventServer\AlarmPlugin\Components\Central\VideoOS.EventServer.AlarmPlugin.Admin.UnitTest\bin\Debug\net472\VideoOS.EventServer.AlarmPlugin.Admin.UnitTest.dll" adapterTypeName="executor://mstestadapter/v2" className="VideoOS.EventServer.AlarmPlugin.Admin.UnitTest.Admin.Options.EventTypeViewModelTests" name="EventTypeViewModel_HasSelectedRetentionEqualToValueMinusOne_WhenEventRetentionIsNull" />
    </UnitTest>
    <UnitTest name="EventTypeOrderExtensions_OrdersEventTypeGroupsFirstByPredefinedThenByNameForMixedGroups_WhenPredefinedSortOrder" storage="d:\actions-runner\_work\xpco\xpco\eventserver\alarmplugin\components\central\videoos.eventserver.alarmplugin.admin.unittest\bin\debug\net472\videoos.eventserver.alarmplugin.admin.unittest.dll" id="c1018fe6-9ff7-9f9f-2975-df3022bc1d9d">
      <Execution id="d3216dc2-8122-47bc-8d90-dabcd8015343" />
      <TestMethod codeBase="D:\actions-runner\_work\XPCO\XPCO\EventServer\AlarmPlugin\Components\Central\VideoOS.EventServer.AlarmPlugin.Admin.UnitTest\bin\Debug\net472\VideoOS.EventServer.AlarmPlugin.Admin.UnitTest.dll" adapterTypeName="executor://mstestadapter/v2" className="VideoOS.EventServer.AlarmPlugin.Admin.UnitTest.Admin.Options.EventTypeOrderExtensionsTests" name="EventTypeOrderExtensions_OrdersEventTypeGroupsFirstByPredefinedThenByNameForMixedGroups_WhenPredefinedSortOrder" />
    </UnitTest>
    <UnitTest name="AlarmsAndEventsViewModel_IsNotLoading_WhenTasksAreCompleteAndNotNull" storage="d:\actions-runner\_work\xpco\xpco\eventserver\alarmplugin\components\central\videoos.eventserver.alarmplugin.admin.unittest\bin\debug\net472\videoos.eventserver.alarmplugin.admin.unittest.dll" id="935a00fb-3f5c-6175-7370-1e2583f4110b">
      <Execution id="12e2a0bb-9bf4-4116-8104-d067baadd9d9" />
      <TestMethod codeBase="D:\actions-runner\_work\XPCO\XPCO\EventServer\AlarmPlugin\Components\Central\VideoOS.EventServer.AlarmPlugin.Admin.UnitTest\bin\Debug\net472\VideoOS.EventServer.AlarmPlugin.Admin.UnitTest.dll" adapterTypeName="executor://mstestadapter/v2" className="VideoOS.EventServer.AlarmPlugin.Admin.UnitTest.Admin.Options.AlarmsAndEventsViewModelTest" name="AlarmsAndEventsViewModel_IsNotLoading_WhenTasksAreCompleteAndNotNull" />
    </UnitTest>
    <UnitTest name="AlarmDefItemManager_HasEmptyAlarmDefItems_WhenUserHasNoReadAccessGlobalOrUserHasNoWriteAccessGlobal" storage="d:\actions-runner\_work\xpco\xpco\eventserver\alarmplugin\components\central\videoos.eventserver.alarmplugin.admin.unittest\bin\debug\net472\videoos.eventserver.alarmplugin.admin.unittest.dll" id="2e37cd8f-3bc6-2f24-56b5-0468d61a5571">
      <Execution id="7fb76bc3-07ba-48fa-8358-f9fbc4ca5c8c" />
      <TestMethod codeBase="D:\actions-runner\_work\XPCO\XPCO\EventServer\AlarmPlugin\Components\Central\VideoOS.EventServer.AlarmPlugin.Admin.UnitTest\bin\Debug\net472\VideoOS.EventServer.AlarmPlugin.Admin.UnitTest.dll" adapterTypeName="executor://mstestadapter/v2" className="VideoOS.EventServer.AlarmPlugin.Admin.UnitTest.Admin.AlarmDefItemManagerTests" name="AlarmDefItemManager_HasEmptyAlarmDefItems_WhenUserHasNoReadAccessGlobalOrUserHasNoWriteAccessGlobal" />
    </UnitTest>
    <UnitTest name="EventTypeOrderExtensions_OrdersEventTypeGroupsInPredefinedOrderForBuiltInGroups_WhenPredefinedSortOrder" storage="d:\actions-runner\_work\xpco\xpco\eventserver\alarmplugin\components\central\videoos.eventserver.alarmplugin.admin.unittest\bin\debug\net472\videoos.eventserver.alarmplugin.admin.unittest.dll" id="6e1ea880-19b7-dce0-bcfe-901243108ade">
      <Execution id="1e26f196-ec71-4e07-a684-d5f7d8185dfc" />
      <TestMethod codeBase="D:\actions-runner\_work\XPCO\XPCO\EventServer\AlarmPlugin\Components\Central\VideoOS.EventServer.AlarmPlugin.Admin.UnitTest\bin\Debug\net472\VideoOS.EventServer.AlarmPlugin.Admin.UnitTest.dll" adapterTypeName="executor://mstestadapter/v2" className="VideoOS.EventServer.AlarmPlugin.Admin.UnitTest.Admin.Options.EventTypeOrderExtensionsTests" name="EventTypeOrderExtensions_OrdersEventTypeGroupsInPredefinedOrderForBuiltInGroups_WhenPredefinedSortOrder" />
    </UnitTest>
    <UnitTest name="AlarmsAndEventsOptionsDialogPlugin_ReturnsNull_WhenGetConfigurationReportPropertiesForAlarmSettingsAndGeneralSettingsIsNull" storage="d:\actions-runner\_work\xpco\xpco\eventserver\alarmplugin\components\central\videoos.eventserver.alarmplugin.admin.unittest\bin\debug\net472\videoos.eventserver.alarmplugin.admin.unittest.dll" id="8f54cfcc-6bab-bc3e-0c3c-a79b783a3304">
      <Execution id="a6d0bef5-419a-4433-a49e-57f366812801" />
      <TestMethod codeBase="D:\actions-runner\_work\XPCO\XPCO\EventServer\AlarmPlugin\Components\Central\VideoOS.EventServer.AlarmPlugin.Admin.UnitTest\bin\Debug\net472\VideoOS.EventServer.AlarmPlugin.Admin.UnitTest.dll" adapterTypeName="executor://mstestadapter/v2" className="VideoOS.EventServer.AlarmPlugin.Admin.UnitTest.Admin.Options.AlarmsAndEventsOptionsDialogPluginTests" name="AlarmsAndEventsOptionsDialogPlugin_ReturnsNull_WhenGetConfigurationReportPropertiesForAlarmSettingsAndGeneralSettingsIsNull" />
    </UnitTest>
    <UnitTest name="SoundSettingsItemManager_ReturnsTrue_WhenValidateAndSaveUserControlWithWriteAccessGlobal" storage="d:\actions-runner\_work\xpco\xpco\eventserver\alarmplugin\components\central\videoos.eventserver.alarmplugin.admin.unittest\bin\debug\net472\videoos.eventserver.alarmplugin.admin.unittest.dll" id="a752b09a-2266-9a15-6a84-7c190e591728">
      <Execution id="ea749ff0-684e-495d-a4d0-98ddc66fbe91" />
      <TestMethod codeBase="D:\actions-runner\_work\XPCO\XPCO\EventServer\AlarmPlugin\Components\Central\VideoOS.EventServer.AlarmPlugin.Admin.UnitTest\bin\Debug\net472\VideoOS.EventServer.AlarmPlugin.Admin.UnitTest.dll" adapterTypeName="executor://mstestadapter/v2" className="VideoOS.EventServer.AlarmPlugin.Admin.UnitTest.Admin.SoundSettingsItemManagerTests" name="SoundSettingsItemManager_ReturnsTrue_WhenValidateAndSaveUserControlWithWriteAccessGlobal" />
    </UnitTest>
    <UnitTest name="AddedRemovedUpdatedHelper_ReturnsAdded_WhenNotInServer" storage="d:\actions-runner\_work\xpco\xpco\eventserver\alarmplugin\components\central\videoos.eventserver.alarmplugin.admin.unittest\bin\debug\net472\videoos.eventserver.alarmplugin.admin.unittest.dll" id="77fdc9ab-29e9-12ee-ab7f-a3df3aea10fe">
      <Execution id="c70110a1-2dc0-43d0-a087-420150578b97" />
      <TestMethod codeBase="D:\actions-runner\_work\XPCO\XPCO\EventServer\AlarmPlugin\Components\Central\VideoOS.EventServer.AlarmPlugin.Admin.UnitTest\bin\Debug\net472\VideoOS.EventServer.AlarmPlugin.Admin.UnitTest.dll" adapterTypeName="executor://mstestadapter/v2" className="VideoOS.EventServer.AlarmPlugin.Admin.UnitTest.Admin.AddedRemovedOtherHelperTests" name="AddedRemovedUpdatedHelper_ReturnsAdded_WhenNotInServer" />
    </UnitTest>
    <UnitTest name="EventTypeViewModel_ThrowsArgumentNullException_WhenRetentionValuesAreNull" storage="d:\actions-runner\_work\xpco\xpco\eventserver\alarmplugin\components\central\videoos.eventserver.alarmplugin.admin.unittest\bin\debug\net472\videoos.eventserver.alarmplugin.admin.unittest.dll" id="39ecc4d3-233a-438d-94de-9f2ebffced0d">
      <Execution id="0acad3cd-f9e0-4e30-9084-45a975167cfc" />
      <TestMethod codeBase="D:\actions-runner\_work\XPCO\XPCO\EventServer\AlarmPlugin\Components\Central\VideoOS.EventServer.AlarmPlugin.Admin.UnitTest\bin\Debug\net472\VideoOS.EventServer.AlarmPlugin.Admin.UnitTest.dll" adapterTypeName="executor://mstestadapter/v2" className="VideoOS.EventServer.AlarmPlugin.Admin.UnitTest.Admin.Options.EventTypeViewModelTests" name="EventTypeViewModel_ThrowsArgumentNullException_WhenRetentionValuesAreNull" />
    </UnitTest>
    <UnitTest name="EventTypeViewModel_HasChangesEqualToTrue_WhenNewValueIsSet" storage="d:\actions-runner\_work\xpco\xpco\eventserver\alarmplugin\components\central\videoos.eventserver.alarmplugin.admin.unittest\bin\debug\net472\videoos.eventserver.alarmplugin.admin.unittest.dll" id="1bb89f6f-9fbe-04dd-9547-dbd39b825925">
      <Execution id="5204ec01-eafc-47db-a4bd-a64857833561" />
      <TestMethod codeBase="D:\actions-runner\_work\XPCO\XPCO\EventServer\AlarmPlugin\Components\Central\VideoOS.EventServer.AlarmPlugin.Admin.UnitTest\bin\Debug\net472\VideoOS.EventServer.AlarmPlugin.Admin.UnitTest.dll" adapterTypeName="executor://mstestadapter/v2" className="VideoOS.EventServer.AlarmPlugin.Admin.UnitTest.Admin.Options.EventTypeViewModelTests" name="EventTypeViewModel_HasChangesEqualToTrue_WhenNewValueIsSet" />
    </UnitTest>
    <UnitTest name="AlarmsAndEventsOptionsDialogPlugin_ReturnsTrue_WhenSaveChangesAndChangesAreSavedWithoutErrors" storage="d:\actions-runner\_work\xpco\xpco\eventserver\alarmplugin\components\central\videoos.eventserver.alarmplugin.admin.unittest\bin\debug\net472\videoos.eventserver.alarmplugin.admin.unittest.dll" id="5e1073f1-f156-719b-6c9f-77cc43c97e0d">
      <Execution id="27ddcc89-393b-4225-b31e-51228815a20f" />
      <TestMethod codeBase="D:\actions-runner\_work\XPCO\XPCO\EventServer\AlarmPlugin\Components\Central\VideoOS.EventServer.AlarmPlugin.Admin.UnitTest\bin\Debug\net472\VideoOS.EventServer.AlarmPlugin.Admin.UnitTest.dll" adapterTypeName="executor://mstestadapter/v2" className="VideoOS.EventServer.AlarmPlugin.Admin.UnitTest.Admin.Options.AlarmsAndEventsOptionsDialogPluginTests" name="AlarmsAndEventsOptionsDialogPlugin_ReturnsTrue_WhenSaveChangesAndChangesAreSavedWithoutErrors" />
    </UnitTest>
    <UnitTest name="AlarmsAndEventsViewModel_HasLoadErrorEqualToFalse_WhenTasksAreCompleteAndNotNull" storage="d:\actions-runner\_work\xpco\xpco\eventserver\alarmplugin\components\central\videoos.eventserver.alarmplugin.admin.unittest\bin\debug\net472\videoos.eventserver.alarmplugin.admin.unittest.dll" id="252c9755-4638-36c9-dab0-81ecd1106e30">
      <Execution id="da2a7e4b-2ba6-4817-af61-c6a180f70153" />
      <TestMethod codeBase="D:\actions-runner\_work\XPCO\XPCO\EventServer\AlarmPlugin\Components\Central\VideoOS.EventServer.AlarmPlugin.Admin.UnitTest\bin\Debug\net472\VideoOS.EventServer.AlarmPlugin.Admin.UnitTest.dll" adapterTypeName="executor://mstestadapter/v2" className="VideoOS.EventServer.AlarmPlugin.Admin.UnitTest.Admin.Options.AlarmsAndEventsViewModelTest" name="AlarmsAndEventsViewModel_HasLoadErrorEqualToFalse_WhenTasksAreCompleteAndNotNull" />
    </UnitTest>
    <UnitTest name="SoundSettingsUserControl_ThrowsUnauthorizedAccessException_WhenAddSoundWithoutWriteAccessGlobal" storage="d:\actions-runner\_work\xpco\xpco\eventserver\alarmplugin\components\central\videoos.eventserver.alarmplugin.admin.unittest\bin\debug\net472\videoos.eventserver.alarmplugin.admin.unittest.dll" id="df4e9d73-0bd2-a35b-cdc3-f0dccae63719">
      <Execution id="8f28a97a-5e8c-41cb-b921-9854382e252e" />
      <TestMethod codeBase="D:\actions-runner\_work\XPCO\XPCO\EventServer\AlarmPlugin\Components\Central\VideoOS.EventServer.AlarmPlugin.Admin.UnitTest\bin\Debug\net472\VideoOS.EventServer.AlarmPlugin.Admin.UnitTest.dll" adapterTypeName="executor://mstestadapter/v2" className="VideoOS.EventServer.AlarmPlugin.Admin.UnitTest.Admin.SoundSettingsUserControlTests" name="SoundSettingsUserControl_ThrowsUnauthorizedAccessException_WhenAddSoundWithoutWriteAccessGlobal" />
    </UnitTest>
    <UnitTest name="AlarmsAndEventsOptionsDialogPlugin_ReturnsTrue_WhenSaveChangesWithoutChanges" storage="d:\actions-runner\_work\xpco\xpco\eventserver\alarmplugin\components\central\videoos.eventserver.alarmplugin.admin.unittest\bin\debug\net472\videoos.eventserver.alarmplugin.admin.unittest.dll" id="f1cc9811-4ca5-651c-1429-2f048be27c36">
      <Execution id="5ba7fb87-b7ad-4f05-9ad4-a18da6840585" />
      <TestMethod codeBase="D:\actions-runner\_work\XPCO\XPCO\EventServer\AlarmPlugin\Components\Central\VideoOS.EventServer.AlarmPlugin.Admin.UnitTest\bin\Debug\net472\VideoOS.EventServer.AlarmPlugin.Admin.UnitTest.dll" adapterTypeName="executor://mstestadapter/v2" className="VideoOS.EventServer.AlarmPlugin.Admin.UnitTest.Admin.Options.AlarmsAndEventsOptionsDialogPluginTests" name="AlarmsAndEventsOptionsDialogPlugin_ReturnsTrue_WhenSaveChangesWithoutChanges" />
    </UnitTest>
    <UnitTest name="EventGroupViewModel_NotHasChanges_WhenValueDidNotChange" storage="d:\actions-runner\_work\xpco\xpco\eventserver\alarmplugin\components\central\videoos.eventserver.alarmplugin.admin.unittest\bin\debug\net472\videoos.eventserver.alarmplugin.admin.unittest.dll" id="ccee0ea2-523b-2e9d-a505-1f43f91af32a">
      <Execution id="f477e468-9d06-4027-b23b-82950c13fba5" />
      <TestMethod codeBase="D:\actions-runner\_work\XPCO\XPCO\EventServer\AlarmPlugin\Components\Central\VideoOS.EventServer.AlarmPlugin.Admin.UnitTest\bin\Debug\net472\VideoOS.EventServer.AlarmPlugin.Admin.UnitTest.dll" adapterTypeName="executor://mstestadapter/v2" className="VideoOS.EventServer.AlarmPlugin.Admin.UnitTest.Admin.Options.EventGroupViewModelTests" name="EventGroupViewModel_NotHasChanges_WhenValueDidNotChange" />
    </UnitTest>
    <UnitTest name="EventGroupViewModel_HasEventTypesOrderedUsingNaturalSorting_WhenByDefault" storage="d:\actions-runner\_work\xpco\xpco\eventserver\alarmplugin\components\central\videoos.eventserver.alarmplugin.admin.unittest\bin\debug\net472\videoos.eventserver.alarmplugin.admin.unittest.dll" id="4c4677b2-84b8-4c08-9166-0925873c7248">
      <Execution id="58b17957-5c6c-44ed-8ce8-ec14f40c0ab4" />
      <TestMethod codeBase="D:\actions-runner\_work\XPCO\XPCO\EventServer\AlarmPlugin\Components\Central\VideoOS.EventServer.AlarmPlugin.Admin.UnitTest\bin\Debug\net472\VideoOS.EventServer.AlarmPlugin.Admin.UnitTest.dll" adapterTypeName="executor://mstestadapter/v2" className="VideoOS.EventServer.AlarmPlugin.Admin.UnitTest.Admin.Options.EventGroupViewModelTests" name="EventGroupViewModel_HasEventTypesOrderedUsingNaturalSorting_WhenByDefault" />
    </UnitTest>
    <UnitTest name="EventGroupViewModel_RestrictsNewValueToShortMaxValue_WhenLargerNumberHasBeenEntered" storage="d:\actions-runner\_work\xpco\xpco\eventserver\alarmplugin\components\central\videoos.eventserver.alarmplugin.admin.unittest\bin\debug\net472\videoos.eventserver.alarmplugin.admin.unittest.dll" id="ac619e13-2eed-7937-76cb-9a5c57878a49">
      <Execution id="af40f2ca-88ad-4bce-94ae-465495e57845" />
      <TestMethod codeBase="D:\actions-runner\_work\XPCO\XPCO\EventServer\AlarmPlugin\Components\Central\VideoOS.EventServer.AlarmPlugin.Admin.UnitTest\bin\Debug\net472\VideoOS.EventServer.AlarmPlugin.Admin.UnitTest.dll" adapterTypeName="executor://mstestadapter/v2" className="VideoOS.EventServer.AlarmPlugin.Admin.UnitTest.Admin.Options.EventGroupViewModelTests" name="EventGroupViewModel_RestrictsNewValueToShortMaxValue_WhenLargerNumberHasBeenEntered" />
    </UnitTest>
    <UnitTest name="AlarmsAndEventsOptionsDialogPlugin_ReturnsConfigurationReportPropertiesForAlarmSettingsContainingAlarmSettings_WhenGeneralSettingsIsNotNull" storage="d:\actions-runner\_work\xpco\xpco\eventserver\alarmplugin\components\central\videoos.eventserver.alarmplugin.admin.unittest\bin\debug\net472\videoos.eventserver.alarmplugin.admin.unittest.dll" id="fe42d2c4-78d4-3309-1b07-1eb4478b0e1c">
      <Execution id="bd752463-bb96-4a83-b907-15bc9eff2fe7" />
      <TestMethod codeBase="D:\actions-runner\_work\XPCO\XPCO\EventServer\AlarmPlugin\Components\Central\VideoOS.EventServer.AlarmPlugin.Admin.UnitTest\bin\Debug\net472\VideoOS.EventServer.AlarmPlugin.Admin.UnitTest.dll" adapterTypeName="executor://mstestadapter/v2" className="VideoOS.EventServer.AlarmPlugin.Admin.UnitTest.Admin.Options.AlarmsAndEventsOptionsDialogPluginTests" name="AlarmsAndEventsOptionsDialogPlugin_ReturnsConfigurationReportPropertiesForAlarmSettingsContainingAlarmSettings_WhenGeneralSettingsIsNotNull" />
    </UnitTest>
    <UnitTest name="AlarmsAndEventsViewModel_UpdatesEventGroupsDefaultRetention_WhenSettingValueAtIndex0" storage="d:\actions-runner\_work\xpco\xpco\eventserver\alarmplugin\components\central\videoos.eventserver.alarmplugin.admin.unittest\bin\debug\net472\videoos.eventserver.alarmplugin.admin.unittest.dll" id="57a17993-0a5b-0d9d-f592-61bde7cc84bf">
      <Execution id="ec482774-10d7-4f91-aea0-7fce3e55df8f" />
      <TestMethod codeBase="D:\actions-runner\_work\XPCO\XPCO\EventServer\AlarmPlugin\Components\Central\VideoOS.EventServer.AlarmPlugin.Admin.UnitTest\bin\Debug\net472\VideoOS.EventServer.AlarmPlugin.Admin.UnitTest.dll" adapterTypeName="executor://mstestadapter/v2" className="VideoOS.EventServer.AlarmPlugin.Admin.UnitTest.Admin.Options.AlarmsAndEventsViewModelTest" name="AlarmsAndEventsViewModel_UpdatesEventGroupsDefaultRetention_WhenSettingValueAtIndex0" />
    </UnitTest>
    <UnitTest name="AlarmsAndEventsViewModel_IsNotLoading_WhenTaskIsComplete" storage="d:\actions-runner\_work\xpco\xpco\eventserver\alarmplugin\components\central\videoos.eventserver.alarmplugin.admin.unittest\bin\debug\net472\videoos.eventserver.alarmplugin.admin.unittest.dll" id="2fe2be31-3c08-e4c6-b886-7ac4cf088203">
      <Execution id="9987e928-85d7-445c-bad9-5936f676b1cb" />
      <TestMethod codeBase="D:\actions-runner\_work\XPCO\XPCO\EventServer\AlarmPlugin\Components\Central\VideoOS.EventServer.AlarmPlugin.Admin.UnitTest\bin\Debug\net472\VideoOS.EventServer.AlarmPlugin.Admin.UnitTest.dll" adapterTypeName="executor://mstestadapter/v2" className="VideoOS.EventServer.AlarmPlugin.Admin.UnitTest.Admin.Options.AlarmsAndEventsViewModelTest" name="AlarmsAndEventsViewModel_IsNotLoading_WhenTaskIsComplete" />
    </UnitTest>
    <UnitTest name="AlarmsAndEventsOptionsDialogPlugin_ReturnsConfigurationReportPropertiesWithoutReadOnlyOnes_WhenGetConfigurationReportPropertiesForEventRetention" storage="d:\actions-runner\_work\xpco\xpco\eventserver\alarmplugin\components\central\videoos.eventserver.alarmplugin.admin.unittest\bin\debug\net472\videoos.eventserver.alarmplugin.admin.unittest.dll" id="e0f65d1e-a4b9-9f8a-9ef6-cfe7503432e8">
      <Execution id="af34ebab-68f4-4552-85db-7794fe14e2ee" />
      <TestMethod codeBase="D:\actions-runner\_work\XPCO\XPCO\EventServer\AlarmPlugin\Components\Central\VideoOS.EventServer.AlarmPlugin.Admin.UnitTest\bin\Debug\net472\VideoOS.EventServer.AlarmPlugin.Admin.UnitTest.dll" adapterTypeName="executor://mstestadapter/v2" className="VideoOS.EventServer.AlarmPlugin.Admin.UnitTest.Admin.Options.AlarmsAndEventsOptionsDialogPluginTests" name="AlarmsAndEventsOptionsDialogPlugin_ReturnsConfigurationReportPropertiesWithoutReadOnlyOnes_WhenGetConfigurationReportPropertiesForEventRetention" />
    </UnitTest>
    <UnitTest name="EventTypeViewModel_HasChangesEqualToFalse_WhenByDefault" storage="d:\actions-runner\_work\xpco\xpco\eventserver\alarmplugin\components\central\videoos.eventserver.alarmplugin.admin.unittest\bin\debug\net472\videoos.eventserver.alarmplugin.admin.unittest.dll" id="69dc3628-a1cf-8c61-6a77-b1641f2b1a27">
      <Execution id="97c02a9e-7c1d-4246-b5a7-47dabfb256f4" />
      <TestMethod codeBase="D:\actions-runner\_work\XPCO\XPCO\EventServer\AlarmPlugin\Components\Central\VideoOS.EventServer.AlarmPlugin.Admin.UnitTest\bin\Debug\net472\VideoOS.EventServer.AlarmPlugin.Admin.UnitTest.dll" adapterTypeName="executor://mstestadapter/v2" className="VideoOS.EventServer.AlarmPlugin.Admin.UnitTest.Admin.Options.EventTypeViewModelTests" name="EventTypeViewModel_HasChangesEqualToFalse_WhenByDefault" />
    </UnitTest>
    <UnitTest name="EventTypeViewModel_HasIsReadOnlyEqualToFalse_WhenEventRetentionIsNotReadOnly" storage="d:\actions-runner\_work\xpco\xpco\eventserver\alarmplugin\components\central\videoos.eventserver.alarmplugin.admin.unittest\bin\debug\net472\videoos.eventserver.alarmplugin.admin.unittest.dll" id="dcf5fc6e-e17c-a14f-5d0d-86d582eace3e">
      <Execution id="2ba02b87-5edc-44ec-8470-1b85519f365b" />
      <TestMethod codeBase="D:\actions-runner\_work\XPCO\XPCO\EventServer\AlarmPlugin\Components\Central\VideoOS.EventServer.AlarmPlugin.Admin.UnitTest\bin\Debug\net472\VideoOS.EventServer.AlarmPlugin.Admin.UnitTest.dll" adapterTypeName="executor://mstestadapter/v2" className="VideoOS.EventServer.AlarmPlugin.Admin.UnitTest.Admin.Options.EventTypeViewModelTests" name="EventTypeViewModel_HasIsReadOnlyEqualToFalse_WhenEventRetentionIsNotReadOnly" />
    </UnitTest>
    <UnitTest name="EventTypeViewModel_HasIsReadOnlyEqualToFalse_WhenEventRetentionIsNull" storage="d:\actions-runner\_work\xpco\xpco\eventserver\alarmplugin\components\central\videoos.eventserver.alarmplugin.admin.unittest\bin\debug\net472\videoos.eventserver.alarmplugin.admin.unittest.dll" id="451aa4f5-77c8-8ca9-c6d5-b596c901fab3">
      <Execution id="ec770bde-6ad0-49d8-bea8-ca89958f9f85" />
      <TestMethod codeBase="D:\actions-runner\_work\XPCO\XPCO\EventServer\AlarmPlugin\Components\Central\VideoOS.EventServer.AlarmPlugin.Admin.UnitTest\bin\Debug\net472\VideoOS.EventServer.AlarmPlugin.Admin.UnitTest.dll" adapterTypeName="executor://mstestadapter/v2" className="VideoOS.EventServer.AlarmPlugin.Admin.UnitTest.Admin.Options.EventTypeViewModelTests" name="EventTypeViewModel_HasIsReadOnlyEqualToFalse_WhenEventRetentionIsNull" />
    </UnitTest>
    <UnitTest name="EventGroupViewModel_ThrowsArgumentNullException_WhenEventTypeGroupIsNull" storage="d:\actions-runner\_work\xpco\xpco\eventserver\alarmplugin\components\central\videoos.eventserver.alarmplugin.admin.unittest\bin\debug\net472\videoos.eventserver.alarmplugin.admin.unittest.dll" id="f97d43c0-ac2d-4b2d-27e7-c1f3e48e6fe4">
      <Execution id="d97b4ca4-66ad-40cc-a3c4-f7aeaf7f700e" />
      <TestMethod codeBase="D:\actions-runner\_work\XPCO\XPCO\EventServer\AlarmPlugin\Components\Central\VideoOS.EventServer.AlarmPlugin.Admin.UnitTest\bin\Debug\net472\VideoOS.EventServer.AlarmPlugin.Admin.UnitTest.dll" adapterTypeName="executor://mstestadapter/v2" className="VideoOS.EventServer.AlarmPlugin.Admin.UnitTest.Admin.Options.EventGroupViewModelTests" name="EventGroupViewModel_ThrowsArgumentNullException_WhenEventTypeGroupIsNull" />
    </UnitTest>
    <UnitTest name="AlarmsAndEventsOptionsDialogPlugin_ReturnsNullConfigurationReportPropertiesForEventRetention_WhenEventRetentionsAreNull" storage="d:\actions-runner\_work\xpco\xpco\eventserver\alarmplugin\components\central\videoos.eventserver.alarmplugin.admin.unittest\bin\debug\net472\videoos.eventserver.alarmplugin.admin.unittest.dll" id="f4b09a43-5c91-97ec-3844-a4230abfa598">
      <Execution id="d89d5e60-42fd-4c4b-843f-dc06b1715590" />
      <TestMethod codeBase="D:\actions-runner\_work\XPCO\XPCO\EventServer\AlarmPlugin\Components\Central\VideoOS.EventServer.AlarmPlugin.Admin.UnitTest\bin\Debug\net472\VideoOS.EventServer.AlarmPlugin.Admin.UnitTest.dll" adapterTypeName="executor://mstestadapter/v2" className="VideoOS.EventServer.AlarmPlugin.Admin.UnitTest.Admin.Options.AlarmsAndEventsOptionsDialogPluginTests" name="AlarmsAndEventsOptionsDialogPlugin_ReturnsNullConfigurationReportPropertiesForEventRetention_WhenEventRetentionsAreNull" />
    </UnitTest>
    <UnitTest name="ToStringList_ReturnsCorrectResult_OnData" storage="d:\actions-runner\_work\xpco\xpco\eventserver\alarmplugin\components\central\videoos.eventserver.alarmplugin.admin.unittest\bin\debug\net472\videoos.eventserver.alarmplugin.admin.unittest.dll" id="6d1933ae-b92e-3bae-c970-774e7b959cd3">
      <Execution id="c7c33c2f-2b48-438a-9363-8ecaf99fe00e" />
      <TestMethod codeBase="D:\actions-runner\_work\XPCO\XPCO\EventServer\AlarmPlugin\Components\Central\VideoOS.EventServer.AlarmPlugin.Admin.UnitTest\bin\Debug\net472\VideoOS.EventServer.AlarmPlugin.Admin.UnitTest.dll" adapterTypeName="executor://mstestadapter/v2" className="VideoOS.EventServer.AlarmPlugin.Admin.UnitTest.Util.IEnumerableExtensionsTests" name="ToStringList_ReturnsCorrectResult_OnData" />
    </UnitTest>
    <UnitTest name="EventTypeOrderExtensions_OrdersEventTypeGroupsUsingNaturalSortingForNonBuiltInGroups_WhenPredefinedSortOrder" storage="d:\actions-runner\_work\xpco\xpco\eventserver\alarmplugin\components\central\videoos.eventserver.alarmplugin.admin.unittest\bin\debug\net472\videoos.eventserver.alarmplugin.admin.unittest.dll" id="e58aa09e-9a01-baa6-fd21-f900c234b985">
      <Execution id="4c58d7e8-1337-4b8e-84ea-2d163cba7785" />
      <TestMethod codeBase="D:\actions-runner\_work\XPCO\XPCO\EventServer\AlarmPlugin\Components\Central\VideoOS.EventServer.AlarmPlugin.Admin.UnitTest\bin\Debug\net472\VideoOS.EventServer.AlarmPlugin.Admin.UnitTest.dll" adapterTypeName="executor://mstestadapter/v2" className="VideoOS.EventServer.AlarmPlugin.Admin.UnitTest.Admin.Options.EventTypeOrderExtensionsTests" name="EventTypeOrderExtensions_OrdersEventTypeGroupsUsingNaturalSortingForNonBuiltInGroups_WhenPredefinedSortOrder" />
    </UnitTest>
    <UnitTest name="AddedRemovedUpdatedHelper_ReturnsOther_WhenNotAddedOrRemoved" storage="d:\actions-runner\_work\xpco\xpco\eventserver\alarmplugin\components\central\videoos.eventserver.alarmplugin.admin.unittest\bin\debug\net472\videoos.eventserver.alarmplugin.admin.unittest.dll" id="c14ecbf6-789d-f26f-4a7f-bd04d008cc92">
      <Execution id="51739c64-729a-40e2-8c75-c8e55c1bf830" />
      <TestMethod codeBase="D:\actions-runner\_work\XPCO\XPCO\EventServer\AlarmPlugin\Components\Central\VideoOS.EventServer.AlarmPlugin.Admin.UnitTest\bin\Debug\net472\VideoOS.EventServer.AlarmPlugin.Admin.UnitTest.dll" adapterTypeName="executor://mstestadapter/v2" className="VideoOS.EventServer.AlarmPlugin.Admin.UnitTest.Admin.AddedRemovedOtherHelperTests" name="AddedRemovedUpdatedHelper_ReturnsOther_WhenNotAddedOrRemoved" />
    </UnitTest>
    <UnitTest name="AlarmsAndEventsOptionsDialogPlugin_ReturnsTrueAndShowsNotAllowedDialog_WhenSaveChangesWithChangesButUserDoesNotHaveAdminRights" storage="d:\actions-runner\_work\xpco\xpco\eventserver\alarmplugin\components\central\videoos.eventserver.alarmplugin.admin.unittest\bin\debug\net472\videoos.eventserver.alarmplugin.admin.unittest.dll" id="b2afae55-f082-c979-1e5f-faf0a79fc878">
      <Execution id="a0d6bb95-9f31-4a9f-89f7-eb77f59d9eab" />
      <TestMethod codeBase="D:\actions-runner\_work\XPCO\XPCO\EventServer\AlarmPlugin\Components\Central\VideoOS.EventServer.AlarmPlugin.Admin.UnitTest\bin\Debug\net472\VideoOS.EventServer.AlarmPlugin.Admin.UnitTest.dll" adapterTypeName="executor://mstestadapter/v2" className="VideoOS.EventServer.AlarmPlugin.Admin.UnitTest.Admin.Options.AlarmsAndEventsOptionsDialogPluginTests" name="AlarmsAndEventsOptionsDialogPlugin_ReturnsTrueAndShowsNotAllowedDialog_WhenSaveChangesWithChangesButUserDoesNotHaveAdminRights" />
    </UnitTest>
    <UnitTest name="AlarmsAndEventsOptionsDialogPlugin_ReturnFalse_WhenSaveChangesAndEventRetentionsCallFails" storage="d:\actions-runner\_work\xpco\xpco\eventserver\alarmplugin\components\central\videoos.eventserver.alarmplugin.admin.unittest\bin\debug\net472\videoos.eventserver.alarmplugin.admin.unittest.dll" id="742cc462-cb47-f8ec-767d-aee58dd90155">
      <Execution id="31a445d9-1c9c-49b6-8964-f9b0c14000f7" />
      <TestMethod codeBase="D:\actions-runner\_work\XPCO\XPCO\EventServer\AlarmPlugin\Components\Central\VideoOS.EventServer.AlarmPlugin.Admin.UnitTest\bin\Debug\net472\VideoOS.EventServer.AlarmPlugin.Admin.UnitTest.dll" adapterTypeName="executor://mstestadapter/v2" className="VideoOS.EventServer.AlarmPlugin.Admin.UnitTest.Admin.Options.AlarmsAndEventsOptionsDialogPluginTests" name="AlarmsAndEventsOptionsDialogPlugin_ReturnFalse_WhenSaveChangesAndEventRetentionsCallFails" />
    </UnitTest>
    <UnitTest name="AlarmsAndEventsViewModel_HasChanges_WhenResetRetentionValues" storage="d:\actions-runner\_work\xpco\xpco\eventserver\alarmplugin\components\central\videoos.eventserver.alarmplugin.admin.unittest\bin\debug\net472\videoos.eventserver.alarmplugin.admin.unittest.dll" id="e1f788f9-e00a-b368-872f-871bacb380be">
      <Execution id="98c1e39e-fe09-44a6-b7a0-76800b7ab358" />
      <TestMethod codeBase="D:\actions-runner\_work\XPCO\XPCO\EventServer\AlarmPlugin\Components\Central\VideoOS.EventServer.AlarmPlugin.Admin.UnitTest\bin\Debug\net472\VideoOS.EventServer.AlarmPlugin.Admin.UnitTest.dll" adapterTypeName="executor://mstestadapter/v2" className="VideoOS.EventServer.AlarmPlugin.Admin.UnitTest.Admin.Options.AlarmsAndEventsViewModelTest" name="AlarmsAndEventsViewModel_HasChanges_WhenResetRetentionValues" />
    </UnitTest>
    <UnitTest name="AlarmsAndEventsOptionsDialogPlugin_ReturnsFalse_WhenSaveChangesAndSetGeneralSettingsCallFails" storage="d:\actions-runner\_work\xpco\xpco\eventserver\alarmplugin\components\central\videoos.eventserver.alarmplugin.admin.unittest\bin\debug\net472\videoos.eventserver.alarmplugin.admin.unittest.dll" id="9dc15ba8-3da1-ef4e-0465-53503e1bcd31">
      <Execution id="f25e9c0f-2653-499a-9f56-fc43a091d826" />
      <TestMethod codeBase="D:\actions-runner\_work\XPCO\XPCO\EventServer\AlarmPlugin\Components\Central\VideoOS.EventServer.AlarmPlugin.Admin.UnitTest\bin\Debug\net472\VideoOS.EventServer.AlarmPlugin.Admin.UnitTest.dll" adapterTypeName="executor://mstestadapter/v2" className="VideoOS.EventServer.AlarmPlugin.Admin.UnitTest.Admin.Options.AlarmsAndEventsOptionsDialogPluginTests" name="AlarmsAndEventsOptionsDialogPlugin_ReturnsFalse_WhenSaveChangesAndSetGeneralSettingsCallFails" />
    </UnitTest>
  </TestDefinitions>
  <TestEntries>
    <TestEntry testId="ef11c8f2-d99c-1df9-268d-43a49b9ae3ca" executionId="f51ff9ba-a159-4f7a-8419-425b9146e83b" testListId="8c84fa94-04c1-424b-9868-57a2d4851a1d" />
    <TestEntry testId="252c9755-4638-36c9-dab0-81ecd1106e30" executionId="da2a7e4b-2ba6-4817-af61-c6a180f70153" testListId="8c84fa94-04c1-424b-9868-57a2d4851a1d" />
    <TestEntry testId="942ddf51-9994-ac87-5f80-39016b665ea0" executionId="4e5e01d8-d8ce-455c-8bf8-511054e6ce3a" testListId="8c84fa94-04c1-424b-9868-57a2d4851a1d" />
    <TestEntry testId="2fe2be31-3c08-e4c6-b886-7ac4cf088203" executionId="9987e928-85d7-445c-bad9-5936f676b1cb" testListId="8c84fa94-04c1-424b-9868-57a2d4851a1d" />
    <TestEntry testId="69dc3628-a1cf-8c61-6a77-b1641f2b1a27" executionId="97c02a9e-7c1d-4246-b5a7-47dabfb256f4" testListId="8c84fa94-04c1-424b-9868-57a2d4851a1d" />
    <TestEntry testId="4d929168-c253-c255-a5e2-44692162a75a" executionId="788da82b-892c-46fa-98d4-1af3b4e819f6" testListId="8c84fa94-04c1-424b-9868-57a2d4851a1d" />
    <TestEntry testId="a752b09a-2266-9a15-6a84-7c190e591728" executionId="ea749ff0-684e-495d-a4d0-98ddc66fbe91" testListId="8c84fa94-04c1-424b-9868-57a2d4851a1d" />
    <TestEntry testId="3b201806-0f6e-3741-889c-4a92a2ce88ad" executionId="562fc4c9-a058-436d-b6cd-43a30e98dc44" testListId="8c84fa94-04c1-424b-9868-57a2d4851a1d" />
    <TestEntry testId="d03df60d-4055-b510-1083-ca07e9b41fd4" executionId="c4657b31-3019-41b8-9d64-fe4dc4fc85f8" testListId="8c84fa94-04c1-424b-9868-57a2d4851a1d" />
    <TestEntry testId="f53a846c-5679-f9ef-6f09-24bfbbe7fe91" executionId="ef4c04f6-5f41-4bcf-b232-08aa657be08d" testListId="8c84fa94-04c1-424b-9868-57a2d4851a1d" />
    <TestEntry testId="3f33eab1-d8c7-28df-4a52-a9affb8a5a90" executionId="4b1d1c40-4988-4d31-8e84-486244a84655" testListId="8c84fa94-04c1-424b-9868-57a2d4851a1d" />
    <TestEntry testId="e1f788f9-e00a-b368-872f-871bacb380be" executionId="98c1e39e-fe09-44a6-b7a0-76800b7ab358" testListId="8c84fa94-04c1-424b-9868-57a2d4851a1d" />
    <TestEntry testId="7d3dc5ee-473e-cf0d-3422-f54c4dc6e71e" executionId="065c5e23-9029-4749-b901-5688410a58f3" testListId="8c84fa94-04c1-424b-9868-57a2d4851a1d" />
    <TestEntry testId="529f6781-dc80-8b31-9185-07fefabf4137" executionId="0278f20d-cf77-4d5c-9015-0a7abef073cc" testListId="8c84fa94-04c1-424b-9868-57a2d4851a1d" />
    <TestEntry testId="4c4677b2-84b8-4c08-9166-0925873c7248" executionId="58b17957-5c6c-44ed-8ce8-ec14f40c0ab4" testListId="8c84fa94-04c1-424b-9868-57a2d4851a1d" />
    <TestEntry testId="c25a54f9-6357-e4b3-4529-e91b4c07433d" executionId="354c4b61-8b0e-4737-abd2-cfed02e1ef50" testListId="8c84fa94-04c1-424b-9868-57a2d4851a1d" />
    <TestEntry testId="19873527-5803-b025-b607-d4e8b6deee72" executionId="23cd95f9-8e7c-4609-95e2-b5756422971b" testListId="8c84fa94-04c1-424b-9868-57a2d4851a1d" />
    <TestEntry testId="2e37cd8f-3bc6-2f24-56b5-0468d61a5571" executionId="7fb76bc3-07ba-48fa-8358-f9fbc4ca5c8c" testListId="8c84fa94-04c1-424b-9868-57a2d4851a1d" />
    <TestEntry testId="e1ac22a7-79ea-687e-b52c-4f6d47251fae" executionId="d0c55c4a-3108-4142-9e7e-c40b2237972f" testListId="8c84fa94-04c1-424b-9868-57a2d4851a1d" />
    <TestEntry testId="e58aa09e-9a01-baa6-fd21-f900c234b985" executionId="4c58d7e8-1337-4b8e-84ea-2d163cba7785" testListId="8c84fa94-04c1-424b-9868-57a2d4851a1d" />
    <TestEntry testId="57a17993-0a5b-0d9d-f592-61bde7cc84bf" executionId="ec482774-10d7-4f91-aea0-7fce3e55df8f" testListId="8c84fa94-04c1-424b-9868-57a2d4851a1d" />
    <TestEntry testId="39209d7a-cc5e-94a3-c44e-2932ac004089" executionId="cc3124e8-b7f8-4005-a6df-07893886125c" testListId="8c84fa94-04c1-424b-9868-57a2d4851a1d" />
    <TestEntry testId="c1018fe6-9ff7-9f9f-2975-df3022bc1d9d" executionId="d3216dc2-8122-47bc-8d90-dabcd8015343" testListId="8c84fa94-04c1-424b-9868-57a2d4851a1d" />
    <TestEntry testId="b14ce6d0-1f73-ba39-2f59-f3f202956215" executionId="1c8f8ac6-aef7-4659-a05f-55df3fbd63ec" testListId="8c84fa94-04c1-424b-9868-57a2d4851a1d" />
    <TestEntry testId="742cc462-cb47-f8ec-767d-aee58dd90155" executionId="31a445d9-1c9c-49b6-8964-f9b0c14000f7" testListId="8c84fa94-04c1-424b-9868-57a2d4851a1d" />
    <TestEntry testId="451aa4f5-77c8-8ca9-c6d5-b596c901fab3" executionId="ec770bde-6ad0-49d8-bea8-ca89958f9f85" testListId="8c84fa94-04c1-424b-9868-57a2d4851a1d" />
    <TestEntry testId="4c19c481-c76f-a744-a3e1-cc63d83aba5a" executionId="9b341336-bdfb-4d0d-ac9b-e80b8730fbe3" testListId="8c84fa94-04c1-424b-9868-57a2d4851a1d" />
    <TestEntry testId="bc64b7e4-a721-3a53-9712-eb42a9557c57" executionId="a4dce78e-648b-47ef-a5f8-77e41b5d7696" testListId="8c84fa94-04c1-424b-9868-57a2d4851a1d" />
    <TestEntry testId="db6cb18d-54d6-6340-783d-efb28448ea1e" executionId="65c00131-853e-460b-be7b-ce708b0fcf52" testListId="8c84fa94-04c1-424b-9868-57a2d4851a1d" />
    <TestEntry testId="af53e87e-e2dd-c03d-04cf-33cf3c5e757c" executionId="89f01ef1-2bb9-4827-a51b-d1609c24db4b" testListId="8c84fa94-04c1-424b-9868-57a2d4851a1d" />
    <TestEntry testId="df4e9d73-0bd2-a35b-cdc3-f0dccae63719" executionId="8f28a97a-5e8c-41cb-b921-9854382e252e" testListId="8c84fa94-04c1-424b-9868-57a2d4851a1d" />
    <TestEntry testId="dfff9ea8-9865-aebe-88b8-a63133983d30" executionId="9908aaa0-0927-420d-ad57-a6bdc8c70806" testListId="8c84fa94-04c1-424b-9868-57a2d4851a1d" />
    <TestEntry testId="4af2bc29-2734-ef6c-5497-594f8a1a81b6" executionId="6d0af8d0-848e-42c6-928c-dfb2fbab0cf4" testListId="8c84fa94-04c1-424b-9868-57a2d4851a1d" />
    <TestEntry testId="77fdc9ab-29e9-12ee-ab7f-a3df3aea10fe" executionId="c70110a1-2dc0-43d0-a087-420150578b97" testListId="8c84fa94-04c1-424b-9868-57a2d4851a1d" />
    <TestEntry testId="f0ad5408-782e-4d72-a7a4-0d94ab4ce22b" executionId="ec4382a7-3dfb-4f8b-ad80-f8238eb089c6" testListId="8c84fa94-04c1-424b-9868-57a2d4851a1d" />
    <TestEntry testId="9c0085b6-2212-0fcd-15ac-536422b8cabc" executionId="07f5d1d2-324d-4f93-8963-28bdd7d39356" testListId="8c84fa94-04c1-424b-9868-57a2d4851a1d" />
    <TestEntry testId="6ef6e584-a7ad-3f17-cf51-3c16480c7e43" executionId="6732e60a-b31d-4a4a-a7bf-64e6b5084bca" testListId="8c84fa94-04c1-424b-9868-57a2d4851a1d" />
    <TestEntry testId="ac619e13-2eed-7937-76cb-9a5c57878a49" executionId="af40f2ca-88ad-4bce-94ae-465495e57845" testListId="8c84fa94-04c1-424b-9868-57a2d4851a1d" />
    <TestEntry testId="938bfaa8-11dd-c0db-13fc-c9c61c9e6221" executionId="64946003-994d-4349-9f30-4e9f33013692" testListId="8c84fa94-04c1-424b-9868-57a2d4851a1d" />
    <TestEntry testId="dcf5fc6e-e17c-a14f-5d0d-86d582eace3e" executionId="2ba02b87-5edc-44ec-8470-1b85519f365b" testListId="8c84fa94-04c1-424b-9868-57a2d4851a1d" />
    <TestEntry testId="6e1ea880-19b7-dce0-bcfe-901243108ade" executionId="1e26f196-ec71-4e07-a684-d5f7d8185dfc" testListId="8c84fa94-04c1-424b-9868-57a2d4851a1d" />
    <TestEntry testId="03a79091-d479-ae57-5b69-8903b4b089b2" executionId="40f9a39c-d699-47d2-8423-b22398672ad1" testListId="8c84fa94-04c1-424b-9868-57a2d4851a1d" />
    <TestEntry testId="1bb89f6f-9fbe-04dd-9547-dbd39b825925" executionId="5204ec01-eafc-47db-a4bd-a64857833561" testListId="8c84fa94-04c1-424b-9868-57a2d4851a1d" />
    <TestEntry testId="39ecc4d3-233a-438d-94de-9f2ebffced0d" executionId="0acad3cd-f9e0-4e30-9084-45a975167cfc" testListId="8c84fa94-04c1-424b-9868-57a2d4851a1d" />
    <TestEntry testId="c14ecbf6-789d-f26f-4a7f-bd04d008cc92" executionId="51739c64-729a-40e2-8c75-c8e55c1bf830" testListId="8c84fa94-04c1-424b-9868-57a2d4851a1d" />
    <TestEntry testId="5269931c-1ae1-b446-9c42-618e052d2d03" executionId="1852ba77-72f4-478d-a956-b692f7c99ca6" testListId="8c84fa94-04c1-424b-9868-57a2d4851a1d" />
    <TestEntry testId="85b0ad5f-b0e8-2ae3-a5c8-e0e7f1a8ff9f" executionId="d06933cb-5a97-4739-bd89-ca41ffa20a24" testListId="8c84fa94-04c1-424b-9868-57a2d4851a1d" />
    <TestEntry testId="1b0efad3-a9ed-d5bc-e358-ca5505e2a5f0" executionId="bf8b29d4-0053-46d9-a76e-7745e7368469" testListId="8c84fa94-04c1-424b-9868-57a2d4851a1d" />
    <TestEntry testId="0b06c950-9cbd-d546-feef-d04c21762783" executionId="d34a7d2f-2201-44ba-9735-da37c03e39a2" testListId="8c84fa94-04c1-424b-9868-57a2d4851a1d" />
    <TestEntry testId="b2afae55-f082-c979-1e5f-faf0a79fc878" executionId="a0d6bb95-9f31-4a9f-89f7-eb77f59d9eab" testListId="8c84fa94-04c1-424b-9868-57a2d4851a1d" />
    <TestEntry testId="8a6e0d9c-6369-bec6-116b-0067f3ea2a8c" executionId="d5191551-e2f1-4a03-a6c2-5f75e8e4c0fc" testListId="8c84fa94-04c1-424b-9868-57a2d4851a1d" />
    <TestEntry testId="9b127709-bc2e-56fe-80a6-ddb607729c4d" executionId="e1f23276-3b79-4e11-9809-953942a88d70" testListId="8c84fa94-04c1-424b-9868-57a2d4851a1d" />
    <TestEntry testId="5e1073f1-f156-719b-6c9f-77cc43c97e0d" executionId="27ddcc89-393b-4225-b31e-51228815a20f" testListId="8c84fa94-04c1-424b-9868-57a2d4851a1d" />
    <TestEntry testId="e0f65d1e-a4b9-9f8a-9ef6-cfe7503432e8" executionId="af34ebab-68f4-4552-85db-7794fe14e2ee" testListId="8c84fa94-04c1-424b-9868-57a2d4851a1d" />
    <TestEntry testId="8f54cfcc-6bab-bc3e-0c3c-a79b783a3304" executionId="a6d0bef5-419a-4433-a49e-57f366812801" testListId="8c84fa94-04c1-424b-9868-57a2d4851a1d" />
    <TestEntry testId="3dbdd863-b06b-d42c-7528-a0c4e937420d" executionId="fa2f882c-269e-400c-889a-622500867a2b" testListId="8c84fa94-04c1-424b-9868-57a2d4851a1d" />
    <TestEntry testId="f41035db-5cf4-c360-4eac-4f5f4650f728" executionId="74fad932-8d63-41d3-a5cd-e0cd52194d42" testListId="8c84fa94-04c1-424b-9868-57a2d4851a1d" />
    <TestEntry testId="f4b09a43-5c91-97ec-3844-a4230abfa598" executionId="d89d5e60-42fd-4c4b-843f-dc06b1715590" testListId="8c84fa94-04c1-424b-9868-57a2d4851a1d" />
    <TestEntry testId="226901fa-85eb-1ee1-766b-f8c234130f81" executionId="b7d5fb11-0857-48dc-aeec-b50a13738919" testListId="8c84fa94-04c1-424b-9868-57a2d4851a1d" />
    <TestEntry testId="935a00fb-3f5c-6175-7370-1e2583f4110b" executionId="12e2a0bb-9bf4-4116-8104-d067baadd9d9" testListId="8c84fa94-04c1-424b-9868-57a2d4851a1d" />
    <TestEntry testId="6d1933ae-b92e-3bae-c970-774e7b959cd3" executionId="c7c33c2f-2b48-438a-9363-8ecaf99fe00e" testListId="8c84fa94-04c1-424b-9868-57a2d4851a1d" />
    <TestEntry testId="81ed2ef4-529d-2aa0-c455-58267e1d27d9" executionId="37132841-2ce4-476c-8462-45b3eeeb97e1" testListId="8c84fa94-04c1-424b-9868-57a2d4851a1d" />
    <TestEntry testId="02095ee7-85de-163c-11dc-a32453653cc4" executionId="f1ecf5cb-d4a0-460a-9d28-0f3bbe2bbe6a" testListId="8c84fa94-04c1-424b-9868-57a2d4851a1d" />
    <TestEntry testId="fe42d2c4-78d4-3309-1b07-1eb4478b0e1c" executionId="bd752463-bb96-4a83-b907-15bc9eff2fe7" testListId="8c84fa94-04c1-424b-9868-57a2d4851a1d" />
    <TestEntry testId="9dc15ba8-3da1-ef4e-0465-53503e1bcd31" executionId="f25e9c0f-2653-499a-9f56-fc43a091d826" testListId="8c84fa94-04c1-424b-9868-57a2d4851a1d" />
    <TestEntry testId="e7295e8b-a6c3-4da5-1f6e-81687e6b414b" executionId="c1d1000b-69ae-4096-b5e3-76087f1bdbd1" testListId="8c84fa94-04c1-424b-9868-57a2d4851a1d" />
    <TestEntry testId="f1cc9811-4ca5-651c-1429-2f048be27c36" executionId="5ba7fb87-b7ad-4f05-9ad4-a18da6840585" testListId="8c84fa94-04c1-424b-9868-57a2d4851a1d" />
    <TestEntry testId="b12c13a0-5f31-b27f-427e-c57e714805a2" executionId="31f5916a-4d29-4e43-bc9d-af7e46a27eb3" testListId="8c84fa94-04c1-424b-9868-57a2d4851a1d" />
    <TestEntry testId="ccee0ea2-523b-2e9d-a505-1f43f91af32a" executionId="f477e468-9d06-4027-b23b-82950c13fba5" testListId="8c84fa94-04c1-424b-9868-57a2d4851a1d" />
    <TestEntry testId="a193c55f-7b3f-242c-e10c-350513dfe792" executionId="96274aae-1250-4cbd-a220-b621eedcc9bf" testListId="8c84fa94-04c1-424b-9868-57a2d4851a1d" />
    <TestEntry testId="f97d43c0-ac2d-4b2d-27e7-c1f3e48e6fe4" executionId="d97b4ca4-66ad-40cc-a3c4-f7aeaf7f700e" testListId="8c84fa94-04c1-424b-9868-57a2d4851a1d" />
    <TestEntry testId="889532ba-2a9c-a1b7-6886-cfb5250c3dbd" executionId="756507cd-a67a-48c7-9ea1-89745067e1a0" testListId="8c84fa94-04c1-424b-9868-57a2d4851a1d" />
  </TestEntries>
  <TestLists>
    <TestList name="Results Not in a List" id="8c84fa94-04c1-424b-9868-57a2d4851a1d" />
    <TestList name="All Loaded Results" id="19431567-8539-422a-85d7-44ee4e166bda" />
  </TestLists>
  <ResultSummary outcome="Completed">
    <Counters total="72" executed="72" passed="72" failed="0" error="0" timeout="0" aborted="0" inconclusive="0" passedButRunAborted="0" notRunnable="0" notExecuted="0" disconnected="0" warning="0" completed="0" inProgress="0" pending="0" />
  </ResultSummary>
</TestRun>