<?xml version="1.0" encoding="utf-8"?>
<TestRun id="87554b37-ebcc-4104-88c6-bd1498d892de" name="DKSR-EFI-06$@DKSR-EFI-06 2024-01-09 15:41:37" runUser="NT AUTHORITY\NETWORK SERVICE" xmlns="http://microsoft.com/schemas/VisualStudio/TeamTest/2010">
  <Times creation="2024-01-09T15:41:37.2163684+01:00" queuing="2024-01-09T15:41:37.2163684+01:00" start="2024-01-09T15:41:36.0132361+01:00" finish="2024-01-09T15:41:37.2476213+01:00" />
  <TestSettings name="default" id="89804c6b-d4eb-47fc-9d87-6fe071a203d8">
    <Deployment runDeploymentRoot="DKSR-EFI-06$_DKSR-EFI-06_2024-01-09_15_41_37" />
  </TestSettings>
  <Results>
    <UnitTestResult executionId="c39ede0e-6a94-434a-85c7-a07ccbbedeeb" testId="10bfff8b-7347-0c65-15bb-12ea74260037" testName="TestForAssemblyCoverage" computerName="DKSR-EFI-06" duration="00:00:00.0228985" startTime="2024-01-09T15:41:36.8569887+01:00" endTime="2024-01-09T15:41:36.9663665+01:00" testType="13cdc9d9-ddb5-4fa4-a97d-d965ccfc6d4b" outcome="Passed" testListId="8c84fa94-04c1-424b-9868-57a2d4851a1d" relativeResultsDirectory="c39ede0e-6a94-434a-85c7-a07ccbbedeeb" />
  </Results>
  <TestDefinitions>
    <UnitTest name="TestForAssemblyCoverage" storage="d:\actions-runner\_work\xpco\xpco\corporate\recordingserver\recorderservice\tst\videoos.io.drivers.icparcusdriver.unittests\bin\x64\debug\net472\videoos.io.drivers.icparcusdriver.unittests.dll" id="10bfff8b-7347-0c65-15bb-12ea74260037">
      <Execution id="c39ede0e-6a94-434a-85c7-a07ccbbedeeb" />
      <TestMethod codeBase="D:\actions-runner\_work\XPCO\XPCO\Corporate\RecordingServer\RecorderService\tst\VideoOS.IO.Drivers.ICPArcusDriver.UnitTests\bin\x64\Debug\net472\VideoOS.IO.Drivers.ICPArcusDriver.UnitTests.dll" adapterTypeName="executor://mstestadapter/v2" className="VideoOS.IO.Drivers.ICPArcusDriver.UnitTests.UnitTest1" name="TestForAssemblyCoverage" />
    </UnitTest>
  </TestDefinitions>
  <TestEntries>
    <TestEntry testId="10bfff8b-7347-0c65-15bb-12ea74260037" executionId="c39ede0e-6a94-434a-85c7-a07ccbbedeeb" testListId="8c84fa94-04c1-424b-9868-57a2d4851a1d" />
  </TestEntries>
  <TestLists>
    <TestList name="Results Not in a List" id="8c84fa94-04c1-424b-9868-57a2d4851a1d" />
    <TestList name="All Loaded Results" id="19431567-8539-422a-85d7-44ee4e166bda" />
  </TestLists>
  <ResultSummary outcome="Completed">
    <Counters total="1" executed="1" passed="1" failed="0" error="0" timeout="0" aborted="0" inconclusive="0" passedButRunAborted="0" notRunnable="0" notExecuted="0" disconnected="0" warning="0" completed="0" inProgress="0" pending="0" />
  </ResultSummary>
</TestRun>