<?xml version="1.0" encoding="utf-8"?>
<TestRun id="1019976e-87c9-4a0b-a93b-1ad33caff633" name="DKSR-EFI-06$@DKSR-EFI-06 2024-01-09 15:40:51" runUser="NT AUTHORITY\NETWORK SERVICE" xmlns="http://microsoft.com/schemas/VisualStudio/TeamTest/2010">
  <Times creation="2024-01-09T15:40:51.3359129+01:00" queuing="2024-01-09T15:40:51.3359129+01:00" start="2024-01-09T15:40:46.9140189+01:00" finish="2024-01-09T15:40:51.9452908+01:00" />
  <TestSettings name="default" id="c7e2d380-ec26-4d41-9997-f04812c5b45f">
    <Deployment runDeploymentRoot="DKSR-EFI-06$_DKSR-EFI-06_2024-01-09_15_40_51" />
  </TestSettings>
  <Results>
    <UnitTestResult executionId="2000857a-0eac-454d-99b6-1c0f139cdaeb" testId="ec4f885b-8a33-bb64-ac3b-4c35496b6da2" testName="SoundIsNotDetected_When_EventIsRaised_And_ValueIsBelowThreshold" computerName="DKSR-EFI-06" duration="00:00:00.0059947" startTime="2024-01-09T15:40:51.3827887+01:00" endTime="2024-01-09T15:40:51.3984555+01:00" testType="13cdc9d9-ddb5-4fa4-a97d-d965ccfc6d4b" outcome="Passed" testListId="8c84fa94-04c1-424b-9868-57a2d4851a1d" relativeResultsDirectory="2000857a-0eac-454d-99b6-1c0f139cdaeb" />
    <UnitTestResult executionId="276d3992-cfc8-46c6-83c4-dcd5762b08f9" testId="82e727a5-8d3b-8add-e43f-d6fc737dc691" testName="WhenTheSpeakerIsNotPresentSpeakImageShouldNotBeVisible" computerName="DKSR-EFI-06" duration="00:00:00.0055510" startTime="2024-01-09T15:40:51.6172225+01:00" endTime="2024-01-09T15:40:51.6172225+01:00" testType="13cdc9d9-ddb5-4fa4-a97d-d965ccfc6d4b" outcome="Passed" testListId="8c84fa94-04c1-424b-9868-57a2d4851a1d" relativeResultsDirectory="276d3992-cfc8-46c6-83c4-dcd5762b08f9" />
    <UnitTestResult executionId="519892b9-7809-417a-9937-9e14de9420c3" testId="1687b825-fad1-8a26-1942-02ee3d40833d" testName="WhenTheLicenseIsNotValidPluginShouldNotBeLoaded (True)" computerName="DKSR-EFI-06" duration="00:00:00.1468563" startTime="2024-01-09T15:40:51.3984555+01:00" endTime="2024-01-09T15:40:51.6015392+01:00" testType="13cdc9d9-ddb5-4fa4-a97d-d965ccfc6d4b" outcome="Passed" testListId="8c84fa94-04c1-424b-9868-57a2d4851a1d" relativeResultsDirectory="519892b9-7809-417a-9937-9e14de9420c3" />
    <UnitTestResult executionId="fe41e915-473a-463b-844c-90413617e058" testId="7f35617c-a4c0-1a5c-97c9-8a0686040a69" testName="WhenViewModelIsInitializedOverlayShouldHaveCorrectSetup" computerName="DKSR-EFI-06" duration="00:00:00.0064353" startTime="2024-01-09T15:40:51.6015392+01:00" endTime="2024-01-09T15:40:51.6172225+01:00" testType="13cdc9d9-ddb5-4fa4-a97d-d965ccfc6d4b" outcome="Passed" testListId="8c84fa94-04c1-424b-9868-57a2d4851a1d" relativeResultsDirectory="fe41e915-473a-463b-844c-90413617e058" />
    <UnitTestResult executionId="c1803765-ad4d-464b-82a6-a6c76b651a96" testId="b95d9d9e-00f9-6712-5855-e78bce3dbf38" testName="TestConstructionErrorNoMicrophone" computerName="DKSR-EFI-06" duration="00:00:00.0067985" startTime="2024-01-09T15:40:51.3202888+01:00" endTime="2024-01-09T15:40:51.3359129+01:00" testType="13cdc9d9-ddb5-4fa4-a97d-d965ccfc6d4b" outcome="Passed" testListId="8c84fa94-04c1-424b-9868-57a2d4851a1d" relativeResultsDirectory="c1803765-ad4d-464b-82a6-a6c76b651a96" />
    <UnitTestResult executionId="1c5ad461-dcd7-448d-a368-bb1888a2305e" testId="9f8d898d-f447-b704-04a4-8aafec93e33c" testName="TestConstructionAudioPlayerConnectionException_LogsException" computerName="DKSR-EFI-06" duration="00:00:02.8491296" startTime="2024-01-09T15:40:48.2577770+01:00" endTime="2024-01-09T15:40:51.3046639+01:00" testType="13cdc9d9-ddb5-4fa4-a97d-d965ccfc6d4b" outcome="Passed" testListId="8c84fa94-04c1-424b-9868-57a2d4851a1d" relativeResultsDirectory="1c5ad461-dcd7-448d-a368-bb1888a2305e" />
    <UnitTestResult executionId="5a0d8bda-253b-4195-b204-ae404790d836" testId="e0973c59-27c8-e0a4-09e6-1a043b6ba9fa" testName="TestConstructionAudioPlayer_RemoveItem" computerName="DKSR-EFI-06" duration="00:00:00.0057292" startTime="2024-01-09T15:40:51.3515372+01:00" endTime="2024-01-09T15:40:51.3515372+01:00" testType="13cdc9d9-ddb5-4fa4-a97d-d965ccfc6d4b" outcome="Passed" testListId="8c84fa94-04c1-424b-9868-57a2d4851a1d" relativeResultsDirectory="5a0d8bda-253b-4195-b204-ae404790d836" />
    <UnitTestResult executionId="d6de0659-0e72-4f1d-9820-bc7a3bf57c96" testId="d4d8580b-e570-54a7-3220-5887434652e7" testName="TestConstructionErrorNoPermission" computerName="DKSR-EFI-06" duration="00:00:00.0077806" startTime="2024-01-09T15:40:51.3359129+01:00" endTime="2024-01-09T15:40:51.3359129+01:00" testType="13cdc9d9-ddb5-4fa4-a97d-d965ccfc6d4b" outcome="Passed" testListId="8c84fa94-04c1-424b-9868-57a2d4851a1d" relativeResultsDirectory="d6de0659-0e72-4f1d-9820-bc7a3bf57c96" />
    <UnitTestResult executionId="8ec02628-8991-4911-ad1c-4cd8a1b2b50b" testId="985a522a-e939-589b-853a-66c309e8bb9a" testName="SoundIndicator_IsReset_When_ConnectionIsLost" computerName="DKSR-EFI-06" duration="00:00:00.0078023" startTime="2024-01-09T15:40:51.3984555+01:00" endTime="2024-01-09T15:40:51.3984555+01:00" testType="13cdc9d9-ddb5-4fa4-a97d-d965ccfc6d4b" outcome="Passed" testListId="8c84fa94-04c1-424b-9868-57a2d4851a1d" relativeResultsDirectory="8ec02628-8991-4911-ad1c-4cd8a1b2b50b" />
    <UnitTestResult executionId="76d75486-6caa-45c8-baaf-1c9a5edc87f4" testId="ba0a2d2d-fc36-86ff-7ca4-68300dc51f05" testName="WhenTheLicenseIsNotValidPluginShouldNotBeLoaded (False)" computerName="DKSR-EFI-06" duration="00:00:00.0002547" startTime="2024-01-09T15:40:51.6015392+01:00" endTime="2024-01-09T15:40:51.6015392+01:00" testType="13cdc9d9-ddb5-4fa4-a97d-d965ccfc6d4b" outcome="Passed" testListId="8c84fa94-04c1-424b-9868-57a2d4851a1d" relativeResultsDirectory="76d75486-6caa-45c8-baaf-1c9a5edc87f4" />
    <UnitTestResult executionId="1f28dc27-b860-4da6-8d11-6690cf205924" testId="8dcb9b51-d927-a6b1-7602-87cf283dceb7" testName="SoundIsDetected_When_EventIsRaised_And_ValueIsAboveOrEqualToThreshold" computerName="DKSR-EFI-06" duration="00:00:00.0311376" startTime="2024-01-09T15:40:51.3515372+01:00" endTime="2024-01-09T15:40:51.3827887+01:00" testType="13cdc9d9-ddb5-4fa4-a97d-d965ccfc6d4b" outcome="Passed" testListId="8c84fa94-04c1-424b-9868-57a2d4851a1d" relativeResultsDirectory="1f28dc27-b860-4da6-8d11-6690cf205924" />
    <UnitTestResult executionId="362dd8c7-1a5f-422a-878d-1277d8254a8a" testId="ccc3acae-803a-129d-67b1-efe017d24113" testName="TestConstructionAudioPlayer_AddViewItem" computerName="DKSR-EFI-06" duration="00:00:00.0075551" startTime="2024-01-09T15:40:51.3359129+01:00" endTime="2024-01-09T15:40:51.3515372+01:00" testType="13cdc9d9-ddb5-4fa4-a97d-d965ccfc6d4b" outcome="Passed" testListId="8c84fa94-04c1-424b-9868-57a2d4851a1d" relativeResultsDirectory="362dd8c7-1a5f-422a-878d-1277d8254a8a" />
  </Results>
  <TestDefinitions>
    <UnitTest name="TestConstructionAudioPlayer_RemoveItem" storage="d:\actions-runner\_work\xpco\xpco\addons\plugins\multiroomaudio\tst\videoos.plugins.multiroomaudio.sc.unittests\bin\x64\debug\net472\videoos.plugins.multiroomaudio.sc.unittests.dll" id="e0973c59-27c8-e0a4-09e6-1a043b6ba9fa">
      <Execution id="5a0d8bda-253b-4195-b204-ae404790d836" />
      <TestMethod codeBase="D:\actions-runner\_work\XPCO\XPCO\AddOns\Plugins\MultiroomAudio\tst\VideoOS.Plugins.MultiroomAudio.SC.UnitTests\bin\x64\Debug\net472\VideoOS.Plugins.MultiroomAudio.SC.UnitTests.dll" adapterTypeName="executor://mstestadapter/v2" className="VideoOS.Plugins.MultiroomAudio.SC.UnitTests.AudioProviderTests" name="TestConstructionAudioPlayer_RemoveItem" />
    </UnitTest>
    <UnitTest name="TestConstructionAudioPlayer_AddViewItem" storage="d:\actions-runner\_work\xpco\xpco\addons\plugins\multiroomaudio\tst\videoos.plugins.multiroomaudio.sc.unittests\bin\x64\debug\net472\videoos.plugins.multiroomaudio.sc.unittests.dll" id="ccc3acae-803a-129d-67b1-efe017d24113">
      <Execution id="362dd8c7-1a5f-422a-878d-1277d8254a8a" />
      <TestMethod codeBase="D:\actions-runner\_work\XPCO\XPCO\AddOns\Plugins\MultiroomAudio\tst\VideoOS.Plugins.MultiroomAudio.SC.UnitTests\bin\x64\Debug\net472\VideoOS.Plugins.MultiroomAudio.SC.UnitTests.dll" adapterTypeName="executor://mstestadapter/v2" className="VideoOS.Plugins.MultiroomAudio.SC.UnitTests.AudioProviderTests" name="TestConstructionAudioPlayer_AddViewItem" />
    </UnitTest>
    <UnitTest name="WhenTheLicenseIsNotValidPluginShouldNotBeLoaded (True)" storage="d:\actions-runner\_work\xpco\xpco\addons\plugins\multiroomaudio\tst\videoos.plugins.multiroomaudio.sc.unittests\bin\x64\debug\net472\videoos.plugins.multiroomaudio.sc.unittests.dll" id="1687b825-fad1-8a26-1942-02ee3d40833d">
      <Execution id="519892b9-7809-417a-9937-9e14de9420c3" />
      <TestMethod codeBase="D:\actions-runner\_work\XPCO\XPCO\AddOns\Plugins\MultiroomAudio\tst\VideoOS.Plugins.MultiroomAudio.SC.UnitTests\bin\x64\Debug\net472\VideoOS.Plugins.MultiroomAudio.SC.UnitTests.dll" adapterTypeName="executor://mstestadapter/v2" className="VideoOS.Plugins.MultiroomAudio.SC.UnitTests.MultiroomAudioOverlayPluginTests" name="WhenTheLicenseIsNotValidPluginShouldNotBeLoaded" />
    </UnitTest>
    <UnitTest name="SoundIndicator_IsReset_When_ConnectionIsLost" storage="d:\actions-runner\_work\xpco\xpco\addons\plugins\multiroomaudio\tst\videoos.plugins.multiroomaudio.sc.unittests\bin\x64\debug\net472\videoos.plugins.multiroomaudio.sc.unittests.dll" id="985a522a-e939-589b-853a-66c309e8bb9a">
      <Execution id="8ec02628-8991-4911-ad1c-4cd8a1b2b50b" />
      <TestMethod codeBase="D:\actions-runner\_work\XPCO\XPCO\AddOns\Plugins\MultiroomAudio\tst\VideoOS.Plugins.MultiroomAudio.SC.UnitTests\bin\x64\Debug\net472\VideoOS.Plugins.MultiroomAudio.SC.UnitTests.dll" adapterTypeName="executor://mstestadapter/v2" className="VideoOS.Plugins.MultiroomAudio.SC.UnitTests.AudioProviderTests" name="SoundIndicator_IsReset_When_ConnectionIsLost" />
    </UnitTest>
    <UnitTest name="WhenTheSpeakerIsNotPresentSpeakImageShouldNotBeVisible" storage="d:\actions-runner\_work\xpco\xpco\addons\plugins\multiroomaudio\tst\videoos.plugins.multiroomaudio.sc.unittests\bin\x64\debug\net472\videoos.plugins.multiroomaudio.sc.unittests.dll" id="82e727a5-8d3b-8add-e43f-d6fc737dc691">
      <Execution id="276d3992-cfc8-46c6-83c4-dcd5762b08f9" />
      <TestMethod codeBase="D:\actions-runner\_work\XPCO\XPCO\AddOns\Plugins\MultiroomAudio\tst\VideoOS.Plugins.MultiroomAudio.SC.UnitTests\bin\x64\Debug\net472\VideoOS.Plugins.MultiroomAudio.SC.UnitTests.dll" adapterTypeName="executor://mstestadapter/v2" className="VideoOS.Plugins.MultiroomAudio.SC.UnitTests.MultiroomAudioViewModelTests" name="WhenTheSpeakerIsNotPresentSpeakImageShouldNotBeVisible" />
    </UnitTest>
    <UnitTest name="TestConstructionErrorNoMicrophone" storage="d:\actions-runner\_work\xpco\xpco\addons\plugins\multiroomaudio\tst\videoos.plugins.multiroomaudio.sc.unittests\bin\x64\debug\net472\videoos.plugins.multiroomaudio.sc.unittests.dll" id="b95d9d9e-00f9-6712-5855-e78bce3dbf38">
      <Execution id="c1803765-ad4d-464b-82a6-a6c76b651a96" />
      <TestMethod codeBase="D:\actions-runner\_work\XPCO\XPCO\AddOns\Plugins\MultiroomAudio\tst\VideoOS.Plugins.MultiroomAudio.SC.UnitTests\bin\x64\Debug\net472\VideoOS.Plugins.MultiroomAudio.SC.UnitTests.dll" adapterTypeName="executor://mstestadapter/v2" className="VideoOS.Plugins.MultiroomAudio.SC.UnitTests.AudioProviderTests" name="TestConstructionErrorNoMicrophone" />
    </UnitTest>
    <UnitTest name="TestConstructionErrorNoPermission" storage="d:\actions-runner\_work\xpco\xpco\addons\plugins\multiroomaudio\tst\videoos.plugins.multiroomaudio.sc.unittests\bin\x64\debug\net472\videoos.plugins.multiroomaudio.sc.unittests.dll" id="d4d8580b-e570-54a7-3220-5887434652e7">
      <Execution id="d6de0659-0e72-4f1d-9820-bc7a3bf57c96" />
      <TestMethod codeBase="D:\actions-runner\_work\XPCO\XPCO\AddOns\Plugins\MultiroomAudio\tst\VideoOS.Plugins.MultiroomAudio.SC.UnitTests\bin\x64\Debug\net472\VideoOS.Plugins.MultiroomAudio.SC.UnitTests.dll" adapterTypeName="executor://mstestadapter/v2" className="VideoOS.Plugins.MultiroomAudio.SC.UnitTests.AudioProviderTests" name="TestConstructionErrorNoPermission" />
    </UnitTest>
    <UnitTest name="SoundIsDetected_When_EventIsRaised_And_ValueIsAboveOrEqualToThreshold" storage="d:\actions-runner\_work\xpco\xpco\addons\plugins\multiroomaudio\tst\videoos.plugins.multiroomaudio.sc.unittests\bin\x64\debug\net472\videoos.plugins.multiroomaudio.sc.unittests.dll" id="8dcb9b51-d927-a6b1-7602-87cf283dceb7">
      <Execution id="1f28dc27-b860-4da6-8d11-6690cf205924" />
      <TestMethod codeBase="D:\actions-runner\_work\XPCO\XPCO\AddOns\Plugins\MultiroomAudio\tst\VideoOS.Plugins.MultiroomAudio.SC.UnitTests\bin\x64\Debug\net472\VideoOS.Plugins.MultiroomAudio.SC.UnitTests.dll" adapterTypeName="executor://mstestadapter/v2" className="VideoOS.Plugins.MultiroomAudio.SC.UnitTests.AudioProviderTests" name="SoundIsDetected_When_EventIsRaised_And_ValueIsAboveOrEqualToThreshold" />
    </UnitTest>
    <UnitTest name="WhenTheLicenseIsNotValidPluginShouldNotBeLoaded (False)" storage="d:\actions-runner\_work\xpco\xpco\addons\plugins\multiroomaudio\tst\videoos.plugins.multiroomaudio.sc.unittests\bin\x64\debug\net472\videoos.plugins.multiroomaudio.sc.unittests.dll" id="ba0a2d2d-fc36-86ff-7ca4-68300dc51f05">
      <Execution id="76d75486-6caa-45c8-baaf-1c9a5edc87f4" />
      <TestMethod codeBase="D:\actions-runner\_work\XPCO\XPCO\AddOns\Plugins\MultiroomAudio\tst\VideoOS.Plugins.MultiroomAudio.SC.UnitTests\bin\x64\Debug\net472\VideoOS.Plugins.MultiroomAudio.SC.UnitTests.dll" adapterTypeName="executor://mstestadapter/v2" className="VideoOS.Plugins.MultiroomAudio.SC.UnitTests.MultiroomAudioOverlayPluginTests" name="WhenTheLicenseIsNotValidPluginShouldNotBeLoaded" />
    </UnitTest>
    <UnitTest name="WhenViewModelIsInitializedOverlayShouldHaveCorrectSetup" storage="d:\actions-runner\_work\xpco\xpco\addons\plugins\multiroomaudio\tst\videoos.plugins.multiroomaudio.sc.unittests\bin\x64\debug\net472\videoos.plugins.multiroomaudio.sc.unittests.dll" id="7f35617c-a4c0-1a5c-97c9-8a0686040a69">
      <Execution id="fe41e915-473a-463b-844c-90413617e058" />
      <TestMethod codeBase="D:\actions-runner\_work\XPCO\XPCO\AddOns\Plugins\MultiroomAudio\tst\VideoOS.Plugins.MultiroomAudio.SC.UnitTests\bin\x64\Debug\net472\VideoOS.Plugins.MultiroomAudio.SC.UnitTests.dll" adapterTypeName="executor://mstestadapter/v2" className="VideoOS.Plugins.MultiroomAudio.SC.UnitTests.MultiroomAudioViewModelTests" name="WhenViewModelIsInitializedOverlayShouldHaveCorrectSetup" />
    </UnitTest>
    <UnitTest name="SoundIsNotDetected_When_EventIsRaised_And_ValueIsBelowThreshold" storage="d:\actions-runner\_work\xpco\xpco\addons\plugins\multiroomaudio\tst\videoos.plugins.multiroomaudio.sc.unittests\bin\x64\debug\net472\videoos.plugins.multiroomaudio.sc.unittests.dll" id="ec4f885b-8a33-bb64-ac3b-4c35496b6da2">
      <Execution id="2000857a-0eac-454d-99b6-1c0f139cdaeb" />
      <TestMethod codeBase="D:\actions-runner\_work\XPCO\XPCO\AddOns\Plugins\MultiroomAudio\tst\VideoOS.Plugins.MultiroomAudio.SC.UnitTests\bin\x64\Debug\net472\VideoOS.Plugins.MultiroomAudio.SC.UnitTests.dll" adapterTypeName="executor://mstestadapter/v2" className="VideoOS.Plugins.MultiroomAudio.SC.UnitTests.AudioProviderTests" name="SoundIsNotDetected_When_EventIsRaised_And_ValueIsBelowThreshold" />
    </UnitTest>
    <UnitTest name="TestConstructionAudioPlayerConnectionException_LogsException" storage="d:\actions-runner\_work\xpco\xpco\addons\plugins\multiroomaudio\tst\videoos.plugins.multiroomaudio.sc.unittests\bin\x64\debug\net472\videoos.plugins.multiroomaudio.sc.unittests.dll" id="9f8d898d-f447-b704-04a4-8aafec93e33c">
      <Execution id="1c5ad461-dcd7-448d-a368-bb1888a2305e" />
      <TestMethod codeBase="D:\actions-runner\_work\XPCO\XPCO\AddOns\Plugins\MultiroomAudio\tst\VideoOS.Plugins.MultiroomAudio.SC.UnitTests\bin\x64\Debug\net472\VideoOS.Plugins.MultiroomAudio.SC.UnitTests.dll" adapterTypeName="executor://mstestadapter/v2" className="VideoOS.Plugins.MultiroomAudio.SC.UnitTests.AudioProviderTests" name="TestConstructionAudioPlayerConnectionException_LogsException" />
    </UnitTest>
  </TestDefinitions>
  <TestEntries>
    <TestEntry testId="ec4f885b-8a33-bb64-ac3b-4c35496b6da2" executionId="2000857a-0eac-454d-99b6-1c0f139cdaeb" testListId="8c84fa94-04c1-424b-9868-57a2d4851a1d" />
    <TestEntry testId="82e727a5-8d3b-8add-e43f-d6fc737dc691" executionId="276d3992-cfc8-46c6-83c4-dcd5762b08f9" testListId="8c84fa94-04c1-424b-9868-57a2d4851a1d" />
    <TestEntry testId="1687b825-fad1-8a26-1942-02ee3d40833d" executionId="519892b9-7809-417a-9937-9e14de9420c3" testListId="8c84fa94-04c1-424b-9868-57a2d4851a1d" />
    <TestEntry testId="7f35617c-a4c0-1a5c-97c9-8a0686040a69" executionId="fe41e915-473a-463b-844c-90413617e058" testListId="8c84fa94-04c1-424b-9868-57a2d4851a1d" />
    <TestEntry testId="b95d9d9e-00f9-6712-5855-e78bce3dbf38" executionId="c1803765-ad4d-464b-82a6-a6c76b651a96" testListId="8c84fa94-04c1-424b-9868-57a2d4851a1d" />
    <TestEntry testId="9f8d898d-f447-b704-04a4-8aafec93e33c" executionId="1c5ad461-dcd7-448d-a368-bb1888a2305e" testListId="8c84fa94-04c1-424b-9868-57a2d4851a1d" />
    <TestEntry testId="e0973c59-27c8-e0a4-09e6-1a043b6ba9fa" executionId="5a0d8bda-253b-4195-b204-ae404790d836" testListId="8c84fa94-04c1-424b-9868-57a2d4851a1d" />
    <TestEntry testId="d4d8580b-e570-54a7-3220-5887434652e7" executionId="d6de0659-0e72-4f1d-9820-bc7a3bf57c96" testListId="8c84fa94-04c1-424b-9868-57a2d4851a1d" />
    <TestEntry testId="985a522a-e939-589b-853a-66c309e8bb9a" executionId="8ec02628-8991-4911-ad1c-4cd8a1b2b50b" testListId="8c84fa94-04c1-424b-9868-57a2d4851a1d" />
    <TestEntry testId="ba0a2d2d-fc36-86ff-7ca4-68300dc51f05" executionId="76d75486-6caa-45c8-baaf-1c9a5edc87f4" testListId="8c84fa94-04c1-424b-9868-57a2d4851a1d" />
    <TestEntry testId="8dcb9b51-d927-a6b1-7602-87cf283dceb7" executionId="1f28dc27-b860-4da6-8d11-6690cf205924" testListId="8c84fa94-04c1-424b-9868-57a2d4851a1d" />
    <TestEntry testId="ccc3acae-803a-129d-67b1-efe017d24113" executionId="362dd8c7-1a5f-422a-878d-1277d8254a8a" testListId="8c84fa94-04c1-424b-9868-57a2d4851a1d" />
  </TestEntries>
  <TestLists>
    <TestList name="Results Not in a List" id="8c84fa94-04c1-424b-9868-57a2d4851a1d" />
    <TestList name="All Loaded Results" id="19431567-8539-422a-85d7-44ee4e166bda" />
  </TestLists>
  <ResultSummary outcome="Completed">
    <Counters total="12" executed="12" passed="12" failed="0" error="0" timeout="0" aborted="0" inconclusive="0" passedButRunAborted="0" notRunnable="0" notExecuted="0" disconnected="0" warning="0" completed="0" inProgress="0" pending="0" />
  </ResultSummary>
</TestRun>