<?xml version="1.0" encoding="utf-8"?>
<TestRun id="268e1021-a624-4096-bc44-ef29ab7350c6" name="DKSR-EFI-06$@DKSR-EFI-06 2024-01-09 15:40:47" runUser="NT AUTHORITY\NETWORK SERVICE" xmlns="http://microsoft.com/schemas/VisualStudio/TeamTest/2010">
  <Times creation="2024-01-09T15:40:47.6171487+01:00" queuing="2024-01-09T15:40:47.6171487+01:00" start="2024-01-09T15:40:45.1015110+01:00" finish="2024-01-09T15:40:48.1171512+01:00" />
  <TestSettings name="default" id="552631cc-6978-462c-b677-7deb4266950c">
    <Deployment runDeploymentRoot="DKSR-EFI-06$_DKSR-EFI-06_2024-01-09_15_40_47" />
  </TestSettings>
  <Results>
    <UnitTestResult executionId="a1414f8f-9567-48b1-842d-dc56a87ba617" testId="5be17ff4-949c-4bef-16ea-c92acdefc0f0" testName="WhenDeviceIsExpiredThePropertyIsExpiredShouldReturnTrue (False,True)" computerName="DKSR-EFI-06" duration="00:00:00.0000097" startTime="2024-01-09T15:40:47.1796462+01:00" endTime="2024-01-09T15:40:47.1796462+01:00" testType="13cdc9d9-ddb5-4fa4-a97d-d965ccfc6d4b" outcome="Passed" testListId="8c84fa94-04c1-424b-9868-57a2d4851a1d" relativeResultsDirectory="a1414f8f-9567-48b1-842d-dc56a87ba617" />
    <UnitTestResult executionId="71be104a-dd7d-4e94-8483-316a22abab31" testId="88c80781-4c92-1345-8f59-a9e5417d9bff" testName="WhenCheckPermissionThrowsAnExceptionIsAllowedToShouldReturnFalse (System.Exception)" computerName="DKSR-EFI-06" duration="00:00:00.0008198" startTime="2024-01-09T15:40:47.7734004+01:00" endTime="2024-01-09T15:40:47.7734004+01:00" testType="13cdc9d9-ddb5-4fa4-a97d-d965ccfc6d4b" outcome="Passed" testListId="8c84fa94-04c1-424b-9868-57a2d4851a1d" relativeResultsDirectory="71be104a-dd7d-4e94-8483-316a22abab31" />
    <UnitTestResult executionId="3de78c9c-00dd-4f77-981a-d152e912c7ea" testId="8351ae75-973e-6935-1028-594fefe7d0a7" testName="IsLicensedShouldReturnFalseWhenThePluginIsNotLicensed" computerName="DKSR-EFI-06" duration="00:00:00.0257388" startTime="2024-01-09T15:40:47.5546455+01:00" endTime="2024-01-09T15:40:47.5702730+01:00" testType="13cdc9d9-ddb5-4fa4-a97d-d965ccfc6d4b" outcome="Passed" testListId="8c84fa94-04c1-424b-9868-57a2d4851a1d" relativeResultsDirectory="3de78c9c-00dd-4f77-981a-d152e912c7ea" />
    <UnitTestResult executionId="e525ea8b-59ae-498c-93fe-100fef3644f8" testId="ee2b3b23-a84c-263c-0e87-dbb7f1daaa5e" testName="WhenHasPermissionIsAllowedToShouldReturnTrue" computerName="DKSR-EFI-06" duration="00:00:00.0003234" startTime="2024-01-09T15:40:47.7734004+01:00" endTime="2024-01-09T15:40:47.7734004+01:00" testType="13cdc9d9-ddb5-4fa4-a97d-d965ccfc6d4b" outcome="Passed" testListId="8c84fa94-04c1-424b-9868-57a2d4851a1d" relativeResultsDirectory="e525ea8b-59ae-498c-93fe-100fef3644f8" />
    <UnitTestResult executionId="10a8018e-9e96-4f3e-96de-6e122c4b1089" testId="96a35fe2-677c-6e7c-a9c7-d695bbe5057e" testName="MaximumDevicesShouldReturnTheLicenseInformationCount" computerName="DKSR-EFI-06" duration="00:00:00.0016537" startTime="2024-01-09T15:40:47.6171487+01:00" endTime="2024-01-09T15:40:47.6171487+01:00" testType="13cdc9d9-ddb5-4fa4-a97d-d965ccfc6d4b" outcome="Passed" testListId="8c84fa94-04c1-424b-9868-57a2d4851a1d" relativeResultsDirectory="10a8018e-9e96-4f3e-96de-6e122c4b1089" />
    <UnitTestResult executionId="23cf5fd6-8508-4e9d-bb18-e270d1e4040a" testId="0813215c-0ed8-c4d6-056b-6720e5b55bae" testName="WhenIsAnyDeviceLicensedItsCalledItShouldReturnFalseWhenNoDevicesAreLicensed" computerName="DKSR-EFI-06" duration="00:00:00.0012602" startTime="2024-01-09T15:40:47.6171487+01:00" endTime="2024-01-09T15:40:47.6171487+01:00" testType="13cdc9d9-ddb5-4fa4-a97d-d965ccfc6d4b" outcome="Passed" testListId="8c84fa94-04c1-424b-9868-57a2d4851a1d" relativeResultsDirectory="23cf5fd6-8508-4e9d-bb18-e270d1e4040a" />
    <UnitTestResult executionId="7ea0fad2-c6de-40ba-854b-8b7ccae36831" testId="07942f7c-9d48-f763-2de5-124a8bb62de6" testName="WhenCheckPermissionThrowsAnExceptionIsAllowedToReadShouldReturnFalse (System.Exception)" computerName="DKSR-EFI-06" duration="00:00:00.0010719" startTime="2024-01-09T15:40:47.7265232+01:00" endTime="2024-01-09T15:40:47.7577729+01:00" testType="13cdc9d9-ddb5-4fa4-a97d-d965ccfc6d4b" outcome="Passed" testListId="8c84fa94-04c1-424b-9868-57a2d4851a1d" relativeResultsDirectory="7ea0fad2-c6de-40ba-854b-8b7ccae36831" />
    <UnitTestResult executionId="5007368b-2a45-4ef3-be97-a4b4b6aa0bc2" testId="07942f7c-9d48-f763-2de5-124a8bb62de6" testName="WhenCheckPermissionThrowsAnExceptionIsAllowedToReadShouldReturnFalse (VideoOS.Platform.NotAuthorizedMIPException)" computerName="DKSR-EFI-06" duration="00:00:00.0292788" startTime="2024-01-09T15:40:47.7265232+01:00" endTime="2024-01-09T15:40:47.7577729+01:00" testType="13cdc9d9-ddb5-4fa4-a97d-d965ccfc6d4b" outcome="Passed" testListId="8c84fa94-04c1-424b-9868-57a2d4851a1d" relativeResultsDirectory="5007368b-2a45-4ef3-be97-a4b4b6aa0bc2" />
    <UnitTestResult executionId="71bc3aaa-5c7f-47de-a2d0-3f729a8acc16" testId="2569e329-42c7-4a99-8793-3b65f3aa3095" testName="WhenTheLicenseIsExpiredItShouldBeReflectedInProperties" computerName="DKSR-EFI-06" duration="00:00:00.0023160" startTime="2024-01-09T15:40:47.6171487+01:00" endTime="2024-01-09T15:40:47.6171487+01:00" testType="13cdc9d9-ddb5-4fa4-a97d-d965ccfc6d4b" outcome="Passed" testListId="8c84fa94-04c1-424b-9868-57a2d4851a1d" relativeResultsDirectory="71bc3aaa-5c7f-47de-a2d0-3f729a8acc16" />
    <UnitTestResult executionId="7f796f2e-81f8-474c-89f6-19deb615c0ed" testId="c4d805dd-75e7-b832-3210-606d8adc0641" testName="Test" computerName="DKSR-EFI-06" duration="00:00:00.0001821" startTime="2024-01-09T15:40:47.6171487+01:00" endTime="2024-01-09T15:40:47.6171487+01:00" testType="13cdc9d9-ddb5-4fa4-a97d-d965ccfc6d4b" outcome="Passed" testListId="8c84fa94-04c1-424b-9868-57a2d4851a1d" relativeResultsDirectory="7f796f2e-81f8-474c-89f6-19deb615c0ed" />
    <UnitTestResult executionId="6e1e8e10-2c4b-4355-90de-a1a18ee31e09" testId="4156d917-8ec9-0b45-0f42-420a8dde3c6a" testName="WhenDeviceIsExpiredThePropertyIsExpiredShouldReturnTrue (True,False)" computerName="DKSR-EFI-06" duration="00:00:00.0000067" startTime="2024-01-09T15:40:47.1796462+01:00" endTime="2024-01-09T15:40:47.1796462+01:00" testType="13cdc9d9-ddb5-4fa4-a97d-d965ccfc6d4b" outcome="Passed" testListId="8c84fa94-04c1-424b-9868-57a2d4851a1d" relativeResultsDirectory="6e1e8e10-2c4b-4355-90de-a1a18ee31e09" />
    <UnitTestResult executionId="a8ab35d4-3777-4d88-96b6-5635d32715e8" testId="d3ed3bd9-43ec-0794-db23-07046e301e0f" testName="GetLicensedDevicesShouldNotReturnDevicesIfTheLicenseHasExpired" computerName="DKSR-EFI-06" duration="00:00:00.0036203" startTime="2024-01-09T15:40:47.6015242+01:00" endTime="2024-01-09T15:40:47.6171487+01:00" testType="13cdc9d9-ddb5-4fa4-a97d-d965ccfc6d4b" outcome="Passed" testListId="8c84fa94-04c1-424b-9868-57a2d4851a1d" relativeResultsDirectory="a8ab35d4-3777-4d88-96b6-5635d32715e8" />
    <UnitTestResult executionId="e07e2bcc-480f-4ca4-aaf5-497870118290" testId="5e46fad1-7309-5969-9e62-937a7a057999" testName="WhenDeviceIsExpiredThePropertyIsExpiredShouldReturnTrue (True,True)" computerName="DKSR-EFI-06" duration="00:00:00.0237339" startTime="2024-01-09T15:40:46.9608962+01:00" endTime="2024-01-09T15:40:47.1640224+01:00" testType="13cdc9d9-ddb5-4fa4-a97d-d965ccfc6d4b" outcome="Passed" testListId="8c84fa94-04c1-424b-9868-57a2d4851a1d" relativeResultsDirectory="e07e2bcc-480f-4ca4-aaf5-497870118290" />
    <UnitTestResult executionId="28de30e3-0b74-4551-9c7a-4afea4db268c" testId="1015c5be-608d-a11b-39d0-a62268182b43" testName="IsLicensedShouldReturnTrueWhenTheLicenseIsValid" computerName="DKSR-EFI-06" duration="00:00:00.3591992" startTime="2024-01-09T15:40:47.1796462+01:00" endTime="2024-01-09T15:40:47.5390241+01:00" testType="13cdc9d9-ddb5-4fa4-a97d-d965ccfc6d4b" outcome="Passed" testListId="8c84fa94-04c1-424b-9868-57a2d4851a1d" relativeResultsDirectory="28de30e3-0b74-4551-9c7a-4afea4db268c" />
    <UnitTestResult executionId="0070eba7-f135-4e10-8821-f8ac88714739" testId="88c80781-4c92-1345-8f59-a9e5417d9bff" testName="WhenCheckPermissionThrowsAnExceptionIsAllowedToShouldReturnFalse (VideoOS.Platform.NotAuthorizedMIPException)" computerName="DKSR-EFI-06" duration="00:00:00.0054937" startTime="2024-01-09T15:40:47.7734004+01:00" endTime="2024-01-09T15:40:47.7734004+01:00" testType="13cdc9d9-ddb5-4fa4-a97d-d965ccfc6d4b" outcome="Passed" testListId="8c84fa94-04c1-424b-9868-57a2d4851a1d" relativeResultsDirectory="0070eba7-f135-4e10-8821-f8ac88714739" />
    <UnitTestResult executionId="93efad96-ba1a-4b2b-aa2c-eeeb740cf84c" testId="4aa9d3fc-de95-0b41-676f-1607e516eab9" testName="GetLicensedDevicesShouldReturnTheDevicesStoredInLicenseThatHaveNotExpired" computerName="DKSR-EFI-06" duration="00:00:00.0327541" startTime="2024-01-09T15:40:47.5702730+01:00" endTime="2024-01-09T15:40:47.6015242+01:00" testType="13cdc9d9-ddb5-4fa4-a97d-d965ccfc6d4b" outcome="Passed" testListId="8c84fa94-04c1-424b-9868-57a2d4851a1d" relativeResultsDirectory="93efad96-ba1a-4b2b-aa2c-eeeb740cf84c" />
    <UnitTestResult executionId="da51d8cd-df9b-4b57-b4fe-424d626fcecb" testId="c4a7f478-258d-9c3b-7f1e-5eef14341d9f" testName="IsDeviceLicensedShouldReturnTrueOnlyForLicensedDevices" computerName="DKSR-EFI-06" duration="00:00:00.0024779" startTime="2024-01-09T15:40:47.6171487+01:00" endTime="2024-01-09T15:40:47.6171487+01:00" testType="13cdc9d9-ddb5-4fa4-a97d-d965ccfc6d4b" outcome="Passed" testListId="8c84fa94-04c1-424b-9868-57a2d4851a1d" relativeResultsDirectory="da51d8cd-df9b-4b57-b4fe-424d626fcecb" />
    <UnitTestResult executionId="4dc5809a-a0ce-4bc3-a0be-3c25de576e65" testId="345ed762-aa7d-1a38-c786-65c68f0c1d7a" testName="WhenHasWritePermissionIsAllowedToWriteShouldReturnTrue" computerName="DKSR-EFI-06" duration="00:00:00.0005409" startTime="2024-01-09T15:40:47.7577729+01:00" endTime="2024-01-09T15:40:47.7577729+01:00" testType="13cdc9d9-ddb5-4fa4-a97d-d965ccfc6d4b" outcome="Passed" testListId="8c84fa94-04c1-424b-9868-57a2d4851a1d" relativeResultsDirectory="4dc5809a-a0ce-4bc3-a0be-3c25de576e65" />
    <UnitTestResult executionId="337681a3-dcb1-4020-a181-622a5138bbf5" testId="cfaec505-d5ac-6063-7cf4-e5ea73985e76" testName="WhenCheckPermissionThrowsAnExceptionIsAllowedToWriteShouldReturnFalse (System.Exception)" computerName="DKSR-EFI-06" duration="00:00:00.0009510" startTime="2024-01-09T15:40:47.7577729+01:00" endTime="2024-01-09T15:40:47.7734004+01:00" testType="13cdc9d9-ddb5-4fa4-a97d-d965ccfc6d4b" outcome="Passed" testListId="8c84fa94-04c1-424b-9868-57a2d4851a1d" relativeResultsDirectory="337681a3-dcb1-4020-a181-622a5138bbf5" />
    <UnitTestResult executionId="82f655f7-4f9b-4293-90fe-be1abedd5b34" testId="e63ad7e1-833e-31c2-28de-7edd790764b1" testName="WhenDeviceIsExpiredThePropertyIsExpiredShouldReturnTrue (False,False)" computerName="DKSR-EFI-06" duration="00:00:00.0000241" startTime="2024-01-09T15:40:47.1796462+01:00" endTime="2024-01-09T15:40:47.1796462+01:00" testType="13cdc9d9-ddb5-4fa4-a97d-d965ccfc6d4b" outcome="Passed" testListId="8c84fa94-04c1-424b-9868-57a2d4851a1d" relativeResultsDirectory="82f655f7-4f9b-4293-90fe-be1abedd5b34" />
    <UnitTestResult executionId="7fae43d8-d1a4-4e52-b9b2-a35aeb2c983d" testId="8dd690f4-5e6f-80da-7f9b-85594bcc9e4d" testName="WhenIsAnyDeviceLicensedItsCalledItShouldReturnTrueWhenAnyDeviceIsLicensed" computerName="DKSR-EFI-06" duration="00:00:00.0021467" startTime="2024-01-09T15:40:47.6171487+01:00" endTime="2024-01-09T15:40:47.6171487+01:00" testType="13cdc9d9-ddb5-4fa4-a97d-d965ccfc6d4b" outcome="Passed" testListId="8c84fa94-04c1-424b-9868-57a2d4851a1d" relativeResultsDirectory="7fae43d8-d1a4-4e52-b9b2-a35aeb2c983d" />
    <UnitTestResult executionId="ea9c199e-5a20-4d49-b9f8-987b945432dd" testId="8378ecfb-1f30-71f6-eb76-986cfdec5e5d" testName="WhenHasReadPermissionIsAllowedToReadShouldReturnTrue" computerName="DKSR-EFI-06" duration="00:00:00.1061503" startTime="2024-01-09T15:40:47.6171487+01:00" endTime="2024-01-09T15:40:47.7265232+01:00" testType="13cdc9d9-ddb5-4fa4-a97d-d965ccfc6d4b" outcome="Passed" testListId="8c84fa94-04c1-424b-9868-57a2d4851a1d" relativeResultsDirectory="ea9c199e-5a20-4d49-b9f8-987b945432dd" />
    <UnitTestResult executionId="521267aa-7cd5-4d64-87bf-35bbecdaad6b" testId="f688889a-a7d0-8e37-93f1-7477f04abcd6" testName="IsLicensedShouldReturnFalseWhenTheLicenseIsExpired" computerName="DKSR-EFI-06" duration="00:00:00.0020319" startTime="2024-01-09T15:40:47.5390241+01:00" endTime="2024-01-09T15:40:47.5546455+01:00" testType="13cdc9d9-ddb5-4fa4-a97d-d965ccfc6d4b" outcome="Passed" testListId="8c84fa94-04c1-424b-9868-57a2d4851a1d" relativeResultsDirectory="521267aa-7cd5-4d64-87bf-35bbecdaad6b" />
    <UnitTestResult executionId="db92c94d-a881-43c8-9728-8c7a36e4acc5" testId="cfaec505-d5ac-6063-7cf4-e5ea73985e76" testName="WhenCheckPermissionThrowsAnExceptionIsAllowedToWriteShouldReturnFalse (VideoOS.Platform.NotAuthorizedMIPException)" computerName="DKSR-EFI-06" duration="00:00:00.0019664" startTime="2024-01-09T15:40:47.7577729+01:00" endTime="2024-01-09T15:40:47.7734004+01:00" testType="13cdc9d9-ddb5-4fa4-a97d-d965ccfc6d4b" outcome="Passed" testListId="8c84fa94-04c1-424b-9868-57a2d4851a1d" relativeResultsDirectory="db92c94d-a881-43c8-9728-8c7a36e4acc5" />
  </Results>
  <TestDefinitions>
    <UnitTest name="MaximumDevicesShouldReturnTheLicenseInformationCount" storage="d:\actions-runner\_work\xpco\xpco\addons\plugins\common\tst\videoos.plugins.common.unittests\bin\x64\debug\net472\videoos.plugins.common.unittests.dll" id="96a35fe2-677c-6e7c-a9c7-d695bbe5057e">
      <Execution id="10a8018e-9e96-4f3e-96de-6e122c4b1089" />
      <TestMethod codeBase="D:\actions-runner\_work\XPCO\XPCO\AddOns\Plugins\Common\tst\VideoOS.Plugins.Common.UnitTests\bin\x64\Debug\net472\VideoOS.Plugins.Common.UnitTests.dll" adapterTypeName="executor://mstestadapter/v2" className="VideoOS.Plugins.Common.UnitTests.PluginLicenseReaderTests" name="MaximumDevicesShouldReturnTheLicenseInformationCount" />
    </UnitTest>
    <UnitTest name="WhenDeviceIsExpiredThePropertyIsExpiredShouldReturnTrue (True,True)" storage="d:\actions-runner\_work\xpco\xpco\addons\plugins\common\tst\videoos.plugins.common.unittests\bin\x64\debug\net472\videoos.plugins.common.unittests.dll" id="5e46fad1-7309-5969-9e62-937a7a057999">
      <Execution id="e07e2bcc-480f-4ca4-aaf5-497870118290" />
      <TestMethod codeBase="D:\actions-runner\_work\XPCO\XPCO\AddOns\Plugins\Common\tst\VideoOS.Plugins.Common.UnitTests\bin\x64\Debug\net472\VideoOS.Plugins.Common.UnitTests.dll" adapterTypeName="executor://mstestadapter/v2" className="VideoOS.Plugins.Common.UnitTests.LicenseDeviceEntryTests" name="WhenDeviceIsExpiredThePropertyIsExpiredShouldReturnTrue" />
    </UnitTest>
    <UnitTest name="Test" storage="d:\actions-runner\_work\xpco\xpco\addons\plugins\common\tst\videoos.plugins.common.unittests\bin\x64\debug\net472\videoos.plugins.common.unittests.dll" id="c4d805dd-75e7-b832-3210-606d8adc0641">
      <Execution id="7f796f2e-81f8-474c-89f6-19deb615c0ed" />
      <TestMethod codeBase="D:\actions-runner\_work\XPCO\XPCO\AddOns\Plugins\Common\tst\VideoOS.Plugins.Common.UnitTests\bin\x64\Debug\net472\VideoOS.Plugins.Common.UnitTests.dll" adapterTypeName="executor://mstestadapter/v2" className="VideoOS.Plugins.Common.UnitTests.PluginsCommonTest" name="Test" />
    </UnitTest>
    <UnitTest name="WhenIsAnyDeviceLicensedItsCalledItShouldReturnFalseWhenNoDevicesAreLicensed" storage="d:\actions-runner\_work\xpco\xpco\addons\plugins\common\tst\videoos.plugins.common.unittests\bin\x64\debug\net472\videoos.plugins.common.unittests.dll" id="0813215c-0ed8-c4d6-056b-6720e5b55bae">
      <Execution id="23cf5fd6-8508-4e9d-bb18-e270d1e4040a" />
      <TestMethod codeBase="D:\actions-runner\_work\XPCO\XPCO\AddOns\Plugins\Common\tst\VideoOS.Plugins.Common.UnitTests\bin\x64\Debug\net472\VideoOS.Plugins.Common.UnitTests.dll" adapterTypeName="executor://mstestadapter/v2" className="VideoOS.Plugins.Common.UnitTests.PluginLicenseReaderTests" name="WhenIsAnyDeviceLicensedItsCalledItShouldReturnFalseWhenNoDevicesAreLicensed" />
    </UnitTest>
    <UnitTest name="IsDeviceLicensedShouldReturnTrueOnlyForLicensedDevices" storage="d:\actions-runner\_work\xpco\xpco\addons\plugins\common\tst\videoos.plugins.common.unittests\bin\x64\debug\net472\videoos.plugins.common.unittests.dll" id="c4a7f478-258d-9c3b-7f1e-5eef14341d9f">
      <Execution id="da51d8cd-df9b-4b57-b4fe-424d626fcecb" />
      <TestMethod codeBase="D:\actions-runner\_work\XPCO\XPCO\AddOns\Plugins\Common\tst\VideoOS.Plugins.Common.UnitTests\bin\x64\Debug\net472\VideoOS.Plugins.Common.UnitTests.dll" adapterTypeName="executor://mstestadapter/v2" className="VideoOS.Plugins.Common.UnitTests.PluginLicenseReaderTests" name="IsDeviceLicensedShouldReturnTrueOnlyForLicensedDevices" />
    </UnitTest>
    <UnitTest name="WhenDeviceIsExpiredThePropertyIsExpiredShouldReturnTrue (False,True)" storage="d:\actions-runner\_work\xpco\xpco\addons\plugins\common\tst\videoos.plugins.common.unittests\bin\x64\debug\net472\videoos.plugins.common.unittests.dll" id="5be17ff4-949c-4bef-16ea-c92acdefc0f0">
      <Execution id="a1414f8f-9567-48b1-842d-dc56a87ba617" />
      <TestMethod codeBase="D:\actions-runner\_work\XPCO\XPCO\AddOns\Plugins\Common\tst\VideoOS.Plugins.Common.UnitTests\bin\x64\Debug\net472\VideoOS.Plugins.Common.UnitTests.dll" adapterTypeName="executor://mstestadapter/v2" className="VideoOS.Plugins.Common.UnitTests.LicenseDeviceEntryTests" name="WhenDeviceIsExpiredThePropertyIsExpiredShouldReturnTrue" />
    </UnitTest>
    <UnitTest name="IsLicensedShouldReturnTrueWhenTheLicenseIsValid" storage="d:\actions-runner\_work\xpco\xpco\addons\plugins\common\tst\videoos.plugins.common.unittests\bin\x64\debug\net472\videoos.plugins.common.unittests.dll" id="1015c5be-608d-a11b-39d0-a62268182b43">
      <Execution id="28de30e3-0b74-4551-9c7a-4afea4db268c" />
      <TestMethod codeBase="D:\actions-runner\_work\XPCO\XPCO\AddOns\Plugins\Common\tst\VideoOS.Plugins.Common.UnitTests\bin\x64\Debug\net472\VideoOS.Plugins.Common.UnitTests.dll" adapterTypeName="executor://mstestadapter/v2" className="VideoOS.Plugins.Common.UnitTests.PluginLicenseReaderTests" name="IsLicensedShouldReturnTrueWhenTheLicenseIsValid" />
    </UnitTest>
    <UnitTest name="WhenIsAnyDeviceLicensedItsCalledItShouldReturnTrueWhenAnyDeviceIsLicensed" storage="d:\actions-runner\_work\xpco\xpco\addons\plugins\common\tst\videoos.plugins.common.unittests\bin\x64\debug\net472\videoos.plugins.common.unittests.dll" id="8dd690f4-5e6f-80da-7f9b-85594bcc9e4d">
      <Execution id="7fae43d8-d1a4-4e52-b9b2-a35aeb2c983d" />
      <TestMethod codeBase="D:\actions-runner\_work\XPCO\XPCO\AddOns\Plugins\Common\tst\VideoOS.Plugins.Common.UnitTests\bin\x64\Debug\net472\VideoOS.Plugins.Common.UnitTests.dll" adapterTypeName="executor://mstestadapter/v2" className="VideoOS.Plugins.Common.UnitTests.PluginLicenseReaderTests" name="WhenIsAnyDeviceLicensedItsCalledItShouldReturnTrueWhenAnyDeviceIsLicensed" />
    </UnitTest>
    <UnitTest name="GetLicensedDevicesShouldNotReturnDevicesIfTheLicenseHasExpired" storage="d:\actions-runner\_work\xpco\xpco\addons\plugins\common\tst\videoos.plugins.common.unittests\bin\x64\debug\net472\videoos.plugins.common.unittests.dll" id="d3ed3bd9-43ec-0794-db23-07046e301e0f">
      <Execution id="a8ab35d4-3777-4d88-96b6-5635d32715e8" />
      <TestMethod codeBase="D:\actions-runner\_work\XPCO\XPCO\AddOns\Plugins\Common\tst\VideoOS.Plugins.Common.UnitTests\bin\x64\Debug\net472\VideoOS.Plugins.Common.UnitTests.dll" adapterTypeName="executor://mstestadapter/v2" className="VideoOS.Plugins.Common.UnitTests.PluginLicenseReaderTests" name="GetLicensedDevicesShouldNotReturnDevicesIfTheLicenseHasExpired" />
    </UnitTest>
    <UnitTest name="WhenHasPermissionIsAllowedToShouldReturnTrue" storage="d:\actions-runner\_work\xpco\xpco\addons\plugins\common\tst\videoos.plugins.common.unittests\bin\x64\debug\net472\videoos.plugins.common.unittests.dll" id="ee2b3b23-a84c-263c-0e87-dbb7f1daaa5e">
      <Execution id="e525ea8b-59ae-498c-93fe-100fef3644f8" />
      <TestMethod codeBase="D:\actions-runner\_work\XPCO\XPCO\AddOns\Plugins\Common\tst\VideoOS.Plugins.Common.UnitTests\bin\x64\Debug\net472\VideoOS.Plugins.Common.UnitTests.dll" adapterTypeName="executor://mstestadapter/v2" className="VideoOS.Plugins.Common.UnitTests.RolePermissionProviderTest" name="WhenHasPermissionIsAllowedToShouldReturnTrue" />
    </UnitTest>
    <UnitTest name="WhenDeviceIsExpiredThePropertyIsExpiredShouldReturnTrue (False,False)" storage="d:\actions-runner\_work\xpco\xpco\addons\plugins\common\tst\videoos.plugins.common.unittests\bin\x64\debug\net472\videoos.plugins.common.unittests.dll" id="e63ad7e1-833e-31c2-28de-7edd790764b1">
      <Execution id="82f655f7-4f9b-4293-90fe-be1abedd5b34" />
      <TestMethod codeBase="D:\actions-runner\_work\XPCO\XPCO\AddOns\Plugins\Common\tst\VideoOS.Plugins.Common.UnitTests\bin\x64\Debug\net472\VideoOS.Plugins.Common.UnitTests.dll" adapterTypeName="executor://mstestadapter/v2" className="VideoOS.Plugins.Common.UnitTests.LicenseDeviceEntryTests" name="WhenDeviceIsExpiredThePropertyIsExpiredShouldReturnTrue" />
    </UnitTest>
    <UnitTest name="IsLicensedShouldReturnFalseWhenThePluginIsNotLicensed" storage="d:\actions-runner\_work\xpco\xpco\addons\plugins\common\tst\videoos.plugins.common.unittests\bin\x64\debug\net472\videoos.plugins.common.unittests.dll" id="8351ae75-973e-6935-1028-594fefe7d0a7">
      <Execution id="3de78c9c-00dd-4f77-981a-d152e912c7ea" />
      <TestMethod codeBase="D:\actions-runner\_work\XPCO\XPCO\AddOns\Plugins\Common\tst\VideoOS.Plugins.Common.UnitTests\bin\x64\Debug\net472\VideoOS.Plugins.Common.UnitTests.dll" adapterTypeName="executor://mstestadapter/v2" className="VideoOS.Plugins.Common.UnitTests.PluginLicenseReaderTests" name="IsLicensedShouldReturnFalseWhenThePluginIsNotLicensed" />
    </UnitTest>
    <UnitTest name="WhenTheLicenseIsExpiredItShouldBeReflectedInProperties" storage="d:\actions-runner\_work\xpco\xpco\addons\plugins\common\tst\videoos.plugins.common.unittests\bin\x64\debug\net472\videoos.plugins.common.unittests.dll" id="2569e329-42c7-4a99-8793-3b65f3aa3095">
      <Execution id="71bc3aaa-5c7f-47de-a2d0-3f729a8acc16" />
      <TestMethod codeBase="D:\actions-runner\_work\XPCO\XPCO\AddOns\Plugins\Common\tst\VideoOS.Plugins.Common.UnitTests\bin\x64\Debug\net472\VideoOS.Plugins.Common.UnitTests.dll" adapterTypeName="executor://mstestadapter/v2" className="VideoOS.Plugins.Common.UnitTests.PluginLicenseReaderTests" name="WhenTheLicenseIsExpiredItShouldBeReflectedInProperties" />
    </UnitTest>
    <UnitTest name="WhenCheckPermissionThrowsAnExceptionIsAllowedToShouldReturnFalse" storage="d:\actions-runner\_work\xpco\xpco\addons\plugins\common\tst\videoos.plugins.common.unittests\bin\x64\debug\net472\videoos.plugins.common.unittests.dll" id="88c80781-4c92-1345-8f59-a9e5417d9bff">
      <Execution id="0070eba7-f135-4e10-8821-f8ac88714739" />
      <TestMethod codeBase="D:\actions-runner\_work\XPCO\XPCO\AddOns\Plugins\Common\tst\VideoOS.Plugins.Common.UnitTests\bin\x64\Debug\net472\VideoOS.Plugins.Common.UnitTests.dll" adapterTypeName="executor://mstestadapter/v2" className="VideoOS.Plugins.Common.UnitTests.RolePermissionProviderTest" name="WhenCheckPermissionThrowsAnExceptionIsAllowedToShouldReturnFalse" />
    </UnitTest>
    <UnitTest name="WhenCheckPermissionThrowsAnExceptionIsAllowedToWriteShouldReturnFalse" storage="d:\actions-runner\_work\xpco\xpco\addons\plugins\common\tst\videoos.plugins.common.unittests\bin\x64\debug\net472\videoos.plugins.common.unittests.dll" id="cfaec505-d5ac-6063-7cf4-e5ea73985e76">
      <Execution id="db92c94d-a881-43c8-9728-8c7a36e4acc5" />
      <TestMethod codeBase="D:\actions-runner\_work\XPCO\XPCO\AddOns\Plugins\Common\tst\VideoOS.Plugins.Common.UnitTests\bin\x64\Debug\net472\VideoOS.Plugins.Common.UnitTests.dll" adapterTypeName="executor://mstestadapter/v2" className="VideoOS.Plugins.Common.UnitTests.RolePermissionProviderTest" name="WhenCheckPermissionThrowsAnExceptionIsAllowedToWriteShouldReturnFalse" />
    </UnitTest>
    <UnitTest name="WhenCheckPermissionThrowsAnExceptionIsAllowedToReadShouldReturnFalse" storage="d:\actions-runner\_work\xpco\xpco\addons\plugins\common\tst\videoos.plugins.common.unittests\bin\x64\debug\net472\videoos.plugins.common.unittests.dll" id="07942f7c-9d48-f763-2de5-124a8bb62de6">
      <Execution id="5007368b-2a45-4ef3-be97-a4b4b6aa0bc2" />
      <TestMethod codeBase="D:\actions-runner\_work\XPCO\XPCO\AddOns\Plugins\Common\tst\VideoOS.Plugins.Common.UnitTests\bin\x64\Debug\net472\VideoOS.Plugins.Common.UnitTests.dll" adapterTypeName="executor://mstestadapter/v2" className="VideoOS.Plugins.Common.UnitTests.RolePermissionProviderTest" name="WhenCheckPermissionThrowsAnExceptionIsAllowedToReadShouldReturnFalse" />
    </UnitTest>
    <UnitTest name="IsLicensedShouldReturnFalseWhenTheLicenseIsExpired" storage="d:\actions-runner\_work\xpco\xpco\addons\plugins\common\tst\videoos.plugins.common.unittests\bin\x64\debug\net472\videoos.plugins.common.unittests.dll" id="f688889a-a7d0-8e37-93f1-7477f04abcd6">
      <Execution id="521267aa-7cd5-4d64-87bf-35bbecdaad6b" />
      <TestMethod codeBase="D:\actions-runner\_work\XPCO\XPCO\AddOns\Plugins\Common\tst\VideoOS.Plugins.Common.UnitTests\bin\x64\Debug\net472\VideoOS.Plugins.Common.UnitTests.dll" adapterTypeName="executor://mstestadapter/v2" className="VideoOS.Plugins.Common.UnitTests.PluginLicenseReaderTests" name="IsLicensedShouldReturnFalseWhenTheLicenseIsExpired" />
    </UnitTest>
    <UnitTest name="WhenHasReadPermissionIsAllowedToReadShouldReturnTrue" storage="d:\actions-runner\_work\xpco\xpco\addons\plugins\common\tst\videoos.plugins.common.unittests\bin\x64\debug\net472\videoos.plugins.common.unittests.dll" id="8378ecfb-1f30-71f6-eb76-986cfdec5e5d">
      <Execution id="ea9c199e-5a20-4d49-b9f8-987b945432dd" />
      <TestMethod codeBase="D:\actions-runner\_work\XPCO\XPCO\AddOns\Plugins\Common\tst\VideoOS.Plugins.Common.UnitTests\bin\x64\Debug\net472\VideoOS.Plugins.Common.UnitTests.dll" adapterTypeName="executor://mstestadapter/v2" className="VideoOS.Plugins.Common.UnitTests.RolePermissionProviderTest" name="WhenHasReadPermissionIsAllowedToReadShouldReturnTrue" />
    </UnitTest>
    <UnitTest name="WhenDeviceIsExpiredThePropertyIsExpiredShouldReturnTrue (True,False)" storage="d:\actions-runner\_work\xpco\xpco\addons\plugins\common\tst\videoos.plugins.common.unittests\bin\x64\debug\net472\videoos.plugins.common.unittests.dll" id="4156d917-8ec9-0b45-0f42-420a8dde3c6a">
      <Execution id="6e1e8e10-2c4b-4355-90de-a1a18ee31e09" />
      <TestMethod codeBase="D:\actions-runner\_work\XPCO\XPCO\AddOns\Plugins\Common\tst\VideoOS.Plugins.Common.UnitTests\bin\x64\Debug\net472\VideoOS.Plugins.Common.UnitTests.dll" adapterTypeName="executor://mstestadapter/v2" className="VideoOS.Plugins.Common.UnitTests.LicenseDeviceEntryTests" name="WhenDeviceIsExpiredThePropertyIsExpiredShouldReturnTrue" />
    </UnitTest>
    <UnitTest name="WhenHasWritePermissionIsAllowedToWriteShouldReturnTrue" storage="d:\actions-runner\_work\xpco\xpco\addons\plugins\common\tst\videoos.plugins.common.unittests\bin\x64\debug\net472\videoos.plugins.common.unittests.dll" id="345ed762-aa7d-1a38-c786-65c68f0c1d7a">
      <Execution id="4dc5809a-a0ce-4bc3-a0be-3c25de576e65" />
      <TestMethod codeBase="D:\actions-runner\_work\XPCO\XPCO\AddOns\Plugins\Common\tst\VideoOS.Plugins.Common.UnitTests\bin\x64\Debug\net472\VideoOS.Plugins.Common.UnitTests.dll" adapterTypeName="executor://mstestadapter/v2" className="VideoOS.Plugins.Common.UnitTests.RolePermissionProviderTest" name="WhenHasWritePermissionIsAllowedToWriteShouldReturnTrue" />
    </UnitTest>
    <UnitTest name="GetLicensedDevicesShouldReturnTheDevicesStoredInLicenseThatHaveNotExpired" storage="d:\actions-runner\_work\xpco\xpco\addons\plugins\common\tst\videoos.plugins.common.unittests\bin\x64\debug\net472\videoos.plugins.common.unittests.dll" id="4aa9d3fc-de95-0b41-676f-1607e516eab9">
      <Execution id="93efad96-ba1a-4b2b-aa2c-eeeb740cf84c" />
      <TestMethod codeBase="D:\actions-runner\_work\XPCO\XPCO\AddOns\Plugins\Common\tst\VideoOS.Plugins.Common.UnitTests\bin\x64\Debug\net472\VideoOS.Plugins.Common.UnitTests.dll" adapterTypeName="executor://mstestadapter/v2" className="VideoOS.Plugins.Common.UnitTests.PluginLicenseReaderTests" name="GetLicensedDevicesShouldReturnTheDevicesStoredInLicenseThatHaveNotExpired" />
    </UnitTest>
  </TestDefinitions>
  <TestEntries>
    <TestEntry testId="5be17ff4-949c-4bef-16ea-c92acdefc0f0" executionId="a1414f8f-9567-48b1-842d-dc56a87ba617" testListId="8c84fa94-04c1-424b-9868-57a2d4851a1d" />
    <TestEntry testId="88c80781-4c92-1345-8f59-a9e5417d9bff" executionId="71be104a-dd7d-4e94-8483-316a22abab31" testListId="8c84fa94-04c1-424b-9868-57a2d4851a1d" />
    <TestEntry testId="8351ae75-973e-6935-1028-594fefe7d0a7" executionId="3de78c9c-00dd-4f77-981a-d152e912c7ea" testListId="8c84fa94-04c1-424b-9868-57a2d4851a1d" />
    <TestEntry testId="ee2b3b23-a84c-263c-0e87-dbb7f1daaa5e" executionId="e525ea8b-59ae-498c-93fe-100fef3644f8" testListId="8c84fa94-04c1-424b-9868-57a2d4851a1d" />
    <TestEntry testId="96a35fe2-677c-6e7c-a9c7-d695bbe5057e" executionId="10a8018e-9e96-4f3e-96de-6e122c4b1089" testListId="8c84fa94-04c1-424b-9868-57a2d4851a1d" />
    <TestEntry testId="0813215c-0ed8-c4d6-056b-6720e5b55bae" executionId="23cf5fd6-8508-4e9d-bb18-e270d1e4040a" testListId="8c84fa94-04c1-424b-9868-57a2d4851a1d" />
    <TestEntry testId="07942f7c-9d48-f763-2de5-124a8bb62de6" executionId="7ea0fad2-c6de-40ba-854b-8b7ccae36831" testListId="8c84fa94-04c1-424b-9868-57a2d4851a1d" />
    <TestEntry testId="07942f7c-9d48-f763-2de5-124a8bb62de6" executionId="5007368b-2a45-4ef3-be97-a4b4b6aa0bc2" testListId="8c84fa94-04c1-424b-9868-57a2d4851a1d" />
    <TestEntry testId="2569e329-42c7-4a99-8793-3b65f3aa3095" executionId="71bc3aaa-5c7f-47de-a2d0-3f729a8acc16" testListId="8c84fa94-04c1-424b-9868-57a2d4851a1d" />
    <TestEntry testId="c4d805dd-75e7-b832-3210-606d8adc0641" executionId="7f796f2e-81f8-474c-89f6-19deb615c0ed" testListId="8c84fa94-04c1-424b-9868-57a2d4851a1d" />
    <TestEntry testId="4156d917-8ec9-0b45-0f42-420a8dde3c6a" executionId="6e1e8e10-2c4b-4355-90de-a1a18ee31e09" testListId="8c84fa94-04c1-424b-9868-57a2d4851a1d" />
    <TestEntry testId="d3ed3bd9-43ec-0794-db23-07046e301e0f" executionId="a8ab35d4-3777-4d88-96b6-5635d32715e8" testListId="8c84fa94-04c1-424b-9868-57a2d4851a1d" />
    <TestEntry testId="5e46fad1-7309-5969-9e62-937a7a057999" executionId="e07e2bcc-480f-4ca4-aaf5-497870118290" testListId="8c84fa94-04c1-424b-9868-57a2d4851a1d" />
    <TestEntry testId="1015c5be-608d-a11b-39d0-a62268182b43" executionId="28de30e3-0b74-4551-9c7a-4afea4db268c" testListId="8c84fa94-04c1-424b-9868-57a2d4851a1d" />
    <TestEntry testId="88c80781-4c92-1345-8f59-a9e5417d9bff" executionId="0070eba7-f135-4e10-8821-f8ac88714739" testListId="8c84fa94-04c1-424b-9868-57a2d4851a1d" />
    <TestEntry testId="4aa9d3fc-de95-0b41-676f-1607e516eab9" executionId="93efad96-ba1a-4b2b-aa2c-eeeb740cf84c" testListId="8c84fa94-04c1-424b-9868-57a2d4851a1d" />
    <TestEntry testId="c4a7f478-258d-9c3b-7f1e-5eef14341d9f" executionId="da51d8cd-df9b-4b57-b4fe-424d626fcecb" testListId="8c84fa94-04c1-424b-9868-57a2d4851a1d" />
    <TestEntry testId="345ed762-aa7d-1a38-c786-65c68f0c1d7a" executionId="4dc5809a-a0ce-4bc3-a0be-3c25de576e65" testListId="8c84fa94-04c1-424b-9868-57a2d4851a1d" />
    <TestEntry testId="cfaec505-d5ac-6063-7cf4-e5ea73985e76" executionId="337681a3-dcb1-4020-a181-622a5138bbf5" testListId="8c84fa94-04c1-424b-9868-57a2d4851a1d" />
    <TestEntry testId="e63ad7e1-833e-31c2-28de-7edd790764b1" executionId="82f655f7-4f9b-4293-90fe-be1abedd5b34" testListId="8c84fa94-04c1-424b-9868-57a2d4851a1d" />
    <TestEntry testId="8dd690f4-5e6f-80da-7f9b-85594bcc9e4d" executionId="7fae43d8-d1a4-4e52-b9b2-a35aeb2c983d" testListId="8c84fa94-04c1-424b-9868-57a2d4851a1d" />
    <TestEntry testId="8378ecfb-1f30-71f6-eb76-986cfdec5e5d" executionId="ea9c199e-5a20-4d49-b9f8-987b945432dd" testListId="8c84fa94-04c1-424b-9868-57a2d4851a1d" />
    <TestEntry testId="f688889a-a7d0-8e37-93f1-7477f04abcd6" executionId="521267aa-7cd5-4d64-87bf-35bbecdaad6b" testListId="8c84fa94-04c1-424b-9868-57a2d4851a1d" />
    <TestEntry testId="cfaec505-d5ac-6063-7cf4-e5ea73985e76" executionId="db92c94d-a881-43c8-9728-8c7a36e4acc5" testListId="8c84fa94-04c1-424b-9868-57a2d4851a1d" />
  </TestEntries>
  <TestLists>
    <TestList name="Results Not in a List" id="8c84fa94-04c1-424b-9868-57a2d4851a1d" />
    <TestList name="All Loaded Results" id="19431567-8539-422a-85d7-44ee4e166bda" />
  </TestLists>
  <ResultSummary outcome="Completed">
    <Counters total="24" executed="24" passed="24" failed="0" error="0" timeout="0" aborted="0" inconclusive="0" passedButRunAborted="0" notRunnable="0" notExecuted="0" disconnected="0" warning="0" completed="0" inProgress="0" pending="0" />
  </ResultSummary>
</TestRun>