<?xml version="1.0" encoding="utf-8"?>
<TestRun id="9c1c06c2-2145-4c15-ad63-01c00fcb0e12" name="DKSR-EFI-06$@DKSR-EFI-06 2024-01-09 15:40:58" runUser="NT AUTHORITY\NETWORK SERVICE" xmlns="http://microsoft.com/schemas/VisualStudio/TeamTest/2010">
  <Times creation="2024-01-09T15:40:58.5078236+01:00" queuing="2024-01-09T15:40:58.5078236+01:00" start="2024-01-09T15:40:56.7421883+01:00" finish="2024-01-09T15:40:58.5859485+01:00" />
  <TestSettings name="default" id="2dfdaf60-1f70-4a31-957f-da1770a8def4">
    <Deployment runDeploymentRoot="DKSR-EFI-06$_DKSR-EFI-06_2024-01-09_15_40_58" />
  </TestSettings>
  <Results>
    <UnitTestResult executionId="f535e105-ac73-4a93-bf43-b020035bef88" testId="2279b841-5e37-ec7b-7449-915c90ad6413" testName="Given_CloudConnectorClientEndpointRegistrar_When_Doing_RegisterClient_SetClientRegistrationId_is_Called_with_Non_Default_Guid" computerName="DKSR-EFI-06" duration="00:00:00.7387299" startTime="2024-01-09T15:40:57.4140689+01:00" endTime="2024-01-09T15:40:58.2422026+01:00" testType="13cdc9d9-ddb5-4fa4-a97d-d965ccfc6d4b" outcome="Passed" testListId="8c84fa94-04c1-424b-9868-57a2d4851a1d" relativeResultsDirectory="f535e105-ac73-4a93-bf43-b020035bef88" />
    <UnitTestResult executionId="34efdbb2-360d-4019-8bac-034f483d0b1d" testId="43ad4177-ace8-d8bc-3a44-824b42653242" testName="Given_SetManagementServerRegistrar_When_DoingRegistrationSequence_Then_NewAddressIsPersisted" computerName="DKSR-EFI-06" duration="00:00:00.0735187" startTime="2024-01-09T15:40:58.2578228+01:00" endTime="2024-01-09T15:40:58.3359478+01:00" testType="13cdc9d9-ddb5-4fa4-a97d-d965ccfc6d4b" outcome="Passed" testListId="8c84fa94-04c1-424b-9868-57a2d4851a1d" relativeResultsDirectory="34efdbb2-360d-4019-8bac-034f483d0b1d" />
  </Results>
  <TestDefinitions>
    <UnitTest name="Given_CloudConnectorClientEndpointRegistrar_When_Doing_RegisterClient_SetClientRegistrationId_is_Called_with_Non_Default_Guid" storage="d:\actions-runner\_work\xpco\xpco\cloudconnector\binaries\videoos.cloudconnector.registrars.unittest\bin\debug\net472\videoos.cloudconnector.registrars.unittest.dll" id="2279b841-5e37-ec7b-7449-915c90ad6413">
      <Execution id="f535e105-ac73-4a93-bf43-b020035bef88" />
      <TestMethod codeBase="D:\actions-runner\_work\XPCO\XPCO\CloudConnector\Binaries\VideoOS.CloudConnector.Registrars.UnitTest\bin\Debug\net472\VideoOS.CloudConnector.Registrars.UnitTest.dll" adapterTypeName="executor://mstestadapter/v2" className="VideoOS.CloudConnector.Registrars.UnitTest.ClientEndpointRegistrarTest" name="Given_CloudConnectorClientEndpointRegistrar_When_Doing_RegisterClient_SetClientRegistrationId_is_Called_with_Non_Default_Guid" />
    </UnitTest>
    <UnitTest name="Given_SetManagementServerRegistrar_When_DoingRegistrationSequence_Then_NewAddressIsPersisted" storage="d:\actions-runner\_work\xpco\xpco\cloudconnector\binaries\videoos.cloudconnector.registrars.unittest\bin\debug\net472\videoos.cloudconnector.registrars.unittest.dll" id="43ad4177-ace8-d8bc-3a44-824b42653242">
      <Execution id="34efdbb2-360d-4019-8bac-034f483d0b1d" />
      <TestMethod codeBase="D:\actions-runner\_work\XPCO\XPCO\CloudConnector\Binaries\VideoOS.CloudConnector.Registrars.UnitTest\bin\Debug\net472\VideoOS.CloudConnector.Registrars.UnitTest.dll" adapterTypeName="executor://mstestadapter/v2" className="VideoOS.CloudConnector.Registrars.UnitTest.SetManagementServerRegistrarTest" name="Given_SetManagementServerRegistrar_When_DoingRegistrationSequence_Then_NewAddressIsPersisted" />
    </UnitTest>
  </TestDefinitions>
  <TestEntries>
    <TestEntry testId="2279b841-5e37-ec7b-7449-915c90ad6413" executionId="f535e105-ac73-4a93-bf43-b020035bef88" testListId="8c84fa94-04c1-424b-9868-57a2d4851a1d" />
    <TestEntry testId="43ad4177-ace8-d8bc-3a44-824b42653242" executionId="34efdbb2-360d-4019-8bac-034f483d0b1d" testListId="8c84fa94-04c1-424b-9868-57a2d4851a1d" />
  </TestEntries>
  <TestLists>
    <TestList name="Results Not in a List" id="8c84fa94-04c1-424b-9868-57a2d4851a1d" />
    <TestList name="All Loaded Results" id="19431567-8539-422a-85d7-44ee4e166bda" />
  </TestLists>
  <ResultSummary outcome="Completed">
    <Counters total="2" executed="2" passed="2" failed="0" error="0" timeout="0" aborted="0" inconclusive="0" passedButRunAborted="0" notRunnable="0" notExecuted="0" disconnected="0" warning="0" completed="0" inProgress="0" pending="0" />
  </ResultSummary>
</TestRun>