<?xml version="1.0" encoding="utf-8"?>
<TestRun id="68307594-45e5-4c7b-863f-9f6fd4d1697a" name="DKSR-EFI-06$@DKSR-EFI-06 2024-01-09 15:43:18" runUser="NT AUTHORITY\NETWORK SERVICE" xmlns="http://microsoft.com/schemas/VisualStudio/TeamTest/2010">
  <Times creation="2024-01-09T15:43:18.6541211+01:00" queuing="2024-01-09T15:43:18.6541211+01:00" start="2024-01-09T15:43:07.3728403+01:00" finish="2024-01-09T15:43:21.5135000+01:00" />
  <TestSettings name="default" id="caf1ce46-4bed-42e3-bdb3-c63150d8c744">
    <Deployment runDeploymentRoot="DKSR-EFI-06$_DKSR-EFI-06_2024-01-09_15_43_18" />
  </TestSettings>
  <Results>
    <UnitTestResult executionId="bae96549-9eef-4557-8ed0-3e8fb600fe35" testId="3280b4a7-5d4d-4411-55b7-1865a7ac1e54" testName="ShouldStoreEvent_ShouldReturnTrue_WhenEventRetentionIsNonZero" computerName="DKSR-EFI-06" duration="00:00:00.0021401" startTime="2024-01-09T15:43:19.0916226+01:00" endTime="2024-01-09T15:43:19.0916226+01:00" testType="13cdc9d9-ddb5-4fa4-a97d-d965ccfc6d4b" outcome="Passed" testListId="8c84fa94-04c1-424b-9868-57a2d4851a1d" relativeResultsDirectory="bae96549-9eef-4557-8ed0-3e8fb600fe35" />
    <UnitTestResult executionId="28a99e44-13a4-49b1-8be4-2cc92e021151" testId="6f35b936-6444-18c8-0b81-2c2c6f9d78b5" testName="GetExpirationDate_ShouldReturnTimestamp_WhenEventRetentionIsZero" computerName="DKSR-EFI-06" duration="00:00:00.0063532" startTime="2024-01-09T15:43:19.1072483+01:00" endTime="2024-01-09T15:43:19.1228728+01:00" testType="13cdc9d9-ddb5-4fa4-a97d-d965ccfc6d4b" outcome="Passed" testListId="8c84fa94-04c1-424b-9868-57a2d4851a1d" relativeResultsDirectory="28a99e44-13a4-49b1-8be4-2cc92e021151" />
    <UnitTestResult executionId="4c7faecb-e549-4c82-a678-b164449136eb" testId="5a717115-f254-ca1e-e5d1-09d34d118900" testName="CanTriggerBaseEvent_ReturnsFalse_WhenNoAccessToSource (UserDefined)" computerName="DKSR-EFI-06" duration="00:00:00.0030412" startTime="2024-01-09T15:43:20.5916242+01:00" endTime="2024-01-09T15:43:20.5916242+01:00" testType="13cdc9d9-ddb5-4fa4-a97d-d965ccfc6d4b" outcome="Passed" testListId="8c84fa94-04c1-424b-9868-57a2d4851a1d" relativeResultsDirectory="4c7faecb-e549-4c82-a678-b164449136eb" />
    <UnitTestResult executionId="8ed9c9c6-502b-4abf-b0ed-8d70a2d15dcc" testId="f19c9b20-45be-dac6-2cac-4972ceff78bd" testName="CanReadEvent_ReturnsTrue_WhenEvent (UserDefined)" computerName="DKSR-EFI-06" duration="00:00:00.0021259" startTime="2024-01-09T15:43:20.6072486+01:00" endTime="2024-01-09T15:43:20.6072486+01:00" testType="13cdc9d9-ddb5-4fa4-a97d-d965ccfc6d4b" outcome="Passed" testListId="8c84fa94-04c1-424b-9868-57a2d4851a1d" relativeResultsDirectory="8ed9c9c6-502b-4abf-b0ed-8d70a2d15dcc" />
    <UnitTestResult executionId="d35e5dba-1abb-430a-979c-88e5bcd5bf4f" testId="69aebce5-34ac-f350-7998-9fae4db4fe82" testName="CanTriggerEvent_ReturnsTrue_WhenServiceToken (UserDefined)" computerName="DKSR-EFI-06" duration="00:00:00.0022712" startTime="2024-01-09T15:43:20.4978731+01:00" endTime="2024-01-09T15:43:20.5134988+01:00" testType="13cdc9d9-ddb5-4fa4-a97d-d965ccfc6d4b" outcome="Passed" testListId="8c84fa94-04c1-424b-9868-57a2d4851a1d" relativeResultsDirectory="d35e5dba-1abb-430a-979c-88e5bcd5bf4f" />
    <UnitTestResult executionId="d267b064-060f-4a24-b017-e46e44067903" testId="dab07678-03af-93fe-8c0b-59b5be6fdd1c" testName="GetExpirationDate_ShouldReturnTimestamp_WhenGroupRetentionIsZero" computerName="DKSR-EFI-06" duration="00:00:00.0027692" startTime="2024-01-09T15:43:19.1228728+01:00" endTime="2024-01-09T15:43:19.1228728+01:00" testType="13cdc9d9-ddb5-4fa4-a97d-d965ccfc6d4b" outcome="Passed" testListId="8c84fa94-04c1-424b-9868-57a2d4851a1d" relativeResultsDirectory="d267b064-060f-4a24-b017-e46e44067903" />
    <UnitTestResult executionId="14e191ee-9e5e-4837-8d91-038c829cd9b4" testId="141f93e9-3fa2-3d7e-1849-c13c9de33146" testName="CanTriggerBaseEvent_ReturnsFalse_WhenNoAccessToSource (Plugin)" computerName="DKSR-EFI-06" duration="00:00:00.0027486" startTime="2024-01-09T15:43:20.5916242+01:00" endTime="2024-01-09T15:43:20.5916242+01:00" testType="13cdc9d9-ddb5-4fa4-a97d-d965ccfc6d4b" outcome="Passed" testListId="8c84fa94-04c1-424b-9868-57a2d4851a1d" relativeResultsDirectory="14e191ee-9e5e-4837-8d91-038c829cd9b4" />
    <UnitTestResult executionId="269db6c8-a939-4777-bc5a-4a5ecc636288" testId="21df9d0b-294b-18a3-e8c8-8618f36ceb5b" testName="Start_ShouldCreateTimer_WhichCallsDeleteExpireWithThresholdFromAppConfig" computerName="DKSR-EFI-06" duration="00:00:00.0446495" startTime="2024-01-09T15:43:18.8728716+01:00" endTime="2024-01-09T15:43:18.9197458+01:00" testType="13cdc9d9-ddb5-4fa4-a97d-d965ccfc6d4b" outcome="Passed" testListId="8c84fa94-04c1-424b-9868-57a2d4851a1d" relativeResultsDirectory="269db6c8-a939-4777-bc5a-4a5ecc636288" />
    <UnitTestResult executionId="c487c7b4-29ce-4d31-86a4-5c4e3d086a2c" testId="4703e4d0-e3c1-4daa-02f2-d72582880e4d" testName="Constructor_ShouldThrowArgumentNullException_WhenConfigFilterManagerIsNull" computerName="DKSR-EFI-06" duration="00:00:00.0450272" startTime="2024-01-09T15:43:18.6384951+01:00" endTime="2024-01-09T15:43:18.6853717+01:00" testType="13cdc9d9-ddb5-4fa4-a97d-d965ccfc6d4b" outcome="Passed" testListId="8c84fa94-04c1-424b-9868-57a2d4851a1d" relativeResultsDirectory="c487c7b4-29ce-4d31-86a4-5c4e3d086a2c" />
    <UnitTestResult executionId="91dbf319-711a-451e-8f61-186c6dd9d3bd" testId="febc4460-8402-c14c-784a-9780ed84848e" testName="CanReadBaseEvent_ReturnsTrue_WhenServiceToken (Generic)" computerName="DKSR-EFI-06" duration="00:00:00.0060544" startTime="2024-01-09T15:43:20.4666221+01:00" endTime="2024-01-09T15:43:20.4822504+01:00" testType="13cdc9d9-ddb5-4fa4-a97d-d965ccfc6d4b" outcome="Passed" testListId="8c84fa94-04c1-424b-9868-57a2d4851a1d" relativeResultsDirectory="91dbf319-711a-451e-8f61-186c6dd9d3bd" />
    <UnitTestResult executionId="c8648555-7f5b-4dfe-866d-9e25fb016575" testId="98d49c9e-e57a-593d-fab1-6a166fa2a252" testName="GetExpirationDate_ShouldReturn5DaysFromTimestamp_WhenGroupRetentionIs5" computerName="DKSR-EFI-06" duration="00:00:00.0029721" startTime="2024-01-09T15:43:19.1384960+01:00" endTime="2024-01-09T15:43:19.1384960+01:00" testType="13cdc9d9-ddb5-4fa4-a97d-d965ccfc6d4b" outcome="Passed" testListId="8c84fa94-04c1-424b-9868-57a2d4851a1d" relativeResultsDirectory="c8648555-7f5b-4dfe-866d-9e25fb016575" />
    <UnitTestResult executionId="e485de6c-9239-4616-a03c-1438762a5f97" testId="02430792-fdc0-9385-7315-1a449d5b5719" testName="ShouldStoreEvent_ShouldReturnFalse_WhenEventRetentionIsZero" computerName="DKSR-EFI-06" duration="00:00:00.0857083" startTime="2024-01-09T15:43:18.9353725+01:00" endTime="2024-01-09T15:43:19.0291233+01:00" testType="13cdc9d9-ddb5-4fa4-a97d-d965ccfc6d4b" outcome="Passed" testListId="8c84fa94-04c1-424b-9868-57a2d4851a1d" relativeResultsDirectory="e485de6c-9239-4616-a03c-1438762a5f97" />
    <UnitTestResult executionId="56312b47-41b8-423e-b13c-e0b7cdae7ad3" testId="ed50f478-3dbe-e89a-bc68-d299a3059763" testName="CanReadBaseEvent_ReturnsFalse_WhenNoAccessToSource (Plugin)" computerName="DKSR-EFI-06" duration="00:00:00.0027277" startTime="2024-01-09T15:43:20.5759982+01:00" endTime="2024-01-09T15:43:20.5759982+01:00" testType="13cdc9d9-ddb5-4fa4-a97d-d965ccfc6d4b" outcome="Passed" testListId="8c84fa94-04c1-424b-9868-57a2d4851a1d" relativeResultsDirectory="56312b47-41b8-423e-b13c-e0b7cdae7ad3" />
    <UnitTestResult executionId="d52c7777-f765-43cf-93e1-38ec69231e83" testId="417fc1e9-f922-4e01-873a-08da76265abe" testName="UpdateEventsExpiration_ShouldUpdateEventExpirationDates_WhenUpdateIsEnforced" computerName="DKSR-EFI-06" duration="00:00:00.0515111" startTime="2024-01-09T15:43:19.1384960+01:00" endTime="2024-01-09T15:43:19.1853726+01:00" testType="13cdc9d9-ddb5-4fa4-a97d-d965ccfc6d4b" outcome="Passed" testListId="8c84fa94-04c1-424b-9868-57a2d4851a1d" relativeResultsDirectory="d52c7777-f765-43cf-93e1-38ec69231e83" />
    <UnitTestResult executionId="d3bf92b4-08f0-453b-b479-ce99eb6f147b" testId="325f4491-daf3-6de2-3920-16f97c0e407a" testName="CanTriggerBaseEvent_ReturnsTrue_WhenServiceToken (Plugin)" computerName="DKSR-EFI-06" duration="00:00:00.0029220" startTime="2024-01-09T15:43:20.5447484+01:00" endTime="2024-01-09T15:43:20.5447484+01:00" testType="13cdc9d9-ddb5-4fa4-a97d-d965ccfc6d4b" outcome="Passed" testListId="8c84fa94-04c1-424b-9868-57a2d4851a1d" relativeResultsDirectory="d3bf92b4-08f0-453b-b479-ce99eb6f147b" />
    <UnitTestResult executionId="326d1058-46ea-4f48-a7d7-45f9ac63f2c4" testId="cee1e231-f0b5-8868-62e2-48babb0f8375" testName="CanReadEvent_ReturnsFalse_WhenNoAccessToSource (Plugin)" computerName="DKSR-EFI-06" duration="00:00:00.0020420" startTime="2024-01-09T15:43:20.5603741+01:00" endTime="2024-01-09T15:43:20.5603741+01:00" testType="13cdc9d9-ddb5-4fa4-a97d-d965ccfc6d4b" outcome="Passed" testListId="8c84fa94-04c1-424b-9868-57a2d4851a1d" relativeResultsDirectory="326d1058-46ea-4f48-a7d7-45f9ac63f2c4" />
    <UnitTestResult executionId="e583d745-b655-44a7-9892-b9fbf20d5b50" testId="b4ece948-baf0-0800-46ee-b25b86be5b91" testName="CanReadEvent_ReturnsTrue_WhenServiceToken (System)" computerName="DKSR-EFI-06" duration="00:00:00.0020938" startTime="2024-01-09T15:43:20.4666221+01:00" endTime="2024-01-09T15:43:20.4666221+01:00" testType="13cdc9d9-ddb5-4fa4-a97d-d965ccfc6d4b" outcome="Passed" testListId="8c84fa94-04c1-424b-9868-57a2d4851a1d" relativeResultsDirectory="e583d745-b655-44a7-9892-b9fbf20d5b50" />
    <UnitTestResult executionId="75a5401e-a788-4bec-9239-1ea38a4ed89c" testId="77a62780-3a87-c9a9-3658-02651b139284" testName="CanReadEvent_ReturnsTrue_WhenEvent (System)" computerName="DKSR-EFI-06" duration="00:00:00.0021051" startTime="2024-01-09T15:43:20.6072486+01:00" endTime="2024-01-09T15:43:20.6072486+01:00" testType="13cdc9d9-ddb5-4fa4-a97d-d965ccfc6d4b" outcome="Passed" testListId="8c84fa94-04c1-424b-9868-57a2d4851a1d" relativeResultsDirectory="75a5401e-a788-4bec-9239-1ea38a4ed89c" />
    <UnitTestResult executionId="518882f0-64f5-48b9-b69f-bd5cf5513059" testId="aac208fd-f16f-3072-dd81-469239986eea" testName="CanReadEvent_ReturnsTrue_WhenEvent (Generic)" computerName="DKSR-EFI-06" duration="00:00:00.0028408" startTime="2024-01-09T15:43:20.5916242+01:00" endTime="2024-01-09T15:43:20.6072486+01:00" testType="13cdc9d9-ddb5-4fa4-a97d-d965ccfc6d4b" outcome="Passed" testListId="8c84fa94-04c1-424b-9868-57a2d4851a1d" relativeResultsDirectory="518882f0-64f5-48b9-b69f-bd5cf5513059" />
    <UnitTestResult executionId="87ce8a9b-d398-4740-9041-0180d7b57410" testId="a446f1cc-d1be-895d-4ac0-7926728c0506" testName="ShouldStoreEvent_ShouldReturnFalse_WhenDefaultRetentionIsZero" computerName="DKSR-EFI-06" duration="00:00:00.0070348" startTime="2024-01-09T15:43:19.0759980+01:00" endTime="2024-01-09T15:43:19.0916226+01:00" testType="13cdc9d9-ddb5-4fa4-a97d-d965ccfc6d4b" outcome="Passed" testListId="8c84fa94-04c1-424b-9868-57a2d4851a1d" relativeResultsDirectory="87ce8a9b-d398-4740-9041-0180d7b57410" />
    <UnitTestResult executionId="b6782eed-ea15-44f8-9821-9e84bf9c487b" testId="3078611e-f13e-7a7f-32c7-7708471cfe19" testName="CanReadEvent_ReturnsTrue_WhenServiceToken (UserDefined)" computerName="DKSR-EFI-06" duration="00:00:00.0023295" startTime="2024-01-09T15:43:20.4510010+01:00" endTime="2024-01-09T15:43:20.4510010+01:00" testType="13cdc9d9-ddb5-4fa4-a97d-d965ccfc6d4b" outcome="Passed" testListId="8c84fa94-04c1-424b-9868-57a2d4851a1d" relativeResultsDirectory="b6782eed-ea15-44f8-9821-9e84bf9c487b" />
    <UnitTestResult executionId="f9dd96b5-f6fb-441d-b069-fa1770bcecdc" testId="2f2bcb62-785c-1992-a887-ee23ecc213a7" testName="CanReadEvent_ReturnsFalse_WhenNoAccessToSource (UserDefined)" computerName="DKSR-EFI-06" duration="00:00:00.0037911" startTime="2024-01-09T15:43:20.5447484+01:00" endTime="2024-01-09T15:43:20.5603741+01:00" testType="13cdc9d9-ddb5-4fa4-a97d-d965ccfc6d4b" outcome="Passed" testListId="8c84fa94-04c1-424b-9868-57a2d4851a1d" relativeResultsDirectory="f9dd96b5-f6fb-441d-b069-fa1770bcecdc" />
    <UnitTestResult executionId="85d08d6a-1ab0-4cb9-bc9f-33363b6a25ee" testId="7e5c5e5c-6e2b-26bb-73b5-03fd4e7512ca" testName="CanReadBaseEvent_ReturnsTrue_WhenEvent (Generic)" computerName="DKSR-EFI-06" duration="00:00:00.0030597" startTime="2024-01-09T15:43:20.6228728+01:00" endTime="2024-01-09T15:43:20.6228728+01:00" testType="13cdc9d9-ddb5-4fa4-a97d-d965ccfc6d4b" outcome="Passed" testListId="8c84fa94-04c1-424b-9868-57a2d4851a1d" relativeResultsDirectory="85d08d6a-1ab0-4cb9-bc9f-33363b6a25ee" />
    <UnitTestResult executionId="9a20f6b6-ddfd-49ed-b4f6-b9438c920bff" testId="800fdd38-2857-5678-a5ad-880a86a63143" testName="MipMessageSubscriber_NotifiesSubscribers_OnMipMessage" computerName="DKSR-EFI-06" duration="00:00:00.1147953" startTime="2024-01-09T15:43:20.0603713+01:00" endTime="2024-01-09T15:43:20.1697467+01:00" testType="13cdc9d9-ddb5-4fa4-a97d-d965ccfc6d4b" outcome="Passed" testListId="8c84fa94-04c1-424b-9868-57a2d4851a1d" relativeResultsDirectory="9a20f6b6-ddfd-49ed-b4f6-b9438c920bff" />
    <UnitTestResult executionId="f2d8ec4a-1de0-4eba-b77b-a6f7c7d774d3" testId="006cfdd4-f59e-5ae2-2ebd-9b6b515752e6" testName="Constructor_ShouldThrowArgumentNullException_WhenEventRetentionConfigIsNull" computerName="DKSR-EFI-06" duration="00:00:01.5539571" startTime="2024-01-09T15:43:16.3884939+01:00" endTime="2024-01-09T15:43:18.4978710+01:00" testType="13cdc9d9-ddb5-4fa4-a97d-d965ccfc6d4b" outcome="Passed" testListId="8c84fa94-04c1-424b-9868-57a2d4851a1d" relativeResultsDirectory="f2d8ec4a-1de0-4eba-b77b-a6f7c7d774d3" />
    <UnitTestResult executionId="f401b26e-00bc-45a4-94cd-9300c3a69524" testId="2447d78e-aef4-ba4e-8fae-e48817933aca" testName="CanTriggerEvent_ReturnsTrue_WhenServiceToken (System)" computerName="DKSR-EFI-06" duration="00:00:00.0025498" startTime="2024-01-09T15:43:20.5291229+01:00" endTime="2024-01-09T15:43:20.5291229+01:00" testType="13cdc9d9-ddb5-4fa4-a97d-d965ccfc6d4b" outcome="Passed" testListId="8c84fa94-04c1-424b-9868-57a2d4851a1d" relativeResultsDirectory="f401b26e-00bc-45a4-94cd-9300c3a69524" />
    <UnitTestResult executionId="8e4e540d-defa-422a-94e7-395133132b27" testId="b3f106ae-1437-e583-be78-8138d9d6840f" testName="CanTriggerBaseEvent_ReturnsTrue_WhenServiceToken (Generic)" computerName="DKSR-EFI-06" duration="00:00:00.0042761" startTime="2024-01-09T15:43:20.5291229+01:00" endTime="2024-01-09T15:43:20.5291229+01:00" testType="13cdc9d9-ddb5-4fa4-a97d-d965ccfc6d4b" outcome="Passed" testListId="8c84fa94-04c1-424b-9868-57a2d4851a1d" relativeResultsDirectory="8e4e540d-defa-422a-94e7-395133132b27" />
    <UnitTestResult executionId="e508d5c9-4d6f-4640-9b64-686286938fdc" testId="2e92e005-fd8e-7d79-b7e9-600ed234cb44" testName="CanTriggerBaseEvent_ReturnsFalse_WhenRestrictedEvent (Generic)" computerName="DKSR-EFI-06" duration="00:00:00.0033799" startTime="2024-01-09T15:43:20.6541234+01:00" endTime="2024-01-09T15:43:20.6697474+01:00" testType="13cdc9d9-ddb5-4fa4-a97d-d965ccfc6d4b" outcome="Passed" testListId="8c84fa94-04c1-424b-9868-57a2d4851a1d" relativeResultsDirectory="e508d5c9-4d6f-4640-9b64-686286938fdc" />
    <UnitTestResult executionId="2ccae055-2c38-4b33-b2c1-ca0a47807d56" testId="ffb8d590-65d4-fef1-321d-956b32fe918a" testName="Constructor_ShouldThrowArgumentNullException_WhenEventRetentionConfigIsNull" computerName="DKSR-EFI-06" duration="00:00:00.0044855" startTime="2024-01-09T15:43:18.9353725+01:00" endTime="2024-01-09T15:43:18.9353725+01:00" testType="13cdc9d9-ddb5-4fa4-a97d-d965ccfc6d4b" outcome="Passed" testListId="8c84fa94-04c1-424b-9868-57a2d4851a1d" relativeResultsDirectory="2ccae055-2c38-4b33-b2c1-ca0a47807d56" />
    <UnitTestResult executionId="e8650c8e-7a7f-4af4-af66-a8f3890aeff4" testId="5f466e01-f321-7f45-472d-f8d5358848fc" testName="ShouldStoreEvent_ShouldReturnFalse_WhenGroupRetentionIsZero" computerName="DKSR-EFI-06" duration="00:00:00.0183301" startTime="2024-01-09T15:43:19.0291233+01:00" endTime="2024-01-09T15:43:19.0447485+01:00" testType="13cdc9d9-ddb5-4fa4-a97d-d965ccfc6d4b" outcome="Passed" testListId="8c84fa94-04c1-424b-9868-57a2d4851a1d" relativeResultsDirectory="e8650c8e-7a7f-4af4-af66-a8f3890aeff4" />
    <UnitTestResult executionId="169ea178-828a-45e8-8a26-2a38c56ec874" testId="03b1aad4-00a3-252a-bc69-07c1e68b7da4" testName="CanReadEvent_ReturnsTrue_WhenServiceToken (Plugin)" computerName="DKSR-EFI-06" duration="00:00:00.0021761" startTime="2024-01-09T15:43:20.4666221+01:00" endTime="2024-01-09T15:43:20.4666221+01:00" testType="13cdc9d9-ddb5-4fa4-a97d-d965ccfc6d4b" outcome="Passed" testListId="8c84fa94-04c1-424b-9868-57a2d4851a1d" relativeResultsDirectory="169ea178-828a-45e8-8a26-2a38c56ec874" />
    <UnitTestResult executionId="6997b5a8-acc4-4f27-ba6b-3c09b2257b5c" testId="9fa57a39-4e10-014c-7081-775e21f575fd" testName="GetExpirationDate_ShouldReturn5DaysFromTimestamp_WhenDefaultRetentionIs5" computerName="DKSR-EFI-06" duration="00:00:00.0009250" startTime="2024-01-09T15:43:19.1384960+01:00" endTime="2024-01-09T15:43:19.1384960+01:00" testType="13cdc9d9-ddb5-4fa4-a97d-d965ccfc6d4b" outcome="Passed" testListId="8c84fa94-04c1-424b-9868-57a2d4851a1d" relativeResultsDirectory="6997b5a8-acc4-4f27-ba6b-3c09b2257b5c" />
    <UnitTestResult executionId="dbfc85d3-837b-4bf5-8cf6-88a675f9a8d3" testId="5e28c1d0-ddd1-a3e3-40aa-c884a0e91f3a" testName="CanTriggerEvent_ReturnsFalse_WhenRestrictedEvent (System)" computerName="DKSR-EFI-06" duration="00:00:00.0024956" startTime="2024-01-09T15:43:20.6541234+01:00" endTime="2024-01-09T15:43:20.6541234+01:00" testType="13cdc9d9-ddb5-4fa4-a97d-d965ccfc6d4b" outcome="Passed" testListId="8c84fa94-04c1-424b-9868-57a2d4851a1d" relativeResultsDirectory="dbfc85d3-837b-4bf5-8cf6-88a675f9a8d3" />
    <UnitTestResult executionId="9256a01d-60aa-484d-98d4-0e8785d0e0e4" testId="067f5223-a1b1-52ca-b7f6-e1297fb096ce" testName="EventsTypeCache_ReturnsEmptyEventType_OnUnknownNonInitializedEventId" computerName="DKSR-EFI-06" duration="00:00:00.0003191" startTime="2024-01-09T15:43:19.9509974+01:00" endTime="2024-01-09T15:43:19.9509974+01:00" testType="13cdc9d9-ddb5-4fa4-a97d-d965ccfc6d4b" outcome="Passed" testListId="8c84fa94-04c1-424b-9868-57a2d4851a1d" relativeResultsDirectory="9256a01d-60aa-484d-98d4-0e8785d0e0e4" />
    <UnitTestResult executionId="5b6ced2a-946c-43c4-a568-7cbee6bada05" testId="2888fd49-31e5-80e5-81d7-fab4fcadb96d" testName="GetExpirationDate_ShouldReturn5DaysFromTimestamp_WhenEventRetentionIs5" computerName="DKSR-EFI-06" duration="00:00:00.0021001" startTime="2024-01-09T15:43:19.1228728+01:00" endTime="2024-01-09T15:43:19.1228728+01:00" testType="13cdc9d9-ddb5-4fa4-a97d-d965ccfc6d4b" outcome="Passed" testListId="8c84fa94-04c1-424b-9868-57a2d4851a1d" relativeResultsDirectory="5b6ced2a-946c-43c4-a568-7cbee6bada05" />
    <UnitTestResult executionId="563fb884-765a-4327-824f-93b6e5453055" testId="feae33bc-d61e-ecec-94fa-d0e605001d3e" testName="GetExpirationDate_ShouldReturnTimestamp_WhenDefaultRetentionIsZero" computerName="DKSR-EFI-06" duration="00:00:00.0007758" startTime="2024-01-09T15:43:19.1228728+01:00" endTime="2024-01-09T15:43:19.1228728+01:00" testType="13cdc9d9-ddb5-4fa4-a97d-d965ccfc6d4b" outcome="Passed" testListId="8c84fa94-04c1-424b-9868-57a2d4851a1d" relativeResultsDirectory="563fb884-765a-4327-824f-93b6e5453055" />
    <UnitTestResult executionId="c20efd60-52d3-4bb9-b862-d6e68dfdff32" testId="08bb1519-9658-bb9e-007e-6b9e83d889c4" testName="CanReadEvent_ReturnsTrue_WhenServiceToken (Generic)" computerName="DKSR-EFI-06" duration="00:00:00.0337552" startTime="2024-01-09T15:43:20.2009975+01:00" endTime="2024-01-09T15:43:20.4510010+01:00" testType="13cdc9d9-ddb5-4fa4-a97d-d965ccfc6d4b" outcome="Passed" testListId="8c84fa94-04c1-424b-9868-57a2d4851a1d" relativeResultsDirectory="c20efd60-52d3-4bb9-b862-d6e68dfdff32" />
    <UnitTestResult executionId="f50d74af-6fc6-436d-97d4-89af20a6b718" testId="51e95447-a3a4-00a0-1cfd-e0a41ee04691" testName="CanReadBaseEvent_ReturnsTrue_WhenEvent (Plugin)" computerName="DKSR-EFI-06" duration="00:00:00.0027895" startTime="2024-01-09T15:43:20.6384976+01:00" endTime="2024-01-09T15:43:20.6384976+01:00" testType="13cdc9d9-ddb5-4fa4-a97d-d965ccfc6d4b" outcome="Passed" testListId="8c84fa94-04c1-424b-9868-57a2d4851a1d" relativeResultsDirectory="f50d74af-6fc6-436d-97d4-89af20a6b718" />
    <UnitTestResult executionId="5184800c-b31a-4073-be1d-edb3c2f01861" testId="a3a03c03-08f0-56ef-314c-619079c812f6" testName="UpdateEventsExpiration_ShouldUpdateRetentionInBothActiveAndInactiveTables_WhenRetentionValuesChange" computerName="DKSR-EFI-06" duration="00:00:00.1844627" startTime="2024-01-09T15:43:18.6853717+01:00" endTime="2024-01-09T15:43:18.8728716+01:00" testType="13cdc9d9-ddb5-4fa4-a97d-d965ccfc6d4b" outcome="Passed" testListId="8c84fa94-04c1-424b-9868-57a2d4851a1d" relativeResultsDirectory="5184800c-b31a-4073-be1d-edb3c2f01861" />
    <UnitTestResult executionId="2cd90eb8-6ab8-4f8e-bbb0-46a2357c0e14" testId="4ff5f407-b337-5136-2788-919d52df336b" testName="CanReadBaseEvent_ReturnsTrue_WhenServiceToken (Plugin)" computerName="DKSR-EFI-06" duration="00:00:00.0028101" startTime="2024-01-09T15:43:20.4822504+01:00" endTime="2024-01-09T15:43:20.4978731+01:00" testType="13cdc9d9-ddb5-4fa4-a97d-d965ccfc6d4b" outcome="Passed" testListId="8c84fa94-04c1-424b-9868-57a2d4851a1d" relativeResultsDirectory="2cd90eb8-6ab8-4f8e-bbb0-46a2357c0e14" />
    <UnitTestResult executionId="7283162e-7dc5-4553-9a9c-7c0f645e5529" testId="dd0ade5b-e66a-248e-bbf3-e37987eec061" testName="EventTypeProviderProxy_CallsInternalImplementer" computerName="DKSR-EFI-06" duration="00:00:00.1042224" startTime="2024-01-09T15:43:19.9509974+01:00" endTime="2024-01-09T15:43:20.0603713+01:00" testType="13cdc9d9-ddb5-4fa4-a97d-d965ccfc6d4b" outcome="Passed" testListId="8c84fa94-04c1-424b-9868-57a2d4851a1d" relativeResultsDirectory="7283162e-7dc5-4553-9a9c-7c0f645e5529" />
    <UnitTestResult executionId="b70a9f52-7b90-4860-a9b2-0ef85d75eb50" testId="277c9b63-7ac0-6155-8530-375fb52cb873" testName="CanTriggerBaseEvent_ReturnsTrue_WhenServiceToken (UserDefined)" computerName="DKSR-EFI-06" duration="00:00:00.0027312" startTime="2024-01-09T15:43:20.5291229+01:00" endTime="2024-01-09T15:43:20.5447484+01:00" testType="13cdc9d9-ddb5-4fa4-a97d-d965ccfc6d4b" outcome="Passed" testListId="8c84fa94-04c1-424b-9868-57a2d4851a1d" relativeResultsDirectory="b70a9f52-7b90-4860-a9b2-0ef85d75eb50" />
    <UnitTestResult executionId="eb1df225-4b1a-4810-9f85-59bba4db7730" testId="51fdc1ed-0ab0-6c98-1f01-3d8d98494f5c" testName="Constructor_ShouldThrowArgumentNullException_WhenConfigFilterManagerIsNull" computerName="DKSR-EFI-06" duration="00:00:00.0010742" startTime="2024-01-09T15:43:18.9353725+01:00" endTime="2024-01-09T15:43:18.9353725+01:00" testType="13cdc9d9-ddb5-4fa4-a97d-d965ccfc6d4b" outcome="Passed" testListId="8c84fa94-04c1-424b-9868-57a2d4851a1d" relativeResultsDirectory="eb1df225-4b1a-4810-9f85-59bba4db7730" />
    <UnitTestResult executionId="a4e603e6-be5b-4449-91ba-65248d2d0586" testId="0d17111d-4bcc-7465-5d12-635a518a19e2" testName="EventsTypeCache_ReturnsCorrectGroupId_OnKnownInitializedEventId" computerName="DKSR-EFI-06" duration="00:00:00.6941388" startTime="2024-01-09T15:43:19.2166249+01:00" endTime="2024-01-09T15:43:19.9041246+01:00" testType="13cdc9d9-ddb5-4fa4-a97d-d965ccfc6d4b" outcome="Passed" testListId="8c84fa94-04c1-424b-9868-57a2d4851a1d" relativeResultsDirectory="a4e603e6-be5b-4449-91ba-65248d2d0586" />
    <UnitTestResult executionId="17201fd2-9d9d-4ee2-a6a8-b80df4f8239c" testId="c994e312-aae9-bc5e-4d57-c42d1bd9bbce" testName="EventsTypeCache_ReturnsEmptyGroupId_OnUnknownNonInitializedEventId" computerName="DKSR-EFI-06" duration="00:00:00.0004153" startTime="2024-01-09T15:43:19.9353738+01:00" endTime="2024-01-09T15:43:19.9353738+01:00" testType="13cdc9d9-ddb5-4fa4-a97d-d965ccfc6d4b" outcome="Passed" testListId="8c84fa94-04c1-424b-9868-57a2d4851a1d" relativeResultsDirectory="17201fd2-9d9d-4ee2-a6a8-b80df4f8239c" />
    <UnitTestResult executionId="96880b2a-1031-4e8e-8fd7-08974fdb822c" testId="f6cb65d0-3b5b-94da-6844-309a8cd4bde0" testName="CanTriggerBaseEvent_ReturnsFalse_WhenRestrictedEvent (System)" computerName="DKSR-EFI-06" duration="00:00:00.0034057" startTime="2024-01-09T15:43:20.7009988+01:00" endTime="2024-01-09T15:43:20.7166236+01:00" testType="13cdc9d9-ddb5-4fa4-a97d-d965ccfc6d4b" outcome="Passed" testListId="8c84fa94-04c1-424b-9868-57a2d4851a1d" relativeResultsDirectory="96880b2a-1031-4e8e-8fd7-08974fdb822c" />
    <UnitTestResult executionId="0f8b3a93-965d-4fcd-9337-25174170a0a2" testId="f77d5569-ede8-999c-aaee-e9d8d59ce1fa" testName="CanReadBaseEvent_ReturnsTrue_WhenEvent (System)" computerName="DKSR-EFI-06" duration="00:00:00.0034608" startTime="2024-01-09T15:43:20.6384976+01:00" endTime="2024-01-09T15:43:20.6541234+01:00" testType="13cdc9d9-ddb5-4fa4-a97d-d965ccfc6d4b" outcome="Passed" testListId="8c84fa94-04c1-424b-9868-57a2d4851a1d" relativeResultsDirectory="0f8b3a93-965d-4fcd-9337-25174170a0a2" />
    <UnitTestResult executionId="2d9cf30a-3fb7-4842-8f7d-faafc2afa5da" testId="b139e58f-7567-02c2-e765-21af397e4452" testName="Dispose_ShouldDisposeTimer_OnShutDown" computerName="DKSR-EFI-06" duration="00:00:00.0030534" startTime="2024-01-09T15:43:18.9197458+01:00" endTime="2024-01-09T15:43:18.9197458+01:00" testType="13cdc9d9-ddb5-4fa4-a97d-d965ccfc6d4b" outcome="Passed" testListId="8c84fa94-04c1-424b-9868-57a2d4851a1d" relativeResultsDirectory="2d9cf30a-3fb7-4842-8f7d-faafc2afa5da" />
    <UnitTestResult executionId="41cab33c-5164-40a8-a6ce-db8fdbb18322" testId="45518f28-1410-acf8-7d30-abd035e4a78d" testName="CanTriggerEvent_ReturnsFalse_WhenNoAccessToSource (UserDefined)" computerName="DKSR-EFI-06" duration="00:00:00.0023127" startTime="2024-01-09T15:43:20.5759982+01:00" endTime="2024-01-09T15:43:20.5759982+01:00" testType="13cdc9d9-ddb5-4fa4-a97d-d965ccfc6d4b" outcome="Passed" testListId="8c84fa94-04c1-424b-9868-57a2d4851a1d" relativeResultsDirectory="41cab33c-5164-40a8-a6ce-db8fdbb18322" />
    <UnitTestResult executionId="88ebce8e-a2d6-49cb-a010-1b03aa01ab63" testId="53aabe53-3c03-a1a3-0917-7cbab483bb60" testName="CanReadEvent_ReturnsTrue_WhenEvent (Plugin)" computerName="DKSR-EFI-06" duration="00:00:00.0021612" startTime="2024-01-09T15:43:20.6072486+01:00" endTime="2024-01-09T15:43:20.6072486+01:00" testType="13cdc9d9-ddb5-4fa4-a97d-d965ccfc6d4b" outcome="Passed" testListId="8c84fa94-04c1-424b-9868-57a2d4851a1d" relativeResultsDirectory="88ebce8e-a2d6-49cb-a010-1b03aa01ab63" />
    <UnitTestResult executionId="263e4ed2-aaaf-4b72-8203-9bbb6ec15ef7" testId="a95d489b-f484-bac4-e59b-ef9f10b40d28" testName="CanReadBaseEvent_ReturnsTrue_WhenServiceToken (System)" computerName="DKSR-EFI-06" duration="00:00:00.0028981" startTime="2024-01-09T15:43:20.4978731+01:00" endTime="2024-01-09T15:43:20.4978731+01:00" testType="13cdc9d9-ddb5-4fa4-a97d-d965ccfc6d4b" outcome="Passed" testListId="8c84fa94-04c1-424b-9868-57a2d4851a1d" relativeResultsDirectory="263e4ed2-aaaf-4b72-8203-9bbb6ec15ef7" />
    <UnitTestResult executionId="c882938a-4320-4c4e-8392-9c1da6f2d21a" testId="cc3ee0e1-f671-56fb-43ca-914143ebdca1" testName="CanReadBaseEvent_ReturnsTrue_WhenServiceToken (UserDefined)" computerName="DKSR-EFI-06" duration="00:00:00.0029295" startTime="2024-01-09T15:43:20.4822504+01:00" endTime="2024-01-09T15:43:20.4822504+01:00" testType="13cdc9d9-ddb5-4fa4-a97d-d965ccfc6d4b" outcome="Passed" testListId="8c84fa94-04c1-424b-9868-57a2d4851a1d" relativeResultsDirectory="c882938a-4320-4c4e-8392-9c1da6f2d21a" />
    <UnitTestResult executionId="a7247f47-7659-4b94-9e71-7064a149aec6" testId="0c68a89b-7b19-7347-721e-06476beb017a" testName="ShouldStoreEvent_ShouldReturnTrue_WhenGroupRetentionIsNonZero" computerName="DKSR-EFI-06" duration="00:00:00.0028010" startTime="2024-01-09T15:43:19.1072483+01:00" endTime="2024-01-09T15:43:19.1072483+01:00" testType="13cdc9d9-ddb5-4fa4-a97d-d965ccfc6d4b" outcome="Passed" testListId="8c84fa94-04c1-424b-9868-57a2d4851a1d" relativeResultsDirectory="a7247f47-7659-4b94-9e71-7064a149aec6" />
    <UnitTestResult executionId="686620f8-cc2b-49fc-8e6e-51c1b4fe89ff" testId="15e2ad10-6be6-f4f0-8f1a-8a9d02d8fba1" testName="CanTriggerEvent_ReturnsTrue_WhenServiceToken (Generic)" computerName="DKSR-EFI-06" duration="00:00:00.0034113" startTime="2024-01-09T15:43:20.4978731+01:00" endTime="2024-01-09T15:43:20.4978731+01:00" testType="13cdc9d9-ddb5-4fa4-a97d-d965ccfc6d4b" outcome="Passed" testListId="8c84fa94-04c1-424b-9868-57a2d4851a1d" relativeResultsDirectory="686620f8-cc2b-49fc-8e6e-51c1b4fe89ff" />
    <UnitTestResult executionId="c40a87de-0048-4e64-96f1-0d2e7a3c3d0b" testId="36fdb8b6-2e1a-149a-3e01-02a0fa777cb6" testName="ShouldStoreEvent_ShouldReturnTrue_WhenDefaultRetentionIsNonZero" computerName="DKSR-EFI-06" duration="00:00:00.0007784" startTime="2024-01-09T15:43:19.1072483+01:00" endTime="2024-01-09T15:43:19.1072483+01:00" testType="13cdc9d9-ddb5-4fa4-a97d-d965ccfc6d4b" outcome="Passed" testListId="8c84fa94-04c1-424b-9868-57a2d4851a1d" relativeResultsDirectory="c40a87de-0048-4e64-96f1-0d2e7a3c3d0b" />
    <UnitTestResult executionId="cab490ea-00fc-4bf3-8012-2eaf81bfbc32" testId="0b786515-8f01-01ca-7e12-d0f1c87311e8" testName="CanTriggerBaseEvent_ReturnsTrue_WhenServiceToken (System)" computerName="DKSR-EFI-06" duration="00:00:00.0027656" startTime="2024-01-09T15:43:20.5447484+01:00" endTime="2024-01-09T15:43:20.5447484+01:00" testType="13cdc9d9-ddb5-4fa4-a97d-d965ccfc6d4b" outcome="Passed" testListId="8c84fa94-04c1-424b-9868-57a2d4851a1d" relativeResultsDirectory="cab490ea-00fc-4bf3-8012-2eaf81bfbc32" />
    <UnitTestResult executionId="f43044ef-56d5-4b16-9715-89c5c07cbbe0" testId="05b487fe-bd82-ea2f-6977-8657d26083bc" testName="CanReadBaseEvent_ReturnsTrue_WhenEvent (UserDefined)" computerName="DKSR-EFI-06" duration="00:00:00.0032387" startTime="2024-01-09T15:43:20.6228728+01:00" endTime="2024-01-09T15:43:20.6228728+01:00" testType="13cdc9d9-ddb5-4fa4-a97d-d965ccfc6d4b" outcome="Passed" testListId="8c84fa94-04c1-424b-9868-57a2d4851a1d" relativeResultsDirectory="f43044ef-56d5-4b16-9715-89c5c07cbbe0" />
    <UnitTestResult executionId="00ea56af-f4f4-4fb4-aa60-751c6e509f9f" testId="c09a5ad1-be59-a208-a1a8-44924d9aa496" testName="CanReadBaseEvent_ReturnsFalse_WhenNoAccessToSource (UserDefined)" computerName="DKSR-EFI-06" duration="00:00:00.0031702" startTime="2024-01-09T15:43:20.5603741+01:00" endTime="2024-01-09T15:43:20.5603741+01:00" testType="13cdc9d9-ddb5-4fa4-a97d-d965ccfc6d4b" outcome="Passed" testListId="8c84fa94-04c1-424b-9868-57a2d4851a1d" relativeResultsDirectory="00ea56af-f4f4-4fb4-aa60-751c6e509f9f" />
    <UnitTestResult executionId="cd36369d-0a54-48df-b34b-fcd685dad943" testId="20453c2b-e390-bc06-99c4-fa1e3b32a8e6" testName="CanTriggerEvent_ReturnsFalse_WhenNoAccessToSource (Plugin)" computerName="DKSR-EFI-06" duration="00:00:00.0023705" startTime="2024-01-09T15:43:20.5759982+01:00" endTime="2024-01-09T15:43:20.5759982+01:00" testType="13cdc9d9-ddb5-4fa4-a97d-d965ccfc6d4b" outcome="Passed" testListId="8c84fa94-04c1-424b-9868-57a2d4851a1d" relativeResultsDirectory="cd36369d-0a54-48df-b34b-fcd685dad943" />
    <UnitTestResult executionId="2f958c49-8d31-4c5a-9281-2604e1fa6d0c" testId="7ed7b993-59ec-ebd0-0b51-0229ff85a8f5" testName="CanTriggerEvent_ReturnsTrue_WhenServiceToken (Plugin)" computerName="DKSR-EFI-06" duration="00:00:00.0080892" startTime="2024-01-09T15:43:20.5134988+01:00" endTime="2024-01-09T15:43:20.5134988+01:00" testType="13cdc9d9-ddb5-4fa4-a97d-d965ccfc6d4b" outcome="Passed" testListId="8c84fa94-04c1-424b-9868-57a2d4851a1d" relativeResultsDirectory="2f958c49-8d31-4c5a-9281-2604e1fa6d0c" />
    <UnitTestResult executionId="e174fe48-7271-4008-acbb-a7526b4ea5b8" testId="823d3ed2-5b68-7647-c186-b492fa760906" testName="EventsTypeCache_ReturnsCorrectEventType_OnKnownInitializedEventId" computerName="DKSR-EFI-06" duration="00:00:00.0040350" startTime="2024-01-09T15:43:19.9509974+01:00" endTime="2024-01-09T15:43:19.9509974+01:00" testType="13cdc9d9-ddb5-4fa4-a97d-d965ccfc6d4b" outcome="Passed" testListId="8c84fa94-04c1-424b-9868-57a2d4851a1d" relativeResultsDirectory="e174fe48-7271-4008-acbb-a7526b4ea5b8" />
    <UnitTestResult executionId="3e444c7d-62fc-46c6-983d-4365f884fc85" testId="252da588-b738-e7f5-07d5-e14813f0aa72" testName="CanTriggerEvent_ReturnsFalse_WhenRestrictedEvent (Generic)" computerName="DKSR-EFI-06" duration="00:00:00.0038476" startTime="2024-01-09T15:43:20.6541234+01:00" endTime="2024-01-09T15:43:20.6541234+01:00" testType="13cdc9d9-ddb5-4fa4-a97d-d965ccfc6d4b" outcome="Passed" testListId="8c84fa94-04c1-424b-9868-57a2d4851a1d" relativeResultsDirectory="3e444c7d-62fc-46c6-983d-4365f884fc85" />
  </Results>
  <TestDefinitions>
    <UnitTest name="ShouldStoreEvent_ShouldReturnTrue_WhenDefaultRetentionIsNonZero" storage="d:\actions-runner\_work\xpco\xpco\eventserver\server\components\central\videoos.eventserver.events.domain.unittest\bin\debug\net472\videoos.eventserver.events.domain.unittest.dll" id="36fdb8b6-2e1a-149a-3e01-02a0fa777cb6">
      <Execution id="c40a87de-0048-4e64-96f1-0d2e7a3c3d0b" />
      <TestMethod codeBase="D:\actions-runner\_work\XPCO\XPCO\EventServer\Server\Components\Central\VideoOS.EventServer.Events.Domain.UnitTest\bin\Debug\net472\VideoOS.EventServer.Events.Domain.UnitTest.dll" adapterTypeName="executor://mstestadapter/v2" className="VideoOS.EventServer.Events.Domain.UnitTest.EventTypes.EventRetentionManagerTests" name="ShouldStoreEvent_ShouldReturnTrue_WhenDefaultRetentionIsNonZero" />
    </UnitTest>
    <UnitTest name="CanReadBaseEvent_ReturnsTrue_WhenServiceToken (UserDefined)" storage="d:\actions-runner\_work\xpco\xpco\eventserver\server\components\central\videoos.eventserver.events.domain.unittest\bin\debug\net472\videoos.eventserver.events.domain.unittest.dll" id="cc3ee0e1-f671-56fb-43ca-914143ebdca1">
      <Execution id="c882938a-4320-4c4e-8392-9c1da6f2d21a" />
      <TestMethod codeBase="D:\actions-runner\_work\XPCO\XPCO\EventServer\Server\Components\Central\VideoOS.EventServer.Events.Domain.UnitTest\bin\Debug\net472\VideoOS.EventServer.Events.Domain.UnitTest.dll" adapterTypeName="executor://mstestadapter/v2" className="VideoOS.EventServer.Events.Domain.UnitTest.Authorization.EventAuthorizationTests" name="CanReadBaseEvent_ReturnsTrue_WhenServiceToken" />
    </UnitTest>
    <UnitTest name="Constructor_ShouldThrowArgumentNullException_WhenEventRetentionConfigIsNull" storage="d:\actions-runner\_work\xpco\xpco\eventserver\server\components\central\videoos.eventserver.events.domain.unittest\bin\debug\net472\videoos.eventserver.events.domain.unittest.dll" id="ffb8d590-65d4-fef1-321d-956b32fe918a">
      <Execution id="2ccae055-2c38-4b33-b2c1-ca0a47807d56" />
      <TestMethod codeBase="D:\actions-runner\_work\XPCO\XPCO\EventServer\Server\Components\Central\VideoOS.EventServer.Events.Domain.UnitTest\bin\Debug\net472\VideoOS.EventServer.Events.Domain.UnitTest.dll" adapterTypeName="executor://mstestadapter/v2" className="VideoOS.EventServer.Events.Domain.UnitTest.EventTypes.EventRetentionManagerTests" name="Constructor_ShouldThrowArgumentNullException_WhenEventRetentionConfigIsNull" />
    </UnitTest>
    <UnitTest name="GetExpirationDate_ShouldReturnTimestamp_WhenEventRetentionIsZero" storage="d:\actions-runner\_work\xpco\xpco\eventserver\server\components\central\videoos.eventserver.events.domain.unittest\bin\debug\net472\videoos.eventserver.events.domain.unittest.dll" id="6f35b936-6444-18c8-0b81-2c2c6f9d78b5">
      <Execution id="28a99e44-13a4-49b1-8be4-2cc92e021151" />
      <TestMethod codeBase="D:\actions-runner\_work\XPCO\XPCO\EventServer\Server\Components\Central\VideoOS.EventServer.Events.Domain.UnitTest\bin\Debug\net472\VideoOS.EventServer.Events.Domain.UnitTest.dll" adapterTypeName="executor://mstestadapter/v2" className="VideoOS.EventServer.Events.Domain.UnitTest.EventTypes.EventRetentionManagerTests" name="GetExpirationDate_ShouldReturnTimestamp_WhenEventRetentionIsZero" />
    </UnitTest>
    <UnitTest name="ShouldStoreEvent_ShouldReturnFalse_WhenDefaultRetentionIsZero" storage="d:\actions-runner\_work\xpco\xpco\eventserver\server\components\central\videoos.eventserver.events.domain.unittest\bin\debug\net472\videoos.eventserver.events.domain.unittest.dll" id="a446f1cc-d1be-895d-4ac0-7926728c0506">
      <Execution id="87ce8a9b-d398-4740-9041-0180d7b57410" />
      <TestMethod codeBase="D:\actions-runner\_work\XPCO\XPCO\EventServer\Server\Components\Central\VideoOS.EventServer.Events.Domain.UnitTest\bin\Debug\net472\VideoOS.EventServer.Events.Domain.UnitTest.dll" adapterTypeName="executor://mstestadapter/v2" className="VideoOS.EventServer.Events.Domain.UnitTest.EventTypes.EventRetentionManagerTests" name="ShouldStoreEvent_ShouldReturnFalse_WhenDefaultRetentionIsZero" />
    </UnitTest>
    <UnitTest name="CanTriggerEvent_ReturnsTrue_WhenServiceToken (System)" storage="d:\actions-runner\_work\xpco\xpco\eventserver\server\components\central\videoos.eventserver.events.domain.unittest\bin\debug\net472\videoos.eventserver.events.domain.unittest.dll" id="2447d78e-aef4-ba4e-8fae-e48817933aca">
      <Execution id="f401b26e-00bc-45a4-94cd-9300c3a69524" />
      <TestMethod codeBase="D:\actions-runner\_work\XPCO\XPCO\EventServer\Server\Components\Central\VideoOS.EventServer.Events.Domain.UnitTest\bin\Debug\net472\VideoOS.EventServer.Events.Domain.UnitTest.dll" adapterTypeName="executor://mstestadapter/v2" className="VideoOS.EventServer.Events.Domain.UnitTest.Authorization.EventAuthorizationTests" name="CanTriggerEvent_ReturnsTrue_WhenServiceToken" />
    </UnitTest>
    <UnitTest name="CanReadEvent_ReturnsFalse_WhenNoAccessToSource (UserDefined)" storage="d:\actions-runner\_work\xpco\xpco\eventserver\server\components\central\videoos.eventserver.events.domain.unittest\bin\debug\net472\videoos.eventserver.events.domain.unittest.dll" id="2f2bcb62-785c-1992-a887-ee23ecc213a7">
      <Execution id="f9dd96b5-f6fb-441d-b069-fa1770bcecdc" />
      <TestMethod codeBase="D:\actions-runner\_work\XPCO\XPCO\EventServer\Server\Components\Central\VideoOS.EventServer.Events.Domain.UnitTest\bin\Debug\net472\VideoOS.EventServer.Events.Domain.UnitTest.dll" adapterTypeName="executor://mstestadapter/v2" className="VideoOS.EventServer.Events.Domain.UnitTest.Authorization.EventAuthorizationTests" name="CanReadEvent_ReturnsFalse_WhenNoAccessToSource" />
    </UnitTest>
    <UnitTest name="CanTriggerBaseEvent_ReturnsTrue_WhenServiceToken (Plugin)" storage="d:\actions-runner\_work\xpco\xpco\eventserver\server\components\central\videoos.eventserver.events.domain.unittest\bin\debug\net472\videoos.eventserver.events.domain.unittest.dll" id="325f4491-daf3-6de2-3920-16f97c0e407a">
      <Execution id="d3bf92b4-08f0-453b-b479-ce99eb6f147b" />
      <TestMethod codeBase="D:\actions-runner\_work\XPCO\XPCO\EventServer\Server\Components\Central\VideoOS.EventServer.Events.Domain.UnitTest\bin\Debug\net472\VideoOS.EventServer.Events.Domain.UnitTest.dll" adapterTypeName="executor://mstestadapter/v2" className="VideoOS.EventServer.Events.Domain.UnitTest.Authorization.EventAuthorizationTests" name="CanTriggerBaseEvent_ReturnsTrue_WhenServiceToken" />
    </UnitTest>
    <UnitTest name="EventsTypeCache_ReturnsCorrectEventType_OnKnownInitializedEventId" storage="d:\actions-runner\_work\xpco\xpco\eventserver\server\components\central\videoos.eventserver.events.domain.unittest\bin\debug\net472\videoos.eventserver.events.domain.unittest.dll" id="823d3ed2-5b68-7647-c186-b492fa760906">
      <Execution id="e174fe48-7271-4008-acbb-a7526b4ea5b8" />
      <TestMethod codeBase="D:\actions-runner\_work\XPCO\XPCO\EventServer\Server\Components\Central\VideoOS.EventServer.Events.Domain.UnitTest\bin\Debug\net472\VideoOS.EventServer.Events.Domain.UnitTest.dll" adapterTypeName="executor://mstestadapter/v2" className="VideoOS.EventServer.Events.Domain.UnitTest.EventTypes.EventsTypeCacheTest" name="EventsTypeCache_ReturnsCorrectEventType_OnKnownInitializedEventId" />
    </UnitTest>
    <UnitTest name="CanReadBaseEvent_ReturnsTrue_WhenEvent (UserDefined)" storage="d:\actions-runner\_work\xpco\xpco\eventserver\server\components\central\videoos.eventserver.events.domain.unittest\bin\debug\net472\videoos.eventserver.events.domain.unittest.dll" id="05b487fe-bd82-ea2f-6977-8657d26083bc">
      <Execution id="f43044ef-56d5-4b16-9715-89c5c07cbbe0" />
      <TestMethod codeBase="D:\actions-runner\_work\XPCO\XPCO\EventServer\Server\Components\Central\VideoOS.EventServer.Events.Domain.UnitTest\bin\Debug\net472\VideoOS.EventServer.Events.Domain.UnitTest.dll" adapterTypeName="executor://mstestadapter/v2" className="VideoOS.EventServer.Events.Domain.UnitTest.Authorization.EventAuthorizationTests" name="CanReadBaseEvent_ReturnsTrue_WhenEvent" />
    </UnitTest>
    <UnitTest name="CanReadBaseEvent_ReturnsTrue_WhenEvent (Generic)" storage="d:\actions-runner\_work\xpco\xpco\eventserver\server\components\central\videoos.eventserver.events.domain.unittest\bin\debug\net472\videoos.eventserver.events.domain.unittest.dll" id="7e5c5e5c-6e2b-26bb-73b5-03fd4e7512ca">
      <Execution id="85d08d6a-1ab0-4cb9-bc9f-33363b6a25ee" />
      <TestMethod codeBase="D:\actions-runner\_work\XPCO\XPCO\EventServer\Server\Components\Central\VideoOS.EventServer.Events.Domain.UnitTest\bin\Debug\net472\VideoOS.EventServer.Events.Domain.UnitTest.dll" adapterTypeName="executor://mstestadapter/v2" className="VideoOS.EventServer.Events.Domain.UnitTest.Authorization.EventAuthorizationTests" name="CanReadBaseEvent_ReturnsTrue_WhenEvent" />
    </UnitTest>
    <UnitTest name="CanReadEvent_ReturnsTrue_WhenServiceToken (System)" storage="d:\actions-runner\_work\xpco\xpco\eventserver\server\components\central\videoos.eventserver.events.domain.unittest\bin\debug\net472\videoos.eventserver.events.domain.unittest.dll" id="b4ece948-baf0-0800-46ee-b25b86be5b91">
      <Execution id="e583d745-b655-44a7-9892-b9fbf20d5b50" />
      <TestMethod codeBase="D:\actions-runner\_work\XPCO\XPCO\EventServer\Server\Components\Central\VideoOS.EventServer.Events.Domain.UnitTest\bin\Debug\net472\VideoOS.EventServer.Events.Domain.UnitTest.dll" adapterTypeName="executor://mstestadapter/v2" className="VideoOS.EventServer.Events.Domain.UnitTest.Authorization.EventAuthorizationTests" name="CanReadEvent_ReturnsTrue_WhenServiceToken" />
    </UnitTest>
    <UnitTest name="CanTriggerEvent_ReturnsFalse_WhenNoAccessToSource (UserDefined)" storage="d:\actions-runner\_work\xpco\xpco\eventserver\server\components\central\videoos.eventserver.events.domain.unittest\bin\debug\net472\videoos.eventserver.events.domain.unittest.dll" id="45518f28-1410-acf8-7d30-abd035e4a78d">
      <Execution id="41cab33c-5164-40a8-a6ce-db8fdbb18322" />
      <TestMethod codeBase="D:\actions-runner\_work\XPCO\XPCO\EventServer\Server\Components\Central\VideoOS.EventServer.Events.Domain.UnitTest\bin\Debug\net472\VideoOS.EventServer.Events.Domain.UnitTest.dll" adapterTypeName="executor://mstestadapter/v2" className="VideoOS.EventServer.Events.Domain.UnitTest.Authorization.EventAuthorizationTests" name="CanTriggerEvent_ReturnsFalse_WhenNoAccessToSource" />
    </UnitTest>
    <UnitTest name="CanTriggerEvent_ReturnsTrue_WhenServiceToken (Plugin)" storage="d:\actions-runner\_work\xpco\xpco\eventserver\server\components\central\videoos.eventserver.events.domain.unittest\bin\debug\net472\videoos.eventserver.events.domain.unittest.dll" id="7ed7b993-59ec-ebd0-0b51-0229ff85a8f5">
      <Execution id="2f958c49-8d31-4c5a-9281-2604e1fa6d0c" />
      <TestMethod codeBase="D:\actions-runner\_work\XPCO\XPCO\EventServer\Server\Components\Central\VideoOS.EventServer.Events.Domain.UnitTest\bin\Debug\net472\VideoOS.EventServer.Events.Domain.UnitTest.dll" adapterTypeName="executor://mstestadapter/v2" className="VideoOS.EventServer.Events.Domain.UnitTest.Authorization.EventAuthorizationTests" name="CanTriggerEvent_ReturnsTrue_WhenServiceToken" />
    </UnitTest>
    <UnitTest name="Start_ShouldCreateTimer_WhichCallsDeleteExpireWithThresholdFromAppConfig" storage="d:\actions-runner\_work\xpco\xpco\eventserver\server\components\central\videoos.eventserver.events.domain.unittest\bin\debug\net472\videoos.eventserver.events.domain.unittest.dll" id="21df9d0b-294b-18a3-e8c8-8618f36ceb5b">
      <Execution id="269db6c8-a939-4777-bc5a-4a5ecc636288" />
      <TestMethod codeBase="D:\actions-runner\_work\XPCO\XPCO\EventServer\Server\Components\Central\VideoOS.EventServer.Events.Domain.UnitTest\bin\Debug\net472\VideoOS.EventServer.Events.Domain.UnitTest.dll" adapterTypeName="executor://mstestadapter/v2" className="VideoOS.EventServer.Events.Domain.UnitTest.EventRetentionCleanerTests" name="Start_ShouldCreateTimer_WhichCallsDeleteExpireWithThresholdFromAppConfig" />
    </UnitTest>
    <UnitTest name="UpdateEventsExpiration_ShouldUpdateRetentionInBothActiveAndInactiveTables_WhenRetentionValuesChange" storage="d:\actions-runner\_work\xpco\xpco\eventserver\server\components\central\videoos.eventserver.events.domain.unittest\bin\debug\net472\videoos.eventserver.events.domain.unittest.dll" id="a3a03c03-08f0-56ef-314c-619079c812f6">
      <Execution id="5184800c-b31a-4073-be1d-edb3c2f01861" />
      <TestMethod codeBase="D:\actions-runner\_work\XPCO\XPCO\EventServer\Server\Components\Central\VideoOS.EventServer.Events.Domain.UnitTest\bin\Debug\net472\VideoOS.EventServer.Events.Domain.UnitTest.dll" adapterTypeName="executor://mstestadapter/v2" className="VideoOS.EventServer.Events.Domain.UnitTest.EventRetentionCleanerTests" name="UpdateEventsExpiration_ShouldUpdateRetentionInBothActiveAndInactiveTables_WhenRetentionValuesChange" />
    </UnitTest>
    <UnitTest name="EventsTypeCache_ReturnsEmptyGroupId_OnUnknownNonInitializedEventId" storage="d:\actions-runner\_work\xpco\xpco\eventserver\server\components\central\videoos.eventserver.events.domain.unittest\bin\debug\net472\videoos.eventserver.events.domain.unittest.dll" id="c994e312-aae9-bc5e-4d57-c42d1bd9bbce">
      <Execution id="17201fd2-9d9d-4ee2-a6a8-b80df4f8239c" />
      <TestMethod codeBase="D:\actions-runner\_work\XPCO\XPCO\EventServer\Server\Components\Central\VideoOS.EventServer.Events.Domain.UnitTest\bin\Debug\net472\VideoOS.EventServer.Events.Domain.UnitTest.dll" adapterTypeName="executor://mstestadapter/v2" className="VideoOS.EventServer.Events.Domain.UnitTest.EventTypes.EventsTypeCacheTest" name="EventsTypeCache_ReturnsEmptyGroupId_OnUnknownNonInitializedEventId" />
    </UnitTest>
    <UnitTest name="CanReadEvent_ReturnsTrue_WhenEvent (UserDefined)" storage="d:\actions-runner\_work\xpco\xpco\eventserver\server\components\central\videoos.eventserver.events.domain.unittest\bin\debug\net472\videoos.eventserver.events.domain.unittest.dll" id="f19c9b20-45be-dac6-2cac-4972ceff78bd">
      <Execution id="8ed9c9c6-502b-4abf-b0ed-8d70a2d15dcc" />
      <TestMethod codeBase="D:\actions-runner\_work\XPCO\XPCO\EventServer\Server\Components\Central\VideoOS.EventServer.Events.Domain.UnitTest\bin\Debug\net472\VideoOS.EventServer.Events.Domain.UnitTest.dll" adapterTypeName="executor://mstestadapter/v2" className="VideoOS.EventServer.Events.Domain.UnitTest.Authorization.EventAuthorizationTests" name="CanReadEvent_ReturnsTrue_WhenEvent" />
    </UnitTest>
    <UnitTest name="CanReadBaseEvent_ReturnsFalse_WhenNoAccessToSource (Plugin)" storage="d:\actions-runner\_work\xpco\xpco\eventserver\server\components\central\videoos.eventserver.events.domain.unittest\bin\debug\net472\videoos.eventserver.events.domain.unittest.dll" id="ed50f478-3dbe-e89a-bc68-d299a3059763">
      <Execution id="56312b47-41b8-423e-b13c-e0b7cdae7ad3" />
      <TestMethod codeBase="D:\actions-runner\_work\XPCO\XPCO\EventServer\Server\Components\Central\VideoOS.EventServer.Events.Domain.UnitTest\bin\Debug\net472\VideoOS.EventServer.Events.Domain.UnitTest.dll" adapterTypeName="executor://mstestadapter/v2" className="VideoOS.EventServer.Events.Domain.UnitTest.Authorization.EventAuthorizationTests" name="CanReadBaseEvent_ReturnsFalse_WhenNoAccessToSource" />
    </UnitTest>
    <UnitTest name="CanReadEvent_ReturnsTrue_WhenServiceToken (Plugin)" storage="d:\actions-runner\_work\xpco\xpco\eventserver\server\components\central\videoos.eventserver.events.domain.unittest\bin\debug\net472\videoos.eventserver.events.domain.unittest.dll" id="03b1aad4-00a3-252a-bc69-07c1e68b7da4">
      <Execution id="169ea178-828a-45e8-8a26-2a38c56ec874" />
      <TestMethod codeBase="D:\actions-runner\_work\XPCO\XPCO\EventServer\Server\Components\Central\VideoOS.EventServer.Events.Domain.UnitTest\bin\Debug\net472\VideoOS.EventServer.Events.Domain.UnitTest.dll" adapterTypeName="executor://mstestadapter/v2" className="VideoOS.EventServer.Events.Domain.UnitTest.Authorization.EventAuthorizationTests" name="CanReadEvent_ReturnsTrue_WhenServiceToken" />
    </UnitTest>
    <UnitTest name="EventTypeProviderProxy_CallsInternalImplementer" storage="d:\actions-runner\_work\xpco\xpco\eventserver\server\components\central\videoos.eventserver.events.domain.unittest\bin\debug\net472\videoos.eventserver.events.domain.unittest.dll" id="dd0ade5b-e66a-248e-bbf3-e37987eec061">
      <Execution id="7283162e-7dc5-4553-9a9c-7c0f645e5529" />
      <TestMethod codeBase="D:\actions-runner\_work\XPCO\XPCO\EventServer\Server\Components\Central\VideoOS.EventServer.Events.Domain.UnitTest\bin\Debug\net472\VideoOS.EventServer.Events.Domain.UnitTest.dll" adapterTypeName="executor://mstestadapter/v2" className="VideoOS.EventServer.Events.Domain.UnitTest.EventTypes.EventTypeProviderProxyTests" name="EventTypeProviderProxy_CallsInternalImplementer" />
    </UnitTest>
    <UnitTest name="Constructor_ShouldThrowArgumentNullException_WhenConfigFilterManagerIsNull" storage="d:\actions-runner\_work\xpco\xpco\eventserver\server\components\central\videoos.eventserver.events.domain.unittest\bin\debug\net472\videoos.eventserver.events.domain.unittest.dll" id="4703e4d0-e3c1-4daa-02f2-d72582880e4d">
      <Execution id="c487c7b4-29ce-4d31-86a4-5c4e3d086a2c" />
      <TestMethod codeBase="D:\actions-runner\_work\XPCO\XPCO\EventServer\Server\Components\Central\VideoOS.EventServer.Events.Domain.UnitTest\bin\Debug\net472\VideoOS.EventServer.Events.Domain.UnitTest.dll" adapterTypeName="executor://mstestadapter/v2" className="VideoOS.EventServer.Events.Domain.UnitTest.EventRetentionCleanerTests" name="Constructor_ShouldThrowArgumentNullException_WhenConfigFilterManagerIsNull" />
    </UnitTest>
    <UnitTest name="Constructor_ShouldThrowArgumentNullException_WhenConfigFilterManagerIsNull" storage="d:\actions-runner\_work\xpco\xpco\eventserver\server\components\central\videoos.eventserver.events.domain.unittest\bin\debug\net472\videoos.eventserver.events.domain.unittest.dll" id="51fdc1ed-0ab0-6c98-1f01-3d8d98494f5c">
      <Execution id="eb1df225-4b1a-4810-9f85-59bba4db7730" />
      <TestMethod codeBase="D:\actions-runner\_work\XPCO\XPCO\EventServer\Server\Components\Central\VideoOS.EventServer.Events.Domain.UnitTest\bin\Debug\net472\VideoOS.EventServer.Events.Domain.UnitTest.dll" adapterTypeName="executor://mstestadapter/v2" className="VideoOS.EventServer.Events.Domain.UnitTest.EventTypes.EventRetentionManagerTests" name="Constructor_ShouldThrowArgumentNullException_WhenConfigFilterManagerIsNull" />
    </UnitTest>
    <UnitTest name="CanReadEvent_ReturnsTrue_WhenServiceToken (UserDefined)" storage="d:\actions-runner\_work\xpco\xpco\eventserver\server\components\central\videoos.eventserver.events.domain.unittest\bin\debug\net472\videoos.eventserver.events.domain.unittest.dll" id="3078611e-f13e-7a7f-32c7-7708471cfe19">
      <Execution id="b6782eed-ea15-44f8-9821-9e84bf9c487b" />
      <TestMethod codeBase="D:\actions-runner\_work\XPCO\XPCO\EventServer\Server\Components\Central\VideoOS.EventServer.Events.Domain.UnitTest\bin\Debug\net472\VideoOS.EventServer.Events.Domain.UnitTest.dll" adapterTypeName="executor://mstestadapter/v2" className="VideoOS.EventServer.Events.Domain.UnitTest.Authorization.EventAuthorizationTests" name="CanReadEvent_ReturnsTrue_WhenServiceToken" />
    </UnitTest>
    <UnitTest name="ShouldStoreEvent_ShouldReturnTrue_WhenEventRetentionIsNonZero" storage="d:\actions-runner\_work\xpco\xpco\eventserver\server\components\central\videoos.eventserver.events.domain.unittest\bin\debug\net472\videoos.eventserver.events.domain.unittest.dll" id="3280b4a7-5d4d-4411-55b7-1865a7ac1e54">
      <Execution id="bae96549-9eef-4557-8ed0-3e8fb600fe35" />
      <TestMethod codeBase="D:\actions-runner\_work\XPCO\XPCO\EventServer\Server\Components\Central\VideoOS.EventServer.Events.Domain.UnitTest\bin\Debug\net472\VideoOS.EventServer.Events.Domain.UnitTest.dll" adapterTypeName="executor://mstestadapter/v2" className="VideoOS.EventServer.Events.Domain.UnitTest.EventTypes.EventRetentionManagerTests" name="ShouldStoreEvent_ShouldReturnTrue_WhenEventRetentionIsNonZero" />
    </UnitTest>
    <UnitTest name="CanTriggerEvent_ReturnsFalse_WhenNoAccessToSource (Plugin)" storage="d:\actions-runner\_work\xpco\xpco\eventserver\server\components\central\videoos.eventserver.events.domain.unittest\bin\debug\net472\videoos.eventserver.events.domain.unittest.dll" id="20453c2b-e390-bc06-99c4-fa1e3b32a8e6">
      <Execution id="cd36369d-0a54-48df-b34b-fcd685dad943" />
      <TestMethod codeBase="D:\actions-runner\_work\XPCO\XPCO\EventServer\Server\Components\Central\VideoOS.EventServer.Events.Domain.UnitTest\bin\Debug\net472\VideoOS.EventServer.Events.Domain.UnitTest.dll" adapterTypeName="executor://mstestadapter/v2" className="VideoOS.EventServer.Events.Domain.UnitTest.Authorization.EventAuthorizationTests" name="CanTriggerEvent_ReturnsFalse_WhenNoAccessToSource" />
    </UnitTest>
    <UnitTest name="CanReadBaseEvent_ReturnsTrue_WhenServiceToken (Plugin)" storage="d:\actions-runner\_work\xpco\xpco\eventserver\server\components\central\videoos.eventserver.events.domain.unittest\bin\debug\net472\videoos.eventserver.events.domain.unittest.dll" id="4ff5f407-b337-5136-2788-919d52df336b">
      <Execution id="2cd90eb8-6ab8-4f8e-bbb0-46a2357c0e14" />
      <TestMethod codeBase="D:\actions-runner\_work\XPCO\XPCO\EventServer\Server\Components\Central\VideoOS.EventServer.Events.Domain.UnitTest\bin\Debug\net472\VideoOS.EventServer.Events.Domain.UnitTest.dll" adapterTypeName="executor://mstestadapter/v2" className="VideoOS.EventServer.Events.Domain.UnitTest.Authorization.EventAuthorizationTests" name="CanReadBaseEvent_ReturnsTrue_WhenServiceToken" />
    </UnitTest>
    <UnitTest name="CanTriggerBaseEvent_ReturnsFalse_WhenNoAccessToSource (UserDefined)" storage="d:\actions-runner\_work\xpco\xpco\eventserver\server\components\central\videoos.eventserver.events.domain.unittest\bin\debug\net472\videoos.eventserver.events.domain.unittest.dll" id="5a717115-f254-ca1e-e5d1-09d34d118900">
      <Execution id="4c7faecb-e549-4c82-a678-b164449136eb" />
      <TestMethod codeBase="D:\actions-runner\_work\XPCO\XPCO\EventServer\Server\Components\Central\VideoOS.EventServer.Events.Domain.UnitTest\bin\Debug\net472\VideoOS.EventServer.Events.Domain.UnitTest.dll" adapterTypeName="executor://mstestadapter/v2" className="VideoOS.EventServer.Events.Domain.UnitTest.Authorization.EventAuthorizationTests" name="CanTriggerBaseEvent_ReturnsFalse_WhenNoAccessToSource" />
    </UnitTest>
    <UnitTest name="Dispose_ShouldDisposeTimer_OnShutDown" storage="d:\actions-runner\_work\xpco\xpco\eventserver\server\components\central\videoos.eventserver.events.domain.unittest\bin\debug\net472\videoos.eventserver.events.domain.unittest.dll" id="b139e58f-7567-02c2-e765-21af397e4452">
      <Execution id="2d9cf30a-3fb7-4842-8f7d-faafc2afa5da" />
      <TestMethod codeBase="D:\actions-runner\_work\XPCO\XPCO\EventServer\Server\Components\Central\VideoOS.EventServer.Events.Domain.UnitTest\bin\Debug\net472\VideoOS.EventServer.Events.Domain.UnitTest.dll" adapterTypeName="executor://mstestadapter/v2" className="VideoOS.EventServer.Events.Domain.UnitTest.EventRetentionCleanerTests" name="Dispose_ShouldDisposeTimer_OnShutDown" />
    </UnitTest>
    <UnitTest name="EventsTypeCache_ReturnsCorrectGroupId_OnKnownInitializedEventId" storage="d:\actions-runner\_work\xpco\xpco\eventserver\server\components\central\videoos.eventserver.events.domain.unittest\bin\debug\net472\videoos.eventserver.events.domain.unittest.dll" id="0d17111d-4bcc-7465-5d12-635a518a19e2">
      <Execution id="a4e603e6-be5b-4449-91ba-65248d2d0586" />
      <TestMethod codeBase="D:\actions-runner\_work\XPCO\XPCO\EventServer\Server\Components\Central\VideoOS.EventServer.Events.Domain.UnitTest\bin\Debug\net472\VideoOS.EventServer.Events.Domain.UnitTest.dll" adapterTypeName="executor://mstestadapter/v2" className="VideoOS.EventServer.Events.Domain.UnitTest.EventTypes.EventsTypeCacheTest" name="EventsTypeCache_ReturnsCorrectGroupId_OnKnownInitializedEventId" />
    </UnitTest>
    <UnitTest name="CanTriggerEvent_ReturnsFalse_WhenRestrictedEvent (System)" storage="d:\actions-runner\_work\xpco\xpco\eventserver\server\components\central\videoos.eventserver.events.domain.unittest\bin\debug\net472\videoos.eventserver.events.domain.unittest.dll" id="5e28c1d0-ddd1-a3e3-40aa-c884a0e91f3a">
      <Execution id="dbfc85d3-837b-4bf5-8cf6-88a675f9a8d3" />
      <TestMethod codeBase="D:\actions-runner\_work\XPCO\XPCO\EventServer\Server\Components\Central\VideoOS.EventServer.Events.Domain.UnitTest\bin\Debug\net472\VideoOS.EventServer.Events.Domain.UnitTest.dll" adapterTypeName="executor://mstestadapter/v2" className="VideoOS.EventServer.Events.Domain.UnitTest.Authorization.EventAuthorizationTests" name="CanTriggerEvent_ReturnsFalse_WhenRestrictedEvent" />
    </UnitTest>
    <UnitTest name="CanTriggerBaseEvent_ReturnsFalse_WhenNoAccessToSource (Plugin)" storage="d:\actions-runner\_work\xpco\xpco\eventserver\server\components\central\videoos.eventserver.events.domain.unittest\bin\debug\net472\videoos.eventserver.events.domain.unittest.dll" id="141f93e9-3fa2-3d7e-1849-c13c9de33146">
      <Execution id="14e191ee-9e5e-4837-8d91-038c829cd9b4" />
      <TestMethod codeBase="D:\actions-runner\_work\XPCO\XPCO\EventServer\Server\Components\Central\VideoOS.EventServer.Events.Domain.UnitTest\bin\Debug\net472\VideoOS.EventServer.Events.Domain.UnitTest.dll" adapterTypeName="executor://mstestadapter/v2" className="VideoOS.EventServer.Events.Domain.UnitTest.Authorization.EventAuthorizationTests" name="CanTriggerBaseEvent_ReturnsFalse_WhenNoAccessToSource" />
    </UnitTest>
    <UnitTest name="GetExpirationDate_ShouldReturnTimestamp_WhenGroupRetentionIsZero" storage="d:\actions-runner\_work\xpco\xpco\eventserver\server\components\central\videoos.eventserver.events.domain.unittest\bin\debug\net472\videoos.eventserver.events.domain.unittest.dll" id="dab07678-03af-93fe-8c0b-59b5be6fdd1c">
      <Execution id="d267b064-060f-4a24-b017-e46e44067903" />
      <TestMethod codeBase="D:\actions-runner\_work\XPCO\XPCO\EventServer\Server\Components\Central\VideoOS.EventServer.Events.Domain.UnitTest\bin\Debug\net472\VideoOS.EventServer.Events.Domain.UnitTest.dll" adapterTypeName="executor://mstestadapter/v2" className="VideoOS.EventServer.Events.Domain.UnitTest.EventTypes.EventRetentionManagerTests" name="GetExpirationDate_ShouldReturnTimestamp_WhenGroupRetentionIsZero" />
    </UnitTest>
    <UnitTest name="CanTriggerEvent_ReturnsTrue_WhenServiceToken (Generic)" storage="d:\actions-runner\_work\xpco\xpco\eventserver\server\components\central\videoos.eventserver.events.domain.unittest\bin\debug\net472\videoos.eventserver.events.domain.unittest.dll" id="15e2ad10-6be6-f4f0-8f1a-8a9d02d8fba1">
      <Execution id="686620f8-cc2b-49fc-8e6e-51c1b4fe89ff" />
      <TestMethod codeBase="D:\actions-runner\_work\XPCO\XPCO\EventServer\Server\Components\Central\VideoOS.EventServer.Events.Domain.UnitTest\bin\Debug\net472\VideoOS.EventServer.Events.Domain.UnitTest.dll" adapterTypeName="executor://mstestadapter/v2" className="VideoOS.EventServer.Events.Domain.UnitTest.Authorization.EventAuthorizationTests" name="CanTriggerEvent_ReturnsTrue_WhenServiceToken" />
    </UnitTest>
    <UnitTest name="ShouldStoreEvent_ShouldReturnFalse_WhenEventRetentionIsZero" storage="d:\actions-runner\_work\xpco\xpco\eventserver\server\components\central\videoos.eventserver.events.domain.unittest\bin\debug\net472\videoos.eventserver.events.domain.unittest.dll" id="02430792-fdc0-9385-7315-1a449d5b5719">
      <Execution id="e485de6c-9239-4616-a03c-1438762a5f97" />
      <TestMethod codeBase="D:\actions-runner\_work\XPCO\XPCO\EventServer\Server\Components\Central\VideoOS.EventServer.Events.Domain.UnitTest\bin\Debug\net472\VideoOS.EventServer.Events.Domain.UnitTest.dll" adapterTypeName="executor://mstestadapter/v2" className="VideoOS.EventServer.Events.Domain.UnitTest.EventTypes.EventRetentionManagerTests" name="ShouldStoreEvent_ShouldReturnFalse_WhenEventRetentionIsZero" />
    </UnitTest>
    <UnitTest name="CanTriggerEvent_ReturnsFalse_WhenRestrictedEvent (Generic)" storage="d:\actions-runner\_work\xpco\xpco\eventserver\server\components\central\videoos.eventserver.events.domain.unittest\bin\debug\net472\videoos.eventserver.events.domain.unittest.dll" id="252da588-b738-e7f5-07d5-e14813f0aa72">
      <Execution id="3e444c7d-62fc-46c6-983d-4365f884fc85" />
      <TestMethod codeBase="D:\actions-runner\_work\XPCO\XPCO\EventServer\Server\Components\Central\VideoOS.EventServer.Events.Domain.UnitTest\bin\Debug\net472\VideoOS.EventServer.Events.Domain.UnitTest.dll" adapterTypeName="executor://mstestadapter/v2" className="VideoOS.EventServer.Events.Domain.UnitTest.Authorization.EventAuthorizationTests" name="CanTriggerEvent_ReturnsFalse_WhenRestrictedEvent" />
    </UnitTest>
    <UnitTest name="CanTriggerBaseEvent_ReturnsFalse_WhenRestrictedEvent (System)" storage="d:\actions-runner\_work\xpco\xpco\eventserver\server\components\central\videoos.eventserver.events.domain.unittest\bin\debug\net472\videoos.eventserver.events.domain.unittest.dll" id="f6cb65d0-3b5b-94da-6844-309a8cd4bde0">
      <Execution id="96880b2a-1031-4e8e-8fd7-08974fdb822c" />
      <TestMethod codeBase="D:\actions-runner\_work\XPCO\XPCO\EventServer\Server\Components\Central\VideoOS.EventServer.Events.Domain.UnitTest\bin\Debug\net472\VideoOS.EventServer.Events.Domain.UnitTest.dll" adapterTypeName="executor://mstestadapter/v2" className="VideoOS.EventServer.Events.Domain.UnitTest.Authorization.EventAuthorizationTests" name="CanTriggerBaseEvent_ReturnsFalse_WhenRestrictedEvent" />
    </UnitTest>
    <UnitTest name="CanTriggerBaseEvent_ReturnsTrue_WhenServiceToken (Generic)" storage="d:\actions-runner\_work\xpco\xpco\eventserver\server\components\central\videoos.eventserver.events.domain.unittest\bin\debug\net472\videoos.eventserver.events.domain.unittest.dll" id="b3f106ae-1437-e583-be78-8138d9d6840f">
      <Execution id="8e4e540d-defa-422a-94e7-395133132b27" />
      <TestMethod codeBase="D:\actions-runner\_work\XPCO\XPCO\EventServer\Server\Components\Central\VideoOS.EventServer.Events.Domain.UnitTest\bin\Debug\net472\VideoOS.EventServer.Events.Domain.UnitTest.dll" adapterTypeName="executor://mstestadapter/v2" className="VideoOS.EventServer.Events.Domain.UnitTest.Authorization.EventAuthorizationTests" name="CanTriggerBaseEvent_ReturnsTrue_WhenServiceToken" />
    </UnitTest>
    <UnitTest name="CanTriggerBaseEvent_ReturnsTrue_WhenServiceToken (UserDefined)" storage="d:\actions-runner\_work\xpco\xpco\eventserver\server\components\central\videoos.eventserver.events.domain.unittest\bin\debug\net472\videoos.eventserver.events.domain.unittest.dll" id="277c9b63-7ac0-6155-8530-375fb52cb873">
      <Execution id="b70a9f52-7b90-4860-a9b2-0ef85d75eb50" />
      <TestMethod codeBase="D:\actions-runner\_work\XPCO\XPCO\EventServer\Server\Components\Central\VideoOS.EventServer.Events.Domain.UnitTest\bin\Debug\net472\VideoOS.EventServer.Events.Domain.UnitTest.dll" adapterTypeName="executor://mstestadapter/v2" className="VideoOS.EventServer.Events.Domain.UnitTest.Authorization.EventAuthorizationTests" name="CanTriggerBaseEvent_ReturnsTrue_WhenServiceToken" />
    </UnitTest>
    <UnitTest name="GetExpirationDate_ShouldReturnTimestamp_WhenDefaultRetentionIsZero" storage="d:\actions-runner\_work\xpco\xpco\eventserver\server\components\central\videoos.eventserver.events.domain.unittest\bin\debug\net472\videoos.eventserver.events.domain.unittest.dll" id="feae33bc-d61e-ecec-94fa-d0e605001d3e">
      <Execution id="563fb884-765a-4327-824f-93b6e5453055" />
      <TestMethod codeBase="D:\actions-runner\_work\XPCO\XPCO\EventServer\Server\Components\Central\VideoOS.EventServer.Events.Domain.UnitTest\bin\Debug\net472\VideoOS.EventServer.Events.Domain.UnitTest.dll" adapterTypeName="executor://mstestadapter/v2" className="VideoOS.EventServer.Events.Domain.UnitTest.EventTypes.EventRetentionManagerTests" name="GetExpirationDate_ShouldReturnTimestamp_WhenDefaultRetentionIsZero" />
    </UnitTest>
    <UnitTest name="MipMessageSubscriber_NotifiesSubscribers_OnMipMessage" storage="d:\actions-runner\_work\xpco\xpco\eventserver\server\components\central\videoos.eventserver.events.domain.unittest\bin\debug\net472\videoos.eventserver.events.domain.unittest.dll" id="800fdd38-2857-5678-a5ad-880a86a63143">
      <Execution id="9a20f6b6-ddfd-49ed-b4f6-b9438c920bff" />
      <TestMethod codeBase="D:\actions-runner\_work\XPCO\XPCO\EventServer\Server\Components\Central\VideoOS.EventServer.Events.Domain.UnitTest\bin\Debug\net472\VideoOS.EventServer.Events.Domain.UnitTest.dll" adapterTypeName="executor://mstestadapter/v2" className="VideoOS.EventServer.Events.Domain.UnitTest.EventTypes.MipMessageSubscriberTests" name="MipMessageSubscriber_NotifiesSubscribers_OnMipMessage" />
    </UnitTest>
    <UnitTest name="Constructor_ShouldThrowArgumentNullException_WhenEventRetentionConfigIsNull" storage="d:\actions-runner\_work\xpco\xpco\eventserver\server\components\central\videoos.eventserver.events.domain.unittest\bin\debug\net472\videoos.eventserver.events.domain.unittest.dll" id="006cfdd4-f59e-5ae2-2ebd-9b6b515752e6">
      <Execution id="f2d8ec4a-1de0-4eba-b77b-a6f7c7d774d3" />
      <TestMethod codeBase="D:\actions-runner\_work\XPCO\XPCO\EventServer\Server\Components\Central\VideoOS.EventServer.Events.Domain.UnitTest\bin\Debug\net472\VideoOS.EventServer.Events.Domain.UnitTest.dll" adapterTypeName="executor://mstestadapter/v2" className="VideoOS.EventServer.Events.Domain.UnitTest.EventRetentionCleanerTests" name="Constructor_ShouldThrowArgumentNullException_WhenEventRetentionConfigIsNull" />
    </UnitTest>
    <UnitTest name="CanReadEvent_ReturnsFalse_WhenNoAccessToSource (Plugin)" storage="d:\actions-runner\_work\xpco\xpco\eventserver\server\components\central\videoos.eventserver.events.domain.unittest\bin\debug\net472\videoos.eventserver.events.domain.unittest.dll" id="cee1e231-f0b5-8868-62e2-48babb0f8375">
      <Execution id="326d1058-46ea-4f48-a7d7-45f9ac63f2c4" />
      <TestMethod codeBase="D:\actions-runner\_work\XPCO\XPCO\EventServer\Server\Components\Central\VideoOS.EventServer.Events.Domain.UnitTest\bin\Debug\net472\VideoOS.EventServer.Events.Domain.UnitTest.dll" adapterTypeName="executor://mstestadapter/v2" className="VideoOS.EventServer.Events.Domain.UnitTest.Authorization.EventAuthorizationTests" name="CanReadEvent_ReturnsFalse_WhenNoAccessToSource" />
    </UnitTest>
    <UnitTest name="UpdateEventsExpiration_ShouldUpdateEventExpirationDates_WhenUpdateIsEnforced" storage="d:\actions-runner\_work\xpco\xpco\eventserver\server\components\central\videoos.eventserver.events.domain.unittest\bin\debug\net472\videoos.eventserver.events.domain.unittest.dll" id="417fc1e9-f922-4e01-873a-08da76265abe">
      <Execution id="d52c7777-f765-43cf-93e1-38ec69231e83" />
      <TestMethod codeBase="D:\actions-runner\_work\XPCO\XPCO\EventServer\Server\Components\Central\VideoOS.EventServer.Events.Domain.UnitTest\bin\Debug\net472\VideoOS.EventServer.Events.Domain.UnitTest.dll" adapterTypeName="executor://mstestadapter/v2" className="VideoOS.EventServer.Events.Domain.UnitTest.EventTypes.EventRetentionManagerTests" name="UpdateEventsExpiration_ShouldUpdateEventExpirationDates_WhenUpdateIsEnforced" />
    </UnitTest>
    <UnitTest name="CanReadEvent_ReturnsTrue_WhenServiceToken (Generic)" storage="d:\actions-runner\_work\xpco\xpco\eventserver\server\components\central\videoos.eventserver.events.domain.unittest\bin\debug\net472\videoos.eventserver.events.domain.unittest.dll" id="08bb1519-9658-bb9e-007e-6b9e83d889c4">
      <Execution id="c20efd60-52d3-4bb9-b862-d6e68dfdff32" />
      <TestMethod codeBase="D:\actions-runner\_work\XPCO\XPCO\EventServer\Server\Components\Central\VideoOS.EventServer.Events.Domain.UnitTest\bin\Debug\net472\VideoOS.EventServer.Events.Domain.UnitTest.dll" adapterTypeName="executor://mstestadapter/v2" className="VideoOS.EventServer.Events.Domain.UnitTest.Authorization.EventAuthorizationTests" name="CanReadEvent_ReturnsTrue_WhenServiceToken" />
    </UnitTest>
    <UnitTest name="CanReadBaseEvent_ReturnsTrue_WhenServiceToken (Generic)" storage="d:\actions-runner\_work\xpco\xpco\eventserver\server\components\central\videoos.eventserver.events.domain.unittest\bin\debug\net472\videoos.eventserver.events.domain.unittest.dll" id="febc4460-8402-c14c-784a-9780ed84848e">
      <Execution id="91dbf319-711a-451e-8f61-186c6dd9d3bd" />
      <TestMethod codeBase="D:\actions-runner\_work\XPCO\XPCO\EventServer\Server\Components\Central\VideoOS.EventServer.Events.Domain.UnitTest\bin\Debug\net472\VideoOS.EventServer.Events.Domain.UnitTest.dll" adapterTypeName="executor://mstestadapter/v2" className="VideoOS.EventServer.Events.Domain.UnitTest.Authorization.EventAuthorizationTests" name="CanReadBaseEvent_ReturnsTrue_WhenServiceToken" />
    </UnitTest>
    <UnitTest name="EventsTypeCache_ReturnsEmptyEventType_OnUnknownNonInitializedEventId" storage="d:\actions-runner\_work\xpco\xpco\eventserver\server\components\central\videoos.eventserver.events.domain.unittest\bin\debug\net472\videoos.eventserver.events.domain.unittest.dll" id="067f5223-a1b1-52ca-b7f6-e1297fb096ce">
      <Execution id="9256a01d-60aa-484d-98d4-0e8785d0e0e4" />
      <TestMethod codeBase="D:\actions-runner\_work\XPCO\XPCO\EventServer\Server\Components\Central\VideoOS.EventServer.Events.Domain.UnitTest\bin\Debug\net472\VideoOS.EventServer.Events.Domain.UnitTest.dll" adapterTypeName="executor://mstestadapter/v2" className="VideoOS.EventServer.Events.Domain.UnitTest.EventTypes.EventsTypeCacheTest" name="EventsTypeCache_ReturnsEmptyEventType_OnUnknownNonInitializedEventId" />
    </UnitTest>
    <UnitTest name="CanTriggerBaseEvent_ReturnsFalse_WhenRestrictedEvent (Generic)" storage="d:\actions-runner\_work\xpco\xpco\eventserver\server\components\central\videoos.eventserver.events.domain.unittest\bin\debug\net472\videoos.eventserver.events.domain.unittest.dll" id="2e92e005-fd8e-7d79-b7e9-600ed234cb44">
      <Execution id="e508d5c9-4d6f-4640-9b64-686286938fdc" />
      <TestMethod codeBase="D:\actions-runner\_work\XPCO\XPCO\EventServer\Server\Components\Central\VideoOS.EventServer.Events.Domain.UnitTest\bin\Debug\net472\VideoOS.EventServer.Events.Domain.UnitTest.dll" adapterTypeName="executor://mstestadapter/v2" className="VideoOS.EventServer.Events.Domain.UnitTest.Authorization.EventAuthorizationTests" name="CanTriggerBaseEvent_ReturnsFalse_WhenRestrictedEvent" />
    </UnitTest>
    <UnitTest name="CanTriggerEvent_ReturnsTrue_WhenServiceToken (UserDefined)" storage="d:\actions-runner\_work\xpco\xpco\eventserver\server\components\central\videoos.eventserver.events.domain.unittest\bin\debug\net472\videoos.eventserver.events.domain.unittest.dll" id="69aebce5-34ac-f350-7998-9fae4db4fe82">
      <Execution id="d35e5dba-1abb-430a-979c-88e5bcd5bf4f" />
      <TestMethod codeBase="D:\actions-runner\_work\XPCO\XPCO\EventServer\Server\Components\Central\VideoOS.EventServer.Events.Domain.UnitTest\bin\Debug\net472\VideoOS.EventServer.Events.Domain.UnitTest.dll" adapterTypeName="executor://mstestadapter/v2" className="VideoOS.EventServer.Events.Domain.UnitTest.Authorization.EventAuthorizationTests" name="CanTriggerEvent_ReturnsTrue_WhenServiceToken" />
    </UnitTest>
    <UnitTest name="CanReadBaseEvent_ReturnsFalse_WhenNoAccessToSource (UserDefined)" storage="d:\actions-runner\_work\xpco\xpco\eventserver\server\components\central\videoos.eventserver.events.domain.unittest\bin\debug\net472\videoos.eventserver.events.domain.unittest.dll" id="c09a5ad1-be59-a208-a1a8-44924d9aa496">
      <Execution id="00ea56af-f4f4-4fb4-aa60-751c6e509f9f" />
      <TestMethod codeBase="D:\actions-runner\_work\XPCO\XPCO\EventServer\Server\Components\Central\VideoOS.EventServer.Events.Domain.UnitTest\bin\Debug\net472\VideoOS.EventServer.Events.Domain.UnitTest.dll" adapterTypeName="executor://mstestadapter/v2" className="VideoOS.EventServer.Events.Domain.UnitTest.Authorization.EventAuthorizationTests" name="CanReadBaseEvent_ReturnsFalse_WhenNoAccessToSource" />
    </UnitTest>
    <UnitTest name="CanReadBaseEvent_ReturnsTrue_WhenEvent (Plugin)" storage="d:\actions-runner\_work\xpco\xpco\eventserver\server\components\central\videoos.eventserver.events.domain.unittest\bin\debug\net472\videoos.eventserver.events.domain.unittest.dll" id="51e95447-a3a4-00a0-1cfd-e0a41ee04691">
      <Execution id="f50d74af-6fc6-436d-97d4-89af20a6b718" />
      <TestMethod codeBase="D:\actions-runner\_work\XPCO\XPCO\EventServer\Server\Components\Central\VideoOS.EventServer.Events.Domain.UnitTest\bin\Debug\net472\VideoOS.EventServer.Events.Domain.UnitTest.dll" adapterTypeName="executor://mstestadapter/v2" className="VideoOS.EventServer.Events.Domain.UnitTest.Authorization.EventAuthorizationTests" name="CanReadBaseEvent_ReturnsTrue_WhenEvent" />
    </UnitTest>
    <UnitTest name="CanTriggerBaseEvent_ReturnsTrue_WhenServiceToken (System)" storage="d:\actions-runner\_work\xpco\xpco\eventserver\server\components\central\videoos.eventserver.events.domain.unittest\bin\debug\net472\videoos.eventserver.events.domain.unittest.dll" id="0b786515-8f01-01ca-7e12-d0f1c87311e8">
      <Execution id="cab490ea-00fc-4bf3-8012-2eaf81bfbc32" />
      <TestMethod codeBase="D:\actions-runner\_work\XPCO\XPCO\EventServer\Server\Components\Central\VideoOS.EventServer.Events.Domain.UnitTest\bin\Debug\net472\VideoOS.EventServer.Events.Domain.UnitTest.dll" adapterTypeName="executor://mstestadapter/v2" className="VideoOS.EventServer.Events.Domain.UnitTest.Authorization.EventAuthorizationTests" name="CanTriggerBaseEvent_ReturnsTrue_WhenServiceToken" />
    </UnitTest>
    <UnitTest name="GetExpirationDate_ShouldReturn5DaysFromTimestamp_WhenEventRetentionIs5" storage="d:\actions-runner\_work\xpco\xpco\eventserver\server\components\central\videoos.eventserver.events.domain.unittest\bin\debug\net472\videoos.eventserver.events.domain.unittest.dll" id="2888fd49-31e5-80e5-81d7-fab4fcadb96d">
      <Execution id="5b6ced2a-946c-43c4-a568-7cbee6bada05" />
      <TestMethod codeBase="D:\actions-runner\_work\XPCO\XPCO\EventServer\Server\Components\Central\VideoOS.EventServer.Events.Domain.UnitTest\bin\Debug\net472\VideoOS.EventServer.Events.Domain.UnitTest.dll" adapterTypeName="executor://mstestadapter/v2" className="VideoOS.EventServer.Events.Domain.UnitTest.EventTypes.EventRetentionManagerTests" name="GetExpirationDate_ShouldReturn5DaysFromTimestamp_WhenEventRetentionIs5" />
    </UnitTest>
    <UnitTest name="GetExpirationDate_ShouldReturn5DaysFromTimestamp_WhenDefaultRetentionIs5" storage="d:\actions-runner\_work\xpco\xpco\eventserver\server\components\central\videoos.eventserver.events.domain.unittest\bin\debug\net472\videoos.eventserver.events.domain.unittest.dll" id="9fa57a39-4e10-014c-7081-775e21f575fd">
      <Execution id="6997b5a8-acc4-4f27-ba6b-3c09b2257b5c" />
      <TestMethod codeBase="D:\actions-runner\_work\XPCO\XPCO\EventServer\Server\Components\Central\VideoOS.EventServer.Events.Domain.UnitTest\bin\Debug\net472\VideoOS.EventServer.Events.Domain.UnitTest.dll" adapterTypeName="executor://mstestadapter/v2" className="VideoOS.EventServer.Events.Domain.UnitTest.EventTypes.EventRetentionManagerTests" name="GetExpirationDate_ShouldReturn5DaysFromTimestamp_WhenDefaultRetentionIs5" />
    </UnitTest>
    <UnitTest name="CanReadEvent_ReturnsTrue_WhenEvent (System)" storage="d:\actions-runner\_work\xpco\xpco\eventserver\server\components\central\videoos.eventserver.events.domain.unittest\bin\debug\net472\videoos.eventserver.events.domain.unittest.dll" id="77a62780-3a87-c9a9-3658-02651b139284">
      <Execution id="75a5401e-a788-4bec-9239-1ea38a4ed89c" />
      <TestMethod codeBase="D:\actions-runner\_work\XPCO\XPCO\EventServer\Server\Components\Central\VideoOS.EventServer.Events.Domain.UnitTest\bin\Debug\net472\VideoOS.EventServer.Events.Domain.UnitTest.dll" adapterTypeName="executor://mstestadapter/v2" className="VideoOS.EventServer.Events.Domain.UnitTest.Authorization.EventAuthorizationTests" name="CanReadEvent_ReturnsTrue_WhenEvent" />
    </UnitTest>
    <UnitTest name="CanReadBaseEvent_ReturnsTrue_WhenServiceToken (System)" storage="d:\actions-runner\_work\xpco\xpco\eventserver\server\components\central\videoos.eventserver.events.domain.unittest\bin\debug\net472\videoos.eventserver.events.domain.unittest.dll" id="a95d489b-f484-bac4-e59b-ef9f10b40d28">
      <Execution id="263e4ed2-aaaf-4b72-8203-9bbb6ec15ef7" />
      <TestMethod codeBase="D:\actions-runner\_work\XPCO\XPCO\EventServer\Server\Components\Central\VideoOS.EventServer.Events.Domain.UnitTest\bin\Debug\net472\VideoOS.EventServer.Events.Domain.UnitTest.dll" adapterTypeName="executor://mstestadapter/v2" className="VideoOS.EventServer.Events.Domain.UnitTest.Authorization.EventAuthorizationTests" name="CanReadBaseEvent_ReturnsTrue_WhenServiceToken" />
    </UnitTest>
    <UnitTest name="ShouldStoreEvent_ShouldReturnTrue_WhenGroupRetentionIsNonZero" storage="d:\actions-runner\_work\xpco\xpco\eventserver\server\components\central\videoos.eventserver.events.domain.unittest\bin\debug\net472\videoos.eventserver.events.domain.unittest.dll" id="0c68a89b-7b19-7347-721e-06476beb017a">
      <Execution id="a7247f47-7659-4b94-9e71-7064a149aec6" />
      <TestMethod codeBase="D:\actions-runner\_work\XPCO\XPCO\EventServer\Server\Components\Central\VideoOS.EventServer.Events.Domain.UnitTest\bin\Debug\net472\VideoOS.EventServer.Events.Domain.UnitTest.dll" adapterTypeName="executor://mstestadapter/v2" className="VideoOS.EventServer.Events.Domain.UnitTest.EventTypes.EventRetentionManagerTests" name="ShouldStoreEvent_ShouldReturnTrue_WhenGroupRetentionIsNonZero" />
    </UnitTest>
    <UnitTest name="ShouldStoreEvent_ShouldReturnFalse_WhenGroupRetentionIsZero" storage="d:\actions-runner\_work\xpco\xpco\eventserver\server\components\central\videoos.eventserver.events.domain.unittest\bin\debug\net472\videoos.eventserver.events.domain.unittest.dll" id="5f466e01-f321-7f45-472d-f8d5358848fc">
      <Execution id="e8650c8e-7a7f-4af4-af66-a8f3890aeff4" />
      <TestMethod codeBase="D:\actions-runner\_work\XPCO\XPCO\EventServer\Server\Components\Central\VideoOS.EventServer.Events.Domain.UnitTest\bin\Debug\net472\VideoOS.EventServer.Events.Domain.UnitTest.dll" adapterTypeName="executor://mstestadapter/v2" className="VideoOS.EventServer.Events.Domain.UnitTest.EventTypes.EventRetentionManagerTests" name="ShouldStoreEvent_ShouldReturnFalse_WhenGroupRetentionIsZero" />
    </UnitTest>
    <UnitTest name="CanReadEvent_ReturnsTrue_WhenEvent (Generic)" storage="d:\actions-runner\_work\xpco\xpco\eventserver\server\components\central\videoos.eventserver.events.domain.unittest\bin\debug\net472\videoos.eventserver.events.domain.unittest.dll" id="aac208fd-f16f-3072-dd81-469239986eea">
      <Execution id="518882f0-64f5-48b9-b69f-bd5cf5513059" />
      <TestMethod codeBase="D:\actions-runner\_work\XPCO\XPCO\EventServer\Server\Components\Central\VideoOS.EventServer.Events.Domain.UnitTest\bin\Debug\net472\VideoOS.EventServer.Events.Domain.UnitTest.dll" adapterTypeName="executor://mstestadapter/v2" className="VideoOS.EventServer.Events.Domain.UnitTest.Authorization.EventAuthorizationTests" name="CanReadEvent_ReturnsTrue_WhenEvent" />
    </UnitTest>
    <UnitTest name="CanReadBaseEvent_ReturnsTrue_WhenEvent (System)" storage="d:\actions-runner\_work\xpco\xpco\eventserver\server\components\central\videoos.eventserver.events.domain.unittest\bin\debug\net472\videoos.eventserver.events.domain.unittest.dll" id="f77d5569-ede8-999c-aaee-e9d8d59ce1fa">
      <Execution id="0f8b3a93-965d-4fcd-9337-25174170a0a2" />
      <TestMethod codeBase="D:\actions-runner\_work\XPCO\XPCO\EventServer\Server\Components\Central\VideoOS.EventServer.Events.Domain.UnitTest\bin\Debug\net472\VideoOS.EventServer.Events.Domain.UnitTest.dll" adapterTypeName="executor://mstestadapter/v2" className="VideoOS.EventServer.Events.Domain.UnitTest.Authorization.EventAuthorizationTests" name="CanReadBaseEvent_ReturnsTrue_WhenEvent" />
    </UnitTest>
    <UnitTest name="GetExpirationDate_ShouldReturn5DaysFromTimestamp_WhenGroupRetentionIs5" storage="d:\actions-runner\_work\xpco\xpco\eventserver\server\components\central\videoos.eventserver.events.domain.unittest\bin\debug\net472\videoos.eventserver.events.domain.unittest.dll" id="98d49c9e-e57a-593d-fab1-6a166fa2a252">
      <Execution id="c8648555-7f5b-4dfe-866d-9e25fb016575" />
      <TestMethod codeBase="D:\actions-runner\_work\XPCO\XPCO\EventServer\Server\Components\Central\VideoOS.EventServer.Events.Domain.UnitTest\bin\Debug\net472\VideoOS.EventServer.Events.Domain.UnitTest.dll" adapterTypeName="executor://mstestadapter/v2" className="VideoOS.EventServer.Events.Domain.UnitTest.EventTypes.EventRetentionManagerTests" name="GetExpirationDate_ShouldReturn5DaysFromTimestamp_WhenGroupRetentionIs5" />
    </UnitTest>
    <UnitTest name="CanReadEvent_ReturnsTrue_WhenEvent (Plugin)" storage="d:\actions-runner\_work\xpco\xpco\eventserver\server\components\central\videoos.eventserver.events.domain.unittest\bin\debug\net472\videoos.eventserver.events.domain.unittest.dll" id="53aabe53-3c03-a1a3-0917-7cbab483bb60">
      <Execution id="88ebce8e-a2d6-49cb-a010-1b03aa01ab63" />
      <TestMethod codeBase="D:\actions-runner\_work\XPCO\XPCO\EventServer\Server\Components\Central\VideoOS.EventServer.Events.Domain.UnitTest\bin\Debug\net472\VideoOS.EventServer.Events.Domain.UnitTest.dll" adapterTypeName="executor://mstestadapter/v2" className="VideoOS.EventServer.Events.Domain.UnitTest.Authorization.EventAuthorizationTests" name="CanReadEvent_ReturnsTrue_WhenEvent" />
    </UnitTest>
  </TestDefinitions>
  <TestEntries>
    <TestEntry testId="3280b4a7-5d4d-4411-55b7-1865a7ac1e54" executionId="bae96549-9eef-4557-8ed0-3e8fb600fe35" testListId="8c84fa94-04c1-424b-9868-57a2d4851a1d" />
    <TestEntry testId="6f35b936-6444-18c8-0b81-2c2c6f9d78b5" executionId="28a99e44-13a4-49b1-8be4-2cc92e021151" testListId="8c84fa94-04c1-424b-9868-57a2d4851a1d" />
    <TestEntry testId="5a717115-f254-ca1e-e5d1-09d34d118900" executionId="4c7faecb-e549-4c82-a678-b164449136eb" testListId="8c84fa94-04c1-424b-9868-57a2d4851a1d" />
    <TestEntry testId="f19c9b20-45be-dac6-2cac-4972ceff78bd" executionId="8ed9c9c6-502b-4abf-b0ed-8d70a2d15dcc" testListId="8c84fa94-04c1-424b-9868-57a2d4851a1d" />
    <TestEntry testId="69aebce5-34ac-f350-7998-9fae4db4fe82" executionId="d35e5dba-1abb-430a-979c-88e5bcd5bf4f" testListId="8c84fa94-04c1-424b-9868-57a2d4851a1d" />
    <TestEntry testId="dab07678-03af-93fe-8c0b-59b5be6fdd1c" executionId="d267b064-060f-4a24-b017-e46e44067903" testListId="8c84fa94-04c1-424b-9868-57a2d4851a1d" />
    <TestEntry testId="141f93e9-3fa2-3d7e-1849-c13c9de33146" executionId="14e191ee-9e5e-4837-8d91-038c829cd9b4" testListId="8c84fa94-04c1-424b-9868-57a2d4851a1d" />
    <TestEntry testId="21df9d0b-294b-18a3-e8c8-8618f36ceb5b" executionId="269db6c8-a939-4777-bc5a-4a5ecc636288" testListId="8c84fa94-04c1-424b-9868-57a2d4851a1d" />
    <TestEntry testId="4703e4d0-e3c1-4daa-02f2-d72582880e4d" executionId="c487c7b4-29ce-4d31-86a4-5c4e3d086a2c" testListId="8c84fa94-04c1-424b-9868-57a2d4851a1d" />
    <TestEntry testId="febc4460-8402-c14c-784a-9780ed84848e" executionId="91dbf319-711a-451e-8f61-186c6dd9d3bd" testListId="8c84fa94-04c1-424b-9868-57a2d4851a1d" />
    <TestEntry testId="98d49c9e-e57a-593d-fab1-6a166fa2a252" executionId="c8648555-7f5b-4dfe-866d-9e25fb016575" testListId="8c84fa94-04c1-424b-9868-57a2d4851a1d" />
    <TestEntry testId="02430792-fdc0-9385-7315-1a449d5b5719" executionId="e485de6c-9239-4616-a03c-1438762a5f97" testListId="8c84fa94-04c1-424b-9868-57a2d4851a1d" />
    <TestEntry testId="ed50f478-3dbe-e89a-bc68-d299a3059763" executionId="56312b47-41b8-423e-b13c-e0b7cdae7ad3" testListId="8c84fa94-04c1-424b-9868-57a2d4851a1d" />
    <TestEntry testId="417fc1e9-f922-4e01-873a-08da76265abe" executionId="d52c7777-f765-43cf-93e1-38ec69231e83" testListId="8c84fa94-04c1-424b-9868-57a2d4851a1d" />
    <TestEntry testId="325f4491-daf3-6de2-3920-16f97c0e407a" executionId="d3bf92b4-08f0-453b-b479-ce99eb6f147b" testListId="8c84fa94-04c1-424b-9868-57a2d4851a1d" />
    <TestEntry testId="cee1e231-f0b5-8868-62e2-48babb0f8375" executionId="326d1058-46ea-4f48-a7d7-45f9ac63f2c4" testListId="8c84fa94-04c1-424b-9868-57a2d4851a1d" />
    <TestEntry testId="b4ece948-baf0-0800-46ee-b25b86be5b91" executionId="e583d745-b655-44a7-9892-b9fbf20d5b50" testListId="8c84fa94-04c1-424b-9868-57a2d4851a1d" />
    <TestEntry testId="77a62780-3a87-c9a9-3658-02651b139284" executionId="75a5401e-a788-4bec-9239-1ea38a4ed89c" testListId="8c84fa94-04c1-424b-9868-57a2d4851a1d" />
    <TestEntry testId="aac208fd-f16f-3072-dd81-469239986eea" executionId="518882f0-64f5-48b9-b69f-bd5cf5513059" testListId="8c84fa94-04c1-424b-9868-57a2d4851a1d" />
    <TestEntry testId="a446f1cc-d1be-895d-4ac0-7926728c0506" executionId="87ce8a9b-d398-4740-9041-0180d7b57410" testListId="8c84fa94-04c1-424b-9868-57a2d4851a1d" />
    <TestEntry testId="3078611e-f13e-7a7f-32c7-7708471cfe19" executionId="b6782eed-ea15-44f8-9821-9e84bf9c487b" testListId="8c84fa94-04c1-424b-9868-57a2d4851a1d" />
    <TestEntry testId="2f2bcb62-785c-1992-a887-ee23ecc213a7" executionId="f9dd96b5-f6fb-441d-b069-fa1770bcecdc" testListId="8c84fa94-04c1-424b-9868-57a2d4851a1d" />
    <TestEntry testId="7e5c5e5c-6e2b-26bb-73b5-03fd4e7512ca" executionId="85d08d6a-1ab0-4cb9-bc9f-33363b6a25ee" testListId="8c84fa94-04c1-424b-9868-57a2d4851a1d" />
    <TestEntry testId="800fdd38-2857-5678-a5ad-880a86a63143" executionId="9a20f6b6-ddfd-49ed-b4f6-b9438c920bff" testListId="8c84fa94-04c1-424b-9868-57a2d4851a1d" />
    <TestEntry testId="006cfdd4-f59e-5ae2-2ebd-9b6b515752e6" executionId="f2d8ec4a-1de0-4eba-b77b-a6f7c7d774d3" testListId="8c84fa94-04c1-424b-9868-57a2d4851a1d" />
    <TestEntry testId="2447d78e-aef4-ba4e-8fae-e48817933aca" executionId="f401b26e-00bc-45a4-94cd-9300c3a69524" testListId="8c84fa94-04c1-424b-9868-57a2d4851a1d" />
    <TestEntry testId="b3f106ae-1437-e583-be78-8138d9d6840f" executionId="8e4e540d-defa-422a-94e7-395133132b27" testListId="8c84fa94-04c1-424b-9868-57a2d4851a1d" />
    <TestEntry testId="2e92e005-fd8e-7d79-b7e9-600ed234cb44" executionId="e508d5c9-4d6f-4640-9b64-686286938fdc" testListId="8c84fa94-04c1-424b-9868-57a2d4851a1d" />
    <TestEntry testId="ffb8d590-65d4-fef1-321d-956b32fe918a" executionId="2ccae055-2c38-4b33-b2c1-ca0a47807d56" testListId="8c84fa94-04c1-424b-9868-57a2d4851a1d" />
    <TestEntry testId="5f466e01-f321-7f45-472d-f8d5358848fc" executionId="e8650c8e-7a7f-4af4-af66-a8f3890aeff4" testListId="8c84fa94-04c1-424b-9868-57a2d4851a1d" />
    <TestEntry testId="03b1aad4-00a3-252a-bc69-07c1e68b7da4" executionId="169ea178-828a-45e8-8a26-2a38c56ec874" testListId="8c84fa94-04c1-424b-9868-57a2d4851a1d" />
    <TestEntry testId="9fa57a39-4e10-014c-7081-775e21f575fd" executionId="6997b5a8-acc4-4f27-ba6b-3c09b2257b5c" testListId="8c84fa94-04c1-424b-9868-57a2d4851a1d" />
    <TestEntry testId="5e28c1d0-ddd1-a3e3-40aa-c884a0e91f3a" executionId="dbfc85d3-837b-4bf5-8cf6-88a675f9a8d3" testListId="8c84fa94-04c1-424b-9868-57a2d4851a1d" />
    <TestEntry testId="067f5223-a1b1-52ca-b7f6-e1297fb096ce" executionId="9256a01d-60aa-484d-98d4-0e8785d0e0e4" testListId="8c84fa94-04c1-424b-9868-57a2d4851a1d" />
    <TestEntry testId="2888fd49-31e5-80e5-81d7-fab4fcadb96d" executionId="5b6ced2a-946c-43c4-a568-7cbee6bada05" testListId="8c84fa94-04c1-424b-9868-57a2d4851a1d" />
    <TestEntry testId="feae33bc-d61e-ecec-94fa-d0e605001d3e" executionId="563fb884-765a-4327-824f-93b6e5453055" testListId="8c84fa94-04c1-424b-9868-57a2d4851a1d" />
    <TestEntry testId="08bb1519-9658-bb9e-007e-6b9e83d889c4" executionId="c20efd60-52d3-4bb9-b862-d6e68dfdff32" testListId="8c84fa94-04c1-424b-9868-57a2d4851a1d" />
    <TestEntry testId="51e95447-a3a4-00a0-1cfd-e0a41ee04691" executionId="f50d74af-6fc6-436d-97d4-89af20a6b718" testListId="8c84fa94-04c1-424b-9868-57a2d4851a1d" />
    <TestEntry testId="a3a03c03-08f0-56ef-314c-619079c812f6" executionId="5184800c-b31a-4073-be1d-edb3c2f01861" testListId="8c84fa94-04c1-424b-9868-57a2d4851a1d" />
    <TestEntry testId="4ff5f407-b337-5136-2788-919d52df336b" executionId="2cd90eb8-6ab8-4f8e-bbb0-46a2357c0e14" testListId="8c84fa94-04c1-424b-9868-57a2d4851a1d" />
    <TestEntry testId="dd0ade5b-e66a-248e-bbf3-e37987eec061" executionId="7283162e-7dc5-4553-9a9c-7c0f645e5529" testListId="8c84fa94-04c1-424b-9868-57a2d4851a1d" />
    <TestEntry testId="277c9b63-7ac0-6155-8530-375fb52cb873" executionId="b70a9f52-7b90-4860-a9b2-0ef85d75eb50" testListId="8c84fa94-04c1-424b-9868-57a2d4851a1d" />
    <TestEntry testId="51fdc1ed-0ab0-6c98-1f01-3d8d98494f5c" executionId="eb1df225-4b1a-4810-9f85-59bba4db7730" testListId="8c84fa94-04c1-424b-9868-57a2d4851a1d" />
    <TestEntry testId="0d17111d-4bcc-7465-5d12-635a518a19e2" executionId="a4e603e6-be5b-4449-91ba-65248d2d0586" testListId="8c84fa94-04c1-424b-9868-57a2d4851a1d" />
    <TestEntry testId="c994e312-aae9-bc5e-4d57-c42d1bd9bbce" executionId="17201fd2-9d9d-4ee2-a6a8-b80df4f8239c" testListId="8c84fa94-04c1-424b-9868-57a2d4851a1d" />
    <TestEntry testId="f6cb65d0-3b5b-94da-6844-309a8cd4bde0" executionId="96880b2a-1031-4e8e-8fd7-08974fdb822c" testListId="8c84fa94-04c1-424b-9868-57a2d4851a1d" />
    <TestEntry testId="f77d5569-ede8-999c-aaee-e9d8d59ce1fa" executionId="0f8b3a93-965d-4fcd-9337-25174170a0a2" testListId="8c84fa94-04c1-424b-9868-57a2d4851a1d" />
    <TestEntry testId="b139e58f-7567-02c2-e765-21af397e4452" executionId="2d9cf30a-3fb7-4842-8f7d-faafc2afa5da" testListId="8c84fa94-04c1-424b-9868-57a2d4851a1d" />
    <TestEntry testId="45518f28-1410-acf8-7d30-abd035e4a78d" executionId="41cab33c-5164-40a8-a6ce-db8fdbb18322" testListId="8c84fa94-04c1-424b-9868-57a2d4851a1d" />
    <TestEntry testId="53aabe53-3c03-a1a3-0917-7cbab483bb60" executionId="88ebce8e-a2d6-49cb-a010-1b03aa01ab63" testListId="8c84fa94-04c1-424b-9868-57a2d4851a1d" />
    <TestEntry testId="a95d489b-f484-bac4-e59b-ef9f10b40d28" executionId="263e4ed2-aaaf-4b72-8203-9bbb6ec15ef7" testListId="8c84fa94-04c1-424b-9868-57a2d4851a1d" />
    <TestEntry testId="cc3ee0e1-f671-56fb-43ca-914143ebdca1" executionId="c882938a-4320-4c4e-8392-9c1da6f2d21a" testListId="8c84fa94-04c1-424b-9868-57a2d4851a1d" />
    <TestEntry testId="0c68a89b-7b19-7347-721e-06476beb017a" executionId="a7247f47-7659-4b94-9e71-7064a149aec6" testListId="8c84fa94-04c1-424b-9868-57a2d4851a1d" />
    <TestEntry testId="15e2ad10-6be6-f4f0-8f1a-8a9d02d8fba1" executionId="686620f8-cc2b-49fc-8e6e-51c1b4fe89ff" testListId="8c84fa94-04c1-424b-9868-57a2d4851a1d" />
    <TestEntry testId="36fdb8b6-2e1a-149a-3e01-02a0fa777cb6" executionId="c40a87de-0048-4e64-96f1-0d2e7a3c3d0b" testListId="8c84fa94-04c1-424b-9868-57a2d4851a1d" />
    <TestEntry testId="0b786515-8f01-01ca-7e12-d0f1c87311e8" executionId="cab490ea-00fc-4bf3-8012-2eaf81bfbc32" testListId="8c84fa94-04c1-424b-9868-57a2d4851a1d" />
    <TestEntry testId="05b487fe-bd82-ea2f-6977-8657d26083bc" executionId="f43044ef-56d5-4b16-9715-89c5c07cbbe0" testListId="8c84fa94-04c1-424b-9868-57a2d4851a1d" />
    <TestEntry testId="c09a5ad1-be59-a208-a1a8-44924d9aa496" executionId="00ea56af-f4f4-4fb4-aa60-751c6e509f9f" testListId="8c84fa94-04c1-424b-9868-57a2d4851a1d" />
    <TestEntry testId="20453c2b-e390-bc06-99c4-fa1e3b32a8e6" executionId="cd36369d-0a54-48df-b34b-fcd685dad943" testListId="8c84fa94-04c1-424b-9868-57a2d4851a1d" />
    <TestEntry testId="7ed7b993-59ec-ebd0-0b51-0229ff85a8f5" executionId="2f958c49-8d31-4c5a-9281-2604e1fa6d0c" testListId="8c84fa94-04c1-424b-9868-57a2d4851a1d" />
    <TestEntry testId="823d3ed2-5b68-7647-c186-b492fa760906" executionId="e174fe48-7271-4008-acbb-a7526b4ea5b8" testListId="8c84fa94-04c1-424b-9868-57a2d4851a1d" />
    <TestEntry testId="252da588-b738-e7f5-07d5-e14813f0aa72" executionId="3e444c7d-62fc-46c6-983d-4365f884fc85" testListId="8c84fa94-04c1-424b-9868-57a2d4851a1d" />
  </TestEntries>
  <TestLists>
    <TestList name="Results Not in a List" id="8c84fa94-04c1-424b-9868-57a2d4851a1d" />
    <TestList name="All Loaded Results" id="19431567-8539-422a-85d7-44ee4e166bda" />
  </TestLists>
  <ResultSummary outcome="Completed">
    <Counters total="62" executed="62" passed="62" failed="0" error="0" timeout="0" aborted="0" inconclusive="0" passedButRunAborted="0" notRunnable="0" notExecuted="0" disconnected="0" warning="0" completed="0" inProgress="0" pending="0" />
  </ResultSummary>
</TestRun>