<?xml version="1.0" encoding="utf-8"?>
<TestRun id="ad164f80-1440-4b3e-8d56-db3a9a17d4ec" name="DKSR-EFI-06$@DKSR-EFI-06 2024-01-09 15:44:30" runUser="NT AUTHORITY\NETWORK SERVICE" xmlns="http://microsoft.com/schemas/VisualStudio/TeamTest/2010">
  <Times creation="2024-01-09T15:44:30.4511840+01:00" queuing="2024-01-09T15:44:30.4511840+01:00" start="2024-01-09T15:44:28.5605600+01:00" finish="2024-01-09T15:44:30.9355610+01:00" />
  <TestSettings name="default" id="54a27e37-7845-4d1d-9f23-665fca595203">
    <Deployment runDeploymentRoot="DKSR-EFI-06$_DKSR-EFI-06_2024-01-09_15_44_30" />
  </TestSettings>
  <Results>
    <UnitTestResult executionId="9fd322e9-6574-409f-8485-dfd50b6b2a01" testId="6c99c97d-ac71-7b7d-e8b9-50cfb4607b62" testName="Given_EndpointIsEncrypted_when_CallinApplyWithSameCertificate_ThenHttpsIsEnabledHttpIsDisabled" computerName="DKSR-EFI-06" duration="00:00:00.0548214" startTime="2024-01-09T15:44:30.4668118+01:00" endTime="2024-01-09T15:44:30.5293083+01:00" testType="13cdc9d9-ddb5-4fa4-a97d-d965ccfc6d4b" outcome="Passed" testListId="8c84fa94-04c1-424b-9868-57a2d4851a1d" relativeResultsDirectory="9fd322e9-6574-409f-8485-dfd50b6b2a01" />
    <UnitTestResult executionId="b2d72d8d-c9ac-47c2-bf49-c2d2727669de" testId="62429aed-febe-44e7-abe6-5c09d63af9aa" testName="Given_EndpointNotEncrypted_when_CallinApplyWithNoCertificate_ThePortIsAttemptedToBeUnboundUnBound" computerName="DKSR-EFI-06" duration="00:00:00.0243512" startTime="2024-01-09T15:44:30.4511840+01:00" endTime="2024-01-09T15:44:30.4668118+01:00" testType="13cdc9d9-ddb5-4fa4-a97d-d965ccfc6d4b" outcome="Passed" testListId="8c84fa94-04c1-424b-9868-57a2d4851a1d" relativeResultsDirectory="b2d72d8d-c9ac-47c2-bf49-c2d2727669de" />
    <UnitTestResult executionId="e587074c-a609-444d-bb5f-fc2aed082ff2" testId="e73904cd-2e5b-ccbd-5171-0fbe9d8c25c6" testName="Given_EndpointNotEncrypted_when_CallinApplyWithACertificate_ThePortIsBoundUsingTheCertificate" computerName="DKSR-EFI-06" duration="00:00:00.8244390" startTime="2024-01-09T15:44:29.5136865+01:00" endTime="2024-01-09T15:44:30.4199381+01:00" testType="13cdc9d9-ddb5-4fa4-a97d-d965ccfc6d4b" outcome="Passed" testListId="8c84fa94-04c1-424b-9868-57a2d4851a1d" relativeResultsDirectory="e587074c-a609-444d-bb5f-fc2aed082ff2" />
  </Results>
  <TestDefinitions>
    <UnitTest name="Given_EndpointIsEncrypted_when_CallinApplyWithSameCertificate_ThenHttpsIsEnabledHttpIsDisabled" storage="d:\actions-runner\_work\xpco\xpco\mobile\mobileserver\mobileserverbinaries\videoos.mobile.certificateregistration.test\bin\debug\net472\videoos.mobile.certificateregistration.test.dll" id="6c99c97d-ac71-7b7d-e8b9-50cfb4607b62">
      <Execution id="9fd322e9-6574-409f-8485-dfd50b6b2a01" />
      <TestMethod codeBase="D:\actions-runner\_work\XPCO\XPCO\Mobile\MobileServer\MobileServerBinaries\VideoOS.Mobile.CertificateRegistration.Test\bin\Debug\net472\VideoOS.Mobile.CertificateRegistration.Test.dll" adapterTypeName="executor://mstestadapter/v2" className="VideoOS.Mobile.CertificateRegistration.Test.ServerEndpointRegistrationTest" name="Given_EndpointIsEncrypted_when_CallinApplyWithSameCertificate_ThenHttpsIsEnabledHttpIsDisabled" />
    </UnitTest>
    <UnitTest name="Given_EndpointNotEncrypted_when_CallinApplyWithNoCertificate_ThePortIsAttemptedToBeUnboundUnBound" storage="d:\actions-runner\_work\xpco\xpco\mobile\mobileserver\mobileserverbinaries\videoos.mobile.certificateregistration.test\bin\debug\net472\videoos.mobile.certificateregistration.test.dll" id="62429aed-febe-44e7-abe6-5c09d63af9aa">
      <Execution id="b2d72d8d-c9ac-47c2-bf49-c2d2727669de" />
      <TestMethod codeBase="D:\actions-runner\_work\XPCO\XPCO\Mobile\MobileServer\MobileServerBinaries\VideoOS.Mobile.CertificateRegistration.Test\bin\Debug\net472\VideoOS.Mobile.CertificateRegistration.Test.dll" adapterTypeName="executor://mstestadapter/v2" className="VideoOS.Mobile.CertificateRegistration.Test.ServerEndpointRegistrationTest" name="Given_EndpointNotEncrypted_when_CallinApplyWithNoCertificate_ThePortIsAttemptedToBeUnboundUnBound" />
    </UnitTest>
    <UnitTest name="Given_EndpointNotEncrypted_when_CallinApplyWithACertificate_ThePortIsBoundUsingTheCertificate" storage="d:\actions-runner\_work\xpco\xpco\mobile\mobileserver\mobileserverbinaries\videoos.mobile.certificateregistration.test\bin\debug\net472\videoos.mobile.certificateregistration.test.dll" id="e73904cd-2e5b-ccbd-5171-0fbe9d8c25c6">
      <Execution id="e587074c-a609-444d-bb5f-fc2aed082ff2" />
      <TestMethod codeBase="D:\actions-runner\_work\XPCO\XPCO\Mobile\MobileServer\MobileServerBinaries\VideoOS.Mobile.CertificateRegistration.Test\bin\Debug\net472\VideoOS.Mobile.CertificateRegistration.Test.dll" adapterTypeName="executor://mstestadapter/v2" className="VideoOS.Mobile.CertificateRegistration.Test.ServerEndpointRegistrationTest" name="Given_EndpointNotEncrypted_when_CallinApplyWithACertificate_ThePortIsBoundUsingTheCertificate" />
    </UnitTest>
  </TestDefinitions>
  <TestEntries>
    <TestEntry testId="6c99c97d-ac71-7b7d-e8b9-50cfb4607b62" executionId="9fd322e9-6574-409f-8485-dfd50b6b2a01" testListId="8c84fa94-04c1-424b-9868-57a2d4851a1d" />
    <TestEntry testId="62429aed-febe-44e7-abe6-5c09d63af9aa" executionId="b2d72d8d-c9ac-47c2-bf49-c2d2727669de" testListId="8c84fa94-04c1-424b-9868-57a2d4851a1d" />
    <TestEntry testId="e73904cd-2e5b-ccbd-5171-0fbe9d8c25c6" executionId="e587074c-a609-444d-bb5f-fc2aed082ff2" testListId="8c84fa94-04c1-424b-9868-57a2d4851a1d" />
  </TestEntries>
  <TestLists>
    <TestList name="Results Not in a List" id="8c84fa94-04c1-424b-9868-57a2d4851a1d" />
    <TestList name="All Loaded Results" id="19431567-8539-422a-85d7-44ee4e166bda" />
  </TestLists>
  <ResultSummary outcome="Completed">
    <Counters total="3" executed="3" passed="3" failed="0" error="0" timeout="0" aborted="0" inconclusive="0" passedButRunAborted="0" notRunnable="0" notExecuted="0" disconnected="0" warning="0" completed="0" inProgress="0" pending="0" />
  </ResultSummary>
</TestRun>