<?xml version="1.0" encoding="utf-8"?>
<TestRun id="5753b7b2-294e-43f5-9ec0-7cb6c21baa62" name="DKSR-EFI-06$@DKSR-EFI-06 2024-01-09 15:44:42" runUser="NT AUTHORITY\NETWORK SERVICE" xmlns="http://microsoft.com/schemas/VisualStudio/TeamTest/2010">
  <Times creation="2024-01-09T15:44:42.8730750+01:00" queuing="2024-01-09T15:44:42.8730750+01:00" start="2024-01-09T15:44:41.9199482+01:00" finish="2024-01-09T15:44:43.2012037+01:00" />
  <TestSettings name="default" id="db0b43eb-7929-4853-a035-a66bf1f2b04d">
    <Deployment runDeploymentRoot="DKSR-EFI-06$_DKSR-EFI-06_2024-01-09_15_44_42" />
  </TestSettings>
  <Results>
    <UnitTestResult executionId="4c954567-ec1c-4849-9fde-7dacb2d323c6" testId="6881acb6-de34-badb-06e6-b9586e825cdc" testName="ElevateExecutionStartInfo" computerName="DKSR-EFI-06" duration="00:00:00.0060860" startTime="2024-01-09T15:44:42.8730750+01:00" endTime="2024-01-09T15:44:42.8887030+01:00" testType="13cdc9d9-ddb5-4fa4-a97d-d965ccfc6d4b" outcome="Passed" testListId="8c84fa94-04c1-424b-9868-57a2d4851a1d" relativeResultsDirectory="4c954567-ec1c-4849-9fde-7dacb2d323c6" />
    <UnitTestResult executionId="b29045c8-532e-4698-ab9d-5f70494c59c7" testId="04c9614c-5448-fbe9-211c-4549c92966d7" testName="ChangeExportFolderActionParams" computerName="DKSR-EFI-06" duration="00:00:00.0978616" startTime="2024-01-09T15:44:42.7637012+01:00" endTime="2024-01-09T15:44:42.8574509+01:00" testType="13cdc9d9-ddb5-4fa4-a97d-d965ccfc6d4b" outcome="Passed" testListId="8c84fa94-04c1-424b-9868-57a2d4851a1d" relativeResultsDirectory="b29045c8-532e-4698-ab9d-5f70494c59c7" />
    <UnitTestResult executionId="5c9ae685-d181-445d-b4aa-534c1153d42c" testId="d55559d6-1638-3ff4-f140-752f8d8960d7" testName="LocalizedHelpLinkNoLanguages" computerName="DKSR-EFI-06" duration="00:00:00.0002130" startTime="2024-01-09T15:44:42.7480747+01:00" endTime="2024-01-09T15:44:42.7480747+01:00" testType="13cdc9d9-ddb5-4fa4-a97d-d965ccfc6d4b" outcome="Passed" testListId="8c84fa94-04c1-424b-9868-57a2d4851a1d" relativeResultsDirectory="5c9ae685-d181-445d-b4aa-534c1153d42c" />
    <UnitTestResult executionId="476da3ec-d71a-4a54-b119-6fcfc7f38d8c" testId="e3429bb6-4232-aa47-a196-38fddc085ba9" testName="LocalizedHelpLinkNoLangPlaceHolder" computerName="DKSR-EFI-06" duration="00:00:00.0081254" startTime="2024-01-09T15:44:42.6543252+01:00" endTime="2024-01-09T15:44:42.7324506+01:00" testType="13cdc9d9-ddb5-4fa4-a97d-d965ccfc6d4b" outcome="Passed" testListId="8c84fa94-04c1-424b-9868-57a2d4851a1d" relativeResultsDirectory="476da3ec-d71a-4a54-b119-6fcfc7f38d8c" />
    <UnitTestResult executionId="a64cd192-237c-455c-8b21-01d2bbec0f0f" testId="13c453b3-b940-b276-ced5-2a094345fc8b" testName="LaunchServerConfiguratorAction" computerName="DKSR-EFI-06" duration="00:00:00.0040930" startTime="2024-01-09T15:44:42.7637012+01:00" endTime="2024-01-09T15:44:42.7637012+01:00" testType="13cdc9d9-ddb5-4fa4-a97d-d965ccfc6d4b" outcome="Passed" testListId="8c84fa94-04c1-424b-9868-57a2d4851a1d" relativeResultsDirectory="a64cd192-237c-455c-8b21-01d2bbec0f0f" />
    <UnitTestResult executionId="5f3453fc-809d-4ba9-950b-d3912b147f9e" testId="28e26486-cc51-fd68-4c4e-0e3a2036228a" testName="LocalizedHelpLinkMissingLanguage" computerName="DKSR-EFI-06" duration="00:00:00.0002366" startTime="2024-01-09T15:44:42.7480747+01:00" endTime="2024-01-09T15:44:42.7480747+01:00" testType="13cdc9d9-ddb5-4fa4-a97d-d965ccfc6d4b" outcome="Passed" testListId="8c84fa94-04c1-424b-9868-57a2d4851a1d" relativeResultsDirectory="5f3453fc-809d-4ba9-950b-d3912b147f9e" />
    <UnitTestResult executionId="37e6038d-c2a6-4f13-ba5d-e1a6dcfcd87c" testId="ab140734-b0b3-19b1-861d-f291951aba8d" testName="LocalizedHelpLinkSupportedLanguage" computerName="DKSR-EFI-06" duration="00:00:00.0002084" startTime="2024-01-09T15:44:42.7480747+01:00" endTime="2024-01-09T15:44:42.7637012+01:00" testType="13cdc9d9-ddb5-4fa4-a97d-d965ccfc6d4b" outcome="Passed" testListId="8c84fa94-04c1-424b-9868-57a2d4851a1d" relativeResultsDirectory="37e6038d-c2a6-4f13-ba5d-e1a6dcfcd87c" />
    <UnitTestResult executionId="82cad915-ddef-47f1-a8bf-c9ada5b15850" testId="c3d99c60-5d52-f613-cac5-1511be39f799" testName="ChangeServerAddressSCActionParams" computerName="DKSR-EFI-06" duration="00:00:00.0006368" startTime="2024-01-09T15:44:42.8574509+01:00" endTime="2024-01-09T15:44:42.8574509+01:00" testType="13cdc9d9-ddb5-4fa4-a97d-d965ccfc6d4b" outcome="Passed" testListId="8c84fa94-04c1-424b-9868-57a2d4851a1d" relativeResultsDirectory="82cad915-ddef-47f1-a8bf-c9ada5b15850" />
    <UnitTestResult executionId="a63b4d4f-3cad-4b24-a441-822aa707e43b" testId="05ceb618-375a-754e-610c-8237ce64c6c7" testName="TestServiceActionsParams" computerName="DKSR-EFI-06" duration="00:00:00.0009247" startTime="2024-01-09T15:44:42.7637012+01:00" endTime="2024-01-09T15:44:42.7637012+01:00" testType="13cdc9d9-ddb5-4fa4-a97d-d965ccfc6d4b" outcome="Passed" testListId="8c84fa94-04c1-424b-9868-57a2d4851a1d" relativeResultsDirectory="a63b4d4f-3cad-4b24-a441-822aa707e43b" />
    <UnitTestResult executionId="491254e3-1819-4c98-b413-5e17d7be0d2a" testId="ebabbb59-9a6d-b2c3-c867-034c0a703029" testName="ChangeServerAddressActionParams" computerName="DKSR-EFI-06" duration="00:00:00.0009376" startTime="2024-01-09T15:44:42.8574509+01:00" endTime="2024-01-09T15:44:42.8574509+01:00" testType="13cdc9d9-ddb5-4fa4-a97d-d965ccfc6d4b" outcome="Passed" testListId="8c84fa94-04c1-424b-9868-57a2d4851a1d" relativeResultsDirectory="491254e3-1819-4c98-b413-5e17d7be0d2a" />
    <UnitTestResult executionId="a61dc37b-9358-4093-977e-3c96f7c6deab" testId="f13405bd-4692-ac9a-c7f8-6a796fd7057b" testName="ChangePortsActionParameters" computerName="DKSR-EFI-06" duration="00:00:00.0040628" startTime="2024-01-09T15:44:42.8730750+01:00" endTime="2024-01-09T15:44:42.8730750+01:00" testType="13cdc9d9-ddb5-4fa4-a97d-d965ccfc6d4b" outcome="Passed" testListId="8c84fa94-04c1-424b-9868-57a2d4851a1d" relativeResultsDirectory="a61dc37b-9358-4093-977e-3c96f7c6deab" />
  </Results>
  <TestDefinitions>
    <UnitTest name="LaunchServerConfiguratorAction" storage="d:\actions-runner\_work\xpco\xpco\mobile\mobileserver\mobileserverbinaries\videoos.mobile.traycontroller.common.test\bin\debug\net472\videoos.mobile.traycontroller.common.test.dll" id="13c453b3-b940-b276-ced5-2a094345fc8b">
      <TestCategory>
        <TestCategoryItem TestCategory="Fast" />
      </TestCategory>
      <Execution id="a64cd192-237c-455c-8b21-01d2bbec0f0f" />
      <TestMethod codeBase="D:\actions-runner\_work\XPCO\XPCO\Mobile\MobileServer\MobileServerBinaries\VideoOS.Mobile.TrayController.Common.Test\bin\Debug\net472\VideoOS.Mobile.TrayController.Common.Test.dll" adapterTypeName="executor://mstestadapter/v2" className="VideoOS.Mobile.TrayController.Common.Test.ElevatedActions.ChangeCertificateActionTests" name="LaunchServerConfiguratorAction" />
    </UnitTest>
    <UnitTest name="LocalizedHelpLinkNoLanguages" storage="d:\actions-runner\_work\xpco\xpco\mobile\mobileserver\mobileserverbinaries\videoos.mobile.traycontroller.common.test\bin\debug\net472\videoos.mobile.traycontroller.common.test.dll" id="d55559d6-1638-3ff4-f140-752f8d8960d7">
      <TestCategory>
        <TestCategoryItem TestCategory="Fast" />
      </TestCategory>
      <Execution id="5c9ae685-d181-445d-b4aa-534c1153d42c" />
      <TestMethod codeBase="D:\actions-runner\_work\XPCO\XPCO\Mobile\MobileServer\MobileServerBinaries\VideoOS.Mobile.TrayController.Common.Test\bin\Debug\net472\VideoOS.Mobile.TrayController.Common.Test.dll" adapterTypeName="executor://mstestadapter/v2" className="VideoOS.Mobile.TrayController.Common.Test.Utilities.TrayLocalizationTests" name="LocalizedHelpLinkNoLanguages" />
    </UnitTest>
    <UnitTest name="ChangePortsActionParameters" storage="d:\actions-runner\_work\xpco\xpco\mobile\mobileserver\mobileserverbinaries\videoos.mobile.traycontroller.common.test\bin\debug\net472\videoos.mobile.traycontroller.common.test.dll" id="f13405bd-4692-ac9a-c7f8-6a796fd7057b">
      <TestCategory>
        <TestCategoryItem TestCategory="Fast" />
      </TestCategory>
      <Execution id="a61dc37b-9358-4093-977e-3c96f7c6deab" />
      <TestMethod codeBase="D:\actions-runner\_work\XPCO\XPCO\Mobile\MobileServer\MobileServerBinaries\VideoOS.Mobile.TrayController.Common.Test\bin\Debug\net472\VideoOS.Mobile.TrayController.Common.Test.dll" adapterTypeName="executor://mstestadapter/v2" className="VideoOS.Mobile.TrayController.Common.Test.ElevatedActions.ElevatedActionsTests" name="ChangePortsActionParameters" />
    </UnitTest>
    <UnitTest name="TestServiceActionsParams" storage="d:\actions-runner\_work\xpco\xpco\mobile\mobileserver\mobileserverbinaries\videoos.mobile.traycontroller.common.test\bin\debug\net472\videoos.mobile.traycontroller.common.test.dll" id="05ceb618-375a-754e-610c-8237ce64c6c7">
      <TestCategory>
        <TestCategoryItem TestCategory="Fast" />
      </TestCategory>
      <Execution id="a63b4d4f-3cad-4b24-a441-822aa707e43b" />
      <TestMethod codeBase="D:\actions-runner\_work\XPCO\XPCO\Mobile\MobileServer\MobileServerBinaries\VideoOS.Mobile.TrayController.Common.Test\bin\Debug\net472\VideoOS.Mobile.TrayController.Common.Test.dll" adapterTypeName="executor://mstestadapter/v2" className="VideoOS.Mobile.TrayController.Common.Test.ElevatedActions.ElevatedActionsTests" name="TestServiceActionsParams" />
    </UnitTest>
    <UnitTest name="ChangeServerAddressSCActionParams" storage="d:\actions-runner\_work\xpco\xpco\mobile\mobileserver\mobileserverbinaries\videoos.mobile.traycontroller.common.test\bin\debug\net472\videoos.mobile.traycontroller.common.test.dll" id="c3d99c60-5d52-f613-cac5-1511be39f799">
      <TestCategory>
        <TestCategoryItem TestCategory="Fast" />
      </TestCategory>
      <Execution id="82cad915-ddef-47f1-a8bf-c9ada5b15850" />
      <TestMethod codeBase="D:\actions-runner\_work\XPCO\XPCO\Mobile\MobileServer\MobileServerBinaries\VideoOS.Mobile.TrayController.Common.Test\bin\Debug\net472\VideoOS.Mobile.TrayController.Common.Test.dll" adapterTypeName="executor://mstestadapter/v2" className="VideoOS.Mobile.TrayController.Common.Test.ElevatedActions.ElevatedActionsTests" name="ChangeServerAddressSCActionParams" />
    </UnitTest>
    <UnitTest name="ChangeExportFolderActionParams" storage="d:\actions-runner\_work\xpco\xpco\mobile\mobileserver\mobileserverbinaries\videoos.mobile.traycontroller.common.test\bin\debug\net472\videoos.mobile.traycontroller.common.test.dll" id="04c9614c-5448-fbe9-211c-4549c92966d7">
      <TestCategory>
        <TestCategoryItem TestCategory="LongRunning" />
      </TestCategory>
      <Execution id="b29045c8-532e-4698-ab9d-5f70494c59c7" />
      <TestMethod codeBase="D:\actions-runner\_work\XPCO\XPCO\Mobile\MobileServer\MobileServerBinaries\VideoOS.Mobile.TrayController.Common.Test\bin\Debug\net472\VideoOS.Mobile.TrayController.Common.Test.dll" adapterTypeName="executor://mstestadapter/v2" className="VideoOS.Mobile.TrayController.Common.Test.ElevatedActions.ElevatedActionsTests" name="ChangeExportFolderActionParams" />
    </UnitTest>
    <UnitTest name="LocalizedHelpLinkNoLangPlaceHolder" storage="d:\actions-runner\_work\xpco\xpco\mobile\mobileserver\mobileserverbinaries\videoos.mobile.traycontroller.common.test\bin\debug\net472\videoos.mobile.traycontroller.common.test.dll" id="e3429bb6-4232-aa47-a196-38fddc085ba9">
      <TestCategory>
        <TestCategoryItem TestCategory="Fast" />
      </TestCategory>
      <Execution id="476da3ec-d71a-4a54-b119-6fcfc7f38d8c" />
      <TestMethod codeBase="D:\actions-runner\_work\XPCO\XPCO\Mobile\MobileServer\MobileServerBinaries\VideoOS.Mobile.TrayController.Common.Test\bin\Debug\net472\VideoOS.Mobile.TrayController.Common.Test.dll" adapterTypeName="executor://mstestadapter/v2" className="VideoOS.Mobile.TrayController.Common.Test.Utilities.TrayLocalizationTests" name="LocalizedHelpLinkNoLangPlaceHolder" />
    </UnitTest>
    <UnitTest name="ChangeServerAddressActionParams" storage="d:\actions-runner\_work\xpco\xpco\mobile\mobileserver\mobileserverbinaries\videoos.mobile.traycontroller.common.test\bin\debug\net472\videoos.mobile.traycontroller.common.test.dll" id="ebabbb59-9a6d-b2c3-c867-034c0a703029">
      <TestCategory>
        <TestCategoryItem TestCategory="Fast" />
      </TestCategory>
      <Execution id="491254e3-1819-4c98-b413-5e17d7be0d2a" />
      <TestMethod codeBase="D:\actions-runner\_work\XPCO\XPCO\Mobile\MobileServer\MobileServerBinaries\VideoOS.Mobile.TrayController.Common.Test\bin\Debug\net472\VideoOS.Mobile.TrayController.Common.Test.dll" adapterTypeName="executor://mstestadapter/v2" className="VideoOS.Mobile.TrayController.Common.Test.ElevatedActions.ElevatedActionsTests" name="ChangeServerAddressActionParams" />
    </UnitTest>
    <UnitTest name="ElevateExecutionStartInfo" storage="d:\actions-runner\_work\xpco\xpco\mobile\mobileserver\mobileserverbinaries\videoos.mobile.traycontroller.common.test\bin\debug\net472\videoos.mobile.traycontroller.common.test.dll" id="6881acb6-de34-badb-06e6-b9586e825cdc">
      <TestCategory>
        <TestCategoryItem TestCategory="LongRunning" />
      </TestCategory>
      <Execution id="4c954567-ec1c-4849-9fde-7dacb2d323c6" />
      <TestMethod codeBase="D:\actions-runner\_work\XPCO\XPCO\Mobile\MobileServer\MobileServerBinaries\VideoOS.Mobile.TrayController.Common.Test\bin\Debug\net472\VideoOS.Mobile.TrayController.Common.Test.dll" adapterTypeName="executor://mstestadapter/v2" className="VideoOS.Mobile.TrayController.Common.Test.ElevatedActions.ElevatedActionsTests" name="ElevateExecutionStartInfo" />
    </UnitTest>
    <UnitTest name="LocalizedHelpLinkSupportedLanguage" storage="d:\actions-runner\_work\xpco\xpco\mobile\mobileserver\mobileserverbinaries\videoos.mobile.traycontroller.common.test\bin\debug\net472\videoos.mobile.traycontroller.common.test.dll" id="ab140734-b0b3-19b1-861d-f291951aba8d">
      <TestCategory>
        <TestCategoryItem TestCategory="Fast" />
      </TestCategory>
      <Execution id="37e6038d-c2a6-4f13-ba5d-e1a6dcfcd87c" />
      <TestMethod codeBase="D:\actions-runner\_work\XPCO\XPCO\Mobile\MobileServer\MobileServerBinaries\VideoOS.Mobile.TrayController.Common.Test\bin\Debug\net472\VideoOS.Mobile.TrayController.Common.Test.dll" adapterTypeName="executor://mstestadapter/v2" className="VideoOS.Mobile.TrayController.Common.Test.Utilities.TrayLocalizationTests" name="LocalizedHelpLinkSupportedLanguage" />
    </UnitTest>
    <UnitTest name="LocalizedHelpLinkMissingLanguage" storage="d:\actions-runner\_work\xpco\xpco\mobile\mobileserver\mobileserverbinaries\videoos.mobile.traycontroller.common.test\bin\debug\net472\videoos.mobile.traycontroller.common.test.dll" id="28e26486-cc51-fd68-4c4e-0e3a2036228a">
      <TestCategory>
        <TestCategoryItem TestCategory="Fast" />
      </TestCategory>
      <Execution id="5f3453fc-809d-4ba9-950b-d3912b147f9e" />
      <TestMethod codeBase="D:\actions-runner\_work\XPCO\XPCO\Mobile\MobileServer\MobileServerBinaries\VideoOS.Mobile.TrayController.Common.Test\bin\Debug\net472\VideoOS.Mobile.TrayController.Common.Test.dll" adapterTypeName="executor://mstestadapter/v2" className="VideoOS.Mobile.TrayController.Common.Test.Utilities.TrayLocalizationTests" name="LocalizedHelpLinkMissingLanguage" />
    </UnitTest>
  </TestDefinitions>
  <TestEntries>
    <TestEntry testId="6881acb6-de34-badb-06e6-b9586e825cdc" executionId="4c954567-ec1c-4849-9fde-7dacb2d323c6" testListId="8c84fa94-04c1-424b-9868-57a2d4851a1d" />
    <TestEntry testId="04c9614c-5448-fbe9-211c-4549c92966d7" executionId="b29045c8-532e-4698-ab9d-5f70494c59c7" testListId="8c84fa94-04c1-424b-9868-57a2d4851a1d" />
    <TestEntry testId="d55559d6-1638-3ff4-f140-752f8d8960d7" executionId="5c9ae685-d181-445d-b4aa-534c1153d42c" testListId="8c84fa94-04c1-424b-9868-57a2d4851a1d" />
    <TestEntry testId="e3429bb6-4232-aa47-a196-38fddc085ba9" executionId="476da3ec-d71a-4a54-b119-6fcfc7f38d8c" testListId="8c84fa94-04c1-424b-9868-57a2d4851a1d" />
    <TestEntry testId="13c453b3-b940-b276-ced5-2a094345fc8b" executionId="a64cd192-237c-455c-8b21-01d2bbec0f0f" testListId="8c84fa94-04c1-424b-9868-57a2d4851a1d" />
    <TestEntry testId="28e26486-cc51-fd68-4c4e-0e3a2036228a" executionId="5f3453fc-809d-4ba9-950b-d3912b147f9e" testListId="8c84fa94-04c1-424b-9868-57a2d4851a1d" />
    <TestEntry testId="ab140734-b0b3-19b1-861d-f291951aba8d" executionId="37e6038d-c2a6-4f13-ba5d-e1a6dcfcd87c" testListId="8c84fa94-04c1-424b-9868-57a2d4851a1d" />
    <TestEntry testId="c3d99c60-5d52-f613-cac5-1511be39f799" executionId="82cad915-ddef-47f1-a8bf-c9ada5b15850" testListId="8c84fa94-04c1-424b-9868-57a2d4851a1d" />
    <TestEntry testId="05ceb618-375a-754e-610c-8237ce64c6c7" executionId="a63b4d4f-3cad-4b24-a441-822aa707e43b" testListId="8c84fa94-04c1-424b-9868-57a2d4851a1d" />
    <TestEntry testId="ebabbb59-9a6d-b2c3-c867-034c0a703029" executionId="491254e3-1819-4c98-b413-5e17d7be0d2a" testListId="8c84fa94-04c1-424b-9868-57a2d4851a1d" />
    <TestEntry testId="f13405bd-4692-ac9a-c7f8-6a796fd7057b" executionId="a61dc37b-9358-4093-977e-3c96f7c6deab" testListId="8c84fa94-04c1-424b-9868-57a2d4851a1d" />
  </TestEntries>
  <TestLists>
    <TestList name="Results Not in a List" id="8c84fa94-04c1-424b-9868-57a2d4851a1d" />
    <TestList name="All Loaded Results" id="19431567-8539-422a-85d7-44ee4e166bda" />
  </TestLists>
  <ResultSummary outcome="Completed">
    <Counters total="11" executed="11" passed="11" failed="0" error="0" timeout="0" aborted="0" inconclusive="0" passedButRunAborted="0" notRunnable="0" notExecuted="0" disconnected="0" warning="0" completed="0" inProgress="0" pending="0" />
  </ResultSummary>
</TestRun>