<?xml version="1.0" encoding="utf-8"?>
<TestRun id="27fea092-0dd2-45ca-bf7d-93c946dd5c0b" name="DKSR-EFI-06$@DKSR-EFI-06 2024-01-09 15:42:10" runUser="NT AUTHORITY\NETWORK SERVICE" xmlns="http://microsoft.com/schemas/VisualStudio/TeamTest/2010">
  <Times creation="2024-01-09T15:42:10.8258235+01:00" queuing="2024-01-09T15:42:10.8258235+01:00" start="2024-01-09T15:42:00.4820956+01:00" finish="2024-01-09T15:42:13.6695814+01:00" />
  <TestSettings name="default" id="4f49f7c6-7a0e-4e54-aa1f-398382f044be">
    <Deployment runDeploymentRoot="DKSR-EFI-06$_DKSR-EFI-06_2024-01-09_15_42_10" />
  </TestSettings>
  <Results>
    <UnitTestResult executionId="cb6fae7a-5ff1-42ca-bbb8-5ff54c6ef2bb" testId="e206d375-05fa-9f0b-d364-21b2faf0c6ee" testName="HandleException_AdminIdentityNotFound_ThrowsUnauthorizedAccessException" computerName="DKSR-EFI-06" duration="00:00:00.0007660" startTime="2024-01-09T15:42:10.8883210+01:00" endTime="2024-01-09T15:42:10.8883210+01:00" testType="13cdc9d9-ddb5-4fa4-a97d-d965ccfc6d4b" outcome="Passed" testListId="8c84fa94-04c1-424b-9868-57a2d4851a1d" relativeResultsDirectory="cb6fae7a-5ff1-42ca-bbb8-5ff54c6ef2bb" />
    <UnitTestResult executionId="cf6fb601-574c-4f1b-86ed-b9b119a6f671" testId="2c676722-9580-4142-fba8-21ca9c7d3b68" testName="HandleException_ExceptionIsLoggedInILogInstance_WithDebug_Success" computerName="DKSR-EFI-06" duration="00:00:00.0002668" startTime="2024-01-09T15:42:10.8883210+01:00" endTime="2024-01-09T15:42:10.9039475+01:00" testType="13cdc9d9-ddb5-4fa4-a97d-d965ccfc6d4b" outcome="Passed" testListId="8c84fa94-04c1-424b-9868-57a2d4851a1d" relativeResultsDirectory="cf6fb601-574c-4f1b-86ed-b9b119a6f671" />
    <UnitTestResult executionId="4fa2cd17-9e90-4605-9eea-0d7f98ff402c" testId="f670a4e4-2d0c-766c-47ea-51b0ea00c270" testName="HandleException_UnauthorizedException_ThrowsUnauthorizedAccessException" computerName="DKSR-EFI-06" duration="00:00:00.0083734" startTime="2024-01-09T15:42:10.7945721+01:00" endTime="2024-01-09T15:42:10.8101979+01:00" testType="13cdc9d9-ddb5-4fa4-a97d-d965ccfc6d4b" outcome="Passed" testListId="8c84fa94-04c1-424b-9868-57a2d4851a1d" relativeResultsDirectory="4fa2cd17-9e90-4605-9eea-0d7f98ff402c" />
    <UnitTestResult executionId="6b24dfdc-11a7-4af1-abdd-6b22174c43fd" testId="25ff399b-5c18-4067-61e6-5ec5b7675030" testName="HandleException_InvalidRoleName_ReturnsTrue" computerName="DKSR-EFI-06" duration="00:00:00.0004938" startTime="2024-01-09T15:42:10.8258235+01:00" endTime="2024-01-09T15:42:10.8258235+01:00" testType="13cdc9d9-ddb5-4fa4-a97d-d965ccfc6d4b" outcome="Passed" testListId="8c84fa94-04c1-424b-9868-57a2d4851a1d" relativeResultsDirectory="6b24dfdc-11a7-4af1-abdd-6b22174c43fd" />
    <UnitTestResult executionId="717ea7df-471b-4490-aeeb-17d9b6ed91b5" testId="87070804-c132-849a-1cd4-fcb28d989aee" testName="HandleException_FaultExceptionWithExceptionSubCode51100_ThrowsDualAuthorizationRequiredException" computerName="DKSR-EFI-06" duration="00:00:00.0011266" startTime="2024-01-09T15:42:10.7633251+01:00" endTime="2024-01-09T15:42:10.7633251+01:00" testType="13cdc9d9-ddb5-4fa4-a97d-d965ccfc6d4b" outcome="Passed" testListId="8c84fa94-04c1-424b-9868-57a2d4851a1d" relativeResultsDirectory="717ea7df-471b-4490-aeeb-17d9b6ed91b5" />
    <UnitTestResult executionId="2016b200-a1b3-4ea9-9fe2-60f93a83c40d" testId="baa71c4f-9ce7-f996-50a3-2e789fde5952" testName="BuildArgumentList_CurrentWindowsUser_NullCredentials" computerName="DKSR-EFI-06" duration="00:00:00.0002761" startTime="2024-01-09T15:42:11.8726991+01:00" endTime="2024-01-09T15:42:11.8726991+01:00" testType="13cdc9d9-ddb5-4fa4-a97d-d965ccfc6d4b" outcome="Passed" testListId="8c84fa94-04c1-424b-9868-57a2d4851a1d" relativeResultsDirectory="2016b200-a1b3-4ea9-9fe2-60f93a83c40d" />
    <UnitTestResult executionId="553caeff-eb6c-4e9a-9af0-97e2b67be582" testId="88713123-cbd6-df24-a848-8e737bd1229f" testName="HandleLogOnError_IdpCommon_LockedOutException_Success" computerName="DKSR-EFI-06" duration="00:00:00.0007028" startTime="2024-01-09T15:42:12.9508263+01:00" endTime="2024-01-09T15:42:12.9508263+01:00" testType="13cdc9d9-ddb5-4fa4-a97d-d965ccfc6d4b" outcome="Passed" testListId="8c84fa94-04c1-424b-9868-57a2d4851a1d" relativeResultsDirectory="553caeff-eb6c-4e9a-9af0-97e2b67be582" />
    <UnitTestResult executionId="1e7f6261-17b3-4b32-8679-0b58f9930f4f" testId="7962aff8-6b97-db80-e5ed-f476f5610258" testName="HandleException_ExceptionIsLoggedInILogInstance_WithoutDebug_Success" computerName="DKSR-EFI-06" duration="00:00:00.0015029" startTime="2024-01-09T15:42:10.8883210+01:00" endTime="2024-01-09T15:42:10.8883210+01:00" testType="13cdc9d9-ddb5-4fa4-a97d-d965ccfc6d4b" outcome="Passed" testListId="8c84fa94-04c1-424b-9868-57a2d4851a1d" relativeResultsDirectory="1e7f6261-17b3-4b32-8679-0b58f9930f4f" />
    <UnitTestResult executionId="d6646a82-7180-40c2-b2c3-62d9d5b0cb26" testId="5d466fea-a0b0-5250-a0d9-9c417e127f77" testName="SetAllowInsecureConnectionsFromCommandLine_IsNotAllowed" computerName="DKSR-EFI-06" startTime="2024-01-09T15:42:10.9351971+01:00" endTime="2024-01-09T15:42:10.9351971+01:00" testType="13cdc9d9-ddb5-4fa4-a97d-d965ccfc6d4b" outcome="NotExecuted" testListId="8c84fa94-04c1-424b-9868-57a2d4851a1d" relativeResultsDirectory="d6646a82-7180-40c2-b2c3-62d9d5b0cb26">
      <Output></Output>
    </UnitTestResult>
    <UnitTestResult executionId="6b0b7e60-5c67-438d-83fa-38c76b1ffcc4" testId="ac9cb484-517b-e08f-a117-4fb14c474371" testName="LocalUserOptions_LoadWhenSettingsSaved_InsecureAllowed_ReturnsValidInstance" computerName="DKSR-EFI-06" duration="00:00:00.0104801" startTime="2024-01-09T15:42:11.7320759+01:00" endTime="2024-01-09T15:42:11.7477019+01:00" testType="13cdc9d9-ddb5-4fa4-a97d-d965ccfc6d4b" outcome="Passed" testListId="8c84fa94-04c1-424b-9868-57a2d4851a1d" relativeResultsDirectory="6b0b7e60-5c67-438d-83fa-38c76b1ffcc4" />
    <UnitTestResult executionId="35d1f399-29ba-4170-a992-7d6903c63205" testId="dbabbd11-4285-4565-e954-79763ba738cd" testName="HandleException_InvalidUserName_ReturnsTrue" computerName="DKSR-EFI-06" duration="00:00:00.0002093" startTime="2024-01-09T15:42:10.8414473+01:00" endTime="2024-01-09T15:42:10.8414473+01:00" testType="13cdc9d9-ddb5-4fa4-a97d-d965ccfc6d4b" outcome="Passed" testListId="8c84fa94-04c1-424b-9868-57a2d4851a1d" relativeResultsDirectory="35d1f399-29ba-4170-a992-7d6903c63205" />
    <UnitTestResult executionId="86590487-a8e5-45eb-aa3a-2d2a4ef77b9a" testId="3cdc3baf-7583-6e9e-143a-0a0feff17b4b" testName="HandleLogOnError_EndpointNotFoundException_Success" computerName="DKSR-EFI-06" duration="00:00:00.0055091" startTime="2024-01-09T15:42:12.8883270+01:00" endTime="2024-01-09T15:42:12.9039529+01:00" testType="13cdc9d9-ddb5-4fa4-a97d-d965ccfc6d4b" outcome="Passed" testListId="8c84fa94-04c1-424b-9868-57a2d4851a1d" relativeResultsDirectory="86590487-a8e5-45eb-aa3a-2d2a4ef77b9a" />
    <UnitTestResult executionId="53cc5ec4-0434-4ad9-a05e-439ae0917df9" testId="7bf79235-3910-d0d5-b85f-586a417b5c1b" testName="GetConnectionInfoFromCommandLine_SilentLoginAllowed_BasicUser_UserHasAllowedThroughOptions" computerName="DKSR-EFI-06" startTime="2024-01-09T15:42:10.9664471+01:00" endTime="2024-01-09T15:42:10.9664471+01:00" testType="13cdc9d9-ddb5-4fa4-a97d-d965ccfc6d4b" outcome="NotExecuted" testListId="8c84fa94-04c1-424b-9868-57a2d4851a1d" relativeResultsDirectory="53cc5ec4-0434-4ad9-a05e-439ae0917df9">
      <Output></Output>
    </UnitTestResult>
    <UnitTestResult executionId="47a4a80b-5e87-40b2-8d52-a76810e8fc18" testId="95b4712c-d4c8-23aa-0f5a-05e6aab541b6" testName="HandleException_ServerCommunicationException_ReturnsTrue" computerName="DKSR-EFI-06" duration="00:00:00.0005233" startTime="2024-01-09T15:42:10.7320726+01:00" endTime="2024-01-09T15:42:10.7320726+01:00" testType="13cdc9d9-ddb5-4fa4-a97d-d965ccfc6d4b" outcome="Passed" testListId="8c84fa94-04c1-424b-9868-57a2d4851a1d" relativeResultsDirectory="47a4a80b-5e87-40b2-8d52-a76810e8fc18" />
    <UnitTestResult executionId="38fe6c64-ed31-4a32-bddf-93339179ee15" testId="b77cc879-5882-cba0-4025-9f04e4bc06e5" testName="GetConnectionInfoFromCommandLine_SilentLoginNotAllowed_InsecureEndpointNotFoundWarning" computerName="DKSR-EFI-06" startTime="2024-01-09T15:42:10.9664471+01:00" endTime="2024-01-09T15:42:10.9664471+01:00" testType="13cdc9d9-ddb5-4fa4-a97d-d965ccfc6d4b" outcome="NotExecuted" testListId="8c84fa94-04c1-424b-9868-57a2d4851a1d" relativeResultsDirectory="38fe6c64-ed31-4a32-bddf-93339179ee15">
      <Output></Output>
    </UnitTestResult>
    <UnitTestResult executionId="8c0f40e9-55fe-48a5-8937-a717fd8236c1" testId="59b76e42-646b-15ab-23a6-c93dee3b4c03" testName="GetConnectionInfoFromCommandLine_RetrievesValidCredentials" computerName="DKSR-EFI-06" startTime="2024-01-09T15:42:10.9508240+01:00" endTime="2024-01-09T15:42:10.9508240+01:00" testType="13cdc9d9-ddb5-4fa4-a97d-d965ccfc6d4b" outcome="NotExecuted" testListId="8c84fa94-04c1-424b-9868-57a2d4851a1d" relativeResultsDirectory="8c0f40e9-55fe-48a5-8937-a717fd8236c1">
      <Output></Output>
    </UnitTestResult>
    <UnitTestResult executionId="f9406159-40d4-4992-b0c1-cf5caebcda9d" testId="9b3c353a-8131-bfeb-e930-c289dd604806" testName="HandleLogOnError_InvalidVersionException_Success" computerName="DKSR-EFI-06" duration="00:00:00.0002970" startTime="2024-01-09T15:42:12.9352025+01:00" endTime="2024-01-09T15:42:12.9352025+01:00" testType="13cdc9d9-ddb5-4fa4-a97d-d965ccfc6d4b" outcome="Passed" testListId="8c84fa94-04c1-424b-9868-57a2d4851a1d" relativeResultsDirectory="f9406159-40d4-4992-b0c1-cf5caebcda9d" />
    <UnitTestResult executionId="089c2ff4-de49-4bb6-974c-688ff19470c2" testId="cb3e9fd5-a3dd-7f7c-8347-3c8bef5da397" testName="HandleException_NotAllowed_ThrowsUnauthorizedAccessException" computerName="DKSR-EFI-06" duration="00:00:00.0008949" startTime="2024-01-09T15:42:10.8726976+01:00" endTime="2024-01-09T15:42:10.8726976+01:00" testType="13cdc9d9-ddb5-4fa4-a97d-d965ccfc6d4b" outcome="Passed" testListId="8c84fa94-04c1-424b-9868-57a2d4851a1d" relativeResultsDirectory="089c2ff4-de49-4bb6-974c-688ff19470c2" />
    <UnitTestResult executionId="22a4357c-884c-4015-a265-711dd61ff50f" testId="41866230-32be-26e2-1ee7-efebcaee2b66" testName="HandleException_DuplicateEmail_ReturnsTrue" computerName="DKSR-EFI-06" duration="00:00:00.0003303" startTime="2024-01-09T15:42:10.8414473+01:00" endTime="2024-01-09T15:42:10.8414473+01:00" testType="13cdc9d9-ddb5-4fa4-a97d-d965ccfc6d4b" outcome="Passed" testListId="8c84fa94-04c1-424b-9868-57a2d4851a1d" relativeResultsDirectory="22a4357c-884c-4015-a265-711dd61ff50f" />
    <UnitTestResult executionId="94b05bcf-c044-494d-a63d-226a43b8c66c" testId="c25bc540-8392-4508-efb1-7676417cb939" testName="HandleException_UserNotFoundException_ThrowsUnauthorizedAccessException" computerName="DKSR-EFI-06" duration="00:00:00.0073383" startTime="2024-01-09T15:42:10.8101979+01:00" endTime="2024-01-09T15:42:10.8258235+01:00" testType="13cdc9d9-ddb5-4fa4-a97d-d965ccfc6d4b" outcome="Passed" testListId="8c84fa94-04c1-424b-9868-57a2d4851a1d" relativeResultsDirectory="94b05bcf-c044-494d-a63d-226a43b8c66c" />
    <UnitTestResult executionId="44062260-970e-4bf6-b335-45be9a23bd77" testId="f79504dc-5a02-577f-493b-d72f73f0b8ee" testName="HandleLogOnError_Vmo_ConnectionException_ServerException_Success" computerName="DKSR-EFI-06" duration="00:00:00.0003929" startTime="2024-01-09T15:42:12.9352025+01:00" endTime="2024-01-09T15:42:12.9352025+01:00" testType="13cdc9d9-ddb5-4fa4-a97d-d965ccfc6d4b" outcome="Passed" testListId="8c84fa94-04c1-424b-9868-57a2d4851a1d" relativeResultsDirectory="44062260-970e-4bf6-b335-45be9a23bd77" />
    <UnitTestResult executionId="c8742ce9-3f83-451f-b376-4e6729ca41c6" testId="2388295d-e43f-7e64-cc72-3f5dd61b2d49" testName="Construct_DefaultInstance_CorrectlyUsesEnvironmentCommandLineArgs" computerName="DKSR-EFI-06" startTime="2024-01-09T15:42:10.9039475+01:00" endTime="2024-01-09T15:42:10.9039475+01:00" testType="13cdc9d9-ddb5-4fa4-a97d-d965ccfc6d4b" outcome="NotExecuted" testListId="8c84fa94-04c1-424b-9868-57a2d4851a1d" relativeResultsDirectory="c8742ce9-3f83-451f-b376-4e6729ca41c6">
      <Output></Output>
    </UnitTestResult>
    <UnitTestResult executionId="55827bae-3272-4dc1-b783-4c442825dc4f" testId="d044f70d-4b82-2985-17a6-16738a371e0c" testName="HandleLogOnError_SelfAuthorizationException_Success" computerName="DKSR-EFI-06" duration="00:00:00.0004314" startTime="2024-01-09T15:42:12.9352025+01:00" endTime="2024-01-09T15:42:12.9352025+01:00" testType="13cdc9d9-ddb5-4fa4-a97d-d965ccfc6d4b" outcome="Passed" testListId="8c84fa94-04c1-424b-9868-57a2d4851a1d" relativeResultsDirectory="55827bae-3272-4dc1-b783-4c442825dc4f" />
    <UnitTestResult executionId="2390f1cf-48a6-4c4e-b94e-b62f0e0ff637" testId="03b7b66a-3826-f5c7-44ce-15c426a24bef" testName="GetConnectionInfoFromCommandLine_InvalidServerInformation_Throws_InvalidOperationException" computerName="DKSR-EFI-06" startTime="2024-01-09T15:42:10.9508240+01:00" endTime="2024-01-09T15:42:10.9508240+01:00" testType="13cdc9d9-ddb5-4fa4-a97d-d965ccfc6d4b" outcome="NotExecuted" testListId="8c84fa94-04c1-424b-9868-57a2d4851a1d" relativeResultsDirectory="2390f1cf-48a6-4c4e-b94e-b62f0e0ff637">
      <Output></Output>
    </UnitTestResult>
    <UnitTestResult executionId="02687b8a-e6ab-4647-8091-461bd3f56e05" testId="b15948d0-dfc5-0f74-6a46-b14b8b9d9bc9" testName="GetAuthenticationType_ValueNotFound_ReturnsUnknown" computerName="DKSR-EFI-06" startTime="2024-01-09T15:42:10.9820704+01:00" endTime="2024-01-09T15:42:10.9820704+01:00" testType="13cdc9d9-ddb5-4fa4-a97d-d965ccfc6d4b" outcome="NotExecuted" testListId="8c84fa94-04c1-424b-9868-57a2d4851a1d" relativeResultsDirectory="02687b8a-e6ab-4647-8091-461bd3f56e05">
      <Output></Output>
    </UnitTestResult>
    <UnitTestResult executionId="e18af2c3-4098-4f12-97db-8098707bce64" testId="f23cc637-a6ad-59ab-8002-516cf353bf46" testName="GetDomain_ValueNotFound_ReturnsNull" computerName="DKSR-EFI-06" startTime="2024-01-09T15:42:10.9976987+01:00" endTime="2024-01-09T15:42:10.9976987+01:00" testType="13cdc9d9-ddb5-4fa4-a97d-d965ccfc6d4b" outcome="NotExecuted" testListId="8c84fa94-04c1-424b-9868-57a2d4851a1d" relativeResultsDirectory="e18af2c3-4098-4f12-97db-8098707bce64">
      <Output></Output>
    </UnitTestResult>
    <UnitTestResult executionId="f273d75a-6794-4d97-bbaf-02fdca4f3a7b" testId="12720682-442e-0841-7f60-8f9803d371fd" testName="GetPassword_ValueFound_Success" computerName="DKSR-EFI-06" startTime="2024-01-09T15:42:10.9976987+01:00" endTime="2024-01-09T15:42:10.9976987+01:00" testType="13cdc9d9-ddb5-4fa4-a97d-d965ccfc6d4b" outcome="NotExecuted" testListId="8c84fa94-04c1-424b-9868-57a2d4851a1d" relativeResultsDirectory="f273d75a-6794-4d97-bbaf-02fdca4f3a7b">
      <Output></Output>
    </UnitTestResult>
    <UnitTestResult executionId="723c312f-26db-4d8e-ae57-c158ea04e283" testId="673425df-99c1-86b3-794f-9d639113f4c4" testName="GetPassword_ValueNotFound_ReturnsNull" computerName="DKSR-EFI-06" startTime="2024-01-09T15:42:10.9976987+01:00" endTime="2024-01-09T15:42:10.9976987+01:00" testType="13cdc9d9-ddb5-4fa4-a97d-d965ccfc6d4b" outcome="NotExecuted" testListId="8c84fa94-04c1-424b-9868-57a2d4851a1d" relativeResultsDirectory="723c312f-26db-4d8e-ae57-c158ea04e283">
      <Output></Output>
    </UnitTestResult>
    <UnitTestResult executionId="4b669be4-aa1b-4714-98cc-5b0ee9ead22e" testId="02a18d51-a82e-e903-59cb-a8fac1bed7a3" testName="GetConnectionInfoFromCommandLine_SilentLoginAllowed_DisableCurrentUser_RevertsToWindowsUser" computerName="DKSR-EFI-06" startTime="2024-01-09T15:42:10.9664471+01:00" endTime="2024-01-09T15:42:10.9664471+01:00" testType="13cdc9d9-ddb5-4fa4-a97d-d965ccfc6d4b" outcome="NotExecuted" testListId="8c84fa94-04c1-424b-9868-57a2d4851a1d" relativeResultsDirectory="4b669be4-aa1b-4714-98cc-5b0ee9ead22e">
      <Output></Output>
    </UnitTestResult>
    <UnitTestResult executionId="b6ad1b71-ffd7-4141-8b31-845e04f6950e" testId="27ce45ee-7a2d-5bf7-1a18-400cc5a0633f" testName="LocalUserOptions_SetInsecureAllowed_SaveAndReload_ReturnsValidInstanceWithAllowInsecureConnectionsTrue" computerName="DKSR-EFI-06" duration="00:00:00.0489488" startTime="2024-01-09T15:42:11.7477019+01:00" endTime="2024-01-09T15:42:11.7945730+01:00" testType="13cdc9d9-ddb5-4fa4-a97d-d965ccfc6d4b" outcome="Passed" testListId="8c84fa94-04c1-424b-9868-57a2d4851a1d" relativeResultsDirectory="b6ad1b71-ffd7-4141-8b31-845e04f6950e" />
    <UnitTestResult executionId="cc4d29bd-70e9-4515-818e-767bd9aa505d" testId="2b36a0dd-a1fa-be4d-b5f0-af6b7478d37f" testName="BuildArgumentList_ExternalValidProviderName_WithoutAllowHttp" computerName="DKSR-EFI-06" duration="00:00:00.0003105" startTime="2024-01-09T15:42:11.8570758+01:00" endTime="2024-01-09T15:42:11.8570758+01:00" testType="13cdc9d9-ddb5-4fa4-a97d-d965ccfc6d4b" outcome="Passed" testListId="8c84fa94-04c1-424b-9868-57a2d4851a1d" relativeResultsDirectory="cc4d29bd-70e9-4515-818e-767bd9aa505d" />
    <UnitTestResult executionId="3f083c2b-13ab-4968-a4a4-55b8d157384d" testId="6389dc83-4565-4d7f-e6a8-3a1d2b5544a1" testName="HandleLogOnError_IdpCommon_UnauthorizedException_Success" computerName="DKSR-EFI-06" duration="00:00:00.0026160" startTime="2024-01-09T15:42:12.9508263+01:00" endTime="2024-01-09T15:42:12.9508263+01:00" testType="13cdc9d9-ddb5-4fa4-a97d-d965ccfc6d4b" outcome="Passed" testListId="8c84fa94-04c1-424b-9868-57a2d4851a1d" relativeResultsDirectory="3f083c2b-13ab-4968-a4a4-55b8d157384d" />
    <UnitTestResult executionId="5c58b06f-d9ee-4b81-961d-52c9d002d8d4" testId="76c3301e-797c-9d8a-18b3-20fcfb4524ff" testName="HandleException_NullException_ReturnsFalse" computerName="DKSR-EFI-06" duration="00:00:00.0003561" startTime="2024-01-09T15:42:10.7320726+01:00" endTime="2024-01-09T15:42:10.7320726+01:00" testType="13cdc9d9-ddb5-4fa4-a97d-d965ccfc6d4b" outcome="Passed" testListId="8c84fa94-04c1-424b-9868-57a2d4851a1d" relativeResultsDirectory="5c58b06f-d9ee-4b81-961d-52c9d002d8d4" />
    <UnitTestResult executionId="0949bd48-1c84-4bcb-801c-b8328f6dbac3" testId="c4bf81d6-7e1b-0d28-b492-9a36273e5776" testName="GetLoginProviderId_ValueNotFound_ReturnsNull" computerName="DKSR-EFI-06" startTime="2024-01-09T15:42:10.9820704+01:00" endTime="2024-01-09T15:42:10.9820704+01:00" testType="13cdc9d9-ddb5-4fa4-a97d-d965ccfc6d4b" outcome="NotExecuted" testListId="8c84fa94-04c1-424b-9868-57a2d4851a1d" relativeResultsDirectory="0949bd48-1c84-4bcb-801c-b8328f6dbac3">
      <Output></Output>
    </UnitTestResult>
    <UnitTestResult executionId="b36c08d6-6f10-4890-93f0-691ac132cf1b" testId="2d291e7f-6d39-5468-9430-651dabc8e209" testName="SetAllowInsecureConnectionsFromCommandLine_IsAllowed_True" computerName="DKSR-EFI-06" startTime="2024-01-09T15:42:10.9351971+01:00" endTime="2024-01-09T15:42:10.9351971+01:00" testType="13cdc9d9-ddb5-4fa4-a97d-d965ccfc6d4b" outcome="NotExecuted" testListId="8c84fa94-04c1-424b-9868-57a2d4851a1d" relativeResultsDirectory="b36c08d6-6f10-4890-93f0-691ac132cf1b">
      <Output></Output>
    </UnitTestResult>
    <UnitTestResult executionId="9dd0d925-5662-4759-8148-e9c129552d39" testId="82819833-5413-cc64-a2bf-aed3bde5d39e" testName="HandleException_FaultExceptionWithExceptionCode52000_ThrowsServerCommunicationException" computerName="DKSR-EFI-06" duration="00:00:00.0007705" startTime="2024-01-09T15:42:10.7789464+01:00" endTime="2024-01-09T15:42:10.7789464+01:00" testType="13cdc9d9-ddb5-4fa4-a97d-d965ccfc6d4b" outcome="Passed" testListId="8c84fa94-04c1-424b-9868-57a2d4851a1d" relativeResultsDirectory="9dd0d925-5662-4759-8148-e9c129552d39" />
    <UnitTestResult executionId="aff5e367-eac4-4d56-b0fa-f08e214132e3" testId="b798fd8f-efb9-8245-a4ae-1a5e49c050be" testName="HandleLogOnError_IdpCommon_IdpServerException_Success" computerName="DKSR-EFI-06" duration="00:00:00.0004322" startTime="2024-01-09T15:42:12.9508263+01:00" endTime="2024-01-09T15:42:12.9508263+01:00" testType="13cdc9d9-ddb5-4fa4-a97d-d965ccfc6d4b" outcome="Passed" testListId="8c84fa94-04c1-424b-9868-57a2d4851a1d" relativeResultsDirectory="aff5e367-eac4-4d56-b0fa-f08e214132e3" />
    <UnitTestResult executionId="60be0440-bbe2-4361-bba1-3d98bea3d33e" testId="e1280668-b314-947c-50f3-4ce4037b3664" testName="HandleLogOnError_NullUserException_Throws_ArgumentNullException" computerName="DKSR-EFI-06" duration="00:00:00.9272670" startTime="2024-01-09T15:42:11.8726991+01:00" endTime="2024-01-09T15:42:12.8102052+01:00" testType="13cdc9d9-ddb5-4fa4-a97d-d965ccfc6d4b" outcome="Passed" testListId="8c84fa94-04c1-424b-9868-57a2d4851a1d" relativeResultsDirectory="60be0440-bbe2-4361-bba1-3d98bea3d33e" />
    <UnitTestResult executionId="739ccbeb-aefc-49fd-b144-325ad77b93f7" testId="6f3002ed-8547-53e1-a5dc-f1c21ad26bb9" testName="HandleException_StandardExceptionNotHandledByExceptionHandler_ReturnsTrue" computerName="DKSR-EFI-06" duration="00:00:00.0882035" startTime="2024-01-09T15:42:10.0914467+01:00" endTime="2024-01-09T15:42:10.5758215+01:00" testType="13cdc9d9-ddb5-4fa4-a97d-d965ccfc6d4b" outcome="Passed" testListId="8c84fa94-04c1-424b-9868-57a2d4851a1d" relativeResultsDirectory="739ccbeb-aefc-49fd-b144-325ad77b93f7" />
    <UnitTestResult executionId="5a5db191-2ea0-4b1d-990f-fbf965be26cf" testId="ed0be081-c52a-ae5e-41a6-fa01b047333f" testName="GetDomain_ValueFound_Success" computerName="DKSR-EFI-06" startTime="2024-01-09T15:42:10.9976987+01:00" endTime="2024-01-09T15:42:10.9976987+01:00" testType="13cdc9d9-ddb5-4fa4-a97d-d965ccfc6d4b" outcome="NotExecuted" testListId="8c84fa94-04c1-424b-9868-57a2d4851a1d" relativeResultsDirectory="5a5db191-2ea0-4b1d-990f-fbf965be26cf">
      <Output></Output>
    </UnitTestResult>
    <UnitTestResult executionId="a16b5782-9078-4bc2-bc9e-0b0aeff5e85f" testId="1f0d1fec-2037-b88a-1465-30ccaa64789e" testName="HandleLogOnError_DefaultException_Success" computerName="DKSR-EFI-06" duration="00:00:00.0002612" startTime="2024-01-09T15:42:12.9820764+01:00" endTime="2024-01-09T15:42:12.9820764+01:00" testType="13cdc9d9-ddb5-4fa4-a97d-d965ccfc6d4b" outcome="Passed" testListId="8c84fa94-04c1-424b-9868-57a2d4851a1d" relativeResultsDirectory="a16b5782-9078-4bc2-bc9e-0b0aeff5e85f" />
    <UnitTestResult executionId="08bbcb54-b52e-438d-9a38-9bbd95d89200" testId="4173ba70-1dcd-6e84-485b-1d78a0483847" testName="GetConnectionInfoFromCommandLine_SilentLoginNotAllowed_InvalidCertificateWarning" computerName="DKSR-EFI-06" startTime="2024-01-09T15:42:10.9664471+01:00" endTime="2024-01-09T15:42:10.9664471+01:00" testType="13cdc9d9-ddb5-4fa4-a97d-d965ccfc6d4b" outcome="NotExecuted" testListId="8c84fa94-04c1-424b-9868-57a2d4851a1d" relativeResultsDirectory="08bbcb54-b52e-438d-9a38-9bbd95d89200">
      <Output></Output>
    </UnitTestResult>
    <UnitTestResult executionId="57d09d33-d541-4cfd-8fd6-23cc8e59dea0" testId="efe595bd-6445-41bd-5d78-9a3f66be50f6" testName="HandleException_NotFoundException_ThrowsNotFoundException" computerName="DKSR-EFI-06" duration="00:00:00.0008095" startTime="2024-01-09T15:42:10.8258235+01:00" endTime="2024-01-09T15:42:10.8258235+01:00" testType="13cdc9d9-ddb5-4fa4-a97d-d965ccfc6d4b" outcome="Passed" testListId="8c84fa94-04c1-424b-9868-57a2d4851a1d" relativeResultsDirectory="57d09d33-d541-4cfd-8fd6-23cc8e59dea0" />
    <UnitTestResult executionId="095825a9-1c4d-4fb4-ba5b-40147faa9b07" testId="9b2e65c2-ac08-f2dd-ce1d-cb17194a4ead" testName="HandleLogOnError_Integration_ServerException_Success" computerName="DKSR-EFI-06" duration="00:00:00.0005606" startTime="2024-01-09T15:42:12.9352025+01:00" endTime="2024-01-09T15:42:12.9352025+01:00" testType="13cdc9d9-ddb5-4fa4-a97d-d965ccfc6d4b" outcome="Passed" testListId="8c84fa94-04c1-424b-9868-57a2d4851a1d" relativeResultsDirectory="095825a9-1c4d-4fb4-ba5b-40147faa9b07" />
    <UnitTestResult executionId="211193e9-bc99-413c-ac7a-376aa4ebc5e2" testId="505d6fca-f707-836f-b193-3eb275a0485d" testName="GetConnectionInfoFromCommandLine_SilentLoginAllowed_BasicUserDomian_WithoutUsername_RevertsToCurrentWindowsUser" computerName="DKSR-EFI-06" startTime="2024-01-09T15:42:10.9664471+01:00" endTime="2024-01-09T15:42:10.9664471+01:00" testType="13cdc9d9-ddb5-4fa4-a97d-d965ccfc6d4b" outcome="NotExecuted" testListId="8c84fa94-04c1-424b-9868-57a2d4851a1d" relativeResultsDirectory="211193e9-bc99-413c-ac7a-376aa4ebc5e2">
      <Output></Output>
    </UnitTestResult>
    <UnitTestResult executionId="4c5459fd-0223-4b18-8d47-d1badc9693f5" testId="d9e19a6e-edb2-f5cf-2c31-6fd8ee572245" testName="Construct_ValidInstance_NullArgs_ConvertsToEmptyArray" computerName="DKSR-EFI-06" startTime="2024-01-09T15:42:10.9039475+01:00" endTime="2024-01-09T15:42:10.9039475+01:00" testType="13cdc9d9-ddb5-4fa4-a97d-d965ccfc6d4b" outcome="NotExecuted" testListId="8c84fa94-04c1-424b-9868-57a2d4851a1d" relativeResultsDirectory="4c5459fd-0223-4b18-8d47-d1badc9693f5">
      <Output></Output>
    </UnitTestResult>
    <UnitTestResult executionId="73038636-6ba9-4694-85fc-9e86e2dbe3b1" testId="0d135733-c5f5-94bb-6dc0-9de99c5153ab" testName="LocalUserOptions_LoadWhenSettingsNotSaved_ReturnsDefaultInstance" computerName="DKSR-EFI-06" duration="00:00:00.4544195" startTime="2024-01-09T15:42:10.9976987+01:00" endTime="2024-01-09T15:42:11.4664500+01:00" testType="13cdc9d9-ddb5-4fa4-a97d-d965ccfc6d4b" outcome="Passed" testListId="8c84fa94-04c1-424b-9868-57a2d4851a1d" relativeResultsDirectory="73038636-6ba9-4694-85fc-9e86e2dbe3b1" />
    <UnitTestResult executionId="24866b1e-95d3-4547-8ad4-fa5a903b8e7c" testId="0b10d70b-dfd6-dd9e-3fd5-42957d08880a" testName="SetAllowInsecureConnectionsFromCommandLine_IsAllowed_False" computerName="DKSR-EFI-06" startTime="2024-01-09T15:42:10.9351971+01:00" endTime="2024-01-09T15:42:10.9351971+01:00" testType="13cdc9d9-ddb5-4fa4-a97d-d965ccfc6d4b" outcome="NotExecuted" testListId="8c84fa94-04c1-424b-9868-57a2d4851a1d" relativeResultsDirectory="24866b1e-95d3-4547-8ad4-fa5a903b8e7c">
      <Output></Output>
    </UnitTestResult>
    <UnitTestResult executionId="631fea32-8414-46ac-84ab-6e8d38cefe32" testId="1c81f3bb-d450-771a-9b9e-e0cce87abbfa" testName="HandleLogOnError_IdpCommon_IdpNonceMismatchException_Success" computerName="DKSR-EFI-06" duration="00:00:00.0004138" startTime="2024-01-09T15:42:12.9664517+01:00" endTime="2024-01-09T15:42:12.9664517+01:00" testType="13cdc9d9-ddb5-4fa4-a97d-d965ccfc6d4b" outcome="Passed" testListId="8c84fa94-04c1-424b-9868-57a2d4851a1d" relativeResultsDirectory="631fea32-8414-46ac-84ab-6e8d38cefe32" />
    <UnitTestResult executionId="1fe2baf2-721f-4560-a633-5e9789d55df9" testId="f3ca49a2-2439-027d-6483-4c0f194afe21" testName="HandleException_PasswordRequiresDigit_ReturnsTrue" computerName="DKSR-EFI-06" duration="00:00:00.0003795" startTime="2024-01-09T15:42:10.8414473+01:00" endTime="2024-01-09T15:42:10.8414473+01:00" testType="13cdc9d9-ddb5-4fa4-a97d-d965ccfc6d4b" outcome="Passed" testListId="8c84fa94-04c1-424b-9868-57a2d4851a1d" relativeResultsDirectory="1fe2baf2-721f-4560-a633-5e9789d55df9" />
    <UnitTestResult executionId="0e12ce39-d8d8-45eb-9034-8e06bbeb5e7a" testId="1a225a35-6fc4-6a00-ddc9-19833b06fd5c" testName="GetLoginProviderId_ValueFound_Success" computerName="DKSR-EFI-06" startTime="2024-01-09T15:42:10.9820704+01:00" endTime="2024-01-09T15:42:10.9820704+01:00" testType="13cdc9d9-ddb5-4fa4-a97d-d965ccfc6d4b" outcome="NotExecuted" testListId="8c84fa94-04c1-424b-9868-57a2d4851a1d" relativeResultsDirectory="0e12ce39-d8d8-45eb-9034-8e06bbeb5e7a">
      <Output></Output>
    </UnitTestResult>
    <UnitTestResult executionId="fff6b658-c826-4fd0-a24a-85b539ec39ff" testId="5b25a65f-8d8f-f0b8-4b44-23d31b2c85ba" testName="BuildArgumentListWindowsDefaultUser" computerName="DKSR-EFI-06" duration="00:00:00.0491202" startTime="2024-01-09T15:42:11.8101986+01:00" endTime="2024-01-09T15:42:11.8570758+01:00" testType="13cdc9d9-ddb5-4fa4-a97d-d965ccfc6d4b" outcome="Passed" testListId="8c84fa94-04c1-424b-9868-57a2d4851a1d" relativeResultsDirectory="fff6b658-c826-4fd0-a24a-85b539ec39ff" />
    <UnitTestResult executionId="0856d165-49c9-44c0-80b3-0e0f03810f3e" testId="c3be0a3b-6d89-acbb-40b6-f8621e9daf01" testName="HandleException_PasswordRequiresUpper_ReturnsTrue" computerName="DKSR-EFI-06" duration="00:00:00.0003970" startTime="2024-01-09T15:42:10.8726976+01:00" endTime="2024-01-09T15:42:10.8726976+01:00" testType="13cdc9d9-ddb5-4fa4-a97d-d965ccfc6d4b" outcome="Passed" testListId="8c84fa94-04c1-424b-9868-57a2d4851a1d" relativeResultsDirectory="0856d165-49c9-44c0-80b3-0e0f03810f3e" />
    <UnitTestResult executionId="3ad64d7c-ac4f-43e3-8e29-90e2e1c3f69b" testId="758b7028-5c46-b60e-7234-340a823032d1" testName="GetSilentLoginFromCommandLine_NullValue_ReturnsFalse" computerName="DKSR-EFI-06" startTime="2024-01-09T15:42:10.9039475+01:00" endTime="2024-01-09T15:42:10.9039475+01:00" testType="13cdc9d9-ddb5-4fa4-a97d-d965ccfc6d4b" outcome="NotExecuted" testListId="8c84fa94-04c1-424b-9868-57a2d4851a1d" relativeResultsDirectory="3ad64d7c-ac4f-43e3-8e29-90e2e1c3f69b">
      <Output></Output>
    </UnitTestResult>
    <UnitTestResult executionId="c1548d94-f1f1-461f-a9bc-4f993b17c0b8" testId="878111f9-488a-779f-dd4e-1e9660771eb9" testName="HandleException_PasswordRequiresLower_ReturnsTrue" computerName="DKSR-EFI-06" duration="00:00:00.0002533" startTime="2024-01-09T15:42:10.8414473+01:00" endTime="2024-01-09T15:42:10.8414473+01:00" testType="13cdc9d9-ddb5-4fa4-a97d-d965ccfc6d4b" outcome="Passed" testListId="8c84fa94-04c1-424b-9868-57a2d4851a1d" relativeResultsDirectory="c1548d94-f1f1-461f-a9bc-4f993b17c0b8" />
    <UnitTestResult executionId="4d4f200b-c474-42a7-833c-937c670298c4" testId="4390d7a6-bf0a-48ea-ceae-11a9b6a4458a" testName="LocalUserOptions_LoadWhenSettingsSaved_InsecureNotSet_ReturnsValidInstance" computerName="DKSR-EFI-06" duration="00:00:00.2581008" startTime="2024-01-09T15:42:11.4664500+01:00" endTime="2024-01-09T15:42:11.7164505+01:00" testType="13cdc9d9-ddb5-4fa4-a97d-d965ccfc6d4b" outcome="Passed" testListId="8c84fa94-04c1-424b-9868-57a2d4851a1d" relativeResultsDirectory="4d4f200b-c474-42a7-833c-937c670298c4" />
    <UnitTestResult executionId="a0ba0dad-459c-4c0c-85fc-0eae03c49681" testId="cfbeec7e-dfc3-bf0b-a124-11740b7de6ba" testName="Construct_InvalidInstance_NullServiceContainer_Throws_ArgumentNullException" computerName="DKSR-EFI-06" startTime="2024-01-09T15:42:10.9039475+01:00" endTime="2024-01-09T15:42:10.9039475+01:00" testType="13cdc9d9-ddb5-4fa4-a97d-d965ccfc6d4b" outcome="NotExecuted" testListId="8c84fa94-04c1-424b-9868-57a2d4851a1d" relativeResultsDirectory="a0ba0dad-459c-4c0c-85fc-0eae03c49681">
      <Output></Output>
    </UnitTestResult>
    <UnitTestResult executionId="e3feb42a-e1ae-42d1-a612-67afe888e149" testId="a425ed9f-401f-4a6d-78ad-a8d9eb349c0a" testName="HandleException_FaultExceptionWithExceptionCode51100_ThrowsDualAuthorizationRequiredException" computerName="DKSR-EFI-06" duration="00:00:00.0008293" startTime="2024-01-09T15:42:10.7633251+01:00" endTime="2024-01-09T15:42:10.7633251+01:00" testType="13cdc9d9-ddb5-4fa4-a97d-d965ccfc6d4b" outcome="Passed" testListId="8c84fa94-04c1-424b-9868-57a2d4851a1d" relativeResultsDirectory="e3feb42a-e1ae-42d1-a612-67afe888e149" />
    <UnitTestResult executionId="be0db37d-2b11-4b27-abbb-5c556d4d7f0e" testId="ac7240e9-9d5a-8be1-0652-b13267eebe56" testName="HandleLogOnError_IdpCommon_IdpNullTokenException_Success" computerName="DKSR-EFI-06" duration="00:00:00.0003888" startTime="2024-01-09T15:42:12.9664517+01:00" endTime="2024-01-09T15:42:12.9664517+01:00" testType="13cdc9d9-ddb5-4fa4-a97d-d965ccfc6d4b" outcome="Passed" testListId="8c84fa94-04c1-424b-9868-57a2d4851a1d" relativeResultsDirectory="be0db37d-2b11-4b27-abbb-5c556d4d7f0e" />
    <UnitTestResult executionId="98bdec40-2c9d-4b2c-bfc8-9aa50ff1e878" testId="b8373626-4ea9-9df7-44cb-3bdf9ec4cb4f" testName="HandleLogOnError_NotMemberOfAuthorizationRoleException_Success" computerName="DKSR-EFI-06" duration="00:00:00.0004133" startTime="2024-01-09T15:42:12.9508263+01:00" endTime="2024-01-09T15:42:12.9508263+01:00" testType="13cdc9d9-ddb5-4fa4-a97d-d965ccfc6d4b" outcome="Passed" testListId="8c84fa94-04c1-424b-9868-57a2d4851a1d" relativeResultsDirectory="98bdec40-2c9d-4b2c-bfc8-9aa50ff1e878" />
    <UnitTestResult executionId="65447171-b00f-4437-b69a-26c4ddb318b7" testId="2e9bb337-a380-ea06-e3c5-90c2ef702946" testName="HandleException_InnerFaultExceptionWithExceptionCode51000_ThrowsUnauthorizedAccessException" computerName="DKSR-EFI-06" duration="00:00:00.0240511" startTime="2024-01-09T15:42:10.7320726+01:00" endTime="2024-01-09T15:42:10.7633251+01:00" testType="13cdc9d9-ddb5-4fa4-a97d-d965ccfc6d4b" outcome="Passed" testListId="8c84fa94-04c1-424b-9868-57a2d4851a1d" relativeResultsDirectory="65447171-b00f-4437-b69a-26c4ddb318b7" />
    <UnitTestResult executionId="345e93aa-0fae-4a39-8947-52d9f58e16a4" testId="a143ec15-7319-d17b-4b77-25de9beb0149" testName="HandleLogOnError_Vmo_VmoUnauthorizedAccessException_Success" computerName="DKSR-EFI-06" duration="00:00:00.0004363" startTime="2024-01-09T15:42:12.9195768+01:00" endTime="2024-01-09T15:42:12.9352025+01:00" testType="13cdc9d9-ddb5-4fa4-a97d-d965ccfc6d4b" outcome="Passed" testListId="8c84fa94-04c1-424b-9868-57a2d4851a1d" relativeResultsDirectory="345e93aa-0fae-4a39-8947-52d9f58e16a4" />
    <UnitTestResult executionId="615c4c57-8437-42a7-b128-fd0c3b162fe6" testId="14c6f940-6aa2-0a30-ba07-bebc11a63046" testName="GetConnectionInfoFromCommandLine_NullUriHandler_Throws_ArgumentNullException" computerName="DKSR-EFI-06" startTime="2024-01-09T15:42:10.9351971+01:00" endTime="2024-01-09T15:42:10.9351971+01:00" testType="13cdc9d9-ddb5-4fa4-a97d-d965ccfc6d4b" outcome="NotExecuted" testListId="8c84fa94-04c1-424b-9868-57a2d4851a1d" relativeResultsDirectory="615c4c57-8437-42a7-b128-fd0c3b162fe6">
      <Output></Output>
    </UnitTestResult>
    <UnitTestResult executionId="6f875cbe-6365-4696-ae09-b93d419407d3" testId="d7a3a6e7-7bb8-8d11-cfb0-b5782c3e7bd4" testName="HandleLogOnError_IdpCommon_IdpNullCodeException_Success" computerName="DKSR-EFI-06" duration="00:00:00.0005545" startTime="2024-01-09T15:42:12.9664517+01:00" endTime="2024-01-09T15:42:12.9664517+01:00" testType="13cdc9d9-ddb5-4fa4-a97d-d965ccfc6d4b" outcome="Passed" testListId="8c84fa94-04c1-424b-9868-57a2d4851a1d" relativeResultsDirectory="6f875cbe-6365-4696-ae09-b93d419407d3" />
    <UnitTestResult executionId="744f680a-f4ba-4410-ad3e-122b9b4b6b34" testId="90d7c8c6-37a5-ed1f-b134-4cdd9452c8fb" testName="GetUserName_ValueNotFound_ReturnsNull" computerName="DKSR-EFI-06" startTime="2024-01-09T15:42:10.9820704+01:00" endTime="2024-01-09T15:42:10.9976987+01:00" testType="13cdc9d9-ddb5-4fa4-a97d-d965ccfc6d4b" outcome="NotExecuted" testListId="8c84fa94-04c1-424b-9868-57a2d4851a1d" relativeResultsDirectory="744f680a-f4ba-4410-ad3e-122b9b4b6b34">
      <Output></Output>
    </UnitTestResult>
    <UnitTestResult executionId="207b1712-1299-4cd3-bfb2-7813877a9c76" testId="cdcc7b09-c244-bc06-a2cf-45b29872cc2b" testName="HandleLogOnError_IdpCommon_IdpStateMismatchException_Success" computerName="DKSR-EFI-06" duration="00:00:00.0003766" startTime="2024-01-09T15:42:12.9664517+01:00" endTime="2024-01-09T15:42:12.9820764+01:00" testType="13cdc9d9-ddb5-4fa4-a97d-d965ccfc6d4b" outcome="Passed" testListId="8c84fa94-04c1-424b-9868-57a2d4851a1d" relativeResultsDirectory="207b1712-1299-4cd3-bfb2-7813877a9c76" />
    <UnitTestResult executionId="c47b78b1-099a-42a6-bf2e-fdba50dec95a" testId="39b358fc-2228-c548-76d5-86633029cc80" testName="HandleException_FaultExceptionWithUnknownExceptionCode_ThrowsServerCommunicationException" computerName="DKSR-EFI-06" duration="00:00:00.0008359" startTime="2024-01-09T15:42:10.7789464+01:00" endTime="2024-01-09T15:42:10.7789464+01:00" testType="13cdc9d9-ddb5-4fa4-a97d-d965ccfc6d4b" outcome="Passed" testListId="8c84fa94-04c1-424b-9868-57a2d4851a1d" relativeResultsDirectory="c47b78b1-099a-42a6-bf2e-fdba50dec95a" />
    <UnitTestResult executionId="32c49eab-d1d9-422a-b11b-93886afe05f3" testId="0d97a676-0ba2-4387-9803-a35cec0698eb" testName="HandleLogOnError_IdpCommon_DefaultErrorException_Success" computerName="DKSR-EFI-06" duration="00:00:00.0003351" startTime="2024-01-09T15:42:12.9820764+01:00" endTime="2024-01-09T15:42:12.9820764+01:00" testType="13cdc9d9-ddb5-4fa4-a97d-d965ccfc6d4b" outcome="Passed" testListId="8c84fa94-04c1-424b-9868-57a2d4851a1d" relativeResultsDirectory="32c49eab-d1d9-422a-b11b-93886afe05f3" />
    <UnitTestResult executionId="7993ccc3-c9b5-4fce-8002-8a81bfa7a294" testId="107d5a73-e96a-cd67-4748-c9b51cfedd07" testName="HandleLogOnError_Vmo_UserNamePasswordException_Success" computerName="DKSR-EFI-06" duration="00:00:00.0005239" startTime="2024-01-09T15:42:12.9039529+01:00" endTime="2024-01-09T15:42:12.9195768+01:00" testType="13cdc9d9-ddb5-4fa4-a97d-d965ccfc6d4b" outcome="Passed" testListId="8c84fa94-04c1-424b-9868-57a2d4851a1d" relativeResultsDirectory="7993ccc3-c9b5-4fce-8002-8a81bfa7a294" />
    <UnitTestResult executionId="2fb8dcf1-135e-4652-b114-270d18b2cd61" testId="edae705d-182a-e06d-66f2-1ac2abe110dc" testName="BuildArgumentList_ExternalNoProviderName_WithSilentLogin" computerName="DKSR-EFI-06" duration="00:00:00.0002578" startTime="2024-01-09T15:42:11.8570758+01:00" endTime="2024-01-09T15:42:11.8570758+01:00" testType="13cdc9d9-ddb5-4fa4-a97d-d965ccfc6d4b" outcome="Passed" testListId="8c84fa94-04c1-424b-9868-57a2d4851a1d" relativeResultsDirectory="2fb8dcf1-135e-4652-b114-270d18b2cd61" />
    <UnitTestResult executionId="b2879315-6b95-4d40-b9c2-179f39a006a7" testId="810133d3-ae19-6ed1-83ff-16e3db2e2baa" testName="HandleLogOnError_ServerCommunicationException_ServerException_Success" computerName="DKSR-EFI-06" duration="00:00:00.0003740" startTime="2024-01-09T15:42:12.9352025+01:00" endTime="2024-01-09T15:42:12.9352025+01:00" testType="13cdc9d9-ddb5-4fa4-a97d-d965ccfc6d4b" outcome="Passed" testListId="8c84fa94-04c1-424b-9868-57a2d4851a1d" relativeResultsDirectory="b2879315-6b95-4d40-b9c2-179f39a006a7" />
    <UnitTestResult executionId="a50dbcd0-f40f-4961-b1fb-683e5c8461ed" testId="dac4f57f-f33b-3685-8c65-13147b95e885" testName="Encrypt_NullValue_Throws_ArgumentNullException" computerName="DKSR-EFI-06" startTime="2024-01-09T15:42:10.9195735+01:00" endTime="2024-01-09T15:42:10.9195735+01:00" testType="13cdc9d9-ddb5-4fa4-a97d-d965ccfc6d4b" outcome="NotExecuted" testListId="8c84fa94-04c1-424b-9868-57a2d4851a1d" relativeResultsDirectory="a50dbcd0-f40f-4961-b1fb-683e5c8461ed">
      <Output></Output>
    </UnitTestResult>
    <UnitTestResult executionId="adad3016-6b1e-40c8-92e1-e8267ae4f4f1" testId="b993dbc5-8760-48b3-49b7-753ab6160087" testName="HandleException_Other_DefaultErrorException_ReturnsTrue" computerName="DKSR-EFI-06" duration="00:00:00.0002959" startTime="2024-01-09T15:42:10.8883210+01:00" endTime="2024-01-09T15:42:10.8883210+01:00" testType="13cdc9d9-ddb5-4fa4-a97d-d965ccfc6d4b" outcome="Passed" testListId="8c84fa94-04c1-424b-9868-57a2d4851a1d" relativeResultsDirectory="adad3016-6b1e-40c8-92e1-e8267ae4f4f1" />
    <UnitTestResult executionId="d4d002b8-ffd1-4787-b2ac-c6f20da3bb77" testId="8bd237cb-1821-3e76-55f3-5c1606bb5d9e" testName="HandleException_FaultExceptionWithExceptionCode51000_ThrowsUnauthorizedAccessException" computerName="DKSR-EFI-06" duration="00:00:00.0006531" startTime="2024-01-09T15:42:10.7633251+01:00" endTime="2024-01-09T15:42:10.7633251+01:00" testType="13cdc9d9-ddb5-4fa4-a97d-d965ccfc6d4b" outcome="Passed" testListId="8c84fa94-04c1-424b-9868-57a2d4851a1d" relativeResultsDirectory="d4d002b8-ffd1-4787-b2ac-c6f20da3bb77" />
    <UnitTestResult executionId="3e1e0eb3-a693-4332-a49d-141e2d53ffa4" testId="c6de2aab-12d9-7241-38c3-26687355bc4c" testName="GetSilentLoginFromCommandLine_SilentLoginFound_ReturnsTrue" computerName="DKSR-EFI-06" startTime="2024-01-09T15:42:10.9039475+01:00" endTime="2024-01-09T15:42:10.9039475+01:00" testType="13cdc9d9-ddb5-4fa4-a97d-d965ccfc6d4b" outcome="NotExecuted" testListId="8c84fa94-04c1-424b-9868-57a2d4851a1d" relativeResultsDirectory="3e1e0eb3-a693-4332-a49d-141e2d53ffa4">
      <Output></Output>
    </UnitTestResult>
    <UnitTestResult executionId="d64f5851-1e7d-41fb-a97d-70f6949a66cb" testId="93517234-dcc2-c803-002e-b98a2df09c92" testName="HandleException_ForbiddenException_ThrowsUnauthorizedAccessException" computerName="DKSR-EFI-06" duration="00:00:00.0008491" startTime="2024-01-09T15:42:10.8101979+01:00" endTime="2024-01-09T15:42:10.8101979+01:00" testType="13cdc9d9-ddb5-4fa4-a97d-d965ccfc6d4b" outcome="Passed" testListId="8c84fa94-04c1-424b-9868-57a2d4851a1d" relativeResultsDirectory="d64f5851-1e7d-41fb-a97d-70f6949a66cb" />
    <UnitTestResult executionId="6383d48a-cea4-4ae3-a61f-a07da928fa0a" testId="9a8f6a0c-b275-c1f8-08c9-18ab36590f44" testName="HandleException_PasswordRequiresNonAlphanumeric_ReturnsTrue" computerName="DKSR-EFI-06" duration="00:00:00.0002616" startTime="2024-01-09T15:42:10.8570728+01:00" endTime="2024-01-09T15:42:10.8570728+01:00" testType="13cdc9d9-ddb5-4fa4-a97d-d965ccfc6d4b" outcome="Passed" testListId="8c84fa94-04c1-424b-9868-57a2d4851a1d" relativeResultsDirectory="6383d48a-cea4-4ae3-a61f-a07da928fa0a" />
    <UnitTestResult executionId="62c3a1db-2303-4024-9a9a-397a17f1c4ac" testId="3746303b-5222-2a2b-c21f-818c290b6207" testName="HandleException_DuplicateUserName_ReturnsTrue" computerName="DKSR-EFI-06" duration="00:00:00.0003324" startTime="2024-01-09T15:42:10.8414473+01:00" endTime="2024-01-09T15:42:10.8414473+01:00" testType="13cdc9d9-ddb5-4fa4-a97d-d965ccfc6d4b" outcome="Passed" testListId="8c84fa94-04c1-424b-9868-57a2d4851a1d" relativeResultsDirectory="62c3a1db-2303-4024-9a9a-397a17f1c4ac" />
    <UnitTestResult executionId="794e4d71-ed77-4028-bde9-2da33bfb8fc7" testId="9c09113c-1422-3f1c-1577-ceeae6dd4d41" testName="HandleLogOnError_Vmo_ConnectionFailureException_Success" computerName="DKSR-EFI-06" duration="00:00:00.0012636" startTime="2024-01-09T15:42:12.9039529+01:00" endTime="2024-01-09T15:42:12.9039529+01:00" testType="13cdc9d9-ddb5-4fa4-a97d-d965ccfc6d4b" outcome="Passed" testListId="8c84fa94-04c1-424b-9868-57a2d4851a1d" relativeResultsDirectory="794e4d71-ed77-4028-bde9-2da33bfb8fc7" />
    <UnitTestResult executionId="c6842d2c-0845-421e-84ff-8dd0c74e8d3e" testId="190c290d-48e9-e0e1-2256-110a8bfdf33f" testName="GetCommandLineCredentials_PasswordNotEncrypted_RetrievesValidCredentials" computerName="DKSR-EFI-06" startTime="2024-01-09T15:42:10.9508240+01:00" endTime="2024-01-09T15:42:10.9508240+01:00" testType="13cdc9d9-ddb5-4fa4-a97d-d965ccfc6d4b" outcome="NotExecuted" testListId="8c84fa94-04c1-424b-9868-57a2d4851a1d" relativeResultsDirectory="c6842d2c-0845-421e-84ff-8dd0c74e8d3e">
      <Output></Output>
    </UnitTestResult>
    <UnitTestResult executionId="5f75a449-5a1b-40fe-8f4d-6771ebc5bb8f" testId="d2bf8e51-256c-0432-8f94-2ca9bccadb41" testName="GetUserName_ValueFound_Success" computerName="DKSR-EFI-06" startTime="2024-01-09T15:42:10.9976987+01:00" endTime="2024-01-09T15:42:10.9976987+01:00" testType="13cdc9d9-ddb5-4fa4-a97d-d965ccfc6d4b" outcome="NotExecuted" testListId="8c84fa94-04c1-424b-9868-57a2d4851a1d" relativeResultsDirectory="5f75a449-5a1b-40fe-8f4d-6771ebc5bb8f">
      <Output></Output>
    </UnitTestResult>
    <UnitTestResult executionId="a30aac38-7407-4ab2-a2b9-74f364b3de94" testId="1021f476-dcb5-0d8e-f8c4-12a4e841d6a4" testName="LocalUserOptions_LoadWhenSettingsSaved_InsecureNotAllowed_ReturnsValidInstance" computerName="DKSR-EFI-06" duration="00:00:00.0120456" startTime="2024-01-09T15:42:11.7164505+01:00" endTime="2024-01-09T15:42:11.7320759+01:00" testType="13cdc9d9-ddb5-4fa4-a97d-d965ccfc6d4b" outcome="Passed" testListId="8c84fa94-04c1-424b-9868-57a2d4851a1d" relativeResultsDirectory="a30aac38-7407-4ab2-a2b9-74f364b3de94" />
    <UnitTestResult executionId="ef69b602-4ae2-41e4-9867-c2e97e2eb4fd" testId="fd1d39db-756c-e554-1a4b-b1cb4d2d441f" testName="GetServerAddressFromCommandLine_NotFound_ReturnsNull" computerName="DKSR-EFI-06" startTime="2024-01-09T15:42:10.9195735+01:00" endTime="2024-01-09T15:42:10.9195735+01:00" testType="13cdc9d9-ddb5-4fa4-a97d-d965ccfc6d4b" outcome="NotExecuted" testListId="8c84fa94-04c1-424b-9868-57a2d4851a1d" relativeResultsDirectory="ef69b602-4ae2-41e4-9867-c2e97e2eb4fd">
      <Output></Output>
    </UnitTestResult>
    <UnitTestResult executionId="375298e7-87e8-405d-9a37-fceb6bd58761" testId="7d9f033a-2f24-f67b-57e1-4b20eb4b6140" testName="Decrypt_NullValue_ReturnsNull" computerName="DKSR-EFI-06" startTime="2024-01-09T15:42:10.9195735+01:00" endTime="2024-01-09T15:42:10.9195735+01:00" testType="13cdc9d9-ddb5-4fa4-a97d-d965ccfc6d4b" outcome="NotExecuted" testListId="8c84fa94-04c1-424b-9868-57a2d4851a1d" relativeResultsDirectory="375298e7-87e8-405d-9a37-fceb6bd58761">
      <Output></Output>
    </UnitTestResult>
    <UnitTestResult executionId="4b885559-53d9-4df3-a206-6cef65a77763" testId="c4c42ef0-0640-c57a-65b9-a5a5a55f0976" testName="GetAuthenticationType_ValueFound_Success" computerName="DKSR-EFI-06" startTime="2024-01-09T15:42:10.9820704+01:00" endTime="2024-01-09T15:42:10.9820704+01:00" testType="13cdc9d9-ddb5-4fa4-a97d-d965ccfc6d4b" outcome="NotExecuted" testListId="8c84fa94-04c1-424b-9868-57a2d4851a1d" relativeResultsDirectory="4b885559-53d9-4df3-a206-6cef65a77763">
      <Output></Output>
    </UnitTestResult>
    <UnitTestResult executionId="570f7f84-cf85-4924-8396-f70f7ef63e52" testId="fc832703-9b93-93a3-6435-4763e1bc066c" testName="HandleException_PasswordRequiresUniqueChars_ReturnsTrue" computerName="DKSR-EFI-06" duration="00:00:00.0001851" startTime="2024-01-09T15:42:10.8570728+01:00" endTime="2024-01-09T15:42:10.8570728+01:00" testType="13cdc9d9-ddb5-4fa4-a97d-d965ccfc6d4b" outcome="Passed" testListId="8c84fa94-04c1-424b-9868-57a2d4851a1d" relativeResultsDirectory="570f7f84-cf85-4924-8396-f70f7ef63e52" />
    <UnitTestResult executionId="564c6d7b-0c36-4f8c-8bd5-bbff593c39f6" testId="6c44a44e-fc07-a15b-e844-a038818935ce" testName="BuildArgumentList_ExternalValidProviderName_WithAllowHttp" computerName="DKSR-EFI-06" duration="00:00:00.0002485" startTime="2024-01-09T15:42:11.8570758+01:00" endTime="2024-01-09T15:42:11.8570758+01:00" testType="13cdc9d9-ddb5-4fa4-a97d-d965ccfc6d4b" outcome="Passed" testListId="8c84fa94-04c1-424b-9868-57a2d4851a1d" relativeResultsDirectory="564c6d7b-0c36-4f8c-8bd5-bbff593c39f6" />
    <UnitTestResult executionId="92575e84-6c8e-4615-a712-15abdeb77cf9" testId="a2016b5e-6a42-cbd1-5edd-f5c0f5650a0d" testName="GetConnectionInfoFromCommandLine_EmptyServerAddress_ReturnsNull" computerName="DKSR-EFI-06" startTime="2024-01-09T15:42:10.9508240+01:00" endTime="2024-01-09T15:42:10.9508240+01:00" testType="13cdc9d9-ddb5-4fa4-a97d-d965ccfc6d4b" outcome="NotExecuted" testListId="8c84fa94-04c1-424b-9868-57a2d4851a1d" relativeResultsDirectory="92575e84-6c8e-4615-a712-15abdeb77cf9">
      <Output></Output>
    </UnitTestResult>
    <UnitTestResult executionId="5660ecb2-4573-4758-9c0d-0f8a6c4e0751" testId="85bf4641-76a6-ef7e-e04d-747c4587a8a6" testName="HandleException_ArgumentsNotResolved_ReturnsTrue" computerName="DKSR-EFI-06" duration="00:00:00.0003328" startTime="2024-01-09T15:42:10.8726976+01:00" endTime="2024-01-09T15:42:10.8726976+01:00" testType="13cdc9d9-ddb5-4fa4-a97d-d965ccfc6d4b" outcome="Passed" testListId="8c84fa94-04c1-424b-9868-57a2d4851a1d" relativeResultsDirectory="5660ecb2-4573-4758-9c0d-0f8a6c4e0751" />
    <UnitTestResult executionId="d1348a89-ca33-4429-8658-45f57b55fc20" testId="c9465136-dcba-be8d-2785-93b6d7b50ca3" testName="HandleLogOnError_UnauthorizedAccessException_Success" computerName="DKSR-EFI-06" duration="00:00:00.0002543" startTime="2024-01-09T15:42:12.9195768+01:00" endTime="2024-01-09T15:42:12.9195768+01:00" testType="13cdc9d9-ddb5-4fa4-a97d-d965ccfc6d4b" outcome="Passed" testListId="8c84fa94-04c1-424b-9868-57a2d4851a1d" relativeResultsDirectory="d1348a89-ca33-4429-8658-45f57b55fc20" />
    <UnitTestResult executionId="0b03520c-673c-496c-8243-a73ddd7f2b77" testId="42481a92-aba3-7994-9799-039f3c630b8b" testName="HandleLogOnError_Integration_UnauthorizedException_Success" computerName="DKSR-EFI-06" duration="00:00:00.0007497" startTime="2024-01-09T15:42:12.9195768+01:00" endTime="2024-01-09T15:42:12.9195768+01:00" testType="13cdc9d9-ddb5-4fa4-a97d-d965ccfc6d4b" outcome="Passed" testListId="8c84fa94-04c1-424b-9868-57a2d4851a1d" relativeResultsDirectory="0b03520c-673c-496c-8243-a73ddd7f2b77" />
    <UnitTestResult executionId="9b1dae1e-6bf1-4a15-a7a6-a1ebd2e96672" testId="2e7fc70a-3235-f988-e5d5-862e7f060524" testName="Decrypt_FormatException_ReturnsNull" computerName="DKSR-EFI-06" startTime="2024-01-09T15:42:10.9351971+01:00" endTime="2024-01-09T15:42:10.9351971+01:00" testType="13cdc9d9-ddb5-4fa4-a97d-d965ccfc6d4b" outcome="NotExecuted" testListId="8c84fa94-04c1-424b-9868-57a2d4851a1d" relativeResultsDirectory="9b1dae1e-6bf1-4a15-a7a6-a1ebd2e96672">
      <Output></Output>
    </UnitTestResult>
    <UnitTestResult executionId="eb5de7d8-65e5-4f98-9825-8f4ec0145986" testId="5dd6d77b-dfae-4999-00a3-79b5c74b75e2" testName="HandleException_LoginAlreadyAssociated_ReturnsTrue" computerName="DKSR-EFI-06" duration="00:00:00.0003298" startTime="2024-01-09T15:42:10.8726976+01:00" endTime="2024-01-09T15:42:10.8726976+01:00" testType="13cdc9d9-ddb5-4fa4-a97d-d965ccfc6d4b" outcome="Passed" testListId="8c84fa94-04c1-424b-9868-57a2d4851a1d" relativeResultsDirectory="eb5de7d8-65e5-4f98-9825-8f4ec0145986" />
    <UnitTestResult executionId="f361a1b8-6f0d-41c8-b063-1afa43d27546" testId="d5d7456a-3658-98f4-e5d0-dbb6f05b7a94" testName="HandleException_DuplicateAdminIdentity_ThrowsUnauthorizedAccessException" computerName="DKSR-EFI-06" duration="00:00:00.0007511" startTime="2024-01-09T15:42:10.8883210+01:00" endTime="2024-01-09T15:42:10.8883210+01:00" testType="13cdc9d9-ddb5-4fa4-a97d-d965ccfc6d4b" outcome="Passed" testListId="8c84fa94-04c1-424b-9868-57a2d4851a1d" relativeResultsDirectory="f361a1b8-6f0d-41c8-b063-1afa43d27546" />
    <UnitTestResult executionId="c7f06c89-99f9-493f-a5b6-c020c60ff5e1" testId="706db54b-cf5d-b039-1fb7-7091ea33f771" testName="HandleException_PasswordTooShort_ReturnsTrue" computerName="DKSR-EFI-06" duration="00:00:00.0004829" startTime="2024-01-09T15:42:10.8726976+01:00" endTime="2024-01-09T15:42:10.8726976+01:00" testType="13cdc9d9-ddb5-4fa4-a97d-d965ccfc6d4b" outcome="Passed" testListId="8c84fa94-04c1-424b-9868-57a2d4851a1d" relativeResultsDirectory="c7f06c89-99f9-493f-a5b6-c020c60ff5e1" />
    <UnitTestResult executionId="6c91c0f9-6352-4a48-af54-daf0101a0b09" testId="2e5ae53f-6215-3926-616c-ac30bc11d3d2" testName="GetConnectionInfoFromCommandLine_External" computerName="DKSR-EFI-06" startTime="2024-01-09T15:42:10.9664471+01:00" endTime="2024-01-09T15:42:10.9664471+01:00" testType="13cdc9d9-ddb5-4fa4-a97d-d965ccfc6d4b" outcome="NotExecuted" testListId="8c84fa94-04c1-424b-9868-57a2d4851a1d" relativeResultsDirectory="6c91c0f9-6352-4a48-af54-daf0101a0b09">
      <Output></Output>
    </UnitTestResult>
    <UnitTestResult executionId="73d1299b-62be-4dcf-87e7-01e4251e8c30" testId="3d884529-c3be-d4d4-cd4c-6261ec2ca523" testName="GetAuthenticationType_ValueNotValid_ReturnsUnknown" computerName="DKSR-EFI-06" startTime="2024-01-09T15:42:10.9820704+01:00" endTime="2024-01-09T15:42:10.9820704+01:00" testType="13cdc9d9-ddb5-4fa4-a97d-d965ccfc6d4b" outcome="NotExecuted" testListId="8c84fa94-04c1-424b-9868-57a2d4851a1d" relativeResultsDirectory="73d1299b-62be-4dcf-87e7-01e4251e8c30">
      <Output></Output>
    </UnitTestResult>
    <UnitTestResult executionId="6dec8520-11b2-4380-b080-1fd35bbe8732" testId="778b8af1-c789-5e60-7b6a-8ce927d8ca69" testName="GetConnectionInfoFromCommandLine_BadlyFormedAddress_ReturnsNull" computerName="DKSR-EFI-06" startTime="2024-01-09T15:42:10.9508240+01:00" endTime="2024-01-09T15:42:10.9508240+01:00" testType="13cdc9d9-ddb5-4fa4-a97d-d965ccfc6d4b" outcome="NotExecuted" testListId="8c84fa94-04c1-424b-9868-57a2d4851a1d" relativeResultsDirectory="6dec8520-11b2-4380-b080-1fd35bbe8732">
      <Output></Output>
    </UnitTestResult>
    <UnitTestResult executionId="d5f2b780-5624-4c10-aa3b-1b36f52858d9" testId="3109b7d5-db2f-7b20-2d9f-0d4893833120" testName="EncryptAndDecrypt_Success" computerName="DKSR-EFI-06" startTime="2024-01-09T15:42:10.9195735+01:00" endTime="2024-01-09T15:42:10.9195735+01:00" testType="13cdc9d9-ddb5-4fa4-a97d-d965ccfc6d4b" outcome="NotExecuted" testListId="8c84fa94-04c1-424b-9868-57a2d4851a1d" relativeResultsDirectory="d5f2b780-5624-4c10-aa3b-1b36f52858d9">
      <Output></Output>
    </UnitTestResult>
  </Results>
  <TestDefinitions>
    <UnitTest name="BuildArgumentList_ExternalNoProviderName_WithSilentLogin" storage="d:\actions-runner\_work\xpco\xpco\corporate\videoos.administration.unittests\bin\x64\debug\net472\videoos.administration.unittests.dll" id="edae705d-182a-e06d-66f2-1ac2abe110dc">
      <Execution id="2fb8dcf1-135e-4652-b114-270d18b2cd61" />
      <TestMethod codeBase="D:\actions-runner\_work\XPCO\XPCO\Corporate\VideoOS.Administration.UnitTests\bin\x64\Debug\net472\VideoOS.Administration.UnitTests.dll" adapterTypeName="executor://mstestadapter/v2" className="VideoOS.Administration.UnitTests.MCLauncherTests" name="BuildArgumentList_ExternalNoProviderName_WithSilentLogin" />
    </UnitTest>
    <UnitTest name="GetConnectionInfoFromCommandLine_BadlyFormedAddress_ReturnsNull" storage="d:\actions-runner\_work\xpco\xpco\corporate\videoos.administration.unittests\bin\x64\debug\net472\videoos.administration.unittests.dll" id="778b8af1-c789-5e60-7b6a-8ce927d8ca69">
      <TestCategory>
        <TestCategoryItem TestCategory="Command Line" />
      </TestCategory>
      <Execution id="6dec8520-11b2-4380-b080-1fd35bbe8732" />
      <TestMethod codeBase="D:\actions-runner\_work\XPCO\XPCO\Corporate\VideoOS.Administration.UnitTests\bin\x64\Debug\net472\VideoOS.Administration.UnitTests.dll" adapterTypeName="executor://mstestadapter/v2" className="VideoOS.Administration.UnitTests.CommandLineTests" name="GetConnectionInfoFromCommandLine_BadlyFormedAddress_ReturnsNull" />
    </UnitTest>
    <UnitTest name="HandleLogOnError_IdpCommon_IdpNullCodeException_Success" storage="d:\actions-runner\_work\xpco\xpco\corporate\videoos.administration.unittests\bin\x64\debug\net472\videoos.administration.unittests.dll" id="d7a3a6e7-7bb8-8d11-cfb0-b5782c3e7bd4">
      <TestCategory>
        <TestCategoryItem TestCategory="LogOnErrorHandler" />
      </TestCategory>
      <Execution id="6f875cbe-6365-4696-ae09-b93d419407d3" />
      <TestMethod codeBase="D:\actions-runner\_work\XPCO\XPCO\Corporate\VideoOS.Administration.UnitTests\bin\x64\Debug\net472\VideoOS.Administration.UnitTests.dll" adapterTypeName="executor://mstestadapter/v2" className="VideoOS.Administration.UnitTests.Handlers.LogOnErrorHandlerTests" name="HandleLogOnError_IdpCommon_IdpNullCodeException_Success" />
    </UnitTest>
    <UnitTest name="HandleLogOnError_IdpCommon_LockedOutException_Success" storage="d:\actions-runner\_work\xpco\xpco\corporate\videoos.administration.unittests\bin\x64\debug\net472\videoos.administration.unittests.dll" id="88713123-cbd6-df24-a848-8e737bd1229f">
      <TestCategory>
        <TestCategoryItem TestCategory="LogOnErrorHandler" />
      </TestCategory>
      <Execution id="553caeff-eb6c-4e9a-9af0-97e2b67be582" />
      <TestMethod codeBase="D:\actions-runner\_work\XPCO\XPCO\Corporate\VideoOS.Administration.UnitTests\bin\x64\Debug\net472\VideoOS.Administration.UnitTests.dll" adapterTypeName="executor://mstestadapter/v2" className="VideoOS.Administration.UnitTests.Handlers.LogOnErrorHandlerTests" name="HandleLogOnError_IdpCommon_LockedOutException_Success" />
    </UnitTest>
    <UnitTest name="Construct_InvalidInstance_NullServiceContainer_Throws_ArgumentNullException" storage="d:\actions-runner\_work\xpco\xpco\corporate\videoos.administration.unittests\bin\x64\debug\net472\videoos.administration.unittests.dll" id="cfbeec7e-dfc3-bf0b-a124-11740b7de6ba">
      <TestCategory>
        <TestCategoryItem TestCategory="Command Line" />
      </TestCategory>
      <Execution id="a0ba0dad-459c-4c0c-85fc-0eae03c49681" />
      <TestMethod codeBase="D:\actions-runner\_work\XPCO\XPCO\Corporate\VideoOS.Administration.UnitTests\bin\x64\Debug\net472\VideoOS.Administration.UnitTests.dll" adapterTypeName="executor://mstestadapter/v2" className="VideoOS.Administration.UnitTests.CommandLineTests" name="Construct_InvalidInstance_NullServiceContainer_Throws_ArgumentNullException" />
    </UnitTest>
    <UnitTest name="HandleException_FaultExceptionWithExceptionSubCode51100_ThrowsDualAuthorizationRequiredException" storage="d:\actions-runner\_work\xpco\xpco\corporate\videoos.administration.unittests\bin\x64\debug\net472\videoos.administration.unittests.dll" id="87070804-c132-849a-1cd4-fcb28d989aee">
      <TestCategory>
        <TestCategoryItem TestCategory="AdministrationClient" />
      </TestCategory>
      <Execution id="717ea7df-471b-4490-aeeb-17d9b6ed91b5" />
      <TestMethod codeBase="D:\actions-runner\_work\XPCO\XPCO\Corporate\VideoOS.Administration.UnitTests\bin\x64\Debug\net472\VideoOS.Administration.UnitTests.dll" adapterTypeName="executor://mstestadapter/v2" className="VideoOS.Administration.Client.UnitTests.WebServiceManagerExceptionHandlerTests" name="HandleException_FaultExceptionWithExceptionSubCode51100_ThrowsDualAuthorizationRequiredException" />
    </UnitTest>
    <UnitTest name="GetServerAddressFromCommandLine_NotFound_ReturnsNull" storage="d:\actions-runner\_work\xpco\xpco\corporate\videoos.administration.unittests\bin\x64\debug\net472\videoos.administration.unittests.dll" id="fd1d39db-756c-e554-1a4b-b1cb4d2d441f">
      <TestCategory>
        <TestCategoryItem TestCategory="Command Line" />
      </TestCategory>
      <Execution id="ef69b602-4ae2-41e4-9867-c2e97e2eb4fd" />
      <TestMethod codeBase="D:\actions-runner\_work\XPCO\XPCO\Corporate\VideoOS.Administration.UnitTests\bin\x64\Debug\net472\VideoOS.Administration.UnitTests.dll" adapterTypeName="executor://mstestadapter/v2" className="VideoOS.Administration.UnitTests.CommandLineTests" name="GetServerAddressFromCommandLine_NotFound_ReturnsNull" />
    </UnitTest>
    <UnitTest name="HandleException_UnauthorizedException_ThrowsUnauthorizedAccessException" storage="d:\actions-runner\_work\xpco\xpco\corporate\videoos.administration.unittests\bin\x64\debug\net472\videoos.administration.unittests.dll" id="f670a4e4-2d0c-766c-47ea-51b0ea00c270">
      <TestCategory>
        <TestCategoryItem TestCategory="AdministrationClient" />
      </TestCategory>
      <Execution id="4fa2cd17-9e90-4605-9eea-0d7f98ff402c" />
      <TestMethod codeBase="D:\actions-runner\_work\XPCO\XPCO\Corporate\VideoOS.Administration.UnitTests\bin\x64\Debug\net472\VideoOS.Administration.UnitTests.dll" adapterTypeName="executor://mstestadapter/v2" className="VideoOS.Administration.Client.UnitTests.WebServiceManagerExceptionHandlerTests" name="HandleException_UnauthorizedException_ThrowsUnauthorizedAccessException" />
    </UnitTest>
    <UnitTest name="HandleLogOnError_ServerCommunicationException_ServerException_Success" storage="d:\actions-runner\_work\xpco\xpco\corporate\videoos.administration.unittests\bin\x64\debug\net472\videoos.administration.unittests.dll" id="810133d3-ae19-6ed1-83ff-16e3db2e2baa">
      <TestCategory>
        <TestCategoryItem TestCategory="LogOnErrorHandler" />
      </TestCategory>
      <Execution id="b2879315-6b95-4d40-b9c2-179f39a006a7" />
      <TestMethod codeBase="D:\actions-runner\_work\XPCO\XPCO\Corporate\VideoOS.Administration.UnitTests\bin\x64\Debug\net472\VideoOS.Administration.UnitTests.dll" adapterTypeName="executor://mstestadapter/v2" className="VideoOS.Administration.UnitTests.Handlers.LogOnErrorHandlerTests" name="HandleLogOnError_ServerCommunicationException_ServerException_Success" />
    </UnitTest>
    <UnitTest name="HandleLogOnError_DefaultException_Success" storage="d:\actions-runner\_work\xpco\xpco\corporate\videoos.administration.unittests\bin\x64\debug\net472\videoos.administration.unittests.dll" id="1f0d1fec-2037-b88a-1465-30ccaa64789e">
      <TestCategory>
        <TestCategoryItem TestCategory="LogOnErrorHandler" />
      </TestCategory>
      <Execution id="a16b5782-9078-4bc2-bc9e-0b0aeff5e85f" />
      <TestMethod codeBase="D:\actions-runner\_work\XPCO\XPCO\Corporate\VideoOS.Administration.UnitTests\bin\x64\Debug\net472\VideoOS.Administration.UnitTests.dll" adapterTypeName="executor://mstestadapter/v2" className="VideoOS.Administration.UnitTests.Handlers.LogOnErrorHandlerTests" name="HandleLogOnError_DefaultException_Success" />
    </UnitTest>
    <UnitTest name="GetPassword_ValueFound_Success" storage="d:\actions-runner\_work\xpco\xpco\corporate\videoos.administration.unittests\bin\x64\debug\net472\videoos.administration.unittests.dll" id="12720682-442e-0841-7f60-8f9803d371fd">
      <TestCategory>
        <TestCategoryItem TestCategory="Command Line" />
      </TestCategory>
      <Execution id="f273d75a-6794-4d97-bbaf-02fdca4f3a7b" />
      <TestMethod codeBase="D:\actions-runner\_work\XPCO\XPCO\Corporate\VideoOS.Administration.UnitTests\bin\x64\Debug\net472\VideoOS.Administration.UnitTests.dll" adapterTypeName="executor://mstestadapter/v2" className="VideoOS.Administration.UnitTests.CommandLineTests" name="GetPassword_ValueFound_Success" />
    </UnitTest>
    <UnitTest name="GetConnectionInfoFromCommandLine_InvalidServerInformation_Throws_InvalidOperationException" storage="d:\actions-runner\_work\xpco\xpco\corporate\videoos.administration.unittests\bin\x64\debug\net472\videoos.administration.unittests.dll" id="03b7b66a-3826-f5c7-44ce-15c426a24bef">
      <TestCategory>
        <TestCategoryItem TestCategory="Command Line" />
      </TestCategory>
      <Execution id="2390f1cf-48a6-4c4e-b94e-b62f0e0ff637" />
      <TestMethod codeBase="D:\actions-runner\_work\XPCO\XPCO\Corporate\VideoOS.Administration.UnitTests\bin\x64\Debug\net472\VideoOS.Administration.UnitTests.dll" adapterTypeName="executor://mstestadapter/v2" className="VideoOS.Administration.UnitTests.CommandLineTests" name="GetConnectionInfoFromCommandLine_InvalidServerInformation_Throws_InvalidOperationException" />
    </UnitTest>
    <UnitTest name="HandleLogOnError_IdpCommon_DefaultErrorException_Success" storage="d:\actions-runner\_work\xpco\xpco\corporate\videoos.administration.unittests\bin\x64\debug\net472\videoos.administration.unittests.dll" id="0d97a676-0ba2-4387-9803-a35cec0698eb">
      <TestCategory>
        <TestCategoryItem TestCategory="LogOnErrorHandler" />
      </TestCategory>
      <Execution id="32c49eab-d1d9-422a-b11b-93886afe05f3" />
      <TestMethod codeBase="D:\actions-runner\_work\XPCO\XPCO\Corporate\VideoOS.Administration.UnitTests\bin\x64\Debug\net472\VideoOS.Administration.UnitTests.dll" adapterTypeName="executor://mstestadapter/v2" className="VideoOS.Administration.UnitTests.Handlers.LogOnErrorHandlerTests" name="HandleLogOnError_IdpCommon_DefaultErrorException_Success" />
    </UnitTest>
    <UnitTest name="GetConnectionInfoFromCommandLine_SilentLoginAllowed_DisableCurrentUser_RevertsToWindowsUser" storage="d:\actions-runner\_work\xpco\xpco\corporate\videoos.administration.unittests\bin\x64\debug\net472\videoos.administration.unittests.dll" id="02a18d51-a82e-e903-59cb-a8fac1bed7a3">
      <TestCategory>
        <TestCategoryItem TestCategory="Command Line" />
      </TestCategory>
      <Execution id="4b669be4-aa1b-4714-98cc-5b0ee9ead22e" />
      <TestMethod codeBase="D:\actions-runner\_work\XPCO\XPCO\Corporate\VideoOS.Administration.UnitTests\bin\x64\Debug\net472\VideoOS.Administration.UnitTests.dll" adapterTypeName="executor://mstestadapter/v2" className="VideoOS.Administration.UnitTests.CommandLineTests" name="GetConnectionInfoFromCommandLine_SilentLoginAllowed_DisableCurrentUser_RevertsToWindowsUser" />
    </UnitTest>
    <UnitTest name="HandleException_FaultExceptionWithExceptionCode51000_ThrowsUnauthorizedAccessException" storage="d:\actions-runner\_work\xpco\xpco\corporate\videoos.administration.unittests\bin\x64\debug\net472\videoos.administration.unittests.dll" id="8bd237cb-1821-3e76-55f3-5c1606bb5d9e">
      <TestCategory>
        <TestCategoryItem TestCategory="AdministrationClient" />
      </TestCategory>
      <Execution id="d4d002b8-ffd1-4787-b2ac-c6f20da3bb77" />
      <TestMethod codeBase="D:\actions-runner\_work\XPCO\XPCO\Corporate\VideoOS.Administration.UnitTests\bin\x64\Debug\net472\VideoOS.Administration.UnitTests.dll" adapterTypeName="executor://mstestadapter/v2" className="VideoOS.Administration.Client.UnitTests.WebServiceManagerExceptionHandlerTests" name="HandleException_FaultExceptionWithExceptionCode51000_ThrowsUnauthorizedAccessException" />
    </UnitTest>
    <UnitTest name="HandleException_InnerFaultExceptionWithExceptionCode51000_ThrowsUnauthorizedAccessException" storage="d:\actions-runner\_work\xpco\xpco\corporate\videoos.administration.unittests\bin\x64\debug\net472\videoos.administration.unittests.dll" id="2e9bb337-a380-ea06-e3c5-90c2ef702946">
      <TestCategory>
        <TestCategoryItem TestCategory="AdministrationClient" />
      </TestCategory>
      <Execution id="65447171-b00f-4437-b69a-26c4ddb318b7" />
      <TestMethod codeBase="D:\actions-runner\_work\XPCO\XPCO\Corporate\VideoOS.Administration.UnitTests\bin\x64\Debug\net472\VideoOS.Administration.UnitTests.dll" adapterTypeName="executor://mstestadapter/v2" className="VideoOS.Administration.Client.UnitTests.WebServiceManagerExceptionHandlerTests" name="HandleException_InnerFaultExceptionWithExceptionCode51000_ThrowsUnauthorizedAccessException" />
    </UnitTest>
    <UnitTest name="HandleException_Other_DefaultErrorException_ReturnsTrue" storage="d:\actions-runner\_work\xpco\xpco\corporate\videoos.administration.unittests\bin\x64\debug\net472\videoos.administration.unittests.dll" id="b993dbc5-8760-48b3-49b7-753ab6160087">
      <TestCategory>
        <TestCategoryItem TestCategory="AdministrationClient" />
      </TestCategory>
      <Execution id="adad3016-6b1e-40c8-92e1-e8267ae4f4f1" />
      <TestMethod codeBase="D:\actions-runner\_work\XPCO\XPCO\Corporate\VideoOS.Administration.UnitTests\bin\x64\Debug\net472\VideoOS.Administration.UnitTests.dll" adapterTypeName="executor://mstestadapter/v2" className="VideoOS.Administration.Client.UnitTests.WebServiceManagerExceptionHandlerTests" name="HandleException_Other_DefaultErrorException_ReturnsTrue" />
    </UnitTest>
    <UnitTest name="GetLoginProviderId_ValueNotFound_ReturnsNull" storage="d:\actions-runner\_work\xpco\xpco\corporate\videoos.administration.unittests\bin\x64\debug\net472\videoos.administration.unittests.dll" id="c4bf81d6-7e1b-0d28-b492-9a36273e5776">
      <TestCategory>
        <TestCategoryItem TestCategory="Command Line" />
      </TestCategory>
      <Execution id="0949bd48-1c84-4bcb-801c-b8328f6dbac3" />
      <TestMethod codeBase="D:\actions-runner\_work\XPCO\XPCO\Corporate\VideoOS.Administration.UnitTests\bin\x64\Debug\net472\VideoOS.Administration.UnitTests.dll" adapterTypeName="executor://mstestadapter/v2" className="VideoOS.Administration.UnitTests.CommandLineTests" name="GetLoginProviderId_ValueNotFound_ReturnsNull" />
    </UnitTest>
    <UnitTest name="GetLoginProviderId_ValueFound_Success" storage="d:\actions-runner\_work\xpco\xpco\corporate\videoos.administration.unittests\bin\x64\debug\net472\videoos.administration.unittests.dll" id="1a225a35-6fc4-6a00-ddc9-19833b06fd5c">
      <TestCategory>
        <TestCategoryItem TestCategory="Command Line" />
      </TestCategory>
      <Execution id="0e12ce39-d8d8-45eb-9034-8e06bbeb5e7a" />
      <TestMethod codeBase="D:\actions-runner\_work\XPCO\XPCO\Corporate\VideoOS.Administration.UnitTests\bin\x64\Debug\net472\VideoOS.Administration.UnitTests.dll" adapterTypeName="executor://mstestadapter/v2" className="VideoOS.Administration.UnitTests.CommandLineTests" name="GetLoginProviderId_ValueFound_Success" />
    </UnitTest>
    <UnitTest name="Construct_ValidInstance_NullArgs_ConvertsToEmptyArray" storage="d:\actions-runner\_work\xpco\xpco\corporate\videoos.administration.unittests\bin\x64\debug\net472\videoos.administration.unittests.dll" id="d9e19a6e-edb2-f5cf-2c31-6fd8ee572245">
      <TestCategory>
        <TestCategoryItem TestCategory="Command Line" />
      </TestCategory>
      <Execution id="4c5459fd-0223-4b18-8d47-d1badc9693f5" />
      <TestMethod codeBase="D:\actions-runner\_work\XPCO\XPCO\Corporate\VideoOS.Administration.UnitTests\bin\x64\Debug\net472\VideoOS.Administration.UnitTests.dll" adapterTypeName="executor://mstestadapter/v2" className="VideoOS.Administration.UnitTests.CommandLineTests" name="Construct_ValidInstance_NullArgs_ConvertsToEmptyArray" />
    </UnitTest>
    <UnitTest name="GetUserName_ValueFound_Success" storage="d:\actions-runner\_work\xpco\xpco\corporate\videoos.administration.unittests\bin\x64\debug\net472\videoos.administration.unittests.dll" id="d2bf8e51-256c-0432-8f94-2ca9bccadb41">
      <TestCategory>
        <TestCategoryItem TestCategory="Command Line" />
      </TestCategory>
      <Execution id="5f75a449-5a1b-40fe-8f4d-6771ebc5bb8f" />
      <TestMethod codeBase="D:\actions-runner\_work\XPCO\XPCO\Corporate\VideoOS.Administration.UnitTests\bin\x64\Debug\net472\VideoOS.Administration.UnitTests.dll" adapterTypeName="executor://mstestadapter/v2" className="VideoOS.Administration.UnitTests.CommandLineTests" name="GetUserName_ValueFound_Success" />
    </UnitTest>
    <UnitTest name="Construct_DefaultInstance_CorrectlyUsesEnvironmentCommandLineArgs" storage="d:\actions-runner\_work\xpco\xpco\corporate\videoos.administration.unittests\bin\x64\debug\net472\videoos.administration.unittests.dll" id="2388295d-e43f-7e64-cc72-3f5dd61b2d49">
      <TestCategory>
        <TestCategoryItem TestCategory="Command Line" />
      </TestCategory>
      <Execution id="c8742ce9-3f83-451f-b376-4e6729ca41c6" />
      <TestMethod codeBase="D:\actions-runner\_work\XPCO\XPCO\Corporate\VideoOS.Administration.UnitTests\bin\x64\Debug\net472\VideoOS.Administration.UnitTests.dll" adapterTypeName="executor://mstestadapter/v2" className="VideoOS.Administration.UnitTests.CommandLineTests" name="Construct_DefaultInstance_CorrectlyUsesEnvironmentCommandLineArgs" />
    </UnitTest>
    <UnitTest name="LocalUserOptions_LoadWhenSettingsSaved_InsecureAllowed_ReturnsValidInstance" storage="d:\actions-runner\_work\xpco\xpco\corporate\videoos.administration.unittests\bin\x64\debug\net472\videoos.administration.unittests.dll" id="ac9cb484-517b-e08f-a117-4fb14c474371">
      <TestCategory>
        <TestCategoryItem TestCategory="Administration" />
      </TestCategory>
      <Execution id="6b0b7e60-5c67-438d-83fa-38c76b1ffcc4" />
      <TestMethod codeBase="D:\actions-runner\_work\XPCO\XPCO\Corporate\VideoOS.Administration.UnitTests\bin\x64\Debug\net472\VideoOS.Administration.UnitTests.dll" adapterTypeName="executor://mstestadapter/v2" className="VideoOS.Administration.UnitTests.LocalUserOptionTests" name="LocalUserOptions_LoadWhenSettingsSaved_InsecureAllowed_ReturnsValidInstance" />
    </UnitTest>
    <UnitTest name="EncryptAndDecrypt_Success" storage="d:\actions-runner\_work\xpco\xpco\corporate\videoos.administration.unittests\bin\x64\debug\net472\videoos.administration.unittests.dll" id="3109b7d5-db2f-7b20-2d9f-0d4893833120">
      <TestCategory>
        <TestCategoryItem TestCategory="Command Line" />
      </TestCategory>
      <Execution id="d5f2b780-5624-4c10-aa3b-1b36f52858d9" />
      <TestMethod codeBase="D:\actions-runner\_work\XPCO\XPCO\Corporate\VideoOS.Administration.UnitTests\bin\x64\Debug\net472\VideoOS.Administration.UnitTests.dll" adapterTypeName="executor://mstestadapter/v2" className="VideoOS.Administration.UnitTests.CommandLineTests" name="EncryptAndDecrypt_Success" />
    </UnitTest>
    <UnitTest name="HandleException_NotFoundException_ThrowsNotFoundException" storage="d:\actions-runner\_work\xpco\xpco\corporate\videoos.administration.unittests\bin\x64\debug\net472\videoos.administration.unittests.dll" id="efe595bd-6445-41bd-5d78-9a3f66be50f6">
      <TestCategory>
        <TestCategoryItem TestCategory="AdministrationClient" />
      </TestCategory>
      <Execution id="57d09d33-d541-4cfd-8fd6-23cc8e59dea0" />
      <TestMethod codeBase="D:\actions-runner\_work\XPCO\XPCO\Corporate\VideoOS.Administration.UnitTests\bin\x64\Debug\net472\VideoOS.Administration.UnitTests.dll" adapterTypeName="executor://mstestadapter/v2" className="VideoOS.Administration.Client.UnitTests.WebServiceManagerExceptionHandlerTests" name="HandleException_NotFoundException_ThrowsNotFoundException" />
    </UnitTest>
    <UnitTest name="HandleException_ExceptionIsLoggedInILogInstance_WithoutDebug_Success" storage="d:\actions-runner\_work\xpco\xpco\corporate\videoos.administration.unittests\bin\x64\debug\net472\videoos.administration.unittests.dll" id="7962aff8-6b97-db80-e5ed-f476f5610258">
      <TestCategory>
        <TestCategoryItem TestCategory="AdministrationClient" />
      </TestCategory>
      <Execution id="1e7f6261-17b3-4b32-8679-0b58f9930f4f" />
      <TestMethod codeBase="D:\actions-runner\_work\XPCO\XPCO\Corporate\VideoOS.Administration.UnitTests\bin\x64\Debug\net472\VideoOS.Administration.UnitTests.dll" adapterTypeName="executor://mstestadapter/v2" className="VideoOS.Administration.Client.UnitTests.WebServiceManagerExceptionHandlerTests" name="HandleException_ExceptionIsLoggedInILogInstance_WithoutDebug_Success" />
    </UnitTest>
    <UnitTest name="HandleException_PasswordRequiresUpper_ReturnsTrue" storage="d:\actions-runner\_work\xpco\xpco\corporate\videoos.administration.unittests\bin\x64\debug\net472\videoos.administration.unittests.dll" id="c3be0a3b-6d89-acbb-40b6-f8621e9daf01">
      <TestCategory>
        <TestCategoryItem TestCategory="AdministrationClient" />
      </TestCategory>
      <Execution id="0856d165-49c9-44c0-80b3-0e0f03810f3e" />
      <TestMethod codeBase="D:\actions-runner\_work\XPCO\XPCO\Corporate\VideoOS.Administration.UnitTests\bin\x64\Debug\net472\VideoOS.Administration.UnitTests.dll" adapterTypeName="executor://mstestadapter/v2" className="VideoOS.Administration.Client.UnitTests.WebServiceManagerExceptionHandlerTests" name="HandleException_PasswordRequiresUpper_ReturnsTrue" />
    </UnitTest>
    <UnitTest name="HandleLogOnError_Integration_UnauthorizedException_Success" storage="d:\actions-runner\_work\xpco\xpco\corporate\videoos.administration.unittests\bin\x64\debug\net472\videoos.administration.unittests.dll" id="42481a92-aba3-7994-9799-039f3c630b8b">
      <TestCategory>
        <TestCategoryItem TestCategory="LogOnErrorHandler" />
      </TestCategory>
      <Execution id="0b03520c-673c-496c-8243-a73ddd7f2b77" />
      <TestMethod codeBase="D:\actions-runner\_work\XPCO\XPCO\Corporate\VideoOS.Administration.UnitTests\bin\x64\Debug\net472\VideoOS.Administration.UnitTests.dll" adapterTypeName="executor://mstestadapter/v2" className="VideoOS.Administration.UnitTests.Handlers.LogOnErrorHandlerTests" name="HandleLogOnError_Integration_UnauthorizedException_Success" />
    </UnitTest>
    <UnitTest name="HandleLogOnError_EndpointNotFoundException_Success" storage="d:\actions-runner\_work\xpco\xpco\corporate\videoos.administration.unittests\bin\x64\debug\net472\videoos.administration.unittests.dll" id="3cdc3baf-7583-6e9e-143a-0a0feff17b4b">
      <TestCategory>
        <TestCategoryItem TestCategory="LogOnErrorHandler" />
      </TestCategory>
      <Execution id="86590487-a8e5-45eb-aa3a-2d2a4ef77b9a" />
      <TestMethod codeBase="D:\actions-runner\_work\XPCO\XPCO\Corporate\VideoOS.Administration.UnitTests\bin\x64\Debug\net472\VideoOS.Administration.UnitTests.dll" adapterTypeName="executor://mstestadapter/v2" className="VideoOS.Administration.UnitTests.Handlers.LogOnErrorHandlerTests" name="HandleLogOnError_EndpointNotFoundException_Success" />
    </UnitTest>
    <UnitTest name="GetAuthenticationType_ValueNotFound_ReturnsUnknown" storage="d:\actions-runner\_work\xpco\xpco\corporate\videoos.administration.unittests\bin\x64\debug\net472\videoos.administration.unittests.dll" id="b15948d0-dfc5-0f74-6a46-b14b8b9d9bc9">
      <TestCategory>
        <TestCategoryItem TestCategory="Command Line" />
      </TestCategory>
      <Execution id="02687b8a-e6ab-4647-8091-461bd3f56e05" />
      <TestMethod codeBase="D:\actions-runner\_work\XPCO\XPCO\Corporate\VideoOS.Administration.UnitTests\bin\x64\Debug\net472\VideoOS.Administration.UnitTests.dll" adapterTypeName="executor://mstestadapter/v2" className="VideoOS.Administration.UnitTests.CommandLineTests" name="GetAuthenticationType_ValueNotFound_ReturnsUnknown" />
    </UnitTest>
    <UnitTest name="GetConnectionInfoFromCommandLine_External" storage="d:\actions-runner\_work\xpco\xpco\corporate\videoos.administration.unittests\bin\x64\debug\net472\videoos.administration.unittests.dll" id="2e5ae53f-6215-3926-616c-ac30bc11d3d2">
      <TestCategory>
        <TestCategoryItem TestCategory="Command Line" />
      </TestCategory>
      <Execution id="6c91c0f9-6352-4a48-af54-daf0101a0b09" />
      <TestMethod codeBase="D:\actions-runner\_work\XPCO\XPCO\Corporate\VideoOS.Administration.UnitTests\bin\x64\Debug\net472\VideoOS.Administration.UnitTests.dll" adapterTypeName="executor://mstestadapter/v2" className="VideoOS.Administration.UnitTests.CommandLineTests" name="GetConnectionInfoFromCommandLine_External" />
    </UnitTest>
    <UnitTest name="HandleLogOnError_SelfAuthorizationException_Success" storage="d:\actions-runner\_work\xpco\xpco\corporate\videoos.administration.unittests\bin\x64\debug\net472\videoos.administration.unittests.dll" id="d044f70d-4b82-2985-17a6-16738a371e0c">
      <TestCategory>
        <TestCategoryItem TestCategory="LogOnErrorHandler" />
      </TestCategory>
      <Execution id="55827bae-3272-4dc1-b783-4c442825dc4f" />
      <TestMethod codeBase="D:\actions-runner\_work\XPCO\XPCO\Corporate\VideoOS.Administration.UnitTests\bin\x64\Debug\net472\VideoOS.Administration.UnitTests.dll" adapterTypeName="executor://mstestadapter/v2" className="VideoOS.Administration.UnitTests.Handlers.LogOnErrorHandlerTests" name="HandleLogOnError_SelfAuthorizationException_Success" />
    </UnitTest>
    <UnitTest name="HandleLogOnError_Vmo_VmoUnauthorizedAccessException_Success" storage="d:\actions-runner\_work\xpco\xpco\corporate\videoos.administration.unittests\bin\x64\debug\net472\videoos.administration.unittests.dll" id="a143ec15-7319-d17b-4b77-25de9beb0149">
      <TestCategory>
        <TestCategoryItem TestCategory="LogOnErrorHandler" />
      </TestCategory>
      <Execution id="345e93aa-0fae-4a39-8947-52d9f58e16a4" />
      <TestMethod codeBase="D:\actions-runner\_work\XPCO\XPCO\Corporate\VideoOS.Administration.UnitTests\bin\x64\Debug\net472\VideoOS.Administration.UnitTests.dll" adapterTypeName="executor://mstestadapter/v2" className="VideoOS.Administration.UnitTests.Handlers.LogOnErrorHandlerTests" name="HandleLogOnError_Vmo_VmoUnauthorizedAccessException_Success" />
    </UnitTest>
    <UnitTest name="HandleException_NotAllowed_ThrowsUnauthorizedAccessException" storage="d:\actions-runner\_work\xpco\xpco\corporate\videoos.administration.unittests\bin\x64\debug\net472\videoos.administration.unittests.dll" id="cb3e9fd5-a3dd-7f7c-8347-3c8bef5da397">
      <TestCategory>
        <TestCategoryItem TestCategory="AdministrationClient" />
      </TestCategory>
      <Execution id="089c2ff4-de49-4bb6-974c-688ff19470c2" />
      <TestMethod codeBase="D:\actions-runner\_work\XPCO\XPCO\Corporate\VideoOS.Administration.UnitTests\bin\x64\Debug\net472\VideoOS.Administration.UnitTests.dll" adapterTypeName="executor://mstestadapter/v2" className="VideoOS.Administration.Client.UnitTests.WebServiceManagerExceptionHandlerTests" name="HandleException_NotAllowed_ThrowsUnauthorizedAccessException" />
    </UnitTest>
    <UnitTest name="GetConnectionInfoFromCommandLine_NullUriHandler_Throws_ArgumentNullException" storage="d:\actions-runner\_work\xpco\xpco\corporate\videoos.administration.unittests\bin\x64\debug\net472\videoos.administration.unittests.dll" id="14c6f940-6aa2-0a30-ba07-bebc11a63046">
      <TestCategory>
        <TestCategoryItem TestCategory="Command Line" />
      </TestCategory>
      <Execution id="615c4c57-8437-42a7-b128-fd0c3b162fe6" />
      <TestMethod codeBase="D:\actions-runner\_work\XPCO\XPCO\Corporate\VideoOS.Administration.UnitTests\bin\x64\Debug\net472\VideoOS.Administration.UnitTests.dll" adapterTypeName="executor://mstestadapter/v2" className="VideoOS.Administration.UnitTests.CommandLineTests" name="GetConnectionInfoFromCommandLine_NullUriHandler_Throws_ArgumentNullException" />
    </UnitTest>
    <UnitTest name="HandleException_StandardExceptionNotHandledByExceptionHandler_ReturnsTrue" storage="d:\actions-runner\_work\xpco\xpco\corporate\videoos.administration.unittests\bin\x64\debug\net472\videoos.administration.unittests.dll" id="6f3002ed-8547-53e1-a5dc-f1c21ad26bb9">
      <TestCategory>
        <TestCategoryItem TestCategory="AdministrationClient" />
      </TestCategory>
      <Execution id="739ccbeb-aefc-49fd-b144-325ad77b93f7" />
      <TestMethod codeBase="D:\actions-runner\_work\XPCO\XPCO\Corporate\VideoOS.Administration.UnitTests\bin\x64\Debug\net472\VideoOS.Administration.UnitTests.dll" adapterTypeName="executor://mstestadapter/v2" className="VideoOS.Administration.Client.UnitTests.WebServiceManagerExceptionHandlerTests" name="HandleException_StandardExceptionNotHandledByExceptionHandler_ReturnsTrue" />
    </UnitTest>
    <UnitTest name="BuildArgumentList_ExternalValidProviderName_WithAllowHttp" storage="d:\actions-runner\_work\xpco\xpco\corporate\videoos.administration.unittests\bin\x64\debug\net472\videoos.administration.unittests.dll" id="6c44a44e-fc07-a15b-e844-a038818935ce">
      <Execution id="564c6d7b-0c36-4f8c-8bd5-bbff593c39f6" />
      <TestMethod codeBase="D:\actions-runner\_work\XPCO\XPCO\Corporate\VideoOS.Administration.UnitTests\bin\x64\Debug\net472\VideoOS.Administration.UnitTests.dll" adapterTypeName="executor://mstestadapter/v2" className="VideoOS.Administration.UnitTests.MCLauncherTests" name="BuildArgumentList_ExternalValidProviderName_WithAllowHttp" />
    </UnitTest>
    <UnitTest name="Decrypt_NullValue_ReturnsNull" storage="d:\actions-runner\_work\xpco\xpco\corporate\videoos.administration.unittests\bin\x64\debug\net472\videoos.administration.unittests.dll" id="7d9f033a-2f24-f67b-57e1-4b20eb4b6140">
      <TestCategory>
        <TestCategoryItem TestCategory="Command Line" />
      </TestCategory>
      <Execution id="375298e7-87e8-405d-9a37-fceb6bd58761" />
      <TestMethod codeBase="D:\actions-runner\_work\XPCO\XPCO\Corporate\VideoOS.Administration.UnitTests\bin\x64\Debug\net472\VideoOS.Administration.UnitTests.dll" adapterTypeName="executor://mstestadapter/v2" className="VideoOS.Administration.UnitTests.CommandLineTests" name="Decrypt_NullValue_ReturnsNull" />
    </UnitTest>
    <UnitTest name="BuildArgumentList_ExternalValidProviderName_WithoutAllowHttp" storage="d:\actions-runner\_work\xpco\xpco\corporate\videoos.administration.unittests\bin\x64\debug\net472\videoos.administration.unittests.dll" id="2b36a0dd-a1fa-be4d-b5f0-af6b7478d37f">
      <Execution id="cc4d29bd-70e9-4515-818e-767bd9aa505d" />
      <TestMethod codeBase="D:\actions-runner\_work\XPCO\XPCO\Corporate\VideoOS.Administration.UnitTests\bin\x64\Debug\net472\VideoOS.Administration.UnitTests.dll" adapterTypeName="executor://mstestadapter/v2" className="VideoOS.Administration.UnitTests.MCLauncherTests" name="BuildArgumentList_ExternalValidProviderName_WithoutAllowHttp" />
    </UnitTest>
    <UnitTest name="LocalUserOptions_LoadWhenSettingsSaved_InsecureNotAllowed_ReturnsValidInstance" storage="d:\actions-runner\_work\xpco\xpco\corporate\videoos.administration.unittests\bin\x64\debug\net472\videoos.administration.unittests.dll" id="1021f476-dcb5-0d8e-f8c4-12a4e841d6a4">
      <TestCategory>
        <TestCategoryItem TestCategory="Administration" />
      </TestCategory>
      <Execution id="a30aac38-7407-4ab2-a2b9-74f364b3de94" />
      <TestMethod codeBase="D:\actions-runner\_work\XPCO\XPCO\Corporate\VideoOS.Administration.UnitTests\bin\x64\Debug\net472\VideoOS.Administration.UnitTests.dll" adapterTypeName="executor://mstestadapter/v2" className="VideoOS.Administration.UnitTests.LocalUserOptionTests" name="LocalUserOptions_LoadWhenSettingsSaved_InsecureNotAllowed_ReturnsValidInstance" />
    </UnitTest>
    <UnitTest name="GetCommandLineCredentials_PasswordNotEncrypted_RetrievesValidCredentials" storage="d:\actions-runner\_work\xpco\xpco\corporate\videoos.administration.unittests\bin\x64\debug\net472\videoos.administration.unittests.dll" id="190c290d-48e9-e0e1-2256-110a8bfdf33f">
      <TestCategory>
        <TestCategoryItem TestCategory="Command Line" />
      </TestCategory>
      <Execution id="c6842d2c-0845-421e-84ff-8dd0c74e8d3e" />
      <TestMethod codeBase="D:\actions-runner\_work\XPCO\XPCO\Corporate\VideoOS.Administration.UnitTests\bin\x64\Debug\net472\VideoOS.Administration.UnitTests.dll" adapterTypeName="executor://mstestadapter/v2" className="VideoOS.Administration.UnitTests.CommandLineTests" name="GetCommandLineCredentials_PasswordNotEncrypted_RetrievesValidCredentials" />
    </UnitTest>
    <UnitTest name="GetConnectionInfoFromCommandLine_SilentLoginAllowed_BasicUser_UserHasAllowedThroughOptions" storage="d:\actions-runner\_work\xpco\xpco\corporate\videoos.administration.unittests\bin\x64\debug\net472\videoos.administration.unittests.dll" id="7bf79235-3910-d0d5-b85f-586a417b5c1b">
      <TestCategory>
        <TestCategoryItem TestCategory="Command Line" />
      </TestCategory>
      <Execution id="53cc5ec4-0434-4ad9-a05e-439ae0917df9" />
      <TestMethod codeBase="D:\actions-runner\_work\XPCO\XPCO\Corporate\VideoOS.Administration.UnitTests\bin\x64\Debug\net472\VideoOS.Administration.UnitTests.dll" adapterTypeName="executor://mstestadapter/v2" className="VideoOS.Administration.UnitTests.CommandLineTests" name="GetConnectionInfoFromCommandLine_SilentLoginAllowed_BasicUser_UserHasAllowedThroughOptions" />
    </UnitTest>
    <UnitTest name="HandleException_PasswordRequiresDigit_ReturnsTrue" storage="d:\actions-runner\_work\xpco\xpco\corporate\videoos.administration.unittests\bin\x64\debug\net472\videoos.administration.unittests.dll" id="f3ca49a2-2439-027d-6483-4c0f194afe21">
      <TestCategory>
        <TestCategoryItem TestCategory="AdministrationClient" />
      </TestCategory>
      <Execution id="1fe2baf2-721f-4560-a633-5e9789d55df9" />
      <TestMethod codeBase="D:\actions-runner\_work\XPCO\XPCO\Corporate\VideoOS.Administration.UnitTests\bin\x64\Debug\net472\VideoOS.Administration.UnitTests.dll" adapterTypeName="executor://mstestadapter/v2" className="VideoOS.Administration.Client.UnitTests.WebServiceManagerExceptionHandlerTests" name="HandleException_PasswordRequiresDigit_ReturnsTrue" />
    </UnitTest>
    <UnitTest name="HandleException_ForbiddenException_ThrowsUnauthorizedAccessException" storage="d:\actions-runner\_work\xpco\xpco\corporate\videoos.administration.unittests\bin\x64\debug\net472\videoos.administration.unittests.dll" id="93517234-dcc2-c803-002e-b98a2df09c92">
      <TestCategory>
        <TestCategoryItem TestCategory="AdministrationClient" />
      </TestCategory>
      <Execution id="d64f5851-1e7d-41fb-a97d-70f6949a66cb" />
      <TestMethod codeBase="D:\actions-runner\_work\XPCO\XPCO\Corporate\VideoOS.Administration.UnitTests\bin\x64\Debug\net472\VideoOS.Administration.UnitTests.dll" adapterTypeName="executor://mstestadapter/v2" className="VideoOS.Administration.Client.UnitTests.WebServiceManagerExceptionHandlerTests" name="HandleException_ForbiddenException_ThrowsUnauthorizedAccessException" />
    </UnitTest>
    <UnitTest name="GetPassword_ValueNotFound_ReturnsNull" storage="d:\actions-runner\_work\xpco\xpco\corporate\videoos.administration.unittests\bin\x64\debug\net472\videoos.administration.unittests.dll" id="673425df-99c1-86b3-794f-9d639113f4c4">
      <TestCategory>
        <TestCategoryItem TestCategory="Command Line" />
      </TestCategory>
      <Execution id="723c312f-26db-4d8e-ae57-c158ea04e283" />
      <TestMethod codeBase="D:\actions-runner\_work\XPCO\XPCO\Corporate\VideoOS.Administration.UnitTests\bin\x64\Debug\net472\VideoOS.Administration.UnitTests.dll" adapterTypeName="executor://mstestadapter/v2" className="VideoOS.Administration.UnitTests.CommandLineTests" name="GetPassword_ValueNotFound_ReturnsNull" />
    </UnitTest>
    <UnitTest name="GetDomain_ValueNotFound_ReturnsNull" storage="d:\actions-runner\_work\xpco\xpco\corporate\videoos.administration.unittests\bin\x64\debug\net472\videoos.administration.unittests.dll" id="f23cc637-a6ad-59ab-8002-516cf353bf46">
      <TestCategory>
        <TestCategoryItem TestCategory="Command Line" />
      </TestCategory>
      <Execution id="e18af2c3-4098-4f12-97db-8098707bce64" />
      <TestMethod codeBase="D:\actions-runner\_work\XPCO\XPCO\Corporate\VideoOS.Administration.UnitTests\bin\x64\Debug\net472\VideoOS.Administration.UnitTests.dll" adapterTypeName="executor://mstestadapter/v2" className="VideoOS.Administration.UnitTests.CommandLineTests" name="GetDomain_ValueNotFound_ReturnsNull" />
    </UnitTest>
    <UnitTest name="HandleException_InvalidRoleName_ReturnsTrue" storage="d:\actions-runner\_work\xpco\xpco\corporate\videoos.administration.unittests\bin\x64\debug\net472\videoos.administration.unittests.dll" id="25ff399b-5c18-4067-61e6-5ec5b7675030">
      <TestCategory>
        <TestCategoryItem TestCategory="AdministrationClient" />
      </TestCategory>
      <Execution id="6b24dfdc-11a7-4af1-abdd-6b22174c43fd" />
      <TestMethod codeBase="D:\actions-runner\_work\XPCO\XPCO\Corporate\VideoOS.Administration.UnitTests\bin\x64\Debug\net472\VideoOS.Administration.UnitTests.dll" adapterTypeName="executor://mstestadapter/v2" className="VideoOS.Administration.Client.UnitTests.WebServiceManagerExceptionHandlerTests" name="HandleException_InvalidRoleName_ReturnsTrue" />
    </UnitTest>
    <UnitTest name="HandleLogOnError_Vmo_UserNamePasswordException_Success" storage="d:\actions-runner\_work\xpco\xpco\corporate\videoos.administration.unittests\bin\x64\debug\net472\videoos.administration.unittests.dll" id="107d5a73-e96a-cd67-4748-c9b51cfedd07">
      <TestCategory>
        <TestCategoryItem TestCategory="LogOnErrorHandler" />
      </TestCategory>
      <Execution id="7993ccc3-c9b5-4fce-8002-8a81bfa7a294" />
      <TestMethod codeBase="D:\actions-runner\_work\XPCO\XPCO\Corporate\VideoOS.Administration.UnitTests\bin\x64\Debug\net472\VideoOS.Administration.UnitTests.dll" adapterTypeName="executor://mstestadapter/v2" className="VideoOS.Administration.UnitTests.Handlers.LogOnErrorHandlerTests" name="HandleLogOnError_Vmo_UserNamePasswordException_Success" />
    </UnitTest>
    <UnitTest name="Decrypt_FormatException_ReturnsNull" storage="d:\actions-runner\_work\xpco\xpco\corporate\videoos.administration.unittests\bin\x64\debug\net472\videoos.administration.unittests.dll" id="2e7fc70a-3235-f988-e5d5-862e7f060524">
      <TestCategory>
        <TestCategoryItem TestCategory="Command Line" />
      </TestCategory>
      <Execution id="9b1dae1e-6bf1-4a15-a7a6-a1ebd2e96672" />
      <TestMethod codeBase="D:\actions-runner\_work\XPCO\XPCO\Corporate\VideoOS.Administration.UnitTests\bin\x64\Debug\net472\VideoOS.Administration.UnitTests.dll" adapterTypeName="executor://mstestadapter/v2" className="VideoOS.Administration.UnitTests.CommandLineTests" name="Decrypt_FormatException_ReturnsNull" />
    </UnitTest>
    <UnitTest name="GetUserName_ValueNotFound_ReturnsNull" storage="d:\actions-runner\_work\xpco\xpco\corporate\videoos.administration.unittests\bin\x64\debug\net472\videoos.administration.unittests.dll" id="90d7c8c6-37a5-ed1f-b134-4cdd9452c8fb">
      <TestCategory>
        <TestCategoryItem TestCategory="Command Line" />
      </TestCategory>
      <Execution id="744f680a-f4ba-4410-ad3e-122b9b4b6b34" />
      <TestMethod codeBase="D:\actions-runner\_work\XPCO\XPCO\Corporate\VideoOS.Administration.UnitTests\bin\x64\Debug\net472\VideoOS.Administration.UnitTests.dll" adapterTypeName="executor://mstestadapter/v2" className="VideoOS.Administration.UnitTests.CommandLineTests" name="GetUserName_ValueNotFound_ReturnsNull" />
    </UnitTest>
    <UnitTest name="GetConnectionInfoFromCommandLine_SilentLoginAllowed_BasicUserDomian_WithoutUsername_RevertsToCurrentWindowsUser" storage="d:\actions-runner\_work\xpco\xpco\corporate\videoos.administration.unittests\bin\x64\debug\net472\videoos.administration.unittests.dll" id="505d6fca-f707-836f-b193-3eb275a0485d">
      <TestCategory>
        <TestCategoryItem TestCategory="Command Line" />
      </TestCategory>
      <Execution id="211193e9-bc99-413c-ac7a-376aa4ebc5e2" />
      <TestMethod codeBase="D:\actions-runner\_work\XPCO\XPCO\Corporate\VideoOS.Administration.UnitTests\bin\x64\Debug\net472\VideoOS.Administration.UnitTests.dll" adapterTypeName="executor://mstestadapter/v2" className="VideoOS.Administration.UnitTests.CommandLineTests" name="GetConnectionInfoFromCommandLine_SilentLoginAllowed_BasicUserDomian_WithoutUsername_RevertsToCurrentWindowsUser" />
    </UnitTest>
    <UnitTest name="HandleException_FaultExceptionWithUnknownExceptionCode_ThrowsServerCommunicationException" storage="d:\actions-runner\_work\xpco\xpco\corporate\videoos.administration.unittests\bin\x64\debug\net472\videoos.administration.unittests.dll" id="39b358fc-2228-c548-76d5-86633029cc80">
      <TestCategory>
        <TestCategoryItem TestCategory="AdministrationClient" />
      </TestCategory>
      <Execution id="c47b78b1-099a-42a6-bf2e-fdba50dec95a" />
      <TestMethod codeBase="D:\actions-runner\_work\XPCO\XPCO\Corporate\VideoOS.Administration.UnitTests\bin\x64\Debug\net472\VideoOS.Administration.UnitTests.dll" adapterTypeName="executor://mstestadapter/v2" className="VideoOS.Administration.Client.UnitTests.WebServiceManagerExceptionHandlerTests" name="HandleException_FaultExceptionWithUnknownExceptionCode_ThrowsServerCommunicationException" />
    </UnitTest>
    <UnitTest name="HandleException_PasswordRequiresLower_ReturnsTrue" storage="d:\actions-runner\_work\xpco\xpco\corporate\videoos.administration.unittests\bin\x64\debug\net472\videoos.administration.unittests.dll" id="878111f9-488a-779f-dd4e-1e9660771eb9">
      <TestCategory>
        <TestCategoryItem TestCategory="AdministrationClient" />
      </TestCategory>
      <Execution id="c1548d94-f1f1-461f-a9bc-4f993b17c0b8" />
      <TestMethod codeBase="D:\actions-runner\_work\XPCO\XPCO\Corporate\VideoOS.Administration.UnitTests\bin\x64\Debug\net472\VideoOS.Administration.UnitTests.dll" adapterTypeName="executor://mstestadapter/v2" className="VideoOS.Administration.Client.UnitTests.WebServiceManagerExceptionHandlerTests" name="HandleException_PasswordRequiresLower_ReturnsTrue" />
    </UnitTest>
    <UnitTest name="HandleLogOnError_IdpCommon_IdpStateMismatchException_Success" storage="d:\actions-runner\_work\xpco\xpco\corporate\videoos.administration.unittests\bin\x64\debug\net472\videoos.administration.unittests.dll" id="cdcc7b09-c244-bc06-a2cf-45b29872cc2b">
      <TestCategory>
        <TestCategoryItem TestCategory="LogOnErrorHandler" />
      </TestCategory>
      <Execution id="207b1712-1299-4cd3-bfb2-7813877a9c76" />
      <TestMethod codeBase="D:\actions-runner\_work\XPCO\XPCO\Corporate\VideoOS.Administration.UnitTests\bin\x64\Debug\net472\VideoOS.Administration.UnitTests.dll" adapterTypeName="executor://mstestadapter/v2" className="VideoOS.Administration.UnitTests.Handlers.LogOnErrorHandlerTests" name="HandleLogOnError_IdpCommon_IdpStateMismatchException_Success" />
    </UnitTest>
    <UnitTest name="HandleException_ArgumentsNotResolved_ReturnsTrue" storage="d:\actions-runner\_work\xpco\xpco\corporate\videoos.administration.unittests\bin\x64\debug\net472\videoos.administration.unittests.dll" id="85bf4641-76a6-ef7e-e04d-747c4587a8a6">
      <TestCategory>
        <TestCategoryItem TestCategory="AdministrationClient" />
      </TestCategory>
      <Execution id="5660ecb2-4573-4758-9c0d-0f8a6c4e0751" />
      <TestMethod codeBase="D:\actions-runner\_work\XPCO\XPCO\Corporate\VideoOS.Administration.UnitTests\bin\x64\Debug\net472\VideoOS.Administration.UnitTests.dll" adapterTypeName="executor://mstestadapter/v2" className="VideoOS.Administration.Client.UnitTests.WebServiceManagerExceptionHandlerTests" name="HandleException_ArgumentsNotResolved_ReturnsTrue" />
    </UnitTest>
    <UnitTest name="HandleException_InvalidUserName_ReturnsTrue" storage="d:\actions-runner\_work\xpco\xpco\corporate\videoos.administration.unittests\bin\x64\debug\net472\videoos.administration.unittests.dll" id="dbabbd11-4285-4565-e954-79763ba738cd">
      <TestCategory>
        <TestCategoryItem TestCategory="AdministrationClient" />
      </TestCategory>
      <Execution id="35d1f399-29ba-4170-a992-7d6903c63205" />
      <TestMethod codeBase="D:\actions-runner\_work\XPCO\XPCO\Corporate\VideoOS.Administration.UnitTests\bin\x64\Debug\net472\VideoOS.Administration.UnitTests.dll" adapterTypeName="executor://mstestadapter/v2" className="VideoOS.Administration.Client.UnitTests.WebServiceManagerExceptionHandlerTests" name="HandleException_InvalidUserName_ReturnsTrue" />
    </UnitTest>
    <UnitTest name="SetAllowInsecureConnectionsFromCommandLine_IsAllowed_False" storage="d:\actions-runner\_work\xpco\xpco\corporate\videoos.administration.unittests\bin\x64\debug\net472\videoos.administration.unittests.dll" id="0b10d70b-dfd6-dd9e-3fd5-42957d08880a">
      <TestCategory>
        <TestCategoryItem TestCategory="Command Line" />
      </TestCategory>
      <Execution id="24866b1e-95d3-4547-8ad4-fa5a903b8e7c" />
      <TestMethod codeBase="D:\actions-runner\_work\XPCO\XPCO\Corporate\VideoOS.Administration.UnitTests\bin\x64\Debug\net472\VideoOS.Administration.UnitTests.dll" adapterTypeName="executor://mstestadapter/v2" className="VideoOS.Administration.UnitTests.CommandLineTests" name="SetAllowInsecureConnectionsFromCommandLine_IsAllowed_False" />
    </UnitTest>
    <UnitTest name="HandleException_ExceptionIsLoggedInILogInstance_WithDebug_Success" storage="d:\actions-runner\_work\xpco\xpco\corporate\videoos.administration.unittests\bin\x64\debug\net472\videoos.administration.unittests.dll" id="2c676722-9580-4142-fba8-21ca9c7d3b68">
      <TestCategory>
        <TestCategoryItem TestCategory="AdministrationClient" />
      </TestCategory>
      <Execution id="cf6fb601-574c-4f1b-86ed-b9b119a6f671" />
      <TestMethod codeBase="D:\actions-runner\_work\XPCO\XPCO\Corporate\VideoOS.Administration.UnitTests\bin\x64\Debug\net472\VideoOS.Administration.UnitTests.dll" adapterTypeName="executor://mstestadapter/v2" className="VideoOS.Administration.Client.UnitTests.WebServiceManagerExceptionHandlerTests" name="HandleException_ExceptionIsLoggedInILogInstance_WithDebug_Success" />
    </UnitTest>
    <UnitTest name="HandleException_DuplicateEmail_ReturnsTrue" storage="d:\actions-runner\_work\xpco\xpco\corporate\videoos.administration.unittests\bin\x64\debug\net472\videoos.administration.unittests.dll" id="41866230-32be-26e2-1ee7-efebcaee2b66">
      <TestCategory>
        <TestCategoryItem TestCategory="AdministrationClient" />
      </TestCategory>
      <Execution id="22a4357c-884c-4015-a265-711dd61ff50f" />
      <TestMethod codeBase="D:\actions-runner\_work\XPCO\XPCO\Corporate\VideoOS.Administration.UnitTests\bin\x64\Debug\net472\VideoOS.Administration.UnitTests.dll" adapterTypeName="executor://mstestadapter/v2" className="VideoOS.Administration.Client.UnitTests.WebServiceManagerExceptionHandlerTests" name="HandleException_DuplicateEmail_ReturnsTrue" />
    </UnitTest>
    <UnitTest name="GetConnectionInfoFromCommandLine_RetrievesValidCredentials" storage="d:\actions-runner\_work\xpco\xpco\corporate\videoos.administration.unittests\bin\x64\debug\net472\videoos.administration.unittests.dll" id="59b76e42-646b-15ab-23a6-c93dee3b4c03">
      <TestCategory>
        <TestCategoryItem TestCategory="Command Line" />
      </TestCategory>
      <Execution id="8c0f40e9-55fe-48a5-8937-a717fd8236c1" />
      <TestMethod codeBase="D:\actions-runner\_work\XPCO\XPCO\Corporate\VideoOS.Administration.UnitTests\bin\x64\Debug\net472\VideoOS.Administration.UnitTests.dll" adapterTypeName="executor://mstestadapter/v2" className="VideoOS.Administration.UnitTests.CommandLineTests" name="GetConnectionInfoFromCommandLine_RetrievesValidCredentials" />
    </UnitTest>
    <UnitTest name="Encrypt_NullValue_Throws_ArgumentNullException" storage="d:\actions-runner\_work\xpco\xpco\corporate\videoos.administration.unittests\bin\x64\debug\net472\videoos.administration.unittests.dll" id="dac4f57f-f33b-3685-8c65-13147b95e885">
      <TestCategory>
        <TestCategoryItem TestCategory="Command Line" />
      </TestCategory>
      <Execution id="a50dbcd0-f40f-4961-b1fb-683e5c8461ed" />
      <TestMethod codeBase="D:\actions-runner\_work\XPCO\XPCO\Corporate\VideoOS.Administration.UnitTests\bin\x64\Debug\net472\VideoOS.Administration.UnitTests.dll" adapterTypeName="executor://mstestadapter/v2" className="VideoOS.Administration.UnitTests.CommandLineTests" name="Encrypt_NullValue_Throws_ArgumentNullException" />
    </UnitTest>
    <UnitTest name="HandleLogOnError_Vmo_ConnectionException_ServerException_Success" storage="d:\actions-runner\_work\xpco\xpco\corporate\videoos.administration.unittests\bin\x64\debug\net472\videoos.administration.unittests.dll" id="f79504dc-5a02-577f-493b-d72f73f0b8ee">
      <TestCategory>
        <TestCategoryItem TestCategory="LogOnErrorHandler" />
      </TestCategory>
      <Execution id="44062260-970e-4bf6-b335-45be9a23bd77" />
      <TestMethod codeBase="D:\actions-runner\_work\XPCO\XPCO\Corporate\VideoOS.Administration.UnitTests\bin\x64\Debug\net472\VideoOS.Administration.UnitTests.dll" adapterTypeName="executor://mstestadapter/v2" className="VideoOS.Administration.UnitTests.Handlers.LogOnErrorHandlerTests" name="HandleLogOnError_Vmo_ConnectionException_ServerException_Success" />
    </UnitTest>
    <UnitTest name="HandleLogOnError_UnauthorizedAccessException_Success" storage="d:\actions-runner\_work\xpco\xpco\corporate\videoos.administration.unittests\bin\x64\debug\net472\videoos.administration.unittests.dll" id="c9465136-dcba-be8d-2785-93b6d7b50ca3">
      <TestCategory>
        <TestCategoryItem TestCategory="LogOnErrorHandler" />
      </TestCategory>
      <Execution id="d1348a89-ca33-4429-8658-45f57b55fc20" />
      <TestMethod codeBase="D:\actions-runner\_work\XPCO\XPCO\Corporate\VideoOS.Administration.UnitTests\bin\x64\Debug\net472\VideoOS.Administration.UnitTests.dll" adapterTypeName="executor://mstestadapter/v2" className="VideoOS.Administration.UnitTests.Handlers.LogOnErrorHandlerTests" name="HandleLogOnError_UnauthorizedAccessException_Success" />
    </UnitTest>
    <UnitTest name="BuildArgumentList_CurrentWindowsUser_NullCredentials" storage="d:\actions-runner\_work\xpco\xpco\corporate\videoos.administration.unittests\bin\x64\debug\net472\videoos.administration.unittests.dll" id="baa71c4f-9ce7-f996-50a3-2e789fde5952">
      <Execution id="2016b200-a1b3-4ea9-9fe2-60f93a83c40d" />
      <TestMethod codeBase="D:\actions-runner\_work\XPCO\XPCO\Corporate\VideoOS.Administration.UnitTests\bin\x64\Debug\net472\VideoOS.Administration.UnitTests.dll" adapterTypeName="executor://mstestadapter/v2" className="VideoOS.Administration.UnitTests.MCLauncherTests" name="BuildArgumentList_CurrentWindowsUser_NullCredentials" />
    </UnitTest>
    <UnitTest name="GetConnectionInfoFromCommandLine_EmptyServerAddress_ReturnsNull" storage="d:\actions-runner\_work\xpco\xpco\corporate\videoos.administration.unittests\bin\x64\debug\net472\videoos.administration.unittests.dll" id="a2016b5e-6a42-cbd1-5edd-f5c0f5650a0d">
      <TestCategory>
        <TestCategoryItem TestCategory="Command Line" />
      </TestCategory>
      <Execution id="92575e84-6c8e-4615-a712-15abdeb77cf9" />
      <TestMethod codeBase="D:\actions-runner\_work\XPCO\XPCO\Corporate\VideoOS.Administration.UnitTests\bin\x64\Debug\net472\VideoOS.Administration.UnitTests.dll" adapterTypeName="executor://mstestadapter/v2" className="VideoOS.Administration.UnitTests.CommandLineTests" name="GetConnectionInfoFromCommandLine_EmptyServerAddress_ReturnsNull" />
    </UnitTest>
    <UnitTest name="LocalUserOptions_LoadWhenSettingsSaved_InsecureNotSet_ReturnsValidInstance" storage="d:\actions-runner\_work\xpco\xpco\corporate\videoos.administration.unittests\bin\x64\debug\net472\videoos.administration.unittests.dll" id="4390d7a6-bf0a-48ea-ceae-11a9b6a4458a">
      <TestCategory>
        <TestCategoryItem TestCategory="Administration" />
      </TestCategory>
      <Execution id="4d4f200b-c474-42a7-833c-937c670298c4" />
      <TestMethod codeBase="D:\actions-runner\_work\XPCO\XPCO\Corporate\VideoOS.Administration.UnitTests\bin\x64\Debug\net472\VideoOS.Administration.UnitTests.dll" adapterTypeName="executor://mstestadapter/v2" className="VideoOS.Administration.UnitTests.LocalUserOptionTests" name="LocalUserOptions_LoadWhenSettingsSaved_InsecureNotSet_ReturnsValidInstance" />
    </UnitTest>
    <UnitTest name="GetAuthenticationType_ValueFound_Success" storage="d:\actions-runner\_work\xpco\xpco\corporate\videoos.administration.unittests\bin\x64\debug\net472\videoos.administration.unittests.dll" id="c4c42ef0-0640-c57a-65b9-a5a5a55f0976">
      <TestCategory>
        <TestCategoryItem TestCategory="Command Line" />
      </TestCategory>
      <Execution id="4b885559-53d9-4df3-a206-6cef65a77763" />
      <TestMethod codeBase="D:\actions-runner\_work\XPCO\XPCO\Corporate\VideoOS.Administration.UnitTests\bin\x64\Debug\net472\VideoOS.Administration.UnitTests.dll" adapterTypeName="executor://mstestadapter/v2" className="VideoOS.Administration.UnitTests.CommandLineTests" name="GetAuthenticationType_ValueFound_Success" />
    </UnitTest>
    <UnitTest name="HandleLogOnError_IdpCommon_IdpNullTokenException_Success" storage="d:\actions-runner\_work\xpco\xpco\corporate\videoos.administration.unittests\bin\x64\debug\net472\videoos.administration.unittests.dll" id="ac7240e9-9d5a-8be1-0652-b13267eebe56">
      <TestCategory>
        <TestCategoryItem TestCategory="LogOnErrorHandler" />
      </TestCategory>
      <Execution id="be0db37d-2b11-4b27-abbb-5c556d4d7f0e" />
      <TestMethod codeBase="D:\actions-runner\_work\XPCO\XPCO\Corporate\VideoOS.Administration.UnitTests\bin\x64\Debug\net472\VideoOS.Administration.UnitTests.dll" adapterTypeName="executor://mstestadapter/v2" className="VideoOS.Administration.UnitTests.Handlers.LogOnErrorHandlerTests" name="HandleLogOnError_IdpCommon_IdpNullTokenException_Success" />
    </UnitTest>
    <UnitTest name="HandleException_AdminIdentityNotFound_ThrowsUnauthorizedAccessException" storage="d:\actions-runner\_work\xpco\xpco\corporate\videoos.administration.unittests\bin\x64\debug\net472\videoos.administration.unittests.dll" id="e206d375-05fa-9f0b-d364-21b2faf0c6ee">
      <TestCategory>
        <TestCategoryItem TestCategory="AdministrationClient" />
      </TestCategory>
      <Execution id="cb6fae7a-5ff1-42ca-bbb8-5ff54c6ef2bb" />
      <TestMethod codeBase="D:\actions-runner\_work\XPCO\XPCO\Corporate\VideoOS.Administration.UnitTests\bin\x64\Debug\net472\VideoOS.Administration.UnitTests.dll" adapterTypeName="executor://mstestadapter/v2" className="VideoOS.Administration.Client.UnitTests.WebServiceManagerExceptionHandlerTests" name="HandleException_AdminIdentityNotFound_ThrowsUnauthorizedAccessException" />
    </UnitTest>
    <UnitTest name="GetAuthenticationType_ValueNotValid_ReturnsUnknown" storage="d:\actions-runner\_work\xpco\xpco\corporate\videoos.administration.unittests\bin\x64\debug\net472\videoos.administration.unittests.dll" id="3d884529-c3be-d4d4-cd4c-6261ec2ca523">
      <TestCategory>
        <TestCategoryItem TestCategory="Command Line" />
      </TestCategory>
      <Execution id="73d1299b-62be-4dcf-87e7-01e4251e8c30" />
      <TestMethod codeBase="D:\actions-runner\_work\XPCO\XPCO\Corporate\VideoOS.Administration.UnitTests\bin\x64\Debug\net472\VideoOS.Administration.UnitTests.dll" adapterTypeName="executor://mstestadapter/v2" className="VideoOS.Administration.UnitTests.CommandLineTests" name="GetAuthenticationType_ValueNotValid_ReturnsUnknown" />
    </UnitTest>
    <UnitTest name="HandleException_FaultExceptionWithExceptionCode51100_ThrowsDualAuthorizationRequiredException" storage="d:\actions-runner\_work\xpco\xpco\corporate\videoos.administration.unittests\bin\x64\debug\net472\videoos.administration.unittests.dll" id="a425ed9f-401f-4a6d-78ad-a8d9eb349c0a">
      <TestCategory>
        <TestCategoryItem TestCategory="AdministrationClient" />
      </TestCategory>
      <Execution id="e3feb42a-e1ae-42d1-a612-67afe888e149" />
      <TestMethod codeBase="D:\actions-runner\_work\XPCO\XPCO\Corporate\VideoOS.Administration.UnitTests\bin\x64\Debug\net472\VideoOS.Administration.UnitTests.dll" adapterTypeName="executor://mstestadapter/v2" className="VideoOS.Administration.Client.UnitTests.WebServiceManagerExceptionHandlerTests" name="HandleException_FaultExceptionWithExceptionCode51100_ThrowsDualAuthorizationRequiredException" />
    </UnitTest>
    <UnitTest name="HandleException_DuplicateAdminIdentity_ThrowsUnauthorizedAccessException" storage="d:\actions-runner\_work\xpco\xpco\corporate\videoos.administration.unittests\bin\x64\debug\net472\videoos.administration.unittests.dll" id="d5d7456a-3658-98f4-e5d0-dbb6f05b7a94">
      <TestCategory>
        <TestCategoryItem TestCategory="AdministrationClient" />
      </TestCategory>
      <Execution id="f361a1b8-6f0d-41c8-b063-1afa43d27546" />
      <TestMethod codeBase="D:\actions-runner\_work\XPCO\XPCO\Corporate\VideoOS.Administration.UnitTests\bin\x64\Debug\net472\VideoOS.Administration.UnitTests.dll" adapterTypeName="executor://mstestadapter/v2" className="VideoOS.Administration.Client.UnitTests.WebServiceManagerExceptionHandlerTests" name="HandleException_DuplicateAdminIdentity_ThrowsUnauthorizedAccessException" />
    </UnitTest>
    <UnitTest name="GetSilentLoginFromCommandLine_SilentLoginFound_ReturnsTrue" storage="d:\actions-runner\_work\xpco\xpco\corporate\videoos.administration.unittests\bin\x64\debug\net472\videoos.administration.unittests.dll" id="c6de2aab-12d9-7241-38c3-26687355bc4c">
      <TestCategory>
        <TestCategoryItem TestCategory="Command Line" />
      </TestCategory>
      <Execution id="3e1e0eb3-a693-4332-a49d-141e2d53ffa4" />
      <TestMethod codeBase="D:\actions-runner\_work\XPCO\XPCO\Corporate\VideoOS.Administration.UnitTests\bin\x64\Debug\net472\VideoOS.Administration.UnitTests.dll" adapterTypeName="executor://mstestadapter/v2" className="VideoOS.Administration.UnitTests.CommandLineTests" name="GetSilentLoginFromCommandLine_SilentLoginFound_ReturnsTrue" />
    </UnitTest>
    <UnitTest name="GetSilentLoginFromCommandLine_NullValue_ReturnsFalse" storage="d:\actions-runner\_work\xpco\xpco\corporate\videoos.administration.unittests\bin\x64\debug\net472\videoos.administration.unittests.dll" id="758b7028-5c46-b60e-7234-340a823032d1">
      <TestCategory>
        <TestCategoryItem TestCategory="Command Line" />
      </TestCategory>
      <Execution id="3ad64d7c-ac4f-43e3-8e29-90e2e1c3f69b" />
      <TestMethod codeBase="D:\actions-runner\_work\XPCO\XPCO\Corporate\VideoOS.Administration.UnitTests\bin\x64\Debug\net472\VideoOS.Administration.UnitTests.dll" adapterTypeName="executor://mstestadapter/v2" className="VideoOS.Administration.UnitTests.CommandLineTests" name="GetSilentLoginFromCommandLine_NullValue_ReturnsFalse" />
    </UnitTest>
    <UnitTest name="LocalUserOptions_LoadWhenSettingsNotSaved_ReturnsDefaultInstance" storage="d:\actions-runner\_work\xpco\xpco\corporate\videoos.administration.unittests\bin\x64\debug\net472\videoos.administration.unittests.dll" id="0d135733-c5f5-94bb-6dc0-9de99c5153ab">
      <TestCategory>
        <TestCategoryItem TestCategory="Administration" />
      </TestCategory>
      <Execution id="73038636-6ba9-4694-85fc-9e86e2dbe3b1" />
      <TestMethod codeBase="D:\actions-runner\_work\XPCO\XPCO\Corporate\VideoOS.Administration.UnitTests\bin\x64\Debug\net472\VideoOS.Administration.UnitTests.dll" adapterTypeName="executor://mstestadapter/v2" className="VideoOS.Administration.UnitTests.LocalUserOptionTests" name="LocalUserOptions_LoadWhenSettingsNotSaved_ReturnsDefaultInstance" />
    </UnitTest>
    <UnitTest name="LocalUserOptions_SetInsecureAllowed_SaveAndReload_ReturnsValidInstanceWithAllowInsecureConnectionsTrue" storage="d:\actions-runner\_work\xpco\xpco\corporate\videoos.administration.unittests\bin\x64\debug\net472\videoos.administration.unittests.dll" id="27ce45ee-7a2d-5bf7-1a18-400cc5a0633f">
      <TestCategory>
        <TestCategoryItem TestCategory="Administration" />
      </TestCategory>
      <Execution id="b6ad1b71-ffd7-4141-8b31-845e04f6950e" />
      <TestMethod codeBase="D:\actions-runner\_work\XPCO\XPCO\Corporate\VideoOS.Administration.UnitTests\bin\x64\Debug\net472\VideoOS.Administration.UnitTests.dll" adapterTypeName="executor://mstestadapter/v2" className="VideoOS.Administration.UnitTests.LocalUserOptionTests" name="LocalUserOptions_SetInsecureAllowed_SaveAndReload_ReturnsValidInstanceWithAllowInsecureConnectionsTrue" />
    </UnitTest>
    <UnitTest name="HandleException_PasswordRequiresUniqueChars_ReturnsTrue" storage="d:\actions-runner\_work\xpco\xpco\corporate\videoos.administration.unittests\bin\x64\debug\net472\videoos.administration.unittests.dll" id="fc832703-9b93-93a3-6435-4763e1bc066c">
      <TestCategory>
        <TestCategoryItem TestCategory="AdministrationClient" />
      </TestCategory>
      <Execution id="570f7f84-cf85-4924-8396-f70f7ef63e52" />
      <TestMethod codeBase="D:\actions-runner\_work\XPCO\XPCO\Corporate\VideoOS.Administration.UnitTests\bin\x64\Debug\net472\VideoOS.Administration.UnitTests.dll" adapterTypeName="executor://mstestadapter/v2" className="VideoOS.Administration.Client.UnitTests.WebServiceManagerExceptionHandlerTests" name="HandleException_PasswordRequiresUniqueChars_ReturnsTrue" />
    </UnitTest>
    <UnitTest name="HandleLogOnError_IdpCommon_IdpNonceMismatchException_Success" storage="d:\actions-runner\_work\xpco\xpco\corporate\videoos.administration.unittests\bin\x64\debug\net472\videoos.administration.unittests.dll" id="1c81f3bb-d450-771a-9b9e-e0cce87abbfa">
      <TestCategory>
        <TestCategoryItem TestCategory="LogOnErrorHandler" />
      </TestCategory>
      <Execution id="631fea32-8414-46ac-84ab-6e8d38cefe32" />
      <TestMethod codeBase="D:\actions-runner\_work\XPCO\XPCO\Corporate\VideoOS.Administration.UnitTests\bin\x64\Debug\net472\VideoOS.Administration.UnitTests.dll" adapterTypeName="executor://mstestadapter/v2" className="VideoOS.Administration.UnitTests.Handlers.LogOnErrorHandlerTests" name="HandleLogOnError_IdpCommon_IdpNonceMismatchException_Success" />
    </UnitTest>
    <UnitTest name="HandleLogOnError_IdpCommon_IdpServerException_Success" storage="d:\actions-runner\_work\xpco\xpco\corporate\videoos.administration.unittests\bin\x64\debug\net472\videoos.administration.unittests.dll" id="b798fd8f-efb9-8245-a4ae-1a5e49c050be">
      <TestCategory>
        <TestCategoryItem TestCategory="LogOnErrorHandler" />
      </TestCategory>
      <Execution id="aff5e367-eac4-4d56-b0fa-f08e214132e3" />
      <TestMethod codeBase="D:\actions-runner\_work\XPCO\XPCO\Corporate\VideoOS.Administration.UnitTests\bin\x64\Debug\net472\VideoOS.Administration.UnitTests.dll" adapterTypeName="executor://mstestadapter/v2" className="VideoOS.Administration.UnitTests.Handlers.LogOnErrorHandlerTests" name="HandleLogOnError_IdpCommon_IdpServerException_Success" />
    </UnitTest>
    <UnitTest name="SetAllowInsecureConnectionsFromCommandLine_IsNotAllowed" storage="d:\actions-runner\_work\xpco\xpco\corporate\videoos.administration.unittests\bin\x64\debug\net472\videoos.administration.unittests.dll" id="5d466fea-a0b0-5250-a0d9-9c417e127f77">
      <TestCategory>
        <TestCategoryItem TestCategory="Command Line" />
      </TestCategory>
      <Execution id="d6646a82-7180-40c2-b2c3-62d9d5b0cb26" />
      <TestMethod codeBase="D:\actions-runner\_work\XPCO\XPCO\Corporate\VideoOS.Administration.UnitTests\bin\x64\Debug\net472\VideoOS.Administration.UnitTests.dll" adapterTypeName="executor://mstestadapter/v2" className="VideoOS.Administration.UnitTests.CommandLineTests" name="SetAllowInsecureConnectionsFromCommandLine_IsNotAllowed" />
    </UnitTest>
    <UnitTest name="BuildArgumentListWindowsDefaultUser" storage="d:\actions-runner\_work\xpco\xpco\corporate\videoos.administration.unittests\bin\x64\debug\net472\videoos.administration.unittests.dll" id="5b25a65f-8d8f-f0b8-4b44-23d31b2c85ba">
      <Execution id="fff6b658-c826-4fd0-a24a-85b539ec39ff" />
      <TestMethod codeBase="D:\actions-runner\_work\XPCO\XPCO\Corporate\VideoOS.Administration.UnitTests\bin\x64\Debug\net472\VideoOS.Administration.UnitTests.dll" adapterTypeName="executor://mstestadapter/v2" className="VideoOS.Administration.UnitTests.MCLauncherTests" name="BuildArgumentListWindowsDefaultUser" />
    </UnitTest>
    <UnitTest name="HandleException_LoginAlreadyAssociated_ReturnsTrue" storage="d:\actions-runner\_work\xpco\xpco\corporate\videoos.administration.unittests\bin\x64\debug\net472\videoos.administration.unittests.dll" id="5dd6d77b-dfae-4999-00a3-79b5c74b75e2">
      <TestCategory>
        <TestCategoryItem TestCategory="AdministrationClient" />
      </TestCategory>
      <Execution id="eb5de7d8-65e5-4f98-9825-8f4ec0145986" />
      <TestMethod codeBase="D:\actions-runner\_work\XPCO\XPCO\Corporate\VideoOS.Administration.UnitTests\bin\x64\Debug\net472\VideoOS.Administration.UnitTests.dll" adapterTypeName="executor://mstestadapter/v2" className="VideoOS.Administration.Client.UnitTests.WebServiceManagerExceptionHandlerTests" name="HandleException_LoginAlreadyAssociated_ReturnsTrue" />
    </UnitTest>
    <UnitTest name="HandleLogOnError_NotMemberOfAuthorizationRoleException_Success" storage="d:\actions-runner\_work\xpco\xpco\corporate\videoos.administration.unittests\bin\x64\debug\net472\videoos.administration.unittests.dll" id="b8373626-4ea9-9df7-44cb-3bdf9ec4cb4f">
      <TestCategory>
        <TestCategoryItem TestCategory="LogOnErrorHandler" />
      </TestCategory>
      <Execution id="98bdec40-2c9d-4b2c-bfc8-9aa50ff1e878" />
      <TestMethod codeBase="D:\actions-runner\_work\XPCO\XPCO\Corporate\VideoOS.Administration.UnitTests\bin\x64\Debug\net472\VideoOS.Administration.UnitTests.dll" adapterTypeName="executor://mstestadapter/v2" className="VideoOS.Administration.UnitTests.Handlers.LogOnErrorHandlerTests" name="HandleLogOnError_NotMemberOfAuthorizationRoleException_Success" />
    </UnitTest>
    <UnitTest name="HandleException_FaultExceptionWithExceptionCode52000_ThrowsServerCommunicationException" storage="d:\actions-runner\_work\xpco\xpco\corporate\videoos.administration.unittests\bin\x64\debug\net472\videoos.administration.unittests.dll" id="82819833-5413-cc64-a2bf-aed3bde5d39e">
      <TestCategory>
        <TestCategoryItem TestCategory="AdministrationClient" />
      </TestCategory>
      <Execution id="9dd0d925-5662-4759-8148-e9c129552d39" />
      <TestMethod codeBase="D:\actions-runner\_work\XPCO\XPCO\Corporate\VideoOS.Administration.UnitTests\bin\x64\Debug\net472\VideoOS.Administration.UnitTests.dll" adapterTypeName="executor://mstestadapter/v2" className="VideoOS.Administration.Client.UnitTests.WebServiceManagerExceptionHandlerTests" name="HandleException_FaultExceptionWithExceptionCode52000_ThrowsServerCommunicationException" />
    </UnitTest>
    <UnitTest name="HandleException_PasswordTooShort_ReturnsTrue" storage="d:\actions-runner\_work\xpco\xpco\corporate\videoos.administration.unittests\bin\x64\debug\net472\videoos.administration.unittests.dll" id="706db54b-cf5d-b039-1fb7-7091ea33f771">
      <TestCategory>
        <TestCategoryItem TestCategory="AdministrationClient" />
      </TestCategory>
      <Execution id="c7f06c89-99f9-493f-a5b6-c020c60ff5e1" />
      <TestMethod codeBase="D:\actions-runner\_work\XPCO\XPCO\Corporate\VideoOS.Administration.UnitTests\bin\x64\Debug\net472\VideoOS.Administration.UnitTests.dll" adapterTypeName="executor://mstestadapter/v2" className="VideoOS.Administration.Client.UnitTests.WebServiceManagerExceptionHandlerTests" name="HandleException_PasswordTooShort_ReturnsTrue" />
    </UnitTest>
    <UnitTest name="GetConnectionInfoFromCommandLine_SilentLoginNotAllowed_InsecureEndpointNotFoundWarning" storage="d:\actions-runner\_work\xpco\xpco\corporate\videoos.administration.unittests\bin\x64\debug\net472\videoos.administration.unittests.dll" id="b77cc879-5882-cba0-4025-9f04e4bc06e5">
      <TestCategory>
        <TestCategoryItem TestCategory="Command Line" />
      </TestCategory>
      <Execution id="38fe6c64-ed31-4a32-bddf-93339179ee15" />
      <TestMethod codeBase="D:\actions-runner\_work\XPCO\XPCO\Corporate\VideoOS.Administration.UnitTests\bin\x64\Debug\net472\VideoOS.Administration.UnitTests.dll" adapterTypeName="executor://mstestadapter/v2" className="VideoOS.Administration.UnitTests.CommandLineTests" name="GetConnectionInfoFromCommandLine_SilentLoginNotAllowed_InsecureEndpointNotFoundWarning" />
    </UnitTest>
    <UnitTest name="HandleLogOnError_NullUserException_Throws_ArgumentNullException" storage="d:\actions-runner\_work\xpco\xpco\corporate\videoos.administration.unittests\bin\x64\debug\net472\videoos.administration.unittests.dll" id="e1280668-b314-947c-50f3-4ce4037b3664">
      <TestCategory>
        <TestCategoryItem TestCategory="LogOnErrorHandler" />
      </TestCategory>
      <Execution id="60be0440-bbe2-4361-bba1-3d98bea3d33e" />
      <TestMethod codeBase="D:\actions-runner\_work\XPCO\XPCO\Corporate\VideoOS.Administration.UnitTests\bin\x64\Debug\net472\VideoOS.Administration.UnitTests.dll" adapterTypeName="executor://mstestadapter/v2" className="VideoOS.Administration.UnitTests.Handlers.LogOnErrorHandlerTests" name="HandleLogOnError_NullUserException_Throws_ArgumentNullException" />
    </UnitTest>
    <UnitTest name="HandleException_UserNotFoundException_ThrowsUnauthorizedAccessException" storage="d:\actions-runner\_work\xpco\xpco\corporate\videoos.administration.unittests\bin\x64\debug\net472\videoos.administration.unittests.dll" id="c25bc540-8392-4508-efb1-7676417cb939">
      <TestCategory>
        <TestCategoryItem TestCategory="AdministrationClient" />
      </TestCategory>
      <Execution id="94b05bcf-c044-494d-a63d-226a43b8c66c" />
      <TestMethod codeBase="D:\actions-runner\_work\XPCO\XPCO\Corporate\VideoOS.Administration.UnitTests\bin\x64\Debug\net472\VideoOS.Administration.UnitTests.dll" adapterTypeName="executor://mstestadapter/v2" className="VideoOS.Administration.Client.UnitTests.WebServiceManagerExceptionHandlerTests" name="HandleException_UserNotFoundException_ThrowsUnauthorizedAccessException" />
    </UnitTest>
    <UnitTest name="HandleLogOnError_InvalidVersionException_Success" storage="d:\actions-runner\_work\xpco\xpco\corporate\videoos.administration.unittests\bin\x64\debug\net472\videoos.administration.unittests.dll" id="9b3c353a-8131-bfeb-e930-c289dd604806">
      <TestCategory>
        <TestCategoryItem TestCategory="LogOnErrorHandler" />
      </TestCategory>
      <Execution id="f9406159-40d4-4992-b0c1-cf5caebcda9d" />
      <TestMethod codeBase="D:\actions-runner\_work\XPCO\XPCO\Corporate\VideoOS.Administration.UnitTests\bin\x64\Debug\net472\VideoOS.Administration.UnitTests.dll" adapterTypeName="executor://mstestadapter/v2" className="VideoOS.Administration.UnitTests.Handlers.LogOnErrorHandlerTests" name="HandleLogOnError_InvalidVersionException_Success" />
    </UnitTest>
    <UnitTest name="HandleException_PasswordRequiresNonAlphanumeric_ReturnsTrue" storage="d:\actions-runner\_work\xpco\xpco\corporate\videoos.administration.unittests\bin\x64\debug\net472\videoos.administration.unittests.dll" id="9a8f6a0c-b275-c1f8-08c9-18ab36590f44">
      <TestCategory>
        <TestCategoryItem TestCategory="AdministrationClient" />
      </TestCategory>
      <Execution id="6383d48a-cea4-4ae3-a61f-a07da928fa0a" />
      <TestMethod codeBase="D:\actions-runner\_work\XPCO\XPCO\Corporate\VideoOS.Administration.UnitTests\bin\x64\Debug\net472\VideoOS.Administration.UnitTests.dll" adapterTypeName="executor://mstestadapter/v2" className="VideoOS.Administration.Client.UnitTests.WebServiceManagerExceptionHandlerTests" name="HandleException_PasswordRequiresNonAlphanumeric_ReturnsTrue" />
    </UnitTest>
    <UnitTest name="GetConnectionInfoFromCommandLine_SilentLoginNotAllowed_InvalidCertificateWarning" storage="d:\actions-runner\_work\xpco\xpco\corporate\videoos.administration.unittests\bin\x64\debug\net472\videoos.administration.unittests.dll" id="4173ba70-1dcd-6e84-485b-1d78a0483847">
      <TestCategory>
        <TestCategoryItem TestCategory="Command Line" />
      </TestCategory>
      <Execution id="08bbcb54-b52e-438d-9a38-9bbd95d89200" />
      <TestMethod codeBase="D:\actions-runner\_work\XPCO\XPCO\Corporate\VideoOS.Administration.UnitTests\bin\x64\Debug\net472\VideoOS.Administration.UnitTests.dll" adapterTypeName="executor://mstestadapter/v2" className="VideoOS.Administration.UnitTests.CommandLineTests" name="GetConnectionInfoFromCommandLine_SilentLoginNotAllowed_InvalidCertificateWarning" />
    </UnitTest>
    <UnitTest name="GetDomain_ValueFound_Success" storage="d:\actions-runner\_work\xpco\xpco\corporate\videoos.administration.unittests\bin\x64\debug\net472\videoos.administration.unittests.dll" id="ed0be081-c52a-ae5e-41a6-fa01b047333f">
      <TestCategory>
        <TestCategoryItem TestCategory="Command Line" />
      </TestCategory>
      <Execution id="5a5db191-2ea0-4b1d-990f-fbf965be26cf" />
      <TestMethod codeBase="D:\actions-runner\_work\XPCO\XPCO\Corporate\VideoOS.Administration.UnitTests\bin\x64\Debug\net472\VideoOS.Administration.UnitTests.dll" adapterTypeName="executor://mstestadapter/v2" className="VideoOS.Administration.UnitTests.CommandLineTests" name="GetDomain_ValueFound_Success" />
    </UnitTest>
    <UnitTest name="HandleException_ServerCommunicationException_ReturnsTrue" storage="d:\actions-runner\_work\xpco\xpco\corporate\videoos.administration.unittests\bin\x64\debug\net472\videoos.administration.unittests.dll" id="95b4712c-d4c8-23aa-0f5a-05e6aab541b6">
      <TestCategory>
        <TestCategoryItem TestCategory="AdministrationClient" />
      </TestCategory>
      <Execution id="47a4a80b-5e87-40b2-8d52-a76810e8fc18" />
      <TestMethod codeBase="D:\actions-runner\_work\XPCO\XPCO\Corporate\VideoOS.Administration.UnitTests\bin\x64\Debug\net472\VideoOS.Administration.UnitTests.dll" adapterTypeName="executor://mstestadapter/v2" className="VideoOS.Administration.Client.UnitTests.WebServiceManagerExceptionHandlerTests" name="HandleException_ServerCommunicationException_ReturnsTrue" />
    </UnitTest>
    <UnitTest name="HandleLogOnError_IdpCommon_UnauthorizedException_Success" storage="d:\actions-runner\_work\xpco\xpco\corporate\videoos.administration.unittests\bin\x64\debug\net472\videoos.administration.unittests.dll" id="6389dc83-4565-4d7f-e6a8-3a1d2b5544a1">
      <TestCategory>
        <TestCategoryItem TestCategory="LogOnErrorHandler" />
      </TestCategory>
      <Execution id="3f083c2b-13ab-4968-a4a4-55b8d157384d" />
      <TestMethod codeBase="D:\actions-runner\_work\XPCO\XPCO\Corporate\VideoOS.Administration.UnitTests\bin\x64\Debug\net472\VideoOS.Administration.UnitTests.dll" adapterTypeName="executor://mstestadapter/v2" className="VideoOS.Administration.UnitTests.Handlers.LogOnErrorHandlerTests" name="HandleLogOnError_IdpCommon_UnauthorizedException_Success" />
    </UnitTest>
    <UnitTest name="SetAllowInsecureConnectionsFromCommandLine_IsAllowed_True" storage="d:\actions-runner\_work\xpco\xpco\corporate\videoos.administration.unittests\bin\x64\debug\net472\videoos.administration.unittests.dll" id="2d291e7f-6d39-5468-9430-651dabc8e209">
      <TestCategory>
        <TestCategoryItem TestCategory="Command Line" />
      </TestCategory>
      <Execution id="b36c08d6-6f10-4890-93f0-691ac132cf1b" />
      <TestMethod codeBase="D:\actions-runner\_work\XPCO\XPCO\Corporate\VideoOS.Administration.UnitTests\bin\x64\Debug\net472\VideoOS.Administration.UnitTests.dll" adapterTypeName="executor://mstestadapter/v2" className="VideoOS.Administration.UnitTests.CommandLineTests" name="SetAllowInsecureConnectionsFromCommandLine_IsAllowed_True" />
    </UnitTest>
    <UnitTest name="HandleLogOnError_Integration_ServerException_Success" storage="d:\actions-runner\_work\xpco\xpco\corporate\videoos.administration.unittests\bin\x64\debug\net472\videoos.administration.unittests.dll" id="9b2e65c2-ac08-f2dd-ce1d-cb17194a4ead">
      <TestCategory>
        <TestCategoryItem TestCategory="LogOnErrorHandler" />
      </TestCategory>
      <Execution id="095825a9-1c4d-4fb4-ba5b-40147faa9b07" />
      <TestMethod codeBase="D:\actions-runner\_work\XPCO\XPCO\Corporate\VideoOS.Administration.UnitTests\bin\x64\Debug\net472\VideoOS.Administration.UnitTests.dll" adapterTypeName="executor://mstestadapter/v2" className="VideoOS.Administration.UnitTests.Handlers.LogOnErrorHandlerTests" name="HandleLogOnError_Integration_ServerException_Success" />
    </UnitTest>
    <UnitTest name="HandleException_NullException_ReturnsFalse" storage="d:\actions-runner\_work\xpco\xpco\corporate\videoos.administration.unittests\bin\x64\debug\net472\videoos.administration.unittests.dll" id="76c3301e-797c-9d8a-18b3-20fcfb4524ff">
      <TestCategory>
        <TestCategoryItem TestCategory="AdministrationClient" />
      </TestCategory>
      <Execution id="5c58b06f-d9ee-4b81-961d-52c9d002d8d4" />
      <TestMethod codeBase="D:\actions-runner\_work\XPCO\XPCO\Corporate\VideoOS.Administration.UnitTests\bin\x64\Debug\net472\VideoOS.Administration.UnitTests.dll" adapterTypeName="executor://mstestadapter/v2" className="VideoOS.Administration.Client.UnitTests.WebServiceManagerExceptionHandlerTests" name="HandleException_NullException_ReturnsFalse" />
    </UnitTest>
    <UnitTest name="HandleLogOnError_Vmo_ConnectionFailureException_Success" storage="d:\actions-runner\_work\xpco\xpco\corporate\videoos.administration.unittests\bin\x64\debug\net472\videoos.administration.unittests.dll" id="9c09113c-1422-3f1c-1577-ceeae6dd4d41">
      <TestCategory>
        <TestCategoryItem TestCategory="LogOnErrorHandler" />
      </TestCategory>
      <Execution id="794e4d71-ed77-4028-bde9-2da33bfb8fc7" />
      <TestMethod codeBase="D:\actions-runner\_work\XPCO\XPCO\Corporate\VideoOS.Administration.UnitTests\bin\x64\Debug\net472\VideoOS.Administration.UnitTests.dll" adapterTypeName="executor://mstestadapter/v2" className="VideoOS.Administration.UnitTests.Handlers.LogOnErrorHandlerTests" name="HandleLogOnError_Vmo_ConnectionFailureException_Success" />
    </UnitTest>
    <UnitTest name="HandleException_DuplicateUserName_ReturnsTrue" storage="d:\actions-runner\_work\xpco\xpco\corporate\videoos.administration.unittests\bin\x64\debug\net472\videoos.administration.unittests.dll" id="3746303b-5222-2a2b-c21f-818c290b6207">
      <TestCategory>
        <TestCategoryItem TestCategory="AdministrationClient" />
      </TestCategory>
      <Execution id="62c3a1db-2303-4024-9a9a-397a17f1c4ac" />
      <TestMethod codeBase="D:\actions-runner\_work\XPCO\XPCO\Corporate\VideoOS.Administration.UnitTests\bin\x64\Debug\net472\VideoOS.Administration.UnitTests.dll" adapterTypeName="executor://mstestadapter/v2" className="VideoOS.Administration.Client.UnitTests.WebServiceManagerExceptionHandlerTests" name="HandleException_DuplicateUserName_ReturnsTrue" />
    </UnitTest>
  </TestDefinitions>
  <TestEntries>
    <TestEntry testId="e206d375-05fa-9f0b-d364-21b2faf0c6ee" executionId="cb6fae7a-5ff1-42ca-bbb8-5ff54c6ef2bb" testListId="8c84fa94-04c1-424b-9868-57a2d4851a1d" />
    <TestEntry testId="2c676722-9580-4142-fba8-21ca9c7d3b68" executionId="cf6fb601-574c-4f1b-86ed-b9b119a6f671" testListId="8c84fa94-04c1-424b-9868-57a2d4851a1d" />
    <TestEntry testId="f670a4e4-2d0c-766c-47ea-51b0ea00c270" executionId="4fa2cd17-9e90-4605-9eea-0d7f98ff402c" testListId="8c84fa94-04c1-424b-9868-57a2d4851a1d" />
    <TestEntry testId="25ff399b-5c18-4067-61e6-5ec5b7675030" executionId="6b24dfdc-11a7-4af1-abdd-6b22174c43fd" testListId="8c84fa94-04c1-424b-9868-57a2d4851a1d" />
    <TestEntry testId="87070804-c132-849a-1cd4-fcb28d989aee" executionId="717ea7df-471b-4490-aeeb-17d9b6ed91b5" testListId="8c84fa94-04c1-424b-9868-57a2d4851a1d" />
    <TestEntry testId="baa71c4f-9ce7-f996-50a3-2e789fde5952" executionId="2016b200-a1b3-4ea9-9fe2-60f93a83c40d" testListId="8c84fa94-04c1-424b-9868-57a2d4851a1d" />
    <TestEntry testId="88713123-cbd6-df24-a848-8e737bd1229f" executionId="553caeff-eb6c-4e9a-9af0-97e2b67be582" testListId="8c84fa94-04c1-424b-9868-57a2d4851a1d" />
    <TestEntry testId="7962aff8-6b97-db80-e5ed-f476f5610258" executionId="1e7f6261-17b3-4b32-8679-0b58f9930f4f" testListId="8c84fa94-04c1-424b-9868-57a2d4851a1d" />
    <TestEntry testId="5d466fea-a0b0-5250-a0d9-9c417e127f77" executionId="d6646a82-7180-40c2-b2c3-62d9d5b0cb26" testListId="8c84fa94-04c1-424b-9868-57a2d4851a1d" />
    <TestEntry testId="ac9cb484-517b-e08f-a117-4fb14c474371" executionId="6b0b7e60-5c67-438d-83fa-38c76b1ffcc4" testListId="8c84fa94-04c1-424b-9868-57a2d4851a1d" />
    <TestEntry testId="dbabbd11-4285-4565-e954-79763ba738cd" executionId="35d1f399-29ba-4170-a992-7d6903c63205" testListId="8c84fa94-04c1-424b-9868-57a2d4851a1d" />
    <TestEntry testId="3cdc3baf-7583-6e9e-143a-0a0feff17b4b" executionId="86590487-a8e5-45eb-aa3a-2d2a4ef77b9a" testListId="8c84fa94-04c1-424b-9868-57a2d4851a1d" />
    <TestEntry testId="7bf79235-3910-d0d5-b85f-586a417b5c1b" executionId="53cc5ec4-0434-4ad9-a05e-439ae0917df9" testListId="8c84fa94-04c1-424b-9868-57a2d4851a1d" />
    <TestEntry testId="95b4712c-d4c8-23aa-0f5a-05e6aab541b6" executionId="47a4a80b-5e87-40b2-8d52-a76810e8fc18" testListId="8c84fa94-04c1-424b-9868-57a2d4851a1d" />
    <TestEntry testId="b77cc879-5882-cba0-4025-9f04e4bc06e5" executionId="38fe6c64-ed31-4a32-bddf-93339179ee15" testListId="8c84fa94-04c1-424b-9868-57a2d4851a1d" />
    <TestEntry testId="59b76e42-646b-15ab-23a6-c93dee3b4c03" executionId="8c0f40e9-55fe-48a5-8937-a717fd8236c1" testListId="8c84fa94-04c1-424b-9868-57a2d4851a1d" />
    <TestEntry testId="9b3c353a-8131-bfeb-e930-c289dd604806" executionId="f9406159-40d4-4992-b0c1-cf5caebcda9d" testListId="8c84fa94-04c1-424b-9868-57a2d4851a1d" />
    <TestEntry testId="cb3e9fd5-a3dd-7f7c-8347-3c8bef5da397" executionId="089c2ff4-de49-4bb6-974c-688ff19470c2" testListId="8c84fa94-04c1-424b-9868-57a2d4851a1d" />
    <TestEntry testId="41866230-32be-26e2-1ee7-efebcaee2b66" executionId="22a4357c-884c-4015-a265-711dd61ff50f" testListId="8c84fa94-04c1-424b-9868-57a2d4851a1d" />
    <TestEntry testId="c25bc540-8392-4508-efb1-7676417cb939" executionId="94b05bcf-c044-494d-a63d-226a43b8c66c" testListId="8c84fa94-04c1-424b-9868-57a2d4851a1d" />
    <TestEntry testId="f79504dc-5a02-577f-493b-d72f73f0b8ee" executionId="44062260-970e-4bf6-b335-45be9a23bd77" testListId="8c84fa94-04c1-424b-9868-57a2d4851a1d" />
    <TestEntry testId="2388295d-e43f-7e64-cc72-3f5dd61b2d49" executionId="c8742ce9-3f83-451f-b376-4e6729ca41c6" testListId="8c84fa94-04c1-424b-9868-57a2d4851a1d" />
    <TestEntry testId="d044f70d-4b82-2985-17a6-16738a371e0c" executionId="55827bae-3272-4dc1-b783-4c442825dc4f" testListId="8c84fa94-04c1-424b-9868-57a2d4851a1d" />
    <TestEntry testId="03b7b66a-3826-f5c7-44ce-15c426a24bef" executionId="2390f1cf-48a6-4c4e-b94e-b62f0e0ff637" testListId="8c84fa94-04c1-424b-9868-57a2d4851a1d" />
    <TestEntry testId="b15948d0-dfc5-0f74-6a46-b14b8b9d9bc9" executionId="02687b8a-e6ab-4647-8091-461bd3f56e05" testListId="8c84fa94-04c1-424b-9868-57a2d4851a1d" />
    <TestEntry testId="f23cc637-a6ad-59ab-8002-516cf353bf46" executionId="e18af2c3-4098-4f12-97db-8098707bce64" testListId="8c84fa94-04c1-424b-9868-57a2d4851a1d" />
    <TestEntry testId="12720682-442e-0841-7f60-8f9803d371fd" executionId="f273d75a-6794-4d97-bbaf-02fdca4f3a7b" testListId="8c84fa94-04c1-424b-9868-57a2d4851a1d" />
    <TestEntry testId="673425df-99c1-86b3-794f-9d639113f4c4" executionId="723c312f-26db-4d8e-ae57-c158ea04e283" testListId="8c84fa94-04c1-424b-9868-57a2d4851a1d" />
    <TestEntry testId="02a18d51-a82e-e903-59cb-a8fac1bed7a3" executionId="4b669be4-aa1b-4714-98cc-5b0ee9ead22e" testListId="8c84fa94-04c1-424b-9868-57a2d4851a1d" />
    <TestEntry testId="27ce45ee-7a2d-5bf7-1a18-400cc5a0633f" executionId="b6ad1b71-ffd7-4141-8b31-845e04f6950e" testListId="8c84fa94-04c1-424b-9868-57a2d4851a1d" />
    <TestEntry testId="2b36a0dd-a1fa-be4d-b5f0-af6b7478d37f" executionId="cc4d29bd-70e9-4515-818e-767bd9aa505d" testListId="8c84fa94-04c1-424b-9868-57a2d4851a1d" />
    <TestEntry testId="6389dc83-4565-4d7f-e6a8-3a1d2b5544a1" executionId="3f083c2b-13ab-4968-a4a4-55b8d157384d" testListId="8c84fa94-04c1-424b-9868-57a2d4851a1d" />
    <TestEntry testId="76c3301e-797c-9d8a-18b3-20fcfb4524ff" executionId="5c58b06f-d9ee-4b81-961d-52c9d002d8d4" testListId="8c84fa94-04c1-424b-9868-57a2d4851a1d" />
    <TestEntry testId="c4bf81d6-7e1b-0d28-b492-9a36273e5776" executionId="0949bd48-1c84-4bcb-801c-b8328f6dbac3" testListId="8c84fa94-04c1-424b-9868-57a2d4851a1d" />
    <TestEntry testId="2d291e7f-6d39-5468-9430-651dabc8e209" executionId="b36c08d6-6f10-4890-93f0-691ac132cf1b" testListId="8c84fa94-04c1-424b-9868-57a2d4851a1d" />
    <TestEntry testId="82819833-5413-cc64-a2bf-aed3bde5d39e" executionId="9dd0d925-5662-4759-8148-e9c129552d39" testListId="8c84fa94-04c1-424b-9868-57a2d4851a1d" />
    <TestEntry testId="b798fd8f-efb9-8245-a4ae-1a5e49c050be" executionId="aff5e367-eac4-4d56-b0fa-f08e214132e3" testListId="8c84fa94-04c1-424b-9868-57a2d4851a1d" />
    <TestEntry testId="e1280668-b314-947c-50f3-4ce4037b3664" executionId="60be0440-bbe2-4361-bba1-3d98bea3d33e" testListId="8c84fa94-04c1-424b-9868-57a2d4851a1d" />
    <TestEntry testId="6f3002ed-8547-53e1-a5dc-f1c21ad26bb9" executionId="739ccbeb-aefc-49fd-b144-325ad77b93f7" testListId="8c84fa94-04c1-424b-9868-57a2d4851a1d" />
    <TestEntry testId="ed0be081-c52a-ae5e-41a6-fa01b047333f" executionId="5a5db191-2ea0-4b1d-990f-fbf965be26cf" testListId="8c84fa94-04c1-424b-9868-57a2d4851a1d" />
    <TestEntry testId="1f0d1fec-2037-b88a-1465-30ccaa64789e" executionId="a16b5782-9078-4bc2-bc9e-0b0aeff5e85f" testListId="8c84fa94-04c1-424b-9868-57a2d4851a1d" />
    <TestEntry testId="4173ba70-1dcd-6e84-485b-1d78a0483847" executionId="08bbcb54-b52e-438d-9a38-9bbd95d89200" testListId="8c84fa94-04c1-424b-9868-57a2d4851a1d" />
    <TestEntry testId="efe595bd-6445-41bd-5d78-9a3f66be50f6" executionId="57d09d33-d541-4cfd-8fd6-23cc8e59dea0" testListId="8c84fa94-04c1-424b-9868-57a2d4851a1d" />
    <TestEntry testId="9b2e65c2-ac08-f2dd-ce1d-cb17194a4ead" executionId="095825a9-1c4d-4fb4-ba5b-40147faa9b07" testListId="8c84fa94-04c1-424b-9868-57a2d4851a1d" />
    <TestEntry testId="505d6fca-f707-836f-b193-3eb275a0485d" executionId="211193e9-bc99-413c-ac7a-376aa4ebc5e2" testListId="8c84fa94-04c1-424b-9868-57a2d4851a1d" />
    <TestEntry testId="d9e19a6e-edb2-f5cf-2c31-6fd8ee572245" executionId="4c5459fd-0223-4b18-8d47-d1badc9693f5" testListId="8c84fa94-04c1-424b-9868-57a2d4851a1d" />
    <TestEntry testId="0d135733-c5f5-94bb-6dc0-9de99c5153ab" executionId="73038636-6ba9-4694-85fc-9e86e2dbe3b1" testListId="8c84fa94-04c1-424b-9868-57a2d4851a1d" />
    <TestEntry testId="0b10d70b-dfd6-dd9e-3fd5-42957d08880a" executionId="24866b1e-95d3-4547-8ad4-fa5a903b8e7c" testListId="8c84fa94-04c1-424b-9868-57a2d4851a1d" />
    <TestEntry testId="1c81f3bb-d450-771a-9b9e-e0cce87abbfa" executionId="631fea32-8414-46ac-84ab-6e8d38cefe32" testListId="8c84fa94-04c1-424b-9868-57a2d4851a1d" />
    <TestEntry testId="f3ca49a2-2439-027d-6483-4c0f194afe21" executionId="1fe2baf2-721f-4560-a633-5e9789d55df9" testListId="8c84fa94-04c1-424b-9868-57a2d4851a1d" />
    <TestEntry testId="1a225a35-6fc4-6a00-ddc9-19833b06fd5c" executionId="0e12ce39-d8d8-45eb-9034-8e06bbeb5e7a" testListId="8c84fa94-04c1-424b-9868-57a2d4851a1d" />
    <TestEntry testId="5b25a65f-8d8f-f0b8-4b44-23d31b2c85ba" executionId="fff6b658-c826-4fd0-a24a-85b539ec39ff" testListId="8c84fa94-04c1-424b-9868-57a2d4851a1d" />
    <TestEntry testId="c3be0a3b-6d89-acbb-40b6-f8621e9daf01" executionId="0856d165-49c9-44c0-80b3-0e0f03810f3e" testListId="8c84fa94-04c1-424b-9868-57a2d4851a1d" />
    <TestEntry testId="758b7028-5c46-b60e-7234-340a823032d1" executionId="3ad64d7c-ac4f-43e3-8e29-90e2e1c3f69b" testListId="8c84fa94-04c1-424b-9868-57a2d4851a1d" />
    <TestEntry testId="878111f9-488a-779f-dd4e-1e9660771eb9" executionId="c1548d94-f1f1-461f-a9bc-4f993b17c0b8" testListId="8c84fa94-04c1-424b-9868-57a2d4851a1d" />
    <TestEntry testId="4390d7a6-bf0a-48ea-ceae-11a9b6a4458a" executionId="4d4f200b-c474-42a7-833c-937c670298c4" testListId="8c84fa94-04c1-424b-9868-57a2d4851a1d" />
    <TestEntry testId="cfbeec7e-dfc3-bf0b-a124-11740b7de6ba" executionId="a0ba0dad-459c-4c0c-85fc-0eae03c49681" testListId="8c84fa94-04c1-424b-9868-57a2d4851a1d" />
    <TestEntry testId="a425ed9f-401f-4a6d-78ad-a8d9eb349c0a" executionId="e3feb42a-e1ae-42d1-a612-67afe888e149" testListId="8c84fa94-04c1-424b-9868-57a2d4851a1d" />
    <TestEntry testId="ac7240e9-9d5a-8be1-0652-b13267eebe56" executionId="be0db37d-2b11-4b27-abbb-5c556d4d7f0e" testListId="8c84fa94-04c1-424b-9868-57a2d4851a1d" />
    <TestEntry testId="b8373626-4ea9-9df7-44cb-3bdf9ec4cb4f" executionId="98bdec40-2c9d-4b2c-bfc8-9aa50ff1e878" testListId="8c84fa94-04c1-424b-9868-57a2d4851a1d" />
    <TestEntry testId="2e9bb337-a380-ea06-e3c5-90c2ef702946" executionId="65447171-b00f-4437-b69a-26c4ddb318b7" testListId="8c84fa94-04c1-424b-9868-57a2d4851a1d" />
    <TestEntry testId="a143ec15-7319-d17b-4b77-25de9beb0149" executionId="345e93aa-0fae-4a39-8947-52d9f58e16a4" testListId="8c84fa94-04c1-424b-9868-57a2d4851a1d" />
    <TestEntry testId="14c6f940-6aa2-0a30-ba07-bebc11a63046" executionId="615c4c57-8437-42a7-b128-fd0c3b162fe6" testListId="8c84fa94-04c1-424b-9868-57a2d4851a1d" />
    <TestEntry testId="d7a3a6e7-7bb8-8d11-cfb0-b5782c3e7bd4" executionId="6f875cbe-6365-4696-ae09-b93d419407d3" testListId="8c84fa94-04c1-424b-9868-57a2d4851a1d" />
    <TestEntry testId="90d7c8c6-37a5-ed1f-b134-4cdd9452c8fb" executionId="744f680a-f4ba-4410-ad3e-122b9b4b6b34" testListId="8c84fa94-04c1-424b-9868-57a2d4851a1d" />
    <TestEntry testId="cdcc7b09-c244-bc06-a2cf-45b29872cc2b" executionId="207b1712-1299-4cd3-bfb2-7813877a9c76" testListId="8c84fa94-04c1-424b-9868-57a2d4851a1d" />
    <TestEntry testId="39b358fc-2228-c548-76d5-86633029cc80" executionId="c47b78b1-099a-42a6-bf2e-fdba50dec95a" testListId="8c84fa94-04c1-424b-9868-57a2d4851a1d" />
    <TestEntry testId="0d97a676-0ba2-4387-9803-a35cec0698eb" executionId="32c49eab-d1d9-422a-b11b-93886afe05f3" testListId="8c84fa94-04c1-424b-9868-57a2d4851a1d" />
    <TestEntry testId="107d5a73-e96a-cd67-4748-c9b51cfedd07" executionId="7993ccc3-c9b5-4fce-8002-8a81bfa7a294" testListId="8c84fa94-04c1-424b-9868-57a2d4851a1d" />
    <TestEntry testId="edae705d-182a-e06d-66f2-1ac2abe110dc" executionId="2fb8dcf1-135e-4652-b114-270d18b2cd61" testListId="8c84fa94-04c1-424b-9868-57a2d4851a1d" />
    <TestEntry testId="810133d3-ae19-6ed1-83ff-16e3db2e2baa" executionId="b2879315-6b95-4d40-b9c2-179f39a006a7" testListId="8c84fa94-04c1-424b-9868-57a2d4851a1d" />
    <TestEntry testId="dac4f57f-f33b-3685-8c65-13147b95e885" executionId="a50dbcd0-f40f-4961-b1fb-683e5c8461ed" testListId="8c84fa94-04c1-424b-9868-57a2d4851a1d" />
    <TestEntry testId="b993dbc5-8760-48b3-49b7-753ab6160087" executionId="adad3016-6b1e-40c8-92e1-e8267ae4f4f1" testListId="8c84fa94-04c1-424b-9868-57a2d4851a1d" />
    <TestEntry testId="8bd237cb-1821-3e76-55f3-5c1606bb5d9e" executionId="d4d002b8-ffd1-4787-b2ac-c6f20da3bb77" testListId="8c84fa94-04c1-424b-9868-57a2d4851a1d" />
    <TestEntry testId="c6de2aab-12d9-7241-38c3-26687355bc4c" executionId="3e1e0eb3-a693-4332-a49d-141e2d53ffa4" testListId="8c84fa94-04c1-424b-9868-57a2d4851a1d" />
    <TestEntry testId="93517234-dcc2-c803-002e-b98a2df09c92" executionId="d64f5851-1e7d-41fb-a97d-70f6949a66cb" testListId="8c84fa94-04c1-424b-9868-57a2d4851a1d" />
    <TestEntry testId="9a8f6a0c-b275-c1f8-08c9-18ab36590f44" executionId="6383d48a-cea4-4ae3-a61f-a07da928fa0a" testListId="8c84fa94-04c1-424b-9868-57a2d4851a1d" />
    <TestEntry testId="3746303b-5222-2a2b-c21f-818c290b6207" executionId="62c3a1db-2303-4024-9a9a-397a17f1c4ac" testListId="8c84fa94-04c1-424b-9868-57a2d4851a1d" />
    <TestEntry testId="9c09113c-1422-3f1c-1577-ceeae6dd4d41" executionId="794e4d71-ed77-4028-bde9-2da33bfb8fc7" testListId="8c84fa94-04c1-424b-9868-57a2d4851a1d" />
    <TestEntry testId="190c290d-48e9-e0e1-2256-110a8bfdf33f" executionId="c6842d2c-0845-421e-84ff-8dd0c74e8d3e" testListId="8c84fa94-04c1-424b-9868-57a2d4851a1d" />
    <TestEntry testId="d2bf8e51-256c-0432-8f94-2ca9bccadb41" executionId="5f75a449-5a1b-40fe-8f4d-6771ebc5bb8f" testListId="8c84fa94-04c1-424b-9868-57a2d4851a1d" />
    <TestEntry testId="1021f476-dcb5-0d8e-f8c4-12a4e841d6a4" executionId="a30aac38-7407-4ab2-a2b9-74f364b3de94" testListId="8c84fa94-04c1-424b-9868-57a2d4851a1d" />
    <TestEntry testId="fd1d39db-756c-e554-1a4b-b1cb4d2d441f" executionId="ef69b602-4ae2-41e4-9867-c2e97e2eb4fd" testListId="8c84fa94-04c1-424b-9868-57a2d4851a1d" />
    <TestEntry testId="7d9f033a-2f24-f67b-57e1-4b20eb4b6140" executionId="375298e7-87e8-405d-9a37-fceb6bd58761" testListId="8c84fa94-04c1-424b-9868-57a2d4851a1d" />
    <TestEntry testId="c4c42ef0-0640-c57a-65b9-a5a5a55f0976" executionId="4b885559-53d9-4df3-a206-6cef65a77763" testListId="8c84fa94-04c1-424b-9868-57a2d4851a1d" />
    <TestEntry testId="fc832703-9b93-93a3-6435-4763e1bc066c" executionId="570f7f84-cf85-4924-8396-f70f7ef63e52" testListId="8c84fa94-04c1-424b-9868-57a2d4851a1d" />
    <TestEntry testId="6c44a44e-fc07-a15b-e844-a038818935ce" executionId="564c6d7b-0c36-4f8c-8bd5-bbff593c39f6" testListId="8c84fa94-04c1-424b-9868-57a2d4851a1d" />
    <TestEntry testId="a2016b5e-6a42-cbd1-5edd-f5c0f5650a0d" executionId="92575e84-6c8e-4615-a712-15abdeb77cf9" testListId="8c84fa94-04c1-424b-9868-57a2d4851a1d" />
    <TestEntry testId="85bf4641-76a6-ef7e-e04d-747c4587a8a6" executionId="5660ecb2-4573-4758-9c0d-0f8a6c4e0751" testListId="8c84fa94-04c1-424b-9868-57a2d4851a1d" />
    <TestEntry testId="c9465136-dcba-be8d-2785-93b6d7b50ca3" executionId="d1348a89-ca33-4429-8658-45f57b55fc20" testListId="8c84fa94-04c1-424b-9868-57a2d4851a1d" />
    <TestEntry testId="42481a92-aba3-7994-9799-039f3c630b8b" executionId="0b03520c-673c-496c-8243-a73ddd7f2b77" testListId="8c84fa94-04c1-424b-9868-57a2d4851a1d" />
    <TestEntry testId="2e7fc70a-3235-f988-e5d5-862e7f060524" executionId="9b1dae1e-6bf1-4a15-a7a6-a1ebd2e96672" testListId="8c84fa94-04c1-424b-9868-57a2d4851a1d" />
    <TestEntry testId="5dd6d77b-dfae-4999-00a3-79b5c74b75e2" executionId="eb5de7d8-65e5-4f98-9825-8f4ec0145986" testListId="8c84fa94-04c1-424b-9868-57a2d4851a1d" />
    <TestEntry testId="d5d7456a-3658-98f4-e5d0-dbb6f05b7a94" executionId="f361a1b8-6f0d-41c8-b063-1afa43d27546" testListId="8c84fa94-04c1-424b-9868-57a2d4851a1d" />
    <TestEntry testId="706db54b-cf5d-b039-1fb7-7091ea33f771" executionId="c7f06c89-99f9-493f-a5b6-c020c60ff5e1" testListId="8c84fa94-04c1-424b-9868-57a2d4851a1d" />
    <TestEntry testId="2e5ae53f-6215-3926-616c-ac30bc11d3d2" executionId="6c91c0f9-6352-4a48-af54-daf0101a0b09" testListId="8c84fa94-04c1-424b-9868-57a2d4851a1d" />
    <TestEntry testId="3d884529-c3be-d4d4-cd4c-6261ec2ca523" executionId="73d1299b-62be-4dcf-87e7-01e4251e8c30" testListId="8c84fa94-04c1-424b-9868-57a2d4851a1d" />
    <TestEntry testId="778b8af1-c789-5e60-7b6a-8ce927d8ca69" executionId="6dec8520-11b2-4380-b080-1fd35bbe8732" testListId="8c84fa94-04c1-424b-9868-57a2d4851a1d" />
    <TestEntry testId="3109b7d5-db2f-7b20-2d9f-0d4893833120" executionId="d5f2b780-5624-4c10-aa3b-1b36f52858d9" testListId="8c84fa94-04c1-424b-9868-57a2d4851a1d" />
  </TestEntries>
  <TestLists>
    <TestList name="Results Not in a List" id="8c84fa94-04c1-424b-9868-57a2d4851a1d" />
    <TestList name="All Loaded Results" id="19431567-8539-422a-85d7-44ee4e166bda" />
  </TestLists>
  <ResultSummary outcome="Completed">
    <Counters total="99" executed="63" passed="63" failed="0" error="0" timeout="0" aborted="0" inconclusive="0" passedButRunAborted="0" notRunnable="0" notExecuted="0" disconnected="0" warning="0" completed="0" inProgress="0" pending="0" />
    <Output>
      <StdOut>Test 'Construct_DefaultInstance_CorrectlyUsesEnvironmentCommandLineArgs' was skipped in the test run.&#xD;
Test 'Construct_ValidInstance_NullArgs_ConvertsToEmptyArray' was skipped in the test run.&#xD;
Test 'Construct_InvalidInstance_NullServiceContainer_Throws_ArgumentNullException' was skipped in the test run.&#xD;
Test 'GetSilentLoginFromCommandLine_NullValue_ReturnsFalse' was skipped in the test run.&#xD;
Test 'GetSilentLoginFromCommandLine_SilentLoginFound_ReturnsTrue' was skipped in the test run.&#xD;
Test 'GetServerAddressFromCommandLine_NotFound_ReturnsNull' was skipped in the test run.&#xD;
Test 'Encrypt_NullValue_Throws_ArgumentNullException' was skipped in the test run.&#xD;
Test 'Decrypt_NullValue_ReturnsNull' was skipped in the test run.&#xD;
Test 'EncryptAndDecrypt_Success' was skipped in the test run.&#xD;
Test 'Decrypt_FormatException_ReturnsNull' was skipped in the test run.&#xD;
Test 'SetAllowInsecureConnectionsFromCommandLine_IsNotAllowed' was skipped in the test run.&#xD;
Test 'SetAllowInsecureConnectionsFromCommandLine_IsAllowed_True' was skipped in the test run.&#xD;
Test 'SetAllowInsecureConnectionsFromCommandLine_IsAllowed_False' was skipped in the test run.&#xD;
Test 'GetConnectionInfoFromCommandLine_NullUriHandler_Throws_ArgumentNullException' was skipped in the test run.&#xD;
Test 'GetConnectionInfoFromCommandLine_EmptyServerAddress_ReturnsNull' was skipped in the test run.&#xD;
Test 'GetConnectionInfoFromCommandLine_BadlyFormedAddress_ReturnsNull' was skipped in the test run.&#xD;
Test 'GetConnectionInfoFromCommandLine_InvalidServerInformation_Throws_InvalidOperationException' was skipped in the test run.&#xD;
Test 'GetConnectionInfoFromCommandLine_RetrievesValidCredentials' was skipped in the test run.&#xD;
Test 'GetCommandLineCredentials_PasswordNotEncrypted_RetrievesValidCredentials' was skipped in the test run.&#xD;
Test 'GetConnectionInfoFromCommandLine_SilentLoginNotAllowed_InvalidCertificateWarning' was skipped in the test run.&#xD;
Test 'GetConnectionInfoFromCommandLine_SilentLoginNotAllowed_InsecureEndpointNotFoundWarning' was skipped in the test run.&#xD;
Test 'GetConnectionInfoFromCommandLine_SilentLoginAllowed_BasicUser_UserHasAllowedThroughOptions' was skipped in the test run.&#xD;
Test 'GetConnectionInfoFromCommandLine_SilentLoginAllowed_BasicUserDomian_WithoutUsername_RevertsToCurrentWindowsUser' was skipped in the test run.&#xD;
Test 'GetConnectionInfoFromCommandLine_SilentLoginAllowed_DisableCurrentUser_RevertsToWindowsUser' was skipped in the test run.&#xD;
Test 'GetConnectionInfoFromCommandLine_External' was skipped in the test run.&#xD;
Test 'GetAuthenticationType_ValueNotFound_ReturnsUnknown' was skipped in the test run.&#xD;
Test 'GetAuthenticationType_ValueNotValid_ReturnsUnknown' was skipped in the test run.&#xD;
Test 'GetAuthenticationType_ValueFound_Success' was skipped in the test run.&#xD;
Test 'GetLoginProviderId_ValueNotFound_ReturnsNull' was skipped in the test run.&#xD;
Test 'GetLoginProviderId_ValueFound_Success' was skipped in the test run.&#xD;
Test 'GetUserName_ValueNotFound_ReturnsNull' was skipped in the test run.&#xD;
Test 'GetUserName_ValueFound_Success' was skipped in the test run.&#xD;
Test 'GetDomain_ValueNotFound_ReturnsNull' was skipped in the test run.&#xD;
Test 'GetDomain_ValueFound_Success' was skipped in the test run.&#xD;
Test 'GetPassword_ValueNotFound_ReturnsNull' was skipped in the test run.&#xD;
Test 'GetPassword_ValueFound_Success' was skipped in the test run.&#xD;
</StdOut>
    </Output>
  </ResultSummary>
</TestRun>