<?xml version="1.0" encoding="utf-8"?>
<TestRun id="2d0e128d-8e8f-4f44-b886-3d089dcc068b" name="DKSR-EFI-06$@DKSR-EFI-06 2024-01-09 15:41:33" runUser="NT AUTHORITY\NETWORK SERVICE" xmlns="http://microsoft.com/schemas/VisualStudio/TeamTest/2010">
  <Times creation="2024-01-09T15:41:33.4350951+01:00" queuing="2024-01-09T15:41:33.4350951+01:00" start="2024-01-09T15:41:23.4506693+01:00" finish="2024-01-09T15:41:48.5289247+01:00" />
  <TestSettings name="default" id="8b2f511a-35e5-42a0-be0a-67d1b5c7d477">
    <Deployment runDeploymentRoot="DKSR-EFI-06$_DKSR-EFI-06_2024-01-09_15_41_33" />
  </TestSettings>
  <Results>
    <UnitTestResult executionId="88ea1f88-c9d5-4de2-bdc4-f18df4cb5c32" testId="24f9ee2c-b14d-9e29-5425-8dd2572fa7c4" testName="ExceptionConverter_GetConnectionConvertedException_Idp_LockedOutException" computerName="DKSR-EFI-06" duration="00:00:00.0007344" startTime="2024-01-09T15:41:47.3570418+01:00" endTime="2024-01-09T15:41:47.3570418+01:00" testType="13cdc9d9-ddb5-4fa4-a97d-d965ccfc6d4b" outcome="Passed" testListId="8c84fa94-04c1-424b-9868-57a2d4851a1d" relativeResultsDirectory="88ea1f88-c9d5-4de2-bdc4-f18df4cb5c32" />
    <UnitTestResult executionId="8c368af1-00ce-46fb-b2ed-f1ddc4bb883f" testId="3aa893ce-4359-816b-56b8-816f5f5650c5" testName="AxisTunnelServer_Create_Success" computerName="DKSR-EFI-06" duration="00:00:00.0004172" startTime="2024-01-09T15:41:44.1538957+01:00" endTime="2024-01-09T15:41:44.1695222+01:00" testType="13cdc9d9-ddb5-4fa4-a97d-d965ccfc6d4b" outcome="Passed" testListId="8c84fa94-04c1-424b-9868-57a2d4851a1d" relativeResultsDirectory="8c368af1-00ce-46fb-b2ed-f1ddc4bb883f" />
    <UnitTestResult executionId="6100cefe-9d62-4ad6-a305-d5320c261156" testId="717c9c26-348a-7136-592c-3e0c4dc8d603" testName="TrustedIssuer_Delete_Success" computerName="DKSR-EFI-06" duration="00:00:00.0004096" startTime="2024-01-09T15:41:46.9820407+01:00" endTime="2024-01-09T15:41:46.9820407+01:00" testType="13cdc9d9-ddb5-4fa4-a97d-d965ccfc6d4b" outcome="Passed" testListId="8c84fa94-04c1-424b-9868-57a2d4851a1d" relativeResultsDirectory="6100cefe-9d62-4ad6-a305-d5320c261156" />
    <UnitTestResult executionId="c94a53a5-d7db-4cf9-a3a7-f56898f717cc" testId="b8692529-639e-0a48-d506-beeb3b242f4b" testName="Constructor_NullSiteVmoConnector_Throws" computerName="DKSR-EFI-06" duration="00:00:00.0009398" startTime="2024-01-09T15:41:35.5913578+01:00" endTime="2024-01-09T15:41:35.5913578+01:00" testType="13cdc9d9-ddb5-4fa4-a97d-d965ccfc6d4b" outcome="Passed" testListId="8c84fa94-04c1-424b-9868-57a2d4851a1d" relativeResultsDirectory="c94a53a5-d7db-4cf9-a3a7-f56898f717cc" />
    <UnitTestResult executionId="cac87fd8-d680-48d5-b203-09bdc393735c" testId="6eea6688-c562-2d57-43e8-db5123d547c4" testName="Monitor_Refresh_Success" computerName="DKSR-EFI-06" duration="00:00:00.0004458" startTime="2024-01-09T15:41:45.0132759+01:00" endTime="2024-01-09T15:41:45.0132759+01:00" testType="13cdc9d9-ddb5-4fa4-a97d-d965ccfc6d4b" outcome="Passed" testListId="8c84fa94-04c1-424b-9868-57a2d4851a1d" relativeResultsDirectory="cac87fd8-d680-48d5-b203-09bdc393735c" />
    <UnitTestResult executionId="852b6b56-35ba-4906-8c66-8e9e004a1244" testId="13131b13-639a-5807-c874-cdd3aa66cf32" testName="ArchiveStorage_Disable_Framerate_Reduction_Failed_Not_Created" computerName="DKSR-EFI-06" duration="00:00:00.0009386" startTime="2024-01-09T15:41:44.1226452+01:00" endTime="2024-01-09T15:41:44.1226452+01:00" testType="13cdc9d9-ddb5-4fa4-a97d-d965ccfc6d4b" outcome="Passed" testListId="8c84fa94-04c1-424b-9868-57a2d4851a1d" relativeResultsDirectory="852b6b56-35ba-4906-8c66-8e9e004a1244" />
    <UnitTestResult executionId="ebda143f-ab43-45e7-b5a6-a460dc011564" testId="92d0f24d-161a-5161-4318-378530da0fea" testName="Role_Add_Member_Check_Null_Name" computerName="DKSR-EFI-06" duration="00:00:00.0008254" startTime="2024-01-09T15:41:45.9351572+01:00" endTime="2024-01-09T15:41:45.9351572+01:00" testType="13cdc9d9-ddb5-4fa4-a97d-d965ccfc6d4b" outcome="Passed" testListId="8c84fa94-04c1-424b-9868-57a2d4851a1d" relativeResultsDirectory="ebda143f-ab43-45e7-b5a6-a460dc011564" />
    <UnitTestResult executionId="89ddbf52-9842-495d-babc-8368b725a929" testId="fe3da681-5f9a-8b89-e373-7218102e7415" testName="UserDefinedEvent_Trigger_Success" computerName="DKSR-EFI-06" duration="00:00:00.0009512" startTime="2024-01-09T15:41:47.0289155+01:00" endTime="2024-01-09T15:41:47.0289155+01:00" testType="13cdc9d9-ddb5-4fa4-a97d-d965ccfc6d4b" outcome="Passed" testListId="8c84fa94-04c1-424b-9868-57a2d4851a1d" relativeResultsDirectory="89ddbf52-9842-495d-babc-8368b725a929" />
    <UnitTestResult executionId="deb21a5a-74ec-4f13-831d-6635d8491cec" testId="1c118b49-f895-c3f8-f965-3d9049fd2277" testName="RecordingStorage_ChangeEncryptionMethod_Failed_Wrong_Method_Unknown" computerName="DKSR-EFI-06" duration="00:00:00.0007824" startTime="2024-01-09T15:41:45.8257824+01:00" endTime="2024-01-09T15:41:45.8257824+01:00" testType="13cdc9d9-ddb5-4fa4-a97d-d965ccfc6d4b" outcome="Passed" testListId="8c84fa94-04c1-424b-9868-57a2d4851a1d" relativeResultsDirectory="deb21a5a-74ec-4f13-831d-6635d8491cec" />
    <UnitTestResult executionId="7a9d0f16-e905-4f71-b445-7903b064bfb0" testId="813ee3ab-9f5c-5aff-3f96-107a9c99f824" testName="TaskAddHardware_Cleanup_61_NotSupported" computerName="DKSR-EFI-06" duration="00:00:00.0013849" startTime="2024-01-09T15:41:46.2632838+01:00" endTime="2024-01-09T15:41:46.2632838+01:00" testType="13cdc9d9-ddb5-4fa4-a97d-d965ccfc6d4b" outcome="Passed" testListId="8c84fa94-04c1-424b-9868-57a2d4851a1d" relativeResultsDirectory="7a9d0f16-e905-4f71-b445-7903b064bfb0" />
    <UnitTestResult executionId="8d4441bc-5ea4-4220-a28a-2fa493e265aa" testId="2b7cdd19-68fb-61e7-6100-64674f7fc65a" testName="TaskAddHardware_StartNew_Success" computerName="DKSR-EFI-06" duration="00:00:00.0105275" startTime="2024-01-09T15:41:46.2476598+01:00" endTime="2024-01-09T15:41:46.2476598+01:00" testType="13cdc9d9-ddb5-4fa4-a97d-d965ccfc6d4b" outcome="Passed" testListId="8c84fa94-04c1-424b-9868-57a2d4851a1d" relativeResultsDirectory="8d4441bc-5ea4-4220-a28a-2fa493e265aa" />
    <UnitTestResult executionId="73523b4d-e19d-470c-8c30-7932e0d87ac3" testId="9762f51b-0731-ac64-23c9-24a2c8ccaa73" testName="ManagementClientProfile_Constructor_DefaultValuesCorrect" computerName="DKSR-EFI-06" duration="00:00:00.0030178" startTime="2024-01-09T15:41:44.3101479+01:00" endTime="2024-01-09T15:41:44.3257755+01:00" testType="13cdc9d9-ddb5-4fa4-a97d-d965ccfc6d4b" outcome="Passed" testListId="8c84fa94-04c1-424b-9868-57a2d4851a1d" relativeResultsDirectory="73523b4d-e19d-470c-8c30-7932e0d87ac3" />
    <UnitTestResult executionId="eea87467-baf5-4961-9ae7-107dcd5c35ef" testId="40725980-b3de-fec9-75c7-5020f7573bd0" testName="ManagementServer_QueueAutomaticActivation_Before_v100_NotSupported" computerName="DKSR-EFI-06" duration="00:00:00.0009384" startTime="2024-01-09T15:41:44.8101512+01:00" endTime="2024-01-09T15:41:44.8101512+01:00" testType="13cdc9d9-ddb5-4fa4-a97d-d965ccfc6d4b" outcome="Passed" testListId="8c84fa94-04c1-424b-9868-57a2d4851a1d" relativeResultsDirectory="eea87467-baf5-4961-9ae7-107dcd5c35ef" />
    <UnitTestResult executionId="ac949ea0-991c-4cfa-a5a9-7ff9acf34cc4" testId="82ce7b74-9478-cbc0-ced6-3cff3fae756f" testName="Construct_InvalidParam_ISiteIdpConnector_Null_Throws_ArgumentNullException" computerName="DKSR-EFI-06" duration="00:00:00.0012371" startTime="2024-01-09T15:41:47.9820483+01:00" endTime="2024-01-09T15:41:47.9820483+01:00" testType="13cdc9d9-ddb5-4fa4-a97d-d965ccfc6d4b" outcome="Passed" testListId="8c84fa94-04c1-424b-9868-57a2d4851a1d" relativeResultsDirectory="ac949ea0-991c-4cfa-a5a9-7ff9acf34cc4" />
    <UnitTestResult executionId="d60e1b1c-e632-49a6-8c01-21f375762eaf" testId="70996f40-1fc9-1245-1717-ca1f3cbfb6ac" testName="Hardware_Driver_Version_Construct_Interconnected_Product" computerName="DKSR-EFI-06" duration="00:00:00.0002121" startTime="2024-01-09T15:41:45.6539067+01:00" endTime="2024-01-09T15:41:45.6539067+01:00" testType="13cdc9d9-ddb5-4fa4-a97d-d965ccfc6d4b" outcome="Passed" testListId="8c84fa94-04c1-424b-9868-57a2d4851a1d" relativeResultsDirectory="d60e1b1c-e632-49a6-8c01-21f375762eaf" />
    <UnitTestResult executionId="bdd9a60e-defd-4e07-a64e-a2c2d827f27b" testId="3389043b-e51f-9966-6a46-1df0f5e9e992" testName="PrivateViewGroup_Repository_Registered" computerName="DKSR-EFI-06" duration="00:00:00.0003294" startTime="2024-01-09T15:41:45.5289063+01:00" endTime="2024-01-09T15:41:45.5289063+01:00" testType="13cdc9d9-ddb5-4fa4-a97d-d965ccfc6d4b" outcome="Passed" testListId="8c84fa94-04c1-424b-9868-57a2d4851a1d" relativeResultsDirectory="bdd9a60e-defd-4e07-a64e-a2c2d827f27b" />
    <UnitTestResult executionId="5168cb44-895c-4ea9-9349-3c0f259abf57" testId="ea6dc23d-6a5a-fd7d-fef0-f6ad533702fd" testName="MIPAction_Create_Success" computerName="DKSR-EFI-06" duration="00:00:00.0004001" startTime="2024-01-09T15:41:44.8882771+01:00" endTime="2024-01-09T15:41:44.8882771+01:00" testType="13cdc9d9-ddb5-4fa4-a97d-d965ccfc6d4b" outcome="Passed" testListId="8c84fa94-04c1-424b-9868-57a2d4851a1d" relativeResultsDirectory="5168cb44-895c-4ea9-9349-3c0f259abf57" />
    <UnitTestResult executionId="090cbecc-1711-4ee1-b688-268eb36fb1b1" testId="e6a5bd7b-7405-fc6a-b5bc-378f43c18431" testName="MIPObject_Repository_Registered" computerName="DKSR-EFI-06" duration="00:00:00.0004826" startTime="2024-01-09T15:41:44.9820279+01:00" endTime="2024-01-09T15:41:44.9820279+01:00" testType="13cdc9d9-ddb5-4fa4-a97d-d965ccfc6d4b" outcome="Passed" testListId="8c84fa94-04c1-424b-9868-57a2d4851a1d" relativeResultsDirectory="090cbecc-1711-4ee1-b688-268eb36fb1b1" />
    <UnitTestResult executionId="86baf2e7-a20d-418f-ac12-50f001ccf753" testId="e25121b3-b4d1-3721-64e9-8d8b5c315127" testName="ExceptionConverter_GetConnectionConvertedException_CommunicationException_Derived" computerName="DKSR-EFI-06" duration="00:00:00.0003589" startTime="2024-01-09T15:41:47.3570418+01:00" endTime="2024-01-09T15:41:47.3570418+01:00" testType="13cdc9d9-ddb5-4fa4-a97d-d965ccfc6d4b" outcome="Passed" testListId="8c84fa94-04c1-424b-9868-57a2d4851a1d" relativeResultsDirectory="86baf2e7-a20d-418f-ac12-50f001ccf753" />
    <UnitTestResult executionId="3cefb672-6821-4bdc-9bb2-b3aba364f965" testId="dd161ebe-5efc-a6b2-49d8-a26b980caef2" testName="TaskSetEncryptionMethod_StartNew_Success" computerName="DKSR-EFI-06" duration="00:00:00.0057655" startTime="2024-01-09T15:41:46.8257889+01:00" endTime="2024-01-09T15:41:46.8257889+01:00" testType="13cdc9d9-ddb5-4fa4-a97d-d965ccfc6d4b" outcome="Passed" testListId="8c84fa94-04c1-424b-9868-57a2d4851a1d" relativeResultsDirectory="3cefb672-6821-4bdc-9bb2-b3aba364f965" />
    <UnitTestResult executionId="630d9626-dc1a-47e3-9aea-21934c60571e" testId="7f6db608-8c47-4d83-9b48-007bb299c7ea" testName="Contains_GivenSiteId_ShouldSuccess" computerName="DKSR-EFI-06" duration="00:00:00.0003159" startTime="2024-01-09T15:41:43.7163940+01:00" endTime="2024-01-09T15:41:43.7163940+01:00" testType="13cdc9d9-ddb5-4fa4-a97d-d965ccfc6d4b" outcome="Passed" testListId="8c84fa94-04c1-424b-9868-57a2d4851a1d" relativeResultsDirectory="630d9626-dc1a-47e3-9aea-21934c60571e" />
    <UnitTestResult executionId="abab62c8-1308-4e1f-a74c-c1865e5d8e88" testId="6b089662-2016-7712-224f-126a27819896" testName="AxisOneClickCamera_Delete_Success" computerName="DKSR-EFI-06" duration="00:00:00.0006154" startTime="2024-01-09T15:41:44.1538957+01:00" endTime="2024-01-09T15:41:44.1538957+01:00" testType="13cdc9d9-ddb5-4fa4-a97d-d965ccfc6d4b" outcome="Passed" testListId="8c84fa94-04c1-424b-9868-57a2d4851a1d" relativeResultsDirectory="abab62c8-1308-4e1f-a74c-c1865e5d8e88" />
    <UnitTestResult executionId="05154b6e-e4fb-4e5b-b3e6-689381f142b6" testId="8fa917f0-e0d5-1266-3777-8f39996fe500" testName="Construct_InvalidParam_Site_Null_Throws_ArgumentNullException" computerName="DKSR-EFI-06" duration="00:00:00.0006221" startTime="2024-01-09T15:41:47.9195455+01:00" endTime="2024-01-09T15:41:47.9195455+01:00" testType="13cdc9d9-ddb5-4fa4-a97d-d965ccfc6d4b" outcome="Passed" testListId="8c84fa94-04c1-424b-9868-57a2d4851a1d" relativeResultsDirectory="05154b6e-e4fb-4e5b-b3e6-689381f142b6" />
    <UnitTestResult executionId="59396efe-bd8e-413b-aa76-b0063b11db7d" testId="879649e9-00d0-e07e-9f37-91f11e61fd61" testName="TaskAddHardware_Create_61_NotSupported" computerName="DKSR-EFI-06" duration="00:00:00.0007909" startTime="2024-01-09T15:41:46.2632838+01:00" endTime="2024-01-09T15:41:46.2632838+01:00" testType="13cdc9d9-ddb5-4fa4-a97d-d965ccfc6d4b" outcome="Passed" testListId="8c84fa94-04c1-424b-9868-57a2d4851a1d" relativeResultsDirectory="59396efe-bd8e-413b-aa76-b0063b11db7d" />
    <UnitTestResult executionId="2ce77c7f-a8e6-4341-9607-57e935acccad" testId="8649b6a0-70dc-0290-bdeb-a37467c14379" testName="BasicUser_Update_Success" computerName="DKSR-EFI-06" duration="00:00:00.0004874" startTime="2024-01-09T15:41:44.2805199+01:00" endTime="2024-01-09T15:41:44.2805199+01:00" testType="13cdc9d9-ddb5-4fa4-a97d-d965ccfc6d4b" outcome="Passed" testListId="8c84fa94-04c1-424b-9868-57a2d4851a1d" relativeResultsDirectory="2ce77c7f-a8e6-4341-9607-57e935acccad" />
    <UnitTestResult executionId="8f2847b1-41f4-438d-be18-2253cc8ea182" testId="cd56fb93-0eed-d776-b4a6-7b72246fd8a6" testName="RuleSource_Refresh_Failed_Not_Created" computerName="DKSR-EFI-06" duration="00:00:00.0007330" startTime="2024-01-09T15:41:46.0132836+01:00" endTime="2024-01-09T15:41:46.0132836+01:00" testType="13cdc9d9-ddb5-4fa4-a97d-d965ccfc6d4b" outcome="Passed" testListId="8c84fa94-04c1-424b-9868-57a2d4851a1d" relativeResultsDirectory="8f2847b1-41f4-438d-be18-2253cc8ea182" />
    <UnitTestResult executionId="7083edbc-692e-42de-a44e-23d40ee06984" testId="dff86f00-adf8-0959-76ac-186ea08e59bd" testName="Contains_GivenConfiguredAddressesAndConnectedSite_ShouldSuccess" computerName="DKSR-EFI-06" duration="00:00:00.0010331" startTime="2024-01-09T15:41:43.7320194+01:00" endTime="2024-01-09T15:41:43.7320194+01:00" testType="13cdc9d9-ddb5-4fa4-a97d-d965ccfc6d4b" outcome="Passed" testListId="8c84fa94-04c1-424b-9868-57a2d4851a1d" relativeResultsDirectory="7083edbc-692e-42de-a44e-23d40ee06984" />
    <UnitTestResult executionId="0ddd52f1-6280-44ef-83dc-df2d55da6269" testId="4aeaa612-27af-a67f-7e10-8ef819c871f1" testName="Monitor_MonitorState_MonitorStateCalled" computerName="DKSR-EFI-06" duration="00:00:00.0017809" startTime="2024-01-09T15:41:45.1070286+01:00" endTime="2024-01-09T15:41:45.1070286+01:00" testType="13cdc9d9-ddb5-4fa4-a97d-d965ccfc6d4b" outcome="Passed" testListId="8c84fa94-04c1-424b-9868-57a2d4851a1d" relativeResultsDirectory="0ddd52f1-6280-44ef-83dc-df2d55da6269" />
    <UnitTestResult executionId="7b4b6ab5-167e-40da-9a28-71db56d210db" testId="3661ba45-91b7-bddd-f619-009a609052d9" testName="GetSiteConnectionResultTokenExchange_NullInput_Throws" computerName="DKSR-EFI-06" duration="00:00:00.0023620" startTime="2024-01-09T15:41:35.6069845+01:00" endTime="2024-01-09T15:41:35.6226075+01:00" testType="13cdc9d9-ddb5-4fa4-a97d-d965ccfc6d4b" outcome="Passed" testListId="8c84fa94-04c1-424b-9868-57a2d4851a1d" relativeResultsDirectory="7b4b6ab5-167e-40da-9a28-71db56d210db" />
    <UnitTestResult executionId="f1110c55-fe85-4eac-99a5-e576c908fe41" testId="916ee6c4-db86-01ee-dceb-fc3733d78c0f" testName="BasicOwnerInfo_Constructor_Order_Empty_Check" computerName="DKSR-EFI-06" duration="00:00:00.0006101" startTime="2024-01-09T15:41:44.2007707+01:00" endTime="2024-01-09T15:41:44.2007707+01:00" testType="13cdc9d9-ddb5-4fa4-a97d-d965ccfc6d4b" outcome="Passed" testListId="8c84fa94-04c1-424b-9868-57a2d4851a1d" relativeResultsDirectory="f1110c55-fe85-4eac-99a5-e576c908fe41" />
    <UnitTestResult executionId="93931ae8-f4da-4b3e-a75d-708806be7556" testId="911a754b-4a21-7213-ab66-37b764b44fff" testName="Create_GivenAddressAndTokenCache_ShouldSuccess" computerName="DKSR-EFI-06" duration="00:00:00.3052332" startTime="2024-01-09T15:41:33.5444717+01:00" endTime="2024-01-09T15:41:33.8413492+01:00" testType="13cdc9d9-ddb5-4fa4-a97d-d965ccfc6d4b" outcome="Passed" testListId="8c84fa94-04c1-424b-9868-57a2d4851a1d" relativeResultsDirectory="93931ae8-f4da-4b3e-a75d-708806be7556" />
    <UnitTestResult executionId="ff70bfa7-20ca-4518-9f59-fa96328f21ac" testId="f0e6cec2-f5ab-7a25-7a3c-b2ab816b90b0" testName="CameraDevice_Refresh_Fail_Not_Created" computerName="DKSR-EFI-06" duration="00:00:00.0008526" startTime="2024-01-09T15:41:45.5601572+01:00" endTime="2024-01-09T15:41:45.5601572+01:00" testType="13cdc9d9-ddb5-4fa4-a97d-d965ccfc6d4b" outcome="Passed" testListId="8c84fa94-04c1-424b-9868-57a2d4851a1d" relativeResultsDirectory="ff70bfa7-20ca-4518-9f59-fa96328f21ac" />
    <UnitTestResult executionId="6b3d61bb-5c93-400e-bd51-e5a47bd23a4e" testId="8695aac4-bad9-8a51-7f35-4933b6ca92ab" testName="AddSiteVersion_GivenIdpSupportedVersion_ShouldReturnFail" computerName="DKSR-EFI-06" duration="00:00:00.0004711" startTime="2024-01-09T15:41:35.9351085+01:00" endTime="2024-01-09T15:41:35.9351085+01:00" testType="13cdc9d9-ddb5-4fa4-a97d-d965ccfc6d4b" outcome="Passed" testListId="8c84fa94-04c1-424b-9868-57a2d4851a1d" relativeResultsDirectory="6b3d61bb-5c93-400e-bd51-e5a47bd23a4e" />
    <UnitTestResult executionId="40818da7-1d0f-4129-a1cf-0713de829ae6" testId="d097418a-284a-0f48-b120-88f843d12853" testName="TaskRequestEdgeStorage_StartNew_Success" computerName="DKSR-EFI-06" duration="00:00:00.0121610" startTime="2024-01-09T15:41:46.7945393+01:00" endTime="2024-01-09T15:41:46.8101643+01:00" testType="13cdc9d9-ddb5-4fa4-a97d-d965ccfc6d4b" outcome="Passed" testListId="8c84fa94-04c1-424b-9868-57a2d4851a1d" relativeResultsDirectory="40818da7-1d0f-4129-a1cf-0713de829ae6" />
    <UnitTestResult executionId="2ca40b01-788e-4776-aeb8-555866713a3b" testId="06b558f2-559a-6a2e-336b-64ac3a80bb27" testName="Grid_SetRegionWidthOutOfBounds_Exception" computerName="DKSR-EFI-06" duration="00:00:00.0005063" startTime="2024-01-09T15:41:44.5913994+01:00" endTime="2024-01-09T15:41:44.5913994+01:00" testType="13cdc9d9-ddb5-4fa4-a97d-d965ccfc6d4b" outcome="Passed" testListId="8c84fa94-04c1-424b-9868-57a2d4851a1d" relativeResultsDirectory="2ca40b01-788e-4776-aeb8-555866713a3b" />
    <UnitTestResult executionId="20b25bdb-ccdd-4889-aea0-c4a9e0f22ade" testId="f089828d-f028-71d5-48d2-b0fdefe19ce6" testName="RetentionOptionRoleRelation_Repository_Registered" computerName="DKSR-EFI-06" duration="00:00:00.0004010" startTime="2024-01-09T15:41:45.8882840+01:00" endTime="2024-01-09T15:41:45.8882840+01:00" testType="13cdc9d9-ddb5-4fa4-a97d-d965ccfc6d4b" outcome="Passed" testListId="8c84fa94-04c1-424b-9868-57a2d4851a1d" relativeResultsDirectory="20b25bdb-ccdd-4889-aea0-c4a9e0f22ade" />
    <UnitTestResult executionId="9131bae7-6f59-4df1-8f3d-ce0fe672709e" testId="57fef621-c869-d76a-b1c4-750e9f34bcf8" testName="BasicOwnerInfo_Constructor_Id_Empty_Guid_Check" computerName="DKSR-EFI-06" duration="00:00:00.0009884" startTime="2024-01-09T15:41:44.2007707+01:00" endTime="2024-01-09T15:41:44.2007707+01:00" testType="13cdc9d9-ddb5-4fa4-a97d-d965ccfc6d4b" outcome="Passed" testListId="8c84fa94-04c1-424b-9868-57a2d4851a1d" relativeResultsDirectory="9131bae7-6f59-4df1-8f3d-ce0fe672709e" />
    <UnitTestResult executionId="5e53752a-8e7e-42e6-874b-648e29b8008f" testId="d30d87eb-042e-a85c-750c-9fab31b27443" testName="ManagementServer_AttachChildSite_ArgumentException" computerName="DKSR-EFI-06" duration="00:00:00.0017067" startTime="2024-01-09T15:41:44.7163991+01:00" endTime="2024-01-09T15:41:44.7320256+01:00" testType="13cdc9d9-ddb5-4fa4-a97d-d965ccfc6d4b" outcome="Passed" testListId="8c84fa94-04c1-424b-9868-57a2d4851a1d" relativeResultsDirectory="5e53752a-8e7e-42e6-874b-648e29b8008f" />
    <UnitTestResult executionId="d5c6df28-7b47-44fd-b954-997837bfc973" testId="fb9aa8e0-4570-1d25-abf0-3e9070058471" testName="TaskHardwareScan_StartNew_Success" computerName="DKSR-EFI-06" duration="00:00:00.0064434" startTime="2024-01-09T15:41:47.4664165+01:00" endTime="2024-01-09T15:41:47.4664165+01:00" testType="13cdc9d9-ddb5-4fa4-a97d-d965ccfc6d4b" outcome="Passed" testListId="8c84fa94-04c1-424b-9868-57a2d4851a1d" relativeResultsDirectory="d5c6df28-7b47-44fd-b954-997837bfc973" />
    <UnitTestResult executionId="8437f47a-a5a1-4d5a-8ad4-c2f4846b7b2a" testId="f66333dc-734c-f6ea-92b2-7e230c56eaf2" testName="Recorder_Update_Success" computerName="DKSR-EFI-06" duration="00:00:00.0034060" startTime="2024-01-09T15:41:45.7007834+01:00" endTime="2024-01-09T15:41:45.7007834+01:00" testType="13cdc9d9-ddb5-4fa4-a97d-d965ccfc6d4b" outcome="Passed" testListId="8c84fa94-04c1-424b-9868-57a2d4851a1d" relativeResultsDirectory="8437f47a-a5a1-4d5a-8ad4-c2f4846b7b2a" />
    <UnitTestResult executionId="1539996a-2541-44dd-a766-555715768ff3" testId="1a64560e-6964-f5f3-5442-f6f38b03cc18" testName="Hardware_Refresh_Fail_When_Deleted" computerName="DKSR-EFI-06" duration="00:00:00.0005235" startTime="2024-01-09T15:41:45.6695307+01:00" endTime="2024-01-09T15:41:45.6695307+01:00" testType="13cdc9d9-ddb5-4fa4-a97d-d965ccfc6d4b" outcome="Passed" testListId="8c84fa94-04c1-424b-9868-57a2d4851a1d" relativeResultsDirectory="1539996a-2541-44dd-a766-555715768ff3" />
    <UnitTestResult executionId="745187c8-c639-40bd-898a-d942ea594e00" testId="54f7c0f2-efd1-544c-ad47-2520376458fa" testName="ViewItem_Refresh_Success" computerName="DKSR-EFI-06" duration="00:00:00.0003298" startTime="2024-01-09T15:41:47.1070429+01:00" endTime="2024-01-09T15:41:47.1070429+01:00" testType="13cdc9d9-ddb5-4fa4-a97d-d965ccfc6d4b" outcome="Passed" testListId="8c84fa94-04c1-424b-9868-57a2d4851a1d" relativeResultsDirectory="745187c8-c639-40bd-898a-d942ea594e00" />
    <UnitTestResult executionId="91ae4771-f15f-4371-9525-5ec2536cbe73" testId="f333f71a-0e07-3c5a-f7fc-8c8e0562fb78" testName="Grid_RemoveSpecificCellFirst_CorrectCellRemoved" computerName="DKSR-EFI-06" duration="00:00:00.0002227" startTime="2024-01-09T15:41:44.6226491+01:00" endTime="2024-01-09T15:41:44.6226491+01:00" testType="13cdc9d9-ddb5-4fa4-a97d-d965ccfc6d4b" outcome="Passed" testListId="8c84fa94-04c1-424b-9868-57a2d4851a1d" relativeResultsDirectory="91ae4771-f15f-4371-9525-5ec2536cbe73" />
    <UnitTestResult executionId="486e665f-b282-45cf-b9dc-d54459d65727" testId="2baf0449-377b-035c-e243-2b7e59fc8d84" testName="TaskMoveRecordingStorage_Refresh_Success" computerName="DKSR-EFI-06" duration="00:00:00.0011455" startTime="2024-01-09T15:41:46.7789138+01:00" endTime="2024-01-09T15:41:46.7789138+01:00" testType="13cdc9d9-ddb5-4fa4-a97d-d965ccfc6d4b" outcome="Passed" testListId="8c84fa94-04c1-424b-9868-57a2d4851a1d" relativeResultsDirectory="486e665f-b282-45cf-b9dc-d54459d65727" />
    <UnitTestResult executionId="6ade0a5d-7abb-4930-a455-f3a366cb7322" testId="21da7965-2df6-0853-1b3d-be7597e928c8" testName="RetentionOptionRoleRelation_Constructor_Name_Null_Check" computerName="DKSR-EFI-06" duration="00:00:00.0007273" startTime="2024-01-09T15:41:45.8570344+01:00" endTime="2024-01-09T15:41:45.8570344+01:00" testType="13cdc9d9-ddb5-4fa4-a97d-d965ccfc6d4b" outcome="Passed" testListId="8c84fa94-04c1-424b-9868-57a2d4851a1d" relativeResultsDirectory="6ade0a5d-7abb-4930-a455-f3a366cb7322" />
    <UnitTestResult executionId="00f7fa63-cf4e-41a5-b63f-8eb627f60016" testId="492a74e5-0879-8c47-fe63-f774f5fb0dd6" testName="PatrollingProfile_InsertStepAt_Existing_PatrollingStep_Invalid_Position" computerName="DKSR-EFI-06" duration="00:00:00.0009793" startTime="2024-01-09T15:41:45.3257825+01:00" endTime="2024-01-09T15:41:45.3257825+01:00" testType="13cdc9d9-ddb5-4fa4-a97d-d965ccfc6d4b" outcome="Passed" testListId="8c84fa94-04c1-424b-9868-57a2d4851a1d" relativeResultsDirectory="00f7fa63-cf4e-41a5-b63f-8eb627f60016" />
    <UnitTestResult executionId="7bc5751a-5a20-4937-b7a7-8430737c7863" testId="e245b214-fe82-d416-72b8-33d224c8af24" testName="Grid_Constructor_Null_Grid" computerName="DKSR-EFI-06" duration="00:00:00.0040897" startTime="2024-01-09T15:41:44.5445237+01:00" endTime="2024-01-09T15:41:44.5445237+01:00" testType="13cdc9d9-ddb5-4fa4-a97d-d965ccfc6d4b" outcome="Passed" testListId="8c84fa94-04c1-424b-9868-57a2d4851a1d" relativeResultsDirectory="7bc5751a-5a20-4937-b7a7-8430737c7863" />
    <UnitTestResult executionId="f8cfb764-76ae-451f-b2fc-250a6d39d8b0" testId="c572b7bd-5e96-7829-9221-aa192cce769e" testName="FailoverServerGroup_Update_Success" computerName="DKSR-EFI-06" duration="00:00:00.0005040" startTime="2024-01-09T15:41:44.4038987+01:00" endTime="2024-01-09T15:41:44.4038987+01:00" testType="13cdc9d9-ddb5-4fa4-a97d-d965ccfc6d4b" outcome="Passed" testListId="8c84fa94-04c1-424b-9868-57a2d4851a1d" relativeResultsDirectory="f8cfb764-76ae-451f-b2fc-250a6d39d8b0" />
    <UnitTestResult executionId="5d9e0b90-8284-4f7a-bcd2-3d2d6cf045a7" testId="41f6c7e0-8c95-404f-3027-8dd2cba17e11" testName="MIPEvent_Repository_Registered" computerName="DKSR-EFI-06" duration="00:00:00.0002957" startTime="2024-01-09T15:41:44.9351520+01:00" endTime="2024-01-09T15:41:44.9351520+01:00" testType="13cdc9d9-ddb5-4fa4-a97d-d965ccfc6d4b" outcome="Passed" testListId="8c84fa94-04c1-424b-9868-57a2d4851a1d" relativeResultsDirectory="5d9e0b90-8284-4f7a-bcd2-3d2d6cf045a7" />
    <UnitTestResult executionId="0c5e4d96-daa3-43aa-899c-15517854cd36" testId="d83cffc9-2dc1-227b-0dd2-716cea056551" testName="ServerConnection_Constructor_Null_Argument_serverName2" computerName="DKSR-EFI-06" duration="00:00:00.0109059" startTime="2024-01-09T15:41:47.4820427+01:00" endTime="2024-01-09T15:41:47.4976676+01:00" testType="13cdc9d9-ddb5-4fa4-a97d-d965ccfc6d4b" outcome="Passed" testListId="8c84fa94-04c1-424b-9868-57a2d4851a1d" relativeResultsDirectory="0c5e4d96-daa3-43aa-899c-15517854cd36" />
    <UnitTestResult executionId="fcb3684e-4ad9-4b27-bf0c-3d49a10c7de1" testId="a7e854b3-ad0c-30c9-739e-808a4e52d5c7" testName="ArchiveStorage_Undo_IsDirty_Schedule" computerName="DKSR-EFI-06" duration="00:00:00.0062295" startTime="2024-01-09T15:41:44.0288931+01:00" endTime="2024-01-09T15:41:44.0288931+01:00" testType="13cdc9d9-ddb5-4fa4-a97d-d965ccfc6d4b" outcome="Passed" testListId="8c84fa94-04c1-424b-9868-57a2d4851a1d" relativeResultsDirectory="fcb3684e-4ad9-4b27-bf0c-3d49a10c7de1" />
    <UnitTestResult executionId="7345fa09-6064-4fff-8797-17ee2cbb2e16" testId="cf980ff0-658a-cea3-568e-ae6607f09bd5" testName="PatrollingProfile_MoveStepToPosition" computerName="DKSR-EFI-06" duration="00:00:00.0015666" startTime="2024-01-09T15:41:45.4039057+01:00" endTime="2024-01-09T15:41:45.4039057+01:00" testType="13cdc9d9-ddb5-4fa4-a97d-d965ccfc6d4b" outcome="Passed" testListId="8c84fa94-04c1-424b-9868-57a2d4851a1d" relativeResultsDirectory="7345fa09-6064-4fff-8797-17ee2cbb2e16" />
    <UnitTestResult executionId="d9778037-f606-4222-9ff9-931d01ed3d08" testId="231663dc-17a0-f2cf-d0a3-b9d590ad675e" testName="Get_GivenSiteId_ShouldSuccess" computerName="DKSR-EFI-06" duration="00:00:00.0013483" startTime="2024-01-09T15:41:43.7163940+01:00" endTime="2024-01-09T15:41:43.7320194+01:00" testType="13cdc9d9-ddb5-4fa4-a97d-d965ccfc6d4b" outcome="Passed" testListId="8c84fa94-04c1-424b-9868-57a2d4851a1d" relativeResultsDirectory="d9778037-f606-4222-9ff9-931d01ed3d08" />
    <UnitTestResult executionId="9194a724-8617-4b17-a538-893673db2ba1" testId="fc81f98e-fdf1-98e3-0f80-614f002dc04c" testName="RetentionOptionRoleRelation_Constructor_CheckForVersion_6_0_and_throws" computerName="DKSR-EFI-06" duration="00:00:00.0008132" startTime="2024-01-09T15:41:45.8570344+01:00" endTime="2024-01-09T15:41:45.8570344+01:00" testType="13cdc9d9-ddb5-4fa4-a97d-d965ccfc6d4b" outcome="Passed" testListId="8c84fa94-04c1-424b-9868-57a2d4851a1d" relativeResultsDirectory="9194a724-8617-4b17-a538-893673db2ba1" />
    <UnitTestResult executionId="0182b53f-0ee5-4a5d-9f2c-0a748a3f4d47" testId="1830429d-a50e-f24b-1de0-c7821602f1c8" testName="ChildSite_SetMarkInconsistent_NotCreated_InvalidOperationException" computerName="DKSR-EFI-06" duration="00:00:00.0009203" startTime="2024-01-09T15:41:46.0445338+01:00" endTime="2024-01-09T15:41:46.0445338+01:00" testType="13cdc9d9-ddb5-4fa4-a97d-d965ccfc6d4b" outcome="Passed" testListId="8c84fa94-04c1-424b-9868-57a2d4851a1d" relativeResultsDirectory="0182b53f-0ee5-4a5d-9f2c-0a748a3f4d47" />
    <UnitTestResult executionId="b4ea4dab-ffb6-4b8c-bda5-4470695bca7a" testId="5aea37a5-f0f1-77ae-5f92-fdafccaf4e6f" testName="Hardware_Refresh_Success" computerName="DKSR-EFI-06" duration="00:00:00.0020412" startTime="2024-01-09T15:41:45.6539067+01:00" endTime="2024-01-09T15:41:45.6539067+01:00" testType="13cdc9d9-ddb5-4fa4-a97d-d965ccfc6d4b" outcome="Passed" testListId="8c84fa94-04c1-424b-9868-57a2d4851a1d" relativeResultsDirectory="b4ea4dab-ffb6-4b8c-bda5-4470695bca7a" />
    <UnitTestResult executionId="df8551a8-1121-4626-968a-6f204ce93fd0" testId="b775d07a-4cd6-b069-16d2-d61d8fe62088" testName="AxisOneClickCamera_Repository_Registered" computerName="DKSR-EFI-06" duration="00:00:00.0003402" startTime="2024-01-09T15:41:44.1538957+01:00" endTime="2024-01-09T15:41:44.1538957+01:00" testType="13cdc9d9-ddb5-4fa4-a97d-d965ccfc6d4b" outcome="Passed" testListId="8c84fa94-04c1-424b-9868-57a2d4851a1d" relativeResultsDirectory="df8551a8-1121-4626-968a-6f204ce93fd0" />
    <UnitTestResult executionId="0fb33237-4e79-4e3a-8726-e185ea8918d8" testId="41359944-1b64-186b-7087-a470bed2994d" testName="GenericRepositoryTestUpdateObject" computerName="DKSR-EFI-06" duration="00:00:00.0010363" startTime="2024-01-09T15:41:47.2320434+01:00" endTime="2024-01-09T15:41:47.2320434+01:00" testType="13cdc9d9-ddb5-4fa4-a97d-d965ccfc6d4b" outcome="Passed" testListId="8c84fa94-04c1-424b-9868-57a2d4851a1d" relativeResultsDirectory="0fb33237-4e79-4e3a-8726-e185ea8918d8" />
    <UnitTestResult executionId="91e1ace7-6f85-400b-9f43-32df838e9638" testId="dacedd72-550d-d1bf-d9a6-5d170c95ba1b" testName="MarkedData_Create_Success" computerName="DKSR-EFI-06" duration="00:00:00.0018235" startTime="2024-01-09T15:41:44.8257755+01:00" endTime="2024-01-09T15:41:44.8257755+01:00" testType="13cdc9d9-ddb5-4fa4-a97d-d965ccfc6d4b" outcome="Passed" testListId="8c84fa94-04c1-424b-9868-57a2d4851a1d" relativeResultsDirectory="91e1ace7-6f85-400b-9f43-32df838e9638" />
    <UnitTestResult executionId="e53e5bb5-4c83-4cf6-895f-c275d7891802" testId="aa4067e8-b28a-52d2-8bdf-f8f50f58c26a" testName="RetentionOptionRoleRelation_Refresh_CheckVersionCalled" computerName="DKSR-EFI-06" duration="00:00:00.0003197" startTime="2024-01-09T15:41:45.8726579+01:00" endTime="2024-01-09T15:41:45.8726579+01:00" testType="13cdc9d9-ddb5-4fa4-a97d-d965ccfc6d4b" outcome="Passed" testListId="8c84fa94-04c1-424b-9868-57a2d4851a1d" relativeResultsDirectory="e53e5bb5-4c83-4cf6-895f-c275d7891802" />
    <UnitTestResult executionId="a976b0df-9854-43d5-9112-6cb454bbfc2b" testId="91f8128f-bf3b-28e3-f019-7c15bf28820b" testName="MIPObjectGroup_Constructor_DefaultValuesCorrect" computerName="DKSR-EFI-06" duration="00:00:00.0022705" startTime="2024-01-09T15:41:44.9507770+01:00" endTime="2024-01-09T15:41:44.9507770+01:00" testType="13cdc9d9-ddb5-4fa4-a97d-d965ccfc6d4b" outcome="Passed" testListId="8c84fa94-04c1-424b-9868-57a2d4851a1d" relativeResultsDirectory="a976b0df-9854-43d5-9112-6cb454bbfc2b" />
    <UnitTestResult executionId="a0c782d3-b9be-4e47-beb8-f1ce5f55c859" testId="343b2b64-0be3-4bf7-adf7-59ae0dcb4692" testName="RecordingStorage_Create_CheckVersionNotCalled" computerName="DKSR-EFI-06" duration="00:00:00.0002940" startTime="2024-01-09T15:41:45.7632816+01:00" endTime="2024-01-09T15:41:45.7632816+01:00" testType="13cdc9d9-ddb5-4fa4-a97d-d965ccfc6d4b" outcome="Passed" testListId="8c84fa94-04c1-424b-9868-57a2d4851a1d" relativeResultsDirectory="a0c782d3-b9be-4e47-beb8-f1ce5f55c859" />
    <UnitTestResult executionId="be632b5d-9608-4c10-a67c-d2f0d5d991f3" testId="a2f09d51-5e4f-ca37-d7ac-19fd446a6c3c" testName="ManagementServer_DetachMasterSite_Called" computerName="DKSR-EFI-06" duration="00:00:00.0017741" startTime="2024-01-09T15:41:44.7788989+01:00" endTime="2024-01-09T15:41:44.7788989+01:00" testType="13cdc9d9-ddb5-4fa4-a97d-d965ccfc6d4b" outcome="Passed" testListId="8c84fa94-04c1-424b-9868-57a2d4851a1d" relativeResultsDirectory="be632b5d-9608-4c10-a67c-d2f0d5d991f3" />
    <UnitTestResult executionId="7daa0e5c-7412-4c7a-8fb0-6efac36275e7" testId="649e9608-c087-e678-8053-b4978cc56299" testName="RecordingServer_Add_Hardware_Failed_Deleted" computerName="DKSR-EFI-06" duration="00:00:00.0007700" startTime="2024-01-09T15:41:45.7320331+01:00" endTime="2024-01-09T15:41:45.7320331+01:00" testType="13cdc9d9-ddb5-4fa4-a97d-d965ccfc6d4b" outcome="Passed" testListId="8c84fa94-04c1-424b-9868-57a2d4851a1d" relativeResultsDirectory="7daa0e5c-7412-4c7a-8fb0-6efac36275e7" />
    <UnitTestResult executionId="bb0bdeb9-289a-4e0b-9f5a-417d54afd8c5" testId="6d227c01-5ef3-195c-1f2c-d26a9beb98a5" testName="Hardware_ChangePassword_NotCreated_Throws" computerName="DKSR-EFI-06" duration="00:00:00.0004402" startTime="2024-01-09T15:41:45.7007834+01:00" endTime="2024-01-09T15:41:45.7007834+01:00" testType="13cdc9d9-ddb5-4fa4-a97d-d965ccfc6d4b" outcome="Passed" testListId="8c84fa94-04c1-424b-9868-57a2d4851a1d" relativeResultsDirectory="bb0bdeb9-289a-4e0b-9f5a-417d54afd8c5" />
    <UnitTestResult executionId="10d49931-ee07-4ef6-a63a-99a28dfa1595" testId="98fff030-53c1-c04c-47fb-82b4ef74e4d8" testName="SystemDashboardConfigurationuration_IsDeleted_Success" computerName="DKSR-EFI-06" duration="00:00:00.0002815" startTime="2024-01-09T15:41:46.1382855+01:00" endTime="2024-01-09T15:41:46.1382855+01:00" testType="13cdc9d9-ddb5-4fa4-a97d-d965ccfc6d4b" outcome="Passed" testListId="8c84fa94-04c1-424b-9868-57a2d4851a1d" relativeResultsDirectory="10d49931-ee07-4ef6-a63a-99a28dfa1595" />
    <UnitTestResult executionId="7b9d15b8-8443-4c61-b8fc-78d60e4e94ca" testId="96d5500d-c84d-e9d1-9989-81ab8d34a29e" testName="TaskDeleteIdpUser_Refresh_Success" computerName="DKSR-EFI-06" duration="00:00:00.0007873" startTime="2024-01-09T15:41:46.7476627+01:00" endTime="2024-01-09T15:41:46.7476627+01:00" testType="13cdc9d9-ddb5-4fa4-a97d-d965ccfc6d4b" outcome="Passed" testListId="8c84fa94-04c1-424b-9868-57a2d4851a1d" relativeResultsDirectory="7b9d15b8-8443-4c61-b8fc-78d60e4e94ca" />
    <UnitTestResult executionId="8e31b6e2-c77f-4a81-8bf5-1f7f83da54ee" testId="6a6b3d60-b93a-8958-6b62-7ecff6d37770" testName="BasicUser_Constructor_DefaultValuesCorrect" computerName="DKSR-EFI-06" duration="00:00:00.0021904" startTime="2024-01-09T15:41:44.2476464+01:00" endTime="2024-01-09T15:41:44.2476464+01:00" testType="13cdc9d9-ddb5-4fa4-a97d-d965ccfc6d4b" outcome="Passed" testListId="8c84fa94-04c1-424b-9868-57a2d4851a1d" relativeResultsDirectory="8e31b6e2-c77f-4a81-8bf5-1f7f83da54ee" />
    <UnitTestResult executionId="ae4aa20d-1b3e-4e12-b2cc-d4ec9c5df25f" testId="f8fd1a06-1ab8-77ad-0b71-ac8f592c9bca" testName="Grid_Constructor_Empty_Grid" computerName="DKSR-EFI-06" duration="00:00:00.0001859" startTime="2024-01-09T15:41:44.5445237+01:00" endTime="2024-01-09T15:41:44.5445237+01:00" testType="13cdc9d9-ddb5-4fa4-a97d-d965ccfc6d4b" outcome="Passed" testListId="8c84fa94-04c1-424b-9868-57a2d4851a1d" relativeResultsDirectory="ae4aa20d-1b3e-4e12-b2cc-d4ec9c5df25f" />
    <UnitTestResult executionId="b45834d9-16a6-449a-9d77-f5235cc16436" testId="dd8694ec-fc30-7bec-b122-aa378591b358" testName="ResolveUICulture_ReturnFixedCurrentUICulture_WhenCurrentUICultureIsSet" computerName="DKSR-EFI-06" duration="00:00:00.0004854" startTime="2024-01-09T15:41:47.2789147+01:00" endTime="2024-01-09T15:41:47.2789147+01:00" testType="13cdc9d9-ddb5-4fa4-a97d-d965ccfc6d4b" outcome="Passed" testListId="8c84fa94-04c1-424b-9868-57a2d4851a1d" relativeResultsDirectory="b45834d9-16a6-449a-9d77-f5235cc16436" />
    <UnitTestResult executionId="cc7830b0-cfbc-43bd-8701-5b099b6be830" testId="edde5423-110b-0c3e-e075-ce5d75904558" testName="ProxyClientServiceBase_CallWithRetry_Retry_CommunicationException" computerName="DKSR-EFI-06" duration="00:00:00.0022135" startTime="2024-01-09T15:41:47.3570418+01:00" endTime="2024-01-09T15:41:47.3570418+01:00" testType="13cdc9d9-ddb5-4fa4-a97d-d965ccfc6d4b" outcome="Passed" testListId="8c84fa94-04c1-424b-9868-57a2d4851a1d" relativeResultsDirectory="cc7830b0-cfbc-43bd-8701-5b099b6be830" />
    <UnitTestResult executionId="0779685b-5cc4-4191-a9f9-3ffb67307819" testId="ad8a643c-35da-9049-8612-6bdc5d70646a" testName="RecordingStorage_ChangeEncryptionMethod_Success" computerName="DKSR-EFI-06" duration="00:00:00.0026171" startTime="2024-01-09T15:41:45.8257824+01:00" endTime="2024-01-09T15:41:45.8257824+01:00" testType="13cdc9d9-ddb5-4fa4-a97d-d965ccfc6d4b" outcome="Passed" testListId="8c84fa94-04c1-424b-9868-57a2d4851a1d" relativeResultsDirectory="0779685b-5cc4-4191-a9f9-3ffb67307819" />
    <UnitTestResult executionId="1d2b666a-12be-428d-967a-c64c93edf934" testId="2bf87ab2-6a88-0eb9-8c82-d8448e22b6b4" testName="FailoverServer_Delete_Success" computerName="DKSR-EFI-06" duration="00:00:00.0006569" startTime="2024-01-09T15:41:44.9664030+01:00" endTime="2024-01-09T15:41:44.9664030+01:00" testType="13cdc9d9-ddb5-4fa4-a97d-d965ccfc6d4b" outcome="Passed" testListId="8c84fa94-04c1-424b-9868-57a2d4851a1d" relativeResultsDirectory="1d2b666a-12be-428d-967a-c64c93edf934" />
    <UnitTestResult executionId="b0fffe03-aab6-4f02-8ab1-4fa2c03aa813" testId="1b35c96d-3503-3642-f460-ec108a601a23" testName="CameraDevice_TruncateStorage_Fail_When_Deleted" computerName="DKSR-EFI-06" duration="00:00:00.0008208" startTime="2024-01-09T15:41:45.5757795+01:00" endTime="2024-01-09T15:41:45.5757795+01:00" testType="13cdc9d9-ddb5-4fa4-a97d-d965ccfc6d4b" outcome="Passed" testListId="8c84fa94-04c1-424b-9868-57a2d4851a1d" relativeResultsDirectory="b0fffe03-aab6-4f02-8ab1-4fa2c03aa813" />
    <UnitTestResult executionId="82f6d133-9e52-4a9b-b896-f5610094ac7d" testId="b306b4b4-b01e-e83f-8bed-abc820a675c9" testName="PatrollingProfile_InsertStepFirst_Create_PatrollingStep_Position" computerName="DKSR-EFI-06" duration="00:00:00.0007630" startTime="2024-01-09T15:41:45.3726547+01:00" endTime="2024-01-09T15:41:45.3726547+01:00" testType="13cdc9d9-ddb5-4fa4-a97d-d965ccfc6d4b" outcome="Passed" testListId="8c84fa94-04c1-424b-9868-57a2d4851a1d" relativeResultsDirectory="82f6d133-9e52-4a9b-b896-f5610094ac7d" />
    <UnitTestResult executionId="13cff848-c364-4728-972f-44ad780c0c9d" testId="85e92233-ab5f-a807-b135-7f0ed876ac93" testName="RecordingStorage_Delete_Success" computerName="DKSR-EFI-06" duration="00:00:00.0007229" startTime="2024-01-09T15:41:45.7632816+01:00" endTime="2024-01-09T15:41:45.7632816+01:00" testType="13cdc9d9-ddb5-4fa4-a97d-d965ccfc6d4b" outcome="Passed" testListId="8c84fa94-04c1-424b-9868-57a2d4851a1d" relativeResultsDirectory="13cff848-c364-4728-972f-44ad780c0c9d" />
    <UnitTestResult executionId="5f49498b-a5a1-49ad-88aa-863bf0b401f0" testId="2831d34d-42eb-1c85-a174-a1b3b1f5bc8c" testName="TaskDeleteIdpAdmin_Refresh_Success" computerName="DKSR-EFI-06" duration="00:00:00.0008927" startTime="2024-01-09T15:41:46.7320369+01:00" endTime="2024-01-09T15:41:46.7320369+01:00" testType="13cdc9d9-ddb5-4fa4-a97d-d965ccfc6d4b" outcome="Passed" testListId="8c84fa94-04c1-424b-9868-57a2d4851a1d" relativeResultsDirectory="5f49498b-a5a1-49ad-88aa-863bf0b401f0" />
    <UnitTestResult executionId="3fab8fd0-c04e-4022-9e07-05bc795f8bac" testId="3509a51a-9506-3a6c-aa40-072e733eab5c" testName="Constructor_NullSiteTokenCacheStore_Throws" computerName="DKSR-EFI-06" duration="00:00:00.0202425" startTime="2024-01-09T15:41:35.5757334+01:00" endTime="2024-01-09T15:41:35.5913578+01:00" testType="13cdc9d9-ddb5-4fa4-a97d-d965ccfc6d4b" outcome="Passed" testListId="8c84fa94-04c1-424b-9868-57a2d4851a1d" relativeResultsDirectory="3fab8fd0-c04e-4022-9e07-05bc795f8bac" />
    <UnitTestResult executionId="c0019889-7800-4f09-a0bb-9ef4901abcd3" testId="4b1c9fd5-c55e-1ac7-c247-da8b5bc22cfd" testName="BasicUser_Create_Success" computerName="DKSR-EFI-06" duration="00:00:00.0005596" startTime="2024-01-09T15:41:44.2805199+01:00" endTime="2024-01-09T15:41:44.2805199+01:00" testType="13cdc9d9-ddb5-4fa4-a97d-d965ccfc6d4b" outcome="Passed" testListId="8c84fa94-04c1-424b-9868-57a2d4851a1d" relativeResultsDirectory="c0019889-7800-4f09-a0bb-9ef4901abcd3" />
    <UnitTestResult executionId="b48a8b9d-23b1-4d22-852c-682650dee86e" testId="b4533e69-d8d9-25d6-b6dc-21f7ef2e7a21" testName="BasicUser_Change_Password_CheckVersionCalled" computerName="DKSR-EFI-06" duration="00:00:00.0014346" startTime="2024-01-09T15:41:44.3101479+01:00" endTime="2024-01-09T15:41:44.3101479+01:00" testType="13cdc9d9-ddb5-4fa4-a97d-d965ccfc6d4b" outcome="Passed" testListId="8c84fa94-04c1-424b-9868-57a2d4851a1d" relativeResultsDirectory="b48a8b9d-23b1-4d22-852c-682650dee86e" />
    <UnitTestResult executionId="bd40a0a3-bc26-4807-8129-ed317f8196c8" testId="8e1341ff-880d-370d-6a92-4e8d951452f2" testName="IsAddressSchemeAllowed_Http_AllowHttp_True" computerName="DKSR-EFI-06" duration="00:00:00.0001840" startTime="2024-01-09T15:41:33.9038487+01:00" endTime="2024-01-09T15:41:33.9038487+01:00" testType="13cdc9d9-ddb5-4fa4-a97d-d965ccfc6d4b" outcome="Passed" testListId="8c84fa94-04c1-424b-9868-57a2d4851a1d" relativeResultsDirectory="bd40a0a3-bc26-4807-8129-ed317f8196c8" />
    <UnitTestResult executionId="81010e21-5360-41b9-a001-ef7c7e8f2b3c" testId="6a3b15fd-8992-dcb6-1e1e-0dcb1a0e3361" testName="ProxyClientServiceBase_CallWithRetry_NoRetry_CommunicationException_IdentityServerTokenExceptionInner" computerName="DKSR-EFI-06" duration="00:00:00.0006894" startTime="2024-01-09T15:41:47.3726653+01:00" endTime="2024-01-09T15:41:47.3726653+01:00" testType="13cdc9d9-ddb5-4fa4-a97d-d965ccfc6d4b" outcome="Passed" testListId="8c84fa94-04c1-424b-9868-57a2d4851a1d" relativeResultsDirectory="81010e21-5360-41b9-a001-ef7c7e8f2b3c" />
    <UnitTestResult executionId="a2a494a9-d2ae-4fab-8f36-703ed7fc42cd" testId="da970e99-5d30-665b-42e2-538320b2de65" testName="PublicViewGroup_Create_Success" computerName="DKSR-EFI-06" duration="00:00:00.0002668" startTime="2024-01-09T15:41:45.5445311+01:00" endTime="2024-01-09T15:41:45.5445311+01:00" testType="13cdc9d9-ddb5-4fa4-a97d-d965ccfc6d4b" outcome="Passed" testListId="8c84fa94-04c1-424b-9868-57a2d4851a1d" relativeResultsDirectory="a2a494a9-d2ae-4fab-8f36-703ed7fc42cd" />
    <UnitTestResult executionId="e069482d-defa-4697-9ad0-61aaf0be71ac" testId="e474cf49-3b10-7d2f-29c0-7ecb4b93b331" testName="PatrollingProfile_Constructor_AllDefaultValues" computerName="DKSR-EFI-06" duration="00:00:00.0386409" startTime="2024-01-09T15:41:45.1226541+01:00" endTime="2024-01-09T15:41:45.1695305+01:00" testType="13cdc9d9-ddb5-4fa4-a97d-d965ccfc6d4b" outcome="Passed" testListId="8c84fa94-04c1-424b-9868-57a2d4851a1d" relativeResultsDirectory="e069482d-defa-4697-9ad0-61aaf0be71ac" />
    <UnitTestResult executionId="e351f4ff-b4f8-46a7-9308-aeabbe7d896c" testId="fee2ed2c-cc88-8403-cc84-518da17c5c01" testName="ArchiveStorage_Delete_Success" computerName="DKSR-EFI-06" duration="00:00:00.0023046" startTime="2024-01-09T15:41:44.0132708+01:00" endTime="2024-01-09T15:41:44.0132708+01:00" testType="13cdc9d9-ddb5-4fa4-a97d-d965ccfc6d4b" outcome="Passed" testListId="8c84fa94-04c1-424b-9868-57a2d4851a1d" relativeResultsDirectory="e351f4ff-b4f8-46a7-9308-aeabbe7d896c" />
    <UnitTestResult executionId="a0bf0ae6-8682-4eb8-8de9-a07249d6f666" testId="dcbbeaa9-e8e4-7fc4-4202-c31cfa0a2356" testName="TaskRequestEdgeStorage_StartNew_CheckForVersion_6_0_and_throws" computerName="DKSR-EFI-06" duration="00:00:00.0008835" startTime="2024-01-09T15:41:46.8101643+01:00" endTime="2024-01-09T15:41:46.8101643+01:00" testType="13cdc9d9-ddb5-4fa4-a97d-d965ccfc6d4b" outcome="Passed" testListId="8c84fa94-04c1-424b-9868-57a2d4851a1d" relativeResultsDirectory="a0bf0ae6-8682-4eb8-8de9-a07249d6f666" />
    <UnitTestResult executionId="5e4d234e-8bdb-4a96-a28d-2cbfd62f3bf9" testId="82f55bc6-3ab2-a6f7-27bf-31183dca4c25" testName="CameraDevice_Repository_Registered" computerName="DKSR-EFI-06" duration="00:00:00.0003438" startTime="2024-01-09T15:41:45.5757795+01:00" endTime="2024-01-09T15:41:45.5757795+01:00" testType="13cdc9d9-ddb5-4fa4-a97d-d965ccfc6d4b" outcome="Passed" testListId="8c84fa94-04c1-424b-9868-57a2d4851a1d" relativeResultsDirectory="5e4d234e-8bdb-4a96-a28d-2cbfd62f3bf9" />
    <UnitTestResult executionId="9f83ca08-5c6b-426e-956d-9240b664a9a7" testId="de2cc32a-0146-54ce-9e6b-d3aabc11ccf5" testName="ErrorResultInstance_NonXML" computerName="DKSR-EFI-06" duration="00:00:00.3916531" startTime="2024-01-09T15:41:46.2946788+01:00" endTime="2024-01-09T15:41:46.6851609+01:00" testType="13cdc9d9-ddb5-4fa4-a97d-d965ccfc6d4b" outcome="Passed" testListId="8c84fa94-04c1-424b-9868-57a2d4851a1d" relativeResultsDirectory="9f83ca08-5c6b-426e-956d-9240b664a9a7" />
    <UnitTestResult executionId="b9aff2fa-c48a-4bbe-b8a8-456953fba29a" testId="58c75aeb-e3ba-43a5-37a3-4faf9ce396c2" testName="TaskTruncateDeviceStorage_Refresh_Success" computerName="DKSR-EFI-06" duration="00:00:00.0004862" startTime="2024-01-09T15:41:46.8414127+01:00" endTime="2024-01-09T15:41:46.8414127+01:00" testType="13cdc9d9-ddb5-4fa4-a97d-d965ccfc6d4b" outcome="Passed" testListId="8c84fa94-04c1-424b-9868-57a2d4851a1d" relativeResultsDirectory="b9aff2fa-c48a-4bbe-b8a8-456953fba29a" />
    <UnitTestResult executionId="f702eee6-bad8-4596-9bd8-baf8c8efd60f" testId="75fbb975-8fbd-9b46-1732-d0df17d45bc2" testName="BasicOwnerInfo_Constructor_Property_Null_Check" computerName="DKSR-EFI-06" duration="00:00:00.0010502" startTime="2024-01-09T15:41:44.1851463+01:00" endTime="2024-01-09T15:41:44.1851463+01:00" testType="13cdc9d9-ddb5-4fa4-a97d-d965ccfc6d4b" outcome="Passed" testListId="8c84fa94-04c1-424b-9868-57a2d4851a1d" relativeResultsDirectory="f702eee6-bad8-4596-9bd8-baf8c8efd60f" />
    <UnitTestResult executionId="137d2ff9-22a6-4c1b-81aa-00320a12901d" testId="33bf6601-a349-59bb-09bd-db35fdc456d8" testName="StorageInformation_WithoutAnyTablesWithData_DefaultValue" computerName="DKSR-EFI-06" duration="00:00:00.0049882" startTime="2024-01-09T15:41:47.4507919+01:00" endTime="2024-01-09T15:41:47.4507919+01:00" testType="13cdc9d9-ddb5-4fa4-a97d-d965ccfc6d4b" outcome="Passed" testListId="8c84fa94-04c1-424b-9868-57a2d4851a1d" relativeResultsDirectory="137d2ff9-22a6-4c1b-81aa-00320a12901d" />
    <UnitTestResult executionId="18580566-0a97-4d7a-935d-96f29cc5f16c" testId="a76e7ffb-bf22-99c0-a6dc-ec511ac01fd2" testName="TaskRepairing_InternalCreate_Success" computerName="DKSR-EFI-06" duration="00:00:00.0010516" startTime="2024-01-09T15:41:46.7945393+01:00" endTime="2024-01-09T15:41:46.7945393+01:00" testType="13cdc9d9-ddb5-4fa4-a97d-d965ccfc6d4b" outcome="Passed" testListId="8c84fa94-04c1-424b-9868-57a2d4851a1d" relativeResultsDirectory="18580566-0a97-4d7a-935d-96f29cc5f16c" />
    <UnitTestResult executionId="ac956178-fb37-48c0-8805-03a61f9e8f76" testId="3637a376-ae9a-e528-afaf-e1ca2276f010" testName="Monitor_RemoveCameras_RemoveCamerasFromMonitorViewCalled" computerName="DKSR-EFI-06" duration="00:00:00.0050888" startTime="2024-01-09T15:41:45.1226541+01:00" endTime="2024-01-09T15:41:45.1226541+01:00" testType="13cdc9d9-ddb5-4fa4-a97d-d965ccfc6d4b" outcome="Passed" testListId="8c84fa94-04c1-424b-9868-57a2d4851a1d" relativeResultsDirectory="ac956178-fb37-48c0-8805-03a61f9e8f76" />
    <UnitTestResult executionId="42125a38-f224-47bf-8532-0967e9ecb4ec" testId="b2785c08-75dc-57da-3386-935b0d2e5e99" testName="TestGenericRepositoryFunctionsCanReturnByTypeAndByIds" computerName="DKSR-EFI-06" duration="00:00:00.0115791" startTime="2024-01-09T15:41:47.2476683+01:00" endTime="2024-01-09T15:41:47.2632941+01:00" testType="13cdc9d9-ddb5-4fa4-a97d-d965ccfc6d4b" outcome="Passed" testListId="8c84fa94-04c1-424b-9868-57a2d4851a1d" relativeResultsDirectory="42125a38-f224-47bf-8532-0967e9ecb4ec" />
    <UnitTestResult executionId="7dead393-a4bc-47c8-9836-1bec1946e093" testId="90d24614-d5fb-3703-283e-d3349071d86f" testName="ViewLayout_UpdateCustomProperties_PropertiesSaved" computerName="DKSR-EFI-06" duration="00:00:00.0049805" startTime="2024-01-09T15:41:47.1226661+01:00" endTime="2024-01-09T15:41:47.1226661+01:00" testType="13cdc9d9-ddb5-4fa4-a97d-d965ccfc6d4b" outcome="Passed" testListId="8c84fa94-04c1-424b-9868-57a2d4851a1d" relativeResultsDirectory="7dead393-a4bc-47c8-9836-1bec1946e093" />
    <UnitTestResult executionId="3203a2d3-77f2-4a62-a4bb-0b62e217c338" testId="046311e7-00c1-ef6d-f09a-d62fc09a26ed" testName="RecordingStorage_EnableEncryption_Success" computerName="DKSR-EFI-06" duration="00:00:00.0046263" startTime="2024-01-09T15:41:45.7945326+01:00" endTime="2024-01-09T15:41:45.8101608+01:00" testType="13cdc9d9-ddb5-4fa4-a97d-d965ccfc6d4b" outcome="Passed" testListId="8c84fa94-04c1-424b-9868-57a2d4851a1d" relativeResultsDirectory="3203a2d3-77f2-4a62-a4bb-0b62e217c338" />
    <UnitTestResult executionId="25e3058d-cfa1-45d1-b477-af0935f9f47d" testId="f84a7119-08ac-5d8d-bd12-7860ff77976c" testName="CalendarTimeProfile_Create60WithId_CheckVersionCalled" computerName="DKSR-EFI-06" duration="00:00:00.0002950" startTime="2024-01-09T15:41:46.8726632+01:00" endTime="2024-01-09T15:41:46.8726632+01:00" testType="13cdc9d9-ddb5-4fa4-a97d-d965ccfc6d4b" outcome="Passed" testListId="8c84fa94-04c1-424b-9868-57a2d4851a1d" relativeResultsDirectory="25e3058d-cfa1-45d1-b477-af0935f9f47d" />
    <UnitTestResult executionId="88fe8ef9-3169-4f5a-abfe-8c2c7bdb44e1" testId="d89ad491-5c2e-e008-fce8-2af40ce03b05" testName="VideoWallPreset_Repository_Registered" computerName="DKSR-EFI-06" duration="00:00:00.0003332" startTime="2024-01-09T15:41:47.0601663+01:00" endTime="2024-01-09T15:41:47.0601663+01:00" testType="13cdc9d9-ddb5-4fa4-a97d-d965ccfc6d4b" outcome="Passed" testListId="8c84fa94-04c1-424b-9868-57a2d4851a1d" relativeResultsDirectory="88fe8ef9-3169-4f5a-abfe-8c2c7bdb44e1" />
    <UnitTestResult executionId="abaae4f5-393d-4b35-8dcf-bfa4cd208c71" testId="1bce7956-e646-34df-076d-ce535ac6241f" testName="Construct_InvalidParam_Site_Null_Throws_ArgumentNullException" computerName="DKSR-EFI-06" duration="00:00:00.0008538" startTime="2024-01-09T15:41:47.9039241+01:00" endTime="2024-01-09T15:41:47.9039241+01:00" testType="13cdc9d9-ddb5-4fa4-a97d-d965ccfc6d4b" outcome="Passed" testListId="8c84fa94-04c1-424b-9868-57a2d4851a1d" relativeResultsDirectory="abaae4f5-393d-4b35-8dcf-bfa4cd208c71" />
    <UnitTestResult executionId="f581b34a-20ed-4bcf-82f7-674d3aa3e369" testId="54c3cb7c-2822-846e-42e4-23ede85ae7b9" testName="GenericRepositoryTestAddToCache" computerName="DKSR-EFI-06" duration="00:00:00.0023968" startTime="2024-01-09T15:41:47.2164181+01:00" endTime="2024-01-09T15:41:47.2164181+01:00" testType="13cdc9d9-ddb5-4fa4-a97d-d965ccfc6d4b" outcome="Passed" testListId="8c84fa94-04c1-424b-9868-57a2d4851a1d" relativeResultsDirectory="f581b34a-20ed-4bcf-82f7-674d3aa3e369" />
    <UnitTestResult executionId="c6f4ec28-205e-4458-9a6f-dd45e278de34" testId="b7b8e73e-c0c7-02a5-30ae-4effac23b9d0" testName="Create_GivenAddressAndCredentials_ShouldSuccess" computerName="DKSR-EFI-06" duration="00:00:00.0113417" startTime="2024-01-09T15:41:33.5288449+01:00" endTime="2024-01-09T15:41:33.5444717+01:00" testType="13cdc9d9-ddb5-4fa4-a97d-d965ccfc6d4b" outcome="Passed" testListId="8c84fa94-04c1-424b-9868-57a2d4851a1d" relativeResultsDirectory="c6f4ec28-205e-4458-9a6f-dd45e278de34" />
    <UnitTestResult executionId="b3f9e794-1e8b-4de6-8903-bc347ae633e4" testId="6e8d1193-f5e0-5129-ea68-cfedce5facb1" testName="Grid_RemoveSpecificCellSecond_CorrectCellRemoved" computerName="DKSR-EFI-06" duration="00:00:00.0002288" startTime="2024-01-09T15:41:44.6226491+01:00" endTime="2024-01-09T15:41:44.6226491+01:00" testType="13cdc9d9-ddb5-4fa4-a97d-d965ccfc6d4b" outcome="Passed" testListId="8c84fa94-04c1-424b-9868-57a2d4851a1d" relativeResultsDirectory="b3f9e794-1e8b-4de6-8903-bc347ae633e4" />
    <UnitTestResult executionId="2418f88d-15f6-4cd1-b7df-ee9101b43efb" testId="b07a5ed1-d6bb-13a6-b422-6e852334dd2a" testName="BasicOwnerInfo_Refresh_Success" computerName="DKSR-EFI-06" duration="00:00:00.0004277" startTime="2024-01-09T15:41:44.2163966+01:00" endTime="2024-01-09T15:41:44.2163966+01:00" testType="13cdc9d9-ddb5-4fa4-a97d-d965ccfc6d4b" outcome="Passed" testListId="8c84fa94-04c1-424b-9868-57a2d4851a1d" relativeResultsDirectory="2418f88d-15f6-4cd1-b7df-ee9101b43efb" />
    <UnitTestResult executionId="a60981ac-d620-4e9f-a90b-845d6faaae6b" testId="4399ec1d-2c9d-f6f6-8e33-880ef9e97bed" testName="CameraDeviceGroup_Refresh_Success" computerName="DKSR-EFI-06" duration="00:00:00.0039945" startTime="2024-01-09T15:41:44.3413975+01:00" endTime="2024-01-09T15:41:44.3413975+01:00" testType="13cdc9d9-ddb5-4fa4-a97d-d965ccfc6d4b" outcome="Passed" testListId="8c84fa94-04c1-424b-9868-57a2d4851a1d" relativeResultsDirectory="a60981ac-d620-4e9f-a90b-845d6faaae6b" />
    <UnitTestResult executionId="f42fd826-032a-4d31-882c-f45009d2d714" testId="ec17200e-ab59-1085-baef-4f43de14be21" testName="RecordingStorage_ChangeEncryptionPassword_Success" computerName="DKSR-EFI-06" duration="00:00:00.0023857" startTime="2024-01-09T15:41:45.8257824+01:00" endTime="2024-01-09T15:41:45.8414083+01:00" testType="13cdc9d9-ddb5-4fa4-a97d-d965ccfc6d4b" outcome="Passed" testListId="8c84fa94-04c1-424b-9868-57a2d4851a1d" relativeResultsDirectory="f42fd826-032a-4d31-882c-f45009d2d714" />
    <UnitTestResult executionId="6726fa52-5abe-4887-8430-9fc2f5a1a7a7" testId="6706d411-8cf1-f762-631a-95a0ad7cba2a" testName="Repairing_Refresh_Success" computerName="DKSR-EFI-06" duration="00:00:00.0002724" startTime="2024-01-09T15:41:46.2789123+01:00" endTime="2024-01-09T15:41:46.2789123+01:00" testType="13cdc9d9-ddb5-4fa4-a97d-d965ccfc6d4b" outcome="Passed" testListId="8c84fa94-04c1-424b-9868-57a2d4851a1d" relativeResultsDirectory="6726fa52-5abe-4887-8430-9fc2f5a1a7a7" />
    <UnitTestResult executionId="3766c0bc-ab57-4268-ae25-86b82b96b5a8" testId="a2b94d8f-bc5d-7cd3-30ac-b7de6576e0d9" testName="MIPAction_Refresh_Success" computerName="DKSR-EFI-06" duration="00:00:00.0003847" startTime="2024-01-09T15:41:44.8882771+01:00" endTime="2024-01-09T15:41:44.8882771+01:00" testType="13cdc9d9-ddb5-4fa4-a97d-d965ccfc6d4b" outcome="Passed" testListId="8c84fa94-04c1-424b-9868-57a2d4851a1d" relativeResultsDirectory="3766c0bc-ab57-4268-ae25-86b82b96b5a8" />
    <UnitTestResult executionId="4eb47c10-678a-4815-99b5-d11741b0a688" testId="a30d82e3-d5db-d2a0-02c3-1f769a14f7a4" testName="CalendarTimeProfile_Delete_Success" computerName="DKSR-EFI-06" duration="00:00:00.0003412" startTime="2024-01-09T15:41:46.8726632+01:00" endTime="2024-01-09T15:41:46.8726632+01:00" testType="13cdc9d9-ddb5-4fa4-a97d-d965ccfc6d4b" outcome="Passed" testListId="8c84fa94-04c1-424b-9868-57a2d4851a1d" relativeResultsDirectory="4eb47c10-678a-4815-99b5-d11741b0a688" />
    <UnitTestResult executionId="d59f0104-be67-4397-8e3a-9dc48480eb25" testId="1fca15cf-fb76-e220-7a95-4e1dd47337bd" testName="VideoWallPreset_Update_Success" computerName="DKSR-EFI-06" duration="00:00:00.0005466" startTime="2024-01-09T15:41:47.0445399+01:00" endTime="2024-01-09T15:41:47.0445399+01:00" testType="13cdc9d9-ddb5-4fa4-a97d-d965ccfc6d4b" outcome="Passed" testListId="8c84fa94-04c1-424b-9868-57a2d4851a1d" relativeResultsDirectory="d59f0104-be67-4397-8e3a-9dc48480eb25" />
    <UnitTestResult executionId="1acc1463-eea2-4cff-9f4f-9f486b19fe01" testId="20dc1a2e-8954-e203-e1bb-7c9c3a0f31b8" testName="CalendarTimeProfile_CustomProperties_CheckForVersion_7_0_and_throws" computerName="DKSR-EFI-06" duration="00:00:00.0008309" startTime="2024-01-09T15:41:46.8882876+01:00" endTime="2024-01-09T15:41:46.8882876+01:00" testType="13cdc9d9-ddb5-4fa4-a97d-d965ccfc6d4b" outcome="Passed" testListId="8c84fa94-04c1-424b-9868-57a2d4851a1d" relativeResultsDirectory="1acc1463-eea2-4cff-9f4f-9f486b19fe01" />
    <UnitTestResult executionId="198787f7-6652-411e-80d0-93ca6803aa5e" testId="a07fcde9-c61e-0639-2b44-52456ea11e7b" testName="MIPDeviceEvent_Repository_Registered" computerName="DKSR-EFI-06" duration="00:00:00.0002952" startTime="2024-01-09T15:41:44.9039023+01:00" endTime="2024-01-09T15:41:44.9039023+01:00" testType="13cdc9d9-ddb5-4fa4-a97d-d965ccfc6d4b" outcome="Passed" testListId="8c84fa94-04c1-424b-9868-57a2d4851a1d" relativeResultsDirectory="198787f7-6652-411e-80d0-93ca6803aa5e" />
    <UnitTestResult executionId="a46d9534-d3a2-4f49-9fb9-6e8949848d30" testId="3e2d5ffd-cdb1-47e2-9eb1-edf9fd7fb46d" testName="MarkedData_IsDeleted_Success" computerName="DKSR-EFI-06" duration="00:00:00.0002311" startTime="2024-01-09T15:41:44.8726514+01:00" endTime="2024-01-09T15:41:44.8726514+01:00" testType="13cdc9d9-ddb5-4fa4-a97d-d965ccfc6d4b" outcome="Passed" testListId="8c84fa94-04c1-424b-9868-57a2d4851a1d" relativeResultsDirectory="a46d9534-d3a2-4f49-9fb9-6e8949848d30" />
    <UnitTestResult executionId="f309b5ad-6e00-4d6c-a471-2a9837993310" testId="2ab3c9d9-d100-821a-7e89-307c50783177" testName="TaskDeleteRecordingStorage_Refresh_Success" computerName="DKSR-EFI-06" duration="00:00:00.0009916" startTime="2024-01-09T15:41:46.7476627+01:00" endTime="2024-01-09T15:41:46.7476627+01:00" testType="13cdc9d9-ddb5-4fa4-a97d-d965ccfc6d4b" outcome="Passed" testListId="8c84fa94-04c1-424b-9868-57a2d4851a1d" relativeResultsDirectory="f309b5ad-6e00-4d6c-a471-2a9837993310" />
    <UnitTestResult executionId="7cc06863-5099-4b13-8cb8-8ed4b1051abf" testId="09865c3a-326d-3062-49a7-b21c41b9b775" testName="RecordingStorage_Get_Using_Devices_Failed_Not_Created" computerName="DKSR-EFI-06" duration="00:00:00.0008001" startTime="2024-01-09T15:41:45.8414083+01:00" endTime="2024-01-09T15:41:45.8414083+01:00" testType="13cdc9d9-ddb5-4fa4-a97d-d965ccfc6d4b" outcome="Passed" testListId="8c84fa94-04c1-424b-9868-57a2d4851a1d" relativeResultsDirectory="7cc06863-5099-4b13-8cb8-8ed4b1051abf" />
    <UnitTestResult executionId="6cffc448-aaba-405f-9e9b-428ac0400def" testId="0994a0aa-12d5-3225-bdd7-86480d5dfd50" testName="GetSiteConnectionResult_SiteConnectionInfoWindows_Null" computerName="DKSR-EFI-06" duration="00:00:00.0172463" startTime="2024-01-09T15:41:34.1382235+01:00" endTime="2024-01-09T15:41:34.1546907+01:00" testType="13cdc9d9-ddb5-4fa4-a97d-d965ccfc6d4b" outcome="Passed" testListId="8c84fa94-04c1-424b-9868-57a2d4851a1d" relativeResultsDirectory="6cffc448-aaba-405f-9e9b-428ac0400def" />
    <UnitTestResult executionId="5e7aa2a5-4ac3-485e-bcf7-cf789d3a8113" testId="67a7be4e-cdc4-c136-f975-9b7c19eac636" testName="ManagementServer_AttachMasterSite_ArgumentException" computerName="DKSR-EFI-06" duration="00:00:00.0031977" startTime="2024-01-09T15:41:44.7632749+01:00" endTime="2024-01-09T15:41:44.7632749+01:00" testType="13cdc9d9-ddb5-4fa4-a97d-d965ccfc6d4b" outcome="Passed" testListId="8c84fa94-04c1-424b-9868-57a2d4851a1d" relativeResultsDirectory="5e7aa2a5-4ac3-485e-bcf7-cf789d3a8113" />
    <UnitTestResult executionId="ca797404-71ac-4339-aa0d-625b93c5256c" testId="b7241b1c-5cc3-ccaf-39f0-606a89437376" testName="ExceptionConverter_GetConnectionConvertedException_EndpointNotFoundException" computerName="DKSR-EFI-06" duration="00:00:00.0006194" startTime="2024-01-09T15:41:47.3257913+01:00" endTime="2024-01-09T15:41:47.3257913+01:00" testType="13cdc9d9-ddb5-4fa4-a97d-d965ccfc6d4b" outcome="Passed" testListId="8c84fa94-04c1-424b-9868-57a2d4851a1d" relativeResultsDirectory="ca797404-71ac-4339-aa0d-625b93c5256c" />
    <UnitTestResult executionId="cf48c427-be5f-446d-9f12-e203ee873bb2" testId="1ca8cc07-4e6e-b881-0a4e-6e0b13bdb304" testName="BasicUser_Change_Password_Check_Object_Created" computerName="DKSR-EFI-06" duration="00:00:00.0007047" startTime="2024-01-09T15:41:44.3101479+01:00" endTime="2024-01-09T15:41:44.3101479+01:00" testType="13cdc9d9-ddb5-4fa4-a97d-d965ccfc6d4b" outcome="Passed" testListId="8c84fa94-04c1-424b-9868-57a2d4851a1d" relativeResultsDirectory="cf48c427-be5f-446d-9f12-e203ee873bb2" />
    <UnitTestResult executionId="73f75a79-a752-4a7f-b74a-3f3534304a2d" testId="3fec8e3f-9699-85ec-6f9e-ca6647d23711" testName="VideoWallPreset_Create_Success" computerName="DKSR-EFI-06" duration="00:00:00.0004820" startTime="2024-01-09T15:41:47.0445399+01:00" endTime="2024-01-09T15:41:47.0445399+01:00" testType="13cdc9d9-ddb5-4fa4-a97d-d965ccfc6d4b" outcome="Passed" testListId="8c84fa94-04c1-424b-9868-57a2d4851a1d" relativeResultsDirectory="73f75a79-a752-4a7f-b74a-3f3534304a2d" />
    <UnitTestResult executionId="03f5656d-514f-42f6-b111-e96510145604" testId="8c919fb2-e426-f681-7eea-a918e962357f" testName="Monitor_Create_CheckVersionNotCalled" computerName="DKSR-EFI-06" duration="00:00:00.0003153" startTime="2024-01-09T15:41:45.0289037+01:00" endTime="2024-01-09T15:41:45.0289037+01:00" testType="13cdc9d9-ddb5-4fa4-a97d-d965ccfc6d4b" outcome="Passed" testListId="8c84fa94-04c1-424b-9868-57a2d4851a1d" relativeResultsDirectory="03f5656d-514f-42f6-b111-e96510145604" />
    <UnitTestResult executionId="20412e43-41b5-4906-90ab-465fdca4df6c" testId="549fe4d6-0246-94be-ca82-d07edb107e05" testName="View_Update_Success" computerName="DKSR-EFI-06" duration="00:00:00.0012464" startTime="2024-01-09T15:41:47.1382895+01:00" endTime="2024-01-09T15:41:47.1382895+01:00" testType="13cdc9d9-ddb5-4fa4-a97d-d965ccfc6d4b" outcome="Passed" testListId="8c84fa94-04c1-424b-9868-57a2d4851a1d" relativeResultsDirectory="20412e43-41b5-4906-90ab-465fdca4df6c" />
    <UnitTestResult executionId="85ba68f0-e25e-4a2a-8c35-e454dda1b81e" testId="578b66cf-7c0f-d4f3-e487-f16b179e6e14" testName="PublicViewGroup_Constructor_Name_Null_Check" computerName="DKSR-EFI-06" duration="00:00:00.0007312" startTime="2024-01-09T15:41:45.5289063+01:00" endTime="2024-01-09T15:41:45.5289063+01:00" testType="13cdc9d9-ddb5-4fa4-a97d-d965ccfc6d4b" outcome="Passed" testListId="8c84fa94-04c1-424b-9868-57a2d4851a1d" relativeResultsDirectory="85ba68f0-e25e-4a2a-8c35-e454dda1b81e" />
    <UnitTestResult executionId="f2916705-1fb4-4629-bf60-297133d49abd" testId="58080360-2f6c-9e91-26b5-fffbb103c02b" testName="PerformanceStateRuleConfiguration_Update_CheckVersionCalled" computerName="DKSR-EFI-06" duration="00:00:00.0002963" startTime="2024-01-09T15:41:45.4507806+01:00" endTime="2024-01-09T15:41:45.4507806+01:00" testType="13cdc9d9-ddb5-4fa4-a97d-d965ccfc6d4b" outcome="Passed" testListId="8c84fa94-04c1-424b-9868-57a2d4851a1d" relativeResultsDirectory="f2916705-1fb4-4629-bf60-297133d49abd" />
    <UnitTestResult executionId="58b48a65-0b77-4a7d-98cc-4ea5eb04ded6" testId="c489ee98-ff2e-4034-318b-ece3c1d11ad4" testName="RecordingStorage_Refresh_Success" computerName="DKSR-EFI-06" duration="00:00:00.0006143" startTime="2024-01-09T15:41:45.7632816+01:00" endTime="2024-01-09T15:41:45.7632816+01:00" testType="13cdc9d9-ddb5-4fa4-a97d-d965ccfc6d4b" outcome="Passed" testListId="8c84fa94-04c1-424b-9868-57a2d4851a1d" relativeResultsDirectory="58b48a65-0b77-4a7d-98cc-4ea5eb04ded6" />
    <UnitTestResult executionId="7247eb5f-ef48-4535-b50b-fd223d40327b" testId="baf17b1e-6bf7-46c2-00f9-e86fec5c4340" testName="CameraDevice_ChangeRecordingStorage_Fail_When_Deleted" computerName="DKSR-EFI-06" duration="00:00:00.0007718" startTime="2024-01-09T15:41:45.5914057+01:00" endTime="2024-01-09T15:41:45.5914057+01:00" testType="13cdc9d9-ddb5-4fa4-a97d-d965ccfc6d4b" outcome="Passed" testListId="8c84fa94-04c1-424b-9868-57a2d4851a1d" relativeResultsDirectory="7247eb5f-ef48-4535-b50b-fd223d40327b" />
    <UnitTestResult executionId="2fd010a7-a138-488b-b53a-33d895c9ffe1" testId="77c7e0b0-ebdf-3c04-24e4-82649849c9bf" testName="MIPDeviceEvent_Delete_Success" computerName="DKSR-EFI-06" duration="00:00:00.0003515" startTime="2024-01-09T15:41:44.9039023+01:00" endTime="2024-01-09T15:41:44.9039023+01:00" testType="13cdc9d9-ddb5-4fa4-a97d-d965ccfc6d4b" outcome="Passed" testListId="8c84fa94-04c1-424b-9868-57a2d4851a1d" relativeResultsDirectory="2fd010a7-a138-488b-b53a-33d895c9ffe1" />
    <UnitTestResult executionId="d1848bd7-ca04-4f68-829b-5a607eb9e12b" testId="6ac14754-ba3b-e9e4-7cf6-f99baa850490" testName="AddAddressesWithInvalidScheme_GivenInvalidAddressOnly_ShouldReturnFail" computerName="DKSR-EFI-06" duration="00:00:00.0005505" startTime="2024-01-09T15:41:35.9194891+01:00" endTime="2024-01-09T15:41:35.9194891+01:00" testType="13cdc9d9-ddb5-4fa4-a97d-d965ccfc6d4b" outcome="Passed" testListId="8c84fa94-04c1-424b-9868-57a2d4851a1d" relativeResultsDirectory="d1848bd7-ca04-4f68-829b-5a607eb9e12b" />
    <UnitTestResult executionId="5efb826d-79e9-4f88-9339-a2d48cf73ad4" testId="14ed280b-e0d1-ac05-a52b-80f44809c7e5" testName="TrustedIssuer_Constructor_DefaultValuesCorrect" computerName="DKSR-EFI-06" duration="00:00:00.0024429" startTime="2024-01-09T15:41:46.9664144+01:00" endTime="2024-01-09T15:41:46.9664144+01:00" testType="13cdc9d9-ddb5-4fa4-a97d-d965ccfc6d4b" outcome="Passed" testListId="8c84fa94-04c1-424b-9868-57a2d4851a1d" relativeResultsDirectory="5efb826d-79e9-4f88-9339-a2d48cf73ad4" />
    <UnitTestResult executionId="87390008-0e70-489f-82b4-65b6cd2422bb" testId="d7333a12-6de8-7f02-ecd3-085b65d7577a" testName="PublicViewGroup_Repository_Registered" computerName="DKSR-EFI-06" duration="00:00:00.0003233" startTime="2024-01-09T15:41:45.5445311+01:00" endTime="2024-01-09T15:41:45.5445311+01:00" testType="13cdc9d9-ddb5-4fa4-a97d-d965ccfc6d4b" outcome="Passed" testListId="8c84fa94-04c1-424b-9868-57a2d4851a1d" relativeResultsDirectory="87390008-0e70-489f-82b4-65b6cd2422bb" />
    <UnitTestResult executionId="a14b9cbf-7e31-454e-afd7-ba5b0a64f3d2" testId="9415680d-8603-0d49-0291-4a7f9126ab00" testName="ServerVersionConstructor_CompareToObjWrongObj_Failure" computerName="DKSR-EFI-06" duration="00:00:00.0008228" startTime="2024-01-09T15:41:33.4350951+01:00" endTime="2024-01-09T15:41:33.4350951+01:00" testType="13cdc9d9-ddb5-4fa4-a97d-d965ccfc6d4b" outcome="Passed" testListId="8c84fa94-04c1-424b-9868-57a2d4851a1d" relativeResultsDirectory="a14b9cbf-7e31-454e-afd7-ba5b0a64f3d2" />
    <UnitTestResult executionId="f57acf12-28cf-41ab-bccd-6893994c2793" testId="2b2d08c0-1ed0-80a3-cceb-b096ae85fa44" testName="RecordingStorage_Get_Storage_Information_Success" computerName="DKSR-EFI-06" duration="00:00:00.0015420" startTime="2024-01-09T15:41:45.7632816+01:00" endTime="2024-01-09T15:41:45.7632816+01:00" testType="13cdc9d9-ddb5-4fa4-a97d-d965ccfc6d4b" outcome="Passed" testListId="8c84fa94-04c1-424b-9868-57a2d4851a1d" relativeResultsDirectory="f57acf12-28cf-41ab-bccd-6893994c2793" />
    <UnitTestResult executionId="62451f66-336b-4c78-ae6a-7eaa64374f30" testId="a8602185-c69f-60f3-f0b2-cecb67753975" testName="RetentionOptionRoleRelation_Constructor_DefaultValuesCorrect" computerName="DKSR-EFI-06" duration="00:00:00.0019027" startTime="2024-01-09T15:41:45.8414083+01:00" endTime="2024-01-09T15:41:45.8570344+01:00" testType="13cdc9d9-ddb5-4fa4-a97d-d965ccfc6d4b" outcome="Passed" testListId="8c84fa94-04c1-424b-9868-57a2d4851a1d" relativeResultsDirectory="62451f66-336b-4c78-ae6a-7eaa64374f30" />
    <UnitTestResult executionId="1f4fbac1-d510-4ab6-a0e4-468ff2383dbd" testId="b425d510-a5ac-97dc-9358-45146422c096" testName="InputDeviceGroup_Refresh_Success" computerName="DKSR-EFI-06" duration="00:00:00.0016798" startTime="2024-01-09T15:41:44.3573643+01:00" endTime="2024-01-09T15:41:44.3573643+01:00" testType="13cdc9d9-ddb5-4fa4-a97d-d965ccfc6d4b" outcome="Passed" testListId="8c84fa94-04c1-424b-9868-57a2d4851a1d" relativeResultsDirectory="1f4fbac1-d510-4ab6-a0e4-468ff2383dbd" />
    <UnitTestResult executionId="8aef7205-c579-47ea-8ca8-cced54c63d84" testId="ea3462a5-ce30-2e6d-29ba-8f2f8f7032e2" testName="TaskAddHardware_Refresh_Success" computerName="DKSR-EFI-06" duration="00:00:00.1044620" startTime="2024-01-09T15:41:46.1382855+01:00" endTime="2024-01-09T15:41:46.2476598+01:00" testType="13cdc9d9-ddb5-4fa4-a97d-d965ccfc6d4b" outcome="Passed" testListId="8c84fa94-04c1-424b-9868-57a2d4851a1d" relativeResultsDirectory="8aef7205-c579-47ea-8ca8-cced54c63d84" />
    <UnitTestResult executionId="9b1626fd-613a-4a65-864d-1ba87865b670" testId="894802e4-a232-e078-bf9e-8dc2e44887a3" testName="GetSiteConnection_Windows_GivenLegacySiteVersion_ShouldExecuteLegacyFlow" computerName="DKSR-EFI-06" duration="00:00:00.0056868" startTime="2024-01-09T15:41:36.0132361+01:00" endTime="2024-01-09T15:41:36.0132361+01:00" testType="13cdc9d9-ddb5-4fa4-a97d-d965ccfc6d4b" outcome="Passed" testListId="8c84fa94-04c1-424b-9868-57a2d4851a1d" relativeResultsDirectory="9b1626fd-613a-4a65-864d-1ba87865b670" />
    <UnitTestResult executionId="6513e367-21c5-40ef-be5d-5b53f4e7bdef" testId="50519408-910f-6c62-3606-ad9ca319f245" testName="FailoverServerGroup_Repository_Registered" computerName="DKSR-EFI-06" duration="00:00:00.0003697" startTime="2024-01-09T15:41:44.4354952+01:00" endTime="2024-01-09T15:41:44.4354952+01:00" testType="13cdc9d9-ddb5-4fa4-a97d-d965ccfc6d4b" outcome="Passed" testListId="8c84fa94-04c1-424b-9868-57a2d4851a1d" relativeResultsDirectory="6513e367-21c5-40ef-be5d-5b53f4e7bdef" />
    <UnitTestResult executionId="135afbeb-8234-4d3b-8210-f0ba8594b179" testId="fb501942-fd1c-8085-ebe3-88733ae59551" testName="ArchiveStorage_Create_Success_Constructor" computerName="DKSR-EFI-06" duration="00:00:00.0105222" startTime="2024-01-09T15:41:43.9976436+01:00" endTime="2024-01-09T15:41:43.9976436+01:00" testType="13cdc9d9-ddb5-4fa4-a97d-d965ccfc6d4b" outcome="Passed" testListId="8c84fa94-04c1-424b-9868-57a2d4851a1d" relativeResultsDirectory="135afbeb-8234-4d3b-8210-f0ba8594b179" />
    <UnitTestResult executionId="84b9959f-67ac-4bf1-aabf-40dadb910d65" testId="4ecdbed6-4bdb-5c2b-34a1-a0870150b3ae" testName="ServerConnection_Constructor_TokenCache_UseHttps" computerName="DKSR-EFI-06" duration="00:00:00.0005524" startTime="2024-01-09T15:41:47.5289176+01:00" endTime="2024-01-09T15:41:47.5289176+01:00" testType="13cdc9d9-ddb5-4fa4-a97d-d965ccfc6d4b" outcome="Passed" testListId="8c84fa94-04c1-424b-9868-57a2d4851a1d" relativeResultsDirectory="84b9959f-67ac-4bf1-aabf-40dadb910d65" />
    <UnitTestResult executionId="4c7cf2ba-b8c2-41d0-8be2-f9419402b50d" testId="8a800ddd-8838-3308-4cf6-d393b15715b7" testName="ThrowExceptionIfProtocolIsNotAllowed_NonSecureProtocol_NonSecureAllowed_DoesNothing" computerName="DKSR-EFI-06" duration="00:00:00.0002735" startTime="2024-01-09T15:41:36.0757349+01:00" endTime="2024-01-09T15:41:36.0757349+01:00" testType="13cdc9d9-ddb5-4fa4-a97d-d965ccfc6d4b" outcome="Passed" testListId="8c84fa94-04c1-424b-9868-57a2d4851a1d" relativeResultsDirectory="4c7cf2ba-b8c2-41d0-8be2-f9419402b50d" />
    <UnitTestResult executionId="c507c732-1624-4243-ac0c-09d49cbc274b" testId="9d170ca7-07b6-b2c8-0ded-d6e1bb43097c" testName="PrivateViewGroup_Constructor_Name_Null_Check" computerName="DKSR-EFI-06" duration="00:00:00.0006587" startTime="2024-01-09T15:41:45.5132820+01:00" endTime="2024-01-09T15:41:45.5132820+01:00" testType="13cdc9d9-ddb5-4fa4-a97d-d965ccfc6d4b" outcome="Passed" testListId="8c84fa94-04c1-424b-9868-57a2d4851a1d" relativeResultsDirectory="c507c732-1624-4243-ac0c-09d49cbc274b" />
    <UnitTestResult executionId="f53490fe-aeba-4850-a6a0-97ee626b98f7" testId="ea347c4f-af5a-5f96-7af2-0ce648034b9f" testName="SunClockTimeProfile_Update_Success" computerName="DKSR-EFI-06" duration="00:00:00.0003478" startTime="2024-01-09T15:41:46.9195389+01:00" endTime="2024-01-09T15:41:46.9195389+01:00" testType="13cdc9d9-ddb5-4fa4-a97d-d965ccfc6d4b" outcome="Passed" testListId="8c84fa94-04c1-424b-9868-57a2d4851a1d" relativeResultsDirectory="f53490fe-aeba-4850-a6a0-97ee626b98f7" />
    <UnitTestResult executionId="1e337f4f-d76a-4e2a-8d25-dfad1eff0f6f" testId="0b19701d-b92d-a51b-6f73-de7c1f1becfa" testName="Role_Add_Basic_User_Member_Check_Basic_User_Created" computerName="DKSR-EFI-06" duration="00:00:00.0008711" startTime="2024-01-09T15:41:45.9507865+01:00" endTime="2024-01-09T15:41:45.9507865+01:00" testType="13cdc9d9-ddb5-4fa4-a97d-d965ccfc6d4b" outcome="Passed" testListId="8c84fa94-04c1-424b-9868-57a2d4851a1d" relativeResultsDirectory="1e337f4f-d76a-4e2a-8d25-dfad1eff0f6f" />
    <UnitTestResult executionId="f518722e-de94-4dc7-bb65-37ff0c858987" testId="74227176-8c7a-ec65-bd11-5456d1514c33" testName="TaskRepairing_Refresh_Success" computerName="DKSR-EFI-06" duration="00:00:00.0002680" startTime="2024-01-09T15:41:46.7945393+01:00" endTime="2024-01-09T15:41:46.7945393+01:00" testType="13cdc9d9-ddb5-4fa4-a97d-d965ccfc6d4b" outcome="Passed" testListId="8c84fa94-04c1-424b-9868-57a2d4851a1d" relativeResultsDirectory="f518722e-de94-4dc7-bb65-37ff0c858987" />
    <UnitTestResult executionId="c245ba81-4ec9-46dc-819e-4495c1682a53" testId="75a03c35-ee62-94d4-b7e1-73fa3a012bb6" testName="ErrorResultInstance_XML" computerName="DKSR-EFI-06" duration="00:00:00.0263758" startTime="2024-01-09T15:41:46.7007884+01:00" endTime="2024-01-09T15:41:46.7164130+01:00" testType="13cdc9d9-ddb5-4fa4-a97d-d965ccfc6d4b" outcome="Passed" testListId="8c84fa94-04c1-424b-9868-57a2d4851a1d" relativeResultsDirectory="c245ba81-4ec9-46dc-819e-4495c1682a53" />
    <UnitTestResult executionId="f31923cf-e61e-427e-b923-aa7e3738d09e" testId="8e5b3b2d-d576-7b21-70fc-c6981a8f9328" testName="InputDevice_Repository_Registered" computerName="DKSR-EFI-06" duration="00:00:00.0015144" startTime="2024-01-09T15:41:45.6226566+01:00" endTime="2024-01-09T15:41:45.6226566+01:00" testType="13cdc9d9-ddb5-4fa4-a97d-d965ccfc6d4b" outcome="Passed" testListId="8c84fa94-04c1-424b-9868-57a2d4851a1d" relativeResultsDirectory="f31923cf-e61e-427e-b923-aa7e3738d09e" />
    <UnitTestResult executionId="b69690d6-72c0-4b8f-8011-ae0847aca6b2" testId="2e7ddda3-0753-ee69-12f3-a89221333475" testName="ServerConnection_Constructor_Null_TokenCache" computerName="DKSR-EFI-06" duration="00:00:00.0006888" startTime="2024-01-09T15:41:47.4976676+01:00" endTime="2024-01-09T15:41:47.4976676+01:00" testType="13cdc9d9-ddb5-4fa4-a97d-d965ccfc6d4b" outcome="Passed" testListId="8c84fa94-04c1-424b-9868-57a2d4851a1d" relativeResultsDirectory="b69690d6-72c0-4b8f-8011-ae0847aca6b2" />
    <UnitTestResult executionId="e4ace930-3733-4b36-a1da-e8551a2df938" testId="27419a8a-3663-5bd2-0ace-4a8da03cddaf" testName="TryGetPropertyValue_Guid_NonEmptyString_ReturnsGuid" computerName="DKSR-EFI-06" duration="00:00:00.0020019" startTime="2024-01-09T15:41:47.4507919+01:00" endTime="2024-01-09T15:41:47.4507919+01:00" testType="13cdc9d9-ddb5-4fa4-a97d-d965ccfc6d4b" outcome="Passed" testListId="8c84fa94-04c1-424b-9868-57a2d4851a1d" relativeResultsDirectory="e4ace930-3733-4b36-a1da-e8551a2df938" />
    <UnitTestResult executionId="e2740371-65bc-44b9-8e2f-772683473ee4" testId="50ccfab2-c8b8-e6d6-b76d-97f3c7335a90" testName="RuleSource_Refresh_CheckVersionCalled" computerName="DKSR-EFI-06" duration="00:00:00.0003069" startTime="2024-01-09T15:41:46.0132836+01:00" endTime="2024-01-09T15:41:46.0132836+01:00" testType="13cdc9d9-ddb5-4fa4-a97d-d965ccfc6d4b" outcome="Passed" testListId="8c84fa94-04c1-424b-9868-57a2d4851a1d" relativeResultsDirectory="e2740371-65bc-44b9-8e2f-772683473ee4" />
    <UnitTestResult executionId="ed4d4e25-9866-499e-ac05-b71884e140f4" testId="1b1c96a6-b8c1-c201-3b0f-d6f5700369b2" testName="AddSiteAddressWithError_GivenSomeSiteError_ShouldReturnFail" computerName="DKSR-EFI-06" duration="00:00:00.0003490" startTime="2024-01-09T15:41:35.9351085+01:00" endTime="2024-01-09T15:41:35.9351085+01:00" testType="13cdc9d9-ddb5-4fa4-a97d-d965ccfc6d4b" outcome="Passed" testListId="8c84fa94-04c1-424b-9868-57a2d4851a1d" relativeResultsDirectory="ed4d4e25-9866-499e-ac05-b71884e140f4" />
    <UnitTestResult executionId="993f0ef5-2e25-4cd9-a311-ffe4baf15f93" testId="fceb9d29-7da0-1e6c-c8a8-820c7f40d746" testName="ArchiveStorage_Enable_Framerate_Reduction_Success" computerName="DKSR-EFI-06" duration="00:00:00.0047066" startTime="2024-01-09T15:41:44.1070202+01:00" endTime="2024-01-09T15:41:44.1070202+01:00" testType="13cdc9d9-ddb5-4fa4-a97d-d965ccfc6d4b" outcome="Passed" testListId="8c84fa94-04c1-424b-9868-57a2d4851a1d" relativeResultsDirectory="993f0ef5-2e25-4cd9-a311-ffe4baf15f93" />
    <UnitTestResult executionId="d434fa37-e259-4a2e-91e8-8490d6cf2ff4" testId="134754e0-c445-e969-35d8-c17e9cb798f9" testName="Role_Remove_Member_Success" computerName="DKSR-EFI-06" duration="00:00:00.0033375" startTime="2024-01-09T15:41:45.9507865+01:00" endTime="2024-01-09T15:41:45.9507865+01:00" testType="13cdc9d9-ddb5-4fa4-a97d-d965ccfc6d4b" outcome="Passed" testListId="8c84fa94-04c1-424b-9868-57a2d4851a1d" relativeResultsDirectory="d434fa37-e259-4a2e-91e8-8490d6cf2ff4" />
    <UnitTestResult executionId="19b88396-774d-48aa-bfb1-f335dfb53f5d" testId="045e707a-1078-b7cb-3af0-c83024c5a95c" testName="BasicOwnerInfo_Delete_Success" computerName="DKSR-EFI-06" duration="00:00:00.0004201" startTime="2024-01-09T15:41:44.2320219+01:00" endTime="2024-01-09T15:41:44.2320219+01:00" testType="13cdc9d9-ddb5-4fa4-a97d-d965ccfc6d4b" outcome="Passed" testListId="8c84fa94-04c1-424b-9868-57a2d4851a1d" relativeResultsDirectory="19b88396-774d-48aa-bfb1-f335dfb53f5d" />
    <UnitTestResult executionId="00f2f011-931e-49ac-b518-65c87c3f091d" testId="8f734c84-010b-fd88-9118-98e3804d5b92" testName="Grid_SetSpecificRegion_CorectAxis" computerName="DKSR-EFI-06" duration="00:00:00.0014745" startTime="2024-01-09T15:41:44.6070232+01:00" endTime="2024-01-09T15:41:44.6070232+01:00" testType="13cdc9d9-ddb5-4fa4-a97d-d965ccfc6d4b" outcome="Passed" testListId="8c84fa94-04c1-424b-9868-57a2d4851a1d" relativeResultsDirectory="00f2f011-931e-49ac-b518-65c87c3f091d" />
    <UnitTestResult executionId="9817571a-a5af-4c38-8d5d-7e42273ae8e9" testId="080dfb13-5944-cd0b-e84c-37ce02f84942" testName="Construct_Credentials_InvalidParam_Credentials_Null_Throws_ArgumentNullException" computerName="DKSR-EFI-06" duration="00:00:00.0006449" startTime="2024-01-09T15:41:47.9351699+01:00" endTime="2024-01-09T15:41:47.9351699+01:00" testType="13cdc9d9-ddb5-4fa4-a97d-d965ccfc6d4b" outcome="Passed" testListId="8c84fa94-04c1-424b-9868-57a2d4851a1d" relativeResultsDirectory="9817571a-a5af-4c38-8d5d-7e42273ae8e9" />
    <UnitTestResult executionId="aba16e99-1a83-46c0-be66-db7d48f99843" testId="d2fb9de0-5e4f-ac12-aa83-8550f95e5a01" testName="GenericRepositoryTestGetObjectByIdsServerCalled" computerName="DKSR-EFI-06" duration="00:00:00.0027131" startTime="2024-01-09T15:41:47.2007892+01:00" endTime="2024-01-09T15:41:47.2007892+01:00" testType="13cdc9d9-ddb5-4fa4-a97d-d965ccfc6d4b" outcome="Passed" testListId="8c84fa94-04c1-424b-9868-57a2d4851a1d" relativeResultsDirectory="aba16e99-1a83-46c0-be66-db7d48f99843" />
    <UnitTestResult executionId="735cd3ec-ff58-4962-9a65-117f28852730" testId="41b278f2-92eb-a92d-9fbd-d70cb8578d79" testName="TryConnectLegacyAsUser_GivenUnexpectedServerId_ShouldDisconnectDisposeAllAndReturnNull" computerName="DKSR-EFI-06" duration="00:00:00.0092337" startTime="2024-01-09T15:41:43.8726448+01:00" endTime="2024-01-09T15:41:43.8882693+01:00" testType="13cdc9d9-ddb5-4fa4-a97d-d965ccfc6d4b" outcome="Passed" testListId="8c84fa94-04c1-424b-9868-57a2d4851a1d" relativeResultsDirectory="735cd3ec-ff58-4962-9a65-117f28852730" />
    <UnitTestResult executionId="e071f1f2-2754-4c3e-9966-15cc89c9348d" testId="e3f1d3c8-0311-824e-8050-95178be5e52c" testName="ArchiveStorage_Repository_Registered" computerName="DKSR-EFI-06" duration="00:00:00.0139984" startTime="2024-01-09T15:41:44.0288931+01:00" endTime="2024-01-09T15:41:44.0445216+01:00" testType="13cdc9d9-ddb5-4fa4-a97d-d965ccfc6d4b" outcome="Passed" testListId="8c84fa94-04c1-424b-9868-57a2d4851a1d" relativeResultsDirectory="e071f1f2-2754-4c3e-9966-15cc89c9348d" />
    <UnitTestResult executionId="4faa3760-4cec-4682-81b7-5083b856504a" testId="acfe2752-9929-f7a5-f06b-9a3f6d2df54f" testName="TaskHardwareScan_Refresh_Success" computerName="DKSR-EFI-06" duration="00:00:00.0026984" startTime="2024-01-09T15:41:47.4507919+01:00" endTime="2024-01-09T15:41:47.4664165+01:00" testType="13cdc9d9-ddb5-4fa4-a97d-d965ccfc6d4b" outcome="Passed" testListId="8c84fa94-04c1-424b-9868-57a2d4851a1d" relativeResultsDirectory="4faa3760-4cec-4682-81b7-5083b856504a" />
    <UnitTestResult executionId="c74a4adb-157f-4352-91d0-666cdaec0f32" testId="455c7ea6-44fe-ef1f-ec74-2e3bb517d295" testName="ManagementServer_DetachChildSite_NonChild_ArgumentException" computerName="DKSR-EFI-06" duration="00:00:00.0015678" startTime="2024-01-09T15:41:44.7476516+01:00" endTime="2024-01-09T15:41:44.7476516+01:00" testType="13cdc9d9-ddb5-4fa4-a97d-d965ccfc6d4b" outcome="Passed" testListId="8c84fa94-04c1-424b-9868-57a2d4851a1d" relativeResultsDirectory="c74a4adb-157f-4352-91d0-666cdaec0f32" />
    <UnitTestResult executionId="ba73cdfd-5c89-473a-945e-d3d3d61d0a4c" testId="f286f172-7e8c-bc8d-99b5-b1e12f8b2bb3" testName="TestGenericRepositoryFunctionsCorrectlyHandlesEmptyCollections" computerName="DKSR-EFI-06" duration="00:00:00.0004226" startTime="2024-01-09T15:41:47.2632941+01:00" endTime="2024-01-09T15:41:47.2632941+01:00" testType="13cdc9d9-ddb5-4fa4-a97d-d965ccfc6d4b" outcome="Passed" testListId="8c84fa94-04c1-424b-9868-57a2d4851a1d" relativeResultsDirectory="ba73cdfd-5c89-473a-945e-d3d3d61d0a4c" />
    <UnitTestResult executionId="aca677ac-923b-4c67-9dc7-2fb7608cf511" testId="950e39ec-c1b7-542e-8809-1780fb99f205" testName="IsAddressSchemeAllowed_Https_AllowHttp_False" computerName="DKSR-EFI-06" duration="00:00:00.0001794" startTime="2024-01-09T15:41:33.9194736+01:00" endTime="2024-01-09T15:41:33.9194736+01:00" testType="13cdc9d9-ddb5-4fa4-a97d-d965ccfc6d4b" outcome="Passed" testListId="8c84fa94-04c1-424b-9868-57a2d4851a1d" relativeResultsDirectory="aca677ac-923b-4c67-9dc7-2fb7608cf511" />
    <UnitTestResult executionId="a842117a-36be-4471-9585-e6753d3db96b" testId="29308019-0c56-dbff-6050-2c7cd2ff9cc5" testName="VideoWall_Update_Success" computerName="DKSR-EFI-06" duration="00:00:00.0004686" startTime="2024-01-09T15:41:47.0757909+01:00" endTime="2024-01-09T15:41:47.0757909+01:00" testType="13cdc9d9-ddb5-4fa4-a97d-d965ccfc6d4b" outcome="Passed" testListId="8c84fa94-04c1-424b-9868-57a2d4851a1d" relativeResultsDirectory="a842117a-36be-4471-9585-e6753d3db96b" />
    <UnitTestResult executionId="c46c09f6-3f04-4822-953f-8c23d7251849" testId="156b4fa6-3984-821f-9411-f6545248be61" testName="CalendarTimeProfile_Constructor_DefaultValuesCorrect" computerName="DKSR-EFI-06" duration="00:00:00.0020564" startTime="2024-01-09T15:41:46.8414127+01:00" endTime="2024-01-09T15:41:46.8570397+01:00" testType="13cdc9d9-ddb5-4fa4-a97d-d965ccfc6d4b" outcome="Passed" testListId="8c84fa94-04c1-424b-9868-57a2d4851a1d" relativeResultsDirectory="c46c09f6-3f04-4822-953f-8c23d7251849" />
    <UnitTestResult executionId="183f1649-b1ac-4de8-9c04-dc32bf162c7b" testId="9fb13209-5497-c932-ef08-cafb61cad12c" testName="SunClockTimeProfile_Delete_Success" computerName="DKSR-EFI-06" duration="00:00:00.0002297" startTime="2024-01-09T15:41:46.9195389+01:00" endTime="2024-01-09T15:41:46.9195389+01:00" testType="13cdc9d9-ddb5-4fa4-a97d-d965ccfc6d4b" outcome="Passed" testListId="8c84fa94-04c1-424b-9868-57a2d4851a1d" relativeResultsDirectory="183f1649-b1ac-4de8-9c04-dc32bf162c7b" />
    <UnitTestResult executionId="2a97d79c-6076-4dc9-b8a5-1a06501f76f1" testId="5373db25-0e0f-9f54-026a-a5838164bd0a" testName="Grid_SetRegionYBelowValid_Exception" computerName="DKSR-EFI-06" duration="00:00:00.0005072" startTime="2024-01-09T15:41:44.5913994+01:00" endTime="2024-01-09T15:41:44.5913994+01:00" testType="13cdc9d9-ddb5-4fa4-a97d-d965ccfc6d4b" outcome="Passed" testListId="8c84fa94-04c1-424b-9868-57a2d4851a1d" relativeResultsDirectory="2a97d79c-6076-4dc9-b8a5-1a06501f76f1" />
    <UnitTestResult executionId="4482e438-bd80-441a-935e-d4f181233d77" testId="3df92da4-13c2-77c3-4f95-4187fe50fc93" testName="RecordingStorage_DisableEncryption_Success" computerName="DKSR-EFI-06" duration="00:00:00.0024939" startTime="2024-01-09T15:41:45.8101608+01:00" endTime="2024-01-09T15:41:45.8101608+01:00" testType="13cdc9d9-ddb5-4fa4-a97d-d965ccfc6d4b" outcome="Passed" testListId="8c84fa94-04c1-424b-9868-57a2d4851a1d" relativeResultsDirectory="4482e438-bd80-441a-935e-d4f181233d77" />
    <UnitTestResult executionId="f70799fa-6f87-41e0-9971-4bba9e14dee2" testId="0be9096d-8606-eb90-db7e-1ff2f6d67641" testName="BasicUser_Constructor_Username_Empty_Check" computerName="DKSR-EFI-06" duration="00:00:00.0007657" startTime="2024-01-09T15:41:44.2632701+01:00" endTime="2024-01-09T15:41:44.2632701+01:00" testType="13cdc9d9-ddb5-4fa4-a97d-d965ccfc6d4b" outcome="Passed" testListId="8c84fa94-04c1-424b-9868-57a2d4851a1d" relativeResultsDirectory="f70799fa-6f87-41e0-9971-4bba9e14dee2" />
    <UnitTestResult executionId="7a617809-ad2e-4ffc-9b00-1c8eecde10aa" testId="a17ff5e3-f1d2-d696-57d7-c12b7744d935" testName="MIPAction_Delete_Success" computerName="DKSR-EFI-06" duration="00:00:00.0003570" startTime="2024-01-09T15:41:44.8882771+01:00" endTime="2024-01-09T15:41:44.8882771+01:00" testType="13cdc9d9-ddb5-4fa4-a97d-d965ccfc6d4b" outcome="Passed" testListId="8c84fa94-04c1-424b-9868-57a2d4851a1d" relativeResultsDirectory="7a617809-ad2e-4ffc-9b00-1c8eecde10aa" />
    <UnitTestResult executionId="d9521841-5768-43e1-9139-9561a27f5fd7" testId="c6542e85-9b3f-7672-00a9-5f09c0c1d8b9" testName="IsAddressSchemeAllowed_Http_AllowHttp_False" computerName="DKSR-EFI-06" duration="00:00:00.0001727" startTime="2024-01-09T15:41:33.9194736+01:00" endTime="2024-01-09T15:41:33.9194736+01:00" testType="13cdc9d9-ddb5-4fa4-a97d-d965ccfc6d4b" outcome="Passed" testListId="8c84fa94-04c1-424b-9868-57a2d4851a1d" relativeResultsDirectory="d9521841-5768-43e1-9139-9561a27f5fd7" />
    <UnitTestResult executionId="f35350af-15cf-4514-835c-0cf5ce8c5dd4" testId="ddf551cb-b112-7f3f-cb8d-7b0e12283f64" testName="GetSiteConnection_Windows_GivenOauthSiteVersion_ShouldExecuteOauthFlow" computerName="DKSR-EFI-06" duration="00:00:00.0211600" startTime="2024-01-09T15:41:36.0132361+01:00" endTime="2024-01-09T15:41:36.0444856+01:00" testType="13cdc9d9-ddb5-4fa4-a97d-d965ccfc6d4b" outcome="Passed" testListId="8c84fa94-04c1-424b-9868-57a2d4851a1d" relativeResultsDirectory="f35350af-15cf-4514-835c-0cf5ce8c5dd4" />
    <UnitTestResult executionId="b90c23a2-2c73-481d-acd4-b07be1230ada" testId="e0c9131b-164e-efd9-9c38-343bf3724bdf" testName="RecordingServer_CustomProperties_CheckForVersion_7_0_and_throws" computerName="DKSR-EFI-06" duration="00:00:00.0015141" startTime="2024-01-09T15:41:45.7164066+01:00" endTime="2024-01-09T15:41:45.7164066+01:00" testType="13cdc9d9-ddb5-4fa4-a97d-d965ccfc6d4b" outcome="Passed" testListId="8c84fa94-04c1-424b-9868-57a2d4851a1d" relativeResultsDirectory="b90c23a2-2c73-481d-acd4-b07be1230ada" />
    <UnitTestResult executionId="2ca1d91d-69db-4f0f-9dcb-753050afe11a" testId="b53800a6-c30a-b14a-00eb-e7ed3eb06cd9" testName="OutputDeviceGroup_Refresh_Success" computerName="DKSR-EFI-06" duration="00:00:00.0017144" startTime="2024-01-09T15:41:44.3573643+01:00" endTime="2024-01-09T15:41:44.3573643+01:00" testType="13cdc9d9-ddb5-4fa4-a97d-d965ccfc6d4b" outcome="Passed" testListId="8c84fa94-04c1-424b-9868-57a2d4851a1d" relativeResultsDirectory="2ca1d91d-69db-4f0f-9dcb-753050afe11a" />
    <UnitTestResult executionId="dbb9947d-d467-417d-9326-48ee890ee9aa" testId="0507bcc1-e4fc-1936-fe78-283dd5cecc14" testName="BasicOwnerInfo_Constructor_DefaultValuesCorrect" computerName="DKSR-EFI-06" duration="00:00:00.0030279" startTime="2024-01-09T15:41:44.1695222+01:00" endTime="2024-01-09T15:41:44.1851463+01:00" testType="13cdc9d9-ddb5-4fa4-a97d-d965ccfc6d4b" outcome="Passed" testListId="8c84fa94-04c1-424b-9868-57a2d4851a1d" relativeResultsDirectory="dbb9947d-d467-417d-9326-48ee890ee9aa" />
    <UnitTestResult executionId="318cc1df-8da1-47cf-b4d1-ff839d77b58d" testId="217af38c-4cb1-d200-9bd6-d154fb61e27a" testName="Hardware_ChangePassword_Before_v101_NotSupported" computerName="DKSR-EFI-06" duration="00:00:00.0009134" startTime="2024-01-09T15:41:45.7007834+01:00" endTime="2024-01-09T15:41:45.7007834+01:00" testType="13cdc9d9-ddb5-4fa4-a97d-d965ccfc6d4b" outcome="Passed" testListId="8c84fa94-04c1-424b-9868-57a2d4851a1d" relativeResultsDirectory="318cc1df-8da1-47cf-b4d1-ff839d77b58d" />
    <UnitTestResult executionId="0ee47450-c81d-4f7c-8f3d-3f37dc049d41" testId="aeab3429-d90c-d2f2-7b84-011732585310" testName="ExceptionConverter_GetConnectionConvertedException_TimeoutException" computerName="DKSR-EFI-06" duration="00:00:00.0006362" startTime="2024-01-09T15:41:47.2789147+01:00" endTime="2024-01-09T15:41:47.2789147+01:00" testType="13cdc9d9-ddb5-4fa4-a97d-d965ccfc6d4b" outcome="Passed" testListId="8c84fa94-04c1-424b-9868-57a2d4851a1d" relativeResultsDirectory="0ee47450-c81d-4f7c-8f3d-3f37dc049d41" />
    <UnitTestResult executionId="07e1e933-cae4-4920-8d88-6957cf71053a" testId="78adf058-2432-8838-f7fc-3dd894e13527" testName="PerformanceStateRuleConfiguration_IsDeleted_Success" computerName="DKSR-EFI-06" duration="00:00:00.0003475" startTime="2024-01-09T15:41:45.4976571+01:00" endTime="2024-01-09T15:41:45.4976571+01:00" testType="13cdc9d9-ddb5-4fa4-a97d-d965ccfc6d4b" outcome="Passed" testListId="8c84fa94-04c1-424b-9868-57a2d4851a1d" relativeResultsDirectory="07e1e933-cae4-4920-8d88-6957cf71053a" />
    <UnitTestResult executionId="1150c527-2b08-41ea-a701-a2b86b24292f" testId="88db907c-2729-b881-7e27-60f3def562f7" testName="ServerVersionConstructor_ShortString_Failure" computerName="DKSR-EFI-06" duration="00:00:00.0007480" startTime="2024-01-09T15:41:33.3569696+01:00" endTime="2024-01-09T15:41:33.3569696+01:00" testType="13cdc9d9-ddb5-4fa4-a97d-d965ccfc6d4b" outcome="Passed" testListId="8c84fa94-04c1-424b-9868-57a2d4851a1d" relativeResultsDirectory="1150c527-2b08-41ea-a701-a2b86b24292f" />
    <UnitTestResult executionId="cfb874fc-5f0a-44fb-bec9-77609311699b" testId="22a1ee5b-9030-e5bc-e843-195f986e0da9" testName="Hardware_Refresh_Fail_Not_Created" computerName="DKSR-EFI-06" duration="00:00:00.0005906" startTime="2024-01-09T15:41:45.6695307+01:00" endTime="2024-01-09T15:41:45.6695307+01:00" testType="13cdc9d9-ddb5-4fa4-a97d-d965ccfc6d4b" outcome="Passed" testListId="8c84fa94-04c1-424b-9868-57a2d4851a1d" relativeResultsDirectory="cfb874fc-5f0a-44fb-bec9-77609311699b" />
    <UnitTestResult executionId="11534b1f-a54e-45c6-8661-1b42aea11ec3" testId="11c49146-971a-8022-58c8-ad28e7cf0573" testName="PerformanceStateRuleConfiguration_Delete_CheckVersionCalled" computerName="DKSR-EFI-06" duration="00:00:00.0003591" startTime="2024-01-09T15:41:45.4820316+01:00" endTime="2024-01-09T15:41:45.4820316+01:00" testType="13cdc9d9-ddb5-4fa4-a97d-d965ccfc6d4b" outcome="Passed" testListId="8c84fa94-04c1-424b-9868-57a2d4851a1d" relativeResultsDirectory="11534b1f-a54e-45c6-8661-1b42aea11ec3" />
    <UnitTestResult executionId="37d43ac8-a7b1-4a52-9e21-e32a4004d04b" testId="417144aa-4122-7ec4-01c5-f3e4baa6fbc3" testName="Master_Refresh_NotCreated_InvalidOperationException" computerName="DKSR-EFI-06" duration="00:00:00.0020777" startTime="2024-01-09T15:41:46.0601584+01:00" endTime="2024-01-09T15:41:46.0601584+01:00" testType="13cdc9d9-ddb5-4fa4-a97d-d965ccfc6d4b" outcome="Passed" testListId="8c84fa94-04c1-424b-9868-57a2d4851a1d" relativeResultsDirectory="37d43ac8-a7b1-4a52-9e21-e32a4004d04b" />
    <UnitTestResult executionId="f62b59b1-8449-4bce-9332-9c04f34a2b93" testId="cbf50a76-c1d6-e3d2-04f2-a9504eb28170" testName="GetIdpInfo_GivenErrorResponseFromIdpServerValidationLongTimeout_ShouldThrow" computerName="DKSR-EFI-06" duration="00:00:00.0040283" startTime="2024-01-09T15:41:36.1226117+01:00" endTime="2024-01-09T15:41:36.1226117+01:00" testType="13cdc9d9-ddb5-4fa4-a97d-d965ccfc6d4b" outcome="Passed" testListId="8c84fa94-04c1-424b-9868-57a2d4851a1d" relativeResultsDirectory="f62b59b1-8449-4bce-9332-9c04f34a2b93" />
    <UnitTestResult executionId="dc4f8070-8811-4807-98b5-afadccbc4589" testId="9b0a46c5-cc0f-583d-4f43-3b9ec7a0262e" testName="AxisTunnelServer_Repository_Registered" computerName="DKSR-EFI-06" duration="00:00:00.0003882" startTime="2024-01-09T15:41:44.1695222+01:00" endTime="2024-01-09T15:41:44.1695222+01:00" testType="13cdc9d9-ddb5-4fa4-a97d-d965ccfc6d4b" outcome="Passed" testListId="8c84fa94-04c1-424b-9868-57a2d4851a1d" relativeResultsDirectory="dc4f8070-8811-4807-98b5-afadccbc4589" />
    <UnitTestResult executionId="4869b734-f7e4-420f-895f-3af79d451a4c" testId="0d941a8f-5acf-3904-bc13-7b093784f788" testName="GetSiteConnection_Windows_GivenSiteVersionNull_ShouldExecuteLegacyFlow" computerName="DKSR-EFI-06" duration="00:00:00.0034698" startTime="2024-01-09T15:41:36.0132361+01:00" endTime="2024-01-09T15:41:36.0132361+01:00" testType="13cdc9d9-ddb5-4fa4-a97d-d965ccfc6d4b" outcome="Passed" testListId="8c84fa94-04c1-424b-9868-57a2d4851a1d" relativeResultsDirectory="4869b734-f7e4-420f-895f-3af79d451a4c" />
    <UnitTestResult executionId="72473788-3c2e-4611-b7a1-f8f5d99f68eb" testId="7830b5c8-a7fb-22af-0a4e-64c1e036d283" testName="Grid_Constructor_Full_Grid" computerName="DKSR-EFI-06" duration="00:00:00.0013320" startTime="2024-01-09T15:41:44.5445237+01:00" endTime="2024-01-09T15:41:44.5445237+01:00" testType="13cdc9d9-ddb5-4fa4-a97d-d965ccfc6d4b" outcome="Passed" testListId="8c84fa94-04c1-424b-9868-57a2d4851a1d" relativeResultsDirectory="72473788-3c2e-4611-b7a1-f8f5d99f68eb" />
    <UnitTestResult executionId="6b92b259-555c-4528-9c19-7e61237c2a0a" testId="181cf575-df74-dcfd-8990-f51d9a015474" testName="GetFastestIdpInfo_GivenEmptyAddresses_ShouldThrow" computerName="DKSR-EFI-06" duration="00:00:00.0013101" startTime="2024-01-09T15:41:36.1694904+01:00" endTime="2024-01-09T15:41:36.1694904+01:00" testType="13cdc9d9-ddb5-4fa4-a97d-d965ccfc6d4b" outcome="Passed" testListId="8c84fa94-04c1-424b-9868-57a2d4851a1d" relativeResultsDirectory="6b92b259-555c-4528-9c19-7e61237c2a0a" />
    <UnitTestResult executionId="86fc9805-cb52-43d6-98a2-376d2ac85e22" testId="ef727d84-0446-236e-df91-a9083a3b0329" testName="CameraDevice_RequestEdgeStorageRetrieval_Fail_NotSupported" computerName="DKSR-EFI-06" duration="00:00:00.0008224" startTime="2024-01-09T15:41:45.6070318+01:00" endTime="2024-01-09T15:41:45.6070318+01:00" testType="13cdc9d9-ddb5-4fa4-a97d-d965ccfc6d4b" outcome="Passed" testListId="8c84fa94-04c1-424b-9868-57a2d4851a1d" relativeResultsDirectory="86fc9805-cb52-43d6-98a2-376d2ac85e22" />
    <UnitTestResult executionId="0b873689-4811-4a62-bc40-91ed6daad6ca" testId="0945cec8-9df8-c925-31b3-e54c187435b0" testName="MonitorPreset_Repository_Registered" computerName="DKSR-EFI-06" duration="00:00:00.0002726" startTime="2024-01-09T15:41:44.9820279+01:00" endTime="2024-01-09T15:41:44.9820279+01:00" testType="13cdc9d9-ddb5-4fa4-a97d-d965ccfc6d4b" outcome="Passed" testListId="8c84fa94-04c1-424b-9868-57a2d4851a1d" relativeResultsDirectory="0b873689-4811-4a62-bc40-91ed6daad6ca" />
    <UnitTestResult executionId="2ec7dbf4-71ba-47c5-83a6-bb26b98b165a" testId="da461f26-5d63-523f-2d23-b341fc1ad023" testName="ServerVersionConstructor_Version_Success" computerName="DKSR-EFI-06" duration="00:00:00.0004463" startTime="2024-01-09T15:41:33.3882222+01:00" endTime="2024-01-09T15:41:33.3882222+01:00" testType="13cdc9d9-ddb5-4fa4-a97d-d965ccfc6d4b" outcome="Passed" testListId="8c84fa94-04c1-424b-9868-57a2d4851a1d" relativeResultsDirectory="2ec7dbf4-71ba-47c5-83a6-bb26b98b165a" />
    <UnitTestResult executionId="3b2728fd-86a7-4ac1-89af-0a9962ad9787" testId="77094078-2d38-3195-3ad3-88b3615b784b" testName="Constructor_SiteAddressCache_Null" computerName="DKSR-EFI-06" duration="00:00:00.0082460" startTime="2024-01-09T15:41:34.1069732+01:00" endTime="2024-01-09T15:41:34.1226008+01:00" testType="13cdc9d9-ddb5-4fa4-a97d-d965ccfc6d4b" outcome="Passed" testListId="8c84fa94-04c1-424b-9868-57a2d4851a1d" relativeResultsDirectory="3b2728fd-86a7-4ac1-89af-0a9962ad9787" />
    <UnitTestResult executionId="3a74f7c7-1f5a-4f82-8324-9e0c161d3d39" testId="28bcafb2-125c-2190-aeb9-78e3e150b00b" testName="TryGetPropertyValue_NonNullableType_ReturnsCorrectValue" computerName="DKSR-EFI-06" duration="00:00:00.0002460" startTime="2024-01-09T15:41:47.4195430+01:00" endTime="2024-01-09T15:41:47.4351672+01:00" testType="13cdc9d9-ddb5-4fa4-a97d-d965ccfc6d4b" outcome="Passed" testListId="8c84fa94-04c1-424b-9868-57a2d4851a1d" relativeResultsDirectory="3a74f7c7-1f5a-4f82-8324-9e0c161d3d39" />
    <UnitTestResult executionId="1860b18a-25f4-4589-a39f-ce46bcc5ff9d" testId="4acfaa27-13fd-6086-cc4f-f32451bf9a40" testName="ServerVersionConstructor_CompareToRight_Success" computerName="DKSR-EFI-06" duration="00:00:00.0002404" startTime="2024-01-09T15:41:33.4194704+01:00" endTime="2024-01-09T15:41:33.4194704+01:00" testType="13cdc9d9-ddb5-4fa4-a97d-d965ccfc6d4b" outcome="Passed" testListId="8c84fa94-04c1-424b-9868-57a2d4851a1d" relativeResultsDirectory="1860b18a-25f4-4589-a39f-ce46bcc5ff9d" />
    <UnitTestResult executionId="700a87cc-cf7b-465b-b69c-4e825c56bfaa" testId="3e70b084-5656-d633-3a88-af533ceb55dd" testName="Master_Synchronize_NotCreated_InvalidOperationException" computerName="DKSR-EFI-06" duration="00:00:00.0008249" startTime="2024-01-09T15:41:46.0601584+01:00" endTime="2024-01-09T15:41:46.0601584+01:00" testType="13cdc9d9-ddb5-4fa4-a97d-d965ccfc6d4b" outcome="Passed" testListId="8c84fa94-04c1-424b-9868-57a2d4851a1d" relativeResultsDirectory="700a87cc-cf7b-465b-b69c-4e825c56bfaa" />
    <UnitTestResult executionId="687fdd2d-6a0e-4952-967e-b3ec313e940b" testId="5ae99c0d-f5b2-ad2f-5e91-f0916eac7d0c" testName="ManagementServer_AttachChildSite_ArgumentNullException" computerName="DKSR-EFI-06" duration="00:00:00.0010087" startTime="2024-01-09T15:41:44.7320256+01:00" endTime="2024-01-09T15:41:44.7320256+01:00" testType="13cdc9d9-ddb5-4fa4-a97d-d965ccfc6d4b" outcome="Passed" testListId="8c84fa94-04c1-424b-9868-57a2d4851a1d" relativeResultsDirectory="687fdd2d-6a0e-4952-967e-b3ec313e940b" />
    <UnitTestResult executionId="639d4ab4-422c-4aef-846f-88488fb6fa49" testId="e86b9db9-4670-4b28-7c8c-971e2f19065c" testName="BasicOwnerInfo_Update_CheckVersionCalled" computerName="DKSR-EFI-06" duration="00:00:00.0002658" startTime="2024-01-09T15:41:44.2163966+01:00" endTime="2024-01-09T15:41:44.2163966+01:00" testType="13cdc9d9-ddb5-4fa4-a97d-d965ccfc6d4b" outcome="Passed" testListId="8c84fa94-04c1-424b-9868-57a2d4851a1d" relativeResultsDirectory="639d4ab4-422c-4aef-846f-88488fb6fa49" />
    <UnitTestResult executionId="774da87e-a20e-4777-a03c-b31debff6601" testId="c7e5d5e9-661c-276b-e145-65420ac61563" testName="Constructor_GivenNullSiteConnectorLegacy_ShouldThrow" computerName="DKSR-EFI-06" duration="00:00:00.0047513" startTime="2024-01-09T15:41:35.9507367+01:00" endTime="2024-01-09T15:41:35.9507367+01:00" testType="13cdc9d9-ddb5-4fa4-a97d-d965ccfc6d4b" outcome="Passed" testListId="8c84fa94-04c1-424b-9868-57a2d4851a1d" relativeResultsDirectory="774da87e-a20e-4777-a03c-b31debff6601" />
    <UnitTestResult executionId="c540b95f-6abf-4417-9110-056101efb6dc" testId="1d85d0e8-8781-260e-9ed2-e40595d46c9f" testName="ManagementServer_AttachMasterSite_ArgumentNullException" computerName="DKSR-EFI-06" duration="00:00:00.0008617" startTime="2024-01-09T15:41:44.7632749+01:00" endTime="2024-01-09T15:41:44.7632749+01:00" testType="13cdc9d9-ddb5-4fa4-a97d-d965ccfc6d4b" outcome="Passed" testListId="8c84fa94-04c1-424b-9868-57a2d4851a1d" relativeResultsDirectory="c540b95f-6abf-4417-9110-056101efb6dc" />
    <UnitTestResult executionId="2ced8158-6310-41b4-bfef-c95c202eff70" testId="2910f1bf-3a00-47d4-ed05-f81c81996069" testName="ThrowExceptionIfProtocolIsNotAllowed_SecureProtocol_NonSecureNotAllowed_DoesNothing" computerName="DKSR-EFI-06" duration="00:00:00.0003161" startTime="2024-01-09T15:41:36.0757349+01:00" endTime="2024-01-09T15:41:36.0757349+01:00" testType="13cdc9d9-ddb5-4fa4-a97d-d965ccfc6d4b" outcome="Passed" testListId="8c84fa94-04c1-424b-9868-57a2d4851a1d" relativeResultsDirectory="2ced8158-6310-41b4-bfef-c95c202eff70" />
    <UnitTestResult executionId="d23753dc-622d-47df-a5a5-0de08749b621" testId="9d8d570c-a692-dd03-4204-ed158bb865f2" testName="Add_DuplicateItemsUnderHeavyLoad_ShouldSuccess" computerName="DKSR-EFI-06" duration="00:00:00.0557369" startTime="2024-01-09T15:41:43.5757706+01:00" endTime="2024-01-09T15:41:43.6383702+01:00" testType="13cdc9d9-ddb5-4fa4-a97d-d965ccfc6d4b" outcome="Passed" testListId="8c84fa94-04c1-424b-9868-57a2d4851a1d" relativeResultsDirectory="d23753dc-622d-47df-a5a5-0de08749b621">
      <Output>
        <StdOut>SiteTokenCacheStore has been called by 2000 threads in parallel!</StdOut>
      </Output>
    </UnitTestResult>
    <UnitTestResult executionId="cb37465b-7288-4721-a1e6-25958fd076a1" testId="0a66eda9-75bb-6b4a-d541-6ca26a48d00d" testName="PatrollingProfile_Load_Schema_Test" computerName="DKSR-EFI-06" duration="00:00:00.0004563" startTime="2024-01-09T15:41:45.4195329+01:00" endTime="2024-01-09T15:41:45.4195329+01:00" testType="13cdc9d9-ddb5-4fa4-a97d-d965ccfc6d4b" outcome="Passed" testListId="8c84fa94-04c1-424b-9868-57a2d4851a1d" relativeResultsDirectory="cb37465b-7288-4721-a1e6-25958fd076a1" />
    <UnitTestResult executionId="f1fedb44-524b-482b-9d95-4b6d3cab3e67" testId="4ad5e067-b37b-b19f-cb70-41cd0b41d20d" testName="CurrentUICulture_IsDefaultNull" computerName="DKSR-EFI-06" duration="00:00:00.0003327" startTime="2024-01-09T15:41:47.2632941+01:00" endTime="2024-01-09T15:41:47.2632941+01:00" testType="13cdc9d9-ddb5-4fa4-a97d-d965ccfc6d4b" outcome="Passed" testListId="8c84fa94-04c1-424b-9868-57a2d4851a1d" relativeResultsDirectory="f1fedb44-524b-482b-9d95-4b6d3cab3e67" />
    <UnitTestResult executionId="e6185ac7-55ac-4758-89b6-d903ecb6641e" testId="fe15a62a-41ec-bf64-64fd-c9c26c4f9b53" testName="RecordingStorage_Set_As_Default_Success" computerName="DKSR-EFI-06" duration="00:00:00.0013681" startTime="2024-01-09T15:41:45.7945326+01:00" endTime="2024-01-09T15:41:45.7945326+01:00" testType="13cdc9d9-ddb5-4fa4-a97d-d965ccfc6d4b" outcome="Passed" testListId="8c84fa94-04c1-424b-9868-57a2d4851a1d" relativeResultsDirectory="e6185ac7-55ac-4758-89b6-d903ecb6641e" />
    <UnitTestResult executionId="a8ec8260-76e4-42dd-97e6-b1f1364fa299" testId="3993f582-ab07-6b66-a956-017495c6b425" testName="BasicOwnerInfo_Repository_Registered" computerName="DKSR-EFI-06" duration="00:00:00.0003333" startTime="2024-01-09T15:41:44.2476464+01:00" endTime="2024-01-09T15:41:44.2476464+01:00" testType="13cdc9d9-ddb5-4fa4-a97d-d965ccfc6d4b" outcome="Passed" testListId="8c84fa94-04c1-424b-9868-57a2d4851a1d" relativeResultsDirectory="a8ec8260-76e4-42dd-97e6-b1f1364fa299" />
    <UnitTestResult executionId="e430c9ee-f76c-4d4b-b25d-cb6f96319133" testId="e72460b8-2893-9db9-3f53-70b769bacc12" testName="MarkedData_Undo_Success" computerName="DKSR-EFI-06" duration="00:00:00.0003926" startTime="2024-01-09T15:41:44.8726514+01:00" endTime="2024-01-09T15:41:44.8726514+01:00" testType="13cdc9d9-ddb5-4fa4-a97d-d965ccfc6d4b" outcome="Passed" testListId="8c84fa94-04c1-424b-9868-57a2d4851a1d" relativeResultsDirectory="e430c9ee-f76c-4d4b-b25d-cb6f96319133" />
    <UnitTestResult executionId="6cd7c12e-3c8b-4e16-b403-3adddd8a7ee3" testId="ea54672f-d80d-e87d-2113-75f571b1f270" testName="GetSiteConnectionResultTokenExchange_StoreContainsInvalidTokenCache_ShouldRemoveItFromStore" computerName="DKSR-EFI-06" duration="00:00:00.0253131" startTime="2024-01-09T15:41:35.6538603+01:00" endTime="2024-01-09T15:41:35.6851089+01:00" testType="13cdc9d9-ddb5-4fa4-a97d-d965ccfc6d4b" outcome="Passed" testListId="8c84fa94-04c1-424b-9868-57a2d4851a1d" relativeResultsDirectory="6cd7c12e-3c8b-4e16-b403-3adddd8a7ee3" />
    <UnitTestResult executionId="8413478b-19cc-4892-a4c3-a96e6b5dfa8d" testId="850c56f6-ec9e-0b01-b9be-31c9b8aac49f" testName="CameraDevice_TruncateStorage_Success" computerName="DKSR-EFI-06" duration="00:00:00.0025350" startTime="2024-01-09T15:41:45.5757795+01:00" endTime="2024-01-09T15:41:45.5757795+01:00" testType="13cdc9d9-ddb5-4fa4-a97d-d965ccfc6d4b" outcome="Passed" testListId="8c84fa94-04c1-424b-9868-57a2d4851a1d" relativeResultsDirectory="8413478b-19cc-4892-a4c3-a96e6b5dfa8d" />
    <UnitTestResult executionId="4ac67d30-374a-4253-8c3b-beb2ac3fecd3" testId="d9fbc08d-a618-6a45-6259-18cefeadfcd3" testName="PrivateViewGroup_ConstructorWithParent_DefaultValuesCorrect" computerName="DKSR-EFI-06" duration="00:00:00.0006673" startTime="2024-01-09T15:41:45.4976571+01:00" endTime="2024-01-09T15:41:45.5132820+01:00" testType="13cdc9d9-ddb5-4fa4-a97d-d965ccfc6d4b" outcome="Passed" testListId="8c84fa94-04c1-424b-9868-57a2d4851a1d" relativeResultsDirectory="4ac67d30-374a-4253-8c3b-beb2ac3fecd3" />
    <UnitTestResult executionId="fc3ea0f2-5b62-407f-b87c-eb810aa081b9" testId="690cbf78-1a1d-a694-9528-0af1dedad634" testName="ViewItem_Clear_Success" computerName="DKSR-EFI-06" duration="00:00:00.0024406" startTime="2024-01-09T15:41:47.1070429+01:00" endTime="2024-01-09T15:41:47.1070429+01:00" testType="13cdc9d9-ddb5-4fa4-a97d-d965ccfc6d4b" outcome="Passed" testListId="8c84fa94-04c1-424b-9868-57a2d4851a1d" relativeResultsDirectory="fc3ea0f2-5b62-407f-b87c-eb810aa081b9" />
    <UnitTestResult executionId="09a4b5a0-d4d4-4aac-8156-3d0c26784bcf" testId="f6ddaa47-5ed2-258b-1c24-a7265cc14223" testName="SystemDashboardConfigurationuration_Undo_Success" computerName="DKSR-EFI-06" duration="00:00:00.0002953" startTime="2024-01-09T15:41:46.1226586+01:00" endTime="2024-01-09T15:41:46.1226586+01:00" testType="13cdc9d9-ddb5-4fa4-a97d-d965ccfc6d4b" outcome="Passed" testListId="8c84fa94-04c1-424b-9868-57a2d4851a1d" relativeResultsDirectory="09a4b5a0-d4d4-4aac-8156-3d0c26784bcf" />
    <UnitTestResult executionId="e493a17d-8acd-4431-b335-a02d67a438b0" testId="62d8fab5-ff76-4fb1-de87-1f64f6a438e1" testName="MIPObject_Constructor_DefaultValuesCorrect" computerName="DKSR-EFI-06" duration="00:00:00.0013867" startTime="2024-01-09T15:41:44.9507770+01:00" endTime="2024-01-09T15:41:44.9507770+01:00" testType="13cdc9d9-ddb5-4fa4-a97d-d965ccfc6d4b" outcome="Passed" testListId="8c84fa94-04c1-424b-9868-57a2d4851a1d" relativeResultsDirectory="e493a17d-8acd-4431-b335-a02d67a438b0" />
    <UnitTestResult executionId="4e2a772c-96c6-4288-8e36-b537212ff54e" testId="053e887e-5fd9-26c1-4bc9-6178b6f5a4c8" testName="FilterHttpAddresses_GivenOnlyHttpsAddresses_ShouldReturnEmptyCollection" computerName="DKSR-EFI-06" duration="00:00:00.0027700" startTime="2024-01-09T15:41:33.9194736+01:00" endTime="2024-01-09T15:41:33.9350980+01:00" testType="13cdc9d9-ddb5-4fa4-a97d-d965ccfc6d4b" outcome="Passed" testListId="8c84fa94-04c1-424b-9868-57a2d4851a1d" relativeResultsDirectory="4e2a772c-96c6-4288-8e36-b537212ff54e" />
    <UnitTestResult executionId="b107aea4-c42f-48c8-a215-d2147302a617" testId="22a6dc78-fbc2-b014-461f-87e2386d6269" testName="RecordingStorage_Validate_Encryption_Password_Success" computerName="DKSR-EFI-06" duration="00:00:00.0018004" startTime="2024-01-09T15:41:45.7789067+01:00" endTime="2024-01-09T15:41:45.7789067+01:00" testType="13cdc9d9-ddb5-4fa4-a97d-d965ccfc6d4b" outcome="Passed" testListId="8c84fa94-04c1-424b-9868-57a2d4851a1d" relativeResultsDirectory="b107aea4-c42f-48c8-a215-d2147302a617" />
    <UnitTestResult executionId="d0fb2f73-bcbb-4824-a358-8f258adf3281" testId="1f0ce369-a846-ff85-ad28-49ffb4cacb47" testName="SystemDashboardConfigurationuration_Update_Failed_Not_Created" computerName="DKSR-EFI-06" duration="00:00:00.0007335" startTime="2024-01-09T15:41:46.0914110+01:00" endTime="2024-01-09T15:41:46.0914110+01:00" testType="13cdc9d9-ddb5-4fa4-a97d-d965ccfc6d4b" outcome="Passed" testListId="8c84fa94-04c1-424b-9868-57a2d4851a1d" relativeResultsDirectory="d0fb2f73-bcbb-4824-a358-8f258adf3281" />
    <UnitTestResult executionId="4f0e1389-7728-4ad6-8537-48aaa1d0dc23" testId="11e0343a-5aeb-3b8a-34d7-36ce686e83d9" testName="SpeakerDeviceGroup_Refresh_Success" computerName="DKSR-EFI-06" duration="00:00:00.0016694" startTime="2024-01-09T15:41:44.3573643+01:00" endTime="2024-01-09T15:41:44.3573643+01:00" testType="13cdc9d9-ddb5-4fa4-a97d-d965ccfc6d4b" outcome="Passed" testListId="8c84fa94-04c1-424b-9868-57a2d4851a1d" relativeResultsDirectory="4f0e1389-7728-4ad6-8537-48aaa1d0dc23" />
    <UnitTestResult executionId="f1b2276b-f4fe-491b-8d54-92e352f909bd" testId="208e6dd8-4ae7-1b16-34b8-d602c5c0a84f" testName="Grid_ClearAll_Success" computerName="DKSR-EFI-06" duration="00:00:00.0008883" startTime="2024-01-09T15:41:44.5601488+01:00" endTime="2024-01-09T15:41:44.5601488+01:00" testType="13cdc9d9-ddb5-4fa4-a97d-d965ccfc6d4b" outcome="Passed" testListId="8c84fa94-04c1-424b-9868-57a2d4851a1d" relativeResultsDirectory="f1b2276b-f4fe-491b-8d54-92e352f909bd" />
    <UnitTestResult executionId="1493fc65-3d1f-4a50-8f54-e174d989e9de" testId="350c0104-75ee-9274-4375-18df5781cfd1" testName="ServerVersionConstructor_CompareTo_Success" computerName="DKSR-EFI-06" duration="00:00:00.0016572" startTime="2024-01-09T15:41:33.4038473+01:00" endTime="2024-01-09T15:41:33.4194704+01:00" testType="13cdc9d9-ddb5-4fa4-a97d-d965ccfc6d4b" outcome="Passed" testListId="8c84fa94-04c1-424b-9868-57a2d4851a1d" relativeResultsDirectory="1493fc65-3d1f-4a50-8f54-e174d989e9de" />
    <UnitTestResult executionId="1ac2d637-d3e8-4078-9394-da6b2c4eb5f3" testId="9b7a8739-3bd6-92dc-ebfd-c59dde439192" testName="RuleSource_Delete_Success" computerName="DKSR-EFI-06" duration="00:00:00.0004157" startTime="2024-01-09T15:41:46.0132836+01:00" endTime="2024-01-09T15:41:46.0132836+01:00" testType="13cdc9d9-ddb5-4fa4-a97d-d965ccfc6d4b" outcome="Passed" testListId="8c84fa94-04c1-424b-9868-57a2d4851a1d" relativeResultsDirectory="1ac2d637-d3e8-4078-9394-da6b2c4eb5f3" />
    <UnitTestResult executionId="c43748c8-3791-4f93-8859-a63787a0eef6" testId="d883f116-18c6-76d8-0fae-0e113ca85148" testName="TryGetPropertyValue_NullableType_NotExist_ReturnsNull" computerName="DKSR-EFI-06" duration="00:00:00.0002241" startTime="2024-01-09T15:41:47.4195430+01:00" endTime="2024-01-09T15:41:47.4195430+01:00" testType="13cdc9d9-ddb5-4fa4-a97d-d965ccfc6d4b" outcome="Passed" testListId="8c84fa94-04c1-424b-9868-57a2d4851a1d" relativeResultsDirectory="c43748c8-3791-4f93-8859-a63787a0eef6" />
    <UnitTestResult executionId="375df543-303e-4c96-9e6e-25808620fd1c" testId="0d218ffa-5085-6186-2e38-741ff30a50b9" testName="UserDefinedEvent_Refresh_Success" computerName="DKSR-EFI-06" duration="00:00:00.0003846" startTime="2024-01-09T15:41:47.0132911+01:00" endTime="2024-01-09T15:41:47.0132911+01:00" testType="13cdc9d9-ddb5-4fa4-a97d-d965ccfc6d4b" outcome="Passed" testListId="8c84fa94-04c1-424b-9868-57a2d4851a1d" relativeResultsDirectory="375df543-303e-4c96-9e6e-25808620fd1c" />
    <UnitTestResult executionId="7805ea8e-8d90-4b13-8def-acdbfcb3099d" testId="3959849f-9671-d647-a5c5-47d877b5d47b" testName="BasicUser_Constructor_Username_Null_Check" computerName="DKSR-EFI-06" duration="00:00:00.0007080" startTime="2024-01-09T15:41:44.2476464+01:00" endTime="2024-01-09T15:41:44.2476464+01:00" testType="13cdc9d9-ddb5-4fa4-a97d-d965ccfc6d4b" outcome="Passed" testListId="8c84fa94-04c1-424b-9868-57a2d4851a1d" relativeResultsDirectory="7805ea8e-8d90-4b13-8def-acdbfcb3099d" />
    <UnitTestResult executionId="fe48d29e-90b3-4431-ad2d-dc851ef07f1e" testId="6d82d209-43db-3b1b-490e-86537a8b8ff9" testName="View_Delete_Success" computerName="DKSR-EFI-06" duration="00:00:00.0004831" startTime="2024-01-09T15:41:47.1382895+01:00" endTime="2024-01-09T15:41:47.1382895+01:00" testType="13cdc9d9-ddb5-4fa4-a97d-d965ccfc6d4b" outcome="Passed" testListId="8c84fa94-04c1-424b-9868-57a2d4851a1d" relativeResultsDirectory="fe48d29e-90b3-4431-ad2d-dc851ef07f1e" />
    <UnitTestResult executionId="65ce1cc1-cf25-403b-adff-b5ca3a801397" testId="4567a1c4-1bd7-7288-bf70-4855f07c61e8" testName="View_Create_CreateViewCalled" computerName="DKSR-EFI-06" duration="00:00:00.0036937" startTime="2024-01-09T15:41:47.1226661+01:00" endTime="2024-01-09T15:41:47.1382895+01:00" testType="13cdc9d9-ddb5-4fa4-a97d-d965ccfc6d4b" outcome="Passed" testListId="8c84fa94-04c1-424b-9868-57a2d4851a1d" relativeResultsDirectory="65ce1cc1-cf25-403b-adff-b5ca3a801397" />
    <UnitTestResult executionId="0f7db1d4-305f-447e-a1a2-61d457ae8a51" testId="1275c074-db08-31bd-05ad-06c9229297a2" testName="VideoWallPreset_Create_CheckVersionNotCalled" computerName="DKSR-EFI-06" duration="00:00:00.0003826" startTime="2024-01-09T15:41:47.0601663+01:00" endTime="2024-01-09T15:41:47.0601663+01:00" testType="13cdc9d9-ddb5-4fa4-a97d-d965ccfc6d4b" outcome="Passed" testListId="8c84fa94-04c1-424b-9868-57a2d4851a1d" relativeResultsDirectory="0f7db1d4-305f-447e-a1a2-61d457ae8a51" />
    <UnitTestResult executionId="79a15617-6849-47e7-81a2-3a294fac6c98" testId="8340f6de-4c20-dead-1b31-669793dc9602" testName="SystemDashboardConfiguration_Constructor_DefaultValuesCorrect" computerName="DKSR-EFI-06" duration="00:00:00.0030356" startTime="2024-01-09T15:41:46.0757843+01:00" endTime="2024-01-09T15:41:46.0757843+01:00" testType="13cdc9d9-ddb5-4fa4-a97d-d965ccfc6d4b" outcome="Passed" testListId="8c84fa94-04c1-424b-9868-57a2d4851a1d" relativeResultsDirectory="79a15617-6849-47e7-81a2-3a294fac6c98" />
    <UnitTestResult executionId="3e80a24b-6182-497b-9709-c5e2b07c3fc4" testId="a1073d09-b49c-177d-de24-5b64ae518ddb" testName="FailoverServerGroup_Update_Failed" computerName="DKSR-EFI-06" duration="00:00:00.0007044" startTime="2024-01-09T15:41:44.4038987+01:00" endTime="2024-01-09T15:41:44.4038987+01:00" testType="13cdc9d9-ddb5-4fa4-a97d-d965ccfc6d4b" outcome="Passed" testListId="8c84fa94-04c1-424b-9868-57a2d4851a1d" relativeResultsDirectory="3e80a24b-6182-497b-9709-c5e2b07c3fc4" />
    <UnitTestResult executionId="852eb015-7081-42f8-9e9a-df9a8caa9879" testId="2b4dbf29-e6af-2960-d730-081d563f6630" testName="FailoverServerGroup_Constructor_DefaultValuesCorrect" computerName="DKSR-EFI-06" duration="00:00:00.0028073" startTime="2024-01-09T15:41:44.3882714+01:00" endTime="2024-01-09T15:41:44.3882714+01:00" testType="13cdc9d9-ddb5-4fa4-a97d-d965ccfc6d4b" outcome="Passed" testListId="8c84fa94-04c1-424b-9868-57a2d4851a1d" relativeResultsDirectory="852eb015-7081-42f8-9e9a-df9a8caa9879" />
    <UnitTestResult executionId="8691f231-9c8a-4346-a586-2577d4fd0621" testId="8e085391-7266-03a5-da23-786ae9cb2280" testName="TaskMoveArchiveStorage_StartNew_Success" computerName="DKSR-EFI-06" duration="00:00:00.0042202" startTime="2024-01-09T15:41:46.7632876+01:00" endTime="2024-01-09T15:41:46.7632876+01:00" testType="13cdc9d9-ddb5-4fa4-a97d-d965ccfc6d4b" outcome="Passed" testListId="8c84fa94-04c1-424b-9868-57a2d4851a1d" relativeResultsDirectory="8691f231-9c8a-4346-a586-2577d4fd0621" />
    <UnitTestResult executionId="db12cc9e-39bc-4246-9010-46c13245fca8" testId="9b9df5c4-ac1f-687a-8743-530e222364a1" testName="MarkedData_Update_Failed_Deleted" computerName="DKSR-EFI-06" duration="00:00:00.0015338" startTime="2024-01-09T15:41:44.8414019+01:00" endTime="2024-01-09T15:41:44.8414019+01:00" testType="13cdc9d9-ddb5-4fa4-a97d-d965ccfc6d4b" outcome="Passed" testListId="8c84fa94-04c1-424b-9868-57a2d4851a1d" relativeResultsDirectory="db12cc9e-39bc-4246-9010-46c13245fca8" />
    <UnitTestResult executionId="27233fcf-34c6-45a0-9475-40a8f7234c62" testId="485b9188-c62d-b34d-a495-06f19d4b268e" testName="ServerVersionConstructor_Equals_Success" computerName="DKSR-EFI-06" duration="00:00:00.0030823" startTime="2024-01-09T15:41:33.4350951+01:00" endTime="2024-01-09T15:41:33.4350951+01:00" testType="13cdc9d9-ddb5-4fa4-a97d-d965ccfc6d4b" outcome="Passed" testListId="8c84fa94-04c1-424b-9868-57a2d4851a1d" relativeResultsDirectory="27233fcf-34c6-45a0-9475-40a8f7234c62" />
    <UnitTestResult executionId="5752b2e6-ee1c-491d-b6eb-ca23bd93477d" testId="2c7b457d-328f-f734-f24b-2c2c8c1db3bc" testName="Construct_InvalidParam_ITokenCacheList_Null_Throws_ArgumentNullException" computerName="DKSR-EFI-06" duration="00:00:00.0026324" startTime="2024-01-09T15:41:47.9664205+01:00" endTime="2024-01-09T15:41:47.9664205+01:00" testType="13cdc9d9-ddb5-4fa4-a97d-d965ccfc6d4b" outcome="Passed" testListId="8c84fa94-04c1-424b-9868-57a2d4851a1d" relativeResultsDirectory="5752b2e6-ee1c-491d-b6eb-ca23bd93477d" />
    <UnitTestResult executionId="99401def-f080-4ca5-a0f0-deaec4fb2fbd" testId="b1fd4340-361a-4dd9-b3c8-06f45d84d249" testName="GetUserDomainNameOrEmpty_MissingUserName_ReturnsEmpty" computerName="DKSR-EFI-06" duration="00:00:00.0003862" startTime="2024-01-09T15:41:36.0757349+01:00" endTime="2024-01-09T15:41:36.0757349+01:00" testType="13cdc9d9-ddb5-4fa4-a97d-d965ccfc6d4b" outcome="Passed" testListId="8c84fa94-04c1-424b-9868-57a2d4851a1d" relativeResultsDirectory="99401def-f080-4ca5-a0f0-deaec4fb2fbd" />
    <UnitTestResult executionId="b1991a5f-7d65-4114-be57-b12e9825c4d5" testId="64aecdcb-21c2-1171-3222-86b25eba11ec" testName="Hardware_ReadPassword_Deleted_Throws" computerName="DKSR-EFI-06" duration="00:00:00.0005879" startTime="2024-01-09T15:41:45.6851579+01:00" endTime="2024-01-09T15:41:45.6851579+01:00" testType="13cdc9d9-ddb5-4fa4-a97d-d965ccfc6d4b" outcome="Passed" testListId="8c84fa94-04c1-424b-9868-57a2d4851a1d" relativeResultsDirectory="b1991a5f-7d65-4114-be57-b12e9825c4d5" />
    <UnitTestResult executionId="f76e5e89-be92-4ac3-83de-c751264066a2" testId="e7217958-3636-f395-52b6-2a4b70ef9c4d" testName="GetHighPriorityError_GivenNotExpectedException_ReturnsNull" computerName="DKSR-EFI-06" duration="00:00:00.0101670" startTime="2024-01-09T15:41:34.0913506+01:00" endTime="2024-01-09T15:41:34.0913506+01:00" testType="13cdc9d9-ddb5-4fa4-a97d-d965ccfc6d4b" outcome="Passed" testListId="8c84fa94-04c1-424b-9868-57a2d4851a1d" relativeResultsDirectory="f76e5e89-be92-4ac3-83de-c751264066a2" />
    <UnitTestResult executionId="509ff1ab-4796-4b7d-98fd-2afc2937bb02" testId="5acbb9da-93ae-c12d-c335-8bbbd2b53611" testName="UserDefinedEvent_Repository_Registered" computerName="DKSR-EFI-06" duration="00:00:00.0003336" startTime="2024-01-09T15:41:47.0289155+01:00" endTime="2024-01-09T15:41:47.0289155+01:00" testType="13cdc9d9-ddb5-4fa4-a97d-d965ccfc6d4b" outcome="Passed" testListId="8c84fa94-04c1-424b-9868-57a2d4851a1d" relativeResultsDirectory="509ff1ab-4796-4b7d-98fd-2afc2937bb02" />
    <UnitTestResult executionId="73c2f26a-85a4-4840-9134-6cf0c410f3e4" testId="d433d02d-b564-5e39-ce00-89571e93216a" testName="MarkedData_Delete_Failed_Deleted" computerName="DKSR-EFI-06" duration="00:00:00.0008965" startTime="2024-01-09T15:41:44.8570268+01:00" endTime="2024-01-09T15:41:44.8570268+01:00" testType="13cdc9d9-ddb5-4fa4-a97d-d965ccfc6d4b" outcome="Passed" testListId="8c84fa94-04c1-424b-9868-57a2d4851a1d" relativeResultsDirectory="73c2f26a-85a4-4840-9134-6cf0c410f3e4" />
    <UnitTestResult executionId="e9efa511-c4ea-4e3c-9fdd-ed4dfb7a4eac" testId="f1468078-d704-e46e-8b9b-dc06c9238da1" testName="AxisOneClickCamera_Update_Success" computerName="DKSR-EFI-06" duration="00:00:00.0008297" startTime="2024-01-09T15:41:44.1382699+01:00" endTime="2024-01-09T15:41:44.1382699+01:00" testType="13cdc9d9-ddb5-4fa4-a97d-d965ccfc6d4b" outcome="Passed" testListId="8c84fa94-04c1-424b-9868-57a2d4851a1d" relativeResultsDirectory="e9efa511-c4ea-4e3c-9fdd-ed4dfb7a4eac" />
    <UnitTestResult executionId="50401260-0430-408b-9602-0548257d45f5" testId="9324354b-f535-aa3c-e7a7-348593b2dfd3" testName="Role_Repository_Registered" computerName="DKSR-EFI-06" duration="00:00:00.0003300" startTime="2024-01-09T15:41:45.9039082+01:00" endTime="2024-01-09T15:41:45.9039082+01:00" testType="13cdc9d9-ddb5-4fa4-a97d-d965ccfc6d4b" outcome="Passed" testListId="8c84fa94-04c1-424b-9868-57a2d4851a1d" relativeResultsDirectory="50401260-0430-408b-9602-0548257d45f5" />
    <UnitTestResult executionId="6744ce37-18c6-48bb-a67c-337faacf9458" testId="0af3213e-059e-26ef-5d31-73b906060b62" testName="GenericRepositoryTestCreateObject" computerName="DKSR-EFI-06" duration="00:00:00.0016358" startTime="2024-01-09T15:41:47.2320434+01:00" endTime="2024-01-09T15:41:47.2320434+01:00" testType="13cdc9d9-ddb5-4fa4-a97d-d965ccfc6d4b" outcome="Passed" testListId="8c84fa94-04c1-424b-9868-57a2d4851a1d" relativeResultsDirectory="6744ce37-18c6-48bb-a67c-337faacf9458" />
    <UnitTestResult executionId="802ec325-3dfe-4a4b-8db8-42d04311879a" testId="1b818508-1e11-83dd-34ff-777ab01b676a" testName="TryGetPropertyValue_Guid_EmptyString_ThrowsFormatException" computerName="DKSR-EFI-06" duration="00:00:00.0019787" startTime="2024-01-09T15:41:47.4351672+01:00" endTime="2024-01-09T15:41:47.4507919+01:00" testType="13cdc9d9-ddb5-4fa4-a97d-d965ccfc6d4b" outcome="Passed" testListId="8c84fa94-04c1-424b-9868-57a2d4851a1d" relativeResultsDirectory="802ec325-3dfe-4a4b-8db8-42d04311879a" />
    <UnitTestResult executionId="db627661-673d-4759-82d6-971a94351822" testId="4cc3729f-2a03-8494-013d-7c52d12c167c" testName="MIPObject_Create_Success" computerName="DKSR-EFI-06" duration="00:00:00.0007325" startTime="2024-01-09T15:41:44.9507770+01:00" endTime="2024-01-09T15:41:44.9507770+01:00" testType="13cdc9d9-ddb5-4fa4-a97d-d965ccfc6d4b" outcome="Passed" testListId="8c84fa94-04c1-424b-9868-57a2d4851a1d" relativeResultsDirectory="db627661-673d-4759-82d6-971a94351822" />
    <UnitTestResult executionId="b07867c3-a19e-44d8-8d39-ff2cd220c9ee" testId="df997f73-3ae4-d044-e17e-3699e0991a68" testName="Remove_SameItemTwice_ShouldSuccess" computerName="DKSR-EFI-06" duration="00:00:00.0007791" startTime="2024-01-09T15:41:43.6383702+01:00" endTime="2024-01-09T15:41:43.6383702+01:00" testType="13cdc9d9-ddb5-4fa4-a97d-d965ccfc6d4b" outcome="Passed" testListId="8c84fa94-04c1-424b-9868-57a2d4851a1d" relativeResultsDirectory="b07867c3-a19e-44d8-8d39-ff2cd220c9ee" />
    <UnitTestResult executionId="c40878be-29b9-436e-8a24-521b0ad34e3a" testId="18444128-ff49-6655-1b67-01150c5bdcfa" testName="Constructor_SiteVmoConnector_Null" computerName="DKSR-EFI-06" duration="00:00:00.0043471" startTime="2024-01-09T15:41:34.1226008+01:00" endTime="2024-01-09T15:41:34.1226008+01:00" testType="13cdc9d9-ddb5-4fa4-a97d-d965ccfc6d4b" outcome="Passed" testListId="8c84fa94-04c1-424b-9868-57a2d4851a1d" relativeResultsDirectory="c40878be-29b9-436e-8a24-521b0ad34e3a" />
    <UnitTestResult executionId="517fa636-4b62-4329-a981-590c3379572d" testId="31ac0d35-4ee8-68ea-f233-efa6522b64b9" testName="TrustedIssuer_UpdateOnUnsupportedVersion_Throws" computerName="DKSR-EFI-06" duration="00:00:00.0009036" startTime="2024-01-09T15:41:46.9820407+01:00" endTime="2024-01-09T15:41:46.9820407+01:00" testType="13cdc9d9-ddb5-4fa4-a97d-d965ccfc6d4b" outcome="Passed" testListId="8c84fa94-04c1-424b-9868-57a2d4851a1d" relativeResultsDirectory="517fa636-4b62-4329-a981-590c3379572d" />
    <UnitTestResult executionId="e7d15c30-4147-4dda-9538-d9a421e585b0" testId="c2241e49-2a49-a88a-fedb-dfc1e2f71515" testName="Recorder_Refresh_Success" computerName="DKSR-EFI-06" duration="00:00:00.0008396" startTime="2024-01-09T15:41:45.7164066+01:00" endTime="2024-01-09T15:41:45.7164066+01:00" testType="13cdc9d9-ddb5-4fa4-a97d-d965ccfc6d4b" outcome="Passed" testListId="8c84fa94-04c1-424b-9868-57a2d4851a1d" relativeResultsDirectory="e7d15c30-4147-4dda-9538-d9a421e585b0" />
    <UnitTestResult executionId="2d7855eb-913c-434d-9b5f-17a94cede151" testId="403a0570-0c5c-fce8-76b2-b5ee2a87100a" testName="PatrollingProfile_InsertStepLast_Create_PatrollingStep_Default" computerName="DKSR-EFI-06" duration="00:00:00.0011275" startTime="2024-01-09T15:41:45.3726547+01:00" endTime="2024-01-09T15:41:45.3726547+01:00" testType="13cdc9d9-ddb5-4fa4-a97d-d965ccfc6d4b" outcome="Passed" testListId="8c84fa94-04c1-424b-9868-57a2d4851a1d" relativeResultsDirectory="2d7855eb-913c-434d-9b5f-17a94cede151" />
    <UnitTestResult executionId="0b2b5aea-fabc-4345-acf9-bbd8dd41fa47" testId="52987dea-b52d-f465-e0cb-edc918fc88d7" testName="ChildSite_Synchronize_NotCreated_InvalidOperationException" computerName="DKSR-EFI-06" duration="00:00:00.0008889" startTime="2024-01-09T15:41:46.0445338+01:00" endTime="2024-01-09T15:41:46.0445338+01:00" testType="13cdc9d9-ddb5-4fa4-a97d-d965ccfc6d4b" outcome="Passed" testListId="8c84fa94-04c1-424b-9868-57a2d4851a1d" relativeResultsDirectory="0b2b5aea-fabc-4345-acf9-bbd8dd41fa47" />
    <UnitTestResult executionId="e0ea966b-709a-442b-bfa8-8762fc80b266" testId="f393049b-fe76-1e12-208d-2ed18ae35e2b" testName="ProxyClientServiceBase_CallWithRetry_NoRetry_SecurityNegotiationException" computerName="DKSR-EFI-06" duration="00:00:00.0007450" startTime="2024-01-09T15:41:47.3882920+01:00" endTime="2024-01-09T15:41:47.3882920+01:00" testType="13cdc9d9-ddb5-4fa4-a97d-d965ccfc6d4b" outcome="Passed" testListId="8c84fa94-04c1-424b-9868-57a2d4851a1d" relativeResultsDirectory="e0ea966b-709a-442b-bfa8-8762fc80b266" />
    <UnitTestResult executionId="107aa93d-4986-4f98-b6d9-7c561ddcbd80" testId="0241de9d-d2ad-9933-0ddf-20f7878a8d1b" testName="MIPObject_Update_Failed" computerName="DKSR-EFI-06" duration="00:00:00.0008921" startTime="2024-01-09T15:41:44.9664030+01:00" endTime="2024-01-09T15:41:44.9664030+01:00" testType="13cdc9d9-ddb5-4fa4-a97d-d965ccfc6d4b" outcome="Passed" testListId="8c84fa94-04c1-424b-9868-57a2d4851a1d" relativeResultsDirectory="107aa93d-4986-4f98-b6d9-7c561ddcbd80" />
    <UnitTestResult executionId="55b4c844-84b4-4c62-81fe-e73343d22f89" testId="c1f3d5eb-3123-e2ad-c9ac-66930017d9fb" testName="PerformanceStateRuleConfiguration_Update_Failed_Not_Created" computerName="DKSR-EFI-06" duration="00:00:00.0007711" startTime="2024-01-09T15:41:45.4507806+01:00" endTime="2024-01-09T15:41:45.4507806+01:00" testType="13cdc9d9-ddb5-4fa4-a97d-d965ccfc6d4b" outcome="Passed" testListId="8c84fa94-04c1-424b-9868-57a2d4851a1d" relativeResultsDirectory="55b4c844-84b4-4c62-81fe-e73343d22f89" />
    <UnitTestResult executionId="fe44ab6e-445c-4ad9-96c4-ae9b78fb66b8" testId="1d9cbc37-070f-fd8e-71a3-88a4d86979c3" testName="MIPObject_Refresh_Failed" computerName="DKSR-EFI-06" duration="00:00:00.0008826" startTime="2024-01-09T15:41:44.9664030+01:00" endTime="2024-01-09T15:41:44.9664030+01:00" testType="13cdc9d9-ddb5-4fa4-a97d-d965ccfc6d4b" outcome="Passed" testListId="8c84fa94-04c1-424b-9868-57a2d4851a1d" relativeResultsDirectory="fe44ab6e-445c-4ad9-96c4-ae9b78fb66b8" />
    <UnitTestResult executionId="4492846e-300b-475e-b767-3ef546a765bd" testId="4be8e7d7-bca8-9397-e404-43302107cf04" testName="ProxyClientServiceBase_CallWithRetry_Retry_ObjectDisposedException" computerName="DKSR-EFI-06" duration="00:00:00.0005801" startTime="2024-01-09T15:41:47.4039161+01:00" endTime="2024-01-09T15:41:47.4039161+01:00" testType="13cdc9d9-ddb5-4fa4-a97d-d965ccfc6d4b" outcome="Passed" testListId="8c84fa94-04c1-424b-9868-57a2d4851a1d" relativeResultsDirectory="4492846e-300b-475e-b767-3ef546a765bd" />
    <UnitTestResult executionId="60f99ba8-45b1-4b08-9ad1-22358547080b" testId="964d90a7-eafe-a3dd-426c-46d174d14182" testName="PerformanceStateRuleConfig_Create_Success" computerName="DKSR-EFI-06" duration="00:00:00.0002413" startTime="2024-01-09T15:41:45.4351555+01:00" endTime="2024-01-09T15:41:45.4351555+01:00" testType="13cdc9d9-ddb5-4fa4-a97d-d965ccfc6d4b" outcome="Passed" testListId="8c84fa94-04c1-424b-9868-57a2d4851a1d" relativeResultsDirectory="60f99ba8-45b1-4b08-9ad1-22358547080b" />
    <UnitTestResult executionId="43e38d1c-d884-4f64-bf71-20152b8cc0a8" testId="0d831f72-5237-2649-7089-eec004509eb7" testName="PrivateViewGroupp_Constructor_DefaultValuesCorrect" computerName="DKSR-EFI-06" duration="00:00:00.0019426" startTime="2024-01-09T15:41:45.4976571+01:00" endTime="2024-01-09T15:41:45.4976571+01:00" testType="13cdc9d9-ddb5-4fa4-a97d-d965ccfc6d4b" outcome="Passed" testListId="8c84fa94-04c1-424b-9868-57a2d4851a1d" relativeResultsDirectory="43e38d1c-d884-4f64-bf71-20152b8cc0a8" />
    <UnitTestResult executionId="4f1b805c-13f4-40d3-870a-f82d61f0c05a" testId="58da7965-4a74-1430-e7bb-9ed117b03005" testName="VideoWallPreset_Delete_Success" computerName="DKSR-EFI-06" duration="00:00:00.0004302" startTime="2024-01-09T15:41:47.0445399+01:00" endTime="2024-01-09T15:41:47.0445399+01:00" testType="13cdc9d9-ddb5-4fa4-a97d-d965ccfc6d4b" outcome="Passed" testListId="8c84fa94-04c1-424b-9868-57a2d4851a1d" relativeResultsDirectory="4f1b805c-13f4-40d3-870a-f82d61f0c05a" />
    <UnitTestResult executionId="fdd2cce3-0454-4779-82e3-08d82aa9101e" testId="441cf653-313f-f6d1-f093-d6acedfeeb83" testName="Construct_InvalidParam_ISiteConnectionInfoWindows_Null_Throws_ArgumentNullException" computerName="DKSR-EFI-06" duration="00:00:00.0011038" startTime="2024-01-09T15:41:47.9039241+01:00" endTime="2024-01-09T15:41:47.9039241+01:00" testType="13cdc9d9-ddb5-4fa4-a97d-d965ccfc6d4b" outcome="Passed" testListId="8c84fa94-04c1-424b-9868-57a2d4851a1d" relativeResultsDirectory="fdd2cce3-0454-4779-82e3-08d82aa9101e" />
    <UnitTestResult executionId="f4b0eb8c-9a83-46c4-9342-a2068839e6e8" testId="ee53f2c9-6261-406d-51ad-1fcd3a16a3e3" testName="RecordingStorage_Validate_Encryption_Password_Failed_Not_Created" computerName="DKSR-EFI-06" duration="00:00:00.0009082" startTime="2024-01-09T15:41:45.7945326+01:00" endTime="2024-01-09T15:41:45.7945326+01:00" testType="13cdc9d9-ddb5-4fa4-a97d-d965ccfc6d4b" outcome="Passed" testListId="8c84fa94-04c1-424b-9868-57a2d4851a1d" relativeResultsDirectory="f4b0eb8c-9a83-46c4-9342-a2068839e6e8" />
    <UnitTestResult executionId="6d0aa67f-6594-4a76-9cbb-cbf73a90b815" testId="8829447c-f146-4b1c-a29d-e03146092a4c" testName="ThrowExceptionIfProtocolIsNotAllowed_SecureProtocol_NonSecureAllowed_DoesNothing" computerName="DKSR-EFI-06" duration="00:00:00.0005166" startTime="2024-01-09T15:41:36.0601135+01:00" endTime="2024-01-09T15:41:36.0601135+01:00" testType="13cdc9d9-ddb5-4fa4-a97d-d965ccfc6d4b" outcome="Passed" testListId="8c84fa94-04c1-424b-9868-57a2d4851a1d" relativeResultsDirectory="6d0aa67f-6594-4a76-9cbb-cbf73a90b815" />
    <UnitTestResult executionId="29a8a499-c29f-46d5-a73c-fc7cbd9ff491" testId="6f80ac3e-eac4-eeb8-eaa8-93987001cc45" testName="BasicUser_Change_Password_Success" computerName="DKSR-EFI-06" duration="00:00:00.0012536" startTime="2024-01-09T15:41:44.2945232+01:00" endTime="2024-01-09T15:41:44.2945232+01:00" testType="13cdc9d9-ddb5-4fa4-a97d-d965ccfc6d4b" outcome="Passed" testListId="8c84fa94-04c1-424b-9868-57a2d4851a1d" relativeResultsDirectory="29a8a499-c29f-46d5-a73c-fc7cbd9ff491" />
    <UnitTestResult executionId="37973b0c-0626-4c44-bc82-1f9503e673be" testId="e1b655f7-192d-33c2-0a45-0074494ab772" testName="GetIdpInfo_GivenAddressWithoutOAuthSupported_ShouldThrow" computerName="DKSR-EFI-06" duration="00:00:00.0050503" startTime="2024-01-09T15:41:36.1226117+01:00" endTime="2024-01-09T15:41:36.1382381+01:00" testType="13cdc9d9-ddb5-4fa4-a97d-d965ccfc6d4b" outcome="Passed" testListId="8c84fa94-04c1-424b-9868-57a2d4851a1d" relativeResultsDirectory="37973b0c-0626-4c44-bc82-1f9503e673be" />
    <UnitTestResult executionId="49ec0b07-3fe9-40ae-868f-0a0845517590" testId="4253ed18-a2a7-1788-0d1b-413834040b11" testName="GetUserDomainNameOrEmpty_NullArgument_ReturnsEmpty" computerName="DKSR-EFI-06" duration="00:00:00.0003986" startTime="2024-01-09T15:41:36.0757349+01:00" endTime="2024-01-09T15:41:36.0757349+01:00" testType="13cdc9d9-ddb5-4fa4-a97d-d965ccfc6d4b" outcome="Passed" testListId="8c84fa94-04c1-424b-9868-57a2d4851a1d" relativeResultsDirectory="49ec0b07-3fe9-40ae-868f-0a0845517590" />
    <UnitTestResult executionId="25eb43a2-1f25-4465-8fd4-c987dea27416" testId="0d1a5cb9-1901-53db-c399-c908262a6a8d" testName="TryConnect_GivenSuccess_ShouldReturnVmoClient" computerName="DKSR-EFI-06" duration="00:00:00.0456841" startTime="2024-01-09T15:41:43.7476435+01:00" endTime="2024-01-09T15:41:43.7945185+01:00" testType="13cdc9d9-ddb5-4fa4-a97d-d965ccfc6d4b" outcome="Passed" testListId="8c84fa94-04c1-424b-9868-57a2d4851a1d" relativeResultsDirectory="25eb43a2-1f25-4465-8fd4-c987dea27416" />
    <UnitTestResult executionId="752b78bf-267b-4786-8552-e79a5f430d7c" testId="a40cf24a-04d2-9bac-a015-be3a4fe9912d" testName="AxisOneClickCamera_Refresh_Success" computerName="DKSR-EFI-06" duration="00:00:00.0007230" startTime="2024-01-09T15:41:44.1382699+01:00" endTime="2024-01-09T15:41:44.1538957+01:00" testType="13cdc9d9-ddb5-4fa4-a97d-d965ccfc6d4b" outcome="Passed" testListId="8c84fa94-04c1-424b-9868-57a2d4851a1d" relativeResultsDirectory="752b78bf-267b-4786-8552-e79a5f430d7c" />
    <UnitTestResult executionId="27bfbdd3-e962-4fa4-b7f6-a831a8ae7899" testId="6fdb1f54-f66c-cc3b-e747-47c628e57388" testName="VideoWall_Refresh_Success" computerName="DKSR-EFI-06" duration="00:00:00.0003745" startTime="2024-01-09T15:41:47.0757909+01:00" endTime="2024-01-09T15:41:47.0914156+01:00" testType="13cdc9d9-ddb5-4fa4-a97d-d965ccfc6d4b" outcome="Passed" testListId="8c84fa94-04c1-424b-9868-57a2d4851a1d" relativeResultsDirectory="27bfbdd3-e962-4fa4-b7f6-a831a8ae7899" />
    <UnitTestResult executionId="6d069670-b107-4724-9b8d-92898b947a08" testId="a10509ab-f6fe-317e-d36d-69ea64c44be3" testName="TaskAddIdpAdmin_Refresh_Success" computerName="DKSR-EFI-06" duration="00:00:00.0008689" startTime="2024-01-09T15:41:46.2632838+01:00" endTime="2024-01-09T15:41:46.2632838+01:00" testType="13cdc9d9-ddb5-4fa4-a97d-d965ccfc6d4b" outcome="Passed" testListId="8c84fa94-04c1-424b-9868-57a2d4851a1d" relativeResultsDirectory="6d069670-b107-4724-9b8d-92898b947a08" />
    <UnitTestResult executionId="25bf13ae-8261-4b06-83a7-1b6cb87e4242" testId="ac768ee7-b9a1-a822-a15e-d21c960fee16" testName="Construct_AllowUnsecure_DoNotForceLegacy_Success" computerName="DKSR-EFI-06" duration="00:00:00.0005513" startTime="2024-01-09T15:41:47.9195455+01:00" endTime="2024-01-09T15:41:47.9195455+01:00" testType="13cdc9d9-ddb5-4fa4-a97d-d965ccfc6d4b" outcome="Passed" testListId="8c84fa94-04c1-424b-9868-57a2d4851a1d" relativeResultsDirectory="25bf13ae-8261-4b06-83a7-1b6cb87e4242" />
    <UnitTestResult executionId="ce78338d-4071-4ed2-b906-839b7b95b613" testId="9a35ab4f-024c-c452-7677-7895f6a830fe" testName="CalendarTimeProfile_Create_Success_Constructor" computerName="DKSR-EFI-06" duration="00:00:00.0004437" startTime="2024-01-09T15:41:46.8570397+01:00" endTime="2024-01-09T15:41:46.8570397+01:00" testType="13cdc9d9-ddb5-4fa4-a97d-d965ccfc6d4b" outcome="Passed" testListId="8c84fa94-04c1-424b-9868-57a2d4851a1d" relativeResultsDirectory="ce78338d-4071-4ed2-b906-839b7b95b613" />
    <UnitTestResult executionId="19c266b0-9748-4fe4-9dd8-9c4e21d53526" testId="3e63c740-e191-e5df-c5a2-bb5eb679c233" testName="GetIdpInfoOrError_GivenManyAddresses_ShouldReturnIdpInfoOrErrorForEveryAddress" computerName="DKSR-EFI-06" duration="00:00:02.0191607" startTime="2024-01-09T15:41:40.3882598+01:00" endTime="2024-01-09T15:41:42.4195132+01:00" testType="13cdc9d9-ddb5-4fa4-a97d-d965ccfc6d4b" outcome="Passed" testListId="8c84fa94-04c1-424b-9868-57a2d4851a1d" relativeResultsDirectory="19c266b0-9748-4fe4-9dd8-9c4e21d53526" />
    <UnitTestResult executionId="b8612b50-8214-417e-bb7e-791e7fc2b3ad" testId="5800465d-46a5-5773-cf9a-3a02d11bfc1d" testName="RuleSource_Create_CheckVersionCalled" computerName="DKSR-EFI-06" duration="00:00:00.0005316" startTime="2024-01-09T15:41:45.9976593+01:00" endTime="2024-01-09T15:41:45.9976593+01:00" testType="13cdc9d9-ddb5-4fa4-a97d-d965ccfc6d4b" outcome="Passed" testListId="8c84fa94-04c1-424b-9868-57a2d4851a1d" relativeResultsDirectory="b8612b50-8214-417e-bb7e-791e7fc2b3ad" />
    <UnitTestResult executionId="3537e15f-cf5a-4a62-af00-461d812d1ad4" testId="feb30980-9ed1-4c3c-52d8-e49bb0409ac3" testName="ExceptionConverter_GetConnectionConvertedException_MessageSecurityException" computerName="DKSR-EFI-06" duration="00:00:00.0003211" startTime="2024-01-09T15:41:47.3257913+01:00" endTime="2024-01-09T15:41:47.3257913+01:00" testType="13cdc9d9-ddb5-4fa4-a97d-d965ccfc6d4b" outcome="Passed" testListId="8c84fa94-04c1-424b-9868-57a2d4851a1d" relativeResultsDirectory="3537e15f-cf5a-4a62-af00-461d812d1ad4" />
    <UnitTestResult executionId="5a56cc05-0180-4220-9914-e115c968db4b" testId="7f79b5d5-b81f-6e95-52cd-d60a51ecbad9" testName="MarkedData_Update_Success" computerName="DKSR-EFI-06" duration="00:00:00.0013098" startTime="2024-01-09T15:41:44.8257755+01:00" endTime="2024-01-09T15:41:44.8414019+01:00" testType="13cdc9d9-ddb5-4fa4-a97d-d965ccfc6d4b" outcome="Passed" testListId="8c84fa94-04c1-424b-9868-57a2d4851a1d" relativeResultsDirectory="5a56cc05-0180-4220-9914-e115c968db4b" />
    <UnitTestResult executionId="9d16bc7f-8729-46f5-9d4c-35f50c2456e5" testId="aebd2ed3-500b-7ed7-3035-495460774e8c" testName="PerformanceStateRuleConfig_Constructor_DefaultValuesCorrect" computerName="DKSR-EFI-06" duration="00:00:00.0024846" startTime="2024-01-09T15:41:45.4351555+01:00" endTime="2024-01-09T15:41:45.4351555+01:00" testType="13cdc9d9-ddb5-4fa4-a97d-d965ccfc6d4b" outcome="Passed" testListId="8c84fa94-04c1-424b-9868-57a2d4851a1d" relativeResultsDirectory="9d16bc7f-8729-46f5-9d4c-35f50c2456e5" />
    <UnitTestResult executionId="3d7365a1-917f-45d2-9437-1a7c2c3c1d7a" testId="9715e153-c64f-2ff6-9d3f-d357619df217" testName="RetentionOptionRoleRelation_Update_Success" computerName="DKSR-EFI-06" duration="00:00:00.0005329" startTime="2024-01-09T15:41:45.8726579+01:00" endTime="2024-01-09T15:41:45.8726579+01:00" testType="13cdc9d9-ddb5-4fa4-a97d-d965ccfc6d4b" outcome="Passed" testListId="8c84fa94-04c1-424b-9868-57a2d4851a1d" relativeResultsDirectory="3d7365a1-917f-45d2-9437-1a7c2c3c1d7a" />
    <UnitTestResult executionId="c89126bd-0c4f-4de8-8e10-38247fa63cc8" testId="dee1b8cc-1096-72d2-755b-0a72b4d39e1a" testName="GenericRepositoryTestConstructor" computerName="DKSR-EFI-06" duration="00:00:00.0005712" startTime="2024-01-09T15:41:47.1698444+01:00" endTime="2024-01-09T15:41:47.1698444+01:00" testType="13cdc9d9-ddb5-4fa4-a97d-d965ccfc6d4b" outcome="Passed" testListId="8c84fa94-04c1-424b-9868-57a2d4851a1d" relativeResultsDirectory="c89126bd-0c4f-4de8-8e10-38247fa63cc8" />
    <UnitTestResult executionId="1c75a27f-4e26-4aff-a484-7c70f79dbe08" testId="15c29022-eb79-9121-034c-c0cba1cf6806" testName="Construct_AllowUnsecure_ForceLegacy_Success" computerName="DKSR-EFI-06" duration="00:00:00.0002520" startTime="2024-01-09T15:41:47.9195455+01:00" endTime="2024-01-09T15:41:47.9195455+01:00" testType="13cdc9d9-ddb5-4fa4-a97d-d965ccfc6d4b" outcome="Passed" testListId="8c84fa94-04c1-424b-9868-57a2d4851a1d" relativeResultsDirectory="1c75a27f-4e26-4aff-a484-7c70f79dbe08" />
    <UnitTestResult executionId="93cf69fc-e6aa-472a-9b00-7256a878fc5f" testId="ba1bb513-dbfb-d771-2804-731667304b59" testName="TaskTruncateDeviceStorage_StartNew_Success" computerName="DKSR-EFI-06" duration="00:00:00.0026126" startTime="2024-01-09T15:41:46.8414127+01:00" endTime="2024-01-09T15:41:46.8414127+01:00" testType="13cdc9d9-ddb5-4fa4-a97d-d965ccfc6d4b" outcome="Passed" testListId="8c84fa94-04c1-424b-9868-57a2d4851a1d" relativeResultsDirectory="93cf69fc-e6aa-472a-9b00-7256a878fc5f" />
    <UnitTestResult executionId="d4567c1d-94ab-4fb8-bd28-dc1fdb8ae148" testId="860e6e1e-f978-c906-7cf5-a51951f71e12" testName="VideoWall_Repository_Registered" computerName="DKSR-EFI-06" duration="00:00:00.0005053" startTime="2024-01-09T15:41:47.0914156+01:00" endTime="2024-01-09T15:41:47.0914156+01:00" testType="13cdc9d9-ddb5-4fa4-a97d-d965ccfc6d4b" outcome="Passed" testListId="8c84fa94-04c1-424b-9868-57a2d4851a1d" relativeResultsDirectory="d4567c1d-94ab-4fb8-bd28-dc1fdb8ae148" />
    <UnitTestResult executionId="2b821c42-6ffb-47d8-961d-c46bd21ed043" testId="0c16100a-4fab-7919-1d30-b7832fad41be" testName="TryConnect_GivenUnexpectedServerId_ShouldDisconnectDisposeAllAndReturnNull" computerName="DKSR-EFI-06" duration="00:00:00.0104493" startTime="2024-01-09T15:41:43.8101444+01:00" endTime="2024-01-09T15:41:43.8101444+01:00" testType="13cdc9d9-ddb5-4fa4-a97d-d965ccfc6d4b" outcome="Passed" testListId="8c84fa94-04c1-424b-9868-57a2d4851a1d" relativeResultsDirectory="2b821c42-6ffb-47d8-961d-c46bd21ed043" />
    <UnitTestResult executionId="7611f7b2-d1af-43c0-83a5-c42b480a4537" testId="37d71308-1b21-c7c0-c2b2-27c84f2da2ff" testName="TrustedIssuer_CtorOnUnsupportedVersion_Throws" computerName="DKSR-EFI-06" duration="00:00:00.0010423" startTime="2024-01-09T15:41:46.9820407+01:00" endTime="2024-01-09T15:41:46.9820407+01:00" testType="13cdc9d9-ddb5-4fa4-a97d-d965ccfc6d4b" outcome="Passed" testListId="8c84fa94-04c1-424b-9868-57a2d4851a1d" relativeResultsDirectory="7611f7b2-d1af-43c0-83a5-c42b480a4537" />
    <UnitTestResult executionId="945d46c0-be3f-4874-9a98-802f3c6c3f37" testId="aa36675d-2939-7ced-ac01-eb4d23340b43" testName="GenericRepositoryTestGetObjectsByIdWithPolymorphicVmoType" computerName="DKSR-EFI-06" duration="00:00:00.0070035" startTime="2024-01-09T15:41:47.1851642+01:00" endTime="2024-01-09T15:41:47.1851642+01:00" testType="13cdc9d9-ddb5-4fa4-a97d-d965ccfc6d4b" outcome="Passed" testListId="8c84fa94-04c1-424b-9868-57a2d4851a1d" relativeResultsDirectory="945d46c0-be3f-4874-9a98-802f3c6c3f37" />
    <UnitTestResult executionId="e88c5e6a-5e53-419c-894a-9417eee4bd86" testId="4853f1aa-7050-d8c1-613d-9333d3d8a4c8" testName="CalendarTimeProfile_Create60WithId_NotSupportedException" computerName="DKSR-EFI-06" duration="00:00:00.0007187" startTime="2024-01-09T15:41:46.8882876+01:00" endTime="2024-01-09T15:41:46.8882876+01:00" testType="13cdc9d9-ddb5-4fa4-a97d-d965ccfc6d4b" outcome="Passed" testListId="8c84fa94-04c1-424b-9868-57a2d4851a1d" relativeResultsDirectory="e88c5e6a-5e53-419c-894a-9417eee4bd86" />
    <UnitTestResult executionId="ab30950d-e5b8-4cd4-a53d-506eda08edbb" testId="16014445-361f-ce5b-f5be-c3aa5c55e580" testName="VideoWall_CreateWithId_CheckVersionNotCalled" computerName="DKSR-EFI-06" duration="00:00:00.0004748" startTime="2024-01-09T15:41:47.0914156+01:00" endTime="2024-01-09T15:41:47.0914156+01:00" testType="13cdc9d9-ddb5-4fa4-a97d-d965ccfc6d4b" outcome="Passed" testListId="8c84fa94-04c1-424b-9868-57a2d4851a1d" relativeResultsDirectory="ab30950d-e5b8-4cd4-a53d-506eda08edbb" />
    <UnitTestResult executionId="a53bce2c-ea43-49b6-a5aa-ab3b0c89ad13" testId="8206c280-0d3d-737c-88c6-fad1fd582b8e" testName="Count_UnderHeavyLoad_ShouldSuccess" computerName="DKSR-EFI-06" duration="00:00:00.0240880" startTime="2024-01-09T15:41:43.7007668+01:00" endTime="2024-01-09T15:41:43.7163940+01:00" testType="13cdc9d9-ddb5-4fa4-a97d-d965ccfc6d4b" outcome="Passed" testListId="8c84fa94-04c1-424b-9868-57a2d4851a1d" relativeResultsDirectory="a53bce2c-ea43-49b6-a5aa-ab3b0c89ad13" />
    <UnitTestResult executionId="212a9772-c4aa-4d34-a605-ae5c84a0d86f" testId="652e0c69-c7de-792b-da2f-5cb63a833d3c" testName="VideoWallPreset_CreateWithId_CheckVersionNotCalled" computerName="DKSR-EFI-06" duration="00:00:00.0005404" startTime="2024-01-09T15:41:47.0445399+01:00" endTime="2024-01-09T15:41:47.0445399+01:00" testType="13cdc9d9-ddb5-4fa4-a97d-d965ccfc6d4b" outcome="Passed" testListId="8c84fa94-04c1-424b-9868-57a2d4851a1d" relativeResultsDirectory="212a9772-c4aa-4d34-a605-ae5c84a0d86f" />
    <UnitTestResult executionId="7cdf5982-e75e-476b-aa08-09592b3989e9" testId="d3620e51-7eec-32f0-d524-de91a027a0fe" testName="ServerVersionConstructor_CompareToObjNull_Success" computerName="DKSR-EFI-06" duration="00:00:00.0001589" startTime="2024-01-09T15:41:33.4350951+01:00" endTime="2024-01-09T15:41:33.4350951+01:00" testType="13cdc9d9-ddb5-4fa4-a97d-d965ccfc6d4b" outcome="Passed" testListId="8c84fa94-04c1-424b-9868-57a2d4851a1d" relativeResultsDirectory="7cdf5982-e75e-476b-aa08-09592b3989e9" />
    <UnitTestResult executionId="c648719e-4cad-4414-9ab4-3e9bd6a470e5" testId="fbc45ece-f16d-2d7e-2b07-81328d0bcc76" testName="Role_Remove_Basic_User_Member_Check_Null_Name" computerName="DKSR-EFI-06" duration="00:00:00.0007222" startTime="2024-01-09T15:41:45.9664115+01:00" endTime="2024-01-09T15:41:45.9820339+01:00" testType="13cdc9d9-ddb5-4fa4-a97d-d965ccfc6d4b" outcome="Passed" testListId="8c84fa94-04c1-424b-9868-57a2d4851a1d" relativeResultsDirectory="c648719e-4cad-4414-9ab4-3e9bd6a470e5" />
    <UnitTestResult executionId="dcae9a7e-ce8d-42f9-9fb2-1c2c5aa2cf1b" testId="f6a68fb8-1ea9-ecef-606f-0cd2ae03d268" testName="CameraDevice_Update_NotSupported" computerName="DKSR-EFI-06" duration="00:00:00.0007799" startTime="2024-01-09T15:41:45.5601572+01:00" endTime="2024-01-09T15:41:45.5601572+01:00" testType="13cdc9d9-ddb5-4fa4-a97d-d965ccfc6d4b" outcome="Passed" testListId="8c84fa94-04c1-424b-9868-57a2d4851a1d" relativeResultsDirectory="dcae9a7e-ce8d-42f9-9fb2-1c2c5aa2cf1b" />
    <UnitTestResult executionId="85a20064-3b24-4f75-926f-fce25e7d5706" testId="93fa63ad-3f38-28ad-287e-6a435e151fef" testName="RuleSource_Constructor_DefaultValuesCorrect" computerName="DKSR-EFI-06" duration="00:00:00.0015341" startTime="2024-01-09T15:41:45.9820339+01:00" endTime="2024-01-09T15:41:45.9976593+01:00" testType="13cdc9d9-ddb5-4fa4-a97d-d965ccfc6d4b" outcome="Passed" testListId="8c84fa94-04c1-424b-9868-57a2d4851a1d" relativeResultsDirectory="85a20064-3b24-4f75-926f-fce25e7d5706" />
    <UnitTestResult executionId="94a333d2-2ff4-4d57-8cc5-ed8eefbda361" testId="39c5c78d-df2a-f4d2-455d-c8de32a898b1" testName="RuleSource_Update_CheckVersionCalled" computerName="DKSR-EFI-06" duration="00:00:00.0003812" startTime="2024-01-09T15:41:45.9976593+01:00" endTime="2024-01-09T15:41:46.0132836+01:00" testType="13cdc9d9-ddb5-4fa4-a97d-d965ccfc6d4b" outcome="Passed" testListId="8c84fa94-04c1-424b-9868-57a2d4851a1d" relativeResultsDirectory="94a333d2-2ff4-4d57-8cc5-ed8eefbda361" />
    <UnitTestResult executionId="c3101c00-4cb2-43d9-a037-abbb29e31e7e" testId="26f9e5d4-5858-646c-c437-55028eedaaf3" testName="PatrollingProfile_InsertStepFirst_Existing_PatrollingStep_Position" computerName="DKSR-EFI-06" duration="00:00:00.0007901" startTime="2024-01-09T15:41:45.3570323+01:00" endTime="2024-01-09T15:41:45.3570323+01:00" testType="13cdc9d9-ddb5-4fa4-a97d-d965ccfc6d4b" outcome="Passed" testListId="8c84fa94-04c1-424b-9868-57a2d4851a1d" relativeResultsDirectory="c3101c00-4cb2-43d9-a037-abbb29e31e7e" />
    <UnitTestResult executionId="f5bf6c2d-6c97-4304-be1d-2725d5131517" testId="abd55ea4-f6a3-38da-3aa2-cfee7dc0596c" testName="ExceptionConverter_GetConnectionConvertedException_ExceptionNull" computerName="DKSR-EFI-06" duration="00:00:00.0020957" startTime="2024-01-09T15:41:47.2789147+01:00" endTime="2024-01-09T15:41:47.2789147+01:00" testType="13cdc9d9-ddb5-4fa4-a97d-d965ccfc6d4b" outcome="Passed" testListId="8c84fa94-04c1-424b-9868-57a2d4851a1d" relativeResultsDirectory="f5bf6c2d-6c97-4304-be1d-2725d5131517" />
    <UnitTestResult executionId="b1f405f9-00b3-40c1-8fac-055e60ab27bc" testId="c57beb0f-eec2-daf6-57e9-e2c0bb410564" testName="PublicViewGroup_Constructor_DefaultValuesCorrect" computerName="DKSR-EFI-06" duration="00:00:00.0023198" startTime="2024-01-09T15:41:45.5289063+01:00" endTime="2024-01-09T15:41:45.5289063+01:00" testType="13cdc9d9-ddb5-4fa4-a97d-d965ccfc6d4b" outcome="Passed" testListId="8c84fa94-04c1-424b-9868-57a2d4851a1d" relativeResultsDirectory="b1f405f9-00b3-40c1-8fac-055e60ab27bc" />
    <UnitTestResult executionId="2adcbb69-3811-4883-a823-53d3a9de1750" testId="bda9fca7-5845-4298-cc74-0f0e10d066c3" testName="MarkedData_Refresh_Failed_Deleted" computerName="DKSR-EFI-06" duration="00:00:00.0006566" startTime="2024-01-09T15:41:44.8570268+01:00" endTime="2024-01-09T15:41:44.8570268+01:00" testType="13cdc9d9-ddb5-4fa4-a97d-d965ccfc6d4b" outcome="Passed" testListId="8c84fa94-04c1-424b-9868-57a2d4851a1d" relativeResultsDirectory="2adcbb69-3811-4883-a823-53d3a9de1750" />
    <UnitTestResult executionId="fbe89d12-9f29-41bf-9a6a-3bd46f80fd18" testId="197baa87-69c6-9254-8ebc-832756747901" testName="TrustedIssuer_Update_Success" computerName="DKSR-EFI-06" duration="00:00:00.0005024" startTime="2024-01-09T15:41:46.9664144+01:00" endTime="2024-01-09T15:41:46.9664144+01:00" testType="13cdc9d9-ddb5-4fa4-a97d-d965ccfc6d4b" outcome="Passed" testListId="8c84fa94-04c1-424b-9868-57a2d4851a1d" relativeResultsDirectory="fbe89d12-9f29-41bf-9a6a-3bd46f80fd18" />
    <UnitTestResult executionId="c402d201-ffef-4432-bf26-2b8b41db3906" testId="3171cdd5-293f-c248-7c47-d16494845ebd" testName="RetentionOptionRoleRelation_Update_CheckVersionCalled" computerName="DKSR-EFI-06" duration="00:00:00.0002995" startTime="2024-01-09T15:41:45.8726579+01:00" endTime="2024-01-09T15:41:45.8726579+01:00" testType="13cdc9d9-ddb5-4fa4-a97d-d965ccfc6d4b" outcome="Passed" testListId="8c84fa94-04c1-424b-9868-57a2d4851a1d" relativeResultsDirectory="c402d201-ffef-4432-bf26-2b8b41db3906" />
    <UnitTestResult executionId="75f76e11-37b6-4da9-87d0-f5b6e281d145" testId="327aea0b-7715-048c-8303-ec05c9eff0d2" testName="Construct_InvalidParam_ISiteVmoConnector_Null_Throws_ArgumentNullException" computerName="DKSR-EFI-06" duration="00:00:00.0012860" startTime="2024-01-09T15:41:47.9664205+01:00" endTime="2024-01-09T15:41:47.9664205+01:00" testType="13cdc9d9-ddb5-4fa4-a97d-d965ccfc6d4b" outcome="Passed" testListId="8c84fa94-04c1-424b-9868-57a2d4851a1d" relativeResultsDirectory="75f76e11-37b6-4da9-87d0-f5b6e281d145" />
    <UnitTestResult executionId="2a9aee42-4cc6-4f62-b1c3-5468ee0af0a0" testId="066db0e8-7c2f-2450-7b03-19ea9406f013" testName="MIPObject_Refresh_Success" computerName="DKSR-EFI-06" duration="00:00:00.0006824" startTime="2024-01-09T15:41:44.9664030+01:00" endTime="2024-01-09T15:41:44.9664030+01:00" testType="13cdc9d9-ddb5-4fa4-a97d-d965ccfc6d4b" outcome="Passed" testListId="8c84fa94-04c1-424b-9868-57a2d4851a1d" relativeResultsDirectory="2a9aee42-4cc6-4f62-b1c3-5468ee0af0a0" />
    <UnitTestResult executionId="1ca60bc6-3c6d-45ab-8423-8defeaef505e" testId="32d7e112-5303-3e82-5d1d-df2f1030e0c6" testName="BasicUser_Repository_Registered" computerName="DKSR-EFI-06" duration="00:00:00.0002941" startTime="2024-01-09T15:41:44.2945232+01:00" endTime="2024-01-09T15:41:44.2945232+01:00" testType="13cdc9d9-ddb5-4fa4-a97d-d965ccfc6d4b" outcome="Passed" testListId="8c84fa94-04c1-424b-9868-57a2d4851a1d" relativeResultsDirectory="1ca60bc6-3c6d-45ab-8423-8defeaef505e" />
    <UnitTestResult executionId="a1d0c6f9-93fd-4c52-ba25-775a2b642fe7" testId="991a207f-8218-8e85-a46c-6261735a3316" testName="ServerVersionConstructor_NegativeMajor_Failure" computerName="DKSR-EFI-06" duration="00:00:00.0023897" startTime="2024-01-09T15:41:33.3725945+01:00" endTime="2024-01-09T15:41:33.3725945+01:00" testType="13cdc9d9-ddb5-4fa4-a97d-d965ccfc6d4b" outcome="Passed" testListId="8c84fa94-04c1-424b-9868-57a2d4851a1d" relativeResultsDirectory="a1d0c6f9-93fd-4c52-ba25-775a2b642fe7" />
    <UnitTestResult executionId="597f4f32-710e-4b80-8e1f-a5c2d349f543" testId="1c3fd06c-4be6-237d-b5c9-1b78608b5943" testName="RecordingStorage_Update_Success" computerName="DKSR-EFI-06" duration="00:00:00.0008805" startTime="2024-01-09T15:41:45.7476593+01:00" endTime="2024-01-09T15:41:45.7476593+01:00" testType="13cdc9d9-ddb5-4fa4-a97d-d965ccfc6d4b" outcome="Passed" testListId="8c84fa94-04c1-424b-9868-57a2d4851a1d" relativeResultsDirectory="597f4f32-710e-4b80-8e1f-a5c2d349f543" />
    <UnitTestResult executionId="5c1578e7-c198-4338-a97b-c573936eac8a" testId="df4ff3c1-650e-910f-5097-47f4252b8b5e" testName="Role_Copy_Role_Check_Empty_Name" computerName="DKSR-EFI-06" duration="00:00:00.0007948" startTime="2024-01-09T15:41:45.9195352+01:00" endTime="2024-01-09T15:41:45.9195352+01:00" testType="13cdc9d9-ddb5-4fa4-a97d-d965ccfc6d4b" outcome="Passed" testListId="8c84fa94-04c1-424b-9868-57a2d4851a1d" relativeResultsDirectory="5c1578e7-c198-4338-a97b-c573936eac8a" />
    <UnitTestResult executionId="6972174b-e8ca-4e49-8cd4-5375d04e72e0" testId="c94caaa0-3d95-fc6f-ccef-52f8da2c21a2" testName="ViewItem_Repository_Registered" computerName="DKSR-EFI-06" duration="00:00:00.0002958" startTime="2024-01-09T15:41:47.1070429+01:00" endTime="2024-01-09T15:41:47.1070429+01:00" testType="13cdc9d9-ddb5-4fa4-a97d-d965ccfc6d4b" outcome="Passed" testListId="8c84fa94-04c1-424b-9868-57a2d4851a1d" relativeResultsDirectory="6972174b-e8ca-4e49-8cd4-5375d04e72e0" />
    <UnitTestResult executionId="64e7e5e6-ebb2-45a2-9c88-eff3fdd4bd90" testId="f28ba87e-8e56-6e33-8b13-a84a00ffab9e" testName="MIPObject_Update_Success" computerName="DKSR-EFI-06" duration="00:00:00.0007214" startTime="2024-01-09T15:41:44.9664030+01:00" endTime="2024-01-09T15:41:44.9664030+01:00" testType="13cdc9d9-ddb5-4fa4-a97d-d965ccfc6d4b" outcome="Passed" testListId="8c84fa94-04c1-424b-9868-57a2d4851a1d" relativeResultsDirectory="64e7e5e6-ebb2-45a2-9c88-eff3fdd4bd90" />
    <UnitTestResult executionId="cf8b636d-3109-41e0-95c8-2189950985f8" testId="8552ab44-7a6f-6aba-f3c7-d5e39cdc2d87" testName="BasicUser_Create_CheckVersionCalled" computerName="DKSR-EFI-06" duration="00:00:00.0002680" startTime="2024-01-09T15:41:44.2805199+01:00" endTime="2024-01-09T15:41:44.2805199+01:00" testType="13cdc9d9-ddb5-4fa4-a97d-d965ccfc6d4b" outcome="Passed" testListId="8c84fa94-04c1-424b-9868-57a2d4851a1d" relativeResultsDirectory="cf8b636d-3109-41e0-95c8-2189950985f8" />
    <UnitTestResult executionId="03a0515e-ff1a-4023-8227-51888067870a" testId="49273068-e6d8-4813-444d-2ffb84d5db72" testName="MonitorPreset_Update_Success" computerName="DKSR-EFI-06" duration="00:00:00.0012760" startTime="2024-01-09T15:41:44.9820279+01:00" endTime="2024-01-09T15:41:44.9820279+01:00" testType="13cdc9d9-ddb5-4fa4-a97d-d965ccfc6d4b" outcome="Passed" testListId="8c84fa94-04c1-424b-9868-57a2d4851a1d" relativeResultsDirectory="03a0515e-ff1a-4023-8227-51888067870a" />
    <UnitTestResult executionId="fb50a67c-8e45-4b86-a0ea-d26e544f4fc3" testId="898e84ca-52b2-d7b4-f355-dab1d051561f" testName="MIPDeviceEvent_Trigger_Success" computerName="DKSR-EFI-06" duration="00:00:00.0068046" startTime="2024-01-09T15:41:44.9039023+01:00" endTime="2024-01-09T15:41:44.9195284+01:00" testType="13cdc9d9-ddb5-4fa4-a97d-d965ccfc6d4b" outcome="Passed" testListId="8c84fa94-04c1-424b-9868-57a2d4851a1d" relativeResultsDirectory="fb50a67c-8e45-4b86-a0ea-d26e544f4fc3" />
    <UnitTestResult executionId="55034064-7187-4bd9-8515-9bdcdcef9deb" testId="8dc42fe5-e680-bdfd-5002-668002897b77" testName="TaskAddIdpAdmin_StartNew_Success" computerName="DKSR-EFI-06" duration="00:00:00.0009907" startTime="2024-01-09T15:41:46.2632838+01:00" endTime="2024-01-09T15:41:46.2632838+01:00" testType="13cdc9d9-ddb5-4fa4-a97d-d965ccfc6d4b" outcome="Passed" testListId="8c84fa94-04c1-424b-9868-57a2d4851a1d" relativeResultsDirectory="55034064-7187-4bd9-8515-9bdcdcef9deb" />
    <UnitTestResult executionId="cdf5c327-1fba-4fa6-8a5a-3d7d3b568d33" testId="7c949f43-1781-41d4-86a9-9d3ee7be83b7" testName="ServerConnection_Constructor_Null_Argument_ServerName" computerName="DKSR-EFI-06" duration="00:00:00.0013687" startTime="2024-01-09T15:41:47.4820427+01:00" endTime="2024-01-09T15:41:47.4820427+01:00" testType="13cdc9d9-ddb5-4fa4-a97d-d965ccfc6d4b" outcome="Passed" testListId="8c84fa94-04c1-424b-9868-57a2d4851a1d" relativeResultsDirectory="cdf5c327-1fba-4fa6-8a5a-3d7d3b568d33" />
    <UnitTestResult executionId="f4b8b775-aa53-4fe3-b268-4bf2e7ac0710" testId="57cbc2d1-15e4-6c52-cd5a-f956ea4b46d2" testName="MarkedData_Refresh_Success" computerName="DKSR-EFI-06" duration="00:00:00.0016686" startTime="2024-01-09T15:41:44.8414019+01:00" endTime="2024-01-09T15:41:44.8414019+01:00" testType="13cdc9d9-ddb5-4fa4-a97d-d965ccfc6d4b" outcome="Passed" testListId="8c84fa94-04c1-424b-9868-57a2d4851a1d" relativeResultsDirectory="f4b8b775-aa53-4fe3-b268-4bf2e7ac0710" />
    <UnitTestResult executionId="33e6b4ac-fb5a-41a0-8c4c-43a783ce7f99" testId="52cda113-38e8-f06b-d5fa-4f71f6ad4b58" testName="BasicOwnerInfo_Create_Success" computerName="DKSR-EFI-06" duration="00:00:00.0005320" startTime="2024-01-09T15:41:44.2007707+01:00" endTime="2024-01-09T15:41:44.2007707+01:00" testType="13cdc9d9-ddb5-4fa4-a97d-d965ccfc6d4b" outcome="Passed" testListId="8c84fa94-04c1-424b-9868-57a2d4851a1d" relativeResultsDirectory="33e6b4ac-fb5a-41a0-8c4c-43a783ce7f99" />
    <UnitTestResult executionId="2bdfcd10-e355-4449-a174-a8aeb9a4740a" testId="db7d6672-a2e3-9784-8e5c-4f89f75796ff" testName="Role_Constructor_DefaultValuesCorrect" computerName="DKSR-EFI-06" duration="00:00:00.0019322" startTime="2024-01-09T15:41:45.8882840+01:00" endTime="2024-01-09T15:41:45.8882840+01:00" testType="13cdc9d9-ddb5-4fa4-a97d-d965ccfc6d4b" outcome="Passed" testListId="8c84fa94-04c1-424b-9868-57a2d4851a1d" relativeResultsDirectory="2bdfcd10-e355-4449-a174-a8aeb9a4740a" />
    <UnitTestResult executionId="445a1862-0733-4f38-aac4-7e1acd67f98d" testId="f9b6dd49-5c73-188b-8a88-af3d94f9c65a" testName="RecordingStorage_Move_Storage_Failed_Not_Created" computerName="DKSR-EFI-06" duration="00:00:00.0013634" startTime="2024-01-09T15:41:45.7789067+01:00" endTime="2024-01-09T15:41:45.7789067+01:00" testType="13cdc9d9-ddb5-4fa4-a97d-d965ccfc6d4b" outcome="Passed" testListId="8c84fa94-04c1-424b-9868-57a2d4851a1d" relativeResultsDirectory="445a1862-0733-4f38-aac4-7e1acd67f98d" />
    <UnitTestResult executionId="69af5511-d1b9-4437-8ee7-782da8a625e5" testId="fe4dfb19-6f25-bbb5-21c9-95ea5ad94ab0" testName="CameraDevice_RequestEdgeStorageRetrieval_Success" computerName="DKSR-EFI-06" duration="00:00:00.0025173" startTime="2024-01-09T15:41:45.6070318+01:00" endTime="2024-01-09T15:41:45.6070318+01:00" testType="13cdc9d9-ddb5-4fa4-a97d-d965ccfc6d4b" outcome="Passed" testListId="8c84fa94-04c1-424b-9868-57a2d4851a1d" relativeResultsDirectory="69af5511-d1b9-4437-8ee7-782da8a625e5" />
    <UnitTestResult executionId="3096dc53-e0be-4abc-be68-ec12511471d6" testId="d35d9174-3024-2cb1-9f52-4e964b2e5d27" testName="UserDefinedEvent_CreateWithId_CheckVersionCalled" computerName="DKSR-EFI-06" duration="00:00:00.0004859" startTime="2024-01-09T15:41:47.0132911+01:00" endTime="2024-01-09T15:41:47.0132911+01:00" testType="13cdc9d9-ddb5-4fa4-a97d-d965ccfc6d4b" outcome="Passed" testListId="8c84fa94-04c1-424b-9868-57a2d4851a1d" relativeResultsDirectory="3096dc53-e0be-4abc-be68-ec12511471d6" />
    <UnitTestResult executionId="d1062484-157e-4bd5-b5ca-1aa17216a885" testId="d0554a0e-ba26-a264-8235-a5c7a498e16c" testName="Role_Copy_Role_Success" computerName="DKSR-EFI-06" duration="00:00:00.0018763" startTime="2024-01-09T15:41:45.9039082+01:00" endTime="2024-01-09T15:41:45.9195352+01:00" testType="13cdc9d9-ddb5-4fa4-a97d-d965ccfc6d4b" outcome="Passed" testListId="8c84fa94-04c1-424b-9868-57a2d4851a1d" relativeResultsDirectory="d1062484-157e-4bd5-b5ca-1aa17216a885" />
    <UnitTestResult executionId="413ea3b4-e0d8-4918-aa10-050adb78a7d6" testId="0c64b581-38a4-caff-299e-f356f8d99811" testName="Grid_GridSizeChanged_ChangeEvent" computerName="DKSR-EFI-06" duration="00:00:00.0010693" startTime="2024-01-09T15:41:44.6070232+01:00" endTime="2024-01-09T15:41:44.6070232+01:00" testType="13cdc9d9-ddb5-4fa4-a97d-d965ccfc6d4b" outcome="Passed" testListId="8c84fa94-04c1-424b-9868-57a2d4851a1d" relativeResultsDirectory="413ea3b4-e0d8-4918-aa10-050adb78a7d6" />
    <UnitTestResult executionId="0295e9df-baa5-4290-97e9-da1660a07de1" testId="d434d68d-18fc-8132-4808-443cc1726358" testName="VideoWall_Constructor_DefaultValuesCorrect" computerName="DKSR-EFI-06" duration="00:00:00.0032837" startTime="2024-01-09T15:41:47.0757909+01:00" endTime="2024-01-09T15:41:47.0757909+01:00" testType="13cdc9d9-ddb5-4fa4-a97d-d965ccfc6d4b" outcome="Passed" testListId="8c84fa94-04c1-424b-9868-57a2d4851a1d" relativeResultsDirectory="0295e9df-baa5-4290-97e9-da1660a07de1" />
    <UnitTestResult executionId="f306db27-0f0a-4359-9930-e02c2dae0b2f" testId="56664e51-8a57-337b-0f92-b756a8f3bab6" testName="Role_Constructor_Username_Empty_Check" computerName="DKSR-EFI-06" duration="00:00:00.0006264" startTime="2024-01-09T15:41:45.8882840+01:00" endTime="2024-01-09T15:41:45.8882840+01:00" testType="13cdc9d9-ddb5-4fa4-a97d-d965ccfc6d4b" outcome="Passed" testListId="8c84fa94-04c1-424b-9868-57a2d4851a1d" relativeResultsDirectory="f306db27-0f0a-4359-9930-e02c2dae0b2f" />
    <UnitTestResult executionId="089000bb-c0ab-4f8a-83a1-9072fe68a987" testId="049a46f8-17e3-1e45-9757-3437f732b6aa" testName="UserDefinedEvent_Create_CheckVersionNotCalled" computerName="DKSR-EFI-06" duration="00:00:00.0002415" startTime="2024-01-09T15:41:47.0132911+01:00" endTime="2024-01-09T15:41:47.0132911+01:00" testType="13cdc9d9-ddb5-4fa4-a97d-d965ccfc6d4b" outcome="Passed" testListId="8c84fa94-04c1-424b-9868-57a2d4851a1d" relativeResultsDirectory="089000bb-c0ab-4f8a-83a1-9072fe68a987" />
    <UnitTestResult executionId="fdcbd34d-d690-43c9-be73-4c5132e4e20b" testId="aee2cb27-63f5-026c-1dec-a424ba76f6b0" testName="CameraDevice_TruncateStorage_Fail_Not_Created" computerName="DKSR-EFI-06" duration="00:00:00.0007274" startTime="2024-01-09T15:41:45.5757795+01:00" endTime="2024-01-09T15:41:45.5757795+01:00" testType="13cdc9d9-ddb5-4fa4-a97d-d965ccfc6d4b" outcome="Passed" testListId="8c84fa94-04c1-424b-9868-57a2d4851a1d" relativeResultsDirectory="fdcbd34d-d690-43c9-be73-4c5132e4e20b" />
    <UnitTestResult executionId="f9446669-1868-4fe2-b508-fb0f11b92887" testId="874fb058-d459-71f6-7f28-264ff1842a7b" testName="ArchiveStorage_Enable_Framerate_Reduction_Failed_Not_Created" computerName="DKSR-EFI-06" duration="00:00:00.0009974" startTime="2024-01-09T15:41:44.1070202+01:00" endTime="2024-01-09T15:41:44.1070202+01:00" testType="13cdc9d9-ddb5-4fa4-a97d-d965ccfc6d4b" outcome="Passed" testListId="8c84fa94-04c1-424b-9868-57a2d4851a1d" relativeResultsDirectory="f9446669-1868-4fe2-b508-fb0f11b92887" />
    <UnitTestResult executionId="07683fe0-905c-4bde-84aa-f62c107e2ba9" testId="c7c83ba8-def8-6d7f-b8f5-6cdb6210cbab" testName="BasicOwnerInfo_Update_Success" computerName="DKSR-EFI-06" duration="00:00:00.0004879" startTime="2024-01-09T15:41:44.2163966+01:00" endTime="2024-01-09T15:41:44.2163966+01:00" testType="13cdc9d9-ddb5-4fa4-a97d-d965ccfc6d4b" outcome="Passed" testListId="8c84fa94-04c1-424b-9868-57a2d4851a1d" relativeResultsDirectory="07683fe0-905c-4bde-84aa-f62c107e2ba9" />
    <UnitTestResult executionId="508654ea-212e-4860-b401-cd6d1e627900" testId="61fba1f4-ecd2-a747-23e6-e2296369ef48" testName="Role_Enum_MembersExtended_Success" computerName="DKSR-EFI-06" duration="00:00:00.0016049" startTime="2024-01-09T15:41:45.9820339+01:00" endTime="2024-01-09T15:41:45.9820339+01:00" testType="13cdc9d9-ddb5-4fa4-a97d-d965ccfc6d4b" outcome="Passed" testListId="8c84fa94-04c1-424b-9868-57a2d4851a1d" relativeResultsDirectory="508654ea-212e-4860-b401-cd6d1e627900" />
    <UnitTestResult executionId="d2164680-aaa0-46a9-b8bb-5c7ba9157cb7" testId="5cc4f7a1-fc05-ad19-6f74-4756de5fc614" testName="Constructor_GivenNullSiteConnectorOAuth_ShouldThrow" computerName="DKSR-EFI-06" duration="00:00:00.0049413" startTime="2024-01-09T15:41:35.9351085+01:00" endTime="2024-01-09T15:41:35.9507367+01:00" testType="13cdc9d9-ddb5-4fa4-a97d-d965ccfc6d4b" outcome="Passed" testListId="8c84fa94-04c1-424b-9868-57a2d4851a1d" relativeResultsDirectory="d2164680-aaa0-46a9-b8bb-5c7ba9157cb7" />
    <UnitTestResult executionId="40f38b0c-80b0-450a-937b-87237a657831" testId="59de5694-4dc9-6ebd-759a-ba187ea8ed25" testName="Monitor_Create_Success" computerName="DKSR-EFI-06" duration="00:00:00.0004823" startTime="2024-01-09T15:41:45.0132759+01:00" endTime="2024-01-09T15:41:45.0132759+01:00" testType="13cdc9d9-ddb5-4fa4-a97d-d965ccfc6d4b" outcome="Passed" testListId="8c84fa94-04c1-424b-9868-57a2d4851a1d" relativeResultsDirectory="40f38b0c-80b0-450a-937b-87237a657831" />
    <UnitTestResult executionId="5aa427f1-75c0-4512-96c4-55e2a8c0744c" testId="0b53b766-19fe-124b-7c75-909322adc18f" testName="CameraDeviceGroup_Refresh_Failed" computerName="DKSR-EFI-06" duration="00:00:00.0011819" startTime="2024-01-09T15:41:44.3573643+01:00" endTime="2024-01-09T15:41:44.3726490+01:00" testType="13cdc9d9-ddb5-4fa4-a97d-d965ccfc6d4b" outcome="Passed" testListId="8c84fa94-04c1-424b-9868-57a2d4851a1d" relativeResultsDirectory="5aa427f1-75c0-4512-96c4-55e2a8c0744c" />
    <UnitTestResult executionId="7721ddf7-466b-46d6-bc70-f86c7d6e627d" testId="92f6d237-149c-e18a-4244-5b7b84e809f3" testName="Role_Delete_Success" computerName="DKSR-EFI-06" duration="00:00:00.0003908" startTime="2024-01-09T15:41:45.9039082+01:00" endTime="2024-01-09T15:41:45.9039082+01:00" testType="13cdc9d9-ddb5-4fa4-a97d-d965ccfc6d4b" outcome="Passed" testListId="8c84fa94-04c1-424b-9868-57a2d4851a1d" relativeResultsDirectory="7721ddf7-466b-46d6-bc70-f86c7d6e627d" />
    <UnitTestResult executionId="b6723f95-1833-4426-bac9-01ab2c132d2d" testId="9256e2c2-15b3-2564-cc37-ead6fb45b681" testName="PatrollingProfile_InsertStepFirst_Create_PatrollingStep_With_WaitTime" computerName="DKSR-EFI-06" duration="00:00:00.0010953" startTime="2024-01-09T15:41:45.3570323+01:00" endTime="2024-01-09T15:41:45.3570323+01:00" testType="13cdc9d9-ddb5-4fa4-a97d-d965ccfc6d4b" outcome="Passed" testListId="8c84fa94-04c1-424b-9868-57a2d4851a1d" relativeResultsDirectory="b6723f95-1833-4426-bac9-01ab2c132d2d" />
    <UnitTestResult executionId="2b55dedf-3633-4bfa-a301-e003554ea86d" testId="22305020-6199-e54c-ad68-f1aadfca8210" testName="ServerConnection_Constructor_TokenCache_Success_DefaultSettings" computerName="DKSR-EFI-06" duration="00:00:00.0063898" startTime="2024-01-09T15:41:47.5132944+01:00" endTime="2024-01-09T15:41:47.5132944+01:00" testType="13cdc9d9-ddb5-4fa4-a97d-d965ccfc6d4b" outcome="Passed" testListId="8c84fa94-04c1-424b-9868-57a2d4851a1d" relativeResultsDirectory="2b55dedf-3633-4bfa-a301-e003554ea86d" />
    <UnitTestResult executionId="733f177b-795b-46a1-8c9b-31ffad998a9b" testId="b83be294-6532-01c7-4f9a-6a7ef7b4b6ba" testName="PatrollingProfile_InsertStepAt_Existing_PatrollingStep_Position" computerName="DKSR-EFI-06" duration="00:00:00.0050136" startTime="2024-01-09T15:41:45.3414048+01:00" endTime="2024-01-09T15:41:45.3414048+01:00" testType="13cdc9d9-ddb5-4fa4-a97d-d965ccfc6d4b" outcome="Passed" testListId="8c84fa94-04c1-424b-9868-57a2d4851a1d" relativeResultsDirectory="733f177b-795b-46a1-8c9b-31ffad998a9b" />
    <UnitTestResult executionId="dae40db4-7f76-47b8-98ea-5c7e42835b96" testId="68c61d83-4cf3-ff70-7a7c-31b35c4affbf" testName="RecordingStorage_Constructor_DefaultValuesCorrect" computerName="DKSR-EFI-06" duration="00:00:00.0047323" startTime="2024-01-09T15:41:45.7320331+01:00" endTime="2024-01-09T15:41:45.7476593+01:00" testType="13cdc9d9-ddb5-4fa4-a97d-d965ccfc6d4b" outcome="Passed" testListId="8c84fa94-04c1-424b-9868-57a2d4851a1d" relativeResultsDirectory="dae40db4-7f76-47b8-98ea-5c7e42835b96" />
    <UnitTestResult executionId="1776b96c-8310-4972-a8d8-f5d2760dfc8d" testId="71c415b8-c9ea-aeb7-723c-5122b9e2f843" testName="Hardware_Driver_Version_Construct_Device_Pack_Driver3" computerName="DKSR-EFI-06" duration="00:00:00.0002137" startTime="2024-01-09T15:41:45.6539067+01:00" endTime="2024-01-09T15:41:45.6539067+01:00" testType="13cdc9d9-ddb5-4fa4-a97d-d965ccfc6d4b" outcome="Passed" testListId="8c84fa94-04c1-424b-9868-57a2d4851a1d" relativeResultsDirectory="1776b96c-8310-4972-a8d8-f5d2760dfc8d" />
    <UnitTestResult executionId="66685dde-0ec0-4187-94c7-1bf7461deb2f" testId="4806cae8-8634-8ad0-07cf-c99145fe57aa" testName="SystemDashboardConfiguration_Constructor_CheckForVersion_7_0_and_throws" computerName="DKSR-EFI-06" duration="00:00:00.0007785" startTime="2024-01-09T15:41:46.0757843+01:00" endTime="2024-01-09T15:41:46.0757843+01:00" testType="13cdc9d9-ddb5-4fa4-a97d-d965ccfc6d4b" outcome="Passed" testListId="8c84fa94-04c1-424b-9868-57a2d4851a1d" relativeResultsDirectory="66685dde-0ec0-4187-94c7-1bf7461deb2f" />
    <UnitTestResult executionId="98630905-f406-4313-8156-5359cecc7370" testId="a207ba8b-c394-7870-bbd5-3bb5925679e9" testName="RuleSource_Update_Failed_Not_Created" computerName="DKSR-EFI-06" duration="00:00:00.0009268" startTime="2024-01-09T15:41:46.0132836+01:00" endTime="2024-01-09T15:41:46.0132836+01:00" testType="13cdc9d9-ddb5-4fa4-a97d-d965ccfc6d4b" outcome="Passed" testListId="8c84fa94-04c1-424b-9868-57a2d4851a1d" relativeResultsDirectory="98630905-f406-4313-8156-5359cecc7370" />
    <UnitTestResult executionId="e537e142-68dc-432e-b825-e8256a6fbfd2" testId="cc3404cc-2e23-f743-55fd-da836acdabab" testName="SystemDashboardConfigurationuration_Refresh_CheckVersionCalled" computerName="DKSR-EFI-06" duration="00:00:00.0003028" startTime="2024-01-09T15:41:46.1070345+01:00" endTime="2024-01-09T15:41:46.1070345+01:00" testType="13cdc9d9-ddb5-4fa4-a97d-d965ccfc6d4b" outcome="Passed" testListId="8c84fa94-04c1-424b-9868-57a2d4851a1d" relativeResultsDirectory="e537e142-68dc-432e-b825-e8256a6fbfd2" />
    <UnitTestResult executionId="95d26ba3-8b46-4556-aabe-f2967288febe" testId="38e2ddd4-5f85-e174-be72-83671ff805af" testName="BasicUser_Update_CheckVersionCalled" computerName="DKSR-EFI-06" duration="00:00:00.0002803" startTime="2024-01-09T15:41:44.2805199+01:00" endTime="2024-01-09T15:41:44.2805199+01:00" testType="13cdc9d9-ddb5-4fa4-a97d-d965ccfc6d4b" outcome="Passed" testListId="8c84fa94-04c1-424b-9868-57a2d4851a1d" relativeResultsDirectory="95d26ba3-8b46-4556-aabe-f2967288febe" />
    <UnitTestResult executionId="9c4bfd31-9237-47dc-846c-035ba797647d" testId="03073659-99be-6052-26fb-ff548c6aaf88" testName="Grid_SetRegionHeighthOutOfBounds_Exception" computerName="DKSR-EFI-06" duration="00:00:00.0005163" startTime="2024-01-09T15:41:44.5913994+01:00" endTime="2024-01-09T15:41:44.5913994+01:00" testType="13cdc9d9-ddb5-4fa4-a97d-d965ccfc6d4b" outcome="Passed" testListId="8c84fa94-04c1-424b-9868-57a2d4851a1d" relativeResultsDirectory="9c4bfd31-9237-47dc-846c-035ba797647d" />
    <UnitTestResult executionId="33e3a2d2-45a2-4cc9-b308-9920ad3a1f45" testId="029aee69-d04b-5a49-9992-2e4ba2ae7f37" testName="SunClockTimeProfile_Create_Failed_Constructor_Empty_CustomId" computerName="DKSR-EFI-06" duration="00:00:00.0006634" startTime="2024-01-09T15:41:46.9195389+01:00" endTime="2024-01-09T15:41:46.9195389+01:00" testType="13cdc9d9-ddb5-4fa4-a97d-d965ccfc6d4b" outcome="Passed" testListId="8c84fa94-04c1-424b-9868-57a2d4851a1d" relativeResultsDirectory="33e3a2d2-45a2-4cc9-b308-9920ad3a1f45" />
    <UnitTestResult executionId="5dba35ab-81e3-4fce-b0d0-db0d0f13a067" testId="6c5d1332-af3b-91c1-59bc-8fe9b87ba72d" testName="PatrollingProfile_InsertStepLast_Create_PatrollingStep_Position" computerName="DKSR-EFI-06" duration="00:00:00.0007860" startTime="2024-01-09T15:41:45.3882813+01:00" endTime="2024-01-09T15:41:45.3882813+01:00" testType="13cdc9d9-ddb5-4fa4-a97d-d965ccfc6d4b" outcome="Passed" testListId="8c84fa94-04c1-424b-9868-57a2d4851a1d" relativeResultsDirectory="5dba35ab-81e3-4fce-b0d0-db0d0f13a067" />
    <UnitTestResult executionId="2b7b103c-5f7b-42de-b6ec-9247145f33cb" testId="ee43794d-5b26-f495-2efa-6d0f046df9d0" testName="UserDefinedEvent_Create_Success" computerName="DKSR-EFI-06" duration="00:00:00.0004185" startTime="2024-01-09T15:41:46.9976643+01:00" endTime="2024-01-09T15:41:47.0132911+01:00" testType="13cdc9d9-ddb5-4fa4-a97d-d965ccfc6d4b" outcome="Passed" testListId="8c84fa94-04c1-424b-9868-57a2d4851a1d" relativeResultsDirectory="2b7b103c-5f7b-42de-b6ec-9247145f33cb" />
    <UnitTestResult executionId="d46a37cd-7860-4cdf-8f37-891cd0741ae5" testId="a9b67831-d0b6-ce7b-0668-e76067964e4d" testName="Server_Version_Equality_Operators" computerName="DKSR-EFI-06" duration="00:00:00.0007277" startTime="2024-01-09T15:41:46.0445338+01:00" endTime="2024-01-09T15:41:46.0445338+01:00" testType="13cdc9d9-ddb5-4fa4-a97d-d965ccfc6d4b" outcome="Passed" testListId="8c84fa94-04c1-424b-9868-57a2d4851a1d" relativeResultsDirectory="d46a37cd-7860-4cdf-8f37-891cd0741ae5" />
    <UnitTestResult executionId="b4b6c499-a091-4288-8b55-765e9c998e18" testId="4a4d9501-6b9c-d98c-f56b-97acb3a1a103" testName="Grid_InsertSameRegion_NotInserted" computerName="DKSR-EFI-06" duration="00:00:00.0001910" startTime="2024-01-09T15:41:44.6070232+01:00" endTime="2024-01-09T15:41:44.6070232+01:00" testType="13cdc9d9-ddb5-4fa4-a97d-d965ccfc6d4b" outcome="Passed" testListId="8c84fa94-04c1-424b-9868-57a2d4851a1d" relativeResultsDirectory="b4b6c499-a091-4288-8b55-765e9c998e18" />
    <UnitTestResult executionId="dbbef0c2-6988-4095-9781-d69859b1f147" testId="e247e8aa-c917-f9e1-ee41-625673010644" testName="TrustedIssuer_DeleteOnUnsupportedVersion_Throws" computerName="DKSR-EFI-06" duration="00:00:00.0009057" startTime="2024-01-09T15:41:46.9820407+01:00" endTime="2024-01-09T15:41:46.9976643+01:00" testType="13cdc9d9-ddb5-4fa4-a97d-d965ccfc6d4b" outcome="Passed" testListId="8c84fa94-04c1-424b-9868-57a2d4851a1d" relativeResultsDirectory="dbbef0c2-6988-4095-9781-d69859b1f147" />
    <UnitTestResult executionId="ceb5bfb0-b057-43ea-b5da-9cb9686c09e8" testId="064663ac-a267-a696-51c0-fe929e47366c" testName="SunClockTimeProfile_Create_CustomId_Success_Constructor" computerName="DKSR-EFI-06" duration="00:00:00.0006863" startTime="2024-01-09T15:41:46.9039141+01:00" endTime="2024-01-09T15:41:46.9039141+01:00" testType="13cdc9d9-ddb5-4fa4-a97d-d965ccfc6d4b" outcome="Passed" testListId="8c84fa94-04c1-424b-9868-57a2d4851a1d" relativeResultsDirectory="ceb5bfb0-b057-43ea-b5da-9cb9686c09e8" />
    <UnitTestResult executionId="0a1240f9-5043-429b-b1a8-44b3afa4242b" testId="28a4ee6c-34d9-2fd6-6b5a-164c72fa026f" testName="Remove_UnderHeavyLoad_ShouldSuccess" computerName="DKSR-EFI-06" duration="00:00:00.0521840" startTime="2024-01-09T15:41:43.6383702+01:00" endTime="2024-01-09T15:41:43.6851418+01:00" testType="13cdc9d9-ddb5-4fa4-a97d-d965ccfc6d4b" outcome="Passed" testListId="8c84fa94-04c1-424b-9868-57a2d4851a1d" relativeResultsDirectory="0a1240f9-5043-429b-b1a8-44b3afa4242b" />
    <UnitTestResult executionId="fc5a6f3f-85c7-4bf5-89b2-81c19671f8ae" testId="9c0e9757-d51c-1e1e-437e-30ab9c6fdc3d" testName="Construct_Credentials_ValidInstance_Success" computerName="DKSR-EFI-06" duration="00:00:00.0002101" startTime="2024-01-09T15:41:47.9507934+01:00" endTime="2024-01-09T15:41:47.9507934+01:00" testType="13cdc9d9-ddb5-4fa4-a97d-d965ccfc6d4b" outcome="Passed" testListId="8c84fa94-04c1-424b-9868-57a2d4851a1d" relativeResultsDirectory="fc5a6f3f-85c7-4bf5-89b2-81c19671f8ae" />
    <UnitTestResult executionId="96f73872-dbde-49a6-8524-21ae43ade818" testId="4b945afa-f16d-050a-710d-9b6a97aaf365" testName="ArchiveStorage_Move_Storage_Failed_Not_Created" computerName="DKSR-EFI-06" duration="00:00:00.0011784" startTime="2024-01-09T15:41:44.0913973+01:00" endTime="2024-01-09T15:41:44.0913973+01:00" testType="13cdc9d9-ddb5-4fa4-a97d-d965ccfc6d4b" outcome="Passed" testListId="8c84fa94-04c1-424b-9868-57a2d4851a1d" relativeResultsDirectory="96f73872-dbde-49a6-8524-21ae43ade818" />
    <UnitTestResult executionId="49fb5572-ae87-4f24-995e-75d7babf8764" testId="2dd8d6a2-00d9-80fa-20cd-56a988793cbb" testName="FailoverServerGroup_Create_Success" computerName="DKSR-EFI-06" duration="00:00:00.0004709" startTime="2024-01-09T15:41:44.4038987+01:00" endTime="2024-01-09T15:41:44.4038987+01:00" testType="13cdc9d9-ddb5-4fa4-a97d-d965ccfc6d4b" outcome="Passed" testListId="8c84fa94-04c1-424b-9868-57a2d4851a1d" relativeResultsDirectory="49fb5572-ae87-4f24-995e-75d7babf8764" />
    <UnitTestResult executionId="41df58c7-c615-41ae-9e9b-459ef49b3194" testId="68c60ae4-795d-f7b2-0ddd-0853c559d68d" testName="MIPEvent_Constructor_DefaultValuesCorrect" computerName="DKSR-EFI-06" duration="00:00:00.0015573" startTime="2024-01-09T15:41:44.9195284+01:00" endTime="2024-01-09T15:41:44.9195284+01:00" testType="13cdc9d9-ddb5-4fa4-a97d-d965ccfc6d4b" outcome="Passed" testListId="8c84fa94-04c1-424b-9868-57a2d4851a1d" relativeResultsDirectory="41df58c7-c615-41ae-9e9b-459ef49b3194" />
    <UnitTestResult executionId="4c760000-fd84-4d0b-bd79-20c3d59854cf" testId="eeba400a-7a60-e166-4842-f46ea9e2cb9a" testName="Construct_InvalidParam_ISiteTokenCacheStore_Null_Throws_ArgumentNullException" computerName="DKSR-EFI-06" duration="00:00:00.0007526" startTime="2024-01-09T15:41:47.9820483+01:00" endTime="2024-01-09T15:41:47.9976688+01:00" testType="13cdc9d9-ddb5-4fa4-a97d-d965ccfc6d4b" outcome="Passed" testListId="8c84fa94-04c1-424b-9868-57a2d4851a1d" relativeResultsDirectory="4c760000-fd84-4d0b-bd79-20c3d59854cf" />
    <UnitTestResult executionId="606ab517-d509-4f11-887c-8e6d38df470f" testId="bb547e80-4431-20f5-dfd2-c93c21e69917" testName="Construct_InvalidParam_TokenCache_Null_Throws_ArgumentNullException" computerName="DKSR-EFI-06" duration="00:00:00.0005688" startTime="2024-01-09T15:41:47.9039241+01:00" endTime="2024-01-09T15:41:47.9039241+01:00" testType="13cdc9d9-ddb5-4fa4-a97d-d965ccfc6d4b" outcome="Passed" testListId="8c84fa94-04c1-424b-9868-57a2d4851a1d" relativeResultsDirectory="606ab517-d509-4f11-887c-8e6d38df470f" />
    <UnitTestResult executionId="8a3ffead-1db1-4566-bfbc-16148de14025" testId="2a2a2615-0585-1266-11cf-6b74cf7aa87e" testName="TimeProfile_Repository_Registered" computerName="DKSR-EFI-06" duration="00:00:00.0004131" startTime="2024-01-09T15:41:46.9507899+01:00" endTime="2024-01-09T15:41:46.9507899+01:00" testType="13cdc9d9-ddb5-4fa4-a97d-d965ccfc6d4b" outcome="Passed" testListId="8c84fa94-04c1-424b-9868-57a2d4851a1d" relativeResultsDirectory="8a3ffead-1db1-4566-bfbc-16148de14025" />
    <UnitTestResult executionId="0b63d8ba-9f1a-4998-ab36-94799cd69335" testId="0f84e6ef-2cf8-7465-e4b9-ad003c4d190d" testName="MIPObject_Constructor_Repositories_DefaultValuesCorrect" computerName="DKSR-EFI-06" duration="00:00:00.0020423" startTime="2024-01-09T15:41:44.9351520+01:00" endTime="2024-01-09T15:41:44.9507770+01:00" testType="13cdc9d9-ddb5-4fa4-a97d-d965ccfc6d4b" outcome="Passed" testListId="8c84fa94-04c1-424b-9868-57a2d4851a1d" relativeResultsDirectory="0b63d8ba-9f1a-4998-ab36-94799cd69335" />
    <UnitTestResult executionId="3f805f66-18ce-43d0-a45a-a892c0f14adb" testId="00359fdf-0a4b-6178-4ca6-973d86cbac25" testName="GenericRepositoryTestGetObjectRelationsServerCalledAlways" computerName="DKSR-EFI-06" duration="00:00:00.0015412" startTime="2024-01-09T15:41:47.2007892+01:00" endTime="2024-01-09T15:41:47.2007892+01:00" testType="13cdc9d9-ddb5-4fa4-a97d-d965ccfc6d4b" outcome="Passed" testListId="8c84fa94-04c1-424b-9868-57a2d4851a1d" relativeResultsDirectory="3f805f66-18ce-43d0-a45a-a892c0f14adb" />
    <UnitTestResult executionId="c48d4cbe-bb15-4276-8618-cea33e1e8099" testId="b9bb0503-6bf0-7661-9f64-3d0a8f4df1d1" testName="GetHighPriorityError_GivenVmoUnauthorizedAccessException_ReturnsVmoUnauthorizedAccessException" computerName="DKSR-EFI-06" duration="00:00:00.0092965" startTime="2024-01-09T15:41:34.0601014+01:00" endTime="2024-01-09T15:41:34.0757254+01:00" testType="13cdc9d9-ddb5-4fa4-a97d-d965ccfc6d4b" outcome="Passed" testListId="8c84fa94-04c1-424b-9868-57a2d4851a1d" relativeResultsDirectory="c48d4cbe-bb15-4276-8618-cea33e1e8099" />
    <UnitTestResult executionId="5eb7f916-5e20-4694-8c94-99007c2bafc6" testId="3b07bab6-79ae-1097-0ffb-cd3b66159f8a" testName="SmartClientProfile_Constructor_DefaultValuesCorrect" computerName="DKSR-EFI-06" duration="00:00:00.0011969" startTime="2024-01-09T15:41:44.3257755+01:00" endTime="2024-01-09T15:41:44.3257755+01:00" testType="13cdc9d9-ddb5-4fa4-a97d-d965ccfc6d4b" outcome="Passed" testListId="8c84fa94-04c1-424b-9868-57a2d4851a1d" relativeResultsDirectory="5eb7f916-5e20-4694-8c94-99007c2bafc6" />
    <UnitTestResult executionId="6cda90d2-0cc3-425d-9575-e820a0a74be5" testId="a1508e5b-b7e0-713a-e15c-9cf9da9bc7a0" testName="TaskMoveDevice_Refresh_Success" computerName="DKSR-EFI-06" duration="00:00:00.0011257" startTime="2024-01-09T15:41:46.7632876+01:00" endTime="2024-01-09T15:41:46.7632876+01:00" testType="13cdc9d9-ddb5-4fa4-a97d-d965ccfc6d4b" outcome="Passed" testListId="8c84fa94-04c1-424b-9868-57a2d4851a1d" relativeResultsDirectory="6cda90d2-0cc3-425d-9575-e820a0a74be5" />
    <UnitTestResult executionId="ca80ee61-6aff-4cd1-8cc9-8d19de9d37a4" testId="75fbe025-64e2-7254-74f6-abca888227d1" testName="SystemDashboardConfigurationuration_Update_CheckVersionCalled" computerName="DKSR-EFI-06" duration="00:00:00.0002900" startTime="2024-01-09T15:41:46.0914110+01:00" endTime="2024-01-09T15:41:46.0914110+01:00" testType="13cdc9d9-ddb5-4fa4-a97d-d965ccfc6d4b" outcome="Passed" testListId="8c84fa94-04c1-424b-9868-57a2d4851a1d" relativeResultsDirectory="ca80ee61-6aff-4cd1-8cc9-8d19de9d37a4" />
    <UnitTestResult executionId="0820f077-b5cf-48a6-ac36-5f965f908ee8" testId="f8fb4dbe-dacd-5b1a-0a09-a413bbeec29a" testName="MIPDeviceEvent_Update_Success" computerName="DKSR-EFI-06" duration="00:00:00.0004591" startTime="2024-01-09T15:41:44.9039023+01:00" endTime="2024-01-09T15:41:44.9039023+01:00" testType="13cdc9d9-ddb5-4fa4-a97d-d965ccfc6d4b" outcome="Passed" testListId="8c84fa94-04c1-424b-9868-57a2d4851a1d" relativeResultsDirectory="0820f077-b5cf-48a6-ac36-5f965f908ee8" />
    <UnitTestResult executionId="a36d8acc-6a11-4fcb-81bb-ef2bc25e930e" testId="49e96d57-3a14-4851-43de-a595576d1802" testName="TryConnectLegacyAsUser_GivenSuccess_ShouldReturnVmoClient" computerName="DKSR-EFI-06" duration="00:00:00.0097428" startTime="2024-01-09T15:41:43.8570187+01:00" endTime="2024-01-09T15:41:43.8726448+01:00" testType="13cdc9d9-ddb5-4fa4-a97d-d965ccfc6d4b" outcome="Passed" testListId="8c84fa94-04c1-424b-9868-57a2d4851a1d" relativeResultsDirectory="a36d8acc-6a11-4fcb-81bb-ef2bc25e930e" />
    <UnitTestResult executionId="1bea1147-7ec3-4dfe-b45d-b40b4aa9fe0b" testId="afa616d9-414a-d726-c2ae-2716e8be02af" testName="ProxyClientServiceBase_CallWithRetry_Retry_EndpointNotFoundException" computerName="DKSR-EFI-06" duration="00:00:00.0005010" startTime="2024-01-09T15:41:47.3726653+01:00" endTime="2024-01-09T15:41:47.3726653+01:00" testType="13cdc9d9-ddb5-4fa4-a97d-d965ccfc6d4b" outcome="Passed" testListId="8c84fa94-04c1-424b-9868-57a2d4851a1d" relativeResultsDirectory="1bea1147-7ec3-4dfe-b45d-b40b4aa9fe0b" />
    <UnitTestResult executionId="90f057d3-3ced-4a0c-a2dc-4e8823c22cd3" testId="5c7e266f-ebe6-8af8-65c3-7f7a98788def" testName="GetFastestIdpInfo_GivenWorkingAddress_ShouldReturnIdpInfo" computerName="DKSR-EFI-06" duration="00:00:02.1520818" startTime="2024-01-09T15:41:36.1694904+01:00" endTime="2024-01-09T15:41:38.3257478+01:00" testType="13cdc9d9-ddb5-4fa4-a97d-d965ccfc6d4b" outcome="Passed" testListId="8c84fa94-04c1-424b-9868-57a2d4851a1d" relativeResultsDirectory="90f057d3-3ced-4a0c-a2dc-4e8823c22cd3" />
    <UnitTestResult executionId="aaf798d8-6a14-4483-b4d2-36c1f9a1cd51" testId="b88b2309-9255-236b-c47c-da5f68e4cad0" testName="View_ApplyView_Success" computerName="DKSR-EFI-06" duration="00:00:00.0030196" startTime="2024-01-09T15:41:47.1539163+01:00" endTime="2024-01-09T15:41:47.1539163+01:00" testType="13cdc9d9-ddb5-4fa4-a97d-d965ccfc6d4b" outcome="Passed" testListId="8c84fa94-04c1-424b-9868-57a2d4851a1d" relativeResultsDirectory="aaf798d8-6a14-4483-b4d2-36c1f9a1cd51" />
    <UnitTestResult executionId="f2af381f-5cb1-43fa-83d3-3adcd858e494" testId="56117679-a60b-55ff-9cc5-bd989b95e2a3" testName="OutputDeviceGroup_Refresh_Failed" computerName="DKSR-EFI-06" duration="00:00:00.0010839" startTime="2024-01-09T15:41:44.3882714+01:00" endTime="2024-01-09T15:41:44.3882714+01:00" testType="13cdc9d9-ddb5-4fa4-a97d-d965ccfc6d4b" outcome="Passed" testListId="8c84fa94-04c1-424b-9868-57a2d4851a1d" relativeResultsDirectory="f2af381f-5cb1-43fa-83d3-3adcd858e494" />
    <UnitTestResult executionId="83b1e5ac-35f0-413f-a545-eddf09e77192" testId="573d4913-3c20-fc10-3a7e-f205ffb2ffe5" testName="ServerVersionConstructor_Less_Success" computerName="DKSR-EFI-06" duration="00:00:00.0004121" startTime="2024-01-09T15:41:33.4507212+01:00" endTime="2024-01-09T15:41:33.4507212+01:00" testType="13cdc9d9-ddb5-4fa4-a97d-d965ccfc6d4b" outcome="Passed" testListId="8c84fa94-04c1-424b-9868-57a2d4851a1d" relativeResultsDirectory="83b1e5ac-35f0-413f-a545-eddf09e77192" />
    <UnitTestResult executionId="254f7f58-1b82-4101-9949-f4be69a8256d" testId="55877fc3-44b1-335f-53a1-3ab0dd05460f" testName="SystemDashboardConfigurationuration_Delete_Failed_Not_Created" computerName="DKSR-EFI-06" duration="00:00:00.0006651" startTime="2024-01-09T15:41:46.1226586+01:00" endTime="2024-01-09T15:41:46.1226586+01:00" testType="13cdc9d9-ddb5-4fa4-a97d-d965ccfc6d4b" outcome="Passed" testListId="8c84fa94-04c1-424b-9868-57a2d4851a1d" relativeResultsDirectory="254f7f58-1b82-4101-9949-f4be69a8256d" />
    <UnitTestResult executionId="867c074f-42b7-4759-89b7-7c55721e23f8" testId="0cdeff38-5fa8-db73-cd08-612bf167b15b" testName="Role_Copy_Role_Check_Object_Created" computerName="DKSR-EFI-06" duration="00:00:00.0008157" startTime="2024-01-09T15:41:45.9195352+01:00" endTime="2024-01-09T15:41:45.9195352+01:00" testType="13cdc9d9-ddb5-4fa4-a97d-d965ccfc6d4b" outcome="Passed" testListId="8c84fa94-04c1-424b-9868-57a2d4851a1d" relativeResultsDirectory="867c074f-42b7-4759-89b7-7c55721e23f8" />
    <UnitTestResult executionId="e6c64ca6-9de4-447d-b8d7-08f29019af01" testId="7679e6da-7885-d983-ad70-f7b5efe86762" testName="SunClockTimeProfile_Constructor_DefaultValuesCorrect" computerName="DKSR-EFI-06" duration="00:00:00.0015107" startTime="2024-01-09T15:41:46.9039141+01:00" endTime="2024-01-09T15:41:46.9039141+01:00" testType="13cdc9d9-ddb5-4fa4-a97d-d965ccfc6d4b" outcome="Passed" testListId="8c84fa94-04c1-424b-9868-57a2d4851a1d" relativeResultsDirectory="e6c64ca6-9de4-447d-b8d7-08f29019af01" />
    <UnitTestResult executionId="6592a9cf-5d04-4897-98a7-dd7613d563ad" testId="8a636da5-22db-276f-fd70-904a4559cd55" testName="SystemDashboardConfigurationuration_Delete_CheckVersionCalled" computerName="DKSR-EFI-06" duration="00:00:00.0005643" startTime="2024-01-09T15:41:46.1226586+01:00" endTime="2024-01-09T15:41:46.1226586+01:00" testType="13cdc9d9-ddb5-4fa4-a97d-d965ccfc6d4b" outcome="Passed" testListId="8c84fa94-04c1-424b-9868-57a2d4851a1d" relativeResultsDirectory="6592a9cf-5d04-4897-98a7-dd7613d563ad" />
    <UnitTestResult executionId="5bbb6fe5-90e0-4bbe-bc75-8ff087e12109" testId="c9676883-a38f-18af-1659-9e55996244a0" testName="ManagementServer_DetachChildSite_NonCreated_ArgumentException" computerName="DKSR-EFI-06" duration="00:00:00.0008683" startTime="2024-01-09T15:41:44.7476516+01:00" endTime="2024-01-09T15:41:44.7476516+01:00" testType="13cdc9d9-ddb5-4fa4-a97d-d965ccfc6d4b" outcome="Passed" testListId="8c84fa94-04c1-424b-9868-57a2d4851a1d" relativeResultsDirectory="5bbb6fe5-90e0-4bbe-bc75-8ff087e12109" />
    <UnitTestResult executionId="2bead9c0-91c7-4ca6-adf6-5c1d20ffbe19" testId="378d50bb-6943-77d7-94c0-8b61b54fab44" testName="AxisTunnelServer_Refresh_Success" computerName="DKSR-EFI-06" duration="00:00:00.0003917" startTime="2024-01-09T15:41:44.1695222+01:00" endTime="2024-01-09T15:41:44.1695222+01:00" testType="13cdc9d9-ddb5-4fa4-a97d-d965ccfc6d4b" outcome="Passed" testListId="8c84fa94-04c1-424b-9868-57a2d4851a1d" relativeResultsDirectory="2bead9c0-91c7-4ca6-adf6-5c1d20ffbe19" />
    <UnitTestResult executionId="9de70f32-97d8-4174-b836-0b16c5a97f7c" testId="c6d2604d-7793-5f04-808d-0a0653039d8d" testName="Get_GivenAnyConfiguredAddressAndConnectedSite_ShouldSuccess" computerName="DKSR-EFI-06" duration="00:00:00.0005355" startTime="2024-01-09T15:41:43.7476435+01:00" endTime="2024-01-09T15:41:43.7476435+01:00" testType="13cdc9d9-ddb5-4fa4-a97d-d965ccfc6d4b" outcome="Passed" testListId="8c84fa94-04c1-424b-9868-57a2d4851a1d" relativeResultsDirectory="9de70f32-97d8-4174-b836-0b16c5a97f7c" />
    <UnitTestResult executionId="694430c8-18bb-48dc-bdbd-f64f70e077bf" testId="aae780d8-556f-5079-aa6b-e21d457492e9" testName="AddVmoClient_GivenValid_ShouldReturnSuccess" computerName="DKSR-EFI-06" duration="00:00:00.0009579" startTime="2024-01-09T15:41:35.9351085+01:00" endTime="2024-01-09T15:41:35.9351085+01:00" testType="13cdc9d9-ddb5-4fa4-a97d-d965ccfc6d4b" outcome="Passed" testListId="8c84fa94-04c1-424b-9868-57a2d4851a1d" relativeResultsDirectory="694430c8-18bb-48dc-bdbd-f64f70e077bf" />
    <UnitTestResult executionId="4e652640-d5dc-49b8-8c91-4cfef06cd8ef" testId="404e3838-d6fc-fd6e-2256-77937d70f531" testName="ManagementServer_HasOverallPermission_Before_v121_NotSupported" computerName="DKSR-EFI-06" duration="00:00:00.0020803" startTime="2024-01-09T15:41:44.7945272+01:00" endTime="2024-01-09T15:41:44.8101512+01:00" testType="13cdc9d9-ddb5-4fa4-a97d-d965ccfc6d4b" outcome="Passed" testListId="8c84fa94-04c1-424b-9868-57a2d4851a1d" relativeResultsDirectory="4e652640-d5dc-49b8-8c91-4cfef06cd8ef" />
    <UnitTestResult executionId="5ccd319a-8019-46a0-ae83-5ca3b15e8549" testId="6ee7430e-6644-e8e9-f660-9955ce2e66a5" testName="VmoObject_Constructor_PropertiesInitialized" computerName="DKSR-EFI-06" duration="00:00:00.0007167" startTime="2024-01-09T15:41:47.2789147+01:00" endTime="2024-01-09T15:41:47.2789147+01:00" testType="13cdc9d9-ddb5-4fa4-a97d-d965ccfc6d4b" outcome="Passed" testListId="8c84fa94-04c1-424b-9868-57a2d4851a1d" relativeResultsDirectory="5ccd319a-8019-46a0-ae83-5ca3b15e8549" />
    <UnitTestResult executionId="343b11fc-47bb-4565-886b-04357c686714" testId="c9d609cf-4d27-f250-53f5-5cb651ce0b09" testName="CalendarTimeProfile_Create60_CheckVersionNotCalled" computerName="DKSR-EFI-06" duration="00:00:00.0002657" startTime="2024-01-09T15:41:46.8882876+01:00" endTime="2024-01-09T15:41:46.8882876+01:00" testType="13cdc9d9-ddb5-4fa4-a97d-d965ccfc6d4b" outcome="Passed" testListId="8c84fa94-04c1-424b-9868-57a2d4851a1d" relativeResultsDirectory="343b11fc-47bb-4565-886b-04357c686714" />
    <UnitTestResult executionId="c340785b-9e1e-4f89-bec2-6818d740f264" testId="2c176343-2ae4-d7de-fa6b-eec7318e8490" testName="FailoverServer_Constructor_Repositories_DefaultValuesCorrect" computerName="DKSR-EFI-06" duration="00:00:00.0603654" startTime="2024-01-09T15:41:44.4354952+01:00" endTime="2024-01-09T15:41:44.4976484+01:00" testType="13cdc9d9-ddb5-4fa4-a97d-d965ccfc6d4b" outcome="Passed" testListId="8c84fa94-04c1-424b-9868-57a2d4851a1d" relativeResultsDirectory="c340785b-9e1e-4f89-bec2-6818d740f264" />
    <UnitTestResult executionId="3958382d-783e-47db-a7ac-b81f5a6d021c" testId="2229dfa1-ebc3-5755-43a4-0911c049e219" testName="Role_Add_Member_Success" computerName="DKSR-EFI-06" duration="00:00:00.0038524" startTime="2024-01-09T15:41:45.9195352+01:00" endTime="2024-01-09T15:41:45.9351572+01:00" testType="13cdc9d9-ddb5-4fa4-a97d-d965ccfc6d4b" outcome="Passed" testListId="8c84fa94-04c1-424b-9868-57a2d4851a1d" relativeResultsDirectory="3958382d-783e-47db-a7ac-b81f5a6d021c" />
    <UnitTestResult executionId="fd3e447f-a8a4-4820-a2ce-a6fd52312f8f" testId="ce51b1ac-d3e0-8c7d-b676-f333c3596a54" testName="GetFastestIdpInfo_GivenManyAddresses_ShouldReturnFastestReachableIdpInfo" computerName="DKSR-EFI-06" duration="00:00:02.0349797" startTime="2024-01-09T15:41:38.3569954+01:00" endTime="2024-01-09T15:41:40.3882598+01:00" testType="13cdc9d9-ddb5-4fa4-a97d-d965ccfc6d4b" outcome="Passed" testListId="8c84fa94-04c1-424b-9868-57a2d4851a1d" relativeResultsDirectory="fd3e447f-a8a4-4820-a2ce-a6fd52312f8f" />
    <UnitTestResult executionId="c4ce2093-49be-4eb2-a7cb-f481185f33ed" testId="89bee59c-4106-05e2-1fd8-4908668b357f" testName="Construct_ValidInstance_WithCorrectAncestory_Success" computerName="DKSR-EFI-06" duration="00:00:00.0006997" startTime="2024-01-09T15:41:47.9976688+01:00" endTime="2024-01-09T15:41:47.9976688+01:00" testType="13cdc9d9-ddb5-4fa4-a97d-d965ccfc6d4b" outcome="Passed" testListId="8c84fa94-04c1-424b-9868-57a2d4851a1d" relativeResultsDirectory="c4ce2093-49be-4eb2-a7cb-f481185f33ed" />
    <UnitTestResult executionId="896918df-86a2-48dc-a207-11f62e6d1a01" testId="a637af31-d7de-7209-5a6a-9a493eeba333" testName="MarkedData_Update_Failed_Not_Created" computerName="DKSR-EFI-06" duration="00:00:00.0008251" startTime="2024-01-09T15:41:44.8414019+01:00" endTime="2024-01-09T15:41:44.8414019+01:00" testType="13cdc9d9-ddb5-4fa4-a97d-d965ccfc6d4b" outcome="Passed" testListId="8c84fa94-04c1-424b-9868-57a2d4851a1d" relativeResultsDirectory="896918df-86a2-48dc-a207-11f62e6d1a01" />
    <UnitTestResult executionId="11177b49-e14c-493a-9c96-1873cbad0e46" testId="918fa556-14c5-9569-4a3f-5f6e71e560a3" testName="TaskHardwareScan_Cleanup_61_NotSupported" computerName="DKSR-EFI-06" duration="00:00:00.0012734" startTime="2024-01-09T15:41:47.4820427+01:00" endTime="2024-01-09T15:41:47.4820427+01:00" testType="13cdc9d9-ddb5-4fa4-a97d-d965ccfc6d4b" outcome="Passed" testListId="8c84fa94-04c1-424b-9868-57a2d4851a1d" relativeResultsDirectory="11177b49-e14c-493a-9c96-1873cbad0e46" />
    <UnitTestResult executionId="80abb4ad-74b2-45f0-b617-3f814249a536" testId="517ca138-1dd8-b0e7-76c3-f592dfda3263" testName="FailoverServerGroup_Refresh_Failed" computerName="DKSR-EFI-06" duration="00:00:00.0007792" startTime="2024-01-09T15:41:44.4195244+01:00" endTime="2024-01-09T15:41:44.4195244+01:00" testType="13cdc9d9-ddb5-4fa4-a97d-d965ccfc6d4b" outcome="Passed" testListId="8c84fa94-04c1-424b-9868-57a2d4851a1d" relativeResultsDirectory="80abb4ad-74b2-45f0-b617-3f814249a536" />
    <UnitTestResult executionId="8661a6e8-964c-493d-9aa3-70e94fd1fef3" testId="9a790be3-4e58-f6d5-ba0a-28c4f994c0b7" testName="Get_GivenConfiguredAddressesAndConnectedSite_ShouldSuccess" computerName="DKSR-EFI-06" duration="00:00:00.0009756" startTime="2024-01-09T15:41:43.7476435+01:00" endTime="2024-01-09T15:41:43.7476435+01:00" testType="13cdc9d9-ddb5-4fa4-a97d-d965ccfc6d4b" outcome="Passed" testListId="8c84fa94-04c1-424b-9868-57a2d4851a1d" relativeResultsDirectory="8661a6e8-964c-493d-9aa3-70e94fd1fef3" />
    <UnitTestResult executionId="de09070d-665a-4e8c-a33e-3c79ca523e22" testId="1f9ff2ea-de1d-1069-20f3-d4507fda1972" testName="Hardware_Driver_Version_Construct_Device_Pack_Driver" computerName="DKSR-EFI-06" duration="00:00:00.0043018" startTime="2024-01-09T15:41:45.6382829+01:00" endTime="2024-01-09T15:41:45.6382829+01:00" testType="13cdc9d9-ddb5-4fa4-a97d-d965ccfc6d4b" outcome="Passed" testListId="8c84fa94-04c1-424b-9868-57a2d4851a1d" relativeResultsDirectory="de09070d-665a-4e8c-a33e-3c79ca523e22" />
    <UnitTestResult executionId="5fb8c1c4-b23c-43bf-8842-977cbb2db966" testId="4987760f-7302-a52e-874a-cfbc41b706cf" testName="RecordingStorage_Get_Storage_Information_Failed_Not_Created" computerName="DKSR-EFI-06" duration="00:00:00.0010809" startTime="2024-01-09T15:41:45.7632816+01:00" endTime="2024-01-09T15:41:45.7789067+01:00" testType="13cdc9d9-ddb5-4fa4-a97d-d965ccfc6d4b" outcome="Passed" testListId="8c84fa94-04c1-424b-9868-57a2d4851a1d" relativeResultsDirectory="5fb8c1c4-b23c-43bf-8842-977cbb2db966" />
    <UnitTestResult executionId="f4aa5b34-58f2-417d-b038-4f709f833f19" testId="551670e8-c4e5-0f0a-9154-0d710f6e9517" testName="SystemDashboardConfigurationuration_IsDirty_Success" computerName="DKSR-EFI-06" duration="00:00:00.0002963" startTime="2024-01-09T15:41:46.1226586+01:00" endTime="2024-01-09T15:41:46.1226586+01:00" testType="13cdc9d9-ddb5-4fa4-a97d-d965ccfc6d4b" outcome="Passed" testListId="8c84fa94-04c1-424b-9868-57a2d4851a1d" relativeResultsDirectory="f4aa5b34-58f2-417d-b038-4f709f833f19" />
    <UnitTestResult executionId="0a7516a7-fbbe-4b02-b349-d32214c292ec" testId="f7653ad6-d347-b69c-b224-cedc4fa0a6e0" testName="BasicUser_Refresh_CheckVersionCalled" computerName="DKSR-EFI-06" duration="00:00:00.0002998" startTime="2024-01-09T15:41:44.2945232+01:00" endTime="2024-01-09T15:41:44.2945232+01:00" testType="13cdc9d9-ddb5-4fa4-a97d-d965ccfc6d4b" outcome="Passed" testListId="8c84fa94-04c1-424b-9868-57a2d4851a1d" relativeResultsDirectory="0a7516a7-fbbe-4b02-b349-d32214c292ec" />
    <UnitTestResult executionId="82e16601-017a-4e18-8bef-1b3b7a1ace63" testId="49897fa8-afbf-aa8f-42ea-750e9df55079" testName="DeviceGroup_Repository_Registered" computerName="DKSR-EFI-06" duration="00:00:00.0008307" startTime="2024-01-09T15:41:44.3882714+01:00" endTime="2024-01-09T15:41:44.3882714+01:00" testType="13cdc9d9-ddb5-4fa4-a97d-d965ccfc6d4b" outcome="Passed" testListId="8c84fa94-04c1-424b-9868-57a2d4851a1d" relativeResultsDirectory="82e16601-017a-4e18-8bef-1b3b7a1ace63" />
    <UnitTestResult executionId="bd0af92a-dc98-483a-bf9c-c12b4a6fde95" testId="4285fd6d-70cc-5c54-5511-75da11b36e5d" testName="GetUserDomainNameOrEmpty_NullDomainValidUser_ReturnsUsername" computerName="DKSR-EFI-06" duration="00:00:00.0003579" startTime="2024-01-09T15:41:36.0913661+01:00" endTime="2024-01-09T15:41:36.0913661+01:00" testType="13cdc9d9-ddb5-4fa4-a97d-d965ccfc6d4b" outcome="Passed" testListId="8c84fa94-04c1-424b-9868-57a2d4851a1d" relativeResultsDirectory="bd0af92a-dc98-483a-bf9c-c12b4a6fde95" />
    <UnitTestResult executionId="045d967b-b866-4c3a-bfcd-5a6d9b520b1d" testId="981d099c-a855-fea2-130c-49ac1d54a0cd" testName="GetSiteConnection_TokenExchange_Success" computerName="DKSR-EFI-06" duration="00:00:00.0087791" startTime="2024-01-09T15:41:36.0601135+01:00" endTime="2024-01-09T15:41:36.0601135+01:00" testType="13cdc9d9-ddb5-4fa4-a97d-d965ccfc6d4b" outcome="Passed" testListId="8c84fa94-04c1-424b-9868-57a2d4851a1d" relativeResultsDirectory="045d967b-b866-4c3a-bfcd-5a6d9b520b1d" />
    <UnitTestResult executionId="b03f0a58-dbe4-48ef-b797-63ffcaf6960f" testId="29446125-ae7b-a74f-3fea-d4cdf704ae46" testName="RetentionOptionRoleRelation_Create_Success" computerName="DKSR-EFI-06" duration="00:00:00.0004667" startTime="2024-01-09T15:41:45.8570344+01:00" endTime="2024-01-09T15:41:45.8570344+01:00" testType="13cdc9d9-ddb5-4fa4-a97d-d965ccfc6d4b" outcome="Passed" testListId="8c84fa94-04c1-424b-9868-57a2d4851a1d" relativeResultsDirectory="b03f0a58-dbe4-48ef-b797-63ffcaf6960f" />
    <UnitTestResult executionId="eff17012-6bcc-4af3-b27d-cdbf9ca2a64f" testId="2fb9a74d-c291-8fa6-00a3-37dde4e921f9" testName="ArchiveStorage_Disable_Framerate_Reduction_Success" computerName="DKSR-EFI-06" duration="00:00:00.0008134" startTime="2024-01-09T15:41:44.1070202+01:00" endTime="2024-01-09T15:41:44.1070202+01:00" testType="13cdc9d9-ddb5-4fa4-a97d-d965ccfc6d4b" outcome="Passed" testListId="8c84fa94-04c1-424b-9868-57a2d4851a1d" relativeResultsDirectory="eff17012-6bcc-4af3-b27d-cdbf9ca2a64f" />
    <UnitTestResult executionId="11983800-11a2-4d4b-ad9b-e7b7a4e8417d" testId="a6de70da-8b03-e5d6-e50f-ff3c496e3221" testName="MIPEvent_Delete_Success" computerName="DKSR-EFI-06" duration="00:00:00.0002375" startTime="2024-01-09T15:41:44.9351520+01:00" endTime="2024-01-09T15:41:44.9351520+01:00" testType="13cdc9d9-ddb5-4fa4-a97d-d965ccfc6d4b" outcome="Passed" testListId="8c84fa94-04c1-424b-9868-57a2d4851a1d" relativeResultsDirectory="11983800-11a2-4d4b-ad9b-e7b7a4e8417d" />
    <UnitTestResult executionId="224d9126-8d9e-4ee7-87de-33dac12415fa" testId="be2f73ac-4a3f-8988-554f-912985cbd633" testName="ServerConnection_Constructor_Null_UserName" computerName="DKSR-EFI-06" duration="00:00:00.0007524" startTime="2024-01-09T15:41:47.4976676+01:00" endTime="2024-01-09T15:41:47.5132944+01:00" testType="13cdc9d9-ddb5-4fa4-a97d-d965ccfc6d4b" outcome="Passed" testListId="8c84fa94-04c1-424b-9868-57a2d4851a1d" relativeResultsDirectory="224d9126-8d9e-4ee7-87de-33dac12415fa" />
    <UnitTestResult executionId="383e62de-db23-4f2b-81e8-f9cc9a675149" testId="0585b760-df55-b1f8-64b7-3a68e2bec584" testName="RetentionOptionRoleRelation_Create_CheckVersionCalled" computerName="DKSR-EFI-06" duration="00:00:00.0003135" startTime="2024-01-09T15:41:45.8570344+01:00" endTime="2024-01-09T15:41:45.8726579+01:00" testType="13cdc9d9-ddb5-4fa4-a97d-d965ccfc6d4b" outcome="Passed" testListId="8c84fa94-04c1-424b-9868-57a2d4851a1d" relativeResultsDirectory="383e62de-db23-4f2b-81e8-f9cc9a675149" />
    <UnitTestResult executionId="10bb5a14-9c41-4cad-91ed-e3bdfb2456ac" testId="ec57f8ed-3691-0757-37f7-3c4dbe3bc6e9" testName="ManagementClientProfile_Repository_Registered" computerName="DKSR-EFI-06" duration="00:00:00.0003090" startTime="2024-01-09T15:41:44.3257755+01:00" endTime="2024-01-09T15:41:44.3257755+01:00" testType="13cdc9d9-ddb5-4fa4-a97d-d965ccfc6d4b" outcome="Passed" testListId="8c84fa94-04c1-424b-9868-57a2d4851a1d" relativeResultsDirectory="10bb5a14-9c41-4cad-91ed-e3bdfb2456ac" />
    <UnitTestResult executionId="5fb90540-955d-4df0-823a-b3e834919900" testId="28ef425e-1be4-3ea6-ca19-a900f3f2a486" testName="ManagementServer_CreateReference_ArgumentNullException" computerName="DKSR-EFI-06" duration="00:00:00.0030394" startTime="2024-01-09T15:41:44.7788989+01:00" endTime="2024-01-09T15:41:44.7788989+01:00" testType="13cdc9d9-ddb5-4fa4-a97d-d965ccfc6d4b" outcome="Passed" testListId="8c84fa94-04c1-424b-9868-57a2d4851a1d" relativeResultsDirectory="5fb90540-955d-4df0-823a-b3e834919900" />
    <UnitTestResult executionId="905b3f09-ae11-4868-a6e4-bf9912bc1393" testId="5bc44261-4f4a-1ed9-1c4e-bb8b05d777c9" testName="CameraDevice_ChangeRecordingStorage_Fail_Not_Created" computerName="DKSR-EFI-06" duration="00:00:00.0007491" startTime="2024-01-09T15:41:45.5914057+01:00" endTime="2024-01-09T15:41:45.5914057+01:00" testType="13cdc9d9-ddb5-4fa4-a97d-d965ccfc6d4b" outcome="Passed" testListId="8c84fa94-04c1-424b-9868-57a2d4851a1d" relativeResultsDirectory="905b3f09-ae11-4868-a6e4-bf9912bc1393" />
    <UnitTestResult executionId="42094859-075c-4792-ad1d-37c6d033961d" testId="4799bfb0-c70d-907b-5842-639add0089be" testName="MarkedData_Delete_Success" computerName="DKSR-EFI-06" duration="00:00:00.0001841" startTime="2024-01-09T15:41:44.8570268+01:00" endTime="2024-01-09T15:41:44.8570268+01:00" testType="13cdc9d9-ddb5-4fa4-a97d-d965ccfc6d4b" outcome="Passed" testListId="8c84fa94-04c1-424b-9868-57a2d4851a1d" relativeResultsDirectory="42094859-075c-4792-ad1d-37c6d033961d" />
    <UnitTestResult executionId="4e4d8556-3f06-4bd7-bdbf-e3c46ab917a6" testId="8b60bca8-7666-8662-8a35-c7683a064812" testName="TrustedIssuer_Create_CheckVersionCalled" computerName="DKSR-EFI-06" duration="00:00:00.0004446" startTime="2024-01-09T15:41:46.9820407+01:00" endTime="2024-01-09T15:41:46.9820407+01:00" testType="13cdc9d9-ddb5-4fa4-a97d-d965ccfc6d4b" outcome="Passed" testListId="8c84fa94-04c1-424b-9868-57a2d4851a1d" relativeResultsDirectory="4e4d8556-3f06-4bd7-bdbf-e3c46ab917a6" />
    <UnitTestResult executionId="874a253e-2b09-4672-ba75-09c80e50b52b" testId="bb68a4f3-b961-a1ba-aa1d-980c85fccb0d" testName="ManagementServer_AttachChildSite_Called" computerName="DKSR-EFI-06" duration="00:00:00.0033644" startTime="2024-01-09T15:41:44.7320256+01:00" endTime="2024-01-09T15:41:44.7476516+01:00" testType="13cdc9d9-ddb5-4fa4-a97d-d965ccfc6d4b" outcome="Passed" testListId="8c84fa94-04c1-424b-9868-57a2d4851a1d" relativeResultsDirectory="874a253e-2b09-4672-ba75-09c80e50b52b" />
    <UnitTestResult executionId="f2d86b62-a921-4968-9ba2-cae697edbf1f" testId="dc017a34-6942-f8ec-11c4-4b57c0a33f6b" testName="SunClockTimeProfile_Refresh_Success" computerName="DKSR-EFI-06" duration="00:00:00.0002492" startTime="2024-01-09T15:41:46.9195389+01:00" endTime="2024-01-09T15:41:46.9195389+01:00" testType="13cdc9d9-ddb5-4fa4-a97d-d965ccfc6d4b" outcome="Passed" testListId="8c84fa94-04c1-424b-9868-57a2d4851a1d" relativeResultsDirectory="f2d86b62-a921-4968-9ba2-cae697edbf1f" />
    <UnitTestResult executionId="d8e6ae7e-c212-4b30-9e28-8aaf900c9739" testId="51e6c5f4-f402-0d0d-7b84-4f05983bcacd" testName="RetentionOptionRoleRelation_Delete_CheckVersionCalled" computerName="DKSR-EFI-06" duration="00:00:00.0003259" startTime="2024-01-09T15:41:45.8726579+01:00" endTime="2024-01-09T15:41:45.8882840+01:00" testType="13cdc9d9-ddb5-4fa4-a97d-d965ccfc6d4b" outcome="Passed" testListId="8c84fa94-04c1-424b-9868-57a2d4851a1d" relativeResultsDirectory="d8e6ae7e-c212-4b30-9e28-8aaf900c9739" />
    <UnitTestResult executionId="479e5a70-ff85-4ab9-aece-33d0cbe5093c" testId="2394a7b7-06f6-8e31-4cff-ec678de5dfbb" testName="Management_IsDirty_Work_With_ServerAddress" computerName="DKSR-EFI-06" duration="00:00:00.0183491" startTime="2024-01-09T15:41:44.6851489+01:00" endTime="2024-01-09T15:41:44.7007784+01:00" testType="13cdc9d9-ddb5-4fa4-a97d-d965ccfc6d4b" outcome="Passed" testListId="8c84fa94-04c1-424b-9868-57a2d4851a1d" relativeResultsDirectory="479e5a70-ff85-4ab9-aece-33d0cbe5093c" />
    <UnitTestResult executionId="4368721e-5cfa-48d7-86b9-cdd2da4350a4" testId="0e4bce62-7c99-c2be-4d7c-40c43ae1e05c" testName="PatrollingProfile_InsertStepAt_Create_PatrollingStep_With_WaitTime" computerName="DKSR-EFI-06" duration="00:00:00.0006598" startTime="2024-01-09T15:41:45.3257825+01:00" endTime="2024-01-09T15:41:45.3257825+01:00" testType="13cdc9d9-ddb5-4fa4-a97d-d965ccfc6d4b" outcome="Passed" testListId="8c84fa94-04c1-424b-9868-57a2d4851a1d" relativeResultsDirectory="4368721e-5cfa-48d7-86b9-cdd2da4350a4" />
    <UnitTestResult executionId="33ebc50d-7f89-4b6f-86e3-910c3ab742e1" testId="9f0df0f6-d02a-0b4b-fdc2-c46f08b92130" testName="BasicUser_Constructor_Password_Null_Check" computerName="DKSR-EFI-06" duration="00:00:00.0005726" startTime="2024-01-09T15:41:44.2476464+01:00" endTime="2024-01-09T15:41:44.2476464+01:00" testType="13cdc9d9-ddb5-4fa4-a97d-d965ccfc6d4b" outcome="Passed" testListId="8c84fa94-04c1-424b-9868-57a2d4851a1d" relativeResultsDirectory="33ebc50d-7f89-4b6f-86e3-910c3ab742e1" />
    <UnitTestResult executionId="f2f0c660-51d2-47d6-b54a-e9df7a7fe251" testId="146e684e-5ac9-f0ec-1f58-c3178bb318b4" testName="FailoverServer_Delete_Failed" computerName="DKSR-EFI-06" duration="00:00:00.0010507" startTime="2024-01-09T15:41:44.5289001+01:00" endTime="2024-01-09T15:41:44.5289001+01:00" testType="13cdc9d9-ddb5-4fa4-a97d-d965ccfc6d4b" outcome="Passed" testListId="8c84fa94-04c1-424b-9868-57a2d4851a1d" relativeResultsDirectory="f2f0c660-51d2-47d6-b54a-e9df7a7fe251" />
    <UnitTestResult executionId="dac8d68d-b8ba-4997-b643-e688edfc02bd" testId="b3723662-aaa9-a79e-aed2-f54da002b392" testName="Construct_InvalidParam_ISiteConnectionInfoTokenExchange_Null_Throws_ArgumentNullException" computerName="DKSR-EFI-06" duration="00:00:00.0010041" startTime="2024-01-09T15:41:47.9039241+01:00" endTime="2024-01-09T15:41:47.9039241+01:00" testType="13cdc9d9-ddb5-4fa4-a97d-d965ccfc6d4b" outcome="Passed" testListId="8c84fa94-04c1-424b-9868-57a2d4851a1d" relativeResultsDirectory="dac8d68d-b8ba-4997-b643-e688edfc02bd" />
    <UnitTestResult executionId="900fa319-1ca2-428f-aca7-f6b105a4e2b2" testId="14306806-5df6-e412-4f79-2dc2e069e389" testName="TrustedIssuer_CreateOnUnsupportedVersion_Throws" computerName="DKSR-EFI-06" duration="00:00:00.0008019" startTime="2024-01-09T15:41:46.9820407+01:00" endTime="2024-01-09T15:41:46.9820407+01:00" testType="13cdc9d9-ddb5-4fa4-a97d-d965ccfc6d4b" outcome="Passed" testListId="8c84fa94-04c1-424b-9868-57a2d4851a1d" relativeResultsDirectory="900fa319-1ca2-428f-aca7-f6b105a4e2b2" />
    <UnitTestResult executionId="75315f8b-0a00-484e-903c-6a5d5cb4cf48" testId="39b1d282-7fce-bb85-3639-bd7e02b0961e" testName="PatrollingProfile_InsertStepLast_Existing_PatrollingStep" computerName="DKSR-EFI-06" duration="00:00:00.0006806" startTime="2024-01-09T15:41:45.3882813+01:00" endTime="2024-01-09T15:41:45.3882813+01:00" testType="13cdc9d9-ddb5-4fa4-a97d-d965ccfc6d4b" outcome="Passed" testListId="8c84fa94-04c1-424b-9868-57a2d4851a1d" relativeResultsDirectory="75315f8b-0a00-484e-903c-6a5d5cb4cf48" />
    <UnitTestResult executionId="81622690-73ca-48c1-bd7e-2ce6b2dc06be" testId="224d534a-c7ce-6b8e-cecf-4848b863b783" testName="ServerConnection_Constructor_TokenCache_Success_ServerAddress" computerName="DKSR-EFI-06" duration="00:00:00.0004900" startTime="2024-01-09T15:41:47.8882960+01:00" endTime="2024-01-09T15:41:47.8882960+01:00" testType="13cdc9d9-ddb5-4fa4-a97d-d965ccfc6d4b" outcome="Passed" testListId="8c84fa94-04c1-424b-9868-57a2d4851a1d" relativeResultsDirectory="81622690-73ca-48c1-bd7e-2ce6b2dc06be" />
    <UnitTestResult executionId="51090def-45f8-4891-abed-f140062f0308" testId="2dc98344-da0e-fe46-b7e2-1421af8e5b1d" testName="VideoWall_Create_Success" computerName="DKSR-EFI-06" duration="00:00:00.0004046" startTime="2024-01-09T15:41:47.0757909+01:00" endTime="2024-01-09T15:41:47.0757909+01:00" testType="13cdc9d9-ddb5-4fa4-a97d-d965ccfc6d4b" outcome="Passed" testListId="8c84fa94-04c1-424b-9868-57a2d4851a1d" relativeResultsDirectory="51090def-45f8-4891-abed-f140062f0308" />
    <UnitTestResult executionId="95fe1eb0-88d1-415f-9a9f-8fb8b52558b8" testId="994ed121-b384-2e00-1da4-c31e8e407b0a" testName="RecordingServer_Add_Hardware_Success" computerName="DKSR-EFI-06" duration="00:00:00.0025991" startTime="2024-01-09T15:41:45.7320331+01:00" endTime="2024-01-09T15:41:45.7320331+01:00" testType="13cdc9d9-ddb5-4fa4-a97d-d965ccfc6d4b" outcome="Passed" testListId="8c84fa94-04c1-424b-9868-57a2d4851a1d" relativeResultsDirectory="95fe1eb0-88d1-415f-9a9f-8fb8b52558b8" />
    <UnitTestResult executionId="c5411be4-66df-453a-b5a9-fc087ac40798" testId="edf2c8a0-6d40-88f3-48ea-7c49d85edc7b" testName="RuleSource_Refresh_Success" computerName="DKSR-EFI-06" duration="00:00:00.0004874" startTime="2024-01-09T15:41:46.0132836+01:00" endTime="2024-01-09T15:41:46.0132836+01:00" testType="13cdc9d9-ddb5-4fa4-a97d-d965ccfc6d4b" outcome="Passed" testListId="8c84fa94-04c1-424b-9868-57a2d4851a1d" relativeResultsDirectory="c5411be4-66df-453a-b5a9-fc087ac40798" />
    <UnitTestResult executionId="f594e355-6d4f-450e-9213-0357500f9bee" testId="42e62a98-6817-8d63-2160-7b6bbc0c9cea" testName="GetFastestIdpInfo_GivenNullAddresses_ShouldThrow" computerName="DKSR-EFI-06" duration="00:00:00.0055599" startTime="2024-01-09T15:41:36.1538660+01:00" endTime="2024-01-09T15:41:36.1694904+01:00" testType="13cdc9d9-ddb5-4fa4-a97d-d965ccfc6d4b" outcome="Passed" testListId="8c84fa94-04c1-424b-9868-57a2d4851a1d" relativeResultsDirectory="f594e355-6d4f-450e-9213-0357500f9bee" />
    <UnitTestResult executionId="a87702a7-3921-4fbc-9bf1-d4507750d23d" testId="9b2afd55-c02b-e416-db3f-24907f14c47d" testName="Construct_InvalidParam_IClientTokenSettings_Null_Throws_ArgumentNullException" computerName="DKSR-EFI-06" duration="00:00:00.0006691" startTime="2024-01-09T15:41:47.9976688+01:00" endTime="2024-01-09T15:41:47.9976688+01:00" testType="13cdc9d9-ddb5-4fa4-a97d-d965ccfc6d4b" outcome="Passed" testListId="8c84fa94-04c1-424b-9868-57a2d4851a1d" relativeResultsDirectory="a87702a7-3921-4fbc-9bf1-d4507750d23d" />
    <UnitTestResult executionId="9e622b5e-6557-4db8-86af-25144f81b01c" testId="bcc7d418-2829-7a12-ef40-28fb4ce007aa" testName="CalendarTimeProfile_Update_Success" computerName="DKSR-EFI-06" duration="00:00:00.0005475" startTime="2024-01-09T15:41:46.8726632+01:00" endTime="2024-01-09T15:41:46.8726632+01:00" testType="13cdc9d9-ddb5-4fa4-a97d-d965ccfc6d4b" outcome="Passed" testListId="8c84fa94-04c1-424b-9868-57a2d4851a1d" relativeResultsDirectory="9e622b5e-6557-4db8-86af-25144f81b01c" />
    <UnitTestResult executionId="2860b715-56b3-4915-9877-770e89019ddf" testId="e7efe658-69d3-442d-ec61-af51932cbb49" testName="BasicOwnerInfo_Constructor_Name_Null_Check" computerName="DKSR-EFI-06" duration="00:00:00.0007445" startTime="2024-01-09T15:41:44.1851463+01:00" endTime="2024-01-09T15:41:44.1851463+01:00" testType="13cdc9d9-ddb5-4fa4-a97d-d965ccfc6d4b" outcome="Passed" testListId="8c84fa94-04c1-424b-9868-57a2d4851a1d" relativeResultsDirectory="2860b715-56b3-4915-9877-770e89019ddf" />
    <UnitTestResult executionId="bf02ca84-4b4c-4f51-9f03-7a8d737173d6" testId="b6d9d478-8ef2-92db-c5f4-aeaad5b52df1" testName="Role_Add_Member_Check_User_Exists" computerName="DKSR-EFI-06" duration="00:00:00.0013683" startTime="2024-01-09T15:41:45.9351572+01:00" endTime="2024-01-09T15:41:45.9351572+01:00" testType="13cdc9d9-ddb5-4fa4-a97d-d965ccfc6d4b" outcome="Passed" testListId="8c84fa94-04c1-424b-9868-57a2d4851a1d" relativeResultsDirectory="bf02ca84-4b4c-4f51-9f03-7a8d737173d6" />
    <UnitTestResult executionId="2634d2b6-20db-4154-a1a1-ce1f9c601e85" testId="9f791b44-66ed-81cb-a905-2468ae287f4b" testName="Monitor_ActivateCameras_ApplyCamerasToMonitorViewCalled" computerName="DKSR-EFI-06" duration="00:00:00.0604352" startTime="2024-01-09T15:41:45.0289037+01:00" endTime="2024-01-09T15:41:45.0914022+01:00" testType="13cdc9d9-ddb5-4fa4-a97d-d965ccfc6d4b" outcome="Passed" testListId="8c84fa94-04c1-424b-9868-57a2d4851a1d" relativeResultsDirectory="2634d2b6-20db-4154-a1a1-ce1f9c601e85" />
    <UnitTestResult executionId="72d5c802-d654-407a-aee3-1d3de7c8e97f" testId="b95ba2c6-6bdd-e7c3-6bf9-a13e36c71b64" testName="Create_GivenAddress_ShouldSuccess" computerName="DKSR-EFI-06" duration="00:00:00.0602618" startTime="2024-01-09T15:41:33.4663450+01:00" endTime="2024-01-09T15:41:33.5288449+01:00" testType="13cdc9d9-ddb5-4fa4-a97d-d965ccfc6d4b" outcome="Passed" testListId="8c84fa94-04c1-424b-9868-57a2d4851a1d" relativeResultsDirectory="72d5c802-d654-407a-aee3-1d3de7c8e97f" />
    <UnitTestResult executionId="4e7483ee-a75f-489c-abe9-4293ad149a18" testId="e3b647fe-2086-1066-486c-69dd1615e14b" testName="ServerVersionConstructor_Clone_Success" computerName="DKSR-EFI-06" duration="00:00:00.0004435" startTime="2024-01-09T15:41:33.4038473+01:00" endTime="2024-01-09T15:41:33.4038473+01:00" testType="13cdc9d9-ddb5-4fa4-a97d-d965ccfc6d4b" outcome="Passed" testListId="8c84fa94-04c1-424b-9868-57a2d4851a1d" relativeResultsDirectory="4e7483ee-a75f-489c-abe9-4293ad149a18" />
    <UnitTestResult executionId="983a2b22-ae2e-4bef-bca3-2d4d6a97117c" testId="b247fba0-e363-fcb5-810e-690d53f50937" testName="Get_GivenSiteAddress_ShouldSuccess" computerName="DKSR-EFI-06" duration="00:00:00.0006116" startTime="2024-01-09T15:41:43.7320194+01:00" endTime="2024-01-09T15:41:43.7320194+01:00" testType="13cdc9d9-ddb5-4fa4-a97d-d965ccfc6d4b" outcome="Passed" testListId="8c84fa94-04c1-424b-9868-57a2d4851a1d" relativeResultsDirectory="983a2b22-ae2e-4bef-bca3-2d4d6a97117c" />
    <UnitTestResult executionId="4c5b2892-363d-42e5-b7c2-cc2e82f3edfc" testId="4eb7a735-cb75-4247-7c48-62ad82d6a9cb" testName="GenericRepositoryTestGetObjectByIdRefreshCache" computerName="DKSR-EFI-06" duration="00:00:00.0018008" startTime="2024-01-09T15:41:47.1851642+01:00" endTime="2024-01-09T15:41:47.1851642+01:00" testType="13cdc9d9-ddb5-4fa4-a97d-d965ccfc6d4b" outcome="Passed" testListId="8c84fa94-04c1-424b-9868-57a2d4851a1d" relativeResultsDirectory="4c5b2892-363d-42e5-b7c2-cc2e82f3edfc" />
    <UnitTestResult executionId="7a1d89fd-a43d-4d37-86fb-7d5537438b11" testId="f6c8533d-6871-e620-3a15-7deaf7edd4e3" testName="GetHighPriorityError_GivenUserNamePasswordException_ReturnsUserNamePasswordException" computerName="DKSR-EFI-06" duration="00:00:00.0089584" startTime="2024-01-09T15:41:34.0757254+01:00" endTime="2024-01-09T15:41:34.0913506+01:00" testType="13cdc9d9-ddb5-4fa4-a97d-d965ccfc6d4b" outcome="Passed" testListId="8c84fa94-04c1-424b-9868-57a2d4851a1d" relativeResultsDirectory="7a1d89fd-a43d-4d37-86fb-7d5537438b11" />
    <UnitTestResult executionId="d180b8b4-e4ff-489f-992b-2959bfe90703" testId="e27dd799-5251-d044-8121-fa542199b541" testName="FailoverServer_Repository_Registered" computerName="DKSR-EFI-06" duration="00:00:00.0005529" startTime="2024-01-09T15:41:44.5289001+01:00" endTime="2024-01-09T15:41:44.5289001+01:00" testType="13cdc9d9-ddb5-4fa4-a97d-d965ccfc6d4b" outcome="Passed" testListId="8c84fa94-04c1-424b-9868-57a2d4851a1d" relativeResultsDirectory="d180b8b4-e4ff-489f-992b-2959bfe90703" />
    <UnitTestResult executionId="eb3b8a98-8846-48da-87cb-5e0df45314d3" testId="8ca3fe5c-1fec-38cc-139e-5cda860a37d9" testName="ManagementServer_DetachChildSite_Called" computerName="DKSR-EFI-06" duration="00:00:00.0015046" startTime="2024-01-09T15:41:44.7476516+01:00" endTime="2024-01-09T15:41:44.7632749+01:00" testType="13cdc9d9-ddb5-4fa4-a97d-d965ccfc6d4b" outcome="Passed" testListId="8c84fa94-04c1-424b-9868-57a2d4851a1d" relativeResultsDirectory="eb3b8a98-8846-48da-87cb-5e0df45314d3" />
    <UnitTestResult executionId="2be70cfc-82d1-4a22-9a58-7a41be23d812" testId="de5b2105-bebe-9397-259c-8a948661ebc8" testName="MicrophoneDeviceGroup_Refresh_Success" computerName="DKSR-EFI-06" duration="00:00:00.0016589" startTime="2024-01-09T15:41:44.3413975+01:00" endTime="2024-01-09T15:41:44.3413975+01:00" testType="13cdc9d9-ddb5-4fa4-a97d-d965ccfc6d4b" outcome="Passed" testListId="8c84fa94-04c1-424b-9868-57a2d4851a1d" relativeResultsDirectory="2be70cfc-82d1-4a22-9a58-7a41be23d812" />
    <UnitTestResult executionId="b2f68d9b-1203-4038-ae04-d346b7fecc79" testId="6215978e-7b5d-4ed4-2e61-1f34c5a3a86a" testName="PerformanceStateRuleConfiguration_IsDirty_Success" computerName="DKSR-EFI-06" duration="00:00:00.0002844" startTime="2024-01-09T15:41:45.4820316+01:00" endTime="2024-01-09T15:41:45.4820316+01:00" testType="13cdc9d9-ddb5-4fa4-a97d-d965ccfc6d4b" outcome="Passed" testListId="8c84fa94-04c1-424b-9868-57a2d4851a1d" relativeResultsDirectory="b2f68d9b-1203-4038-ae04-d346b7fecc79" />
    <UnitTestResult executionId="6ff70043-d337-448b-ad73-ec1cdd3e0d96" testId="6057cecb-7fa2-d0f0-8911-1a80596ef49b" testName="ServerVersionConstructor_CompareToObjRight_Success" computerName="DKSR-EFI-06" duration="00:00:00.0001850" startTime="2024-01-09T15:41:33.4350951+01:00" endTime="2024-01-09T15:41:33.4350951+01:00" testType="13cdc9d9-ddb5-4fa4-a97d-d965ccfc6d4b" outcome="Passed" testListId="8c84fa94-04c1-424b-9868-57a2d4851a1d" relativeResultsDirectory="6ff70043-d337-448b-ad73-ec1cdd3e0d96" />
    <UnitTestResult executionId="573e27f3-e892-400c-a245-66d8a67a5f0e" testId="257cf2f0-17f1-f096-f603-e5f4a87a7a66" testName="UserDefinedEvent_Delete_Success" computerName="DKSR-EFI-06" duration="00:00:00.0003899" startTime="2024-01-09T15:41:47.0132911+01:00" endTime="2024-01-09T15:41:47.0132911+01:00" testType="13cdc9d9-ddb5-4fa4-a97d-d965ccfc6d4b" outcome="Passed" testListId="8c84fa94-04c1-424b-9868-57a2d4851a1d" relativeResultsDirectory="573e27f3-e892-400c-a245-66d8a67a5f0e" />
    <UnitTestResult executionId="9c121082-95b9-4c39-8fef-5d0a2869c3fd" testId="0222e21b-1a35-baf8-8f24-adad49fcc125" testName="TaskDeleteArchiveStorage_StartNew_Success" computerName="DKSR-EFI-06" duration="00:00:00.0018606" startTime="2024-01-09T15:41:46.7320369+01:00" endTime="2024-01-09T15:41:46.7320369+01:00" testType="13cdc9d9-ddb5-4fa4-a97d-d965ccfc6d4b" outcome="Passed" testListId="8c84fa94-04c1-424b-9868-57a2d4851a1d" relativeResultsDirectory="9c121082-95b9-4c39-8fef-5d0a2869c3fd" />
    <UnitTestResult executionId="14262ec7-0113-4140-b59b-3b34bc69e796" testId="742bdb62-f7ec-73a4-9e58-b719ceb66e15" testName="TaskDeleteIdpAdmin_StartNew_Success" computerName="DKSR-EFI-06" duration="00:00:00.0008982" startTime="2024-01-09T15:41:46.7320369+01:00" endTime="2024-01-09T15:41:46.7476627+01:00" testType="13cdc9d9-ddb5-4fa4-a97d-d965ccfc6d4b" outcome="Passed" testListId="8c84fa94-04c1-424b-9868-57a2d4851a1d" relativeResultsDirectory="14262ec7-0113-4140-b59b-3b34bc69e796" />
    <UnitTestResult executionId="3329c5a1-7924-4c0b-ad67-75187f7326c3" testId="5efb6865-8b6b-60bf-8eaf-eaa558141503" testName="OutputDevice_Repository_Registered" computerName="DKSR-EFI-06" duration="00:00:00.0017972" startTime="2024-01-09T15:41:45.6382829+01:00" endTime="2024-01-09T15:41:45.6382829+01:00" testType="13cdc9d9-ddb5-4fa4-a97d-d965ccfc6d4b" outcome="Passed" testListId="8c84fa94-04c1-424b-9868-57a2d4851a1d" relativeResultsDirectory="3329c5a1-7924-4c0b-ad67-75187f7326c3" />
    <UnitTestResult executionId="cf325745-7f03-4e56-9659-37a0136b3bad" testId="68266fb4-2736-ba71-a128-a9e39c1f393d" testName="FailoverServer_Update_Failed" computerName="DKSR-EFI-06" duration="00:00:00.0009213" startTime="2024-01-09T15:41:44.5132742+01:00" endTime="2024-01-09T15:41:44.5132742+01:00" testType="13cdc9d9-ddb5-4fa4-a97d-d965ccfc6d4b" outcome="Passed" testListId="8c84fa94-04c1-424b-9868-57a2d4851a1d" relativeResultsDirectory="cf325745-7f03-4e56-9659-37a0136b3bad" />
    <UnitTestResult executionId="8cf95ba6-0bf1-4cfb-b698-750522c15a2d" testId="69d6bb0f-c78f-6cd9-826a-48efd0d9f637" testName="PublicViewGroup_Refresh_Success" computerName="DKSR-EFI-06" duration="00:00:00.0002577" startTime="2024-01-09T15:41:45.5445311+01:00" endTime="2024-01-09T15:41:45.5445311+01:00" testType="13cdc9d9-ddb5-4fa4-a97d-d965ccfc6d4b" outcome="Passed" testListId="8c84fa94-04c1-424b-9868-57a2d4851a1d" relativeResultsDirectory="8cf95ba6-0bf1-4cfb-b698-750522c15a2d" />
    <UnitTestResult executionId="c327533b-5bf9-4f09-8011-f279833f4e65" testId="53bb92b4-8123-4864-4981-3b9bf05b122a" testName="SystemDashboardConfigurationuration_IsCreated_Success" computerName="DKSR-EFI-06" duration="00:00:00.0002452" startTime="2024-01-09T15:41:46.1382855+01:00" endTime="2024-01-09T15:41:46.1382855+01:00" testType="13cdc9d9-ddb5-4fa4-a97d-d965ccfc6d4b" outcome="Passed" testListId="8c84fa94-04c1-424b-9868-57a2d4851a1d" relativeResultsDirectory="c327533b-5bf9-4f09-8011-f279833f4e65" />
    <UnitTestResult executionId="92facb08-13db-4da2-9075-04c766a74d4e" testId="87c72546-d4ba-d2aa-7335-441f05ebc56a" testName="TaskSetEncryptionPassword_Refresh_Success" computerName="DKSR-EFI-06" duration="00:00:00.0006425" startTime="2024-01-09T15:41:46.8257889+01:00" endTime="2024-01-09T15:41:46.8257889+01:00" testType="13cdc9d9-ddb5-4fa4-a97d-d965ccfc6d4b" outcome="Passed" testListId="8c84fa94-04c1-424b-9868-57a2d4851a1d" relativeResultsDirectory="92facb08-13db-4da2-9075-04c766a74d4e" />
    <UnitTestResult executionId="8e0ede8f-5116-473b-9587-c78e5ab9a6a5" testId="c9754ef7-454d-f20a-ba8a-9bb48b22c987" testName="SmartClientProfile_Repository_Registered" computerName="DKSR-EFI-06" duration="00:00:00.0003142" startTime="2024-01-09T15:41:44.3257755+01:00" endTime="2024-01-09T15:41:44.3257755+01:00" testType="13cdc9d9-ddb5-4fa4-a97d-d965ccfc6d4b" outcome="Passed" testListId="8c84fa94-04c1-424b-9868-57a2d4851a1d" relativeResultsDirectory="8e0ede8f-5116-473b-9587-c78e5ab9a6a5" />
    <UnitTestResult executionId="43c983a3-bb5f-4a53-b3af-1679754d9d3c" testId="cba3cbb8-c82e-c21d-6400-b6073f3aa082" testName="ClientProfile_Repository_Registered" computerName="DKSR-EFI-06" duration="00:00:00.0004076" startTime="2024-01-09T15:41:44.3257755+01:00" endTime="2024-01-09T15:41:44.3257755+01:00" testType="13cdc9d9-ddb5-4fa4-a97d-d965ccfc6d4b" outcome="Passed" testListId="8c84fa94-04c1-424b-9868-57a2d4851a1d" relativeResultsDirectory="43c983a3-bb5f-4a53-b3af-1679754d9d3c" />
    <UnitTestResult executionId="4ff0d31a-1b07-469a-87c4-a819d4e4ac1f" testId="cc624a1a-7f69-5930-0aad-f31365ddf34a" testName="ExceptionConverter_GetConnectionConvertedException_MessageSecurityException_WithInnerException" computerName="DKSR-EFI-06" duration="00:00:00.0003942" startTime="2024-01-09T15:41:47.3414158+01:00" endTime="2024-01-09T15:41:47.3414158+01:00" testType="13cdc9d9-ddb5-4fa4-a97d-d965ccfc6d4b" outcome="Passed" testListId="8c84fa94-04c1-424b-9868-57a2d4851a1d" relativeResultsDirectory="4ff0d31a-1b07-469a-87c4-a819d4e4ac1f" />
    <UnitTestResult executionId="50d874a3-4327-4471-89b0-28b84c6c59dd" testId="9d6412cb-3a50-3068-8962-8836b07f370a" testName="PatrollingProfile_InsertStepFirst_Existing_PatrollingStep" computerName="DKSR-EFI-06" duration="00:00:00.0008600" startTime="2024-01-09T15:41:45.3570323+01:00" endTime="2024-01-09T15:41:45.3570323+01:00" testType="13cdc9d9-ddb5-4fa4-a97d-d965ccfc6d4b" outcome="Passed" testListId="8c84fa94-04c1-424b-9868-57a2d4851a1d" relativeResultsDirectory="50d874a3-4327-4471-89b0-28b84c6c59dd" />
    <UnitTestResult executionId="9187b47a-4f8e-471e-b2f4-a08b6c880d96" testId="19358055-3a08-b321-ab76-b52ffb253ea3" testName="PrivateViewGroup_Delete_Success" computerName="DKSR-EFI-06" duration="00:00:00.0002644" startTime="2024-01-09T15:41:45.5132820+01:00" endTime="2024-01-09T15:41:45.5132820+01:00" testType="13cdc9d9-ddb5-4fa4-a97d-d965ccfc6d4b" outcome="Passed" testListId="8c84fa94-04c1-424b-9868-57a2d4851a1d" relativeResultsDirectory="9187b47a-4f8e-471e-b2f4-a08b6c880d96" />
    <UnitTestResult executionId="41a15ecb-413a-4712-915c-4170ef7da684" testId="ba740a17-cde2-0541-90ea-5e112d7c1b67" testName="Management_Server_Load_Functions_Test" computerName="DKSR-EFI-06" duration="00:00:00.0172512" startTime="2024-01-09T15:41:44.6226491+01:00" endTime="2024-01-09T15:41:44.6538993+01:00" testType="13cdc9d9-ddb5-4fa4-a97d-d965ccfc6d4b" outcome="Passed" testListId="8c84fa94-04c1-424b-9868-57a2d4851a1d" relativeResultsDirectory="41a15ecb-413a-4712-915c-4170ef7da684" />
    <UnitTestResult executionId="0454018d-e2d3-48d7-b95e-9309a48ac8f5" testId="ebef56bb-4a93-6ee6-dc36-391fde0761f0" testName="TaskMoveArchiveStorage_Refresh_Success" computerName="DKSR-EFI-06" duration="00:00:00.0010545" startTime="2024-01-09T15:41:46.7632876+01:00" endTime="2024-01-09T15:41:46.7632876+01:00" testType="13cdc9d9-ddb5-4fa4-a97d-d965ccfc6d4b" outcome="Passed" testListId="8c84fa94-04c1-424b-9868-57a2d4851a1d" relativeResultsDirectory="0454018d-e2d3-48d7-b95e-9309a48ac8f5" />
    <UnitTestResult executionId="0e9a2f6d-d78c-4ddb-bc44-01cb1cf9288a" testId="ef88800e-b3c3-e8f0-8825-047d4ee8f588" testName="ArchiveStorage_Update_Success" computerName="DKSR-EFI-06" duration="00:00:00.0023051" startTime="2024-01-09T15:41:43.9976436+01:00" endTime="2024-01-09T15:41:44.0132708+01:00" testType="13cdc9d9-ddb5-4fa4-a97d-d965ccfc6d4b" outcome="Passed" testListId="8c84fa94-04c1-424b-9868-57a2d4851a1d" relativeResultsDirectory="0e9a2f6d-d78c-4ddb-bc44-01cb1cf9288a" />
    <UnitTestResult executionId="b8812d27-83ee-4094-8c40-2d577363a6aa" testId="636c8cf1-44d5-1cf4-3a85-1d64e2d2ce55" testName="Contains_GivenAnyConfiguredAddressAndConnectedSite_ShouldSuccess" computerName="DKSR-EFI-06" duration="00:00:00.0004360" startTime="2024-01-09T15:41:43.7320194+01:00" endTime="2024-01-09T15:41:43.7320194+01:00" testType="13cdc9d9-ddb5-4fa4-a97d-d965ccfc6d4b" outcome="Passed" testListId="8c84fa94-04c1-424b-9868-57a2d4851a1d" relativeResultsDirectory="b8812d27-83ee-4094-8c40-2d577363a6aa" />
    <UnitTestResult executionId="3eea087e-7af1-4e53-b2a5-8f815a57e2f3" testId="d8e00839-07fc-237d-a5d8-f9e9120c6d7f" testName="Hardware_Driver_Version_Construct_Device_Pack_Driver2" computerName="DKSR-EFI-06" duration="00:00:00.0002313" startTime="2024-01-09T15:41:45.6539067+01:00" endTime="2024-01-09T15:41:45.6539067+01:00" testType="13cdc9d9-ddb5-4fa4-a97d-d965ccfc6d4b" outcome="Passed" testListId="8c84fa94-04c1-424b-9868-57a2d4851a1d" relativeResultsDirectory="3eea087e-7af1-4e53-b2a5-8f815a57e2f3" />
    <UnitTestResult executionId="4082894a-4a51-4aae-a56a-a8d735e9669a" testId="7fc25b4c-7a44-8747-306b-6270bd640883" testName="TryConnectLegacy_GivenBrokenServerConnection_ShouldDisposeAndReturnNull" computerName="DKSR-EFI-06" duration="00:00:00.0033634" startTime="2024-01-09T15:41:43.8413938+01:00" endTime="2024-01-09T15:41:43.8413938+01:00" testType="13cdc9d9-ddb5-4fa4-a97d-d965ccfc6d4b" outcome="Passed" testListId="8c84fa94-04c1-424b-9868-57a2d4851a1d" relativeResultsDirectory="4082894a-4a51-4aae-a56a-a8d735e9669a" />
    <UnitTestResult executionId="ddd61537-9bdc-4751-afff-a337c29169f0" testId="cbc4e3f4-c2e5-4325-1d8b-6b9e1501ec5b" testName="PublicViewGroup_Update_Success" computerName="DKSR-EFI-06" duration="00:00:00.0002768" startTime="2024-01-09T15:41:45.5445311+01:00" endTime="2024-01-09T15:41:45.5445311+01:00" testType="13cdc9d9-ddb5-4fa4-a97d-d965ccfc6d4b" outcome="Passed" testListId="8c84fa94-04c1-424b-9868-57a2d4851a1d" relativeResultsDirectory="ddd61537-9bdc-4751-afff-a337c29169f0" />
    <UnitTestResult executionId="70c880ba-ed70-4749-a2bd-bb975d9b9a0b" testId="250ef372-dc6c-93f8-2f5c-4af7a713cf94" testName="ServerConnection_Copy" computerName="DKSR-EFI-06" duration="00:00:00.0009581" startTime="2024-01-09T15:41:47.8882960+01:00" endTime="2024-01-09T15:41:47.8882960+01:00" testType="13cdc9d9-ddb5-4fa4-a97d-d965ccfc6d4b" outcome="Passed" testListId="8c84fa94-04c1-424b-9868-57a2d4851a1d" relativeResultsDirectory="70c880ba-ed70-4749-a2bd-bb975d9b9a0b" />
    <UnitTestResult executionId="c04283e2-a5a2-4fbc-ae0b-4c7f6f28d2cd" testId="9f0539bf-ce45-b539-b660-e1feb45dcbd7" testName="GetSiteConnectionResult_GivenWorkingHttpAddressInRegistry_ShouldTryOnlyThatAddressAndReturnSucccess" computerName="DKSR-EFI-06" duration="00:00:00.0462221" startTime="2024-01-09T15:41:34.3569749+01:00" endTime="2024-01-09T15:41:34.4038496+01:00" testType="13cdc9d9-ddb5-4fa4-a97d-d965ccfc6d4b" outcome="Passed" testListId="8c84fa94-04c1-424b-9868-57a2d4851a1d" relativeResultsDirectory="c04283e2-a5a2-4fbc-ae0b-4c7f6f28d2cd" />
    <UnitTestResult executionId="89b2f95f-cadf-42d1-85f4-bcedeec38c91" testId="5d5cb737-2ea3-b37c-74d8-eefd4d68fec6" testName="CalendarTimeProfile_Create_Failed_Constructor_Empty_CustomId" computerName="DKSR-EFI-06" duration="00:00:00.0007297" startTime="2024-01-09T15:41:46.8726632+01:00" endTime="2024-01-09T15:41:46.8726632+01:00" testType="13cdc9d9-ddb5-4fa4-a97d-d965ccfc6d4b" outcome="Passed" testListId="8c84fa94-04c1-424b-9868-57a2d4851a1d" relativeResultsDirectory="89b2f95f-cadf-42d1-85f4-bcedeec38c91" />
    <UnitTestResult executionId="d9dadd7a-6c9c-41ba-b013-c288cf06352d" testId="1503451f-c367-e6f7-efcd-1d7c7d1cd27d" testName="ServerVersionConstructor_CompareToObjLeft_Success" computerName="DKSR-EFI-06" duration="00:00:00.0003798" startTime="2024-01-09T15:41:33.4194704+01:00" endTime="2024-01-09T15:41:33.4194704+01:00" testType="13cdc9d9-ddb5-4fa4-a97d-d965ccfc6d4b" outcome="Passed" testListId="8c84fa94-04c1-424b-9868-57a2d4851a1d" relativeResultsDirectory="d9dadd7a-6c9c-41ba-b013-c288cf06352d" />
    <UnitTestResult executionId="02b9505e-df4e-4232-b0b0-e055a1283fc6" testId="9384124d-6144-2e47-91ea-db45b3627c9a" testName="GetIdpInfoOrError_GivenManyAddressesWaitForHttps_ShouldReturnSuccessHttpsIdpInfo" computerName="DKSR-EFI-06" duration="00:00:01.0309157" startTime="2024-01-09T15:41:42.4195132+01:00" endTime="2024-01-09T15:41:43.4507637+01:00" testType="13cdc9d9-ddb5-4fa4-a97d-d965ccfc6d4b" outcome="Passed" testListId="8c84fa94-04c1-424b-9868-57a2d4851a1d" relativeResultsDirectory="02b9505e-df4e-4232-b0b0-e055a1283fc6" />
    <UnitTestResult executionId="3ed01775-5d20-48b6-ac01-1988142bd378" testId="d33ba304-66b6-f88b-a31f-3dda70fdcb3b" testName="CameraDevice_PrebufferInMemory_Before_v102_NotSupported" computerName="DKSR-EFI-06" duration="00:00:00.0009982" startTime="2024-01-09T15:41:45.6226566+01:00" endTime="2024-01-09T15:41:45.6226566+01:00" testType="13cdc9d9-ddb5-4fa4-a97d-d965ccfc6d4b" outcome="Passed" testListId="8c84fa94-04c1-424b-9868-57a2d4851a1d" relativeResultsDirectory="3ed01775-5d20-48b6-ac01-1988142bd378" />
    <UnitTestResult executionId="bc5c9bcf-92f9-4d1b-a0d1-60f8c7aa8f26" testId="14bb50f4-a8ae-a89c-1d94-dba9d90b4290" testName="MIPAction_Repository_Registered" computerName="DKSR-EFI-06" duration="00:00:00.0003428" startTime="2024-01-09T15:41:44.8882771+01:00" endTime="2024-01-09T15:41:44.8882771+01:00" testType="13cdc9d9-ddb5-4fa4-a97d-d965ccfc6d4b" outcome="Passed" testListId="8c84fa94-04c1-424b-9868-57a2d4851a1d" relativeResultsDirectory="bc5c9bcf-92f9-4d1b-a0d1-60f8c7aa8f26" />
    <UnitTestResult executionId="8cdef262-6cc6-4fcc-89c4-d905b004ef4d" testId="00618716-4f82-1a4a-b0f3-2af10c61bf40" testName="PatrollingProfile_InsertStepAt_Create_PatrollingStep_Default" computerName="DKSR-EFI-06" duration="00:00:00.0062638" startTime="2024-01-09T15:41:45.3101569+01:00" endTime="2024-01-09T15:41:45.3101569+01:00" testType="13cdc9d9-ddb5-4fa4-a97d-d965ccfc6d4b" outcome="Passed" testListId="8c84fa94-04c1-424b-9868-57a2d4851a1d" relativeResultsDirectory="8cdef262-6cc6-4fcc-89c4-d905b004ef4d" />
    <UnitTestResult executionId="058c9152-da15-4162-b96b-93c7a7e82fc0" testId="0e018444-eb66-48a3-4c38-0d19c6a941fa" testName="Construct_Success" computerName="DKSR-EFI-06" duration="00:00:00.0004559" startTime="2024-01-09T15:41:47.9195455+01:00" endTime="2024-01-09T15:41:47.9195455+01:00" testType="13cdc9d9-ddb5-4fa4-a97d-d965ccfc6d4b" outcome="Passed" testListId="8c84fa94-04c1-424b-9868-57a2d4851a1d" relativeResultsDirectory="058c9152-da15-4162-b96b-93c7a7e82fc0" />
    <UnitTestResult executionId="56e46242-755f-4615-9d89-c57bb2949576" testId="b09990a8-046d-47f5-364b-4a48dd9d650f" testName="PerformanceStateRuleConfiguration_Delete_Success" computerName="DKSR-EFI-06" duration="00:00:00.0004447" startTime="2024-01-09T15:41:45.4664075+01:00" endTime="2024-01-09T15:41:45.4664075+01:00" testType="13cdc9d9-ddb5-4fa4-a97d-d965ccfc6d4b" outcome="Passed" testListId="8c84fa94-04c1-424b-9868-57a2d4851a1d" relativeResultsDirectory="56e46242-755f-4615-9d89-c57bb2949576" />
    <UnitTestResult executionId="232f78cb-2679-4608-951c-42aaee61ae95" testId="585e2002-8755-95f2-a9ec-6b79daa0b869" testName="GetUserDomainNameOrEmpty_UserNameWithDomain_ReturnsUserDomainName" computerName="DKSR-EFI-06" duration="00:00:00.0004300" startTime="2024-01-09T15:41:36.0913661+01:00" endTime="2024-01-09T15:41:36.0913661+01:00" testType="13cdc9d9-ddb5-4fa4-a97d-d965ccfc6d4b" outcome="Passed" testListId="8c84fa94-04c1-424b-9868-57a2d4851a1d" relativeResultsDirectory="232f78cb-2679-4608-951c-42aaee61ae95" />
    <UnitTestResult executionId="9ca1b101-371f-416c-839e-0aa19c1a355d" testId="aaeff64a-1245-4b01-fe37-e9fe35f38008" testName="GetSiteConnection_TokenExchange_GivenNull_ShouldThrow" computerName="DKSR-EFI-06" duration="00:00:00.0013776" startTime="2024-01-09T15:41:36.0444856+01:00" endTime="2024-01-09T15:41:36.0444856+01:00" testType="13cdc9d9-ddb5-4fa4-a97d-d965ccfc6d4b" outcome="Passed" testListId="8c84fa94-04c1-424b-9868-57a2d4851a1d" relativeResultsDirectory="9ca1b101-371f-416c-839e-0aa19c1a355d" />
    <UnitTestResult executionId="cdf46913-2449-4d88-a8e8-82dc0339b01c" testId="926fe379-e3d5-bd41-aae6-1a5da790924c" testName="IsAddressSchemeAllowed_Https_AllowHttp_True" computerName="DKSR-EFI-06" duration="00:00:00.0001651" startTime="2024-01-09T15:41:33.9194736+01:00" endTime="2024-01-09T15:41:33.9194736+01:00" testType="13cdc9d9-ddb5-4fa4-a97d-d965ccfc6d4b" outcome="Passed" testListId="8c84fa94-04c1-424b-9868-57a2d4851a1d" relativeResultsDirectory="cdf46913-2449-4d88-a8e8-82dc0339b01c" />
    <UnitTestResult executionId="5fcadab4-ee80-472b-896d-8317a4463116" testId="8adb5451-300e-1035-cfd7-2dbc14dbf050" testName="ExceptionConverter_GetConnectionConvertedException_MessageSecurityException_WithIdpInnerException" computerName="DKSR-EFI-06" duration="00:00:00.0007991" startTime="2024-01-09T15:41:47.3414158+01:00" endTime="2024-01-09T15:41:47.3414158+01:00" testType="13cdc9d9-ddb5-4fa4-a97d-d965ccfc6d4b" outcome="Passed" testListId="8c84fa94-04c1-424b-9868-57a2d4851a1d" relativeResultsDirectory="5fcadab4-ee80-472b-896d-8317a4463116" />
    <UnitTestResult executionId="6e1c738b-f36e-4640-bdf1-5cb15b75ced7" testId="63a057b8-d93a-9977-b1b4-fa071e73ba32" testName="FailoverServerGroup_Delete_Success" computerName="DKSR-EFI-06" duration="00:00:00.0004726" startTime="2024-01-09T15:41:44.4195244+01:00" endTime="2024-01-09T15:41:44.4195244+01:00" testType="13cdc9d9-ddb5-4fa4-a97d-d965ccfc6d4b" outcome="Passed" testListId="8c84fa94-04c1-424b-9868-57a2d4851a1d" relativeResultsDirectory="6e1c738b-f36e-4640-bdf1-5cb15b75ced7" />
    <UnitTestResult executionId="db40cb4e-5628-4a53-be73-8d9b22f9fa20" testId="e0abc56f-7d42-6359-24f3-9a5cc4c951e3" testName="Role_Remove_Member_No_Exception_If_User_Not_Exists" computerName="DKSR-EFI-06" duration="00:00:00.0006212" startTime="2024-01-09T15:41:45.9664115+01:00" endTime="2024-01-09T15:41:45.9664115+01:00" testType="13cdc9d9-ddb5-4fa4-a97d-d965ccfc6d4b" outcome="Passed" testListId="8c84fa94-04c1-424b-9868-57a2d4851a1d" relativeResultsDirectory="db40cb4e-5628-4a53-be73-8d9b22f9fa20" />
    <UnitTestResult executionId="84945293-3d85-4e91-9766-ed363071704d" testId="725da74e-2346-5830-4c52-cfe52338caef" testName="ValidateSchemas_ISiteConnectionInfoBase_Null_Empty_Result" computerName="DKSR-EFI-06" duration="00:00:00.0124372" startTime="2024-01-09T15:41:33.8569738+01:00" endTime="2024-01-09T15:41:33.8725976+01:00" testType="13cdc9d9-ddb5-4fa4-a97d-d965ccfc6d4b" outcome="Passed" testListId="8c84fa94-04c1-424b-9868-57a2d4851a1d" relativeResultsDirectory="84945293-3d85-4e91-9766-ed363071704d" />
    <UnitTestResult executionId="23e1aca2-583e-4438-8b9f-84467fbd574d" testId="0164cef1-95ba-6930-5c07-4c9c0b44555e" testName="RecordingStorage_Get_Using_Devices_Success" computerName="DKSR-EFI-06" duration="00:00:00.0013567" startTime="2024-01-09T15:41:45.8414083+01:00" endTime="2024-01-09T15:41:45.8414083+01:00" testType="13cdc9d9-ddb5-4fa4-a97d-d965ccfc6d4b" outcome="Passed" testListId="8c84fa94-04c1-424b-9868-57a2d4851a1d" relativeResultsDirectory="23e1aca2-583e-4438-8b9f-84467fbd574d" />
    <UnitTestResult executionId="da355620-eee7-400a-a1a7-dc79d81572a3" testId="8cf52a1b-446c-c1b4-7c71-1db62d7b987a" testName="GetSiteConnectionResult_GivenAllHttpsAddresses_ShouldFail" computerName="DKSR-EFI-06" duration="00:00:00.1933766" startTime="2024-01-09T15:41:34.1546907+01:00" endTime="2024-01-09T15:41:34.3569749+01:00" testType="13cdc9d9-ddb5-4fa4-a97d-d965ccfc6d4b" outcome="Passed" testListId="8c84fa94-04c1-424b-9868-57a2d4851a1d" relativeResultsDirectory="da355620-eee7-400a-a1a7-dc79d81572a3" />
    <UnitTestResult executionId="142f6423-f7a1-479b-90f2-2001ea1727ff" testId="1212d1b4-9de3-2c00-0810-5d71d78ff7e3" testName="FilterHttpAddresses_GivenHttpsAndHttpAddresses_ShouldReturnOnlyHttpAddresses" computerName="DKSR-EFI-06" duration="00:00:00.0017535" startTime="2024-01-09T15:41:33.9350980+01:00" endTime="2024-01-09T15:41:33.9350980+01:00" testType="13cdc9d9-ddb5-4fa4-a97d-d965ccfc6d4b" outcome="Passed" testListId="8c84fa94-04c1-424b-9868-57a2d4851a1d" relativeResultsDirectory="142f6423-f7a1-479b-90f2-2001ea1727ff" />
    <UnitTestResult executionId="d74caa4b-b363-4697-beb0-5e2f840456bd" testId="d18b828b-83e0-f5de-35a3-f92ddfa81b52" testName="TestGenericRepositoryFunctionsCorrectlyHandlesNullCollections" computerName="DKSR-EFI-06" duration="00:00:00.0004077" startTime="2024-01-09T15:41:47.2632941+01:00" endTime="2024-01-09T15:41:47.2632941+01:00" testType="13cdc9d9-ddb5-4fa4-a97d-d965ccfc6d4b" outcome="Passed" testListId="8c84fa94-04c1-424b-9868-57a2d4851a1d" relativeResultsDirectory="d74caa4b-b363-4697-beb0-5e2f840456bd" />
    <UnitTestResult executionId="4620f6dd-169c-4bb3-ad92-359ccfe9d8a0" testId="de740a7f-1805-ccbb-beb5-ab87db04a4da" testName="Construct_InvalidParam_ISiteAddressCache_Null_Throws_ArgumentNullException" computerName="DKSR-EFI-06" duration="00:00:00.0013359" startTime="2024-01-09T15:41:47.9820483+01:00" endTime="2024-01-09T15:41:47.9820483+01:00" testType="13cdc9d9-ddb5-4fa4-a97d-d965ccfc6d4b" outcome="Passed" testListId="8c84fa94-04c1-424b-9868-57a2d4851a1d" relativeResultsDirectory="4620f6dd-169c-4bb3-ad92-359ccfe9d8a0" />
    <UnitTestResult executionId="b3ee5191-d380-4af3-9143-97bb792ab62d" testId="25a5ab42-4069-42e8-44fe-e6aa176b4883" testName="BasicUser_Constructor_CheckForVersion_6_0_and_throws" computerName="DKSR-EFI-06" duration="00:00:00.0007904" startTime="2024-01-09T15:41:44.2632701+01:00" endTime="2024-01-09T15:41:44.2632701+01:00" testType="13cdc9d9-ddb5-4fa4-a97d-d965ccfc6d4b" outcome="Passed" testListId="8c84fa94-04c1-424b-9868-57a2d4851a1d" relativeResultsDirectory="b3ee5191-d380-4af3-9143-97bb792ab62d" />
    <UnitTestResult executionId="82dde6ee-122c-4853-8328-1e47a965f53e" testId="37b7d620-ba49-b91e-8675-23dcbd72253a" testName="TaskSetEncryptionMethod_Refresh_Success" computerName="DKSR-EFI-06" duration="00:00:00.0012654" startTime="2024-01-09T15:41:46.8101643+01:00" endTime="2024-01-09T15:41:46.8101643+01:00" testType="13cdc9d9-ddb5-4fa4-a97d-d965ccfc6d4b" outcome="Passed" testListId="8c84fa94-04c1-424b-9868-57a2d4851a1d" relativeResultsDirectory="82dde6ee-122c-4853-8328-1e47a965f53e" />
    <UnitTestResult executionId="55214e46-6d9d-464c-8dbd-089a2922bdb0" testId="adfaf1b6-ee9a-a854-6d91-40b24a39395c" testName="GetSiteConnection_Windows_GivenForceLegacy_ShouldExecuteLegacyFlow" computerName="DKSR-EFI-06" duration="00:00:00.0289506" startTime="2024-01-09T15:41:35.9663607+01:00" endTime="2024-01-09T15:41:35.9976115+01:00" testType="13cdc9d9-ddb5-4fa4-a97d-d965ccfc6d4b" outcome="Passed" testListId="8c84fa94-04c1-424b-9868-57a2d4851a1d" relativeResultsDirectory="55214e46-6d9d-464c-8dbd-089a2922bdb0" />
    <UnitTestResult executionId="1bc45b92-7e34-4f6c-b673-909c60af667d" testId="1db94274-6592-8d13-818e-4085419651f2" testName="Grid_RemoveNonExistingRegion_NotRemoved" computerName="DKSR-EFI-06" duration="00:00:00.0001972" startTime="2024-01-09T15:41:44.6070232+01:00" endTime="2024-01-09T15:41:44.6226491+01:00" testType="13cdc9d9-ddb5-4fa4-a97d-d965ccfc6d4b" outcome="Passed" testListId="8c84fa94-04c1-424b-9868-57a2d4851a1d" relativeResultsDirectory="1bc45b92-7e34-4f6c-b673-909c60af667d" />
    <UnitTestResult executionId="8ac7e7b3-c516-43c5-8567-de7b90ef9ad7" testId="5bd0612f-9958-1d70-b197-2f1e354c84c6" testName="ExceptionConverter_GetConnectionConvertedException_CommunicationException" computerName="DKSR-EFI-06" duration="00:00:00.0002307" startTime="2024-01-09T15:41:47.3414158+01:00" endTime="2024-01-09T15:41:47.3414158+01:00" testType="13cdc9d9-ddb5-4fa4-a97d-d965ccfc6d4b" outcome="Passed" testListId="8c84fa94-04c1-424b-9868-57a2d4851a1d" relativeResultsDirectory="8ac7e7b3-c516-43c5-8567-de7b90ef9ad7" />
    <UnitTestResult executionId="9edb98fe-2961-49bd-a9cd-741506cd0a84" testId="50884d10-5dca-df52-024a-9f31c65fe588" testName="VideoWallPreset_LoadMonitorPresets_CheckForVersion_7_0_and_throws" computerName="DKSR-EFI-06" duration="00:00:00.0019805" startTime="2024-01-09T15:41:47.0601663+01:00" endTime="2024-01-09T15:41:47.0757909+01:00" testType="13cdc9d9-ddb5-4fa4-a97d-d965ccfc6d4b" outcome="Passed" testListId="8c84fa94-04c1-424b-9868-57a2d4851a1d" relativeResultsDirectory="9edb98fe-2961-49bd-a9cd-741506cd0a84" />
    <UnitTestResult executionId="1a3848d2-7b78-474f-becc-704e0589d17c" testId="9f2f9eb7-af09-d3bf-f77f-90b9601a7cf2" testName="CameraDevice_ChangeRecordingStorage_Success" computerName="DKSR-EFI-06" duration="00:00:00.0021536" startTime="2024-01-09T15:41:45.5914057+01:00" endTime="2024-01-09T15:41:45.5914057+01:00" testType="13cdc9d9-ddb5-4fa4-a97d-d965ccfc6d4b" outcome="Passed" testListId="8c84fa94-04c1-424b-9868-57a2d4851a1d" relativeResultsDirectory="1a3848d2-7b78-474f-becc-704e0589d17c" />
    <UnitTestResult executionId="1d03aedc-b666-47b8-a5b4-e4f86d0c0dec" testId="c76877d1-d4d5-fd49-62f3-8d22b1b0fc75" testName="UserDefinedEvent_CreateWithId_CheckForVersion_7_0_and_throws" computerName="DKSR-EFI-06" duration="00:00:00.0009267" startTime="2024-01-09T15:41:47.0289155+01:00" endTime="2024-01-09T15:41:47.0289155+01:00" testType="13cdc9d9-ddb5-4fa4-a97d-d965ccfc6d4b" outcome="Passed" testListId="8c84fa94-04c1-424b-9868-57a2d4851a1d" relativeResultsDirectory="1d03aedc-b666-47b8-a5b4-e4f86d0c0dec" />
    <UnitTestResult executionId="9dde7bfd-fc99-4b63-8466-76c662095c81" testId="c1c48864-8599-68e8-5d78-5aaae964fd46" testName="MIPEvent_Create_Success" computerName="DKSR-EFI-06" duration="00:00:00.0002561" startTime="2024-01-09T15:41:44.9195284+01:00" endTime="2024-01-09T15:41:44.9195284+01:00" testType="13cdc9d9-ddb5-4fa4-a97d-d965ccfc6d4b" outcome="Passed" testListId="8c84fa94-04c1-424b-9868-57a2d4851a1d" relativeResultsDirectory="9dde7bfd-fc99-4b63-8466-76c662095c81" />
    <UnitTestResult executionId="938f79eb-3b55-4af0-b8e1-0680e76e1557" testId="31fa5d0d-5e74-d1c8-d0a2-8911646c8331" testName="ResolveUICulture_ReturnThreadCurrentUICulture_WhenCurrentUICultureNotSet" computerName="DKSR-EFI-06" duration="00:00:00.0011658" startTime="2024-01-09T15:41:47.2632941+01:00" endTime="2024-01-09T15:41:47.2632941+01:00" testType="13cdc9d9-ddb5-4fa4-a97d-d965ccfc6d4b" outcome="Passed" testListId="8c84fa94-04c1-424b-9868-57a2d4851a1d" relativeResultsDirectory="938f79eb-3b55-4af0-b8e1-0680e76e1557" />
    <UnitTestResult executionId="7ed309bd-d003-4374-86d6-9505bb1780ec" testId="7e845520-152f-bc7f-2198-97309fd64061" testName="GetIdpInfo_GivenWorkingAddress_ShouldReturnIdpInfo" computerName="DKSR-EFI-06" duration="00:00:00.0048933" startTime="2024-01-09T15:41:36.1382381+01:00" endTime="2024-01-09T15:41:36.1382381+01:00" testType="13cdc9d9-ddb5-4fa4-a97d-d965ccfc6d4b" outcome="Passed" testListId="8c84fa94-04c1-424b-9868-57a2d4851a1d" relativeResultsDirectory="7ed309bd-d003-4374-86d6-9505bb1780ec" />
    <UnitTestResult executionId="0e9a26e8-bfa7-4991-9c78-707ef7ffeb82" testId="338a195f-2c39-6b8b-d9ad-b68c001e358f" testName="PrivateViewGroup_Create_Success" computerName="DKSR-EFI-06" duration="00:00:00.0003803" startTime="2024-01-09T15:41:45.5132820+01:00" endTime="2024-01-09T15:41:45.5132820+01:00" testType="13cdc9d9-ddb5-4fa4-a97d-d965ccfc6d4b" outcome="Passed" testListId="8c84fa94-04c1-424b-9868-57a2d4851a1d" relativeResultsDirectory="0e9a26e8-bfa7-4991-9c78-707ef7ffeb82" />
    <UnitTestResult executionId="7d175875-41ee-44a7-8a9d-a7026fb98449" testId="94f1ccd6-2121-5005-43d8-710e8c3b75fd" testName="View_Repository_Registered" computerName="DKSR-EFI-06" duration="00:00:00.0003240" startTime="2024-01-09T15:41:47.1539163+01:00" endTime="2024-01-09T15:41:47.1539163+01:00" testType="13cdc9d9-ddb5-4fa4-a97d-d965ccfc6d4b" outcome="Passed" testListId="8c84fa94-04c1-424b-9868-57a2d4851a1d" relativeResultsDirectory="7d175875-41ee-44a7-8a9d-a7026fb98449" />
    <UnitTestResult executionId="053f844d-7d47-44ba-9178-e70886baf1a9" testId="2c74afdc-bea1-9c06-212b-c70212a9f1d4" testName="RuleSource_Delete_CheckVersionCalled" computerName="DKSR-EFI-06" duration="00:00:00.0003361" startTime="2024-01-09T15:41:46.0289085+01:00" endTime="2024-01-09T15:41:46.0289085+01:00" testType="13cdc9d9-ddb5-4fa4-a97d-d965ccfc6d4b" outcome="Passed" testListId="8c84fa94-04c1-424b-9868-57a2d4851a1d" relativeResultsDirectory="053f844d-7d47-44ba-9178-e70886baf1a9" />
    <UnitTestResult executionId="8b0c0bf8-aac3-4060-b956-aade8b466e6d" testId="06b893ad-dedc-35b5-9313-faacbf4e9a3c" testName="Role_Copy_Role_Check_Null_Name" computerName="DKSR-EFI-06" duration="00:00:00.0007708" startTime="2024-01-09T15:41:45.9195352+01:00" endTime="2024-01-09T15:41:45.9195352+01:00" testType="13cdc9d9-ddb5-4fa4-a97d-d965ccfc6d4b" outcome="Passed" testListId="8c84fa94-04c1-424b-9868-57a2d4851a1d" relativeResultsDirectory="8b0c0bf8-aac3-4060-b956-aade8b466e6d" />
    <UnitTestResult executionId="0e9f561c-ac15-421c-a455-7911d26f8c22" testId="a7741fc5-35a5-4ccd-597a-5b3467b4e24f" testName="Monitor_ApplyLayout_ApplyLayoutCalled" computerName="DKSR-EFI-06" duration="00:00:00.0018750" startTime="2024-01-09T15:41:45.1070286+01:00" endTime="2024-01-09T15:41:45.1070286+01:00" testType="13cdc9d9-ddb5-4fa4-a97d-d965ccfc6d4b" outcome="Passed" testListId="8c84fa94-04c1-424b-9868-57a2d4851a1d" relativeResultsDirectory="0e9f561c-ac15-421c-a455-7911d26f8c22" />
    <UnitTestResult executionId="232b7b98-ab03-418b-8491-9791c0ead5c7" testId="c5328cb2-b885-8b14-28e8-5a9ee0576b7c" testName="Grid_IncreaseGridSize_NumberOfCellsIncreased" computerName="DKSR-EFI-06" duration="00:00:00.0049957" startTime="2024-01-09T15:41:44.5757730+01:00" endTime="2024-01-09T15:41:44.5757730+01:00" testType="13cdc9d9-ddb5-4fa4-a97d-d965ccfc6d4b" outcome="Passed" testListId="8c84fa94-04c1-424b-9868-57a2d4851a1d" relativeResultsDirectory="232b7b98-ab03-418b-8491-9791c0ead5c7" />
    <UnitTestResult executionId="fd9994c9-918a-4a3c-ad0a-3624168c7ea8" testId="74cc6748-3958-77fa-7f29-670d020f8cd3" testName="MarkedData_Create_Success_By_Reference" computerName="DKSR-EFI-06" duration="00:00:00.0088162" startTime="2024-01-09T15:41:44.8257755+01:00" endTime="2024-01-09T15:41:44.8257755+01:00" testType="13cdc9d9-ddb5-4fa4-a97d-d965ccfc6d4b" outcome="Passed" testListId="8c84fa94-04c1-424b-9868-57a2d4851a1d" relativeResultsDirectory="fd9994c9-918a-4a3c-ad0a-3624168c7ea8" />
    <UnitTestResult executionId="70f5698b-1b48-489b-b36e-b3a0a0fcbd59" testId="3a056f9a-ce33-e199-b4c8-cb178b5331e7" testName="GetIdpInfo_GivenErrorResponseFromIdpServerValidation_ShouldThrow" computerName="DKSR-EFI-06" duration="00:00:00.0063667" startTime="2024-01-09T15:41:36.1069886+01:00" endTime="2024-01-09T15:41:36.1226117+01:00" testType="13cdc9d9-ddb5-4fa4-a97d-d965ccfc6d4b" outcome="Passed" testListId="8c84fa94-04c1-424b-9868-57a2d4851a1d" relativeResultsDirectory="70f5698b-1b48-489b-b36e-b3a0a0fcbd59" />
    <UnitTestResult executionId="a65107a4-171b-4734-b62e-e57d21bd3e1c" testId="3d7bf430-8953-e8e1-3a2f-1fe15bae42a4" testName="MIPEvent_Refresh_Success" computerName="DKSR-EFI-06" duration="00:00:00.0002407" startTime="2024-01-09T15:41:44.9351520+01:00" endTime="2024-01-09T15:41:44.9351520+01:00" testType="13cdc9d9-ddb5-4fa4-a97d-d965ccfc6d4b" outcome="Passed" testListId="8c84fa94-04c1-424b-9868-57a2d4851a1d" relativeResultsDirectory="a65107a4-171b-4734-b62e-e57d21bd3e1c" />
    <UnitTestResult executionId="394a8fb5-8c0b-4a6e-95d3-04b607aebb46" testId="dda735d1-04db-3037-b385-6b7e0e70d7ee" testName="Management_Refresh_Success" computerName="DKSR-EFI-06" duration="00:00:00.0014465" startTime="2024-01-09T15:41:44.6695257+01:00" endTime="2024-01-09T15:41:44.6695257+01:00" testType="13cdc9d9-ddb5-4fa4-a97d-d965ccfc6d4b" outcome="Passed" testListId="8c84fa94-04c1-424b-9868-57a2d4851a1d" relativeResultsDirectory="394a8fb5-8c0b-4a6e-95d3-04b607aebb46" />
    <UnitTestResult executionId="33dc2f9a-cfbb-4695-a03b-328dabfbd623" testId="6247ab59-74eb-cf84-482a-a583f6e11e0c" testName="FailoverServer_Update_Success" computerName="DKSR-EFI-06" duration="00:00:00.0006342" startTime="2024-01-09T15:41:44.5132742+01:00" endTime="2024-01-09T15:41:44.5132742+01:00" testType="13cdc9d9-ddb5-4fa4-a97d-d965ccfc6d4b" outcome="Passed" testListId="8c84fa94-04c1-424b-9868-57a2d4851a1d" relativeResultsDirectory="33dc2f9a-cfbb-4695-a03b-328dabfbd623" />
    <UnitTestResult executionId="50ebba73-b850-46b5-a4d4-dc39454af2c4" testId="cd2f5fd7-e901-e2bd-ca31-e39da680a9b6" testName="UserDefinedEvent_Constructor_DefaultValuesCorrect" computerName="DKSR-EFI-06" duration="00:00:00.0017088" startTime="2024-01-09T15:41:46.9976643+01:00" endTime="2024-01-09T15:41:46.9976643+01:00" testType="13cdc9d9-ddb5-4fa4-a97d-d965ccfc6d4b" outcome="Passed" testListId="8c84fa94-04c1-424b-9868-57a2d4851a1d" relativeResultsDirectory="50ebba73-b850-46b5-a4d4-dc39454af2c4" />
    <UnitTestResult executionId="da83a14f-db65-4965-863d-b9617cc89656" testId="142f3b3a-0646-9d8d-6da9-6000595864a3" testName="PerformanceStateRuleConfig_Create_CheckVersionCalled" computerName="DKSR-EFI-06" duration="00:00:00.0004861" startTime="2024-01-09T15:41:45.4351555+01:00" endTime="2024-01-09T15:41:45.4351555+01:00" testType="13cdc9d9-ddb5-4fa4-a97d-d965ccfc6d4b" outcome="Passed" testListId="8c84fa94-04c1-424b-9868-57a2d4851a1d" relativeResultsDirectory="da83a14f-db65-4965-863d-b9617cc89656" />
    <UnitTestResult executionId="5ad03366-dea8-4ce4-bb62-4f8feacdec3d" testId="9f58e3bf-ac9c-8be5-958b-fc524fae0cfd" testName="FailoverServer_Refresh_Success" computerName="DKSR-EFI-06" duration="00:00:00.0007047" startTime="2024-01-09T15:41:44.5132742+01:00" endTime="2024-01-09T15:41:44.5132742+01:00" testType="13cdc9d9-ddb5-4fa4-a97d-d965ccfc6d4b" outcome="Passed" testListId="8c84fa94-04c1-424b-9868-57a2d4851a1d" relativeResultsDirectory="5ad03366-dea8-4ce4-bb62-4f8feacdec3d" />
    <UnitTestResult executionId="dc0a83ca-abbb-4f29-bbe5-8fc748aeef32" testId="ab8f770d-13cc-175d-1811-f6d3fd48a4fc" testName="ManagementServer_AttachMasterSite_Called" computerName="DKSR-EFI-06" duration="00:00:00.0024564" startTime="2024-01-09T15:41:44.7632749+01:00" endTime="2024-01-09T15:41:44.7788989+01:00" testType="13cdc9d9-ddb5-4fa4-a97d-d965ccfc6d4b" outcome="Passed" testListId="8c84fa94-04c1-424b-9868-57a2d4851a1d" relativeResultsDirectory="dc0a83ca-abbb-4f29-bbe5-8fc748aeef32" />
    <UnitTestResult executionId="0508943e-d8a2-4a27-8342-44e3af843974" testId="48484679-1803-a931-3e10-bbde51565c4b" testName="SystemDashboardConfiguration_Create_CheckVersionCalled" computerName="DKSR-EFI-06" duration="00:00:00.0005554" startTime="2024-01-09T15:41:46.0757843+01:00" endTime="2024-01-09T15:41:46.0757843+01:00" testType="13cdc9d9-ddb5-4fa4-a97d-d965ccfc6d4b" outcome="Passed" testListId="8c84fa94-04c1-424b-9868-57a2d4851a1d" relativeResultsDirectory="0508943e-d8a2-4a27-8342-44e3af843974" />
    <UnitTestResult executionId="d6df662a-a6c3-4bf6-8daa-4ecf24a68319" testId="54299e2e-2bdc-a7d3-8471-535442134787" testName="TryGetPropertyValue_Enum_ReturnsCorrectValue" computerName="DKSR-EFI-06" duration="00:00:00.0002865" startTime="2024-01-09T15:41:47.4351672+01:00" endTime="2024-01-09T15:41:47.4351672+01:00" testType="13cdc9d9-ddb5-4fa4-a97d-d965ccfc6d4b" outcome="Passed" testListId="8c84fa94-04c1-424b-9868-57a2d4851a1d" relativeResultsDirectory="d6df662a-a6c3-4bf6-8daa-4ecf24a68319" />
    <UnitTestResult executionId="38df7264-b996-48de-8eb6-24655fcdfc75" testId="8a13bd06-e39c-34b9-1589-dab6fc542cdc" testName="MIPDeviceEvent_Constructor_DefaultValuesCorrect" computerName="DKSR-EFI-06" duration="00:00:00.0019343" startTime="2024-01-09T15:41:44.8882771+01:00" endTime="2024-01-09T15:41:44.9039023+01:00" testType="13cdc9d9-ddb5-4fa4-a97d-d965ccfc6d4b" outcome="Passed" testListId="8c84fa94-04c1-424b-9868-57a2d4851a1d" relativeResultsDirectory="38df7264-b996-48de-8eb6-24655fcdfc75" />
    <UnitTestResult executionId="6fce8515-8d57-4a7f-98ad-0850674e79a6" testId="699824b7-e064-add7-e59c-6df79878b90f" testName="UserDefinedEvent_Update_Success" computerName="DKSR-EFI-06" duration="00:00:00.0005413" startTime="2024-01-09T15:41:47.0132911+01:00" endTime="2024-01-09T15:41:47.0132911+01:00" testType="13cdc9d9-ddb5-4fa4-a97d-d965ccfc6d4b" outcome="Passed" testListId="8c84fa94-04c1-424b-9868-57a2d4851a1d" relativeResultsDirectory="6fce8515-8d57-4a7f-98ad-0850674e79a6" />
    <UnitTestResult executionId="96a34a73-74b9-4b77-88bb-027d3feb1456" testId="a8a4d357-c8cd-8240-8b9c-a04d7fb1a6f1" testName="TaskSetEncryptionPassword_StartNew_Success" computerName="DKSR-EFI-06" duration="00:00:00.0017588" startTime="2024-01-09T15:41:46.8257889+01:00" endTime="2024-01-09T15:41:46.8414127+01:00" testType="13cdc9d9-ddb5-4fa4-a97d-d965ccfc6d4b" outcome="Passed" testListId="8c84fa94-04c1-424b-9868-57a2d4851a1d" relativeResultsDirectory="96a34a73-74b9-4b77-88bb-027d3feb1456" />
    <UnitTestResult executionId="c7fa4feb-49b4-42cd-bfc7-a1e85437c660" testId="6f0b8c98-8588-07f7-166d-268e8ae0533d" testName="GetSiteConnectionResultTokenExchange_WorkingAddress_Success" computerName="DKSR-EFI-06" duration="00:00:00.2338818" startTime="2024-01-09T15:41:35.6851089+01:00" endTime="2024-01-09T15:41:35.9194891+01:00" testType="13cdc9d9-ddb5-4fa4-a97d-d965ccfc6d4b" outcome="Passed" testListId="8c84fa94-04c1-424b-9868-57a2d4851a1d" relativeResultsDirectory="c7fa4feb-49b4-42cd-bfc7-a1e85437c660" />
    <UnitTestResult executionId="11e9a171-06f0-444c-aacc-5864fd41b586" testId="fcf06cc3-5bec-4324-e2a1-7a52c5df1685" testName="GenericRepositoryTestDeleteObject" computerName="DKSR-EFI-06" duration="00:00:00.0016475" startTime="2024-01-09T15:41:47.2320434+01:00" endTime="2024-01-09T15:41:47.2320434+01:00" testType="13cdc9d9-ddb5-4fa4-a97d-d965ccfc6d4b" outcome="Passed" testListId="8c84fa94-04c1-424b-9868-57a2d4851a1d" relativeResultsDirectory="11e9a171-06f0-444c-aacc-5864fd41b586" />
    <UnitTestResult executionId="133c29be-2ab1-4900-a77c-e99c776612ca" testId="84b2bd28-ee06-f48d-2e7d-0466ff313383" testName="ArchiveStorage_Constructor_DefaultValuesCorrect" computerName="DKSR-EFI-06" duration="00:00:00.0956478" startTime="2024-01-09T15:41:43.8882693+01:00" endTime="2024-01-09T15:41:43.9820205+01:00" testType="13cdc9d9-ddb5-4fa4-a97d-d965ccfc6d4b" outcome="Passed" testListId="8c84fa94-04c1-424b-9868-57a2d4851a1d" relativeResultsDirectory="133c29be-2ab1-4900-a77c-e99c776612ca" />
    <UnitTestResult executionId="882558a9-ef03-4a25-bf46-61274d452f75" testId="e68c940d-e42a-1511-394e-a4faeeffa642" testName="ProxyClientServiceBase_CallWithRetry_NoRetry_CommunicationException_IdpInner" computerName="DKSR-EFI-06" duration="00:00:00.0006110" startTime="2024-01-09T15:41:47.3726653+01:00" endTime="2024-01-09T15:41:47.3726653+01:00" testType="13cdc9d9-ddb5-4fa4-a97d-d965ccfc6d4b" outcome="Passed" testListId="8c84fa94-04c1-424b-9868-57a2d4851a1d" relativeResultsDirectory="882558a9-ef03-4a25-bf46-61274d452f75" />
    <UnitTestResult executionId="c8199d4d-8e6d-439b-8105-3941a949f9ce" testId="840d7e9b-a2ca-f306-6a5e-c780c2ea8bbc" testName="PerformanceStateRuleConfiguration_Undo_Success" computerName="DKSR-EFI-06" duration="00:00:00.0003611" startTime="2024-01-09T15:41:45.4820316+01:00" endTime="2024-01-09T15:41:45.4820316+01:00" testType="13cdc9d9-ddb5-4fa4-a97d-d965ccfc6d4b" outcome="Passed" testListId="8c84fa94-04c1-424b-9868-57a2d4851a1d" relativeResultsDirectory="c8199d4d-8e6d-439b-8105-3941a949f9ce" />
    <UnitTestResult executionId="40dfd870-3be9-4075-a690-f57796b15d72" testId="462588c4-f379-0c6a-74ed-ba455d85852e" testName="GenericRepositoryTestGetObjectFromCache" computerName="DKSR-EFI-06" duration="00:00:00.0022052" startTime="2024-01-09T15:41:47.2476683+01:00" endTime="2024-01-09T15:41:47.2476683+01:00" testType="13cdc9d9-ddb5-4fa4-a97d-d965ccfc6d4b" outcome="Passed" testListId="8c84fa94-04c1-424b-9868-57a2d4851a1d" relativeResultsDirectory="40dfd870-3be9-4075-a690-f57796b15d72" />
    <UnitTestResult executionId="9318ca58-6739-41ae-aeb4-030e76c34c23" testId="f2eaa386-a8fa-c21f-c458-7f12c1c3dd16" testName="RuleSource_Undo_Success" computerName="DKSR-EFI-06" duration="00:00:00.0003100" startTime="2024-01-09T15:41:46.0289085+01:00" endTime="2024-01-09T15:41:46.0289085+01:00" testType="13cdc9d9-ddb5-4fa4-a97d-d965ccfc6d4b" outcome="Passed" testListId="8c84fa94-04c1-424b-9868-57a2d4851a1d" relativeResultsDirectory="9318ca58-6739-41ae-aeb4-030e76c34c23" />
    <UnitTestResult executionId="1086edaf-71f8-4a0b-934c-57e557066e0d" testId="c6cfc3cd-c751-0fb3-251a-e99db7d16f3b" testName="Monitor_Delete_Success" computerName="DKSR-EFI-06" duration="00:00:00.0004223" startTime="2024-01-09T15:41:45.0289037+01:00" endTime="2024-01-09T15:41:45.0289037+01:00" testType="13cdc9d9-ddb5-4fa4-a97d-d965ccfc6d4b" outcome="Passed" testListId="8c84fa94-04c1-424b-9868-57a2d4851a1d" relativeResultsDirectory="1086edaf-71f8-4a0b-934c-57e557066e0d" />
    <UnitTestResult executionId="737da7b1-9eec-428c-bef2-1e20fb1521ec" testId="3a4137d2-5af2-1a66-ab1f-681236e1f7e9" testName="MIPAction_Constructor_DefaultValuesCorrect" computerName="DKSR-EFI-06" duration="00:00:00.0013878" startTime="2024-01-09T15:41:44.8726514+01:00" endTime="2024-01-09T15:41:44.8726514+01:00" testType="13cdc9d9-ddb5-4fa4-a97d-d965ccfc6d4b" outcome="Passed" testListId="8c84fa94-04c1-424b-9868-57a2d4851a1d" relativeResultsDirectory="737da7b1-9eec-428c-bef2-1e20fb1521ec" />
    <UnitTestResult executionId="42c22b6c-0ec1-4a6b-a290-d7a3a76c60f9" testId="c7cf3afc-da46-c52b-1bae-d663fd25ee50" testName="GetHighPriorityError_GivenIdpOfflineExceptionForNonLegacySite_ReturnsIdpOfflineException" computerName="DKSR-EFI-06" duration="00:00:00.0087718" startTime="2024-01-09T15:41:34.0288477+01:00" endTime="2024-01-09T15:41:34.0288477+01:00" testType="13cdc9d9-ddb5-4fa4-a97d-d965ccfc6d4b" outcome="Passed" testListId="8c84fa94-04c1-424b-9868-57a2d4851a1d" relativeResultsDirectory="42c22b6c-0ec1-4a6b-a290-d7a3a76c60f9" />
    <UnitTestResult executionId="558d3393-af08-4ef7-9f88-d2485e4d4321" testId="90df41f2-1eff-541d-10e4-135b682b043b" testName="Management_Repository_Registered" computerName="DKSR-EFI-06" duration="00:00:00.0003445" startTime="2024-01-09T15:41:44.6538993+01:00" endTime="2024-01-09T15:41:44.6538993+01:00" testType="13cdc9d9-ddb5-4fa4-a97d-d965ccfc6d4b" outcome="Passed" testListId="8c84fa94-04c1-424b-9868-57a2d4851a1d" relativeResultsDirectory="558d3393-af08-4ef7-9f88-d2485e4d4321" />
    <UnitTestResult executionId="16d760a6-8a6b-4607-aac4-173c068531ad" testId="4bf84d6a-9747-e23e-9edd-c36a80376ba8" testName="TaskMoveDevice_StartNew_Success" computerName="DKSR-EFI-06" duration="00:00:00.0033546" startTime="2024-01-09T15:41:46.7789138+01:00" endTime="2024-01-09T15:41:46.7789138+01:00" testType="13cdc9d9-ddb5-4fa4-a97d-d965ccfc6d4b" outcome="Passed" testListId="8c84fa94-04c1-424b-9868-57a2d4851a1d" relativeResultsDirectory="16d760a6-8a6b-4607-aac4-173c068531ad" />
    <UnitTestResult executionId="6441be98-b13d-4401-9a01-98fe4862e14b" testId="477e32b3-1599-d40a-d8bc-a1ca5fcfbec3" testName="FailoverServer_Create_Success" computerName="DKSR-EFI-06" duration="00:00:00.0007591" startTime="2024-01-09T15:41:44.4976484+01:00" endTime="2024-01-09T15:41:44.5132742+01:00" testType="13cdc9d9-ddb5-4fa4-a97d-d965ccfc6d4b" outcome="Passed" testListId="8c84fa94-04c1-424b-9868-57a2d4851a1d" relativeResultsDirectory="6441be98-b13d-4401-9a01-98fe4862e14b" />
    <UnitTestResult executionId="952ecac4-41ec-4aa2-b982-48414ab024a9" testId="2c38395a-4ae2-4ef1-d06a-e281e5a5ad81" testName="ChildSite_UpdateCustomProperties_NotCreated_InvalidOperationException" computerName="DKSR-EFI-06" duration="00:00:00.0009512" startTime="2024-01-09T15:41:46.0601584+01:00" endTime="2024-01-09T15:41:46.0601584+01:00" testType="13cdc9d9-ddb5-4fa4-a97d-d965ccfc6d4b" outcome="Passed" testListId="8c84fa94-04c1-424b-9868-57a2d4851a1d" relativeResultsDirectory="952ecac4-41ec-4aa2-b982-48414ab024a9" />
    <UnitTestResult executionId="254002cd-09ac-41f4-b687-3376177a2f37" testId="3aa7df36-11fe-1cc4-e0ce-8bf81be0287a" testName="PrivateViewGroup_Refresh_Success" computerName="DKSR-EFI-06" duration="00:00:00.0003178" startTime="2024-01-09T15:41:45.5132820+01:00" endTime="2024-01-09T15:41:45.5132820+01:00" testType="13cdc9d9-ddb5-4fa4-a97d-d965ccfc6d4b" outcome="Passed" testListId="8c84fa94-04c1-424b-9868-57a2d4851a1d" relativeResultsDirectory="254002cd-09ac-41f4-b687-3376177a2f37" />
    <UnitTestResult executionId="26ffc6ec-562e-4515-b2fa-99cda4d3ee4b" testId="2d3a935e-1e65-2fb9-dab5-366dee814adc" testName="Hardware_ReadPassword_NotCreated_Throws" computerName="DKSR-EFI-06" duration="00:00:00.0004391" startTime="2024-01-09T15:41:45.6851579+01:00" endTime="2024-01-09T15:41:45.6851579+01:00" testType="13cdc9d9-ddb5-4fa4-a97d-d965ccfc6d4b" outcome="Passed" testListId="8c84fa94-04c1-424b-9868-57a2d4851a1d" relativeResultsDirectory="26ffc6ec-562e-4515-b2fa-99cda4d3ee4b" />
    <UnitTestResult executionId="ace9f584-dffa-4978-a483-90df8fad2904" testId="a8b2ad7f-d16a-06bb-ce68-4f9c44900dc6" testName="RuleSource_Constructor_CheckForVersion_7_0_and_throws" computerName="DKSR-EFI-06" duration="00:00:00.0009037" startTime="2024-01-09T15:41:45.9976593+01:00" endTime="2024-01-09T15:41:45.9976593+01:00" testType="13cdc9d9-ddb5-4fa4-a97d-d965ccfc6d4b" outcome="Passed" testListId="8c84fa94-04c1-424b-9868-57a2d4851a1d" relativeResultsDirectory="ace9f584-dffa-4978-a483-90df8fad2904" />
    <UnitTestResult executionId="849de100-ba22-4008-ac95-0c4a962c510e" testId="85b0eff5-6a5c-21aa-74b2-7eac2da376a1" testName="PatrollingProfile_RemoveStep" computerName="DKSR-EFI-06" duration="00:00:00.0020669" startTime="2024-01-09T15:41:45.3882813+01:00" endTime="2024-01-09T15:41:45.3882813+01:00" testType="13cdc9d9-ddb5-4fa4-a97d-d965ccfc6d4b" outcome="Passed" testListId="8c84fa94-04c1-424b-9868-57a2d4851a1d" relativeResultsDirectory="849de100-ba22-4008-ac95-0c4a962c510e" />
    <UnitTestResult executionId="8a0b5737-7e83-48e1-8488-0c95f584a949" testId="9ec86789-853d-b24c-4277-85751b82010a" testName="FailoverServer_GetHardwareDrivers_Before_v70_NotSupported" computerName="DKSR-EFI-06" duration="00:00:00.0033385" startTime="2024-01-09T15:41:44.5289001+01:00" endTime="2024-01-09T15:41:44.5289001+01:00" testType="13cdc9d9-ddb5-4fa4-a97d-d965ccfc6d4b" outcome="Passed" testListId="8c84fa94-04c1-424b-9868-57a2d4851a1d" relativeResultsDirectory="8a0b5737-7e83-48e1-8488-0c95f584a949" />
    <UnitTestResult executionId="bb5a59e4-4bf6-404f-ba71-515afffd83ca" testId="9ef9d6a5-0f89-100e-3120-b37de812220f" testName="TaskRequestEdgeStorage_Refresh_Success" computerName="DKSR-EFI-06" duration="00:00:00.0015238" startTime="2024-01-09T15:41:46.7945393+01:00" endTime="2024-01-09T15:41:46.7945393+01:00" testType="13cdc9d9-ddb5-4fa4-a97d-d965ccfc6d4b" outcome="Passed" testListId="8c84fa94-04c1-424b-9868-57a2d4851a1d" relativeResultsDirectory="bb5a59e4-4bf6-404f-ba71-515afffd83ca" />
    <UnitTestResult executionId="04a26ec5-f5fa-4d00-a683-1b8b54c03849" testId="e9f1c1b3-1720-4319-f203-5b4b4c0ae31e" testName="Recorder_Repository_Registered" computerName="DKSR-EFI-06" duration="00:00:00.0003354" startTime="2024-01-09T15:41:45.7164066+01:00" endTime="2024-01-09T15:41:45.7164066+01:00" testType="13cdc9d9-ddb5-4fa4-a97d-d965ccfc6d4b" outcome="Passed" testListId="8c84fa94-04c1-424b-9868-57a2d4851a1d" relativeResultsDirectory="04a26ec5-f5fa-4d00-a683-1b8b54c03849" />
    <UnitTestResult executionId="d4b817b5-5176-41ca-82b9-f598113f915c" testId="e1626575-e055-6258-c63a-1ed2106a1fc3" testName="TaskDeleteRecordingStorage_StartNew_Success" computerName="DKSR-EFI-06" duration="00:00:00.0014523" startTime="2024-01-09T15:41:46.7476627+01:00" endTime="2024-01-09T15:41:46.7476627+01:00" testType="13cdc9d9-ddb5-4fa4-a97d-d965ccfc6d4b" outcome="Passed" testListId="8c84fa94-04c1-424b-9868-57a2d4851a1d" relativeResultsDirectory="d4b817b5-5176-41ca-82b9-f598113f915c" />
    <UnitTestResult executionId="e50bacf8-601a-45ef-ab2c-da9ed738fa63" testId="e03ff53e-5f52-05d1-7a0e-f766f53821c3" testName="Constructor_NullSiteAddressCache_Throws" computerName="DKSR-EFI-06" duration="00:00:00.0012541" startTime="2024-01-09T15:41:35.6069845+01:00" endTime="2024-01-09T15:41:35.6069845+01:00" testType="13cdc9d9-ddb5-4fa4-a97d-d965ccfc6d4b" outcome="Passed" testListId="8c84fa94-04c1-424b-9868-57a2d4851a1d" relativeResultsDirectory="e50bacf8-601a-45ef-ab2c-da9ed738fa63" />
    <UnitTestResult executionId="1b7b428b-6c70-4a37-bc95-ac3dbe22031d" testId="732503f7-8bcf-26ff-34de-71c5b627ff61" testName="RetentionOptionRoleRelation_Refresh_Success" computerName="DKSR-EFI-06" duration="00:00:00.0004373" startTime="2024-01-09T15:41:45.8726579+01:00" endTime="2024-01-09T15:41:45.8726579+01:00" testType="13cdc9d9-ddb5-4fa4-a97d-d965ccfc6d4b" outcome="Passed" testListId="8c84fa94-04c1-424b-9868-57a2d4851a1d" relativeResultsDirectory="1b7b428b-6c70-4a37-bc95-ac3dbe22031d" />
    <UnitTestResult executionId="a3e962e7-aba9-4356-82cd-01f93d34af63" testId="ba974f5f-9411-20b3-a2dc-bb1aa9a6b6b6" testName="Construct_Full_Success" computerName="DKSR-EFI-06" duration="00:00:00.0004734" startTime="2024-01-09T15:41:47.9976688+01:00" endTime="2024-01-09T15:41:47.9976688+01:00" testType="13cdc9d9-ddb5-4fa4-a97d-d965ccfc6d4b" outcome="Passed" testListId="8c84fa94-04c1-424b-9868-57a2d4851a1d" relativeResultsDirectory="a3e962e7-aba9-4356-82cd-01f93d34af63" />
    <UnitTestResult executionId="bb836f5f-70e5-4194-bb0f-8d72e5d23c0d" testId="5c71673c-87bc-73db-2cb1-13a53b14e2f5" testName="MIPObject_Delete_Failed" computerName="DKSR-EFI-06" duration="00:00:00.0009165" startTime="2024-01-09T15:41:44.9820279+01:00" endTime="2024-01-09T15:41:44.9820279+01:00" testType="13cdc9d9-ddb5-4fa4-a97d-d965ccfc6d4b" outcome="Passed" testListId="8c84fa94-04c1-424b-9868-57a2d4851a1d" relativeResultsDirectory="bb836f5f-70e5-4194-bb0f-8d72e5d23c0d" />
    <UnitTestResult executionId="9740bdbc-fb13-45ef-80a5-5e4278241dc3" testId="3ef8df55-4649-93c3-3be6-7324a0162458" testName="SystemDashboardConfigurationuration_Refresh_Failed_Not_Created" computerName="DKSR-EFI-06" duration="00:00:00.0007385" startTime="2024-01-09T15:41:46.1070345+01:00" endTime="2024-01-09T15:41:46.1070345+01:00" testType="13cdc9d9-ddb5-4fa4-a97d-d965ccfc6d4b" outcome="Passed" testListId="8c84fa94-04c1-424b-9868-57a2d4851a1d" relativeResultsDirectory="9740bdbc-fb13-45ef-80a5-5e4278241dc3" />
    <UnitTestResult executionId="9833851a-b017-45ca-bbd4-56957c8276a4" testId="ad872773-ffb1-b6b0-ead4-dcdd8501a927" testName="GenericRepositoryTestDeleteObjectById" computerName="DKSR-EFI-06" duration="00:00:00.0016199" startTime="2024-01-09T15:41:47.2320434+01:00" endTime="2024-01-09T15:41:47.2320434+01:00" testType="13cdc9d9-ddb5-4fa4-a97d-d965ccfc6d4b" outcome="Passed" testListId="8c84fa94-04c1-424b-9868-57a2d4851a1d" relativeResultsDirectory="9833851a-b017-45ca-bbd4-56957c8276a4" />
    <UnitTestResult executionId="db22523a-8e5a-41a3-8e10-0a02dc09d9b2" testId="07e7c456-853c-aa19-eabd-829ddd29ec4f" testName="ManagementServer_FullSiteSynchronization_Called" computerName="DKSR-EFI-06" duration="00:00:00.0013087" startTime="2024-01-09T15:41:44.7788989+01:00" endTime="2024-01-09T15:41:44.7788989+01:00" testType="13cdc9d9-ddb5-4fa4-a97d-d965ccfc6d4b" outcome="Passed" testListId="8c84fa94-04c1-424b-9868-57a2d4851a1d" relativeResultsDirectory="db22523a-8e5a-41a3-8e10-0a02dc09d9b2" />
    <UnitTestResult executionId="161607aa-6770-4eee-9d77-1fe9e9fd6bf2" testId="9cbdd936-2c0a-78c4-1d35-3e19fb817af9" testName="BasicUser_Delete_CheckVersionCalled" computerName="DKSR-EFI-06" duration="00:00:00.0002698" startTime="2024-01-09T15:41:44.2945232+01:00" endTime="2024-01-09T15:41:44.2945232+01:00" testType="13cdc9d9-ddb5-4fa4-a97d-d965ccfc6d4b" outcome="Passed" testListId="8c84fa94-04c1-424b-9868-57a2d4851a1d" relativeResultsDirectory="161607aa-6770-4eee-9d77-1fe9e9fd6bf2" />
    <UnitTestResult executionId="63877a1b-1346-4e6f-8c7a-3b7e932a8feb" testId="24ad50bb-6e27-832d-0a0f-be7509b4fa1b" testName="ExceptionConverter_GetConnectionConvertedException_FaultException" computerName="DKSR-EFI-06" duration="00:00:00.0373359" startTime="2024-01-09T15:41:47.2789147+01:00" endTime="2024-01-09T15:41:47.3257913+01:00" testType="13cdc9d9-ddb5-4fa4-a97d-d965ccfc6d4b" outcome="Passed" testListId="8c84fa94-04c1-424b-9868-57a2d4851a1d" relativeResultsDirectory="63877a1b-1346-4e6f-8c7a-3b7e932a8feb" />
    <UnitTestResult executionId="508147e5-d192-4388-86d9-cb4130787e7f" testId="4e186ccf-43d2-fe09-3c86-001af9030f39" testName="BasicUser_Delete_Success" computerName="DKSR-EFI-06" duration="00:00:00.0003896" startTime="2024-01-09T15:41:44.2945232+01:00" endTime="2024-01-09T15:41:44.2945232+01:00" testType="13cdc9d9-ddb5-4fa4-a97d-d965ccfc6d4b" outcome="Passed" testListId="8c84fa94-04c1-424b-9868-57a2d4851a1d" relativeResultsDirectory="508147e5-d192-4388-86d9-cb4130787e7f" />
    <UnitTestResult executionId="77bd112e-b2f3-45d9-b84d-fd17c4f77540" testId="f9ad11b2-10fa-d297-cda1-cf93f159844d" testName="RecordingStorage_Set_As_Default_Failed_Not_Created" computerName="DKSR-EFI-06" duration="00:00:00.0008736" startTime="2024-01-09T15:41:45.7945326+01:00" endTime="2024-01-09T15:41:45.7945326+01:00" testType="13cdc9d9-ddb5-4fa4-a97d-d965ccfc6d4b" outcome="Passed" testListId="8c84fa94-04c1-424b-9868-57a2d4851a1d" relativeResultsDirectory="77bd112e-b2f3-45d9-b84d-fd17c4f77540" />
    <UnitTestResult executionId="79dd95c1-e39f-47ea-8b45-1a8cbd15b6d2" testId="d56df8d1-b4dd-66b8-e573-75c4fe9c07e2" testName="PatrollingProfile_InsertStepLast_Create_PatrollingStep_With_WaitTime" computerName="DKSR-EFI-06" duration="00:00:00.0008422" startTime="2024-01-09T15:41:45.3726547+01:00" endTime="2024-01-09T15:41:45.3726547+01:00" testType="13cdc9d9-ddb5-4fa4-a97d-d965ccfc6d4b" outcome="Passed" testListId="8c84fa94-04c1-424b-9868-57a2d4851a1d" relativeResultsDirectory="79dd95c1-e39f-47ea-8b45-1a8cbd15b6d2" />
    <UnitTestResult executionId="302d9026-4836-4b17-b0a2-a2100a747ba4" testId="c2703aff-9383-46f6-4b8c-211e5be5b6cd" testName="Grid_Initilize_CellsPopulated" computerName="DKSR-EFI-06" duration="00:00:00.0035733" startTime="2024-01-09T15:41:44.5757730+01:00" endTime="2024-01-09T15:41:44.5913994+01:00" testType="13cdc9d9-ddb5-4fa4-a97d-d965ccfc6d4b" outcome="Passed" testListId="8c84fa94-04c1-424b-9868-57a2d4851a1d" relativeResultsDirectory="302d9026-4836-4b17-b0a2-a2100a747ba4" />
    <UnitTestResult executionId="760c8e67-d70d-4d8a-b571-dfb930af6424" testId="4fe26442-d718-6d01-8cf8-76e1e758a998" testName="ServerConnection_Proxies" computerName="DKSR-EFI-06" duration="00:00:00.3578645" startTime="2024-01-09T15:41:47.5289176+01:00" endTime="2024-01-09T15:41:47.8882960+01:00" testType="13cdc9d9-ddb5-4fa4-a97d-d965ccfc6d4b" outcome="Passed" testListId="8c84fa94-04c1-424b-9868-57a2d4851a1d" relativeResultsDirectory="760c8e67-d70d-4d8a-b571-dfb930af6424" />
    <UnitTestResult executionId="e18b438a-c118-45b0-b179-2de5636289de" testId="d8d53a51-1958-4529-819e-62ca5a99122f" testName="GetHighPriorityError_GivenInvalidServerIdException_ReturnsInvalidServerIdException" computerName="DKSR-EFI-06" duration="00:00:00.0405360" startTime="2024-01-09T15:41:33.9350980+01:00" endTime="2024-01-09T15:41:33.9819731+01:00" testType="13cdc9d9-ddb5-4fa4-a97d-d965ccfc6d4b" outcome="Passed" testListId="8c84fa94-04c1-424b-9868-57a2d4851a1d" relativeResultsDirectory="e18b438a-c118-45b0-b179-2de5636289de" />
    <UnitTestResult executionId="984736eb-96ea-4e9c-ab81-c4c5cba060a4" testId="5886e0ac-60e4-e8a0-59b9-173f39736232" testName="Contains_GivenConnectedAddress_ShouldSuccess" computerName="DKSR-EFI-06" duration="00:00:00.0010528" startTime="2024-01-09T15:41:43.7320194+01:00" endTime="2024-01-09T15:41:43.7320194+01:00" testType="13cdc9d9-ddb5-4fa4-a97d-d965ccfc6d4b" outcome="Passed" testListId="8c84fa94-04c1-424b-9868-57a2d4851a1d" relativeResultsDirectory="984736eb-96ea-4e9c-ab81-c4c5cba060a4" />
    <UnitTestResult executionId="e56dde38-e14b-45e9-b472-ed2260894682" testId="2c12e70b-d5f6-a96d-830d-14474c8e0d92" testName="BasicOwnerInfo_Create_CheckVersionCalled" computerName="DKSR-EFI-06" duration="00:00:00.0003898" startTime="2024-01-09T15:41:44.2007707+01:00" endTime="2024-01-09T15:41:44.2163966+01:00" testType="13cdc9d9-ddb5-4fa4-a97d-d965ccfc6d4b" outcome="Passed" testListId="8c84fa94-04c1-424b-9868-57a2d4851a1d" relativeResultsDirectory="e56dde38-e14b-45e9-b472-ed2260894682" />
    <UnitTestResult executionId="5f5fc4e4-19ef-4ec6-9a65-3778fd234cfc" testId="c0bda018-1d62-7dbf-3681-e315be3567e6" testName="GetIdpInfo_GivenNullAddress_ShouldThrow" computerName="DKSR-EFI-06" duration="00:00:00.0172963" startTime="2024-01-09T15:41:36.0913661+01:00" endTime="2024-01-09T15:41:36.1069886+01:00" testType="13cdc9d9-ddb5-4fa4-a97d-d965ccfc6d4b" outcome="Passed" testListId="8c84fa94-04c1-424b-9868-57a2d4851a1d" relativeResultsDirectory="5f5fc4e4-19ef-4ec6-9a65-3778fd234cfc" />
    <UnitTestResult executionId="8d1ad3a4-dab9-45cd-9f7f-59745e81a871" testId="b4652afc-4fcd-2143-f22d-6d9008cbb2c2" testName="CameraDevice_Update_Success" computerName="DKSR-EFI-06" duration="00:00:00.0005030" startTime="2024-01-09T15:41:45.5601572+01:00" endTime="2024-01-09T15:41:45.5601572+01:00" testType="13cdc9d9-ddb5-4fa4-a97d-d965ccfc6d4b" outcome="Passed" testListId="8c84fa94-04c1-424b-9868-57a2d4851a1d" relativeResultsDirectory="8d1ad3a4-dab9-45cd-9f7f-59745e81a871" />
    <UnitTestResult executionId="d4bc460f-ad1b-4b41-84a4-20ab8bda8476" testId="77c25885-f498-e269-7a67-0cba22b75ab1" testName="ManagementServer_CreateReference_Called" computerName="DKSR-EFI-06" duration="00:00:00.0022076" startTime="2024-01-09T15:41:44.7945272+01:00" endTime="2024-01-09T15:41:44.7945272+01:00" testType="13cdc9d9-ddb5-4fa4-a97d-d965ccfc6d4b" outcome="Passed" testListId="8c84fa94-04c1-424b-9868-57a2d4851a1d" relativeResultsDirectory="d4bc460f-ad1b-4b41-84a4-20ab8bda8476" />
    <UnitTestResult executionId="9f3d0286-e84e-4eca-8a39-5fbd7d963643" testId="d30553d3-7866-d34b-040a-85c642571e10" testName="MarkedData_Refresh_Failed_Deleted_On_Server" computerName="DKSR-EFI-06" duration="00:00:00.0011452" startTime="2024-01-09T15:41:44.8570268+01:00" endTime="2024-01-09T15:41:44.8570268+01:00" testType="13cdc9d9-ddb5-4fa4-a97d-d965ccfc6d4b" outcome="Passed" testListId="8c84fa94-04c1-424b-9868-57a2d4851a1d" relativeResultsDirectory="9f3d0286-e84e-4eca-8a39-5fbd7d963643" />
    <UnitTestResult executionId="e1eb5742-b485-44bf-98dc-65d5ece06abd" testId="af08d03d-ec36-120e-ae6b-f661270ea5d2" testName="ServerVersionConstructor_Greater_Success" computerName="DKSR-EFI-06" duration="00:00:00.0003313" startTime="2024-01-09T15:41:33.4507212+01:00" endTime="2024-01-09T15:41:33.4507212+01:00" testType="13cdc9d9-ddb5-4fa4-a97d-d965ccfc6d4b" outcome="Passed" testListId="8c84fa94-04c1-424b-9868-57a2d4851a1d" relativeResultsDirectory="e1eb5742-b485-44bf-98dc-65d5ece06abd" />
    <UnitTestResult executionId="48d4632a-2f8f-49ff-acbf-98073c9a015b" testId="0a125d4c-5bf7-88a7-f84d-9193442e4879" testName="SystemDashboardConfiguration_Create_Success" computerName="DKSR-EFI-06" duration="00:00:00.0002445" startTime="2024-01-09T15:41:46.0914110+01:00" endTime="2024-01-09T15:41:46.0914110+01:00" testType="13cdc9d9-ddb5-4fa4-a97d-d965ccfc6d4b" outcome="Passed" testListId="8c84fa94-04c1-424b-9868-57a2d4851a1d" relativeResultsDirectory="48d4632a-2f8f-49ff-acbf-98073c9a015b" />
    <UnitTestResult executionId="2fada24a-c488-42f8-8c3f-9d0f2c3bde6f" testId="d1627e90-8df2-671c-332a-ec497aadd1e4" testName="Grid_SetRegionXBelowValid_Exception" computerName="DKSR-EFI-06" duration="00:00:00.0010576" startTime="2024-01-09T15:41:44.5913994+01:00" endTime="2024-01-09T15:41:44.5913994+01:00" testType="13cdc9d9-ddb5-4fa4-a97d-d965ccfc6d4b" outcome="Passed" testListId="8c84fa94-04c1-424b-9868-57a2d4851a1d" relativeResultsDirectory="2fada24a-c488-42f8-8c3f-9d0f2c3bde6f" />
    <UnitTestResult executionId="0e63d59a-7623-495e-ac90-b0f31ce91193" testId="37cd8d03-e1c8-ddea-a38c-7816c97e5aa0" testName="ServerVersionConstructor_GreaterOrEqual_Success" computerName="DKSR-EFI-06" duration="00:00:00.0004439" startTime="2024-01-09T15:41:33.4507212+01:00" endTime="2024-01-09T15:41:33.4663450+01:00" testType="13cdc9d9-ddb5-4fa4-a97d-d965ccfc6d4b" outcome="Passed" testListId="8c84fa94-04c1-424b-9868-57a2d4851a1d" relativeResultsDirectory="0e63d59a-7623-495e-ac90-b0f31ce91193" />
    <UnitTestResult executionId="be11fba1-fd50-4f99-be64-b35bd3a8779f" testId="27cd4120-ea1b-2625-e99e-bbb925727055" testName="AxisTunnelServer_Update_Success" computerName="DKSR-EFI-06" duration="00:00:00.0004024" startTime="2024-01-09T15:41:44.1695222+01:00" endTime="2024-01-09T15:41:44.1695222+01:00" testType="13cdc9d9-ddb5-4fa4-a97d-d965ccfc6d4b" outcome="Passed" testListId="8c84fa94-04c1-424b-9868-57a2d4851a1d" relativeResultsDirectory="be11fba1-fd50-4f99-be64-b35bd3a8779f" />
    <UnitTestResult executionId="bd775868-03cd-4662-a75e-b92cf2a2707b" testId="8570fdae-a30e-700e-4461-5f4669654249" testName="RuleSource_Update_Success" computerName="DKSR-EFI-06" duration="00:00:00.0007085" startTime="2024-01-09T15:41:45.9976593+01:00" endTime="2024-01-09T15:41:45.9976593+01:00" testType="13cdc9d9-ddb5-4fa4-a97d-d965ccfc6d4b" outcome="Passed" testListId="8c84fa94-04c1-424b-9868-57a2d4851a1d" relativeResultsDirectory="bd775868-03cd-4662-a75e-b92cf2a2707b" />
    <UnitTestResult executionId="d315b10d-9007-4fa9-8b99-a7fcc2a28180" testId="4adbe814-547b-0771-4a5e-b3225b955797" testName="RecordingStorage_Get_Using_Devices_Failed_Not_Supported" computerName="DKSR-EFI-06" duration="00:00:00.0008409" startTime="2024-01-09T15:41:45.8414083+01:00" endTime="2024-01-09T15:41:45.8414083+01:00" testType="13cdc9d9-ddb5-4fa4-a97d-d965ccfc6d4b" outcome="Passed" testListId="8c84fa94-04c1-424b-9868-57a2d4851a1d" relativeResultsDirectory="d315b10d-9007-4fa9-8b99-a7fcc2a28180" />
    <UnitTestResult executionId="bd98ec54-0671-4dd5-ad4b-0d37c145af5a" testId="3623f466-d4ac-1751-80f5-d2ef70422e3d" testName="ServerConnection_Constructor_Null_Password" computerName="DKSR-EFI-06" duration="00:00:00.0007108" startTime="2024-01-09T15:41:47.5132944+01:00" endTime="2024-01-09T15:41:47.5132944+01:00" testType="13cdc9d9-ddb5-4fa4-a97d-d965ccfc6d4b" outcome="Passed" testListId="8c84fa94-04c1-424b-9868-57a2d4851a1d" relativeResultsDirectory="bd98ec54-0671-4dd5-ad4b-0d37c145af5a" />
    <UnitTestResult executionId="41ea17e2-7690-49d1-85af-9e91d2f9f317" testId="2b58c7ad-d6f1-b833-8ddd-93d42f9b19bc" testName="ServerVersionConstructor_NegativeRevision_Failure" computerName="DKSR-EFI-06" duration="00:00:00.0006263" startTime="2024-01-09T15:41:33.3882222+01:00" endTime="2024-01-09T15:41:33.3882222+01:00" testType="13cdc9d9-ddb5-4fa4-a97d-d965ccfc6d4b" outcome="Passed" testListId="8c84fa94-04c1-424b-9868-57a2d4851a1d" relativeResultsDirectory="41ea17e2-7690-49d1-85af-9e91d2f9f317" />
    <UnitTestResult executionId="64bb2ca6-de8d-4efe-acff-6948e0d17b3b" testId="66f41b99-9bb5-3922-2d4c-8267bfe83112" testName="Monitor_Constructor_DefaultValuesCorrect" computerName="DKSR-EFI-06" duration="00:00:00.0201639" startTime="2024-01-09T15:41:44.9820279+01:00" endTime="2024-01-09T15:41:45.0132759+01:00" testType="13cdc9d9-ddb5-4fa4-a97d-d965ccfc6d4b" outcome="Passed" testListId="8c84fa94-04c1-424b-9868-57a2d4851a1d" relativeResultsDirectory="64bb2ca6-de8d-4efe-acff-6948e0d17b3b" />
    <UnitTestResult executionId="f8c8d630-662c-4a2b-8a42-ab0efe5d4558" testId="ef7ede63-3b8a-d738-a6f5-5406c4c50b46" testName="MonitorPreset_Refresh_Success" computerName="DKSR-EFI-06" duration="00:00:00.0006249" startTime="2024-01-09T15:41:44.9820279+01:00" endTime="2024-01-09T15:41:44.9820279+01:00" testType="13cdc9d9-ddb5-4fa4-a97d-d965ccfc6d4b" outcome="Passed" testListId="8c84fa94-04c1-424b-9868-57a2d4851a1d" relativeResultsDirectory="f8c8d630-662c-4a2b-8a42-ab0efe5d4558" />
    <UnitTestResult executionId="493cd512-e32e-4f44-ad38-b87a529c8f2b" testId="743c4efa-12f6-d52f-0129-8d1b422eba8f" testName="View_Clear_Success" computerName="DKSR-EFI-06" duration="00:00:00.0016229" startTime="2024-01-09T15:41:47.1539163+01:00" endTime="2024-01-09T15:41:47.1539163+01:00" testType="13cdc9d9-ddb5-4fa4-a97d-d965ccfc6d4b" outcome="Passed" testListId="8c84fa94-04c1-424b-9868-57a2d4851a1d" relativeResultsDirectory="493cd512-e32e-4f44-ad38-b87a529c8f2b" />
    <UnitTestResult executionId="74af51e6-08cb-4d01-a441-6db45c357a8d" testId="dd74fdb8-50db-17b8-59ef-fa8a5d70c0e7" testName="GetSiteConnectionResult_GivenHttpAddresses_ShouldReturnFastestSucccess" computerName="DKSR-EFI-06" duration="00:00:01.1523679" startTime="2024-01-09T15:41:34.4194750+01:00" endTime="2024-01-09T15:41:35.5601097+01:00" testType="13cdc9d9-ddb5-4fa4-a97d-d965ccfc6d4b" outcome="Passed" testListId="8c84fa94-04c1-424b-9868-57a2d4851a1d" relativeResultsDirectory="74af51e6-08cb-4d01-a441-6db45c357a8d" />
    <UnitTestResult executionId="40ba2803-a650-4b7e-a796-469fe27afb86" testId="31d2aefd-e947-37df-b8f1-8e0d6dcc3845" testName="TrustedIssuer_RefreshOnUnsupportedVersion_Throws" computerName="DKSR-EFI-06" duration="00:00:00.0010298" startTime="2024-01-09T15:41:46.9976643+01:00" endTime="2024-01-09T15:41:46.9976643+01:00" testType="13cdc9d9-ddb5-4fa4-a97d-d965ccfc6d4b" outcome="Passed" testListId="8c84fa94-04c1-424b-9868-57a2d4851a1d" relativeResultsDirectory="40ba2803-a650-4b7e-a796-469fe27afb86" />
    <UnitTestResult executionId="e9956f15-ac16-466e-81c4-eb32b6d16107" testId="ca92dbbf-1df1-63ef-7a70-b0debe369e3e" testName="TryGetPropertyValue_NullableType_ReturnsCorrectValue" computerName="DKSR-EFI-06" duration="00:00:00.0047570" startTime="2024-01-09T15:41:47.4195430+01:00" endTime="2024-01-09T15:41:47.4195430+01:00" testType="13cdc9d9-ddb5-4fa4-a97d-d965ccfc6d4b" outcome="Passed" testListId="8c84fa94-04c1-424b-9868-57a2d4851a1d" relativeResultsDirectory="e9956f15-ac16-466e-81c4-eb32b6d16107" />
    <UnitTestResult executionId="49a8cdd9-7f43-4964-ba13-d13dcbcda5c7" testId="e72ac251-d925-9985-beec-39c7f2b52b72" testName="GetSiteConnectionResultTokenExchange_VersionBelow233_Throws" computerName="DKSR-EFI-06" duration="00:00:00.0022457" startTime="2024-01-09T15:41:35.6226075+01:00" endTime="2024-01-09T15:41:35.6226075+01:00" testType="13cdc9d9-ddb5-4fa4-a97d-d965ccfc6d4b" outcome="Passed" testListId="8c84fa94-04c1-424b-9868-57a2d4851a1d" relativeResultsDirectory="49a8cdd9-7f43-4964-ba13-d13dcbcda5c7" />
    <UnitTestResult executionId="82d18cc1-d199-4506-9968-3744ccd8590f" testId="41a35dad-985c-ac1c-02d5-c9410322a770" testName="TaskHardwareScan_Create_10_NotSupported" computerName="DKSR-EFI-06" duration="00:00:00.0008866" startTime="2024-01-09T15:41:47.4820427+01:00" endTime="2024-01-09T15:41:47.4820427+01:00" testType="13cdc9d9-ddb5-4fa4-a97d-d965ccfc6d4b" outcome="Passed" testListId="8c84fa94-04c1-424b-9868-57a2d4851a1d" relativeResultsDirectory="82d18cc1-d199-4506-9968-3744ccd8590f" />
    <UnitTestResult executionId="e794e3bc-d9b8-4ede-b212-af70ddf8cc1f" testId="04bf2fb8-7598-994c-b5b5-2f5e87f4a0b4" testName="ManagementServer_CreateReference_ArgumentException_DeviceNotCreated" computerName="DKSR-EFI-06" duration="00:00:00.0021751" startTime="2024-01-09T15:41:44.7945272+01:00" endTime="2024-01-09T15:41:44.7945272+01:00" testType="13cdc9d9-ddb5-4fa4-a97d-d965ccfc6d4b" outcome="Passed" testListId="8c84fa94-04c1-424b-9868-57a2d4851a1d" relativeResultsDirectory="e794e3bc-d9b8-4ede-b212-af70ddf8cc1f" />
    <UnitTestResult executionId="4a685fd9-361b-4860-b163-3b02902918f6" testId="780f1c78-3334-7d95-b52a-8b53ce1e56a1" testName="PatrollingProfile_Load_Numbered_Schema_Test" computerName="DKSR-EFI-06" duration="00:00:00.0007055" startTime="2024-01-09T15:41:45.4195329+01:00" endTime="2024-01-09T15:41:45.4351555+01:00" testType="13cdc9d9-ddb5-4fa4-a97d-d965ccfc6d4b" outcome="Passed" testListId="8c84fa94-04c1-424b-9868-57a2d4851a1d" relativeResultsDirectory="4a685fd9-361b-4860-b163-3b02902918f6" />
    <UnitTestResult executionId="840ca95b-6abf-41dd-affd-209dc71007d0" testId="fbdae986-4ae4-5444-a733-69376521dbb0" testName="ServerVersionConstructor_CompareToLeft_Success" computerName="DKSR-EFI-06" duration="00:00:00.0002152" startTime="2024-01-09T15:41:33.4194704+01:00" endTime="2024-01-09T15:41:33.4194704+01:00" testType="13cdc9d9-ddb5-4fa4-a97d-d965ccfc6d4b" outcome="Passed" testListId="8c84fa94-04c1-424b-9868-57a2d4851a1d" relativeResultsDirectory="840ca95b-6abf-41dd-affd-209dc71007d0" />
    <UnitTestResult executionId="309a73f2-489f-4452-8575-e088cb2304b6" testId="e03a47bb-30de-67b9-989a-670956feb5c4" testName="Hardware_ReadPassword_Before_v101_NotSupported" computerName="DKSR-EFI-06" duration="00:00:00.0008597" startTime="2024-01-09T15:41:45.6851579+01:00" endTime="2024-01-09T15:41:45.6851579+01:00" testType="13cdc9d9-ddb5-4fa4-a97d-d965ccfc6d4b" outcome="Passed" testListId="8c84fa94-04c1-424b-9868-57a2d4851a1d" relativeResultsDirectory="309a73f2-489f-4452-8575-e088cb2304b6" />
    <UnitTestResult executionId="78b3c05d-ca45-4e40-80ae-11a66783382b" testId="4e34a0c7-e0a8-2828-4378-635974a2dcbc" testName="PatrollingProfile_RemoveStepAt" computerName="DKSR-EFI-06" duration="00:00:00.0013756" startTime="2024-01-09T15:41:45.4039057+01:00" endTime="2024-01-09T15:41:45.4039057+01:00" testType="13cdc9d9-ddb5-4fa4-a97d-d965ccfc6d4b" outcome="Passed" testListId="8c84fa94-04c1-424b-9868-57a2d4851a1d" relativeResultsDirectory="78b3c05d-ca45-4e40-80ae-11a66783382b" />
    <UnitTestResult executionId="be54cd0f-029a-443c-8b38-f32d729d9e69" testId="65725e40-3717-e9de-609c-7f4189d0ecf1" testName="CalendarTimeProfile_Create_CustomId_Success_Constructor" computerName="DKSR-EFI-06" duration="00:00:00.0007296" startTime="2024-01-09T15:41:46.8570397+01:00" endTime="2024-01-09T15:41:46.8570397+01:00" testType="13cdc9d9-ddb5-4fa4-a97d-d965ccfc6d4b" outcome="Passed" testListId="8c84fa94-04c1-424b-9868-57a2d4851a1d" relativeResultsDirectory="be54cd0f-029a-443c-8b38-f32d729d9e69" />
    <UnitTestResult executionId="78332566-2f81-4870-9cfa-5bf258d08f45" testId="1feeeda9-0aa0-2e35-e610-29bad728254c" testName="CameraDevice_RequestEdgeStorageRetrieval_Fail_Not_Created" computerName="DKSR-EFI-06" duration="00:00:00.0008605" startTime="2024-01-09T15:41:45.6070318+01:00" endTime="2024-01-09T15:41:45.6070318+01:00" testType="13cdc9d9-ddb5-4fa4-a97d-d965ccfc6d4b" outcome="Passed" testListId="8c84fa94-04c1-424b-9868-57a2d4851a1d" relativeResultsDirectory="78332566-2f81-4870-9cfa-5bf258d08f45" />
    <UnitTestResult executionId="9183adc3-3153-4fe8-afeb-be989d74be75" testId="6a4ec7d9-a5ab-e6de-fe9f-73f7c5d8809b" testName="FailoverServer_Delete_Success" computerName="DKSR-EFI-06" duration="00:00:00.0006141" startTime="2024-01-09T15:41:44.5132742+01:00" endTime="2024-01-09T15:41:44.5289001+01:00" testType="13cdc9d9-ddb5-4fa4-a97d-d965ccfc6d4b" outcome="Passed" testListId="8c84fa94-04c1-424b-9868-57a2d4851a1d" relativeResultsDirectory="9183adc3-3153-4fe8-afeb-be989d74be75" />
    <UnitTestResult executionId="0ed1e26d-62e1-4f50-8fe3-2e63dc0a09e0" testId="5e64e319-d992-561d-8412-0461abee9d0b" testName="Hardware_Repository_Registered" computerName="DKSR-EFI-06" duration="00:00:00.0003240" startTime="2024-01-09T15:41:45.6695307+01:00" endTime="2024-01-09T15:41:45.6695307+01:00" testType="13cdc9d9-ddb5-4fa4-a97d-d965ccfc6d4b" outcome="Passed" testListId="8c84fa94-04c1-424b-9868-57a2d4851a1d" relativeResultsDirectory="0ed1e26d-62e1-4f50-8fe3-2e63dc0a09e0" />
    <UnitTestResult executionId="94e589f3-33bc-4b7b-b9d9-99d5380aa9db" testId="35b84984-78cf-6bdf-2214-b04c09db7bfa" testName="ExceptionConverter_GetConnectionConvertedException_ServerTooBusyException" computerName="DKSR-EFI-06" duration="00:00:00.0003183" startTime="2024-01-09T15:41:47.3257913+01:00" endTime="2024-01-09T15:41:47.3257913+01:00" testType="13cdc9d9-ddb5-4fa4-a97d-d965ccfc6d4b" outcome="Passed" testListId="8c84fa94-04c1-424b-9868-57a2d4851a1d" relativeResultsDirectory="94e589f3-33bc-4b7b-b9d9-99d5380aa9db" />
    <UnitTestResult executionId="67ef679f-3c4b-4617-bfd8-07dfe6e00fe4" testId="9b3efce4-69d6-977f-0853-0434039b24ee" testName="Add_DuplicateItem_ShouldPreventAddingDuplicateItem" computerName="DKSR-EFI-06" duration="00:00:00.0028475" startTime="2024-01-09T15:41:43.4507637+01:00" endTime="2024-01-09T15:41:43.4507637+01:00" testType="13cdc9d9-ddb5-4fa4-a97d-d965ccfc6d4b" outcome="Passed" testListId="8c84fa94-04c1-424b-9868-57a2d4851a1d" relativeResultsDirectory="67ef679f-3c4b-4617-bfd8-07dfe6e00fe4" />
    <UnitTestResult executionId="cf1383f2-6a85-43a5-af5f-601875a7ffee" testId="b9612d27-d96d-4885-bd23-09fc7118f418" testName="GenericRepositoryTestRefreshObject" computerName="DKSR-EFI-06" duration="00:00:00.0014118" startTime="2024-01-09T15:41:47.2164181+01:00" endTime="2024-01-09T15:41:47.2164181+01:00" testType="13cdc9d9-ddb5-4fa4-a97d-d965ccfc6d4b" outcome="Passed" testListId="8c84fa94-04c1-424b-9868-57a2d4851a1d" relativeResultsDirectory="cf1383f2-6a85-43a5-af5f-601875a7ffee" />
    <UnitTestResult executionId="b0362d45-31b1-4c3b-8240-e3d59b9541c7" testId="8434aa07-b153-cfc3-0803-deaef20fe631" testName="GenericRepositoryTestRefreshObjectNoResultFromServer" computerName="DKSR-EFI-06" duration="00:00:00.0013040" startTime="2024-01-09T15:41:47.2164181+01:00" endTime="2024-01-09T15:41:47.2164181+01:00" testType="13cdc9d9-ddb5-4fa4-a97d-d965ccfc6d4b" outcome="Passed" testListId="8c84fa94-04c1-424b-9868-57a2d4851a1d" relativeResultsDirectory="b0362d45-31b1-4c3b-8240-e3d59b9541c7" />
    <UnitTestResult executionId="b3ee3b83-c5d1-4090-b0d6-46a533d598cc" testId="520513bf-cd52-b18c-44b8-4cbd75cbbbf4" testName="PerformanceStateRuleConfiguration_Update_Success" computerName="DKSR-EFI-06" duration="00:00:00.0004343" startTime="2024-01-09T15:41:45.4507806+01:00" endTime="2024-01-09T15:41:45.4507806+01:00" testType="13cdc9d9-ddb5-4fa4-a97d-d965ccfc6d4b" outcome="Passed" testListId="8c84fa94-04c1-424b-9868-57a2d4851a1d" relativeResultsDirectory="b3ee3b83-c5d1-4090-b0d6-46a533d598cc" />
    <UnitTestResult executionId="b6a46f3c-2bb8-4532-9799-8eba732c7286" testId="825874b1-d7aa-3f36-6cf4-311e96f43c2f" testName="GetHighPriorityError_GivenForbiddenException_ReturnsForbiddenException" computerName="DKSR-EFI-06" duration="00:00:00.0196129" startTime="2024-01-09T15:41:33.9975963+01:00" endTime="2024-01-09T15:41:34.0132219+01:00" testType="13cdc9d9-ddb5-4fa4-a97d-d965ccfc6d4b" outcome="Passed" testListId="8c84fa94-04c1-424b-9868-57a2d4851a1d" relativeResultsDirectory="b6a46f3c-2bb8-4532-9799-8eba732c7286" />
    <UnitTestResult executionId="f70bf414-4f80-4d86-a17b-2db503288de5" testId="3b57340c-2aad-3c76-3047-e04f27bcda97" testName="ServerVersionConstructor_LongString_Failure" computerName="DKSR-EFI-06" duration="00:00:00.0010712" startTime="2024-01-09T15:41:33.3569696+01:00" endTime="2024-01-09T15:41:33.3569696+01:00" testType="13cdc9d9-ddb5-4fa4-a97d-d965ccfc6d4b" outcome="Passed" testListId="8c84fa94-04c1-424b-9868-57a2d4851a1d" relativeResultsDirectory="f70bf414-4f80-4d86-a17b-2db503288de5" />
    <UnitTestResult executionId="0592a95f-384d-4da0-9f01-86d1aa39a476" testId="be4db557-6c72-5208-cef7-e179c3349be6" testName="SunClockTimeProfile_Create_CheckVersionNotCalled" computerName="DKSR-EFI-06" duration="00:00:00.0002792" startTime="2024-01-09T15:41:46.9351640+01:00" endTime="2024-01-09T15:41:46.9351640+01:00" testType="13cdc9d9-ddb5-4fa4-a97d-d965ccfc6d4b" outcome="Passed" testListId="8c84fa94-04c1-424b-9868-57a2d4851a1d" relativeResultsDirectory="0592a95f-384d-4da0-9f01-86d1aa39a476" />
    <UnitTestResult executionId="270114fb-b040-4393-97db-33871b161d83" testId="cf1d76bd-7090-076c-6692-f1dc7942f270" testName="AxisOneClickCamera_Create_Success" computerName="DKSR-EFI-06" duration="00:00:00.0021161" startTime="2024-01-09T15:41:44.1382699+01:00" endTime="2024-01-09T15:41:44.1382699+01:00" testType="13cdc9d9-ddb5-4fa4-a97d-d965ccfc6d4b" outcome="Passed" testListId="8c84fa94-04c1-424b-9868-57a2d4851a1d" relativeResultsDirectory="270114fb-b040-4393-97db-33871b161d83" />
    <UnitTestResult executionId="7dea054e-8900-4a22-aa0d-414ca465a6a1" testId="b9900db2-cbc2-5c6d-13e9-f7f0df19cf48" testName="BasicUser_Change_Password_Check_Null_Password" computerName="DKSR-EFI-06" duration="00:00:00.0008903" startTime="2024-01-09T15:41:44.3101479+01:00" endTime="2024-01-09T15:41:44.3101479+01:00" testType="13cdc9d9-ddb5-4fa4-a97d-d965ccfc6d4b" outcome="Passed" testListId="8c84fa94-04c1-424b-9868-57a2d4851a1d" relativeResultsDirectory="7dea054e-8900-4a22-aa0d-414ca465a6a1" />
    <UnitTestResult executionId="4e498922-bdf2-400d-848a-17e718ad696e" testId="562c91ce-558a-6235-594f-9dd29fb2762c" testName="SpeakerDevice_Repository_Registered" computerName="DKSR-EFI-06" duration="00:00:00.0010398" startTime="2024-01-09T15:41:45.6382829+01:00" endTime="2024-01-09T15:41:45.6382829+01:00" testType="13cdc9d9-ddb5-4fa4-a97d-d965ccfc6d4b" outcome="Passed" testListId="8c84fa94-04c1-424b-9868-57a2d4851a1d" relativeResultsDirectory="4e498922-bdf2-400d-848a-17e718ad696e" />
    <UnitTestResult executionId="6fe8f720-af3d-45f1-93f3-8db71b141b80" testId="4dc71277-993b-f2e8-9fe2-1d9087352aa3" testName="RetentionOptionRoleRelation_Constructor_Property_Null_Check" computerName="DKSR-EFI-06" duration="00:00:00.0006812" startTime="2024-01-09T15:41:45.8570344+01:00" endTime="2024-01-09T15:41:45.8570344+01:00" testType="13cdc9d9-ddb5-4fa4-a97d-d965ccfc6d4b" outcome="Passed" testListId="8c84fa94-04c1-424b-9868-57a2d4851a1d" relativeResultsDirectory="6fe8f720-af3d-45f1-93f3-8db71b141b80" />
    <UnitTestResult executionId="e8a0ee81-c324-450b-ac3d-e46af74c6456" testId="e59d293c-5af8-002c-e55c-1398367fa479" testName="ArchiveStorage_Get_Storage_Information_Failed_Not_Created" computerName="DKSR-EFI-06" duration="00:00:00.0012888" startTime="2024-01-09T15:41:44.0445216+01:00" endTime="2024-01-09T15:41:44.0601454+01:00" testType="13cdc9d9-ddb5-4fa4-a97d-d965ccfc6d4b" outcome="Passed" testListId="8c84fa94-04c1-424b-9868-57a2d4851a1d" relativeResultsDirectory="e8a0ee81-c324-450b-ac3d-e46af74c6456" />
    <UnitTestResult executionId="1597ae7a-1e74-4dfe-b71f-a7d929500c56" testId="b76fa9ce-3932-58b8-1089-79062413d8f0" testName="RuleSource_Create_Success" computerName="DKSR-EFI-06" duration="00:00:00.0002630" startTime="2024-01-09T15:41:45.9976593+01:00" endTime="2024-01-09T15:41:45.9976593+01:00" testType="13cdc9d9-ddb5-4fa4-a97d-d965ccfc6d4b" outcome="Passed" testListId="8c84fa94-04c1-424b-9868-57a2d4851a1d" relativeResultsDirectory="1597ae7a-1e74-4dfe-b71f-a7d929500c56" />
    <UnitTestResult executionId="771ead3f-e6fa-4427-b220-6b4aac8e0007" testId="bb873d99-d2ac-ba90-f328-04a24d707bcd" testName="Construct_InvalidParam_ClientId_Null_Throws_ArgumentNullException" computerName="DKSR-EFI-06" duration="00:00:00.0009013" startTime="2024-01-09T15:41:47.9664205+01:00" endTime="2024-01-09T15:41:47.9664205+01:00" testType="13cdc9d9-ddb5-4fa4-a97d-d965ccfc6d4b" outcome="Passed" testListId="8c84fa94-04c1-424b-9868-57a2d4851a1d" relativeResultsDirectory="771ead3f-e6fa-4427-b220-6b4aac8e0007" />
    <UnitTestResult executionId="680f7adb-5ef4-4ad7-82d7-9ff7d6d22cb2" testId="58683d2f-19fa-251e-90dc-e7c7a4170567" testName="Hardware_Update_Before_v70_NotSupported" computerName="DKSR-EFI-06" duration="00:00:00.0006116" startTime="2024-01-09T15:41:45.6695307+01:00" endTime="2024-01-09T15:41:45.6695307+01:00" testType="13cdc9d9-ddb5-4fa4-a97d-d965ccfc6d4b" outcome="Passed" testListId="8c84fa94-04c1-424b-9868-57a2d4851a1d" relativeResultsDirectory="680f7adb-5ef4-4ad7-82d7-9ff7d6d22cb2" />
    <UnitTestResult executionId="24f8dc47-1c58-4882-ad99-6c2f21627363" testId="bca36cb2-2744-9a6e-ec74-38d95204b268" testName="PatrollingProfile_MoveStepUp" computerName="DKSR-EFI-06" duration="00:00:00.0013845" startTime="2024-01-09T15:41:45.4039057+01:00" endTime="2024-01-09T15:41:45.4039057+01:00" testType="13cdc9d9-ddb5-4fa4-a97d-d965ccfc6d4b" outcome="Passed" testListId="8c84fa94-04c1-424b-9868-57a2d4851a1d" relativeResultsDirectory="24f8dc47-1c58-4882-ad99-6c2f21627363" />
    <UnitTestResult executionId="a87e8e26-9a41-482d-831b-86e4cf561b5d" testId="f419f841-c256-af4c-f845-5eea6a82f98f" testName="MIPAction_Update_Success" computerName="DKSR-EFI-06" duration="00:00:00.0004856" startTime="2024-01-09T15:41:44.8882771+01:00" endTime="2024-01-09T15:41:44.8882771+01:00" testType="13cdc9d9-ddb5-4fa4-a97d-d965ccfc6d4b" outcome="Passed" testListId="8c84fa94-04c1-424b-9868-57a2d4851a1d" relativeResultsDirectory="a87e8e26-9a41-482d-831b-86e4cf561b5d" />
    <UnitTestResult executionId="438bf05f-955d-428a-9623-013779e18bfe" testId="feb61cc2-d8a7-1010-6b57-b4f5136be797" testName="PerformanceStateRuleConfiguration_Refresh_CheckVersionCalled" computerName="DKSR-EFI-06" duration="00:00:00.0003400" startTime="2024-01-09T15:41:45.4664075+01:00" endTime="2024-01-09T15:41:45.4664075+01:00" testType="13cdc9d9-ddb5-4fa4-a97d-d965ccfc6d4b" outcome="Passed" testListId="8c84fa94-04c1-424b-9868-57a2d4851a1d" relativeResultsDirectory="438bf05f-955d-428a-9623-013779e18bfe" />
    <UnitTestResult executionId="76129f66-a593-4bb4-8afe-2f90463ffcf9" testId="99040f86-22f7-5e2f-b0c0-fc6c603f2df3" testName="TryConnectLegacy_GivenUnexpectedServerId_ShouldDisconnectDisposeAllAndReturnNull" computerName="DKSR-EFI-06" duration="00:00:00.0091617" startTime="2024-01-09T15:41:43.8413938+01:00" endTime="2024-01-09T15:41:43.8570187+01:00" testType="13cdc9d9-ddb5-4fa4-a97d-d965ccfc6d4b" outcome="Passed" testListId="8c84fa94-04c1-424b-9868-57a2d4851a1d" relativeResultsDirectory="76129f66-a593-4bb4-8afe-2f90463ffcf9" />
    <UnitTestResult executionId="6bdbabac-73e9-4be5-b188-ec8f5340782c" testId="96eb4e0c-1d26-4061-6cc8-97843949af2c" testName="Construct_Credentials_AllowUnsecure_ForceLegacy_Success" computerName="DKSR-EFI-06" duration="00:00:00.0005990" startTime="2024-01-09T15:41:47.9351699+01:00" endTime="2024-01-09T15:41:47.9351699+01:00" testType="13cdc9d9-ddb5-4fa4-a97d-d965ccfc6d4b" outcome="Passed" testListId="8c84fa94-04c1-424b-9868-57a2d4851a1d" relativeResultsDirectory="6bdbabac-73e9-4be5-b188-ec8f5340782c" />
    <UnitTestResult executionId="367898ca-4753-4e03-9f76-3ae93048194d" testId="a4263f00-cdbf-b301-109b-a87ad30f69f1" testName="ProxyClientServiceBase_CallWithRetry_NoRetry_UnknownException" computerName="DKSR-EFI-06" duration="00:00:00.0005726" startTime="2024-01-09T15:41:47.4039161+01:00" endTime="2024-01-09T15:41:47.4195430+01:00" testType="13cdc9d9-ddb5-4fa4-a97d-d965ccfc6d4b" outcome="Passed" testListId="8c84fa94-04c1-424b-9868-57a2d4851a1d" relativeResultsDirectory="367898ca-4753-4e03-9f76-3ae93048194d" />
    <UnitTestResult executionId="c0f364cd-5e47-4d1e-8427-7f2b0372d8b9" testId="55fa85c5-d123-5ca6-f67f-cf7f03326489" testName="ServerVersionConstructor_NegativeMinor_Failure" computerName="DKSR-EFI-06" duration="00:00:00.0007189" startTime="2024-01-09T15:41:33.3725945+01:00" endTime="2024-01-09T15:41:33.3882222+01:00" testType="13cdc9d9-ddb5-4fa4-a97d-d965ccfc6d4b" outcome="Passed" testListId="8c84fa94-04c1-424b-9868-57a2d4851a1d" relativeResultsDirectory="c0f364cd-5e47-4d1e-8427-7f2b0372d8b9" />
    <UnitTestResult executionId="a0c73d31-95c8-42cd-b6db-45318b659cdf" testId="58be467a-6654-0e35-1e10-a4374a8d6062" testName="FailoverServer_Constructor_RecordingServerServiceId_Null_Check" computerName="DKSR-EFI-06" duration="00:00:00.0008943" startTime="2024-01-09T15:41:44.4976484+01:00" endTime="2024-01-09T15:41:44.4976484+01:00" testType="13cdc9d9-ddb5-4fa4-a97d-d965ccfc6d4b" outcome="Passed" testListId="8c84fa94-04c1-424b-9868-57a2d4851a1d" relativeResultsDirectory="a0c73d31-95c8-42cd-b6db-45318b659cdf" />
    <UnitTestResult executionId="89b58e2d-6408-426a-a2a5-f07c58284b9d" testId="e18621e8-da82-d8f4-e7c7-a10340d5d9a4" testName="PluginEvent_Repository_Registered" computerName="DKSR-EFI-06" duration="00:00:00.0003615" startTime="2024-01-09T15:41:45.4976571+01:00" endTime="2024-01-09T15:41:45.4976571+01:00" testType="13cdc9d9-ddb5-4fa4-a97d-d965ccfc6d4b" outcome="Passed" testListId="8c84fa94-04c1-424b-9868-57a2d4851a1d" relativeResultsDirectory="89b58e2d-6408-426a-a2a5-f07c58284b9d" />
    <UnitTestResult executionId="81a4c8a1-4c6c-48d2-99c0-3d1c0cc389d5" testId="6ccb17ad-4b69-52f4-3d64-f02851102017" testName="AxisTunnelServer_Delete_Success" computerName="DKSR-EFI-06" duration="00:00:00.0004230" startTime="2024-01-09T15:41:44.1695222+01:00" endTime="2024-01-09T15:41:44.1695222+01:00" testType="13cdc9d9-ddb5-4fa4-a97d-d965ccfc6d4b" outcome="Passed" testListId="8c84fa94-04c1-424b-9868-57a2d4851a1d" relativeResultsDirectory="81a4c8a1-4c6c-48d2-99c0-3d1c0cc389d5" />
    <UnitTestResult executionId="29a768ad-e39f-4f35-a9af-e037cfe26eec" testId="bef83212-6bad-8152-ef96-0154e1cac447" testName="TrustedIssuer_Create_Success" computerName="DKSR-EFI-06" duration="00:00:00.0005326" startTime="2024-01-09T15:41:46.9664144+01:00" endTime="2024-01-09T15:41:46.9664144+01:00" testType="13cdc9d9-ddb5-4fa4-a97d-d965ccfc6d4b" outcome="Passed" testListId="8c84fa94-04c1-424b-9868-57a2d4851a1d" relativeResultsDirectory="29a768ad-e39f-4f35-a9af-e037cfe26eec" />
    <UnitTestResult executionId="dff7a98c-b6ba-4eca-8dee-b2f8f91094f7" testId="ee46a3e8-e849-987e-2550-c7c3c8bdca18" testName="Master_UpdateCustomProperties_NotCreated_InvalidOperationException" computerName="DKSR-EFI-06" duration="00:00:00.0006584" startTime="2024-01-09T15:41:46.0601584+01:00" endTime="2024-01-09T15:41:46.0601584+01:00" testType="13cdc9d9-ddb5-4fa4-a97d-d965ccfc6d4b" outcome="Passed" testListId="8c84fa94-04c1-424b-9868-57a2d4851a1d" relativeResultsDirectory="dff7a98c-b6ba-4eca-8dee-b2f8f91094f7" />
    <UnitTestResult executionId="219cfbbb-b231-4777-bc9f-830d91847df1" testId="c01094ff-8b8e-79ac-7234-50131d524627" testName="InputDeviceGroup_Refresh_Failed" computerName="DKSR-EFI-06" duration="00:00:00.0010572" startTime="2024-01-09T15:41:44.3726490+01:00" endTime="2024-01-09T15:41:44.3882714+01:00" testType="13cdc9d9-ddb5-4fa4-a97d-d965ccfc6d4b" outcome="Passed" testListId="8c84fa94-04c1-424b-9868-57a2d4851a1d" relativeResultsDirectory="219cfbbb-b231-4777-bc9f-830d91847df1" />
    <UnitTestResult executionId="8912caee-10fc-45a3-9c1c-7938e5efd5d1" testId="eb7abcdf-4edc-43d5-2925-69a90945f9a5" testName="RecordingStorage_Create_Success_Constructor" computerName="DKSR-EFI-06" duration="00:00:00.0006447" startTime="2024-01-09T15:41:45.7476593+01:00" endTime="2024-01-09T15:41:45.7476593+01:00" testType="13cdc9d9-ddb5-4fa4-a97d-d965ccfc6d4b" outcome="Passed" testListId="8c84fa94-04c1-424b-9868-57a2d4851a1d" relativeResultsDirectory="8912caee-10fc-45a3-9c1c-7938e5efd5d1" />
    <UnitTestResult executionId="a4f8818b-eece-42b6-af17-0eff2a9792d9" testId="ad0762eb-2871-a25a-9561-8a26158a456a" testName="VideoWallPreset_Refresh_Success" computerName="DKSR-EFI-06" duration="00:00:00.0004236" startTime="2024-01-09T15:41:47.0445399+01:00" endTime="2024-01-09T15:41:47.0445399+01:00" testType="13cdc9d9-ddb5-4fa4-a97d-d965ccfc6d4b" outcome="Passed" testListId="8c84fa94-04c1-424b-9868-57a2d4851a1d" relativeResultsDirectory="a4f8818b-eece-42b6-af17-0eff2a9792d9" />
    <UnitTestResult executionId="8213d607-f503-416d-98a0-1e053426b0b3" testId="b63b0257-57f4-c0a1-7d73-1ecf4d6aae48" testName="TaskDeleteArchiveStorage_Refresh_Success" computerName="DKSR-EFI-06" duration="00:00:00.0013701" startTime="2024-01-09T15:41:46.7164130+01:00" endTime="2024-01-09T15:41:46.7164130+01:00" testType="13cdc9d9-ddb5-4fa4-a97d-d965ccfc6d4b" outcome="Passed" testListId="8c84fa94-04c1-424b-9868-57a2d4851a1d" relativeResultsDirectory="8213d607-f503-416d-98a0-1e053426b0b3" />
    <UnitTestResult executionId="53e24131-08d0-47db-b93b-45f67aad8224" testId="af500a3c-0d31-8f0c-a63f-7fc02c720397" testName="ErrorResultInstance_ThrowsIfNotFailed" computerName="DKSR-EFI-06" duration="00:00:00.0024460" startTime="2024-01-09T15:41:46.2946788+01:00" endTime="2024-01-09T15:41:46.2946788+01:00" testType="13cdc9d9-ddb5-4fa4-a97d-d965ccfc6d4b" outcome="Passed" testListId="8c84fa94-04c1-424b-9868-57a2d4851a1d" relativeResultsDirectory="53e24131-08d0-47db-b93b-45f67aad8224" />
    <UnitTestResult executionId="51cc527a-f860-4251-908d-d6bc51cf12c2" testId="dba05cc8-439b-0f64-7bd1-fd8fe74dca4b" testName="RuleSource_IsCreated_Success" computerName="DKSR-EFI-06" duration="00:00:00.0002572" startTime="2024-01-09T15:41:46.0289085+01:00" endTime="2024-01-09T15:41:46.0289085+01:00" testType="13cdc9d9-ddb5-4fa4-a97d-d965ccfc6d4b" outcome="Passed" testListId="8c84fa94-04c1-424b-9868-57a2d4851a1d" relativeResultsDirectory="51cc527a-f860-4251-908d-d6bc51cf12c2" />
    <UnitTestResult executionId="e94bb6cf-62d3-461f-941f-9de8a1246b47" testId="d9079d90-2920-f566-8909-0fb0a7a3a358" testName="ServerVersionConstructor_String_Success" computerName="DKSR-EFI-06" duration="00:00:00.0111982" startTime="2024-01-09T15:41:32.6225905+01:00" endTime="2024-01-09T15:41:33.2475938+01:00" testType="13cdc9d9-ddb5-4fa4-a97d-d965ccfc6d4b" outcome="Passed" testListId="8c84fa94-04c1-424b-9868-57a2d4851a1d" relativeResultsDirectory="e94bb6cf-62d3-461f-941f-9de8a1246b47" />
    <UnitTestResult executionId="c93e39d4-637b-46fd-a4c7-288b5d07abac" testId="721a22df-dcb2-fd19-7a7f-fbe5b1222744" testName="Management_Update_Success" computerName="DKSR-EFI-06" duration="00:00:00.0011298" startTime="2024-01-09T15:41:44.6538993+01:00" endTime="2024-01-09T15:41:44.6538993+01:00" testType="13cdc9d9-ddb5-4fa4-a97d-d965ccfc6d4b" outcome="Passed" testListId="8c84fa94-04c1-424b-9868-57a2d4851a1d" relativeResultsDirectory="c93e39d4-637b-46fd-a4c7-288b5d07abac" />
    <UnitTestResult executionId="91901233-0a3a-4654-a1a2-c20dc9cd1aa8" testId="21d4548a-83b7-bb31-7152-3926e45192a1" testName="Grid_ClearRegion_Success" computerName="DKSR-EFI-06" duration="00:00:00.0012877" startTime="2024-01-09T15:41:44.5601488+01:00" endTime="2024-01-09T15:41:44.5601488+01:00" testType="13cdc9d9-ddb5-4fa4-a97d-d965ccfc6d4b" outcome="Passed" testListId="8c84fa94-04c1-424b-9868-57a2d4851a1d" relativeResultsDirectory="91901233-0a3a-4654-a1a2-c20dc9cd1aa8" />
    <UnitTestResult executionId="77b616a9-17a6-447e-a03a-73a750abf77a" testId="8c655826-7bfe-6611-a31b-c1c71d90f459" testName="TaskDeleteIdpUser_StartNew_Success" computerName="DKSR-EFI-06" duration="00:00:00.0009118" startTime="2024-01-09T15:41:46.7476627+01:00" endTime="2024-01-09T15:41:46.7476627+01:00" testType="13cdc9d9-ddb5-4fa4-a97d-d965ccfc6d4b" outcome="Passed" testListId="8c84fa94-04c1-424b-9868-57a2d4851a1d" relativeResultsDirectory="77b616a9-17a6-447e-a03a-73a750abf77a" />
    <UnitTestResult executionId="8379e28f-3798-41bb-ab40-187303b73662" testId="1ecd105e-2dcb-d94c-5f8d-c4ecd1569d10" testName="BasicUser_Refresh_Success" computerName="DKSR-EFI-06" duration="00:00:00.0003837" startTime="2024-01-09T15:41:44.2805199+01:00" endTime="2024-01-09T15:41:44.2805199+01:00" testType="13cdc9d9-ddb5-4fa4-a97d-d965ccfc6d4b" outcome="Passed" testListId="8c84fa94-04c1-424b-9868-57a2d4851a1d" relativeResultsDirectory="8379e28f-3798-41bb-ab40-187303b73662" />
    <UnitTestResult executionId="f426b33c-45f1-4f1a-b1cd-bf3d0a8a9202" testId="a05996ef-7279-5ce2-e8f8-194e08545129" testName="ProxyClientServiceBase_CallWithRetry_Retry_MessageSecurityException" computerName="DKSR-EFI-06" duration="00:00:00.0004110" startTime="2024-01-09T15:41:47.4039161+01:00" endTime="2024-01-09T15:41:47.4039161+01:00" testType="13cdc9d9-ddb5-4fa4-a97d-d965ccfc6d4b" outcome="Passed" testListId="8c84fa94-04c1-424b-9868-57a2d4851a1d" relativeResultsDirectory="f426b33c-45f1-4f1a-b1cd-bf3d0a8a9202" />
    <UnitTestResult executionId="9feac08e-c9cd-4dff-9df0-569b385d629b" testId="4d978fde-d2e4-7575-3eed-9dc58ed9998c" testName="ViewItem_Update_Success" computerName="DKSR-EFI-06" duration="00:00:00.0018560" startTime="2024-01-09T15:41:47.0914156+01:00" endTime="2024-01-09T15:41:47.1070429+01:00" testType="13cdc9d9-ddb5-4fa4-a97d-d965ccfc6d4b" outcome="Passed" testListId="8c84fa94-04c1-424b-9868-57a2d4851a1d" relativeResultsDirectory="9feac08e-c9cd-4dff-9df0-569b385d629b" />
    <UnitTestResult executionId="350fb568-5d1d-4ddd-80c5-573ed127c002" testId="ce931e4e-388d-7d52-650e-1dc96ba7f0f6" testName="TrustedIssuer_Refresh_Success" computerName="DKSR-EFI-06" duration="00:00:00.0004028" startTime="2024-01-09T15:41:46.9664144+01:00" endTime="2024-01-09T15:41:46.9664144+01:00" testType="13cdc9d9-ddb5-4fa4-a97d-d965ccfc6d4b" outcome="Passed" testListId="8c84fa94-04c1-424b-9868-57a2d4851a1d" relativeResultsDirectory="350fb568-5d1d-4ddd-80c5-573ed127c002" />
    <UnitTestResult executionId="7b81de74-7107-4ba4-b2b8-aa06bb82960c" testId="306ed4e8-4ab8-4787-b5e2-af3193c255e6" testName="SunClockTimeProfile_CustomProperties_CheckForVersion_6_1_and_throws" computerName="DKSR-EFI-06" duration="00:00:00.0009305" startTime="2024-01-09T15:41:46.9507899+01:00" endTime="2024-01-09T15:41:46.9507899+01:00" testType="13cdc9d9-ddb5-4fa4-a97d-d965ccfc6d4b" outcome="Passed" testListId="8c84fa94-04c1-424b-9868-57a2d4851a1d" relativeResultsDirectory="7b81de74-7107-4ba4-b2b8-aa06bb82960c" />
    <UnitTestResult executionId="1cb331db-ee47-4f78-bda2-551d59b5b684" testId="169c0340-68cf-7e65-35ef-4e909c9252f9" testName="GetHighPriorityError_GivenIdpOfflineExceptionForLegacySite_DoesNotReturnIdpOfflineException" computerName="DKSR-EFI-06" duration="00:00:00.0089712" startTime="2024-01-09T15:41:34.0288477+01:00" endTime="2024-01-09T15:41:34.0444748+01:00" testType="13cdc9d9-ddb5-4fa4-a97d-d965ccfc6d4b" outcome="Passed" testListId="8c84fa94-04c1-424b-9868-57a2d4851a1d" relativeResultsDirectory="1cb331db-ee47-4f78-bda2-551d59b5b684" />
    <UnitTestResult executionId="be063def-44bf-43b1-967e-b9124fd3d8db" testId="75093d28-afc2-dcbc-1e64-b17e205f8071" testName="RuleSource_Delete_Failed_Not_Created" computerName="DKSR-EFI-06" duration="00:00:00.0007050" startTime="2024-01-09T15:41:46.0289085+01:00" endTime="2024-01-09T15:41:46.0289085+01:00" testType="13cdc9d9-ddb5-4fa4-a97d-d965ccfc6d4b" outcome="Passed" testListId="8c84fa94-04c1-424b-9868-57a2d4851a1d" relativeResultsDirectory="be063def-44bf-43b1-967e-b9124fd3d8db" />
    <UnitTestResult executionId="bd9b75ca-ccd4-453e-bb1c-58f8dfdbdf11" testId="0ebfe791-6b4d-a3b8-5330-d32bda8e413d" testName="MicrophoneDeviceGroup_Refresh_Failed" computerName="DKSR-EFI-06" duration="00:00:00.0010269" startTime="2024-01-09T15:41:44.3726490+01:00" endTime="2024-01-09T15:41:44.3726490+01:00" testType="13cdc9d9-ddb5-4fa4-a97d-d965ccfc6d4b" outcome="Passed" testListId="8c84fa94-04c1-424b-9868-57a2d4851a1d" relativeResultsDirectory="bd9b75ca-ccd4-453e-bb1c-58f8dfdbdf11" />
    <UnitTestResult executionId="eca493dd-dde7-4f8c-9e11-0845b9d9ec40" testId="a9942bf9-ad80-f9e6-0ebd-05117b305a07" testName="BasicOwnerInfo_Delete_CheckVersionCalled" computerName="DKSR-EFI-06" duration="00:00:00.0002848" startTime="2024-01-09T15:41:44.2320219+01:00" endTime="2024-01-09T15:41:44.2320219+01:00" testType="13cdc9d9-ddb5-4fa4-a97d-d965ccfc6d4b" outcome="Passed" testListId="8c84fa94-04c1-424b-9868-57a2d4851a1d" relativeResultsDirectory="eca493dd-dde7-4f8c-9e11-0845b9d9ec40" />
    <UnitTestResult executionId="30ab4379-9e6f-4765-b5ff-989a6495cbe3" testId="1679c0bf-524e-8e1e-0635-301a75b89d57" testName="GenericRepositoryTestRefreshObjectInternal" computerName="DKSR-EFI-06" duration="00:00:00.0011497" startTime="2024-01-09T15:41:47.2164181+01:00" endTime="2024-01-09T15:41:47.2164181+01:00" testType="13cdc9d9-ddb5-4fa4-a97d-d965ccfc6d4b" outcome="Passed" testListId="8c84fa94-04c1-424b-9868-57a2d4851a1d" relativeResultsDirectory="30ab4379-9e6f-4765-b5ff-989a6495cbe3" />
    <UnitTestResult executionId="5050d255-eea1-417e-a774-0d9e3743d067" testId="9f592cba-0952-e385-4ea5-ce4a77667e71" testName="Role_Remove_Member_Check_Null_Name" computerName="DKSR-EFI-06" duration="00:00:00.0008097" startTime="2024-01-09T15:41:45.9664115+01:00" endTime="2024-01-09T15:41:45.9664115+01:00" testType="13cdc9d9-ddb5-4fa4-a97d-d965ccfc6d4b" outcome="Passed" testListId="8c84fa94-04c1-424b-9868-57a2d4851a1d" relativeResultsDirectory="5050d255-eea1-417e-a774-0d9e3743d067" />
    <UnitTestResult executionId="4c7eff66-3b52-4a88-afd5-20f39eaec109" testId="66fcdc1b-950f-7a55-01b9-2759d9aabe60" testName="BasicUser_Constructor_CheckForVersion_6_0_and_throws" computerName="DKSR-EFI-06" duration="00:00:00.0011795" startTime="2024-01-09T15:41:44.2007707+01:00" endTime="2024-01-09T15:41:44.2007707+01:00" testType="13cdc9d9-ddb5-4fa4-a97d-d965ccfc6d4b" outcome="Passed" testListId="8c84fa94-04c1-424b-9868-57a2d4851a1d" relativeResultsDirectory="4c7eff66-3b52-4a88-afd5-20f39eaec109" />
    <UnitTestResult executionId="ff796491-f238-473a-b3ac-29eac77da054" testId="ca57744d-4eec-5673-06cd-124c8e5c613d" testName="TryConnectLegacyAsUser_GivenBrokenServerConnection_ShouldDisposeAndReturnNull" computerName="DKSR-EFI-06" duration="00:00:00.0045518" startTime="2024-01-09T15:41:43.8726448+01:00" endTime="2024-01-09T15:41:43.8726448+01:00" testType="13cdc9d9-ddb5-4fa4-a97d-d965ccfc6d4b" outcome="Passed" testListId="8c84fa94-04c1-424b-9868-57a2d4851a1d" relativeResultsDirectory="ff796491-f238-473a-b3ac-29eac77da054" />
    <UnitTestResult executionId="d872f0de-d202-4303-be57-a5f7956efb3e" testId="2c70923f-ca66-aba3-db7c-df9c2aa9f052" testName="GetFastestIdpInfo_GivenAddressWithoutOAuth_ShouldReturnNull" computerName="DKSR-EFI-06" duration="00:00:00.0043112" startTime="2024-01-09T15:41:38.3257478+01:00" endTime="2024-01-09T15:41:38.3257478+01:00" testType="13cdc9d9-ddb5-4fa4-a97d-d965ccfc6d4b" outcome="Passed" testListId="8c84fa94-04c1-424b-9868-57a2d4851a1d" relativeResultsDirectory="d872f0de-d202-4303-be57-a5f7956efb3e" />
    <UnitTestResult executionId="53a91c3b-464d-406a-b0ff-a709e11d52d4" testId="592f1381-1b1e-d339-7eb0-253d41ee0dc5" testName="SystemDashboardConfigurationuration_Refresh_Success" computerName="DKSR-EFI-06" duration="00:00:00.0004398" startTime="2024-01-09T15:41:46.1070345+01:00" endTime="2024-01-09T15:41:46.1070345+01:00" testType="13cdc9d9-ddb5-4fa4-a97d-d965ccfc6d4b" outcome="Passed" testListId="8c84fa94-04c1-424b-9868-57a2d4851a1d" relativeResultsDirectory="53a91c3b-464d-406a-b0ff-a709e11d52d4" />
    <UnitTestResult executionId="68517fa7-16c5-4b4d-a667-4edde4937a38" testId="ed9dbcd4-caa1-444f-55d7-c156a57c23d0" testName="ViewLayout_Repository_Registered" computerName="DKSR-EFI-06" duration="00:00:00.0011976" startTime="2024-01-09T15:41:47.1070429+01:00" endTime="2024-01-09T15:41:47.1070429+01:00" testType="13cdc9d9-ddb5-4fa4-a97d-d965ccfc6d4b" outcome="Passed" testListId="8c84fa94-04c1-424b-9868-57a2d4851a1d" relativeResultsDirectory="68517fa7-16c5-4b4d-a667-4edde4937a38" />
    <UnitTestResult executionId="b5aea983-62aa-4962-a717-90d65e01c0fc" testId="2c0839de-ff81-2b83-f3c2-eaf0dc01b659" testName="Hardware_ChangePassword_Deleted_Throws" computerName="DKSR-EFI-06" duration="00:00:00.0005384" startTime="2024-01-09T15:41:45.7007834+01:00" endTime="2024-01-09T15:41:45.7007834+01:00" testType="13cdc9d9-ddb5-4fa4-a97d-d965ccfc6d4b" outcome="Passed" testListId="8c84fa94-04c1-424b-9868-57a2d4851a1d" relativeResultsDirectory="b5aea983-62aa-4962-a717-90d65e01c0fc" />
    <UnitTestResult executionId="c8f067b8-8064-498b-a2aa-0288795223f4" testId="b24e63e5-ed1c-f5a8-17ea-47dc25bf0e3a" testName="GenericRepositoryTestGetObjectByIdCacheUsed" computerName="DKSR-EFI-06" duration="00:00:00.0013599" startTime="2024-01-09T15:41:47.1698444+01:00" endTime="2024-01-09T15:41:47.1698444+01:00" testType="13cdc9d9-ddb5-4fa4-a97d-d965ccfc6d4b" outcome="Passed" testListId="8c84fa94-04c1-424b-9868-57a2d4851a1d" relativeResultsDirectory="c8f067b8-8064-498b-a2aa-0288795223f4" />
    <UnitTestResult executionId="c289df44-f0b5-4abf-9329-2ab004a196a9" testId="ac7166d5-6ed9-af93-adae-df1837157d22" testName="GenericRepositoryTestGetObjectByIdsCacheTest" computerName="DKSR-EFI-06" duration="00:00:00.0033161" startTime="2024-01-09T15:41:47.2007892+01:00" endTime="2024-01-09T15:41:47.2007892+01:00" testType="13cdc9d9-ddb5-4fa4-a97d-d965ccfc6d4b" outcome="Passed" testListId="8c84fa94-04c1-424b-9868-57a2d4851a1d" relativeResultsDirectory="c289df44-f0b5-4abf-9329-2ab004a196a9" />
    <UnitTestResult executionId="098244c4-4dfe-4ee0-a8c1-047aa6468b58" testId="b2c883f9-e50a-9024-4ba0-581b622c8824" testName="RecordingStorage_EnableEncryption_Failed_Wrong_Method_Unknown" computerName="DKSR-EFI-06" duration="00:00:00.0009406" startTime="2024-01-09T15:41:45.8101608+01:00" endTime="2024-01-09T15:41:45.8101608+01:00" testType="13cdc9d9-ddb5-4fa4-a97d-d965ccfc6d4b" outcome="Passed" testListId="8c84fa94-04c1-424b-9868-57a2d4851a1d" relativeResultsDirectory="098244c4-4dfe-4ee0-a8c1-047aa6468b58" />
    <UnitTestResult executionId="bde50db4-80e9-49ca-94d9-01dff4dd3a90" testId="ea67a0fc-dde3-352d-2bea-8f11bc8a4ff8" testName="Recorder_Get_Recorder_Information" computerName="DKSR-EFI-06" duration="00:00:00.0015565" startTime="2024-01-09T15:41:45.7164066+01:00" endTime="2024-01-09T15:41:45.7164066+01:00" testType="13cdc9d9-ddb5-4fa4-a97d-d965ccfc6d4b" outcome="Passed" testListId="8c84fa94-04c1-424b-9868-57a2d4851a1d" relativeResultsDirectory="bde50db4-80e9-49ca-94d9-01dff4dd3a90" />
    <UnitTestResult executionId="e5342727-3629-4b48-b1b2-62b73551cdbc" testId="b60f3791-8411-dd00-0dc7-0028c0393bed" testName="MetadataDevice_Repository_Registered" computerName="DKSR-EFI-06" duration="00:00:00.0013422" startTime="2024-01-09T15:41:45.6226566+01:00" endTime="2024-01-09T15:41:45.6226566+01:00" testType="13cdc9d9-ddb5-4fa4-a97d-d965ccfc6d4b" outcome="Passed" testListId="8c84fa94-04c1-424b-9868-57a2d4851a1d" relativeResultsDirectory="e5342727-3629-4b48-b1b2-62b73551cdbc" />
    <UnitTestResult executionId="8cc06dac-c47c-4c50-8ba7-dd4d93c491fd" testId="6a5b4741-e6cb-bd09-2b79-ec90fc784e12" testName="TrustedIssuer_Repository_Registered" computerName="DKSR-EFI-06" duration="00:00:00.0004233" startTime="2024-01-09T15:41:46.9976643+01:00" endTime="2024-01-09T15:41:46.9976643+01:00" testType="13cdc9d9-ddb5-4fa4-a97d-d965ccfc6d4b" outcome="Passed" testListId="8c84fa94-04c1-424b-9868-57a2d4851a1d" relativeResultsDirectory="8cc06dac-c47c-4c50-8ba7-dd4d93c491fd" />
    <UnitTestResult executionId="c3e3f0a7-3fa5-435e-a995-2e1fe9c3a0ee" testId="b4b2ce78-ea17-2c67-91b1-d5289405da01" testName="RecordingStorage_Move_Storage_Success" computerName="DKSR-EFI-06" duration="00:00:00.0023829" startTime="2024-01-09T15:41:45.7789067+01:00" endTime="2024-01-09T15:41:45.7789067+01:00" testType="13cdc9d9-ddb5-4fa4-a97d-d965ccfc6d4b" outcome="Passed" testListId="8c84fa94-04c1-424b-9868-57a2d4851a1d" relativeResultsDirectory="c3e3f0a7-3fa5-435e-a995-2e1fe9c3a0ee" />
    <UnitTestResult executionId="ac705070-7229-4b15-83fe-926df502847a" testId="79cd81df-a953-0c7a-7dbb-aca4faf3adca" testName="ValidateSchemas_AllowUnsecure_False" computerName="DKSR-EFI-06" duration="00:00:00.0214826" startTime="2024-01-09T15:41:33.8725976+01:00" endTime="2024-01-09T15:41:33.9038487+01:00" testType="13cdc9d9-ddb5-4fa4-a97d-d965ccfc6d4b" outcome="Passed" testListId="8c84fa94-04c1-424b-9868-57a2d4851a1d" relativeResultsDirectory="ac705070-7229-4b15-83fe-926df502847a" />
    <UnitTestResult executionId="50fc0410-ae67-4f16-9ef4-8a055e254a5c" testId="f42b2b5c-a8df-13cb-58e2-834e91a6ba9d" testName="TryGetPropertyValue_NullableType_IsNull_ReturnsNull" computerName="DKSR-EFI-06" duration="00:00:00.0002858" startTime="2024-01-09T15:41:47.4195430+01:00" endTime="2024-01-09T15:41:47.4195430+01:00" testType="13cdc9d9-ddb5-4fa4-a97d-d965ccfc6d4b" outcome="Passed" testListId="8c84fa94-04c1-424b-9868-57a2d4851a1d" relativeResultsDirectory="50fc0410-ae67-4f16-9ef4-8a055e254a5c" />
    <UnitTestResult executionId="aa997d53-4093-4514-ac4a-399ddbfa8d45" testId="654824da-831c-dce2-815c-052433d506ed" testName="PatrollingProfile_InsertStepFirst_Create_PatrollingStep_With_ExpectedTransitionTime" computerName="DKSR-EFI-06" duration="00:00:00.0009213" startTime="2024-01-09T15:41:45.3570323+01:00" endTime="2024-01-09T15:41:45.3570323+01:00" testType="13cdc9d9-ddb5-4fa4-a97d-d965ccfc6d4b" outcome="Passed" testListId="8c84fa94-04c1-424b-9868-57a2d4851a1d" relativeResultsDirectory="aa997d53-4093-4514-ac4a-399ddbfa8d45" />
    <UnitTestResult executionId="b46834bb-364f-44b4-9086-beb74c5d4dba" testId="a97654da-5e07-39e0-b469-69e6b597d6b0" testName="RecordingServer_GetHardwareDrivers_Before_v70_NotSupported" computerName="DKSR-EFI-06" duration="00:00:00.0016676" startTime="2024-01-09T15:41:45.7320331+01:00" endTime="2024-01-09T15:41:45.7320331+01:00" testType="13cdc9d9-ddb5-4fa4-a97d-d965ccfc6d4b" outcome="Passed" testListId="8c84fa94-04c1-424b-9868-57a2d4851a1d" relativeResultsDirectory="b46834bb-364f-44b4-9086-beb74c5d4dba" />
    <UnitTestResult executionId="385e266e-261f-4213-a5c9-097d5102f30a" testId="1b1a3e14-bc58-609a-ae96-8b367819b99d" testName="PatrollingProfile_MoveStepToLast" computerName="DKSR-EFI-06" duration="00:00:00.0015469" startTime="2024-01-09T15:41:45.4195329+01:00" endTime="2024-01-09T15:41:45.4195329+01:00" testType="13cdc9d9-ddb5-4fa4-a97d-d965ccfc6d4b" outcome="Passed" testListId="8c84fa94-04c1-424b-9868-57a2d4851a1d" relativeResultsDirectory="385e266e-261f-4213-a5c9-097d5102f30a" />
    <UnitTestResult executionId="8a41ba1a-1b81-4757-be78-c6a152bde50a" testId="456cfd78-0a00-198c-3ebc-ed4c019c4ad7" testName="MarkedData_Delete_Failed_Not_Created" computerName="DKSR-EFI-06" duration="00:00:00.0006977" startTime="2024-01-09T15:41:44.8570268+01:00" endTime="2024-01-09T15:41:44.8570268+01:00" testType="13cdc9d9-ddb5-4fa4-a97d-d965ccfc6d4b" outcome="Passed" testListId="8c84fa94-04c1-424b-9868-57a2d4851a1d" relativeResultsDirectory="8a41ba1a-1b81-4757-be78-c6a152bde50a" />
    <UnitTestResult executionId="a5b55032-4cd4-4fa5-bfeb-75e3ee2cac70" testId="8f991ec0-049a-f3d3-1a97-4d913c1d59ea" testName="CameraDevice_TruncateStorage_WithRecorderId_Success" computerName="DKSR-EFI-06" duration="00:00:00.0022811" startTime="2024-01-09T15:41:45.5914057+01:00" endTime="2024-01-09T15:41:45.5914057+01:00" testType="13cdc9d9-ddb5-4fa4-a97d-d965ccfc6d4b" outcome="Passed" testListId="8c84fa94-04c1-424b-9868-57a2d4851a1d" relativeResultsDirectory="a5b55032-4cd4-4fa5-bfeb-75e3ee2cac70" />
    <UnitTestResult executionId="586e142b-6063-45a2-bf59-6909198d7086" testId="41297554-dd65-6291-2e76-e9ec0992caf3" testName="Monitor_ApplyViewItemsXml_ApplyViewItemXmlsToMonitorViewCalled" computerName="DKSR-EFI-06" duration="00:00:00.0024284" startTime="2024-01-09T15:41:45.1070286+01:00" endTime="2024-01-09T15:41:45.1070286+01:00" testType="13cdc9d9-ddb5-4fa4-a97d-d965ccfc6d4b" outcome="Passed" testListId="8c84fa94-04c1-424b-9868-57a2d4851a1d" relativeResultsDirectory="586e142b-6063-45a2-bf59-6909198d7086" />
    <UnitTestResult executionId="23228d52-c825-463b-bd5c-5024de09ef2c" testId="5ea7cb00-b892-f1fd-b62e-cc236ff5ad70" testName="ManagementServer_DetachChildSite_ArgumentNullException" computerName="DKSR-EFI-06" duration="00:00:00.0015659" startTime="2024-01-09T15:41:44.7476516+01:00" endTime="2024-01-09T15:41:44.7476516+01:00" testType="13cdc9d9-ddb5-4fa4-a97d-d965ccfc6d4b" outcome="Passed" testListId="8c84fa94-04c1-424b-9868-57a2d4851a1d" relativeResultsDirectory="23228d52-c825-463b-bd5c-5024de09ef2c" />
    <UnitTestResult executionId="01d4f20a-2193-44e6-9aec-801e73adf5bb" testId="fddc68b9-38b3-f313-9510-e8e9def595c4" testName="ArchiveStorage_Create_CheckVersionNotCalled" computerName="DKSR-EFI-06" duration="00:00:00.0004601" startTime="2024-01-09T15:41:44.0132708+01:00" endTime="2024-01-09T15:41:44.0132708+01:00" testType="13cdc9d9-ddb5-4fa4-a97d-d965ccfc6d4b" outcome="Passed" testListId="8c84fa94-04c1-424b-9868-57a2d4851a1d" relativeResultsDirectory="01d4f20a-2193-44e6-9aec-801e73adf5bb" />
    <UnitTestResult executionId="6f9afee4-862d-4a1f-855a-3e11e2eae085" testId="17b4e27e-b862-2aa2-3b9c-1e7aef46601c" testName="ProxyClientServiceBase_CallWithRetry_NoRetry_MessageSecurityException_IdpInner" computerName="DKSR-EFI-06" duration="00:00:00.0006057" startTime="2024-01-09T15:41:47.4039161+01:00" endTime="2024-01-09T15:41:47.4039161+01:00" testType="13cdc9d9-ddb5-4fa4-a97d-d965ccfc6d4b" outcome="Passed" testListId="8c84fa94-04c1-424b-9868-57a2d4851a1d" relativeResultsDirectory="6f9afee4-862d-4a1f-855a-3e11e2eae085" />
    <UnitTestResult executionId="ba0e87b0-3f6a-4b78-9b57-d5402951f2f9" testId="93e4a723-abf2-7296-c980-e896e8dda35e" testName="PerformanceStateRuleConfiguration_Refresh_Failed_Not_Created" computerName="DKSR-EFI-06" duration="00:00:00.0007841" startTime="2024-01-09T15:41:45.4664075+01:00" endTime="2024-01-09T15:41:45.4664075+01:00" testType="13cdc9d9-ddb5-4fa4-a97d-d965ccfc6d4b" outcome="Passed" testListId="8c84fa94-04c1-424b-9868-57a2d4851a1d" relativeResultsDirectory="ba0e87b0-3f6a-4b78-9b57-d5402951f2f9" />
    <UnitTestResult executionId="cf95b938-bb81-4735-b350-6d1df7553c4e" testId="6c9335fb-eb25-994a-5a75-b57264e3a6ac" testName="TryConnectLegacy_GivenSuccess_ShouldReturnVmoClient" computerName="DKSR-EFI-06" duration="00:00:00.0079035" startTime="2024-01-09T15:41:43.8257710+01:00" endTime="2024-01-09T15:41:43.8413938+01:00" testType="13cdc9d9-ddb5-4fa4-a97d-d965ccfc6d4b" outcome="Passed" testListId="8c84fa94-04c1-424b-9868-57a2d4851a1d" relativeResultsDirectory="cf95b938-bb81-4735-b350-6d1df7553c4e" />
    <UnitTestResult executionId="92157c89-8b03-4c35-835b-f95e18c973fc" testId="fc918322-f4bb-489c-e6f9-317234a62a30" testName="VideoWallPreset_Constructor_DefaultValuesCorrect" computerName="DKSR-EFI-06" duration="00:00:00.0020571" startTime="2024-01-09T15:41:47.0289155+01:00" endTime="2024-01-09T15:41:47.0289155+01:00" testType="13cdc9d9-ddb5-4fa4-a97d-d965ccfc6d4b" outcome="Passed" testListId="8c84fa94-04c1-424b-9868-57a2d4851a1d" relativeResultsDirectory="92157c89-8b03-4c35-835b-f95e18c973fc" />
    <UnitTestResult executionId="ebd0238b-cdb5-4656-b219-b3d6b9effa9c" testId="7d742982-add9-28eb-7559-102170fb1882" testName="TaskArchiving_InternalCreate_Success" computerName="DKSR-EFI-06" duration="00:00:00.0012200" startTime="2024-01-09T15:41:46.2789123+01:00" endTime="2024-01-09T15:41:46.2789123+01:00" testType="13cdc9d9-ddb5-4fa4-a97d-d965ccfc6d4b" outcome="Passed" testListId="8c84fa94-04c1-424b-9868-57a2d4851a1d" relativeResultsDirectory="ebd0238b-cdb5-4656-b219-b3d6b9effa9c" />
    <UnitTestResult executionId="cbd7bc98-9c95-44d0-b9fd-8f13b61a6889" testId="9a27e1bb-32db-df63-a1f2-721797c755e4" testName="SunClockTimeProfile_Create_Success_Constructor" computerName="DKSR-EFI-06" duration="00:00:00.0002240" startTime="2024-01-09T15:41:46.9039141+01:00" endTime="2024-01-09T15:41:46.9039141+01:00" testType="13cdc9d9-ddb5-4fa4-a97d-d965ccfc6d4b" outcome="Passed" testListId="8c84fa94-04c1-424b-9868-57a2d4851a1d" relativeResultsDirectory="cbd7bc98-9c95-44d0-b9fd-8f13b61a6889" />
    <UnitTestResult executionId="ae25252f-8055-4a44-a5c2-36011113f87a" testId="27bb0846-204f-2736-e20f-7a35a54e4e90" testName="PatrollingProfile_MoveStepToFirst" computerName="DKSR-EFI-06" duration="00:00:00.0013059" startTime="2024-01-09T15:41:45.4195329+01:00" endTime="2024-01-09T15:41:45.4195329+01:00" testType="13cdc9d9-ddb5-4fa4-a97d-d965ccfc6d4b" outcome="Passed" testListId="8c84fa94-04c1-424b-9868-57a2d4851a1d" relativeResultsDirectory="ae25252f-8055-4a44-a5c2-36011113f87a" />
    <UnitTestResult executionId="144d3015-f48f-464e-9aae-8896b17883dc" testId="722d9eec-0ab4-46ca-c561-68fe91ad8831" testName="CalendarTimeProfile_Create_Failed_Constructor" computerName="DKSR-EFI-06" duration="00:00:00.0009852" startTime="2024-01-09T15:41:46.8570397+01:00" endTime="2024-01-09T15:41:46.8570397+01:00" testType="13cdc9d9-ddb5-4fa4-a97d-d965ccfc6d4b" outcome="Passed" testListId="8c84fa94-04c1-424b-9868-57a2d4851a1d" relativeResultsDirectory="144d3015-f48f-464e-9aae-8896b17883dc" />
    <UnitTestResult executionId="5c3b6aa2-a42f-4e87-9328-62313699f9de" testId="7e49d211-33c9-5592-25e4-c124dfa62afe" testName="Add_UniqueItemsUnderHeavyLoad_ShouldSuccess" computerName="DKSR-EFI-06" duration="00:00:00.1148866" startTime="2024-01-09T15:41:43.4507637+01:00" endTime="2024-01-09T15:41:43.5757706+01:00" testType="13cdc9d9-ddb5-4fa4-a97d-d965ccfc6d4b" outcome="Passed" testListId="8c84fa94-04c1-424b-9868-57a2d4851a1d" relativeResultsDirectory="5c3b6aa2-a42f-4e87-9328-62313699f9de">
      <Output>
        <StdOut>SiteTokenCacheStore has been called by 2000 threads in parallel!</StdOut>
      </Output>
    </UnitTestResult>
    <UnitTestResult executionId="6fb245e6-d902-4adf-83ca-9e541866c7be" testId="0a1b016b-3e45-4017-464a-fe98f0c6ccb8" testName="PerformanceStateRuleConfiguration_Refresh_Success" computerName="DKSR-EFI-06" duration="00:00:00.0004859" startTime="2024-01-09T15:41:45.4507806+01:00" endTime="2024-01-09T15:41:45.4507806+01:00" testType="13cdc9d9-ddb5-4fa4-a97d-d965ccfc6d4b" outcome="Passed" testListId="8c84fa94-04c1-424b-9868-57a2d4851a1d" relativeResultsDirectory="6fb245e6-d902-4adf-83ca-9e541866c7be" />
    <UnitTestResult executionId="5bc5a44d-c414-465b-b650-287126339b49" testId="b910e38f-69a8-b424-3d33-d20131ab1948" testName="Grid_FillAll_Success" computerName="DKSR-EFI-06" duration="00:00:00.0024914" startTime="2024-01-09T15:41:44.5445237+01:00" endTime="2024-01-09T15:41:44.5601488+01:00" testType="13cdc9d9-ddb5-4fa4-a97d-d965ccfc6d4b" outcome="Passed" testListId="8c84fa94-04c1-424b-9868-57a2d4851a1d" relativeResultsDirectory="5bc5a44d-c414-465b-b650-287126339b49" />
    <UnitTestResult executionId="0b67999e-1281-4977-873a-b08eb95de60a" testId="07361177-b4ca-8f15-ac56-847d5ab031b9" testName="VideoWall_Create_CheckVersionNotCalled" computerName="DKSR-EFI-06" duration="00:00:00.0002491" startTime="2024-01-09T15:41:47.0914156+01:00" endTime="2024-01-09T15:41:47.0914156+01:00" testType="13cdc9d9-ddb5-4fa4-a97d-d965ccfc6d4b" outcome="Passed" testListId="8c84fa94-04c1-424b-9868-57a2d4851a1d" relativeResultsDirectory="0b67999e-1281-4977-873a-b08eb95de60a" />
    <UnitTestResult executionId="6584e95a-81c8-4d66-b597-b7daa1eca0c0" testId="80097625-e003-6f69-9b6c-cb7eeead4cc8" testName="MarkedData_Constructor_DefaultValuesCorrect" computerName="DKSR-EFI-06" duration="00:00:00.0019723" startTime="2024-01-09T15:41:44.8101512+01:00" endTime="2024-01-09T15:41:44.8101512+01:00" testType="13cdc9d9-ddb5-4fa4-a97d-d965ccfc6d4b" outcome="Passed" testListId="8c84fa94-04c1-424b-9868-57a2d4851a1d" relativeResultsDirectory="6584e95a-81c8-4d66-b597-b7daa1eca0c0" />
    <UnitTestResult executionId="f4391605-6e7c-4c6c-890c-1dc0bfe2817b" testId="8c36f616-16a9-da46-946a-1b91a8d4936b" testName="PatrollingProfile_InsertStepLast_Existing_PatrollingStep_Position" computerName="DKSR-EFI-06" duration="00:00:00.0008445" startTime="2024-01-09T15:41:45.3882813+01:00" endTime="2024-01-09T15:41:45.3882813+01:00" testType="13cdc9d9-ddb5-4fa4-a97d-d965ccfc6d4b" outcome="Passed" testListId="8c84fa94-04c1-424b-9868-57a2d4851a1d" relativeResultsDirectory="f4391605-6e7c-4c6c-890c-1dc0bfe2817b" />
    <UnitTestResult executionId="00940333-55a8-4382-81cc-bc477806ce60" testId="1b1ce6e1-41fe-6737-86b4-4413fa96b0b5" testName="ChildSite_Refresh_NotCreated_InvalidOperationException" computerName="DKSR-EFI-06" duration="00:00:00.0019603" startTime="2024-01-09T15:41:46.0445338+01:00" endTime="2024-01-09T15:41:46.0445338+01:00" testType="13cdc9d9-ddb5-4fa4-a97d-d965ccfc6d4b" outcome="Passed" testListId="8c84fa94-04c1-424b-9868-57a2d4851a1d" relativeResultsDirectory="00940333-55a8-4382-81cc-bc477806ce60" />
    <UnitTestResult executionId="da1d8315-0ec7-46d0-ad3d-6e9edceb5b6a" testId="4e539b83-0404-b8fb-a4fe-bd24e445763d" testName="AxisTunnelServer_Constructor_DefaultValuesCorrect" computerName="DKSR-EFI-06" duration="00:00:00.0012065" startTime="2024-01-09T15:41:44.1538957+01:00" endTime="2024-01-09T15:41:44.1538957+01:00" testType="13cdc9d9-ddb5-4fa4-a97d-d965ccfc6d4b" outcome="Passed" testListId="8c84fa94-04c1-424b-9868-57a2d4851a1d" relativeResultsDirectory="da1d8315-0ec7-46d0-ad3d-6e9edceb5b6a" />
    <UnitTestResult executionId="18b7b152-4f34-4f2e-a6f4-47cd8c8b9668" testId="5a788199-1038-fa03-e2a7-ded98421a2e7" testName="GetSiteConnection_Windows_GivenNull_ShouldThrow" computerName="DKSR-EFI-06" duration="00:00:00.0019883" startTime="2024-01-09T15:41:35.9507367+01:00" endTime="2024-01-09T15:41:35.9663607+01:00" testType="13cdc9d9-ddb5-4fa4-a97d-d965ccfc6d4b" outcome="Passed" testListId="8c84fa94-04c1-424b-9868-57a2d4851a1d" relativeResultsDirectory="18b7b152-4f34-4f2e-a6f4-47cd8c8b9668" />
    <UnitTestResult executionId="34d998f9-d37d-4cc1-96f2-ff3d57c83d4a" testId="68e731de-5d12-96a6-4b0f-1c9f167f33b3" testName="RetentionOptionRoleRelation_Delete_Success" computerName="DKSR-EFI-06" duration="00:00:00.0004086" startTime="2024-01-09T15:41:45.8726579+01:00" endTime="2024-01-09T15:41:45.8726579+01:00" testType="13cdc9d9-ddb5-4fa4-a97d-d965ccfc6d4b" outcome="Passed" testListId="8c84fa94-04c1-424b-9868-57a2d4851a1d" relativeResultsDirectory="34d998f9-d37d-4cc1-96f2-ff3d57c83d4a" />
    <UnitTestResult executionId="f1bfbc0a-f46f-411b-bc44-e0b3846222c4" testId="a9b4057e-adb3-6fcd-cf37-ded7c2ccdc6f" testName="Grid_DecreaseGridSize_GridCleared" computerName="DKSR-EFI-06" duration="00:00:00.0008058" startTime="2024-01-09T15:41:44.5757730+01:00" endTime="2024-01-09T15:41:44.5757730+01:00" testType="13cdc9d9-ddb5-4fa4-a97d-d965ccfc6d4b" outcome="Passed" testListId="8c84fa94-04c1-424b-9868-57a2d4851a1d" relativeResultsDirectory="f1bfbc0a-f46f-411b-bc44-e0b3846222c4" />
    <UnitTestResult executionId="e4546ef7-3724-4d5b-b5f7-48a3e8730b4e" testId="e81bf28d-1d67-5144-faff-39e857f5365a" testName="SunClockTimeProfile_Repository_Registered" computerName="DKSR-EFI-06" duration="00:00:00.0003156" startTime="2024-01-09T15:41:46.9351640+01:00" endTime="2024-01-09T15:41:46.9351640+01:00" testType="13cdc9d9-ddb5-4fa4-a97d-d965ccfc6d4b" outcome="Passed" testListId="8c84fa94-04c1-424b-9868-57a2d4851a1d" relativeResultsDirectory="e4546ef7-3724-4d5b-b5f7-48a3e8730b4e" />
    <UnitTestResult executionId="4f77eeaa-a21d-4559-8d7c-9d439e7de51c" testId="e35af84d-5253-a0b3-676b-d8c1702fd0f7" testName="MetadataDeviceGroup_Refresh_Failed" computerName="DKSR-EFI-06" duration="00:00:00.0010493" startTime="2024-01-09T15:41:44.3726490+01:00" endTime="2024-01-09T15:41:44.3726490+01:00" testType="13cdc9d9-ddb5-4fa4-a97d-d965ccfc6d4b" outcome="Passed" testListId="8c84fa94-04c1-424b-9868-57a2d4851a1d" relativeResultsDirectory="4f77eeaa-a21d-4559-8d7c-9d439e7de51c" />
    <UnitTestResult executionId="cbf2b5fa-97b4-4f37-9138-9f22586dcafb" testId="d219936a-3b1e-ce7e-8656-d907b99e333c" testName="SystemDashboardConfigurationuration_Delete_Success" computerName="DKSR-EFI-06" duration="00:00:00.0003749" startTime="2024-01-09T15:41:46.1070345+01:00" endTime="2024-01-09T15:41:46.1226586+01:00" testType="13cdc9d9-ddb5-4fa4-a97d-d965ccfc6d4b" outcome="Passed" testListId="8c84fa94-04c1-424b-9868-57a2d4851a1d" relativeResultsDirectory="cbf2b5fa-97b4-4f37-9138-9f22586dcafb" />
    <UnitTestResult executionId="1a166e2c-7149-4ebf-9694-0de4bd8e6f9d" testId="5e51178d-c090-6fd7-c27f-04e3e74bd42f" testName="RecordingStorage_EnableEncryption_Failed_Wrong_Method_None" computerName="DKSR-EFI-06" duration="00:00:00.0012062" startTime="2024-01-09T15:41:45.8101608+01:00" endTime="2024-01-09T15:41:45.8101608+01:00" testType="13cdc9d9-ddb5-4fa4-a97d-d965ccfc6d4b" outcome="Passed" testListId="8c84fa94-04c1-424b-9868-57a2d4851a1d" relativeResultsDirectory="1a166e2c-7149-4ebf-9694-0de4bd8e6f9d" />
    <UnitTestResult executionId="da54d24e-b67d-4b25-91aa-314fa83a8b5b" testId="3f0e4010-1ce0-bc63-b2c7-bf6fc4116d03" testName="Role_Remove_Basic_User_Member_Check_Created" computerName="DKSR-EFI-06" duration="00:00:00.0008235" startTime="2024-01-09T15:41:45.9820339+01:00" endTime="2024-01-09T15:41:45.9820339+01:00" testType="13cdc9d9-ddb5-4fa4-a97d-d965ccfc6d4b" outcome="Passed" testListId="8c84fa94-04c1-424b-9868-57a2d4851a1d" relativeResultsDirectory="da54d24e-b67d-4b25-91aa-314fa83a8b5b" />
    <UnitTestResult executionId="705489ad-c5af-4b76-8b56-00cc04a47dc4" testId="cd382ab1-e2ee-ffb7-3531-a0e2f5183e84" testName="PatrollingProfile_MoveStepDown" computerName="DKSR-EFI-06" duration="00:00:00.0014336" startTime="2024-01-09T15:41:45.4039057+01:00" endTime="2024-01-09T15:41:45.4039057+01:00" testType="13cdc9d9-ddb5-4fa4-a97d-d965ccfc6d4b" outcome="Passed" testListId="8c84fa94-04c1-424b-9868-57a2d4851a1d" relativeResultsDirectory="705489ad-c5af-4b76-8b56-00cc04a47dc4" />
    <UnitTestResult executionId="a5badbdb-14b0-4bc6-ba53-5a3785c5cc36" testId="e91a2775-b182-a50c-7252-43091e065330" testName="Constructor_NullSiteIdpConnector_Throws" computerName="DKSR-EFI-06" duration="00:00:00.0009596" startTime="2024-01-09T15:41:35.5913578+01:00" endTime="2024-01-09T15:41:35.5913578+01:00" testType="13cdc9d9-ddb5-4fa4-a97d-d965ccfc6d4b" outcome="Passed" testListId="8c84fa94-04c1-424b-9868-57a2d4851a1d" relativeResultsDirectory="a5badbdb-14b0-4bc6-ba53-5a3785c5cc36" />
    <UnitTestResult executionId="bfefb28d-0b08-4033-9e72-16bee4acdcea" testId="33858dc9-42c2-5e2d-8ce9-1ed3df9afac2" testName="RecordingStorage_Repository_Registered" computerName="DKSR-EFI-06" duration="00:00:00.0002806" startTime="2024-01-09T15:41:45.7632816+01:00" endTime="2024-01-09T15:41:45.7632816+01:00" testType="13cdc9d9-ddb5-4fa4-a97d-d965ccfc6d4b" outcome="Passed" testListId="8c84fa94-04c1-424b-9868-57a2d4851a1d" relativeResultsDirectory="bfefb28d-0b08-4033-9e72-16bee4acdcea" />
    <UnitTestResult executionId="c51ce42b-1f04-4ec5-80fd-3ea3833636fe" testId="9bb7c27e-9a34-4552-854e-dc6bf5c0fa3a" testName="SunClockTimeProfile_Create60WithId_CheckVersionCalled" computerName="DKSR-EFI-06" duration="00:00:00.0003140" startTime="2024-01-09T15:41:46.9195389+01:00" endTime="2024-01-09T15:41:46.9195389+01:00" testType="13cdc9d9-ddb5-4fa4-a97d-d965ccfc6d4b" outcome="Passed" testListId="8c84fa94-04c1-424b-9868-57a2d4851a1d" relativeResultsDirectory="c51ce42b-1f04-4ec5-80fd-3ea3833636fe" />
    <UnitTestResult executionId="e7ad1a25-b002-415a-b0c9-bde9ac7c7300" testId="26ab51dc-344f-9cf6-c2e3-523f0b7e8ae6" testName="ExceptionConverter_GetConnectionConvertedException_Idp_ChangePasswordException" computerName="DKSR-EFI-06" duration="00:00:00.0006830" startTime="2024-01-09T15:41:47.3570418+01:00" endTime="2024-01-09T15:41:47.3570418+01:00" testType="13cdc9d9-ddb5-4fa4-a97d-d965ccfc6d4b" outcome="Passed" testListId="8c84fa94-04c1-424b-9868-57a2d4851a1d" relativeResultsDirectory="e7ad1a25-b002-415a-b0c9-bde9ac7c7300" />
    <UnitTestResult executionId="4be6476e-689b-4af4-b59c-254aedf23269" testId="0ebe1128-9d18-fd18-cb20-dde5231be97c" testName="PrivateViewGroupp_Update_Success" computerName="DKSR-EFI-06" duration="00:00:00.0003115" startTime="2024-01-09T15:41:45.5132820+01:00" endTime="2024-01-09T15:41:45.5132820+01:00" testType="13cdc9d9-ddb5-4fa4-a97d-d965ccfc6d4b" outcome="Passed" testListId="8c84fa94-04c1-424b-9868-57a2d4851a1d" relativeResultsDirectory="4be6476e-689b-4af4-b59c-254aedf23269" />
    <UnitTestResult executionId="f0919691-a847-44cc-bfae-5583c8872df6" testId="582181db-ae03-28f2-7a66-c23be8ad57d6" testName="BasicUser_Change_Password_Check_Empty_Password" computerName="DKSR-EFI-06" duration="00:00:00.0007092" startTime="2024-01-09T15:41:44.3101479+01:00" endTime="2024-01-09T15:41:44.3101479+01:00" testType="13cdc9d9-ddb5-4fa4-a97d-d965ccfc6d4b" outcome="Passed" testListId="8c84fa94-04c1-424b-9868-57a2d4851a1d" relativeResultsDirectory="f0919691-a847-44cc-bfae-5583c8872df6" />
    <UnitTestResult executionId="860f6031-225a-411f-8fe1-2d4a9b9442ac" testId="a2977a04-6cec-57ad-10ef-4f31b921c6d8" testName="RuleSource_IsDeleted_Success" computerName="DKSR-EFI-06" duration="00:00:00.0003197" startTime="2024-01-09T15:41:46.0289085+01:00" endTime="2024-01-09T15:41:46.0289085+01:00" testType="13cdc9d9-ddb5-4fa4-a97d-d965ccfc6d4b" outcome="Passed" testListId="8c84fa94-04c1-424b-9868-57a2d4851a1d" relativeResultsDirectory="860f6031-225a-411f-8fe1-2d4a9b9442ac" />
    <UnitTestResult executionId="dc9434c7-a7bd-4afe-9cb4-4ea13f16e658" testId="114491a9-f586-f63d-d65f-b97c13dfa1c7" testName="GetUserDomainNameOrEmpty_MissingDomain_ReturnsUsername" computerName="DKSR-EFI-06" duration="00:00:00.0005522" startTime="2024-01-09T15:41:36.0757349+01:00" endTime="2024-01-09T15:41:36.0913661+01:00" testType="13cdc9d9-ddb5-4fa4-a97d-d965ccfc6d4b" outcome="Passed" testListId="8c84fa94-04c1-424b-9868-57a2d4851a1d" relativeResultsDirectory="dc9434c7-a7bd-4afe-9cb4-4ea13f16e658" />
    <UnitTestResult executionId="8976918e-f312-492a-ac65-9993b2e6fc7f" testId="70e36072-81c2-7190-db47-935bbfedb920" testName="Role_Add_Basic_User_Member_Check_User_Exists" computerName="DKSR-EFI-06" duration="00:00:00.0010915" startTime="2024-01-09T15:41:45.9507865+01:00" endTime="2024-01-09T15:41:45.9507865+01:00" testType="13cdc9d9-ddb5-4fa4-a97d-d965ccfc6d4b" outcome="Passed" testListId="8c84fa94-04c1-424b-9868-57a2d4851a1d" relativeResultsDirectory="8976918e-f312-492a-ac65-9993b2e6fc7f" />
    <UnitTestResult executionId="77ff1d08-f3d2-4bab-8f8c-6d3a5f4992fb" testId="d1267b9f-28dc-2cfc-8416-edad06813463" testName="TryGetPropertyValue_NonNullableType_NotExist_ReturnsDefaultValue" computerName="DKSR-EFI-06" duration="00:00:00.0002032" startTime="2024-01-09T15:41:47.4351672+01:00" endTime="2024-01-09T15:41:47.4351672+01:00" testType="13cdc9d9-ddb5-4fa4-a97d-d965ccfc6d4b" outcome="Passed" testListId="8c84fa94-04c1-424b-9868-57a2d4851a1d" relativeResultsDirectory="77ff1d08-f3d2-4bab-8f8c-6d3a5f4992fb" />
    <UnitTestResult executionId="614368dc-74a1-4dff-88a3-bf5635108a29" testId="90d415cb-4395-97f2-c868-ee564cc45376" testName="Role_Remove_Member_Check_Object_Created" computerName="DKSR-EFI-06" duration="00:00:00.0007403" startTime="2024-01-09T15:41:45.9664115+01:00" endTime="2024-01-09T15:41:45.9664115+01:00" testType="13cdc9d9-ddb5-4fa4-a97d-d965ccfc6d4b" outcome="Passed" testListId="8c84fa94-04c1-424b-9868-57a2d4851a1d" relativeResultsDirectory="614368dc-74a1-4dff-88a3-bf5635108a29" />
    <UnitTestResult executionId="447b8635-a413-4f82-b878-472e973edf94" testId="e79b213e-079c-c334-53d1-ca179024ad9e" testName="ProxyClientServiceBase_CallWithRetry_NoRetry_FaultException" computerName="DKSR-EFI-06" duration="00:00:00.0014655" startTime="2024-01-09T15:41:47.4039161+01:00" endTime="2024-01-09T15:41:47.4039161+01:00" testType="13cdc9d9-ddb5-4fa4-a97d-d965ccfc6d4b" outcome="Passed" testListId="8c84fa94-04c1-424b-9868-57a2d4851a1d" relativeResultsDirectory="447b8635-a413-4f82-b878-472e973edf94" />
    <UnitTestResult executionId="23240863-a0d2-4e05-b1c3-3b37f187f9d3" testId="3244763e-b7ce-8722-ad9f-d1c345273589" testName="CameraDevice_Refresh_Fail_When_Deleted" computerName="DKSR-EFI-06" duration="00:00:00.0008962" startTime="2024-01-09T15:41:45.5601572+01:00" endTime="2024-01-09T15:41:45.5601572+01:00" testType="13cdc9d9-ddb5-4fa4-a97d-d965ccfc6d4b" outcome="Passed" testListId="8c84fa94-04c1-424b-9868-57a2d4851a1d" relativeResultsDirectory="23240863-a0d2-4e05-b1c3-3b37f187f9d3" />
    <UnitTestResult executionId="313f5f6e-a518-4ac4-a93b-bcab3f36fabe" testId="42ad3664-86e7-20f3-acc9-bcaa9b7564d1" testName="MIPEvent_Update_Success" computerName="DKSR-EFI-06" duration="00:00:00.0002360" startTime="2024-01-09T15:41:44.9195284+01:00" endTime="2024-01-09T15:41:44.9195284+01:00" testType="13cdc9d9-ddb5-4fa4-a97d-d965ccfc6d4b" outcome="Passed" testListId="8c84fa94-04c1-424b-9868-57a2d4851a1d" relativeResultsDirectory="313f5f6e-a518-4ac4-a93b-bcab3f36fabe" />
    <UnitTestResult executionId="03fd1d2a-6499-41e9-91ce-a500736e962c" testId="17a67cf2-951a-4ded-a6f8-60f2333f5a18" testName="GetSiteConnectionResultTokenExchange_AllHttpAddressesAndNotAllowHttp_Fail" computerName="DKSR-EFI-06" duration="00:00:00.0077425" startTime="2024-01-09T15:41:35.6226075+01:00" endTime="2024-01-09T15:41:35.6382318+01:00" testType="13cdc9d9-ddb5-4fa4-a97d-d965ccfc6d4b" outcome="Passed" testListId="8c84fa94-04c1-424b-9868-57a2d4851a1d" relativeResultsDirectory="03fd1d2a-6499-41e9-91ce-a500736e962c" />
    <UnitTestResult executionId="0b584c68-5146-4012-aad9-d12b97585847" testId="a4ed0c38-0862-ecfc-a696-dc15c911602c" testName="PerformanceStateRuleConfiguration_IsCreated_Success" computerName="DKSR-EFI-06" duration="00:00:00.0002718" startTime="2024-01-09T15:41:45.4820316+01:00" endTime="2024-01-09T15:41:45.4820316+01:00" testType="13cdc9d9-ddb5-4fa4-a97d-d965ccfc6d4b" outcome="Passed" testListId="8c84fa94-04c1-424b-9868-57a2d4851a1d" relativeResultsDirectory="0b584c68-5146-4012-aad9-d12b97585847" />
    <UnitTestResult executionId="3bf651f8-981f-45b5-bd1f-e0a735041c32" testId="894cf9d9-cb78-1f17-1cd8-2c154e26811a" testName="TaskMoveRecordingStorage_StartNew_Success" computerName="DKSR-EFI-06" duration="00:00:00.0032918" startTime="2024-01-09T15:41:46.7789138+01:00" endTime="2024-01-09T15:41:46.7789138+01:00" testType="13cdc9d9-ddb5-4fa4-a97d-d965ccfc6d4b" outcome="Passed" testListId="8c84fa94-04c1-424b-9868-57a2d4851a1d" relativeResultsDirectory="3bf651f8-981f-45b5-bd1f-e0a735041c32" />
    <UnitTestResult executionId="1e0650df-7fe6-4081-a559-fa47e9f66bb7" testId="875afcfd-e10d-a2e8-e510-4f03d448d8ad" testName="ArchiveStorage_Get_Storage_Information_Success" computerName="DKSR-EFI-06" duration="00:00:00.0015002" startTime="2024-01-09T15:41:44.0445216+01:00" endTime="2024-01-09T15:41:44.0445216+01:00" testType="13cdc9d9-ddb5-4fa4-a97d-d965ccfc6d4b" outcome="Passed" testListId="8c84fa94-04c1-424b-9868-57a2d4851a1d" relativeResultsDirectory="1e0650df-7fe6-4081-a559-fa47e9f66bb7" />
    <UnitTestResult executionId="5767b2ea-44f6-4c14-a537-cbc7704063c1" testId="24aeb25f-b6c2-eb3a-e230-1fad8652d704" testName="Role_Add_Member_Check_Empty_Name" computerName="DKSR-EFI-06" duration="00:00:00.0007814" startTime="2024-01-09T15:41:45.9351572+01:00" endTime="2024-01-09T15:41:45.9351572+01:00" testType="13cdc9d9-ddb5-4fa4-a97d-d965ccfc6d4b" outcome="Passed" testListId="8c84fa94-04c1-424b-9868-57a2d4851a1d" relativeResultsDirectory="5767b2ea-44f6-4c14-a537-cbc7704063c1" />
    <UnitTestResult executionId="6809a1a7-09a8-4b3f-810f-dd7e1c112cac" testId="719f80c9-bcdc-f6e8-1240-71ef24b45079" testName="SunClockTimeProfile_Create_Failed_Constructor" computerName="DKSR-EFI-06" duration="00:00:00.0003583" startTime="2024-01-09T15:41:46.9039141+01:00" endTime="2024-01-09T15:41:46.9039141+01:00" testType="13cdc9d9-ddb5-4fa4-a97d-d965ccfc6d4b" outcome="Passed" testListId="8c84fa94-04c1-424b-9868-57a2d4851a1d" relativeResultsDirectory="6809a1a7-09a8-4b3f-810f-dd7e1c112cac" />
    <UnitTestResult executionId="7fd58b54-f774-439a-ab2e-cdca2948beb1" testId="401a1f20-82fe-301f-debe-f547843d43dc" testName="GetSiteConnectionResult_GivenHttpsAddressInRegistryAndAllHttpsAddresses_ShouldFail" computerName="DKSR-EFI-06" duration="00:00:00.0045803" startTime="2024-01-09T15:41:34.3569749+01:00" endTime="2024-01-09T15:41:34.3569749+01:00" testType="13cdc9d9-ddb5-4fa4-a97d-d965ccfc6d4b" outcome="Passed" testListId="8c84fa94-04c1-424b-9868-57a2d4851a1d" relativeResultsDirectory="7fd58b54-f774-439a-ab2e-cdca2948beb1" />
    <UnitTestResult executionId="41837ca9-2866-4042-a7fa-76887d983408" testId="05c947a0-95bd-ca71-a66e-7291db4595b9" testName="GetIdpInfo_GivenAddressAndCancellationRequest_ShouldCancel" computerName="DKSR-EFI-06" duration="00:00:00.0125599" startTime="2024-01-09T15:41:36.1382381+01:00" endTime="2024-01-09T15:41:36.1538660+01:00" testType="13cdc9d9-ddb5-4fa4-a97d-d965ccfc6d4b" outcome="Passed" testListId="8c84fa94-04c1-424b-9868-57a2d4851a1d" relativeResultsDirectory="41837ca9-2866-4042-a7fa-76887d983408" />
    <UnitTestResult executionId="d8eabe0d-a803-469d-a4af-1316c4e9fcde" testId="fe2d2916-4015-7346-a520-79becf82a5b0" testName="MarkedData_IsDirty_Success" computerName="DKSR-EFI-06" duration="00:00:00.0006587" startTime="2024-01-09T15:41:44.8726514+01:00" endTime="2024-01-09T15:41:44.8726514+01:00" testType="13cdc9d9-ddb5-4fa4-a97d-d965ccfc6d4b" outcome="Passed" testListId="8c84fa94-04c1-424b-9868-57a2d4851a1d" relativeResultsDirectory="d8eabe0d-a803-469d-a4af-1316c4e9fcde" />
    <UnitTestResult executionId="7724e8a4-4131-4887-8d42-428228f805f9" testId="c6f92aec-e5b3-197a-7c28-b2847414641d" testName="PatrollingProfile_InsertStepAt_Create_PatrollingStep_Invalid_Position" computerName="DKSR-EFI-06" duration="00:00:00.0010027" startTime="2024-01-09T15:41:45.3257825+01:00" endTime="2024-01-09T15:41:45.3257825+01:00" testType="13cdc9d9-ddb5-4fa4-a97d-d965ccfc6d4b" outcome="Passed" testListId="8c84fa94-04c1-424b-9868-57a2d4851a1d" relativeResultsDirectory="7724e8a4-4131-4887-8d42-428228f805f9" />
    <UnitTestResult executionId="9d3d27e4-aae5-4df2-91e6-de7ca1dd1ed4" testId="9710df04-3445-ef7d-baab-9ac95d0f726b" testName="ServerVersionConstructor_CompareToNull_Success" computerName="DKSR-EFI-06" duration="00:00:00.0001707" startTime="2024-01-09T15:41:33.4194704+01:00" endTime="2024-01-09T15:41:33.4194704+01:00" testType="13cdc9d9-ddb5-4fa4-a97d-d965ccfc6d4b" outcome="Passed" testListId="8c84fa94-04c1-424b-9868-57a2d4851a1d" relativeResultsDirectory="9d3d27e4-aae5-4df2-91e6-de7ca1dd1ed4" />
    <UnitTestResult executionId="168c2190-e6e9-44ea-83dd-c4820ca2f05a" testId="c5ea9001-faff-713a-6960-29bbe6404bb8" testName="MetadataDeviceGroup_Refresh_Success" computerName="DKSR-EFI-06" duration="00:00:00.0015669" startTime="2024-01-09T15:41:44.3413975+01:00" endTime="2024-01-09T15:41:44.3413975+01:00" testType="13cdc9d9-ddb5-4fa4-a97d-d965ccfc6d4b" outcome="Passed" testListId="8c84fa94-04c1-424b-9868-57a2d4851a1d" relativeResultsDirectory="168c2190-e6e9-44ea-83dd-c4820ca2f05a" />
    <UnitTestResult executionId="49859784-354d-44a3-9b13-c06ae1408ac8" testId="0f54e9f8-d53f-7a88-d50c-8501da97b547" testName="BasicUser_Constructor_Custom_Id_Empty_Guid_Check" computerName="DKSR-EFI-06" duration="00:00:00.0010408" startTime="2024-01-09T15:41:44.2632701+01:00" endTime="2024-01-09T15:41:44.2632701+01:00" testType="13cdc9d9-ddb5-4fa4-a97d-d965ccfc6d4b" outcome="Passed" testListId="8c84fa94-04c1-424b-9868-57a2d4851a1d" relativeResultsDirectory="49859784-354d-44a3-9b13-c06ae1408ac8" />
    <UnitTestResult executionId="42c6bdc9-079d-4b1e-837c-743e2c77ecc0" testId="bb86fea9-7da6-130a-f030-ab2f12efbf97" testName="FailoverServerGroup_ConstructorWithParent_DefaultValuesCorrect" computerName="DKSR-EFI-06" duration="00:00:00.0007455" startTime="2024-01-09T15:41:44.4038987+01:00" endTime="2024-01-09T15:41:44.4038987+01:00" testType="13cdc9d9-ddb5-4fa4-a97d-d965ccfc6d4b" outcome="Passed" testListId="8c84fa94-04c1-424b-9868-57a2d4851a1d" relativeResultsDirectory="42c6bdc9-079d-4b1e-837c-743e2c77ecc0" />
    <UnitTestResult executionId="42f56666-73bc-4789-9265-6aa595c4f192" testId="097d52c4-8a10-666a-109f-0d544c215bc3" testName="PatrollingProfile_InsertStepAt_Create_PatrollingStep_With_ExpectedTransitionTime" computerName="DKSR-EFI-06" duration="00:00:00.0006601" startTime="2024-01-09T15:41:45.3257825+01:00" endTime="2024-01-09T15:41:45.3257825+01:00" testType="13cdc9d9-ddb5-4fa4-a97d-d965ccfc6d4b" outcome="Passed" testListId="8c84fa94-04c1-424b-9868-57a2d4851a1d" relativeResultsDirectory="42f56666-73bc-4789-9265-6aa595c4f192" />
    <UnitTestResult executionId="721c359b-bf9d-484b-9cd9-c82de19904cf" testId="03c3979f-1540-1292-3feb-1eb1dca1645f" testName="AxisOneClickCamera_Constructor_DefaultValuesCorrect" computerName="DKSR-EFI-06" duration="00:00:00.0136282" startTime="2024-01-09T15:41:44.1226452+01:00" endTime="2024-01-09T15:41:44.1382699+01:00" testType="13cdc9d9-ddb5-4fa4-a97d-d965ccfc6d4b" outcome="Passed" testListId="8c84fa94-04c1-424b-9868-57a2d4851a1d" relativeResultsDirectory="721c359b-bf9d-484b-9cd9-c82de19904cf" />
    <UnitTestResult executionId="31240366-93f0-4330-906e-cbf5c4d0f786" testId="897de007-5843-f6bb-7109-f6694e9c9718" testName="ServerConnection_GetNetworkCredential" computerName="DKSR-EFI-06" duration="00:00:00.0007707" startTime="2024-01-09T15:41:47.5289176+01:00" endTime="2024-01-09T15:41:47.5289176+01:00" testType="13cdc9d9-ddb5-4fa4-a97d-d965ccfc6d4b" outcome="Passed" testListId="8c84fa94-04c1-424b-9868-57a2d4851a1d" relativeResultsDirectory="31240366-93f0-4330-906e-cbf5c4d0f786" />
    <UnitTestResult executionId="43c322da-80b4-4b9b-95da-81e4b0712a5c" testId="ea4efef3-0f34-a49f-40d1-0a7ff0989172" testName="Monitor_Update_Success" computerName="DKSR-EFI-06" duration="00:00:00.0005337" startTime="2024-01-09T15:41:45.0132759+01:00" endTime="2024-01-09T15:41:45.0132759+01:00" testType="13cdc9d9-ddb5-4fa4-a97d-d965ccfc6d4b" outcome="Passed" testListId="8c84fa94-04c1-424b-9868-57a2d4851a1d" relativeResultsDirectory="43c322da-80b4-4b9b-95da-81e4b0712a5c" />
    <UnitTestResult executionId="ed622186-b711-4766-aefe-9cd7b8b12091" testId="5efdc212-2009-f999-3bbc-821570f59095" testName="View_Refresh_Success" computerName="DKSR-EFI-06" duration="00:00:00.0004998" startTime="2024-01-09T15:41:47.1382895+01:00" endTime="2024-01-09T15:41:47.1382895+01:00" testType="13cdc9d9-ddb5-4fa4-a97d-d965ccfc6d4b" outcome="Passed" testListId="8c84fa94-04c1-424b-9868-57a2d4851a1d" relativeResultsDirectory="ed622186-b711-4766-aefe-9cd7b8b12091" />
    <UnitTestResult executionId="4625669a-bfe1-490c-b000-7429089a6475" testId="d5ebba80-46b1-4b69-1317-862388d0bc03" testName="TryConnect_GivenBrokenServerConnection_ShouldDisposeAndReturnNull" computerName="DKSR-EFI-06" duration="00:00:00.0057121" startTime="2024-01-09T15:41:43.7945185+01:00" endTime="2024-01-09T15:41:43.8101444+01:00" testType="13cdc9d9-ddb5-4fa4-a97d-d965ccfc6d4b" outcome="Passed" testListId="8c84fa94-04c1-424b-9868-57a2d4851a1d" relativeResultsDirectory="4625669a-bfe1-490c-b000-7429089a6475" />
    <UnitTestResult executionId="d600b9ca-94ce-48d6-a392-ff54419b7759" testId="54c0c21f-ed1b-2af3-77f7-54ea00863b1c" testName="GetHighPriorityError_GivenUnauthorizedException_ReturnsUnauthorizedException" computerName="DKSR-EFI-06" duration="00:00:00.0091789" startTime="2024-01-09T15:41:33.9819731+01:00" endTime="2024-01-09T15:41:33.9975963+01:00" testType="13cdc9d9-ddb5-4fa4-a97d-d965ccfc6d4b" outcome="Passed" testListId="8c84fa94-04c1-424b-9868-57a2d4851a1d" relativeResultsDirectory="d600b9ca-94ce-48d6-a392-ff54419b7759" />
    <UnitTestResult executionId="ab4a3295-4dc6-43d7-8c63-c2e8aad8e9d7" testId="b91687bc-370b-e22f-08aa-c38e05c6cc39" testName="MarkedData_IsCreated_Success" computerName="DKSR-EFI-06" duration="00:00:00.0002051" startTime="2024-01-09T15:41:44.8726514+01:00" endTime="2024-01-09T15:41:44.8726514+01:00" testType="13cdc9d9-ddb5-4fa4-a97d-d965ccfc6d4b" outcome="Passed" testListId="8c84fa94-04c1-424b-9868-57a2d4851a1d" relativeResultsDirectory="ab4a3295-4dc6-43d7-8c63-c2e8aad8e9d7" />
    <UnitTestResult executionId="f9f23f1d-b498-4913-ba95-9a394ac2a564" testId="8aef9341-89d7-79ce-fb7c-7252b900e1b1" testName="SystemDashboardConfigurationuration_Update_Success" computerName="DKSR-EFI-06" duration="00:00:00.0004923" startTime="2024-01-09T15:41:46.0914110+01:00" endTime="2024-01-09T15:41:46.0914110+01:00" testType="13cdc9d9-ddb5-4fa4-a97d-d965ccfc6d4b" outcome="Passed" testListId="8c84fa94-04c1-424b-9868-57a2d4851a1d" relativeResultsDirectory="f9f23f1d-b498-4913-ba95-9a394ac2a564" />
    <UnitTestResult executionId="a7c959c5-1490-47e6-b9f1-c5e0bc658efa" testId="31f79dc2-9bca-ec9b-2795-435b2b714967" testName="Role_Refresh_Success" computerName="DKSR-EFI-06" duration="00:00:00.0003841" startTime="2024-01-09T15:41:45.9039082+01:00" endTime="2024-01-09T15:41:45.9039082+01:00" testType="13cdc9d9-ddb5-4fa4-a97d-d965ccfc6d4b" outcome="Passed" testListId="8c84fa94-04c1-424b-9868-57a2d4851a1d" relativeResultsDirectory="a7c959c5-1490-47e6-b9f1-c5e0bc658efa" />
    <UnitTestResult executionId="2fcce07e-38b6-48e5-a98e-9b012d2fa70e" testId="5df9c454-7cbe-bd55-0211-06b8f20caa18" testName="PatrollingProfile_InsertStepAt_Existing_PatrollingStep" computerName="DKSR-EFI-06" duration="00:00:00.0009298" startTime="2024-01-09T15:41:45.3257825+01:00" endTime="2024-01-09T15:41:45.3257825+01:00" testType="13cdc9d9-ddb5-4fa4-a97d-d965ccfc6d4b" outcome="Passed" testListId="8c84fa94-04c1-424b-9868-57a2d4851a1d" relativeResultsDirectory="2fcce07e-38b6-48e5-a98e-9b012d2fa70e" />
    <UnitTestResult executionId="e6e7e368-51d8-4ec8-bf94-ecad4cd64db8" testId="dbafdc1b-9898-eef4-0460-5a2eeb86c952" testName="GenericRepositoryTestGetObjectByIdServerCalled" computerName="DKSR-EFI-06" duration="00:00:00.0036164" startTime="2024-01-09T15:41:47.1698444+01:00" endTime="2024-01-09T15:41:47.1698444+01:00" testType="13cdc9d9-ddb5-4fa4-a97d-d965ccfc6d4b" outcome="Passed" testListId="8c84fa94-04c1-424b-9868-57a2d4851a1d" relativeResultsDirectory="e6e7e368-51d8-4ec8-bf94-ecad4cd64db8" />
    <UnitTestResult executionId="fdeff187-3c48-4d97-8247-910886592fb6" testId="3f6a259a-e1b2-b047-675c-86a55ef507cd" testName="SpeakerDeviceGroup_Refresh_Failed" computerName="DKSR-EFI-06" duration="00:00:00.0009824" startTime="2024-01-09T15:41:44.3726490+01:00" endTime="2024-01-09T15:41:44.3726490+01:00" testType="13cdc9d9-ddb5-4fa4-a97d-d965ccfc6d4b" outcome="Passed" testListId="8c84fa94-04c1-424b-9868-57a2d4851a1d" relativeResultsDirectory="fdeff187-3c48-4d97-8247-910886592fb6" />
    <UnitTestResult executionId="ba23ea82-33d3-49a8-b129-376591e8f909" testId="a3c14e62-c027-c89c-b304-e34b4c3eb8c0" testName="Grid_GridSizeNotDefined_Exception" computerName="DKSR-EFI-06" duration="00:00:00.0004963" startTime="2024-01-09T15:41:44.6070232+01:00" endTime="2024-01-09T15:41:44.6070232+01:00" testType="13cdc9d9-ddb5-4fa4-a97d-d965ccfc6d4b" outcome="Passed" testListId="8c84fa94-04c1-424b-9868-57a2d4851a1d" relativeResultsDirectory="ba23ea82-33d3-49a8-b129-376591e8f909" />
    <UnitTestResult executionId="e6f23a8b-9faf-4c28-bb5b-01b6bd1f2d7a" testId="f1a01f5b-d1c2-a047-aa46-885719da5593" testName="ValidateSchemas_AllowUnsecure_True" computerName="DKSR-EFI-06" duration="00:00:00.0012335" startTime="2024-01-09T15:41:33.9038487+01:00" endTime="2024-01-09T15:41:33.9038487+01:00" testType="13cdc9d9-ddb5-4fa4-a97d-d965ccfc6d4b" outcome="Passed" testListId="8c84fa94-04c1-424b-9868-57a2d4851a1d" relativeResultsDirectory="e6f23a8b-9faf-4c28-bb5b-01b6bd1f2d7a" />
    <UnitTestResult executionId="683b6ad3-c480-477f-b8df-788f429d619c" testId="23a8ef88-55d0-31a3-400b-f46cbe18e1f6" testName="PatrollingProfile_Preset_Constructor_Argument_Empty" computerName="DKSR-EFI-06" duration="00:00:00.0006449" startTime="2024-01-09T15:41:45.2945759+01:00" endTime="2024-01-09T15:41:45.2945759+01:00" testType="13cdc9d9-ddb5-4fa4-a97d-d965ccfc6d4b" outcome="Passed" testListId="8c84fa94-04c1-424b-9868-57a2d4851a1d" relativeResultsDirectory="683b6ad3-c480-477f-b8df-788f429d619c">
      <Output>
        <StdOut>Debug Trace:&#xD;
Fail: Parameter 'id' cannot be empty.</StdOut>
      </Output>
    </UnitTestResult>
    <UnitTestResult executionId="6219650e-abe9-40fa-b16d-e2f61b012ec2" testId="36afe47d-d059-aecd-61ee-8f7c215c87bd" testName="ArchiveStorage_Move_Storage_Success" computerName="DKSR-EFI-06" duration="00:00:00.0292642" startTime="2024-01-09T15:41:44.0601454+01:00" endTime="2024-01-09T15:41:44.0913973+01:00" testType="13cdc9d9-ddb5-4fa4-a97d-d965ccfc6d4b" outcome="Passed" testListId="8c84fa94-04c1-424b-9868-57a2d4851a1d" relativeResultsDirectory="6219650e-abe9-40fa-b16d-e2f61b012ec2" />
    <UnitTestResult executionId="64417aae-cd14-46c1-bae9-30e7ee082909" testId="424d850d-59b2-3bdf-a9a5-7ffbdde0a011" testName="ThrowExceptionIfProtocolIsNotAllowed_NonSecureProtocol_NonSecureNotAllowed_Throws" computerName="DKSR-EFI-06" duration="00:00:00.0007854" startTime="2024-01-09T15:41:36.0757349+01:00" endTime="2024-01-09T15:41:36.0757349+01:00" testType="13cdc9d9-ddb5-4fa4-a97d-d965ccfc6d4b" outcome="Passed" testListId="8c84fa94-04c1-424b-9868-57a2d4851a1d" relativeResultsDirectory="64417aae-cd14-46c1-bae9-30e7ee082909" />
    <UnitTestResult executionId="0e3ab78f-48ee-418c-848d-310f9a4ace82" testId="3491f7c4-65eb-27da-c18b-89f7c7994d19" testName="VideoWallPreset_Activate_Success" computerName="DKSR-EFI-06" duration="00:00:00.0015895" startTime="2024-01-09T15:41:47.0601663+01:00" endTime="2024-01-09T15:41:47.0601663+01:00" testType="13cdc9d9-ddb5-4fa4-a97d-d965ccfc6d4b" outcome="Passed" testListId="8c84fa94-04c1-424b-9868-57a2d4851a1d" relativeResultsDirectory="0e3ab78f-48ee-418c-848d-310f9a4ace82" />
    <UnitTestResult executionId="90452047-9951-46d5-98f9-4caf0a8ae641" testId="cda36453-4b03-8814-c9dc-788a92f4f459" testName="CalendarTimeProfile_Refresh_Success" computerName="DKSR-EFI-06" duration="00:00:00.0004082" startTime="2024-01-09T15:41:46.8726632+01:00" endTime="2024-01-09T15:41:46.8726632+01:00" testType="13cdc9d9-ddb5-4fa4-a97d-d965ccfc6d4b" outcome="Passed" testListId="8c84fa94-04c1-424b-9868-57a2d4851a1d" relativeResultsDirectory="90452047-9951-46d5-98f9-4caf0a8ae641" />
    <UnitTestResult executionId="78561172-9257-485b-8127-67a6bb7855c1" testId="a222126a-0bc4-156a-67e5-d6bfe410cb10" testName="PerformanceStateRuleConfig_Constructor_CheckForVersion_7_0_and_throws" computerName="DKSR-EFI-06" duration="00:00:00.0007850" startTime="2024-01-09T15:41:45.4351555+01:00" endTime="2024-01-09T15:41:45.4351555+01:00" testType="13cdc9d9-ddb5-4fa4-a97d-d965ccfc6d4b" outcome="Passed" testListId="8c84fa94-04c1-424b-9868-57a2d4851a1d" relativeResultsDirectory="78561172-9257-485b-8127-67a6bb7855c1" />
    <UnitTestResult executionId="083325a7-dc4a-492a-af36-2d625d816d23" testId="5c387d2c-df71-396e-fabc-f8fb7380fc52" testName="FailoverServerGroup_Delete_Failed" computerName="DKSR-EFI-06" duration="00:00:00.0006950" startTime="2024-01-09T15:41:44.4195244+01:00" endTime="2024-01-09T15:41:44.4195244+01:00" testType="13cdc9d9-ddb5-4fa4-a97d-d965ccfc6d4b" outcome="Passed" testListId="8c84fa94-04c1-424b-9868-57a2d4851a1d" relativeResultsDirectory="083325a7-dc4a-492a-af36-2d625d816d23" />
    <UnitTestResult executionId="e67a33aa-5060-4cc6-8aa6-cfb88fdd4ae5" testId="eddbc32c-5ae9-6e27-1da2-1af9dc211e1d" testName="PublicViewGroup_ConstructorWithParent_DefaultValuesCorrect" computerName="DKSR-EFI-06" duration="00:00:00.0007497" startTime="2024-01-09T15:41:45.5289063+01:00" endTime="2024-01-09T15:41:45.5289063+01:00" testType="13cdc9d9-ddb5-4fa4-a97d-d965ccfc6d4b" outcome="Passed" testListId="8c84fa94-04c1-424b-9868-57a2d4851a1d" relativeResultsDirectory="e67a33aa-5060-4cc6-8aa6-cfb88fdd4ae5" />
    <UnitTestResult executionId="223aed04-fc60-416e-9721-da43242566a5" testId="16cb513f-1296-dccb-4302-b40b54e4775b" testName="Role_Update_Success" computerName="DKSR-EFI-06" duration="00:00:00.0005044" startTime="2024-01-09T15:41:45.9039082+01:00" endTime="2024-01-09T15:41:45.9039082+01:00" testType="13cdc9d9-ddb5-4fa4-a97d-d965ccfc6d4b" outcome="Passed" testListId="8c84fa94-04c1-424b-9868-57a2d4851a1d" relativeResultsDirectory="223aed04-fc60-416e-9721-da43242566a5" />
    <UnitTestResult executionId="8dd2cca6-a254-436a-9f78-7f6a5be485e7" testId="d2131bb2-ad92-b7d1-d3a3-b98c60e9ed91" testName="ManagementServer_CreateReference_ArgumentException_DeviceDeleted" computerName="DKSR-EFI-06" duration="00:00:00.0011467" startTime="2024-01-09T15:41:44.7945272+01:00" endTime="2024-01-09T15:41:44.7945272+01:00" testType="13cdc9d9-ddb5-4fa4-a97d-d965ccfc6d4b" outcome="Passed" testListId="8c84fa94-04c1-424b-9868-57a2d4851a1d" relativeResultsDirectory="8dd2cca6-a254-436a-9f78-7f6a5be485e7" />
    <UnitTestResult executionId="d8001dd0-6237-49b1-874e-dd561e603f90" testId="83a62253-90b7-191a-fd01-3d530c76a1cb" testName="PatrollingProfile_Preset_Constructor_Argument_Null" computerName="DKSR-EFI-06" duration="00:00:00.1133639" startTime="2024-01-09T15:41:45.1695305+01:00" endTime="2024-01-09T15:41:45.2789065+01:00" testType="13cdc9d9-ddb5-4fa4-a97d-d965ccfc6d4b" outcome="Passed" testListId="8c84fa94-04c1-424b-9868-57a2d4851a1d" relativeResultsDirectory="d8001dd0-6237-49b1-874e-dd561e603f90">
      <Output>
        <StdOut>Debug Trace:&#xD;
Fail: Parameter 'id' cannot be null.</StdOut>
      </Output>
    </UnitTestResult>
    <UnitTestResult executionId="7e92010e-cba8-4e33-85a7-ecb838574f1c" testId="dbb49c07-debe-73ff-d467-5e80dec57b2c" testName="CameraDevice_RequestEdgeStorageRetrieval_Fail_When_Deleted" computerName="DKSR-EFI-06" duration="00:00:00.0007225" startTime="2024-01-09T15:41:45.6070318+01:00" endTime="2024-01-09T15:41:45.6070318+01:00" testType="13cdc9d9-ddb5-4fa4-a97d-d965ccfc6d4b" outcome="Passed" testListId="8c84fa94-04c1-424b-9868-57a2d4851a1d" relativeResultsDirectory="7e92010e-cba8-4e33-85a7-ecb838574f1c" />
    <UnitTestResult executionId="7663cc3a-bd76-4435-b9b9-5424294eccdb" testId="8f54b6a8-45c1-5b67-46cd-96c92afde143" testName="Monitor_CreateWithId_CheckVersionNotCalled" computerName="DKSR-EFI-06" duration="00:00:00.0005393" startTime="2024-01-09T15:41:45.0289037+01:00" endTime="2024-01-09T15:41:45.0289037+01:00" testType="13cdc9d9-ddb5-4fa4-a97d-d965ccfc6d4b" outcome="Passed" testListId="8c84fa94-04c1-424b-9868-57a2d4851a1d" relativeResultsDirectory="7663cc3a-bd76-4435-b9b9-5424294eccdb" />
    <UnitTestResult executionId="d2fa4174-6927-475b-b79a-7a06f309a131" testId="6ce42f26-15a1-aba4-5c4e-9513306aaa1b" testName="PerformanceStateRuleConfiguration_Delete_Failed_Not_Created" computerName="DKSR-EFI-06" duration="00:00:00.0008361" startTime="2024-01-09T15:41:45.4820316+01:00" endTime="2024-01-09T15:41:45.4820316+01:00" testType="13cdc9d9-ddb5-4fa4-a97d-d965ccfc6d4b" outcome="Passed" testListId="8c84fa94-04c1-424b-9868-57a2d4851a1d" relativeResultsDirectory="d2fa4174-6927-475b-b79a-7a06f309a131" />
    <UnitTestResult executionId="9a80243b-df0b-456d-8103-56818fa8d2d9" testId="24d1b82b-a890-7a9c-2f4f-4ff21d01978b" testName="Hardware_Update_Success" computerName="DKSR-EFI-06" duration="00:00:00.0004910" startTime="2024-01-09T15:41:45.6695307+01:00" endTime="2024-01-09T15:41:45.6695307+01:00" testType="13cdc9d9-ddb5-4fa4-a97d-d965ccfc6d4b" outcome="Passed" testListId="8c84fa94-04c1-424b-9868-57a2d4851a1d" relativeResultsDirectory="9a80243b-df0b-456d-8103-56818fa8d2d9" />
    <UnitTestResult executionId="8d2ba996-ec6a-4ba2-aa41-208cdb0ad293" testId="41552e2f-c955-e627-479f-7829b8de2b6c" testName="FailoverServer_Constructor_DefaultValuesCorrect" computerName="DKSR-EFI-06" duration="00:00:00.0011458" startTime="2024-01-09T15:41:44.4976484+01:00" endTime="2024-01-09T15:41:44.4976484+01:00" testType="13cdc9d9-ddb5-4fa4-a97d-d965ccfc6d4b" outcome="Passed" testListId="8c84fa94-04c1-424b-9868-57a2d4851a1d" relativeResultsDirectory="8d2ba996-ec6a-4ba2-aa41-208cdb0ad293" />
    <UnitTestResult executionId="29e311a1-4c24-4a2e-ba88-f15798922357" testId="2df11082-086c-4938-fcb5-70372619bdc8" testName="GetHighPriorityError_GivenUnsecureConnectionNotAllowedException_ReturnsUnsecureConnectionNotAllowedException" computerName="DKSR-EFI-06" duration="00:00:00.0133889" startTime="2024-01-09T15:41:34.0444748+01:00" endTime="2024-01-09T15:41:34.0601014+01:00" testType="13cdc9d9-ddb5-4fa4-a97d-d965ccfc6d4b" outcome="Passed" testListId="8c84fa94-04c1-424b-9868-57a2d4851a1d" relativeResultsDirectory="29e311a1-4c24-4a2e-ba88-f15798922357" />
    <UnitTestResult executionId="9169c04d-fa69-40c1-9fa9-6dc2634da618" testId="98895487-e543-858e-a04b-ff97ec968ee8" testName="Role_Constructor_Name_Null_Check" computerName="DKSR-EFI-06" duration="00:00:00.0006769" startTime="2024-01-09T15:41:45.8882840+01:00" endTime="2024-01-09T15:41:45.8882840+01:00" testType="13cdc9d9-ddb5-4fa4-a97d-d965ccfc6d4b" outcome="Passed" testListId="8c84fa94-04c1-424b-9868-57a2d4851a1d" relativeResultsDirectory="9169c04d-fa69-40c1-9fa9-6dc2634da618" />
    <UnitTestResult executionId="99466839-6cfc-4c6a-8224-2c169700f15d" testId="ee1a676b-cacd-4065-d8c6-a676503afcba" testName="Constructor_NullIdpCientTokenSettings_Throws" computerName="DKSR-EFI-06" duration="00:00:00.0008060" startTime="2024-01-09T15:41:35.6069845+01:00" endTime="2024-01-09T15:41:35.6069845+01:00" testType="13cdc9d9-ddb5-4fa4-a97d-d965ccfc6d4b" outcome="Passed" testListId="8c84fa94-04c1-424b-9868-57a2d4851a1d" relativeResultsDirectory="99466839-6cfc-4c6a-8224-2c169700f15d" />
    <UnitTestResult executionId="1b0fd900-16c3-48f6-83c1-043b84d594a8" testId="27b51024-8539-93fa-9d5d-982c0ad3d02a" testName="FailoverServer_Refresh_Failed" computerName="DKSR-EFI-06" duration="00:00:00.0009087" startTime="2024-01-09T15:41:44.5132742+01:00" endTime="2024-01-09T15:41:44.5132742+01:00" testType="13cdc9d9-ddb5-4fa4-a97d-d965ccfc6d4b" outcome="Passed" testListId="8c84fa94-04c1-424b-9868-57a2d4851a1d" relativeResultsDirectory="1b0fd900-16c3-48f6-83c1-043b84d594a8" />
    <UnitTestResult executionId="7ccd691c-f586-41b4-a6dc-2e9056ddc149" testId="06a715e6-5375-46b9-9b2d-665d5cc7acd6" testName="BasicOwnerInfo_Refresh_CheckVersionCalled" computerName="DKSR-EFI-06" duration="00:00:00.0002919" startTime="2024-01-09T15:41:44.2320219+01:00" endTime="2024-01-09T15:41:44.2320219+01:00" testType="13cdc9d9-ddb5-4fa4-a97d-d965ccfc6d4b" outcome="Passed" testListId="8c84fa94-04c1-424b-9868-57a2d4851a1d" relativeResultsDirectory="7ccd691c-f586-41b4-a6dc-2e9056ddc149" />
    <UnitTestResult executionId="f16bd70c-4605-4e05-87d2-1e0d99faab7a" testId="fe26576b-edfb-c4fa-aee1-7a159320955b" testName="ErrorResultInstance_ReturnsCachedValue" computerName="DKSR-EFI-06" duration="00:00:00.0018338" startTime="2024-01-09T15:41:46.6851609+01:00" endTime="2024-01-09T15:41:46.6851609+01:00" testType="13cdc9d9-ddb5-4fa4-a97d-d965ccfc6d4b" outcome="Passed" testListId="8c84fa94-04c1-424b-9868-57a2d4851a1d" relativeResultsDirectory="f16bd70c-4605-4e05-87d2-1e0d99faab7a" />
    <UnitTestResult executionId="8739f9bc-bec7-44b4-be0b-a9d75fa487b9" testId="d46c4055-95a7-9cda-629d-2b64d730453b" testName="Role_Create_Success" computerName="DKSR-EFI-06" duration="00:00:00.0003703" startTime="2024-01-09T15:41:45.9039082+01:00" endTime="2024-01-09T15:41:45.9039082+01:00" testType="13cdc9d9-ddb5-4fa4-a97d-d965ccfc6d4b" outcome="Passed" testListId="8c84fa94-04c1-424b-9868-57a2d4851a1d" relativeResultsDirectory="8739f9bc-bec7-44b4-be0b-a9d75fa487b9" />
    <UnitTestResult executionId="0a531170-31a9-44f6-ad56-655f2fecbc1a" testId="9dc2f839-86a3-d3c2-71cd-8f639f6b00a4" testName="Role_Add_Basic_User_Member_Check_Null" computerName="DKSR-EFI-06" duration="00:00:00.0006805" startTime="2024-01-09T15:41:45.9507865+01:00" endTime="2024-01-09T15:41:45.9507865+01:00" testType="13cdc9d9-ddb5-4fa4-a97d-d965ccfc6d4b" outcome="Passed" testListId="8c84fa94-04c1-424b-9868-57a2d4851a1d" relativeResultsDirectory="0a531170-31a9-44f6-ad56-655f2fecbc1a" />
    <UnitTestResult executionId="2eafe86d-8105-47ea-b4ab-ab5f7a605f00" testId="e162973a-6b58-87ba-a821-f51b2b4c682d" testName="ExceptionConverter_GetConnectionConvertedException_SecurityNegotiationException" computerName="DKSR-EFI-06" duration="00:00:00.0003418" startTime="2024-01-09T15:41:47.3414158+01:00" endTime="2024-01-09T15:41:47.3414158+01:00" testType="13cdc9d9-ddb5-4fa4-a97d-d965ccfc6d4b" outcome="Passed" testListId="8c84fa94-04c1-424b-9868-57a2d4851a1d" relativeResultsDirectory="2eafe86d-8105-47ea-b4ab-ab5f7a605f00" />
    <UnitTestResult executionId="13fb4da4-b60a-4c93-84bf-209313a42bb7" testId="b394d5ed-12cd-965f-67db-52cb448440db" testName="Monitor_Repository_Registered" computerName="DKSR-EFI-06" duration="00:00:00.0003200" startTime="2024-01-09T15:41:45.0289037+01:00" endTime="2024-01-09T15:41:45.0289037+01:00" testType="13cdc9d9-ddb5-4fa4-a97d-d965ccfc6d4b" outcome="Passed" testListId="8c84fa94-04c1-424b-9868-57a2d4851a1d" relativeResultsDirectory="13fb4da4-b60a-4c93-84bf-209313a42bb7" />
    <UnitTestResult executionId="fe33c33e-b93b-4c3c-aac8-d918133a5b56" testId="70aae99a-6b7c-87f8-e77e-e87c4ee8f965" testName="MIPDeviceEvent_Create_Success" computerName="DKSR-EFI-06" duration="00:00:00.0003911" startTime="2024-01-09T15:41:44.9039023+01:00" endTime="2024-01-09T15:41:44.9039023+01:00" testType="13cdc9d9-ddb5-4fa4-a97d-d965ccfc6d4b" outcome="Passed" testListId="8c84fa94-04c1-424b-9868-57a2d4851a1d" relativeResultsDirectory="fe33c33e-b93b-4c3c-aac8-d918133a5b56" />
    <UnitTestResult executionId="661dbfff-8653-4d14-8e14-c75a787d3601" testId="94b148ad-9c83-a554-8c3e-b246b0575830" testName="BasicUser_Constructor_Password_Empty_Check" computerName="DKSR-EFI-06" duration="00:00:00.0006220" startTime="2024-01-09T15:41:44.2632701+01:00" endTime="2024-01-09T15:41:44.2632701+01:00" testType="13cdc9d9-ddb5-4fa4-a97d-d965ccfc6d4b" outcome="Passed" testListId="8c84fa94-04c1-424b-9868-57a2d4851a1d" relativeResultsDirectory="661dbfff-8653-4d14-8e14-c75a787d3601" />
    <UnitTestResult executionId="4ec160e2-0dbd-4c34-ae62-0d87c7cbe86a" testId="aec10309-d900-227d-602e-24d8260a96b8" testName="MicrophoneDevice_Repository_Registered" computerName="DKSR-EFI-06" duration="00:00:00.0017386" startTime="2024-01-09T15:41:45.6226566+01:00" endTime="2024-01-09T15:41:45.6226566+01:00" testType="13cdc9d9-ddb5-4fa4-a97d-d965ccfc6d4b" outcome="Passed" testListId="8c84fa94-04c1-424b-9868-57a2d4851a1d" relativeResultsDirectory="4ec160e2-0dbd-4c34-ae62-0d87c7cbe86a" />
    <UnitTestResult executionId="1dcd201d-a45f-4bb6-8fc5-95522687c5fe" testId="75145f8e-0455-b248-30a8-e0ed6e4ecd17" testName="GetSiteConnectionResultTokenExchange_StoreContainsValidTokenCache_Success" computerName="DKSR-EFI-06" duration="00:00:00.0179873" startTime="2024-01-09T15:41:35.6382318+01:00" endTime="2024-01-09T15:41:35.6538603+01:00" testType="13cdc9d9-ddb5-4fa4-a97d-d965ccfc6d4b" outcome="Passed" testListId="8c84fa94-04c1-424b-9868-57a2d4851a1d" relativeResultsDirectory="1dcd201d-a45f-4bb6-8fc5-95522687c5fe" />
    <UnitTestResult executionId="6d745bbd-19c5-48c8-95be-20f08d555f76" testId="246122c6-ee39-3a60-a746-b4c72482e1eb" testName="ServerVersionConstructor_Version_Failure" computerName="DKSR-EFI-06" duration="00:00:00.0007814" startTime="2024-01-09T15:41:33.3882222+01:00" endTime="2024-01-09T15:41:33.3882222+01:00" testType="13cdc9d9-ddb5-4fa4-a97d-d965ccfc6d4b" outcome="Passed" testListId="8c84fa94-04c1-424b-9868-57a2d4851a1d" relativeResultsDirectory="6d745bbd-19c5-48c8-95be-20f08d555f76" />
    <UnitTestResult executionId="39ffa90f-c237-4454-893f-c09ae49ae4d5" testId="769dd84a-9fda-bf63-7d8c-498ec36290b9" testName="View_Constructor_DefaultValuesCorrect" computerName="DKSR-EFI-06" duration="00:00:00.0032292" startTime="2024-01-09T15:41:47.1226661+01:00" endTime="2024-01-09T15:41:47.1226661+01:00" testType="13cdc9d9-ddb5-4fa4-a97d-d965ccfc6d4b" outcome="Passed" testListId="8c84fa94-04c1-424b-9868-57a2d4851a1d" relativeResultsDirectory="39ffa90f-c237-4454-893f-c09ae49ae4d5" />
    <UnitTestResult executionId="53c58fcb-3e6b-4cd3-9abc-da8e943b7280" testId="6d38dc57-e716-1916-fa31-eb339b7781ce" testName="PublicViewGroup_Delete_Success" computerName="DKSR-EFI-06" duration="00:00:00.0002588" startTime="2024-01-09T15:41:45.5445311+01:00" endTime="2024-01-09T15:41:45.5445311+01:00" testType="13cdc9d9-ddb5-4fa4-a97d-d965ccfc6d4b" outcome="Passed" testListId="8c84fa94-04c1-424b-9868-57a2d4851a1d" relativeResultsDirectory="53c58fcb-3e6b-4cd3-9abc-da8e943b7280" />
    <UnitTestResult executionId="2321d9f0-93b5-423b-b143-5c72b4e97578" testId="17fc8860-2b38-4ff9-4cd1-df0ba112a282" testName="MarkedData_Refresh_Failed_Not_Created" computerName="DKSR-EFI-06" duration="00:00:00.0006447" startTime="2024-01-09T15:41:44.8414019+01:00" endTime="2024-01-09T15:41:44.8570268+01:00" testType="13cdc9d9-ddb5-4fa4-a97d-d965ccfc6d4b" outcome="Passed" testListId="8c84fa94-04c1-424b-9868-57a2d4851a1d" relativeResultsDirectory="2321d9f0-93b5-423b-b143-5c72b4e97578" />
    <UnitTestResult executionId="de314b52-a22b-43b6-a348-fa36e8efcf1a" testId="7d8e673d-4a14-e470-af53-d998a85b6b1b" testName="Role_Enum_Member_Success" computerName="DKSR-EFI-06" duration="00:00:00.0010901" startTime="2024-01-09T15:41:45.9820339+01:00" endTime="2024-01-09T15:41:45.9820339+01:00" testType="13cdc9d9-ddb5-4fa4-a97d-d965ccfc6d4b" outcome="Passed" testListId="8c84fa94-04c1-424b-9868-57a2d4851a1d" relativeResultsDirectory="de314b52-a22b-43b6-a348-fa36e8efcf1a" />
    <UnitTestResult executionId="83a9fe61-3683-43a0-bdd0-b4a4d50a10f5" testId="46b522aa-ca89-4fe7-ec76-8cae48a8ed03" testName="ManagementServer_RefreshLicenseCache_Before_v133_NotSupported" computerName="DKSR-EFI-06" duration="00:00:00.0010499" startTime="2024-01-09T15:41:44.8101512+01:00" endTime="2024-01-09T15:41:44.8101512+01:00" testType="13cdc9d9-ddb5-4fa4-a97d-d965ccfc6d4b" outcome="Passed" testListId="8c84fa94-04c1-424b-9868-57a2d4851a1d" relativeResultsDirectory="83a9fe61-3683-43a0-bdd0-b4a4d50a10f5" />
    <UnitTestResult executionId="c82d1466-573a-4460-9fde-2f21b31e39de" testId="244393d8-045b-80c6-1620-1dfde66bcfa9" testName="SunClockTimeProfile_Create60WithId_NotSupportedException" computerName="DKSR-EFI-06" duration="00:00:00.0007618" startTime="2024-01-09T15:41:46.9351640+01:00" endTime="2024-01-09T15:41:46.9351640+01:00" testType="13cdc9d9-ddb5-4fa4-a97d-d965ccfc6d4b" outcome="Passed" testListId="8c84fa94-04c1-424b-9868-57a2d4851a1d" relativeResultsDirectory="c82d1466-573a-4460-9fde-2f21b31e39de" />
    <UnitTestResult executionId="07eb171e-4a07-476b-be6d-05a7b4d32154" testId="30706899-717f-9653-8d60-4d7641499993" testName="FailoverServerGroup_Refresh_Success" computerName="DKSR-EFI-06" duration="00:00:00.0004455" startTime="2024-01-09T15:41:44.4195244+01:00" endTime="2024-01-09T15:41:44.4195244+01:00" testType="13cdc9d9-ddb5-4fa4-a97d-d965ccfc6d4b" outcome="Passed" testListId="8c84fa94-04c1-424b-9868-57a2d4851a1d" relativeResultsDirectory="07eb171e-4a07-476b-be6d-05a7b4d32154" />
    <UnitTestResult executionId="5c440576-8820-4283-9ca4-ea4db1fe3e34" testId="1ff3f87e-5174-56eb-2851-3625b34adab2" testName="ArchiveStorage_Refresh_Success" computerName="DKSR-EFI-06" duration="00:00:00.0023374" startTime="2024-01-09T15:41:44.0132708+01:00" endTime="2024-01-09T15:41:44.0132708+01:00" testType="13cdc9d9-ddb5-4fa4-a97d-d965ccfc6d4b" outcome="Passed" testListId="8c84fa94-04c1-424b-9868-57a2d4851a1d" relativeResultsDirectory="5c440576-8820-4283-9ca4-ea4db1fe3e34" />
    <UnitTestResult executionId="10c2134d-901b-4421-b592-6175a2e2ba5f" testId="0adbbfdf-6eaa-cf6b-4f0d-6ad2e0f1aa5a" testName="PatrollingProfile_Preset_Constructor_Argument_Guid_Empty" computerName="DKSR-EFI-06" duration="00:00:00.0006914" startTime="2024-01-09T15:41:45.3101569+01:00" endTime="2024-01-09T15:41:45.3101569+01:00" testType="13cdc9d9-ddb5-4fa4-a97d-d965ccfc6d4b" outcome="Passed" testListId="8c84fa94-04c1-424b-9868-57a2d4851a1d" relativeResultsDirectory="10c2134d-901b-4421-b592-6175a2e2ba5f">
      <Output>
        <StdOut>Debug Trace:&#xD;
Fail: Parameter 'id' cannot be empty guid.</StdOut>
      </Output>
    </UnitTestResult>
    <UnitTestResult executionId="18b0c467-f8cf-48dc-b445-e65755a4da0f" testId="2e4724a5-2b7b-eb65-ebd9-ad0253c0844b" testName="MIPEvent_Trigger_Success" computerName="DKSR-EFI-06" duration="00:00:00.0011820" startTime="2024-01-09T15:41:44.9351520+01:00" endTime="2024-01-09T15:41:44.9351520+01:00" testType="13cdc9d9-ddb5-4fa4-a97d-d965ccfc6d4b" outcome="Passed" testListId="8c84fa94-04c1-424b-9868-57a2d4851a1d" relativeResultsDirectory="18b0c467-f8cf-48dc-b445-e65755a4da0f" />
    <UnitTestResult executionId="0c33fb5f-289e-4f33-9848-834200152fe9" testId="66e296b5-257f-384e-8ec6-e459694bc099" testName="Role_Remove_Member_Check_Empty_Name" computerName="DKSR-EFI-06" duration="00:00:00.0006970" startTime="2024-01-09T15:41:45.9664115+01:00" endTime="2024-01-09T15:41:45.9664115+01:00" testType="13cdc9d9-ddb5-4fa4-a97d-d965ccfc6d4b" outcome="Passed" testListId="8c84fa94-04c1-424b-9868-57a2d4851a1d" relativeResultsDirectory="0c33fb5f-289e-4f33-9848-834200152fe9" />
    <UnitTestResult executionId="a3d08c85-5b3a-4557-b9df-6b0ad948d384" testId="1f73194b-cfd3-f9ab-41d8-a850a2bc1d50" testName="Grid_GetGridAsString_Success" computerName="DKSR-EFI-06" duration="00:00:00.0020449" startTime="2024-01-09T15:41:44.5601488+01:00" endTime="2024-01-09T15:41:44.5601488+01:00" testType="13cdc9d9-ddb5-4fa4-a97d-d965ccfc6d4b" outcome="Passed" testListId="8c84fa94-04c1-424b-9868-57a2d4851a1d" relativeResultsDirectory="a3d08c85-5b3a-4557-b9df-6b0ad948d384" />
    <UnitTestResult executionId="4c824881-6198-4eb4-868b-661614d373cf" testId="197237f7-590e-67dd-1857-7966b8744641" testName="TryGetPropertyValue_Enum_NotExist_ReturnsDefaultValue" computerName="DKSR-EFI-06" duration="00:00:00.0043309" startTime="2024-01-09T15:41:47.4351672+01:00" endTime="2024-01-09T15:41:47.4351672+01:00" testType="13cdc9d9-ddb5-4fa4-a97d-d965ccfc6d4b" outcome="Passed" testListId="8c84fa94-04c1-424b-9868-57a2d4851a1d" relativeResultsDirectory="4c824881-6198-4eb4-868b-661614d373cf" />
    <UnitTestResult executionId="76d5c315-d104-4ab7-b732-cba87449fa08" testId="1631baa5-9f8e-cd43-391f-bd6c48e5df61" testName="CalendarTimeProfile_Repository_Registered" computerName="DKSR-EFI-06" duration="00:00:00.0003412" startTime="2024-01-09T15:41:46.8882876+01:00" endTime="2024-01-09T15:41:46.8882876+01:00" testType="13cdc9d9-ddb5-4fa4-a97d-d965ccfc6d4b" outcome="Passed" testListId="8c84fa94-04c1-424b-9868-57a2d4851a1d" relativeResultsDirectory="76d5c315-d104-4ab7-b732-cba87449fa08" />
    <UnitTestResult executionId="d05f5852-bd65-44bf-b5cd-46fa51d38d9e" testId="b4286873-47af-f3c2-5fa5-1bbf4bab42bb" testName="Role_Add_Member_Check_Object_Created" computerName="DKSR-EFI-06" duration="00:00:00.0007458" startTime="2024-01-09T15:41:45.9351572+01:00" endTime="2024-01-09T15:41:45.9351572+01:00" testType="13cdc9d9-ddb5-4fa4-a97d-d965ccfc6d4b" outcome="Passed" testListId="8c84fa94-04c1-424b-9868-57a2d4851a1d" relativeResultsDirectory="d05f5852-bd65-44bf-b5cd-46fa51d38d9e" />
    <UnitTestResult executionId="9d3ceef9-5ce1-483d-b3a7-9219ac83d684" testId="4257a0ea-891d-1bd7-bbc5-e7f7415f87d3" testName="PatrollingProfile_InsertStepFirst_Create_PatrollingStep_Default" computerName="DKSR-EFI-06" duration="00:00:00.0019701" startTime="2024-01-09T15:41:45.3414048+01:00" endTime="2024-01-09T15:41:45.3414048+01:00" testType="13cdc9d9-ddb5-4fa4-a97d-d965ccfc6d4b" outcome="Passed" testListId="8c84fa94-04c1-424b-9868-57a2d4851a1d" relativeResultsDirectory="9d3ceef9-5ce1-483d-b3a7-9219ac83d684" />
    <UnitTestResult executionId="e991dab8-02e8-448a-a77a-9528602ca46d" testId="6c5d3f2e-9daa-5438-2561-cee1896b95d6" testName="RecordingStorage_ChangeEncryptionMethod_Failed_Wrong_Method_None" computerName="DKSR-EFI-06" duration="00:00:00.0008218" startTime="2024-01-09T15:41:45.8257824+01:00" endTime="2024-01-09T15:41:45.8257824+01:00" testType="13cdc9d9-ddb5-4fa4-a97d-d965ccfc6d4b" outcome="Passed" testListId="8c84fa94-04c1-424b-9868-57a2d4851a1d" relativeResultsDirectory="e991dab8-02e8-448a-a77a-9528602ca46d" />
    <UnitTestResult executionId="51102e85-d6a6-4183-98bb-128c13a9331a" testId="e13b8db9-dc87-e9c1-3e6a-5c36a8c2318f" testName="Monitor_ActivateCamerasWithLayout_ApplyCamerasAndLayoutToMonitorViewCalled" computerName="DKSR-EFI-06" duration="00:00:00.0039909" startTime="2024-01-09T15:41:45.0914022+01:00" endTime="2024-01-09T15:41:45.1070286+01:00" testType="13cdc9d9-ddb5-4fa4-a97d-d965ccfc6d4b" outcome="Passed" testListId="8c84fa94-04c1-424b-9868-57a2d4851a1d" relativeResultsDirectory="51102e85-d6a6-4183-98bb-128c13a9331a" />
    <UnitTestResult executionId="cfd10ea1-452e-4207-a0dc-a8676d1a2ef4" testId="323c1e95-295f-2abd-382b-8461123241f1" testName="RuleSource_IsDirty_Success" computerName="DKSR-EFI-06" duration="00:00:00.0002574" startTime="2024-01-09T15:41:46.0289085+01:00" endTime="2024-01-09T15:41:46.0289085+01:00" testType="13cdc9d9-ddb5-4fa4-a97d-d965ccfc6d4b" outcome="Passed" testListId="8c84fa94-04c1-424b-9868-57a2d4851a1d" relativeResultsDirectory="cfd10ea1-452e-4207-a0dc-a8676d1a2ef4" />
    <UnitTestResult executionId="6af1be9a-0aee-4b79-9346-0147635c6f5e" testId="69cc2c09-f8ab-7cbb-c62b-f09178b77057" testName="FailoverServerGroup_Constructor_Name_Null_Check" computerName="DKSR-EFI-06" duration="00:00:00.0007633" startTime="2024-01-09T15:41:44.4038987+01:00" endTime="2024-01-09T15:41:44.4038987+01:00" testType="13cdc9d9-ddb5-4fa4-a97d-d965ccfc6d4b" outcome="Passed" testListId="8c84fa94-04c1-424b-9868-57a2d4851a1d" relativeResultsDirectory="6af1be9a-0aee-4b79-9346-0147635c6f5e" />
    <UnitTestResult executionId="daaaa678-647c-49b0-845f-dbcaf26e1096" testId="34c7acda-0d62-3aa1-e07d-ecf994bc8301" testName="VideoWall_Delete_Success" computerName="DKSR-EFI-06" duration="00:00:00.0003617" startTime="2024-01-09T15:41:47.0914156+01:00" endTime="2024-01-09T15:41:47.0914156+01:00" testType="13cdc9d9-ddb5-4fa4-a97d-d965ccfc6d4b" outcome="Passed" testListId="8c84fa94-04c1-424b-9868-57a2d4851a1d" relativeResultsDirectory="daaaa678-647c-49b0-845f-dbcaf26e1096" />
    <UnitTestResult executionId="7f69e0a3-ccdd-47ed-84a8-afa8dd060582" testId="34084c98-44ea-3f8b-2d78-c59969fd8398" testName="CameraDevice_Refresh_Success" computerName="DKSR-EFI-06" duration="00:00:00.0014529" startTime="2024-01-09T15:41:45.5445311+01:00" endTime="2024-01-09T15:41:45.5601572+01:00" testType="13cdc9d9-ddb5-4fa4-a97d-d965ccfc6d4b" outcome="Passed" testListId="8c84fa94-04c1-424b-9868-57a2d4851a1d" relativeResultsDirectory="7f69e0a3-ccdd-47ed-84a8-afa8dd060582" />
    <UnitTestResult executionId="bf7b2fa1-bf43-43f0-b131-76ad56b2c97c" testId="76bdfff2-86bb-a4a4-4cd3-f83db04d8dac" testName="PatrollingProfile_InsertStepAt_Create_PatrollingStep_Position" computerName="DKSR-EFI-06" duration="00:00:00.0009133" startTime="2024-01-09T15:41:45.3414048+01:00" endTime="2024-01-09T15:41:45.3414048+01:00" testType="13cdc9d9-ddb5-4fa4-a97d-d965ccfc6d4b" outcome="Passed" testListId="8c84fa94-04c1-424b-9868-57a2d4851a1d" relativeResultsDirectory="bf7b2fa1-bf43-43f0-b131-76ad56b2c97c" />
    <UnitTestResult executionId="9460cb55-7d05-455c-8b8f-817f9a17ba2a" testId="4127c2ae-510a-766f-bc62-5c6f833bc370" testName="ServerVersionConstructor_NullString_Failure" computerName="DKSR-EFI-06" duration="00:00:00.0068194" startTime="2024-01-09T15:41:33.3413434+01:00" endTime="2024-01-09T15:41:33.3413434+01:00" testType="13cdc9d9-ddb5-4fa4-a97d-d965ccfc6d4b" outcome="Passed" testListId="8c84fa94-04c1-424b-9868-57a2d4851a1d" relativeResultsDirectory="9460cb55-7d05-455c-8b8f-817f9a17ba2a" />
    <UnitTestResult executionId="4b806a88-75fd-4ce3-8093-dc5c4f352509" testId="f9a2b92a-d1c8-03c1-1004-54d544c6ff74" testName="MIPDeviceEvent_Refresh_Success" computerName="DKSR-EFI-06" duration="00:00:00.0003295" startTime="2024-01-09T15:41:44.9039023+01:00" endTime="2024-01-09T15:41:44.9039023+01:00" testType="13cdc9d9-ddb5-4fa4-a97d-d965ccfc6d4b" outcome="Passed" testListId="8c84fa94-04c1-424b-9868-57a2d4851a1d" relativeResultsDirectory="4b806a88-75fd-4ce3-8093-dc5c4f352509" />
    <UnitTestResult executionId="90fa3a38-38df-489e-8f7c-ff9e920cb3ee" testId="49bd72f9-7c1c-bc4d-47d0-e23c03c0f452" testName="PatrollingProfile_InsertStepLast_Create_PatrollingStep_With_ExpectedTransitionTime" computerName="DKSR-EFI-06" duration="00:00:00.0006740" startTime="2024-01-09T15:41:45.3726547+01:00" endTime="2024-01-09T15:41:45.3882813+01:00" testType="13cdc9d9-ddb5-4fa4-a97d-d965ccfc6d4b" outcome="Passed" testListId="8c84fa94-04c1-424b-9868-57a2d4851a1d" relativeResultsDirectory="90fa3a38-38df-489e-8f7c-ff9e920cb3ee" />
  </Results>
  <TestDefinitions>
    <UnitTest name="SmartClientProfile_Constructor_DefaultValuesCorrect" storage="d:\actions-runner\_work\xpco\xpco\corporate\commonapi\videoos.management.vmoclient.unittests\bin\debug\net472\videoos.management.vmoclient.unittests.dll" id="3b07bab6-79ae-1097-0ffb-cd3b66159f8a">
      <Execution id="5eb7f916-5e20-4694-8c94-99007c2bafc6" />
      <TestMethod codeBase="D:\actions-runner\_work\XPCO\XPCO\Corporate\CommonAPI\VideoOS.Management.VmoClient.UnitTests\bin\Debug\net472\VideoOS.Management.VmoClient.UnitTests.dll" adapterTypeName="executor://mstestadapter/v2" className="VideoOS.Management.VmoClient.UnitTests.ClientProfileSmartClientTest" name="SmartClientProfile_Constructor_DefaultValuesCorrect" />
    </UnitTest>
    <UnitTest name="Get_GivenSiteId_ShouldSuccess" storage="d:\actions-runner\_work\xpco\xpco\corporate\commonapi\videoos.management.vmoclient.unittests\bin\debug\net472\videoos.management.vmoclient.unittests.dll" id="231663dc-17a0-f2cf-d0a3-b9d590ad675e">
      <Execution id="d9778037-f606-4222-9ff9-931d01ed3d08" />
      <TestMethod codeBase="D:\actions-runner\_work\XPCO\XPCO\Corporate\CommonAPI\VideoOS.Management.VmoClient.UnitTests\bin\Debug\net472\VideoOS.Management.VmoClient.UnitTests.dll" adapterTypeName="executor://mstestadapter/v2" className="VideoOS.Management.VmoClient.UnitTests.SiteTokenCacheStoreTests" name="Get_GivenSiteId_ShouldSuccess" />
    </UnitTest>
    <UnitTest name="ServerVersionConstructor_CompareTo_Success" storage="d:\actions-runner\_work\xpco\xpco\corporate\commonapi\videoos.management.vmoclient.unittests\bin\debug\net472\videoos.management.vmoclient.unittests.dll" id="350c0104-75ee-9274-4375-18df5781cfd1">
      <TestCategory>
        <TestCategoryItem TestCategory="Server Version" />
      </TestCategory>
      <Execution id="1493fc65-3d1f-4a50-8f54-e174d989e9de" />
      <TestMethod codeBase="D:\actions-runner\_work\XPCO\XPCO\Corporate\CommonAPI\VideoOS.Management.VmoClient.UnitTests\bin\Debug\net472\VideoOS.Management.VmoClient.UnitTests.dll" adapterTypeName="executor://mstestadapter/v2" className="VideoOS.Management.VmoClient.Tests.ServerVersionTests" name="ServerVersionConstructor_CompareTo_Success" />
    </UnitTest>
    <UnitTest name="TaskMoveRecordingStorage_StartNew_Success" storage="d:\actions-runner\_work\xpco\xpco\corporate\commonapi\videoos.management.vmoclient.unittests\bin\debug\net472\videoos.management.vmoclient.unittests.dll" id="894cf9d9-cb78-1f17-1cd8-2c154e26811a">
      <Execution id="3bf651f8-981f-45b5-bd1f-e0a735041c32" />
      <TestMethod codeBase="D:\actions-runner\_work\XPCO\XPCO\Corporate\CommonAPI\VideoOS.Management.VmoClient.UnitTests\bin\Debug\net472\VideoOS.Management.VmoClient.UnitTests.dll" adapterTypeName="executor://mstestadapter/v2" className="VideoOS.Management.VmoClient.UnitTests.TaskMoveRecordingStorageTest" name="TaskMoveRecordingStorage_StartNew_Success" />
    </UnitTest>
    <UnitTest name="Role_Delete_Success" storage="d:\actions-runner\_work\xpco\xpco\corporate\commonapi\videoos.management.vmoclient.unittests\bin\debug\net472\videoos.management.vmoclient.unittests.dll" id="92f6d237-149c-e18a-4244-5b7b84e809f3">
      <Execution id="7721ddf7-466b-46d6-bc70-f86c7d6e627d" />
      <TestMethod codeBase="D:\actions-runner\_work\XPCO\XPCO\Corporate\CommonAPI\VideoOS.Management.VmoClient.UnitTests\bin\Debug\net472\VideoOS.Management.VmoClient.UnitTests.dll" adapterTypeName="executor://mstestadapter/v2" className="VideoOS.Management.VmoClient.UnitTests.RoleTest" name="Role_Delete_Success" />
    </UnitTest>
    <UnitTest name="PatrollingProfile_RemoveStepAt" storage="d:\actions-runner\_work\xpco\xpco\corporate\commonapi\videoos.management.vmoclient.unittests\bin\debug\net472\videoos.management.vmoclient.unittests.dll" id="4e34a0c7-e0a8-2828-4378-635974a2dcbc">
      <TestCategory>
        <TestCategoryItem TestCategory="Patrolling Profile" />
      </TestCategory>
      <Execution id="78b3c05d-ca45-4e40-80ae-11a66783382b" />
      <TestMethod codeBase="D:\actions-runner\_work\XPCO\XPCO\Corporate\CommonAPI\VideoOS.Management.VmoClient.UnitTests\bin\Debug\net472\VideoOS.Management.VmoClient.UnitTests.dll" adapterTypeName="executor://mstestadapter/v2" className="VideoOS.Management.VmoClient.UnitTests.PatrollingProfileTest" name="PatrollingProfile_RemoveStepAt" />
    </UnitTest>
    <UnitTest name="VideoWall_Repository_Registered" storage="d:\actions-runner\_work\xpco\xpco\corporate\commonapi\videoos.management.vmoclient.unittests\bin\debug\net472\videoos.management.vmoclient.unittests.dll" id="860e6e1e-f978-c906-7cf5-a51951f71e12">
      <Execution id="d4567c1d-94ab-4fb8-bd28-dc1fdb8ae148" />
      <TestMethod codeBase="D:\actions-runner\_work\XPCO\XPCO\Corporate\CommonAPI\VideoOS.Management.VmoClient.UnitTests\bin\Debug\net472\VideoOS.Management.VmoClient.UnitTests.dll" adapterTypeName="executor://mstestadapter/v2" className="VideoOS.Management.VmoClient.UnitTests.VideoWallTest" name="VideoWall_Repository_Registered" />
    </UnitTest>
    <UnitTest name="PerformanceStateRuleConfiguration_Update_Success" storage="d:\actions-runner\_work\xpco\xpco\corporate\commonapi\videoos.management.vmoclient.unittests\bin\debug\net472\videoos.management.vmoclient.unittests.dll" id="520513bf-cd52-b18c-44b8-4cbd75cbbbf4">
      <Execution id="b3ee3b83-c5d1-4090-b0d6-46a533d598cc" />
      <TestMethod codeBase="D:\actions-runner\_work\XPCO\XPCO\Corporate\CommonAPI\VideoOS.Management.VmoClient.UnitTests\bin\Debug\net472\VideoOS.Management.VmoClient.UnitTests.dll" adapterTypeName="executor://mstestadapter/v2" className="VideoOS.Management.VmoClient.UnitTests.PerformanceStateRuleConfigTest" name="PerformanceStateRuleConfiguration_Update_Success" />
    </UnitTest>
    <UnitTest name="AddVmoClient_GivenValid_ShouldReturnSuccess" storage="d:\actions-runner\_work\xpco\xpco\corporate\commonapi\videoos.management.vmoclient.unittests\bin\debug\net472\videoos.management.vmoclient.unittests.dll" id="aae780d8-556f-5079-aa6b-e21d457492e9">
      <Execution id="694430c8-18bb-48dc-bdbd-f64f70e077bf" />
      <TestMethod codeBase="D:\actions-runner\_work\XPCO\XPCO\Corporate\CommonAPI\VideoOS.Management.VmoClient.UnitTests\bin\Debug\net472\VideoOS.Management.VmoClient.UnitTests.dll" adapterTypeName="executor://mstestadapter/v2" className="VideoOS.Management.VmoClient.UnitTests.SiteConnectorResultBuilderTests" name="AddVmoClient_GivenValid_ShouldReturnSuccess" />
    </UnitTest>
    <UnitTest name="RecordingStorage_Get_Using_Devices_Failed_Not_Created" storage="d:\actions-runner\_work\xpco\xpco\corporate\commonapi\videoos.management.vmoclient.unittests\bin\debug\net472\videoos.management.vmoclient.unittests.dll" id="09865c3a-326d-3062-49a7-b21c41b9b775">
      <Execution id="7cc06863-5099-4b13-8cb8-8ed4b1051abf" />
      <TestMethod codeBase="D:\actions-runner\_work\XPCO\XPCO\Corporate\CommonAPI\VideoOS.Management.VmoClient.UnitTests\bin\Debug\net472\VideoOS.Management.VmoClient.UnitTests.dll" adapterTypeName="executor://mstestadapter/v2" className="VideoOS.Management.VmoClient.UnitTests.RecordingStorageTest" name="RecordingStorage_Get_Using_Devices_Failed_Not_Created" />
    </UnitTest>
    <UnitTest name="PatrollingProfile_Constructor_AllDefaultValues" storage="d:\actions-runner\_work\xpco\xpco\corporate\commonapi\videoos.management.vmoclient.unittests\bin\debug\net472\videoos.management.vmoclient.unittests.dll" id="e474cf49-3b10-7d2f-29c0-7ecb4b93b331">
      <TestCategory>
        <TestCategoryItem TestCategory="Patrolling Profile" />
      </TestCategory>
      <Execution id="e069482d-defa-4697-9ad0-61aaf0be71ac" />
      <TestMethod codeBase="D:\actions-runner\_work\XPCO\XPCO\Corporate\CommonAPI\VideoOS.Management.VmoClient.UnitTests\bin\Debug\net472\VideoOS.Management.VmoClient.UnitTests.dll" adapterTypeName="executor://mstestadapter/v2" className="VideoOS.Management.VmoClient.UnitTests.PatrollingProfileTest" name="PatrollingProfile_Constructor_AllDefaultValues" />
    </UnitTest>
    <UnitTest name="ManagementServer_HasOverallPermission_Before_v121_NotSupported" storage="d:\actions-runner\_work\xpco\xpco\corporate\commonapi\videoos.management.vmoclient.unittests\bin\debug\net472\videoos.management.vmoclient.unittests.dll" id="404e3838-d6fc-fd6e-2256-77937d70f531">
      <Execution id="4e652640-d5dc-49b8-8c91-4cfef06cd8ef" />
      <TestMethod codeBase="D:\actions-runner\_work\XPCO\XPCO\Corporate\CommonAPI\VideoOS.Management.VmoClient.UnitTests\bin\Debug\net472\VideoOS.Management.VmoClient.UnitTests.dll" adapterTypeName="executor://mstestadapter/v2" className="VideoOS.Management.VmoClient.UnitTests.ManagementServerTest" name="ManagementServer_HasOverallPermission_Before_v121_NotSupported" />
    </UnitTest>
    <UnitTest name="BasicOwnerInfo_Refresh_Success" storage="d:\actions-runner\_work\xpco\xpco\corporate\commonapi\videoos.management.vmoclient.unittests\bin\debug\net472\videoos.management.vmoclient.unittests.dll" id="b07a5ed1-d6bb-13a6-b422-6e852334dd2a">
      <Execution id="2418f88d-15f6-4cd1-b7df-ee9101b43efb" />
      <TestMethod codeBase="D:\actions-runner\_work\XPCO\XPCO\Corporate\CommonAPI\VideoOS.Management.VmoClient.UnitTests\bin\Debug\net472\VideoOS.Management.VmoClient.UnitTests.dll" adapterTypeName="executor://mstestadapter/v2" className="VideoOS.Management.VmoClient.UnitTests.BasicOwnerInfoTest" name="BasicOwnerInfo_Refresh_Success" />
    </UnitTest>
    <UnitTest name="CameraDevice_TruncateStorage_Fail_When_Deleted" storage="d:\actions-runner\_work\xpco\xpco\corporate\commonapi\videoos.management.vmoclient.unittests\bin\debug\net472\videoos.management.vmoclient.unittests.dll" id="1b35c96d-3503-3642-f460-ec108a601a23">
      <Execution id="b0fffe03-aab6-4f02-8ab1-4fa2c03aa813" />
      <TestMethod codeBase="D:\actions-runner\_work\XPCO\XPCO\Corporate\CommonAPI\VideoOS.Management.VmoClient.UnitTests\bin\Debug\net472\VideoOS.Management.VmoClient.UnitTests.dll" adapterTypeName="executor://mstestadapter/v2" className="VideoOS.Management.VmoClient.UnitTests.CameraDeviceTest" name="CameraDevice_TruncateStorage_Fail_When_Deleted" />
    </UnitTest>
    <UnitTest name="ErrorResultInstance_ReturnsCachedValue" storage="d:\actions-runner\_work\xpco\xpco\corporate\commonapi\videoos.management.vmoclient.unittests\bin\debug\net472\videoos.management.vmoclient.unittests.dll" id="fe26576b-edfb-c4fa-aee1-7a159320955b">
      <Execution id="f16bd70c-4605-4e05-87d2-1e0d99faab7a" />
      <TestMethod codeBase="D:\actions-runner\_work\XPCO\XPCO\Corporate\CommonAPI\VideoOS.Management.VmoClient.UnitTests\bin\Debug\net472\VideoOS.Management.VmoClient.UnitTests.dll" adapterTypeName="executor://mstestadapter/v2" className="VideoOS.Management.VmoClient.UnitTests.TaskAsyncTaskTest" name="ErrorResultInstance_ReturnsCachedValue" />
    </UnitTest>
    <UnitTest name="SystemDashboardConfigurationuration_Update_Success" storage="d:\actions-runner\_work\xpco\xpco\corporate\commonapi\videoos.management.vmoclient.unittests\bin\debug\net472\videoos.management.vmoclient.unittests.dll" id="8aef9341-89d7-79ce-fb7c-7252b900e1b1">
      <Execution id="f9f23f1d-b498-4913-ba95-9a394ac2a564" />
      <TestMethod codeBase="D:\actions-runner\_work\XPCO\XPCO\Corporate\CommonAPI\VideoOS.Management.VmoClient.UnitTests\bin\Debug\net472\VideoOS.Management.VmoClient.UnitTests.dll" adapterTypeName="executor://mstestadapter/v2" className="VideoOS.Management.VmoClient.UnitTests.SystemDashboardConfigTest" name="SystemDashboardConfigurationuration_Update_Success" />
    </UnitTest>
    <UnitTest name="VideoWall_CreateWithId_CheckVersionNotCalled" storage="d:\actions-runner\_work\xpco\xpco\corporate\commonapi\videoos.management.vmoclient.unittests\bin\debug\net472\videoos.management.vmoclient.unittests.dll" id="16014445-361f-ce5b-f5be-c3aa5c55e580">
      <Execution id="ab30950d-e5b8-4cd4-a53d-506eda08edbb" />
      <TestMethod codeBase="D:\actions-runner\_work\XPCO\XPCO\Corporate\CommonAPI\VideoOS.Management.VmoClient.UnitTests\bin\Debug\net472\VideoOS.Management.VmoClient.UnitTests.dll" adapterTypeName="executor://mstestadapter/v2" className="VideoOS.Management.VmoClient.UnitTests.VideoWallTest" name="VideoWall_CreateWithId_CheckVersionNotCalled" />
    </UnitTest>
    <UnitTest name="MarkedData_IsDirty_Success" storage="d:\actions-runner\_work\xpco\xpco\corporate\commonapi\videoos.management.vmoclient.unittests\bin\debug\net472\videoos.management.vmoclient.unittests.dll" id="fe2d2916-4015-7346-a520-79becf82a5b0">
      <Execution id="d8eabe0d-a803-469d-a4af-1316c4e9fcde" />
      <TestMethod codeBase="D:\actions-runner\_work\XPCO\XPCO\Corporate\CommonAPI\VideoOS.Management.VmoClient.UnitTests\bin\Debug\net472\VideoOS.Management.VmoClient.UnitTests.dll" adapterTypeName="executor://mstestadapter/v2" className="VideoOS.Management.VmoClient.UnitTests.MarkedDataTest" name="MarkedData_IsDirty_Success" />
    </UnitTest>
    <UnitTest name="TaskRequestEdgeStorage_StartNew_Success" storage="d:\actions-runner\_work\xpco\xpco\corporate\commonapi\videoos.management.vmoclient.unittests\bin\debug\net472\videoos.management.vmoclient.unittests.dll" id="d097418a-284a-0f48-b120-88f843d12853">
      <Execution id="40818da7-1d0f-4129-a1cf-0713de829ae6" />
      <TestMethod codeBase="D:\actions-runner\_work\XPCO\XPCO\Corporate\CommonAPI\VideoOS.Management.VmoClient.UnitTests\bin\Debug\net472\VideoOS.Management.VmoClient.UnitTests.dll" adapterTypeName="executor://mstestadapter/v2" className="VideoOS.Management.VmoClient.UnitTests.TaskRequestEdgeStorageTest" name="TaskRequestEdgeStorage_StartNew_Success" />
    </UnitTest>
    <UnitTest name="CalendarTimeProfile_Refresh_Success" storage="d:\actions-runner\_work\xpco\xpco\corporate\commonapi\videoos.management.vmoclient.unittests\bin\debug\net472\videoos.management.vmoclient.unittests.dll" id="cda36453-4b03-8814-c9dc-788a92f4f459">
      <Execution id="90452047-9951-46d5-98f9-4caf0a8ae641" />
      <TestMethod codeBase="D:\actions-runner\_work\XPCO\XPCO\Corporate\CommonAPI\VideoOS.Management.VmoClient.UnitTests\bin\Debug\net472\VideoOS.Management.VmoClient.UnitTests.dll" adapterTypeName="executor://mstestadapter/v2" className="VideoOS.Management.VmoClient.UnitTests.CalendarTimeProfileTest" name="CalendarTimeProfile_Refresh_Success" />
    </UnitTest>
    <UnitTest name="Monitor_MonitorState_MonitorStateCalled" storage="d:\actions-runner\_work\xpco\xpco\corporate\commonapi\videoos.management.vmoclient.unittests\bin\debug\net472\videoos.management.vmoclient.unittests.dll" id="4aeaa612-27af-a67f-7e10-8ef819c871f1">
      <Execution id="0ddd52f1-6280-44ef-83dc-df2d55da6269" />
      <TestMethod codeBase="D:\actions-runner\_work\XPCO\XPCO\Corporate\CommonAPI\VideoOS.Management.VmoClient.UnitTests\bin\Debug\net472\VideoOS.Management.VmoClient.UnitTests.dll" adapterTypeName="executor://mstestadapter/v2" className="VideoOS.Management.VmoClient.UnitTests.MonitorTest" name="Monitor_MonitorState_MonitorStateCalled" />
    </UnitTest>
    <UnitTest name="RuleSource_Update_CheckVersionCalled" storage="d:\actions-runner\_work\xpco\xpco\corporate\commonapi\videoos.management.vmoclient.unittests\bin\debug\net472\videoos.management.vmoclient.unittests.dll" id="39c5c78d-df2a-f4d2-455d-c8de32a898b1">
      <Execution id="94a333d2-2ff4-4d57-8cc5-ed8eefbda361" />
      <TestMethod codeBase="D:\actions-runner\_work\XPCO\XPCO\Corporate\CommonAPI\VideoOS.Management.VmoClient.UnitTests\bin\Debug\net472\VideoOS.Management.VmoClient.UnitTests.dll" adapterTypeName="executor://mstestadapter/v2" className="VideoOS.Management.VmoClient.UnitTests.RuleSourceTest" name="RuleSource_Update_CheckVersionCalled" />
    </UnitTest>
    <UnitTest name="CalendarTimeProfile_Create_CustomId_Success_Constructor" storage="d:\actions-runner\_work\xpco\xpco\corporate\commonapi\videoos.management.vmoclient.unittests\bin\debug\net472\videoos.management.vmoclient.unittests.dll" id="65725e40-3717-e9de-609c-7f4189d0ecf1">
      <Execution id="be54cd0f-029a-443c-8b38-f32d729d9e69" />
      <TestMethod codeBase="D:\actions-runner\_work\XPCO\XPCO\Corporate\CommonAPI\VideoOS.Management.VmoClient.UnitTests\bin\Debug\net472\VideoOS.Management.VmoClient.UnitTests.dll" adapterTypeName="executor://mstestadapter/v2" className="VideoOS.Management.VmoClient.UnitTests.CalendarTimeProfileTest" name="CalendarTimeProfile_Create_CustomId_Success_Constructor" />
    </UnitTest>
    <UnitTest name="RecordingServer_Add_Hardware_Success" storage="d:\actions-runner\_work\xpco\xpco\corporate\commonapi\videoos.management.vmoclient.unittests\bin\debug\net472\videoos.management.vmoclient.unittests.dll" id="994ed121-b384-2e00-1da4-c31e8e407b0a">
      <Execution id="95fe1eb0-88d1-415f-9a9f-8fb8b52558b8" />
      <TestMethod codeBase="D:\actions-runner\_work\XPCO\XPCO\Corporate\CommonAPI\VideoOS.Management.VmoClient.UnitTests\bin\Debug\net472\VideoOS.Management.VmoClient.UnitTests.dll" adapterTypeName="executor://mstestadapter/v2" className="VideoOS.Management.VmoClient.UnitTests.RecordingServerTest" name="RecordingServer_Add_Hardware_Success" />
    </UnitTest>
    <UnitTest name="Constructor_GivenNullSiteConnectorOAuth_ShouldThrow" storage="d:\actions-runner\_work\xpco\xpco\corporate\commonapi\videoos.management.vmoclient.unittests\bin\debug\net472\videoos.management.vmoclient.unittests.dll" id="5cc4f7a1-fc05-ad19-6f74-4756de5fc614">
      <Execution id="d2164680-aaa0-46a9-b8bb-5c7ba9157cb7" />
      <TestMethod codeBase="D:\actions-runner\_work\XPCO\XPCO\Corporate\CommonAPI\VideoOS.Management.VmoClient.UnitTests\bin\Debug\net472\VideoOS.Management.VmoClient.UnitTests.dll" adapterTypeName="executor://mstestadapter/v2" className="VideoOS.Management.VmoClient.UnitTests.SiteConnectorTest" name="Constructor_GivenNullSiteConnectorOAuth_ShouldThrow" />
    </UnitTest>
    <UnitTest name="ManagementServer_AttachMasterSite_ArgumentNullException" storage="d:\actions-runner\_work\xpco\xpco\corporate\commonapi\videoos.management.vmoclient.unittests\bin\debug\net472\videoos.management.vmoclient.unittests.dll" id="1d85d0e8-8781-260e-9ed2-e40595d46c9f">
      <Execution id="c540b95f-6abf-4417-9110-056101efb6dc" />
      <TestMethod codeBase="D:\actions-runner\_work\XPCO\XPCO\Corporate\CommonAPI\VideoOS.Management.VmoClient.UnitTests\bin\Debug\net472\VideoOS.Management.VmoClient.UnitTests.dll" adapterTypeName="executor://mstestadapter/v2" className="VideoOS.Management.VmoClient.UnitTests.ManagementServerTest" name="ManagementServer_AttachMasterSite_ArgumentNullException" />
    </UnitTest>
    <UnitTest name="SunClockTimeProfile_Delete_Success" storage="d:\actions-runner\_work\xpco\xpco\corporate\commonapi\videoos.management.vmoclient.unittests\bin\debug\net472\videoos.management.vmoclient.unittests.dll" id="9fb13209-5497-c932-ef08-cafb61cad12c">
      <Execution id="183f1649-b1ac-4de8-9c04-dc32bf162c7b" />
      <TestMethod codeBase="D:\actions-runner\_work\XPCO\XPCO\Corporate\CommonAPI\VideoOS.Management.VmoClient.UnitTests\bin\Debug\net472\VideoOS.Management.VmoClient.UnitTests.dll" adapterTypeName="executor://mstestadapter/v2" className="VideoOS.Management.VmoClient.UnitTests.SunClockTimeProfileTest" name="SunClockTimeProfile_Delete_Success" />
    </UnitTest>
    <UnitTest name="MarkedData_Refresh_Failed_Deleted_On_Server" storage="d:\actions-runner\_work\xpco\xpco\corporate\commonapi\videoos.management.vmoclient.unittests\bin\debug\net472\videoos.management.vmoclient.unittests.dll" id="d30553d3-7866-d34b-040a-85c642571e10">
      <Execution id="9f3d0286-e84e-4eca-8a39-5fbd7d963643" />
      <TestMethod codeBase="D:\actions-runner\_work\XPCO\XPCO\Corporate\CommonAPI\VideoOS.Management.VmoClient.UnitTests\bin\Debug\net472\VideoOS.Management.VmoClient.UnitTests.dll" adapterTypeName="executor://mstestadapter/v2" className="VideoOS.Management.VmoClient.UnitTests.MarkedDataTest" name="MarkedData_Refresh_Failed_Deleted_On_Server" />
    </UnitTest>
    <UnitTest name="GetIdpInfo_GivenWorkingAddress_ShouldReturnIdpInfo" storage="d:\actions-runner\_work\xpco\xpco\corporate\commonapi\videoos.management.vmoclient.unittests\bin\debug\net472\videoos.management.vmoclient.unittests.dll" id="7e845520-152f-bc7f-2198-97309fd64061">
      <Execution id="7ed309bd-d003-4374-86d6-9505bb1780ec" />
      <TestMethod codeBase="D:\actions-runner\_work\XPCO\XPCO\Corporate\CommonAPI\VideoOS.Management.VmoClient.UnitTests\bin\Debug\net472\VideoOS.Management.VmoClient.UnitTests.dll" adapterTypeName="executor://mstestadapter/v2" className="VideoOS.Management.VmoClient.UnitTests.SiteIdpConnectorTests" name="GetIdpInfo_GivenWorkingAddress_ShouldReturnIdpInfo" />
    </UnitTest>
    <UnitTest name="MIPObject_Update_Success" storage="d:\actions-runner\_work\xpco\xpco\corporate\commonapi\videoos.management.vmoclient.unittests\bin\debug\net472\videoos.management.vmoclient.unittests.dll" id="f28ba87e-8e56-6e33-8b13-a84a00ffab9e">
      <Execution id="64e7e5e6-ebb2-45a2-9c88-eff3fdd4bd90" />
      <TestMethod codeBase="D:\actions-runner\_work\XPCO\XPCO\Corporate\CommonAPI\VideoOS.Management.VmoClient.UnitTests\bin\Debug\net472\VideoOS.Management.VmoClient.UnitTests.dll" adapterTypeName="executor://mstestadapter/v2" className="VideoOS.Management.VmoClient.UnitTests.MIPObjectTest" name="MIPObject_Update_Success" />
    </UnitTest>
    <UnitTest name="PerformanceStateRuleConfig_Constructor_CheckForVersion_7_0_and_throws" storage="d:\actions-runner\_work\xpco\xpco\corporate\commonapi\videoos.management.vmoclient.unittests\bin\debug\net472\videoos.management.vmoclient.unittests.dll" id="a222126a-0bc4-156a-67e5-d6bfe410cb10">
      <Execution id="78561172-9257-485b-8127-67a6bb7855c1" />
      <TestMethod codeBase="D:\actions-runner\_work\XPCO\XPCO\Corporate\CommonAPI\VideoOS.Management.VmoClient.UnitTests\bin\Debug\net472\VideoOS.Management.VmoClient.UnitTests.dll" adapterTypeName="executor://mstestadapter/v2" className="VideoOS.Management.VmoClient.UnitTests.PerformanceStateRuleConfigTest" name="PerformanceStateRuleConfig_Constructor_CheckForVersion_7_0_and_throws" />
    </UnitTest>
    <UnitTest name="TryGetPropertyValue_NonNullableType_NotExist_ReturnsDefaultValue" storage="d:\actions-runner\_work\xpco\xpco\corporate\commonapi\videoos.management.vmoclient.unittests\bin\debug\net472\videoos.management.vmoclient.unittests.dll" id="d1267b9f-28dc-2cfc-8416-edad06813463">
      <Execution id="77ff1d08-f3d2-4bab-8f8c-6d3a5f4992fb" />
      <TestMethod codeBase="D:\actions-runner\_work\XPCO\XPCO\Corporate\CommonAPI\VideoOS.Management.VmoClient.UnitTests\bin\Debug\net472\VideoOS.Management.VmoClient.UnitTests.dll" adapterTypeName="executor://mstestadapter/v2" className="VideoOS.Management.VmoClient.UnitTests.Framework.VmoPropertyCollectionTest" name="TryGetPropertyValue_NonNullableType_NotExist_ReturnsDefaultValue" />
    </UnitTest>
    <UnitTest name="Management_Update_Success" storage="d:\actions-runner\_work\xpco\xpco\corporate\commonapi\videoos.management.vmoclient.unittests\bin\debug\net472\videoos.management.vmoclient.unittests.dll" id="721a22df-dcb2-fd19-7a7f-fbe5b1222744">
      <Execution id="c93e39d4-637b-46fd-a4c7-288b5d07abac" />
      <TestMethod codeBase="D:\actions-runner\_work\XPCO\XPCO\Corporate\CommonAPI\VideoOS.Management.VmoClient.UnitTests\bin\Debug\net472\VideoOS.Management.VmoClient.UnitTests.dll" adapterTypeName="executor://mstestadapter/v2" className="VideoOS.Management.VmoClient.UnitTests.ManagementServerTest" name="Management_Update_Success" />
    </UnitTest>
    <UnitTest name="SystemDashboardConfigurationuration_Refresh_Failed_Not_Created" storage="d:\actions-runner\_work\xpco\xpco\corporate\commonapi\videoos.management.vmoclient.unittests\bin\debug\net472\videoos.management.vmoclient.unittests.dll" id="3ef8df55-4649-93c3-3be6-7324a0162458">
      <Execution id="9740bdbc-fb13-45ef-80a5-5e4278241dc3" />
      <TestMethod codeBase="D:\actions-runner\_work\XPCO\XPCO\Corporate\CommonAPI\VideoOS.Management.VmoClient.UnitTests\bin\Debug\net472\VideoOS.Management.VmoClient.UnitTests.dll" adapterTypeName="executor://mstestadapter/v2" className="VideoOS.Management.VmoClient.UnitTests.SystemDashboardConfigTest" name="SystemDashboardConfigurationuration_Refresh_Failed_Not_Created" />
    </UnitTest>
    <UnitTest name="SystemDashboardConfigurationuration_IsCreated_Success" storage="d:\actions-runner\_work\xpco\xpco\corporate\commonapi\videoos.management.vmoclient.unittests\bin\debug\net472\videoos.management.vmoclient.unittests.dll" id="53bb92b4-8123-4864-4981-3b9bf05b122a">
      <Execution id="c327533b-5bf9-4f09-8011-f279833f4e65" />
      <TestMethod codeBase="D:\actions-runner\_work\XPCO\XPCO\Corporate\CommonAPI\VideoOS.Management.VmoClient.UnitTests\bin\Debug\net472\VideoOS.Management.VmoClient.UnitTests.dll" adapterTypeName="executor://mstestadapter/v2" className="VideoOS.Management.VmoClient.UnitTests.SystemDashboardConfigTest" name="SystemDashboardConfigurationuration_IsCreated_Success" />
    </UnitTest>
    <UnitTest name="Grid_RemoveNonExistingRegion_NotRemoved" storage="d:\actions-runner\_work\xpco\xpco\corporate\commonapi\videoos.management.vmoclient.unittests\bin\debug\net472\videoos.management.vmoclient.unittests.dll" id="1db94274-6592-8d13-818e-4085419651f2">
      <TestCategory>
        <TestCategoryItem TestCategory="Grid" />
      </TestCategory>
      <Execution id="1bc45b92-7e34-4f6c-b673-909c60af667d" />
      <TestMethod codeBase="D:\actions-runner\_work\XPCO\XPCO\Corporate\CommonAPI\VideoOS.Management.VmoClient.UnitTests\bin\Debug\net472\VideoOS.Management.VmoClient.UnitTests.dll" adapterTypeName="executor://mstestadapter/v2" className="VideoOS.Management.VmoClient.UnitTests.GridTest" name="Grid_RemoveNonExistingRegion_NotRemoved" />
    </UnitTest>
    <UnitTest name="CalendarTimeProfile_CustomProperties_CheckForVersion_7_0_and_throws" storage="d:\actions-runner\_work\xpco\xpco\corporate\commonapi\videoos.management.vmoclient.unittests\bin\debug\net472\videoos.management.vmoclient.unittests.dll" id="20dc1a2e-8954-e203-e1bb-7c9c3a0f31b8">
      <Execution id="1acc1463-eea2-4cff-9f4f-9f486b19fe01" />
      <TestMethod codeBase="D:\actions-runner\_work\XPCO\XPCO\Corporate\CommonAPI\VideoOS.Management.VmoClient.UnitTests\bin\Debug\net472\VideoOS.Management.VmoClient.UnitTests.dll" adapterTypeName="executor://mstestadapter/v2" className="VideoOS.Management.VmoClient.UnitTests.CalendarTimeProfileTest" name="CalendarTimeProfile_CustomProperties_CheckForVersion_7_0_and_throws" />
    </UnitTest>
    <UnitTest name="GenericRepositoryTestGetObjectByIdsCacheTest" storage="d:\actions-runner\_work\xpco\xpco\corporate\commonapi\videoos.management.vmoclient.unittests\bin\debug\net472\videoos.management.vmoclient.unittests.dll" id="ac7166d5-6ed9-af93-adae-df1837157d22">
      <Execution id="c289df44-f0b5-4abf-9329-2ab004a196a9" />
      <TestMethod codeBase="D:\actions-runner\_work\XPCO\XPCO\Corporate\CommonAPI\VideoOS.Management.VmoClient.UnitTests\bin\Debug\net472\VideoOS.Management.VmoClient.UnitTests.dll" adapterTypeName="executor://mstestadapter/v2" className="VideoOS.Management.VmoClient.UnitTests.GenericRepositoryTest" name="GenericRepositoryTestGetObjectByIdsCacheTest" />
    </UnitTest>
    <UnitTest name="VmoObject_Constructor_PropertiesInitialized" storage="d:\actions-runner\_work\xpco\xpco\corporate\commonapi\videoos.management.vmoclient.unittests\bin\debug\net472\videoos.management.vmoclient.unittests.dll" id="6ee7430e-6644-e8e9-f660-9955ce2e66a5">
      <Execution id="5ccd319a-8019-46a0-ae83-5ca3b15e8549" />
      <TestMethod codeBase="D:\actions-runner\_work\XPCO\XPCO\Corporate\CommonAPI\VideoOS.Management.VmoClient.UnitTests\bin\Debug\net472\VideoOS.Management.VmoClient.UnitTests.dll" adapterTypeName="executor://mstestadapter/v2" className="VideoOS.Management.VmoClient.UnitTests.VmoObjectTest" name="VmoObject_Constructor_PropertiesInitialized" />
    </UnitTest>
    <UnitTest name="RetentionOptionRoleRelation_Repository_Registered" storage="d:\actions-runner\_work\xpco\xpco\corporate\commonapi\videoos.management.vmoclient.unittests\bin\debug\net472\videoos.management.vmoclient.unittests.dll" id="f089828d-f028-71d5-48d2-b0fdefe19ce6">
      <Execution id="20b25bdb-ccdd-4889-aea0-c4a9e0f22ade" />
      <TestMethod codeBase="D:\actions-runner\_work\XPCO\XPCO\Corporate\CommonAPI\VideoOS.Management.VmoClient.UnitTests\bin\Debug\net472\VideoOS.Management.VmoClient.UnitTests.dll" adapterTypeName="executor://mstestadapter/v2" className="VideoOS.Management.VmoClient.UnitTests.RetentionOptionRoleRelationTest" name="RetentionOptionRoleRelation_Repository_Registered" />
    </UnitTest>
    <UnitTest name="TrustedIssuer_Constructor_DefaultValuesCorrect" storage="d:\actions-runner\_work\xpco\xpco\corporate\commonapi\videoos.management.vmoclient.unittests\bin\debug\net472\videoos.management.vmoclient.unittests.dll" id="14ed280b-e0d1-ac05-a52b-80f44809c7e5">
      <Execution id="5efb826d-79e9-4f88-9339-a2d48cf73ad4" />
      <TestMethod codeBase="D:\actions-runner\_work\XPCO\XPCO\Corporate\CommonAPI\VideoOS.Management.VmoClient.UnitTests\bin\Debug\net472\VideoOS.Management.VmoClient.UnitTests.dll" adapterTypeName="executor://mstestadapter/v2" className="VideoOS.Management.VmoClient.UnitTests.TrustedIssuerTest" name="TrustedIssuer_Constructor_DefaultValuesCorrect" />
    </UnitTest>
    <UnitTest name="MIPEvent_Constructor_DefaultValuesCorrect" storage="d:\actions-runner\_work\xpco\xpco\corporate\commonapi\videoos.management.vmoclient.unittests\bin\debug\net472\videoos.management.vmoclient.unittests.dll" id="68c60ae4-795d-f7b2-0ddd-0853c559d68d">
      <Execution id="41df58c7-c615-41ae-9e9b-459ef49b3194" />
      <TestMethod codeBase="D:\actions-runner\_work\XPCO\XPCO\Corporate\CommonAPI\VideoOS.Management.VmoClient.UnitTests\bin\Debug\net472\VideoOS.Management.VmoClient.UnitTests.dll" adapterTypeName="executor://mstestadapter/v2" className="VideoOS.Management.VmoClient.UnitTests.MIPEventTest" name="MIPEvent_Constructor_DefaultValuesCorrect" />
    </UnitTest>
    <UnitTest name="RetentionOptionRoleRelation_Constructor_DefaultValuesCorrect" storage="d:\actions-runner\_work\xpco\xpco\corporate\commonapi\videoos.management.vmoclient.unittests\bin\debug\net472\videoos.management.vmoclient.unittests.dll" id="a8602185-c69f-60f3-f0b2-cecb67753975">
      <Execution id="62451f66-336b-4c78-ae6a-7eaa64374f30" />
      <TestMethod codeBase="D:\actions-runner\_work\XPCO\XPCO\Corporate\CommonAPI\VideoOS.Management.VmoClient.UnitTests\bin\Debug\net472\VideoOS.Management.VmoClient.UnitTests.dll" adapterTypeName="executor://mstestadapter/v2" className="VideoOS.Management.VmoClient.UnitTests.RetentionOptionRoleRelationTest" name="RetentionOptionRoleRelation_Constructor_DefaultValuesCorrect" />
    </UnitTest>
    <UnitTest name="RuleSource_Refresh_CheckVersionCalled" storage="d:\actions-runner\_work\xpco\xpco\corporate\commonapi\videoos.management.vmoclient.unittests\bin\debug\net472\videoos.management.vmoclient.unittests.dll" id="50ccfab2-c8b8-e6d6-b76d-97f3c7335a90">
      <Execution id="e2740371-65bc-44b9-8e2f-772683473ee4" />
      <TestMethod codeBase="D:\actions-runner\_work\XPCO\XPCO\Corporate\CommonAPI\VideoOS.Management.VmoClient.UnitTests\bin\Debug\net472\VideoOS.Management.VmoClient.UnitTests.dll" adapterTypeName="executor://mstestadapter/v2" className="VideoOS.Management.VmoClient.UnitTests.RuleSourceTest" name="RuleSource_Refresh_CheckVersionCalled" />
    </UnitTest>
    <UnitTest name="MarkedData_Constructor_DefaultValuesCorrect" storage="d:\actions-runner\_work\xpco\xpco\corporate\commonapi\videoos.management.vmoclient.unittests\bin\debug\net472\videoos.management.vmoclient.unittests.dll" id="80097625-e003-6f69-9b6c-cb7eeead4cc8">
      <Execution id="6584e95a-81c8-4d66-b597-b7daa1eca0c0" />
      <TestMethod codeBase="D:\actions-runner\_work\XPCO\XPCO\Corporate\CommonAPI\VideoOS.Management.VmoClient.UnitTests\bin\Debug\net472\VideoOS.Management.VmoClient.UnitTests.dll" adapterTypeName="executor://mstestadapter/v2" className="VideoOS.Management.VmoClient.UnitTests.MarkedDataTest" name="MarkedData_Constructor_DefaultValuesCorrect" />
    </UnitTest>
    <UnitTest name="ManagementServer_AttachChildSite_Called" storage="d:\actions-runner\_work\xpco\xpco\corporate\commonapi\videoos.management.vmoclient.unittests\bin\debug\net472\videoos.management.vmoclient.unittests.dll" id="bb68a4f3-b961-a1ba-aa1d-980c85fccb0d">
      <Execution id="874a253e-2b09-4672-ba75-09c80e50b52b" />
      <TestMethod codeBase="D:\actions-runner\_work\XPCO\XPCO\Corporate\CommonAPI\VideoOS.Management.VmoClient.UnitTests\bin\Debug\net472\VideoOS.Management.VmoClient.UnitTests.dll" adapterTypeName="executor://mstestadapter/v2" className="VideoOS.Management.VmoClient.UnitTests.ManagementServerTest" name="ManagementServer_AttachChildSite_Called" />
    </UnitTest>
    <UnitTest name="VideoWallPreset_Activate_Success" storage="d:\actions-runner\_work\xpco\xpco\corporate\commonapi\videoos.management.vmoclient.unittests\bin\debug\net472\videoos.management.vmoclient.unittests.dll" id="3491f7c4-65eb-27da-c18b-89f7c7994d19">
      <Execution id="0e3ab78f-48ee-418c-848d-310f9a4ace82" />
      <TestMethod codeBase="D:\actions-runner\_work\XPCO\XPCO\Corporate\CommonAPI\VideoOS.Management.VmoClient.UnitTests\bin\Debug\net472\VideoOS.Management.VmoClient.UnitTests.dll" adapterTypeName="executor://mstestadapter/v2" className="VideoOS.Management.VmoClient.UnitTests.VideoWallPresetTest" name="VideoWallPreset_Activate_Success" />
    </UnitTest>
    <UnitTest name="SunClockTimeProfile_CustomProperties_CheckForVersion_6_1_and_throws" storage="d:\actions-runner\_work\xpco\xpco\corporate\commonapi\videoos.management.vmoclient.unittests\bin\debug\net472\videoos.management.vmoclient.unittests.dll" id="306ed4e8-4ab8-4787-b5e2-af3193c255e6">
      <Execution id="7b81de74-7107-4ba4-b2b8-aa06bb82960c" />
      <TestMethod codeBase="D:\actions-runner\_work\XPCO\XPCO\Corporate\CommonAPI\VideoOS.Management.VmoClient.UnitTests\bin\Debug\net472\VideoOS.Management.VmoClient.UnitTests.dll" adapterTypeName="executor://mstestadapter/v2" className="VideoOS.Management.VmoClient.UnitTests.SunClockTimeProfileTest" name="SunClockTimeProfile_CustomProperties_CheckForVersion_6_1_and_throws" />
    </UnitTest>
    <UnitTest name="TryConnectLegacyAsUser_GivenSuccess_ShouldReturnVmoClient" storage="d:\actions-runner\_work\xpco\xpco\corporate\commonapi\videoos.management.vmoclient.unittests\bin\debug\net472\videoos.management.vmoclient.unittests.dll" id="49e96d57-3a14-4851-43de-a595576d1802">
      <Execution id="a36d8acc-6a11-4fcb-81bb-ef2bc25e930e" />
      <TestMethod codeBase="D:\actions-runner\_work\XPCO\XPCO\Corporate\CommonAPI\VideoOS.Management.VmoClient.UnitTests\bin\Debug\net472\VideoOS.Management.VmoClient.UnitTests.dll" adapterTypeName="executor://mstestadapter/v2" className="VideoOS.Management.VmoClient.UnitTests.SiteVmoConnectorTests" name="TryConnectLegacyAsUser_GivenSuccess_ShouldReturnVmoClient" />
    </UnitTest>
    <UnitTest name="ThrowExceptionIfProtocolIsNotAllowed_NonSecureProtocol_NonSecureNotAllowed_Throws" storage="d:\actions-runner\_work\xpco\xpco\corporate\commonapi\videoos.management.vmoclient.unittests\bin\debug\net472\videoos.management.vmoclient.unittests.dll" id="424d850d-59b2-3bdf-a9a5-7ffbdde0a011">
      <Execution id="64417aae-cd14-46c1-bae9-30e7ee082909" />
      <TestMethod codeBase="D:\actions-runner\_work\XPCO\XPCO\Corporate\CommonAPI\VideoOS.Management.VmoClient.UnitTests\bin\Debug\net472\VideoOS.Management.VmoClient.UnitTests.dll" adapterTypeName="executor://mstestadapter/v2" className="VideoOS.Management.VmoClient.UnitTests.SiteConnectorTest" name="ThrowExceptionIfProtocolIsNotAllowed_NonSecureProtocol_NonSecureNotAllowed_Throws" />
    </UnitTest>
    <UnitTest name="Monitor_Update_Success" storage="d:\actions-runner\_work\xpco\xpco\corporate\commonapi\videoos.management.vmoclient.unittests\bin\debug\net472\videoos.management.vmoclient.unittests.dll" id="ea4efef3-0f34-a49f-40d1-0a7ff0989172">
      <Execution id="43c322da-80b4-4b9b-95da-81e4b0712a5c" />
      <TestMethod codeBase="D:\actions-runner\_work\XPCO\XPCO\Corporate\CommonAPI\VideoOS.Management.VmoClient.UnitTests\bin\Debug\net472\VideoOS.Management.VmoClient.UnitTests.dll" adapterTypeName="executor://mstestadapter/v2" className="VideoOS.Management.VmoClient.UnitTests.MonitorTest" name="Monitor_Update_Success" />
    </UnitTest>
    <UnitTest name="Master_Refresh_NotCreated_InvalidOperationException" storage="d:\actions-runner\_work\xpco\xpco\corporate\commonapi\videoos.management.vmoclient.unittests\bin\debug\net472\videoos.management.vmoclient.unittests.dll" id="417144aa-4122-7ec4-01c5-f3e4baa6fbc3">
      <Execution id="37d43ac8-a7b1-4a52-9e21-e32a4004d04b" />
      <TestMethod codeBase="D:\actions-runner\_work\XPCO\XPCO\Corporate\CommonAPI\VideoOS.Management.VmoClient.UnitTests\bin\Debug\net472\VideoOS.Management.VmoClient.UnitTests.dll" adapterTypeName="executor://mstestadapter/v2" className="VideoOS.Management.VmoClient.UnitTests.MasterSiteTest" name="Master_Refresh_NotCreated_InvalidOperationException" />
    </UnitTest>
    <UnitTest name="ServerVersionConstructor_Version_Success" storage="d:\actions-runner\_work\xpco\xpco\corporate\commonapi\videoos.management.vmoclient.unittests\bin\debug\net472\videoos.management.vmoclient.unittests.dll" id="da461f26-5d63-523f-2d23-b341fc1ad023">
      <TestCategory>
        <TestCategoryItem TestCategory="Server Version" />
      </TestCategory>
      <Execution id="2ec7dbf4-71ba-47c5-83a6-bb26b98b165a" />
      <TestMethod codeBase="D:\actions-runner\_work\XPCO\XPCO\Corporate\CommonAPI\VideoOS.Management.VmoClient.UnitTests\bin\Debug\net472\VideoOS.Management.VmoClient.UnitTests.dll" adapterTypeName="executor://mstestadapter/v2" className="VideoOS.Management.VmoClient.Tests.ServerVersionTests" name="ServerVersionConstructor_Version_Success" />
    </UnitTest>
    <UnitTest name="GetUserDomainNameOrEmpty_NullArgument_ReturnsEmpty" storage="d:\actions-runner\_work\xpco\xpco\corporate\commonapi\videoos.management.vmoclient.unittests\bin\debug\net472\videoos.management.vmoclient.unittests.dll" id="4253ed18-a2a7-1788-0d1b-413834040b11">
      <Execution id="49ec0b07-3fe9-40ae-868f-0a0845517590" />
      <TestMethod codeBase="D:\actions-runner\_work\XPCO\XPCO\Corporate\CommonAPI\VideoOS.Management.VmoClient.UnitTests\bin\Debug\net472\VideoOS.Management.VmoClient.UnitTests.dll" adapterTypeName="executor://mstestadapter/v2" className="VideoOS.Management.VmoClient.UnitTests.SiteConnectorTest" name="GetUserDomainNameOrEmpty_NullArgument_ReturnsEmpty" />
    </UnitTest>
    <UnitTest name="SystemDashboardConfigurationuration_Delete_Failed_Not_Created" storage="d:\actions-runner\_work\xpco\xpco\corporate\commonapi\videoos.management.vmoclient.unittests\bin\debug\net472\videoos.management.vmoclient.unittests.dll" id="55877fc3-44b1-335f-53a1-3ab0dd05460f">
      <Execution id="254f7f58-1b82-4101-9949-f4be69a8256d" />
      <TestMethod codeBase="D:\actions-runner\_work\XPCO\XPCO\Corporate\CommonAPI\VideoOS.Management.VmoClient.UnitTests\bin\Debug\net472\VideoOS.Management.VmoClient.UnitTests.dll" adapterTypeName="executor://mstestadapter/v2" className="VideoOS.Management.VmoClient.UnitTests.SystemDashboardConfigTest" name="SystemDashboardConfigurationuration_Delete_Failed_Not_Created" />
    </UnitTest>
    <UnitTest name="TaskMoveRecordingStorage_Refresh_Success" storage="d:\actions-runner\_work\xpco\xpco\corporate\commonapi\videoos.management.vmoclient.unittests\bin\debug\net472\videoos.management.vmoclient.unittests.dll" id="2baf0449-377b-035c-e243-2b7e59fc8d84">
      <Execution id="486e665f-b282-45cf-b9dc-d54459d65727" />
      <TestMethod codeBase="D:\actions-runner\_work\XPCO\XPCO\Corporate\CommonAPI\VideoOS.Management.VmoClient.UnitTests\bin\Debug\net472\VideoOS.Management.VmoClient.UnitTests.dll" adapterTypeName="executor://mstestadapter/v2" className="VideoOS.Management.VmoClient.UnitTests.TaskMoveRecordingStorageTest" name="TaskMoveRecordingStorage_Refresh_Success" />
    </UnitTest>
    <UnitTest name="PatrollingProfile_InsertStepAt_Existing_PatrollingStep_Invalid_Position" storage="d:\actions-runner\_work\xpco\xpco\corporate\commonapi\videoos.management.vmoclient.unittests\bin\debug\net472\videoos.management.vmoclient.unittests.dll" id="492a74e5-0879-8c47-fe63-f774f5fb0dd6">
      <TestCategory>
        <TestCategoryItem TestCategory="Patrolling Profile" />
      </TestCategory>
      <Execution id="00f7fa63-cf4e-41a5-b63f-8eb627f60016" />
      <TestMethod codeBase="D:\actions-runner\_work\XPCO\XPCO\Corporate\CommonAPI\VideoOS.Management.VmoClient.UnitTests\bin\Debug\net472\VideoOS.Management.VmoClient.UnitTests.dll" adapterTypeName="executor://mstestadapter/v2" className="VideoOS.Management.VmoClient.UnitTests.PatrollingProfileTest" name="PatrollingProfile_InsertStepAt_Existing_PatrollingStep_Invalid_Position" />
    </UnitTest>
    <UnitTest name="RuleSource_Update_Failed_Not_Created" storage="d:\actions-runner\_work\xpco\xpco\corporate\commonapi\videoos.management.vmoclient.unittests\bin\debug\net472\videoos.management.vmoclient.unittests.dll" id="a207ba8b-c394-7870-bbd5-3bb5925679e9">
      <Execution id="98630905-f406-4313-8156-5359cecc7370" />
      <TestMethod codeBase="D:\actions-runner\_work\XPCO\XPCO\Corporate\CommonAPI\VideoOS.Management.VmoClient.UnitTests\bin\Debug\net472\VideoOS.Management.VmoClient.UnitTests.dll" adapterTypeName="executor://mstestadapter/v2" className="VideoOS.Management.VmoClient.UnitTests.RuleSourceTest" name="RuleSource_Update_Failed_Not_Created" />
    </UnitTest>
    <UnitTest name="VideoWallPreset_Create_CheckVersionNotCalled" storage="d:\actions-runner\_work\xpco\xpco\corporate\commonapi\videoos.management.vmoclient.unittests\bin\debug\net472\videoos.management.vmoclient.unittests.dll" id="1275c074-db08-31bd-05ad-06c9229297a2">
      <Execution id="0f7db1d4-305f-447e-a1a2-61d457ae8a51" />
      <TestMethod codeBase="D:\actions-runner\_work\XPCO\XPCO\Corporate\CommonAPI\VideoOS.Management.VmoClient.UnitTests\bin\Debug\net472\VideoOS.Management.VmoClient.UnitTests.dll" adapterTypeName="executor://mstestadapter/v2" className="VideoOS.Management.VmoClient.UnitTests.VideoWallPresetTest" name="VideoWallPreset_Create_CheckVersionNotCalled" />
    </UnitTest>
    <UnitTest name="SunClockTimeProfile_Create_CheckVersionNotCalled" storage="d:\actions-runner\_work\xpco\xpco\corporate\commonapi\videoos.management.vmoclient.unittests\bin\debug\net472\videoos.management.vmoclient.unittests.dll" id="be4db557-6c72-5208-cef7-e179c3349be6">
      <Execution id="0592a95f-384d-4da0-9f01-86d1aa39a476" />
      <TestMethod codeBase="D:\actions-runner\_work\XPCO\XPCO\Corporate\CommonAPI\VideoOS.Management.VmoClient.UnitTests\bin\Debug\net472\VideoOS.Management.VmoClient.UnitTests.dll" adapterTypeName="executor://mstestadapter/v2" className="VideoOS.Management.VmoClient.UnitTests.SunClockTimeProfileTest" name="SunClockTimeProfile_Create_CheckVersionNotCalled" />
    </UnitTest>
    <UnitTest name="MIPEvent_Repository_Registered" storage="d:\actions-runner\_work\xpco\xpco\corporate\commonapi\videoos.management.vmoclient.unittests\bin\debug\net472\videoos.management.vmoclient.unittests.dll" id="41f6c7e0-8c95-404f-3027-8dd2cba17e11">
      <Execution id="5d9e0b90-8284-4f7a-bcd2-3d2d6cf045a7" />
      <TestMethod codeBase="D:\actions-runner\_work\XPCO\XPCO\Corporate\CommonAPI\VideoOS.Management.VmoClient.UnitTests\bin\Debug\net472\VideoOS.Management.VmoClient.UnitTests.dll" adapterTypeName="executor://mstestadapter/v2" className="VideoOS.Management.VmoClient.UnitTests.MIPEventTest" name="MIPEvent_Repository_Registered" />
    </UnitTest>
    <UnitTest name="FilterHttpAddresses_GivenHttpsAndHttpAddresses_ShouldReturnOnlyHttpAddresses" storage="d:\actions-runner\_work\xpco\xpco\corporate\commonapi\videoos.management.vmoclient.unittests\bin\debug\net472\videoos.management.vmoclient.unittests.dll" id="1212d1b4-9de3-2c00-0810-5d71d78ff7e3">
      <TestCategory>
        <TestCategoryItem TestCategory="Vmo Site Connection Tests" />
      </TestCategory>
      <Execution id="142f6423-f7a1-479b-90f2-2001ea1727ff" />
      <TestMethod codeBase="D:\actions-runner\_work\XPCO\XPCO\Corporate\CommonAPI\VideoOS.Management.VmoClient.UnitTests\bin\Debug\net472\VideoOS.Management.VmoClient.UnitTests.dll" adapterTypeName="executor://mstestadapter/v2" className="VideoOS.Management.VmoClient.UnitTests.SiteAddressValidatorTest" name="FilterHttpAddresses_GivenHttpsAndHttpAddresses_ShouldReturnOnlyHttpAddresses" />
    </UnitTest>
    <UnitTest name="PatrollingProfile_InsertStepAt_Existing_PatrollingStep_Position" storage="d:\actions-runner\_work\xpco\xpco\corporate\commonapi\videoos.management.vmoclient.unittests\bin\debug\net472\videoos.management.vmoclient.unittests.dll" id="b83be294-6532-01c7-4f9a-6a7ef7b4b6ba">
      <TestCategory>
        <TestCategoryItem TestCategory="Patrolling Profile" />
      </TestCategory>
      <Execution id="733f177b-795b-46a1-8c9b-31ffad998a9b" />
      <TestMethod codeBase="D:\actions-runner\_work\XPCO\XPCO\Corporate\CommonAPI\VideoOS.Management.VmoClient.UnitTests\bin\Debug\net472\VideoOS.Management.VmoClient.UnitTests.dll" adapterTypeName="executor://mstestadapter/v2" className="VideoOS.Management.VmoClient.UnitTests.PatrollingProfileTest" name="PatrollingProfile_InsertStepAt_Existing_PatrollingStep_Position" />
    </UnitTest>
    <UnitTest name="Grid_SetSpecificRegion_CorectAxis" storage="d:\actions-runner\_work\xpco\xpco\corporate\commonapi\videoos.management.vmoclient.unittests\bin\debug\net472\videoos.management.vmoclient.unittests.dll" id="8f734c84-010b-fd88-9118-98e3804d5b92">
      <TestCategory>
        <TestCategoryItem TestCategory="Grid" />
      </TestCategory>
      <Execution id="00f2f011-931e-49ac-b518-65c87c3f091d" />
      <TestMethod codeBase="D:\actions-runner\_work\XPCO\XPCO\Corporate\CommonAPI\VideoOS.Management.VmoClient.UnitTests\bin\Debug\net472\VideoOS.Management.VmoClient.UnitTests.dll" adapterTypeName="executor://mstestadapter/v2" className="VideoOS.Management.VmoClient.UnitTests.GridTest" name="Grid_SetSpecificRegion_CorectAxis" />
    </UnitTest>
    <UnitTest name="GetSiteConnectionResultTokenExchange_StoreContainsInvalidTokenCache_ShouldRemoveItFromStore" storage="d:\actions-runner\_work\xpco\xpco\corporate\commonapi\videoos.management.vmoclient.unittests\bin\debug\net472\videoos.management.vmoclient.unittests.dll" id="ea54672f-d80d-e87d-2113-75f571b1f270">
      <TestCategory>
        <TestCategoryItem TestCategory="Vmo Site Connection Tests" />
      </TestCategory>
      <Execution id="6cd7c12e-3c8b-4e16-b403-3adddd8a7ee3" />
      <TestMethod codeBase="D:\actions-runner\_work\XPCO\XPCO\Corporate\CommonAPI\VideoOS.Management.VmoClient.UnitTests\bin\Debug\net472\VideoOS.Management.VmoClient.UnitTests.dll" adapterTypeName="executor://mstestadapter/v2" className="VideoOS.Management.VmoClient.UnitTests.SiteConnectorOAuthTest" name="GetSiteConnectionResultTokenExchange_StoreContainsInvalidTokenCache_ShouldRemoveItFromStore" />
    </UnitTest>
    <UnitTest name="BasicUser_Constructor_DefaultValuesCorrect" storage="d:\actions-runner\_work\xpco\xpco\corporate\commonapi\videoos.management.vmoclient.unittests\bin\debug\net472\videoos.management.vmoclient.unittests.dll" id="6a6b3d60-b93a-8958-6b62-7ecff6d37770">
      <Execution id="8e31b6e2-c77f-4a81-8bf5-1f7f83da54ee" />
      <TestMethod codeBase="D:\actions-runner\_work\XPCO\XPCO\Corporate\CommonAPI\VideoOS.Management.VmoClient.UnitTests\bin\Debug\net472\VideoOS.Management.VmoClient.UnitTests.dll" adapterTypeName="executor://mstestadapter/v2" className="VideoOS.Management.VmoClient.UnitTests.BasicUserTest" name="BasicUser_Constructor_DefaultValuesCorrect" />
    </UnitTest>
    <UnitTest name="Repairing_Refresh_Success" storage="d:\actions-runner\_work\xpco\xpco\corporate\commonapi\videoos.management.vmoclient.unittests\bin\debug\net472\videoos.management.vmoclient.unittests.dll" id="6706d411-8cf1-f762-631a-95a0ad7cba2a">
      <Execution id="6726fa52-5abe-4887-8430-9fc2f5a1a7a7" />
      <TestMethod codeBase="D:\actions-runner\_work\XPCO\XPCO\Corporate\CommonAPI\VideoOS.Management.VmoClient.UnitTests\bin\Debug\net472\VideoOS.Management.VmoClient.UnitTests.dll" adapterTypeName="executor://mstestadapter/v2" className="VideoOS.Management.VmoClient.UnitTests.TaskArchivingTest" name="Repairing_Refresh_Success" />
    </UnitTest>
    <UnitTest name="TryGetPropertyValue_NonNullableType_ReturnsCorrectValue" storage="d:\actions-runner\_work\xpco\xpco\corporate\commonapi\videoos.management.vmoclient.unittests\bin\debug\net472\videoos.management.vmoclient.unittests.dll" id="28bcafb2-125c-2190-aeb9-78e3e150b00b">
      <Execution id="3a74f7c7-1f5a-4f82-8324-9e0c161d3d39" />
      <TestMethod codeBase="D:\actions-runner\_work\XPCO\XPCO\Corporate\CommonAPI\VideoOS.Management.VmoClient.UnitTests\bin\Debug\net472\VideoOS.Management.VmoClient.UnitTests.dll" adapterTypeName="executor://mstestadapter/v2" className="VideoOS.Management.VmoClient.UnitTests.Framework.VmoPropertyCollectionTest" name="TryGetPropertyValue_NonNullableType_ReturnsCorrectValue" />
    </UnitTest>
    <UnitTest name="VideoWall_Constructor_DefaultValuesCorrect" storage="d:\actions-runner\_work\xpco\xpco\corporate\commonapi\videoos.management.vmoclient.unittests\bin\debug\net472\videoos.management.vmoclient.unittests.dll" id="d434d68d-18fc-8132-4808-443cc1726358">
      <Execution id="0295e9df-baa5-4290-97e9-da1660a07de1" />
      <TestMethod codeBase="D:\actions-runner\_work\XPCO\XPCO\Corporate\CommonAPI\VideoOS.Management.VmoClient.UnitTests\bin\Debug\net472\VideoOS.Management.VmoClient.UnitTests.dll" adapterTypeName="executor://mstestadapter/v2" className="VideoOS.Management.VmoClient.UnitTests.VideoWallTest" name="VideoWall_Constructor_DefaultValuesCorrect" />
    </UnitTest>
    <UnitTest name="BasicUser_Constructor_Password_Empty_Check" storage="d:\actions-runner\_work\xpco\xpco\corporate\commonapi\videoos.management.vmoclient.unittests\bin\debug\net472\videoos.management.vmoclient.unittests.dll" id="94b148ad-9c83-a554-8c3e-b246b0575830">
      <Execution id="661dbfff-8653-4d14-8e14-c75a787d3601" />
      <TestMethod codeBase="D:\actions-runner\_work\XPCO\XPCO\Corporate\CommonAPI\VideoOS.Management.VmoClient.UnitTests\bin\Debug\net472\VideoOS.Management.VmoClient.UnitTests.dll" adapterTypeName="executor://mstestadapter/v2" className="VideoOS.Management.VmoClient.UnitTests.BasicUserTest" name="BasicUser_Constructor_Password_Empty_Check" />
    </UnitTest>
    <UnitTest name="TrustedIssuer_Create_Success" storage="d:\actions-runner\_work\xpco\xpco\corporate\commonapi\videoos.management.vmoclient.unittests\bin\debug\net472\videoos.management.vmoclient.unittests.dll" id="bef83212-6bad-8152-ef96-0154e1cac447">
      <Execution id="29a768ad-e39f-4f35-a9af-e037cfe26eec" />
      <TestMethod codeBase="D:\actions-runner\_work\XPCO\XPCO\Corporate\CommonAPI\VideoOS.Management.VmoClient.UnitTests\bin\Debug\net472\VideoOS.Management.VmoClient.UnitTests.dll" adapterTypeName="executor://mstestadapter/v2" className="VideoOS.Management.VmoClient.UnitTests.TrustedIssuerTest" name="TrustedIssuer_Create_Success" />
    </UnitTest>
    <UnitTest name="TaskDeleteArchiveStorage_Refresh_Success" storage="d:\actions-runner\_work\xpco\xpco\corporate\commonapi\videoos.management.vmoclient.unittests\bin\debug\net472\videoos.management.vmoclient.unittests.dll" id="b63b0257-57f4-c0a1-7d73-1ecf4d6aae48">
      <Execution id="8213d607-f503-416d-98a0-1e053426b0b3" />
      <TestMethod codeBase="D:\actions-runner\_work\XPCO\XPCO\Corporate\CommonAPI\VideoOS.Management.VmoClient.UnitTests\bin\Debug\net472\VideoOS.Management.VmoClient.UnitTests.dll" adapterTypeName="executor://mstestadapter/v2" className="VideoOS.Management.VmoClient.UnitTests.TaskDeleteArchiveStorageTest" name="TaskDeleteArchiveStorage_Refresh_Success" />
    </UnitTest>
    <UnitTest name="PatrollingProfile_InsertStepFirst_Existing_PatrollingStep" storage="d:\actions-runner\_work\xpco\xpco\corporate\commonapi\videoos.management.vmoclient.unittests\bin\debug\net472\videoos.management.vmoclient.unittests.dll" id="9d6412cb-3a50-3068-8962-8836b07f370a">
      <TestCategory>
        <TestCategoryItem TestCategory="Patrolling Profile" />
      </TestCategory>
      <Execution id="50d874a3-4327-4471-89b0-28b84c6c59dd" />
      <TestMethod codeBase="D:\actions-runner\_work\XPCO\XPCO\Corporate\CommonAPI\VideoOS.Management.VmoClient.UnitTests\bin\Debug\net472\VideoOS.Management.VmoClient.UnitTests.dll" adapterTypeName="executor://mstestadapter/v2" className="VideoOS.Management.VmoClient.UnitTests.PatrollingProfileTest" name="PatrollingProfile_InsertStepFirst_Existing_PatrollingStep" />
    </UnitTest>
    <UnitTest name="Construct_InvalidParam_ISiteIdpConnector_Null_Throws_ArgumentNullException" storage="d:\actions-runner\_work\xpco\xpco\corporate\commonapi\videoos.management.vmoclient.unittests\bin\debug\net472\videoos.management.vmoclient.unittests.dll" id="82ce7b74-9478-cbc0-ced6-3cff3fae756f">
      <TestCategory>
        <TestCategoryItem TestCategory="Vmo Site Connection Tests" />
      </TestCategory>
      <Execution id="ac949ea0-991c-4cfa-a5a9-7ff9acf34cc4" />
      <TestMethod codeBase="D:\actions-runner\_work\XPCO\XPCO\Corporate\CommonAPI\VideoOS.Management.VmoClient.UnitTests\bin\Debug\net472\VideoOS.Management.VmoClient.UnitTests.dll" adapterTypeName="executor://mstestadapter/v2" className="VideoOS.Management.VmoClient.UnitTests.Connection.SiteConnectorFactoryTests" name="Construct_InvalidParam_ISiteIdpConnector_Null_Throws_ArgumentNullException" />
    </UnitTest>
    <UnitTest name="PerformanceStateRuleConfig_Constructor_DefaultValuesCorrect" storage="d:\actions-runner\_work\xpco\xpco\corporate\commonapi\videoos.management.vmoclient.unittests\bin\debug\net472\videoos.management.vmoclient.unittests.dll" id="aebd2ed3-500b-7ed7-3035-495460774e8c">
      <Execution id="9d16bc7f-8729-46f5-9d4c-35f50c2456e5" />
      <TestMethod codeBase="D:\actions-runner\_work\XPCO\XPCO\Corporate\CommonAPI\VideoOS.Management.VmoClient.UnitTests\bin\Debug\net472\VideoOS.Management.VmoClient.UnitTests.dll" adapterTypeName="executor://mstestadapter/v2" className="VideoOS.Management.VmoClient.UnitTests.PerformanceStateRuleConfigTest" name="PerformanceStateRuleConfig_Constructor_DefaultValuesCorrect" />
    </UnitTest>
    <UnitTest name="ManagementServer_FullSiteSynchronization_Called" storage="d:\actions-runner\_work\xpco\xpco\corporate\commonapi\videoos.management.vmoclient.unittests\bin\debug\net472\videoos.management.vmoclient.unittests.dll" id="07e7c456-853c-aa19-eabd-829ddd29ec4f">
      <Execution id="db22523a-8e5a-41a3-8e10-0a02dc09d9b2" />
      <TestMethod codeBase="D:\actions-runner\_work\XPCO\XPCO\Corporate\CommonAPI\VideoOS.Management.VmoClient.UnitTests\bin\Debug\net472\VideoOS.Management.VmoClient.UnitTests.dll" adapterTypeName="executor://mstestadapter/v2" className="VideoOS.Management.VmoClient.UnitTests.ManagementServerTest" name="ManagementServer_FullSiteSynchronization_Called" />
    </UnitTest>
    <UnitTest name="Role_Copy_Role_Check_Empty_Name" storage="d:\actions-runner\_work\xpco\xpco\corporate\commonapi\videoos.management.vmoclient.unittests\bin\debug\net472\videoos.management.vmoclient.unittests.dll" id="df4ff3c1-650e-910f-5097-47f4252b8b5e">
      <Execution id="5c1578e7-c198-4338-a97b-c573936eac8a" />
      <TestMethod codeBase="D:\actions-runner\_work\XPCO\XPCO\Corporate\CommonAPI\VideoOS.Management.VmoClient.UnitTests\bin\Debug\net472\VideoOS.Management.VmoClient.UnitTests.dll" adapterTypeName="executor://mstestadapter/v2" className="VideoOS.Management.VmoClient.UnitTests.RoleTest" name="Role_Copy_Role_Check_Empty_Name" />
    </UnitTest>
    <UnitTest name="TaskAddHardware_Cleanup_61_NotSupported" storage="d:\actions-runner\_work\xpco\xpco\corporate\commonapi\videoos.management.vmoclient.unittests\bin\debug\net472\videoos.management.vmoclient.unittests.dll" id="813ee3ab-9f5c-5aff-3f96-107a9c99f824">
      <Execution id="7a9d0f16-e905-4f71-b445-7903b064bfb0" />
      <TestMethod codeBase="D:\actions-runner\_work\XPCO\XPCO\Corporate\CommonAPI\VideoOS.Management.VmoClient.UnitTests\bin\Debug\net472\VideoOS.Management.VmoClient.UnitTests.dll" adapterTypeName="executor://mstestadapter/v2" className="VideoOS.Management.VmoClient.UnitTests.TaskAddHardwareTest" name="TaskAddHardware_Cleanup_61_NotSupported" />
    </UnitTest>
    <UnitTest name="TaskHardwareScan_Refresh_Success" storage="d:\actions-runner\_work\xpco\xpco\corporate\commonapi\videoos.management.vmoclient.unittests\bin\debug\net472\videoos.management.vmoclient.unittests.dll" id="acfe2752-9929-f7a5-f06b-9a3f6d2df54f">
      <Execution id="4faa3760-4cec-4682-81b7-5083b856504a" />
      <TestMethod codeBase="D:\actions-runner\_work\XPCO\XPCO\Corporate\CommonAPI\VideoOS.Management.VmoClient.UnitTests\bin\Debug\net472\VideoOS.Management.VmoClient.UnitTests.dll" adapterTypeName="executor://mstestadapter/v2" className="VideoOS.Management.VmoClient.UnitTests.EntityTest.TaskHardwareScanTest" name="TaskHardwareScan_Refresh_Success" />
    </UnitTest>
    <UnitTest name="UserDefinedEvent_Update_Success" storage="d:\actions-runner\_work\xpco\xpco\corporate\commonapi\videoos.management.vmoclient.unittests\bin\debug\net472\videoos.management.vmoclient.unittests.dll" id="699824b7-e064-add7-e59c-6df79878b90f">
      <Execution id="6fce8515-8d57-4a7f-98ad-0850674e79a6" />
      <TestMethod codeBase="D:\actions-runner\_work\XPCO\XPCO\Corporate\CommonAPI\VideoOS.Management.VmoClient.UnitTests\bin\Debug\net472\VideoOS.Management.VmoClient.UnitTests.dll" adapterTypeName="executor://mstestadapter/v2" className="VideoOS.Management.VmoClient.UnitTests.UserDefinedEventTest" name="UserDefinedEvent_Update_Success" />
    </UnitTest>
    <UnitTest name="Get_GivenConfiguredAddressesAndConnectedSite_ShouldSuccess" storage="d:\actions-runner\_work\xpco\xpco\corporate\commonapi\videoos.management.vmoclient.unittests\bin\debug\net472\videoos.management.vmoclient.unittests.dll" id="9a790be3-4e58-f6d5-ba0a-28c4f994c0b7">
      <Execution id="8661a6e8-964c-493d-9aa3-70e94fd1fef3" />
      <TestMethod codeBase="D:\actions-runner\_work\XPCO\XPCO\Corporate\CommonAPI\VideoOS.Management.VmoClient.UnitTests\bin\Debug\net472\VideoOS.Management.VmoClient.UnitTests.dll" adapterTypeName="executor://mstestadapter/v2" className="VideoOS.Management.VmoClient.UnitTests.SiteTokenCacheStoreTests" name="Get_GivenConfiguredAddressesAndConnectedSite_ShouldSuccess" />
    </UnitTest>
    <UnitTest name="Construct_InvalidParam_ISiteTokenCacheStore_Null_Throws_ArgumentNullException" storage="d:\actions-runner\_work\xpco\xpco\corporate\commonapi\videoos.management.vmoclient.unittests\bin\debug\net472\videoos.management.vmoclient.unittests.dll" id="eeba400a-7a60-e166-4842-f46ea9e2cb9a">
      <TestCategory>
        <TestCategoryItem TestCategory="Vmo Site Connection Tests" />
      </TestCategory>
      <Execution id="4c760000-fd84-4d0b-bd79-20c3d59854cf" />
      <TestMethod codeBase="D:\actions-runner\_work\XPCO\XPCO\Corporate\CommonAPI\VideoOS.Management.VmoClient.UnitTests\bin\Debug\net472\VideoOS.Management.VmoClient.UnitTests.dll" adapterTypeName="executor://mstestadapter/v2" className="VideoOS.Management.VmoClient.UnitTests.Connection.SiteConnectorFactoryTests" name="Construct_InvalidParam_ISiteTokenCacheStore_Null_Throws_ArgumentNullException" />
    </UnitTest>
    <UnitTest name="ServerConnection_Constructor_Null_Argument_ServerName" storage="d:\actions-runner\_work\xpco\xpco\corporate\commonapi\videoos.management.vmoclient.unittests\bin\debug\net472\videoos.management.vmoclient.unittests.dll" id="7c949f43-1781-41d4-86a9-9d3ee7be83b7">
      <TestCategory>
        <TestCategoryItem TestCategory="Vmo Site Connection Tests" />
      </TestCategory>
      <Execution id="cdf5c327-1fba-4fa6-8a5a-3d7d3b568d33" />
      <TestMethod codeBase="D:\actions-runner\_work\XPCO\XPCO\Corporate\CommonAPI\VideoOS.Management.VmoClient.UnitTests\bin\Debug\net472\VideoOS.Management.VmoClient.UnitTests.dll" adapterTypeName="executor://mstestadapter/v2" className="VideoOS.Management.VmoClient.UnitTests.Connection.ServerConnectionTest" name="ServerConnection_Constructor_Null_Argument_ServerName" />
    </UnitTest>
    <UnitTest name="ManagementClientProfile_Constructor_DefaultValuesCorrect" storage="d:\actions-runner\_work\xpco\xpco\corporate\commonapi\videoos.management.vmoclient.unittests\bin\debug\net472\videoos.management.vmoclient.unittests.dll" id="9762f51b-0731-ac64-23c9-24a2c8ccaa73">
      <Execution id="73523b4d-e19d-470c-8c30-7932e0d87ac3" />
      <TestMethod codeBase="D:\actions-runner\_work\XPCO\XPCO\Corporate\CommonAPI\VideoOS.Management.VmoClient.UnitTests\bin\Debug\net472\VideoOS.Management.VmoClient.UnitTests.dll" adapterTypeName="executor://mstestadapter/v2" className="VideoOS.Management.VmoClient.UnitTests.ClientProfileManagementClientTest" name="ManagementClientProfile_Constructor_DefaultValuesCorrect" />
    </UnitTest>
    <UnitTest name="RecordingStorage_EnableEncryption_Failed_Wrong_Method_None" storage="d:\actions-runner\_work\xpco\xpco\corporate\commonapi\videoos.management.vmoclient.unittests\bin\debug\net472\videoos.management.vmoclient.unittests.dll" id="5e51178d-c090-6fd7-c27f-04e3e74bd42f">
      <Execution id="1a166e2c-7149-4ebf-9694-0de4bd8e6f9d" />
      <TestMethod codeBase="D:\actions-runner\_work\XPCO\XPCO\Corporate\CommonAPI\VideoOS.Management.VmoClient.UnitTests\bin\Debug\net472\VideoOS.Management.VmoClient.UnitTests.dll" adapterTypeName="executor://mstestadapter/v2" className="VideoOS.Management.VmoClient.UnitTests.RecordingStorageTest" name="RecordingStorage_EnableEncryption_Failed_Wrong_Method_None" />
    </UnitTest>
    <UnitTest name="RecordingServer_GetHardwareDrivers_Before_v70_NotSupported" storage="d:\actions-runner\_work\xpco\xpco\corporate\commonapi\videoos.management.vmoclient.unittests\bin\debug\net472\videoos.management.vmoclient.unittests.dll" id="a97654da-5e07-39e0-b469-69e6b597d6b0">
      <Execution id="b46834bb-364f-44b4-9086-beb74c5d4dba" />
      <TestMethod codeBase="D:\actions-runner\_work\XPCO\XPCO\Corporate\CommonAPI\VideoOS.Management.VmoClient.UnitTests\bin\Debug\net472\VideoOS.Management.VmoClient.UnitTests.dll" adapterTypeName="executor://mstestadapter/v2" className="VideoOS.Management.VmoClient.UnitTests.RecordingServerTest" name="RecordingServer_GetHardwareDrivers_Before_v70_NotSupported" />
    </UnitTest>
    <UnitTest name="Role_Add_Member_Check_Object_Created" storage="d:\actions-runner\_work\xpco\xpco\corporate\commonapi\videoos.management.vmoclient.unittests\bin\debug\net472\videoos.management.vmoclient.unittests.dll" id="b4286873-47af-f3c2-5fa5-1bbf4bab42bb">
      <Execution id="d05f5852-bd65-44bf-b5cd-46fa51d38d9e" />
      <TestMethod codeBase="D:\actions-runner\_work\XPCO\XPCO\Corporate\CommonAPI\VideoOS.Management.VmoClient.UnitTests\bin\Debug\net472\VideoOS.Management.VmoClient.UnitTests.dll" adapterTypeName="executor://mstestadapter/v2" className="VideoOS.Management.VmoClient.UnitTests.RoleTest" name="Role_Add_Member_Check_Object_Created" />
    </UnitTest>
    <UnitTest name="FailoverServerGroup_Constructor_DefaultValuesCorrect" storage="d:\actions-runner\_work\xpco\xpco\corporate\commonapi\videoos.management.vmoclient.unittests\bin\debug\net472\videoos.management.vmoclient.unittests.dll" id="2b4dbf29-e6af-2960-d730-081d563f6630">
      <Execution id="852eb015-7081-42f8-9e9a-df9a8caa9879" />
      <TestMethod codeBase="D:\actions-runner\_work\XPCO\XPCO\Corporate\CommonAPI\VideoOS.Management.VmoClient.UnitTests\bin\Debug\net472\VideoOS.Management.VmoClient.UnitTests.dll" adapterTypeName="executor://mstestadapter/v2" className="VideoOS.Management.VmoClient.UnitTests.FailoverServerGroupTest" name="FailoverServerGroup_Constructor_DefaultValuesCorrect" />
    </UnitTest>
    <UnitTest name="Monitor_ApplyLayout_ApplyLayoutCalled" storage="d:\actions-runner\_work\xpco\xpco\corporate\commonapi\videoos.management.vmoclient.unittests\bin\debug\net472\videoos.management.vmoclient.unittests.dll" id="a7741fc5-35a5-4ccd-597a-5b3467b4e24f">
      <Execution id="0e9f561c-ac15-421c-a455-7911d26f8c22" />
      <TestMethod codeBase="D:\actions-runner\_work\XPCO\XPCO\Corporate\CommonAPI\VideoOS.Management.VmoClient.UnitTests\bin\Debug\net472\VideoOS.Management.VmoClient.UnitTests.dll" adapterTypeName="executor://mstestadapter/v2" className="VideoOS.Management.VmoClient.UnitTests.MonitorTest" name="Monitor_ApplyLayout_ApplyLayoutCalled" />
    </UnitTest>
    <UnitTest name="Remove_UnderHeavyLoad_ShouldSuccess" storage="d:\actions-runner\_work\xpco\xpco\corporate\commonapi\videoos.management.vmoclient.unittests\bin\debug\net472\videoos.management.vmoclient.unittests.dll" id="28a4ee6c-34d9-2fd6-6b5a-164c72fa026f">
      <Execution id="0a1240f9-5043-429b-b1a8-44b3afa4242b" />
      <TestMethod codeBase="D:\actions-runner\_work\XPCO\XPCO\Corporate\CommonAPI\VideoOS.Management.VmoClient.UnitTests\bin\Debug\net472\VideoOS.Management.VmoClient.UnitTests.dll" adapterTypeName="executor://mstestadapter/v2" className="VideoOS.Management.VmoClient.UnitTests.SiteTokenCacheStoreTests" name="Remove_UnderHeavyLoad_ShouldSuccess" />
    </UnitTest>
    <UnitTest name="Get_GivenSiteAddress_ShouldSuccess" storage="d:\actions-runner\_work\xpco\xpco\corporate\commonapi\videoos.management.vmoclient.unittests\bin\debug\net472\videoos.management.vmoclient.unittests.dll" id="b247fba0-e363-fcb5-810e-690d53f50937">
      <Execution id="983a2b22-ae2e-4bef-bca3-2d4d6a97117c" />
      <TestMethod codeBase="D:\actions-runner\_work\XPCO\XPCO\Corporate\CommonAPI\VideoOS.Management.VmoClient.UnitTests\bin\Debug\net472\VideoOS.Management.VmoClient.UnitTests.dll" adapterTypeName="executor://mstestadapter/v2" className="VideoOS.Management.VmoClient.UnitTests.SiteTokenCacheStoreTests" name="Get_GivenSiteAddress_ShouldSuccess" />
    </UnitTest>
    <UnitTest name="MIPEvent_Trigger_Success" storage="d:\actions-runner\_work\xpco\xpco\corporate\commonapi\videoos.management.vmoclient.unittests\bin\debug\net472\videoos.management.vmoclient.unittests.dll" id="2e4724a5-2b7b-eb65-ebd9-ad0253c0844b">
      <Execution id="18b0c467-f8cf-48dc-b445-e65755a4da0f" />
      <TestMethod codeBase="D:\actions-runner\_work\XPCO\XPCO\Corporate\CommonAPI\VideoOS.Management.VmoClient.UnitTests\bin\Debug\net472\VideoOS.Management.VmoClient.UnitTests.dll" adapterTypeName="executor://mstestadapter/v2" className="VideoOS.Management.VmoClient.UnitTests.MIPEventTest" name="MIPEvent_Trigger_Success" />
    </UnitTest>
    <UnitTest name="GetFastestIdpInfo_GivenManyAddresses_ShouldReturnFastestReachableIdpInfo" storage="d:\actions-runner\_work\xpco\xpco\corporate\commonapi\videoos.management.vmoclient.unittests\bin\debug\net472\videoos.management.vmoclient.unittests.dll" id="ce51b1ac-d3e0-8c7d-b676-f333c3596a54">
      <Execution id="fd3e447f-a8a4-4820-a2ce-a6fd52312f8f" />
      <TestMethod codeBase="D:\actions-runner\_work\XPCO\XPCO\Corporate\CommonAPI\VideoOS.Management.VmoClient.UnitTests\bin\Debug\net472\VideoOS.Management.VmoClient.UnitTests.dll" adapterTypeName="executor://mstestadapter/v2" className="VideoOS.Management.VmoClient.UnitTests.SiteIdpConnectorTests" name="GetFastestIdpInfo_GivenManyAddresses_ShouldReturnFastestReachableIdpInfo" />
    </UnitTest>
    <UnitTest name="GenericRepositoryTestGetObjectByIdCacheUsed" storage="d:\actions-runner\_work\xpco\xpco\corporate\commonapi\videoos.management.vmoclient.unittests\bin\debug\net472\videoos.management.vmoclient.unittests.dll" id="b24e63e5-ed1c-f5a8-17ea-47dc25bf0e3a">
      <Execution id="c8f067b8-8064-498b-a2aa-0288795223f4" />
      <TestMethod codeBase="D:\actions-runner\_work\XPCO\XPCO\Corporate\CommonAPI\VideoOS.Management.VmoClient.UnitTests\bin\Debug\net472\VideoOS.Management.VmoClient.UnitTests.dll" adapterTypeName="executor://mstestadapter/v2" className="VideoOS.Management.VmoClient.UnitTests.GenericRepositoryTest" name="GenericRepositoryTestGetObjectByIdCacheUsed" />
    </UnitTest>
    <UnitTest name="RetentionOptionRoleRelation_Update_Success" storage="d:\actions-runner\_work\xpco\xpco\corporate\commonapi\videoos.management.vmoclient.unittests\bin\debug\net472\videoos.management.vmoclient.unittests.dll" id="9715e153-c64f-2ff6-9d3f-d357619df217">
      <Execution id="3d7365a1-917f-45d2-9437-1a7c2c3c1d7a" />
      <TestMethod codeBase="D:\actions-runner\_work\XPCO\XPCO\Corporate\CommonAPI\VideoOS.Management.VmoClient.UnitTests\bin\Debug\net472\VideoOS.Management.VmoClient.UnitTests.dll" adapterTypeName="executor://mstestadapter/v2" className="VideoOS.Management.VmoClient.UnitTests.RetentionOptionRoleRelationTest" name="RetentionOptionRoleRelation_Update_Success" />
    </UnitTest>
    <UnitTest name="Server_Version_Equality_Operators" storage="d:\actions-runner\_work\xpco\xpco\corporate\commonapi\videoos.management.vmoclient.unittests\bin\debug\net472\videoos.management.vmoclient.unittests.dll" id="a9b67831-d0b6-ce7b-0668-e76067964e4d">
      <Execution id="d46a37cd-7860-4cdf-8f37-891cd0741ae5" />
      <TestMethod codeBase="D:\actions-runner\_work\XPCO\XPCO\Corporate\CommonAPI\VideoOS.Management.VmoClient.UnitTests\bin\Debug\net472\VideoOS.Management.VmoClient.UnitTests.dll" adapterTypeName="executor://mstestadapter/v2" className="VideoOS.Management.VmoClient.UnitTests.ServerVersionTest" name="Server_Version_Equality_Operators" />
    </UnitTest>
    <UnitTest name="ServerVersionConstructor_CompareToObjWrongObj_Failure" storage="d:\actions-runner\_work\xpco\xpco\corporate\commonapi\videoos.management.vmoclient.unittests\bin\debug\net472\videoos.management.vmoclient.unittests.dll" id="9415680d-8603-0d49-0291-4a7f9126ab00">
      <TestCategory>
        <TestCategoryItem TestCategory="Server Version" />
      </TestCategory>
      <Execution id="a14b9cbf-7e31-454e-afd7-ba5b0a64f3d2" />
      <TestMethod codeBase="D:\actions-runner\_work\XPCO\XPCO\Corporate\CommonAPI\VideoOS.Management.VmoClient.UnitTests\bin\Debug\net472\VideoOS.Management.VmoClient.UnitTests.dll" adapterTypeName="executor://mstestadapter/v2" className="VideoOS.Management.VmoClient.Tests.ServerVersionTests" name="ServerVersionConstructor_CompareToObjWrongObj_Failure" />
    </UnitTest>
    <UnitTest name="GetHighPriorityError_GivenInvalidServerIdException_ReturnsInvalidServerIdException" storage="d:\actions-runner\_work\xpco\xpco\corporate\commonapi\videoos.management.vmoclient.unittests\bin\debug\net472\videoos.management.vmoclient.unittests.dll" id="d8d53a51-1958-4529-819e-62ca5a99122f">
      <Execution id="e18b438a-c118-45b0-b179-2de5636289de" />
      <TestMethod codeBase="D:\actions-runner\_work\XPCO\XPCO\Corporate\CommonAPI\VideoOS.Management.VmoClient.UnitTests\bin\Debug\net472\VideoOS.Management.VmoClient.UnitTests.dll" adapterTypeName="executor://mstestadapter/v2" className="VideoOS.Management.VmoClient.UnitTests.SiteConnectorExceptionHandlerTests" name="GetHighPriorityError_GivenInvalidServerIdException_ReturnsInvalidServerIdException" />
    </UnitTest>
    <UnitTest name="PerformanceStateRuleConfiguration_Refresh_Success" storage="d:\actions-runner\_work\xpco\xpco\corporate\commonapi\videoos.management.vmoclient.unittests\bin\debug\net472\videoos.management.vmoclient.unittests.dll" id="0a1b016b-3e45-4017-464a-fe98f0c6ccb8">
      <Execution id="6fb245e6-d902-4adf-83ca-9e541866c7be" />
      <TestMethod codeBase="D:\actions-runner\_work\XPCO\XPCO\Corporate\CommonAPI\VideoOS.Management.VmoClient.UnitTests\bin\Debug\net472\VideoOS.Management.VmoClient.UnitTests.dll" adapterTypeName="executor://mstestadapter/v2" className="VideoOS.Management.VmoClient.UnitTests.PerformanceStateRuleConfigTest" name="PerformanceStateRuleConfiguration_Refresh_Success" />
    </UnitTest>
    <UnitTest name="Role_Create_Success" storage="d:\actions-runner\_work\xpco\xpco\corporate\commonapi\videoos.management.vmoclient.unittests\bin\debug\net472\videoos.management.vmoclient.unittests.dll" id="d46c4055-95a7-9cda-629d-2b64d730453b">
      <Execution id="8739f9bc-bec7-44b4-be0b-a9d75fa487b9" />
      <TestMethod codeBase="D:\actions-runner\_work\XPCO\XPCO\Corporate\CommonAPI\VideoOS.Management.VmoClient.UnitTests\bin\Debug\net472\VideoOS.Management.VmoClient.UnitTests.dll" adapterTypeName="executor://mstestadapter/v2" className="VideoOS.Management.VmoClient.UnitTests.RoleTest" name="Role_Create_Success" />
    </UnitTest>
    <UnitTest name="OutputDevice_Repository_Registered" storage="d:\actions-runner\_work\xpco\xpco\corporate\commonapi\videoos.management.vmoclient.unittests\bin\debug\net472\videoos.management.vmoclient.unittests.dll" id="5efb6865-8b6b-60bf-8eaf-eaa558141503">
      <Execution id="3329c5a1-7924-4c0b-ad67-75187f7326c3" />
      <TestMethod codeBase="D:\actions-runner\_work\XPCO\XPCO\Corporate\CommonAPI\VideoOS.Management.VmoClient.UnitTests\bin\Debug\net472\VideoOS.Management.VmoClient.UnitTests.dll" adapterTypeName="executor://mstestadapter/v2" className="VideoOS.Management.VmoClient.UnitTests.OutputDeviceTest" name="OutputDevice_Repository_Registered" />
    </UnitTest>
    <UnitTest name="TaskMoveDevice_StartNew_Success" storage="d:\actions-runner\_work\xpco\xpco\corporate\commonapi\videoos.management.vmoclient.unittests\bin\debug\net472\videoos.management.vmoclient.unittests.dll" id="4bf84d6a-9747-e23e-9edd-c36a80376ba8">
      <Execution id="16d760a6-8a6b-4607-aac4-173c068531ad" />
      <TestMethod codeBase="D:\actions-runner\_work\XPCO\XPCO\Corporate\CommonAPI\VideoOS.Management.VmoClient.UnitTests\bin\Debug\net472\VideoOS.Management.VmoClient.UnitTests.dll" adapterTypeName="executor://mstestadapter/v2" className="VideoOS.Management.VmoClient.UnitTests.TaskMoveDeviceTest" name="TaskMoveDevice_StartNew_Success" />
    </UnitTest>
    <UnitTest name="TaskAddHardware_Refresh_Success" storage="d:\actions-runner\_work\xpco\xpco\corporate\commonapi\videoos.management.vmoclient.unittests\bin\debug\net472\videoos.management.vmoclient.unittests.dll" id="ea3462a5-ce30-2e6d-29ba-8f2f8f7032e2">
      <Execution id="8aef7205-c579-47ea-8ca8-cced54c63d84" />
      <TestMethod codeBase="D:\actions-runner\_work\XPCO\XPCO\Corporate\CommonAPI\VideoOS.Management.VmoClient.UnitTests\bin\Debug\net472\VideoOS.Management.VmoClient.UnitTests.dll" adapterTypeName="executor://mstestadapter/v2" className="VideoOS.Management.VmoClient.UnitTests.TaskAddHardwareTest" name="TaskAddHardware_Refresh_Success" />
    </UnitTest>
    <UnitTest name="ExceptionConverter_GetConnectionConvertedException_CommunicationException" storage="d:\actions-runner\_work\xpco\xpco\corporate\commonapi\videoos.management.vmoclient.unittests\bin\debug\net472\videoos.management.vmoclient.unittests.dll" id="5bd0612f-9958-1d70-b197-2f1e354c84c6">
      <Execution id="8ac7e7b3-c516-43c5-8567-de7b90ef9ad7" />
      <TestMethod codeBase="D:\actions-runner\_work\XPCO\XPCO\Corporate\CommonAPI\VideoOS.Management.VmoClient.UnitTests\bin\Debug\net472\VideoOS.Management.VmoClient.UnitTests.dll" adapterTypeName="executor://mstestadapter/v2" className="VideoOS.Management.VmoClient.UnitTests.Utils.ExceptionConverterTest" name="ExceptionConverter_GetConnectionConvertedException_CommunicationException" />
    </UnitTest>
    <UnitTest name="BasicUser_Change_Password_Check_Null_Password" storage="d:\actions-runner\_work\xpco\xpco\corporate\commonapi\videoos.management.vmoclient.unittests\bin\debug\net472\videoos.management.vmoclient.unittests.dll" id="b9900db2-cbc2-5c6d-13e9-f7f0df19cf48">
      <Execution id="7dea054e-8900-4a22-aa0d-414ca465a6a1" />
      <TestMethod codeBase="D:\actions-runner\_work\XPCO\XPCO\Corporate\CommonAPI\VideoOS.Management.VmoClient.UnitTests\bin\Debug\net472\VideoOS.Management.VmoClient.UnitTests.dll" adapterTypeName="executor://mstestadapter/v2" className="VideoOS.Management.VmoClient.UnitTests.BasicUserTest" name="BasicUser_Change_Password_Check_Null_Password" />
    </UnitTest>
    <UnitTest name="SystemDashboardConfigurationuration_Delete_Success" storage="d:\actions-runner\_work\xpco\xpco\corporate\commonapi\videoos.management.vmoclient.unittests\bin\debug\net472\videoos.management.vmoclient.unittests.dll" id="d219936a-3b1e-ce7e-8656-d907b99e333c">
      <Execution id="cbf2b5fa-97b4-4f37-9138-9f22586dcafb" />
      <TestMethod codeBase="D:\actions-runner\_work\XPCO\XPCO\Corporate\CommonAPI\VideoOS.Management.VmoClient.UnitTests\bin\Debug\net472\VideoOS.Management.VmoClient.UnitTests.dll" adapterTypeName="executor://mstestadapter/v2" className="VideoOS.Management.VmoClient.UnitTests.SystemDashboardConfigTest" name="SystemDashboardConfigurationuration_Delete_Success" />
    </UnitTest>
    <UnitTest name="RecordingStorage_ChangeEncryptionMethod_Failed_Wrong_Method_Unknown" storage="d:\actions-runner\_work\xpco\xpco\corporate\commonapi\videoos.management.vmoclient.unittests\bin\debug\net472\videoos.management.vmoclient.unittests.dll" id="1c118b49-f895-c3f8-f965-3d9049fd2277">
      <Execution id="deb21a5a-74ec-4f13-831d-6635d8491cec" />
      <TestMethod codeBase="D:\actions-runner\_work\XPCO\XPCO\Corporate\CommonAPI\VideoOS.Management.VmoClient.UnitTests\bin\Debug\net472\VideoOS.Management.VmoClient.UnitTests.dll" adapterTypeName="executor://mstestadapter/v2" className="VideoOS.Management.VmoClient.UnitTests.RecordingStorageTest" name="RecordingStorage_ChangeEncryptionMethod_Failed_Wrong_Method_Unknown" />
    </UnitTest>
    <UnitTest name="ArchiveStorage_Update_Success" storage="d:\actions-runner\_work\xpco\xpco\corporate\commonapi\videoos.management.vmoclient.unittests\bin\debug\net472\videoos.management.vmoclient.unittests.dll" id="ef88800e-b3c3-e8f0-8825-047d4ee8f588">
      <Execution id="0e9a2f6d-d78c-4ddb-bc44-01cb1cf9288a" />
      <TestMethod codeBase="D:\actions-runner\_work\XPCO\XPCO\Corporate\CommonAPI\VideoOS.Management.VmoClient.UnitTests\bin\Debug\net472\VideoOS.Management.VmoClient.UnitTests.dll" adapterTypeName="executor://mstestadapter/v2" className="VideoOS.Management.VmoClient.UnitTests.ArchiveStorageTest" name="ArchiveStorage_Update_Success" />
    </UnitTest>
    <UnitTest name="VideoWall_Update_Success" storage="d:\actions-runner\_work\xpco\xpco\corporate\commonapi\videoos.management.vmoclient.unittests\bin\debug\net472\videoos.management.vmoclient.unittests.dll" id="29308019-0c56-dbff-6050-2c7cd2ff9cc5">
      <Execution id="a842117a-36be-4471-9585-e6753d3db96b" />
      <TestMethod codeBase="D:\actions-runner\_work\XPCO\XPCO\Corporate\CommonAPI\VideoOS.Management.VmoClient.UnitTests\bin\Debug\net472\VideoOS.Management.VmoClient.UnitTests.dll" adapterTypeName="executor://mstestadapter/v2" className="VideoOS.Management.VmoClient.UnitTests.VideoWallTest" name="VideoWall_Update_Success" />
    </UnitTest>
    <UnitTest name="VideoWall_Create_Success" storage="d:\actions-runner\_work\xpco\xpco\corporate\commonapi\videoos.management.vmoclient.unittests\bin\debug\net472\videoos.management.vmoclient.unittests.dll" id="2dc98344-da0e-fe46-b7e2-1421af8e5b1d">
      <Execution id="51090def-45f8-4891-abed-f140062f0308" />
      <TestMethod codeBase="D:\actions-runner\_work\XPCO\XPCO\Corporate\CommonAPI\VideoOS.Management.VmoClient.UnitTests\bin\Debug\net472\VideoOS.Management.VmoClient.UnitTests.dll" adapterTypeName="executor://mstestadapter/v2" className="VideoOS.Management.VmoClient.UnitTests.VideoWallTest" name="VideoWall_Create_Success" />
    </UnitTest>
    <UnitTest name="View_Delete_Success" storage="d:\actions-runner\_work\xpco\xpco\corporate\commonapi\videoos.management.vmoclient.unittests\bin\debug\net472\videoos.management.vmoclient.unittests.dll" id="6d82d209-43db-3b1b-490e-86537a8b8ff9">
      <Execution id="fe48d29e-90b3-4431-ad2d-dc851ef07f1e" />
      <TestMethod codeBase="D:\actions-runner\_work\XPCO\XPCO\Corporate\CommonAPI\VideoOS.Management.VmoClient.UnitTests\bin\Debug\net472\VideoOS.Management.VmoClient.UnitTests.dll" adapterTypeName="executor://mstestadapter/v2" className="VideoOS.Management.VmoClient.UnitTests.ViewTest" name="View_Delete_Success" />
    </UnitTest>
    <UnitTest name="Get_GivenAnyConfiguredAddressAndConnectedSite_ShouldSuccess" storage="d:\actions-runner\_work\xpco\xpco\corporate\commonapi\videoos.management.vmoclient.unittests\bin\debug\net472\videoos.management.vmoclient.unittests.dll" id="c6d2604d-7793-5f04-808d-0a0653039d8d">
      <Execution id="9de70f32-97d8-4174-b836-0b16c5a97f7c" />
      <TestMethod codeBase="D:\actions-runner\_work\XPCO\XPCO\Corporate\CommonAPI\VideoOS.Management.VmoClient.UnitTests\bin\Debug\net472\VideoOS.Management.VmoClient.UnitTests.dll" adapterTypeName="executor://mstestadapter/v2" className="VideoOS.Management.VmoClient.UnitTests.SiteTokenCacheStoreTests" name="Get_GivenAnyConfiguredAddressAndConnectedSite_ShouldSuccess" />
    </UnitTest>
    <UnitTest name="MarkedData_Delete_Success" storage="d:\actions-runner\_work\xpco\xpco\corporate\commonapi\videoos.management.vmoclient.unittests\bin\debug\net472\videoos.management.vmoclient.unittests.dll" id="4799bfb0-c70d-907b-5842-639add0089be">
      <Execution id="42094859-075c-4792-ad1d-37c6d033961d" />
      <TestMethod codeBase="D:\actions-runner\_work\XPCO\XPCO\Corporate\CommonAPI\VideoOS.Management.VmoClient.UnitTests\bin\Debug\net472\VideoOS.Management.VmoClient.UnitTests.dll" adapterTypeName="executor://mstestadapter/v2" className="VideoOS.Management.VmoClient.UnitTests.MarkedDataTest" name="MarkedData_Delete_Success" />
    </UnitTest>
    <UnitTest name="ArchiveStorage_Disable_Framerate_Reduction_Failed_Not_Created" storage="d:\actions-runner\_work\xpco\xpco\corporate\commonapi\videoos.management.vmoclient.unittests\bin\debug\net472\videoos.management.vmoclient.unittests.dll" id="13131b13-639a-5807-c874-cdd3aa66cf32">
      <Execution id="852b6b56-35ba-4906-8c66-8e9e004a1244" />
      <TestMethod codeBase="D:\actions-runner\_work\XPCO\XPCO\Corporate\CommonAPI\VideoOS.Management.VmoClient.UnitTests\bin\Debug\net472\VideoOS.Management.VmoClient.UnitTests.dll" adapterTypeName="executor://mstestadapter/v2" className="VideoOS.Management.VmoClient.UnitTests.ArchiveStorageTest" name="ArchiveStorage_Disable_Framerate_Reduction_Failed_Not_Created" />
    </UnitTest>
    <UnitTest name="ManagementServer_CreateReference_ArgumentException_DeviceNotCreated" storage="d:\actions-runner\_work\xpco\xpco\corporate\commonapi\videoos.management.vmoclient.unittests\bin\debug\net472\videoos.management.vmoclient.unittests.dll" id="04bf2fb8-7598-994c-b5b5-2f5e87f4a0b4">
      <Execution id="e794e3bc-d9b8-4ede-b212-af70ddf8cc1f" />
      <TestMethod codeBase="D:\actions-runner\_work\XPCO\XPCO\Corporate\CommonAPI\VideoOS.Management.VmoClient.UnitTests\bin\Debug\net472\VideoOS.Management.VmoClient.UnitTests.dll" adapterTypeName="executor://mstestadapter/v2" className="VideoOS.Management.VmoClient.UnitTests.ManagementServerTest" name="ManagementServer_CreateReference_ArgumentException_DeviceNotCreated" />
    </UnitTest>
    <UnitTest name="FailoverServerGroup_Update_Success" storage="d:\actions-runner\_work\xpco\xpco\corporate\commonapi\videoos.management.vmoclient.unittests\bin\debug\net472\videoos.management.vmoclient.unittests.dll" id="c572b7bd-5e96-7829-9221-aa192cce769e">
      <Execution id="f8cfb764-76ae-451f-b2fc-250a6d39d8b0" />
      <TestMethod codeBase="D:\actions-runner\_work\XPCO\XPCO\Corporate\CommonAPI\VideoOS.Management.VmoClient.UnitTests\bin\Debug\net472\VideoOS.Management.VmoClient.UnitTests.dll" adapterTypeName="executor://mstestadapter/v2" className="VideoOS.Management.VmoClient.UnitTests.FailoverServerGroupTest" name="FailoverServerGroup_Update_Success" />
    </UnitTest>
    <UnitTest name="VideoWallPreset_LoadMonitorPresets_CheckForVersion_7_0_and_throws" storage="d:\actions-runner\_work\xpco\xpco\corporate\commonapi\videoos.management.vmoclient.unittests\bin\debug\net472\videoos.management.vmoclient.unittests.dll" id="50884d10-5dca-df52-024a-9f31c65fe588">
      <Execution id="9edb98fe-2961-49bd-a9cd-741506cd0a84" />
      <TestMethod codeBase="D:\actions-runner\_work\XPCO\XPCO\Corporate\CommonAPI\VideoOS.Management.VmoClient.UnitTests\bin\Debug\net472\VideoOS.Management.VmoClient.UnitTests.dll" adapterTypeName="executor://mstestadapter/v2" className="VideoOS.Management.VmoClient.UnitTests.VideoWallPresetTest" name="VideoWallPreset_LoadMonitorPresets_CheckForVersion_7_0_and_throws" />
    </UnitTest>
    <UnitTest name="TaskHardwareScan_Cleanup_61_NotSupported" storage="d:\actions-runner\_work\xpco\xpco\corporate\commonapi\videoos.management.vmoclient.unittests\bin\debug\net472\videoos.management.vmoclient.unittests.dll" id="918fa556-14c5-9569-4a3f-5f6e71e560a3">
      <Execution id="11177b49-e14c-493a-9c96-1873cbad0e46" />
      <TestMethod codeBase="D:\actions-runner\_work\XPCO\XPCO\Corporate\CommonAPI\VideoOS.Management.VmoClient.UnitTests\bin\Debug\net472\VideoOS.Management.VmoClient.UnitTests.dll" adapterTypeName="executor://mstestadapter/v2" className="VideoOS.Management.VmoClient.UnitTests.EntityTest.TaskHardwareScanTest" name="TaskHardwareScan_Cleanup_61_NotSupported" />
    </UnitTest>
    <UnitTest name="Role_Copy_Role_Success" storage="d:\actions-runner\_work\xpco\xpco\corporate\commonapi\videoos.management.vmoclient.unittests\bin\debug\net472\videoos.management.vmoclient.unittests.dll" id="d0554a0e-ba26-a264-8235-a5c7a498e16c">
      <Execution id="d1062484-157e-4bd5-b5ca-1aa17216a885" />
      <TestMethod codeBase="D:\actions-runner\_work\XPCO\XPCO\Corporate\CommonAPI\VideoOS.Management.VmoClient.UnitTests\bin\Debug\net472\VideoOS.Management.VmoClient.UnitTests.dll" adapterTypeName="executor://mstestadapter/v2" className="VideoOS.Management.VmoClient.UnitTests.RoleTest" name="Role_Copy_Role_Success" />
    </UnitTest>
    <UnitTest name="Construct_InvalidParam_Site_Null_Throws_ArgumentNullException" storage="d:\actions-runner\_work\xpco\xpco\corporate\commonapi\videoos.management.vmoclient.unittests\bin\debug\net472\videoos.management.vmoclient.unittests.dll" id="8fa917f0-e0d5-1266-3777-8f39996fe500">
      <TestCategory>
        <TestCategoryItem TestCategory="Vmo Site Connection Tests" />
      </TestCategory>
      <Execution id="05154b6e-e4fb-4e5b-b3e6-689381f142b6" />
      <TestMethod codeBase="D:\actions-runner\_work\XPCO\XPCO\Corporate\CommonAPI\VideoOS.Management.VmoClient.UnitTests\bin\Debug\net472\VideoOS.Management.VmoClient.UnitTests.dll" adapterTypeName="executor://mstestadapter/v2" className="VideoOS.Management.VmoClient.UnitTests.Connection.SiteConnectionInfoWindowsTests" name="Construct_InvalidParam_Site_Null_Throws_ArgumentNullException" />
    </UnitTest>
    <UnitTest name="PatrollingProfile_MoveStepToLast" storage="d:\actions-runner\_work\xpco\xpco\corporate\commonapi\videoos.management.vmoclient.unittests\bin\debug\net472\videoos.management.vmoclient.unittests.dll" id="1b1a3e14-bc58-609a-ae96-8b367819b99d">
      <TestCategory>
        <TestCategoryItem TestCategory="Patrolling Profile" />
      </TestCategory>
      <Execution id="385e266e-261f-4213-a5c9-097d5102f30a" />
      <TestMethod codeBase="D:\actions-runner\_work\XPCO\XPCO\Corporate\CommonAPI\VideoOS.Management.VmoClient.UnitTests\bin\Debug\net472\VideoOS.Management.VmoClient.UnitTests.dll" adapterTypeName="executor://mstestadapter/v2" className="VideoOS.Management.VmoClient.UnitTests.PatrollingProfileTest" name="PatrollingProfile_MoveStepToLast" />
    </UnitTest>
    <UnitTest name="ManagementServer_CreateReference_ArgumentNullException" storage="d:\actions-runner\_work\xpco\xpco\corporate\commonapi\videoos.management.vmoclient.unittests\bin\debug\net472\videoos.management.vmoclient.unittests.dll" id="28ef425e-1be4-3ea6-ca19-a900f3f2a486">
      <Execution id="5fb90540-955d-4df0-823a-b3e834919900" />
      <TestMethod codeBase="D:\actions-runner\_work\XPCO\XPCO\Corporate\CommonAPI\VideoOS.Management.VmoClient.UnitTests\bin\Debug\net472\VideoOS.Management.VmoClient.UnitTests.dll" adapterTypeName="executor://mstestadapter/v2" className="VideoOS.Management.VmoClient.UnitTests.ManagementServerTest" name="ManagementServer_CreateReference_ArgumentNullException" />
    </UnitTest>
    <UnitTest name="ManagementServer_AttachChildSite_ArgumentNullException" storage="d:\actions-runner\_work\xpco\xpco\corporate\commonapi\videoos.management.vmoclient.unittests\bin\debug\net472\videoos.management.vmoclient.unittests.dll" id="5ae99c0d-f5b2-ad2f-5e91-f0916eac7d0c">
      <Execution id="687fdd2d-6a0e-4952-967e-b3ec313e940b" />
      <TestMethod codeBase="D:\actions-runner\_work\XPCO\XPCO\Corporate\CommonAPI\VideoOS.Management.VmoClient.UnitTests\bin\Debug\net472\VideoOS.Management.VmoClient.UnitTests.dll" adapterTypeName="executor://mstestadapter/v2" className="VideoOS.Management.VmoClient.UnitTests.ManagementServerTest" name="ManagementServer_AttachChildSite_ArgumentNullException" />
    </UnitTest>
    <UnitTest name="GetUserDomainNameOrEmpty_MissingDomain_ReturnsUsername" storage="d:\actions-runner\_work\xpco\xpco\corporate\commonapi\videoos.management.vmoclient.unittests\bin\debug\net472\videoos.management.vmoclient.unittests.dll" id="114491a9-f586-f63d-d65f-b97c13dfa1c7">
      <Execution id="dc9434c7-a7bd-4afe-9cb4-4ea13f16e658" />
      <TestMethod codeBase="D:\actions-runner\_work\XPCO\XPCO\Corporate\CommonAPI\VideoOS.Management.VmoClient.UnitTests\bin\Debug\net472\VideoOS.Management.VmoClient.UnitTests.dll" adapterTypeName="executor://mstestadapter/v2" className="VideoOS.Management.VmoClient.UnitTests.SiteConnectorTest" name="GetUserDomainNameOrEmpty_MissingDomain_ReturnsUsername" />
    </UnitTest>
    <UnitTest name="SystemDashboardConfigurationuration_Undo_Success" storage="d:\actions-runner\_work\xpco\xpco\corporate\commonapi\videoos.management.vmoclient.unittests\bin\debug\net472\videoos.management.vmoclient.unittests.dll" id="f6ddaa47-5ed2-258b-1c24-a7265cc14223">
      <Execution id="09a4b5a0-d4d4-4aac-8156-3d0c26784bcf" />
      <TestMethod codeBase="D:\actions-runner\_work\XPCO\XPCO\Corporate\CommonAPI\VideoOS.Management.VmoClient.UnitTests\bin\Debug\net472\VideoOS.Management.VmoClient.UnitTests.dll" adapterTypeName="executor://mstestadapter/v2" className="VideoOS.Management.VmoClient.UnitTests.SystemDashboardConfigTest" name="SystemDashboardConfigurationuration_Undo_Success" />
    </UnitTest>
    <UnitTest name="ServerVersionConstructor_CompareToNull_Success" storage="d:\actions-runner\_work\xpco\xpco\corporate\commonapi\videoos.management.vmoclient.unittests\bin\debug\net472\videoos.management.vmoclient.unittests.dll" id="9710df04-3445-ef7d-baab-9ac95d0f726b">
      <TestCategory>
        <TestCategoryItem TestCategory="Server Version" />
      </TestCategory>
      <Execution id="9d3d27e4-aae5-4df2-91e6-de7ca1dd1ed4" />
      <TestMethod codeBase="D:\actions-runner\_work\XPCO\XPCO\Corporate\CommonAPI\VideoOS.Management.VmoClient.UnitTests\bin\Debug\net472\VideoOS.Management.VmoClient.UnitTests.dll" adapterTypeName="executor://mstestadapter/v2" className="VideoOS.Management.VmoClient.Tests.ServerVersionTests" name="ServerVersionConstructor_CompareToNull_Success" />
    </UnitTest>
    <UnitTest name="BasicOwnerInfo_Update_Success" storage="d:\actions-runner\_work\xpco\xpco\corporate\commonapi\videoos.management.vmoclient.unittests\bin\debug\net472\videoos.management.vmoclient.unittests.dll" id="c7c83ba8-def8-6d7f-b8f5-6cdb6210cbab">
      <Execution id="07683fe0-905c-4bde-84aa-f62c107e2ba9" />
      <TestMethod codeBase="D:\actions-runner\_work\XPCO\XPCO\Corporate\CommonAPI\VideoOS.Management.VmoClient.UnitTests\bin\Debug\net472\VideoOS.Management.VmoClient.UnitTests.dll" adapterTypeName="executor://mstestadapter/v2" className="VideoOS.Management.VmoClient.UnitTests.BasicOwnerInfoTest" name="BasicOwnerInfo_Update_Success" />
    </UnitTest>
    <UnitTest name="BasicUser_Constructor_Username_Empty_Check" storage="d:\actions-runner\_work\xpco\xpco\corporate\commonapi\videoos.management.vmoclient.unittests\bin\debug\net472\videoos.management.vmoclient.unittests.dll" id="0be9096d-8606-eb90-db7e-1ff2f6d67641">
      <Execution id="f70799fa-6f87-41e0-9971-4bba9e14dee2" />
      <TestMethod codeBase="D:\actions-runner\_work\XPCO\XPCO\Corporate\CommonAPI\VideoOS.Management.VmoClient.UnitTests\bin\Debug\net472\VideoOS.Management.VmoClient.UnitTests.dll" adapterTypeName="executor://mstestadapter/v2" className="VideoOS.Management.VmoClient.UnitTests.BasicUserTest" name="BasicUser_Constructor_Username_Empty_Check" />
    </UnitTest>
    <UnitTest name="Role_Remove_Member_Check_Null_Name" storage="d:\actions-runner\_work\xpco\xpco\corporate\commonapi\videoos.management.vmoclient.unittests\bin\debug\net472\videoos.management.vmoclient.unittests.dll" id="9f592cba-0952-e385-4ea5-ce4a77667e71">
      <Execution id="5050d255-eea1-417e-a774-0d9e3743d067" />
      <TestMethod codeBase="D:\actions-runner\_work\XPCO\XPCO\Corporate\CommonAPI\VideoOS.Management.VmoClient.UnitTests\bin\Debug\net472\VideoOS.Management.VmoClient.UnitTests.dll" adapterTypeName="executor://mstestadapter/v2" className="VideoOS.Management.VmoClient.UnitTests.RoleTest" name="Role_Remove_Member_Check_Null_Name" />
    </UnitTest>
    <UnitTest name="RecordingStorage_Validate_Encryption_Password_Failed_Not_Created" storage="d:\actions-runner\_work\xpco\xpco\corporate\commonapi\videoos.management.vmoclient.unittests\bin\debug\net472\videoos.management.vmoclient.unittests.dll" id="ee53f2c9-6261-406d-51ad-1fcd3a16a3e3">
      <Execution id="f4b0eb8c-9a83-46c4-9342-a2068839e6e8" />
      <TestMethod codeBase="D:\actions-runner\_work\XPCO\XPCO\Corporate\CommonAPI\VideoOS.Management.VmoClient.UnitTests\bin\Debug\net472\VideoOS.Management.VmoClient.UnitTests.dll" adapterTypeName="executor://mstestadapter/v2" className="VideoOS.Management.VmoClient.UnitTests.RecordingStorageTest" name="RecordingStorage_Validate_Encryption_Password_Failed_Not_Created" />
    </UnitTest>
    <UnitTest name="Role_Remove_Basic_User_Member_Check_Null_Name" storage="d:\actions-runner\_work\xpco\xpco\corporate\commonapi\videoos.management.vmoclient.unittests\bin\debug\net472\videoos.management.vmoclient.unittests.dll" id="fbc45ece-f16d-2d7e-2b07-81328d0bcc76">
      <Execution id="c648719e-4cad-4414-9ab4-3e9bd6a470e5" />
      <TestMethod codeBase="D:\actions-runner\_work\XPCO\XPCO\Corporate\CommonAPI\VideoOS.Management.VmoClient.UnitTests\bin\Debug\net472\VideoOS.Management.VmoClient.UnitTests.dll" adapterTypeName="executor://mstestadapter/v2" className="VideoOS.Management.VmoClient.UnitTests.RoleTest" name="Role_Remove_Basic_User_Member_Check_Null_Name" />
    </UnitTest>
    <UnitTest name="UserDefinedEvent_CreateWithId_CheckVersionCalled" storage="d:\actions-runner\_work\xpco\xpco\corporate\commonapi\videoos.management.vmoclient.unittests\bin\debug\net472\videoos.management.vmoclient.unittests.dll" id="d35d9174-3024-2cb1-9f52-4e964b2e5d27">
      <Execution id="3096dc53-e0be-4abc-be68-ec12511471d6" />
      <TestMethod codeBase="D:\actions-runner\_work\XPCO\XPCO\Corporate\CommonAPI\VideoOS.Management.VmoClient.UnitTests\bin\Debug\net472\VideoOS.Management.VmoClient.UnitTests.dll" adapterTypeName="executor://mstestadapter/v2" className="VideoOS.Management.VmoClient.UnitTests.UserDefinedEventTest" name="UserDefinedEvent_CreateWithId_CheckVersionCalled" />
    </UnitTest>
    <UnitTest name="SunClockTimeProfile_Update_Success" storage="d:\actions-runner\_work\xpco\xpco\corporate\commonapi\videoos.management.vmoclient.unittests\bin\debug\net472\videoos.management.vmoclient.unittests.dll" id="ea347c4f-af5a-5f96-7af2-0ce648034b9f">
      <Execution id="f53490fe-aeba-4850-a6a0-97ee626b98f7" />
      <TestMethod codeBase="D:\actions-runner\_work\XPCO\XPCO\Corporate\CommonAPI\VideoOS.Management.VmoClient.UnitTests\bin\Debug\net472\VideoOS.Management.VmoClient.UnitTests.dll" adapterTypeName="executor://mstestadapter/v2" className="VideoOS.Management.VmoClient.UnitTests.SunClockTimeProfileTest" name="SunClockTimeProfile_Update_Success" />
    </UnitTest>
    <UnitTest name="Constructor_NullSiteVmoConnector_Throws" storage="d:\actions-runner\_work\xpco\xpco\corporate\commonapi\videoos.management.vmoclient.unittests\bin\debug\net472\videoos.management.vmoclient.unittests.dll" id="b8692529-639e-0a48-d506-beeb3b242f4b">
      <TestCategory>
        <TestCategoryItem TestCategory="Vmo Site Connection Tests" />
      </TestCategory>
      <Execution id="c94a53a5-d7db-4cf9-a3a7-f56898f717cc" />
      <TestMethod codeBase="D:\actions-runner\_work\XPCO\XPCO\Corporate\CommonAPI\VideoOS.Management.VmoClient.UnitTests\bin\Debug\net472\VideoOS.Management.VmoClient.UnitTests.dll" adapterTypeName="executor://mstestadapter/v2" className="VideoOS.Management.VmoClient.UnitTests.SiteConnectorOAuthTest" name="Constructor_NullSiteVmoConnector_Throws" />
    </UnitTest>
    <UnitTest name="GetSiteConnectionResult_GivenAllHttpsAddresses_ShouldFail" storage="d:\actions-runner\_work\xpco\xpco\corporate\commonapi\videoos.management.vmoclient.unittests\bin\debug\net472\videoos.management.vmoclient.unittests.dll" id="8cf52a1b-446c-c1b4-7c71-1db62d7b987a">
      <Execution id="da355620-eee7-400a-a1a7-dc79d81572a3" />
      <TestMethod codeBase="D:\actions-runner\_work\XPCO\XPCO\Corporate\CommonAPI\VideoOS.Management.VmoClient.UnitTests\bin\Debug\net472\VideoOS.Management.VmoClient.UnitTests.dll" adapterTypeName="executor://mstestadapter/v2" className="VideoOS.Management.VmoClient.UnitTests.SiteConnectorLegacyTests" name="GetSiteConnectionResult_GivenAllHttpsAddresses_ShouldFail" />
    </UnitTest>
    <UnitTest name="View_Clear_Success" storage="d:\actions-runner\_work\xpco\xpco\corporate\commonapi\videoos.management.vmoclient.unittests\bin\debug\net472\videoos.management.vmoclient.unittests.dll" id="743c4efa-12f6-d52f-0129-8d1b422eba8f">
      <Execution id="493cd512-e32e-4f44-ad38-b87a529c8f2b" />
      <TestMethod codeBase="D:\actions-runner\_work\XPCO\XPCO\Corporate\CommonAPI\VideoOS.Management.VmoClient.UnitTests\bin\Debug\net472\VideoOS.Management.VmoClient.UnitTests.dll" adapterTypeName="executor://mstestadapter/v2" className="VideoOS.Management.VmoClient.UnitTests.ViewTest" name="View_Clear_Success" />
    </UnitTest>
    <UnitTest name="Construct_InvalidParam_ISiteConnectionInfoWindows_Null_Throws_ArgumentNullException" storage="d:\actions-runner\_work\xpco\xpco\corporate\commonapi\videoos.management.vmoclient.unittests\bin\debug\net472\videoos.management.vmoclient.unittests.dll" id="441cf653-313f-f6d1-f093-d6acedfeeb83">
      <TestCategory>
        <TestCategoryItem TestCategory="Vmo Site Connection Tests" />
      </TestCategory>
      <Execution id="fdd2cce3-0454-4779-82e3-08d82aa9101e" />
      <TestMethod codeBase="D:\actions-runner\_work\XPCO\XPCO\Corporate\CommonAPI\VideoOS.Management.VmoClient.UnitTests\bin\Debug\net472\VideoOS.Management.VmoClient.UnitTests.dll" adapterTypeName="executor://mstestadapter/v2" className="VideoOS.Management.VmoClient.UnitTests.Connection.SiteConnectionInfoTests" name="Construct_InvalidParam_ISiteConnectionInfoWindows_Null_Throws_ArgumentNullException" />
    </UnitTest>
    <UnitTest name="PerformanceStateRuleConfiguration_Refresh_Failed_Not_Created" storage="d:\actions-runner\_work\xpco\xpco\corporate\commonapi\videoos.management.vmoclient.unittests\bin\debug\net472\videoos.management.vmoclient.unittests.dll" id="93e4a723-abf2-7296-c980-e896e8dda35e">
      <Execution id="ba0e87b0-3f6a-4b78-9b57-d5402951f2f9" />
      <TestMethod codeBase="D:\actions-runner\_work\XPCO\XPCO\Corporate\CommonAPI\VideoOS.Management.VmoClient.UnitTests\bin\Debug\net472\VideoOS.Management.VmoClient.UnitTests.dll" adapterTypeName="executor://mstestadapter/v2" className="VideoOS.Management.VmoClient.UnitTests.PerformanceStateRuleConfigTest" name="PerformanceStateRuleConfiguration_Refresh_Failed_Not_Created" />
    </UnitTest>
    <UnitTest name="FailoverServer_Update_Success" storage="d:\actions-runner\_work\xpco\xpco\corporate\commonapi\videoos.management.vmoclient.unittests\bin\debug\net472\videoos.management.vmoclient.unittests.dll" id="6247ab59-74eb-cf84-482a-a583f6e11e0c">
      <Execution id="33dc2f9a-cfbb-4695-a03b-328dabfbd623" />
      <TestMethod codeBase="D:\actions-runner\_work\XPCO\XPCO\Corporate\CommonAPI\VideoOS.Management.VmoClient.UnitTests\bin\Debug\net472\VideoOS.Management.VmoClient.UnitTests.dll" adapterTypeName="executor://mstestadapter/v2" className="VideoOS.Management.VmoClient.UnitTests.FailoverServerTest" name="FailoverServer_Update_Success" />
    </UnitTest>
    <UnitTest name="PatrollingProfile_MoveStepDown" storage="d:\actions-runner\_work\xpco\xpco\corporate\commonapi\videoos.management.vmoclient.unittests\bin\debug\net472\videoos.management.vmoclient.unittests.dll" id="cd382ab1-e2ee-ffb7-3531-a0e2f5183e84">
      <TestCategory>
        <TestCategoryItem TestCategory="Patrolling Profile" />
      </TestCategory>
      <Execution id="705489ad-c5af-4b76-8b56-00cc04a47dc4" />
      <TestMethod codeBase="D:\actions-runner\_work\XPCO\XPCO\Corporate\CommonAPI\VideoOS.Management.VmoClient.UnitTests\bin\Debug\net472\VideoOS.Management.VmoClient.UnitTests.dll" adapterTypeName="executor://mstestadapter/v2" className="VideoOS.Management.VmoClient.UnitTests.PatrollingProfileTest" name="PatrollingProfile_MoveStepDown" />
    </UnitTest>
    <UnitTest name="FailoverServerGroup_ConstructorWithParent_DefaultValuesCorrect" storage="d:\actions-runner\_work\xpco\xpco\corporate\commonapi\videoos.management.vmoclient.unittests\bin\debug\net472\videoos.management.vmoclient.unittests.dll" id="bb86fea9-7da6-130a-f030-ab2f12efbf97">
      <Execution id="42c6bdc9-079d-4b1e-837c-743e2c77ecc0" />
      <TestMethod codeBase="D:\actions-runner\_work\XPCO\XPCO\Corporate\CommonAPI\VideoOS.Management.VmoClient.UnitTests\bin\Debug\net472\VideoOS.Management.VmoClient.UnitTests.dll" adapterTypeName="executor://mstestadapter/v2" className="VideoOS.Management.VmoClient.UnitTests.FailoverServerGroupTest" name="FailoverServerGroup_ConstructorWithParent_DefaultValuesCorrect" />
    </UnitTest>
    <UnitTest name="Add_DuplicateItemsUnderHeavyLoad_ShouldSuccess" storage="d:\actions-runner\_work\xpco\xpco\corporate\commonapi\videoos.management.vmoclient.unittests\bin\debug\net472\videoos.management.vmoclient.unittests.dll" id="9d8d570c-a692-dd03-4204-ed158bb865f2">
      <Execution id="d23753dc-622d-47df-a5a5-0de08749b621" />
      <TestMethod codeBase="D:\actions-runner\_work\XPCO\XPCO\Corporate\CommonAPI\VideoOS.Management.VmoClient.UnitTests\bin\Debug\net472\VideoOS.Management.VmoClient.UnitTests.dll" adapterTypeName="executor://mstestadapter/v2" className="VideoOS.Management.VmoClient.UnitTests.SiteTokenCacheStoreTests" name="Add_DuplicateItemsUnderHeavyLoad_ShouldSuccess" />
    </UnitTest>
    <UnitTest name="ServerVersionConstructor_Greater_Success" storage="d:\actions-runner\_work\xpco\xpco\corporate\commonapi\videoos.management.vmoclient.unittests\bin\debug\net472\videoos.management.vmoclient.unittests.dll" id="af08d03d-ec36-120e-ae6b-f661270ea5d2">
      <TestCategory>
        <TestCategoryItem TestCategory="Server Version" />
      </TestCategory>
      <Execution id="e1eb5742-b485-44bf-98dc-65d5ece06abd" />
      <TestMethod codeBase="D:\actions-runner\_work\XPCO\XPCO\Corporate\CommonAPI\VideoOS.Management.VmoClient.UnitTests\bin\Debug\net472\VideoOS.Management.VmoClient.UnitTests.dll" adapterTypeName="executor://mstestadapter/v2" className="VideoOS.Management.VmoClient.Tests.ServerVersionTests" name="ServerVersionConstructor_Greater_Success" />
    </UnitTest>
    <UnitTest name="PrivateViewGroup_Create_Success" storage="d:\actions-runner\_work\xpco\xpco\corporate\commonapi\videoos.management.vmoclient.unittests\bin\debug\net472\videoos.management.vmoclient.unittests.dll" id="338a195f-2c39-6b8b-d9ad-b68c001e358f">
      <Execution id="0e9a26e8-bfa7-4991-9c78-707ef7ffeb82" />
      <TestMethod codeBase="D:\actions-runner\_work\XPCO\XPCO\Corporate\CommonAPI\VideoOS.Management.VmoClient.UnitTests\bin\Debug\net472\VideoOS.Management.VmoClient.UnitTests.dll" adapterTypeName="executor://mstestadapter/v2" className="VideoOS.Management.VmoClient.UnitTests.PrivateViewGroupTest" name="PrivateViewGroup_Create_Success" />
    </UnitTest>
    <UnitTest name="GetSiteConnectionResult_SiteConnectionInfoWindows_Null" storage="d:\actions-runner\_work\xpco\xpco\corporate\commonapi\videoos.management.vmoclient.unittests\bin\debug\net472\videoos.management.vmoclient.unittests.dll" id="0994a0aa-12d5-3225-bdd7-86480d5dfd50">
      <Execution id="6cffc448-aaba-405f-9e9b-428ac0400def" />
      <TestMethod codeBase="D:\actions-runner\_work\XPCO\XPCO\Corporate\CommonAPI\VideoOS.Management.VmoClient.UnitTests\bin\Debug\net472\VideoOS.Management.VmoClient.UnitTests.dll" adapterTypeName="executor://mstestadapter/v2" className="VideoOS.Management.VmoClient.UnitTests.SiteConnectorLegacyTests" name="GetSiteConnectionResult_SiteConnectionInfoWindows_Null" />
    </UnitTest>
    <UnitTest name="PerformanceStateRuleConfiguration_Refresh_CheckVersionCalled" storage="d:\actions-runner\_work\xpco\xpco\corporate\commonapi\videoos.management.vmoclient.unittests\bin\debug\net472\videoos.management.vmoclient.unittests.dll" id="feb61cc2-d8a7-1010-6b57-b4f5136be797">
      <Execution id="438bf05f-955d-428a-9623-013779e18bfe" />
      <TestMethod codeBase="D:\actions-runner\_work\XPCO\XPCO\Corporate\CommonAPI\VideoOS.Management.VmoClient.UnitTests\bin\Debug\net472\VideoOS.Management.VmoClient.UnitTests.dll" adapterTypeName="executor://mstestadapter/v2" className="VideoOS.Management.VmoClient.UnitTests.PerformanceStateRuleConfigTest" name="PerformanceStateRuleConfiguration_Refresh_CheckVersionCalled" />
    </UnitTest>
    <UnitTest name="Construct_InvalidParam_ITokenCacheList_Null_Throws_ArgumentNullException" storage="d:\actions-runner\_work\xpco\xpco\corporate\commonapi\videoos.management.vmoclient.unittests\bin\debug\net472\videoos.management.vmoclient.unittests.dll" id="2c7b457d-328f-f734-f24b-2c2c8c1db3bc">
      <TestCategory>
        <TestCategoryItem TestCategory="Vmo Site Connection Tests" />
      </TestCategory>
      <Execution id="5752b2e6-ee1c-491d-b6eb-ca23bd93477d" />
      <TestMethod codeBase="D:\actions-runner\_work\XPCO\XPCO\Corporate\CommonAPI\VideoOS.Management.VmoClient.UnitTests\bin\Debug\net472\VideoOS.Management.VmoClient.UnitTests.dll" adapterTypeName="executor://mstestadapter/v2" className="VideoOS.Management.VmoClient.UnitTests.Connection.SiteConnectorFactoryTests" name="Construct_InvalidParam_ITokenCacheList_Null_Throws_ArgumentNullException" />
    </UnitTest>
    <UnitTest name="CameraDevice_TruncateStorage_WithRecorderId_Success" storage="d:\actions-runner\_work\xpco\xpco\corporate\commonapi\videoos.management.vmoclient.unittests\bin\debug\net472\videoos.management.vmoclient.unittests.dll" id="8f991ec0-049a-f3d3-1a97-4d913c1d59ea">
      <Execution id="a5b55032-4cd4-4fa5-bfeb-75e3ee2cac70" />
      <TestMethod codeBase="D:\actions-runner\_work\XPCO\XPCO\Corporate\CommonAPI\VideoOS.Management.VmoClient.UnitTests\bin\Debug\net472\VideoOS.Management.VmoClient.UnitTests.dll" adapterTypeName="executor://mstestadapter/v2" className="VideoOS.Management.VmoClient.UnitTests.CameraDeviceTest" name="CameraDevice_TruncateStorage_WithRecorderId_Success" />
    </UnitTest>
    <UnitTest name="TryConnect_GivenBrokenServerConnection_ShouldDisposeAndReturnNull" storage="d:\actions-runner\_work\xpco\xpco\corporate\commonapi\videoos.management.vmoclient.unittests\bin\debug\net472\videoos.management.vmoclient.unittests.dll" id="d5ebba80-46b1-4b69-1317-862388d0bc03">
      <Execution id="4625669a-bfe1-490c-b000-7429089a6475" />
      <TestMethod codeBase="D:\actions-runner\_work\XPCO\XPCO\Corporate\CommonAPI\VideoOS.Management.VmoClient.UnitTests\bin\Debug\net472\VideoOS.Management.VmoClient.UnitTests.dll" adapterTypeName="executor://mstestadapter/v2" className="VideoOS.Management.VmoClient.UnitTests.SiteVmoConnectorTests" name="TryConnect_GivenBrokenServerConnection_ShouldDisposeAndReturnNull" />
    </UnitTest>
    <UnitTest name="GetHighPriorityError_GivenForbiddenException_ReturnsForbiddenException" storage="d:\actions-runner\_work\xpco\xpco\corporate\commonapi\videoos.management.vmoclient.unittests\bin\debug\net472\videoos.management.vmoclient.unittests.dll" id="825874b1-d7aa-3f36-6cf4-311e96f43c2f">
      <Execution id="b6a46f3c-2bb8-4532-9799-8eba732c7286" />
      <TestMethod codeBase="D:\actions-runner\_work\XPCO\XPCO\Corporate\CommonAPI\VideoOS.Management.VmoClient.UnitTests\bin\Debug\net472\VideoOS.Management.VmoClient.UnitTests.dll" adapterTypeName="executor://mstestadapter/v2" className="VideoOS.Management.VmoClient.UnitTests.SiteConnectorExceptionHandlerTests" name="GetHighPriorityError_GivenForbiddenException_ReturnsForbiddenException" />
    </UnitTest>
    <UnitTest name="PublicViewGroup_Create_Success" storage="d:\actions-runner\_work\xpco\xpco\corporate\commonapi\videoos.management.vmoclient.unittests\bin\debug\net472\videoos.management.vmoclient.unittests.dll" id="da970e99-5d30-665b-42e2-538320b2de65">
      <Execution id="a2a494a9-d2ae-4fab-8f36-703ed7fc42cd" />
      <TestMethod codeBase="D:\actions-runner\_work\XPCO\XPCO\Corporate\CommonAPI\VideoOS.Management.VmoClient.UnitTests\bin\Debug\net472\VideoOS.Management.VmoClient.UnitTests.dll" adapterTypeName="executor://mstestadapter/v2" className="VideoOS.Management.VmoClient.UnitTests.PublicViewGroupTest" name="PublicViewGroup_Create_Success" />
    </UnitTest>
    <UnitTest name="Role_Add_Basic_User_Member_Check_Basic_User_Created" storage="d:\actions-runner\_work\xpco\xpco\corporate\commonapi\videoos.management.vmoclient.unittests\bin\debug\net472\videoos.management.vmoclient.unittests.dll" id="0b19701d-b92d-a51b-6f73-de7c1f1becfa">
      <Execution id="1e337f4f-d76a-4e2a-8d25-dfad1eff0f6f" />
      <TestMethod codeBase="D:\actions-runner\_work\XPCO\XPCO\Corporate\CommonAPI\VideoOS.Management.VmoClient.UnitTests\bin\Debug\net472\VideoOS.Management.VmoClient.UnitTests.dll" adapterTypeName="executor://mstestadapter/v2" className="VideoOS.Management.VmoClient.UnitTests.RoleTest" name="Role_Add_Basic_User_Member_Check_Basic_User_Created" />
    </UnitTest>
    <UnitTest name="RecordingServer_Add_Hardware_Failed_Deleted" storage="d:\actions-runner\_work\xpco\xpco\corporate\commonapi\videoos.management.vmoclient.unittests\bin\debug\net472\videoos.management.vmoclient.unittests.dll" id="649e9608-c087-e678-8053-b4978cc56299">
      <Execution id="7daa0e5c-7412-4c7a-8fb0-6efac36275e7" />
      <TestMethod codeBase="D:\actions-runner\_work\XPCO\XPCO\Corporate\CommonAPI\VideoOS.Management.VmoClient.UnitTests\bin\Debug\net472\VideoOS.Management.VmoClient.UnitTests.dll" adapterTypeName="executor://mstestadapter/v2" className="VideoOS.Management.VmoClient.UnitTests.RecordingServerTest" name="RecordingServer_Add_Hardware_Failed_Deleted" />
    </UnitTest>
    <UnitTest name="PatrollingProfile_Preset_Constructor_Argument_Empty" storage="d:\actions-runner\_work\xpco\xpco\corporate\commonapi\videoos.management.vmoclient.unittests\bin\debug\net472\videoos.management.vmoclient.unittests.dll" id="23a8ef88-55d0-31a3-400b-f46cbe18e1f6">
      <TestCategory>
        <TestCategoryItem TestCategory="Patrolling Profile" />
      </TestCategory>
      <Execution id="683b6ad3-c480-477f-b8df-788f429d619c" />
      <TestMethod codeBase="D:\actions-runner\_work\XPCO\XPCO\Corporate\CommonAPI\VideoOS.Management.VmoClient.UnitTests\bin\Debug\net472\VideoOS.Management.VmoClient.UnitTests.dll" adapterTypeName="executor://mstestadapter/v2" className="VideoOS.Management.VmoClient.UnitTests.PatrollingProfileTest" name="PatrollingProfile_Preset_Constructor_Argument_Empty" />
    </UnitTest>
    <UnitTest name="Master_Synchronize_NotCreated_InvalidOperationException" storage="d:\actions-runner\_work\xpco\xpco\corporate\commonapi\videoos.management.vmoclient.unittests\bin\debug\net472\videoos.management.vmoclient.unittests.dll" id="3e70b084-5656-d633-3a88-af533ceb55dd">
      <Execution id="700a87cc-cf7b-465b-b69c-4e825c56bfaa" />
      <TestMethod codeBase="D:\actions-runner\_work\XPCO\XPCO\Corporate\CommonAPI\VideoOS.Management.VmoClient.UnitTests\bin\Debug\net472\VideoOS.Management.VmoClient.UnitTests.dll" adapterTypeName="executor://mstestadapter/v2" className="VideoOS.Management.VmoClient.UnitTests.MasterSiteTest" name="Master_Synchronize_NotCreated_InvalidOperationException" />
    </UnitTest>
    <UnitTest name="BasicOwnerInfo_Constructor_Order_Empty_Check" storage="d:\actions-runner\_work\xpco\xpco\corporate\commonapi\videoos.management.vmoclient.unittests\bin\debug\net472\videoos.management.vmoclient.unittests.dll" id="916ee6c4-db86-01ee-dceb-fc3733d78c0f">
      <Execution id="f1110c55-fe85-4eac-99a5-e576c908fe41" />
      <TestMethod codeBase="D:\actions-runner\_work\XPCO\XPCO\Corporate\CommonAPI\VideoOS.Management.VmoClient.UnitTests\bin\Debug\net472\VideoOS.Management.VmoClient.UnitTests.dll" adapterTypeName="executor://mstestadapter/v2" className="VideoOS.Management.VmoClient.UnitTests.BasicOwnerInfoTest" name="BasicOwnerInfo_Constructor_Order_Empty_Check" />
    </UnitTest>
    <UnitTest name="PatrollingProfile_InsertStepLast_Existing_PatrollingStep" storage="d:\actions-runner\_work\xpco\xpco\corporate\commonapi\videoos.management.vmoclient.unittests\bin\debug\net472\videoos.management.vmoclient.unittests.dll" id="39b1d282-7fce-bb85-3639-bd7e02b0961e">
      <TestCategory>
        <TestCategoryItem TestCategory="Patrolling Profile" />
      </TestCategory>
      <Execution id="75315f8b-0a00-484e-903c-6a5d5cb4cf48" />
      <TestMethod codeBase="D:\actions-runner\_work\XPCO\XPCO\Corporate\CommonAPI\VideoOS.Management.VmoClient.UnitTests\bin\Debug\net472\VideoOS.Management.VmoClient.UnitTests.dll" adapterTypeName="executor://mstestadapter/v2" className="VideoOS.Management.VmoClient.UnitTests.PatrollingProfileTest" name="PatrollingProfile_InsertStepLast_Existing_PatrollingStep" />
    </UnitTest>
    <UnitTest name="Constructor_NullSiteTokenCacheStore_Throws" storage="d:\actions-runner\_work\xpco\xpco\corporate\commonapi\videoos.management.vmoclient.unittests\bin\debug\net472\videoos.management.vmoclient.unittests.dll" id="3509a51a-9506-3a6c-aa40-072e733eab5c">
      <TestCategory>
        <TestCategoryItem TestCategory="Vmo Site Connection Tests" />
      </TestCategory>
      <Execution id="3fab8fd0-c04e-4022-9e07-05bc795f8bac" />
      <TestMethod codeBase="D:\actions-runner\_work\XPCO\XPCO\Corporate\CommonAPI\VideoOS.Management.VmoClient.UnitTests\bin\Debug\net472\VideoOS.Management.VmoClient.UnitTests.dll" adapterTypeName="executor://mstestadapter/v2" className="VideoOS.Management.VmoClient.UnitTests.SiteConnectorOAuthTest" name="Constructor_NullSiteTokenCacheStore_Throws" />
    </UnitTest>
    <UnitTest name="TrustedIssuer_Refresh_Success" storage="d:\actions-runner\_work\xpco\xpco\corporate\commonapi\videoos.management.vmoclient.unittests\bin\debug\net472\videoos.management.vmoclient.unittests.dll" id="ce931e4e-388d-7d52-650e-1dc96ba7f0f6">
      <Execution id="350fb568-5d1d-4ddd-80c5-573ed127c002" />
      <TestMethod codeBase="D:\actions-runner\_work\XPCO\XPCO\Corporate\CommonAPI\VideoOS.Management.VmoClient.UnitTests\bin\Debug\net472\VideoOS.Management.VmoClient.UnitTests.dll" adapterTypeName="executor://mstestadapter/v2" className="VideoOS.Management.VmoClient.UnitTests.TrustedIssuerTest" name="TrustedIssuer_Refresh_Success" />
    </UnitTest>
    <UnitTest name="IsAddressSchemeAllowed_Http_AllowHttp_False" storage="d:\actions-runner\_work\xpco\xpco\corporate\commonapi\videoos.management.vmoclient.unittests\bin\debug\net472\videoos.management.vmoclient.unittests.dll" id="c6542e85-9b3f-7672-00a9-5f09c0c1d8b9">
      <TestCategory>
        <TestCategoryItem TestCategory="Vmo Site Connection Tests" />
      </TestCategory>
      <Execution id="d9521841-5768-43e1-9139-9561a27f5fd7" />
      <TestMethod codeBase="D:\actions-runner\_work\XPCO\XPCO\Corporate\CommonAPI\VideoOS.Management.VmoClient.UnitTests\bin\Debug\net472\VideoOS.Management.VmoClient.UnitTests.dll" adapterTypeName="executor://mstestadapter/v2" className="VideoOS.Management.VmoClient.UnitTests.SiteAddressValidatorTest" name="IsAddressSchemeAllowed_Http_AllowHttp_False" />
    </UnitTest>
    <UnitTest name="FailoverServerGroup_Refresh_Success" storage="d:\actions-runner\_work\xpco\xpco\corporate\commonapi\videoos.management.vmoclient.unittests\bin\debug\net472\videoos.management.vmoclient.unittests.dll" id="30706899-717f-9653-8d60-4d7641499993">
      <Execution id="07eb171e-4a07-476b-be6d-05a7b4d32154" />
      <TestMethod codeBase="D:\actions-runner\_work\XPCO\XPCO\Corporate\CommonAPI\VideoOS.Management.VmoClient.UnitTests\bin\Debug\net472\VideoOS.Management.VmoClient.UnitTests.dll" adapterTypeName="executor://mstestadapter/v2" className="VideoOS.Management.VmoClient.UnitTests.FailoverServerGroupTest" name="FailoverServerGroup_Refresh_Success" />
    </UnitTest>
    <UnitTest name="BasicOwnerInfo_Delete_CheckVersionCalled" storage="d:\actions-runner\_work\xpco\xpco\corporate\commonapi\videoos.management.vmoclient.unittests\bin\debug\net472\videoos.management.vmoclient.unittests.dll" id="a9942bf9-ad80-f9e6-0ebd-05117b305a07">
      <Execution id="eca493dd-dde7-4f8c-9e11-0845b9d9ec40" />
      <TestMethod codeBase="D:\actions-runner\_work\XPCO\XPCO\Corporate\CommonAPI\VideoOS.Management.VmoClient.UnitTests\bin\Debug\net472\VideoOS.Management.VmoClient.UnitTests.dll" adapterTypeName="executor://mstestadapter/v2" className="VideoOS.Management.VmoClient.UnitTests.BasicOwnerInfoTest" name="BasicOwnerInfo_Delete_CheckVersionCalled" />
    </UnitTest>
    <UnitTest name="ProxyClientServiceBase_CallWithRetry_Retry_CommunicationException" storage="d:\actions-runner\_work\xpco\xpco\corporate\commonapi\videoos.management.vmoclient.unittests\bin\debug\net472\videoos.management.vmoclient.unittests.dll" id="edde5423-110b-0c3e-e075-ce5d75904558">
      <Execution id="cc7830b0-cfbc-43bd-8701-5b099b6be830" />
      <TestMethod codeBase="D:\actions-runner\_work\XPCO\XPCO\Corporate\CommonAPI\VideoOS.Management.VmoClient.UnitTests\bin\Debug\net472\VideoOS.Management.VmoClient.UnitTests.dll" adapterTypeName="executor://mstestadapter/v2" className="VideoOS.Management.VmoClient.UnitTests.Framework.ProxyClientServiceBaseTest" name="ProxyClientServiceBase_CallWithRetry_Retry_CommunicationException" />
    </UnitTest>
    <UnitTest name="PerformanceStateRuleConfiguration_Undo_Success" storage="d:\actions-runner\_work\xpco\xpco\corporate\commonapi\videoos.management.vmoclient.unittests\bin\debug\net472\videoos.management.vmoclient.unittests.dll" id="840d7e9b-a2ca-f306-6a5e-c780c2ea8bbc">
      <Execution id="c8199d4d-8e6d-439b-8105-3941a949f9ce" />
      <TestMethod codeBase="D:\actions-runner\_work\XPCO\XPCO\Corporate\CommonAPI\VideoOS.Management.VmoClient.UnitTests\bin\Debug\net472\VideoOS.Management.VmoClient.UnitTests.dll" adapterTypeName="executor://mstestadapter/v2" className="VideoOS.Management.VmoClient.UnitTests.PerformanceStateRuleConfigTest" name="PerformanceStateRuleConfiguration_Undo_Success" />
    </UnitTest>
    <UnitTest name="TryConnectLegacy_GivenSuccess_ShouldReturnVmoClient" storage="d:\actions-runner\_work\xpco\xpco\corporate\commonapi\videoos.management.vmoclient.unittests\bin\debug\net472\videoos.management.vmoclient.unittests.dll" id="6c9335fb-eb25-994a-5a75-b57264e3a6ac">
      <Execution id="cf95b938-bb81-4735-b350-6d1df7553c4e" />
      <TestMethod codeBase="D:\actions-runner\_work\XPCO\XPCO\Corporate\CommonAPI\VideoOS.Management.VmoClient.UnitTests\bin\Debug\net472\VideoOS.Management.VmoClient.UnitTests.dll" adapterTypeName="executor://mstestadapter/v2" className="VideoOS.Management.VmoClient.UnitTests.SiteVmoConnectorTests" name="TryConnectLegacy_GivenSuccess_ShouldReturnVmoClient" />
    </UnitTest>
    <UnitTest name="MIPObject_Refresh_Failed" storage="d:\actions-runner\_work\xpco\xpco\corporate\commonapi\videoos.management.vmoclient.unittests\bin\debug\net472\videoos.management.vmoclient.unittests.dll" id="1d9cbc37-070f-fd8e-71a3-88a4d86979c3">
      <Execution id="fe44ab6e-445c-4ad9-96c4-ae9b78fb66b8" />
      <TestMethod codeBase="D:\actions-runner\_work\XPCO\XPCO\Corporate\CommonAPI\VideoOS.Management.VmoClient.UnitTests\bin\Debug\net472\VideoOS.Management.VmoClient.UnitTests.dll" adapterTypeName="executor://mstestadapter/v2" className="VideoOS.Management.VmoClient.UnitTests.MIPObjectTest" name="MIPObject_Refresh_Failed" />
    </UnitTest>
    <UnitTest name="MarkedData_Create_Success_By_Reference" storage="d:\actions-runner\_work\xpco\xpco\corporate\commonapi\videoos.management.vmoclient.unittests\bin\debug\net472\videoos.management.vmoclient.unittests.dll" id="74cc6748-3958-77fa-7f29-670d020f8cd3">
      <Execution id="fd9994c9-918a-4a3c-ad0a-3624168c7ea8" />
      <TestMethod codeBase="D:\actions-runner\_work\XPCO\XPCO\Corporate\CommonAPI\VideoOS.Management.VmoClient.UnitTests\bin\Debug\net472\VideoOS.Management.VmoClient.UnitTests.dll" adapterTypeName="executor://mstestadapter/v2" className="VideoOS.Management.VmoClient.UnitTests.MarkedDataTest" name="MarkedData_Create_Success_By_Reference" />
    </UnitTest>
    <UnitTest name="MIPObject_Update_Failed" storage="d:\actions-runner\_work\xpco\xpco\corporate\commonapi\videoos.management.vmoclient.unittests\bin\debug\net472\videoos.management.vmoclient.unittests.dll" id="0241de9d-d2ad-9933-0ddf-20f7878a8d1b">
      <Execution id="107aa93d-4986-4f98-b6d9-7c561ddcbd80" />
      <TestMethod codeBase="D:\actions-runner\_work\XPCO\XPCO\Corporate\CommonAPI\VideoOS.Management.VmoClient.UnitTests\bin\Debug\net472\VideoOS.Management.VmoClient.UnitTests.dll" adapterTypeName="executor://mstestadapter/v2" className="VideoOS.Management.VmoClient.UnitTests.MIPObjectTest" name="MIPObject_Update_Failed" />
    </UnitTest>
    <UnitTest name="ManagementServer_QueueAutomaticActivation_Before_v100_NotSupported" storage="d:\actions-runner\_work\xpco\xpco\corporate\commonapi\videoos.management.vmoclient.unittests\bin\debug\net472\videoos.management.vmoclient.unittests.dll" id="40725980-b3de-fec9-75c7-5020f7573bd0">
      <Execution id="eea87467-baf5-4961-9ae7-107dcd5c35ef" />
      <TestMethod codeBase="D:\actions-runner\_work\XPCO\XPCO\Corporate\CommonAPI\VideoOS.Management.VmoClient.UnitTests\bin\Debug\net472\VideoOS.Management.VmoClient.UnitTests.dll" adapterTypeName="executor://mstestadapter/v2" className="VideoOS.Management.VmoClient.UnitTests.ManagementServerTest" name="ManagementServer_QueueAutomaticActivation_Before_v100_NotSupported" />
    </UnitTest>
    <UnitTest name="TaskMoveDevice_Refresh_Success" storage="d:\actions-runner\_work\xpco\xpco\corporate\commonapi\videoos.management.vmoclient.unittests\bin\debug\net472\videoos.management.vmoclient.unittests.dll" id="a1508e5b-b7e0-713a-e15c-9cf9da9bc7a0">
      <Execution id="6cda90d2-0cc3-425d-9575-e820a0a74be5" />
      <TestMethod codeBase="D:\actions-runner\_work\XPCO\XPCO\Corporate\CommonAPI\VideoOS.Management.VmoClient.UnitTests\bin\Debug\net472\VideoOS.Management.VmoClient.UnitTests.dll" adapterTypeName="executor://mstestadapter/v2" className="VideoOS.Management.VmoClient.UnitTests.TaskMoveDeviceTest" name="TaskMoveDevice_Refresh_Success" />
    </UnitTest>
    <UnitTest name="View_ApplyView_Success" storage="d:\actions-runner\_work\xpco\xpco\corporate\commonapi\videoos.management.vmoclient.unittests\bin\debug\net472\videoos.management.vmoclient.unittests.dll" id="b88b2309-9255-236b-c47c-da5f68e4cad0">
      <Execution id="aaf798d8-6a14-4483-b4d2-36c1f9a1cd51" />
      <TestMethod codeBase="D:\actions-runner\_work\XPCO\XPCO\Corporate\CommonAPI\VideoOS.Management.VmoClient.UnitTests\bin\Debug\net472\VideoOS.Management.VmoClient.UnitTests.dll" adapterTypeName="executor://mstestadapter/v2" className="VideoOS.Management.VmoClient.UnitTests.ViewTest" name="View_ApplyView_Success" />
    </UnitTest>
    <UnitTest name="TaskDeleteArchiveStorage_StartNew_Success" storage="d:\actions-runner\_work\xpco\xpco\corporate\commonapi\videoos.management.vmoclient.unittests\bin\debug\net472\videoos.management.vmoclient.unittests.dll" id="0222e21b-1a35-baf8-8f24-adad49fcc125">
      <Execution id="9c121082-95b9-4c39-8fef-5d0a2869c3fd" />
      <TestMethod codeBase="D:\actions-runner\_work\XPCO\XPCO\Corporate\CommonAPI\VideoOS.Management.VmoClient.UnitTests\bin\Debug\net472\VideoOS.Management.VmoClient.UnitTests.dll" adapterTypeName="executor://mstestadapter/v2" className="VideoOS.Management.VmoClient.UnitTests.TaskDeleteArchiveStorageTest" name="TaskDeleteArchiveStorage_StartNew_Success" />
    </UnitTest>
    <UnitTest name="ManagementClientProfile_Repository_Registered" storage="d:\actions-runner\_work\xpco\xpco\corporate\commonapi\videoos.management.vmoclient.unittests\bin\debug\net472\videoos.management.vmoclient.unittests.dll" id="ec57f8ed-3691-0757-37f7-3c4dbe3bc6e9">
      <Execution id="10bb5a14-9c41-4cad-91ed-e3bdfb2456ac" />
      <TestMethod codeBase="D:\actions-runner\_work\XPCO\XPCO\Corporate\CommonAPI\VideoOS.Management.VmoClient.UnitTests\bin\Debug\net472\VideoOS.Management.VmoClient.UnitTests.dll" adapterTypeName="executor://mstestadapter/v2" className="VideoOS.Management.VmoClient.UnitTests.ClientProfileManagementClientTest" name="ManagementClientProfile_Repository_Registered" />
    </UnitTest>
    <UnitTest name="GetSiteConnectionResult_GivenWorkingHttpAddressInRegistry_ShouldTryOnlyThatAddressAndReturnSucccess" storage="d:\actions-runner\_work\xpco\xpco\corporate\commonapi\videoos.management.vmoclient.unittests\bin\debug\net472\videoos.management.vmoclient.unittests.dll" id="9f0539bf-ce45-b539-b660-e1feb45dcbd7">
      <Execution id="c04283e2-a5a2-4fbc-ae0b-4c7f6f28d2cd" />
      <TestMethod codeBase="D:\actions-runner\_work\XPCO\XPCO\Corporate\CommonAPI\VideoOS.Management.VmoClient.UnitTests\bin\Debug\net472\VideoOS.Management.VmoClient.UnitTests.dll" adapterTypeName="executor://mstestadapter/v2" className="VideoOS.Management.VmoClient.UnitTests.SiteConnectorLegacyTests" name="GetSiteConnectionResult_GivenWorkingHttpAddressInRegistry_ShouldTryOnlyThatAddressAndReturnSucccess" />
    </UnitTest>
    <UnitTest name="BasicUser_Constructor_CheckForVersion_6_0_and_throws" storage="d:\actions-runner\_work\xpco\xpco\corporate\commonapi\videoos.management.vmoclient.unittests\bin\debug\net472\videoos.management.vmoclient.unittests.dll" id="66fcdc1b-950f-7a55-01b9-2759d9aabe60">
      <Execution id="4c7eff66-3b52-4a88-afd5-20f39eaec109" />
      <TestMethod codeBase="D:\actions-runner\_work\XPCO\XPCO\Corporate\CommonAPI\VideoOS.Management.VmoClient.UnitTests\bin\Debug\net472\VideoOS.Management.VmoClient.UnitTests.dll" adapterTypeName="executor://mstestadapter/v2" className="VideoOS.Management.VmoClient.UnitTests.BasicOwnerInfoTest" name="BasicUser_Constructor_CheckForVersion_6_0_and_throws" />
    </UnitTest>
    <UnitTest name="ProxyClientServiceBase_CallWithRetry_NoRetry_FaultException" storage="d:\actions-runner\_work\xpco\xpco\corporate\commonapi\videoos.management.vmoclient.unittests\bin\debug\net472\videoos.management.vmoclient.unittests.dll" id="e79b213e-079c-c334-53d1-ca179024ad9e">
      <Execution id="447b8635-a413-4f82-b878-472e973edf94" />
      <TestMethod codeBase="D:\actions-runner\_work\XPCO\XPCO\Corporate\CommonAPI\VideoOS.Management.VmoClient.UnitTests\bin\Debug\net472\VideoOS.Management.VmoClient.UnitTests.dll" adapterTypeName="executor://mstestadapter/v2" className="VideoOS.Management.VmoClient.UnitTests.Framework.ProxyClientServiceBaseTest" name="ProxyClientServiceBase_CallWithRetry_NoRetry_FaultException" />
    </UnitTest>
    <UnitTest name="TryGetPropertyValue_NullableType_IsNull_ReturnsNull" storage="d:\actions-runner\_work\xpco\xpco\corporate\commonapi\videoos.management.vmoclient.unittests\bin\debug\net472\videoos.management.vmoclient.unittests.dll" id="f42b2b5c-a8df-13cb-58e2-834e91a6ba9d">
      <Execution id="50fc0410-ae67-4f16-9ef4-8a055e254a5c" />
      <TestMethod codeBase="D:\actions-runner\_work\XPCO\XPCO\Corporate\CommonAPI\VideoOS.Management.VmoClient.UnitTests\bin\Debug\net472\VideoOS.Management.VmoClient.UnitTests.dll" adapterTypeName="executor://mstestadapter/v2" className="VideoOS.Management.VmoClient.UnitTests.Framework.VmoPropertyCollectionTest" name="TryGetPropertyValue_NullableType_IsNull_ReturnsNull" />
    </UnitTest>
    <UnitTest name="Grid_SetRegionWidthOutOfBounds_Exception" storage="d:\actions-runner\_work\xpco\xpco\corporate\commonapi\videoos.management.vmoclient.unittests\bin\debug\net472\videoos.management.vmoclient.unittests.dll" id="06b558f2-559a-6a2e-336b-64ac3a80bb27">
      <TestCategory>
        <TestCategoryItem TestCategory="Grid" />
      </TestCategory>
      <Execution id="2ca40b01-788e-4776-aeb8-555866713a3b" />
      <TestMethod codeBase="D:\actions-runner\_work\XPCO\XPCO\Corporate\CommonAPI\VideoOS.Management.VmoClient.UnitTests\bin\Debug\net472\VideoOS.Management.VmoClient.UnitTests.dll" adapterTypeName="executor://mstestadapter/v2" className="VideoOS.Management.VmoClient.UnitTests.GridTest" name="Grid_SetRegionWidthOutOfBounds_Exception" />
    </UnitTest>
    <UnitTest name="CameraDevice_Update_Success" storage="d:\actions-runner\_work\xpco\xpco\corporate\commonapi\videoos.management.vmoclient.unittests\bin\debug\net472\videoos.management.vmoclient.unittests.dll" id="b4652afc-4fcd-2143-f22d-6d9008cbb2c2">
      <Execution id="8d1ad3a4-dab9-45cd-9f7f-59745e81a871" />
      <TestMethod codeBase="D:\actions-runner\_work\XPCO\XPCO\Corporate\CommonAPI\VideoOS.Management.VmoClient.UnitTests\bin\Debug\net472\VideoOS.Management.VmoClient.UnitTests.dll" adapterTypeName="executor://mstestadapter/v2" className="VideoOS.Management.VmoClient.UnitTests.CameraDeviceTest" name="CameraDevice_Update_Success" />
    </UnitTest>
    <UnitTest name="PrivateViewGroup_Delete_Success" storage="d:\actions-runner\_work\xpco\xpco\corporate\commonapi\videoos.management.vmoclient.unittests\bin\debug\net472\videoos.management.vmoclient.unittests.dll" id="19358055-3a08-b321-ab76-b52ffb253ea3">
      <Execution id="9187b47a-4f8e-471e-b2f4-a08b6c880d96" />
      <TestMethod codeBase="D:\actions-runner\_work\XPCO\XPCO\Corporate\CommonAPI\VideoOS.Management.VmoClient.UnitTests\bin\Debug\net472\VideoOS.Management.VmoClient.UnitTests.dll" adapterTypeName="executor://mstestadapter/v2" className="VideoOS.Management.VmoClient.UnitTests.PrivateViewGroupTest" name="PrivateViewGroup_Delete_Success" />
    </UnitTest>
    <UnitTest name="Grid_ClearAll_Success" storage="d:\actions-runner\_work\xpco\xpco\corporate\commonapi\videoos.management.vmoclient.unittests\bin\debug\net472\videoos.management.vmoclient.unittests.dll" id="208e6dd8-4ae7-1b16-34b8-d602c5c0a84f">
      <TestCategory>
        <TestCategoryItem TestCategory="Grid" />
      </TestCategory>
      <Execution id="f1b2276b-f4fe-491b-8d54-92e352f909bd" />
      <TestMethod codeBase="D:\actions-runner\_work\XPCO\XPCO\Corporate\CommonAPI\VideoOS.Management.VmoClient.UnitTests\bin\Debug\net472\VideoOS.Management.VmoClient.UnitTests.dll" adapterTypeName="executor://mstestadapter/v2" className="VideoOS.Management.VmoClient.UnitTests.GridTest" name="Grid_ClearAll_Success" />
    </UnitTest>
    <UnitTest name="ExceptionConverter_GetConnectionConvertedException_MessageSecurityException" storage="d:\actions-runner\_work\xpco\xpco\corporate\commonapi\videoos.management.vmoclient.unittests\bin\debug\net472\videoos.management.vmoclient.unittests.dll" id="feb30980-9ed1-4c3c-52d8-e49bb0409ac3">
      <Execution id="3537e15f-cf5a-4a62-af00-461d812d1ad4" />
      <TestMethod codeBase="D:\actions-runner\_work\XPCO\XPCO\Corporate\CommonAPI\VideoOS.Management.VmoClient.UnitTests\bin\Debug\net472\VideoOS.Management.VmoClient.UnitTests.dll" adapterTypeName="executor://mstestadapter/v2" className="VideoOS.Management.VmoClient.UnitTests.Utils.ExceptionConverterTest" name="ExceptionConverter_GetConnectionConvertedException_MessageSecurityException" />
    </UnitTest>
    <UnitTest name="ArchiveStorage_Create_Success_Constructor" storage="d:\actions-runner\_work\xpco\xpco\corporate\commonapi\videoos.management.vmoclient.unittests\bin\debug\net472\videoos.management.vmoclient.unittests.dll" id="fb501942-fd1c-8085-ebe3-88733ae59551">
      <Execution id="135afbeb-8234-4d3b-8210-f0ba8594b179" />
      <TestMethod codeBase="D:\actions-runner\_work\XPCO\XPCO\Corporate\CommonAPI\VideoOS.Management.VmoClient.UnitTests\bin\Debug\net472\VideoOS.Management.VmoClient.UnitTests.dll" adapterTypeName="executor://mstestadapter/v2" className="VideoOS.Management.VmoClient.UnitTests.ArchiveStorageTest" name="ArchiveStorage_Create_Success_Constructor" />
    </UnitTest>
    <UnitTest name="Role_Remove_Basic_User_Member_Check_Created" storage="d:\actions-runner\_work\xpco\xpco\corporate\commonapi\videoos.management.vmoclient.unittests\bin\debug\net472\videoos.management.vmoclient.unittests.dll" id="3f0e4010-1ce0-bc63-b2c7-bf6fc4116d03">
      <Execution id="da54d24e-b67d-4b25-91aa-314fa83a8b5b" />
      <TestMethod codeBase="D:\actions-runner\_work\XPCO\XPCO\Corporate\CommonAPI\VideoOS.Management.VmoClient.UnitTests\bin\Debug\net472\VideoOS.Management.VmoClient.UnitTests.dll" adapterTypeName="executor://mstestadapter/v2" className="VideoOS.Management.VmoClient.UnitTests.RoleTest" name="Role_Remove_Basic_User_Member_Check_Created" />
    </UnitTest>
    <UnitTest name="OutputDeviceGroup_Refresh_Failed" storage="d:\actions-runner\_work\xpco\xpco\corporate\commonapi\videoos.management.vmoclient.unittests\bin\debug\net472\videoos.management.vmoclient.unittests.dll" id="56117679-a60b-55ff-9cc5-bd989b95e2a3">
      <Execution id="f2af381f-5cb1-43fa-83d3-3adcd858e494" />
      <TestMethod codeBase="D:\actions-runner\_work\XPCO\XPCO\Corporate\CommonAPI\VideoOS.Management.VmoClient.UnitTests\bin\Debug\net472\VideoOS.Management.VmoClient.UnitTests.dll" adapterTypeName="executor://mstestadapter/v2" className="VideoOS.Management.VmoClient.UnitTests.DeviceGroupTest" name="OutputDeviceGroup_Refresh_Failed" />
    </UnitTest>
    <UnitTest name="BasicOwnerInfo_Constructor_Id_Empty_Guid_Check" storage="d:\actions-runner\_work\xpco\xpco\corporate\commonapi\videoos.management.vmoclient.unittests\bin\debug\net472\videoos.management.vmoclient.unittests.dll" id="57fef621-c869-d76a-b1c4-750e9f34bcf8">
      <Execution id="9131bae7-6f59-4df1-8f3d-ce0fe672709e" />
      <TestMethod codeBase="D:\actions-runner\_work\XPCO\XPCO\Corporate\CommonAPI\VideoOS.Management.VmoClient.UnitTests\bin\Debug\net472\VideoOS.Management.VmoClient.UnitTests.dll" adapterTypeName="executor://mstestadapter/v2" className="VideoOS.Management.VmoClient.UnitTests.BasicOwnerInfoTest" name="BasicOwnerInfo_Constructor_Id_Empty_Guid_Check" />
    </UnitTest>
    <UnitTest name="Create_GivenAddress_ShouldSuccess" storage="d:\actions-runner\_work\xpco\xpco\corporate\commonapi\videoos.management.vmoclient.unittests\bin\debug\net472\videoos.management.vmoclient.unittests.dll" id="b95ba2c6-6bdd-e7c3-6bf9-a13e36c71b64">
      <Execution id="72d5c802-d654-407a-aee3-1d3de7c8e97f" />
      <TestMethod codeBase="D:\actions-runner\_work\XPCO\XPCO\Corporate\CommonAPI\VideoOS.Management.VmoClient.UnitTests\bin\Debug\net472\VideoOS.Management.VmoClient.UnitTests.dll" adapterTypeName="executor://mstestadapter/v2" className="VideoOS.Management.VmoClient.UnitTests.ServerConnectionFactoryTests" name="Create_GivenAddress_ShouldSuccess" />
    </UnitTest>
    <UnitTest name="TaskTruncateDeviceStorage_StartNew_Success" storage="d:\actions-runner\_work\xpco\xpco\corporate\commonapi\videoos.management.vmoclient.unittests\bin\debug\net472\videoos.management.vmoclient.unittests.dll" id="ba1bb513-dbfb-d771-2804-731667304b59">
      <Execution id="93cf69fc-e6aa-472a-9b00-7256a878fc5f" />
      <TestMethod codeBase="D:\actions-runner\_work\XPCO\XPCO\Corporate\CommonAPI\VideoOS.Management.VmoClient.UnitTests\bin\Debug\net472\VideoOS.Management.VmoClient.UnitTests.dll" adapterTypeName="executor://mstestadapter/v2" className="VideoOS.Management.VmoClient.UnitTests.TaskTruncateDeviceStorageTest" name="TaskTruncateDeviceStorage_StartNew_Success" />
    </UnitTest>
    <UnitTest name="ArchiveStorage_Repository_Registered" storage="d:\actions-runner\_work\xpco\xpco\corporate\commonapi\videoos.management.vmoclient.unittests\bin\debug\net472\videoos.management.vmoclient.unittests.dll" id="e3f1d3c8-0311-824e-8050-95178be5e52c">
      <Execution id="e071f1f2-2754-4c3e-9966-15cc89c9348d" />
      <TestMethod codeBase="D:\actions-runner\_work\XPCO\XPCO\Corporate\CommonAPI\VideoOS.Management.VmoClient.UnitTests\bin\Debug\net472\VideoOS.Management.VmoClient.UnitTests.dll" adapterTypeName="executor://mstestadapter/v2" className="VideoOS.Management.VmoClient.UnitTests.ArchiveStorageTest" name="ArchiveStorage_Repository_Registered" />
    </UnitTest>
    <UnitTest name="ManagementServer_AttachMasterSite_ArgumentException" storage="d:\actions-runner\_work\xpco\xpco\corporate\commonapi\videoos.management.vmoclient.unittests\bin\debug\net472\videoos.management.vmoclient.unittests.dll" id="67a7be4e-cdc4-c136-f975-9b7c19eac636">
      <Execution id="5e7aa2a5-4ac3-485e-bcf7-cf789d3a8113" />
      <TestMethod codeBase="D:\actions-runner\_work\XPCO\XPCO\Corporate\CommonAPI\VideoOS.Management.VmoClient.UnitTests\bin\Debug\net472\VideoOS.Management.VmoClient.UnitTests.dll" adapterTypeName="executor://mstestadapter/v2" className="VideoOS.Management.VmoClient.UnitTests.ManagementServerTest" name="ManagementServer_AttachMasterSite_ArgumentException" />
    </UnitTest>
    <UnitTest name="GenericRepositoryTestGetObjectsByIdWithPolymorphicVmoType" storage="d:\actions-runner\_work\xpco\xpco\corporate\commonapi\videoos.management.vmoclient.unittests\bin\debug\net472\videoos.management.vmoclient.unittests.dll" id="aa36675d-2939-7ced-ac01-eb4d23340b43">
      <Execution id="945d46c0-be3f-4874-9a98-802f3c6c3f37" />
      <TestMethod codeBase="D:\actions-runner\_work\XPCO\XPCO\Corporate\CommonAPI\VideoOS.Management.VmoClient.UnitTests\bin\Debug\net472\VideoOS.Management.VmoClient.UnitTests.dll" adapterTypeName="executor://mstestadapter/v2" className="VideoOS.Management.VmoClient.UnitTests.GenericRepositoryTest" name="GenericRepositoryTestGetObjectsByIdWithPolymorphicVmoType" />
    </UnitTest>
    <UnitTest name="AxisTunnelServer_Delete_Success" storage="d:\actions-runner\_work\xpco\xpco\corporate\commonapi\videoos.management.vmoclient.unittests\bin\debug\net472\videoos.management.vmoclient.unittests.dll" id="6ccb17ad-4b69-52f4-3d64-f02851102017">
      <Execution id="81a4c8a1-4c6c-48d2-99c0-3d1c0cc389d5" />
      <TestMethod codeBase="D:\actions-runner\_work\XPCO\XPCO\Corporate\CommonAPI\VideoOS.Management.VmoClient.UnitTests\bin\Debug\net472\VideoOS.Management.VmoClient.UnitTests.dll" adapterTypeName="executor://mstestadapter/v2" className="VideoOS.Management.VmoClient.UnitTests.AxisTunnelServerTest" name="AxisTunnelServer_Delete_Success" />
    </UnitTest>
    <UnitTest name="ManagementServer_DetachChildSite_Called" storage="d:\actions-runner\_work\xpco\xpco\corporate\commonapi\videoos.management.vmoclient.unittests\bin\debug\net472\videoos.management.vmoclient.unittests.dll" id="8ca3fe5c-1fec-38cc-139e-5cda860a37d9">
      <Execution id="eb3b8a98-8846-48da-87cb-5e0df45314d3" />
      <TestMethod codeBase="D:\actions-runner\_work\XPCO\XPCO\Corporate\CommonAPI\VideoOS.Management.VmoClient.UnitTests\bin\Debug\net472\VideoOS.Management.VmoClient.UnitTests.dll" adapterTypeName="executor://mstestadapter/v2" className="VideoOS.Management.VmoClient.UnitTests.ManagementServerTest" name="ManagementServer_DetachChildSite_Called" />
    </UnitTest>
    <UnitTest name="Add_DuplicateItem_ShouldPreventAddingDuplicateItem" storage="d:\actions-runner\_work\xpco\xpco\corporate\commonapi\videoos.management.vmoclient.unittests\bin\debug\net472\videoos.management.vmoclient.unittests.dll" id="9b3efce4-69d6-977f-0853-0434039b24ee">
      <Execution id="67ef679f-3c4b-4617-bfd8-07dfe6e00fe4" />
      <TestMethod codeBase="D:\actions-runner\_work\XPCO\XPCO\Corporate\CommonAPI\VideoOS.Management.VmoClient.UnitTests\bin\Debug\net472\VideoOS.Management.VmoClient.UnitTests.dll" adapterTypeName="executor://mstestadapter/v2" className="VideoOS.Management.VmoClient.UnitTests.SiteTokenCacheStoreTests" name="Add_DuplicateItem_ShouldPreventAddingDuplicateItem" />
    </UnitTest>
    <UnitTest name="Role_Remove_Member_No_Exception_If_User_Not_Exists" storage="d:\actions-runner\_work\xpco\xpco\corporate\commonapi\videoos.management.vmoclient.unittests\bin\debug\net472\videoos.management.vmoclient.unittests.dll" id="e0abc56f-7d42-6359-24f3-9a5cc4c951e3">
      <Execution id="db40cb4e-5628-4a53-be73-8d9b22f9fa20" />
      <TestMethod codeBase="D:\actions-runner\_work\XPCO\XPCO\Corporate\CommonAPI\VideoOS.Management.VmoClient.UnitTests\bin\Debug\net472\VideoOS.Management.VmoClient.UnitTests.dll" adapterTypeName="executor://mstestadapter/v2" className="VideoOS.Management.VmoClient.UnitTests.RoleTest" name="Role_Remove_Member_No_Exception_If_User_Not_Exists" />
    </UnitTest>
    <UnitTest name="ExceptionConverter_GetConnectionConvertedException_MessageSecurityException_WithInnerException" storage="d:\actions-runner\_work\xpco\xpco\corporate\commonapi\videoos.management.vmoclient.unittests\bin\debug\net472\videoos.management.vmoclient.unittests.dll" id="cc624a1a-7f69-5930-0aad-f31365ddf34a">
      <Execution id="4ff0d31a-1b07-469a-87c4-a819d4e4ac1f" />
      <TestMethod codeBase="D:\actions-runner\_work\XPCO\XPCO\Corporate\CommonAPI\VideoOS.Management.VmoClient.UnitTests\bin\Debug\net472\VideoOS.Management.VmoClient.UnitTests.dll" adapterTypeName="executor://mstestadapter/v2" className="VideoOS.Management.VmoClient.UnitTests.Utils.ExceptionConverterTest" name="ExceptionConverter_GetConnectionConvertedException_MessageSecurityException_WithInnerException" />
    </UnitTest>
    <UnitTest name="BasicOwnerInfo_Create_CheckVersionCalled" storage="d:\actions-runner\_work\xpco\xpco\corporate\commonapi\videoos.management.vmoclient.unittests\bin\debug\net472\videoos.management.vmoclient.unittests.dll" id="2c12e70b-d5f6-a96d-830d-14474c8e0d92">
      <Execution id="e56dde38-e14b-45e9-b472-ed2260894682" />
      <TestMethod codeBase="D:\actions-runner\_work\XPCO\XPCO\Corporate\CommonAPI\VideoOS.Management.VmoClient.UnitTests\bin\Debug\net472\VideoOS.Management.VmoClient.UnitTests.dll" adapterTypeName="executor://mstestadapter/v2" className="VideoOS.Management.VmoClient.UnitTests.BasicOwnerInfoTest" name="BasicOwnerInfo_Create_CheckVersionCalled" />
    </UnitTest>
    <UnitTest name="ServerVersionConstructor_ShortString_Failure" storage="d:\actions-runner\_work\xpco\xpco\corporate\commonapi\videoos.management.vmoclient.unittests\bin\debug\net472\videoos.management.vmoclient.unittests.dll" id="88db907c-2729-b881-7e27-60f3def562f7">
      <TestCategory>
        <TestCategoryItem TestCategory="Server Version" />
      </TestCategory>
      <Execution id="1150c527-2b08-41ea-a701-a2b86b24292f" />
      <TestMethod codeBase="D:\actions-runner\_work\XPCO\XPCO\Corporate\CommonAPI\VideoOS.Management.VmoClient.UnitTests\bin\Debug\net472\VideoOS.Management.VmoClient.UnitTests.dll" adapterTypeName="executor://mstestadapter/v2" className="VideoOS.Management.VmoClient.Tests.ServerVersionTests" name="ServerVersionConstructor_ShortString_Failure" />
    </UnitTest>
    <UnitTest name="PatrollingProfile_MoveStepToPosition" storage="d:\actions-runner\_work\xpco\xpco\corporate\commonapi\videoos.management.vmoclient.unittests\bin\debug\net472\videoos.management.vmoclient.unittests.dll" id="cf980ff0-658a-cea3-568e-ae6607f09bd5">
      <TestCategory>
        <TestCategoryItem TestCategory="Patrolling Profile" />
      </TestCategory>
      <Execution id="7345fa09-6064-4fff-8797-17ee2cbb2e16" />
      <TestMethod codeBase="D:\actions-runner\_work\XPCO\XPCO\Corporate\CommonAPI\VideoOS.Management.VmoClient.UnitTests\bin\Debug\net472\VideoOS.Management.VmoClient.UnitTests.dll" adapterTypeName="executor://mstestadapter/v2" className="VideoOS.Management.VmoClient.UnitTests.PatrollingProfileTest" name="PatrollingProfile_MoveStepToPosition" />
    </UnitTest>
    <UnitTest name="MIPAction_Constructor_DefaultValuesCorrect" storage="d:\actions-runner\_work\xpco\xpco\corporate\commonapi\videoos.management.vmoclient.unittests\bin\debug\net472\videoos.management.vmoclient.unittests.dll" id="3a4137d2-5af2-1a66-ab1f-681236e1f7e9">
      <Execution id="737da7b1-9eec-428c-bef2-1e20fb1521ec" />
      <TestMethod codeBase="D:\actions-runner\_work\XPCO\XPCO\Corporate\CommonAPI\VideoOS.Management.VmoClient.UnitTests\bin\Debug\net472\VideoOS.Management.VmoClient.UnitTests.dll" adapterTypeName="executor://mstestadapter/v2" className="VideoOS.Management.VmoClient.UnitTests.MIPActionTest" name="MIPAction_Constructor_DefaultValuesCorrect" />
    </UnitTest>
    <UnitTest name="PerformanceStateRuleConfiguration_Update_CheckVersionCalled" storage="d:\actions-runner\_work\xpco\xpco\corporate\commonapi\videoos.management.vmoclient.unittests\bin\debug\net472\videoos.management.vmoclient.unittests.dll" id="58080360-2f6c-9e91-26b5-fffbb103c02b">
      <Execution id="f2916705-1fb4-4629-bf60-297133d49abd" />
      <TestMethod codeBase="D:\actions-runner\_work\XPCO\XPCO\Corporate\CommonAPI\VideoOS.Management.VmoClient.UnitTests\bin\Debug\net472\VideoOS.Management.VmoClient.UnitTests.dll" adapterTypeName="executor://mstestadapter/v2" className="VideoOS.Management.VmoClient.UnitTests.PerformanceStateRuleConfigTest" name="PerformanceStateRuleConfiguration_Update_CheckVersionCalled" />
    </UnitTest>
    <UnitTest name="OutputDeviceGroup_Refresh_Success" storage="d:\actions-runner\_work\xpco\xpco\corporate\commonapi\videoos.management.vmoclient.unittests\bin\debug\net472\videoos.management.vmoclient.unittests.dll" id="b53800a6-c30a-b14a-00eb-e7ed3eb06cd9">
      <Execution id="2ca1d91d-69db-4f0f-9dcb-753050afe11a" />
      <TestMethod codeBase="D:\actions-runner\_work\XPCO\XPCO\Corporate\CommonAPI\VideoOS.Management.VmoClient.UnitTests\bin\Debug\net472\VideoOS.Management.VmoClient.UnitTests.dll" adapterTypeName="executor://mstestadapter/v2" className="VideoOS.Management.VmoClient.UnitTests.DeviceGroupTest" name="OutputDeviceGroup_Refresh_Success" />
    </UnitTest>
    <UnitTest name="RuleSource_IsCreated_Success" storage="d:\actions-runner\_work\xpco\xpco\corporate\commonapi\videoos.management.vmoclient.unittests\bin\debug\net472\videoos.management.vmoclient.unittests.dll" id="dba05cc8-439b-0f64-7bd1-fd8fe74dca4b">
      <Execution id="51cc527a-f860-4251-908d-d6bc51cf12c2" />
      <TestMethod codeBase="D:\actions-runner\_work\XPCO\XPCO\Corporate\CommonAPI\VideoOS.Management.VmoClient.UnitTests\bin\Debug\net472\VideoOS.Management.VmoClient.UnitTests.dll" adapterTypeName="executor://mstestadapter/v2" className="VideoOS.Management.VmoClient.UnitTests.RuleSourceTest" name="RuleSource_IsCreated_Success" />
    </UnitTest>
    <UnitTest name="VideoWall_Create_CheckVersionNotCalled" storage="d:\actions-runner\_work\xpco\xpco\corporate\commonapi\videoos.management.vmoclient.unittests\bin\debug\net472\videoos.management.vmoclient.unittests.dll" id="07361177-b4ca-8f15-ac56-847d5ab031b9">
      <Execution id="0b67999e-1281-4977-873a-b08eb95de60a" />
      <TestMethod codeBase="D:\actions-runner\_work\XPCO\XPCO\Corporate\CommonAPI\VideoOS.Management.VmoClient.UnitTests\bin\Debug\net472\VideoOS.Management.VmoClient.UnitTests.dll" adapterTypeName="executor://mstestadapter/v2" className="VideoOS.Management.VmoClient.UnitTests.VideoWallTest" name="VideoWall_Create_CheckVersionNotCalled" />
    </UnitTest>
    <UnitTest name="SunClockTimeProfile_Create_Failed_Constructor_Empty_CustomId" storage="d:\actions-runner\_work\xpco\xpco\corporate\commonapi\videoos.management.vmoclient.unittests\bin\debug\net472\videoos.management.vmoclient.unittests.dll" id="029aee69-d04b-5a49-9992-2e4ba2ae7f37">
      <Execution id="33e3a2d2-45a2-4cc9-b308-9920ad3a1f45" />
      <TestMethod codeBase="D:\actions-runner\_work\XPCO\XPCO\Corporate\CommonAPI\VideoOS.Management.VmoClient.UnitTests\bin\Debug\net472\VideoOS.Management.VmoClient.UnitTests.dll" adapterTypeName="executor://mstestadapter/v2" className="VideoOS.Management.VmoClient.UnitTests.SunClockTimeProfileTest" name="SunClockTimeProfile_Create_Failed_Constructor_Empty_CustomId" />
    </UnitTest>
    <UnitTest name="MicrophoneDeviceGroup_Refresh_Failed" storage="d:\actions-runner\_work\xpco\xpco\corporate\commonapi\videoos.management.vmoclient.unittests\bin\debug\net472\videoos.management.vmoclient.unittests.dll" id="0ebfe791-6b4d-a3b8-5330-d32bda8e413d">
      <Execution id="bd9b75ca-ccd4-453e-bb1c-58f8dfdbdf11" />
      <TestMethod codeBase="D:\actions-runner\_work\XPCO\XPCO\Corporate\CommonAPI\VideoOS.Management.VmoClient.UnitTests\bin\Debug\net472\VideoOS.Management.VmoClient.UnitTests.dll" adapterTypeName="executor://mstestadapter/v2" className="VideoOS.Management.VmoClient.UnitTests.DeviceGroupTest" name="MicrophoneDeviceGroup_Refresh_Failed" />
    </UnitTest>
    <UnitTest name="ServerVersionConstructor_NullString_Failure" storage="d:\actions-runner\_work\xpco\xpco\corporate\commonapi\videoos.management.vmoclient.unittests\bin\debug\net472\videoos.management.vmoclient.unittests.dll" id="4127c2ae-510a-766f-bc62-5c6f833bc370">
      <TestCategory>
        <TestCategoryItem TestCategory="Server Version" />
      </TestCategory>
      <Execution id="9460cb55-7d05-455c-8b8f-817f9a17ba2a" />
      <TestMethod codeBase="D:\actions-runner\_work\XPCO\XPCO\Corporate\CommonAPI\VideoOS.Management.VmoClient.UnitTests\bin\Debug\net472\VideoOS.Management.VmoClient.UnitTests.dll" adapterTypeName="executor://mstestadapter/v2" className="VideoOS.Management.VmoClient.Tests.ServerVersionTests" name="ServerVersionConstructor_NullString_Failure" />
    </UnitTest>
    <UnitTest name="TaskRequestEdgeStorage_Refresh_Success" storage="d:\actions-runner\_work\xpco\xpco\corporate\commonapi\videoos.management.vmoclient.unittests\bin\debug\net472\videoos.management.vmoclient.unittests.dll" id="9ef9d6a5-0f89-100e-3120-b37de812220f">
      <Execution id="bb5a59e4-4bf6-404f-ba71-515afffd83ca" />
      <TestMethod codeBase="D:\actions-runner\_work\XPCO\XPCO\Corporate\CommonAPI\VideoOS.Management.VmoClient.UnitTests\bin\Debug\net472\VideoOS.Management.VmoClient.UnitTests.dll" adapterTypeName="executor://mstestadapter/v2" className="VideoOS.Management.VmoClient.UnitTests.TaskRequestEdgeStorageTest" name="TaskRequestEdgeStorage_Refresh_Success" />
    </UnitTest>
    <UnitTest name="FailoverServerGroup_Delete_Success" storage="d:\actions-runner\_work\xpco\xpco\corporate\commonapi\videoos.management.vmoclient.unittests\bin\debug\net472\videoos.management.vmoclient.unittests.dll" id="63a057b8-d93a-9977-b1b4-fa071e73ba32">
      <Execution id="6e1c738b-f36e-4640-bdf1-5cb15b75ced7" />
      <TestMethod codeBase="D:\actions-runner\_work\XPCO\XPCO\Corporate\CommonAPI\VideoOS.Management.VmoClient.UnitTests\bin\Debug\net472\VideoOS.Management.VmoClient.UnitTests.dll" adapterTypeName="executor://mstestadapter/v2" className="VideoOS.Management.VmoClient.UnitTests.FailoverServerGroupTest" name="FailoverServerGroup_Delete_Success" />
    </UnitTest>
    <UnitTest name="SystemDashboardConfigurationuration_Update_Failed_Not_Created" storage="d:\actions-runner\_work\xpco\xpco\corporate\commonapi\videoos.management.vmoclient.unittests\bin\debug\net472\videoos.management.vmoclient.unittests.dll" id="1f0ce369-a846-ff85-ad28-49ffb4cacb47">
      <Execution id="d0fb2f73-bcbb-4824-a358-8f258adf3281" />
      <TestMethod codeBase="D:\actions-runner\_work\XPCO\XPCO\Corporate\CommonAPI\VideoOS.Management.VmoClient.UnitTests\bin\Debug\net472\VideoOS.Management.VmoClient.UnitTests.dll" adapterTypeName="executor://mstestadapter/v2" className="VideoOS.Management.VmoClient.UnitTests.SystemDashboardConfigTest" name="SystemDashboardConfigurationuration_Update_Failed_Not_Created" />
    </UnitTest>
    <UnitTest name="MetadataDeviceGroup_Refresh_Failed" storage="d:\actions-runner\_work\xpco\xpco\corporate\commonapi\videoos.management.vmoclient.unittests\bin\debug\net472\videoos.management.vmoclient.unittests.dll" id="e35af84d-5253-a0b3-676b-d8c1702fd0f7">
      <Execution id="4f77eeaa-a21d-4559-8d7c-9d439e7de51c" />
      <TestMethod codeBase="D:\actions-runner\_work\XPCO\XPCO\Corporate\CommonAPI\VideoOS.Management.VmoClient.UnitTests\bin\Debug\net472\VideoOS.Management.VmoClient.UnitTests.dll" adapterTypeName="executor://mstestadapter/v2" className="VideoOS.Management.VmoClient.UnitTests.DeviceGroupTest" name="MetadataDeviceGroup_Refresh_Failed" />
    </UnitTest>
    <UnitTest name="ServerVersionConstructor_CompareToObjRight_Success" storage="d:\actions-runner\_work\xpco\xpco\corporate\commonapi\videoos.management.vmoclient.unittests\bin\debug\net472\videoos.management.vmoclient.unittests.dll" id="6057cecb-7fa2-d0f0-8911-1a80596ef49b">
      <TestCategory>
        <TestCategoryItem TestCategory="Server Version" />
      </TestCategory>
      <Execution id="6ff70043-d337-448b-ad73-ec1cdd3e0d96" />
      <TestMethod codeBase="D:\actions-runner\_work\XPCO\XPCO\Corporate\CommonAPI\VideoOS.Management.VmoClient.UnitTests\bin\Debug\net472\VideoOS.Management.VmoClient.UnitTests.dll" adapterTypeName="executor://mstestadapter/v2" className="VideoOS.Management.VmoClient.Tests.ServerVersionTests" name="ServerVersionConstructor_CompareToObjRight_Success" />
    </UnitTest>
    <UnitTest name="SmartClientProfile_Repository_Registered" storage="d:\actions-runner\_work\xpco\xpco\corporate\commonapi\videoos.management.vmoclient.unittests\bin\debug\net472\videoos.management.vmoclient.unittests.dll" id="c9754ef7-454d-f20a-ba8a-9bb48b22c987">
      <Execution id="8e0ede8f-5116-473b-9587-c78e5ab9a6a5" />
      <TestMethod codeBase="D:\actions-runner\_work\XPCO\XPCO\Corporate\CommonAPI\VideoOS.Management.VmoClient.UnitTests\bin\Debug\net472\VideoOS.Management.VmoClient.UnitTests.dll" adapterTypeName="executor://mstestadapter/v2" className="VideoOS.Management.VmoClient.UnitTests.ClientProfileSmartClientTest" name="SmartClientProfile_Repository_Registered" />
    </UnitTest>
    <UnitTest name="ProxyClientServiceBase_CallWithRetry_NoRetry_UnknownException" storage="d:\actions-runner\_work\xpco\xpco\corporate\commonapi\videoos.management.vmoclient.unittests\bin\debug\net472\videoos.management.vmoclient.unittests.dll" id="a4263f00-cdbf-b301-109b-a87ad30f69f1">
      <Execution id="367898ca-4753-4e03-9f76-3ae93048194d" />
      <TestMethod codeBase="D:\actions-runner\_work\XPCO\XPCO\Corporate\CommonAPI\VideoOS.Management.VmoClient.UnitTests\bin\Debug\net472\VideoOS.Management.VmoClient.UnitTests.dll" adapterTypeName="executor://mstestadapter/v2" className="VideoOS.Management.VmoClient.UnitTests.Framework.ProxyClientServiceBaseTest" name="ProxyClientServiceBase_CallWithRetry_NoRetry_UnknownException" />
    </UnitTest>
    <UnitTest name="ServerVersionConstructor_GreaterOrEqual_Success" storage="d:\actions-runner\_work\xpco\xpco\corporate\commonapi\videoos.management.vmoclient.unittests\bin\debug\net472\videoos.management.vmoclient.unittests.dll" id="37cd8d03-e1c8-ddea-a38c-7816c97e5aa0">
      <TestCategory>
        <TestCategoryItem TestCategory="Server Version" />
      </TestCategory>
      <Execution id="0e63d59a-7623-495e-ac90-b0f31ce91193" />
      <TestMethod codeBase="D:\actions-runner\_work\XPCO\XPCO\Corporate\CommonAPI\VideoOS.Management.VmoClient.UnitTests\bin\Debug\net472\VideoOS.Management.VmoClient.UnitTests.dll" adapterTypeName="executor://mstestadapter/v2" className="VideoOS.Management.VmoClient.Tests.ServerVersionTests" name="ServerVersionConstructor_GreaterOrEqual_Success" />
    </UnitTest>
    <UnitTest name="Grid_Constructor_Full_Grid" storage="d:\actions-runner\_work\xpco\xpco\corporate\commonapi\videoos.management.vmoclient.unittests\bin\debug\net472\videoos.management.vmoclient.unittests.dll" id="7830b5c8-a7fb-22af-0a4e-64c1e036d283">
      <TestCategory>
        <TestCategoryItem TestCategory="Grid" />
      </TestCategory>
      <Execution id="72473788-3c2e-4611-b7a1-f8f5d99f68eb" />
      <TestMethod codeBase="D:\actions-runner\_work\XPCO\XPCO\Corporate\CommonAPI\VideoOS.Management.VmoClient.UnitTests\bin\Debug\net472\VideoOS.Management.VmoClient.UnitTests.dll" adapterTypeName="executor://mstestadapter/v2" className="VideoOS.Management.VmoClient.UnitTests.GridTest" name="Grid_Constructor_Full_Grid" />
    </UnitTest>
    <UnitTest name="GenericRepositoryTestGetObjectRelationsServerCalledAlways" storage="d:\actions-runner\_work\xpco\xpco\corporate\commonapi\videoos.management.vmoclient.unittests\bin\debug\net472\videoos.management.vmoclient.unittests.dll" id="00359fdf-0a4b-6178-4ca6-973d86cbac25">
      <Execution id="3f805f66-18ce-43d0-a45a-a892c0f14adb" />
      <TestMethod codeBase="D:\actions-runner\_work\XPCO\XPCO\Corporate\CommonAPI\VideoOS.Management.VmoClient.UnitTests\bin\Debug\net472\VideoOS.Management.VmoClient.UnitTests.dll" adapterTypeName="executor://mstestadapter/v2" className="VideoOS.Management.VmoClient.UnitTests.GenericRepositoryTest" name="GenericRepositoryTestGetObjectRelationsServerCalledAlways" />
    </UnitTest>
    <UnitTest name="CameraDevice_ChangeRecordingStorage_Success" storage="d:\actions-runner\_work\xpco\xpco\corporate\commonapi\videoos.management.vmoclient.unittests\bin\debug\net472\videoos.management.vmoclient.unittests.dll" id="9f2f9eb7-af09-d3bf-f77f-90b9601a7cf2">
      <Execution id="1a3848d2-7b78-474f-becc-704e0589d17c" />
      <TestMethod codeBase="D:\actions-runner\_work\XPCO\XPCO\Corporate\CommonAPI\VideoOS.Management.VmoClient.UnitTests\bin\Debug\net472\VideoOS.Management.VmoClient.UnitTests.dll" adapterTypeName="executor://mstestadapter/v2" className="VideoOS.Management.VmoClient.UnitTests.CameraDeviceTest" name="CameraDevice_ChangeRecordingStorage_Success" />
    </UnitTest>
    <UnitTest name="GetIdpInfo_GivenNullAddress_ShouldThrow" storage="d:\actions-runner\_work\xpco\xpco\corporate\commonapi\videoos.management.vmoclient.unittests\bin\debug\net472\videoos.management.vmoclient.unittests.dll" id="c0bda018-1d62-7dbf-3681-e315be3567e6">
      <Execution id="5f5fc4e4-19ef-4ec6-9a65-3778fd234cfc" />
      <TestMethod codeBase="D:\actions-runner\_work\XPCO\XPCO\Corporate\CommonAPI\VideoOS.Management.VmoClient.UnitTests\bin\Debug\net472\VideoOS.Management.VmoClient.UnitTests.dll" adapterTypeName="executor://mstestadapter/v2" className="VideoOS.Management.VmoClient.UnitTests.SiteIdpConnectorTests" name="GetIdpInfo_GivenNullAddress_ShouldThrow" />
    </UnitTest>
    <UnitTest name="PrivateViewGroup_ConstructorWithParent_DefaultValuesCorrect" storage="d:\actions-runner\_work\xpco\xpco\corporate\commonapi\videoos.management.vmoclient.unittests\bin\debug\net472\videoos.management.vmoclient.unittests.dll" id="d9fbc08d-a618-6a45-6259-18cefeadfcd3">
      <Execution id="4ac67d30-374a-4253-8c3b-beb2ac3fecd3" />
      <TestMethod codeBase="D:\actions-runner\_work\XPCO\XPCO\Corporate\CommonAPI\VideoOS.Management.VmoClient.UnitTests\bin\Debug\net472\VideoOS.Management.VmoClient.UnitTests.dll" adapterTypeName="executor://mstestadapter/v2" className="VideoOS.Management.VmoClient.UnitTests.PrivateViewGroupTest" name="PrivateViewGroup_ConstructorWithParent_DefaultValuesCorrect" />
    </UnitTest>
    <UnitTest name="MonitorPreset_Refresh_Success" storage="d:\actions-runner\_work\xpco\xpco\corporate\commonapi\videoos.management.vmoclient.unittests\bin\debug\net472\videoos.management.vmoclient.unittests.dll" id="ef7ede63-3b8a-d738-a6f5-5406c4c50b46">
      <Execution id="f8c8d630-662c-4a2b-8a42-ab0efe5d4558" />
      <TestMethod codeBase="D:\actions-runner\_work\XPCO\XPCO\Corporate\CommonAPI\VideoOS.Management.VmoClient.UnitTests\bin\Debug\net472\VideoOS.Management.VmoClient.UnitTests.dll" adapterTypeName="executor://mstestadapter/v2" className="VideoOS.Management.VmoClient.UnitTests.MonitorPresetTest" name="MonitorPreset_Refresh_Success" />
    </UnitTest>
    <UnitTest name="MIPAction_Repository_Registered" storage="d:\actions-runner\_work\xpco\xpco\corporate\commonapi\videoos.management.vmoclient.unittests\bin\debug\net472\videoos.management.vmoclient.unittests.dll" id="14bb50f4-a8ae-a89c-1d94-dba9d90b4290">
      <Execution id="bc5c9bcf-92f9-4d1b-a0d1-60f8c7aa8f26" />
      <TestMethod codeBase="D:\actions-runner\_work\XPCO\XPCO\Corporate\CommonAPI\VideoOS.Management.VmoClient.UnitTests\bin\Debug\net472\VideoOS.Management.VmoClient.UnitTests.dll" adapterTypeName="executor://mstestadapter/v2" className="VideoOS.Management.VmoClient.UnitTests.MIPActionTest" name="MIPAction_Repository_Registered" />
    </UnitTest>
    <UnitTest name="MIPDeviceEvent_Update_Success" storage="d:\actions-runner\_work\xpco\xpco\corporate\commonapi\videoos.management.vmoclient.unittests\bin\debug\net472\videoos.management.vmoclient.unittests.dll" id="f8fb4dbe-dacd-5b1a-0a09-a413bbeec29a">
      <Execution id="0820f077-b5cf-48a6-ac36-5f965f908ee8" />
      <TestMethod codeBase="D:\actions-runner\_work\XPCO\XPCO\Corporate\CommonAPI\VideoOS.Management.VmoClient.UnitTests\bin\Debug\net472\VideoOS.Management.VmoClient.UnitTests.dll" adapterTypeName="executor://mstestadapter/v2" className="VideoOS.Management.VmoClient.UnitTests.MIPDeviceEventTest" name="MIPDeviceEvent_Update_Success" />
    </UnitTest>
    <UnitTest name="Monitor_Constructor_DefaultValuesCorrect" storage="d:\actions-runner\_work\xpco\xpco\corporate\commonapi\videoos.management.vmoclient.unittests\bin\debug\net472\videoos.management.vmoclient.unittests.dll" id="66f41b99-9bb5-3922-2d4c-8267bfe83112">
      <Execution id="64bb2ca6-de8d-4efe-acff-6948e0d17b3b" />
      <TestMethod codeBase="D:\actions-runner\_work\XPCO\XPCO\Corporate\CommonAPI\VideoOS.Management.VmoClient.UnitTests\bin\Debug\net472\VideoOS.Management.VmoClient.UnitTests.dll" adapterTypeName="executor://mstestadapter/v2" className="VideoOS.Management.VmoClient.UnitTests.MonitorTest" name="Monitor_Constructor_DefaultValuesCorrect" />
    </UnitTest>
    <UnitTest name="PerformanceStateRuleConfiguration_Update_Failed_Not_Created" storage="d:\actions-runner\_work\xpco\xpco\corporate\commonapi\videoos.management.vmoclient.unittests\bin\debug\net472\videoos.management.vmoclient.unittests.dll" id="c1f3d5eb-3123-e2ad-c9ac-66930017d9fb">
      <Execution id="55b4c844-84b4-4c62-81fe-e73343d22f89" />
      <TestMethod codeBase="D:\actions-runner\_work\XPCO\XPCO\Corporate\CommonAPI\VideoOS.Management.VmoClient.UnitTests\bin\Debug\net472\VideoOS.Management.VmoClient.UnitTests.dll" adapterTypeName="executor://mstestadapter/v2" className="VideoOS.Management.VmoClient.UnitTests.PerformanceStateRuleConfigTest" name="PerformanceStateRuleConfiguration_Update_Failed_Not_Created" />
    </UnitTest>
    <UnitTest name="TaskAddIdpAdmin_StartNew_Success" storage="d:\actions-runner\_work\xpco\xpco\corporate\commonapi\videoos.management.vmoclient.unittests\bin\debug\net472\videoos.management.vmoclient.unittests.dll" id="8dc42fe5-e680-bdfd-5002-668002897b77">
      <Execution id="55034064-7187-4bd9-8515-9bdcdcef9deb" />
      <TestMethod codeBase="D:\actions-runner\_work\XPCO\XPCO\Corporate\CommonAPI\VideoOS.Management.VmoClient.UnitTests\bin\Debug\net472\VideoOS.Management.VmoClient.UnitTests.dll" adapterTypeName="executor://mstestadapter/v2" className="VideoOS.Management.VmoClient.UnitTests.TaskAddIdpAdminTest" name="TaskAddIdpAdmin_StartNew_Success" />
    </UnitTest>
    <UnitTest name="SystemDashboardConfigurationuration_IsDeleted_Success" storage="d:\actions-runner\_work\xpco\xpco\corporate\commonapi\videoos.management.vmoclient.unittests\bin\debug\net472\videoos.management.vmoclient.unittests.dll" id="98fff030-53c1-c04c-47fb-82b4ef74e4d8">
      <Execution id="10d49931-ee07-4ef6-a63a-99a28dfa1595" />
      <TestMethod codeBase="D:\actions-runner\_work\XPCO\XPCO\Corporate\CommonAPI\VideoOS.Management.VmoClient.UnitTests\bin\Debug\net472\VideoOS.Management.VmoClient.UnitTests.dll" adapterTypeName="executor://mstestadapter/v2" className="VideoOS.Management.VmoClient.UnitTests.SystemDashboardConfigTest" name="SystemDashboardConfigurationuration_IsDeleted_Success" />
    </UnitTest>
    <UnitTest name="SunClockTimeProfile_Create60WithId_NotSupportedException" storage="d:\actions-runner\_work\xpco\xpco\corporate\commonapi\videoos.management.vmoclient.unittests\bin\debug\net472\videoos.management.vmoclient.unittests.dll" id="244393d8-045b-80c6-1620-1dfde66bcfa9">
      <Execution id="c82d1466-573a-4460-9fde-2f21b31e39de" />
      <TestMethod codeBase="D:\actions-runner\_work\XPCO\XPCO\Corporate\CommonAPI\VideoOS.Management.VmoClient.UnitTests\bin\Debug\net472\VideoOS.Management.VmoClient.UnitTests.dll" adapterTypeName="executor://mstestadapter/v2" className="VideoOS.Management.VmoClient.UnitTests.SunClockTimeProfileTest" name="SunClockTimeProfile_Create60WithId_NotSupportedException" />
    </UnitTest>
    <UnitTest name="RecordingStorage_Move_Storage_Failed_Not_Created" storage="d:\actions-runner\_work\xpco\xpco\corporate\commonapi\videoos.management.vmoclient.unittests\bin\debug\net472\videoos.management.vmoclient.unittests.dll" id="f9b6dd49-5c73-188b-8a88-af3d94f9c65a">
      <Execution id="445a1862-0733-4f38-aac4-7e1acd67f98d" />
      <TestMethod codeBase="D:\actions-runner\_work\XPCO\XPCO\Corporate\CommonAPI\VideoOS.Management.VmoClient.UnitTests\bin\Debug\net472\VideoOS.Management.VmoClient.UnitTests.dll" adapterTypeName="executor://mstestadapter/v2" className="VideoOS.Management.VmoClient.UnitTests.RecordingStorageTest" name="RecordingStorage_Move_Storage_Failed_Not_Created" />
    </UnitTest>
    <UnitTest name="GetSiteConnectionResultTokenExchange_StoreContainsValidTokenCache_Success" storage="d:\actions-runner\_work\xpco\xpco\corporate\commonapi\videoos.management.vmoclient.unittests\bin\debug\net472\videoos.management.vmoclient.unittests.dll" id="75145f8e-0455-b248-30a8-e0ed6e4ecd17">
      <TestCategory>
        <TestCategoryItem TestCategory="Vmo Site Connection Tests" />
      </TestCategory>
      <Execution id="1dcd201d-a45f-4bb6-8fc5-95522687c5fe" />
      <TestMethod codeBase="D:\actions-runner\_work\XPCO\XPCO\Corporate\CommonAPI\VideoOS.Management.VmoClient.UnitTests\bin\Debug\net472\VideoOS.Management.VmoClient.UnitTests.dll" adapterTypeName="executor://mstestadapter/v2" className="VideoOS.Management.VmoClient.UnitTests.SiteConnectorOAuthTest" name="GetSiteConnectionResultTokenExchange_StoreContainsValidTokenCache_Success" />
    </UnitTest>
    <UnitTest name="MicrophoneDeviceGroup_Refresh_Success" storage="d:\actions-runner\_work\xpco\xpco\corporate\commonapi\videoos.management.vmoclient.unittests\bin\debug\net472\videoos.management.vmoclient.unittests.dll" id="de5b2105-bebe-9397-259c-8a948661ebc8">
      <Execution id="2be70cfc-82d1-4a22-9a58-7a41be23d812" />
      <TestMethod codeBase="D:\actions-runner\_work\XPCO\XPCO\Corporate\CommonAPI\VideoOS.Management.VmoClient.UnitTests\bin\Debug\net472\VideoOS.Management.VmoClient.UnitTests.dll" adapterTypeName="executor://mstestadapter/v2" className="VideoOS.Management.VmoClient.UnitTests.DeviceGroupTest" name="MicrophoneDeviceGroup_Refresh_Success" />
    </UnitTest>
    <UnitTest name="BasicUser_Change_Password_CheckVersionCalled" storage="d:\actions-runner\_work\xpco\xpco\corporate\commonapi\videoos.management.vmoclient.unittests\bin\debug\net472\videoos.management.vmoclient.unittests.dll" id="b4533e69-d8d9-25d6-b6dc-21f7ef2e7a21">
      <Execution id="b48a8b9d-23b1-4d22-852c-682650dee86e" />
      <TestMethod codeBase="D:\actions-runner\_work\XPCO\XPCO\Corporate\CommonAPI\VideoOS.Management.VmoClient.UnitTests\bin\Debug\net472\VideoOS.Management.VmoClient.UnitTests.dll" adapterTypeName="executor://mstestadapter/v2" className="VideoOS.Management.VmoClient.UnitTests.BasicUserTest" name="BasicUser_Change_Password_CheckVersionCalled" />
    </UnitTest>
    <UnitTest name="UserDefinedEvent_Constructor_DefaultValuesCorrect" storage="d:\actions-runner\_work\xpco\xpco\corporate\commonapi\videoos.management.vmoclient.unittests\bin\debug\net472\videoos.management.vmoclient.unittests.dll" id="cd2f5fd7-e901-e2bd-ca31-e39da680a9b6">
      <Execution id="50ebba73-b850-46b5-a4d4-dc39454af2c4" />
      <TestMethod codeBase="D:\actions-runner\_work\XPCO\XPCO\Corporate\CommonAPI\VideoOS.Management.VmoClient.UnitTests\bin\Debug\net472\VideoOS.Management.VmoClient.UnitTests.dll" adapterTypeName="executor://mstestadapter/v2" className="VideoOS.Management.VmoClient.UnitTests.UserDefinedEventTest" name="UserDefinedEvent_Constructor_DefaultValuesCorrect" />
    </UnitTest>
    <UnitTest name="SystemDashboardConfigurationuration_IsDirty_Success" storage="d:\actions-runner\_work\xpco\xpco\corporate\commonapi\videoos.management.vmoclient.unittests\bin\debug\net472\videoos.management.vmoclient.unittests.dll" id="551670e8-c4e5-0f0a-9154-0d710f6e9517">
      <Execution id="f4aa5b34-58f2-417d-b038-4f709f833f19" />
      <TestMethod codeBase="D:\actions-runner\_work\XPCO\XPCO\Corporate\CommonAPI\VideoOS.Management.VmoClient.UnitTests\bin\Debug\net472\VideoOS.Management.VmoClient.UnitTests.dll" adapterTypeName="executor://mstestadapter/v2" className="VideoOS.Management.VmoClient.UnitTests.SystemDashboardConfigTest" name="SystemDashboardConfigurationuration_IsDirty_Success" />
    </UnitTest>
    <UnitTest name="MicrophoneDevice_Repository_Registered" storage="d:\actions-runner\_work\xpco\xpco\corporate\commonapi\videoos.management.vmoclient.unittests\bin\debug\net472\videoos.management.vmoclient.unittests.dll" id="aec10309-d900-227d-602e-24d8260a96b8">
      <Execution id="4ec160e2-0dbd-4c34-ae62-0d87c7cbe86a" />
      <TestMethod codeBase="D:\actions-runner\_work\XPCO\XPCO\Corporate\CommonAPI\VideoOS.Management.VmoClient.UnitTests\bin\Debug\net472\VideoOS.Management.VmoClient.UnitTests.dll" adapterTypeName="executor://mstestadapter/v2" className="VideoOS.Management.VmoClient.UnitTests.MicrophoneDeviceTest" name="MicrophoneDevice_Repository_Registered" />
    </UnitTest>
    <UnitTest name="UserDefinedEvent_CreateWithId_CheckForVersion_7_0_and_throws" storage="d:\actions-runner\_work\xpco\xpco\corporate\commonapi\videoos.management.vmoclient.unittests\bin\debug\net472\videoos.management.vmoclient.unittests.dll" id="c76877d1-d4d5-fd49-62f3-8d22b1b0fc75">
      <Execution id="1d03aedc-b666-47b8-a5b4-e4f86d0c0dec" />
      <TestMethod codeBase="D:\actions-runner\_work\XPCO\XPCO\Corporate\CommonAPI\VideoOS.Management.VmoClient.UnitTests\bin\Debug\net472\VideoOS.Management.VmoClient.UnitTests.dll" adapterTypeName="executor://mstestadapter/v2" className="VideoOS.Management.VmoClient.UnitTests.UserDefinedEventTest" name="UserDefinedEvent_CreateWithId_CheckForVersion_7_0_and_throws" />
    </UnitTest>
    <UnitTest name="GetHighPriorityError_GivenUnauthorizedException_ReturnsUnauthorizedException" storage="d:\actions-runner\_work\xpco\xpco\corporate\commonapi\videoos.management.vmoclient.unittests\bin\debug\net472\videoos.management.vmoclient.unittests.dll" id="54c0c21f-ed1b-2af3-77f7-54ea00863b1c">
      <Execution id="d600b9ca-94ce-48d6-a392-ff54419b7759" />
      <TestMethod codeBase="D:\actions-runner\_work\XPCO\XPCO\Corporate\CommonAPI\VideoOS.Management.VmoClient.UnitTests\bin\Debug\net472\VideoOS.Management.VmoClient.UnitTests.dll" adapterTypeName="executor://mstestadapter/v2" className="VideoOS.Management.VmoClient.UnitTests.SiteConnectorExceptionHandlerTests" name="GetHighPriorityError_GivenUnauthorizedException_ReturnsUnauthorizedException" />
    </UnitTest>
    <UnitTest name="ServerConnection_Constructor_Null_UserName" storage="d:\actions-runner\_work\xpco\xpco\corporate\commonapi\videoos.management.vmoclient.unittests\bin\debug\net472\videoos.management.vmoclient.unittests.dll" id="be2f73ac-4a3f-8988-554f-912985cbd633">
      <TestCategory>
        <TestCategoryItem TestCategory="Vmo Site Connection Tests" />
      </TestCategory>
      <Execution id="224d9126-8d9e-4ee7-87de-33dac12415fa" />
      <TestMethod codeBase="D:\actions-runner\_work\XPCO\XPCO\Corporate\CommonAPI\VideoOS.Management.VmoClient.UnitTests\bin\Debug\net472\VideoOS.Management.VmoClient.UnitTests.dll" adapterTypeName="executor://mstestadapter/v2" className="VideoOS.Management.VmoClient.UnitTests.Connection.ServerConnectionTest" name="ServerConnection_Constructor_Null_UserName" />
    </UnitTest>
    <UnitTest name="VideoWallPreset_Create_Success" storage="d:\actions-runner\_work\xpco\xpco\corporate\commonapi\videoos.management.vmoclient.unittests\bin\debug\net472\videoos.management.vmoclient.unittests.dll" id="3fec8e3f-9699-85ec-6f9e-ca6647d23711">
      <Execution id="73f75a79-a752-4a7f-b74a-3f3534304a2d" />
      <TestMethod codeBase="D:\actions-runner\_work\XPCO\XPCO\Corporate\CommonAPI\VideoOS.Management.VmoClient.UnitTests\bin\Debug\net472\VideoOS.Management.VmoClient.UnitTests.dll" adapterTypeName="executor://mstestadapter/v2" className="VideoOS.Management.VmoClient.UnitTests.VideoWallPresetTest" name="VideoWallPreset_Create_Success" />
    </UnitTest>
    <UnitTest name="Grid_ClearRegion_Success" storage="d:\actions-runner\_work\xpco\xpco\corporate\commonapi\videoos.management.vmoclient.unittests\bin\debug\net472\videoos.management.vmoclient.unittests.dll" id="21d4548a-83b7-bb31-7152-3926e45192a1">
      <TestCategory>
        <TestCategoryItem TestCategory="Grid" />
      </TestCategory>
      <Execution id="91901233-0a3a-4654-a1a2-c20dc9cd1aa8" />
      <TestMethod codeBase="D:\actions-runner\_work\XPCO\XPCO\Corporate\CommonAPI\VideoOS.Management.VmoClient.UnitTests\bin\Debug\net472\VideoOS.Management.VmoClient.UnitTests.dll" adapterTypeName="executor://mstestadapter/v2" className="VideoOS.Management.VmoClient.UnitTests.GridTest" name="Grid_ClearRegion_Success" />
    </UnitTest>
    <UnitTest name="SystemDashboardConfigurationuration_Refresh_CheckVersionCalled" storage="d:\actions-runner\_work\xpco\xpco\corporate\commonapi\videoos.management.vmoclient.unittests\bin\debug\net472\videoos.management.vmoclient.unittests.dll" id="cc3404cc-2e23-f743-55fd-da836acdabab">
      <Execution id="e537e142-68dc-432e-b825-e8256a6fbfd2" />
      <TestMethod codeBase="D:\actions-runner\_work\XPCO\XPCO\Corporate\CommonAPI\VideoOS.Management.VmoClient.UnitTests\bin\Debug\net472\VideoOS.Management.VmoClient.UnitTests.dll" adapterTypeName="executor://mstestadapter/v2" className="VideoOS.Management.VmoClient.UnitTests.SystemDashboardConfigTest" name="SystemDashboardConfigurationuration_Refresh_CheckVersionCalled" />
    </UnitTest>
    <UnitTest name="ServerVersionConstructor_CompareToRight_Success" storage="d:\actions-runner\_work\xpco\xpco\corporate\commonapi\videoos.management.vmoclient.unittests\bin\debug\net472\videoos.management.vmoclient.unittests.dll" id="4acfaa27-13fd-6086-cc4f-f32451bf9a40">
      <TestCategory>
        <TestCategoryItem TestCategory="Server Version" />
      </TestCategory>
      <Execution id="1860b18a-25f4-4589-a39f-ce46bcc5ff9d" />
      <TestMethod codeBase="D:\actions-runner\_work\XPCO\XPCO\Corporate\CommonAPI\VideoOS.Management.VmoClient.UnitTests\bin\Debug\net472\VideoOS.Management.VmoClient.UnitTests.dll" adapterTypeName="executor://mstestadapter/v2" className="VideoOS.Management.VmoClient.Tests.ServerVersionTests" name="ServerVersionConstructor_CompareToRight_Success" />
    </UnitTest>
    <UnitTest name="VideoWallPreset_CreateWithId_CheckVersionNotCalled" storage="d:\actions-runner\_work\xpco\xpco\corporate\commonapi\videoos.management.vmoclient.unittests\bin\debug\net472\videoos.management.vmoclient.unittests.dll" id="652e0c69-c7de-792b-da2f-5cb63a833d3c">
      <Execution id="212a9772-c4aa-4d34-a605-ae5c84a0d86f" />
      <TestMethod codeBase="D:\actions-runner\_work\XPCO\XPCO\Corporate\CommonAPI\VideoOS.Management.VmoClient.UnitTests\bin\Debug\net472\VideoOS.Management.VmoClient.UnitTests.dll" adapterTypeName="executor://mstestadapter/v2" className="VideoOS.Management.VmoClient.UnitTests.VideoWallPresetTest" name="VideoWallPreset_CreateWithId_CheckVersionNotCalled" />
    </UnitTest>
    <UnitTest name="CalendarTimeProfile_Create_Success_Constructor" storage="d:\actions-runner\_work\xpco\xpco\corporate\commonapi\videoos.management.vmoclient.unittests\bin\debug\net472\videoos.management.vmoclient.unittests.dll" id="9a35ab4f-024c-c452-7677-7895f6a830fe">
      <Execution id="ce78338d-4071-4ed2-b906-839b7b95b613" />
      <TestMethod codeBase="D:\actions-runner\_work\XPCO\XPCO\Corporate\CommonAPI\VideoOS.Management.VmoClient.UnitTests\bin\Debug\net472\VideoOS.Management.VmoClient.UnitTests.dll" adapterTypeName="executor://mstestadapter/v2" className="VideoOS.Management.VmoClient.UnitTests.CalendarTimeProfileTest" name="CalendarTimeProfile_Create_Success_Constructor" />
    </UnitTest>
    <UnitTest name="ThrowExceptionIfProtocolIsNotAllowed_SecureProtocol_NonSecureAllowed_DoesNothing" storage="d:\actions-runner\_work\xpco\xpco\corporate\commonapi\videoos.management.vmoclient.unittests\bin\debug\net472\videoos.management.vmoclient.unittests.dll" id="8829447c-f146-4b1c-a29d-e03146092a4c">
      <Execution id="6d0aa67f-6594-4a76-9cbb-cbf73a90b815" />
      <TestMethod codeBase="D:\actions-runner\_work\XPCO\XPCO\Corporate\CommonAPI\VideoOS.Management.VmoClient.UnitTests\bin\Debug\net472\VideoOS.Management.VmoClient.UnitTests.dll" adapterTypeName="executor://mstestadapter/v2" className="VideoOS.Management.VmoClient.UnitTests.SiteConnectorTest" name="ThrowExceptionIfProtocolIsNotAllowed_SecureProtocol_NonSecureAllowed_DoesNothing" />
    </UnitTest>
    <UnitTest name="MIPObject_Constructor_DefaultValuesCorrect" storage="d:\actions-runner\_work\xpco\xpco\corporate\commonapi\videoos.management.vmoclient.unittests\bin\debug\net472\videoos.management.vmoclient.unittests.dll" id="62d8fab5-ff76-4fb1-de87-1f64f6a438e1">
      <Execution id="e493a17d-8acd-4431-b335-a02d67a438b0" />
      <TestMethod codeBase="D:\actions-runner\_work\XPCO\XPCO\Corporate\CommonAPI\VideoOS.Management.VmoClient.UnitTests\bin\Debug\net472\VideoOS.Management.VmoClient.UnitTests.dll" adapterTypeName="executor://mstestadapter/v2" className="VideoOS.Management.VmoClient.UnitTests.MIPObjectTest" name="MIPObject_Constructor_DefaultValuesCorrect" />
    </UnitTest>
    <UnitTest name="Role_Add_Member_Success" storage="d:\actions-runner\_work\xpco\xpco\corporate\commonapi\videoos.management.vmoclient.unittests\bin\debug\net472\videoos.management.vmoclient.unittests.dll" id="2229dfa1-ebc3-5755-43a4-0911c049e219">
      <Execution id="3958382d-783e-47db-a7ac-b81f5a6d021c" />
      <TestMethod codeBase="D:\actions-runner\_work\XPCO\XPCO\Corporate\CommonAPI\VideoOS.Management.VmoClient.UnitTests\bin\Debug\net472\VideoOS.Management.VmoClient.UnitTests.dll" adapterTypeName="executor://mstestadapter/v2" className="VideoOS.Management.VmoClient.UnitTests.RoleTest" name="Role_Add_Member_Success" />
    </UnitTest>
    <UnitTest name="ArchiveStorage_Get_Storage_Information_Success" storage="d:\actions-runner\_work\xpco\xpco\corporate\commonapi\videoos.management.vmoclient.unittests\bin\debug\net472\videoos.management.vmoclient.unittests.dll" id="875afcfd-e10d-a2e8-e510-4f03d448d8ad">
      <Execution id="1e0650df-7fe6-4081-a559-fa47e9f66bb7" />
      <TestMethod codeBase="D:\actions-runner\_work\XPCO\XPCO\Corporate\CommonAPI\VideoOS.Management.VmoClient.UnitTests\bin\Debug\net472\VideoOS.Management.VmoClient.UnitTests.dll" adapterTypeName="executor://mstestadapter/v2" className="VideoOS.Management.VmoClient.UnitTests.ArchiveStorageTest" name="ArchiveStorage_Get_Storage_Information_Success" />
    </UnitTest>
    <UnitTest name="BasicUser_Constructor_Username_Null_Check" storage="d:\actions-runner\_work\xpco\xpco\corporate\commonapi\videoos.management.vmoclient.unittests\bin\debug\net472\videoos.management.vmoclient.unittests.dll" id="3959849f-9671-d647-a5c5-47d877b5d47b">
      <Execution id="7805ea8e-8d90-4b13-8def-acdbfcb3099d" />
      <TestMethod codeBase="D:\actions-runner\_work\XPCO\XPCO\Corporate\CommonAPI\VideoOS.Management.VmoClient.UnitTests\bin\Debug\net472\VideoOS.Management.VmoClient.UnitTests.dll" adapterTypeName="executor://mstestadapter/v2" className="VideoOS.Management.VmoClient.UnitTests.BasicUserTest" name="BasicUser_Constructor_Username_Null_Check" />
    </UnitTest>
    <UnitTest name="TrustedIssuer_RefreshOnUnsupportedVersion_Throws" storage="d:\actions-runner\_work\xpco\xpco\corporate\commonapi\videoos.management.vmoclient.unittests\bin\debug\net472\videoos.management.vmoclient.unittests.dll" id="31d2aefd-e947-37df-b8f1-8e0d6dcc3845">
      <Execution id="40ba2803-a650-4b7e-a796-469fe27afb86" />
      <TestMethod codeBase="D:\actions-runner\_work\XPCO\XPCO\Corporate\CommonAPI\VideoOS.Management.VmoClient.UnitTests\bin\Debug\net472\VideoOS.Management.VmoClient.UnitTests.dll" adapterTypeName="executor://mstestadapter/v2" className="VideoOS.Management.VmoClient.UnitTests.TrustedIssuerTest" name="TrustedIssuer_RefreshOnUnsupportedVersion_Throws" />
    </UnitTest>
    <UnitTest name="GenericRepositoryTestConstructor" storage="d:\actions-runner\_work\xpco\xpco\corporate\commonapi\videoos.management.vmoclient.unittests\bin\debug\net472\videoos.management.vmoclient.unittests.dll" id="dee1b8cc-1096-72d2-755b-0a72b4d39e1a">
      <Execution id="c89126bd-0c4f-4de8-8e10-38247fa63cc8" />
      <TestMethod codeBase="D:\actions-runner\_work\XPCO\XPCO\Corporate\CommonAPI\VideoOS.Management.VmoClient.UnitTests\bin\Debug\net472\VideoOS.Management.VmoClient.UnitTests.dll" adapterTypeName="executor://mstestadapter/v2" className="VideoOS.Management.VmoClient.UnitTests.GenericRepositoryTest" name="GenericRepositoryTestConstructor" />
    </UnitTest>
    <UnitTest name="TryGetPropertyValue_Enum_ReturnsCorrectValue" storage="d:\actions-runner\_work\xpco\xpco\corporate\commonapi\videoos.management.vmoclient.unittests\bin\debug\net472\videoos.management.vmoclient.unittests.dll" id="54299e2e-2bdc-a7d3-8471-535442134787">
      <Execution id="d6df662a-a6c3-4bf6-8daa-4ecf24a68319" />
      <TestMethod codeBase="D:\actions-runner\_work\XPCO\XPCO\Corporate\CommonAPI\VideoOS.Management.VmoClient.UnitTests\bin\Debug\net472\VideoOS.Management.VmoClient.UnitTests.dll" adapterTypeName="executor://mstestadapter/v2" className="VideoOS.Management.VmoClient.UnitTests.Framework.VmoPropertyCollectionTest" name="TryGetPropertyValue_Enum_ReturnsCorrectValue" />
    </UnitTest>
    <UnitTest name="TestGenericRepositoryFunctionsCorrectlyHandlesNullCollections" storage="d:\actions-runner\_work\xpco\xpco\corporate\commonapi\videoos.management.vmoclient.unittests\bin\debug\net472\videoos.management.vmoclient.unittests.dll" id="d18b828b-83e0-f5de-35a3-f92ddfa81b52">
      <Execution id="d74caa4b-b363-4697-beb0-5e2f840456bd" />
      <TestMethod codeBase="D:\actions-runner\_work\XPCO\XPCO\Corporate\CommonAPI\VideoOS.Management.VmoClient.UnitTests\bin\Debug\net472\VideoOS.Management.VmoClient.UnitTests.dll" adapterTypeName="executor://mstestadapter/v2" className="VideoOS.Management.VmoClient.UnitTests.GenericRepositoryTest" name="TestGenericRepositoryFunctionsCorrectlyHandlesNullCollections" />
    </UnitTest>
    <UnitTest name="RetentionOptionRoleRelation_Refresh_Success" storage="d:\actions-runner\_work\xpco\xpco\corporate\commonapi\videoos.management.vmoclient.unittests\bin\debug\net472\videoos.management.vmoclient.unittests.dll" id="732503f7-8bcf-26ff-34de-71c5b627ff61">
      <Execution id="1b7b428b-6c70-4a37-bc95-ac3dbe22031d" />
      <TestMethod codeBase="D:\actions-runner\_work\XPCO\XPCO\Corporate\CommonAPI\VideoOS.Management.VmoClient.UnitTests\bin\Debug\net472\VideoOS.Management.VmoClient.UnitTests.dll" adapterTypeName="executor://mstestadapter/v2" className="VideoOS.Management.VmoClient.UnitTests.RetentionOptionRoleRelationTest" name="RetentionOptionRoleRelation_Refresh_Success" />
    </UnitTest>
    <UnitTest name="CalendarTimeProfile_Create_Failed_Constructor_Empty_CustomId" storage="d:\actions-runner\_work\xpco\xpco\corporate\commonapi\videoos.management.vmoclient.unittests\bin\debug\net472\videoos.management.vmoclient.unittests.dll" id="5d5cb737-2ea3-b37c-74d8-eefd4d68fec6">
      <Execution id="89b2f95f-cadf-42d1-85f4-bcedeec38c91" />
      <TestMethod codeBase="D:\actions-runner\_work\XPCO\XPCO\Corporate\CommonAPI\VideoOS.Management.VmoClient.UnitTests\bin\Debug\net472\VideoOS.Management.VmoClient.UnitTests.dll" adapterTypeName="executor://mstestadapter/v2" className="VideoOS.Management.VmoClient.UnitTests.CalendarTimeProfileTest" name="CalendarTimeProfile_Create_Failed_Constructor_Empty_CustomId" />
    </UnitTest>
    <UnitTest name="Grid_FillAll_Success" storage="d:\actions-runner\_work\xpco\xpco\corporate\commonapi\videoos.management.vmoclient.unittests\bin\debug\net472\videoos.management.vmoclient.unittests.dll" id="b910e38f-69a8-b424-3d33-d20131ab1948">
      <TestCategory>
        <TestCategoryItem TestCategory="Grid" />
      </TestCategory>
      <Execution id="5bc5a44d-c414-465b-b650-287126339b49" />
      <TestMethod codeBase="D:\actions-runner\_work\XPCO\XPCO\Corporate\CommonAPI\VideoOS.Management.VmoClient.UnitTests\bin\Debug\net472\VideoOS.Management.VmoClient.UnitTests.dll" adapterTypeName="executor://mstestadapter/v2" className="VideoOS.Management.VmoClient.UnitTests.GridTest" name="Grid_FillAll_Success" />
    </UnitTest>
    <UnitTest name="CameraDevice_Refresh_Success" storage="d:\actions-runner\_work\xpco\xpco\corporate\commonapi\videoos.management.vmoclient.unittests\bin\debug\net472\videoos.management.vmoclient.unittests.dll" id="34084c98-44ea-3f8b-2d78-c59969fd8398">
      <Execution id="7f69e0a3-ccdd-47ed-84a8-afa8dd060582" />
      <TestMethod codeBase="D:\actions-runner\_work\XPCO\XPCO\Corporate\CommonAPI\VideoOS.Management.VmoClient.UnitTests\bin\Debug\net472\VideoOS.Management.VmoClient.UnitTests.dll" adapterTypeName="executor://mstestadapter/v2" className="VideoOS.Management.VmoClient.UnitTests.CameraDeviceTest" name="CameraDevice_Refresh_Success" />
    </UnitTest>
    <UnitTest name="Create_GivenAddressAndCredentials_ShouldSuccess" storage="d:\actions-runner\_work\xpco\xpco\corporate\commonapi\videoos.management.vmoclient.unittests\bin\debug\net472\videoos.management.vmoclient.unittests.dll" id="b7b8e73e-c0c7-02a5-30ae-4effac23b9d0">
      <Execution id="c6f4ec28-205e-4458-9a6f-dd45e278de34" />
      <TestMethod codeBase="D:\actions-runner\_work\XPCO\XPCO\Corporate\CommonAPI\VideoOS.Management.VmoClient.UnitTests\bin\Debug\net472\VideoOS.Management.VmoClient.UnitTests.dll" adapterTypeName="executor://mstestadapter/v2" className="VideoOS.Management.VmoClient.UnitTests.ServerConnectionFactoryTests" name="Create_GivenAddressAndCredentials_ShouldSuccess" />
    </UnitTest>
    <UnitTest name="GetIdpInfo_GivenErrorResponseFromIdpServerValidation_ShouldThrow" storage="d:\actions-runner\_work\xpco\xpco\corporate\commonapi\videoos.management.vmoclient.unittests\bin\debug\net472\videoos.management.vmoclient.unittests.dll" id="3a056f9a-ce33-e199-b4c8-cb178b5331e7">
      <Execution id="70f5698b-1b48-489b-b36e-b3a0a0fcbd59" />
      <TestMethod codeBase="D:\actions-runner\_work\XPCO\XPCO\Corporate\CommonAPI\VideoOS.Management.VmoClient.UnitTests\bin\Debug\net472\VideoOS.Management.VmoClient.UnitTests.dll" adapterTypeName="executor://mstestadapter/v2" className="VideoOS.Management.VmoClient.UnitTests.SiteIdpConnectorTests" name="GetIdpInfo_GivenErrorResponseFromIdpServerValidation_ShouldThrow" />
    </UnitTest>
    <UnitTest name="FailoverServer_GetHardwareDrivers_Before_v70_NotSupported" storage="d:\actions-runner\_work\xpco\xpco\corporate\commonapi\videoos.management.vmoclient.unittests\bin\debug\net472\videoos.management.vmoclient.unittests.dll" id="9ec86789-853d-b24c-4277-85751b82010a">
      <Execution id="8a0b5737-7e83-48e1-8488-0c95f584a949" />
      <TestMethod codeBase="D:\actions-runner\_work\XPCO\XPCO\Corporate\CommonAPI\VideoOS.Management.VmoClient.UnitTests\bin\Debug\net472\VideoOS.Management.VmoClient.UnitTests.dll" adapterTypeName="executor://mstestadapter/v2" className="VideoOS.Management.VmoClient.UnitTests.FailoverServerTest" name="FailoverServer_GetHardwareDrivers_Before_v70_NotSupported" />
    </UnitTest>
    <UnitTest name="CalendarTimeProfile_Update_Success" storage="d:\actions-runner\_work\xpco\xpco\corporate\commonapi\videoos.management.vmoclient.unittests\bin\debug\net472\videoos.management.vmoclient.unittests.dll" id="bcc7d418-2829-7a12-ef40-28fb4ce007aa">
      <Execution id="9e622b5e-6557-4db8-86af-25144f81b01c" />
      <TestMethod codeBase="D:\actions-runner\_work\XPCO\XPCO\Corporate\CommonAPI\VideoOS.Management.VmoClient.UnitTests\bin\Debug\net472\VideoOS.Management.VmoClient.UnitTests.dll" adapterTypeName="executor://mstestadapter/v2" className="VideoOS.Management.VmoClient.UnitTests.CalendarTimeProfileTest" name="CalendarTimeProfile_Update_Success" />
    </UnitTest>
    <UnitTest name="Recorder_Refresh_Success" storage="d:\actions-runner\_work\xpco\xpco\corporate\commonapi\videoos.management.vmoclient.unittests\bin\debug\net472\videoos.management.vmoclient.unittests.dll" id="c2241e49-2a49-a88a-fedb-dfc1e2f71515">
      <Execution id="e7d15c30-4147-4dda-9538-d9a421e585b0" />
      <TestMethod codeBase="D:\actions-runner\_work\XPCO\XPCO\Corporate\CommonAPI\VideoOS.Management.VmoClient.UnitTests\bin\Debug\net472\VideoOS.Management.VmoClient.UnitTests.dll" adapterTypeName="executor://mstestadapter/v2" className="VideoOS.Management.VmoClient.UnitTests.RecordingServerTest" name="Recorder_Refresh_Success" />
    </UnitTest>
    <UnitTest name="GetSiteConnectionResultTokenExchange_AllHttpAddressesAndNotAllowHttp_Fail" storage="d:\actions-runner\_work\xpco\xpco\corporate\commonapi\videoos.management.vmoclient.unittests\bin\debug\net472\videoos.management.vmoclient.unittests.dll" id="17a67cf2-951a-4ded-a6f8-60f2333f5a18">
      <TestCategory>
        <TestCategoryItem TestCategory="Vmo Site Connection Tests" />
      </TestCategory>
      <Execution id="03fd1d2a-6499-41e9-91ce-a500736e962c" />
      <TestMethod codeBase="D:\actions-runner\_work\XPCO\XPCO\Corporate\CommonAPI\VideoOS.Management.VmoClient.UnitTests\bin\Debug\net472\VideoOS.Management.VmoClient.UnitTests.dll" adapterTypeName="executor://mstestadapter/v2" className="VideoOS.Management.VmoClient.UnitTests.SiteConnectorOAuthTest" name="GetSiteConnectionResultTokenExchange_AllHttpAddressesAndNotAllowHttp_Fail" />
    </UnitTest>
    <UnitTest name="RecordingStorage_EnableEncryption_Failed_Wrong_Method_Unknown" storage="d:\actions-runner\_work\xpco\xpco\corporate\commonapi\videoos.management.vmoclient.unittests\bin\debug\net472\videoos.management.vmoclient.unittests.dll" id="b2c883f9-e50a-9024-4ba0-581b622c8824">
      <Execution id="098244c4-4dfe-4ee0-a8c1-047aa6468b58" />
      <TestMethod codeBase="D:\actions-runner\_work\XPCO\XPCO\Corporate\CommonAPI\VideoOS.Management.VmoClient.UnitTests\bin\Debug\net472\VideoOS.Management.VmoClient.UnitTests.dll" adapterTypeName="executor://mstestadapter/v2" className="VideoOS.Management.VmoClient.UnitTests.RecordingStorageTest" name="RecordingStorage_EnableEncryption_Failed_Wrong_Method_Unknown" />
    </UnitTest>
    <UnitTest name="ChildSite_SetMarkInconsistent_NotCreated_InvalidOperationException" storage="d:\actions-runner\_work\xpco\xpco\corporate\commonapi\videoos.management.vmoclient.unittests\bin\debug\net472\videoos.management.vmoclient.unittests.dll" id="1830429d-a50e-f24b-1de0-c7821602f1c8">
      <Execution id="0182b53f-0ee5-4a5d-9f2c-0a748a3f4d47" />
      <TestMethod codeBase="D:\actions-runner\_work\XPCO\XPCO\Corporate\CommonAPI\VideoOS.Management.VmoClient.UnitTests\bin\Debug\net472\VideoOS.Management.VmoClient.UnitTests.dll" adapterTypeName="executor://mstestadapter/v2" className="VideoOS.Management.VmoClient.UnitTests.ChildSiteTest" name="ChildSite_SetMarkInconsistent_NotCreated_InvalidOperationException" />
    </UnitTest>
    <UnitTest name="ExceptionConverter_GetConnectionConvertedException_FaultException" storage="d:\actions-runner\_work\xpco\xpco\corporate\commonapi\videoos.management.vmoclient.unittests\bin\debug\net472\videoos.management.vmoclient.unittests.dll" id="24ad50bb-6e27-832d-0a0f-be7509b4fa1b">
      <Execution id="63877a1b-1346-4e6f-8c7a-3b7e932a8feb" />
      <TestMethod codeBase="D:\actions-runner\_work\XPCO\XPCO\Corporate\CommonAPI\VideoOS.Management.VmoClient.UnitTests\bin\Debug\net472\VideoOS.Management.VmoClient.UnitTests.dll" adapterTypeName="executor://mstestadapter/v2" className="VideoOS.Management.VmoClient.UnitTests.Utils.ExceptionConverterTest" name="ExceptionConverter_GetConnectionConvertedException_FaultException" />
    </UnitTest>
    <UnitTest name="MarkedData_Update_Failed_Deleted" storage="d:\actions-runner\_work\xpco\xpco\corporate\commonapi\videoos.management.vmoclient.unittests\bin\debug\net472\videoos.management.vmoclient.unittests.dll" id="9b9df5c4-ac1f-687a-8743-530e222364a1">
      <Execution id="db12cc9e-39bc-4246-9010-46c13245fca8" />
      <TestMethod codeBase="D:\actions-runner\_work\XPCO\XPCO\Corporate\CommonAPI\VideoOS.Management.VmoClient.UnitTests\bin\Debug\net472\VideoOS.Management.VmoClient.UnitTests.dll" adapterTypeName="executor://mstestadapter/v2" className="VideoOS.Management.VmoClient.UnitTests.MarkedDataTest" name="MarkedData_Update_Failed_Deleted" />
    </UnitTest>
    <UnitTest name="PatrollingProfile_Load_Numbered_Schema_Test" storage="d:\actions-runner\_work\xpco\xpco\corporate\commonapi\videoos.management.vmoclient.unittests\bin\debug\net472\videoos.management.vmoclient.unittests.dll" id="780f1c78-3334-7d95-b52a-8b53ce1e56a1">
      <TestCategory>
        <TestCategoryItem TestCategory="Patrolling Profile" />
      </TestCategory>
      <Execution id="4a685fd9-361b-4860-b163-3b02902918f6" />
      <TestMethod codeBase="D:\actions-runner\_work\XPCO\XPCO\Corporate\CommonAPI\VideoOS.Management.VmoClient.UnitTests\bin\Debug\net472\VideoOS.Management.VmoClient.UnitTests.dll" adapterTypeName="executor://mstestadapter/v2" className="VideoOS.Management.VmoClient.UnitTests.PatrollingProfileTest" name="PatrollingProfile_Load_Numbered_Schema_Test" />
    </UnitTest>
    <UnitTest name="ManagementServer_AttachMasterSite_Called" storage="d:\actions-runner\_work\xpco\xpco\corporate\commonapi\videoos.management.vmoclient.unittests\bin\debug\net472\videoos.management.vmoclient.unittests.dll" id="ab8f770d-13cc-175d-1811-f6d3fd48a4fc">
      <Execution id="dc0a83ca-abbb-4f29-bbe5-8fc748aeef32" />
      <TestMethod codeBase="D:\actions-runner\_work\XPCO\XPCO\Corporate\CommonAPI\VideoOS.Management.VmoClient.UnitTests\bin\Debug\net472\VideoOS.Management.VmoClient.UnitTests.dll" adapterTypeName="executor://mstestadapter/v2" className="VideoOS.Management.VmoClient.UnitTests.ManagementServerTest" name="ManagementServer_AttachMasterSite_Called" />
    </UnitTest>
    <UnitTest name="ThrowExceptionIfProtocolIsNotAllowed_NonSecureProtocol_NonSecureAllowed_DoesNothing" storage="d:\actions-runner\_work\xpco\xpco\corporate\commonapi\videoos.management.vmoclient.unittests\bin\debug\net472\videoos.management.vmoclient.unittests.dll" id="8a800ddd-8838-3308-4cf6-d393b15715b7">
      <Execution id="4c7cf2ba-b8c2-41d0-8be2-f9419402b50d" />
      <TestMethod codeBase="D:\actions-runner\_work\XPCO\XPCO\Corporate\CommonAPI\VideoOS.Management.VmoClient.UnitTests\bin\Debug\net472\VideoOS.Management.VmoClient.UnitTests.dll" adapterTypeName="executor://mstestadapter/v2" className="VideoOS.Management.VmoClient.UnitTests.SiteConnectorTest" name="ThrowExceptionIfProtocolIsNotAllowed_NonSecureProtocol_NonSecureAllowed_DoesNothing" />
    </UnitTest>
    <UnitTest name="Hardware_ChangePassword_NotCreated_Throws" storage="d:\actions-runner\_work\xpco\xpco\corporate\commonapi\videoos.management.vmoclient.unittests\bin\debug\net472\videoos.management.vmoclient.unittests.dll" id="6d227c01-5ef3-195c-1f2c-d26a9beb98a5">
      <Execution id="bb0bdeb9-289a-4e0b-9f5a-417d54afd8c5" />
      <TestMethod codeBase="D:\actions-runner\_work\XPCO\XPCO\Corporate\CommonAPI\VideoOS.Management.VmoClient.UnitTests\bin\Debug\net472\VideoOS.Management.VmoClient.UnitTests.dll" adapterTypeName="executor://mstestadapter/v2" className="VideoOS.Management.VmoClient.UnitTests.HardwareTest" name="Hardware_ChangePassword_NotCreated_Throws" />
    </UnitTest>
    <UnitTest name="Grid_Constructor_Empty_Grid" storage="d:\actions-runner\_work\xpco\xpco\corporate\commonapi\videoos.management.vmoclient.unittests\bin\debug\net472\videoos.management.vmoclient.unittests.dll" id="f8fd1a06-1ab8-77ad-0b71-ac8f592c9bca">
      <TestCategory>
        <TestCategoryItem TestCategory="Grid" />
      </TestCategory>
      <Execution id="ae4aa20d-1b3e-4e12-b2cc-d4ec9c5df25f" />
      <TestMethod codeBase="D:\actions-runner\_work\XPCO\XPCO\Corporate\CommonAPI\VideoOS.Management.VmoClient.UnitTests\bin\Debug\net472\VideoOS.Management.VmoClient.UnitTests.dll" adapterTypeName="executor://mstestadapter/v2" className="VideoOS.Management.VmoClient.UnitTests.GridTest" name="Grid_Constructor_Empty_Grid" />
    </UnitTest>
    <UnitTest name="TryGetPropertyValue_Guid_NonEmptyString_ReturnsGuid" storage="d:\actions-runner\_work\xpco\xpco\corporate\commonapi\videoos.management.vmoclient.unittests\bin\debug\net472\videoos.management.vmoclient.unittests.dll" id="27419a8a-3663-5bd2-0ace-4a8da03cddaf">
      <Execution id="e4ace930-3733-4b36-a1da-e8551a2df938" />
      <TestMethod codeBase="D:\actions-runner\_work\XPCO\XPCO\Corporate\CommonAPI\VideoOS.Management.VmoClient.UnitTests\bin\Debug\net472\VideoOS.Management.VmoClient.UnitTests.dll" adapterTypeName="executor://mstestadapter/v2" className="VideoOS.Management.VmoClient.UnitTests.Framework.VmoPropertyCollectionTest" name="TryGetPropertyValue_Guid_NonEmptyString_ReturnsGuid" />
    </UnitTest>
    <UnitTest name="UserDefinedEvent_Repository_Registered" storage="d:\actions-runner\_work\xpco\xpco\corporate\commonapi\videoos.management.vmoclient.unittests\bin\debug\net472\videoos.management.vmoclient.unittests.dll" id="5acbb9da-93ae-c12d-c335-8bbbd2b53611">
      <Execution id="509ff1ab-4796-4b7d-98fd-2afc2937bb02" />
      <TestMethod codeBase="D:\actions-runner\_work\XPCO\XPCO\Corporate\CommonAPI\VideoOS.Management.VmoClient.UnitTests\bin\Debug\net472\VideoOS.Management.VmoClient.UnitTests.dll" adapterTypeName="executor://mstestadapter/v2" className="VideoOS.Management.VmoClient.UnitTests.UserDefinedEventTest" name="UserDefinedEvent_Repository_Registered" />
    </UnitTest>
    <UnitTest name="GetHighPriorityError_GivenUnsecureConnectionNotAllowedException_ReturnsUnsecureConnectionNotAllowedException" storage="d:\actions-runner\_work\xpco\xpco\corporate\commonapi\videoos.management.vmoclient.unittests\bin\debug\net472\videoos.management.vmoclient.unittests.dll" id="2df11082-086c-4938-fcb5-70372619bdc8">
      <Execution id="29e311a1-4c24-4a2e-ba88-f15798922357" />
      <TestMethod codeBase="D:\actions-runner\_work\XPCO\XPCO\Corporate\CommonAPI\VideoOS.Management.VmoClient.UnitTests\bin\Debug\net472\VideoOS.Management.VmoClient.UnitTests.dll" adapterTypeName="executor://mstestadapter/v2" className="VideoOS.Management.VmoClient.UnitTests.SiteConnectorExceptionHandlerTests" name="GetHighPriorityError_GivenUnsecureConnectionNotAllowedException_ReturnsUnsecureConnectionNotAllowedException" />
    </UnitTest>
    <UnitTest name="MIPEvent_Delete_Success" storage="d:\actions-runner\_work\xpco\xpco\corporate\commonapi\videoos.management.vmoclient.unittests\bin\debug\net472\videoos.management.vmoclient.unittests.dll" id="a6de70da-8b03-e5d6-e50f-ff3c496e3221">
      <Execution id="11983800-11a2-4d4b-ad9b-e7b7a4e8417d" />
      <TestMethod codeBase="D:\actions-runner\_work\XPCO\XPCO\Corporate\CommonAPI\VideoOS.Management.VmoClient.UnitTests\bin\Debug\net472\VideoOS.Management.VmoClient.UnitTests.dll" adapterTypeName="executor://mstestadapter/v2" className="VideoOS.Management.VmoClient.UnitTests.MIPEventTest" name="MIPEvent_Delete_Success" />
    </UnitTest>
    <UnitTest name="RuleSource_IsDirty_Success" storage="d:\actions-runner\_work\xpco\xpco\corporate\commonapi\videoos.management.vmoclient.unittests\bin\debug\net472\videoos.management.vmoclient.unittests.dll" id="323c1e95-295f-2abd-382b-8461123241f1">
      <Execution id="cfd10ea1-452e-4207-a0dc-a8676d1a2ef4" />
      <TestMethod codeBase="D:\actions-runner\_work\XPCO\XPCO\Corporate\CommonAPI\VideoOS.Management.VmoClient.UnitTests\bin\Debug\net472\VideoOS.Management.VmoClient.UnitTests.dll" adapterTypeName="executor://mstestadapter/v2" className="VideoOS.Management.VmoClient.UnitTests.RuleSourceTest" name="RuleSource_IsDirty_Success" />
    </UnitTest>
    <UnitTest name="UserDefinedEvent_Trigger_Success" storage="d:\actions-runner\_work\xpco\xpco\corporate\commonapi\videoos.management.vmoclient.unittests\bin\debug\net472\videoos.management.vmoclient.unittests.dll" id="fe3da681-5f9a-8b89-e373-7218102e7415">
      <Execution id="89ddbf52-9842-495d-babc-8368b725a929" />
      <TestMethod codeBase="D:\actions-runner\_work\XPCO\XPCO\Corporate\CommonAPI\VideoOS.Management.VmoClient.UnitTests\bin\Debug\net472\VideoOS.Management.VmoClient.UnitTests.dll" adapterTypeName="executor://mstestadapter/v2" className="VideoOS.Management.VmoClient.UnitTests.UserDefinedEventTest" name="UserDefinedEvent_Trigger_Success" />
    </UnitTest>
    <UnitTest name="MIPEvent_Update_Success" storage="d:\actions-runner\_work\xpco\xpco\corporate\commonapi\videoos.management.vmoclient.unittests\bin\debug\net472\videoos.management.vmoclient.unittests.dll" id="42ad3664-86e7-20f3-acc9-bcaa9b7564d1">
      <Execution id="313f5f6e-a518-4ac4-a93b-bcab3f36fabe" />
      <TestMethod codeBase="D:\actions-runner\_work\XPCO\XPCO\Corporate\CommonAPI\VideoOS.Management.VmoClient.UnitTests\bin\Debug\net472\VideoOS.Management.VmoClient.UnitTests.dll" adapterTypeName="executor://mstestadapter/v2" className="VideoOS.Management.VmoClient.UnitTests.MIPEventTest" name="MIPEvent_Update_Success" />
    </UnitTest>
    <UnitTest name="Constructor_NullIdpCientTokenSettings_Throws" storage="d:\actions-runner\_work\xpco\xpco\corporate\commonapi\videoos.management.vmoclient.unittests\bin\debug\net472\videoos.management.vmoclient.unittests.dll" id="ee1a676b-cacd-4065-d8c6-a676503afcba">
      <TestCategory>
        <TestCategoryItem TestCategory="Vmo Site Connection Tests" />
      </TestCategory>
      <Execution id="99466839-6cfc-4c6a-8224-2c169700f15d" />
      <TestMethod codeBase="D:\actions-runner\_work\XPCO\XPCO\Corporate\CommonAPI\VideoOS.Management.VmoClient.UnitTests\bin\Debug\net472\VideoOS.Management.VmoClient.UnitTests.dll" adapterTypeName="executor://mstestadapter/v2" className="VideoOS.Management.VmoClient.UnitTests.SiteConnectorOAuthTest" name="Constructor_NullIdpCientTokenSettings_Throws" />
    </UnitTest>
    <UnitTest name="RetentionOptionRoleRelation_Delete_Success" storage="d:\actions-runner\_work\xpco\xpco\corporate\commonapi\videoos.management.vmoclient.unittests\bin\debug\net472\videoos.management.vmoclient.unittests.dll" id="68e731de-5d12-96a6-4b0f-1c9f167f33b3">
      <Execution id="34d998f9-d37d-4cc1-96f2-ff3d57c83d4a" />
      <TestMethod codeBase="D:\actions-runner\_work\XPCO\XPCO\Corporate\CommonAPI\VideoOS.Management.VmoClient.UnitTests\bin\Debug\net472\VideoOS.Management.VmoClient.UnitTests.dll" adapterTypeName="executor://mstestadapter/v2" className="VideoOS.Management.VmoClient.UnitTests.RetentionOptionRoleRelationTest" name="RetentionOptionRoleRelation_Delete_Success" />
    </UnitTest>
    <UnitTest name="FailoverServer_Create_Success" storage="d:\actions-runner\_work\xpco\xpco\corporate\commonapi\videoos.management.vmoclient.unittests\bin\debug\net472\videoos.management.vmoclient.unittests.dll" id="477e32b3-1599-d40a-d8bc-a1ca5fcfbec3">
      <Execution id="6441be98-b13d-4401-9a01-98fe4862e14b" />
      <TestMethod codeBase="D:\actions-runner\_work\XPCO\XPCO\Corporate\CommonAPI\VideoOS.Management.VmoClient.UnitTests\bin\Debug\net472\VideoOS.Management.VmoClient.UnitTests.dll" adapterTypeName="executor://mstestadapter/v2" className="VideoOS.Management.VmoClient.UnitTests.FailoverServerTest" name="FailoverServer_Create_Success" />
    </UnitTest>
    <UnitTest name="BasicUser_Repository_Registered" storage="d:\actions-runner\_work\xpco\xpco\corporate\commonapi\videoos.management.vmoclient.unittests\bin\debug\net472\videoos.management.vmoclient.unittests.dll" id="32d7e112-5303-3e82-5d1d-df2f1030e0c6">
      <Execution id="1ca60bc6-3c6d-45ab-8423-8defeaef505e" />
      <TestMethod codeBase="D:\actions-runner\_work\XPCO\XPCO\Corporate\CommonAPI\VideoOS.Management.VmoClient.UnitTests\bin\Debug\net472\VideoOS.Management.VmoClient.UnitTests.dll" adapterTypeName="executor://mstestadapter/v2" className="VideoOS.Management.VmoClient.UnitTests.BasicUserTest" name="BasicUser_Repository_Registered" />
    </UnitTest>
    <UnitTest name="TaskDeleteRecordingStorage_Refresh_Success" storage="d:\actions-runner\_work\xpco\xpco\corporate\commonapi\videoos.management.vmoclient.unittests\bin\debug\net472\videoos.management.vmoclient.unittests.dll" id="2ab3c9d9-d100-821a-7e89-307c50783177">
      <Execution id="f309b5ad-6e00-4d6c-a471-2a9837993310" />
      <TestMethod codeBase="D:\actions-runner\_work\XPCO\XPCO\Corporate\CommonAPI\VideoOS.Management.VmoClient.UnitTests\bin\Debug\net472\VideoOS.Management.VmoClient.UnitTests.dll" adapterTypeName="executor://mstestadapter/v2" className="VideoOS.Management.VmoClient.UnitTests.TaskDeleteRecordingStorageTest" name="TaskDeleteRecordingStorage_Refresh_Success" />
    </UnitTest>
    <UnitTest name="Monitor_Create_Success" storage="d:\actions-runner\_work\xpco\xpco\corporate\commonapi\videoos.management.vmoclient.unittests\bin\debug\net472\videoos.management.vmoclient.unittests.dll" id="59de5694-4dc9-6ebd-759a-ba187ea8ed25">
      <Execution id="40f38b0c-80b0-450a-937b-87237a657831" />
      <TestMethod codeBase="D:\actions-runner\_work\XPCO\XPCO\Corporate\CommonAPI\VideoOS.Management.VmoClient.UnitTests\bin\Debug\net472\VideoOS.Management.VmoClient.UnitTests.dll" adapterTypeName="executor://mstestadapter/v2" className="VideoOS.Management.VmoClient.UnitTests.MonitorTest" name="Monitor_Create_Success" />
    </UnitTest>
    <UnitTest name="PublicViewGroup_Refresh_Success" storage="d:\actions-runner\_work\xpco\xpco\corporate\commonapi\videoos.management.vmoclient.unittests\bin\debug\net472\videoos.management.vmoclient.unittests.dll" id="69d6bb0f-c78f-6cd9-826a-48efd0d9f637">
      <Execution id="8cf95ba6-0bf1-4cfb-b698-750522c15a2d" />
      <TestMethod codeBase="D:\actions-runner\_work\XPCO\XPCO\Corporate\CommonAPI\VideoOS.Management.VmoClient.UnitTests\bin\Debug\net472\VideoOS.Management.VmoClient.UnitTests.dll" adapterTypeName="executor://mstestadapter/v2" className="VideoOS.Management.VmoClient.UnitTests.PublicViewGroupTest" name="PublicViewGroup_Refresh_Success" />
    </UnitTest>
    <UnitTest name="MIPEvent_Refresh_Success" storage="d:\actions-runner\_work\xpco\xpco\corporate\commonapi\videoos.management.vmoclient.unittests\bin\debug\net472\videoos.management.vmoclient.unittests.dll" id="3d7bf430-8953-e8e1-3a2f-1fe15bae42a4">
      <Execution id="a65107a4-171b-4734-b62e-e57d21bd3e1c" />
      <TestMethod codeBase="D:\actions-runner\_work\XPCO\XPCO\Corporate\CommonAPI\VideoOS.Management.VmoClient.UnitTests\bin\Debug\net472\VideoOS.Management.VmoClient.UnitTests.dll" adapterTypeName="executor://mstestadapter/v2" className="VideoOS.Management.VmoClient.UnitTests.MIPEventTest" name="MIPEvent_Refresh_Success" />
    </UnitTest>
    <UnitTest name="ChildSite_Refresh_NotCreated_InvalidOperationException" storage="d:\actions-runner\_work\xpco\xpco\corporate\commonapi\videoos.management.vmoclient.unittests\bin\debug\net472\videoos.management.vmoclient.unittests.dll" id="1b1ce6e1-41fe-6737-86b4-4413fa96b0b5">
      <Execution id="00940333-55a8-4382-81cc-bc477806ce60" />
      <TestMethod codeBase="D:\actions-runner\_work\XPCO\XPCO\Corporate\CommonAPI\VideoOS.Management.VmoClient.UnitTests\bin\Debug\net472\VideoOS.Management.VmoClient.UnitTests.dll" adapterTypeName="executor://mstestadapter/v2" className="VideoOS.Management.VmoClient.UnitTests.ChildSiteTest" name="ChildSite_Refresh_NotCreated_InvalidOperationException" />
    </UnitTest>
    <UnitTest name="BasicUser_Create_Success" storage="d:\actions-runner\_work\xpco\xpco\corporate\commonapi\videoos.management.vmoclient.unittests\bin\debug\net472\videoos.management.vmoclient.unittests.dll" id="4b1c9fd5-c55e-1ac7-c247-da8b5bc22cfd">
      <Execution id="c0019889-7800-4f09-a0bb-9ef4901abcd3" />
      <TestMethod codeBase="D:\actions-runner\_work\XPCO\XPCO\Corporate\CommonAPI\VideoOS.Management.VmoClient.UnitTests\bin\Debug\net472\VideoOS.Management.VmoClient.UnitTests.dll" adapterTypeName="executor://mstestadapter/v2" className="VideoOS.Management.VmoClient.UnitTests.BasicUserTest" name="BasicUser_Create_Success" />
    </UnitTest>
    <UnitTest name="Monitor_Create_CheckVersionNotCalled" storage="d:\actions-runner\_work\xpco\xpco\corporate\commonapi\videoos.management.vmoclient.unittests\bin\debug\net472\videoos.management.vmoclient.unittests.dll" id="8c919fb2-e426-f681-7eea-a918e962357f">
      <Execution id="03f5656d-514f-42f6-b111-e96510145604" />
      <TestMethod codeBase="D:\actions-runner\_work\XPCO\XPCO\Corporate\CommonAPI\VideoOS.Management.VmoClient.UnitTests\bin\Debug\net472\VideoOS.Management.VmoClient.UnitTests.dll" adapterTypeName="executor://mstestadapter/v2" className="VideoOS.Management.VmoClient.UnitTests.MonitorTest" name="Monitor_Create_CheckVersionNotCalled" />
    </UnitTest>
    <UnitTest name="Count_UnderHeavyLoad_ShouldSuccess" storage="d:\actions-runner\_work\xpco\xpco\corporate\commonapi\videoos.management.vmoclient.unittests\bin\debug\net472\videoos.management.vmoclient.unittests.dll" id="8206c280-0d3d-737c-88c6-fad1fd582b8e">
      <Execution id="a53bce2c-ea43-49b6-a5aa-ab3b0c89ad13" />
      <TestMethod codeBase="D:\actions-runner\_work\XPCO\XPCO\Corporate\CommonAPI\VideoOS.Management.VmoClient.UnitTests\bin\Debug\net472\VideoOS.Management.VmoClient.UnitTests.dll" adapterTypeName="executor://mstestadapter/v2" className="VideoOS.Management.VmoClient.UnitTests.SiteTokenCacheStoreTests" name="Count_UnderHeavyLoad_ShouldSuccess" />
    </UnitTest>
    <UnitTest name="TryGetPropertyValue_NullableType_ReturnsCorrectValue" storage="d:\actions-runner\_work\xpco\xpco\corporate\commonapi\videoos.management.vmoclient.unittests\bin\debug\net472\videoos.management.vmoclient.unittests.dll" id="ca92dbbf-1df1-63ef-7a70-b0debe369e3e">
      <Execution id="e9956f15-ac16-466e-81c4-eb32b6d16107" />
      <TestMethod codeBase="D:\actions-runner\_work\XPCO\XPCO\Corporate\CommonAPI\VideoOS.Management.VmoClient.UnitTests\bin\Debug\net472\VideoOS.Management.VmoClient.UnitTests.dll" adapterTypeName="executor://mstestadapter/v2" className="VideoOS.Management.VmoClient.UnitTests.Framework.VmoPropertyCollectionTest" name="TryGetPropertyValue_NullableType_ReturnsCorrectValue" />
    </UnitTest>
    <UnitTest name="TaskHardwareScan_Create_10_NotSupported" storage="d:\actions-runner\_work\xpco\xpco\corporate\commonapi\videoos.management.vmoclient.unittests\bin\debug\net472\videoos.management.vmoclient.unittests.dll" id="41a35dad-985c-ac1c-02d5-c9410322a770">
      <Execution id="82d18cc1-d199-4506-9968-3744ccd8590f" />
      <TestMethod codeBase="D:\actions-runner\_work\XPCO\XPCO\Corporate\CommonAPI\VideoOS.Management.VmoClient.UnitTests\bin\Debug\net472\VideoOS.Management.VmoClient.UnitTests.dll" adapterTypeName="executor://mstestadapter/v2" className="VideoOS.Management.VmoClient.UnitTests.EntityTest.TaskHardwareScanTest" name="TaskHardwareScan_Create_10_NotSupported" />
    </UnitTest>
    <UnitTest name="RecordingStorage_Set_As_Default_Success" storage="d:\actions-runner\_work\xpco\xpco\corporate\commonapi\videoos.management.vmoclient.unittests\bin\debug\net472\videoos.management.vmoclient.unittests.dll" id="fe15a62a-41ec-bf64-64fd-c9c26c4f9b53">
      <Execution id="e6185ac7-55ac-4758-89b6-d903ecb6641e" />
      <TestMethod codeBase="D:\actions-runner\_work\XPCO\XPCO\Corporate\CommonAPI\VideoOS.Management.VmoClient.UnitTests\bin\Debug\net472\VideoOS.Management.VmoClient.UnitTests.dll" adapterTypeName="executor://mstestadapter/v2" className="VideoOS.Management.VmoClient.UnitTests.RecordingStorageTest" name="RecordingStorage_Set_As_Default_Success" />
    </UnitTest>
    <UnitTest name="PatrollingProfile_InsertStepAt_Create_PatrollingStep_Invalid_Position" storage="d:\actions-runner\_work\xpco\xpco\corporate\commonapi\videoos.management.vmoclient.unittests\bin\debug\net472\videoos.management.vmoclient.unittests.dll" id="c6f92aec-e5b3-197a-7c28-b2847414641d">
      <TestCategory>
        <TestCategoryItem TestCategory="Patrolling Profile" />
      </TestCategory>
      <Execution id="7724e8a4-4131-4887-8d42-428228f805f9" />
      <TestMethod codeBase="D:\actions-runner\_work\XPCO\XPCO\Corporate\CommonAPI\VideoOS.Management.VmoClient.UnitTests\bin\Debug\net472\VideoOS.Management.VmoClient.UnitTests.dll" adapterTypeName="executor://mstestadapter/v2" className="VideoOS.Management.VmoClient.UnitTests.PatrollingProfileTest" name="PatrollingProfile_InsertStepAt_Create_PatrollingStep_Invalid_Position" />
    </UnitTest>
    <UnitTest name="ErrorResultInstance_NonXML" storage="d:\actions-runner\_work\xpco\xpco\corporate\commonapi\videoos.management.vmoclient.unittests\bin\debug\net472\videoos.management.vmoclient.unittests.dll" id="de2cc32a-0146-54ce-9e6b-d3aabc11ccf5">
      <Execution id="9f83ca08-5c6b-426e-956d-9240b664a9a7" />
      <TestMethod codeBase="D:\actions-runner\_work\XPCO\XPCO\Corporate\CommonAPI\VideoOS.Management.VmoClient.UnitTests\bin\Debug\net472\VideoOS.Management.VmoClient.UnitTests.dll" adapterTypeName="executor://mstestadapter/v2" className="VideoOS.Management.VmoClient.UnitTests.TaskAsyncTaskTest" name="ErrorResultInstance_NonXML" />
    </UnitTest>
    <UnitTest name="PatrollingProfile_InsertStepFirst_Existing_PatrollingStep_Position" storage="d:\actions-runner\_work\xpco\xpco\corporate\commonapi\videoos.management.vmoclient.unittests\bin\debug\net472\videoos.management.vmoclient.unittests.dll" id="26f9e5d4-5858-646c-c437-55028eedaaf3">
      <TestCategory>
        <TestCategoryItem TestCategory="Patrolling Profile" />
      </TestCategory>
      <Execution id="c3101c00-4cb2-43d9-a037-abbb29e31e7e" />
      <TestMethod codeBase="D:\actions-runner\_work\XPCO\XPCO\Corporate\CommonAPI\VideoOS.Management.VmoClient.UnitTests\bin\Debug\net472\VideoOS.Management.VmoClient.UnitTests.dll" adapterTypeName="executor://mstestadapter/v2" className="VideoOS.Management.VmoClient.UnitTests.PatrollingProfileTest" name="PatrollingProfile_InsertStepFirst_Existing_PatrollingStep_Position" />
    </UnitTest>
    <UnitTest name="GetSiteConnection_Windows_GivenNull_ShouldThrow" storage="d:\actions-runner\_work\xpco\xpco\corporate\commonapi\videoos.management.vmoclient.unittests\bin\debug\net472\videoos.management.vmoclient.unittests.dll" id="5a788199-1038-fa03-e2a7-ded98421a2e7">
      <Execution id="18b7b152-4f34-4f2e-a6f4-47cd8c8b9668" />
      <TestMethod codeBase="D:\actions-runner\_work\XPCO\XPCO\Corporate\CommonAPI\VideoOS.Management.VmoClient.UnitTests\bin\Debug\net472\VideoOS.Management.VmoClient.UnitTests.dll" adapterTypeName="executor://mstestadapter/v2" className="VideoOS.Management.VmoClient.UnitTests.SiteConnectorTest" name="GetSiteConnection_Windows_GivenNull_ShouldThrow" />
    </UnitTest>
    <UnitTest name="PerformanceStateRuleConfiguration_Delete_Failed_Not_Created" storage="d:\actions-runner\_work\xpco\xpco\corporate\commonapi\videoos.management.vmoclient.unittests\bin\debug\net472\videoos.management.vmoclient.unittests.dll" id="6ce42f26-15a1-aba4-5c4e-9513306aaa1b">
      <Execution id="d2fa4174-6927-475b-b79a-7a06f309a131" />
      <TestMethod codeBase="D:\actions-runner\_work\XPCO\XPCO\Corporate\CommonAPI\VideoOS.Management.VmoClient.UnitTests\bin\Debug\net472\VideoOS.Management.VmoClient.UnitTests.dll" adapterTypeName="executor://mstestadapter/v2" className="VideoOS.Management.VmoClient.UnitTests.PerformanceStateRuleConfigTest" name="PerformanceStateRuleConfiguration_Delete_Failed_Not_Created" />
    </UnitTest>
    <UnitTest name="MarkedData_Delete_Failed_Not_Created" storage="d:\actions-runner\_work\xpco\xpco\corporate\commonapi\videoos.management.vmoclient.unittests\bin\debug\net472\videoos.management.vmoclient.unittests.dll" id="456cfd78-0a00-198c-3ebc-ed4c019c4ad7">
      <Execution id="8a41ba1a-1b81-4757-be78-c6a152bde50a" />
      <TestMethod codeBase="D:\actions-runner\_work\XPCO\XPCO\Corporate\CommonAPI\VideoOS.Management.VmoClient.UnitTests\bin\Debug\net472\VideoOS.Management.VmoClient.UnitTests.dll" adapterTypeName="executor://mstestadapter/v2" className="VideoOS.Management.VmoClient.UnitTests.MarkedDataTest" name="MarkedData_Delete_Failed_Not_Created" />
    </UnitTest>
    <UnitTest name="Monitor_Repository_Registered" storage="d:\actions-runner\_work\xpco\xpco\corporate\commonapi\videoos.management.vmoclient.unittests\bin\debug\net472\videoos.management.vmoclient.unittests.dll" id="b394d5ed-12cd-965f-67db-52cb448440db">
      <Execution id="13fb4da4-b60a-4c93-84bf-209313a42bb7" />
      <TestMethod codeBase="D:\actions-runner\_work\XPCO\XPCO\Corporate\CommonAPI\VideoOS.Management.VmoClient.UnitTests\bin\Debug\net472\VideoOS.Management.VmoClient.UnitTests.dll" adapterTypeName="executor://mstestadapter/v2" className="VideoOS.Management.VmoClient.UnitTests.MonitorTest" name="Monitor_Repository_Registered" />
    </UnitTest>
    <UnitTest name="TaskDeleteIdpUser_StartNew_Success" storage="d:\actions-runner\_work\xpco\xpco\corporate\commonapi\videoos.management.vmoclient.unittests\bin\debug\net472\videoos.management.vmoclient.unittests.dll" id="8c655826-7bfe-6611-a31b-c1c71d90f459">
      <Execution id="77b616a9-17a6-447e-a03a-73a750abf77a" />
      <TestMethod codeBase="D:\actions-runner\_work\XPCO\XPCO\Corporate\CommonAPI\VideoOS.Management.VmoClient.UnitTests\bin\Debug\net472\VideoOS.Management.VmoClient.UnitTests.dll" adapterTypeName="executor://mstestadapter/v2" className="VideoOS.Management.VmoClient.UnitTests.TaskDeleteIdpUserTest" name="TaskDeleteIdpUser_StartNew_Success" />
    </UnitTest>
    <UnitTest name="Construct_InvalidParam_ClientId_Null_Throws_ArgumentNullException" storage="d:\actions-runner\_work\xpco\xpco\corporate\commonapi\videoos.management.vmoclient.unittests\bin\debug\net472\videoos.management.vmoclient.unittests.dll" id="bb873d99-d2ac-ba90-f328-04a24d707bcd">
      <TestCategory>
        <TestCategoryItem TestCategory="Vmo Site Connection Tests" />
      </TestCategory>
      <Execution id="771ead3f-e6fa-4427-b220-6b4aac8e0007" />
      <TestMethod codeBase="D:\actions-runner\_work\XPCO\XPCO\Corporate\CommonAPI\VideoOS.Management.VmoClient.UnitTests\bin\Debug\net472\VideoOS.Management.VmoClient.UnitTests.dll" adapterTypeName="executor://mstestadapter/v2" className="VideoOS.Management.VmoClient.UnitTests.Connection.SiteConnectorFactoryTests" name="Construct_InvalidParam_ClientId_Null_Throws_ArgumentNullException" />
    </UnitTest>
    <UnitTest name="ServerConnection_GetNetworkCredential" storage="d:\actions-runner\_work\xpco\xpco\corporate\commonapi\videoos.management.vmoclient.unittests\bin\debug\net472\videoos.management.vmoclient.unittests.dll" id="897de007-5843-f6bb-7109-f6694e9c9718">
      <TestCategory>
        <TestCategoryItem TestCategory="Vmo Site Connection Tests" />
      </TestCategory>
      <Execution id="31240366-93f0-4330-906e-cbf5c4d0f786" />
      <TestMethod codeBase="D:\actions-runner\_work\XPCO\XPCO\Corporate\CommonAPI\VideoOS.Management.VmoClient.UnitTests\bin\Debug\net472\VideoOS.Management.VmoClient.UnitTests.dll" adapterTypeName="executor://mstestadapter/v2" className="VideoOS.Management.VmoClient.UnitTests.Connection.ServerConnectionTest" name="ServerConnection_GetNetworkCredential" />
    </UnitTest>
    <UnitTest name="PatrollingProfile_MoveStepUp" storage="d:\actions-runner\_work\xpco\xpco\corporate\commonapi\videoos.management.vmoclient.unittests\bin\debug\net472\videoos.management.vmoclient.unittests.dll" id="bca36cb2-2744-9a6e-ec74-38d95204b268">
      <TestCategory>
        <TestCategoryItem TestCategory="Patrolling Profile" />
      </TestCategory>
      <Execution id="24f8dc47-1c58-4882-ad99-6c2f21627363" />
      <TestMethod codeBase="D:\actions-runner\_work\XPCO\XPCO\Corporate\CommonAPI\VideoOS.Management.VmoClient.UnitTests\bin\Debug\net472\VideoOS.Management.VmoClient.UnitTests.dll" adapterTypeName="executor://mstestadapter/v2" className="VideoOS.Management.VmoClient.UnitTests.PatrollingProfileTest" name="PatrollingProfile_MoveStepUp" />
    </UnitTest>
    <UnitTest name="GetFastestIdpInfo_GivenWorkingAddress_ShouldReturnIdpInfo" storage="d:\actions-runner\_work\xpco\xpco\corporate\commonapi\videoos.management.vmoclient.unittests\bin\debug\net472\videoos.management.vmoclient.unittests.dll" id="5c7e266f-ebe6-8af8-65c3-7f7a98788def">
      <Execution id="90f057d3-3ced-4a0c-a2dc-4e8823c22cd3" />
      <TestMethod codeBase="D:\actions-runner\_work\XPCO\XPCO\Corporate\CommonAPI\VideoOS.Management.VmoClient.UnitTests\bin\Debug\net472\VideoOS.Management.VmoClient.UnitTests.dll" adapterTypeName="executor://mstestadapter/v2" className="VideoOS.Management.VmoClient.UnitTests.SiteIdpConnectorTests" name="GetFastestIdpInfo_GivenWorkingAddress_ShouldReturnIdpInfo" />
    </UnitTest>
    <UnitTest name="GetIdpInfoOrError_GivenManyAddressesWaitForHttps_ShouldReturnSuccessHttpsIdpInfo" storage="d:\actions-runner\_work\xpco\xpco\corporate\commonapi\videoos.management.vmoclient.unittests\bin\debug\net472\videoos.management.vmoclient.unittests.dll" id="9384124d-6144-2e47-91ea-db45b3627c9a">
      <Execution id="02b9505e-df4e-4232-b0b0-e055a1283fc6" />
      <TestMethod codeBase="D:\actions-runner\_work\XPCO\XPCO\Corporate\CommonAPI\VideoOS.Management.VmoClient.UnitTests\bin\Debug\net472\VideoOS.Management.VmoClient.UnitTests.dll" adapterTypeName="executor://mstestadapter/v2" className="VideoOS.Management.VmoClient.UnitTests.SiteIdpConnectorTests" name="GetIdpInfoOrError_GivenManyAddressesWaitForHttps_ShouldReturnSuccessHttpsIdpInfo" />
    </UnitTest>
    <UnitTest name="ArchiveStorage_Move_Storage_Failed_Not_Created" storage="d:\actions-runner\_work\xpco\xpco\corporate\commonapi\videoos.management.vmoclient.unittests\bin\debug\net472\videoos.management.vmoclient.unittests.dll" id="4b945afa-f16d-050a-710d-9b6a97aaf365">
      <Execution id="96f73872-dbde-49a6-8524-21ae43ade818" />
      <TestMethod codeBase="D:\actions-runner\_work\XPCO\XPCO\Corporate\CommonAPI\VideoOS.Management.VmoClient.UnitTests\bin\Debug\net472\VideoOS.Management.VmoClient.UnitTests.dll" adapterTypeName="executor://mstestadapter/v2" className="VideoOS.Management.VmoClient.UnitTests.ArchiveStorageTest" name="ArchiveStorage_Move_Storage_Failed_Not_Created" />
    </UnitTest>
    <UnitTest name="IsAddressSchemeAllowed_Http_AllowHttp_True" storage="d:\actions-runner\_work\xpco\xpco\corporate\commonapi\videoos.management.vmoclient.unittests\bin\debug\net472\videoos.management.vmoclient.unittests.dll" id="8e1341ff-880d-370d-6a92-4e8d951452f2">
      <TestCategory>
        <TestCategoryItem TestCategory="Vmo Site Connection Tests" />
      </TestCategory>
      <Execution id="bd40a0a3-bc26-4807-8129-ed317f8196c8" />
      <TestMethod codeBase="D:\actions-runner\_work\XPCO\XPCO\Corporate\CommonAPI\VideoOS.Management.VmoClient.UnitTests\bin\Debug\net472\VideoOS.Management.VmoClient.UnitTests.dll" adapterTypeName="executor://mstestadapter/v2" className="VideoOS.Management.VmoClient.UnitTests.SiteAddressValidatorTest" name="IsAddressSchemeAllowed_Http_AllowHttp_True" />
    </UnitTest>
    <UnitTest name="VideoWallPreset_Repository_Registered" storage="d:\actions-runner\_work\xpco\xpco\corporate\commonapi\videoos.management.vmoclient.unittests\bin\debug\net472\videoos.management.vmoclient.unittests.dll" id="d89ad491-5c2e-e008-fce8-2af40ce03b05">
      <Execution id="88fe8ef9-3169-4f5a-abfe-8c2c7bdb44e1" />
      <TestMethod codeBase="D:\actions-runner\_work\XPCO\XPCO\Corporate\CommonAPI\VideoOS.Management.VmoClient.UnitTests\bin\Debug\net472\VideoOS.Management.VmoClient.UnitTests.dll" adapterTypeName="executor://mstestadapter/v2" className="VideoOS.Management.VmoClient.UnitTests.VideoWallPresetTest" name="VideoWallPreset_Repository_Registered" />
    </UnitTest>
    <UnitTest name="TaskTruncateDeviceStorage_Refresh_Success" storage="d:\actions-runner\_work\xpco\xpco\corporate\commonapi\videoos.management.vmoclient.unittests\bin\debug\net472\videoos.management.vmoclient.unittests.dll" id="58c75aeb-e3ba-43a5-37a3-4faf9ce396c2">
      <Execution id="b9aff2fa-c48a-4bbe-b8a8-456953fba29a" />
      <TestMethod codeBase="D:\actions-runner\_work\XPCO\XPCO\Corporate\CommonAPI\VideoOS.Management.VmoClient.UnitTests\bin\Debug\net472\VideoOS.Management.VmoClient.UnitTests.dll" adapterTypeName="executor://mstestadapter/v2" className="VideoOS.Management.VmoClient.UnitTests.TaskTruncateDeviceStorageTest" name="TaskTruncateDeviceStorage_Refresh_Success" />
    </UnitTest>
    <UnitTest name="GetSiteConnection_TokenExchange_Success" storage="d:\actions-runner\_work\xpco\xpco\corporate\commonapi\videoos.management.vmoclient.unittests\bin\debug\net472\videoos.management.vmoclient.unittests.dll" id="981d099c-a855-fea2-130c-49ac1d54a0cd">
      <Execution id="045d967b-b866-4c3a-bfcd-5a6d9b520b1d" />
      <TestMethod codeBase="D:\actions-runner\_work\XPCO\XPCO\Corporate\CommonAPI\VideoOS.Management.VmoClient.UnitTests\bin\Debug\net472\VideoOS.Management.VmoClient.UnitTests.dll" adapterTypeName="executor://mstestadapter/v2" className="VideoOS.Management.VmoClient.UnitTests.SiteConnectorTest" name="GetSiteConnection_TokenExchange_Success" />
    </UnitTest>
    <UnitTest name="VideoWallPreset_Delete_Success" storage="d:\actions-runner\_work\xpco\xpco\corporate\commonapi\videoos.management.vmoclient.unittests\bin\debug\net472\videoos.management.vmoclient.unittests.dll" id="58da7965-4a74-1430-e7bb-9ed117b03005">
      <Execution id="4f1b805c-13f4-40d3-870a-f82d61f0c05a" />
      <TestMethod codeBase="D:\actions-runner\_work\XPCO\XPCO\Corporate\CommonAPI\VideoOS.Management.VmoClient.UnitTests\bin\Debug\net472\VideoOS.Management.VmoClient.UnitTests.dll" adapterTypeName="executor://mstestadapter/v2" className="VideoOS.Management.VmoClient.UnitTests.VideoWallPresetTest" name="VideoWallPreset_Delete_Success" />
    </UnitTest>
    <UnitTest name="RecordingStorage_Get_Storage_Information_Success" storage="d:\actions-runner\_work\xpco\xpco\corporate\commonapi\videoos.management.vmoclient.unittests\bin\debug\net472\videoos.management.vmoclient.unittests.dll" id="2b2d08c0-1ed0-80a3-cceb-b096ae85fa44">
      <Execution id="f57acf12-28cf-41ab-bccd-6893994c2793" />
      <TestMethod codeBase="D:\actions-runner\_work\XPCO\XPCO\Corporate\CommonAPI\VideoOS.Management.VmoClient.UnitTests\bin\Debug\net472\VideoOS.Management.VmoClient.UnitTests.dll" adapterTypeName="executor://mstestadapter/v2" className="VideoOS.Management.VmoClient.UnitTests.RecordingStorageTest" name="RecordingStorage_Get_Storage_Information_Success" />
    </UnitTest>
    <UnitTest name="CameraDevice_RequestEdgeStorageRetrieval_Fail_Not_Created" storage="d:\actions-runner\_work\xpco\xpco\corporate\commonapi\videoos.management.vmoclient.unittests\bin\debug\net472\videoos.management.vmoclient.unittests.dll" id="1feeeda9-0aa0-2e35-e610-29bad728254c">
      <Execution id="78332566-2f81-4870-9cfa-5bf258d08f45" />
      <TestMethod codeBase="D:\actions-runner\_work\XPCO\XPCO\Corporate\CommonAPI\VideoOS.Management.VmoClient.UnitTests\bin\Debug\net472\VideoOS.Management.VmoClient.UnitTests.dll" adapterTypeName="executor://mstestadapter/v2" className="VideoOS.Management.VmoClient.UnitTests.CameraDeviceTest" name="CameraDevice_RequestEdgeStorageRetrieval_Fail_Not_Created" />
    </UnitTest>
    <UnitTest name="Monitor_ApplyViewItemsXml_ApplyViewItemXmlsToMonitorViewCalled" storage="d:\actions-runner\_work\xpco\xpco\corporate\commonapi\videoos.management.vmoclient.unittests\bin\debug\net472\videoos.management.vmoclient.unittests.dll" id="41297554-dd65-6291-2e76-e9ec0992caf3">
      <Execution id="586e142b-6063-45a2-bf59-6909198d7086" />
      <TestMethod codeBase="D:\actions-runner\_work\XPCO\XPCO\Corporate\CommonAPI\VideoOS.Management.VmoClient.UnitTests\bin\Debug\net472\VideoOS.Management.VmoClient.UnitTests.dll" adapterTypeName="executor://mstestadapter/v2" className="VideoOS.Management.VmoClient.UnitTests.MonitorTest" name="Monitor_ApplyViewItemsXml_ApplyViewItemXmlsToMonitorViewCalled" />
    </UnitTest>
    <UnitTest name="Role_Enum_Member_Success" storage="d:\actions-runner\_work\xpco\xpco\corporate\commonapi\videoos.management.vmoclient.unittests\bin\debug\net472\videoos.management.vmoclient.unittests.dll" id="7d8e673d-4a14-e470-af53-d998a85b6b1b">
      <Execution id="de314b52-a22b-43b6-a348-fa36e8efcf1a" />
      <TestMethod codeBase="D:\actions-runner\_work\XPCO\XPCO\Corporate\CommonAPI\VideoOS.Management.VmoClient.UnitTests\bin\Debug\net472\VideoOS.Management.VmoClient.UnitTests.dll" adapterTypeName="executor://mstestadapter/v2" className="VideoOS.Management.VmoClient.UnitTests.RoleTest" name="Role_Enum_Member_Success" />
    </UnitTest>
    <UnitTest name="Recorder_Update_Success" storage="d:\actions-runner\_work\xpco\xpco\corporate\commonapi\videoos.management.vmoclient.unittests\bin\debug\net472\videoos.management.vmoclient.unittests.dll" id="f66333dc-734c-f6ea-92b2-7e230c56eaf2">
      <Execution id="8437f47a-a5a1-4d5a-8ad4-c2f4846b7b2a" />
      <TestMethod codeBase="D:\actions-runner\_work\XPCO\XPCO\Corporate\CommonAPI\VideoOS.Management.VmoClient.UnitTests\bin\Debug\net472\VideoOS.Management.VmoClient.UnitTests.dll" adapterTypeName="executor://mstestadapter/v2" className="VideoOS.Management.VmoClient.UnitTests.RecordingServerTest" name="Recorder_Update_Success" />
    </UnitTest>
    <UnitTest name="Hardware_Refresh_Fail_Not_Created" storage="d:\actions-runner\_work\xpco\xpco\corporate\commonapi\videoos.management.vmoclient.unittests\bin\debug\net472\videoos.management.vmoclient.unittests.dll" id="22a1ee5b-9030-e5bc-e843-195f986e0da9">
      <Execution id="cfb874fc-5f0a-44fb-bec9-77609311699b" />
      <TestMethod codeBase="D:\actions-runner\_work\XPCO\XPCO\Corporate\CommonAPI\VideoOS.Management.VmoClient.UnitTests\bin\Debug\net472\VideoOS.Management.VmoClient.UnitTests.dll" adapterTypeName="executor://mstestadapter/v2" className="VideoOS.Management.VmoClient.UnitTests.HardwareTest" name="Hardware_Refresh_Fail_Not_Created" />
    </UnitTest>
    <UnitTest name="Role_Remove_Member_Success" storage="d:\actions-runner\_work\xpco\xpco\corporate\commonapi\videoos.management.vmoclient.unittests\bin\debug\net472\videoos.management.vmoclient.unittests.dll" id="134754e0-c445-e969-35d8-c17e9cb798f9">
      <Execution id="d434fa37-e259-4a2e-91e8-8490d6cf2ff4" />
      <TestMethod codeBase="D:\actions-runner\_work\XPCO\XPCO\Corporate\CommonAPI\VideoOS.Management.VmoClient.UnitTests\bin\Debug\net472\VideoOS.Management.VmoClient.UnitTests.dll" adapterTypeName="executor://mstestadapter/v2" className="VideoOS.Management.VmoClient.UnitTests.RoleTest" name="Role_Remove_Member_Success" />
    </UnitTest>
    <UnitTest name="RecordingStorage_Repository_Registered" storage="d:\actions-runner\_work\xpco\xpco\corporate\commonapi\videoos.management.vmoclient.unittests\bin\debug\net472\videoos.management.vmoclient.unittests.dll" id="33858dc9-42c2-5e2d-8ce9-1ed3df9afac2">
      <Execution id="bfefb28d-0b08-4033-9e72-16bee4acdcea" />
      <TestMethod codeBase="D:\actions-runner\_work\XPCO\XPCO\Corporate\CommonAPI\VideoOS.Management.VmoClient.UnitTests\bin\Debug\net472\VideoOS.Management.VmoClient.UnitTests.dll" adapterTypeName="executor://mstestadapter/v2" className="VideoOS.Management.VmoClient.UnitTests.RecordingStorageTest" name="RecordingStorage_Repository_Registered" />
    </UnitTest>
    <UnitTest name="RecordingStorage_Delete_Success" storage="d:\actions-runner\_work\xpco\xpco\corporate\commonapi\videoos.management.vmoclient.unittests\bin\debug\net472\videoos.management.vmoclient.unittests.dll" id="85e92233-ab5f-a807-b135-7f0ed876ac93">
      <Execution id="13cff848-c364-4728-972f-44ad780c0c9d" />
      <TestMethod codeBase="D:\actions-runner\_work\XPCO\XPCO\Corporate\CommonAPI\VideoOS.Management.VmoClient.UnitTests\bin\Debug\net472\VideoOS.Management.VmoClient.UnitTests.dll" adapterTypeName="executor://mstestadapter/v2" className="VideoOS.Management.VmoClient.UnitTests.RecordingStorageTest" name="RecordingStorage_Delete_Success" />
    </UnitTest>
    <UnitTest name="ExceptionConverter_GetConnectionConvertedException_Idp_ChangePasswordException" storage="d:\actions-runner\_work\xpco\xpco\corporate\commonapi\videoos.management.vmoclient.unittests\bin\debug\net472\videoos.management.vmoclient.unittests.dll" id="26ab51dc-344f-9cf6-c2e3-523f0b7e8ae6">
      <Execution id="e7ad1a25-b002-415a-b0c9-bde9ac7c7300" />
      <TestMethod codeBase="D:\actions-runner\_work\XPCO\XPCO\Corporate\CommonAPI\VideoOS.Management.VmoClient.UnitTests\bin\Debug\net472\VideoOS.Management.VmoClient.UnitTests.dll" adapterTypeName="executor://mstestadapter/v2" className="VideoOS.Management.VmoClient.UnitTests.Utils.ExceptionConverterTest" name="ExceptionConverter_GetConnectionConvertedException_Idp_ChangePasswordException" />
    </UnitTest>
    <UnitTest name="FailoverServerGroup_Update_Failed" storage="d:\actions-runner\_work\xpco\xpco\corporate\commonapi\videoos.management.vmoclient.unittests\bin\debug\net472\videoos.management.vmoclient.unittests.dll" id="a1073d09-b49c-177d-de24-5b64ae518ddb">
      <Execution id="3e80a24b-6182-497b-9709-c5e2b07c3fc4" />
      <TestMethod codeBase="D:\actions-runner\_work\XPCO\XPCO\Corporate\CommonAPI\VideoOS.Management.VmoClient.UnitTests\bin\Debug\net472\VideoOS.Management.VmoClient.UnitTests.dll" adapterTypeName="executor://mstestadapter/v2" className="VideoOS.Management.VmoClient.UnitTests.FailoverServerGroupTest" name="FailoverServerGroup_Update_Failed" />
    </UnitTest>
    <UnitTest name="GetUserDomainNameOrEmpty_UserNameWithDomain_ReturnsUserDomainName" storage="d:\actions-runner\_work\xpco\xpco\corporate\commonapi\videoos.management.vmoclient.unittests\bin\debug\net472\videoos.management.vmoclient.unittests.dll" id="585e2002-8755-95f2-a9ec-6b79daa0b869">
      <Execution id="232f78cb-2679-4608-951c-42aaee61ae95" />
      <TestMethod codeBase="D:\actions-runner\_work\XPCO\XPCO\Corporate\CommonAPI\VideoOS.Management.VmoClient.UnitTests\bin\Debug\net472\VideoOS.Management.VmoClient.UnitTests.dll" adapterTypeName="executor://mstestadapter/v2" className="VideoOS.Management.VmoClient.UnitTests.SiteConnectorTest" name="GetUserDomainNameOrEmpty_UserNameWithDomain_ReturnsUserDomainName" />
    </UnitTest>
    <UnitTest name="FilterHttpAddresses_GivenOnlyHttpsAddresses_ShouldReturnEmptyCollection" storage="d:\actions-runner\_work\xpco\xpco\corporate\commonapi\videoos.management.vmoclient.unittests\bin\debug\net472\videoos.management.vmoclient.unittests.dll" id="053e887e-5fd9-26c1-4bc9-6178b6f5a4c8">
      <TestCategory>
        <TestCategoryItem TestCategory="Vmo Site Connection Tests" />
      </TestCategory>
      <Execution id="4e2a772c-96c6-4288-8e36-b537212ff54e" />
      <TestMethod codeBase="D:\actions-runner\_work\XPCO\XPCO\Corporate\CommonAPI\VideoOS.Management.VmoClient.UnitTests\bin\Debug\net472\VideoOS.Management.VmoClient.UnitTests.dll" adapterTypeName="executor://mstestadapter/v2" className="VideoOS.Management.VmoClient.UnitTests.SiteAddressValidatorTest" name="FilterHttpAddresses_GivenOnlyHttpsAddresses_ShouldReturnEmptyCollection" />
    </UnitTest>
    <UnitTest name="BasicUser_Update_Success" storage="d:\actions-runner\_work\xpco\xpco\corporate\commonapi\videoos.management.vmoclient.unittests\bin\debug\net472\videoos.management.vmoclient.unittests.dll" id="8649b6a0-70dc-0290-bdeb-a37467c14379">
      <Execution id="2ce77c7f-a8e6-4341-9607-57e935acccad" />
      <TestMethod codeBase="D:\actions-runner\_work\XPCO\XPCO\Corporate\CommonAPI\VideoOS.Management.VmoClient.UnitTests\bin\Debug\net472\VideoOS.Management.VmoClient.UnitTests.dll" adapterTypeName="executor://mstestadapter/v2" className="VideoOS.Management.VmoClient.UnitTests.BasicUserTest" name="BasicUser_Update_Success" />
    </UnitTest>
    <UnitTest name="GenericRepositoryTestAddToCache" storage="d:\actions-runner\_work\xpco\xpco\corporate\commonapi\videoos.management.vmoclient.unittests\bin\debug\net472\videoos.management.vmoclient.unittests.dll" id="54c3cb7c-2822-846e-42e4-23ede85ae7b9">
      <Execution id="f581b34a-20ed-4bcf-82f7-674d3aa3e369" />
      <TestMethod codeBase="D:\actions-runner\_work\XPCO\XPCO\Corporate\CommonAPI\VideoOS.Management.VmoClient.UnitTests\bin\Debug\net472\VideoOS.Management.VmoClient.UnitTests.dll" adapterTypeName="executor://mstestadapter/v2" className="VideoOS.Management.VmoClient.UnitTests.GenericRepositoryTest" name="GenericRepositoryTestAddToCache" />
    </UnitTest>
    <UnitTest name="StorageInformation_WithoutAnyTablesWithData_DefaultValue" storage="d:\actions-runner\_work\xpco\xpco\corporate\commonapi\videoos.management.vmoclient.unittests\bin\debug\net472\videoos.management.vmoclient.unittests.dll" id="33bf6601-a349-59bb-09bd-db35fdc456d8">
      <Execution id="137d2ff9-22a6-4c1b-81aa-00320a12901d" />
      <TestMethod codeBase="D:\actions-runner\_work\XPCO\XPCO\Corporate\CommonAPI\VideoOS.Management.VmoClient.UnitTests\bin\Debug\net472\VideoOS.Management.VmoClient.UnitTests.dll" adapterTypeName="executor://mstestadapter/v2" className="VideoOS.Management.VmoClient.UnitTests.EntityTest.StorageInformationTest" name="StorageInformation_WithoutAnyTablesWithData_DefaultValue" />
    </UnitTest>
    <UnitTest name="BasicOwnerInfo_Refresh_CheckVersionCalled" storage="d:\actions-runner\_work\xpco\xpco\corporate\commonapi\videoos.management.vmoclient.unittests\bin\debug\net472\videoos.management.vmoclient.unittests.dll" id="06a715e6-5375-46b9-9b2d-665d5cc7acd6">
      <Execution id="7ccd691c-f586-41b4-a6dc-2e9056ddc149" />
      <TestMethod codeBase="D:\actions-runner\_work\XPCO\XPCO\Corporate\CommonAPI\VideoOS.Management.VmoClient.UnitTests\bin\Debug\net472\VideoOS.Management.VmoClient.UnitTests.dll" adapterTypeName="executor://mstestadapter/v2" className="VideoOS.Management.VmoClient.UnitTests.BasicOwnerInfoTest" name="BasicOwnerInfo_Refresh_CheckVersionCalled" />
    </UnitTest>
    <UnitTest name="Hardware_Driver_Version_Construct_Device_Pack_Driver2" storage="d:\actions-runner\_work\xpco\xpco\corporate\commonapi\videoos.management.vmoclient.unittests\bin\debug\net472\videoos.management.vmoclient.unittests.dll" id="d8e00839-07fc-237d-a5d8-f9e9120c6d7f">
      <Execution id="3eea087e-7af1-4e53-b2a5-8f815a57e2f3" />
      <TestMethod codeBase="D:\actions-runner\_work\XPCO\XPCO\Corporate\CommonAPI\VideoOS.Management.VmoClient.UnitTests\bin\Debug\net472\VideoOS.Management.VmoClient.UnitTests.dll" adapterTypeName="executor://mstestadapter/v2" className="VideoOS.Management.VmoClient.UnitTests.HardwareDriverVersionTest" name="Hardware_Driver_Version_Construct_Device_Pack_Driver2" />
    </UnitTest>
    <UnitTest name="ViewItem_Refresh_Success" storage="d:\actions-runner\_work\xpco\xpco\corporate\commonapi\videoos.management.vmoclient.unittests\bin\debug\net472\videoos.management.vmoclient.unittests.dll" id="54f7c0f2-efd1-544c-ad47-2520376458fa">
      <Execution id="745187c8-c639-40bd-898a-d942ea594e00" />
      <TestMethod codeBase="D:\actions-runner\_work\XPCO\XPCO\Corporate\CommonAPI\VideoOS.Management.VmoClient.UnitTests\bin\Debug\net472\VideoOS.Management.VmoClient.UnitTests.dll" adapterTypeName="executor://mstestadapter/v2" className="VideoOS.Management.VmoClient.UnitTests.ViewItemTest" name="ViewItem_Refresh_Success" />
    </UnitTest>
    <UnitTest name="RecordingStorage_Refresh_Success" storage="d:\actions-runner\_work\xpco\xpco\corporate\commonapi\videoos.management.vmoclient.unittests\bin\debug\net472\videoos.management.vmoclient.unittests.dll" id="c489ee98-ff2e-4034-318b-ece3c1d11ad4">
      <Execution id="58b48a65-0b77-4a7d-98cc-4ea5eb04ded6" />
      <TestMethod codeBase="D:\actions-runner\_work\XPCO\XPCO\Corporate\CommonAPI\VideoOS.Management.VmoClient.UnitTests\bin\Debug\net472\VideoOS.Management.VmoClient.UnitTests.dll" adapterTypeName="executor://mstestadapter/v2" className="VideoOS.Management.VmoClient.UnitTests.RecordingStorageTest" name="RecordingStorage_Refresh_Success" />
    </UnitTest>
    <UnitTest name="ServerConnection_Constructor_TokenCache_Success_DefaultSettings" storage="d:\actions-runner\_work\xpco\xpco\corporate\commonapi\videoos.management.vmoclient.unittests\bin\debug\net472\videoos.management.vmoclient.unittests.dll" id="22305020-6199-e54c-ad68-f1aadfca8210">
      <TestCategory>
        <TestCategoryItem TestCategory="Vmo Site Connection Tests" />
      </TestCategory>
      <Execution id="2b55dedf-3633-4bfa-a301-e003554ea86d" />
      <TestMethod codeBase="D:\actions-runner\_work\XPCO\XPCO\Corporate\CommonAPI\VideoOS.Management.VmoClient.UnitTests\bin\Debug\net472\VideoOS.Management.VmoClient.UnitTests.dll" adapterTypeName="executor://mstestadapter/v2" className="VideoOS.Management.VmoClient.UnitTests.Connection.ServerConnectionTest" name="ServerConnection_Constructor_TokenCache_Success_DefaultSettings" />
    </UnitTest>
    <UnitTest name="GetHighPriorityError_GivenUserNamePasswordException_ReturnsUserNamePasswordException" storage="d:\actions-runner\_work\xpco\xpco\corporate\commonapi\videoos.management.vmoclient.unittests\bin\debug\net472\videoos.management.vmoclient.unittests.dll" id="f6c8533d-6871-e620-3a15-7deaf7edd4e3">
      <Execution id="7a1d89fd-a43d-4d37-86fb-7d5537438b11" />
      <TestMethod codeBase="D:\actions-runner\_work\XPCO\XPCO\Corporate\CommonAPI\VideoOS.Management.VmoClient.UnitTests\bin\Debug\net472\VideoOS.Management.VmoClient.UnitTests.dll" adapterTypeName="executor://mstestadapter/v2" className="VideoOS.Management.VmoClient.UnitTests.SiteConnectorExceptionHandlerTests" name="GetHighPriorityError_GivenUserNamePasswordException_ReturnsUserNamePasswordException" />
    </UnitTest>
    <UnitTest name="PatrollingProfile_InsertStepLast_Existing_PatrollingStep_Position" storage="d:\actions-runner\_work\xpco\xpco\corporate\commonapi\videoos.management.vmoclient.unittests\bin\debug\net472\videoos.management.vmoclient.unittests.dll" id="8c36f616-16a9-da46-946a-1b91a8d4936b">
      <TestCategory>
        <TestCategoryItem TestCategory="Patrolling Profile" />
      </TestCategory>
      <Execution id="f4391605-6e7c-4c6c-890c-1dc0bfe2817b" />
      <TestMethod codeBase="D:\actions-runner\_work\XPCO\XPCO\Corporate\CommonAPI\VideoOS.Management.VmoClient.UnitTests\bin\Debug\net472\VideoOS.Management.VmoClient.UnitTests.dll" adapterTypeName="executor://mstestadapter/v2" className="VideoOS.Management.VmoClient.UnitTests.PatrollingProfileTest" name="PatrollingProfile_InsertStepLast_Existing_PatrollingStep_Position" />
    </UnitTest>
    <UnitTest name="MarkedData_Refresh_Failed_Not_Created" storage="d:\actions-runner\_work\xpco\xpco\corporate\commonapi\videoos.management.vmoclient.unittests\bin\debug\net472\videoos.management.vmoclient.unittests.dll" id="17fc8860-2b38-4ff9-4cd1-df0ba112a282">
      <Execution id="2321d9f0-93b5-423b-b143-5c72b4e97578" />
      <TestMethod codeBase="D:\actions-runner\_work\XPCO\XPCO\Corporate\CommonAPI\VideoOS.Management.VmoClient.UnitTests\bin\Debug\net472\VideoOS.Management.VmoClient.UnitTests.dll" adapterTypeName="executor://mstestadapter/v2" className="VideoOS.Management.VmoClient.UnitTests.MarkedDataTest" name="MarkedData_Refresh_Failed_Not_Created" />
    </UnitTest>
    <UnitTest name="SystemDashboardConfigurationuration_Delete_CheckVersionCalled" storage="d:\actions-runner\_work\xpco\xpco\corporate\commonapi\videoos.management.vmoclient.unittests\bin\debug\net472\videoos.management.vmoclient.unittests.dll" id="8a636da5-22db-276f-fd70-904a4559cd55">
      <Execution id="6592a9cf-5d04-4897-98a7-dd7613d563ad" />
      <TestMethod codeBase="D:\actions-runner\_work\XPCO\XPCO\Corporate\CommonAPI\VideoOS.Management.VmoClient.UnitTests\bin\Debug\net472\VideoOS.Management.VmoClient.UnitTests.dll" adapterTypeName="executor://mstestadapter/v2" className="VideoOS.Management.VmoClient.UnitTests.SystemDashboardConfigTest" name="SystemDashboardConfigurationuration_Delete_CheckVersionCalled" />
    </UnitTest>
    <UnitTest name="BasicUser_Change_Password_Check_Empty_Password" storage="d:\actions-runner\_work\xpco\xpco\corporate\commonapi\videoos.management.vmoclient.unittests\bin\debug\net472\videoos.management.vmoclient.unittests.dll" id="582181db-ae03-28f2-7a66-c23be8ad57d6">
      <Execution id="f0919691-a847-44cc-bfae-5583c8872df6" />
      <TestMethod codeBase="D:\actions-runner\_work\XPCO\XPCO\Corporate\CommonAPI\VideoOS.Management.VmoClient.UnitTests\bin\Debug\net472\VideoOS.Management.VmoClient.UnitTests.dll" adapterTypeName="executor://mstestadapter/v2" className="VideoOS.Management.VmoClient.UnitTests.BasicUserTest" name="BasicUser_Change_Password_Check_Empty_Password" />
    </UnitTest>
    <UnitTest name="ServerVersionConstructor_Clone_Success" storage="d:\actions-runner\_work\xpco\xpco\corporate\commonapi\videoos.management.vmoclient.unittests\bin\debug\net472\videoos.management.vmoclient.unittests.dll" id="e3b647fe-2086-1066-486c-69dd1615e14b">
      <TestCategory>
        <TestCategoryItem TestCategory="Server Version" />
      </TestCategory>
      <Execution id="4e7483ee-a75f-489c-abe9-4293ad149a18" />
      <TestMethod codeBase="D:\actions-runner\_work\XPCO\XPCO\Corporate\CommonAPI\VideoOS.Management.VmoClient.UnitTests\bin\Debug\net472\VideoOS.Management.VmoClient.UnitTests.dll" adapterTypeName="executor://mstestadapter/v2" className="VideoOS.Management.VmoClient.Tests.ServerVersionTests" name="ServerVersionConstructor_Clone_Success" />
    </UnitTest>
    <UnitTest name="ValidateSchemas_AllowUnsecure_True" storage="d:\actions-runner\_work\xpco\xpco\corporate\commonapi\videoos.management.vmoclient.unittests\bin\debug\net472\videoos.management.vmoclient.unittests.dll" id="f1a01f5b-d1c2-a047-aa46-885719da5593">
      <TestCategory>
        <TestCategoryItem TestCategory="Vmo Site Connection Tests" />
      </TestCategory>
      <Execution id="e6f23a8b-9faf-4c28-bb5b-01b6bd1f2d7a" />
      <TestMethod codeBase="D:\actions-runner\_work\XPCO\XPCO\Corporate\CommonAPI\VideoOS.Management.VmoClient.UnitTests\bin\Debug\net472\VideoOS.Management.VmoClient.UnitTests.dll" adapterTypeName="executor://mstestadapter/v2" className="VideoOS.Management.VmoClient.UnitTests.SiteAddressValidatorTest" name="ValidateSchemas_AllowUnsecure_True" />
    </UnitTest>
    <UnitTest name="ExceptionConverter_GetConnectionConvertedException_EndpointNotFoundException" storage="d:\actions-runner\_work\xpco\xpco\corporate\commonapi\videoos.management.vmoclient.unittests\bin\debug\net472\videoos.management.vmoclient.unittests.dll" id="b7241b1c-5cc3-ccaf-39f0-606a89437376">
      <Execution id="ca797404-71ac-4339-aa0d-625b93c5256c" />
      <TestMethod codeBase="D:\actions-runner\_work\XPCO\XPCO\Corporate\CommonAPI\VideoOS.Management.VmoClient.UnitTests\bin\Debug\net472\VideoOS.Management.VmoClient.UnitTests.dll" adapterTypeName="executor://mstestadapter/v2" className="VideoOS.Management.VmoClient.UnitTests.Utils.ExceptionConverterTest" name="ExceptionConverter_GetConnectionConvertedException_EndpointNotFoundException" />
    </UnitTest>
    <UnitTest name="AddSiteAddressWithError_GivenSomeSiteError_ShouldReturnFail" storage="d:\actions-runner\_work\xpco\xpco\corporate\commonapi\videoos.management.vmoclient.unittests\bin\debug\net472\videoos.management.vmoclient.unittests.dll" id="1b1c96a6-b8c1-c201-3b0f-d6f5700369b2">
      <Execution id="ed4d4e25-9866-499e-ac05-b71884e140f4" />
      <TestMethod codeBase="D:\actions-runner\_work\XPCO\XPCO\Corporate\CommonAPI\VideoOS.Management.VmoClient.UnitTests\bin\Debug\net472\VideoOS.Management.VmoClient.UnitTests.dll" adapterTypeName="executor://mstestadapter/v2" className="VideoOS.Management.VmoClient.UnitTests.SiteConnectorResultBuilderTests" name="AddSiteAddressWithError_GivenSomeSiteError_ShouldReturnFail" />
    </UnitTest>
    <UnitTest name="PerformanceStateRuleConfiguration_Delete_Success" storage="d:\actions-runner\_work\xpco\xpco\corporate\commonapi\videoos.management.vmoclient.unittests\bin\debug\net472\videoos.management.vmoclient.unittests.dll" id="b09990a8-046d-47f5-364b-4a48dd9d650f">
      <Execution id="56e46242-755f-4615-9d89-c57bb2949576" />
      <TestMethod codeBase="D:\actions-runner\_work\XPCO\XPCO\Corporate\CommonAPI\VideoOS.Management.VmoClient.UnitTests\bin\Debug\net472\VideoOS.Management.VmoClient.UnitTests.dll" adapterTypeName="executor://mstestadapter/v2" className="VideoOS.Management.VmoClient.UnitTests.PerformanceStateRuleConfigTest" name="PerformanceStateRuleConfiguration_Delete_Success" />
    </UnitTest>
    <UnitTest name="PatrollingProfile_MoveStepToFirst" storage="d:\actions-runner\_work\xpco\xpco\corporate\commonapi\videoos.management.vmoclient.unittests\bin\debug\net472\videoos.management.vmoclient.unittests.dll" id="27bb0846-204f-2736-e20f-7a35a54e4e90">
      <TestCategory>
        <TestCategoryItem TestCategory="Patrolling Profile" />
      </TestCategory>
      <Execution id="ae25252f-8055-4a44-a5c2-36011113f87a" />
      <TestMethod codeBase="D:\actions-runner\_work\XPCO\XPCO\Corporate\CommonAPI\VideoOS.Management.VmoClient.UnitTests\bin\Debug\net472\VideoOS.Management.VmoClient.UnitTests.dll" adapterTypeName="executor://mstestadapter/v2" className="VideoOS.Management.VmoClient.UnitTests.PatrollingProfileTest" name="PatrollingProfile_MoveStepToFirst" />
    </UnitTest>
    <UnitTest name="ManagementServer_CreateReference_Called" storage="d:\actions-runner\_work\xpco\xpco\corporate\commonapi\videoos.management.vmoclient.unittests\bin\debug\net472\videoos.management.vmoclient.unittests.dll" id="77c25885-f498-e269-7a67-0cba22b75ab1">
      <Execution id="d4bc460f-ad1b-4b41-84a4-20ab8bda8476" />
      <TestMethod codeBase="D:\actions-runner\_work\XPCO\XPCO\Corporate\CommonAPI\VideoOS.Management.VmoClient.UnitTests\bin\Debug\net472\VideoOS.Management.VmoClient.UnitTests.dll" adapterTypeName="executor://mstestadapter/v2" className="VideoOS.Management.VmoClient.UnitTests.ManagementServerTest" name="ManagementServer_CreateReference_Called" />
    </UnitTest>
    <UnitTest name="ProxyClientServiceBase_CallWithRetry_NoRetry_CommunicationException_IdpInner" storage="d:\actions-runner\_work\xpco\xpco\corporate\commonapi\videoos.management.vmoclient.unittests\bin\debug\net472\videoos.management.vmoclient.unittests.dll" id="e68c940d-e42a-1511-394e-a4faeeffa642">
      <Execution id="882558a9-ef03-4a25-bf46-61274d452f75" />
      <TestMethod codeBase="D:\actions-runner\_work\XPCO\XPCO\Corporate\CommonAPI\VideoOS.Management.VmoClient.UnitTests\bin\Debug\net472\VideoOS.Management.VmoClient.UnitTests.dll" adapterTypeName="executor://mstestadapter/v2" className="VideoOS.Management.VmoClient.UnitTests.Framework.ProxyClientServiceBaseTest" name="ProxyClientServiceBase_CallWithRetry_NoRetry_CommunicationException_IdpInner" />
    </UnitTest>
    <UnitTest name="MIPObject_Constructor_Repositories_DefaultValuesCorrect" storage="d:\actions-runner\_work\xpco\xpco\corporate\commonapi\videoos.management.vmoclient.unittests\bin\debug\net472\videoos.management.vmoclient.unittests.dll" id="0f84e6ef-2cf8-7465-e4b9-ad003c4d190d">
      <Execution id="0b63d8ba-9f1a-4998-ab36-94799cd69335" />
      <TestMethod codeBase="D:\actions-runner\_work\XPCO\XPCO\Corporate\CommonAPI\VideoOS.Management.VmoClient.UnitTests\bin\Debug\net472\VideoOS.Management.VmoClient.UnitTests.dll" adapterTypeName="executor://mstestadapter/v2" className="VideoOS.Management.VmoClient.UnitTests.MIPObjectTest" name="MIPObject_Constructor_Repositories_DefaultValuesCorrect" />
    </UnitTest>
    <UnitTest name="RuleSource_Undo_Success" storage="d:\actions-runner\_work\xpco\xpco\corporate\commonapi\videoos.management.vmoclient.unittests\bin\debug\net472\videoos.management.vmoclient.unittests.dll" id="f2eaa386-a8fa-c21f-c458-7f12c1c3dd16">
      <Execution id="9318ca58-6739-41ae-aeb4-030e76c34c23" />
      <TestMethod codeBase="D:\actions-runner\_work\XPCO\XPCO\Corporate\CommonAPI\VideoOS.Management.VmoClient.UnitTests\bin\Debug\net472\VideoOS.Management.VmoClient.UnitTests.dll" adapterTypeName="executor://mstestadapter/v2" className="VideoOS.Management.VmoClient.UnitTests.RuleSourceTest" name="RuleSource_Undo_Success" />
    </UnitTest>
    <UnitTest name="PatrollingProfile_InsertStepLast_Create_PatrollingStep_With_ExpectedTransitionTime" storage="d:\actions-runner\_work\xpco\xpco\corporate\commonapi\videoos.management.vmoclient.unittests\bin\debug\net472\videoos.management.vmoclient.unittests.dll" id="49bd72f9-7c1c-bc4d-47d0-e23c03c0f452">
      <TestCategory>
        <TestCategoryItem TestCategory="Patrolling Profile" />
      </TestCategory>
      <Execution id="90fa3a38-38df-489e-8f7c-ff9e920cb3ee" />
      <TestMethod codeBase="D:\actions-runner\_work\XPCO\XPCO\Corporate\CommonAPI\VideoOS.Management.VmoClient.UnitTests\bin\Debug\net472\VideoOS.Management.VmoClient.UnitTests.dll" adapterTypeName="executor://mstestadapter/v2" className="VideoOS.Management.VmoClient.UnitTests.PatrollingProfileTest" name="PatrollingProfile_InsertStepLast_Create_PatrollingStep_With_ExpectedTransitionTime" />
    </UnitTest>
    <UnitTest name="CalendarTimeProfile_Constructor_DefaultValuesCorrect" storage="d:\actions-runner\_work\xpco\xpco\corporate\commonapi\videoos.management.vmoclient.unittests\bin\debug\net472\videoos.management.vmoclient.unittests.dll" id="156b4fa6-3984-821f-9411-f6545248be61">
      <Execution id="c46c09f6-3f04-4822-953f-8c23d7251849" />
      <TestMethod codeBase="D:\actions-runner\_work\XPCO\XPCO\Corporate\CommonAPI\VideoOS.Management.VmoClient.UnitTests\bin\Debug\net472\VideoOS.Management.VmoClient.UnitTests.dll" adapterTypeName="executor://mstestadapter/v2" className="VideoOS.Management.VmoClient.UnitTests.CalendarTimeProfileTest" name="CalendarTimeProfile_Constructor_DefaultValuesCorrect" />
    </UnitTest>
    <UnitTest name="IsAddressSchemeAllowed_Https_AllowHttp_True" storage="d:\actions-runner\_work\xpco\xpco\corporate\commonapi\videoos.management.vmoclient.unittests\bin\debug\net472\videoos.management.vmoclient.unittests.dll" id="926fe379-e3d5-bd41-aae6-1a5da790924c">
      <TestCategory>
        <TestCategoryItem TestCategory="Vmo Site Connection Tests" />
      </TestCategory>
      <Execution id="cdf46913-2449-4d88-a8e8-82dc0339b01c" />
      <TestMethod codeBase="D:\actions-runner\_work\XPCO\XPCO\Corporate\CommonAPI\VideoOS.Management.VmoClient.UnitTests\bin\Debug\net472\VideoOS.Management.VmoClient.UnitTests.dll" adapterTypeName="executor://mstestadapter/v2" className="VideoOS.Management.VmoClient.UnitTests.SiteAddressValidatorTest" name="IsAddressSchemeAllowed_Https_AllowHttp_True" />
    </UnitTest>
    <UnitTest name="FailoverServerGroup_Constructor_Name_Null_Check" storage="d:\actions-runner\_work\xpco\xpco\corporate\commonapi\videoos.management.vmoclient.unittests\bin\debug\net472\videoos.management.vmoclient.unittests.dll" id="69cc2c09-f8ab-7cbb-c62b-f09178b77057">
      <Execution id="6af1be9a-0aee-4b79-9346-0147635c6f5e" />
      <TestMethod codeBase="D:\actions-runner\_work\XPCO\XPCO\Corporate\CommonAPI\VideoOS.Management.VmoClient.UnitTests\bin\Debug\net472\VideoOS.Management.VmoClient.UnitTests.dll" adapterTypeName="executor://mstestadapter/v2" className="VideoOS.Management.VmoClient.UnitTests.FailoverServerGroupTest" name="FailoverServerGroup_Constructor_Name_Null_Check" />
    </UnitTest>
    <UnitTest name="PatrollingProfile_InsertStepAt_Create_PatrollingStep_Position" storage="d:\actions-runner\_work\xpco\xpco\corporate\commonapi\videoos.management.vmoclient.unittests\bin\debug\net472\videoos.management.vmoclient.unittests.dll" id="76bdfff2-86bb-a4a4-4cd3-f83db04d8dac">
      <TestCategory>
        <TestCategoryItem TestCategory="Patrolling Profile" />
      </TestCategory>
      <Execution id="bf7b2fa1-bf43-43f0-b131-76ad56b2c97c" />
      <TestMethod codeBase="D:\actions-runner\_work\XPCO\XPCO\Corporate\CommonAPI\VideoOS.Management.VmoClient.UnitTests\bin\Debug\net472\VideoOS.Management.VmoClient.UnitTests.dll" adapterTypeName="executor://mstestadapter/v2" className="VideoOS.Management.VmoClient.UnitTests.PatrollingProfileTest" name="PatrollingProfile_InsertStepAt_Create_PatrollingStep_Position" />
    </UnitTest>
    <UnitTest name="PerformanceStateRuleConfiguration_IsDeleted_Success" storage="d:\actions-runner\_work\xpco\xpco\corporate\commonapi\videoos.management.vmoclient.unittests\bin\debug\net472\videoos.management.vmoclient.unittests.dll" id="78adf058-2432-8838-f7fc-3dd894e13527">
      <Execution id="07e1e933-cae4-4920-8d88-6957cf71053a" />
      <TestMethod codeBase="D:\actions-runner\_work\XPCO\XPCO\Corporate\CommonAPI\VideoOS.Management.VmoClient.UnitTests\bin\Debug\net472\VideoOS.Management.VmoClient.UnitTests.dll" adapterTypeName="executor://mstestadapter/v2" className="VideoOS.Management.VmoClient.UnitTests.PerformanceStateRuleConfigTest" name="PerformanceStateRuleConfiguration_IsDeleted_Success" />
    </UnitTest>
    <UnitTest name="AxisOneClickCamera_Refresh_Success" storage="d:\actions-runner\_work\xpco\xpco\corporate\commonapi\videoos.management.vmoclient.unittests\bin\debug\net472\videoos.management.vmoclient.unittests.dll" id="a40cf24a-04d2-9bac-a015-be3a4fe9912d">
      <Execution id="752b78bf-267b-4786-8552-e79a5f430d7c" />
      <TestMethod codeBase="D:\actions-runner\_work\XPCO\XPCO\Corporate\CommonAPI\VideoOS.Management.VmoClient.UnitTests\bin\Debug\net472\VideoOS.Management.VmoClient.UnitTests.dll" adapterTypeName="executor://mstestadapter/v2" className="VideoOS.Management.VmoClient.UnitTests.AxisOneClickCameraTest" name="AxisOneClickCamera_Refresh_Success" />
    </UnitTest>
    <UnitTest name="BasicOwnerInfo_Constructor_Property_Null_Check" storage="d:\actions-runner\_work\xpco\xpco\corporate\commonapi\videoos.management.vmoclient.unittests\bin\debug\net472\videoos.management.vmoclient.unittests.dll" id="75fbb975-8fbd-9b46-1732-d0df17d45bc2">
      <Execution id="f702eee6-bad8-4596-9bd8-baf8c8efd60f" />
      <TestMethod codeBase="D:\actions-runner\_work\XPCO\XPCO\Corporate\CommonAPI\VideoOS.Management.VmoClient.UnitTests\bin\Debug\net472\VideoOS.Management.VmoClient.UnitTests.dll" adapterTypeName="executor://mstestadapter/v2" className="VideoOS.Management.VmoClient.UnitTests.BasicOwnerInfoTest" name="BasicOwnerInfo_Constructor_Property_Null_Check" />
    </UnitTest>
    <UnitTest name="BasicUser_Change_Password_Check_Object_Created" storage="d:\actions-runner\_work\xpco\xpco\corporate\commonapi\videoos.management.vmoclient.unittests\bin\debug\net472\videoos.management.vmoclient.unittests.dll" id="1ca8cc07-4e6e-b881-0a4e-6e0b13bdb304">
      <Execution id="cf48c427-be5f-446d-9f12-e203ee873bb2" />
      <TestMethod codeBase="D:\actions-runner\_work\XPCO\XPCO\Corporate\CommonAPI\VideoOS.Management.VmoClient.UnitTests\bin\Debug\net472\VideoOS.Management.VmoClient.UnitTests.dll" adapterTypeName="executor://mstestadapter/v2" className="VideoOS.Management.VmoClient.UnitTests.BasicUserTest" name="BasicUser_Change_Password_Check_Object_Created" />
    </UnitTest>
    <UnitTest name="SunClockTimeProfile_Create_CustomId_Success_Constructor" storage="d:\actions-runner\_work\xpco\xpco\corporate\commonapi\videoos.management.vmoclient.unittests\bin\debug\net472\videoos.management.vmoclient.unittests.dll" id="064663ac-a267-a696-51c0-fe929e47366c">
      <Execution id="ceb5bfb0-b057-43ea-b5da-9cb9686c09e8" />
      <TestMethod codeBase="D:\actions-runner\_work\XPCO\XPCO\Corporate\CommonAPI\VideoOS.Management.VmoClient.UnitTests\bin\Debug\net472\VideoOS.Management.VmoClient.UnitTests.dll" adapterTypeName="executor://mstestadapter/v2" className="VideoOS.Management.VmoClient.UnitTests.SunClockTimeProfileTest" name="SunClockTimeProfile_Create_CustomId_Success_Constructor" />
    </UnitTest>
    <UnitTest name="FailoverServer_Constructor_Repositories_DefaultValuesCorrect" storage="d:\actions-runner\_work\xpco\xpco\corporate\commonapi\videoos.management.vmoclient.unittests\bin\debug\net472\videoos.management.vmoclient.unittests.dll" id="2c176343-2ae4-d7de-fa6b-eec7318e8490">
      <Execution id="c340785b-9e1e-4f89-bec2-6818d740f264" />
      <TestMethod codeBase="D:\actions-runner\_work\XPCO\XPCO\Corporate\CommonAPI\VideoOS.Management.VmoClient.UnitTests\bin\Debug\net472\VideoOS.Management.VmoClient.UnitTests.dll" adapterTypeName="executor://mstestadapter/v2" className="VideoOS.Management.VmoClient.UnitTests.FailoverServerTest" name="FailoverServer_Constructor_Repositories_DefaultValuesCorrect" />
    </UnitTest>
    <UnitTest name="ArchiveStorage_Get_Storage_Information_Failed_Not_Created" storage="d:\actions-runner\_work\xpco\xpco\corporate\commonapi\videoos.management.vmoclient.unittests\bin\debug\net472\videoos.management.vmoclient.unittests.dll" id="e59d293c-5af8-002c-e55c-1398367fa479">
      <Execution id="e8a0ee81-c324-450b-ac3d-e46af74c6456" />
      <TestMethod codeBase="D:\actions-runner\_work\XPCO\XPCO\Corporate\CommonAPI\VideoOS.Management.VmoClient.UnitTests\bin\Debug\net472\VideoOS.Management.VmoClient.UnitTests.dll" adapterTypeName="executor://mstestadapter/v2" className="VideoOS.Management.VmoClient.UnitTests.ArchiveStorageTest" name="ArchiveStorage_Get_Storage_Information_Failed_Not_Created" />
    </UnitTest>
    <UnitTest name="Hardware_Refresh_Fail_When_Deleted" storage="d:\actions-runner\_work\xpco\xpco\corporate\commonapi\videoos.management.vmoclient.unittests\bin\debug\net472\videoos.management.vmoclient.unittests.dll" id="1a64560e-6964-f5f3-5442-f6f38b03cc18">
      <Execution id="1539996a-2541-44dd-a766-555715768ff3" />
      <TestMethod codeBase="D:\actions-runner\_work\XPCO\XPCO\Corporate\CommonAPI\VideoOS.Management.VmoClient.UnitTests\bin\Debug\net472\VideoOS.Management.VmoClient.UnitTests.dll" adapterTypeName="executor://mstestadapter/v2" className="VideoOS.Management.VmoClient.UnitTests.HardwareTest" name="Hardware_Refresh_Fail_When_Deleted" />
    </UnitTest>
    <UnitTest name="Construct_Success" storage="d:\actions-runner\_work\xpco\xpco\corporate\commonapi\videoos.management.vmoclient.unittests\bin\debug\net472\videoos.management.vmoclient.unittests.dll" id="0e018444-eb66-48a3-4c38-0d19c6a941fa">
      <TestCategory>
        <TestCategoryItem TestCategory="Vmo Site Connection Tests" />
      </TestCategory>
      <Execution id="058c9152-da15-4162-b96b-93c7a7e82fc0" />
      <TestMethod codeBase="D:\actions-runner\_work\XPCO\XPCO\Corporate\CommonAPI\VideoOS.Management.VmoClient.UnitTests\bin\Debug\net472\VideoOS.Management.VmoClient.UnitTests.dll" adapterTypeName="executor://mstestadapter/v2" className="VideoOS.Management.VmoClient.UnitTests.Connection.SiteConnectionInfoTokenExchangeTests" name="Construct_Success" />
    </UnitTest>
    <UnitTest name="MarkedData_Refresh_Failed_Deleted" storage="d:\actions-runner\_work\xpco\xpco\corporate\commonapi\videoos.management.vmoclient.unittests\bin\debug\net472\videoos.management.vmoclient.unittests.dll" id="bda9fca7-5845-4298-cc74-0f0e10d066c3">
      <Execution id="2adcbb69-3811-4883-a823-53d3a9de1750" />
      <TestMethod codeBase="D:\actions-runner\_work\XPCO\XPCO\Corporate\CommonAPI\VideoOS.Management.VmoClient.UnitTests\bin\Debug\net472\VideoOS.Management.VmoClient.UnitTests.dll" adapterTypeName="executor://mstestadapter/v2" className="VideoOS.Management.VmoClient.UnitTests.MarkedDataTest" name="MarkedData_Refresh_Failed_Deleted" />
    </UnitTest>
    <UnitTest name="CurrentUICulture_IsDefaultNull" storage="d:\actions-runner\_work\xpco\xpco\corporate\commonapi\videoos.management.vmoclient.unittests\bin\debug\net472\videoos.management.vmoclient.unittests.dll" id="4ad5e067-b37b-b19f-cb70-41cd0b41d20d">
      <Execution id="f1fedb44-524b-482b-9d95-4b6d3cab3e67" />
      <TestMethod codeBase="D:\actions-runner\_work\XPCO\XPCO\Corporate\CommonAPI\VideoOS.Management.VmoClient.UnitTests\bin\Debug\net472\VideoOS.Management.VmoClient.UnitTests.dll" adapterTypeName="executor://mstestadapter/v2" className="VideoOS.Management.VmoClient.UnitTests.VmoClientEnvironmentUnitTests" name="CurrentUICulture_IsDefaultNull" />
    </UnitTest>
    <UnitTest name="ValidateSchemas_AllowUnsecure_False" storage="d:\actions-runner\_work\xpco\xpco\corporate\commonapi\videoos.management.vmoclient.unittests\bin\debug\net472\videoos.management.vmoclient.unittests.dll" id="79cd81df-a953-0c7a-7dbb-aca4faf3adca">
      <TestCategory>
        <TestCategoryItem TestCategory="Vmo Site Connection Tests" />
      </TestCategory>
      <Execution id="ac705070-7229-4b15-83fe-926df502847a" />
      <TestMethod codeBase="D:\actions-runner\_work\XPCO\XPCO\Corporate\CommonAPI\VideoOS.Management.VmoClient.UnitTests\bin\Debug\net472\VideoOS.Management.VmoClient.UnitTests.dll" adapterTypeName="executor://mstestadapter/v2" className="VideoOS.Management.VmoClient.UnitTests.SiteAddressValidatorTest" name="ValidateSchemas_AllowUnsecure_False" />
    </UnitTest>
    <UnitTest name="TaskAddHardware_StartNew_Success" storage="d:\actions-runner\_work\xpco\xpco\corporate\commonapi\videoos.management.vmoclient.unittests\bin\debug\net472\videoos.management.vmoclient.unittests.dll" id="2b7cdd19-68fb-61e7-6100-64674f7fc65a">
      <Execution id="8d4441bc-5ea4-4220-a28a-2fa493e265aa" />
      <TestMethod codeBase="D:\actions-runner\_work\XPCO\XPCO\Corporate\CommonAPI\VideoOS.Management.VmoClient.UnitTests\bin\Debug\net472\VideoOS.Management.VmoClient.UnitTests.dll" adapterTypeName="executor://mstestadapter/v2" className="VideoOS.Management.VmoClient.UnitTests.TaskAddHardwareTest" name="TaskAddHardware_StartNew_Success" />
    </UnitTest>
    <UnitTest name="FailoverServer_Refresh_Failed" storage="d:\actions-runner\_work\xpco\xpco\corporate\commonapi\videoos.management.vmoclient.unittests\bin\debug\net472\videoos.management.vmoclient.unittests.dll" id="27b51024-8539-93fa-9d5d-982c0ad3d02a">
      <Execution id="1b0fd900-16c3-48f6-83c1-043b84d594a8" />
      <TestMethod codeBase="D:\actions-runner\_work\XPCO\XPCO\Corporate\CommonAPI\VideoOS.Management.VmoClient.UnitTests\bin\Debug\net472\VideoOS.Management.VmoClient.UnitTests.dll" adapterTypeName="executor://mstestadapter/v2" className="VideoOS.Management.VmoClient.UnitTests.FailoverServerTest" name="FailoverServer_Refresh_Failed" />
    </UnitTest>
    <UnitTest name="MIPDeviceEvent_Trigger_Success" storage="d:\actions-runner\_work\xpco\xpco\corporate\commonapi\videoos.management.vmoclient.unittests\bin\debug\net472\videoos.management.vmoclient.unittests.dll" id="898e84ca-52b2-d7b4-f355-dab1d051561f">
      <Execution id="fb50a67c-8e45-4b86-a0ea-d26e544f4fc3" />
      <TestMethod codeBase="D:\actions-runner\_work\XPCO\XPCO\Corporate\CommonAPI\VideoOS.Management.VmoClient.UnitTests\bin\Debug\net472\VideoOS.Management.VmoClient.UnitTests.dll" adapterTypeName="executor://mstestadapter/v2" className="VideoOS.Management.VmoClient.UnitTests.MIPDeviceEventTest" name="MIPDeviceEvent_Trigger_Success" />
    </UnitTest>
    <UnitTest name="GenericRepositoryTestUpdateObject" storage="d:\actions-runner\_work\xpco\xpco\corporate\commonapi\videoos.management.vmoclient.unittests\bin\debug\net472\videoos.management.vmoclient.unittests.dll" id="41359944-1b64-186b-7087-a470bed2994d">
      <Execution id="0fb33237-4e79-4e3a-8726-e185ea8918d8" />
      <TestMethod codeBase="D:\actions-runner\_work\XPCO\XPCO\Corporate\CommonAPI\VideoOS.Management.VmoClient.UnitTests\bin\Debug\net472\VideoOS.Management.VmoClient.UnitTests.dll" adapterTypeName="executor://mstestadapter/v2" className="VideoOS.Management.VmoClient.UnitTests.GenericRepositoryTest" name="GenericRepositoryTestUpdateObject" />
    </UnitTest>
    <UnitTest name="TryConnectLegacyAsUser_GivenUnexpectedServerId_ShouldDisconnectDisposeAllAndReturnNull" storage="d:\actions-runner\_work\xpco\xpco\corporate\commonapi\videoos.management.vmoclient.unittests\bin\debug\net472\videoos.management.vmoclient.unittests.dll" id="41b278f2-92eb-a92d-9fbd-d70cb8578d79">
      <Execution id="735cd3ec-ff58-4962-9a65-117f28852730" />
      <TestMethod codeBase="D:\actions-runner\_work\XPCO\XPCO\Corporate\CommonAPI\VideoOS.Management.VmoClient.UnitTests\bin\Debug\net472\VideoOS.Management.VmoClient.UnitTests.dll" adapterTypeName="executor://mstestadapter/v2" className="VideoOS.Management.VmoClient.UnitTests.SiteVmoConnectorTests" name="TryConnectLegacyAsUser_GivenUnexpectedServerId_ShouldDisconnectDisposeAllAndReturnNull" />
    </UnitTest>
    <UnitTest name="View_Update_Success" storage="d:\actions-runner\_work\xpco\xpco\corporate\commonapi\videoos.management.vmoclient.unittests\bin\debug\net472\videoos.management.vmoclient.unittests.dll" id="549fe4d6-0246-94be-ca82-d07edb107e05">
      <Execution id="20412e43-41b5-4906-90ab-465fdca4df6c" />
      <TestMethod codeBase="D:\actions-runner\_work\XPCO\XPCO\Corporate\CommonAPI\VideoOS.Management.VmoClient.UnitTests\bin\Debug\net472\VideoOS.Management.VmoClient.UnitTests.dll" adapterTypeName="executor://mstestadapter/v2" className="VideoOS.Management.VmoClient.UnitTests.ViewTest" name="View_Update_Success" />
    </UnitTest>
    <UnitTest name="GetFastestIdpInfo_GivenAddressWithoutOAuth_ShouldReturnNull" storage="d:\actions-runner\_work\xpco\xpco\corporate\commonapi\videoos.management.vmoclient.unittests\bin\debug\net472\videoos.management.vmoclient.unittests.dll" id="2c70923f-ca66-aba3-db7c-df9c2aa9f052">
      <Execution id="d872f0de-d202-4303-be57-a5f7956efb3e" />
      <TestMethod codeBase="D:\actions-runner\_work\XPCO\XPCO\Corporate\CommonAPI\VideoOS.Management.VmoClient.UnitTests\bin\Debug\net472\VideoOS.Management.VmoClient.UnitTests.dll" adapterTypeName="executor://mstestadapter/v2" className="VideoOS.Management.VmoClient.UnitTests.SiteIdpConnectorTests" name="GetFastestIdpInfo_GivenAddressWithoutOAuth_ShouldReturnNull" />
    </UnitTest>
    <UnitTest name="CameraDevice_Refresh_Fail_When_Deleted" storage="d:\actions-runner\_work\xpco\xpco\corporate\commonapi\videoos.management.vmoclient.unittests\bin\debug\net472\videoos.management.vmoclient.unittests.dll" id="3244763e-b7ce-8722-ad9f-d1c345273589">
      <Execution id="23240863-a0d2-4e05-b1c3-3b37f187f9d3" />
      <TestMethod codeBase="D:\actions-runner\_work\XPCO\XPCO\Corporate\CommonAPI\VideoOS.Management.VmoClient.UnitTests\bin\Debug\net472\VideoOS.Management.VmoClient.UnitTests.dll" adapterTypeName="executor://mstestadapter/v2" className="VideoOS.Management.VmoClient.UnitTests.CameraDeviceTest" name="CameraDevice_Refresh_Fail_When_Deleted" />
    </UnitTest>
    <UnitTest name="Grid_GridSizeNotDefined_Exception" storage="d:\actions-runner\_work\xpco\xpco\corporate\commonapi\videoos.management.vmoclient.unittests\bin\debug\net472\videoos.management.vmoclient.unittests.dll" id="a3c14e62-c027-c89c-b304-e34b4c3eb8c0">
      <TestCategory>
        <TestCategoryItem TestCategory="Grid" />
      </TestCategory>
      <Execution id="ba23ea82-33d3-49a8-b129-376591e8f909" />
      <TestMethod codeBase="D:\actions-runner\_work\XPCO\XPCO\Corporate\CommonAPI\VideoOS.Management.VmoClient.UnitTests\bin\Debug\net472\VideoOS.Management.VmoClient.UnitTests.dll" adapterTypeName="executor://mstestadapter/v2" className="VideoOS.Management.VmoClient.UnitTests.GridTest" name="Grid_GridSizeNotDefined_Exception" />
    </UnitTest>
    <UnitTest name="MIPAction_Update_Success" storage="d:\actions-runner\_work\xpco\xpco\corporate\commonapi\videoos.management.vmoclient.unittests\bin\debug\net472\videoos.management.vmoclient.unittests.dll" id="f419f841-c256-af4c-f845-5eea6a82f98f">
      <Execution id="a87e8e26-9a41-482d-831b-86e4cf561b5d" />
      <TestMethod codeBase="D:\actions-runner\_work\XPCO\XPCO\Corporate\CommonAPI\VideoOS.Management.VmoClient.UnitTests\bin\Debug\net472\VideoOS.Management.VmoClient.UnitTests.dll" adapterTypeName="executor://mstestadapter/v2" className="VideoOS.Management.VmoClient.UnitTests.MIPActionTest" name="MIPAction_Update_Success" />
    </UnitTest>
    <UnitTest name="TimeProfile_Repository_Registered" storage="d:\actions-runner\_work\xpco\xpco\corporate\commonapi\videoos.management.vmoclient.unittests\bin\debug\net472\videoos.management.vmoclient.unittests.dll" id="2a2a2615-0585-1266-11cf-6b74cf7aa87e">
      <Execution id="8a3ffead-1db1-4566-bfbc-16148de14025" />
      <TestMethod codeBase="D:\actions-runner\_work\XPCO\XPCO\Corporate\CommonAPI\VideoOS.Management.VmoClient.UnitTests\bin\Debug\net472\VideoOS.Management.VmoClient.UnitTests.dll" adapterTypeName="executor://mstestadapter/v2" className="VideoOS.Management.VmoClient.UnitTests.TimeProfileTest" name="TimeProfile_Repository_Registered" />
    </UnitTest>
    <UnitTest name="CameraDevice_ChangeRecordingStorage_Fail_When_Deleted" storage="d:\actions-runner\_work\xpco\xpco\corporate\commonapi\videoos.management.vmoclient.unittests\bin\debug\net472\videoos.management.vmoclient.unittests.dll" id="baf17b1e-6bf7-46c2-00f9-e86fec5c4340">
      <Execution id="7247eb5f-ef48-4535-b50b-fd223d40327b" />
      <TestMethod codeBase="D:\actions-runner\_work\XPCO\XPCO\Corporate\CommonAPI\VideoOS.Management.VmoClient.UnitTests\bin\Debug\net472\VideoOS.Management.VmoClient.UnitTests.dll" adapterTypeName="executor://mstestadapter/v2" className="VideoOS.Management.VmoClient.UnitTests.CameraDeviceTest" name="CameraDevice_ChangeRecordingStorage_Fail_When_Deleted" />
    </UnitTest>
    <UnitTest name="ServerVersionConstructor_Less_Success" storage="d:\actions-runner\_work\xpco\xpco\corporate\commonapi\videoos.management.vmoclient.unittests\bin\debug\net472\videoos.management.vmoclient.unittests.dll" id="573d4913-3c20-fc10-3a7e-f205ffb2ffe5">
      <TestCategory>
        <TestCategoryItem TestCategory="Server Version" />
      </TestCategory>
      <Execution id="83b1e5ac-35f0-413f-a545-eddf09e77192" />
      <TestMethod codeBase="D:\actions-runner\_work\XPCO\XPCO\Corporate\CommonAPI\VideoOS.Management.VmoClient.UnitTests\bin\Debug\net472\VideoOS.Management.VmoClient.UnitTests.dll" adapterTypeName="executor://mstestadapter/v2" className="VideoOS.Management.VmoClient.Tests.ServerVersionTests" name="ServerVersionConstructor_Less_Success" />
    </UnitTest>
    <UnitTest name="PatrollingProfile_InsertStepAt_Create_PatrollingStep_With_ExpectedTransitionTime" storage="d:\actions-runner\_work\xpco\xpco\corporate\commonapi\videoos.management.vmoclient.unittests\bin\debug\net472\videoos.management.vmoclient.unittests.dll" id="097d52c4-8a10-666a-109f-0d544c215bc3">
      <TestCategory>
        <TestCategoryItem TestCategory="Patrolling Profile" />
      </TestCategory>
      <Execution id="42f56666-73bc-4789-9265-6aa595c4f192" />
      <TestMethod codeBase="D:\actions-runner\_work\XPCO\XPCO\Corporate\CommonAPI\VideoOS.Management.VmoClient.UnitTests\bin\Debug\net472\VideoOS.Management.VmoClient.UnitTests.dll" adapterTypeName="executor://mstestadapter/v2" className="VideoOS.Management.VmoClient.UnitTests.PatrollingProfileTest" name="PatrollingProfile_InsertStepAt_Create_PatrollingStep_With_ExpectedTransitionTime" />
    </UnitTest>
    <UnitTest name="CalendarTimeProfile_Create60WithId_NotSupportedException" storage="d:\actions-runner\_work\xpco\xpco\corporate\commonapi\videoos.management.vmoclient.unittests\bin\debug\net472\videoos.management.vmoclient.unittests.dll" id="4853f1aa-7050-d8c1-613d-9333d3d8a4c8">
      <Execution id="e88c5e6a-5e53-419c-894a-9417eee4bd86" />
      <TestMethod codeBase="D:\actions-runner\_work\XPCO\XPCO\Corporate\CommonAPI\VideoOS.Management.VmoClient.UnitTests\bin\Debug\net472\VideoOS.Management.VmoClient.UnitTests.dll" adapterTypeName="executor://mstestadapter/v2" className="VideoOS.Management.VmoClient.UnitTests.CalendarTimeProfileTest" name="CalendarTimeProfile_Create60WithId_NotSupportedException" />
    </UnitTest>
    <UnitTest name="SystemDashboardConfiguration_Create_Success" storage="d:\actions-runner\_work\xpco\xpco\corporate\commonapi\videoos.management.vmoclient.unittests\bin\debug\net472\videoos.management.vmoclient.unittests.dll" id="0a125d4c-5bf7-88a7-f84d-9193442e4879">
      <Execution id="48d4632a-2f8f-49ff-acbf-98073c9a015b" />
      <TestMethod codeBase="D:\actions-runner\_work\XPCO\XPCO\Corporate\CommonAPI\VideoOS.Management.VmoClient.UnitTests\bin\Debug\net472\VideoOS.Management.VmoClient.UnitTests.dll" adapterTypeName="executor://mstestadapter/v2" className="VideoOS.Management.VmoClient.UnitTests.SystemDashboardConfigTest" name="SystemDashboardConfiguration_Create_Success" />
    </UnitTest>
    <UnitTest name="AxisTunnelServer_Update_Success" storage="d:\actions-runner\_work\xpco\xpco\corporate\commonapi\videoos.management.vmoclient.unittests\bin\debug\net472\videoos.management.vmoclient.unittests.dll" id="27cd4120-ea1b-2625-e99e-bbb925727055">
      <Execution id="be11fba1-fd50-4f99-be64-b35bd3a8779f" />
      <TestMethod codeBase="D:\actions-runner\_work\XPCO\XPCO\Corporate\CommonAPI\VideoOS.Management.VmoClient.UnitTests\bin\Debug\net472\VideoOS.Management.VmoClient.UnitTests.dll" adapterTypeName="executor://mstestadapter/v2" className="VideoOS.Management.VmoClient.UnitTests.AxisTunnelServerTest" name="AxisTunnelServer_Update_Success" />
    </UnitTest>
    <UnitTest name="GetHighPriorityError_GivenIdpOfflineExceptionForLegacySite_DoesNotReturnIdpOfflineException" storage="d:\actions-runner\_work\xpco\xpco\corporate\commonapi\videoos.management.vmoclient.unittests\bin\debug\net472\videoos.management.vmoclient.unittests.dll" id="169c0340-68cf-7e65-35ef-4e909c9252f9">
      <Execution id="1cb331db-ee47-4f78-bda2-551d59b5b684" />
      <TestMethod codeBase="D:\actions-runner\_work\XPCO\XPCO\Corporate\CommonAPI\VideoOS.Management.VmoClient.UnitTests\bin\Debug\net472\VideoOS.Management.VmoClient.UnitTests.dll" adapterTypeName="executor://mstestadapter/v2" className="VideoOS.Management.VmoClient.UnitTests.SiteConnectorExceptionHandlerTests" name="GetHighPriorityError_GivenIdpOfflineExceptionForLegacySite_DoesNotReturnIdpOfflineException" />
    </UnitTest>
    <UnitTest name="CalendarTimeProfile_Create60_CheckVersionNotCalled" storage="d:\actions-runner\_work\xpco\xpco\corporate\commonapi\videoos.management.vmoclient.unittests\bin\debug\net472\videoos.management.vmoclient.unittests.dll" id="c9d609cf-4d27-f250-53f5-5cb651ce0b09">
      <Execution id="343b11fc-47bb-4565-886b-04357c686714" />
      <TestMethod codeBase="D:\actions-runner\_work\XPCO\XPCO\Corporate\CommonAPI\VideoOS.Management.VmoClient.UnitTests\bin\Debug\net472\VideoOS.Management.VmoClient.UnitTests.dll" adapterTypeName="executor://mstestadapter/v2" className="VideoOS.Management.VmoClient.UnitTests.CalendarTimeProfileTest" name="CalendarTimeProfile_Create60_CheckVersionNotCalled" />
    </UnitTest>
    <UnitTest name="MIPObject_Delete_Failed" storage="d:\actions-runner\_work\xpco\xpco\corporate\commonapi\videoos.management.vmoclient.unittests\bin\debug\net472\videoos.management.vmoclient.unittests.dll" id="5c71673c-87bc-73db-2cb1-13a53b14e2f5">
      <Execution id="bb836f5f-70e5-4194-bb0f-8d72e5d23c0d" />
      <TestMethod codeBase="D:\actions-runner\_work\XPCO\XPCO\Corporate\CommonAPI\VideoOS.Management.VmoClient.UnitTests\bin\Debug\net472\VideoOS.Management.VmoClient.UnitTests.dll" adapterTypeName="executor://mstestadapter/v2" className="VideoOS.Management.VmoClient.UnitTests.MIPObjectTest" name="MIPObject_Delete_Failed" />
    </UnitTest>
    <UnitTest name="Recorder_Get_Recorder_Information" storage="d:\actions-runner\_work\xpco\xpco\corporate\commonapi\videoos.management.vmoclient.unittests\bin\debug\net472\videoos.management.vmoclient.unittests.dll" id="ea67a0fc-dde3-352d-2bea-8f11bc8a4ff8">
      <Execution id="bde50db4-80e9-49ca-94d9-01dff4dd3a90" />
      <TestMethod codeBase="D:\actions-runner\_work\XPCO\XPCO\Corporate\CommonAPI\VideoOS.Management.VmoClient.UnitTests\bin\Debug\net472\VideoOS.Management.VmoClient.UnitTests.dll" adapterTypeName="executor://mstestadapter/v2" className="VideoOS.Management.VmoClient.UnitTests.RecordingServerTest" name="Recorder_Get_Recorder_Information" />
    </UnitTest>
    <UnitTest name="Master_UpdateCustomProperties_NotCreated_InvalidOperationException" storage="d:\actions-runner\_work\xpco\xpco\corporate\commonapi\videoos.management.vmoclient.unittests\bin\debug\net472\videoos.management.vmoclient.unittests.dll" id="ee46a3e8-e849-987e-2550-c7c3c8bdca18">
      <Execution id="dff7a98c-b6ba-4eca-8dee-b2f8f91094f7" />
      <TestMethod codeBase="D:\actions-runner\_work\XPCO\XPCO\Corporate\CommonAPI\VideoOS.Management.VmoClient.UnitTests\bin\Debug\net472\VideoOS.Management.VmoClient.UnitTests.dll" adapterTypeName="executor://mstestadapter/v2" className="VideoOS.Management.VmoClient.UnitTests.MasterSiteTest" name="Master_UpdateCustomProperties_NotCreated_InvalidOperationException" />
    </UnitTest>
    <UnitTest name="FailoverServer_Constructor_RecordingServerServiceId_Null_Check" storage="d:\actions-runner\_work\xpco\xpco\corporate\commonapi\videoos.management.vmoclient.unittests\bin\debug\net472\videoos.management.vmoclient.unittests.dll" id="58be467a-6654-0e35-1e10-a4374a8d6062">
      <Execution id="a0c73d31-95c8-42cd-b6db-45318b659cdf" />
      <TestMethod codeBase="D:\actions-runner\_work\XPCO\XPCO\Corporate\CommonAPI\VideoOS.Management.VmoClient.UnitTests\bin\Debug\net472\VideoOS.Management.VmoClient.UnitTests.dll" adapterTypeName="executor://mstestadapter/v2" className="VideoOS.Management.VmoClient.UnitTests.FailoverServerTest" name="FailoverServer_Constructor_RecordingServerServiceId_Null_Check" />
    </UnitTest>
    <UnitTest name="ExceptionConverter_GetConnectionConvertedException_Idp_LockedOutException" storage="d:\actions-runner\_work\xpco\xpco\corporate\commonapi\videoos.management.vmoclient.unittests\bin\debug\net472\videoos.management.vmoclient.unittests.dll" id="24f9ee2c-b14d-9e29-5425-8dd2572fa7c4">
      <Execution id="88ea1f88-c9d5-4de2-bdc4-f18df4cb5c32" />
      <TestMethod codeBase="D:\actions-runner\_work\XPCO\XPCO\Corporate\CommonAPI\VideoOS.Management.VmoClient.UnitTests\bin\Debug\net472\VideoOS.Management.VmoClient.UnitTests.dll" adapterTypeName="executor://mstestadapter/v2" className="VideoOS.Management.VmoClient.UnitTests.Utils.ExceptionConverterTest" name="ExceptionConverter_GetConnectionConvertedException_Idp_LockedOutException" />
    </UnitTest>
    <UnitTest name="Constructor_SiteAddressCache_Null" storage="d:\actions-runner\_work\xpco\xpco\corporate\commonapi\videoos.management.vmoclient.unittests\bin\debug\net472\videoos.management.vmoclient.unittests.dll" id="77094078-2d38-3195-3ad3-88b3615b784b">
      <Execution id="3b2728fd-86a7-4ac1-89af-0a9962ad9787" />
      <TestMethod codeBase="D:\actions-runner\_work\XPCO\XPCO\Corporate\CommonAPI\VideoOS.Management.VmoClient.UnitTests\bin\Debug\net472\VideoOS.Management.VmoClient.UnitTests.dll" adapterTypeName="executor://mstestadapter/v2" className="VideoOS.Management.VmoClient.UnitTests.SiteConnectorLegacyTests" name="Constructor_SiteAddressCache_Null" />
    </UnitTest>
    <UnitTest name="View_Repository_Registered" storage="d:\actions-runner\_work\xpco\xpco\corporate\commonapi\videoos.management.vmoclient.unittests\bin\debug\net472\videoos.management.vmoclient.unittests.dll" id="94f1ccd6-2121-5005-43d8-710e8c3b75fd">
      <Execution id="7d175875-41ee-44a7-8a9d-a7026fb98449" />
      <TestMethod codeBase="D:\actions-runner\_work\XPCO\XPCO\Corporate\CommonAPI\VideoOS.Management.VmoClient.UnitTests\bin\Debug\net472\VideoOS.Management.VmoClient.UnitTests.dll" adapterTypeName="executor://mstestadapter/v2" className="VideoOS.Management.VmoClient.UnitTests.ViewTest" name="View_Repository_Registered" />
    </UnitTest>
    <UnitTest name="PatrollingProfile_Preset_Constructor_Argument_Guid_Empty" storage="d:\actions-runner\_work\xpco\xpco\corporate\commonapi\videoos.management.vmoclient.unittests\bin\debug\net472\videoos.management.vmoclient.unittests.dll" id="0adbbfdf-6eaa-cf6b-4f0d-6ad2e0f1aa5a">
      <TestCategory>
        <TestCategoryItem TestCategory="Patrolling Profile" />
      </TestCategory>
      <Execution id="10c2134d-901b-4421-b592-6175a2e2ba5f" />
      <TestMethod codeBase="D:\actions-runner\_work\XPCO\XPCO\Corporate\CommonAPI\VideoOS.Management.VmoClient.UnitTests\bin\Debug\net472\VideoOS.Management.VmoClient.UnitTests.dll" adapterTypeName="executor://mstestadapter/v2" className="VideoOS.Management.VmoClient.UnitTests.PatrollingProfileTest" name="PatrollingProfile_Preset_Constructor_Argument_Guid_Empty" />
    </UnitTest>
    <UnitTest name="Role_Constructor_DefaultValuesCorrect" storage="d:\actions-runner\_work\xpco\xpco\corporate\commonapi\videoos.management.vmoclient.unittests\bin\debug\net472\videoos.management.vmoclient.unittests.dll" id="db7d6672-a2e3-9784-8e5c-4f89f75796ff">
      <Execution id="2bdfcd10-e355-4449-a174-a8aeb9a4740a" />
      <TestMethod codeBase="D:\actions-runner\_work\XPCO\XPCO\Corporate\CommonAPI\VideoOS.Management.VmoClient.UnitTests\bin\Debug\net472\VideoOS.Management.VmoClient.UnitTests.dll" adapterTypeName="executor://mstestadapter/v2" className="VideoOS.Management.VmoClient.UnitTests.RoleTest" name="Role_Constructor_DefaultValuesCorrect" />
    </UnitTest>
    <UnitTest name="GetHighPriorityError_GivenVmoUnauthorizedAccessException_ReturnsVmoUnauthorizedAccessException" storage="d:\actions-runner\_work\xpco\xpco\corporate\commonapi\videoos.management.vmoclient.unittests\bin\debug\net472\videoos.management.vmoclient.unittests.dll" id="b9bb0503-6bf0-7661-9f64-3d0a8f4df1d1">
      <Execution id="c48d4cbe-bb15-4276-8618-cea33e1e8099" />
      <TestMethod codeBase="D:\actions-runner\_work\XPCO\XPCO\Corporate\CommonAPI\VideoOS.Management.VmoClient.UnitTests\bin\Debug\net472\VideoOS.Management.VmoClient.UnitTests.dll" adapterTypeName="executor://mstestadapter/v2" className="VideoOS.Management.VmoClient.UnitTests.SiteConnectorExceptionHandlerTests" name="GetHighPriorityError_GivenVmoUnauthorizedAccessException_ReturnsVmoUnauthorizedAccessException" />
    </UnitTest>
    <UnitTest name="Hardware_ReadPassword_NotCreated_Throws" storage="d:\actions-runner\_work\xpco\xpco\corporate\commonapi\videoos.management.vmoclient.unittests\bin\debug\net472\videoos.management.vmoclient.unittests.dll" id="2d3a935e-1e65-2fb9-dab5-366dee814adc">
      <Execution id="26ffc6ec-562e-4515-b2fa-99cda4d3ee4b" />
      <TestMethod codeBase="D:\actions-runner\_work\XPCO\XPCO\Corporate\CommonAPI\VideoOS.Management.VmoClient.UnitTests\bin\Debug\net472\VideoOS.Management.VmoClient.UnitTests.dll" adapterTypeName="executor://mstestadapter/v2" className="VideoOS.Management.VmoClient.UnitTests.HardwareTest" name="Hardware_ReadPassword_NotCreated_Throws" />
    </UnitTest>
    <UnitTest name="TaskMoveArchiveStorage_StartNew_Success" storage="d:\actions-runner\_work\xpco\xpco\corporate\commonapi\videoos.management.vmoclient.unittests\bin\debug\net472\videoos.management.vmoclient.unittests.dll" id="8e085391-7266-03a5-da23-786ae9cb2280">
      <Execution id="8691f231-9c8a-4346-a586-2577d4fd0621" />
      <TestMethod codeBase="D:\actions-runner\_work\XPCO\XPCO\Corporate\CommonAPI\VideoOS.Management.VmoClient.UnitTests\bin\Debug\net472\VideoOS.Management.VmoClient.UnitTests.dll" adapterTypeName="executor://mstestadapter/v2" className="VideoOS.Management.VmoClient.UnitTests.TaskMoveArchiveStorageTest" name="TaskMoveArchiveStorage_StartNew_Success" />
    </UnitTest>
    <UnitTest name="ResolveUICulture_ReturnFixedCurrentUICulture_WhenCurrentUICultureIsSet" storage="d:\actions-runner\_work\xpco\xpco\corporate\commonapi\videoos.management.vmoclient.unittests\bin\debug\net472\videoos.management.vmoclient.unittests.dll" id="dd8694ec-fc30-7bec-b122-aa378591b358">
      <Execution id="b45834d9-16a6-449a-9d77-f5235cc16436" />
      <TestMethod codeBase="D:\actions-runner\_work\XPCO\XPCO\Corporate\CommonAPI\VideoOS.Management.VmoClient.UnitTests\bin\Debug\net472\VideoOS.Management.VmoClient.UnitTests.dll" adapterTypeName="executor://mstestadapter/v2" className="VideoOS.Management.VmoClient.UnitTests.VmoClientEnvironmentUnitTests" name="ResolveUICulture_ReturnFixedCurrentUICulture_WhenCurrentUICultureIsSet" />
    </UnitTest>
    <UnitTest name="PrivateViewGroupp_Update_Success" storage="d:\actions-runner\_work\xpco\xpco\corporate\commonapi\videoos.management.vmoclient.unittests\bin\debug\net472\videoos.management.vmoclient.unittests.dll" id="0ebe1128-9d18-fd18-cb20-dde5231be97c">
      <Execution id="4be6476e-689b-4af4-b59c-254aedf23269" />
      <TestMethod codeBase="D:\actions-runner\_work\XPCO\XPCO\Corporate\CommonAPI\VideoOS.Management.VmoClient.UnitTests\bin\Debug\net472\VideoOS.Management.VmoClient.UnitTests.dll" adapterTypeName="executor://mstestadapter/v2" className="VideoOS.Management.VmoClient.UnitTests.PrivateViewGroupTest" name="PrivateViewGroupp_Update_Success" />
    </UnitTest>
    <UnitTest name="FailoverServer_Delete_Success" storage="d:\actions-runner\_work\xpco\xpco\corporate\commonapi\videoos.management.vmoclient.unittests\bin\debug\net472\videoos.management.vmoclient.unittests.dll" id="6a4ec7d9-a5ab-e6de-fe9f-73f7c5d8809b">
      <Execution id="9183adc3-3153-4fe8-afeb-be989d74be75" />
      <TestMethod codeBase="D:\actions-runner\_work\XPCO\XPCO\Corporate\CommonAPI\VideoOS.Management.VmoClient.UnitTests\bin\Debug\net472\VideoOS.Management.VmoClient.UnitTests.dll" adapterTypeName="executor://mstestadapter/v2" className="VideoOS.Management.VmoClient.UnitTests.FailoverServerTest" name="FailoverServer_Delete_Success" />
    </UnitTest>
    <UnitTest name="RecordingStorage_ChangeEncryptionMethod_Failed_Wrong_Method_None" storage="d:\actions-runner\_work\xpco\xpco\corporate\commonapi\videoos.management.vmoclient.unittests\bin\debug\net472\videoos.management.vmoclient.unittests.dll" id="6c5d3f2e-9daa-5438-2561-cee1896b95d6">
      <Execution id="e991dab8-02e8-448a-a77a-9528602ca46d" />
      <TestMethod codeBase="D:\actions-runner\_work\XPCO\XPCO\Corporate\CommonAPI\VideoOS.Management.VmoClient.UnitTests\bin\Debug\net472\VideoOS.Management.VmoClient.UnitTests.dll" adapterTypeName="executor://mstestadapter/v2" className="VideoOS.Management.VmoClient.UnitTests.RecordingStorageTest" name="RecordingStorage_ChangeEncryptionMethod_Failed_Wrong_Method_None" />
    </UnitTest>
    <UnitTest name="ErrorResultInstance_XML" storage="d:\actions-runner\_work\xpco\xpco\corporate\commonapi\videoos.management.vmoclient.unittests\bin\debug\net472\videoos.management.vmoclient.unittests.dll" id="75a03c35-ee62-94d4-b7e1-73fa3a012bb6">
      <Execution id="c245ba81-4ec9-46dc-819e-4495c1682a53" />
      <TestMethod codeBase="D:\actions-runner\_work\XPCO\XPCO\Corporate\CommonAPI\VideoOS.Management.VmoClient.UnitTests\bin\Debug\net472\VideoOS.Management.VmoClient.UnitTests.dll" adapterTypeName="executor://mstestadapter/v2" className="VideoOS.Management.VmoClient.UnitTests.TaskAsyncTaskTest" name="ErrorResultInstance_XML" />
    </UnitTest>
    <UnitTest name="ProxyClientServiceBase_CallWithRetry_Retry_ObjectDisposedException" storage="d:\actions-runner\_work\xpco\xpco\corporate\commonapi\videoos.management.vmoclient.unittests\bin\debug\net472\videoos.management.vmoclient.unittests.dll" id="4be8e7d7-bca8-9397-e404-43302107cf04">
      <Execution id="4492846e-300b-475e-b767-3ef546a765bd" />
      <TestMethod codeBase="D:\actions-runner\_work\XPCO\XPCO\Corporate\CommonAPI\VideoOS.Management.VmoClient.UnitTests\bin\Debug\net472\VideoOS.Management.VmoClient.UnitTests.dll" adapterTypeName="executor://mstestadapter/v2" className="VideoOS.Management.VmoClient.UnitTests.Framework.ProxyClientServiceBaseTest" name="ProxyClientServiceBase_CallWithRetry_Retry_ObjectDisposedException" />
    </UnitTest>
    <UnitTest name="ProxyClientServiceBase_CallWithRetry_NoRetry_SecurityNegotiationException" storage="d:\actions-runner\_work\xpco\xpco\corporate\commonapi\videoos.management.vmoclient.unittests\bin\debug\net472\videoos.management.vmoclient.unittests.dll" id="f393049b-fe76-1e12-208d-2ed18ae35e2b">
      <Execution id="e0ea966b-709a-442b-bfa8-8762fc80b266" />
      <TestMethod codeBase="D:\actions-runner\_work\XPCO\XPCO\Corporate\CommonAPI\VideoOS.Management.VmoClient.UnitTests\bin\Debug\net472\VideoOS.Management.VmoClient.UnitTests.dll" adapterTypeName="executor://mstestadapter/v2" className="VideoOS.Management.VmoClient.UnitTests.Framework.ProxyClientServiceBaseTest" name="ProxyClientServiceBase_CallWithRetry_NoRetry_SecurityNegotiationException" />
    </UnitTest>
    <UnitTest name="MIPObject_Repository_Registered" storage="d:\actions-runner\_work\xpco\xpco\corporate\commonapi\videoos.management.vmoclient.unittests\bin\debug\net472\videoos.management.vmoclient.unittests.dll" id="e6a5bd7b-7405-fc6a-b5bc-378f43c18431">
      <Execution id="090cbecc-1711-4ee1-b688-268eb36fb1b1" />
      <TestMethod codeBase="D:\actions-runner\_work\XPCO\XPCO\Corporate\CommonAPI\VideoOS.Management.VmoClient.UnitTests\bin\Debug\net472\VideoOS.Management.VmoClient.UnitTests.dll" adapterTypeName="executor://mstestadapter/v2" className="VideoOS.Management.VmoClient.UnitTests.MIPObjectTest" name="MIPObject_Repository_Registered" />
    </UnitTest>
    <UnitTest name="RuleSource_IsDeleted_Success" storage="d:\actions-runner\_work\xpco\xpco\corporate\commonapi\videoos.management.vmoclient.unittests\bin\debug\net472\videoos.management.vmoclient.unittests.dll" id="a2977a04-6cec-57ad-10ef-4f31b921c6d8">
      <Execution id="860f6031-225a-411f-8fe1-2d4a9b9442ac" />
      <TestMethod codeBase="D:\actions-runner\_work\XPCO\XPCO\Corporate\CommonAPI\VideoOS.Management.VmoClient.UnitTests\bin\Debug\net472\VideoOS.Management.VmoClient.UnitTests.dll" adapterTypeName="executor://mstestadapter/v2" className="VideoOS.Management.VmoClient.UnitTests.RuleSourceTest" name="RuleSource_IsDeleted_Success" />
    </UnitTest>
    <UnitTest name="Add_UniqueItemsUnderHeavyLoad_ShouldSuccess" storage="d:\actions-runner\_work\xpco\xpco\corporate\commonapi\videoos.management.vmoclient.unittests\bin\debug\net472\videoos.management.vmoclient.unittests.dll" id="7e49d211-33c9-5592-25e4-c124dfa62afe">
      <Execution id="5c3b6aa2-a42f-4e87-9328-62313699f9de" />
      <TestMethod codeBase="D:\actions-runner\_work\XPCO\XPCO\Corporate\CommonAPI\VideoOS.Management.VmoClient.UnitTests\bin\Debug\net472\VideoOS.Management.VmoClient.UnitTests.dll" adapterTypeName="executor://mstestadapter/v2" className="VideoOS.Management.VmoClient.UnitTests.SiteTokenCacheStoreTests" name="Add_UniqueItemsUnderHeavyLoad_ShouldSuccess" />
    </UnitTest>
    <UnitTest name="GetIdpInfo_GivenErrorResponseFromIdpServerValidationLongTimeout_ShouldThrow" storage="d:\actions-runner\_work\xpco\xpco\corporate\commonapi\videoos.management.vmoclient.unittests\bin\debug\net472\videoos.management.vmoclient.unittests.dll" id="cbf50a76-c1d6-e3d2-04f2-a9504eb28170">
      <Execution id="f62b59b1-8449-4bce-9332-9c04f34a2b93" />
      <TestMethod codeBase="D:\actions-runner\_work\XPCO\XPCO\Corporate\CommonAPI\VideoOS.Management.VmoClient.UnitTests\bin\Debug\net472\VideoOS.Management.VmoClient.UnitTests.dll" adapterTypeName="executor://mstestadapter/v2" className="VideoOS.Management.VmoClient.UnitTests.SiteIdpConnectorTests" name="GetIdpInfo_GivenErrorResponseFromIdpServerValidationLongTimeout_ShouldThrow" />
    </UnitTest>
    <UnitTest name="PatrollingProfile_InsertStepFirst_Create_PatrollingStep_Position" storage="d:\actions-runner\_work\xpco\xpco\corporate\commonapi\videoos.management.vmoclient.unittests\bin\debug\net472\videoos.management.vmoclient.unittests.dll" id="b306b4b4-b01e-e83f-8bed-abc820a675c9">
      <TestCategory>
        <TestCategoryItem TestCategory="Patrolling Profile" />
      </TestCategory>
      <Execution id="82f6d133-9e52-4a9b-b896-f5610094ac7d" />
      <TestMethod codeBase="D:\actions-runner\_work\XPCO\XPCO\Corporate\CommonAPI\VideoOS.Management.VmoClient.UnitTests\bin\Debug\net472\VideoOS.Management.VmoClient.UnitTests.dll" adapterTypeName="executor://mstestadapter/v2" className="VideoOS.Management.VmoClient.UnitTests.PatrollingProfileTest" name="PatrollingProfile_InsertStepFirst_Create_PatrollingStep_Position" />
    </UnitTest>
    <UnitTest name="Construct_Credentials_AllowUnsecure_ForceLegacy_Success" storage="d:\actions-runner\_work\xpco\xpco\corporate\commonapi\videoos.management.vmoclient.unittests\bin\debug\net472\videoos.management.vmoclient.unittests.dll" id="96eb4e0c-1d26-4061-6cc8-97843949af2c">
      <TestCategory>
        <TestCategoryItem TestCategory="Vmo Site Connection Tests" />
      </TestCategory>
      <Execution id="6bdbabac-73e9-4be5-b188-ec8f5340782c" />
      <TestMethod codeBase="D:\actions-runner\_work\XPCO\XPCO\Corporate\CommonAPI\VideoOS.Management.VmoClient.UnitTests\bin\Debug\net472\VideoOS.Management.VmoClient.UnitTests.dll" adapterTypeName="executor://mstestadapter/v2" className="VideoOS.Management.VmoClient.UnitTests.Connection.SiteConnectionInfoWindowsTests" name="Construct_Credentials_AllowUnsecure_ForceLegacy_Success" />
    </UnitTest>
    <UnitTest name="ArchiveStorage_Undo_IsDirty_Schedule" storage="d:\actions-runner\_work\xpco\xpco\corporate\commonapi\videoos.management.vmoclient.unittests\bin\debug\net472\videoos.management.vmoclient.unittests.dll" id="a7e854b3-ad0c-30c9-739e-808a4e52d5c7">
      <Execution id="fcb3684e-4ad9-4b27-bf0c-3d49a10c7de1" />
      <TestMethod codeBase="D:\actions-runner\_work\XPCO\XPCO\Corporate\CommonAPI\VideoOS.Management.VmoClient.UnitTests\bin\Debug\net472\VideoOS.Management.VmoClient.UnitTests.dll" adapterTypeName="executor://mstestadapter/v2" className="VideoOS.Management.VmoClient.UnitTests.ArchiveStorageTest" name="ArchiveStorage_Undo_IsDirty_Schedule" />
    </UnitTest>
    <UnitTest name="RuleSource_Constructor_CheckForVersion_7_0_and_throws" storage="d:\actions-runner\_work\xpco\xpco\corporate\commonapi\videoos.management.vmoclient.unittests\bin\debug\net472\videoos.management.vmoclient.unittests.dll" id="a8b2ad7f-d16a-06bb-ce68-4f9c44900dc6">
      <Execution id="ace9f584-dffa-4978-a483-90df8fad2904" />
      <TestMethod codeBase="D:\actions-runner\_work\XPCO\XPCO\Corporate\CommonAPI\VideoOS.Management.VmoClient.UnitTests\bin\Debug\net472\VideoOS.Management.VmoClient.UnitTests.dll" adapterTypeName="executor://mstestadapter/v2" className="VideoOS.Management.VmoClient.UnitTests.RuleSourceTest" name="RuleSource_Constructor_CheckForVersion_7_0_and_throws" />
    </UnitTest>
    <UnitTest name="BasicUser_Change_Password_Success" storage="d:\actions-runner\_work\xpco\xpco\corporate\commonapi\videoos.management.vmoclient.unittests\bin\debug\net472\videoos.management.vmoclient.unittests.dll" id="6f80ac3e-eac4-eeb8-eaa8-93987001cc45">
      <Execution id="29a8a499-c29f-46d5-a73c-fc7cbd9ff491" />
      <TestMethod codeBase="D:\actions-runner\_work\XPCO\XPCO\Corporate\CommonAPI\VideoOS.Management.VmoClient.UnitTests\bin\Debug\net472\VideoOS.Management.VmoClient.UnitTests.dll" adapterTypeName="executor://mstestadapter/v2" className="VideoOS.Management.VmoClient.UnitTests.BasicUserTest" name="BasicUser_Change_Password_Success" />
    </UnitTest>
    <UnitTest name="ServerVersionConstructor_NegativeMajor_Failure" storage="d:\actions-runner\_work\xpco\xpco\corporate\commonapi\videoos.management.vmoclient.unittests\bin\debug\net472\videoos.management.vmoclient.unittests.dll" id="991a207f-8218-8e85-a46c-6261735a3316">
      <TestCategory>
        <TestCategoryItem TestCategory="Server Version" />
      </TestCategory>
      <Execution id="a1d0c6f9-93fd-4c52-ba25-775a2b642fe7" />
      <TestMethod codeBase="D:\actions-runner\_work\XPCO\XPCO\Corporate\CommonAPI\VideoOS.Management.VmoClient.UnitTests\bin\Debug\net472\VideoOS.Management.VmoClient.UnitTests.dll" adapterTypeName="executor://mstestadapter/v2" className="VideoOS.Management.VmoClient.Tests.ServerVersionTests" name="ServerVersionConstructor_NegativeMajor_Failure" />
    </UnitTest>
    <UnitTest name="GetSiteConnectionResultTokenExchange_NullInput_Throws" storage="d:\actions-runner\_work\xpco\xpco\corporate\commonapi\videoos.management.vmoclient.unittests\bin\debug\net472\videoos.management.vmoclient.unittests.dll" id="3661ba45-91b7-bddd-f619-009a609052d9">
      <TestCategory>
        <TestCategoryItem TestCategory="Vmo Site Connection Tests" />
      </TestCategory>
      <Execution id="7b4b6ab5-167e-40da-9a28-71db56d210db" />
      <TestMethod codeBase="D:\actions-runner\_work\XPCO\XPCO\Corporate\CommonAPI\VideoOS.Management.VmoClient.UnitTests\bin\Debug\net472\VideoOS.Management.VmoClient.UnitTests.dll" adapterTypeName="executor://mstestadapter/v2" className="VideoOS.Management.VmoClient.UnitTests.SiteConnectorOAuthTest" name="GetSiteConnectionResultTokenExchange_NullInput_Throws" />
    </UnitTest>
    <UnitTest name="ManagementServer_RefreshLicenseCache_Before_v133_NotSupported" storage="d:\actions-runner\_work\xpco\xpco\corporate\commonapi\videoos.management.vmoclient.unittests\bin\debug\net472\videoos.management.vmoclient.unittests.dll" id="46b522aa-ca89-4fe7-ec76-8cae48a8ed03">
      <Execution id="83a9fe61-3683-43a0-bdd0-b4a4d50a10f5" />
      <TestMethod codeBase="D:\actions-runner\_work\XPCO\XPCO\Corporate\CommonAPI\VideoOS.Management.VmoClient.UnitTests\bin\Debug\net472\VideoOS.Management.VmoClient.UnitTests.dll" adapterTypeName="executor://mstestadapter/v2" className="VideoOS.Management.VmoClient.UnitTests.ManagementServerTest" name="ManagementServer_RefreshLicenseCache_Before_v133_NotSupported" />
    </UnitTest>
    <UnitTest name="TryConnect_GivenSuccess_ShouldReturnVmoClient" storage="d:\actions-runner\_work\xpco\xpco\corporate\commonapi\videoos.management.vmoclient.unittests\bin\debug\net472\videoos.management.vmoclient.unittests.dll" id="0d1a5cb9-1901-53db-c399-c908262a6a8d">
      <Execution id="25eb43a2-1f25-4465-8fd4-c987dea27416" />
      <TestMethod codeBase="D:\actions-runner\_work\XPCO\XPCO\Corporate\CommonAPI\VideoOS.Management.VmoClient.UnitTests\bin\Debug\net472\VideoOS.Management.VmoClient.UnitTests.dll" adapterTypeName="executor://mstestadapter/v2" className="VideoOS.Management.VmoClient.UnitTests.SiteVmoConnectorTests" name="TryConnect_GivenSuccess_ShouldReturnVmoClient" />
    </UnitTest>
    <UnitTest name="Construct_AllowUnsecure_DoNotForceLegacy_Success" storage="d:\actions-runner\_work\xpco\xpco\corporate\commonapi\videoos.management.vmoclient.unittests\bin\debug\net472\videoos.management.vmoclient.unittests.dll" id="ac768ee7-b9a1-a822-a15e-d21c960fee16">
      <TestCategory>
        <TestCategoryItem TestCategory="Vmo Site Connection Tests" />
      </TestCategory>
      <Execution id="25bf13ae-8261-4b06-83a7-1b6cb87e4242" />
      <TestMethod codeBase="D:\actions-runner\_work\XPCO\XPCO\Corporate\CommonAPI\VideoOS.Management.VmoClient.UnitTests\bin\Debug\net472\VideoOS.Management.VmoClient.UnitTests.dll" adapterTypeName="executor://mstestadapter/v2" className="VideoOS.Management.VmoClient.UnitTests.Connection.SiteConnectionInfoWindowsTests" name="Construct_AllowUnsecure_DoNotForceLegacy_Success" />
    </UnitTest>
    <UnitTest name="PrivateViewGroup_Refresh_Success" storage="d:\actions-runner\_work\xpco\xpco\corporate\commonapi\videoos.management.vmoclient.unittests\bin\debug\net472\videoos.management.vmoclient.unittests.dll" id="3aa7df36-11fe-1cc4-e0ce-8bf81be0287a">
      <Execution id="254002cd-09ac-41f4-b687-3376177a2f37" />
      <TestMethod codeBase="D:\actions-runner\_work\XPCO\XPCO\Corporate\CommonAPI\VideoOS.Management.VmoClient.UnitTests\bin\Debug\net472\VideoOS.Management.VmoClient.UnitTests.dll" adapterTypeName="executor://mstestadapter/v2" className="VideoOS.Management.VmoClient.UnitTests.PrivateViewGroupTest" name="PrivateViewGroup_Refresh_Success" />
    </UnitTest>
    <UnitTest name="AxisOneClickCamera_Create_Success" storage="d:\actions-runner\_work\xpco\xpco\corporate\commonapi\videoos.management.vmoclient.unittests\bin\debug\net472\videoos.management.vmoclient.unittests.dll" id="cf1d76bd-7090-076c-6692-f1dc7942f270">
      <Execution id="270114fb-b040-4393-97db-33871b161d83" />
      <TestMethod codeBase="D:\actions-runner\_work\XPCO\XPCO\Corporate\CommonAPI\VideoOS.Management.VmoClient.UnitTests\bin\Debug\net472\VideoOS.Management.VmoClient.UnitTests.dll" adapterTypeName="executor://mstestadapter/v2" className="VideoOS.Management.VmoClient.UnitTests.AxisOneClickCameraTest" name="AxisOneClickCamera_Create_Success" />
    </UnitTest>
    <UnitTest name="PrivateViewGroup_Repository_Registered" storage="d:\actions-runner\_work\xpco\xpco\corporate\commonapi\videoos.management.vmoclient.unittests\bin\debug\net472\videoos.management.vmoclient.unittests.dll" id="3389043b-e51f-9966-6a46-1df0f5e9e992">
      <Execution id="bdd9a60e-defd-4e07-a64e-a2c2d827f27b" />
      <TestMethod codeBase="D:\actions-runner\_work\XPCO\XPCO\Corporate\CommonAPI\VideoOS.Management.VmoClient.UnitTests\bin\Debug\net472\VideoOS.Management.VmoClient.UnitTests.dll" adapterTypeName="executor://mstestadapter/v2" className="VideoOS.Management.VmoClient.UnitTests.PrivateViewGroupTest" name="PrivateViewGroup_Repository_Registered" />
    </UnitTest>
    <UnitTest name="BasicUser_Update_CheckVersionCalled" storage="d:\actions-runner\_work\xpco\xpco\corporate\commonapi\videoos.management.vmoclient.unittests\bin\debug\net472\videoos.management.vmoclient.unittests.dll" id="38e2ddd4-5f85-e174-be72-83671ff805af">
      <Execution id="95d26ba3-8b46-4556-aabe-f2967288febe" />
      <TestMethod codeBase="D:\actions-runner\_work\XPCO\XPCO\Corporate\CommonAPI\VideoOS.Management.VmoClient.UnitTests\bin\Debug\net472\VideoOS.Management.VmoClient.UnitTests.dll" adapterTypeName="executor://mstestadapter/v2" className="VideoOS.Management.VmoClient.UnitTests.BasicUserTest" name="BasicUser_Update_CheckVersionCalled" />
    </UnitTest>
    <UnitTest name="ValidateSchemas_ISiteConnectionInfoBase_Null_Empty_Result" storage="d:\actions-runner\_work\xpco\xpco\corporate\commonapi\videoos.management.vmoclient.unittests\bin\debug\net472\videoos.management.vmoclient.unittests.dll" id="725da74e-2346-5830-4c52-cfe52338caef">
      <TestCategory>
        <TestCategoryItem TestCategory="Vmo Site Connection Tests" />
      </TestCategory>
      <Execution id="84945293-3d85-4e91-9766-ed363071704d" />
      <TestMethod codeBase="D:\actions-runner\_work\XPCO\XPCO\Corporate\CommonAPI\VideoOS.Management.VmoClient.UnitTests\bin\Debug\net472\VideoOS.Management.VmoClient.UnitTests.dll" adapterTypeName="executor://mstestadapter/v2" className="VideoOS.Management.VmoClient.UnitTests.SiteAddressValidatorTest" name="ValidateSchemas_ISiteConnectionInfoBase_Null_Empty_Result" />
    </UnitTest>
    <UnitTest name="BasicOwnerInfo_Constructor_Name_Null_Check" storage="d:\actions-runner\_work\xpco\xpco\corporate\commonapi\videoos.management.vmoclient.unittests\bin\debug\net472\videoos.management.vmoclient.unittests.dll" id="e7efe658-69d3-442d-ec61-af51932cbb49">
      <Execution id="2860b715-56b3-4915-9877-770e89019ddf" />
      <TestMethod codeBase="D:\actions-runner\_work\XPCO\XPCO\Corporate\CommonAPI\VideoOS.Management.VmoClient.UnitTests\bin\Debug\net472\VideoOS.Management.VmoClient.UnitTests.dll" adapterTypeName="executor://mstestadapter/v2" className="VideoOS.Management.VmoClient.UnitTests.BasicOwnerInfoTest" name="BasicOwnerInfo_Constructor_Name_Null_Check" />
    </UnitTest>
    <UnitTest name="RecordingServer_CustomProperties_CheckForVersion_7_0_and_throws" storage="d:\actions-runner\_work\xpco\xpco\corporate\commonapi\videoos.management.vmoclient.unittests\bin\debug\net472\videoos.management.vmoclient.unittests.dll" id="e0c9131b-164e-efd9-9c38-343bf3724bdf">
      <Execution id="b90c23a2-2c73-481d-acd4-b07be1230ada" />
      <TestMethod codeBase="D:\actions-runner\_work\XPCO\XPCO\Corporate\CommonAPI\VideoOS.Management.VmoClient.UnitTests\bin\Debug\net472\VideoOS.Management.VmoClient.UnitTests.dll" adapterTypeName="executor://mstestadapter/v2" className="VideoOS.Management.VmoClient.UnitTests.RecordingServerTest" name="RecordingServer_CustomProperties_CheckForVersion_7_0_and_throws" />
    </UnitTest>
    <UnitTest name="Role_Add_Member_Check_Empty_Name" storage="d:\actions-runner\_work\xpco\xpco\corporate\commonapi\videoos.management.vmoclient.unittests\bin\debug\net472\videoos.management.vmoclient.unittests.dll" id="24aeb25f-b6c2-eb3a-e230-1fad8652d704">
      <Execution id="5767b2ea-44f6-4c14-a537-cbc7704063c1" />
      <TestMethod codeBase="D:\actions-runner\_work\XPCO\XPCO\Corporate\CommonAPI\VideoOS.Management.VmoClient.UnitTests\bin\Debug\net472\VideoOS.Management.VmoClient.UnitTests.dll" adapterTypeName="executor://mstestadapter/v2" className="VideoOS.Management.VmoClient.UnitTests.RoleTest" name="Role_Add_Member_Check_Empty_Name" />
    </UnitTest>
    <UnitTest name="SunClockTimeProfile_Create_Success_Constructor" storage="d:\actions-runner\_work\xpco\xpco\corporate\commonapi\videoos.management.vmoclient.unittests\bin\debug\net472\videoos.management.vmoclient.unittests.dll" id="9a27e1bb-32db-df63-a1f2-721797c755e4">
      <Execution id="cbd7bc98-9c95-44d0-b9fd-8f13b61a6889" />
      <TestMethod codeBase="D:\actions-runner\_work\XPCO\XPCO\Corporate\CommonAPI\VideoOS.Management.VmoClient.UnitTests\bin\Debug\net472\VideoOS.Management.VmoClient.UnitTests.dll" adapterTypeName="executor://mstestadapter/v2" className="VideoOS.Management.VmoClient.UnitTests.SunClockTimeProfileTest" name="SunClockTimeProfile_Create_Success_Constructor" />
    </UnitTest>
    <UnitTest name="ViewItem_Update_Success" storage="d:\actions-runner\_work\xpco\xpco\corporate\commonapi\videoos.management.vmoclient.unittests\bin\debug\net472\videoos.management.vmoclient.unittests.dll" id="4d978fde-d2e4-7575-3eed-9dc58ed9998c">
      <Execution id="9feac08e-c9cd-4dff-9df0-569b385d629b" />
      <TestMethod codeBase="D:\actions-runner\_work\XPCO\XPCO\Corporate\CommonAPI\VideoOS.Management.VmoClient.UnitTests\bin\Debug\net472\VideoOS.Management.VmoClient.UnitTests.dll" adapterTypeName="executor://mstestadapter/v2" className="VideoOS.Management.VmoClient.UnitTests.ViewItemTest" name="ViewItem_Update_Success" />
    </UnitTest>
    <UnitTest name="GenericRepositoryTestCreateObject" storage="d:\actions-runner\_work\xpco\xpco\corporate\commonapi\videoos.management.vmoclient.unittests\bin\debug\net472\videoos.management.vmoclient.unittests.dll" id="0af3213e-059e-26ef-5d31-73b906060b62">
      <Execution id="6744ce37-18c6-48bb-a67c-337faacf9458" />
      <TestMethod codeBase="D:\actions-runner\_work\XPCO\XPCO\Corporate\CommonAPI\VideoOS.Management.VmoClient.UnitTests\bin\Debug\net472\VideoOS.Management.VmoClient.UnitTests.dll" adapterTypeName="executor://mstestadapter/v2" className="VideoOS.Management.VmoClient.UnitTests.GenericRepositoryTest" name="GenericRepositoryTestCreateObject" />
    </UnitTest>
    <UnitTest name="Hardware_Driver_Version_Construct_Device_Pack_Driver3" storage="d:\actions-runner\_work\xpco\xpco\corporate\commonapi\videoos.management.vmoclient.unittests\bin\debug\net472\videoos.management.vmoclient.unittests.dll" id="71c415b8-c9ea-aeb7-723c-5122b9e2f843">
      <Execution id="1776b96c-8310-4972-a8d8-f5d2760dfc8d" />
      <TestMethod codeBase="D:\actions-runner\_work\XPCO\XPCO\Corporate\CommonAPI\VideoOS.Management.VmoClient.UnitTests\bin\Debug\net472\VideoOS.Management.VmoClient.UnitTests.dll" adapterTypeName="executor://mstestadapter/v2" className="VideoOS.Management.VmoClient.UnitTests.HardwareDriverVersionTest" name="Hardware_Driver_Version_Construct_Device_Pack_Driver3" />
    </UnitTest>
    <UnitTest name="MIPObjectGroup_Constructor_DefaultValuesCorrect" storage="d:\actions-runner\_work\xpco\xpco\corporate\commonapi\videoos.management.vmoclient.unittests\bin\debug\net472\videoos.management.vmoclient.unittests.dll" id="91f8128f-bf3b-28e3-f019-7c15bf28820b">
      <Execution id="a976b0df-9854-43d5-9112-6cb454bbfc2b" />
      <TestMethod codeBase="D:\actions-runner\_work\XPCO\XPCO\Corporate\CommonAPI\VideoOS.Management.VmoClient.UnitTests\bin\Debug\net472\VideoOS.Management.VmoClient.UnitTests.dll" adapterTypeName="executor://mstestadapter/v2" className="VideoOS.Management.VmoClient.UnitTests.MIPObjectTest" name="MIPObjectGroup_Constructor_DefaultValuesCorrect" />
    </UnitTest>
    <UnitTest name="TaskMoveArchiveStorage_Refresh_Success" storage="d:\actions-runner\_work\xpco\xpco\corporate\commonapi\videoos.management.vmoclient.unittests\bin\debug\net472\videoos.management.vmoclient.unittests.dll" id="ebef56bb-4a93-6ee6-dc36-391fde0761f0">
      <Execution id="0454018d-e2d3-48d7-b95e-9309a48ac8f5" />
      <TestMethod codeBase="D:\actions-runner\_work\XPCO\XPCO\Corporate\CommonAPI\VideoOS.Management.VmoClient.UnitTests\bin\Debug\net472\VideoOS.Management.VmoClient.UnitTests.dll" adapterTypeName="executor://mstestadapter/v2" className="VideoOS.Management.VmoClient.UnitTests.TaskMoveArchiveStorageTest" name="TaskMoveArchiveStorage_Refresh_Success" />
    </UnitTest>
    <UnitTest name="ExceptionConverter_GetConnectionConvertedException_CommunicationException_Derived" storage="d:\actions-runner\_work\xpco\xpco\corporate\commonapi\videoos.management.vmoclient.unittests\bin\debug\net472\videoos.management.vmoclient.unittests.dll" id="e25121b3-b4d1-3721-64e9-8d8b5c315127">
      <Execution id="86baf2e7-a20d-418f-ac12-50f001ccf753" />
      <TestMethod codeBase="D:\actions-runner\_work\XPCO\XPCO\Corporate\CommonAPI\VideoOS.Management.VmoClient.UnitTests\bin\Debug\net472\VideoOS.Management.VmoClient.UnitTests.dll" adapterTypeName="executor://mstestadapter/v2" className="VideoOS.Management.VmoClient.UnitTests.Utils.ExceptionConverterTest" name="ExceptionConverter_GetConnectionConvertedException_CommunicationException_Derived" />
    </UnitTest>
    <UnitTest name="RuleSource_Create_CheckVersionCalled" storage="d:\actions-runner\_work\xpco\xpco\corporate\commonapi\videoos.management.vmoclient.unittests\bin\debug\net472\videoos.management.vmoclient.unittests.dll" id="5800465d-46a5-5773-cf9a-3a02d11bfc1d">
      <Execution id="b8612b50-8214-417e-bb7e-791e7fc2b3ad" />
      <TestMethod codeBase="D:\actions-runner\_work\XPCO\XPCO\Corporate\CommonAPI\VideoOS.Management.VmoClient.UnitTests\bin\Debug\net472\VideoOS.Management.VmoClient.UnitTests.dll" adapterTypeName="executor://mstestadapter/v2" className="VideoOS.Management.VmoClient.UnitTests.RuleSourceTest" name="RuleSource_Create_CheckVersionCalled" />
    </UnitTest>
    <UnitTest name="Monitor_Refresh_Success" storage="d:\actions-runner\_work\xpco\xpco\corporate\commonapi\videoos.management.vmoclient.unittests\bin\debug\net472\videoos.management.vmoclient.unittests.dll" id="6eea6688-c562-2d57-43e8-db5123d547c4">
      <Execution id="cac87fd8-d680-48d5-b203-09bdc393735c" />
      <TestMethod codeBase="D:\actions-runner\_work\XPCO\XPCO\Corporate\CommonAPI\VideoOS.Management.VmoClient.UnitTests\bin\Debug\net472\VideoOS.Management.VmoClient.UnitTests.dll" adapterTypeName="executor://mstestadapter/v2" className="VideoOS.Management.VmoClient.UnitTests.MonitorTest" name="Monitor_Refresh_Success" />
    </UnitTest>
    <UnitTest name="GetSiteConnectionResult_GivenHttpAddresses_ShouldReturnFastestSucccess" storage="d:\actions-runner\_work\xpco\xpco\corporate\commonapi\videoos.management.vmoclient.unittests\bin\debug\net472\videoos.management.vmoclient.unittests.dll" id="dd74fdb8-50db-17b8-59ef-fa8a5d70c0e7">
      <Execution id="74af51e6-08cb-4d01-a441-6db45c357a8d" />
      <TestMethod codeBase="D:\actions-runner\_work\XPCO\XPCO\Corporate\CommonAPI\VideoOS.Management.VmoClient.UnitTests\bin\Debug\net472\VideoOS.Management.VmoClient.UnitTests.dll" adapterTypeName="executor://mstestadapter/v2" className="VideoOS.Management.VmoClient.UnitTests.SiteConnectorLegacyTests" name="GetSiteConnectionResult_GivenHttpAddresses_ShouldReturnFastestSucccess" />
    </UnitTest>
    <UnitTest name="ViewItem_Repository_Registered" storage="d:\actions-runner\_work\xpco\xpco\corporate\commonapi\videoos.management.vmoclient.unittests\bin\debug\net472\videoos.management.vmoclient.unittests.dll" id="c94caaa0-3d95-fc6f-ccef-52f8da2c21a2">
      <Execution id="6972174b-e8ca-4e49-8cd4-5375d04e72e0" />
      <TestMethod codeBase="D:\actions-runner\_work\XPCO\XPCO\Corporate\CommonAPI\VideoOS.Management.VmoClient.UnitTests\bin\Debug\net472\VideoOS.Management.VmoClient.UnitTests.dll" adapterTypeName="executor://mstestadapter/v2" className="VideoOS.Management.VmoClient.UnitTests.ViewItemTest" name="ViewItem_Repository_Registered" />
    </UnitTest>
    <UnitTest name="Recorder_Repository_Registered" storage="d:\actions-runner\_work\xpco\xpco\corporate\commonapi\videoos.management.vmoclient.unittests\bin\debug\net472\videoos.management.vmoclient.unittests.dll" id="e9f1c1b3-1720-4319-f203-5b4b4c0ae31e">
      <Execution id="04a26ec5-f5fa-4d00-a683-1b8b54c03849" />
      <TestMethod codeBase="D:\actions-runner\_work\XPCO\XPCO\Corporate\CommonAPI\VideoOS.Management.VmoClient.UnitTests\bin\Debug\net472\VideoOS.Management.VmoClient.UnitTests.dll" adapterTypeName="executor://mstestadapter/v2" className="VideoOS.Management.VmoClient.UnitTests.RecordingServerTest" name="Recorder_Repository_Registered" />
    </UnitTest>
    <UnitTest name="Role_Copy_Role_Check_Object_Created" storage="d:\actions-runner\_work\xpco\xpco\corporate\commonapi\videoos.management.vmoclient.unittests\bin\debug\net472\videoos.management.vmoclient.unittests.dll" id="0cdeff38-5fa8-db73-cd08-612bf167b15b">
      <Execution id="867c074f-42b7-4759-89b7-7c55721e23f8" />
      <TestMethod codeBase="D:\actions-runner\_work\XPCO\XPCO\Corporate\CommonAPI\VideoOS.Management.VmoClient.UnitTests\bin\Debug\net472\VideoOS.Management.VmoClient.UnitTests.dll" adapterTypeName="executor://mstestadapter/v2" className="VideoOS.Management.VmoClient.UnitTests.RoleTest" name="Role_Copy_Role_Check_Object_Created" />
    </UnitTest>
    <UnitTest name="GenericRepositoryTestGetObjectByIdsServerCalled" storage="d:\actions-runner\_work\xpco\xpco\corporate\commonapi\videoos.management.vmoclient.unittests\bin\debug\net472\videoos.management.vmoclient.unittests.dll" id="d2fb9de0-5e4f-ac12-aa83-8550f95e5a01">
      <Execution id="aba16e99-1a83-46c0-be66-db7d48f99843" />
      <TestMethod codeBase="D:\actions-runner\_work\XPCO\XPCO\Corporate\CommonAPI\VideoOS.Management.VmoClient.UnitTests\bin\Debug\net472\VideoOS.Management.VmoClient.UnitTests.dll" adapterTypeName="executor://mstestadapter/v2" className="VideoOS.Management.VmoClient.UnitTests.GenericRepositoryTest" name="GenericRepositoryTestGetObjectByIdsServerCalled" />
    </UnitTest>
    <UnitTest name="SystemDashboardConfiguration_Constructor_CheckForVersion_7_0_and_throws" storage="d:\actions-runner\_work\xpco\xpco\corporate\commonapi\videoos.management.vmoclient.unittests\bin\debug\net472\videoos.management.vmoclient.unittests.dll" id="4806cae8-8634-8ad0-07cf-c99145fe57aa">
      <Execution id="66685dde-0ec0-4187-94c7-1bf7461deb2f" />
      <TestMethod codeBase="D:\actions-runner\_work\XPCO\XPCO\Corporate\CommonAPI\VideoOS.Management.VmoClient.UnitTests\bin\Debug\net472\VideoOS.Management.VmoClient.UnitTests.dll" adapterTypeName="executor://mstestadapter/v2" className="VideoOS.Management.VmoClient.UnitTests.SystemDashboardConfigTest" name="SystemDashboardConfiguration_Constructor_CheckForVersion_7_0_and_throws" />
    </UnitTest>
    <UnitTest name="FailoverServer_Refresh_Success" storage="d:\actions-runner\_work\xpco\xpco\corporate\commonapi\videoos.management.vmoclient.unittests\bin\debug\net472\videoos.management.vmoclient.unittests.dll" id="9f58e3bf-ac9c-8be5-958b-fc524fae0cfd">
      <Execution id="5ad03366-dea8-4ce4-bb62-4f8feacdec3d" />
      <TestMethod codeBase="D:\actions-runner\_work\XPCO\XPCO\Corporate\CommonAPI\VideoOS.Management.VmoClient.UnitTests\bin\Debug\net472\VideoOS.Management.VmoClient.UnitTests.dll" adapterTypeName="executor://mstestadapter/v2" className="VideoOS.Management.VmoClient.UnitTests.FailoverServerTest" name="FailoverServer_Refresh_Success" />
    </UnitTest>
    <UnitTest name="CameraDevice_RequestEdgeStorageRetrieval_Fail_NotSupported" storage="d:\actions-runner\_work\xpco\xpco\corporate\commonapi\videoos.management.vmoclient.unittests\bin\debug\net472\videoos.management.vmoclient.unittests.dll" id="ef727d84-0446-236e-df91-a9083a3b0329">
      <Execution id="86fc9805-cb52-43d6-98a2-376d2ac85e22" />
      <TestMethod codeBase="D:\actions-runner\_work\XPCO\XPCO\Corporate\CommonAPI\VideoOS.Management.VmoClient.UnitTests\bin\Debug\net472\VideoOS.Management.VmoClient.UnitTests.dll" adapterTypeName="executor://mstestadapter/v2" className="VideoOS.Management.VmoClient.UnitTests.CameraDeviceTest" name="CameraDevice_RequestEdgeStorageRetrieval_Fail_NotSupported" />
    </UnitTest>
    <UnitTest name="MIPObject_Refresh_Success" storage="d:\actions-runner\_work\xpco\xpco\corporate\commonapi\videoos.management.vmoclient.unittests\bin\debug\net472\videoos.management.vmoclient.unittests.dll" id="066db0e8-7c2f-2450-7b03-19ea9406f013">
      <Execution id="2a9aee42-4cc6-4f62-b1c3-5468ee0af0a0" />
      <TestMethod codeBase="D:\actions-runner\_work\XPCO\XPCO\Corporate\CommonAPI\VideoOS.Management.VmoClient.UnitTests\bin\Debug\net472\VideoOS.Management.VmoClient.UnitTests.dll" adapterTypeName="executor://mstestadapter/v2" className="VideoOS.Management.VmoClient.UnitTests.MIPObjectTest" name="MIPObject_Refresh_Success" />
    </UnitTest>
    <UnitTest name="AxisOneClickCamera_Update_Success" storage="d:\actions-runner\_work\xpco\xpco\corporate\commonapi\videoos.management.vmoclient.unittests\bin\debug\net472\videoos.management.vmoclient.unittests.dll" id="f1468078-d704-e46e-8b9b-dc06c9238da1">
      <Execution id="e9efa511-c4ea-4e3c-9fdd-ed4dfb7a4eac" />
      <TestMethod codeBase="D:\actions-runner\_work\XPCO\XPCO\Corporate\CommonAPI\VideoOS.Management.VmoClient.UnitTests\bin\Debug\net472\VideoOS.Management.VmoClient.UnitTests.dll" adapterTypeName="executor://mstestadapter/v2" className="VideoOS.Management.VmoClient.UnitTests.AxisOneClickCameraTest" name="AxisOneClickCamera_Update_Success" />
    </UnitTest>
    <UnitTest name="PublicViewGroup_Constructor_Name_Null_Check" storage="d:\actions-runner\_work\xpco\xpco\corporate\commonapi\videoos.management.vmoclient.unittests\bin\debug\net472\videoos.management.vmoclient.unittests.dll" id="578b66cf-7c0f-d4f3-e487-f16b179e6e14">
      <Execution id="85ba68f0-e25e-4a2a-8c35-e454dda1b81e" />
      <TestMethod codeBase="D:\actions-runner\_work\XPCO\XPCO\Corporate\CommonAPI\VideoOS.Management.VmoClient.UnitTests\bin\Debug\net472\VideoOS.Management.VmoClient.UnitTests.dll" adapterTypeName="executor://mstestadapter/v2" className="VideoOS.Management.VmoClient.UnitTests.PublicViewGroupTest" name="PublicViewGroup_Constructor_Name_Null_Check" />
    </UnitTest>
    <UnitTest name="RetentionOptionRoleRelation_Update_CheckVersionCalled" storage="d:\actions-runner\_work\xpco\xpco\corporate\commonapi\videoos.management.vmoclient.unittests\bin\debug\net472\videoos.management.vmoclient.unittests.dll" id="3171cdd5-293f-c248-7c47-d16494845ebd">
      <Execution id="c402d201-ffef-4432-bf26-2b8b41db3906" />
      <TestMethod codeBase="D:\actions-runner\_work\XPCO\XPCO\Corporate\CommonAPI\VideoOS.Management.VmoClient.UnitTests\bin\Debug\net472\VideoOS.Management.VmoClient.UnitTests.dll" adapterTypeName="executor://mstestadapter/v2" className="VideoOS.Management.VmoClient.UnitTests.RetentionOptionRoleRelationTest" name="RetentionOptionRoleRelation_Update_CheckVersionCalled" />
    </UnitTest>
    <UnitTest name="RecordingStorage_Get_Using_Devices_Success" storage="d:\actions-runner\_work\xpco\xpco\corporate\commonapi\videoos.management.vmoclient.unittests\bin\debug\net472\videoos.management.vmoclient.unittests.dll" id="0164cef1-95ba-6930-5c07-4c9c0b44555e">
      <Execution id="23e1aca2-583e-4438-8b9f-84467fbd574d" />
      <TestMethod codeBase="D:\actions-runner\_work\XPCO\XPCO\Corporate\CommonAPI\VideoOS.Management.VmoClient.UnitTests\bin\Debug\net472\VideoOS.Management.VmoClient.UnitTests.dll" adapterTypeName="executor://mstestadapter/v2" className="VideoOS.Management.VmoClient.UnitTests.RecordingStorageTest" name="RecordingStorage_Get_Using_Devices_Success" />
    </UnitTest>
    <UnitTest name="GetSiteConnectionResult_GivenHttpsAddressInRegistryAndAllHttpsAddresses_ShouldFail" storage="d:\actions-runner\_work\xpco\xpco\corporate\commonapi\videoos.management.vmoclient.unittests\bin\debug\net472\videoos.management.vmoclient.unittests.dll" id="401a1f20-82fe-301f-debe-f547843d43dc">
      <Execution id="7fd58b54-f774-439a-ab2e-cdca2948beb1" />
      <TestMethod codeBase="D:\actions-runner\_work\XPCO\XPCO\Corporate\CommonAPI\VideoOS.Management.VmoClient.UnitTests\bin\Debug\net472\VideoOS.Management.VmoClient.UnitTests.dll" adapterTypeName="executor://mstestadapter/v2" className="VideoOS.Management.VmoClient.UnitTests.SiteConnectorLegacyTests" name="GetSiteConnectionResult_GivenHttpsAddressInRegistryAndAllHttpsAddresses_ShouldFail" />
    </UnitTest>
    <UnitTest name="ManagementServer_AttachChildSite_ArgumentException" storage="d:\actions-runner\_work\xpco\xpco\corporate\commonapi\videoos.management.vmoclient.unittests\bin\debug\net472\videoos.management.vmoclient.unittests.dll" id="d30d87eb-042e-a85c-750c-9fab31b27443">
      <Execution id="5e53752a-8e7e-42e6-874b-648e29b8008f" />
      <TestMethod codeBase="D:\actions-runner\_work\XPCO\XPCO\Corporate\CommonAPI\VideoOS.Management.VmoClient.UnitTests\bin\Debug\net472\VideoOS.Management.VmoClient.UnitTests.dll" adapterTypeName="executor://mstestadapter/v2" className="VideoOS.Management.VmoClient.UnitTests.ManagementServerTest" name="ManagementServer_AttachChildSite_ArgumentException" />
    </UnitTest>
    <UnitTest name="RecordingStorage_Get_Storage_Information_Failed_Not_Created" storage="d:\actions-runner\_work\xpco\xpco\corporate\commonapi\videoos.management.vmoclient.unittests\bin\debug\net472\videoos.management.vmoclient.unittests.dll" id="4987760f-7302-a52e-874a-cfbc41b706cf">
      <Execution id="5fb8c1c4-b23c-43bf-8842-977cbb2db966" />
      <TestMethod codeBase="D:\actions-runner\_work\XPCO\XPCO\Corporate\CommonAPI\VideoOS.Management.VmoClient.UnitTests\bin\Debug\net472\VideoOS.Management.VmoClient.UnitTests.dll" adapterTypeName="executor://mstestadapter/v2" className="VideoOS.Management.VmoClient.UnitTests.RecordingStorageTest" name="RecordingStorage_Get_Storage_Information_Failed_Not_Created" />
    </UnitTest>
    <UnitTest name="RecordingStorage_Create_CheckVersionNotCalled" storage="d:\actions-runner\_work\xpco\xpco\corporate\commonapi\videoos.management.vmoclient.unittests\bin\debug\net472\videoos.management.vmoclient.unittests.dll" id="343b2b64-0be3-4bf7-adf7-59ae0dcb4692">
      <Execution id="a0c782d3-b9be-4e47-beb8-f1ce5f55c859" />
      <TestMethod codeBase="D:\actions-runner\_work\XPCO\XPCO\Corporate\CommonAPI\VideoOS.Management.VmoClient.UnitTests\bin\Debug\net472\VideoOS.Management.VmoClient.UnitTests.dll" adapterTypeName="executor://mstestadapter/v2" className="VideoOS.Management.VmoClient.UnitTests.RecordingStorageTest" name="RecordingStorage_Create_CheckVersionNotCalled" />
    </UnitTest>
    <UnitTest name="ViewItem_Clear_Success" storage="d:\actions-runner\_work\xpco\xpco\corporate\commonapi\videoos.management.vmoclient.unittests\bin\debug\net472\videoos.management.vmoclient.unittests.dll" id="690cbf78-1a1d-a694-9528-0af1dedad634">
      <Execution id="fc3ea0f2-5b62-407f-b87c-eb810aa081b9" />
      <TestMethod codeBase="D:\actions-runner\_work\XPCO\XPCO\Corporate\CommonAPI\VideoOS.Management.VmoClient.UnitTests\bin\Debug\net472\VideoOS.Management.VmoClient.UnitTests.dll" adapterTypeName="executor://mstestadapter/v2" className="VideoOS.Management.VmoClient.UnitTests.ViewItemTest" name="ViewItem_Clear_Success" />
    </UnitTest>
    <UnitTest name="TaskRequestEdgeStorage_StartNew_CheckForVersion_6_0_and_throws" storage="d:\actions-runner\_work\xpco\xpco\corporate\commonapi\videoos.management.vmoclient.unittests\bin\debug\net472\videoos.management.vmoclient.unittests.dll" id="dcbbeaa9-e8e4-7fc4-4202-c31cfa0a2356">
      <Execution id="a0bf0ae6-8682-4eb8-8de9-a07249d6f666" />
      <TestMethod codeBase="D:\actions-runner\_work\XPCO\XPCO\Corporate\CommonAPI\VideoOS.Management.VmoClient.UnitTests\bin\Debug\net472\VideoOS.Management.VmoClient.UnitTests.dll" adapterTypeName="executor://mstestadapter/v2" className="VideoOS.Management.VmoClient.UnitTests.TaskRequestEdgeStorageTest" name="TaskRequestEdgeStorage_StartNew_CheckForVersion_6_0_and_throws" />
    </UnitTest>
    <UnitTest name="MIPDeviceEvent_Repository_Registered" storage="d:\actions-runner\_work\xpco\xpco\corporate\commonapi\videoos.management.vmoclient.unittests\bin\debug\net472\videoos.management.vmoclient.unittests.dll" id="a07fcde9-c61e-0639-2b44-52456ea11e7b">
      <Execution id="198787f7-6652-411e-80d0-93ca6803aa5e" />
      <TestMethod codeBase="D:\actions-runner\_work\XPCO\XPCO\Corporate\CommonAPI\VideoOS.Management.VmoClient.UnitTests\bin\Debug\net472\VideoOS.Management.VmoClient.UnitTests.dll" adapterTypeName="executor://mstestadapter/v2" className="VideoOS.Management.VmoClient.UnitTests.MIPDeviceEventTest" name="MIPDeviceEvent_Repository_Registered" />
    </UnitTest>
    <UnitTest name="RuleSource_Create_Success" storage="d:\actions-runner\_work\xpco\xpco\corporate\commonapi\videoos.management.vmoclient.unittests\bin\debug\net472\videoos.management.vmoclient.unittests.dll" id="b76fa9ce-3932-58b8-1089-79062413d8f0">
      <Execution id="1597ae7a-1e74-4dfe-b71f-a7d929500c56" />
      <TestMethod codeBase="D:\actions-runner\_work\XPCO\XPCO\Corporate\CommonAPI\VideoOS.Management.VmoClient.UnitTests\bin\Debug\net472\VideoOS.Management.VmoClient.UnitTests.dll" adapterTypeName="executor://mstestadapter/v2" className="VideoOS.Management.VmoClient.UnitTests.RuleSourceTest" name="RuleSource_Create_Success" />
    </UnitTest>
    <UnitTest name="VideoWallPreset_Constructor_DefaultValuesCorrect" storage="d:\actions-runner\_work\xpco\xpco\corporate\commonapi\videoos.management.vmoclient.unittests\bin\debug\net472\videoos.management.vmoclient.unittests.dll" id="fc918322-f4bb-489c-e6f9-317234a62a30">
      <Execution id="92157c89-8b03-4c35-835b-f95e18c973fc" />
      <TestMethod codeBase="D:\actions-runner\_work\XPCO\XPCO\Corporate\CommonAPI\VideoOS.Management.VmoClient.UnitTests\bin\Debug\net472\VideoOS.Management.VmoClient.UnitTests.dll" adapterTypeName="executor://mstestadapter/v2" className="VideoOS.Management.VmoClient.UnitTests.VideoWallPresetTest" name="VideoWallPreset_Constructor_DefaultValuesCorrect" />
    </UnitTest>
    <UnitTest name="PerformanceStateRuleConfiguration_IsCreated_Success" storage="d:\actions-runner\_work\xpco\xpco\corporate\commonapi\videoos.management.vmoclient.unittests\bin\debug\net472\videoos.management.vmoclient.unittests.dll" id="a4ed0c38-0862-ecfc-a696-dc15c911602c">
      <Execution id="0b584c68-5146-4012-aad9-d12b97585847" />
      <TestMethod codeBase="D:\actions-runner\_work\XPCO\XPCO\Corporate\CommonAPI\VideoOS.Management.VmoClient.UnitTests\bin\Debug\net472\VideoOS.Management.VmoClient.UnitTests.dll" adapterTypeName="executor://mstestadapter/v2" className="VideoOS.Management.VmoClient.UnitTests.PerformanceStateRuleConfigTest" name="PerformanceStateRuleConfiguration_IsCreated_Success" />
    </UnitTest>
    <UnitTest name="GenericRepositoryTestGetObjectByIdServerCalled" storage="d:\actions-runner\_work\xpco\xpco\corporate\commonapi\videoos.management.vmoclient.unittests\bin\debug\net472\videoos.management.vmoclient.unittests.dll" id="dbafdc1b-9898-eef4-0460-5a2eeb86c952">
      <Execution id="e6e7e368-51d8-4ec8-bf94-ecad4cd64db8" />
      <TestMethod codeBase="D:\actions-runner\_work\XPCO\XPCO\Corporate\CommonAPI\VideoOS.Management.VmoClient.UnitTests\bin\Debug\net472\VideoOS.Management.VmoClient.UnitTests.dll" adapterTypeName="executor://mstestadapter/v2" className="VideoOS.Management.VmoClient.UnitTests.GenericRepositoryTest" name="GenericRepositoryTestGetObjectByIdServerCalled" />
    </UnitTest>
    <UnitTest name="Role_Enum_MembersExtended_Success" storage="d:\actions-runner\_work\xpco\xpco\corporate\commonapi\videoos.management.vmoclient.unittests\bin\debug\net472\videoos.management.vmoclient.unittests.dll" id="61fba1f4-ecd2-a747-23e6-e2296369ef48">
      <Execution id="508654ea-212e-4860-b401-cd6d1e627900" />
      <TestMethod codeBase="D:\actions-runner\_work\XPCO\XPCO\Corporate\CommonAPI\VideoOS.Management.VmoClient.UnitTests\bin\Debug\net472\VideoOS.Management.VmoClient.UnitTests.dll" adapterTypeName="executor://mstestadapter/v2" className="VideoOS.Management.VmoClient.UnitTests.RoleTest" name="Role_Enum_MembersExtended_Success" />
    </UnitTest>
    <UnitTest name="Role_Add_Basic_User_Member_Check_User_Exists" storage="d:\actions-runner\_work\xpco\xpco\corporate\commonapi\videoos.management.vmoclient.unittests\bin\debug\net472\videoos.management.vmoclient.unittests.dll" id="70e36072-81c2-7190-db47-935bbfedb920">
      <Execution id="8976918e-f312-492a-ac65-9993b2e6fc7f" />
      <TestMethod codeBase="D:\actions-runner\_work\XPCO\XPCO\Corporate\CommonAPI\VideoOS.Management.VmoClient.UnitTests\bin\Debug\net472\VideoOS.Management.VmoClient.UnitTests.dll" adapterTypeName="executor://mstestadapter/v2" className="VideoOS.Management.VmoClient.UnitTests.RoleTest" name="Role_Add_Basic_User_Member_Check_User_Exists" />
    </UnitTest>
    <UnitTest name="BasicOwnerInfo_Repository_Registered" storage="d:\actions-runner\_work\xpco\xpco\corporate\commonapi\videoos.management.vmoclient.unittests\bin\debug\net472\videoos.management.vmoclient.unittests.dll" id="3993f582-ab07-6b66-a956-017495c6b425">
      <Execution id="a8ec8260-76e4-42dd-97e6-b1f1364fa299" />
      <TestMethod codeBase="D:\actions-runner\_work\XPCO\XPCO\Corporate\CommonAPI\VideoOS.Management.VmoClient.UnitTests\bin\Debug\net472\VideoOS.Management.VmoClient.UnitTests.dll" adapterTypeName="executor://mstestadapter/v2" className="VideoOS.Management.VmoClient.UnitTests.BasicOwnerInfoTest" name="BasicOwnerInfo_Repository_Registered" />
    </UnitTest>
    <UnitTest name="ServerConnection_Constructor_Null_Password" storage="d:\actions-runner\_work\xpco\xpco\corporate\commonapi\videoos.management.vmoclient.unittests\bin\debug\net472\videoos.management.vmoclient.unittests.dll" id="3623f466-d4ac-1751-80f5-d2ef70422e3d">
      <TestCategory>
        <TestCategoryItem TestCategory="Vmo Site Connection Tests" />
      </TestCategory>
      <Execution id="bd98ec54-0671-4dd5-ad4b-0d37c145af5a" />
      <TestMethod codeBase="D:\actions-runner\_work\XPCO\XPCO\Corporate\CommonAPI\VideoOS.Management.VmoClient.UnitTests\bin\Debug\net472\VideoOS.Management.VmoClient.UnitTests.dll" adapterTypeName="executor://mstestadapter/v2" className="VideoOS.Management.VmoClient.UnitTests.Connection.ServerConnectionTest" name="ServerConnection_Constructor_Null_Password" />
    </UnitTest>
    <UnitTest name="CameraDevice_Repository_Registered" storage="d:\actions-runner\_work\xpco\xpco\corporate\commonapi\videoos.management.vmoclient.unittests\bin\debug\net472\videoos.management.vmoclient.unittests.dll" id="82f55bc6-3ab2-a6f7-27bf-31183dca4c25">
      <Execution id="5e4d234e-8bdb-4a96-a28d-2cbfd62f3bf9" />
      <TestMethod codeBase="D:\actions-runner\_work\XPCO\XPCO\Corporate\CommonAPI\VideoOS.Management.VmoClient.UnitTests\bin\Debug\net472\VideoOS.Management.VmoClient.UnitTests.dll" adapterTypeName="executor://mstestadapter/v2" className="VideoOS.Management.VmoClient.UnitTests.CameraDeviceTest" name="CameraDevice_Repository_Registered" />
    </UnitTest>
    <UnitTest name="Monitor_Delete_Success" storage="d:\actions-runner\_work\xpco\xpco\corporate\commonapi\videoos.management.vmoclient.unittests\bin\debug\net472\videoos.management.vmoclient.unittests.dll" id="c6cfc3cd-c751-0fb3-251a-e99db7d16f3b">
      <Execution id="1086edaf-71f8-4a0b-934c-57e557066e0d" />
      <TestMethod codeBase="D:\actions-runner\_work\XPCO\XPCO\Corporate\CommonAPI\VideoOS.Management.VmoClient.UnitTests\bin\Debug\net472\VideoOS.Management.VmoClient.UnitTests.dll" adapterTypeName="executor://mstestadapter/v2" className="VideoOS.Management.VmoClient.UnitTests.MonitorTest" name="Monitor_Delete_Success" />
    </UnitTest>
    <UnitTest name="FailoverServerGroup_Delete_Failed" storage="d:\actions-runner\_work\xpco\xpco\corporate\commonapi\videoos.management.vmoclient.unittests\bin\debug\net472\videoos.management.vmoclient.unittests.dll" id="5c387d2c-df71-396e-fabc-f8fb7380fc52">
      <Execution id="083325a7-dc4a-492a-af36-2d625d816d23" />
      <TestMethod codeBase="D:\actions-runner\_work\XPCO\XPCO\Corporate\CommonAPI\VideoOS.Management.VmoClient.UnitTests\bin\Debug\net472\VideoOS.Management.VmoClient.UnitTests.dll" adapterTypeName="executor://mstestadapter/v2" className="VideoOS.Management.VmoClient.UnitTests.FailoverServerGroupTest" name="FailoverServerGroup_Delete_Failed" />
    </UnitTest>
    <UnitTest name="MIPDeviceEvent_Delete_Success" storage="d:\actions-runner\_work\xpco\xpco\corporate\commonapi\videoos.management.vmoclient.unittests\bin\debug\net472\videoos.management.vmoclient.unittests.dll" id="77c7e0b0-ebdf-3c04-24e4-82649849c9bf">
      <Execution id="2fd010a7-a138-488b-b53a-33d895c9ffe1" />
      <TestMethod codeBase="D:\actions-runner\_work\XPCO\XPCO\Corporate\CommonAPI\VideoOS.Management.VmoClient.UnitTests\bin\Debug\net472\VideoOS.Management.VmoClient.UnitTests.dll" adapterTypeName="executor://mstestadapter/v2" className="VideoOS.Management.VmoClient.UnitTests.MIPDeviceEventTest" name="MIPDeviceEvent_Delete_Success" />
    </UnitTest>
    <UnitTest name="TryGetPropertyValue_Guid_EmptyString_ThrowsFormatException" storage="d:\actions-runner\_work\xpco\xpco\corporate\commonapi\videoos.management.vmoclient.unittests\bin\debug\net472\videoos.management.vmoclient.unittests.dll" id="1b818508-1e11-83dd-34ff-777ab01b676a">
      <Execution id="802ec325-3dfe-4a4b-8db8-42d04311879a" />
      <TestMethod codeBase="D:\actions-runner\_work\XPCO\XPCO\Corporate\CommonAPI\VideoOS.Management.VmoClient.UnitTests\bin\Debug\net472\VideoOS.Management.VmoClient.UnitTests.dll" adapterTypeName="executor://mstestadapter/v2" className="VideoOS.Management.VmoClient.UnitTests.Framework.VmoPropertyCollectionTest" name="TryGetPropertyValue_Guid_EmptyString_ThrowsFormatException" />
    </UnitTest>
    <UnitTest name="ExceptionConverter_GetConnectionConvertedException_MessageSecurityException_WithIdpInnerException" storage="d:\actions-runner\_work\xpco\xpco\corporate\commonapi\videoos.management.vmoclient.unittests\bin\debug\net472\videoos.management.vmoclient.unittests.dll" id="8adb5451-300e-1035-cfd7-2dbc14dbf050">
      <Execution id="5fcadab4-ee80-472b-896d-8317a4463116" />
      <TestMethod codeBase="D:\actions-runner\_work\XPCO\XPCO\Corporate\CommonAPI\VideoOS.Management.VmoClient.UnitTests\bin\Debug\net472\VideoOS.Management.VmoClient.UnitTests.dll" adapterTypeName="executor://mstestadapter/v2" className="VideoOS.Management.VmoClient.UnitTests.Utils.ExceptionConverterTest" name="ExceptionConverter_GetConnectionConvertedException_MessageSecurityException_WithIdpInnerException" />
    </UnitTest>
    <UnitTest name="Construct_Credentials_ValidInstance_Success" storage="d:\actions-runner\_work\xpco\xpco\corporate\commonapi\videoos.management.vmoclient.unittests\bin\debug\net472\videoos.management.vmoclient.unittests.dll" id="9c0e9757-d51c-1e1e-437e-30ab9c6fdc3d">
      <TestCategory>
        <TestCategoryItem TestCategory="Vmo Site Connection Tests" />
      </TestCategory>
      <Execution id="fc5a6f3f-85c7-4bf5-89b2-81c19671f8ae" />
      <TestMethod codeBase="D:\actions-runner\_work\XPCO\XPCO\Corporate\CommonAPI\VideoOS.Management.VmoClient.UnitTests\bin\Debug\net472\VideoOS.Management.VmoClient.UnitTests.dll" adapterTypeName="executor://mstestadapter/v2" className="VideoOS.Management.VmoClient.UnitTests.Connection.SiteConnectionInfoWindowsTests" name="Construct_Credentials_ValidInstance_Success" />
    </UnitTest>
    <UnitTest name="MetadataDeviceGroup_Refresh_Success" storage="d:\actions-runner\_work\xpco\xpco\corporate\commonapi\videoos.management.vmoclient.unittests\bin\debug\net472\videoos.management.vmoclient.unittests.dll" id="c5ea9001-faff-713a-6960-29bbe6404bb8">
      <Execution id="168c2190-e6e9-44ea-83dd-c4820ca2f05a" />
      <TestMethod codeBase="D:\actions-runner\_work\XPCO\XPCO\Corporate\CommonAPI\VideoOS.Management.VmoClient.UnitTests\bin\Debug\net472\VideoOS.Management.VmoClient.UnitTests.dll" adapterTypeName="executor://mstestadapter/v2" className="VideoOS.Management.VmoClient.UnitTests.DeviceGroupTest" name="MetadataDeviceGroup_Refresh_Success" />
    </UnitTest>
    <UnitTest name="CameraDevice_Update_NotSupported" storage="d:\actions-runner\_work\xpco\xpco\corporate\commonapi\videoos.management.vmoclient.unittests\bin\debug\net472\videoos.management.vmoclient.unittests.dll" id="f6a68fb8-1ea9-ecef-606f-0cd2ae03d268">
      <Execution id="dcae9a7e-ce8d-42f9-9fb2-1c2c5aa2cf1b" />
      <TestMethod codeBase="D:\actions-runner\_work\XPCO\XPCO\Corporate\CommonAPI\VideoOS.Management.VmoClient.UnitTests\bin\Debug\net472\VideoOS.Management.VmoClient.UnitTests.dll" adapterTypeName="executor://mstestadapter/v2" className="VideoOS.Management.VmoClient.UnitTests.CameraDeviceTest" name="CameraDevice_Update_NotSupported" />
    </UnitTest>
    <UnitTest name="GenericRepositoryTestGetObjectByIdRefreshCache" storage="d:\actions-runner\_work\xpco\xpco\corporate\commonapi\videoos.management.vmoclient.unittests\bin\debug\net472\videoos.management.vmoclient.unittests.dll" id="4eb7a735-cb75-4247-7c48-62ad82d6a9cb">
      <Execution id="4c5b2892-363d-42e5-b7c2-cc2e82f3edfc" />
      <TestMethod codeBase="D:\actions-runner\_work\XPCO\XPCO\Corporate\CommonAPI\VideoOS.Management.VmoClient.UnitTests\bin\Debug\net472\VideoOS.Management.VmoClient.UnitTests.dll" adapterTypeName="executor://mstestadapter/v2" className="VideoOS.Management.VmoClient.UnitTests.GenericRepositoryTest" name="GenericRepositoryTestGetObjectByIdRefreshCache" />
    </UnitTest>
    <UnitTest name="RetentionOptionRoleRelation_Constructor_Property_Null_Check" storage="d:\actions-runner\_work\xpco\xpco\corporate\commonapi\videoos.management.vmoclient.unittests\bin\debug\net472\videoos.management.vmoclient.unittests.dll" id="4dc71277-993b-f2e8-9fe2-1d9087352aa3">
      <Execution id="6fe8f720-af3d-45f1-93f3-8db71b141b80" />
      <TestMethod codeBase="D:\actions-runner\_work\XPCO\XPCO\Corporate\CommonAPI\VideoOS.Management.VmoClient.UnitTests\bin\Debug\net472\VideoOS.Management.VmoClient.UnitTests.dll" adapterTypeName="executor://mstestadapter/v2" className="VideoOS.Management.VmoClient.UnitTests.RetentionOptionRoleRelationTest" name="RetentionOptionRoleRelation_Constructor_Property_Null_Check" />
    </UnitTest>
    <UnitTest name="SpeakerDevice_Repository_Registered" storage="d:\actions-runner\_work\xpco\xpco\corporate\commonapi\videoos.management.vmoclient.unittests\bin\debug\net472\videoos.management.vmoclient.unittests.dll" id="562c91ce-558a-6235-594f-9dd29fb2762c">
      <Execution id="4e498922-bdf2-400d-848a-17e718ad696e" />
      <TestMethod codeBase="D:\actions-runner\_work\XPCO\XPCO\Corporate\CommonAPI\VideoOS.Management.VmoClient.UnitTests\bin\Debug\net472\VideoOS.Management.VmoClient.UnitTests.dll" adapterTypeName="executor://mstestadapter/v2" className="VideoOS.Management.VmoClient.UnitTests.SpeakerDeviceTest" name="SpeakerDevice_Repository_Registered" />
    </UnitTest>
    <UnitTest name="PatrollingProfile_InsertStepFirst_Create_PatrollingStep_Default" storage="d:\actions-runner\_work\xpco\xpco\corporate\commonapi\videoos.management.vmoclient.unittests\bin\debug\net472\videoos.management.vmoclient.unittests.dll" id="4257a0ea-891d-1bd7-bbc5-e7f7415f87d3">
      <TestCategory>
        <TestCategoryItem TestCategory="Patrolling Profile" />
      </TestCategory>
      <Execution id="9d3ceef9-5ce1-483d-b3a7-9219ac83d684" />
      <TestMethod codeBase="D:\actions-runner\_work\XPCO\XPCO\Corporate\CommonAPI\VideoOS.Management.VmoClient.UnitTests\bin\Debug\net472\VideoOS.Management.VmoClient.UnitTests.dll" adapterTypeName="executor://mstestadapter/v2" className="VideoOS.Management.VmoClient.UnitTests.PatrollingProfileTest" name="PatrollingProfile_InsertStepFirst_Create_PatrollingStep_Default" />
    </UnitTest>
    <UnitTest name="TrustedIssuer_Update_Success" storage="d:\actions-runner\_work\xpco\xpco\corporate\commonapi\videoos.management.vmoclient.unittests\bin\debug\net472\videoos.management.vmoclient.unittests.dll" id="197baa87-69c6-9254-8ebc-832756747901">
      <Execution id="fbe89d12-9f29-41bf-9a6a-3bd46f80fd18" />
      <TestMethod codeBase="D:\actions-runner\_work\XPCO\XPCO\Corporate\CommonAPI\VideoOS.Management.VmoClient.UnitTests\bin\Debug\net472\VideoOS.Management.VmoClient.UnitTests.dll" adapterTypeName="executor://mstestadapter/v2" className="VideoOS.Management.VmoClient.UnitTests.TrustedIssuerTest" name="TrustedIssuer_Update_Success" />
    </UnitTest>
    <UnitTest name="ArchiveStorage_Delete_Success" storage="d:\actions-runner\_work\xpco\xpco\corporate\commonapi\videoos.management.vmoclient.unittests\bin\debug\net472\videoos.management.vmoclient.unittests.dll" id="fee2ed2c-cc88-8403-cc84-518da17c5c01">
      <Execution id="e351f4ff-b4f8-46a7-9308-aeabbe7d896c" />
      <TestMethod codeBase="D:\actions-runner\_work\XPCO\XPCO\Corporate\CommonAPI\VideoOS.Management.VmoClient.UnitTests\bin\Debug\net472\VideoOS.Management.VmoClient.UnitTests.dll" adapterTypeName="executor://mstestadapter/v2" className="VideoOS.Management.VmoClient.UnitTests.ArchiveStorageTest" name="ArchiveStorage_Delete_Success" />
    </UnitTest>
    <UnitTest name="MIPDeviceEvent_Create_Success" storage="d:\actions-runner\_work\xpco\xpco\corporate\commonapi\videoos.management.vmoclient.unittests\bin\debug\net472\videoos.management.vmoclient.unittests.dll" id="70aae99a-6b7c-87f8-e77e-e87c4ee8f965">
      <Execution id="fe33c33e-b93b-4c3c-aac8-d918133a5b56" />
      <TestMethod codeBase="D:\actions-runner\_work\XPCO\XPCO\Corporate\CommonAPI\VideoOS.Management.VmoClient.UnitTests\bin\Debug\net472\VideoOS.Management.VmoClient.UnitTests.dll" adapterTypeName="executor://mstestadapter/v2" className="VideoOS.Management.VmoClient.UnitTests.MIPDeviceEventTest" name="MIPDeviceEvent_Create_Success" />
    </UnitTest>
    <UnitTest name="Management_Refresh_Success" storage="d:\actions-runner\_work\xpco\xpco\corporate\commonapi\videoos.management.vmoclient.unittests\bin\debug\net472\videoos.management.vmoclient.unittests.dll" id="dda735d1-04db-3037-b385-6b7e0e70d7ee">
      <Execution id="394a8fb5-8c0b-4a6e-95d3-04b607aebb46" />
      <TestMethod codeBase="D:\actions-runner\_work\XPCO\XPCO\Corporate\CommonAPI\VideoOS.Management.VmoClient.UnitTests\bin\Debug\net472\VideoOS.Management.VmoClient.UnitTests.dll" adapterTypeName="executor://mstestadapter/v2" className="VideoOS.Management.VmoClient.UnitTests.ManagementServerTest" name="Management_Refresh_Success" />
    </UnitTest>
    <UnitTest name="ManagementServer_DetachChildSite_NonChild_ArgumentException" storage="d:\actions-runner\_work\xpco\xpco\corporate\commonapi\videoos.management.vmoclient.unittests\bin\debug\net472\videoos.management.vmoclient.unittests.dll" id="455c7ea6-44fe-ef1f-ec74-2e3bb517d295">
      <Execution id="c74a4adb-157f-4352-91d0-666cdaec0f32" />
      <TestMethod codeBase="D:\actions-runner\_work\XPCO\XPCO\Corporate\CommonAPI\VideoOS.Management.VmoClient.UnitTests\bin\Debug\net472\VideoOS.Management.VmoClient.UnitTests.dll" adapterTypeName="executor://mstestadapter/v2" className="VideoOS.Management.VmoClient.UnitTests.ManagementServerTest" name="ManagementServer_DetachChildSite_NonChild_ArgumentException" />
    </UnitTest>
    <UnitTest name="SunClockTimeProfile_Refresh_Success" storage="d:\actions-runner\_work\xpco\xpco\corporate\commonapi\videoos.management.vmoclient.unittests\bin\debug\net472\videoos.management.vmoclient.unittests.dll" id="dc017a34-6942-f8ec-11c4-4b57c0a33f6b">
      <Execution id="f2d86b62-a921-4968-9ba2-cae697edbf1f" />
      <TestMethod codeBase="D:\actions-runner\_work\XPCO\XPCO\Corporate\CommonAPI\VideoOS.Management.VmoClient.UnitTests\bin\Debug\net472\VideoOS.Management.VmoClient.UnitTests.dll" adapterTypeName="executor://mstestadapter/v2" className="VideoOS.Management.VmoClient.UnitTests.SunClockTimeProfileTest" name="SunClockTimeProfile_Refresh_Success" />
    </UnitTest>
    <UnitTest name="RuleSource_Refresh_Failed_Not_Created" storage="d:\actions-runner\_work\xpco\xpco\corporate\commonapi\videoos.management.vmoclient.unittests\bin\debug\net472\videoos.management.vmoclient.unittests.dll" id="cd56fb93-0eed-d776-b4a6-7b72246fd8a6">
      <Execution id="8f2847b1-41f4-438d-be18-2253cc8ea182" />
      <TestMethod codeBase="D:\actions-runner\_work\XPCO\XPCO\Corporate\CommonAPI\VideoOS.Management.VmoClient.UnitTests\bin\Debug\net472\VideoOS.Management.VmoClient.UnitTests.dll" adapterTypeName="executor://mstestadapter/v2" className="VideoOS.Management.VmoClient.UnitTests.RuleSourceTest" name="RuleSource_Refresh_Failed_Not_Created" />
    </UnitTest>
    <UnitTest name="ChildSite_Synchronize_NotCreated_InvalidOperationException" storage="d:\actions-runner\_work\xpco\xpco\corporate\commonapi\videoos.management.vmoclient.unittests\bin\debug\net472\videoos.management.vmoclient.unittests.dll" id="52987dea-b52d-f465-e0cb-edc918fc88d7">
      <Execution id="0b2b5aea-fabc-4345-acf9-bbd8dd41fa47" />
      <TestMethod codeBase="D:\actions-runner\_work\XPCO\XPCO\Corporate\CommonAPI\VideoOS.Management.VmoClient.UnitTests\bin\Debug\net472\VideoOS.Management.VmoClient.UnitTests.dll" adapterTypeName="executor://mstestadapter/v2" className="VideoOS.Management.VmoClient.UnitTests.ChildSiteTest" name="ChildSite_Synchronize_NotCreated_InvalidOperationException" />
    </UnitTest>
    <UnitTest name="Hardware_ChangePassword_Deleted_Throws" storage="d:\actions-runner\_work\xpco\xpco\corporate\commonapi\videoos.management.vmoclient.unittests\bin\debug\net472\videoos.management.vmoclient.unittests.dll" id="2c0839de-ff81-2b83-f3c2-eaf0dc01b659">
      <Execution id="b5aea983-62aa-4962-a717-90d65e01c0fc" />
      <TestMethod codeBase="D:\actions-runner\_work\XPCO\XPCO\Corporate\CommonAPI\VideoOS.Management.VmoClient.UnitTests\bin\Debug\net472\VideoOS.Management.VmoClient.UnitTests.dll" adapterTypeName="executor://mstestadapter/v2" className="VideoOS.Management.VmoClient.UnitTests.HardwareTest" name="Hardware_ChangePassword_Deleted_Throws" />
    </UnitTest>
    <UnitTest name="AxisOneClickCamera_Constructor_DefaultValuesCorrect" storage="d:\actions-runner\_work\xpco\xpco\corporate\commonapi\videoos.management.vmoclient.unittests\bin\debug\net472\videoos.management.vmoclient.unittests.dll" id="03c3979f-1540-1292-3feb-1eb1dca1645f">
      <Execution id="721c359b-bf9d-484b-9cd9-c82de19904cf" />
      <TestMethod codeBase="D:\actions-runner\_work\XPCO\XPCO\Corporate\CommonAPI\VideoOS.Management.VmoClient.UnitTests\bin\Debug\net472\VideoOS.Management.VmoClient.UnitTests.dll" adapterTypeName="executor://mstestadapter/v2" className="VideoOS.Management.VmoClient.UnitTests.AxisOneClickCameraTest" name="AxisOneClickCamera_Constructor_DefaultValuesCorrect" />
    </UnitTest>
    <UnitTest name="ArchiveStorage_Enable_Framerate_Reduction_Success" storage="d:\actions-runner\_work\xpco\xpco\corporate\commonapi\videoos.management.vmoclient.unittests\bin\debug\net472\videoos.management.vmoclient.unittests.dll" id="fceb9d29-7da0-1e6c-c8a8-820c7f40d746">
      <Execution id="993f0ef5-2e25-4cd9-a311-ffe4baf15f93" />
      <TestMethod codeBase="D:\actions-runner\_work\XPCO\XPCO\Corporate\CommonAPI\VideoOS.Management.VmoClient.UnitTests\bin\Debug\net472\VideoOS.Management.VmoClient.UnitTests.dll" adapterTypeName="executor://mstestadapter/v2" className="VideoOS.Management.VmoClient.UnitTests.ArchiveStorageTest" name="ArchiveStorage_Enable_Framerate_Reduction_Success" />
    </UnitTest>
    <UnitTest name="ProxyClientServiceBase_CallWithRetry_Retry_EndpointNotFoundException" storage="d:\actions-runner\_work\xpco\xpco\corporate\commonapi\videoos.management.vmoclient.unittests\bin\debug\net472\videoos.management.vmoclient.unittests.dll" id="afa616d9-414a-d726-c2ae-2716e8be02af">
      <Execution id="1bea1147-7ec3-4dfe-b45d-b40b4aa9fe0b" />
      <TestMethod codeBase="D:\actions-runner\_work\XPCO\XPCO\Corporate\CommonAPI\VideoOS.Management.VmoClient.UnitTests\bin\Debug\net472\VideoOS.Management.VmoClient.UnitTests.dll" adapterTypeName="executor://mstestadapter/v2" className="VideoOS.Management.VmoClient.UnitTests.Framework.ProxyClientServiceBaseTest" name="ProxyClientServiceBase_CallWithRetry_Retry_EndpointNotFoundException" />
    </UnitTest>
    <UnitTest name="TryConnectLegacyAsUser_GivenBrokenServerConnection_ShouldDisposeAndReturnNull" storage="d:\actions-runner\_work\xpco\xpco\corporate\commonapi\videoos.management.vmoclient.unittests\bin\debug\net472\videoos.management.vmoclient.unittests.dll" id="ca57744d-4eec-5673-06cd-124c8e5c613d">
      <Execution id="ff796491-f238-473a-b3ac-29eac77da054" />
      <TestMethod codeBase="D:\actions-runner\_work\XPCO\XPCO\Corporate\CommonAPI\VideoOS.Management.VmoClient.UnitTests\bin\Debug\net472\VideoOS.Management.VmoClient.UnitTests.dll" adapterTypeName="executor://mstestadapter/v2" className="VideoOS.Management.VmoClient.UnitTests.SiteVmoConnectorTests" name="TryConnectLegacyAsUser_GivenBrokenServerConnection_ShouldDisposeAndReturnNull" />
    </UnitTest>
    <UnitTest name="GetIdpInfo_GivenAddressWithoutOAuthSupported_ShouldThrow" storage="d:\actions-runner\_work\xpco\xpco\corporate\commonapi\videoos.management.vmoclient.unittests\bin\debug\net472\videoos.management.vmoclient.unittests.dll" id="e1b655f7-192d-33c2-0a45-0074494ab772">
      <Execution id="37973b0c-0626-4c44-bc82-1f9503e673be" />
      <TestMethod codeBase="D:\actions-runner\_work\XPCO\XPCO\Corporate\CommonAPI\VideoOS.Management.VmoClient.UnitTests\bin\Debug\net472\VideoOS.Management.VmoClient.UnitTests.dll" adapterTypeName="executor://mstestadapter/v2" className="VideoOS.Management.VmoClient.UnitTests.SiteIdpConnectorTests" name="GetIdpInfo_GivenAddressWithoutOAuthSupported_ShouldThrow" />
    </UnitTest>
    <UnitTest name="RecordingStorage_Update_Success" storage="d:\actions-runner\_work\xpco\xpco\corporate\commonapi\videoos.management.vmoclient.unittests\bin\debug\net472\videoos.management.vmoclient.unittests.dll" id="1c3fd06c-4be6-237d-b5c9-1b78608b5943">
      <Execution id="597f4f32-710e-4b80-8e1f-a5c2d349f543" />
      <TestMethod codeBase="D:\actions-runner\_work\XPCO\XPCO\Corporate\CommonAPI\VideoOS.Management.VmoClient.UnitTests\bin\Debug\net472\VideoOS.Management.VmoClient.UnitTests.dll" adapterTypeName="executor://mstestadapter/v2" className="VideoOS.Management.VmoClient.UnitTests.RecordingStorageTest" name="RecordingStorage_Update_Success" />
    </UnitTest>
    <UnitTest name="CameraDevice_PrebufferInMemory_Before_v102_NotSupported" storage="d:\actions-runner\_work\xpco\xpco\corporate\commonapi\videoos.management.vmoclient.unittests\bin\debug\net472\videoos.management.vmoclient.unittests.dll" id="d33ba304-66b6-f88b-a31f-3dda70fdcb3b">
      <Execution id="3ed01775-5d20-48b6-ac01-1988142bd378" />
      <TestMethod codeBase="D:\actions-runner\_work\XPCO\XPCO\Corporate\CommonAPI\VideoOS.Management.VmoClient.UnitTests\bin\Debug\net472\VideoOS.Management.VmoClient.UnitTests.dll" adapterTypeName="executor://mstestadapter/v2" className="VideoOS.Management.VmoClient.UnitTests.CameraDeviceTest" name="CameraDevice_PrebufferInMemory_Before_v102_NotSupported" />
    </UnitTest>
    <UnitTest name="AxisOneClickCamera_Repository_Registered" storage="d:\actions-runner\_work\xpco\xpco\corporate\commonapi\videoos.management.vmoclient.unittests\bin\debug\net472\videoos.management.vmoclient.unittests.dll" id="b775d07a-4cd6-b069-16d2-d61d8fe62088">
      <Execution id="df8551a8-1121-4626-968a-6f204ce93fd0" />
      <TestMethod codeBase="D:\actions-runner\_work\XPCO\XPCO\Corporate\CommonAPI\VideoOS.Management.VmoClient.UnitTests\bin\Debug\net472\VideoOS.Management.VmoClient.UnitTests.dll" adapterTypeName="executor://mstestadapter/v2" className="VideoOS.Management.VmoClient.UnitTests.AxisOneClickCameraTest" name="AxisOneClickCamera_Repository_Registered" />
    </UnitTest>
    <UnitTest name="MonitorPreset_Update_Success" storage="d:\actions-runner\_work\xpco\xpco\corporate\commonapi\videoos.management.vmoclient.unittests\bin\debug\net472\videoos.management.vmoclient.unittests.dll" id="49273068-e6d8-4813-444d-2ffb84d5db72">
      <Execution id="03a0515e-ff1a-4023-8227-51888067870a" />
      <TestMethod codeBase="D:\actions-runner\_work\XPCO\XPCO\Corporate\CommonAPI\VideoOS.Management.VmoClient.UnitTests\bin\Debug\net472\VideoOS.Management.VmoClient.UnitTests.dll" adapterTypeName="executor://mstestadapter/v2" className="VideoOS.Management.VmoClient.UnitTests.MonitorPresetTest" name="MonitorPreset_Update_Success" />
    </UnitTest>
    <UnitTest name="BasicOwnerInfo_Constructor_DefaultValuesCorrect" storage="d:\actions-runner\_work\xpco\xpco\corporate\commonapi\videoos.management.vmoclient.unittests\bin\debug\net472\videoos.management.vmoclient.unittests.dll" id="0507bcc1-e4fc-1936-fe78-283dd5cecc14">
      <Execution id="dbb9947d-d467-417d-9326-48ee890ee9aa" />
      <TestMethod codeBase="D:\actions-runner\_work\XPCO\XPCO\Corporate\CommonAPI\VideoOS.Management.VmoClient.UnitTests\bin\Debug\net472\VideoOS.Management.VmoClient.UnitTests.dll" adapterTypeName="executor://mstestadapter/v2" className="VideoOS.Management.VmoClient.UnitTests.BasicOwnerInfoTest" name="BasicOwnerInfo_Constructor_DefaultValuesCorrect" />
    </UnitTest>
    <UnitTest name="Construct_InvalidParam_ISiteAddressCache_Null_Throws_ArgumentNullException" storage="d:\actions-runner\_work\xpco\xpco\corporate\commonapi\videoos.management.vmoclient.unittests\bin\debug\net472\videoos.management.vmoclient.unittests.dll" id="de740a7f-1805-ccbb-beb5-ab87db04a4da">
      <TestCategory>
        <TestCategoryItem TestCategory="Vmo Site Connection Tests" />
      </TestCategory>
      <Execution id="4620f6dd-169c-4bb3-ad92-359ccfe9d8a0" />
      <TestMethod codeBase="D:\actions-runner\_work\XPCO\XPCO\Corporate\CommonAPI\VideoOS.Management.VmoClient.UnitTests\bin\Debug\net472\VideoOS.Management.VmoClient.UnitTests.dll" adapterTypeName="executor://mstestadapter/v2" className="VideoOS.Management.VmoClient.UnitTests.Connection.SiteConnectorFactoryTests" name="Construct_InvalidParam_ISiteAddressCache_Null_Throws_ArgumentNullException" />
    </UnitTest>
    <UnitTest name="TestGenericRepositoryFunctionsCorrectlyHandlesEmptyCollections" storage="d:\actions-runner\_work\xpco\xpco\corporate\commonapi\videoos.management.vmoclient.unittests\bin\debug\net472\videoos.management.vmoclient.unittests.dll" id="f286f172-7e8c-bc8d-99b5-b1e12f8b2bb3">
      <Execution id="ba73cdfd-5c89-473a-945e-d3d3d61d0a4c" />
      <TestMethod codeBase="D:\actions-runner\_work\XPCO\XPCO\Corporate\CommonAPI\VideoOS.Management.VmoClient.UnitTests\bin\Debug\net472\VideoOS.Management.VmoClient.UnitTests.dll" adapterTypeName="executor://mstestadapter/v2" className="VideoOS.Management.VmoClient.UnitTests.GenericRepositoryTest" name="TestGenericRepositoryFunctionsCorrectlyHandlesEmptyCollections" />
    </UnitTest>
    <UnitTest name="PatrollingProfile_InsertStepLast_Create_PatrollingStep_Default" storage="d:\actions-runner\_work\xpco\xpco\corporate\commonapi\videoos.management.vmoclient.unittests\bin\debug\net472\videoos.management.vmoclient.unittests.dll" id="403a0570-0c5c-fce8-76b2-b5ee2a87100a">
      <TestCategory>
        <TestCategoryItem TestCategory="Patrolling Profile" />
      </TestCategory>
      <Execution id="2d7855eb-913c-434d-9b5f-17a94cede151" />
      <TestMethod codeBase="D:\actions-runner\_work\XPCO\XPCO\Corporate\CommonAPI\VideoOS.Management.VmoClient.UnitTests\bin\Debug\net472\VideoOS.Management.VmoClient.UnitTests.dll" adapterTypeName="executor://mstestadapter/v2" className="VideoOS.Management.VmoClient.UnitTests.PatrollingProfileTest" name="PatrollingProfile_InsertStepLast_Create_PatrollingStep_Default" />
    </UnitTest>
    <UnitTest name="CameraDevice_RequestEdgeStorageRetrieval_Fail_When_Deleted" storage="d:\actions-runner\_work\xpco\xpco\corporate\commonapi\videoos.management.vmoclient.unittests\bin\debug\net472\videoos.management.vmoclient.unittests.dll" id="dbb49c07-debe-73ff-d467-5e80dec57b2c">
      <Execution id="7e92010e-cba8-4e33-85a7-ecb838574f1c" />
      <TestMethod codeBase="D:\actions-runner\_work\XPCO\XPCO\Corporate\CommonAPI\VideoOS.Management.VmoClient.UnitTests\bin\Debug\net472\VideoOS.Management.VmoClient.UnitTests.dll" adapterTypeName="executor://mstestadapter/v2" className="VideoOS.Management.VmoClient.UnitTests.CameraDeviceTest" name="CameraDevice_RequestEdgeStorageRetrieval_Fail_When_Deleted" />
    </UnitTest>
    <UnitTest name="Constructor_GivenNullSiteConnectorLegacy_ShouldThrow" storage="d:\actions-runner\_work\xpco\xpco\corporate\commonapi\videoos.management.vmoclient.unittests\bin\debug\net472\videoos.management.vmoclient.unittests.dll" id="c7e5d5e9-661c-276b-e145-65420ac61563">
      <Execution id="774da87e-a20e-4777-a03c-b31debff6601" />
      <TestMethod codeBase="D:\actions-runner\_work\XPCO\XPCO\Corporate\CommonAPI\VideoOS.Management.VmoClient.UnitTests\bin\Debug\net472\VideoOS.Management.VmoClient.UnitTests.dll" adapterTypeName="executor://mstestadapter/v2" className="VideoOS.Management.VmoClient.UnitTests.SiteConnectorTest" name="Constructor_GivenNullSiteConnectorLegacy_ShouldThrow" />
    </UnitTest>
    <UnitTest name="MIPAction_Delete_Success" storage="d:\actions-runner\_work\xpco\xpco\corporate\commonapi\videoos.management.vmoclient.unittests\bin\debug\net472\videoos.management.vmoclient.unittests.dll" id="a17ff5e3-f1d2-d696-57d7-c12b7744d935">
      <Execution id="7a617809-ad2e-4ffc-9b00-1c8eecde10aa" />
      <TestMethod codeBase="D:\actions-runner\_work\XPCO\XPCO\Corporate\CommonAPI\VideoOS.Management.VmoClient.UnitTests\bin\Debug\net472\VideoOS.Management.VmoClient.UnitTests.dll" adapterTypeName="executor://mstestadapter/v2" className="VideoOS.Management.VmoClient.UnitTests.MIPActionTest" name="MIPAction_Delete_Success" />
    </UnitTest>
    <UnitTest name="GetIdpInfo_GivenAddressAndCancellationRequest_ShouldCancel" storage="d:\actions-runner\_work\xpco\xpco\corporate\commonapi\videoos.management.vmoclient.unittests\bin\debug\net472\videoos.management.vmoclient.unittests.dll" id="05c947a0-95bd-ca71-a66e-7291db4595b9">
      <Execution id="41837ca9-2866-4042-a7fa-76887d983408" />
      <TestMethod codeBase="D:\actions-runner\_work\XPCO\XPCO\Corporate\CommonAPI\VideoOS.Management.VmoClient.UnitTests\bin\Debug\net472\VideoOS.Management.VmoClient.UnitTests.dll" adapterTypeName="executor://mstestadapter/v2" className="VideoOS.Management.VmoClient.UnitTests.SiteIdpConnectorTests" name="GetIdpInfo_GivenAddressAndCancellationRequest_ShouldCancel" />
    </UnitTest>
    <UnitTest name="BasicUser_Refresh_CheckVersionCalled" storage="d:\actions-runner\_work\xpco\xpco\corporate\commonapi\videoos.management.vmoclient.unittests\bin\debug\net472\videoos.management.vmoclient.unittests.dll" id="f7653ad6-d347-b69c-b224-cedc4fa0a6e0">
      <Execution id="0a7516a7-fbbe-4b02-b349-d32214c292ec" />
      <TestMethod codeBase="D:\actions-runner\_work\XPCO\XPCO\Corporate\CommonAPI\VideoOS.Management.VmoClient.UnitTests\bin\Debug\net472\VideoOS.Management.VmoClient.UnitTests.dll" adapterTypeName="executor://mstestadapter/v2" className="VideoOS.Management.VmoClient.UnitTests.BasicUserTest" name="BasicUser_Refresh_CheckVersionCalled" />
    </UnitTest>
    <UnitTest name="GenericRepositoryTestGetObjectFromCache" storage="d:\actions-runner\_work\xpco\xpco\corporate\commonapi\videoos.management.vmoclient.unittests\bin\debug\net472\videoos.management.vmoclient.unittests.dll" id="462588c4-f379-0c6a-74ed-ba455d85852e">
      <Execution id="40dfd870-3be9-4075-a690-f57796b15d72" />
      <TestMethod codeBase="D:\actions-runner\_work\XPCO\XPCO\Corporate\CommonAPI\VideoOS.Management.VmoClient.UnitTests\bin\Debug\net472\VideoOS.Management.VmoClient.UnitTests.dll" adapterTypeName="executor://mstestadapter/v2" className="VideoOS.Management.VmoClient.UnitTests.GenericRepositoryTest" name="GenericRepositoryTestGetObjectFromCache" />
    </UnitTest>
    <UnitTest name="ServerConnection_Constructor_TokenCache_UseHttps" storage="d:\actions-runner\_work\xpco\xpco\corporate\commonapi\videoos.management.vmoclient.unittests\bin\debug\net472\videoos.management.vmoclient.unittests.dll" id="4ecdbed6-4bdb-5c2b-34a1-a0870150b3ae">
      <TestCategory>
        <TestCategoryItem TestCategory="Vmo Site Connection Tests" />
      </TestCategory>
      <Execution id="84b9959f-67ac-4bf1-aabf-40dadb910d65" />
      <TestMethod codeBase="D:\actions-runner\_work\XPCO\XPCO\Corporate\CommonAPI\VideoOS.Management.VmoClient.UnitTests\bin\Debug\net472\VideoOS.Management.VmoClient.UnitTests.dll" adapterTypeName="executor://mstestadapter/v2" className="VideoOS.Management.VmoClient.UnitTests.Connection.ServerConnectionTest" name="ServerConnection_Constructor_TokenCache_UseHttps" />
    </UnitTest>
    <UnitTest name="Hardware_Repository_Registered" storage="d:\actions-runner\_work\xpco\xpco\corporate\commonapi\videoos.management.vmoclient.unittests\bin\debug\net472\videoos.management.vmoclient.unittests.dll" id="5e64e319-d992-561d-8412-0461abee9d0b">
      <Execution id="0ed1e26d-62e1-4f50-8fe3-2e63dc0a09e0" />
      <TestMethod codeBase="D:\actions-runner\_work\XPCO\XPCO\Corporate\CommonAPI\VideoOS.Management.VmoClient.UnitTests\bin\Debug\net472\VideoOS.Management.VmoClient.UnitTests.dll" adapterTypeName="executor://mstestadapter/v2" className="VideoOS.Management.VmoClient.UnitTests.HardwareTest" name="Hardware_Repository_Registered" />
    </UnitTest>
    <UnitTest name="ServerConnection_Copy" storage="d:\actions-runner\_work\xpco\xpco\corporate\commonapi\videoos.management.vmoclient.unittests\bin\debug\net472\videoos.management.vmoclient.unittests.dll" id="250ef372-dc6c-93f8-2f5c-4af7a713cf94">
      <TestCategory>
        <TestCategoryItem TestCategory="Vmo Site Connection Tests" />
      </TestCategory>
      <Execution id="70c880ba-ed70-4749-a2bd-bb975d9b9a0b" />
      <TestMethod codeBase="D:\actions-runner\_work\XPCO\XPCO\Corporate\CommonAPI\VideoOS.Management.VmoClient.UnitTests\bin\Debug\net472\VideoOS.Management.VmoClient.UnitTests.dll" adapterTypeName="executor://mstestadapter/v2" className="VideoOS.Management.VmoClient.UnitTests.Connection.ServerConnectionTest" name="ServerConnection_Copy" />
    </UnitTest>
    <UnitTest name="TaskArchiving_InternalCreate_Success" storage="d:\actions-runner\_work\xpco\xpco\corporate\commonapi\videoos.management.vmoclient.unittests\bin\debug\net472\videoos.management.vmoclient.unittests.dll" id="7d742982-add9-28eb-7559-102170fb1882">
      <Execution id="ebd0238b-cdb5-4656-b219-b3d6b9effa9c" />
      <TestMethod codeBase="D:\actions-runner\_work\XPCO\XPCO\Corporate\CommonAPI\VideoOS.Management.VmoClient.UnitTests\bin\Debug\net472\VideoOS.Management.VmoClient.UnitTests.dll" adapterTypeName="executor://mstestadapter/v2" className="VideoOS.Management.VmoClient.UnitTests.TaskArchivingTest" name="TaskArchiving_InternalCreate_Success" />
    </UnitTest>
    <UnitTest name="GetSiteConnection_TokenExchange_GivenNull_ShouldThrow" storage="d:\actions-runner\_work\xpco\xpco\corporate\commonapi\videoos.management.vmoclient.unittests\bin\debug\net472\videoos.management.vmoclient.unittests.dll" id="aaeff64a-1245-4b01-fe37-e9fe35f38008">
      <Execution id="9ca1b101-371f-416c-839e-0aa19c1a355d" />
      <TestMethod codeBase="D:\actions-runner\_work\XPCO\XPCO\Corporate\CommonAPI\VideoOS.Management.VmoClient.UnitTests\bin\Debug\net472\VideoOS.Management.VmoClient.UnitTests.dll" adapterTypeName="executor://mstestadapter/v2" className="VideoOS.Management.VmoClient.UnitTests.SiteConnectorTest" name="GetSiteConnection_TokenExchange_GivenNull_ShouldThrow" />
    </UnitTest>
    <UnitTest name="FailoverServer_Update_Failed" storage="d:\actions-runner\_work\xpco\xpco\corporate\commonapi\videoos.management.vmoclient.unittests\bin\debug\net472\videoos.management.vmoclient.unittests.dll" id="68266fb4-2736-ba71-a128-a9e39c1f393d">
      <Execution id="cf325745-7f03-4e56-9659-37a0136b3bad" />
      <TestMethod codeBase="D:\actions-runner\_work\XPCO\XPCO\Corporate\CommonAPI\VideoOS.Management.VmoClient.UnitTests\bin\Debug\net472\VideoOS.Management.VmoClient.UnitTests.dll" adapterTypeName="executor://mstestadapter/v2" className="VideoOS.Management.VmoClient.UnitTests.FailoverServerTest" name="FailoverServer_Update_Failed" />
    </UnitTest>
    <UnitTest name="BasicOwnerInfo_Update_CheckVersionCalled" storage="d:\actions-runner\_work\xpco\xpco\corporate\commonapi\videoos.management.vmoclient.unittests\bin\debug\net472\videoos.management.vmoclient.unittests.dll" id="e86b9db9-4670-4b28-7c8c-971e2f19065c">
      <Execution id="639d4ab4-422c-4aef-846f-88488fb6fa49" />
      <TestMethod codeBase="D:\actions-runner\_work\XPCO\XPCO\Corporate\CommonAPI\VideoOS.Management.VmoClient.UnitTests\bin\Debug\net472\VideoOS.Management.VmoClient.UnitTests.dll" adapterTypeName="executor://mstestadapter/v2" className="VideoOS.Management.VmoClient.UnitTests.BasicOwnerInfoTest" name="BasicOwnerInfo_Update_CheckVersionCalled" />
    </UnitTest>
    <UnitTest name="RecordingStorage_Constructor_DefaultValuesCorrect" storage="d:\actions-runner\_work\xpco\xpco\corporate\commonapi\videoos.management.vmoclient.unittests\bin\debug\net472\videoos.management.vmoclient.unittests.dll" id="68c61d83-4cf3-ff70-7a7c-31b35c4affbf">
      <Execution id="dae40db4-7f76-47b8-98ea-5c7e42835b96" />
      <TestMethod codeBase="D:\actions-runner\_work\XPCO\XPCO\Corporate\CommonAPI\VideoOS.Management.VmoClient.UnitTests\bin\Debug\net472\VideoOS.Management.VmoClient.UnitTests.dll" adapterTypeName="executor://mstestadapter/v2" className="VideoOS.Management.VmoClient.UnitTests.RecordingStorageTest" name="RecordingStorage_Constructor_DefaultValuesCorrect" />
    </UnitTest>
    <UnitTest name="BasicOwnerInfo_Delete_Success" storage="d:\actions-runner\_work\xpco\xpco\corporate\commonapi\videoos.management.vmoclient.unittests\bin\debug\net472\videoos.management.vmoclient.unittests.dll" id="045e707a-1078-b7cb-3af0-c83024c5a95c">
      <Execution id="19b88396-774d-48aa-bfb1-f335dfb53f5d" />
      <TestMethod codeBase="D:\actions-runner\_work\XPCO\XPCO\Corporate\CommonAPI\VideoOS.Management.VmoClient.UnitTests\bin\Debug\net472\VideoOS.Management.VmoClient.UnitTests.dll" adapterTypeName="executor://mstestadapter/v2" className="VideoOS.Management.VmoClient.UnitTests.BasicOwnerInfoTest" name="BasicOwnerInfo_Delete_Success" />
    </UnitTest>
    <UnitTest name="ChildSite_UpdateCustomProperties_NotCreated_InvalidOperationException" storage="d:\actions-runner\_work\xpco\xpco\corporate\commonapi\videoos.management.vmoclient.unittests\bin\debug\net472\videoos.management.vmoclient.unittests.dll" id="2c38395a-4ae2-4ef1-d06a-e281e5a5ad81">
      <Execution id="952ecac4-41ec-4aa2-b982-48414ab024a9" />
      <TestMethod codeBase="D:\actions-runner\_work\XPCO\XPCO\Corporate\CommonAPI\VideoOS.Management.VmoClient.UnitTests\bin\Debug\net472\VideoOS.Management.VmoClient.UnitTests.dll" adapterTypeName="executor://mstestadapter/v2" className="VideoOS.Management.VmoClient.UnitTests.ChildSiteTest" name="ChildSite_UpdateCustomProperties_NotCreated_InvalidOperationException" />
    </UnitTest>
    <UnitTest name="RetentionOptionRoleRelation_Refresh_CheckVersionCalled" storage="d:\actions-runner\_work\xpco\xpco\corporate\commonapi\videoos.management.vmoclient.unittests\bin\debug\net472\videoos.management.vmoclient.unittests.dll" id="aa4067e8-b28a-52d2-8bdf-f8f50f58c26a">
      <Execution id="e53e5bb5-4c83-4cf6-895f-c275d7891802" />
      <TestMethod codeBase="D:\actions-runner\_work\XPCO\XPCO\Corporate\CommonAPI\VideoOS.Management.VmoClient.UnitTests\bin\Debug\net472\VideoOS.Management.VmoClient.UnitTests.dll" adapterTypeName="executor://mstestadapter/v2" className="VideoOS.Management.VmoClient.UnitTests.RetentionOptionRoleRelationTest" name="RetentionOptionRoleRelation_Refresh_CheckVersionCalled" />
    </UnitTest>
    <UnitTest name="MIPObject_Create_Success" storage="d:\actions-runner\_work\xpco\xpco\corporate\commonapi\videoos.management.vmoclient.unittests\bin\debug\net472\videoos.management.vmoclient.unittests.dll" id="4cc3729f-2a03-8494-013d-7c52d12c167c">
      <Execution id="db627661-673d-4759-82d6-971a94351822" />
      <TestMethod codeBase="D:\actions-runner\_work\XPCO\XPCO\Corporate\CommonAPI\VideoOS.Management.VmoClient.UnitTests\bin\Debug\net472\VideoOS.Management.VmoClient.UnitTests.dll" adapterTypeName="executor://mstestadapter/v2" className="VideoOS.Management.VmoClient.UnitTests.MIPObjectTest" name="MIPObject_Create_Success" />
    </UnitTest>
    <UnitTest name="Grid_InsertSameRegion_NotInserted" storage="d:\actions-runner\_work\xpco\xpco\corporate\commonapi\videoos.management.vmoclient.unittests\bin\debug\net472\videoos.management.vmoclient.unittests.dll" id="4a4d9501-6b9c-d98c-f56b-97acb3a1a103">
      <TestCategory>
        <TestCategoryItem TestCategory="Grid" />
      </TestCategory>
      <Execution id="b4b6c499-a091-4288-8b55-765e9c998e18" />
      <TestMethod codeBase="D:\actions-runner\_work\XPCO\XPCO\Corporate\CommonAPI\VideoOS.Management.VmoClient.UnitTests\bin\Debug\net472\VideoOS.Management.VmoClient.UnitTests.dll" adapterTypeName="executor://mstestadapter/v2" className="VideoOS.Management.VmoClient.UnitTests.GridTest" name="Grid_InsertSameRegion_NotInserted" />
    </UnitTest>
    <UnitTest name="ServerVersionConstructor_Equals_Success" storage="d:\actions-runner\_work\xpco\xpco\corporate\commonapi\videoos.management.vmoclient.unittests\bin\debug\net472\videoos.management.vmoclient.unittests.dll" id="485b9188-c62d-b34d-a495-06f19d4b268e">
      <TestCategory>
        <TestCategoryItem TestCategory="Server Version" />
      </TestCategory>
      <Execution id="27233fcf-34c6-45a0-9475-40a8f7234c62" />
      <TestMethod codeBase="D:\actions-runner\_work\XPCO\XPCO\Corporate\CommonAPI\VideoOS.Management.VmoClient.UnitTests\bin\Debug\net472\VideoOS.Management.VmoClient.UnitTests.dll" adapterTypeName="executor://mstestadapter/v2" className="VideoOS.Management.VmoClient.Tests.ServerVersionTests" name="ServerVersionConstructor_Equals_Success" />
    </UnitTest>
    <UnitTest name="InputDevice_Repository_Registered" storage="d:\actions-runner\_work\xpco\xpco\corporate\commonapi\videoos.management.vmoclient.unittests\bin\debug\net472\videoos.management.vmoclient.unittests.dll" id="8e5b3b2d-d576-7b21-70fc-c6981a8f9328">
      <Execution id="f31923cf-e61e-427e-b923-aa7e3738d09e" />
      <TestMethod codeBase="D:\actions-runner\_work\XPCO\XPCO\Corporate\CommonAPI\VideoOS.Management.VmoClient.UnitTests\bin\Debug\net472\VideoOS.Management.VmoClient.UnitTests.dll" adapterTypeName="executor://mstestadapter/v2" className="VideoOS.Management.VmoClient.UnitTests.InputDeviceTest" name="InputDevice_Repository_Registered" />
    </UnitTest>
    <UnitTest name="Monitor_CreateWithId_CheckVersionNotCalled" storage="d:\actions-runner\_work\xpco\xpco\corporate\commonapi\videoos.management.vmoclient.unittests\bin\debug\net472\videoos.management.vmoclient.unittests.dll" id="8f54b6a8-45c1-5b67-46cd-96c92afde143">
      <Execution id="7663cc3a-bd76-4435-b9b9-5424294eccdb" />
      <TestMethod codeBase="D:\actions-runner\_work\XPCO\XPCO\Corporate\CommonAPI\VideoOS.Management.VmoClient.UnitTests\bin\Debug\net472\VideoOS.Management.VmoClient.UnitTests.dll" adapterTypeName="executor://mstestadapter/v2" className="VideoOS.Management.VmoClient.UnitTests.MonitorTest" name="Monitor_CreateWithId_CheckVersionNotCalled" />
    </UnitTest>
    <UnitTest name="CameraDeviceGroup_Refresh_Success" storage="d:\actions-runner\_work\xpco\xpco\corporate\commonapi\videoos.management.vmoclient.unittests\bin\debug\net472\videoos.management.vmoclient.unittests.dll" id="4399ec1d-2c9d-f6f6-8e33-880ef9e97bed">
      <Execution id="a60981ac-d620-4e9f-a90b-845d6faaae6b" />
      <TestMethod codeBase="D:\actions-runner\_work\XPCO\XPCO\Corporate\CommonAPI\VideoOS.Management.VmoClient.UnitTests\bin\Debug\net472\VideoOS.Management.VmoClient.UnitTests.dll" adapterTypeName="executor://mstestadapter/v2" className="VideoOS.Management.VmoClient.UnitTests.DeviceGroupTest" name="CameraDeviceGroup_Refresh_Success" />
    </UnitTest>
    <UnitTest name="View_Refresh_Success" storage="d:\actions-runner\_work\xpco\xpco\corporate\commonapi\videoos.management.vmoclient.unittests\bin\debug\net472\videoos.management.vmoclient.unittests.dll" id="5efdc212-2009-f999-3bbc-821570f59095">
      <Execution id="ed622186-b711-4766-aefe-9cd7b8b12091" />
      <TestMethod codeBase="D:\actions-runner\_work\XPCO\XPCO\Corporate\CommonAPI\VideoOS.Management.VmoClient.UnitTests\bin\Debug\net472\VideoOS.Management.VmoClient.UnitTests.dll" adapterTypeName="executor://mstestadapter/v2" className="VideoOS.Management.VmoClient.UnitTests.ViewTest" name="View_Refresh_Success" />
    </UnitTest>
    <UnitTest name="GetSiteConnection_Windows_GivenForceLegacy_ShouldExecuteLegacyFlow" storage="d:\actions-runner\_work\xpco\xpco\corporate\commonapi\videoos.management.vmoclient.unittests\bin\debug\net472\videoos.management.vmoclient.unittests.dll" id="adfaf1b6-ee9a-a854-6d91-40b24a39395c">
      <Execution id="55214e46-6d9d-464c-8dbd-089a2922bdb0" />
      <TestMethod codeBase="D:\actions-runner\_work\XPCO\XPCO\Corporate\CommonAPI\VideoOS.Management.VmoClient.UnitTests\bin\Debug\net472\VideoOS.Management.VmoClient.UnitTests.dll" adapterTypeName="executor://mstestadapter/v2" className="VideoOS.Management.VmoClient.UnitTests.SiteConnectorTest" name="GetSiteConnection_Windows_GivenForceLegacy_ShouldExecuteLegacyFlow" />
    </UnitTest>
    <UnitTest name="ManagementServer_DetachChildSite_NonCreated_ArgumentException" storage="d:\actions-runner\_work\xpco\xpco\corporate\commonapi\videoos.management.vmoclient.unittests\bin\debug\net472\videoos.management.vmoclient.unittests.dll" id="c9676883-a38f-18af-1659-9e55996244a0">
      <Execution id="5bbb6fe5-90e0-4bbe-bc75-8ff087e12109" />
      <TestMethod codeBase="D:\actions-runner\_work\XPCO\XPCO\Corporate\CommonAPI\VideoOS.Management.VmoClient.UnitTests\bin\Debug\net472\VideoOS.Management.VmoClient.UnitTests.dll" adapterTypeName="executor://mstestadapter/v2" className="VideoOS.Management.VmoClient.UnitTests.ManagementServerTest" name="ManagementServer_DetachChildSite_NonCreated_ArgumentException" />
    </UnitTest>
    <UnitTest name="PatrollingProfile_InsertStepAt_Create_PatrollingStep_Default" storage="d:\actions-runner\_work\xpco\xpco\corporate\commonapi\videoos.management.vmoclient.unittests\bin\debug\net472\videoos.management.vmoclient.unittests.dll" id="00618716-4f82-1a4a-b0f3-2af10c61bf40">
      <TestCategory>
        <TestCategoryItem TestCategory="Patrolling Profile" />
      </TestCategory>
      <Execution id="8cdef262-6cc6-4fcc-89c4-d905b004ef4d" />
      <TestMethod codeBase="D:\actions-runner\_work\XPCO\XPCO\Corporate\CommonAPI\VideoOS.Management.VmoClient.UnitTests\bin\Debug\net472\VideoOS.Management.VmoClient.UnitTests.dll" adapterTypeName="executor://mstestadapter/v2" className="VideoOS.Management.VmoClient.UnitTests.PatrollingProfileTest" name="PatrollingProfile_InsertStepAt_Create_PatrollingStep_Default" />
    </UnitTest>
    <UnitTest name="Construct_ValidInstance_WithCorrectAncestory_Success" storage="d:\actions-runner\_work\xpco\xpco\corporate\commonapi\videoos.management.vmoclient.unittests\bin\debug\net472\videoos.management.vmoclient.unittests.dll" id="89bee59c-4106-05e2-1fd8-4908668b357f">
      <TestCategory>
        <TestCategoryItem TestCategory="Vmo Site Connection Tests" />
      </TestCategory>
      <Execution id="c4ce2093-49be-4eb2-a7cb-f481185f33ed" />
      <TestMethod codeBase="D:\actions-runner\_work\XPCO\XPCO\Corporate\CommonAPI\VideoOS.Management.VmoClient.UnitTests\bin\Debug\net472\VideoOS.Management.VmoClient.UnitTests.dll" adapterTypeName="executor://mstestadapter/v2" className="VideoOS.Management.VmoClient.UnitTests.Connection.SiteConnectorFactoryTests" name="Construct_ValidInstance_WithCorrectAncestory_Success" />
    </UnitTest>
    <UnitTest name="ServerVersionConstructor_String_Success" storage="d:\actions-runner\_work\xpco\xpco\corporate\commonapi\videoos.management.vmoclient.unittests\bin\debug\net472\videoos.management.vmoclient.unittests.dll" id="d9079d90-2920-f566-8909-0fb0a7a3a358">
      <TestCategory>
        <TestCategoryItem TestCategory="Server Version" />
      </TestCategory>
      <Execution id="e94bb6cf-62d3-461f-941f-9de8a1246b47" />
      <TestMethod codeBase="D:\actions-runner\_work\XPCO\XPCO\Corporate\CommonAPI\VideoOS.Management.VmoClient.UnitTests\bin\Debug\net472\VideoOS.Management.VmoClient.UnitTests.dll" adapterTypeName="executor://mstestadapter/v2" className="VideoOS.Management.VmoClient.Tests.ServerVersionTests" name="ServerVersionConstructor_String_Success" />
    </UnitTest>
    <UnitTest name="PatrollingProfile_RemoveStep" storage="d:\actions-runner\_work\xpco\xpco\corporate\commonapi\videoos.management.vmoclient.unittests\bin\debug\net472\videoos.management.vmoclient.unittests.dll" id="85b0eff5-6a5c-21aa-74b2-7eac2da376a1">
      <TestCategory>
        <TestCategoryItem TestCategory="Patrolling Profile" />
      </TestCategory>
      <Execution id="849de100-ba22-4008-ac95-0c4a962c510e" />
      <TestMethod codeBase="D:\actions-runner\_work\XPCO\XPCO\Corporate\CommonAPI\VideoOS.Management.VmoClient.UnitTests\bin\Debug\net472\VideoOS.Management.VmoClient.UnitTests.dll" adapterTypeName="executor://mstestadapter/v2" className="VideoOS.Management.VmoClient.UnitTests.PatrollingProfileTest" name="PatrollingProfile_RemoveStep" />
    </UnitTest>
    <UnitTest name="Hardware_Update_Before_v70_NotSupported" storage="d:\actions-runner\_work\xpco\xpco\corporate\commonapi\videoos.management.vmoclient.unittests\bin\debug\net472\videoos.management.vmoclient.unittests.dll" id="58683d2f-19fa-251e-90dc-e7c7a4170567">
      <Execution id="680f7adb-5ef4-4ad7-82d7-9ff7d6d22cb2" />
      <TestMethod codeBase="D:\actions-runner\_work\XPCO\XPCO\Corporate\CommonAPI\VideoOS.Management.VmoClient.UnitTests\bin\Debug\net472\VideoOS.Management.VmoClient.UnitTests.dll" adapterTypeName="executor://mstestadapter/v2" className="VideoOS.Management.VmoClient.UnitTests.HardwareTest" name="Hardware_Update_Before_v70_NotSupported" />
    </UnitTest>
    <UnitTest name="MarkedData_IsDeleted_Success" storage="d:\actions-runner\_work\xpco\xpco\corporate\commonapi\videoos.management.vmoclient.unittests\bin\debug\net472\videoos.management.vmoclient.unittests.dll" id="3e2d5ffd-cdb1-47e2-9eb1-edf9fd7fb46d">
      <Execution id="a46d9534-d3a2-4f49-9fb9-6e8949848d30" />
      <TestMethod codeBase="D:\actions-runner\_work\XPCO\XPCO\Corporate\CommonAPI\VideoOS.Management.VmoClient.UnitTests\bin\Debug\net472\VideoOS.Management.VmoClient.UnitTests.dll" adapterTypeName="executor://mstestadapter/v2" className="VideoOS.Management.VmoClient.UnitTests.MarkedDataTest" name="MarkedData_IsDeleted_Success" />
    </UnitTest>
    <UnitTest name="TaskSetEncryptionPassword_Refresh_Success" storage="d:\actions-runner\_work\xpco\xpco\corporate\commonapi\videoos.management.vmoclient.unittests\bin\debug\net472\videoos.management.vmoclient.unittests.dll" id="87c72546-d4ba-d2aa-7335-441f05ebc56a">
      <Execution id="92facb08-13db-4da2-9075-04c766a74d4e" />
      <TestMethod codeBase="D:\actions-runner\_work\XPCO\XPCO\Corporate\CommonAPI\VideoOS.Management.VmoClient.UnitTests\bin\Debug\net472\VideoOS.Management.VmoClient.UnitTests.dll" adapterTypeName="executor://mstestadapter/v2" className="VideoOS.Management.VmoClient.UnitTests.TaskSetEncryptionPasswordTest" name="TaskSetEncryptionPassword_Refresh_Success" />
    </UnitTest>
    <UnitTest name="Grid_RemoveSpecificCellFirst_CorrectCellRemoved" storage="d:\actions-runner\_work\xpco\xpco\corporate\commonapi\videoos.management.vmoclient.unittests\bin\debug\net472\videoos.management.vmoclient.unittests.dll" id="f333f71a-0e07-3c5a-f7fc-8c8e0562fb78">
      <TestCategory>
        <TestCategoryItem TestCategory="Grid" />
      </TestCategory>
      <Execution id="91ae4771-f15f-4371-9525-5ec2536cbe73" />
      <TestMethod codeBase="D:\actions-runner\_work\XPCO\XPCO\Corporate\CommonAPI\VideoOS.Management.VmoClient.UnitTests\bin\Debug\net472\VideoOS.Management.VmoClient.UnitTests.dll" adapterTypeName="executor://mstestadapter/v2" className="VideoOS.Management.VmoClient.UnitTests.GridTest" name="Grid_RemoveSpecificCellFirst_CorrectCellRemoved" />
    </UnitTest>
    <UnitTest name="ServerVersionConstructor_CompareToLeft_Success" storage="d:\actions-runner\_work\xpco\xpco\corporate\commonapi\videoos.management.vmoclient.unittests\bin\debug\net472\videoos.management.vmoclient.unittests.dll" id="fbdae986-4ae4-5444-a733-69376521dbb0">
      <TestCategory>
        <TestCategoryItem TestCategory="Server Version" />
      </TestCategory>
      <Execution id="840ca95b-6abf-41dd-affd-209dc71007d0" />
      <TestMethod codeBase="D:\actions-runner\_work\XPCO\XPCO\Corporate\CommonAPI\VideoOS.Management.VmoClient.UnitTests\bin\Debug\net472\VideoOS.Management.VmoClient.UnitTests.dll" adapterTypeName="executor://mstestadapter/v2" className="VideoOS.Management.VmoClient.Tests.ServerVersionTests" name="ServerVersionConstructor_CompareToLeft_Success" />
    </UnitTest>
    <UnitTest name="ArchiveStorage_Constructor_DefaultValuesCorrect" storage="d:\actions-runner\_work\xpco\xpco\corporate\commonapi\videoos.management.vmoclient.unittests\bin\debug\net472\videoos.management.vmoclient.unittests.dll" id="84b2bd28-ee06-f48d-2e7d-0466ff313383">
      <Execution id="133c29be-2ab1-4900-a77c-e99c776612ca" />
      <TestMethod codeBase="D:\actions-runner\_work\XPCO\XPCO\Corporate\CommonAPI\VideoOS.Management.VmoClient.UnitTests\bin\Debug\net472\VideoOS.Management.VmoClient.UnitTests.dll" adapterTypeName="executor://mstestadapter/v2" className="VideoOS.Management.VmoClient.UnitTests.ArchiveStorageTest" name="ArchiveStorage_Constructor_DefaultValuesCorrect" />
    </UnitTest>
    <UnitTest name="TaskDeleteRecordingStorage_StartNew_Success" storage="d:\actions-runner\_work\xpco\xpco\corporate\commonapi\videoos.management.vmoclient.unittests\bin\debug\net472\videoos.management.vmoclient.unittests.dll" id="e1626575-e055-6258-c63a-1ed2106a1fc3">
      <Execution id="d4b817b5-5176-41ca-82b9-f598113f915c" />
      <TestMethod codeBase="D:\actions-runner\_work\XPCO\XPCO\Corporate\CommonAPI\VideoOS.Management.VmoClient.UnitTests\bin\Debug\net472\VideoOS.Management.VmoClient.UnitTests.dll" adapterTypeName="executor://mstestadapter/v2" className="VideoOS.Management.VmoClient.UnitTests.TaskDeleteRecordingStorageTest" name="TaskDeleteRecordingStorage_StartNew_Success" />
    </UnitTest>
    <UnitTest name="SpeakerDeviceGroup_Refresh_Failed" storage="d:\actions-runner\_work\xpco\xpco\corporate\commonapi\videoos.management.vmoclient.unittests\bin\debug\net472\videoos.management.vmoclient.unittests.dll" id="3f6a259a-e1b2-b047-675c-86a55ef507cd">
      <Execution id="fdeff187-3c48-4d97-8247-910886592fb6" />
      <TestMethod codeBase="D:\actions-runner\_work\XPCO\XPCO\Corporate\CommonAPI\VideoOS.Management.VmoClient.UnitTests\bin\Debug\net472\VideoOS.Management.VmoClient.UnitTests.dll" adapterTypeName="executor://mstestadapter/v2" className="VideoOS.Management.VmoClient.UnitTests.DeviceGroupTest" name="SpeakerDeviceGroup_Refresh_Failed" />
    </UnitTest>
    <UnitTest name="ArchiveStorage_Enable_Framerate_Reduction_Failed_Not_Created" storage="d:\actions-runner\_work\xpco\xpco\corporate\commonapi\videoos.management.vmoclient.unittests\bin\debug\net472\videoos.management.vmoclient.unittests.dll" id="874fb058-d459-71f6-7f28-264ff1842a7b">
      <Execution id="f9446669-1868-4fe2-b508-fb0f11b92887" />
      <TestMethod codeBase="D:\actions-runner\_work\XPCO\XPCO\Corporate\CommonAPI\VideoOS.Management.VmoClient.UnitTests\bin\Debug\net472\VideoOS.Management.VmoClient.UnitTests.dll" adapterTypeName="executor://mstestadapter/v2" className="VideoOS.Management.VmoClient.UnitTests.ArchiveStorageTest" name="ArchiveStorage_Enable_Framerate_Reduction_Failed_Not_Created" />
    </UnitTest>
    <UnitTest name="Construct_AllowUnsecure_ForceLegacy_Success" storage="d:\actions-runner\_work\xpco\xpco\corporate\commonapi\videoos.management.vmoclient.unittests\bin\debug\net472\videoos.management.vmoclient.unittests.dll" id="15c29022-eb79-9121-034c-c0cba1cf6806">
      <TestCategory>
        <TestCategoryItem TestCategory="Vmo Site Connection Tests" />
      </TestCategory>
      <Execution id="1c75a27f-4e26-4aff-a484-7c70f79dbe08" />
      <TestMethod codeBase="D:\actions-runner\_work\XPCO\XPCO\Corporate\CommonAPI\VideoOS.Management.VmoClient.UnitTests\bin\Debug\net472\VideoOS.Management.VmoClient.UnitTests.dll" adapterTypeName="executor://mstestadapter/v2" className="VideoOS.Management.VmoClient.UnitTests.Connection.SiteConnectionInfoWindowsTests" name="Construct_AllowUnsecure_ForceLegacy_Success" />
    </UnitTest>
    <UnitTest name="RecordingStorage_EnableEncryption_Success" storage="d:\actions-runner\_work\xpco\xpco\corporate\commonapi\videoos.management.vmoclient.unittests\bin\debug\net472\videoos.management.vmoclient.unittests.dll" id="046311e7-00c1-ef6d-f09a-d62fc09a26ed">
      <Execution id="3203a2d3-77f2-4a62-a4bb-0b62e217c338" />
      <TestMethod codeBase="D:\actions-runner\_work\XPCO\XPCO\Corporate\CommonAPI\VideoOS.Management.VmoClient.UnitTests\bin\Debug\net472\VideoOS.Management.VmoClient.UnitTests.dll" adapterTypeName="executor://mstestadapter/v2" className="VideoOS.Management.VmoClient.UnitTests.RecordingStorageTest" name="RecordingStorage_EnableEncryption_Success" />
    </UnitTest>
    <UnitTest name="VideoWallPreset_Refresh_Success" storage="d:\actions-runner\_work\xpco\xpco\corporate\commonapi\videoos.management.vmoclient.unittests\bin\debug\net472\videoos.management.vmoclient.unittests.dll" id="ad0762eb-2871-a25a-9561-8a26158a456a">
      <Execution id="a4f8818b-eece-42b6-af17-0eff2a9792d9" />
      <TestMethod codeBase="D:\actions-runner\_work\XPCO\XPCO\Corporate\CommonAPI\VideoOS.Management.VmoClient.UnitTests\bin\Debug\net472\VideoOS.Management.VmoClient.UnitTests.dll" adapterTypeName="executor://mstestadapter/v2" className="VideoOS.Management.VmoClient.UnitTests.VideoWallPresetTest" name="VideoWallPreset_Refresh_Success" />
    </UnitTest>
    <UnitTest name="Grid_DecreaseGridSize_GridCleared" storage="d:\actions-runner\_work\xpco\xpco\corporate\commonapi\videoos.management.vmoclient.unittests\bin\debug\net472\videoos.management.vmoclient.unittests.dll" id="a9b4057e-adb3-6fcd-cf37-ded7c2ccdc6f">
      <TestCategory>
        <TestCategoryItem TestCategory="Grid" />
      </TestCategory>
      <Execution id="f1bfbc0a-f46f-411b-bc44-e0b3846222c4" />
      <TestMethod codeBase="D:\actions-runner\_work\XPCO\XPCO\Corporate\CommonAPI\VideoOS.Management.VmoClient.UnitTests\bin\Debug\net472\VideoOS.Management.VmoClient.UnitTests.dll" adapterTypeName="executor://mstestadapter/v2" className="VideoOS.Management.VmoClient.UnitTests.GridTest" name="Grid_DecreaseGridSize_GridCleared" />
    </UnitTest>
    <UnitTest name="TrustedIssuer_Delete_Success" storage="d:\actions-runner\_work\xpco\xpco\corporate\commonapi\videoos.management.vmoclient.unittests\bin\debug\net472\videoos.management.vmoclient.unittests.dll" id="717c9c26-348a-7136-592c-3e0c4dc8d603">
      <Execution id="6100cefe-9d62-4ad6-a305-d5320c261156" />
      <TestMethod codeBase="D:\actions-runner\_work\XPCO\XPCO\Corporate\CommonAPI\VideoOS.Management.VmoClient.UnitTests\bin\Debug\net472\VideoOS.Management.VmoClient.UnitTests.dll" adapterTypeName="executor://mstestadapter/v2" className="VideoOS.Management.VmoClient.UnitTests.TrustedIssuerTest" name="TrustedIssuer_Delete_Success" />
    </UnitTest>
    <UnitTest name="SunClockTimeProfile_Repository_Registered" storage="d:\actions-runner\_work\xpco\xpco\corporate\commonapi\videoos.management.vmoclient.unittests\bin\debug\net472\videoos.management.vmoclient.unittests.dll" id="e81bf28d-1d67-5144-faff-39e857f5365a">
      <Execution id="e4546ef7-3724-4d5b-b5f7-48a3e8730b4e" />
      <TestMethod codeBase="D:\actions-runner\_work\XPCO\XPCO\Corporate\CommonAPI\VideoOS.Management.VmoClient.UnitTests\bin\Debug\net472\VideoOS.Management.VmoClient.UnitTests.dll" adapterTypeName="executor://mstestadapter/v2" className="VideoOS.Management.VmoClient.UnitTests.SunClockTimeProfileTest" name="SunClockTimeProfile_Repository_Registered" />
    </UnitTest>
    <UnitTest name="Grid_Initilize_CellsPopulated" storage="d:\actions-runner\_work\xpco\xpco\corporate\commonapi\videoos.management.vmoclient.unittests\bin\debug\net472\videoos.management.vmoclient.unittests.dll" id="c2703aff-9383-46f6-4b8c-211e5be5b6cd">
      <TestCategory>
        <TestCategoryItem TestCategory="Grid" />
      </TestCategory>
      <Execution id="302d9026-4836-4b17-b0a2-a2100a747ba4" />
      <TestMethod codeBase="D:\actions-runner\_work\XPCO\XPCO\Corporate\CommonAPI\VideoOS.Management.VmoClient.UnitTests\bin\Debug\net472\VideoOS.Management.VmoClient.UnitTests.dll" adapterTypeName="executor://mstestadapter/v2" className="VideoOS.Management.VmoClient.UnitTests.GridTest" name="Grid_Initilize_CellsPopulated" />
    </UnitTest>
    <UnitTest name="TaskAddIdpAdmin_Refresh_Success" storage="d:\actions-runner\_work\xpco\xpco\corporate\commonapi\videoos.management.vmoclient.unittests\bin\debug\net472\videoos.management.vmoclient.unittests.dll" id="a10509ab-f6fe-317e-d36d-69ea64c44be3">
      <Execution id="6d069670-b107-4724-9b8d-92898b947a08" />
      <TestMethod codeBase="D:\actions-runner\_work\XPCO\XPCO\Corporate\CommonAPI\VideoOS.Management.VmoClient.UnitTests\bin\Debug\net472\VideoOS.Management.VmoClient.UnitTests.dll" adapterTypeName="executor://mstestadapter/v2" className="VideoOS.Management.VmoClient.UnitTests.TaskAddIdpAdminTest" name="TaskAddIdpAdmin_Refresh_Success" />
    </UnitTest>
    <UnitTest name="AxisTunnelServer_Repository_Registered" storage="d:\actions-runner\_work\xpco\xpco\corporate\commonapi\videoos.management.vmoclient.unittests\bin\debug\net472\videoos.management.vmoclient.unittests.dll" id="9b0a46c5-cc0f-583d-4f43-3b9ec7a0262e">
      <Execution id="dc4f8070-8811-4807-98b5-afadccbc4589" />
      <TestMethod codeBase="D:\actions-runner\_work\XPCO\XPCO\Corporate\CommonAPI\VideoOS.Management.VmoClient.UnitTests\bin\Debug\net472\VideoOS.Management.VmoClient.UnitTests.dll" adapterTypeName="executor://mstestadapter/v2" className="VideoOS.Management.VmoClient.UnitTests.AxisTunnelServerTest" name="AxisTunnelServer_Repository_Registered" />
    </UnitTest>
    <UnitTest name="Grid_SetRegionXBelowValid_Exception" storage="d:\actions-runner\_work\xpco\xpco\corporate\commonapi\videoos.management.vmoclient.unittests\bin\debug\net472\videoos.management.vmoclient.unittests.dll" id="d1627e90-8df2-671c-332a-ec497aadd1e4">
      <TestCategory>
        <TestCategoryItem TestCategory="Grid" />
      </TestCategory>
      <Execution id="2fada24a-c488-42f8-8c3f-9d0f2c3bde6f" />
      <TestMethod codeBase="D:\actions-runner\_work\XPCO\XPCO\Corporate\CommonAPI\VideoOS.Management.VmoClient.UnitTests\bin\Debug\net472\VideoOS.Management.VmoClient.UnitTests.dll" adapterTypeName="executor://mstestadapter/v2" className="VideoOS.Management.VmoClient.UnitTests.GridTest" name="Grid_SetRegionXBelowValid_Exception" />
    </UnitTest>
    <UnitTest name="RetentionOptionRoleRelation_Create_Success" storage="d:\actions-runner\_work\xpco\xpco\corporate\commonapi\videoos.management.vmoclient.unittests\bin\debug\net472\videoos.management.vmoclient.unittests.dll" id="29446125-ae7b-a74f-3fea-d4cdf704ae46">
      <Execution id="b03f0a58-dbe4-48ef-b797-63ffcaf6960f" />
      <TestMethod codeBase="D:\actions-runner\_work\XPCO\XPCO\Corporate\CommonAPI\VideoOS.Management.VmoClient.UnitTests\bin\Debug\net472\VideoOS.Management.VmoClient.UnitTests.dll" adapterTypeName="executor://mstestadapter/v2" className="VideoOS.Management.VmoClient.UnitTests.RetentionOptionRoleRelationTest" name="RetentionOptionRoleRelation_Create_Success" />
    </UnitTest>
    <UnitTest name="MarkedData_Update_Failed_Not_Created" storage="d:\actions-runner\_work\xpco\xpco\corporate\commonapi\videoos.management.vmoclient.unittests\bin\debug\net472\videoos.management.vmoclient.unittests.dll" id="a637af31-d7de-7209-5a6a-9a493eeba333">
      <Execution id="896918df-86a2-48dc-a207-11f62e6d1a01" />
      <TestMethod codeBase="D:\actions-runner\_work\XPCO\XPCO\Corporate\CommonAPI\VideoOS.Management.VmoClient.UnitTests\bin\Debug\net472\VideoOS.Management.VmoClient.UnitTests.dll" adapterTypeName="executor://mstestadapter/v2" className="VideoOS.Management.VmoClient.UnitTests.MarkedDataTest" name="MarkedData_Update_Failed_Not_Created" />
    </UnitTest>
    <UnitTest name="UserDefinedEvent_Refresh_Success" storage="d:\actions-runner\_work\xpco\xpco\corporate\commonapi\videoos.management.vmoclient.unittests\bin\debug\net472\videoos.management.vmoclient.unittests.dll" id="0d218ffa-5085-6186-2e38-741ff30a50b9">
      <Execution id="375df543-303e-4c96-9e6e-25808620fd1c" />
      <TestMethod codeBase="D:\actions-runner\_work\XPCO\XPCO\Corporate\CommonAPI\VideoOS.Management.VmoClient.UnitTests\bin\Debug\net472\VideoOS.Management.VmoClient.UnitTests.dll" adapterTypeName="executor://mstestadapter/v2" className="VideoOS.Management.VmoClient.UnitTests.UserDefinedEventTest" name="UserDefinedEvent_Refresh_Success" />
    </UnitTest>
    <UnitTest name="ViewLayout_Repository_Registered" storage="d:\actions-runner\_work\xpco\xpco\corporate\commonapi\videoos.management.vmoclient.unittests\bin\debug\net472\videoos.management.vmoclient.unittests.dll" id="ed9dbcd4-caa1-444f-55d7-c156a57c23d0">
      <Execution id="68517fa7-16c5-4b4d-a667-4edde4937a38" />
      <TestMethod codeBase="D:\actions-runner\_work\XPCO\XPCO\Corporate\CommonAPI\VideoOS.Management.VmoClient.UnitTests\bin\Debug\net472\VideoOS.Management.VmoClient.UnitTests.dll" adapterTypeName="executor://mstestadapter/v2" className="VideoOS.Management.VmoClient.UnitTests.ViewLayoutTest" name="ViewLayout_Repository_Registered" />
    </UnitTest>
    <UnitTest name="GetHighPriorityError_GivenNotExpectedException_ReturnsNull" storage="d:\actions-runner\_work\xpco\xpco\corporate\commonapi\videoos.management.vmoclient.unittests\bin\debug\net472\videoos.management.vmoclient.unittests.dll" id="e7217958-3636-f395-52b6-2a4b70ef9c4d">
      <Execution id="f76e5e89-be92-4ac3-83de-c751264066a2" />
      <TestMethod codeBase="D:\actions-runner\_work\XPCO\XPCO\Corporate\CommonAPI\VideoOS.Management.VmoClient.UnitTests\bin\Debug\net472\VideoOS.Management.VmoClient.UnitTests.dll" adapterTypeName="executor://mstestadapter/v2" className="VideoOS.Management.VmoClient.UnitTests.SiteConnectorExceptionHandlerTests" name="GetHighPriorityError_GivenNotExpectedException_ReturnsNull" />
    </UnitTest>
    <UnitTest name="ManagementServer_DetachMasterSite_Called" storage="d:\actions-runner\_work\xpco\xpco\corporate\commonapi\videoos.management.vmoclient.unittests\bin\debug\net472\videoos.management.vmoclient.unittests.dll" id="a2f09d51-5e4f-ca37-d7ac-19fd446a6c3c">
      <Execution id="be632b5d-9608-4c10-a67c-d2f0d5d991f3" />
      <TestMethod codeBase="D:\actions-runner\_work\XPCO\XPCO\Corporate\CommonAPI\VideoOS.Management.VmoClient.UnitTests\bin\Debug\net472\VideoOS.Management.VmoClient.UnitTests.dll" adapterTypeName="executor://mstestadapter/v2" className="VideoOS.Management.VmoClient.UnitTests.ManagementServerTest" name="ManagementServer_DetachMasterSite_Called" />
    </UnitTest>
    <UnitTest name="Role_Remove_Member_Check_Empty_Name" storage="d:\actions-runner\_work\xpco\xpco\corporate\commonapi\videoos.management.vmoclient.unittests\bin\debug\net472\videoos.management.vmoclient.unittests.dll" id="66e296b5-257f-384e-8ec6-e459694bc099">
      <Execution id="0c33fb5f-289e-4f33-9848-834200152fe9" />
      <TestMethod codeBase="D:\actions-runner\_work\XPCO\XPCO\Corporate\CommonAPI\VideoOS.Management.VmoClient.UnitTests\bin\Debug\net472\VideoOS.Management.VmoClient.UnitTests.dll" adapterTypeName="executor://mstestadapter/v2" className="VideoOS.Management.VmoClient.UnitTests.RoleTest" name="Role_Remove_Member_Check_Empty_Name" />
    </UnitTest>
    <UnitTest name="GetFastestIdpInfo_GivenNullAddresses_ShouldThrow" storage="d:\actions-runner\_work\xpco\xpco\corporate\commonapi\videoos.management.vmoclient.unittests\bin\debug\net472\videoos.management.vmoclient.unittests.dll" id="42e62a98-6817-8d63-2160-7b6bbc0c9cea">
      <Execution id="f594e355-6d4f-450e-9213-0357500f9bee" />
      <TestMethod codeBase="D:\actions-runner\_work\XPCO\XPCO\Corporate\CommonAPI\VideoOS.Management.VmoClient.UnitTests\bin\Debug\net472\VideoOS.Management.VmoClient.UnitTests.dll" adapterTypeName="executor://mstestadapter/v2" className="VideoOS.Management.VmoClient.UnitTests.SiteIdpConnectorTests" name="GetFastestIdpInfo_GivenNullAddresses_ShouldThrow" />
    </UnitTest>
    <UnitTest name="CameraDevice_TruncateStorage_Fail_Not_Created" storage="d:\actions-runner\_work\xpco\xpco\corporate\commonapi\videoos.management.vmoclient.unittests\bin\debug\net472\videoos.management.vmoclient.unittests.dll" id="aee2cb27-63f5-026c-1dec-a424ba76f6b0">
      <Execution id="fdcbd34d-d690-43c9-be73-4c5132e4e20b" />
      <TestMethod codeBase="D:\actions-runner\_work\XPCO\XPCO\Corporate\CommonAPI\VideoOS.Management.VmoClient.UnitTests\bin\Debug\net472\VideoOS.Management.VmoClient.UnitTests.dll" adapterTypeName="executor://mstestadapter/v2" className="VideoOS.Management.VmoClient.UnitTests.CameraDeviceTest" name="CameraDevice_TruncateStorage_Fail_Not_Created" />
    </UnitTest>
    <UnitTest name="TaskDeleteIdpAdmin_StartNew_Success" storage="d:\actions-runner\_work\xpco\xpco\corporate\commonapi\videoos.management.vmoclient.unittests\bin\debug\net472\videoos.management.vmoclient.unittests.dll" id="742bdb62-f7ec-73a4-9e58-b719ceb66e15">
      <Execution id="14262ec7-0113-4140-b59b-3b34bc69e796" />
      <TestMethod codeBase="D:\actions-runner\_work\XPCO\XPCO\Corporate\CommonAPI\VideoOS.Management.VmoClient.UnitTests\bin\Debug\net472\VideoOS.Management.VmoClient.UnitTests.dll" adapterTypeName="executor://mstestadapter/v2" className="VideoOS.Management.VmoClient.UnitTests.TaskDeleteIdpAdminTest" name="TaskDeleteIdpAdmin_StartNew_Success" />
    </UnitTest>
    <UnitTest name="DeviceGroup_Repository_Registered" storage="d:\actions-runner\_work\xpco\xpco\corporate\commonapi\videoos.management.vmoclient.unittests\bin\debug\net472\videoos.management.vmoclient.unittests.dll" id="49897fa8-afbf-aa8f-42ea-750e9df55079">
      <Execution id="82e16601-017a-4e18-8bef-1b3b7a1ace63" />
      <TestMethod codeBase="D:\actions-runner\_work\XPCO\XPCO\Corporate\CommonAPI\VideoOS.Management.VmoClient.UnitTests\bin\Debug\net472\VideoOS.Management.VmoClient.UnitTests.dll" adapterTypeName="executor://mstestadapter/v2" className="VideoOS.Management.VmoClient.UnitTests.DeviceGroupTest" name="DeviceGroup_Repository_Registered" />
    </UnitTest>
    <UnitTest name="FailoverServerGroup_Create_Success" storage="d:\actions-runner\_work\xpco\xpco\corporate\commonapi\videoos.management.vmoclient.unittests\bin\debug\net472\videoos.management.vmoclient.unittests.dll" id="2dd8d6a2-00d9-80fa-20cd-56a988793cbb">
      <Execution id="49fb5572-ae87-4f24-995e-75d7babf8764" />
      <TestMethod codeBase="D:\actions-runner\_work\XPCO\XPCO\Corporate\CommonAPI\VideoOS.Management.VmoClient.UnitTests\bin\Debug\net472\VideoOS.Management.VmoClient.UnitTests.dll" adapterTypeName="executor://mstestadapter/v2" className="VideoOS.Management.VmoClient.UnitTests.FailoverServerGroupTest" name="FailoverServerGroup_Create_Success" />
    </UnitTest>
    <UnitTest name="Role_Repository_Registered" storage="d:\actions-runner\_work\xpco\xpco\corporate\commonapi\videoos.management.vmoclient.unittests\bin\debug\net472\videoos.management.vmoclient.unittests.dll" id="9324354b-f535-aa3c-e7a7-348593b2dfd3">
      <Execution id="50401260-0430-408b-9602-0548257d45f5" />
      <TestMethod codeBase="D:\actions-runner\_work\XPCO\XPCO\Corporate\CommonAPI\VideoOS.Management.VmoClient.UnitTests\bin\Debug\net472\VideoOS.Management.VmoClient.UnitTests.dll" adapterTypeName="executor://mstestadapter/v2" className="VideoOS.Management.VmoClient.UnitTests.RoleTest" name="Role_Repository_Registered" />
    </UnitTest>
    <UnitTest name="TaskAddHardware_Create_61_NotSupported" storage="d:\actions-runner\_work\xpco\xpco\corporate\commonapi\videoos.management.vmoclient.unittests\bin\debug\net472\videoos.management.vmoclient.unittests.dll" id="879649e9-00d0-e07e-9f37-91f11e61fd61">
      <Execution id="59396efe-bd8e-413b-aa76-b0063b11db7d" />
      <TestMethod codeBase="D:\actions-runner\_work\XPCO\XPCO\Corporate\CommonAPI\VideoOS.Management.VmoClient.UnitTests\bin\Debug\net472\VideoOS.Management.VmoClient.UnitTests.dll" adapterTypeName="executor://mstestadapter/v2" className="VideoOS.Management.VmoClient.UnitTests.TaskAddHardwareTest" name="TaskAddHardware_Create_61_NotSupported" />
    </UnitTest>
    <UnitTest name="Hardware_ReadPassword_Before_v101_NotSupported" storage="d:\actions-runner\_work\xpco\xpco\corporate\commonapi\videoos.management.vmoclient.unittests\bin\debug\net472\videoos.management.vmoclient.unittests.dll" id="e03a47bb-30de-67b9-989a-670956feb5c4">
      <Execution id="309a73f2-489f-4452-8575-e088cb2304b6" />
      <TestMethod codeBase="D:\actions-runner\_work\XPCO\XPCO\Corporate\CommonAPI\VideoOS.Management.VmoClient.UnitTests\bin\Debug\net472\VideoOS.Management.VmoClient.UnitTests.dll" adapterTypeName="executor://mstestadapter/v2" className="VideoOS.Management.VmoClient.UnitTests.HardwareTest" name="Hardware_ReadPassword_Before_v101_NotSupported" />
    </UnitTest>
    <UnitTest name="CalendarTimeProfile_Delete_Success" storage="d:\actions-runner\_work\xpco\xpco\corporate\commonapi\videoos.management.vmoclient.unittests\bin\debug\net472\videoos.management.vmoclient.unittests.dll" id="a30d82e3-d5db-d2a0-02c3-1f769a14f7a4">
      <Execution id="4eb47c10-678a-4815-99b5-d11741b0a688" />
      <TestMethod codeBase="D:\actions-runner\_work\XPCO\XPCO\Corporate\CommonAPI\VideoOS.Management.VmoClient.UnitTests\bin\Debug\net472\VideoOS.Management.VmoClient.UnitTests.dll" adapterTypeName="executor://mstestadapter/v2" className="VideoOS.Management.VmoClient.UnitTests.CalendarTimeProfileTest" name="CalendarTimeProfile_Delete_Success" />
    </UnitTest>
    <UnitTest name="Monitor_RemoveCameras_RemoveCamerasFromMonitorViewCalled" storage="d:\actions-runner\_work\xpco\xpco\corporate\commonapi\videoos.management.vmoclient.unittests\bin\debug\net472\videoos.management.vmoclient.unittests.dll" id="3637a376-ae9a-e528-afaf-e1ca2276f010">
      <Execution id="ac956178-fb37-48c0-8805-03a61f9e8f76" />
      <TestMethod codeBase="D:\actions-runner\_work\XPCO\XPCO\Corporate\CommonAPI\VideoOS.Management.VmoClient.UnitTests\bin\Debug\net472\VideoOS.Management.VmoClient.UnitTests.dll" adapterTypeName="executor://mstestadapter/v2" className="VideoOS.Management.VmoClient.UnitTests.MonitorTest" name="Monitor_RemoveCameras_RemoveCamerasFromMonitorViewCalled" />
    </UnitTest>
    <UnitTest name="RetentionOptionRoleRelation_Constructor_CheckForVersion_6_0_and_throws" storage="d:\actions-runner\_work\xpco\xpco\corporate\commonapi\videoos.management.vmoclient.unittests\bin\debug\net472\videoos.management.vmoclient.unittests.dll" id="fc81f98e-fdf1-98e3-0f80-614f002dc04c">
      <Execution id="9194a724-8617-4b17-a538-893673db2ba1" />
      <TestMethod codeBase="D:\actions-runner\_work\XPCO\XPCO\Corporate\CommonAPI\VideoOS.Management.VmoClient.UnitTests\bin\Debug\net472\VideoOS.Management.VmoClient.UnitTests.dll" adapterTypeName="executor://mstestadapter/v2" className="VideoOS.Management.VmoClient.UnitTests.RetentionOptionRoleRelationTest" name="RetentionOptionRoleRelation_Constructor_CheckForVersion_6_0_and_throws" />
    </UnitTest>
    <UnitTest name="Monitor_ActivateCameras_ApplyCamerasToMonitorViewCalled" storage="d:\actions-runner\_work\xpco\xpco\corporate\commonapi\videoos.management.vmoclient.unittests\bin\debug\net472\videoos.management.vmoclient.unittests.dll" id="9f791b44-66ed-81cb-a905-2468ae287f4b">
      <Execution id="2634d2b6-20db-4154-a1a1-ce1f9c601e85" />
      <TestMethod codeBase="D:\actions-runner\_work\XPCO\XPCO\Corporate\CommonAPI\VideoOS.Management.VmoClient.UnitTests\bin\Debug\net472\VideoOS.Management.VmoClient.UnitTests.dll" adapterTypeName="executor://mstestadapter/v2" className="VideoOS.Management.VmoClient.UnitTests.MonitorTest" name="Monitor_ActivateCameras_ApplyCamerasToMonitorViewCalled" />
    </UnitTest>
    <UnitTest name="GetUserDomainNameOrEmpty_MissingUserName_ReturnsEmpty" storage="d:\actions-runner\_work\xpco\xpco\corporate\commonapi\videoos.management.vmoclient.unittests\bin\debug\net472\videoos.management.vmoclient.unittests.dll" id="b1fd4340-361a-4dd9-b3c8-06f45d84d249">
      <Execution id="99401def-f080-4ca5-a0f0-deaec4fb2fbd" />
      <TestMethod codeBase="D:\actions-runner\_work\XPCO\XPCO\Corporate\CommonAPI\VideoOS.Management.VmoClient.UnitTests\bin\Debug\net472\VideoOS.Management.VmoClient.UnitTests.dll" adapterTypeName="executor://mstestadapter/v2" className="VideoOS.Management.VmoClient.UnitTests.SiteConnectorTest" name="GetUserDomainNameOrEmpty_MissingUserName_ReturnsEmpty" />
    </UnitTest>
    <UnitTest name="GetSiteConnection_Windows_GivenSiteVersionNull_ShouldExecuteLegacyFlow" storage="d:\actions-runner\_work\xpco\xpco\corporate\commonapi\videoos.management.vmoclient.unittests\bin\debug\net472\videoos.management.vmoclient.unittests.dll" id="0d941a8f-5acf-3904-bc13-7b093784f788">
      <Execution id="4869b734-f7e4-420f-895f-3af79d451a4c" />
      <TestMethod codeBase="D:\actions-runner\_work\XPCO\XPCO\Corporate\CommonAPI\VideoOS.Management.VmoClient.UnitTests\bin\Debug\net472\VideoOS.Management.VmoClient.UnitTests.dll" adapterTypeName="executor://mstestadapter/v2" className="VideoOS.Management.VmoClient.UnitTests.SiteConnectorTest" name="GetSiteConnection_Windows_GivenSiteVersionNull_ShouldExecuteLegacyFlow" />
    </UnitTest>
    <UnitTest name="Role_Copy_Role_Check_Null_Name" storage="d:\actions-runner\_work\xpco\xpco\corporate\commonapi\videoos.management.vmoclient.unittests\bin\debug\net472\videoos.management.vmoclient.unittests.dll" id="06b893ad-dedc-35b5-9313-faacbf4e9a3c">
      <Execution id="8b0c0bf8-aac3-4060-b956-aade8b466e6d" />
      <TestMethod codeBase="D:\actions-runner\_work\XPCO\XPCO\Corporate\CommonAPI\VideoOS.Management.VmoClient.UnitTests\bin\Debug\net472\VideoOS.Management.VmoClient.UnitTests.dll" adapterTypeName="executor://mstestadapter/v2" className="VideoOS.Management.VmoClient.UnitTests.RoleTest" name="Role_Copy_Role_Check_Null_Name" />
    </UnitTest>
    <UnitTest name="MetadataDevice_Repository_Registered" storage="d:\actions-runner\_work\xpco\xpco\corporate\commonapi\videoos.management.vmoclient.unittests\bin\debug\net472\videoos.management.vmoclient.unittests.dll" id="b60f3791-8411-dd00-0dc7-0028c0393bed">
      <Execution id="e5342727-3629-4b48-b1b2-62b73551cdbc" />
      <TestMethod codeBase="D:\actions-runner\_work\XPCO\XPCO\Corporate\CommonAPI\VideoOS.Management.VmoClient.UnitTests\bin\Debug\net472\VideoOS.Management.VmoClient.UnitTests.dll" adapterTypeName="executor://mstestadapter/v2" className="VideoOS.Management.VmoClient.UnitTests.MetadataDeviceTest" name="MetadataDevice_Repository_Registered" />
    </UnitTest>
    <UnitTest name="AxisTunnelServer_Create_Success" storage="d:\actions-runner\_work\xpco\xpco\corporate\commonapi\videoos.management.vmoclient.unittests\bin\debug\net472\videoos.management.vmoclient.unittests.dll" id="3aa893ce-4359-816b-56b8-816f5f5650c5">
      <Execution id="8c368af1-00ce-46fb-b2ed-f1ddc4bb883f" />
      <TestMethod codeBase="D:\actions-runner\_work\XPCO\XPCO\Corporate\CommonAPI\VideoOS.Management.VmoClient.UnitTests\bin\Debug\net472\VideoOS.Management.VmoClient.UnitTests.dll" adapterTypeName="executor://mstestadapter/v2" className="VideoOS.Management.VmoClient.UnitTests.AxisTunnelServerTest" name="AxisTunnelServer_Create_Success" />
    </UnitTest>
    <UnitTest name="PatrollingProfile_Preset_Constructor_Argument_Null" storage="d:\actions-runner\_work\xpco\xpco\corporate\commonapi\videoos.management.vmoclient.unittests\bin\debug\net472\videoos.management.vmoclient.unittests.dll" id="83a62253-90b7-191a-fd01-3d530c76a1cb">
      <TestCategory>
        <TestCategoryItem TestCategory="Patrolling Profile" />
      </TestCategory>
      <Execution id="d8001dd0-6237-49b1-874e-dd561e603f90" />
      <TestMethod codeBase="D:\actions-runner\_work\XPCO\XPCO\Corporate\CommonAPI\VideoOS.Management.VmoClient.UnitTests\bin\Debug\net472\VideoOS.Management.VmoClient.UnitTests.dll" adapterTypeName="executor://mstestadapter/v2" className="VideoOS.Management.VmoClient.UnitTests.PatrollingProfileTest" name="PatrollingProfile_Preset_Constructor_Argument_Null" />
    </UnitTest>
    <UnitTest name="GenericRepositoryTestDeleteObjectById" storage="d:\actions-runner\_work\xpco\xpco\corporate\commonapi\videoos.management.vmoclient.unittests\bin\debug\net472\videoos.management.vmoclient.unittests.dll" id="ad872773-ffb1-b6b0-ead4-dcdd8501a927">
      <Execution id="9833851a-b017-45ca-bbd4-56957c8276a4" />
      <TestMethod codeBase="D:\actions-runner\_work\XPCO\XPCO\Corporate\CommonAPI\VideoOS.Management.VmoClient.UnitTests\bin\Debug\net472\VideoOS.Management.VmoClient.UnitTests.dll" adapterTypeName="executor://mstestadapter/v2" className="VideoOS.Management.VmoClient.UnitTests.GenericRepositoryTest" name="GenericRepositoryTestDeleteObjectById" />
    </UnitTest>
    <UnitTest name="BasicUser_Refresh_Success" storage="d:\actions-runner\_work\xpco\xpco\corporate\commonapi\videoos.management.vmoclient.unittests\bin\debug\net472\videoos.management.vmoclient.unittests.dll" id="1ecd105e-2dcb-d94c-5f8d-c4ecd1569d10">
      <Execution id="8379e28f-3798-41bb-ab40-187303b73662" />
      <TestMethod codeBase="D:\actions-runner\_work\XPCO\XPCO\Corporate\CommonAPI\VideoOS.Management.VmoClient.UnitTests\bin\Debug\net472\VideoOS.Management.VmoClient.UnitTests.dll" adapterTypeName="executor://mstestadapter/v2" className="VideoOS.Management.VmoClient.UnitTests.BasicUserTest" name="BasicUser_Refresh_Success" />
    </UnitTest>
    <UnitTest name="ServerConnection_Constructor_Null_TokenCache" storage="d:\actions-runner\_work\xpco\xpco\corporate\commonapi\videoos.management.vmoclient.unittests\bin\debug\net472\videoos.management.vmoclient.unittests.dll" id="2e7ddda3-0753-ee69-12f3-a89221333475">
      <TestCategory>
        <TestCategoryItem TestCategory="Vmo Site Connection Tests" />
      </TestCategory>
      <Execution id="b69690d6-72c0-4b8f-8011-ae0847aca6b2" />
      <TestMethod codeBase="D:\actions-runner\_work\XPCO\XPCO\Corporate\CommonAPI\VideoOS.Management.VmoClient.UnitTests\bin\Debug\net472\VideoOS.Management.VmoClient.UnitTests.dll" adapterTypeName="executor://mstestadapter/v2" className="VideoOS.Management.VmoClient.UnitTests.Connection.ServerConnectionTest" name="ServerConnection_Constructor_Null_TokenCache" />
    </UnitTest>
    <UnitTest name="CameraDevice_RequestEdgeStorageRetrieval_Success" storage="d:\actions-runner\_work\xpco\xpco\corporate\commonapi\videoos.management.vmoclient.unittests\bin\debug\net472\videoos.management.vmoclient.unittests.dll" id="fe4dfb19-6f25-bbb5-21c9-95ea5ad94ab0">
      <Execution id="69af5511-d1b9-4437-8ee7-782da8a625e5" />
      <TestMethod codeBase="D:\actions-runner\_work\XPCO\XPCO\Corporate\CommonAPI\VideoOS.Management.VmoClient.UnitTests\bin\Debug\net472\VideoOS.Management.VmoClient.UnitTests.dll" adapterTypeName="executor://mstestadapter/v2" className="VideoOS.Management.VmoClient.UnitTests.CameraDeviceTest" name="CameraDevice_RequestEdgeStorageRetrieval_Success" />
    </UnitTest>
    <UnitTest name="MIPDeviceEvent_Constructor_DefaultValuesCorrect" storage="d:\actions-runner\_work\xpco\xpco\corporate\commonapi\videoos.management.vmoclient.unittests\bin\debug\net472\videoos.management.vmoclient.unittests.dll" id="8a13bd06-e39c-34b9-1589-dab6fc542cdc">
      <Execution id="38df7264-b996-48de-8eb6-24655fcdfc75" />
      <TestMethod codeBase="D:\actions-runner\_work\XPCO\XPCO\Corporate\CommonAPI\VideoOS.Management.VmoClient.UnitTests\bin\Debug\net472\VideoOS.Management.VmoClient.UnitTests.dll" adapterTypeName="executor://mstestadapter/v2" className="VideoOS.Management.VmoClient.UnitTests.MIPDeviceEventTest" name="MIPDeviceEvent_Constructor_DefaultValuesCorrect" />
    </UnitTest>
    <UnitTest name="MarkedData_Delete_Failed_Deleted" storage="d:\actions-runner\_work\xpco\xpco\corporate\commonapi\videoos.management.vmoclient.unittests\bin\debug\net472\videoos.management.vmoclient.unittests.dll" id="d433d02d-b564-5e39-ce00-89571e93216a">
      <Execution id="73c2f26a-85a4-4840-9134-6cf0c410f3e4" />
      <TestMethod codeBase="D:\actions-runner\_work\XPCO\XPCO\Corporate\CommonAPI\VideoOS.Management.VmoClient.UnitTests\bin\Debug\net472\VideoOS.Management.VmoClient.UnitTests.dll" adapterTypeName="executor://mstestadapter/v2" className="VideoOS.Management.VmoClient.UnitTests.MarkedDataTest" name="MarkedData_Delete_Failed_Deleted" />
    </UnitTest>
    <UnitTest name="MIPAction_Refresh_Success" storage="d:\actions-runner\_work\xpco\xpco\corporate\commonapi\videoos.management.vmoclient.unittests\bin\debug\net472\videoos.management.vmoclient.unittests.dll" id="a2b94d8f-bc5d-7cd3-30ac-b7de6576e0d9">
      <Execution id="3766c0bc-ab57-4268-ae25-86b82b96b5a8" />
      <TestMethod codeBase="D:\actions-runner\_work\XPCO\XPCO\Corporate\CommonAPI\VideoOS.Management.VmoClient.UnitTests\bin\Debug\net472\VideoOS.Management.VmoClient.UnitTests.dll" adapterTypeName="executor://mstestadapter/v2" className="VideoOS.Management.VmoClient.UnitTests.MIPActionTest" name="MIPAction_Refresh_Success" />
    </UnitTest>
    <UnitTest name="Construct_InvalidParam_TokenCache_Null_Throws_ArgumentNullException" storage="d:\actions-runner\_work\xpco\xpco\corporate\commonapi\videoos.management.vmoclient.unittests\bin\debug\net472\videoos.management.vmoclient.unittests.dll" id="bb547e80-4431-20f5-dfd2-c93c21e69917">
      <TestCategory>
        <TestCategoryItem TestCategory="Vmo Site Connection Tests" />
      </TestCategory>
      <Execution id="606ab517-d509-4f11-887c-8e6d38df470f" />
      <TestMethod codeBase="D:\actions-runner\_work\XPCO\XPCO\Corporate\CommonAPI\VideoOS.Management.VmoClient.UnitTests\bin\Debug\net472\VideoOS.Management.VmoClient.UnitTests.dll" adapterTypeName="executor://mstestadapter/v2" className="VideoOS.Management.VmoClient.UnitTests.Connection.SiteConnectionInfoTokenExchangeTests" name="Construct_InvalidParam_TokenCache_Null_Throws_ArgumentNullException" />
    </UnitTest>
    <UnitTest name="MIPAction_Create_Success" storage="d:\actions-runner\_work\xpco\xpco\corporate\commonapi\videoos.management.vmoclient.unittests\bin\debug\net472\videoos.management.vmoclient.unittests.dll" id="ea6dc23d-6a5a-fd7d-fef0-f6ad533702fd">
      <Execution id="5168cb44-895c-4ea9-9349-3c0f259abf57" />
      <TestMethod codeBase="D:\actions-runner\_work\XPCO\XPCO\Corporate\CommonAPI\VideoOS.Management.VmoClient.UnitTests\bin\Debug\net472\VideoOS.Management.VmoClient.UnitTests.dll" adapterTypeName="executor://mstestadapter/v2" className="VideoOS.Management.VmoClient.UnitTests.MIPActionTest" name="MIPAction_Create_Success" />
    </UnitTest>
    <UnitTest name="SunClockTimeProfile_Constructor_DefaultValuesCorrect" storage="d:\actions-runner\_work\xpco\xpco\corporate\commonapi\videoos.management.vmoclient.unittests\bin\debug\net472\videoos.management.vmoclient.unittests.dll" id="7679e6da-7885-d983-ad70-f7b5efe86762">
      <Execution id="e6c64ca6-9de4-447d-b8d7-08f29019af01" />
      <TestMethod codeBase="D:\actions-runner\_work\XPCO\XPCO\Corporate\CommonAPI\VideoOS.Management.VmoClient.UnitTests\bin\Debug\net472\VideoOS.Management.VmoClient.UnitTests.dll" adapterTypeName="executor://mstestadapter/v2" className="VideoOS.Management.VmoClient.UnitTests.SunClockTimeProfileTest" name="SunClockTimeProfile_Constructor_DefaultValuesCorrect" />
    </UnitTest>
    <UnitTest name="RecordingStorage_ChangeEncryptionMethod_Success" storage="d:\actions-runner\_work\xpco\xpco\corporate\commonapi\videoos.management.vmoclient.unittests\bin\debug\net472\videoos.management.vmoclient.unittests.dll" id="ad8a643c-35da-9049-8612-6bdc5d70646a">
      <Execution id="0779685b-5cc4-4191-a9f9-3ffb67307819" />
      <TestMethod codeBase="D:\actions-runner\_work\XPCO\XPCO\Corporate\CommonAPI\VideoOS.Management.VmoClient.UnitTests\bin\Debug\net472\VideoOS.Management.VmoClient.UnitTests.dll" adapterTypeName="executor://mstestadapter/v2" className="VideoOS.Management.VmoClient.UnitTests.RecordingStorageTest" name="RecordingStorage_ChangeEncryptionMethod_Success" />
    </UnitTest>
    <UnitTest name="CameraDeviceGroup_Refresh_Failed" storage="d:\actions-runner\_work\xpco\xpco\corporate\commonapi\videoos.management.vmoclient.unittests\bin\debug\net472\videoos.management.vmoclient.unittests.dll" id="0b53b766-19fe-124b-7c75-909322adc18f">
      <Execution id="5aa427f1-75c0-4512-96c4-55e2a8c0744c" />
      <TestMethod codeBase="D:\actions-runner\_work\XPCO\XPCO\Corporate\CommonAPI\VideoOS.Management.VmoClient.UnitTests\bin\Debug\net472\VideoOS.Management.VmoClient.UnitTests.dll" adapterTypeName="executor://mstestadapter/v2" className="VideoOS.Management.VmoClient.UnitTests.DeviceGroupTest" name="CameraDeviceGroup_Refresh_Failed" />
    </UnitTest>
    <UnitTest name="SunClockTimeProfile_Create60WithId_CheckVersionCalled" storage="d:\actions-runner\_work\xpco\xpco\corporate\commonapi\videoos.management.vmoclient.unittests\bin\debug\net472\videoos.management.vmoclient.unittests.dll" id="9bb7c27e-9a34-4552-854e-dc6bf5c0fa3a">
      <Execution id="c51ce42b-1f04-4ec5-80fd-3ea3833636fe" />
      <TestMethod codeBase="D:\actions-runner\_work\XPCO\XPCO\Corporate\CommonAPI\VideoOS.Management.VmoClient.UnitTests\bin\Debug\net472\VideoOS.Management.VmoClient.UnitTests.dll" adapterTypeName="executor://mstestadapter/v2" className="VideoOS.Management.VmoClient.UnitTests.SunClockTimeProfileTest" name="SunClockTimeProfile_Create60WithId_CheckVersionCalled" />
    </UnitTest>
    <UnitTest name="AxisTunnelServer_Refresh_Success" storage="d:\actions-runner\_work\xpco\xpco\corporate\commonapi\videoos.management.vmoclient.unittests\bin\debug\net472\videoos.management.vmoclient.unittests.dll" id="378d50bb-6943-77d7-94c0-8b61b54fab44">
      <Execution id="2bead9c0-91c7-4ca6-adf6-5c1d20ffbe19" />
      <TestMethod codeBase="D:\actions-runner\_work\XPCO\XPCO\Corporate\CommonAPI\VideoOS.Management.VmoClient.UnitTests\bin\Debug\net472\VideoOS.Management.VmoClient.UnitTests.dll" adapterTypeName="executor://mstestadapter/v2" className="VideoOS.Management.VmoClient.UnitTests.AxisTunnelServerTest" name="AxisTunnelServer_Refresh_Success" />
    </UnitTest>
    <UnitTest name="PatrollingProfile_InsertStepFirst_Create_PatrollingStep_With_WaitTime" storage="d:\actions-runner\_work\xpco\xpco\corporate\commonapi\videoos.management.vmoclient.unittests\bin\debug\net472\videoos.management.vmoclient.unittests.dll" id="9256e2c2-15b3-2564-cc37-ead6fb45b681">
      <TestCategory>
        <TestCategoryItem TestCategory="Patrolling Profile" />
      </TestCategory>
      <Execution id="b6723f95-1833-4426-bac9-01ab2c132d2d" />
      <TestMethod codeBase="D:\actions-runner\_work\XPCO\XPCO\Corporate\CommonAPI\VideoOS.Management.VmoClient.UnitTests\bin\Debug\net472\VideoOS.Management.VmoClient.UnitTests.dll" adapterTypeName="executor://mstestadapter/v2" className="VideoOS.Management.VmoClient.UnitTests.PatrollingProfileTest" name="PatrollingProfile_InsertStepFirst_Create_PatrollingStep_With_WaitTime" />
    </UnitTest>
    <UnitTest name="PublicViewGroup_Delete_Success" storage="d:\actions-runner\_work\xpco\xpco\corporate\commonapi\videoos.management.vmoclient.unittests\bin\debug\net472\videoos.management.vmoclient.unittests.dll" id="6d38dc57-e716-1916-fa31-eb339b7781ce">
      <Execution id="53c58fcb-3e6b-4cd3-9abc-da8e943b7280" />
      <TestMethod codeBase="D:\actions-runner\_work\XPCO\XPCO\Corporate\CommonAPI\VideoOS.Management.VmoClient.UnitTests\bin\Debug\net472\VideoOS.Management.VmoClient.UnitTests.dll" adapterTypeName="executor://mstestadapter/v2" className="VideoOS.Management.VmoClient.UnitTests.PublicViewGroupTest" name="PublicViewGroup_Delete_Success" />
    </UnitTest>
    <UnitTest name="ServerVersionConstructor_NegativeRevision_Failure" storage="d:\actions-runner\_work\xpco\xpco\corporate\commonapi\videoos.management.vmoclient.unittests\bin\debug\net472\videoos.management.vmoclient.unittests.dll" id="2b58c7ad-d6f1-b833-8ddd-93d42f9b19bc">
      <TestCategory>
        <TestCategoryItem TestCategory="Server Version" />
      </TestCategory>
      <Execution id="41ea17e2-7690-49d1-85af-9e91d2f9f317" />
      <TestMethod codeBase="D:\actions-runner\_work\XPCO\XPCO\Corporate\CommonAPI\VideoOS.Management.VmoClient.UnitTests\bin\Debug\net472\VideoOS.Management.VmoClient.UnitTests.dll" adapterTypeName="executor://mstestadapter/v2" className="VideoOS.Management.VmoClient.Tests.ServerVersionTests" name="ServerVersionConstructor_NegativeRevision_Failure" />
    </UnitTest>
    <UnitTest name="ArchiveStorage_Move_Storage_Success" storage="d:\actions-runner\_work\xpco\xpco\corporate\commonapi\videoos.management.vmoclient.unittests\bin\debug\net472\videoos.management.vmoclient.unittests.dll" id="36afe47d-d059-aecd-61ee-8f7c215c87bd">
      <Execution id="6219650e-abe9-40fa-b16d-e2f61b012ec2" />
      <TestMethod codeBase="D:\actions-runner\_work\XPCO\XPCO\Corporate\CommonAPI\VideoOS.Management.VmoClient.UnitTests\bin\Debug\net472\VideoOS.Management.VmoClient.UnitTests.dll" adapterTypeName="executor://mstestadapter/v2" className="VideoOS.Management.VmoClient.UnitTests.ArchiveStorageTest" name="ArchiveStorage_Move_Storage_Success" />
    </UnitTest>
    <UnitTest name="IsAddressSchemeAllowed_Https_AllowHttp_False" storage="d:\actions-runner\_work\xpco\xpco\corporate\commonapi\videoos.management.vmoclient.unittests\bin\debug\net472\videoos.management.vmoclient.unittests.dll" id="950e39ec-c1b7-542e-8809-1780fb99f205">
      <TestCategory>
        <TestCategoryItem TestCategory="Vmo Site Connection Tests" />
      </TestCategory>
      <Execution id="aca677ac-923b-4c67-9dc7-2fb7608cf511" />
      <TestMethod codeBase="D:\actions-runner\_work\XPCO\XPCO\Corporate\CommonAPI\VideoOS.Management.VmoClient.UnitTests\bin\Debug\net472\VideoOS.Management.VmoClient.UnitTests.dll" adapterTypeName="executor://mstestadapter/v2" className="VideoOS.Management.VmoClient.UnitTests.SiteAddressValidatorTest" name="IsAddressSchemeAllowed_Https_AllowHttp_False" />
    </UnitTest>
    <UnitTest name="ProxyClientServiceBase_CallWithRetry_Retry_MessageSecurityException" storage="d:\actions-runner\_work\xpco\xpco\corporate\commonapi\videoos.management.vmoclient.unittests\bin\debug\net472\videoos.management.vmoclient.unittests.dll" id="a05996ef-7279-5ce2-e8f8-194e08545129">
      <Execution id="f426b33c-45f1-4f1a-b1cd-bf3d0a8a9202" />
      <TestMethod codeBase="D:\actions-runner\_work\XPCO\XPCO\Corporate\CommonAPI\VideoOS.Management.VmoClient.UnitTests\bin\Debug\net472\VideoOS.Management.VmoClient.UnitTests.dll" adapterTypeName="executor://mstestadapter/v2" className="VideoOS.Management.VmoClient.UnitTests.Framework.ProxyClientServiceBaseTest" name="ProxyClientServiceBase_CallWithRetry_Retry_MessageSecurityException" />
    </UnitTest>
    <UnitTest name="ServerConnection_Proxies" storage="d:\actions-runner\_work\xpco\xpco\corporate\commonapi\videoos.management.vmoclient.unittests\bin\debug\net472\videoos.management.vmoclient.unittests.dll" id="4fe26442-d718-6d01-8cf8-76e1e758a998">
      <TestCategory>
        <TestCategoryItem TestCategory="Vmo Site Connection Tests" />
      </TestCategory>
      <Execution id="760c8e67-d70d-4d8a-b571-dfb930af6424" />
      <TestMethod codeBase="D:\actions-runner\_work\XPCO\XPCO\Corporate\CommonAPI\VideoOS.Management.VmoClient.UnitTests\bin\Debug\net472\VideoOS.Management.VmoClient.UnitTests.dll" adapterTypeName="executor://mstestadapter/v2" className="VideoOS.Management.VmoClient.UnitTests.Connection.ServerConnectionTest" name="ServerConnection_Proxies" />
    </UnitTest>
    <UnitTest name="FailoverServer_Delete_Success" storage="d:\actions-runner\_work\xpco\xpco\corporate\commonapi\videoos.management.vmoclient.unittests\bin\debug\net472\videoos.management.vmoclient.unittests.dll" id="2bf87ab2-6a88-0eb9-8c82-d8448e22b6b4">
      <Execution id="1d2b666a-12be-428d-967a-c64c93edf934" />
      <TestMethod codeBase="D:\actions-runner\_work\XPCO\XPCO\Corporate\CommonAPI\VideoOS.Management.VmoClient.UnitTests\bin\Debug\net472\VideoOS.Management.VmoClient.UnitTests.dll" adapterTypeName="executor://mstestadapter/v2" className="VideoOS.Management.VmoClient.UnitTests.MIPObjectTest" name="FailoverServer_Delete_Success" />
    </UnitTest>
    <UnitTest name="ServerVersionConstructor_NegativeMinor_Failure" storage="d:\actions-runner\_work\xpco\xpco\corporate\commonapi\videoos.management.vmoclient.unittests\bin\debug\net472\videoos.management.vmoclient.unittests.dll" id="55fa85c5-d123-5ca6-f67f-cf7f03326489">
      <TestCategory>
        <TestCategoryItem TestCategory="Server Version" />
      </TestCategory>
      <Execution id="c0f364cd-5e47-4d1e-8427-7f2b0372d8b9" />
      <TestMethod codeBase="D:\actions-runner\_work\XPCO\XPCO\Corporate\CommonAPI\VideoOS.Management.VmoClient.UnitTests\bin\Debug\net472\VideoOS.Management.VmoClient.UnitTests.dll" adapterTypeName="executor://mstestadapter/v2" className="VideoOS.Management.VmoClient.Tests.ServerVersionTests" name="ServerVersionConstructor_NegativeMinor_Failure" />
    </UnitTest>
    <UnitTest name="VideoWall_Refresh_Success" storage="d:\actions-runner\_work\xpco\xpco\corporate\commonapi\videoos.management.vmoclient.unittests\bin\debug\net472\videoos.management.vmoclient.unittests.dll" id="6fdb1f54-f66c-cc3b-e747-47c628e57388">
      <Execution id="27bfbdd3-e962-4fa4-b7f6-a831a8ae7899" />
      <TestMethod codeBase="D:\actions-runner\_work\XPCO\XPCO\Corporate\CommonAPI\VideoOS.Management.VmoClient.UnitTests\bin\Debug\net472\VideoOS.Management.VmoClient.UnitTests.dll" adapterTypeName="executor://mstestadapter/v2" className="VideoOS.Management.VmoClient.UnitTests.VideoWallTest" name="VideoWall_Refresh_Success" />
    </UnitTest>
    <UnitTest name="TaskHardwareScan_StartNew_Success" storage="d:\actions-runner\_work\xpco\xpco\corporate\commonapi\videoos.management.vmoclient.unittests\bin\debug\net472\videoos.management.vmoclient.unittests.dll" id="fb9aa8e0-4570-1d25-abf0-3e9070058471">
      <Execution id="d5c6df28-7b47-44fd-b954-997837bfc973" />
      <TestMethod codeBase="D:\actions-runner\_work\XPCO\XPCO\Corporate\CommonAPI\VideoOS.Management.VmoClient.UnitTests\bin\Debug\net472\VideoOS.Management.VmoClient.UnitTests.dll" adapterTypeName="executor://mstestadapter/v2" className="VideoOS.Management.VmoClient.UnitTests.EntityTest.TaskHardwareScanTest" name="TaskHardwareScan_StartNew_Success" />
    </UnitTest>
    <UnitTest name="PublicViewGroup_Update_Success" storage="d:\actions-runner\_work\xpco\xpco\corporate\commonapi\videoos.management.vmoclient.unittests\bin\debug\net472\videoos.management.vmoclient.unittests.dll" id="cbc4e3f4-c2e5-4325-1d8b-6b9e1501ec5b">
      <Execution id="ddd61537-9bdc-4751-afff-a337c29169f0" />
      <TestMethod codeBase="D:\actions-runner\_work\XPCO\XPCO\Corporate\CommonAPI\VideoOS.Management.VmoClient.UnitTests\bin\Debug\net472\VideoOS.Management.VmoClient.UnitTests.dll" adapterTypeName="executor://mstestadapter/v2" className="VideoOS.Management.VmoClient.UnitTests.PublicViewGroupTest" name="PublicViewGroup_Update_Success" />
    </UnitTest>
    <UnitTest name="TrustedIssuer_Create_CheckVersionCalled" storage="d:\actions-runner\_work\xpco\xpco\corporate\commonapi\videoos.management.vmoclient.unittests\bin\debug\net472\videoos.management.vmoclient.unittests.dll" id="8b60bca8-7666-8662-8a35-c7683a064812">
      <Execution id="4e4d8556-3f06-4bd7-bdbf-e3c46ab917a6" />
      <TestMethod codeBase="D:\actions-runner\_work\XPCO\XPCO\Corporate\CommonAPI\VideoOS.Management.VmoClient.UnitTests\bin\Debug\net472\VideoOS.Management.VmoClient.UnitTests.dll" adapterTypeName="executor://mstestadapter/v2" className="VideoOS.Management.VmoClient.UnitTests.TrustedIssuerTest" name="TrustedIssuer_Create_CheckVersionCalled" />
    </UnitTest>
    <UnitTest name="CameraDevice_Refresh_Fail_Not_Created" storage="d:\actions-runner\_work\xpco\xpco\corporate\commonapi\videoos.management.vmoclient.unittests\bin\debug\net472\videoos.management.vmoclient.unittests.dll" id="f0e6cec2-f5ab-7a25-7a3c-b2ab816b90b0">
      <Execution id="ff70bfa7-20ca-4518-9f59-fa96328f21ac" />
      <TestMethod codeBase="D:\actions-runner\_work\XPCO\XPCO\Corporate\CommonAPI\VideoOS.Management.VmoClient.UnitTests\bin\Debug\net472\VideoOS.Management.VmoClient.UnitTests.dll" adapterTypeName="executor://mstestadapter/v2" className="VideoOS.Management.VmoClient.UnitTests.CameraDeviceTest" name="CameraDevice_Refresh_Fail_Not_Created" />
    </UnitTest>
    <UnitTest name="PatrollingProfile_InsertStepAt_Existing_PatrollingStep" storage="d:\actions-runner\_work\xpco\xpco\corporate\commonapi\videoos.management.vmoclient.unittests\bin\debug\net472\videoos.management.vmoclient.unittests.dll" id="5df9c454-7cbe-bd55-0211-06b8f20caa18">
      <TestCategory>
        <TestCategoryItem TestCategory="Patrolling Profile" />
      </TestCategory>
      <Execution id="2fcce07e-38b6-48e5-a98e-9b012d2fa70e" />
      <TestMethod codeBase="D:\actions-runner\_work\XPCO\XPCO\Corporate\CommonAPI\VideoOS.Management.VmoClient.UnitTests\bin\Debug\net472\VideoOS.Management.VmoClient.UnitTests.dll" adapterTypeName="executor://mstestadapter/v2" className="VideoOS.Management.VmoClient.UnitTests.PatrollingProfileTest" name="PatrollingProfile_InsertStepAt_Existing_PatrollingStep" />
    </UnitTest>
    <UnitTest name="GenericRepositoryTestRefreshObjectInternal" storage="d:\actions-runner\_work\xpco\xpco\corporate\commonapi\videoos.management.vmoclient.unittests\bin\debug\net472\videoos.management.vmoclient.unittests.dll" id="1679c0bf-524e-8e1e-0635-301a75b89d57">
      <Execution id="30ab4379-9e6f-4765-b5ff-989a6495cbe3" />
      <TestMethod codeBase="D:\actions-runner\_work\XPCO\XPCO\Corporate\CommonAPI\VideoOS.Management.VmoClient.UnitTests\bin\Debug\net472\VideoOS.Management.VmoClient.UnitTests.dll" adapterTypeName="executor://mstestadapter/v2" className="VideoOS.Management.VmoClient.UnitTests.GenericRepositoryTest" name="GenericRepositoryTestRefreshObjectInternal" />
    </UnitTest>
    <UnitTest name="View_Create_CreateViewCalled" storage="d:\actions-runner\_work\xpco\xpco\corporate\commonapi\videoos.management.vmoclient.unittests\bin\debug\net472\videoos.management.vmoclient.unittests.dll" id="4567a1c4-1bd7-7288-bf70-4855f07c61e8">
      <Execution id="65ce1cc1-cf25-403b-adff-b5ca3a801397" />
      <TestMethod codeBase="D:\actions-runner\_work\XPCO\XPCO\Corporate\CommonAPI\VideoOS.Management.VmoClient.UnitTests\bin\Debug\net472\VideoOS.Management.VmoClient.UnitTests.dll" adapterTypeName="executor://mstestadapter/v2" className="VideoOS.Management.VmoClient.UnitTests.ViewTest" name="View_Create_CreateViewCalled" />
    </UnitTest>
    <UnitTest name="Constructor_SiteVmoConnector_Null" storage="d:\actions-runner\_work\xpco\xpco\corporate\commonapi\videoos.management.vmoclient.unittests\bin\debug\net472\videoos.management.vmoclient.unittests.dll" id="18444128-ff49-6655-1b67-01150c5bdcfa">
      <Execution id="c40878be-29b9-436e-8a24-521b0ad34e3a" />
      <TestMethod codeBase="D:\actions-runner\_work\XPCO\XPCO\Corporate\CommonAPI\VideoOS.Management.VmoClient.UnitTests\bin\Debug\net472\VideoOS.Management.VmoClient.UnitTests.dll" adapterTypeName="executor://mstestadapter/v2" className="VideoOS.Management.VmoClient.UnitTests.SiteConnectorLegacyTests" name="Constructor_SiteVmoConnector_Null" />
    </UnitTest>
    <UnitTest name="AxisOneClickCamera_Delete_Success" storage="d:\actions-runner\_work\xpco\xpco\corporate\commonapi\videoos.management.vmoclient.unittests\bin\debug\net472\videoos.management.vmoclient.unittests.dll" id="6b089662-2016-7712-224f-126a27819896">
      <Execution id="abab62c8-1308-4e1f-a74c-c1865e5d8e88" />
      <TestMethod codeBase="D:\actions-runner\_work\XPCO\XPCO\Corporate\CommonAPI\VideoOS.Management.VmoClient.UnitTests\bin\Debug\net472\VideoOS.Management.VmoClient.UnitTests.dll" adapterTypeName="executor://mstestadapter/v2" className="VideoOS.Management.VmoClient.UnitTests.AxisOneClickCameraTest" name="AxisOneClickCamera_Delete_Success" />
    </UnitTest>
    <UnitTest name="Hardware_Refresh_Success" storage="d:\actions-runner\_work\xpco\xpco\corporate\commonapi\videoos.management.vmoclient.unittests\bin\debug\net472\videoos.management.vmoclient.unittests.dll" id="5aea37a5-f0f1-77ae-5f92-fdafccaf4e6f">
      <Execution id="b4ea4dab-ffb6-4b8c-bda5-4470695bca7a" />
      <TestMethod codeBase="D:\actions-runner\_work\XPCO\XPCO\Corporate\CommonAPI\VideoOS.Management.VmoClient.UnitTests\bin\Debug\net472\VideoOS.Management.VmoClient.UnitTests.dll" adapterTypeName="executor://mstestadapter/v2" className="VideoOS.Management.VmoClient.UnitTests.HardwareTest" name="Hardware_Refresh_Success" />
    </UnitTest>
    <UnitTest name="GetSiteConnectionResultTokenExchange_VersionBelow233_Throws" storage="d:\actions-runner\_work\xpco\xpco\corporate\commonapi\videoos.management.vmoclient.unittests\bin\debug\net472\videoos.management.vmoclient.unittests.dll" id="e72ac251-d925-9985-beec-39c7f2b52b72">
      <TestCategory>
        <TestCategoryItem TestCategory="Vmo Site Connection Tests" />
      </TestCategory>
      <Execution id="49a8cdd9-7f43-4964-ba13-d13dcbcda5c7" />
      <TestMethod codeBase="D:\actions-runner\_work\XPCO\XPCO\Corporate\CommonAPI\VideoOS.Management.VmoClient.UnitTests\bin\Debug\net472\VideoOS.Management.VmoClient.UnitTests.dll" adapterTypeName="executor://mstestadapter/v2" className="VideoOS.Management.VmoClient.UnitTests.SiteConnectorOAuthTest" name="GetSiteConnectionResultTokenExchange_VersionBelow233_Throws" />
    </UnitTest>
    <UnitTest name="CalendarTimeProfile_Create60WithId_CheckVersionCalled" storage="d:\actions-runner\_work\xpco\xpco\corporate\commonapi\videoos.management.vmoclient.unittests\bin\debug\net472\videoos.management.vmoclient.unittests.dll" id="f84a7119-08ac-5d8d-bd12-7860ff77976c">
      <Execution id="25e3058d-cfa1-45d1-b477-af0935f9f47d" />
      <TestMethod codeBase="D:\actions-runner\_work\XPCO\XPCO\Corporate\CommonAPI\VideoOS.Management.VmoClient.UnitTests\bin\Debug\net472\VideoOS.Management.VmoClient.UnitTests.dll" adapterTypeName="executor://mstestadapter/v2" className="VideoOS.Management.VmoClient.UnitTests.CalendarTimeProfileTest" name="CalendarTimeProfile_Create60WithId_CheckVersionCalled" />
    </UnitTest>
    <UnitTest name="ExceptionConverter_GetConnectionConvertedException_ExceptionNull" storage="d:\actions-runner\_work\xpco\xpco\corporate\commonapi\videoos.management.vmoclient.unittests\bin\debug\net472\videoos.management.vmoclient.unittests.dll" id="abd55ea4-f6a3-38da-3aa2-cfee7dc0596c">
      <Execution id="f5bf6c2d-6c97-4304-be1d-2725d5131517" />
      <TestMethod codeBase="D:\actions-runner\_work\XPCO\XPCO\Corporate\CommonAPI\VideoOS.Management.VmoClient.UnitTests\bin\Debug\net472\VideoOS.Management.VmoClient.UnitTests.dll" adapterTypeName="executor://mstestadapter/v2" className="VideoOS.Management.VmoClient.UnitTests.Utils.ExceptionConverterTest" name="ExceptionConverter_GetConnectionConvertedException_ExceptionNull" />
    </UnitTest>
    <UnitTest name="ExceptionConverter_GetConnectionConvertedException_SecurityNegotiationException" storage="d:\actions-runner\_work\xpco\xpco\corporate\commonapi\videoos.management.vmoclient.unittests\bin\debug\net472\videoos.management.vmoclient.unittests.dll" id="e162973a-6b58-87ba-a821-f51b2b4c682d">
      <Execution id="2eafe86d-8105-47ea-b4ab-ab5f7a605f00" />
      <TestMethod codeBase="D:\actions-runner\_work\XPCO\XPCO\Corporate\CommonAPI\VideoOS.Management.VmoClient.UnitTests\bin\Debug\net472\VideoOS.Management.VmoClient.UnitTests.dll" adapterTypeName="executor://mstestadapter/v2" className="VideoOS.Management.VmoClient.UnitTests.Utils.ExceptionConverterTest" name="ExceptionConverter_GetConnectionConvertedException_SecurityNegotiationException" />
    </UnitTest>
    <UnitTest name="Grid_Constructor_Null_Grid" storage="d:\actions-runner\_work\xpco\xpco\corporate\commonapi\videoos.management.vmoclient.unittests\bin\debug\net472\videoos.management.vmoclient.unittests.dll" id="e245b214-fe82-d416-72b8-33d224c8af24">
      <TestCategory>
        <TestCategoryItem TestCategory="Grid" />
      </TestCategory>
      <Execution id="7bc5751a-5a20-4937-b7a7-8430737c7863" />
      <TestMethod codeBase="D:\actions-runner\_work\XPCO\XPCO\Corporate\CommonAPI\VideoOS.Management.VmoClient.UnitTests\bin\Debug\net472\VideoOS.Management.VmoClient.UnitTests.dll" adapterTypeName="executor://mstestadapter/v2" className="VideoOS.Management.VmoClient.UnitTests.GridTest" name="Grid_Constructor_Null_Grid" />
    </UnitTest>
    <UnitTest name="Role_Remove_Member_Check_Object_Created" storage="d:\actions-runner\_work\xpco\xpco\corporate\commonapi\videoos.management.vmoclient.unittests\bin\debug\net472\videoos.management.vmoclient.unittests.dll" id="90d415cb-4395-97f2-c868-ee564cc45376">
      <Execution id="614368dc-74a1-4dff-88a3-bf5635108a29" />
      <TestMethod codeBase="D:\actions-runner\_work\XPCO\XPCO\Corporate\CommonAPI\VideoOS.Management.VmoClient.UnitTests\bin\Debug\net472\VideoOS.Management.VmoClient.UnitTests.dll" adapterTypeName="executor://mstestadapter/v2" className="VideoOS.Management.VmoClient.UnitTests.RoleTest" name="Role_Remove_Member_Check_Object_Created" />
    </UnitTest>
    <UnitTest name="RetentionOptionRoleRelation_Constructor_Name_Null_Check" storage="d:\actions-runner\_work\xpco\xpco\corporate\commonapi\videoos.management.vmoclient.unittests\bin\debug\net472\videoos.management.vmoclient.unittests.dll" id="21da7965-2df6-0853-1b3d-be7597e928c8">
      <Execution id="6ade0a5d-7abb-4930-a455-f3a366cb7322" />
      <TestMethod codeBase="D:\actions-runner\_work\XPCO\XPCO\Corporate\CommonAPI\VideoOS.Management.VmoClient.UnitTests\bin\Debug\net472\VideoOS.Management.VmoClient.UnitTests.dll" adapterTypeName="executor://mstestadapter/v2" className="VideoOS.Management.VmoClient.UnitTests.RetentionOptionRoleRelationTest" name="RetentionOptionRoleRelation_Constructor_Name_Null_Check" />
    </UnitTest>
    <UnitTest name="Role_Add_Member_Check_User_Exists" storage="d:\actions-runner\_work\xpco\xpco\corporate\commonapi\videoos.management.vmoclient.unittests\bin\debug\net472\videoos.management.vmoclient.unittests.dll" id="b6d9d478-8ef2-92db-c5f4-aeaad5b52df1">
      <Execution id="bf02ca84-4b4c-4f51-9f03-7a8d737173d6" />
      <TestMethod codeBase="D:\actions-runner\_work\XPCO\XPCO\Corporate\CommonAPI\VideoOS.Management.VmoClient.UnitTests\bin\Debug\net472\VideoOS.Management.VmoClient.UnitTests.dll" adapterTypeName="executor://mstestadapter/v2" className="VideoOS.Management.VmoClient.UnitTests.RoleTest" name="Role_Add_Member_Check_User_Exists" />
    </UnitTest>
    <UnitTest name="RecordingStorage_Create_Success_Constructor" storage="d:\actions-runner\_work\xpco\xpco\corporate\commonapi\videoos.management.vmoclient.unittests\bin\debug\net472\videoos.management.vmoclient.unittests.dll" id="eb7abcdf-4edc-43d5-2925-69a90945f9a5">
      <Execution id="8912caee-10fc-45a3-9c1c-7938e5efd5d1" />
      <TestMethod codeBase="D:\actions-runner\_work\XPCO\XPCO\Corporate\CommonAPI\VideoOS.Management.VmoClient.UnitTests\bin\Debug\net472\VideoOS.Management.VmoClient.UnitTests.dll" adapterTypeName="executor://mstestadapter/v2" className="VideoOS.Management.VmoClient.UnitTests.RecordingStorageTest" name="RecordingStorage_Create_Success_Constructor" />
    </UnitTest>
    <UnitTest name="TryConnectLegacy_GivenBrokenServerConnection_ShouldDisposeAndReturnNull" storage="d:\actions-runner\_work\xpco\xpco\corporate\commonapi\videoos.management.vmoclient.unittests\bin\debug\net472\videoos.management.vmoclient.unittests.dll" id="7fc25b4c-7a44-8747-306b-6270bd640883">
      <Execution id="4082894a-4a51-4aae-a56a-a8d735e9669a" />
      <TestMethod codeBase="D:\actions-runner\_work\XPCO\XPCO\Corporate\CommonAPI\VideoOS.Management.VmoClient.UnitTests\bin\Debug\net472\VideoOS.Management.VmoClient.UnitTests.dll" adapterTypeName="executor://mstestadapter/v2" className="VideoOS.Management.VmoClient.UnitTests.SiteVmoConnectorTests" name="TryConnectLegacy_GivenBrokenServerConnection_ShouldDisposeAndReturnNull" />
    </UnitTest>
    <UnitTest name="TaskDeleteIdpAdmin_Refresh_Success" storage="d:\actions-runner\_work\xpco\xpco\corporate\commonapi\videoos.management.vmoclient.unittests\bin\debug\net472\videoos.management.vmoclient.unittests.dll" id="2831d34d-42eb-1c85-a174-a1b3b1f5bc8c">
      <Execution id="5f49498b-a5a1-49ad-88aa-863bf0b401f0" />
      <TestMethod codeBase="D:\actions-runner\_work\XPCO\XPCO\Corporate\CommonAPI\VideoOS.Management.VmoClient.UnitTests\bin\Debug\net472\VideoOS.Management.VmoClient.UnitTests.dll" adapterTypeName="executor://mstestadapter/v2" className="VideoOS.Management.VmoClient.UnitTests.TaskDeleteIdpAdminTest" name="TaskDeleteIdpAdmin_Refresh_Success" />
    </UnitTest>
    <UnitTest name="GetSiteConnectionResultTokenExchange_WorkingAddress_Success" storage="d:\actions-runner\_work\xpco\xpco\corporate\commonapi\videoos.management.vmoclient.unittests\bin\debug\net472\videoos.management.vmoclient.unittests.dll" id="6f0b8c98-8588-07f7-166d-268e8ae0533d">
      <TestCategory>
        <TestCategoryItem TestCategory="Vmo Site Connection Tests" />
      </TestCategory>
      <Execution id="c7fa4feb-49b4-42cd-bfc7-a1e85437c660" />
      <TestMethod codeBase="D:\actions-runner\_work\XPCO\XPCO\Corporate\CommonAPI\VideoOS.Management.VmoClient.UnitTests\bin\Debug\net472\VideoOS.Management.VmoClient.UnitTests.dll" adapterTypeName="executor://mstestadapter/v2" className="VideoOS.Management.VmoClient.UnitTests.SiteConnectorOAuthTest" name="GetSiteConnectionResultTokenExchange_WorkingAddress_Success" />
    </UnitTest>
    <UnitTest name="Grid_IncreaseGridSize_NumberOfCellsIncreased" storage="d:\actions-runner\_work\xpco\xpco\corporate\commonapi\videoos.management.vmoclient.unittests\bin\debug\net472\videoos.management.vmoclient.unittests.dll" id="c5328cb2-b885-8b14-28e8-5a9ee0576b7c">
      <TestCategory>
        <TestCategoryItem TestCategory="Grid" />
      </TestCategory>
      <Execution id="232b7b98-ab03-418b-8491-9791c0ead5c7" />
      <TestMethod codeBase="D:\actions-runner\_work\XPCO\XPCO\Corporate\CommonAPI\VideoOS.Management.VmoClient.UnitTests\bin\Debug\net472\VideoOS.Management.VmoClient.UnitTests.dll" adapterTypeName="executor://mstestadapter/v2" className="VideoOS.Management.VmoClient.UnitTests.GridTest" name="Grid_IncreaseGridSize_NumberOfCellsIncreased" />
    </UnitTest>
    <UnitTest name="CalendarTimeProfile_Repository_Registered" storage="d:\actions-runner\_work\xpco\xpco\corporate\commonapi\videoos.management.vmoclient.unittests\bin\debug\net472\videoos.management.vmoclient.unittests.dll" id="1631baa5-9f8e-cd43-391f-bd6c48e5df61">
      <Execution id="76d5c315-d104-4ab7-b732-cba87449fa08" />
      <TestMethod codeBase="D:\actions-runner\_work\XPCO\XPCO\Corporate\CommonAPI\VideoOS.Management.VmoClient.UnitTests\bin\Debug\net472\VideoOS.Management.VmoClient.UnitTests.dll" adapterTypeName="executor://mstestadapter/v2" className="VideoOS.Management.VmoClient.UnitTests.CalendarTimeProfileTest" name="CalendarTimeProfile_Repository_Registered" />
    </UnitTest>
    <UnitTest name="Contains_GivenConfiguredAddressesAndConnectedSite_ShouldSuccess" storage="d:\actions-runner\_work\xpco\xpco\corporate\commonapi\videoos.management.vmoclient.unittests\bin\debug\net472\videoos.management.vmoclient.unittests.dll" id="dff86f00-adf8-0959-76ac-186ea08e59bd">
      <Execution id="7083edbc-692e-42de-a44e-23d40ee06984" />
      <TestMethod codeBase="D:\actions-runner\_work\XPCO\XPCO\Corporate\CommonAPI\VideoOS.Management.VmoClient.UnitTests\bin\Debug\net472\VideoOS.Management.VmoClient.UnitTests.dll" adapterTypeName="executor://mstestadapter/v2" className="VideoOS.Management.VmoClient.UnitTests.SiteTokenCacheStoreTests" name="Contains_GivenConfiguredAddressesAndConnectedSite_ShouldSuccess" />
    </UnitTest>
    <UnitTest name="BasicUser_Create_CheckVersionCalled" storage="d:\actions-runner\_work\xpco\xpco\corporate\commonapi\videoos.management.vmoclient.unittests\bin\debug\net472\videoos.management.vmoclient.unittests.dll" id="8552ab44-7a6f-6aba-f3c7-d5e39cdc2d87">
      <Execution id="cf8b636d-3109-41e0-95c8-2189950985f8" />
      <TestMethod codeBase="D:\actions-runner\_work\XPCO\XPCO\Corporate\CommonAPI\VideoOS.Management.VmoClient.UnitTests\bin\Debug\net472\VideoOS.Management.VmoClient.UnitTests.dll" adapterTypeName="executor://mstestadapter/v2" className="VideoOS.Management.VmoClient.UnitTests.BasicUserTest" name="BasicUser_Create_CheckVersionCalled" />
    </UnitTest>
    <UnitTest name="Role_Constructor_Name_Null_Check" storage="d:\actions-runner\_work\xpco\xpco\corporate\commonapi\videoos.management.vmoclient.unittests\bin\debug\net472\videoos.management.vmoclient.unittests.dll" id="98895487-e543-858e-a04b-ff97ec968ee8">
      <Execution id="9169c04d-fa69-40c1-9fa9-6dc2634da618" />
      <TestMethod codeBase="D:\actions-runner\_work\XPCO\XPCO\Corporate\CommonAPI\VideoOS.Management.VmoClient.UnitTests\bin\Debug\net472\VideoOS.Management.VmoClient.UnitTests.dll" adapterTypeName="executor://mstestadapter/v2" className="VideoOS.Management.VmoClient.UnitTests.RoleTest" name="Role_Constructor_Name_Null_Check" />
    </UnitTest>
    <UnitTest name="PatrollingProfile_InsertStepLast_Create_PatrollingStep_Position" storage="d:\actions-runner\_work\xpco\xpco\corporate\commonapi\videoos.management.vmoclient.unittests\bin\debug\net472\videoos.management.vmoclient.unittests.dll" id="6c5d1332-af3b-91c1-59bc-8fe9b87ba72d">
      <TestCategory>
        <TestCategoryItem TestCategory="Patrolling Profile" />
      </TestCategory>
      <Execution id="5dba35ab-81e3-4fce-b0d0-db0d0f13a067" />
      <TestMethod codeBase="D:\actions-runner\_work\XPCO\XPCO\Corporate\CommonAPI\VideoOS.Management.VmoClient.UnitTests\bin\Debug\net472\VideoOS.Management.VmoClient.UnitTests.dll" adapterTypeName="executor://mstestadapter/v2" className="VideoOS.Management.VmoClient.UnitTests.PatrollingProfileTest" name="PatrollingProfile_InsertStepLast_Create_PatrollingStep_Position" />
    </UnitTest>
    <UnitTest name="PatrollingProfile_InsertStepFirst_Create_PatrollingStep_With_ExpectedTransitionTime" storage="d:\actions-runner\_work\xpco\xpco\corporate\commonapi\videoos.management.vmoclient.unittests\bin\debug\net472\videoos.management.vmoclient.unittests.dll" id="654824da-831c-dce2-815c-052433d506ed">
      <TestCategory>
        <TestCategoryItem TestCategory="Patrolling Profile" />
      </TestCategory>
      <Execution id="aa997d53-4093-4514-ac4a-399ddbfa8d45" />
      <TestMethod codeBase="D:\actions-runner\_work\XPCO\XPCO\Corporate\CommonAPI\VideoOS.Management.VmoClient.UnitTests\bin\Debug\net472\VideoOS.Management.VmoClient.UnitTests.dll" adapterTypeName="executor://mstestadapter/v2" className="VideoOS.Management.VmoClient.UnitTests.PatrollingProfileTest" name="PatrollingProfile_InsertStepFirst_Create_PatrollingStep_With_ExpectedTransitionTime" />
    </UnitTest>
    <UnitTest name="Role_Constructor_Username_Empty_Check" storage="d:\actions-runner\_work\xpco\xpco\corporate\commonapi\videoos.management.vmoclient.unittests\bin\debug\net472\videoos.management.vmoclient.unittests.dll" id="56664e51-8a57-337b-0f92-b756a8f3bab6">
      <Execution id="f306db27-0f0a-4359-9930-e02c2dae0b2f" />
      <TestMethod codeBase="D:\actions-runner\_work\XPCO\XPCO\Corporate\CommonAPI\VideoOS.Management.VmoClient.UnitTests\bin\Debug\net472\VideoOS.Management.VmoClient.UnitTests.dll" adapterTypeName="executor://mstestadapter/v2" className="VideoOS.Management.VmoClient.UnitTests.RoleTest" name="Role_Constructor_Username_Empty_Check" />
    </UnitTest>
    <UnitTest name="ExceptionConverter_GetConnectionConvertedException_TimeoutException" storage="d:\actions-runner\_work\xpco\xpco\corporate\commonapi\videoos.management.vmoclient.unittests\bin\debug\net472\videoos.management.vmoclient.unittests.dll" id="aeab3429-d90c-d2f2-7b84-011732585310">
      <Execution id="0ee47450-c81d-4f7c-8f3d-3f37dc049d41" />
      <TestMethod codeBase="D:\actions-runner\_work\XPCO\XPCO\Corporate\CommonAPI\VideoOS.Management.VmoClient.UnitTests\bin\Debug\net472\VideoOS.Management.VmoClient.UnitTests.dll" adapterTypeName="executor://mstestadapter/v2" className="VideoOS.Management.VmoClient.UnitTests.Utils.ExceptionConverterTest" name="ExceptionConverter_GetConnectionConvertedException_TimeoutException" />
    </UnitTest>
    <UnitTest name="TaskRepairing_Refresh_Success" storage="d:\actions-runner\_work\xpco\xpco\corporate\commonapi\videoos.management.vmoclient.unittests\bin\debug\net472\videoos.management.vmoclient.unittests.dll" id="74227176-8c7a-ec65-bd11-5456d1514c33">
      <Execution id="f518722e-de94-4dc7-bb65-37ff0c858987" />
      <TestMethod codeBase="D:\actions-runner\_work\XPCO\XPCO\Corporate\CommonAPI\VideoOS.Management.VmoClient.UnitTests\bin\Debug\net472\VideoOS.Management.VmoClient.UnitTests.dll" adapterTypeName="executor://mstestadapter/v2" className="VideoOS.Management.VmoClient.UnitTests.TaskRepairingTest" name="TaskRepairing_Refresh_Success" />
    </UnitTest>
    <UnitTest name="UserDefinedEvent_Create_CheckVersionNotCalled" storage="d:\actions-runner\_work\xpco\xpco\corporate\commonapi\videoos.management.vmoclient.unittests\bin\debug\net472\videoos.management.vmoclient.unittests.dll" id="049a46f8-17e3-1e45-9757-3437f732b6aa">
      <Execution id="089000bb-c0ab-4f8a-83a1-9072fe68a987" />
      <TestMethod codeBase="D:\actions-runner\_work\XPCO\XPCO\Corporate\CommonAPI\VideoOS.Management.VmoClient.UnitTests\bin\Debug\net472\VideoOS.Management.VmoClient.UnitTests.dll" adapterTypeName="executor://mstestadapter/v2" className="VideoOS.Management.VmoClient.UnitTests.UserDefinedEventTest" name="UserDefinedEvent_Create_CheckVersionNotCalled" />
    </UnitTest>
    <UnitTest name="View_Constructor_DefaultValuesCorrect" storage="d:\actions-runner\_work\xpco\xpco\corporate\commonapi\videoos.management.vmoclient.unittests\bin\debug\net472\videoos.management.vmoclient.unittests.dll" id="769dd84a-9fda-bf63-7d8c-498ec36290b9">
      <Execution id="39ffa90f-c237-4454-893f-c09ae49ae4d5" />
      <TestMethod codeBase="D:\actions-runner\_work\XPCO\XPCO\Corporate\CommonAPI\VideoOS.Management.VmoClient.UnitTests\bin\Debug\net472\VideoOS.Management.VmoClient.UnitTests.dll" adapterTypeName="executor://mstestadapter/v2" className="VideoOS.Management.VmoClient.UnitTests.ViewTest" name="View_Constructor_DefaultValuesCorrect" />
    </UnitTest>
    <UnitTest name="CalendarTimeProfile_Create_Failed_Constructor" storage="d:\actions-runner\_work\xpco\xpco\corporate\commonapi\videoos.management.vmoclient.unittests\bin\debug\net472\videoos.management.vmoclient.unittests.dll" id="722d9eec-0ab4-46ca-c561-68fe91ad8831">
      <Execution id="144d3015-f48f-464e-9aae-8896b17883dc" />
      <TestMethod codeBase="D:\actions-runner\_work\XPCO\XPCO\Corporate\CommonAPI\VideoOS.Management.VmoClient.UnitTests\bin\Debug\net472\VideoOS.Management.VmoClient.UnitTests.dll" adapterTypeName="executor://mstestadapter/v2" className="VideoOS.Management.VmoClient.UnitTests.CalendarTimeProfileTest" name="CalendarTimeProfile_Create_Failed_Constructor" />
    </UnitTest>
    <UnitTest name="Construct_Full_Success" storage="d:\actions-runner\_work\xpco\xpco\corporate\commonapi\videoos.management.vmoclient.unittests\bin\debug\net472\videoos.management.vmoclient.unittests.dll" id="ba974f5f-9411-20b3-a2dc-bb1aa9a6b6b6">
      <TestCategory>
        <TestCategoryItem TestCategory="Vmo Site Connection Tests" />
      </TestCategory>
      <Execution id="a3e962e7-aba9-4356-82cd-01f93d34af63" />
      <TestMethod codeBase="D:\actions-runner\_work\XPCO\XPCO\Corporate\CommonAPI\VideoOS.Management.VmoClient.UnitTests\bin\Debug\net472\VideoOS.Management.VmoClient.UnitTests.dll" adapterTypeName="executor://mstestadapter/v2" className="VideoOS.Management.VmoClient.UnitTests.Connection.SiteConnectorFactoryTests" name="Construct_Full_Success" />
    </UnitTest>
    <UnitTest name="RetentionOptionRoleRelation_Create_CheckVersionCalled" storage="d:\actions-runner\_work\xpco\xpco\corporate\commonapi\videoos.management.vmoclient.unittests\bin\debug\net472\videoos.management.vmoclient.unittests.dll" id="0585b760-df55-b1f8-64b7-3a68e2bec584">
      <Execution id="383e62de-db23-4f2b-81e8-f9cc9a675149" />
      <TestMethod codeBase="D:\actions-runner\_work\XPCO\XPCO\Corporate\CommonAPI\VideoOS.Management.VmoClient.UnitTests\bin\Debug\net472\VideoOS.Management.VmoClient.UnitTests.dll" adapterTypeName="executor://mstestadapter/v2" className="VideoOS.Management.VmoClient.UnitTests.RetentionOptionRoleRelationTest" name="RetentionOptionRoleRelation_Create_CheckVersionCalled" />
    </UnitTest>
    <UnitTest name="Role_Update_Success" storage="d:\actions-runner\_work\xpco\xpco\corporate\commonapi\videoos.management.vmoclient.unittests\bin\debug\net472\videoos.management.vmoclient.unittests.dll" id="16cb513f-1296-dccb-4302-b40b54e4775b">
      <Execution id="223aed04-fc60-416e-9721-da43242566a5" />
      <TestMethod codeBase="D:\actions-runner\_work\XPCO\XPCO\Corporate\CommonAPI\VideoOS.Management.VmoClient.UnitTests\bin\Debug\net472\VideoOS.Management.VmoClient.UnitTests.dll" adapterTypeName="executor://mstestadapter/v2" className="VideoOS.Management.VmoClient.UnitTests.RoleTest" name="Role_Update_Success" />
    </UnitTest>
    <UnitTest name="TrustedIssuer_CreateOnUnsupportedVersion_Throws" storage="d:\actions-runner\_work\xpco\xpco\corporate\commonapi\videoos.management.vmoclient.unittests\bin\debug\net472\videoos.management.vmoclient.unittests.dll" id="14306806-5df6-e412-4f79-2dc2e069e389">
      <Execution id="900fa319-1ca2-428f-aca7-f6b105a4e2b2" />
      <TestMethod codeBase="D:\actions-runner\_work\XPCO\XPCO\Corporate\CommonAPI\VideoOS.Management.VmoClient.UnitTests\bin\Debug\net472\VideoOS.Management.VmoClient.UnitTests.dll" adapterTypeName="executor://mstestadapter/v2" className="VideoOS.Management.VmoClient.UnitTests.TrustedIssuerTest" name="TrustedIssuer_CreateOnUnsupportedVersion_Throws" />
    </UnitTest>
    <UnitTest name="FailoverServer_Delete_Failed" storage="d:\actions-runner\_work\xpco\xpco\corporate\commonapi\videoos.management.vmoclient.unittests\bin\debug\net472\videoos.management.vmoclient.unittests.dll" id="146e684e-5ac9-f0ec-1f58-c3178bb318b4">
      <Execution id="f2f0c660-51d2-47d6-b54a-e9df7a7fe251" />
      <TestMethod codeBase="D:\actions-runner\_work\XPCO\XPCO\Corporate\CommonAPI\VideoOS.Management.VmoClient.UnitTests\bin\Debug\net472\VideoOS.Management.VmoClient.UnitTests.dll" adapterTypeName="executor://mstestadapter/v2" className="VideoOS.Management.VmoClient.UnitTests.FailoverServerTest" name="FailoverServer_Delete_Failed" />
    </UnitTest>
    <UnitTest name="RecordingStorage_Set_As_Default_Failed_Not_Created" storage="d:\actions-runner\_work\xpco\xpco\corporate\commonapi\videoos.management.vmoclient.unittests\bin\debug\net472\videoos.management.vmoclient.unittests.dll" id="f9ad11b2-10fa-d297-cda1-cf93f159844d">
      <Execution id="77bd112e-b2f3-45d9-b84d-fd17c4f77540" />
      <TestMethod codeBase="D:\actions-runner\_work\XPCO\XPCO\Corporate\CommonAPI\VideoOS.Management.VmoClient.UnitTests\bin\Debug\net472\VideoOS.Management.VmoClient.UnitTests.dll" adapterTypeName="executor://mstestadapter/v2" className="VideoOS.Management.VmoClient.UnitTests.RecordingStorageTest" name="RecordingStorage_Set_As_Default_Failed_Not_Created" />
    </UnitTest>
    <UnitTest name="ArchiveStorage_Create_CheckVersionNotCalled" storage="d:\actions-runner\_work\xpco\xpco\corporate\commonapi\videoos.management.vmoclient.unittests\bin\debug\net472\videoos.management.vmoclient.unittests.dll" id="fddc68b9-38b3-f313-9510-e8e9def595c4">
      <Execution id="01d4f20a-2193-44e6-9aec-801e73adf5bb" />
      <TestMethod codeBase="D:\actions-runner\_work\XPCO\XPCO\Corporate\CommonAPI\VideoOS.Management.VmoClient.UnitTests\bin\Debug\net472\VideoOS.Management.VmoClient.UnitTests.dll" adapterTypeName="executor://mstestadapter/v2" className="VideoOS.Management.VmoClient.UnitTests.ArchiveStorageTest" name="ArchiveStorage_Create_CheckVersionNotCalled" />
    </UnitTest>
    <UnitTest name="PerformanceStateRuleConfig_Create_Success" storage="d:\actions-runner\_work\xpco\xpco\corporate\commonapi\videoos.management.vmoclient.unittests\bin\debug\net472\videoos.management.vmoclient.unittests.dll" id="964d90a7-eafe-a3dd-426c-46d174d14182">
      <Execution id="60f99ba8-45b1-4b08-9ad1-22358547080b" />
      <TestMethod codeBase="D:\actions-runner\_work\XPCO\XPCO\Corporate\CommonAPI\VideoOS.Management.VmoClient.UnitTests\bin\Debug\net472\VideoOS.Management.VmoClient.UnitTests.dll" adapterTypeName="executor://mstestadapter/v2" className="VideoOS.Management.VmoClient.UnitTests.PerformanceStateRuleConfigTest" name="PerformanceStateRuleConfig_Create_Success" />
    </UnitTest>
    <UnitTest name="RuleSource_Update_Success" storage="d:\actions-runner\_work\xpco\xpco\corporate\commonapi\videoos.management.vmoclient.unittests\bin\debug\net472\videoos.management.vmoclient.unittests.dll" id="8570fdae-a30e-700e-4461-5f4669654249">
      <Execution id="bd775868-03cd-4662-a75e-b92cf2a2707b" />
      <TestMethod codeBase="D:\actions-runner\_work\XPCO\XPCO\Corporate\CommonAPI\VideoOS.Management.VmoClient.UnitTests\bin\Debug\net472\VideoOS.Management.VmoClient.UnitTests.dll" adapterTypeName="executor://mstestadapter/v2" className="VideoOS.Management.VmoClient.UnitTests.RuleSourceTest" name="RuleSource_Update_Success" />
    </UnitTest>
    <UnitTest name="RuleSource_Delete_Success" storage="d:\actions-runner\_work\xpco\xpco\corporate\commonapi\videoos.management.vmoclient.unittests\bin\debug\net472\videoos.management.vmoclient.unittests.dll" id="9b7a8739-3bd6-92dc-ebfd-c59dde439192">
      <Execution id="1ac2d637-d3e8-4078-9394-da6b2c4eb5f3" />
      <TestMethod codeBase="D:\actions-runner\_work\XPCO\XPCO\Corporate\CommonAPI\VideoOS.Management.VmoClient.UnitTests\bin\Debug\net472\VideoOS.Management.VmoClient.UnitTests.dll" adapterTypeName="executor://mstestadapter/v2" className="VideoOS.Management.VmoClient.UnitTests.RuleSourceTest" name="RuleSource_Delete_Success" />
    </UnitTest>
    <UnitTest name="Constructor_NullSiteAddressCache_Throws" storage="d:\actions-runner\_work\xpco\xpco\corporate\commonapi\videoos.management.vmoclient.unittests\bin\debug\net472\videoos.management.vmoclient.unittests.dll" id="e03ff53e-5f52-05d1-7a0e-f766f53821c3">
      <TestCategory>
        <TestCategoryItem TestCategory="Vmo Site Connection Tests" />
      </TestCategory>
      <Execution id="e50bacf8-601a-45ef-ab2c-da9ed738fa63" />
      <TestMethod codeBase="D:\actions-runner\_work\XPCO\XPCO\Corporate\CommonAPI\VideoOS.Management.VmoClient.UnitTests\bin\Debug\net472\VideoOS.Management.VmoClient.UnitTests.dll" adapterTypeName="executor://mstestadapter/v2" className="VideoOS.Management.VmoClient.UnitTests.SiteConnectorOAuthTest" name="Constructor_NullSiteAddressCache_Throws" />
    </UnitTest>
    <UnitTest name="UserDefinedEvent_Create_Success" storage="d:\actions-runner\_work\xpco\xpco\corporate\commonapi\videoos.management.vmoclient.unittests\bin\debug\net472\videoos.management.vmoclient.unittests.dll" id="ee43794d-5b26-f495-2efa-6d0f046df9d0">
      <Execution id="2b7b103c-5f7b-42de-b6ec-9247145f33cb" />
      <TestMethod codeBase="D:\actions-runner\_work\XPCO\XPCO\Corporate\CommonAPI\VideoOS.Management.VmoClient.UnitTests\bin\Debug\net472\VideoOS.Management.VmoClient.UnitTests.dll" adapterTypeName="executor://mstestadapter/v2" className="VideoOS.Management.VmoClient.UnitTests.UserDefinedEventTest" name="UserDefinedEvent_Create_Success" />
    </UnitTest>
    <UnitTest name="ServerVersionConstructor_CompareToObjNull_Success" storage="d:\actions-runner\_work\xpco\xpco\corporate\commonapi\videoos.management.vmoclient.unittests\bin\debug\net472\videoos.management.vmoclient.unittests.dll" id="d3620e51-7eec-32f0-d524-de91a027a0fe">
      <TestCategory>
        <TestCategoryItem TestCategory="Server Version" />
      </TestCategory>
      <Execution id="7cdf5982-e75e-476b-aa08-09592b3989e9" />
      <TestMethod codeBase="D:\actions-runner\_work\XPCO\XPCO\Corporate\CommonAPI\VideoOS.Management.VmoClient.UnitTests\bin\Debug\net472\VideoOS.Management.VmoClient.UnitTests.dll" adapterTypeName="executor://mstestadapter/v2" className="VideoOS.Management.VmoClient.Tests.ServerVersionTests" name="ServerVersionConstructor_CompareToObjNull_Success" />
    </UnitTest>
    <UnitTest name="PerformanceStateRuleConfig_Create_CheckVersionCalled" storage="d:\actions-runner\_work\xpco\xpco\corporate\commonapi\videoos.management.vmoclient.unittests\bin\debug\net472\videoos.management.vmoclient.unittests.dll" id="142f3b3a-0646-9d8d-6da9-6000595864a3">
      <Execution id="da83a14f-db65-4965-863d-b9617cc89656" />
      <TestMethod codeBase="D:\actions-runner\_work\XPCO\XPCO\Corporate\CommonAPI\VideoOS.Management.VmoClient.UnitTests\bin\Debug\net472\VideoOS.Management.VmoClient.UnitTests.dll" adapterTypeName="executor://mstestadapter/v2" className="VideoOS.Management.VmoClient.UnitTests.PerformanceStateRuleConfigTest" name="PerformanceStateRuleConfig_Create_CheckVersionCalled" />
    </UnitTest>
    <UnitTest name="TaskSetEncryptionPassword_StartNew_Success" storage="d:\actions-runner\_work\xpco\xpco\corporate\commonapi\videoos.management.vmoclient.unittests\bin\debug\net472\videoos.management.vmoclient.unittests.dll" id="a8a4d357-c8cd-8240-8b9c-a04d7fb1a6f1">
      <Execution id="96a34a73-74b9-4b77-88bb-027d3feb1456" />
      <TestMethod codeBase="D:\actions-runner\_work\XPCO\XPCO\Corporate\CommonAPI\VideoOS.Management.VmoClient.UnitTests\bin\Debug\net472\VideoOS.Management.VmoClient.UnitTests.dll" adapterTypeName="executor://mstestadapter/v2" className="VideoOS.Management.VmoClient.UnitTests.TaskSetEncryptionPasswordTest" name="TaskSetEncryptionPassword_StartNew_Success" />
    </UnitTest>
    <UnitTest name="CameraDevice_TruncateStorage_Success" storage="d:\actions-runner\_work\xpco\xpco\corporate\commonapi\videoos.management.vmoclient.unittests\bin\debug\net472\videoos.management.vmoclient.unittests.dll" id="850c56f6-ec9e-0b01-b9be-31c9b8aac49f">
      <Execution id="8413478b-19cc-4892-a4c3-a96e6b5dfa8d" />
      <TestMethod codeBase="D:\actions-runner\_work\XPCO\XPCO\Corporate\CommonAPI\VideoOS.Management.VmoClient.UnitTests\bin\Debug\net472\VideoOS.Management.VmoClient.UnitTests.dll" adapterTypeName="executor://mstestadapter/v2" className="VideoOS.Management.VmoClient.UnitTests.CameraDeviceTest" name="CameraDevice_TruncateStorage_Success" />
    </UnitTest>
    <UnitTest name="BasicUser_Constructor_CheckForVersion_6_0_and_throws" storage="d:\actions-runner\_work\xpco\xpco\corporate\commonapi\videoos.management.vmoclient.unittests\bin\debug\net472\videoos.management.vmoclient.unittests.dll" id="25a5ab42-4069-42e8-44fe-e6aa176b4883">
      <Execution id="b3ee5191-d380-4af3-9143-97bb792ab62d" />
      <TestMethod codeBase="D:\actions-runner\_work\XPCO\XPCO\Corporate\CommonAPI\VideoOS.Management.VmoClient.UnitTests\bin\Debug\net472\VideoOS.Management.VmoClient.UnitTests.dll" adapterTypeName="executor://mstestadapter/v2" className="VideoOS.Management.VmoClient.UnitTests.BasicUserTest" name="BasicUser_Constructor_CheckForVersion_6_0_and_throws" />
    </UnitTest>
    <UnitTest name="Grid_GetGridAsString_Success" storage="d:\actions-runner\_work\xpco\xpco\corporate\commonapi\videoos.management.vmoclient.unittests\bin\debug\net472\videoos.management.vmoclient.unittests.dll" id="1f73194b-cfd3-f9ab-41d8-a850a2bc1d50">
      <TestCategory>
        <TestCategoryItem TestCategory="Grid" />
      </TestCategory>
      <Execution id="a3d08c85-5b3a-4557-b9df-6b0ad948d384" />
      <TestMethod codeBase="D:\actions-runner\_work\XPCO\XPCO\Corporate\CommonAPI\VideoOS.Management.VmoClient.UnitTests\bin\Debug\net472\VideoOS.Management.VmoClient.UnitTests.dll" adapterTypeName="executor://mstestadapter/v2" className="VideoOS.Management.VmoClient.UnitTests.GridTest" name="Grid_GetGridAsString_Success" />
    </UnitTest>
    <UnitTest name="TrustedIssuer_CtorOnUnsupportedVersion_Throws" storage="d:\actions-runner\_work\xpco\xpco\corporate\commonapi\videoos.management.vmoclient.unittests\bin\debug\net472\videoos.management.vmoclient.unittests.dll" id="37d71308-1b21-c7c0-c2b2-27c84f2da2ff">
      <Execution id="7611f7b2-d1af-43c0-83a5-c42b480a4537" />
      <TestMethod codeBase="D:\actions-runner\_work\XPCO\XPCO\Corporate\CommonAPI\VideoOS.Management.VmoClient.UnitTests\bin\Debug\net472\VideoOS.Management.VmoClient.UnitTests.dll" adapterTypeName="executor://mstestadapter/v2" className="VideoOS.Management.VmoClient.UnitTests.TrustedIssuerTest" name="TrustedIssuer_CtorOnUnsupportedVersion_Throws" />
    </UnitTest>
    <UnitTest name="Grid_RemoveSpecificCellSecond_CorrectCellRemoved" storage="d:\actions-runner\_work\xpco\xpco\corporate\commonapi\videoos.management.vmoclient.unittests\bin\debug\net472\videoos.management.vmoclient.unittests.dll" id="6e8d1193-f5e0-5129-ea68-cfedce5facb1">
      <TestCategory>
        <TestCategoryItem TestCategory="Grid" />
      </TestCategory>
      <Execution id="b3f9e794-1e8b-4de6-8903-bc347ae633e4" />
      <TestMethod codeBase="D:\actions-runner\_work\XPCO\XPCO\Corporate\CommonAPI\VideoOS.Management.VmoClient.UnitTests\bin\Debug\net472\VideoOS.Management.VmoClient.UnitTests.dll" adapterTypeName="executor://mstestadapter/v2" className="VideoOS.Management.VmoClient.UnitTests.GridTest" name="Grid_RemoveSpecificCellSecond_CorrectCellRemoved" />
    </UnitTest>
    <UnitTest name="RuleSource_Refresh_Success" storage="d:\actions-runner\_work\xpco\xpco\corporate\commonapi\videoos.management.vmoclient.unittests\bin\debug\net472\videoos.management.vmoclient.unittests.dll" id="edf2c8a0-6d40-88f3-48ea-7c49d85edc7b">
      <Execution id="c5411be4-66df-453a-b5a9-fc087ac40798" />
      <TestMethod codeBase="D:\actions-runner\_work\XPCO\XPCO\Corporate\CommonAPI\VideoOS.Management.VmoClient.UnitTests\bin\Debug\net472\VideoOS.Management.VmoClient.UnitTests.dll" adapterTypeName="executor://mstestadapter/v2" className="VideoOS.Management.VmoClient.UnitTests.RuleSourceTest" name="RuleSource_Refresh_Success" />
    </UnitTest>
    <UnitTest name="GetIdpInfoOrError_GivenManyAddresses_ShouldReturnIdpInfoOrErrorForEveryAddress" storage="d:\actions-runner\_work\xpco\xpco\corporate\commonapi\videoos.management.vmoclient.unittests\bin\debug\net472\videoos.management.vmoclient.unittests.dll" id="3e63c740-e191-e5df-c5a2-bb5eb679c233">
      <Execution id="19c266b0-9748-4fe4-9dd8-9c4e21d53526" />
      <TestMethod codeBase="D:\actions-runner\_work\XPCO\XPCO\Corporate\CommonAPI\VideoOS.Management.VmoClient.UnitTests\bin\Debug\net472\VideoOS.Management.VmoClient.UnitTests.dll" adapterTypeName="executor://mstestadapter/v2" className="VideoOS.Management.VmoClient.UnitTests.SiteIdpConnectorTests" name="GetIdpInfoOrError_GivenManyAddresses_ShouldReturnIdpInfoOrErrorForEveryAddress" />
    </UnitTest>
    <UnitTest name="Grid_SetRegionHeighthOutOfBounds_Exception" storage="d:\actions-runner\_work\xpco\xpco\corporate\commonapi\videoos.management.vmoclient.unittests\bin\debug\net472\videoos.management.vmoclient.unittests.dll" id="03073659-99be-6052-26fb-ff548c6aaf88">
      <TestCategory>
        <TestCategoryItem TestCategory="Grid" />
      </TestCategory>
      <Execution id="9c4bfd31-9237-47dc-846c-035ba797647d" />
      <TestMethod codeBase="D:\actions-runner\_work\XPCO\XPCO\Corporate\CommonAPI\VideoOS.Management.VmoClient.UnitTests\bin\Debug\net472\VideoOS.Management.VmoClient.UnitTests.dll" adapterTypeName="executor://mstestadapter/v2" className="VideoOS.Management.VmoClient.UnitTests.GridTest" name="Grid_SetRegionHeighthOutOfBounds_Exception" />
    </UnitTest>
    <UnitTest name="InputDeviceGroup_Refresh_Success" storage="d:\actions-runner\_work\xpco\xpco\corporate\commonapi\videoos.management.vmoclient.unittests\bin\debug\net472\videoos.management.vmoclient.unittests.dll" id="b425d510-a5ac-97dc-9358-45146422c096">
      <Execution id="1f4fbac1-d510-4ab6-a0e4-468ff2383dbd" />
      <TestMethod codeBase="D:\actions-runner\_work\XPCO\XPCO\Corporate\CommonAPI\VideoOS.Management.VmoClient.UnitTests\bin\Debug\net472\VideoOS.Management.VmoClient.UnitTests.dll" adapterTypeName="executor://mstestadapter/v2" className="VideoOS.Management.VmoClient.UnitTests.DeviceGroupTest" name="InputDeviceGroup_Refresh_Success" />
    </UnitTest>
    <UnitTest name="RecordingStorage_Validate_Encryption_Password_Success" storage="d:\actions-runner\_work\xpco\xpco\corporate\commonapi\videoos.management.vmoclient.unittests\bin\debug\net472\videoos.management.vmoclient.unittests.dll" id="22a6dc78-fbc2-b014-461f-87e2386d6269">
      <Execution id="b107aea4-c42f-48c8-a215-d2147302a617" />
      <TestMethod codeBase="D:\actions-runner\_work\XPCO\XPCO\Corporate\CommonAPI\VideoOS.Management.VmoClient.UnitTests\bin\Debug\net472\VideoOS.Management.VmoClient.UnitTests.dll" adapterTypeName="executor://mstestadapter/v2" className="VideoOS.Management.VmoClient.UnitTests.RecordingStorageTest" name="RecordingStorage_Validate_Encryption_Password_Success" />
    </UnitTest>
    <UnitTest name="RuleSource_Delete_Failed_Not_Created" storage="d:\actions-runner\_work\xpco\xpco\corporate\commonapi\videoos.management.vmoclient.unittests\bin\debug\net472\videoos.management.vmoclient.unittests.dll" id="75093d28-afc2-dcbc-1e64-b17e205f8071">
      <Execution id="be063def-44bf-43b1-967e-b9124fd3d8db" />
      <TestMethod codeBase="D:\actions-runner\_work\XPCO\XPCO\Corporate\CommonAPI\VideoOS.Management.VmoClient.UnitTests\bin\Debug\net472\VideoOS.Management.VmoClient.UnitTests.dll" adapterTypeName="executor://mstestadapter/v2" className="VideoOS.Management.VmoClient.UnitTests.RuleSourceTest" name="RuleSource_Delete_Failed_Not_Created" />
    </UnitTest>
    <UnitTest name="PatrollingProfile_Load_Schema_Test" storage="d:\actions-runner\_work\xpco\xpco\corporate\commonapi\videoos.management.vmoclient.unittests\bin\debug\net472\videoos.management.vmoclient.unittests.dll" id="0a66eda9-75bb-6b4a-d541-6ca26a48d00d">
      <TestCategory>
        <TestCategoryItem TestCategory="Patrolling Profile" />
      </TestCategory>
      <Execution id="cb37465b-7288-4721-a1e6-25958fd076a1" />
      <TestMethod codeBase="D:\actions-runner\_work\XPCO\XPCO\Corporate\CommonAPI\VideoOS.Management.VmoClient.UnitTests\bin\Debug\net472\VideoOS.Management.VmoClient.UnitTests.dll" adapterTypeName="executor://mstestadapter/v2" className="VideoOS.Management.VmoClient.UnitTests.PatrollingProfileTest" name="PatrollingProfile_Load_Schema_Test" />
    </UnitTest>
    <UnitTest name="TryConnect_GivenUnexpectedServerId_ShouldDisconnectDisposeAllAndReturnNull" storage="d:\actions-runner\_work\xpco\xpco\corporate\commonapi\videoos.management.vmoclient.unittests\bin\debug\net472\videoos.management.vmoclient.unittests.dll" id="0c16100a-4fab-7919-1d30-b7832fad41be">
      <Execution id="2b821c42-6ffb-47d8-961d-c46bd21ed043" />
      <TestMethod codeBase="D:\actions-runner\_work\XPCO\XPCO\Corporate\CommonAPI\VideoOS.Management.VmoClient.UnitTests\bin\Debug\net472\VideoOS.Management.VmoClient.UnitTests.dll" adapterTypeName="executor://mstestadapter/v2" className="VideoOS.Management.VmoClient.UnitTests.SiteVmoConnectorTests" name="TryConnect_GivenUnexpectedServerId_ShouldDisconnectDisposeAllAndReturnNull" />
    </UnitTest>
    <UnitTest name="RuleSource_Constructor_DefaultValuesCorrect" storage="d:\actions-runner\_work\xpco\xpco\corporate\commonapi\videoos.management.vmoclient.unittests\bin\debug\net472\videoos.management.vmoclient.unittests.dll" id="93fa63ad-3f38-28ad-287e-6a435e151fef">
      <Execution id="85a20064-3b24-4f75-926f-fce25e7d5706" />
      <TestMethod codeBase="D:\actions-runner\_work\XPCO\XPCO\Corporate\CommonAPI\VideoOS.Management.VmoClient.UnitTests\bin\Debug\net472\VideoOS.Management.VmoClient.UnitTests.dll" adapterTypeName="executor://mstestadapter/v2" className="VideoOS.Management.VmoClient.UnitTests.RuleSourceTest" name="RuleSource_Constructor_DefaultValuesCorrect" />
    </UnitTest>
    <UnitTest name="TryGetPropertyValue_NullableType_NotExist_ReturnsNull" storage="d:\actions-runner\_work\xpco\xpco\corporate\commonapi\videoos.management.vmoclient.unittests\bin\debug\net472\videoos.management.vmoclient.unittests.dll" id="d883f116-18c6-76d8-0fae-0e113ca85148">
      <Execution id="c43748c8-3791-4f93-8859-a63787a0eef6" />
      <TestMethod codeBase="D:\actions-runner\_work\XPCO\XPCO\Corporate\CommonAPI\VideoOS.Management.VmoClient.UnitTests\bin\Debug\net472\VideoOS.Management.VmoClient.UnitTests.dll" adapterTypeName="executor://mstestadapter/v2" className="VideoOS.Management.VmoClient.UnitTests.Framework.VmoPropertyCollectionTest" name="TryGetPropertyValue_NullableType_NotExist_ReturnsNull" />
    </UnitTest>
    <UnitTest name="GetHighPriorityError_GivenIdpOfflineExceptionForNonLegacySite_ReturnsIdpOfflineException" storage="d:\actions-runner\_work\xpco\xpco\corporate\commonapi\videoos.management.vmoclient.unittests\bin\debug\net472\videoos.management.vmoclient.unittests.dll" id="c7cf3afc-da46-c52b-1bae-d663fd25ee50">
      <Execution id="42c22b6c-0ec1-4a6b-a290-d7a3a76c60f9" />
      <TestMethod codeBase="D:\actions-runner\_work\XPCO\XPCO\Corporate\CommonAPI\VideoOS.Management.VmoClient.UnitTests\bin\Debug\net472\VideoOS.Management.VmoClient.UnitTests.dll" adapterTypeName="executor://mstestadapter/v2" className="VideoOS.Management.VmoClient.UnitTests.SiteConnectorExceptionHandlerTests" name="GetHighPriorityError_GivenIdpOfflineExceptionForNonLegacySite_ReturnsIdpOfflineException" />
    </UnitTest>
    <UnitTest name="PluginEvent_Repository_Registered" storage="d:\actions-runner\_work\xpco\xpco\corporate\commonapi\videoos.management.vmoclient.unittests\bin\debug\net472\videoos.management.vmoclient.unittests.dll" id="e18621e8-da82-d8f4-e7c7-a10340d5d9a4">
      <Execution id="89b58e2d-6408-426a-a2a5-f07c58284b9d" />
      <TestMethod codeBase="D:\actions-runner\_work\XPCO\XPCO\Corporate\CommonAPI\VideoOS.Management.VmoClient.UnitTests\bin\Debug\net472\VideoOS.Management.VmoClient.UnitTests.dll" adapterTypeName="executor://mstestadapter/v2" className="VideoOS.Management.VmoClient.UnitTests.PluginEventTest" name="PluginEvent_Repository_Registered" />
    </UnitTest>
    <UnitTest name="PrivateViewGroup_Constructor_Name_Null_Check" storage="d:\actions-runner\_work\xpco\xpco\corporate\commonapi\videoos.management.vmoclient.unittests\bin\debug\net472\videoos.management.vmoclient.unittests.dll" id="9d170ca7-07b6-b2c8-0ded-d6e1bb43097c">
      <Execution id="c507c732-1624-4243-ac0c-09d49cbc274b" />
      <TestMethod codeBase="D:\actions-runner\_work\XPCO\XPCO\Corporate\CommonAPI\VideoOS.Management.VmoClient.UnitTests\bin\Debug\net472\VideoOS.Management.VmoClient.UnitTests.dll" adapterTypeName="executor://mstestadapter/v2" className="VideoOS.Management.VmoClient.UnitTests.PrivateViewGroupTest" name="PrivateViewGroup_Constructor_Name_Null_Check" />
    </UnitTest>
    <UnitTest name="CameraDevice_ChangeRecordingStorage_Fail_Not_Created" storage="d:\actions-runner\_work\xpco\xpco\corporate\commonapi\videoos.management.vmoclient.unittests\bin\debug\net472\videoos.management.vmoclient.unittests.dll" id="5bc44261-4f4a-1ed9-1c4e-bb8b05d777c9">
      <Execution id="905b3f09-ae11-4868-a6e4-bf9912bc1393" />
      <TestMethod codeBase="D:\actions-runner\_work\XPCO\XPCO\Corporate\CommonAPI\VideoOS.Management.VmoClient.UnitTests\bin\Debug\net472\VideoOS.Management.VmoClient.UnitTests.dll" adapterTypeName="executor://mstestadapter/v2" className="VideoOS.Management.VmoClient.UnitTests.CameraDeviceTest" name="CameraDevice_ChangeRecordingStorage_Fail_Not_Created" />
    </UnitTest>
    <UnitTest name="Management_IsDirty_Work_With_ServerAddress" storage="d:\actions-runner\_work\xpco\xpco\corporate\commonapi\videoos.management.vmoclient.unittests\bin\debug\net472\videoos.management.vmoclient.unittests.dll" id="2394a7b7-06f6-8e31-4cff-ec678de5dfbb">
      <Execution id="479e5a70-ff85-4ab9-aece-33d0cbe5093c" />
      <TestMethod codeBase="D:\actions-runner\_work\XPCO\XPCO\Corporate\CommonAPI\VideoOS.Management.VmoClient.UnitTests\bin\Debug\net472\VideoOS.Management.VmoClient.UnitTests.dll" adapterTypeName="executor://mstestadapter/v2" className="VideoOS.Management.VmoClient.UnitTests.ManagementServerTest" name="Management_IsDirty_Work_With_ServerAddress" />
    </UnitTest>
    <UnitTest name="ProxyClientServiceBase_CallWithRetry_NoRetry_MessageSecurityException_IdpInner" storage="d:\actions-runner\_work\xpco\xpco\corporate\commonapi\videoos.management.vmoclient.unittests\bin\debug\net472\videoos.management.vmoclient.unittests.dll" id="17b4e27e-b862-2aa2-3b9c-1e7aef46601c">
      <Execution id="6f9afee4-862d-4a1f-855a-3e11e2eae085" />
      <TestMethod codeBase="D:\actions-runner\_work\XPCO\XPCO\Corporate\CommonAPI\VideoOS.Management.VmoClient.UnitTests\bin\Debug\net472\VideoOS.Management.VmoClient.UnitTests.dll" adapterTypeName="executor://mstestadapter/v2" className="VideoOS.Management.VmoClient.UnitTests.Framework.ProxyClientServiceBaseTest" name="ProxyClientServiceBase_CallWithRetry_NoRetry_MessageSecurityException_IdpInner" />
    </UnitTest>
    <UnitTest name="FailoverServerGroup_Refresh_Failed" storage="d:\actions-runner\_work\xpco\xpco\corporate\commonapi\videoos.management.vmoclient.unittests\bin\debug\net472\videoos.management.vmoclient.unittests.dll" id="517ca138-1dd8-b0e7-76c3-f592dfda3263">
      <Execution id="80abb4ad-74b2-45f0-b617-3f814249a536" />
      <TestMethod codeBase="D:\actions-runner\_work\XPCO\XPCO\Corporate\CommonAPI\VideoOS.Management.VmoClient.UnitTests\bin\Debug\net472\VideoOS.Management.VmoClient.UnitTests.dll" adapterTypeName="executor://mstestadapter/v2" className="VideoOS.Management.VmoClient.UnitTests.FailoverServerGroupTest" name="FailoverServerGroup_Refresh_Failed" />
    </UnitTest>
    <UnitTest name="Construct_InvalidParam_ISiteVmoConnector_Null_Throws_ArgumentNullException" storage="d:\actions-runner\_work\xpco\xpco\corporate\commonapi\videoos.management.vmoclient.unittests\bin\debug\net472\videoos.management.vmoclient.unittests.dll" id="327aea0b-7715-048c-8303-ec05c9eff0d2">
      <TestCategory>
        <TestCategoryItem TestCategory="Vmo Site Connection Tests" />
      </TestCategory>
      <Execution id="75f76e11-37b6-4da9-87d0-f5b6e281d145" />
      <TestMethod codeBase="D:\actions-runner\_work\XPCO\XPCO\Corporate\CommonAPI\VideoOS.Management.VmoClient.UnitTests\bin\Debug\net472\VideoOS.Management.VmoClient.UnitTests.dll" adapterTypeName="executor://mstestadapter/v2" className="VideoOS.Management.VmoClient.UnitTests.Connection.SiteConnectorFactoryTests" name="Construct_InvalidParam_ISiteVmoConnector_Null_Throws_ArgumentNullException" />
    </UnitTest>
    <UnitTest name="TryConnectLegacy_GivenUnexpectedServerId_ShouldDisconnectDisposeAllAndReturnNull" storage="d:\actions-runner\_work\xpco\xpco\corporate\commonapi\videoos.management.vmoclient.unittests\bin\debug\net472\videoos.management.vmoclient.unittests.dll" id="99040f86-22f7-5e2f-b0c0-fc6c603f2df3">
      <Execution id="76129f66-a593-4bb4-8afe-2f90463ffcf9" />
      <TestMethod codeBase="D:\actions-runner\_work\XPCO\XPCO\Corporate\CommonAPI\VideoOS.Management.VmoClient.UnitTests\bin\Debug\net472\VideoOS.Management.VmoClient.UnitTests.dll" adapterTypeName="executor://mstestadapter/v2" className="VideoOS.Management.VmoClient.UnitTests.SiteVmoConnectorTests" name="TryConnectLegacy_GivenUnexpectedServerId_ShouldDisconnectDisposeAllAndReturnNull" />
    </UnitTest>
    <UnitTest name="Hardware_Driver_Version_Construct_Device_Pack_Driver" storage="d:\actions-runner\_work\xpco\xpco\corporate\commonapi\videoos.management.vmoclient.unittests\bin\debug\net472\videoos.management.vmoclient.unittests.dll" id="1f9ff2ea-de1d-1069-20f3-d4507fda1972">
      <Execution id="de09070d-665a-4e8c-a33e-3c79ca523e22" />
      <TestMethod codeBase="D:\actions-runner\_work\XPCO\XPCO\Corporate\CommonAPI\VideoOS.Management.VmoClient.UnitTests\bin\Debug\net472\VideoOS.Management.VmoClient.UnitTests.dll" adapterTypeName="executor://mstestadapter/v2" className="VideoOS.Management.VmoClient.UnitTests.HardwareDriverVersionTest" name="Hardware_Driver_Version_Construct_Device_Pack_Driver" />
    </UnitTest>
    <UnitTest name="Create_GivenAddressAndTokenCache_ShouldSuccess" storage="d:\actions-runner\_work\xpco\xpco\corporate\commonapi\videoos.management.vmoclient.unittests\bin\debug\net472\videoos.management.vmoclient.unittests.dll" id="911a754b-4a21-7213-ab66-37b764b44fff">
      <Execution id="93931ae8-f4da-4b3e-a75d-708806be7556" />
      <TestMethod codeBase="D:\actions-runner\_work\XPCO\XPCO\Corporate\CommonAPI\VideoOS.Management.VmoClient.UnitTests\bin\Debug\net472\VideoOS.Management.VmoClient.UnitTests.dll" adapterTypeName="executor://mstestadapter/v2" className="VideoOS.Management.VmoClient.UnitTests.ServerConnectionFactoryTests" name="Create_GivenAddressAndTokenCache_ShouldSuccess" />
    </UnitTest>
    <UnitTest name="Construct_InvalidParam_Site_Null_Throws_ArgumentNullException" storage="d:\actions-runner\_work\xpco\xpco\corporate\commonapi\videoos.management.vmoclient.unittests\bin\debug\net472\videoos.management.vmoclient.unittests.dll" id="1bce7956-e646-34df-076d-ce535ac6241f">
      <TestCategory>
        <TestCategoryItem TestCategory="Vmo Site Connection Tests" />
      </TestCategory>
      <Execution id="abaae4f5-393d-4b35-8dcf-bfa4cd208c71" />
      <TestMethod codeBase="D:\actions-runner\_work\XPCO\XPCO\Corporate\CommonAPI\VideoOS.Management.VmoClient.UnitTests\bin\Debug\net472\VideoOS.Management.VmoClient.UnitTests.dll" adapterTypeName="executor://mstestadapter/v2" className="VideoOS.Management.VmoClient.UnitTests.Connection.SiteConnectionInfoTokenExchangeTests" name="Construct_InvalidParam_Site_Null_Throws_ArgumentNullException" />
    </UnitTest>
    <UnitTest name="BasicUser_Delete_Success" storage="d:\actions-runner\_work\xpco\xpco\corporate\commonapi\videoos.management.vmoclient.unittests\bin\debug\net472\videoos.management.vmoclient.unittests.dll" id="4e186ccf-43d2-fe09-3c86-001af9030f39">
      <Execution id="508147e5-d192-4388-86d9-cb4130787e7f" />
      <TestMethod codeBase="D:\actions-runner\_work\XPCO\XPCO\Corporate\CommonAPI\VideoOS.Management.VmoClient.UnitTests\bin\Debug\net472\VideoOS.Management.VmoClient.UnitTests.dll" adapterTypeName="executor://mstestadapter/v2" className="VideoOS.Management.VmoClient.UnitTests.BasicUserTest" name="BasicUser_Delete_Success" />
    </UnitTest>
    <UnitTest name="PublicViewGroup_Constructor_DefaultValuesCorrect" storage="d:\actions-runner\_work\xpco\xpco\corporate\commonapi\videoos.management.vmoclient.unittests\bin\debug\net472\videoos.management.vmoclient.unittests.dll" id="c57beb0f-eec2-daf6-57e9-e2c0bb410564">
      <Execution id="b1f405f9-00b3-40c1-8fac-055e60ab27bc" />
      <TestMethod codeBase="D:\actions-runner\_work\XPCO\XPCO\Corporate\CommonAPI\VideoOS.Management.VmoClient.UnitTests\bin\Debug\net472\VideoOS.Management.VmoClient.UnitTests.dll" adapterTypeName="executor://mstestadapter/v2" className="VideoOS.Management.VmoClient.UnitTests.PublicViewGroupTest" name="PublicViewGroup_Constructor_DefaultValuesCorrect" />
    </UnitTest>
    <UnitTest name="SpeakerDeviceGroup_Refresh_Success" storage="d:\actions-runner\_work\xpco\xpco\corporate\commonapi\videoos.management.vmoclient.unittests\bin\debug\net472\videoos.management.vmoclient.unittests.dll" id="11e0343a-5aeb-3b8a-34d7-36ce686e83d9">
      <Execution id="4f0e1389-7728-4ad6-8537-48aaa1d0dc23" />
      <TestMethod codeBase="D:\actions-runner\_work\XPCO\XPCO\Corporate\CommonAPI\VideoOS.Management.VmoClient.UnitTests\bin\Debug\net472\VideoOS.Management.VmoClient.UnitTests.dll" adapterTypeName="executor://mstestadapter/v2" className="VideoOS.Management.VmoClient.UnitTests.DeviceGroupTest" name="SpeakerDeviceGroup_Refresh_Success" />
    </UnitTest>
    <UnitTest name="TaskRepairing_InternalCreate_Success" storage="d:\actions-runner\_work\xpco\xpco\corporate\commonapi\videoos.management.vmoclient.unittests\bin\debug\net472\videoos.management.vmoclient.unittests.dll" id="a76e7ffb-bf22-99c0-a6dc-ec511ac01fd2">
      <Execution id="18580566-0a97-4d7a-935d-96f29cc5f16c" />
      <TestMethod codeBase="D:\actions-runner\_work\XPCO\XPCO\Corporate\CommonAPI\VideoOS.Management.VmoClient.UnitTests\bin\Debug\net472\VideoOS.Management.VmoClient.UnitTests.dll" adapterTypeName="executor://mstestadapter/v2" className="VideoOS.Management.VmoClient.UnitTests.TaskRepairingTest" name="TaskRepairing_InternalCreate_Success" />
    </UnitTest>
    <UnitTest name="GetSiteConnection_Windows_GivenOauthSiteVersion_ShouldExecuteOauthFlow" storage="d:\actions-runner\_work\xpco\xpco\corporate\commonapi\videoos.management.vmoclient.unittests\bin\debug\net472\videoos.management.vmoclient.unittests.dll" id="ddf551cb-b112-7f3f-cb8d-7b0e12283f64">
      <Execution id="f35350af-15cf-4514-835c-0cf5ce8c5dd4" />
      <TestMethod codeBase="D:\actions-runner\_work\XPCO\XPCO\Corporate\CommonAPI\VideoOS.Management.VmoClient.UnitTests\bin\Debug\net472\VideoOS.Management.VmoClient.UnitTests.dll" adapterTypeName="executor://mstestadapter/v2" className="VideoOS.Management.VmoClient.UnitTests.SiteConnectorTest" name="GetSiteConnection_Windows_GivenOauthSiteVersion_ShouldExecuteOauthFlow" />
    </UnitTest>
    <UnitTest name="MarkedData_Update_Success" storage="d:\actions-runner\_work\xpco\xpco\corporate\commonapi\videoos.management.vmoclient.unittests\bin\debug\net472\videoos.management.vmoclient.unittests.dll" id="7f79b5d5-b81f-6e95-52cd-d60a51ecbad9">
      <Execution id="5a56cc05-0180-4220-9914-e115c968db4b" />
      <TestMethod codeBase="D:\actions-runner\_work\XPCO\XPCO\Corporate\CommonAPI\VideoOS.Management.VmoClient.UnitTests\bin\Debug\net472\VideoOS.Management.VmoClient.UnitTests.dll" adapterTypeName="executor://mstestadapter/v2" className="VideoOS.Management.VmoClient.UnitTests.MarkedDataTest" name="MarkedData_Update_Success" />
    </UnitTest>
    <UnitTest name="Role_Add_Basic_User_Member_Check_Null" storage="d:\actions-runner\_work\xpco\xpco\corporate\commonapi\videoos.management.vmoclient.unittests\bin\debug\net472\videoos.management.vmoclient.unittests.dll" id="9dc2f839-86a3-d3c2-71cd-8f639f6b00a4">
      <Execution id="0a531170-31a9-44f6-ad56-655f2fecbc1a" />
      <TestMethod codeBase="D:\actions-runner\_work\XPCO\XPCO\Corporate\CommonAPI\VideoOS.Management.VmoClient.UnitTests\bin\Debug\net472\VideoOS.Management.VmoClient.UnitTests.dll" adapterTypeName="executor://mstestadapter/v2" className="VideoOS.Management.VmoClient.UnitTests.RoleTest" name="Role_Add_Basic_User_Member_Check_Null" />
    </UnitTest>
    <UnitTest name="FailoverServer_Repository_Registered" storage="d:\actions-runner\_work\xpco\xpco\corporate\commonapi\videoos.management.vmoclient.unittests\bin\debug\net472\videoos.management.vmoclient.unittests.dll" id="e27dd799-5251-d044-8121-fa542199b541">
      <Execution id="d180b8b4-e4ff-489f-992b-2959bfe90703" />
      <TestMethod codeBase="D:\actions-runner\_work\XPCO\XPCO\Corporate\CommonAPI\VideoOS.Management.VmoClient.UnitTests\bin\Debug\net472\VideoOS.Management.VmoClient.UnitTests.dll" adapterTypeName="executor://mstestadapter/v2" className="VideoOS.Management.VmoClient.UnitTests.FailoverServerTest" name="FailoverServer_Repository_Registered" />
    </UnitTest>
    <UnitTest name="TaskDeleteIdpUser_Refresh_Success" storage="d:\actions-runner\_work\xpco\xpco\corporate\commonapi\videoos.management.vmoclient.unittests\bin\debug\net472\videoos.management.vmoclient.unittests.dll" id="96d5500d-c84d-e9d1-9989-81ab8d34a29e">
      <Execution id="7b9d15b8-8443-4c61-b8fc-78d60e4e94ca" />
      <TestMethod codeBase="D:\actions-runner\_work\XPCO\XPCO\Corporate\CommonAPI\VideoOS.Management.VmoClient.UnitTests\bin\Debug\net472\VideoOS.Management.VmoClient.UnitTests.dll" adapterTypeName="executor://mstestadapter/v2" className="VideoOS.Management.VmoClient.UnitTests.TaskDeleteIdpUserTest" name="TaskDeleteIdpUser_Refresh_Success" />
    </UnitTest>
    <UnitTest name="MIPDeviceEvent_Refresh_Success" storage="d:\actions-runner\_work\xpco\xpco\corporate\commonapi\videoos.management.vmoclient.unittests\bin\debug\net472\videoos.management.vmoclient.unittests.dll" id="f9a2b92a-d1c8-03c1-1004-54d544c6ff74">
      <Execution id="4b806a88-75fd-4ce3-8093-dc5c4f352509" />
      <TestMethod codeBase="D:\actions-runner\_work\XPCO\XPCO\Corporate\CommonAPI\VideoOS.Management.VmoClient.UnitTests\bin\Debug\net472\VideoOS.Management.VmoClient.UnitTests.dll" adapterTypeName="executor://mstestadapter/v2" className="VideoOS.Management.VmoClient.UnitTests.MIPDeviceEventTest" name="MIPDeviceEvent_Refresh_Success" />
    </UnitTest>
    <UnitTest name="InputDeviceGroup_Refresh_Failed" storage="d:\actions-runner\_work\xpco\xpco\corporate\commonapi\videoos.management.vmoclient.unittests\bin\debug\net472\videoos.management.vmoclient.unittests.dll" id="c01094ff-8b8e-79ac-7234-50131d524627">
      <Execution id="219cfbbb-b231-4777-bc9f-830d91847df1" />
      <TestMethod codeBase="D:\actions-runner\_work\XPCO\XPCO\Corporate\CommonAPI\VideoOS.Management.VmoClient.UnitTests\bin\Debug\net472\VideoOS.Management.VmoClient.UnitTests.dll" adapterTypeName="executor://mstestadapter/v2" className="VideoOS.Management.VmoClient.UnitTests.DeviceGroupTest" name="InputDeviceGroup_Refresh_Failed" />
    </UnitTest>
    <UnitTest name="Construct_InvalidParam_ISiteConnectionInfoTokenExchange_Null_Throws_ArgumentNullException" storage="d:\actions-runner\_work\xpco\xpco\corporate\commonapi\videoos.management.vmoclient.unittests\bin\debug\net472\videoos.management.vmoclient.unittests.dll" id="b3723662-aaa9-a79e-aed2-f54da002b392">
      <TestCategory>
        <TestCategoryItem TestCategory="Vmo Site Connection Tests" />
      </TestCategory>
      <Execution id="dac8d68d-b8ba-4997-b643-e688edfc02bd" />
      <TestMethod codeBase="D:\actions-runner\_work\XPCO\XPCO\Corporate\CommonAPI\VideoOS.Management.VmoClient.UnitTests\bin\Debug\net472\VideoOS.Management.VmoClient.UnitTests.dll" adapterTypeName="executor://mstestadapter/v2" className="VideoOS.Management.VmoClient.UnitTests.Connection.SiteConnectionInfoTests" name="Construct_InvalidParam_ISiteConnectionInfoTokenExchange_Null_Throws_ArgumentNullException" />
    </UnitTest>
    <UnitTest name="SystemDashboardConfiguration_Create_CheckVersionCalled" storage="d:\actions-runner\_work\xpco\xpco\corporate\commonapi\videoos.management.vmoclient.unittests\bin\debug\net472\videoos.management.vmoclient.unittests.dll" id="48484679-1803-a931-3e10-bbde51565c4b">
      <Execution id="0508943e-d8a2-4a27-8342-44e3af843974" />
      <TestMethod codeBase="D:\actions-runner\_work\XPCO\XPCO\Corporate\CommonAPI\VideoOS.Management.VmoClient.UnitTests\bin\Debug\net472\VideoOS.Management.VmoClient.UnitTests.dll" adapterTypeName="executor://mstestadapter/v2" className="VideoOS.Management.VmoClient.UnitTests.SystemDashboardConfigTest" name="SystemDashboardConfiguration_Create_CheckVersionCalled" />
    </UnitTest>
    <UnitTest name="PublicViewGroup_ConstructorWithParent_DefaultValuesCorrect" storage="d:\actions-runner\_work\xpco\xpco\corporate\commonapi\videoos.management.vmoclient.unittests\bin\debug\net472\videoos.management.vmoclient.unittests.dll" id="eddbc32c-5ae9-6e27-1da2-1af9dc211e1d">
      <Execution id="e67a33aa-5060-4cc6-8aa6-cfb88fdd4ae5" />
      <TestMethod codeBase="D:\actions-runner\_work\XPCO\XPCO\Corporate\CommonAPI\VideoOS.Management.VmoClient.UnitTests\bin\Debug\net472\VideoOS.Management.VmoClient.UnitTests.dll" adapterTypeName="executor://mstestadapter/v2" className="VideoOS.Management.VmoClient.UnitTests.PublicViewGroupTest" name="PublicViewGroup_ConstructorWithParent_DefaultValuesCorrect" />
    </UnitTest>
    <UnitTest name="Monitor_ActivateCamerasWithLayout_ApplyCamerasAndLayoutToMonitorViewCalled" storage="d:\actions-runner\_work\xpco\xpco\corporate\commonapi\videoos.management.vmoclient.unittests\bin\debug\net472\videoos.management.vmoclient.unittests.dll" id="e13b8db9-dc87-e9c1-3e6a-5c36a8c2318f">
      <Execution id="51102e85-d6a6-4183-98bb-128c13a9331a" />
      <TestMethod codeBase="D:\actions-runner\_work\XPCO\XPCO\Corporate\CommonAPI\VideoOS.Management.VmoClient.UnitTests\bin\Debug\net472\VideoOS.Management.VmoClient.UnitTests.dll" adapterTypeName="executor://mstestadapter/v2" className="VideoOS.Management.VmoClient.UnitTests.MonitorTest" name="Monitor_ActivateCamerasWithLayout_ApplyCamerasAndLayoutToMonitorViewCalled" />
    </UnitTest>
    <UnitTest name="ServerConnection_Constructor_Null_Argument_serverName2" storage="d:\actions-runner\_work\xpco\xpco\corporate\commonapi\videoos.management.vmoclient.unittests\bin\debug\net472\videoos.management.vmoclient.unittests.dll" id="d83cffc9-2dc1-227b-0dd2-716cea056551">
      <TestCategory>
        <TestCategoryItem TestCategory="Vmo Site Connection Tests" />
      </TestCategory>
      <Execution id="0c5e4d96-daa3-43aa-899c-15517854cd36" />
      <TestMethod codeBase="D:\actions-runner\_work\XPCO\XPCO\Corporate\CommonAPI\VideoOS.Management.VmoClient.UnitTests\bin\Debug\net472\VideoOS.Management.VmoClient.UnitTests.dll" adapterTypeName="executor://mstestadapter/v2" className="VideoOS.Management.VmoClient.UnitTests.Connection.ServerConnectionTest" name="ServerConnection_Constructor_Null_Argument_serverName2" />
    </UnitTest>
    <UnitTest name="PatrollingProfile_InsertStepLast_Create_PatrollingStep_With_WaitTime" storage="d:\actions-runner\_work\xpco\xpco\corporate\commonapi\videoos.management.vmoclient.unittests\bin\debug\net472\videoos.management.vmoclient.unittests.dll" id="d56df8d1-b4dd-66b8-e573-75c4fe9c07e2">
      <TestCategory>
        <TestCategoryItem TestCategory="Patrolling Profile" />
      </TestCategory>
      <Execution id="79dd95c1-e39f-47ea-8b45-1a8cbd15b6d2" />
      <TestMethod codeBase="D:\actions-runner\_work\XPCO\XPCO\Corporate\CommonAPI\VideoOS.Management.VmoClient.UnitTests\bin\Debug\net472\VideoOS.Management.VmoClient.UnitTests.dll" adapterTypeName="executor://mstestadapter/v2" className="VideoOS.Management.VmoClient.UnitTests.PatrollingProfileTest" name="PatrollingProfile_InsertStepLast_Create_PatrollingStep_With_WaitTime" />
    </UnitTest>
    <UnitTest name="Construct_InvalidParam_IClientTokenSettings_Null_Throws_ArgumentNullException" storage="d:\actions-runner\_work\xpco\xpco\corporate\commonapi\videoos.management.vmoclient.unittests\bin\debug\net472\videoos.management.vmoclient.unittests.dll" id="9b2afd55-c02b-e416-db3f-24907f14c47d">
      <TestCategory>
        <TestCategoryItem TestCategory="Vmo Site Connection Tests" />
      </TestCategory>
      <Execution id="a87702a7-3921-4fbc-9bf1-d4507750d23d" />
      <TestMethod codeBase="D:\actions-runner\_work\XPCO\XPCO\Corporate\CommonAPI\VideoOS.Management.VmoClient.UnitTests\bin\Debug\net472\VideoOS.Management.VmoClient.UnitTests.dll" adapterTypeName="executor://mstestadapter/v2" className="VideoOS.Management.VmoClient.UnitTests.Connection.SiteConnectorFactoryTests" name="Construct_InvalidParam_IClientTokenSettings_Null_Throws_ArgumentNullException" />
    </UnitTest>
    <UnitTest name="RecordingStorage_DisableEncryption_Success" storage="d:\actions-runner\_work\xpco\xpco\corporate\commonapi\videoos.management.vmoclient.unittests\bin\debug\net472\videoos.management.vmoclient.unittests.dll" id="3df92da4-13c2-77c3-4f95-4187fe50fc93">
      <Execution id="4482e438-bd80-441a-935e-d4f181233d77" />
      <TestMethod codeBase="D:\actions-runner\_work\XPCO\XPCO\Corporate\CommonAPI\VideoOS.Management.VmoClient.UnitTests\bin\Debug\net472\VideoOS.Management.VmoClient.UnitTests.dll" adapterTypeName="executor://mstestadapter/v2" className="VideoOS.Management.VmoClient.UnitTests.RecordingStorageTest" name="RecordingStorage_DisableEncryption_Success" />
    </UnitTest>
    <UnitTest name="ManagementServer_CreateReference_ArgumentException_DeviceDeleted" storage="d:\actions-runner\_work\xpco\xpco\corporate\commonapi\videoos.management.vmoclient.unittests\bin\debug\net472\videoos.management.vmoclient.unittests.dll" id="d2131bb2-ad92-b7d1-d3a3-b98c60e9ed91">
      <Execution id="8dd2cca6-a254-436a-9f78-7f6a5be485e7" />
      <TestMethod codeBase="D:\actions-runner\_work\XPCO\XPCO\Corporate\CommonAPI\VideoOS.Management.VmoClient.UnitTests\bin\Debug\net472\VideoOS.Management.VmoClient.UnitTests.dll" adapterTypeName="executor://mstestadapter/v2" className="VideoOS.Management.VmoClient.UnitTests.ManagementServerTest" name="ManagementServer_CreateReference_ArgumentException_DeviceDeleted" />
    </UnitTest>
    <UnitTest name="Role_Refresh_Success" storage="d:\actions-runner\_work\xpco\xpco\corporate\commonapi\videoos.management.vmoclient.unittests\bin\debug\net472\videoos.management.vmoclient.unittests.dll" id="31f79dc2-9bca-ec9b-2795-435b2b714967">
      <Execution id="a7c959c5-1490-47e6-b9f1-c5e0bc658efa" />
      <TestMethod codeBase="D:\actions-runner\_work\XPCO\XPCO\Corporate\CommonAPI\VideoOS.Management.VmoClient.UnitTests\bin\Debug\net472\VideoOS.Management.VmoClient.UnitTests.dll" adapterTypeName="executor://mstestadapter/v2" className="VideoOS.Management.VmoClient.UnitTests.RoleTest" name="Role_Refresh_Success" />
    </UnitTest>
    <UnitTest name="TryGetPropertyValue_Enum_NotExist_ReturnsDefaultValue" storage="d:\actions-runner\_work\xpco\xpco\corporate\commonapi\videoos.management.vmoclient.unittests\bin\debug\net472\videoos.management.vmoclient.unittests.dll" id="197237f7-590e-67dd-1857-7966b8744641">
      <Execution id="4c824881-6198-4eb4-868b-661614d373cf" />
      <TestMethod codeBase="D:\actions-runner\_work\XPCO\XPCO\Corporate\CommonAPI\VideoOS.Management.VmoClient.UnitTests\bin\Debug\net472\VideoOS.Management.VmoClient.UnitTests.dll" adapterTypeName="executor://mstestadapter/v2" className="VideoOS.Management.VmoClient.UnitTests.Framework.VmoPropertyCollectionTest" name="TryGetPropertyValue_Enum_NotExist_ReturnsDefaultValue" />
    </UnitTest>
    <UnitTest name="RuleSource_Delete_CheckVersionCalled" storage="d:\actions-runner\_work\xpco\xpco\corporate\commonapi\videoos.management.vmoclient.unittests\bin\debug\net472\videoos.management.vmoclient.unittests.dll" id="2c74afdc-bea1-9c06-212b-c70212a9f1d4">
      <Execution id="053f844d-7d47-44ba-9178-e70886baf1a9" />
      <TestMethod codeBase="D:\actions-runner\_work\XPCO\XPCO\Corporate\CommonAPI\VideoOS.Management.VmoClient.UnitTests\bin\Debug\net472\VideoOS.Management.VmoClient.UnitTests.dll" adapterTypeName="executor://mstestadapter/v2" className="VideoOS.Management.VmoClient.UnitTests.RuleSourceTest" name="RuleSource_Delete_CheckVersionCalled" />
    </UnitTest>
    <UnitTest name="RetentionOptionRoleRelation_Delete_CheckVersionCalled" storage="d:\actions-runner\_work\xpco\xpco\corporate\commonapi\videoos.management.vmoclient.unittests\bin\debug\net472\videoos.management.vmoclient.unittests.dll" id="51e6c5f4-f402-0d0d-7b84-4f05983bcacd">
      <Execution id="d8e6ae7e-c212-4b30-9e28-8aaf900c9739" />
      <TestMethod codeBase="D:\actions-runner\_work\XPCO\XPCO\Corporate\CommonAPI\VideoOS.Management.VmoClient.UnitTests\bin\Debug\net472\VideoOS.Management.VmoClient.UnitTests.dll" adapterTypeName="executor://mstestadapter/v2" className="VideoOS.Management.VmoClient.UnitTests.RetentionOptionRoleRelationTest" name="RetentionOptionRoleRelation_Delete_CheckVersionCalled" />
    </UnitTest>
    <UnitTest name="ExceptionConverter_GetConnectionConvertedException_ServerTooBusyException" storage="d:\actions-runner\_work\xpco\xpco\corporate\commonapi\videoos.management.vmoclient.unittests\bin\debug\net472\videoos.management.vmoclient.unittests.dll" id="35b84984-78cf-6bdf-2214-b04c09db7bfa">
      <Execution id="94e589f3-33bc-4b7b-b9d9-99d5380aa9db" />
      <TestMethod codeBase="D:\actions-runner\_work\XPCO\XPCO\Corporate\CommonAPI\VideoOS.Management.VmoClient.UnitTests\bin\Debug\net472\VideoOS.Management.VmoClient.UnitTests.dll" adapterTypeName="executor://mstestadapter/v2" className="VideoOS.Management.VmoClient.UnitTests.Utils.ExceptionConverterTest" name="ExceptionConverter_GetConnectionConvertedException_ServerTooBusyException" />
    </UnitTest>
    <UnitTest name="ServerConnection_Constructor_TokenCache_Success_ServerAddress" storage="d:\actions-runner\_work\xpco\xpco\corporate\commonapi\videoos.management.vmoclient.unittests\bin\debug\net472\videoos.management.vmoclient.unittests.dll" id="224d534a-c7ce-6b8e-cecf-4848b863b783">
      <TestCategory>
        <TestCategoryItem TestCategory="Vmo Site Connection Tests" />
      </TestCategory>
      <Execution id="81622690-73ca-48c1-bd7e-2ce6b2dc06be" />
      <TestMethod codeBase="D:\actions-runner\_work\XPCO\XPCO\Corporate\CommonAPI\VideoOS.Management.VmoClient.UnitTests\bin\Debug\net472\VideoOS.Management.VmoClient.UnitTests.dll" adapterTypeName="executor://mstestadapter/v2" className="VideoOS.Management.VmoClient.UnitTests.Connection.ServerConnectionTest" name="ServerConnection_Constructor_TokenCache_Success_ServerAddress" />
    </UnitTest>
    <UnitTest name="Contains_GivenSiteId_ShouldSuccess" storage="d:\actions-runner\_work\xpco\xpco\corporate\commonapi\videoos.management.vmoclient.unittests\bin\debug\net472\videoos.management.vmoclient.unittests.dll" id="7f6db608-8c47-4d83-9b48-007bb299c7ea">
      <Execution id="630d9626-dc1a-47e3-9aea-21934c60571e" />
      <TestMethod codeBase="D:\actions-runner\_work\XPCO\XPCO\Corporate\CommonAPI\VideoOS.Management.VmoClient.UnitTests\bin\Debug\net472\VideoOS.Management.VmoClient.UnitTests.dll" adapterTypeName="executor://mstestadapter/v2" className="VideoOS.Management.VmoClient.UnitTests.SiteTokenCacheStoreTests" name="Contains_GivenSiteId_ShouldSuccess" />
    </UnitTest>
    <UnitTest name="GetUserDomainNameOrEmpty_NullDomainValidUser_ReturnsUsername" storage="d:\actions-runner\_work\xpco\xpco\corporate\commonapi\videoos.management.vmoclient.unittests\bin\debug\net472\videoos.management.vmoclient.unittests.dll" id="4285fd6d-70cc-5c54-5511-75da11b36e5d">
      <Execution id="bd0af92a-dc98-483a-bf9c-c12b4a6fde95" />
      <TestMethod codeBase="D:\actions-runner\_work\XPCO\XPCO\Corporate\CommonAPI\VideoOS.Management.VmoClient.UnitTests\bin\Debug\net472\VideoOS.Management.VmoClient.UnitTests.dll" adapterTypeName="executor://mstestadapter/v2" className="VideoOS.Management.VmoClient.UnitTests.SiteConnectorTest" name="GetUserDomainNameOrEmpty_NullDomainValidUser_ReturnsUsername" />
    </UnitTest>
    <UnitTest name="FailoverServer_Constructor_DefaultValuesCorrect" storage="d:\actions-runner\_work\xpco\xpco\corporate\commonapi\videoos.management.vmoclient.unittests\bin\debug\net472\videoos.management.vmoclient.unittests.dll" id="41552e2f-c955-e627-479f-7829b8de2b6c">
      <Execution id="8d2ba996-ec6a-4ba2-aa41-208cdb0ad293" />
      <TestMethod codeBase="D:\actions-runner\_work\XPCO\XPCO\Corporate\CommonAPI\VideoOS.Management.VmoClient.UnitTests\bin\Debug\net472\VideoOS.Management.VmoClient.UnitTests.dll" adapterTypeName="executor://mstestadapter/v2" className="VideoOS.Management.VmoClient.UnitTests.FailoverServerTest" name="FailoverServer_Constructor_DefaultValuesCorrect" />
    </UnitTest>
    <UnitTest name="PerformanceStateRuleConfiguration_Delete_CheckVersionCalled" storage="d:\actions-runner\_work\xpco\xpco\corporate\commonapi\videoos.management.vmoclient.unittests\bin\debug\net472\videoos.management.vmoclient.unittests.dll" id="11c49146-971a-8022-58c8-ad28e7cf0573">
      <Execution id="11534b1f-a54e-45c6-8661-1b42aea11ec3" />
      <TestMethod codeBase="D:\actions-runner\_work\XPCO\XPCO\Corporate\CommonAPI\VideoOS.Management.VmoClient.UnitTests\bin\Debug\net472\VideoOS.Management.VmoClient.UnitTests.dll" adapterTypeName="executor://mstestadapter/v2" className="VideoOS.Management.VmoClient.UnitTests.PerformanceStateRuleConfigTest" name="PerformanceStateRuleConfiguration_Delete_CheckVersionCalled" />
    </UnitTest>
    <UnitTest name="TrustedIssuer_Repository_Registered" storage="d:\actions-runner\_work\xpco\xpco\corporate\commonapi\videoos.management.vmoclient.unittests\bin\debug\net472\videoos.management.vmoclient.unittests.dll" id="6a5b4741-e6cb-bd09-2b79-ec90fc784e12">
      <Execution id="8cc06dac-c47c-4c50-8ba7-dd4d93c491fd" />
      <TestMethod codeBase="D:\actions-runner\_work\XPCO\XPCO\Corporate\CommonAPI\VideoOS.Management.VmoClient.UnitTests\bin\Debug\net472\VideoOS.Management.VmoClient.UnitTests.dll" adapterTypeName="executor://mstestadapter/v2" className="VideoOS.Management.VmoClient.UnitTests.TrustedIssuerTest" name="TrustedIssuer_Repository_Registered" />
    </UnitTest>
    <UnitTest name="SystemDashboardConfigurationuration_Update_CheckVersionCalled" storage="d:\actions-runner\_work\xpco\xpco\corporate\commonapi\videoos.management.vmoclient.unittests\bin\debug\net472\videoos.management.vmoclient.unittests.dll" id="75fbe025-64e2-7254-74f6-abca888227d1">
      <Execution id="ca80ee61-6aff-4cd1-8cc9-8d19de9d37a4" />
      <TestMethod codeBase="D:\actions-runner\_work\XPCO\XPCO\Corporate\CommonAPI\VideoOS.Management.VmoClient.UnitTests\bin\Debug\net472\VideoOS.Management.VmoClient.UnitTests.dll" adapterTypeName="executor://mstestadapter/v2" className="VideoOS.Management.VmoClient.UnitTests.SystemDashboardConfigTest" name="SystemDashboardConfigurationuration_Update_CheckVersionCalled" />
    </UnitTest>
    <UnitTest name="GetSiteConnection_Windows_GivenLegacySiteVersion_ShouldExecuteLegacyFlow" storage="d:\actions-runner\_work\xpco\xpco\corporate\commonapi\videoos.management.vmoclient.unittests\bin\debug\net472\videoos.management.vmoclient.unittests.dll" id="894802e4-a232-e078-bf9e-8dc2e44887a3">
      <Execution id="9b1626fd-613a-4a65-864d-1ba87865b670" />
      <TestMethod codeBase="D:\actions-runner\_work\XPCO\XPCO\Corporate\CommonAPI\VideoOS.Management.VmoClient.UnitTests\bin\Debug\net472\VideoOS.Management.VmoClient.UnitTests.dll" adapterTypeName="executor://mstestadapter/v2" className="VideoOS.Management.VmoClient.UnitTests.SiteConnectorTest" name="GetSiteConnection_Windows_GivenLegacySiteVersion_ShouldExecuteLegacyFlow" />
    </UnitTest>
    <UnitTest name="GenericRepositoryTestRefreshObjectNoResultFromServer" storage="d:\actions-runner\_work\xpco\xpco\corporate\commonapi\videoos.management.vmoclient.unittests\bin\debug\net472\videoos.management.vmoclient.unittests.dll" id="8434aa07-b153-cfc3-0803-deaef20fe631">
      <Execution id="b0362d45-31b1-4c3b-8240-e3d59b9541c7" />
      <TestMethod codeBase="D:\actions-runner\_work\XPCO\XPCO\Corporate\CommonAPI\VideoOS.Management.VmoClient.UnitTests\bin\Debug\net472\VideoOS.Management.VmoClient.UnitTests.dll" adapterTypeName="executor://mstestadapter/v2" className="VideoOS.Management.VmoClient.UnitTests.GenericRepositoryTest" name="GenericRepositoryTestRefreshObjectNoResultFromServer" />
    </UnitTest>
    <UnitTest name="Grid_SetRegionYBelowValid_Exception" storage="d:\actions-runner\_work\xpco\xpco\corporate\commonapi\videoos.management.vmoclient.unittests\bin\debug\net472\videoos.management.vmoclient.unittests.dll" id="5373db25-0e0f-9f54-026a-a5838164bd0a">
      <TestCategory>
        <TestCategoryItem TestCategory="Grid" />
      </TestCategory>
      <Execution id="2a97d79c-6076-4dc9-b8a5-1a06501f76f1" />
      <TestMethod codeBase="D:\actions-runner\_work\XPCO\XPCO\Corporate\CommonAPI\VideoOS.Management.VmoClient.UnitTests\bin\Debug\net472\VideoOS.Management.VmoClient.UnitTests.dll" adapterTypeName="executor://mstestadapter/v2" className="VideoOS.Management.VmoClient.UnitTests.GridTest" name="Grid_SetRegionYBelowValid_Exception" />
    </UnitTest>
    <UnitTest name="RecordingStorage_Move_Storage_Success" storage="d:\actions-runner\_work\xpco\xpco\corporate\commonapi\videoos.management.vmoclient.unittests\bin\debug\net472\videoos.management.vmoclient.unittests.dll" id="b4b2ce78-ea17-2c67-91b1-d5289405da01">
      <Execution id="c3e3f0a7-3fa5-435e-a995-2e1fe9c3a0ee" />
      <TestMethod codeBase="D:\actions-runner\_work\XPCO\XPCO\Corporate\CommonAPI\VideoOS.Management.VmoClient.UnitTests\bin\Debug\net472\VideoOS.Management.VmoClient.UnitTests.dll" adapterTypeName="executor://mstestadapter/v2" className="VideoOS.Management.VmoClient.UnitTests.RecordingStorageTest" name="RecordingStorage_Move_Storage_Success" />
    </UnitTest>
    <UnitTest name="AddAddressesWithInvalidScheme_GivenInvalidAddressOnly_ShouldReturnFail" storage="d:\actions-runner\_work\xpco\xpco\corporate\commonapi\videoos.management.vmoclient.unittests\bin\debug\net472\videoos.management.vmoclient.unittests.dll" id="6ac14754-ba3b-e9e4-7cf6-f99baa850490">
      <Execution id="d1848bd7-ca04-4f68-829b-5a607eb9e12b" />
      <TestMethod codeBase="D:\actions-runner\_work\XPCO\XPCO\Corporate\CommonAPI\VideoOS.Management.VmoClient.UnitTests\bin\Debug\net472\VideoOS.Management.VmoClient.UnitTests.dll" adapterTypeName="executor://mstestadapter/v2" className="VideoOS.Management.VmoClient.UnitTests.SiteConnectorResultBuilderTests" name="AddAddressesWithInvalidScheme_GivenInvalidAddressOnly_ShouldReturnFail" />
    </UnitTest>
    <UnitTest name="Constructor_NullSiteIdpConnector_Throws" storage="d:\actions-runner\_work\xpco\xpco\corporate\commonapi\videoos.management.vmoclient.unittests\bin\debug\net472\videoos.management.vmoclient.unittests.dll" id="e91a2775-b182-a50c-7252-43091e065330">
      <TestCategory>
        <TestCategoryItem TestCategory="Vmo Site Connection Tests" />
      </TestCategory>
      <Execution id="a5badbdb-14b0-4bc6-ba53-5a3785c5cc36" />
      <TestMethod codeBase="D:\actions-runner\_work\XPCO\XPCO\Corporate\CommonAPI\VideoOS.Management.VmoClient.UnitTests\bin\Debug\net472\VideoOS.Management.VmoClient.UnitTests.dll" adapterTypeName="executor://mstestadapter/v2" className="VideoOS.Management.VmoClient.UnitTests.SiteConnectorOAuthTest" name="Constructor_NullSiteIdpConnector_Throws" />
    </UnitTest>
    <UnitTest name="PerformanceStateRuleConfiguration_IsDirty_Success" storage="d:\actions-runner\_work\xpco\xpco\corporate\commonapi\videoos.management.vmoclient.unittests\bin\debug\net472\videoos.management.vmoclient.unittests.dll" id="6215978e-7b5d-4ed4-2e61-1f34c5a3a86a">
      <Execution id="b2f68d9b-1203-4038-ae04-d346b7fecc79" />
      <TestMethod codeBase="D:\actions-runner\_work\XPCO\XPCO\Corporate\CommonAPI\VideoOS.Management.VmoClient.UnitTests\bin\Debug\net472\VideoOS.Management.VmoClient.UnitTests.dll" adapterTypeName="executor://mstestadapter/v2" className="VideoOS.Management.VmoClient.UnitTests.PerformanceStateRuleConfigTest" name="PerformanceStateRuleConfiguration_IsDirty_Success" />
    </UnitTest>
    <UnitTest name="Role_Add_Member_Check_Null_Name" storage="d:\actions-runner\_work\xpco\xpco\corporate\commonapi\videoos.management.vmoclient.unittests\bin\debug\net472\videoos.management.vmoclient.unittests.dll" id="92d0f24d-161a-5161-4318-378530da0fea">
      <Execution id="ebda143f-ab43-45e7-b5a6-a460dc011564" />
      <TestMethod codeBase="D:\actions-runner\_work\XPCO\XPCO\Corporate\CommonAPI\VideoOS.Management.VmoClient.UnitTests\bin\Debug\net472\VideoOS.Management.VmoClient.UnitTests.dll" adapterTypeName="executor://mstestadapter/v2" className="VideoOS.Management.VmoClient.UnitTests.RoleTest" name="Role_Add_Member_Check_Null_Name" />
    </UnitTest>
    <UnitTest name="Contains_GivenAnyConfiguredAddressAndConnectedSite_ShouldSuccess" storage="d:\actions-runner\_work\xpco\xpco\corporate\commonapi\videoos.management.vmoclient.unittests\bin\debug\net472\videoos.management.vmoclient.unittests.dll" id="636c8cf1-44d5-1cf4-3a85-1d64e2d2ce55">
      <Execution id="b8812d27-83ee-4094-8c40-2d577363a6aa" />
      <TestMethod codeBase="D:\actions-runner\_work\XPCO\XPCO\Corporate\CommonAPI\VideoOS.Management.VmoClient.UnitTests\bin\Debug\net472\VideoOS.Management.VmoClient.UnitTests.dll" adapterTypeName="executor://mstestadapter/v2" className="VideoOS.Management.VmoClient.UnitTests.SiteTokenCacheStoreTests" name="Contains_GivenAnyConfiguredAddressAndConnectedSite_ShouldSuccess" />
    </UnitTest>
    <UnitTest name="RecordingStorage_Get_Using_Devices_Failed_Not_Supported" storage="d:\actions-runner\_work\xpco\xpco\corporate\commonapi\videoos.management.vmoclient.unittests\bin\debug\net472\videoos.management.vmoclient.unittests.dll" id="4adbe814-547b-0771-4a5e-b3225b955797">
      <Execution id="d315b10d-9007-4fa9-8b99-a7fcc2a28180" />
      <TestMethod codeBase="D:\actions-runner\_work\XPCO\XPCO\Corporate\CommonAPI\VideoOS.Management.VmoClient.UnitTests\bin\Debug\net472\VideoOS.Management.VmoClient.UnitTests.dll" adapterTypeName="executor://mstestadapter/v2" className="VideoOS.Management.VmoClient.UnitTests.RecordingStorageTest" name="RecordingStorage_Get_Using_Devices_Failed_Not_Supported" />
    </UnitTest>
    <UnitTest name="ResolveUICulture_ReturnThreadCurrentUICulture_WhenCurrentUICultureNotSet" storage="d:\actions-runner\_work\xpco\xpco\corporate\commonapi\videoos.management.vmoclient.unittests\bin\debug\net472\videoos.management.vmoclient.unittests.dll" id="31fa5d0d-5e74-d1c8-d0a2-8911646c8331">
      <Execution id="938f79eb-3b55-4af0-b8e1-0680e76e1557" />
      <TestMethod codeBase="D:\actions-runner\_work\XPCO\XPCO\Corporate\CommonAPI\VideoOS.Management.VmoClient.UnitTests\bin\Debug\net472\VideoOS.Management.VmoClient.UnitTests.dll" adapterTypeName="executor://mstestadapter/v2" className="VideoOS.Management.VmoClient.UnitTests.VmoClientEnvironmentUnitTests" name="ResolveUICulture_ReturnThreadCurrentUICulture_WhenCurrentUICultureNotSet" />
    </UnitTest>
    <UnitTest name="Construct_Credentials_InvalidParam_Credentials_Null_Throws_ArgumentNullException" storage="d:\actions-runner\_work\xpco\xpco\corporate\commonapi\videoos.management.vmoclient.unittests\bin\debug\net472\videoos.management.vmoclient.unittests.dll" id="080dfb13-5944-cd0b-e84c-37ce02f84942">
      <TestCategory>
        <TestCategoryItem TestCategory="Vmo Site Connection Tests" />
      </TestCategory>
      <Execution id="9817571a-a5af-4c38-8d5d-7e42273ae8e9" />
      <TestMethod codeBase="D:\actions-runner\_work\XPCO\XPCO\Corporate\CommonAPI\VideoOS.Management.VmoClient.UnitTests\bin\Debug\net472\VideoOS.Management.VmoClient.UnitTests.dll" adapterTypeName="executor://mstestadapter/v2" className="VideoOS.Management.VmoClient.UnitTests.Connection.SiteConnectionInfoWindowsTests" name="Construct_Credentials_InvalidParam_Credentials_Null_Throws_ArgumentNullException" />
    </UnitTest>
    <UnitTest name="SystemDashboardConfigurationuration_Refresh_Success" storage="d:\actions-runner\_work\xpco\xpco\corporate\commonapi\videoos.management.vmoclient.unittests\bin\debug\net472\videoos.management.vmoclient.unittests.dll" id="592f1381-1b1e-d339-7eb0-253d41ee0dc5">
      <Execution id="53a91c3b-464d-406a-b0ff-a709e11d52d4" />
      <TestMethod codeBase="D:\actions-runner\_work\XPCO\XPCO\Corporate\CommonAPI\VideoOS.Management.VmoClient.UnitTests\bin\Debug\net472\VideoOS.Management.VmoClient.UnitTests.dll" adapterTypeName="executor://mstestadapter/v2" className="VideoOS.Management.VmoClient.UnitTests.SystemDashboardConfigTest" name="SystemDashboardConfigurationuration_Refresh_Success" />
    </UnitTest>
    <UnitTest name="TestGenericRepositoryFunctionsCanReturnByTypeAndByIds" storage="d:\actions-runner\_work\xpco\xpco\corporate\commonapi\videoos.management.vmoclient.unittests\bin\debug\net472\videoos.management.vmoclient.unittests.dll" id="b2785c08-75dc-57da-3386-935b0d2e5e99">
      <Execution id="42125a38-f224-47bf-8532-0967e9ecb4ec" />
      <TestMethod codeBase="D:\actions-runner\_work\XPCO\XPCO\Corporate\CommonAPI\VideoOS.Management.VmoClient.UnitTests\bin\Debug\net472\VideoOS.Management.VmoClient.UnitTests.dll" adapterTypeName="executor://mstestadapter/v2" className="VideoOS.Management.VmoClient.UnitTests.GenericRepositoryTest" name="TestGenericRepositoryFunctionsCanReturnByTypeAndByIds" />
    </UnitTest>
    <UnitTest name="Hardware_ReadPassword_Deleted_Throws" storage="d:\actions-runner\_work\xpco\xpco\corporate\commonapi\videoos.management.vmoclient.unittests\bin\debug\net472\videoos.management.vmoclient.unittests.dll" id="64aecdcb-21c2-1171-3222-86b25eba11ec">
      <Execution id="b1991a5f-7d65-4114-be57-b12e9825c4d5" />
      <TestMethod codeBase="D:\actions-runner\_work\XPCO\XPCO\Corporate\CommonAPI\VideoOS.Management.VmoClient.UnitTests\bin\Debug\net472\VideoOS.Management.VmoClient.UnitTests.dll" adapterTypeName="executor://mstestadapter/v2" className="VideoOS.Management.VmoClient.UnitTests.HardwareTest" name="Hardware_ReadPassword_Deleted_Throws" />
    </UnitTest>
    <UnitTest name="Hardware_Driver_Version_Construct_Interconnected_Product" storage="d:\actions-runner\_work\xpco\xpco\corporate\commonapi\videoos.management.vmoclient.unittests\bin\debug\net472\videoos.management.vmoclient.unittests.dll" id="70996f40-1fc9-1245-1717-ca1f3cbfb6ac">
      <Execution id="d60e1b1c-e632-49a6-8c01-21f375762eaf" />
      <TestMethod codeBase="D:\actions-runner\_work\XPCO\XPCO\Corporate\CommonAPI\VideoOS.Management.VmoClient.UnitTests\bin\Debug\net472\VideoOS.Management.VmoClient.UnitTests.dll" adapterTypeName="executor://mstestadapter/v2" className="VideoOS.Management.VmoClient.UnitTests.HardwareDriverVersionTest" name="Hardware_Driver_Version_Construct_Interconnected_Product" />
    </UnitTest>
    <UnitTest name="MIPEvent_Create_Success" storage="d:\actions-runner\_work\xpco\xpco\corporate\commonapi\videoos.management.vmoclient.unittests\bin\debug\net472\videoos.management.vmoclient.unittests.dll" id="c1c48864-8599-68e8-5d78-5aaae964fd46">
      <Execution id="9dde7bfd-fc99-4b63-8466-76c662095c81" />
      <TestMethod codeBase="D:\actions-runner\_work\XPCO\XPCO\Corporate\CommonAPI\VideoOS.Management.VmoClient.UnitTests\bin\Debug\net472\VideoOS.Management.VmoClient.UnitTests.dll" adapterTypeName="executor://mstestadapter/v2" className="VideoOS.Management.VmoClient.UnitTests.MIPEventTest" name="MIPEvent_Create_Success" />
    </UnitTest>
    <UnitTest name="AddSiteVersion_GivenIdpSupportedVersion_ShouldReturnFail" storage="d:\actions-runner\_work\xpco\xpco\corporate\commonapi\videoos.management.vmoclient.unittests\bin\debug\net472\videoos.management.vmoclient.unittests.dll" id="8695aac4-bad9-8a51-7f35-4933b6ca92ab">
      <Execution id="6b3d61bb-5c93-400e-bd51-e5a47bd23a4e" />
      <TestMethod codeBase="D:\actions-runner\_work\XPCO\XPCO\Corporate\CommonAPI\VideoOS.Management.VmoClient.UnitTests\bin\Debug\net472\VideoOS.Management.VmoClient.UnitTests.dll" adapterTypeName="executor://mstestadapter/v2" className="VideoOS.Management.VmoClient.UnitTests.SiteConnectorResultBuilderTests" name="AddSiteVersion_GivenIdpSupportedVersion_ShouldReturnFail" />
    </UnitTest>
    <UnitTest name="BasicOwnerInfo_Create_Success" storage="d:\actions-runner\_work\xpco\xpco\corporate\commonapi\videoos.management.vmoclient.unittests\bin\debug\net472\videoos.management.vmoclient.unittests.dll" id="52cda113-38e8-f06b-d5fa-4f71f6ad4b58">
      <Execution id="33e6b4ac-fb5a-41a0-8c4c-43a783ce7f99" />
      <TestMethod codeBase="D:\actions-runner\_work\XPCO\XPCO\Corporate\CommonAPI\VideoOS.Management.VmoClient.UnitTests\bin\Debug\net472\VideoOS.Management.VmoClient.UnitTests.dll" adapterTypeName="executor://mstestadapter/v2" className="VideoOS.Management.VmoClient.UnitTests.BasicOwnerInfoTest" name="BasicOwnerInfo_Create_Success" />
    </UnitTest>
    <UnitTest name="Grid_GridSizeChanged_ChangeEvent" storage="d:\actions-runner\_work\xpco\xpco\corporate\commonapi\videoos.management.vmoclient.unittests\bin\debug\net472\videoos.management.vmoclient.unittests.dll" id="0c64b581-38a4-caff-299e-f356f8d99811">
      <TestCategory>
        <TestCategoryItem TestCategory="Grid" />
      </TestCategory>
      <Execution id="413ea3b4-e0d8-4918-aa10-050adb78a7d6" />
      <TestMethod codeBase="D:\actions-runner\_work\XPCO\XPCO\Corporate\CommonAPI\VideoOS.Management.VmoClient.UnitTests\bin\Debug\net472\VideoOS.Management.VmoClient.UnitTests.dll" adapterTypeName="executor://mstestadapter/v2" className="VideoOS.Management.VmoClient.UnitTests.GridTest" name="Grid_GridSizeChanged_ChangeEvent" />
    </UnitTest>
    <UnitTest name="TaskSetEncryptionMethod_StartNew_Success" storage="d:\actions-runner\_work\xpco\xpco\corporate\commonapi\videoos.management.vmoclient.unittests\bin\debug\net472\videoos.management.vmoclient.unittests.dll" id="dd161ebe-5efc-a6b2-49d8-a26b980caef2">
      <Execution id="3cefb672-6821-4bdc-9bb2-b3aba364f965" />
      <TestMethod codeBase="D:\actions-runner\_work\XPCO\XPCO\Corporate\CommonAPI\VideoOS.Management.VmoClient.UnitTests\bin\Debug\net472\VideoOS.Management.VmoClient.UnitTests.dll" adapterTypeName="executor://mstestadapter/v2" className="VideoOS.Management.VmoClient.UnitTests.TaskSetEncryptionMethodTest" name="TaskSetEncryptionMethod_StartNew_Success" />
    </UnitTest>
    <UnitTest name="BasicUser_Constructor_Password_Null_Check" storage="d:\actions-runner\_work\xpco\xpco\corporate\commonapi\videoos.management.vmoclient.unittests\bin\debug\net472\videoos.management.vmoclient.unittests.dll" id="9f0df0f6-d02a-0b4b-fdc2-c46f08b92130">
      <Execution id="33ebc50d-7f89-4b6f-86e3-910c3ab742e1" />
      <TestMethod codeBase="D:\actions-runner\_work\XPCO\XPCO\Corporate\CommonAPI\VideoOS.Management.VmoClient.UnitTests\bin\Debug\net472\VideoOS.Management.VmoClient.UnitTests.dll" adapterTypeName="executor://mstestadapter/v2" className="VideoOS.Management.VmoClient.UnitTests.BasicUserTest" name="BasicUser_Constructor_Password_Null_Check" />
    </UnitTest>
    <UnitTest name="Contains_GivenConnectedAddress_ShouldSuccess" storage="d:\actions-runner\_work\xpco\xpco\corporate\commonapi\videoos.management.vmoclient.unittests\bin\debug\net472\videoos.management.vmoclient.unittests.dll" id="5886e0ac-60e4-e8a0-59b9-173f39736232">
      <Execution id="984736eb-96ea-4e9c-ab81-c4c5cba060a4" />
      <TestMethod codeBase="D:\actions-runner\_work\XPCO\XPCO\Corporate\CommonAPI\VideoOS.Management.VmoClient.UnitTests\bin\Debug\net472\VideoOS.Management.VmoClient.UnitTests.dll" adapterTypeName="executor://mstestadapter/v2" className="VideoOS.Management.VmoClient.UnitTests.SiteTokenCacheStoreTests" name="Contains_GivenConnectedAddress_ShouldSuccess" />
    </UnitTest>
    <UnitTest name="VideoWall_Delete_Success" storage="d:\actions-runner\_work\xpco\xpco\corporate\commonapi\videoos.management.vmoclient.unittests\bin\debug\net472\videoos.management.vmoclient.unittests.dll" id="34c7acda-0d62-3aa1-e07d-ecf994bc8301">
      <Execution id="daaaa678-647c-49b0-845f-dbcaf26e1096" />
      <TestMethod codeBase="D:\actions-runner\_work\XPCO\XPCO\Corporate\CommonAPI\VideoOS.Management.VmoClient.UnitTests\bin\Debug\net472\VideoOS.Management.VmoClient.UnitTests.dll" adapterTypeName="executor://mstestadapter/v2" className="VideoOS.Management.VmoClient.UnitTests.VideoWallTest" name="VideoWall_Delete_Success" />
    </UnitTest>
    <UnitTest name="VideoWallPreset_Update_Success" storage="d:\actions-runner\_work\xpco\xpco\corporate\commonapi\videoos.management.vmoclient.unittests\bin\debug\net472\videoos.management.vmoclient.unittests.dll" id="1fca15cf-fb76-e220-7a95-4e1dd47337bd">
      <Execution id="d59f0104-be67-4397-8e3a-9dc48480eb25" />
      <TestMethod codeBase="D:\actions-runner\_work\XPCO\XPCO\Corporate\CommonAPI\VideoOS.Management.VmoClient.UnitTests\bin\Debug\net472\VideoOS.Management.VmoClient.UnitTests.dll" adapterTypeName="executor://mstestadapter/v2" className="VideoOS.Management.VmoClient.UnitTests.VideoWallPresetTest" name="VideoWallPreset_Update_Success" />
    </UnitTest>
    <UnitTest name="MarkedData_IsCreated_Success" storage="d:\actions-runner\_work\xpco\xpco\corporate\commonapi\videoos.management.vmoclient.unittests\bin\debug\net472\videoos.management.vmoclient.unittests.dll" id="b91687bc-370b-e22f-08aa-c38e05c6cc39">
      <Execution id="ab4a3295-4dc6-43d7-8c63-c2e8aad8e9d7" />
      <TestMethod codeBase="D:\actions-runner\_work\XPCO\XPCO\Corporate\CommonAPI\VideoOS.Management.VmoClient.UnitTests\bin\Debug\net472\VideoOS.Management.VmoClient.UnitTests.dll" adapterTypeName="executor://mstestadapter/v2" className="VideoOS.Management.VmoClient.UnitTests.MarkedDataTest" name="MarkedData_IsCreated_Success" />
    </UnitTest>
    <UnitTest name="MonitorPreset_Repository_Registered" storage="d:\actions-runner\_work\xpco\xpco\corporate\commonapi\videoos.management.vmoclient.unittests\bin\debug\net472\videoos.management.vmoclient.unittests.dll" id="0945cec8-9df8-c925-31b3-e54c187435b0">
      <Execution id="0b873689-4811-4a62-bc40-91ed6daad6ca" />
      <TestMethod codeBase="D:\actions-runner\_work\XPCO\XPCO\Corporate\CommonAPI\VideoOS.Management.VmoClient.UnitTests\bin\Debug\net472\VideoOS.Management.VmoClient.UnitTests.dll" adapterTypeName="executor://mstestadapter/v2" className="VideoOS.Management.VmoClient.UnitTests.MonitorPresetTest" name="MonitorPreset_Repository_Registered" />
    </UnitTest>
    <UnitTest name="Hardware_ChangePassword_Before_v101_NotSupported" storage="d:\actions-runner\_work\xpco\xpco\corporate\commonapi\videoos.management.vmoclient.unittests\bin\debug\net472\videoos.management.vmoclient.unittests.dll" id="217af38c-4cb1-d200-9bd6-d154fb61e27a">
      <Execution id="318cc1df-8da1-47cf-b4d1-ff839d77b58d" />
      <TestMethod codeBase="D:\actions-runner\_work\XPCO\XPCO\Corporate\CommonAPI\VideoOS.Management.VmoClient.UnitTests\bin\Debug\net472\VideoOS.Management.VmoClient.UnitTests.dll" adapterTypeName="executor://mstestadapter/v2" className="VideoOS.Management.VmoClient.UnitTests.HardwareTest" name="Hardware_ChangePassword_Before_v101_NotSupported" />
    </UnitTest>
    <UnitTest name="ServerVersionConstructor_Version_Failure" storage="d:\actions-runner\_work\xpco\xpco\corporate\commonapi\videoos.management.vmoclient.unittests\bin\debug\net472\videoos.management.vmoclient.unittests.dll" id="246122c6-ee39-3a60-a746-b4c72482e1eb">
      <TestCategory>
        <TestCategoryItem TestCategory="Server Version" />
      </TestCategory>
      <Execution id="6d745bbd-19c5-48c8-95be-20f08d555f76" />
      <TestMethod codeBase="D:\actions-runner\_work\XPCO\XPCO\Corporate\CommonAPI\VideoOS.Management.VmoClient.UnitTests\bin\Debug\net472\VideoOS.Management.VmoClient.UnitTests.dll" adapterTypeName="executor://mstestadapter/v2" className="VideoOS.Management.VmoClient.Tests.ServerVersionTests" name="ServerVersionConstructor_Version_Failure" />
    </UnitTest>
    <UnitTest name="PublicViewGroup_Repository_Registered" storage="d:\actions-runner\_work\xpco\xpco\corporate\commonapi\videoos.management.vmoclient.unittests\bin\debug\net472\videoos.management.vmoclient.unittests.dll" id="d7333a12-6de8-7f02-ecd3-085b65d7577a">
      <Execution id="87390008-0e70-489f-82b4-65b6cd2422bb" />
      <TestMethod codeBase="D:\actions-runner\_work\XPCO\XPCO\Corporate\CommonAPI\VideoOS.Management.VmoClient.UnitTests\bin\Debug\net472\VideoOS.Management.VmoClient.UnitTests.dll" adapterTypeName="executor://mstestadapter/v2" className="VideoOS.Management.VmoClient.UnitTests.PublicViewGroupTest" name="PublicViewGroup_Repository_Registered" />
    </UnitTest>
    <UnitTest name="PatrollingProfile_InsertStepAt_Create_PatrollingStep_With_WaitTime" storage="d:\actions-runner\_work\xpco\xpco\corporate\commonapi\videoos.management.vmoclient.unittests\bin\debug\net472\videoos.management.vmoclient.unittests.dll" id="0e4bce62-7c99-c2be-4d7c-40c43ae1e05c">
      <TestCategory>
        <TestCategoryItem TestCategory="Patrolling Profile" />
      </TestCategory>
      <Execution id="4368721e-5cfa-48d7-86b9-cdd2da4350a4" />
      <TestMethod codeBase="D:\actions-runner\_work\XPCO\XPCO\Corporate\CommonAPI\VideoOS.Management.VmoClient.UnitTests\bin\Debug\net472\VideoOS.Management.VmoClient.UnitTests.dll" adapterTypeName="executor://mstestadapter/v2" className="VideoOS.Management.VmoClient.UnitTests.PatrollingProfileTest" name="PatrollingProfile_InsertStepAt_Create_PatrollingStep_With_WaitTime" />
    </UnitTest>
    <UnitTest name="ThrowExceptionIfProtocolIsNotAllowed_SecureProtocol_NonSecureNotAllowed_DoesNothing" storage="d:\actions-runner\_work\xpco\xpco\corporate\commonapi\videoos.management.vmoclient.unittests\bin\debug\net472\videoos.management.vmoclient.unittests.dll" id="2910f1bf-3a00-47d4-ed05-f81c81996069">
      <Execution id="2ced8158-6310-41b4-bfef-c95c202eff70" />
      <TestMethod codeBase="D:\actions-runner\_work\XPCO\XPCO\Corporate\CommonAPI\VideoOS.Management.VmoClient.UnitTests\bin\Debug\net472\VideoOS.Management.VmoClient.UnitTests.dll" adapterTypeName="executor://mstestadapter/v2" className="VideoOS.Management.VmoClient.UnitTests.SiteConnectorTest" name="ThrowExceptionIfProtocolIsNotAllowed_SecureProtocol_NonSecureNotAllowed_DoesNothing" />
    </UnitTest>
    <UnitTest name="PrivateViewGroupp_Constructor_DefaultValuesCorrect" storage="d:\actions-runner\_work\xpco\xpco\corporate\commonapi\videoos.management.vmoclient.unittests\bin\debug\net472\videoos.management.vmoclient.unittests.dll" id="0d831f72-5237-2649-7089-eec004509eb7">
      <Execution id="43e38d1c-d884-4f64-bf71-20152b8cc0a8" />
      <TestMethod codeBase="D:\actions-runner\_work\XPCO\XPCO\Corporate\CommonAPI\VideoOS.Management.VmoClient.UnitTests\bin\Debug\net472\VideoOS.Management.VmoClient.UnitTests.dll" adapterTypeName="executor://mstestadapter/v2" className="VideoOS.Management.VmoClient.UnitTests.PrivateViewGroupTest" name="PrivateViewGroupp_Constructor_DefaultValuesCorrect" />
    </UnitTest>
    <UnitTest name="FailoverServerGroup_Repository_Registered" storage="d:\actions-runner\_work\xpco\xpco\corporate\commonapi\videoos.management.vmoclient.unittests\bin\debug\net472\videoos.management.vmoclient.unittests.dll" id="50519408-910f-6c62-3606-ad9ca319f245">
      <Execution id="6513e367-21c5-40ef-be5d-5b53f4e7bdef" />
      <TestMethod codeBase="D:\actions-runner\_work\XPCO\XPCO\Corporate\CommonAPI\VideoOS.Management.VmoClient.UnitTests\bin\Debug\net472\VideoOS.Management.VmoClient.UnitTests.dll" adapterTypeName="executor://mstestadapter/v2" className="VideoOS.Management.VmoClient.UnitTests.FailoverServerGroupTest" name="FailoverServerGroup_Repository_Registered" />
    </UnitTest>
    <UnitTest name="ArchiveStorage_Disable_Framerate_Reduction_Success" storage="d:\actions-runner\_work\xpco\xpco\corporate\commonapi\videoos.management.vmoclient.unittests\bin\debug\net472\videoos.management.vmoclient.unittests.dll" id="2fb9a74d-c291-8fa6-00a3-37dde4e921f9">
      <Execution id="eff17012-6bcc-4af3-b27d-cdbf9ca2a64f" />
      <TestMethod codeBase="D:\actions-runner\_work\XPCO\XPCO\Corporate\CommonAPI\VideoOS.Management.VmoClient.UnitTests\bin\Debug\net472\VideoOS.Management.VmoClient.UnitTests.dll" adapterTypeName="executor://mstestadapter/v2" className="VideoOS.Management.VmoClient.UnitTests.ArchiveStorageTest" name="ArchiveStorage_Disable_Framerate_Reduction_Success" />
    </UnitTest>
    <UnitTest name="SunClockTimeProfile_Create_Failed_Constructor" storage="d:\actions-runner\_work\xpco\xpco\corporate\commonapi\videoos.management.vmoclient.unittests\bin\debug\net472\videoos.management.vmoclient.unittests.dll" id="719f80c9-bcdc-f6e8-1240-71ef24b45079">
      <Execution id="6809a1a7-09a8-4b3f-810f-dd7e1c112cac" />
      <TestMethod codeBase="D:\actions-runner\_work\XPCO\XPCO\Corporate\CommonAPI\VideoOS.Management.VmoClient.UnitTests\bin\Debug\net472\VideoOS.Management.VmoClient.UnitTests.dll" adapterTypeName="executor://mstestadapter/v2" className="VideoOS.Management.VmoClient.UnitTests.SunClockTimeProfileTest" name="SunClockTimeProfile_Create_Failed_Constructor" />
    </UnitTest>
    <UnitTest name="MarkedData_Create_Success" storage="d:\actions-runner\_work\xpco\xpco\corporate\commonapi\videoos.management.vmoclient.unittests\bin\debug\net472\videoos.management.vmoclient.unittests.dll" id="dacedd72-550d-d1bf-d9a6-5d170c95ba1b">
      <Execution id="91e1ace7-6f85-400b-9f43-32df838e9638" />
      <TestMethod codeBase="D:\actions-runner\_work\XPCO\XPCO\Corporate\CommonAPI\VideoOS.Management.VmoClient.UnitTests\bin\Debug\net472\VideoOS.Management.VmoClient.UnitTests.dll" adapterTypeName="executor://mstestadapter/v2" className="VideoOS.Management.VmoClient.UnitTests.MarkedDataTest" name="MarkedData_Create_Success" />
    </UnitTest>
    <UnitTest name="BasicUser_Delete_CheckVersionCalled" storage="d:\actions-runner\_work\xpco\xpco\corporate\commonapi\videoos.management.vmoclient.unittests\bin\debug\net472\videoos.management.vmoclient.unittests.dll" id="9cbdd936-2c0a-78c4-1d35-3e19fb817af9">
      <Execution id="161607aa-6770-4eee-9d77-1fe9e9fd6bf2" />
      <TestMethod codeBase="D:\actions-runner\_work\XPCO\XPCO\Corporate\CommonAPI\VideoOS.Management.VmoClient.UnitTests\bin\Debug\net472\VideoOS.Management.VmoClient.UnitTests.dll" adapterTypeName="executor://mstestadapter/v2" className="VideoOS.Management.VmoClient.UnitTests.BasicUserTest" name="BasicUser_Delete_CheckVersionCalled" />
    </UnitTest>
    <UnitTest name="Management_Repository_Registered" storage="d:\actions-runner\_work\xpco\xpco\corporate\commonapi\videoos.management.vmoclient.unittests\bin\debug\net472\videoos.management.vmoclient.unittests.dll" id="90df41f2-1eff-541d-10e4-135b682b043b">
      <Execution id="558d3393-af08-4ef7-9f88-d2485e4d4321" />
      <TestMethod codeBase="D:\actions-runner\_work\XPCO\XPCO\Corporate\CommonAPI\VideoOS.Management.VmoClient.UnitTests\bin\Debug\net472\VideoOS.Management.VmoClient.UnitTests.dll" adapterTypeName="executor://mstestadapter/v2" className="VideoOS.Management.VmoClient.UnitTests.ManagementServerTest" name="Management_Repository_Registered" />
    </UnitTest>
    <UnitTest name="RecordingStorage_ChangeEncryptionPassword_Success" storage="d:\actions-runner\_work\xpco\xpco\corporate\commonapi\videoos.management.vmoclient.unittests\bin\debug\net472\videoos.management.vmoclient.unittests.dll" id="ec17200e-ab59-1085-baef-4f43de14be21">
      <Execution id="f42fd826-032a-4d31-882c-f45009d2d714" />
      <TestMethod codeBase="D:\actions-runner\_work\XPCO\XPCO\Corporate\CommonAPI\VideoOS.Management.VmoClient.UnitTests\bin\Debug\net472\VideoOS.Management.VmoClient.UnitTests.dll" adapterTypeName="executor://mstestadapter/v2" className="VideoOS.Management.VmoClient.UnitTests.RecordingStorageTest" name="RecordingStorage_ChangeEncryptionPassword_Success" />
    </UnitTest>
    <UnitTest name="GenericRepositoryTestRefreshObject" storage="d:\actions-runner\_work\xpco\xpco\corporate\commonapi\videoos.management.vmoclient.unittests\bin\debug\net472\videoos.management.vmoclient.unittests.dll" id="b9612d27-d96d-4885-bd23-09fc7118f418">
      <Execution id="cf1383f2-6a85-43a5-af5f-601875a7ffee" />
      <TestMethod codeBase="D:\actions-runner\_work\XPCO\XPCO\Corporate\CommonAPI\VideoOS.Management.VmoClient.UnitTests\bin\Debug\net472\VideoOS.Management.VmoClient.UnitTests.dll" adapterTypeName="executor://mstestadapter/v2" className="VideoOS.Management.VmoClient.UnitTests.GenericRepositoryTest" name="GenericRepositoryTestRefreshObject" />
    </UnitTest>
    <UnitTest name="SystemDashboardConfiguration_Constructor_DefaultValuesCorrect" storage="d:\actions-runner\_work\xpco\xpco\corporate\commonapi\videoos.management.vmoclient.unittests\bin\debug\net472\videoos.management.vmoclient.unittests.dll" id="8340f6de-4c20-dead-1b31-669793dc9602">
      <Execution id="79a15617-6849-47e7-81a2-3a294fac6c98" />
      <TestMethod codeBase="D:\actions-runner\_work\XPCO\XPCO\Corporate\CommonAPI\VideoOS.Management.VmoClient.UnitTests\bin\Debug\net472\VideoOS.Management.VmoClient.UnitTests.dll" adapterTypeName="executor://mstestadapter/v2" className="VideoOS.Management.VmoClient.UnitTests.SystemDashboardConfigTest" name="SystemDashboardConfiguration_Constructor_DefaultValuesCorrect" />
    </UnitTest>
    <UnitTest name="ServerVersionConstructor_CompareToObjLeft_Success" storage="d:\actions-runner\_work\xpco\xpco\corporate\commonapi\videoos.management.vmoclient.unittests\bin\debug\net472\videoos.management.vmoclient.unittests.dll" id="1503451f-c367-e6f7-efcd-1d7c7d1cd27d">
      <TestCategory>
        <TestCategoryItem TestCategory="Server Version" />
      </TestCategory>
      <Execution id="d9dadd7a-6c9c-41ba-b013-c288cf06352d" />
      <TestMethod codeBase="D:\actions-runner\_work\XPCO\XPCO\Corporate\CommonAPI\VideoOS.Management.VmoClient.UnitTests\bin\Debug\net472\VideoOS.Management.VmoClient.UnitTests.dll" adapterTypeName="executor://mstestadapter/v2" className="VideoOS.Management.VmoClient.Tests.ServerVersionTests" name="ServerVersionConstructor_CompareToObjLeft_Success" />
    </UnitTest>
    <UnitTest name="MarkedData_Refresh_Success" storage="d:\actions-runner\_work\xpco\xpco\corporate\commonapi\videoos.management.vmoclient.unittests\bin\debug\net472\videoos.management.vmoclient.unittests.dll" id="57cbc2d1-15e4-6c52-cd5a-f956ea4b46d2">
      <Execution id="f4b8b775-aa53-4fe3-b268-4bf2e7ac0710" />
      <TestMethod codeBase="D:\actions-runner\_work\XPCO\XPCO\Corporate\CommonAPI\VideoOS.Management.VmoClient.UnitTests\bin\Debug\net472\VideoOS.Management.VmoClient.UnitTests.dll" adapterTypeName="executor://mstestadapter/v2" className="VideoOS.Management.VmoClient.UnitTests.MarkedDataTest" name="MarkedData_Refresh_Success" />
    </UnitTest>
    <UnitTest name="ErrorResultInstance_ThrowsIfNotFailed" storage="d:\actions-runner\_work\xpco\xpco\corporate\commonapi\videoos.management.vmoclient.unittests\bin\debug\net472\videoos.management.vmoclient.unittests.dll" id="af500a3c-0d31-8f0c-a63f-7fc02c720397">
      <Execution id="53e24131-08d0-47db-b93b-45f67aad8224" />
      <TestMethod codeBase="D:\actions-runner\_work\XPCO\XPCO\Corporate\CommonAPI\VideoOS.Management.VmoClient.UnitTests\bin\Debug\net472\VideoOS.Management.VmoClient.UnitTests.dll" adapterTypeName="executor://mstestadapter/v2" className="VideoOS.Management.VmoClient.UnitTests.TaskAsyncTaskTest" name="ErrorResultInstance_ThrowsIfNotFailed" />
    </UnitTest>
    <UnitTest name="TrustedIssuer_DeleteOnUnsupportedVersion_Throws" storage="d:\actions-runner\_work\xpco\xpco\corporate\commonapi\videoos.management.vmoclient.unittests\bin\debug\net472\videoos.management.vmoclient.unittests.dll" id="e247e8aa-c917-f9e1-ee41-625673010644">
      <Execution id="dbbef0c2-6988-4095-9781-d69859b1f147" />
      <TestMethod codeBase="D:\actions-runner\_work\XPCO\XPCO\Corporate\CommonAPI\VideoOS.Management.VmoClient.UnitTests\bin\Debug\net472\VideoOS.Management.VmoClient.UnitTests.dll" adapterTypeName="executor://mstestadapter/v2" className="VideoOS.Management.VmoClient.UnitTests.TrustedIssuerTest" name="TrustedIssuer_DeleteOnUnsupportedVersion_Throws" />
    </UnitTest>
    <UnitTest name="BasicUser_Constructor_Custom_Id_Empty_Guid_Check" storage="d:\actions-runner\_work\xpco\xpco\corporate\commonapi\videoos.management.vmoclient.unittests\bin\debug\net472\videoos.management.vmoclient.unittests.dll" id="0f54e9f8-d53f-7a88-d50c-8501da97b547">
      <Execution id="49859784-354d-44a3-9b13-c06ae1408ac8" />
      <TestMethod codeBase="D:\actions-runner\_work\XPCO\XPCO\Corporate\CommonAPI\VideoOS.Management.VmoClient.UnitTests\bin\Debug\net472\VideoOS.Management.VmoClient.UnitTests.dll" adapterTypeName="executor://mstestadapter/v2" className="VideoOS.Management.VmoClient.UnitTests.BasicUserTest" name="BasicUser_Constructor_Custom_Id_Empty_Guid_Check" />
    </UnitTest>
    <UnitTest name="GetFastestIdpInfo_GivenEmptyAddresses_ShouldThrow" storage="d:\actions-runner\_work\xpco\xpco\corporate\commonapi\videoos.management.vmoclient.unittests\bin\debug\net472\videoos.management.vmoclient.unittests.dll" id="181cf575-df74-dcfd-8990-f51d9a015474">
      <Execution id="6b92b259-555c-4528-9c19-7e61237c2a0a" />
      <TestMethod codeBase="D:\actions-runner\_work\XPCO\XPCO\Corporate\CommonAPI\VideoOS.Management.VmoClient.UnitTests\bin\Debug\net472\VideoOS.Management.VmoClient.UnitTests.dll" adapterTypeName="executor://mstestadapter/v2" className="VideoOS.Management.VmoClient.UnitTests.SiteIdpConnectorTests" name="GetFastestIdpInfo_GivenEmptyAddresses_ShouldThrow" />
    </UnitTest>
    <UnitTest name="AxisTunnelServer_Constructor_DefaultValuesCorrect" storage="d:\actions-runner\_work\xpco\xpco\corporate\commonapi\videoos.management.vmoclient.unittests\bin\debug\net472\videoos.management.vmoclient.unittests.dll" id="4e539b83-0404-b8fb-a4fe-bd24e445763d">
      <Execution id="da1d8315-0ec7-46d0-ad3d-6e9edceb5b6a" />
      <TestMethod codeBase="D:\actions-runner\_work\XPCO\XPCO\Corporate\CommonAPI\VideoOS.Management.VmoClient.UnitTests\bin\Debug\net472\VideoOS.Management.VmoClient.UnitTests.dll" adapterTypeName="executor://mstestadapter/v2" className="VideoOS.Management.VmoClient.UnitTests.AxisTunnelServerTest" name="AxisTunnelServer_Constructor_DefaultValuesCorrect" />
    </UnitTest>
    <UnitTest name="ManagementServer_DetachChildSite_ArgumentNullException" storage="d:\actions-runner\_work\xpco\xpco\corporate\commonapi\videoos.management.vmoclient.unittests\bin\debug\net472\videoos.management.vmoclient.unittests.dll" id="5ea7cb00-b892-f1fd-b62e-cc236ff5ad70">
      <Execution id="23228d52-c825-463b-bd5c-5024de09ef2c" />
      <TestMethod codeBase="D:\actions-runner\_work\XPCO\XPCO\Corporate\CommonAPI\VideoOS.Management.VmoClient.UnitTests\bin\Debug\net472\VideoOS.Management.VmoClient.UnitTests.dll" adapterTypeName="executor://mstestadapter/v2" className="VideoOS.Management.VmoClient.UnitTests.ManagementServerTest" name="ManagementServer_DetachChildSite_ArgumentNullException" />
    </UnitTest>
    <UnitTest name="ViewLayout_UpdateCustomProperties_PropertiesSaved" storage="d:\actions-runner\_work\xpco\xpco\corporate\commonapi\videoos.management.vmoclient.unittests\bin\debug\net472\videoos.management.vmoclient.unittests.dll" id="90d24614-d5fb-3703-283e-d3349071d86f">
      <Execution id="7dead393-a4bc-47c8-9836-1bec1946e093" />
      <TestMethod codeBase="D:\actions-runner\_work\XPCO\XPCO\Corporate\CommonAPI\VideoOS.Management.VmoClient.UnitTests\bin\Debug\net472\VideoOS.Management.VmoClient.UnitTests.dll" adapterTypeName="executor://mstestadapter/v2" className="VideoOS.Management.VmoClient.UnitTests.ViewLayoutTest" name="ViewLayout_UpdateCustomProperties_PropertiesSaved" />
    </UnitTest>
    <UnitTest name="ServerVersionConstructor_LongString_Failure" storage="d:\actions-runner\_work\xpco\xpco\corporate\commonapi\videoos.management.vmoclient.unittests\bin\debug\net472\videoos.management.vmoclient.unittests.dll" id="3b57340c-2aad-3c76-3047-e04f27bcda97">
      <TestCategory>
        <TestCategoryItem TestCategory="Server Version" />
      </TestCategory>
      <Execution id="f70bf414-4f80-4d86-a17b-2db503288de5" />
      <TestMethod codeBase="D:\actions-runner\_work\XPCO\XPCO\Corporate\CommonAPI\VideoOS.Management.VmoClient.UnitTests\bin\Debug\net472\VideoOS.Management.VmoClient.UnitTests.dll" adapterTypeName="executor://mstestadapter/v2" className="VideoOS.Management.VmoClient.Tests.ServerVersionTests" name="ServerVersionConstructor_LongString_Failure" />
    </UnitTest>
    <UnitTest name="ArchiveStorage_Refresh_Success" storage="d:\actions-runner\_work\xpco\xpco\corporate\commonapi\videoos.management.vmoclient.unittests\bin\debug\net472\videoos.management.vmoclient.unittests.dll" id="1ff3f87e-5174-56eb-2851-3625b34adab2">
      <Execution id="5c440576-8820-4283-9ca4-ea4db1fe3e34" />
      <TestMethod codeBase="D:\actions-runner\_work\XPCO\XPCO\Corporate\CommonAPI\VideoOS.Management.VmoClient.UnitTests\bin\Debug\net472\VideoOS.Management.VmoClient.UnitTests.dll" adapterTypeName="executor://mstestadapter/v2" className="VideoOS.Management.VmoClient.UnitTests.ArchiveStorageTest" name="ArchiveStorage_Refresh_Success" />
    </UnitTest>
    <UnitTest name="TaskSetEncryptionMethod_Refresh_Success" storage="d:\actions-runner\_work\xpco\xpco\corporate\commonapi\videoos.management.vmoclient.unittests\bin\debug\net472\videoos.management.vmoclient.unittests.dll" id="37b7d620-ba49-b91e-8675-23dcbd72253a">
      <Execution id="82dde6ee-122c-4853-8328-1e47a965f53e" />
      <TestMethod codeBase="D:\actions-runner\_work\XPCO\XPCO\Corporate\CommonAPI\VideoOS.Management.VmoClient.UnitTests\bin\Debug\net472\VideoOS.Management.VmoClient.UnitTests.dll" adapterTypeName="executor://mstestadapter/v2" className="VideoOS.Management.VmoClient.UnitTests.TaskSetEncryptionMethodTest" name="TaskSetEncryptionMethod_Refresh_Success" />
    </UnitTest>
    <UnitTest name="TrustedIssuer_UpdateOnUnsupportedVersion_Throws" storage="d:\actions-runner\_work\xpco\xpco\corporate\commonapi\videoos.management.vmoclient.unittests\bin\debug\net472\videoos.management.vmoclient.unittests.dll" id="31ac0d35-4ee8-68ea-f233-efa6522b64b9">
      <Execution id="517fa636-4b62-4329-a981-590c3379572d" />
      <TestMethod codeBase="D:\actions-runner\_work\XPCO\XPCO\Corporate\CommonAPI\VideoOS.Management.VmoClient.UnitTests\bin\Debug\net472\VideoOS.Management.VmoClient.UnitTests.dll" adapterTypeName="executor://mstestadapter/v2" className="VideoOS.Management.VmoClient.UnitTests.TrustedIssuerTest" name="TrustedIssuer_UpdateOnUnsupportedVersion_Throws" />
    </UnitTest>
    <UnitTest name="MarkedData_Undo_Success" storage="d:\actions-runner\_work\xpco\xpco\corporate\commonapi\videoos.management.vmoclient.unittests\bin\debug\net472\videoos.management.vmoclient.unittests.dll" id="e72460b8-2893-9db9-3f53-70b769bacc12">
      <Execution id="e430c9ee-f76c-4d4b-b25d-cb6f96319133" />
      <TestMethod codeBase="D:\actions-runner\_work\XPCO\XPCO\Corporate\CommonAPI\VideoOS.Management.VmoClient.UnitTests\bin\Debug\net472\VideoOS.Management.VmoClient.UnitTests.dll" adapterTypeName="executor://mstestadapter/v2" className="VideoOS.Management.VmoClient.UnitTests.MarkedDataTest" name="MarkedData_Undo_Success" />
    </UnitTest>
    <UnitTest name="UserDefinedEvent_Delete_Success" storage="d:\actions-runner\_work\xpco\xpco\corporate\commonapi\videoos.management.vmoclient.unittests\bin\debug\net472\videoos.management.vmoclient.unittests.dll" id="257cf2f0-17f1-f096-f603-e5f4a87a7a66">
      <Execution id="573e27f3-e892-400c-a245-66d8a67a5f0e" />
      <TestMethod codeBase="D:\actions-runner\_work\XPCO\XPCO\Corporate\CommonAPI\VideoOS.Management.VmoClient.UnitTests\bin\Debug\net472\VideoOS.Management.VmoClient.UnitTests.dll" adapterTypeName="executor://mstestadapter/v2" className="VideoOS.Management.VmoClient.UnitTests.UserDefinedEventTest" name="UserDefinedEvent_Delete_Success" />
    </UnitTest>
    <UnitTest name="GenericRepositoryTestDeleteObject" storage="d:\actions-runner\_work\xpco\xpco\corporate\commonapi\videoos.management.vmoclient.unittests\bin\debug\net472\videoos.management.vmoclient.unittests.dll" id="fcf06cc3-5bec-4324-e2a1-7a52c5df1685">
      <Execution id="11e9a171-06f0-444c-aacc-5864fd41b586" />
      <TestMethod codeBase="D:\actions-runner\_work\XPCO\XPCO\Corporate\CommonAPI\VideoOS.Management.VmoClient.UnitTests\bin\Debug\net472\VideoOS.Management.VmoClient.UnitTests.dll" adapterTypeName="executor://mstestadapter/v2" className="VideoOS.Management.VmoClient.UnitTests.GenericRepositoryTest" name="GenericRepositoryTestDeleteObject" />
    </UnitTest>
    <UnitTest name="Hardware_Update_Success" storage="d:\actions-runner\_work\xpco\xpco\corporate\commonapi\videoos.management.vmoclient.unittests\bin\debug\net472\videoos.management.vmoclient.unittests.dll" id="24d1b82b-a890-7a9c-2f4f-4ff21d01978b">
      <Execution id="9a80243b-df0b-456d-8103-56818fa8d2d9" />
      <TestMethod codeBase="D:\actions-runner\_work\XPCO\XPCO\Corporate\CommonAPI\VideoOS.Management.VmoClient.UnitTests\bin\Debug\net472\VideoOS.Management.VmoClient.UnitTests.dll" adapterTypeName="executor://mstestadapter/v2" className="VideoOS.Management.VmoClient.UnitTests.HardwareTest" name="Hardware_Update_Success" />
    </UnitTest>
    <UnitTest name="ClientProfile_Repository_Registered" storage="d:\actions-runner\_work\xpco\xpco\corporate\commonapi\videoos.management.vmoclient.unittests\bin\debug\net472\videoos.management.vmoclient.unittests.dll" id="cba3cbb8-c82e-c21d-6400-b6073f3aa082">
      <Execution id="43c983a3-bb5f-4a53-b3af-1679754d9d3c" />
      <TestMethod codeBase="D:\actions-runner\_work\XPCO\XPCO\Corporate\CommonAPI\VideoOS.Management.VmoClient.UnitTests\bin\Debug\net472\VideoOS.Management.VmoClient.UnitTests.dll" adapterTypeName="executor://mstestadapter/v2" className="VideoOS.Management.VmoClient.UnitTests.ClientProfileTest" name="ClientProfile_Repository_Registered" />
    </UnitTest>
    <UnitTest name="Remove_SameItemTwice_ShouldSuccess" storage="d:\actions-runner\_work\xpco\xpco\corporate\commonapi\videoos.management.vmoclient.unittests\bin\debug\net472\videoos.management.vmoclient.unittests.dll" id="df997f73-3ae4-d044-e17e-3699e0991a68">
      <Execution id="b07867c3-a19e-44d8-8d39-ff2cd220c9ee" />
      <TestMethod codeBase="D:\actions-runner\_work\XPCO\XPCO\Corporate\CommonAPI\VideoOS.Management.VmoClient.UnitTests\bin\Debug\net472\VideoOS.Management.VmoClient.UnitTests.dll" adapterTypeName="executor://mstestadapter/v2" className="VideoOS.Management.VmoClient.UnitTests.SiteTokenCacheStoreTests" name="Remove_SameItemTwice_ShouldSuccess" />
    </UnitTest>
    <UnitTest name="Management_Server_Load_Functions_Test" storage="d:\actions-runner\_work\xpco\xpco\corporate\commonapi\videoos.management.vmoclient.unittests\bin\debug\net472\videoos.management.vmoclient.unittests.dll" id="ba740a17-cde2-0541-90ea-5e112d7c1b67">
      <Execution id="41a15ecb-413a-4712-915c-4170ef7da684" />
      <TestMethod codeBase="D:\actions-runner\_work\XPCO\XPCO\Corporate\CommonAPI\VideoOS.Management.VmoClient.UnitTests\bin\Debug\net472\VideoOS.Management.VmoClient.UnitTests.dll" adapterTypeName="executor://mstestadapter/v2" className="VideoOS.Management.VmoClient.UnitTests.ManagementServerTest" name="Management_Server_Load_Functions_Test" />
    </UnitTest>
    <UnitTest name="ProxyClientServiceBase_CallWithRetry_NoRetry_CommunicationException_IdentityServerTokenExceptionInner" storage="d:\actions-runner\_work\xpco\xpco\corporate\commonapi\videoos.management.vmoclient.unittests\bin\debug\net472\videoos.management.vmoclient.unittests.dll" id="6a3b15fd-8992-dcb6-1e1e-0dcb1a0e3361">
      <Execution id="81010e21-5360-41b9-a001-ef7c7e8f2b3c" />
      <TestMethod codeBase="D:\actions-runner\_work\XPCO\XPCO\Corporate\CommonAPI\VideoOS.Management.VmoClient.UnitTests\bin\Debug\net472\VideoOS.Management.VmoClient.UnitTests.dll" adapterTypeName="executor://mstestadapter/v2" className="VideoOS.Management.VmoClient.UnitTests.Framework.ProxyClientServiceBaseTest" name="ProxyClientServiceBase_CallWithRetry_NoRetry_CommunicationException_IdentityServerTokenExceptionInner" />
    </UnitTest>
  </TestDefinitions>
  <TestEntries>
    <TestEntry testId="24f9ee2c-b14d-9e29-5425-8dd2572fa7c4" executionId="88ea1f88-c9d5-4de2-bdc4-f18df4cb5c32" testListId="8c84fa94-04c1-424b-9868-57a2d4851a1d" />
    <TestEntry testId="3aa893ce-4359-816b-56b8-816f5f5650c5" executionId="8c368af1-00ce-46fb-b2ed-f1ddc4bb883f" testListId="8c84fa94-04c1-424b-9868-57a2d4851a1d" />
    <TestEntry testId="717c9c26-348a-7136-592c-3e0c4dc8d603" executionId="6100cefe-9d62-4ad6-a305-d5320c261156" testListId="8c84fa94-04c1-424b-9868-57a2d4851a1d" />
    <TestEntry testId="b8692529-639e-0a48-d506-beeb3b242f4b" executionId="c94a53a5-d7db-4cf9-a3a7-f56898f717cc" testListId="8c84fa94-04c1-424b-9868-57a2d4851a1d" />
    <TestEntry testId="6eea6688-c562-2d57-43e8-db5123d547c4" executionId="cac87fd8-d680-48d5-b203-09bdc393735c" testListId="8c84fa94-04c1-424b-9868-57a2d4851a1d" />
    <TestEntry testId="13131b13-639a-5807-c874-cdd3aa66cf32" executionId="852b6b56-35ba-4906-8c66-8e9e004a1244" testListId="8c84fa94-04c1-424b-9868-57a2d4851a1d" />
    <TestEntry testId="92d0f24d-161a-5161-4318-378530da0fea" executionId="ebda143f-ab43-45e7-b5a6-a460dc011564" testListId="8c84fa94-04c1-424b-9868-57a2d4851a1d" />
    <TestEntry testId="fe3da681-5f9a-8b89-e373-7218102e7415" executionId="89ddbf52-9842-495d-babc-8368b725a929" testListId="8c84fa94-04c1-424b-9868-57a2d4851a1d" />
    <TestEntry testId="1c118b49-f895-c3f8-f965-3d9049fd2277" executionId="deb21a5a-74ec-4f13-831d-6635d8491cec" testListId="8c84fa94-04c1-424b-9868-57a2d4851a1d" />
    <TestEntry testId="813ee3ab-9f5c-5aff-3f96-107a9c99f824" executionId="7a9d0f16-e905-4f71-b445-7903b064bfb0" testListId="8c84fa94-04c1-424b-9868-57a2d4851a1d" />
    <TestEntry testId="2b7cdd19-68fb-61e7-6100-64674f7fc65a" executionId="8d4441bc-5ea4-4220-a28a-2fa493e265aa" testListId="8c84fa94-04c1-424b-9868-57a2d4851a1d" />
    <TestEntry testId="9762f51b-0731-ac64-23c9-24a2c8ccaa73" executionId="73523b4d-e19d-470c-8c30-7932e0d87ac3" testListId="8c84fa94-04c1-424b-9868-57a2d4851a1d" />
    <TestEntry testId="40725980-b3de-fec9-75c7-5020f7573bd0" executionId="eea87467-baf5-4961-9ae7-107dcd5c35ef" testListId="8c84fa94-04c1-424b-9868-57a2d4851a1d" />
    <TestEntry testId="82ce7b74-9478-cbc0-ced6-3cff3fae756f" executionId="ac949ea0-991c-4cfa-a5a9-7ff9acf34cc4" testListId="8c84fa94-04c1-424b-9868-57a2d4851a1d" />
    <TestEntry testId="70996f40-1fc9-1245-1717-ca1f3cbfb6ac" executionId="d60e1b1c-e632-49a6-8c01-21f375762eaf" testListId="8c84fa94-04c1-424b-9868-57a2d4851a1d" />
    <TestEntry testId="3389043b-e51f-9966-6a46-1df0f5e9e992" executionId="bdd9a60e-defd-4e07-a64e-a2c2d827f27b" testListId="8c84fa94-04c1-424b-9868-57a2d4851a1d" />
    <TestEntry testId="ea6dc23d-6a5a-fd7d-fef0-f6ad533702fd" executionId="5168cb44-895c-4ea9-9349-3c0f259abf57" testListId="8c84fa94-04c1-424b-9868-57a2d4851a1d" />
    <TestEntry testId="e6a5bd7b-7405-fc6a-b5bc-378f43c18431" executionId="090cbecc-1711-4ee1-b688-268eb36fb1b1" testListId="8c84fa94-04c1-424b-9868-57a2d4851a1d" />
    <TestEntry testId="e25121b3-b4d1-3721-64e9-8d8b5c315127" executionId="86baf2e7-a20d-418f-ac12-50f001ccf753" testListId="8c84fa94-04c1-424b-9868-57a2d4851a1d" />
    <TestEntry testId="dd161ebe-5efc-a6b2-49d8-a26b980caef2" executionId="3cefb672-6821-4bdc-9bb2-b3aba364f965" testListId="8c84fa94-04c1-424b-9868-57a2d4851a1d" />
    <TestEntry testId="7f6db608-8c47-4d83-9b48-007bb299c7ea" executionId="630d9626-dc1a-47e3-9aea-21934c60571e" testListId="8c84fa94-04c1-424b-9868-57a2d4851a1d" />
    <TestEntry testId="6b089662-2016-7712-224f-126a27819896" executionId="abab62c8-1308-4e1f-a74c-c1865e5d8e88" testListId="8c84fa94-04c1-424b-9868-57a2d4851a1d" />
    <TestEntry testId="8fa917f0-e0d5-1266-3777-8f39996fe500" executionId="05154b6e-e4fb-4e5b-b3e6-689381f142b6" testListId="8c84fa94-04c1-424b-9868-57a2d4851a1d" />
    <TestEntry testId="879649e9-00d0-e07e-9f37-91f11e61fd61" executionId="59396efe-bd8e-413b-aa76-b0063b11db7d" testListId="8c84fa94-04c1-424b-9868-57a2d4851a1d" />
    <TestEntry testId="8649b6a0-70dc-0290-bdeb-a37467c14379" executionId="2ce77c7f-a8e6-4341-9607-57e935acccad" testListId="8c84fa94-04c1-424b-9868-57a2d4851a1d" />
    <TestEntry testId="cd56fb93-0eed-d776-b4a6-7b72246fd8a6" executionId="8f2847b1-41f4-438d-be18-2253cc8ea182" testListId="8c84fa94-04c1-424b-9868-57a2d4851a1d" />
    <TestEntry testId="dff86f00-adf8-0959-76ac-186ea08e59bd" executionId="7083edbc-692e-42de-a44e-23d40ee06984" testListId="8c84fa94-04c1-424b-9868-57a2d4851a1d" />
    <TestEntry testId="4aeaa612-27af-a67f-7e10-8ef819c871f1" executionId="0ddd52f1-6280-44ef-83dc-df2d55da6269" testListId="8c84fa94-04c1-424b-9868-57a2d4851a1d" />
    <TestEntry testId="3661ba45-91b7-bddd-f619-009a609052d9" executionId="7b4b6ab5-167e-40da-9a28-71db56d210db" testListId="8c84fa94-04c1-424b-9868-57a2d4851a1d" />
    <TestEntry testId="916ee6c4-db86-01ee-dceb-fc3733d78c0f" executionId="f1110c55-fe85-4eac-99a5-e576c908fe41" testListId="8c84fa94-04c1-424b-9868-57a2d4851a1d" />
    <TestEntry testId="911a754b-4a21-7213-ab66-37b764b44fff" executionId="93931ae8-f4da-4b3e-a75d-708806be7556" testListId="8c84fa94-04c1-424b-9868-57a2d4851a1d" />
    <TestEntry testId="f0e6cec2-f5ab-7a25-7a3c-b2ab816b90b0" executionId="ff70bfa7-20ca-4518-9f59-fa96328f21ac" testListId="8c84fa94-04c1-424b-9868-57a2d4851a1d" />
    <TestEntry testId="8695aac4-bad9-8a51-7f35-4933b6ca92ab" executionId="6b3d61bb-5c93-400e-bd51-e5a47bd23a4e" testListId="8c84fa94-04c1-424b-9868-57a2d4851a1d" />
    <TestEntry testId="d097418a-284a-0f48-b120-88f843d12853" executionId="40818da7-1d0f-4129-a1cf-0713de829ae6" testListId="8c84fa94-04c1-424b-9868-57a2d4851a1d" />
    <TestEntry testId="06b558f2-559a-6a2e-336b-64ac3a80bb27" executionId="2ca40b01-788e-4776-aeb8-555866713a3b" testListId="8c84fa94-04c1-424b-9868-57a2d4851a1d" />
    <TestEntry testId="f089828d-f028-71d5-48d2-b0fdefe19ce6" executionId="20b25bdb-ccdd-4889-aea0-c4a9e0f22ade" testListId="8c84fa94-04c1-424b-9868-57a2d4851a1d" />
    <TestEntry testId="57fef621-c869-d76a-b1c4-750e9f34bcf8" executionId="9131bae7-6f59-4df1-8f3d-ce0fe672709e" testListId="8c84fa94-04c1-424b-9868-57a2d4851a1d" />
    <TestEntry testId="d30d87eb-042e-a85c-750c-9fab31b27443" executionId="5e53752a-8e7e-42e6-874b-648e29b8008f" testListId="8c84fa94-04c1-424b-9868-57a2d4851a1d" />
    <TestEntry testId="fb9aa8e0-4570-1d25-abf0-3e9070058471" executionId="d5c6df28-7b47-44fd-b954-997837bfc973" testListId="8c84fa94-04c1-424b-9868-57a2d4851a1d" />
    <TestEntry testId="f66333dc-734c-f6ea-92b2-7e230c56eaf2" executionId="8437f47a-a5a1-4d5a-8ad4-c2f4846b7b2a" testListId="8c84fa94-04c1-424b-9868-57a2d4851a1d" />
    <TestEntry testId="1a64560e-6964-f5f3-5442-f6f38b03cc18" executionId="1539996a-2541-44dd-a766-555715768ff3" testListId="8c84fa94-04c1-424b-9868-57a2d4851a1d" />
    <TestEntry testId="54f7c0f2-efd1-544c-ad47-2520376458fa" executionId="745187c8-c639-40bd-898a-d942ea594e00" testListId="8c84fa94-04c1-424b-9868-57a2d4851a1d" />
    <TestEntry testId="f333f71a-0e07-3c5a-f7fc-8c8e0562fb78" executionId="91ae4771-f15f-4371-9525-5ec2536cbe73" testListId="8c84fa94-04c1-424b-9868-57a2d4851a1d" />
    <TestEntry testId="2baf0449-377b-035c-e243-2b7e59fc8d84" executionId="486e665f-b282-45cf-b9dc-d54459d65727" testListId="8c84fa94-04c1-424b-9868-57a2d4851a1d" />
    <TestEntry testId="21da7965-2df6-0853-1b3d-be7597e928c8" executionId="6ade0a5d-7abb-4930-a455-f3a366cb7322" testListId="8c84fa94-04c1-424b-9868-57a2d4851a1d" />
    <TestEntry testId="492a74e5-0879-8c47-fe63-f774f5fb0dd6" executionId="00f7fa63-cf4e-41a5-b63f-8eb627f60016" testListId="8c84fa94-04c1-424b-9868-57a2d4851a1d" />
    <TestEntry testId="e245b214-fe82-d416-72b8-33d224c8af24" executionId="7bc5751a-5a20-4937-b7a7-8430737c7863" testListId="8c84fa94-04c1-424b-9868-57a2d4851a1d" />
    <TestEntry testId="c572b7bd-5e96-7829-9221-aa192cce769e" executionId="f8cfb764-76ae-451f-b2fc-250a6d39d8b0" testListId="8c84fa94-04c1-424b-9868-57a2d4851a1d" />
    <TestEntry testId="41f6c7e0-8c95-404f-3027-8dd2cba17e11" executionId="5d9e0b90-8284-4f7a-bcd2-3d2d6cf045a7" testListId="8c84fa94-04c1-424b-9868-57a2d4851a1d" />
    <TestEntry testId="d83cffc9-2dc1-227b-0dd2-716cea056551" executionId="0c5e4d96-daa3-43aa-899c-15517854cd36" testListId="8c84fa94-04c1-424b-9868-57a2d4851a1d" />
    <TestEntry testId="a7e854b3-ad0c-30c9-739e-808a4e52d5c7" executionId="fcb3684e-4ad9-4b27-bf0c-3d49a10c7de1" testListId="8c84fa94-04c1-424b-9868-57a2d4851a1d" />
    <TestEntry testId="cf980ff0-658a-cea3-568e-ae6607f09bd5" executionId="7345fa09-6064-4fff-8797-17ee2cbb2e16" testListId="8c84fa94-04c1-424b-9868-57a2d4851a1d" />
    <TestEntry testId="231663dc-17a0-f2cf-d0a3-b9d590ad675e" executionId="d9778037-f606-4222-9ff9-931d01ed3d08" testListId="8c84fa94-04c1-424b-9868-57a2d4851a1d" />
    <TestEntry testId="fc81f98e-fdf1-98e3-0f80-614f002dc04c" executionId="9194a724-8617-4b17-a538-893673db2ba1" testListId="8c84fa94-04c1-424b-9868-57a2d4851a1d" />
    <TestEntry testId="1830429d-a50e-f24b-1de0-c7821602f1c8" executionId="0182b53f-0ee5-4a5d-9f2c-0a748a3f4d47" testListId="8c84fa94-04c1-424b-9868-57a2d4851a1d" />
    <TestEntry testId="5aea37a5-f0f1-77ae-5f92-fdafccaf4e6f" executionId="b4ea4dab-ffb6-4b8c-bda5-4470695bca7a" testListId="8c84fa94-04c1-424b-9868-57a2d4851a1d" />
    <TestEntry testId="b775d07a-4cd6-b069-16d2-d61d8fe62088" executionId="df8551a8-1121-4626-968a-6f204ce93fd0" testListId="8c84fa94-04c1-424b-9868-57a2d4851a1d" />
    <TestEntry testId="41359944-1b64-186b-7087-a470bed2994d" executionId="0fb33237-4e79-4e3a-8726-e185ea8918d8" testListId="8c84fa94-04c1-424b-9868-57a2d4851a1d" />
    <TestEntry testId="dacedd72-550d-d1bf-d9a6-5d170c95ba1b" executionId="91e1ace7-6f85-400b-9f43-32df838e9638" testListId="8c84fa94-04c1-424b-9868-57a2d4851a1d" />
    <TestEntry testId="aa4067e8-b28a-52d2-8bdf-f8f50f58c26a" executionId="e53e5bb5-4c83-4cf6-895f-c275d7891802" testListId="8c84fa94-04c1-424b-9868-57a2d4851a1d" />
    <TestEntry testId="91f8128f-bf3b-28e3-f019-7c15bf28820b" executionId="a976b0df-9854-43d5-9112-6cb454bbfc2b" testListId="8c84fa94-04c1-424b-9868-57a2d4851a1d" />
    <TestEntry testId="343b2b64-0be3-4bf7-adf7-59ae0dcb4692" executionId="a0c782d3-b9be-4e47-beb8-f1ce5f55c859" testListId="8c84fa94-04c1-424b-9868-57a2d4851a1d" />
    <TestEntry testId="a2f09d51-5e4f-ca37-d7ac-19fd446a6c3c" executionId="be632b5d-9608-4c10-a67c-d2f0d5d991f3" testListId="8c84fa94-04c1-424b-9868-57a2d4851a1d" />
    <TestEntry testId="649e9608-c087-e678-8053-b4978cc56299" executionId="7daa0e5c-7412-4c7a-8fb0-6efac36275e7" testListId="8c84fa94-04c1-424b-9868-57a2d4851a1d" />
    <TestEntry testId="6d227c01-5ef3-195c-1f2c-d26a9beb98a5" executionId="bb0bdeb9-289a-4e0b-9f5a-417d54afd8c5" testListId="8c84fa94-04c1-424b-9868-57a2d4851a1d" />
    <TestEntry testId="98fff030-53c1-c04c-47fb-82b4ef74e4d8" executionId="10d49931-ee07-4ef6-a63a-99a28dfa1595" testListId="8c84fa94-04c1-424b-9868-57a2d4851a1d" />
    <TestEntry testId="96d5500d-c84d-e9d1-9989-81ab8d34a29e" executionId="7b9d15b8-8443-4c61-b8fc-78d60e4e94ca" testListId="8c84fa94-04c1-424b-9868-57a2d4851a1d" />
    <TestEntry testId="6a6b3d60-b93a-8958-6b62-7ecff6d37770" executionId="8e31b6e2-c77f-4a81-8bf5-1f7f83da54ee" testListId="8c84fa94-04c1-424b-9868-57a2d4851a1d" />
    <TestEntry testId="f8fd1a06-1ab8-77ad-0b71-ac8f592c9bca" executionId="ae4aa20d-1b3e-4e12-b2cc-d4ec9c5df25f" testListId="8c84fa94-04c1-424b-9868-57a2d4851a1d" />
    <TestEntry testId="dd8694ec-fc30-7bec-b122-aa378591b358" executionId="b45834d9-16a6-449a-9d77-f5235cc16436" testListId="8c84fa94-04c1-424b-9868-57a2d4851a1d" />
    <TestEntry testId="edde5423-110b-0c3e-e075-ce5d75904558" executionId="cc7830b0-cfbc-43bd-8701-5b099b6be830" testListId="8c84fa94-04c1-424b-9868-57a2d4851a1d" />
    <TestEntry testId="ad8a643c-35da-9049-8612-6bdc5d70646a" executionId="0779685b-5cc4-4191-a9f9-3ffb67307819" testListId="8c84fa94-04c1-424b-9868-57a2d4851a1d" />
    <TestEntry testId="2bf87ab2-6a88-0eb9-8c82-d8448e22b6b4" executionId="1d2b666a-12be-428d-967a-c64c93edf934" testListId="8c84fa94-04c1-424b-9868-57a2d4851a1d" />
    <TestEntry testId="1b35c96d-3503-3642-f460-ec108a601a23" executionId="b0fffe03-aab6-4f02-8ab1-4fa2c03aa813" testListId="8c84fa94-04c1-424b-9868-57a2d4851a1d" />
    <TestEntry testId="b306b4b4-b01e-e83f-8bed-abc820a675c9" executionId="82f6d133-9e52-4a9b-b896-f5610094ac7d" testListId="8c84fa94-04c1-424b-9868-57a2d4851a1d" />
    <TestEntry testId="85e92233-ab5f-a807-b135-7f0ed876ac93" executionId="13cff848-c364-4728-972f-44ad780c0c9d" testListId="8c84fa94-04c1-424b-9868-57a2d4851a1d" />
    <TestEntry testId="2831d34d-42eb-1c85-a174-a1b3b1f5bc8c" executionId="5f49498b-a5a1-49ad-88aa-863bf0b401f0" testListId="8c84fa94-04c1-424b-9868-57a2d4851a1d" />
    <TestEntry testId="3509a51a-9506-3a6c-aa40-072e733eab5c" executionId="3fab8fd0-c04e-4022-9e07-05bc795f8bac" testListId="8c84fa94-04c1-424b-9868-57a2d4851a1d" />
    <TestEntry testId="4b1c9fd5-c55e-1ac7-c247-da8b5bc22cfd" executionId="c0019889-7800-4f09-a0bb-9ef4901abcd3" testListId="8c84fa94-04c1-424b-9868-57a2d4851a1d" />
    <TestEntry testId="b4533e69-d8d9-25d6-b6dc-21f7ef2e7a21" executionId="b48a8b9d-23b1-4d22-852c-682650dee86e" testListId="8c84fa94-04c1-424b-9868-57a2d4851a1d" />
    <TestEntry testId="8e1341ff-880d-370d-6a92-4e8d951452f2" executionId="bd40a0a3-bc26-4807-8129-ed317f8196c8" testListId="8c84fa94-04c1-424b-9868-57a2d4851a1d" />
    <TestEntry testId="6a3b15fd-8992-dcb6-1e1e-0dcb1a0e3361" executionId="81010e21-5360-41b9-a001-ef7c7e8f2b3c" testListId="8c84fa94-04c1-424b-9868-57a2d4851a1d" />
    <TestEntry testId="da970e99-5d30-665b-42e2-538320b2de65" executionId="a2a494a9-d2ae-4fab-8f36-703ed7fc42cd" testListId="8c84fa94-04c1-424b-9868-57a2d4851a1d" />
    <TestEntry testId="e474cf49-3b10-7d2f-29c0-7ecb4b93b331" executionId="e069482d-defa-4697-9ad0-61aaf0be71ac" testListId="8c84fa94-04c1-424b-9868-57a2d4851a1d" />
    <TestEntry testId="fee2ed2c-cc88-8403-cc84-518da17c5c01" executionId="e351f4ff-b4f8-46a7-9308-aeabbe7d896c" testListId="8c84fa94-04c1-424b-9868-57a2d4851a1d" />
    <TestEntry testId="dcbbeaa9-e8e4-7fc4-4202-c31cfa0a2356" executionId="a0bf0ae6-8682-4eb8-8de9-a07249d6f666" testListId="8c84fa94-04c1-424b-9868-57a2d4851a1d" />
    <TestEntry testId="82f55bc6-3ab2-a6f7-27bf-31183dca4c25" executionId="5e4d234e-8bdb-4a96-a28d-2cbfd62f3bf9" testListId="8c84fa94-04c1-424b-9868-57a2d4851a1d" />
    <TestEntry testId="de2cc32a-0146-54ce-9e6b-d3aabc11ccf5" executionId="9f83ca08-5c6b-426e-956d-9240b664a9a7" testListId="8c84fa94-04c1-424b-9868-57a2d4851a1d" />
    <TestEntry testId="58c75aeb-e3ba-43a5-37a3-4faf9ce396c2" executionId="b9aff2fa-c48a-4bbe-b8a8-456953fba29a" testListId="8c84fa94-04c1-424b-9868-57a2d4851a1d" />
    <TestEntry testId="75fbb975-8fbd-9b46-1732-d0df17d45bc2" executionId="f702eee6-bad8-4596-9bd8-baf8c8efd60f" testListId="8c84fa94-04c1-424b-9868-57a2d4851a1d" />
    <TestEntry testId="33bf6601-a349-59bb-09bd-db35fdc456d8" executionId="137d2ff9-22a6-4c1b-81aa-00320a12901d" testListId="8c84fa94-04c1-424b-9868-57a2d4851a1d" />
    <TestEntry testId="a76e7ffb-bf22-99c0-a6dc-ec511ac01fd2" executionId="18580566-0a97-4d7a-935d-96f29cc5f16c" testListId="8c84fa94-04c1-424b-9868-57a2d4851a1d" />
    <TestEntry testId="3637a376-ae9a-e528-afaf-e1ca2276f010" executionId="ac956178-fb37-48c0-8805-03a61f9e8f76" testListId="8c84fa94-04c1-424b-9868-57a2d4851a1d" />
    <TestEntry testId="b2785c08-75dc-57da-3386-935b0d2e5e99" executionId="42125a38-f224-47bf-8532-0967e9ecb4ec" testListId="8c84fa94-04c1-424b-9868-57a2d4851a1d" />
    <TestEntry testId="90d24614-d5fb-3703-283e-d3349071d86f" executionId="7dead393-a4bc-47c8-9836-1bec1946e093" testListId="8c84fa94-04c1-424b-9868-57a2d4851a1d" />
    <TestEntry testId="046311e7-00c1-ef6d-f09a-d62fc09a26ed" executionId="3203a2d3-77f2-4a62-a4bb-0b62e217c338" testListId="8c84fa94-04c1-424b-9868-57a2d4851a1d" />
    <TestEntry testId="f84a7119-08ac-5d8d-bd12-7860ff77976c" executionId="25e3058d-cfa1-45d1-b477-af0935f9f47d" testListId="8c84fa94-04c1-424b-9868-57a2d4851a1d" />
    <TestEntry testId="d89ad491-5c2e-e008-fce8-2af40ce03b05" executionId="88fe8ef9-3169-4f5a-abfe-8c2c7bdb44e1" testListId="8c84fa94-04c1-424b-9868-57a2d4851a1d" />
    <TestEntry testId="1bce7956-e646-34df-076d-ce535ac6241f" executionId="abaae4f5-393d-4b35-8dcf-bfa4cd208c71" testListId="8c84fa94-04c1-424b-9868-57a2d4851a1d" />
    <TestEntry testId="54c3cb7c-2822-846e-42e4-23ede85ae7b9" executionId="f581b34a-20ed-4bcf-82f7-674d3aa3e369" testListId="8c84fa94-04c1-424b-9868-57a2d4851a1d" />
    <TestEntry testId="b7b8e73e-c0c7-02a5-30ae-4effac23b9d0" executionId="c6f4ec28-205e-4458-9a6f-dd45e278de34" testListId="8c84fa94-04c1-424b-9868-57a2d4851a1d" />
    <TestEntry testId="6e8d1193-f5e0-5129-ea68-cfedce5facb1" executionId="b3f9e794-1e8b-4de6-8903-bc347ae633e4" testListId="8c84fa94-04c1-424b-9868-57a2d4851a1d" />
    <TestEntry testId="b07a5ed1-d6bb-13a6-b422-6e852334dd2a" executionId="2418f88d-15f6-4cd1-b7df-ee9101b43efb" testListId="8c84fa94-04c1-424b-9868-57a2d4851a1d" />
    <TestEntry testId="4399ec1d-2c9d-f6f6-8e33-880ef9e97bed" executionId="a60981ac-d620-4e9f-a90b-845d6faaae6b" testListId="8c84fa94-04c1-424b-9868-57a2d4851a1d" />
    <TestEntry testId="ec17200e-ab59-1085-baef-4f43de14be21" executionId="f42fd826-032a-4d31-882c-f45009d2d714" testListId="8c84fa94-04c1-424b-9868-57a2d4851a1d" />
    <TestEntry testId="6706d411-8cf1-f762-631a-95a0ad7cba2a" executionId="6726fa52-5abe-4887-8430-9fc2f5a1a7a7" testListId="8c84fa94-04c1-424b-9868-57a2d4851a1d" />
    <TestEntry testId="a2b94d8f-bc5d-7cd3-30ac-b7de6576e0d9" executionId="3766c0bc-ab57-4268-ae25-86b82b96b5a8" testListId="8c84fa94-04c1-424b-9868-57a2d4851a1d" />
    <TestEntry testId="a30d82e3-d5db-d2a0-02c3-1f769a14f7a4" executionId="4eb47c10-678a-4815-99b5-d11741b0a688" testListId="8c84fa94-04c1-424b-9868-57a2d4851a1d" />
    <TestEntry testId="1fca15cf-fb76-e220-7a95-4e1dd47337bd" executionId="d59f0104-be67-4397-8e3a-9dc48480eb25" testListId="8c84fa94-04c1-424b-9868-57a2d4851a1d" />
    <TestEntry testId="20dc1a2e-8954-e203-e1bb-7c9c3a0f31b8" executionId="1acc1463-eea2-4cff-9f4f-9f486b19fe01" testListId="8c84fa94-04c1-424b-9868-57a2d4851a1d" />
    <TestEntry testId="a07fcde9-c61e-0639-2b44-52456ea11e7b" executionId="198787f7-6652-411e-80d0-93ca6803aa5e" testListId="8c84fa94-04c1-424b-9868-57a2d4851a1d" />
    <TestEntry testId="3e2d5ffd-cdb1-47e2-9eb1-edf9fd7fb46d" executionId="a46d9534-d3a2-4f49-9fb9-6e8949848d30" testListId="8c84fa94-04c1-424b-9868-57a2d4851a1d" />
    <TestEntry testId="2ab3c9d9-d100-821a-7e89-307c50783177" executionId="f309b5ad-6e00-4d6c-a471-2a9837993310" testListId="8c84fa94-04c1-424b-9868-57a2d4851a1d" />
    <TestEntry testId="09865c3a-326d-3062-49a7-b21c41b9b775" executionId="7cc06863-5099-4b13-8cb8-8ed4b1051abf" testListId="8c84fa94-04c1-424b-9868-57a2d4851a1d" />
    <TestEntry testId="0994a0aa-12d5-3225-bdd7-86480d5dfd50" executionId="6cffc448-aaba-405f-9e9b-428ac0400def" testListId="8c84fa94-04c1-424b-9868-57a2d4851a1d" />
    <TestEntry testId="67a7be4e-cdc4-c136-f975-9b7c19eac636" executionId="5e7aa2a5-4ac3-485e-bcf7-cf789d3a8113" testListId="8c84fa94-04c1-424b-9868-57a2d4851a1d" />
    <TestEntry testId="b7241b1c-5cc3-ccaf-39f0-606a89437376" executionId="ca797404-71ac-4339-aa0d-625b93c5256c" testListId="8c84fa94-04c1-424b-9868-57a2d4851a1d" />
    <TestEntry testId="1ca8cc07-4e6e-b881-0a4e-6e0b13bdb304" executionId="cf48c427-be5f-446d-9f12-e203ee873bb2" testListId="8c84fa94-04c1-424b-9868-57a2d4851a1d" />
    <TestEntry testId="3fec8e3f-9699-85ec-6f9e-ca6647d23711" executionId="73f75a79-a752-4a7f-b74a-3f3534304a2d" testListId="8c84fa94-04c1-424b-9868-57a2d4851a1d" />
    <TestEntry testId="8c919fb2-e426-f681-7eea-a918e962357f" executionId="03f5656d-514f-42f6-b111-e96510145604" testListId="8c84fa94-04c1-424b-9868-57a2d4851a1d" />
    <TestEntry testId="549fe4d6-0246-94be-ca82-d07edb107e05" executionId="20412e43-41b5-4906-90ab-465fdca4df6c" testListId="8c84fa94-04c1-424b-9868-57a2d4851a1d" />
    <TestEntry testId="578b66cf-7c0f-d4f3-e487-f16b179e6e14" executionId="85ba68f0-e25e-4a2a-8c35-e454dda1b81e" testListId="8c84fa94-04c1-424b-9868-57a2d4851a1d" />
    <TestEntry testId="58080360-2f6c-9e91-26b5-fffbb103c02b" executionId="f2916705-1fb4-4629-bf60-297133d49abd" testListId="8c84fa94-04c1-424b-9868-57a2d4851a1d" />
    <TestEntry testId="c489ee98-ff2e-4034-318b-ece3c1d11ad4" executionId="58b48a65-0b77-4a7d-98cc-4ea5eb04ded6" testListId="8c84fa94-04c1-424b-9868-57a2d4851a1d" />
    <TestEntry testId="baf17b1e-6bf7-46c2-00f9-e86fec5c4340" executionId="7247eb5f-ef48-4535-b50b-fd223d40327b" testListId="8c84fa94-04c1-424b-9868-57a2d4851a1d" />
    <TestEntry testId="77c7e0b0-ebdf-3c04-24e4-82649849c9bf" executionId="2fd010a7-a138-488b-b53a-33d895c9ffe1" testListId="8c84fa94-04c1-424b-9868-57a2d4851a1d" />
    <TestEntry testId="6ac14754-ba3b-e9e4-7cf6-f99baa850490" executionId="d1848bd7-ca04-4f68-829b-5a607eb9e12b" testListId="8c84fa94-04c1-424b-9868-57a2d4851a1d" />
    <TestEntry testId="14ed280b-e0d1-ac05-a52b-80f44809c7e5" executionId="5efb826d-79e9-4f88-9339-a2d48cf73ad4" testListId="8c84fa94-04c1-424b-9868-57a2d4851a1d" />
    <TestEntry testId="d7333a12-6de8-7f02-ecd3-085b65d7577a" executionId="87390008-0e70-489f-82b4-65b6cd2422bb" testListId="8c84fa94-04c1-424b-9868-57a2d4851a1d" />
    <TestEntry testId="9415680d-8603-0d49-0291-4a7f9126ab00" executionId="a14b9cbf-7e31-454e-afd7-ba5b0a64f3d2" testListId="8c84fa94-04c1-424b-9868-57a2d4851a1d" />
    <TestEntry testId="2b2d08c0-1ed0-80a3-cceb-b096ae85fa44" executionId="f57acf12-28cf-41ab-bccd-6893994c2793" testListId="8c84fa94-04c1-424b-9868-57a2d4851a1d" />
    <TestEntry testId="a8602185-c69f-60f3-f0b2-cecb67753975" executionId="62451f66-336b-4c78-ae6a-7eaa64374f30" testListId="8c84fa94-04c1-424b-9868-57a2d4851a1d" />
    <TestEntry testId="b425d510-a5ac-97dc-9358-45146422c096" executionId="1f4fbac1-d510-4ab6-a0e4-468ff2383dbd" testListId="8c84fa94-04c1-424b-9868-57a2d4851a1d" />
    <TestEntry testId="ea3462a5-ce30-2e6d-29ba-8f2f8f7032e2" executionId="8aef7205-c579-47ea-8ca8-cced54c63d84" testListId="8c84fa94-04c1-424b-9868-57a2d4851a1d" />
    <TestEntry testId="894802e4-a232-e078-bf9e-8dc2e44887a3" executionId="9b1626fd-613a-4a65-864d-1ba87865b670" testListId="8c84fa94-04c1-424b-9868-57a2d4851a1d" />
    <TestEntry testId="50519408-910f-6c62-3606-ad9ca319f245" executionId="6513e367-21c5-40ef-be5d-5b53f4e7bdef" testListId="8c84fa94-04c1-424b-9868-57a2d4851a1d" />
    <TestEntry testId="fb501942-fd1c-8085-ebe3-88733ae59551" executionId="135afbeb-8234-4d3b-8210-f0ba8594b179" testListId="8c84fa94-04c1-424b-9868-57a2d4851a1d" />
    <TestEntry testId="4ecdbed6-4bdb-5c2b-34a1-a0870150b3ae" executionId="84b9959f-67ac-4bf1-aabf-40dadb910d65" testListId="8c84fa94-04c1-424b-9868-57a2d4851a1d" />
    <TestEntry testId="8a800ddd-8838-3308-4cf6-d393b15715b7" executionId="4c7cf2ba-b8c2-41d0-8be2-f9419402b50d" testListId="8c84fa94-04c1-424b-9868-57a2d4851a1d" />
    <TestEntry testId="9d170ca7-07b6-b2c8-0ded-d6e1bb43097c" executionId="c507c732-1624-4243-ac0c-09d49cbc274b" testListId="8c84fa94-04c1-424b-9868-57a2d4851a1d" />
    <TestEntry testId="ea347c4f-af5a-5f96-7af2-0ce648034b9f" executionId="f53490fe-aeba-4850-a6a0-97ee626b98f7" testListId="8c84fa94-04c1-424b-9868-57a2d4851a1d" />
    <TestEntry testId="0b19701d-b92d-a51b-6f73-de7c1f1becfa" executionId="1e337f4f-d76a-4e2a-8d25-dfad1eff0f6f" testListId="8c84fa94-04c1-424b-9868-57a2d4851a1d" />
    <TestEntry testId="74227176-8c7a-ec65-bd11-5456d1514c33" executionId="f518722e-de94-4dc7-bb65-37ff0c858987" testListId="8c84fa94-04c1-424b-9868-57a2d4851a1d" />
    <TestEntry testId="75a03c35-ee62-94d4-b7e1-73fa3a012bb6" executionId="c245ba81-4ec9-46dc-819e-4495c1682a53" testListId="8c84fa94-04c1-424b-9868-57a2d4851a1d" />
    <TestEntry testId="8e5b3b2d-d576-7b21-70fc-c6981a8f9328" executionId="f31923cf-e61e-427e-b923-aa7e3738d09e" testListId="8c84fa94-04c1-424b-9868-57a2d4851a1d" />
    <TestEntry testId="2e7ddda3-0753-ee69-12f3-a89221333475" executionId="b69690d6-72c0-4b8f-8011-ae0847aca6b2" testListId="8c84fa94-04c1-424b-9868-57a2d4851a1d" />
    <TestEntry testId="27419a8a-3663-5bd2-0ace-4a8da03cddaf" executionId="e4ace930-3733-4b36-a1da-e8551a2df938" testListId="8c84fa94-04c1-424b-9868-57a2d4851a1d" />
    <TestEntry testId="50ccfab2-c8b8-e6d6-b76d-97f3c7335a90" executionId="e2740371-65bc-44b9-8e2f-772683473ee4" testListId="8c84fa94-04c1-424b-9868-57a2d4851a1d" />
    <TestEntry testId="1b1c96a6-b8c1-c201-3b0f-d6f5700369b2" executionId="ed4d4e25-9866-499e-ac05-b71884e140f4" testListId="8c84fa94-04c1-424b-9868-57a2d4851a1d" />
    <TestEntry testId="fceb9d29-7da0-1e6c-c8a8-820c7f40d746" executionId="993f0ef5-2e25-4cd9-a311-ffe4baf15f93" testListId="8c84fa94-04c1-424b-9868-57a2d4851a1d" />
    <TestEntry testId="134754e0-c445-e969-35d8-c17e9cb798f9" executionId="d434fa37-e259-4a2e-91e8-8490d6cf2ff4" testListId="8c84fa94-04c1-424b-9868-57a2d4851a1d" />
    <TestEntry testId="045e707a-1078-b7cb-3af0-c83024c5a95c" executionId="19b88396-774d-48aa-bfb1-f335dfb53f5d" testListId="8c84fa94-04c1-424b-9868-57a2d4851a1d" />
    <TestEntry testId="8f734c84-010b-fd88-9118-98e3804d5b92" executionId="00f2f011-931e-49ac-b518-65c87c3f091d" testListId="8c84fa94-04c1-424b-9868-57a2d4851a1d" />
    <TestEntry testId="080dfb13-5944-cd0b-e84c-37ce02f84942" executionId="9817571a-a5af-4c38-8d5d-7e42273ae8e9" testListId="8c84fa94-04c1-424b-9868-57a2d4851a1d" />
    <TestEntry testId="d2fb9de0-5e4f-ac12-aa83-8550f95e5a01" executionId="aba16e99-1a83-46c0-be66-db7d48f99843" testListId="8c84fa94-04c1-424b-9868-57a2d4851a1d" />
    <TestEntry testId="41b278f2-92eb-a92d-9fbd-d70cb8578d79" executionId="735cd3ec-ff58-4962-9a65-117f28852730" testListId="8c84fa94-04c1-424b-9868-57a2d4851a1d" />
    <TestEntry testId="e3f1d3c8-0311-824e-8050-95178be5e52c" executionId="e071f1f2-2754-4c3e-9966-15cc89c9348d" testListId="8c84fa94-04c1-424b-9868-57a2d4851a1d" />
    <TestEntry testId="acfe2752-9929-f7a5-f06b-9a3f6d2df54f" executionId="4faa3760-4cec-4682-81b7-5083b856504a" testListId="8c84fa94-04c1-424b-9868-57a2d4851a1d" />
    <TestEntry testId="455c7ea6-44fe-ef1f-ec74-2e3bb517d295" executionId="c74a4adb-157f-4352-91d0-666cdaec0f32" testListId="8c84fa94-04c1-424b-9868-57a2d4851a1d" />
    <TestEntry testId="f286f172-7e8c-bc8d-99b5-b1e12f8b2bb3" executionId="ba73cdfd-5c89-473a-945e-d3d3d61d0a4c" testListId="8c84fa94-04c1-424b-9868-57a2d4851a1d" />
    <TestEntry testId="950e39ec-c1b7-542e-8809-1780fb99f205" executionId="aca677ac-923b-4c67-9dc7-2fb7608cf511" testListId="8c84fa94-04c1-424b-9868-57a2d4851a1d" />
    <TestEntry testId="29308019-0c56-dbff-6050-2c7cd2ff9cc5" executionId="a842117a-36be-4471-9585-e6753d3db96b" testListId="8c84fa94-04c1-424b-9868-57a2d4851a1d" />
    <TestEntry testId="156b4fa6-3984-821f-9411-f6545248be61" executionId="c46c09f6-3f04-4822-953f-8c23d7251849" testListId="8c84fa94-04c1-424b-9868-57a2d4851a1d" />
    <TestEntry testId="9fb13209-5497-c932-ef08-cafb61cad12c" executionId="183f1649-b1ac-4de8-9c04-dc32bf162c7b" testListId="8c84fa94-04c1-424b-9868-57a2d4851a1d" />
    <TestEntry testId="5373db25-0e0f-9f54-026a-a5838164bd0a" executionId="2a97d79c-6076-4dc9-b8a5-1a06501f76f1" testListId="8c84fa94-04c1-424b-9868-57a2d4851a1d" />
    <TestEntry testId="3df92da4-13c2-77c3-4f95-4187fe50fc93" executionId="4482e438-bd80-441a-935e-d4f181233d77" testListId="8c84fa94-04c1-424b-9868-57a2d4851a1d" />
    <TestEntry testId="0be9096d-8606-eb90-db7e-1ff2f6d67641" executionId="f70799fa-6f87-41e0-9971-4bba9e14dee2" testListId="8c84fa94-04c1-424b-9868-57a2d4851a1d" />
    <TestEntry testId="a17ff5e3-f1d2-d696-57d7-c12b7744d935" executionId="7a617809-ad2e-4ffc-9b00-1c8eecde10aa" testListId="8c84fa94-04c1-424b-9868-57a2d4851a1d" />
    <TestEntry testId="c6542e85-9b3f-7672-00a9-5f09c0c1d8b9" executionId="d9521841-5768-43e1-9139-9561a27f5fd7" testListId="8c84fa94-04c1-424b-9868-57a2d4851a1d" />
    <TestEntry testId="ddf551cb-b112-7f3f-cb8d-7b0e12283f64" executionId="f35350af-15cf-4514-835c-0cf5ce8c5dd4" testListId="8c84fa94-04c1-424b-9868-57a2d4851a1d" />
    <TestEntry testId="e0c9131b-164e-efd9-9c38-343bf3724bdf" executionId="b90c23a2-2c73-481d-acd4-b07be1230ada" testListId="8c84fa94-04c1-424b-9868-57a2d4851a1d" />
    <TestEntry testId="b53800a6-c30a-b14a-00eb-e7ed3eb06cd9" executionId="2ca1d91d-69db-4f0f-9dcb-753050afe11a" testListId="8c84fa94-04c1-424b-9868-57a2d4851a1d" />
    <TestEntry testId="0507bcc1-e4fc-1936-fe78-283dd5cecc14" executionId="dbb9947d-d467-417d-9326-48ee890ee9aa" testListId="8c84fa94-04c1-424b-9868-57a2d4851a1d" />
    <TestEntry testId="217af38c-4cb1-d200-9bd6-d154fb61e27a" executionId="318cc1df-8da1-47cf-b4d1-ff839d77b58d" testListId="8c84fa94-04c1-424b-9868-57a2d4851a1d" />
    <TestEntry testId="aeab3429-d90c-d2f2-7b84-011732585310" executionId="0ee47450-c81d-4f7c-8f3d-3f37dc049d41" testListId="8c84fa94-04c1-424b-9868-57a2d4851a1d" />
    <TestEntry testId="78adf058-2432-8838-f7fc-3dd894e13527" executionId="07e1e933-cae4-4920-8d88-6957cf71053a" testListId="8c84fa94-04c1-424b-9868-57a2d4851a1d" />
    <TestEntry testId="88db907c-2729-b881-7e27-60f3def562f7" executionId="1150c527-2b08-41ea-a701-a2b86b24292f" testListId="8c84fa94-04c1-424b-9868-57a2d4851a1d" />
    <TestEntry testId="22a1ee5b-9030-e5bc-e843-195f986e0da9" executionId="cfb874fc-5f0a-44fb-bec9-77609311699b" testListId="8c84fa94-04c1-424b-9868-57a2d4851a1d" />
    <TestEntry testId="11c49146-971a-8022-58c8-ad28e7cf0573" executionId="11534b1f-a54e-45c6-8661-1b42aea11ec3" testListId="8c84fa94-04c1-424b-9868-57a2d4851a1d" />
    <TestEntry testId="417144aa-4122-7ec4-01c5-f3e4baa6fbc3" executionId="37d43ac8-a7b1-4a52-9e21-e32a4004d04b" testListId="8c84fa94-04c1-424b-9868-57a2d4851a1d" />
    <TestEntry testId="cbf50a76-c1d6-e3d2-04f2-a9504eb28170" executionId="f62b59b1-8449-4bce-9332-9c04f34a2b93" testListId="8c84fa94-04c1-424b-9868-57a2d4851a1d" />
    <TestEntry testId="9b0a46c5-cc0f-583d-4f43-3b9ec7a0262e" executionId="dc4f8070-8811-4807-98b5-afadccbc4589" testListId="8c84fa94-04c1-424b-9868-57a2d4851a1d" />
    <TestEntry testId="0d941a8f-5acf-3904-bc13-7b093784f788" executionId="4869b734-f7e4-420f-895f-3af79d451a4c" testListId="8c84fa94-04c1-424b-9868-57a2d4851a1d" />
    <TestEntry testId="7830b5c8-a7fb-22af-0a4e-64c1e036d283" executionId="72473788-3c2e-4611-b7a1-f8f5d99f68eb" testListId="8c84fa94-04c1-424b-9868-57a2d4851a1d" />
    <TestEntry testId="181cf575-df74-dcfd-8990-f51d9a015474" executionId="6b92b259-555c-4528-9c19-7e61237c2a0a" testListId="8c84fa94-04c1-424b-9868-57a2d4851a1d" />
    <TestEntry testId="ef727d84-0446-236e-df91-a9083a3b0329" executionId="86fc9805-cb52-43d6-98a2-376d2ac85e22" testListId="8c84fa94-04c1-424b-9868-57a2d4851a1d" />
    <TestEntry testId="0945cec8-9df8-c925-31b3-e54c187435b0" executionId="0b873689-4811-4a62-bc40-91ed6daad6ca" testListId="8c84fa94-04c1-424b-9868-57a2d4851a1d" />
    <TestEntry testId="da461f26-5d63-523f-2d23-b341fc1ad023" executionId="2ec7dbf4-71ba-47c5-83a6-bb26b98b165a" testListId="8c84fa94-04c1-424b-9868-57a2d4851a1d" />
    <TestEntry testId="77094078-2d38-3195-3ad3-88b3615b784b" executionId="3b2728fd-86a7-4ac1-89af-0a9962ad9787" testListId="8c84fa94-04c1-424b-9868-57a2d4851a1d" />
    <TestEntry testId="28bcafb2-125c-2190-aeb9-78e3e150b00b" executionId="3a74f7c7-1f5a-4f82-8324-9e0c161d3d39" testListId="8c84fa94-04c1-424b-9868-57a2d4851a1d" />
    <TestEntry testId="4acfaa27-13fd-6086-cc4f-f32451bf9a40" executionId="1860b18a-25f4-4589-a39f-ce46bcc5ff9d" testListId="8c84fa94-04c1-424b-9868-57a2d4851a1d" />
    <TestEntry testId="3e70b084-5656-d633-3a88-af533ceb55dd" executionId="700a87cc-cf7b-465b-b69c-4e825c56bfaa" testListId="8c84fa94-04c1-424b-9868-57a2d4851a1d" />
    <TestEntry testId="5ae99c0d-f5b2-ad2f-5e91-f0916eac7d0c" executionId="687fdd2d-6a0e-4952-967e-b3ec313e940b" testListId="8c84fa94-04c1-424b-9868-57a2d4851a1d" />
    <TestEntry testId="e86b9db9-4670-4b28-7c8c-971e2f19065c" executionId="639d4ab4-422c-4aef-846f-88488fb6fa49" testListId="8c84fa94-04c1-424b-9868-57a2d4851a1d" />
    <TestEntry testId="c7e5d5e9-661c-276b-e145-65420ac61563" executionId="774da87e-a20e-4777-a03c-b31debff6601" testListId="8c84fa94-04c1-424b-9868-57a2d4851a1d" />
    <TestEntry testId="1d85d0e8-8781-260e-9ed2-e40595d46c9f" executionId="c540b95f-6abf-4417-9110-056101efb6dc" testListId="8c84fa94-04c1-424b-9868-57a2d4851a1d" />
    <TestEntry testId="2910f1bf-3a00-47d4-ed05-f81c81996069" executionId="2ced8158-6310-41b4-bfef-c95c202eff70" testListId="8c84fa94-04c1-424b-9868-57a2d4851a1d" />
    <TestEntry testId="9d8d570c-a692-dd03-4204-ed158bb865f2" executionId="d23753dc-622d-47df-a5a5-0de08749b621" testListId="8c84fa94-04c1-424b-9868-57a2d4851a1d" />
    <TestEntry testId="0a66eda9-75bb-6b4a-d541-6ca26a48d00d" executionId="cb37465b-7288-4721-a1e6-25958fd076a1" testListId="8c84fa94-04c1-424b-9868-57a2d4851a1d" />
    <TestEntry testId="4ad5e067-b37b-b19f-cb70-41cd0b41d20d" executionId="f1fedb44-524b-482b-9d95-4b6d3cab3e67" testListId="8c84fa94-04c1-424b-9868-57a2d4851a1d" />
    <TestEntry testId="fe15a62a-41ec-bf64-64fd-c9c26c4f9b53" executionId="e6185ac7-55ac-4758-89b6-d903ecb6641e" testListId="8c84fa94-04c1-424b-9868-57a2d4851a1d" />
    <TestEntry testId="3993f582-ab07-6b66-a956-017495c6b425" executionId="a8ec8260-76e4-42dd-97e6-b1f1364fa299" testListId="8c84fa94-04c1-424b-9868-57a2d4851a1d" />
    <TestEntry testId="e72460b8-2893-9db9-3f53-70b769bacc12" executionId="e430c9ee-f76c-4d4b-b25d-cb6f96319133" testListId="8c84fa94-04c1-424b-9868-57a2d4851a1d" />
    <TestEntry testId="ea54672f-d80d-e87d-2113-75f571b1f270" executionId="6cd7c12e-3c8b-4e16-b403-3adddd8a7ee3" testListId="8c84fa94-04c1-424b-9868-57a2d4851a1d" />
    <TestEntry testId="850c56f6-ec9e-0b01-b9be-31c9b8aac49f" executionId="8413478b-19cc-4892-a4c3-a96e6b5dfa8d" testListId="8c84fa94-04c1-424b-9868-57a2d4851a1d" />
    <TestEntry testId="d9fbc08d-a618-6a45-6259-18cefeadfcd3" executionId="4ac67d30-374a-4253-8c3b-beb2ac3fecd3" testListId="8c84fa94-04c1-424b-9868-57a2d4851a1d" />
    <TestEntry testId="690cbf78-1a1d-a694-9528-0af1dedad634" executionId="fc3ea0f2-5b62-407f-b87c-eb810aa081b9" testListId="8c84fa94-04c1-424b-9868-57a2d4851a1d" />
    <TestEntry testId="f6ddaa47-5ed2-258b-1c24-a7265cc14223" executionId="09a4b5a0-d4d4-4aac-8156-3d0c26784bcf" testListId="8c84fa94-04c1-424b-9868-57a2d4851a1d" />
    <TestEntry testId="62d8fab5-ff76-4fb1-de87-1f64f6a438e1" executionId="e493a17d-8acd-4431-b335-a02d67a438b0" testListId="8c84fa94-04c1-424b-9868-57a2d4851a1d" />
    <TestEntry testId="053e887e-5fd9-26c1-4bc9-6178b6f5a4c8" executionId="4e2a772c-96c6-4288-8e36-b537212ff54e" testListId="8c84fa94-04c1-424b-9868-57a2d4851a1d" />
    <TestEntry testId="22a6dc78-fbc2-b014-461f-87e2386d6269" executionId="b107aea4-c42f-48c8-a215-d2147302a617" testListId="8c84fa94-04c1-424b-9868-57a2d4851a1d" />
    <TestEntry testId="1f0ce369-a846-ff85-ad28-49ffb4cacb47" executionId="d0fb2f73-bcbb-4824-a358-8f258adf3281" testListId="8c84fa94-04c1-424b-9868-57a2d4851a1d" />
    <TestEntry testId="11e0343a-5aeb-3b8a-34d7-36ce686e83d9" executionId="4f0e1389-7728-4ad6-8537-48aaa1d0dc23" testListId="8c84fa94-04c1-424b-9868-57a2d4851a1d" />
    <TestEntry testId="208e6dd8-4ae7-1b16-34b8-d602c5c0a84f" executionId="f1b2276b-f4fe-491b-8d54-92e352f909bd" testListId="8c84fa94-04c1-424b-9868-57a2d4851a1d" />
    <TestEntry testId="350c0104-75ee-9274-4375-18df5781cfd1" executionId="1493fc65-3d1f-4a50-8f54-e174d989e9de" testListId="8c84fa94-04c1-424b-9868-57a2d4851a1d" />
    <TestEntry testId="9b7a8739-3bd6-92dc-ebfd-c59dde439192" executionId="1ac2d637-d3e8-4078-9394-da6b2c4eb5f3" testListId="8c84fa94-04c1-424b-9868-57a2d4851a1d" />
    <TestEntry testId="d883f116-18c6-76d8-0fae-0e113ca85148" executionId="c43748c8-3791-4f93-8859-a63787a0eef6" testListId="8c84fa94-04c1-424b-9868-57a2d4851a1d" />
    <TestEntry testId="0d218ffa-5085-6186-2e38-741ff30a50b9" executionId="375df543-303e-4c96-9e6e-25808620fd1c" testListId="8c84fa94-04c1-424b-9868-57a2d4851a1d" />
    <TestEntry testId="3959849f-9671-d647-a5c5-47d877b5d47b" executionId="7805ea8e-8d90-4b13-8def-acdbfcb3099d" testListId="8c84fa94-04c1-424b-9868-57a2d4851a1d" />
    <TestEntry testId="6d82d209-43db-3b1b-490e-86537a8b8ff9" executionId="fe48d29e-90b3-4431-ad2d-dc851ef07f1e" testListId="8c84fa94-04c1-424b-9868-57a2d4851a1d" />
    <TestEntry testId="4567a1c4-1bd7-7288-bf70-4855f07c61e8" executionId="65ce1cc1-cf25-403b-adff-b5ca3a801397" testListId="8c84fa94-04c1-424b-9868-57a2d4851a1d" />
    <TestEntry testId="1275c074-db08-31bd-05ad-06c9229297a2" executionId="0f7db1d4-305f-447e-a1a2-61d457ae8a51" testListId="8c84fa94-04c1-424b-9868-57a2d4851a1d" />
    <TestEntry testId="8340f6de-4c20-dead-1b31-669793dc9602" executionId="79a15617-6849-47e7-81a2-3a294fac6c98" testListId="8c84fa94-04c1-424b-9868-57a2d4851a1d" />
    <TestEntry testId="a1073d09-b49c-177d-de24-5b64ae518ddb" executionId="3e80a24b-6182-497b-9709-c5e2b07c3fc4" testListId="8c84fa94-04c1-424b-9868-57a2d4851a1d" />
    <TestEntry testId="2b4dbf29-e6af-2960-d730-081d563f6630" executionId="852eb015-7081-42f8-9e9a-df9a8caa9879" testListId="8c84fa94-04c1-424b-9868-57a2d4851a1d" />
    <TestEntry testId="8e085391-7266-03a5-da23-786ae9cb2280" executionId="8691f231-9c8a-4346-a586-2577d4fd0621" testListId="8c84fa94-04c1-424b-9868-57a2d4851a1d" />
    <TestEntry testId="9b9df5c4-ac1f-687a-8743-530e222364a1" executionId="db12cc9e-39bc-4246-9010-46c13245fca8" testListId="8c84fa94-04c1-424b-9868-57a2d4851a1d" />
    <TestEntry testId="485b9188-c62d-b34d-a495-06f19d4b268e" executionId="27233fcf-34c6-45a0-9475-40a8f7234c62" testListId="8c84fa94-04c1-424b-9868-57a2d4851a1d" />
    <TestEntry testId="2c7b457d-328f-f734-f24b-2c2c8c1db3bc" executionId="5752b2e6-ee1c-491d-b6eb-ca23bd93477d" testListId="8c84fa94-04c1-424b-9868-57a2d4851a1d" />
    <TestEntry testId="b1fd4340-361a-4dd9-b3c8-06f45d84d249" executionId="99401def-f080-4ca5-a0f0-deaec4fb2fbd" testListId="8c84fa94-04c1-424b-9868-57a2d4851a1d" />
    <TestEntry testId="64aecdcb-21c2-1171-3222-86b25eba11ec" executionId="b1991a5f-7d65-4114-be57-b12e9825c4d5" testListId="8c84fa94-04c1-424b-9868-57a2d4851a1d" />
    <TestEntry testId="e7217958-3636-f395-52b6-2a4b70ef9c4d" executionId="f76e5e89-be92-4ac3-83de-c751264066a2" testListId="8c84fa94-04c1-424b-9868-57a2d4851a1d" />
    <TestEntry testId="5acbb9da-93ae-c12d-c335-8bbbd2b53611" executionId="509ff1ab-4796-4b7d-98fd-2afc2937bb02" testListId="8c84fa94-04c1-424b-9868-57a2d4851a1d" />
    <TestEntry testId="d433d02d-b564-5e39-ce00-89571e93216a" executionId="73c2f26a-85a4-4840-9134-6cf0c410f3e4" testListId="8c84fa94-04c1-424b-9868-57a2d4851a1d" />
    <TestEntry testId="f1468078-d704-e46e-8b9b-dc06c9238da1" executionId="e9efa511-c4ea-4e3c-9fdd-ed4dfb7a4eac" testListId="8c84fa94-04c1-424b-9868-57a2d4851a1d" />
    <TestEntry testId="9324354b-f535-aa3c-e7a7-348593b2dfd3" executionId="50401260-0430-408b-9602-0548257d45f5" testListId="8c84fa94-04c1-424b-9868-57a2d4851a1d" />
    <TestEntry testId="0af3213e-059e-26ef-5d31-73b906060b62" executionId="6744ce37-18c6-48bb-a67c-337faacf9458" testListId="8c84fa94-04c1-424b-9868-57a2d4851a1d" />
    <TestEntry testId="1b818508-1e11-83dd-34ff-777ab01b676a" executionId="802ec325-3dfe-4a4b-8db8-42d04311879a" testListId="8c84fa94-04c1-424b-9868-57a2d4851a1d" />
    <TestEntry testId="4cc3729f-2a03-8494-013d-7c52d12c167c" executionId="db627661-673d-4759-82d6-971a94351822" testListId="8c84fa94-04c1-424b-9868-57a2d4851a1d" />
    <TestEntry testId="df997f73-3ae4-d044-e17e-3699e0991a68" executionId="b07867c3-a19e-44d8-8d39-ff2cd220c9ee" testListId="8c84fa94-04c1-424b-9868-57a2d4851a1d" />
    <TestEntry testId="18444128-ff49-6655-1b67-01150c5bdcfa" executionId="c40878be-29b9-436e-8a24-521b0ad34e3a" testListId="8c84fa94-04c1-424b-9868-57a2d4851a1d" />
    <TestEntry testId="31ac0d35-4ee8-68ea-f233-efa6522b64b9" executionId="517fa636-4b62-4329-a981-590c3379572d" testListId="8c84fa94-04c1-424b-9868-57a2d4851a1d" />
    <TestEntry testId="c2241e49-2a49-a88a-fedb-dfc1e2f71515" executionId="e7d15c30-4147-4dda-9538-d9a421e585b0" testListId="8c84fa94-04c1-424b-9868-57a2d4851a1d" />
    <TestEntry testId="403a0570-0c5c-fce8-76b2-b5ee2a87100a" executionId="2d7855eb-913c-434d-9b5f-17a94cede151" testListId="8c84fa94-04c1-424b-9868-57a2d4851a1d" />
    <TestEntry testId="52987dea-b52d-f465-e0cb-edc918fc88d7" executionId="0b2b5aea-fabc-4345-acf9-bbd8dd41fa47" testListId="8c84fa94-04c1-424b-9868-57a2d4851a1d" />
    <TestEntry testId="f393049b-fe76-1e12-208d-2ed18ae35e2b" executionId="e0ea966b-709a-442b-bfa8-8762fc80b266" testListId="8c84fa94-04c1-424b-9868-57a2d4851a1d" />
    <TestEntry testId="0241de9d-d2ad-9933-0ddf-20f7878a8d1b" executionId="107aa93d-4986-4f98-b6d9-7c561ddcbd80" testListId="8c84fa94-04c1-424b-9868-57a2d4851a1d" />
    <TestEntry testId="c1f3d5eb-3123-e2ad-c9ac-66930017d9fb" executionId="55b4c844-84b4-4c62-81fe-e73343d22f89" testListId="8c84fa94-04c1-424b-9868-57a2d4851a1d" />
    <TestEntry testId="1d9cbc37-070f-fd8e-71a3-88a4d86979c3" executionId="fe44ab6e-445c-4ad9-96c4-ae9b78fb66b8" testListId="8c84fa94-04c1-424b-9868-57a2d4851a1d" />
    <TestEntry testId="4be8e7d7-bca8-9397-e404-43302107cf04" executionId="4492846e-300b-475e-b767-3ef546a765bd" testListId="8c84fa94-04c1-424b-9868-57a2d4851a1d" />
    <TestEntry testId="964d90a7-eafe-a3dd-426c-46d174d14182" executionId="60f99ba8-45b1-4b08-9ad1-22358547080b" testListId="8c84fa94-04c1-424b-9868-57a2d4851a1d" />
    <TestEntry testId="0d831f72-5237-2649-7089-eec004509eb7" executionId="43e38d1c-d884-4f64-bf71-20152b8cc0a8" testListId="8c84fa94-04c1-424b-9868-57a2d4851a1d" />
    <TestEntry testId="58da7965-4a74-1430-e7bb-9ed117b03005" executionId="4f1b805c-13f4-40d3-870a-f82d61f0c05a" testListId="8c84fa94-04c1-424b-9868-57a2d4851a1d" />
    <TestEntry testId="441cf653-313f-f6d1-f093-d6acedfeeb83" executionId="fdd2cce3-0454-4779-82e3-08d82aa9101e" testListId="8c84fa94-04c1-424b-9868-57a2d4851a1d" />
    <TestEntry testId="ee53f2c9-6261-406d-51ad-1fcd3a16a3e3" executionId="f4b0eb8c-9a83-46c4-9342-a2068839e6e8" testListId="8c84fa94-04c1-424b-9868-57a2d4851a1d" />
    <TestEntry testId="8829447c-f146-4b1c-a29d-e03146092a4c" executionId="6d0aa67f-6594-4a76-9cbb-cbf73a90b815" testListId="8c84fa94-04c1-424b-9868-57a2d4851a1d" />
    <TestEntry testId="6f80ac3e-eac4-eeb8-eaa8-93987001cc45" executionId="29a8a499-c29f-46d5-a73c-fc7cbd9ff491" testListId="8c84fa94-04c1-424b-9868-57a2d4851a1d" />
    <TestEntry testId="e1b655f7-192d-33c2-0a45-0074494ab772" executionId="37973b0c-0626-4c44-bc82-1f9503e673be" testListId="8c84fa94-04c1-424b-9868-57a2d4851a1d" />
    <TestEntry testId="4253ed18-a2a7-1788-0d1b-413834040b11" executionId="49ec0b07-3fe9-40ae-868f-0a0845517590" testListId="8c84fa94-04c1-424b-9868-57a2d4851a1d" />
    <TestEntry testId="0d1a5cb9-1901-53db-c399-c908262a6a8d" executionId="25eb43a2-1f25-4465-8fd4-c987dea27416" testListId="8c84fa94-04c1-424b-9868-57a2d4851a1d" />
    <TestEntry testId="a40cf24a-04d2-9bac-a015-be3a4fe9912d" executionId="752b78bf-267b-4786-8552-e79a5f430d7c" testListId="8c84fa94-04c1-424b-9868-57a2d4851a1d" />
    <TestEntry testId="6fdb1f54-f66c-cc3b-e747-47c628e57388" executionId="27bfbdd3-e962-4fa4-b7f6-a831a8ae7899" testListId="8c84fa94-04c1-424b-9868-57a2d4851a1d" />
    <TestEntry testId="a10509ab-f6fe-317e-d36d-69ea64c44be3" executionId="6d069670-b107-4724-9b8d-92898b947a08" testListId="8c84fa94-04c1-424b-9868-57a2d4851a1d" />
    <TestEntry testId="ac768ee7-b9a1-a822-a15e-d21c960fee16" executionId="25bf13ae-8261-4b06-83a7-1b6cb87e4242" testListId="8c84fa94-04c1-424b-9868-57a2d4851a1d" />
    <TestEntry testId="9a35ab4f-024c-c452-7677-7895f6a830fe" executionId="ce78338d-4071-4ed2-b906-839b7b95b613" testListId="8c84fa94-04c1-424b-9868-57a2d4851a1d" />
    <TestEntry testId="3e63c740-e191-e5df-c5a2-bb5eb679c233" executionId="19c266b0-9748-4fe4-9dd8-9c4e21d53526" testListId="8c84fa94-04c1-424b-9868-57a2d4851a1d" />
    <TestEntry testId="5800465d-46a5-5773-cf9a-3a02d11bfc1d" executionId="b8612b50-8214-417e-bb7e-791e7fc2b3ad" testListId="8c84fa94-04c1-424b-9868-57a2d4851a1d" />
    <TestEntry testId="feb30980-9ed1-4c3c-52d8-e49bb0409ac3" executionId="3537e15f-cf5a-4a62-af00-461d812d1ad4" testListId="8c84fa94-04c1-424b-9868-57a2d4851a1d" />
    <TestEntry testId="7f79b5d5-b81f-6e95-52cd-d60a51ecbad9" executionId="5a56cc05-0180-4220-9914-e115c968db4b" testListId="8c84fa94-04c1-424b-9868-57a2d4851a1d" />
    <TestEntry testId="aebd2ed3-500b-7ed7-3035-495460774e8c" executionId="9d16bc7f-8729-46f5-9d4c-35f50c2456e5" testListId="8c84fa94-04c1-424b-9868-57a2d4851a1d" />
    <TestEntry testId="9715e153-c64f-2ff6-9d3f-d357619df217" executionId="3d7365a1-917f-45d2-9437-1a7c2c3c1d7a" testListId="8c84fa94-04c1-424b-9868-57a2d4851a1d" />
    <TestEntry testId="dee1b8cc-1096-72d2-755b-0a72b4d39e1a" executionId="c89126bd-0c4f-4de8-8e10-38247fa63cc8" testListId="8c84fa94-04c1-424b-9868-57a2d4851a1d" />
    <TestEntry testId="15c29022-eb79-9121-034c-c0cba1cf6806" executionId="1c75a27f-4e26-4aff-a484-7c70f79dbe08" testListId="8c84fa94-04c1-424b-9868-57a2d4851a1d" />
    <TestEntry testId="ba1bb513-dbfb-d771-2804-731667304b59" executionId="93cf69fc-e6aa-472a-9b00-7256a878fc5f" testListId="8c84fa94-04c1-424b-9868-57a2d4851a1d" />
    <TestEntry testId="860e6e1e-f978-c906-7cf5-a51951f71e12" executionId="d4567c1d-94ab-4fb8-bd28-dc1fdb8ae148" testListId="8c84fa94-04c1-424b-9868-57a2d4851a1d" />
    <TestEntry testId="0c16100a-4fab-7919-1d30-b7832fad41be" executionId="2b821c42-6ffb-47d8-961d-c46bd21ed043" testListId="8c84fa94-04c1-424b-9868-57a2d4851a1d" />
    <TestEntry testId="37d71308-1b21-c7c0-c2b2-27c84f2da2ff" executionId="7611f7b2-d1af-43c0-83a5-c42b480a4537" testListId="8c84fa94-04c1-424b-9868-57a2d4851a1d" />
    <TestEntry testId="aa36675d-2939-7ced-ac01-eb4d23340b43" executionId="945d46c0-be3f-4874-9a98-802f3c6c3f37" testListId="8c84fa94-04c1-424b-9868-57a2d4851a1d" />
    <TestEntry testId="4853f1aa-7050-d8c1-613d-9333d3d8a4c8" executionId="e88c5e6a-5e53-419c-894a-9417eee4bd86" testListId="8c84fa94-04c1-424b-9868-57a2d4851a1d" />
    <TestEntry testId="16014445-361f-ce5b-f5be-c3aa5c55e580" executionId="ab30950d-e5b8-4cd4-a53d-506eda08edbb" testListId="8c84fa94-04c1-424b-9868-57a2d4851a1d" />
    <TestEntry testId="8206c280-0d3d-737c-88c6-fad1fd582b8e" executionId="a53bce2c-ea43-49b6-a5aa-ab3b0c89ad13" testListId="8c84fa94-04c1-424b-9868-57a2d4851a1d" />
    <TestEntry testId="652e0c69-c7de-792b-da2f-5cb63a833d3c" executionId="212a9772-c4aa-4d34-a605-ae5c84a0d86f" testListId="8c84fa94-04c1-424b-9868-57a2d4851a1d" />
    <TestEntry testId="d3620e51-7eec-32f0-d524-de91a027a0fe" executionId="7cdf5982-e75e-476b-aa08-09592b3989e9" testListId="8c84fa94-04c1-424b-9868-57a2d4851a1d" />
    <TestEntry testId="fbc45ece-f16d-2d7e-2b07-81328d0bcc76" executionId="c648719e-4cad-4414-9ab4-3e9bd6a470e5" testListId="8c84fa94-04c1-424b-9868-57a2d4851a1d" />
    <TestEntry testId="f6a68fb8-1ea9-ecef-606f-0cd2ae03d268" executionId="dcae9a7e-ce8d-42f9-9fb2-1c2c5aa2cf1b" testListId="8c84fa94-04c1-424b-9868-57a2d4851a1d" />
    <TestEntry testId="93fa63ad-3f38-28ad-287e-6a435e151fef" executionId="85a20064-3b24-4f75-926f-fce25e7d5706" testListId="8c84fa94-04c1-424b-9868-57a2d4851a1d" />
    <TestEntry testId="39c5c78d-df2a-f4d2-455d-c8de32a898b1" executionId="94a333d2-2ff4-4d57-8cc5-ed8eefbda361" testListId="8c84fa94-04c1-424b-9868-57a2d4851a1d" />
    <TestEntry testId="26f9e5d4-5858-646c-c437-55028eedaaf3" executionId="c3101c00-4cb2-43d9-a037-abbb29e31e7e" testListId="8c84fa94-04c1-424b-9868-57a2d4851a1d" />
    <TestEntry testId="abd55ea4-f6a3-38da-3aa2-cfee7dc0596c" executionId="f5bf6c2d-6c97-4304-be1d-2725d5131517" testListId="8c84fa94-04c1-424b-9868-57a2d4851a1d" />
    <TestEntry testId="c57beb0f-eec2-daf6-57e9-e2c0bb410564" executionId="b1f405f9-00b3-40c1-8fac-055e60ab27bc" testListId="8c84fa94-04c1-424b-9868-57a2d4851a1d" />
    <TestEntry testId="bda9fca7-5845-4298-cc74-0f0e10d066c3" executionId="2adcbb69-3811-4883-a823-53d3a9de1750" testListId="8c84fa94-04c1-424b-9868-57a2d4851a1d" />
    <TestEntry testId="197baa87-69c6-9254-8ebc-832756747901" executionId="fbe89d12-9f29-41bf-9a6a-3bd46f80fd18" testListId="8c84fa94-04c1-424b-9868-57a2d4851a1d" />
    <TestEntry testId="3171cdd5-293f-c248-7c47-d16494845ebd" executionId="c402d201-ffef-4432-bf26-2b8b41db3906" testListId="8c84fa94-04c1-424b-9868-57a2d4851a1d" />
    <TestEntry testId="327aea0b-7715-048c-8303-ec05c9eff0d2" executionId="75f76e11-37b6-4da9-87d0-f5b6e281d145" testListId="8c84fa94-04c1-424b-9868-57a2d4851a1d" />
    <TestEntry testId="066db0e8-7c2f-2450-7b03-19ea9406f013" executionId="2a9aee42-4cc6-4f62-b1c3-5468ee0af0a0" testListId="8c84fa94-04c1-424b-9868-57a2d4851a1d" />
    <TestEntry testId="32d7e112-5303-3e82-5d1d-df2f1030e0c6" executionId="1ca60bc6-3c6d-45ab-8423-8defeaef505e" testListId="8c84fa94-04c1-424b-9868-57a2d4851a1d" />
    <TestEntry testId="991a207f-8218-8e85-a46c-6261735a3316" executionId="a1d0c6f9-93fd-4c52-ba25-775a2b642fe7" testListId="8c84fa94-04c1-424b-9868-57a2d4851a1d" />
    <TestEntry testId="1c3fd06c-4be6-237d-b5c9-1b78608b5943" executionId="597f4f32-710e-4b80-8e1f-a5c2d349f543" testListId="8c84fa94-04c1-424b-9868-57a2d4851a1d" />
    <TestEntry testId="df4ff3c1-650e-910f-5097-47f4252b8b5e" executionId="5c1578e7-c198-4338-a97b-c573936eac8a" testListId="8c84fa94-04c1-424b-9868-57a2d4851a1d" />
    <TestEntry testId="c94caaa0-3d95-fc6f-ccef-52f8da2c21a2" executionId="6972174b-e8ca-4e49-8cd4-5375d04e72e0" testListId="8c84fa94-04c1-424b-9868-57a2d4851a1d" />
    <TestEntry testId="f28ba87e-8e56-6e33-8b13-a84a00ffab9e" executionId="64e7e5e6-ebb2-45a2-9c88-eff3fdd4bd90" testListId="8c84fa94-04c1-424b-9868-57a2d4851a1d" />
    <TestEntry testId="8552ab44-7a6f-6aba-f3c7-d5e39cdc2d87" executionId="cf8b636d-3109-41e0-95c8-2189950985f8" testListId="8c84fa94-04c1-424b-9868-57a2d4851a1d" />
    <TestEntry testId="49273068-e6d8-4813-444d-2ffb84d5db72" executionId="03a0515e-ff1a-4023-8227-51888067870a" testListId="8c84fa94-04c1-424b-9868-57a2d4851a1d" />
    <TestEntry testId="898e84ca-52b2-d7b4-f355-dab1d051561f" executionId="fb50a67c-8e45-4b86-a0ea-d26e544f4fc3" testListId="8c84fa94-04c1-424b-9868-57a2d4851a1d" />
    <TestEntry testId="8dc42fe5-e680-bdfd-5002-668002897b77" executionId="55034064-7187-4bd9-8515-9bdcdcef9deb" testListId="8c84fa94-04c1-424b-9868-57a2d4851a1d" />
    <TestEntry testId="7c949f43-1781-41d4-86a9-9d3ee7be83b7" executionId="cdf5c327-1fba-4fa6-8a5a-3d7d3b568d33" testListId="8c84fa94-04c1-424b-9868-57a2d4851a1d" />
    <TestEntry testId="57cbc2d1-15e4-6c52-cd5a-f956ea4b46d2" executionId="f4b8b775-aa53-4fe3-b268-4bf2e7ac0710" testListId="8c84fa94-04c1-424b-9868-57a2d4851a1d" />
    <TestEntry testId="52cda113-38e8-f06b-d5fa-4f71f6ad4b58" executionId="33e6b4ac-fb5a-41a0-8c4c-43a783ce7f99" testListId="8c84fa94-04c1-424b-9868-57a2d4851a1d" />
    <TestEntry testId="db7d6672-a2e3-9784-8e5c-4f89f75796ff" executionId="2bdfcd10-e355-4449-a174-a8aeb9a4740a" testListId="8c84fa94-04c1-424b-9868-57a2d4851a1d" />
    <TestEntry testId="f9b6dd49-5c73-188b-8a88-af3d94f9c65a" executionId="445a1862-0733-4f38-aac4-7e1acd67f98d" testListId="8c84fa94-04c1-424b-9868-57a2d4851a1d" />
    <TestEntry testId="fe4dfb19-6f25-bbb5-21c9-95ea5ad94ab0" executionId="69af5511-d1b9-4437-8ee7-782da8a625e5" testListId="8c84fa94-04c1-424b-9868-57a2d4851a1d" />
    <TestEntry testId="d35d9174-3024-2cb1-9f52-4e964b2e5d27" executionId="3096dc53-e0be-4abc-be68-ec12511471d6" testListId="8c84fa94-04c1-424b-9868-57a2d4851a1d" />
    <TestEntry testId="d0554a0e-ba26-a264-8235-a5c7a498e16c" executionId="d1062484-157e-4bd5-b5ca-1aa17216a885" testListId="8c84fa94-04c1-424b-9868-57a2d4851a1d" />
    <TestEntry testId="0c64b581-38a4-caff-299e-f356f8d99811" executionId="413ea3b4-e0d8-4918-aa10-050adb78a7d6" testListId="8c84fa94-04c1-424b-9868-57a2d4851a1d" />
    <TestEntry testId="d434d68d-18fc-8132-4808-443cc1726358" executionId="0295e9df-baa5-4290-97e9-da1660a07de1" testListId="8c84fa94-04c1-424b-9868-57a2d4851a1d" />
    <TestEntry testId="56664e51-8a57-337b-0f92-b756a8f3bab6" executionId="f306db27-0f0a-4359-9930-e02c2dae0b2f" testListId="8c84fa94-04c1-424b-9868-57a2d4851a1d" />
    <TestEntry testId="049a46f8-17e3-1e45-9757-3437f732b6aa" executionId="089000bb-c0ab-4f8a-83a1-9072fe68a987" testListId="8c84fa94-04c1-424b-9868-57a2d4851a1d" />
    <TestEntry testId="aee2cb27-63f5-026c-1dec-a424ba76f6b0" executionId="fdcbd34d-d690-43c9-be73-4c5132e4e20b" testListId="8c84fa94-04c1-424b-9868-57a2d4851a1d" />
    <TestEntry testId="874fb058-d459-71f6-7f28-264ff1842a7b" executionId="f9446669-1868-4fe2-b508-fb0f11b92887" testListId="8c84fa94-04c1-424b-9868-57a2d4851a1d" />
    <TestEntry testId="c7c83ba8-def8-6d7f-b8f5-6cdb6210cbab" executionId="07683fe0-905c-4bde-84aa-f62c107e2ba9" testListId="8c84fa94-04c1-424b-9868-57a2d4851a1d" />
    <TestEntry testId="61fba1f4-ecd2-a747-23e6-e2296369ef48" executionId="508654ea-212e-4860-b401-cd6d1e627900" testListId="8c84fa94-04c1-424b-9868-57a2d4851a1d" />
    <TestEntry testId="5cc4f7a1-fc05-ad19-6f74-4756de5fc614" executionId="d2164680-aaa0-46a9-b8bb-5c7ba9157cb7" testListId="8c84fa94-04c1-424b-9868-57a2d4851a1d" />
    <TestEntry testId="59de5694-4dc9-6ebd-759a-ba187ea8ed25" executionId="40f38b0c-80b0-450a-937b-87237a657831" testListId="8c84fa94-04c1-424b-9868-57a2d4851a1d" />
    <TestEntry testId="0b53b766-19fe-124b-7c75-909322adc18f" executionId="5aa427f1-75c0-4512-96c4-55e2a8c0744c" testListId="8c84fa94-04c1-424b-9868-57a2d4851a1d" />
    <TestEntry testId="92f6d237-149c-e18a-4244-5b7b84e809f3" executionId="7721ddf7-466b-46d6-bc70-f86c7d6e627d" testListId="8c84fa94-04c1-424b-9868-57a2d4851a1d" />
    <TestEntry testId="9256e2c2-15b3-2564-cc37-ead6fb45b681" executionId="b6723f95-1833-4426-bac9-01ab2c132d2d" testListId="8c84fa94-04c1-424b-9868-57a2d4851a1d" />
    <TestEntry testId="22305020-6199-e54c-ad68-f1aadfca8210" executionId="2b55dedf-3633-4bfa-a301-e003554ea86d" testListId="8c84fa94-04c1-424b-9868-57a2d4851a1d" />
    <TestEntry testId="b83be294-6532-01c7-4f9a-6a7ef7b4b6ba" executionId="733f177b-795b-46a1-8c9b-31ffad998a9b" testListId="8c84fa94-04c1-424b-9868-57a2d4851a1d" />
    <TestEntry testId="68c61d83-4cf3-ff70-7a7c-31b35c4affbf" executionId="dae40db4-7f76-47b8-98ea-5c7e42835b96" testListId="8c84fa94-04c1-424b-9868-57a2d4851a1d" />
    <TestEntry testId="71c415b8-c9ea-aeb7-723c-5122b9e2f843" executionId="1776b96c-8310-4972-a8d8-f5d2760dfc8d" testListId="8c84fa94-04c1-424b-9868-57a2d4851a1d" />
    <TestEntry testId="4806cae8-8634-8ad0-07cf-c99145fe57aa" executionId="66685dde-0ec0-4187-94c7-1bf7461deb2f" testListId="8c84fa94-04c1-424b-9868-57a2d4851a1d" />
    <TestEntry testId="a207ba8b-c394-7870-bbd5-3bb5925679e9" executionId="98630905-f406-4313-8156-5359cecc7370" testListId="8c84fa94-04c1-424b-9868-57a2d4851a1d" />
    <TestEntry testId="cc3404cc-2e23-f743-55fd-da836acdabab" executionId="e537e142-68dc-432e-b825-e8256a6fbfd2" testListId="8c84fa94-04c1-424b-9868-57a2d4851a1d" />
    <TestEntry testId="38e2ddd4-5f85-e174-be72-83671ff805af" executionId="95d26ba3-8b46-4556-aabe-f2967288febe" testListId="8c84fa94-04c1-424b-9868-57a2d4851a1d" />
    <TestEntry testId="03073659-99be-6052-26fb-ff548c6aaf88" executionId="9c4bfd31-9237-47dc-846c-035ba797647d" testListId="8c84fa94-04c1-424b-9868-57a2d4851a1d" />
    <TestEntry testId="029aee69-d04b-5a49-9992-2e4ba2ae7f37" executionId="33e3a2d2-45a2-4cc9-b308-9920ad3a1f45" testListId="8c84fa94-04c1-424b-9868-57a2d4851a1d" />
    <TestEntry testId="6c5d1332-af3b-91c1-59bc-8fe9b87ba72d" executionId="5dba35ab-81e3-4fce-b0d0-db0d0f13a067" testListId="8c84fa94-04c1-424b-9868-57a2d4851a1d" />
    <TestEntry testId="ee43794d-5b26-f495-2efa-6d0f046df9d0" executionId="2b7b103c-5f7b-42de-b6ec-9247145f33cb" testListId="8c84fa94-04c1-424b-9868-57a2d4851a1d" />
    <TestEntry testId="a9b67831-d0b6-ce7b-0668-e76067964e4d" executionId="d46a37cd-7860-4cdf-8f37-891cd0741ae5" testListId="8c84fa94-04c1-424b-9868-57a2d4851a1d" />
    <TestEntry testId="4a4d9501-6b9c-d98c-f56b-97acb3a1a103" executionId="b4b6c499-a091-4288-8b55-765e9c998e18" testListId="8c84fa94-04c1-424b-9868-57a2d4851a1d" />
    <TestEntry testId="e247e8aa-c917-f9e1-ee41-625673010644" executionId="dbbef0c2-6988-4095-9781-d69859b1f147" testListId="8c84fa94-04c1-424b-9868-57a2d4851a1d" />
    <TestEntry testId="064663ac-a267-a696-51c0-fe929e47366c" executionId="ceb5bfb0-b057-43ea-b5da-9cb9686c09e8" testListId="8c84fa94-04c1-424b-9868-57a2d4851a1d" />
    <TestEntry testId="28a4ee6c-34d9-2fd6-6b5a-164c72fa026f" executionId="0a1240f9-5043-429b-b1a8-44b3afa4242b" testListId="8c84fa94-04c1-424b-9868-57a2d4851a1d" />
    <TestEntry testId="9c0e9757-d51c-1e1e-437e-30ab9c6fdc3d" executionId="fc5a6f3f-85c7-4bf5-89b2-81c19671f8ae" testListId="8c84fa94-04c1-424b-9868-57a2d4851a1d" />
    <TestEntry testId="4b945afa-f16d-050a-710d-9b6a97aaf365" executionId="96f73872-dbde-49a6-8524-21ae43ade818" testListId="8c84fa94-04c1-424b-9868-57a2d4851a1d" />
    <TestEntry testId="2dd8d6a2-00d9-80fa-20cd-56a988793cbb" executionId="49fb5572-ae87-4f24-995e-75d7babf8764" testListId="8c84fa94-04c1-424b-9868-57a2d4851a1d" />
    <TestEntry testId="68c60ae4-795d-f7b2-0ddd-0853c559d68d" executionId="41df58c7-c615-41ae-9e9b-459ef49b3194" testListId="8c84fa94-04c1-424b-9868-57a2d4851a1d" />
    <TestEntry testId="eeba400a-7a60-e166-4842-f46ea9e2cb9a" executionId="4c760000-fd84-4d0b-bd79-20c3d59854cf" testListId="8c84fa94-04c1-424b-9868-57a2d4851a1d" />
    <TestEntry testId="bb547e80-4431-20f5-dfd2-c93c21e69917" executionId="606ab517-d509-4f11-887c-8e6d38df470f" testListId="8c84fa94-04c1-424b-9868-57a2d4851a1d" />
    <TestEntry testId="2a2a2615-0585-1266-11cf-6b74cf7aa87e" executionId="8a3ffead-1db1-4566-bfbc-16148de14025" testListId="8c84fa94-04c1-424b-9868-57a2d4851a1d" />
    <TestEntry testId="0f84e6ef-2cf8-7465-e4b9-ad003c4d190d" executionId="0b63d8ba-9f1a-4998-ab36-94799cd69335" testListId="8c84fa94-04c1-424b-9868-57a2d4851a1d" />
    <TestEntry testId="00359fdf-0a4b-6178-4ca6-973d86cbac25" executionId="3f805f66-18ce-43d0-a45a-a892c0f14adb" testListId="8c84fa94-04c1-424b-9868-57a2d4851a1d" />
    <TestEntry testId="b9bb0503-6bf0-7661-9f64-3d0a8f4df1d1" executionId="c48d4cbe-bb15-4276-8618-cea33e1e8099" testListId="8c84fa94-04c1-424b-9868-57a2d4851a1d" />
    <TestEntry testId="3b07bab6-79ae-1097-0ffb-cd3b66159f8a" executionId="5eb7f916-5e20-4694-8c94-99007c2bafc6" testListId="8c84fa94-04c1-424b-9868-57a2d4851a1d" />
    <TestEntry testId="a1508e5b-b7e0-713a-e15c-9cf9da9bc7a0" executionId="6cda90d2-0cc3-425d-9575-e820a0a74be5" testListId="8c84fa94-04c1-424b-9868-57a2d4851a1d" />
    <TestEntry testId="75fbe025-64e2-7254-74f6-abca888227d1" executionId="ca80ee61-6aff-4cd1-8cc9-8d19de9d37a4" testListId="8c84fa94-04c1-424b-9868-57a2d4851a1d" />
    <TestEntry testId="f8fb4dbe-dacd-5b1a-0a09-a413bbeec29a" executionId="0820f077-b5cf-48a6-ac36-5f965f908ee8" testListId="8c84fa94-04c1-424b-9868-57a2d4851a1d" />
    <TestEntry testId="49e96d57-3a14-4851-43de-a595576d1802" executionId="a36d8acc-6a11-4fcb-81bb-ef2bc25e930e" testListId="8c84fa94-04c1-424b-9868-57a2d4851a1d" />
    <TestEntry testId="afa616d9-414a-d726-c2ae-2716e8be02af" executionId="1bea1147-7ec3-4dfe-b45d-b40b4aa9fe0b" testListId="8c84fa94-04c1-424b-9868-57a2d4851a1d" />
    <TestEntry testId="5c7e266f-ebe6-8af8-65c3-7f7a98788def" executionId="90f057d3-3ced-4a0c-a2dc-4e8823c22cd3" testListId="8c84fa94-04c1-424b-9868-57a2d4851a1d" />
    <TestEntry testId="b88b2309-9255-236b-c47c-da5f68e4cad0" executionId="aaf798d8-6a14-4483-b4d2-36c1f9a1cd51" testListId="8c84fa94-04c1-424b-9868-57a2d4851a1d" />
    <TestEntry testId="56117679-a60b-55ff-9cc5-bd989b95e2a3" executionId="f2af381f-5cb1-43fa-83d3-3adcd858e494" testListId="8c84fa94-04c1-424b-9868-57a2d4851a1d" />
    <TestEntry testId="573d4913-3c20-fc10-3a7e-f205ffb2ffe5" executionId="83b1e5ac-35f0-413f-a545-eddf09e77192" testListId="8c84fa94-04c1-424b-9868-57a2d4851a1d" />
    <TestEntry testId="55877fc3-44b1-335f-53a1-3ab0dd05460f" executionId="254f7f58-1b82-4101-9949-f4be69a8256d" testListId="8c84fa94-04c1-424b-9868-57a2d4851a1d" />
    <TestEntry testId="0cdeff38-5fa8-db73-cd08-612bf167b15b" executionId="867c074f-42b7-4759-89b7-7c55721e23f8" testListId="8c84fa94-04c1-424b-9868-57a2d4851a1d" />
    <TestEntry testId="7679e6da-7885-d983-ad70-f7b5efe86762" executionId="e6c64ca6-9de4-447d-b8d7-08f29019af01" testListId="8c84fa94-04c1-424b-9868-57a2d4851a1d" />
    <TestEntry testId="8a636da5-22db-276f-fd70-904a4559cd55" executionId="6592a9cf-5d04-4897-98a7-dd7613d563ad" testListId="8c84fa94-04c1-424b-9868-57a2d4851a1d" />
    <TestEntry testId="c9676883-a38f-18af-1659-9e55996244a0" executionId="5bbb6fe5-90e0-4bbe-bc75-8ff087e12109" testListId="8c84fa94-04c1-424b-9868-57a2d4851a1d" />
    <TestEntry testId="378d50bb-6943-77d7-94c0-8b61b54fab44" executionId="2bead9c0-91c7-4ca6-adf6-5c1d20ffbe19" testListId="8c84fa94-04c1-424b-9868-57a2d4851a1d" />
    <TestEntry testId="c6d2604d-7793-5f04-808d-0a0653039d8d" executionId="9de70f32-97d8-4174-b836-0b16c5a97f7c" testListId="8c84fa94-04c1-424b-9868-57a2d4851a1d" />
    <TestEntry testId="aae780d8-556f-5079-aa6b-e21d457492e9" executionId="694430c8-18bb-48dc-bdbd-f64f70e077bf" testListId="8c84fa94-04c1-424b-9868-57a2d4851a1d" />
    <TestEntry testId="404e3838-d6fc-fd6e-2256-77937d70f531" executionId="4e652640-d5dc-49b8-8c91-4cfef06cd8ef" testListId="8c84fa94-04c1-424b-9868-57a2d4851a1d" />
    <TestEntry testId="6ee7430e-6644-e8e9-f660-9955ce2e66a5" executionId="5ccd319a-8019-46a0-ae83-5ca3b15e8549" testListId="8c84fa94-04c1-424b-9868-57a2d4851a1d" />
    <TestEntry testId="c9d609cf-4d27-f250-53f5-5cb651ce0b09" executionId="343b11fc-47bb-4565-886b-04357c686714" testListId="8c84fa94-04c1-424b-9868-57a2d4851a1d" />
    <TestEntry testId="2c176343-2ae4-d7de-fa6b-eec7318e8490" executionId="c340785b-9e1e-4f89-bec2-6818d740f264" testListId="8c84fa94-04c1-424b-9868-57a2d4851a1d" />
    <TestEntry testId="2229dfa1-ebc3-5755-43a4-0911c049e219" executionId="3958382d-783e-47db-a7ac-b81f5a6d021c" testListId="8c84fa94-04c1-424b-9868-57a2d4851a1d" />
    <TestEntry testId="ce51b1ac-d3e0-8c7d-b676-f333c3596a54" executionId="fd3e447f-a8a4-4820-a2ce-a6fd52312f8f" testListId="8c84fa94-04c1-424b-9868-57a2d4851a1d" />
    <TestEntry testId="89bee59c-4106-05e2-1fd8-4908668b357f" executionId="c4ce2093-49be-4eb2-a7cb-f481185f33ed" testListId="8c84fa94-04c1-424b-9868-57a2d4851a1d" />
    <TestEntry testId="a637af31-d7de-7209-5a6a-9a493eeba333" executionId="896918df-86a2-48dc-a207-11f62e6d1a01" testListId="8c84fa94-04c1-424b-9868-57a2d4851a1d" />
    <TestEntry testId="918fa556-14c5-9569-4a3f-5f6e71e560a3" executionId="11177b49-e14c-493a-9c96-1873cbad0e46" testListId="8c84fa94-04c1-424b-9868-57a2d4851a1d" />
    <TestEntry testId="517ca138-1dd8-b0e7-76c3-f592dfda3263" executionId="80abb4ad-74b2-45f0-b617-3f814249a536" testListId="8c84fa94-04c1-424b-9868-57a2d4851a1d" />
    <TestEntry testId="9a790be3-4e58-f6d5-ba0a-28c4f994c0b7" executionId="8661a6e8-964c-493d-9aa3-70e94fd1fef3" testListId="8c84fa94-04c1-424b-9868-57a2d4851a1d" />
    <TestEntry testId="1f9ff2ea-de1d-1069-20f3-d4507fda1972" executionId="de09070d-665a-4e8c-a33e-3c79ca523e22" testListId="8c84fa94-04c1-424b-9868-57a2d4851a1d" />
    <TestEntry testId="4987760f-7302-a52e-874a-cfbc41b706cf" executionId="5fb8c1c4-b23c-43bf-8842-977cbb2db966" testListId="8c84fa94-04c1-424b-9868-57a2d4851a1d" />
    <TestEntry testId="551670e8-c4e5-0f0a-9154-0d710f6e9517" executionId="f4aa5b34-58f2-417d-b038-4f709f833f19" testListId="8c84fa94-04c1-424b-9868-57a2d4851a1d" />
    <TestEntry testId="f7653ad6-d347-b69c-b224-cedc4fa0a6e0" executionId="0a7516a7-fbbe-4b02-b349-d32214c292ec" testListId="8c84fa94-04c1-424b-9868-57a2d4851a1d" />
    <TestEntry testId="49897fa8-afbf-aa8f-42ea-750e9df55079" executionId="82e16601-017a-4e18-8bef-1b3b7a1ace63" testListId="8c84fa94-04c1-424b-9868-57a2d4851a1d" />
    <TestEntry testId="4285fd6d-70cc-5c54-5511-75da11b36e5d" executionId="bd0af92a-dc98-483a-bf9c-c12b4a6fde95" testListId="8c84fa94-04c1-424b-9868-57a2d4851a1d" />
    <TestEntry testId="981d099c-a855-fea2-130c-49ac1d54a0cd" executionId="045d967b-b866-4c3a-bfcd-5a6d9b520b1d" testListId="8c84fa94-04c1-424b-9868-57a2d4851a1d" />
    <TestEntry testId="29446125-ae7b-a74f-3fea-d4cdf704ae46" executionId="b03f0a58-dbe4-48ef-b797-63ffcaf6960f" testListId="8c84fa94-04c1-424b-9868-57a2d4851a1d" />
    <TestEntry testId="2fb9a74d-c291-8fa6-00a3-37dde4e921f9" executionId="eff17012-6bcc-4af3-b27d-cdbf9ca2a64f" testListId="8c84fa94-04c1-424b-9868-57a2d4851a1d" />
    <TestEntry testId="a6de70da-8b03-e5d6-e50f-ff3c496e3221" executionId="11983800-11a2-4d4b-ad9b-e7b7a4e8417d" testListId="8c84fa94-04c1-424b-9868-57a2d4851a1d" />
    <TestEntry testId="be2f73ac-4a3f-8988-554f-912985cbd633" executionId="224d9126-8d9e-4ee7-87de-33dac12415fa" testListId="8c84fa94-04c1-424b-9868-57a2d4851a1d" />
    <TestEntry testId="0585b760-df55-b1f8-64b7-3a68e2bec584" executionId="383e62de-db23-4f2b-81e8-f9cc9a675149" testListId="8c84fa94-04c1-424b-9868-57a2d4851a1d" />
    <TestEntry testId="ec57f8ed-3691-0757-37f7-3c4dbe3bc6e9" executionId="10bb5a14-9c41-4cad-91ed-e3bdfb2456ac" testListId="8c84fa94-04c1-424b-9868-57a2d4851a1d" />
    <TestEntry testId="28ef425e-1be4-3ea6-ca19-a900f3f2a486" executionId="5fb90540-955d-4df0-823a-b3e834919900" testListId="8c84fa94-04c1-424b-9868-57a2d4851a1d" />
    <TestEntry testId="5bc44261-4f4a-1ed9-1c4e-bb8b05d777c9" executionId="905b3f09-ae11-4868-a6e4-bf9912bc1393" testListId="8c84fa94-04c1-424b-9868-57a2d4851a1d" />
    <TestEntry testId="4799bfb0-c70d-907b-5842-639add0089be" executionId="42094859-075c-4792-ad1d-37c6d033961d" testListId="8c84fa94-04c1-424b-9868-57a2d4851a1d" />
    <TestEntry testId="8b60bca8-7666-8662-8a35-c7683a064812" executionId="4e4d8556-3f06-4bd7-bdbf-e3c46ab917a6" testListId="8c84fa94-04c1-424b-9868-57a2d4851a1d" />
    <TestEntry testId="bb68a4f3-b961-a1ba-aa1d-980c85fccb0d" executionId="874a253e-2b09-4672-ba75-09c80e50b52b" testListId="8c84fa94-04c1-424b-9868-57a2d4851a1d" />
    <TestEntry testId="dc017a34-6942-f8ec-11c4-4b57c0a33f6b" executionId="f2d86b62-a921-4968-9ba2-cae697edbf1f" testListId="8c84fa94-04c1-424b-9868-57a2d4851a1d" />
    <TestEntry testId="51e6c5f4-f402-0d0d-7b84-4f05983bcacd" executionId="d8e6ae7e-c212-4b30-9e28-8aaf900c9739" testListId="8c84fa94-04c1-424b-9868-57a2d4851a1d" />
    <TestEntry testId="2394a7b7-06f6-8e31-4cff-ec678de5dfbb" executionId="479e5a70-ff85-4ab9-aece-33d0cbe5093c" testListId="8c84fa94-04c1-424b-9868-57a2d4851a1d" />
    <TestEntry testId="0e4bce62-7c99-c2be-4d7c-40c43ae1e05c" executionId="4368721e-5cfa-48d7-86b9-cdd2da4350a4" testListId="8c84fa94-04c1-424b-9868-57a2d4851a1d" />
    <TestEntry testId="9f0df0f6-d02a-0b4b-fdc2-c46f08b92130" executionId="33ebc50d-7f89-4b6f-86e3-910c3ab742e1" testListId="8c84fa94-04c1-424b-9868-57a2d4851a1d" />
    <TestEntry testId="146e684e-5ac9-f0ec-1f58-c3178bb318b4" executionId="f2f0c660-51d2-47d6-b54a-e9df7a7fe251" testListId="8c84fa94-04c1-424b-9868-57a2d4851a1d" />
    <TestEntry testId="b3723662-aaa9-a79e-aed2-f54da002b392" executionId="dac8d68d-b8ba-4997-b643-e688edfc02bd" testListId="8c84fa94-04c1-424b-9868-57a2d4851a1d" />
    <TestEntry testId="14306806-5df6-e412-4f79-2dc2e069e389" executionId="900fa319-1ca2-428f-aca7-f6b105a4e2b2" testListId="8c84fa94-04c1-424b-9868-57a2d4851a1d" />
    <TestEntry testId="39b1d282-7fce-bb85-3639-bd7e02b0961e" executionId="75315f8b-0a00-484e-903c-6a5d5cb4cf48" testListId="8c84fa94-04c1-424b-9868-57a2d4851a1d" />
    <TestEntry testId="224d534a-c7ce-6b8e-cecf-4848b863b783" executionId="81622690-73ca-48c1-bd7e-2ce6b2dc06be" testListId="8c84fa94-04c1-424b-9868-57a2d4851a1d" />
    <TestEntry testId="2dc98344-da0e-fe46-b7e2-1421af8e5b1d" executionId="51090def-45f8-4891-abed-f140062f0308" testListId="8c84fa94-04c1-424b-9868-57a2d4851a1d" />
    <TestEntry testId="994ed121-b384-2e00-1da4-c31e8e407b0a" executionId="95fe1eb0-88d1-415f-9a9f-8fb8b52558b8" testListId="8c84fa94-04c1-424b-9868-57a2d4851a1d" />
    <TestEntry testId="edf2c8a0-6d40-88f3-48ea-7c49d85edc7b" executionId="c5411be4-66df-453a-b5a9-fc087ac40798" testListId="8c84fa94-04c1-424b-9868-57a2d4851a1d" />
    <TestEntry testId="42e62a98-6817-8d63-2160-7b6bbc0c9cea" executionId="f594e355-6d4f-450e-9213-0357500f9bee" testListId="8c84fa94-04c1-424b-9868-57a2d4851a1d" />
    <TestEntry testId="9b2afd55-c02b-e416-db3f-24907f14c47d" executionId="a87702a7-3921-4fbc-9bf1-d4507750d23d" testListId="8c84fa94-04c1-424b-9868-57a2d4851a1d" />
    <TestEntry testId="bcc7d418-2829-7a12-ef40-28fb4ce007aa" executionId="9e622b5e-6557-4db8-86af-25144f81b01c" testListId="8c84fa94-04c1-424b-9868-57a2d4851a1d" />
    <TestEntry testId="e7efe658-69d3-442d-ec61-af51932cbb49" executionId="2860b715-56b3-4915-9877-770e89019ddf" testListId="8c84fa94-04c1-424b-9868-57a2d4851a1d" />
    <TestEntry testId="b6d9d478-8ef2-92db-c5f4-aeaad5b52df1" executionId="bf02ca84-4b4c-4f51-9f03-7a8d737173d6" testListId="8c84fa94-04c1-424b-9868-57a2d4851a1d" />
    <TestEntry testId="9f791b44-66ed-81cb-a905-2468ae287f4b" executionId="2634d2b6-20db-4154-a1a1-ce1f9c601e85" testListId="8c84fa94-04c1-424b-9868-57a2d4851a1d" />
    <TestEntry testId="b95ba2c6-6bdd-e7c3-6bf9-a13e36c71b64" executionId="72d5c802-d654-407a-aee3-1d3de7c8e97f" testListId="8c84fa94-04c1-424b-9868-57a2d4851a1d" />
    <TestEntry testId="e3b647fe-2086-1066-486c-69dd1615e14b" executionId="4e7483ee-a75f-489c-abe9-4293ad149a18" testListId="8c84fa94-04c1-424b-9868-57a2d4851a1d" />
    <TestEntry testId="b247fba0-e363-fcb5-810e-690d53f50937" executionId="983a2b22-ae2e-4bef-bca3-2d4d6a97117c" testListId="8c84fa94-04c1-424b-9868-57a2d4851a1d" />
    <TestEntry testId="4eb7a735-cb75-4247-7c48-62ad82d6a9cb" executionId="4c5b2892-363d-42e5-b7c2-cc2e82f3edfc" testListId="8c84fa94-04c1-424b-9868-57a2d4851a1d" />
    <TestEntry testId="f6c8533d-6871-e620-3a15-7deaf7edd4e3" executionId="7a1d89fd-a43d-4d37-86fb-7d5537438b11" testListId="8c84fa94-04c1-424b-9868-57a2d4851a1d" />
    <TestEntry testId="e27dd799-5251-d044-8121-fa542199b541" executionId="d180b8b4-e4ff-489f-992b-2959bfe90703" testListId="8c84fa94-04c1-424b-9868-57a2d4851a1d" />
    <TestEntry testId="8ca3fe5c-1fec-38cc-139e-5cda860a37d9" executionId="eb3b8a98-8846-48da-87cb-5e0df45314d3" testListId="8c84fa94-04c1-424b-9868-57a2d4851a1d" />
    <TestEntry testId="de5b2105-bebe-9397-259c-8a948661ebc8" executionId="2be70cfc-82d1-4a22-9a58-7a41be23d812" testListId="8c84fa94-04c1-424b-9868-57a2d4851a1d" />
    <TestEntry testId="6215978e-7b5d-4ed4-2e61-1f34c5a3a86a" executionId="b2f68d9b-1203-4038-ae04-d346b7fecc79" testListId="8c84fa94-04c1-424b-9868-57a2d4851a1d" />
    <TestEntry testId="6057cecb-7fa2-d0f0-8911-1a80596ef49b" executionId="6ff70043-d337-448b-ad73-ec1cdd3e0d96" testListId="8c84fa94-04c1-424b-9868-57a2d4851a1d" />
    <TestEntry testId="257cf2f0-17f1-f096-f603-e5f4a87a7a66" executionId="573e27f3-e892-400c-a245-66d8a67a5f0e" testListId="8c84fa94-04c1-424b-9868-57a2d4851a1d" />
    <TestEntry testId="0222e21b-1a35-baf8-8f24-adad49fcc125" executionId="9c121082-95b9-4c39-8fef-5d0a2869c3fd" testListId="8c84fa94-04c1-424b-9868-57a2d4851a1d" />
    <TestEntry testId="742bdb62-f7ec-73a4-9e58-b719ceb66e15" executionId="14262ec7-0113-4140-b59b-3b34bc69e796" testListId="8c84fa94-04c1-424b-9868-57a2d4851a1d" />
    <TestEntry testId="5efb6865-8b6b-60bf-8eaf-eaa558141503" executionId="3329c5a1-7924-4c0b-ad67-75187f7326c3" testListId="8c84fa94-04c1-424b-9868-57a2d4851a1d" />
    <TestEntry testId="68266fb4-2736-ba71-a128-a9e39c1f393d" executionId="cf325745-7f03-4e56-9659-37a0136b3bad" testListId="8c84fa94-04c1-424b-9868-57a2d4851a1d" />
    <TestEntry testId="69d6bb0f-c78f-6cd9-826a-48efd0d9f637" executionId="8cf95ba6-0bf1-4cfb-b698-750522c15a2d" testListId="8c84fa94-04c1-424b-9868-57a2d4851a1d" />
    <TestEntry testId="53bb92b4-8123-4864-4981-3b9bf05b122a" executionId="c327533b-5bf9-4f09-8011-f279833f4e65" testListId="8c84fa94-04c1-424b-9868-57a2d4851a1d" />
    <TestEntry testId="87c72546-d4ba-d2aa-7335-441f05ebc56a" executionId="92facb08-13db-4da2-9075-04c766a74d4e" testListId="8c84fa94-04c1-424b-9868-57a2d4851a1d" />
    <TestEntry testId="c9754ef7-454d-f20a-ba8a-9bb48b22c987" executionId="8e0ede8f-5116-473b-9587-c78e5ab9a6a5" testListId="8c84fa94-04c1-424b-9868-57a2d4851a1d" />
    <TestEntry testId="cba3cbb8-c82e-c21d-6400-b6073f3aa082" executionId="43c983a3-bb5f-4a53-b3af-1679754d9d3c" testListId="8c84fa94-04c1-424b-9868-57a2d4851a1d" />
    <TestEntry testId="cc624a1a-7f69-5930-0aad-f31365ddf34a" executionId="4ff0d31a-1b07-469a-87c4-a819d4e4ac1f" testListId="8c84fa94-04c1-424b-9868-57a2d4851a1d" />
    <TestEntry testId="9d6412cb-3a50-3068-8962-8836b07f370a" executionId="50d874a3-4327-4471-89b0-28b84c6c59dd" testListId="8c84fa94-04c1-424b-9868-57a2d4851a1d" />
    <TestEntry testId="19358055-3a08-b321-ab76-b52ffb253ea3" executionId="9187b47a-4f8e-471e-b2f4-a08b6c880d96" testListId="8c84fa94-04c1-424b-9868-57a2d4851a1d" />
    <TestEntry testId="ba740a17-cde2-0541-90ea-5e112d7c1b67" executionId="41a15ecb-413a-4712-915c-4170ef7da684" testListId="8c84fa94-04c1-424b-9868-57a2d4851a1d" />
    <TestEntry testId="ebef56bb-4a93-6ee6-dc36-391fde0761f0" executionId="0454018d-e2d3-48d7-b95e-9309a48ac8f5" testListId="8c84fa94-04c1-424b-9868-57a2d4851a1d" />
    <TestEntry testId="ef88800e-b3c3-e8f0-8825-047d4ee8f588" executionId="0e9a2f6d-d78c-4ddb-bc44-01cb1cf9288a" testListId="8c84fa94-04c1-424b-9868-57a2d4851a1d" />
    <TestEntry testId="636c8cf1-44d5-1cf4-3a85-1d64e2d2ce55" executionId="b8812d27-83ee-4094-8c40-2d577363a6aa" testListId="8c84fa94-04c1-424b-9868-57a2d4851a1d" />
    <TestEntry testId="d8e00839-07fc-237d-a5d8-f9e9120c6d7f" executionId="3eea087e-7af1-4e53-b2a5-8f815a57e2f3" testListId="8c84fa94-04c1-424b-9868-57a2d4851a1d" />
    <TestEntry testId="7fc25b4c-7a44-8747-306b-6270bd640883" executionId="4082894a-4a51-4aae-a56a-a8d735e9669a" testListId="8c84fa94-04c1-424b-9868-57a2d4851a1d" />
    <TestEntry testId="cbc4e3f4-c2e5-4325-1d8b-6b9e1501ec5b" executionId="ddd61537-9bdc-4751-afff-a337c29169f0" testListId="8c84fa94-04c1-424b-9868-57a2d4851a1d" />
    <TestEntry testId="250ef372-dc6c-93f8-2f5c-4af7a713cf94" executionId="70c880ba-ed70-4749-a2bd-bb975d9b9a0b" testListId="8c84fa94-04c1-424b-9868-57a2d4851a1d" />
    <TestEntry testId="9f0539bf-ce45-b539-b660-e1feb45dcbd7" executionId="c04283e2-a5a2-4fbc-ae0b-4c7f6f28d2cd" testListId="8c84fa94-04c1-424b-9868-57a2d4851a1d" />
    <TestEntry testId="5d5cb737-2ea3-b37c-74d8-eefd4d68fec6" executionId="89b2f95f-cadf-42d1-85f4-bcedeec38c91" testListId="8c84fa94-04c1-424b-9868-57a2d4851a1d" />
    <TestEntry testId="1503451f-c367-e6f7-efcd-1d7c7d1cd27d" executionId="d9dadd7a-6c9c-41ba-b013-c288cf06352d" testListId="8c84fa94-04c1-424b-9868-57a2d4851a1d" />
    <TestEntry testId="9384124d-6144-2e47-91ea-db45b3627c9a" executionId="02b9505e-df4e-4232-b0b0-e055a1283fc6" testListId="8c84fa94-04c1-424b-9868-57a2d4851a1d" />
    <TestEntry testId="d33ba304-66b6-f88b-a31f-3dda70fdcb3b" executionId="3ed01775-5d20-48b6-ac01-1988142bd378" testListId="8c84fa94-04c1-424b-9868-57a2d4851a1d" />
    <TestEntry testId="14bb50f4-a8ae-a89c-1d94-dba9d90b4290" executionId="bc5c9bcf-92f9-4d1b-a0d1-60f8c7aa8f26" testListId="8c84fa94-04c1-424b-9868-57a2d4851a1d" />
    <TestEntry testId="00618716-4f82-1a4a-b0f3-2af10c61bf40" executionId="8cdef262-6cc6-4fcc-89c4-d905b004ef4d" testListId="8c84fa94-04c1-424b-9868-57a2d4851a1d" />
    <TestEntry testId="0e018444-eb66-48a3-4c38-0d19c6a941fa" executionId="058c9152-da15-4162-b96b-93c7a7e82fc0" testListId="8c84fa94-04c1-424b-9868-57a2d4851a1d" />
    <TestEntry testId="b09990a8-046d-47f5-364b-4a48dd9d650f" executionId="56e46242-755f-4615-9d89-c57bb2949576" testListId="8c84fa94-04c1-424b-9868-57a2d4851a1d" />
    <TestEntry testId="585e2002-8755-95f2-a9ec-6b79daa0b869" executionId="232f78cb-2679-4608-951c-42aaee61ae95" testListId="8c84fa94-04c1-424b-9868-57a2d4851a1d" />
    <TestEntry testId="aaeff64a-1245-4b01-fe37-e9fe35f38008" executionId="9ca1b101-371f-416c-839e-0aa19c1a355d" testListId="8c84fa94-04c1-424b-9868-57a2d4851a1d" />
    <TestEntry testId="926fe379-e3d5-bd41-aae6-1a5da790924c" executionId="cdf46913-2449-4d88-a8e8-82dc0339b01c" testListId="8c84fa94-04c1-424b-9868-57a2d4851a1d" />
    <TestEntry testId="8adb5451-300e-1035-cfd7-2dbc14dbf050" executionId="5fcadab4-ee80-472b-896d-8317a4463116" testListId="8c84fa94-04c1-424b-9868-57a2d4851a1d" />
    <TestEntry testId="63a057b8-d93a-9977-b1b4-fa071e73ba32" executionId="6e1c738b-f36e-4640-bdf1-5cb15b75ced7" testListId="8c84fa94-04c1-424b-9868-57a2d4851a1d" />
    <TestEntry testId="e0abc56f-7d42-6359-24f3-9a5cc4c951e3" executionId="db40cb4e-5628-4a53-be73-8d9b22f9fa20" testListId="8c84fa94-04c1-424b-9868-57a2d4851a1d" />
    <TestEntry testId="725da74e-2346-5830-4c52-cfe52338caef" executionId="84945293-3d85-4e91-9766-ed363071704d" testListId="8c84fa94-04c1-424b-9868-57a2d4851a1d" />
    <TestEntry testId="0164cef1-95ba-6930-5c07-4c9c0b44555e" executionId="23e1aca2-583e-4438-8b9f-84467fbd574d" testListId="8c84fa94-04c1-424b-9868-57a2d4851a1d" />
    <TestEntry testId="8cf52a1b-446c-c1b4-7c71-1db62d7b987a" executionId="da355620-eee7-400a-a1a7-dc79d81572a3" testListId="8c84fa94-04c1-424b-9868-57a2d4851a1d" />
    <TestEntry testId="1212d1b4-9de3-2c00-0810-5d71d78ff7e3" executionId="142f6423-f7a1-479b-90f2-2001ea1727ff" testListId="8c84fa94-04c1-424b-9868-57a2d4851a1d" />
    <TestEntry testId="d18b828b-83e0-f5de-35a3-f92ddfa81b52" executionId="d74caa4b-b363-4697-beb0-5e2f840456bd" testListId="8c84fa94-04c1-424b-9868-57a2d4851a1d" />
    <TestEntry testId="de740a7f-1805-ccbb-beb5-ab87db04a4da" executionId="4620f6dd-169c-4bb3-ad92-359ccfe9d8a0" testListId="8c84fa94-04c1-424b-9868-57a2d4851a1d" />
    <TestEntry testId="25a5ab42-4069-42e8-44fe-e6aa176b4883" executionId="b3ee5191-d380-4af3-9143-97bb792ab62d" testListId="8c84fa94-04c1-424b-9868-57a2d4851a1d" />
    <TestEntry testId="37b7d620-ba49-b91e-8675-23dcbd72253a" executionId="82dde6ee-122c-4853-8328-1e47a965f53e" testListId="8c84fa94-04c1-424b-9868-57a2d4851a1d" />
    <TestEntry testId="adfaf1b6-ee9a-a854-6d91-40b24a39395c" executionId="55214e46-6d9d-464c-8dbd-089a2922bdb0" testListId="8c84fa94-04c1-424b-9868-57a2d4851a1d" />
    <TestEntry testId="1db94274-6592-8d13-818e-4085419651f2" executionId="1bc45b92-7e34-4f6c-b673-909c60af667d" testListId="8c84fa94-04c1-424b-9868-57a2d4851a1d" />
    <TestEntry testId="5bd0612f-9958-1d70-b197-2f1e354c84c6" executionId="8ac7e7b3-c516-43c5-8567-de7b90ef9ad7" testListId="8c84fa94-04c1-424b-9868-57a2d4851a1d" />
    <TestEntry testId="50884d10-5dca-df52-024a-9f31c65fe588" executionId="9edb98fe-2961-49bd-a9cd-741506cd0a84" testListId="8c84fa94-04c1-424b-9868-57a2d4851a1d" />
    <TestEntry testId="9f2f9eb7-af09-d3bf-f77f-90b9601a7cf2" executionId="1a3848d2-7b78-474f-becc-704e0589d17c" testListId="8c84fa94-04c1-424b-9868-57a2d4851a1d" />
    <TestEntry testId="c76877d1-d4d5-fd49-62f3-8d22b1b0fc75" executionId="1d03aedc-b666-47b8-a5b4-e4f86d0c0dec" testListId="8c84fa94-04c1-424b-9868-57a2d4851a1d" />
    <TestEntry testId="c1c48864-8599-68e8-5d78-5aaae964fd46" executionId="9dde7bfd-fc99-4b63-8466-76c662095c81" testListId="8c84fa94-04c1-424b-9868-57a2d4851a1d" />
    <TestEntry testId="31fa5d0d-5e74-d1c8-d0a2-8911646c8331" executionId="938f79eb-3b55-4af0-b8e1-0680e76e1557" testListId="8c84fa94-04c1-424b-9868-57a2d4851a1d" />
    <TestEntry testId="7e845520-152f-bc7f-2198-97309fd64061" executionId="7ed309bd-d003-4374-86d6-9505bb1780ec" testListId="8c84fa94-04c1-424b-9868-57a2d4851a1d" />
    <TestEntry testId="338a195f-2c39-6b8b-d9ad-b68c001e358f" executionId="0e9a26e8-bfa7-4991-9c78-707ef7ffeb82" testListId="8c84fa94-04c1-424b-9868-57a2d4851a1d" />
    <TestEntry testId="94f1ccd6-2121-5005-43d8-710e8c3b75fd" executionId="7d175875-41ee-44a7-8a9d-a7026fb98449" testListId="8c84fa94-04c1-424b-9868-57a2d4851a1d" />
    <TestEntry testId="2c74afdc-bea1-9c06-212b-c70212a9f1d4" executionId="053f844d-7d47-44ba-9178-e70886baf1a9" testListId="8c84fa94-04c1-424b-9868-57a2d4851a1d" />
    <TestEntry testId="06b893ad-dedc-35b5-9313-faacbf4e9a3c" executionId="8b0c0bf8-aac3-4060-b956-aade8b466e6d" testListId="8c84fa94-04c1-424b-9868-57a2d4851a1d" />
    <TestEntry testId="a7741fc5-35a5-4ccd-597a-5b3467b4e24f" executionId="0e9f561c-ac15-421c-a455-7911d26f8c22" testListId="8c84fa94-04c1-424b-9868-57a2d4851a1d" />
    <TestEntry testId="c5328cb2-b885-8b14-28e8-5a9ee0576b7c" executionId="232b7b98-ab03-418b-8491-9791c0ead5c7" testListId="8c84fa94-04c1-424b-9868-57a2d4851a1d" />
    <TestEntry testId="74cc6748-3958-77fa-7f29-670d020f8cd3" executionId="fd9994c9-918a-4a3c-ad0a-3624168c7ea8" testListId="8c84fa94-04c1-424b-9868-57a2d4851a1d" />
    <TestEntry testId="3a056f9a-ce33-e199-b4c8-cb178b5331e7" executionId="70f5698b-1b48-489b-b36e-b3a0a0fcbd59" testListId="8c84fa94-04c1-424b-9868-57a2d4851a1d" />
    <TestEntry testId="3d7bf430-8953-e8e1-3a2f-1fe15bae42a4" executionId="a65107a4-171b-4734-b62e-e57d21bd3e1c" testListId="8c84fa94-04c1-424b-9868-57a2d4851a1d" />
    <TestEntry testId="dda735d1-04db-3037-b385-6b7e0e70d7ee" executionId="394a8fb5-8c0b-4a6e-95d3-04b607aebb46" testListId="8c84fa94-04c1-424b-9868-57a2d4851a1d" />
    <TestEntry testId="6247ab59-74eb-cf84-482a-a583f6e11e0c" executionId="33dc2f9a-cfbb-4695-a03b-328dabfbd623" testListId="8c84fa94-04c1-424b-9868-57a2d4851a1d" />
    <TestEntry testId="cd2f5fd7-e901-e2bd-ca31-e39da680a9b6" executionId="50ebba73-b850-46b5-a4d4-dc39454af2c4" testListId="8c84fa94-04c1-424b-9868-57a2d4851a1d" />
    <TestEntry testId="142f3b3a-0646-9d8d-6da9-6000595864a3" executionId="da83a14f-db65-4965-863d-b9617cc89656" testListId="8c84fa94-04c1-424b-9868-57a2d4851a1d" />
    <TestEntry testId="9f58e3bf-ac9c-8be5-958b-fc524fae0cfd" executionId="5ad03366-dea8-4ce4-bb62-4f8feacdec3d" testListId="8c84fa94-04c1-424b-9868-57a2d4851a1d" />
    <TestEntry testId="ab8f770d-13cc-175d-1811-f6d3fd48a4fc" executionId="dc0a83ca-abbb-4f29-bbe5-8fc748aeef32" testListId="8c84fa94-04c1-424b-9868-57a2d4851a1d" />
    <TestEntry testId="48484679-1803-a931-3e10-bbde51565c4b" executionId="0508943e-d8a2-4a27-8342-44e3af843974" testListId="8c84fa94-04c1-424b-9868-57a2d4851a1d" />
    <TestEntry testId="54299e2e-2bdc-a7d3-8471-535442134787" executionId="d6df662a-a6c3-4bf6-8daa-4ecf24a68319" testListId="8c84fa94-04c1-424b-9868-57a2d4851a1d" />
    <TestEntry testId="8a13bd06-e39c-34b9-1589-dab6fc542cdc" executionId="38df7264-b996-48de-8eb6-24655fcdfc75" testListId="8c84fa94-04c1-424b-9868-57a2d4851a1d" />
    <TestEntry testId="699824b7-e064-add7-e59c-6df79878b90f" executionId="6fce8515-8d57-4a7f-98ad-0850674e79a6" testListId="8c84fa94-04c1-424b-9868-57a2d4851a1d" />
    <TestEntry testId="a8a4d357-c8cd-8240-8b9c-a04d7fb1a6f1" executionId="96a34a73-74b9-4b77-88bb-027d3feb1456" testListId="8c84fa94-04c1-424b-9868-57a2d4851a1d" />
    <TestEntry testId="6f0b8c98-8588-07f7-166d-268e8ae0533d" executionId="c7fa4feb-49b4-42cd-bfc7-a1e85437c660" testListId="8c84fa94-04c1-424b-9868-57a2d4851a1d" />
    <TestEntry testId="fcf06cc3-5bec-4324-e2a1-7a52c5df1685" executionId="11e9a171-06f0-444c-aacc-5864fd41b586" testListId="8c84fa94-04c1-424b-9868-57a2d4851a1d" />
    <TestEntry testId="84b2bd28-ee06-f48d-2e7d-0466ff313383" executionId="133c29be-2ab1-4900-a77c-e99c776612ca" testListId="8c84fa94-04c1-424b-9868-57a2d4851a1d" />
    <TestEntry testId="e68c940d-e42a-1511-394e-a4faeeffa642" executionId="882558a9-ef03-4a25-bf46-61274d452f75" testListId="8c84fa94-04c1-424b-9868-57a2d4851a1d" />
    <TestEntry testId="840d7e9b-a2ca-f306-6a5e-c780c2ea8bbc" executionId="c8199d4d-8e6d-439b-8105-3941a949f9ce" testListId="8c84fa94-04c1-424b-9868-57a2d4851a1d" />
    <TestEntry testId="462588c4-f379-0c6a-74ed-ba455d85852e" executionId="40dfd870-3be9-4075-a690-f57796b15d72" testListId="8c84fa94-04c1-424b-9868-57a2d4851a1d" />
    <TestEntry testId="f2eaa386-a8fa-c21f-c458-7f12c1c3dd16" executionId="9318ca58-6739-41ae-aeb4-030e76c34c23" testListId="8c84fa94-04c1-424b-9868-57a2d4851a1d" />
    <TestEntry testId="c6cfc3cd-c751-0fb3-251a-e99db7d16f3b" executionId="1086edaf-71f8-4a0b-934c-57e557066e0d" testListId="8c84fa94-04c1-424b-9868-57a2d4851a1d" />
    <TestEntry testId="3a4137d2-5af2-1a66-ab1f-681236e1f7e9" executionId="737da7b1-9eec-428c-bef2-1e20fb1521ec" testListId="8c84fa94-04c1-424b-9868-57a2d4851a1d" />
    <TestEntry testId="c7cf3afc-da46-c52b-1bae-d663fd25ee50" executionId="42c22b6c-0ec1-4a6b-a290-d7a3a76c60f9" testListId="8c84fa94-04c1-424b-9868-57a2d4851a1d" />
    <TestEntry testId="90df41f2-1eff-541d-10e4-135b682b043b" executionId="558d3393-af08-4ef7-9f88-d2485e4d4321" testListId="8c84fa94-04c1-424b-9868-57a2d4851a1d" />
    <TestEntry testId="4bf84d6a-9747-e23e-9edd-c36a80376ba8" executionId="16d760a6-8a6b-4607-aac4-173c068531ad" testListId="8c84fa94-04c1-424b-9868-57a2d4851a1d" />
    <TestEntry testId="477e32b3-1599-d40a-d8bc-a1ca5fcfbec3" executionId="6441be98-b13d-4401-9a01-98fe4862e14b" testListId="8c84fa94-04c1-424b-9868-57a2d4851a1d" />
    <TestEntry testId="2c38395a-4ae2-4ef1-d06a-e281e5a5ad81" executionId="952ecac4-41ec-4aa2-b982-48414ab024a9" testListId="8c84fa94-04c1-424b-9868-57a2d4851a1d" />
    <TestEntry testId="3aa7df36-11fe-1cc4-e0ce-8bf81be0287a" executionId="254002cd-09ac-41f4-b687-3376177a2f37" testListId="8c84fa94-04c1-424b-9868-57a2d4851a1d" />
    <TestEntry testId="2d3a935e-1e65-2fb9-dab5-366dee814adc" executionId="26ffc6ec-562e-4515-b2fa-99cda4d3ee4b" testListId="8c84fa94-04c1-424b-9868-57a2d4851a1d" />
    <TestEntry testId="a8b2ad7f-d16a-06bb-ce68-4f9c44900dc6" executionId="ace9f584-dffa-4978-a483-90df8fad2904" testListId="8c84fa94-04c1-424b-9868-57a2d4851a1d" />
    <TestEntry testId="85b0eff5-6a5c-21aa-74b2-7eac2da376a1" executionId="849de100-ba22-4008-ac95-0c4a962c510e" testListId="8c84fa94-04c1-424b-9868-57a2d4851a1d" />
    <TestEntry testId="9ec86789-853d-b24c-4277-85751b82010a" executionId="8a0b5737-7e83-48e1-8488-0c95f584a949" testListId="8c84fa94-04c1-424b-9868-57a2d4851a1d" />
    <TestEntry testId="9ef9d6a5-0f89-100e-3120-b37de812220f" executionId="bb5a59e4-4bf6-404f-ba71-515afffd83ca" testListId="8c84fa94-04c1-424b-9868-57a2d4851a1d" />
    <TestEntry testId="e9f1c1b3-1720-4319-f203-5b4b4c0ae31e" executionId="04a26ec5-f5fa-4d00-a683-1b8b54c03849" testListId="8c84fa94-04c1-424b-9868-57a2d4851a1d" />
    <TestEntry testId="e1626575-e055-6258-c63a-1ed2106a1fc3" executionId="d4b817b5-5176-41ca-82b9-f598113f915c" testListId="8c84fa94-04c1-424b-9868-57a2d4851a1d" />
    <TestEntry testId="e03ff53e-5f52-05d1-7a0e-f766f53821c3" executionId="e50bacf8-601a-45ef-ab2c-da9ed738fa63" testListId="8c84fa94-04c1-424b-9868-57a2d4851a1d" />
    <TestEntry testId="732503f7-8bcf-26ff-34de-71c5b627ff61" executionId="1b7b428b-6c70-4a37-bc95-ac3dbe22031d" testListId="8c84fa94-04c1-424b-9868-57a2d4851a1d" />
    <TestEntry testId="ba974f5f-9411-20b3-a2dc-bb1aa9a6b6b6" executionId="a3e962e7-aba9-4356-82cd-01f93d34af63" testListId="8c84fa94-04c1-424b-9868-57a2d4851a1d" />
    <TestEntry testId="5c71673c-87bc-73db-2cb1-13a53b14e2f5" executionId="bb836f5f-70e5-4194-bb0f-8d72e5d23c0d" testListId="8c84fa94-04c1-424b-9868-57a2d4851a1d" />
    <TestEntry testId="3ef8df55-4649-93c3-3be6-7324a0162458" executionId="9740bdbc-fb13-45ef-80a5-5e4278241dc3" testListId="8c84fa94-04c1-424b-9868-57a2d4851a1d" />
    <TestEntry testId="ad872773-ffb1-b6b0-ead4-dcdd8501a927" executionId="9833851a-b017-45ca-bbd4-56957c8276a4" testListId="8c84fa94-04c1-424b-9868-57a2d4851a1d" />
    <TestEntry testId="07e7c456-853c-aa19-eabd-829ddd29ec4f" executionId="db22523a-8e5a-41a3-8e10-0a02dc09d9b2" testListId="8c84fa94-04c1-424b-9868-57a2d4851a1d" />
    <TestEntry testId="9cbdd936-2c0a-78c4-1d35-3e19fb817af9" executionId="161607aa-6770-4eee-9d77-1fe9e9fd6bf2" testListId="8c84fa94-04c1-424b-9868-57a2d4851a1d" />
    <TestEntry testId="24ad50bb-6e27-832d-0a0f-be7509b4fa1b" executionId="63877a1b-1346-4e6f-8c7a-3b7e932a8feb" testListId="8c84fa94-04c1-424b-9868-57a2d4851a1d" />
    <TestEntry testId="4e186ccf-43d2-fe09-3c86-001af9030f39" executionId="508147e5-d192-4388-86d9-cb4130787e7f" testListId="8c84fa94-04c1-424b-9868-57a2d4851a1d" />
    <TestEntry testId="f9ad11b2-10fa-d297-cda1-cf93f159844d" executionId="77bd112e-b2f3-45d9-b84d-fd17c4f77540" testListId="8c84fa94-04c1-424b-9868-57a2d4851a1d" />
    <TestEntry testId="d56df8d1-b4dd-66b8-e573-75c4fe9c07e2" executionId="79dd95c1-e39f-47ea-8b45-1a8cbd15b6d2" testListId="8c84fa94-04c1-424b-9868-57a2d4851a1d" />
    <TestEntry testId="c2703aff-9383-46f6-4b8c-211e5be5b6cd" executionId="302d9026-4836-4b17-b0a2-a2100a747ba4" testListId="8c84fa94-04c1-424b-9868-57a2d4851a1d" />
    <TestEntry testId="4fe26442-d718-6d01-8cf8-76e1e758a998" executionId="760c8e67-d70d-4d8a-b571-dfb930af6424" testListId="8c84fa94-04c1-424b-9868-57a2d4851a1d" />
    <TestEntry testId="d8d53a51-1958-4529-819e-62ca5a99122f" executionId="e18b438a-c118-45b0-b179-2de5636289de" testListId="8c84fa94-04c1-424b-9868-57a2d4851a1d" />
    <TestEntry testId="5886e0ac-60e4-e8a0-59b9-173f39736232" executionId="984736eb-96ea-4e9c-ab81-c4c5cba060a4" testListId="8c84fa94-04c1-424b-9868-57a2d4851a1d" />
    <TestEntry testId="2c12e70b-d5f6-a96d-830d-14474c8e0d92" executionId="e56dde38-e14b-45e9-b472-ed2260894682" testListId="8c84fa94-04c1-424b-9868-57a2d4851a1d" />
    <TestEntry testId="c0bda018-1d62-7dbf-3681-e315be3567e6" executionId="5f5fc4e4-19ef-4ec6-9a65-3778fd234cfc" testListId="8c84fa94-04c1-424b-9868-57a2d4851a1d" />
    <TestEntry testId="b4652afc-4fcd-2143-f22d-6d9008cbb2c2" executionId="8d1ad3a4-dab9-45cd-9f7f-59745e81a871" testListId="8c84fa94-04c1-424b-9868-57a2d4851a1d" />
    <TestEntry testId="77c25885-f498-e269-7a67-0cba22b75ab1" executionId="d4bc460f-ad1b-4b41-84a4-20ab8bda8476" testListId="8c84fa94-04c1-424b-9868-57a2d4851a1d" />
    <TestEntry testId="d30553d3-7866-d34b-040a-85c642571e10" executionId="9f3d0286-e84e-4eca-8a39-5fbd7d963643" testListId="8c84fa94-04c1-424b-9868-57a2d4851a1d" />
    <TestEntry testId="af08d03d-ec36-120e-ae6b-f661270ea5d2" executionId="e1eb5742-b485-44bf-98dc-65d5ece06abd" testListId="8c84fa94-04c1-424b-9868-57a2d4851a1d" />
    <TestEntry testId="0a125d4c-5bf7-88a7-f84d-9193442e4879" executionId="48d4632a-2f8f-49ff-acbf-98073c9a015b" testListId="8c84fa94-04c1-424b-9868-57a2d4851a1d" />
    <TestEntry testId="d1627e90-8df2-671c-332a-ec497aadd1e4" executionId="2fada24a-c488-42f8-8c3f-9d0f2c3bde6f" testListId="8c84fa94-04c1-424b-9868-57a2d4851a1d" />
    <TestEntry testId="37cd8d03-e1c8-ddea-a38c-7816c97e5aa0" executionId="0e63d59a-7623-495e-ac90-b0f31ce91193" testListId="8c84fa94-04c1-424b-9868-57a2d4851a1d" />
    <TestEntry testId="27cd4120-ea1b-2625-e99e-bbb925727055" executionId="be11fba1-fd50-4f99-be64-b35bd3a8779f" testListId="8c84fa94-04c1-424b-9868-57a2d4851a1d" />
    <TestEntry testId="8570fdae-a30e-700e-4461-5f4669654249" executionId="bd775868-03cd-4662-a75e-b92cf2a2707b" testListId="8c84fa94-04c1-424b-9868-57a2d4851a1d" />
    <TestEntry testId="4adbe814-547b-0771-4a5e-b3225b955797" executionId="d315b10d-9007-4fa9-8b99-a7fcc2a28180" testListId="8c84fa94-04c1-424b-9868-57a2d4851a1d" />
    <TestEntry testId="3623f466-d4ac-1751-80f5-d2ef70422e3d" executionId="bd98ec54-0671-4dd5-ad4b-0d37c145af5a" testListId="8c84fa94-04c1-424b-9868-57a2d4851a1d" />
    <TestEntry testId="2b58c7ad-d6f1-b833-8ddd-93d42f9b19bc" executionId="41ea17e2-7690-49d1-85af-9e91d2f9f317" testListId="8c84fa94-04c1-424b-9868-57a2d4851a1d" />
    <TestEntry testId="66f41b99-9bb5-3922-2d4c-8267bfe83112" executionId="64bb2ca6-de8d-4efe-acff-6948e0d17b3b" testListId="8c84fa94-04c1-424b-9868-57a2d4851a1d" />
    <TestEntry testId="ef7ede63-3b8a-d738-a6f5-5406c4c50b46" executionId="f8c8d630-662c-4a2b-8a42-ab0efe5d4558" testListId="8c84fa94-04c1-424b-9868-57a2d4851a1d" />
    <TestEntry testId="743c4efa-12f6-d52f-0129-8d1b422eba8f" executionId="493cd512-e32e-4f44-ad38-b87a529c8f2b" testListId="8c84fa94-04c1-424b-9868-57a2d4851a1d" />
    <TestEntry testId="dd74fdb8-50db-17b8-59ef-fa8a5d70c0e7" executionId="74af51e6-08cb-4d01-a441-6db45c357a8d" testListId="8c84fa94-04c1-424b-9868-57a2d4851a1d" />
    <TestEntry testId="31d2aefd-e947-37df-b8f1-8e0d6dcc3845" executionId="40ba2803-a650-4b7e-a796-469fe27afb86" testListId="8c84fa94-04c1-424b-9868-57a2d4851a1d" />
    <TestEntry testId="ca92dbbf-1df1-63ef-7a70-b0debe369e3e" executionId="e9956f15-ac16-466e-81c4-eb32b6d16107" testListId="8c84fa94-04c1-424b-9868-57a2d4851a1d" />
    <TestEntry testId="e72ac251-d925-9985-beec-39c7f2b52b72" executionId="49a8cdd9-7f43-4964-ba13-d13dcbcda5c7" testListId="8c84fa94-04c1-424b-9868-57a2d4851a1d" />
    <TestEntry testId="41a35dad-985c-ac1c-02d5-c9410322a770" executionId="82d18cc1-d199-4506-9968-3744ccd8590f" testListId="8c84fa94-04c1-424b-9868-57a2d4851a1d" />
    <TestEntry testId="04bf2fb8-7598-994c-b5b5-2f5e87f4a0b4" executionId="e794e3bc-d9b8-4ede-b212-af70ddf8cc1f" testListId="8c84fa94-04c1-424b-9868-57a2d4851a1d" />
    <TestEntry testId="780f1c78-3334-7d95-b52a-8b53ce1e56a1" executionId="4a685fd9-361b-4860-b163-3b02902918f6" testListId="8c84fa94-04c1-424b-9868-57a2d4851a1d" />
    <TestEntry testId="fbdae986-4ae4-5444-a733-69376521dbb0" executionId="840ca95b-6abf-41dd-affd-209dc71007d0" testListId="8c84fa94-04c1-424b-9868-57a2d4851a1d" />
    <TestEntry testId="e03a47bb-30de-67b9-989a-670956feb5c4" executionId="309a73f2-489f-4452-8575-e088cb2304b6" testListId="8c84fa94-04c1-424b-9868-57a2d4851a1d" />
    <TestEntry testId="4e34a0c7-e0a8-2828-4378-635974a2dcbc" executionId="78b3c05d-ca45-4e40-80ae-11a66783382b" testListId="8c84fa94-04c1-424b-9868-57a2d4851a1d" />
    <TestEntry testId="65725e40-3717-e9de-609c-7f4189d0ecf1" executionId="be54cd0f-029a-443c-8b38-f32d729d9e69" testListId="8c84fa94-04c1-424b-9868-57a2d4851a1d" />
    <TestEntry testId="1feeeda9-0aa0-2e35-e610-29bad728254c" executionId="78332566-2f81-4870-9cfa-5bf258d08f45" testListId="8c84fa94-04c1-424b-9868-57a2d4851a1d" />
    <TestEntry testId="6a4ec7d9-a5ab-e6de-fe9f-73f7c5d8809b" executionId="9183adc3-3153-4fe8-afeb-be989d74be75" testListId="8c84fa94-04c1-424b-9868-57a2d4851a1d" />
    <TestEntry testId="5e64e319-d992-561d-8412-0461abee9d0b" executionId="0ed1e26d-62e1-4f50-8fe3-2e63dc0a09e0" testListId="8c84fa94-04c1-424b-9868-57a2d4851a1d" />
    <TestEntry testId="35b84984-78cf-6bdf-2214-b04c09db7bfa" executionId="94e589f3-33bc-4b7b-b9d9-99d5380aa9db" testListId="8c84fa94-04c1-424b-9868-57a2d4851a1d" />
    <TestEntry testId="9b3efce4-69d6-977f-0853-0434039b24ee" executionId="67ef679f-3c4b-4617-bfd8-07dfe6e00fe4" testListId="8c84fa94-04c1-424b-9868-57a2d4851a1d" />
    <TestEntry testId="b9612d27-d96d-4885-bd23-09fc7118f418" executionId="cf1383f2-6a85-43a5-af5f-601875a7ffee" testListId="8c84fa94-04c1-424b-9868-57a2d4851a1d" />
    <TestEntry testId="8434aa07-b153-cfc3-0803-deaef20fe631" executionId="b0362d45-31b1-4c3b-8240-e3d59b9541c7" testListId="8c84fa94-04c1-424b-9868-57a2d4851a1d" />
    <TestEntry testId="520513bf-cd52-b18c-44b8-4cbd75cbbbf4" executionId="b3ee3b83-c5d1-4090-b0d6-46a533d598cc" testListId="8c84fa94-04c1-424b-9868-57a2d4851a1d" />
    <TestEntry testId="825874b1-d7aa-3f36-6cf4-311e96f43c2f" executionId="b6a46f3c-2bb8-4532-9799-8eba732c7286" testListId="8c84fa94-04c1-424b-9868-57a2d4851a1d" />
    <TestEntry testId="3b57340c-2aad-3c76-3047-e04f27bcda97" executionId="f70bf414-4f80-4d86-a17b-2db503288de5" testListId="8c84fa94-04c1-424b-9868-57a2d4851a1d" />
    <TestEntry testId="be4db557-6c72-5208-cef7-e179c3349be6" executionId="0592a95f-384d-4da0-9f01-86d1aa39a476" testListId="8c84fa94-04c1-424b-9868-57a2d4851a1d" />
    <TestEntry testId="cf1d76bd-7090-076c-6692-f1dc7942f270" executionId="270114fb-b040-4393-97db-33871b161d83" testListId="8c84fa94-04c1-424b-9868-57a2d4851a1d" />
    <TestEntry testId="b9900db2-cbc2-5c6d-13e9-f7f0df19cf48" executionId="7dea054e-8900-4a22-aa0d-414ca465a6a1" testListId="8c84fa94-04c1-424b-9868-57a2d4851a1d" />
    <TestEntry testId="562c91ce-558a-6235-594f-9dd29fb2762c" executionId="4e498922-bdf2-400d-848a-17e718ad696e" testListId="8c84fa94-04c1-424b-9868-57a2d4851a1d" />
    <TestEntry testId="4dc71277-993b-f2e8-9fe2-1d9087352aa3" executionId="6fe8f720-af3d-45f1-93f3-8db71b141b80" testListId="8c84fa94-04c1-424b-9868-57a2d4851a1d" />
    <TestEntry testId="e59d293c-5af8-002c-e55c-1398367fa479" executionId="e8a0ee81-c324-450b-ac3d-e46af74c6456" testListId="8c84fa94-04c1-424b-9868-57a2d4851a1d" />
    <TestEntry testId="b76fa9ce-3932-58b8-1089-79062413d8f0" executionId="1597ae7a-1e74-4dfe-b71f-a7d929500c56" testListId="8c84fa94-04c1-424b-9868-57a2d4851a1d" />
    <TestEntry testId="bb873d99-d2ac-ba90-f328-04a24d707bcd" executionId="771ead3f-e6fa-4427-b220-6b4aac8e0007" testListId="8c84fa94-04c1-424b-9868-57a2d4851a1d" />
    <TestEntry testId="58683d2f-19fa-251e-90dc-e7c7a4170567" executionId="680f7adb-5ef4-4ad7-82d7-9ff7d6d22cb2" testListId="8c84fa94-04c1-424b-9868-57a2d4851a1d" />
    <TestEntry testId="bca36cb2-2744-9a6e-ec74-38d95204b268" executionId="24f8dc47-1c58-4882-ad99-6c2f21627363" testListId="8c84fa94-04c1-424b-9868-57a2d4851a1d" />
    <TestEntry testId="f419f841-c256-af4c-f845-5eea6a82f98f" executionId="a87e8e26-9a41-482d-831b-86e4cf561b5d" testListId="8c84fa94-04c1-424b-9868-57a2d4851a1d" />
    <TestEntry testId="feb61cc2-d8a7-1010-6b57-b4f5136be797" executionId="438bf05f-955d-428a-9623-013779e18bfe" testListId="8c84fa94-04c1-424b-9868-57a2d4851a1d" />
    <TestEntry testId="99040f86-22f7-5e2f-b0c0-fc6c603f2df3" executionId="76129f66-a593-4bb4-8afe-2f90463ffcf9" testListId="8c84fa94-04c1-424b-9868-57a2d4851a1d" />
    <TestEntry testId="96eb4e0c-1d26-4061-6cc8-97843949af2c" executionId="6bdbabac-73e9-4be5-b188-ec8f5340782c" testListId="8c84fa94-04c1-424b-9868-57a2d4851a1d" />
    <TestEntry testId="a4263f00-cdbf-b301-109b-a87ad30f69f1" executionId="367898ca-4753-4e03-9f76-3ae93048194d" testListId="8c84fa94-04c1-424b-9868-57a2d4851a1d" />
    <TestEntry testId="55fa85c5-d123-5ca6-f67f-cf7f03326489" executionId="c0f364cd-5e47-4d1e-8427-7f2b0372d8b9" testListId="8c84fa94-04c1-424b-9868-57a2d4851a1d" />
    <TestEntry testId="58be467a-6654-0e35-1e10-a4374a8d6062" executionId="a0c73d31-95c8-42cd-b6db-45318b659cdf" testListId="8c84fa94-04c1-424b-9868-57a2d4851a1d" />
    <TestEntry testId="e18621e8-da82-d8f4-e7c7-a10340d5d9a4" executionId="89b58e2d-6408-426a-a2a5-f07c58284b9d" testListId="8c84fa94-04c1-424b-9868-57a2d4851a1d" />
    <TestEntry testId="6ccb17ad-4b69-52f4-3d64-f02851102017" executionId="81a4c8a1-4c6c-48d2-99c0-3d1c0cc389d5" testListId="8c84fa94-04c1-424b-9868-57a2d4851a1d" />
    <TestEntry testId="bef83212-6bad-8152-ef96-0154e1cac447" executionId="29a768ad-e39f-4f35-a9af-e037cfe26eec" testListId="8c84fa94-04c1-424b-9868-57a2d4851a1d" />
    <TestEntry testId="ee46a3e8-e849-987e-2550-c7c3c8bdca18" executionId="dff7a98c-b6ba-4eca-8dee-b2f8f91094f7" testListId="8c84fa94-04c1-424b-9868-57a2d4851a1d" />
    <TestEntry testId="c01094ff-8b8e-79ac-7234-50131d524627" executionId="219cfbbb-b231-4777-bc9f-830d91847df1" testListId="8c84fa94-04c1-424b-9868-57a2d4851a1d" />
    <TestEntry testId="eb7abcdf-4edc-43d5-2925-69a90945f9a5" executionId="8912caee-10fc-45a3-9c1c-7938e5efd5d1" testListId="8c84fa94-04c1-424b-9868-57a2d4851a1d" />
    <TestEntry testId="ad0762eb-2871-a25a-9561-8a26158a456a" executionId="a4f8818b-eece-42b6-af17-0eff2a9792d9" testListId="8c84fa94-04c1-424b-9868-57a2d4851a1d" />
    <TestEntry testId="b63b0257-57f4-c0a1-7d73-1ecf4d6aae48" executionId="8213d607-f503-416d-98a0-1e053426b0b3" testListId="8c84fa94-04c1-424b-9868-57a2d4851a1d" />
    <TestEntry testId="af500a3c-0d31-8f0c-a63f-7fc02c720397" executionId="53e24131-08d0-47db-b93b-45f67aad8224" testListId="8c84fa94-04c1-424b-9868-57a2d4851a1d" />
    <TestEntry testId="dba05cc8-439b-0f64-7bd1-fd8fe74dca4b" executionId="51cc527a-f860-4251-908d-d6bc51cf12c2" testListId="8c84fa94-04c1-424b-9868-57a2d4851a1d" />
    <TestEntry testId="d9079d90-2920-f566-8909-0fb0a7a3a358" executionId="e94bb6cf-62d3-461f-941f-9de8a1246b47" testListId="8c84fa94-04c1-424b-9868-57a2d4851a1d" />
    <TestEntry testId="721a22df-dcb2-fd19-7a7f-fbe5b1222744" executionId="c93e39d4-637b-46fd-a4c7-288b5d07abac" testListId="8c84fa94-04c1-424b-9868-57a2d4851a1d" />
    <TestEntry testId="21d4548a-83b7-bb31-7152-3926e45192a1" executionId="91901233-0a3a-4654-a1a2-c20dc9cd1aa8" testListId="8c84fa94-04c1-424b-9868-57a2d4851a1d" />
    <TestEntry testId="8c655826-7bfe-6611-a31b-c1c71d90f459" executionId="77b616a9-17a6-447e-a03a-73a750abf77a" testListId="8c84fa94-04c1-424b-9868-57a2d4851a1d" />
    <TestEntry testId="1ecd105e-2dcb-d94c-5f8d-c4ecd1569d10" executionId="8379e28f-3798-41bb-ab40-187303b73662" testListId="8c84fa94-04c1-424b-9868-57a2d4851a1d" />
    <TestEntry testId="a05996ef-7279-5ce2-e8f8-194e08545129" executionId="f426b33c-45f1-4f1a-b1cd-bf3d0a8a9202" testListId="8c84fa94-04c1-424b-9868-57a2d4851a1d" />
    <TestEntry testId="4d978fde-d2e4-7575-3eed-9dc58ed9998c" executionId="9feac08e-c9cd-4dff-9df0-569b385d629b" testListId="8c84fa94-04c1-424b-9868-57a2d4851a1d" />
    <TestEntry testId="ce931e4e-388d-7d52-650e-1dc96ba7f0f6" executionId="350fb568-5d1d-4ddd-80c5-573ed127c002" testListId="8c84fa94-04c1-424b-9868-57a2d4851a1d" />
    <TestEntry testId="306ed4e8-4ab8-4787-b5e2-af3193c255e6" executionId="7b81de74-7107-4ba4-b2b8-aa06bb82960c" testListId="8c84fa94-04c1-424b-9868-57a2d4851a1d" />
    <TestEntry testId="169c0340-68cf-7e65-35ef-4e909c9252f9" executionId="1cb331db-ee47-4f78-bda2-551d59b5b684" testListId="8c84fa94-04c1-424b-9868-57a2d4851a1d" />
    <TestEntry testId="75093d28-afc2-dcbc-1e64-b17e205f8071" executionId="be063def-44bf-43b1-967e-b9124fd3d8db" testListId="8c84fa94-04c1-424b-9868-57a2d4851a1d" />
    <TestEntry testId="0ebfe791-6b4d-a3b8-5330-d32bda8e413d" executionId="bd9b75ca-ccd4-453e-bb1c-58f8dfdbdf11" testListId="8c84fa94-04c1-424b-9868-57a2d4851a1d" />
    <TestEntry testId="a9942bf9-ad80-f9e6-0ebd-05117b305a07" executionId="eca493dd-dde7-4f8c-9e11-0845b9d9ec40" testListId="8c84fa94-04c1-424b-9868-57a2d4851a1d" />
    <TestEntry testId="1679c0bf-524e-8e1e-0635-301a75b89d57" executionId="30ab4379-9e6f-4765-b5ff-989a6495cbe3" testListId="8c84fa94-04c1-424b-9868-57a2d4851a1d" />
    <TestEntry testId="9f592cba-0952-e385-4ea5-ce4a77667e71" executionId="5050d255-eea1-417e-a774-0d9e3743d067" testListId="8c84fa94-04c1-424b-9868-57a2d4851a1d" />
    <TestEntry testId="66fcdc1b-950f-7a55-01b9-2759d9aabe60" executionId="4c7eff66-3b52-4a88-afd5-20f39eaec109" testListId="8c84fa94-04c1-424b-9868-57a2d4851a1d" />
    <TestEntry testId="ca57744d-4eec-5673-06cd-124c8e5c613d" executionId="ff796491-f238-473a-b3ac-29eac77da054" testListId="8c84fa94-04c1-424b-9868-57a2d4851a1d" />
    <TestEntry testId="2c70923f-ca66-aba3-db7c-df9c2aa9f052" executionId="d872f0de-d202-4303-be57-a5f7956efb3e" testListId="8c84fa94-04c1-424b-9868-57a2d4851a1d" />
    <TestEntry testId="592f1381-1b1e-d339-7eb0-253d41ee0dc5" executionId="53a91c3b-464d-406a-b0ff-a709e11d52d4" testListId="8c84fa94-04c1-424b-9868-57a2d4851a1d" />
    <TestEntry testId="ed9dbcd4-caa1-444f-55d7-c156a57c23d0" executionId="68517fa7-16c5-4b4d-a667-4edde4937a38" testListId="8c84fa94-04c1-424b-9868-57a2d4851a1d" />
    <TestEntry testId="2c0839de-ff81-2b83-f3c2-eaf0dc01b659" executionId="b5aea983-62aa-4962-a717-90d65e01c0fc" testListId="8c84fa94-04c1-424b-9868-57a2d4851a1d" />
    <TestEntry testId="b24e63e5-ed1c-f5a8-17ea-47dc25bf0e3a" executionId="c8f067b8-8064-498b-a2aa-0288795223f4" testListId="8c84fa94-04c1-424b-9868-57a2d4851a1d" />
    <TestEntry testId="ac7166d5-6ed9-af93-adae-df1837157d22" executionId="c289df44-f0b5-4abf-9329-2ab004a196a9" testListId="8c84fa94-04c1-424b-9868-57a2d4851a1d" />
    <TestEntry testId="b2c883f9-e50a-9024-4ba0-581b622c8824" executionId="098244c4-4dfe-4ee0-a8c1-047aa6468b58" testListId="8c84fa94-04c1-424b-9868-57a2d4851a1d" />
    <TestEntry testId="ea67a0fc-dde3-352d-2bea-8f11bc8a4ff8" executionId="bde50db4-80e9-49ca-94d9-01dff4dd3a90" testListId="8c84fa94-04c1-424b-9868-57a2d4851a1d" />
    <TestEntry testId="b60f3791-8411-dd00-0dc7-0028c0393bed" executionId="e5342727-3629-4b48-b1b2-62b73551cdbc" testListId="8c84fa94-04c1-424b-9868-57a2d4851a1d" />
    <TestEntry testId="6a5b4741-e6cb-bd09-2b79-ec90fc784e12" executionId="8cc06dac-c47c-4c50-8ba7-dd4d93c491fd" testListId="8c84fa94-04c1-424b-9868-57a2d4851a1d" />
    <TestEntry testId="b4b2ce78-ea17-2c67-91b1-d5289405da01" executionId="c3e3f0a7-3fa5-435e-a995-2e1fe9c3a0ee" testListId="8c84fa94-04c1-424b-9868-57a2d4851a1d" />
    <TestEntry testId="79cd81df-a953-0c7a-7dbb-aca4faf3adca" executionId="ac705070-7229-4b15-83fe-926df502847a" testListId="8c84fa94-04c1-424b-9868-57a2d4851a1d" />
    <TestEntry testId="f42b2b5c-a8df-13cb-58e2-834e91a6ba9d" executionId="50fc0410-ae67-4f16-9ef4-8a055e254a5c" testListId="8c84fa94-04c1-424b-9868-57a2d4851a1d" />
    <TestEntry testId="654824da-831c-dce2-815c-052433d506ed" executionId="aa997d53-4093-4514-ac4a-399ddbfa8d45" testListId="8c84fa94-04c1-424b-9868-57a2d4851a1d" />
    <TestEntry testId="a97654da-5e07-39e0-b469-69e6b597d6b0" executionId="b46834bb-364f-44b4-9086-beb74c5d4dba" testListId="8c84fa94-04c1-424b-9868-57a2d4851a1d" />
    <TestEntry testId="1b1a3e14-bc58-609a-ae96-8b367819b99d" executionId="385e266e-261f-4213-a5c9-097d5102f30a" testListId="8c84fa94-04c1-424b-9868-57a2d4851a1d" />
    <TestEntry testId="456cfd78-0a00-198c-3ebc-ed4c019c4ad7" executionId="8a41ba1a-1b81-4757-be78-c6a152bde50a" testListId="8c84fa94-04c1-424b-9868-57a2d4851a1d" />
    <TestEntry testId="8f991ec0-049a-f3d3-1a97-4d913c1d59ea" executionId="a5b55032-4cd4-4fa5-bfeb-75e3ee2cac70" testListId="8c84fa94-04c1-424b-9868-57a2d4851a1d" />
    <TestEntry testId="41297554-dd65-6291-2e76-e9ec0992caf3" executionId="586e142b-6063-45a2-bf59-6909198d7086" testListId="8c84fa94-04c1-424b-9868-57a2d4851a1d" />
    <TestEntry testId="5ea7cb00-b892-f1fd-b62e-cc236ff5ad70" executionId="23228d52-c825-463b-bd5c-5024de09ef2c" testListId="8c84fa94-04c1-424b-9868-57a2d4851a1d" />
    <TestEntry testId="fddc68b9-38b3-f313-9510-e8e9def595c4" executionId="01d4f20a-2193-44e6-9aec-801e73adf5bb" testListId="8c84fa94-04c1-424b-9868-57a2d4851a1d" />
    <TestEntry testId="17b4e27e-b862-2aa2-3b9c-1e7aef46601c" executionId="6f9afee4-862d-4a1f-855a-3e11e2eae085" testListId="8c84fa94-04c1-424b-9868-57a2d4851a1d" />
    <TestEntry testId="93e4a723-abf2-7296-c980-e896e8dda35e" executionId="ba0e87b0-3f6a-4b78-9b57-d5402951f2f9" testListId="8c84fa94-04c1-424b-9868-57a2d4851a1d" />
    <TestEntry testId="6c9335fb-eb25-994a-5a75-b57264e3a6ac" executionId="cf95b938-bb81-4735-b350-6d1df7553c4e" testListId="8c84fa94-04c1-424b-9868-57a2d4851a1d" />
    <TestEntry testId="fc918322-f4bb-489c-e6f9-317234a62a30" executionId="92157c89-8b03-4c35-835b-f95e18c973fc" testListId="8c84fa94-04c1-424b-9868-57a2d4851a1d" />
    <TestEntry testId="7d742982-add9-28eb-7559-102170fb1882" executionId="ebd0238b-cdb5-4656-b219-b3d6b9effa9c" testListId="8c84fa94-04c1-424b-9868-57a2d4851a1d" />
    <TestEntry testId="9a27e1bb-32db-df63-a1f2-721797c755e4" executionId="cbd7bc98-9c95-44d0-b9fd-8f13b61a6889" testListId="8c84fa94-04c1-424b-9868-57a2d4851a1d" />
    <TestEntry testId="27bb0846-204f-2736-e20f-7a35a54e4e90" executionId="ae25252f-8055-4a44-a5c2-36011113f87a" testListId="8c84fa94-04c1-424b-9868-57a2d4851a1d" />
    <TestEntry testId="722d9eec-0ab4-46ca-c561-68fe91ad8831" executionId="144d3015-f48f-464e-9aae-8896b17883dc" testListId="8c84fa94-04c1-424b-9868-57a2d4851a1d" />
    <TestEntry testId="7e49d211-33c9-5592-25e4-c124dfa62afe" executionId="5c3b6aa2-a42f-4e87-9328-62313699f9de" testListId="8c84fa94-04c1-424b-9868-57a2d4851a1d" />
    <TestEntry testId="0a1b016b-3e45-4017-464a-fe98f0c6ccb8" executionId="6fb245e6-d902-4adf-83ca-9e541866c7be" testListId="8c84fa94-04c1-424b-9868-57a2d4851a1d" />
    <TestEntry testId="b910e38f-69a8-b424-3d33-d20131ab1948" executionId="5bc5a44d-c414-465b-b650-287126339b49" testListId="8c84fa94-04c1-424b-9868-57a2d4851a1d" />
    <TestEntry testId="07361177-b4ca-8f15-ac56-847d5ab031b9" executionId="0b67999e-1281-4977-873a-b08eb95de60a" testListId="8c84fa94-04c1-424b-9868-57a2d4851a1d" />
    <TestEntry testId="80097625-e003-6f69-9b6c-cb7eeead4cc8" executionId="6584e95a-81c8-4d66-b597-b7daa1eca0c0" testListId="8c84fa94-04c1-424b-9868-57a2d4851a1d" />
    <TestEntry testId="8c36f616-16a9-da46-946a-1b91a8d4936b" executionId="f4391605-6e7c-4c6c-890c-1dc0bfe2817b" testListId="8c84fa94-04c1-424b-9868-57a2d4851a1d" />
    <TestEntry testId="1b1ce6e1-41fe-6737-86b4-4413fa96b0b5" executionId="00940333-55a8-4382-81cc-bc477806ce60" testListId="8c84fa94-04c1-424b-9868-57a2d4851a1d" />
    <TestEntry testId="4e539b83-0404-b8fb-a4fe-bd24e445763d" executionId="da1d8315-0ec7-46d0-ad3d-6e9edceb5b6a" testListId="8c84fa94-04c1-424b-9868-57a2d4851a1d" />
    <TestEntry testId="5a788199-1038-fa03-e2a7-ded98421a2e7" executionId="18b7b152-4f34-4f2e-a6f4-47cd8c8b9668" testListId="8c84fa94-04c1-424b-9868-57a2d4851a1d" />
    <TestEntry testId="68e731de-5d12-96a6-4b0f-1c9f167f33b3" executionId="34d998f9-d37d-4cc1-96f2-ff3d57c83d4a" testListId="8c84fa94-04c1-424b-9868-57a2d4851a1d" />
    <TestEntry testId="a9b4057e-adb3-6fcd-cf37-ded7c2ccdc6f" executionId="f1bfbc0a-f46f-411b-bc44-e0b3846222c4" testListId="8c84fa94-04c1-424b-9868-57a2d4851a1d" />
    <TestEntry testId="e81bf28d-1d67-5144-faff-39e857f5365a" executionId="e4546ef7-3724-4d5b-b5f7-48a3e8730b4e" testListId="8c84fa94-04c1-424b-9868-57a2d4851a1d" />
    <TestEntry testId="e35af84d-5253-a0b3-676b-d8c1702fd0f7" executionId="4f77eeaa-a21d-4559-8d7c-9d439e7de51c" testListId="8c84fa94-04c1-424b-9868-57a2d4851a1d" />
    <TestEntry testId="d219936a-3b1e-ce7e-8656-d907b99e333c" executionId="cbf2b5fa-97b4-4f37-9138-9f22586dcafb" testListId="8c84fa94-04c1-424b-9868-57a2d4851a1d" />
    <TestEntry testId="5e51178d-c090-6fd7-c27f-04e3e74bd42f" executionId="1a166e2c-7149-4ebf-9694-0de4bd8e6f9d" testListId="8c84fa94-04c1-424b-9868-57a2d4851a1d" />
    <TestEntry testId="3f0e4010-1ce0-bc63-b2c7-bf6fc4116d03" executionId="da54d24e-b67d-4b25-91aa-314fa83a8b5b" testListId="8c84fa94-04c1-424b-9868-57a2d4851a1d" />
    <TestEntry testId="cd382ab1-e2ee-ffb7-3531-a0e2f5183e84" executionId="705489ad-c5af-4b76-8b56-00cc04a47dc4" testListId="8c84fa94-04c1-424b-9868-57a2d4851a1d" />
    <TestEntry testId="e91a2775-b182-a50c-7252-43091e065330" executionId="a5badbdb-14b0-4bc6-ba53-5a3785c5cc36" testListId="8c84fa94-04c1-424b-9868-57a2d4851a1d" />
    <TestEntry testId="33858dc9-42c2-5e2d-8ce9-1ed3df9afac2" executionId="bfefb28d-0b08-4033-9e72-16bee4acdcea" testListId="8c84fa94-04c1-424b-9868-57a2d4851a1d" />
    <TestEntry testId="9bb7c27e-9a34-4552-854e-dc6bf5c0fa3a" executionId="c51ce42b-1f04-4ec5-80fd-3ea3833636fe" testListId="8c84fa94-04c1-424b-9868-57a2d4851a1d" />
    <TestEntry testId="26ab51dc-344f-9cf6-c2e3-523f0b7e8ae6" executionId="e7ad1a25-b002-415a-b0c9-bde9ac7c7300" testListId="8c84fa94-04c1-424b-9868-57a2d4851a1d" />
    <TestEntry testId="0ebe1128-9d18-fd18-cb20-dde5231be97c" executionId="4be6476e-689b-4af4-b59c-254aedf23269" testListId="8c84fa94-04c1-424b-9868-57a2d4851a1d" />
    <TestEntry testId="582181db-ae03-28f2-7a66-c23be8ad57d6" executionId="f0919691-a847-44cc-bfae-5583c8872df6" testListId="8c84fa94-04c1-424b-9868-57a2d4851a1d" />
    <TestEntry testId="a2977a04-6cec-57ad-10ef-4f31b921c6d8" executionId="860f6031-225a-411f-8fe1-2d4a9b9442ac" testListId="8c84fa94-04c1-424b-9868-57a2d4851a1d" />
    <TestEntry testId="114491a9-f586-f63d-d65f-b97c13dfa1c7" executionId="dc9434c7-a7bd-4afe-9cb4-4ea13f16e658" testListId="8c84fa94-04c1-424b-9868-57a2d4851a1d" />
    <TestEntry testId="70e36072-81c2-7190-db47-935bbfedb920" executionId="8976918e-f312-492a-ac65-9993b2e6fc7f" testListId="8c84fa94-04c1-424b-9868-57a2d4851a1d" />
    <TestEntry testId="d1267b9f-28dc-2cfc-8416-edad06813463" executionId="77ff1d08-f3d2-4bab-8f8c-6d3a5f4992fb" testListId="8c84fa94-04c1-424b-9868-57a2d4851a1d" />
    <TestEntry testId="90d415cb-4395-97f2-c868-ee564cc45376" executionId="614368dc-74a1-4dff-88a3-bf5635108a29" testListId="8c84fa94-04c1-424b-9868-57a2d4851a1d" />
    <TestEntry testId="e79b213e-079c-c334-53d1-ca179024ad9e" executionId="447b8635-a413-4f82-b878-472e973edf94" testListId="8c84fa94-04c1-424b-9868-57a2d4851a1d" />
    <TestEntry testId="3244763e-b7ce-8722-ad9f-d1c345273589" executionId="23240863-a0d2-4e05-b1c3-3b37f187f9d3" testListId="8c84fa94-04c1-424b-9868-57a2d4851a1d" />
    <TestEntry testId="42ad3664-86e7-20f3-acc9-bcaa9b7564d1" executionId="313f5f6e-a518-4ac4-a93b-bcab3f36fabe" testListId="8c84fa94-04c1-424b-9868-57a2d4851a1d" />
    <TestEntry testId="17a67cf2-951a-4ded-a6f8-60f2333f5a18" executionId="03fd1d2a-6499-41e9-91ce-a500736e962c" testListId="8c84fa94-04c1-424b-9868-57a2d4851a1d" />
    <TestEntry testId="a4ed0c38-0862-ecfc-a696-dc15c911602c" executionId="0b584c68-5146-4012-aad9-d12b97585847" testListId="8c84fa94-04c1-424b-9868-57a2d4851a1d" />
    <TestEntry testId="894cf9d9-cb78-1f17-1cd8-2c154e26811a" executionId="3bf651f8-981f-45b5-bd1f-e0a735041c32" testListId="8c84fa94-04c1-424b-9868-57a2d4851a1d" />
    <TestEntry testId="875afcfd-e10d-a2e8-e510-4f03d448d8ad" executionId="1e0650df-7fe6-4081-a559-fa47e9f66bb7" testListId="8c84fa94-04c1-424b-9868-57a2d4851a1d" />
    <TestEntry testId="24aeb25f-b6c2-eb3a-e230-1fad8652d704" executionId="5767b2ea-44f6-4c14-a537-cbc7704063c1" testListId="8c84fa94-04c1-424b-9868-57a2d4851a1d" />
    <TestEntry testId="719f80c9-bcdc-f6e8-1240-71ef24b45079" executionId="6809a1a7-09a8-4b3f-810f-dd7e1c112cac" testListId="8c84fa94-04c1-424b-9868-57a2d4851a1d" />
    <TestEntry testId="401a1f20-82fe-301f-debe-f547843d43dc" executionId="7fd58b54-f774-439a-ab2e-cdca2948beb1" testListId="8c84fa94-04c1-424b-9868-57a2d4851a1d" />
    <TestEntry testId="05c947a0-95bd-ca71-a66e-7291db4595b9" executionId="41837ca9-2866-4042-a7fa-76887d983408" testListId="8c84fa94-04c1-424b-9868-57a2d4851a1d" />
    <TestEntry testId="fe2d2916-4015-7346-a520-79becf82a5b0" executionId="d8eabe0d-a803-469d-a4af-1316c4e9fcde" testListId="8c84fa94-04c1-424b-9868-57a2d4851a1d" />
    <TestEntry testId="c6f92aec-e5b3-197a-7c28-b2847414641d" executionId="7724e8a4-4131-4887-8d42-428228f805f9" testListId="8c84fa94-04c1-424b-9868-57a2d4851a1d" />
    <TestEntry testId="9710df04-3445-ef7d-baab-9ac95d0f726b" executionId="9d3d27e4-aae5-4df2-91e6-de7ca1dd1ed4" testListId="8c84fa94-04c1-424b-9868-57a2d4851a1d" />
    <TestEntry testId="c5ea9001-faff-713a-6960-29bbe6404bb8" executionId="168c2190-e6e9-44ea-83dd-c4820ca2f05a" testListId="8c84fa94-04c1-424b-9868-57a2d4851a1d" />
    <TestEntry testId="0f54e9f8-d53f-7a88-d50c-8501da97b547" executionId="49859784-354d-44a3-9b13-c06ae1408ac8" testListId="8c84fa94-04c1-424b-9868-57a2d4851a1d" />
    <TestEntry testId="bb86fea9-7da6-130a-f030-ab2f12efbf97" executionId="42c6bdc9-079d-4b1e-837c-743e2c77ecc0" testListId="8c84fa94-04c1-424b-9868-57a2d4851a1d" />
    <TestEntry testId="097d52c4-8a10-666a-109f-0d544c215bc3" executionId="42f56666-73bc-4789-9265-6aa595c4f192" testListId="8c84fa94-04c1-424b-9868-57a2d4851a1d" />
    <TestEntry testId="03c3979f-1540-1292-3feb-1eb1dca1645f" executionId="721c359b-bf9d-484b-9cd9-c82de19904cf" testListId="8c84fa94-04c1-424b-9868-57a2d4851a1d" />
    <TestEntry testId="897de007-5843-f6bb-7109-f6694e9c9718" executionId="31240366-93f0-4330-906e-cbf5c4d0f786" testListId="8c84fa94-04c1-424b-9868-57a2d4851a1d" />
    <TestEntry testId="ea4efef3-0f34-a49f-40d1-0a7ff0989172" executionId="43c322da-80b4-4b9b-95da-81e4b0712a5c" testListId="8c84fa94-04c1-424b-9868-57a2d4851a1d" />
    <TestEntry testId="5efdc212-2009-f999-3bbc-821570f59095" executionId="ed622186-b711-4766-aefe-9cd7b8b12091" testListId="8c84fa94-04c1-424b-9868-57a2d4851a1d" />
    <TestEntry testId="d5ebba80-46b1-4b69-1317-862388d0bc03" executionId="4625669a-bfe1-490c-b000-7429089a6475" testListId="8c84fa94-04c1-424b-9868-57a2d4851a1d" />
    <TestEntry testId="54c0c21f-ed1b-2af3-77f7-54ea00863b1c" executionId="d600b9ca-94ce-48d6-a392-ff54419b7759" testListId="8c84fa94-04c1-424b-9868-57a2d4851a1d" />
    <TestEntry testId="b91687bc-370b-e22f-08aa-c38e05c6cc39" executionId="ab4a3295-4dc6-43d7-8c63-c2e8aad8e9d7" testListId="8c84fa94-04c1-424b-9868-57a2d4851a1d" />
    <TestEntry testId="8aef9341-89d7-79ce-fb7c-7252b900e1b1" executionId="f9f23f1d-b498-4913-ba95-9a394ac2a564" testListId="8c84fa94-04c1-424b-9868-57a2d4851a1d" />
    <TestEntry testId="31f79dc2-9bca-ec9b-2795-435b2b714967" executionId="a7c959c5-1490-47e6-b9f1-c5e0bc658efa" testListId="8c84fa94-04c1-424b-9868-57a2d4851a1d" />
    <TestEntry testId="5df9c454-7cbe-bd55-0211-06b8f20caa18" executionId="2fcce07e-38b6-48e5-a98e-9b012d2fa70e" testListId="8c84fa94-04c1-424b-9868-57a2d4851a1d" />
    <TestEntry testId="dbafdc1b-9898-eef4-0460-5a2eeb86c952" executionId="e6e7e368-51d8-4ec8-bf94-ecad4cd64db8" testListId="8c84fa94-04c1-424b-9868-57a2d4851a1d" />
    <TestEntry testId="3f6a259a-e1b2-b047-675c-86a55ef507cd" executionId="fdeff187-3c48-4d97-8247-910886592fb6" testListId="8c84fa94-04c1-424b-9868-57a2d4851a1d" />
    <TestEntry testId="a3c14e62-c027-c89c-b304-e34b4c3eb8c0" executionId="ba23ea82-33d3-49a8-b129-376591e8f909" testListId="8c84fa94-04c1-424b-9868-57a2d4851a1d" />
    <TestEntry testId="f1a01f5b-d1c2-a047-aa46-885719da5593" executionId="e6f23a8b-9faf-4c28-bb5b-01b6bd1f2d7a" testListId="8c84fa94-04c1-424b-9868-57a2d4851a1d" />
    <TestEntry testId="23a8ef88-55d0-31a3-400b-f46cbe18e1f6" executionId="683b6ad3-c480-477f-b8df-788f429d619c" testListId="8c84fa94-04c1-424b-9868-57a2d4851a1d" />
    <TestEntry testId="36afe47d-d059-aecd-61ee-8f7c215c87bd" executionId="6219650e-abe9-40fa-b16d-e2f61b012ec2" testListId="8c84fa94-04c1-424b-9868-57a2d4851a1d" />
    <TestEntry testId="424d850d-59b2-3bdf-a9a5-7ffbdde0a011" executionId="64417aae-cd14-46c1-bae9-30e7ee082909" testListId="8c84fa94-04c1-424b-9868-57a2d4851a1d" />
    <TestEntry testId="3491f7c4-65eb-27da-c18b-89f7c7994d19" executionId="0e3ab78f-48ee-418c-848d-310f9a4ace82" testListId="8c84fa94-04c1-424b-9868-57a2d4851a1d" />
    <TestEntry testId="cda36453-4b03-8814-c9dc-788a92f4f459" executionId="90452047-9951-46d5-98f9-4caf0a8ae641" testListId="8c84fa94-04c1-424b-9868-57a2d4851a1d" />
    <TestEntry testId="a222126a-0bc4-156a-67e5-d6bfe410cb10" executionId="78561172-9257-485b-8127-67a6bb7855c1" testListId="8c84fa94-04c1-424b-9868-57a2d4851a1d" />
    <TestEntry testId="5c387d2c-df71-396e-fabc-f8fb7380fc52" executionId="083325a7-dc4a-492a-af36-2d625d816d23" testListId="8c84fa94-04c1-424b-9868-57a2d4851a1d" />
    <TestEntry testId="eddbc32c-5ae9-6e27-1da2-1af9dc211e1d" executionId="e67a33aa-5060-4cc6-8aa6-cfb88fdd4ae5" testListId="8c84fa94-04c1-424b-9868-57a2d4851a1d" />
    <TestEntry testId="16cb513f-1296-dccb-4302-b40b54e4775b" executionId="223aed04-fc60-416e-9721-da43242566a5" testListId="8c84fa94-04c1-424b-9868-57a2d4851a1d" />
    <TestEntry testId="d2131bb2-ad92-b7d1-d3a3-b98c60e9ed91" executionId="8dd2cca6-a254-436a-9f78-7f6a5be485e7" testListId="8c84fa94-04c1-424b-9868-57a2d4851a1d" />
    <TestEntry testId="83a62253-90b7-191a-fd01-3d530c76a1cb" executionId="d8001dd0-6237-49b1-874e-dd561e603f90" testListId="8c84fa94-04c1-424b-9868-57a2d4851a1d" />
    <TestEntry testId="dbb49c07-debe-73ff-d467-5e80dec57b2c" executionId="7e92010e-cba8-4e33-85a7-ecb838574f1c" testListId="8c84fa94-04c1-424b-9868-57a2d4851a1d" />
    <TestEntry testId="8f54b6a8-45c1-5b67-46cd-96c92afde143" executionId="7663cc3a-bd76-4435-b9b9-5424294eccdb" testListId="8c84fa94-04c1-424b-9868-57a2d4851a1d" />
    <TestEntry testId="6ce42f26-15a1-aba4-5c4e-9513306aaa1b" executionId="d2fa4174-6927-475b-b79a-7a06f309a131" testListId="8c84fa94-04c1-424b-9868-57a2d4851a1d" />
    <TestEntry testId="24d1b82b-a890-7a9c-2f4f-4ff21d01978b" executionId="9a80243b-df0b-456d-8103-56818fa8d2d9" testListId="8c84fa94-04c1-424b-9868-57a2d4851a1d" />
    <TestEntry testId="41552e2f-c955-e627-479f-7829b8de2b6c" executionId="8d2ba996-ec6a-4ba2-aa41-208cdb0ad293" testListId="8c84fa94-04c1-424b-9868-57a2d4851a1d" />
    <TestEntry testId="2df11082-086c-4938-fcb5-70372619bdc8" executionId="29e311a1-4c24-4a2e-ba88-f15798922357" testListId="8c84fa94-04c1-424b-9868-57a2d4851a1d" />
    <TestEntry testId="98895487-e543-858e-a04b-ff97ec968ee8" executionId="9169c04d-fa69-40c1-9fa9-6dc2634da618" testListId="8c84fa94-04c1-424b-9868-57a2d4851a1d" />
    <TestEntry testId="ee1a676b-cacd-4065-d8c6-a676503afcba" executionId="99466839-6cfc-4c6a-8224-2c169700f15d" testListId="8c84fa94-04c1-424b-9868-57a2d4851a1d" />
    <TestEntry testId="27b51024-8539-93fa-9d5d-982c0ad3d02a" executionId="1b0fd900-16c3-48f6-83c1-043b84d594a8" testListId="8c84fa94-04c1-424b-9868-57a2d4851a1d" />
    <TestEntry testId="06a715e6-5375-46b9-9b2d-665d5cc7acd6" executionId="7ccd691c-f586-41b4-a6dc-2e9056ddc149" testListId="8c84fa94-04c1-424b-9868-57a2d4851a1d" />
    <TestEntry testId="fe26576b-edfb-c4fa-aee1-7a159320955b" executionId="f16bd70c-4605-4e05-87d2-1e0d99faab7a" testListId="8c84fa94-04c1-424b-9868-57a2d4851a1d" />
    <TestEntry testId="d46c4055-95a7-9cda-629d-2b64d730453b" executionId="8739f9bc-bec7-44b4-be0b-a9d75fa487b9" testListId="8c84fa94-04c1-424b-9868-57a2d4851a1d" />
    <TestEntry testId="9dc2f839-86a3-d3c2-71cd-8f639f6b00a4" executionId="0a531170-31a9-44f6-ad56-655f2fecbc1a" testListId="8c84fa94-04c1-424b-9868-57a2d4851a1d" />
    <TestEntry testId="e162973a-6b58-87ba-a821-f51b2b4c682d" executionId="2eafe86d-8105-47ea-b4ab-ab5f7a605f00" testListId="8c84fa94-04c1-424b-9868-57a2d4851a1d" />
    <TestEntry testId="b394d5ed-12cd-965f-67db-52cb448440db" executionId="13fb4da4-b60a-4c93-84bf-209313a42bb7" testListId="8c84fa94-04c1-424b-9868-57a2d4851a1d" />
    <TestEntry testId="70aae99a-6b7c-87f8-e77e-e87c4ee8f965" executionId="fe33c33e-b93b-4c3c-aac8-d918133a5b56" testListId="8c84fa94-04c1-424b-9868-57a2d4851a1d" />
    <TestEntry testId="94b148ad-9c83-a554-8c3e-b246b0575830" executionId="661dbfff-8653-4d14-8e14-c75a787d3601" testListId="8c84fa94-04c1-424b-9868-57a2d4851a1d" />
    <TestEntry testId="aec10309-d900-227d-602e-24d8260a96b8" executionId="4ec160e2-0dbd-4c34-ae62-0d87c7cbe86a" testListId="8c84fa94-04c1-424b-9868-57a2d4851a1d" />
    <TestEntry testId="75145f8e-0455-b248-30a8-e0ed6e4ecd17" executionId="1dcd201d-a45f-4bb6-8fc5-95522687c5fe" testListId="8c84fa94-04c1-424b-9868-57a2d4851a1d" />
    <TestEntry testId="246122c6-ee39-3a60-a746-b4c72482e1eb" executionId="6d745bbd-19c5-48c8-95be-20f08d555f76" testListId="8c84fa94-04c1-424b-9868-57a2d4851a1d" />
    <TestEntry testId="769dd84a-9fda-bf63-7d8c-498ec36290b9" executionId="39ffa90f-c237-4454-893f-c09ae49ae4d5" testListId="8c84fa94-04c1-424b-9868-57a2d4851a1d" />
    <TestEntry testId="6d38dc57-e716-1916-fa31-eb339b7781ce" executionId="53c58fcb-3e6b-4cd3-9abc-da8e943b7280" testListId="8c84fa94-04c1-424b-9868-57a2d4851a1d" />
    <TestEntry testId="17fc8860-2b38-4ff9-4cd1-df0ba112a282" executionId="2321d9f0-93b5-423b-b143-5c72b4e97578" testListId="8c84fa94-04c1-424b-9868-57a2d4851a1d" />
    <TestEntry testId="7d8e673d-4a14-e470-af53-d998a85b6b1b" executionId="de314b52-a22b-43b6-a348-fa36e8efcf1a" testListId="8c84fa94-04c1-424b-9868-57a2d4851a1d" />
    <TestEntry testId="46b522aa-ca89-4fe7-ec76-8cae48a8ed03" executionId="83a9fe61-3683-43a0-bdd0-b4a4d50a10f5" testListId="8c84fa94-04c1-424b-9868-57a2d4851a1d" />
    <TestEntry testId="244393d8-045b-80c6-1620-1dfde66bcfa9" executionId="c82d1466-573a-4460-9fde-2f21b31e39de" testListId="8c84fa94-04c1-424b-9868-57a2d4851a1d" />
    <TestEntry testId="30706899-717f-9653-8d60-4d7641499993" executionId="07eb171e-4a07-476b-be6d-05a7b4d32154" testListId="8c84fa94-04c1-424b-9868-57a2d4851a1d" />
    <TestEntry testId="1ff3f87e-5174-56eb-2851-3625b34adab2" executionId="5c440576-8820-4283-9ca4-ea4db1fe3e34" testListId="8c84fa94-04c1-424b-9868-57a2d4851a1d" />
    <TestEntry testId="0adbbfdf-6eaa-cf6b-4f0d-6ad2e0f1aa5a" executionId="10c2134d-901b-4421-b592-6175a2e2ba5f" testListId="8c84fa94-04c1-424b-9868-57a2d4851a1d" />
    <TestEntry testId="2e4724a5-2b7b-eb65-ebd9-ad0253c0844b" executionId="18b0c467-f8cf-48dc-b445-e65755a4da0f" testListId="8c84fa94-04c1-424b-9868-57a2d4851a1d" />
    <TestEntry testId="66e296b5-257f-384e-8ec6-e459694bc099" executionId="0c33fb5f-289e-4f33-9848-834200152fe9" testListId="8c84fa94-04c1-424b-9868-57a2d4851a1d" />
    <TestEntry testId="1f73194b-cfd3-f9ab-41d8-a850a2bc1d50" executionId="a3d08c85-5b3a-4557-b9df-6b0ad948d384" testListId="8c84fa94-04c1-424b-9868-57a2d4851a1d" />
    <TestEntry testId="197237f7-590e-67dd-1857-7966b8744641" executionId="4c824881-6198-4eb4-868b-661614d373cf" testListId="8c84fa94-04c1-424b-9868-57a2d4851a1d" />
    <TestEntry testId="1631baa5-9f8e-cd43-391f-bd6c48e5df61" executionId="76d5c315-d104-4ab7-b732-cba87449fa08" testListId="8c84fa94-04c1-424b-9868-57a2d4851a1d" />
    <TestEntry testId="b4286873-47af-f3c2-5fa5-1bbf4bab42bb" executionId="d05f5852-bd65-44bf-b5cd-46fa51d38d9e" testListId="8c84fa94-04c1-424b-9868-57a2d4851a1d" />
    <TestEntry testId="4257a0ea-891d-1bd7-bbc5-e7f7415f87d3" executionId="9d3ceef9-5ce1-483d-b3a7-9219ac83d684" testListId="8c84fa94-04c1-424b-9868-57a2d4851a1d" />
    <TestEntry testId="6c5d3f2e-9daa-5438-2561-cee1896b95d6" executionId="e991dab8-02e8-448a-a77a-9528602ca46d" testListId="8c84fa94-04c1-424b-9868-57a2d4851a1d" />
    <TestEntry testId="e13b8db9-dc87-e9c1-3e6a-5c36a8c2318f" executionId="51102e85-d6a6-4183-98bb-128c13a9331a" testListId="8c84fa94-04c1-424b-9868-57a2d4851a1d" />
    <TestEntry testId="323c1e95-295f-2abd-382b-8461123241f1" executionId="cfd10ea1-452e-4207-a0dc-a8676d1a2ef4" testListId="8c84fa94-04c1-424b-9868-57a2d4851a1d" />
    <TestEntry testId="69cc2c09-f8ab-7cbb-c62b-f09178b77057" executionId="6af1be9a-0aee-4b79-9346-0147635c6f5e" testListId="8c84fa94-04c1-424b-9868-57a2d4851a1d" />
    <TestEntry testId="34c7acda-0d62-3aa1-e07d-ecf994bc8301" executionId="daaaa678-647c-49b0-845f-dbcaf26e1096" testListId="8c84fa94-04c1-424b-9868-57a2d4851a1d" />
    <TestEntry testId="34084c98-44ea-3f8b-2d78-c59969fd8398" executionId="7f69e0a3-ccdd-47ed-84a8-afa8dd060582" testListId="8c84fa94-04c1-424b-9868-57a2d4851a1d" />
    <TestEntry testId="76bdfff2-86bb-a4a4-4cd3-f83db04d8dac" executionId="bf7b2fa1-bf43-43f0-b131-76ad56b2c97c" testListId="8c84fa94-04c1-424b-9868-57a2d4851a1d" />
    <TestEntry testId="4127c2ae-510a-766f-bc62-5c6f833bc370" executionId="9460cb55-7d05-455c-8b8f-817f9a17ba2a" testListId="8c84fa94-04c1-424b-9868-57a2d4851a1d" />
    <TestEntry testId="f9a2b92a-d1c8-03c1-1004-54d544c6ff74" executionId="4b806a88-75fd-4ce3-8093-dc5c4f352509" testListId="8c84fa94-04c1-424b-9868-57a2d4851a1d" />
    <TestEntry testId="49bd72f9-7c1c-bc4d-47d0-e23c03c0f452" executionId="90fa3a38-38df-489e-8f7c-ff9e920cb3ee" testListId="8c84fa94-04c1-424b-9868-57a2d4851a1d" />
  </TestEntries>
  <TestLists>
    <TestList name="Results Not in a List" id="8c84fa94-04c1-424b-9868-57a2d4851a1d" />
    <TestList name="All Loaded Results" id="19431567-8539-422a-85d7-44ee4e166bda" />
  </TestLists>
  <ResultSummary outcome="Completed">
    <Counters total="768" executed="768" passed="768" failed="0" error="0" timeout="0" aborted="0" inconclusive="0" passedButRunAborted="0" notRunnable="0" notExecuted="0" disconnected="0" warning="0" completed="0" inProgress="0" pending="0" />
  </ResultSummary>
</TestRun>