<?xml version="1.0" encoding="utf-8"?>
<TestRun id="a954cace-27c2-486d-98d3-24a2c5b6c12d" name="DKSR-EFI-06$@DKSR-EFI-06 2024-01-09 15:41:09" runUser="NT AUTHORITY\NETWORK SERVICE" xmlns="http://microsoft.com/schemas/VisualStudio/TeamTest/2010">
  <Times creation="2024-01-09T15:41:09.2944025+01:00" queuing="2024-01-09T15:41:09.2944025+01:00" start="2024-01-09T15:40:59.5861778+01:00" finish="2024-01-09T15:42:21.3258388+01:00" />
  <TestSettings name="default" id="c7aa22b8-8338-41a6-9746-37d5d33d982d">
    <Deployment runDeploymentRoot="DKSR-EFI-06$_DKSR-EFI-06_2024-01-09_15_41_09" />
  </TestSettings>
  <Results>
    <UnitTestResult executionId="daef5f0a-907c-46c4-a5f5-a0594c2efd8e" testId="88c0ee23-26fa-850a-6ac5-863c20752b1c" testName="TileIsStateUndefinedIfAllCurrentStatesAreUndefined" computerName="DKSR-EFI-06" duration="00:00:00.0093335" startTime="2024-01-09T15:41:25.7944194+01:00" endTime="2024-01-09T15:41:25.7944194+01:00" testType="13cdc9d9-ddb5-4fa4-a97d-d965ccfc6d4b" outcome="Passed" testListId="8c84fa94-04c1-424b-9868-57a2d4851a1d" relativeResultsDirectory="daef5f0a-907c-46c4-a5f5-a0594c2efd8e" />
    <UnitTestResult executionId="f376faff-46c0-4168-8ceb-e7936a8dab37" testId="75b02970-aa24-70a3-87c6-08d86ea85974" testName="AuthenticationWindowsDefault_SetName_Throws_InvalidOperationException" computerName="DKSR-EFI-06" duration="00:00:00.0007143" startTime="2024-01-09T15:41:42.1382606+01:00" endTime="2024-01-09T15:41:42.1382606+01:00" testType="13cdc9d9-ddb5-4fa4-a97d-d965ccfc6d4b" outcome="Passed" testListId="8c84fa94-04c1-424b-9868-57a2d4851a1d" relativeResultsDirectory="f376faff-46c0-4168-8ceb-e7936a8dab37" />
    <UnitTestResult executionId="720e86ce-98cb-4dbf-b436-e7d2a58a0521" testId="70585a7d-e8bb-2ea7-4d4d-a7d89c0cc001" testName="SequenceEquals_EqualCollections_RespectOrder_SymmetricalTrueResult" computerName="DKSR-EFI-06" duration="00:00:00.0007340" startTime="2024-01-09T15:41:32.5600895+01:00" endTime="2024-01-09T15:41:32.5600895+01:00" testType="13cdc9d9-ddb5-4fa4-a97d-d965ccfc6d4b" outcome="Passed" testListId="8c84fa94-04c1-424b-9868-57a2d4851a1d" relativeResultsDirectory="720e86ce-98cb-4dbf-b436-e7d2a58a0521" />
    <UnitTestResult executionId="03beb76a-229a-4cd6-815f-bab4b7ad14e7" testId="322678fe-2d0e-03ee-cda0-d8553512610f" testName="GetStates_SessionStarted_NoStates" computerName="DKSR-EFI-06" duration="00:00:00.0053432" startTime="2024-01-09T15:41:41.6695116+01:00" endTime="2024-01-09T15:41:41.6695116+01:00" testType="13cdc9d9-ddb5-4fa4-a97d-d965ccfc6d4b" outcome="Passed" testListId="8c84fa94-04c1-424b-9868-57a2d4851a1d" relativeResultsDirectory="03beb76a-229a-4cd6-815f-bab4b7ad14e7" />
    <UnitTestResult executionId="01aa6a43-c4d5-4932-a468-21059889fef0" testId="968cb0b5-2676-6cd1-05ad-544228943f8e" testName="SaveToFile_ShouldSaveAllowUnsecureConnection_WhenAllowUnsecureSetToTrueAndNoUserExistsInXml" computerName="DKSR-EFI-06" duration="00:00:00.0030796" startTime="2024-01-09T15:41:42.3726806+01:00" endTime="2024-01-09T15:41:42.3882602+01:00" testType="13cdc9d9-ddb5-4fa4-a97d-d965ccfc6d4b" outcome="Passed" testListId="8c84fa94-04c1-424b-9868-57a2d4851a1d" relativeResultsDirectory="01aa6a43-c4d5-4932-a468-21059889fef0" />
    <UnitTestResult executionId="05f12b1e-5bf8-4a5b-b65b-f035e7a9d8f1" testId="0c965795-08e1-96ff-221c-6c48f278966b" testName="GetTimeSpanValueOrDefault_KeyNotFound_DefaultValueReturned" computerName="DKSR-EFI-06" duration="00:00:00.0007689" startTime="2024-01-09T15:41:41.6070476+01:00" endTime="2024-01-09T15:41:41.6070476+01:00" testType="13cdc9d9-ddb5-4fa4-a97d-d965ccfc6d4b" outcome="Passed" testListId="8c84fa94-04c1-424b-9868-57a2d4851a1d" relativeResultsDirectory="05f12b1e-5bf8-4a5b-b65b-f035e7a9d8f1" />
    <UnitTestResult executionId="476b553a-7d41-489d-949f-941dfd59051c" testId="39556250-42a0-8230-36af-33fb371b59df" testName="ShowDialogScaled_150Percent_Scaling" computerName="DKSR-EFI-06" duration="00:00:00.0726709" startTime="2024-01-09T15:41:33.1225915+01:00" endTime="2024-01-09T15:41:33.1850938+01:00" testType="13cdc9d9-ddb5-4fa4-a97d-d965ccfc6d4b" outcome="Passed" testListId="8c84fa94-04c1-424b-9868-57a2d4851a1d" relativeResultsDirectory="476b553a-7d41-489d-949f-941dfd59051c" />
    <UnitTestResult executionId="e3a86cd5-bc39-443c-9127-84fb31a9dcf3" testId="3d591622-7a9a-3607-596b-40dbc7119e9a" testName="RemoveFrameworkElementsOverlay_WithKnownId_ShouldRemoveCorrectItem" computerName="DKSR-EFI-06" duration="00:00:00.0007540" startTime="2024-01-09T15:41:41.4351326+01:00" endTime="2024-01-09T15:41:41.4351326+01:00" testType="13cdc9d9-ddb5-4fa4-a97d-d965ccfc6d4b" outcome="Passed" testListId="8c84fa94-04c1-424b-9868-57a2d4851a1d" relativeResultsDirectory="e3a86cd5-bc39-443c-9127-84fb31a9dcf3" />
    <UnitTestResult executionId="f754728c-8c5a-4962-9b71-fc40b47601cd" testId="8a767b9b-e015-e5fc-c6e0-fb31075f769b" testName="GetImageSource_16px_Success" computerName="DKSR-EFI-06" duration="00:00:00.1150636" startTime="2024-01-09T15:41:32.7475939+01:00" endTime="2024-01-09T15:41:32.8569675+01:00" testType="13cdc9d9-ddb5-4fa4-a97d-d965ccfc6d4b" outcome="Passed" testListId="8c84fa94-04c1-424b-9868-57a2d4851a1d" relativeResultsDirectory="f754728c-8c5a-4962-9b71-fc40b47601cd" />
    <UnitTestResult executionId="d4824f66-6a99-48e6-9bf5-a0de1fb788cc" testId="6bf27e89-1adf-d0e5-6e64-45ecd4ed017f" testName="RoundToHour_RoundUp" computerName="DKSR-EFI-06" duration="00:00:00.0009038" startTime="2024-01-09T15:41:33.1069664+01:00" endTime="2024-01-09T15:41:33.1069664+01:00" testType="13cdc9d9-ddb5-4fa4-a97d-d965ccfc6d4b" outcome="Passed" testListId="8c84fa94-04c1-424b-9868-57a2d4851a1d" relativeResultsDirectory="d4824f66-6a99-48e6-9bf5-a0de1fb788cc" />
    <UnitTestResult executionId="ca348457-aac2-4cf0-8a45-eec7cbaa9fb0" testId="e245fb45-69ee-13c5-5051-f3d423a730df" testName="Add_Child_Success" computerName="DKSR-EFI-06" duration="00:00:00.0017999" startTime="2024-01-09T15:41:33.9350980+01:00" endTime="2024-01-09T15:41:33.9350980+01:00" testType="13cdc9d9-ddb5-4fa4-a97d-d965ccfc6d4b" outcome="Passed" testListId="8c84fa94-04c1-424b-9868-57a2d4851a1d" relativeResultsDirectory="ca348457-aac2-4cf0-8a45-eec7cbaa9fb0" />
    <UnitTestResult executionId="c9bbe601-7f37-46be-80f3-d3407ffe4bcf" testId="38f8f45d-602d-9fe2-6af1-7d834fd278db" testName="GetImageSource_thisIconIsNull_ReturnsFallback" computerName="DKSR-EFI-06" duration="00:00:00.0090232" startTime="2024-01-09T15:41:32.8725909+01:00" endTime="2024-01-09T15:41:32.8882185+01:00" testType="13cdc9d9-ddb5-4fa4-a97d-d965ccfc6d4b" outcome="Passed" testListId="8c84fa94-04c1-424b-9868-57a2d4851a1d" relativeResultsDirectory="c9bbe601-7f37-46be-80f3-d3407ffe4bcf" />
    <UnitTestResult executionId="1dedbe22-90ad-4fb9-a428-d6a65360b1cf" testId="6f43ed26-de60-b0e4-78cc-d52e607c404f" testName="StartCameraStates_Success_WithUpdate" computerName="DKSR-EFI-06" duration="00:00:00.0042870" startTime="2024-01-09T15:41:41.9195106+01:00" endTime="2024-01-09T15:41:41.9195106+01:00" testType="13cdc9d9-ddb5-4fa4-a97d-d965ccfc6d4b" outcome="Passed" testListId="8c84fa94-04c1-424b-9868-57a2d4851a1d" relativeResultsDirectory="1dedbe22-90ad-4fb9-a428-d6a65360b1cf" />
    <UnitTestResult executionId="6ac296f3-ed12-4dca-9062-ca950e9f89d8" testId="27329ac4-220b-b901-238d-32a5c22c05d2" testName="ItemHolder_MouseDoubleClick_Success" computerName="DKSR-EFI-06" duration="00:00:00.1543036" startTime="2024-01-09T15:41:35.3413583+01:00" endTime="2024-01-09T15:41:35.4976110+01:00" testType="13cdc9d9-ddb5-4fa4-a97d-d965ccfc6d4b" outcome="Passed" testListId="8c84fa94-04c1-424b-9868-57a2d4851a1d" relativeResultsDirectory="6ac296f3-ed12-4dca-9062-ca950e9f89d8" />
    <UnitTestResult executionId="5a093a3a-2424-4722-98cb-fb3ec638235c" testId="c93e1fde-ba93-9054-d493-30af75ea0b03" testName="SelectManyOrdered_With_Key_Selector" computerName="DKSR-EFI-06" duration="00:00:00.0083002" startTime="2024-01-09T15:41:32.9194683+01:00" endTime="2024-01-09T15:41:32.9350917+01:00" testType="13cdc9d9-ddb5-4fa4-a97d-d965ccfc6d4b" outcome="Passed" testListId="8c84fa94-04c1-424b-9868-57a2d4851a1d" relativeResultsDirectory="5a093a3a-2424-4722-98cb-fb3ec638235c" />
    <UnitTestResult executionId="cf81d7cf-eb18-492b-a44d-c6f9f1776298" testId="5f23c18d-428e-08d4-6861-aed4128bbfb5" testName="ShowCustomizeWindowThrowsWhenParentControlIsNull" computerName="DKSR-EFI-06" duration="00:00:00.0031251" startTime="2024-01-09T15:41:25.3725442+01:00" endTime="2024-01-09T15:41:25.3725442+01:00" testType="13cdc9d9-ddb5-4fa4-a97d-d965ccfc6d4b" outcome="Passed" testListId="8c84fa94-04c1-424b-9868-57a2d4851a1d" relativeResultsDirectory="cf81d7cf-eb18-492b-a44d-c6f9f1776298" />
    <UnitTestResult executionId="4f96c39a-d024-474b-bacc-7aa6c03fe9d9" testId="c9c040fb-43ed-370d-2782-b2d5defe722d" testName="EmptyConstructor_ShouldCreateDefaultSlide" computerName="DKSR-EFI-06" duration="00:00:00.0004956" startTime="2024-01-09T15:41:32.4507133+01:00" endTime="2024-01-09T15:41:32.4507133+01:00" testType="13cdc9d9-ddb5-4fa4-a97d-d965ccfc6d4b" outcome="Passed" testListId="8c84fa94-04c1-424b-9868-57a2d4851a1d" relativeResultsDirectory="4f96c39a-d024-474b-bacc-7aa6c03fe9d9" />
    <UnitTestResult executionId="641f57ff-af4f-41ec-b9f0-338f691ecd63" testId="d44e5ef1-d45e-248e-aa87-897c4217e08f" testName="TooltipServiceWarning_Failover_AuthorizationError" computerName="DKSR-EFI-06" duration="00:00:00.0018047" startTime="2024-01-09T15:41:41.2476345+01:00" endTime="2024-01-09T15:41:41.2476345+01:00" testType="13cdc9d9-ddb5-4fa4-a97d-d965ccfc6d4b" outcome="Passed" testListId="8c84fa94-04c1-424b-9868-57a2d4851a1d" relativeResultsDirectory="641f57ff-af4f-41ec-b9f0-338f691ecd63" />
    <UnitTestResult executionId="dbdfcc5d-cbeb-4934-9163-637a55ac2976" testId="db062b49-88de-b8f8-9ca6-8a07ff86d1c6" testName="GetIntersectingTest" computerName="DKSR-EFI-06" duration="00:00:00.1796918" startTime="2024-01-09T15:41:09.0443997+01:00" endTime="2024-01-09T15:41:09.2162766+01:00" testType="13cdc9d9-ddb5-4fa4-a97d-d965ccfc6d4b" outcome="Passed" testListId="8c84fa94-04c1-424b-9868-57a2d4851a1d" relativeResultsDirectory="dbdfcc5d-cbeb-4934-9163-637a55ac2976">
      <Output>
        <StdOut>Debug Trace:&#xD;
Warning: GetAllIntersecting is executing using IEnumerable. Investigate upgrading the collection to C5.ISorted.</StdOut>
      </Output>
    </UnitTestResult>
    <UnitTestResult executionId="25b7474b-6f44-4e22-94dc-1591a9ad73ed" testId="94400230-a0cf-2852-335d-5880a46a038d" testName="Constructor_StateSessionHelper_ArgumentNull_Thrown" computerName="DKSR-EFI-06" duration="00:00:00.0009838" startTime="2024-01-09T15:41:41.6538860+01:00" endTime="2024-01-09T15:41:41.6695116+01:00" testType="13cdc9d9-ddb5-4fa4-a97d-d965ccfc6d4b" outcome="Passed" testListId="8c84fa94-04c1-424b-9868-57a2d4851a1d" relativeResultsDirectory="25b7474b-6f44-4e22-94dc-1591a9ad73ed" />
    <UnitTestResult executionId="889471fe-4ebe-4754-9a54-6ae8afac5db9" testId="cf3d443f-6dec-a121-7292-16e5d1c821cc" testName="ColumnDefinition_ToString_Success" computerName="DKSR-EFI-06" duration="00:00:00.0006910" startTime="2024-01-09T15:41:41.2007601+01:00" endTime="2024-01-09T15:41:41.2007601+01:00" testType="13cdc9d9-ddb5-4fa4-a97d-d965ccfc6d4b" outcome="Passed" testListId="8c84fa94-04c1-424b-9868-57a2d4851a1d" relativeResultsDirectory="889471fe-4ebe-4754-9a54-6ae8afac5db9" />
    <UnitTestResult executionId="feff39b3-8f62-43cf-bd83-831f496a2339" testId="695975e6-7257-8513-2988-a677f0875ff3" testName="Start_ThreadsStarted" computerName="DKSR-EFI-06" duration="00:00:00.0107515" startTime="2024-01-09T15:41:41.8882609+01:00" endTime="2024-01-09T15:41:41.8882609+01:00" testType="13cdc9d9-ddb5-4fa4-a97d-d965ccfc6d4b" outcome="Passed" testListId="8c84fa94-04c1-424b-9868-57a2d4851a1d" relativeResultsDirectory="feff39b3-8f62-43cf-bd83-831f496a2339" />
    <UnitTestResult executionId="66351ce9-23b9-414e-a5d1-e450fd40fc4c" testId="be742706-2384-ae61-bc11-568bd8c32abe" testName="Changing_The_First_Item_Works" computerName="DKSR-EFI-06" duration="00:00:00.0069350" startTime="2024-01-09T15:41:32.6225905+01:00" endTime="2024-01-09T15:41:32.6225905+01:00" testType="13cdc9d9-ddb5-4fa4-a97d-d965ccfc6d4b" outcome="Passed" testListId="8c84fa94-04c1-424b-9868-57a2d4851a1d" relativeResultsDirectory="66351ce9-23b9-414e-a5d1-e450fd40fc4c" />
    <UnitTestResult executionId="8a724318-6607-4dfa-b28b-3594205b6846" testId="eff56118-333e-58bc-c876-e39cbb7e3925" testName="TimerOnElapsed_MaxIdleTimeReached_CleanupNotPerformed" computerName="DKSR-EFI-06" duration="00:00:00.0005672" startTime="2024-01-09T15:41:10.4038251+01:00" endTime="2024-01-09T15:41:10.4038251+01:00" testType="13cdc9d9-ddb5-4fa4-a97d-d965ccfc6d4b" outcome="Passed" testListId="8c84fa94-04c1-424b-9868-57a2d4851a1d" relativeResultsDirectory="8a724318-6607-4dfa-b28b-3594205b6846" />
    <UnitTestResult executionId="97a20ce8-4b41-40f6-bec4-aaa62ce6669a" testId="4d104602-0dda-c899-6d83-d5aa637c46a2" testName="MouseDown_InsideSelection_RangeMinUpdated" computerName="DKSR-EFI-06" duration="00:00:00.1032754" startTime="2024-01-09T15:41:16.9350389+01:00" endTime="2024-01-09T15:41:17.0444140+01:00" testType="13cdc9d9-ddb5-4fa4-a97d-d965ccfc6d4b" outcome="Passed" testListId="8c84fa94-04c1-424b-9868-57a2d4851a1d" relativeResultsDirectory="97a20ce8-4b41-40f6-bec4-aaa62ce6669a" />
    <UnitTestResult executionId="834af58d-4c0d-4b05-b1f1-3bea3d805b88" testId="30615111-4d56-31e8-6884-f7dcdc0aad49" testName="TestPersistTilesAsync" computerName="DKSR-EFI-06" duration="00:00:00.0118665" startTime="2024-01-09T15:41:32.3413381+01:00" endTime="2024-01-09T15:41:32.3413381+01:00" testType="13cdc9d9-ddb5-4fa4-a97d-d965ccfc6d4b" outcome="Passed" testListId="8c84fa94-04c1-424b-9868-57a2d4851a1d" relativeResultsDirectory="834af58d-4c0d-4b05-b1f1-3bea3d805b88" />
    <UnitTestResult executionId="0f21ff57-de6f-446f-8ff6-62e215c1d81e" testId="41441101-47ad-5d05-d82c-2bfa6a698b36" testName="RoundToHour_Down" computerName="DKSR-EFI-06" duration="00:00:00.0015182" startTime="2024-01-09T15:41:32.7319656+01:00" endTime="2024-01-09T15:41:32.7319656+01:00" testType="13cdc9d9-ddb5-4fa4-a97d-d965ccfc6d4b" outcome="Passed" testListId="8c84fa94-04c1-424b-9868-57a2d4851a1d" relativeResultsDirectory="0f21ff57-de6f-446f-8ff6-62e215c1d81e" />
    <UnitTestResult executionId="e52380c4-91a4-4e44-9e6d-60cf4ddbb3a0" testId="97ed5bad-2fed-e9d4-6d6f-bad924a904de" testName="GetStates_NoSessionStarted_NoSession" computerName="DKSR-EFI-06" duration="00:00:00.0012526" startTime="2024-01-09T15:41:41.7007598+01:00" endTime="2024-01-09T15:41:41.7163862+01:00" testType="13cdc9d9-ddb5-4fa4-a97d-d965ccfc6d4b" outcome="Passed" testListId="8c84fa94-04c1-424b-9868-57a2d4851a1d" relativeResultsDirectory="e52380c4-91a4-4e44-9e6d-60cf4ddbb3a0" />
    <UnitTestResult executionId="057801b6-49b9-4520-91fc-c4056daddb47" testId="87c36423-3ba7-fe8e-7a2d-f8a7fdd246be" testName="CreateTileMustInitializeWithProperLocalizedText" computerName="DKSR-EFI-06" duration="00:00:00.0200469" startTime="2024-01-09T15:41:26.0444197+01:00" endTime="2024-01-09T15:41:26.0600454+01:00" testType="13cdc9d9-ddb5-4fa4-a97d-d965ccfc6d4b" outcome="Passed" testListId="8c84fa94-04c1-424b-9868-57a2d4851a1d" relativeResultsDirectory="057801b6-49b9-4520-91fc-c4056daddb47" />
    <UnitTestResult executionId="51200b41-da91-4bc6-8c0d-7f03e6b85094" testId="61b1c2a4-89cd-5144-7bf8-430d589649be" testName="RoundToMillisecond_Up" computerName="DKSR-EFI-06" duration="00:00:00.0016628" startTime="2024-01-09T15:41:32.6850926+01:00" endTime="2024-01-09T15:41:32.6850926+01:00" testType="13cdc9d9-ddb5-4fa4-a97d-d965ccfc6d4b" outcome="Passed" testListId="8c84fa94-04c1-424b-9868-57a2d4851a1d" relativeResultsDirectory="51200b41-da91-4bc6-8c0d-7f03e6b85094" />
    <UnitTestResult executionId="f5567975-7376-43e9-bc58-d95806972896" testId="93e1c6bd-3907-bf6a-9788-32ce344adf8d" testName="RoundToSecond_Up" computerName="DKSR-EFI-06" duration="00:00:00.0012574" startTime="2024-01-09T15:41:32.7163404+01:00" endTime="2024-01-09T15:41:32.7163404+01:00" testType="13cdc9d9-ddb5-4fa4-a97d-d965ccfc6d4b" outcome="Passed" testListId="8c84fa94-04c1-424b-9868-57a2d4851a1d" relativeResultsDirectory="f5567975-7376-43e9-bc58-d95806972896" />
    <UnitTestResult executionId="6bf7d451-ff02-477f-a87a-4eec33282cae" testId="d321e896-1c35-b87a-a0b5-276c58a0218b" testName="DetermineScaledWindowLocationAndSize_150Percent_Scaling" computerName="DKSR-EFI-06" duration="00:00:00.0013321" startTime="2024-01-09T15:41:33.4038473+01:00" endTime="2024-01-09T15:41:33.4038473+01:00" testType="13cdc9d9-ddb5-4fa4-a97d-d965ccfc6d4b" outcome="Passed" testListId="8c84fa94-04c1-424b-9868-57a2d4851a1d" relativeResultsDirectory="6bf7d451-ff02-477f-a87a-4eec33282cae" />
    <UnitTestResult executionId="cc72be89-a84a-4394-afc3-37195fb3d466" testId="982659d8-a45b-dd6c-ac91-40bffddd94cf" testName="RoundToMillisecond_Nearest" computerName="DKSR-EFI-06" duration="00:00:00.0012261" startTime="2024-01-09T15:41:33.0757201+01:00" endTime="2024-01-09T15:41:33.0757201+01:00" testType="13cdc9d9-ddb5-4fa4-a97d-d965ccfc6d4b" outcome="Passed" testListId="8c84fa94-04c1-424b-9868-57a2d4851a1d" relativeResultsDirectory="cc72be89-a84a-4394-afc3-37195fb3d466" />
    <UnitTestResult executionId="767343b4-d870-4b1f-85cf-6bb239b76a92" testId="8d3a13e4-7529-dcc7-acab-a47c8e85a381" testName="GetStates_SessionStarted_WithStates" computerName="DKSR-EFI-06" duration="00:00:00.0009054" startTime="2024-01-09T15:41:42.1070110+01:00" endTime="2024-01-09T15:41:42.1070110+01:00" testType="13cdc9d9-ddb5-4fa4-a97d-d965ccfc6d4b" outcome="Passed" testListId="8c84fa94-04c1-424b-9868-57a2d4851a1d" relativeResultsDirectory="767343b4-d870-4b1f-85cf-6bb239b76a92" />
    <UnitTestResult executionId="39f42b98-bff9-4b1d-a0ab-53a33883afbe" testId="ed486ee2-750d-c7b9-06cc-eb3021382eda" testName="Convert_NoAutomationIdWithFallbackProperty_ReturnsValue" computerName="DKSR-EFI-06" duration="00:00:00.0006195" startTime="2024-01-09T15:41:10.4350299+01:00" endTime="2024-01-09T15:41:10.4350299+01:00" testType="13cdc9d9-ddb5-4fa4-a97d-d965ccfc6d4b" outcome="Passed" testListId="8c84fa94-04c1-424b-9868-57a2d4851a1d" relativeResultsDirectory="39f42b98-bff9-4b1d-a0ab-53a33883afbe" />
    <UnitTestResult executionId="46c0dcf1-82af-4cc0-b766-167c0db7a9c5" testId="89375aca-5b37-064f-74cf-5102a1c4ec81" testName="ProvideValue_ReturnsThis" computerName="DKSR-EFI-06" duration="00:00:00.0105186" startTime="2024-01-09T15:41:10.4038251+01:00" endTime="2024-01-09T15:41:10.4194052+01:00" testType="13cdc9d9-ddb5-4fa4-a97d-d965ccfc6d4b" outcome="Passed" testListId="8c84fa94-04c1-424b-9868-57a2d4851a1d" relativeResultsDirectory="46c0dcf1-82af-4cc0-b766-167c0db7a9c5" />
    <UnitTestResult executionId="c3443887-1b63-457f-afd5-adbc44ee2265" testId="3e8485c9-a7cd-7c8f-f394-cfd45a272654" testName="UpdateFrameworkElementsOverlay_WithBothArgumentsNull_ShouldReturnTrueAndLeaveListsUnchanged" computerName="DKSR-EFI-06" duration="00:00:00.0006638" startTime="2024-01-09T15:41:41.4195083+01:00" endTime="2024-01-09T15:41:41.4195083+01:00" testType="13cdc9d9-ddb5-4fa4-a97d-d965ccfc6d4b" outcome="Passed" testListId="8c84fa94-04c1-424b-9868-57a2d4851a1d" relativeResultsDirectory="c3443887-1b63-457f-afd5-adbc44ee2265" />
    <UnitTestResult executionId="44b6d062-a848-48c9-a731-d86cdc6ce0bd" testId="a40e30ee-4537-9698-9f88-45700d1ef781" testName="Convert_WithAutomationId_ReturnsValue" computerName="DKSR-EFI-06" duration="00:00:00.0002700" startTime="2024-01-09T15:41:10.4350299+01:00" endTime="2024-01-09T15:41:10.4350299+01:00" testType="13cdc9d9-ddb5-4fa4-a97d-d965ccfc6d4b" outcome="Passed" testListId="8c84fa94-04c1-424b-9868-57a2d4851a1d" relativeResultsDirectory="44b6d062-a848-48c9-a731-d86cdc6ce0bd" />
    <UnitTestResult executionId="2e20814c-252f-434b-9d79-9e8ceea15deb" testId="1a9ef545-ced5-a479-15d2-22e0772b422a" testName="GetTimeSpanValueOrDefault_KeyFound_ValueReturned" computerName="DKSR-EFI-06" duration="00:00:00.0003714" startTime="2024-01-09T15:41:41.6070476+01:00" endTime="2024-01-09T15:41:41.6226357+01:00" testType="13cdc9d9-ddb5-4fa4-a97d-d965ccfc6d4b" outcome="Passed" testListId="8c84fa94-04c1-424b-9868-57a2d4851a1d" relativeResultsDirectory="2e20814c-252f-434b-9d79-9e8ceea15deb" />
    <UnitTestResult executionId="66abcab0-2948-42c3-9b7d-3af554fbffaf" testId="20c0e1dd-a74f-c654-d865-142fb2a2787f" testName="Activate_ToastActivated" computerName="DKSR-EFI-06" duration="00:00:00.0005200" startTime="2024-01-09T15:41:33.4819719+01:00" endTime="2024-01-09T15:41:33.4819719+01:00" testType="13cdc9d9-ddb5-4fa4-a97d-d965ccfc6d4b" outcome="Passed" testListId="8c84fa94-04c1-424b-9868-57a2d4851a1d" relativeResultsDirectory="66abcab0-2948-42c3-9b7d-3af554fbffaf" />
    <UnitTestResult executionId="57818bbf-8190-4f26-9e26-5da8211652bf" testId="21727a68-5514-e7fd-4cbf-85c9b79894da" testName="ItemHolder_SelectedToggleButton_MouseClick_Success" computerName="DKSR-EFI-06" duration="00:00:00.1599893" startTime="2024-01-09T15:41:35.1851074+01:00" endTime="2024-01-09T15:41:35.3413583+01:00" testType="13cdc9d9-ddb5-4fa4-a97d-d965ccfc6d4b" outcome="Passed" testListId="8c84fa94-04c1-424b-9868-57a2d4851a1d" relativeResultsDirectory="57818bbf-8190-4f26-9e26-5da8211652bf" />
    <UnitTestResult executionId="4110aad7-6d22-44b6-a6c8-da43295dc142" testId="edd04f72-e846-3536-4d16-cb04e8460e6b" testName="FormsControlScaledLocationAndSize_AnchorRightAndBottom_150Percent_Scaling" computerName="DKSR-EFI-06" duration="00:00:00.0046715" startTime="2024-01-09T15:41:33.3882222+01:00" endTime="2024-01-09T15:41:33.3882222+01:00" testType="13cdc9d9-ddb5-4fa4-a97d-d965ccfc6d4b" outcome="Passed" testListId="8c84fa94-04c1-424b-9868-57a2d4851a1d" relativeResultsDirectory="4110aad7-6d22-44b6-a6c8-da43295dc142" />
    <UnitTestResult executionId="8edc3f43-1adf-4255-902b-7c28b227b6f4" testId="01c86469-a2b3-56b4-e415-0f887f533923" testName="Ctor_ImmutablePropertiesSet" computerName="DKSR-EFI-06" duration="00:00:00.1430130" startTime="2024-01-09T15:41:10.4662798+01:00" endTime="2024-01-09T15:41:10.6069035+01:00" testType="13cdc9d9-ddb5-4fa4-a97d-d965ccfc6d4b" outcome="Passed" testListId="8c84fa94-04c1-424b-9868-57a2d4851a1d" relativeResultsDirectory="8edc3f43-1adf-4255-902b-7c28b227b6f4" />
    <UnitTestResult executionId="3b509ad2-d659-452b-ad3f-c4eabf31ea0e" testId="3a11b55c-2e4b-9de3-e429-e8e4d5b33710" testName="MeasureCounters_SetsTheCorrectInitialGpuInformation" computerName="DKSR-EFI-06" duration="00:00:00.0021426" startTime="2024-01-09T15:41:32.3257124+01:00" endTime="2024-01-09T15:41:32.3257124+01:00" testType="13cdc9d9-ddb5-4fa4-a97d-d965ccfc6d4b" outcome="Passed" testListId="8c84fa94-04c1-424b-9868-57a2d4851a1d" relativeResultsDirectory="3b509ad2-d659-452b-ad3f-c4eabf31ea0e" />
    <UnitTestResult executionId="3ae46e04-4caf-465c-85b1-e8e572ce6481" testId="64f4b309-46ce-14bc-92c8-2dbd5092f999" testName="UpdateFrameworkElementsOverlay_WithNewFrameworkElementList_ShouldUpdateList" computerName="DKSR-EFI-06" duration="00:00:00.0008697" startTime="2024-01-09T15:41:41.4351326+01:00" endTime="2024-01-09T15:41:41.4351326+01:00" testType="13cdc9d9-ddb5-4fa4-a97d-d965ccfc6d4b" outcome="Passed" testListId="8c84fa94-04c1-424b-9868-57a2d4851a1d" relativeResultsDirectory="3ae46e04-4caf-465c-85b1-e8e572ce6481" />
    <UnitTestResult executionId="c59a03e8-fd03-4ba8-ab98-d3217a09e397" testId="6302655b-61c8-7b0f-1cb8-2a78b11ff788" testName="GetStates_SessionStarted_WithStates" computerName="DKSR-EFI-06" duration="00:00:00.0026064" startTime="2024-01-09T15:41:41.6695116+01:00" endTime="2024-01-09T15:41:41.6695116+01:00" testType="13cdc9d9-ddb5-4fa4-a97d-d965ccfc6d4b" outcome="Passed" testListId="8c84fa94-04c1-424b-9868-57a2d4851a1d" relativeResultsDirectory="c59a03e8-fd03-4ba8-ab98-d3217a09e397" />
    <UnitTestResult executionId="7c70ef5d-1cee-48d4-ba08-b6ee8aeb0022" testId="3a686c1f-b102-e8a9-b329-09a0749c945a" testName="RangeMaxEdit_EnterLargeNumber_EditFieldAutosizedAndAlignedRight" computerName="DKSR-EFI-06" duration="00:00:00.2026196" startTime="2024-01-09T15:41:17.4506651+01:00" endTime="2024-01-09T15:41:17.6537895+01:00" testType="13cdc9d9-ddb5-4fa4-a97d-d965ccfc6d4b" outcome="Passed" testListId="8c84fa94-04c1-424b-9868-57a2d4851a1d" relativeResultsDirectory="7c70ef5d-1cee-48d4-ba08-b6ee8aeb0022" />
    <UnitTestResult executionId="db1f56fb-eb86-41d1-8ed5-fec9bcffae13" testId="13a2427c-e785-ce2d-2d1c-b445eff86f81" testName="FormsControlScaledLocationAndSize_NegativePositions_150Percent_Scaling" computerName="DKSR-EFI-06" duration="00:00:00.0010880" startTime="2024-01-09T15:41:33.3725945+01:00" endTime="2024-01-09T15:41:33.3725945+01:00" testType="13cdc9d9-ddb5-4fa4-a97d-d965ccfc6d4b" outcome="Passed" testListId="8c84fa94-04c1-424b-9868-57a2d4851a1d" relativeResultsDirectory="db1f56fb-eb86-41d1-8ed5-fec9bcffae13" />
    <UnitTestResult executionId="28c5d730-1abb-4d8d-9bca-b580857b3a8f" testId="db58122d-1cb6-c9dc-b0c5-af4f8da57592" testName="SubstractIntervalListTest" computerName="DKSR-EFI-06" duration="00:00:00.0039040" startTime="2024-01-09T15:41:09.2787764+01:00" endTime="2024-01-09T15:41:09.2944025+01:00" testType="13cdc9d9-ddb5-4fa4-a97d-d965ccfc6d4b" outcome="Passed" testListId="8c84fa94-04c1-424b-9868-57a2d4851a1d" relativeResultsDirectory="28c5d730-1abb-4d8d-9bca-b580857b3a8f" />
    <UnitTestResult executionId="8eeca72b-5e72-49e6-9ef3-67089edaca8f" testId="9dcd4ce8-33dc-3db8-df54-9c3e687528fe" testName="Convert_MultiValueConverter_DifferentTargetType_Success" computerName="DKSR-EFI-06" duration="00:00:00.0003400" startTime="2024-01-09T15:41:33.4819719+01:00" endTime="2024-01-09T15:41:33.4819719+01:00" testType="13cdc9d9-ddb5-4fa4-a97d-d965ccfc6d4b" outcome="Passed" testListId="8c84fa94-04c1-424b-9868-57a2d4851a1d" relativeResultsDirectory="8eeca72b-5e72-49e6-9ef3-67089edaca8f" />
    <UnitTestResult executionId="088b87e4-2750-434c-925a-ce8d76a91663" testId="6be2a7ca-9e0f-738a-b561-fdbbb35486e2" testName="ProvideValue_ReturnsThis" computerName="DKSR-EFI-06" duration="00:00:00.0008645" startTime="2024-01-09T15:41:10.4506538+01:00" endTime="2024-01-09T15:41:10.4506538+01:00" testType="13cdc9d9-ddb5-4fa4-a97d-d965ccfc6d4b" outcome="Passed" testListId="8c84fa94-04c1-424b-9868-57a2d4851a1d" relativeResultsDirectory="088b87e4-2750-434c-925a-ce8d76a91663" />
    <UnitTestResult executionId="3a9182ba-bdb0-4bcc-8bc8-6bae9c241d2b" testId="286237b8-58c5-8f71-48e4-5e1734d0ac85" testName="OnPreviewKeyDown_PageDown_Success" computerName="DKSR-EFI-06" duration="00:00:00.2348490" startTime="2024-01-09T15:41:37.0913678+01:00" endTime="2024-01-09T15:41:37.3257437+01:00" testType="13cdc9d9-ddb5-4fa4-a97d-d965ccfc6d4b" outcome="Passed" testListId="8c84fa94-04c1-424b-9868-57a2d4851a1d" relativeResultsDirectory="3a9182ba-bdb0-4bcc-8bc8-6bae9c241d2b" />
    <UnitTestResult executionId="729e8178-ff7b-430f-b0e4-b232a723872f" testId="b6fd8020-db5d-f64a-77cc-9352b31e97f8" testName="SequenceEquals_EqualCollectionsOrderedDifferently_IgnoreOrder_SymmetricalTrueResult" computerName="DKSR-EFI-06" duration="00:00:00.0006157" startTime="2024-01-09T15:41:32.5757156+01:00" endTime="2024-01-09T15:41:32.5757156+01:00" testType="13cdc9d9-ddb5-4fa4-a97d-d965ccfc6d4b" outcome="Passed" testListId="8c84fa94-04c1-424b-9868-57a2d4851a1d" relativeResultsDirectory="729e8178-ff7b-430f-b0e4-b232a723872f" />
    <UnitTestResult executionId="008cf566-0d98-4e91-8590-f56c26f2c5da" testId="06f7ab65-67b0-9ceb-7950-154a66e24a54" testName="IntersectOrdered_With_Key_Selector" computerName="DKSR-EFI-06" duration="00:00:00.0045027" startTime="2024-01-09T15:41:32.9507184+01:00" endTime="2024-01-09T15:41:32.9507184+01:00" testType="13cdc9d9-ddb5-4fa4-a97d-d965ccfc6d4b" outcome="Passed" testListId="8c84fa94-04c1-424b-9868-57a2d4851a1d" relativeResultsDirectory="008cf566-0d98-4e91-8590-f56c26f2c5da" />
    <UnitTestResult executionId="b8420274-afcb-463a-a999-b522f3a63c29" testId="9e8c12e8-27ef-31c9-ca23-5d60c890c874" testName="GetBoolValueOrDefault_EmptyKeyValue_DefaultValueReturned" computerName="DKSR-EFI-06" duration="00:00:00.0002717" startTime="2024-01-09T15:41:41.6382608+01:00" endTime="2024-01-09T15:41:41.6382608+01:00" testType="13cdc9d9-ddb5-4fa4-a97d-d965ccfc6d4b" outcome="Passed" testListId="8c84fa94-04c1-424b-9868-57a2d4851a1d" relativeResultsDirectory="b8420274-afcb-463a-a999-b522f3a63c29" />
    <UnitTestResult executionId="10509874-543b-4047-86de-7e8f07b1675e" testId="876bc370-09a2-ee34-0b46-51df5caf6b5d" testName="AddToast_NewToast_Success" computerName="DKSR-EFI-06" duration="00:00:00.0223254" startTime="2024-01-09T15:41:11.0600329+01:00" endTime="2024-01-09T15:41:11.0756567+01:00" testType="13cdc9d9-ddb5-4fa4-a97d-d965ccfc6d4b" outcome="Passed" testListId="8c84fa94-04c1-424b-9868-57a2d4851a1d" relativeResultsDirectory="10509874-543b-4047-86de-7e8f07b1675e" />
    <UnitTestResult executionId="be2ef9b9-7832-4c3a-b192-f9fe7d3ccf69" testId="4cc8300a-eeed-c2e1-d868-e1046399c3e2" testName="TileNewStateGetsAddedAndCurrentStatesGetUpdatedIfCurrentStatesIsNullAndNewStateIsNotUndefined" computerName="DKSR-EFI-06" duration="00:00:00.0025643" startTime="2024-01-09T15:41:25.8100449+01:00" endTime="2024-01-09T15:41:25.8100449+01:00" testType="13cdc9d9-ddb5-4fa4-a97d-d965ccfc6d4b" outcome="Passed" testListId="8c84fa94-04c1-424b-9868-57a2d4851a1d" relativeResultsDirectory="be2ef9b9-7832-4c3a-b192-f9fe7d3ccf69" />
    <UnitTestResult executionId="deeb4e98-417d-4da0-831a-aa5524264756" testId="9b6bcf4a-f6d4-8ccc-f16d-a434ebb9feb9" testName="DetermineScaledWindowLocationAndSize_CenterScreen_100Percent_Scaling" computerName="DKSR-EFI-06" duration="00:00:00.0011867" startTime="2024-01-09T15:41:33.4194704+01:00" endTime="2024-01-09T15:41:33.4194704+01:00" testType="13cdc9d9-ddb5-4fa4-a97d-d965ccfc6d4b" outcome="Passed" testListId="8c84fa94-04c1-424b-9868-57a2d4851a1d" relativeResultsDirectory="deeb4e98-417d-4da0-831a-aa5524264756" />
    <UnitTestResult executionId="ec3a43cf-cda3-4eb8-aaf3-f4e088ad4dce" testId="da7d9a18-f239-39a4-8fc7-3bf5666ab8f3" testName="TooltipServiceWarning_Failover_LocalSSLError" computerName="DKSR-EFI-06" duration="00:00:00.0004711" startTime="2024-01-09T15:41:41.2632565+01:00" endTime="2024-01-09T15:41:41.2632565+01:00" testType="13cdc9d9-ddb5-4fa4-a97d-d965ccfc6d4b" outcome="Passed" testListId="8c84fa94-04c1-424b-9868-57a2d4851a1d" relativeResultsDirectory="ec3a43cf-cda3-4eb8-aaf3-f4e088ad4dce" />
    <UnitTestResult executionId="484de62a-8ea1-4001-9cef-3b7645f0e057" testId="d8e63543-1f0c-4f29-79c8-6459f1072b63" testName="DetermineScaledWindowLocationAndSize_CenterScreen_150Percent_Scaling" computerName="DKSR-EFI-06" duration="00:00:00.0051996" startTime="2024-01-09T15:41:33.4038473+01:00" endTime="2024-01-09T15:41:33.4194704+01:00" testType="13cdc9d9-ddb5-4fa4-a97d-d965ccfc6d4b" outcome="Passed" testListId="8c84fa94-04c1-424b-9868-57a2d4851a1d" relativeResultsDirectory="484de62a-8ea1-4001-9cef-3b7645f0e057" />
    <UnitTestResult executionId="eb7898d0-6a68-458a-b790-671c3bd30d3f" testId="ac417528-a5fc-0267-1e71-119d845e1bc0" testName="SmartSearchFilterValue_Deserialize_Success" computerName="DKSR-EFI-06" duration="00:00:00.1190185" startTime="2024-01-09T15:41:41.4663841+01:00" endTime="2024-01-09T15:41:41.5913863+01:00" testType="13cdc9d9-ddb5-4fa4-a97d-d965ccfc6d4b" outcome="Passed" testListId="8c84fa94-04c1-424b-9868-57a2d4851a1d" relativeResultsDirectory="eb7898d0-6a68-458a-b790-671c3bd30d3f" />
    <UnitTestResult executionId="b84cb9c4-917a-4428-abc3-971a10e894b3" testId="132e103c-17cc-dd6d-9a83-6fdfdde045a1" testName="RoundToMillisecond_RoundDown" computerName="DKSR-EFI-06" duration="00:00:00.0121813" startTime="2024-01-09T15:41:33.0600943+01:00" endTime="2024-01-09T15:41:33.0757201+01:00" testType="13cdc9d9-ddb5-4fa4-a97d-d965ccfc6d4b" outcome="Passed" testListId="8c84fa94-04c1-424b-9868-57a2d4851a1d" relativeResultsDirectory="b84cb9c4-917a-4428-abc3-971a10e894b3" />
    <UnitTestResult executionId="a00a5da4-8383-4546-8518-6a8ed003fd88" testId="9c6021a0-5c69-1d26-d3e6-3538913699de" testName="Create_NoRecycledItemsAvailable_Success" computerName="DKSR-EFI-06" duration="00:00:00.0012679" startTime="2024-01-09T15:41:10.3881534+01:00" endTime="2024-01-09T15:41:10.3881534+01:00" testType="13cdc9d9-ddb5-4fa4-a97d-d965ccfc6d4b" outcome="Passed" testListId="8c84fa94-04c1-424b-9868-57a2d4851a1d" relativeResultsDirectory="a00a5da4-8383-4546-8518-6a8ed003fd88" />
    <UnitTestResult executionId="bcffbcc3-2377-4676-a9f2-985f67e7ef51" testId="09c48a42-9cc6-7c96-0386-069c96816ff0" testName="Convert_DefaultMultiplierAndOffset_ReturnsProvidedValue" computerName="DKSR-EFI-06" duration="00:00:00.0011933" startTime="2024-01-09T15:41:10.4506538+01:00" endTime="2024-01-09T15:41:10.4506538+01:00" testType="13cdc9d9-ddb5-4fa4-a97d-d965ccfc6d4b" outcome="Passed" testListId="8c84fa94-04c1-424b-9868-57a2d4851a1d" relativeResultsDirectory="bcffbcc3-2377-4676-a9f2-985f67e7ef51" />
    <UnitTestResult executionId="1000fe8c-6e1f-407e-9685-79b3d3e2bb3c" testId="ca1a74cf-f42b-b5b7-8415-1bec1e2927e4" testName="Convert_MultiValueConverter_NotANumber_Throws" computerName="DKSR-EFI-06" duration="00:00:00.0028690" startTime="2024-01-09T15:41:33.4663450+01:00" endTime="2024-01-09T15:41:33.4663450+01:00" testType="13cdc9d9-ddb5-4fa4-a97d-d965ccfc6d4b" outcome="Passed" testListId="8c84fa94-04c1-424b-9868-57a2d4851a1d" relativeResultsDirectory="1000fe8c-6e1f-407e-9685-79b3d3e2bb3c" />
    <UnitTestResult executionId="a61d54cc-26b5-4467-b1d9-14fe74d0ffd9" testId="f9fd199c-9720-ab0c-f9a1-3482c7ab7054" testName="RemoveToast_NonExistingToast_DoesNotCrash" computerName="DKSR-EFI-06" duration="00:00:00.0012718" startTime="2024-01-09T15:41:11.0912817+01:00" endTime="2024-01-09T15:41:11.0912817+01:00" testType="13cdc9d9-ddb5-4fa4-a97d-d965ccfc6d4b" outcome="Passed" testListId="8c84fa94-04c1-424b-9868-57a2d4851a1d" relativeResultsDirectory="a61d54cc-26b5-4467-b1d9-14fe74d0ffd9" />
    <UnitTestResult executionId="559121c1-706c-4a78-9733-c5f3329f006b" testId="db261fbf-eb7c-9161-ff1c-532a3db0f6a5" testName="UpTileThrowsIfTileNotInBox" computerName="DKSR-EFI-06" duration="00:00:00.0147334" startTime="2024-01-09T15:41:25.6381669+01:00" endTime="2024-01-09T15:41:25.6537939+01:00" testType="13cdc9d9-ddb5-4fa4-a97d-d965ccfc6d4b" outcome="Passed" testListId="8c84fa94-04c1-424b-9868-57a2d4851a1d" relativeResultsDirectory="559121c1-706c-4a78-9733-c5f3329f006b" />
    <UnitTestResult executionId="23f738f9-a653-4087-86f7-e4c32a546686" testId="31fd8fc3-155f-83fd-baeb-6572fbd4102c" testName="DownTileSwapsPositionsOfTileAndSuccessor" computerName="DKSR-EFI-06" duration="00:00:00.0021032" startTime="2024-01-09T15:41:25.6694212+01:00" endTime="2024-01-09T15:41:25.6694212+01:00" testType="13cdc9d9-ddb5-4fa4-a97d-d965ccfc6d4b" outcome="Passed" testListId="8c84fa94-04c1-424b-9868-57a2d4851a1d" relativeResultsDirectory="23f738f9-a653-4087-86f7-e4c32a546686" />
    <UnitTestResult executionId="38b6daf9-5215-43b7-9221-4fe08f01967c" testId="2b14ff95-cabe-8a3e-8e5c-8673fcb142c5" testName="SingleCameraMustSetDisplayNameDeletedCameraTextIfItDoesNotExist" computerName="DKSR-EFI-06" duration="00:00:00.0004646" startTime="2024-01-09T15:41:26.0287977+01:00" endTime="2024-01-09T15:41:26.0287977+01:00" testType="13cdc9d9-ddb5-4fa4-a97d-d965ccfc6d4b" outcome="Passed" testListId="8c84fa94-04c1-424b-9868-57a2d4851a1d" relativeResultsDirectory="38b6daf9-5215-43b7-9221-4fe08f01967c" />
    <UnitTestResult executionId="30c2c0ff-8689-4e93-97ef-f408b25c3409" testId="82fcf867-5749-9edd-5c4f-4e3b8b6ee0a4" testName="ExtensionBeginInvokeOneParamTest" computerName="DKSR-EFI-06" duration="00:00:00.0281892" startTime="2024-01-09T15:41:08.7475266+01:00" endTime="2024-01-09T15:41:08.7787756+01:00" testType="13cdc9d9-ddb5-4fa4-a97d-d965ccfc6d4b" outcome="Passed" testListId="8c84fa94-04c1-424b-9868-57a2d4851a1d" relativeResultsDirectory="30c2c0ff-8689-4e93-97ef-f408b25c3409" />
    <UnitTestResult executionId="0d15fee7-b401-460d-810f-be35ad0aea85" testId="c6c1a6ca-c551-f84f-b4f7-d3d4f0f2582f" testName="TryGetIntValue_WrongKeyValue_ValueReturnedZero" computerName="DKSR-EFI-06" duration="00:00:00.0002457" startTime="2024-01-09T15:41:41.6538860+01:00" endTime="2024-01-09T15:41:41.6538860+01:00" testType="13cdc9d9-ddb5-4fa4-a97d-d965ccfc6d4b" outcome="Passed" testListId="8c84fa94-04c1-424b-9868-57a2d4851a1d" relativeResultsDirectory="0d15fee7-b401-460d-810f-be35ad0aea85" />
    <UnitTestResult executionId="daf0b150-fc8d-443f-b317-99b776eb08ea" testId="3d782eb2-1185-1de8-9482-d479e4373af3" testName="MeasureCounters_UpdatesMemoryUsage_WithPercentage" computerName="DKSR-EFI-06" duration="00:00:00.0020048" startTime="2024-01-09T15:41:32.3257124+01:00" endTime="2024-01-09T15:41:32.3257124+01:00" testType="13cdc9d9-ddb5-4fa4-a97d-d965ccfc6d4b" outcome="Passed" testListId="8c84fa94-04c1-424b-9868-57a2d4851a1d" relativeResultsDirectory="daf0b150-fc8d-443f-b317-99b776eb08ea" />
    <UnitTestResult executionId="b8f7ba21-4213-409b-aada-2d7039cf95af" testId="c6e1db41-6039-4a0b-4b5e-460a6a0df8ad" testName="Constructor_BasicUser_BaseServerAddress_ArgumentNull_Thrown" computerName="DKSR-EFI-06" duration="00:00:00.0014919" startTime="2024-01-09T15:41:41.8413846+01:00" endTime="2024-01-09T15:41:41.8413846+01:00" testType="13cdc9d9-ddb5-4fa4-a97d-d965ccfc6d4b" outcome="Passed" testListId="8c84fa94-04c1-424b-9868-57a2d4851a1d" relativeResultsDirectory="b8f7ba21-4213-409b-aada-2d7039cf95af" />
    <UnitTestResult executionId="e854c4ce-b7f7-4985-8851-f5b0d1da6904" testId="a7304e06-ae3e-2e3a-5ce1-1639916ee77c" testName="OnPreviewKeyDown_Return_Success" computerName="DKSR-EFI-06" duration="00:00:00.2027447" startTime="2024-01-09T15:41:37.7632429+01:00" endTime="2024-01-09T15:41:37.9663688+01:00" testType="13cdc9d9-ddb5-4fa4-a97d-d965ccfc6d4b" outcome="Passed" testListId="8c84fa94-04c1-424b-9868-57a2d4851a1d" relativeResultsDirectory="e854c4ce-b7f7-4985-8851-f5b0d1da6904" />
    <UnitTestResult executionId="75a96818-7ecd-413b-9714-fbad047a5575" testId="d32054d7-3151-5a17-efe5-d560f827fbcf" testName="RoundToHour_Up" computerName="DKSR-EFI-06" duration="00:00:00.0012548" startTime="2024-01-09T15:41:32.7319656+01:00" endTime="2024-01-09T15:41:32.7319656+01:00" testType="13cdc9d9-ddb5-4fa4-a97d-d965ccfc6d4b" outcome="Passed" testListId="8c84fa94-04c1-424b-9868-57a2d4851a1d" relativeResultsDirectory="75a96818-7ecd-413b-9714-fbad047a5575" />
    <UnitTestResult executionId="bf2f96b1-c0b8-4155-b50c-e55bfa05f336" testId="dbbf39a1-557e-8113-cb77-f2aa3140bfbd" testName="ItemHolder_MouseOver_Success" computerName="DKSR-EFI-06" duration="00:00:00.2005774" startTime="2024-01-09T15:41:34.6851019+01:00" endTime="2024-01-09T15:41:34.8882275+01:00" testType="13cdc9d9-ddb5-4fa4-a97d-d965ccfc6d4b" outcome="Passed" testListId="8c84fa94-04c1-424b-9868-57a2d4851a1d" relativeResultsDirectory="bf2f96b1-c0b8-4155-b50c-e55bfa05f336" />
    <UnitTestResult executionId="20e1f59f-5d90-436d-8ec0-dc81743eb4c0" testId="096497aa-f877-ca92-6ca3-eb3764bf4357" testName="TileStateMaintainsDefinedStateAsLongAsAtLeastOneCurrentStateIsDefined" computerName="DKSR-EFI-06" duration="00:00:00.0031841" startTime="2024-01-09T15:41:25.8100449+01:00" endTime="2024-01-09T15:41:25.8100449+01:00" testType="13cdc9d9-ddb5-4fa4-a97d-d965ccfc6d4b" outcome="Passed" testListId="8c84fa94-04c1-424b-9868-57a2d4851a1d" relativeResultsDirectory="20e1f59f-5d90-436d-8ec0-dc81743eb4c0" />
    <UnitTestResult executionId="69c43c8f-f846-4ee3-969a-1592493722d2" testId="7cdbbb68-ee89-4d99-8a8b-ff2dfe66aef4" testName="Constructor_BaseServerAddress_ArgumentNull_Thrown" computerName="DKSR-EFI-06" duration="00:00:00.0012781" startTime="2024-01-09T15:41:41.8257599+01:00" endTime="2024-01-09T15:41:41.8413846+01:00" testType="13cdc9d9-ddb5-4fa4-a97d-d965ccfc6d4b" outcome="Passed" testListId="8c84fa94-04c1-424b-9868-57a2d4851a1d" relativeResultsDirectory="69c43c8f-f846-4ee3-969a-1592493722d2" />
    <UnitTestResult executionId="ed42f139-b75d-4697-9b1b-42c71e0f9432" testId="d0c56151-9eb1-435a-613d-6b16219b3912" testName="OnPreviewKeyDown_LeftShift_Click_Select_Success" computerName="DKSR-EFI-06" duration="00:00:00.2504870" startTime="2024-01-09T15:41:38.9194984+01:00" endTime="2024-01-09T15:41:39.1695000+01:00" testType="13cdc9d9-ddb5-4fa4-a97d-d965ccfc6d4b" outcome="Passed" testListId="8c84fa94-04c1-424b-9868-57a2d4851a1d" relativeResultsDirectory="ed42f139-b75d-4697-9b1b-42c71e0f9432" />
    <UnitTestResult executionId="f85cc9b3-2de6-419e-8767-79181308625d" testId="d78b0152-cc1a-328b-d637-c02c8df9200a" testName="Finds_Simple_Rule" computerName="DKSR-EFI-06" duration="00:00:00.0131372" startTime="2024-01-09T15:41:32.6538398+01:00" endTime="2024-01-09T15:41:32.6694640+01:00" testType="13cdc9d9-ddb5-4fa4-a97d-d965ccfc6d4b" outcome="Passed" testListId="8c84fa94-04c1-424b-9868-57a2d4851a1d" relativeResultsDirectory="f85cc9b3-2de6-419e-8767-79181308625d" />
    <UnitTestResult executionId="dfd7a3dc-4173-4ca1-bfdc-28515e5e20fc" testId="6cb4c9a0-0faa-e5bf-8132-58751189c459" testName="SingleCameraMustReturnDisplayNameAsEntityName" computerName="DKSR-EFI-06" duration="00:00:00.0005922" startTime="2024-01-09T15:41:26.0131688+01:00" endTime="2024-01-09T15:41:26.0131688+01:00" testType="13cdc9d9-ddb5-4fa4-a97d-d965ccfc6d4b" outcome="Passed" testListId="8c84fa94-04c1-424b-9868-57a2d4851a1d" relativeResultsDirectory="dfd7a3dc-4173-4ca1-bfdc-28515e5e20fc" />
    <UnitTestResult executionId="0eb0b053-d4ab-416b-9077-defa1f12b1fb" testId="99ffc01d-6d47-54d4-118d-67b642c0d057" testName="SelectedItems_Cleanup_Success" computerName="DKSR-EFI-06" duration="00:00:00.0120351" startTime="2024-01-09T15:41:41.1851356+01:00" endTime="2024-01-09T15:41:41.2007601+01:00" testType="13cdc9d9-ddb5-4fa4-a97d-d965ccfc6d4b" outcome="Passed" testListId="8c84fa94-04c1-424b-9868-57a2d4851a1d" relativeResultsDirectory="0eb0b053-d4ab-416b-9077-defa1f12b1fb" />
    <UnitTestResult executionId="93afbfca-33ea-4af1-b213-596ee6d6af68" testId="b68df490-f19b-a1a8-b878-ba437321192c" testName="OnPreviewKeyDown_Home_Success" computerName="DKSR-EFI-06" duration="00:00:00.1971008" startTime="2024-01-09T15:41:36.8413654+01:00" endTime="2024-01-09T15:41:37.0288661+01:00" testType="13cdc9d9-ddb5-4fa4-a97d-d965ccfc6d4b" outcome="Passed" testListId="8c84fa94-04c1-424b-9868-57a2d4851a1d" relativeResultsDirectory="93afbfca-33ea-4af1-b213-596ee6d6af68" />
    <UnitTestResult executionId="981ae3d5-8980-4eb1-a12b-237cd1f74ec4" testId="b452384b-46c9-9d28-fc42-8e46ec09f689" testName="MouseLeftButtonUp_ShouldInvokeClickHandlerAfterDelay_WhenNoDoubleClickIsDetectedAndMouseIsDirectlyOver" computerName="DKSR-EFI-06" duration="00:00:00.0527510" startTime="2024-01-09T15:41:41.3101350+01:00" endTime="2024-01-09T15:41:41.3570081+01:00" testType="13cdc9d9-ddb5-4fa4-a97d-d965ccfc6d4b" outcome="Passed" testListId="8c84fa94-04c1-424b-9868-57a2d4851a1d" relativeResultsDirectory="981ae3d5-8980-4eb1-a12b-237cd1f74ec4" />
    <UnitTestResult executionId="14338074-8e5f-4849-85cb-14bc3855cc48" testId="7b296182-9791-5bb6-d0bc-cac1175b5b79" testName="AuthenticationSimple_SetProperties_Success" computerName="DKSR-EFI-06" duration="00:00:00.0008537" startTime="2024-01-09T15:41:42.1538855+01:00" endTime="2024-01-09T15:41:42.1538855+01:00" testType="13cdc9d9-ddb5-4fa4-a97d-d965ccfc6d4b" outcome="Passed" testListId="8c84fa94-04c1-424b-9868-57a2d4851a1d" relativeResultsDirectory="14338074-8e5f-4849-85cb-14bc3855cc48" />
    <UnitTestResult executionId="53a671f9-ccba-4acc-9f62-f9bdf78f3eab" testId="b986ab05-f3dd-e5e1-b031-20a48d4b9519" testName="OkNewTileThrowsIfNoEventSources" computerName="DKSR-EFI-06" duration="00:00:00.0012239" startTime="2024-01-09T15:41:25.7162937+01:00" endTime="2024-01-09T15:41:25.7319197+01:00" testType="13cdc9d9-ddb5-4fa4-a97d-d965ccfc6d4b" outcome="Passed" testListId="8c84fa94-04c1-424b-9868-57a2d4851a1d" relativeResultsDirectory="53a671f9-ccba-4acc-9f62-f9bdf78f3eab" />
    <UnitTestResult executionId="4be774f4-b51f-4157-b799-ac0371935980" testId="a968b87e-cff6-bf9a-9da7-2e125015401d" testName="CloseShouldBlockTheCache" computerName="DKSR-EFI-06" duration="00:00:00.0006463" startTime="2024-01-09T15:41:24.8569192+01:00" endTime="2024-01-09T15:41:24.8569192+01:00" testType="13cdc9d9-ddb5-4fa4-a97d-d965ccfc6d4b" outcome="Passed" testListId="8c84fa94-04c1-424b-9868-57a2d4851a1d" relativeResultsDirectory="4be774f4-b51f-4157-b799-ac0371935980" />
    <UnitTestResult executionId="d9169aef-2eba-4056-ac54-69fd30187f38" testId="5c79b57e-42fe-6704-1533-85860c8bbf12" testName="Constructor_WindowsUser_Username_ArgumentNull_Thrown" computerName="DKSR-EFI-06" duration="00:00:00.0006484" startTime="2024-01-09T15:41:41.8726364+01:00" endTime="2024-01-09T15:41:41.8726364+01:00" testType="13cdc9d9-ddb5-4fa4-a97d-d965ccfc6d4b" outcome="Passed" testListId="8c84fa94-04c1-424b-9868-57a2d4851a1d" relativeResultsDirectory="d9169aef-2eba-4056-ac54-69fd30187f38" />
    <UnitTestResult executionId="b01b6e23-3437-4513-a080-1af0f8a80001" testId="12ac6e7d-4dc0-7730-a820-51b345ac71e7" testName="ctor_Success" computerName="DKSR-EFI-06" duration="00:00:01.2242957" startTime="2024-01-09T15:41:11.1537810+01:00" endTime="2024-01-09T15:41:12.3725363+01:00" testType="13cdc9d9-ddb5-4fa4-a97d-d965ccfc6d4b" outcome="Passed" testListId="8c84fa94-04c1-424b-9868-57a2d4851a1d" relativeResultsDirectory="b01b6e23-3437-4513-a080-1af0f8a80001" />
    <UnitTestResult executionId="51555a41-cea6-490d-9b2e-bf37587f9b29" testId="7cf60077-2671-481f-1310-11968c982eb2" testName="RoundToSecond_Nearest" computerName="DKSR-EFI-06" duration="00:00:00.0013407" startTime="2024-01-09T15:41:32.7163404+01:00" endTime="2024-01-09T15:41:32.7163404+01:00" testType="13cdc9d9-ddb5-4fa4-a97d-d965ccfc6d4b" outcome="Passed" testListId="8c84fa94-04c1-424b-9868-57a2d4851a1d" relativeResultsDirectory="51555a41-cea6-490d-9b2e-bf37587f9b29" />
    <UnitTestResult executionId="fd8060f3-972a-4432-856b-031323346acb" testId="4c169ed1-2ceb-3ce5-de75-44f39814124d" testName="GetStates_SessionStarted_NoStates" computerName="DKSR-EFI-06" duration="00:00:00.0009442" startTime="2024-01-09T15:41:42.1070110+01:00" endTime="2024-01-09T15:41:42.1070110+01:00" testType="13cdc9d9-ddb5-4fa4-a97d-d965ccfc6d4b" outcome="Passed" testListId="8c84fa94-04c1-424b-9868-57a2d4851a1d" relativeResultsDirectory="fd8060f3-972a-4432-856b-031323346acb" />
    <UnitTestResult executionId="208fffa9-e58b-42cc-91d1-19e5d017420c" testId="54792cc5-5557-3941-5368-3e4248495373" testName="AddFrameworkElementsOverlay_WithFollowDigitalZoomFalse_ShouldAddToFrameworkElementsOverlaysFixed" computerName="DKSR-EFI-06" duration="00:00:00.0006049" startTime="2024-01-09T15:41:41.4038830+01:00" endTime="2024-01-09T15:41:41.4195083+01:00" testType="13cdc9d9-ddb5-4fa4-a97d-d965ccfc6d4b" outcome="Passed" testListId="8c84fa94-04c1-424b-9868-57a2d4851a1d" relativeResultsDirectory="208fffa9-e58b-42cc-91d1-19e5d017420c" />
    <UnitTestResult executionId="2ae97987-c588-4002-9f22-8712930ad47b" testId="d3857317-63e0-c190-44d9-5fb025d72a80" testName="TryGetIntValue_KeyNotFound_ReturnFalse" computerName="DKSR-EFI-06" duration="00:00:00.0003307" startTime="2024-01-09T15:41:41.6382608+01:00" endTime="2024-01-09T15:41:41.6382608+01:00" testType="13cdc9d9-ddb5-4fa4-a97d-d965ccfc6d4b" outcome="Passed" testListId="8c84fa94-04c1-424b-9868-57a2d4851a1d" relativeResultsDirectory="2ae97987-c588-4002-9f22-8712930ad47b" />
    <UnitTestResult executionId="248d2085-d1d0-4949-879f-2f47cc057d8e" testId="896a835e-aa00-d5b5-efb0-cae3f484c942" testName="CleanUpShouldBeEnforced" computerName="DKSR-EFI-06" duration="00:00:00.0151210" startTime="2024-01-09T15:41:24.8412925+01:00" endTime="2024-01-09T15:41:24.8569192+01:00" testType="13cdc9d9-ddb5-4fa4-a97d-d965ccfc6d4b" outcome="Passed" testListId="8c84fa94-04c1-424b-9868-57a2d4851a1d" relativeResultsDirectory="248d2085-d1d0-4949-879f-2f47cc057d8e" />
    <UnitTestResult executionId="faa1a233-39f2-401d-a40a-22cd08afe07c" testId="bb65ea30-4ccc-91b1-efbb-715f93a6d534" testName="Constructor_StateService_ArgumentNull_Thrown" computerName="DKSR-EFI-06" duration="00:00:00.0065570" startTime="2024-01-09T15:41:41.6538860+01:00" endTime="2024-01-09T15:41:41.6538860+01:00" testType="13cdc9d9-ddb5-4fa4-a97d-d965ccfc6d4b" outcome="Passed" testListId="8c84fa94-04c1-424b-9868-57a2d4851a1d" relativeResultsDirectory="faa1a233-39f2-401d-a40a-22cd08afe07c" />
    <UnitTestResult executionId="2bf81a53-4b7d-4cae-aa06-30992e7c1a4b" testId="f973a97f-5a8e-0209-5020-2d35dba67422" testName="Convert_WithRenamedAutomationId_ReturnsValue" computerName="DKSR-EFI-06" duration="00:00:00.0005122" startTime="2024-01-09T15:41:10.4350299+01:00" endTime="2024-01-09T15:41:10.4350299+01:00" testType="13cdc9d9-ddb5-4fa4-a97d-d965ccfc6d4b" outcome="Passed" testListId="8c84fa94-04c1-424b-9868-57a2d4851a1d" relativeResultsDirectory="2bf81a53-4b7d-4cae-aa06-30992e7c1a4b" />
    <UnitTestResult executionId="d008d552-8c13-4321-a16b-7cde30d249b8" testId="9055d3e9-2242-b78d-4e5e-551084a63cc0" testName="FiresCorrectly" computerName="DKSR-EFI-06" duration="00:00:00.0070053" startTime="2024-01-09T15:41:32.6382158+01:00" endTime="2024-01-09T15:41:32.6538398+01:00" testType="13cdc9d9-ddb5-4fa4-a97d-d965ccfc6d4b" outcome="Passed" testListId="8c84fa94-04c1-424b-9868-57a2d4851a1d" relativeResultsDirectory="d008d552-8c13-4321-a16b-7cde30d249b8" />
    <UnitTestResult executionId="62ea763e-b68f-4750-b9c1-ad8d252ef146" testId="9d6748d3-43a8-fd2d-d4c5-a0b3805774ee" testName="LoaderIsNotCalledWhenDataIsInCacheTest" computerName="DKSR-EFI-06" duration="00:00:00.0264383" startTime="2024-01-09T15:41:24.7631691+01:00" endTime="2024-01-09T15:41:24.7944186+01:00" testType="13cdc9d9-ddb5-4fa4-a97d-d965ccfc6d4b" outcome="Passed" testListId="8c84fa94-04c1-424b-9868-57a2d4851a1d" relativeResultsDirectory="62ea763e-b68f-4750-b9c1-ad8d252ef146" />
    <UnitTestResult executionId="deb88fa7-4571-4502-949a-bfa619859b1d" testId="da80a2db-c20f-18de-ab2b-4a162a892642" testName="StartCameraStates_Success" computerName="DKSR-EFI-06" duration="00:00:00.0109676" startTime="2024-01-09T15:41:41.9038852+01:00" endTime="2024-01-09T15:41:41.9195106+01:00" testType="13cdc9d9-ddb5-4fa4-a97d-d965ccfc6d4b" outcome="Passed" testListId="8c84fa94-04c1-424b-9868-57a2d4851a1d" relativeResultsDirectory="deb88fa7-4571-4502-949a-bfa619859b1d" />
    <UnitTestResult executionId="d34a1c50-3697-4240-b9cb-4d60102ea923" testId="2ea81381-5cde-6a05-1852-15eea9dd2db0" testName="StartServerStates_Success" computerName="DKSR-EFI-06" duration="00:00:00.0025974" startTime="2024-01-09T15:41:42.0288857+01:00" endTime="2024-01-09T15:41:42.0288857+01:00" testType="13cdc9d9-ddb5-4fa4-a97d-d965ccfc6d4b" outcome="Passed" testListId="8c84fa94-04c1-424b-9868-57a2d4851a1d" relativeResultsDirectory="d34a1c50-3697-4240-b9cb-4d60102ea923" />
    <UnitTestResult executionId="52232243-c65a-418a-8009-b4559981676c" testId="49b54f08-f7f0-ba91-ee50-7ae6390d4af1" testName="GetDoubleValueOrDefault_KeyNotFound_DefaultValueReturned" computerName="DKSR-EFI-06" duration="00:00:00.0010384" startTime="2024-01-09T15:41:41.5913863+01:00" endTime="2024-01-09T15:41:41.6070476+01:00" testType="13cdc9d9-ddb5-4fa4-a97d-d965ccfc6d4b" outcome="Passed" testListId="8c84fa94-04c1-424b-9868-57a2d4851a1d" relativeResultsDirectory="52232243-c65a-418a-8009-b4559981676c" />
    <UnitTestResult executionId="46d344a7-9257-4c33-b2fc-12456542deed" testId="2feabfd6-0ffa-cf5e-b63d-1731ea803e6d" testName="OnPreviewKeyDown_PageUp_Success" computerName="DKSR-EFI-06" duration="00:00:00.2211607" startTime="2024-01-09T15:41:37.3414052+01:00" endTime="2024-01-09T15:41:37.5601173+01:00" testType="13cdc9d9-ddb5-4fa4-a97d-d965ccfc6d4b" outcome="Passed" testListId="8c84fa94-04c1-424b-9868-57a2d4851a1d" relativeResultsDirectory="46d344a7-9257-4c33-b2fc-12456542deed" />
    <UnitTestResult executionId="0a1a7662-fa19-45a4-bf98-646305adbfeb" testId="8c9d0f43-0c95-b12f-4abf-b89bea8f7dec" testName="RoundToMinute_Nearest" computerName="DKSR-EFI-06" duration="00:00:00.0016352" startTime="2024-01-09T15:41:32.7319656+01:00" endTime="2024-01-09T15:41:32.7319656+01:00" testType="13cdc9d9-ddb5-4fa4-a97d-d965ccfc6d4b" outcome="Passed" testListId="8c84fa94-04c1-424b-9868-57a2d4851a1d" relativeResultsDirectory="0a1a7662-fa19-45a4-bf98-646305adbfeb" />
    <UnitTestResult executionId="cd27d2e8-c6d4-43ba-9bc3-712edc9b11e4" testId="e959378d-d0fd-4d49-0362-8d51b28a1ec4" testName="FormsControlScaledHeight_100Percent_Scaling" computerName="DKSR-EFI-06" duration="00:00:00.0010052" startTime="2024-01-09T15:41:33.3413434+01:00" endTime="2024-01-09T15:41:33.3413434+01:00" testType="13cdc9d9-ddb5-4fa4-a97d-d965ccfc6d4b" outcome="Passed" testListId="8c84fa94-04c1-424b-9868-57a2d4851a1d" relativeResultsDirectory="cd27d2e8-c6d4-43ba-9bc3-712edc9b11e4" />
    <UnitTestResult executionId="7446d018-2213-43dc-b4ae-d992412a0f1e" testId="187b12dc-8a8d-a2dd-a376-a830b72404bd" testName="IsUnsecureConnectionAllowedForUser_ShouldReturnTrue_WhenAllowUnsecureSetToAllowed" computerName="DKSR-EFI-06" duration="00:00:00.0026409" startTime="2024-01-09T15:41:42.3882602+01:00" endTime="2024-01-09T15:41:42.3882602+01:00" testType="13cdc9d9-ddb5-4fa4-a97d-d965ccfc6d4b" outcome="Passed" testListId="8c84fa94-04c1-424b-9868-57a2d4851a1d" relativeResultsDirectory="7446d018-2213-43dc-b4ae-d992412a0f1e" />
    <UnitTestResult executionId="ba935ed3-ad00-4521-a940-cc34e6f0be05" testId="bf5e8c22-a26b-18f1-1802-acbe936c6160" testName="StartServerStates_Success_WithUpdate" computerName="DKSR-EFI-06" duration="00:00:00.0024425" startTime="2024-01-09T15:41:42.0288857+01:00" endTime="2024-01-09T15:41:42.0288857+01:00" testType="13cdc9d9-ddb5-4fa4-a97d-d965ccfc6d4b" outcome="Passed" testListId="8c84fa94-04c1-424b-9868-57a2d4851a1d" relativeResultsDirectory="ba935ed3-ad00-4521-a940-cc34e6f0be05" />
    <UnitTestResult executionId="194d5012-34dc-43a5-91ce-9a6f9f56dad9" testId="f02c80b8-49d2-fc2d-4c9d-16620ea9d887" testName="RoundToMinute_RoundUp" computerName="DKSR-EFI-06" duration="00:00:00.0008636" startTime="2024-01-09T15:41:33.0913432+01:00" endTime="2024-01-09T15:41:33.0913432+01:00" testType="13cdc9d9-ddb5-4fa4-a97d-d965ccfc6d4b" outcome="Passed" testListId="8c84fa94-04c1-424b-9868-57a2d4851a1d" relativeResultsDirectory="194d5012-34dc-43a5-91ce-9a6f9f56dad9" />
    <UnitTestResult executionId="a34a6aef-0157-40bc-a1ec-63b3f40ccac6" testId="126d2357-7090-a0c3-d4b1-34920ceb72d7" testName="ToastsCanEnterQueue_Success" computerName="DKSR-EFI-06" duration="00:00:00.0097528" startTime="2024-01-09T15:41:33.6850967+01:00" endTime="2024-01-09T15:41:33.7007222+01:00" testType="13cdc9d9-ddb5-4fa4-a97d-d965ccfc6d4b" outcome="Passed" testListId="8c84fa94-04c1-424b-9868-57a2d4851a1d" relativeResultsDirectory="a34a6aef-0157-40bc-a1ec-63b3f40ccac6" />
    <UnitTestResult executionId="fddacb06-683f-408c-affd-21a8074c84d6" testId="bcf043e2-e23c-d4b1-e8df-ddcfaf2c6564" testName="IntersectWithTest" computerName="DKSR-EFI-06" duration="00:00:00.0028138" startTime="2024-01-09T15:41:09.2944025+01:00" endTime="2024-01-09T15:41:09.2944025+01:00" testType="13cdc9d9-ddb5-4fa4-a97d-d965ccfc6d4b" outcome="Passed" testListId="8c84fa94-04c1-424b-9868-57a2d4851a1d" relativeResultsDirectory="fddacb06-683f-408c-affd-21a8074c84d6" />
    <UnitTestResult executionId="d5d64c52-ed90-4179-a325-4fd1925de3e4" testId="d757e934-8867-a54c-c93f-b9b8e2d4f452" testName="ArrangeOverride__6child_EnoughSpace__NotShrunk" computerName="DKSR-EFI-06" duration="00:00:00.0100356" startTime="2024-01-09T15:41:17.7631662+01:00" endTime="2024-01-09T15:41:17.7631662+01:00" testType="13cdc9d9-ddb5-4fa4-a97d-d965ccfc6d4b" outcome="Passed" testListId="8c84fa94-04c1-424b-9868-57a2d4851a1d" relativeResultsDirectory="d5d64c52-ed90-4179-a325-4fd1925de3e4">
      <Output>
        <StdOut>Debug Trace:&#xD;
offsets: 0, 21, 62, 120, 121, 141&#xD;
widths: 11, 31, 48, 0, 11, 48</StdOut>
      </Output>
    </UnitTestResult>
    <UnitTestResult executionId="3a9b62e9-041f-4b77-9bf4-f273c2ed37e6" testId="f31e5243-90c8-7dae-7404-a3986e0efbe1" testName="Convert_WithMultiplier_Success" computerName="DKSR-EFI-06" duration="00:00:00.0003876" startTime="2024-01-09T15:41:10.4506538+01:00" endTime="2024-01-09T15:41:10.4506538+01:00" testType="13cdc9d9-ddb5-4fa4-a97d-d965ccfc6d4b" outcome="Passed" testListId="8c84fa94-04c1-424b-9868-57a2d4851a1d" relativeResultsDirectory="3a9b62e9-041f-4b77-9bf4-f273c2ed37e6" />
    <UnitTestResult executionId="3b9c2545-f39b-436f-9ad6-1b3823668c3f" testId="928f2455-6ebd-8ffd-8fc5-fc1e86ca64c0" testName="TooltipServiceWarning_Failover_None" computerName="DKSR-EFI-06" duration="00:00:00.0002030" startTime="2024-01-09T15:41:41.2632565+01:00" endTime="2024-01-09T15:41:41.2632565+01:00" testType="13cdc9d9-ddb5-4fa4-a97d-d965ccfc6d4b" outcome="Passed" testListId="8c84fa94-04c1-424b-9868-57a2d4851a1d" relativeResultsDirectory="3b9c2545-f39b-436f-9ad6-1b3823668c3f" />
    <UnitTestResult executionId="3e5acce7-fcdf-406f-a9ec-1b370154ca38" testId="f3327606-b2a8-9974-e840-2b31246f10e1" testName="DrawControl_AllRangeSelected_VisualsOK" computerName="DKSR-EFI-06" duration="00:00:00.1446630" startTime="2024-01-09T15:41:15.6694125+01:00" endTime="2024-01-09T15:41:15.8256622+01:00" testType="13cdc9d9-ddb5-4fa4-a97d-d965ccfc6d4b" outcome="Passed" testListId="8c84fa94-04c1-424b-9868-57a2d4851a1d" relativeResultsDirectory="3e5acce7-fcdf-406f-a9ec-1b370154ca38" />
    <UnitTestResult executionId="6968faba-63f3-468d-a104-90bc1ee37ba0" testId="a4f1aa92-0955-504e-be1f-a783fd5bf664" testName="OnPreviewKeyDown_RightCtrl_A_SelectAll_Success" computerName="DKSR-EFI-06" duration="00:00:00.2260513" startTime="2024-01-09T15:41:38.2319953+01:00" endTime="2024-01-09T15:41:38.4663707+01:00" testType="13cdc9d9-ddb5-4fa4-a97d-d965ccfc6d4b" outcome="Passed" testListId="8c84fa94-04c1-424b-9868-57a2d4851a1d" relativeResultsDirectory="6968faba-63f3-468d-a104-90bc1ee37ba0" />
    <UnitTestResult executionId="8602508d-278f-4f1b-a52a-00d2b3132c32" testId="5901b859-8c35-d7a1-4b20-7aa832e2b2ac" testName="ArrangeOverride_1child_EnoughSpace_NotShrunk" computerName="DKSR-EFI-06" duration="00:00:00.0100858" startTime="2024-01-09T15:41:17.7006650+01:00" endTime="2024-01-09T15:41:17.7162904+01:00" testType="13cdc9d9-ddb5-4fa4-a97d-d965ccfc6d4b" outcome="Passed" testListId="8c84fa94-04c1-424b-9868-57a2d4851a1d" relativeResultsDirectory="8602508d-278f-4f1b-a52a-00d2b3132c32" />
    <UnitTestResult executionId="70c79cc3-8087-4042-abf9-dfc876101ded" testId="e7fe4176-e00b-74b7-50f4-595529010ad0" testName="DeleteTileThrowsIfTileNotInBox" computerName="DKSR-EFI-06" duration="00:00:00.0022380" startTime="2024-01-09T15:41:25.6381669+01:00" endTime="2024-01-09T15:41:25.6381669+01:00" testType="13cdc9d9-ddb5-4fa4-a97d-d965ccfc6d4b" outcome="Passed" testListId="8c84fa94-04c1-424b-9868-57a2d4851a1d" relativeResultsDirectory="70c79cc3-8087-4042-abf9-dfc876101ded" />
    <UnitTestResult executionId="40a56da7-9016-4d09-8e08-0be5df1dc53d" testId="08c8c1c6-bdcb-21d2-0325-62806128a803" testName="MouseDown_OverRightRangeBar_RangeMinUpdated" computerName="DKSR-EFI-06" duration="00:00:00.1699072" startTime="2024-01-09T15:41:16.6537892+01:00" endTime="2024-01-09T15:41:16.8256645+01:00" testType="13cdc9d9-ddb5-4fa4-a97d-d965ccfc6d4b" outcome="Passed" testListId="8c84fa94-04c1-424b-9868-57a2d4851a1d" relativeResultsDirectory="40a56da7-9016-4d09-8e08-0be5df1dc53d" />
    <UnitTestResult executionId="d4e44be9-a96e-48ff-a323-129d488b2bbb" testId="661c40ac-bb0a-5c56-01a5-d53b34f19b38" testName="Create_RecycledItemAlreadyBeingReused_Success" computerName="DKSR-EFI-06" duration="00:00:00.0009406" startTime="2024-01-09T15:41:10.4038251+01:00" endTime="2024-01-09T15:41:10.4038251+01:00" testType="13cdc9d9-ddb5-4fa4-a97d-d965ccfc6d4b" outcome="Passed" testListId="8c84fa94-04c1-424b-9868-57a2d4851a1d" relativeResultsDirectory="d4e44be9-a96e-48ff-a323-129d488b2bbb" />
    <UnitTestResult executionId="9434fab0-d743-4642-b5f0-5f5e722714fa" testId="da2d2e18-01f0-acb5-e8f2-d394d1e9d5f0" testName="AuthenticationWindowsDefault_SetProperties_Success" computerName="DKSR-EFI-06" duration="00:00:00.0007638" startTime="2024-01-09T15:41:42.1538855+01:00" endTime="2024-01-09T15:41:42.1538855+01:00" testType="13cdc9d9-ddb5-4fa4-a97d-d965ccfc6d4b" outcome="Passed" testListId="8c84fa94-04c1-424b-9868-57a2d4851a1d" relativeResultsDirectory="9434fab0-d743-4642-b5f0-5f5e722714fa" />
    <UnitTestResult executionId="3f85b084-2480-41b2-b166-5dfe17e382b7" testId="877328ba-697b-0240-60a8-80c7a7d265bf" testName="OnPreviewKeyDown_LeftCtrl_A_SelectAll_Success" computerName="DKSR-EFI-06" duration="00:00:00.2668283" startTime="2024-01-09T15:41:37.9663688+01:00" endTime="2024-01-09T15:41:38.2319953+01:00" testType="13cdc9d9-ddb5-4fa4-a97d-d965ccfc6d4b" outcome="Passed" testListId="8c84fa94-04c1-424b-9868-57a2d4851a1d" relativeResultsDirectory="3f85b084-2480-41b2-b166-5dfe17e382b7" />
    <UnitTestResult executionId="a73b6b79-cc2e-4293-95ff-65e66f35723f" testId="332e199d-ea86-764a-0c78-68ba66fc4ac1" testName="Basic_Functionality_Works" computerName="DKSR-EFI-06" duration="00:00:00.0172672" startTime="2024-01-09T15:41:32.5913411+01:00" endTime="2024-01-09T15:41:32.6069638+01:00" testType="13cdc9d9-ddb5-4fa4-a97d-d965ccfc6d4b" outcome="Passed" testListId="8c84fa94-04c1-424b-9868-57a2d4851a1d" relativeResultsDirectory="a73b6b79-cc2e-4293-95ff-65e66f35723f" />
    <UnitTestResult executionId="9fe2854f-6e77-4241-86dd-2c2a987e65fe" testId="d2336b6f-ec47-a30f-6052-9d509a829189" testName="TestHistoryFileSetter" computerName="DKSR-EFI-06" duration="00:00:00.1083138" startTime="2024-01-09T15:41:42.1695113+01:00" endTime="2024-01-09T15:41:42.2788863+01:00" testType="13cdc9d9-ddb5-4fa4-a97d-d965ccfc6d4b" outcome="Passed" testListId="8c84fa94-04c1-424b-9868-57a2d4851a1d" relativeResultsDirectory="9fe2854f-6e77-4241-86dd-2c2a987e65fe" />
    <UnitTestResult executionId="ab4d09d4-ec91-4c18-8437-f9bfba4082c1" testId="33341dd4-6583-40f9-1eba-1c8c959a3a5e" testName="UpdateFrameworkElementsOverlay_WithChangedFollowDigitalZoom_ShouldUpdateBothLists" computerName="DKSR-EFI-06" duration="00:00:00.0009341" startTime="2024-01-09T15:41:41.4195083+01:00" endTime="2024-01-09T15:41:41.4195083+01:00" testType="13cdc9d9-ddb5-4fa4-a97d-d965ccfc6d4b" outcome="Passed" testListId="8c84fa94-04c1-424b-9868-57a2d4851a1d" relativeResultsDirectory="ab4d09d4-ec91-4c18-8437-f9bfba4082c1" />
    <UnitTestResult executionId="00b3bb87-5292-44e2-85df-8717e69913e8" testId="a9359554-6927-fb85-3830-72d7f8df0ae0" testName="RoundToHour_RoundDown" computerName="DKSR-EFI-06" duration="00:00:00.0013602" startTime="2024-01-09T15:41:33.1069664+01:00" endTime="2024-01-09T15:41:33.1069664+01:00" testType="13cdc9d9-ddb5-4fa4-a97d-d965ccfc6d4b" outcome="Passed" testListId="8c84fa94-04c1-424b-9868-57a2d4851a1d" relativeResultsDirectory="00b3bb87-5292-44e2-85df-8717e69913e8" />
    <UnitTestResult executionId="7d787d0c-2ea4-4e51-b394-d4a9706292e6" testId="3e5839e2-2685-aaaf-8dd6-2d9da7f4f9a8" testName="FormsControlScaledLocationAndSize_AnchorLeftAndTop_150Percent_Scaling" computerName="DKSR-EFI-06" duration="00:00:00.0011029" startTime="2024-01-09T15:41:33.3882222+01:00" endTime="2024-01-09T15:41:33.3882222+01:00" testType="13cdc9d9-ddb5-4fa4-a97d-d965ccfc6d4b" outcome="Passed" testListId="8c84fa94-04c1-424b-9868-57a2d4851a1d" relativeResultsDirectory="7d787d0c-2ea4-4e51-b394-d4a9706292e6" />
    <UnitTestResult executionId="9696df6f-9831-47d0-a959-fa805fa0101d" testId="3625363b-2b2b-2a01-cb9b-b878cc7db25a" testName="MouseDrag_RangeMinOverRangeMax_DataInvariantIsOK" computerName="DKSR-EFI-06" duration="00:00:00.2375281" startTime="2024-01-09T15:41:15.9350393+01:00" endTime="2024-01-09T15:41:16.1694147+01:00" testType="13cdc9d9-ddb5-4fa4-a97d-d965ccfc6d4b" outcome="Passed" testListId="8c84fa94-04c1-424b-9868-57a2d4851a1d" relativeResultsDirectory="9696df6f-9831-47d0-a959-fa805fa0101d" />
    <UnitTestResult executionId="baa83aed-555f-4bf4-816d-5895e9542ea3" testId="b64d692e-2bcf-ef81-2204-4e384a726323" testName="GetBoolValueOrDefault_WrongKeyValue_DefaultValueReturned" computerName="DKSR-EFI-06" duration="00:00:00.0006747" startTime="2024-01-09T15:41:41.6382608+01:00" endTime="2024-01-09T15:41:41.6382608+01:00" testType="13cdc9d9-ddb5-4fa4-a97d-d965ccfc6d4b" outcome="Passed" testListId="8c84fa94-04c1-424b-9868-57a2d4851a1d" relativeResultsDirectory="baa83aed-555f-4bf4-816d-5895e9542ea3" />
    <UnitTestResult executionId="fa06751d-fcf1-4a25-8811-140e2835abcb" testId="4976d7df-aa75-dba7-69e7-9402402b4c8e" testName="GetThumbDependOnTheCamId" computerName="DKSR-EFI-06" duration="00:00:00.0004627" startTime="2024-01-09T15:41:24.8412925+01:00" endTime="2024-01-09T15:41:24.8412925+01:00" testType="13cdc9d9-ddb5-4fa4-a97d-d965ccfc6d4b" outcome="Passed" testListId="8c84fa94-04c1-424b-9868-57a2d4851a1d" relativeResultsDirectory="fa06751d-fcf1-4a25-8811-140e2835abcb" />
    <UnitTestResult executionId="bd90d7c8-b926-48dd-b783-bb948d2ec3f0" testId="704cc4f9-442e-9c30-b5d7-b60631e124cf" testName="Constructor_ShouldCreateTreeOfDepth2_WhenUnitsHaveGrandparent" computerName="DKSR-EFI-06" duration="00:00:00.0056424" startTime="2024-01-09T15:41:10.2807472+01:00" endTime="2024-01-09T15:41:10.2944031+01:00" testType="13cdc9d9-ddb5-4fa4-a97d-d965ccfc6d4b" outcome="Passed" testListId="8c84fa94-04c1-424b-9868-57a2d4851a1d" relativeResultsDirectory="bd90d7c8-b926-48dd-b783-bb948d2ec3f0" />
    <UnitTestResult executionId="1f965cce-25e8-4e06-b416-dad6f226cdf1" testId="2d512390-4feb-0be5-34ad-eaab831bb98b" testName="AddRange_FewItems_SuccessWithSingleNotification" computerName="DKSR-EFI-06" duration="00:00:00.0035086" startTime="2024-01-09T15:41:41.2163864+01:00" endTime="2024-01-09T15:41:41.2163864+01:00" testType="13cdc9d9-ddb5-4fa4-a97d-d965ccfc6d4b" outcome="Passed" testListId="8c84fa94-04c1-424b-9868-57a2d4851a1d" relativeResultsDirectory="1f965cce-25e8-4e06-b416-dad6f226cdf1" />
    <UnitTestResult executionId="d635143e-7952-4c0f-a6f5-348a55350c97" testId="77b841d2-c43a-4070-249a-23480e6bd29c" testName="MouseDrag_RangeMaxLessRangeMin_DataInvariantIsOK" computerName="DKSR-EFI-06" duration="00:00:00.1357807" startTime="2024-01-09T15:41:16.1694147+01:00" endTime="2024-01-09T15:41:16.3100411+01:00" testType="13cdc9d9-ddb5-4fa4-a97d-d965ccfc6d4b" outcome="Passed" testListId="8c84fa94-04c1-424b-9868-57a2d4851a1d" relativeResultsDirectory="d635143e-7952-4c0f-a6f5-348a55350c97" />
    <UnitTestResult executionId="93cfccdb-a0a6-4ef4-9824-565604fc728d" testId="93b7908d-50df-6acc-b081-9e999fed499f" testName="StartServerStates_TimeoutException_WithCustomLogger_DoubledSleepDuration" computerName="DKSR-EFI-06" duration="00:00:00.0035049" startTime="2024-01-09T15:41:42.0601382+01:00" endTime="2024-01-09T15:41:42.0601382+01:00" testType="13cdc9d9-ddb5-4fa4-a97d-d965ccfc6d4b" outcome="Passed" testListId="8c84fa94-04c1-424b-9868-57a2d4851a1d" relativeResultsDirectory="93cfccdb-a0a6-4ef4-9824-565604fc728d" />
    <UnitTestResult executionId="a7c5f806-0a5b-40d9-b148-88408c7c7255" testId="a295235b-bf9f-1e32-c688-419c5d57596e" testName="SequenceEqualIgnoreOrder_EqualCollections_IgnoreOrder_SymmetricalTrueResult" computerName="DKSR-EFI-06" duration="00:00:00.0003333" startTime="2024-01-09T15:41:32.9663427+01:00" endTime="2024-01-09T15:41:32.9663427+01:00" testType="13cdc9d9-ddb5-4fa4-a97d-d965ccfc6d4b" outcome="Passed" testListId="8c84fa94-04c1-424b-9868-57a2d4851a1d" relativeResultsDirectory="a7c5f806-0a5b-40d9-b148-88408c7c7255" />
    <UnitTestResult executionId="132b99f8-0da9-4711-b338-d3adacc42226" testId="f106274d-5d2d-5f08-6dad-6f5b4c7e2e4c" testName="OkEditTileEditsTile" computerName="DKSR-EFI-06" duration="00:00:00.0027870" startTime="2024-01-09T15:41:25.7319197+01:00" endTime="2024-01-09T15:41:25.7319197+01:00" testType="13cdc9d9-ddb5-4fa4-a97d-d965ccfc6d4b" outcome="Passed" testListId="8c84fa94-04c1-424b-9868-57a2d4851a1d" relativeResultsDirectory="132b99f8-0da9-4711-b338-d3adacc42226" />
    <UnitTestResult executionId="e70b3fbc-6cef-4e23-9b12-421013a926be" testId="b8abe570-968b-bdd1-9711-285d9d0a6ba1" testName="Changing_Items_In_The_Middle_Works" computerName="DKSR-EFI-06" duration="00:00:00.0016783" startTime="2024-01-09T15:41:32.6382158+01:00" endTime="2024-01-09T15:41:32.6382158+01:00" testType="13cdc9d9-ddb5-4fa4-a97d-d965ccfc6d4b" outcome="Passed" testListId="8c84fa94-04c1-424b-9868-57a2d4851a1d" relativeResultsDirectory="e70b3fbc-6cef-4e23-9b12-421013a926be" />
    <UnitTestResult executionId="a21ee2e6-1db5-4140-b20d-87d6761a50e5" testId="7382cb68-b8fd-71d6-f26a-53d5017fec14" testName="StartCameraStates_ThreadInterruptException_DoubledSleepDuration" computerName="DKSR-EFI-06" duration="00:00:00.0020685" startTime="2024-01-09T15:41:42.0132617+01:00" endTime="2024-01-09T15:41:42.0288857+01:00" testType="13cdc9d9-ddb5-4fa4-a97d-d965ccfc6d4b" outcome="Passed" testListId="8c84fa94-04c1-424b-9868-57a2d4851a1d" relativeResultsDirectory="a21ee2e6-1db5-4140-b20d-87d6761a50e5" />
    <UnitTestResult executionId="2d7e0014-6933-4ddb-851d-9ed3887c38b9" testId="9bbc1906-5daa-9c01-5fbd-04abcb77a4b4" testName="SelectManyOrdered" computerName="DKSR-EFI-06" duration="00:00:00.0258670" startTime="2024-01-09T15:41:32.8882185+01:00" endTime="2024-01-09T15:41:32.9194683+01:00" testType="13cdc9d9-ddb5-4fa4-a97d-d965ccfc6d4b" outcome="Passed" testListId="8c84fa94-04c1-424b-9868-57a2d4851a1d" relativeResultsDirectory="2d7e0014-6933-4ddb-851d-9ed3887c38b9" />
    <UnitTestResult executionId="c655d655-5691-443d-a394-24bb26f279f5" testId="2f93e454-b30c-a78b-d137-5d738935ef23" testName="AllowUnsecureConnection_ShouldBeFalse_WhenAllowUnsecureIsInvalid" computerName="DKSR-EFI-06" duration="00:00:00.0019989" startTime="2024-01-09T15:41:42.2945145+01:00" endTime="2024-01-09T15:41:42.2945145+01:00" testType="13cdc9d9-ddb5-4fa4-a97d-d965ccfc6d4b" outcome="Passed" testListId="8c84fa94-04c1-424b-9868-57a2d4851a1d" relativeResultsDirectory="c655d655-5691-443d-a394-24bb26f279f5" />
    <UnitTestResult executionId="caa65959-1c5e-4a7a-8de4-acae27c29690" testId="f8481245-447a-5b32-a26f-ec1feabc1ee3" testName="ItemHolder_MouseClick_Success" computerName="DKSR-EFI-06" duration="00:00:00.2484518" startTime="2024-01-09T15:41:34.8882275+01:00" endTime="2024-01-09T15:41:35.1382391+01:00" testType="13cdc9d9-ddb5-4fa4-a97d-d965ccfc6d4b" outcome="Passed" testListId="8c84fa94-04c1-424b-9868-57a2d4851a1d" relativeResultsDirectory="caa65959-1c5e-4a7a-8de4-acae27c29690" />
    <UnitTestResult executionId="3301aa2d-9380-44ef-a3f4-71d946ce1c06" testId="4a077e12-b64a-edfe-3b33-7ee47b81322b" testName="SaveToFile_ShouldNotSaveAllowUnsecureConnection_WhenAllowUnsecureSetToFalse" computerName="DKSR-EFI-06" duration="00:00:00.0032569" startTime="2024-01-09T15:41:42.3726806+01:00" endTime="2024-01-09T15:41:42.3726806+01:00" testType="13cdc9d9-ddb5-4fa4-a97d-d965ccfc6d4b" outcome="Passed" testListId="8c84fa94-04c1-424b-9868-57a2d4851a1d" relativeResultsDirectory="3301aa2d-9380-44ef-a3f4-71d946ce1c06" />
    <UnitTestResult executionId="2aadc6f0-6c0a-4c60-8d0b-89bb26c77ab4" testId="8f9aaf67-4846-3c14-9893-fd9a67976dbd" testName="TryCreateUri_ShouldReturnValidUri_WhenInputIsRelativeUri" computerName="DKSR-EFI-06" duration="00:00:00.0004084" startTime="2024-01-09T15:41:33.0444674+01:00" endTime="2024-01-09T15:41:33.0444674+01:00" testType="13cdc9d9-ddb5-4fa4-a97d-d965ccfc6d4b" outcome="Passed" testListId="8c84fa94-04c1-424b-9868-57a2d4851a1d" relativeResultsDirectory="2aadc6f0-6c0a-4c60-8d0b-89bb26c77ab4" />
    <UnitTestResult executionId="72f76cd0-77ce-42fe-b3ba-c3054aeac93a" testId="853fc9d6-6db1-9e50-13df-6a1ab3128380" testName="Clear_NoCleanupTimerRunning_Success" computerName="DKSR-EFI-06" duration="00:00:00.0003321" startTime="2024-01-09T15:41:10.4038251+01:00" endTime="2024-01-09T15:41:10.4038251+01:00" testType="13cdc9d9-ddb5-4fa4-a97d-d965ccfc6d4b" outcome="Passed" testListId="8c84fa94-04c1-424b-9868-57a2d4851a1d" relativeResultsDirectory="72f76cd0-77ce-42fe-b3ba-c3054aeac93a" />
    <UnitTestResult executionId="3efbb33f-dd6e-40d9-9959-97ea5464fcbc" testId="669c2664-9e93-7539-3901-e5233189df70" testName="Convert_ShouldReturnGreaterThanString_WhenValueIsGreaterThanThreshold" computerName="DKSR-EFI-06" duration="00:00:00.0004733" startTime="2024-01-09T15:41:33.4350951+01:00" endTime="2024-01-09T15:41:33.4350951+01:00" testType="13cdc9d9-ddb5-4fa4-a97d-d965ccfc6d4b" outcome="Passed" testListId="8c84fa94-04c1-424b-9868-57a2d4851a1d" relativeResultsDirectory="3efbb33f-dd6e-40d9-9959-97ea5464fcbc" />
    <UnitTestResult executionId="edcc30a6-83ca-415b-8c95-f541ecdee3fb" testId="e0165201-5cdb-4323-41c0-fe10a5054fb9" testName="ToastsCanLeaveQueue_Success" computerName="DKSR-EFI-06" duration="00:00:00.0154251" startTime="2024-01-09T15:41:33.7007222+01:00" endTime="2024-01-09T15:41:33.7163481+01:00" testType="13cdc9d9-ddb5-4fa4-a97d-d965ccfc6d4b" outcome="Passed" testListId="8c84fa94-04c1-424b-9868-57a2d4851a1d" relativeResultsDirectory="edcc30a6-83ca-415b-8c95-f541ecdee3fb" />
    <UnitTestResult executionId="bf9cb9de-7559-491b-a544-667ffb597ce9" testId="6993f887-a58d-8b2d-0d37-9a2f5f848573" testName="DeleteTileDeletesIfTileIsInListBox" computerName="DKSR-EFI-06" duration="00:00:00.2475910" startTime="2024-01-09T15:41:25.3881705+01:00" endTime="2024-01-09T15:41:25.6381669+01:00" testType="13cdc9d9-ddb5-4fa4-a97d-d965ccfc6d4b" outcome="Passed" testListId="8c84fa94-04c1-424b-9868-57a2d4851a1d" relativeResultsDirectory="bf9cb9de-7559-491b-a544-667ffb597ce9" />
    <UnitTestResult executionId="ac3d319e-e8e8-45ec-9aa2-4dc2db231231" testId="35804b06-11f8-fb19-7cd9-4b5182d944a6" testName="TestTest" computerName="DKSR-EFI-06" duration="00:00:00.0715070" startTime="2024-01-09T15:41:08.9662749+01:00" endTime="2024-01-09T15:41:09.0287752+01:00" testType="13cdc9d9-ddb5-4fa4-a97d-d965ccfc6d4b" outcome="Passed" testListId="8c84fa94-04c1-424b-9868-57a2d4851a1d" relativeResultsDirectory="ac3d319e-e8e8-45ec-9aa2-4dc2db231231" />
    <UnitTestResult executionId="ae5697a1-e20c-4914-a0ce-faea35195a2f" testId="28408d30-8448-8f9c-b04c-e7779e7625cc" testName="DragDrop_RangeMinOverRangeMax_RangeEditDisplayed" computerName="DKSR-EFI-06" duration="00:00:00.1156448" startTime="2024-01-09T15:41:17.1694156+01:00" endTime="2024-01-09T15:41:17.2787896+01:00" testType="13cdc9d9-ddb5-4fa4-a97d-d965ccfc6d4b" outcome="Passed" testListId="8c84fa94-04c1-424b-9868-57a2d4851a1d" relativeResultsDirectory="ae5697a1-e20c-4914-a0ce-faea35195a2f" />
    <UnitTestResult executionId="6f6825db-575a-4571-9e6c-d3ab51068209" testId="fea21907-a26b-6132-ad20-d11fecd505f7" testName="Ctor_DurationTimeSpanMax_DoesNotCrash" computerName="DKSR-EFI-06" duration="00:00:00.0001883" startTime="2024-01-09T15:41:33.4975949+01:00" endTime="2024-01-09T15:41:33.4975949+01:00" testType="13cdc9d9-ddb5-4fa4-a97d-d965ccfc6d4b" outcome="Passed" testListId="8c84fa94-04c1-424b-9868-57a2d4851a1d" relativeResultsDirectory="6f6825db-575a-4571-9e6c-d3ab51068209" />
    <UnitTestResult executionId="2abafa89-f1f8-40c4-942c-de63181ee9f2" testId="bff954f8-e2d5-b0a0-fd97-8dd0ad93ed5a" testName="ExtensionInvokeTest" computerName="DKSR-EFI-06" duration="00:00:00.0881789" startTime="2024-01-09T15:41:08.6068985+01:00" endTime="2024-01-09T15:41:08.6850301+01:00" testType="13cdc9d9-ddb5-4fa4-a97d-d965ccfc6d4b" outcome="Passed" testListId="8c84fa94-04c1-424b-9868-57a2d4851a1d" relativeResultsDirectory="2abafa89-f1f8-40c4-942c-de63181ee9f2" />
    <UnitTestResult executionId="e26e883a-bf16-4651-99aa-5223f2a0dfe0" testId="6e65f41d-fe2d-ee70-9028-5945410fb292" testName="GetStringValueOrDefault_WrongKeyValue_DefaultValueReturned" computerName="DKSR-EFI-06" duration="00:00:00.0002005" startTime="2024-01-09T15:41:41.6226357+01:00" endTime="2024-01-09T15:41:41.6226357+01:00" testType="13cdc9d9-ddb5-4fa4-a97d-d965ccfc6d4b" outcome="Passed" testListId="8c84fa94-04c1-424b-9868-57a2d4851a1d" relativeResultsDirectory="e26e883a-bf16-4651-99aa-5223f2a0dfe0" />
    <UnitTestResult executionId="6bbc18a9-aaae-47f7-8f45-1fef42f9ee1f" testId="800a71d5-fd75-b55e-d8d0-21c57915ee72" testName="DragRangeMin_NotifyInvoked_Success" computerName="DKSR-EFI-06" duration="00:00:03.0448459" startTime="2024-01-09T15:41:12.3725363+01:00" endTime="2024-01-09T15:41:15.4194125+01:00" testType="13cdc9d9-ddb5-4fa4-a97d-d965ccfc6d4b" outcome="Passed" testListId="8c84fa94-04c1-424b-9868-57a2d4851a1d" relativeResultsDirectory="6bbc18a9-aaae-47f7-8f45-1fef42f9ee1f" />
    <UnitTestResult executionId="61e5d2cf-7472-46e4-a011-1ee613fb5631" testId="16d4258e-743c-71b8-441e-da9ab5d1a655" testName="SequenceEquals_DifferentlySizedCollections_IgnoreOrder_SymmetricalFalseResult" computerName="DKSR-EFI-06" duration="00:00:00.0002932" startTime="2024-01-09T15:41:32.5600895+01:00" endTime="2024-01-09T15:41:32.5600895+01:00" testType="13cdc9d9-ddb5-4fa4-a97d-d965ccfc6d4b" outcome="Passed" testListId="8c84fa94-04c1-424b-9868-57a2d4851a1d" relativeResultsDirectory="61e5d2cf-7472-46e4-a011-1ee613fb5631" />
    <UnitTestResult executionId="92e565af-aee8-4a25-8acf-da2d370d54b3" testId="0cb85e0d-e620-5ffd-3a6f-c0a03dbcffb6" testName="ShowDialogScaledHorizontalCenter_EnsureWithinScreen_100Percent_Scaling" computerName="DKSR-EFI-06" duration="00:00:00.0076979" startTime="2024-01-09T15:41:33.2007181+01:00" endTime="2024-01-09T15:41:33.2007181+01:00" testType="13cdc9d9-ddb5-4fa4-a97d-d965ccfc6d4b" outcome="Passed" testListId="8c84fa94-04c1-424b-9868-57a2d4851a1d" relativeResultsDirectory="92e565af-aee8-4a25-8acf-da2d370d54b3" />
    <UnitTestResult executionId="acb83609-6b4c-4357-a32c-d4c08274b477" testId="4ddfc6a2-cba3-9569-714c-b24431bc49c1" testName="DrawControl_ReapplyTemplate_Success" computerName="DKSR-EFI-06" duration="00:00:00.1049927" startTime="2024-01-09T15:41:15.5756626+01:00" endTime="2024-01-09T15:41:15.6694125+01:00" testType="13cdc9d9-ddb5-4fa4-a97d-d965ccfc6d4b" outcome="Passed" testListId="8c84fa94-04c1-424b-9868-57a2d4851a1d" relativeResultsDirectory="acb83609-6b4c-4357-a32c-d4c08274b477" />
    <UnitTestResult executionId="bf5906db-d9e4-4742-a9d5-dfd9bc9cd34d" testId="ac7da09a-9c21-96d1-0628-e57364e271db" testName="ClearUnsecureConnectionAllowedForUser_ShouldRemoveAllowUnsecureConnectionsNode_WhenAllUsersAreRemoved" computerName="DKSR-EFI-06" duration="00:00:00.0030028" startTime="2024-01-09T15:41:42.4195132+01:00" endTime="2024-01-09T15:41:42.4351379+01:00" testType="13cdc9d9-ddb5-4fa4-a97d-d965ccfc6d4b" outcome="Passed" testListId="8c84fa94-04c1-424b-9868-57a2d4851a1d" relativeResultsDirectory="bf5906db-d9e4-4742-a9d5-dfd9bc9cd34d" />
    <UnitTestResult executionId="f57a7170-5c4d-4254-adbf-dc67924ad460" testId="8c18207a-4a3c-8ee5-7129-6f35cbcaea2a" testName="GetRoundRectangle_Success" computerName="DKSR-EFI-06" duration="00:00:00.0156105" startTime="2024-01-09T15:41:33.7632230+01:00" endTime="2024-01-09T15:41:33.7788464+01:00" testType="13cdc9d9-ddb5-4fa4-a97d-d965ccfc6d4b" outcome="Passed" testListId="8c84fa94-04c1-424b-9868-57a2d4851a1d" relativeResultsDirectory="f57a7170-5c4d-4254-adbf-dc67924ad460" />
    <UnitTestResult executionId="f4d3cd75-67eb-4769-a08c-3bdaf43e071a" testId="5edfc052-b48b-6806-a4fa-422f55aeb664" testName="StartServerStates_TimeoutException_DoubledSleepDuration" computerName="DKSR-EFI-06" duration="00:00:00.0062426" startTime="2024-01-09T15:41:42.0288857+01:00" endTime="2024-01-09T15:41:42.0445105+01:00" testType="13cdc9d9-ddb5-4fa4-a97d-d965ccfc6d4b" outcome="Passed" testListId="8c84fa94-04c1-424b-9868-57a2d4851a1d" relativeResultsDirectory="f4d3cd75-67eb-4769-a08c-3bdaf43e071a" />
    <UnitTestResult executionId="4ddbed47-440f-480f-a5a8-63c694a997cc" testId="f9581051-4325-f7fc-7cc2-b7b62afe7956" testName="MeasureOverride_NoChildEnoughSpace_NotShrunk" computerName="DKSR-EFI-06" duration="00:00:00.0130082" startTime="2024-01-09T15:41:17.6537895+01:00" endTime="2024-01-09T15:41:17.6694186+01:00" testType="13cdc9d9-ddb5-4fa4-a97d-d965ccfc6d4b" outcome="Passed" testListId="8c84fa94-04c1-424b-9868-57a2d4851a1d" relativeResultsDirectory="4ddbed47-440f-480f-a5a8-63c694a997cc" />
    <UnitTestResult executionId="c5b6c75e-6e80-4d5c-b694-8ffe597ff7c9" testId="4d866a2f-8988-0d70-b30c-379e46401f2f" testName="Ctor_CreateAndClose_Success" computerName="DKSR-EFI-06" duration="00:00:00.1380786" startTime="2024-01-09T15:41:33.4975949+01:00" endTime="2024-01-09T15:41:33.6382213+01:00" testType="13cdc9d9-ddb5-4fa4-a97d-d965ccfc6d4b" outcome="Passed" testListId="8c84fa94-04c1-424b-9868-57a2d4851a1d" relativeResultsDirectory="c5b6c75e-6e80-4d5c-b694-8ffe597ff7c9" />
    <UnitTestResult executionId="65cb7cd0-10e6-4e93-af17-5382ddc031fd" testId="e5e8af21-71fb-6408-e3b9-cb39965b660d" testName="StartCameraStates_CommunicationException_DoubledSleepDuration" computerName="DKSR-EFI-06" duration="00:00:00.0065354" startTime="2024-01-09T15:41:41.9976355+01:00" endTime="2024-01-09T15:41:41.9976355+01:00" testType="13cdc9d9-ddb5-4fa4-a97d-d965ccfc6d4b" outcome="Passed" testListId="8c84fa94-04c1-424b-9868-57a2d4851a1d" relativeResultsDirectory="65cb7cd0-10e6-4e93-af17-5382ddc031fd" />
    <UnitTestResult executionId="519c0396-35b9-456f-859a-d9127aa62e3a" testId="a157e23c-b861-4296-80a4-584edfe004e0" testName="ChangeRangeMax_LowerThanRangeMin_StopAtRangeMin" computerName="DKSR-EFI-06" duration="00:00:00.0029406" startTime="2024-01-09T15:41:15.4194125+01:00" endTime="2024-01-09T15:41:15.4350386+01:00" testType="13cdc9d9-ddb5-4fa4-a97d-d965ccfc6d4b" outcome="Passed" testListId="8c84fa94-04c1-424b-9868-57a2d4851a1d" relativeResultsDirectory="519c0396-35b9-456f-859a-d9127aa62e3a" />
    <UnitTestResult executionId="d5a19112-87eb-4ce6-83ce-45f7cbe306da" testId="4f39f42c-bd61-1d3b-a9d4-94ed188e9ad5" testName="SequenceEqualIgnoreOrder_NullCollection_IgnoreOrder_FalseResult" computerName="DKSR-EFI-06" duration="00:00:00.0001952" startTime="2024-01-09T15:41:32.9819654+01:00" endTime="2024-01-09T15:41:32.9819654+01:00" testType="13cdc9d9-ddb5-4fa4-a97d-d965ccfc6d4b" outcome="Passed" testListId="8c84fa94-04c1-424b-9868-57a2d4851a1d" relativeResultsDirectory="d5a19112-87eb-4ce6-83ce-45f7cbe306da" />
    <UnitTestResult executionId="97e45e49-29af-49bc-9af0-65e79fd69dd3" testId="ce44940c-50be-b7ab-4e00-61b9f154d25c" testName="RangeSingleEdit_EnterLargeNumber_EditFieldAutosizedAndCentered" computerName="DKSR-EFI-06" duration="00:00:00.1589544" startTime="2024-01-09T15:41:17.2944152+01:00" endTime="2024-01-09T15:41:17.4506651+01:00" testType="13cdc9d9-ddb5-4fa4-a97d-d965ccfc6d4b" outcome="Passed" testListId="8c84fa94-04c1-424b-9868-57a2d4851a1d" relativeResultsDirectory="97e45e49-29af-49bc-9af0-65e79fd69dd3" />
    <UnitTestResult executionId="a1a36a6c-24ac-4c29-9a5c-56edc02233df" testId="f335010e-9fe4-33d4-3df2-9a2fa868a446" testName="Ctor_Success" computerName="DKSR-EFI-06" duration="00:00:00.0457034" startTime="2024-01-09T15:41:33.9975963+01:00" endTime="2024-01-09T15:41:34.0444748+01:00" testType="13cdc9d9-ddb5-4fa4-a97d-d965ccfc6d4b" outcome="Passed" testListId="8c84fa94-04c1-424b-9868-57a2d4851a1d" relativeResultsDirectory="a1a36a6c-24ac-4c29-9a5c-56edc02233df" />
    <UnitTestResult executionId="5d0e608d-cabc-4b8a-af1f-dd698e7dca64" testId="6dd090ae-0423-7a7c-d8df-35146cee22d9" testName="ExpirationTimerOnTick_ToastExpired_Success" computerName="DKSR-EFI-06" duration="00:00:00.0006032" startTime="2024-01-09T15:41:33.4975949+01:00" endTime="2024-01-09T15:41:33.4975949+01:00" testType="13cdc9d9-ddb5-4fa4-a97d-d965ccfc6d4b" outcome="Passed" testListId="8c84fa94-04c1-424b-9868-57a2d4851a1d" relativeResultsDirectory="5d0e608d-cabc-4b8a-af1f-dd698e7dca64" />
    <UnitTestResult executionId="8eb1e2d0-1ae3-4b9a-a824-e5ef7aa98a09" testId="75ddff72-1da7-7256-0e4d-9208c0d7b717" testName="OnPreviewKeyDown_Down_Success" computerName="DKSR-EFI-06" duration="00:00:00.2007993" startTime="2024-01-09T15:41:35.6851089+01:00" endTime="2024-01-09T15:41:35.8882321+01:00" testType="13cdc9d9-ddb5-4fa4-a97d-d965ccfc6d4b" outcome="Passed" testListId="8c84fa94-04c1-424b-9868-57a2d4851a1d" relativeResultsDirectory="8eb1e2d0-1ae3-4b9a-a824-e5ef7aa98a09" />
    <UnitTestResult executionId="2865b8bc-5934-4144-b895-385ae854d024" testId="7afa246b-f4b2-fc5f-fe61-fe719713919d" testName="TileLayout_MouseOver_BorderBrushUpdated" computerName="DKSR-EFI-06" duration="00:00:00.0167877" startTime="2024-01-09T15:41:33.9038487+01:00" endTime="2024-01-09T15:41:33.9194736+01:00" testType="13cdc9d9-ddb5-4fa4-a97d-d965ccfc6d4b" outcome="Passed" testListId="8c84fa94-04c1-424b-9868-57a2d4851a1d" relativeResultsDirectory="2865b8bc-5934-4144-b895-385ae854d024" />
    <UnitTestResult executionId="e0b9760b-5675-443d-adce-082c5c026404" testId="d326e466-8fe4-d29b-9b6b-a9886d65bce4" testName="GetStates_NoSessionStarted_NewSession" computerName="DKSR-EFI-06" duration="00:00:00.0016814" startTime="2024-01-09T15:41:42.1070110+01:00" endTime="2024-01-09T15:41:42.1070110+01:00" testType="13cdc9d9-ddb5-4fa4-a97d-d965ccfc6d4b" outcome="Passed" testListId="8c84fa94-04c1-424b-9868-57a2d4851a1d" relativeResultsDirectory="e0b9760b-5675-443d-adce-082c5c026404" />
    <UnitTestResult executionId="4f02a516-fc74-4224-a0f8-5cb003232b1d" testId="a22bf289-0878-e3c5-33fd-766102ec1be1" testName="TimerOnElapsed_MaxIdleTimeNotReached_CleanupNotPerformed" computerName="DKSR-EFI-06" duration="00:00:00.0007280" startTime="2024-01-09T15:41:10.4038251+01:00" endTime="2024-01-09T15:41:10.4038251+01:00" testType="13cdc9d9-ddb5-4fa4-a97d-d965ccfc6d4b" outcome="Passed" testListId="8c84fa94-04c1-424b-9868-57a2d4851a1d" relativeResultsDirectory="4f02a516-fc74-4224-a0f8-5cb003232b1d" />
    <UnitTestResult executionId="c688cec3-9bfa-41ce-b1a2-1b5ca2432cae" testId="732023ed-2a84-ce2e-e7c1-285eeae1c920" testName="OnPreviewKeyDown_LeftCtrl_A_UnselectAll_Success" computerName="DKSR-EFI-06" duration="00:00:00.2259567" startTime="2024-01-09T15:41:38.4663707+01:00" endTime="2024-01-09T15:41:38.6851257+01:00" testType="13cdc9d9-ddb5-4fa4-a97d-d965ccfc6d4b" outcome="Passed" testListId="8c84fa94-04c1-424b-9868-57a2d4851a1d" relativeResultsDirectory="c688cec3-9bfa-41ce-b1a2-1b5ca2432cae" />
    <UnitTestResult executionId="fa5a8a19-aaf8-4c25-9191-92d69e96b055" testId="5791d93f-2ea0-ebcc-a300-0da5e771609b" testName="TryCreateUri_ShouldReturnValidUriWithHttps_WhenInputIsRelativeUriAndNoCustomFallbackSchemeProvided" computerName="DKSR-EFI-06" duration="00:00:00.0004464" startTime="2024-01-09T15:41:33.0444674+01:00" endTime="2024-01-09T15:41:33.0444674+01:00" testType="13cdc9d9-ddb5-4fa4-a97d-d965ccfc6d4b" outcome="Passed" testListId="8c84fa94-04c1-424b-9868-57a2d4851a1d" relativeResultsDirectory="fa5a8a19-aaf8-4c25-9191-92d69e96b055" />
    <UnitTestResult executionId="b445c75d-6030-4759-99ee-eb6ab3cbee2c" testId="ce743239-1b20-9584-c28b-8dc6a59dc3bb" testName="IsUnsecureConnectionAllowedForUser_ShouldReturnFalse_WhenNoUser" computerName="DKSR-EFI-06" duration="00:00:00.0005928" startTime="2024-01-09T15:41:42.4038872+01:00" endTime="2024-01-09T15:41:42.4038872+01:00" testType="13cdc9d9-ddb5-4fa4-a97d-d965ccfc6d4b" outcome="Passed" testListId="8c84fa94-04c1-424b-9868-57a2d4851a1d" relativeResultsDirectory="b445c75d-6030-4759-99ee-eb6ab3cbee2c" />
    <UnitTestResult executionId="72cd7ee4-a574-4ac7-a5e6-5b7602b0b6e4" testId="107b14c3-6a21-48da-a917-3a863ef45b45" testName="Constructor_StateSessionHelperFactory_ArgumentNull_Thrown" computerName="DKSR-EFI-06" duration="00:00:00.0005769" startTime="2024-01-09T15:41:42.0913861+01:00" endTime="2024-01-09T15:41:42.0913861+01:00" testType="13cdc9d9-ddb5-4fa4-a97d-d965ccfc6d4b" outcome="Passed" testListId="8c84fa94-04c1-424b-9868-57a2d4851a1d" relativeResultsDirectory="72cd7ee4-a574-4ac7-a5e6-5b7602b0b6e4" />
    <UnitTestResult executionId="752fc0c8-59e9-4a0b-a364-9d99e94efe11" testId="ea980a94-f888-1c61-339c-f499bb9324bc" testName="SetUnsecureConnectionAllowedForUser_ShouldUpdateUser_WhenUserExistsWithDiffetentValue" computerName="DKSR-EFI-06" duration="00:00:00.0014361" startTime="2024-01-09T15:41:42.4507639+01:00" endTime="2024-01-09T15:41:42.4507639+01:00" testType="13cdc9d9-ddb5-4fa4-a97d-d965ccfc6d4b" outcome="Passed" testListId="8c84fa94-04c1-424b-9868-57a2d4851a1d" relativeResultsDirectory="752fc0c8-59e9-4a0b-a364-9d99e94efe11" />
    <UnitTestResult executionId="7b290d69-d100-40bd-99a6-37e13e123b42" testId="0b0e0ad1-c995-9403-bc1c-5f3fb5cc273a" testName="GetBoolValueOrDefault_KeyFound_ValueReturned" computerName="DKSR-EFI-06" duration="00:00:00.0002259" startTime="2024-01-09T15:41:41.6382608+01:00" endTime="2024-01-09T15:41:41.6382608+01:00" testType="13cdc9d9-ddb5-4fa4-a97d-d965ccfc6d4b" outcome="Passed" testListId="8c84fa94-04c1-424b-9868-57a2d4851a1d" relativeResultsDirectory="7b290d69-d100-40bd-99a6-37e13e123b42" />
    <UnitTestResult executionId="14e8b2aa-45e0-4b79-bf4f-b2722d8eb9a6" testId="30702b8e-5ec7-eb10-4c6a-7105f5c77df3" testName="Convert_ShouldReturnEqualOrLessString_WhenValueIsLessThanThreshold" computerName="DKSR-EFI-06" duration="00:00:00.0011646" startTime="2024-01-09T15:41:33.4350951+01:00" endTime="2024-01-09T15:41:33.4350951+01:00" testType="13cdc9d9-ddb5-4fa4-a97d-d965ccfc6d4b" outcome="Passed" testListId="8c84fa94-04c1-424b-9868-57a2d4851a1d" relativeResultsDirectory="14e8b2aa-45e0-4b79-bf4f-b2722d8eb9a6" />
    <UnitTestResult executionId="36e91cbb-5645-41dd-b08c-b9c1f7b59d23" testId="2ee2e56d-59f2-3ef3-a9cd-f2fe65fa91af" testName="Convert_ShouldReturnGreaterThanString_WhenValueIsDoubleValueGreaterThanThreshold" computerName="DKSR-EFI-06" duration="00:00:00.0007974" startTime="2024-01-09T15:41:33.4350951+01:00" endTime="2024-01-09T15:41:33.4507212+01:00" testType="13cdc9d9-ddb5-4fa4-a97d-d965ccfc6d4b" outcome="Passed" testListId="8c84fa94-04c1-424b-9868-57a2d4851a1d" relativeResultsDirectory="36e91cbb-5645-41dd-b08c-b9c1f7b59d23" />
    <UnitTestResult executionId="d258ee8a-d8d3-4e21-b3d8-c3fe9ad44255" testId="ff1a4b6f-649a-7590-b9c5-b466353c43f8" testName="Constructor_BasicUser_ArgumentNull_NotThrown" computerName="DKSR-EFI-06" duration="00:00:00.0011710" startTime="2024-01-09T15:41:41.8570106+01:00" endTime="2024-01-09T15:41:41.8570106+01:00" testType="13cdc9d9-ddb5-4fa4-a97d-d965ccfc6d4b" outcome="Passed" testListId="8c84fa94-04c1-424b-9868-57a2d4851a1d" relativeResultsDirectory="d258ee8a-d8d3-4e21-b3d8-c3fe9ad44255" />
    <UnitTestResult executionId="3637d6b2-c3e5-4112-94f2-c44bfafd3823" testId="62aebf56-249e-bb4c-3c75-70b7badd4f85" testName="MouseHover_OverRangeBarAndThumbs_IsMouseOverRangeBar_IsTrue" computerName="DKSR-EFI-06" duration="00:00:00.1213397" startTime="2024-01-09T15:41:16.4194149+01:00" endTime="2024-01-09T15:41:16.5444151+01:00" testType="13cdc9d9-ddb5-4fa4-a97d-d965ccfc6d4b" outcome="Passed" testListId="8c84fa94-04c1-424b-9868-57a2d4851a1d" relativeResultsDirectory="3637d6b2-c3e5-4112-94f2-c44bfafd3823" />
    <UnitTestResult executionId="63283e90-2b77-44c8-be31-3d53678bbe82" testId="dbce7785-0027-ceda-950a-0631c1c23a9b" testName="GetAllIntersectingTest" computerName="DKSR-EFI-06" duration="00:00:00.0111684" startTime="2024-01-09T15:41:09.2319051+01:00" endTime="2024-01-09T15:41:09.2475279+01:00" testType="13cdc9d9-ddb5-4fa4-a97d-d965ccfc6d4b" outcome="Passed" testListId="8c84fa94-04c1-424b-9868-57a2d4851a1d" relativeResultsDirectory="63283e90-2b77-44c8-be31-3d53678bbe82" />
    <UnitTestResult executionId="834ad4ea-8e36-484e-a8ce-548ee0ba5ddb" testId="f2effcb5-d303-005d-6682-8ccbac2c3bbc" testName="ShowMultipleToasts_Success" computerName="DKSR-EFI-06" duration="00:00:00.0111540" startTime="2024-01-09T15:41:33.6850967+01:00" endTime="2024-01-09T15:41:33.6850967+01:00" testType="13cdc9d9-ddb5-4fa4-a97d-d965ccfc6d4b" outcome="Passed" testListId="8c84fa94-04c1-424b-9868-57a2d4851a1d" relativeResultsDirectory="834ad4ea-8e36-484e-a8ce-548ee0ba5ddb" />
    <UnitTestResult executionId="0efc79cf-ae93-453c-806b-8321155e95a8" testId="91452546-d657-4c1c-6138-277aca7ba885" testName="RoundToMinute_RoundDown" computerName="DKSR-EFI-06" duration="00:00:00.0014901" startTime="2024-01-09T15:41:33.0913432+01:00" endTime="2024-01-09T15:41:33.0913432+01:00" testType="13cdc9d9-ddb5-4fa4-a97d-d965ccfc6d4b" outcome="Passed" testListId="8c84fa94-04c1-424b-9868-57a2d4851a1d" relativeResultsDirectory="0efc79cf-ae93-453c-806b-8321155e95a8" />
    <UnitTestResult executionId="8745186d-9cf7-45b4-81e4-a3125f549b72" testId="1b91abd4-9b99-9dc8-e442-fa99a1f0e332" testName="MouseLeftButtonUp_ShouldReleaseMouseCapture_WhenInvokingSingleClickHandlerDelayed" computerName="DKSR-EFI-06" duration="00:00:00.0034752" startTime="2024-01-09T15:41:41.3726773+01:00" endTime="2024-01-09T15:41:41.3726773+01:00" testType="13cdc9d9-ddb5-4fa4-a97d-d965ccfc6d4b" outcome="Passed" testListId="8c84fa94-04c1-424b-9868-57a2d4851a1d" relativeResultsDirectory="8745186d-9cf7-45b4-81e4-a3125f549b72" />
    <UnitTestResult executionId="b0f2bbfb-99b6-47ba-a318-a4678a697f76" testId="70886465-8a9c-f3a3-e66e-9c4d9f1e425f" testName="TileStateBecomesDefinedIfInputStateIsDefined" computerName="DKSR-EFI-06" duration="00:00:00.0012500" startTime="2024-01-09T15:41:25.8258521+01:00" endTime="2024-01-09T15:41:25.8258521+01:00" testType="13cdc9d9-ddb5-4fa4-a97d-d965ccfc6d4b" outcome="Passed" testListId="8c84fa94-04c1-424b-9868-57a2d4851a1d" relativeResultsDirectory="b0f2bbfb-99b6-47ba-a318-a4678a697f76" />
    <UnitTestResult executionId="670eba36-5cd8-45a7-8acc-4a534f1c9c7f" testId="441a4176-3f9e-7fdb-d742-3ee7574fadc4" testName="TooltipServiceWarning_Failover_LocalAuthorizationError" computerName="DKSR-EFI-06" duration="00:00:00.0004124" startTime="2024-01-09T15:41:41.2632565+01:00" endTime="2024-01-09T15:41:41.2632565+01:00" testType="13cdc9d9-ddb5-4fa4-a97d-d965ccfc6d4b" outcome="Passed" testListId="8c84fa94-04c1-424b-9868-57a2d4851a1d" relativeResultsDirectory="670eba36-5cd8-45a7-8acc-4a534f1c9c7f" />
    <UnitTestResult executionId="9b06c687-694d-4dd1-9a04-afb4110b8b0c" testId="2eb304bc-29a1-e3fc-a1ed-62b709614ba3" testName="FindOptimalTilingCalculatesRowsColumnsAppropriateToTileAndWindowRatioAndWithOptimumNumberOfCells" computerName="DKSR-EFI-06" duration="00:00:00.0253414" startTime="2024-01-09T15:41:25.3412984+01:00" endTime="2024-01-09T15:41:25.3725442+01:00" testType="13cdc9d9-ddb5-4fa4-a97d-d965ccfc6d4b" outcome="Passed" testListId="8c84fa94-04c1-424b-9868-57a2d4851a1d" relativeResultsDirectory="9b06c687-694d-4dd1-9a04-afb4110b8b0c" />
    <UnitTestResult executionId="e90fb01d-8978-4754-9932-d198dc5d40c2" testId="406127ab-b342-e721-d286-823ee31b0fbc" testName="AuthenticationExternal_CopyConstructor_NullBaseAuth_Throws_ArgumentNullException" computerName="DKSR-EFI-06" duration="00:00:00.0006150" startTime="2024-01-09T15:41:42.1695113+01:00" endTime="2024-01-09T15:41:42.1695113+01:00" testType="13cdc9d9-ddb5-4fa4-a97d-d965ccfc6d4b" outcome="Passed" testListId="8c84fa94-04c1-424b-9868-57a2d4851a1d" relativeResultsDirectory="e90fb01d-8978-4754-9932-d198dc5d40c2" />
    <UnitTestResult executionId="9683b638-73bc-4b79-a084-47cf4127d1db" testId="f5caa479-ad8a-fc77-0f9d-b10ee7e2accc" testName="Ctor_NegativeMaxIdleTimeBeforeCleanup_Throws" computerName="DKSR-EFI-06" duration="00:00:00.0097456" startTime="2024-01-09T15:41:10.3256528+01:00" endTime="2024-01-09T15:41:10.3256528+01:00" testType="13cdc9d9-ddb5-4fa4-a97d-d965ccfc6d4b" outcome="Passed" testListId="8c84fa94-04c1-424b-9868-57a2d4851a1d" relativeResultsDirectory="9683b638-73bc-4b79-a084-47cf4127d1db" />
    <UnitTestResult executionId="c87b3f98-1c38-4ede-b5b5-6f42f710a18c" testId="7e8a853c-5510-8468-d824-0047ef588b74" testName="OnPreviewKeyDown_RightAlt_Click_Select_Success" computerName="DKSR-EFI-06" duration="00:00:00.3191047" startTime="2024-01-09T15:41:40.5601328+01:00" endTime="2024-01-09T15:41:40.8882990+01:00" testType="13cdc9d9-ddb5-4fa4-a97d-d965ccfc6d4b" outcome="Passed" testListId="8c84fa94-04c1-424b-9868-57a2d4851a1d" relativeResultsDirectory="c87b3f98-1c38-4ede-b5b5-6f42f710a18c" />
    <UnitTestResult executionId="94ad979b-f8f5-47c1-a5cb-bf87e0be6a39" testId="b5545286-2d51-273f-e678-5706630cef56" testName="Convert_NoAutomationIdAndNoFallback_ReturnsUnsetValue" computerName="DKSR-EFI-06" duration="00:00:00.0033828" startTime="2024-01-09T15:41:10.4194052+01:00" endTime="2024-01-09T15:41:10.4350299+01:00" testType="13cdc9d9-ddb5-4fa4-a97d-d965ccfc6d4b" outcome="Passed" testListId="8c84fa94-04c1-424b-9868-57a2d4851a1d" relativeResultsDirectory="94ad979b-f8f5-47c1-a5cb-bf87e0be6a39" />
    <UnitTestResult executionId="4ed1f7e0-0812-42a2-832b-39da5e207c50" testId="6b82ab31-6a38-fe74-50c1-7d145afb1011" testName="SpinlockHandlerTest" computerName="DKSR-EFI-06" duration="00:00:00.1734837" startTime="2024-01-09T15:41:08.7787756+01:00" endTime="2024-01-09T15:41:08.9662749+01:00" testType="13cdc9d9-ddb5-4fa4-a97d-d965ccfc6d4b" outcome="Passed" testListId="8c84fa94-04c1-424b-9868-57a2d4851a1d" relativeResultsDirectory="4ed1f7e0-0812-42a2-832b-39da5e207c50" />
    <UnitTestResult executionId="9958177b-ddda-470c-a3a3-4fff9f250580" testId="4c2c17d3-0b22-1bad-fc18-dfc6e618f39b" testName="AuthenticationWindows_SetEnabled_Throws_InvalidOperationException" computerName="DKSR-EFI-06" duration="00:00:00.0005531" startTime="2024-01-09T15:41:42.1382606+01:00" endTime="2024-01-09T15:41:42.1382606+01:00" testType="13cdc9d9-ddb5-4fa4-a97d-d965ccfc6d4b" outcome="Passed" testListId="8c84fa94-04c1-424b-9868-57a2d4851a1d" relativeResultsDirectory="9958177b-ddda-470c-a3a3-4fff9f250580" />
    <UnitTestResult executionId="26be95e3-6507-4318-b500-cbd7765e272e" testId="7bd27d81-06b7-0043-ca3b-42b8a3ad840b" testName="Convert_WithMultiplierAndOffset_Success" computerName="DKSR-EFI-06" duration="00:00:00.0002826" startTime="2024-01-09T15:41:10.4662798+01:00" endTime="2024-01-09T15:41:10.4662798+01:00" testType="13cdc9d9-ddb5-4fa4-a97d-d965ccfc6d4b" outcome="Passed" testListId="8c84fa94-04c1-424b-9868-57a2d4851a1d" relativeResultsDirectory="26be95e3-6507-4318-b500-cbd7765e272e" />
    <UnitTestResult executionId="a4e87ff5-a834-4113-a2c5-1b9a157612d7" testId="459463df-7b24-1834-e524-ebc8eb49d9bc" testName="PersistTilesCallsAppropriateMethodsInProvider" computerName="DKSR-EFI-06" duration="00:00:00.0216525" startTime="2024-01-09T15:41:25.6694212+01:00" endTime="2024-01-09T15:41:25.7006711+01:00" testType="13cdc9d9-ddb5-4fa4-a97d-d965ccfc6d4b" outcome="Passed" testListId="8c84fa94-04c1-424b-9868-57a2d4851a1d" relativeResultsDirectory="a4e87ff5-a834-4113-a2c5-1b9a157612d7" />
    <UnitTestResult executionId="70ed78bd-f768-4c3a-883e-d8b9daac9448" testId="ce5d6351-00d4-a4e9-7df0-2fe2199468f7" testName="IsUnsecureConnectionAllowedForUser_ShouldReturnFalse_WhenAllowUnsecureSetToNotDecided" computerName="DKSR-EFI-06" duration="00:00:00.0005401" startTime="2024-01-09T15:41:42.3882602+01:00" endTime="2024-01-09T15:41:42.4038872+01:00" testType="13cdc9d9-ddb5-4fa4-a97d-d965ccfc6d4b" outcome="Passed" testListId="8c84fa94-04c1-424b-9868-57a2d4851a1d" relativeResultsDirectory="70ed78bd-f768-4c3a-883e-d8b9daac9448" />
    <UnitTestResult executionId="22636457-95e0-4e58-a1c6-dea571c12aee" testId="81f8c431-ec3f-72e9-977b-252633de4ae4" testName="Constructor_StateSessionHelper_ArgumentNull_Thrown" computerName="DKSR-EFI-06" duration="00:00:00.0007076" startTime="2024-01-09T15:41:41.7007598+01:00" endTime="2024-01-09T15:41:41.7007598+01:00" testType="13cdc9d9-ddb5-4fa4-a97d-d965ccfc6d4b" outcome="Passed" testListId="8c84fa94-04c1-424b-9868-57a2d4851a1d" relativeResultsDirectory="22636457-95e0-4e58-a1c6-dea571c12aee" />
    <UnitTestResult executionId="44708ff9-e647-41d2-95ad-912c3987552f" testId="09ded2a6-c372-2eb2-ac00-fef2bebd4e6e" testName="TryCreateUri_ShouldReturnValidUri_WhenInputIsAbsoluteUri" computerName="DKSR-EFI-06" duration="00:00:00.0065392" startTime="2024-01-09T15:41:33.0288429+01:00" endTime="2024-01-09T15:41:33.0288429+01:00" testType="13cdc9d9-ddb5-4fa4-a97d-d965ccfc6d4b" outcome="Passed" testListId="8c84fa94-04c1-424b-9868-57a2d4851a1d" relativeResultsDirectory="44708ff9-e647-41d2-95ad-912c3987552f" />
    <UnitTestResult executionId="ae37ed19-12b8-40cd-99fe-02efe8696e00" testId="d6602b74-10ff-8e4a-a599-5e89f61e24aa" testName="DetermineScaledWindowLocationAndSize_AtPosition_100Percent_Scaling" computerName="DKSR-EFI-06" duration="00:00:00.0015941" startTime="2024-01-09T15:41:33.4194704+01:00" endTime="2024-01-09T15:41:33.4194704+01:00" testType="13cdc9d9-ddb5-4fa4-a97d-d965ccfc6d4b" outcome="Passed" testListId="8c84fa94-04c1-424b-9868-57a2d4851a1d" relativeResultsDirectory="ae37ed19-12b8-40cd-99fe-02efe8696e00" />
    <UnitTestResult executionId="1ec1f929-575c-4f77-8023-7665211f693e" testId="0ee94363-92bd-eb3e-d7fb-92ad8f9a8087" testName="GetStates_SessionStarted_NoStates" computerName="DKSR-EFI-06" duration="00:00:00.0012161" startTime="2024-01-09T15:41:41.7007598+01:00" endTime="2024-01-09T15:41:41.7007598+01:00" testType="13cdc9d9-ddb5-4fa4-a97d-d965ccfc6d4b" outcome="Passed" testListId="8c84fa94-04c1-424b-9868-57a2d4851a1d" relativeResultsDirectory="1ec1f929-575c-4f77-8023-7665211f693e" />
    <UnitTestResult executionId="25b484fb-1224-4d82-8fab-0552200116e6" testId="98166cc9-e914-f13d-508c-30c89f0ae058" testName="DismissAllToasts_MultipleToasts_Success" computerName="DKSR-EFI-06" duration="00:00:00.0132500" startTime="2024-01-09T15:41:11.1381556+01:00" endTime="2024-01-09T15:41:11.1381556+01:00" testType="13cdc9d9-ddb5-4fa4-a97d-d965ccfc6d4b" outcome="Passed" testListId="8c84fa94-04c1-424b-9868-57a2d4851a1d" relativeResultsDirectory="25b484fb-1224-4d82-8fab-0552200116e6" />
    <UnitTestResult executionId="a0d480f7-9e8f-459b-83c9-6e97113a610b" testId="17d84dca-08db-1fc3-9f2e-4c3ca40d4597" testName="GetTimeSpanValueOrDefault_WrongKeyValue_DefaultValueReturned" computerName="DKSR-EFI-06" duration="00:00:00.0004245" startTime="2024-01-09T15:41:41.6226357+01:00" endTime="2024-01-09T15:41:41.6226357+01:00" testType="13cdc9d9-ddb5-4fa4-a97d-d965ccfc6d4b" outcome="Passed" testListId="8c84fa94-04c1-424b-9868-57a2d4851a1d" relativeResultsDirectory="a0d480f7-9e8f-459b-83c9-6e97113a610b" />
    <UnitTestResult executionId="b25d71ae-389f-4fec-a251-8013910e56fa" testId="31287f75-c0f1-e036-018c-5c569b7613eb" testName="TickFrequenceSet_GreaterThanMax_ValueValidatedAndUpdated" computerName="DKSR-EFI-06" duration="00:00:00.0025356" startTime="2024-01-09T15:41:15.4506618+01:00" endTime="2024-01-09T15:41:15.4506618+01:00" testType="13cdc9d9-ddb5-4fa4-a97d-d965ccfc6d4b" outcome="Passed" testListId="8c84fa94-04c1-424b-9868-57a2d4851a1d" relativeResultsDirectory="b25d71ae-389f-4fec-a251-8013910e56fa" />
    <UnitTestResult executionId="886d5869-53cc-49b5-a0b2-0a9d6fdc9fe2" testId="b62c4f1d-0c70-3ca6-698f-93042754bfc6" testName="ChangeMaxValue_LessThanMinValue_RangeAndMinValueUpdated" computerName="DKSR-EFI-06" duration="00:00:00.0027173" startTime="2024-01-09T15:41:15.4350386+01:00" endTime="2024-01-09T15:41:15.4350386+01:00" testType="13cdc9d9-ddb5-4fa4-a97d-d965ccfc6d4b" outcome="Passed" testListId="8c84fa94-04c1-424b-9868-57a2d4851a1d" relativeResultsDirectory="886d5869-53cc-49b5-a0b2-0a9d6fdc9fe2" />
    <UnitTestResult executionId="cc65ad4b-302a-417b-a47d-13bc38386ee6" testId="3eb1bfa3-50f3-b918-d5a1-91e494194649" testName="GetImageSource_fallbackImageThrows_ExceptionIsThrown" computerName="DKSR-EFI-06" duration="00:00:00.0011582" startTime="2024-01-09T15:41:32.8882185+01:00" endTime="2024-01-09T15:41:32.8882185+01:00" testType="13cdc9d9-ddb5-4fa4-a97d-d965ccfc6d4b" outcome="Passed" testListId="8c84fa94-04c1-424b-9868-57a2d4851a1d" relativeResultsDirectory="cc65ad4b-302a-417b-a47d-13bc38386ee6" />
    <UnitTestResult executionId="bf414afb-dfb8-48c4-927e-fd4056ab5f8c" testId="af1fb9a2-8a78-6d8f-f175-66671f902a9b" testName="TooltipServiceWarning_EmptyServerType" computerName="DKSR-EFI-06" duration="00:00:00.0012043" startTime="2024-01-09T15:41:41.2476345+01:00" endTime="2024-01-09T15:41:41.2476345+01:00" testType="13cdc9d9-ddb5-4fa4-a97d-d965ccfc6d4b" outcome="Passed" testListId="8c84fa94-04c1-424b-9868-57a2d4851a1d" relativeResultsDirectory="bf414afb-dfb8-48c4-927e-fd4056ab5f8c" />
    <UnitTestResult executionId="977d8e24-c472-44ea-821e-3b19896d7f58" testId="5faaddbc-e454-1cad-1ea4-51f228dc32db" testName="SingleServerMustReturnDisplayNameAsEntityName" computerName="DKSR-EFI-06" duration="00:00:00.1700085" startTime="2024-01-09T15:41:25.8412937+01:00" endTime="2024-01-09T15:41:26.0131688+01:00" testType="13cdc9d9-ddb5-4fa4-a97d-d965ccfc6d4b" outcome="Passed" testListId="8c84fa94-04c1-424b-9868-57a2d4851a1d" relativeResultsDirectory="977d8e24-c472-44ea-821e-3b19896d7f58" />
    <UnitTestResult executionId="e32fcef8-5c64-42c3-aa39-38bc5ec6dd9f" testId="ba4c1a66-a8cb-a425-dd33-a7ca657b44ae" testName="AuthenticationWindows_SetProperties_Success" computerName="DKSR-EFI-06" duration="00:00:00.0007653" startTime="2024-01-09T15:41:42.1538855+01:00" endTime="2024-01-09T15:41:42.1538855+01:00" testType="13cdc9d9-ddb5-4fa4-a97d-d965ccfc6d4b" outcome="Passed" testListId="8c84fa94-04c1-424b-9868-57a2d4851a1d" relativeResultsDirectory="e32fcef8-5c64-42c3-aa39-38bc5ec6dd9f" />
    <UnitTestResult executionId="67cb580b-16d0-4936-9aee-bac4c7e98224" testId="fe19cce5-cc9d-9aa6-e44d-fbae8d8bb129" testName="SmartSearchFilterValue_Serialize_Success" computerName="DKSR-EFI-06" duration="00:00:00.0155384" startTime="2024-01-09T15:41:41.4507591+01:00" endTime="2024-01-09T15:41:41.4663841+01:00" testType="13cdc9d9-ddb5-4fa4-a97d-d965ccfc6d4b" outcome="Passed" testListId="8c84fa94-04c1-424b-9868-57a2d4851a1d" relativeResultsDirectory="67cb580b-16d0-4936-9aee-bac4c7e98224" />
    <UnitTestResult executionId="5a86a0e1-2275-4b43-939d-e436a21ef711" testId="4f94cd28-33c0-a9f8-eb7e-0b5388f1fdc5" testName="TooltipServiceWarning_Failover_SSLError" computerName="DKSR-EFI-06" duration="00:00:00.0005324" startTime="2024-01-09T15:41:41.2632565+01:00" endTime="2024-01-09T15:41:41.2632565+01:00" testType="13cdc9d9-ddb5-4fa4-a97d-d965ccfc6d4b" outcome="Passed" testListId="8c84fa94-04c1-424b-9868-57a2d4851a1d" relativeResultsDirectory="5a86a0e1-2275-4b43-939d-e436a21ef711" />
    <UnitTestResult executionId="795d5311-7da6-4a42-a537-52e9f6247ebe" testId="50b702b0-e703-363d-0b04-619370ec937b" testName="AllowUnsecureConnection_ShouldBeTrue_WhenNoServerEntryButUserExists" computerName="DKSR-EFI-06" duration="00:00:00.0019533" startTime="2024-01-09T15:41:42.3101410+01:00" endTime="2024-01-09T15:41:42.3101410+01:00" testType="13cdc9d9-ddb5-4fa4-a97d-d965ccfc6d4b" outcome="Passed" testListId="8c84fa94-04c1-424b-9868-57a2d4851a1d" relativeResultsDirectory="795d5311-7da6-4a42-a537-52e9f6247ebe" />
    <UnitTestResult executionId="632e2d80-8c58-4c3c-a3e9-7224591c12d1" testId="d3834f26-d7ff-018a-555c-a0be35190a28" testName="IntersectsWithTest" computerName="DKSR-EFI-06" duration="00:00:00.0011368" startTime="2024-01-09T15:41:09.2787764+01:00" endTime="2024-01-09T15:41:09.2787764+01:00" testType="13cdc9d9-ddb5-4fa4-a97d-d965ccfc6d4b" outcome="Passed" testListId="8c84fa94-04c1-424b-9868-57a2d4851a1d" relativeResultsDirectory="632e2d80-8c58-4c3c-a3e9-7224591c12d1" />
    <UnitTestResult executionId="a8c53caa-c5fb-447f-afdb-a815ea4d0a03" testId="b4b9ceca-0f9b-2f70-098f-b833aa83e26b" testName="StartServerStates_CommunicationException_DoubledSleepDuration" computerName="DKSR-EFI-06" duration="00:00:00.0028137" startTime="2024-01-09T15:41:42.0601382+01:00" endTime="2024-01-09T15:41:42.0601382+01:00" testType="13cdc9d9-ddb5-4fa4-a97d-d965ccfc6d4b" outcome="Passed" testListId="8c84fa94-04c1-424b-9868-57a2d4851a1d" relativeResultsDirectory="a8c53caa-c5fb-447f-afdb-a815ea4d0a03" />
    <UnitTestResult executionId="5630d4e3-d9eb-4a0e-85ce-3b5a5d02f661" testId="84bf38e9-9144-dc3f-3fbb-788aeff94918" testName="AddNullToast_Failure_WithArgumentNullException" computerName="DKSR-EFI-06" duration="00:00:00.0014555" startTime="2024-01-09T15:41:33.7319715+01:00" endTime="2024-01-09T15:41:33.7319715+01:00" testType="13cdc9d9-ddb5-4fa4-a97d-d965ccfc6d4b" outcome="Passed" testListId="8c84fa94-04c1-424b-9868-57a2d4851a1d" relativeResultsDirectory="5630d4e3-d9eb-4a0e-85ce-3b5a5d02f661" />
    <UnitTestResult executionId="f5ad5853-3dfe-4da3-bbba-13861fe846f0" testId="cbe296a6-601b-dd72-bc79-8548a0abe9dd" testName="MouseHover_OverSelectionRange_IsMouseOverRangeBar_IsTrue" computerName="DKSR-EFI-06" duration="00:00:00.1105559" startTime="2024-01-09T15:41:16.5444151+01:00" endTime="2024-01-09T15:41:16.6537892+01:00" testType="13cdc9d9-ddb5-4fa4-a97d-d965ccfc6d4b" outcome="Passed" testListId="8c84fa94-04c1-424b-9868-57a2d4851a1d" relativeResultsDirectory="f5ad5853-3dfe-4da3-bbba-13861fe846f0" />
    <UnitTestResult executionId="b42255a2-e804-41b1-b4fe-2baa9509e01c" testId="ef941c35-94f0-1c6b-ae1b-3d9480badfe1" testName="ChangeMinValue_GreaterThanMaxValue_RangeAndMaxValueUpdated" computerName="DKSR-EFI-06" duration="00:00:00.0027415" startTime="2024-01-09T15:41:15.4350386+01:00" endTime="2024-01-09T15:41:15.4350386+01:00" testType="13cdc9d9-ddb5-4fa4-a97d-d965ccfc6d4b" outcome="Passed" testListId="8c84fa94-04c1-424b-9868-57a2d4851a1d" relativeResultsDirectory="b42255a2-e804-41b1-b4fe-2baa9509e01c" />
    <UnitTestResult executionId="4d95ce7f-34ee-4cfc-a42d-e63307dbd7f8" testId="fc42ecd1-8c72-c445-ea96-97544145f9ab" testName="ValidSlides_ShouldNotContainDefaults" computerName="DKSR-EFI-06" duration="00:00:00.0021535" startTime="2024-01-09T15:41:32.4507133+01:00" endTime="2024-01-09T15:41:32.4507133+01:00" testType="13cdc9d9-ddb5-4fa4-a97d-d965ccfc6d4b" outcome="Passed" testListId="8c84fa94-04c1-424b-9868-57a2d4851a1d" relativeResultsDirectory="4d95ce7f-34ee-4cfc-a42d-e63307dbd7f8" />
    <UnitTestResult executionId="81ad0f41-51f0-4c33-960f-4e3ab9ce8131" testId="b0004f06-300e-d87d-8715-e540888dd689" testName="TooltipServiceWarning_UpdateTimeDefined" computerName="DKSR-EFI-06" duration="00:00:00.0033335" startTime="2024-01-09T15:41:41.2788824+01:00" endTime="2024-01-09T15:41:41.2788824+01:00" testType="13cdc9d9-ddb5-4fa4-a97d-d965ccfc6d4b" outcome="Passed" testListId="8c84fa94-04c1-424b-9868-57a2d4851a1d" relativeResultsDirectory="81ad0f41-51f0-4c33-960f-4e3ab9ce8131" />
    <UnitTestResult executionId="86413b47-2444-45e5-8c2b-c8272ab9bab4" testId="b2995b06-1442-48cc-a8f7-299ee21d333d" testName="UpdateFrameworkElementsOverlay_WithUnknownId_ShouldReturnFalse" computerName="DKSR-EFI-06" duration="00:00:00.0005947" startTime="2024-01-09T15:41:41.4195083+01:00" endTime="2024-01-09T15:41:41.4195083+01:00" testType="13cdc9d9-ddb5-4fa4-a97d-d965ccfc6d4b" outcome="Passed" testListId="8c84fa94-04c1-424b-9868-57a2d4851a1d" relativeResultsDirectory="86413b47-2444-45e5-8c2b-c8272ab9bab4" />
    <UnitTestResult executionId="85294c60-4ec0-4207-bd44-d1abca1191bf" testId="d571e5ac-82ed-ebaf-4d14-3695e99fdecf" testName="DetermineScaledWindowLocationAndSize_75Percent_Scaling" computerName="DKSR-EFI-06" duration="00:00:00.0009684" startTime="2024-01-09T15:41:33.4038473+01:00" endTime="2024-01-09T15:41:33.4038473+01:00" testType="13cdc9d9-ddb5-4fa4-a97d-d965ccfc6d4b" outcome="Passed" testListId="8c84fa94-04c1-424b-9868-57a2d4851a1d" relativeResultsDirectory="85294c60-4ec0-4207-bd44-d1abca1191bf" />
    <UnitTestResult executionId="fe1bff80-3ef6-43a3-a4e2-8a125504d3f3" testId="586aa199-8ad2-c267-31e0-7d856afcab20" testName="SetUnsecureConnectionAllowedForUser_ShouldAddUser_WhenUserIsEmpty" computerName="DKSR-EFI-06" duration="00:00:00.0088873" startTime="2024-01-09T15:41:42.4351379+01:00" endTime="2024-01-09T15:41:42.4351379+01:00" testType="13cdc9d9-ddb5-4fa4-a97d-d965ccfc6d4b" outcome="Passed" testListId="8c84fa94-04c1-424b-9868-57a2d4851a1d" relativeResultsDirectory="fe1bff80-3ef6-43a3-a4e2-8a125504d3f3" />
    <UnitTestResult executionId="2606862b-1568-485b-af8c-f64f9ff6ae28" testId="c5d5c0bb-f780-e550-d703-b15880279a9f" testName="Convert_ShouldReturnEqualOrLessString_WhenValueIsEqualToThreshold" computerName="DKSR-EFI-06" duration="00:00:00.0003357" startTime="2024-01-09T15:41:33.4350951+01:00" endTime="2024-01-09T15:41:33.4350951+01:00" testType="13cdc9d9-ddb5-4fa4-a97d-d965ccfc6d4b" outcome="Passed" testListId="8c84fa94-04c1-424b-9868-57a2d4851a1d" relativeResultsDirectory="2606862b-1568-485b-af8c-f64f9ff6ae28" />
    <UnitTestResult executionId="d3523930-817c-4e3f-b3cb-4c8378fa2127" testId="39dbf18b-e14c-3648-f5ba-d9480b6b2143" testName="RoundToSecond_RoundDown" computerName="DKSR-EFI-06" duration="00:00:00.0013822" startTime="2024-01-09T15:41:33.0757201+01:00" endTime="2024-01-09T15:41:33.0757201+01:00" testType="13cdc9d9-ddb5-4fa4-a97d-d965ccfc6d4b" outcome="Passed" testListId="8c84fa94-04c1-424b-9868-57a2d4851a1d" relativeResultsDirectory="d3523930-817c-4e3f-b3cb-4c8378fa2127" />
    <UnitTestResult executionId="91a5f21f-4037-44dd-88b0-bd0614a26664" testId="b0a63f8f-6af7-a1eb-69e4-87897c177ded" testName="ClearUnsecureConnectionAllowedForUser_ShouldDoNothing_WhenUserDoesNotExist" computerName="DKSR-EFI-06" duration="00:00:00.0007379" startTime="2024-01-09T15:41:42.4351379+01:00" endTime="2024-01-09T15:41:42.4351379+01:00" testType="13cdc9d9-ddb5-4fa4-a97d-d965ccfc6d4b" outcome="Passed" testListId="8c84fa94-04c1-424b-9868-57a2d4851a1d" relativeResultsDirectory="91a5f21f-4037-44dd-88b0-bd0614a26664" />
    <UnitTestResult executionId="0ebea9ec-6bd4-4deb-8987-4d22f3680f4c" testId="810ffc2c-a4d4-e483-e7ec-425382693cc5" testName="Constructor_BasicUser_Username_ArgumentNull_Thrown" computerName="DKSR-EFI-06" duration="00:00:00.0007445" startTime="2024-01-09T15:41:41.8570106+01:00" endTime="2024-01-09T15:41:41.8570106+01:00" testType="13cdc9d9-ddb5-4fa4-a97d-d965ccfc6d4b" outcome="Passed" testListId="8c84fa94-04c1-424b-9868-57a2d4851a1d" relativeResultsDirectory="0ebea9ec-6bd4-4deb-8987-4d22f3680f4c" />
    <UnitTestResult executionId="cc34ee5e-2bc7-4158-9e20-bbd28d7604dd" testId="3a338b5e-ca33-280e-31b5-7634bd32733f" testName="CacheCanBeResetTest" computerName="DKSR-EFI-06" duration="00:00:00.0003468" startTime="2024-01-09T15:41:24.8412925+01:00" endTime="2024-01-09T15:41:24.8412925+01:00" testType="13cdc9d9-ddb5-4fa4-a97d-d965ccfc6d4b" outcome="Passed" testListId="8c84fa94-04c1-424b-9868-57a2d4851a1d" relativeResultsDirectory="cc34ee5e-2bc7-4158-9e20-bbd28d7604dd" />
    <UnitTestResult executionId="16f1b1a1-6336-455e-b17e-f9ee418e9135" testId="96d31876-ad33-952c-3bd1-b146a14e3f83" testName="Constructor_ShouldCreateTreeWithUnitChildren_WhenUnitsHaveParentAndChildrenAndTheyMustBeIncludedInTree" computerName="DKSR-EFI-06" duration="00:00:00.0043186" startTime="2024-01-09T15:41:10.3100277+01:00" endTime="2024-01-09T15:41:10.3100277+01:00" testType="13cdc9d9-ddb5-4fa4-a97d-d965ccfc6d4b" outcome="Passed" testListId="8c84fa94-04c1-424b-9868-57a2d4851a1d" relativeResultsDirectory="16f1b1a1-6336-455e-b17e-f9ee418e9135" />
    <UnitTestResult executionId="e7fbf55f-5e32-41c3-ab51-0c0634d61fa2" testId="569900d4-58ce-d7ba-87cf-ed8c555e623f" testName="TileStateIsUpdatedEvenIfCurrentStatesIsNull" computerName="DKSR-EFI-06" duration="00:00:00.0013873" startTime="2024-01-09T15:41:25.8258521+01:00" endTime="2024-01-09T15:41:25.8412937+01:00" testType="13cdc9d9-ddb5-4fa4-a97d-d965ccfc6d4b" outcome="Passed" testListId="8c84fa94-04c1-424b-9868-57a2d4851a1d" relativeResultsDirectory="e7fbf55f-5e32-41c3-ab51-0c0634d61fa2" />
    <UnitTestResult executionId="e95f0039-9c1e-46b4-b34c-80bfe3bb70fe" testId="00128a49-1d90-04d8-005b-b12d7a997cf3" testName="StopAndDisconnect_SessionNotStarted_ServiceNotCalled" computerName="DKSR-EFI-06" duration="00:00:00.0008953" startTime="2024-01-09T15:41:42.0913861+01:00" endTime="2024-01-09T15:41:42.0913861+01:00" testType="13cdc9d9-ddb5-4fa4-a97d-d965ccfc6d4b" outcome="Passed" testListId="8c84fa94-04c1-424b-9868-57a2d4851a1d" relativeResultsDirectory="e95f0039-9c1e-46b4-b34c-80bfe3bb70fe" />
    <UnitTestResult executionId="95a93c60-cfe1-4db9-88dc-274a1977217b" testId="8830f43b-5d5e-0d90-f334-a1cf125e39b1" testName="SubstractTest" computerName="DKSR-EFI-06" duration="00:00:00.0029969" startTime="2024-01-09T15:41:09.2787764+01:00" endTime="2024-01-09T15:41:09.2787764+01:00" testType="13cdc9d9-ddb5-4fa4-a97d-d965ccfc6d4b" outcome="Passed" testListId="8c84fa94-04c1-424b-9868-57a2d4851a1d" relativeResultsDirectory="95a93c60-cfe1-4db9-88dc-274a1977217b" />
    <UnitTestResult executionId="00ba4a3d-9a4c-4b61-bdaa-de3ad7d2c5e2" testId="adb4be23-162a-8b95-3e02-bd423cdb5788" testName="MouseDrag_RangeMinSetToMinValue_EditBoxIsWithinControlBoundaries" computerName="DKSR-EFI-06" duration="00:00:00.1018988" startTime="2024-01-09T15:41:16.3100411+01:00" endTime="2024-01-09T15:41:16.4037898+01:00" testType="13cdc9d9-ddb5-4fa4-a97d-d965ccfc6d4b" outcome="Passed" testListId="8c84fa94-04c1-424b-9868-57a2d4851a1d" relativeResultsDirectory="00ba4a3d-9a4c-4b61-bdaa-de3ad7d2c5e2" />
    <UnitTestResult executionId="4f08c8ea-3526-47a3-9551-4e2b795721fb" testId="a11892e0-6ac9-8a46-c8de-3248052e70d9" testName="Constructor_WindowsUser_ArgumentNull_NotThrown" computerName="DKSR-EFI-06" duration="00:00:00.0014349" startTime="2024-01-09T15:41:41.8726364+01:00" endTime="2024-01-09T15:41:41.8726364+01:00" testType="13cdc9d9-ddb5-4fa4-a97d-d965ccfc6d4b" outcome="Passed" testListId="8c84fa94-04c1-424b-9868-57a2d4851a1d" relativeResultsDirectory="4f08c8ea-3526-47a3-9551-4e2b795721fb" />
    <UnitTestResult executionId="4b573655-86a9-4414-8a96-73409a1a5875" testId="8d2e4a94-ff96-e137-7aa1-856c2b177202" testName="FindOptimalTilingCalculatesEqualNumberOfRowsAndColumnsIfRatioIsOne" computerName="DKSR-EFI-06" duration="00:00:00.3631142" startTime="2024-01-09T15:41:24.9662945+01:00" endTime="2024-01-09T15:41:25.3412984+01:00" testType="13cdc9d9-ddb5-4fa4-a97d-d965ccfc6d4b" outcome="Passed" testListId="8c84fa94-04c1-424b-9868-57a2d4851a1d" relativeResultsDirectory="4b573655-86a9-4414-8a96-73409a1a5875" />
    <UnitTestResult executionId="a9db5413-39c1-4630-8ee8-7925f9803746" testId="6e2b046c-b538-e705-bf5a-ce4b83d68120" testName="MeasureOverride_1childEnoughSpace_NotShrunk" computerName="DKSR-EFI-06" duration="00:00:00.0107516" startTime="2024-01-09T15:41:17.6694186+01:00" endTime="2024-01-09T15:41:17.6850392+01:00" testType="13cdc9d9-ddb5-4fa4-a97d-d965ccfc6d4b" outcome="Passed" testListId="8c84fa94-04c1-424b-9868-57a2d4851a1d" relativeResultsDirectory="a9db5413-39c1-4630-8ee8-7925f9803746" />
    <UnitTestResult executionId="4a17d6ac-1a78-4106-8e53-658c782c35e2" testId="3b2d2dcf-dfa8-bcce-057a-1c433d9c6c08" testName="OnPreviewKeyDown_Shift_Click_Select_FromGreaterIndexToLowerIndex_Success" computerName="DKSR-EFI-06" duration="00:00:00.3034095" startTime="2024-01-09T15:41:39.4195021+01:00" endTime="2024-01-09T15:41:39.7320023+01:00" testType="13cdc9d9-ddb5-4fa4-a97d-d965ccfc6d4b" outcome="Passed" testListId="8c84fa94-04c1-424b-9868-57a2d4851a1d" relativeResultsDirectory="4a17d6ac-1a78-4106-8e53-658c782c35e2" />
    <UnitTestResult executionId="7b45a0d5-6d19-45c5-9826-f90f668edaf4" testId="6405a933-f1c3-2d9d-c133-14524337831d" testName="GetLocalizedTextThrowsIfTypeDoesNotHaveLocalizedText" computerName="DKSR-EFI-06" duration="00:00:00.0008678" startTime="2024-01-09T15:41:26.0444197+01:00" endTime="2024-01-09T15:41:26.0444197+01:00" testType="13cdc9d9-ddb5-4fa4-a97d-d965ccfc6d4b" outcome="Passed" testListId="8c84fa94-04c1-424b-9868-57a2d4851a1d" relativeResultsDirectory="7b45a0d5-6d19-45c5-9826-f90f668edaf4" />
    <UnitTestResult executionId="0c3358a0-5397-47e0-8341-3b1ded97167d" testId="b9f990f1-833c-da15-c4ce-a21f43595dd2" testName="Constructor_WindowsUser_Domain_ArgumentNull_Thrown" computerName="DKSR-EFI-06" duration="00:00:00.0006540" startTime="2024-01-09T15:41:41.8726364+01:00" endTime="2024-01-09T15:41:41.8726364+01:00" testType="13cdc9d9-ddb5-4fa4-a97d-d965ccfc6d4b" outcome="Passed" testListId="8c84fa94-04c1-424b-9868-57a2d4851a1d" relativeResultsDirectory="0c3358a0-5397-47e0-8341-3b1ded97167d" />
    <UnitTestResult executionId="6bb9dae5-3411-4693-9a3f-6e8241355ed4" testId="57b6d097-e9d6-3704-ff59-5ba052e3b406" testName="ExtensionBeginInvokeNoParamTest" computerName="DKSR-EFI-06" duration="00:00:00.0507589" startTime="2024-01-09T15:41:08.7006502+01:00" endTime="2024-01-09T15:41:08.7475266+01:00" testType="13cdc9d9-ddb5-4fa4-a97d-d965ccfc6d4b" outcome="Passed" testListId="8c84fa94-04c1-424b-9868-57a2d4851a1d" relativeResultsDirectory="6bb9dae5-3411-4693-9a3f-6e8241355ed4" />
    <UnitTestResult executionId="75f47a26-3ec4-4603-8b93-b86f7d0de422" testId="f1184a8e-b69a-6295-ac82-24b2bd10984c" testName="OnPreviewKeyDown_Space_Success" computerName="DKSR-EFI-06" duration="00:00:00.1772169" startTime="2024-01-09T15:41:35.4976110+01:00" endTime="2024-01-09T15:41:35.6851089+01:00" testType="13cdc9d9-ddb5-4fa4-a97d-d965ccfc6d4b" outcome="Passed" testListId="8c84fa94-04c1-424b-9868-57a2d4851a1d" relativeResultsDirectory="75f47a26-3ec4-4603-8b93-b86f7d0de422" />
    <UnitTestResult executionId="bd7dfa69-8692-4cdf-84b9-b1c483ce2f5f" testId="51395a71-b567-dc86-b950-ec06701415e4" testName="ReorderTilesOrdersByPositionCamera" computerName="DKSR-EFI-06" startTime="2024-01-09T15:41:25.3881705+01:00" endTime="2024-01-09T15:41:25.3881705+01:00" testType="13cdc9d9-ddb5-4fa4-a97d-d965ccfc6d4b" outcome="NotExecuted" testListId="8c84fa94-04c1-424b-9868-57a2d4851a1d" relativeResultsDirectory="bd7dfa69-8692-4cdf-84b9-b1c483ce2f5f">
      <Output>
        <ErrorInfo>
          <Message>EORP-942 unstable test</Message>
        </ErrorInfo>
      </Output>
    </UnitTestResult>
    <UnitTestResult executionId="e1d0e245-6025-46f9-b181-6fc74dc67e0b" testId="4a3a4767-2fcd-8cd1-559f-f87bde132fcc" testName="RoundToMillisecond_Nearest" computerName="DKSR-EFI-06" duration="00:00:00.0043513" startTime="2024-01-09T15:41:32.7007147+01:00" endTime="2024-01-09T15:41:32.7007147+01:00" testType="13cdc9d9-ddb5-4fa4-a97d-d965ccfc6d4b" outcome="Passed" testListId="8c84fa94-04c1-424b-9868-57a2d4851a1d" relativeResultsDirectory="e1d0e245-6025-46f9-b181-6fc74dc67e0b" />
    <UnitTestResult executionId="8e281842-dac7-41b5-9dc9-3f9e5277d166" testId="8a554420-2901-ce60-a106-99e771204384" testName="TryCreateUri_ShouldReturnFalse_WhenInputIsInvalidUri" computerName="DKSR-EFI-06" duration="00:00:00.0042961" startTime="2024-01-09T15:41:33.0444674+01:00" endTime="2024-01-09T15:41:33.0444674+01:00" testType="13cdc9d9-ddb5-4fa4-a97d-d965ccfc6d4b" outcome="Passed" testListId="8c84fa94-04c1-424b-9868-57a2d4851a1d" relativeResultsDirectory="8e281842-dac7-41b5-9dc9-3f9e5277d166" />
    <UnitTestResult executionId="cba5ac32-42f9-4c78-8d5b-f3db8675258f" testId="8222d29f-50ae-b106-6ccd-5b5874365d8b" testName="RemoveNonExistingToast_Success" computerName="DKSR-EFI-06" duration="00:00:00.0026715" startTime="2024-01-09T15:41:33.7475977+01:00" endTime="2024-01-09T15:41:33.7475977+01:00" testType="13cdc9d9-ddb5-4fa4-a97d-d965ccfc6d4b" outcome="Passed" testListId="8c84fa94-04c1-424b-9868-57a2d4851a1d" relativeResultsDirectory="cba5ac32-42f9-4c78-8d5b-f3db8675258f" />
    <UnitTestResult executionId="a7f36b6f-4494-4234-b3f6-56b665efd040" testId="d94fec79-4b64-232e-e01f-dd0b26b0effe" testName="Constructor_OAuth_ArgumentNull_NotThrown" computerName="DKSR-EFI-06" duration="00:00:00.0075027" startTime="2024-01-09T15:41:41.8257599+01:00" endTime="2024-01-09T15:41:41.8257599+01:00" testType="13cdc9d9-ddb5-4fa4-a97d-d965ccfc6d4b" outcome="Passed" testListId="8c84fa94-04c1-424b-9868-57a2d4851a1d" relativeResultsDirectory="a7f36b6f-4494-4234-b3f6-56b665efd040" />
    <UnitTestResult executionId="7effe4ea-9ef0-4ff3-9ce1-b3fe5b33e123" testId="046145c9-879d-c051-80d4-25fb448d3ce7" testName="Convert_MultiValueConverter_SingleValueNotANumber_Throws" computerName="DKSR-EFI-06" duration="00:00:00.0009678" startTime="2024-01-09T15:41:33.4663450+01:00" endTime="2024-01-09T15:41:33.4663450+01:00" testType="13cdc9d9-ddb5-4fa4-a97d-d965ccfc6d4b" outcome="Passed" testListId="8c84fa94-04c1-424b-9868-57a2d4851a1d" relativeResultsDirectory="7effe4ea-9ef0-4ff3-9ce1-b3fe5b33e123" />
    <UnitTestResult executionId="622b9fd3-0d4f-4cb5-b91b-c594ad6ebc1e" testId="6cf7fdb3-260b-5bc9-89b2-d50224c7f7ac" testName="GetStates_NoSessionStarted_NoSession" computerName="DKSR-EFI-06" duration="00:00:00.0024604" startTime="2024-01-09T15:41:41.6851368+01:00" endTime="2024-01-09T15:41:41.6851368+01:00" testType="13cdc9d9-ddb5-4fa4-a97d-d965ccfc6d4b" outcome="Passed" testListId="8c84fa94-04c1-424b-9868-57a2d4851a1d" relativeResultsDirectory="622b9fd3-0d4f-4cb5-b91b-c594ad6ebc1e" />
    <UnitTestResult executionId="e0a5b8af-ca20-44a8-875c-bcb878493467" testId="08927107-8d8c-0e18-84c3-bf6112c63fb2" testName="TileLayout_Focused_BorderBrushUpdated" computerName="DKSR-EFI-06" duration="00:00:00.0063986" startTime="2024-01-09T15:41:33.8882218+01:00" endTime="2024-01-09T15:41:33.9038487+01:00" testType="13cdc9d9-ddb5-4fa4-a97d-d965ccfc6d4b" outcome="Passed" testListId="8c84fa94-04c1-424b-9868-57a2d4851a1d" relativeResultsDirectory="e0a5b8af-ca20-44a8-875c-bcb878493467" />
    <UnitTestResult executionId="f84b3e7e-4be9-4f38-a612-60384cd479a3" testId="febb8456-be0b-5098-be4c-94fbaa942835" testName="AllowUnsecureConnection_ShouldBeFalse_WhenAllowUnsecureIsNotSet" computerName="DKSR-EFI-06" duration="00:00:00.0023564" startTime="2024-01-09T15:41:42.2945145+01:00" endTime="2024-01-09T15:41:42.2945145+01:00" testType="13cdc9d9-ddb5-4fa4-a97d-d965ccfc6d4b" outcome="Passed" testListId="8c84fa94-04c1-424b-9868-57a2d4851a1d" relativeResultsDirectory="f84b3e7e-4be9-4f38-a612-60384cd479a3" />
    <UnitTestResult executionId="287b7814-d30c-4b85-9555-eed016e15f33" testId="c3eb088b-e534-d6fa-e2f7-38f7fde309c3" testName="SetTheSameCamAndDateTimeTwice" computerName="DKSR-EFI-06" duration="00:00:00.0009255" startTime="2024-01-09T15:41:24.8569192+01:00" endTime="2024-01-09T15:41:24.8725434+01:00" testType="13cdc9d9-ddb5-4fa4-a97d-d965ccfc6d4b" outcome="Passed" testListId="8c84fa94-04c1-424b-9868-57a2d4851a1d" relativeResultsDirectory="287b7814-d30c-4b85-9555-eed016e15f33" />
    <UnitTestResult executionId="0f88c27a-160d-44fd-abfe-c0826bf8270e" testId="298c066a-2f38-5d22-8d3d-0de208425162" testName="DoComboSelectionSetTextToEntityDisplayNameWhenSingleInstance" computerName="DKSR-EFI-06" duration="00:00:00.0104897" startTime="2024-01-09T15:41:25.7787933+01:00" endTime="2024-01-09T15:41:25.7787933+01:00" testType="13cdc9d9-ddb5-4fa4-a97d-d965ccfc6d4b" outcome="Passed" testListId="8c84fa94-04c1-424b-9868-57a2d4851a1d" relativeResultsDirectory="0f88c27a-160d-44fd-abfe-c0826bf8270e" />
    <UnitTestResult executionId="90d07cbd-6bdd-48aa-94a0-51774ffe4d7d" testId="30e292f5-f798-eac9-ba1e-713f3566415c" testName="OnPreviewKeyDown_Left_Success" computerName="DKSR-EFI-06" duration="00:00:00.2005281" startTime="2024-01-09T15:41:36.3413647+01:00" endTime="2024-01-09T15:41:36.5444890+01:00" testType="13cdc9d9-ddb5-4fa4-a97d-d965ccfc6d4b" outcome="Passed" testListId="8c84fa94-04c1-424b-9868-57a2d4851a1d" relativeResultsDirectory="90d07cbd-6bdd-48aa-94a0-51774ffe4d7d" />
    <UnitTestResult executionId="c662ef79-d651-45dd-93c3-a0c7036962ca" testId="b7e36637-289c-8e0e-9091-6aff9c16739a" testName="SetUnsecureConnectionAllowedForUser_ShouldDoNothing_WhenUserExistsAndHaveCorrectValue" computerName="DKSR-EFI-06" duration="00:00:00.0010088" startTime="2024-01-09T15:41:42.4663869+01:00" endTime="2024-01-09T15:41:42.4663869+01:00" testType="13cdc9d9-ddb5-4fa4-a97d-d965ccfc6d4b" outcome="Passed" testListId="8c84fa94-04c1-424b-9868-57a2d4851a1d" relativeResultsDirectory="c662ef79-d651-45dd-93c3-a0c7036962ca" />
    <UnitTestResult executionId="e2dd4dfb-5ffe-4ddf-a7b4-22a0c5a7f5ed" testId="e4efa2e9-6d62-0683-b9e7-1e5cf6253345" testName="IntersectOrdered" computerName="DKSR-EFI-06" duration="00:00:00.0040003" startTime="2024-01-09T15:41:32.9350917+01:00" endTime="2024-01-09T15:41:32.9350917+01:00" testType="13cdc9d9-ddb5-4fa4-a97d-d965ccfc6d4b" outcome="Passed" testListId="8c84fa94-04c1-424b-9868-57a2d4851a1d" relativeResultsDirectory="e2dd4dfb-5ffe-4ddf-a7b4-22a0c5a7f5ed" />
    <UnitTestResult executionId="148fda21-1632-442f-ade7-4e84147194bb" testId="12c318f1-025e-56db-70fc-391decd83ddf" testName="AllowUnsecureConnection_ShouldBeFalse_WhenUsernameDoesNotExist" computerName="DKSR-EFI-06" duration="00:00:00.0019855" startTime="2024-01-09T15:41:42.2945145+01:00" endTime="2024-01-09T15:41:42.2945145+01:00" testType="13cdc9d9-ddb5-4fa4-a97d-d965ccfc6d4b" outcome="Passed" testListId="8c84fa94-04c1-424b-9868-57a2d4851a1d" relativeResultsDirectory="148fda21-1632-442f-ade7-4e84147194bb" />
    <UnitTestResult executionId="2638f847-06af-41c6-946a-6a1d82c6a186" testId="517e03e4-4abb-9810-ab6e-fc1b74f3e022" testName="GetDoubleValueOrDefault_KeyFound_ValueReturned" computerName="DKSR-EFI-06" duration="00:00:00.0005819" startTime="2024-01-09T15:41:41.6070476+01:00" endTime="2024-01-09T15:41:41.6070476+01:00" testType="13cdc9d9-ddb5-4fa4-a97d-d965ccfc6d4b" outcome="Passed" testListId="8c84fa94-04c1-424b-9868-57a2d4851a1d" relativeResultsDirectory="2638f847-06af-41c6-946a-6a1d82c6a186" />
    <UnitTestResult executionId="cc270dbb-a555-4b96-b00c-2089951b4124" testId="49da23cd-956c-d063-f00f-78019f6587a5" testName="ExtractItems_ShouldEmptyItemsControl_WhenAllItemsAreOfExtractedType" computerName="DKSR-EFI-06" duration="00:00:00.0381089" startTime="2024-01-09T15:41:32.9819654+01:00" endTime="2024-01-09T15:41:33.0288429+01:00" testType="13cdc9d9-ddb5-4fa4-a97d-d965ccfc6d4b" outcome="Passed" testListId="8c84fa94-04c1-424b-9868-57a2d4851a1d" relativeResultsDirectory="cc270dbb-a555-4b96-b00c-2089951b4124" />
    <UnitTestResult executionId="21df2b92-0d2d-4062-ab50-ce262e1f7ae1" testId="b55addd3-5335-70b5-4725-96a0e81794df" testName="ArrangeOverride__6child_AllMustShrink__AllAreShrunk" computerName="DKSR-EFI-06" duration="00:00:00.0113418" startTime="2024-01-09T15:41:17.7787884+01:00" endTime="2024-01-09T15:41:17.7944134+01:00" testType="13cdc9d9-ddb5-4fa4-a97d-d965ccfc6d4b" outcome="Passed" testListId="8c84fa94-04c1-424b-9868-57a2d4851a1d" relativeResultsDirectory="21df2b92-0d2d-4062-ab50-ce262e1f7ae1">
      <Output>
        <StdOut>Debug Trace:&#xD;
offsets: 0, 20, 40, 60, 60, 80&#xD;
widths: 10, 10, 10, 0, 10, 10</StdOut>
      </Output>
    </UnitTestResult>
    <UnitTestResult executionId="9358eb93-b1d7-48f2-be74-712945945a36" testId="6a9b6055-9055-6cdd-ce58-2c6f0ec341c2" testName="SimpleTest" computerName="DKSR-EFI-06" duration="00:00:00.0201374" startTime="2024-01-09T15:41:32.5132140+01:00" endTime="2024-01-09T15:41:32.5288389+01:00" testType="13cdc9d9-ddb5-4fa4-a97d-d965ccfc6d4b" outcome="Passed" testListId="8c84fa94-04c1-424b-9868-57a2d4851a1d" relativeResultsDirectory="9358eb93-b1d7-48f2-be74-712945945a36" />
    <UnitTestResult executionId="bffb9829-4e47-40f7-84d9-4eaebc8e073c" testId="bd6f3f69-8756-1ecb-680e-dc8bdb5e7007" testName="RoundToSecond_RoundUp" computerName="DKSR-EFI-06" duration="00:00:00.0010005" startTime="2024-01-09T15:41:33.0913432+01:00" endTime="2024-01-09T15:41:33.0913432+01:00" testType="13cdc9d9-ddb5-4fa4-a97d-d965ccfc6d4b" outcome="Passed" testListId="8c84fa94-04c1-424b-9868-57a2d4851a1d" relativeResultsDirectory="bffb9829-4e47-40f7-84d9-4eaebc8e073c" />
    <UnitTestResult executionId="d40ddbcf-e5a2-4934-b53e-916a3dcb40b9" testId="e1c70711-e4bc-fec3-f088-e58c3b0e3088" testName="TileStateBecomesDefinedAsSoonAsOneCounterStateBecomesDefined" computerName="DKSR-EFI-06" duration="00:00:00.0040434" startTime="2024-01-09T15:41:25.8100449+01:00" endTime="2024-01-09T15:41:25.8258521+01:00" testType="13cdc9d9-ddb5-4fa4-a97d-d965ccfc6d4b" outcome="Passed" testListId="8c84fa94-04c1-424b-9868-57a2d4851a1d" relativeResultsDirectory="d40ddbcf-e5a2-4934-b53e-916a3dcb40b9" />
    <UnitTestResult executionId="a683db75-5f3a-4305-943f-95f87bd7ab3a" testId="76a3a4c2-b730-8445-7c90-0d70d705d3b2" testName="OnPreviewKeyDown_RightCtrl_A_UnselectAll_Success" computerName="DKSR-EFI-06" duration="00:00:00.2257170" startTime="2024-01-09T15:41:38.7007470+01:00" endTime="2024-01-09T15:41:38.9194984+01:00" testType="13cdc9d9-ddb5-4fa4-a97d-d965ccfc6d4b" outcome="Passed" testListId="8c84fa94-04c1-424b-9868-57a2d4851a1d" relativeResultsDirectory="a683db75-5f3a-4305-943f-95f87bd7ab3a" />
    <UnitTestResult executionId="8fbd3792-fea7-483b-bbc0-e7a93cb36d4d" testId="66e703e4-29de-a4c7-8c30-1bc7e1752b2f" testName="GetStates_NoSessionStarted_NewSession" computerName="DKSR-EFI-06" duration="00:00:00.0037090" startTime="2024-01-09T15:41:41.6851368+01:00" endTime="2024-01-09T15:41:41.6851368+01:00" testType="13cdc9d9-ddb5-4fa4-a97d-d965ccfc6d4b" outcome="Passed" testListId="8c84fa94-04c1-424b-9868-57a2d4851a1d" relativeResultsDirectory="8fbd3792-fea7-483b-bbc0-e7a93cb36d4d" />
    <UnitTestResult executionId="1903abaf-b20d-4c1c-9496-d47e2c9e8774" testId="a77657a1-a493-b15e-b5c4-9e5ce796a8ee" testName="MouseLeftButtonUp_ShouldNotInvokeClickHandlerAfterDelay_WhenNoDoubleClickIsDetectedAndMouseIsNotDirectlyOver" computerName="DKSR-EFI-06" duration="00:00:00.0024025" startTime="2024-01-09T15:41:41.3570081+01:00" endTime="2024-01-09T15:41:41.3570081+01:00" testType="13cdc9d9-ddb5-4fa4-a97d-d965ccfc6d4b" outcome="Passed" testListId="8c84fa94-04c1-424b-9868-57a2d4851a1d" relativeResultsDirectory="1903abaf-b20d-4c1c-9496-d47e2c9e8774" />
    <UnitTestResult executionId="cf1478b7-01bb-421a-9af2-dee758a2d91d" testId="22b2ca51-378e-71cd-e0e0-67e36d20ff15" testName="ArrangeOverride_3child_EnoughSpace_NotShrunk" computerName="DKSR-EFI-06" duration="00:00:00.0160878" startTime="2024-01-09T15:41:17.7162904+01:00" endTime="2024-01-09T15:41:17.7319148+01:00" testType="13cdc9d9-ddb5-4fa4-a97d-d965ccfc6d4b" outcome="Passed" testListId="8c84fa94-04c1-424b-9868-57a2d4851a1d" relativeResultsDirectory="cf1478b7-01bb-421a-9af2-dee758a2d91d">
      <Output>
        <StdOut>Debug Trace:&#xD;
offsets: 0, 21, 62&#xD;
widths: 11, 31, 51</StdOut>
      </Output>
    </UnitTestResult>
    <UnitTestResult executionId="dff20533-2e26-4797-b192-b764dd94a4da" testId="33919fac-e25b-5982-05db-e9034087e4af" testName="AddToast_NullToast_Throws" computerName="DKSR-EFI-06" duration="00:00:00.4351962" startTime="2024-01-09T15:41:10.6225323+01:00" endTime="2024-01-09T15:41:11.0600329+01:00" testType="13cdc9d9-ddb5-4fa4-a97d-d965ccfc6d4b" outcome="Passed" testListId="8c84fa94-04c1-424b-9868-57a2d4851a1d" relativeResultsDirectory="dff20533-2e26-4797-b192-b764dd94a4da" />
    <UnitTestResult executionId="97cbdf86-2d99-45dc-9270-50e8eed7e69d" testId="7137fa11-d3cd-d2e9-1892-35a2bcf917d7" testName="MeasureCounters_UpdatesCpuUsage_WithPercentage" computerName="DKSR-EFI-06" duration="00:00:06.2510003" startTime="2024-01-09T15:41:26.0600454+01:00" endTime="2024-01-09T15:41:32.3100895+01:00" testType="13cdc9d9-ddb5-4fa4-a97d-d965ccfc6d4b" outcome="Passed" testListId="8c84fa94-04c1-424b-9868-57a2d4851a1d" relativeResultsDirectory="97cbdf86-2d99-45dc-9270-50e8eed7e69d" />
    <UnitTestResult executionId="c58cef12-3af9-46e4-a29d-a4ee36b5092b" testId="a53bc742-1aa6-1112-cd67-7bd1ef336fc4" testName="FormsControlScaledLocationAndSize_NegativePositions_100Percent_Scaling" computerName="DKSR-EFI-06" duration="00:00:00.0220053" startTime="2024-01-09T15:41:33.3413434+01:00" endTime="2024-01-09T15:41:33.3725945+01:00" testType="13cdc9d9-ddb5-4fa4-a97d-d965ccfc6d4b" outcome="Passed" testListId="8c84fa94-04c1-424b-9868-57a2d4851a1d" relativeResultsDirectory="c58cef12-3af9-46e4-a29d-a4ee36b5092b" />
    <UnitTestResult executionId="644d59ca-aed3-4a34-8bf8-69da549990f2" testId="1eb83994-41a5-06de-d18f-7e1407514b78" testName="SequenceEqualIgnoreOrder_EqualCollectionsOrderedDifferently_IgnoreOrder_SymmetricalTrueResult" computerName="DKSR-EFI-06" duration="00:00:00.0003011" startTime="2024-01-09T15:41:32.9819654+01:00" endTime="2024-01-09T15:41:32.9819654+01:00" testType="13cdc9d9-ddb5-4fa4-a97d-d965ccfc6d4b" outcome="Passed" testListId="8c84fa94-04c1-424b-9868-57a2d4851a1d" relativeResultsDirectory="644d59ca-aed3-4a34-8bf8-69da549990f2" />
    <UnitTestResult executionId="0e2e2904-bb5e-49e4-a714-51c0cc474556" testId="ae5ac97e-8b8c-eeb7-7e79-fd8b61df6329" testName="Constructor_ShouldCreateTreeOfDepth1_WhenUnitsHaveNoParentButToplevelNodesAreSet" computerName="DKSR-EFI-06" duration="00:00:00.0140057" startTime="2024-01-09T15:41:10.2319026+01:00" endTime="2024-01-09T15:41:10.2475291+01:00" testType="13cdc9d9-ddb5-4fa4-a97d-d965ccfc6d4b" outcome="Passed" testListId="8c84fa94-04c1-424b-9868-57a2d4851a1d" relativeResultsDirectory="0e2e2904-bb5e-49e4-a714-51c0cc474556" />
    <UnitTestResult executionId="f08ac413-31dd-43e4-935a-7ce3bbdb645a" testId="e06e61ed-13a4-6147-16b5-ee8c50cfb777" testName="MeasureCounters_UpdatesGPUInformationCorrectly" computerName="DKSR-EFI-06" duration="00:00:00.0018223" startTime="2024-01-09T15:41:32.3257124+01:00" endTime="2024-01-09T15:41:32.3257124+01:00" testType="13cdc9d9-ddb5-4fa4-a97d-d965ccfc6d4b" outcome="Passed" testListId="8c84fa94-04c1-424b-9868-57a2d4851a1d" relativeResultsDirectory="f08ac413-31dd-43e4-935a-7ce3bbdb645a" />
    <UnitTestResult executionId="6b521a12-3046-47d7-86f6-fb6b73305440" testId="bad298ac-94ba-545f-f256-1e42ffa5b7b5" testName="TileStateMustRemainUnchangedByHostOnlineAndServiceAvailableStateChanges" computerName="DKSR-EFI-06" duration="00:00:00.0041171" startTime="2024-01-09T15:41:25.8258521+01:00" endTime="2024-01-09T15:41:25.8258521+01:00" testType="13cdc9d9-ddb5-4fa4-a97d-d965ccfc6d4b" outcome="Passed" testListId="8c84fa94-04c1-424b-9868-57a2d4851a1d" relativeResultsDirectory="6b521a12-3046-47d7-86f6-fb6b73305440" />
    <UnitTestResult executionId="3e6e7b74-5ad7-4364-8708-620f29c598db" testId="8d92020e-5832-705d-100b-9a3d128c1860" testName="IsFailover_IsNotFailover_IDNotSet" computerName="DKSR-EFI-06" duration="00:00:00.0001332" startTime="2024-01-09T15:41:41.2945084+01:00" endTime="2024-01-09T15:41:41.2945084+01:00" testType="13cdc9d9-ddb5-4fa4-a97d-d965ccfc6d4b" outcome="Passed" testListId="8c84fa94-04c1-424b-9868-57a2d4851a1d" relativeResultsDirectory="3e6e7b74-5ad7-4364-8708-620f29c598db" />
    <UnitTestResult executionId="f0e6d48d-d737-4162-8968-ec2e92098c0e" testId="1bd901f8-3f7d-e4b9-9350-b8e0d21cecdd" testName="Convert_SingleValueConverter_NotANumber_Throws" computerName="DKSR-EFI-06" duration="00:00:00.0015432" startTime="2024-01-09T15:41:33.4507212+01:00" endTime="2024-01-09T15:41:33.4507212+01:00" testType="13cdc9d9-ddb5-4fa4-a97d-d965ccfc6d4b" outcome="Passed" testListId="8c84fa94-04c1-424b-9868-57a2d4851a1d" relativeResultsDirectory="f0e6d48d-d737-4162-8968-ec2e92098c0e" />
    <UnitTestResult executionId="3f521522-9fd3-4f3a-b1bb-de03fa4f5869" testId="c92c23d1-5ca1-d95a-512b-ef3370dd6502" testName="ThumbsCanBeAddedAndFetchedTest" computerName="DKSR-EFI-06" duration="00:00:00.0030883" startTime="2024-01-09T15:41:24.8256680+01:00" endTime="2024-01-09T15:41:24.8256680+01:00" testType="13cdc9d9-ddb5-4fa4-a97d-d965ccfc6d4b" outcome="Passed" testListId="8c84fa94-04c1-424b-9868-57a2d4851a1d" relativeResultsDirectory="3f521522-9fd3-4f3a-b1bb-de03fa4f5869" />
    <UnitTestResult executionId="9d32420d-e6d9-4a44-8153-db7dce89d78a" testId="2d494ba4-00f9-0c80-6ff4-27a9065e579d" testName="StartCameraStates_TimeoutException_WithCustomLogger_DoubledSleepDuration" computerName="DKSR-EFI-06" duration="00:00:00.0059562" startTime="2024-01-09T15:41:41.9820091+01:00" endTime="2024-01-09T15:41:41.9976355+01:00" testType="13cdc9d9-ddb5-4fa4-a97d-d965ccfc6d4b" outcome="Passed" testListId="8c84fa94-04c1-424b-9868-57a2d4851a1d" relativeResultsDirectory="9d32420d-e6d9-4a44-8153-db7dce89d78a" />
    <UnitTestResult executionId="e143469f-8dc4-4147-a28c-ddc578acc7d8" testId="a54e380b-42dc-d3a2-3d9d-8dd53d65fcd3" testName="ArrangeOverride__3child_2of3MustShrink__2of3AreShrunkEqually" computerName="DKSR-EFI-06" duration="00:00:00.0065120" startTime="2024-01-09T15:41:17.7475384+01:00" endTime="2024-01-09T15:41:17.7631662+01:00" testType="13cdc9d9-ddb5-4fa4-a97d-d965ccfc6d4b" outcome="Passed" testListId="8c84fa94-04c1-424b-9868-57a2d4851a1d" relativeResultsDirectory="e143469f-8dc4-4147-a28c-ddc578acc7d8">
      <Output>
        <StdOut>Debug Trace:&#xD;
offsets: 0, 21, 50&#xD;
widths: 11, 19, 19</StdOut>
      </Output>
    </UnitTestResult>
    <UnitTestResult executionId="aaed4f43-ca93-4dd9-802d-e0f5c95c89b1" testId="958cf364-23eb-e2d5-f664-d61945c55467" testName="IsUnsecureConnectionAllowedForUser_ShouldReturnFalse_WhenAllowUnsecureIsInvalid" computerName="DKSR-EFI-06" duration="00:00:00.0008253" startTime="2024-01-09T15:41:42.4038872+01:00" endTime="2024-01-09T15:41:42.4038872+01:00" testType="13cdc9d9-ddb5-4fa4-a97d-d965ccfc6d4b" outcome="Passed" testListId="8c84fa94-04c1-424b-9868-57a2d4851a1d" relativeResultsDirectory="aaed4f43-ca93-4dd9-802d-e0f5c95c89b1" />
    <UnitTestResult executionId="08efd468-f9d8-4a21-adff-2c1e9748a261" testId="b722671b-5697-c030-4a64-cd7cdd00f422" testName="ShowDialogScaledHorizontalCenter_150Percent_Scaling" computerName="DKSR-EFI-06" duration="00:00:00.0027149" startTime="2024-01-09T15:41:33.1850938+01:00" endTime="2024-01-09T15:41:33.2007181+01:00" testType="13cdc9d9-ddb5-4fa4-a97d-d965ccfc6d4b" outcome="Passed" testListId="8c84fa94-04c1-424b-9868-57a2d4851a1d" relativeResultsDirectory="08efd468-f9d8-4a21-adff-2c1e9748a261" />
    <UnitTestResult executionId="56a28f74-ff85-4769-abf9-7fb78e9cb38c" testId="18e7f5ad-6f64-9e86-3f8d-3ffdc05df7e8" testName="SerializedSlides_ShouldCorrectlySerializeAndDeserialize" computerName="DKSR-EFI-06" duration="00:00:00.0427665" startTime="2024-01-09T15:41:32.4663387+01:00" endTime="2024-01-09T15:41:32.5132140+01:00" testType="13cdc9d9-ddb5-4fa4-a97d-d965ccfc6d4b" outcome="Passed" testListId="8c84fa94-04c1-424b-9868-57a2d4851a1d" relativeResultsDirectory="56a28f74-ff85-4769-abf9-7fb78e9cb38c" />
    <UnitTestResult executionId="ff4ed45d-6c6f-4c02-9baf-867b2a882de1" testId="3cad3393-810a-cc62-94bb-2ded6c4b88c7" testName="OkEditTileThrowsIfNoEventSources" computerName="DKSR-EFI-06" duration="00:00:00.0014235" startTime="2024-01-09T15:41:25.7319197+01:00" endTime="2024-01-09T15:41:25.7319197+01:00" testType="13cdc9d9-ddb5-4fa4-a97d-d965ccfc6d4b" outcome="Passed" testListId="8c84fa94-04c1-424b-9868-57a2d4851a1d" relativeResultsDirectory="ff4ed45d-6c6f-4c02-9baf-867b2a882de1" />
    <UnitTestResult executionId="fd319e3b-6704-48f6-871b-691d61d121dd" testId="f5cf44f1-55f9-84ba-0c1d-f402f9b081e8" testName="TooltipServiceWarning_Failover_Combined" computerName="DKSR-EFI-06" duration="00:00:00.0002887" startTime="2024-01-09T15:41:41.2632565+01:00" endTime="2024-01-09T15:41:41.2632565+01:00" testType="13cdc9d9-ddb5-4fa4-a97d-d965ccfc6d4b" outcome="Passed" testListId="8c84fa94-04c1-424b-9868-57a2d4851a1d" relativeResultsDirectory="fd319e3b-6704-48f6-871b-691d61d121dd" />
    <UnitTestResult executionId="27965d63-716c-4660-89de-5b75d11f87a6" testId="cef7f277-5dc3-b0b8-eda4-af499be481dc" testName="OnApplyChildClip_Success" computerName="DKSR-EFI-06" duration="00:00:00.0530151" startTime="2024-01-09T15:41:33.9350980+01:00" endTime="2024-01-09T15:41:33.9819731+01:00" testType="13cdc9d9-ddb5-4fa4-a97d-d965ccfc6d4b" outcome="Passed" testListId="8c84fa94-04c1-424b-9868-57a2d4851a1d" relativeResultsDirectory="27965d63-716c-4660-89de-5b75d11f87a6" />
    <UnitTestResult executionId="bfd20f3a-803a-4349-808d-303e52fd9a0c" testId="55857ea6-972d-1faa-f735-21722cd852ac" testName="Constructor_OAuth_TokenCache_ArgumentNull_Thrown" computerName="DKSR-EFI-06" duration="00:00:00.0008179" startTime="2024-01-09T15:41:41.7788850+01:00" endTime="2024-01-09T15:41:41.7788850+01:00" testType="13cdc9d9-ddb5-4fa4-a97d-d965ccfc6d4b" outcome="Passed" testListId="8c84fa94-04c1-424b-9868-57a2d4851a1d" relativeResultsDirectory="bfd20f3a-803a-4349-808d-303e52fd9a0c" />
    <UnitTestResult executionId="b12daa2f-6aa6-4312-9d44-2ad63295d5eb" testId="fdac1400-a880-08a5-eb9b-8963e9019833" testName="StopAndDisconnect_SessionStarted_ServiceCalled" computerName="DKSR-EFI-06" duration="00:00:00.0017117" startTime="2024-01-09T15:41:42.0913861+01:00" endTime="2024-01-09T15:41:42.1070110+01:00" testType="13cdc9d9-ddb5-4fa4-a97d-d965ccfc6d4b" outcome="Passed" testListId="8c84fa94-04c1-424b-9868-57a2d4851a1d" relativeResultsDirectory="b12daa2f-6aa6-4312-9d44-2ad63295d5eb" />
    <UnitTestResult executionId="74ed40d3-3b88-4d1e-9717-61eec94fb48f" testId="c9ba1809-2f3f-3bdb-0be2-cd4f412ec431" testName="Constructor_BaseServerAddress_ArgumentNull_NotThrown" computerName="DKSR-EFI-06" duration="00:00:00.0007433" startTime="2024-01-09T15:41:41.8413846+01:00" endTime="2024-01-09T15:41:41.8413846+01:00" testType="13cdc9d9-ddb5-4fa4-a97d-d965ccfc6d4b" outcome="Passed" testListId="8c84fa94-04c1-424b-9868-57a2d4851a1d" relativeResultsDirectory="74ed40d3-3b88-4d1e-9717-61eec94fb48f" />
    <UnitTestResult executionId="ab8b756e-1134-408d-8421-9ad16d01ebe5" testId="05ee0585-5324-c075-c884-eef61e6407ec" testName="Distinct" computerName="DKSR-EFI-06" duration="00:00:00.0026992" startTime="2024-01-09T15:41:32.8882185+01:00" endTime="2024-01-09T15:41:32.8882185+01:00" testType="13cdc9d9-ddb5-4fa4-a97d-d965ccfc6d4b" outcome="Passed" testListId="8c84fa94-04c1-424b-9868-57a2d4851a1d" relativeResultsDirectory="ab8b756e-1134-408d-8421-9ad16d01ebe5" />
    <UnitTestResult executionId="68ccc674-24b9-441c-8f53-326348c0c217" testId="16c91d34-e916-3d59-f51a-4f9b85399289" testName="EqualsTest" computerName="DKSR-EFI-06" duration="00:00:00.0009175" startTime="2024-01-09T15:41:09.2787764+01:00" endTime="2024-01-09T15:41:09.2787764+01:00" testType="13cdc9d9-ddb5-4fa4-a97d-d965ccfc6d4b" outcome="Passed" testListId="8c84fa94-04c1-424b-9868-57a2d4851a1d" relativeResultsDirectory="68ccc674-24b9-441c-8f53-326348c0c217" />
    <UnitTestResult executionId="22e81aeb-14a7-40b0-b6ae-a71dd2eec7de" testId="3a13def5-4099-72b0-8c0e-420253783341" testName="UpdateToast_Success" computerName="DKSR-EFI-06" duration="00:00:00.0098740" startTime="2024-01-09T15:41:33.7163481+01:00" endTime="2024-01-09T15:41:33.7319715+01:00" testType="13cdc9d9-ddb5-4fa4-a97d-d965ccfc6d4b" outcome="Passed" testListId="8c84fa94-04c1-424b-9868-57a2d4851a1d" relativeResultsDirectory="22e81aeb-14a7-40b0-b6ae-a71dd2eec7de" />
    <UnitTestResult executionId="8452415b-7493-42c3-99e1-16984ab571b7" testId="7cbfb0f2-220f-3c70-4132-45e5c8965201" testName="Constructor_ShouldCreateDefaultSlide_WhenZeroSlidesGiven" computerName="DKSR-EFI-06" duration="00:00:00.0006718" startTime="2024-01-09T15:41:32.4507133+01:00" endTime="2024-01-09T15:41:32.4507133+01:00" testType="13cdc9d9-ddb5-4fa4-a97d-d965ccfc6d4b" outcome="Passed" testListId="8c84fa94-04c1-424b-9868-57a2d4851a1d" relativeResultsDirectory="8452415b-7493-42c3-99e1-16984ab571b7" />
    <UnitTestResult executionId="de0ebdca-9348-44f2-b1a5-89fe4f89812f" testId="f4aace76-8b78-d9f9-5c7e-a830773b46bd" testName="ConvertToTileStates_ArgumentNull_NotThrown" computerName="DKSR-EFI-06" duration="00:00:00.0001813" startTime="2024-01-09T15:41:42.0913861+01:00" endTime="2024-01-09T15:41:42.0913861+01:00" testType="13cdc9d9-ddb5-4fa4-a97d-d965ccfc6d4b" outcome="Passed" testListId="8c84fa94-04c1-424b-9868-57a2d4851a1d" relativeResultsDirectory="de0ebdca-9348-44f2-b1a5-89fe4f89812f" />
    <UnitTestResult executionId="9b0de8ac-f445-4b93-991f-c48a718e94f9" testId="583152d9-d199-0061-6cfe-e7b3f5f54327" testName="AuthenticationWindowsDefault_SetEnabled_Throws_InvalidOperationException" computerName="DKSR-EFI-06" duration="00:00:00.0005388" startTime="2024-01-09T15:41:42.1382606+01:00" endTime="2024-01-09T15:41:42.1382606+01:00" testType="13cdc9d9-ddb5-4fa4-a97d-d965ccfc6d4b" outcome="Passed" testListId="8c84fa94-04c1-424b-9868-57a2d4851a1d" relativeResultsDirectory="9b0de8ac-f445-4b93-991f-c48a718e94f9" />
    <UnitTestResult executionId="4b365aa9-d9e3-4054-a545-164d0d581ac2" testId="9c1495d5-6651-ae8f-908a-bfaa0ece52f3" testName="OnPreviewKeyDown_End_Success" computerName="DKSR-EFI-06" duration="00:00:00.2887304" startTime="2024-01-09T15:41:36.5444890+01:00" endTime="2024-01-09T15:41:36.8413654+01:00" testType="13cdc9d9-ddb5-4fa4-a97d-d965ccfc6d4b" outcome="Passed" testListId="8c84fa94-04c1-424b-9868-57a2d4851a1d" relativeResultsDirectory="4b365aa9-d9e3-4054-a545-164d0d581ac2" />
    <UnitTestResult executionId="d0e4d9d3-f377-4a2d-8022-eeb50aa97ace" testId="68a3dcd6-b2e6-5bb3-d82c-04377e1a7b9b" testName="UpdateServerState_FailoverErrorState" computerName="DKSR-EFI-06" duration="00:00:00.0015802" startTime="2024-01-09T15:41:41.2945084+01:00" endTime="2024-01-09T15:41:41.2945084+01:00" testType="13cdc9d9-ddb5-4fa4-a97d-d965ccfc6d4b" outcome="Passed" testListId="8c84fa94-04c1-424b-9868-57a2d4851a1d" relativeResultsDirectory="d0e4d9d3-f377-4a2d-8022-eeb50aa97ace" />
    <UnitTestResult executionId="5a7e98e8-baa9-408d-a191-ae51b0aba0bb" testId="9512ba48-0839-7f8e-1a51-7ed8079ac71a" testName="Ctor_MaxIdleTimeBeforeCleanupMoreThanAllowed_TimerNotEnabled" computerName="DKSR-EFI-06" duration="00:00:00.0534858" startTime="2024-01-09T15:41:10.3256528+01:00" endTime="2024-01-09T15:41:10.3881534+01:00" testType="13cdc9d9-ddb5-4fa4-a97d-d965ccfc6d4b" outcome="Passed" testListId="8c84fa94-04c1-424b-9868-57a2d4851a1d" relativeResultsDirectory="5a7e98e8-baa9-408d-a191-ae51b0aba0bb" />
    <UnitTestResult executionId="54327c15-6f78-4942-80fe-f977452a817b" testId="9bb26b43-c785-7f17-8df6-312acd18b6b3" testName="RemoveToast_Success" computerName="DKSR-EFI-06" duration="00:00:00.0029602" startTime="2024-01-09T15:41:33.7475977+01:00" endTime="2024-01-09T15:41:33.7475977+01:00" testType="13cdc9d9-ddb5-4fa4-a97d-d965ccfc6d4b" outcome="Passed" testListId="8c84fa94-04c1-424b-9868-57a2d4851a1d" relativeResultsDirectory="54327c15-6f78-4942-80fe-f977452a817b" />
    <UnitTestResult executionId="6c09c022-e03c-4e2a-a967-0fef6a9aac84" testId="bf21cb13-4f33-4868-5185-223274a7024a" testName="TryGetIntValue_KeyFound_ValueReturned" computerName="DKSR-EFI-06" duration="00:00:00.0002514" startTime="2024-01-09T15:41:41.6382608+01:00" endTime="2024-01-09T15:41:41.6382608+01:00" testType="13cdc9d9-ddb5-4fa4-a97d-d965ccfc6d4b" outcome="Passed" testListId="8c84fa94-04c1-424b-9868-57a2d4851a1d" relativeResultsDirectory="6c09c022-e03c-4e2a-a967-0fef6a9aac84" />
    <UnitTestResult executionId="3cb2c680-1b35-47c8-a848-169f9830718c" testId="a4ebc8c3-3a4e-4ab1-e6c5-04365965ee9e" testName="Constructor_StateService_ArgumentNull_Thrown" computerName="DKSR-EFI-06" duration="00:00:00.0009325" startTime="2024-01-09T15:41:41.6851368+01:00" endTime="2024-01-09T15:41:41.6851368+01:00" testType="13cdc9d9-ddb5-4fa4-a97d-d965ccfc6d4b" outcome="Passed" testListId="8c84fa94-04c1-424b-9868-57a2d4851a1d" relativeResultsDirectory="3cb2c680-1b35-47c8-a848-169f9830718c" />
    <UnitTestResult executionId="60fdd914-bcc8-4764-87d0-3ca22e114629" testId="4542ac08-3156-be6f-f9b6-60fac905db13" testName="DetermineScaledWindowLocationAndSize_AtPosition_150Percent_Scaling" computerName="DKSR-EFI-06" duration="00:00:00.0011710" startTime="2024-01-09T15:41:33.4350951+01:00" endTime="2024-01-09T15:41:33.4350951+01:00" testType="13cdc9d9-ddb5-4fa4-a97d-d965ccfc6d4b" outcome="Passed" testListId="8c84fa94-04c1-424b-9868-57a2d4851a1d" relativeResultsDirectory="60fdd914-bcc8-4764-87d0-3ca22e114629" />
    <UnitTestResult executionId="0f649f85-1919-4e33-a7ac-4cfed12c7651" testId="fe6a9027-ba74-76b9-9001-ff053b4242c3" testName="MeasureOverride_3childEnoughSpace_NotShrunk" computerName="DKSR-EFI-06" duration="00:00:00.0041934" startTime="2024-01-09T15:41:17.6850392+01:00" endTime="2024-01-09T15:41:17.6850392+01:00" testType="13cdc9d9-ddb5-4fa4-a97d-d965ccfc6d4b" outcome="Passed" testListId="8c84fa94-04c1-424b-9868-57a2d4851a1d" relativeResultsDirectory="0f649f85-1919-4e33-a7ac-4cfed12c7651" />
    <UnitTestResult executionId="c5221b9b-5e60-43e5-88f1-44635f338fda" testId="cbb93574-008f-0923-82a1-ea6b8693b1c4" testName="Changing_The_Last_Item_Works" computerName="DKSR-EFI-06" duration="00:00:00.0015179" startTime="2024-01-09T15:41:32.6382158+01:00" endTime="2024-01-09T15:41:32.6382158+01:00" testType="13cdc9d9-ddb5-4fa4-a97d-d965ccfc6d4b" outcome="Passed" testListId="8c84fa94-04c1-424b-9868-57a2d4851a1d" relativeResultsDirectory="c5221b9b-5e60-43e5-88f1-44635f338fda" />
    <UnitTestResult executionId="19fad134-26fb-4706-a22f-da3a54033521" testId="1f62d143-3147-647f-0581-911ba09941ed" testName="OnPreviewKeyDown_Enter_Success" computerName="DKSR-EFI-06" duration="00:00:00.1964083" startTime="2024-01-09T15:41:37.5601173+01:00" endTime="2024-01-09T15:41:37.7632429+01:00" testType="13cdc9d9-ddb5-4fa4-a97d-d965ccfc6d4b" outcome="Passed" testListId="8c84fa94-04c1-424b-9868-57a2d4851a1d" relativeResultsDirectory="19fad134-26fb-4706-a22f-da3a54033521" />
    <UnitTestResult executionId="ecc2ecd4-ac25-4786-9da2-7b7b82411ea0" testId="af71ed0e-187b-fd2b-1963-f93916cf4abc" testName="TooltipServiceWarning_NotCritical" computerName="DKSR-EFI-06" duration="00:00:00.0001975" startTime="2024-01-09T15:41:41.2945084+01:00" endTime="2024-01-09T15:41:41.2945084+01:00" testType="13cdc9d9-ddb5-4fa4-a97d-d965ccfc6d4b" outcome="Passed" testListId="8c84fa94-04c1-424b-9868-57a2d4851a1d" relativeResultsDirectory="ecc2ecd4-ac25-4786-9da2-7b7b82411ea0" />
    <UnitTestResult executionId="772a7bbc-df4e-4fed-a122-4ebc70785c7b" testId="b65ce05c-91af-c3db-9a3c-440082baa61d" testName="Convert_WithOffset_Success" computerName="DKSR-EFI-06" duration="00:00:00.0003838" startTime="2024-01-09T15:41:10.4506538+01:00" endTime="2024-01-09T15:41:10.4506538+01:00" testType="13cdc9d9-ddb5-4fa4-a97d-d965ccfc6d4b" outcome="Passed" testListId="8c84fa94-04c1-424b-9868-57a2d4851a1d" relativeResultsDirectory="772a7bbc-df4e-4fed-a122-4ebc70785c7b" />
    <UnitTestResult executionId="4f3897ab-db38-4237-9dcc-32cf277a3a65" testId="bb96e440-92b4-1c31-95b5-59b0e4d11807" testName="GetIntValueOrDefault_KeyFound_ValueReturned" computerName="DKSR-EFI-06" duration="00:00:00.0006055" startTime="2024-01-09T15:41:41.5913863+01:00" endTime="2024-01-09T15:41:41.5913863+01:00" testType="13cdc9d9-ddb5-4fa4-a97d-d965ccfc6d4b" outcome="Passed" testListId="8c84fa94-04c1-424b-9868-57a2d4851a1d" relativeResultsDirectory="4f3897ab-db38-4237-9dcc-32cf277a3a65" />
    <UnitTestResult executionId="84ede756-3955-49d2-98b4-4093301ad445" testId="a3cffcd5-ca5b-acfc-2c92-56cbd2780945" testName="RightMouseDown_InsideSelection_NothingChanges" computerName="DKSR-EFI-06" duration="00:00:00.1211455" startTime="2024-01-09T15:41:17.0444140+01:00" endTime="2024-01-09T15:41:17.1694156+01:00" testType="13cdc9d9-ddb5-4fa4-a97d-d965ccfc6d4b" outcome="Passed" testListId="8c84fa94-04c1-424b-9868-57a2d4851a1d" relativeResultsDirectory="84ede756-3955-49d2-98b4-4093301ad445" />
    <UnitTestResult executionId="651c6c7c-0471-4554-9e20-ab3474a9e8a0" testId="9fa25131-4a4e-7dac-7ed1-7e35fdb0b337" testName="ItemHolderSelectedToggleButton_Init_Success" computerName="DKSR-EFI-06" duration="00:00:00.0337383" startTime="2024-01-09T15:41:33.8257230+01:00" endTime="2024-01-09T15:41:33.8569738+01:00" testType="13cdc9d9-ddb5-4fa4-a97d-d965ccfc6d4b" outcome="Passed" testListId="8c84fa94-04c1-424b-9868-57a2d4851a1d" relativeResultsDirectory="651c6c7c-0471-4554-9e20-ab3474a9e8a0" />
    <UnitTestResult executionId="fee14a41-e1b1-4172-afc8-9c31fb336798" testId="98ecfc2f-a242-ec20-0f52-a34da70ff901" testName="DoComboSelectionSetsComboTextToTypeNameIfSelectionIsNotInstance" computerName="DKSR-EFI-06" duration="00:00:00.0038423" startTime="2024-01-09T15:41:25.7631709+01:00" endTime="2024-01-09T15:41:25.7631709+01:00" testType="13cdc9d9-ddb5-4fa4-a97d-d965ccfc6d4b" outcome="Passed" testListId="8c84fa94-04c1-424b-9868-57a2d4851a1d" relativeResultsDirectory="fee14a41-e1b1-4172-afc8-9c31fb336798" />
    <UnitTestResult executionId="f0a8f170-8001-4441-b234-e96c4a320e65" testId="9af8ac57-47e8-e560-cb3c-d72fb3be6de6" testName="OnPreviewKeyDown_Up_Success" computerName="DKSR-EFI-06" duration="00:00:00.2373169" startTime="2024-01-09T15:41:35.8882321+01:00" endTime="2024-01-09T15:41:36.1226117+01:00" testType="13cdc9d9-ddb5-4fa4-a97d-d965ccfc6d4b" outcome="Passed" testListId="8c84fa94-04c1-424b-9868-57a2d4851a1d" relativeResultsDirectory="f0a8f170-8001-4441-b234-e96c4a320e65" />
    <UnitTestResult executionId="84403f87-5e38-4f0b-967e-3f572bbb607d" testId="8a840b5c-7cc0-3e0e-9c58-be69d6fcfb38" testName="FontDownCommand_ShouldDecreaseFontForSelectedSlide" computerName="DKSR-EFI-06" duration="00:00:00.0007200" startTime="2024-01-09T15:41:32.4663387+01:00" endTime="2024-01-09T15:41:32.4663387+01:00" testType="13cdc9d9-ddb5-4fa4-a97d-d965ccfc6d4b" outcome="Passed" testListId="8c84fa94-04c1-424b-9868-57a2d4851a1d" relativeResultsDirectory="84403f87-5e38-4f0b-967e-3f572bbb607d" />
    <UnitTestResult executionId="1d8d8ca6-804f-4600-a5c5-6b08738496fe" testId="5a9cc3cc-6255-3658-268b-a50ddfebf55b" testName="ClearUnsecureConnectionAllowedForUser_ShouldRemoveUser_WhenUserExists" computerName="DKSR-EFI-06" duration="00:00:00.0121113" startTime="2024-01-09T15:41:42.4038872+01:00" endTime="2024-01-09T15:41:42.4195132+01:00" testType="13cdc9d9-ddb5-4fa4-a97d-d965ccfc6d4b" outcome="Passed" testListId="8c84fa94-04c1-424b-9868-57a2d4851a1d" relativeResultsDirectory="1d8d8ca6-804f-4600-a5c5-6b08738496fe" />
    <UnitTestResult executionId="b5ea647a-c08d-4dc0-bfab-9e0f1cc9b4e0" testId="910ea956-c4b4-dc72-c890-ea2c8afbd1ba" testName="AllowUnsecureConnection_ShouldBeTrue_WhenAllowUnsecureIsTrue" computerName="DKSR-EFI-06" duration="00:00:00.0031377" startTime="2024-01-09T15:41:42.2788863+01:00" endTime="2024-01-09T15:41:42.2788863+01:00" testType="13cdc9d9-ddb5-4fa4-a97d-d965ccfc6d4b" outcome="Passed" testListId="8c84fa94-04c1-424b-9868-57a2d4851a1d" relativeResultsDirectory="b5ea647a-c08d-4dc0-bfab-9e0f1cc9b4e0" />
    <UnitTestResult executionId="65ee193e-b00d-48df-bc34-bb8c35009931" testId="c7b24253-640c-715b-788e-d204a9314e7e" testName="ReorderTilesOrdersByPositionServer" computerName="DKSR-EFI-06" startTime="2024-01-09T15:41:25.3725442+01:00" endTime="2024-01-09T15:41:25.3881705+01:00" testType="13cdc9d9-ddb5-4fa4-a97d-d965ccfc6d4b" outcome="NotExecuted" testListId="8c84fa94-04c1-424b-9868-57a2d4851a1d" relativeResultsDirectory="65ee193e-b00d-48df-bc34-bb8c35009931">
      <Output>
        <ErrorInfo>
          <Message>EORP-655 unstable test: fails in gate (probability ~1/100).</Message>
        </ErrorInfo>
      </Output>
    </UnitTestResult>
    <UnitTestResult executionId="3848751b-9869-468b-adfc-e7fcf810f324" testId="800a9cc5-fc26-2bf4-fde7-906d76a2a91c" testName="AddToast_ExistingToast_Success" computerName="DKSR-EFI-06" duration="00:00:00.0057635" startTime="2024-01-09T15:41:11.0756567+01:00" endTime="2024-01-09T15:41:11.0912817+01:00" testType="13cdc9d9-ddb5-4fa4-a97d-d965ccfc6d4b" outcome="Passed" testListId="8c84fa94-04c1-424b-9868-57a2d4851a1d" relativeResultsDirectory="3848751b-9869-468b-adfc-e7fcf810f324" />
    <UnitTestResult executionId="e078419b-73ab-46d3-ab1c-36a1b2106e26" testId="16ee0ac6-17eb-3505-339b-384a8e931cbc" testName="ThumbLoadedEventIsNotFiredUntilAllThumbsAreLoaded" computerName="DKSR-EFI-06" duration="00:00:06.9387541" startTime="2024-01-09T15:41:17.8256677+01:00" endTime="2024-01-09T15:41:24.7631691+01:00" testType="13cdc9d9-ddb5-4fa4-a97d-d965ccfc6d4b" outcome="Passed" testListId="8c84fa94-04c1-424b-9868-57a2d4851a1d" relativeResultsDirectory="e078419b-73ab-46d3-ab1c-36a1b2106e26" />
    <UnitTestResult executionId="f5d24ed8-6849-400f-9d1d-ab8bde27c9db" testId="dab9c0b3-4ffb-2848-2c64-5c66c2da8b39" testName="SequenceEqualIgnoreOrder_DifferentlySizedCollections_IgnoreOrder_SymmetricalFalseResult" computerName="DKSR-EFI-06" duration="00:00:00.0019426" startTime="2024-01-09T15:41:32.9507184+01:00" endTime="2024-01-09T15:41:32.9507184+01:00" testType="13cdc9d9-ddb5-4fa4-a97d-d965ccfc6d4b" outcome="Passed" testListId="8c84fa94-04c1-424b-9868-57a2d4851a1d" relativeResultsDirectory="f5d24ed8-6849-400f-9d1d-ab8bde27c9db" />
    <UnitTestResult executionId="8bb929ff-918b-499e-a999-527884b63425" testId="b301c31a-5fce-b4b4-96b1-9d8598e593a2" testName="RoundToMinute_Up" computerName="DKSR-EFI-06" duration="00:00:00.0012351" startTime="2024-01-09T15:41:32.7163404+01:00" endTime="2024-01-09T15:41:32.7319656+01:00" testType="13cdc9d9-ddb5-4fa4-a97d-d965ccfc6d4b" outcome="Passed" testListId="8c84fa94-04c1-424b-9868-57a2d4851a1d" relativeResultsDirectory="8bb929ff-918b-499e-a999-527884b63425" />
    <UnitTestResult executionId="273a5ee0-c76c-45f4-9daf-573e026347f4" testId="62c465a4-ad44-3be7-a78e-7e91064f29e0" testName="SingleCameraGroupMustSetDisplayNameDeletedCameraTextIfItDoesNotExist" computerName="DKSR-EFI-06" duration="00:00:00.0003768" startTime="2024-01-09T15:41:26.0287977+01:00" endTime="2024-01-09T15:41:26.0287977+01:00" testType="13cdc9d9-ddb5-4fa4-a97d-d965ccfc6d4b" outcome="Passed" testListId="8c84fa94-04c1-424b-9868-57a2d4851a1d" relativeResultsDirectory="273a5ee0-c76c-45f4-9daf-573e026347f4" />
    <UnitTestResult executionId="d7cd9aa2-379e-4fd7-8f2e-d28c51546fea" testId="a6bf3e32-69e6-e77a-4075-d39c48232b1d" testName="StartCameraStates_CommunicationException_WithCustomLogger_DoubledSleepDuration" computerName="DKSR-EFI-06" duration="00:00:00.0045513" startTime="2024-01-09T15:41:42.0132617+01:00" endTime="2024-01-09T15:41:42.0132617+01:00" testType="13cdc9d9-ddb5-4fa4-a97d-d965ccfc6d4b" outcome="Passed" testListId="8c84fa94-04c1-424b-9868-57a2d4851a1d" relativeResultsDirectory="d7cd9aa2-379e-4fd7-8f2e-d28c51546fea" />
    <UnitTestResult executionId="313dbc0a-ce87-4b77-8748-039d3f94d00d" testId="d7a4b603-8308-5acd-9a99-39b73afff367" testName="RoundToSecond_Nearest" computerName="DKSR-EFI-06" duration="00:00:00.0010750" startTime="2024-01-09T15:41:33.0913432+01:00" endTime="2024-01-09T15:41:33.0913432+01:00" testType="13cdc9d9-ddb5-4fa4-a97d-d965ccfc6d4b" outcome="Passed" testListId="8c84fa94-04c1-424b-9868-57a2d4851a1d" relativeResultsDirectory="313dbc0a-ce87-4b77-8748-039d3f94d00d" />
    <UnitTestResult executionId="58915507-5cf3-4665-89f8-cfefaa4d6f6b" testId="cc3505a4-7232-cc24-3cfe-056b7e73ed2b" testName="CompareToTest" computerName="DKSR-EFI-06" duration="00:00:00.0024809" startTime="2024-01-09T15:41:09.2475279+01:00" endTime="2024-01-09T15:41:09.2475279+01:00" testType="13cdc9d9-ddb5-4fa4-a97d-d965ccfc6d4b" outcome="Passed" testListId="8c84fa94-04c1-424b-9868-57a2d4851a1d" relativeResultsDirectory="58915507-5cf3-4665-89f8-cfefaa4d6f6b" />
    <UnitTestResult executionId="e440b84d-f6b9-4d63-9d33-8bcef74d7572" testId="278a11dd-76cf-5c46-224d-0d3283afee51" testName="GetStates_SessionStarted_WithStates" computerName="DKSR-EFI-06" duration="00:00:00.0009032" startTime="2024-01-09T15:41:41.7007598+01:00" endTime="2024-01-09T15:41:41.7007598+01:00" testType="13cdc9d9-ddb5-4fa4-a97d-d965ccfc6d4b" outcome="Passed" testListId="8c84fa94-04c1-424b-9868-57a2d4851a1d" relativeResultsDirectory="e440b84d-f6b9-4d63-9d33-8bcef74d7572" />
    <UnitTestResult executionId="e6cca7c1-3cc0-40f4-b532-59ac9a822ae7" testId="133cb637-1f14-da6d-6e37-6a27375b1670" testName="ArrangeOverride__6child_AllMustShrinkAndRestore__AllAreShrunkAndRestored" computerName="DKSR-EFI-06" duration="00:00:00.0185546" startTime="2024-01-09T15:41:17.7944134+01:00" endTime="2024-01-09T15:41:17.8256677+01:00" testType="13cdc9d9-ddb5-4fa4-a97d-d965ccfc6d4b" outcome="Passed" testListId="8c84fa94-04c1-424b-9868-57a2d4851a1d" relativeResultsDirectory="e6cca7c1-3cc0-40f4-b532-59ac9a822ae7">
      <Output>
        <StdOut>Debug Trace:&#xD;
offsets: 0, 31, 82, 123, 123, 164&#xD;
widths: 11, 31, 51, 0, 11, 51</StdOut>
      </Output>
    </UnitTestResult>
    <UnitTestResult executionId="d19bd290-0ac1-43f2-8c76-38eb1eeda47f" testId="26b17eff-fa5a-17f2-d1c6-54abe3c460d9" testName="StartServerStates_ThreadInterruptException_DoubledSleepDuration" computerName="DKSR-EFI-06" duration="00:00:00.0013356" startTime="2024-01-09T15:41:42.0757622+01:00" endTime="2024-01-09T15:41:42.0757622+01:00" testType="13cdc9d9-ddb5-4fa4-a97d-d965ccfc6d4b" outcome="Passed" testListId="8c84fa94-04c1-424b-9868-57a2d4851a1d" relativeResultsDirectory="d19bd290-0ac1-43f2-8c76-38eb1eeda47f" />
    <UnitTestResult executionId="269b7cfe-8596-42ac-b027-52ebfb2235ad" testId="3b223dd9-b4de-6435-8d9f-fb5af0ea22bc" testName="Ctor_Success" computerName="DKSR-EFI-06" duration="00:00:00.0009144" startTime="2024-01-09T15:41:33.7632230+01:00" endTime="2024-01-09T15:41:33.7632230+01:00" testType="13cdc9d9-ddb5-4fa4-a97d-d965ccfc6d4b" outcome="Passed" testListId="8c84fa94-04c1-424b-9868-57a2d4851a1d" relativeResultsDirectory="269b7cfe-8596-42ac-b027-52ebfb2235ad" />
    <UnitTestResult executionId="e150be5f-1916-47d8-bbf1-a326240803b9" testId="a6478b4f-f785-703a-7384-c2061869f444" testName="DoComboTicksAllIfSelectedTileIsNull" computerName="DKSR-EFI-06" duration="00:00:00.0019195" startTime="2024-01-09T15:41:25.8412937+01:00" endTime="2024-01-09T15:41:25.8412937+01:00" testType="13cdc9d9-ddb5-4fa4-a97d-d965ccfc6d4b" outcome="Passed" testListId="8c84fa94-04c1-424b-9868-57a2d4851a1d" relativeResultsDirectory="e150be5f-1916-47d8-bbf1-a326240803b9" />
    <UnitTestResult executionId="77d41faa-2e38-425d-acc2-8759a4063061" testId="3ff3319a-948e-ff61-1feb-7a7a66592fd5" testName="ConvertToTileStates_Convert" computerName="DKSR-EFI-06" duration="00:00:00.0019141" startTime="2024-01-09T15:41:42.0913861+01:00" endTime="2024-01-09T15:41:42.0913861+01:00" testType="13cdc9d9-ddb5-4fa4-a97d-d965ccfc6d4b" outcome="Passed" testListId="8c84fa94-04c1-424b-9868-57a2d4851a1d" relativeResultsDirectory="77d41faa-2e38-425d-acc2-8759a4063061" />
    <UnitTestResult executionId="4b47ae9e-7ddf-4a60-875f-ba4649100919" testId="54f6e699-b3d1-75b1-4814-37e5fcfee1a3" testName="Constructor_ShouldCreateTreeOfDepth3_WhenUnitsHaveGrandparentButIncludeIsEnabled" computerName="DKSR-EFI-06" duration="00:00:00.0080226" startTime="2024-01-09T15:41:10.2944031+01:00" endTime="2024-01-09T15:41:10.2944031+01:00" testType="13cdc9d9-ddb5-4fa4-a97d-d965ccfc6d4b" outcome="Passed" testListId="8c84fa94-04c1-424b-9868-57a2d4851a1d" relativeResultsDirectory="4b47ae9e-7ddf-4a60-875f-ba4649100919" />
    <UnitTestResult executionId="3db3db3b-8ef7-4014-b7bb-4bb398c6caba" testId="eee8a259-a056-ce20-fd00-ef8675395c38" testName="SequenceEquals_NullCollection_IgnoreOrder_FalseResult" computerName="DKSR-EFI-06" duration="00:00:00.0001957" startTime="2024-01-09T15:41:32.5757156+01:00" endTime="2024-01-09T15:41:32.5757156+01:00" testType="13cdc9d9-ddb5-4fa4-a97d-d965ccfc6d4b" outcome="Passed" testListId="8c84fa94-04c1-424b-9868-57a2d4851a1d" relativeResultsDirectory="3db3db3b-8ef7-4014-b7bb-4bb398c6caba" />
    <UnitTestResult executionId="ea3b8c3d-fee8-4419-a840-a18922bcfd64" testId="ed71c039-25d2-86e6-ce2e-7f7815b19541" testName="FindOptimalTilingReturnsIfNoCameraTilesAndNoServerTiles" computerName="DKSR-EFI-06" duration="00:00:00.0027598" startTime="2024-01-09T15:41:24.9662945+01:00" endTime="2024-01-09T15:41:24.9662945+01:00" testType="13cdc9d9-ddb5-4fa4-a97d-d965ccfc6d4b" outcome="Passed" testListId="8c84fa94-04c1-424b-9868-57a2d4851a1d" relativeResultsDirectory="ea3b8c3d-fee8-4419-a840-a18922bcfd64" />
    <UnitTestResult executionId="8a714851-315e-4242-9824-0147dd6e4e0d" testId="ff05611d-fdda-b2a8-4bf8-b702f180c253" testName="UpTileSwapsPositionsOfTileAndPredecessor" computerName="DKSR-EFI-06" duration="00:00:00.0060150" startTime="2024-01-09T15:41:25.6537939+01:00" endTime="2024-01-09T15:41:25.6694212+01:00" testType="13cdc9d9-ddb5-4fa4-a97d-d965ccfc6d4b" outcome="Passed" testListId="8c84fa94-04c1-424b-9868-57a2d4851a1d" relativeResultsDirectory="8a714851-315e-4242-9824-0147dd6e4e0d" />
    <UnitTestResult executionId="ce23dff6-8b39-438d-b1ed-6bdc40daa46d" testId="0a8ef08d-9dbb-9ec8-d4a3-65f99078cd81" testName="OnPreviewKeyDown_Right_Success" computerName="DKSR-EFI-06" duration="00:00:00.2121369" startTime="2024-01-09T15:41:36.1226117+01:00" endTime="2024-01-09T15:41:36.3413647+01:00" testType="13cdc9d9-ddb5-4fa4-a97d-d965ccfc6d4b" outcome="Passed" testListId="8c84fa94-04c1-424b-9868-57a2d4851a1d" relativeResultsDirectory="ce23dff6-8b39-438d-b1ed-6bdc40daa46d" />
    <UnitTestResult executionId="cfcc91d5-f2e2-4e7a-9b01-b101f04a124d" testId="3c8c7252-b903-0c1c-e35f-58aec4759494" testName="RoundToHour_Nearest" computerName="DKSR-EFI-06" duration="00:00:00.0013112" startTime="2024-01-09T15:41:32.7475939+01:00" endTime="2024-01-09T15:41:32.7475939+01:00" testType="13cdc9d9-ddb5-4fa4-a97d-d965ccfc6d4b" outcome="Passed" testListId="8c84fa94-04c1-424b-9868-57a2d4851a1d" relativeResultsDirectory="cfcc91d5-f2e2-4e7a-9b01-b101f04a124d" />
    <UnitTestResult executionId="c75f2ad8-b11f-4404-b3c4-79c99af3806c" testId="b8e97d03-ef15-901d-1e9d-db40f54cbfb0" testName="FormsControlScaledHeight_150Percent_Scaling" computerName="DKSR-EFI-06" duration="00:00:00.1262875" startTime="2024-01-09T15:41:33.2007181+01:00" endTime="2024-01-09T15:41:33.3257197+01:00" testType="13cdc9d9-ddb5-4fa4-a97d-d965ccfc6d4b" outcome="Passed" testListId="8c84fa94-04c1-424b-9868-57a2d4851a1d" relativeResultsDirectory="c75f2ad8-b11f-4404-b3c4-79c99af3806c" />
    <UnitTestResult executionId="eeac9d13-bd0d-4a13-b938-17053aafea61" testId="6ff49ce2-6c5f-2d12-78c5-d9fccb402e88" testName="RemoveToast_ExistingToast_Success" computerName="DKSR-EFI-06" duration="00:00:00.0015668" startTime="2024-01-09T15:41:11.0912817+01:00" endTime="2024-01-09T15:41:11.0912817+01:00" testType="13cdc9d9-ddb5-4fa4-a97d-d965ccfc6d4b" outcome="Passed" testListId="8c84fa94-04c1-424b-9868-57a2d4851a1d" relativeResultsDirectory="eeac9d13-bd0d-4a13-b938-17053aafea61" />
    <UnitTestResult executionId="cf3a5c75-2a93-419f-8370-e3100f52d028" testId="ba582828-87c0-f796-0108-b7c57cda86c7" testName="Convert_NotDoubleParameter_ReturnsUnsetValue" computerName="DKSR-EFI-06" duration="00:00:00.0006944" startTime="2024-01-09T15:41:10.4506538+01:00" endTime="2024-01-09T15:41:10.4506538+01:00" testType="13cdc9d9-ddb5-4fa4-a97d-d965ccfc6d4b" outcome="Passed" testListId="8c84fa94-04c1-424b-9868-57a2d4851a1d" relativeResultsDirectory="cf3a5c75-2a93-419f-8370-e3100f52d028" />
    <UnitTestResult executionId="ccd28529-3967-47cd-b133-ec3e60641463" testId="d5c0e485-765d-c99d-60c1-f669baa2c385" testName="Convert_SingleValueConverter_ValidValue_Success" computerName="DKSR-EFI-06" duration="00:00:00.0005610" startTime="2024-01-09T15:41:33.4663450+01:00" endTime="2024-01-09T15:41:33.4663450+01:00" testType="13cdc9d9-ddb5-4fa4-a97d-d965ccfc6d4b" outcome="Passed" testListId="8c84fa94-04c1-424b-9868-57a2d4851a1d" relativeResultsDirectory="ccd28529-3967-47cd-b133-ec3e60641463" />
    <UnitTestResult executionId="9109e9e0-478a-4448-ba17-49d15dd0ffc1" testId="067f6aa9-8e9c-3bdb-54dc-59497bccef18" testName="Convert_RespectMaxValue_Success" computerName="DKSR-EFI-06" duration="00:00:00.0004183" startTime="2024-01-09T15:41:10.4662798+01:00" endTime="2024-01-09T15:41:10.4662798+01:00" testType="13cdc9d9-ddb5-4fa4-a97d-d965ccfc6d4b" outcome="Passed" testListId="8c84fa94-04c1-424b-9868-57a2d4851a1d" relativeResultsDirectory="9109e9e0-478a-4448-ba17-49d15dd0ffc1" />
    <UnitTestResult executionId="a5d97404-1042-4adf-a4a2-2f95377e59d1" testId="ed6cc5e3-e995-dc54-805e-582527975834" testName="Constructor_WindowsUser_BaseServerAddress_ArgumentNull_Thrown" computerName="DKSR-EFI-06" duration="00:00:00.0014429" startTime="2024-01-09T15:41:41.8570106+01:00" endTime="2024-01-09T15:41:41.8570106+01:00" testType="13cdc9d9-ddb5-4fa4-a97d-d965ccfc6d4b" outcome="Passed" testListId="8c84fa94-04c1-424b-9868-57a2d4851a1d" relativeResultsDirectory="a5d97404-1042-4adf-a4a2-2f95377e59d1" />
    <UnitTestResult executionId="59277239-fcd2-4218-a70b-57fd622d49ce" testId="5095d613-b74e-da81-c8c0-bc71c282beb3" testName="SequenceEquals_UnequalCollections_RespectOrder_SymmetricalTrueResult" computerName="DKSR-EFI-06" duration="00:00:00.0002861" startTime="2024-01-09T15:41:32.5600895+01:00" endTime="2024-01-09T15:41:32.5600895+01:00" testType="13cdc9d9-ddb5-4fa4-a97d-d965ccfc6d4b" outcome="Passed" testListId="8c84fa94-04c1-424b-9868-57a2d4851a1d" relativeResultsDirectory="59277239-fcd2-4218-a70b-57fd622d49ce" />
    <UnitTestResult executionId="3b726e17-1bec-4b60-a668-9a6fa28e3628" testId="3edfc2a7-1754-35d9-a869-000eb02198df" testName="FindOptimalTilingReturnsIfPassedZeroSize" computerName="DKSR-EFI-06" duration="00:00:00.0945578" startTime="2024-01-09T15:41:24.8725434+01:00" endTime="2024-01-09T15:41:24.9662945+01:00" testType="13cdc9d9-ddb5-4fa4-a97d-d965ccfc6d4b" outcome="Passed" testListId="8c84fa94-04c1-424b-9868-57a2d4851a1d" relativeResultsDirectory="3b726e17-1bec-4b60-a668-9a6fa28e3628" />
    <UnitTestResult executionId="6da0d668-bba8-4940-8a33-080025d3b6dd" testId="8767f881-fdc8-88b5-6aba-c8e95f3120ba" testName="Constructor_ShouldCreateTreeOfDepth2_WhenUnitsHaveParentButNoGrandparentButIncludeIsEnabled" computerName="DKSR-EFI-06" duration="00:00:00.0047064" startTime="2024-01-09T15:41:10.2807472+01:00" endTime="2024-01-09T15:41:10.2807472+01:00" testType="13cdc9d9-ddb5-4fa4-a97d-d965ccfc6d4b" outcome="Passed" testListId="8c84fa94-04c1-424b-9868-57a2d4851a1d" relativeResultsDirectory="6da0d668-bba8-4940-8a33-080025d3b6dd" />
    <UnitTestResult executionId="2d1fa6a0-9530-4375-954e-e2ae6c832f81" testId="a0a697d6-c6a3-5a08-d701-7b26e299e138" testName="SaveToFile_ShouldSaveAllowUnsecureConnection_WhenAllowUnsecureSetToTrueAndServerEntryDoesNotExistInXml" computerName="DKSR-EFI-06" duration="00:00:00.0030391" startTime="2024-01-09T15:41:42.3882602+01:00" endTime="2024-01-09T15:41:42.3882602+01:00" testType="13cdc9d9-ddb5-4fa4-a97d-d965ccfc6d4b" outcome="Passed" testListId="8c84fa94-04c1-424b-9868-57a2d4851a1d" relativeResultsDirectory="2d1fa6a0-9530-4375-954e-e2ae6c832f81" />
    <UnitTestResult executionId="0d8e2730-8da0-4c80-ba1f-39f09f68f849" testId="2cd364b1-6937-7083-5f7e-1dd1eac47cf1" testName="AuthenticationExternal_SetProperties_Success" computerName="DKSR-EFI-06" duration="00:00:00.0050989" startTime="2024-01-09T15:41:42.1382606+01:00" endTime="2024-01-09T15:41:42.1538855+01:00" testType="13cdc9d9-ddb5-4fa4-a97d-d965ccfc6d4b" outcome="Passed" testListId="8c84fa94-04c1-424b-9868-57a2d4851a1d" relativeResultsDirectory="0d8e2730-8da0-4c80-ba1f-39f09f68f849" />
    <UnitTestResult executionId="18a7b19d-f0b9-4599-bb56-0f3c18f3d226" testId="7f0c527e-e0ba-a3e5-7988-c20f8f846917" testName="OnPreviewKeyDown_Shift_Click_Select_ChangeSelection_Success" computerName="DKSR-EFI-06" duration="00:00:00.2507786" startTime="2024-01-09T15:41:39.7320023+01:00" endTime="2024-01-09T15:41:39.9820053+01:00" testType="13cdc9d9-ddb5-4fa4-a97d-d965ccfc6d4b" outcome="Passed" testListId="8c84fa94-04c1-424b-9868-57a2d4851a1d" relativeResultsDirectory="18a7b19d-f0b9-4599-bb56-0f3c18f3d226" />
    <UnitTestResult executionId="f8db18ba-56a0-4c25-a2a0-2d2b161cba04" testId="86511367-20e7-9ea5-808a-c86846f8f9e3" testName="MeasureOverride_3childEnoughSpaceNoSpacing_Shrunk" computerName="DKSR-EFI-06" duration="00:00:00.0034737" startTime="2024-01-09T15:41:17.6850392+01:00" endTime="2024-01-09T15:41:17.7006650+01:00" testType="13cdc9d9-ddb5-4fa4-a97d-d965ccfc6d4b" outcome="Passed" testListId="8c84fa94-04c1-424b-9868-57a2d4851a1d" relativeResultsDirectory="f8db18ba-56a0-4c25-a2a0-2d2b161cba04" />
    <UnitTestResult executionId="3e901fbf-fda8-4ded-a558-c954e4c16236" testId="3b4e9ba3-5a1a-3d04-7b0a-c75c5f0c3a72" testName="StopsFiringAfterRemove" computerName="DKSR-EFI-06" duration="00:00:00.0008994" startTime="2024-01-09T15:41:32.6538398+01:00" endTime="2024-01-09T15:41:32.6538398+01:00" testType="13cdc9d9-ddb5-4fa4-a97d-d965ccfc6d4b" outcome="Passed" testListId="8c84fa94-04c1-424b-9868-57a2d4851a1d" relativeResultsDirectory="3e901fbf-fda8-4ded-a558-c954e4c16236" />
    <UnitTestResult executionId="8df241db-aa27-435f-be4d-9b40f3d593a8" testId="e1f855c8-36b9-4274-1f3f-20a1e21c5404" testName="OnPreviewKeyDown_Ctrl_Click_Unselect_Success" computerName="DKSR-EFI-06" duration="00:00:00.2895836" startTime="2024-01-09T15:41:40.8882990+01:00" endTime="2024-01-09T15:41:41.1851356+01:00" testType="13cdc9d9-ddb5-4fa4-a97d-d965ccfc6d4b" outcome="Passed" testListId="8c84fa94-04c1-424b-9868-57a2d4851a1d" relativeResultsDirectory="8df241db-aa27-435f-be4d-9b40f3d593a8" />
    <UnitTestResult executionId="980638e7-c986-4d76-9456-6d87f4901ae4" testId="dfdaa8e6-900c-926b-6ac3-82e2d0119e60" testName="ExpirationTimerOnTick_ToastNotExpired_Success" computerName="DKSR-EFI-06" duration="00:00:00.0010973" startTime="2024-01-09T15:41:33.4819719+01:00" endTime="2024-01-09T15:41:33.4975949+01:00" testType="13cdc9d9-ddb5-4fa4-a97d-d965ccfc6d4b" outcome="Passed" testListId="8c84fa94-04c1-424b-9868-57a2d4851a1d" relativeResultsDirectory="980638e7-c986-4d76-9456-6d87f4901ae4" />
    <UnitTestResult executionId="f4d5bb50-82f2-4333-8d96-644185b75193" testId="4f4a64cd-6297-dad0-e258-e2bc655c9f25" testName="ShowCustomizeWindowReturnsIfNoWritePermission" computerName="DKSR-EFI-06" duration="00:00:00.0018430" startTime="2024-01-09T15:41:25.3725442+01:00" endTime="2024-01-09T15:41:25.3725442+01:00" testType="13cdc9d9-ddb5-4fa4-a97d-d965ccfc6d4b" outcome="Passed" testListId="8c84fa94-04c1-424b-9868-57a2d4851a1d" relativeResultsDirectory="f4d5bb50-82f2-4333-8d96-644185b75193" />
    <UnitTestResult executionId="6b7207cf-1e2b-47fa-86d3-8b59fab2a8b6" testId="da038b78-6557-20eb-7b54-2bd092edb693" testName="DownTileThrowsIfTileNotInBox" computerName="DKSR-EFI-06" duration="00:00:00.0028093" startTime="2024-01-09T15:41:25.6694212+01:00" endTime="2024-01-09T15:41:25.6694212+01:00" testType="13cdc9d9-ddb5-4fa4-a97d-d965ccfc6d4b" outcome="Passed" testListId="8c84fa94-04c1-424b-9868-57a2d4851a1d" relativeResultsDirectory="6b7207cf-1e2b-47fa-86d3-8b59fab2a8b6" />
    <UnitTestResult executionId="57068787-5367-4622-af70-0526432796d8" testId="cc3b9b99-7533-a7bc-3f64-e2ee5a64fc21" testName="StartServerStates_CommunicationException_WithCustomLogger_DoubledSleepDuration" computerName="DKSR-EFI-06" duration="00:00:00.0024625" startTime="2024-01-09T15:41:42.0601382+01:00" endTime="2024-01-09T15:41:42.0757622+01:00" testType="13cdc9d9-ddb5-4fa4-a97d-d965ccfc6d4b" outcome="Passed" testListId="8c84fa94-04c1-424b-9868-57a2d4851a1d" relativeResultsDirectory="57068787-5367-4622-af70-0526432796d8" />
    <UnitTestResult executionId="0da70756-2c97-4c2a-89d9-c662f7355032" testId="70718e81-81f4-db7d-389b-91346f649480" testName="AuthenticationWindows_SetName_Throws_InvalidOperationException" computerName="DKSR-EFI-06" duration="00:00:00.0009192" startTime="2024-01-09T15:41:42.1226367+01:00" endTime="2024-01-09T15:41:42.1226367+01:00" testType="13cdc9d9-ddb5-4fa4-a97d-d965ccfc6d4b" outcome="Passed" testListId="8c84fa94-04c1-424b-9868-57a2d4851a1d" relativeResultsDirectory="0da70756-2c97-4c2a-89d9-c662f7355032" />
    <UnitTestResult executionId="1e8b089c-af2a-4232-8c80-a2091c2ee4af" testId="ca6d72ce-f71b-8ae1-85b8-7dccf00e0632" testName="SequenceEquals_DifferentlySizedCollections_RespectOrder_SymmetricalFalseResult" computerName="DKSR-EFI-06" duration="00:00:00.0023075" startTime="2024-01-09T15:41:32.5444645+01:00" endTime="2024-01-09T15:41:32.5444645+01:00" testType="13cdc9d9-ddb5-4fa4-a97d-d965ccfc6d4b" outcome="Passed" testListId="8c84fa94-04c1-424b-9868-57a2d4851a1d" relativeResultsDirectory="1e8b089c-af2a-4232-8c80-a2091c2ee4af" />
    <UnitTestResult executionId="23dfb238-5c36-4a95-8ff7-5a716c936ae1" testId="6a5073ae-b067-17a6-9c6f-959cad372ca7" testName="GetItemUserControl_Success" computerName="DKSR-EFI-06" duration="00:00:00.0050113" startTime="2024-01-09T15:41:34.4976016+01:00" endTime="2024-01-09T15:41:34.4976016+01:00" testType="13cdc9d9-ddb5-4fa4-a97d-d965ccfc6d4b" outcome="Passed" testListId="8c84fa94-04c1-424b-9868-57a2d4851a1d" relativeResultsDirectory="23dfb238-5c36-4a95-8ff7-5a716c936ae1" />
    <UnitTestResult executionId="a84fb541-a7e7-4864-bda8-176fca939196" testId="24d7108a-b492-bd24-b0f8-ceb600b42692" testName="ScrollIntoView_Success" computerName="DKSR-EFI-06" duration="00:00:00.4486741" startTime="2024-01-09T15:41:34.0444748+01:00" endTime="2024-01-09T15:41:34.4976016+01:00" testType="13cdc9d9-ddb5-4fa4-a97d-d965ccfc6d4b" outcome="Passed" testListId="8c84fa94-04c1-424b-9868-57a2d4851a1d" relativeResultsDirectory="a84fb541-a7e7-4864-bda8-176fca939196" />
    <UnitTestResult executionId="243f81bf-ddbf-43df-821f-9bc82fd382d8" testId="14a1f95e-78fa-735f-e1e1-62755f5e4ea3" testName="GetDoubleValueOrDefault_WrongKeyValue_DefaultValueReturned" computerName="DKSR-EFI-06" duration="00:00:00.0004119" startTime="2024-01-09T15:41:41.6070476+01:00" endTime="2024-01-09T15:41:41.6070476+01:00" testType="13cdc9d9-ddb5-4fa4-a97d-d965ccfc6d4b" outcome="Passed" testListId="8c84fa94-04c1-424b-9868-57a2d4851a1d" relativeResultsDirectory="243f81bf-ddbf-43df-821f-9bc82fd382d8" />
    <UnitTestResult executionId="23245832-6f7a-4f3c-8e51-81eb19271280" testId="8381658d-9fd6-1774-072f-49899bddfa46" testName="Stop_ThreadsStopped" computerName="DKSR-EFI-06" duration="00:00:00.0061350" startTime="2024-01-09T15:41:41.8882609+01:00" endTime="2024-01-09T15:41:41.9038852+01:00" testType="13cdc9d9-ddb5-4fa4-a97d-d965ccfc6d4b" outcome="Passed" testListId="8c84fa94-04c1-424b-9868-57a2d4851a1d" relativeResultsDirectory="23245832-6f7a-4f3c-8e51-81eb19271280" />
    <UnitTestResult executionId="4a0fe1af-ae5f-4768-afbb-2b7fe1c67e29" testId="45e75a0d-4283-5aac-6b8e-d457bbb3aa8a" testName="GetStringValueOrDefault_KeyFound_ValueReturned" computerName="DKSR-EFI-06" duration="00:00:00.0002573" startTime="2024-01-09T15:41:41.6226357+01:00" endTime="2024-01-09T15:41:41.6226357+01:00" testType="13cdc9d9-ddb5-4fa4-a97d-d965ccfc6d4b" outcome="Passed" testListId="8c84fa94-04c1-424b-9868-57a2d4851a1d" relativeResultsDirectory="4a0fe1af-ae5f-4768-afbb-2b7fe1c67e29" />
    <UnitTestResult executionId="1b91fc63-6e94-4f9e-bc42-54869bf1bbe9" testId="c1eeccdf-9e70-35f5-8d31-8a133efe3993" testName="GetItemUserControl_Failure" computerName="DKSR-EFI-06" duration="00:00:00.0029715" startTime="2024-01-09T15:41:34.4976016+01:00" endTime="2024-01-09T15:41:34.5132255+01:00" testType="13cdc9d9-ddb5-4fa4-a97d-d965ccfc6d4b" outcome="Passed" testListId="8c84fa94-04c1-424b-9868-57a2d4851a1d" relativeResultsDirectory="1b91fc63-6e94-4f9e-bc42-54869bf1bbe9" />
    <UnitTestResult executionId="92d2802b-f157-4958-b982-2fab9f30d354" testId="035ef68b-c3bd-7b62-9eec-5a605eb83f8c" testName="RoundToMillisecond_RoundUp" computerName="DKSR-EFI-06" duration="00:00:00.0014582" startTime="2024-01-09T15:41:33.0757201+01:00" endTime="2024-01-09T15:41:33.0757201+01:00" testType="13cdc9d9-ddb5-4fa4-a97d-d965ccfc6d4b" outcome="Passed" testListId="8c84fa94-04c1-424b-9868-57a2d4851a1d" relativeResultsDirectory="92d2802b-f157-4958-b982-2fab9f30d354" />
    <UnitTestResult executionId="ea57280c-d071-4930-9160-2fbf10d90cf3" testId="76bac099-ab90-0ad5-557d-efa1c929ace3" testName="TickFrequenceChange_Success" computerName="DKSR-EFI-06" duration="00:00:00.0028780" startTime="2024-01-09T15:41:15.4506618+01:00" endTime="2024-01-09T15:41:15.4506618+01:00" testType="13cdc9d9-ddb5-4fa4-a97d-d965ccfc6d4b" outcome="Passed" testListId="8c84fa94-04c1-424b-9868-57a2d4851a1d" relativeResultsDirectory="ea57280c-d071-4930-9160-2fbf10d90cf3" />
    <UnitTestResult executionId="850afbdc-86a6-482a-8ae1-ff85bd480d55" testId="c852d483-d9e0-2c2b-b9c0-ac3a615cecaf" testName="IsFailover_IsFailover" computerName="DKSR-EFI-06" duration="00:00:00.0004150" startTime="2024-01-09T15:41:41.2945084+01:00" endTime="2024-01-09T15:41:41.2945084+01:00" testType="13cdc9d9-ddb5-4fa4-a97d-d965ccfc6d4b" outcome="Passed" testListId="8c84fa94-04c1-424b-9868-57a2d4851a1d" relativeResultsDirectory="850afbdc-86a6-482a-8ae1-ff85bd480d55" />
    <UnitTestResult executionId="cb557d75-4957-4edb-9e54-9f5077b676c2" testId="bb23e984-379e-7e0e-1bce-dc1dbfcf6fc3" testName="AuthenticationSimple_SetName_Throws_InvalidOperationException" computerName="DKSR-EFI-06" duration="00:00:00.0070272" startTime="2024-01-09T15:41:42.1226367+01:00" endTime="2024-01-09T15:41:42.1226367+01:00" testType="13cdc9d9-ddb5-4fa4-a97d-d965ccfc6d4b" outcome="Passed" testListId="8c84fa94-04c1-424b-9868-57a2d4851a1d" relativeResultsDirectory="cb557d75-4957-4edb-9e54-9f5077b676c2" />
    <UnitTestResult executionId="4b0fccc7-2033-4f7e-808c-9d2538fcafbe" testId="959b9c9e-d734-ce8a-a43a-d0fda79ec4d9" testName="Convert_MultiValueConverter_ValidValues_Success" computerName="DKSR-EFI-06" duration="00:00:00.0003458" startTime="2024-01-09T15:41:33.4819719+01:00" endTime="2024-01-09T15:41:33.4819719+01:00" testType="13cdc9d9-ddb5-4fa4-a97d-d965ccfc6d4b" outcome="Passed" testListId="8c84fa94-04c1-424b-9868-57a2d4851a1d" relativeResultsDirectory="4b0fccc7-2033-4f7e-808c-9d2538fcafbe" />
    <UnitTestResult executionId="1923a9cb-c3b6-45da-8cc7-e93c323de9fb" testId="5a716387-727c-9f4a-576d-c532745d27fc" testName="RoundToMinute_Down" computerName="DKSR-EFI-06" duration="00:00:00.0015280" startTime="2024-01-09T15:41:32.7163404+01:00" endTime="2024-01-09T15:41:32.7163404+01:00" testType="13cdc9d9-ddb5-4fa4-a97d-d965ccfc6d4b" outcome="Passed" testListId="8c84fa94-04c1-424b-9868-57a2d4851a1d" relativeResultsDirectory="1923a9cb-c3b6-45da-8cc7-e93c323de9fb" />
    <UnitTestResult executionId="8146cafb-3921-40f5-b67c-2c36f46a5134" testId="223a2e32-2c68-23be-9c45-d825c6cf4171" testName="Constructor_ShouldCreateEmptyTree_WhenUnitsHaveNoParent" computerName="DKSR-EFI-06" duration="00:00:00.9051308" startTime="2024-01-09T15:41:09.2944025+01:00" endTime="2024-01-09T15:41:10.2006542+01:00" testType="13cdc9d9-ddb5-4fa4-a97d-d965ccfc6d4b" outcome="Passed" testListId="8c84fa94-04c1-424b-9868-57a2d4851a1d" relativeResultsDirectory="8146cafb-3921-40f5-b67c-2c36f46a5134" />
    <UnitTestResult executionId="208f1201-45d9-455f-8ca7-680aba2f4d7e" testId="d78750b2-ef6e-b941-b3e8-5db7115013c1" testName="DispatcherCreateTest" computerName="DKSR-EFI-06" duration="00:00:00.2209635" startTime="2024-01-09T15:41:07.8412716+01:00" endTime="2024-01-09T15:41:08.5287717+01:00" testType="13cdc9d9-ddb5-4fa4-a97d-d965ccfc6d4b" outcome="Passed" testListId="8c84fa94-04c1-424b-9868-57a2d4851a1d" relativeResultsDirectory="208f1201-45d9-455f-8ca7-680aba2f4d7e" />
    <UnitTestResult executionId="457c2e0e-c568-46f0-a443-cf9142d38ee8" testId="f182b61b-da52-b9d6-afe0-3488a377d621" testName="TooltipServiceWarning_Failover_UnknownTriggerValue" computerName="DKSR-EFI-06" duration="00:00:00.0002174" startTime="2024-01-09T15:41:41.2788824+01:00" endTime="2024-01-09T15:41:41.2788824+01:00" testType="13cdc9d9-ddb5-4fa4-a97d-d965ccfc6d4b" outcome="Passed" testListId="8c84fa94-04c1-424b-9868-57a2d4851a1d" relativeResultsDirectory="457c2e0e-c568-46f0-a443-cf9142d38ee8" />
    <UnitTestResult executionId="688d1292-a521-4977-95a4-40812f60b67f" testId="6149a481-7ba1-ce8d-da96-1adf4aeb4783" testName="ItemHolderSelectedToggleButton_CheckedChanged" computerName="DKSR-EFI-06" duration="00:00:00.0096283" startTime="2024-01-09T15:41:33.8569738+01:00" endTime="2024-01-09T15:41:33.8725976+01:00" testType="13cdc9d9-ddb5-4fa4-a97d-d965ccfc6d4b" outcome="Passed" testListId="8c84fa94-04c1-424b-9868-57a2d4851a1d" relativeResultsDirectory="688d1292-a521-4977-95a4-40812f60b67f" />
    <UnitTestResult executionId="87a8829e-aa76-44d8-be3e-38a09174087f" testId="18f2ab8d-6696-bf3f-7e10-34e8c36dc629" testName="AuthenticationSimple_SetEnabled_Throws_InvalidOperationException" computerName="DKSR-EFI-06" duration="00:00:00.0006786" startTime="2024-01-09T15:41:42.1382606+01:00" endTime="2024-01-09T15:41:42.1382606+01:00" testType="13cdc9d9-ddb5-4fa4-a97d-d965ccfc6d4b" outcome="Passed" testListId="8c84fa94-04c1-424b-9868-57a2d4851a1d" relativeResultsDirectory="87a8829e-aa76-44d8-be3e-38a09174087f" />
    <UnitTestResult executionId="03bc7d20-6369-479e-8967-e86565475c2c" testId="5ec2fd00-c7ca-4cee-7758-7801f820c473" testName="AuthenticationExternal_CopyConstructor_Success" computerName="DKSR-EFI-06" duration="00:00:00.0006526" startTime="2024-01-09T15:41:42.1695113+01:00" endTime="2024-01-09T15:41:42.1695113+01:00" testType="13cdc9d9-ddb5-4fa4-a97d-d965ccfc6d4b" outcome="Passed" testListId="8c84fa94-04c1-424b-9868-57a2d4851a1d" relativeResultsDirectory="03bc7d20-6369-479e-8967-e86565475c2c" />
    <UnitTestResult executionId="e917f22b-608c-4583-b18c-596aca6a7979" testId="8ca24930-13c2-9054-276b-c0c9a4d03ea7" testName="SequenceEquals_OneCollectionWithDuplicateElementOrderedDifferently_IgnoreOrder_SymmetricalFalseResult" computerName="DKSR-EFI-06" duration="00:00:00.0003059" startTime="2024-01-09T15:41:32.5913411+01:00" endTime="2024-01-09T15:41:32.5913411+01:00" testType="13cdc9d9-ddb5-4fa4-a97d-d965ccfc6d4b" outcome="Passed" testListId="8c84fa94-04c1-424b-9868-57a2d4851a1d" relativeResultsDirectory="e917f22b-608c-4583-b18c-596aca6a7979" />
    <UnitTestResult executionId="5717a33e-f89d-4648-85a2-4ec19ebfdb4b" testId="45ce53b6-2a00-442b-a6cc-32488dfaae90" testName="GetIntValueOrDefault_WrongKeyValue_DefaultValueReturned" computerName="DKSR-EFI-06" duration="00:00:00.0002616" startTime="2024-01-09T15:41:41.5913863+01:00" endTime="2024-01-09T15:41:41.5913863+01:00" testType="13cdc9d9-ddb5-4fa4-a97d-d965ccfc6d4b" outcome="Passed" testListId="8c84fa94-04c1-424b-9868-57a2d4851a1d" relativeResultsDirectory="5717a33e-f89d-4648-85a2-4ec19ebfdb4b" />
    <UnitTestResult executionId="90992ba0-3aa7-4f13-96bd-22ce83af9985" testId="e04fdc2f-e623-9c34-4386-5fa6abb1dcd4" testName="GetColumnDefinitions_Success" computerName="DKSR-EFI-06" duration="00:00:00.1594371" startTime="2024-01-09T15:41:34.5288490+01:00" endTime="2024-01-09T15:41:34.6851019+01:00" testType="13cdc9d9-ddb5-4fa4-a97d-d965ccfc6d4b" outcome="Passed" testListId="8c84fa94-04c1-424b-9868-57a2d4851a1d" relativeResultsDirectory="90992ba0-3aa7-4f13-96bd-22ce83af9985" />
    <UnitTestResult executionId="135bf0b4-93ec-482c-a639-dbefbba67b5c" testId="ae9f9017-443d-54ba-c5ef-294c75c79e4f" testName="DrawControl_NegatigeMinValue_VisualsOK" computerName="DKSR-EFI-06" duration="00:00:00.0989437" startTime="2024-01-09T15:41:15.8256622+01:00" endTime="2024-01-09T15:41:15.9194141+01:00" testType="13cdc9d9-ddb5-4fa4-a97d-d965ccfc6d4b" outcome="Passed" testListId="8c84fa94-04c1-424b-9868-57a2d4851a1d" relativeResultsDirectory="135bf0b4-93ec-482c-a639-dbefbba67b5c" />
    <UnitTestResult executionId="f194923d-e100-4795-a32e-4aba88b1d385" testId="2aca5760-5736-8fb2-f42a-c078d75461ed" testName="DoComboSelectionThrowsIfServerTypeIdIsNotAValidGuid" computerName="DKSR-EFI-06" duration="00:00:00.0230894" startTime="2024-01-09T15:41:25.7475460+01:00" endTime="2024-01-09T15:41:25.7631709+01:00" testType="13cdc9d9-ddb5-4fa4-a97d-d965ccfc6d4b" outcome="Passed" testListId="8c84fa94-04c1-424b-9868-57a2d4851a1d" relativeResultsDirectory="f194923d-e100-4795-a32e-4aba88b1d385" />
    <UnitTestResult executionId="3c000188-d48d-4ec9-b566-2f3e8c493969" testId="856c051c-051a-4b4c-bec5-8f02fddd04ae" testName="GetImageSource_Missing24px_Returns32pxImage" computerName="DKSR-EFI-06" duration="00:00:00.0062386" startTime="2024-01-09T15:41:32.8569675+01:00" endTime="2024-01-09T15:41:32.8725909+01:00" testType="13cdc9d9-ddb5-4fa4-a97d-d965ccfc6d4b" outcome="Passed" testListId="8c84fa94-04c1-424b-9868-57a2d4851a1d" relativeResultsDirectory="3c000188-d48d-4ec9-b566-2f3e8c493969" />
    <UnitTestResult executionId="dfee6e34-4b1f-4767-9670-cd41980adb73" testId="439fd027-b2f2-7d61-d60d-ad31877df020" testName="IsUnsecureConnectionAllowedForUser_ShouldReturnFalse_WhenUsernameDoesNotExist" computerName="DKSR-EFI-06" duration="00:00:00.0005569" startTime="2024-01-09T15:41:42.4038872+01:00" endTime="2024-01-09T15:41:42.4038872+01:00" testType="13cdc9d9-ddb5-4fa4-a97d-d965ccfc6d4b" outcome="Passed" testListId="8c84fa94-04c1-424b-9868-57a2d4851a1d" relativeResultsDirectory="dfee6e34-4b1f-4767-9670-cd41980adb73" />
    <UnitTestResult executionId="20a2bbd2-d1cb-4c9a-a125-fc377c43ba96" testId="3fd0a529-448c-e9e0-7074-0b5c637ad7a8" testName="SetUnsecureConnectionAllowedForUser_ShouldAddUser_WhenAllowUnsecureConnectionsDoesNotContainUser" computerName="DKSR-EFI-06" duration="00:00:00.0016627" startTime="2024-01-09T15:41:42.4507639+01:00" endTime="2024-01-09T15:41:42.4507639+01:00" testType="13cdc9d9-ddb5-4fa4-a97d-d965ccfc6d4b" outcome="Passed" testListId="8c84fa94-04c1-424b-9868-57a2d4851a1d" relativeResultsDirectory="20a2bbd2-d1cb-4c9a-a125-fc377c43ba96" />
    <UnitTestResult executionId="a69b0066-43d9-47b6-b429-b36a2d65f449" testId="a219a971-ee6f-7138-7f95-5ebe25d5d446" testName="AddFrameworkElementsOverlay_WithFollowDigitalZoomTrue_ShouldAddToFrameworkElementsOverlaysFollowDigitalZoom" computerName="DKSR-EFI-06" duration="00:00:00.0304886" startTime="2024-01-09T15:41:41.3726773+01:00" endTime="2024-01-09T15:41:41.4038830+01:00" testType="13cdc9d9-ddb5-4fa4-a97d-d965ccfc6d4b" outcome="Passed" testListId="8c84fa94-04c1-424b-9868-57a2d4851a1d" relativeResultsDirectory="a69b0066-43d9-47b6-b429-b36a2d65f449" />
    <UnitTestResult executionId="86a9710e-038e-4bae-bcd6-7cdac9432ab7" testId="319f8796-7403-b14a-34e0-f1797faae63e" testName="GetIntValueOrDefault_KeyNotFound_DefaultValueReturned" computerName="DKSR-EFI-06" duration="00:00:00.0005182" startTime="2024-01-09T15:41:41.5913863+01:00" endTime="2024-01-09T15:41:41.5913863+01:00" testType="13cdc9d9-ddb5-4fa4-a97d-d965ccfc6d4b" outcome="Passed" testListId="8c84fa94-04c1-424b-9868-57a2d4851a1d" relativeResultsDirectory="86a9710e-038e-4bae-bcd6-7cdac9432ab7" />
    <UnitTestResult executionId="f591b6f6-2b82-45a9-b416-7b4e83a57ab5" testId="c66e3bc2-2f46-3828-947c-08aea11ba952" testName="IfInstanceIdIsNotSetThenEntityNameIsCategoryName" computerName="DKSR-EFI-06" duration="00:00:00.0003153" startTime="2024-01-09T15:41:26.0287977+01:00" endTime="2024-01-09T15:41:26.0287977+01:00" testType="13cdc9d9-ddb5-4fa4-a97d-d965ccfc6d4b" outcome="Passed" testListId="8c84fa94-04c1-424b-9868-57a2d4851a1d" relativeResultsDirectory="f591b6f6-2b82-45a9-b416-7b4e83a57ab5" />
    <UnitTestResult executionId="10ce4c56-3b44-43a7-a504-8553009bb659" testId="4e8ec708-b63a-3736-0e4f-25924095128b" testName="Convert_ShouldReturnUnsetValue_WhenValueCannotBeParsedToAnIntegerValue" computerName="DKSR-EFI-06" duration="00:00:00.0004278" startTime="2024-01-09T15:41:33.4507212+01:00" endTime="2024-01-09T15:41:33.4507212+01:00" testType="13cdc9d9-ddb5-4fa4-a97d-d965ccfc6d4b" outcome="Passed" testListId="8c84fa94-04c1-424b-9868-57a2d4851a1d" relativeResultsDirectory="10ce4c56-3b44-43a7-a504-8553009bb659" />
    <UnitTestResult executionId="2aef75ae-f48a-431d-a4fb-1713b8b26ba0" testId="34b2f47b-480a-22d6-69fb-dc7eedfd64fd" testName="FormsControlScaleValue_150Percent_Scaling" computerName="DKSR-EFI-06" duration="00:00:00.0012532" startTime="2024-01-09T15:41:33.3413434+01:00" endTime="2024-01-09T15:41:33.3413434+01:00" testType="13cdc9d9-ddb5-4fa4-a97d-d965ccfc6d4b" outcome="Passed" testListId="8c84fa94-04c1-424b-9868-57a2d4851a1d" relativeResultsDirectory="2aef75ae-f48a-431d-a4fb-1713b8b26ba0" />
    <UnitTestResult executionId="9846a84f-97ab-46a4-9c8d-e30acff3e323" testId="74add8a2-d9f3-2054-f072-e9237767895b" testName="ProvideValue_ReturnsThis" computerName="DKSR-EFI-06" duration="00:00:00.0007131" startTime="2024-01-09T15:41:33.4507212+01:00" endTime="2024-01-09T15:41:33.4507212+01:00" testType="13cdc9d9-ddb5-4fa4-a97d-d965ccfc6d4b" outcome="Passed" testListId="8c84fa94-04c1-424b-9868-57a2d4851a1d" relativeResultsDirectory="9846a84f-97ab-46a4-9c8d-e30acff3e323" />
    <UnitTestResult executionId="27141209-7f0c-4e02-9ff2-359e4f927673" testId="46313e0c-0560-4a59-beb1-c990fbb88dd8" testName="Constructor_WindowsUser_Password_ArgumentNull_Thrown" computerName="DKSR-EFI-06" duration="00:00:00.0007111" startTime="2024-01-09T15:41:41.8726364+01:00" endTime="2024-01-09T15:41:41.8726364+01:00" testType="13cdc9d9-ddb5-4fa4-a97d-d965ccfc6d4b" outcome="Passed" testListId="8c84fa94-04c1-424b-9868-57a2d4851a1d" relativeResultsDirectory="27141209-7f0c-4e02-9ff2-359e4f927673" />
    <UnitTestResult executionId="62529e9c-00ce-4f00-b16a-e1f0b717dc52" testId="91b01448-6a92-47bb-7ce5-67a9221a299c" testName="Ctor_Success" computerName="DKSR-EFI-06" duration="00:00:00.0294093" startTime="2024-01-09T15:41:33.7788464+01:00" endTime="2024-01-09T15:41:33.8257230+01:00" testType="13cdc9d9-ddb5-4fa4-a97d-d965ccfc6d4b" outcome="Passed" testListId="8c84fa94-04c1-424b-9868-57a2d4851a1d" relativeResultsDirectory="62529e9c-00ce-4f00-b16a-e1f0b717dc52" />
    <UnitTestResult executionId="682b8eaa-0573-4f5d-b293-5f468ba58b94" testId="501c02cb-ac5f-5745-c75a-6cf52f922f62" testName="SequenceEquals_NullCollection_RespectOrder_FalseResult" computerName="DKSR-EFI-06" duration="00:00:00.0005243" startTime="2024-01-09T15:41:32.5757156+01:00" endTime="2024-01-09T15:41:32.5757156+01:00" testType="13cdc9d9-ddb5-4fa4-a97d-d965ccfc6d4b" outcome="Passed" testListId="8c84fa94-04c1-424b-9868-57a2d4851a1d" relativeResultsDirectory="682b8eaa-0573-4f5d-b293-5f468ba58b94" />
    <UnitTestResult executionId="260e8b6d-4d55-41ac-871f-e1d939ddd8ad" testId="e38f82e3-3025-9045-c164-157109ebeae1" testName="Constructor_BasicUser_Password_ArgumentNull_Thrown" computerName="DKSR-EFI-06" duration="00:00:00.0006845" startTime="2024-01-09T15:41:41.8570106+01:00" endTime="2024-01-09T15:41:41.8570106+01:00" testType="13cdc9d9-ddb5-4fa4-a97d-d965ccfc6d4b" outcome="Passed" testListId="8c84fa94-04c1-424b-9868-57a2d4851a1d" relativeResultsDirectory="260e8b6d-4d55-41ac-871f-e1d939ddd8ad" />
    <UnitTestResult executionId="128d8905-f598-4c19-94df-8970d6089691" testId="e47e5959-0404-6a12-bb2e-be035056d2fc" testName="RoundToHour_Nearest" computerName="DKSR-EFI-06" duration="00:00:00.0009199" startTime="2024-01-09T15:41:33.1069664+01:00" endTime="2024-01-09T15:41:33.1069664+01:00" testType="13cdc9d9-ddb5-4fa4-a97d-d965ccfc6d4b" outcome="Passed" testListId="8c84fa94-04c1-424b-9868-57a2d4851a1d" relativeResultsDirectory="128d8905-f598-4c19-94df-8970d6089691" />
    <UnitTestResult executionId="1395354e-49e2-487a-9404-8fda6562248b" testId="2ad348ab-ada5-a25f-9253-b563f1c5898f" testName="ArrangeOverride__6child_2MustShrink__2AreShrunk" computerName="DKSR-EFI-06" duration="00:00:00.0115656" startTime="2024-01-09T15:41:17.7787884+01:00" endTime="2024-01-09T15:41:17.7787884+01:00" testType="13cdc9d9-ddb5-4fa4-a97d-d965ccfc6d4b" outcome="Passed" testListId="8c84fa94-04c1-424b-9868-57a2d4851a1d" relativeResultsDirectory="1395354e-49e2-487a-9404-8fda6562248b">
      <Output>
        <StdOut>Debug Trace:&#xD;
offsets: 0, 21, 60, 99, 100, 120&#xD;
widths: 11, 29, 29, 0, 11, 29</StdOut>
      </Output>
    </UnitTestResult>
    <UnitTestResult executionId="e5025ffd-f29d-490e-80c4-7269eb770c81" testId="2e5f6fa9-36cf-588f-e363-93c7c6e15067" testName="Constructor_StateService_ArgumentNull_Thrown" computerName="DKSR-EFI-06" duration="00:00:00.0008233" startTime="2024-01-09T15:41:42.0757622+01:00" endTime="2024-01-09T15:41:42.0757622+01:00" testType="13cdc9d9-ddb5-4fa4-a97d-d965ccfc6d4b" outcome="Passed" testListId="8c84fa94-04c1-424b-9868-57a2d4851a1d" relativeResultsDirectory="e5025ffd-f29d-490e-80c4-7269eb770c81" />
    <UnitTestResult executionId="bbaddf6d-3b2b-4ac1-a97b-9f3ff3cde8cc" testId="bc77ee0c-1b15-15e6-cc3d-5cb4ade23cbd" testName="Dismiss_ToastDismissed" computerName="DKSR-EFI-06" duration="00:00:00.0009573" startTime="2024-01-09T15:41:33.4819719+01:00" endTime="2024-01-09T15:41:33.4819719+01:00" testType="13cdc9d9-ddb5-4fa4-a97d-d965ccfc6d4b" outcome="Passed" testListId="8c84fa94-04c1-424b-9868-57a2d4851a1d" relativeResultsDirectory="bbaddf6d-3b2b-4ac1-a97b-9f3ff3cde8cc" />
    <UnitTestResult executionId="a455ca61-72ba-48f2-952d-302b49b4116a" testId="43785e1c-5d96-d5bd-319b-47bbf8cd5cd3" testName="ExtractItems_ShouldExtractSubset_WhenNotAllItemsAreOfExtractedType" computerName="DKSR-EFI-06" duration="00:00:00.0016484" startTime="2024-01-09T15:41:33.0288429+01:00" endTime="2024-01-09T15:41:33.0288429+01:00" testType="13cdc9d9-ddb5-4fa4-a97d-d965ccfc6d4b" outcome="Passed" testListId="8c84fa94-04c1-424b-9868-57a2d4851a1d" relativeResultsDirectory="a455ca61-72ba-48f2-952d-302b49b4116a" />
    <UnitTestResult executionId="da129feb-c7e0-442e-ad50-22f798b36d0c" testId="a8dd4421-721b-7464-1ec7-7a0950dbe7f2" testName="ArrangeOverride__3child_AllMustShrink__AllAreShrunk" computerName="DKSR-EFI-06" duration="00:00:00.0079431" startTime="2024-01-09T15:41:17.7319148+01:00" endTime="2024-01-09T15:41:17.7475384+01:00" testType="13cdc9d9-ddb5-4fa4-a97d-d965ccfc6d4b" outcome="Passed" testListId="8c84fa94-04c1-424b-9868-57a2d4851a1d" relativeResultsDirectory="da129feb-c7e0-442e-ad50-22f798b36d0c">
      <Output>
        <StdOut>Debug Trace:&#xD;
offsets: 0, 20, 40&#xD;
widths: 10, 10, 10</StdOut>
      </Output>
    </UnitTestResult>
    <UnitTestResult executionId="019e6f15-1094-4c2d-83f2-f992a0c126c4" testId="95ce4bfb-8a8a-2e2d-8537-47c45d12d2d7" testName="TileIsStateUndefinedIfCurrentStatesIsNull" computerName="DKSR-EFI-06" duration="00:00:00.0013501" startTime="2024-01-09T15:41:25.7944194+01:00" endTime="2024-01-09T15:41:25.7944194+01:00" testType="13cdc9d9-ddb5-4fa4-a97d-d965ccfc6d4b" outcome="Passed" testListId="8c84fa94-04c1-424b-9868-57a2d4851a1d" relativeResultsDirectory="019e6f15-1094-4c2d-83f2-f992a0c126c4" />
    <UnitTestResult executionId="7ff015c8-8ef0-4e4c-9b0c-d5b3131598e2" testId="535b5010-34ee-7c3d-315a-1071e5381898" testName="Convert_SingleValueConverter_DifferentTargetType_Success" computerName="DKSR-EFI-06" duration="00:00:00.0007979" startTime="2024-01-09T15:41:33.4663450+01:00" endTime="2024-01-09T15:41:33.4663450+01:00" testType="13cdc9d9-ddb5-4fa4-a97d-d965ccfc6d4b" outcome="Passed" testListId="8c84fa94-04c1-424b-9868-57a2d4851a1d" relativeResultsDirectory="7ff015c8-8ef0-4e4c-9b0c-d5b3131598e2" />
    <UnitTestResult executionId="43296f0e-fbb9-419f-b9fd-78fc3aa1a733" testId="90cfc5f0-b7f9-31e3-d21a-be242b733ee9" testName="SingleServerMustSetDisplayNameDeletedServerTextIfItDoesNotExist" computerName="DKSR-EFI-06" duration="00:00:00.0028158" startTime="2024-01-09T15:41:26.0287977+01:00" endTime="2024-01-09T15:41:26.0287977+01:00" testType="13cdc9d9-ddb5-4fa4-a97d-d965ccfc6d4b" outcome="Passed" testListId="8c84fa94-04c1-424b-9868-57a2d4851a1d" relativeResultsDirectory="43296f0e-fbb9-419f-b9fd-78fc3aa1a733" />
    <UnitTestResult executionId="7024321a-ef33-45f7-a851-e48d5ab8114d" testId="85fbbcd0-881b-ae29-40f1-5696b7e80975" testName="Add_SingleItem_SuccessWithSingleNotification" computerName="DKSR-EFI-06" duration="00:00:00.0044092" startTime="2024-01-09T15:41:41.2007601+01:00" endTime="2024-01-09T15:41:41.2163864+01:00" testType="13cdc9d9-ddb5-4fa4-a97d-d965ccfc6d4b" outcome="Passed" testListId="8c84fa94-04c1-424b-9868-57a2d4851a1d" relativeResultsDirectory="7024321a-ef33-45f7-a851-e48d5ab8114d" />
    <UnitTestResult executionId="0eee0987-60cd-493c-8394-20788e276761" testId="af38776a-6751-f268-5d04-8090b4d28593" testName="TileLayout_Selected_BorderBrushUpdated" computerName="DKSR-EFI-06" duration="00:00:00.0126618" startTime="2024-01-09T15:41:33.8725976+01:00" endTime="2024-01-09T15:41:33.8882218+01:00" testType="13cdc9d9-ddb5-4fa4-a97d-d965ccfc6d4b" outcome="Passed" testListId="8c84fa94-04c1-424b-9868-57a2d4851a1d" relativeResultsDirectory="0eee0987-60cd-493c-8394-20788e276761" />
    <UnitTestResult executionId="e0d14ed0-e1e4-4057-86f3-7baa420c6923" testId="93774d2d-144b-7040-611e-7e563672ebaa" testName="SaveToFile_ShouldSaveAllowUnsecureConnection_WhenAllowUnsecureIsTrue" computerName="DKSR-EFI-06" duration="00:00:00.0604529" startTime="2024-01-09T15:41:42.3101410+01:00" endTime="2024-01-09T15:41:42.3726806+01:00" testType="13cdc9d9-ddb5-4fa4-a97d-d965ccfc6d4b" outcome="Passed" testListId="8c84fa94-04c1-424b-9868-57a2d4851a1d" relativeResultsDirectory="e0d14ed0-e1e4-4057-86f3-7baa420c6923" />
    <UnitTestResult executionId="4f166a66-2611-418f-bacb-1eb706f622f5" testId="255725f3-62ba-63bd-b914-0cdfd4638d83" testName="DetermineScaledWindowLocationAndSize_100Percent_Scaling" computerName="DKSR-EFI-06" duration="00:00:00.0009947" startTime="2024-01-09T15:41:33.4038473+01:00" endTime="2024-01-09T15:41:33.4038473+01:00" testType="13cdc9d9-ddb5-4fa4-a97d-d965ccfc6d4b" outcome="Passed" testListId="8c84fa94-04c1-424b-9868-57a2d4851a1d" relativeResultsDirectory="4f166a66-2611-418f-bacb-1eb706f622f5" />
    <UnitTestResult executionId="cea8158a-9552-4ead-9f1d-768c4af71cd2" testId="2bf7024d-c9a8-0f52-01c6-a02fd7b7c6c8" testName="SequenceEqualIgnoreOrder_OneCollectionWithDuplicateElementOrderedDifferently_IgnoreOrder_SymmetricalFalseResult" computerName="DKSR-EFI-06" duration="00:00:00.0002719" startTime="2024-01-09T15:41:32.9819654+01:00" endTime="2024-01-09T15:41:32.9819654+01:00" testType="13cdc9d9-ddb5-4fa4-a97d-d965ccfc6d4b" outcome="Passed" testListId="8c84fa94-04c1-424b-9868-57a2d4851a1d" relativeResultsDirectory="cea8158a-9552-4ead-9f1d-768c4af71cd2" />
    <UnitTestResult executionId="0f8c98d3-96f3-4d6e-b118-30583e95186a" testId="4f9e68da-d964-48d6-9d3b-7273107c43bc" testName="RoundToMinute_Nearest" computerName="DKSR-EFI-06" duration="00:00:00.0009392" startTime="2024-01-09T15:41:33.1069664+01:00" endTime="2024-01-09T15:41:33.1069664+01:00" testType="13cdc9d9-ddb5-4fa4-a97d-d965ccfc6d4b" outcome="Passed" testListId="8c84fa94-04c1-424b-9868-57a2d4851a1d" relativeResultsDirectory="0f8c98d3-96f3-4d6e-b118-30583e95186a" />
    <UnitTestResult executionId="4416908e-a0aa-4897-aa07-c8ce75fffa66" testId="24801bf2-63b2-04d1-d795-083a0ecbe814" testName="DrawControl_Success" computerName="DKSR-EFI-06" duration="00:00:00.1117998" startTime="2024-01-09T15:41:15.4506618+01:00" endTime="2024-01-09T15:41:15.5600372+01:00" testType="13cdc9d9-ddb5-4fa4-a97d-d965ccfc6d4b" outcome="Passed" testListId="8c84fa94-04c1-424b-9868-57a2d4851a1d" relativeResultsDirectory="4416908e-a0aa-4897-aa07-c8ce75fffa66" />
    <UnitTestResult executionId="522b45a1-e6bd-4731-9f9a-aa675d9c50dc" testId="192bc75c-0987-6d84-ba23-75d2871c7fb0" testName="Partial_Updating_Works" computerName="DKSR-EFI-06" duration="00:00:00.0064454" startTime="2024-01-09T15:41:32.5288389+01:00" endTime="2024-01-09T15:41:32.5444645+01:00" testType="13cdc9d9-ddb5-4fa4-a97d-d965ccfc6d4b" outcome="Passed" testListId="8c84fa94-04c1-424b-9868-57a2d4851a1d" relativeResultsDirectory="522b45a1-e6bd-4731-9f9a-aa675d9c50dc" />
    <UnitTestResult executionId="475d78fa-b453-4126-a421-a63ac708af99" testId="c6b0eba2-ea22-d188-1409-7b75cdedc201" testName="Constructor_OAuth_BaseServerAddress_ArgumentNull_Thrown" computerName="DKSR-EFI-06" duration="00:00:00.0591023" startTime="2024-01-09T15:41:41.7163862+01:00" endTime="2024-01-09T15:41:41.7788850+01:00" testType="13cdc9d9-ddb5-4fa4-a97d-d965ccfc6d4b" outcome="Passed" testListId="8c84fa94-04c1-424b-9868-57a2d4851a1d" relativeResultsDirectory="475d78fa-b453-4126-a421-a63ac708af99" />
    <UnitTestResult executionId="7756a230-3881-4535-b90e-6d103053faa5" testId="8e17e180-a6fb-9c35-ec45-dff245336c94" testName="Create_RecycledItemAvailable_Success" computerName="DKSR-EFI-06" duration="00:00:00.0018006" startTime="2024-01-09T15:41:10.3881534+01:00" endTime="2024-01-09T15:41:10.3881534+01:00" testType="13cdc9d9-ddb5-4fa4-a97d-d965ccfc6d4b" outcome="Passed" testListId="8c84fa94-04c1-424b-9868-57a2d4851a1d" relativeResultsDirectory="7756a230-3881-4535-b90e-6d103053faa5" />
    <UnitTestResult executionId="004b7e79-c369-4fe7-b405-96f8a9ee83b5" testId="3310872c-02b1-3a9f-d890-3c3dc06b553c" testName="ToastOnToastRemoved_ToastRemoved_Success" computerName="DKSR-EFI-06" duration="00:00:00.0305259" startTime="2024-01-09T15:41:11.0912817+01:00" endTime="2024-01-09T15:41:11.1225315+01:00" testType="13cdc9d9-ddb5-4fa4-a97d-d965ccfc6d4b" outcome="Passed" testListId="8c84fa94-04c1-424b-9868-57a2d4851a1d" relativeResultsDirectory="004b7e79-c369-4fe7-b405-96f8a9ee83b5" />
    <UnitTestResult executionId="771d12b7-6db4-4f54-90c7-8d8b458b9c06" testId="bd58f8d9-e6cb-76f7-101e-84475807384c" testName="TooltipServiceWarning_EmptyServer" computerName="DKSR-EFI-06" duration="00:00:00.0045482" startTime="2024-01-09T15:41:41.2320093+01:00" endTime="2024-01-09T15:41:41.2320093+01:00" testType="13cdc9d9-ddb5-4fa4-a97d-d965ccfc6d4b" outcome="Passed" testListId="8c84fa94-04c1-424b-9868-57a2d4851a1d" relativeResultsDirectory="771d12b7-6db4-4f54-90c7-8d8b458b9c06" />
    <UnitTestResult executionId="a770ea07-db09-4b74-820c-6f85675e4e2b" testId="76a2e345-aae7-9b1e-7fd6-6ac6ca32b74e" testName="GetStates_NoSessionStarted_NewSession" computerName="DKSR-EFI-06" duration="00:00:00.0020326" startTime="2024-01-09T15:41:41.7163862+01:00" endTime="2024-01-09T15:41:41.7163862+01:00" testType="13cdc9d9-ddb5-4fa4-a97d-d965ccfc6d4b" outcome="Passed" testListId="8c84fa94-04c1-424b-9868-57a2d4851a1d" relativeResultsDirectory="a770ea07-db09-4b74-820c-6f85675e4e2b" />
    <UnitTestResult executionId="70dda642-e2e3-4575-b053-60f65df5de7a" testId="bd9d6efd-ee5b-c8e1-7fe2-91d5e9a397a3" testName="Constructor_ShouldCreateTreeOfDepth1_WhenUnitsHaveParentButNoGrandparent" computerName="DKSR-EFI-06" duration="00:00:00.0030883" startTime="2024-01-09T15:41:10.2631551+01:00" endTime="2024-01-09T15:41:10.2631551+01:00" testType="13cdc9d9-ddb5-4fa4-a97d-d965ccfc6d4b" outcome="Passed" testListId="8c84fa94-04c1-424b-9868-57a2d4851a1d" relativeResultsDirectory="70dda642-e2e3-4575-b053-60f65df5de7a" />
    <UnitTestResult executionId="178b0a06-74b5-4194-b8b5-1cdd27a7f224" testId="52a29049-9c8e-815e-36f6-b6f14de4f7c1" testName="RemoveRange_FewItems_SuccessWithResetNotification" computerName="DKSR-EFI-06" duration="00:00:00.0019403" startTime="2024-01-09T15:41:41.2320093+01:00" endTime="2024-01-09T15:41:41.2320093+01:00" testType="13cdc9d9-ddb5-4fa4-a97d-d965ccfc6d4b" outcome="Passed" testListId="8c84fa94-04c1-424b-9868-57a2d4851a1d" relativeResultsDirectory="178b0a06-74b5-4194-b8b5-1cdd27a7f224" />
    <UnitTestResult executionId="61b38ccf-266f-4295-af66-c038f5e12964" testId="2dbf24a9-29c5-3ef0-69a0-687ac45d4c86" testName="Constructor_ShouldCreateTreeOfMixedDepth_WhenUnitsHaveDifferentNumberOfAncestors" computerName="DKSR-EFI-06" duration="00:00:00.0058657" startTime="2024-01-09T15:41:10.3100277+01:00" endTime="2024-01-09T15:41:10.3100277+01:00" testType="13cdc9d9-ddb5-4fa4-a97d-d965ccfc6d4b" outcome="Passed" testListId="8c84fa94-04c1-424b-9868-57a2d4851a1d" relativeResultsDirectory="61b38ccf-266f-4295-af66-c038f5e12964" />
    <UnitTestResult executionId="42a995fa-e509-4035-94df-d1ebbdec2c21" testId="a0254ac5-3cdd-5371-614b-9e5a2dd1e775" testName="Finds_Rule_With_Context" computerName="DKSR-EFI-06" duration="00:00:00.0028712" startTime="2024-01-09T15:41:32.6694640+01:00" endTime="2024-01-09T15:41:32.6694640+01:00" testType="13cdc9d9-ddb5-4fa4-a97d-d965ccfc6d4b" outcome="Passed" testListId="8c84fa94-04c1-424b-9868-57a2d4851a1d" relativeResultsDirectory="42a995fa-e509-4035-94df-d1ebbdec2c21" />
    <UnitTestResult executionId="b11edfdf-2079-4e78-b04f-5827ae326203" testId="5a36dc19-91e6-2110-bdf3-d2f7bfc377f6" testName="ShowToast_Success" computerName="DKSR-EFI-06" duration="00:00:00.0348487" startTime="2024-01-09T15:41:33.6382213+01:00" endTime="2024-01-09T15:41:33.6694740+01:00" testType="13cdc9d9-ddb5-4fa4-a97d-d965ccfc6d4b" outcome="Passed" testListId="8c84fa94-04c1-424b-9868-57a2d4851a1d" relativeResultsDirectory="b11edfdf-2079-4e78-b04f-5827ae326203" />
    <UnitTestResult executionId="77e0b2b1-6e5d-4f9b-aec8-7e2d56f90f4a" testId="78d8640f-f64c-e788-cbb5-62b4d5593dba" testName="RemoveFrameworkElementsOverlay_WithUnknownId_ShouldLeaveListsUnchanged" computerName="DKSR-EFI-06" duration="00:00:00.0012114" startTime="2024-01-09T15:41:41.4351326+01:00" endTime="2024-01-09T15:41:41.4351326+01:00" testType="13cdc9d9-ddb5-4fa4-a97d-d965ccfc6d4b" outcome="Passed" testListId="8c84fa94-04c1-424b-9868-57a2d4851a1d" relativeResultsDirectory="77e0b2b1-6e5d-4f9b-aec8-7e2d56f90f4a" />
    <UnitTestResult executionId="4726ebbf-4168-4110-961d-ab2cf53a1005" testId="46887356-7c48-625a-9fa8-4ca482d2d04d" testName="SingleCameraGroupMustReturnDisplayNameAsEntityName" computerName="DKSR-EFI-06" duration="00:00:00.0003078" startTime="2024-01-09T15:41:26.0131688+01:00" endTime="2024-01-09T15:41:26.0287977+01:00" testType="13cdc9d9-ddb5-4fa4-a97d-d965ccfc6d4b" outcome="Passed" testListId="8c84fa94-04c1-424b-9868-57a2d4851a1d" relativeResultsDirectory="4726ebbf-4168-4110-961d-ab2cf53a1005" />
    <UnitTestResult executionId="266718a7-4f5f-4695-88ad-03ef95486757" testId="7f7d1819-d3c3-0c1a-31f2-188e1a6b0674" testName="RoundToSecond_Down" computerName="DKSR-EFI-06" duration="00:00:00.0016247" startTime="2024-01-09T15:41:32.7007147+01:00" endTime="2024-01-09T15:41:32.7007147+01:00" testType="13cdc9d9-ddb5-4fa4-a97d-d965ccfc6d4b" outcome="Passed" testListId="8c84fa94-04c1-424b-9868-57a2d4851a1d" relativeResultsDirectory="266718a7-4f5f-4695-88ad-03ef95486757" />
    <UnitTestResult executionId="f69c4944-b4d8-4333-b846-08819cf65610" testId="b898ad5d-e738-1d64-d2c4-772f55ed34ea" testName="Full_Updating_With_Comparer_Works" computerName="DKSR-EFI-06" duration="00:00:00.0045818" startTime="2024-01-09T15:41:32.5444645+01:00" endTime="2024-01-09T15:41:32.5444645+01:00" testType="13cdc9d9-ddb5-4fa4-a97d-d965ccfc6d4b" outcome="Passed" testListId="8c84fa94-04c1-424b-9868-57a2d4851a1d" relativeResultsDirectory="f69c4944-b4d8-4333-b846-08819cf65610" />
    <UnitTestResult executionId="2a2cb799-a5a6-4f7b-bb12-14d54e98c93e" testId="9e746348-f3a7-2f41-9d29-e3b583264792" testName="RoundToMillisecond_Down" computerName="DKSR-EFI-06" duration="00:00:00.0100866" startTime="2024-01-09T15:41:32.6694640+01:00" endTime="2024-01-09T15:41:32.6850926+01:00" testType="13cdc9d9-ddb5-4fa4-a97d-d965ccfc6d4b" outcome="Passed" testListId="8c84fa94-04c1-424b-9868-57a2d4851a1d" relativeResultsDirectory="2a2cb799-a5a6-4f7b-bb12-14d54e98c93e" />
    <UnitTestResult executionId="76a71369-be9f-4eb1-b938-cb9672c9290d" testId="9407802f-e3bb-717e-dfa6-c4f68e793c26" testName="Constructor_StateSessionHelper_ArgumentNull_Thrown" computerName="DKSR-EFI-06" duration="00:00:00.0005597" startTime="2024-01-09T15:41:42.0757622+01:00" endTime="2024-01-09T15:41:42.0757622+01:00" testType="13cdc9d9-ddb5-4fa4-a97d-d965ccfc6d4b" outcome="Passed" testListId="8c84fa94-04c1-424b-9868-57a2d4851a1d" relativeResultsDirectory="76a71369-be9f-4eb1-b938-cb9672c9290d" />
    <UnitTestResult executionId="4d4d334f-11cf-4cb4-9d6f-3c88c754e54a" testId="0f992a8c-5f2a-115c-5c24-adb0ecb69f62" testName="RemoveAllFrameworkElementsOverlays_ShouldRemoveAllItems" computerName="DKSR-EFI-06" duration="00:00:00.0006524" startTime="2024-01-09T15:41:41.4351326+01:00" endTime="2024-01-09T15:41:41.4351326+01:00" testType="13cdc9d9-ddb5-4fa4-a97d-d965ccfc6d4b" outcome="Passed" testListId="8c84fa94-04c1-424b-9868-57a2d4851a1d" relativeResultsDirectory="4d4d334f-11cf-4cb4-9d6f-3c88c754e54a" />
    <UnitTestResult executionId="07a7de6b-ad29-4de2-ae24-3a7fa9e77c3e" testId="4fee98d5-de39-1ee6-cb6e-aeb30d9e4547" testName="GetBoolValueOrDefault_KeyNotFound_DefaultValueReturned" computerName="DKSR-EFI-06" duration="00:00:00.0003195" startTime="2024-01-09T15:41:41.6226357+01:00" endTime="2024-01-09T15:41:41.6226357+01:00" testType="13cdc9d9-ddb5-4fa4-a97d-d965ccfc6d4b" outcome="Passed" testListId="8c84fa94-04c1-424b-9868-57a2d4851a1d" relativeResultsDirectory="07a7de6b-ad29-4de2-ae24-3a7fa9e77c3e" />
    <UnitTestResult executionId="37eae076-ad31-4513-ad62-8d59874771aa" testId="084e4a3f-ffeb-8ba6-a7e4-e16e094a096c" testName="StartCameraStates_TimeoutException_DoubledSleepDuration" computerName="DKSR-EFI-06" duration="00:00:00.0504459" startTime="2024-01-09T15:41:41.9195106+01:00" endTime="2024-01-09T15:41:41.9820091+01:00" testType="13cdc9d9-ddb5-4fa4-a97d-d965ccfc6d4b" outcome="Passed" testListId="8c84fa94-04c1-424b-9868-57a2d4851a1d" relativeResultsDirectory="37eae076-ad31-4513-ad62-8d59874771aa" />
    <UnitTestResult executionId="df925815-651b-4ce8-af28-a590a5c83eee" testId="d01aff65-cc66-59d9-483c-ef58ff5b02b0" testName="Remove_SingleItem_SuccessWithSingleNotification" computerName="DKSR-EFI-06" duration="00:00:00.0014302" startTime="2024-01-09T15:41:41.2163864+01:00" endTime="2024-01-09T15:41:41.2163864+01:00" testType="13cdc9d9-ddb5-4fa4-a97d-d965ccfc6d4b" outcome="Passed" testListId="8c84fa94-04c1-424b-9868-57a2d4851a1d" relativeResultsDirectory="df925815-651b-4ce8-af28-a590a5c83eee" />
    <UnitTestResult executionId="a4461e38-d035-4ad4-bd5a-5a4ae4094218" testId="e7ac6111-62b8-1737-1b08-b5a95b8c801f" testName="LoaderCalledWhenDataIsNotInCacheTest" computerName="DKSR-EFI-06" duration="00:00:00.0027208" startTime="2024-01-09T15:41:24.7944186+01:00" endTime="2024-01-09T15:41:24.7944186+01:00" testType="13cdc9d9-ddb5-4fa4-a97d-d965ccfc6d4b" outcome="Passed" testListId="8c84fa94-04c1-424b-9868-57a2d4851a1d" relativeResultsDirectory="a4461e38-d035-4ad4-bd5a-5a4ae4094218" />
    <UnitTestResult executionId="8a48e861-c0de-41e0-80b9-370e363d39db" testId="1c24a4c8-79d9-1a7e-b3df-8a6211e695a8" testName="OnPreviewKeyDown_RightShift_Click_Select_Success" computerName="DKSR-EFI-06" duration="00:00:00.2446637" startTime="2024-01-09T15:41:39.1695000+01:00" endTime="2024-01-09T15:41:39.4195021+01:00" testType="13cdc9d9-ddb5-4fa4-a97d-d965ccfc6d4b" outcome="Passed" testListId="8c84fa94-04c1-424b-9868-57a2d4851a1d" relativeResultsDirectory="8a48e861-c0de-41e0-80b9-370e363d39db" />
    <UnitTestResult executionId="250f490a-4ac7-4333-b344-e3f147d3909a" testId="aadb342a-ff06-0cc2-8ee7-a275dc1cd7f8" testName="MeasureOverride_4child_InvalidChild_EnoughSpace_NotShrunk" computerName="DKSR-EFI-06" duration="00:00:00.0031553" startTime="2024-01-09T15:41:17.7006650+01:00" endTime="2024-01-09T15:41:17.7006650+01:00" testType="13cdc9d9-ddb5-4fa4-a97d-d965ccfc6d4b" outcome="Passed" testListId="8c84fa94-04c1-424b-9868-57a2d4851a1d" relativeResultsDirectory="250f490a-4ac7-4333-b344-e3f147d3909a" />
    <UnitTestResult executionId="76e4af5e-4af6-4b05-ae93-c6f7e189bd13" testId="c1622c67-8934-6098-5c3f-000e90cb0bbf" testName="FontUpCommand_ShouldIncreaseFontForSelectedSlide" computerName="DKSR-EFI-06" duration="00:00:00.0010469" startTime="2024-01-09T15:41:32.4507133+01:00" endTime="2024-01-09T15:41:32.4507133+01:00" testType="13cdc9d9-ddb5-4fa4-a97d-d965ccfc6d4b" outcome="Passed" testListId="8c84fa94-04c1-424b-9868-57a2d4851a1d" relativeResultsDirectory="76e4af5e-4af6-4b05-ae93-c6f7e189bd13" />
    <UnitTestResult executionId="0301f50d-2365-47d3-8435-a9d497c63a32" testId="c6a10fb2-e3f8-d6eb-e921-0173f07aa1b5" testName="FormsControlScaledLocationAndSize_AnchorLeftAndTop_100Percent_Scaling" computerName="DKSR-EFI-06" duration="00:00:00.0025985" startTime="2024-01-09T15:41:33.3725945+01:00" endTime="2024-01-09T15:41:33.3882222+01:00" testType="13cdc9d9-ddb5-4fa4-a97d-d965ccfc6d4b" outcome="Passed" testListId="8c84fa94-04c1-424b-9868-57a2d4851a1d" relativeResultsDirectory="0301f50d-2365-47d3-8435-a9d497c63a32" />
    <UnitTestResult executionId="bc02330d-22df-4971-8f64-644ae97d1471" testId="fbddede5-5be9-fcfe-2d72-bc891322f303" testName="OnPreviewKeyDown_LeftCtrl_Click_Select_Success" computerName="DKSR-EFI-06" duration="00:00:00.2578266" startTime="2024-01-09T15:41:39.9820053+01:00" endTime="2024-01-09T15:41:40.2476330+01:00" testType="13cdc9d9-ddb5-4fa4-a97d-d965ccfc6d4b" outcome="Passed" testListId="8c84fa94-04c1-424b-9868-57a2d4851a1d" relativeResultsDirectory="bc02330d-22df-4971-8f64-644ae97d1471" />
    <UnitTestResult executionId="2291148b-13f9-4b6d-87f1-45cc6fb9eaf1" testId="fb8d16f8-d393-a6c5-f7cb-47543546127a" testName="MouseDown_OverLeftRangeBar_RangeMaxUpdated" computerName="DKSR-EFI-06" duration="00:00:00.1056844" startTime="2024-01-09T15:41:16.8256645+01:00" endTime="2024-01-09T15:41:16.9350389+01:00" testType="13cdc9d9-ddb5-4fa4-a97d-d965ccfc6d4b" outcome="Passed" testListId="8c84fa94-04c1-424b-9868-57a2d4851a1d" relativeResultsDirectory="2291148b-13f9-4b6d-87f1-45cc6fb9eaf1" />
    <UnitTestResult executionId="ba95ce16-bd1a-4d24-92a0-1c45f91cf579" testId="98ef8a3d-1657-a6ae-7eaf-dfb44be1b2e7" testName="GetStates_NoSessionStarted_NoSession" computerName="DKSR-EFI-06" duration="00:00:00.0011929" startTime="2024-01-09T15:41:42.1070110+01:00" endTime="2024-01-09T15:41:42.1070110+01:00" testType="13cdc9d9-ddb5-4fa4-a97d-d965ccfc6d4b" outcome="Passed" testListId="8c84fa94-04c1-424b-9868-57a2d4851a1d" relativeResultsDirectory="ba95ce16-bd1a-4d24-92a0-1c45f91cf579" />
    <UnitTestResult executionId="54533dfe-142e-4258-acbe-7435452d28a7" testId="ab1319d7-a2c3-e991-b6a2-1cf10c8be090" testName="FormsControlScaleValue_100Percent_Scaling" computerName="DKSR-EFI-06" duration="00:00:00.0008369" startTime="2024-01-09T15:41:33.3413434+01:00" endTime="2024-01-09T15:41:33.3413434+01:00" testType="13cdc9d9-ddb5-4fa4-a97d-d965ccfc6d4b" outcome="Passed" testListId="8c84fa94-04c1-424b-9868-57a2d4851a1d" relativeResultsDirectory="54533dfe-142e-4258-acbe-7435452d28a7" />
    <UnitTestResult executionId="5d41ec75-fea0-4107-a391-0f1723dea8c8" testId="c196c0e0-1845-801a-d6ce-5a2a7861546a" testName="Constructor_ShouldForwardSlides_WhenMoreThanZero" computerName="DKSR-EFI-06" duration="00:00:00.0931227" startTime="2024-01-09T15:41:32.3413381+01:00" endTime="2024-01-09T15:41:32.4350884+01:00" testType="13cdc9d9-ddb5-4fa4-a97d-d965ccfc6d4b" outcome="Passed" testListId="8c84fa94-04c1-424b-9868-57a2d4851a1d" relativeResultsDirectory="5d41ec75-fea0-4107-a391-0f1723dea8c8" />
    <UnitTestResult executionId="f4453eb2-802e-4a73-bd6a-3333449ba2d1" testId="1c73ceb9-2072-2e5e-a2de-ee8cd9695cfc" testName="GetStringValueOrDefault_KeyNotFound_DefaultValueReturned" computerName="DKSR-EFI-06" duration="00:00:00.0003119" startTime="2024-01-09T15:41:41.6226357+01:00" endTime="2024-01-09T15:41:41.6226357+01:00" testType="13cdc9d9-ddb5-4fa4-a97d-d965ccfc6d4b" outcome="Passed" testListId="8c84fa94-04c1-424b-9868-57a2d4851a1d" relativeResultsDirectory="f4453eb2-802e-4a73-bd6a-3333449ba2d1" />
    <UnitTestResult executionId="78d164bf-98d6-4974-812b-9151e157212c" testId="8d4c082a-f9d0-c638-ed0b-343bc5cdce37" testName="Constructor_ShouldCreateTreeOfDepth1_WhenUnitsHaveNoParentButIncludeIsEnabled" computerName="DKSR-EFI-06" duration="00:00:00.0047887" startTime="2024-01-09T15:41:10.2631551+01:00" endTime="2024-01-09T15:41:10.2631551+01:00" testType="13cdc9d9-ddb5-4fa4-a97d-d965ccfc6d4b" outcome="Passed" testListId="8c84fa94-04c1-424b-9868-57a2d4851a1d" relativeResultsDirectory="78d164bf-98d6-4974-812b-9151e157212c" />
    <UnitTestResult executionId="321879d1-eefe-4284-9e02-6b587764f73e" testId="5bb482fa-8a48-3336-66c9-7ea3af463c94" testName="OnPreviewKeyDown_RightCtrl_Click_Select_Success" computerName="DKSR-EFI-06" duration="00:00:00.3188377" startTime="2024-01-09T15:41:40.2476330+01:00" endTime="2024-01-09T15:41:40.5601328+01:00" testType="13cdc9d9-ddb5-4fa4-a97d-d965ccfc6d4b" outcome="Passed" testListId="8c84fa94-04c1-424b-9868-57a2d4851a1d" relativeResultsDirectory="321879d1-eefe-4284-9e02-6b587764f73e" />
    <UnitTestResult executionId="dbb75650-7ded-456f-b974-894954e06bd5" testId="9f21fd60-dc5f-a407-0a71-dc6ac4edd3a8" testName="SequenceEquals_EqualCollections_IgnoreOrder_SymmetricalTrueResult" computerName="DKSR-EFI-06" duration="00:00:00.0064998" startTime="2024-01-09T15:41:32.5600895+01:00" endTime="2024-01-09T15:41:32.5757156+01:00" testType="13cdc9d9-ddb5-4fa4-a97d-d965ccfc6d4b" outcome="Passed" testListId="8c84fa94-04c1-424b-9868-57a2d4851a1d" relativeResultsDirectory="dbb75650-7ded-456f-b974-894954e06bd5" />
    <UnitTestResult executionId="5cc1576d-938e-4aa0-8a8e-e9b7fd455f71" testId="213635e5-649b-5c44-aecd-050b59df7240" testName="Convert_RespectMinValue_Success" computerName="DKSR-EFI-06" duration="00:00:00.0004033" startTime="2024-01-09T15:41:10.4662798+01:00" endTime="2024-01-09T15:41:10.4662798+01:00" testType="13cdc9d9-ddb5-4fa4-a97d-d965ccfc6d4b" outcome="Passed" testListId="8c84fa94-04c1-424b-9868-57a2d4851a1d" relativeResultsDirectory="5cc1576d-938e-4aa0-8a8e-e9b7fd455f71" />
    <UnitTestResult executionId="b2dec175-0615-4bd7-ae5f-c21ffd07bd8c" testId="8dde7174-38d7-ee12-7e68-7117e399b660" testName="OkNewTileAddsANewTile" computerName="DKSR-EFI-06" duration="00:00:00.0188782" startTime="2024-01-09T15:41:25.7006711+01:00" endTime="2024-01-09T15:41:25.7162937+01:00" testType="13cdc9d9-ddb5-4fa4-a97d-d965ccfc6d4b" outcome="Passed" testListId="8c84fa94-04c1-424b-9868-57a2d4851a1d" relativeResultsDirectory="b2dec175-0615-4bd7-ae5f-c21ffd07bd8c" />
    <UnitTestResult executionId="9d53de47-f1f4-4f7b-b90a-542582621a10" testId="a3ace3b8-2cc6-88df-a94a-a9602ec1951a" testName="IsFailover_IsNotFailover" computerName="DKSR-EFI-06" duration="00:00:00.0001896" startTime="2024-01-09T15:41:41.2945084+01:00" endTime="2024-01-09T15:41:41.2945084+01:00" testType="13cdc9d9-ddb5-4fa4-a97d-d965ccfc6d4b" outcome="Passed" testListId="8c84fa94-04c1-424b-9868-57a2d4851a1d" relativeResultsDirectory="9d53de47-f1f4-4f7b-b90a-542582621a10" />
  </Results>
  <TestDefinitions>
    <UnitTest name="StartServerStates_TimeoutException_WithCustomLogger_DoubledSleepDuration" storage="d:\actions-runner\_work\xpco\xpco\common\sc_commonfiles\zsc_commonfiles_unittest\bin\debug\net472\zsc_commonfiles_unittest.dll" id="93b7908d-50df-6acc-b081-9e999fed499f">
      <Execution id="93cfccdb-a0a6-4ef4-9824-565604fc728d" />
      <TestMethod codeBase="D:\actions-runner\_work\XPCO\XPCO\Common\SC_CommonFiles\zSC_CommonFiles_UnitTest\bin\Debug\net472\zSC_CommonFiles_UnitTest.dll" adapterTypeName="executor://mstestadapter/v2" className="zSC_CommonFiles_UnitTest.VideoOS.Common.State.StateHandlerTests" name="StartServerStates_TimeoutException_WithCustomLogger_DoubledSleepDuration" />
    </UnitTest>
    <UnitTest name="PersistTilesCallsAppropriateMethodsInProvider" storage="d:\actions-runner\_work\xpco\xpco\common\sc_commonfiles\zsc_commonfiles_unittest\bin\debug\net472\zsc_commonfiles_unittest.dll" id="459463df-7b24-1834-e524-ebc8eb49d9bc">
      <Execution id="a4e87ff5-a834-4113-a2c5-1b9a157612d7" />
      <TestMethod codeBase="D:\actions-runner\_work\XPCO\XPCO\Common\SC_CommonFiles\zSC_CommonFiles_UnitTest\bin\Debug\net472\zSC_CommonFiles_UnitTest.dll" adapterTypeName="executor://mstestadapter/v2" className="zSC_CommonFiles_UnitTest.DashboardTilesTests" name="PersistTilesCallsAppropriateMethodsInProvider" />
    </UnitTest>
    <UnitTest name="ItemHolder_MouseOver_Success" storage="d:\actions-runner\_work\xpco\xpco\common\sc_commonfiles\zsc_commonfiles_unittest\bin\debug\net472\zsc_commonfiles_unittest.dll" id="dbbf39a1-557e-8113-cb77-f2aa3140bfbd">
      <TestCategory>
        <TestCategoryItem TestCategory="SC_CommonFiles.WPF.TileLayout" />
      </TestCategory>
      <Execution id="bf2f96b1-c0b8-4155-b50c-e55bfa05f336" />
      <TestMethod codeBase="D:\actions-runner\_work\XPCO\XPCO\Common\SC_CommonFiles\zSC_CommonFiles_UnitTest\bin\Debug\net472\zSC_CommonFiles_UnitTest.dll" adapterTypeName="executor://mstestadapter/v2" className="zSC_CommonFiles_UnitTest.VideoOS.UI.Common.WPF.TileLayout.TileLayoutTest" name="ItemHolder_MouseOver_Success" />
    </UnitTest>
    <UnitTest name="AuthenticationExternal_CopyConstructor_NullBaseAuth_Throws_ArgumentNullException" storage="d:\actions-runner\_work\xpco\xpco\common\sc_commonfiles\zsc_commonfiles_unittest\bin\debug\net472\zsc_commonfiles_unittest.dll" id="406127ab-b342-e721-d286-823ee31b0fbc">
      <TestCategory>
        <TestCategoryItem TestCategory="AuthenticationInfoTests" />
      </TestCategory>
      <Execution id="e90fb01d-8978-4754-9932-d198dc5d40c2" />
      <TestMethod codeBase="D:\actions-runner\_work\XPCO\XPCO\Common\SC_CommonFiles\zSC_CommonFiles_UnitTest\bin\Debug\net472\zSC_CommonFiles_UnitTest.dll" adapterTypeName="executor://mstestadapter/v2" className="zSC_CommonFiles_UnitTest.VideoOS.Common.Login.AuthenticationInfoTests" name="AuthenticationExternal_CopyConstructor_NullBaseAuth_Throws_ArgumentNullException" />
    </UnitTest>
    <UnitTest name="RangeSingleEdit_EnterLargeNumber_EditFieldAutosizedAndCentered" storage="d:\actions-runner\_work\xpco\xpco\common\sc_commonfiles\zsc_commonfiles_unittest\bin\debug\net472\zsc_commonfiles_unittest.dll" id="ce44940c-50be-b7ab-4e00-61b9f154d25c">
      <TestCategory>
        <TestCategoryItem TestCategory="RangeSelector" />
      </TestCategory>
      <Execution id="97e45e49-29af-49bc-9af0-65e79fd69dd3" />
      <TestMethod codeBase="D:\actions-runner\_work\XPCO\XPCO\Common\SC_CommonFiles\zSC_CommonFiles_UnitTest\bin\Debug\net472\zSC_CommonFiles_UnitTest.dll" adapterTypeName="executor://mstestadapter/v2" className="VideoOS.UI.Common.WPF.RangeSelector.RangeSelectorTest" name="RangeSingleEdit_EnterLargeNumber_EditFieldAutosizedAndCentered" />
    </UnitTest>
    <UnitTest name="TooltipServiceWarning_UpdateTimeDefined" storage="d:\actions-runner\_work\xpco\xpco\common\sc_commonfiles\zsc_commonfiles_unittest\bin\debug\net472\zsc_commonfiles_unittest.dll" id="b0004f06-300e-d87d-8715-e540888dd689">
      <Execution id="81ad0f41-51f0-4c33-960f-4e3ab9ce8131" />
      <TestMethod codeBase="D:\actions-runner\_work\XPCO\XPCO\Common\SC_CommonFiles\zSC_CommonFiles_UnitTest\bin\Debug\net472\zSC_CommonFiles_UnitTest.dll" adapterTypeName="executor://mstestadapter/v2" className="zSC_CommonFiles_UnitTest.VideoOS.UI.Common.WPF.Dashboard.Types.ServerTest" name="TooltipServiceWarning_UpdateTimeDefined" />
    </UnitTest>
    <UnitTest name="SaveToFile_ShouldSaveAllowUnsecureConnection_WhenAllowUnsecureIsTrue" storage="d:\actions-runner\_work\xpco\xpco\common\sc_commonfiles\zsc_commonfiles_unittest\bin\debug\net472\zsc_commonfiles_unittest.dll" id="93774d2d-144b-7040-611e-7e563672ebaa">
      <Execution id="e0d14ed0-e1e4-4057-86f3-7baa420c6923" />
      <TestMethod codeBase="D:\actions-runner\_work\XPCO\XPCO\Common\SC_CommonFiles\zSC_CommonFiles_UnitTest\bin\Debug\net472\zSC_CommonFiles_UnitTest.dll" adapterTypeName="executor://mstestadapter/v2" className="zSC_CommonFiles_UnitTest.VideoOS.Common.Login.UIConnectionInfoTests" name="SaveToFile_ShouldSaveAllowUnsecureConnection_WhenAllowUnsecureIsTrue" />
    </UnitTest>
    <UnitTest name="RoundToSecond_Nearest" storage="d:\actions-runner\_work\xpco\xpco\common\sc_commonfiles\zsc_commonfiles_unittest\bin\debug\net472\zsc_commonfiles_unittest.dll" id="7cf60077-2671-481f-1310-11968c982eb2">
      <Execution id="51555a41-cea6-490d-9b2e-bf37587f9b29" />
      <TestMethod codeBase="D:\actions-runner\_work\XPCO\XPCO\Common\SC_CommonFiles\zSC_CommonFiles_UnitTest\bin\Debug\net472\zSC_CommonFiles_UnitTest.dll" adapterTypeName="executor://mstestadapter/v2" className="zSC_CommonFiles_UnitTest.VideoOS.UI.Common.WPF.Utils.ExtensionMethods.DateTimeExtensionsTests" name="RoundToSecond_Nearest" />
    </UnitTest>
    <UnitTest name="OnPreviewKeyDown_Return_Success" storage="d:\actions-runner\_work\xpco\xpco\common\sc_commonfiles\zsc_commonfiles_unittest\bin\debug\net472\zsc_commonfiles_unittest.dll" id="a7304e06-ae3e-2e3a-5ce1-1639916ee77c">
      <TestCategory>
        <TestCategoryItem TestCategory="SC_CommonFiles.WPF.TileLayout" />
      </TestCategory>
      <Execution id="e854c4ce-b7f7-4985-8851-f5b0d1da6904" />
      <TestMethod codeBase="D:\actions-runner\_work\XPCO\XPCO\Common\SC_CommonFiles\zSC_CommonFiles_UnitTest\bin\Debug\net472\zSC_CommonFiles_UnitTest.dll" adapterTypeName="executor://mstestadapter/v2" className="zSC_CommonFiles_UnitTest.VideoOS.UI.Common.WPF.TileLayout.TileLayoutTest" name="OnPreviewKeyDown_Return_Success" />
    </UnitTest>
    <UnitTest name="ShowDialogScaled_150Percent_Scaling" storage="d:\actions-runner\_work\xpco\xpco\common\sc_commonfiles\zsc_commonfiles_unittest\bin\debug\net472\zsc_commonfiles_unittest.dll" id="39556250-42a0-8230-36af-33fb371b59df">
      <Execution id="476b553a-7d41-489d-949f-941dfd59051c" />
      <TestMethod codeBase="D:\actions-runner\_work\XPCO\XPCO\Common\SC_CommonFiles\zSC_CommonFiles_UnitTest\bin\Debug\net472\zSC_CommonFiles_UnitTest.dll" adapterTypeName="executor://mstestadapter/v2" className="zSC_CommonFiles_UnitTest.VideoOS.UI.Common.WPF.Utils.ExtensionMethods.WindowExtensionsTests" name="ShowDialogScaled_150Percent_Scaling" />
    </UnitTest>
    <UnitTest name="ValidSlides_ShouldNotContainDefaults" storage="d:\actions-runner\_work\xpco\xpco\common\sc_commonfiles\zsc_commonfiles_unittest\bin\debug\net472\zsc_commonfiles_unittest.dll" id="fc42ecd1-8c72-c445-ea96-97544145f9ab">
      <Execution id="4d95ce7f-34ee-4cfc-a42d-e63307dbd7f8" />
      <TestMethod codeBase="D:\actions-runner\_work\XPCO\XPCO\Common\SC_CommonFiles\zSC_CommonFiles_UnitTest\bin\Debug\net472\zSC_CommonFiles_UnitTest.dll" adapterTypeName="executor://mstestadapter/v2" className="zSC_CommonFiles_UnitTest.VideoOS.UI.Common.WPF.VideoText.VideoTextWindowViewModelTests" name="ValidSlides_ShouldNotContainDefaults" />
    </UnitTest>
    <UnitTest name="FindOptimalTilingCalculatesRowsColumnsAppropriateToTileAndWindowRatioAndWithOptimumNumberOfCells" storage="d:\actions-runner\_work\xpco\xpco\common\sc_commonfiles\zsc_commonfiles_unittest\bin\debug\net472\zsc_commonfiles_unittest.dll" id="2eb304bc-29a1-e3fc-a1ed-62b709614ba3">
      <Execution id="9b06c687-694d-4dd1-9a04-afb4110b8b0c" />
      <TestMethod codeBase="D:\actions-runner\_work\XPCO\XPCO\Common\SC_CommonFiles\zSC_CommonFiles_UnitTest\bin\Debug\net472\zSC_CommonFiles_UnitTest.dll" adapterTypeName="executor://mstestadapter/v2" className="zSC_CommonFiles_UnitTest.DashboardTilesTests" name="FindOptimalTilingCalculatesRowsColumnsAppropriateToTileAndWindowRatioAndWithOptimumNumberOfCells" />
    </UnitTest>
    <UnitTest name="GetImageSource_16px_Success" storage="d:\actions-runner\_work\xpco\xpco\common\sc_commonfiles\zsc_commonfiles_unittest\bin\debug\net472\zsc_commonfiles_unittest.dll" id="8a767b9b-e015-e5fc-c6e0-fb31075f769b">
      <TestCategory>
        <TestCategoryItem TestCategory="SC_CommonFiles.WPF" />
      </TestCategory>
      <Execution id="f754728c-8c5a-4962-9b71-fc40b47601cd" />
      <TestMethod codeBase="D:\actions-runner\_work\XPCO\XPCO\Common\SC_CommonFiles\zSC_CommonFiles_UnitTest\bin\Debug\net472\zSC_CommonFiles_UnitTest.dll" adapterTypeName="executor://mstestadapter/v2" className="zSC_CommonFiles_UnitTest.VideoOS.UI.Common.WPF.Utils.ExtensionMethods.IconExtensionsTests" name="GetImageSource_16px_Success" />
    </UnitTest>
    <UnitTest name="StartServerStates_CommunicationException_WithCustomLogger_DoubledSleepDuration" storage="d:\actions-runner\_work\xpco\xpco\common\sc_commonfiles\zsc_commonfiles_unittest\bin\debug\net472\zsc_commonfiles_unittest.dll" id="cc3b9b99-7533-a7bc-3f64-e2ee5a64fc21">
      <Execution id="57068787-5367-4622-af70-0526432796d8" />
      <TestMethod codeBase="D:\actions-runner\_work\XPCO\XPCO\Common\SC_CommonFiles\zSC_CommonFiles_UnitTest\bin\Debug\net472\zSC_CommonFiles_UnitTest.dll" adapterTypeName="executor://mstestadapter/v2" className="zSC_CommonFiles_UnitTest.VideoOS.Common.State.StateHandlerTests" name="StartServerStates_CommunicationException_WithCustomLogger_DoubledSleepDuration" />
    </UnitTest>
    <UnitTest name="GetDoubleValueOrDefault_KeyNotFound_DefaultValueReturned" storage="d:\actions-runner\_work\xpco\xpco\common\sc_commonfiles\zsc_commonfiles_unittest\bin\debug\net472\zsc_commonfiles_unittest.dll" id="49b54f08-f7f0-ba91-ee50-7ae6390d4af1">
      <Execution id="52232243-c65a-418a-8009-b4559981676c" />
      <TestMethod codeBase="D:\actions-runner\_work\XPCO\XPCO\Common\SC_CommonFiles\zSC_CommonFiles_UnitTest\bin\Debug\net472\zSC_CommonFiles_UnitTest.dll" adapterTypeName="executor://mstestadapter/v2" className="zSC_CommonFiles_UnitTest.VideoOS.Common.Configuration.NameValueCollectionExtensionsTest" name="GetDoubleValueOrDefault_KeyNotFound_DefaultValueReturned" />
    </UnitTest>
    <UnitTest name="MeasureOverride_4child_InvalidChild_EnoughSpace_NotShrunk" storage="d:\actions-runner\_work\xpco\xpco\common\sc_commonfiles\zsc_commonfiles_unittest\bin\debug\net472\zsc_commonfiles_unittest.dll" id="aadb342a-ff06-0cc2-8ee7-a275dc1cd7f8">
      <TestCategory>
        <TestCategoryItem TestCategory="Controls" />
      </TestCategory>
      <Execution id="250f490a-4ac7-4333-b344-e3f147d3909a" />
      <TestMethod codeBase="D:\actions-runner\_work\XPCO\XPCO\Common\SC_CommonFiles\zSC_CommonFiles_UnitTest\bin\Debug\net472\zSC_CommonFiles_UnitTest.dll" adapterTypeName="executor://mstestadapter/v2" className="VideoOS.UI.Common.WPF.Controls.HorizontalPanelTests" name="MeasureOverride_4child_InvalidChild_EnoughSpace_NotShrunk" />
    </UnitTest>
    <UnitTest name="DetermineScaledWindowLocationAndSize_100Percent_Scaling" storage="d:\actions-runner\_work\xpco\xpco\common\sc_commonfiles\zsc_commonfiles_unittest\bin\debug\net472\zsc_commonfiles_unittest.dll" id="255725f3-62ba-63bd-b914-0cdfd4638d83">
      <Execution id="4f166a66-2611-418f-bacb-1eb706f622f5" />
      <TestMethod codeBase="D:\actions-runner\_work\XPCO\XPCO\Common\SC_CommonFiles\zSC_CommonFiles_UnitTest\bin\Debug\net472\zSC_CommonFiles_UnitTest.dll" adapterTypeName="executor://mstestadapter/v2" className="zSC_CommonFiles_UnitTest.VideoOS.UI.Common.WPF.Utils.ExtensionMethods.WindowExtensionsTests" name="DetermineScaledWindowLocationAndSize_100Percent_Scaling" />
    </UnitTest>
    <UnitTest name="StopAndDisconnect_SessionNotStarted_ServiceNotCalled" storage="d:\actions-runner\_work\xpco\xpco\common\sc_commonfiles\zsc_commonfiles_unittest\bin\debug\net472\zsc_commonfiles_unittest.dll" id="00128a49-1d90-04d8-005b-b12d7a997cf3">
      <Execution id="e95f0039-9c1e-46b4-b34c-80bfe3bb70fe" />
      <TestMethod codeBase="D:\actions-runner\_work\XPCO\XPCO\Common\SC_CommonFiles\zSC_CommonFiles_UnitTest\bin\Debug\net472\zSC_CommonFiles_UnitTest.dll" adapterTypeName="executor://mstestadapter/v2" className="zSC_CommonFiles_UnitTest.VideoOS.Common.State.StateManagerTests" name="StopAndDisconnect_SessionNotStarted_ServiceNotCalled" />
    </UnitTest>
    <UnitTest name="TileIsStateUndefinedIfCurrentStatesIsNull" storage="d:\actions-runner\_work\xpco\xpco\common\sc_commonfiles\zsc_commonfiles_unittest\bin\debug\net472\zsc_commonfiles_unittest.dll" id="95ce4bfb-8a8a-2e2d-8537-47c45d12d2d7">
      <Execution id="019e6f15-1094-4c2d-83f2-f992a0c126c4" />
      <TestMethod codeBase="D:\actions-runner\_work\XPCO\XPCO\Common\SC_CommonFiles\zSC_CommonFiles_UnitTest\bin\Debug\net472\zSC_CommonFiles_UnitTest.dll" adapterTypeName="executor://mstestadapter/v2" className="zSC_CommonFiles_UnitTest.DashboardTilesTests" name="TileIsStateUndefinedIfCurrentStatesIsNull" />
    </UnitTest>
    <UnitTest name="DetermineScaledWindowLocationAndSize_AtPosition_100Percent_Scaling" storage="d:\actions-runner\_work\xpco\xpco\common\sc_commonfiles\zsc_commonfiles_unittest\bin\debug\net472\zsc_commonfiles_unittest.dll" id="d6602b74-10ff-8e4a-a599-5e89f61e24aa">
      <Execution id="ae37ed19-12b8-40cd-99fe-02efe8696e00" />
      <TestMethod codeBase="D:\actions-runner\_work\XPCO\XPCO\Common\SC_CommonFiles\zSC_CommonFiles_UnitTest\bin\Debug\net472\zSC_CommonFiles_UnitTest.dll" adapterTypeName="executor://mstestadapter/v2" className="zSC_CommonFiles_UnitTest.VideoOS.UI.Common.WPF.Utils.ExtensionMethods.WindowExtensionsTests" name="DetermineScaledWindowLocationAndSize_AtPosition_100Percent_Scaling" />
    </UnitTest>
    <UnitTest name="FormsControlScaledLocationAndSize_NegativePositions_100Percent_Scaling" storage="d:\actions-runner\_work\xpco\xpco\common\sc_commonfiles\zsc_commonfiles_unittest\bin\debug\net472\zsc_commonfiles_unittest.dll" id="a53bc742-1aa6-1112-cd67-7bd1ef336fc4">
      <Execution id="c58cef12-3af9-46e4-a29d-a4ee36b5092b" />
      <TestMethod codeBase="D:\actions-runner\_work\XPCO\XPCO\Common\SC_CommonFiles\zSC_CommonFiles_UnitTest\bin\Debug\net472\zSC_CommonFiles_UnitTest.dll" adapterTypeName="executor://mstestadapter/v2" className="zSC_CommonFiles_UnitTest.VideoOS.UI.Common.WPF.Utils.ExtensionMethods.WindowExtensionsTests" name="FormsControlScaledLocationAndSize_NegativePositions_100Percent_Scaling" />
    </UnitTest>
    <UnitTest name="TestHistoryFileSetter" storage="d:\actions-runner\_work\xpco\xpco\common\sc_commonfiles\zsc_commonfiles_unittest\bin\debug\net472\zsc_commonfiles_unittest.dll" id="d2336b6f-ec47-a30f-6052-9d509a829189">
      <Execution id="9fe2854f-6e77-4241-86dd-2c2a987e65fe" />
      <TestMethod codeBase="D:\actions-runner\_work\XPCO\XPCO\Common\SC_CommonFiles\zSC_CommonFiles_UnitTest\bin\Debug\net472\zSC_CommonFiles_UnitTest.dll" adapterTypeName="executor://mstestadapter/v2" className="zSC_CommonFiles_UnitTest.VideoOS.Common.Login.UIConnectionInfoTests" name="TestHistoryFileSetter" />
    </UnitTest>
    <UnitTest name="TryGetIntValue_KeyFound_ValueReturned" storage="d:\actions-runner\_work\xpco\xpco\common\sc_commonfiles\zsc_commonfiles_unittest\bin\debug\net472\zsc_commonfiles_unittest.dll" id="bf21cb13-4f33-4868-5185-223274a7024a">
      <Execution id="6c09c022-e03c-4e2a-a967-0fef6a9aac84" />
      <TestMethod codeBase="D:\actions-runner\_work\XPCO\XPCO\Common\SC_CommonFiles\zSC_CommonFiles_UnitTest\bin\Debug\net472\zSC_CommonFiles_UnitTest.dll" adapterTypeName="executor://mstestadapter/v2" className="zSC_CommonFiles_UnitTest.VideoOS.Common.Configuration.NameValueCollectionExtensionsTest" name="TryGetIntValue_KeyFound_ValueReturned" />
    </UnitTest>
    <UnitTest name="Constructor_ShouldCreateTreeOfDepth1_WhenUnitsHaveNoParentButToplevelNodesAreSet" storage="d:\actions-runner\_work\xpco\xpco\common\sc_commonfiles\zsc_commonfiles_unittest\bin\debug\net472\zsc_commonfiles_unittest.dll" id="ae5ac97e-8b8c-eeb7-7e79-fd8b61df6329">
      <Execution id="0e2e2904-bb5e-49e4-a714-51c0cc474556" />
      <TestMethod codeBase="D:\actions-runner\_work\XPCO\XPCO\Common\SC_CommonFiles\zSC_CommonFiles_UnitTest\bin\Debug\net472\zSC_CommonFiles_UnitTest.dll" adapterTypeName="executor://mstestadapter/v2" className="SmartClient_UnitTest_VideoOS_UI_Common_WPF_FilterTree.FilterTreeUserControlViewModelTest" name="Constructor_ShouldCreateTreeOfDepth1_WhenUnitsHaveNoParentButToplevelNodesAreSet" />
    </UnitTest>
    <UnitTest name="FormsControlScaledLocationAndSize_AnchorRightAndBottom_150Percent_Scaling" storage="d:\actions-runner\_work\xpco\xpco\common\sc_commonfiles\zsc_commonfiles_unittest\bin\debug\net472\zsc_commonfiles_unittest.dll" id="edd04f72-e846-3536-4d16-cb04e8460e6b">
      <Execution id="4110aad7-6d22-44b6-a6c8-da43295dc142" />
      <TestMethod codeBase="D:\actions-runner\_work\XPCO\XPCO\Common\SC_CommonFiles\zSC_CommonFiles_UnitTest\bin\Debug\net472\zSC_CommonFiles_UnitTest.dll" adapterTypeName="executor://mstestadapter/v2" className="zSC_CommonFiles_UnitTest.VideoOS.UI.Common.WPF.Utils.ExtensionMethods.WindowExtensionsTests" name="FormsControlScaledLocationAndSize_AnchorRightAndBottom_150Percent_Scaling" />
    </UnitTest>
    <UnitTest name="UpdateServerState_FailoverErrorState" storage="d:\actions-runner\_work\xpco\xpco\common\sc_commonfiles\zsc_commonfiles_unittest\bin\debug\net472\zsc_commonfiles_unittest.dll" id="68a3dcd6-b2e6-5bb3-d82c-04377e1a7b9b">
      <Execution id="d0e4d9d3-f377-4a2d-8022-eeb50aa97ace" />
      <TestMethod codeBase="D:\actions-runner\_work\XPCO\XPCO\Common\SC_CommonFiles\zSC_CommonFiles_UnitTest\bin\Debug\net472\zSC_CommonFiles_UnitTest.dll" adapterTypeName="executor://mstestadapter/v2" className="zSC_CommonFiles_UnitTest.VideoOS.UI.Common.WPF.Dashboard.List.ListServersAndCamerasModelTest" name="UpdateServerState_FailoverErrorState" />
    </UnitTest>
    <UnitTest name="Activate_ToastActivated" storage="d:\actions-runner\_work\xpco\xpco\common\sc_commonfiles\zsc_commonfiles_unittest\bin\debug\net472\zsc_commonfiles_unittest.dll" id="20c0e1dd-a74f-c654-d865-142fb2a2787f">
      <TestCategory>
        <TestCategoryItem TestCategory="Toasts" />
      </TestCategory>
      <Execution id="66abcab0-2948-42c3-9b7d-3af554fbffaf" />
      <TestMethod codeBase="D:\actions-runner\_work\XPCO\XPCO\Common\SC_CommonFiles\zSC_CommonFiles_UnitTest\bin\Debug\net472\zSC_CommonFiles_UnitTest.dll" adapterTypeName="executor://mstestadapter/v2" className="zSC_CommonFiles_UnitTest.VideoOS.UI.Common.WPF.Toast.ToastBaseTests" name="Activate_ToastActivated" />
    </UnitTest>
    <UnitTest name="RoundToMillisecond_RoundDown" storage="d:\actions-runner\_work\xpco\xpco\common\sc_commonfiles\zsc_commonfiles_unittest\bin\debug\net472\zsc_commonfiles_unittest.dll" id="132e103c-17cc-dd6d-9a83-6fdfdde045a1">
      <Execution id="b84cb9c4-917a-4428-abc3-971a10e894b3" />
      <TestMethod codeBase="D:\actions-runner\_work\XPCO\XPCO\Common\SC_CommonFiles\zSC_CommonFiles_UnitTest\bin\Debug\net472\zSC_CommonFiles_UnitTest.dll" adapterTypeName="executor://mstestadapter/v2" className="zSC_CommonFiles_UnitTest.VideoOS.UI.Common.WPF.Utils.ExtensionMethods.TimeSpanExtensionsTests" name="RoundToMillisecond_RoundDown" />
    </UnitTest>
    <UnitTest name="Clear_NoCleanupTimerRunning_Success" storage="d:\actions-runner\_work\xpco\xpco\common\sc_commonfiles\zsc_commonfiles_unittest\bin\debug\net472\zsc_commonfiles_unittest.dll" id="853fc9d6-6db1-9e50-13df-6a1ab3128380">
      <Execution id="72f76cd0-77ce-42fe-b3ba-c3054aeac93a" />
      <TestMethod codeBase="D:\actions-runner\_work\XPCO\XPCO\Common\SC_CommonFiles\zSC_CommonFiles_UnitTest\bin\Debug\net472\zSC_CommonFiles_UnitTest.dll" adapterTypeName="executor://mstestadapter/v2" className="VideoOS.UI.Common.WPF.Utils.RecyclingFactory.RecyclingFactoryTests" name="Clear_NoCleanupTimerRunning_Success" />
    </UnitTest>
    <UnitTest name="SubstractTest" storage="d:\actions-runner\_work\xpco\xpco\common\sc_commonfiles\zsc_commonfiles_unittest\bin\debug\net472\zsc_commonfiles_unittest.dll" id="8830f43b-5d5e-0d90-f334-a1cf125e39b1">
      <Execution id="95a93c60-cfe1-4db9-88dc-274a1977217b" />
      <TestMethod codeBase="D:\actions-runner\_work\XPCO\XPCO\Common\SC_CommonFiles\zSC_CommonFiles_UnitTest\bin\Debug\net472\zSC_CommonFiles_UnitTest.dll" adapterTypeName="executor://mstestadapter/v2" className="SmartClient_UnitTest_VideoOS_UI_Common_WPF_Timeline.TimeIntervalTest" name="SubstractTest" />
    </UnitTest>
    <UnitTest name="TileIsStateUndefinedIfAllCurrentStatesAreUndefined" storage="d:\actions-runner\_work\xpco\xpco\common\sc_commonfiles\zsc_commonfiles_unittest\bin\debug\net472\zsc_commonfiles_unittest.dll" id="88c0ee23-26fa-850a-6ac5-863c20752b1c">
      <Execution id="daef5f0a-907c-46c4-a5f5-a0594c2efd8e" />
      <TestMethod codeBase="D:\actions-runner\_work\XPCO\XPCO\Common\SC_CommonFiles\zSC_CommonFiles_UnitTest\bin\Debug\net472\zSC_CommonFiles_UnitTest.dll" adapterTypeName="executor://mstestadapter/v2" className="zSC_CommonFiles_UnitTest.DashboardTilesTests" name="TileIsStateUndefinedIfAllCurrentStatesAreUndefined" />
    </UnitTest>
    <UnitTest name="FiresCorrectly" storage="d:\actions-runner\_work\xpco\xpco\common\sc_commonfiles\zsc_commonfiles_unittest\bin\debug\net472\zsc_commonfiles_unittest.dll" id="9055d3e9-2242-b78d-4e5e-551084a63cc0">
      <Execution id="d008d552-8c13-4321-a16b-7cde30d249b8" />
      <TestMethod codeBase="D:\actions-runner\_work\XPCO\XPCO\Common\SC_CommonFiles\zSC_CommonFiles_UnitTest\bin\Debug\net472\zSC_CommonFiles_UnitTest.dll" adapterTypeName="executor://mstestadapter/v2" className="zSC_CommonFiles_UnitTest.VideoOS.UI.Common.WPF.Utils.WeakEventTests" name="FiresCorrectly" />
    </UnitTest>
    <UnitTest name="ClearUnsecureConnectionAllowedForUser_ShouldRemoveUser_WhenUserExists" storage="d:\actions-runner\_work\xpco\xpco\common\sc_commonfiles\zsc_commonfiles_unittest\bin\debug\net472\zsc_commonfiles_unittest.dll" id="5a9cc3cc-6255-3658-268b-a50ddfebf55b">
      <Execution id="1d8d8ca6-804f-4600-a5c5-6b08738496fe" />
      <TestMethod codeBase="D:\actions-runner\_work\XPCO\XPCO\Common\SC_CommonFiles\zSC_CommonFiles_UnitTest\bin\Debug\net472\zSC_CommonFiles_UnitTest.dll" adapterTypeName="executor://mstestadapter/v2" className="zSC_CommonFiles_UnitTest.VideoOS.Common.Login.UIConnectionInfoTests" name="ClearUnsecureConnectionAllowedForUser_ShouldRemoveUser_WhenUserExists" />
    </UnitTest>
    <UnitTest name="UpdateFrameworkElementsOverlay_WithChangedFollowDigitalZoom_ShouldUpdateBothLists" storage="d:\actions-runner\_work\xpco\xpco\common\sc_commonfiles\zsc_commonfiles_unittest\bin\debug\net472\zsc_commonfiles_unittest.dll" id="33341dd4-6583-40f9-1eba-1c8c959a3a5e">
      <Execution id="ab4d09d4-ec91-4c18-8437-f9bfba4082c1" />
      <TestMethod codeBase="D:\actions-runner\_work\XPCO\XPCO\Common\SC_CommonFiles\zSC_CommonFiles_UnitTest\bin\Debug\net472\zSC_CommonFiles_UnitTest.dll" adapterTypeName="executor://mstestadapter/v2" className="zSC_CommonFiles_UnitTest.VideoOS.UI.Common.WPF.VideoPlayer.Model.FrameworkElementsOverlayModelTests" name="UpdateFrameworkElementsOverlay_WithChangedFollowDigitalZoom_ShouldUpdateBothLists" />
    </UnitTest>
    <UnitTest name="AuthenticationExternal_SetProperties_Success" storage="d:\actions-runner\_work\xpco\xpco\common\sc_commonfiles\zsc_commonfiles_unittest\bin\debug\net472\zsc_commonfiles_unittest.dll" id="2cd364b1-6937-7083-5f7e-1dd1eac47cf1">
      <TestCategory>
        <TestCategoryItem TestCategory="AuthenticationInfoTests" />
      </TestCategory>
      <Execution id="0d8e2730-8da0-4c80-ba1f-39f09f68f849" />
      <TestMethod codeBase="D:\actions-runner\_work\XPCO\XPCO\Common\SC_CommonFiles\zSC_CommonFiles_UnitTest\bin\Debug\net472\zSC_CommonFiles_UnitTest.dll" adapterTypeName="executor://mstestadapter/v2" className="zSC_CommonFiles_UnitTest.VideoOS.Common.Login.AuthenticationInfoTests" name="AuthenticationExternal_SetProperties_Success" />
    </UnitTest>
    <UnitTest name="TileStateBecomesDefinedAsSoonAsOneCounterStateBecomesDefined" storage="d:\actions-runner\_work\xpco\xpco\common\sc_commonfiles\zsc_commonfiles_unittest\bin\debug\net472\zsc_commonfiles_unittest.dll" id="e1c70711-e4bc-fec3-f088-e58c3b0e3088">
      <Execution id="d40ddbcf-e5a2-4934-b53e-916a3dcb40b9" />
      <TestMethod codeBase="D:\actions-runner\_work\XPCO\XPCO\Common\SC_CommonFiles\zSC_CommonFiles_UnitTest\bin\Debug\net472\zSC_CommonFiles_UnitTest.dll" adapterTypeName="executor://mstestadapter/v2" className="zSC_CommonFiles_UnitTest.DashboardTilesTests" name="TileStateBecomesDefinedAsSoonAsOneCounterStateBecomesDefined" />
    </UnitTest>
    <UnitTest name="TooltipServiceWarning_Failover_Combined" storage="d:\actions-runner\_work\xpco\xpco\common\sc_commonfiles\zsc_commonfiles_unittest\bin\debug\net472\zsc_commonfiles_unittest.dll" id="f5cf44f1-55f9-84ba-0c1d-f402f9b081e8">
      <Execution id="fd319e3b-6704-48f6-871b-691d61d121dd" />
      <TestMethod codeBase="D:\actions-runner\_work\XPCO\XPCO\Common\SC_CommonFiles\zSC_CommonFiles_UnitTest\bin\Debug\net472\zSC_CommonFiles_UnitTest.dll" adapterTypeName="executor://mstestadapter/v2" className="zSC_CommonFiles_UnitTest.VideoOS.UI.Common.WPF.Dashboard.Types.ServerTest" name="TooltipServiceWarning_Failover_Combined" />
    </UnitTest>
    <UnitTest name="Convert_RespectMaxValue_Success" storage="d:\actions-runner\_work\xpco\xpco\common\sc_commonfiles\zsc_commonfiles_unittest\bin\debug\net472\zsc_commonfiles_unittest.dll" id="067f6aa9-8e9c-3bdb-54dc-59497bccef18">
      <TestCategory>
        <TestCategoryItem TestCategory="Converters" />
      </TestCategory>
      <Execution id="9109e9e0-478a-4448-ba17-49d15dd0ffc1" />
      <TestMethod codeBase="D:\actions-runner\_work\XPCO\XPCO\Common\SC_CommonFiles\zSC_CommonFiles_UnitTest\bin\Debug\net472\zSC_CommonFiles_UnitTest.dll" adapterTypeName="executor://mstestadapter/v2" className="VideoOS.UI.Common.WPF.Utils.Converters.OffsetConverterTests" name="Convert_RespectMaxValue_Success" />
    </UnitTest>
    <UnitTest name="Constructor_ShouldCreateTreeOfMixedDepth_WhenUnitsHaveDifferentNumberOfAncestors" storage="d:\actions-runner\_work\xpco\xpco\common\sc_commonfiles\zsc_commonfiles_unittest\bin\debug\net472\zsc_commonfiles_unittest.dll" id="2dbf24a9-29c5-3ef0-69a0-687ac45d4c86">
      <Execution id="61b38ccf-266f-4295-af66-c038f5e12964" />
      <TestMethod codeBase="D:\actions-runner\_work\XPCO\XPCO\Common\SC_CommonFiles\zSC_CommonFiles_UnitTest\bin\Debug\net472\zSC_CommonFiles_UnitTest.dll" adapterTypeName="executor://mstestadapter/v2" className="SmartClient_UnitTest_VideoOS_UI_Common_WPF_FilterTree.FilterTreeUserControlViewModelTest" name="Constructor_ShouldCreateTreeOfMixedDepth_WhenUnitsHaveDifferentNumberOfAncestors" />
    </UnitTest>
    <UnitTest name="SelectManyOrdered" storage="d:\actions-runner\_work\xpco\xpco\common\sc_commonfiles\zsc_commonfiles_unittest\bin\debug\net472\zsc_commonfiles_unittest.dll" id="9bbc1906-5daa-9c01-5fbd-04abcb77a4b4">
      <Execution id="2d7e0014-6933-4ddb-851d-9ed3887c38b9" />
      <TestMethod codeBase="D:\actions-runner\_work\XPCO\XPCO\Common\SC_CommonFiles\zSC_CommonFiles_UnitTest\bin\Debug\net472\zSC_CommonFiles_UnitTest.dll" adapterTypeName="executor://mstestadapter/v2" className="zSC_CommonFiles_UnitTest.VideoOS.UI.Common.WPF.Utils.ExtensionMethods.IEnumerableExtensionTests" name="SelectManyOrdered" />
    </UnitTest>
    <UnitTest name="OnPreviewKeyDown_LeftCtrl_A_UnselectAll_Success" storage="d:\actions-runner\_work\xpco\xpco\common\sc_commonfiles\zsc_commonfiles_unittest\bin\debug\net472\zsc_commonfiles_unittest.dll" id="732023ed-2a84-ce2e-e7c1-285eeae1c920">
      <TestCategory>
        <TestCategoryItem TestCategory="SC_CommonFiles.WPF.TileLayout" />
      </TestCategory>
      <Execution id="c688cec3-9bfa-41ce-b1a2-1b5ca2432cae" />
      <TestMethod codeBase="D:\actions-runner\_work\XPCO\XPCO\Common\SC_CommonFiles\zSC_CommonFiles_UnitTest\bin\Debug\net472\zSC_CommonFiles_UnitTest.dll" adapterTypeName="executor://mstestadapter/v2" className="zSC_CommonFiles_UnitTest.VideoOS.UI.Common.WPF.TileLayout.TileLayoutTest" name="OnPreviewKeyDown_LeftCtrl_A_UnselectAll_Success" />
    </UnitTest>
    <UnitTest name="UpTileThrowsIfTileNotInBox" storage="d:\actions-runner\_work\xpco\xpco\common\sc_commonfiles\zsc_commonfiles_unittest\bin\debug\net472\zsc_commonfiles_unittest.dll" id="db261fbf-eb7c-9161-ff1c-532a3db0f6a5">
      <Execution id="559121c1-706c-4a78-9733-c5f3329f006b" />
      <TestMethod codeBase="D:\actions-runner\_work\XPCO\XPCO\Common\SC_CommonFiles\zSC_CommonFiles_UnitTest\bin\Debug\net472\zSC_CommonFiles_UnitTest.dll" adapterTypeName="executor://mstestadapter/v2" className="zSC_CommonFiles_UnitTest.DashboardTilesTests" name="UpTileThrowsIfTileNotInBox" />
    </UnitTest>
    <UnitTest name="ShowToast_Success" storage="d:\actions-runner\_work\xpco\xpco\common\sc_commonfiles\zsc_commonfiles_unittest\bin\debug\net472\zsc_commonfiles_unittest.dll" id="5a36dc19-91e6-2110-bdf3-d2f7bfc377f6">
      <TestCategory>
        <TestCategoryItem TestCategory="Toasts" />
      </TestCategory>
      <Execution id="b11edfdf-2079-4e78-b04f-5827ae326203" />
      <TestMethod codeBase="D:\actions-runner\_work\XPCO\XPCO\Common\SC_CommonFiles\zSC_CommonFiles_UnitTest\bin\Debug\net472\zSC_CommonFiles_UnitTest.dll" adapterTypeName="executor://mstestadapter/v2" className="zSC_CommonFiles_UnitTest.VideoOS.UI.Common.WPF.Toast.ToastsViewModelTests" name="ShowToast_Success" />
    </UnitTest>
    <UnitTest name="TickFrequenceChange_Success" storage="d:\actions-runner\_work\xpco\xpco\common\sc_commonfiles\zsc_commonfiles_unittest\bin\debug\net472\zsc_commonfiles_unittest.dll" id="76bac099-ab90-0ad5-557d-efa1c929ace3">
      <TestCategory>
        <TestCategoryItem TestCategory="RangeSelector" />
      </TestCategory>
      <Execution id="ea57280c-d071-4930-9160-2fbf10d90cf3" />
      <TestMethod codeBase="D:\actions-runner\_work\XPCO\XPCO\Common\SC_CommonFiles\zSC_CommonFiles_UnitTest\bin\Debug\net472\zSC_CommonFiles_UnitTest.dll" adapterTypeName="executor://mstestadapter/v2" className="VideoOS.UI.Common.WPF.RangeSelector.RangeSelectorTest" name="TickFrequenceChange_Success" />
    </UnitTest>
    <UnitTest name="ToastOnToastRemoved_ToastRemoved_Success" storage="d:\actions-runner\_work\xpco\xpco\common\sc_commonfiles\zsc_commonfiles_unittest\bin\debug\net472\zsc_commonfiles_unittest.dll" id="3310872c-02b1-3a9f-d890-3c3dc06b553c">
      <TestCategory>
        <TestCategoryItem TestCategory="Toasts" />
      </TestCategory>
      <Execution id="004b7e79-c369-4fe7-b405-96f8a9ee83b5" />
      <TestMethod codeBase="D:\actions-runner\_work\XPCO\XPCO\Common\SC_CommonFiles\zSC_CommonFiles_UnitTest\bin\Debug\net472\zSC_CommonFiles_UnitTest.dll" adapterTypeName="executor://mstestadapter/v2" className="VideoOS.UI.Common.WPF.Toast.ToastManagerTests" name="ToastOnToastRemoved_ToastRemoved_Success" />
    </UnitTest>
    <UnitTest name="FormsControlScaleValue_150Percent_Scaling" storage="d:\actions-runner\_work\xpco\xpco\common\sc_commonfiles\zsc_commonfiles_unittest\bin\debug\net472\zsc_commonfiles_unittest.dll" id="34b2f47b-480a-22d6-69fb-dc7eedfd64fd">
      <Execution id="2aef75ae-f48a-431d-a4fb-1713b8b26ba0" />
      <TestMethod codeBase="D:\actions-runner\_work\XPCO\XPCO\Common\SC_CommonFiles\zSC_CommonFiles_UnitTest\bin\Debug\net472\zSC_CommonFiles_UnitTest.dll" adapterTypeName="executor://mstestadapter/v2" className="zSC_CommonFiles_UnitTest.VideoOS.UI.Common.WPF.Utils.ExtensionMethods.WindowExtensionsTests" name="FormsControlScaleValue_150Percent_Scaling" />
    </UnitTest>
    <UnitTest name="GetStates_SessionStarted_NoStates" storage="d:\actions-runner\_work\xpco\xpco\common\sc_commonfiles\zsc_commonfiles_unittest\bin\debug\net472\zsc_commonfiles_unittest.dll" id="4c169ed1-2ceb-3ce5-de75-44f39814124d">
      <Execution id="fd8060f3-972a-4432-856b-031323346acb" />
      <TestMethod codeBase="D:\actions-runner\_work\XPCO\XPCO\Common\SC_CommonFiles\zSC_CommonFiles_UnitTest\bin\Debug\net472\zSC_CommonFiles_UnitTest.dll" adapterTypeName="executor://mstestadapter/v2" className="zSC_CommonFiles_UnitTest.VideoOS.Common.State.StateManagerTests" name="GetStates_SessionStarted_NoStates" />
    </UnitTest>
    <UnitTest name="TileLayout_Selected_BorderBrushUpdated" storage="d:\actions-runner\_work\xpco\xpco\common\sc_commonfiles\zsc_commonfiles_unittest\bin\debug\net472\zsc_commonfiles_unittest.dll" id="af38776a-6751-f268-5d04-8090b4d28593">
      <TestCategory>
        <TestCategoryItem TestCategory="SC_CommonFiles.WPF.TileLayout" />
      </TestCategory>
      <Execution id="0eee0987-60cd-493c-8394-20788e276761" />
      <TestMethod codeBase="D:\actions-runner\_work\XPCO\XPCO\Common\SC_CommonFiles\zSC_CommonFiles_UnitTest\bin\Debug\net472\zSC_CommonFiles_UnitTest.dll" adapterTypeName="executor://mstestadapter/v2" className="zSC_CommonFiles_UnitTest.VideoOS.UI.Common.WPF.TileLayout.ItemHolderTest" name="TileLayout_Selected_BorderBrushUpdated" />
    </UnitTest>
    <UnitTest name="Constructor_ShouldCreateTreeOfDepth3_WhenUnitsHaveGrandparentButIncludeIsEnabled" storage="d:\actions-runner\_work\xpco\xpco\common\sc_commonfiles\zsc_commonfiles_unittest\bin\debug\net472\zsc_commonfiles_unittest.dll" id="54f6e699-b3d1-75b1-4814-37e5fcfee1a3">
      <Execution id="4b47ae9e-7ddf-4a60-875f-ba4649100919" />
      <TestMethod codeBase="D:\actions-runner\_work\XPCO\XPCO\Common\SC_CommonFiles\zSC_CommonFiles_UnitTest\bin\Debug\net472\zSC_CommonFiles_UnitTest.dll" adapterTypeName="executor://mstestadapter/v2" className="SmartClient_UnitTest_VideoOS_UI_Common_WPF_FilterTree.FilterTreeUserControlViewModelTest" name="Constructor_ShouldCreateTreeOfDepth3_WhenUnitsHaveGrandparentButIncludeIsEnabled" />
    </UnitTest>
    <UnitTest name="AllowUnsecureConnection_ShouldBeFalse_WhenAllowUnsecureIsInvalid" storage="d:\actions-runner\_work\xpco\xpco\common\sc_commonfiles\zsc_commonfiles_unittest\bin\debug\net472\zsc_commonfiles_unittest.dll" id="2f93e454-b30c-a78b-d137-5d738935ef23">
      <Execution id="c655d655-5691-443d-a394-24bb26f279f5" />
      <TestMethod codeBase="D:\actions-runner\_work\XPCO\XPCO\Common\SC_CommonFiles\zSC_CommonFiles_UnitTest\bin\Debug\net472\zSC_CommonFiles_UnitTest.dll" adapterTypeName="executor://mstestadapter/v2" className="zSC_CommonFiles_UnitTest.VideoOS.Common.Login.UIConnectionInfoTests" name="AllowUnsecureConnection_ShouldBeFalse_WhenAllowUnsecureIsInvalid" />
    </UnitTest>
    <UnitTest name="OnPreviewKeyDown_RightShift_Click_Select_Success" storage="d:\actions-runner\_work\xpco\xpco\common\sc_commonfiles\zsc_commonfiles_unittest\bin\debug\net472\zsc_commonfiles_unittest.dll" id="1c24a4c8-79d9-1a7e-b3df-8a6211e695a8">
      <TestCategory>
        <TestCategoryItem TestCategory="SC_CommonFiles.WPF.TileLayout" />
      </TestCategory>
      <Execution id="8a48e861-c0de-41e0-80b9-370e363d39db" />
      <TestMethod codeBase="D:\actions-runner\_work\XPCO\XPCO\Common\SC_CommonFiles\zSC_CommonFiles_UnitTest\bin\Debug\net472\zSC_CommonFiles_UnitTest.dll" adapterTypeName="executor://mstestadapter/v2" className="zSC_CommonFiles_UnitTest.VideoOS.UI.Common.WPF.TileLayout.TileLayoutTest" name="OnPreviewKeyDown_RightShift_Click_Select_Success" />
    </UnitTest>
    <UnitTest name="TooltipServiceWarning_Failover_SSLError" storage="d:\actions-runner\_work\xpco\xpco\common\sc_commonfiles\zsc_commonfiles_unittest\bin\debug\net472\zsc_commonfiles_unittest.dll" id="4f94cd28-33c0-a9f8-eb7e-0b5388f1fdc5">
      <Execution id="5a86a0e1-2275-4b43-939d-e436a21ef711" />
      <TestMethod codeBase="D:\actions-runner\_work\XPCO\XPCO\Common\SC_CommonFiles\zSC_CommonFiles_UnitTest\bin\Debug\net472\zSC_CommonFiles_UnitTest.dll" adapterTypeName="executor://mstestadapter/v2" className="zSC_CommonFiles_UnitTest.VideoOS.UI.Common.WPF.Dashboard.Types.ServerTest" name="TooltipServiceWarning_Failover_SSLError" />
    </UnitTest>
    <UnitTest name="Constructor_StateService_ArgumentNull_Thrown" storage="d:\actions-runner\_work\xpco\xpco\common\sc_commonfiles\zsc_commonfiles_unittest\bin\debug\net472\zsc_commonfiles_unittest.dll" id="2e5f6fa9-36cf-588f-e363-93c7c6e15067">
      <Execution id="e5025ffd-f29d-490e-80c4-7269eb770c81" />
      <TestMethod codeBase="D:\actions-runner\_work\XPCO\XPCO\Common\SC_CommonFiles\zSC_CommonFiles_UnitTest\bin\Debug\net472\zSC_CommonFiles_UnitTest.dll" adapterTypeName="executor://mstestadapter/v2" className="zSC_CommonFiles_UnitTest.VideoOS.Common.State.StateManagerTests" name="Constructor_StateService_ArgumentNull_Thrown" />
    </UnitTest>
    <UnitTest name="GetStates_SessionStarted_WithStates" storage="d:\actions-runner\_work\xpco\xpco\common\sc_commonfiles\zsc_commonfiles_unittest\bin\debug\net472\zsc_commonfiles_unittest.dll" id="8d3a13e4-7529-dcc7-acab-a47c8e85a381">
      <Execution id="767343b4-d870-4b1f-85cf-6bb239b76a92" />
      <TestMethod codeBase="D:\actions-runner\_work\XPCO\XPCO\Common\SC_CommonFiles\zSC_CommonFiles_UnitTest\bin\Debug\net472\zSC_CommonFiles_UnitTest.dll" adapterTypeName="executor://mstestadapter/v2" className="zSC_CommonFiles_UnitTest.VideoOS.Common.State.StateManagerTests" name="GetStates_SessionStarted_WithStates" />
    </UnitTest>
    <UnitTest name="Finds_Simple_Rule" storage="d:\actions-runner\_work\xpco\xpco\common\sc_commonfiles\zsc_commonfiles_unittest\bin\debug\net472\zsc_commonfiles_unittest.dll" id="d78b0152-cc1a-328b-d637-c02c8df9200a">
      <Execution id="f85cc9b3-2de6-419e-8767-79181308625d" />
      <TestMethod codeBase="D:\actions-runner\_work\XPCO\XPCO\Common\SC_CommonFiles\zSC_CommonFiles_UnitTest\bin\Debug\net472\zSC_CommonFiles_UnitTest.dll" adapterTypeName="executor://mstestadapter/v2" className="zSC_CommonFiles_UnitTest.VideoOS.UI.Common.WPF.Utils.MvvmHelpers.ViewLocatorTest" name="Finds_Simple_Rule" />
    </UnitTest>
    <UnitTest name="Constructor_ShouldForwardSlides_WhenMoreThanZero" storage="d:\actions-runner\_work\xpco\xpco\common\sc_commonfiles\zsc_commonfiles_unittest\bin\debug\net472\zsc_commonfiles_unittest.dll" id="c196c0e0-1845-801a-d6ce-5a2a7861546a">
      <Execution id="5d41ec75-fea0-4107-a391-0f1723dea8c8" />
      <TestMethod codeBase="D:\actions-runner\_work\XPCO\XPCO\Common\SC_CommonFiles\zSC_CommonFiles_UnitTest\bin\Debug\net472\zSC_CommonFiles_UnitTest.dll" adapterTypeName="executor://mstestadapter/v2" className="zSC_CommonFiles_UnitTest.VideoOS.UI.Common.WPF.VideoText.VideoTextWindowViewModelTests" name="Constructor_ShouldForwardSlides_WhenMoreThanZero" />
    </UnitTest>
    <UnitTest name="DeleteTileDeletesIfTileIsInListBox" storage="d:\actions-runner\_work\xpco\xpco\common\sc_commonfiles\zsc_commonfiles_unittest\bin\debug\net472\zsc_commonfiles_unittest.dll" id="6993f887-a58d-8b2d-0d37-9a2f5f848573">
      <Execution id="bf9cb9de-7559-491b-a544-667ffb597ce9" />
      <TestMethod codeBase="D:\actions-runner\_work\XPCO\XPCO\Common\SC_CommonFiles\zSC_CommonFiles_UnitTest\bin\Debug\net472\zSC_CommonFiles_UnitTest.dll" adapterTypeName="executor://mstestadapter/v2" className="zSC_CommonFiles_UnitTest.DashboardTilesTests" name="DeleteTileDeletesIfTileIsInListBox" />
    </UnitTest>
    <UnitTest name="TryCreateUri_ShouldReturnValidUri_WhenInputIsRelativeUri" storage="d:\actions-runner\_work\xpco\xpco\common\sc_commonfiles\zsc_commonfiles_unittest\bin\debug\net472\zsc_commonfiles_unittest.dll" id="8f9aaf67-4846-3c14-9893-fd9a67976dbd">
      <Execution id="2aadc6f0-6c0a-4c60-8d0b-89bb26c77ab4" />
      <TestMethod codeBase="D:\actions-runner\_work\XPCO\XPCO\Common\SC_CommonFiles\zSC_CommonFiles_UnitTest\bin\Debug\net472\zSC_CommonFiles_UnitTest.dll" adapterTypeName="executor://mstestadapter/v2" className="zSC_CommonFiles_UnitTest.VideoOS.UI.Common.WPF.Utils.ExtensionMethods.StringExtensionsTests" name="TryCreateUri_ShouldReturnValidUri_WhenInputIsRelativeUri" />
    </UnitTest>
    <UnitTest name="StartServerStates_ThreadInterruptException_DoubledSleepDuration" storage="d:\actions-runner\_work\xpco\xpco\common\sc_commonfiles\zsc_commonfiles_unittest\bin\debug\net472\zsc_commonfiles_unittest.dll" id="26b17eff-fa5a-17f2-d1c6-54abe3c460d9">
      <Execution id="d19bd290-0ac1-43f2-8c76-38eb1eeda47f" />
      <TestMethod codeBase="D:\actions-runner\_work\XPCO\XPCO\Common\SC_CommonFiles\zSC_CommonFiles_UnitTest\bin\Debug\net472\zSC_CommonFiles_UnitTest.dll" adapterTypeName="executor://mstestadapter/v2" className="zSC_CommonFiles_UnitTest.VideoOS.Common.State.StateHandlerTests" name="StartServerStates_ThreadInterruptException_DoubledSleepDuration" />
    </UnitTest>
    <UnitTest name="Constructor_StateService_ArgumentNull_Thrown" storage="d:\actions-runner\_work\xpco\xpco\common\sc_commonfiles\zsc_commonfiles_unittest\bin\debug\net472\zsc_commonfiles_unittest.dll" id="bb65ea30-4ccc-91b1-efbb-715f93a6d534">
      <Execution id="faa1a233-39f2-401d-a40a-22cd08afe07c" />
      <TestMethod codeBase="D:\actions-runner\_work\XPCO\XPCO\Common\SC_CommonFiles\zSC_CommonFiles_UnitTest\bin\Debug\net472\zSC_CommonFiles_UnitTest.dll" adapterTypeName="executor://mstestadapter/v2" className="zSC_CommonFiles_UnitTest.VideoOS.Common.State.CameraStateManagerTests" name="Constructor_StateService_ArgumentNull_Thrown" />
    </UnitTest>
    <UnitTest name="Convert_MultiValueConverter_NotANumber_Throws" storage="d:\actions-runner\_work\xpco\xpco\common\sc_commonfiles\zsc_commonfiles_unittest\bin\debug\net472\zsc_commonfiles_unittest.dll" id="ca1a74cf-f42b-b5b7-8415-1bec1e2927e4">
      <Execution id="1000fe8c-6e1f-407e-9685-79b3d3e2bb3c" />
      <TestMethod codeBase="D:\actions-runner\_work\XPCO\XPCO\Common\SC_CommonFiles\zSC_CommonFiles_UnitTest\bin\Debug\net472\zSC_CommonFiles_UnitTest.dll" adapterTypeName="executor://mstestadapter/v2" className="zSC_CommonFiles_UnitTest.VideoOS.UI.Common.WPF.Utils.Converters.MaxWidthConverterTests" name="Convert_MultiValueConverter_NotANumber_Throws" />
    </UnitTest>
    <UnitTest name="Convert_NotDoubleParameter_ReturnsUnsetValue" storage="d:\actions-runner\_work\xpco\xpco\common\sc_commonfiles\zsc_commonfiles_unittest\bin\debug\net472\zsc_commonfiles_unittest.dll" id="ba582828-87c0-f796-0108-b7c57cda86c7">
      <TestCategory>
        <TestCategoryItem TestCategory="Converters" />
      </TestCategory>
      <Execution id="cf3a5c75-2a93-419f-8370-e3100f52d028" />
      <TestMethod codeBase="D:\actions-runner\_work\XPCO\XPCO\Common\SC_CommonFiles\zSC_CommonFiles_UnitTest\bin\Debug\net472\zSC_CommonFiles_UnitTest.dll" adapterTypeName="executor://mstestadapter/v2" className="VideoOS.UI.Common.WPF.Utils.Converters.OffsetConverterTests" name="Convert_NotDoubleParameter_ReturnsUnsetValue" />
    </UnitTest>
    <UnitTest name="GetBoolValueOrDefault_KeyNotFound_DefaultValueReturned" storage="d:\actions-runner\_work\xpco\xpco\common\sc_commonfiles\zsc_commonfiles_unittest\bin\debug\net472\zsc_commonfiles_unittest.dll" id="4fee98d5-de39-1ee6-cb6e-aeb30d9e4547">
      <Execution id="07a7de6b-ad29-4de2-ae24-3a7fa9e77c3e" />
      <TestMethod codeBase="D:\actions-runner\_work\XPCO\XPCO\Common\SC_CommonFiles\zSC_CommonFiles_UnitTest\bin\Debug\net472\zSC_CommonFiles_UnitTest.dll" adapterTypeName="executor://mstestadapter/v2" className="zSC_CommonFiles_UnitTest.VideoOS.Common.Configuration.NameValueCollectionExtensionsTest" name="GetBoolValueOrDefault_KeyNotFound_DefaultValueReturned" />
    </UnitTest>
    <UnitTest name="Constructor_OAuth_TokenCache_ArgumentNull_Thrown" storage="d:\actions-runner\_work\xpco\xpco\common\sc_commonfiles\zsc_commonfiles_unittest\bin\debug\net472\zsc_commonfiles_unittest.dll" id="55857ea6-972d-1faa-f735-21722cd852ac">
      <Execution id="bfd20f3a-803a-4349-808d-303e52fd9a0c" />
      <TestMethod codeBase="D:\actions-runner\_work\XPCO\XPCO\Common\SC_CommonFiles\zSC_CommonFiles_UnitTest\bin\Debug\net472\zSC_CommonFiles_UnitTest.dll" adapterTypeName="executor://mstestadapter/v2" className="zSC_CommonFiles_UnitTest.VideoOS.Common.State.StateHandlerTests" name="Constructor_OAuth_TokenCache_ArgumentNull_Thrown" />
    </UnitTest>
    <UnitTest name="ConvertToTileStates_Convert" storage="d:\actions-runner\_work\xpco\xpco\common\sc_commonfiles\zsc_commonfiles_unittest\bin\debug\net472\zsc_commonfiles_unittest.dll" id="3ff3319a-948e-ff61-1feb-7a7a66592fd5">
      <Execution id="77d41faa-2e38-425d-acc2-8759a4063061" />
      <TestMethod codeBase="D:\actions-runner\_work\XPCO\XPCO\Common\SC_CommonFiles\zSC_CommonFiles_UnitTest\bin\Debug\net472\zSC_CommonFiles_UnitTest.dll" adapterTypeName="executor://mstestadapter/v2" className="zSC_CommonFiles_UnitTest.VideoOS.Common.State.StateManagerTests" name="ConvertToTileStates_Convert" />
    </UnitTest>
    <UnitTest name="Ctor_DurationTimeSpanMax_DoesNotCrash" storage="d:\actions-runner\_work\xpco\xpco\common\sc_commonfiles\zsc_commonfiles_unittest\bin\debug\net472\zsc_commonfiles_unittest.dll" id="fea21907-a26b-6132-ad20-d11fecd505f7">
      <TestCategory>
        <TestCategoryItem TestCategory="Toasts" />
      </TestCategory>
      <Execution id="6f6825db-575a-4571-9e6c-d3ab51068209" />
      <TestMethod codeBase="D:\actions-runner\_work\XPCO\XPCO\Common\SC_CommonFiles\zSC_CommonFiles_UnitTest\bin\Debug\net472\zSC_CommonFiles_UnitTest.dll" adapterTypeName="executor://mstestadapter/v2" className="zSC_CommonFiles_UnitTest.VideoOS.UI.Common.WPF.Toast.ToastBaseTests" name="Ctor_DurationTimeSpanMax_DoesNotCrash" />
    </UnitTest>
    <UnitTest name="SingleServerMustReturnDisplayNameAsEntityName" storage="d:\actions-runner\_work\xpco\xpco\common\sc_commonfiles\zsc_commonfiles_unittest\bin\debug\net472\zsc_commonfiles_unittest.dll" id="5faaddbc-e454-1cad-1ea4-51f228dc32db">
      <Execution id="977d8e24-c472-44ea-821e-3b19896d7f58" />
      <TestMethod codeBase="D:\actions-runner\_work\XPCO\XPCO\Common\SC_CommonFiles\zSC_CommonFiles_UnitTest\bin\Debug\net472\zSC_CommonFiles_UnitTest.dll" adapterTypeName="executor://mstestadapter/v2" className="zSC_CommonFiles_UnitTest.LocalizationTests" name="SingleServerMustReturnDisplayNameAsEntityName" />
    </UnitTest>
    <UnitTest name="GetStates_SessionStarted_NoStates" storage="d:\actions-runner\_work\xpco\xpco\common\sc_commonfiles\zsc_commonfiles_unittest\bin\debug\net472\zsc_commonfiles_unittest.dll" id="322678fe-2d0e-03ee-cda0-d8553512610f">
      <Execution id="03beb76a-229a-4cd6-815f-bab4b7ad14e7" />
      <TestMethod codeBase="D:\actions-runner\_work\XPCO\XPCO\Common\SC_CommonFiles\zSC_CommonFiles_UnitTest\bin\Debug\net472\zSC_CommonFiles_UnitTest.dll" adapterTypeName="executor://mstestadapter/v2" className="zSC_CommonFiles_UnitTest.VideoOS.Common.State.CameraStateManagerTests" name="GetStates_SessionStarted_NoStates" />
    </UnitTest>
    <UnitTest name="SingleCameraGroupMustSetDisplayNameDeletedCameraTextIfItDoesNotExist" storage="d:\actions-runner\_work\xpco\xpco\common\sc_commonfiles\zsc_commonfiles_unittest\bin\debug\net472\zsc_commonfiles_unittest.dll" id="62c465a4-ad44-3be7-a78e-7e91064f29e0">
      <Execution id="273a5ee0-c76c-45f4-9daf-573e026347f4" />
      <TestMethod codeBase="D:\actions-runner\_work\XPCO\XPCO\Common\SC_CommonFiles\zSC_CommonFiles_UnitTest\bin\Debug\net472\zSC_CommonFiles_UnitTest.dll" adapterTypeName="executor://mstestadapter/v2" className="zSC_CommonFiles_UnitTest.LocalizationTests" name="SingleCameraGroupMustSetDisplayNameDeletedCameraTextIfItDoesNotExist" />
    </UnitTest>
    <UnitTest name="LoaderCalledWhenDataIsNotInCacheTest" storage="d:\actions-runner\_work\xpco\xpco\common\sc_commonfiles\zsc_commonfiles_unittest\bin\debug\net472\zsc_commonfiles_unittest.dll" id="e7ac6111-62b8-1737-1b08-b5a95b8c801f">
      <Execution id="a4461e38-d035-4ad4-bd5a-5a4ae4094218" />
      <TestMethod codeBase="D:\actions-runner\_work\XPCO\XPCO\Common\SC_CommonFiles\zSC_CommonFiles_UnitTest\bin\Debug\net472\zSC_CommonFiles_UnitTest.dll" adapterTypeName="executor://mstestadapter/v2" className="SC_CommonFiles_UnitTest_VideoOS_UI_Common_Data_SequenceRetriever.ThumbFetcherTest" name="LoaderCalledWhenDataIsNotInCacheTest" />
    </UnitTest>
    <UnitTest name="ItemHolderSelectedToggleButton_CheckedChanged" storage="d:\actions-runner\_work\xpco\xpco\common\sc_commonfiles\zsc_commonfiles_unittest\bin\debug\net472\zsc_commonfiles_unittest.dll" id="6149a481-7ba1-ce8d-da96-1adf4aeb4783">
      <TestCategory>
        <TestCategoryItem TestCategory="SC_CommonFiles.WPF.TileLayout" />
      </TestCategory>
      <Execution id="688d1292-a521-4977-95a4-40812f60b67f" />
      <TestMethod codeBase="D:\actions-runner\_work\XPCO\XPCO\Common\SC_CommonFiles\zSC_CommonFiles_UnitTest\bin\Debug\net472\zSC_CommonFiles_UnitTest.dll" adapterTypeName="executor://mstestadapter/v2" className="zSC_CommonFiles_UnitTest.VideoOS.UI.Common.WPF.TileLayout.ItemHolderTest" name="ItemHolderSelectedToggleButton_CheckedChanged" />
    </UnitTest>
    <UnitTest name="Finds_Rule_With_Context" storage="d:\actions-runner\_work\xpco\xpco\common\sc_commonfiles\zsc_commonfiles_unittest\bin\debug\net472\zsc_commonfiles_unittest.dll" id="a0254ac5-3cdd-5371-614b-9e5a2dd1e775">
      <Execution id="42a995fa-e509-4035-94df-d1ebbdec2c21" />
      <TestMethod codeBase="D:\actions-runner\_work\XPCO\XPCO\Common\SC_CommonFiles\zSC_CommonFiles_UnitTest\bin\Debug\net472\zSC_CommonFiles_UnitTest.dll" adapterTypeName="executor://mstestadapter/v2" className="zSC_CommonFiles_UnitTest.VideoOS.UI.Common.WPF.Utils.MvvmHelpers.ViewLocatorTest" name="Finds_Rule_With_Context" />
    </UnitTest>
    <UnitTest name="DetermineScaledWindowLocationAndSize_CenterScreen_150Percent_Scaling" storage="d:\actions-runner\_work\xpco\xpco\common\sc_commonfiles\zsc_commonfiles_unittest\bin\debug\net472\zsc_commonfiles_unittest.dll" id="d8e63543-1f0c-4f29-79c8-6459f1072b63">
      <Execution id="484de62a-8ea1-4001-9cef-3b7645f0e057" />
      <TestMethod codeBase="D:\actions-runner\_work\XPCO\XPCO\Common\SC_CommonFiles\zSC_CommonFiles_UnitTest\bin\Debug\net472\zSC_CommonFiles_UnitTest.dll" adapterTypeName="executor://mstestadapter/v2" className="zSC_CommonFiles_UnitTest.VideoOS.UI.Common.WPF.Utils.ExtensionMethods.WindowExtensionsTests" name="DetermineScaledWindowLocationAndSize_CenterScreen_150Percent_Scaling" />
    </UnitTest>
    <UnitTest name="DragRangeMin_NotifyInvoked_Success" storage="d:\actions-runner\_work\xpco\xpco\common\sc_commonfiles\zsc_commonfiles_unittest\bin\debug\net472\zsc_commonfiles_unittest.dll" id="800a71d5-fd75-b55e-d8d0-21c57915ee72">
      <TestCategory>
        <TestCategoryItem TestCategory="RangeSelector" />
      </TestCategory>
      <Execution id="6bbc18a9-aaae-47f7-8f45-1fef42f9ee1f" />
      <TestMethod codeBase="D:\actions-runner\_work\XPCO\XPCO\Common\SC_CommonFiles\zSC_CommonFiles_UnitTest\bin\Debug\net472\zSC_CommonFiles_UnitTest.dll" adapterTypeName="executor://mstestadapter/v2" className="VideoOS.UI.Common.WPF.RangeSelector.RangeSelectorTest" name="DragRangeMin_NotifyInvoked_Success" />
    </UnitTest>
    <UnitTest name="SequenceEquals_EqualCollections_RespectOrder_SymmetricalTrueResult" storage="d:\actions-runner\_work\xpco\xpco\common\sc_commonfiles\zsc_commonfiles_unittest\bin\debug\net472\zsc_commonfiles_unittest.dll" id="70585a7d-e8bb-2ea7-4d4d-a7d89c0cc001">
      <Execution id="720e86ce-98cb-4dbf-b436-e7d2a58a0521" />
      <TestMethod codeBase="D:\actions-runner\_work\XPCO\XPCO\Common\SC_CommonFiles\zSC_CommonFiles_UnitTest\bin\Debug\net472\zSC_CommonFiles_UnitTest.dll" adapterTypeName="executor://mstestadapter/v2" className="zSC_CommonFiles_UnitTest.VideoOS.UI.Common.WPF.Utils.ObservableCollectionExtensionTest" name="SequenceEquals_EqualCollections_RespectOrder_SymmetricalTrueResult" />
    </UnitTest>
    <UnitTest name="Constructor_BasicUser_Username_ArgumentNull_Thrown" storage="d:\actions-runner\_work\xpco\xpco\common\sc_commonfiles\zsc_commonfiles_unittest\bin\debug\net472\zsc_commonfiles_unittest.dll" id="810ffc2c-a4d4-e483-e7ec-425382693cc5">
      <Execution id="0ebea9ec-6bd4-4deb-8987-4d22f3680f4c" />
      <TestMethod codeBase="D:\actions-runner\_work\XPCO\XPCO\Common\SC_CommonFiles\zSC_CommonFiles_UnitTest\bin\Debug\net472\zSC_CommonFiles_UnitTest.dll" adapterTypeName="executor://mstestadapter/v2" className="zSC_CommonFiles_UnitTest.VideoOS.Common.State.StateHandlerTests" name="Constructor_BasicUser_Username_ArgumentNull_Thrown" />
    </UnitTest>
    <UnitTest name="ItemHolder_MouseDoubleClick_Success" storage="d:\actions-runner\_work\xpco\xpco\common\sc_commonfiles\zsc_commonfiles_unittest\bin\debug\net472\zsc_commonfiles_unittest.dll" id="27329ac4-220b-b901-238d-32a5c22c05d2">
      <TestCategory>
        <TestCategoryItem TestCategory="SC_CommonFiles.WPF.TileLayout" />
      </TestCategory>
      <Execution id="6ac296f3-ed12-4dca-9062-ca950e9f89d8" />
      <TestMethod codeBase="D:\actions-runner\_work\XPCO\XPCO\Common\SC_CommonFiles\zSC_CommonFiles_UnitTest\bin\Debug\net472\zSC_CommonFiles_UnitTest.dll" adapterTypeName="executor://mstestadapter/v2" className="zSC_CommonFiles_UnitTest.VideoOS.UI.Common.WPF.TileLayout.TileLayoutTest" name="ItemHolder_MouseDoubleClick_Success" />
    </UnitTest>
    <UnitTest name="ArrangeOverride_1child_EnoughSpace_NotShrunk" storage="d:\actions-runner\_work\xpco\xpco\common\sc_commonfiles\zsc_commonfiles_unittest\bin\debug\net472\zsc_commonfiles_unittest.dll" id="5901b859-8c35-d7a1-4b20-7aa832e2b2ac">
      <TestCategory>
        <TestCategoryItem TestCategory="Controls" />
      </TestCategory>
      <Execution id="8602508d-278f-4f1b-a52a-00d2b3132c32" />
      <TestMethod codeBase="D:\actions-runner\_work\XPCO\XPCO\Common\SC_CommonFiles\zSC_CommonFiles_UnitTest\bin\Debug\net472\zSC_CommonFiles_UnitTest.dll" adapterTypeName="executor://mstestadapter/v2" className="VideoOS.UI.Common.WPF.Controls.HorizontalPanelTests" name="ArrangeOverride_1child_EnoughSpace_NotShrunk" />
    </UnitTest>
    <UnitTest name="ShowCustomizeWindowReturnsIfNoWritePermission" storage="d:\actions-runner\_work\xpco\xpco\common\sc_commonfiles\zsc_commonfiles_unittest\bin\debug\net472\zsc_commonfiles_unittest.dll" id="4f4a64cd-6297-dad0-e258-e2bc655c9f25">
      <Execution id="f4d5bb50-82f2-4333-8d96-644185b75193" />
      <TestMethod codeBase="D:\actions-runner\_work\XPCO\XPCO\Common\SC_CommonFiles\zSC_CommonFiles_UnitTest\bin\Debug\net472\zSC_CommonFiles_UnitTest.dll" adapterTypeName="executor://mstestadapter/v2" className="zSC_CommonFiles_UnitTest.DashboardTilesTests" name="ShowCustomizeWindowReturnsIfNoWritePermission" />
    </UnitTest>
    <UnitTest name="SetUnsecureConnectionAllowedForUser_ShouldAddUser_WhenUserIsEmpty" storage="d:\actions-runner\_work\xpco\xpco\common\sc_commonfiles\zsc_commonfiles_unittest\bin\debug\net472\zsc_commonfiles_unittest.dll" id="586aa199-8ad2-c267-31e0-7d856afcab20">
      <Execution id="fe1bff80-3ef6-43a3-a4e2-8a125504d3f3" />
      <TestMethod codeBase="D:\actions-runner\_work\XPCO\XPCO\Common\SC_CommonFiles\zSC_CommonFiles_UnitTest\bin\Debug\net472\zSC_CommonFiles_UnitTest.dll" adapterTypeName="executor://mstestadapter/v2" className="zSC_CommonFiles_UnitTest.VideoOS.Common.Login.UIConnectionInfoTests" name="SetUnsecureConnectionAllowedForUser_ShouldAddUser_WhenUserIsEmpty" />
    </UnitTest>
    <UnitTest name="OnPreviewKeyDown_Shift_Click_Select_FromGreaterIndexToLowerIndex_Success" storage="d:\actions-runner\_work\xpco\xpco\common\sc_commonfiles\zsc_commonfiles_unittest\bin\debug\net472\zsc_commonfiles_unittest.dll" id="3b2d2dcf-dfa8-bcce-057a-1c433d9c6c08">
      <TestCategory>
        <TestCategoryItem TestCategory="SC_CommonFiles.WPF.TileLayout" />
      </TestCategory>
      <Execution id="4a17d6ac-1a78-4106-8e53-658c782c35e2" />
      <TestMethod codeBase="D:\actions-runner\_work\XPCO\XPCO\Common\SC_CommonFiles\zSC_CommonFiles_UnitTest\bin\Debug\net472\zSC_CommonFiles_UnitTest.dll" adapterTypeName="executor://mstestadapter/v2" className="zSC_CommonFiles_UnitTest.VideoOS.UI.Common.WPF.TileLayout.TileLayoutTest" name="OnPreviewKeyDown_Shift_Click_Select_FromGreaterIndexToLowerIndex_Success" />
    </UnitTest>
    <UnitTest name="MouseDown_OverLeftRangeBar_RangeMaxUpdated" storage="d:\actions-runner\_work\xpco\xpco\common\sc_commonfiles\zsc_commonfiles_unittest\bin\debug\net472\zsc_commonfiles_unittest.dll" id="fb8d16f8-d393-a6c5-f7cb-47543546127a">
      <TestCategory>
        <TestCategoryItem TestCategory="RangeSelector" />
      </TestCategory>
      <Execution id="2291148b-13f9-4b6d-87f1-45cc6fb9eaf1" />
      <TestMethod codeBase="D:\actions-runner\_work\XPCO\XPCO\Common\SC_CommonFiles\zSC_CommonFiles_UnitTest\bin\Debug\net472\zSC_CommonFiles_UnitTest.dll" adapterTypeName="executor://mstestadapter/v2" className="VideoOS.UI.Common.WPF.RangeSelector.RangeSelectorTest" name="MouseDown_OverLeftRangeBar_RangeMaxUpdated" />
    </UnitTest>
    <UnitTest name="StartServerStates_Success_WithUpdate" storage="d:\actions-runner\_work\xpco\xpco\common\sc_commonfiles\zsc_commonfiles_unittest\bin\debug\net472\zsc_commonfiles_unittest.dll" id="bf5e8c22-a26b-18f1-1802-acbe936c6160">
      <Execution id="ba935ed3-ad00-4521-a940-cc34e6f0be05" />
      <TestMethod codeBase="D:\actions-runner\_work\XPCO\XPCO\Common\SC_CommonFiles\zSC_CommonFiles_UnitTest\bin\Debug\net472\zSC_CommonFiles_UnitTest.dll" adapterTypeName="executor://mstestadapter/v2" className="zSC_CommonFiles_UnitTest.VideoOS.Common.State.StateHandlerTests" name="StartServerStates_Success_WithUpdate" />
    </UnitTest>
    <UnitTest name="FontUpCommand_ShouldIncreaseFontForSelectedSlide" storage="d:\actions-runner\_work\xpco\xpco\common\sc_commonfiles\zsc_commonfiles_unittest\bin\debug\net472\zsc_commonfiles_unittest.dll" id="c1622c67-8934-6098-5c3f-000e90cb0bbf">
      <Execution id="76e4af5e-4af6-4b05-ae93-c6f7e189bd13" />
      <TestMethod codeBase="D:\actions-runner\_work\XPCO\XPCO\Common\SC_CommonFiles\zSC_CommonFiles_UnitTest\bin\Debug\net472\zSC_CommonFiles_UnitTest.dll" adapterTypeName="executor://mstestadapter/v2" className="zSC_CommonFiles_UnitTest.VideoOS.UI.Common.WPF.VideoText.VideoTextWindowViewModelTests" name="FontUpCommand_ShouldIncreaseFontForSelectedSlide" />
    </UnitTest>
    <UnitTest name="Ctor_MaxIdleTimeBeforeCleanupMoreThanAllowed_TimerNotEnabled" storage="d:\actions-runner\_work\xpco\xpco\common\sc_commonfiles\zsc_commonfiles_unittest\bin\debug\net472\zsc_commonfiles_unittest.dll" id="9512ba48-0839-7f8e-1a51-7ed8079ac71a">
      <Execution id="5a7e98e8-baa9-408d-a191-ae51b0aba0bb" />
      <TestMethod codeBase="D:\actions-runner\_work\XPCO\XPCO\Common\SC_CommonFiles\zSC_CommonFiles_UnitTest\bin\Debug\net472\zSC_CommonFiles_UnitTest.dll" adapterTypeName="executor://mstestadapter/v2" className="VideoOS.UI.Common.WPF.Utils.RecyclingFactory.RecyclingFactoryTests" name="Ctor_MaxIdleTimeBeforeCleanupMoreThanAllowed_TimerNotEnabled" />
    </UnitTest>
    <UnitTest name="ColumnDefinition_ToString_Success" storage="d:\actions-runner\_work\xpco\xpco\common\sc_commonfiles\zsc_commonfiles_unittest\bin\debug\net472\zsc_commonfiles_unittest.dll" id="cf3d443f-6dec-a121-7292-16e5d1c821cc">
      <TestCategory>
        <TestCategoryItem TestCategory="SC_CommonFiles.WPF.TileLayout" />
      </TestCategory>
      <Execution id="889471fe-4ebe-4754-9a54-6ae8afac5db9" />
      <TestMethod codeBase="D:\actions-runner\_work\XPCO\XPCO\Common\SC_CommonFiles\zSC_CommonFiles_UnitTest\bin\Debug\net472\zSC_CommonFiles_UnitTest.dll" adapterTypeName="executor://mstestadapter/v2" className="zSC_CommonFiles_UnitTest.VideoOS.UI.Common.WPF.TileLayout.TileLayoutTest" name="ColumnDefinition_ToString_Success" />
    </UnitTest>
    <UnitTest name="DeleteTileThrowsIfTileNotInBox" storage="d:\actions-runner\_work\xpco\xpco\common\sc_commonfiles\zsc_commonfiles_unittest\bin\debug\net472\zsc_commonfiles_unittest.dll" id="e7fe4176-e00b-74b7-50f4-595529010ad0">
      <Execution id="70c79cc3-8087-4042-abf9-dfc876101ded" />
      <TestMethod codeBase="D:\actions-runner\_work\XPCO\XPCO\Common\SC_CommonFiles\zSC_CommonFiles_UnitTest\bin\Debug\net472\zSC_CommonFiles_UnitTest.dll" adapterTypeName="executor://mstestadapter/v2" className="zSC_CommonFiles_UnitTest.DashboardTilesTests" name="DeleteTileThrowsIfTileNotInBox" />
    </UnitTest>
    <UnitTest name="ArrangeOverride__3child_2of3MustShrink__2of3AreShrunkEqually" storage="d:\actions-runner\_work\xpco\xpco\common\sc_commonfiles\zsc_commonfiles_unittest\bin\debug\net472\zsc_commonfiles_unittest.dll" id="a54e380b-42dc-d3a2-3d9d-8dd53d65fcd3">
      <TestCategory>
        <TestCategoryItem TestCategory="Controls" />
      </TestCategory>
      <Execution id="e143469f-8dc4-4147-a28c-ddc578acc7d8" />
      <TestMethod codeBase="D:\actions-runner\_work\XPCO\XPCO\Common\SC_CommonFiles\zSC_CommonFiles_UnitTest\bin\Debug\net472\zSC_CommonFiles_UnitTest.dll" adapterTypeName="executor://mstestadapter/v2" className="VideoOS.UI.Common.WPF.Controls.HorizontalPanelTests" name="ArrangeOverride__3child_2of3MustShrink__2of3AreShrunkEqually" />
    </UnitTest>
    <UnitTest name="GetStates_NoSessionStarted_NewSession" storage="d:\actions-runner\_work\xpco\xpco\common\sc_commonfiles\zsc_commonfiles_unittest\bin\debug\net472\zsc_commonfiles_unittest.dll" id="66e703e4-29de-a4c7-8c30-1bc7e1752b2f">
      <Execution id="8fbd3792-fea7-483b-bbc0-e7a93cb36d4d" />
      <TestMethod codeBase="D:\actions-runner\_work\XPCO\XPCO\Common\SC_CommonFiles\zSC_CommonFiles_UnitTest\bin\Debug\net472\zSC_CommonFiles_UnitTest.dll" adapterTypeName="executor://mstestadapter/v2" className="zSC_CommonFiles_UnitTest.VideoOS.Common.State.CameraStateManagerTests" name="GetStates_NoSessionStarted_NewSession" />
    </UnitTest>
    <UnitTest name="GetItemUserControl_Success" storage="d:\actions-runner\_work\xpco\xpco\common\sc_commonfiles\zsc_commonfiles_unittest\bin\debug\net472\zsc_commonfiles_unittest.dll" id="6a5073ae-b067-17a6-9c6f-959cad372ca7">
      <TestCategory>
        <TestCategoryItem TestCategory="SC_CommonFiles.WPF.TileLayout" />
      </TestCategory>
      <Execution id="23dfb238-5c36-4a95-8ff7-5a716c936ae1" />
      <TestMethod codeBase="D:\actions-runner\_work\XPCO\XPCO\Common\SC_CommonFiles\zSC_CommonFiles_UnitTest\bin\Debug\net472\zSC_CommonFiles_UnitTest.dll" adapterTypeName="executor://mstestadapter/v2" className="zSC_CommonFiles_UnitTest.VideoOS.UI.Common.WPF.TileLayout.TileLayoutTest" name="GetItemUserControl_Success" />
    </UnitTest>
    <UnitTest name="AuthenticationWindows_SetName_Throws_InvalidOperationException" storage="d:\actions-runner\_work\xpco\xpco\common\sc_commonfiles\zsc_commonfiles_unittest\bin\debug\net472\zsc_commonfiles_unittest.dll" id="70718e81-81f4-db7d-389b-91346f649480">
      <TestCategory>
        <TestCategoryItem TestCategory="AuthenticationInfoTests" />
      </TestCategory>
      <Execution id="0da70756-2c97-4c2a-89d9-c662f7355032" />
      <TestMethod codeBase="D:\actions-runner\_work\XPCO\XPCO\Common\SC_CommonFiles\zSC_CommonFiles_UnitTest\bin\Debug\net472\zSC_CommonFiles_UnitTest.dll" adapterTypeName="executor://mstestadapter/v2" className="zSC_CommonFiles_UnitTest.VideoOS.Common.Login.AuthenticationInfoTests" name="AuthenticationWindows_SetName_Throws_InvalidOperationException" />
    </UnitTest>
    <UnitTest name="OnPreviewKeyDown_Shift_Click_Select_ChangeSelection_Success" storage="d:\actions-runner\_work\xpco\xpco\common\sc_commonfiles\zsc_commonfiles_unittest\bin\debug\net472\zsc_commonfiles_unittest.dll" id="7f0c527e-e0ba-a3e5-7988-c20f8f846917">
      <TestCategory>
        <TestCategoryItem TestCategory="SC_CommonFiles.WPF.TileLayout" />
      </TestCategory>
      <Execution id="18a7b19d-f0b9-4599-bb56-0f3c18f3d226" />
      <TestMethod codeBase="D:\actions-runner\_work\XPCO\XPCO\Common\SC_CommonFiles\zSC_CommonFiles_UnitTest\bin\Debug\net472\zSC_CommonFiles_UnitTest.dll" adapterTypeName="executor://mstestadapter/v2" className="zSC_CommonFiles_UnitTest.VideoOS.UI.Common.WPF.TileLayout.TileLayoutTest" name="OnPreviewKeyDown_Shift_Click_Select_ChangeSelection_Success" />
    </UnitTest>
    <UnitTest name="IsUnsecureConnectionAllowedForUser_ShouldReturnTrue_WhenAllowUnsecureSetToAllowed" storage="d:\actions-runner\_work\xpco\xpco\common\sc_commonfiles\zsc_commonfiles_unittest\bin\debug\net472\zsc_commonfiles_unittest.dll" id="187b12dc-8a8d-a2dd-a376-a830b72404bd">
      <Execution id="7446d018-2213-43dc-b4ae-d992412a0f1e" />
      <TestMethod codeBase="D:\actions-runner\_work\XPCO\XPCO\Common\SC_CommonFiles\zSC_CommonFiles_UnitTest\bin\Debug\net472\zSC_CommonFiles_UnitTest.dll" adapterTypeName="executor://mstestadapter/v2" className="zSC_CommonFiles_UnitTest.VideoOS.Common.Login.UIConnectionInfoTests" name="IsUnsecureConnectionAllowedForUser_ShouldReturnTrue_WhenAllowUnsecureSetToAllowed" />
    </UnitTest>
    <UnitTest name="MouseLeftButtonUp_ShouldReleaseMouseCapture_WhenInvokingSingleClickHandlerDelayed" storage="d:\actions-runner\_work\xpco\xpco\common\sc_commonfiles\zsc_commonfiles_unittest\bin\debug\net472\zsc_commonfiles_unittest.dll" id="1b91abd4-9b99-9dc8-e442-fa99a1f0e332">
      <Execution id="8745186d-9cf7-45b4-81e4-a3125f549b72" />
      <TestMethod codeBase="D:\actions-runner\_work\XPCO\XPCO\Common\SC_CommonFiles\zSC_CommonFiles_UnitTest\bin\Debug\net472\zSC_CommonFiles_UnitTest.dll" adapterTypeName="executor://mstestadapter/v2" className="zSC_CommonFiles_UnitTest.VideoOS.UI.Common.WPF.Behaviors.MouseInputBehaviorTests" name="MouseLeftButtonUp_ShouldReleaseMouseCapture_WhenInvokingSingleClickHandlerDelayed" />
    </UnitTest>
    <UnitTest name="GetLocalizedTextThrowsIfTypeDoesNotHaveLocalizedText" storage="d:\actions-runner\_work\xpco\xpco\common\sc_commonfiles\zsc_commonfiles_unittest\bin\debug\net472\zsc_commonfiles_unittest.dll" id="6405a933-f1c3-2d9d-c133-14524337831d">
      <Execution id="7b45a0d5-6d19-45c5-9826-f90f668edaf4" />
      <TestMethod codeBase="D:\actions-runner\_work\XPCO\XPCO\Common\SC_CommonFiles\zSC_CommonFiles_UnitTest\bin\Debug\net472\zSC_CommonFiles_UnitTest.dll" adapterTypeName="executor://mstestadapter/v2" className="zSC_CommonFiles_UnitTest.LocalizationTests" name="GetLocalizedTextThrowsIfTypeDoesNotHaveLocalizedText" />
    </UnitTest>
    <UnitTest name="StartServerStates_CommunicationException_DoubledSleepDuration" storage="d:\actions-runner\_work\xpco\xpco\common\sc_commonfiles\zsc_commonfiles_unittest\bin\debug\net472\zsc_commonfiles_unittest.dll" id="b4b9ceca-0f9b-2f70-098f-b833aa83e26b">
      <Execution id="a8c53caa-c5fb-447f-afdb-a815ea4d0a03" />
      <TestMethod codeBase="D:\actions-runner\_work\XPCO\XPCO\Common\SC_CommonFiles\zSC_CommonFiles_UnitTest\bin\Debug\net472\zSC_CommonFiles_UnitTest.dll" adapterTypeName="executor://mstestadapter/v2" className="zSC_CommonFiles_UnitTest.VideoOS.Common.State.StateHandlerTests" name="StartServerStates_CommunicationException_DoubledSleepDuration" />
    </UnitTest>
    <UnitTest name="RoundToMinute_Nearest" storage="d:\actions-runner\_work\xpco\xpco\common\sc_commonfiles\zsc_commonfiles_unittest\bin\debug\net472\zsc_commonfiles_unittest.dll" id="4f9e68da-d964-48d6-9d3b-7273107c43bc">
      <Execution id="0f8c98d3-96f3-4d6e-b118-30583e95186a" />
      <TestMethod codeBase="D:\actions-runner\_work\XPCO\XPCO\Common\SC_CommonFiles\zSC_CommonFiles_UnitTest\bin\Debug\net472\zSC_CommonFiles_UnitTest.dll" adapterTypeName="executor://mstestadapter/v2" className="zSC_CommonFiles_UnitTest.VideoOS.UI.Common.WPF.Utils.ExtensionMethods.TimeSpanExtensionsTests" name="RoundToMinute_Nearest" />
    </UnitTest>
    <UnitTest name="IntersectsWithTest" storage="d:\actions-runner\_work\xpco\xpco\common\sc_commonfiles\zsc_commonfiles_unittest\bin\debug\net472\zsc_commonfiles_unittest.dll" id="d3834f26-d7ff-018a-555c-a0be35190a28">
      <Execution id="632e2d80-8c58-4c3c-a3e9-7224591c12d1" />
      <TestMethod codeBase="D:\actions-runner\_work\XPCO\XPCO\Common\SC_CommonFiles\zSC_CommonFiles_UnitTest\bin\Debug\net472\zSC_CommonFiles_UnitTest.dll" adapterTypeName="executor://mstestadapter/v2" className="SmartClient_UnitTest_VideoOS_UI_Common_WPF_Timeline.TimeIntervalTest" name="IntersectsWithTest" />
    </UnitTest>
    <UnitTest name="RoundToMillisecond_Up" storage="d:\actions-runner\_work\xpco\xpco\common\sc_commonfiles\zsc_commonfiles_unittest\bin\debug\net472\zsc_commonfiles_unittest.dll" id="61b1c2a4-89cd-5144-7bf8-430d589649be">
      <Execution id="51200b41-da91-4bc6-8c0d-7f03e6b85094" />
      <TestMethod codeBase="D:\actions-runner\_work\XPCO\XPCO\Common\SC_CommonFiles\zSC_CommonFiles_UnitTest\bin\Debug\net472\zSC_CommonFiles_UnitTest.dll" adapterTypeName="executor://mstestadapter/v2" className="zSC_CommonFiles_UnitTest.VideoOS.UI.Common.WPF.Utils.ExtensionMethods.DateTimeExtensionsTests" name="RoundToMillisecond_Up" />
    </UnitTest>
    <UnitTest name="RoundToMillisecond_Nearest" storage="d:\actions-runner\_work\xpco\xpco\common\sc_commonfiles\zsc_commonfiles_unittest\bin\debug\net472\zsc_commonfiles_unittest.dll" id="4a3a4767-2fcd-8cd1-559f-f87bde132fcc">
      <Execution id="e1d0e245-6025-46f9-b181-6fc74dc67e0b" />
      <TestMethod codeBase="D:\actions-runner\_work\XPCO\XPCO\Common\SC_CommonFiles\zSC_CommonFiles_UnitTest\bin\Debug\net472\zSC_CommonFiles_UnitTest.dll" adapterTypeName="executor://mstestadapter/v2" className="zSC_CommonFiles_UnitTest.VideoOS.UI.Common.WPF.Utils.ExtensionMethods.DateTimeExtensionsTests" name="RoundToMillisecond_Nearest" />
    </UnitTest>
    <UnitTest name="AuthenticationWindowsDefault_SetName_Throws_InvalidOperationException" storage="d:\actions-runner\_work\xpco\xpco\common\sc_commonfiles\zsc_commonfiles_unittest\bin\debug\net472\zsc_commonfiles_unittest.dll" id="75b02970-aa24-70a3-87c6-08d86ea85974">
      <TestCategory>
        <TestCategoryItem TestCategory="AuthenticationInfoTests" />
      </TestCategory>
      <Execution id="f376faff-46c0-4168-8ceb-e7936a8dab37" />
      <TestMethod codeBase="D:\actions-runner\_work\XPCO\XPCO\Common\SC_CommonFiles\zSC_CommonFiles_UnitTest\bin\Debug\net472\zSC_CommonFiles_UnitTest.dll" adapterTypeName="executor://mstestadapter/v2" className="zSC_CommonFiles_UnitTest.VideoOS.Common.Login.AuthenticationInfoTests" name="AuthenticationWindowsDefault_SetName_Throws_InvalidOperationException" />
    </UnitTest>
    <UnitTest name="OnPreviewKeyDown_PageDown_Success" storage="d:\actions-runner\_work\xpco\xpco\common\sc_commonfiles\zsc_commonfiles_unittest\bin\debug\net472\zsc_commonfiles_unittest.dll" id="286237b8-58c5-8f71-48e4-5e1734d0ac85">
      <TestCategory>
        <TestCategoryItem TestCategory="SC_CommonFiles.WPF.TileLayout" />
      </TestCategory>
      <Execution id="3a9182ba-bdb0-4bcc-8bc8-6bae9c241d2b" />
      <TestMethod codeBase="D:\actions-runner\_work\XPCO\XPCO\Common\SC_CommonFiles\zSC_CommonFiles_UnitTest\bin\Debug\net472\zSC_CommonFiles_UnitTest.dll" adapterTypeName="executor://mstestadapter/v2" className="zSC_CommonFiles_UnitTest.VideoOS.UI.Common.WPF.TileLayout.TileLayoutTest" name="OnPreviewKeyDown_PageDown_Success" />
    </UnitTest>
    <UnitTest name="GetStates_SessionStarted_WithStates" storage="d:\actions-runner\_work\xpco\xpco\common\sc_commonfiles\zsc_commonfiles_unittest\bin\debug\net472\zsc_commonfiles_unittest.dll" id="6302655b-61c8-7b0f-1cb8-2a78b11ff788">
      <Execution id="c59a03e8-fd03-4ba8-ab98-d3217a09e397" />
      <TestMethod codeBase="D:\actions-runner\_work\XPCO\XPCO\Common\SC_CommonFiles\zSC_CommonFiles_UnitTest\bin\Debug\net472\zSC_CommonFiles_UnitTest.dll" adapterTypeName="executor://mstestadapter/v2" className="zSC_CommonFiles_UnitTest.VideoOS.Common.State.CameraStateManagerTests" name="GetStates_SessionStarted_WithStates" />
    </UnitTest>
    <UnitTest name="DismissAllToasts_MultipleToasts_Success" storage="d:\actions-runner\_work\xpco\xpco\common\sc_commonfiles\zsc_commonfiles_unittest\bin\debug\net472\zsc_commonfiles_unittest.dll" id="98166cc9-e914-f13d-508c-30c89f0ae058">
      <TestCategory>
        <TestCategoryItem TestCategory="Toasts" />
      </TestCategory>
      <Execution id="25b484fb-1224-4d82-8fab-0552200116e6" />
      <TestMethod codeBase="D:\actions-runner\_work\XPCO\XPCO\Common\SC_CommonFiles\zSC_CommonFiles_UnitTest\bin\Debug\net472\zSC_CommonFiles_UnitTest.dll" adapterTypeName="executor://mstestadapter/v2" className="VideoOS.UI.Common.WPF.Toast.ToastManagerTests" name="DismissAllToasts_MultipleToasts_Success" />
    </UnitTest>
    <UnitTest name="MouseLeftButtonUp_ShouldNotInvokeClickHandlerAfterDelay_WhenNoDoubleClickIsDetectedAndMouseIsNotDirectlyOver" storage="d:\actions-runner\_work\xpco\xpco\common\sc_commonfiles\zsc_commonfiles_unittest\bin\debug\net472\zsc_commonfiles_unittest.dll" id="a77657a1-a493-b15e-b5c4-9e5ce796a8ee">
      <Execution id="1903abaf-b20d-4c1c-9496-d47e2c9e8774" />
      <TestMethod codeBase="D:\actions-runner\_work\XPCO\XPCO\Common\SC_CommonFiles\zSC_CommonFiles_UnitTest\bin\Debug\net472\zSC_CommonFiles_UnitTest.dll" adapterTypeName="executor://mstestadapter/v2" className="zSC_CommonFiles_UnitTest.VideoOS.UI.Common.WPF.Behaviors.MouseInputBehaviorTests" name="MouseLeftButtonUp_ShouldNotInvokeClickHandlerAfterDelay_WhenNoDoubleClickIsDetectedAndMouseIsNotDirectlyOver" />
    </UnitTest>
    <UnitTest name="GetBoolValueOrDefault_KeyFound_ValueReturned" storage="d:\actions-runner\_work\xpco\xpco\common\sc_commonfiles\zsc_commonfiles_unittest\bin\debug\net472\zsc_commonfiles_unittest.dll" id="0b0e0ad1-c995-9403-bc1c-5f3fb5cc273a">
      <Execution id="7b290d69-d100-40bd-99a6-37e13e123b42" />
      <TestMethod codeBase="D:\actions-runner\_work\XPCO\XPCO\Common\SC_CommonFiles\zSC_CommonFiles_UnitTest\bin\Debug\net472\zSC_CommonFiles_UnitTest.dll" adapterTypeName="executor://mstestadapter/v2" className="zSC_CommonFiles_UnitTest.VideoOS.Common.Configuration.NameValueCollectionExtensionsTest" name="GetBoolValueOrDefault_KeyFound_ValueReturned" />
    </UnitTest>
    <UnitTest name="TooltipServiceWarning_Failover_LocalAuthorizationError" storage="d:\actions-runner\_work\xpco\xpco\common\sc_commonfiles\zsc_commonfiles_unittest\bin\debug\net472\zsc_commonfiles_unittest.dll" id="441a4176-3f9e-7fdb-d742-3ee7574fadc4">
      <Execution id="670eba36-5cd8-45a7-8acc-4a534f1c9c7f" />
      <TestMethod codeBase="D:\actions-runner\_work\XPCO\XPCO\Common\SC_CommonFiles\zSC_CommonFiles_UnitTest\bin\Debug\net472\zSC_CommonFiles_UnitTest.dll" adapterTypeName="executor://mstestadapter/v2" className="zSC_CommonFiles_UnitTest.VideoOS.UI.Common.WPF.Dashboard.Types.ServerTest" name="TooltipServiceWarning_Failover_LocalAuthorizationError" />
    </UnitTest>
    <UnitTest name="GetIntValueOrDefault_WrongKeyValue_DefaultValueReturned" storage="d:\actions-runner\_work\xpco\xpco\common\sc_commonfiles\zsc_commonfiles_unittest\bin\debug\net472\zsc_commonfiles_unittest.dll" id="45ce53b6-2a00-442b-a6cc-32488dfaae90">
      <Execution id="5717a33e-f89d-4648-85a2-4ec19ebfdb4b" />
      <TestMethod codeBase="D:\actions-runner\_work\XPCO\XPCO\Common\SC_CommonFiles\zSC_CommonFiles_UnitTest\bin\Debug\net472\zSC_CommonFiles_UnitTest.dll" adapterTypeName="executor://mstestadapter/v2" className="zSC_CommonFiles_UnitTest.VideoOS.Common.Configuration.NameValueCollectionExtensionsTest" name="GetIntValueOrDefault_WrongKeyValue_DefaultValueReturned" />
    </UnitTest>
    <UnitTest name="Stop_ThreadsStopped" storage="d:\actions-runner\_work\xpco\xpco\common\sc_commonfiles\zsc_commonfiles_unittest\bin\debug\net472\zsc_commonfiles_unittest.dll" id="8381658d-9fd6-1774-072f-49899bddfa46">
      <Execution id="23245832-6f7a-4f3c-8e51-81eb19271280" />
      <TestMethod codeBase="D:\actions-runner\_work\XPCO\XPCO\Common\SC_CommonFiles\zSC_CommonFiles_UnitTest\bin\Debug\net472\zSC_CommonFiles_UnitTest.dll" adapterTypeName="executor://mstestadapter/v2" className="zSC_CommonFiles_UnitTest.VideoOS.Common.State.StateHandlerTests" name="Stop_ThreadsStopped" />
    </UnitTest>
    <UnitTest name="MouseHover_OverSelectionRange_IsMouseOverRangeBar_IsTrue" storage="d:\actions-runner\_work\xpco\xpco\common\sc_commonfiles\zsc_commonfiles_unittest\bin\debug\net472\zsc_commonfiles_unittest.dll" id="cbe296a6-601b-dd72-bc79-8548a0abe9dd">
      <TestCategory>
        <TestCategoryItem TestCategory="RangeSelector" />
      </TestCategory>
      <Execution id="f5ad5853-3dfe-4da3-bbba-13861fe846f0" />
      <TestMethod codeBase="D:\actions-runner\_work\XPCO\XPCO\Common\SC_CommonFiles\zSC_CommonFiles_UnitTest\bin\Debug\net472\zSC_CommonFiles_UnitTest.dll" adapterTypeName="executor://mstestadapter/v2" className="VideoOS.UI.Common.WPF.RangeSelector.RangeSelectorTest" name="MouseHover_OverSelectionRange_IsMouseOverRangeBar_IsTrue" />
    </UnitTest>
    <UnitTest name="TileStateMaintainsDefinedStateAsLongAsAtLeastOneCurrentStateIsDefined" storage="d:\actions-runner\_work\xpco\xpco\common\sc_commonfiles\zsc_commonfiles_unittest\bin\debug\net472\zsc_commonfiles_unittest.dll" id="096497aa-f877-ca92-6ca3-eb3764bf4357">
      <Execution id="20e1f59f-5d90-436d-8ec0-dc81743eb4c0" />
      <TestMethod codeBase="D:\actions-runner\_work\XPCO\XPCO\Common\SC_CommonFiles\zSC_CommonFiles_UnitTest\bin\Debug\net472\zSC_CommonFiles_UnitTest.dll" adapterTypeName="executor://mstestadapter/v2" className="zSC_CommonFiles_UnitTest.DashboardTilesTests" name="TileStateMaintainsDefinedStateAsLongAsAtLeastOneCurrentStateIsDefined" />
    </UnitTest>
    <UnitTest name="SequenceEqualIgnoreOrder_EqualCollectionsOrderedDifferently_IgnoreOrder_SymmetricalTrueResult" storage="d:\actions-runner\_work\xpco\xpco\common\sc_commonfiles\zsc_commonfiles_unittest\bin\debug\net472\zsc_commonfiles_unittest.dll" id="1eb83994-41a5-06de-d18f-7e1407514b78">
      <Execution id="644d59ca-aed3-4a34-8bf8-69da549990f2" />
      <TestMethod codeBase="D:\actions-runner\_work\XPCO\XPCO\Common\SC_CommonFiles\zSC_CommonFiles_UnitTest\bin\Debug\net472\zSC_CommonFiles_UnitTest.dll" adapterTypeName="executor://mstestadapter/v2" className="zSC_CommonFiles_UnitTest.VideoOS.UI.Common.WPF.Utils.ExtensionMethods.IEnumerableExtensionTests" name="SequenceEqualIgnoreOrder_EqualCollectionsOrderedDifferently_IgnoreOrder_SymmetricalTrueResult" />
    </UnitTest>
    <UnitTest name="MouseHover_OverRangeBarAndThumbs_IsMouseOverRangeBar_IsTrue" storage="d:\actions-runner\_work\xpco\xpco\common\sc_commonfiles\zsc_commonfiles_unittest\bin\debug\net472\zsc_commonfiles_unittest.dll" id="62aebf56-249e-bb4c-3c75-70b7badd4f85">
      <TestCategory>
        <TestCategoryItem TestCategory="RangeSelector" />
      </TestCategory>
      <Execution id="3637d6b2-c3e5-4112-94f2-c44bfafd3823" />
      <TestMethod codeBase="D:\actions-runner\_work\XPCO\XPCO\Common\SC_CommonFiles\zSC_CommonFiles_UnitTest\bin\Debug\net472\zSC_CommonFiles_UnitTest.dll" adapterTypeName="executor://mstestadapter/v2" className="VideoOS.UI.Common.WPF.RangeSelector.RangeSelectorTest" name="MouseHover_OverRangeBarAndThumbs_IsMouseOverRangeBar_IsTrue" />
    </UnitTest>
    <UnitTest name="TryGetIntValue_KeyNotFound_ReturnFalse" storage="d:\actions-runner\_work\xpco\xpco\common\sc_commonfiles\zsc_commonfiles_unittest\bin\debug\net472\zsc_commonfiles_unittest.dll" id="d3857317-63e0-c190-44d9-5fb025d72a80">
      <Execution id="2ae97987-c588-4002-9f22-8712930ad47b" />
      <TestMethod codeBase="D:\actions-runner\_work\XPCO\XPCO\Common\SC_CommonFiles\zSC_CommonFiles_UnitTest\bin\Debug\net472\zSC_CommonFiles_UnitTest.dll" adapterTypeName="executor://mstestadapter/v2" className="zSC_CommonFiles_UnitTest.VideoOS.Common.Configuration.NameValueCollectionExtensionsTest" name="TryGetIntValue_KeyNotFound_ReturnFalse" />
    </UnitTest>
    <UnitTest name="ShowMultipleToasts_Success" storage="d:\actions-runner\_work\xpco\xpco\common\sc_commonfiles\zsc_commonfiles_unittest\bin\debug\net472\zsc_commonfiles_unittest.dll" id="f2effcb5-d303-005d-6682-8ccbac2c3bbc">
      <TestCategory>
        <TestCategoryItem TestCategory="Toasts" />
      </TestCategory>
      <Execution id="834ad4ea-8e36-484e-a8ce-548ee0ba5ddb" />
      <TestMethod codeBase="D:\actions-runner\_work\XPCO\XPCO\Common\SC_CommonFiles\zSC_CommonFiles_UnitTest\bin\Debug\net472\zSC_CommonFiles_UnitTest.dll" adapterTypeName="executor://mstestadapter/v2" className="zSC_CommonFiles_UnitTest.VideoOS.UI.Common.WPF.Toast.ToastsViewModelTests" name="ShowMultipleToasts_Success" />
    </UnitTest>
    <UnitTest name="IntersectWithTest" storage="d:\actions-runner\_work\xpco\xpco\common\sc_commonfiles\zsc_commonfiles_unittest\bin\debug\net472\zsc_commonfiles_unittest.dll" id="bcf043e2-e23c-d4b1-e8df-ddcfaf2c6564">
      <Execution id="fddacb06-683f-408c-affd-21a8074c84d6" />
      <TestMethod codeBase="D:\actions-runner\_work\XPCO\XPCO\Common\SC_CommonFiles\zSC_CommonFiles_UnitTest\bin\Debug\net472\zSC_CommonFiles_UnitTest.dll" adapterTypeName="executor://mstestadapter/v2" className="SmartClient_UnitTest_VideoOS_UI_Common_WPF_Timeline.TimeIntervalTest" name="IntersectWithTest" />
    </UnitTest>
    <UnitTest name="TickFrequenceSet_GreaterThanMax_ValueValidatedAndUpdated" storage="d:\actions-runner\_work\xpco\xpco\common\sc_commonfiles\zsc_commonfiles_unittest\bin\debug\net472\zsc_commonfiles_unittest.dll" id="31287f75-c0f1-e036-018c-5c569b7613eb">
      <TestCategory>
        <TestCategoryItem TestCategory="RangeSelector" />
      </TestCategory>
      <Execution id="b25d71ae-389f-4fec-a251-8013910e56fa" />
      <TestMethod codeBase="D:\actions-runner\_work\XPCO\XPCO\Common\SC_CommonFiles\zSC_CommonFiles_UnitTest\bin\Debug\net472\zSC_CommonFiles_UnitTest.dll" adapterTypeName="executor://mstestadapter/v2" className="VideoOS.UI.Common.WPF.RangeSelector.RangeSelectorTest" name="TickFrequenceSet_GreaterThanMax_ValueValidatedAndUpdated" />
    </UnitTest>
    <UnitTest name="FormsControlScaledHeight_100Percent_Scaling" storage="d:\actions-runner\_work\xpco\xpco\common\sc_commonfiles\zsc_commonfiles_unittest\bin\debug\net472\zsc_commonfiles_unittest.dll" id="e959378d-d0fd-4d49-0362-8d51b28a1ec4">
      <Execution id="cd27d2e8-c6d4-43ba-9bc3-712edc9b11e4" />
      <TestMethod codeBase="D:\actions-runner\_work\XPCO\XPCO\Common\SC_CommonFiles\zSC_CommonFiles_UnitTest\bin\Debug\net472\zSC_CommonFiles_UnitTest.dll" adapterTypeName="executor://mstestadapter/v2" className="zSC_CommonFiles_UnitTest.VideoOS.UI.Common.WPF.Utils.ExtensionMethods.WindowExtensionsTests" name="FormsControlScaledHeight_100Percent_Scaling" />
    </UnitTest>
    <UnitTest name="AuthenticationExternal_CopyConstructor_Success" storage="d:\actions-runner\_work\xpco\xpco\common\sc_commonfiles\zsc_commonfiles_unittest\bin\debug\net472\zsc_commonfiles_unittest.dll" id="5ec2fd00-c7ca-4cee-7758-7801f820c473">
      <TestCategory>
        <TestCategoryItem TestCategory="AuthenticationInfoTests" />
      </TestCategory>
      <Execution id="03bc7d20-6369-479e-8967-e86565475c2c" />
      <TestMethod codeBase="D:\actions-runner\_work\XPCO\XPCO\Common\SC_CommonFiles\zSC_CommonFiles_UnitTest\bin\Debug\net472\zSC_CommonFiles_UnitTest.dll" adapterTypeName="executor://mstestadapter/v2" className="zSC_CommonFiles_UnitTest.VideoOS.Common.Login.AuthenticationInfoTests" name="AuthenticationExternal_CopyConstructor_Success" />
    </UnitTest>
    <UnitTest name="RemoveRange_FewItems_SuccessWithResetNotification" storage="d:\actions-runner\_work\xpco\xpco\common\sc_commonfiles\zsc_commonfiles_unittest\bin\debug\net472\zsc_commonfiles_unittest.dll" id="52a29049-9c8e-815e-36f6-b6f14de4f7c1">
      <TestCategory>
        <TestCategoryItem TestCategory="SC_CommonFiles.WPF" />
      </TestCategory>
      <Execution id="178b0a06-74b5-4194-b8b5-1cdd27a7f224" />
      <TestMethod codeBase="D:\actions-runner\_work\XPCO\XPCO\Common\SC_CommonFiles\zSC_CommonFiles_UnitTest\bin\Debug\net472\zSC_CommonFiles_UnitTest.dll" adapterTypeName="executor://mstestadapter/v2" className="zSC_CommonFiles_UnitTest.VideoOS.UI.Common.WPF.ObservableCollections.BulkObservableCollectionTests" name="RemoveRange_FewItems_SuccessWithResetNotification" />
    </UnitTest>
    <UnitTest name="DetermineScaledWindowLocationAndSize_150Percent_Scaling" storage="d:\actions-runner\_work\xpco\xpco\common\sc_commonfiles\zsc_commonfiles_unittest\bin\debug\net472\zsc_commonfiles_unittest.dll" id="d321e896-1c35-b87a-a0b5-276c58a0218b">
      <Execution id="6bf7d451-ff02-477f-a87a-4eec33282cae" />
      <TestMethod codeBase="D:\actions-runner\_work\XPCO\XPCO\Common\SC_CommonFiles\zSC_CommonFiles_UnitTest\bin\Debug\net472\zSC_CommonFiles_UnitTest.dll" adapterTypeName="executor://mstestadapter/v2" className="zSC_CommonFiles_UnitTest.VideoOS.UI.Common.WPF.Utils.ExtensionMethods.WindowExtensionsTests" name="DetermineScaledWindowLocationAndSize_150Percent_Scaling" />
    </UnitTest>
    <UnitTest name="OnPreviewKeyDown_Right_Success" storage="d:\actions-runner\_work\xpco\xpco\common\sc_commonfiles\zsc_commonfiles_unittest\bin\debug\net472\zsc_commonfiles_unittest.dll" id="0a8ef08d-9dbb-9ec8-d4a3-65f99078cd81">
      <TestCategory>
        <TestCategoryItem TestCategory="SC_CommonFiles.WPF.TileLayout" />
      </TestCategory>
      <Execution id="ce23dff6-8b39-438d-b1ed-6bdc40daa46d" />
      <TestMethod codeBase="D:\actions-runner\_work\XPCO\XPCO\Common\SC_CommonFiles\zSC_CommonFiles_UnitTest\bin\Debug\net472\zSC_CommonFiles_UnitTest.dll" adapterTypeName="executor://mstestadapter/v2" className="zSC_CommonFiles_UnitTest.VideoOS.UI.Common.WPF.TileLayout.TileLayoutTest" name="OnPreviewKeyDown_Right_Success" />
    </UnitTest>
    <UnitTest name="TileStateMustRemainUnchangedByHostOnlineAndServiceAvailableStateChanges" storage="d:\actions-runner\_work\xpco\xpco\common\sc_commonfiles\zsc_commonfiles_unittest\bin\debug\net472\zsc_commonfiles_unittest.dll" id="bad298ac-94ba-545f-f256-1e42ffa5b7b5">
      <Execution id="6b521a12-3046-47d7-86f6-fb6b73305440" />
      <TestMethod codeBase="D:\actions-runner\_work\XPCO\XPCO\Common\SC_CommonFiles\zSC_CommonFiles_UnitTest\bin\Debug\net472\zSC_CommonFiles_UnitTest.dll" adapterTypeName="executor://mstestadapter/v2" className="zSC_CommonFiles_UnitTest.DashboardTilesTests" name="TileStateMustRemainUnchangedByHostOnlineAndServiceAvailableStateChanges" />
    </UnitTest>
    <UnitTest name="GetDoubleValueOrDefault_WrongKeyValue_DefaultValueReturned" storage="d:\actions-runner\_work\xpco\xpco\common\sc_commonfiles\zsc_commonfiles_unittest\bin\debug\net472\zsc_commonfiles_unittest.dll" id="14a1f95e-78fa-735f-e1e1-62755f5e4ea3">
      <Execution id="243f81bf-ddbf-43df-821f-9bc82fd382d8" />
      <TestMethod codeBase="D:\actions-runner\_work\XPCO\XPCO\Common\SC_CommonFiles\zSC_CommonFiles_UnitTest\bin\Debug\net472\zSC_CommonFiles_UnitTest.dll" adapterTypeName="executor://mstestadapter/v2" className="zSC_CommonFiles_UnitTest.VideoOS.Common.Configuration.NameValueCollectionExtensionsTest" name="GetDoubleValueOrDefault_WrongKeyValue_DefaultValueReturned" />
    </UnitTest>
    <UnitTest name="Convert_RespectMinValue_Success" storage="d:\actions-runner\_work\xpco\xpco\common\sc_commonfiles\zsc_commonfiles_unittest\bin\debug\net472\zsc_commonfiles_unittest.dll" id="213635e5-649b-5c44-aecd-050b59df7240">
      <TestCategory>
        <TestCategoryItem TestCategory="Converters" />
      </TestCategory>
      <Execution id="5cc1576d-938e-4aa0-8a8e-e9b7fd455f71" />
      <TestMethod codeBase="D:\actions-runner\_work\XPCO\XPCO\Common\SC_CommonFiles\zSC_CommonFiles_UnitTest\bin\Debug\net472\zSC_CommonFiles_UnitTest.dll" adapterTypeName="executor://mstestadapter/v2" className="VideoOS.UI.Common.WPF.Utils.Converters.OffsetConverterTests" name="Convert_RespectMinValue_Success" />
    </UnitTest>
    <UnitTest name="ExtensionBeginInvokeNoParamTest" storage="d:\actions-runner\_work\xpco\xpco\common\sc_commonfiles\zsc_commonfiles_unittest\bin\debug\net472\zsc_commonfiles_unittest.dll" id="57b6d097-e9d6-3704-ff59-5ba052e3b406">
      <Execution id="6bb9dae5-3411-4693-9a3f-6e8241355ed4" />
      <TestMethod codeBase="D:\actions-runner\_work\XPCO\XPCO\Common\SC_CommonFiles\zSC_CommonFiles_UnitTest\bin\Debug\net472\zSC_CommonFiles_UnitTest.dll" adapterTypeName="executor://mstestadapter/v2" className="SmartClient_UnitTest.VideoOS.UI.Common.WPF.Utils.Threading.DispatcherExtensionsTest" name="ExtensionBeginInvokeNoParamTest" />
    </UnitTest>
    <UnitTest name="Convert_ShouldReturnEqualOrLessString_WhenValueIsEqualToThreshold" storage="d:\actions-runner\_work\xpco\xpco\common\sc_commonfiles\zsc_commonfiles_unittest\bin\debug\net472\zsc_commonfiles_unittest.dll" id="c5d5c0bb-f780-e550-d703-b15880279a9f">
      <Execution id="2606862b-1568-485b-af8c-f64f9ff6ae28" />
      <TestMethod codeBase="D:\actions-runner\_work\XPCO\XPCO\Common\SC_CommonFiles\zSC_CommonFiles_UnitTest\bin\Debug\net472\zSC_CommonFiles_UnitTest.dll" adapterTypeName="executor://mstestadapter/v2" className="zSC_CommonFiles_UnitTest.VideoOS.UI.Common.WPF.Utils.Converters.CountToStringConverterTests" name="Convert_ShouldReturnEqualOrLessString_WhenValueIsEqualToThreshold" />
    </UnitTest>
    <UnitTest name="ArrangeOverride__6child_AllMustShrinkAndRestore__AllAreShrunkAndRestored" storage="d:\actions-runner\_work\xpco\xpco\common\sc_commonfiles\zsc_commonfiles_unittest\bin\debug\net472\zsc_commonfiles_unittest.dll" id="133cb637-1f14-da6d-6e37-6a27375b1670">
      <TestCategory>
        <TestCategoryItem TestCategory="Controls" />
      </TestCategory>
      <Execution id="e6cca7c1-3cc0-40f4-b532-59ac9a822ae7" />
      <TestMethod codeBase="D:\actions-runner\_work\XPCO\XPCO\Common\SC_CommonFiles\zSC_CommonFiles_UnitTest\bin\Debug\net472\zSC_CommonFiles_UnitTest.dll" adapterTypeName="executor://mstestadapter/v2" className="VideoOS.UI.Common.WPF.Controls.HorizontalPanelTests" name="ArrangeOverride__6child_AllMustShrinkAndRestore__AllAreShrunkAndRestored" />
    </UnitTest>
    <UnitTest name="DownTileSwapsPositionsOfTileAndSuccessor" storage="d:\actions-runner\_work\xpco\xpco\common\sc_commonfiles\zsc_commonfiles_unittest\bin\debug\net472\zsc_commonfiles_unittest.dll" id="31fd8fc3-155f-83fd-baeb-6572fbd4102c">
      <Execution id="23f738f9-a653-4087-86f7-e4c32a546686" />
      <TestMethod codeBase="D:\actions-runner\_work\XPCO\XPCO\Common\SC_CommonFiles\zSC_CommonFiles_UnitTest\bin\Debug\net472\zSC_CommonFiles_UnitTest.dll" adapterTypeName="executor://mstestadapter/v2" className="zSC_CommonFiles_UnitTest.DashboardTilesTests" name="DownTileSwapsPositionsOfTileAndSuccessor" />
    </UnitTest>
    <UnitTest name="SaveToFile_ShouldSaveAllowUnsecureConnection_WhenAllowUnsecureSetToTrueAndServerEntryDoesNotExistInXml" storage="d:\actions-runner\_work\xpco\xpco\common\sc_commonfiles\zsc_commonfiles_unittest\bin\debug\net472\zsc_commonfiles_unittest.dll" id="a0a697d6-c6a3-5a08-d701-7b26e299e138">
      <Execution id="2d1fa6a0-9530-4375-954e-e2ae6c832f81" />
      <TestMethod codeBase="D:\actions-runner\_work\XPCO\XPCO\Common\SC_CommonFiles\zSC_CommonFiles_UnitTest\bin\Debug\net472\zSC_CommonFiles_UnitTest.dll" adapterTypeName="executor://mstestadapter/v2" className="zSC_CommonFiles_UnitTest.VideoOS.Common.Login.UIConnectionInfoTests" name="SaveToFile_ShouldSaveAllowUnsecureConnection_WhenAllowUnsecureSetToTrueAndServerEntryDoesNotExistInXml" />
    </UnitTest>
    <UnitTest name="Convert_WithOffset_Success" storage="d:\actions-runner\_work\xpco\xpco\common\sc_commonfiles\zsc_commonfiles_unittest\bin\debug\net472\zsc_commonfiles_unittest.dll" id="b65ce05c-91af-c3db-9a3c-440082baa61d">
      <TestCategory>
        <TestCategoryItem TestCategory="Converters" />
      </TestCategory>
      <Execution id="772a7bbc-df4e-4fed-a122-4ebc70785c7b" />
      <TestMethod codeBase="D:\actions-runner\_work\XPCO\XPCO\Common\SC_CommonFiles\zSC_CommonFiles_UnitTest\bin\Debug\net472\zSC_CommonFiles_UnitTest.dll" adapterTypeName="executor://mstestadapter/v2" className="VideoOS.UI.Common.WPF.Utils.Converters.OffsetConverterTests" name="Convert_WithOffset_Success" />
    </UnitTest>
    <UnitTest name="Partial_Updating_Works" storage="d:\actions-runner\_work\xpco\xpco\common\sc_commonfiles\zsc_commonfiles_unittest\bin\debug\net472\zsc_commonfiles_unittest.dll" id="192bc75c-0987-6d84-ba23-75d2871c7fb0">
      <Execution id="522b45a1-e6bd-4731-9f9a-aa675d9c50dc" />
      <TestMethod codeBase="D:\actions-runner\_work\XPCO\XPCO\Common\SC_CommonFiles\zSC_CommonFiles_UnitTest\bin\Debug\net472\zSC_CommonFiles_UnitTest.dll" adapterTypeName="executor://mstestadapter/v2" className="zSC_CommonFiles_UnitTest.VideoOS.UI.Common.WPF.Utils.ObservableCollectionExtensionTest" name="Partial_Updating_Works" />
    </UnitTest>
    <UnitTest name="SmartSearchFilterValue_Serialize_Success" storage="d:\actions-runner\_work\xpco\xpco\common\sc_commonfiles\zsc_commonfiles_unittest\bin\debug\net472\zsc_commonfiles_unittest.dll" id="fe19cce5-cc9d-9aa6-e44d-fbae8d8bb129">
      <TestCategory>
        <TestCategoryItem TestCategory="Search.FilterValues" />
      </TestCategory>
      <Execution id="67cb580b-16d0-4936-9aee-bac4c7e98224" />
      <TestMethod codeBase="D:\actions-runner\_work\XPCO\XPCO\Common\SC_CommonFiles\zSC_CommonFiles_UnitTest\bin\Debug\net472\zSC_CommonFiles_UnitTest.dll" adapterTypeName="executor://mstestadapter/v2" className="zSC_CommonFiles_UnitTest.VideoOS.UI.Common.Data.SmartSearch.SmartSearchFilterValueTests" name="SmartSearchFilterValue_Serialize_Success" />
    </UnitTest>
    <UnitTest name="MouseLeftButtonUp_ShouldInvokeClickHandlerAfterDelay_WhenNoDoubleClickIsDetectedAndMouseIsDirectlyOver" storage="d:\actions-runner\_work\xpco\xpco\common\sc_commonfiles\zsc_commonfiles_unittest\bin\debug\net472\zsc_commonfiles_unittest.dll" id="b452384b-46c9-9d28-fc42-8e46ec09f689">
      <Execution id="981ae3d5-8980-4eb1-a12b-237cd1f74ec4" />
      <TestMethod codeBase="D:\actions-runner\_work\XPCO\XPCO\Common\SC_CommonFiles\zSC_CommonFiles_UnitTest\bin\Debug\net472\zSC_CommonFiles_UnitTest.dll" adapterTypeName="executor://mstestadapter/v2" className="zSC_CommonFiles_UnitTest.VideoOS.UI.Common.WPF.Behaviors.MouseInputBehaviorTests" name="MouseLeftButtonUp_ShouldInvokeClickHandlerAfterDelay_WhenNoDoubleClickIsDetectedAndMouseIsDirectlyOver" />
    </UnitTest>
    <UnitTest name="RoundToHour_Nearest" storage="d:\actions-runner\_work\xpco\xpco\common\sc_commonfiles\zsc_commonfiles_unittest\bin\debug\net472\zsc_commonfiles_unittest.dll" id="e47e5959-0404-6a12-bb2e-be035056d2fc">
      <Execution id="128d8905-f598-4c19-94df-8970d6089691" />
      <TestMethod codeBase="D:\actions-runner\_work\XPCO\XPCO\Common\SC_CommonFiles\zSC_CommonFiles_UnitTest\bin\Debug\net472\zSC_CommonFiles_UnitTest.dll" adapterTypeName="executor://mstestadapter/v2" className="zSC_CommonFiles_UnitTest.VideoOS.UI.Common.WPF.Utils.ExtensionMethods.TimeSpanExtensionsTests" name="RoundToHour_Nearest" />
    </UnitTest>
    <UnitTest name="MeasureOverride_3childEnoughSpaceNoSpacing_Shrunk" storage="d:\actions-runner\_work\xpco\xpco\common\sc_commonfiles\zsc_commonfiles_unittest\bin\debug\net472\zsc_commonfiles_unittest.dll" id="86511367-20e7-9ea5-808a-c86846f8f9e3">
      <TestCategory>
        <TestCategoryItem TestCategory="Controls" />
      </TestCategory>
      <Execution id="f8db18ba-56a0-4c25-a2a0-2d2b161cba04" />
      <TestMethod codeBase="D:\actions-runner\_work\XPCO\XPCO\Common\SC_CommonFiles\zSC_CommonFiles_UnitTest\bin\Debug\net472\zSC_CommonFiles_UnitTest.dll" adapterTypeName="executor://mstestadapter/v2" className="VideoOS.UI.Common.WPF.Controls.HorizontalPanelTests" name="MeasureOverride_3childEnoughSpaceNoSpacing_Shrunk" />
    </UnitTest>
    <UnitTest name="RoundToHour_RoundUp" storage="d:\actions-runner\_work\xpco\xpco\common\sc_commonfiles\zsc_commonfiles_unittest\bin\debug\net472\zsc_commonfiles_unittest.dll" id="6bf27e89-1adf-d0e5-6e64-45ecd4ed017f">
      <Execution id="d4824f66-6a99-48e6-9bf5-a0de1fb788cc" />
      <TestMethod codeBase="D:\actions-runner\_work\XPCO\XPCO\Common\SC_CommonFiles\zSC_CommonFiles_UnitTest\bin\Debug\net472\zSC_CommonFiles_UnitTest.dll" adapterTypeName="executor://mstestadapter/v2" className="zSC_CommonFiles_UnitTest.VideoOS.UI.Common.WPF.Utils.ExtensionMethods.TimeSpanExtensionsTests" name="RoundToHour_RoundUp" />
    </UnitTest>
    <UnitTest name="SequenceEqualIgnoreOrder_NullCollection_IgnoreOrder_FalseResult" storage="d:\actions-runner\_work\xpco\xpco\common\sc_commonfiles\zsc_commonfiles_unittest\bin\debug\net472\zsc_commonfiles_unittest.dll" id="4f39f42c-bd61-1d3b-a9d4-94ed188e9ad5">
      <Execution id="d5a19112-87eb-4ce6-83ce-45f7cbe306da" />
      <TestMethod codeBase="D:\actions-runner\_work\XPCO\XPCO\Common\SC_CommonFiles\zSC_CommonFiles_UnitTest\bin\Debug\net472\zSC_CommonFiles_UnitTest.dll" adapterTypeName="executor://mstestadapter/v2" className="zSC_CommonFiles_UnitTest.VideoOS.UI.Common.WPF.Utils.ExtensionMethods.IEnumerableExtensionTests" name="SequenceEqualIgnoreOrder_NullCollection_IgnoreOrder_FalseResult" />
    </UnitTest>
    <UnitTest name="GetIntValueOrDefault_KeyFound_ValueReturned" storage="d:\actions-runner\_work\xpco\xpco\common\sc_commonfiles\zsc_commonfiles_unittest\bin\debug\net472\zsc_commonfiles_unittest.dll" id="bb96e440-92b4-1c31-95b5-59b0e4d11807">
      <Execution id="4f3897ab-db38-4237-9dcc-32cf277a3a65" />
      <TestMethod codeBase="D:\actions-runner\_work\XPCO\XPCO\Common\SC_CommonFiles\zSC_CommonFiles_UnitTest\bin\Debug\net472\zSC_CommonFiles_UnitTest.dll" adapterTypeName="executor://mstestadapter/v2" className="zSC_CommonFiles_UnitTest.VideoOS.Common.Configuration.NameValueCollectionExtensionsTest" name="GetIntValueOrDefault_KeyFound_ValueReturned" />
    </UnitTest>
    <UnitTest name="Ctor_CreateAndClose_Success" storage="d:\actions-runner\_work\xpco\xpco\common\sc_commonfiles\zsc_commonfiles_unittest\bin\debug\net472\zsc_commonfiles_unittest.dll" id="4d866a2f-8988-0d70-b30c-379e46401f2f">
      <TestCategory>
        <TestCategoryItem TestCategory="Toasts" />
      </TestCategory>
      <Execution id="c5b6c75e-6e80-4d5c-b694-8ffe597ff7c9" />
      <TestMethod codeBase="D:\actions-runner\_work\XPCO\XPCO\Common\SC_CommonFiles\zSC_CommonFiles_UnitTest\bin\Debug\net472\zSC_CommonFiles_UnitTest.dll" adapterTypeName="executor://mstestadapter/v2" className="zSC_CommonFiles_UnitTest.VideoOS.UI.Common.WPF.Toast.ToastsViewModelTests" name="Ctor_CreateAndClose_Success" />
    </UnitTest>
    <UnitTest name="Constructor_BaseServerAddress_ArgumentNull_Thrown" storage="d:\actions-runner\_work\xpco\xpco\common\sc_commonfiles\zsc_commonfiles_unittest\bin\debug\net472\zsc_commonfiles_unittest.dll" id="7cdbbb68-ee89-4d99-8a8b-ff2dfe66aef4">
      <Execution id="69c43c8f-f846-4ee3-969a-1592493722d2" />
      <TestMethod codeBase="D:\actions-runner\_work\XPCO\XPCO\Common\SC_CommonFiles\zSC_CommonFiles_UnitTest\bin\Debug\net472\zSC_CommonFiles_UnitTest.dll" adapterTypeName="executor://mstestadapter/v2" className="zSC_CommonFiles_UnitTest.VideoOS.Common.State.StateHandlerTests" name="Constructor_BaseServerAddress_ArgumentNull_Thrown" />
    </UnitTest>
    <UnitTest name="OnPreviewKeyDown_End_Success" storage="d:\actions-runner\_work\xpco\xpco\common\sc_commonfiles\zsc_commonfiles_unittest\bin\debug\net472\zsc_commonfiles_unittest.dll" id="9c1495d5-6651-ae8f-908a-bfaa0ece52f3">
      <TestCategory>
        <TestCategoryItem TestCategory="SC_CommonFiles.WPF.TileLayout" />
      </TestCategory>
      <Execution id="4b365aa9-d9e3-4054-a545-164d0d581ac2" />
      <TestMethod codeBase="D:\actions-runner\_work\XPCO\XPCO\Common\SC_CommonFiles\zSC_CommonFiles_UnitTest\bin\Debug\net472\zSC_CommonFiles_UnitTest.dll" adapterTypeName="executor://mstestadapter/v2" className="zSC_CommonFiles_UnitTest.VideoOS.UI.Common.WPF.TileLayout.TileLayoutTest" name="OnPreviewKeyDown_End_Success" />
    </UnitTest>
    <UnitTest name="FormsControlScaledHeight_150Percent_Scaling" storage="d:\actions-runner\_work\xpco\xpco\common\sc_commonfiles\zsc_commonfiles_unittest\bin\debug\net472\zsc_commonfiles_unittest.dll" id="b8e97d03-ef15-901d-1e9d-db40f54cbfb0">
      <Execution id="c75f2ad8-b11f-4404-b3c4-79c99af3806c" />
      <TestMethod codeBase="D:\actions-runner\_work\XPCO\XPCO\Common\SC_CommonFiles\zSC_CommonFiles_UnitTest\bin\Debug\net472\zSC_CommonFiles_UnitTest.dll" adapterTypeName="executor://mstestadapter/v2" className="zSC_CommonFiles_UnitTest.VideoOS.UI.Common.WPF.Utils.ExtensionMethods.WindowExtensionsTests" name="FormsControlScaledHeight_150Percent_Scaling" />
    </UnitTest>
    <UnitTest name="SaveToFile_ShouldNotSaveAllowUnsecureConnection_WhenAllowUnsecureSetToFalse" storage="d:\actions-runner\_work\xpco\xpco\common\sc_commonfiles\zsc_commonfiles_unittest\bin\debug\net472\zsc_commonfiles_unittest.dll" id="4a077e12-b64a-edfe-3b33-7ee47b81322b">
      <Execution id="3301aa2d-9380-44ef-a3f4-71d946ce1c06" />
      <TestMethod codeBase="D:\actions-runner\_work\XPCO\XPCO\Common\SC_CommonFiles\zSC_CommonFiles_UnitTest\bin\Debug\net472\zSC_CommonFiles_UnitTest.dll" adapterTypeName="executor://mstestadapter/v2" className="zSC_CommonFiles_UnitTest.VideoOS.Common.Login.UIConnectionInfoTests" name="SaveToFile_ShouldNotSaveAllowUnsecureConnection_WhenAllowUnsecureSetToFalse" />
    </UnitTest>
    <UnitTest name="ToastsCanLeaveQueue_Success" storage="d:\actions-runner\_work\xpco\xpco\common\sc_commonfiles\zsc_commonfiles_unittest\bin\debug\net472\zsc_commonfiles_unittest.dll" id="e0165201-5cdb-4323-41c0-fe10a5054fb9">
      <TestCategory>
        <TestCategoryItem TestCategory="Toasts" />
      </TestCategory>
      <Execution id="edcc30a6-83ca-415b-8c95-f541ecdee3fb" />
      <TestMethod codeBase="D:\actions-runner\_work\XPCO\XPCO\Common\SC_CommonFiles\zSC_CommonFiles_UnitTest\bin\Debug\net472\zSC_CommonFiles_UnitTest.dll" adapterTypeName="executor://mstestadapter/v2" className="zSC_CommonFiles_UnitTest.VideoOS.UI.Common.WPF.Toast.ToastsViewModelTests" name="ToastsCanLeaveQueue_Success" />
    </UnitTest>
    <UnitTest name="FormsControlScaledLocationAndSize_NegativePositions_150Percent_Scaling" storage="d:\actions-runner\_work\xpco\xpco\common\sc_commonfiles\zsc_commonfiles_unittest\bin\debug\net472\zsc_commonfiles_unittest.dll" id="13a2427c-e785-ce2d-2d1c-b445eff86f81">
      <Execution id="db1f56fb-eb86-41d1-8ed5-fec9bcffae13" />
      <TestMethod codeBase="D:\actions-runner\_work\XPCO\XPCO\Common\SC_CommonFiles\zSC_CommonFiles_UnitTest\bin\Debug\net472\zSC_CommonFiles_UnitTest.dll" adapterTypeName="executor://mstestadapter/v2" className="zSC_CommonFiles_UnitTest.VideoOS.UI.Common.WPF.Utils.ExtensionMethods.WindowExtensionsTests" name="FormsControlScaledLocationAndSize_NegativePositions_150Percent_Scaling" />
    </UnitTest>
    <UnitTest name="ArrangeOverride__6child_EnoughSpace__NotShrunk" storage="d:\actions-runner\_work\xpco\xpco\common\sc_commonfiles\zsc_commonfiles_unittest\bin\debug\net472\zsc_commonfiles_unittest.dll" id="d757e934-8867-a54c-c93f-b9b8e2d4f452">
      <TestCategory>
        <TestCategoryItem TestCategory="Controls" />
      </TestCategory>
      <Execution id="d5d64c52-ed90-4179-a325-4fd1925de3e4" />
      <TestMethod codeBase="D:\actions-runner\_work\XPCO\XPCO\Common\SC_CommonFiles\zSC_CommonFiles_UnitTest\bin\Debug\net472\zSC_CommonFiles_UnitTest.dll" adapterTypeName="executor://mstestadapter/v2" className="VideoOS.UI.Common.WPF.Controls.HorizontalPanelTests" name="ArrangeOverride__6child_EnoughSpace__NotShrunk" />
    </UnitTest>
    <UnitTest name="Convert_WithMultiplier_Success" storage="d:\actions-runner\_work\xpco\xpco\common\sc_commonfiles\zsc_commonfiles_unittest\bin\debug\net472\zsc_commonfiles_unittest.dll" id="f31e5243-90c8-7dae-7404-a3986e0efbe1">
      <TestCategory>
        <TestCategoryItem TestCategory="Converters" />
      </TestCategory>
      <Execution id="3a9b62e9-041f-4b77-9bf4-f273c2ed37e6" />
      <TestMethod codeBase="D:\actions-runner\_work\XPCO\XPCO\Common\SC_CommonFiles\zSC_CommonFiles_UnitTest\bin\Debug\net472\zSC_CommonFiles_UnitTest.dll" adapterTypeName="executor://mstestadapter/v2" className="VideoOS.UI.Common.WPF.Utils.Converters.OffsetConverterTests" name="Convert_WithMultiplier_Success" />
    </UnitTest>
    <UnitTest name="DetermineScaledWindowLocationAndSize_75Percent_Scaling" storage="d:\actions-runner\_work\xpco\xpco\common\sc_commonfiles\zsc_commonfiles_unittest\bin\debug\net472\zsc_commonfiles_unittest.dll" id="d571e5ac-82ed-ebaf-4d14-3695e99fdecf">
      <Execution id="85294c60-4ec0-4207-bd44-d1abca1191bf" />
      <TestMethod codeBase="D:\actions-runner\_work\XPCO\XPCO\Common\SC_CommonFiles\zSC_CommonFiles_UnitTest\bin\Debug\net472\zSC_CommonFiles_UnitTest.dll" adapterTypeName="executor://mstestadapter/v2" className="zSC_CommonFiles_UnitTest.VideoOS.UI.Common.WPF.Utils.ExtensionMethods.WindowExtensionsTests" name="DetermineScaledWindowLocationAndSize_75Percent_Scaling" />
    </UnitTest>
    <UnitTest name="RemoveToast_NonExistingToast_DoesNotCrash" storage="d:\actions-runner\_work\xpco\xpco\common\sc_commonfiles\zsc_commonfiles_unittest\bin\debug\net472\zsc_commonfiles_unittest.dll" id="f9fd199c-9720-ab0c-f9a1-3482c7ab7054">
      <TestCategory>
        <TestCategoryItem TestCategory="Toasts" />
      </TestCategory>
      <Execution id="a61d54cc-26b5-4467-b1d9-14fe74d0ffd9" />
      <TestMethod codeBase="D:\actions-runner\_work\XPCO\XPCO\Common\SC_CommonFiles\zSC_CommonFiles_UnitTest\bin\Debug\net472\zSC_CommonFiles_UnitTest.dll" adapterTypeName="executor://mstestadapter/v2" className="VideoOS.UI.Common.WPF.Toast.ToastManagerTests" name="RemoveToast_NonExistingToast_DoesNotCrash" />
    </UnitTest>
    <UnitTest name="CompareToTest" storage="d:\actions-runner\_work\xpco\xpco\common\sc_commonfiles\zsc_commonfiles_unittest\bin\debug\net472\zsc_commonfiles_unittest.dll" id="cc3505a4-7232-cc24-3cfe-056b7e73ed2b">
      <Execution id="58915507-5cf3-4665-89f8-cfefaa4d6f6b" />
      <TestMethod codeBase="D:\actions-runner\_work\XPCO\XPCO\Common\SC_CommonFiles\zSC_CommonFiles_UnitTest\bin\Debug\net472\zSC_CommonFiles_UnitTest.dll" adapterTypeName="executor://mstestadapter/v2" className="SmartClient_UnitTest_VideoOS_UI_Common_WPF_Timeline.TimeIntervalTest" name="CompareToTest" />
    </UnitTest>
    <UnitTest name="DownTileThrowsIfTileNotInBox" storage="d:\actions-runner\_work\xpco\xpco\common\sc_commonfiles\zsc_commonfiles_unittest\bin\debug\net472\zsc_commonfiles_unittest.dll" id="da038b78-6557-20eb-7b54-2bd092edb693">
      <Execution id="6b7207cf-1e2b-47fa-86d3-8b59fab2a8b6" />
      <TestMethod codeBase="D:\actions-runner\_work\XPCO\XPCO\Common\SC_CommonFiles\zSC_CommonFiles_UnitTest\bin\Debug\net472\zSC_CommonFiles_UnitTest.dll" adapterTypeName="executor://mstestadapter/v2" className="zSC_CommonFiles_UnitTest.DashboardTilesTests" name="DownTileThrowsIfTileNotInBox" />
    </UnitTest>
    <UnitTest name="AuthenticationWindowsDefault_SetProperties_Success" storage="d:\actions-runner\_work\xpco\xpco\common\sc_commonfiles\zsc_commonfiles_unittest\bin\debug\net472\zsc_commonfiles_unittest.dll" id="da2d2e18-01f0-acb5-e8f2-d394d1e9d5f0">
      <TestCategory>
        <TestCategoryItem TestCategory="AuthenticationInfoTests" />
      </TestCategory>
      <Execution id="9434fab0-d743-4642-b5f0-5f5e722714fa" />
      <TestMethod codeBase="D:\actions-runner\_work\XPCO\XPCO\Common\SC_CommonFiles\zSC_CommonFiles_UnitTest\bin\Debug\net472\zSC_CommonFiles_UnitTest.dll" adapterTypeName="executor://mstestadapter/v2" className="zSC_CommonFiles_UnitTest.VideoOS.Common.Login.AuthenticationInfoTests" name="AuthenticationWindowsDefault_SetProperties_Success" />
    </UnitTest>
    <UnitTest name="CleanUpShouldBeEnforced" storage="d:\actions-runner\_work\xpco\xpco\common\sc_commonfiles\zsc_commonfiles_unittest\bin\debug\net472\zsc_commonfiles_unittest.dll" id="896a835e-aa00-d5b5-efb0-cae3f484c942">
      <Execution id="248d2085-d1d0-4949-879f-2f47cc057d8e" />
      <TestMethod codeBase="D:\actions-runner\_work\XPCO\XPCO\Common\SC_CommonFiles\zSC_CommonFiles_UnitTest\bin\Debug\net472\zSC_CommonFiles_UnitTest.dll" adapterTypeName="executor://mstestadapter/v2" className="SC_Common_UnitTest_VideoOS_UI_Common_Data_SequenceRetriever_ThumbCache.ThumbCacheTest" name="CleanUpShouldBeEnforced" />
    </UnitTest>
    <UnitTest name="Constructor_ShouldCreateDefaultSlide_WhenZeroSlidesGiven" storage="d:\actions-runner\_work\xpco\xpco\common\sc_commonfiles\zsc_commonfiles_unittest\bin\debug\net472\zsc_commonfiles_unittest.dll" id="7cbfb0f2-220f-3c70-4132-45e5c8965201">
      <Execution id="8452415b-7493-42c3-99e1-16984ab571b7" />
      <TestMethod codeBase="D:\actions-runner\_work\XPCO\XPCO\Common\SC_CommonFiles\zSC_CommonFiles_UnitTest\bin\Debug\net472\zSC_CommonFiles_UnitTest.dll" adapterTypeName="executor://mstestadapter/v2" className="zSC_CommonFiles_UnitTest.VideoOS.UI.Common.WPF.VideoText.VideoTextWindowViewModelTests" name="Constructor_ShouldCreateDefaultSlide_WhenZeroSlidesGiven" />
    </UnitTest>
    <UnitTest name="SaveToFile_ShouldSaveAllowUnsecureConnection_WhenAllowUnsecureSetToTrueAndNoUserExistsInXml" storage="d:\actions-runner\_work\xpco\xpco\common\sc_commonfiles\zsc_commonfiles_unittest\bin\debug\net472\zsc_commonfiles_unittest.dll" id="968cb0b5-2676-6cd1-05ad-544228943f8e">
      <Execution id="01aa6a43-c4d5-4932-a468-21059889fef0" />
      <TestMethod codeBase="D:\actions-runner\_work\XPCO\XPCO\Common\SC_CommonFiles\zSC_CommonFiles_UnitTest\bin\Debug\net472\zSC_CommonFiles_UnitTest.dll" adapterTypeName="executor://mstestadapter/v2" className="zSC_CommonFiles_UnitTest.VideoOS.Common.Login.UIConnectionInfoTests" name="SaveToFile_ShouldSaveAllowUnsecureConnection_WhenAllowUnsecureSetToTrueAndNoUserExistsInXml" />
    </UnitTest>
    <UnitTest name="StartCameraStates_ThreadInterruptException_DoubledSleepDuration" storage="d:\actions-runner\_work\xpco\xpco\common\sc_commonfiles\zsc_commonfiles_unittest\bin\debug\net472\zsc_commonfiles_unittest.dll" id="7382cb68-b8fd-71d6-f26a-53d5017fec14">
      <Execution id="a21ee2e6-1db5-4140-b20d-87d6761a50e5" />
      <TestMethod codeBase="D:\actions-runner\_work\XPCO\XPCO\Common\SC_CommonFiles\zSC_CommonFiles_UnitTest\bin\Debug\net472\zSC_CommonFiles_UnitTest.dll" adapterTypeName="executor://mstestadapter/v2" className="zSC_CommonFiles_UnitTest.VideoOS.Common.State.StateHandlerTests" name="StartCameraStates_ThreadInterruptException_DoubledSleepDuration" />
    </UnitTest>
    <UnitTest name="Constructor_StateSessionHelper_ArgumentNull_Thrown" storage="d:\actions-runner\_work\xpco\xpco\common\sc_commonfiles\zsc_commonfiles_unittest\bin\debug\net472\zsc_commonfiles_unittest.dll" id="81f8c431-ec3f-72e9-977b-252633de4ae4">
      <Execution id="22636457-95e0-4e58-a1c6-dea571c12aee" />
      <TestMethod codeBase="D:\actions-runner\_work\XPCO\XPCO\Common\SC_CommonFiles\zSC_CommonFiles_UnitTest\bin\Debug\net472\zSC_CommonFiles_UnitTest.dll" adapterTypeName="executor://mstestadapter/v2" className="zSC_CommonFiles_UnitTest.VideoOS.Common.State.ServerStateManagerTests" name="Constructor_StateSessionHelper_ArgumentNull_Thrown" />
    </UnitTest>
    <UnitTest name="MeasureOverride_3childEnoughSpace_NotShrunk" storage="d:\actions-runner\_work\xpco\xpco\common\sc_commonfiles\zsc_commonfiles_unittest\bin\debug\net472\zsc_commonfiles_unittest.dll" id="fe6a9027-ba74-76b9-9001-ff053b4242c3">
      <TestCategory>
        <TestCategoryItem TestCategory="Controls" />
      </TestCategory>
      <Execution id="0f649f85-1919-4e33-a7ac-4cfed12c7651" />
      <TestMethod codeBase="D:\actions-runner\_work\XPCO\XPCO\Common\SC_CommonFiles\zSC_CommonFiles_UnitTest\bin\Debug\net472\zSC_CommonFiles_UnitTest.dll" adapterTypeName="executor://mstestadapter/v2" className="VideoOS.UI.Common.WPF.Controls.HorizontalPanelTests" name="MeasureOverride_3childEnoughSpace_NotShrunk" />
    </UnitTest>
    <UnitTest name="Ctor_ImmutablePropertiesSet" storage="d:\actions-runner\_work\xpco\xpco\common\sc_commonfiles\zsc_commonfiles_unittest\bin\debug\net472\zsc_commonfiles_unittest.dll" id="01c86469-a2b3-56b4-e415-0f887f533923">
      <TestCategory>
        <TestCategoryItem TestCategory="Toasts" />
      </TestCategory>
      <Execution id="8edc3f43-1adf-4255-902b-7c28b227b6f4" />
      <TestMethod codeBase="D:\actions-runner\_work\XPCO\XPCO\Common\SC_CommonFiles\zSC_CommonFiles_UnitTest\bin\Debug\net472\zSC_CommonFiles_UnitTest.dll" adapterTypeName="executor://mstestadapter/v2" className="VideoOS.UI.Common.WPF.Toast.TextToastTests" name="Ctor_ImmutablePropertiesSet" />
    </UnitTest>
    <UnitTest name="MeasureCounters_UpdatesMemoryUsage_WithPercentage" storage="d:\actions-runner\_work\xpco\xpco\common\sc_commonfiles\zsc_commonfiles_unittest\bin\debug\net472\zsc_commonfiles_unittest.dll" id="3d782eb2-1185-1de8-9482-d479e4373af3">
      <Execution id="daf0b150-fc8d-443f-b317-99b776eb08ea" />
      <TestMethod codeBase="D:\actions-runner\_work\XPCO\XPCO\Common\SC_CommonFiles\zSC_CommonFiles_UnitTest\bin\Debug\net472\zSC_CommonFiles_UnitTest.dll" adapterTypeName="executor://mstestadapter/v2" className="zSC_CommonFiles_UnitTest.VideoOS.UI.Common.WPF.ClientDataGathererTests" name="MeasureCounters_UpdatesMemoryUsage_WithPercentage" />
    </UnitTest>
    <UnitTest name="OnPreviewKeyDown_Home_Success" storage="d:\actions-runner\_work\xpco\xpco\common\sc_commonfiles\zsc_commonfiles_unittest\bin\debug\net472\zsc_commonfiles_unittest.dll" id="b68df490-f19b-a1a8-b878-ba437321192c">
      <TestCategory>
        <TestCategoryItem TestCategory="SC_CommonFiles.WPF.TileLayout" />
      </TestCategory>
      <Execution id="93afbfca-33ea-4af1-b213-596ee6d6af68" />
      <TestMethod codeBase="D:\actions-runner\_work\XPCO\XPCO\Common\SC_CommonFiles\zSC_CommonFiles_UnitTest\bin\Debug\net472\zSC_CommonFiles_UnitTest.dll" adapterTypeName="executor://mstestadapter/v2" className="zSC_CommonFiles_UnitTest.VideoOS.UI.Common.WPF.TileLayout.TileLayoutTest" name="OnPreviewKeyDown_Home_Success" />
    </UnitTest>
    <UnitTest name="AddRange_FewItems_SuccessWithSingleNotification" storage="d:\actions-runner\_work\xpco\xpco\common\sc_commonfiles\zsc_commonfiles_unittest\bin\debug\net472\zsc_commonfiles_unittest.dll" id="2d512390-4feb-0be5-34ad-eaab831bb98b">
      <TestCategory>
        <TestCategoryItem TestCategory="SC_CommonFiles.WPF" />
      </TestCategory>
      <Execution id="1f965cce-25e8-4e06-b416-dad6f226cdf1" />
      <TestMethod codeBase="D:\actions-runner\_work\XPCO\XPCO\Common\SC_CommonFiles\zSC_CommonFiles_UnitTest\bin\Debug\net472\zSC_CommonFiles_UnitTest.dll" adapterTypeName="executor://mstestadapter/v2" className="zSC_CommonFiles_UnitTest.VideoOS.UI.Common.WPF.ObservableCollections.BulkObservableCollectionTests" name="AddRange_FewItems_SuccessWithSingleNotification" />
    </UnitTest>
    <UnitTest name="ClearUnsecureConnectionAllowedForUser_ShouldDoNothing_WhenUserDoesNotExist" storage="d:\actions-runner\_work\xpco\xpco\common\sc_commonfiles\zsc_commonfiles_unittest\bin\debug\net472\zsc_commonfiles_unittest.dll" id="b0a63f8f-6af7-a1eb-69e4-87897c177ded">
      <Execution id="91a5f21f-4037-44dd-88b0-bd0614a26664" />
      <TestMethod codeBase="D:\actions-runner\_work\XPCO\XPCO\Common\SC_CommonFiles\zSC_CommonFiles_UnitTest\bin\Debug\net472\zSC_CommonFiles_UnitTest.dll" adapterTypeName="executor://mstestadapter/v2" className="zSC_CommonFiles_UnitTest.VideoOS.Common.Login.UIConnectionInfoTests" name="ClearUnsecureConnectionAllowedForUser_ShouldDoNothing_WhenUserDoesNotExist" />
    </UnitTest>
    <UnitTest name="OnApplyChildClip_Success" storage="d:\actions-runner\_work\xpco\xpco\common\sc_commonfiles\zsc_commonfiles_unittest\bin\debug\net472\zsc_commonfiles_unittest.dll" id="cef7f277-5dc3-b0b8-eda4-af499be481dc">
      <TestCategory>
        <TestCategoryItem TestCategory="SC_CommonFiles.WPF.TileLayout" />
      </TestCategory>
      <Execution id="27965d63-716c-4660-89de-5b75d11f87a6" />
      <TestMethod codeBase="D:\actions-runner\_work\XPCO\XPCO\Common\SC_CommonFiles\zSC_CommonFiles_UnitTest\bin\Debug\net472\zSC_CommonFiles_UnitTest.dll" adapterTypeName="executor://mstestadapter/v2" className="zSC_CommonFiles_UnitTest.VideoOS.UI.Common.WPF.TileLayout.ItemHolderTest" name="OnApplyChildClip_Success" />
    </UnitTest>
    <UnitTest name="FormsControlScaledLocationAndSize_AnchorLeftAndTop_150Percent_Scaling" storage="d:\actions-runner\_work\xpco\xpco\common\sc_commonfiles\zsc_commonfiles_unittest\bin\debug\net472\zsc_commonfiles_unittest.dll" id="3e5839e2-2685-aaaf-8dd6-2d9da7f4f9a8">
      <Execution id="7d787d0c-2ea4-4e51-b394-d4a9706292e6" />
      <TestMethod codeBase="D:\actions-runner\_work\XPCO\XPCO\Common\SC_CommonFiles\zSC_CommonFiles_UnitTest\bin\Debug\net472\zSC_CommonFiles_UnitTest.dll" adapterTypeName="executor://mstestadapter/v2" className="zSC_CommonFiles_UnitTest.VideoOS.UI.Common.WPF.Utils.ExtensionMethods.WindowExtensionsTests" name="FormsControlScaledLocationAndSize_AnchorLeftAndTop_150Percent_Scaling" />
    </UnitTest>
    <UnitTest name="ToastsCanEnterQueue_Success" storage="d:\actions-runner\_work\xpco\xpco\common\sc_commonfiles\zsc_commonfiles_unittest\bin\debug\net472\zsc_commonfiles_unittest.dll" id="126d2357-7090-a0c3-d4b1-34920ceb72d7">
      <TestCategory>
        <TestCategoryItem TestCategory="Toasts" />
      </TestCategory>
      <Execution id="a34a6aef-0157-40bc-a1ec-63b3f40ccac6" />
      <TestMethod codeBase="D:\actions-runner\_work\XPCO\XPCO\Common\SC_CommonFiles\zSC_CommonFiles_UnitTest\bin\Debug\net472\zSC_CommonFiles_UnitTest.dll" adapterTypeName="executor://mstestadapter/v2" className="zSC_CommonFiles_UnitTest.VideoOS.UI.Common.WPF.Toast.ToastsViewModelTests" name="ToastsCanEnterQueue_Success" />
    </UnitTest>
    <UnitTest name="Convert_NoAutomationIdWithFallbackProperty_ReturnsValue" storage="d:\actions-runner\_work\xpco\xpco\common\sc_commonfiles\zsc_commonfiles_unittest\bin\debug\net472\zsc_commonfiles_unittest.dll" id="ed486ee2-750d-c7b9-06cc-eb3021382eda">
      <TestCategory>
        <TestCategoryItem TestCategory="Converters" />
      </TestCategory>
      <Execution id="39f42b98-bff9-4b1d-a0ab-53a33883afbe" />
      <TestMethod codeBase="D:\actions-runner\_work\XPCO\XPCO\Common\SC_CommonFiles\zSC_CommonFiles_UnitTest\bin\Debug\net472\zSC_CommonFiles_UnitTest.dll" adapterTypeName="executor://mstestadapter/v2" className="VideoOS.UI.Common.WPF.Utils.Converters.AutomationIdConverterTests" name="Convert_NoAutomationIdWithFallbackProperty_ReturnsValue" />
    </UnitTest>
    <UnitTest name="UpTileSwapsPositionsOfTileAndPredecessor" storage="d:\actions-runner\_work\xpco\xpco\common\sc_commonfiles\zsc_commonfiles_unittest\bin\debug\net472\zsc_commonfiles_unittest.dll" id="ff05611d-fdda-b2a8-4bf8-b702f180c253">
      <Execution id="8a714851-315e-4242-9824-0147dd6e4e0d" />
      <TestMethod codeBase="D:\actions-runner\_work\XPCO\XPCO\Common\SC_CommonFiles\zSC_CommonFiles_UnitTest\bin\Debug\net472\zSC_CommonFiles_UnitTest.dll" adapterTypeName="executor://mstestadapter/v2" className="zSC_CommonFiles_UnitTest.DashboardTilesTests" name="UpTileSwapsPositionsOfTileAndPredecessor" />
    </UnitTest>
    <UnitTest name="Changing_The_First_Item_Works" storage="d:\actions-runner\_work\xpco\xpco\common\sc_commonfiles\zsc_commonfiles_unittest\bin\debug\net472\zsc_commonfiles_unittest.dll" id="be742706-2384-ae61-bc11-568bd8c32abe">
      <Execution id="66351ce9-23b9-414e-a5d1-e450fd40fc4c" />
      <TestMethod codeBase="D:\actions-runner\_work\XPCO\XPCO\Common\SC_CommonFiles\zSC_CommonFiles_UnitTest\bin\Debug\net472\zSC_CommonFiles_UnitTest.dll" adapterTypeName="executor://mstestadapter/v2" className="zSC_CommonFiles_UnitTest.VideoOS.UI.Common.WPF.Utils.ReadOnlyCollectionExtensionsTest" name="Changing_The_First_Item_Works" />
    </UnitTest>
    <UnitTest name="RangeMaxEdit_EnterLargeNumber_EditFieldAutosizedAndAlignedRight" storage="d:\actions-runner\_work\xpco\xpco\common\sc_commonfiles\zsc_commonfiles_unittest\bin\debug\net472\zsc_commonfiles_unittest.dll" id="3a686c1f-b102-e8a9-b329-09a0749c945a">
      <TestCategory>
        <TestCategoryItem TestCategory="RangeSelector" />
      </TestCategory>
      <Execution id="7c70ef5d-1cee-48d4-ba08-b6ee8aeb0022" />
      <TestMethod codeBase="D:\actions-runner\_work\XPCO\XPCO\Common\SC_CommonFiles\zSC_CommonFiles_UnitTest\bin\Debug\net472\zSC_CommonFiles_UnitTest.dll" adapterTypeName="executor://mstestadapter/v2" className="VideoOS.UI.Common.WPF.RangeSelector.RangeSelectorTest" name="RangeMaxEdit_EnterLargeNumber_EditFieldAutosizedAndAlignedRight" />
    </UnitTest>
    <UnitTest name="StopsFiringAfterRemove" storage="d:\actions-runner\_work\xpco\xpco\common\sc_commonfiles\zsc_commonfiles_unittest\bin\debug\net472\zsc_commonfiles_unittest.dll" id="3b4e9ba3-5a1a-3d04-7b0a-c75c5f0c3a72">
      <Execution id="3e901fbf-fda8-4ded-a558-c954e4c16236" />
      <TestMethod codeBase="D:\actions-runner\_work\XPCO\XPCO\Common\SC_CommonFiles\zSC_CommonFiles_UnitTest\bin\Debug\net472\zSC_CommonFiles_UnitTest.dll" adapterTypeName="executor://mstestadapter/v2" className="zSC_CommonFiles_UnitTest.VideoOS.UI.Common.WPF.Utils.WeakEventTests" name="StopsFiringAfterRemove" />
    </UnitTest>
    <UnitTest name="ArrangeOverride__6child_2MustShrink__2AreShrunk" storage="d:\actions-runner\_work\xpco\xpco\common\sc_commonfiles\zsc_commonfiles_unittest\bin\debug\net472\zsc_commonfiles_unittest.dll" id="2ad348ab-ada5-a25f-9253-b563f1c5898f">
      <TestCategory>
        <TestCategoryItem TestCategory="Controls" />
      </TestCategory>
      <Execution id="1395354e-49e2-487a-9404-8fda6562248b" />
      <TestMethod codeBase="D:\actions-runner\_work\XPCO\XPCO\Common\SC_CommonFiles\zSC_CommonFiles_UnitTest\bin\Debug\net472\zSC_CommonFiles_UnitTest.dll" adapterTypeName="executor://mstestadapter/v2" className="VideoOS.UI.Common.WPF.Controls.HorizontalPanelTests" name="ArrangeOverride__6child_2MustShrink__2AreShrunk" />
    </UnitTest>
    <UnitTest name="Convert_ShouldReturnGreaterThanString_WhenValueIsDoubleValueGreaterThanThreshold" storage="d:\actions-runner\_work\xpco\xpco\common\sc_commonfiles\zsc_commonfiles_unittest\bin\debug\net472\zsc_commonfiles_unittest.dll" id="2ee2e56d-59f2-3ef3-a9cd-f2fe65fa91af">
      <Execution id="36e91cbb-5645-41dd-b08c-b9c1f7b59d23" />
      <TestMethod codeBase="D:\actions-runner\_work\XPCO\XPCO\Common\SC_CommonFiles\zSC_CommonFiles_UnitTest\bin\Debug\net472\zSC_CommonFiles_UnitTest.dll" adapterTypeName="executor://mstestadapter/v2" className="zSC_CommonFiles_UnitTest.VideoOS.UI.Common.WPF.Utils.Converters.CountToStringConverterTests" name="Convert_ShouldReturnGreaterThanString_WhenValueIsDoubleValueGreaterThanThreshold" />
    </UnitTest>
    <UnitTest name="GetStringValueOrDefault_WrongKeyValue_DefaultValueReturned" storage="d:\actions-runner\_work\xpco\xpco\common\sc_commonfiles\zsc_commonfiles_unittest\bin\debug\net472\zsc_commonfiles_unittest.dll" id="6e65f41d-fe2d-ee70-9028-5945410fb292">
      <Execution id="e26e883a-bf16-4651-99aa-5223f2a0dfe0" />
      <TestMethod codeBase="D:\actions-runner\_work\XPCO\XPCO\Common\SC_CommonFiles\zSC_CommonFiles_UnitTest\bin\Debug\net472\zSC_CommonFiles_UnitTest.dll" adapterTypeName="executor://mstestadapter/v2" className="zSC_CommonFiles_UnitTest.VideoOS.Common.Configuration.NameValueCollectionExtensionsTest" name="GetStringValueOrDefault_WrongKeyValue_DefaultValueReturned" />
    </UnitTest>
    <UnitTest name="RoundToMinute_Down" storage="d:\actions-runner\_work\xpco\xpco\common\sc_commonfiles\zsc_commonfiles_unittest\bin\debug\net472\zsc_commonfiles_unittest.dll" id="5a716387-727c-9f4a-576d-c532745d27fc">
      <Execution id="1923a9cb-c3b6-45da-8cc7-e93c323de9fb" />
      <TestMethod codeBase="D:\actions-runner\_work\XPCO\XPCO\Common\SC_CommonFiles\zSC_CommonFiles_UnitTest\bin\Debug\net472\zSC_CommonFiles_UnitTest.dll" adapterTypeName="executor://mstestadapter/v2" className="zSC_CommonFiles_UnitTest.VideoOS.UI.Common.WPF.Utils.ExtensionMethods.DateTimeExtensionsTests" name="RoundToMinute_Down" />
    </UnitTest>
    <UnitTest name="Convert_SingleValueConverter_ValidValue_Success" storage="d:\actions-runner\_work\xpco\xpco\common\sc_commonfiles\zsc_commonfiles_unittest\bin\debug\net472\zsc_commonfiles_unittest.dll" id="d5c0e485-765d-c99d-60c1-f669baa2c385">
      <Execution id="ccd28529-3967-47cd-b133-ec3e60641463" />
      <TestMethod codeBase="D:\actions-runner\_work\XPCO\XPCO\Common\SC_CommonFiles\zSC_CommonFiles_UnitTest\bin\Debug\net472\zSC_CommonFiles_UnitTest.dll" adapterTypeName="executor://mstestadapter/v2" className="zSC_CommonFiles_UnitTest.VideoOS.UI.Common.WPF.Utils.Converters.MaxWidthConverterTests" name="Convert_SingleValueConverter_ValidValue_Success" />
    </UnitTest>
    <UnitTest name="OkNewTileThrowsIfNoEventSources" storage="d:\actions-runner\_work\xpco\xpco\common\sc_commonfiles\zsc_commonfiles_unittest\bin\debug\net472\zsc_commonfiles_unittest.dll" id="b986ab05-f3dd-e5e1-b031-20a48d4b9519">
      <Execution id="53a671f9-ccba-4acc-9f62-f9bdf78f3eab" />
      <TestMethod codeBase="D:\actions-runner\_work\XPCO\XPCO\Common\SC_CommonFiles\zSC_CommonFiles_UnitTest\bin\Debug\net472\zSC_CommonFiles_UnitTest.dll" adapterTypeName="executor://mstestadapter/v2" className="zSC_CommonFiles_UnitTest.DashboardTilesTests" name="OkNewTileThrowsIfNoEventSources" />
    </UnitTest>
    <UnitTest name="DetermineScaledWindowLocationAndSize_AtPosition_150Percent_Scaling" storage="d:\actions-runner\_work\xpco\xpco\common\sc_commonfiles\zsc_commonfiles_unittest\bin\debug\net472\zsc_commonfiles_unittest.dll" id="4542ac08-3156-be6f-f9b6-60fac905db13">
      <Execution id="60fdd914-bcc8-4764-87d0-3ca22e114629" />
      <TestMethod codeBase="D:\actions-runner\_work\XPCO\XPCO\Common\SC_CommonFiles\zSC_CommonFiles_UnitTest\bin\Debug\net472\zSC_CommonFiles_UnitTest.dll" adapterTypeName="executor://mstestadapter/v2" className="zSC_CommonFiles_UnitTest.VideoOS.UI.Common.WPF.Utils.ExtensionMethods.WindowExtensionsTests" name="DetermineScaledWindowLocationAndSize_AtPosition_150Percent_Scaling" />
    </UnitTest>
    <UnitTest name="SetTheSameCamAndDateTimeTwice" storage="d:\actions-runner\_work\xpco\xpco\common\sc_commonfiles\zsc_commonfiles_unittest\bin\debug\net472\zsc_commonfiles_unittest.dll" id="c3eb088b-e534-d6fa-e2f7-38f7fde309c3">
      <Execution id="287b7814-d30c-4b85-9555-eed016e15f33" />
      <TestMethod codeBase="D:\actions-runner\_work\XPCO\XPCO\Common\SC_CommonFiles\zSC_CommonFiles_UnitTest\bin\Debug\net472\zSC_CommonFiles_UnitTest.dll" adapterTypeName="executor://mstestadapter/v2" className="SC_Common_UnitTest_VideoOS_UI_Common_Data_SequenceRetriever_ThumbCache.ThumbCacheTest" name="SetTheSameCamAndDateTimeTwice" />
    </UnitTest>
    <UnitTest name="AllowUnsecureConnection_ShouldBeTrue_WhenNoServerEntryButUserExists" storage="d:\actions-runner\_work\xpco\xpco\common\sc_commonfiles\zsc_commonfiles_unittest\bin\debug\net472\zsc_commonfiles_unittest.dll" id="50b702b0-e703-363d-0b04-619370ec937b">
      <Execution id="795d5311-7da6-4a42-a537-52e9f6247ebe" />
      <TestMethod codeBase="D:\actions-runner\_work\XPCO\XPCO\Common\SC_CommonFiles\zSC_CommonFiles_UnitTest\bin\Debug\net472\zSC_CommonFiles_UnitTest.dll" adapterTypeName="executor://mstestadapter/v2" className="zSC_CommonFiles_UnitTest.VideoOS.Common.Login.UIConnectionInfoTests" name="AllowUnsecureConnection_ShouldBeTrue_WhenNoServerEntryButUserExists" />
    </UnitTest>
    <UnitTest name="DrawControl_NegatigeMinValue_VisualsOK" storage="d:\actions-runner\_work\xpco\xpco\common\sc_commonfiles\zsc_commonfiles_unittest\bin\debug\net472\zsc_commonfiles_unittest.dll" id="ae9f9017-443d-54ba-c5ef-294c75c79e4f">
      <TestCategory>
        <TestCategoryItem TestCategory="RangeSelector" />
      </TestCategory>
      <Execution id="135bf0b4-93ec-482c-a639-dbefbba67b5c" />
      <TestMethod codeBase="D:\actions-runner\_work\XPCO\XPCO\Common\SC_CommonFiles\zSC_CommonFiles_UnitTest\bin\Debug\net472\zSC_CommonFiles_UnitTest.dll" adapterTypeName="executor://mstestadapter/v2" className="VideoOS.UI.Common.WPF.RangeSelector.RangeSelectorTest" name="DrawControl_NegatigeMinValue_VisualsOK" />
    </UnitTest>
    <UnitTest name="StartCameraStates_CommunicationException_WithCustomLogger_DoubledSleepDuration" storage="d:\actions-runner\_work\xpco\xpco\common\sc_commonfiles\zsc_commonfiles_unittest\bin\debug\net472\zsc_commonfiles_unittest.dll" id="a6bf3e32-69e6-e77a-4075-d39c48232b1d">
      <Execution id="d7cd9aa2-379e-4fd7-8f2e-d28c51546fea" />
      <TestMethod codeBase="D:\actions-runner\_work\XPCO\XPCO\Common\SC_CommonFiles\zSC_CommonFiles_UnitTest\bin\Debug\net472\zSC_CommonFiles_UnitTest.dll" adapterTypeName="executor://mstestadapter/v2" className="zSC_CommonFiles_UnitTest.VideoOS.Common.State.StateHandlerTests" name="StartCameraStates_CommunicationException_WithCustomLogger_DoubledSleepDuration" />
    </UnitTest>
    <UnitTest name="RemoveFrameworkElementsOverlay_WithUnknownId_ShouldLeaveListsUnchanged" storage="d:\actions-runner\_work\xpco\xpco\common\sc_commonfiles\zsc_commonfiles_unittest\bin\debug\net472\zsc_commonfiles_unittest.dll" id="78d8640f-f64c-e788-cbb5-62b4d5593dba">
      <Execution id="77e0b2b1-6e5d-4f9b-aec8-7e2d56f90f4a" />
      <TestMethod codeBase="D:\actions-runner\_work\XPCO\XPCO\Common\SC_CommonFiles\zSC_CommonFiles_UnitTest\bin\Debug\net472\zSC_CommonFiles_UnitTest.dll" adapterTypeName="executor://mstestadapter/v2" className="zSC_CommonFiles_UnitTest.VideoOS.UI.Common.WPF.VideoPlayer.Model.FrameworkElementsOverlayModelTests" name="RemoveFrameworkElementsOverlay_WithUnknownId_ShouldLeaveListsUnchanged" />
    </UnitTest>
    <UnitTest name="OnPreviewKeyDown_RightCtrl_A_SelectAll_Success" storage="d:\actions-runner\_work\xpco\xpco\common\sc_commonfiles\zsc_commonfiles_unittest\bin\debug\net472\zsc_commonfiles_unittest.dll" id="a4f1aa92-0955-504e-be1f-a783fd5bf664">
      <TestCategory>
        <TestCategoryItem TestCategory="SC_CommonFiles.WPF.TileLayout" />
      </TestCategory>
      <Execution id="6968faba-63f3-468d-a104-90bc1ee37ba0" />
      <TestMethod codeBase="D:\actions-runner\_work\XPCO\XPCO\Common\SC_CommonFiles\zSC_CommonFiles_UnitTest\bin\Debug\net472\zSC_CommonFiles_UnitTest.dll" adapterTypeName="executor://mstestadapter/v2" className="zSC_CommonFiles_UnitTest.VideoOS.UI.Common.WPF.TileLayout.TileLayoutTest" name="OnPreviewKeyDown_RightCtrl_A_SelectAll_Success" />
    </UnitTest>
    <UnitTest name="EmptyConstructor_ShouldCreateDefaultSlide" storage="d:\actions-runner\_work\xpco\xpco\common\sc_commonfiles\zsc_commonfiles_unittest\bin\debug\net472\zsc_commonfiles_unittest.dll" id="c9c040fb-43ed-370d-2782-b2d5defe722d">
      <Execution id="4f96c39a-d024-474b-bacc-7aa6c03fe9d9" />
      <TestMethod codeBase="D:\actions-runner\_work\XPCO\XPCO\Common\SC_CommonFiles\zSC_CommonFiles_UnitTest\bin\Debug\net472\zSC_CommonFiles_UnitTest.dll" adapterTypeName="executor://mstestadapter/v2" className="zSC_CommonFiles_UnitTest.VideoOS.UI.Common.WPF.VideoText.VideoTextWindowViewModelTests" name="EmptyConstructor_ShouldCreateDefaultSlide" />
    </UnitTest>
    <UnitTest name="GetBoolValueOrDefault_EmptyKeyValue_DefaultValueReturned" storage="d:\actions-runner\_work\xpco\xpco\common\sc_commonfiles\zsc_commonfiles_unittest\bin\debug\net472\zsc_commonfiles_unittest.dll" id="9e8c12e8-27ef-31c9-ca23-5d60c890c874">
      <Execution id="b8420274-afcb-463a-a999-b522f3a63c29" />
      <TestMethod codeBase="D:\actions-runner\_work\XPCO\XPCO\Common\SC_CommonFiles\zSC_CommonFiles_UnitTest\bin\Debug\net472\zSC_CommonFiles_UnitTest.dll" adapterTypeName="executor://mstestadapter/v2" className="zSC_CommonFiles_UnitTest.VideoOS.Common.Configuration.NameValueCollectionExtensionsTest" name="GetBoolValueOrDefault_EmptyKeyValue_DefaultValueReturned" />
    </UnitTest>
    <UnitTest name="TooltipServiceWarning_EmptyServerType" storage="d:\actions-runner\_work\xpco\xpco\common\sc_commonfiles\zsc_commonfiles_unittest\bin\debug\net472\zsc_commonfiles_unittest.dll" id="af1fb9a2-8a78-6d8f-f175-66671f902a9b">
      <Execution id="bf414afb-dfb8-48c4-927e-fd4056ab5f8c" />
      <TestMethod codeBase="D:\actions-runner\_work\XPCO\XPCO\Common\SC_CommonFiles\zSC_CommonFiles_UnitTest\bin\Debug\net472\zSC_CommonFiles_UnitTest.dll" adapterTypeName="executor://mstestadapter/v2" className="zSC_CommonFiles_UnitTest.VideoOS.UI.Common.WPF.Dashboard.Types.ServerTest" name="TooltipServiceWarning_EmptyServerType" />
    </UnitTest>
    <UnitTest name="Create_RecycledItemAlreadyBeingReused_Success" storage="d:\actions-runner\_work\xpco\xpco\common\sc_commonfiles\zsc_commonfiles_unittest\bin\debug\net472\zsc_commonfiles_unittest.dll" id="661c40ac-bb0a-5c56-01a5-d53b34f19b38">
      <Execution id="d4e44be9-a96e-48ff-a323-129d488b2bbb" />
      <TestMethod codeBase="D:\actions-runner\_work\XPCO\XPCO\Common\SC_CommonFiles\zSC_CommonFiles_UnitTest\bin\Debug\net472\zSC_CommonFiles_UnitTest.dll" adapterTypeName="executor://mstestadapter/v2" className="VideoOS.UI.Common.WPF.Utils.RecyclingFactory.RecyclingFactoryTests" name="Create_RecycledItemAlreadyBeingReused_Success" />
    </UnitTest>
    <UnitTest name="Changing_The_Last_Item_Works" storage="d:\actions-runner\_work\xpco\xpco\common\sc_commonfiles\zsc_commonfiles_unittest\bin\debug\net472\zsc_commonfiles_unittest.dll" id="cbb93574-008f-0923-82a1-ea6b8693b1c4">
      <Execution id="c5221b9b-5e60-43e5-88f1-44635f338fda" />
      <TestMethod codeBase="D:\actions-runner\_work\XPCO\XPCO\Common\SC_CommonFiles\zSC_CommonFiles_UnitTest\bin\Debug\net472\zSC_CommonFiles_UnitTest.dll" adapterTypeName="executor://mstestadapter/v2" className="zSC_CommonFiles_UnitTest.VideoOS.UI.Common.WPF.Utils.ReadOnlyCollectionExtensionsTest" name="Changing_The_Last_Item_Works" />
    </UnitTest>
    <UnitTest name="Convert_MultiValueConverter_ValidValues_Success" storage="d:\actions-runner\_work\xpco\xpco\common\sc_commonfiles\zsc_commonfiles_unittest\bin\debug\net472\zsc_commonfiles_unittest.dll" id="959b9c9e-d734-ce8a-a43a-d0fda79ec4d9">
      <Execution id="4b0fccc7-2033-4f7e-808c-9d2538fcafbe" />
      <TestMethod codeBase="D:\actions-runner\_work\XPCO\XPCO\Common\SC_CommonFiles\zSC_CommonFiles_UnitTest\bin\Debug\net472\zSC_CommonFiles_UnitTest.dll" adapterTypeName="executor://mstestadapter/v2" className="zSC_CommonFiles_UnitTest.VideoOS.UI.Common.WPF.Utils.Converters.MaxWidthConverterTests" name="Convert_MultiValueConverter_ValidValues_Success" />
    </UnitTest>
    <UnitTest name="SequenceEqualIgnoreOrder_EqualCollections_IgnoreOrder_SymmetricalTrueResult" storage="d:\actions-runner\_work\xpco\xpco\common\sc_commonfiles\zsc_commonfiles_unittest\bin\debug\net472\zsc_commonfiles_unittest.dll" id="a295235b-bf9f-1e32-c688-419c5d57596e">
      <Execution id="a7c5f806-0a5b-40d9-b148-88408c7c7255" />
      <TestMethod codeBase="D:\actions-runner\_work\XPCO\XPCO\Common\SC_CommonFiles\zSC_CommonFiles_UnitTest\bin\Debug\net472\zSC_CommonFiles_UnitTest.dll" adapterTypeName="executor://mstestadapter/v2" className="zSC_CommonFiles_UnitTest.VideoOS.UI.Common.WPF.Utils.ExtensionMethods.IEnumerableExtensionTests" name="SequenceEqualIgnoreOrder_EqualCollections_IgnoreOrder_SymmetricalTrueResult" />
    </UnitTest>
    <UnitTest name="TimerOnElapsed_MaxIdleTimeReached_CleanupNotPerformed" storage="d:\actions-runner\_work\xpco\xpco\common\sc_commonfiles\zsc_commonfiles_unittest\bin\debug\net472\zsc_commonfiles_unittest.dll" id="eff56118-333e-58bc-c876-e39cbb7e3925">
      <Execution id="8a724318-6607-4dfa-b28b-3594205b6846" />
      <TestMethod codeBase="D:\actions-runner\_work\XPCO\XPCO\Common\SC_CommonFiles\zSC_CommonFiles_UnitTest\bin\Debug\net472\zSC_CommonFiles_UnitTest.dll" adapterTypeName="executor://mstestadapter/v2" className="VideoOS.UI.Common.WPF.Utils.RecyclingFactory.RecyclingFactoryTests" name="TimerOnElapsed_MaxIdleTimeReached_CleanupNotPerformed" />
    </UnitTest>
    <UnitTest name="GetColumnDefinitions_Success" storage="d:\actions-runner\_work\xpco\xpco\common\sc_commonfiles\zsc_commonfiles_unittest\bin\debug\net472\zsc_commonfiles_unittest.dll" id="e04fdc2f-e623-9c34-4386-5fa6abb1dcd4">
      <TestCategory>
        <TestCategoryItem TestCategory="SC_CommonFiles.WPF.TileLayout" />
      </TestCategory>
      <Execution id="90992ba0-3aa7-4f13-96bd-22ce83af9985" />
      <TestMethod codeBase="D:\actions-runner\_work\XPCO\XPCO\Common\SC_CommonFiles\zSC_CommonFiles_UnitTest\bin\Debug\net472\zSC_CommonFiles_UnitTest.dll" adapterTypeName="executor://mstestadapter/v2" className="zSC_CommonFiles_UnitTest.VideoOS.UI.Common.WPF.TileLayout.TileLayoutTest" name="GetColumnDefinitions_Success" />
    </UnitTest>
    <UnitTest name="RoundToSecond_Down" storage="d:\actions-runner\_work\xpco\xpco\common\sc_commonfiles\zsc_commonfiles_unittest\bin\debug\net472\zsc_commonfiles_unittest.dll" id="7f7d1819-d3c3-0c1a-31f2-188e1a6b0674">
      <Execution id="266718a7-4f5f-4695-88ad-03ef95486757" />
      <TestMethod codeBase="D:\actions-runner\_work\XPCO\XPCO\Common\SC_CommonFiles\zSC_CommonFiles_UnitTest\bin\Debug\net472\zSC_CommonFiles_UnitTest.dll" adapterTypeName="executor://mstestadapter/v2" className="zSC_CommonFiles_UnitTest.VideoOS.UI.Common.WPF.Utils.ExtensionMethods.DateTimeExtensionsTests" name="RoundToSecond_Down" />
    </UnitTest>
    <UnitTest name="Constructor_StateSessionHelperFactory_ArgumentNull_Thrown" storage="d:\actions-runner\_work\xpco\xpco\common\sc_commonfiles\zsc_commonfiles_unittest\bin\debug\net472\zsc_commonfiles_unittest.dll" id="107b14c3-6a21-48da-a917-3a863ef45b45">
      <Execution id="72cd7ee4-a574-4ac7-a5e6-5b7602b0b6e4" />
      <TestMethod codeBase="D:\actions-runner\_work\XPCO\XPCO\Common\SC_CommonFiles\zSC_CommonFiles_UnitTest\bin\Debug\net472\zSC_CommonFiles_UnitTest.dll" adapterTypeName="executor://mstestadapter/v2" className="zSC_CommonFiles_UnitTest.VideoOS.Common.State.StateManagerTests" name="Constructor_StateSessionHelperFactory_ArgumentNull_Thrown" />
    </UnitTest>
    <UnitTest name="SelectedItems_Cleanup_Success" storage="d:\actions-runner\_work\xpco\xpco\common\sc_commonfiles\zsc_commonfiles_unittest\bin\debug\net472\zsc_commonfiles_unittest.dll" id="99ffc01d-6d47-54d4-118d-67b642c0d057">
      <TestCategory>
        <TestCategoryItem TestCategory="SC_CommonFiles.WPF.TileLayout" />
      </TestCategory>
      <Execution id="0eb0b053-d4ab-416b-9077-defa1f12b1fb" />
      <TestMethod codeBase="D:\actions-runner\_work\XPCO\XPCO\Common\SC_CommonFiles\zSC_CommonFiles_UnitTest\bin\Debug\net472\zSC_CommonFiles_UnitTest.dll" adapterTypeName="executor://mstestadapter/v2" className="zSC_CommonFiles_UnitTest.VideoOS.UI.Common.WPF.TileLayout.TileLayoutTest" name="SelectedItems_Cleanup_Success" />
    </UnitTest>
    <UnitTest name="LoaderIsNotCalledWhenDataIsInCacheTest" storage="d:\actions-runner\_work\xpco\xpco\common\sc_commonfiles\zsc_commonfiles_unittest\bin\debug\net472\zsc_commonfiles_unittest.dll" id="9d6748d3-43a8-fd2d-d4c5-a0b3805774ee">
      <Execution id="62ea763e-b68f-4750-b9c1-ad8d252ef146" />
      <TestMethod codeBase="D:\actions-runner\_work\XPCO\XPCO\Common\SC_CommonFiles\zSC_CommonFiles_UnitTest\bin\Debug\net472\zSC_CommonFiles_UnitTest.dll" adapterTypeName="executor://mstestadapter/v2" className="SC_CommonFiles_UnitTest_VideoOS_UI_Common_Data_SequenceRetriever.ThumbFetcherTest" name="LoaderIsNotCalledWhenDataIsInCacheTest" />
    </UnitTest>
    <UnitTest name="RemoveToast_ExistingToast_Success" storage="d:\actions-runner\_work\xpco\xpco\common\sc_commonfiles\zsc_commonfiles_unittest\bin\debug\net472\zsc_commonfiles_unittest.dll" id="6ff49ce2-6c5f-2d12-78c5-d9fccb402e88">
      <TestCategory>
        <TestCategoryItem TestCategory="Toasts" />
      </TestCategory>
      <Execution id="eeac9d13-bd0d-4a13-b938-17053aafea61" />
      <TestMethod codeBase="D:\actions-runner\_work\XPCO\XPCO\Common\SC_CommonFiles\zSC_CommonFiles_UnitTest\bin\Debug\net472\zSC_CommonFiles_UnitTest.dll" adapterTypeName="executor://mstestadapter/v2" className="VideoOS.UI.Common.WPF.Toast.ToastManagerTests" name="RemoveToast_ExistingToast_Success" />
    </UnitTest>
    <UnitTest name="StartCameraStates_TimeoutException_WithCustomLogger_DoubledSleepDuration" storage="d:\actions-runner\_work\xpco\xpco\common\sc_commonfiles\zsc_commonfiles_unittest\bin\debug\net472\zsc_commonfiles_unittest.dll" id="2d494ba4-00f9-0c80-6ff4-27a9065e579d">
      <Execution id="9d32420d-e6d9-4a44-8153-db7dce89d78a" />
      <TestMethod codeBase="D:\actions-runner\_work\XPCO\XPCO\Common\SC_CommonFiles\zSC_CommonFiles_UnitTest\bin\Debug\net472\zSC_CommonFiles_UnitTest.dll" adapterTypeName="executor://mstestadapter/v2" className="zSC_CommonFiles_UnitTest.VideoOS.Common.State.StateHandlerTests" name="StartCameraStates_TimeoutException_WithCustomLogger_DoubledSleepDuration" />
    </UnitTest>
    <UnitTest name="TryGetIntValue_WrongKeyValue_ValueReturnedZero" storage="d:\actions-runner\_work\xpco\xpco\common\sc_commonfiles\zsc_commonfiles_unittest\bin\debug\net472\zsc_commonfiles_unittest.dll" id="c6c1a6ca-c551-f84f-b4f7-d3d4f0f2582f">
      <Execution id="0d15fee7-b401-460d-810f-be35ad0aea85" />
      <TestMethod codeBase="D:\actions-runner\_work\XPCO\XPCO\Common\SC_CommonFiles\zSC_CommonFiles_UnitTest\bin\Debug\net472\zSC_CommonFiles_UnitTest.dll" adapterTypeName="executor://mstestadapter/v2" className="zSC_CommonFiles_UnitTest.VideoOS.Common.Configuration.NameValueCollectionExtensionsTest" name="TryGetIntValue_WrongKeyValue_ValueReturnedZero" />
    </UnitTest>
    <UnitTest name="StartServerStates_TimeoutException_DoubledSleepDuration" storage="d:\actions-runner\_work\xpco\xpco\common\sc_commonfiles\zsc_commonfiles_unittest\bin\debug\net472\zsc_commonfiles_unittest.dll" id="5edfc052-b48b-6806-a4fa-422f55aeb664">
      <Execution id="f4d3cd75-67eb-4769-a08c-3bdaf43e071a" />
      <TestMethod codeBase="D:\actions-runner\_work\XPCO\XPCO\Common\SC_CommonFiles\zSC_CommonFiles_UnitTest\bin\Debug\net472\zSC_CommonFiles_UnitTest.dll" adapterTypeName="executor://mstestadapter/v2" className="zSC_CommonFiles_UnitTest.VideoOS.Common.State.StateHandlerTests" name="StartServerStates_TimeoutException_DoubledSleepDuration" />
    </UnitTest>
    <UnitTest name="OnPreviewKeyDown_Left_Success" storage="d:\actions-runner\_work\xpco\xpco\common\sc_commonfiles\zsc_commonfiles_unittest\bin\debug\net472\zsc_commonfiles_unittest.dll" id="30e292f5-f798-eac9-ba1e-713f3566415c">
      <TestCategory>
        <TestCategoryItem TestCategory="SC_CommonFiles.WPF.TileLayout" />
      </TestCategory>
      <Execution id="90d07cbd-6bdd-48aa-94a0-51774ffe4d7d" />
      <TestMethod codeBase="D:\actions-runner\_work\XPCO\XPCO\Common\SC_CommonFiles\zSC_CommonFiles_UnitTest\bin\Debug\net472\zSC_CommonFiles_UnitTest.dll" adapterTypeName="executor://mstestadapter/v2" className="zSC_CommonFiles_UnitTest.VideoOS.UI.Common.WPF.TileLayout.TileLayoutTest" name="OnPreviewKeyDown_Left_Success" />
    </UnitTest>
    <UnitTest name="OnPreviewKeyDown_PageUp_Success" storage="d:\actions-runner\_work\xpco\xpco\common\sc_commonfiles\zsc_commonfiles_unittest\bin\debug\net472\zsc_commonfiles_unittest.dll" id="2feabfd6-0ffa-cf5e-b63d-1731ea803e6d">
      <TestCategory>
        <TestCategoryItem TestCategory="SC_CommonFiles.WPF.TileLayout" />
      </TestCategory>
      <Execution id="46d344a7-9257-4c33-b2fc-12456542deed" />
      <TestMethod codeBase="D:\actions-runner\_work\XPCO\XPCO\Common\SC_CommonFiles\zSC_CommonFiles_UnitTest\bin\Debug\net472\zSC_CommonFiles_UnitTest.dll" adapterTypeName="executor://mstestadapter/v2" className="zSC_CommonFiles_UnitTest.VideoOS.UI.Common.WPF.TileLayout.TileLayoutTest" name="OnPreviewKeyDown_PageUp_Success" />
    </UnitTest>
    <UnitTest name="Constructor_WindowsUser_ArgumentNull_NotThrown" storage="d:\actions-runner\_work\xpco\xpco\common\sc_commonfiles\zsc_commonfiles_unittest\bin\debug\net472\zsc_commonfiles_unittest.dll" id="a11892e0-6ac9-8a46-c8de-3248052e70d9">
      <Execution id="4f08c8ea-3526-47a3-9551-4e2b795721fb" />
      <TestMethod codeBase="D:\actions-runner\_work\XPCO\XPCO\Common\SC_CommonFiles\zSC_CommonFiles_UnitTest\bin\Debug\net472\zSC_CommonFiles_UnitTest.dll" adapterTypeName="executor://mstestadapter/v2" className="zSC_CommonFiles_UnitTest.VideoOS.Common.State.StateHandlerTests" name="Constructor_WindowsUser_ArgumentNull_NotThrown" />
    </UnitTest>
    <UnitTest name="Full_Updating_With_Comparer_Works" storage="d:\actions-runner\_work\xpco\xpco\common\sc_commonfiles\zsc_commonfiles_unittest\bin\debug\net472\zsc_commonfiles_unittest.dll" id="b898ad5d-e738-1d64-d2c4-772f55ed34ea">
      <Execution id="f69c4944-b4d8-4333-b846-08819cf65610" />
      <TestMethod codeBase="D:\actions-runner\_work\XPCO\XPCO\Common\SC_CommonFiles\zSC_CommonFiles_UnitTest\bin\Debug\net472\zSC_CommonFiles_UnitTest.dll" adapterTypeName="executor://mstestadapter/v2" className="zSC_CommonFiles_UnitTest.VideoOS.UI.Common.WPF.Utils.ObservableCollectionExtensionTest" name="Full_Updating_With_Comparer_Works" />
    </UnitTest>
    <UnitTest name="MeasureCounters_UpdatesCpuUsage_WithPercentage" storage="d:\actions-runner\_work\xpco\xpco\common\sc_commonfiles\zsc_commonfiles_unittest\bin\debug\net472\zsc_commonfiles_unittest.dll" id="7137fa11-d3cd-d2e9-1892-35a2bcf917d7">
      <Execution id="97cbdf86-2d99-45dc-9270-50e8eed7e69d" />
      <TestMethod codeBase="D:\actions-runner\_work\XPCO\XPCO\Common\SC_CommonFiles\zSC_CommonFiles_UnitTest\bin\Debug\net472\zSC_CommonFiles_UnitTest.dll" adapterTypeName="executor://mstestadapter/v2" className="zSC_CommonFiles_UnitTest.VideoOS.UI.Common.WPF.ClientDataGathererTests" name="MeasureCounters_UpdatesCpuUsage_WithPercentage" />
    </UnitTest>
    <UnitTest name="MeasureOverride_1childEnoughSpace_NotShrunk" storage="d:\actions-runner\_work\xpco\xpco\common\sc_commonfiles\zsc_commonfiles_unittest\bin\debug\net472\zsc_commonfiles_unittest.dll" id="6e2b046c-b538-e705-bf5a-ce4b83d68120">
      <TestCategory>
        <TestCategoryItem TestCategory="Controls" />
      </TestCategory>
      <Execution id="a9db5413-39c1-4630-8ee8-7925f9803746" />
      <TestMethod codeBase="D:\actions-runner\_work\XPCO\XPCO\Common\SC_CommonFiles\zSC_CommonFiles_UnitTest\bin\Debug\net472\zSC_CommonFiles_UnitTest.dll" adapterTypeName="executor://mstestadapter/v2" className="VideoOS.UI.Common.WPF.Controls.HorizontalPanelTests" name="MeasureOverride_1childEnoughSpace_NotShrunk" />
    </UnitTest>
    <UnitTest name="DrawControl_ReapplyTemplate_Success" storage="d:\actions-runner\_work\xpco\xpco\common\sc_commonfiles\zsc_commonfiles_unittest\bin\debug\net472\zsc_commonfiles_unittest.dll" id="4ddfc6a2-cba3-9569-714c-b24431bc49c1">
      <TestCategory>
        <TestCategoryItem TestCategory="RangeSelector" />
      </TestCategory>
      <Execution id="acb83609-6b4c-4357-a32c-d4c08274b477" />
      <TestMethod codeBase="D:\actions-runner\_work\XPCO\XPCO\Common\SC_CommonFiles\zSC_CommonFiles_UnitTest\bin\Debug\net472\zSC_CommonFiles_UnitTest.dll" adapterTypeName="executor://mstestadapter/v2" className="VideoOS.UI.Common.WPF.RangeSelector.RangeSelectorTest" name="DrawControl_ReapplyTemplate_Success" />
    </UnitTest>
    <UnitTest name="AuthenticationWindows_SetProperties_Success" storage="d:\actions-runner\_work\xpco\xpco\common\sc_commonfiles\zsc_commonfiles_unittest\bin\debug\net472\zsc_commonfiles_unittest.dll" id="ba4c1a66-a8cb-a425-dd33-a7ca657b44ae">
      <TestCategory>
        <TestCategoryItem TestCategory="AuthenticationInfoTests" />
      </TestCategory>
      <Execution id="e32fcef8-5c64-42c3-aa39-38bc5ec6dd9f" />
      <TestMethod codeBase="D:\actions-runner\_work\XPCO\XPCO\Common\SC_CommonFiles\zSC_CommonFiles_UnitTest\bin\Debug\net472\zSC_CommonFiles_UnitTest.dll" adapterTypeName="executor://mstestadapter/v2" className="zSC_CommonFiles_UnitTest.VideoOS.Common.Login.AuthenticationInfoTests" name="AuthenticationWindows_SetProperties_Success" />
    </UnitTest>
    <UnitTest name="OnPreviewKeyDown_Enter_Success" storage="d:\actions-runner\_work\xpco\xpco\common\sc_commonfiles\zsc_commonfiles_unittest\bin\debug\net472\zsc_commonfiles_unittest.dll" id="1f62d143-3147-647f-0581-911ba09941ed">
      <TestCategory>
        <TestCategoryItem TestCategory="SC_CommonFiles.WPF.TileLayout" />
      </TestCategory>
      <Execution id="19fad134-26fb-4706-a22f-da3a54033521" />
      <TestMethod codeBase="D:\actions-runner\_work\XPCO\XPCO\Common\SC_CommonFiles\zSC_CommonFiles_UnitTest\bin\Debug\net472\zSC_CommonFiles_UnitTest.dll" adapterTypeName="executor://mstestadapter/v2" className="zSC_CommonFiles_UnitTest.VideoOS.UI.Common.WPF.TileLayout.TileLayoutTest" name="OnPreviewKeyDown_Enter_Success" />
    </UnitTest>
    <UnitTest name="GetImageSource_thisIconIsNull_ReturnsFallback" storage="d:\actions-runner\_work\xpco\xpco\common\sc_commonfiles\zsc_commonfiles_unittest\bin\debug\net472\zsc_commonfiles_unittest.dll" id="38f8f45d-602d-9fe2-6af1-7d834fd278db">
      <TestCategory>
        <TestCategoryItem TestCategory="SC_CommonFiles.WPF" />
      </TestCategory>
      <Execution id="c9bbe601-7f37-46be-80f3-d3407ffe4bcf" />
      <TestMethod codeBase="D:\actions-runner\_work\XPCO\XPCO\Common\SC_CommonFiles\zSC_CommonFiles_UnitTest\bin\Debug\net472\zSC_CommonFiles_UnitTest.dll" adapterTypeName="executor://mstestadapter/v2" className="zSC_CommonFiles_UnitTest.VideoOS.UI.Common.WPF.Utils.ExtensionMethods.IconExtensionsTests" name="GetImageSource_thisIconIsNull_ReturnsFallback" />
    </UnitTest>
    <UnitTest name="FindOptimalTilingReturnsIfNoCameraTilesAndNoServerTiles" storage="d:\actions-runner\_work\xpco\xpco\common\sc_commonfiles\zsc_commonfiles_unittest\bin\debug\net472\zsc_commonfiles_unittest.dll" id="ed71c039-25d2-86e6-ce2e-7f7815b19541">
      <Execution id="ea3b8c3d-fee8-4419-a840-a18922bcfd64" />
      <TestMethod codeBase="D:\actions-runner\_work\XPCO\XPCO\Common\SC_CommonFiles\zSC_CommonFiles_UnitTest\bin\Debug\net472\zSC_CommonFiles_UnitTest.dll" adapterTypeName="executor://mstestadapter/v2" className="zSC_CommonFiles_UnitTest.DashboardTilesTests" name="FindOptimalTilingReturnsIfNoCameraTilesAndNoServerTiles" />
    </UnitTest>
    <UnitTest name="FormsControlScaleValue_100Percent_Scaling" storage="d:\actions-runner\_work\xpco\xpco\common\sc_commonfiles\zsc_commonfiles_unittest\bin\debug\net472\zsc_commonfiles_unittest.dll" id="ab1319d7-a2c3-e991-b6a2-1cf10c8be090">
      <Execution id="54533dfe-142e-4258-acbe-7435452d28a7" />
      <TestMethod codeBase="D:\actions-runner\_work\XPCO\XPCO\Common\SC_CommonFiles\zSC_CommonFiles_UnitTest\bin\Debug\net472\zSC_CommonFiles_UnitTest.dll" adapterTypeName="executor://mstestadapter/v2" className="zSC_CommonFiles_UnitTest.VideoOS.UI.Common.WPF.Utils.ExtensionMethods.WindowExtensionsTests" name="FormsControlScaleValue_100Percent_Scaling" />
    </UnitTest>
    <UnitTest name="AuthenticationWindowsDefault_SetEnabled_Throws_InvalidOperationException" storage="d:\actions-runner\_work\xpco\xpco\common\sc_commonfiles\zsc_commonfiles_unittest\bin\debug\net472\zsc_commonfiles_unittest.dll" id="583152d9-d199-0061-6cfe-e7b3f5f54327">
      <TestCategory>
        <TestCategoryItem TestCategory="AuthenticationInfoTests" />
      </TestCategory>
      <Execution id="9b0de8ac-f445-4b93-991f-c48a718e94f9" />
      <TestMethod codeBase="D:\actions-runner\_work\XPCO\XPCO\Common\SC_CommonFiles\zSC_CommonFiles_UnitTest\bin\Debug\net472\zSC_CommonFiles_UnitTest.dll" adapterTypeName="executor://mstestadapter/v2" className="zSC_CommonFiles_UnitTest.VideoOS.Common.Login.AuthenticationInfoTests" name="AuthenticationWindowsDefault_SetEnabled_Throws_InvalidOperationException" />
    </UnitTest>
    <UnitTest name="SetUnsecureConnectionAllowedForUser_ShouldUpdateUser_WhenUserExistsWithDiffetentValue" storage="d:\actions-runner\_work\xpco\xpco\common\sc_commonfiles\zsc_commonfiles_unittest\bin\debug\net472\zsc_commonfiles_unittest.dll" id="ea980a94-f888-1c61-339c-f499bb9324bc">
      <Execution id="752fc0c8-59e9-4a0b-a364-9d99e94efe11" />
      <TestMethod codeBase="D:\actions-runner\_work\XPCO\XPCO\Common\SC_CommonFiles\zSC_CommonFiles_UnitTest\bin\Debug\net472\zSC_CommonFiles_UnitTest.dll" adapterTypeName="executor://mstestadapter/v2" className="zSC_CommonFiles_UnitTest.VideoOS.Common.Login.UIConnectionInfoTests" name="SetUnsecureConnectionAllowedForUser_ShouldUpdateUser_WhenUserExistsWithDiffetentValue" />
    </UnitTest>
    <UnitTest name="RoundToMillisecond_Nearest" storage="d:\actions-runner\_work\xpco\xpco\common\sc_commonfiles\zsc_commonfiles_unittest\bin\debug\net472\zsc_commonfiles_unittest.dll" id="982659d8-a45b-dd6c-ac91-40bffddd94cf">
      <Execution id="cc72be89-a84a-4394-afc3-37195fb3d466" />
      <TestMethod codeBase="D:\actions-runner\_work\XPCO\XPCO\Common\SC_CommonFiles\zSC_CommonFiles_UnitTest\bin\Debug\net472\zSC_CommonFiles_UnitTest.dll" adapterTypeName="executor://mstestadapter/v2" className="zSC_CommonFiles_UnitTest.VideoOS.UI.Common.WPF.Utils.ExtensionMethods.TimeSpanExtensionsTests" name="RoundToMillisecond_Nearest" />
    </UnitTest>
    <UnitTest name="DoComboSelectionSetTextToEntityDisplayNameWhenSingleInstance" storage="d:\actions-runner\_work\xpco\xpco\common\sc_commonfiles\zsc_commonfiles_unittest\bin\debug\net472\zsc_commonfiles_unittest.dll" id="298c066a-2f38-5d22-8d3d-0de208425162">
      <Execution id="0f88c27a-160d-44fd-abfe-c0826bf8270e" />
      <TestMethod codeBase="D:\actions-runner\_work\XPCO\XPCO\Common\SC_CommonFiles\zSC_CommonFiles_UnitTest\bin\Debug\net472\zSC_CommonFiles_UnitTest.dll" adapterTypeName="executor://mstestadapter/v2" className="zSC_CommonFiles_UnitTest.DashboardTilesTests" name="DoComboSelectionSetTextToEntityDisplayNameWhenSingleInstance" />
    </UnitTest>
    <UnitTest name="FindOptimalTilingReturnsIfPassedZeroSize" storage="d:\actions-runner\_work\xpco\xpco\common\sc_commonfiles\zsc_commonfiles_unittest\bin\debug\net472\zsc_commonfiles_unittest.dll" id="3edfc2a7-1754-35d9-a869-000eb02198df">
      <Execution id="3b726e17-1bec-4b60-a668-9a6fa28e3628" />
      <TestMethod codeBase="D:\actions-runner\_work\XPCO\XPCO\Common\SC_CommonFiles\zSC_CommonFiles_UnitTest\bin\Debug\net472\zSC_CommonFiles_UnitTest.dll" adapterTypeName="executor://mstestadapter/v2" className="zSC_CommonFiles_UnitTest.DashboardTilesTests" name="FindOptimalTilingReturnsIfPassedZeroSize" />
    </UnitTest>
    <UnitTest name="Convert_ShouldReturnEqualOrLessString_WhenValueIsLessThanThreshold" storage="d:\actions-runner\_work\xpco\xpco\common\sc_commonfiles\zsc_commonfiles_unittest\bin\debug\net472\zsc_commonfiles_unittest.dll" id="30702b8e-5ec7-eb10-4c6a-7105f5c77df3">
      <Execution id="14e8b2aa-45e0-4b79-bf4f-b2722d8eb9a6" />
      <TestMethod codeBase="D:\actions-runner\_work\XPCO\XPCO\Common\SC_CommonFiles\zSC_CommonFiles_UnitTest\bin\Debug\net472\zSC_CommonFiles_UnitTest.dll" adapterTypeName="executor://mstestadapter/v2" className="zSC_CommonFiles_UnitTest.VideoOS.UI.Common.WPF.Utils.Converters.CountToStringConverterTests" name="Convert_ShouldReturnEqualOrLessString_WhenValueIsLessThanThreshold" />
    </UnitTest>
    <UnitTest name="AddToast_ExistingToast_Success" storage="d:\actions-runner\_work\xpco\xpco\common\sc_commonfiles\zsc_commonfiles_unittest\bin\debug\net472\zsc_commonfiles_unittest.dll" id="800a9cc5-fc26-2bf4-fde7-906d76a2a91c">
      <TestCategory>
        <TestCategoryItem TestCategory="Toasts" />
      </TestCategory>
      <Execution id="3848751b-9869-468b-adfc-e7fcf810f324" />
      <TestMethod codeBase="D:\actions-runner\_work\XPCO\XPCO\Common\SC_CommonFiles\zSC_CommonFiles_UnitTest\bin\Debug\net472\zSC_CommonFiles_UnitTest.dll" adapterTypeName="executor://mstestadapter/v2" className="VideoOS.UI.Common.WPF.Toast.ToastManagerTests" name="AddToast_ExistingToast_Success" />
    </UnitTest>
    <UnitTest name="SubstractIntervalListTest" storage="d:\actions-runner\_work\xpco\xpco\common\sc_commonfiles\zsc_commonfiles_unittest\bin\debug\net472\zsc_commonfiles_unittest.dll" id="db58122d-1cb6-c9dc-b0c5-af4f8da57592">
      <Execution id="28c5d730-1abb-4d8d-9bca-b580857b3a8f" />
      <TestMethod codeBase="D:\actions-runner\_work\XPCO\XPCO\Common\SC_CommonFiles\zSC_CommonFiles_UnitTest\bin\Debug\net472\zSC_CommonFiles_UnitTest.dll" adapterTypeName="executor://mstestadapter/v2" className="SmartClient_UnitTest_VideoOS_UI_Common_WPF_Timeline.TimeIntervalTest" name="SubstractIntervalListTest" />
    </UnitTest>
    <UnitTest name="Convert_WithAutomationId_ReturnsValue" storage="d:\actions-runner\_work\xpco\xpco\common\sc_commonfiles\zsc_commonfiles_unittest\bin\debug\net472\zsc_commonfiles_unittest.dll" id="a40e30ee-4537-9698-9f88-45700d1ef781">
      <TestCategory>
        <TestCategoryItem TestCategory="Converters" />
      </TestCategory>
      <Execution id="44b6d062-a848-48c9-a731-d86cdc6ce0bd" />
      <TestMethod codeBase="D:\actions-runner\_work\XPCO\XPCO\Common\SC_CommonFiles\zSC_CommonFiles_UnitTest\bin\Debug\net472\zSC_CommonFiles_UnitTest.dll" adapterTypeName="executor://mstestadapter/v2" className="VideoOS.UI.Common.WPF.Utils.Converters.AutomationIdConverterTests" name="Convert_WithAutomationId_ReturnsValue" />
    </UnitTest>
    <UnitTest name="DrawControl_AllRangeSelected_VisualsOK" storage="d:\actions-runner\_work\xpco\xpco\common\sc_commonfiles\zsc_commonfiles_unittest\bin\debug\net472\zsc_commonfiles_unittest.dll" id="f3327606-b2a8-9974-e840-2b31246f10e1">
      <TestCategory>
        <TestCategoryItem TestCategory="RangeSelector" />
      </TestCategory>
      <Execution id="3e5acce7-fcdf-406f-a9ec-1b370154ca38" />
      <TestMethod codeBase="D:\actions-runner\_work\XPCO\XPCO\Common\SC_CommonFiles\zSC_CommonFiles_UnitTest\bin\Debug\net472\zSC_CommonFiles_UnitTest.dll" adapterTypeName="executor://mstestadapter/v2" className="VideoOS.UI.Common.WPF.RangeSelector.RangeSelectorTest" name="DrawControl_AllRangeSelected_VisualsOK" />
    </UnitTest>
    <UnitTest name="OnPreviewKeyDown_Space_Success" storage="d:\actions-runner\_work\xpco\xpco\common\sc_commonfiles\zsc_commonfiles_unittest\bin\debug\net472\zsc_commonfiles_unittest.dll" id="f1184a8e-b69a-6295-ac82-24b2bd10984c">
      <TestCategory>
        <TestCategoryItem TestCategory="SC_CommonFiles.WPF.TileLayout" />
      </TestCategory>
      <Execution id="75f47a26-3ec4-4603-8b93-b86f7d0de422" />
      <TestMethod codeBase="D:\actions-runner\_work\XPCO\XPCO\Common\SC_CommonFiles\zSC_CommonFiles_UnitTest\bin\Debug\net472\zSC_CommonFiles_UnitTest.dll" adapterTypeName="executor://mstestadapter/v2" className="zSC_CommonFiles_UnitTest.VideoOS.UI.Common.WPF.TileLayout.TileLayoutTest" name="OnPreviewKeyDown_Space_Success" />
    </UnitTest>
    <UnitTest name="ChangeMinValue_GreaterThanMaxValue_RangeAndMaxValueUpdated" storage="d:\actions-runner\_work\xpco\xpco\common\sc_commonfiles\zsc_commonfiles_unittest\bin\debug\net472\zsc_commonfiles_unittest.dll" id="ef941c35-94f0-1c6b-ae1b-3d9480badfe1">
      <TestCategory>
        <TestCategoryItem TestCategory="RangeSelector" />
      </TestCategory>
      <Execution id="b42255a2-e804-41b1-b4fe-2baa9509e01c" />
      <TestMethod codeBase="D:\actions-runner\_work\XPCO\XPCO\Common\SC_CommonFiles\zSC_CommonFiles_UnitTest\bin\Debug\net472\zSC_CommonFiles_UnitTest.dll" adapterTypeName="executor://mstestadapter/v2" className="VideoOS.UI.Common.WPF.RangeSelector.RangeSelectorTest" name="ChangeMinValue_GreaterThanMaxValue_RangeAndMaxValueUpdated" />
    </UnitTest>
    <UnitTest name="GetStates_SessionStarted_NoStates" storage="d:\actions-runner\_work\xpco\xpco\common\sc_commonfiles\zsc_commonfiles_unittest\bin\debug\net472\zsc_commonfiles_unittest.dll" id="0ee94363-92bd-eb3e-d7fb-92ad8f9a8087">
      <Execution id="1ec1f929-575c-4f77-8023-7665211f693e" />
      <TestMethod codeBase="D:\actions-runner\_work\XPCO\XPCO\Common\SC_CommonFiles\zSC_CommonFiles_UnitTest\bin\Debug\net472\zSC_CommonFiles_UnitTest.dll" adapterTypeName="executor://mstestadapter/v2" className="zSC_CommonFiles_UnitTest.VideoOS.Common.State.ServerStateManagerTests" name="GetStates_SessionStarted_NoStates" />
    </UnitTest>
    <UnitTest name="Remove_SingleItem_SuccessWithSingleNotification" storage="d:\actions-runner\_work\xpco\xpco\common\sc_commonfiles\zsc_commonfiles_unittest\bin\debug\net472\zsc_commonfiles_unittest.dll" id="d01aff65-cc66-59d9-483c-ef58ff5b02b0">
      <TestCategory>
        <TestCategoryItem TestCategory="SC_CommonFiles.WPF" />
      </TestCategory>
      <Execution id="df925815-651b-4ce8-af28-a590a5c83eee" />
      <TestMethod codeBase="D:\actions-runner\_work\XPCO\XPCO\Common\SC_CommonFiles\zSC_CommonFiles_UnitTest\bin\Debug\net472\zSC_CommonFiles_UnitTest.dll" adapterTypeName="executor://mstestadapter/v2" className="zSC_CommonFiles_UnitTest.VideoOS.UI.Common.WPF.ObservableCollections.BulkObservableCollectionTests" name="Remove_SingleItem_SuccessWithSingleNotification" />
    </UnitTest>
    <UnitTest name="ThumbsCanBeAddedAndFetchedTest" storage="d:\actions-runner\_work\xpco\xpco\common\sc_commonfiles\zsc_commonfiles_unittest\bin\debug\net472\zsc_commonfiles_unittest.dll" id="c92c23d1-5ca1-d95a-512b-ef3370dd6502">
      <Execution id="3f521522-9fd3-4f3a-b1bb-de03fa4f5869" />
      <TestMethod codeBase="D:\actions-runner\_work\XPCO\XPCO\Common\SC_CommonFiles\zSC_CommonFiles_UnitTest\bin\Debug\net472\zSC_CommonFiles_UnitTest.dll" adapterTypeName="executor://mstestadapter/v2" className="SC_Common_UnitTest_VideoOS_UI_Common_Data_SequenceRetriever_ThumbCache.ThumbCacheTest" name="ThumbsCanBeAddedAndFetchedTest" />
    </UnitTest>
    <UnitTest name="GetIntValueOrDefault_KeyNotFound_DefaultValueReturned" storage="d:\actions-runner\_work\xpco\xpco\common\sc_commonfiles\zsc_commonfiles_unittest\bin\debug\net472\zsc_commonfiles_unittest.dll" id="319f8796-7403-b14a-34e0-f1797faae63e">
      <Execution id="86a9710e-038e-4bae-bcd6-7cdac9432ab7" />
      <TestMethod codeBase="D:\actions-runner\_work\XPCO\XPCO\Common\SC_CommonFiles\zSC_CommonFiles_UnitTest\bin\Debug\net472\zSC_CommonFiles_UnitTest.dll" adapterTypeName="executor://mstestadapter/v2" className="zSC_CommonFiles_UnitTest.VideoOS.Common.Configuration.NameValueCollectionExtensionsTest" name="GetIntValueOrDefault_KeyNotFound_DefaultValueReturned" />
    </UnitTest>
    <UnitTest name="OnPreviewKeyDown_Up_Success" storage="d:\actions-runner\_work\xpco\xpco\common\sc_commonfiles\zsc_commonfiles_unittest\bin\debug\net472\zsc_commonfiles_unittest.dll" id="9af8ac57-47e8-e560-cb3c-d72fb3be6de6">
      <TestCategory>
        <TestCategoryItem TestCategory="SC_CommonFiles.WPF.TileLayout" />
      </TestCategory>
      <Execution id="f0a8f170-8001-4441-b234-e96c4a320e65" />
      <TestMethod codeBase="D:\actions-runner\_work\XPCO\XPCO\Common\SC_CommonFiles\zSC_CommonFiles_UnitTest\bin\Debug\net472\zSC_CommonFiles_UnitTest.dll" adapterTypeName="executor://mstestadapter/v2" className="zSC_CommonFiles_UnitTest.VideoOS.UI.Common.WPF.TileLayout.TileLayoutTest" name="OnPreviewKeyDown_Up_Success" />
    </UnitTest>
    <UnitTest name="UpdateFrameworkElementsOverlay_WithBothArgumentsNull_ShouldReturnTrueAndLeaveListsUnchanged" storage="d:\actions-runner\_work\xpco\xpco\common\sc_commonfiles\zsc_commonfiles_unittest\bin\debug\net472\zsc_commonfiles_unittest.dll" id="3e8485c9-a7cd-7c8f-f394-cfd45a272654">
      <Execution id="c3443887-1b63-457f-afd5-adbc44ee2265" />
      <TestMethod codeBase="D:\actions-runner\_work\XPCO\XPCO\Common\SC_CommonFiles\zSC_CommonFiles_UnitTest\bin\Debug\net472\zSC_CommonFiles_UnitTest.dll" adapterTypeName="executor://mstestadapter/v2" className="zSC_CommonFiles_UnitTest.VideoOS.UI.Common.WPF.VideoPlayer.Model.FrameworkElementsOverlayModelTests" name="UpdateFrameworkElementsOverlay_WithBothArgumentsNull_ShouldReturnTrueAndLeaveListsUnchanged" />
    </UnitTest>
    <UnitTest name="Add_SingleItem_SuccessWithSingleNotification" storage="d:\actions-runner\_work\xpco\xpco\common\sc_commonfiles\zsc_commonfiles_unittest\bin\debug\net472\zsc_commonfiles_unittest.dll" id="85fbbcd0-881b-ae29-40f1-5696b7e80975">
      <TestCategory>
        <TestCategoryItem TestCategory="SC_CommonFiles.WPF" />
      </TestCategory>
      <Execution id="7024321a-ef33-45f7-a851-e48d5ab8114d" />
      <TestMethod codeBase="D:\actions-runner\_work\XPCO\XPCO\Common\SC_CommonFiles\zSC_CommonFiles_UnitTest\bin\Debug\net472\zSC_CommonFiles_UnitTest.dll" adapterTypeName="executor://mstestadapter/v2" className="zSC_CommonFiles_UnitTest.VideoOS.UI.Common.WPF.ObservableCollections.BulkObservableCollectionTests" name="Add_SingleItem_SuccessWithSingleNotification" />
    </UnitTest>
    <UnitTest name="DetermineScaledWindowLocationAndSize_CenterScreen_100Percent_Scaling" storage="d:\actions-runner\_work\xpco\xpco\common\sc_commonfiles\zsc_commonfiles_unittest\bin\debug\net472\zsc_commonfiles_unittest.dll" id="9b6bcf4a-f6d4-8ccc-f16d-a434ebb9feb9">
      <Execution id="deeb4e98-417d-4da0-831a-aa5524264756" />
      <TestMethod codeBase="D:\actions-runner\_work\XPCO\XPCO\Common\SC_CommonFiles\zSC_CommonFiles_UnitTest\bin\Debug\net472\zSC_CommonFiles_UnitTest.dll" adapterTypeName="executor://mstestadapter/v2" className="zSC_CommonFiles_UnitTest.VideoOS.UI.Common.WPF.Utils.ExtensionMethods.WindowExtensionsTests" name="DetermineScaledWindowLocationAndSize_CenterScreen_100Percent_Scaling" />
    </UnitTest>
    <UnitTest name="ItemHolder_MouseClick_Success" storage="d:\actions-runner\_work\xpco\xpco\common\sc_commonfiles\zsc_commonfiles_unittest\bin\debug\net472\zsc_commonfiles_unittest.dll" id="f8481245-447a-5b32-a26f-ec1feabc1ee3">
      <TestCategory>
        <TestCategoryItem TestCategory="SC_CommonFiles.WPF.TileLayout" />
      </TestCategory>
      <Execution id="caa65959-1c5e-4a7a-8de4-acae27c29690" />
      <TestMethod codeBase="D:\actions-runner\_work\XPCO\XPCO\Common\SC_CommonFiles\zSC_CommonFiles_UnitTest\bin\Debug\net472\zSC_CommonFiles_UnitTest.dll" adapterTypeName="executor://mstestadapter/v2" className="zSC_CommonFiles_UnitTest.VideoOS.UI.Common.WPF.TileLayout.TileLayoutTest" name="ItemHolder_MouseClick_Success" />
    </UnitTest>
    <UnitTest name="GetDoubleValueOrDefault_KeyFound_ValueReturned" storage="d:\actions-runner\_work\xpco\xpco\common\sc_commonfiles\zsc_commonfiles_unittest\bin\debug\net472\zsc_commonfiles_unittest.dll" id="517e03e4-4abb-9810-ab6e-fc1b74f3e022">
      <Execution id="2638f847-06af-41c6-946a-6a1d82c6a186" />
      <TestMethod codeBase="D:\actions-runner\_work\XPCO\XPCO\Common\SC_CommonFiles\zSC_CommonFiles_UnitTest\bin\Debug\net472\zSC_CommonFiles_UnitTest.dll" adapterTypeName="executor://mstestadapter/v2" className="zSC_CommonFiles_UnitTest.VideoOS.Common.Configuration.NameValueCollectionExtensionsTest" name="GetDoubleValueOrDefault_KeyFound_ValueReturned" />
    </UnitTest>
    <UnitTest name="SequenceEqualIgnoreOrder_DifferentlySizedCollections_IgnoreOrder_SymmetricalFalseResult" storage="d:\actions-runner\_work\xpco\xpco\common\sc_commonfiles\zsc_commonfiles_unittest\bin\debug\net472\zsc_commonfiles_unittest.dll" id="dab9c0b3-4ffb-2848-2c64-5c66c2da8b39">
      <Execution id="f5d24ed8-6849-400f-9d1d-ab8bde27c9db" />
      <TestMethod codeBase="D:\actions-runner\_work\XPCO\XPCO\Common\SC_CommonFiles\zSC_CommonFiles_UnitTest\bin\Debug\net472\zSC_CommonFiles_UnitTest.dll" adapterTypeName="executor://mstestadapter/v2" className="zSC_CommonFiles_UnitTest.VideoOS.UI.Common.WPF.Utils.ExtensionMethods.IEnumerableExtensionTests" name="SequenceEqualIgnoreOrder_DifferentlySizedCollections_IgnoreOrder_SymmetricalFalseResult" />
    </UnitTest>
    <UnitTest name="ArrangeOverride__3child_AllMustShrink__AllAreShrunk" storage="d:\actions-runner\_work\xpco\xpco\common\sc_commonfiles\zsc_commonfiles_unittest\bin\debug\net472\zsc_commonfiles_unittest.dll" id="a8dd4421-721b-7464-1ec7-7a0950dbe7f2">
      <TestCategory>
        <TestCategoryItem TestCategory="Controls" />
      </TestCategory>
      <Execution id="da129feb-c7e0-442e-ad50-22f798b36d0c" />
      <TestMethod codeBase="D:\actions-runner\_work\XPCO\XPCO\Common\SC_CommonFiles\zSC_CommonFiles_UnitTest\bin\Debug\net472\zSC_CommonFiles_UnitTest.dll" adapterTypeName="executor://mstestadapter/v2" className="VideoOS.UI.Common.WPF.Controls.HorizontalPanelTests" name="ArrangeOverride__3child_AllMustShrink__AllAreShrunk" />
    </UnitTest>
    <UnitTest name="ProvideValue_ReturnsThis" storage="d:\actions-runner\_work\xpco\xpco\common\sc_commonfiles\zsc_commonfiles_unittest\bin\debug\net472\zsc_commonfiles_unittest.dll" id="74add8a2-d9f3-2054-f072-e9237767895b">
      <Execution id="9846a84f-97ab-46a4-9c8d-e30acff3e323" />
      <TestMethod codeBase="D:\actions-runner\_work\XPCO\XPCO\Common\SC_CommonFiles\zSC_CommonFiles_UnitTest\bin\Debug\net472\zSC_CommonFiles_UnitTest.dll" adapterTypeName="executor://mstestadapter/v2" className="zSC_CommonFiles_UnitTest.VideoOS.UI.Common.WPF.Utils.Converters.MaxWidthConverterTests" name="ProvideValue_ReturnsThis" />
    </UnitTest>
    <UnitTest name="Constructor_BasicUser_Password_ArgumentNull_Thrown" storage="d:\actions-runner\_work\xpco\xpco\common\sc_commonfiles\zsc_commonfiles_unittest\bin\debug\net472\zsc_commonfiles_unittest.dll" id="e38f82e3-3025-9045-c164-157109ebeae1">
      <Execution id="260e8b6d-4d55-41ac-871f-e1d939ddd8ad" />
      <TestMethod codeBase="D:\actions-runner\_work\XPCO\XPCO\Common\SC_CommonFiles\zSC_CommonFiles_UnitTest\bin\Debug\net472\zSC_CommonFiles_UnitTest.dll" adapterTypeName="executor://mstestadapter/v2" className="zSC_CommonFiles_UnitTest.VideoOS.Common.State.StateHandlerTests" name="Constructor_BasicUser_Password_ArgumentNull_Thrown" />
    </UnitTest>
    <UnitTest name="TileLayout_MouseOver_BorderBrushUpdated" storage="d:\actions-runner\_work\xpco\xpco\common\sc_commonfiles\zsc_commonfiles_unittest\bin\debug\net472\zsc_commonfiles_unittest.dll" id="7afa246b-f4b2-fc5f-fe61-fe719713919d">
      <TestCategory>
        <TestCategoryItem TestCategory="SC_CommonFiles.WPF.TileLayout" />
      </TestCategory>
      <Execution id="2865b8bc-5934-4144-b895-385ae854d024" />
      <TestMethod codeBase="D:\actions-runner\_work\XPCO\XPCO\Common\SC_CommonFiles\zSC_CommonFiles_UnitTest\bin\Debug\net472\zSC_CommonFiles_UnitTest.dll" adapterTypeName="executor://mstestadapter/v2" className="zSC_CommonFiles_UnitTest.VideoOS.UI.Common.WPF.TileLayout.ItemHolderTest" name="TileLayout_MouseOver_BorderBrushUpdated" />
    </UnitTest>
    <UnitTest name="Convert_SingleValueConverter_DifferentTargetType_Success" storage="d:\actions-runner\_work\xpco\xpco\common\sc_commonfiles\zsc_commonfiles_unittest\bin\debug\net472\zsc_commonfiles_unittest.dll" id="535b5010-34ee-7c3d-315a-1071e5381898">
      <Execution id="7ff015c8-8ef0-4e4c-9b0c-d5b3131598e2" />
      <TestMethod codeBase="D:\actions-runner\_work\XPCO\XPCO\Common\SC_CommonFiles\zSC_CommonFiles_UnitTest\bin\Debug\net472\zSC_CommonFiles_UnitTest.dll" adapterTypeName="executor://mstestadapter/v2" className="zSC_CommonFiles_UnitTest.VideoOS.UI.Common.WPF.Utils.Converters.MaxWidthConverterTests" name="Convert_SingleValueConverter_DifferentTargetType_Success" />
    </UnitTest>
    <UnitTest name="TimerOnElapsed_MaxIdleTimeNotReached_CleanupNotPerformed" storage="d:\actions-runner\_work\xpco\xpco\common\sc_commonfiles\zsc_commonfiles_unittest\bin\debug\net472\zsc_commonfiles_unittest.dll" id="a22bf289-0878-e3c5-33fd-766102ec1be1">
      <Execution id="4f02a516-fc74-4224-a0f8-5cb003232b1d" />
      <TestMethod codeBase="D:\actions-runner\_work\XPCO\XPCO\Common\SC_CommonFiles\zSC_CommonFiles_UnitTest\bin\Debug\net472\zSC_CommonFiles_UnitTest.dll" adapterTypeName="executor://mstestadapter/v2" className="VideoOS.UI.Common.WPF.Utils.RecyclingFactory.RecyclingFactoryTests" name="TimerOnElapsed_MaxIdleTimeNotReached_CleanupNotPerformed" />
    </UnitTest>
    <UnitTest name="StartServerStates_Success" storage="d:\actions-runner\_work\xpco\xpco\common\sc_commonfiles\zsc_commonfiles_unittest\bin\debug\net472\zsc_commonfiles_unittest.dll" id="2ea81381-5cde-6a05-1852-15eea9dd2db0">
      <Execution id="d34a1c50-3697-4240-b9cb-4d60102ea923" />
      <TestMethod codeBase="D:\actions-runner\_work\XPCO\XPCO\Common\SC_CommonFiles\zSC_CommonFiles_UnitTest\bin\Debug\net472\zSC_CommonFiles_UnitTest.dll" adapterTypeName="executor://mstestadapter/v2" className="zSC_CommonFiles_UnitTest.VideoOS.Common.State.StateHandlerTests" name="StartServerStates_Success" />
    </UnitTest>
    <UnitTest name="TryCreateUri_ShouldReturnValidUriWithHttps_WhenInputIsRelativeUriAndNoCustomFallbackSchemeProvided" storage="d:\actions-runner\_work\xpco\xpco\common\sc_commonfiles\zsc_commonfiles_unittest\bin\debug\net472\zsc_commonfiles_unittest.dll" id="5791d93f-2ea0-ebcc-a300-0da5e771609b">
      <Execution id="fa5a8a19-aaf8-4c25-9191-92d69e96b055" />
      <TestMethod codeBase="D:\actions-runner\_work\XPCO\XPCO\Common\SC_CommonFiles\zSC_CommonFiles_UnitTest\bin\Debug\net472\zSC_CommonFiles_UnitTest.dll" adapterTypeName="executor://mstestadapter/v2" className="zSC_CommonFiles_UnitTest.VideoOS.UI.Common.WPF.Utils.ExtensionMethods.StringExtensionsTests" name="TryCreateUri_ShouldReturnValidUriWithHttps_WhenInputIsRelativeUriAndNoCustomFallbackSchemeProvided" />
    </UnitTest>
    <UnitTest name="TryCreateUri_ShouldReturnValidUri_WhenInputIsAbsoluteUri" storage="d:\actions-runner\_work\xpco\xpco\common\sc_commonfiles\zsc_commonfiles_unittest\bin\debug\net472\zsc_commonfiles_unittest.dll" id="09ded2a6-c372-2eb2-ac00-fef2bebd4e6e">
      <Execution id="44708ff9-e647-41d2-95ad-912c3987552f" />
      <TestMethod codeBase="D:\actions-runner\_work\XPCO\XPCO\Common\SC_CommonFiles\zSC_CommonFiles_UnitTest\bin\Debug\net472\zSC_CommonFiles_UnitTest.dll" adapterTypeName="executor://mstestadapter/v2" className="zSC_CommonFiles_UnitTest.VideoOS.UI.Common.WPF.Utils.ExtensionMethods.StringExtensionsTests" name="TryCreateUri_ShouldReturnValidUri_WhenInputIsAbsoluteUri" />
    </UnitTest>
    <UnitTest name="RoundToSecond_Up" storage="d:\actions-runner\_work\xpco\xpco\common\sc_commonfiles\zsc_commonfiles_unittest\bin\debug\net472\zsc_commonfiles_unittest.dll" id="93e1c6bd-3907-bf6a-9788-32ce344adf8d">
      <Execution id="f5567975-7376-43e9-bc58-d95806972896" />
      <TestMethod codeBase="D:\actions-runner\_work\XPCO\XPCO\Common\SC_CommonFiles\zSC_CommonFiles_UnitTest\bin\Debug\net472\zSC_CommonFiles_UnitTest.dll" adapterTypeName="executor://mstestadapter/v2" className="zSC_CommonFiles_UnitTest.VideoOS.UI.Common.WPF.Utils.ExtensionMethods.DateTimeExtensionsTests" name="RoundToSecond_Up" />
    </UnitTest>
    <UnitTest name="Convert_MultiValueConverter_SingleValueNotANumber_Throws" storage="d:\actions-runner\_work\xpco\xpco\common\sc_commonfiles\zsc_commonfiles_unittest\bin\debug\net472\zsc_commonfiles_unittest.dll" id="046145c9-879d-c051-80d4-25fb448d3ce7">
      <Execution id="7effe4ea-9ef0-4ff3-9ce1-b3fe5b33e123" />
      <TestMethod codeBase="D:\actions-runner\_work\XPCO\XPCO\Common\SC_CommonFiles\zSC_CommonFiles_UnitTest\bin\Debug\net472\zSC_CommonFiles_UnitTest.dll" adapterTypeName="executor://mstestadapter/v2" className="zSC_CommonFiles_UnitTest.VideoOS.UI.Common.WPF.Utils.Converters.MaxWidthConverterTests" name="Convert_MultiValueConverter_SingleValueNotANumber_Throws" />
    </UnitTest>
    <UnitTest name="ThumbLoadedEventIsNotFiredUntilAllThumbsAreLoaded" storage="d:\actions-runner\_work\xpco\xpco\common\sc_commonfiles\zsc_commonfiles_unittest\bin\debug\net472\zsc_commonfiles_unittest.dll" id="16ee0ac6-17eb-3505-339b-384a8e931cbc">
      <Execution id="e078419b-73ab-46d3-ab1c-36a1b2106e26" />
      <TestMethod codeBase="D:\actions-runner\_work\XPCO\XPCO\Common\SC_CommonFiles\zSC_CommonFiles_UnitTest\bin\Debug\net472\zSC_CommonFiles_UnitTest.dll" adapterTypeName="executor://mstestadapter/v2" className="SC_CommonFiles_UnitTest_VideoOS_UI_Common_Data_SequenceRetriever.ThumbFetcherTest" name="ThumbLoadedEventIsNotFiredUntilAllThumbsAreLoaded" />
    </UnitTest>
    <UnitTest name="ExpirationTimerOnTick_ToastExpired_Success" storage="d:\actions-runner\_work\xpco\xpco\common\sc_commonfiles\zsc_commonfiles_unittest\bin\debug\net472\zsc_commonfiles_unittest.dll" id="6dd090ae-0423-7a7c-d8df-35146cee22d9">
      <TestCategory>
        <TestCategoryItem TestCategory="Toasts" />
      </TestCategory>
      <Execution id="5d0e608d-cabc-4b8a-af1f-dd698e7dca64" />
      <TestMethod codeBase="D:\actions-runner\_work\XPCO\XPCO\Common\SC_CommonFiles\zSC_CommonFiles_UnitTest\bin\Debug\net472\zSC_CommonFiles_UnitTest.dll" adapterTypeName="executor://mstestadapter/v2" className="zSC_CommonFiles_UnitTest.VideoOS.UI.Common.WPF.Toast.ToastBaseTests" name="ExpirationTimerOnTick_ToastExpired_Success" />
    </UnitTest>
    <UnitTest name="Convert_WithRenamedAutomationId_ReturnsValue" storage="d:\actions-runner\_work\xpco\xpco\common\sc_commonfiles\zsc_commonfiles_unittest\bin\debug\net472\zsc_commonfiles_unittest.dll" id="f973a97f-5a8e-0209-5020-2d35dba67422">
      <TestCategory>
        <TestCategoryItem TestCategory="Converters" />
      </TestCategory>
      <Execution id="2bf81a53-4b7d-4cae-aa06-30992e7c1a4b" />
      <TestMethod codeBase="D:\actions-runner\_work\XPCO\XPCO\Common\SC_CommonFiles\zSC_CommonFiles_UnitTest\bin\Debug\net472\zSC_CommonFiles_UnitTest.dll" adapterTypeName="executor://mstestadapter/v2" className="VideoOS.UI.Common.WPF.Utils.Converters.AutomationIdConverterTests" name="Convert_WithRenamedAutomationId_ReturnsValue" />
    </UnitTest>
    <UnitTest name="SimpleTest" storage="d:\actions-runner\_work\xpco\xpco\common\sc_commonfiles\zsc_commonfiles_unittest\bin\debug\net472\zsc_commonfiles_unittest.dll" id="6a9b6055-9055-6cdd-ce58-2c6f0ec341c2">
      <Execution id="9358eb93-b1d7-48f2-be74-712945945a36" />
      <TestMethod codeBase="D:\actions-runner\_work\XPCO\XPCO\Common\SC_CommonFiles\zSC_CommonFiles_UnitTest\bin\Debug\net472\zSC_CommonFiles_UnitTest.dll" adapterTypeName="executor://mstestadapter/v2" className="zSC_CommonFiles_UnitTest.VideoOS.UI.Common.WPF.Utils.CacheTests" name="SimpleTest" />
    </UnitTest>
    <UnitTest name="IsUnsecureConnectionAllowedForUser_ShouldReturnFalse_WhenAllowUnsecureIsInvalid" storage="d:\actions-runner\_work\xpco\xpco\common\sc_commonfiles\zsc_commonfiles_unittest\bin\debug\net472\zsc_commonfiles_unittest.dll" id="958cf364-23eb-e2d5-f664-d61945c55467">
      <Execution id="aaed4f43-ca93-4dd9-802d-e0f5c95c89b1" />
      <TestMethod codeBase="D:\actions-runner\_work\XPCO\XPCO\Common\SC_CommonFiles\zSC_CommonFiles_UnitTest\bin\Debug\net472\zSC_CommonFiles_UnitTest.dll" adapterTypeName="executor://mstestadapter/v2" className="zSC_CommonFiles_UnitTest.VideoOS.Common.Login.UIConnectionInfoTests" name="IsUnsecureConnectionAllowedForUser_ShouldReturnFalse_WhenAllowUnsecureIsInvalid" />
    </UnitTest>
    <UnitTest name="IsFailover_IsNotFailover" storage="d:\actions-runner\_work\xpco\xpco\common\sc_commonfiles\zsc_commonfiles_unittest\bin\debug\net472\zsc_commonfiles_unittest.dll" id="a3ace3b8-2cc6-88df-a94a-a9602ec1951a">
      <Execution id="9d53de47-f1f4-4f7b-b90a-542582621a10" />
      <TestMethod codeBase="D:\actions-runner\_work\XPCO\XPCO\Common\SC_CommonFiles\zSC_CommonFiles_UnitTest\bin\Debug\net472\zSC_CommonFiles_UnitTest.dll" adapterTypeName="executor://mstestadapter/v2" className="zSC_CommonFiles_UnitTest.VideoOS.UI.Common.WPF.Dashboard.Types.ServerTypeTest" name="IsFailover_IsNotFailover" />
    </UnitTest>
    <UnitTest name="IsFailover_IsFailover" storage="d:\actions-runner\_work\xpco\xpco\common\sc_commonfiles\zsc_commonfiles_unittest\bin\debug\net472\zsc_commonfiles_unittest.dll" id="c852d483-d9e0-2c2b-b9c0-ac3a615cecaf">
      <Execution id="850afbdc-86a6-482a-8ae1-ff85bd480d55" />
      <TestMethod codeBase="D:\actions-runner\_work\XPCO\XPCO\Common\SC_CommonFiles\zSC_CommonFiles_UnitTest\bin\Debug\net472\zSC_CommonFiles_UnitTest.dll" adapterTypeName="executor://mstestadapter/v2" className="zSC_CommonFiles_UnitTest.VideoOS.UI.Common.WPF.Dashboard.Types.ServerTypeTest" name="IsFailover_IsFailover" />
    </UnitTest>
    <UnitTest name="Distinct" storage="d:\actions-runner\_work\xpco\xpco\common\sc_commonfiles\zsc_commonfiles_unittest\bin\debug\net472\zsc_commonfiles_unittest.dll" id="05ee0585-5324-c075-c884-eef61e6407ec">
      <Execution id="ab8b756e-1134-408d-8421-9ad16d01ebe5" />
      <TestMethod codeBase="D:\actions-runner\_work\XPCO\XPCO\Common\SC_CommonFiles\zSC_CommonFiles_UnitTest\bin\Debug\net472\zSC_CommonFiles_UnitTest.dll" adapterTypeName="executor://mstestadapter/v2" className="zSC_CommonFiles_UnitTest.VideoOS.UI.Common.WPF.Utils.ExtensionMethods.IEnumerableExtensionTests" name="Distinct" />
    </UnitTest>
    <UnitTest name="GetTimeSpanValueOrDefault_KeyNotFound_DefaultValueReturned" storage="d:\actions-runner\_work\xpco\xpco\common\sc_commonfiles\zsc_commonfiles_unittest\bin\debug\net472\zsc_commonfiles_unittest.dll" id="0c965795-08e1-96ff-221c-6c48f278966b">
      <Execution id="05f12b1e-5bf8-4a5b-b65b-f035e7a9d8f1" />
      <TestMethod codeBase="D:\actions-runner\_work\XPCO\XPCO\Common\SC_CommonFiles\zSC_CommonFiles_UnitTest\bin\Debug\net472\zSC_CommonFiles_UnitTest.dll" adapterTypeName="executor://mstestadapter/v2" className="zSC_CommonFiles_UnitTest.VideoOS.Common.Configuration.NameValueCollectionExtensionsTest" name="GetTimeSpanValueOrDefault_KeyNotFound_DefaultValueReturned" />
    </UnitTest>
    <UnitTest name="DragDrop_RangeMinOverRangeMax_RangeEditDisplayed" storage="d:\actions-runner\_work\xpco\xpco\common\sc_commonfiles\zsc_commonfiles_unittest\bin\debug\net472\zsc_commonfiles_unittest.dll" id="28408d30-8448-8f9c-b04c-e7779e7625cc">
      <TestCategory>
        <TestCategoryItem TestCategory="RangeSelector" />
      </TestCategory>
      <Execution id="ae5697a1-e20c-4914-a0ce-faea35195a2f" />
      <TestMethod codeBase="D:\actions-runner\_work\XPCO\XPCO\Common\SC_CommonFiles\zSC_CommonFiles_UnitTest\bin\Debug\net472\zSC_CommonFiles_UnitTest.dll" adapterTypeName="executor://mstestadapter/v2" className="VideoOS.UI.Common.WPF.RangeSelector.RangeSelectorTest" name="DragDrop_RangeMinOverRangeMax_RangeEditDisplayed" />
    </UnitTest>
    <UnitTest name="UpdateFrameworkElementsOverlay_WithNewFrameworkElementList_ShouldUpdateList" storage="d:\actions-runner\_work\xpco\xpco\common\sc_commonfiles\zsc_commonfiles_unittest\bin\debug\net472\zsc_commonfiles_unittest.dll" id="64f4b309-46ce-14bc-92c8-2dbd5092f999">
      <Execution id="3ae46e04-4caf-465c-85b1-e8e572ce6481" />
      <TestMethod codeBase="D:\actions-runner\_work\XPCO\XPCO\Common\SC_CommonFiles\zSC_CommonFiles_UnitTest\bin\Debug\net472\zSC_CommonFiles_UnitTest.dll" adapterTypeName="executor://mstestadapter/v2" className="zSC_CommonFiles_UnitTest.VideoOS.UI.Common.WPF.VideoPlayer.Model.FrameworkElementsOverlayModelTests" name="UpdateFrameworkElementsOverlay_WithNewFrameworkElementList_ShouldUpdateList" />
    </UnitTest>
    <UnitTest name="OnPreviewKeyDown_LeftShift_Click_Select_Success" storage="d:\actions-runner\_work\xpco\xpco\common\sc_commonfiles\zsc_commonfiles_unittest\bin\debug\net472\zsc_commonfiles_unittest.dll" id="d0c56151-9eb1-435a-613d-6b16219b3912">
      <TestCategory>
        <TestCategoryItem TestCategory="SC_CommonFiles.WPF.TileLayout" />
      </TestCategory>
      <Execution id="ed42f139-b75d-4697-9b1b-42c71e0f9432" />
      <TestMethod codeBase="D:\actions-runner\_work\XPCO\XPCO\Common\SC_CommonFiles\zSC_CommonFiles_UnitTest\bin\Debug\net472\zSC_CommonFiles_UnitTest.dll" adapterTypeName="executor://mstestadapter/v2" className="zSC_CommonFiles_UnitTest.VideoOS.UI.Common.WPF.TileLayout.TileLayoutTest" name="OnPreviewKeyDown_LeftShift_Click_Select_Success" />
    </UnitTest>
    <UnitTest name="IntersectOrdered_With_Key_Selector" storage="d:\actions-runner\_work\xpco\xpco\common\sc_commonfiles\zsc_commonfiles_unittest\bin\debug\net472\zsc_commonfiles_unittest.dll" id="06f7ab65-67b0-9ceb-7950-154a66e24a54">
      <Execution id="008cf566-0d98-4e91-8590-f56c26f2c5da" />
      <TestMethod codeBase="D:\actions-runner\_work\XPCO\XPCO\Common\SC_CommonFiles\zSC_CommonFiles_UnitTest\bin\Debug\net472\zSC_CommonFiles_UnitTest.dll" adapterTypeName="executor://mstestadapter/v2" className="zSC_CommonFiles_UnitTest.VideoOS.UI.Common.WPF.Utils.ExtensionMethods.IEnumerableExtensionTests" name="IntersectOrdered_With_Key_Selector" />
    </UnitTest>
    <UnitTest name="ScrollIntoView_Success" storage="d:\actions-runner\_work\xpco\xpco\common\sc_commonfiles\zsc_commonfiles_unittest\bin\debug\net472\zsc_commonfiles_unittest.dll" id="24d7108a-b492-bd24-b0f8-ceb600b42692">
      <TestCategory>
        <TestCategoryItem TestCategory="SC_CommonFiles.WPF.TileLayout" />
      </TestCategory>
      <Execution id="a84fb541-a7e7-4864-bda8-176fca939196" />
      <TestMethod codeBase="D:\actions-runner\_work\XPCO\XPCO\Common\SC_CommonFiles\zSC_CommonFiles_UnitTest\bin\Debug\net472\zSC_CommonFiles_UnitTest.dll" adapterTypeName="executor://mstestadapter/v2" className="zSC_CommonFiles_UnitTest.VideoOS.UI.Common.WPF.TileLayout.TileLayoutTest" name="ScrollIntoView_Success" />
    </UnitTest>
    <UnitTest name="SetUnsecureConnectionAllowedForUser_ShouldDoNothing_WhenUserExistsAndHaveCorrectValue" storage="d:\actions-runner\_work\xpco\xpco\common\sc_commonfiles\zsc_commonfiles_unittest\bin\debug\net472\zsc_commonfiles_unittest.dll" id="b7e36637-289c-8e0e-9091-6aff9c16739a">
      <Execution id="c662ef79-d651-45dd-93c3-a0c7036962ca" />
      <TestMethod codeBase="D:\actions-runner\_work\XPCO\XPCO\Common\SC_CommonFiles\zSC_CommonFiles_UnitTest\bin\Debug\net472\zSC_CommonFiles_UnitTest.dll" adapterTypeName="executor://mstestadapter/v2" className="zSC_CommonFiles_UnitTest.VideoOS.Common.Login.UIConnectionInfoTests" name="SetUnsecureConnectionAllowedForUser_ShouldDoNothing_WhenUserExistsAndHaveCorrectValue" />
    </UnitTest>
    <UnitTest name="StartCameraStates_Success" storage="d:\actions-runner\_work\xpco\xpco\common\sc_commonfiles\zsc_commonfiles_unittest\bin\debug\net472\zsc_commonfiles_unittest.dll" id="da80a2db-c20f-18de-ab2b-4a162a892642">
      <Execution id="deb88fa7-4571-4502-949a-bfa619859b1d" />
      <TestMethod codeBase="D:\actions-runner\_work\XPCO\XPCO\Common\SC_CommonFiles\zSC_CommonFiles_UnitTest\bin\Debug\net472\zSC_CommonFiles_UnitTest.dll" adapterTypeName="executor://mstestadapter/v2" className="zSC_CommonFiles_UnitTest.VideoOS.Common.State.StateHandlerTests" name="StartCameraStates_Success" />
    </UnitTest>
    <UnitTest name="MeasureCounters_UpdatesGPUInformationCorrectly" storage="d:\actions-runner\_work\xpco\xpco\common\sc_commonfiles\zsc_commonfiles_unittest\bin\debug\net472\zsc_commonfiles_unittest.dll" id="e06e61ed-13a4-6147-16b5-ee8c50cfb777">
      <Execution id="f08ac413-31dd-43e4-935a-7ce3bbdb645a" />
      <TestMethod codeBase="D:\actions-runner\_work\XPCO\XPCO\Common\SC_CommonFiles\zSC_CommonFiles_UnitTest\bin\Debug\net472\zSC_CommonFiles_UnitTest.dll" adapterTypeName="executor://mstestadapter/v2" className="zSC_CommonFiles_UnitTest.VideoOS.UI.Common.WPF.ClientDataGathererTests" name="MeasureCounters_UpdatesGPUInformationCorrectly" />
    </UnitTest>
    <UnitTest name="ArrangeOverride_3child_EnoughSpace_NotShrunk" storage="d:\actions-runner\_work\xpco\xpco\common\sc_commonfiles\zsc_commonfiles_unittest\bin\debug\net472\zsc_commonfiles_unittest.dll" id="22b2ca51-378e-71cd-e0e0-67e36d20ff15">
      <TestCategory>
        <TestCategoryItem TestCategory="Controls" />
      </TestCategory>
      <Execution id="cf1478b7-01bb-421a-9af2-dee758a2d91d" />
      <TestMethod codeBase="D:\actions-runner\_work\XPCO\XPCO\Common\SC_CommonFiles\zSC_CommonFiles_UnitTest\bin\Debug\net472\zSC_CommonFiles_UnitTest.dll" adapterTypeName="executor://mstestadapter/v2" className="VideoOS.UI.Common.WPF.Controls.HorizontalPanelTests" name="ArrangeOverride_3child_EnoughSpace_NotShrunk" />
    </UnitTest>
    <UnitTest name="Convert_NoAutomationIdAndNoFallback_ReturnsUnsetValue" storage="d:\actions-runner\_work\xpco\xpco\common\sc_commonfiles\zsc_commonfiles_unittest\bin\debug\net472\zsc_commonfiles_unittest.dll" id="b5545286-2d51-273f-e678-5706630cef56">
      <TestCategory>
        <TestCategoryItem TestCategory="Converters" />
      </TestCategory>
      <Execution id="94ad979b-f8f5-47c1-a5cb-bf87e0be6a39" />
      <TestMethod codeBase="D:\actions-runner\_work\XPCO\XPCO\Common\SC_CommonFiles\zSC_CommonFiles_UnitTest\bin\Debug\net472\zSC_CommonFiles_UnitTest.dll" adapterTypeName="executor://mstestadapter/v2" className="VideoOS.UI.Common.WPF.Utils.Converters.AutomationIdConverterTests" name="Convert_NoAutomationIdAndNoFallback_ReturnsUnsetValue" />
    </UnitTest>
    <UnitTest name="Constructor_WindowsUser_Domain_ArgumentNull_Thrown" storage="d:\actions-runner\_work\xpco\xpco\common\sc_commonfiles\zsc_commonfiles_unittest\bin\debug\net472\zsc_commonfiles_unittest.dll" id="b9f990f1-833c-da15-c4ce-a21f43595dd2">
      <Execution id="0c3358a0-5397-47e0-8341-3b1ded97167d" />
      <TestMethod codeBase="D:\actions-runner\_work\XPCO\XPCO\Common\SC_CommonFiles\zSC_CommonFiles_UnitTest\bin\Debug\net472\zSC_CommonFiles_UnitTest.dll" adapterTypeName="executor://mstestadapter/v2" className="zSC_CommonFiles_UnitTest.VideoOS.Common.State.StateHandlerTests" name="Constructor_WindowsUser_Domain_ArgumentNull_Thrown" />
    </UnitTest>
    <UnitTest name="SelectManyOrdered_With_Key_Selector" storage="d:\actions-runner\_work\xpco\xpco\common\sc_commonfiles\zsc_commonfiles_unittest\bin\debug\net472\zsc_commonfiles_unittest.dll" id="c93e1fde-ba93-9054-d493-30af75ea0b03">
      <Execution id="5a093a3a-2424-4722-98cb-fb3ec638235c" />
      <TestMethod codeBase="D:\actions-runner\_work\XPCO\XPCO\Common\SC_CommonFiles\zSC_CommonFiles_UnitTest\bin\Debug\net472\zSC_CommonFiles_UnitTest.dll" adapterTypeName="executor://mstestadapter/v2" className="zSC_CommonFiles_UnitTest.VideoOS.UI.Common.WPF.Utils.ExtensionMethods.IEnumerableExtensionTests" name="SelectManyOrdered_With_Key_Selector" />
    </UnitTest>
    <UnitTest name="SequenceEquals_EqualCollectionsOrderedDifferently_IgnoreOrder_SymmetricalTrueResult" storage="d:\actions-runner\_work\xpco\xpco\common\sc_commonfiles\zsc_commonfiles_unittest\bin\debug\net472\zsc_commonfiles_unittest.dll" id="b6fd8020-db5d-f64a-77cc-9352b31e97f8">
      <Execution id="729e8178-ff7b-430f-b0e4-b232a723872f" />
      <TestMethod codeBase="D:\actions-runner\_work\XPCO\XPCO\Common\SC_CommonFiles\zSC_CommonFiles_UnitTest\bin\Debug\net472\zSC_CommonFiles_UnitTest.dll" adapterTypeName="executor://mstestadapter/v2" className="zSC_CommonFiles_UnitTest.VideoOS.UI.Common.WPF.Utils.ObservableCollectionExtensionTest" name="SequenceEquals_EqualCollectionsOrderedDifferently_IgnoreOrder_SymmetricalTrueResult" />
    </UnitTest>
    <UnitTest name="RemoveToast_Success" storage="d:\actions-runner\_work\xpco\xpco\common\sc_commonfiles\zsc_commonfiles_unittest\bin\debug\net472\zsc_commonfiles_unittest.dll" id="9bb26b43-c785-7f17-8df6-312acd18b6b3">
      <TestCategory>
        <TestCategoryItem TestCategory="Toasts" />
      </TestCategory>
      <Execution id="54327c15-6f78-4942-80fe-f977452a817b" />
      <TestMethod codeBase="D:\actions-runner\_work\XPCO\XPCO\Common\SC_CommonFiles\zSC_CommonFiles_UnitTest\bin\Debug\net472\zSC_CommonFiles_UnitTest.dll" adapterTypeName="executor://mstestadapter/v2" className="zSC_CommonFiles_UnitTest.VideoOS.UI.Common.WPF.Toast.ToastsViewModelTests" name="RemoveToast_Success" />
    </UnitTest>
    <UnitTest name="MouseDrag_RangeMinSetToMinValue_EditBoxIsWithinControlBoundaries" storage="d:\actions-runner\_work\xpco\xpco\common\sc_commonfiles\zsc_commonfiles_unittest\bin\debug\net472\zsc_commonfiles_unittest.dll" id="adb4be23-162a-8b95-3e02-bd423cdb5788">
      <TestCategory>
        <TestCategoryItem TestCategory="RangeSelector" />
      </TestCategory>
      <Execution id="00ba4a3d-9a4c-4b61-bdaa-de3ad7d2c5e2" />
      <TestMethod codeBase="D:\actions-runner\_work\XPCO\XPCO\Common\SC_CommonFiles\zSC_CommonFiles_UnitTest\bin\Debug\net472\zSC_CommonFiles_UnitTest.dll" adapterTypeName="executor://mstestadapter/v2" className="VideoOS.UI.Common.WPF.RangeSelector.RangeSelectorTest" name="MouseDrag_RangeMinSetToMinValue_EditBoxIsWithinControlBoundaries" />
    </UnitTest>
    <UnitTest name="SingleCameraMustSetDisplayNameDeletedCameraTextIfItDoesNotExist" storage="d:\actions-runner\_work\xpco\xpco\common\sc_commonfiles\zsc_commonfiles_unittest\bin\debug\net472\zsc_commonfiles_unittest.dll" id="2b14ff95-cabe-8a3e-8e5c-8673fcb142c5">
      <Execution id="38b6daf9-5215-43b7-9221-4fe08f01967c" />
      <TestMethod codeBase="D:\actions-runner\_work\XPCO\XPCO\Common\SC_CommonFiles\zSC_CommonFiles_UnitTest\bin\Debug\net472\zSC_CommonFiles_UnitTest.dll" adapterTypeName="executor://mstestadapter/v2" className="zSC_CommonFiles_UnitTest.LocalizationTests" name="SingleCameraMustSetDisplayNameDeletedCameraTextIfItDoesNotExist" />
    </UnitTest>
    <UnitTest name="RoundToSecond_Nearest" storage="d:\actions-runner\_work\xpco\xpco\common\sc_commonfiles\zsc_commonfiles_unittest\bin\debug\net472\zsc_commonfiles_unittest.dll" id="d7a4b603-8308-5acd-9a99-39b73afff367">
      <Execution id="313dbc0a-ce87-4b77-8748-039d3f94d00d" />
      <TestMethod codeBase="D:\actions-runner\_work\XPCO\XPCO\Common\SC_CommonFiles\zSC_CommonFiles_UnitTest\bin\Debug\net472\zSC_CommonFiles_UnitTest.dll" adapterTypeName="executor://mstestadapter/v2" className="zSC_CommonFiles_UnitTest.VideoOS.UI.Common.WPF.Utils.ExtensionMethods.TimeSpanExtensionsTests" name="RoundToSecond_Nearest" />
    </UnitTest>
    <UnitTest name="SingleServerMustSetDisplayNameDeletedServerTextIfItDoesNotExist" storage="d:\actions-runner\_work\xpco\xpco\common\sc_commonfiles\zsc_commonfiles_unittest\bin\debug\net472\zsc_commonfiles_unittest.dll" id="90cfc5f0-b7f9-31e3-d21a-be242b733ee9">
      <Execution id="43296f0e-fbb9-419f-b9fd-78fc3aa1a733" />
      <TestMethod codeBase="D:\actions-runner\_work\XPCO\XPCO\Common\SC_CommonFiles\zSC_CommonFiles_UnitTest\bin\Debug\net472\zSC_CommonFiles_UnitTest.dll" adapterTypeName="executor://mstestadapter/v2" className="zSC_CommonFiles_UnitTest.LocalizationTests" name="SingleServerMustSetDisplayNameDeletedServerTextIfItDoesNotExist" />
    </UnitTest>
    <UnitTest name="OnPreviewKeyDown_RightCtrl_Click_Select_Success" storage="d:\actions-runner\_work\xpco\xpco\common\sc_commonfiles\zsc_commonfiles_unittest\bin\debug\net472\zsc_commonfiles_unittest.dll" id="5bb482fa-8a48-3336-66c9-7ea3af463c94">
      <TestCategory>
        <TestCategoryItem TestCategory="SC_CommonFiles.WPF.TileLayout" />
      </TestCategory>
      <Execution id="321879d1-eefe-4284-9e02-6b587764f73e" />
      <TestMethod codeBase="D:\actions-runner\_work\XPCO\XPCO\Common\SC_CommonFiles\zSC_CommonFiles_UnitTest\bin\Debug\net472\zSC_CommonFiles_UnitTest.dll" adapterTypeName="executor://mstestadapter/v2" className="zSC_CommonFiles_UnitTest.VideoOS.UI.Common.WPF.TileLayout.TileLayoutTest" name="OnPreviewKeyDown_RightCtrl_Click_Select_Success" />
    </UnitTest>
    <UnitTest name="Convert_SingleValueConverter_NotANumber_Throws" storage="d:\actions-runner\_work\xpco\xpco\common\sc_commonfiles\zsc_commonfiles_unittest\bin\debug\net472\zsc_commonfiles_unittest.dll" id="1bd901f8-3f7d-e4b9-9350-b8e0d21cecdd">
      <Execution id="f0e6d48d-d737-4162-8968-ec2e92098c0e" />
      <TestMethod codeBase="D:\actions-runner\_work\XPCO\XPCO\Common\SC_CommonFiles\zSC_CommonFiles_UnitTest\bin\Debug\net472\zSC_CommonFiles_UnitTest.dll" adapterTypeName="executor://mstestadapter/v2" className="zSC_CommonFiles_UnitTest.VideoOS.UI.Common.WPF.Utils.Converters.MaxWidthConverterTests" name="Convert_SingleValueConverter_NotANumber_Throws" />
    </UnitTest>
    <UnitTest name="SequenceEqualIgnoreOrder_OneCollectionWithDuplicateElementOrderedDifferently_IgnoreOrder_SymmetricalFalseResult" storage="d:\actions-runner\_work\xpco\xpco\common\sc_commonfiles\zsc_commonfiles_unittest\bin\debug\net472\zsc_commonfiles_unittest.dll" id="2bf7024d-c9a8-0f52-01c6-a02fd7b7c6c8">
      <Execution id="cea8158a-9552-4ead-9f1d-768c4af71cd2" />
      <TestMethod codeBase="D:\actions-runner\_work\XPCO\XPCO\Common\SC_CommonFiles\zSC_CommonFiles_UnitTest\bin\Debug\net472\zSC_CommonFiles_UnitTest.dll" adapterTypeName="executor://mstestadapter/v2" className="zSC_CommonFiles_UnitTest.VideoOS.UI.Common.WPF.Utils.ExtensionMethods.IEnumerableExtensionTests" name="SequenceEqualIgnoreOrder_OneCollectionWithDuplicateElementOrderedDifferently_IgnoreOrder_SymmetricalFalseResult" />
    </UnitTest>
    <UnitTest name="Start_ThreadsStarted" storage="d:\actions-runner\_work\xpco\xpco\common\sc_commonfiles\zsc_commonfiles_unittest\bin\debug\net472\zsc_commonfiles_unittest.dll" id="695975e6-7257-8513-2988-a677f0875ff3">
      <Execution id="feff39b3-8f62-43cf-bd83-831f496a2339" />
      <TestMethod codeBase="D:\actions-runner\_work\XPCO\XPCO\Common\SC_CommonFiles\zSC_CommonFiles_UnitTest\bin\Debug\net472\zSC_CommonFiles_UnitTest.dll" adapterTypeName="executor://mstestadapter/v2" className="zSC_CommonFiles_UnitTest.VideoOS.Common.State.StateHandlerTests" name="Start_ThreadsStarted" />
    </UnitTest>
    <UnitTest name="SmartSearchFilterValue_Deserialize_Success" storage="d:\actions-runner\_work\xpco\xpco\common\sc_commonfiles\zsc_commonfiles_unittest\bin\debug\net472\zsc_commonfiles_unittest.dll" id="ac417528-a5fc-0267-1e71-119d845e1bc0">
      <TestCategory>
        <TestCategoryItem TestCategory="Search.FilterValues" />
      </TestCategory>
      <Execution id="eb7898d0-6a68-458a-b790-671c3bd30d3f" />
      <TestMethod codeBase="D:\actions-runner\_work\XPCO\XPCO\Common\SC_CommonFiles\zSC_CommonFiles_UnitTest\bin\Debug\net472\zSC_CommonFiles_UnitTest.dll" adapterTypeName="executor://mstestadapter/v2" className="zSC_CommonFiles_UnitTest.VideoOS.UI.Common.Data.SmartSearch.SmartSearchFilterValueTests" name="SmartSearchFilterValue_Deserialize_Success" />
    </UnitTest>
    <UnitTest name="ExpirationTimerOnTick_ToastNotExpired_Success" storage="d:\actions-runner\_work\xpco\xpco\common\sc_commonfiles\zsc_commonfiles_unittest\bin\debug\net472\zsc_commonfiles_unittest.dll" id="dfdaa8e6-900c-926b-6ac3-82e2d0119e60">
      <TestCategory>
        <TestCategoryItem TestCategory="Toasts" />
      </TestCategory>
      <Execution id="980638e7-c986-4d76-9456-6d87f4901ae4" />
      <TestMethod codeBase="D:\actions-runner\_work\XPCO\XPCO\Common\SC_CommonFiles\zSC_CommonFiles_UnitTest\bin\Debug\net472\zSC_CommonFiles_UnitTest.dll" adapterTypeName="executor://mstestadapter/v2" className="zSC_CommonFiles_UnitTest.VideoOS.UI.Common.WPF.Toast.ToastBaseTests" name="ExpirationTimerOnTick_ToastNotExpired_Success" />
    </UnitTest>
    <UnitTest name="Convert_DefaultMultiplierAndOffset_ReturnsProvidedValue" storage="d:\actions-runner\_work\xpco\xpco\common\sc_commonfiles\zsc_commonfiles_unittest\bin\debug\net472\zsc_commonfiles_unittest.dll" id="09c48a42-9cc6-7c96-0386-069c96816ff0">
      <TestCategory>
        <TestCategoryItem TestCategory="Converters" />
      </TestCategory>
      <Execution id="bcffbcc3-2377-4676-a9f2-985f67e7ef51" />
      <TestMethod codeBase="D:\actions-runner\_work\XPCO\XPCO\Common\SC_CommonFiles\zSC_CommonFiles_UnitTest\bin\Debug\net472\zSC_CommonFiles_UnitTest.dll" adapterTypeName="executor://mstestadapter/v2" className="VideoOS.UI.Common.WPF.Utils.Converters.OffsetConverterTests" name="Convert_DefaultMultiplierAndOffset_ReturnsProvidedValue" />
    </UnitTest>
    <UnitTest name="OnPreviewKeyDown_RightCtrl_A_UnselectAll_Success" storage="d:\actions-runner\_work\xpco\xpco\common\sc_commonfiles\zsc_commonfiles_unittest\bin\debug\net472\zsc_commonfiles_unittest.dll" id="76a3a4c2-b730-8445-7c90-0d70d705d3b2">
      <TestCategory>
        <TestCategoryItem TestCategory="SC_CommonFiles.WPF.TileLayout" />
      </TestCategory>
      <Execution id="a683db75-5f3a-4305-943f-95f87bd7ab3a" />
      <TestMethod codeBase="D:\actions-runner\_work\XPCO\XPCO\Common\SC_CommonFiles\zSC_CommonFiles_UnitTest\bin\Debug\net472\zSC_CommonFiles_UnitTest.dll" adapterTypeName="executor://mstestadapter/v2" className="zSC_CommonFiles_UnitTest.VideoOS.UI.Common.WPF.TileLayout.TileLayoutTest" name="OnPreviewKeyDown_RightCtrl_A_UnselectAll_Success" />
    </UnitTest>
    <UnitTest name="Convert_WithMultiplierAndOffset_Success" storage="d:\actions-runner\_work\xpco\xpco\common\sc_commonfiles\zsc_commonfiles_unittest\bin\debug\net472\zsc_commonfiles_unittest.dll" id="7bd27d81-06b7-0043-ca3b-42b8a3ad840b">
      <TestCategory>
        <TestCategoryItem TestCategory="Converters" />
      </TestCategory>
      <Execution id="26be95e3-6507-4318-b500-cbd7765e272e" />
      <TestMethod codeBase="D:\actions-runner\_work\XPCO\XPCO\Common\SC_CommonFiles\zSC_CommonFiles_UnitTest\bin\Debug\net472\zSC_CommonFiles_UnitTest.dll" adapterTypeName="executor://mstestadapter/v2" className="VideoOS.UI.Common.WPF.Utils.Converters.OffsetConverterTests" name="Convert_WithMultiplierAndOffset_Success" />
    </UnitTest>
    <UnitTest name="AuthenticationSimple_SetEnabled_Throws_InvalidOperationException" storage="d:\actions-runner\_work\xpco\xpco\common\sc_commonfiles\zsc_commonfiles_unittest\bin\debug\net472\zsc_commonfiles_unittest.dll" id="18f2ab8d-6696-bf3f-7e10-34e8c36dc629">
      <TestCategory>
        <TestCategoryItem TestCategory="AuthenticationInfoTests" />
      </TestCategory>
      <Execution id="87a8829e-aa76-44d8-be3e-38a09174087f" />
      <TestMethod codeBase="D:\actions-runner\_work\XPCO\XPCO\Common\SC_CommonFiles\zSC_CommonFiles_UnitTest\bin\Debug\net472\zSC_CommonFiles_UnitTest.dll" adapterTypeName="executor://mstestadapter/v2" className="zSC_CommonFiles_UnitTest.VideoOS.Common.Login.AuthenticationInfoTests" name="AuthenticationSimple_SetEnabled_Throws_InvalidOperationException" />
    </UnitTest>
    <UnitTest name="MeasureOverride_NoChildEnoughSpace_NotShrunk" storage="d:\actions-runner\_work\xpco\xpco\common\sc_commonfiles\zsc_commonfiles_unittest\bin\debug\net472\zsc_commonfiles_unittest.dll" id="f9581051-4325-f7fc-7cc2-b7b62afe7956">
      <TestCategory>
        <TestCategoryItem TestCategory="Controls" />
      </TestCategory>
      <Execution id="4ddbed47-440f-480f-a5a8-63c694a997cc" />
      <TestMethod codeBase="D:\actions-runner\_work\XPCO\XPCO\Common\SC_CommonFiles\zSC_CommonFiles_UnitTest\bin\Debug\net472\zSC_CommonFiles_UnitTest.dll" adapterTypeName="executor://mstestadapter/v2" className="VideoOS.UI.Common.WPF.Controls.HorizontalPanelTests" name="MeasureOverride_NoChildEnoughSpace_NotShrunk" />
    </UnitTest>
    <UnitTest name="Ctor_NegativeMaxIdleTimeBeforeCleanup_Throws" storage="d:\actions-runner\_work\xpco\xpco\common\sc_commonfiles\zsc_commonfiles_unittest\bin\debug\net472\zsc_commonfiles_unittest.dll" id="f5caa479-ad8a-fc77-0f9d-b10ee7e2accc">
      <Execution id="9683b638-73bc-4b79-a084-47cf4127d1db" />
      <TestMethod codeBase="D:\actions-runner\_work\XPCO\XPCO\Common\SC_CommonFiles\zSC_CommonFiles_UnitTest\bin\Debug\net472\zSC_CommonFiles_UnitTest.dll" adapterTypeName="executor://mstestadapter/v2" className="VideoOS.UI.Common.WPF.Utils.RecyclingFactory.RecyclingFactoryTests" name="Ctor_NegativeMaxIdleTimeBeforeCleanup_Throws" />
    </UnitTest>
    <UnitTest name="RemoveFrameworkElementsOverlay_WithKnownId_ShouldRemoveCorrectItem" storage="d:\actions-runner\_work\xpco\xpco\common\sc_commonfiles\zsc_commonfiles_unittest\bin\debug\net472\zsc_commonfiles_unittest.dll" id="3d591622-7a9a-3607-596b-40dbc7119e9a">
      <Execution id="e3a86cd5-bc39-443c-9127-84fb31a9dcf3" />
      <TestMethod codeBase="D:\actions-runner\_work\XPCO\XPCO\Common\SC_CommonFiles\zSC_CommonFiles_UnitTest\bin\Debug\net472\zSC_CommonFiles_UnitTest.dll" adapterTypeName="executor://mstestadapter/v2" className="zSC_CommonFiles_UnitTest.VideoOS.UI.Common.WPF.VideoPlayer.Model.FrameworkElementsOverlayModelTests" name="RemoveFrameworkElementsOverlay_WithKnownId_ShouldRemoveCorrectItem" />
    </UnitTest>
    <UnitTest name="RoundToSecond_RoundUp" storage="d:\actions-runner\_work\xpco\xpco\common\sc_commonfiles\zsc_commonfiles_unittest\bin\debug\net472\zsc_commonfiles_unittest.dll" id="bd6f3f69-8756-1ecb-680e-dc8bdb5e7007">
      <Execution id="bffb9829-4e47-40f7-84d9-4eaebc8e073c" />
      <TestMethod codeBase="D:\actions-runner\_work\XPCO\XPCO\Common\SC_CommonFiles\zSC_CommonFiles_UnitTest\bin\Debug\net472\zSC_CommonFiles_UnitTest.dll" adapterTypeName="executor://mstestadapter/v2" className="zSC_CommonFiles_UnitTest.VideoOS.UI.Common.WPF.Utils.ExtensionMethods.TimeSpanExtensionsTests" name="RoundToSecond_RoundUp" />
    </UnitTest>
    <UnitTest name="AllowUnsecureConnection_ShouldBeFalse_WhenAllowUnsecureIsNotSet" storage="d:\actions-runner\_work\xpco\xpco\common\sc_commonfiles\zsc_commonfiles_unittest\bin\debug\net472\zsc_commonfiles_unittest.dll" id="febb8456-be0b-5098-be4c-94fbaa942835">
      <Execution id="f84b3e7e-4be9-4f38-a612-60384cd479a3" />
      <TestMethod codeBase="D:\actions-runner\_work\XPCO\XPCO\Common\SC_CommonFiles\zSC_CommonFiles_UnitTest\bin\Debug\net472\zSC_CommonFiles_UnitTest.dll" adapterTypeName="executor://mstestadapter/v2" className="zSC_CommonFiles_UnitTest.VideoOS.Common.Login.UIConnectionInfoTests" name="AllowUnsecureConnection_ShouldBeFalse_WhenAllowUnsecureIsNotSet" />
    </UnitTest>
    <UnitTest name="ConvertToTileStates_ArgumentNull_NotThrown" storage="d:\actions-runner\_work\xpco\xpco\common\sc_commonfiles\zsc_commonfiles_unittest\bin\debug\net472\zsc_commonfiles_unittest.dll" id="f4aace76-8b78-d9f9-5c7e-a830773b46bd">
      <Execution id="de0ebdca-9348-44f2-b1a5-89fe4f89812f" />
      <TestMethod codeBase="D:\actions-runner\_work\XPCO\XPCO\Common\SC_CommonFiles\zSC_CommonFiles_UnitTest\bin\Debug\net472\zSC_CommonFiles_UnitTest.dll" adapterTypeName="executor://mstestadapter/v2" className="zSC_CommonFiles_UnitTest.VideoOS.Common.State.StateManagerTests" name="ConvertToTileStates_ArgumentNull_NotThrown" />
    </UnitTest>
    <UnitTest name="GetRoundRectangle_Success" storage="d:\actions-runner\_work\xpco\xpco\common\sc_commonfiles\zsc_commonfiles_unittest\bin\debug\net472\zsc_commonfiles_unittest.dll" id="8c18207a-4a3c-8ee5-7129-6f35cbcaea2a">
      <TestCategory>
        <TestCategoryItem TestCategory="SC_CommonFiles.WPF.TileLayout" />
      </TestCategory>
      <Execution id="f57a7170-5c4d-4254-adbf-dc67924ad460" />
      <TestMethod codeBase="D:\actions-runner\_work\XPCO\XPCO\Common\SC_CommonFiles\zSC_CommonFiles_UnitTest\bin\Debug\net472\zSC_CommonFiles_UnitTest.dll" adapterTypeName="executor://mstestadapter/v2" className="zSC_CommonFiles_UnitTest.VideoOS.UI.Common.WPF.TileLayout.ItemHolderHelperTest" name="GetRoundRectangle_Success" />
    </UnitTest>
    <UnitTest name="SerializedSlides_ShouldCorrectlySerializeAndDeserialize" storage="d:\actions-runner\_work\xpco\xpco\common\sc_commonfiles\zsc_commonfiles_unittest\bin\debug\net472\zsc_commonfiles_unittest.dll" id="18e7f5ad-6f64-9e86-3f8d-3ffdc05df7e8">
      <Execution id="56a28f74-ff85-4769-abf9-7fb78e9cb38c" />
      <TestMethod codeBase="D:\actions-runner\_work\XPCO\XPCO\Common\SC_CommonFiles\zSC_CommonFiles_UnitTest\bin\Debug\net472\zSC_CommonFiles_UnitTest.dll" adapterTypeName="executor://mstestadapter/v2" className="zSC_CommonFiles_UnitTest.VideoOS.UI.Common.WPF.VideoText.VideoTextWindowViewModelTests" name="SerializedSlides_ShouldCorrectlySerializeAndDeserialize" />
    </UnitTest>
    <UnitTest name="GetImageSource_Missing24px_Returns32pxImage" storage="d:\actions-runner\_work\xpco\xpco\common\sc_commonfiles\zsc_commonfiles_unittest\bin\debug\net472\zsc_commonfiles_unittest.dll" id="856c051c-051a-4b4c-bec5-8f02fddd04ae">
      <TestCategory>
        <TestCategoryItem TestCategory="SC_CommonFiles.WPF" />
      </TestCategory>
      <Execution id="3c000188-d48d-4ec9-b566-2f3e8c493969" />
      <TestMethod codeBase="D:\actions-runner\_work\XPCO\XPCO\Common\SC_CommonFiles\zSC_CommonFiles_UnitTest\bin\Debug\net472\zSC_CommonFiles_UnitTest.dll" adapterTypeName="executor://mstestadapter/v2" className="zSC_CommonFiles_UnitTest.VideoOS.UI.Common.WPF.Utils.ExtensionMethods.IconExtensionsTests" name="GetImageSource_Missing24px_Returns32pxImage" />
    </UnitTest>
    <UnitTest name="GetStates_NoSessionStarted_NewSession" storage="d:\actions-runner\_work\xpco\xpco\common\sc_commonfiles\zsc_commonfiles_unittest\bin\debug\net472\zsc_commonfiles_unittest.dll" id="d326e466-8fe4-d29b-9b6b-a9886d65bce4">
      <Execution id="e0b9760b-5675-443d-adce-082c5c026404" />
      <TestMethod codeBase="D:\actions-runner\_work\XPCO\XPCO\Common\SC_CommonFiles\zSC_CommonFiles_UnitTest\bin\Debug\net472\zSC_CommonFiles_UnitTest.dll" adapterTypeName="executor://mstestadapter/v2" className="zSC_CommonFiles_UnitTest.VideoOS.Common.State.StateManagerTests" name="GetStates_NoSessionStarted_NewSession" />
    </UnitTest>
    <UnitTest name="FindOptimalTilingCalculatesEqualNumberOfRowsAndColumnsIfRatioIsOne" storage="d:\actions-runner\_work\xpco\xpco\common\sc_commonfiles\zsc_commonfiles_unittest\bin\debug\net472\zsc_commonfiles_unittest.dll" id="8d2e4a94-ff96-e137-7aa1-856c2b177202">
      <Execution id="4b573655-86a9-4414-8a96-73409a1a5875" />
      <TestMethod codeBase="D:\actions-runner\_work\XPCO\XPCO\Common\SC_CommonFiles\zSC_CommonFiles_UnitTest\bin\Debug\net472\zSC_CommonFiles_UnitTest.dll" adapterTypeName="executor://mstestadapter/v2" className="zSC_CommonFiles_UnitTest.DashboardTilesTests" name="FindOptimalTilingCalculatesEqualNumberOfRowsAndColumnsIfRatioIsOne" />
    </UnitTest>
    <UnitTest name="RoundToMillisecond_Down" storage="d:\actions-runner\_work\xpco\xpco\common\sc_commonfiles\zsc_commonfiles_unittest\bin\debug\net472\zsc_commonfiles_unittest.dll" id="9e746348-f3a7-2f41-9d29-e3b583264792">
      <Execution id="2a2cb799-a5a6-4f7b-bb12-14d54e98c93e" />
      <TestMethod codeBase="D:\actions-runner\_work\XPCO\XPCO\Common\SC_CommonFiles\zSC_CommonFiles_UnitTest\bin\Debug\net472\zSC_CommonFiles_UnitTest.dll" adapterTypeName="executor://mstestadapter/v2" className="zSC_CommonFiles_UnitTest.VideoOS.UI.Common.WPF.Utils.ExtensionMethods.DateTimeExtensionsTests" name="RoundToMillisecond_Down" />
    </UnitTest>
    <UnitTest name="DispatcherCreateTest" storage="d:\actions-runner\_work\xpco\xpco\common\sc_commonfiles\zsc_commonfiles_unittest\bin\debug\net472\zsc_commonfiles_unittest.dll" id="d78750b2-ef6e-b941-b3e8-5db7115013c1">
      <Execution id="208f1201-45d9-455f-8ca7-680aba2f4d7e" />
      <TestMethod codeBase="D:\actions-runner\_work\XPCO\XPCO\Common\SC_CommonFiles\zSC_CommonFiles_UnitTest\bin\Debug\net472\zSC_CommonFiles_UnitTest.dll" adapterTypeName="executor://mstestadapter/v2" className="SmartClient_UnitTest.VideoOS.UI.Common.WPF.Utils.Threading.DispatcherExtensionsTest" name="DispatcherCreateTest" />
    </UnitTest>
    <UnitTest name="SpinlockHandlerTest" storage="d:\actions-runner\_work\xpco\xpco\common\sc_commonfiles\zsc_commonfiles_unittest\bin\debug\net472\zsc_commonfiles_unittest.dll" id="6b82ab31-6a38-fe74-50c1-7d145afb1011">
      <Execution id="4ed1f7e0-0812-42a2-832b-39da5e207c50" />
      <TestMethod codeBase="D:\actions-runner\_work\XPCO\XPCO\Common\SC_CommonFiles\zSC_CommonFiles_UnitTest\bin\Debug\net472\zSC_CommonFiles_UnitTest.dll" adapterTypeName="executor://mstestadapter/v2" className="SmartClient_UnitTest.VideoOS.UI.Common.WPF.Utils.Threading.SpinLockHandlerTest" name="SpinlockHandlerTest" />
    </UnitTest>
    <UnitTest name="AuthenticationSimple_SetProperties_Success" storage="d:\actions-runner\_work\xpco\xpco\common\sc_commonfiles\zsc_commonfiles_unittest\bin\debug\net472\zsc_commonfiles_unittest.dll" id="7b296182-9791-5bb6-d0bc-cac1175b5b79">
      <TestCategory>
        <TestCategoryItem TestCategory="AuthenticationInfoTests" />
      </TestCategory>
      <Execution id="14338074-8e5f-4849-85cb-14bc3855cc48" />
      <TestMethod codeBase="D:\actions-runner\_work\XPCO\XPCO\Common\SC_CommonFiles\zSC_CommonFiles_UnitTest\bin\Debug\net472\zSC_CommonFiles_UnitTest.dll" adapterTypeName="executor://mstestadapter/v2" className="zSC_CommonFiles_UnitTest.VideoOS.Common.Login.AuthenticationInfoTests" name="AuthenticationSimple_SetProperties_Success" />
    </UnitTest>
    <UnitTest name="ShowDialogScaledHorizontalCenter_EnsureWithinScreen_100Percent_Scaling" storage="d:\actions-runner\_work\xpco\xpco\common\sc_commonfiles\zsc_commonfiles_unittest\bin\debug\net472\zsc_commonfiles_unittest.dll" id="0cb85e0d-e620-5ffd-3a6f-c0a03dbcffb6">
      <Execution id="92e565af-aee8-4a25-8acf-da2d370d54b3" />
      <TestMethod codeBase="D:\actions-runner\_work\XPCO\XPCO\Common\SC_CommonFiles\zSC_CommonFiles_UnitTest\bin\Debug\net472\zSC_CommonFiles_UnitTest.dll" adapterTypeName="executor://mstestadapter/v2" className="zSC_CommonFiles_UnitTest.VideoOS.UI.Common.WPF.Utils.ExtensionMethods.WindowExtensionsTests" name="ShowDialogScaledHorizontalCenter_EnsureWithinScreen_100Percent_Scaling" />
    </UnitTest>
    <UnitTest name="ChangeMaxValue_LessThanMinValue_RangeAndMinValueUpdated" storage="d:\actions-runner\_work\xpco\xpco\common\sc_commonfiles\zsc_commonfiles_unittest\bin\debug\net472\zsc_commonfiles_unittest.dll" id="b62c4f1d-0c70-3ca6-698f-93042754bfc6">
      <TestCategory>
        <TestCategoryItem TestCategory="RangeSelector" />
      </TestCategory>
      <Execution id="886d5869-53cc-49b5-a0b2-0a9d6fdc9fe2" />
      <TestMethod codeBase="D:\actions-runner\_work\XPCO\XPCO\Common\SC_CommonFiles\zSC_CommonFiles_UnitTest\bin\Debug\net472\zSC_CommonFiles_UnitTest.dll" adapterTypeName="executor://mstestadapter/v2" className="VideoOS.UI.Common.WPF.RangeSelector.RangeSelectorTest" name="ChangeMaxValue_LessThanMinValue_RangeAndMinValueUpdated" />
    </UnitTest>
    <UnitTest name="AuthenticationWindows_SetEnabled_Throws_InvalidOperationException" storage="d:\actions-runner\_work\xpco\xpco\common\sc_commonfiles\zsc_commonfiles_unittest\bin\debug\net472\zsc_commonfiles_unittest.dll" id="4c2c17d3-0b22-1bad-fc18-dfc6e618f39b">
      <TestCategory>
        <TestCategoryItem TestCategory="AuthenticationInfoTests" />
      </TestCategory>
      <Execution id="9958177b-ddda-470c-a3a3-4fff9f250580" />
      <TestMethod codeBase="D:\actions-runner\_work\XPCO\XPCO\Common\SC_CommonFiles\zSC_CommonFiles_UnitTest\bin\Debug\net472\zSC_CommonFiles_UnitTest.dll" adapterTypeName="executor://mstestadapter/v2" className="zSC_CommonFiles_UnitTest.VideoOS.Common.Login.AuthenticationInfoTests" name="AuthenticationWindows_SetEnabled_Throws_InvalidOperationException" />
    </UnitTest>
    <UnitTest name="RoundToMinute_RoundDown" storage="d:\actions-runner\_work\xpco\xpco\common\sc_commonfiles\zsc_commonfiles_unittest\bin\debug\net472\zsc_commonfiles_unittest.dll" id="91452546-d657-4c1c-6138-277aca7ba885">
      <Execution id="0efc79cf-ae93-453c-806b-8321155e95a8" />
      <TestMethod codeBase="D:\actions-runner\_work\XPCO\XPCO\Common\SC_CommonFiles\zSC_CommonFiles_UnitTest\bin\Debug\net472\zSC_CommonFiles_UnitTest.dll" adapterTypeName="executor://mstestadapter/v2" className="zSC_CommonFiles_UnitTest.VideoOS.UI.Common.WPF.Utils.ExtensionMethods.TimeSpanExtensionsTests" name="RoundToMinute_RoundDown" />
    </UnitTest>
    <UnitTest name="AuthenticationSimple_SetName_Throws_InvalidOperationException" storage="d:\actions-runner\_work\xpco\xpco\common\sc_commonfiles\zsc_commonfiles_unittest\bin\debug\net472\zsc_commonfiles_unittest.dll" id="bb23e984-379e-7e0e-1bce-dc1dbfcf6fc3">
      <TestCategory>
        <TestCategoryItem TestCategory="AuthenticationInfoTests" />
      </TestCategory>
      <Execution id="cb557d75-4957-4edb-9e54-9f5077b676c2" />
      <TestMethod codeBase="D:\actions-runner\_work\XPCO\XPCO\Common\SC_CommonFiles\zSC_CommonFiles_UnitTest\bin\Debug\net472\zSC_CommonFiles_UnitTest.dll" adapterTypeName="executor://mstestadapter/v2" className="zSC_CommonFiles_UnitTest.VideoOS.Common.Login.AuthenticationInfoTests" name="AuthenticationSimple_SetName_Throws_InvalidOperationException" />
    </UnitTest>
    <UnitTest name="Constructor_OAuth_ArgumentNull_NotThrown" storage="d:\actions-runner\_work\xpco\xpco\common\sc_commonfiles\zsc_commonfiles_unittest\bin\debug\net472\zsc_commonfiles_unittest.dll" id="d94fec79-4b64-232e-e01f-dd0b26b0effe">
      <Execution id="a7f36b6f-4494-4234-b3f6-56b665efd040" />
      <TestMethod codeBase="D:\actions-runner\_work\XPCO\XPCO\Common\SC_CommonFiles\zSC_CommonFiles_UnitTest\bin\Debug\net472\zSC_CommonFiles_UnitTest.dll" adapterTypeName="executor://mstestadapter/v2" className="zSC_CommonFiles_UnitTest.VideoOS.Common.State.StateHandlerTests" name="Constructor_OAuth_ArgumentNull_NotThrown" />
    </UnitTest>
    <UnitTest name="GetAllIntersectingTest" storage="d:\actions-runner\_work\xpco\xpco\common\sc_commonfiles\zsc_commonfiles_unittest\bin\debug\net472\zsc_commonfiles_unittest.dll" id="dbce7785-0027-ceda-950a-0631c1c23a9b">
      <Execution id="63283e90-2b77-44c8-be31-3d53678bbe82" />
      <TestMethod codeBase="D:\actions-runner\_work\XPCO\XPCO\Common\SC_CommonFiles\zSC_CommonFiles_UnitTest\bin\Debug\net472\zSC_CommonFiles_UnitTest.dll" adapterTypeName="executor://mstestadapter/v2" className="SmartClient_UnitTest_VideoOS_UI_Common_WPF_Timeline.TimeIntervalC5ExtensionTest" name="GetAllIntersectingTest" />
    </UnitTest>
    <UnitTest name="Convert_ShouldReturnUnsetValue_WhenValueCannotBeParsedToAnIntegerValue" storage="d:\actions-runner\_work\xpco\xpco\common\sc_commonfiles\zsc_commonfiles_unittest\bin\debug\net472\zsc_commonfiles_unittest.dll" id="4e8ec708-b63a-3736-0e4f-25924095128b">
      <Execution id="10ce4c56-3b44-43a7-a504-8553009bb659" />
      <TestMethod codeBase="D:\actions-runner\_work\XPCO\XPCO\Common\SC_CommonFiles\zSC_CommonFiles_UnitTest\bin\Debug\net472\zSC_CommonFiles_UnitTest.dll" adapterTypeName="executor://mstestadapter/v2" className="zSC_CommonFiles_UnitTest.VideoOS.UI.Common.WPF.Utils.Converters.CountToStringConverterTests" name="Convert_ShouldReturnUnsetValue_WhenValueCannotBeParsedToAnIntegerValue" />
    </UnitTest>
    <UnitTest name="Constructor_OAuth_BaseServerAddress_ArgumentNull_Thrown" storage="d:\actions-runner\_work\xpco\xpco\common\sc_commonfiles\zsc_commonfiles_unittest\bin\debug\net472\zsc_commonfiles_unittest.dll" id="c6b0eba2-ea22-d188-1409-7b75cdedc201">
      <Execution id="475d78fa-b453-4126-a421-a63ac708af99" />
      <TestMethod codeBase="D:\actions-runner\_work\XPCO\XPCO\Common\SC_CommonFiles\zSC_CommonFiles_UnitTest\bin\Debug\net472\zSC_CommonFiles_UnitTest.dll" adapterTypeName="executor://mstestadapter/v2" className="zSC_CommonFiles_UnitTest.VideoOS.Common.State.StateHandlerTests" name="Constructor_OAuth_BaseServerAddress_ArgumentNull_Thrown" />
    </UnitTest>
    <UnitTest name="FormsControlScaledLocationAndSize_AnchorLeftAndTop_100Percent_Scaling" storage="d:\actions-runner\_work\xpco\xpco\common\sc_commonfiles\zsc_commonfiles_unittest\bin\debug\net472\zsc_commonfiles_unittest.dll" id="c6a10fb2-e3f8-d6eb-e921-0173f07aa1b5">
      <Execution id="0301f50d-2365-47d3-8435-a9d497c63a32" />
      <TestMethod codeBase="D:\actions-runner\_work\XPCO\XPCO\Common\SC_CommonFiles\zSC_CommonFiles_UnitTest\bin\Debug\net472\zSC_CommonFiles_UnitTest.dll" adapterTypeName="executor://mstestadapter/v2" className="zSC_CommonFiles_UnitTest.VideoOS.UI.Common.WPF.Utils.ExtensionMethods.WindowExtensionsTests" name="FormsControlScaledLocationAndSize_AnchorLeftAndTop_100Percent_Scaling" />
    </UnitTest>
    <UnitTest name="RemoveNonExistingToast_Success" storage="d:\actions-runner\_work\xpco\xpco\common\sc_commonfiles\zsc_commonfiles_unittest\bin\debug\net472\zsc_commonfiles_unittest.dll" id="8222d29f-50ae-b106-6ccd-5b5874365d8b">
      <TestCategory>
        <TestCategoryItem TestCategory="Toasts" />
      </TestCategory>
      <Execution id="cba5ac32-42f9-4c78-8d5b-f3db8675258f" />
      <TestMethod codeBase="D:\actions-runner\_work\XPCO\XPCO\Common\SC_CommonFiles\zSC_CommonFiles_UnitTest\bin\Debug\net472\zSC_CommonFiles_UnitTest.dll" adapterTypeName="executor://mstestadapter/v2" className="zSC_CommonFiles_UnitTest.VideoOS.UI.Common.WPF.Toast.ToastsViewModelTests" name="RemoveNonExistingToast_Success" />
    </UnitTest>
    <UnitTest name="IsUnsecureConnectionAllowedForUser_ShouldReturnFalse_WhenUsernameDoesNotExist" storage="d:\actions-runner\_work\xpco\xpco\common\sc_commonfiles\zsc_commonfiles_unittest\bin\debug\net472\zsc_commonfiles_unittest.dll" id="439fd027-b2f2-7d61-d60d-ad31877df020">
      <Execution id="dfee6e34-4b1f-4767-9670-cd41980adb73" />
      <TestMethod codeBase="D:\actions-runner\_work\XPCO\XPCO\Common\SC_CommonFiles\zSC_CommonFiles_UnitTest\bin\Debug\net472\zSC_CommonFiles_UnitTest.dll" adapterTypeName="executor://mstestadapter/v2" className="zSC_CommonFiles_UnitTest.VideoOS.Common.Login.UIConnectionInfoTests" name="IsUnsecureConnectionAllowedForUser_ShouldReturnFalse_WhenUsernameDoesNotExist" />
    </UnitTest>
    <UnitTest name="MouseDown_OverRightRangeBar_RangeMinUpdated" storage="d:\actions-runner\_work\xpco\xpco\common\sc_commonfiles\zsc_commonfiles_unittest\bin\debug\net472\zsc_commonfiles_unittest.dll" id="08c8c1c6-bdcb-21d2-0325-62806128a803">
      <TestCategory>
        <TestCategoryItem TestCategory="RangeSelector" />
      </TestCategory>
      <Execution id="40a56da7-9016-4d09-8e08-0be5df1dc53d" />
      <TestMethod codeBase="D:\actions-runner\_work\XPCO\XPCO\Common\SC_CommonFiles\zSC_CommonFiles_UnitTest\bin\Debug\net472\zSC_CommonFiles_UnitTest.dll" adapterTypeName="executor://mstestadapter/v2" className="VideoOS.UI.Common.WPF.RangeSelector.RangeSelectorTest" name="MouseDown_OverRightRangeBar_RangeMinUpdated" />
    </UnitTest>
    <UnitTest name="Constructor_ShouldCreateEmptyTree_WhenUnitsHaveNoParent" storage="d:\actions-runner\_work\xpco\xpco\common\sc_commonfiles\zsc_commonfiles_unittest\bin\debug\net472\zsc_commonfiles_unittest.dll" id="223a2e32-2c68-23be-9c45-d825c6cf4171">
      <Execution id="8146cafb-3921-40f5-b67c-2c36f46a5134" />
      <TestMethod codeBase="D:\actions-runner\_work\XPCO\XPCO\Common\SC_CommonFiles\zSC_CommonFiles_UnitTest\bin\Debug\net472\zSC_CommonFiles_UnitTest.dll" adapterTypeName="executor://mstestadapter/v2" className="SmartClient_UnitTest_VideoOS_UI_Common_WPF_FilterTree.FilterTreeUserControlViewModelTest" name="Constructor_ShouldCreateEmptyTree_WhenUnitsHaveNoParent" />
    </UnitTest>
    <UnitTest name="DoComboTicksAllIfSelectedTileIsNull" storage="d:\actions-runner\_work\xpco\xpco\common\sc_commonfiles\zsc_commonfiles_unittest\bin\debug\net472\zsc_commonfiles_unittest.dll" id="a6478b4f-f785-703a-7384-c2061869f444">
      <Execution id="e150be5f-1916-47d8-bbf1-a326240803b9" />
      <TestMethod codeBase="D:\actions-runner\_work\XPCO\XPCO\Common\SC_CommonFiles\zSC_CommonFiles_UnitTest\bin\Debug\net472\zSC_CommonFiles_UnitTest.dll" adapterTypeName="executor://mstestadapter/v2" className="zSC_CommonFiles_UnitTest.DashboardTilesTests" name="DoComboTicksAllIfSelectedTileIsNull" />
    </UnitTest>
    <UnitTest name="SequenceEquals_NullCollection_IgnoreOrder_FalseResult" storage="d:\actions-runner\_work\xpco\xpco\common\sc_commonfiles\zsc_commonfiles_unittest\bin\debug\net472\zsc_commonfiles_unittest.dll" id="eee8a259-a056-ce20-fd00-ef8675395c38">
      <Execution id="3db3db3b-8ef7-4014-b7bb-4bb398c6caba" />
      <TestMethod codeBase="D:\actions-runner\_work\XPCO\XPCO\Common\SC_CommonFiles\zSC_CommonFiles_UnitTest\bin\Debug\net472\zSC_CommonFiles_UnitTest.dll" adapterTypeName="executor://mstestadapter/v2" className="zSC_CommonFiles_UnitTest.VideoOS.UI.Common.WPF.Utils.ObservableCollectionExtensionTest" name="SequenceEquals_NullCollection_IgnoreOrder_FalseResult" />
    </UnitTest>
    <UnitTest name="GetStates_NoSessionStarted_NoSession" storage="d:\actions-runner\_work\xpco\xpco\common\sc_commonfiles\zsc_commonfiles_unittest\bin\debug\net472\zsc_commonfiles_unittest.dll" id="97ed5bad-2fed-e9d4-6d6f-bad924a904de">
      <Execution id="e52380c4-91a4-4e44-9e6d-60cf4ddbb3a0" />
      <TestMethod codeBase="D:\actions-runner\_work\XPCO\XPCO\Common\SC_CommonFiles\zSC_CommonFiles_UnitTest\bin\Debug\net472\zSC_CommonFiles_UnitTest.dll" adapterTypeName="executor://mstestadapter/v2" className="zSC_CommonFiles_UnitTest.VideoOS.Common.State.ServerStateManagerTests" name="GetStates_NoSessionStarted_NoSession" />
    </UnitTest>
    <UnitTest name="SequenceEquals_UnequalCollections_RespectOrder_SymmetricalTrueResult" storage="d:\actions-runner\_work\xpco\xpco\common\sc_commonfiles\zsc_commonfiles_unittest\bin\debug\net472\zsc_commonfiles_unittest.dll" id="5095d613-b74e-da81-c8c0-bc71c282beb3">
      <Execution id="59277239-fcd2-4218-a70b-57fd622d49ce" />
      <TestMethod codeBase="D:\actions-runner\_work\XPCO\XPCO\Common\SC_CommonFiles\zSC_CommonFiles_UnitTest\bin\Debug\net472\zSC_CommonFiles_UnitTest.dll" adapterTypeName="executor://mstestadapter/v2" className="zSC_CommonFiles_UnitTest.VideoOS.UI.Common.WPF.Utils.ObservableCollectionExtensionTest" name="SequenceEquals_UnequalCollections_RespectOrder_SymmetricalTrueResult" />
    </UnitTest>
    <UnitTest name="OnPreviewKeyDown_LeftCtrl_Click_Select_Success" storage="d:\actions-runner\_work\xpco\xpco\common\sc_commonfiles\zsc_commonfiles_unittest\bin\debug\net472\zsc_commonfiles_unittest.dll" id="fbddede5-5be9-fcfe-2d72-bc891322f303">
      <TestCategory>
        <TestCategoryItem TestCategory="SC_CommonFiles.WPF.TileLayout" />
      </TestCategory>
      <Execution id="bc02330d-22df-4971-8f64-644ae97d1471" />
      <TestMethod codeBase="D:\actions-runner\_work\XPCO\XPCO\Common\SC_CommonFiles\zSC_CommonFiles_UnitTest\bin\Debug\net472\zSC_CommonFiles_UnitTest.dll" adapterTypeName="executor://mstestadapter/v2" className="zSC_CommonFiles_UnitTest.VideoOS.UI.Common.WPF.TileLayout.TileLayoutTest" name="OnPreviewKeyDown_LeftCtrl_Click_Select_Success" />
    </UnitTest>
    <UnitTest name="RoundToMinute_Up" storage="d:\actions-runner\_work\xpco\xpco\common\sc_commonfiles\zsc_commonfiles_unittest\bin\debug\net472\zsc_commonfiles_unittest.dll" id="b301c31a-5fce-b4b4-96b1-9d8598e593a2">
      <Execution id="8bb929ff-918b-499e-a999-527884b63425" />
      <TestMethod codeBase="D:\actions-runner\_work\XPCO\XPCO\Common\SC_CommonFiles\zSC_CommonFiles_UnitTest\bin\Debug\net472\zSC_CommonFiles_UnitTest.dll" adapterTypeName="executor://mstestadapter/v2" className="zSC_CommonFiles_UnitTest.VideoOS.UI.Common.WPF.Utils.ExtensionMethods.DateTimeExtensionsTests" name="RoundToMinute_Up" />
    </UnitTest>
    <UnitTest name="OnPreviewKeyDown_Down_Success" storage="d:\actions-runner\_work\xpco\xpco\common\sc_commonfiles\zsc_commonfiles_unittest\bin\debug\net472\zsc_commonfiles_unittest.dll" id="75ddff72-1da7-7256-0e4d-9208c0d7b717">
      <TestCategory>
        <TestCategoryItem TestCategory="SC_CommonFiles.WPF.TileLayout" />
      </TestCategory>
      <Execution id="8eb1e2d0-1ae3-4b9a-a824-e5ef7aa98a09" />
      <TestMethod codeBase="D:\actions-runner\_work\XPCO\XPCO\Common\SC_CommonFiles\zSC_CommonFiles_UnitTest\bin\Debug\net472\zSC_CommonFiles_UnitTest.dll" adapterTypeName="executor://mstestadapter/v2" className="zSC_CommonFiles_UnitTest.VideoOS.UI.Common.WPF.TileLayout.TileLayoutTest" name="OnPreviewKeyDown_Down_Success" />
    </UnitTest>
    <UnitTest name="GetTimeSpanValueOrDefault_WrongKeyValue_DefaultValueReturned" storage="d:\actions-runner\_work\xpco\xpco\common\sc_commonfiles\zsc_commonfiles_unittest\bin\debug\net472\zsc_commonfiles_unittest.dll" id="17d84dca-08db-1fc3-9f2e-4c3ca40d4597">
      <Execution id="a0d480f7-9e8f-459b-83c9-6e97113a610b" />
      <TestMethod codeBase="D:\actions-runner\_work\XPCO\XPCO\Common\SC_CommonFiles\zSC_CommonFiles_UnitTest\bin\Debug\net472\zSC_CommonFiles_UnitTest.dll" adapterTypeName="executor://mstestadapter/v2" className="zSC_CommonFiles_UnitTest.VideoOS.Common.Configuration.NameValueCollectionExtensionsTest" name="GetTimeSpanValueOrDefault_WrongKeyValue_DefaultValueReturned" />
    </UnitTest>
    <UnitTest name="DoComboSelectionSetsComboTextToTypeNameIfSelectionIsNotInstance" storage="d:\actions-runner\_work\xpco\xpco\common\sc_commonfiles\zsc_commonfiles_unittest\bin\debug\net472\zsc_commonfiles_unittest.dll" id="98ecfc2f-a242-ec20-0f52-a34da70ff901">
      <Execution id="fee14a41-e1b1-4172-afc8-9c31fb336798" />
      <TestMethod codeBase="D:\actions-runner\_work\XPCO\XPCO\Common\SC_CommonFiles\zSC_CommonFiles_UnitTest\bin\Debug\net472\zSC_CommonFiles_UnitTest.dll" adapterTypeName="executor://mstestadapter/v2" className="zSC_CommonFiles_UnitTest.DashboardTilesTests" name="DoComboSelectionSetsComboTextToTypeNameIfSelectionIsNotInstance" />
    </UnitTest>
    <UnitTest name="SingleCameraMustReturnDisplayNameAsEntityName" storage="d:\actions-runner\_work\xpco\xpco\common\sc_commonfiles\zsc_commonfiles_unittest\bin\debug\net472\zsc_commonfiles_unittest.dll" id="6cb4c9a0-0faa-e5bf-8132-58751189c459">
      <Execution id="dfd7a3dc-4173-4ca1-bfdc-28515e5e20fc" />
      <TestMethod codeBase="D:\actions-runner\_work\XPCO\XPCO\Common\SC_CommonFiles\zSC_CommonFiles_UnitTest\bin\Debug\net472\zSC_CommonFiles_UnitTest.dll" adapterTypeName="executor://mstestadapter/v2" className="zSC_CommonFiles_UnitTest.LocalizationTests" name="SingleCameraMustReturnDisplayNameAsEntityName" />
    </UnitTest>
    <UnitTest name="GetStates_NoSessionStarted_NoSession" storage="d:\actions-runner\_work\xpco\xpco\common\sc_commonfiles\zsc_commonfiles_unittest\bin\debug\net472\zsc_commonfiles_unittest.dll" id="98ef8a3d-1657-a6ae-7eaf-dfb44be1b2e7">
      <Execution id="ba95ce16-bd1a-4d24-92a0-1c45f91cf579" />
      <TestMethod codeBase="D:\actions-runner\_work\XPCO\XPCO\Common\SC_CommonFiles\zSC_CommonFiles_UnitTest\bin\Debug\net472\zSC_CommonFiles_UnitTest.dll" adapterTypeName="executor://mstestadapter/v2" className="zSC_CommonFiles_UnitTest.VideoOS.Common.State.StateManagerTests" name="GetStates_NoSessionStarted_NoSession" />
    </UnitTest>
    <UnitTest name="SequenceEquals_EqualCollections_IgnoreOrder_SymmetricalTrueResult" storage="d:\actions-runner\_work\xpco\xpco\common\sc_commonfiles\zsc_commonfiles_unittest\bin\debug\net472\zsc_commonfiles_unittest.dll" id="9f21fd60-dc5f-a407-0a71-dc6ac4edd3a8">
      <Execution id="dbb75650-7ded-456f-b974-894954e06bd5" />
      <TestMethod codeBase="D:\actions-runner\_work\XPCO\XPCO\Common\SC_CommonFiles\zSC_CommonFiles_UnitTest\bin\Debug\net472\zSC_CommonFiles_UnitTest.dll" adapterTypeName="executor://mstestadapter/v2" className="zSC_CommonFiles_UnitTest.VideoOS.UI.Common.WPF.Utils.ObservableCollectionExtensionTest" name="SequenceEquals_EqualCollections_IgnoreOrder_SymmetricalTrueResult" />
    </UnitTest>
    <UnitTest name="Constructor_ShouldCreateTreeOfDepth2_WhenUnitsHaveParentButNoGrandparentButIncludeIsEnabled" storage="d:\actions-runner\_work\xpco\xpco\common\sc_commonfiles\zsc_commonfiles_unittest\bin\debug\net472\zsc_commonfiles_unittest.dll" id="8767f881-fdc8-88b5-6aba-c8e95f3120ba">
      <Execution id="6da0d668-bba8-4940-8a33-080025d3b6dd" />
      <TestMethod codeBase="D:\actions-runner\_work\XPCO\XPCO\Common\SC_CommonFiles\zSC_CommonFiles_UnitTest\bin\Debug\net472\zSC_CommonFiles_UnitTest.dll" adapterTypeName="executor://mstestadapter/v2" className="SmartClient_UnitTest_VideoOS_UI_Common_WPF_FilterTree.FilterTreeUserControlViewModelTest" name="Constructor_ShouldCreateTreeOfDepth2_WhenUnitsHaveParentButNoGrandparentButIncludeIsEnabled" />
    </UnitTest>
    <UnitTest name="IntersectOrdered" storage="d:\actions-runner\_work\xpco\xpco\common\sc_commonfiles\zsc_commonfiles_unittest\bin\debug\net472\zsc_commonfiles_unittest.dll" id="e4efa2e9-6d62-0683-b9e7-1e5cf6253345">
      <Execution id="e2dd4dfb-5ffe-4ddf-a7b4-22a0c5a7f5ed" />
      <TestMethod codeBase="D:\actions-runner\_work\XPCO\XPCO\Common\SC_CommonFiles\zSC_CommonFiles_UnitTest\bin\Debug\net472\zSC_CommonFiles_UnitTest.dll" adapterTypeName="executor://mstestadapter/v2" className="zSC_CommonFiles_UnitTest.VideoOS.UI.Common.WPF.Utils.ExtensionMethods.IEnumerableExtensionTests" name="IntersectOrdered" />
    </UnitTest>
    <UnitTest name="AddFrameworkElementsOverlay_WithFollowDigitalZoomTrue_ShouldAddToFrameworkElementsOverlaysFollowDigitalZoom" storage="d:\actions-runner\_work\xpco\xpco\common\sc_commonfiles\zsc_commonfiles_unittest\bin\debug\net472\zsc_commonfiles_unittest.dll" id="a219a971-ee6f-7138-7f95-5ebe25d5d446">
      <Execution id="a69b0066-43d9-47b6-b429-b36a2d65f449" />
      <TestMethod codeBase="D:\actions-runner\_work\XPCO\XPCO\Common\SC_CommonFiles\zSC_CommonFiles_UnitTest\bin\Debug\net472\zSC_CommonFiles_UnitTest.dll" adapterTypeName="executor://mstestadapter/v2" className="zSC_CommonFiles_UnitTest.VideoOS.UI.Common.WPF.VideoPlayer.Model.FrameworkElementsOverlayModelTests" name="AddFrameworkElementsOverlay_WithFollowDigitalZoomTrue_ShouldAddToFrameworkElementsOverlaysFollowDigitalZoom" />
    </UnitTest>
    <UnitTest name="AddToast_NewToast_Success" storage="d:\actions-runner\_work\xpco\xpco\common\sc_commonfiles\zsc_commonfiles_unittest\bin\debug\net472\zsc_commonfiles_unittest.dll" id="876bc370-09a2-ee34-0b46-51df5caf6b5d">
      <TestCategory>
        <TestCategoryItem TestCategory="Toasts" />
      </TestCategory>
      <Execution id="10509874-543b-4047-86de-7e8f07b1675e" />
      <TestMethod codeBase="D:\actions-runner\_work\XPCO\XPCO\Common\SC_CommonFiles\zSC_CommonFiles_UnitTest\bin\Debug\net472\zSC_CommonFiles_UnitTest.dll" adapterTypeName="executor://mstestadapter/v2" className="VideoOS.UI.Common.WPF.Toast.ToastManagerTests" name="AddToast_NewToast_Success" />
    </UnitTest>
    <UnitTest name="Dismiss_ToastDismissed" storage="d:\actions-runner\_work\xpco\xpco\common\sc_commonfiles\zsc_commonfiles_unittest\bin\debug\net472\zsc_commonfiles_unittest.dll" id="bc77ee0c-1b15-15e6-cc3d-5cb4ade23cbd">
      <TestCategory>
        <TestCategoryItem TestCategory="Toasts" />
      </TestCategory>
      <Execution id="bbaddf6d-3b2b-4ac1-a97b-9f3ff3cde8cc" />
      <TestMethod codeBase="D:\actions-runner\_work\XPCO\XPCO\Common\SC_CommonFiles\zSC_CommonFiles_UnitTest\bin\Debug\net472\zSC_CommonFiles_UnitTest.dll" adapterTypeName="executor://mstestadapter/v2" className="zSC_CommonFiles_UnitTest.VideoOS.UI.Common.WPF.Toast.ToastBaseTests" name="Dismiss_ToastDismissed" />
    </UnitTest>
    <UnitTest name="Add_Child_Success" storage="d:\actions-runner\_work\xpco\xpco\common\sc_commonfiles\zsc_commonfiles_unittest\bin\debug\net472\zsc_commonfiles_unittest.dll" id="e245fb45-69ee-13c5-5051-f3d423a730df">
      <TestCategory>
        <TestCategoryItem TestCategory="SC_CommonFiles.WPF.TileLayout" />
      </TestCategory>
      <Execution id="ca348457-aac2-4cf0-8a45-eec7cbaa9fb0" />
      <TestMethod codeBase="D:\actions-runner\_work\XPCO\XPCO\Common\SC_CommonFiles\zSC_CommonFiles_UnitTest\bin\Debug\net472\zSC_CommonFiles_UnitTest.dll" adapterTypeName="executor://mstestadapter/v2" className="zSC_CommonFiles_UnitTest.VideoOS.UI.Common.WPF.TileLayout.ItemHolderTest" name="Add_Child_Success" />
    </UnitTest>
    <UnitTest name="Constructor_BaseServerAddress_ArgumentNull_NotThrown" storage="d:\actions-runner\_work\xpco\xpco\common\sc_commonfiles\zsc_commonfiles_unittest\bin\debug\net472\zsc_commonfiles_unittest.dll" id="c9ba1809-2f3f-3bdb-0be2-cd4f412ec431">
      <Execution id="74ed40d3-3b88-4d1e-9717-61eec94fb48f" />
      <TestMethod codeBase="D:\actions-runner\_work\XPCO\XPCO\Common\SC_CommonFiles\zSC_CommonFiles_UnitTest\bin\Debug\net472\zSC_CommonFiles_UnitTest.dll" adapterTypeName="executor://mstestadapter/v2" className="zSC_CommonFiles_UnitTest.VideoOS.Common.State.StateHandlerTests" name="Constructor_BaseServerAddress_ArgumentNull_NotThrown" />
    </UnitTest>
    <UnitTest name="Constructor_ShouldCreateTreeOfDepth2_WhenUnitsHaveGrandparent" storage="d:\actions-runner\_work\xpco\xpco\common\sc_commonfiles\zsc_commonfiles_unittest\bin\debug\net472\zsc_commonfiles_unittest.dll" id="704cc4f9-442e-9c30-b5d7-b60631e124cf">
      <Execution id="bd90d7c8-b926-48dd-b783-bb948d2ec3f0" />
      <TestMethod codeBase="D:\actions-runner\_work\XPCO\XPCO\Common\SC_CommonFiles\zSC_CommonFiles_UnitTest\bin\Debug\net472\zSC_CommonFiles_UnitTest.dll" adapterTypeName="executor://mstestadapter/v2" className="SmartClient_UnitTest_VideoOS_UI_Common_WPF_FilterTree.FilterTreeUserControlViewModelTest" name="Constructor_ShouldCreateTreeOfDepth2_WhenUnitsHaveGrandparent" />
    </UnitTest>
    <UnitTest name="TestTest" storage="d:\actions-runner\_work\xpco\xpco\common\sc_commonfiles\zsc_commonfiles_unittest\bin\debug\net472\zsc_commonfiles_unittest.dll" id="35804b06-11f8-fb19-7cd9-4b5182d944a6">
      <Execution id="ac3d319e-e8e8-45ec-9aa2-4dc2db231231" />
      <TestMethod codeBase="D:\actions-runner\_work\XPCO\XPCO\Common\SC_CommonFiles\zSC_CommonFiles_UnitTest\bin\Debug\net472\zSC_CommonFiles_UnitTest.dll" adapterTypeName="executor://mstestadapter/v2" className="SmartClient_UnitTest_VideoOS_UI_Common_WPF_Timeline_QueryDispatcher.QueryDispatcherTest" name="TestTest" />
    </UnitTest>
    <UnitTest name="ProvideValue_ReturnsThis" storage="d:\actions-runner\_work\xpco\xpco\common\sc_commonfiles\zsc_commonfiles_unittest\bin\debug\net472\zsc_commonfiles_unittest.dll" id="89375aca-5b37-064f-74cf-5102a1c4ec81">
      <TestCategory>
        <TestCategoryItem TestCategory="Converters" />
      </TestCategory>
      <Execution id="46c0dcf1-82af-4cc0-b766-167c0db7a9c5" />
      <TestMethod codeBase="D:\actions-runner\_work\XPCO\XPCO\Common\SC_CommonFiles\zSC_CommonFiles_UnitTest\bin\Debug\net472\zSC_CommonFiles_UnitTest.dll" adapterTypeName="executor://mstestadapter/v2" className="VideoOS.UI.Common.WPF.Utils.Converters.AutomationIdConverterTests" name="ProvideValue_ReturnsThis" />
    </UnitTest>
    <UnitTest name="RoundToMinute_RoundUp" storage="d:\actions-runner\_work\xpco\xpco\common\sc_commonfiles\zsc_commonfiles_unittest\bin\debug\net472\zsc_commonfiles_unittest.dll" id="f02c80b8-49d2-fc2d-4c9d-16620ea9d887">
      <Execution id="194d5012-34dc-43a5-91ce-9a6f9f56dad9" />
      <TestMethod codeBase="D:\actions-runner\_work\XPCO\XPCO\Common\SC_CommonFiles\zSC_CommonFiles_UnitTest\bin\Debug\net472\zSC_CommonFiles_UnitTest.dll" adapterTypeName="executor://mstestadapter/v2" className="zSC_CommonFiles_UnitTest.VideoOS.UI.Common.WPF.Utils.ExtensionMethods.TimeSpanExtensionsTests" name="RoundToMinute_RoundUp" />
    </UnitTest>
    <UnitTest name="RoundToHour_Nearest" storage="d:\actions-runner\_work\xpco\xpco\common\sc_commonfiles\zsc_commonfiles_unittest\bin\debug\net472\zsc_commonfiles_unittest.dll" id="3c8c7252-b903-0c1c-e35f-58aec4759494">
      <Execution id="cfcc91d5-f2e2-4e7a-9b01-b101f04a124d" />
      <TestMethod codeBase="D:\actions-runner\_work\XPCO\XPCO\Common\SC_CommonFiles\zSC_CommonFiles_UnitTest\bin\Debug\net472\zSC_CommonFiles_UnitTest.dll" adapterTypeName="executor://mstestadapter/v2" className="zSC_CommonFiles_UnitTest.VideoOS.UI.Common.WPF.Utils.ExtensionMethods.DateTimeExtensionsTests" name="RoundToHour_Nearest" />
    </UnitTest>
    <UnitTest name="TryCreateUri_ShouldReturnFalse_WhenInputIsInvalidUri" storage="d:\actions-runner\_work\xpco\xpco\common\sc_commonfiles\zsc_commonfiles_unittest\bin\debug\net472\zsc_commonfiles_unittest.dll" id="8a554420-2901-ce60-a106-99e771204384">
      <Execution id="8e281842-dac7-41b5-9dc9-3f9e5277d166" />
      <TestMethod codeBase="D:\actions-runner\_work\XPCO\XPCO\Common\SC_CommonFiles\zSC_CommonFiles_UnitTest\bin\Debug\net472\zSC_CommonFiles_UnitTest.dll" adapterTypeName="executor://mstestadapter/v2" className="zSC_CommonFiles_UnitTest.VideoOS.UI.Common.WPF.Utils.ExtensionMethods.StringExtensionsTests" name="TryCreateUri_ShouldReturnFalse_WhenInputIsInvalidUri" />
    </UnitTest>
    <UnitTest name="StartCameraStates_CommunicationException_DoubledSleepDuration" storage="d:\actions-runner\_work\xpco\xpco\common\sc_commonfiles\zsc_commonfiles_unittest\bin\debug\net472\zsc_commonfiles_unittest.dll" id="e5e8af21-71fb-6408-e3b9-cb39965b660d">
      <Execution id="65cb7cd0-10e6-4e93-af17-5382ddc031fd" />
      <TestMethod codeBase="D:\actions-runner\_work\XPCO\XPCO\Common\SC_CommonFiles\zSC_CommonFiles_UnitTest\bin\Debug\net472\zSC_CommonFiles_UnitTest.dll" adapterTypeName="executor://mstestadapter/v2" className="zSC_CommonFiles_UnitTest.VideoOS.Common.State.StateHandlerTests" name="StartCameraStates_CommunicationException_DoubledSleepDuration" />
    </UnitTest>
    <UnitTest name="SingleCameraGroupMustReturnDisplayNameAsEntityName" storage="d:\actions-runner\_work\xpco\xpco\common\sc_commonfiles\zsc_commonfiles_unittest\bin\debug\net472\zsc_commonfiles_unittest.dll" id="46887356-7c48-625a-9fa8-4ca482d2d04d">
      <Execution id="4726ebbf-4168-4110-961d-ab2cf53a1005" />
      <TestMethod codeBase="D:\actions-runner\_work\XPCO\XPCO\Common\SC_CommonFiles\zSC_CommonFiles_UnitTest\bin\Debug\net472\zSC_CommonFiles_UnitTest.dll" adapterTypeName="executor://mstestadapter/v2" className="zSC_CommonFiles_UnitTest.LocalizationTests" name="SingleCameraGroupMustReturnDisplayNameAsEntityName" />
    </UnitTest>
    <UnitTest name="TileStateIsUpdatedEvenIfCurrentStatesIsNull" storage="d:\actions-runner\_work\xpco\xpco\common\sc_commonfiles\zsc_commonfiles_unittest\bin\debug\net472\zsc_commonfiles_unittest.dll" id="569900d4-58ce-d7ba-87cf-ed8c555e623f">
      <Execution id="e7fbf55f-5e32-41c3-ab51-0c0634d61fa2" />
      <TestMethod codeBase="D:\actions-runner\_work\XPCO\XPCO\Common\SC_CommonFiles\zSC_CommonFiles_UnitTest\bin\Debug\net472\zSC_CommonFiles_UnitTest.dll" adapterTypeName="executor://mstestadapter/v2" className="zSC_CommonFiles_UnitTest.DashboardTilesTests" name="TileStateIsUpdatedEvenIfCurrentStatesIsNull" />
    </UnitTest>
    <UnitTest name="GetThumbDependOnTheCamId" storage="d:\actions-runner\_work\xpco\xpco\common\sc_commonfiles\zsc_commonfiles_unittest\bin\debug\net472\zsc_commonfiles_unittest.dll" id="4976d7df-aa75-dba7-69e7-9402402b4c8e">
      <Execution id="fa06751d-fcf1-4a25-8811-140e2835abcb" />
      <TestMethod codeBase="D:\actions-runner\_work\XPCO\XPCO\Common\SC_CommonFiles\zSC_CommonFiles_UnitTest\bin\Debug\net472\zSC_CommonFiles_UnitTest.dll" adapterTypeName="executor://mstestadapter/v2" className="SC_Common_UnitTest_VideoOS_UI_Common_Data_SequenceRetriever_ThumbCache.ThumbCacheTest" name="GetThumbDependOnTheCamId" />
    </UnitTest>
    <UnitTest name="ShowCustomizeWindowThrowsWhenParentControlIsNull" storage="d:\actions-runner\_work\xpco\xpco\common\sc_commonfiles\zsc_commonfiles_unittest\bin\debug\net472\zsc_commonfiles_unittest.dll" id="5f23c18d-428e-08d4-6861-aed4128bbfb5">
      <Execution id="cf81d7cf-eb18-492b-a44d-c6f9f1776298" />
      <TestMethod codeBase="D:\actions-runner\_work\XPCO\XPCO\Common\SC_CommonFiles\zSC_CommonFiles_UnitTest\bin\Debug\net472\zSC_CommonFiles_UnitTest.dll" adapterTypeName="executor://mstestadapter/v2" className="zSC_CommonFiles_UnitTest.DashboardTilesTests" name="ShowCustomizeWindowThrowsWhenParentControlIsNull" />
    </UnitTest>
    <UnitTest name="ChangeRangeMax_LowerThanRangeMin_StopAtRangeMin" storage="d:\actions-runner\_work\xpco\xpco\common\sc_commonfiles\zsc_commonfiles_unittest\bin\debug\net472\zsc_commonfiles_unittest.dll" id="a157e23c-b861-4296-80a4-584edfe004e0">
      <TestCategory>
        <TestCategoryItem TestCategory="RangeSelector" />
      </TestCategory>
      <Execution id="519c0396-35b9-456f-859a-d9127aa62e3a" />
      <TestMethod codeBase="D:\actions-runner\_work\XPCO\XPCO\Common\SC_CommonFiles\zSC_CommonFiles_UnitTest\bin\Debug\net472\zSC_CommonFiles_UnitTest.dll" adapterTypeName="executor://mstestadapter/v2" className="VideoOS.UI.Common.WPF.RangeSelector.RangeSelectorTest" name="ChangeRangeMax_LowerThanRangeMin_StopAtRangeMin" />
    </UnitTest>
    <UnitTest name="TooltipServiceWarning_EmptyServer" storage="d:\actions-runner\_work\xpco\xpco\common\sc_commonfiles\zsc_commonfiles_unittest\bin\debug\net472\zsc_commonfiles_unittest.dll" id="bd58f8d9-e6cb-76f7-101e-84475807384c">
      <Execution id="771d12b7-6db4-4f54-90c7-8d8b458b9c06" />
      <TestMethod codeBase="D:\actions-runner\_work\XPCO\XPCO\Common\SC_CommonFiles\zSC_CommonFiles_UnitTest\bin\Debug\net472\zSC_CommonFiles_UnitTest.dll" adapterTypeName="executor://mstestadapter/v2" className="zSC_CommonFiles_UnitTest.VideoOS.UI.Common.WPF.Dashboard.Types.ServerTest" name="TooltipServiceWarning_EmptyServer" />
    </UnitTest>
    <UnitTest name="RoundToHour_RoundDown" storage="d:\actions-runner\_work\xpco\xpco\common\sc_commonfiles\zsc_commonfiles_unittest\bin\debug\net472\zsc_commonfiles_unittest.dll" id="a9359554-6927-fb85-3830-72d7f8df0ae0">
      <Execution id="00b3bb87-5292-44e2-85df-8717e69913e8" />
      <TestMethod codeBase="D:\actions-runner\_work\XPCO\XPCO\Common\SC_CommonFiles\zSC_CommonFiles_UnitTest\bin\Debug\net472\zSC_CommonFiles_UnitTest.dll" adapterTypeName="executor://mstestadapter/v2" className="zSC_CommonFiles_UnitTest.VideoOS.UI.Common.WPF.Utils.ExtensionMethods.TimeSpanExtensionsTests" name="RoundToHour_RoundDown" />
    </UnitTest>
    <UnitTest name="CacheCanBeResetTest" storage="d:\actions-runner\_work\xpco\xpco\common\sc_commonfiles\zsc_commonfiles_unittest\bin\debug\net472\zsc_commonfiles_unittest.dll" id="3a338b5e-ca33-280e-31b5-7634bd32733f">
      <Execution id="cc34ee5e-2bc7-4158-9e20-bbd28d7604dd" />
      <TestMethod codeBase="D:\actions-runner\_work\XPCO\XPCO\Common\SC_CommonFiles\zSC_CommonFiles_UnitTest\bin\Debug\net472\zSC_CommonFiles_UnitTest.dll" adapterTypeName="executor://mstestadapter/v2" className="SC_Common_UnitTest_VideoOS_UI_Common_Data_SequenceRetriever_ThumbCache.ThumbCacheTest" name="CacheCanBeResetTest" />
    </UnitTest>
    <UnitTest name="Ctor_Success" storage="d:\actions-runner\_work\xpco\xpco\common\sc_commonfiles\zsc_commonfiles_unittest\bin\debug\net472\zsc_commonfiles_unittest.dll" id="3b223dd9-b4de-6435-8d9f-fb5af0ea22bc">
      <TestCategory>
        <TestCategoryItem TestCategory="SC_CommonFiles.WPF.TileLayout" />
      </TestCategory>
      <Execution id="269b7cfe-8596-42ac-b027-52ebfb2235ad" />
      <TestMethod codeBase="D:\actions-runner\_work\XPCO\XPCO\Common\SC_CommonFiles\zSC_CommonFiles_UnitTest\bin\Debug\net472\zSC_CommonFiles_UnitTest.dll" adapterTypeName="executor://mstestadapter/v2" className="zSC_CommonFiles_UnitTest.VideoOS.UI.Common.WPF.TileLayout.ItemEventArgsTest" name="Ctor_Success" />
    </UnitTest>
    <UnitTest name="MouseDrag_RangeMinOverRangeMax_DataInvariantIsOK" storage="d:\actions-runner\_work\xpco\xpco\common\sc_commonfiles\zsc_commonfiles_unittest\bin\debug\net472\zsc_commonfiles_unittest.dll" id="3625363b-2b2b-2a01-cb9b-b878cc7db25a">
      <TestCategory>
        <TestCategoryItem TestCategory="RangeSelector" />
      </TestCategory>
      <Execution id="9696df6f-9831-47d0-a959-fa805fa0101d" />
      <TestMethod codeBase="D:\actions-runner\_work\XPCO\XPCO\Common\SC_CommonFiles\zSC_CommonFiles_UnitTest\bin\Debug\net472\zSC_CommonFiles_UnitTest.dll" adapterTypeName="executor://mstestadapter/v2" className="VideoOS.UI.Common.WPF.RangeSelector.RangeSelectorTest" name="MouseDrag_RangeMinOverRangeMax_DataInvariantIsOK" />
    </UnitTest>
    <UnitTest name="MouseDrag_RangeMaxLessRangeMin_DataInvariantIsOK" storage="d:\actions-runner\_work\xpco\xpco\common\sc_commonfiles\zsc_commonfiles_unittest\bin\debug\net472\zsc_commonfiles_unittest.dll" id="77b841d2-c43a-4070-249a-23480e6bd29c">
      <TestCategory>
        <TestCategoryItem TestCategory="RangeSelector" />
      </TestCategory>
      <Execution id="d635143e-7952-4c0f-a6f5-348a55350c97" />
      <TestMethod codeBase="D:\actions-runner\_work\XPCO\XPCO\Common\SC_CommonFiles\zSC_CommonFiles_UnitTest\bin\Debug\net472\zSC_CommonFiles_UnitTest.dll" adapterTypeName="executor://mstestadapter/v2" className="VideoOS.UI.Common.WPF.RangeSelector.RangeSelectorTest" name="MouseDrag_RangeMaxLessRangeMin_DataInvariantIsOK" />
    </UnitTest>
    <UnitTest name="StartCameraStates_TimeoutException_DoubledSleepDuration" storage="d:\actions-runner\_work\xpco\xpco\common\sc_commonfiles\zsc_commonfiles_unittest\bin\debug\net472\zsc_commonfiles_unittest.dll" id="084e4a3f-ffeb-8ba6-a7e4-e16e094a096c">
      <Execution id="37eae076-ad31-4513-ad62-8d59874771aa" />
      <TestMethod codeBase="D:\actions-runner\_work\XPCO\XPCO\Common\SC_CommonFiles\zSC_CommonFiles_UnitTest\bin\Debug\net472\zSC_CommonFiles_UnitTest.dll" adapterTypeName="executor://mstestadapter/v2" className="zSC_CommonFiles_UnitTest.VideoOS.Common.State.StateHandlerTests" name="StartCameraStates_TimeoutException_DoubledSleepDuration" />
    </UnitTest>
    <UnitTest name="Constructor_ShouldCreateTreeWithUnitChildren_WhenUnitsHaveParentAndChildrenAndTheyMustBeIncludedInTree" storage="d:\actions-runner\_work\xpco\xpco\common\sc_commonfiles\zsc_commonfiles_unittest\bin\debug\net472\zsc_commonfiles_unittest.dll" id="96d31876-ad33-952c-3bd1-b146a14e3f83">
      <Execution id="16f1b1a1-6336-455e-b17e-f9ee418e9135" />
      <TestMethod codeBase="D:\actions-runner\_work\XPCO\XPCO\Common\SC_CommonFiles\zSC_CommonFiles_UnitTest\bin\Debug\net472\zSC_CommonFiles_UnitTest.dll" adapterTypeName="executor://mstestadapter/v2" className="SmartClient_UnitTest_VideoOS_UI_Common_WPF_FilterTree.FilterTreeUserControlViewModelTest" name="Constructor_ShouldCreateTreeWithUnitChildren_WhenUnitsHaveParentAndChildrenAndTheyMustBeIncludedInTree" />
    </UnitTest>
    <UnitTest name="GetImageSource_fallbackImageThrows_ExceptionIsThrown" storage="d:\actions-runner\_work\xpco\xpco\common\sc_commonfiles\zsc_commonfiles_unittest\bin\debug\net472\zsc_commonfiles_unittest.dll" id="3eb1bfa3-50f3-b918-d5a1-91e494194649">
      <Execution id="cc65ad4b-302a-417b-a47d-13bc38386ee6" />
      <TestMethod codeBase="D:\actions-runner\_work\XPCO\XPCO\Common\SC_CommonFiles\zSC_CommonFiles_UnitTest\bin\Debug\net472\zSC_CommonFiles_UnitTest.dll" adapterTypeName="executor://mstestadapter/v2" className="zSC_CommonFiles_UnitTest.VideoOS.UI.Common.WPF.Utils.ExtensionMethods.IconExtensionsTests" name="GetImageSource_fallbackImageThrows_ExceptionIsThrown" />
    </UnitTest>
    <UnitTest name="RightMouseDown_InsideSelection_NothingChanges" storage="d:\actions-runner\_work\xpco\xpco\common\sc_commonfiles\zsc_commonfiles_unittest\bin\debug\net472\zsc_commonfiles_unittest.dll" id="a3cffcd5-ca5b-acfc-2c92-56cbd2780945">
      <TestCategory>
        <TestCategoryItem TestCategory="RangeSelector" />
      </TestCategory>
      <Execution id="84ede756-3955-49d2-98b4-4093301ad445" />
      <TestMethod codeBase="D:\actions-runner\_work\XPCO\XPCO\Common\SC_CommonFiles\zSC_CommonFiles_UnitTest\bin\Debug\net472\zSC_CommonFiles_UnitTest.dll" adapterTypeName="executor://mstestadapter/v2" className="VideoOS.UI.Common.WPF.RangeSelector.RangeSelectorTest" name="RightMouseDown_InsideSelection_NothingChanges" />
    </UnitTest>
    <UnitTest name="Constructor_BasicUser_BaseServerAddress_ArgumentNull_Thrown" storage="d:\actions-runner\_work\xpco\xpco\common\sc_commonfiles\zsc_commonfiles_unittest\bin\debug\net472\zsc_commonfiles_unittest.dll" id="c6e1db41-6039-4a0b-4b5e-460a6a0df8ad">
      <Execution id="b8f7ba21-4213-409b-aada-2d7039cf95af" />
      <TestMethod codeBase="D:\actions-runner\_work\XPCO\XPCO\Common\SC_CommonFiles\zSC_CommonFiles_UnitTest\bin\Debug\net472\zSC_CommonFiles_UnitTest.dll" adapterTypeName="executor://mstestadapter/v2" className="zSC_CommonFiles_UnitTest.VideoOS.Common.State.StateHandlerTests" name="Constructor_BasicUser_BaseServerAddress_ArgumentNull_Thrown" />
    </UnitTest>
    <UnitTest name="RoundToMinute_Nearest" storage="d:\actions-runner\_work\xpco\xpco\common\sc_commonfiles\zsc_commonfiles_unittest\bin\debug\net472\zsc_commonfiles_unittest.dll" id="8c9d0f43-0c95-b12f-4abf-b89bea8f7dec">
      <Execution id="0a1a7662-fa19-45a4-bf98-646305adbfeb" />
      <TestMethod codeBase="D:\actions-runner\_work\XPCO\XPCO\Common\SC_CommonFiles\zSC_CommonFiles_UnitTest\bin\Debug\net472\zSC_CommonFiles_UnitTest.dll" adapterTypeName="executor://mstestadapter/v2" className="zSC_CommonFiles_UnitTest.VideoOS.UI.Common.WPF.Utils.ExtensionMethods.DateTimeExtensionsTests" name="RoundToMinute_Nearest" />
    </UnitTest>
    <UnitTest name="SequenceEquals_OneCollectionWithDuplicateElementOrderedDifferently_IgnoreOrder_SymmetricalFalseResult" storage="d:\actions-runner\_work\xpco\xpco\common\sc_commonfiles\zsc_commonfiles_unittest\bin\debug\net472\zsc_commonfiles_unittest.dll" id="8ca24930-13c2-9054-276b-c0c9a4d03ea7">
      <Execution id="e917f22b-608c-4583-b18c-596aca6a7979" />
      <TestMethod codeBase="D:\actions-runner\_work\XPCO\XPCO\Common\SC_CommonFiles\zSC_CommonFiles_UnitTest\bin\Debug\net472\zSC_CommonFiles_UnitTest.dll" adapterTypeName="executor://mstestadapter/v2" className="zSC_CommonFiles_UnitTest.VideoOS.UI.Common.WPF.Utils.ObservableCollectionExtensionTest" name="SequenceEquals_OneCollectionWithDuplicateElementOrderedDifferently_IgnoreOrder_SymmetricalFalseResult" />
    </UnitTest>
    <UnitTest name="Basic_Functionality_Works" storage="d:\actions-runner\_work\xpco\xpco\common\sc_commonfiles\zsc_commonfiles_unittest\bin\debug\net472\zsc_commonfiles_unittest.dll" id="332e199d-ea86-764a-0c78-68ba66fc4ac1">
      <Execution id="a73b6b79-cc2e-4293-95ff-65e66f35723f" />
      <TestMethod codeBase="D:\actions-runner\_work\XPCO\XPCO\Common\SC_CommonFiles\zSC_CommonFiles_UnitTest\bin\Debug\net472\zSC_CommonFiles_UnitTest.dll" adapterTypeName="executor://mstestadapter/v2" className="zSC_CommonFiles_UnitTest.VideoOS.UI.Common.WPF.Utils.ReadOnlyCollectionExtensionsTest" name="Basic_Functionality_Works" />
    </UnitTest>
    <UnitTest name="Constructor_WindowsUser_BaseServerAddress_ArgumentNull_Thrown" storage="d:\actions-runner\_work\xpco\xpco\common\sc_commonfiles\zsc_commonfiles_unittest\bin\debug\net472\zsc_commonfiles_unittest.dll" id="ed6cc5e3-e995-dc54-805e-582527975834">
      <Execution id="a5d97404-1042-4adf-a4a2-2f95377e59d1" />
      <TestMethod codeBase="D:\actions-runner\_work\XPCO\XPCO\Common\SC_CommonFiles\zSC_CommonFiles_UnitTest\bin\Debug\net472\zSC_CommonFiles_UnitTest.dll" adapterTypeName="executor://mstestadapter/v2" className="zSC_CommonFiles_UnitTest.VideoOS.Common.State.StateHandlerTests" name="Constructor_WindowsUser_BaseServerAddress_ArgumentNull_Thrown" />
    </UnitTest>
    <UnitTest name="ReorderTilesOrdersByPositionServer" storage="d:\actions-runner\_work\xpco\xpco\common\sc_commonfiles\zsc_commonfiles_unittest\bin\debug\net472\zsc_commonfiles_unittest.dll" id="c7b24253-640c-715b-788e-d204a9314e7e">
      <Execution id="65ee193e-b00d-48df-bc34-bb8c35009931" />
      <TestMethod codeBase="D:\actions-runner\_work\XPCO\XPCO\Common\SC_CommonFiles\zSC_CommonFiles_UnitTest\bin\Debug\net472\zSC_CommonFiles_UnitTest.dll" adapterTypeName="executor://mstestadapter/v2" className="zSC_CommonFiles_UnitTest.DashboardTilesTests" name="ReorderTilesOrdersByPositionServer" />
    </UnitTest>
    <UnitTest name="Ctor_Success" storage="d:\actions-runner\_work\xpco\xpco\common\sc_commonfiles\zsc_commonfiles_unittest\bin\debug\net472\zsc_commonfiles_unittest.dll" id="f335010e-9fe4-33d4-3df2-9a2fa868a446">
      <TestCategory>
        <TestCategoryItem TestCategory="SC_CommonFiles.WPF.TileLayout" />
      </TestCategory>
      <Execution id="a1a36a6c-24ac-4c29-9a5c-56edc02233df" />
      <TestMethod codeBase="D:\actions-runner\_work\XPCO\XPCO\Common\SC_CommonFiles\zSC_CommonFiles_UnitTest\bin\Debug\net472\zSC_CommonFiles_UnitTest.dll" adapterTypeName="executor://mstestadapter/v2" className="zSC_CommonFiles_UnitTest.VideoOS.UI.Common.WPF.TileLayout.TileLayoutTest" name="Ctor_Success" />
    </UnitTest>
    <UnitTest name="IsFailover_IsNotFailover_IDNotSet" storage="d:\actions-runner\_work\xpco\xpco\common\sc_commonfiles\zsc_commonfiles_unittest\bin\debug\net472\zsc_commonfiles_unittest.dll" id="8d92020e-5832-705d-100b-9a3d128c1860">
      <Execution id="3e6e7b74-5ad7-4364-8708-620f29c598db" />
      <TestMethod codeBase="D:\actions-runner\_work\XPCO\XPCO\Common\SC_CommonFiles\zSC_CommonFiles_UnitTest\bin\Debug\net472\zSC_CommonFiles_UnitTest.dll" adapterTypeName="executor://mstestadapter/v2" className="zSC_CommonFiles_UnitTest.VideoOS.UI.Common.WPF.Dashboard.Types.ServerTypeTest" name="IsFailover_IsNotFailover_IDNotSet" />
    </UnitTest>
    <UnitTest name="Constructor_ShouldCreateTreeOfDepth1_WhenUnitsHaveParentButNoGrandparent" storage="d:\actions-runner\_work\xpco\xpco\common\sc_commonfiles\zsc_commonfiles_unittest\bin\debug\net472\zsc_commonfiles_unittest.dll" id="bd9d6efd-ee5b-c8e1-7fe2-91d5e9a397a3">
      <Execution id="70dda642-e2e3-4575-b053-60f65df5de7a" />
      <TestMethod codeBase="D:\actions-runner\_work\XPCO\XPCO\Common\SC_CommonFiles\zSC_CommonFiles_UnitTest\bin\Debug\net472\zSC_CommonFiles_UnitTest.dll" adapterTypeName="executor://mstestadapter/v2" className="SmartClient_UnitTest_VideoOS_UI_Common_WPF_FilterTree.FilterTreeUserControlViewModelTest" name="Constructor_ShouldCreateTreeOfDepth1_WhenUnitsHaveParentButNoGrandparent" />
    </UnitTest>
    <UnitTest name="StartCameraStates_Success_WithUpdate" storage="d:\actions-runner\_work\xpco\xpco\common\sc_commonfiles\zsc_commonfiles_unittest\bin\debug\net472\zsc_commonfiles_unittest.dll" id="6f43ed26-de60-b0e4-78cc-d52e607c404f">
      <Execution id="1dedbe22-90ad-4fb9-a428-d6a65360b1cf" />
      <TestMethod codeBase="D:\actions-runner\_work\XPCO\XPCO\Common\SC_CommonFiles\zSC_CommonFiles_UnitTest\bin\Debug\net472\zSC_CommonFiles_UnitTest.dll" adapterTypeName="executor://mstestadapter/v2" className="zSC_CommonFiles_UnitTest.VideoOS.Common.State.StateHandlerTests" name="StartCameraStates_Success_WithUpdate" />
    </UnitTest>
    <UnitTest name="ClearUnsecureConnectionAllowedForUser_ShouldRemoveAllowUnsecureConnectionsNode_WhenAllUsersAreRemoved" storage="d:\actions-runner\_work\xpco\xpco\common\sc_commonfiles\zsc_commonfiles_unittest\bin\debug\net472\zsc_commonfiles_unittest.dll" id="ac7da09a-9c21-96d1-0628-e57364e271db">
      <Execution id="bf5906db-d9e4-4742-a9d5-dfd9bc9cd34d" />
      <TestMethod codeBase="D:\actions-runner\_work\XPCO\XPCO\Common\SC_CommonFiles\zSC_CommonFiles_UnitTest\bin\Debug\net472\zSC_CommonFiles_UnitTest.dll" adapterTypeName="executor://mstestadapter/v2" className="zSC_CommonFiles_UnitTest.VideoOS.Common.Login.UIConnectionInfoTests" name="ClearUnsecureConnectionAllowedForUser_ShouldRemoveAllowUnsecureConnectionsNode_WhenAllUsersAreRemoved" />
    </UnitTest>
    <UnitTest name="GetTimeSpanValueOrDefault_KeyFound_ValueReturned" storage="d:\actions-runner\_work\xpco\xpco\common\sc_commonfiles\zsc_commonfiles_unittest\bin\debug\net472\zsc_commonfiles_unittest.dll" id="1a9ef545-ced5-a479-15d2-22e0772b422a">
      <Execution id="2e20814c-252f-434b-9d79-9e8ceea15deb" />
      <TestMethod codeBase="D:\actions-runner\_work\XPCO\XPCO\Common\SC_CommonFiles\zSC_CommonFiles_UnitTest\bin\Debug\net472\zSC_CommonFiles_UnitTest.dll" adapterTypeName="executor://mstestadapter/v2" className="zSC_CommonFiles_UnitTest.VideoOS.Common.Configuration.NameValueCollectionExtensionsTest" name="GetTimeSpanValueOrDefault_KeyFound_ValueReturned" />
    </UnitTest>
    <UnitTest name="Ctor_Success" storage="d:\actions-runner\_work\xpco\xpco\common\sc_commonfiles\zsc_commonfiles_unittest\bin\debug\net472\zsc_commonfiles_unittest.dll" id="91b01448-6a92-47bb-7ce5-67a9221a299c">
      <TestCategory>
        <TestCategoryItem TestCategory="SC_CommonFiles.WPF.TileLayout" />
      </TestCategory>
      <Execution id="62529e9c-00ce-4f00-b16a-e1f0b717dc52" />
      <TestMethod codeBase="D:\actions-runner\_work\XPCO\XPCO\Common\SC_CommonFiles\zSC_CommonFiles_UnitTest\bin\Debug\net472\zSC_CommonFiles_UnitTest.dll" adapterTypeName="executor://mstestadapter/v2" className="zSC_CommonFiles_UnitTest.VideoOS.UI.Common.WPF.TileLayout.ItemHolderTest" name="Ctor_Success" />
    </UnitTest>
    <UnitTest name="ctor_Success" storage="d:\actions-runner\_work\xpco\xpco\common\sc_commonfiles\zsc_commonfiles_unittest\bin\debug\net472\zsc_commonfiles_unittest.dll" id="12ac6e7d-4dc0-7730-a820-51b345ac71e7">
      <TestCategory>
        <TestCategoryItem TestCategory="RangeSelector" />
      </TestCategory>
      <Execution id="b01b6e23-3437-4513-a080-1af0f8a80001" />
      <TestMethod codeBase="D:\actions-runner\_work\XPCO\XPCO\Common\SC_CommonFiles\zSC_CommonFiles_UnitTest\bin\Debug\net472\zSC_CommonFiles_UnitTest.dll" adapterTypeName="executor://mstestadapter/v2" className="VideoOS.UI.Common.WPF.RangeSelector.RangeSelectorTest" name="ctor_Success" />
    </UnitTest>
    <UnitTest name="SetUnsecureConnectionAllowedForUser_ShouldAddUser_WhenAllowUnsecureConnectionsDoesNotContainUser" storage="d:\actions-runner\_work\xpco\xpco\common\sc_commonfiles\zsc_commonfiles_unittest\bin\debug\net472\zsc_commonfiles_unittest.dll" id="3fd0a529-448c-e9e0-7074-0b5c637ad7a8">
      <Execution id="20a2bbd2-d1cb-4c9a-a125-fc377c43ba96" />
      <TestMethod codeBase="D:\actions-runner\_work\XPCO\XPCO\Common\SC_CommonFiles\zSC_CommonFiles_UnitTest\bin\Debug\net472\zSC_CommonFiles_UnitTest.dll" adapterTypeName="executor://mstestadapter/v2" className="zSC_CommonFiles_UnitTest.VideoOS.Common.Login.UIConnectionInfoTests" name="SetUnsecureConnectionAllowedForUser_ShouldAddUser_WhenAllowUnsecureConnectionsDoesNotContainUser" />
    </UnitTest>
    <UnitTest name="OkEditTileThrowsIfNoEventSources" storage="d:\actions-runner\_work\xpco\xpco\common\sc_commonfiles\zsc_commonfiles_unittest\bin\debug\net472\zsc_commonfiles_unittest.dll" id="3cad3393-810a-cc62-94bb-2ded6c4b88c7">
      <Execution id="ff4ed45d-6c6f-4c02-9baf-867b2a882de1" />
      <TestMethod codeBase="D:\actions-runner\_work\XPCO\XPCO\Common\SC_CommonFiles\zSC_CommonFiles_UnitTest\bin\Debug\net472\zSC_CommonFiles_UnitTest.dll" adapterTypeName="executor://mstestadapter/v2" className="zSC_CommonFiles_UnitTest.DashboardTilesTests" name="OkEditTileThrowsIfNoEventSources" />
    </UnitTest>
    <UnitTest name="OnPreviewKeyDown_LeftCtrl_A_SelectAll_Success" storage="d:\actions-runner\_work\xpco\xpco\common\sc_commonfiles\zsc_commonfiles_unittest\bin\debug\net472\zsc_commonfiles_unittest.dll" id="877328ba-697b-0240-60a8-80c7a7d265bf">
      <TestCategory>
        <TestCategoryItem TestCategory="SC_CommonFiles.WPF.TileLayout" />
      </TestCategory>
      <Execution id="3f85b084-2480-41b2-b166-5dfe17e382b7" />
      <TestMethod codeBase="D:\actions-runner\_work\XPCO\XPCO\Common\SC_CommonFiles\zSC_CommonFiles_UnitTest\bin\Debug\net472\zSC_CommonFiles_UnitTest.dll" adapterTypeName="executor://mstestadapter/v2" className="zSC_CommonFiles_UnitTest.VideoOS.UI.Common.WPF.TileLayout.TileLayoutTest" name="OnPreviewKeyDown_LeftCtrl_A_SelectAll_Success" />
    </UnitTest>
    <UnitTest name="TileStateBecomesDefinedIfInputStateIsDefined" storage="d:\actions-runner\_work\xpco\xpco\common\sc_commonfiles\zsc_commonfiles_unittest\bin\debug\net472\zsc_commonfiles_unittest.dll" id="70886465-8a9c-f3a3-e66e-9c4d9f1e425f">
      <Execution id="b0f2bbfb-99b6-47ba-a318-a4678a697f76" />
      <TestMethod codeBase="D:\actions-runner\_work\XPCO\XPCO\Common\SC_CommonFiles\zSC_CommonFiles_UnitTest\bin\Debug\net472\zSC_CommonFiles_UnitTest.dll" adapterTypeName="executor://mstestadapter/v2" className="zSC_CommonFiles_UnitTest.DashboardTilesTests" name="TileStateBecomesDefinedIfInputStateIsDefined" />
    </UnitTest>
    <UnitTest name="AllowUnsecureConnection_ShouldBeTrue_WhenAllowUnsecureIsTrue" storage="d:\actions-runner\_work\xpco\xpco\common\sc_commonfiles\zsc_commonfiles_unittest\bin\debug\net472\zsc_commonfiles_unittest.dll" id="910ea956-c4b4-dc72-c890-ea2c8afbd1ba">
      <Execution id="b5ea647a-c08d-4dc0-bfab-9e0f1cc9b4e0" />
      <TestMethod codeBase="D:\actions-runner\_work\XPCO\XPCO\Common\SC_CommonFiles\zSC_CommonFiles_UnitTest\bin\Debug\net472\zSC_CommonFiles_UnitTest.dll" adapterTypeName="executor://mstestadapter/v2" className="zSC_CommonFiles_UnitTest.VideoOS.Common.Login.UIConnectionInfoTests" name="AllowUnsecureConnection_ShouldBeTrue_WhenAllowUnsecureIsTrue" />
    </UnitTest>
    <UnitTest name="GetStates_NoSessionStarted_NewSession" storage="d:\actions-runner\_work\xpco\xpco\common\sc_commonfiles\zsc_commonfiles_unittest\bin\debug\net472\zsc_commonfiles_unittest.dll" id="76a2e345-aae7-9b1e-7fd6-6ac6ca32b74e">
      <Execution id="a770ea07-db09-4b74-820c-6f85675e4e2b" />
      <TestMethod codeBase="D:\actions-runner\_work\XPCO\XPCO\Common\SC_CommonFiles\zSC_CommonFiles_UnitTest\bin\Debug\net472\zSC_CommonFiles_UnitTest.dll" adapterTypeName="executor://mstestadapter/v2" className="zSC_CommonFiles_UnitTest.VideoOS.Common.State.ServerStateManagerTests" name="GetStates_NoSessionStarted_NewSession" />
    </UnitTest>
    <UnitTest name="TooltipServiceWarning_Failover_None" storage="d:\actions-runner\_work\xpco\xpco\common\sc_commonfiles\zsc_commonfiles_unittest\bin\debug\net472\zsc_commonfiles_unittest.dll" id="928f2455-6ebd-8ffd-8fc5-fc1e86ca64c0">
      <Execution id="3b9c2545-f39b-436f-9ad6-1b3823668c3f" />
      <TestMethod codeBase="D:\actions-runner\_work\XPCO\XPCO\Common\SC_CommonFiles\zSC_CommonFiles_UnitTest\bin\Debug\net472\zSC_CommonFiles_UnitTest.dll" adapterTypeName="executor://mstestadapter/v2" className="zSC_CommonFiles_UnitTest.VideoOS.UI.Common.WPF.Dashboard.Types.ServerTest" name="TooltipServiceWarning_Failover_None" />
    </UnitTest>
    <UnitTest name="TooltipServiceWarning_NotCritical" storage="d:\actions-runner\_work\xpco\xpco\common\sc_commonfiles\zsc_commonfiles_unittest\bin\debug\net472\zsc_commonfiles_unittest.dll" id="af71ed0e-187b-fd2b-1963-f93916cf4abc">
      <Execution id="ecc2ecd4-ac25-4786-9da2-7b7b82411ea0" />
      <TestMethod codeBase="D:\actions-runner\_work\XPCO\XPCO\Common\SC_CommonFiles\zSC_CommonFiles_UnitTest\bin\Debug\net472\zSC_CommonFiles_UnitTest.dll" adapterTypeName="executor://mstestadapter/v2" className="zSC_CommonFiles_UnitTest.VideoOS.UI.Common.WPF.Dashboard.Types.ServerTest" name="TooltipServiceWarning_NotCritical" />
    </UnitTest>
    <UnitTest name="UpdateToast_Success" storage="d:\actions-runner\_work\xpco\xpco\common\sc_commonfiles\zsc_commonfiles_unittest\bin\debug\net472\zsc_commonfiles_unittest.dll" id="3a13def5-4099-72b0-8c0e-420253783341">
      <TestCategory>
        <TestCategoryItem TestCategory="Toasts" />
      </TestCategory>
      <Execution id="22e81aeb-14a7-40b0-b6ae-a71dd2eec7de" />
      <TestMethod codeBase="D:\actions-runner\_work\XPCO\XPCO\Common\SC_CommonFiles\zSC_CommonFiles_UnitTest\bin\Debug\net472\zSC_CommonFiles_UnitTest.dll" adapterTypeName="executor://mstestadapter/v2" className="zSC_CommonFiles_UnitTest.VideoOS.UI.Common.WPF.Toast.ToastsViewModelTests" name="UpdateToast_Success" />
    </UnitTest>
    <UnitTest name="Constructor_StateSessionHelper_ArgumentNull_Thrown" storage="d:\actions-runner\_work\xpco\xpco\common\sc_commonfiles\zsc_commonfiles_unittest\bin\debug\net472\zsc_commonfiles_unittest.dll" id="94400230-a0cf-2852-335d-5880a46a038d">
      <Execution id="25b7474b-6f44-4e22-94dc-1591a9ad73ed" />
      <TestMethod codeBase="D:\actions-runner\_work\XPCO\XPCO\Common\SC_CommonFiles\zSC_CommonFiles_UnitTest\bin\Debug\net472\zSC_CommonFiles_UnitTest.dll" adapterTypeName="executor://mstestadapter/v2" className="zSC_CommonFiles_UnitTest.VideoOS.Common.State.CameraStateManagerTests" name="Constructor_StateSessionHelper_ArgumentNull_Thrown" />
    </UnitTest>
    <UnitTest name="TooltipServiceWarning_Failover_UnknownTriggerValue" storage="d:\actions-runner\_work\xpco\xpco\common\sc_commonfiles\zsc_commonfiles_unittest\bin\debug\net472\zsc_commonfiles_unittest.dll" id="f182b61b-da52-b9d6-afe0-3488a377d621">
      <Execution id="457c2e0e-c568-46f0-a443-cf9142d38ee8" />
      <TestMethod codeBase="D:\actions-runner\_work\XPCO\XPCO\Common\SC_CommonFiles\zSC_CommonFiles_UnitTest\bin\Debug\net472\zSC_CommonFiles_UnitTest.dll" adapterTypeName="executor://mstestadapter/v2" className="zSC_CommonFiles_UnitTest.VideoOS.UI.Common.WPF.Dashboard.Types.ServerTest" name="TooltipServiceWarning_Failover_UnknownTriggerValue" />
    </UnitTest>
    <UnitTest name="Constructor_WindowsUser_Username_ArgumentNull_Thrown" storage="d:\actions-runner\_work\xpco\xpco\common\sc_commonfiles\zsc_commonfiles_unittest\bin\debug\net472\zsc_commonfiles_unittest.dll" id="5c79b57e-42fe-6704-1533-85860c8bbf12">
      <Execution id="d9169aef-2eba-4056-ac54-69fd30187f38" />
      <TestMethod codeBase="D:\actions-runner\_work\XPCO\XPCO\Common\SC_CommonFiles\zSC_CommonFiles_UnitTest\bin\Debug\net472\zSC_CommonFiles_UnitTest.dll" adapterTypeName="executor://mstestadapter/v2" className="zSC_CommonFiles_UnitTest.VideoOS.Common.State.StateHandlerTests" name="Constructor_WindowsUser_Username_ArgumentNull_Thrown" />
    </UnitTest>
    <UnitTest name="OnPreviewKeyDown_Ctrl_Click_Unselect_Success" storage="d:\actions-runner\_work\xpco\xpco\common\sc_commonfiles\zsc_commonfiles_unittest\bin\debug\net472\zsc_commonfiles_unittest.dll" id="e1f855c8-36b9-4274-1f3f-20a1e21c5404">
      <TestCategory>
        <TestCategoryItem TestCategory="SC_CommonFiles.WPF.TileLayout" />
      </TestCategory>
      <Execution id="8df241db-aa27-435f-be4d-9b40f3d593a8" />
      <TestMethod codeBase="D:\actions-runner\_work\XPCO\XPCO\Common\SC_CommonFiles\zSC_CommonFiles_UnitTest\bin\Debug\net472\zSC_CommonFiles_UnitTest.dll" adapterTypeName="executor://mstestadapter/v2" className="zSC_CommonFiles_UnitTest.VideoOS.UI.Common.WPF.TileLayout.TileLayoutTest" name="OnPreviewKeyDown_Ctrl_Click_Unselect_Success" />
    </UnitTest>
    <UnitTest name="AddNullToast_Failure_WithArgumentNullException" storage="d:\actions-runner\_work\xpco\xpco\common\sc_commonfiles\zsc_commonfiles_unittest\bin\debug\net472\zsc_commonfiles_unittest.dll" id="84bf38e9-9144-dc3f-3fbb-788aeff94918">
      <TestCategory>
        <TestCategoryItem TestCategory="Toasts" />
      </TestCategory>
      <Execution id="5630d4e3-d9eb-4a0e-85ce-3b5a5d02f661" />
      <TestMethod codeBase="D:\actions-runner\_work\XPCO\XPCO\Common\SC_CommonFiles\zSC_CommonFiles_UnitTest\bin\Debug\net472\zSC_CommonFiles_UnitTest.dll" adapterTypeName="executor://mstestadapter/v2" className="zSC_CommonFiles_UnitTest.VideoOS.UI.Common.WPF.Toast.ToastsViewModelTests" name="AddNullToast_Failure_WithArgumentNullException" />
    </UnitTest>
    <UnitTest name="TileNewStateGetsAddedAndCurrentStatesGetUpdatedIfCurrentStatesIsNullAndNewStateIsNotUndefined" storage="d:\actions-runner\_work\xpco\xpco\common\sc_commonfiles\zsc_commonfiles_unittest\bin\debug\net472\zsc_commonfiles_unittest.dll" id="4cc8300a-eeed-c2e1-d868-e1046399c3e2">
      <Execution id="be2ef9b9-7832-4c3a-b192-f9fe7d3ccf69" />
      <TestMethod codeBase="D:\actions-runner\_work\XPCO\XPCO\Common\SC_CommonFiles\zSC_CommonFiles_UnitTest\bin\Debug\net472\zSC_CommonFiles_UnitTest.dll" adapterTypeName="executor://mstestadapter/v2" className="zSC_CommonFiles_UnitTest.DashboardTilesTests" name="TileNewStateGetsAddedAndCurrentStatesGetUpdatedIfCurrentStatesIsNullAndNewStateIsNotUndefined" />
    </UnitTest>
    <UnitTest name="StopAndDisconnect_SessionStarted_ServiceCalled" storage="d:\actions-runner\_work\xpco\xpco\common\sc_commonfiles\zsc_commonfiles_unittest\bin\debug\net472\zsc_commonfiles_unittest.dll" id="fdac1400-a880-08a5-eb9b-8963e9019833">
      <Execution id="b12daa2f-6aa6-4312-9d44-2ad63295d5eb" />
      <TestMethod codeBase="D:\actions-runner\_work\XPCO\XPCO\Common\SC_CommonFiles\zSC_CommonFiles_UnitTest\bin\Debug\net472\zSC_CommonFiles_UnitTest.dll" adapterTypeName="executor://mstestadapter/v2" className="zSC_CommonFiles_UnitTest.VideoOS.Common.State.StateManagerTests" name="StopAndDisconnect_SessionStarted_ServiceCalled" />
    </UnitTest>
    <UnitTest name="ExtractItems_ShouldExtractSubset_WhenNotAllItemsAreOfExtractedType" storage="d:\actions-runner\_work\xpco\xpco\common\sc_commonfiles\zsc_commonfiles_unittest\bin\debug\net472\zsc_commonfiles_unittest.dll" id="43785e1c-5d96-d5bd-319b-47bbf8cd5cd3">
      <TestCategory>
        <TestCategoryItem TestCategory="UIControlsExtensions" />
      </TestCategory>
      <Execution id="a455ca61-72ba-48f2-952d-302b49b4116a" />
      <TestMethod codeBase="D:\actions-runner\_work\XPCO\XPCO\Common\SC_CommonFiles\zSC_CommonFiles_UnitTest\bin\Debug\net472\zSC_CommonFiles_UnitTest.dll" adapterTypeName="executor://mstestadapter/v2" className="zSC_CommonFiles_UnitTest.VideoOS.UI.Common.WPF.Utils.ExtensionMethods.ItemsControlExtensionsTests" name="ExtractItems_ShouldExtractSubset_WhenNotAllItemsAreOfExtractedType" />
    </UnitTest>
    <UnitTest name="GetItemUserControl_Failure" storage="d:\actions-runner\_work\xpco\xpco\common\sc_commonfiles\zsc_commonfiles_unittest\bin\debug\net472\zsc_commonfiles_unittest.dll" id="c1eeccdf-9e70-35f5-8d31-8a133efe3993">
      <TestCategory>
        <TestCategoryItem TestCategory="SC_CommonFiles.WPF.TileLayout" />
      </TestCategory>
      <Execution id="1b91fc63-6e94-4f9e-bc42-54869bf1bbe9" />
      <TestMethod codeBase="D:\actions-runner\_work\XPCO\XPCO\Common\SC_CommonFiles\zSC_CommonFiles_UnitTest\bin\Debug\net472\zSC_CommonFiles_UnitTest.dll" adapterTypeName="executor://mstestadapter/v2" className="zSC_CommonFiles_UnitTest.VideoOS.UI.Common.WPF.TileLayout.TileLayoutTest" name="GetItemUserControl_Failure" />
    </UnitTest>
    <UnitTest name="Create_NoRecycledItemsAvailable_Success" storage="d:\actions-runner\_work\xpco\xpco\common\sc_commonfiles\zsc_commonfiles_unittest\bin\debug\net472\zsc_commonfiles_unittest.dll" id="9c6021a0-5c69-1d26-d3e6-3538913699de">
      <Execution id="a00a5da4-8383-4546-8518-6a8ed003fd88" />
      <TestMethod codeBase="D:\actions-runner\_work\XPCO\XPCO\Common\SC_CommonFiles\zSC_CommonFiles_UnitTest\bin\Debug\net472\zSC_CommonFiles_UnitTest.dll" adapterTypeName="executor://mstestadapter/v2" className="VideoOS.UI.Common.WPF.Utils.RecyclingFactory.RecyclingFactoryTests" name="Create_NoRecycledItemsAvailable_Success" />
    </UnitTest>
    <UnitTest name="Constructor_ShouldCreateTreeOfDepth1_WhenUnitsHaveNoParentButIncludeIsEnabled" storage="d:\actions-runner\_work\xpco\xpco\common\sc_commonfiles\zsc_commonfiles_unittest\bin\debug\net472\zsc_commonfiles_unittest.dll" id="8d4c082a-f9d0-c638-ed0b-343bc5cdce37">
      <Execution id="78d164bf-98d6-4974-812b-9151e157212c" />
      <TestMethod codeBase="D:\actions-runner\_work\XPCO\XPCO\Common\SC_CommonFiles\zSC_CommonFiles_UnitTest\bin\Debug\net472\zSC_CommonFiles_UnitTest.dll" adapterTypeName="executor://mstestadapter/v2" className="SmartClient_UnitTest_VideoOS_UI_Common_WPF_FilterTree.FilterTreeUserControlViewModelTest" name="Constructor_ShouldCreateTreeOfDepth1_WhenUnitsHaveNoParentButIncludeIsEnabled" />
    </UnitTest>
    <UnitTest name="OnPreviewKeyDown_RightAlt_Click_Select_Success" storage="d:\actions-runner\_work\xpco\xpco\common\sc_commonfiles\zsc_commonfiles_unittest\bin\debug\net472\zsc_commonfiles_unittest.dll" id="7e8a853c-5510-8468-d824-0047ef588b74">
      <TestCategory>
        <TestCategoryItem TestCategory="SC_CommonFiles.WPF.TileLayout" />
      </TestCategory>
      <Execution id="c87b3f98-1c38-4ede-b5b5-6f42f710a18c" />
      <TestMethod codeBase="D:\actions-runner\_work\XPCO\XPCO\Common\SC_CommonFiles\zSC_CommonFiles_UnitTest\bin\Debug\net472\zSC_CommonFiles_UnitTest.dll" adapterTypeName="executor://mstestadapter/v2" className="zSC_CommonFiles_UnitTest.VideoOS.UI.Common.WPF.TileLayout.TileLayoutTest" name="OnPreviewKeyDown_RightAlt_Click_Select_Success" />
    </UnitTest>
    <UnitTest name="MouseDown_InsideSelection_RangeMinUpdated" storage="d:\actions-runner\_work\xpco\xpco\common\sc_commonfiles\zsc_commonfiles_unittest\bin\debug\net472\zsc_commonfiles_unittest.dll" id="4d104602-0dda-c899-6d83-d5aa637c46a2">
      <TestCategory>
        <TestCategoryItem TestCategory="RangeSelector" />
      </TestCategory>
      <Execution id="97a20ce8-4b41-40f6-bec4-aaa62ce6669a" />
      <TestMethod codeBase="D:\actions-runner\_work\XPCO\XPCO\Common\SC_CommonFiles\zSC_CommonFiles_UnitTest\bin\Debug\net472\zSC_CommonFiles_UnitTest.dll" adapterTypeName="executor://mstestadapter/v2" className="VideoOS.UI.Common.WPF.RangeSelector.RangeSelectorTest" name="MouseDown_InsideSelection_RangeMinUpdated" />
    </UnitTest>
    <UnitTest name="IsUnsecureConnectionAllowedForUser_ShouldReturnFalse_WhenAllowUnsecureSetToNotDecided" storage="d:\actions-runner\_work\xpco\xpco\common\sc_commonfiles\zsc_commonfiles_unittest\bin\debug\net472\zsc_commonfiles_unittest.dll" id="ce5d6351-00d4-a4e9-7df0-2fe2199468f7">
      <Execution id="70ed78bd-f768-4c3a-883e-d8b9daac9448" />
      <TestMethod codeBase="D:\actions-runner\_work\XPCO\XPCO\Common\SC_CommonFiles\zSC_CommonFiles_UnitTest\bin\Debug\net472\zSC_CommonFiles_UnitTest.dll" adapterTypeName="executor://mstestadapter/v2" className="zSC_CommonFiles_UnitTest.VideoOS.Common.Login.UIConnectionInfoTests" name="IsUnsecureConnectionAllowedForUser_ShouldReturnFalse_WhenAllowUnsecureSetToNotDecided" />
    </UnitTest>
    <UnitTest name="SequenceEquals_DifferentlySizedCollections_IgnoreOrder_SymmetricalFalseResult" storage="d:\actions-runner\_work\xpco\xpco\common\sc_commonfiles\zsc_commonfiles_unittest\bin\debug\net472\zsc_commonfiles_unittest.dll" id="16d4258e-743c-71b8-441e-da9ab5d1a655">
      <Execution id="61e5d2cf-7472-46e4-a011-1ee613fb5631" />
      <TestMethod codeBase="D:\actions-runner\_work\XPCO\XPCO\Common\SC_CommonFiles\zSC_CommonFiles_UnitTest\bin\Debug\net472\zSC_CommonFiles_UnitTest.dll" adapterTypeName="executor://mstestadapter/v2" className="zSC_CommonFiles_UnitTest.VideoOS.UI.Common.WPF.Utils.ObservableCollectionExtensionTest" name="SequenceEquals_DifferentlySizedCollections_IgnoreOrder_SymmetricalFalseResult" />
    </UnitTest>
    <UnitTest name="SequenceEquals_NullCollection_RespectOrder_FalseResult" storage="d:\actions-runner\_work\xpco\xpco\common\sc_commonfiles\zsc_commonfiles_unittest\bin\debug\net472\zsc_commonfiles_unittest.dll" id="501c02cb-ac5f-5745-c75a-6cf52f922f62">
      <Execution id="682b8eaa-0573-4f5d-b293-5f468ba58b94" />
      <TestMethod codeBase="D:\actions-runner\_work\XPCO\XPCO\Common\SC_CommonFiles\zSC_CommonFiles_UnitTest\bin\Debug\net472\zSC_CommonFiles_UnitTest.dll" adapterTypeName="executor://mstestadapter/v2" className="zSC_CommonFiles_UnitTest.VideoOS.UI.Common.WPF.Utils.ObservableCollectionExtensionTest" name="SequenceEquals_NullCollection_RespectOrder_FalseResult" />
    </UnitTest>
    <UnitTest name="Constructor_StateService_ArgumentNull_Thrown" storage="d:\actions-runner\_work\xpco\xpco\common\sc_commonfiles\zsc_commonfiles_unittest\bin\debug\net472\zsc_commonfiles_unittest.dll" id="a4ebc8c3-3a4e-4ab1-e6c5-04365965ee9e">
      <Execution id="3cb2c680-1b35-47c8-a848-169f9830718c" />
      <TestMethod codeBase="D:\actions-runner\_work\XPCO\XPCO\Common\SC_CommonFiles\zSC_CommonFiles_UnitTest\bin\Debug\net472\zSC_CommonFiles_UnitTest.dll" adapterTypeName="executor://mstestadapter/v2" className="zSC_CommonFiles_UnitTest.VideoOS.Common.State.ServerStateManagerTests" name="Constructor_StateService_ArgumentNull_Thrown" />
    </UnitTest>
    <UnitTest name="FontDownCommand_ShouldDecreaseFontForSelectedSlide" storage="d:\actions-runner\_work\xpco\xpco\common\sc_commonfiles\zsc_commonfiles_unittest\bin\debug\net472\zsc_commonfiles_unittest.dll" id="8a840b5c-7cc0-3e0e-9c58-be69d6fcfb38">
      <Execution id="84403f87-5e38-4f0b-967e-3f572bbb607d" />
      <TestMethod codeBase="D:\actions-runner\_work\XPCO\XPCO\Common\SC_CommonFiles\zSC_CommonFiles_UnitTest\bin\Debug\net472\zSC_CommonFiles_UnitTest.dll" adapterTypeName="executor://mstestadapter/v2" className="zSC_CommonFiles_UnitTest.VideoOS.UI.Common.WPF.VideoText.VideoTextWindowViewModelTests" name="FontDownCommand_ShouldDecreaseFontForSelectedSlide" />
    </UnitTest>
    <UnitTest name="CreateTileMustInitializeWithProperLocalizedText" storage="d:\actions-runner\_work\xpco\xpco\common\sc_commonfiles\zsc_commonfiles_unittest\bin\debug\net472\zsc_commonfiles_unittest.dll" id="87c36423-3ba7-fe8e-7a2d-f8a7fdd246be">
      <Execution id="057801b6-49b9-4520-91fc-c4056daddb47" />
      <TestMethod codeBase="D:\actions-runner\_work\XPCO\XPCO\Common\SC_CommonFiles\zSC_CommonFiles_UnitTest\bin\Debug\net472\zSC_CommonFiles_UnitTest.dll" adapterTypeName="executor://mstestadapter/v2" className="zSC_CommonFiles_UnitTest.LocalizationTests" name="CreateTileMustInitializeWithProperLocalizedText" />
    </UnitTest>
    <UnitTest name="ExtractItems_ShouldEmptyItemsControl_WhenAllItemsAreOfExtractedType" storage="d:\actions-runner\_work\xpco\xpco\common\sc_commonfiles\zsc_commonfiles_unittest\bin\debug\net472\zsc_commonfiles_unittest.dll" id="49da23cd-956c-d063-f00f-78019f6587a5">
      <TestCategory>
        <TestCategoryItem TestCategory="UIControlsExtensions" />
      </TestCategory>
      <Execution id="cc270dbb-a555-4b96-b00c-2089951b4124" />
      <TestMethod codeBase="D:\actions-runner\_work\XPCO\XPCO\Common\SC_CommonFiles\zSC_CommonFiles_UnitTest\bin\Debug\net472\zSC_CommonFiles_UnitTest.dll" adapterTypeName="executor://mstestadapter/v2" className="zSC_CommonFiles_UnitTest.VideoOS.UI.Common.WPF.Utils.ExtensionMethods.ItemsControlExtensionsTests" name="ExtractItems_ShouldEmptyItemsControl_WhenAllItemsAreOfExtractedType" />
    </UnitTest>
    <UnitTest name="AddToast_NullToast_Throws" storage="d:\actions-runner\_work\xpco\xpco\common\sc_commonfiles\zsc_commonfiles_unittest\bin\debug\net472\zsc_commonfiles_unittest.dll" id="33919fac-e25b-5982-05db-e9034087e4af">
      <TestCategory>
        <TestCategoryItem TestCategory="Toasts" />
      </TestCategory>
      <Execution id="dff20533-2e26-4797-b192-b764dd94a4da" />
      <TestMethod codeBase="D:\actions-runner\_work\XPCO\XPCO\Common\SC_CommonFiles\zSC_CommonFiles_UnitTest\bin\Debug\net472\zSC_CommonFiles_UnitTest.dll" adapterTypeName="executor://mstestadapter/v2" className="VideoOS.UI.Common.WPF.Toast.ToastManagerTests" name="AddToast_NullToast_Throws" />
    </UnitTest>
    <UnitTest name="Constructor_StateSessionHelper_ArgumentNull_Thrown" storage="d:\actions-runner\_work\xpco\xpco\common\sc_commonfiles\zsc_commonfiles_unittest\bin\debug\net472\zsc_commonfiles_unittest.dll" id="9407802f-e3bb-717e-dfa6-c4f68e793c26">
      <Execution id="76a71369-be9f-4eb1-b938-cb9672c9290d" />
      <TestMethod codeBase="D:\actions-runner\_work\XPCO\XPCO\Common\SC_CommonFiles\zSC_CommonFiles_UnitTest\bin\Debug\net472\zSC_CommonFiles_UnitTest.dll" adapterTypeName="executor://mstestadapter/v2" className="zSC_CommonFiles_UnitTest.VideoOS.Common.State.StateManagerTests" name="Constructor_StateSessionHelper_ArgumentNull_Thrown" />
    </UnitTest>
    <UnitTest name="GetBoolValueOrDefault_WrongKeyValue_DefaultValueReturned" storage="d:\actions-runner\_work\xpco\xpco\common\sc_commonfiles\zsc_commonfiles_unittest\bin\debug\net472\zsc_commonfiles_unittest.dll" id="b64d692e-2bcf-ef81-2204-4e384a726323">
      <Execution id="baa83aed-555f-4bf4-816d-5895e9542ea3" />
      <TestMethod codeBase="D:\actions-runner\_work\XPCO\XPCO\Common\SC_CommonFiles\zSC_CommonFiles_UnitTest\bin\Debug\net472\zSC_CommonFiles_UnitTest.dll" adapterTypeName="executor://mstestadapter/v2" className="zSC_CommonFiles_UnitTest.VideoOS.Common.Configuration.NameValueCollectionExtensionsTest" name="GetBoolValueOrDefault_WrongKeyValue_DefaultValueReturned" />
    </UnitTest>
    <UnitTest name="IsUnsecureConnectionAllowedForUser_ShouldReturnFalse_WhenNoUser" storage="d:\actions-runner\_work\xpco\xpco\common\sc_commonfiles\zsc_commonfiles_unittest\bin\debug\net472\zsc_commonfiles_unittest.dll" id="ce743239-1b20-9584-c28b-8dc6a59dc3bb">
      <Execution id="b445c75d-6030-4759-99ee-eb6ab3cbee2c" />
      <TestMethod codeBase="D:\actions-runner\_work\XPCO\XPCO\Common\SC_CommonFiles\zSC_CommonFiles_UnitTest\bin\Debug\net472\zSC_CommonFiles_UnitTest.dll" adapterTypeName="executor://mstestadapter/v2" className="zSC_CommonFiles_UnitTest.VideoOS.Common.Login.UIConnectionInfoTests" name="IsUnsecureConnectionAllowedForUser_ShouldReturnFalse_WhenNoUser" />
    </UnitTest>
    <UnitTest name="ArrangeOverride__6child_AllMustShrink__AllAreShrunk" storage="d:\actions-runner\_work\xpco\xpco\common\sc_commonfiles\zsc_commonfiles_unittest\bin\debug\net472\zsc_commonfiles_unittest.dll" id="b55addd3-5335-70b5-4725-96a0e81794df">
      <TestCategory>
        <TestCategoryItem TestCategory="Controls" />
      </TestCategory>
      <Execution id="21df2b92-0d2d-4062-ab50-ce262e1f7ae1" />
      <TestMethod codeBase="D:\actions-runner\_work\XPCO\XPCO\Common\SC_CommonFiles\zSC_CommonFiles_UnitTest\bin\Debug\net472\zSC_CommonFiles_UnitTest.dll" adapterTypeName="executor://mstestadapter/v2" className="VideoOS.UI.Common.WPF.Controls.HorizontalPanelTests" name="ArrangeOverride__6child_AllMustShrink__AllAreShrunk" />
    </UnitTest>
    <UnitTest name="RoundToHour_Down" storage="d:\actions-runner\_work\xpco\xpco\common\sc_commonfiles\zsc_commonfiles_unittest\bin\debug\net472\zsc_commonfiles_unittest.dll" id="41441101-47ad-5d05-d82c-2bfa6a698b36">
      <Execution id="0f21ff57-de6f-446f-8ff6-62e215c1d81e" />
      <TestMethod codeBase="D:\actions-runner\_work\XPCO\XPCO\Common\SC_CommonFiles\zSC_CommonFiles_UnitTest\bin\Debug\net472\zSC_CommonFiles_UnitTest.dll" adapterTypeName="executor://mstestadapter/v2" className="zSC_CommonFiles_UnitTest.VideoOS.UI.Common.WPF.Utils.ExtensionMethods.DateTimeExtensionsTests" name="RoundToHour_Down" />
    </UnitTest>
    <UnitTest name="Convert_ShouldReturnGreaterThanString_WhenValueIsGreaterThanThreshold" storage="d:\actions-runner\_work\xpco\xpco\common\sc_commonfiles\zsc_commonfiles_unittest\bin\debug\net472\zsc_commonfiles_unittest.dll" id="669c2664-9e93-7539-3901-e5233189df70">
      <Execution id="3efbb33f-dd6e-40d9-9959-97ea5464fcbc" />
      <TestMethod codeBase="D:\actions-runner\_work\XPCO\XPCO\Common\SC_CommonFiles\zSC_CommonFiles_UnitTest\bin\Debug\net472\zSC_CommonFiles_UnitTest.dll" adapterTypeName="executor://mstestadapter/v2" className="zSC_CommonFiles_UnitTest.VideoOS.UI.Common.WPF.Utils.Converters.CountToStringConverterTests" name="Convert_ShouldReturnGreaterThanString_WhenValueIsGreaterThanThreshold" />
    </UnitTest>
    <UnitTest name="Convert_MultiValueConverter_DifferentTargetType_Success" storage="d:\actions-runner\_work\xpco\xpco\common\sc_commonfiles\zsc_commonfiles_unittest\bin\debug\net472\zsc_commonfiles_unittest.dll" id="9dcd4ce8-33dc-3db8-df54-9c3e687528fe">
      <Execution id="8eeca72b-5e72-49e6-9ef3-67089edaca8f" />
      <TestMethod codeBase="D:\actions-runner\_work\XPCO\XPCO\Common\SC_CommonFiles\zSC_CommonFiles_UnitTest\bin\Debug\net472\zSC_CommonFiles_UnitTest.dll" adapterTypeName="executor://mstestadapter/v2" className="zSC_CommonFiles_UnitTest.VideoOS.UI.Common.WPF.Utils.Converters.MaxWidthConverterTests" name="Convert_MultiValueConverter_DifferentTargetType_Success" />
    </UnitTest>
    <UnitTest name="ExtensionInvokeTest" storage="d:\actions-runner\_work\xpco\xpco\common\sc_commonfiles\zsc_commonfiles_unittest\bin\debug\net472\zsc_commonfiles_unittest.dll" id="bff954f8-e2d5-b0a0-fd97-8dd0ad93ed5a">
      <Execution id="2abafa89-f1f8-40c4-942c-de63181ee9f2" />
      <TestMethod codeBase="D:\actions-runner\_work\XPCO\XPCO\Common\SC_CommonFiles\zSC_CommonFiles_UnitTest\bin\Debug\net472\zSC_CommonFiles_UnitTest.dll" adapterTypeName="executor://mstestadapter/v2" className="SmartClient_UnitTest.VideoOS.UI.Common.WPF.Utils.Threading.DispatcherExtensionsTest" name="ExtensionInvokeTest" />
    </UnitTest>
    <UnitTest name="TooltipServiceWarning_Failover_AuthorizationError" storage="d:\actions-runner\_work\xpco\xpco\common\sc_commonfiles\zsc_commonfiles_unittest\bin\debug\net472\zsc_commonfiles_unittest.dll" id="d44e5ef1-d45e-248e-aa87-897c4217e08f">
      <Execution id="641f57ff-af4f-41ec-b9f0-338f691ecd63" />
      <TestMethod codeBase="D:\actions-runner\_work\XPCO\XPCO\Common\SC_CommonFiles\zSC_CommonFiles_UnitTest\bin\Debug\net472\zSC_CommonFiles_UnitTest.dll" adapterTypeName="executor://mstestadapter/v2" className="zSC_CommonFiles_UnitTest.VideoOS.UI.Common.WPF.Dashboard.Types.ServerTest" name="TooltipServiceWarning_Failover_AuthorizationError" />
    </UnitTest>
    <UnitTest name="CloseShouldBlockTheCache" storage="d:\actions-runner\_work\xpco\xpco\common\sc_commonfiles\zsc_commonfiles_unittest\bin\debug\net472\zsc_commonfiles_unittest.dll" id="a968b87e-cff6-bf9a-9da7-2e125015401d">
      <Execution id="4be774f4-b51f-4157-b799-ac0371935980" />
      <TestMethod codeBase="D:\actions-runner\_work\XPCO\XPCO\Common\SC_CommonFiles\zSC_CommonFiles_UnitTest\bin\Debug\net472\zSC_CommonFiles_UnitTest.dll" adapterTypeName="executor://mstestadapter/v2" className="SC_Common_UnitTest_VideoOS_UI_Common_Data_SequenceRetriever_ThumbCache.ThumbCacheTest" name="CloseShouldBlockTheCache" />
    </UnitTest>
    <UnitTest name="ItemHolderSelectedToggleButton_Init_Success" storage="d:\actions-runner\_work\xpco\xpco\common\sc_commonfiles\zsc_commonfiles_unittest\bin\debug\net472\zsc_commonfiles_unittest.dll" id="9fa25131-4a4e-7dac-7ed1-7e35fdb0b337">
      <TestCategory>
        <TestCategoryItem TestCategory="SC_CommonFiles.WPF.TileLayout" />
      </TestCategory>
      <Execution id="651c6c7c-0471-4554-9e20-ab3474a9e8a0" />
      <TestMethod codeBase="D:\actions-runner\_work\XPCO\XPCO\Common\SC_CommonFiles\zSC_CommonFiles_UnitTest\bin\Debug\net472\zSC_CommonFiles_UnitTest.dll" adapterTypeName="executor://mstestadapter/v2" className="zSC_CommonFiles_UnitTest.VideoOS.UI.Common.WPF.TileLayout.ItemHolderTest" name="ItemHolderSelectedToggleButton_Init_Success" />
    </UnitTest>
    <UnitTest name="AddFrameworkElementsOverlay_WithFollowDigitalZoomFalse_ShouldAddToFrameworkElementsOverlaysFixed" storage="d:\actions-runner\_work\xpco\xpco\common\sc_commonfiles\zsc_commonfiles_unittest\bin\debug\net472\zsc_commonfiles_unittest.dll" id="54792cc5-5557-3941-5368-3e4248495373">
      <Execution id="208fffa9-e58b-42cc-91d1-19e5d017420c" />
      <TestMethod codeBase="D:\actions-runner\_work\XPCO\XPCO\Common\SC_CommonFiles\zSC_CommonFiles_UnitTest\bin\Debug\net472\zSC_CommonFiles_UnitTest.dll" adapterTypeName="executor://mstestadapter/v2" className="zSC_CommonFiles_UnitTest.VideoOS.UI.Common.WPF.VideoPlayer.Model.FrameworkElementsOverlayModelTests" name="AddFrameworkElementsOverlay_WithFollowDigitalZoomFalse_ShouldAddToFrameworkElementsOverlaysFixed" />
    </UnitTest>
    <UnitTest name="Create_RecycledItemAvailable_Success" storage="d:\actions-runner\_work\xpco\xpco\common\sc_commonfiles\zsc_commonfiles_unittest\bin\debug\net472\zsc_commonfiles_unittest.dll" id="8e17e180-a6fb-9c35-ec45-dff245336c94">
      <Execution id="7756a230-3881-4535-b90e-6d103053faa5" />
      <TestMethod codeBase="D:\actions-runner\_work\XPCO\XPCO\Common\SC_CommonFiles\zSC_CommonFiles_UnitTest\bin\Debug\net472\zSC_CommonFiles_UnitTest.dll" adapterTypeName="executor://mstestadapter/v2" className="VideoOS.UI.Common.WPF.Utils.RecyclingFactory.RecyclingFactoryTests" name="Create_RecycledItemAvailable_Success" />
    </UnitTest>
    <UnitTest name="ShowDialogScaledHorizontalCenter_150Percent_Scaling" storage="d:\actions-runner\_work\xpco\xpco\common\sc_commonfiles\zsc_commonfiles_unittest\bin\debug\net472\zsc_commonfiles_unittest.dll" id="b722671b-5697-c030-4a64-cd7cdd00f422">
      <Execution id="08efd468-f9d8-4a21-adff-2c1e9748a261" />
      <TestMethod codeBase="D:\actions-runner\_work\XPCO\XPCO\Common\SC_CommonFiles\zSC_CommonFiles_UnitTest\bin\Debug\net472\zSC_CommonFiles_UnitTest.dll" adapterTypeName="executor://mstestadapter/v2" className="zSC_CommonFiles_UnitTest.VideoOS.UI.Common.WPF.Utils.ExtensionMethods.WindowExtensionsTests" name="ShowDialogScaledHorizontalCenter_150Percent_Scaling" />
    </UnitTest>
    <UnitTest name="GetStringValueOrDefault_KeyNotFound_DefaultValueReturned" storage="d:\actions-runner\_work\xpco\xpco\common\sc_commonfiles\zsc_commonfiles_unittest\bin\debug\net472\zsc_commonfiles_unittest.dll" id="1c73ceb9-2072-2e5e-a2de-ee8cd9695cfc">
      <Execution id="f4453eb2-802e-4a73-bd6a-3333449ba2d1" />
      <TestMethod codeBase="D:\actions-runner\_work\XPCO\XPCO\Common\SC_CommonFiles\zSC_CommonFiles_UnitTest\bin\Debug\net472\zSC_CommonFiles_UnitTest.dll" adapterTypeName="executor://mstestadapter/v2" className="zSC_CommonFiles_UnitTest.VideoOS.Common.Configuration.NameValueCollectionExtensionsTest" name="GetStringValueOrDefault_KeyNotFound_DefaultValueReturned" />
    </UnitTest>
    <UnitTest name="RoundToMillisecond_RoundUp" storage="d:\actions-runner\_work\xpco\xpco\common\sc_commonfiles\zsc_commonfiles_unittest\bin\debug\net472\zsc_commonfiles_unittest.dll" id="035ef68b-c3bd-7b62-9eec-5a605eb83f8c">
      <Execution id="92d2802b-f157-4958-b982-2fab9f30d354" />
      <TestMethod codeBase="D:\actions-runner\_work\XPCO\XPCO\Common\SC_CommonFiles\zSC_CommonFiles_UnitTest\bin\Debug\net472\zSC_CommonFiles_UnitTest.dll" adapterTypeName="executor://mstestadapter/v2" className="zSC_CommonFiles_UnitTest.VideoOS.UI.Common.WPF.Utils.ExtensionMethods.TimeSpanExtensionsTests" name="RoundToMillisecond_RoundUp" />
    </UnitTest>
    <UnitTest name="ExtensionBeginInvokeOneParamTest" storage="d:\actions-runner\_work\xpco\xpco\common\sc_commonfiles\zsc_commonfiles_unittest\bin\debug\net472\zsc_commonfiles_unittest.dll" id="82fcf867-5749-9edd-5c4f-4e3b8b6ee0a4">
      <Execution id="30c2c0ff-8689-4e93-97ef-f408b25c3409" />
      <TestMethod codeBase="D:\actions-runner\_work\XPCO\XPCO\Common\SC_CommonFiles\zSC_CommonFiles_UnitTest\bin\Debug\net472\zSC_CommonFiles_UnitTest.dll" adapterTypeName="executor://mstestadapter/v2" className="SmartClient_UnitTest.VideoOS.UI.Common.WPF.Utils.Threading.DispatcherExtensionsTest" name="ExtensionBeginInvokeOneParamTest" />
    </UnitTest>
    <UnitTest name="OkNewTileAddsANewTile" storage="d:\actions-runner\_work\xpco\xpco\common\sc_commonfiles\zsc_commonfiles_unittest\bin\debug\net472\zsc_commonfiles_unittest.dll" id="8dde7174-38d7-ee12-7e68-7117e399b660">
      <Execution id="b2dec175-0615-4bd7-ae5f-c21ffd07bd8c" />
      <TestMethod codeBase="D:\actions-runner\_work\XPCO\XPCO\Common\SC_CommonFiles\zSC_CommonFiles_UnitTest\bin\Debug\net472\zSC_CommonFiles_UnitTest.dll" adapterTypeName="executor://mstestadapter/v2" className="zSC_CommonFiles_UnitTest.DashboardTilesTests" name="OkNewTileAddsANewTile" />
    </UnitTest>
    <UnitTest name="EqualsTest" storage="d:\actions-runner\_work\xpco\xpco\common\sc_commonfiles\zsc_commonfiles_unittest\bin\debug\net472\zsc_commonfiles_unittest.dll" id="16c91d34-e916-3d59-f51a-4f9b85399289">
      <Execution id="68ccc674-24b9-441c-8f53-326348c0c217" />
      <TestMethod codeBase="D:\actions-runner\_work\XPCO\XPCO\Common\SC_CommonFiles\zSC_CommonFiles_UnitTest\bin\Debug\net472\zSC_CommonFiles_UnitTest.dll" adapterTypeName="executor://mstestadapter/v2" className="SmartClient_UnitTest_VideoOS_UI_Common_WPF_Timeline.TimeIntervalTest" name="EqualsTest" />
    </UnitTest>
    <UnitTest name="IfInstanceIdIsNotSetThenEntityNameIsCategoryName" storage="d:\actions-runner\_work\xpco\xpco\common\sc_commonfiles\zsc_commonfiles_unittest\bin\debug\net472\zsc_commonfiles_unittest.dll" id="c66e3bc2-2f46-3828-947c-08aea11ba952">
      <Execution id="f591b6f6-2b82-45a9-b416-7b4e83a57ab5" />
      <TestMethod codeBase="D:\actions-runner\_work\XPCO\XPCO\Common\SC_CommonFiles\zSC_CommonFiles_UnitTest\bin\Debug\net472\zSC_CommonFiles_UnitTest.dll" adapterTypeName="executor://mstestadapter/v2" className="zSC_CommonFiles_UnitTest.LocalizationTests" name="IfInstanceIdIsNotSetThenEntityNameIsCategoryName" />
    </UnitTest>
    <UnitTest name="Constructor_BasicUser_ArgumentNull_NotThrown" storage="d:\actions-runner\_work\xpco\xpco\common\sc_commonfiles\zsc_commonfiles_unittest\bin\debug\net472\zsc_commonfiles_unittest.dll" id="ff1a4b6f-649a-7590-b9c5-b466353c43f8">
      <Execution id="d258ee8a-d8d3-4e21-b3d8-c3fe9ad44255" />
      <TestMethod codeBase="D:\actions-runner\_work\XPCO\XPCO\Common\SC_CommonFiles\zSC_CommonFiles_UnitTest\bin\Debug\net472\zSC_CommonFiles_UnitTest.dll" adapterTypeName="executor://mstestadapter/v2" className="zSC_CommonFiles_UnitTest.VideoOS.Common.State.StateHandlerTests" name="Constructor_BasicUser_ArgumentNull_NotThrown" />
    </UnitTest>
    <UnitTest name="GetStates_SessionStarted_WithStates" storage="d:\actions-runner\_work\xpco\xpco\common\sc_commonfiles\zsc_commonfiles_unittest\bin\debug\net472\zsc_commonfiles_unittest.dll" id="278a11dd-76cf-5c46-224d-0d3283afee51">
      <Execution id="e440b84d-f6b9-4d63-9d33-8bcef74d7572" />
      <TestMethod codeBase="D:\actions-runner\_work\XPCO\XPCO\Common\SC_CommonFiles\zSC_CommonFiles_UnitTest\bin\Debug\net472\zSC_CommonFiles_UnitTest.dll" adapterTypeName="executor://mstestadapter/v2" className="zSC_CommonFiles_UnitTest.VideoOS.Common.State.ServerStateManagerTests" name="GetStates_SessionStarted_WithStates" />
    </UnitTest>
    <UnitTest name="OkEditTileEditsTile" storage="d:\actions-runner\_work\xpco\xpco\common\sc_commonfiles\zsc_commonfiles_unittest\bin\debug\net472\zsc_commonfiles_unittest.dll" id="f106274d-5d2d-5f08-6dad-6f5b4c7e2e4c">
      <Execution id="132b99f8-0da9-4711-b338-d3adacc42226" />
      <TestMethod codeBase="D:\actions-runner\_work\XPCO\XPCO\Common\SC_CommonFiles\zSC_CommonFiles_UnitTest\bin\Debug\net472\zSC_CommonFiles_UnitTest.dll" adapterTypeName="executor://mstestadapter/v2" className="zSC_CommonFiles_UnitTest.DashboardTilesTests" name="OkEditTileEditsTile" />
    </UnitTest>
    <UnitTest name="GetIntersectingTest" storage="d:\actions-runner\_work\xpco\xpco\common\sc_commonfiles\zsc_commonfiles_unittest\bin\debug\net472\zsc_commonfiles_unittest.dll" id="db062b49-88de-b8f8-9ca6-8a07ff86d1c6">
      <Execution id="dbdfcc5d-cbeb-4934-9163-637a55ac2976" />
      <TestMethod codeBase="D:\actions-runner\_work\XPCO\XPCO\Common\SC_CommonFiles\zSC_CommonFiles_UnitTest\bin\Debug\net472\zSC_CommonFiles_UnitTest.dll" adapterTypeName="executor://mstestadapter/v2" className="SmartClient_UnitTest_VideoOS_UI_Common_WPF_Timeline.TimeIntervalC5ExtensionTest" name="GetIntersectingTest" />
    </UnitTest>
    <UnitTest name="ReorderTilesOrdersByPositionCamera" storage="d:\actions-runner\_work\xpco\xpco\common\sc_commonfiles\zsc_commonfiles_unittest\bin\debug\net472\zsc_commonfiles_unittest.dll" id="51395a71-b567-dc86-b950-ec06701415e4">
      <Execution id="bd7dfa69-8692-4cdf-84b9-b1c483ce2f5f" />
      <TestMethod codeBase="D:\actions-runner\_work\XPCO\XPCO\Common\SC_CommonFiles\zSC_CommonFiles_UnitTest\bin\Debug\net472\zSC_CommonFiles_UnitTest.dll" adapterTypeName="executor://mstestadapter/v2" className="zSC_CommonFiles_UnitTest.DashboardTilesTests" name="ReorderTilesOrdersByPositionCamera" />
    </UnitTest>
    <UnitTest name="UpdateFrameworkElementsOverlay_WithUnknownId_ShouldReturnFalse" storage="d:\actions-runner\_work\xpco\xpco\common\sc_commonfiles\zsc_commonfiles_unittest\bin\debug\net472\zsc_commonfiles_unittest.dll" id="b2995b06-1442-48cc-a8f7-299ee21d333d">
      <Execution id="86413b47-2444-45e5-8c2b-c8272ab9bab4" />
      <TestMethod codeBase="D:\actions-runner\_work\XPCO\XPCO\Common\SC_CommonFiles\zSC_CommonFiles_UnitTest\bin\Debug\net472\zSC_CommonFiles_UnitTest.dll" adapterTypeName="executor://mstestadapter/v2" className="zSC_CommonFiles_UnitTest.VideoOS.UI.Common.WPF.VideoPlayer.Model.FrameworkElementsOverlayModelTests" name="UpdateFrameworkElementsOverlay_WithUnknownId_ShouldReturnFalse" />
    </UnitTest>
    <UnitTest name="DrawControl_Success" storage="d:\actions-runner\_work\xpco\xpco\common\sc_commonfiles\zsc_commonfiles_unittest\bin\debug\net472\zsc_commonfiles_unittest.dll" id="24801bf2-63b2-04d1-d795-083a0ecbe814">
      <TestCategory>
        <TestCategoryItem TestCategory="RangeSelector" />
      </TestCategory>
      <Execution id="4416908e-a0aa-4897-aa07-c8ce75fffa66" />
      <TestMethod codeBase="D:\actions-runner\_work\XPCO\XPCO\Common\SC_CommonFiles\zSC_CommonFiles_UnitTest\bin\Debug\net472\zSC_CommonFiles_UnitTest.dll" adapterTypeName="executor://mstestadapter/v2" className="VideoOS.UI.Common.WPF.RangeSelector.RangeSelectorTest" name="DrawControl_Success" />
    </UnitTest>
    <UnitTest name="AllowUnsecureConnection_ShouldBeFalse_WhenUsernameDoesNotExist" storage="d:\actions-runner\_work\xpco\xpco\common\sc_commonfiles\zsc_commonfiles_unittest\bin\debug\net472\zsc_commonfiles_unittest.dll" id="12c318f1-025e-56db-70fc-391decd83ddf">
      <Execution id="148fda21-1632-442f-ade7-4e84147194bb" />
      <TestMethod codeBase="D:\actions-runner\_work\XPCO\XPCO\Common\SC_CommonFiles\zSC_CommonFiles_UnitTest\bin\Debug\net472\zSC_CommonFiles_UnitTest.dll" adapterTypeName="executor://mstestadapter/v2" className="zSC_CommonFiles_UnitTest.VideoOS.Common.Login.UIConnectionInfoTests" name="AllowUnsecureConnection_ShouldBeFalse_WhenUsernameDoesNotExist" />
    </UnitTest>
    <UnitTest name="TileLayout_Focused_BorderBrushUpdated" storage="d:\actions-runner\_work\xpco\xpco\common\sc_commonfiles\zsc_commonfiles_unittest\bin\debug\net472\zsc_commonfiles_unittest.dll" id="08927107-8d8c-0e18-84c3-bf6112c63fb2">
      <TestCategory>
        <TestCategoryItem TestCategory="SC_CommonFiles.WPF.TileLayout" />
      </TestCategory>
      <Execution id="e0a5b8af-ca20-44a8-875c-bcb878493467" />
      <TestMethod codeBase="D:\actions-runner\_work\XPCO\XPCO\Common\SC_CommonFiles\zSC_CommonFiles_UnitTest\bin\Debug\net472\zSC_CommonFiles_UnitTest.dll" adapterTypeName="executor://mstestadapter/v2" className="zSC_CommonFiles_UnitTest.VideoOS.UI.Common.WPF.TileLayout.ItemHolderTest" name="TileLayout_Focused_BorderBrushUpdated" />
    </UnitTest>
    <UnitTest name="GetStringValueOrDefault_KeyFound_ValueReturned" storage="d:\actions-runner\_work\xpco\xpco\common\sc_commonfiles\zsc_commonfiles_unittest\bin\debug\net472\zsc_commonfiles_unittest.dll" id="45e75a0d-4283-5aac-6b8e-d457bbb3aa8a">
      <Execution id="4a0fe1af-ae5f-4768-afbb-2b7fe1c67e29" />
      <TestMethod codeBase="D:\actions-runner\_work\XPCO\XPCO\Common\SC_CommonFiles\zSC_CommonFiles_UnitTest\bin\Debug\net472\zSC_CommonFiles_UnitTest.dll" adapterTypeName="executor://mstestadapter/v2" className="zSC_CommonFiles_UnitTest.VideoOS.Common.Configuration.NameValueCollectionExtensionsTest" name="GetStringValueOrDefault_KeyFound_ValueReturned" />
    </UnitTest>
    <UnitTest name="ProvideValue_ReturnsThis" storage="d:\actions-runner\_work\xpco\xpco\common\sc_commonfiles\zsc_commonfiles_unittest\bin\debug\net472\zsc_commonfiles_unittest.dll" id="6be2a7ca-9e0f-738a-b561-fdbbb35486e2">
      <TestCategory>
        <TestCategoryItem TestCategory="Converters" />
      </TestCategory>
      <Execution id="088b87e4-2750-434c-925a-ce8d76a91663" />
      <TestMethod codeBase="D:\actions-runner\_work\XPCO\XPCO\Common\SC_CommonFiles\zSC_CommonFiles_UnitTest\bin\Debug\net472\zSC_CommonFiles_UnitTest.dll" adapterTypeName="executor://mstestadapter/v2" className="VideoOS.UI.Common.WPF.Utils.Converters.OffsetConverterTests" name="ProvideValue_ReturnsThis" />
    </UnitTest>
    <UnitTest name="TooltipServiceWarning_Failover_LocalSSLError" storage="d:\actions-runner\_work\xpco\xpco\common\sc_commonfiles\zsc_commonfiles_unittest\bin\debug\net472\zsc_commonfiles_unittest.dll" id="da7d9a18-f239-39a4-8fc7-3bf5666ab8f3">
      <Execution id="ec3a43cf-cda3-4eb8-aaf3-f4e088ad4dce" />
      <TestMethod codeBase="D:\actions-runner\_work\XPCO\XPCO\Common\SC_CommonFiles\zSC_CommonFiles_UnitTest\bin\Debug\net472\zSC_CommonFiles_UnitTest.dll" adapterTypeName="executor://mstestadapter/v2" className="zSC_CommonFiles_UnitTest.VideoOS.UI.Common.WPF.Dashboard.Types.ServerTest" name="TooltipServiceWarning_Failover_LocalSSLError" />
    </UnitTest>
    <UnitTest name="TestPersistTilesAsync" storage="d:\actions-runner\_work\xpco\xpco\common\sc_commonfiles\zsc_commonfiles_unittest\bin\debug\net472\zsc_commonfiles_unittest.dll" id="30615111-4d56-31e8-6884-f7dcdc0aad49">
      <Execution id="834af58d-4c0d-4b05-b1f1-3bea3d805b88" />
      <TestMethod codeBase="D:\actions-runner\_work\XPCO\XPCO\Common\SC_CommonFiles\zSC_CommonFiles_UnitTest\bin\Debug\net472\zSC_CommonFiles_UnitTest.dll" adapterTypeName="executor://mstestadapter/v2" className="zSC_CommonFiles_UnitTest.VideoOS.UI.Common.WPF.SystemDashboardUnitTests" name="TestPersistTilesAsync" />
    </UnitTest>
    <UnitTest name="Constructor_WindowsUser_Password_ArgumentNull_Thrown" storage="d:\actions-runner\_work\xpco\xpco\common\sc_commonfiles\zsc_commonfiles_unittest\bin\debug\net472\zsc_commonfiles_unittest.dll" id="46313e0c-0560-4a59-beb1-c990fbb88dd8">
      <Execution id="27141209-7f0c-4e02-9ff2-359e4f927673" />
      <TestMethod codeBase="D:\actions-runner\_work\XPCO\XPCO\Common\SC_CommonFiles\zSC_CommonFiles_UnitTest\bin\Debug\net472\zSC_CommonFiles_UnitTest.dll" adapterTypeName="executor://mstestadapter/v2" className="zSC_CommonFiles_UnitTest.VideoOS.Common.State.StateHandlerTests" name="Constructor_WindowsUser_Password_ArgumentNull_Thrown" />
    </UnitTest>
    <UnitTest name="Changing_Items_In_The_Middle_Works" storage="d:\actions-runner\_work\xpco\xpco\common\sc_commonfiles\zsc_commonfiles_unittest\bin\debug\net472\zsc_commonfiles_unittest.dll" id="b8abe570-968b-bdd1-9711-285d9d0a6ba1">
      <Execution id="e70b3fbc-6cef-4e23-9b12-421013a926be" />
      <TestMethod codeBase="D:\actions-runner\_work\XPCO\XPCO\Common\SC_CommonFiles\zSC_CommonFiles_UnitTest\bin\Debug\net472\zSC_CommonFiles_UnitTest.dll" adapterTypeName="executor://mstestadapter/v2" className="zSC_CommonFiles_UnitTest.VideoOS.UI.Common.WPF.Utils.ReadOnlyCollectionExtensionsTest" name="Changing_Items_In_The_Middle_Works" />
    </UnitTest>
    <UnitTest name="MeasureCounters_SetsTheCorrectInitialGpuInformation" storage="d:\actions-runner\_work\xpco\xpco\common\sc_commonfiles\zsc_commonfiles_unittest\bin\debug\net472\zsc_commonfiles_unittest.dll" id="3a11b55c-2e4b-9de3-e429-e8e4d5b33710">
      <Execution id="3b509ad2-d659-452b-ad3f-c4eabf31ea0e" />
      <TestMethod codeBase="D:\actions-runner\_work\XPCO\XPCO\Common\SC_CommonFiles\zSC_CommonFiles_UnitTest\bin\Debug\net472\zSC_CommonFiles_UnitTest.dll" adapterTypeName="executor://mstestadapter/v2" className="zSC_CommonFiles_UnitTest.VideoOS.UI.Common.WPF.ClientDataGathererTests" name="MeasureCounters_SetsTheCorrectInitialGpuInformation" />
    </UnitTest>
    <UnitTest name="RoundToHour_Up" storage="d:\actions-runner\_work\xpco\xpco\common\sc_commonfiles\zsc_commonfiles_unittest\bin\debug\net472\zsc_commonfiles_unittest.dll" id="d32054d7-3151-5a17-efe5-d560f827fbcf">
      <Execution id="75a96818-7ecd-413b-9714-fbad047a5575" />
      <TestMethod codeBase="D:\actions-runner\_work\XPCO\XPCO\Common\SC_CommonFiles\zSC_CommonFiles_UnitTest\bin\Debug\net472\zSC_CommonFiles_UnitTest.dll" adapterTypeName="executor://mstestadapter/v2" className="zSC_CommonFiles_UnitTest.VideoOS.UI.Common.WPF.Utils.ExtensionMethods.DateTimeExtensionsTests" name="RoundToHour_Up" />
    </UnitTest>
    <UnitTest name="SequenceEquals_DifferentlySizedCollections_RespectOrder_SymmetricalFalseResult" storage="d:\actions-runner\_work\xpco\xpco\common\sc_commonfiles\zsc_commonfiles_unittest\bin\debug\net472\zsc_commonfiles_unittest.dll" id="ca6d72ce-f71b-8ae1-85b8-7dccf00e0632">
      <Execution id="1e8b089c-af2a-4232-8c80-a2091c2ee4af" />
      <TestMethod codeBase="D:\actions-runner\_work\XPCO\XPCO\Common\SC_CommonFiles\zSC_CommonFiles_UnitTest\bin\Debug\net472\zSC_CommonFiles_UnitTest.dll" adapterTypeName="executor://mstestadapter/v2" className="zSC_CommonFiles_UnitTest.VideoOS.UI.Common.WPF.Utils.ObservableCollectionExtensionTest" name="SequenceEquals_DifferentlySizedCollections_RespectOrder_SymmetricalFalseResult" />
    </UnitTest>
    <UnitTest name="DoComboSelectionThrowsIfServerTypeIdIsNotAValidGuid" storage="d:\actions-runner\_work\xpco\xpco\common\sc_commonfiles\zsc_commonfiles_unittest\bin\debug\net472\zsc_commonfiles_unittest.dll" id="2aca5760-5736-8fb2-f42a-c078d75461ed">
      <Execution id="f194923d-e100-4795-a32e-4aba88b1d385" />
      <TestMethod codeBase="D:\actions-runner\_work\XPCO\XPCO\Common\SC_CommonFiles\zSC_CommonFiles_UnitTest\bin\Debug\net472\zSC_CommonFiles_UnitTest.dll" adapterTypeName="executor://mstestadapter/v2" className="zSC_CommonFiles_UnitTest.DashboardTilesTests" name="DoComboSelectionThrowsIfServerTypeIdIsNotAValidGuid" />
    </UnitTest>
    <UnitTest name="RemoveAllFrameworkElementsOverlays_ShouldRemoveAllItems" storage="d:\actions-runner\_work\xpco\xpco\common\sc_commonfiles\zsc_commonfiles_unittest\bin\debug\net472\zsc_commonfiles_unittest.dll" id="0f992a8c-5f2a-115c-5c24-adb0ecb69f62">
      <Execution id="4d4d334f-11cf-4cb4-9d6f-3c88c754e54a" />
      <TestMethod codeBase="D:\actions-runner\_work\XPCO\XPCO\Common\SC_CommonFiles\zSC_CommonFiles_UnitTest\bin\Debug\net472\zSC_CommonFiles_UnitTest.dll" adapterTypeName="executor://mstestadapter/v2" className="zSC_CommonFiles_UnitTest.VideoOS.UI.Common.WPF.VideoPlayer.Model.FrameworkElementsOverlayModelTests" name="RemoveAllFrameworkElementsOverlays_ShouldRemoveAllItems" />
    </UnitTest>
    <UnitTest name="ItemHolder_SelectedToggleButton_MouseClick_Success" storage="d:\actions-runner\_work\xpco\xpco\common\sc_commonfiles\zsc_commonfiles_unittest\bin\debug\net472\zsc_commonfiles_unittest.dll" id="21727a68-5514-e7fd-4cbf-85c9b79894da">
      <TestCategory>
        <TestCategoryItem TestCategory="SC_CommonFiles.WPF.TileLayout" />
      </TestCategory>
      <Execution id="57818bbf-8190-4f26-9e26-5da8211652bf" />
      <TestMethod codeBase="D:\actions-runner\_work\XPCO\XPCO\Common\SC_CommonFiles\zSC_CommonFiles_UnitTest\bin\Debug\net472\zSC_CommonFiles_UnitTest.dll" adapterTypeName="executor://mstestadapter/v2" className="zSC_CommonFiles_UnitTest.VideoOS.UI.Common.WPF.TileLayout.TileLayoutTest" name="ItemHolder_SelectedToggleButton_MouseClick_Success" />
    </UnitTest>
    <UnitTest name="GetStates_NoSessionStarted_NoSession" storage="d:\actions-runner\_work\xpco\xpco\common\sc_commonfiles\zsc_commonfiles_unittest\bin\debug\net472\zsc_commonfiles_unittest.dll" id="6cf7fdb3-260b-5bc9-89b2-d50224c7f7ac">
      <Execution id="622b9fd3-0d4f-4cb5-b91b-c594ad6ebc1e" />
      <TestMethod codeBase="D:\actions-runner\_work\XPCO\XPCO\Common\SC_CommonFiles\zSC_CommonFiles_UnitTest\bin\Debug\net472\zSC_CommonFiles_UnitTest.dll" adapterTypeName="executor://mstestadapter/v2" className="zSC_CommonFiles_UnitTest.VideoOS.Common.State.CameraStateManagerTests" name="GetStates_NoSessionStarted_NoSession" />
    </UnitTest>
    <UnitTest name="RoundToSecond_RoundDown" storage="d:\actions-runner\_work\xpco\xpco\common\sc_commonfiles\zsc_commonfiles_unittest\bin\debug\net472\zsc_commonfiles_unittest.dll" id="39dbf18b-e14c-3648-f5ba-d9480b6b2143">
      <Execution id="d3523930-817c-4e3f-b3cb-4c8378fa2127" />
      <TestMethod codeBase="D:\actions-runner\_work\XPCO\XPCO\Common\SC_CommonFiles\zSC_CommonFiles_UnitTest\bin\Debug\net472\zSC_CommonFiles_UnitTest.dll" adapterTypeName="executor://mstestadapter/v2" className="zSC_CommonFiles_UnitTest.VideoOS.UI.Common.WPF.Utils.ExtensionMethods.TimeSpanExtensionsTests" name="RoundToSecond_RoundDown" />
    </UnitTest>
  </TestDefinitions>
  <TestEntries>
    <TestEntry testId="88c0ee23-26fa-850a-6ac5-863c20752b1c" executionId="daef5f0a-907c-46c4-a5f5-a0594c2efd8e" testListId="8c84fa94-04c1-424b-9868-57a2d4851a1d" />
    <TestEntry testId="75b02970-aa24-70a3-87c6-08d86ea85974" executionId="f376faff-46c0-4168-8ceb-e7936a8dab37" testListId="8c84fa94-04c1-424b-9868-57a2d4851a1d" />
    <TestEntry testId="70585a7d-e8bb-2ea7-4d4d-a7d89c0cc001" executionId="720e86ce-98cb-4dbf-b436-e7d2a58a0521" testListId="8c84fa94-04c1-424b-9868-57a2d4851a1d" />
    <TestEntry testId="322678fe-2d0e-03ee-cda0-d8553512610f" executionId="03beb76a-229a-4cd6-815f-bab4b7ad14e7" testListId="8c84fa94-04c1-424b-9868-57a2d4851a1d" />
    <TestEntry testId="968cb0b5-2676-6cd1-05ad-544228943f8e" executionId="01aa6a43-c4d5-4932-a468-21059889fef0" testListId="8c84fa94-04c1-424b-9868-57a2d4851a1d" />
    <TestEntry testId="0c965795-08e1-96ff-221c-6c48f278966b" executionId="05f12b1e-5bf8-4a5b-b65b-f035e7a9d8f1" testListId="8c84fa94-04c1-424b-9868-57a2d4851a1d" />
    <TestEntry testId="39556250-42a0-8230-36af-33fb371b59df" executionId="476b553a-7d41-489d-949f-941dfd59051c" testListId="8c84fa94-04c1-424b-9868-57a2d4851a1d" />
    <TestEntry testId="3d591622-7a9a-3607-596b-40dbc7119e9a" executionId="e3a86cd5-bc39-443c-9127-84fb31a9dcf3" testListId="8c84fa94-04c1-424b-9868-57a2d4851a1d" />
    <TestEntry testId="8a767b9b-e015-e5fc-c6e0-fb31075f769b" executionId="f754728c-8c5a-4962-9b71-fc40b47601cd" testListId="8c84fa94-04c1-424b-9868-57a2d4851a1d" />
    <TestEntry testId="6bf27e89-1adf-d0e5-6e64-45ecd4ed017f" executionId="d4824f66-6a99-48e6-9bf5-a0de1fb788cc" testListId="8c84fa94-04c1-424b-9868-57a2d4851a1d" />
    <TestEntry testId="e245fb45-69ee-13c5-5051-f3d423a730df" executionId="ca348457-aac2-4cf0-8a45-eec7cbaa9fb0" testListId="8c84fa94-04c1-424b-9868-57a2d4851a1d" />
    <TestEntry testId="38f8f45d-602d-9fe2-6af1-7d834fd278db" executionId="c9bbe601-7f37-46be-80f3-d3407ffe4bcf" testListId="8c84fa94-04c1-424b-9868-57a2d4851a1d" />
    <TestEntry testId="6f43ed26-de60-b0e4-78cc-d52e607c404f" executionId="1dedbe22-90ad-4fb9-a428-d6a65360b1cf" testListId="8c84fa94-04c1-424b-9868-57a2d4851a1d" />
    <TestEntry testId="27329ac4-220b-b901-238d-32a5c22c05d2" executionId="6ac296f3-ed12-4dca-9062-ca950e9f89d8" testListId="8c84fa94-04c1-424b-9868-57a2d4851a1d" />
    <TestEntry testId="c93e1fde-ba93-9054-d493-30af75ea0b03" executionId="5a093a3a-2424-4722-98cb-fb3ec638235c" testListId="8c84fa94-04c1-424b-9868-57a2d4851a1d" />
    <TestEntry testId="5f23c18d-428e-08d4-6861-aed4128bbfb5" executionId="cf81d7cf-eb18-492b-a44d-c6f9f1776298" testListId="8c84fa94-04c1-424b-9868-57a2d4851a1d" />
    <TestEntry testId="c9c040fb-43ed-370d-2782-b2d5defe722d" executionId="4f96c39a-d024-474b-bacc-7aa6c03fe9d9" testListId="8c84fa94-04c1-424b-9868-57a2d4851a1d" />
    <TestEntry testId="d44e5ef1-d45e-248e-aa87-897c4217e08f" executionId="641f57ff-af4f-41ec-b9f0-338f691ecd63" testListId="8c84fa94-04c1-424b-9868-57a2d4851a1d" />
    <TestEntry testId="db062b49-88de-b8f8-9ca6-8a07ff86d1c6" executionId="dbdfcc5d-cbeb-4934-9163-637a55ac2976" testListId="8c84fa94-04c1-424b-9868-57a2d4851a1d" />
    <TestEntry testId="94400230-a0cf-2852-335d-5880a46a038d" executionId="25b7474b-6f44-4e22-94dc-1591a9ad73ed" testListId="8c84fa94-04c1-424b-9868-57a2d4851a1d" />
    <TestEntry testId="cf3d443f-6dec-a121-7292-16e5d1c821cc" executionId="889471fe-4ebe-4754-9a54-6ae8afac5db9" testListId="8c84fa94-04c1-424b-9868-57a2d4851a1d" />
    <TestEntry testId="695975e6-7257-8513-2988-a677f0875ff3" executionId="feff39b3-8f62-43cf-bd83-831f496a2339" testListId="8c84fa94-04c1-424b-9868-57a2d4851a1d" />
    <TestEntry testId="be742706-2384-ae61-bc11-568bd8c32abe" executionId="66351ce9-23b9-414e-a5d1-e450fd40fc4c" testListId="8c84fa94-04c1-424b-9868-57a2d4851a1d" />
    <TestEntry testId="eff56118-333e-58bc-c876-e39cbb7e3925" executionId="8a724318-6607-4dfa-b28b-3594205b6846" testListId="8c84fa94-04c1-424b-9868-57a2d4851a1d" />
    <TestEntry testId="4d104602-0dda-c899-6d83-d5aa637c46a2" executionId="97a20ce8-4b41-40f6-bec4-aaa62ce6669a" testListId="8c84fa94-04c1-424b-9868-57a2d4851a1d" />
    <TestEntry testId="30615111-4d56-31e8-6884-f7dcdc0aad49" executionId="834af58d-4c0d-4b05-b1f1-3bea3d805b88" testListId="8c84fa94-04c1-424b-9868-57a2d4851a1d" />
    <TestEntry testId="41441101-47ad-5d05-d82c-2bfa6a698b36" executionId="0f21ff57-de6f-446f-8ff6-62e215c1d81e" testListId="8c84fa94-04c1-424b-9868-57a2d4851a1d" />
    <TestEntry testId="97ed5bad-2fed-e9d4-6d6f-bad924a904de" executionId="e52380c4-91a4-4e44-9e6d-60cf4ddbb3a0" testListId="8c84fa94-04c1-424b-9868-57a2d4851a1d" />
    <TestEntry testId="87c36423-3ba7-fe8e-7a2d-f8a7fdd246be" executionId="057801b6-49b9-4520-91fc-c4056daddb47" testListId="8c84fa94-04c1-424b-9868-57a2d4851a1d" />
    <TestEntry testId="61b1c2a4-89cd-5144-7bf8-430d589649be" executionId="51200b41-da91-4bc6-8c0d-7f03e6b85094" testListId="8c84fa94-04c1-424b-9868-57a2d4851a1d" />
    <TestEntry testId="93e1c6bd-3907-bf6a-9788-32ce344adf8d" executionId="f5567975-7376-43e9-bc58-d95806972896" testListId="8c84fa94-04c1-424b-9868-57a2d4851a1d" />
    <TestEntry testId="d321e896-1c35-b87a-a0b5-276c58a0218b" executionId="6bf7d451-ff02-477f-a87a-4eec33282cae" testListId="8c84fa94-04c1-424b-9868-57a2d4851a1d" />
    <TestEntry testId="982659d8-a45b-dd6c-ac91-40bffddd94cf" executionId="cc72be89-a84a-4394-afc3-37195fb3d466" testListId="8c84fa94-04c1-424b-9868-57a2d4851a1d" />
    <TestEntry testId="8d3a13e4-7529-dcc7-acab-a47c8e85a381" executionId="767343b4-d870-4b1f-85cf-6bb239b76a92" testListId="8c84fa94-04c1-424b-9868-57a2d4851a1d" />
    <TestEntry testId="ed486ee2-750d-c7b9-06cc-eb3021382eda" executionId="39f42b98-bff9-4b1d-a0ab-53a33883afbe" testListId="8c84fa94-04c1-424b-9868-57a2d4851a1d" />
    <TestEntry testId="89375aca-5b37-064f-74cf-5102a1c4ec81" executionId="46c0dcf1-82af-4cc0-b766-167c0db7a9c5" testListId="8c84fa94-04c1-424b-9868-57a2d4851a1d" />
    <TestEntry testId="3e8485c9-a7cd-7c8f-f394-cfd45a272654" executionId="c3443887-1b63-457f-afd5-adbc44ee2265" testListId="8c84fa94-04c1-424b-9868-57a2d4851a1d" />
    <TestEntry testId="a40e30ee-4537-9698-9f88-45700d1ef781" executionId="44b6d062-a848-48c9-a731-d86cdc6ce0bd" testListId="8c84fa94-04c1-424b-9868-57a2d4851a1d" />
    <TestEntry testId="1a9ef545-ced5-a479-15d2-22e0772b422a" executionId="2e20814c-252f-434b-9d79-9e8ceea15deb" testListId="8c84fa94-04c1-424b-9868-57a2d4851a1d" />
    <TestEntry testId="20c0e1dd-a74f-c654-d865-142fb2a2787f" executionId="66abcab0-2948-42c3-9b7d-3af554fbffaf" testListId="8c84fa94-04c1-424b-9868-57a2d4851a1d" />
    <TestEntry testId="21727a68-5514-e7fd-4cbf-85c9b79894da" executionId="57818bbf-8190-4f26-9e26-5da8211652bf" testListId="8c84fa94-04c1-424b-9868-57a2d4851a1d" />
    <TestEntry testId="edd04f72-e846-3536-4d16-cb04e8460e6b" executionId="4110aad7-6d22-44b6-a6c8-da43295dc142" testListId="8c84fa94-04c1-424b-9868-57a2d4851a1d" />
    <TestEntry testId="01c86469-a2b3-56b4-e415-0f887f533923" executionId="8edc3f43-1adf-4255-902b-7c28b227b6f4" testListId="8c84fa94-04c1-424b-9868-57a2d4851a1d" />
    <TestEntry testId="3a11b55c-2e4b-9de3-e429-e8e4d5b33710" executionId="3b509ad2-d659-452b-ad3f-c4eabf31ea0e" testListId="8c84fa94-04c1-424b-9868-57a2d4851a1d" />
    <TestEntry testId="64f4b309-46ce-14bc-92c8-2dbd5092f999" executionId="3ae46e04-4caf-465c-85b1-e8e572ce6481" testListId="8c84fa94-04c1-424b-9868-57a2d4851a1d" />
    <TestEntry testId="6302655b-61c8-7b0f-1cb8-2a78b11ff788" executionId="c59a03e8-fd03-4ba8-ab98-d3217a09e397" testListId="8c84fa94-04c1-424b-9868-57a2d4851a1d" />
    <TestEntry testId="3a686c1f-b102-e8a9-b329-09a0749c945a" executionId="7c70ef5d-1cee-48d4-ba08-b6ee8aeb0022" testListId="8c84fa94-04c1-424b-9868-57a2d4851a1d" />
    <TestEntry testId="13a2427c-e785-ce2d-2d1c-b445eff86f81" executionId="db1f56fb-eb86-41d1-8ed5-fec9bcffae13" testListId="8c84fa94-04c1-424b-9868-57a2d4851a1d" />
    <TestEntry testId="db58122d-1cb6-c9dc-b0c5-af4f8da57592" executionId="28c5d730-1abb-4d8d-9bca-b580857b3a8f" testListId="8c84fa94-04c1-424b-9868-57a2d4851a1d" />
    <TestEntry testId="9dcd4ce8-33dc-3db8-df54-9c3e687528fe" executionId="8eeca72b-5e72-49e6-9ef3-67089edaca8f" testListId="8c84fa94-04c1-424b-9868-57a2d4851a1d" />
    <TestEntry testId="6be2a7ca-9e0f-738a-b561-fdbbb35486e2" executionId="088b87e4-2750-434c-925a-ce8d76a91663" testListId="8c84fa94-04c1-424b-9868-57a2d4851a1d" />
    <TestEntry testId="286237b8-58c5-8f71-48e4-5e1734d0ac85" executionId="3a9182ba-bdb0-4bcc-8bc8-6bae9c241d2b" testListId="8c84fa94-04c1-424b-9868-57a2d4851a1d" />
    <TestEntry testId="b6fd8020-db5d-f64a-77cc-9352b31e97f8" executionId="729e8178-ff7b-430f-b0e4-b232a723872f" testListId="8c84fa94-04c1-424b-9868-57a2d4851a1d" />
    <TestEntry testId="06f7ab65-67b0-9ceb-7950-154a66e24a54" executionId="008cf566-0d98-4e91-8590-f56c26f2c5da" testListId="8c84fa94-04c1-424b-9868-57a2d4851a1d" />
    <TestEntry testId="9e8c12e8-27ef-31c9-ca23-5d60c890c874" executionId="b8420274-afcb-463a-a999-b522f3a63c29" testListId="8c84fa94-04c1-424b-9868-57a2d4851a1d" />
    <TestEntry testId="876bc370-09a2-ee34-0b46-51df5caf6b5d" executionId="10509874-543b-4047-86de-7e8f07b1675e" testListId="8c84fa94-04c1-424b-9868-57a2d4851a1d" />
    <TestEntry testId="4cc8300a-eeed-c2e1-d868-e1046399c3e2" executionId="be2ef9b9-7832-4c3a-b192-f9fe7d3ccf69" testListId="8c84fa94-04c1-424b-9868-57a2d4851a1d" />
    <TestEntry testId="9b6bcf4a-f6d4-8ccc-f16d-a434ebb9feb9" executionId="deeb4e98-417d-4da0-831a-aa5524264756" testListId="8c84fa94-04c1-424b-9868-57a2d4851a1d" />
    <TestEntry testId="da7d9a18-f239-39a4-8fc7-3bf5666ab8f3" executionId="ec3a43cf-cda3-4eb8-aaf3-f4e088ad4dce" testListId="8c84fa94-04c1-424b-9868-57a2d4851a1d" />
    <TestEntry testId="d8e63543-1f0c-4f29-79c8-6459f1072b63" executionId="484de62a-8ea1-4001-9cef-3b7645f0e057" testListId="8c84fa94-04c1-424b-9868-57a2d4851a1d" />
    <TestEntry testId="ac417528-a5fc-0267-1e71-119d845e1bc0" executionId="eb7898d0-6a68-458a-b790-671c3bd30d3f" testListId="8c84fa94-04c1-424b-9868-57a2d4851a1d" />
    <TestEntry testId="132e103c-17cc-dd6d-9a83-6fdfdde045a1" executionId="b84cb9c4-917a-4428-abc3-971a10e894b3" testListId="8c84fa94-04c1-424b-9868-57a2d4851a1d" />
    <TestEntry testId="9c6021a0-5c69-1d26-d3e6-3538913699de" executionId="a00a5da4-8383-4546-8518-6a8ed003fd88" testListId="8c84fa94-04c1-424b-9868-57a2d4851a1d" />
    <TestEntry testId="09c48a42-9cc6-7c96-0386-069c96816ff0" executionId="bcffbcc3-2377-4676-a9f2-985f67e7ef51" testListId="8c84fa94-04c1-424b-9868-57a2d4851a1d" />
    <TestEntry testId="ca1a74cf-f42b-b5b7-8415-1bec1e2927e4" executionId="1000fe8c-6e1f-407e-9685-79b3d3e2bb3c" testListId="8c84fa94-04c1-424b-9868-57a2d4851a1d" />
    <TestEntry testId="f9fd199c-9720-ab0c-f9a1-3482c7ab7054" executionId="a61d54cc-26b5-4467-b1d9-14fe74d0ffd9" testListId="8c84fa94-04c1-424b-9868-57a2d4851a1d" />
    <TestEntry testId="db261fbf-eb7c-9161-ff1c-532a3db0f6a5" executionId="559121c1-706c-4a78-9733-c5f3329f006b" testListId="8c84fa94-04c1-424b-9868-57a2d4851a1d" />
    <TestEntry testId="31fd8fc3-155f-83fd-baeb-6572fbd4102c" executionId="23f738f9-a653-4087-86f7-e4c32a546686" testListId="8c84fa94-04c1-424b-9868-57a2d4851a1d" />
    <TestEntry testId="2b14ff95-cabe-8a3e-8e5c-8673fcb142c5" executionId="38b6daf9-5215-43b7-9221-4fe08f01967c" testListId="8c84fa94-04c1-424b-9868-57a2d4851a1d" />
    <TestEntry testId="82fcf867-5749-9edd-5c4f-4e3b8b6ee0a4" executionId="30c2c0ff-8689-4e93-97ef-f408b25c3409" testListId="8c84fa94-04c1-424b-9868-57a2d4851a1d" />
    <TestEntry testId="c6c1a6ca-c551-f84f-b4f7-d3d4f0f2582f" executionId="0d15fee7-b401-460d-810f-be35ad0aea85" testListId="8c84fa94-04c1-424b-9868-57a2d4851a1d" />
    <TestEntry testId="3d782eb2-1185-1de8-9482-d479e4373af3" executionId="daf0b150-fc8d-443f-b317-99b776eb08ea" testListId="8c84fa94-04c1-424b-9868-57a2d4851a1d" />
    <TestEntry testId="c6e1db41-6039-4a0b-4b5e-460a6a0df8ad" executionId="b8f7ba21-4213-409b-aada-2d7039cf95af" testListId="8c84fa94-04c1-424b-9868-57a2d4851a1d" />
    <TestEntry testId="a7304e06-ae3e-2e3a-5ce1-1639916ee77c" executionId="e854c4ce-b7f7-4985-8851-f5b0d1da6904" testListId="8c84fa94-04c1-424b-9868-57a2d4851a1d" />
    <TestEntry testId="d32054d7-3151-5a17-efe5-d560f827fbcf" executionId="75a96818-7ecd-413b-9714-fbad047a5575" testListId="8c84fa94-04c1-424b-9868-57a2d4851a1d" />
    <TestEntry testId="dbbf39a1-557e-8113-cb77-f2aa3140bfbd" executionId="bf2f96b1-c0b8-4155-b50c-e55bfa05f336" testListId="8c84fa94-04c1-424b-9868-57a2d4851a1d" />
    <TestEntry testId="096497aa-f877-ca92-6ca3-eb3764bf4357" executionId="20e1f59f-5d90-436d-8ec0-dc81743eb4c0" testListId="8c84fa94-04c1-424b-9868-57a2d4851a1d" />
    <TestEntry testId="7cdbbb68-ee89-4d99-8a8b-ff2dfe66aef4" executionId="69c43c8f-f846-4ee3-969a-1592493722d2" testListId="8c84fa94-04c1-424b-9868-57a2d4851a1d" />
    <TestEntry testId="d0c56151-9eb1-435a-613d-6b16219b3912" executionId="ed42f139-b75d-4697-9b1b-42c71e0f9432" testListId="8c84fa94-04c1-424b-9868-57a2d4851a1d" />
    <TestEntry testId="d78b0152-cc1a-328b-d637-c02c8df9200a" executionId="f85cc9b3-2de6-419e-8767-79181308625d" testListId="8c84fa94-04c1-424b-9868-57a2d4851a1d" />
    <TestEntry testId="6cb4c9a0-0faa-e5bf-8132-58751189c459" executionId="dfd7a3dc-4173-4ca1-bfdc-28515e5e20fc" testListId="8c84fa94-04c1-424b-9868-57a2d4851a1d" />
    <TestEntry testId="99ffc01d-6d47-54d4-118d-67b642c0d057" executionId="0eb0b053-d4ab-416b-9077-defa1f12b1fb" testListId="8c84fa94-04c1-424b-9868-57a2d4851a1d" />
    <TestEntry testId="b68df490-f19b-a1a8-b878-ba437321192c" executionId="93afbfca-33ea-4af1-b213-596ee6d6af68" testListId="8c84fa94-04c1-424b-9868-57a2d4851a1d" />
    <TestEntry testId="b452384b-46c9-9d28-fc42-8e46ec09f689" executionId="981ae3d5-8980-4eb1-a12b-237cd1f74ec4" testListId="8c84fa94-04c1-424b-9868-57a2d4851a1d" />
    <TestEntry testId="7b296182-9791-5bb6-d0bc-cac1175b5b79" executionId="14338074-8e5f-4849-85cb-14bc3855cc48" testListId="8c84fa94-04c1-424b-9868-57a2d4851a1d" />
    <TestEntry testId="b986ab05-f3dd-e5e1-b031-20a48d4b9519" executionId="53a671f9-ccba-4acc-9f62-f9bdf78f3eab" testListId="8c84fa94-04c1-424b-9868-57a2d4851a1d" />
    <TestEntry testId="a968b87e-cff6-bf9a-9da7-2e125015401d" executionId="4be774f4-b51f-4157-b799-ac0371935980" testListId="8c84fa94-04c1-424b-9868-57a2d4851a1d" />
    <TestEntry testId="5c79b57e-42fe-6704-1533-85860c8bbf12" executionId="d9169aef-2eba-4056-ac54-69fd30187f38" testListId="8c84fa94-04c1-424b-9868-57a2d4851a1d" />
    <TestEntry testId="12ac6e7d-4dc0-7730-a820-51b345ac71e7" executionId="b01b6e23-3437-4513-a080-1af0f8a80001" testListId="8c84fa94-04c1-424b-9868-57a2d4851a1d" />
    <TestEntry testId="7cf60077-2671-481f-1310-11968c982eb2" executionId="51555a41-cea6-490d-9b2e-bf37587f9b29" testListId="8c84fa94-04c1-424b-9868-57a2d4851a1d" />
    <TestEntry testId="4c169ed1-2ceb-3ce5-de75-44f39814124d" executionId="fd8060f3-972a-4432-856b-031323346acb" testListId="8c84fa94-04c1-424b-9868-57a2d4851a1d" />
    <TestEntry testId="54792cc5-5557-3941-5368-3e4248495373" executionId="208fffa9-e58b-42cc-91d1-19e5d017420c" testListId="8c84fa94-04c1-424b-9868-57a2d4851a1d" />
    <TestEntry testId="d3857317-63e0-c190-44d9-5fb025d72a80" executionId="2ae97987-c588-4002-9f22-8712930ad47b" testListId="8c84fa94-04c1-424b-9868-57a2d4851a1d" />
    <TestEntry testId="896a835e-aa00-d5b5-efb0-cae3f484c942" executionId="248d2085-d1d0-4949-879f-2f47cc057d8e" testListId="8c84fa94-04c1-424b-9868-57a2d4851a1d" />
    <TestEntry testId="bb65ea30-4ccc-91b1-efbb-715f93a6d534" executionId="faa1a233-39f2-401d-a40a-22cd08afe07c" testListId="8c84fa94-04c1-424b-9868-57a2d4851a1d" />
    <TestEntry testId="f973a97f-5a8e-0209-5020-2d35dba67422" executionId="2bf81a53-4b7d-4cae-aa06-30992e7c1a4b" testListId="8c84fa94-04c1-424b-9868-57a2d4851a1d" />
    <TestEntry testId="9055d3e9-2242-b78d-4e5e-551084a63cc0" executionId="d008d552-8c13-4321-a16b-7cde30d249b8" testListId="8c84fa94-04c1-424b-9868-57a2d4851a1d" />
    <TestEntry testId="9d6748d3-43a8-fd2d-d4c5-a0b3805774ee" executionId="62ea763e-b68f-4750-b9c1-ad8d252ef146" testListId="8c84fa94-04c1-424b-9868-57a2d4851a1d" />
    <TestEntry testId="da80a2db-c20f-18de-ab2b-4a162a892642" executionId="deb88fa7-4571-4502-949a-bfa619859b1d" testListId="8c84fa94-04c1-424b-9868-57a2d4851a1d" />
    <TestEntry testId="2ea81381-5cde-6a05-1852-15eea9dd2db0" executionId="d34a1c50-3697-4240-b9cb-4d60102ea923" testListId="8c84fa94-04c1-424b-9868-57a2d4851a1d" />
    <TestEntry testId="49b54f08-f7f0-ba91-ee50-7ae6390d4af1" executionId="52232243-c65a-418a-8009-b4559981676c" testListId="8c84fa94-04c1-424b-9868-57a2d4851a1d" />
    <TestEntry testId="2feabfd6-0ffa-cf5e-b63d-1731ea803e6d" executionId="46d344a7-9257-4c33-b2fc-12456542deed" testListId="8c84fa94-04c1-424b-9868-57a2d4851a1d" />
    <TestEntry testId="8c9d0f43-0c95-b12f-4abf-b89bea8f7dec" executionId="0a1a7662-fa19-45a4-bf98-646305adbfeb" testListId="8c84fa94-04c1-424b-9868-57a2d4851a1d" />
    <TestEntry testId="e959378d-d0fd-4d49-0362-8d51b28a1ec4" executionId="cd27d2e8-c6d4-43ba-9bc3-712edc9b11e4" testListId="8c84fa94-04c1-424b-9868-57a2d4851a1d" />
    <TestEntry testId="187b12dc-8a8d-a2dd-a376-a830b72404bd" executionId="7446d018-2213-43dc-b4ae-d992412a0f1e" testListId="8c84fa94-04c1-424b-9868-57a2d4851a1d" />
    <TestEntry testId="bf5e8c22-a26b-18f1-1802-acbe936c6160" executionId="ba935ed3-ad00-4521-a940-cc34e6f0be05" testListId="8c84fa94-04c1-424b-9868-57a2d4851a1d" />
    <TestEntry testId="f02c80b8-49d2-fc2d-4c9d-16620ea9d887" executionId="194d5012-34dc-43a5-91ce-9a6f9f56dad9" testListId="8c84fa94-04c1-424b-9868-57a2d4851a1d" />
    <TestEntry testId="126d2357-7090-a0c3-d4b1-34920ceb72d7" executionId="a34a6aef-0157-40bc-a1ec-63b3f40ccac6" testListId="8c84fa94-04c1-424b-9868-57a2d4851a1d" />
    <TestEntry testId="bcf043e2-e23c-d4b1-e8df-ddcfaf2c6564" executionId="fddacb06-683f-408c-affd-21a8074c84d6" testListId="8c84fa94-04c1-424b-9868-57a2d4851a1d" />
    <TestEntry testId="d757e934-8867-a54c-c93f-b9b8e2d4f452" executionId="d5d64c52-ed90-4179-a325-4fd1925de3e4" testListId="8c84fa94-04c1-424b-9868-57a2d4851a1d" />
    <TestEntry testId="f31e5243-90c8-7dae-7404-a3986e0efbe1" executionId="3a9b62e9-041f-4b77-9bf4-f273c2ed37e6" testListId="8c84fa94-04c1-424b-9868-57a2d4851a1d" />
    <TestEntry testId="928f2455-6ebd-8ffd-8fc5-fc1e86ca64c0" executionId="3b9c2545-f39b-436f-9ad6-1b3823668c3f" testListId="8c84fa94-04c1-424b-9868-57a2d4851a1d" />
    <TestEntry testId="f3327606-b2a8-9974-e840-2b31246f10e1" executionId="3e5acce7-fcdf-406f-a9ec-1b370154ca38" testListId="8c84fa94-04c1-424b-9868-57a2d4851a1d" />
    <TestEntry testId="a4f1aa92-0955-504e-be1f-a783fd5bf664" executionId="6968faba-63f3-468d-a104-90bc1ee37ba0" testListId="8c84fa94-04c1-424b-9868-57a2d4851a1d" />
    <TestEntry testId="5901b859-8c35-d7a1-4b20-7aa832e2b2ac" executionId="8602508d-278f-4f1b-a52a-00d2b3132c32" testListId="8c84fa94-04c1-424b-9868-57a2d4851a1d" />
    <TestEntry testId="e7fe4176-e00b-74b7-50f4-595529010ad0" executionId="70c79cc3-8087-4042-abf9-dfc876101ded" testListId="8c84fa94-04c1-424b-9868-57a2d4851a1d" />
    <TestEntry testId="08c8c1c6-bdcb-21d2-0325-62806128a803" executionId="40a56da7-9016-4d09-8e08-0be5df1dc53d" testListId="8c84fa94-04c1-424b-9868-57a2d4851a1d" />
    <TestEntry testId="661c40ac-bb0a-5c56-01a5-d53b34f19b38" executionId="d4e44be9-a96e-48ff-a323-129d488b2bbb" testListId="8c84fa94-04c1-424b-9868-57a2d4851a1d" />
    <TestEntry testId="da2d2e18-01f0-acb5-e8f2-d394d1e9d5f0" executionId="9434fab0-d743-4642-b5f0-5f5e722714fa" testListId="8c84fa94-04c1-424b-9868-57a2d4851a1d" />
    <TestEntry testId="877328ba-697b-0240-60a8-80c7a7d265bf" executionId="3f85b084-2480-41b2-b166-5dfe17e382b7" testListId="8c84fa94-04c1-424b-9868-57a2d4851a1d" />
    <TestEntry testId="332e199d-ea86-764a-0c78-68ba66fc4ac1" executionId="a73b6b79-cc2e-4293-95ff-65e66f35723f" testListId="8c84fa94-04c1-424b-9868-57a2d4851a1d" />
    <TestEntry testId="d2336b6f-ec47-a30f-6052-9d509a829189" executionId="9fe2854f-6e77-4241-86dd-2c2a987e65fe" testListId="8c84fa94-04c1-424b-9868-57a2d4851a1d" />
    <TestEntry testId="33341dd4-6583-40f9-1eba-1c8c959a3a5e" executionId="ab4d09d4-ec91-4c18-8437-f9bfba4082c1" testListId="8c84fa94-04c1-424b-9868-57a2d4851a1d" />
    <TestEntry testId="a9359554-6927-fb85-3830-72d7f8df0ae0" executionId="00b3bb87-5292-44e2-85df-8717e69913e8" testListId="8c84fa94-04c1-424b-9868-57a2d4851a1d" />
    <TestEntry testId="3e5839e2-2685-aaaf-8dd6-2d9da7f4f9a8" executionId="7d787d0c-2ea4-4e51-b394-d4a9706292e6" testListId="8c84fa94-04c1-424b-9868-57a2d4851a1d" />
    <TestEntry testId="3625363b-2b2b-2a01-cb9b-b878cc7db25a" executionId="9696df6f-9831-47d0-a959-fa805fa0101d" testListId="8c84fa94-04c1-424b-9868-57a2d4851a1d" />
    <TestEntry testId="b64d692e-2bcf-ef81-2204-4e384a726323" executionId="baa83aed-555f-4bf4-816d-5895e9542ea3" testListId="8c84fa94-04c1-424b-9868-57a2d4851a1d" />
    <TestEntry testId="4976d7df-aa75-dba7-69e7-9402402b4c8e" executionId="fa06751d-fcf1-4a25-8811-140e2835abcb" testListId="8c84fa94-04c1-424b-9868-57a2d4851a1d" />
    <TestEntry testId="704cc4f9-442e-9c30-b5d7-b60631e124cf" executionId="bd90d7c8-b926-48dd-b783-bb948d2ec3f0" testListId="8c84fa94-04c1-424b-9868-57a2d4851a1d" />
    <TestEntry testId="2d512390-4feb-0be5-34ad-eaab831bb98b" executionId="1f965cce-25e8-4e06-b416-dad6f226cdf1" testListId="8c84fa94-04c1-424b-9868-57a2d4851a1d" />
    <TestEntry testId="77b841d2-c43a-4070-249a-23480e6bd29c" executionId="d635143e-7952-4c0f-a6f5-348a55350c97" testListId="8c84fa94-04c1-424b-9868-57a2d4851a1d" />
    <TestEntry testId="93b7908d-50df-6acc-b081-9e999fed499f" executionId="93cfccdb-a0a6-4ef4-9824-565604fc728d" testListId="8c84fa94-04c1-424b-9868-57a2d4851a1d" />
    <TestEntry testId="a295235b-bf9f-1e32-c688-419c5d57596e" executionId="a7c5f806-0a5b-40d9-b148-88408c7c7255" testListId="8c84fa94-04c1-424b-9868-57a2d4851a1d" />
    <TestEntry testId="f106274d-5d2d-5f08-6dad-6f5b4c7e2e4c" executionId="132b99f8-0da9-4711-b338-d3adacc42226" testListId="8c84fa94-04c1-424b-9868-57a2d4851a1d" />
    <TestEntry testId="b8abe570-968b-bdd1-9711-285d9d0a6ba1" executionId="e70b3fbc-6cef-4e23-9b12-421013a926be" testListId="8c84fa94-04c1-424b-9868-57a2d4851a1d" />
    <TestEntry testId="7382cb68-b8fd-71d6-f26a-53d5017fec14" executionId="a21ee2e6-1db5-4140-b20d-87d6761a50e5" testListId="8c84fa94-04c1-424b-9868-57a2d4851a1d" />
    <TestEntry testId="9bbc1906-5daa-9c01-5fbd-04abcb77a4b4" executionId="2d7e0014-6933-4ddb-851d-9ed3887c38b9" testListId="8c84fa94-04c1-424b-9868-57a2d4851a1d" />
    <TestEntry testId="2f93e454-b30c-a78b-d137-5d738935ef23" executionId="c655d655-5691-443d-a394-24bb26f279f5" testListId="8c84fa94-04c1-424b-9868-57a2d4851a1d" />
    <TestEntry testId="f8481245-447a-5b32-a26f-ec1feabc1ee3" executionId="caa65959-1c5e-4a7a-8de4-acae27c29690" testListId="8c84fa94-04c1-424b-9868-57a2d4851a1d" />
    <TestEntry testId="4a077e12-b64a-edfe-3b33-7ee47b81322b" executionId="3301aa2d-9380-44ef-a3f4-71d946ce1c06" testListId="8c84fa94-04c1-424b-9868-57a2d4851a1d" />
    <TestEntry testId="8f9aaf67-4846-3c14-9893-fd9a67976dbd" executionId="2aadc6f0-6c0a-4c60-8d0b-89bb26c77ab4" testListId="8c84fa94-04c1-424b-9868-57a2d4851a1d" />
    <TestEntry testId="853fc9d6-6db1-9e50-13df-6a1ab3128380" executionId="72f76cd0-77ce-42fe-b3ba-c3054aeac93a" testListId="8c84fa94-04c1-424b-9868-57a2d4851a1d" />
    <TestEntry testId="669c2664-9e93-7539-3901-e5233189df70" executionId="3efbb33f-dd6e-40d9-9959-97ea5464fcbc" testListId="8c84fa94-04c1-424b-9868-57a2d4851a1d" />
    <TestEntry testId="e0165201-5cdb-4323-41c0-fe10a5054fb9" executionId="edcc30a6-83ca-415b-8c95-f541ecdee3fb" testListId="8c84fa94-04c1-424b-9868-57a2d4851a1d" />
    <TestEntry testId="6993f887-a58d-8b2d-0d37-9a2f5f848573" executionId="bf9cb9de-7559-491b-a544-667ffb597ce9" testListId="8c84fa94-04c1-424b-9868-57a2d4851a1d" />
    <TestEntry testId="35804b06-11f8-fb19-7cd9-4b5182d944a6" executionId="ac3d319e-e8e8-45ec-9aa2-4dc2db231231" testListId="8c84fa94-04c1-424b-9868-57a2d4851a1d" />
    <TestEntry testId="28408d30-8448-8f9c-b04c-e7779e7625cc" executionId="ae5697a1-e20c-4914-a0ce-faea35195a2f" testListId="8c84fa94-04c1-424b-9868-57a2d4851a1d" />
    <TestEntry testId="fea21907-a26b-6132-ad20-d11fecd505f7" executionId="6f6825db-575a-4571-9e6c-d3ab51068209" testListId="8c84fa94-04c1-424b-9868-57a2d4851a1d" />
    <TestEntry testId="bff954f8-e2d5-b0a0-fd97-8dd0ad93ed5a" executionId="2abafa89-f1f8-40c4-942c-de63181ee9f2" testListId="8c84fa94-04c1-424b-9868-57a2d4851a1d" />
    <TestEntry testId="6e65f41d-fe2d-ee70-9028-5945410fb292" executionId="e26e883a-bf16-4651-99aa-5223f2a0dfe0" testListId="8c84fa94-04c1-424b-9868-57a2d4851a1d" />
    <TestEntry testId="800a71d5-fd75-b55e-d8d0-21c57915ee72" executionId="6bbc18a9-aaae-47f7-8f45-1fef42f9ee1f" testListId="8c84fa94-04c1-424b-9868-57a2d4851a1d" />
    <TestEntry testId="16d4258e-743c-71b8-441e-da9ab5d1a655" executionId="61e5d2cf-7472-46e4-a011-1ee613fb5631" testListId="8c84fa94-04c1-424b-9868-57a2d4851a1d" />
    <TestEntry testId="0cb85e0d-e620-5ffd-3a6f-c0a03dbcffb6" executionId="92e565af-aee8-4a25-8acf-da2d370d54b3" testListId="8c84fa94-04c1-424b-9868-57a2d4851a1d" />
    <TestEntry testId="4ddfc6a2-cba3-9569-714c-b24431bc49c1" executionId="acb83609-6b4c-4357-a32c-d4c08274b477" testListId="8c84fa94-04c1-424b-9868-57a2d4851a1d" />
    <TestEntry testId="ac7da09a-9c21-96d1-0628-e57364e271db" executionId="bf5906db-d9e4-4742-a9d5-dfd9bc9cd34d" testListId="8c84fa94-04c1-424b-9868-57a2d4851a1d" />
    <TestEntry testId="8c18207a-4a3c-8ee5-7129-6f35cbcaea2a" executionId="f57a7170-5c4d-4254-adbf-dc67924ad460" testListId="8c84fa94-04c1-424b-9868-57a2d4851a1d" />
    <TestEntry testId="5edfc052-b48b-6806-a4fa-422f55aeb664" executionId="f4d3cd75-67eb-4769-a08c-3bdaf43e071a" testListId="8c84fa94-04c1-424b-9868-57a2d4851a1d" />
    <TestEntry testId="f9581051-4325-f7fc-7cc2-b7b62afe7956" executionId="4ddbed47-440f-480f-a5a8-63c694a997cc" testListId="8c84fa94-04c1-424b-9868-57a2d4851a1d" />
    <TestEntry testId="4d866a2f-8988-0d70-b30c-379e46401f2f" executionId="c5b6c75e-6e80-4d5c-b694-8ffe597ff7c9" testListId="8c84fa94-04c1-424b-9868-57a2d4851a1d" />
    <TestEntry testId="e5e8af21-71fb-6408-e3b9-cb39965b660d" executionId="65cb7cd0-10e6-4e93-af17-5382ddc031fd" testListId="8c84fa94-04c1-424b-9868-57a2d4851a1d" />
    <TestEntry testId="a157e23c-b861-4296-80a4-584edfe004e0" executionId="519c0396-35b9-456f-859a-d9127aa62e3a" testListId="8c84fa94-04c1-424b-9868-57a2d4851a1d" />
    <TestEntry testId="4f39f42c-bd61-1d3b-a9d4-94ed188e9ad5" executionId="d5a19112-87eb-4ce6-83ce-45f7cbe306da" testListId="8c84fa94-04c1-424b-9868-57a2d4851a1d" />
    <TestEntry testId="ce44940c-50be-b7ab-4e00-61b9f154d25c" executionId="97e45e49-29af-49bc-9af0-65e79fd69dd3" testListId="8c84fa94-04c1-424b-9868-57a2d4851a1d" />
    <TestEntry testId="f335010e-9fe4-33d4-3df2-9a2fa868a446" executionId="a1a36a6c-24ac-4c29-9a5c-56edc02233df" testListId="8c84fa94-04c1-424b-9868-57a2d4851a1d" />
    <TestEntry testId="6dd090ae-0423-7a7c-d8df-35146cee22d9" executionId="5d0e608d-cabc-4b8a-af1f-dd698e7dca64" testListId="8c84fa94-04c1-424b-9868-57a2d4851a1d" />
    <TestEntry testId="75ddff72-1da7-7256-0e4d-9208c0d7b717" executionId="8eb1e2d0-1ae3-4b9a-a824-e5ef7aa98a09" testListId="8c84fa94-04c1-424b-9868-57a2d4851a1d" />
    <TestEntry testId="7afa246b-f4b2-fc5f-fe61-fe719713919d" executionId="2865b8bc-5934-4144-b895-385ae854d024" testListId="8c84fa94-04c1-424b-9868-57a2d4851a1d" />
    <TestEntry testId="d326e466-8fe4-d29b-9b6b-a9886d65bce4" executionId="e0b9760b-5675-443d-adce-082c5c026404" testListId="8c84fa94-04c1-424b-9868-57a2d4851a1d" />
    <TestEntry testId="a22bf289-0878-e3c5-33fd-766102ec1be1" executionId="4f02a516-fc74-4224-a0f8-5cb003232b1d" testListId="8c84fa94-04c1-424b-9868-57a2d4851a1d" />
    <TestEntry testId="732023ed-2a84-ce2e-e7c1-285eeae1c920" executionId="c688cec3-9bfa-41ce-b1a2-1b5ca2432cae" testListId="8c84fa94-04c1-424b-9868-57a2d4851a1d" />
    <TestEntry testId="5791d93f-2ea0-ebcc-a300-0da5e771609b" executionId="fa5a8a19-aaf8-4c25-9191-92d69e96b055" testListId="8c84fa94-04c1-424b-9868-57a2d4851a1d" />
    <TestEntry testId="ce743239-1b20-9584-c28b-8dc6a59dc3bb" executionId="b445c75d-6030-4759-99ee-eb6ab3cbee2c" testListId="8c84fa94-04c1-424b-9868-57a2d4851a1d" />
    <TestEntry testId="107b14c3-6a21-48da-a917-3a863ef45b45" executionId="72cd7ee4-a574-4ac7-a5e6-5b7602b0b6e4" testListId="8c84fa94-04c1-424b-9868-57a2d4851a1d" />
    <TestEntry testId="ea980a94-f888-1c61-339c-f499bb9324bc" executionId="752fc0c8-59e9-4a0b-a364-9d99e94efe11" testListId="8c84fa94-04c1-424b-9868-57a2d4851a1d" />
    <TestEntry testId="0b0e0ad1-c995-9403-bc1c-5f3fb5cc273a" executionId="7b290d69-d100-40bd-99a6-37e13e123b42" testListId="8c84fa94-04c1-424b-9868-57a2d4851a1d" />
    <TestEntry testId="30702b8e-5ec7-eb10-4c6a-7105f5c77df3" executionId="14e8b2aa-45e0-4b79-bf4f-b2722d8eb9a6" testListId="8c84fa94-04c1-424b-9868-57a2d4851a1d" />
    <TestEntry testId="2ee2e56d-59f2-3ef3-a9cd-f2fe65fa91af" executionId="36e91cbb-5645-41dd-b08c-b9c1f7b59d23" testListId="8c84fa94-04c1-424b-9868-57a2d4851a1d" />
    <TestEntry testId="ff1a4b6f-649a-7590-b9c5-b466353c43f8" executionId="d258ee8a-d8d3-4e21-b3d8-c3fe9ad44255" testListId="8c84fa94-04c1-424b-9868-57a2d4851a1d" />
    <TestEntry testId="62aebf56-249e-bb4c-3c75-70b7badd4f85" executionId="3637d6b2-c3e5-4112-94f2-c44bfafd3823" testListId="8c84fa94-04c1-424b-9868-57a2d4851a1d" />
    <TestEntry testId="dbce7785-0027-ceda-950a-0631c1c23a9b" executionId="63283e90-2b77-44c8-be31-3d53678bbe82" testListId="8c84fa94-04c1-424b-9868-57a2d4851a1d" />
    <TestEntry testId="f2effcb5-d303-005d-6682-8ccbac2c3bbc" executionId="834ad4ea-8e36-484e-a8ce-548ee0ba5ddb" testListId="8c84fa94-04c1-424b-9868-57a2d4851a1d" />
    <TestEntry testId="91452546-d657-4c1c-6138-277aca7ba885" executionId="0efc79cf-ae93-453c-806b-8321155e95a8" testListId="8c84fa94-04c1-424b-9868-57a2d4851a1d" />
    <TestEntry testId="1b91abd4-9b99-9dc8-e442-fa99a1f0e332" executionId="8745186d-9cf7-45b4-81e4-a3125f549b72" testListId="8c84fa94-04c1-424b-9868-57a2d4851a1d" />
    <TestEntry testId="70886465-8a9c-f3a3-e66e-9c4d9f1e425f" executionId="b0f2bbfb-99b6-47ba-a318-a4678a697f76" testListId="8c84fa94-04c1-424b-9868-57a2d4851a1d" />
    <TestEntry testId="441a4176-3f9e-7fdb-d742-3ee7574fadc4" executionId="670eba36-5cd8-45a7-8acc-4a534f1c9c7f" testListId="8c84fa94-04c1-424b-9868-57a2d4851a1d" />
    <TestEntry testId="2eb304bc-29a1-e3fc-a1ed-62b709614ba3" executionId="9b06c687-694d-4dd1-9a04-afb4110b8b0c" testListId="8c84fa94-04c1-424b-9868-57a2d4851a1d" />
    <TestEntry testId="406127ab-b342-e721-d286-823ee31b0fbc" executionId="e90fb01d-8978-4754-9932-d198dc5d40c2" testListId="8c84fa94-04c1-424b-9868-57a2d4851a1d" />
    <TestEntry testId="f5caa479-ad8a-fc77-0f9d-b10ee7e2accc" executionId="9683b638-73bc-4b79-a084-47cf4127d1db" testListId="8c84fa94-04c1-424b-9868-57a2d4851a1d" />
    <TestEntry testId="7e8a853c-5510-8468-d824-0047ef588b74" executionId="c87b3f98-1c38-4ede-b5b5-6f42f710a18c" testListId="8c84fa94-04c1-424b-9868-57a2d4851a1d" />
    <TestEntry testId="b5545286-2d51-273f-e678-5706630cef56" executionId="94ad979b-f8f5-47c1-a5cb-bf87e0be6a39" testListId="8c84fa94-04c1-424b-9868-57a2d4851a1d" />
    <TestEntry testId="6b82ab31-6a38-fe74-50c1-7d145afb1011" executionId="4ed1f7e0-0812-42a2-832b-39da5e207c50" testListId="8c84fa94-04c1-424b-9868-57a2d4851a1d" />
    <TestEntry testId="4c2c17d3-0b22-1bad-fc18-dfc6e618f39b" executionId="9958177b-ddda-470c-a3a3-4fff9f250580" testListId="8c84fa94-04c1-424b-9868-57a2d4851a1d" />
    <TestEntry testId="7bd27d81-06b7-0043-ca3b-42b8a3ad840b" executionId="26be95e3-6507-4318-b500-cbd7765e272e" testListId="8c84fa94-04c1-424b-9868-57a2d4851a1d" />
    <TestEntry testId="459463df-7b24-1834-e524-ebc8eb49d9bc" executionId="a4e87ff5-a834-4113-a2c5-1b9a157612d7" testListId="8c84fa94-04c1-424b-9868-57a2d4851a1d" />
    <TestEntry testId="ce5d6351-00d4-a4e9-7df0-2fe2199468f7" executionId="70ed78bd-f768-4c3a-883e-d8b9daac9448" testListId="8c84fa94-04c1-424b-9868-57a2d4851a1d" />
    <TestEntry testId="81f8c431-ec3f-72e9-977b-252633de4ae4" executionId="22636457-95e0-4e58-a1c6-dea571c12aee" testListId="8c84fa94-04c1-424b-9868-57a2d4851a1d" />
    <TestEntry testId="09ded2a6-c372-2eb2-ac00-fef2bebd4e6e" executionId="44708ff9-e647-41d2-95ad-912c3987552f" testListId="8c84fa94-04c1-424b-9868-57a2d4851a1d" />
    <TestEntry testId="d6602b74-10ff-8e4a-a599-5e89f61e24aa" executionId="ae37ed19-12b8-40cd-99fe-02efe8696e00" testListId="8c84fa94-04c1-424b-9868-57a2d4851a1d" />
    <TestEntry testId="0ee94363-92bd-eb3e-d7fb-92ad8f9a8087" executionId="1ec1f929-575c-4f77-8023-7665211f693e" testListId="8c84fa94-04c1-424b-9868-57a2d4851a1d" />
    <TestEntry testId="98166cc9-e914-f13d-508c-30c89f0ae058" executionId="25b484fb-1224-4d82-8fab-0552200116e6" testListId="8c84fa94-04c1-424b-9868-57a2d4851a1d" />
    <TestEntry testId="17d84dca-08db-1fc3-9f2e-4c3ca40d4597" executionId="a0d480f7-9e8f-459b-83c9-6e97113a610b" testListId="8c84fa94-04c1-424b-9868-57a2d4851a1d" />
    <TestEntry testId="31287f75-c0f1-e036-018c-5c569b7613eb" executionId="b25d71ae-389f-4fec-a251-8013910e56fa" testListId="8c84fa94-04c1-424b-9868-57a2d4851a1d" />
    <TestEntry testId="b62c4f1d-0c70-3ca6-698f-93042754bfc6" executionId="886d5869-53cc-49b5-a0b2-0a9d6fdc9fe2" testListId="8c84fa94-04c1-424b-9868-57a2d4851a1d" />
    <TestEntry testId="3eb1bfa3-50f3-b918-d5a1-91e494194649" executionId="cc65ad4b-302a-417b-a47d-13bc38386ee6" testListId="8c84fa94-04c1-424b-9868-57a2d4851a1d" />
    <TestEntry testId="af1fb9a2-8a78-6d8f-f175-66671f902a9b" executionId="bf414afb-dfb8-48c4-927e-fd4056ab5f8c" testListId="8c84fa94-04c1-424b-9868-57a2d4851a1d" />
    <TestEntry testId="5faaddbc-e454-1cad-1ea4-51f228dc32db" executionId="977d8e24-c472-44ea-821e-3b19896d7f58" testListId="8c84fa94-04c1-424b-9868-57a2d4851a1d" />
    <TestEntry testId="ba4c1a66-a8cb-a425-dd33-a7ca657b44ae" executionId="e32fcef8-5c64-42c3-aa39-38bc5ec6dd9f" testListId="8c84fa94-04c1-424b-9868-57a2d4851a1d" />
    <TestEntry testId="fe19cce5-cc9d-9aa6-e44d-fbae8d8bb129" executionId="67cb580b-16d0-4936-9aee-bac4c7e98224" testListId="8c84fa94-04c1-424b-9868-57a2d4851a1d" />
    <TestEntry testId="4f94cd28-33c0-a9f8-eb7e-0b5388f1fdc5" executionId="5a86a0e1-2275-4b43-939d-e436a21ef711" testListId="8c84fa94-04c1-424b-9868-57a2d4851a1d" />
    <TestEntry testId="50b702b0-e703-363d-0b04-619370ec937b" executionId="795d5311-7da6-4a42-a537-52e9f6247ebe" testListId="8c84fa94-04c1-424b-9868-57a2d4851a1d" />
    <TestEntry testId="d3834f26-d7ff-018a-555c-a0be35190a28" executionId="632e2d80-8c58-4c3c-a3e9-7224591c12d1" testListId="8c84fa94-04c1-424b-9868-57a2d4851a1d" />
    <TestEntry testId="b4b9ceca-0f9b-2f70-098f-b833aa83e26b" executionId="a8c53caa-c5fb-447f-afdb-a815ea4d0a03" testListId="8c84fa94-04c1-424b-9868-57a2d4851a1d" />
    <TestEntry testId="84bf38e9-9144-dc3f-3fbb-788aeff94918" executionId="5630d4e3-d9eb-4a0e-85ce-3b5a5d02f661" testListId="8c84fa94-04c1-424b-9868-57a2d4851a1d" />
    <TestEntry testId="cbe296a6-601b-dd72-bc79-8548a0abe9dd" executionId="f5ad5853-3dfe-4da3-bbba-13861fe846f0" testListId="8c84fa94-04c1-424b-9868-57a2d4851a1d" />
    <TestEntry testId="ef941c35-94f0-1c6b-ae1b-3d9480badfe1" executionId="b42255a2-e804-41b1-b4fe-2baa9509e01c" testListId="8c84fa94-04c1-424b-9868-57a2d4851a1d" />
    <TestEntry testId="fc42ecd1-8c72-c445-ea96-97544145f9ab" executionId="4d95ce7f-34ee-4cfc-a42d-e63307dbd7f8" testListId="8c84fa94-04c1-424b-9868-57a2d4851a1d" />
    <TestEntry testId="b0004f06-300e-d87d-8715-e540888dd689" executionId="81ad0f41-51f0-4c33-960f-4e3ab9ce8131" testListId="8c84fa94-04c1-424b-9868-57a2d4851a1d" />
    <TestEntry testId="b2995b06-1442-48cc-a8f7-299ee21d333d" executionId="86413b47-2444-45e5-8c2b-c8272ab9bab4" testListId="8c84fa94-04c1-424b-9868-57a2d4851a1d" />
    <TestEntry testId="d571e5ac-82ed-ebaf-4d14-3695e99fdecf" executionId="85294c60-4ec0-4207-bd44-d1abca1191bf" testListId="8c84fa94-04c1-424b-9868-57a2d4851a1d" />
    <TestEntry testId="586aa199-8ad2-c267-31e0-7d856afcab20" executionId="fe1bff80-3ef6-43a3-a4e2-8a125504d3f3" testListId="8c84fa94-04c1-424b-9868-57a2d4851a1d" />
    <TestEntry testId="c5d5c0bb-f780-e550-d703-b15880279a9f" executionId="2606862b-1568-485b-af8c-f64f9ff6ae28" testListId="8c84fa94-04c1-424b-9868-57a2d4851a1d" />
    <TestEntry testId="39dbf18b-e14c-3648-f5ba-d9480b6b2143" executionId="d3523930-817c-4e3f-b3cb-4c8378fa2127" testListId="8c84fa94-04c1-424b-9868-57a2d4851a1d" />
    <TestEntry testId="b0a63f8f-6af7-a1eb-69e4-87897c177ded" executionId="91a5f21f-4037-44dd-88b0-bd0614a26664" testListId="8c84fa94-04c1-424b-9868-57a2d4851a1d" />
    <TestEntry testId="810ffc2c-a4d4-e483-e7ec-425382693cc5" executionId="0ebea9ec-6bd4-4deb-8987-4d22f3680f4c" testListId="8c84fa94-04c1-424b-9868-57a2d4851a1d" />
    <TestEntry testId="3a338b5e-ca33-280e-31b5-7634bd32733f" executionId="cc34ee5e-2bc7-4158-9e20-bbd28d7604dd" testListId="8c84fa94-04c1-424b-9868-57a2d4851a1d" />
    <TestEntry testId="96d31876-ad33-952c-3bd1-b146a14e3f83" executionId="16f1b1a1-6336-455e-b17e-f9ee418e9135" testListId="8c84fa94-04c1-424b-9868-57a2d4851a1d" />
    <TestEntry testId="569900d4-58ce-d7ba-87cf-ed8c555e623f" executionId="e7fbf55f-5e32-41c3-ab51-0c0634d61fa2" testListId="8c84fa94-04c1-424b-9868-57a2d4851a1d" />
    <TestEntry testId="00128a49-1d90-04d8-005b-b12d7a997cf3" executionId="e95f0039-9c1e-46b4-b34c-80bfe3bb70fe" testListId="8c84fa94-04c1-424b-9868-57a2d4851a1d" />
    <TestEntry testId="8830f43b-5d5e-0d90-f334-a1cf125e39b1" executionId="95a93c60-cfe1-4db9-88dc-274a1977217b" testListId="8c84fa94-04c1-424b-9868-57a2d4851a1d" />
    <TestEntry testId="adb4be23-162a-8b95-3e02-bd423cdb5788" executionId="00ba4a3d-9a4c-4b61-bdaa-de3ad7d2c5e2" testListId="8c84fa94-04c1-424b-9868-57a2d4851a1d" />
    <TestEntry testId="a11892e0-6ac9-8a46-c8de-3248052e70d9" executionId="4f08c8ea-3526-47a3-9551-4e2b795721fb" testListId="8c84fa94-04c1-424b-9868-57a2d4851a1d" />
    <TestEntry testId="8d2e4a94-ff96-e137-7aa1-856c2b177202" executionId="4b573655-86a9-4414-8a96-73409a1a5875" testListId="8c84fa94-04c1-424b-9868-57a2d4851a1d" />
    <TestEntry testId="6e2b046c-b538-e705-bf5a-ce4b83d68120" executionId="a9db5413-39c1-4630-8ee8-7925f9803746" testListId="8c84fa94-04c1-424b-9868-57a2d4851a1d" />
    <TestEntry testId="3b2d2dcf-dfa8-bcce-057a-1c433d9c6c08" executionId="4a17d6ac-1a78-4106-8e53-658c782c35e2" testListId="8c84fa94-04c1-424b-9868-57a2d4851a1d" />
    <TestEntry testId="6405a933-f1c3-2d9d-c133-14524337831d" executionId="7b45a0d5-6d19-45c5-9826-f90f668edaf4" testListId="8c84fa94-04c1-424b-9868-57a2d4851a1d" />
    <TestEntry testId="b9f990f1-833c-da15-c4ce-a21f43595dd2" executionId="0c3358a0-5397-47e0-8341-3b1ded97167d" testListId="8c84fa94-04c1-424b-9868-57a2d4851a1d" />
    <TestEntry testId="57b6d097-e9d6-3704-ff59-5ba052e3b406" executionId="6bb9dae5-3411-4693-9a3f-6e8241355ed4" testListId="8c84fa94-04c1-424b-9868-57a2d4851a1d" />
    <TestEntry testId="f1184a8e-b69a-6295-ac82-24b2bd10984c" executionId="75f47a26-3ec4-4603-8b93-b86f7d0de422" testListId="8c84fa94-04c1-424b-9868-57a2d4851a1d" />
    <TestEntry testId="51395a71-b567-dc86-b950-ec06701415e4" executionId="bd7dfa69-8692-4cdf-84b9-b1c483ce2f5f" testListId="8c84fa94-04c1-424b-9868-57a2d4851a1d" />
    <TestEntry testId="4a3a4767-2fcd-8cd1-559f-f87bde132fcc" executionId="e1d0e245-6025-46f9-b181-6fc74dc67e0b" testListId="8c84fa94-04c1-424b-9868-57a2d4851a1d" />
    <TestEntry testId="8a554420-2901-ce60-a106-99e771204384" executionId="8e281842-dac7-41b5-9dc9-3f9e5277d166" testListId="8c84fa94-04c1-424b-9868-57a2d4851a1d" />
    <TestEntry testId="8222d29f-50ae-b106-6ccd-5b5874365d8b" executionId="cba5ac32-42f9-4c78-8d5b-f3db8675258f" testListId="8c84fa94-04c1-424b-9868-57a2d4851a1d" />
    <TestEntry testId="d94fec79-4b64-232e-e01f-dd0b26b0effe" executionId="a7f36b6f-4494-4234-b3f6-56b665efd040" testListId="8c84fa94-04c1-424b-9868-57a2d4851a1d" />
    <TestEntry testId="046145c9-879d-c051-80d4-25fb448d3ce7" executionId="7effe4ea-9ef0-4ff3-9ce1-b3fe5b33e123" testListId="8c84fa94-04c1-424b-9868-57a2d4851a1d" />
    <TestEntry testId="6cf7fdb3-260b-5bc9-89b2-d50224c7f7ac" executionId="622b9fd3-0d4f-4cb5-b91b-c594ad6ebc1e" testListId="8c84fa94-04c1-424b-9868-57a2d4851a1d" />
    <TestEntry testId="08927107-8d8c-0e18-84c3-bf6112c63fb2" executionId="e0a5b8af-ca20-44a8-875c-bcb878493467" testListId="8c84fa94-04c1-424b-9868-57a2d4851a1d" />
    <TestEntry testId="febb8456-be0b-5098-be4c-94fbaa942835" executionId="f84b3e7e-4be9-4f38-a612-60384cd479a3" testListId="8c84fa94-04c1-424b-9868-57a2d4851a1d" />
    <TestEntry testId="c3eb088b-e534-d6fa-e2f7-38f7fde309c3" executionId="287b7814-d30c-4b85-9555-eed016e15f33" testListId="8c84fa94-04c1-424b-9868-57a2d4851a1d" />
    <TestEntry testId="298c066a-2f38-5d22-8d3d-0de208425162" executionId="0f88c27a-160d-44fd-abfe-c0826bf8270e" testListId="8c84fa94-04c1-424b-9868-57a2d4851a1d" />
    <TestEntry testId="30e292f5-f798-eac9-ba1e-713f3566415c" executionId="90d07cbd-6bdd-48aa-94a0-51774ffe4d7d" testListId="8c84fa94-04c1-424b-9868-57a2d4851a1d" />
    <TestEntry testId="b7e36637-289c-8e0e-9091-6aff9c16739a" executionId="c662ef79-d651-45dd-93c3-a0c7036962ca" testListId="8c84fa94-04c1-424b-9868-57a2d4851a1d" />
    <TestEntry testId="e4efa2e9-6d62-0683-b9e7-1e5cf6253345" executionId="e2dd4dfb-5ffe-4ddf-a7b4-22a0c5a7f5ed" testListId="8c84fa94-04c1-424b-9868-57a2d4851a1d" />
    <TestEntry testId="12c318f1-025e-56db-70fc-391decd83ddf" executionId="148fda21-1632-442f-ade7-4e84147194bb" testListId="8c84fa94-04c1-424b-9868-57a2d4851a1d" />
    <TestEntry testId="517e03e4-4abb-9810-ab6e-fc1b74f3e022" executionId="2638f847-06af-41c6-946a-6a1d82c6a186" testListId="8c84fa94-04c1-424b-9868-57a2d4851a1d" />
    <TestEntry testId="49da23cd-956c-d063-f00f-78019f6587a5" executionId="cc270dbb-a555-4b96-b00c-2089951b4124" testListId="8c84fa94-04c1-424b-9868-57a2d4851a1d" />
    <TestEntry testId="b55addd3-5335-70b5-4725-96a0e81794df" executionId="21df2b92-0d2d-4062-ab50-ce262e1f7ae1" testListId="8c84fa94-04c1-424b-9868-57a2d4851a1d" />
    <TestEntry testId="6a9b6055-9055-6cdd-ce58-2c6f0ec341c2" executionId="9358eb93-b1d7-48f2-be74-712945945a36" testListId="8c84fa94-04c1-424b-9868-57a2d4851a1d" />
    <TestEntry testId="bd6f3f69-8756-1ecb-680e-dc8bdb5e7007" executionId="bffb9829-4e47-40f7-84d9-4eaebc8e073c" testListId="8c84fa94-04c1-424b-9868-57a2d4851a1d" />
    <TestEntry testId="e1c70711-e4bc-fec3-f088-e58c3b0e3088" executionId="d40ddbcf-e5a2-4934-b53e-916a3dcb40b9" testListId="8c84fa94-04c1-424b-9868-57a2d4851a1d" />
    <TestEntry testId="76a3a4c2-b730-8445-7c90-0d70d705d3b2" executionId="a683db75-5f3a-4305-943f-95f87bd7ab3a" testListId="8c84fa94-04c1-424b-9868-57a2d4851a1d" />
    <TestEntry testId="66e703e4-29de-a4c7-8c30-1bc7e1752b2f" executionId="8fbd3792-fea7-483b-bbc0-e7a93cb36d4d" testListId="8c84fa94-04c1-424b-9868-57a2d4851a1d" />
    <TestEntry testId="a77657a1-a493-b15e-b5c4-9e5ce796a8ee" executionId="1903abaf-b20d-4c1c-9496-d47e2c9e8774" testListId="8c84fa94-04c1-424b-9868-57a2d4851a1d" />
    <TestEntry testId="22b2ca51-378e-71cd-e0e0-67e36d20ff15" executionId="cf1478b7-01bb-421a-9af2-dee758a2d91d" testListId="8c84fa94-04c1-424b-9868-57a2d4851a1d" />
    <TestEntry testId="33919fac-e25b-5982-05db-e9034087e4af" executionId="dff20533-2e26-4797-b192-b764dd94a4da" testListId="8c84fa94-04c1-424b-9868-57a2d4851a1d" />
    <TestEntry testId="7137fa11-d3cd-d2e9-1892-35a2bcf917d7" executionId="97cbdf86-2d99-45dc-9270-50e8eed7e69d" testListId="8c84fa94-04c1-424b-9868-57a2d4851a1d" />
    <TestEntry testId="a53bc742-1aa6-1112-cd67-7bd1ef336fc4" executionId="c58cef12-3af9-46e4-a29d-a4ee36b5092b" testListId="8c84fa94-04c1-424b-9868-57a2d4851a1d" />
    <TestEntry testId="1eb83994-41a5-06de-d18f-7e1407514b78" executionId="644d59ca-aed3-4a34-8bf8-69da549990f2" testListId="8c84fa94-04c1-424b-9868-57a2d4851a1d" />
    <TestEntry testId="ae5ac97e-8b8c-eeb7-7e79-fd8b61df6329" executionId="0e2e2904-bb5e-49e4-a714-51c0cc474556" testListId="8c84fa94-04c1-424b-9868-57a2d4851a1d" />
    <TestEntry testId="e06e61ed-13a4-6147-16b5-ee8c50cfb777" executionId="f08ac413-31dd-43e4-935a-7ce3bbdb645a" testListId="8c84fa94-04c1-424b-9868-57a2d4851a1d" />
    <TestEntry testId="bad298ac-94ba-545f-f256-1e42ffa5b7b5" executionId="6b521a12-3046-47d7-86f6-fb6b73305440" testListId="8c84fa94-04c1-424b-9868-57a2d4851a1d" />
    <TestEntry testId="8d92020e-5832-705d-100b-9a3d128c1860" executionId="3e6e7b74-5ad7-4364-8708-620f29c598db" testListId="8c84fa94-04c1-424b-9868-57a2d4851a1d" />
    <TestEntry testId="1bd901f8-3f7d-e4b9-9350-b8e0d21cecdd" executionId="f0e6d48d-d737-4162-8968-ec2e92098c0e" testListId="8c84fa94-04c1-424b-9868-57a2d4851a1d" />
    <TestEntry testId="c92c23d1-5ca1-d95a-512b-ef3370dd6502" executionId="3f521522-9fd3-4f3a-b1bb-de03fa4f5869" testListId="8c84fa94-04c1-424b-9868-57a2d4851a1d" />
    <TestEntry testId="2d494ba4-00f9-0c80-6ff4-27a9065e579d" executionId="9d32420d-e6d9-4a44-8153-db7dce89d78a" testListId="8c84fa94-04c1-424b-9868-57a2d4851a1d" />
    <TestEntry testId="a54e380b-42dc-d3a2-3d9d-8dd53d65fcd3" executionId="e143469f-8dc4-4147-a28c-ddc578acc7d8" testListId="8c84fa94-04c1-424b-9868-57a2d4851a1d" />
    <TestEntry testId="958cf364-23eb-e2d5-f664-d61945c55467" executionId="aaed4f43-ca93-4dd9-802d-e0f5c95c89b1" testListId="8c84fa94-04c1-424b-9868-57a2d4851a1d" />
    <TestEntry testId="b722671b-5697-c030-4a64-cd7cdd00f422" executionId="08efd468-f9d8-4a21-adff-2c1e9748a261" testListId="8c84fa94-04c1-424b-9868-57a2d4851a1d" />
    <TestEntry testId="18e7f5ad-6f64-9e86-3f8d-3ffdc05df7e8" executionId="56a28f74-ff85-4769-abf9-7fb78e9cb38c" testListId="8c84fa94-04c1-424b-9868-57a2d4851a1d" />
    <TestEntry testId="3cad3393-810a-cc62-94bb-2ded6c4b88c7" executionId="ff4ed45d-6c6f-4c02-9baf-867b2a882de1" testListId="8c84fa94-04c1-424b-9868-57a2d4851a1d" />
    <TestEntry testId="f5cf44f1-55f9-84ba-0c1d-f402f9b081e8" executionId="fd319e3b-6704-48f6-871b-691d61d121dd" testListId="8c84fa94-04c1-424b-9868-57a2d4851a1d" />
    <TestEntry testId="cef7f277-5dc3-b0b8-eda4-af499be481dc" executionId="27965d63-716c-4660-89de-5b75d11f87a6" testListId="8c84fa94-04c1-424b-9868-57a2d4851a1d" />
    <TestEntry testId="55857ea6-972d-1faa-f735-21722cd852ac" executionId="bfd20f3a-803a-4349-808d-303e52fd9a0c" testListId="8c84fa94-04c1-424b-9868-57a2d4851a1d" />
    <TestEntry testId="fdac1400-a880-08a5-eb9b-8963e9019833" executionId="b12daa2f-6aa6-4312-9d44-2ad63295d5eb" testListId="8c84fa94-04c1-424b-9868-57a2d4851a1d" />
    <TestEntry testId="c9ba1809-2f3f-3bdb-0be2-cd4f412ec431" executionId="74ed40d3-3b88-4d1e-9717-61eec94fb48f" testListId="8c84fa94-04c1-424b-9868-57a2d4851a1d" />
    <TestEntry testId="05ee0585-5324-c075-c884-eef61e6407ec" executionId="ab8b756e-1134-408d-8421-9ad16d01ebe5" testListId="8c84fa94-04c1-424b-9868-57a2d4851a1d" />
    <TestEntry testId="16c91d34-e916-3d59-f51a-4f9b85399289" executionId="68ccc674-24b9-441c-8f53-326348c0c217" testListId="8c84fa94-04c1-424b-9868-57a2d4851a1d" />
    <TestEntry testId="3a13def5-4099-72b0-8c0e-420253783341" executionId="22e81aeb-14a7-40b0-b6ae-a71dd2eec7de" testListId="8c84fa94-04c1-424b-9868-57a2d4851a1d" />
    <TestEntry testId="7cbfb0f2-220f-3c70-4132-45e5c8965201" executionId="8452415b-7493-42c3-99e1-16984ab571b7" testListId="8c84fa94-04c1-424b-9868-57a2d4851a1d" />
    <TestEntry testId="f4aace76-8b78-d9f9-5c7e-a830773b46bd" executionId="de0ebdca-9348-44f2-b1a5-89fe4f89812f" testListId="8c84fa94-04c1-424b-9868-57a2d4851a1d" />
    <TestEntry testId="583152d9-d199-0061-6cfe-e7b3f5f54327" executionId="9b0de8ac-f445-4b93-991f-c48a718e94f9" testListId="8c84fa94-04c1-424b-9868-57a2d4851a1d" />
    <TestEntry testId="9c1495d5-6651-ae8f-908a-bfaa0ece52f3" executionId="4b365aa9-d9e3-4054-a545-164d0d581ac2" testListId="8c84fa94-04c1-424b-9868-57a2d4851a1d" />
    <TestEntry testId="68a3dcd6-b2e6-5bb3-d82c-04377e1a7b9b" executionId="d0e4d9d3-f377-4a2d-8022-eeb50aa97ace" testListId="8c84fa94-04c1-424b-9868-57a2d4851a1d" />
    <TestEntry testId="9512ba48-0839-7f8e-1a51-7ed8079ac71a" executionId="5a7e98e8-baa9-408d-a191-ae51b0aba0bb" testListId="8c84fa94-04c1-424b-9868-57a2d4851a1d" />
    <TestEntry testId="9bb26b43-c785-7f17-8df6-312acd18b6b3" executionId="54327c15-6f78-4942-80fe-f977452a817b" testListId="8c84fa94-04c1-424b-9868-57a2d4851a1d" />
    <TestEntry testId="bf21cb13-4f33-4868-5185-223274a7024a" executionId="6c09c022-e03c-4e2a-a967-0fef6a9aac84" testListId="8c84fa94-04c1-424b-9868-57a2d4851a1d" />
    <TestEntry testId="a4ebc8c3-3a4e-4ab1-e6c5-04365965ee9e" executionId="3cb2c680-1b35-47c8-a848-169f9830718c" testListId="8c84fa94-04c1-424b-9868-57a2d4851a1d" />
    <TestEntry testId="4542ac08-3156-be6f-f9b6-60fac905db13" executionId="60fdd914-bcc8-4764-87d0-3ca22e114629" testListId="8c84fa94-04c1-424b-9868-57a2d4851a1d" />
    <TestEntry testId="fe6a9027-ba74-76b9-9001-ff053b4242c3" executionId="0f649f85-1919-4e33-a7ac-4cfed12c7651" testListId="8c84fa94-04c1-424b-9868-57a2d4851a1d" />
    <TestEntry testId="cbb93574-008f-0923-82a1-ea6b8693b1c4" executionId="c5221b9b-5e60-43e5-88f1-44635f338fda" testListId="8c84fa94-04c1-424b-9868-57a2d4851a1d" />
    <TestEntry testId="1f62d143-3147-647f-0581-911ba09941ed" executionId="19fad134-26fb-4706-a22f-da3a54033521" testListId="8c84fa94-04c1-424b-9868-57a2d4851a1d" />
    <TestEntry testId="af71ed0e-187b-fd2b-1963-f93916cf4abc" executionId="ecc2ecd4-ac25-4786-9da2-7b7b82411ea0" testListId="8c84fa94-04c1-424b-9868-57a2d4851a1d" />
    <TestEntry testId="b65ce05c-91af-c3db-9a3c-440082baa61d" executionId="772a7bbc-df4e-4fed-a122-4ebc70785c7b" testListId="8c84fa94-04c1-424b-9868-57a2d4851a1d" />
    <TestEntry testId="bb96e440-92b4-1c31-95b5-59b0e4d11807" executionId="4f3897ab-db38-4237-9dcc-32cf277a3a65" testListId="8c84fa94-04c1-424b-9868-57a2d4851a1d" />
    <TestEntry testId="a3cffcd5-ca5b-acfc-2c92-56cbd2780945" executionId="84ede756-3955-49d2-98b4-4093301ad445" testListId="8c84fa94-04c1-424b-9868-57a2d4851a1d" />
    <TestEntry testId="9fa25131-4a4e-7dac-7ed1-7e35fdb0b337" executionId="651c6c7c-0471-4554-9e20-ab3474a9e8a0" testListId="8c84fa94-04c1-424b-9868-57a2d4851a1d" />
    <TestEntry testId="98ecfc2f-a242-ec20-0f52-a34da70ff901" executionId="fee14a41-e1b1-4172-afc8-9c31fb336798" testListId="8c84fa94-04c1-424b-9868-57a2d4851a1d" />
    <TestEntry testId="9af8ac57-47e8-e560-cb3c-d72fb3be6de6" executionId="f0a8f170-8001-4441-b234-e96c4a320e65" testListId="8c84fa94-04c1-424b-9868-57a2d4851a1d" />
    <TestEntry testId="8a840b5c-7cc0-3e0e-9c58-be69d6fcfb38" executionId="84403f87-5e38-4f0b-967e-3f572bbb607d" testListId="8c84fa94-04c1-424b-9868-57a2d4851a1d" />
    <TestEntry testId="5a9cc3cc-6255-3658-268b-a50ddfebf55b" executionId="1d8d8ca6-804f-4600-a5c5-6b08738496fe" testListId="8c84fa94-04c1-424b-9868-57a2d4851a1d" />
    <TestEntry testId="910ea956-c4b4-dc72-c890-ea2c8afbd1ba" executionId="b5ea647a-c08d-4dc0-bfab-9e0f1cc9b4e0" testListId="8c84fa94-04c1-424b-9868-57a2d4851a1d" />
    <TestEntry testId="c7b24253-640c-715b-788e-d204a9314e7e" executionId="65ee193e-b00d-48df-bc34-bb8c35009931" testListId="8c84fa94-04c1-424b-9868-57a2d4851a1d" />
    <TestEntry testId="800a9cc5-fc26-2bf4-fde7-906d76a2a91c" executionId="3848751b-9869-468b-adfc-e7fcf810f324" testListId="8c84fa94-04c1-424b-9868-57a2d4851a1d" />
    <TestEntry testId="16ee0ac6-17eb-3505-339b-384a8e931cbc" executionId="e078419b-73ab-46d3-ab1c-36a1b2106e26" testListId="8c84fa94-04c1-424b-9868-57a2d4851a1d" />
    <TestEntry testId="dab9c0b3-4ffb-2848-2c64-5c66c2da8b39" executionId="f5d24ed8-6849-400f-9d1d-ab8bde27c9db" testListId="8c84fa94-04c1-424b-9868-57a2d4851a1d" />
    <TestEntry testId="b301c31a-5fce-b4b4-96b1-9d8598e593a2" executionId="8bb929ff-918b-499e-a999-527884b63425" testListId="8c84fa94-04c1-424b-9868-57a2d4851a1d" />
    <TestEntry testId="62c465a4-ad44-3be7-a78e-7e91064f29e0" executionId="273a5ee0-c76c-45f4-9daf-573e026347f4" testListId="8c84fa94-04c1-424b-9868-57a2d4851a1d" />
    <TestEntry testId="a6bf3e32-69e6-e77a-4075-d39c48232b1d" executionId="d7cd9aa2-379e-4fd7-8f2e-d28c51546fea" testListId="8c84fa94-04c1-424b-9868-57a2d4851a1d" />
    <TestEntry testId="d7a4b603-8308-5acd-9a99-39b73afff367" executionId="313dbc0a-ce87-4b77-8748-039d3f94d00d" testListId="8c84fa94-04c1-424b-9868-57a2d4851a1d" />
    <TestEntry testId="cc3505a4-7232-cc24-3cfe-056b7e73ed2b" executionId="58915507-5cf3-4665-89f8-cfefaa4d6f6b" testListId="8c84fa94-04c1-424b-9868-57a2d4851a1d" />
    <TestEntry testId="278a11dd-76cf-5c46-224d-0d3283afee51" executionId="e440b84d-f6b9-4d63-9d33-8bcef74d7572" testListId="8c84fa94-04c1-424b-9868-57a2d4851a1d" />
    <TestEntry testId="133cb637-1f14-da6d-6e37-6a27375b1670" executionId="e6cca7c1-3cc0-40f4-b532-59ac9a822ae7" testListId="8c84fa94-04c1-424b-9868-57a2d4851a1d" />
    <TestEntry testId="26b17eff-fa5a-17f2-d1c6-54abe3c460d9" executionId="d19bd290-0ac1-43f2-8c76-38eb1eeda47f" testListId="8c84fa94-04c1-424b-9868-57a2d4851a1d" />
    <TestEntry testId="3b223dd9-b4de-6435-8d9f-fb5af0ea22bc" executionId="269b7cfe-8596-42ac-b027-52ebfb2235ad" testListId="8c84fa94-04c1-424b-9868-57a2d4851a1d" />
    <TestEntry testId="a6478b4f-f785-703a-7384-c2061869f444" executionId="e150be5f-1916-47d8-bbf1-a326240803b9" testListId="8c84fa94-04c1-424b-9868-57a2d4851a1d" />
    <TestEntry testId="3ff3319a-948e-ff61-1feb-7a7a66592fd5" executionId="77d41faa-2e38-425d-acc2-8759a4063061" testListId="8c84fa94-04c1-424b-9868-57a2d4851a1d" />
    <TestEntry testId="54f6e699-b3d1-75b1-4814-37e5fcfee1a3" executionId="4b47ae9e-7ddf-4a60-875f-ba4649100919" testListId="8c84fa94-04c1-424b-9868-57a2d4851a1d" />
    <TestEntry testId="eee8a259-a056-ce20-fd00-ef8675395c38" executionId="3db3db3b-8ef7-4014-b7bb-4bb398c6caba" testListId="8c84fa94-04c1-424b-9868-57a2d4851a1d" />
    <TestEntry testId="ed71c039-25d2-86e6-ce2e-7f7815b19541" executionId="ea3b8c3d-fee8-4419-a840-a18922bcfd64" testListId="8c84fa94-04c1-424b-9868-57a2d4851a1d" />
    <TestEntry testId="ff05611d-fdda-b2a8-4bf8-b702f180c253" executionId="8a714851-315e-4242-9824-0147dd6e4e0d" testListId="8c84fa94-04c1-424b-9868-57a2d4851a1d" />
    <TestEntry testId="0a8ef08d-9dbb-9ec8-d4a3-65f99078cd81" executionId="ce23dff6-8b39-438d-b1ed-6bdc40daa46d" testListId="8c84fa94-04c1-424b-9868-57a2d4851a1d" />
    <TestEntry testId="3c8c7252-b903-0c1c-e35f-58aec4759494" executionId="cfcc91d5-f2e2-4e7a-9b01-b101f04a124d" testListId="8c84fa94-04c1-424b-9868-57a2d4851a1d" />
    <TestEntry testId="b8e97d03-ef15-901d-1e9d-db40f54cbfb0" executionId="c75f2ad8-b11f-4404-b3c4-79c99af3806c" testListId="8c84fa94-04c1-424b-9868-57a2d4851a1d" />
    <TestEntry testId="6ff49ce2-6c5f-2d12-78c5-d9fccb402e88" executionId="eeac9d13-bd0d-4a13-b938-17053aafea61" testListId="8c84fa94-04c1-424b-9868-57a2d4851a1d" />
    <TestEntry testId="ba582828-87c0-f796-0108-b7c57cda86c7" executionId="cf3a5c75-2a93-419f-8370-e3100f52d028" testListId="8c84fa94-04c1-424b-9868-57a2d4851a1d" />
    <TestEntry testId="d5c0e485-765d-c99d-60c1-f669baa2c385" executionId="ccd28529-3967-47cd-b133-ec3e60641463" testListId="8c84fa94-04c1-424b-9868-57a2d4851a1d" />
    <TestEntry testId="067f6aa9-8e9c-3bdb-54dc-59497bccef18" executionId="9109e9e0-478a-4448-ba17-49d15dd0ffc1" testListId="8c84fa94-04c1-424b-9868-57a2d4851a1d" />
    <TestEntry testId="ed6cc5e3-e995-dc54-805e-582527975834" executionId="a5d97404-1042-4adf-a4a2-2f95377e59d1" testListId="8c84fa94-04c1-424b-9868-57a2d4851a1d" />
    <TestEntry testId="5095d613-b74e-da81-c8c0-bc71c282beb3" executionId="59277239-fcd2-4218-a70b-57fd622d49ce" testListId="8c84fa94-04c1-424b-9868-57a2d4851a1d" />
    <TestEntry testId="3edfc2a7-1754-35d9-a869-000eb02198df" executionId="3b726e17-1bec-4b60-a668-9a6fa28e3628" testListId="8c84fa94-04c1-424b-9868-57a2d4851a1d" />
    <TestEntry testId="8767f881-fdc8-88b5-6aba-c8e95f3120ba" executionId="6da0d668-bba8-4940-8a33-080025d3b6dd" testListId="8c84fa94-04c1-424b-9868-57a2d4851a1d" />
    <TestEntry testId="a0a697d6-c6a3-5a08-d701-7b26e299e138" executionId="2d1fa6a0-9530-4375-954e-e2ae6c832f81" testListId="8c84fa94-04c1-424b-9868-57a2d4851a1d" />
    <TestEntry testId="2cd364b1-6937-7083-5f7e-1dd1eac47cf1" executionId="0d8e2730-8da0-4c80-ba1f-39f09f68f849" testListId="8c84fa94-04c1-424b-9868-57a2d4851a1d" />
    <TestEntry testId="7f0c527e-e0ba-a3e5-7988-c20f8f846917" executionId="18a7b19d-f0b9-4599-bb56-0f3c18f3d226" testListId="8c84fa94-04c1-424b-9868-57a2d4851a1d" />
    <TestEntry testId="86511367-20e7-9ea5-808a-c86846f8f9e3" executionId="f8db18ba-56a0-4c25-a2a0-2d2b161cba04" testListId="8c84fa94-04c1-424b-9868-57a2d4851a1d" />
    <TestEntry testId="3b4e9ba3-5a1a-3d04-7b0a-c75c5f0c3a72" executionId="3e901fbf-fda8-4ded-a558-c954e4c16236" testListId="8c84fa94-04c1-424b-9868-57a2d4851a1d" />
    <TestEntry testId="e1f855c8-36b9-4274-1f3f-20a1e21c5404" executionId="8df241db-aa27-435f-be4d-9b40f3d593a8" testListId="8c84fa94-04c1-424b-9868-57a2d4851a1d" />
    <TestEntry testId="dfdaa8e6-900c-926b-6ac3-82e2d0119e60" executionId="980638e7-c986-4d76-9456-6d87f4901ae4" testListId="8c84fa94-04c1-424b-9868-57a2d4851a1d" />
    <TestEntry testId="4f4a64cd-6297-dad0-e258-e2bc655c9f25" executionId="f4d5bb50-82f2-4333-8d96-644185b75193" testListId="8c84fa94-04c1-424b-9868-57a2d4851a1d" />
    <TestEntry testId="da038b78-6557-20eb-7b54-2bd092edb693" executionId="6b7207cf-1e2b-47fa-86d3-8b59fab2a8b6" testListId="8c84fa94-04c1-424b-9868-57a2d4851a1d" />
    <TestEntry testId="cc3b9b99-7533-a7bc-3f64-e2ee5a64fc21" executionId="57068787-5367-4622-af70-0526432796d8" testListId="8c84fa94-04c1-424b-9868-57a2d4851a1d" />
    <TestEntry testId="70718e81-81f4-db7d-389b-91346f649480" executionId="0da70756-2c97-4c2a-89d9-c662f7355032" testListId="8c84fa94-04c1-424b-9868-57a2d4851a1d" />
    <TestEntry testId="ca6d72ce-f71b-8ae1-85b8-7dccf00e0632" executionId="1e8b089c-af2a-4232-8c80-a2091c2ee4af" testListId="8c84fa94-04c1-424b-9868-57a2d4851a1d" />
    <TestEntry testId="6a5073ae-b067-17a6-9c6f-959cad372ca7" executionId="23dfb238-5c36-4a95-8ff7-5a716c936ae1" testListId="8c84fa94-04c1-424b-9868-57a2d4851a1d" />
    <TestEntry testId="24d7108a-b492-bd24-b0f8-ceb600b42692" executionId="a84fb541-a7e7-4864-bda8-176fca939196" testListId="8c84fa94-04c1-424b-9868-57a2d4851a1d" />
    <TestEntry testId="14a1f95e-78fa-735f-e1e1-62755f5e4ea3" executionId="243f81bf-ddbf-43df-821f-9bc82fd382d8" testListId="8c84fa94-04c1-424b-9868-57a2d4851a1d" />
    <TestEntry testId="8381658d-9fd6-1774-072f-49899bddfa46" executionId="23245832-6f7a-4f3c-8e51-81eb19271280" testListId="8c84fa94-04c1-424b-9868-57a2d4851a1d" />
    <TestEntry testId="45e75a0d-4283-5aac-6b8e-d457bbb3aa8a" executionId="4a0fe1af-ae5f-4768-afbb-2b7fe1c67e29" testListId="8c84fa94-04c1-424b-9868-57a2d4851a1d" />
    <TestEntry testId="c1eeccdf-9e70-35f5-8d31-8a133efe3993" executionId="1b91fc63-6e94-4f9e-bc42-54869bf1bbe9" testListId="8c84fa94-04c1-424b-9868-57a2d4851a1d" />
    <TestEntry testId="035ef68b-c3bd-7b62-9eec-5a605eb83f8c" executionId="92d2802b-f157-4958-b982-2fab9f30d354" testListId="8c84fa94-04c1-424b-9868-57a2d4851a1d" />
    <TestEntry testId="76bac099-ab90-0ad5-557d-efa1c929ace3" executionId="ea57280c-d071-4930-9160-2fbf10d90cf3" testListId="8c84fa94-04c1-424b-9868-57a2d4851a1d" />
    <TestEntry testId="c852d483-d9e0-2c2b-b9c0-ac3a615cecaf" executionId="850afbdc-86a6-482a-8ae1-ff85bd480d55" testListId="8c84fa94-04c1-424b-9868-57a2d4851a1d" />
    <TestEntry testId="bb23e984-379e-7e0e-1bce-dc1dbfcf6fc3" executionId="cb557d75-4957-4edb-9e54-9f5077b676c2" testListId="8c84fa94-04c1-424b-9868-57a2d4851a1d" />
    <TestEntry testId="959b9c9e-d734-ce8a-a43a-d0fda79ec4d9" executionId="4b0fccc7-2033-4f7e-808c-9d2538fcafbe" testListId="8c84fa94-04c1-424b-9868-57a2d4851a1d" />
    <TestEntry testId="5a716387-727c-9f4a-576d-c532745d27fc" executionId="1923a9cb-c3b6-45da-8cc7-e93c323de9fb" testListId="8c84fa94-04c1-424b-9868-57a2d4851a1d" />
    <TestEntry testId="223a2e32-2c68-23be-9c45-d825c6cf4171" executionId="8146cafb-3921-40f5-b67c-2c36f46a5134" testListId="8c84fa94-04c1-424b-9868-57a2d4851a1d" />
    <TestEntry testId="d78750b2-ef6e-b941-b3e8-5db7115013c1" executionId="208f1201-45d9-455f-8ca7-680aba2f4d7e" testListId="8c84fa94-04c1-424b-9868-57a2d4851a1d" />
    <TestEntry testId="f182b61b-da52-b9d6-afe0-3488a377d621" executionId="457c2e0e-c568-46f0-a443-cf9142d38ee8" testListId="8c84fa94-04c1-424b-9868-57a2d4851a1d" />
    <TestEntry testId="6149a481-7ba1-ce8d-da96-1adf4aeb4783" executionId="688d1292-a521-4977-95a4-40812f60b67f" testListId="8c84fa94-04c1-424b-9868-57a2d4851a1d" />
    <TestEntry testId="18f2ab8d-6696-bf3f-7e10-34e8c36dc629" executionId="87a8829e-aa76-44d8-be3e-38a09174087f" testListId="8c84fa94-04c1-424b-9868-57a2d4851a1d" />
    <TestEntry testId="5ec2fd00-c7ca-4cee-7758-7801f820c473" executionId="03bc7d20-6369-479e-8967-e86565475c2c" testListId="8c84fa94-04c1-424b-9868-57a2d4851a1d" />
    <TestEntry testId="8ca24930-13c2-9054-276b-c0c9a4d03ea7" executionId="e917f22b-608c-4583-b18c-596aca6a7979" testListId="8c84fa94-04c1-424b-9868-57a2d4851a1d" />
    <TestEntry testId="45ce53b6-2a00-442b-a6cc-32488dfaae90" executionId="5717a33e-f89d-4648-85a2-4ec19ebfdb4b" testListId="8c84fa94-04c1-424b-9868-57a2d4851a1d" />
    <TestEntry testId="e04fdc2f-e623-9c34-4386-5fa6abb1dcd4" executionId="90992ba0-3aa7-4f13-96bd-22ce83af9985" testListId="8c84fa94-04c1-424b-9868-57a2d4851a1d" />
    <TestEntry testId="ae9f9017-443d-54ba-c5ef-294c75c79e4f" executionId="135bf0b4-93ec-482c-a639-dbefbba67b5c" testListId="8c84fa94-04c1-424b-9868-57a2d4851a1d" />
    <TestEntry testId="2aca5760-5736-8fb2-f42a-c078d75461ed" executionId="f194923d-e100-4795-a32e-4aba88b1d385" testListId="8c84fa94-04c1-424b-9868-57a2d4851a1d" />
    <TestEntry testId="856c051c-051a-4b4c-bec5-8f02fddd04ae" executionId="3c000188-d48d-4ec9-b566-2f3e8c493969" testListId="8c84fa94-04c1-424b-9868-57a2d4851a1d" />
    <TestEntry testId="439fd027-b2f2-7d61-d60d-ad31877df020" executionId="dfee6e34-4b1f-4767-9670-cd41980adb73" testListId="8c84fa94-04c1-424b-9868-57a2d4851a1d" />
    <TestEntry testId="3fd0a529-448c-e9e0-7074-0b5c637ad7a8" executionId="20a2bbd2-d1cb-4c9a-a125-fc377c43ba96" testListId="8c84fa94-04c1-424b-9868-57a2d4851a1d" />
    <TestEntry testId="a219a971-ee6f-7138-7f95-5ebe25d5d446" executionId="a69b0066-43d9-47b6-b429-b36a2d65f449" testListId="8c84fa94-04c1-424b-9868-57a2d4851a1d" />
    <TestEntry testId="319f8796-7403-b14a-34e0-f1797faae63e" executionId="86a9710e-038e-4bae-bcd6-7cdac9432ab7" testListId="8c84fa94-04c1-424b-9868-57a2d4851a1d" />
    <TestEntry testId="c66e3bc2-2f46-3828-947c-08aea11ba952" executionId="f591b6f6-2b82-45a9-b416-7b4e83a57ab5" testListId="8c84fa94-04c1-424b-9868-57a2d4851a1d" />
    <TestEntry testId="4e8ec708-b63a-3736-0e4f-25924095128b" executionId="10ce4c56-3b44-43a7-a504-8553009bb659" testListId="8c84fa94-04c1-424b-9868-57a2d4851a1d" />
    <TestEntry testId="34b2f47b-480a-22d6-69fb-dc7eedfd64fd" executionId="2aef75ae-f48a-431d-a4fb-1713b8b26ba0" testListId="8c84fa94-04c1-424b-9868-57a2d4851a1d" />
    <TestEntry testId="74add8a2-d9f3-2054-f072-e9237767895b" executionId="9846a84f-97ab-46a4-9c8d-e30acff3e323" testListId="8c84fa94-04c1-424b-9868-57a2d4851a1d" />
    <TestEntry testId="46313e0c-0560-4a59-beb1-c990fbb88dd8" executionId="27141209-7f0c-4e02-9ff2-359e4f927673" testListId="8c84fa94-04c1-424b-9868-57a2d4851a1d" />
    <TestEntry testId="91b01448-6a92-47bb-7ce5-67a9221a299c" executionId="62529e9c-00ce-4f00-b16a-e1f0b717dc52" testListId="8c84fa94-04c1-424b-9868-57a2d4851a1d" />
    <TestEntry testId="501c02cb-ac5f-5745-c75a-6cf52f922f62" executionId="682b8eaa-0573-4f5d-b293-5f468ba58b94" testListId="8c84fa94-04c1-424b-9868-57a2d4851a1d" />
    <TestEntry testId="e38f82e3-3025-9045-c164-157109ebeae1" executionId="260e8b6d-4d55-41ac-871f-e1d939ddd8ad" testListId="8c84fa94-04c1-424b-9868-57a2d4851a1d" />
    <TestEntry testId="e47e5959-0404-6a12-bb2e-be035056d2fc" executionId="128d8905-f598-4c19-94df-8970d6089691" testListId="8c84fa94-04c1-424b-9868-57a2d4851a1d" />
    <TestEntry testId="2ad348ab-ada5-a25f-9253-b563f1c5898f" executionId="1395354e-49e2-487a-9404-8fda6562248b" testListId="8c84fa94-04c1-424b-9868-57a2d4851a1d" />
    <TestEntry testId="2e5f6fa9-36cf-588f-e363-93c7c6e15067" executionId="e5025ffd-f29d-490e-80c4-7269eb770c81" testListId="8c84fa94-04c1-424b-9868-57a2d4851a1d" />
    <TestEntry testId="bc77ee0c-1b15-15e6-cc3d-5cb4ade23cbd" executionId="bbaddf6d-3b2b-4ac1-a97b-9f3ff3cde8cc" testListId="8c84fa94-04c1-424b-9868-57a2d4851a1d" />
    <TestEntry testId="43785e1c-5d96-d5bd-319b-47bbf8cd5cd3" executionId="a455ca61-72ba-48f2-952d-302b49b4116a" testListId="8c84fa94-04c1-424b-9868-57a2d4851a1d" />
    <TestEntry testId="a8dd4421-721b-7464-1ec7-7a0950dbe7f2" executionId="da129feb-c7e0-442e-ad50-22f798b36d0c" testListId="8c84fa94-04c1-424b-9868-57a2d4851a1d" />
    <TestEntry testId="95ce4bfb-8a8a-2e2d-8537-47c45d12d2d7" executionId="019e6f15-1094-4c2d-83f2-f992a0c126c4" testListId="8c84fa94-04c1-424b-9868-57a2d4851a1d" />
    <TestEntry testId="535b5010-34ee-7c3d-315a-1071e5381898" executionId="7ff015c8-8ef0-4e4c-9b0c-d5b3131598e2" testListId="8c84fa94-04c1-424b-9868-57a2d4851a1d" />
    <TestEntry testId="90cfc5f0-b7f9-31e3-d21a-be242b733ee9" executionId="43296f0e-fbb9-419f-b9fd-78fc3aa1a733" testListId="8c84fa94-04c1-424b-9868-57a2d4851a1d" />
    <TestEntry testId="85fbbcd0-881b-ae29-40f1-5696b7e80975" executionId="7024321a-ef33-45f7-a851-e48d5ab8114d" testListId="8c84fa94-04c1-424b-9868-57a2d4851a1d" />
    <TestEntry testId="af38776a-6751-f268-5d04-8090b4d28593" executionId="0eee0987-60cd-493c-8394-20788e276761" testListId="8c84fa94-04c1-424b-9868-57a2d4851a1d" />
    <TestEntry testId="93774d2d-144b-7040-611e-7e563672ebaa" executionId="e0d14ed0-e1e4-4057-86f3-7baa420c6923" testListId="8c84fa94-04c1-424b-9868-57a2d4851a1d" />
    <TestEntry testId="255725f3-62ba-63bd-b914-0cdfd4638d83" executionId="4f166a66-2611-418f-bacb-1eb706f622f5" testListId="8c84fa94-04c1-424b-9868-57a2d4851a1d" />
    <TestEntry testId="2bf7024d-c9a8-0f52-01c6-a02fd7b7c6c8" executionId="cea8158a-9552-4ead-9f1d-768c4af71cd2" testListId="8c84fa94-04c1-424b-9868-57a2d4851a1d" />
    <TestEntry testId="4f9e68da-d964-48d6-9d3b-7273107c43bc" executionId="0f8c98d3-96f3-4d6e-b118-30583e95186a" testListId="8c84fa94-04c1-424b-9868-57a2d4851a1d" />
    <TestEntry testId="24801bf2-63b2-04d1-d795-083a0ecbe814" executionId="4416908e-a0aa-4897-aa07-c8ce75fffa66" testListId="8c84fa94-04c1-424b-9868-57a2d4851a1d" />
    <TestEntry testId="192bc75c-0987-6d84-ba23-75d2871c7fb0" executionId="522b45a1-e6bd-4731-9f9a-aa675d9c50dc" testListId="8c84fa94-04c1-424b-9868-57a2d4851a1d" />
    <TestEntry testId="c6b0eba2-ea22-d188-1409-7b75cdedc201" executionId="475d78fa-b453-4126-a421-a63ac708af99" testListId="8c84fa94-04c1-424b-9868-57a2d4851a1d" />
    <TestEntry testId="8e17e180-a6fb-9c35-ec45-dff245336c94" executionId="7756a230-3881-4535-b90e-6d103053faa5" testListId="8c84fa94-04c1-424b-9868-57a2d4851a1d" />
    <TestEntry testId="3310872c-02b1-3a9f-d890-3c3dc06b553c" executionId="004b7e79-c369-4fe7-b405-96f8a9ee83b5" testListId="8c84fa94-04c1-424b-9868-57a2d4851a1d" />
    <TestEntry testId="bd58f8d9-e6cb-76f7-101e-84475807384c" executionId="771d12b7-6db4-4f54-90c7-8d8b458b9c06" testListId="8c84fa94-04c1-424b-9868-57a2d4851a1d" />
    <TestEntry testId="76a2e345-aae7-9b1e-7fd6-6ac6ca32b74e" executionId="a770ea07-db09-4b74-820c-6f85675e4e2b" testListId="8c84fa94-04c1-424b-9868-57a2d4851a1d" />
    <TestEntry testId="bd9d6efd-ee5b-c8e1-7fe2-91d5e9a397a3" executionId="70dda642-e2e3-4575-b053-60f65df5de7a" testListId="8c84fa94-04c1-424b-9868-57a2d4851a1d" />
    <TestEntry testId="52a29049-9c8e-815e-36f6-b6f14de4f7c1" executionId="178b0a06-74b5-4194-b8b5-1cdd27a7f224" testListId="8c84fa94-04c1-424b-9868-57a2d4851a1d" />
    <TestEntry testId="2dbf24a9-29c5-3ef0-69a0-687ac45d4c86" executionId="61b38ccf-266f-4295-af66-c038f5e12964" testListId="8c84fa94-04c1-424b-9868-57a2d4851a1d" />
    <TestEntry testId="a0254ac5-3cdd-5371-614b-9e5a2dd1e775" executionId="42a995fa-e509-4035-94df-d1ebbdec2c21" testListId="8c84fa94-04c1-424b-9868-57a2d4851a1d" />
    <TestEntry testId="5a36dc19-91e6-2110-bdf3-d2f7bfc377f6" executionId="b11edfdf-2079-4e78-b04f-5827ae326203" testListId="8c84fa94-04c1-424b-9868-57a2d4851a1d" />
    <TestEntry testId="78d8640f-f64c-e788-cbb5-62b4d5593dba" executionId="77e0b2b1-6e5d-4f9b-aec8-7e2d56f90f4a" testListId="8c84fa94-04c1-424b-9868-57a2d4851a1d" />
    <TestEntry testId="46887356-7c48-625a-9fa8-4ca482d2d04d" executionId="4726ebbf-4168-4110-961d-ab2cf53a1005" testListId="8c84fa94-04c1-424b-9868-57a2d4851a1d" />
    <TestEntry testId="7f7d1819-d3c3-0c1a-31f2-188e1a6b0674" executionId="266718a7-4f5f-4695-88ad-03ef95486757" testListId="8c84fa94-04c1-424b-9868-57a2d4851a1d" />
    <TestEntry testId="b898ad5d-e738-1d64-d2c4-772f55ed34ea" executionId="f69c4944-b4d8-4333-b846-08819cf65610" testListId="8c84fa94-04c1-424b-9868-57a2d4851a1d" />
    <TestEntry testId="9e746348-f3a7-2f41-9d29-e3b583264792" executionId="2a2cb799-a5a6-4f7b-bb12-14d54e98c93e" testListId="8c84fa94-04c1-424b-9868-57a2d4851a1d" />
    <TestEntry testId="9407802f-e3bb-717e-dfa6-c4f68e793c26" executionId="76a71369-be9f-4eb1-b938-cb9672c9290d" testListId="8c84fa94-04c1-424b-9868-57a2d4851a1d" />
    <TestEntry testId="0f992a8c-5f2a-115c-5c24-adb0ecb69f62" executionId="4d4d334f-11cf-4cb4-9d6f-3c88c754e54a" testListId="8c84fa94-04c1-424b-9868-57a2d4851a1d" />
    <TestEntry testId="4fee98d5-de39-1ee6-cb6e-aeb30d9e4547" executionId="07a7de6b-ad29-4de2-ae24-3a7fa9e77c3e" testListId="8c84fa94-04c1-424b-9868-57a2d4851a1d" />
    <TestEntry testId="084e4a3f-ffeb-8ba6-a7e4-e16e094a096c" executionId="37eae076-ad31-4513-ad62-8d59874771aa" testListId="8c84fa94-04c1-424b-9868-57a2d4851a1d" />
    <TestEntry testId="d01aff65-cc66-59d9-483c-ef58ff5b02b0" executionId="df925815-651b-4ce8-af28-a590a5c83eee" testListId="8c84fa94-04c1-424b-9868-57a2d4851a1d" />
    <TestEntry testId="e7ac6111-62b8-1737-1b08-b5a95b8c801f" executionId="a4461e38-d035-4ad4-bd5a-5a4ae4094218" testListId="8c84fa94-04c1-424b-9868-57a2d4851a1d" />
    <TestEntry testId="1c24a4c8-79d9-1a7e-b3df-8a6211e695a8" executionId="8a48e861-c0de-41e0-80b9-370e363d39db" testListId="8c84fa94-04c1-424b-9868-57a2d4851a1d" />
    <TestEntry testId="aadb342a-ff06-0cc2-8ee7-a275dc1cd7f8" executionId="250f490a-4ac7-4333-b344-e3f147d3909a" testListId="8c84fa94-04c1-424b-9868-57a2d4851a1d" />
    <TestEntry testId="c1622c67-8934-6098-5c3f-000e90cb0bbf" executionId="76e4af5e-4af6-4b05-ae93-c6f7e189bd13" testListId="8c84fa94-04c1-424b-9868-57a2d4851a1d" />
    <TestEntry testId="c6a10fb2-e3f8-d6eb-e921-0173f07aa1b5" executionId="0301f50d-2365-47d3-8435-a9d497c63a32" testListId="8c84fa94-04c1-424b-9868-57a2d4851a1d" />
    <TestEntry testId="fbddede5-5be9-fcfe-2d72-bc891322f303" executionId="bc02330d-22df-4971-8f64-644ae97d1471" testListId="8c84fa94-04c1-424b-9868-57a2d4851a1d" />
    <TestEntry testId="fb8d16f8-d393-a6c5-f7cb-47543546127a" executionId="2291148b-13f9-4b6d-87f1-45cc6fb9eaf1" testListId="8c84fa94-04c1-424b-9868-57a2d4851a1d" />
    <TestEntry testId="98ef8a3d-1657-a6ae-7eaf-dfb44be1b2e7" executionId="ba95ce16-bd1a-4d24-92a0-1c45f91cf579" testListId="8c84fa94-04c1-424b-9868-57a2d4851a1d" />
    <TestEntry testId="ab1319d7-a2c3-e991-b6a2-1cf10c8be090" executionId="54533dfe-142e-4258-acbe-7435452d28a7" testListId="8c84fa94-04c1-424b-9868-57a2d4851a1d" />
    <TestEntry testId="c196c0e0-1845-801a-d6ce-5a2a7861546a" executionId="5d41ec75-fea0-4107-a391-0f1723dea8c8" testListId="8c84fa94-04c1-424b-9868-57a2d4851a1d" />
    <TestEntry testId="1c73ceb9-2072-2e5e-a2de-ee8cd9695cfc" executionId="f4453eb2-802e-4a73-bd6a-3333449ba2d1" testListId="8c84fa94-04c1-424b-9868-57a2d4851a1d" />
    <TestEntry testId="8d4c082a-f9d0-c638-ed0b-343bc5cdce37" executionId="78d164bf-98d6-4974-812b-9151e157212c" testListId="8c84fa94-04c1-424b-9868-57a2d4851a1d" />
    <TestEntry testId="5bb482fa-8a48-3336-66c9-7ea3af463c94" executionId="321879d1-eefe-4284-9e02-6b587764f73e" testListId="8c84fa94-04c1-424b-9868-57a2d4851a1d" />
    <TestEntry testId="9f21fd60-dc5f-a407-0a71-dc6ac4edd3a8" executionId="dbb75650-7ded-456f-b974-894954e06bd5" testListId="8c84fa94-04c1-424b-9868-57a2d4851a1d" />
    <TestEntry testId="213635e5-649b-5c44-aecd-050b59df7240" executionId="5cc1576d-938e-4aa0-8a8e-e9b7fd455f71" testListId="8c84fa94-04c1-424b-9868-57a2d4851a1d" />
    <TestEntry testId="8dde7174-38d7-ee12-7e68-7117e399b660" executionId="b2dec175-0615-4bd7-ae5f-c21ffd07bd8c" testListId="8c84fa94-04c1-424b-9868-57a2d4851a1d" />
    <TestEntry testId="a3ace3b8-2cc6-88df-a94a-a9602ec1951a" executionId="9d53de47-f1f4-4f7b-b90a-542582621a10" testListId="8c84fa94-04c1-424b-9868-57a2d4851a1d" />
  </TestEntries>
  <TestLists>
    <TestList name="Results Not in a List" id="8c84fa94-04c1-424b-9868-57a2d4851a1d" />
    <TestList name="All Loaded Results" id="19431567-8539-422a-85d7-44ee4e166bda" />
  </TestLists>
  <ResultSummary outcome="Completed">
    <Counters total="442" executed="440" passed="440" failed="0" error="0" timeout="0" aborted="0" inconclusive="0" passedButRunAborted="0" notRunnable="0" notExecuted="0" disconnected="0" warning="0" completed="0" inProgress="0" pending="0" />
    <Output>
      <StdOut>Test 'ReorderTilesOrdersByPositionServer' was skipped in the test run.&#xD;
Test 'ReorderTilesOrdersByPositionCamera' was skipped in the test run.&#xD;
</StdOut>
    </Output>
  </ResultSummary>
</TestRun>