<?xml version="1.0" encoding="utf-8"?>
<TestRun id="9a06a796-b7b3-4590-8d80-f2152c21ad9e" name="DKSR-EFI-06$@DKSR-EFI-06 2024-01-09 15:45:07" runUser="NT AUTHORITY\NETWORK SERVICE" xmlns="http://microsoft.com/schemas/VisualStudio/TeamTest/2010">
  <Times creation="2024-01-09T15:45:07.7325055+01:00" queuing="2024-01-09T15:45:07.7325055+01:00" start="2024-01-09T15:44:50.3262284+01:00" finish="2024-01-09T15:47:36.0899636+01:00" />
  <TestSettings name="default" id="f9bdc3a2-d416-4587-9fbf-aebac462fb57">
    <Deployment runDeploymentRoot="DKSR-EFI-06$_DKSR-EFI-06_2024-01-09_15_45_07" />
  </TestSettings>
  <Results>
    <UnitTestResult executionId="c6b4548c-54e1-43f8-aad2-e5a5f1d9bd75" testId="e671fc0c-9f3c-71e0-8b22-c4f68d735e7f" testName="GetServerTypes_ShouldReturnLogServiceType" computerName="DKSR-EFI-06" duration="00:00:00.0003658" startTime="2024-01-09T15:47:13.5828638+01:00" endTime="2024-01-09T15:47:13.5828638+01:00" testType="13cdc9d9-ddb5-4fa4-a97d-d965ccfc6d4b" outcome="Passed" testListId="8c84fa94-04c1-424b-9868-57a2d4851a1d" relativeResultsDirectory="c6b4548c-54e1-43f8-aad2-e5a5f1d9bd75" />
    <UnitTestResult executionId="280aeca1-b1cb-41c1-ae9d-4968546e9571" testId="ee79b24f-9e89-909d-5cb1-d41ef45dcfd9" testName="NewSearchButtonEnabledState_AllScenarios_Success" computerName="DKSR-EFI-06" duration="00:00:00.0366812" startTime="2024-01-09T15:46:34.2295812+01:00" endTime="2024-01-09T15:46:34.2608490+01:00" testType="13cdc9d9-ddb5-4fa4-a97d-d965ccfc6d4b" outcome="Passed" testListId="8c84fa94-04c1-424b-9868-57a2d4851a1d" relativeResultsDirectory="280aeca1-b1cb-41c1-ae9d-4968546e9571" />
    <UnitTestResult executionId="7532480c-d61c-4e60-8696-0767e740dfc6" testId="881744e7-6022-e700-6b80-eadb3836c4cd" testName="Connect_SucceedeInConnectingWithOAuthUnsecure_ShouldReturnTrue" computerName="DKSR-EFI-06" duration="00:00:00.0709897" startTime="2024-01-09T15:45:08.7637557+01:00" endTime="2024-01-09T15:45:08.8418804+01:00" testType="13cdc9d9-ddb5-4fa4-a97d-d965ccfc6d4b" outcome="Passed" testListId="8c84fa94-04c1-424b-9868-57a2d4851a1d" relativeResultsDirectory="7532480c-d61c-4e60-8696-0767e740dfc6" />
    <UnitTestResult executionId="993978f8-9799-4fb1-94c9-abde8dfd19e3" testId="6cf12226-4d60-3448-6119-955749ad1a56" testName="ClearSelectedCommand_ClearsTheSelectedResults" computerName="DKSR-EFI-06" duration="00:00:00.0083639" startTime="2024-01-09T15:46:34.9798276+01:00" endTime="2024-01-09T15:46:34.9954557+01:00" testType="13cdc9d9-ddb5-4fa4-a97d-d965ccfc6d4b" outcome="Passed" testListId="8c84fa94-04c1-424b-9868-57a2d4851a1d" relativeResultsDirectory="993978f8-9799-4fb1-94c9-abde8dfd19e3" />
    <UnitTestResult executionId="97b17620-4083-4820-bc1c-354e894c8d36" testId="46dd7f69-3eb9-c12b-fd9e-271331372eba" testName="SupportsDoubleClick_ShouldBeFalse_WhenInteractionStateIsNotNormalAndInSetupMode" computerName="DKSR-EFI-06" duration="00:00:00.0413354" startTime="2024-01-09T15:45:35.4981711+01:00" endTime="2024-01-09T15:45:35.5450455+01:00" testType="13cdc9d9-ddb5-4fa4-a97d-d965ccfc6d4b" outcome="Passed" testListId="8c84fa94-04c1-424b-9868-57a2d4851a1d" relativeResultsDirectory="97b17620-4083-4820-bc1c-354e894c8d36" />
    <UnitTestResult executionId="b41d4195-bd0c-468a-b99e-7a1dc36dd545" testId="47bead1c-a537-8842-47a7-b3ba583fe988" testName="Convert_NullArgument_Collapsed" computerName="DKSR-EFI-06" duration="00:00:00.0007942" startTime="2024-01-09T15:46:14.3648925+01:00" endTime="2024-01-09T15:46:14.3648925+01:00" testType="13cdc9d9-ddb5-4fa4-a97d-d965ccfc6d4b" outcome="Passed" testListId="8c84fa94-04c1-424b-9868-57a2d4851a1d" relativeResultsDirectory="b41d4195-bd0c-468a-b99e-7a1dc36dd545" />
    <UnitTestResult executionId="0ecdc5bf-d7ec-4f30-afaf-c3662f20b2f5" testId="c391d9c0-dcf3-3657-c2f3-5bd34c44ec5b" testName="CreateDashboardViewModel_DoesNotUseIdentityTokenCache_WhenAuthenticationIsLegacy" computerName="DKSR-EFI-06" duration="00:00:00.0041664" startTime="2024-01-09T15:47:14.8956182+01:00" endTime="2024-01-09T15:47:14.8956182+01:00" testType="13cdc9d9-ddb5-4fa4-a97d-d965ccfc6d4b" outcome="Passed" testListId="8c84fa94-04c1-424b-9868-57a2d4851a1d" relativeResultsDirectory="0ecdc5bf-d7ec-4f30-afaf-c3662f20b2f5" />
    <UnitTestResult executionId="3b794a3c-5a9f-482a-b5ad-2ff7c4c6c627" testId="e6de12d3-0261-772c-f490-e9dbb1bb9e62" testName="SearchResultsActionBarActions_ActionResultCreateReport_ProgressUpdate_Success" computerName="DKSR-EFI-06" duration="00:00:00.0187835" startTime="2024-01-09T15:46:35.9019797+01:00" endTime="2024-01-09T15:46:35.9176151+01:00" testType="13cdc9d9-ddb5-4fa4-a97d-d965ccfc6d4b" outcome="Passed" testListId="8c84fa94-04c1-424b-9868-57a2d4851a1d" relativeResultsDirectory="3b794a3c-5a9f-482a-b5ad-2ff7c4c6c627" />
    <UnitTestResult executionId="caabd28e-f567-40d4-a448-7c8977d1f7c5" testId="a62f73f0-335e-a678-1617-1f76a60aab0f" testName="TestConstructor_NormalParameters_Success" computerName="DKSR-EFI-06" duration="00:00:00.0008461" startTime="2024-01-09T15:45:12.9669406+01:00" endTime="2024-01-09T15:45:12.9669406+01:00" testType="13cdc9d9-ddb5-4fa4-a97d-d965ccfc6d4b" outcome="Passed" testListId="8c84fa94-04c1-424b-9868-57a2d4851a1d" relativeResultsDirectory="caabd28e-f567-40d4-a448-7c8977d1f7c5" />
    <UnitTestResult executionId="de4474dd-5533-4567-93e9-a0ad57ee3986" testId="b3f386a5-07aa-a732-a6bd-e0f6659489a9" testName="DrawCore_ShouldDisplayClusterMarkers_WhenClusteringEnabled" computerName="DKSR-EFI-06" duration="00:00:00.3555097" startTime="2024-01-09T15:45:31.8887955+01:00" endTime="2024-01-09T15:45:32.2481690+01:00" testType="13cdc9d9-ddb5-4fa4-a97d-d965ccfc6d4b" outcome="Passed" testListId="8c84fa94-04c1-424b-9868-57a2d4851a1d" relativeResultsDirectory="de4474dd-5533-4567-93e9-a0ad57ee3986" />
    <UnitTestResult executionId="adc3ac4d-b5a1-4bc1-80af-75e1bc1b825e" testId="f18dd244-4a09-e214-2e8b-a1adb5d41997" testName="SearchResultsActionBarActions_CreateSnapshot_InvokeCommand_MultipleSnapshotsFailed_CorrectErrorMessageShown" computerName="DKSR-EFI-06" duration="00:00:00.0153682" startTime="2024-01-09T15:46:35.8394727+01:00" endTime="2024-01-09T15:46:35.8550929+01:00" testType="13cdc9d9-ddb5-4fa4-a97d-d965ccfc6d4b" outcome="Passed" testListId="8c84fa94-04c1-424b-9868-57a2d4851a1d" relativeResultsDirectory="adc3ac4d-b5a1-4bc1-80af-75e1bc1b825e" />
    <UnitTestResult executionId="14b80f6b-1862-4deb-84e3-e3ddec865909" testId="8fb02973-b048-8216-b7ce-b352b4c4fa12" testName="ValidEncryptionStrengthsForExport_ShouldReturnAllStrengths_WhenLegacyEncryptionEnabledInAppConfigAndFipsDisabled" computerName="DKSR-EFI-06" duration="00:00:00.0006641" startTime="2024-01-09T15:47:13.4734844+01:00" endTime="2024-01-09T15:47:13.4734844+01:00" testType="13cdc9d9-ddb5-4fa4-a97d-d965ccfc6d4b" outcome="Passed" testListId="8c84fa94-04c1-424b-9868-57a2d4851a1d" relativeResultsDirectory="14b80f6b-1862-4deb-84e3-e3ddec865909" />
    <UnitTestResult executionId="392b210e-b75b-49a8-8166-72c723c3feea" testId="6816708f-fdf2-3222-9491-91819f8c817b" testName="GetMapLayerArguments_ShouldReturnIGisMapModelAndAlarmsObservables_WhenCalled" computerName="DKSR-EFI-06" duration="00:00:00.0005426" startTime="2024-01-09T15:47:04.3773072+01:00" endTime="2024-01-09T15:47:04.3773072+01:00" testType="13cdc9d9-ddb5-4fa4-a97d-d965ccfc6d4b" outcome="Passed" testListId="8c84fa94-04c1-424b-9868-57a2d4851a1d" relativeResultsDirectory="392b210e-b75b-49a8-8166-72c723c3feea" />
    <UnitTestResult executionId="964199b4-3be6-46e9-852d-ca24306e565d" testId="72e0aaef-b782-3799-5f94-2f93780a25bc" testName="AssignPanTiltValue_WhenValueIsInsideDeadzone_ShouldReturnCenterValue" computerName="DKSR-EFI-06" duration="00:00:00.0362214" startTime="2024-01-09T15:45:21.4512868+01:00" endTime="2024-01-09T15:45:21.4981610+01:00" testType="13cdc9d9-ddb5-4fa4-a97d-d965ccfc6d4b" outcome="Passed" testListId="8c84fa94-04c1-424b-9868-57a2d4851a1d" relativeResultsDirectory="964199b4-3be6-46e9-852d-ca24306e565d" />
    <UnitTestResult executionId="daefebb9-e0b1-4fed-9667-eeb734d8c82e" testId="3dff5113-fbc5-85c4-6443-3894194c92b8" testName="AddSelectedCameras_ValidCamera_CameraAdded" computerName="DKSR-EFI-06" duration="00:00:00.0524939" startTime="2024-01-09T15:46:36.6678349+01:00" endTime="2024-01-09T15:46:36.7147225+01:00" testType="13cdc9d9-ddb5-4fa4-a97d-d965ccfc6d4b" outcome="Passed" testListId="8c84fa94-04c1-424b-9868-57a2d4851a1d" relativeResultsDirectory="daefebb9-e0b1-4fed-9667-eeb734d8c82e" />
    <UnitTestResult executionId="ea30aed6-7162-4b22-8a08-d3d92f53760f" testId="9e54b2cc-1227-f4b9-99d1-ff15db1cd685" testName="AddToExportDevices_ShouldReturnCorrectResult (5,0,5)" computerName="DKSR-EFI-06" duration="00:00:00.0027462" startTime="2024-01-09T15:47:11.7387334+01:00" endTime="2024-01-09T15:47:11.7387334+01:00" testType="13cdc9d9-ddb5-4fa4-a97d-d965ccfc6d4b" outcome="Passed" testListId="8c84fa94-04c1-424b-9868-57a2d4851a1d" relativeResultsDirectory="ea30aed6-7162-4b22-8a08-d3d92f53760f" />
    <UnitTestResult executionId="3e5485ae-f508-4b26-8e8e-5fbb84a33ae8" testId="ac8d1b70-d786-34c4-5f08-7e56322f2a79" testName="LanguageOptionsData_NullsIgnored_Success" computerName="DKSR-EFI-06" duration="00:00:00.0004347" startTime="2024-01-09T15:47:09.7382734+01:00" endTime="2024-01-09T15:47:09.7382734+01:00" testType="13cdc9d9-ddb5-4fa4-a97d-d965ccfc6d4b" outcome="Passed" testListId="8c84fa94-04c1-424b-9868-57a2d4851a1d" relativeResultsDirectory="3e5485ae-f508-4b26-8e8e-5fbb84a33ae8" />
    <UnitTestResult executionId="ce7ab9d2-3b11-40ed-818b-8523ccc68128" testId="b3f5f35c-92f5-1335-49e4-d72ffb56774b" testName="Constructor_ShouldRaiseArgumentNullException_WhenNextDeviceDataHandlerIsNull" computerName="DKSR-EFI-06" duration="00:00:00.0108172" startTime="2024-01-09T15:45:41.4044204+01:00" endTime="2024-01-09T15:45:41.4200440+01:00" testType="13cdc9d9-ddb5-4fa4-a97d-d965ccfc6d4b" outcome="Passed" testListId="8c84fa94-04c1-424b-9868-57a2d4851a1d" relativeResultsDirectory="ce7ab9d2-3b11-40ed-818b-8523ccc68128" />
    <UnitTestResult executionId="7580da3e-9996-437c-bad5-5eaff48d1f38" testId="9e654779-7c3a-a723-682e-e39ebed74684" testName="GetGisMapLayerFlyoutName_ShouldReturnOpenStreetMap_WhenGeographicLayerIsAvailableAndAlternativeServerIsNotEmpty" computerName="DKSR-EFI-06" duration="00:00:00.0009584" startTime="2024-01-09T15:47:07.2532230+01:00" endTime="2024-01-09T15:47:07.2532230+01:00" testType="13cdc9d9-ddb5-4fa4-a97d-d965ccfc6d4b" outcome="Passed" testListId="8c84fa94-04c1-424b-9868-57a2d4851a1d" relativeResultsDirectory="7580da3e-9996-437c-bad5-5eaff48d1f38" />
    <UnitTestResult executionId="bb350d35-6fff-4e97-8771-b2d36ac40db1" testId="1fb4c865-1faa-3cb2-dba2-5caed6ef1c09" testName="TestConstructor_NullMapBuilding_Failure" computerName="DKSR-EFI-06" duration="00:00:00.0068780" startTime="2024-01-09T15:47:06.7374468+01:00" endTime="2024-01-09T15:47:06.7530802+01:00" testType="13cdc9d9-ddb5-4fa4-a97d-d965ccfc6d4b" outcome="Passed" testListId="8c84fa94-04c1-424b-9868-57a2d4851a1d" relativeResultsDirectory="bb350d35-6fff-4e97-8771-b2d36ac40db1" />
    <UnitTestResult executionId="6c27f0c6-7de1-4c0f-8127-4f8a3c34bb4d" testId="ba03e836-1476-7d35-ae0b-6b2da7f85509" testName="Compare_ShouldPrioritizeCombinedResultsWithMostSearchCategories_WhenResultsDoNotMatchTheSameNumberOfCategories" computerName="DKSR-EFI-06" duration="00:00:00.0010728" startTime="2024-01-09T15:46:45.4509943+01:00" endTime="2024-01-09T15:46:45.4509943+01:00" testType="13cdc9d9-ddb5-4fa4-a97d-d965ccfc6d4b" outcome="Passed" testListId="8c84fa94-04c1-424b-9868-57a2d4851a1d" relativeResultsDirectory="6c27f0c6-7de1-4c0f-8127-4f8a3c34bb4d" />
    <UnitTestResult executionId="9fdcf8dd-957b-4433-925a-9835ee513b8c" testId="ea8f64f7-705b-0857-7b53-590a46740227" testName="AddSelectedCameras_TooManyCamerasSingle_AddedUntilMaxAndWarningMessageDisplayed" computerName="DKSR-EFI-06" duration="00:00:00.0425249" startTime="2024-01-09T15:46:36.7459847+01:00" endTime="2024-01-09T15:46:36.7928708+01:00" testType="13cdc9d9-ddb5-4fa4-a97d-d965ccfc6d4b" outcome="Passed" testListId="8c84fa94-04c1-424b-9868-57a2d4851a1d" relativeResultsDirectory="9fdcf8dd-957b-4433-925a-9835ee513b8c" />
    <UnitTestResult executionId="50ab4ee9-6aa7-46ba-b102-07602a8b88ec" testId="cf8b2ce3-17c9-1838-bf3d-cd93b522ea5f" testName="DrawProperty_ShouldNotCrash_WhenDrawingManyProperties" computerName="DKSR-EFI-06" duration="00:00:02.9528662" startTime="2024-01-09T15:46:40.0749529+01:00" endTime="2024-01-09T15:46:43.0287407+01:00" testType="13cdc9d9-ddb5-4fa4-a97d-d965ccfc6d4b" outcome="Passed" testListId="8c84fa94-04c1-424b-9868-57a2d4851a1d" relativeResultsDirectory="50ab4ee9-6aa7-46ba-b102-07602a8b88ec" />
    <UnitTestResult executionId="d6f24089-52b4-479d-b001-91459b416573" testId="cfadad16-7fef-9797-8a05-f69be03fa506" testName="ValueWithFallbackConverterTests_Convert_FirstValueNull_SecondValueNotNull_Success" computerName="DKSR-EFI-06" duration="00:00:00.0004323" startTime="2024-01-09T15:46:14.4117743+01:00" endTime="2024-01-09T15:46:14.4117743+01:00" testType="13cdc9d9-ddb5-4fa4-a97d-d965ccfc6d4b" outcome="Passed" testListId="8c84fa94-04c1-424b-9868-57a2d4851a1d" relativeResultsDirectory="d6f24089-52b4-479d-b001-91459b416573" />
    <UnitTestResult executionId="b469c00a-4aef-45c2-98bd-7c8859d910f3" testId="33dd535d-bccc-f095-c4f3-483569c16d21" testName="Combine_ShouldPassAllStringInputValidationTests_OnlyFirstPermutationUsed" computerName="DKSR-EFI-06" duration="00:00:00.4978322" startTime="2024-01-09T15:46:45.5916360+01:00" endTime="2024-01-09T15:46:46.0760929+01:00" testType="13cdc9d9-ddb5-4fa4-a97d-d965ccfc6d4b" outcome="Passed" testListId="8c84fa94-04c1-424b-9868-57a2d4851a1d" relativeResultsDirectory="b469c00a-4aef-45c2-98bd-7c8859d910f3">
      <Output>
        <StdOut>Debug Trace:&#xD;
&#xD;
&#xD;
************* TEST RESULTS *************&#xD;
Total tests: 132&#xD;
Passed permutations: 132&#xD;
Failed permutations: 0</StdOut>
      </Output>
    </UnitTestResult>
    <UnitTestResult executionId="2ed8909e-12be-40df-ad34-df923d91e4a6" testId="c9af20fb-019d-827e-06ad-7b6611074f36" testName="DeleteSearchTemplateAsync_EmptyParameters_Success" computerName="DKSR-EFI-06" duration="00:00:00.0011735" startTime="2024-01-09T15:46:44.2632904+01:00" endTime="2024-01-09T15:46:44.2632904+01:00" testType="13cdc9d9-ddb5-4fa4-a97d-d965ccfc6d4b" outcome="Passed" testListId="8c84fa94-04c1-424b-9868-57a2d4851a1d" relativeResultsDirectory="2ed8909e-12be-40df-ad34-df923d91e4a6" />
    <UnitTestResult executionId="9c9a0bda-4822-483a-93bb-d00cd5191981" testId="0a4e5b36-6578-df3d-cfd2-3d6ee660820a" testName="GetClusters_ExcludeFromClustering_OnlyClustersForExcludedItems (Data Row 1)" computerName="DKSR-EFI-06" duration="00:00:00.0107207" startTime="2024-01-09T15:47:07.4876662+01:00" endTime="2024-01-09T15:47:07.8627695+01:00" testType="13cdc9d9-ddb5-4fa4-a97d-d965ccfc6d4b" outcome="Passed" testListId="8c84fa94-04c1-424b-9868-57a2d4851a1d" relativeResultsDirectory="9c9a0bda-4822-483a-93bb-d00cd5191981" />
    <UnitTestResult executionId="e46698cc-270b-4a92-9cb0-bdc3ab9f71df" testId="dc138ee9-21ff-a5b7-13f9-f62a771c926b" testName="IconValueConverter_ConvertInvalidIconSource_Null" computerName="DKSR-EFI-06" duration="00:00:00.0008093" startTime="2024-01-09T15:46:14.3180103+01:00" endTime="2024-01-09T15:46:14.3180103+01:00" testType="13cdc9d9-ddb5-4fa4-a97d-d965ccfc6d4b" outcome="Passed" testListId="8c84fa94-04c1-424b-9868-57a2d4851a1d" relativeResultsDirectory="e46698cc-270b-4a92-9cb0-bdc3ab9f71df" />
    <UnitTestResult executionId="04b43734-47f1-4845-b8a9-85549d50d4df" testId="55807824-53e4-23f9-def8-1210782703cc" testName="OnLayersRetrieved_ShouldSetComponentsOrdered_WhenLayersCollectionContainsOutput" computerName="DKSR-EFI-06" duration="00:00:00.0192891" startTime="2024-01-09T15:45:28.7794151+01:00" endTime="2024-01-09T15:45:28.8106677+01:00" testType="13cdc9d9-ddb5-4fa4-a97d-d965ccfc6d4b" outcome="Passed" testListId="8c84fa94-04c1-424b-9868-57a2d4851a1d" relativeResultsDirectory="04b43734-47f1-4845-b8a9-85549d50d4df" />
    <UnitTestResult executionId="5ce0ebfd-7268-43eb-b23a-75c920c36a64" testId="52643794-b083-7c0f-47d3-00e62a4cf8ea" testName="ToMipSearchResultData_ShouldIncludeResultPropertiesFromAllSubResults" computerName="DKSR-EFI-06" duration="00:00:00.0131376" startTime="2024-01-09T15:46:45.2947253+01:00" endTime="2024-01-09T15:46:45.3103541+01:00" testType="13cdc9d9-ddb5-4fa4-a97d-d965ccfc6d4b" outcome="Passed" testListId="8c84fa94-04c1-424b-9868-57a2d4851a1d" relativeResultsDirectory="5ce0ebfd-7268-43eb-b23a-75c920c36a64" />
    <UnitTestResult executionId="052956a9-bd6a-4db8-8584-420e3f895b12" testId="4e7ccc39-dfc0-cf1c-eb6a-128de9b59e45" testName="Compare_ShouldPrioritizeCombinedResultsWithMostTriggerTimesInTimespan_WhenAllTriggerTimesAreCounted" computerName="DKSR-EFI-06" duration="00:00:00.0008427" startTime="2024-01-09T15:46:45.4353693+01:00" endTime="2024-01-09T15:46:45.4509943+01:00" testType="13cdc9d9-ddb5-4fa4-a97d-d965ccfc6d4b" outcome="Passed" testListId="8c84fa94-04c1-424b-9868-57a2d4851a1d" relativeResultsDirectory="052956a9-bd6a-4db8-8584-420e3f895b12" />
    <UnitTestResult executionId="496e4766-870e-4563-8dd3-74a01dc058a5" testId="ee53e0e4-b55d-0010-076b-5818fc51a7bf" testName="GisMapModel_SaveAggregates_Success" computerName="DKSR-EFI-06" duration="00:00:00.0676001" startTime="2024-01-09T15:47:03.1894094+01:00" endTime="2024-01-09T15:47:03.2519127+01:00" testType="13cdc9d9-ddb5-4fa4-a97d-d965ccfc6d4b" outcome="Passed" testListId="8c84fa94-04c1-424b-9868-57a2d4851a1d" relativeResultsDirectory="496e4766-870e-4563-8dd3-74a01dc058a5" />
    <UnitTestResult executionId="9df3c1cc-5611-4110-b271-16b4c3b3f0e4" testId="1827dddb-e32e-3062-ab3d-687741a79313" testName="EnsureLayersOrderIsValidBy_AddLayersAt_AfterLast_Success" computerName="DKSR-EFI-06" duration="00:00:00.0458805" startTime="2024-01-09T15:47:04.2366276+01:00" endTime="2024-01-09T15:47:04.2835193+01:00" testType="13cdc9d9-ddb5-4fa4-a97d-d965ccfc6d4b" outcome="Passed" testListId="8c84fa94-04c1-424b-9868-57a2d4851a1d" relativeResultsDirectory="9df3c1cc-5611-4110-b271-16b4c3b3f0e4" />
    <UnitTestResult executionId="ac537d7b-d4b4-4cd1-b4df-4719f7d78374" testId="903924a4-7ced-4d98-9edf-15f9a7cfa0d7" testName="MapLayer_LoadSave_DataIsSame" computerName="DKSR-EFI-06" duration="00:00:00.0210492" startTime="2024-01-09T15:47:01.2516268+01:00" endTime="2024-01-09T15:47:01.2672498+01:00" testType="13cdc9d9-ddb5-4fa4-a97d-d965ccfc6d4b" outcome="Passed" testListId="8c84fa94-04c1-424b-9868-57a2d4851a1d" relativeResultsDirectory="ac537d7b-d4b4-4cd1-b4df-4719f7d78374" />
    <UnitTestResult executionId="94a58166-dc82-439b-a095-d2d501fad3ec" testId="6463d51b-77d7-6acd-19d1-958e93231c67" testName="FindSearchTemplatesAsync_Null_Failure" computerName="DKSR-EFI-06" duration="00:00:00.0031363" startTime="2024-01-09T15:46:44.3414355+01:00" endTime="2024-01-09T15:46:44.3414355+01:00" testType="13cdc9d9-ddb5-4fa4-a97d-d965ccfc6d4b" outcome="Passed" testListId="8c84fa94-04c1-424b-9868-57a2d4851a1d" relativeResultsDirectory="94a58166-dc82-439b-a095-d2d501fad3ec" />
    <UnitTestResult executionId="291abcf6-60fa-4651-8237-7621b633ead1" testId="52708fc0-86f2-693c-d699-4f89eda92f77" testName="Toolbar_IsVisible_WhenNotInLiveOrPlayback_ReactsTo_WindowStateChange" computerName="DKSR-EFI-06" duration="00:00:00.0354194" startTime="2024-01-09T15:47:10.9885687+01:00" endTime="2024-01-09T15:47:11.0198278+01:00" testType="13cdc9d9-ddb5-4fa4-a97d-d965ccfc6d4b" outcome="Passed" testListId="8c84fa94-04c1-424b-9868-57a2d4851a1d" relativeResultsDirectory="291abcf6-60fa-4651-8237-7621b633ead1" />
    <UnitTestResult executionId="558c0c0d-fc35-4bb1-94b1-0330ecaf4741" testId="9060f73f-d5fa-875e-8bed-572cba260200" testName="CloseDeviceSelectorUserControl_ShouldCallDispose_WhenUserControlImplementsIDisposable" computerName="DKSR-EFI-06" duration="00:00:00.0009823" startTime="2024-01-09T15:45:31.0450433+01:00" endTime="2024-01-09T15:45:31.0450433+01:00" testType="13cdc9d9-ddb5-4fa4-a97d-d965ccfc6d4b" outcome="Passed" testListId="8c84fa94-04c1-424b-9868-57a2d4851a1d" relativeResultsDirectory="558c0c0d-fc35-4bb1-94b1-0330ecaf4741" />
    <UnitTestResult executionId="93545bb2-691f-4c8a-8f0b-f37106166222" testId="343adaa4-a6b4-4217-fe91-ea0e91bd35db" testName="Everything_Is_Disabled_When_Both_Create_And_Update_Rights_Missing" computerName="DKSR-EFI-06" duration="00:00:00.0032740" startTime="2024-01-09T15:47:18.6149571+01:00" endTime="2024-01-09T15:47:18.6149571+01:00" testType="13cdc9d9-ddb5-4fa4-a97d-d965ccfc6d4b" outcome="Passed" testListId="8c84fa94-04c1-424b-9868-57a2d4851a1d" relativeResultsDirectory="93545bb2-691f-4c8a-8f0b-f37106166222" />
    <UnitTestResult executionId="03ad8f3d-0612-444a-b401-f20b68cbc39b" testId="0dee4a37-8d38-ef6d-98a5-3e594bce7f88" testName="PTZArgsDto_ShouldYieldSameValues_WhenRoundTripConverted" computerName="DKSR-EFI-06" duration="00:00:00.0081850" startTime="2024-01-09T15:45:09.0137571+01:00" endTime="2024-01-09T15:45:09.0293828+01:00" testType="13cdc9d9-ddb5-4fa4-a97d-d965ccfc6d4b" outcome="Passed" testListId="8c84fa94-04c1-424b-9868-57a2d4851a1d" relativeResultsDirectory="03ad8f3d-0612-444a-b401-f20b68cbc39b" />
    <UnitTestResult executionId="d7af5b59-672b-4aed-9af4-276ccb58fb31" testId="0e000a76-c424-1348-5a62-7f5cf04c0b5a" testName="SelectionCountDisplayText_ZeroSelectedResults_ReturnsEmptyString" computerName="DKSR-EFI-06" duration="00:00:00.0092363" startTime="2024-01-09T15:46:34.9485687+01:00" endTime="2024-01-09T15:46:34.9641958+01:00" testType="13cdc9d9-ddb5-4fa4-a97d-d965ccfc6d4b" outcome="Passed" testListId="8c84fa94-04c1-424b-9868-57a2d4851a1d" relativeResultsDirectory="d7af5b59-672b-4aed-9af4-276ccb58fb31" />
    <UnitTestResult executionId="1abe86a3-ff97-46a9-a391-ec5d6b331adf" testId="7b469b70-7a6f-7a92-2723-c93cd3a56c6f" testName="AddItems_SingleMapItem_OneClusterChange" computerName="DKSR-EFI-06" duration="00:00:00.0078378" startTime="2024-01-09T15:47:09.2537759+01:00" endTime="2024-01-09T15:47:09.2537759+01:00" testType="13cdc9d9-ddb5-4fa4-a97d-d965ccfc6d4b" outcome="Passed" testListId="8c84fa94-04c1-424b-9868-57a2d4851a1d" relativeResultsDirectory="1abe86a3-ff97-46a9-a391-ec5d6b331adf" />
    <UnitTestResult executionId="f3a87954-137e-43b8-9f8f-886c504139bd" testId="5175ef0f-a0f9-284b-e221-701056f8c5c0" testName="GetSearchReportDialog_SelectedSearchResults_Null_Failure" computerName="DKSR-EFI-06" duration="00:00:00.0050843" startTime="2024-01-09T15:46:38.7621452+01:00" endTime="2024-01-09T15:46:38.7621452+01:00" testType="13cdc9d9-ddb5-4fa4-a97d-d965ccfc6d4b" outcome="Passed" testListId="8c84fa94-04c1-424b-9868-57a2d4851a1d" relativeResultsDirectory="f3a87954-137e-43b8-9f8f-886c504139bd" />
    <UnitTestResult executionId="b3291469-fdec-41d1-b256-4617b8832aaa" testId="3d676a9f-bbcb-bc89-c504-7e67ca06500e" testName="ActiveIncomingMicrophones_ShouldHave_NoMicrophonesWhenMicrophoneIsMuted" computerName="DKSR-EFI-06" duration="00:00:00.0087076" startTime="2024-01-09T15:47:02.9862628+01:00" endTime="2024-01-09T15:47:03.0018884+01:00" testType="13cdc9d9-ddb5-4fa4-a97d-d965ccfc6d4b" outcome="Passed" testListId="8c84fa94-04c1-424b-9868-57a2d4851a1d" relativeResultsDirectory="b3291469-fdec-41d1-b256-4617b8832aaa" />
    <UnitTestResult executionId="f5a90471-d37a-48b3-bdf3-45c217252da8" testId="c3f29bf2-4c11-11c6-eb66-4e32acc46d8c" testName="MainScopeTitleMaxWidthConverter_ProvideValueSuccess" computerName="DKSR-EFI-06" duration="00:00:00.0008743" startTime="2024-01-09T15:46:14.3492631+01:00" endTime="2024-01-09T15:46:14.3492631+01:00" testType="13cdc9d9-ddb5-4fa4-a97d-d965ccfc6d4b" outcome="Passed" testListId="8c84fa94-04c1-424b-9868-57a2d4851a1d" relativeResultsDirectory="f5a90471-d37a-48b3-bdf3-45c217252da8" />
    <UnitTestResult executionId="7e414d2c-e0f8-4fec-b7eb-7208f4f4c172" testId="14084b93-5aba-08b1-aca1-53c6d97f4819" testName="DeserializeEmptyState_Fail" computerName="DKSR-EFI-06" duration="00:00:00.0001359" startTime="2024-01-09T15:47:19.4588500+01:00" endTime="2024-01-09T15:47:19.4588500+01:00" testType="13cdc9d9-ddb5-4fa4-a97d-d965ccfc6d4b" outcome="Passed" testListId="8c84fa94-04c1-424b-9868-57a2d4851a1d" relativeResultsDirectory="7e414d2c-e0f8-4fec-b7eb-7208f4f4c172" />
    <UnitTestResult executionId="41623223-1496-4a5e-83db-16f1b8d4137b" testId="a00003bd-aa50-3927-aba0-52fe02475d39" testName="Convert_ShouldRaiseInvalidCastException_WhenParameterIsAnInteractionState" computerName="DKSR-EFI-06" duration="00:00:00.0006216" startTime="2024-01-09T15:45:26.9515578+01:00" endTime="2024-01-09T15:45:26.9515578+01:00" testType="13cdc9d9-ddb5-4fa4-a97d-d965ccfc6d4b" outcome="Passed" testListId="8c84fa94-04c1-424b-9868-57a2d4851a1d" relativeResultsDirectory="41623223-1496-4a5e-83db-16f1b8d4137b" />
    <UnitTestResult executionId="2b354aa1-6f1d-401c-bbaf-f229d3bb9738" testId="f16a12ad-889f-384d-d0eb-cbbdfad076fe" testName="TestMultipleTaskUpdate" computerName="DKSR-EFI-06" duration="00:00:00.0129060" startTime="2024-01-09T15:47:11.3011468+01:00" endTime="2024-01-09T15:47:11.3167746+01:00" testType="13cdc9d9-ddb5-4fa4-a97d-d965ccfc6d4b" outcome="Passed" testListId="8c84fa94-04c1-424b-9868-57a2d4851a1d" relativeResultsDirectory="2b354aa1-6f1d-401c-bbaf-f229d3bb9738" />
    <UnitTestResult executionId="de574bd0-eb3c-4f64-80d2-8089ffe9e9c7" testId="3ff67012-33f7-cd39-573d-f3e6ab37a120" testName="Close_MultipleSearchFilterCategoriesInManager_SearchDefinitionDestroyedForEachCategory" computerName="DKSR-EFI-06" duration="00:00:00.0040044" startTime="2024-01-09T15:46:59.4545525+01:00" endTime="2024-01-09T15:46:59.4545525+01:00" testType="13cdc9d9-ddb5-4fa4-a97d-d965ccfc6d4b" outcome="Passed" testListId="8c84fa94-04c1-424b-9868-57a2d4851a1d" relativeResultsDirectory="de574bd0-eb3c-4f64-80d2-8089ffe9e9c7" />
    <UnitTestResult executionId="7bbedb86-ee26-47b5-9cc2-dbe356b25472" testId="337537ae-5ca8-61cb-549e-269d84719921" testName="SmartSearchStatusType_ShouldYieldSameValuesForAllEnumValues_WhenRoundTripConverted (SearchResultReady,SearchResultReady)" computerName="DKSR-EFI-06" duration="00:00:00.0000258" startTime="2024-01-09T15:45:09.2637587+01:00" endTime="2024-01-09T15:45:09.2637587+01:00" testType="13cdc9d9-ddb5-4fa4-a97d-d965ccfc6d4b" outcome="Passed" testListId="8c84fa94-04c1-424b-9868-57a2d4851a1d" relativeResultsDirectory="7bbedb86-ee26-47b5-9cc2-dbe356b25472" />
    <UnitTestResult executionId="f062905a-3cb9-40d6-b024-4ffba25f166f" testId="ecf13227-e49d-1db7-a97a-21cf256d2c96" testName="ShowOrHidePartialResultsCommand_Triggered_ButtonTextChanged" computerName="DKSR-EFI-06" duration="00:00:00.0016948" startTime="2024-01-09T15:46:34.3858971+01:00" endTime="2024-01-09T15:46:34.3858971+01:00" testType="13cdc9d9-ddb5-4fa4-a97d-d965ccfc6d4b" outcome="Passed" testListId="8c84fa94-04c1-424b-9868-57a2d4851a1d" relativeResultsDirectory="f062905a-3cb9-40d6-b024-4ffba25f166f" />
    <UnitTestResult executionId="7f3d2e09-168f-4518-b13a-e3dcde01b3b5" testId="f484692c-fec3-a0b6-18ec-e828d80b67b7" testName="Optics enabled, not forced" computerName="DKSR-EFI-06" duration="00:00:00.0071144" startTime="2024-01-09T15:45:42.7794201+01:00" endTime="2024-01-09T15:45:42.7794201+01:00" testType="13cdc9d9-ddb5-4fa4-a97d-d965ccfc6d4b" outcome="Passed" testListId="8c84fa94-04c1-424b-9868-57a2d4851a1d" relativeResultsDirectory="7f3d2e09-168f-4518-b13a-e3dcde01b3b5" />
    <UnitTestResult executionId="15d1c7fb-3312-4dfc-bc5b-1547930ea5b7" testId="45d1826c-1c27-e38c-1199-81f219410589" testName="BookmarkSearchTime_WithSearchStringInDifferentCases_ReturnCorrectBookmarkWithSearchStringInHeader (SeArChStRiNg,True,False,True,False,,,1)" computerName="DKSR-EFI-06" duration="00:00:00.0051195" startTime="2024-01-09T15:47:12.8170917+01:00" endTime="2024-01-09T15:47:12.8170917+01:00" testType="13cdc9d9-ddb5-4fa4-a97d-d965ccfc6d4b" outcome="Passed" testListId="8c84fa94-04c1-424b-9868-57a2d4851a1d" relativeResultsDirectory="15d1c7fb-3312-4dfc-bc5b-1547930ea5b7" />
    <UnitTestResult executionId="036454a8-b3dc-43ea-9420-2150d3a72a87" testId="e6354ff1-9ff3-d19c-6313-930a0e558467" testName="ResolveGenericResultProperties_ShouldAppendNumberOnDuplicateTitles_WhenGivenCombinedSearchResultsWithDuplicateTitles" computerName="DKSR-EFI-06" duration="00:00:00.0029642" startTime="2024-01-09T15:46:43.9663681+01:00" endTime="2024-01-09T15:46:43.9663681+01:00" testType="13cdc9d9-ddb5-4fa4-a97d-d965ccfc6d4b" outcome="Passed" testListId="8c84fa94-04c1-424b-9868-57a2d4851a1d" relativeResultsDirectory="036454a8-b3dc-43ea-9420-2150d3a72a87" />
    <UnitTestResult executionId="7434dfc9-f5d2-4570-978c-280c2a7957ec" testId="9029e935-145d-d5fd-fae9-96c860349038" testName="GetClusters_AddedItems_ClustersForAddedItems (Data Row 10)" computerName="DKSR-EFI-06" duration="00:00:00.0104421" startTime="2024-01-09T15:47:09.0193458+01:00" endTime="2024-01-09T15:47:09.2381415+01:00" testType="13cdc9d9-ddb5-4fa4-a97d-d965ccfc6d4b" outcome="Passed" testListId="8c84fa94-04c1-424b-9868-57a2d4851a1d" relativeResultsDirectory="7434dfc9-f5d2-4570-978c-280c2a7957ec" />
    <UnitTestResult executionId="73f5b885-8401-4ba5-8c39-bd8a319c750d" testId="3457bd27-1f00-b005-3af0-cc532182e652" testName="SearchFilterCategoryGet_TwoSearchAgents_AllFiltersAdded" computerName="DKSR-EFI-06" duration="00:00:00.0029173" startTime="2024-01-09T15:46:59.4076068+01:00" endTime="2024-01-09T15:46:59.4076068+01:00" testType="13cdc9d9-ddb5-4fa4-a97d-d965ccfc6d4b" outcome="Passed" testListId="8c84fa94-04c1-424b-9868-57a2d4851a1d" relativeResultsDirectory="73f5b885-8401-4ba5-8c39-bd8a319c750d" />
    <UnitTestResult executionId="0c6f9588-8e15-4f03-9e7a-10282a95a36b" testId="e91df096-2318-b52c-fe1f-08261834359a" testName="DateToStringConverter_MultiConvertBack_Fail" computerName="DKSR-EFI-06" duration="00:00:00.0012811" startTime="2024-01-09T15:46:14.3025080+01:00" endTime="2024-01-09T15:46:14.3025080+01:00" testType="13cdc9d9-ddb5-4fa4-a97d-d965ccfc6d4b" outcome="Passed" testListId="8c84fa94-04c1-424b-9868-57a2d4851a1d" relativeResultsDirectory="0c6f9588-8e15-4f03-9e7a-10282a95a36b" />
    <UnitTestResult executionId="8f59241a-c78f-4ba5-85d9-27651867a82e" testId="2618920c-aa56-2790-77ca-5dcd9d1e0fd1" testName="SearchCriteriaChanged_ActiveSearchResults_SearchRestartedAndResultsCleared" computerName="DKSR-EFI-06" duration="00:00:00.0134196" startTime="2024-01-09T15:46:44.8571459+01:00" endTime="2024-01-09T15:46:44.8571459+01:00" testType="13cdc9d9-ddb5-4fa4-a97d-d965ccfc6d4b" outcome="Passed" testListId="8c84fa94-04c1-424b-9868-57a2d4851a1d" relativeResultsDirectory="8f59241a-c78f-4ba5-85d9-27651867a82e" />
    <UnitTestResult executionId="d4e455af-44c6-4dc5-84a2-7a069edfe5f3" testId="31d5d148-0cd6-8d1e-0567-f1c07ae35162" testName="IncludeViewItemToggledEvent_ShouldAddViewItemToIncludedViewItems_WhenIncludedIsTrueOnContentHolderControl" computerName="DKSR-EFI-06" duration="00:00:00.0257490" startTime="2024-01-09T15:47:15.3488496+01:00" endTime="2024-01-09T15:47:15.3644491+01:00" testType="13cdc9d9-ddb5-4fa4-a97d-d965ccfc6d4b" outcome="Passed" testListId="8c84fa94-04c1-424b-9868-57a2d4851a1d" relativeResultsDirectory="d4e455af-44c6-4dc5-84a2-7a069edfe5f3" />
    <UnitTestResult executionId="6558b3c9-3923-4078-b27b-089d3715c4e0" testId="10f7e539-95db-7d97-e660-3fdca86f07c0" testName="PatrollingStepListViewModel_AddStepExecute" computerName="DKSR-EFI-06" duration="00:00:00.0029551" startTime="2024-01-09T15:47:09.6132484+01:00" endTime="2024-01-09T15:47:09.6132484+01:00" testType="13cdc9d9-ddb5-4fa4-a97d-d965ccfc6d4b" outcome="Passed" testListId="8c84fa94-04c1-424b-9868-57a2d4851a1d" relativeResultsDirectory="6558b3c9-3923-4078-b27b-089d3715c4e0" />
    <UnitTestResult executionId="ced35aa0-7177-45b6-aa49-773cc695f2fe" testId="a721bda0-d060-fd7b-5877-e579358eb55b" testName="UserInfoDto_ShouldYieldSameValues_WhenRoundTripConverted" computerName="DKSR-EFI-06" duration="00:00:00.0002681" startTime="2024-01-09T15:45:09.0606317+01:00" endTime="2024-01-09T15:45:09.0762590+01:00" testType="13cdc9d9-ddb5-4fa4-a97d-d965ccfc6d4b" outcome="Passed" testListId="8c84fa94-04c1-424b-9868-57a2d4851a1d" relativeResultsDirectory="ced35aa0-7177-45b6-aa49-773cc695f2fe" />
    <UnitTestResult executionId="11accb6c-ac06-46ba-a277-35580dc73c34" testId="fe59fd9d-eb33-67df-fe2b-87a233e68931" testName="PatrollingProfileListViewModel_Constructor_ArgumentNull" computerName="DKSR-EFI-06" duration="00:00:00.0002072" startTime="2024-01-09T15:47:09.3945032+01:00" endTime="2024-01-09T15:47:09.3945032+01:00" testType="13cdc9d9-ddb5-4fa4-a97d-d965ccfc6d4b" outcome="Passed" testListId="8c84fa94-04c1-424b-9868-57a2d4851a1d" relativeResultsDirectory="11accb6c-ac06-46ba-a277-35580dc73c34" />
    <UnitTestResult executionId="7383015a-5d9d-49df-b683-7766c27e575f" testId="86c3c546-c6cf-be65-f34c-24ab64b4ab72" testName="InputMapItem_Delete_Success" computerName="DKSR-EFI-06" duration="00:00:00.0148373" startTime="2024-01-09T15:47:06.1747720+01:00" endTime="2024-01-09T15:47:06.1904024+01:00" testType="13cdc9d9-ddb5-4fa4-a97d-d965ccfc6d4b" outcome="Passed" testListId="8c84fa94-04c1-424b-9868-57a2d4851a1d" relativeResultsDirectory="7383015a-5d9d-49df-b683-7766c27e575f" />
    <UnitTestResult executionId="f3a7921d-961b-4bd2-b308-31d1680716f5" testId="8b851834-9d1b-52ee-4c1e-eca26c60010d" testName="IsProcessing_CancelWhileUnprocessedItems_Success" computerName="DKSR-EFI-06" duration="00:00:00.0027360" startTime="2024-01-09T15:46:45.2165848+01:00" endTime="2024-01-09T15:46:45.2165848+01:00" testType="13cdc9d9-ddb5-4fa4-a97d-d965ccfc6d4b" outcome="Passed" testListId="8c84fa94-04c1-424b-9868-57a2d4851a1d" relativeResultsDirectory="f3a7921d-961b-4bd2-b308-31d1680716f5" />
    <UnitTestResult executionId="49590fb2-c5bb-4150-82c0-75eed7aefb93" testId="65cfed84-d8b7-91f1-c7b3-2b30cf50cfed" testName="Deserialize_MissingScopeDurationAndFromToValues_DefaultsToTwoHours" computerName="DKSR-EFI-06" duration="00:00:00.0052501" startTime="2024-01-09T15:46:45.1228167+01:00" endTime="2024-01-09T15:46:45.1228167+01:00" testType="13cdc9d9-ddb5-4fa4-a97d-d965ccfc6d4b" outcome="Passed" testListId="8c84fa94-04c1-424b-9868-57a2d4851a1d" relativeResultsDirectory="49590fb2-c5bb-4150-82c0-75eed7aefb93" />
    <UnitTestResult executionId="a0926877-af35-4780-b144-56d43b1e16a9" testId="ae1ed87e-08b0-6456-55b5-f1c7e9a80148" testName="CreateDefinition_FireSingleSearchResult_SearchFinishedWithResults" computerName="DKSR-EFI-06" duration="00:00:00.0119571" startTime="2024-01-09T15:46:44.8102634+01:00" endTime="2024-01-09T15:46:44.8258908+01:00" testType="13cdc9d9-ddb5-4fa4-a97d-d965ccfc6d4b" outcome="Passed" testListId="8c84fa94-04c1-424b-9868-57a2d4851a1d" relativeResultsDirectory="a0926877-af35-4780-b144-56d43b1e16a9" />
    <UnitTestResult executionId="199ea80f-2944-4345-b97d-ceda3a2672ec" testId="526844e8-d693-bdcc-23f1-06de8a485eea" testName="PopulateTooltip_HoverOverEmpty_TooltipIsEmpty" computerName="DKSR-EFI-06" duration="00:00:00.0243945" startTime="2024-01-09T15:46:16.9437869+01:00" endTime="2024-01-09T15:46:16.9594222+01:00" testType="13cdc9d9-ddb5-4fa4-a97d-d965ccfc6d4b" outcome="Passed" testListId="8c84fa94-04c1-424b-9868-57a2d4851a1d" relativeResultsDirectory="199ea80f-2944-4345-b97d-ceda3a2672ec" />
    <UnitTestResult executionId="1698307c-1243-4efb-a8ec-f91692d9697c" testId="b13c73e0-3d5f-8cb8-a883-f65f02f74154" testName="TestConstructor_OuterRing_Success" computerName="DKSR-EFI-06" duration="00:00:00.0002988" startTime="2024-01-09T15:47:02.9237507+01:00" endTime="2024-01-09T15:47:02.9237507+01:00" testType="13cdc9d9-ddb5-4fa4-a97d-d965ccfc6d4b" outcome="Passed" testListId="8c84fa94-04c1-424b-9868-57a2d4851a1d" relativeResultsDirectory="1698307c-1243-4efb-a8ec-f91692d9697c" />
    <UnitTestResult executionId="6f69d795-80c9-43a6-ba66-4d25b12fac6e" testId="3f8e6f27-c942-75f1-d43c-4f4dbc2ed891" testName="TestConstructor_LongLat_Success" computerName="DKSR-EFI-06" duration="00:00:00.0001960" startTime="2024-01-09T15:47:02.9081216+01:00" endTime="2024-01-09T15:47:02.9081216+01:00" testType="13cdc9d9-ddb5-4fa4-a97d-d965ccfc6d4b" outcome="Passed" testListId="8c84fa94-04c1-424b-9868-57a2d4851a1d" relativeResultsDirectory="6f69d795-80c9-43a6-ba66-4d25b12fac6e" />
    <UnitTestResult executionId="b918b3c5-8e75-4e57-b73c-1fca02f6701f" testId="227dc5e8-fd61-64c5-c58b-a4363d10733d" testName="Dispose_ClosesPluginInstance" computerName="DKSR-EFI-06" duration="00:00:00.0328129" startTime="2024-01-09T15:46:36.0582853+01:00" endTime="2024-01-09T15:46:36.0895460+01:00" testType="13cdc9d9-ddb5-4fa4-a97d-d965ccfc6d4b" outcome="Passed" testListId="8c84fa94-04c1-424b-9868-57a2d4851a1d" relativeResultsDirectory="b918b3c5-8e75-4e57-b73c-1fca02f6701f" />
    <UnitTestResult executionId="2ddeceaf-7634-47f8-9c04-9f8c20579947" testId="d9a71493-8a98-1ce2-4921-b216ae947c71" testName="SupportsDoubleClick_ShouldBeFalse_WhenInteractionStateIsNotNormalAndNotInSetupMode" computerName="DKSR-EFI-06" duration="00:00:00.0376802" startTime="2024-01-09T15:45:35.5450455+01:00" endTime="2024-01-09T15:45:35.5762936+01:00" testType="13cdc9d9-ddb5-4fa4-a97d-d965ccfc6d4b" outcome="Passed" testListId="8c84fa94-04c1-424b-9868-57a2d4851a1d" relativeResultsDirectory="2ddeceaf-7634-47f8-9c04-9f8c20579947" />
    <UnitTestResult executionId="2cc2873c-2811-45eb-a69b-c16718369bc4" testId="bc1d45b3-de40-0d4a-bd1b-d3b6d235d5d4" testName="RetrieveBookmarks_WhereBookmarkTriggerTimesAreOutsideBeginEnd_AndSomeBookmarksAreExcluded" computerName="DKSR-EFI-06" duration="00:00:00.0472980" startTime="2024-01-09T15:47:12.7076983+01:00" endTime="2024-01-09T15:47:12.7545827+01:00" testType="13cdc9d9-ddb5-4fa4-a97d-d965ccfc6d4b" outcome="Passed" testListId="8c84fa94-04c1-424b-9868-57a2d4851a1d" relativeResultsDirectory="2cc2873c-2811-45eb-a69b-c16718369bc4" />
    <UnitTestResult executionId="1f5d2681-83da-46cc-af2f-1300d8799654" testId="814ca95b-3749-a755-e5cd-7c6f8bffd2b6" testName="DeserializeBrokenState_Fail" computerName="DKSR-EFI-06" duration="00:00:00.0078341" startTime="2024-01-09T15:47:19.4744815+01:00" endTime="2024-01-09T15:47:19.4744815+01:00" testType="13cdc9d9-ddb5-4fa4-a97d-d965ccfc6d4b" outcome="Passed" testListId="8c84fa94-04c1-424b-9868-57a2d4851a1d" relativeResultsDirectory="1f5d2681-83da-46cc-af2f-1300d8799654" />
    <UnitTestResult executionId="d6423b78-043b-4f02-a6cd-29b4e7e404d1" testId="6bf98392-1073-05ae-8e9e-5a0aa6674b1b" testName="ToUnsafeName_SingleNonKeywordName_Success" computerName="DKSR-EFI-06" duration="00:00:00.0001125" startTime="2024-01-09T15:47:17.6616992+01:00" endTime="2024-01-09T15:47:17.6616992+01:00" testType="13cdc9d9-ddb5-4fa4-a97d-d965ccfc6d4b" outcome="Passed" testListId="8c84fa94-04c1-424b-9868-57a2d4851a1d" relativeResultsDirectory="d6423b78-043b-4f02-a6cd-29b4e7e404d1" />
    <UnitTestResult executionId="73350d90-dab5-4722-a3c4-1d74356db649" testId="d47eb9ec-3b5d-0e31-8fe7-d1a0340bf1c0" testName="UpdateScope_RelativeScopeDurationToTimeChanged_ReturnsFalse" computerName="DKSR-EFI-06" duration="00:00:00.0002396" startTime="2024-01-09T15:46:45.2790842+01:00" endTime="2024-01-09T15:46:45.2790842+01:00" testType="13cdc9d9-ddb5-4fa4-a97d-d965ccfc6d4b" outcome="Passed" testListId="8c84fa94-04c1-424b-9868-57a2d4851a1d" relativeResultsDirectory="73350d90-dab5-4722-a3c4-1d74356db649" />
    <UnitTestResult executionId="60c87785-fab5-460e-9804-474b677d1509" testId="374542b4-887c-5193-c1b0-f2e6d543faf3" testName="TryAddInterval_ShouldReturnCorrectValue (True,True,Success)" computerName="DKSR-EFI-06" duration="00:00:00.0209341" startTime="2024-01-09T15:47:11.3792841+01:00" endTime="2024-01-09T15:47:11.4105984+01:00" testType="13cdc9d9-ddb5-4fa4-a97d-d965ccfc6d4b" outcome="Passed" testListId="8c84fa94-04c1-424b-9868-57a2d4851a1d" relativeResultsDirectory="60c87785-fab5-460e-9804-474b677d1509" />
    <UnitTestResult executionId="9f67080d-093b-4610-ab9b-52f21b821d9a" testId="03176de6-d0a5-5d83-9bd0-bdcb94c2ab49" testName="Compare_NullVsNotNull_GreaterThan" computerName="DKSR-EFI-06" duration="00:00:00.0001969" startTime="2024-01-09T15:46:45.4666209+01:00" endTime="2024-01-09T15:46:45.4666209+01:00" testType="13cdc9d9-ddb5-4fa4-a97d-d965ccfc6d4b" outcome="Passed" testListId="8c84fa94-04c1-424b-9868-57a2d4851a1d" relativeResultsDirectory="9f67080d-093b-4610-ab9b-52f21b821d9a" />
    <UnitTestResult executionId="0a27558a-ad08-4b6b-bc0e-90d52e339dd3" testId="d7701d8e-231a-34c8-92a1-08bab8594154" testName="BuildMapOptions_ShouldHandleEnumOptionsCorrectly (GisMapOpenStreetMapGeographicLayer,Unavailable,False)" computerName="DKSR-EFI-06" duration="00:00:00.0009780" startTime="2024-01-09T15:47:17.4272949+01:00" endTime="2024-01-09T15:47:17.4272949+01:00" testType="13cdc9d9-ddb5-4fa4-a97d-d965ccfc6d4b" outcome="Passed" testListId="8c84fa94-04c1-424b-9868-57a2d4851a1d" relativeResultsDirectory="0a27558a-ad08-4b6b-bc0e-90d52e339dd3" />
    <UnitTestResult executionId="9e3fc988-5e67-4d91-bfd0-1f45bbc481e4" testId="45f53e24-e644-c161-a854-8f98e8cdbf61" testName="DisplayErrorOnNotificationArea_UnknownSearchError_LoggingDisabled_Success" computerName="DKSR-EFI-06" duration="00:00:00.0099273" startTime="2024-01-09T15:46:38.3714173+01:00" endTime="2024-01-09T15:46:38.3714173+01:00" testType="13cdc9d9-ddb5-4fa4-a97d-d965ccfc6d4b" outcome="Passed" testListId="8c84fa94-04c1-424b-9868-57a2d4851a1d" relativeResultsDirectory="9e3fc988-5e67-4d91-bfd0-1f45bbc481e4" />
    <UnitTestResult executionId="8d4f3dcd-aa02-4d40-a962-50a3bee59b7c" testId="88e52a12-1a52-4078-5db4-c86ba1c3b447" testName="Map_AddExtraBackgroundLayer_Success" computerName="DKSR-EFI-06" duration="00:00:00.0738577" startTime="2024-01-09T15:47:03.7677125+01:00" endTime="2024-01-09T15:47:03.8302298+01:00" testType="13cdc9d9-ddb5-4fa4-a97d-d965ccfc6d4b" outcome="Passed" testListId="8c84fa94-04c1-424b-9868-57a2d4851a1d" relativeResultsDirectory="8d4f3dcd-aa02-4d40-a962-50a3bee59b7c" />
    <UnitTestResult executionId="1aae0702-eaca-4421-81bb-a1c0b17945f3" testId="c179356e-fb95-bde9-7e42-099773116f5f" testName="ShouldCameraListItemBeEnabledForCamera_ShouldReturnTrue" computerName="DKSR-EFI-06" duration="00:00:00.0004347" startTime="2024-01-09T15:47:00.4389987+01:00" endTime="2024-01-09T15:47:00.4389987+01:00" testType="13cdc9d9-ddb5-4fa4-a97d-d965ccfc6d4b" outcome="Passed" testListId="8c84fa94-04c1-424b-9868-57a2d4851a1d" relativeResultsDirectory="1aae0702-eaca-4421-81bb-a1c0b17945f3" />
    <UnitTestResult executionId="119f5d67-51a5-462f-a607-c19e69b6378c" testId="d267b36b-f7e7-25e9-6fde-c14a7c8d614c" testName="FilterValueHasRegionSelectionForCamera_ShouldReturnTrue_WhenFilterValueDoesHaveRegionSelectionForCamera" computerName="DKSR-EFI-06" duration="00:00:00.0006192" startTime="2024-01-09T15:47:00.4389987+01:00" endTime="2024-01-09T15:47:00.4389987+01:00" testType="13cdc9d9-ddb5-4fa4-a97d-d965ccfc6d4b" outcome="Passed" testListId="8c84fa94-04c1-424b-9868-57a2d4851a1d" relativeResultsDirectory="119f5d67-51a5-462f-a607-c19e69b6378c" />
    <UnitTestResult executionId="7c748d81-574d-4e1a-bf88-db52c712f55b" testId="574bf290-6995-ff93-7ee5-b70a6ace7d84" testName="Compare_SameBeginTimeDeterministicBehavior_HashCode_Success" computerName="DKSR-EFI-06" duration="00:00:00.0017107" startTime="2024-01-09T15:46:45.4353693+01:00" endTime="2024-01-09T15:46:45.4353693+01:00" testType="13cdc9d9-ddb5-4fa4-a97d-d965ccfc6d4b" outcome="Passed" testListId="8c84fa94-04c1-424b-9868-57a2d4851a1d" relativeResultsDirectory="7c748d81-574d-4e1a-bf88-db52c712f55b" />
    <UnitTestResult executionId="6bf3a00f-d79f-464f-885b-b2c10f21646c" testId="b5ee2c9c-1f7c-6f06-e4ae-c68c87fb3f67" testName="DeleteBookmarksAsync_DeleteBookmark_ServerError_ErrorRaised" computerName="DKSR-EFI-06" duration="00:00:00.0040013" startTime="2024-01-09T15:46:34.4327734+01:00" endTime="2024-01-09T15:46:34.4327734+01:00" testType="13cdc9d9-ddb5-4fa4-a97d-d965ccfc6d4b" outcome="Passed" testListId="8c84fa94-04c1-424b-9868-57a2d4851a1d" relativeResultsDirectory="6bf3a00f-d79f-464f-885b-b2c10f21646c" />
    <UnitTestResult executionId="e45893cf-b5cb-4997-8deb-f4153b21bfaa" testId="e0503f8a-eae1-c2d9-bbae-ed3d40256258" testName="GetBoundingShapesForMetadataObjectsAsync_ShouldIgnoreMetadataObject_WhenRequestedTimeIsOutsideMetadataTimespan" computerName="DKSR-EFI-06" duration="00:00:00.0088488" startTime="2024-01-09T15:46:43.7788334+01:00" endTime="2024-01-09T15:46:43.7944607+01:00" testType="13cdc9d9-ddb5-4fa4-a97d-d965ccfc6d4b" outcome="Passed" testListId="8c84fa94-04c1-424b-9868-57a2d4851a1d" relativeResultsDirectory="e45893cf-b5cb-4997-8deb-f4153b21bfaa" />
    <UnitTestResult executionId="ad94deb1-67ab-48c2-9f19-e155e01a6f19" testId="d84399e7-2094-11f2-58a1-ad3cf8b39c94" testName="IconTooltip_ShouldBeValid_WhenInteractionStateIsAddInput" computerName="DKSR-EFI-06" duration="00:00:00.0005529" startTime="2024-01-09T15:45:31.0294169+01:00" endTime="2024-01-09T15:45:31.0294169+01:00" testType="13cdc9d9-ddb5-4fa4-a97d-d965ccfc6d4b" outcome="Passed" testListId="8c84fa94-04c1-424b-9868-57a2d4851a1d" relativeResultsDirectory="ad94deb1-67ab-48c2-9f19-e155e01a6f19" />
    <UnitTestResult executionId="a1478383-d906-4ebe-bcb8-5209636f9544" testId="73bd23e6-7d5d-17da-f712-c442eb016e35" testName="GetServerTiles_ShouldReturnCorrectServerTilesWithSingleServerTest" computerName="DKSR-EFI-06" duration="00:00:00.0057772" startTime="2024-01-09T15:47:13.6922637+01:00" endTime="2024-01-09T15:47:13.6922637+01:00" testType="13cdc9d9-ddb5-4fa4-a97d-d965ccfc6d4b" outcome="Passed" testListId="8c84fa94-04c1-424b-9868-57a2d4851a1d" relativeResultsDirectory="a1478383-d906-4ebe-bcb8-5209636f9544" />
    <UnitTestResult executionId="85ff28a9-0e62-46bf-aec3-c3438c83c758" testId="f472fa58-6e18-42be-4063-867fef6b02e5" testName="AddResults_IncludePartialResults_TwoPartialResult_Success" computerName="DKSR-EFI-06" duration="00:00:00.0024144" startTime="2024-01-09T15:46:45.2322105+01:00" endTime="2024-01-09T15:46:45.2322105+01:00" testType="13cdc9d9-ddb5-4fa4-a97d-d965ccfc6d4b" outcome="Passed" testListId="8c84fa94-04c1-424b-9868-57a2d4851a1d" relativeResultsDirectory="85ff28a9-0e62-46bf-aec3-c3438c83c758" />
    <UnitTestResult executionId="b2280f8b-a230-4d4f-ab25-c03ac7d12410" testId="63448ae4-3822-6161-d46b-a6dd1dfe44fd" testName="SupportsDoubleClick_ShouldBeFalse_WhenInteractionStateIsNotNormalAndNotInSetupMode" computerName="DKSR-EFI-06" duration="00:00:00.0317699" startTime="2024-01-09T15:45:34.8106686+01:00" endTime="2024-01-09T15:45:34.8419227+01:00" testType="13cdc9d9-ddb5-4fa4-a97d-d965ccfc6d4b" outcome="Passed" testListId="8c84fa94-04c1-424b-9868-57a2d4851a1d" relativeResultsDirectory="b2280f8b-a230-4d4f-ab25-c03ac7d12410" />
    <UnitTestResult executionId="e5625208-ac88-47d7-97a3-ebdd9992fd31" testId="910648d0-f58e-b40c-710a-20818471b114" testName="ServerAuthentication_ShouldReturnLegacyWindowsCurrentUser_WhenConstructedUsingWindowsDefault" computerName="DKSR-EFI-06" duration="00:00:00.0002912" startTime="2024-01-09T15:45:20.2637846+01:00" endTime="2024-01-09T15:45:20.2637846+01:00" testType="13cdc9d9-ddb5-4fa4-a97d-d965ccfc6d4b" outcome="Passed" testListId="8c84fa94-04c1-424b-9868-57a2d4851a1d" relativeResultsDirectory="e5625208-ac88-47d7-97a3-ebdd9992fd31" />
    <UnitTestResult executionId="c30aa86e-c526-4c4c-8dd8-566bed71ea6c" testId="7ce02435-55dc-be77-8a7d-085f35894996" testName="PatrollingPresetViewModel_Constructor_1_Success" computerName="DKSR-EFI-06" duration="00:00:00.0008028" startTime="2024-01-09T15:47:09.3319268+01:00" endTime="2024-01-09T15:47:09.3319268+01:00" testType="13cdc9d9-ddb5-4fa4-a97d-d965ccfc6d4b" outcome="Passed" testListId="8c84fa94-04c1-424b-9868-57a2d4851a1d" relativeResultsDirectory="c30aa86e-c526-4c4c-8dd8-566bed71ea6c" />
    <UnitTestResult executionId="ab15e7a4-a1b2-4c35-b29f-39eb10f97d5d" testId="d0c51da7-1dd7-d068-f152-d898ea188859" testName="GetItemsIn_BuildingNoLevels_EdgeItem" computerName="DKSR-EFI-06" duration="00:00:00.0530058" startTime="2024-01-09T15:47:08.5817215+01:00" endTime="2024-01-09T15:47:08.6286083+01:00" testType="13cdc9d9-ddb5-4fa4-a97d-d965ccfc6d4b" outcome="Passed" testListId="8c84fa94-04c1-424b-9868-57a2d4851a1d" relativeResultsDirectory="ab15e7a4-a1b2-4c35-b29f-39eb10f97d5d" />
    <UnitTestResult executionId="8b488cda-8793-4438-aad6-3d4a2e6a665a" testId="8005e8bb-64fd-8f7e-b8b0-c5f3354ecb07" testName="DateToStringConverter_SingleConvertValidInput_Success" computerName="DKSR-EFI-06" duration="00:00:00.0010733" startTime="2024-01-09T15:46:14.2867522+01:00" endTime="2024-01-09T15:46:14.2867522+01:00" testType="13cdc9d9-ddb5-4fa4-a97d-d965ccfc6d4b" outcome="Passed" testListId="8c84fa94-04c1-424b-9868-57a2d4851a1d" relativeResultsDirectory="8b488cda-8793-4438-aad6-3d4a2e6a665a" />
    <UnitTestResult executionId="4e959d3b-318c-4bfe-8f0c-c2f2151d56c7" testId="e27c79a9-96f0-c6eb-4cec-029a6b6b7927" testName="Passwords are not the same, higher length" computerName="DKSR-EFI-06" duration="00:00:00.0002362" startTime="2024-01-09T15:45:44.4672891+01:00" endTime="2024-01-09T15:45:44.4672891+01:00" testType="13cdc9d9-ddb5-4fa4-a97d-d965ccfc6d4b" outcome="Passed" testListId="8c84fa94-04c1-424b-9868-57a2d4851a1d" relativeResultsDirectory="4e959d3b-318c-4bfe-8f0c-c2f2151d56c7" />
    <UnitTestResult executionId="81948de0-cbde-485e-b8c5-02fb4ad07e30" testId="2f70380e-1d07-1023-936c-dd584dd81a70" testName="CreateUniqeNameTest" computerName="DKSR-EFI-06" duration="00:00:00.0015980" startTime="2024-01-09T15:47:15.5519816+01:00" endTime="2024-01-09T15:47:15.5519816+01:00" testType="13cdc9d9-ddb5-4fa4-a97d-d965ccfc6d4b" outcome="Passed" testListId="8c84fa94-04c1-424b-9868-57a2d4851a1d" relativeResultsDirectory="81948de0-cbde-485e-b8c5-02fb4ad07e30" />
    <UnitTestResult executionId="8638959c-95a6-4d2c-8c1b-ecc0905c4efd" testId="a233d66c-f313-1e74-e181-b2dafdf7eda1" testName="BindingModelTitle_ReactsTo_PluginInstanceTitleUpdate" computerName="DKSR-EFI-06" duration="00:00:00.0019196" startTime="2024-01-09T15:47:12.0356806+01:00" endTime="2024-01-09T15:47:12.0356806+01:00" testType="13cdc9d9-ddb5-4fa4-a97d-d965ccfc6d4b" outcome="Passed" testListId="8c84fa94-04c1-424b-9868-57a2d4851a1d" relativeResultsDirectory="8638959c-95a6-4d2c-8c1b-ecc0905c4efd" />
    <UnitTestResult executionId="8a7f028e-bd4c-4390-a100-e594c9f9af6c" testId="e998f77e-77b2-7e10-d8db-3813eb8031aa" testName="GetClusters_ThreeInitialItems_ClustersForInitialItems (Data Row 4)" computerName="DKSR-EFI-06" duration="00:00:00.0085307" startTime="2024-01-09T15:47:08.8161554+01:00" endTime="2024-01-09T15:47:09.0037088+01:00" testType="13cdc9d9-ddb5-4fa4-a97d-d965ccfc6d4b" outcome="Passed" testListId="8c84fa94-04c1-424b-9868-57a2d4851a1d" relativeResultsDirectory="8a7f028e-bd4c-4390-a100-e594c9f9af6c" />
    <UnitTestResult executionId="c9b92c9a-5e1d-4782-a40a-06b580bb019c" testId="4efc28b2-fe1f-f63d-e78f-1c7f34702762" testName="ResolveSearchDefinitions_ShouldReturnResultSearchDefinition_WhenCombinedSearchResultWithSingleSubResultAndNullSearchDefinitionsAreGiven" computerName="DKSR-EFI-06" duration="00:00:00.0045506" startTime="2024-01-09T15:46:43.9038595+01:00" endTime="2024-01-09T15:46:43.9194850+01:00" testType="13cdc9d9-ddb5-4fa4-a97d-d965ccfc6d4b" outcome="Passed" testListId="8c84fa94-04c1-424b-9868-57a2d4851a1d" relativeResultsDirectory="c9b92c9a-5e1d-4782-a40a-06b580bb019c" />
    <UnitTestResult executionId="e2252e5f-da91-45ca-b98e-64846589ab36" testId="eb8cc7fe-9fe8-0f19-c373-e4f56eaad478" testName="Close_ViewModelIsClosed" computerName="DKSR-EFI-06" duration="00:00:00.0089503" startTime="2024-01-09T15:45:43.6545211+01:00" endTime="2024-01-09T15:45:43.6545211+01:00" testType="13cdc9d9-ddb5-4fa4-a97d-d965ccfc6d4b" outcome="Passed" testListId="8c84fa94-04c1-424b-9868-57a2d4851a1d" relativeResultsDirectory="e2252e5f-da91-45ca-b98e-64846589ab36" />
    <UnitTestResult executionId="78bedfaa-ee1c-4928-b10c-adaafb610567" testId="f666c42d-aace-c940-638f-8ab4e58f4377" testName="SupportsRightClick_ShouldBeTrue_WhenInteractionStateIsNormal" computerName="DKSR-EFI-06" duration="00:00:00.0181704" startTime="2024-01-09T15:45:34.4044186+01:00" endTime="2024-01-09T15:45:34.4356718+01:00" testType="13cdc9d9-ddb5-4fa4-a97d-d965ccfc6d4b" outcome="Passed" testListId="8c84fa94-04c1-424b-9868-57a2d4851a1d" relativeResultsDirectory="78bedfaa-ee1c-4928-b10c-adaafb610567" />
    <UnitTestResult executionId="bc0bb12a-bd24-43ee-83c2-194dcee39c5f" testId="4f0f0f05-4e54-c98a-97cd-1164c4d7679e" testName="Constructor_ShouldRaiseArgumentNullException_WhenEventServerIdsIsNull" computerName="DKSR-EFI-06" duration="00:00:00.0013514" startTime="2024-01-09T15:47:19.2869338+01:00" endTime="2024-01-09T15:47:19.3025580+01:00" testType="13cdc9d9-ddb5-4fa4-a97d-d965ccfc6d4b" outcome="Passed" testListId="8c84fa94-04c1-424b-9868-57a2d4851a1d" relativeResultsDirectory="bc0bb12a-bd24-43ee-83c2-194dcee39c5f" />
    <UnitTestResult executionId="864701eb-c349-45d1-a960-f7d43a223bad" testId="abb67912-1d6f-1304-0ce6-d0a01fbfb2dc" testName="UpdateItemState_Hidden_WrongServerProtocol" computerName="DKSR-EFI-06" duration="00:00:00.0029847" startTime="2024-01-09T15:47:15.4738392+01:00" endTime="2024-01-09T15:47:15.4738392+01:00" testType="13cdc9d9-ddb5-4fa4-a97d-d965ccfc6d4b" outcome="Passed" testListId="8c84fa94-04c1-424b-9868-57a2d4851a1d" relativeResultsDirectory="864701eb-c349-45d1-a960-f7d43a223bad" />
    <UnitTestResult executionId="1b8bda68-1f01-4487-b46b-ab0875eab7ed" testId="e6a27a32-2825-5e2a-a774-c78b32a20322" testName="FetchDeviceConfiguration_ShouldNotLoadCache_WhenCacheFileIsPresentButFetchTypeIsOnlyServer" computerName="DKSR-EFI-06" duration="00:00:00.0023507" startTime="2024-01-09T15:47:17.3647863+01:00" endTime="2024-01-09T15:47:17.3647863+01:00" testType="13cdc9d9-ddb5-4fa4-a97d-d965ccfc6d4b" outcome="Passed" testListId="8c84fa94-04c1-424b-9868-57a2d4851a1d" relativeResultsDirectory="1b8bda68-1f01-4487-b46b-ab0875eab7ed" />
    <UnitTestResult executionId="6f88fd89-9854-429e-98e0-9035751468b9" testId="d8b08358-1787-7f72-e88b-c6b80ebec05d" testName="AddToExportTuples_ShouldReturnCorrectResult (1,1,1)" computerName="DKSR-EFI-06" duration="00:00:00.0042740" startTime="2024-01-09T15:47:11.5980838+01:00" endTime="2024-01-09T15:47:11.6137113+01:00" testType="13cdc9d9-ddb5-4fa4-a97d-d965ccfc6d4b" outcome="Passed" testListId="8c84fa94-04c1-424b-9868-57a2d4851a1d" relativeResultsDirectory="6f88fd89-9854-429e-98e0-9035751468b9" />
    <UnitTestResult executionId="6751838a-6512-4e37-bd26-60cb56e07ec3" testId="7e66b483-7a2b-eb7e-b3f4-08fdb2d87edb" testName="SaveSearchTemplateAsync_ActiveAndSaveFails_Success" computerName="DKSR-EFI-06" duration="00:00:00.0062588" startTime="2024-01-09T15:46:44.0132561+01:00" endTime="2024-01-09T15:46:44.0132561+01:00" testType="13cdc9d9-ddb5-4fa4-a97d-d965ccfc6d4b" outcome="Passed" testListId="8c84fa94-04c1-424b-9868-57a2d4851a1d" relativeResultsDirectory="6751838a-6512-4e37-bd26-60cb56e07ec3" />
    <UnitTestResult executionId="2c850417-a9b8-4774-8b2e-7c6154a42276" testId="e998f77e-77b2-7e10-d8db-3813eb8031aa" testName="GetClusters_ThreeInitialItems_ClustersForInitialItems (Data Row 11)" computerName="DKSR-EFI-06" duration="00:00:00.0110343" startTime="2024-01-09T15:47:08.8161554+01:00" endTime="2024-01-09T15:47:09.0037088+01:00" testType="13cdc9d9-ddb5-4fa4-a97d-d965ccfc6d4b" outcome="Passed" testListId="8c84fa94-04c1-424b-9868-57a2d4851a1d" relativeResultsDirectory="2c850417-a9b8-4774-8b2e-7c6154a42276" />
    <UnitTestResult executionId="4d4a75c3-41e9-4c82-a12b-5581b973ff20" testId="f64b2eb0-431a-6fbc-c692-f413cacfb737" testName="GetSLC_ShouldReturnEmptyString_WhenLicenseIsNull" computerName="DKSR-EFI-06" duration="00:00:00.0006792" startTime="2024-01-09T15:47:17.4116708+01:00" endTime="2024-01-09T15:47:17.4116708+01:00" testType="13cdc9d9-ddb5-4fa4-a97d-d965ccfc6d4b" outcome="Passed" testListId="8c84fa94-04c1-424b-9868-57a2d4851a1d" relativeResultsDirectory="4d4a75c3-41e9-4c82-a12b-5581b973ff20" />
    <UnitTestResult executionId="dc996ee1-8506-4bbd-8fe7-65cd16707f42" testId="a0e10027-a764-ad05-f981-a17a6b93cae5" testName="Constructor_ShouldRaiseArgumentNullException_WhenDeviceSelectorWindowViewModelIsNull" computerName="DKSR-EFI-06" duration="00:00:00.1981055" startTime="2024-01-09T15:45:25.4512901+01:00" endTime="2024-01-09T15:45:25.6544169+01:00" testType="13cdc9d9-ddb5-4fa4-a97d-d965ccfc6d4b" outcome="Passed" testListId="8c84fa94-04c1-424b-9868-57a2d4851a1d" relativeResultsDirectory="dc996ee1-8506-4bbd-8fe7-65cd16707f42" />
    <UnitTestResult executionId="9104eae6-9c52-476e-90c9-48a9a03068d9" testId="d7ec089c-29ea-169c-5410-9af8ec475d2d" testName="PopulateTooltip_FewResultsFromManyCameras24Hours_ValidText" computerName="DKSR-EFI-06" duration="00:00:00.3175436" startTime="2024-01-09T15:46:27.6029078+01:00" endTime="2024-01-09T15:46:27.9154656+01:00" testType="13cdc9d9-ddb5-4fa4-a97d-d965ccfc6d4b" outcome="Passed" testListId="8c84fa94-04c1-424b-9868-57a2d4851a1d" relativeResultsDirectory="9104eae6-9c52-476e-90c9-48a9a03068d9" />
    <UnitTestResult executionId="78ca784e-230c-495a-8f9d-9fbcfda22e8f" testId="b0e999aa-6f2d-cdfd-39f2-77fd8d2611be" testName="Compare_NotNullVsNull_LessThan" computerName="DKSR-EFI-06" duration="00:00:00.0001517" startTime="2024-01-09T15:46:45.4197375+01:00" endTime="2024-01-09T15:46:45.4197375+01:00" testType="13cdc9d9-ddb5-4fa4-a97d-d965ccfc6d4b" outcome="Passed" testListId="8c84fa94-04c1-424b-9868-57a2d4851a1d" relativeResultsDirectory="78ca784e-230c-495a-8f9d-9fbcfda22e8f" />
    <UnitTestResult executionId="d495f8ef-7901-49ff-b9d1-da9d0dafbf7d" testId="c26bcfcf-d6cf-eb3f-8de4-51157c9540bf" testName="CreateSearchTemplateAsync_ThrowTimeoutException_Success" computerName="DKSR-EFI-06" duration="00:00:00.0020460" startTime="2024-01-09T15:46:44.1539023+01:00" endTime="2024-01-09T15:46:44.1539023+01:00" testType="13cdc9d9-ddb5-4fa4-a97d-d965ccfc6d4b" outcome="Passed" testListId="8c84fa94-04c1-424b-9868-57a2d4851a1d" relativeResultsDirectory="d495f8ef-7901-49ff-b9d1-da9d0dafbf7d" />
    <UnitTestResult executionId="8c791f7b-047c-4043-a26f-09c82a18e93d" testId="d075e987-3000-b723-e176-5d1d494fc6f2" testName="ApplyStatesToUi_StateWithoutItemSize_UpdateItemSizeNotCalled" computerName="DKSR-EFI-06" duration="00:00:01.2361289" startTime="2024-01-09T15:46:01.7056186+01:00" endTime="2024-01-09T15:46:02.9404076+01:00" testType="13cdc9d9-ddb5-4fa4-a97d-d965ccfc6d4b" outcome="Passed" testListId="8c84fa94-04c1-424b-9868-57a2d4851a1d" relativeResultsDirectory="8c791f7b-047c-4043-a26f-09c82a18e93d" />
    <UnitTestResult executionId="6cca26ab-3133-4ae2-8203-6b069e7fb1e3" testId="0fc9e9bc-717c-57dc-ce36-115b2e3717aa" testName="SearchAction_BrowseMode_OneYearInThePast" computerName="DKSR-EFI-06" duration="00:00:00.0058204" startTime="2024-01-09T15:47:15.5050954+01:00" endTime="2024-01-09T15:47:15.5207282+01:00" testType="13cdc9d9-ddb5-4fa4-a97d-d965ccfc6d4b" outcome="Passed" testListId="8c84fa94-04c1-424b-9868-57a2d4851a1d" relativeResultsDirectory="6cca26ab-3133-4ae2-8203-6b069e7fb1e3" />
    <UnitTestResult executionId="23b350c4-9ee7-405b-9bd9-085cfd35af6c" testId="cd84e885-1918-e01a-687a-a984ec9c18f5" testName="LoadInitialState_InvalidState_ReturnsNewEmptyState" computerName="DKSR-EFI-06" duration="00:00:00.0072673" startTime="2024-01-09T15:45:44.8111449+01:00" endTime="2024-01-09T15:45:44.8111449+01:00" testType="13cdc9d9-ddb5-4fa4-a97d-d965ccfc6d4b" outcome="Passed" testListId="8c84fa94-04c1-424b-9868-57a2d4851a1d" relativeResultsDirectory="23b350c4-9ee7-405b-9bd9-085cfd35af6c" />
    <UnitTestResult executionId="e666f627-7ae8-462f-b325-4d79959aaf4e" testId="3faa4dab-caeb-2298-7011-c6556cbbddc1" testName="IsSuperCluster_ShouldReturnFalse_WhenMapItemsClusterIsNull" computerName="DKSR-EFI-06" duration="00:00:00.0485844" startTime="2024-01-09T15:45:37.6231672+01:00" endTime="2024-01-09T15:45:37.6700451+01:00" testType="13cdc9d9-ddb5-4fa4-a97d-d965ccfc6d4b" outcome="Passed" testListId="8c84fa94-04c1-424b-9868-57a2d4851a1d" relativeResultsDirectory="e666f627-7ae8-462f-b325-4d79959aaf4e" />
    <UnitTestResult executionId="e9fe72b9-7b87-45b2-926c-215c481541e2" testId="fdf9438a-27a4-c417-e139-bbc64b5e5709" testName="PtzSessionInfoDto_ShouldYieldSameValues_WhenRoundTripConverted" computerName="DKSR-EFI-06" duration="00:00:00.0070340" startTime="2024-01-09T15:45:09.0293828+01:00" endTime="2024-01-09T15:45:09.0450077+01:00" testType="13cdc9d9-ddb5-4fa4-a97d-d965ccfc6d4b" outcome="Passed" testListId="8c84fa94-04c1-424b-9868-57a2d4851a1d" relativeResultsDirectory="e9fe72b9-7b87-45b2-926c-215c481541e2" />
    <UnitTestResult executionId="97b041ba-aafe-4e34-9a88-7ef73cb699a3" testId="da581dbd-fdf9-2018-b5c2-8286b59a8ac1" testName="UpgradeToOAuth_ShouldUpgradeToSecureOAuth_WhenRequested" computerName="DKSR-EFI-06" duration="00:00:00.0029723" startTime="2024-01-09T15:45:20.2325375+01:00" endTime="2024-01-09T15:45:20.2325375+01:00" testType="13cdc9d9-ddb5-4fa4-a97d-d965ccfc6d4b" outcome="Passed" testListId="8c84fa94-04c1-424b-9868-57a2d4851a1d" relativeResultsDirectory="97b041ba-aafe-4e34-9a88-7ef73cb699a3" />
    <UnitTestResult executionId="959dbd7e-b779-481a-a10a-36fd27d8d036" testId="d2403e41-fe85-53e9-35b9-5ba516826082" testName="MapOutputIcons_WhenMilestoneOemResource_ShouldReturnTwoIcons" computerName="DKSR-EFI-06" duration="00:00:00.0169222" startTime="2024-01-09T15:47:16.6927978+01:00" endTime="2024-01-09T15:47:16.7084300+01:00" testType="13cdc9d9-ddb5-4fa4-a97d-d965ccfc6d4b" outcome="Passed" testListId="8c84fa94-04c1-424b-9868-57a2d4851a1d" relativeResultsDirectory="959dbd7e-b779-481a-a10a-36fd27d8d036" />
    <UnitTestResult executionId="3d73488b-0c26-4c3b-bc85-53f891da8915" testId="cbd28a6e-603b-cdc1-8dd3-9bb5df99a9b4" testName="Compare_NullVsNull_Equals" computerName="DKSR-EFI-06" duration="00:00:00.0003332" startTime="2024-01-09T15:46:45.4666209+01:00" endTime="2024-01-09T15:46:45.4666209+01:00" testType="13cdc9d9-ddb5-4fa4-a97d-d965ccfc6d4b" outcome="Passed" testListId="8c84fa94-04c1-424b-9868-57a2d4851a1d" relativeResultsDirectory="3d73488b-0c26-4c3b-bc85-53f891da8915" />
    <UnitTestResult executionId="044352bc-4ddd-4be7-89e4-3abc270acfd4" testId="64bb4b70-7e25-7afc-6d81-0c3474ed7a2b" testName="TimeLineInformationDataDto_ShouldYieldSameValues_WhenRoundTripConverted" computerName="DKSR-EFI-06" duration="00:00:00.0034921" startTime="2024-01-09T15:45:09.0606317+01:00" endTime="2024-01-09T15:45:09.0606317+01:00" testType="13cdc9d9-ddb5-4fa4-a97d-d965ccfc6d4b" outcome="Passed" testListId="8c84fa94-04c1-424b-9868-57a2d4851a1d" relativeResultsDirectory="044352bc-4ddd-4be7-89e4-3abc270acfd4" />
    <UnitTestResult executionId="924233cb-a700-4efb-a70d-e7f45aed494a" testId="b7bca108-da6d-1f8c-7ea5-81ba3e07496a" testName="DeleteMapItems_ShouldReturnTrue_WhenUserAcknowledgesDeletionOfSingleItem" computerName="DKSR-EFI-06" duration="00:00:00.0301067" startTime="2024-01-09T15:47:04.3304230+01:00" endTime="2024-01-09T15:47:04.3616837+01:00" testType="13cdc9d9-ddb5-4fa4-a97d-d965ccfc6d4b" outcome="Passed" testListId="8c84fa94-04c1-424b-9868-57a2d4851a1d" relativeResultsDirectory="924233cb-a700-4efb-a70d-e7f45aed494a" />
    <UnitTestResult executionId="3f008f89-0ef8-4e8b-acf2-9dcf6e7c9ffd" testId="568e27a2-2d92-2560-0d4d-7360cf22e5e8" testName="GetItemsIn_BuildingNoLevels_Returns2Items" computerName="DKSR-EFI-06" duration="00:00:00.0500822" startTime="2024-01-09T15:47:08.1909877+01:00" endTime="2024-01-09T15:47:08.2378761+01:00" testType="13cdc9d9-ddb5-4fa4-a97d-d965ccfc6d4b" outcome="Passed" testListId="8c84fa94-04c1-424b-9868-57a2d4851a1d" relativeResultsDirectory="3f008f89-0ef8-4e8b-acf2-9dcf6e7c9ffd" />
    <UnitTestResult executionId="f660e427-a4e2-4151-9a7f-e84fd3687a80" testId="299b8bc8-9ed0-5ee6-8aa2-46e5da15a4a2" testName="UserHasEditPublicSearchPermission_HasEditPermission_ReturnsTrue" computerName="DKSR-EFI-06" duration="00:00:00.0004940" startTime="2024-01-09T15:46:44.0913889+01:00" endTime="2024-01-09T15:46:44.0913889+01:00" testType="13cdc9d9-ddb5-4fa4-a97d-d965ccfc6d4b" outcome="Passed" testListId="8c84fa94-04c1-424b-9868-57a2d4851a1d" relativeResultsDirectory="f660e427-a4e2-4151-9a7f-e84fd3687a80" />
    <UnitTestResult executionId="4eee92c0-11d3-4fb7-b2b0-10a4957b237a" testId="76aaeca3-fba5-a4e3-743c-70ebeb58a048" testName="GetSearchReportDialog_SelectedSearchResults_MultiResults_Success" computerName="DKSR-EFI-06" duration="00:00:00.0933404" startTime="2024-01-09T15:46:38.9496977+01:00" endTime="2024-01-09T15:46:39.0434674+01:00" testType="13cdc9d9-ddb5-4fa4-a97d-d965ccfc6d4b" outcome="Passed" testListId="8c84fa94-04c1-424b-9868-57a2d4851a1d" relativeResultsDirectory="4eee92c0-11d3-4fb7-b2b0-10a4957b237a" />
    <UnitTestResult executionId="83b971be-22d5-4255-81df-b9d18965779b" testId="52501ffb-ac7e-ad78-d1e0-6621a5b53480" testName="GetGisMapLayerFlyoutName_ShouldRaiseArgumentNullException_WhenOptionManagerIsNull" computerName="DKSR-EFI-06" duration="00:00:00.0004973" startTime="2024-01-09T15:47:07.2376036+01:00" endTime="2024-01-09T15:47:07.2532230+01:00" testType="13cdc9d9-ddb5-4fa4-a97d-d965ccfc6d4b" outcome="Passed" testListId="8c84fa94-04c1-424b-9868-57a2d4851a1d" relativeResultsDirectory="83b971be-22d5-4255-81df-b9d18965779b" />
    <UnitTestResult executionId="14ab0d6d-12f3-42af-8677-4ca1e07258db" testId="a4234a76-75fb-b47f-57a5-6def17414cfd" testName="UpdateScope_AbsoluteScopeDurationToTimeChanged_ReturnsTrue" computerName="DKSR-EFI-06" duration="00:00:00.0002163" startTime="2024-01-09T15:46:45.2790842+01:00" endTime="2024-01-09T15:46:45.2790842+01:00" testType="13cdc9d9-ddb5-4fa4-a97d-d965ccfc6d4b" outcome="Passed" testListId="8c84fa94-04c1-424b-9868-57a2d4851a1d" relativeResultsDirectory="14ab0d6d-12f3-42af-8677-4ca1e07258db" />
    <UnitTestResult executionId="4b87d294-6d14-437d-8062-f62b6806cb9b" testId="895eb9fc-2343-3650-d2d8-97e69df3493b" testName="RaiseUpdateMutedMicrophonesAsync_ShouldMutedMicrophones_WhenEventIsRaised" computerName="DKSR-EFI-06" duration="00:00:00.0164377" startTime="2024-01-09T15:47:03.0800172+01:00" endTime="2024-01-09T15:47:03.0956517+01:00" testType="13cdc9d9-ddb5-4fa4-a97d-d965ccfc6d4b" outcome="Passed" testListId="8c84fa94-04c1-424b-9868-57a2d4851a1d" relativeResultsDirectory="4b87d294-6d14-437d-8062-f62b6806cb9b" />
    <UnitTestResult executionId="c765bca1-a186-4915-9619-a17d377e5650" testId="ca24c09d-a214-cd57-9506-eb63722a25cc" testName="UpdateHomeLocationInModel_HomeLocationId_NoUpdated_DragDataSet_Succes" computerName="DKSR-EFI-06" duration="00:00:00.2761193" startTime="2024-01-09T15:45:24.4669154+01:00" endTime="2024-01-09T15:45:24.7481632+01:00" testType="13cdc9d9-ddb5-4fa4-a97d-d965ccfc6d4b" outcome="Passed" testListId="8c84fa94-04c1-424b-9868-57a2d4851a1d" relativeResultsDirectory="c765bca1-a186-4915-9619-a17d377e5650" />
    <UnitTestResult executionId="072738c9-8f74-46f0-a7ca-779b3665c8d7" testId="6f750899-6999-d05b-77b7-f266affebcca" testName="Deserialize_FilterMissing_Error" computerName="DKSR-EFI-06" duration="00:00:00.0016094" startTime="2024-01-09T15:46:45.5603886+01:00" endTime="2024-01-09T15:46:45.5603886+01:00" testType="13cdc9d9-ddb5-4fa4-a97d-d965ccfc6d4b" outcome="Passed" testListId="8c84fa94-04c1-424b-9868-57a2d4851a1d" relativeResultsDirectory="072738c9-8f74-46f0-a7ca-779b3665c8d7" />
    <UnitTestResult executionId="e9690273-bb84-495c-8438-847610400dbe" testId="de8654eb-af61-aa53-49f9-84c165fb21f5" testName="CreateItemUserControl_SingleSearchResultDataWrapperParameter_ControlCreatedAndInitialized" computerName="DKSR-EFI-06" duration="00:00:01.6923021" startTime="2024-01-09T15:45:48.7809967+01:00" endTime="2024-01-09T15:45:50.4845132+01:00" testType="13cdc9d9-ddb5-4fa4-a97d-d965ccfc6d4b" outcome="Passed" testListId="8c84fa94-04c1-424b-9868-57a2d4851a1d" relativeResultsDirectory="e9690273-bb84-495c-8438-847610400dbe" />
    <UnitTestResult executionId="0733a6c2-84bb-46bc-beac-5e077d5d4d1a" testId="62bfa639-11d3-81b7-beea-8fc58ddae302" testName="BuildState_SelectionWithSingleSearchDefinition_Success" computerName="DKSR-EFI-06" duration="00:00:00.0124459" startTime="2024-01-09T15:45:44.9830729+01:00" endTime="2024-01-09T15:45:44.9830729+01:00" testType="13cdc9d9-ddb5-4fa4-a97d-d965ccfc6d4b" outcome="Passed" testListId="8c84fa94-04c1-424b-9868-57a2d4851a1d" relativeResultsDirectory="0733a6c2-84bb-46bc-beac-5e077d5d4d1a" />
    <UnitTestResult executionId="ac7c5ccf-3671-466d-a7c2-c5f66400d3ef" testId="e0ddb94a-4c42-ee26-7803-7c8bb915b98c" testName="CreateExportDialog_CanCreateExport_WhenOnlyExportToOpticsAndInvalidExportPath" computerName="DKSR-EFI-06" duration="00:00:00.0152912" startTime="2024-01-09T15:45:42.7012966+01:00" endTime="2024-01-09T15:45:42.7169223+01:00" testType="13cdc9d9-ddb5-4fa4-a97d-d965ccfc6d4b" outcome="Passed" testListId="8c84fa94-04c1-424b-9868-57a2d4851a1d" relativeResultsDirectory="ac7c5ccf-3671-466d-a7c2-c5f66400d3ef" />
    <UnitTestResult executionId="05dbdada-1418-4bf4-a90c-4e48b5d883ae" testId="06afff30-aa98-f03f-ebfe-83961e8caf5d" testName="ButtonVisibilityProperties_ShouldSetPropertyValues_WhenPropertiesLoaded" computerName="DKSR-EFI-06" duration="00:00:00.0073920" startTime="2024-01-09T15:45:25.4512901+01:00" endTime="2024-01-09T15:45:25.4512901+01:00" testType="13cdc9d9-ddb5-4fa4-a97d-d965ccfc6d4b" outcome="Passed" testListId="8c84fa94-04c1-424b-9868-57a2d4851a1d" relativeResultsDirectory="05dbdada-1418-4bf4-a90c-4e48b5d883ae" />
    <UnitTestResult executionId="43dba3c9-5ce7-41ff-9f81-353bfb02f6aa" testId="7cca3648-ef13-49f1-5ab9-9d7801242c93" testName="AddSelectedWindowsToExport_ShouldAddToExportData (0)" computerName="DKSR-EFI-06" duration="00:00:00.0079899" startTime="2024-01-09T15:47:11.7543629+01:00" endTime="2024-01-09T15:47:11.7543629+01:00" testType="13cdc9d9-ddb5-4fa4-a97d-d965ccfc6d4b" outcome="Passed" testListId="8c84fa94-04c1-424b-9868-57a2d4851a1d" relativeResultsDirectory="43dba3c9-5ce7-41ff-9f81-353bfb02f6aa" />
    <UnitTestResult executionId="4a765624-34ca-4a54-bcda-89d05d4cfe22" testId="7df9b500-6856-6e35-de99-08c43bb682f1" testName="TestForAssemblyCoverage" computerName="DKSR-EFI-06" duration="00:00:00.0055303" startTime="2024-01-09T15:45:21.4512868+01:00" endTime="2024-01-09T15:45:21.4512868+01:00" testType="13cdc9d9-ddb5-4fa4-a97d-d965ccfc6d4b" outcome="Passed" testListId="8c84fa94-04c1-424b-9868-57a2d4851a1d" relativeResultsDirectory="4a765624-34ca-4a54-bcda-89d05d4cfe22" />
    <UnitTestResult executionId="8dc472d1-2fb3-47c1-a888-b87ba1768dd2" testId="6b9d0101-5179-e1bc-9826-482bb244b50e" testName="CameraItemsLayer_NotIsGeographic_Save_Success" computerName="DKSR-EFI-06" duration="00:00:00.0136994" startTime="2024-01-09T15:47:01.3922711+01:00" endTime="2024-01-09T15:47:01.4079068+01:00" testType="13cdc9d9-ddb5-4fa4-a97d-d965ccfc6d4b" outcome="Passed" testListId="8c84fa94-04c1-424b-9868-57a2d4851a1d" relativeResultsDirectory="8dc472d1-2fb3-47c1-a888-b87ba1768dd2" />
    <UnitTestResult executionId="2cec767b-a7f9-465a-a350-1e06e5cc6a06" testId="c1d7928e-75c0-4c88-3fea-e132fd775b5e" testName="PatrollingProfileViewModelTest_patrollingProfileViewModel_PropertyChanged" computerName="DKSR-EFI-06" duration="00:00:00.0017783" startTime="2024-01-09T15:47:09.5038418+01:00" endTime="2024-01-09T15:47:09.5038418+01:00" testType="13cdc9d9-ddb5-4fa4-a97d-d965ccfc6d4b" outcome="Passed" testListId="8c84fa94-04c1-424b-9868-57a2d4851a1d" relativeResultsDirectory="2cec767b-a7f9-465a-a350-1e06e5cc6a06" />
    <UnitTestResult executionId="c90e849b-54a7-43fd-b8d5-560477d52527" testId="d3e820a3-4350-83fc-1d0e-9c98ed12693d" testName="PatrollingProfileViewModelTest_Save_CreateProfile_Failed" computerName="DKSR-EFI-06" duration="00:00:00.0034805" startTime="2024-01-09T15:47:09.5819894+01:00" endTime="2024-01-09T15:47:09.5819894+01:00" testType="13cdc9d9-ddb5-4fa4-a97d-d965ccfc6d4b" outcome="Passed" testListId="8c84fa94-04c1-424b-9868-57a2d4851a1d" relativeResultsDirectory="c90e849b-54a7-43fd-b8d5-560477d52527" />
    <UnitTestResult executionId="009db9e3-953f-494a-b855-c2141054a65d" testId="17c23f4a-d1aa-c7f2-4b0c-28e098799329" testName="GetServerTypes_ShouldReturnMobileServerType" computerName="DKSR-EFI-06" duration="00:00:00.0003537" startTime="2024-01-09T15:47:13.5828638+01:00" endTime="2024-01-09T15:47:13.5828638+01:00" testType="13cdc9d9-ddb5-4fa4-a97d-d965ccfc6d4b" outcome="Passed" testListId="8c84fa94-04c1-424b-9868-57a2d4851a1d" relativeResultsDirectory="009db9e3-953f-494a-b855-c2141054a65d" />
    <UnitTestResult executionId="bd35c5df-7cbf-4c8a-a4d6-3a8aed594667" testId="77d0e63a-0772-b03a-0b99-eeaeb962de64" testName="FindSearchTemplatesAsync_ThrowTimeoutException_Success" computerName="DKSR-EFI-06" duration="00:00:00.0017807" startTime="2024-01-09T15:46:44.3570614+01:00" endTime="2024-01-09T15:46:44.3570614+01:00" testType="13cdc9d9-ddb5-4fa4-a97d-d965ccfc6d4b" outcome="Passed" testListId="8c84fa94-04c1-424b-9868-57a2d4851a1d" relativeResultsDirectory="bd35c5df-7cbf-4c8a-a4d6-3a8aed594667" />
    <UnitTestResult executionId="7895f0d7-2feb-4fcc-a8b6-9197a43fb5a3" testId="1dfcecbd-375a-81ed-2ce9-6d3e61013acd" testName="RightButtonDown_DoubleClickNoZoomHandler_DoesNotCrash" computerName="DKSR-EFI-06" duration="00:00:00.0076052" startTime="2024-01-09T15:45:31.2012937+01:00" endTime="2024-01-09T15:45:31.2012937+01:00" testType="13cdc9d9-ddb5-4fa4-a97d-d965ccfc6d4b" outcome="Passed" testListId="8c84fa94-04c1-424b-9868-57a2d4851a1d" relativeResultsDirectory="7895f0d7-2feb-4fcc-a8b6-9197a43fb5a3" />
    <UnitTestResult executionId="26e2d704-0a12-4c83-9799-cfd18a92d220" testId="0352ab5e-ef5f-b291-c33f-bb3ed2d6f909" testName="AutomationId_ShouldBeValid_WhenInteractionStateIsAddMicrophone" computerName="DKSR-EFI-06" duration="00:00:00.0002976" startTime="2024-01-09T15:45:31.1075435+01:00" endTime="2024-01-09T15:45:31.1075435+01:00" testType="13cdc9d9-ddb5-4fa4-a97d-d965ccfc6d4b" outcome="Passed" testListId="8c84fa94-04c1-424b-9868-57a2d4851a1d" relativeResultsDirectory="26e2d704-0a12-4c83-9799-cfd18a92d220" />
    <UnitTestResult executionId="30d2067e-99dc-4986-9e0f-7247e07ce02d" testId="4857c902-d3db-1acf-7754-f8c2fceb17a8" testName="AddItems_EmptyCollection_NoClusterChanges" computerName="DKSR-EFI-06" duration="00:00:00.0074105" startTime="2024-01-09T15:47:09.2381415+01:00" endTime="2024-01-09T15:47:09.2537759+01:00" testType="13cdc9d9-ddb5-4fa4-a97d-d965ccfc6d4b" outcome="Passed" testListId="8c84fa94-04c1-424b-9868-57a2d4851a1d" relativeResultsDirectory="30d2067e-99dc-4986-9e0f-7247e07ce02d" />
    <UnitTestResult executionId="446c618c-34e9-4762-b90e-7734ea4bbbbf" testId="4b94700f-6e5c-855d-b131-f805331c5a39" testName="OpenStreetMapLayerIsDisabled_ShouldReturnFalse_WhenOpenStreetMapGeographicLayerOptionIsAvailableAndOpenStreetMapAlternativeServerIsNotEmpty" computerName="DKSR-EFI-06" duration="00:00:00.0079942" startTime="2024-01-09T15:47:01.4391556+01:00" endTime="2024-01-09T15:47:01.4391556+01:00" testType="13cdc9d9-ddb5-4fa4-a97d-d965ccfc6d4b" outcome="Passed" testListId="8c84fa94-04c1-424b-9868-57a2d4851a1d" relativeResultsDirectory="446c618c-34e9-4762-b90e-7734ea4bbbbf" />
    <UnitTestResult executionId="eab21700-3ca5-4b0b-94cd-91a4e4997993" testId="2e79e419-e74e-f445-7799-1adbaa35d399" testName="GetWorkspaceToolbarItems_ShouldReturnNormalToolbarItemEnabledSetupToolbarItemDisabled_WhenWorkspaceStateIsNormal" computerName="DKSR-EFI-06" duration="00:00:00.0083642" startTime="2024-01-09T15:47:10.3477932+01:00" endTime="2024-01-09T15:47:10.3634215+01:00" testType="13cdc9d9-ddb5-4fa4-a97d-d965ccfc6d4b" outcome="Passed" testListId="8c84fa94-04c1-424b-9868-57a2d4851a1d" relativeResultsDirectory="eab21700-3ca5-4b0b-94cd-91a4e4997993" />
    <UnitTestResult executionId="5099c1a9-de94-441e-93e2-f50a0f9d2905" testId="fb9b6cec-ea3c-18e4-a458-d89d0dfaac9b" testName="GetIsOpenStreetMapValid_ShouldReturnFalse_WhenGeographicLayerIsUnavailableAndAlternativeServerIsEmpty" computerName="DKSR-EFI-06" duration="00:00:00.0008322" startTime="2024-01-09T15:47:07.2688568+01:00" endTime="2024-01-09T15:47:07.2688568+01:00" testType="13cdc9d9-ddb5-4fa4-a97d-d965ccfc6d4b" outcome="Passed" testListId="8c84fa94-04c1-424b-9868-57a2d4851a1d" relativeResultsDirectory="5099c1a9-de94-441e-93e2-f50a0f9d2905" />
    <UnitTestResult executionId="66f82755-9f3f-4626-a6b0-8eeb2471d288" testId="72855fe1-8be2-532b-4d86-61e95119c906" testName="PatrollingStepListViewModel_MoveStepUpExecute" computerName="DKSR-EFI-06" duration="00:00:00.0029807" startTime="2024-01-09T15:47:09.6445033+01:00" endTime="2024-01-09T15:47:09.6445033+01:00" testType="13cdc9d9-ddb5-4fa4-a97d-d965ccfc6d4b" outcome="Passed" testListId="8c84fa94-04c1-424b-9868-57a2d4851a1d" relativeResultsDirectory="66f82755-9f3f-4626-a6b0-8eeb2471d288" />
    <UnitTestResult executionId="457a5abc-a2f2-42a2-b1e1-e5d4fc30c277" testId="eabf48e5-196a-32f6-d385-edcb8e627a16" testName="TryGetOsmServerTileAddress_ShouldReturnFalse_WhenOsmServerAddressIsInvalid" computerName="DKSR-EFI-06" duration="00:00:00.0001655" startTime="2024-01-09T15:47:07.3001149+01:00" endTime="2024-01-09T15:47:07.3001149+01:00" testType="13cdc9d9-ddb5-4fa4-a97d-d965ccfc6d4b" outcome="Passed" testListId="8c84fa94-04c1-424b-9868-57a2d4851a1d" relativeResultsDirectory="457a5abc-a2f2-42a2-b1e1-e5d4fc30c277" />
    <UnitTestResult executionId="485e0475-c133-4513-9d78-db8b842ebb29" testId="6abab9f6-2ccc-d047-2fba-1c19ca4d1351" testName="UpdateAndSaveBuilding_Success" computerName="DKSR-EFI-06" duration="00:00:00.1248661" startTime="2024-01-09T15:47:00.7359139+01:00" endTime="2024-01-09T15:47:00.8609417+01:00" testType="13cdc9d9-ddb5-4fa4-a97d-d965ccfc6d4b" outcome="Passed" testListId="8c84fa94-04c1-424b-9868-57a2d4851a1d" relativeResultsDirectory="485e0475-c133-4513-9d78-db8b842ebb29" />
    <UnitTestResult executionId="4b7f1a1c-c71c-4a0e-a917-8669c90f91fa" testId="bca73f19-3fcc-16d4-a031-f2f6afaf40ee" testName="UnmutedMicrophoneIconsId_ShouldReturnUnMutedIconsInAProperOrder_WhenCalled" computerName="DKSR-EFI-06" duration="00:00:00.0004561" startTime="2024-01-09T15:47:04.4554595+01:00" endTime="2024-01-09T15:47:04.4554595+01:00" testType="13cdc9d9-ddb5-4fa4-a97d-d965ccfc6d4b" outcome="Passed" testListId="8c84fa94-04c1-424b-9868-57a2d4851a1d" relativeResultsDirectory="4b7f1a1c-c71c-4a0e-a917-8669c90f91fa" />
    <UnitTestResult executionId="9aada79f-7baf-4fe8-8e8e-2e14f156b4b9" testId="08e5fbd3-af06-8bc6-9a21-3f68283f610d" testName="Ctor_ShouldThrowException_WhenServerAuthenticationIsUnknown" computerName="DKSR-EFI-06" duration="00:00:00.0428068" startTime="2024-01-09T15:45:20.1231608+01:00" endTime="2024-01-09T15:45:20.1700342+01:00" testType="13cdc9d9-ddb5-4fa4-a97d-d965ccfc6d4b" outcome="Passed" testListId="8c84fa94-04c1-424b-9868-57a2d4851a1d" relativeResultsDirectory="9aada79f-7baf-4fe8-8e8e-2e14f156b4b9" />
    <UnitTestResult executionId="97bfdf9e-de81-4f14-b643-058ab2d0935c" testId="b87a1c99-d996-5e0b-a096-13dd2701c2c1" testName="RemoveItems_EmptyCollection_NoClusterChanges" computerName="DKSR-EFI-06" duration="00:00:00.0103893" startTime="2024-01-09T15:47:09.2850351+01:00" endTime="2024-01-09T15:47:09.2850351+01:00" testType="13cdc9d9-ddb5-4fa4-a97d-d965ccfc6d4b" outcome="Passed" testListId="8c84fa94-04c1-424b-9868-57a2d4851a1d" relativeResultsDirectory="97bfdf9e-de81-4f14-b643-058ab2d0935c" />
    <UnitTestResult executionId="ffa141cb-2530-4458-bb20-4b72d5163ba3" testId="d6a182f6-1abb-4c06-28b1-3486154a7ed6" testName="VideoResultSearchResult_ShouldOnlyHavePropertiesFromSecondContext_WhenSetTwiceWithoutThrowingOnTokenCancellation" computerName="DKSR-EFI-06" startTime="2024-01-09T15:46:14.5836750+01:00" endTime="2024-01-09T15:46:14.5836750+01:00" testType="13cdc9d9-ddb5-4fa4-a97d-d965ccfc6d4b" outcome="NotExecuted" testListId="8c84fa94-04c1-424b-9868-57a2d4851a1d" relativeResultsDirectory="ffa141cb-2530-4458-bb20-4b72d5163ba3">
      <Output>
        <ErrorInfo>
          <Message>Flaky unit test</Message>
        </ErrorInfo>
      </Output>
    </UnitTestResult>
    <UnitTestResult executionId="e528537c-e714-4588-9d26-16bed1fb9071" testId="026dfb6f-c080-58ce-2d5a-796a4588997d" testName="PtzSessionControllerInfoConstructorTest_From_PtzSessionInfo_Other_User" computerName="DKSR-EFI-06" duration="00:00:00.0010978" startTime="2024-01-09T15:45:19.5606765+01:00" endTime="2024-01-09T15:45:19.5606765+01:00" testType="13cdc9d9-ddb5-4fa4-a97d-d965ccfc6d4b" outcome="Passed" testListId="8c84fa94-04c1-424b-9868-57a2d4851a1d" relativeResultsDirectory="e528537c-e714-4588-9d26-16bed1fb9071" />
    <UnitTestResult executionId="74b2738b-322c-4f10-bfb2-fe3c88ace658" testId="29c77f9c-4048-1470-9159-cedbe420b5fd" testName="Ctor_NullMessage_ThrowsException" computerName="DKSR-EFI-06" duration="00:00:00.0004898" startTime="2024-01-09T15:47:11.0838470+01:00" endTime="2024-01-09T15:47:11.0838470+01:00" testType="13cdc9d9-ddb5-4fa4-a97d-d965ccfc6d4b" outcome="Passed" testListId="8c84fa94-04c1-424b-9868-57a2d4851a1d" relativeResultsDirectory="74b2738b-322c-4f10-bfb2-fe3c88ace658" />
    <UnitTestResult executionId="4c2212e5-80b6-4a57-b17d-04e0747e4963" testId="449f9dee-f5b4-3847-0b97-06960a8176b4" testName="SidePanelToggleButtonIsVisible_DependingOnConditions (FullScreen,True,False,False)" computerName="DKSR-EFI-06" duration="00:00:00.0159485" startTime="2024-01-09T15:47:10.8010282+01:00" endTime="2024-01-09T15:47:10.8166546+01:00" testType="13cdc9d9-ddb5-4fa4-a97d-d965ccfc6d4b" outcome="Passed" testListId="8c84fa94-04c1-424b-9868-57a2d4851a1d" relativeResultsDirectory="4c2212e5-80b6-4a57-b17d-04e0747e4963" />
    <UnitTestResult executionId="bc433e2b-260f-49ce-a912-43df1596ec7e" testId="3a37d654-c030-a07d-9c40-73fc97223ffe" testName="Dispose_ShouldDisposeDeviceSelectorWindowViewModel_WhenDisposingInstance" computerName="DKSR-EFI-06" duration="00:00:00.0479289" startTime="2024-01-09T15:45:29.4981669+01:00" endTime="2024-01-09T15:45:29.5450422+01:00" testType="13cdc9d9-ddb5-4fa4-a97d-d965ccfc6d4b" outcome="Passed" testListId="8c84fa94-04c1-424b-9868-57a2d4851a1d" relativeResultsDirectory="bc433e2b-260f-49ce-a912-43df1596ec7e" />
    <UnitTestResult executionId="34ee8291-cb56-455d-982b-5423196027ed" testId="7800ded3-3f95-f40a-3aae-7b7a07c1c0ae" testName="GetLayerVisibilityItemsData_ShouldRenameViewZoneLayer_WhenDeviceLayersAreProvided" computerName="DKSR-EFI-06" duration="00:00:00.0091981" startTime="2024-01-09T15:45:30.8262924+01:00" endTime="2024-01-09T15:45:30.8262924+01:00" testType="13cdc9d9-ddb5-4fa4-a97d-d965ccfc6d4b" outcome="Passed" testListId="8c84fa94-04c1-424b-9868-57a2d4851a1d" relativeResultsDirectory="34ee8291-cb56-455d-982b-5423196027ed" />
    <UnitTestResult executionId="43c75075-2256-4611-82a2-2461d9ca4542" testId="663795a0-d44e-108c-adbb-753bfdf4d621" testName="CallingAction_Generates_PopoverUserControl_WhenToolbarPluginTypeIsUserControl" computerName="DKSR-EFI-06" duration="00:00:00.0015512" startTime="2024-01-09T15:47:12.0669395+01:00" endTime="2024-01-09T15:47:12.0669395+01:00" testType="13cdc9d9-ddb5-4fa4-a97d-d965ccfc6d4b" outcome="Passed" testListId="8c84fa94-04c1-424b-9868-57a2d4851a1d" relativeResultsDirectory="43c75075-2256-4611-82a2-2461d9ca4542" />
    <UnitTestResult executionId="a3446030-418a-4630-b03e-eab65630f200" testId="8901884e-5a64-e2c2-ebd4-9f1033556330" testName="BuildContentOptions_ShouldReturnInternalTab (73576FEA-BD0E-43C4-AD9D-589FBE4DC29B,True)" computerName="DKSR-EFI-06" duration="00:00:00.0016382" startTime="2024-01-09T15:47:17.4585477+01:00" endTime="2024-01-09T15:47:17.4585477+01:00" testType="13cdc9d9-ddb5-4fa4-a97d-d965ccfc6d4b" outcome="Passed" testListId="8c84fa94-04c1-424b-9868-57a2d4851a1d" relativeResultsDirectory="a3446030-418a-4630-b03e-eab65630f200" />
    <UnitTestResult executionId="d885d72f-99bd-4dd5-bda0-4c2e735304ef" testId="c3727fbd-7b27-2b58-8aac-80b9993febce" testName="OutputMapItem_ForceActivateAsync_InBuilding_MapLayerHidden_Success" computerName="DKSR-EFI-06" duration="00:00:00.0134734" startTime="2024-01-09T15:47:05.5026827+01:00" endTime="2024-01-09T15:47:05.5183197+01:00" testType="13cdc9d9-ddb5-4fa4-a97d-d965ccfc6d4b" outcome="Passed" testListId="8c84fa94-04c1-424b-9868-57a2d4851a1d" relativeResultsDirectory="d885d72f-99bd-4dd5-bda0-4c2e735304ef" />
    <UnitTestResult executionId="be27ce42-d376-463d-8265-983142ecbf5d" testId="fe22a4f5-f49f-f59f-57fa-2e035d1a94ac" testName="IsVisible_ZeroSelectedResults_ReturnsFalse" computerName="DKSR-EFI-06" duration="00:00:00.0386380" startTime="2024-01-09T15:46:34.8547950+01:00" endTime="2024-01-09T15:46:34.9016765+01:00" testType="13cdc9d9-ddb5-4fa4-a97d-d965ccfc6d4b" outcome="Passed" testListId="8c84fa94-04c1-424b-9868-57a2d4851a1d" relativeResultsDirectory="be27ce42-d376-463d-8265-983142ecbf5d" />
    <UnitTestResult executionId="dd58ebf4-a4d3-4381-9e32-03bb260c66e2" testId="9a38b1c7-2744-f7db-489b-6f81a442d11b" testName="ResolveSearchDefinitions_ShouldReturnResultSearchDefinition_WhenCombinedSearchResultWithSingleSubResultAndSearchDefinitionsContainingCorrectSearchDefinitionsAreGiven" computerName="DKSR-EFI-06" duration="00:00:00.0007066" startTime="2024-01-09T15:46:43.9194850+01:00" endTime="2024-01-09T15:46:43.9194850+01:00" testType="13cdc9d9-ddb5-4fa4-a97d-d965ccfc6d4b" outcome="Passed" testListId="8c84fa94-04c1-424b-9868-57a2d4851a1d" relativeResultsDirectory="dd58ebf4-a4d3-4381-9e32-03bb260c66e2" />
    <UnitTestResult executionId="73c46b68-6a92-42ea-8389-33b06f84bdff" testId="b89300df-44ea-f5d9-8c31-b46cc2e57c07" testName="MapLayerType_ShouldBeViewZoneItemsMapLayer_WhenCalled" computerName="DKSR-EFI-06" duration="00:00:00.0002392" startTime="2024-01-09T15:47:04.3929397+01:00" endTime="2024-01-09T15:47:04.3929397+01:00" testType="13cdc9d9-ddb5-4fa4-a97d-d965ccfc6d4b" outcome="Passed" testListId="8c84fa94-04c1-424b-9868-57a2d4851a1d" relativeResultsDirectory="73c46b68-6a92-42ea-8389-33b06f84bdff" />
    <UnitTestResult executionId="57710d23-c53e-407b-b565-2092c5d1bc86" testId="bf38d087-b471-df6a-7d14-7824df80030c" testName="AddItems_ShouldAcceptItems_WhenItemsAreOfDifferentTypes" computerName="DKSR-EFI-06" duration="00:00:00.0189783" startTime="2024-01-09T15:47:08.6286083+01:00" endTime="2024-01-09T15:47:08.6442443+01:00" testType="13cdc9d9-ddb5-4fa4-a97d-d965ccfc6d4b" outcome="Passed" testListId="8c84fa94-04c1-424b-9868-57a2d4851a1d" relativeResultsDirectory="57710d23-c53e-407b-b565-2092c5d1bc86" />
    <UnitTestResult executionId="23d4de4c-1c41-4b56-821f-e2125a33e76c" testId="199cdec6-ec51-273d-006c-9fb34f580f59" testName="CreateCameraListItem_ShouldNotAddRegionSelectionToFilterValue_WhenAlreadyPresent" computerName="DKSR-EFI-06" duration="00:00:00.0014982" startTime="2024-01-09T15:47:00.4703116+01:00" endTime="2024-01-09T15:47:00.4703116+01:00" testType="13cdc9d9-ddb5-4fa4-a97d-d965ccfc6d4b" outcome="Passed" testListId="8c84fa94-04c1-424b-9868-57a2d4851a1d" relativeResultsDirectory="23d4de4c-1c41-4b56-821f-e2125a33e76c" />
    <UnitTestResult executionId="aa5b9bda-d3d8-4706-bd40-70e49481c03b" testId="a0bf150c-e557-e095-022b-d649c58ba210" testName="Initialize_ShouldCreateAllCameraItems_WhenInitializedWithNonEmptyScope" computerName="DKSR-EFI-06" duration="00:00:00.0176332" startTime="2024-01-09T15:47:00.3764909+01:00" endTime="2024-01-09T15:47:00.3921186+01:00" testType="13cdc9d9-ddb5-4fa4-a97d-d965ccfc6d4b" outcome="Passed" testListId="8c84fa94-04c1-424b-9868-57a2d4851a1d" relativeResultsDirectory="aa5b9bda-d3d8-4706-bd40-70e49481c03b" />
    <UnitTestResult executionId="232cb71f-d4b8-4acb-a5c0-162e7b4569a5" testId="2eb02be1-be5b-c75f-226f-8371b8170b9a" testName="GetCameraTiles_ShouldReturnCorrectCameraTilesWithGroupTest" computerName="DKSR-EFI-06" duration="00:00:00.0451727" startTime="2024-01-09T15:47:13.6297547+01:00" endTime="2024-01-09T15:47:13.6766401+01:00" testType="13cdc9d9-ddb5-4fa4-a97d-d965ccfc6d4b" outcome="Passed" testListId="8c84fa94-04c1-424b-9868-57a2d4851a1d" relativeResultsDirectory="232cb71f-d4b8-4acb-a5c0-162e7b4569a5" />
    <UnitTestResult executionId="cfa2a0f8-c3af-4fe7-ba1c-cb5416774777" testId="43ebd83e-9e77-e80a-e383-3f96bfb58151" testName="TwelveHours_Success" computerName="DKSR-EFI-06" duration="00:00:00.0003402" startTime="2024-01-09T15:46:44.3726894+01:00" endTime="2024-01-09T15:46:44.3726894+01:00" testType="13cdc9d9-ddb5-4fa4-a97d-d965ccfc6d4b" outcome="Passed" testListId="8c84fa94-04c1-424b-9868-57a2d4851a1d" relativeResultsDirectory="cfa2a0f8-c3af-4fe7-ba1c-cb5416774777" />
    <UnitTestResult executionId="002db4b6-3204-4b72-b68d-051e8ce66efa" testId="e3eaed0d-86bd-8f89-51b2-10bb869eeb76" testName="RetrievalTestStop" computerName="DKSR-EFI-06" duration="00:00:00.0210046" startTime="2024-01-09T15:47:11.3324011+01:00" endTime="2024-01-09T15:47:11.3636614+01:00" testType="13cdc9d9-ddb5-4fa4-a97d-d965ccfc6d4b" outcome="Passed" testListId="8c84fa94-04c1-424b-9868-57a2d4851a1d" relativeResultsDirectory="002db4b6-3204-4b72-b68d-051e8ce66efa" />
    <UnitTestResult executionId="be39605b-6dc5-4d2c-baeb-4a9d8846a1d3" testId="f52b7516-be31-9d30-cb41-04f4b2fe00bf" testName="SetFeatures_NonCameraMapItemsLayer_ArgumentException" computerName="DKSR-EFI-06" duration="00:00:00.0417401" startTime="2024-01-09T15:47:03.5645119+01:00" endTime="2024-01-09T15:47:03.6114022+01:00" testType="13cdc9d9-ddb5-4fa4-a97d-d965ccfc6d4b" outcome="Passed" testListId="8c84fa94-04c1-424b-9868-57a2d4851a1d" relativeResultsDirectory="be39605b-6dc5-4d2c-baeb-4a9d8846a1d3" />
    <UnitTestResult executionId="62e98e92-e146-4653-9c42-698ac113f2e0" testId="471a9d0c-0431-d46b-1459-094d77836e47" testName="CalculateNewExtent_ShouldScaleEvenly_WhenWithinMaxInUpperRight" computerName="DKSR-EFI-06" duration="00:00:00.0003656" startTime="2024-01-09T15:45:39.4044222+01:00" endTime="2024-01-09T15:45:39.4200459+01:00" testType="13cdc9d9-ddb5-4fa4-a97d-d965ccfc6d4b" outcome="Passed" testListId="8c84fa94-04c1-424b-9868-57a2d4851a1d" relativeResultsDirectory="62e98e92-e146-4653-9c42-698ac113f2e0" />
    <UnitTestResult executionId="1ea6fdc2-de2d-4943-9943-f4767e02fbbd" testId="37999a11-7cfa-34e4-a6d5-5a66aba3e122" testName="ActiveInteractionStateBinding_ShouldOnlyContainNormal_WhenCtorIsCalled" computerName="DKSR-EFI-06" duration="00:00:00.0253313" startTime="2024-01-09T15:45:34.3887996+01:00" endTime="2024-01-09T15:45:34.4044186+01:00" testType="13cdc9d9-ddb5-4fa4-a97d-d965ccfc6d4b" outcome="Passed" testListId="8c84fa94-04c1-424b-9868-57a2d4851a1d" relativeResultsDirectory="1ea6fdc2-de2d-4943-9943-f4767e02fbbd" />
    <UnitTestResult executionId="1834164f-3a8e-4f92-b317-a898bc9f00f3" testId="c729309e-9f99-768d-510f-3057a1bf771b" testName="Show_ShouldRaiseInvalidOperationException_WhenIsClosed" computerName="DKSR-EFI-06" duration="00:00:00.0603464" startTime="2024-01-09T15:45:26.4981652+01:00" endTime="2024-01-09T15:45:26.5450408+01:00" testType="13cdc9d9-ddb5-4fa4-a97d-d965ccfc6d4b" outcome="Passed" testListId="8c84fa94-04c1-424b-9868-57a2d4851a1d" relativeResultsDirectory="1834164f-3a8e-4f92-b317-a898bc9f00f3" />
    <UnitTestResult executionId="14a2e784-9069-4577-b31a-2f80735dcbf6" testId="63e96068-9f53-27fa-ddcd-94b9c2880dd5" testName="GetCredential_ShouldReturnContainedBasicCredentials_WhenUriAndAuthTypeAreNotNull" computerName="DKSR-EFI-06" duration="00:00:00.0003429" startTime="2024-01-09T15:45:20.2169059+01:00" endTime="2024-01-09T15:45:20.2169059+01:00" testType="13cdc9d9-ddb5-4fa4-a97d-d965ccfc6d4b" outcome="Passed" testListId="8c84fa94-04c1-424b-9868-57a2d4851a1d" relativeResultsDirectory="14a2e784-9069-4577-b31a-2f80735dcbf6" />
    <UnitTestResult executionId="7d809d6b-c935-46c9-8bf8-f6c92e32e21b" testId="affa63ad-42e7-9452-c5a5-b0d4d8cb39a1" testName="Compare_Ascending_Success" computerName="DKSR-EFI-06" duration="00:00:00.0019843" startTime="2024-01-09T15:46:45.4666209+01:00" endTime="2024-01-09T15:46:45.4822521+01:00" testType="13cdc9d9-ddb5-4fa4-a97d-d965ccfc6d4b" outcome="Passed" testListId="8c84fa94-04c1-424b-9868-57a2d4851a1d" relativeResultsDirectory="7d809d6b-c935-46c9-8bf8-f6c92e32e21b" />
    <UnitTestResult executionId="97f26d4b-aba2-45d2-ba44-b872612516f0" testId="0d4811ec-9931-fb19-edc0-7bcc796825fb" testName="IsDisabled_ShouldBeTrue_WhenIsDetachedControllerManager" computerName="DKSR-EFI-06" duration="00:00:00.0147967" startTime="2024-01-09T15:47:05.7527622+01:00" endTime="2024-01-09T15:47:05.7684008+01:00" testType="13cdc9d9-ddb5-4fa4-a97d-d965ccfc6d4b" outcome="Passed" testListId="8c84fa94-04c1-424b-9868-57a2d4851a1d" relativeResultsDirectory="97f26d4b-aba2-45d2-ba44-b872612516f0" />
    <UnitTestResult executionId="b1a44705-57dd-4d75-a823-a30be293af1c" testId="a480eb88-b28c-a072-8d06-d39cc9a234d7" testName="Outline_ShouldRejectSet_WhenOutlineIsSelfcrossing" computerName="DKSR-EFI-06" duration="00:00:00.0077944" startTime="2024-01-09T15:47:01.1734933+01:00" endTime="2024-01-09T15:47:01.1734933+01:00" testType="13cdc9d9-ddb5-4fa4-a97d-d965ccfc6d4b" outcome="Passed" testListId="8c84fa94-04c1-424b-9868-57a2d4851a1d" relativeResultsDirectory="b1a44705-57dd-4d75-a823-a30be293af1c" />
    <UnitTestResult executionId="e36c4a4f-cab7-485b-b741-0f749ff039eb" testId="6999d28b-b0a1-0e27-60a0-97e9ac879716" testName="PopulateTooltip_SingleResultsFromFewCameras12Hours_ValidText" computerName="DKSR-EFI-06" duration="00:00:00.0300131" startTime="2024-01-09T15:46:27.0246797+01:00" endTime="2024-01-09T15:46:27.0559434+01:00" testType="13cdc9d9-ddb5-4fa4-a97d-d965ccfc6d4b" outcome="Passed" testListId="8c84fa94-04c1-424b-9868-57a2d4851a1d" relativeResultsDirectory="e36c4a4f-cab7-485b-b741-0f749ff039eb" />
    <UnitTestResult executionId="a885b48e-bb70-43f9-9271-dbb87f44ccb0" testId="923f1aa7-880c-4c72-8f5e-a07409280a9b" testName="GisMap_Create_MembersInitializedOK" computerName="DKSR-EFI-06" duration="00:00:00.0074490" startTime="2024-01-09T15:47:03.0956517+01:00" endTime="2024-01-09T15:47:03.0956517+01:00" testType="13cdc9d9-ddb5-4fa4-a97d-d965ccfc6d4b" outcome="Passed" testListId="8c84fa94-04c1-424b-9868-57a2d4851a1d" relativeResultsDirectory="a885b48e-bb70-43f9-9271-dbb87f44ccb0" />
    <UnitTestResult executionId="b9b1cef7-d48d-4c3c-97bb-1fa92060b867" testId="858fcac7-e389-8062-ee0a-81085946f8a2" testName="GetLayerFeatures_ShouldReturnOutputLayerFeatures_WhenMicrophoneKind" computerName="DKSR-EFI-06" duration="00:00:00.0028977" startTime="2024-01-09T15:47:07.3313712+01:00" endTime="2024-01-09T15:47:07.3313712+01:00" testType="13cdc9d9-ddb5-4fa4-a97d-d965ccfc6d4b" outcome="Passed" testListId="8c84fa94-04c1-424b-9868-57a2d4851a1d" relativeResultsDirectory="b9b1cef7-d48d-4c3c-97bb-1fa92060b867" />
    <UnitTestResult executionId="b6d7ac34-30a6-49b8-933a-e312e79a7c66" testId="4ab80538-8920-6bd3-f5bf-6a692e875394" testName="GetUtcToday_DifferentTimeZoneNoDst_Success" computerName="DKSR-EFI-06" duration="00:00:00.0023839" startTime="2024-01-09T15:46:43.7632110+01:00" endTime="2024-01-09T15:46:43.7788334+01:00" testType="13cdc9d9-ddb5-4fa4-a97d-d965ccfc6d4b" outcome="Passed" testListId="8c84fa94-04c1-424b-9868-57a2d4851a1d" relativeResultsDirectory="b6d7ac34-30a6-49b8-933a-e312e79a7c66" />
    <UnitTestResult executionId="a9ceacc4-df9f-4db8-bfdb-060666ff18a5" testId="f80158fa-d75f-54b9-6b80-4f00a7c4aaf2" testName="ShouldReturnTrueWhenBuildingsLayerChanged" computerName="DKSR-EFI-06" duration="00:00:00.0018546" startTime="2024-01-09T15:45:39.3262955+01:00" endTime="2024-01-09T15:45:39.3262955+01:00" testType="13cdc9d9-ddb5-4fa4-a97d-d965ccfc6d4b" outcome="Passed" testListId="8c84fa94-04c1-424b-9868-57a2d4851a1d" relativeResultsDirectory="a9ceacc4-df9f-4db8-bfdb-060666ff18a5" />
    <UnitTestResult executionId="3fddfae3-38f1-4be8-8a74-59f27422bbb1" testId="d8d8f61c-66c0-35aa-72e8-108d872447d5" testName="UpdateScope_AbsoluteScopeDurationFromTimeChanged_ReturnsTrue" computerName="DKSR-EFI-06" duration="00:00:00.0002420" startTime="2024-01-09T15:46:45.2790842+01:00" endTime="2024-01-09T15:46:45.2790842+01:00" testType="13cdc9d9-ddb5-4fa4-a97d-d965ccfc6d4b" outcome="Passed" testListId="8c84fa94-04c1-424b-9868-57a2d4851a1d" relativeResultsDirectory="3fddfae3-38f1-4be8-8a74-59f27422bbb1" />
    <UnitTestResult executionId="08bbbfbf-37c4-4558-a751-f9f9b0781200" testId="f655cfd1-db07-f37a-bdd0-c0091f35a2db" testName="SmartMapGoToPositionHandler_WhenWindowIdDoesNotMatch_ShouldDoNothing" computerName="DKSR-EFI-06" duration="00:00:00.0061220" startTime="2024-01-09T15:45:38.9044201+01:00" endTime="2024-01-09T15:45:38.9200468+01:00" testType="13cdc9d9-ddb5-4fa4-a97d-d965ccfc6d4b" outcome="Passed" testListId="8c84fa94-04c1-424b-9868-57a2d4851a1d" relativeResultsDirectory="08bbbfbf-37c4-4558-a751-f9f9b0781200" />
    <UnitTestResult executionId="a1922d5e-ec0f-428b-a9b7-c0f1e0cfe0d0" testId="54a7733a-514e-04cf-6d1f-91eeef43fa83" testName="PtzSessionControllerInfo_TimeChangedTest_Argument_Null_2" computerName="DKSR-EFI-06" duration="00:00:00.0007418" startTime="2024-01-09T15:45:19.5919077+01:00" endTime="2024-01-09T15:45:19.5919077+01:00" testType="13cdc9d9-ddb5-4fa4-a97d-d965ccfc6d4b" outcome="Passed" testListId="8c84fa94-04c1-424b-9868-57a2d4851a1d" relativeResultsDirectory="a1922d5e-ec0f-428b-a9b7-c0f1e0cfe0d0" />
    <UnitTestResult executionId="aa634e48-a81d-4461-8751-ed120f28c492" testId="d2a4e8f1-b2e6-68f0-1810-a5d540d2f7a3" testName="CreateDefinition_ValidCategoryAndSortOrderSpecified_SearchStarted" computerName="DKSR-EFI-06" duration="00:00:00.0072908" startTime="2024-01-09T15:46:44.7008624+01:00" endTime="2024-01-09T15:46:44.7008624+01:00" testType="13cdc9d9-ddb5-4fa4-a97d-d965ccfc6d4b" outcome="Passed" testListId="8c84fa94-04c1-424b-9868-57a2d4851a1d" relativeResultsDirectory="aa634e48-a81d-4461-8751-ed120f28c492" />
    <UnitTestResult executionId="98a6099d-f750-46d6-83c6-0d52ece4594b" testId="4aa175c2-c268-2aa8-a9f4-2e34c2367c47" testName="IsVisible_MultipleSelectedResult_ReturnsTrue" computerName="DKSR-EFI-06" duration="00:00:00.0098658" startTime="2024-01-09T15:46:34.9173075+01:00" endTime="2024-01-09T15:46:34.9329380+01:00" testType="13cdc9d9-ddb5-4fa4-a97d-d965ccfc6d4b" outcome="Passed" testListId="8c84fa94-04c1-424b-9868-57a2d4851a1d" relativeResultsDirectory="98a6099d-f750-46d6-83c6-0d52ece4594b" />
    <UnitTestResult executionId="404398d5-0a6a-48ba-a782-376c3406bcb0" testId="23e6b65b-70a8-06de-4fd2-1098c3da7047" testName="OnLayersRetrieved_ShouldSetComponentsOrdered_WhenLayersCollectionContainsInput" computerName="DKSR-EFI-06" duration="00:00:00.0172667" startTime="2024-01-09T15:45:28.7325432+01:00" endTime="2024-01-09T15:45:28.7637916+01:00" testType="13cdc9d9-ddb5-4fa4-a97d-d965ccfc6d4b" outcome="Passed" testListId="8c84fa94-04c1-424b-9868-57a2d4851a1d" relativeResultsDirectory="404398d5-0a6a-48ba-a782-376c3406bcb0" />
    <UnitTestResult executionId="f56cba05-c33e-4d2e-a373-ed80733a9ac6" testId="ddbacd2a-c40a-102c-db67-c9bb149b6b99" testName="PtzSessionControllerInfo_ReservedChangedTest_Different_CameraId" computerName="DKSR-EFI-06" duration="00:00:00.0004029" startTime="2024-01-09T15:45:19.6231571+01:00" endTime="2024-01-09T15:45:19.6231571+01:00" testType="13cdc9d9-ddb5-4fa4-a97d-d965ccfc6d4b" outcome="Passed" testListId="8c84fa94-04c1-424b-9868-57a2d4851a1d" relativeResultsDirectory="f56cba05-c33e-4d2e-a373-ed80733a9ac6" />
    <UnitTestResult executionId="5314b4ea-6095-4901-87ee-6cfdca89a5dd" testId="1242f06f-0c87-0502-1a6f-b0f180763fd7" testName="PtzSessionController_Register_Camera_Generates_PtzSessionUserChangedEvent_Test" computerName="DKSR-EFI-06" duration="00:00:00.0067267" startTime="2024-01-09T15:45:19.4669059+01:00" endTime="2024-01-09T15:45:19.4825319+01:00" testType="13cdc9d9-ddb5-4fa4-a97d-d965ccfc6d4b" outcome="Passed" testListId="8c84fa94-04c1-424b-9868-57a2d4851a1d" relativeResultsDirectory="5314b4ea-6095-4901-87ee-6cfdca89a5dd" />
    <UnitTestResult executionId="234292c0-92e1-4090-bd27-c7969e06390e" testId="d72e9a2a-9534-badd-5a74-22ef698e678e" testName="PtzSessionControllerInfo_UserChangedTest_NoChange" computerName="DKSR-EFI-06" duration="00:00:00.0004052" startTime="2024-01-09T15:45:19.5606765+01:00" endTime="2024-01-09T15:45:19.5606765+01:00" testType="13cdc9d9-ddb5-4fa4-a97d-d965ccfc6d4b" outcome="Passed" testListId="8c84fa94-04c1-424b-9868-57a2d4851a1d" relativeResultsDirectory="234292c0-92e1-4090-bd27-c7969e06390e" />
    <UnitTestResult executionId="46711b4a-290c-4880-b9e8-131e7e1c8eca" testId="dd886858-691f-731d-ef45-b4933e1e6cbf" testName="GetUtcToday_UtcTimeZoneNoDst_Success" computerName="DKSR-EFI-06" duration="00:00:00.0005406" startTime="2024-01-09T15:46:43.7632110+01:00" endTime="2024-01-09T15:46:43.7632110+01:00" testType="13cdc9d9-ddb5-4fa4-a97d-d965ccfc6d4b" outcome="Passed" testListId="8c84fa94-04c1-424b-9868-57a2d4851a1d" relativeResultsDirectory="46711b4a-290c-4880-b9e8-131e7e1c8eca" />
    <UnitTestResult executionId="8e0d456e-edc9-4bff-8ceb-39a48b6e81ec" testId="7b40f6f2-095c-b718-ce38-5d349c806839" testName="BookmarkSearchTime_WithSearchStringInDifferentCases_ReturnCorrectBookmarkWithSearchStringInDescription (SeArChStRiNg,True,True,True,True,,,1)" computerName="DKSR-EFI-06" duration="00:00:00.0051545" startTime="2024-01-09T15:47:12.9108630+01:00" endTime="2024-01-09T15:47:12.9108630+01:00" testType="13cdc9d9-ddb5-4fa4-a97d-d965ccfc6d4b" outcome="Passed" testListId="8c84fa94-04c1-424b-9868-57a2d4851a1d" relativeResultsDirectory="8e0d456e-edc9-4bff-8ceb-39a48b6e81ec" />
    <UnitTestResult executionId="4bf38745-5100-45ec-bae8-5ee79f45e05b" testId="63135864-bbed-7d2f-1686-fca6f6a9f030" testName="SearchCriteriaOnChanged_ShouldNotThrow_WhenNoRegionSelectionOrSmartSearchFilterValuesAdded" computerName="DKSR-EFI-06" duration="00:00:00.0030528" startTime="2024-01-09T15:46:45.3728656+01:00" endTime="2024-01-09T15:46:45.3728656+01:00" testType="13cdc9d9-ddb5-4fa4-a97d-d965ccfc6d4b" outcome="Passed" testListId="8c84fa94-04c1-424b-9868-57a2d4851a1d" relativeResultsDirectory="4bf38745-5100-45ec-bae8-5ee79f45e05b" />
    <UnitTestResult executionId="458ec9a5-e8fc-4b92-a6ad-d5e2e60189be" testId="deaca624-52c0-c1cd-66a2-a22703cf16ef" testName="BookmarkSearchTime_WithSearchStringInDifferentCases_ReturnCorrectBookmarkWithSearchStringInDescription (SeArChStRiNg,False,False,False,False,,,0)" computerName="DKSR-EFI-06" duration="00:00:00.0037239" startTime="2024-01-09T15:47:13.0046283+01:00" endTime="2024-01-09T15:47:13.0046283+01:00" testType="13cdc9d9-ddb5-4fa4-a97d-d965ccfc6d4b" outcome="Passed" testListId="8c84fa94-04c1-424b-9868-57a2d4851a1d" relativeResultsDirectory="458ec9a5-e8fc-4b92-a6ad-d5e2e60189be" />
    <UnitTestResult executionId="c4b5e29b-4a80-45f7-9f04-ab31f66e191c" testId="374a86fe-b697-52f4-06b9-ec8ef8d94c81" testName="Both enabled, forced" computerName="DKSR-EFI-06" duration="00:00:00.0074340" startTime="2024-01-09T15:45:42.7483749+01:00" endTime="2024-01-09T15:45:42.7483749+01:00" testType="13cdc9d9-ddb5-4fa4-a97d-d965ccfc6d4b" outcome="Passed" testListId="8c84fa94-04c1-424b-9868-57a2d4851a1d" relativeResultsDirectory="c4b5e29b-4a80-45f7-9f04-ab31f66e191c" />
    <UnitTestResult executionId="db7aacd9-f916-4a42-b2f0-8a218b94f621" testId="6cd11450-096a-ebc5-8d74-0d1afc1e5b1d" testName="BookmarkSearchTime_WithSearchStringInDifferentCases_ReturnCorrectBookmarkWithSearchStringInDescription (SeArChStRiNg,False,True,True,False,,,1)" computerName="DKSR-EFI-06" duration="00:00:00.0047171" startTime="2024-01-09T15:47:12.9421185+01:00" endTime="2024-01-09T15:47:12.9421185+01:00" testType="13cdc9d9-ddb5-4fa4-a97d-d965ccfc6d4b" outcome="Passed" testListId="8c84fa94-04c1-424b-9868-57a2d4851a1d" relativeResultsDirectory="db7aacd9-f916-4a42-b2f0-8a218b94f621" />
    <UnitTestResult executionId="4c771c90-ed60-4df7-bf0a-b61a135e931e" testId="a23b4ce6-5a10-4f53-6d78-06dd8b92b431" testName="PatrollingStepViewModel_CreatePatrollingStepViewModel_Success" computerName="DKSR-EFI-06" duration="00:00:00.0019166" startTime="2024-01-09T15:47:09.6758788+01:00" endTime="2024-01-09T15:47:09.6758788+01:00" testType="13cdc9d9-ddb5-4fa4-a97d-d965ccfc6d4b" outcome="Passed" testListId="8c84fa94-04c1-424b-9868-57a2d4851a1d" relativeResultsDirectory="4c771c90-ed60-4df7-bf0a-b61a135e931e" />
    <UnitTestResult executionId="4f656d46-ed20-4692-af59-f9d7638990b5" testId="da74414c-6059-a1d1-7697-c9f6a432ab01" testName="UpdateAction_SingleAcceptedAndSingleRejected_EnabledAndAddSuffixToToolTip" computerName="DKSR-EFI-06" duration="00:00:00.0016997" startTime="2024-01-09T15:46:36.1051763+01:00" endTime="2024-01-09T15:46:36.1051763+01:00" testType="13cdc9d9-ddb5-4fa4-a97d-d965ccfc6d4b" outcome="Passed" testListId="8c84fa94-04c1-424b-9868-57a2d4851a1d" relativeResultsDirectory="4f656d46-ed20-4692-af59-f9d7638990b5" />
    <UnitTestResult executionId="53f9e5e1-db58-4c06-8481-efaf43e840ef" testId="a2585aed-0f0c-4b5a-b559-bb2fb6af779c" testName="Dispose_ClusterMarkersNotDisposed_WhenMarkerMovedToCache" computerName="DKSR-EFI-06" duration="00:00:00.1886602" startTime="2024-01-09T15:45:32.3575438+01:00" endTime="2024-01-09T15:45:32.5450464+01:00" testType="13cdc9d9-ddb5-4fa4-a97d-d965ccfc6d4b" outcome="Passed" testListId="8c84fa94-04c1-424b-9868-57a2d4851a1d" relativeResultsDirectory="53f9e5e1-db58-4c06-8481-efaf43e840ef" />
    <UnitTestResult executionId="ce51dcf2-af48-41e9-aa4f-470c75f8a3c7" testId="5e16f1a5-ac2f-de21-a1b1-de59b21f35bb" testName="IsDisabled_ShouldBeTrue_WhenApplicationIsInBrowseMode" computerName="DKSR-EFI-06" duration="00:00:00.0123867" startTime="2024-01-09T15:47:05.7684008+01:00" endTime="2024-01-09T15:47:05.7840255+01:00" testType="13cdc9d9-ddb5-4fa4-a97d-d965ccfc6d4b" outcome="Passed" testListId="8c84fa94-04c1-424b-9868-57a2d4851a1d" relativeResultsDirectory="ce51dcf2-af48-41e9-aa4f-470c75f8a3c7" />
    <UnitTestResult executionId="0f264e0f-273c-4607-8a84-5e1e06da9b9c" testId="f47f6c44-9fa8-d010-756e-7b3d112428c4" testName="UpdateScope_FromTimeChangedWithNullScopeDuration_ReturnsTrue" computerName="DKSR-EFI-06" duration="00:00:00.0001698" startTime="2024-01-09T15:46:45.2634645+01:00" endTime="2024-01-09T15:46:45.2634645+01:00" testType="13cdc9d9-ddb5-4fa4-a97d-d965ccfc6d4b" outcome="Passed" testListId="8c84fa94-04c1-424b-9868-57a2d4851a1d" relativeResultsDirectory="0f264e0f-273c-4607-8a84-5e1e06da9b9c" />
    <UnitTestResult executionId="baf8549d-5c5e-471c-bece-badf13a88c5c" testId="19c9cf52-9433-0ae2-27f1-e1c0ebb67acf" testName="Initialize_NullState_DoesNotCrash" computerName="DKSR-EFI-06" duration="00:00:00.0096813" startTime="2024-01-09T15:46:14.1929905+01:00" endTime="2024-01-09T15:46:14.2086175+01:00" testType="13cdc9d9-ddb5-4fa4-a97d-d965ccfc6d4b" outcome="Passed" testListId="8c84fa94-04c1-424b-9868-57a2d4851a1d" relativeResultsDirectory="baf8549d-5c5e-471c-bece-badf13a88c5c" />
    <UnitTestResult executionId="f28e1596-9a76-46c4-bac9-f2362701b77a" testId="e310b5f1-c455-40bf-82e5-d008ba1db855" testName="TestSaveMap_NoChanges_Success" computerName="DKSR-EFI-06" duration="00:00:00.0515582" startTime="2024-01-09T15:47:03.3613121+01:00" endTime="2024-01-09T15:47:03.4082849+01:00" testType="13cdc9d9-ddb5-4fa4-a97d-d965ccfc6d4b" outcome="Passed" testListId="8c84fa94-04c1-424b-9868-57a2d4851a1d" relativeResultsDirectory="f28e1596-9a76-46c4-bac9-f2362701b77a">
      <Output>
        <StdOut>Debug Trace:&#xD;
 &gt;&gt;&gt; ERROR: System.NullReferenceException: Object reference not set to an instance of an object.&#xD;
   at VideoOS.RemoteClient.GisMapData.MapLayers.MapLayer.&lt;LoadItemsAsync&gt;d__102.MoveNext() in D:\actions-runner\_work\XPCO\XPCO\SC\Components\dotNet\VideoOS.RemoteClient.GisMapData\MapLayers\MapLayer.cs:line 531&#xD;
 &gt;&gt;&gt; Stack:    at VideoOS.RemoteClient.GisMapData.MapLayers.MapLayer.&lt;LoadItemsAsync&gt;d__102.MoveNext() in D:\actions-runner\_work\XPCO\XPCO\SC\Components\dotNet\VideoOS.RemoteClient.GisMapData\MapLayers\MapLayer.cs:line 531&#xD;
 &gt;&gt;&gt; ERROR: System.NullReferenceException: Object reference not set to an instance of an object.&#xD;
   at VideoOS.RemoteClient.GisMapData.MapLayers.MapLayer.&lt;LoadItemsAsync&gt;d__102.MoveNext() in D:\actions-runner\_work\XPCO\XPCO\SC\Components\dotNet\VideoOS.RemoteClient.GisMapData\MapLayers\MapLayer.cs:line 531&#xD;
 &gt;&gt;&gt; Stack:    at VideoOS.RemoteClient.GisMapData.MapLayers.MapLayer.&lt;LoadItemsAsync&gt;d__102.MoveNext() in D:\actions-runner\_work\XPCO\XPCO\SC\Components\dotNet\VideoOS.RemoteClient.GisMapData\MapLayers\MapLayer.cs:line 531</StdOut>
      </Output>
    </UnitTestResult>
    <UnitTestResult executionId="5050018a-5f83-4c80-bdec-72143a7a3360" testId="533b05cc-a804-1759-db1f-d456efa129c0" testName="GetClusters_ShouldIncludeItemFromBuildingIntoSuperClusterOutsideBuilding_WhenBuildingLayerIsHidden" computerName="DKSR-EFI-06" duration="00:00:00.0022414" startTime="2024-01-09T15:47:08.7067586+01:00" endTime="2024-01-09T15:47:08.7067586+01:00" testType="13cdc9d9-ddb5-4fa4-a97d-d965ccfc6d4b" outcome="Passed" testListId="8c84fa94-04c1-424b-9868-57a2d4851a1d" relativeResultsDirectory="5050018a-5f83-4c80-bdec-72143a7a3360" />
    <UnitTestResult executionId="f30904b0-a108-4ac0-86f6-553e107c991c" testId="edbdb0fc-44d8-43ee-8589-e03588652149" testName="SearchCriteriaFilterValues_ValidatePopupFunctionalityWithUnknownConfiguration_Success" computerName="DKSR-EFI-06" duration="00:00:00.0926141" startTime="2024-01-09T15:46:31.3535472+01:00" endTime="2024-01-09T15:46:31.4473341+01:00" testType="13cdc9d9-ddb5-4fa4-a97d-d965ccfc6d4b" outcome="Passed" testListId="8c84fa94-04c1-424b-9868-57a2d4851a1d" relativeResultsDirectory="f30904b0-a108-4ac0-86f6-553e107c991c" />
    <UnitTestResult executionId="0e9287de-176d-445b-983c-06e514e5e3d3" testId="b95925c6-4417-d47a-19a9-e46062ab44bc" testName="IOState_ShouldYieldSameValuesForAllEnumValues_WhenRoundTripConverted (NotAvailable,Unknown)" computerName="DKSR-EFI-06" duration="00:00:00.0000059" startTime="2024-01-09T15:45:09.2794670+01:00" endTime="2024-01-09T15:45:09.2794670+01:00" testType="13cdc9d9-ddb5-4fa4-a97d-d965ccfc6d4b" outcome="Passed" testListId="8c84fa94-04c1-424b-9868-57a2d4851a1d" relativeResultsDirectory="0e9287de-176d-445b-983c-06e514e5e3d3" />
    <UnitTestResult executionId="fecaddf6-39a9-4602-a8a1-7c1fd7732976" testId="ff4c1a2e-8962-452c-b4bc-b163c724e109" testName="Map_DeleteLayer_InvalidArg_Failed" computerName="DKSR-EFI-06" duration="00:00:00.0320174" startTime="2024-01-09T15:47:03.9083803+01:00" endTime="2024-01-09T15:47:03.9396420+01:00" testType="13cdc9d9-ddb5-4fa4-a97d-d965ccfc6d4b" outcome="Passed" testListId="8c84fa94-04c1-424b-9868-57a2d4851a1d" relativeResultsDirectory="fecaddf6-39a9-4602-a8a1-7c1fd7732976" />
    <UnitTestResult executionId="b8d2a48d-6318-4a61-9c6c-b93a47c2a9f4" testId="db2886ea-13dd-b03a-a528-49fda3ee9983" testName="PtzSessionControllerInfo_UserChangedTest_Different_Domain" computerName="DKSR-EFI-06" duration="00:00:00.0003936" startTime="2024-01-09T15:45:19.5762891+01:00" endTime="2024-01-09T15:45:19.5762891+01:00" testType="13cdc9d9-ddb5-4fa4-a97d-d965ccfc6d4b" outcome="Passed" testListId="8c84fa94-04c1-424b-9868-57a2d4851a1d" relativeResultsDirectory="b8d2a48d-6318-4a61-9c6c-b93a47c2a9f4" />
    <UnitTestResult executionId="f8f9aedc-22b9-4189-ae1d-7d8a37806796" testId="896580b1-84f1-933f-fef3-e601288590b2" testName="CreateCameraListItem_ShouldNotAddRegionSelectionToFilterValue_WhenAlreadyPresent" computerName="DKSR-EFI-06" duration="00:00:00.0014559" startTime="2024-01-09T15:47:00.4233689+01:00" endTime="2024-01-09T15:47:00.4233689+01:00" testType="13cdc9d9-ddb5-4fa4-a97d-d965ccfc6d4b" outcome="Passed" testListId="8c84fa94-04c1-424b-9868-57a2d4851a1d" relativeResultsDirectory="f8f9aedc-22b9-4189-ae1d-7d8a37806796" />
    <UnitTestResult executionId="d25d02a7-67cd-4001-8e94-1c686f8518f2" testId="72ff64d9-b16e-e940-9856-804e7e3a62f9" testName="GetIsOpenStreetMapValid_ShouldReturnFalse_WhenGeographicLayerIsUnavailableAndAlternativeServerHasInvalidUrl" computerName="DKSR-EFI-06" duration="00:00:00.0008112" startTime="2024-01-09T15:47:07.2688568+01:00" endTime="2024-01-09T15:47:07.2688568+01:00" testType="13cdc9d9-ddb5-4fa4-a97d-d965ccfc6d4b" outcome="Passed" testListId="8c84fa94-04c1-424b-9868-57a2d4851a1d" relativeResultsDirectory="d25d02a7-67cd-4001-8e94-1c686f8518f2" />
    <UnitTestResult executionId="0780db03-a46b-433f-bbf5-8a0aaeb2d212" testId="2a44ed0f-e637-248d-7f45-7c53931a1bbe" testName="Close_NotMainController_StateNotSaved" computerName="DKSR-EFI-06" duration="00:00:00.0145191" startTime="2024-01-09T15:45:45.0143380+01:00" endTime="2024-01-09T15:45:45.0299627+01:00" testType="13cdc9d9-ddb5-4fa4-a97d-d965ccfc6d4b" outcome="Passed" testListId="8c84fa94-04c1-424b-9868-57a2d4851a1d" relativeResultsDirectory="0780db03-a46b-433f-bbf5-8a0aaeb2d212" />
    <UnitTestResult executionId="a6513c76-fcf4-4947-9fcd-494a05f9596d" testId="d6051bbc-d4c3-a2f2-5d50-05eb2d368bda" testName="SearchResultsActionBarActions_CreateSnapshot_OptionUnavailable_NotEnabled" computerName="DKSR-EFI-06" duration="00:00:00.0105203" startTime="2024-01-09T15:46:35.7456923+01:00" endTime="2024-01-09T15:46:35.7613149+01:00" testType="13cdc9d9-ddb5-4fa4-a97d-d965ccfc6d4b" outcome="Passed" testListId="8c84fa94-04c1-424b-9868-57a2d4851a1d" relativeResultsDirectory="a6513c76-fcf4-4947-9fcd-494a05f9596d" />
    <UnitTestResult executionId="d325569e-c408-4199-a64c-acca941ff3eb" testId="6260aeda-57ba-cb91-4a82-f4cbd7c152d7" testName="DeleteSearchTemplateAsync_ValidParameters_Success" computerName="DKSR-EFI-06" duration="00:00:00.0056724" startTime="2024-01-09T15:46:44.2632904+01:00" endTime="2024-01-09T15:46:44.2632904+01:00" testType="13cdc9d9-ddb5-4fa4-a97d-d965ccfc6d4b" outcome="Passed" testListId="8c84fa94-04c1-424b-9868-57a2d4851a1d" relativeResultsDirectory="d325569e-c408-4199-a64c-acca941ff3eb" />
    <UnitTestResult executionId="4484a346-2822-429d-9c71-a920af4947b9" testId="5b1daa6e-5313-bb62-6c77-c9a482eb7914" testName="Ctor_NoAppConfigOverride_AddScriptSetToFalse" computerName="DKSR-EFI-06" duration="00:00:00.0085428" startTime="2024-01-09T15:45:22.0762887+01:00" endTime="2024-01-09T15:45:22.0762887+01:00" testType="13cdc9d9-ddb5-4fa4-a97d-d965ccfc6d4b" outcome="Passed" testListId="8c84fa94-04c1-424b-9868-57a2d4851a1d" relativeResultsDirectory="4484a346-2822-429d-9c71-a920af4947b9" />
    <UnitTestResult executionId="df0db116-b85b-414c-8ea8-66c7a3e38d82" testId="7f983a5e-5f3c-ed76-0115-273409a0ed19" testName="SupportsRightClick_ShouldBeTrue_WhenInteractionStateIsNormal" computerName="DKSR-EFI-06" duration="00:00:00.0414709" startTime="2024-01-09T15:45:35.3262915+01:00" endTime="2024-01-09T15:45:35.3731730+01:00" testType="13cdc9d9-ddb5-4fa4-a97d-d965ccfc6d4b" outcome="Passed" testListId="8c84fa94-04c1-424b-9868-57a2d4851a1d" relativeResultsDirectory="df0db116-b85b-414c-8ea8-66c7a3e38d82" />
    <UnitTestResult executionId="5ac2e2b5-086b-4b9f-84e0-54a096928237" testId="1f86583b-e772-053b-5dde-1a3c6a164dcd" testName="LoadInitialState_NullState_ReturnsNewEmptyState" computerName="DKSR-EFI-06" duration="00:00:00.0012142" startTime="2024-01-09T15:45:44.7955156+01:00" endTime="2024-01-09T15:45:44.7955156+01:00" testType="13cdc9d9-ddb5-4fa4-a97d-d965ccfc6d4b" outcome="Passed" testListId="8c84fa94-04c1-424b-9868-57a2d4851a1d" relativeResultsDirectory="5ac2e2b5-086b-4b9f-84e0-54a096928237" />
    <UnitTestResult executionId="b7180127-d9e8-4736-b7cb-b9ec54868470" testId="ab87a2ac-ff1e-bd5f-59b1-9c79c2ca68fe" testName="ToUnsafeName_UnderscoreSeperator_Failure" computerName="DKSR-EFI-06" duration="00:00:00.0005748" startTime="2024-01-09T15:47:17.6616992+01:00" endTime="2024-01-09T15:47:17.6616992+01:00" testType="13cdc9d9-ddb5-4fa4-a97d-d965ccfc6d4b" outcome="Passed" testListId="8c84fa94-04c1-424b-9868-57a2d4851a1d" relativeResultsDirectory="b7180127-d9e8-4736-b7cb-b9ec54868470" />
    <UnitTestResult executionId="c198c3ab-ca27-4e63-bb65-6a82bd7ec5de" testId="fc5fd650-f337-b166-89da-483c36c8a94d" testName="SearchResultCombineType_OneSearchDefinition_SearchResultCombineTypeSetToDefaultValue" computerName="DKSR-EFI-06" duration="00:00:00.0139346" startTime="2024-01-09T15:46:38.6996240+01:00" endTime="2024-01-09T15:46:38.7152532+01:00" testType="13cdc9d9-ddb5-4fa4-a97d-d965ccfc6d4b" outcome="Passed" testListId="8c84fa94-04c1-424b-9868-57a2d4851a1d" relativeResultsDirectory="c198c3ab-ca27-4e63-bb65-6a82bd7ec5de" />
    <UnitTestResult executionId="67ad44aa-f120-46dc-9e87-d455be27ef54" testId="885a9095-1f49-3411-918f-5cf4108e4b7b" testName="Enable_WhenInvoked_ThenAlarmEnableAndSubscribers" computerName="DKSR-EFI-06" duration="00:00:00.0048375" startTime="2024-01-09T15:47:04.4867206+01:00" endTime="2024-01-09T15:47:04.5023460+01:00" testType="13cdc9d9-ddb5-4fa4-a97d-d965ccfc6d4b" outcome="Passed" testListId="8c84fa94-04c1-424b-9868-57a2d4851a1d" relativeResultsDirectory="67ad44aa-f120-46dc-9e87-d455be27ef54" />
    <UnitTestResult executionId="87d915ad-a21d-4f73-8422-ee9daee10c36" testId="2a89a08d-dc4f-9b66-c54a-43d74ab324c2" testName="TrySelectAvailableExportNameTest_ShouldReturnValidationResultOk_WhenEverythingIsOk" computerName="DKSR-EFI-06" duration="00:00:00.0005000" startTime="2024-01-09T15:47:13.4578503+01:00" endTime="2024-01-09T15:47:13.4578503+01:00" testType="13cdc9d9-ddb5-4fa4-a97d-d965ccfc6d4b" outcome="Passed" testListId="8c84fa94-04c1-424b-9868-57a2d4851a1d" relativeResultsDirectory="87d915ad-a21d-4f73-8422-ee9daee10c36" />
    <UnitTestResult executionId="4600f795-df59-49be-991a-da41bf2716a2" testId="929085e5-a3c9-9121-b306-acebdc919f57" testName="IsHomeButtonVisible_MappedToViewModel_Success" computerName="DKSR-EFI-06" duration="00:00:00.0275727" startTime="2024-01-09T15:45:39.5450449+01:00" endTime="2024-01-09T15:45:39.5762959+01:00" testType="13cdc9d9-ddb5-4fa4-a97d-d965ccfc6d4b" outcome="Passed" testListId="8c84fa94-04c1-424b-9868-57a2d4851a1d" relativeResultsDirectory="4600f795-df59-49be-991a-da41bf2716a2" />
    <UnitTestResult executionId="c2052e95-8eb6-4d77-aecb-b87fa288e1b0" testId="e1f594ff-5c37-d66b-07f6-82e1c4cb1481" testName="SelectTemplate_UseInlineEditFalse_ReturnsPopupTemplate" computerName="DKSR-EFI-06" duration="00:00:00.0013342" startTime="2024-01-09T15:45:45.1706367+01:00" endTime="2024-01-09T15:45:45.1706367+01:00" testType="13cdc9d9-ddb5-4fa4-a97d-d965ccfc6d4b" outcome="Passed" testListId="8c84fa94-04c1-424b-9868-57a2d4851a1d" relativeResultsDirectory="c2052e95-8eb6-4d77-aecb-b87fa288e1b0" />
    <UnitTestResult executionId="9c3e185c-b952-4e82-8fd0-343a62b87142" testId="95263003-a60e-ad32-6d79-b2420a12e34b" testName="IsOAuth_ShouldReturnFalse_WhenConstructedUsingWindows" computerName="DKSR-EFI-06" duration="00:00:00.0002523" startTime="2024-01-09T15:45:20.2012822+01:00" endTime="2024-01-09T15:45:20.2012822+01:00" testType="13cdc9d9-ddb5-4fa4-a97d-d965ccfc6d4b" outcome="Passed" testListId="8c84fa94-04c1-424b-9868-57a2d4851a1d" relativeResultsDirectory="9c3e185c-b952-4e82-8fd0-343a62b87142" />
    <UnitTestResult executionId="9104b3b0-7964-4c83-b8d8-85c8780f14ed" testId="c16f8099-6dbb-2cba-9e36-c36b7b8492a9" testName="Compare_SameTriggerTimeDeterministicBehavior_CameraId_Success" computerName="DKSR-EFI-06" duration="00:00:00.0007417" startTime="2024-01-09T15:46:45.4822521+01:00" endTime="2024-01-09T15:46:45.4822521+01:00" testType="13cdc9d9-ddb5-4fa4-a97d-d965ccfc6d4b" outcome="Passed" testListId="8c84fa94-04c1-424b-9868-57a2d4851a1d" relativeResultsDirectory="9104b3b0-7964-4c83-b8d8-85c8780f14ed" />
    <UnitTestResult executionId="5f10699e-7d9e-4188-be4a-bdde10d75e95" testId="343a30d3-1c98-4af1-2d1b-916bd3f172bd" testName="AddSelectedWindowsToExport_ShouldShowCorrectToastMessages (1,0,0)" computerName="DKSR-EFI-06" duration="00:00:00.0023774" startTime="2024-01-09T15:47:11.7699992+01:00" endTime="2024-01-09T15:47:11.7699992+01:00" testType="13cdc9d9-ddb5-4fa4-a97d-d965ccfc6d4b" outcome="Passed" testListId="8c84fa94-04c1-424b-9868-57a2d4851a1d" relativeResultsDirectory="5f10699e-7d9e-4188-be4a-bdde10d75e95" />
    <UnitTestResult executionId="f25cb088-1fe1-47d5-a387-3cbdf345c34c" testId="0a4e5b36-6578-df3d-cfd2-3d6ee660820a" testName="GetClusters_ExcludeFromClustering_OnlyClustersForExcludedItems (Data Row 5)" computerName="DKSR-EFI-06" duration="00:00:00.0113178" startTime="2024-01-09T15:47:07.4876662+01:00" endTime="2024-01-09T15:47:07.8627695+01:00" testType="13cdc9d9-ddb5-4fa4-a97d-d965ccfc6d4b" outcome="Passed" testListId="8c84fa94-04c1-424b-9868-57a2d4851a1d" relativeResultsDirectory="f25cb088-1fe1-47d5-a387-3cbdf345c34c" />
    <UnitTestResult executionId="6bd77da7-5460-445b-a659-a54db3468aec" testId="22a59367-a811-ccdf-0b6a-1dbe692127f9" testName="Path enabled, forced" computerName="DKSR-EFI-06" duration="00:00:00.0100778" startTime="2024-01-09T15:45:42.8262950+01:00" endTime="2024-01-09T15:45:42.8419204+01:00" testType="13cdc9d9-ddb5-4fa4-a97d-d965ccfc6d4b" outcome="Passed" testListId="8c84fa94-04c1-424b-9868-57a2d4851a1d" relativeResultsDirectory="6bd77da7-5460-445b-a659-a54db3468aec" />
    <UnitTestResult executionId="8c9fcdad-cb9f-44e4-ad14-82d6f68582c7" testId="42206c17-853c-7b3a-7834-e4be8b79460f" testName="DeviceIcons_ShouldNotBeEmpty_WhenCalled" computerName="DKSR-EFI-06" duration="00:00:00.0001744" startTime="2024-01-09T15:47:04.4242000+01:00" endTime="2024-01-09T15:47:04.4242000+01:00" testType="13cdc9d9-ddb5-4fa4-a97d-d965ccfc6d4b" outcome="Passed" testListId="8c84fa94-04c1-424b-9868-57a2d4851a1d" relativeResultsDirectory="8c9fcdad-cb9f-44e4-ad14-82d6f68582c7" />
    <UnitTestResult executionId="33caada3-fc21-4fcd-99ec-155742b71716" testId="c3441c18-6d91-a3fc-0eb6-245d76a8e060" testName="DetermineUserAllowsUnsecureConnection_WhereUserIsNotAskedAndUnsecureIsAllow_ShouldReturnTrue" computerName="DKSR-EFI-06" duration="00:00:00.0005373" startTime="2024-01-09T15:45:10.1387565+01:00" endTime="2024-01-09T15:45:10.1387565+01:00" testType="13cdc9d9-ddb5-4fa4-a97d-d965ccfc6d4b" outcome="Passed" testListId="8c84fa94-04c1-424b-9868-57a2d4851a1d" relativeResultsDirectory="33caada3-fc21-4fcd-99ec-155742b71716" />
    <UnitTestResult executionId="5b03a92f-5891-41ac-aa8b-ce837bf4c5a5" testId="9029e935-145d-d5fd-fae9-96c860349038" testName="GetClusters_AddedItems_ClustersForAddedItems (Data Row 18)" computerName="DKSR-EFI-06" duration="00:00:00.0106959" startTime="2024-01-09T15:47:09.0193458+01:00" endTime="2024-01-09T15:47:09.2381415+01:00" testType="13cdc9d9-ddb5-4fa4-a97d-d965ccfc6d4b" outcome="Passed" testListId="8c84fa94-04c1-424b-9868-57a2d4851a1d" relativeResultsDirectory="5b03a92f-5891-41ac-aa8b-ce837bf4c5a5" />
    <UnitTestResult executionId="21d3e106-0f41-455b-9d73-e183b86d97b9" testId="f524f1c4-1318-ce7b-3939-10f70b1c9bd9" testName="GisPointToIndexGridPosition_SouthPole_Success" computerName="DKSR-EFI-06" duration="00:00:00.0002946" startTime="2024-01-09T15:47:08.7692756+01:00" endTime="2024-01-09T15:47:08.7692756+01:00" testType="13cdc9d9-ddb5-4fa4-a97d-d965ccfc6d4b" outcome="Passed" testListId="8c84fa94-04c1-424b-9868-57a2d4851a1d" relativeResultsDirectory="21d3e106-0f41-455b-9d73-e183b86d97b9" />
    <UnitTestResult executionId="da96dbd0-55b9-4bf8-b099-4bcb3273b1de" testId="34c107db-e9ce-df15-620e-0ed84eb2d0d6" testName="DisplayErrorOnNotificationArea_DeviceSearchError_Success" computerName="DKSR-EFI-06" duration="00:00:00.0110896" startTime="2024-01-09T15:46:38.3401945+01:00" endTime="2024-01-09T15:46:38.3557909+01:00" testType="13cdc9d9-ddb5-4fa4-a97d-d965ccfc6d4b" outcome="Passed" testListId="8c84fa94-04c1-424b-9868-57a2d4851a1d" relativeResultsDirectory="da96dbd0-55b9-4bf8-b099-4bcb3273b1de" />
    <UnitTestResult executionId="a06ec668-5797-40af-9a8d-e36d9bf44584" testId="731f7e19-89ff-c108-ad63-9eb46b5c0a59" testName="PatrollingStepViewModel_Speed" computerName="DKSR-EFI-06" duration="00:00:00.0034589" startTime="2024-01-09T15:47:09.6913868+01:00" endTime="2024-01-09T15:47:09.6913868+01:00" testType="13cdc9d9-ddb5-4fa4-a97d-d965ccfc6d4b" outcome="Passed" testListId="8c84fa94-04c1-424b-9868-57a2d4851a1d" relativeResultsDirectory="a06ec668-5797-40af-9a8d-e36d9bf44584" />
    <UnitTestResult executionId="eff6ef04-4ed5-4165-82b6-9068717ce488" testId="a03d49df-0221-3c4c-4d83-361bfb025c76" testName="TestAttachedView_Success" computerName="DKSR-EFI-06" duration="00:00:00.0033671" startTime="2024-01-09T15:47:17.2085079+01:00" endTime="2024-01-09T15:47:17.2241289+01:00" testType="13cdc9d9-ddb5-4fa4-a97d-d965ccfc6d4b" outcome="Passed" testListId="8c84fa94-04c1-424b-9868-57a2d4851a1d" relativeResultsDirectory="eff6ef04-4ed5-4165-82b6-9068717ce488" />
    <UnitTestResult executionId="e29e7178-d2d3-4667-903a-7b20eddd289d" testId="1a4e885e-6ffc-c617-8987-ed7778452758" testName="UpdateSearchAttributes_NoAttributes_NoChange" computerName="DKSR-EFI-06" duration="00:00:00.0036010" startTime="2024-01-09T15:46:34.4484132+01:00" endTime="2024-01-09T15:46:34.4484132+01:00" testType="13cdc9d9-ddb5-4fa4-a97d-d965ccfc6d4b" outcome="Passed" testListId="8c84fa94-04c1-424b-9868-57a2d4851a1d" relativeResultsDirectory="e29e7178-d2d3-4667-903a-7b20eddd289d" />
    <UnitTestResult executionId="c42e2a76-28e8-47e4-9cc5-23aadb2b6f82" testId="bd4280d2-c5d6-9ce8-8082-e33833fcfdb0" testName="ToSafeName_SingleUnsafeName_Success" computerName="DKSR-EFI-06" duration="00:00:00.0001117" startTime="2024-01-09T15:47:17.6460726+01:00" endTime="2024-01-09T15:47:17.6460726+01:00" testType="13cdc9d9-ddb5-4fa4-a97d-d965ccfc6d4b" outcome="Passed" testListId="8c84fa94-04c1-424b-9868-57a2d4851a1d" relativeResultsDirectory="c42e2a76-28e8-47e4-9cc5-23aadb2b6f82" />
    <UnitTestResult executionId="2ad1d4ce-690c-486b-aefa-d0d17d71145b" testId="073071ee-a9ec-09b5-e762-5a4e8dd50939" testName="PtzSessionControllerInfoConstructorTest_From_PtzSessionInfo_Patrolling_User" computerName="DKSR-EFI-06" duration="00:00:00.0012195" startTime="2024-01-09T15:45:19.5450313+01:00" endTime="2024-01-09T15:45:19.5450313+01:00" testType="13cdc9d9-ddb5-4fa4-a97d-d965ccfc6d4b" outcome="Passed" testListId="8c84fa94-04c1-424b-9868-57a2d4851a1d" relativeResultsDirectory="2ad1d4ce-690c-486b-aefa-d0d17d71145b" />
    <UnitTestResult executionId="d33ec0ed-2a97-4e9d-a6de-75d812dca028" testId="1bd47a22-fa5c-5334-c7fb-8e1b4053f662" testName="Map_Layers_InsertDirectly_Fail" computerName="DKSR-EFI-06" duration="00:00:00.0070083" startTime="2024-01-09T15:47:03.9552737+01:00" endTime="2024-01-09T15:47:03.9709095+01:00" testType="13cdc9d9-ddb5-4fa4-a97d-d965ccfc6d4b" outcome="Passed" testListId="8c84fa94-04c1-424b-9868-57a2d4851a1d" relativeResultsDirectory="d33ec0ed-2a97-4e9d-a6de-75d812dca028" />
    <UnitTestResult executionId="8a77aa91-634a-4cf0-b47d-ab09eb3a0b84" testId="95462bd9-0187-1112-acdc-9a03ca385aa9" testName="Constructor_ShouldCallDecorate_WhenCalled" computerName="DKSR-EFI-06" duration="00:00:00.0309858" startTime="2024-01-09T15:45:26.4512897+01:00" endTime="2024-01-09T15:45:26.4825410+01:00" testType="13cdc9d9-ddb5-4fa4-a97d-d965ccfc6d4b" outcome="Passed" testListId="8c84fa94-04c1-424b-9868-57a2d4851a1d" relativeResultsDirectory="8a77aa91-634a-4cf0-b47d-ab09eb3a0b84" />
    <UnitTestResult executionId="1c029c7b-5d13-4ae6-8127-9ddc900e9c30" testId="7e5f1658-9579-80ac-0889-217afa2e8ebf" testName="Constructor1_ShouldNotAllowInjectionOfNulls" computerName="DKSR-EFI-06" duration="00:00:00.0025829" startTime="2024-01-09T15:45:44.3891383+01:00" endTime="2024-01-09T15:45:44.4047683+01:00" testType="13cdc9d9-ddb5-4fa4-a97d-d965ccfc6d4b" outcome="Passed" testListId="8c84fa94-04c1-424b-9868-57a2d4851a1d" relativeResultsDirectory="1c029c7b-5d13-4ae6-8127-9ddc900e9c30" />
    <UnitTestResult executionId="b87f73fc-5eeb-43ec-9c6b-1ea9d9be6ca2" testId="4f555e67-dae7-b67f-1beb-febf2b9b4968" testName="HandleGetDeviceData_ShouldReturnOutputData_WhenOutputKindAndExistingOutputId" computerName="DKSR-EFI-06" duration="00:00:00.1941554" startTime="2024-01-09T15:45:41.6856754+01:00" endTime="2024-01-09T15:45:41.8887924+01:00" testType="13cdc9d9-ddb5-4fa4-a97d-d965ccfc6d4b" outcome="Passed" testListId="8c84fa94-04c1-424b-9868-57a2d4851a1d" relativeResultsDirectory="b87f73fc-5eeb-43ec-9c6b-1ea9d9be6ca2" />
    <UnitTestResult executionId="51dbf721-25cd-4449-b0e4-debe125316f7" testId="2288a65b-0f46-66d4-26bb-35d3e0b13ae8" testName="GetPartialDiffBetweenDictionaries_ShouldReturnCorrectValues (System.Collections.Generic.Dictionary`2[System.String,System.String],System.Collections.Generic.Dictionary`2[System.String,System.String],System.Collections.Generic.Dictionary`2[System.String,System.String])" computerName="DKSR-EFI-06" duration="00:00:00.0001832" startTime="2024-01-09T15:47:17.5523096+01:00" endTime="2024-01-09T15:47:17.5523096+01:00" testType="13cdc9d9-ddb5-4fa4-a97d-d965ccfc6d4b" outcome="Passed" testListId="8c84fa94-04c1-424b-9868-57a2d4851a1d" relativeResultsDirectory="51dbf721-25cd-4449-b0e4-debe125316f7" />
    <UnitTestResult executionId="ca36cd62-347f-440d-8ea6-1999abe586f9" testId="ecf00477-94a3-5251-4140-6240ac1b0b60" testName="Perform_FirstAction_Success" computerName="DKSR-EFI-06" duration="00:00:00.0118834" startTime="2024-01-09T15:45:19.6700321+01:00" endTime="2024-01-09T15:45:19.6700321+01:00" testType="13cdc9d9-ddb5-4fa4-a97d-d965ccfc6d4b" outcome="Passed" testListId="8c84fa94-04c1-424b-9868-57a2d4851a1d" relativeResultsDirectory="ca36cd62-347f-440d-8ea6-1999abe586f9" />
    <UnitTestResult executionId="b6316672-704a-4d5e-ad1d-0194959a59f0" testId="134dc4da-478b-60fb-2dfc-b3d26508bd1a" testName="BoundingBoxLiveStartNoLiveOrPlaybackHandler" computerName="DKSR-EFI-06" duration="00:00:00.0009108" startTime="2024-01-09T15:47:13.1921705+01:00" endTime="2024-01-09T15:47:13.1921705+01:00" testType="13cdc9d9-ddb5-4fa4-a97d-d965ccfc6d4b" outcome="Passed" testListId="8c84fa94-04c1-424b-9868-57a2d4851a1d" relativeResultsDirectory="b6316672-704a-4d5e-ad1d-0194959a59f0" />
    <UnitTestResult executionId="45fa3c82-9b61-4f22-9da1-ab5e8c11a19a" testId="174bdb8c-ca63-6d38-8008-0e1813915a8c" testName="TestForAssemblyCoverage" computerName="DKSR-EFI-06" duration="00:00:00.1185812" startTime="2024-01-09T15:45:21.2325331+01:00" endTime="2024-01-09T15:45:21.3575384+01:00" testType="13cdc9d9-ddb5-4fa4-a97d-d965ccfc6d4b" outcome="Passed" testListId="8c84fa94-04c1-424b-9868-57a2d4851a1d" relativeResultsDirectory="45fa3c82-9b61-4f22-9da1-ab5e8c11a19a" />
    <UnitTestResult executionId="3470630d-c5e7-442e-b3d6-27648d6ac4fb" testId="d2ac6e2c-d244-6600-ac41-33c9ad0aa47c" testName="Close_ShouldBeInvoked_WhenMarkerIsDisposed" computerName="DKSR-EFI-06" duration="00:00:00.0844735" startTime="2024-01-09T15:45:34.0919223+01:00" endTime="2024-01-09T15:45:34.1700452+01:00" testType="13cdc9d9-ddb5-4fa4-a97d-d965ccfc6d4b" outcome="Passed" testListId="8c84fa94-04c1-424b-9868-57a2d4851a1d" relativeResultsDirectory="3470630d-c5e7-442e-b3d6-27648d6ac4fb" />
    <UnitTestResult executionId="ab034455-9cea-497b-8b0f-2e5c2b0039b1" testId="1e268e1f-9f4f-f655-e5bb-e50feefd0bab" testName="TestSaveMap_BuildingsChanges_Success" computerName="DKSR-EFI-06" duration="00:00:00.0363999" startTime="2024-01-09T15:47:03.6583050+01:00" endTime="2024-01-09T15:47:03.7051912+01:00" testType="13cdc9d9-ddb5-4fa4-a97d-d965ccfc6d4b" outcome="Passed" testListId="8c84fa94-04c1-424b-9868-57a2d4851a1d" relativeResultsDirectory="ab034455-9cea-497b-8b0f-2e5c2b0039b1" />
    <UnitTestResult executionId="95dd63fe-699f-48d6-8e0a-d25f482149a1" testId="7ceab3e2-a3b0-9c8f-80fc-83722cb5c583" testName="ResolveSearchDefinitions_ShouldReturnResultSearchDefinition_WhenCombinedSearchResultWithMultipleSubResultAndEmptySearchDefinitionsAreGiven" computerName="DKSR-EFI-06" duration="00:00:00.0008205" startTime="2024-01-09T15:46:43.9194850+01:00" endTime="2024-01-09T15:46:43.9194850+01:00" testType="13cdc9d9-ddb5-4fa4-a97d-d965ccfc6d4b" outcome="Passed" testListId="8c84fa94-04c1-424b-9868-57a2d4851a1d" relativeResultsDirectory="95dd63fe-699f-48d6-8e0a-d25f482149a1" />
    <UnitTestResult executionId="d4bb6599-f908-476d-bab5-314a756d8d50" testId="5234d1ee-ef9d-50d7-130b-4f673d2d6420" testName="Instance_ShouldBeSingleton_WhenCalled" computerName="DKSR-EFI-06" duration="00:00:00.0002048" startTime="2024-01-09T15:47:04.4242000+01:00" endTime="2024-01-09T15:47:04.4242000+01:00" testType="13cdc9d9-ddb5-4fa4-a97d-d965ccfc6d4b" outcome="Passed" testListId="8c84fa94-04c1-424b-9868-57a2d4851a1d" relativeResultsDirectory="d4bb6599-f908-476d-bab5-314a756d8d50" />
    <UnitTestResult executionId="23c7d41c-90ef-4585-a4ff-6c408ab8bc03" testId="b532dcb5-d46e-e627-c8a2-132588b28593" testName="WorkspaceToolBarItemExportAdd_ShouldGoIntoSelectionMode_WhenNotInSelectionMode" computerName="DKSR-EFI-06" duration="00:00:00.0256832" startTime="2024-01-09T15:47:12.4732758+01:00" endTime="2024-01-09T15:47:12.4889012+01:00" testType="13cdc9d9-ddb5-4fa4-a97d-d965ccfc6d4b" outcome="Passed" testListId="8c84fa94-04c1-424b-9868-57a2d4851a1d" relativeResultsDirectory="23c7d41c-90ef-4585-a4ff-6c408ab8bc03" />
    <UnitTestResult executionId="817b8bd0-6db4-47eb-b29a-9e953e4ed23c" testId="12e3f3e5-87cc-94c2-7b91-aad929301ec9" testName="Execute_RemoveCommand_DialogResultReturnsTrue" computerName="DKSR-EFI-06" duration="00:00:00.0006883" startTime="2024-01-09T15:47:11.1292367+01:00" endTime="2024-01-09T15:47:11.1292367+01:00" testType="13cdc9d9-ddb5-4fa4-a97d-d965ccfc6d4b" outcome="Passed" testListId="8c84fa94-04c1-424b-9868-57a2d4851a1d" relativeResultsDirectory="817b8bd0-6db4-47eb-b29a-9e953e4ed23c" />
    <UnitTestResult executionId="d54b1ecc-a227-4e56-9516-ee6b57d0c095" testId="a890ab18-0d5c-e9a7-db4d-696ea60071f9" testName="IsServer_ShouldReturnTrue_WhenAllServersSelected" computerName="DKSR-EFI-06" duration="00:00:00.0019218" startTime="2024-01-09T15:47:13.6297547+01:00" endTime="2024-01-09T15:47:13.6297547+01:00" testType="13cdc9d9-ddb5-4fa4-a97d-d965ccfc6d4b" outcome="Passed" testListId="8c84fa94-04c1-424b-9868-57a2d4851a1d" relativeResultsDirectory="d54b1ecc-a227-4e56-9516-ee6b57d0c095" />
    <UnitTestResult executionId="3b3ecb8a-681d-44a8-b4b7-d5eae46f34cf" testId="1f36d00d-52dc-9505-27a0-fc9cb116fecb" testName="AddToExportTuples_ShouldReturnCorrectResult (5,5,5)" computerName="DKSR-EFI-06" duration="00:00:00.0126517" startTime="2024-01-09T15:47:11.6605985+01:00" endTime="2024-01-09T15:47:11.6762205+01:00" testType="13cdc9d9-ddb5-4fa4-a97d-d965ccfc6d4b" outcome="Passed" testListId="8c84fa94-04c1-424b-9868-57a2d4851a1d" relativeResultsDirectory="3b3ecb8a-681d-44a8-b4b7-d5eae46f34cf" />
    <UnitTestResult executionId="cd1b367c-a170-4ab9-9a69-68c677ae9fae" testId="c90acf43-beb9-9440-08e2-aeffc5687d1e" testName="DetermineUserAllowsUnsecureConnection_WhereUserIsAskedAndChoiceIsSaved_ShouldCallLoginManager" computerName="DKSR-EFI-06" duration="00:00:00.0360492" startTime="2024-01-09T15:45:12.4043895+01:00" endTime="2024-01-09T15:45:12.4512626+01:00" testType="13cdc9d9-ddb5-4fa4-a97d-d965ccfc6d4b" outcome="Passed" testListId="8c84fa94-04c1-424b-9868-57a2d4851a1d" relativeResultsDirectory="cd1b367c-a170-4ab9-9a69-68c677ae9fae" />
    <UnitTestResult executionId="13f664dd-4bef-4d9c-93ce-72437731c907" testId="a7b3a0a1-b567-86d1-d16a-ead40656c5fa" testName="ZoomOut_MapSet_MapZoomOutInvoked" computerName="DKSR-EFI-06" duration="00:00:00.0010984" startTime="2024-01-09T15:45:31.1250893+01:00" endTime="2024-01-09T15:45:31.1250893+01:00" testType="13cdc9d9-ddb5-4fa4-a97d-d965ccfc6d4b" outcome="Passed" testListId="8c84fa94-04c1-424b-9868-57a2d4851a1d" relativeResultsDirectory="13f664dd-4bef-4d9c-93ce-72437731c907" />
    <UnitTestResult executionId="bd7b73f9-cc30-4441-a17f-bfa0f6720506" testId="fbac2a6f-2233-86d4-ebd9-d19d11941509" testName="CloseDeviceSelectorUserControl_ShouldSetUserControlNull_Always" computerName="DKSR-EFI-06" duration="00:00:00.0003594" startTime="2024-01-09T15:45:31.0450433+01:00" endTime="2024-01-09T15:45:31.0450433+01:00" testType="13cdc9d9-ddb5-4fa4-a97d-d965ccfc6d4b" outcome="Passed" testListId="8c84fa94-04c1-424b-9868-57a2d4851a1d" relativeResultsDirectory="bd7b73f9-cc30-4441-a17f-bfa0f6720506" />
    <UnitTestResult executionId="1e33ac4c-4de5-4021-aff7-91db0d63b3ae" testId="616c12d5-722e-e683-3114-c8a71232eef2" testName="GetLayerFeatures_ShouldReturnMicrophoneLayerFeaturesBasedOnMicrophoneItemsMapLayer_WhenMicrophoneKind" computerName="DKSR-EFI-06" duration="00:00:00.0029608" startTime="2024-01-09T15:47:07.3470073+01:00" endTime="2024-01-09T15:47:07.3470073+01:00" testType="13cdc9d9-ddb5-4fa4-a97d-d965ccfc6d4b" outcome="Passed" testListId="8c84fa94-04c1-424b-9868-57a2d4851a1d" relativeResultsDirectory="1e33ac4c-4de5-4021-aff7-91db0d63b3ae" />
    <UnitTestResult executionId="38ee0a90-ed4e-4327-8572-c2befe5bf34b" testId="8558e7ab-4f92-48f5-6cd7-72956b247ea9" testName="CreateSearchResultUserControl_UnmappedConfiguration_ReturnsUnknownSearchResultUserControl" computerName="DKSR-EFI-06" duration="00:00:00.0143634" startTime="2024-01-09T15:46:59.7514072+01:00" endTime="2024-01-09T15:46:59.7514072+01:00" testType="13cdc9d9-ddb5-4fa4-a97d-d965ccfc6d4b" outcome="Passed" testListId="8c84fa94-04c1-424b-9868-57a2d4851a1d" relativeResultsDirectory="38ee0a90-ed4e-4327-8572-c2befe5bf34b" />
    <UnitTestResult executionId="6e36297b-0443-4b0c-a870-aedde81a2e5d" testId="84d3c143-14c2-3de5-71ff-f8eed6db60b1" testName="SearchDefinitionCountSet_NewValue_EventFired" computerName="DKSR-EFI-06" duration="00:00:00.0013272" startTime="2024-01-09T15:46:45.1853356+01:00" endTime="2024-01-09T15:46:45.1853356+01:00" testType="13cdc9d9-ddb5-4fa4-a97d-d965ccfc6d4b" outcome="Passed" testListId="8c84fa94-04c1-424b-9868-57a2d4851a1d" relativeResultsDirectory="6e36297b-0443-4b0c-a870-aedde81a2e5d" />
    <UnitTestResult executionId="7f6a1705-0149-4dfa-9a37-2a14269bb064" testId="30fe8312-9877-ebd0-79b2-11d30d1e5b58" testName="VideoResultSearchResult_SetThenReset_PropertiesEmptied" computerName="DKSR-EFI-06" duration="00:00:00.0289313" startTime="2024-01-09T15:46:14.5211660+01:00" endTime="2024-01-09T15:46:14.5524229+01:00" testType="13cdc9d9-ddb5-4fa4-a97d-d965ccfc6d4b" outcome="Passed" testListId="8c84fa94-04c1-424b-9868-57a2d4851a1d" relativeResultsDirectory="7f6a1705-0149-4dfa-9a37-2a14269bb064" />
    <UnitTestResult executionId="806952dd-6963-4f3d-81f6-2757e7b7af92" testId="bed8c8de-bd82-cb94-6967-81e34fce6907" testName="SetIncludePartialResults_ShouldNotReselectResult_WhenResultToReselectIsPartialAndPartialResultsAreExcluded" computerName="DKSR-EFI-06" duration="00:00:00.0028027" startTime="2024-01-09T15:46:45.2634645+01:00" endTime="2024-01-09T15:46:45.2634645+01:00" testType="13cdc9d9-ddb5-4fa4-a97d-d965ccfc6d4b" outcome="Passed" testListId="8c84fa94-04c1-424b-9868-57a2d4851a1d" relativeResultsDirectory="806952dd-6963-4f3d-81f6-2757e7b7af92" />
    <UnitTestResult executionId="4731aad9-597f-4c8b-a078-de15138a38a7" testId="5ab2a160-0b3e-3ddc-61b5-6572c40a7f10" testName="DeactivateView_Success" computerName="DKSR-EFI-06" duration="00:00:00.0082527" startTime="2024-01-09T15:46:38.4495644+01:00" endTime="2024-01-09T15:46:38.4651959+01:00" testType="13cdc9d9-ddb5-4fa4-a97d-d965ccfc6d4b" outcome="Passed" testListId="8c84fa94-04c1-424b-9868-57a2d4851a1d" relativeResultsDirectory="4731aad9-597f-4c8b-a078-de15138a38a7" />
    <UnitTestResult executionId="cf94e9bb-5542-4f4f-8559-ecaacb2bfdb6" testId="c01b7aad-2de6-9625-9d52-27adc6cc7bd7" testName="IconTooltip_ShouldBeValid_WhenInteractionStateIsAddMicrophone" computerName="DKSR-EFI-06" duration="00:00:00.0004819" startTime="2024-01-09T15:45:31.0919183+01:00" endTime="2024-01-09T15:45:31.0919183+01:00" testType="13cdc9d9-ddb5-4fa4-a97d-d965ccfc6d4b" outcome="Passed" testListId="8c84fa94-04c1-424b-9868-57a2d4851a1d" relativeResultsDirectory="cf94e9bb-5542-4f4f-8559-ecaacb2bfdb6" />
    <UnitTestResult executionId="d1194d49-65dc-4986-be9c-cf26a361c3f8" testId="ec15ac28-e259-9e0e-79de-b4c8ed950c52" testName="GetSnapshots_NoImageAvailable_Failure" computerName="DKSR-EFI-06" duration="00:00:00.0085782" startTime="2024-01-09T15:46:43.6850698+01:00" endTime="2024-01-09T15:46:43.6850698+01:00" testType="13cdc9d9-ddb5-4fa4-a97d-d965ccfc6d4b" outcome="Passed" testListId="8c84fa94-04c1-424b-9868-57a2d4851a1d" relativeResultsDirectory="d1194d49-65dc-4986-be9c-cf26a361c3f8" />
    <UnitTestResult executionId="62805313-7113-4b9d-8743-623028ef4de0" testId="3c716f34-734b-16bb-9f28-27f6b4a026ec" testName="Perform_NewActionDuringDelay_OverwritesPrevious" computerName="DKSR-EFI-06" duration="00:00:00.0236173" startTime="2024-01-09T15:45:19.9044097+01:00" endTime="2024-01-09T15:45:19.9356594+01:00" testType="13cdc9d9-ddb5-4fa4-a97d-d965ccfc6d4b" outcome="Passed" testListId="8c84fa94-04c1-424b-9868-57a2d4851a1d" relativeResultsDirectory="62805313-7113-4b9d-8743-623028ef4de0" />
    <UnitTestResult executionId="bef9039e-35b8-4e7e-bdd6-93a386f5690b" testId="f7204c3a-a2f1-1bb5-2fa5-0b71c4b947a5" testName="Default, not forced" computerName="DKSR-EFI-06" duration="00:00:00.0081591" startTime="2024-01-09T15:45:42.8575478+01:00" endTime="2024-01-09T15:45:42.8731679+01:00" testType="13cdc9d9-ddb5-4fa4-a97d-d965ccfc6d4b" outcome="Passed" testListId="8c84fa94-04c1-424b-9868-57a2d4851a1d" relativeResultsDirectory="bef9039e-35b8-4e7e-bdd6-93a386f5690b" />
    <UnitTestResult executionId="28bde825-1b6a-41cd-b9b1-81eaedfd49be" testId="e5973daf-eb52-605d-f256-024d8a961fe9" testName="Search_EmptyFilterValue_WarningTextNotApplied" computerName="DKSR-EFI-06" duration="00:00:00.0115277" startTime="2024-01-09T15:46:59.6263871+01:00" endTime="2024-01-09T15:46:59.6263871+01:00" testType="13cdc9d9-ddb5-4fa4-a97d-d965ccfc6d4b" outcome="Passed" testListId="8c84fa94-04c1-424b-9868-57a2d4851a1d" relativeResultsDirectory="28bde825-1b6a-41cd-b9b1-81eaedfd49be" />
    <UnitTestResult executionId="347376c3-2812-4d44-9604-95da9abc03ab" testId="c716e274-8d35-b2a1-4808-fe6779275a47" testName="ActiveInteractionStateBinding_ShouldNotBeNull_WhenCtorIsCalled" computerName="DKSR-EFI-06" duration="00:00:00.0459581" startTime="2024-01-09T15:45:35.2325455+01:00" endTime="2024-01-09T15:45:35.2794225+01:00" testType="13cdc9d9-ddb5-4fa4-a97d-d965ccfc6d4b" outcome="Passed" testListId="8c84fa94-04c1-424b-9868-57a2d4851a1d" relativeResultsDirectory="347376c3-2812-4d44-9604-95da9abc03ab" />
    <UnitTestResult executionId="05ddc306-4219-445c-9820-82edf02812e6" testId="fd7a9f23-20c6-7435-b6cf-fa7d550f66d0" testName="FindSearchTemplatesAsync_ThrowException_Success" computerName="DKSR-EFI-06" duration="00:00:00.0068911" startTime="2024-01-09T15:46:44.3570614+01:00" endTime="2024-01-09T15:46:44.3726894+01:00" testType="13cdc9d9-ddb5-4fa4-a97d-d965ccfc6d4b" outcome="Passed" testListId="8c84fa94-04c1-424b-9868-57a2d4851a1d" relativeResultsDirectory="05ddc306-4219-445c-9820-82edf02812e6" />
    <UnitTestResult executionId="66945ee6-af75-40f5-b6dd-71b4175afad3" testId="310bd126-7eaa-5bf4-39f9-05d7e2e492eb" testName="MakeId_ShouldGenerateSameId_WhenResultsChangeOrderButResultsAreSame" computerName="DKSR-EFI-06" duration="00:00:00.0004824" startTime="2024-01-09T15:46:45.3884870+01:00" endTime="2024-01-09T15:46:45.3884870+01:00" testType="13cdc9d9-ddb5-4fa4-a97d-d965ccfc6d4b" outcome="Passed" testListId="8c84fa94-04c1-424b-9868-57a2d4851a1d" relativeResultsDirectory="66945ee6-af75-40f5-b6dd-71b4175afad3" />
    <UnitTestResult executionId="e1bd978f-6827-47d6-bae9-59ff7160ed00" testId="e5d551bc-1dd2-666f-0864-398b71d25710" testName="SignUrl_WhereUrlIsInvalid_ThrowException" computerName="DKSR-EFI-06" duration="00:00:00.0023752" startTime="2024-01-09T15:45:30.9825422+01:00" endTime="2024-01-09T15:45:30.9825422+01:00" testType="13cdc9d9-ddb5-4fa4-a97d-d965ccfc6d4b" outcome="Passed" testListId="8c84fa94-04c1-424b-9868-57a2d4851a1d" relativeResultsDirectory="e1bd978f-6827-47d6-bae9-59ff7160ed00" />
    <UnitTestResult executionId="1dd4bf9f-db5c-4d21-b6cb-4708d4a7d608" testId="5be7c8bc-c613-0652-ed73-c4eee352182b" testName="Deserialize_MissingPluginIdElement_Error" computerName="DKSR-EFI-06" duration="00:00:00.0008563" startTime="2024-01-09T15:46:45.5447586+01:00" endTime="2024-01-09T15:46:45.5447586+01:00" testType="13cdc9d9-ddb5-4fa4-a97d-d965ccfc6d4b" outcome="Passed" testListId="8c84fa94-04c1-424b-9868-57a2d4851a1d" relativeResultsDirectory="1dd4bf9f-db5c-4d21-b6cb-4708d4a7d608" />
    <UnitTestResult executionId="e2e417d6-804d-4b19-a28d-e5bd9ff908e6" testId="e833bb24-3fa7-84ca-0015-97d61c5799eb" testName="HandleGetDeviceData_ShouldReturnNotFoundDeviceData_WhenNotSupportedKind" computerName="DKSR-EFI-06" duration="00:00:00.0818537" startTime="2024-01-09T15:45:41.3106688+01:00" endTime="2024-01-09T15:45:41.3887934+01:00" testType="13cdc9d9-ddb5-4fa4-a97d-d965ccfc6d4b" outcome="Passed" testListId="8c84fa94-04c1-424b-9868-57a2d4851a1d" relativeResultsDirectory="e2e417d6-804d-4b19-a28d-e5bd9ff908e6" />
    <UnitTestResult executionId="98299d9d-7b2d-4c58-8f8c-0d5a442be3e4" testId="c34f42eb-c62c-cd70-fefe-eae8d43a9ea6" testName="OnMarkerSelected_ShouldSelectMarker_WhenNoExistingSelectionAndAddToSelectionIsTrue" computerName="DKSR-EFI-06" duration="00:00:00.0079352" startTime="2024-01-09T15:45:33.7481704+01:00" endTime="2024-01-09T15:45:33.7481704+01:00" testType="13cdc9d9-ddb5-4fa4-a97d-d965ccfc6d4b" outcome="Passed" testListId="8c84fa94-04c1-424b-9868-57a2d4851a1d" relativeResultsDirectory="98299d9d-7b2d-4c58-8f8c-0d5a442be3e4" />
    <UnitTestResult executionId="d0f57430-2b99-4db0-bb65-8a26375a3e29" testId="451bffc0-3ae5-2acf-fc45-f7a1232d7fdf" testName="Constructor_ShouldRaiseArgumentNullException_WhenGisMapViewModelIsNull" computerName="DKSR-EFI-06" duration="00:00:00.0599153" startTime="2024-01-09T15:45:30.4825415+01:00" endTime="2024-01-09T15:45:30.5450437+01:00" testType="13cdc9d9-ddb5-4fa4-a97d-d965ccfc6d4b" outcome="Passed" testListId="8c84fa94-04c1-424b-9868-57a2d4851a1d" relativeResultsDirectory="d0f57430-2b99-4db0-bb65-8a26375a3e29" />
    <UnitTestResult executionId="8fa4e4d2-4c77-410a-bbf7-be0d1f810bad" testId="ed8d77e0-76a5-81b3-8198-30c2ee7d220a" testName="TestChangeProperties_Name_Success" computerName="DKSR-EFI-06" duration="00:00:00.0074386" startTime="2024-01-09T15:47:00.6108981+01:00" endTime="2024-01-09T15:47:00.6265239+01:00" testType="13cdc9d9-ddb5-4fa4-a97d-d965ccfc6d4b" outcome="Passed" testListId="8c84fa94-04c1-424b-9868-57a2d4851a1d" relativeResultsDirectory="8fa4e4d2-4c77-410a-bbf7-be0d1f810bad" />
    <UnitTestResult executionId="b7528c98-cb53-47b1-962e-22cfae97affd" testId="1e845a4d-c6af-6717-84e9-62ec3d2affe9" testName="ShouldCameraListItemBeEnabledForCamera_ShouldReturnFalse_WhenSmartSearchIsNotAllowedForTheCamera" computerName="DKSR-EFI-06" duration="00:00:00.0057518" startTime="2024-01-09T15:47:00.4858866+01:00" endTime="2024-01-09T15:47:00.5015090+01:00" testType="13cdc9d9-ddb5-4fa4-a97d-d965ccfc6d4b" outcome="Passed" testListId="8c84fa94-04c1-424b-9868-57a2d4851a1d" relativeResultsDirectory="b7528c98-cb53-47b1-962e-22cfae97affd" />
    <UnitTestResult executionId="1343b28d-0b7f-4376-af7f-4d16fa3ed197" testId="593594fc-46c9-b9c0-d561-0e066e80633b" testName="No_warning_when_removing_camera_with_related_device_with_no_update_rights" computerName="DKSR-EFI-06" duration="00:00:00.0028238" startTime="2024-01-09T15:47:18.6462117+01:00" endTime="2024-01-09T15:47:18.6462117+01:00" testType="13cdc9d9-ddb5-4fa4-a97d-d965ccfc6d4b" outcome="Passed" testListId="8c84fa94-04c1-424b-9868-57a2d4851a1d" relativeResultsDirectory="1343b28d-0b7f-4376-af7f-4d16fa3ed197" />
    <UnitTestResult executionId="ede21bca-357c-4beb-b48c-d344b5d09e53" testId="27f390ff-a294-3ac4-6f34-9d39f621e68b" testName="Ctor_NullItems_ThrowsException" computerName="DKSR-EFI-06" duration="00:00:00.0003913" startTime="2024-01-09T15:47:11.0838470+01:00" endTime="2024-01-09T15:47:11.0979713+01:00" testType="13cdc9d9-ddb5-4fa4-a97d-d965ccfc6d4b" outcome="Passed" testListId="8c84fa94-04c1-424b-9868-57a2d4851a1d" relativeResultsDirectory="ede21bca-357c-4beb-b48c-d344b5d09e53" />
    <UnitTestResult executionId="46b32952-242c-42b8-80c3-0ba05b1994d4" testId="e2431222-69de-ae33-ddac-4a921de8419c" testName="BookmarkSearchTime_WithSearchStringInDifferentCases_ReturnCorrectBookmarkWithSearchStringInHeader (SeArChStRiNg,True,False,False,False,,,1)" computerName="DKSR-EFI-06" duration="00:00:00.0050148" startTime="2024-01-09T15:47:12.8327186+01:00" endTime="2024-01-09T15:47:12.8327186+01:00" testType="13cdc9d9-ddb5-4fa4-a97d-d965ccfc6d4b" outcome="Passed" testListId="8c84fa94-04c1-424b-9868-57a2d4851a1d" relativeResultsDirectory="46b32952-242c-42b8-80c3-0ba05b1994d4" />
    <UnitTestResult executionId="e9da7c99-911e-48bb-92e7-a4c2898b6af6" testId="80e1e452-82cf-b088-db40-d28f7d32c62d" testName="EdgeRetrieve when Other" computerName="DKSR-EFI-06" duration="00:00:00.0198280" startTime="2024-01-09T15:47:10.3946794+01:00" endTime="2024-01-09T15:47:10.6447369+01:00" testType="13cdc9d9-ddb5-4fa4-a97d-d965ccfc6d4b" outcome="Passed" testListId="8c84fa94-04c1-424b-9868-57a2d4851a1d" relativeResultsDirectory="e9da7c99-911e-48bb-92e7-a4c2898b6af6" />
    <UnitTestResult executionId="8ac32248-bd38-45e7-942f-c1dc6a7c40bc" testId="0ed09f5c-e815-112c-6aff-fe0dbd9b6f36" testName="Instance_ShouldBeSingleton_WhenCalled" computerName="DKSR-EFI-06" duration="00:00:00.0001975" startTime="2024-01-09T15:47:04.4085662+01:00" endTime="2024-01-09T15:47:04.4085662+01:00" testType="13cdc9d9-ddb5-4fa4-a97d-d965ccfc6d4b" outcome="Passed" testListId="8c84fa94-04c1-424b-9868-57a2d4851a1d" relativeResultsDirectory="8ac32248-bd38-45e7-942f-c1dc6a7c40bc" />
    <UnitTestResult executionId="b2efddcb-cd22-4b5f-9161-f48cd03d9acf" testId="da72df1e-3911-6673-65ef-dc8a157dd1ea" testName="SelectTemplate_NullItem_ReturnsPopupTemplate" computerName="DKSR-EFI-06" duration="00:00:00.0750034" startTime="2024-01-09T15:45:45.0455931+01:00" endTime="2024-01-09T15:45:45.1237420+01:00" testType="13cdc9d9-ddb5-4fa4-a97d-d965ccfc6d4b" outcome="Passed" testListId="8c84fa94-04c1-424b-9868-57a2d4851a1d" relativeResultsDirectory="b2efddcb-cd22-4b5f-9161-f48cd03d9acf" />
    <UnitTestResult executionId="81d82cfa-81ed-4589-8ff3-457d9ca5d996" testId="b583fd3b-a208-f88c-adeb-f397f1f95808" testName="GetDuration_OneHour_Success" computerName="DKSR-EFI-06" duration="00:00:00.0003350" startTime="2024-01-09T15:46:43.7475856+01:00" endTime="2024-01-09T15:46:43.7475856+01:00" testType="13cdc9d9-ddb5-4fa4-a97d-d965ccfc6d4b" outcome="Passed" testListId="8c84fa94-04c1-424b-9868-57a2d4851a1d" relativeResultsDirectory="81d82cfa-81ed-4589-8ff3-457d9ca5d996" />
    <UnitTestResult executionId="2d50e1ec-cfd5-4798-abfb-5a7fd3e2007d" testId="21a232b1-83c0-dfe7-7779-e914867076f2" testName="GetSearchTemplateAsync_ThrowException_Success" computerName="DKSR-EFI-06" duration="00:00:00.0052244" startTime="2024-01-09T15:46:44.3258117+01:00" endTime="2024-01-09T15:46:44.3414355+01:00" testType="13cdc9d9-ddb5-4fa4-a97d-d965ccfc6d4b" outcome="Passed" testListId="8c84fa94-04c1-424b-9868-57a2d4851a1d" relativeResultsDirectory="2d50e1ec-cfd5-4798-abfb-5a7fd3e2007d" />
    <UnitTestResult executionId="24434f35-d792-474a-82ba-3666569e7949" testId="2a5bdc9b-a4a1-6e5d-d8c0-74a33d9867c4" testName="BookmarkSearchTime_WithSearchStringInDifferentCases_ReturnCorrectBookmarkWithSearchStringInHeader (SeArChStRiNg,True,False,True,True,,,1)" computerName="DKSR-EFI-06" duration="00:00:00.0073201" startTime="2024-01-09T15:47:12.8014664+01:00" endTime="2024-01-09T15:47:12.8014664+01:00" testType="13cdc9d9-ddb5-4fa4-a97d-d965ccfc6d4b" outcome="Passed" testListId="8c84fa94-04c1-424b-9868-57a2d4851a1d" relativeResultsDirectory="24434f35-d792-474a-82ba-3666569e7949" />
    <UnitTestResult executionId="35ac0442-ed13-4f04-bc81-cd6f12463968" testId="9a1e0638-3454-96aa-be92-9d9c7a4bfa39" testName="GetItemsIn_BuildingNoLevelsNotIndexed_NoException" computerName="DKSR-EFI-06" duration="00:00:00.0452755" startTime="2024-01-09T15:47:08.2378761+01:00" endTime="2024-01-09T15:47:08.2847629+01:00" testType="13cdc9d9-ddb5-4fa4-a97d-d965ccfc6d4b" outcome="Passed" testListId="8c84fa94-04c1-424b-9868-57a2d4851a1d" relativeResultsDirectory="35ac0442-ed13-4f04-bc81-cd6f12463968" />
    <UnitTestResult executionId="adf7e7d7-1775-4a52-8b02-f6e7a377803a" testId="9f080b69-ff73-e1e5-ebe4-dd30c3c983a4" testName="GetActivatedOutputIconId_ShouldRaiseArgumentException_WhenArgumentIsNotADeactivatedOutputIconId" computerName="DKSR-EFI-06" duration="00:00:00.0009921" startTime="2024-01-09T15:47:04.4867206+01:00" endTime="2024-01-09T15:47:04.4867206+01:00" testType="13cdc9d9-ddb5-4fa4-a97d-d965ccfc6d4b" outcome="Passed" testListId="8c84fa94-04c1-424b-9868-57a2d4851a1d" relativeResultsDirectory="adf7e7d7-1775-4a52-8b02-f6e7a377803a" />
    <UnitTestResult executionId="30430a89-86d7-4022-baec-9f6cf141d76a" testId="76c6e850-3966-de20-82b6-519095d891a6" testName="Ctor_ShouldAddBasicUserCredentialsToCache_WhenServerAuthenticationIsSimple" computerName="DKSR-EFI-06" duration="00:00:00.0014900" startTime="2024-01-09T15:45:20.1700342+01:00" endTime="2024-01-09T15:45:20.1700342+01:00" testType="13cdc9d9-ddb5-4fa4-a97d-d965ccfc6d4b" outcome="Passed" testListId="8c84fa94-04c1-424b-9868-57a2d4851a1d" relativeResultsDirectory="30430a89-86d7-4022-baec-9f6cf141d76a" />
    <UnitTestResult executionId="8d0b0edc-767d-41c6-8e57-78d5ffe08d35" testId="d4287150-22c1-db59-46c8-b3a46f9472fc" testName="SearchResultDetailsView_MouseDoubleClick_AnimationEnabled_DetailsViewRemovedFromMainGrid" computerName="DKSR-EFI-06" duration="00:00:01.1973564" startTime="2024-01-09T15:45:56.7043741+01:00" endTime="2024-01-09T15:45:57.9076674+01:00" testType="13cdc9d9-ddb5-4fa4-a97d-d965ccfc6d4b" outcome="Passed" testListId="8c84fa94-04c1-424b-9868-57a2d4851a1d" relativeResultsDirectory="8d0b0edc-767d-41c6-8e57-78d5ffe08d35" />
    <UnitTestResult executionId="e7acf694-1420-4fd8-8476-2933e21939f0" testId="6681258b-ffc2-f0da-0c92-25b111f465fa" testName="OnMarkerSelected_ShouldAddMarkerToSelectionButNotStartInPlaceEditing_WhenExistingSelectionAndAddToSelectionIsTrue" computerName="DKSR-EFI-06" duration="00:00:00.0141705" startTime="2024-01-09T15:45:33.7481704+01:00" endTime="2024-01-09T15:45:33.7637985+01:00" testType="13cdc9d9-ddb5-4fa4-a97d-d965ccfc6d4b" outcome="Passed" testListId="8c84fa94-04c1-424b-9868-57a2d4851a1d" relativeResultsDirectory="e7acf694-1420-4fd8-8476-2933e21939f0" />
    <UnitTestResult executionId="c47af19a-5842-4ad7-94d5-fbdf50437488" testId="2a8e52f2-e158-9e1f-e00b-d901637dc8ba" testName="Password1 invalid, Password 2 invalid" computerName="DKSR-EFI-06" duration="00:00:00.0007004" startTime="2024-01-09T15:45:44.4203980+01:00" endTime="2024-01-09T15:45:44.4203980+01:00" testType="13cdc9d9-ddb5-4fa4-a97d-d965ccfc6d4b" outcome="Passed" testListId="8c84fa94-04c1-424b-9868-57a2d4851a1d" relativeResultsDirectory="c47af19a-5842-4ad7-94d5-fbdf50437488" />
    <UnitTestResult executionId="d22048b9-9aa7-4fe8-8783-c57a617abce5" testId="e119e886-63ff-9e4b-f30c-287618dff31a" testName="PatrollingProfileListViewModel_Save_CreateProfile" computerName="DKSR-EFI-06" duration="00:00:00.0082365" startTime="2024-01-09T15:47:09.4725886+01:00" endTime="2024-01-09T15:47:09.4882043+01:00" testType="13cdc9d9-ddb5-4fa4-a97d-d965ccfc6d4b" outcome="Passed" testListId="8c84fa94-04c1-424b-9868-57a2d4851a1d" relativeResultsDirectory="d22048b9-9aa7-4fe8-8783-c57a617abce5" />
    <UnitTestResult executionId="e9deee08-7335-4a4a-bbec-25214e1c2af2" testId="59991295-e7c5-ae1a-4d3d-515c29cc9e2b" testName="ResolveSearchDefinitions_ShouldReturnResultSearchDefinition_WhenCombinedSearchResultWithMultipleSubResultAndSearchDefinitionsContainingCorrectSearchDefinitionsAreGiven" computerName="DKSR-EFI-06" duration="00:00:00.0009450" startTime="2024-01-09T15:46:43.9351174+01:00" endTime="2024-01-09T15:46:43.9351174+01:00" testType="13cdc9d9-ddb5-4fa4-a97d-d965ccfc6d4b" outcome="Passed" testListId="8c84fa94-04c1-424b-9868-57a2d4851a1d" relativeResultsDirectory="e9deee08-7335-4a4a-bbec-25214e1c2af2" />
    <UnitTestResult executionId="08ccc8c3-0dc1-4457-84cd-0c0d98fd0aa1" testId="0a4e5b36-6578-df3d-cfd2-3d6ee660820a" testName="GetClusters_ExcludeFromClustering_OnlyClustersForExcludedItems (Data Row 18)" computerName="DKSR-EFI-06" duration="00:00:00.0114636" startTime="2024-01-09T15:47:07.4876662+01:00" endTime="2024-01-09T15:47:07.8627695+01:00" testType="13cdc9d9-ddb5-4fa4-a97d-d965ccfc6d4b" outcome="Passed" testListId="8c84fa94-04c1-424b-9868-57a2d4851a1d" relativeResultsDirectory="08ccc8c3-0dc1-4457-84cd-0c0d98fd0aa1" />
    <UnitTestResult executionId="ce6453ba-dc02-4898-9828-ae25cc74fcf8" testId="c80c8876-22f6-262f-2179-9c2d308f50c4" testName="HasWritePermissionOnDir_WriteDenied_ReturnsFalse" computerName="DKSR-EFI-06" duration="00:00:00.0008518" startTime="2024-01-09T15:46:43.4350260+01:00" endTime="2024-01-09T15:46:43.4350260+01:00" testType="13cdc9d9-ddb5-4fa4-a97d-d965ccfc6d4b" outcome="Passed" testListId="8c84fa94-04c1-424b-9868-57a2d4851a1d" relativeResultsDirectory="ce6453ba-dc02-4898-9828-ae25cc74fcf8" />
    <UnitTestResult executionId="411d1c2a-6f1c-4983-9385-6328d60533bf" testId="2d0e7e74-3dc2-b64e-e8df-81c281af4e3d" testName="SupportsRightClick_ShouldBeFalse_WhenInteractionStateIsNotNormal" computerName="DKSR-EFI-06" duration="00:00:00.0902125" startTime="2024-01-09T15:45:38.0606700+01:00" endTime="2024-01-09T15:45:38.1544177+01:00" testType="13cdc9d9-ddb5-4fa4-a97d-d965ccfc6d4b" outcome="Passed" testListId="8c84fa94-04c1-424b-9868-57a2d4851a1d" relativeResultsDirectory="411d1c2a-6f1c-4983-9385-6328d60533bf" />
    <UnitTestResult executionId="391842f6-b550-495b-bdf4-2befa9cff893" testId="4ded814a-816b-915a-dcce-433d1dc05ab0" testName="PtzSessionControllerInfo_UserChangedTest_Different_CameraId" computerName="DKSR-EFI-06" duration="00:00:00.0003786" startTime="2024-01-09T15:45:19.5919077+01:00" endTime="2024-01-09T15:45:19.5919077+01:00" testType="13cdc9d9-ddb5-4fa4-a97d-d965ccfc6d4b" outcome="Passed" testListId="8c84fa94-04c1-424b-9868-57a2d4851a1d" relativeResultsDirectory="391842f6-b550-495b-bdf4-2befa9cff893" />
    <UnitTestResult executionId="eac38202-b60f-4658-bac1-571c72fbd9c1" testId="604833d7-d8a0-cb51-77cf-d5e2a38bc181" testName="PtzInfoViewModel_PtzCotrolledByUnknownTest" computerName="DKSR-EFI-06" duration="00:00:00.0024073" startTime="2024-01-09T15:45:21.4044100+01:00" endTime="2024-01-09T15:45:21.4044100+01:00" testType="13cdc9d9-ddb5-4fa4-a97d-d965ccfc6d4b" outcome="Passed" testListId="8c84fa94-04c1-424b-9868-57a2d4851a1d" relativeResultsDirectory="eac38202-b60f-4658-bac1-571c72fbd9c1" />
    <UnitTestResult executionId="3eac478e-135a-4cf9-8a45-91bbfb45f0c6" testId="092a5f5d-5e92-e7c2-e812-620b9e6c3275" testName="Convert_NoCamerasSelectionsAndNoSearchDefinitions_Collapsed" computerName="DKSR-EFI-06" duration="00:00:00.0002851" startTime="2024-01-09T15:46:14.3805184+01:00" endTime="2024-01-09T15:46:14.3805184+01:00" testType="13cdc9d9-ddb5-4fa4-a97d-d965ccfc6d4b" outcome="Passed" testListId="8c84fa94-04c1-424b-9868-57a2d4851a1d" relativeResultsDirectory="3eac478e-135a-4cf9-8a45-91bbfb45f0c6" />
    <UnitTestResult executionId="d4a45463-c785-45fd-bb20-be4910fad1ea" testId="bddb2a40-1daa-d4bf-c455-d8a073e5d8cf" testName="SelectTemplate_UseInDialogEdit_ReturnsInDialogTemplate" computerName="DKSR-EFI-06" duration="00:00:00.0008811" startTime="2024-01-09T15:45:45.2018912+01:00" endTime="2024-01-09T15:45:45.2018912+01:00" testType="13cdc9d9-ddb5-4fa4-a97d-d965ccfc6d4b" outcome="Passed" testListId="8c84fa94-04c1-424b-9868-57a2d4851a1d" relativeResultsDirectory="d4a45463-c785-45fd-bb20-be4910fad1ea" />
    <UnitTestResult executionId="420132d4-dfd8-4a6b-ac62-c4207c897430" testId="70311a0a-2853-d903-384a-e493017e2da4" testName="Constructor_ShouldRaiseArgumentNullException_WhenNavigationHistoryIsNull" computerName="DKSR-EFI-06" duration="00:00:00.0210360" startTime="2024-01-09T15:45:29.4044188+01:00" endTime="2024-01-09T15:45:29.4356679+01:00" testType="13cdc9d9-ddb5-4fa4-a97d-d965ccfc6d4b" outcome="Passed" testListId="8c84fa94-04c1-424b-9868-57a2d4851a1d" relativeResultsDirectory="420132d4-dfd8-4a6b-ac62-c4207c897430" />
    <UnitTestResult executionId="545e177d-09dc-42da-824d-de5ea7698390" testId="bf9b3a45-d909-447b-010d-271720cc6b13" testName="CreateReportCommand_InvalidPath_ErrorDialogShown" computerName="DKSR-EFI-06" duration="00:00:00.0133321" startTime="2024-01-09T15:46:34.6672311+01:00" endTime="2024-01-09T15:46:34.6828574+01:00" testType="13cdc9d9-ddb5-4fa4-a97d-d965ccfc6d4b" outcome="Passed" testListId="8c84fa94-04c1-424b-9868-57a2d4851a1d" relativeResultsDirectory="545e177d-09dc-42da-824d-de5ea7698390" />
    <UnitTestResult executionId="ac04a395-24dd-42b5-be59-962f1410c1a0" testId="3f089a4c-2d32-ba99-dedb-fa96b9528cb6" testName="HandleGetDeviceData_ShouldReturnNotFoundDeviceData_WhenMicrophoneKindAndNonExistingMicrophoneId" computerName="DKSR-EFI-06" duration="00:00:00.0638292" startTime="2024-01-09T15:45:41.4981718+01:00" endTime="2024-01-09T15:45:41.5606693+01:00" testType="13cdc9d9-ddb5-4fa4-a97d-d965ccfc6d4b" outcome="Passed" testListId="8c84fa94-04c1-424b-9868-57a2d4851a1d" relativeResultsDirectory="ac04a395-24dd-42b5-be59-962f1410c1a0" />
    <UnitTestResult executionId="a7d6ea0b-6847-4805-9579-ccb25bad1a93" testId="f6d8789c-bf6f-a41e-00b0-0d3a9016c658" testName="AddToExportTuples_ShouldReturnCorrectResult (0,0,1)" computerName="DKSR-EFI-06" duration="00:00:00.0016467" startTime="2024-01-09T15:47:11.5824560+01:00" endTime="2024-01-09T15:47:11.5824560+01:00" testType="13cdc9d9-ddb5-4fa4-a97d-d965ccfc6d4b" outcome="Passed" testListId="8c84fa94-04c1-424b-9868-57a2d4851a1d" relativeResultsDirectory="a7d6ea0b-6847-4805-9579-ccb25bad1a93" />
    <UnitTestResult executionId="9543cf6e-babd-4c63-80b3-79e9352b2ef6" testId="432a45cf-3feb-7030-7c65-5254973ebb20" testName="AddSelectedCameras_WithActiveSearchTemplateAndValidCamera_ActiveSearchTemplateModifiedSet" computerName="DKSR-EFI-06" duration="00:00:00.0247378" startTime="2024-01-09T15:46:36.7147225+01:00" endTime="2024-01-09T15:46:36.7459847+01:00" testType="13cdc9d9-ddb5-4fa4-a97d-d965ccfc6d4b" outcome="Passed" testListId="8c84fa94-04c1-424b-9868-57a2d4851a1d" relativeResultsDirectory="9543cf6e-babd-4c63-80b3-79e9352b2ef6" />
    <UnitTestResult executionId="1d398c3b-16c2-443a-818b-0a006630a1bc" testId="6fee5694-49d5-a68c-4692-637882795255" testName="Ctor_OneBuiltInGroupDefined_OneCompositeAgentAddedAndOneStandardAgentAdded" computerName="DKSR-EFI-06" duration="00:00:00.0061151" startTime="2024-01-09T15:46:59.6576484+01:00" endTime="2024-01-09T15:46:59.6576484+01:00" testType="13cdc9d9-ddb5-4fa4-a97d-d965ccfc6d4b" outcome="Passed" testListId="8c84fa94-04c1-424b-9868-57a2d4851a1d" relativeResultsDirectory="1d398c3b-16c2-443a-818b-0a006630a1bc" />
    <UnitTestResult executionId="a49705d0-7fbf-46ef-8f3f-37e4dadd1821" testId="d02218a8-fae4-70d3-39b6-dbd98bfacc73" testName="PinkOemResourcesTest" computerName="DKSR-EFI-06" duration="00:00:00.4308729" startTime="2024-01-09T15:47:16.7240523+01:00" endTime="2024-01-09T15:47:17.1616241+01:00" testType="13cdc9d9-ddb5-4fa4-a97d-d965ccfc6d4b" outcome="Passed" testListId="8c84fa94-04c1-424b-9868-57a2d4851a1d" relativeResultsDirectory="a49705d0-7fbf-46ef-8f3f-37e4dadd1821" />
    <UnitTestResult executionId="40256807-3d5d-41dd-9fb6-62168e68bd3a" testId="0fb4b7bb-e522-c3cc-c43e-c8a8d68a12cc" testName="GetDuration_LessThanOneMinute_Success" computerName="DKSR-EFI-06" duration="00:00:00.0016106" startTime="2024-01-09T15:46:43.7319574+01:00" endTime="2024-01-09T15:46:43.7475856+01:00" testType="13cdc9d9-ddb5-4fa4-a97d-d965ccfc6d4b" outcome="Passed" testListId="8c84fa94-04c1-424b-9868-57a2d4851a1d" relativeResultsDirectory="40256807-3d5d-41dd-9fb6-62168e68bd3a" />
    <UnitTestResult executionId="9cc97924-2861-440e-b82c-3baa7350cbe2" testId="652759b5-622f-10aa-539b-69455d2a0fcb" testName="OnLayersRetrieved_ShouldSetComponentsToCamera_WhenLayersCollectionContainsCamera" computerName="DKSR-EFI-06" duration="00:00:00.0195672" startTime="2024-01-09T15:45:28.6700445+01:00" endTime="2024-01-09T15:45:28.6856667+01:00" testType="13cdc9d9-ddb5-4fa4-a97d-d965ccfc6d4b" outcome="Passed" testListId="8c84fa94-04c1-424b-9868-57a2d4851a1d" relativeResultsDirectory="9cc97924-2861-440e-b82c-3baa7350cbe2" />
    <UnitTestResult executionId="4213869a-8745-4eab-ac86-8e03f21fde6a" testId="6fad06d6-6e6b-b6b2-c6ce-b133426e326c" testName="GetLayerFeatures_ShouldReturnInputLayerFeaturesBasedOnInputItemsMapLayer_WhenInputKind" computerName="DKSR-EFI-06" duration="00:00:00.0017471" startTime="2024-01-09T15:47:07.3313712+01:00" endTime="2024-01-09T15:47:07.3313712+01:00" testType="13cdc9d9-ddb5-4fa4-a97d-d965ccfc6d4b" outcome="Passed" testListId="8c84fa94-04c1-424b-9868-57a2d4851a1d" relativeResultsDirectory="4213869a-8745-4eab-ac86-8e03f21fde6a" />
    <UnitTestResult executionId="6f2d81e3-477a-4fbf-a63d-4debd7c1b23b" testId="76f114f4-6a41-0573-26af-b718e6fbb07c" testName="RightButtonUp_ShouldSetActiveInteractionStateToNormal_WhenInteractionStateIsNotAddNewDevice" computerName="DKSR-EFI-06" duration="00:00:00.0300758" startTime="2024-01-09T15:45:31.3262931+01:00" endTime="2024-01-09T15:45:31.3575448+01:00" testType="13cdc9d9-ddb5-4fa4-a97d-d965ccfc6d4b" outcome="Passed" testListId="8c84fa94-04c1-424b-9868-57a2d4851a1d" relativeResultsDirectory="6f2d81e3-477a-4fbf-a63d-4debd7c1b23b" />
    <UnitTestResult executionId="bf0ab629-5f08-4a8e-ac18-c2255870c860" testId="401d2e62-9623-23c2-8f1c-f70d5a6debc1" testName="CreateDefinition_ModelReturnsNullDefinition_ReturnsNull" computerName="DKSR-EFI-06" duration="00:00:00.0059829" startTime="2024-01-09T15:46:44.6383610+01:00" endTime="2024-01-09T15:46:44.6383610+01:00" testType="13cdc9d9-ddb5-4fa4-a97d-d965ccfc6d4b" outcome="Passed" testListId="8c84fa94-04c1-424b-9868-57a2d4851a1d" relativeResultsDirectory="bf0ab629-5f08-4a8e-ac18-c2255870c860" />
    <UnitTestResult executionId="c91dce63-1dd4-4166-b7b9-001fadcabcf3" testId="fcc71f98-4fa9-3c89-a58d-cfe34dc4476c" testName="GetUtcToday_UtcTimeZoneDst_Success" computerName="DKSR-EFI-06" duration="00:00:00.0004419" startTime="2024-01-09T15:46:43.7632110+01:00" endTime="2024-01-09T15:46:43.7632110+01:00" testType="13cdc9d9-ddb5-4fa4-a97d-d965ccfc6d4b" outcome="Passed" testListId="8c84fa94-04c1-424b-9868-57a2d4851a1d" relativeResultsDirectory="c91dce63-1dd4-4166-b7b9-001fadcabcf3" />
    <UnitTestResult executionId="a53683b4-25da-4040-9973-378313f9ff8d" testId="f91b226d-2b49-7c62-7356-ad2379db1ec6" testName="AddToExportTuples_ShouldReturnCorrectResult (0,1,1)" computerName="DKSR-EFI-06" duration="00:00:00.0022984" startTime="2024-01-09T15:47:11.5824560+01:00" endTime="2024-01-09T15:47:11.5980838+01:00" testType="13cdc9d9-ddb5-4fa4-a97d-d965ccfc6d4b" outcome="Passed" testListId="8c84fa94-04c1-424b-9868-57a2d4851a1d" relativeResultsDirectory="a53683b4-25da-4040-9973-378313f9ff8d" />
    <UnitTestResult executionId="aadde4c9-aeb7-4962-b358-f178ad8d6ab8" testId="7303b39e-095c-d519-9482-2df53e696cb0" testName="ValidEncryptionStrengthsForExport_ShouldOnlyReturnAes256_WhenLegacyEncryptionNotEnabledInAppConfig" computerName="DKSR-EFI-06" duration="00:00:00.0038750" startTime="2024-01-09T15:47:13.4734844+01:00" endTime="2024-01-09T15:47:13.4734844+01:00" testType="13cdc9d9-ddb5-4fa4-a97d-d965ccfc6d4b" outcome="Passed" testListId="8c84fa94-04c1-424b-9868-57a2d4851a1d" relativeResultsDirectory="aadde4c9-aeb7-4962-b358-f178ad8d6ab8" />
    <UnitTestResult executionId="02ebbe5e-f6ad-4c81-be6d-81212c15fc69" testId="4f80de53-a9c2-6ff5-bbd6-96cbb2c56bea" testName="ToSafeName_UnderscoreSeperator_Failure" computerName="DKSR-EFI-06" duration="00:00:00.0005000" startTime="2024-01-09T15:47:17.6304474+01:00" endTime="2024-01-09T15:47:17.6460726+01:00" testType="13cdc9d9-ddb5-4fa4-a97d-d965ccfc6d4b" outcome="Passed" testListId="8c84fa94-04c1-424b-9868-57a2d4851a1d" relativeResultsDirectory="02ebbe5e-f6ad-4c81-be6d-81212c15fc69" />
    <UnitTestResult executionId="3222d3ba-cf96-4382-a470-7a81e17685a1" testId="37dfb702-000b-b79c-bfb4-f3293626a799" testName="HandleGetLayerFeatures_ShouldRaiseArgumentException_WhenNotMicrophoneKind" computerName="DKSR-EFI-06" duration="00:00:00.0025182" startTime="2024-01-09T15:47:07.1907144+01:00" endTime="2024-01-09T15:47:07.2063376+01:00" testType="13cdc9d9-ddb5-4fa4-a97d-d965ccfc6d4b" outcome="Passed" testListId="8c84fa94-04c1-424b-9868-57a2d4851a1d" relativeResultsDirectory="3222d3ba-cf96-4382-a470-7a81e17685a1" />
    <UnitTestResult executionId="a1022e9d-a7c9-410e-9be5-ebf6df7fbfce" testId="ff572efe-33da-3147-c10c-1641937b78fe" testName="TestHasCapapability_DoesNotHave_Success" computerName="DKSR-EFI-06" duration="00:00:00.0001274" startTime="2024-01-09T15:47:07.4720352+01:00" endTime="2024-01-09T15:47:07.4720352+01:00" testType="13cdc9d9-ddb5-4fa4-a97d-d965ccfc6d4b" outcome="Passed" testListId="8c84fa94-04c1-424b-9868-57a2d4851a1d" relativeResultsDirectory="a1022e9d-a7c9-410e-9be5-ebf6df7fbfce" />
    <UnitTestResult executionId="50aea967-2fc3-4879-ba39-53c3e29c3bfb" testId="a112e5f5-c328-3fe0-6f6d-307e1fa97026" testName="Compare_NullVsNotNullDescending_LessThan" computerName="DKSR-EFI-06" duration="00:00:00.0002341" startTime="2024-01-09T15:46:45.4041121+01:00" endTime="2024-01-09T15:46:45.4041121+01:00" testType="13cdc9d9-ddb5-4fa4-a97d-d965ccfc6d4b" outcome="Passed" testListId="8c84fa94-04c1-424b-9868-57a2d4851a1d" relativeResultsDirectory="50aea967-2fc3-4879-ba39-53c3e29c3bfb" />
    <UnitTestResult executionId="65bef957-d389-4d43-8ad8-32300d812dd8" testId="02ca40da-1acc-291d-7447-d3e7fda89520" testName="Retention_Options_Are_Intersected" computerName="DKSR-EFI-06" duration="00:00:00.0731938" startTime="2024-01-09T15:47:18.4743213+01:00" endTime="2024-01-09T15:47:18.5368312+01:00" testType="13cdc9d9-ddb5-4fa4-a97d-d965ccfc6d4b" outcome="Passed" testListId="8c84fa94-04c1-424b-9868-57a2d4851a1d" relativeResultsDirectory="65bef957-d389-4d43-8ad8-32300d812dd8" />
    <UnitTestResult executionId="4a1d1b05-14b5-4326-a3ab-1aa6bc6f04c9" testId="84b93a3f-06e6-2db5-d48c-76967b5d9e52" testName="True" computerName="DKSR-EFI-06" duration="00:00:00.0011015" startTime="2024-01-09T15:47:12.0356806+01:00" endTime="2024-01-09T15:47:12.0356806+01:00" testType="13cdc9d9-ddb5-4fa4-a97d-d965ccfc6d4b" outcome="Passed" testListId="8c84fa94-04c1-424b-9868-57a2d4851a1d" relativeResultsDirectory="4a1d1b05-14b5-4326-a3ab-1aa6bc6f04c9" />
    <UnitTestResult executionId="8f05c9d3-f0ab-4d68-ae91-721ae16e7c8b" testId="0f92f552-4017-16fb-01c6-431cdb4f66b2" testName="DeviceSelectorWindow_ShouldUpdatePosition_WhenMaximizedMainWindow" computerName="DKSR-EFI-06" duration="00:00:00.0855192" startTime="2024-01-09T15:45:26.6544139+01:00" endTime="2024-01-09T15:45:26.7326651+01:00" testType="13cdc9d9-ddb5-4fa4-a97d-d965ccfc6d4b" outcome="Passed" testListId="8c84fa94-04c1-424b-9868-57a2d4851a1d" relativeResultsDirectory="8f05c9d3-f0ab-4d68-ae91-721ae16e7c8b" />
    <UnitTestResult executionId="ef67db36-e1c7-445a-bfaa-b8b3578d0bfe" testId="55521edb-a4b7-bc99-96a2-4a68c93fc884" testName="BoundingBoxInvalidData" computerName="DKSR-EFI-06" duration="00:00:00.0645674" startTime="2024-01-09T15:47:13.2703131+01:00" endTime="2024-01-09T15:47:13.3328221+01:00" testType="13cdc9d9-ddb5-4fa4-a97d-d965ccfc6d4b" outcome="Passed" testListId="8c84fa94-04c1-424b-9868-57a2d4851a1d" relativeResultsDirectory="ef67db36-e1c7-445a-bfaa-b8b3578d0bfe" />
    <UnitTestResult executionId="683b2296-f7d4-49a1-b58e-8439c8910b72" testId="ef94c6fe-3d3c-a109-4351-ac27f971b64d" testName="AddToSearchSelectedEvent_AllCategoriesSelected_Success" computerName="DKSR-EFI-06" duration="00:00:00.0358489" startTime="2024-01-09T15:46:34.1514443+01:00" endTime="2024-01-09T15:46:34.1826914+01:00" testType="13cdc9d9-ddb5-4fa4-a97d-d965ccfc6d4b" outcome="Passed" testListId="8c84fa94-04c1-424b-9868-57a2d4851a1d" relativeResultsDirectory="683b2296-f7d4-49a1-b58e-8439c8910b72" />
    <UnitTestResult executionId="385923db-ecdb-47f7-8e74-d56a7da3ef6a" testId="9337e38c-4624-4f1b-786d-f8be59a53622" testName="MutedMicrophoneIcons_ShouldReturnIconsInAProperOrder_WhenCalled" computerName="DKSR-EFI-06" duration="00:00:00.0028043" startTime="2024-01-09T15:47:04.4398330+01:00" endTime="2024-01-09T15:47:04.4398330+01:00" testType="13cdc9d9-ddb5-4fa4-a97d-d965ccfc6d4b" outcome="Passed" testListId="8c84fa94-04c1-424b-9868-57a2d4851a1d" relativeResultsDirectory="385923db-ecdb-47f7-8e74-d56a7da3ef6a" />
    <UnitTestResult executionId="d79f3879-f2fc-4536-9667-b2535605abbd" testId="fd55daeb-7419-55fa-3178-07b8b00e171d" testName="Constructor_ShouldAttachOnUpdateMutedMicrophonesRaised_WhenCalled" computerName="DKSR-EFI-06" duration="00:00:00.0243471" startTime="2024-01-09T15:47:04.7368043+01:00" endTime="2024-01-09T15:47:04.7680984+01:00" testType="13cdc9d9-ddb5-4fa4-a97d-d965ccfc6d4b" outcome="Passed" testListId="8c84fa94-04c1-424b-9868-57a2d4851a1d" relativeResultsDirectory="d79f3879-f2fc-4536-9667-b2535605abbd" />
    <UnitTestResult executionId="65cde81c-a46d-44e4-a84b-d9d7bd6a76f1" testId="5304ef5f-6f68-f464-023c-0e8f2792256b" testName="Command_WithNullActivateResult_PluginInstanceActivatedCalled" computerName="DKSR-EFI-06" duration="00:00:00.0036836" startTime="2024-01-09T15:46:36.1208012+01:00" endTime="2024-01-09T15:46:36.1208012+01:00" testType="13cdc9d9-ddb5-4fa4-a97d-d965ccfc6d4b" outcome="Passed" testListId="8c84fa94-04c1-424b-9868-57a2d4851a1d" relativeResultsDirectory="65cde81c-a46d-44e4-a84b-d9d7bd6a76f1" />
    <UnitTestResult executionId="dc880114-a2f3-4bc9-9916-f125bdb3e76c" testId="1869091f-40a7-b7a8-b1dc-92bece636d41" testName="ToUnsafeName_SingleSafeName_Success" computerName="DKSR-EFI-06" duration="00:00:00.0001023" startTime="2024-01-09T15:47:17.6616992+01:00" endTime="2024-01-09T15:47:17.6616992+01:00" testType="13cdc9d9-ddb5-4fa4-a97d-d965ccfc6d4b" outcome="Passed" testListId="8c84fa94-04c1-424b-9868-57a2d4851a1d" relativeResultsDirectory="dc880114-a2f3-4bc9-9916-f125bdb3e76c" />
    <UnitTestResult executionId="fa481cff-5dc3-4912-bbd4-211add75e0c3" testId="b11ed0cb-92ec-eb39-adbe-7566a1ca86ed" testName="GetClusters_Milestone_DifferentZoom_Success" computerName="DKSR-EFI-06" duration="00:00:00.0538023" startTime="2024-01-09T15:47:08.3472808+01:00" endTime="2024-01-09T15:47:08.3941999+01:00" testType="13cdc9d9-ddb5-4fa4-a97d-d965ccfc6d4b" outcome="Passed" testListId="8c84fa94-04c1-424b-9868-57a2d4851a1d" relativeResultsDirectory="fa481cff-5dc3-4912-bbd4-211add75e0c3" />
    <UnitTestResult executionId="a605a770-1d06-4906-90c6-ef5d9c45aff1" testId="f959810f-2600-c7c3-3e3a-8928298ba128" testName="SetItemOutlines_OutlinesNull_Success" computerName="DKSR-EFI-06" duration="00:00:00.0165180" startTime="2024-01-09T15:45:39.6544171+01:00" endTime="2024-01-09T15:45:39.6700884+01:00" testType="13cdc9d9-ddb5-4fa4-a97d-d965ccfc6d4b" outcome="Passed" testListId="8c84fa94-04c1-424b-9868-57a2d4851a1d" relativeResultsDirectory="a605a770-1d06-4906-90c6-ef5d9c45aff1" />
    <UnitTestResult executionId="592225d1-161b-4982-a4f2-49cee109b0ef" testId="f6cae615-2487-dbea-6964-0ccca1418db3" testName="GetPrivacyMaskTest" computerName="DKSR-EFI-06" duration="00:00:00.0003101" startTime="2024-01-09T15:47:15.3957044+01:00" endTime="2024-01-09T15:47:15.3957044+01:00" testType="13cdc9d9-ddb5-4fa4-a97d-d965ccfc6d4b" outcome="Passed" testListId="8c84fa94-04c1-424b-9868-57a2d4851a1d" relativeResultsDirectory="592225d1-161b-4982-a4f2-49cee109b0ef" />
    <UnitTestResult executionId="c6a97b70-b080-47e3-91e0-8a152bbea39e" testId="07465ce7-6373-2a9f-806a-3101b38a9200" testName="ComparerSet_NewValue_EventFired" computerName="DKSR-EFI-06" duration="00:00:00.0151990" startTime="2024-01-09T15:46:45.1696996+01:00" endTime="2024-01-09T15:46:45.1853356+01:00" testType="13cdc9d9-ddb5-4fa4-a97d-d965ccfc6d4b" outcome="Passed" testListId="8c84fa94-04c1-424b-9868-57a2d4851a1d" relativeResultsDirectory="c6a97b70-b080-47e3-91e0-8a152bbea39e" />
    <UnitTestResult executionId="9b1239cc-6b0f-4d38-8c1a-866404c36ae4" testId="a96b347d-5d1c-d89b-916b-371c05303b3e" testName="ActiveInteractionStateBinding_ShouldNotBeNull_WhenCtorIsCalled" computerName="DKSR-EFI-06" duration="00:00:00.0562441" startTime="2024-01-09T15:45:34.8419227+01:00" endTime="2024-01-09T15:45:34.8887988+01:00" testType="13cdc9d9-ddb5-4fa4-a97d-d965ccfc6d4b" outcome="Passed" testListId="8c84fa94-04c1-424b-9868-57a2d4851a1d" relativeResultsDirectory="9b1239cc-6b0f-4d38-8c1a-866404c36ae4" />
    <UnitTestResult executionId="c9c38ff2-bac2-4df3-a131-2ecb086b1630" testId="bcf3e398-10f5-c5db-c0c4-dde95790e302" testName="GetDeviceData_ShouldReturnNotFoundDeviceData_WhenNotSupportedKind" computerName="DKSR-EFI-06" duration="00:00:00.0742961" startTime="2024-01-09T15:45:42.3887918+01:00" endTime="2024-01-09T15:45:42.4669195+01:00" testType="13cdc9d9-ddb5-4fa4-a97d-d965ccfc6d4b" outcome="Passed" testListId="8c84fa94-04c1-424b-9868-57a2d4851a1d" relativeResultsDirectory="c9c38ff2-bac2-4df3-a131-2ecb086b1630" />
    <UnitTestResult executionId="bb49b530-5bf1-404c-93ec-ad7056ce2196" testId="ea1b5845-13e0-a3f9-5ed1-720958ca2d0a" testName="SetItemOutlines_ItemNull_Exception" computerName="DKSR-EFI-06" duration="00:00:00.0141256" startTime="2024-01-09T15:45:39.6231712+01:00" endTime="2024-01-09T15:45:39.6387942+01:00" testType="13cdc9d9-ddb5-4fa4-a97d-d965ccfc6d4b" outcome="Passed" testListId="8c84fa94-04c1-424b-9868-57a2d4851a1d" relativeResultsDirectory="bb49b530-5bf1-404c-93ec-ad7056ce2196" />
    <UnitTestResult executionId="8b7183c6-d966-4f72-9a83-7813766759a3" testId="04c83cca-8782-2962-eccb-1c1b5d4d8166" testName="SelectTemplate_UseInlineEditTrue_ReturnsInlineTemplate" computerName="DKSR-EFI-06" duration="00:00:00.0287418" startTime="2024-01-09T15:45:45.1237420+01:00" endTime="2024-01-09T15:45:45.1550006+01:00" testType="13cdc9d9-ddb5-4fa4-a97d-d965ccfc6d4b" outcome="Passed" testListId="8c84fa94-04c1-424b-9868-57a2d4851a1d" relativeResultsDirectory="8b7183c6-d966-4f72-9a83-7813766759a3" />
    <UnitTestResult executionId="6c1c2d88-7104-42c3-aaae-521875330c6a" testId="6da1ad54-af03-13ff-88b0-777550297923" testName="SetItemOutlines_OutlinesSome_Success" computerName="DKSR-EFI-06" duration="00:00:00.0204346" startTime="2024-01-09T15:45:39.7012963+01:00" endTime="2024-01-09T15:45:39.7169200+01:00" testType="13cdc9d9-ddb5-4fa4-a97d-d965ccfc6d4b" outcome="Passed" testListId="8c84fa94-04c1-424b-9868-57a2d4851a1d" relativeResultsDirectory="6c1c2d88-7104-42c3-aaae-521875330c6a" />
    <UnitTestResult executionId="93ec57ed-36b5-42cd-be2a-207ff7564564" testId="776120a9-8caa-dd82-0111-de02703fa844" testName="ImageMaskDto_ShouldYieldSameValues_WhenRoundTripConverted" computerName="DKSR-EFI-06" duration="00:00:00.0030595" startTime="2024-01-09T15:45:08.9668825+01:00" endTime="2024-01-09T15:45:08.9668825+01:00" testType="13cdc9d9-ddb5-4fa4-a97d-d965ccfc6d4b" outcome="Passed" testListId="8c84fa94-04c1-424b-9868-57a2d4851a1d" relativeResultsDirectory="93ec57ed-36b5-42cd-be2a-207ff7564564" />
    <UnitTestResult executionId="80bbfbb8-a992-46e9-9552-69f774b57fb6" testId="f63c2d26-77b7-377e-2b59-219fb8f0f7b9" testName="CameraMapItem_UpdateName_Rejected" computerName="DKSR-EFI-06" duration="00:00:00.0346419" startTime="2024-01-09T15:47:02.2986610+01:00" endTime="2024-01-09T15:47:02.3455397+01:00" testType="13cdc9d9-ddb5-4fa4-a97d-d965ccfc6d4b" outcome="Passed" testListId="8c84fa94-04c1-424b-9868-57a2d4851a1d" relativeResultsDirectory="80bbfbb8-a992-46e9-9552-69f774b57fb6" />
    <UnitTestResult executionId="ebe1b3fb-6223-460a-842b-14d31324c5d7" testId="071ac8b1-07a6-4ae6-7403-5c16e58426a3" testName="Connect_SucceedeInConnectingWithBasicUser_ShouldReturnTrue" computerName="DKSR-EFI-06" duration="00:00:00.0606576" startTime="2024-01-09T15:45:08.5918823+01:00" endTime="2024-01-09T15:45:08.6543820+01:00" testType="13cdc9d9-ddb5-4fa4-a97d-d965ccfc6d4b" outcome="Passed" testListId="8c84fa94-04c1-424b-9868-57a2d4851a1d" relativeResultsDirectory="ebe1b3fb-6223-460a-842b-14d31324c5d7" />
    <UnitTestResult executionId="b77c9a43-767b-4c97-8229-da48cb9465c2" testId="6de4aab5-2fa1-b939-34a5-199a14825407" testName="CreateSearchTemplateAsync_EmptyParameters_Success" computerName="DKSR-EFI-06" duration="00:00:00.0028383" startTime="2024-01-09T15:46:44.1070176+01:00" endTime="2024-01-09T15:46:44.1070176+01:00" testType="13cdc9d9-ddb5-4fa4-a97d-d965ccfc6d4b" outcome="Passed" testListId="8c84fa94-04c1-424b-9868-57a2d4851a1d" relativeResultsDirectory="b77c9a43-767b-4c97-8229-da48cb9465c2" />
    <UnitTestResult executionId="9bbbad15-ad70-4195-b474-63db108d685f" testId="27a95cc0-3e4b-dbea-fc7f-0563168b8940" testName="ConnectSlave_SucceedeInConnectingAndAllowingSecureConnection_ShouldReturnTrueAndAValidUrl" computerName="DKSR-EFI-06" duration="00:00:00.0896391" startTime="2024-01-09T15:45:08.8418804+01:00" endTime="2024-01-09T15:45:08.9356329+01:00" testType="13cdc9d9-ddb5-4fa4-a97d-d965ccfc6d4b" outcome="Passed" testListId="8c84fa94-04c1-424b-9868-57a2d4851a1d" relativeResultsDirectory="9bbbad15-ad70-4195-b474-63db108d685f" />
    <UnitTestResult executionId="558b1673-ba45-4d2e-b2c5-f442a8217555" testId="80cc67c7-792e-07c8-c20a-98cfccf11348" testName="UpdateAttributeValue_ValidAttributeAndCriteria_DisplayValueUpdated" computerName="DKSR-EFI-06" duration="00:00:00.0011800" startTime="2024-01-09T15:46:34.4327734+01:00" endTime="2024-01-09T15:46:34.4327734+01:00" testType="13cdc9d9-ddb5-4fa4-a97d-d965ccfc6d4b" outcome="Passed" testListId="8c84fa94-04c1-424b-9868-57a2d4851a1d" relativeResultsDirectory="558b1673-ba45-4d2e-b2c5-f442a8217555" />
    <UnitTestResult executionId="f097ff44-bfb9-4957-ae77-404ca7d3bb7b" testId="da8fd7da-175b-17d6-2b65-b1622f31efd6" testName="GetCameraTypes_ShouldReturnSingleCameraType" computerName="DKSR-EFI-06" duration="00:00:00.0007972" startTime="2024-01-09T15:47:13.5984992+01:00" endTime="2024-01-09T15:47:13.5984992+01:00" testType="13cdc9d9-ddb5-4fa4-a97d-d965ccfc6d4b" outcome="Passed" testListId="8c84fa94-04c1-424b-9868-57a2d4851a1d" relativeResultsDirectory="f097ff44-bfb9-4957-ae77-404ca7d3bb7b" />
    <UnitTestResult executionId="a5723327-4313-47f1-a5e6-a79b122fd022" testId="f482a2f5-ee23-f9e4-c2fa-729d4fc94abb" testName="FocussedSearchResult_FocussedSearchResultIsKeptWhenShowPartialResultsChanges" computerName="DKSR-EFI-06" duration="00:00:00.0121714" startTime="2024-01-09T15:46:38.5902310+01:00" endTime="2024-01-09T15:46:38.6058570+01:00" testType="13cdc9d9-ddb5-4fa4-a97d-d965ccfc6d4b" outcome="Passed" testListId="8c84fa94-04c1-424b-9868-57a2d4851a1d" relativeResultsDirectory="a5723327-4313-47f1-a5e6-a79b122fd022" />
    <UnitTestResult executionId="6346f781-72af-40ee-bfe0-9fa31a72e82c" testId="224208d0-b60c-0e1e-7362-af15735beb49" testName="PatrollingStepListViewModel_SelectedPatrollingStepViewModel" computerName="DKSR-EFI-06" duration="00:00:00.0047273" startTime="2024-01-09T15:47:09.5976086+01:00" endTime="2024-01-09T15:47:09.6132484+01:00" testType="13cdc9d9-ddb5-4fa4-a97d-d965ccfc6d4b" outcome="Passed" testListId="8c84fa94-04c1-424b-9868-57a2d4851a1d" relativeResultsDirectory="6346f781-72af-40ee-bfe0-9fa31a72e82c" />
    <UnitTestResult executionId="ec907800-015c-4729-ba58-949d51bfd1c2" testId="fb732742-5469-4819-2a2e-a73e08e91605" testName="SelectTemplate_ListSelectionFilterConfiguration_LessThanThreeItems_ReturnsInlineTemplate" computerName="DKSR-EFI-06" duration="00:00:00.0032010" startTime="2024-01-09T15:45:45.2018912+01:00" endTime="2024-01-09T15:45:45.2018912+01:00" testType="13cdc9d9-ddb5-4fa4-a97d-d965ccfc6d4b" outcome="Passed" testListId="8c84fa94-04c1-424b-9868-57a2d4851a1d" relativeResultsDirectory="ec907800-015c-4729-ba58-949d51bfd1c2" />
    <UnitTestResult executionId="a59f7d34-9c20-4b19-bec9-9f80eb6923b2" testId="fb9b27c6-d958-01c3-0bba-3a3e5a814ae8" testName="ScrollWheelInTileLayout_ScrollDown_DecreasesItemSize" computerName="DKSR-EFI-06" duration="00:00:01.0889108" startTime="2024-01-09T15:46:07.5041835+01:00" endTime="2024-01-09T15:46:08.5981847+01:00" testType="13cdc9d9-ddb5-4fa4-a97d-d965ccfc6d4b" outcome="Passed" testListId="8c84fa94-04c1-424b-9868-57a2d4851a1d" relativeResultsDirectory="a59f7d34-9c20-4b19-bec9-9f80eb6923b2" />
    <UnitTestResult executionId="128b4bc4-8c27-49bd-a673-8f70b76d2bdc" testId="6f067ff4-f915-05c2-a0a4-f5e23793ba9b" testName="GetServers_ShouldReturnCorrectServerByIdsTest" computerName="DKSR-EFI-06" duration="00:00:00.0030330" startTime="2024-01-09T15:47:13.5672361+01:00" endTime="2024-01-09T15:47:13.5828638+01:00" testType="13cdc9d9-ddb5-4fa4-a97d-d965ccfc6d4b" outcome="Passed" testListId="8c84fa94-04c1-424b-9868-57a2d4851a1d" relativeResultsDirectory="128b4bc4-8c27-49bd-a673-8f70b76d2bdc" />
    <UnitTestResult executionId="b1344344-96db-4278-a981-c5129e34023b" testId="27438fb6-5317-1252-e840-ea85e2375f48" testName="PatrollingProfileListViewModel_SelectedPatrollingProfileViewModel_No_Selected_PatrollingStep" computerName="DKSR-EFI-06" duration="00:00:00.0173296" startTime="2024-01-09T15:47:09.3945032+01:00" endTime="2024-01-09T15:47:09.4257037+01:00" testType="13cdc9d9-ddb5-4fa4-a97d-d965ccfc6d4b" outcome="Passed" testListId="8c84fa94-04c1-424b-9868-57a2d4851a1d" relativeResultsDirectory="b1344344-96db-4278-a981-c5129e34023b" />
    <UnitTestResult executionId="937cf6a1-8b6c-4599-8f12-62a2746e1f0c" testId="9dcaedba-c848-3b00-d622-5c7b863dca11" testName="GetSLC_ShouldReturnCorrectSLC" computerName="DKSR-EFI-06" duration="00:00:00.0014018" startTime="2024-01-09T15:47:17.3960402+01:00" endTime="2024-01-09T15:47:17.4116708+01:00" testType="13cdc9d9-ddb5-4fa4-a97d-d965ccfc6d4b" outcome="Passed" testListId="8c84fa94-04c1-424b-9868-57a2d4851a1d" relativeResultsDirectory="937cf6a1-8b6c-4599-8f12-62a2746e1f0c" />
    <UnitTestResult executionId="876a5be3-e330-4894-bddd-440d255a8188" testId="b918b474-74ff-1345-54cb-cdaf09a7e1fc" testName="TryGetOsmServerTileAddress_ShouldReturnUri_WhenOsmServerIncludesOsmTileSuffix" computerName="DKSR-EFI-06" duration="00:00:00.0001669" startTime="2024-01-09T15:47:07.3001149+01:00" endTime="2024-01-09T15:47:07.3001149+01:00" testType="13cdc9d9-ddb5-4fa4-a97d-d965ccfc6d4b" outcome="Passed" testListId="8c84fa94-04c1-424b-9868-57a2d4851a1d" relativeResultsDirectory="876a5be3-e330-4894-bddd-440d255a8188" />
    <UnitTestResult executionId="4cd11e7f-0c50-4d43-9177-afa1541fb345" testId="3a7cd1b3-7650-7055-af1d-619a6bb401ba" testName="AddSelectedWindowsToExport_ShouldShowCorrectToastMessages (0,1,1)" computerName="DKSR-EFI-06" duration="00:00:00.0031760" startTime="2024-01-09T15:47:11.7856209+01:00" endTime="2024-01-09T15:47:11.7856209+01:00" testType="13cdc9d9-ddb5-4fa4-a97d-d965ccfc6d4b" outcome="Passed" testListId="8c84fa94-04c1-424b-9868-57a2d4851a1d" relativeResultsDirectory="4cd11e7f-0c50-4d43-9177-afa1541fb345" />
    <UnitTestResult executionId="4b0e3b2b-a9ac-4d9e-abe2-cad1595da176" testId="f6513c15-778f-06ab-2b80-8faa11f30046" testName="Password1 valid, Password 2 invalid, higher length" computerName="DKSR-EFI-06" duration="00:00:00.0002428" startTime="2024-01-09T15:45:44.4203980+01:00" endTime="2024-01-09T15:45:44.4203980+01:00" testType="13cdc9d9-ddb5-4fa4-a97d-d965ccfc6d4b" outcome="Passed" testListId="8c84fa94-04c1-424b-9868-57a2d4851a1d" relativeResultsDirectory="4b0e3b2b-a9ac-4d9e-abe2-cad1595da176" />
    <UnitTestResult executionId="07c52792-438b-4890-a3c8-c3fe5b9a89e1" testId="c10d4fd4-740d-9f46-fe03-3b1c2cb7d5c2" testName="TryAddInterval_ShouldReturnCorrectValue (False,False,PermissionDenied)" computerName="DKSR-EFI-06" duration="00:00:00.0014387" startTime="2024-01-09T15:47:11.4105984+01:00" endTime="2024-01-09T15:47:11.4105984+01:00" testType="13cdc9d9-ddb5-4fa4-a97d-d965ccfc6d4b" outcome="Passed" testListId="8c84fa94-04c1-424b-9868-57a2d4851a1d" relativeResultsDirectory="07c52792-438b-4890-a3c8-c3fe5b9a89e1" />
    <UnitTestResult executionId="5783ecd1-3327-4532-b245-afef072935bd" testId="67ee2264-2350-9541-5091-2e559be75dbe" testName="TestProperties_Name_Success" computerName="DKSR-EFI-06" duration="00:00:00.0063876" startTime="2024-01-09T15:47:06.7843449+01:00" endTime="2024-01-09T15:47:06.7843449+01:00" testType="13cdc9d9-ddb5-4fa4-a97d-d965ccfc6d4b" outcome="Passed" testListId="8c84fa94-04c1-424b-9868-57a2d4851a1d" relativeResultsDirectory="5783ecd1-3327-4532-b245-afef072935bd" />
    <UnitTestResult executionId="cb782c88-6b60-4505-aa60-034e1935f080" testId="faf9bd45-1e34-2d61-de4a-11b39437c102" testName="SearchTemplatesEnabled_SaveSearchesServerOptionIsFalse_ReturnsFalse" computerName="DKSR-EFI-06" duration="00:00:00.0096250" startTime="2024-01-09T15:46:38.5433422+01:00" endTime="2024-01-09T15:46:38.5589712+01:00" testType="13cdc9d9-ddb5-4fa4-a97d-d965ccfc6d4b" outcome="Passed" testListId="8c84fa94-04c1-424b-9868-57a2d4851a1d" relativeResultsDirectory="cb782c88-6b60-4505-aa60-034e1935f080" />
    <UnitTestResult executionId="941cd402-0bcc-4298-ae94-8f97519aa2c0" testId="4a1a2788-2d06-5b60-601c-3b966d1658c3" testName="Serialize_ScopeDurationOnly_Success" computerName="DKSR-EFI-06" duration="00:00:00.0011949" startTime="2024-01-09T15:46:45.4822521+01:00" endTime="2024-01-09T15:46:45.4979240+01:00" testType="13cdc9d9-ddb5-4fa4-a97d-d965ccfc6d4b" outcome="Passed" testListId="8c84fa94-04c1-424b-9868-57a2d4851a1d" relativeResultsDirectory="941cd402-0bcc-4298-ae94-8f97519aa2c0" />
    <UnitTestResult executionId="eccf0487-7df8-465e-98a2-126f4ec6a3d7" testId="91ffcb1a-560f-f3c6-61e7-9aaab2d982dc" testName="SmartSearchStatusType_ShouldYieldSameValuesForAllEnumValues_WhenRoundTripConverted (SearchCancelled,SearchCancelled)" computerName="DKSR-EFI-06" duration="00:00:00.0065257" startTime="2024-01-09T15:45:09.0762590+01:00" endTime="2024-01-09T15:45:09.2481315+01:00" testType="13cdc9d9-ddb5-4fa4-a97d-d965ccfc6d4b" outcome="Passed" testListId="8c84fa94-04c1-424b-9868-57a2d4851a1d" relativeResultsDirectory="eccf0487-7df8-465e-98a2-126f4ec6a3d7" />
    <UnitTestResult executionId="09c716f8-3b6d-433b-8170-a536dd915a40" testId="3e27fb37-1b1d-4928-6472-96f4fe8cf3c8" testName="Path enabled, not forced" computerName="DKSR-EFI-06" duration="00:00:00.0073134" startTime="2024-01-09T15:45:42.7483749+01:00" endTime="2024-01-09T15:45:42.7637946+01:00" testType="13cdc9d9-ddb5-4fa4-a97d-d965ccfc6d4b" outcome="Passed" testListId="8c84fa94-04c1-424b-9868-57a2d4851a1d" relativeResultsDirectory="09c716f8-3b6d-433b-8170-a536dd915a40" />
    <UnitTestResult executionId="b1a69363-a292-43cf-8690-00f0034998fb" testId="d4a56e7d-608d-82d0-94be-2ee3ccb3dc5e" testName="ResolveSearchDefinitions_ShouldReturnResultSearchDefinition_WhenCombinedSearchResultWithSingleSubResultAndEmptySearchDefinitionsAreGiven" computerName="DKSR-EFI-06" duration="00:00:00.0014078" startTime="2024-01-09T15:46:43.9194850+01:00" endTime="2024-01-09T15:46:43.9194850+01:00" testType="13cdc9d9-ddb5-4fa4-a97d-d965ccfc6d4b" outcome="Passed" testListId="8c84fa94-04c1-424b-9868-57a2d4851a1d" relativeResultsDirectory="b1a69363-a292-43cf-8690-00f0034998fb" />
    <UnitTestResult executionId="2905b265-efaf-4c51-a736-8104cd6549b7" testId="680b5a30-8d08-87c3-1561-38e60980ac40" testName="ConnectSlave_FailToConnectAndAllowingSecureConnection_ShouldReturnFalse" computerName="DKSR-EFI-06" duration="00:00:00.0024025" startTime="2024-01-09T15:45:08.9356329+01:00" endTime="2024-01-09T15:45:08.9356329+01:00" testType="13cdc9d9-ddb5-4fa4-a97d-d965ccfc6d4b" outcome="Passed" testListId="8c84fa94-04c1-424b-9868-57a2d4851a1d" relativeResultsDirectory="2905b265-efaf-4c51-a736-8104cd6549b7" />
    <UnitTestResult executionId="09cb93ef-40fd-42b6-aa26-907c4c528d22" testId="dafe6617-7d77-6bca-77a9-2080de8d8ac3" testName="PopulateTooltip_SingleResultsFromManyCameras12Hours_ValidText" computerName="DKSR-EFI-06" duration="00:00:00.0297372" startTime="2024-01-09T15:46:27.0871867+01:00" endTime="2024-01-09T15:46:27.1184709+01:00" testType="13cdc9d9-ddb5-4fa4-a97d-d965ccfc6d4b" outcome="Passed" testListId="8c84fa94-04c1-424b-9868-57a2d4851a1d" relativeResultsDirectory="09cb93ef-40fd-42b6-aa26-907c4c528d22" />
    <UnitTestResult executionId="ae336463-437b-4d9b-b0f0-50d7fa8075da" testId="2a74f75f-14b3-bc86-2d45-d53566346d28" testName="DeviceSelectorUserControl_ShouldRaiseMissingMethodException_WhenUserControlLacksConstructorWithInteractionStateParameter" computerName="DKSR-EFI-06" duration="00:00:00.0423908" startTime="2024-01-09T15:45:31.0450433+01:00" endTime="2024-01-09T15:45:31.0919183+01:00" testType="13cdc9d9-ddb5-4fa4-a97d-d965ccfc6d4b" outcome="Passed" testListId="8c84fa94-04c1-424b-9868-57a2d4851a1d" relativeResultsDirectory="ae336463-437b-4d9b-b0f0-50d7fa8075da" />
    <UnitTestResult executionId="86a9c478-e043-4ad0-a2e8-08cc25880359" testId="d9e596ab-93a9-7684-fb6f-71e1dbbc0c03" testName="Compare_ShouldBeDeterministic_WhenOnlyIdOfResultsDiffer" computerName="DKSR-EFI-06" duration="00:00:00.0055731" startTime="2024-01-09T15:46:45.4509943+01:00" endTime="2024-01-09T15:46:45.4666209+01:00" testType="13cdc9d9-ddb5-4fa4-a97d-d965ccfc6d4b" outcome="Passed" testListId="8c84fa94-04c1-424b-9868-57a2d4851a1d" relativeResultsDirectory="86a9c478-e043-4ad0-a2e8-08cc25880359" />
    <UnitTestResult executionId="be14c71c-e5ba-49eb-ad7c-551a53442d6f" testId="f7818ee3-e956-b295-d253-9fdf096ceee7" testName="GetServerTypes_ShouldReturnEventServerType" computerName="DKSR-EFI-06" duration="00:00:00.0015302" startTime="2024-01-09T15:47:13.5828638+01:00" endTime="2024-01-09T15:47:13.5828638+01:00" testType="13cdc9d9-ddb5-4fa4-a97d-d965ccfc6d4b" outcome="Passed" testListId="8c84fa94-04c1-424b-9868-57a2d4851a1d" relativeResultsDirectory="be14c71c-e5ba-49eb-ad7c-551a53442d6f" />
    <UnitTestResult executionId="d3575c1e-76e7-4844-b264-9680706418a6" testId="007b902b-e17d-c451-d588-1b1be6581913" testName="AssignPanTiltValue_WhenValueJustAboveDeadzone_ShouldReturnJustAboveCenterValue" computerName="DKSR-EFI-06" duration="00:00:00.0001955" startTime="2024-01-09T15:45:21.4981610+01:00" endTime="2024-01-09T15:45:21.4981610+01:00" testType="13cdc9d9-ddb5-4fa4-a97d-d965ccfc6d4b" outcome="Passed" testListId="8c84fa94-04c1-424b-9868-57a2d4851a1d" relativeResultsDirectory="d3575c1e-76e7-4844-b264-9680706418a6" />
    <UnitTestResult executionId="3ae3f1a8-debe-48f2-966a-b7f519a7578f" testId="8f753e63-32d9-0333-cd9b-b93644536674" testName="TestLoad_Success" computerName="DKSR-EFI-06" duration="00:00:00.0087182" startTime="2024-01-09T15:47:06.7530802+01:00" endTime="2024-01-09T15:47:06.7530802+01:00" testType="13cdc9d9-ddb5-4fa4-a97d-d965ccfc6d4b" outcome="Passed" testListId="8c84fa94-04c1-424b-9868-57a2d4851a1d" relativeResultsDirectory="3ae3f1a8-debe-48f2-966a-b7f519a7578f" />
    <UnitTestResult executionId="503e8e60-d0d3-45ac-bf27-dfac474f3def" testId="076370ef-98dd-553b-4db5-16eb7626b01e" testName="GetLayerVisibilityItemsData_ShouldAddOneFixedLayer_WhenOnlyDeviceMapLayersAreProvided" computerName="DKSR-EFI-06" duration="00:00:00.0327987" startTime="2024-01-09T15:45:30.7325421+01:00" endTime="2024-01-09T15:45:30.7794181+01:00" testType="13cdc9d9-ddb5-4fa4-a97d-d965ccfc6d4b" outcome="Passed" testListId="8c84fa94-04c1-424b-9868-57a2d4851a1d" relativeResultsDirectory="503e8e60-d0d3-45ac-bf27-dfac474f3def" />
    <UnitTestResult executionId="12cb51f1-f071-41f2-8591-76fb8cf77fa5" testId="044f4a26-7cbd-7c3b-61fb-5e7facd7c43c" testName="CreateDefinition_NullValue_Throws" computerName="DKSR-EFI-06" duration="00:00:00.1144703" startTime="2024-01-09T15:46:44.5133424+01:00" endTime="2024-01-09T15:46:44.6383610+01:00" testType="13cdc9d9-ddb5-4fa4-a97d-d965ccfc6d4b" outcome="Passed" testListId="8c84fa94-04c1-424b-9868-57a2d4851a1d" relativeResultsDirectory="12cb51f1-f071-41f2-8591-76fb8cf77fa5" />
    <UnitTestResult executionId="5d2b3680-9875-403a-9d65-ecdebb821317" testId="cb294e8a-66b3-92e4-9b3b-b2ff0e864477" testName="Update_Retention_Times_Cannot_Be_Before_1900" computerName="DKSR-EFI-06" duration="00:00:00.0026127" startTime="2024-01-09T15:47:18.5680835+01:00" endTime="2024-01-09T15:47:18.5680835+01:00" testType="13cdc9d9-ddb5-4fa4-a97d-d965ccfc6d4b" outcome="Passed" testListId="8c84fa94-04c1-424b-9868-57a2d4851a1d" relativeResultsDirectory="5d2b3680-9875-403a-9d65-ecdebb821317" />
    <UnitTestResult executionId="ddcc338d-8c4f-4335-b926-aa2fb1bbd1f3" testId="40de1517-d6a6-7e31-1713-862fa25a82b9" testName="GetSnapshots_UnauthorizedAccess_Failure" computerName="DKSR-EFI-06" duration="00:00:00.0035963" startTime="2024-01-09T15:46:43.6850698+01:00" endTime="2024-01-09T15:46:43.7006952+01:00" testType="13cdc9d9-ddb5-4fa4-a97d-d965ccfc6d4b" outcome="Passed" testListId="8c84fa94-04c1-424b-9868-57a2d4851a1d" relativeResultsDirectory="ddcc338d-8c4f-4335-b926-aa2fb1bbd1f3" />
    <UnitTestResult executionId="a36a728d-f743-487c-a68c-5ff9f00b17bf" testId="8f3c7e47-c7ba-15e0-4ea3-5c99da54e2cf" testName="TestReadXmlTaskId" computerName="DKSR-EFI-06" duration="00:00:00.0004650" startTime="2024-01-09T15:47:12.5201615+01:00" endTime="2024-01-09T15:47:12.5201615+01:00" testType="13cdc9d9-ddb5-4fa4-a97d-d965ccfc6d4b" outcome="Passed" testListId="8c84fa94-04c1-424b-9868-57a2d4851a1d" relativeResultsDirectory="a36a728d-f743-487c-a68c-5ff9f00b17bf" />
    <UnitTestResult executionId="50aefb46-ca9d-4fa0-a486-adef21fda1a6" testId="b802935f-0eb0-14ff-4c95-9725f194073b" testName="GetItemsIn_InBuildingNoLevels_Returns2Items" computerName="DKSR-EFI-06" duration="00:00:00.0672597" startTime="2024-01-09T15:47:08.1161209+01:00" endTime="2024-01-09T15:47:08.1909877+01:00" testType="13cdc9d9-ddb5-4fa4-a97d-d965ccfc6d4b" outcome="Passed" testListId="8c84fa94-04c1-424b-9868-57a2d4851a1d" relativeResultsDirectory="50aefb46-ca9d-4fa0-a486-adef21fda1a6" />
    <UnitTestResult executionId="4841b2ab-2106-4fa6-a778-592b79dd32a0" testId="f386bd71-4890-9925-d3d2-7dcbf0b9febe" testName="AndOrSearchDefinitionToVisibilityMultiConverter_CallConvert_NotFirstInListOr" computerName="DKSR-EFI-06" duration="00:00:00.0006431" startTime="2024-01-09T15:46:14.2242446+01:00" endTime="2024-01-09T15:46:14.2242446+01:00" testType="13cdc9d9-ddb5-4fa4-a97d-d965ccfc6d4b" outcome="Passed" testListId="8c84fa94-04c1-424b-9868-57a2d4851a1d" relativeResultsDirectory="4841b2ab-2106-4fa6-a778-592b79dd32a0" />
    <UnitTestResult executionId="baca5032-9cab-4f90-b9e3-272ce5a40d42" testId="0882c6fe-e955-9a8a-eee5-7ae62c8b3178" testName="DateToStringConverter_ProvideValue_Success" computerName="DKSR-EFI-06" duration="00:00:00.0004954" startTime="2024-01-09T15:46:14.3025080+01:00" endTime="2024-01-09T15:46:14.3025080+01:00" testType="13cdc9d9-ddb5-4fa4-a97d-d965ccfc6d4b" outcome="Passed" testListId="8c84fa94-04c1-424b-9868-57a2d4851a1d" relativeResultsDirectory="baca5032-9cab-4f90-b9e3-272ce5a40d42" />
    <UnitTestResult executionId="00d990c0-f3f5-4df0-9f27-683692c65e3f" testId="4c20bf32-144e-f991-5a67-7f381a38b0ef" testName="Search_SingleCategory_FiltersUpdatedInSubDefinition" computerName="DKSR-EFI-06" duration="00:00:00.0067354" startTime="2024-01-09T15:46:59.5336603+01:00" endTime="2024-01-09T15:46:59.5336603+01:00" testType="13cdc9d9-ddb5-4fa4-a97d-d965ccfc6d4b" outcome="Passed" testListId="8c84fa94-04c1-424b-9868-57a2d4851a1d" relativeResultsDirectory="00d990c0-f3f5-4df0-9f27-683692c65e3f" />
    <UnitTestResult executionId="4a3c97fa-6fd1-4622-bc24-d42c06a57e1b" testId="b788bde6-97e9-6ba8-c7c6-e8edebf2372e" testName="PatrollingProfileViewModelTest_SelectEndPosition" computerName="DKSR-EFI-06" duration="00:00:00.0025311" startTime="2024-01-09T15:47:09.5507288+01:00" endTime="2024-01-09T15:47:09.5507288+01:00" testType="13cdc9d9-ddb5-4fa4-a97d-d965ccfc6d4b" outcome="Passed" testListId="8c84fa94-04c1-424b-9868-57a2d4851a1d" relativeResultsDirectory="4a3c97fa-6fd1-4622-bc24-d42c06a57e1b" />
    <UnitTestResult executionId="25c00a6a-4d8e-4922-ac7b-a01e41f872ef" testId="f680908c-3b4b-7b4d-7066-6e5fce7c0b27" testName="GetClusters_ExcludeThenIncludeExcludedItems_NoChange (Data Row 0)" computerName="DKSR-EFI-06" duration="00:00:00.0264188" startTime="2024-01-09T15:47:07.8784025+01:00" endTime="2024-01-09T15:47:08.0815823+01:00" testType="13cdc9d9-ddb5-4fa4-a97d-d965ccfc6d4b" outcome="Passed" testListId="8c84fa94-04c1-424b-9868-57a2d4851a1d" relativeResultsDirectory="25c00a6a-4d8e-4922-ac7b-a01e41f872ef" />
    <UnitTestResult executionId="8395df45-0b95-4c02-a1e0-51b66ecacda8" testId="6bd74aa1-066e-7f55-8ec9-3c760d2fdfa7" testName="GetSnapshots_NoWritePermissionOnDirectory_Failure" computerName="DKSR-EFI-06" duration="00:00:00.0050199" startTime="2024-01-09T15:46:43.7163344+01:00" endTime="2024-01-09T15:46:43.7163344+01:00" testType="13cdc9d9-ddb5-4fa4-a97d-d965ccfc6d4b" outcome="Passed" testListId="8c84fa94-04c1-424b-9868-57a2d4851a1d" relativeResultsDirectory="8395df45-0b95-4c02-a1e0-51b66ecacda8" />
    <UnitTestResult executionId="969597b1-0830-4bc8-bbc3-144ed733fa18" testId="fefc1ca8-7f95-c638-84b7-b1c00b90c427" testName="GetGuidProviderStrategyByEventServerId_ShouldReturnOneMd5Strategy_WhenEventServerIdIsNonFipsCompliant" computerName="DKSR-EFI-06" duration="00:00:00.0005650" startTime="2024-01-09T15:47:19.3181836+01:00" endTime="2024-01-09T15:47:19.3181836+01:00" testType="13cdc9d9-ddb5-4fa4-a97d-d965ccfc6d4b" outcome="Passed" testListId="8c84fa94-04c1-424b-9868-57a2d4851a1d" relativeResultsDirectory="969597b1-0830-4bc8-bbc3-144ed733fa18" />
    <UnitTestResult executionId="583e3c38-7b07-4e8e-b36c-87ca738ae887" testId="2674b7c4-7076-fd3a-f5df-01507f4b862a" testName="ResolveBaseResultProperties_ShouldOnlyReturnTriggerTimesThatAreWithinBeginEndWithPadding" computerName="DKSR-EFI-06" duration="00:00:00.0033015" startTime="2024-01-09T15:46:43.9507387+01:00" endTime="2024-01-09T15:46:43.9507387+01:00" testType="13cdc9d9-ddb5-4fa4-a97d-d965ccfc6d4b" outcome="Passed" testListId="8c84fa94-04c1-424b-9868-57a2d4851a1d" relativeResultsDirectory="583e3c38-7b07-4e8e-b36c-87ca738ae887" />
    <UnitTestResult executionId="e9effc7e-e8a8-4f86-bc7e-da867c0d1912" testId="9f2c2791-650e-d7c8-970e-1310d2e32cdc" testName="HasWritePermissionOnDir_NoWritePermission_ReturnsFalse" computerName="DKSR-EFI-06" duration="00:00:00.0029423" startTime="2024-01-09T15:46:43.4194008+01:00" endTime="2024-01-09T15:46:43.4350260+01:00" testType="13cdc9d9-ddb5-4fa4-a97d-d965ccfc6d4b" outcome="Passed" testListId="8c84fa94-04c1-424b-9868-57a2d4851a1d" relativeResultsDirectory="e9effc7e-e8a8-4f86-bc7e-da867c0d1912" />
    <UnitTestResult executionId="a6802479-15b0-4732-a4af-ed8c492860e0" testId="8b087bdb-e613-2682-1659-90f070e3535d" testName="AddGetConfigurationCameraTest" computerName="DKSR-EFI-06" duration="00:00:00.0447113" startTime="2024-01-09T15:45:20.2950371+01:00" endTime="2024-01-09T15:45:20.3419091+01:00" testType="13cdc9d9-ddb5-4fa4-a97d-d965ccfc6d4b" outcome="Passed" testListId="8c84fa94-04c1-424b-9868-57a2d4851a1d" relativeResultsDirectory="a6802479-15b0-4732-a4af-ed8c492860e0" />
    <UnitTestResult executionId="207fdcdc-ec6f-4175-b3ba-420b3d1f1d7c" testId="f4a64d46-5162-ebbc-c6d5-bf9ee224f0ba" testName="ActionBarPluginsEnabled_TwoPluginsWithDifferentOverflowModes_PluginButtonPresentInActionBarAndSortedCorrectly" computerName="DKSR-EFI-06" duration="00:00:00.0522354" startTime="2024-01-09T15:45:47.6244526+01:00" endTime="2024-01-09T15:45:47.6713388+01:00" testType="13cdc9d9-ddb5-4fa4-a97d-d965ccfc6d4b" outcome="Passed" testListId="8c84fa94-04c1-424b-9868-57a2d4851a1d" relativeResultsDirectory="207fdcdc-ec6f-4175-b3ba-420b3d1f1d7c" />
    <UnitTestResult executionId="41d96278-5046-4893-b917-bacc69c0c033" testId="475f68bd-aa4e-7080-1be5-54155a49acfc" testName="Convert_ShouldReturnTrue_WhenParameterIsEqualToValue" computerName="DKSR-EFI-06" duration="00:00:00.0003085" startTime="2024-01-09T15:45:26.9669160+01:00" endTime="2024-01-09T15:45:26.9669160+01:00" testType="13cdc9d9-ddb5-4fa4-a97d-d965ccfc6d4b" outcome="Passed" testListId="8c84fa94-04c1-424b-9868-57a2d4851a1d" relativeResultsDirectory="41d96278-5046-4893-b917-bacc69c0c033" />
    <UnitTestResult executionId="fd96473e-699e-4677-937f-b55714add727" testId="64de8207-d2f2-0b11-e8d3-5f4ca79e44ca" testName="MapLayerType_ShouldBeNull_WhenCalled" computerName="DKSR-EFI-06" duration="00:00:00.0002512" startTime="2024-01-09T15:47:04.3773072+01:00" endTime="2024-01-09T15:47:04.3773072+01:00" testType="13cdc9d9-ddb5-4fa4-a97d-d965ccfc6d4b" outcome="Passed" testListId="8c84fa94-04c1-424b-9868-57a2d4851a1d" relativeResultsDirectory="fd96473e-699e-4677-937f-b55714add727" />
    <UnitTestResult executionId="ac43f369-1ce0-4c3f-a906-829ee79b2c7c" testId="376aa488-622a-ef3d-865f-34b9990a82be" testName="OpenStreetMapLayer_IsGeographic_Load_Success" computerName="DKSR-EFI-06" duration="00:00:00.0112134" startTime="2024-01-09T15:47:01.2672498+01:00" endTime="2024-01-09T15:47:01.2828921+01:00" testType="13cdc9d9-ddb5-4fa4-a97d-d965ccfc6d4b" outcome="Passed" testListId="8c84fa94-04c1-424b-9868-57a2d4851a1d" relativeResultsDirectory="ac43f369-1ce0-4c3f-a906-829ee79b2c7c" />
    <UnitTestResult executionId="a85ee475-1669-4b83-b40f-246efd84335a" testId="028566f8-b92e-8888-84dd-3fb5690b9d88" testName="TwoHours_Success" computerName="DKSR-EFI-06" duration="00:00:00.0003271" startTime="2024-01-09T15:46:44.3726894+01:00" endTime="2024-01-09T15:46:44.3726894+01:00" testType="13cdc9d9-ddb5-4fa4-a97d-d965ccfc6d4b" outcome="Passed" testListId="8c84fa94-04c1-424b-9868-57a2d4851a1d" relativeResultsDirectory="a85ee475-1669-4b83-b40f-246efd84335a" />
    <UnitTestResult executionId="ee4e6ae3-9769-4bc4-bf05-f60baf89f8b3" testId="5f08cd58-65ec-6481-8a3e-55fd6d8233b0" testName="Ctor_CentralizedSearchState_ViewModelUpdatedAccordingly" computerName="DKSR-EFI-06" duration="00:00:00.0125054" startTime="2024-01-09T15:46:37.8869274+01:00" endTime="2024-01-09T15:46:37.9025565+01:00" testType="13cdc9d9-ddb5-4fa4-a97d-d965ccfc6d4b" outcome="Passed" testListId="8c84fa94-04c1-424b-9868-57a2d4851a1d" relativeResultsDirectory="ee4e6ae3-9769-4bc4-bf05-f60baf89f8b3" />
    <UnitTestResult executionId="538d824a-2287-4b6d-a406-2efcb6723a9b" testId="db58b9a0-b265-e010-375f-3c8e68defc73" testName="GetUserOptions_ShouldNotDecryptOptions_WhenServerIs2020R3OrNewer" computerName="DKSR-EFI-06" duration="00:00:00.0025417" startTime="2024-01-09T15:47:11.9887941+01:00" endTime="2024-01-09T15:47:12.0044269+01:00" testType="13cdc9d9-ddb5-4fa4-a97d-d965ccfc6d4b" outcome="Passed" testListId="8c84fa94-04c1-424b-9868-57a2d4851a1d" relativeResultsDirectory="538d824a-2287-4b6d-a406-2efcb6723a9b" />
    <UnitTestResult executionId="fc4ba33d-3124-4b03-95d2-3b451aeec4e4" testId="0a4e5b36-6578-df3d-cfd2-3d6ee660820a" testName="GetClusters_ExcludeFromClustering_OnlyClustersForExcludedItems (Data Row 11)" computerName="DKSR-EFI-06" duration="00:00:00.0084672" startTime="2024-01-09T15:47:07.4876662+01:00" endTime="2024-01-09T15:47:07.8627695+01:00" testType="13cdc9d9-ddb5-4fa4-a97d-d965ccfc6d4b" outcome="Passed" testListId="8c84fa94-04c1-424b-9868-57a2d4851a1d" relativeResultsDirectory="fc4ba33d-3124-4b03-95d2-3b451aeec4e4" />
    <UnitTestResult executionId="da3442e7-f6e9-434b-b4e1-f093b440265f" testId="5f62afcf-78b1-cf27-ec49-8afca2d6fc38" testName="PtzSessionControllerInfo_TimeChangedTest_Different_Timeout" computerName="DKSR-EFI-06" duration="00:00:00.0004013" startTime="2024-01-09T15:45:19.6075315+01:00" endTime="2024-01-09T15:45:19.6075315+01:00" testType="13cdc9d9-ddb5-4fa4-a97d-d965ccfc6d4b" outcome="Passed" testListId="8c84fa94-04c1-424b-9868-57a2d4851a1d" relativeResultsDirectory="da3442e7-f6e9-434b-b4e1-f093b440265f" />
    <UnitTestResult executionId="d81f7833-8146-4ce1-89b4-69b728b55604" testId="d628b9e8-ecd7-5880-2e1a-54156c671e9a" testName="GetLayerFeatures_ShouldReturnOutputLayerFeaturesBasedOnOutputItemsMapLayer_WhenOutputKind" computerName="DKSR-EFI-06" duration="00:00:00.0020810" startTime="2024-01-09T15:47:07.3470073+01:00" endTime="2024-01-09T15:47:07.3470073+01:00" testType="13cdc9d9-ddb5-4fa4-a97d-d965ccfc6d4b" outcome="Passed" testListId="8c84fa94-04c1-424b-9868-57a2d4851a1d" relativeResultsDirectory="d81f7833-8146-4ce1-89b4-69b728b55604" />
    <UnitTestResult executionId="80d49323-f653-4665-b532-dc9d721a2313" testId="d4db1bde-02f2-af75-8dda-4a9596de1dfd" testName="Compare_SameTriggerTimeDeterministicBehavior_HashCode_Success" computerName="DKSR-EFI-06" duration="00:00:00.0008600" startTime="2024-01-09T15:46:45.4822521+01:00" endTime="2024-01-09T15:46:45.4822521+01:00" testType="13cdc9d9-ddb5-4fa4-a97d-d965ccfc6d4b" outcome="Passed" testListId="8c84fa94-04c1-424b-9868-57a2d4851a1d" relativeResultsDirectory="80d49323-f653-4665-b532-dc9d721a2313" />
    <UnitTestResult executionId="641d48cf-7d30-4eb5-a875-f14f3654a4d6" testId="0fd90a39-90c9-a28c-8d05-c52712094258" testName="RightButtonDown_ShouldNotRaiseAnException_WhenFired" computerName="DKSR-EFI-06" duration="00:00:00.0020896" startTime="2024-01-09T15:45:26.8106659+01:00" endTime="2024-01-09T15:45:26.8262903+01:00" testType="13cdc9d9-ddb5-4fa4-a97d-d965ccfc6d4b" outcome="Passed" testListId="8c84fa94-04c1-424b-9868-57a2d4851a1d" relativeResultsDirectory="641d48cf-7d30-4eb5-a875-f14f3654a4d6" />
    <UnitTestResult executionId="683c873f-1e9b-4aa6-87e3-2895cb5eebdd" testId="ba590efe-de31-f5db-8328-f1cc3382ad35" testName="NavigateAndSelectAsync_ZoomIn_ReCenterCommandEnabled" computerName="DKSR-EFI-06" duration="00:00:00.0496501" startTime="2024-01-09T15:45:30.1544169+01:00" endTime="2024-01-09T15:45:30.2012920+01:00" testType="13cdc9d9-ddb5-4fa4-a97d-d965ccfc6d4b" outcome="Passed" testListId="8c84fa94-04c1-424b-9868-57a2d4851a1d" relativeResultsDirectory="683c873f-1e9b-4aa6-87e3-2895cb5eebdd" />
    <UnitTestResult executionId="9abc9a21-aaf2-44df-b3a4-f65b5c094c80" testId="fb67ea71-6b78-1dc1-49b9-30224c6a1bae" testName="Enabled_WhenInterrupted_ThenNoSubscribers" computerName="DKSR-EFI-06" duration="00:00:00.0042958" startTime="2024-01-09T15:47:04.5023460+01:00" endTime="2024-01-09T15:47:04.5023460+01:00" testType="13cdc9d9-ddb5-4fa4-a97d-d965ccfc6d4b" outcome="Passed" testListId="8c84fa94-04c1-424b-9868-57a2d4851a1d" relativeResultsDirectory="9abc9a21-aaf2-44df-b3a4-f65b5c094c80" />
    <UnitTestResult executionId="ca099114-1bbd-49ee-adf0-8119fd4be5a4" testId="56b7fe15-643b-5b55-8dfa-1ded6df183bf" testName="BoundingBoxPlaybackStart" computerName="DKSR-EFI-06" duration="00:00:00.0053295" startTime="2024-01-09T15:47:13.3640828+01:00" endTime="2024-01-09T15:47:13.3640828+01:00" testType="13cdc9d9-ddb5-4fa4-a97d-d965ccfc6d4b" outcome="Passed" testListId="8c84fa94-04c1-424b-9868-57a2d4851a1d" relativeResultsDirectory="ca099114-1bbd-49ee-adf0-8119fd4be5a4" />
    <UnitTestResult executionId="e47be1d8-1d28-45b0-bd64-bd5dea029b61" testId="4ad3fc13-c11a-f5b6-2594-d08a3607b0ec" testName="TestSaveMap_MapAndLayerChanges_Success" computerName="DKSR-EFI-06" duration="00:00:00.0569895" startTime="2024-01-09T15:47:03.7051912+01:00" endTime="2024-01-09T15:47:03.7677125+01:00" testType="13cdc9d9-ddb5-4fa4-a97d-d965ccfc6d4b" outcome="Passed" testListId="8c84fa94-04c1-424b-9868-57a2d4851a1d" relativeResultsDirectory="e47be1d8-1d28-45b0-bd64-bd5dea029b61" />
    <UnitTestResult executionId="93f6b308-3ca4-472a-9249-923bfdebc2b3" testId="daba4ba3-c0c2-8c2c-c76e-9c5fdbf89a9e" testName="Ctor_CentralizedSearchStateWithSelectedSearchResults_SelectionHelperInitialized" computerName="DKSR-EFI-06" duration="00:00:00.0112637" startTime="2024-01-09T15:46:38.0432157+01:00" endTime="2024-01-09T15:46:38.0588482+01:00" testType="13cdc9d9-ddb5-4fa4-a97d-d965ccfc6d4b" outcome="Passed" testListId="8c84fa94-04c1-424b-9868-57a2d4851a1d" relativeResultsDirectory="93f6b308-3ca4-472a-9249-923bfdebc2b3" />
    <UnitTestResult executionId="b1036bba-55d2-4abe-81b6-9c9837819775" testId="98e4ae88-2a6f-4ea6-fc3c-66faedd2526c" testName="AttributeValueGet_NotNullValue_Success" computerName="DKSR-EFI-06" duration="00:00:00.0154566" startTime="2024-01-09T15:47:00.3139804+01:00" endTime="2024-01-09T15:47:00.3296071+01:00" testType="13cdc9d9-ddb5-4fa4-a97d-d965ccfc6d4b" outcome="Passed" testListId="8c84fa94-04c1-424b-9868-57a2d4851a1d" relativeResultsDirectory="b1036bba-55d2-4abe-81b6-9c9837819775" />
    <UnitTestResult executionId="3e8b67dc-4417-4edf-b2dd-f0ca8621e737" testId="a6a5106e-d98b-7b36-c37f-52d3d3eccf9f" testName="BookmarkSearchTime_WithSearchStringInDifferentCases_ReturnCorrectBookmarkWithSearchStringInDescription (SeArChStRiNg,False,False,False,True,,,0)" computerName="DKSR-EFI-06" duration="00:00:00.0032823" startTime="2024-01-09T15:47:12.9890001+01:00" endTime="2024-01-09T15:47:12.9890001+01:00" testType="13cdc9d9-ddb5-4fa4-a97d-d965ccfc6d4b" outcome="Passed" testListId="8c84fa94-04c1-424b-9868-57a2d4851a1d" relativeResultsDirectory="3e8b67dc-4417-4edf-b2dd-f0ca8621e737" />
    <UnitTestResult executionId="b74c64be-2c2d-4f28-929a-d031c7d0c2c1" testId="ece9c0c6-7f24-79de-902b-ae084a6701cb" testName="LoadBoundingShapes_RectangleShapeWithNegativeHeight_NotAddedToUI" computerName="DKSR-EFI-06" duration="00:00:00.0122619" startTime="2024-01-09T15:47:00.0170877+01:00" endTime="2024-01-09T15:47:00.0327137+01:00" testType="13cdc9d9-ddb5-4fa4-a97d-d965ccfc6d4b" outcome="Passed" testListId="8c84fa94-04c1-424b-9868-57a2d4851a1d" relativeResultsDirectory="b74c64be-2c2d-4f28-929a-d031c7d0c2c1" />
    <UnitTestResult executionId="e7dfb6a7-0209-489a-82ab-5edbb2a1c9fb" testId="2fac8697-42a0-e62c-c584-1a27c1834f8e" testName="SaveAsNewSearchTemplateAsync_Fails_Success" computerName="DKSR-EFI-06" duration="00:00:00.0042948" startTime="2024-01-09T15:46:44.0288809+01:00" endTime="2024-01-09T15:46:44.0288809+01:00" testType="13cdc9d9-ddb5-4fa4-a97d-d965ccfc6d4b" outcome="Passed" testListId="8c84fa94-04c1-424b-9868-57a2d4851a1d" relativeResultsDirectory="e7dfb6a7-0209-489a-82ab-5edbb2a1c9fb" />
    <UnitTestResult executionId="f5a2f3f1-4307-48b4-a213-420278855055" testId="73c84d82-bb7d-01f8-8894-e9f1d48f8356" testName="Convert_InvalidArgumentCount_LessThanExpected_Collapsed" computerName="DKSR-EFI-06" duration="00:00:00.0001846" startTime="2024-01-09T15:46:14.3648925+01:00" endTime="2024-01-09T15:46:14.3648925+01:00" testType="13cdc9d9-ddb5-4fa4-a97d-d965ccfc6d4b" outcome="Passed" testListId="8c84fa94-04c1-424b-9868-57a2d4851a1d" relativeResultsDirectory="f5a2f3f1-4307-48b4-a213-420278855055" />
    <UnitTestResult executionId="3eaac0cd-fd64-4fbb-ac6b-edbbf1d8f569" testId="94ba17e6-30fb-3cd3-1d80-21c645e8deb9" testName="GetWorkspaceToolbarItems_ShouldReturnLiveToolbarItemDisabledPlaybackToolbarItemEnabled_WhenWorkspaceIsPlayback" computerName="DKSR-EFI-06" duration="00:00:00.0025806" startTime="2024-01-09T15:47:10.3321628+01:00" endTime="2024-01-09T15:47:10.3477932+01:00" testType="13cdc9d9-ddb5-4fa4-a97d-d965ccfc6d4b" outcome="Passed" testListId="8c84fa94-04c1-424b-9868-57a2d4851a1d" relativeResultsDirectory="3eaac0cd-fd64-4fbb-ac6b-edbbf1d8f569" />
    <UnitTestResult executionId="55525ee7-13f1-44c0-96b9-dfb7a2e635ec" testId="9029e935-145d-d5fd-fae9-96c860349038" testName="GetClusters_AddedItems_ClustersForAddedItems (Data Row 0)" computerName="DKSR-EFI-06" duration="00:00:00.0123750" startTime="2024-01-09T15:47:09.0193458+01:00" endTime="2024-01-09T15:47:09.2381415+01:00" testType="13cdc9d9-ddb5-4fa4-a97d-d965ccfc6d4b" outcome="Passed" testListId="8c84fa94-04c1-424b-9868-57a2d4851a1d" relativeResultsDirectory="55525ee7-13f1-44c0-96b9-dfb7a2e635ec" />
    <UnitTestResult executionId="140d4347-60f3-419d-b687-05a2247a6876" testId="dbbcef65-1aa6-a5c1-32ef-04150022dcf1" testName="Compare_ShouldPrioritizeCombinedResultsWithMostTriggerTimesInTimespan_WhenNotAllTriggerTimesAreCounted" computerName="DKSR-EFI-06" duration="00:00:00.0024689" startTime="2024-01-09T15:46:45.4509943+01:00" endTime="2024-01-09T15:46:45.4509943+01:00" testType="13cdc9d9-ddb5-4fa4-a97d-d965ccfc6d4b" outcome="Passed" testListId="8c84fa94-04c1-424b-9868-57a2d4851a1d" relativeResultsDirectory="140d4347-60f3-419d-b687-05a2247a6876" />
    <UnitTestResult executionId="deaa2f7a-f130-47c2-b324-993966e2277a" testId="f82ee61b-ae97-d19b-9f9c-9b68d981c021" testName="TestConstructor_MultipleGenerations_Success" computerName="DKSR-EFI-06" duration="00:00:00.0003239" startTime="2024-01-09T15:47:07.4720352+01:00" endTime="2024-01-09T15:47:07.4720352+01:00" testType="13cdc9d9-ddb5-4fa4-a97d-d965ccfc6d4b" outcome="Passed" testListId="8c84fa94-04c1-424b-9868-57a2d4851a1d" relativeResultsDirectory="deaa2f7a-f130-47c2-b324-993966e2277a" />
    <UnitTestResult executionId="be36a4c5-1330-4846-829b-d54628a1f8aa" testId="7d900372-2011-73f8-033d-c6e57807e942" testName="Search_SearchResultReceived_EventFired" computerName="DKSR-EFI-06" duration="00:00:00.0466303" startTime="2024-01-09T15:46:59.5482560+01:00" endTime="2024-01-09T15:46:59.5952971+01:00" testType="13cdc9d9-ddb5-4fa4-a97d-d965ccfc6d4b" outcome="Passed" testListId="8c84fa94-04c1-424b-9868-57a2d4851a1d" relativeResultsDirectory="be36a4c5-1330-4846-829b-d54628a1f8aa" />
    <UnitTestResult executionId="34ffcc6f-b2c6-4fa8-a416-d92ac2aa871a" testId="0ca96c98-4279-a38d-8923-cfc233650b07" testName="SearchResultsActionBarActions_EditBookmark_BookmarkServiceException_WarningDialogShown" computerName="DKSR-EFI-06" duration="00:00:00.0121077" startTime="2024-01-09T15:46:35.6675349+01:00" endTime="2024-01-09T15:46:35.6831647+01:00" testType="13cdc9d9-ddb5-4fa4-a97d-d965ccfc6d4b" outcome="Passed" testListId="8c84fa94-04c1-424b-9868-57a2d4851a1d" relativeResultsDirectory="34ffcc6f-b2c6-4fa8-a416-d92ac2aa871a" />
    <UnitTestResult executionId="a1aeb084-dbc7-4a27-b54a-733a86734962" testId="7b2ce89e-8bf2-0763-c57e-0285adbdcf5c" testName="Constructor_ShouldRaiseArgumentNullException_WhenLayersIsNull" computerName="DKSR-EFI-06" duration="00:00:00.0019874" startTime="2024-01-09T15:47:07.1594497+01:00" endTime="2024-01-09T15:47:07.1594497+01:00" testType="13cdc9d9-ddb5-4fa4-a97d-d965ccfc6d4b" outcome="Passed" testListId="8c84fa94-04c1-424b-9868-57a2d4851a1d" relativeResultsDirectory="a1aeb084-dbc7-4a27-b54a-733a86734962" />
    <UnitTestResult executionId="d725d3c8-cdc0-4546-8b1b-b331dbed3b47" testId="208c7d14-25fa-d8f3-7f48-278c6762125d" testName="False" computerName="DKSR-EFI-06" duration="00:00:00.0005481" startTime="2024-01-09T15:47:12.0356806+01:00" endTime="2024-01-09T15:47:12.0356806+01:00" testType="13cdc9d9-ddb5-4fa4-a97d-d965ccfc6d4b" outcome="Passed" testListId="8c84fa94-04c1-424b-9868-57a2d4851a1d" relativeResultsDirectory="d725d3c8-cdc0-4546-8b1b-b331dbed3b47" />
    <UnitTestResult executionId="35e2e411-67d1-44c8-bb72-46ec896a80d7" testId="e0e4a25c-da24-71c2-6a4d-30260f82e840" testName="PtzSessionController_Stop_Test" computerName="DKSR-EFI-06" duration="00:00:00.0013166" startTime="2024-01-09T15:45:19.4981557+01:00" endTime="2024-01-09T15:45:19.5137834+01:00" testType="13cdc9d9-ddb5-4fa4-a97d-d965ccfc6d4b" outcome="Passed" testListId="8c84fa94-04c1-424b-9868-57a2d4851a1d" relativeResultsDirectory="35e2e411-67d1-44c8-bb72-46ec896a80d7" />
    <UnitTestResult executionId="c6ce7066-7946-43ad-96f8-62e22a31b175" testId="d8b647c6-ef54-f676-621e-8f04d1dc548d" testName="SelectTemplate_NullViewModelSearchAttribute_Throws" computerName="DKSR-EFI-06" duration="00:00:00.0015192" startTime="2024-01-09T15:45:45.1706367+01:00" endTime="2024-01-09T15:45:45.1706367+01:00" testType="13cdc9d9-ddb5-4fa4-a97d-d965ccfc6d4b" outcome="Passed" testListId="8c84fa94-04c1-424b-9868-57a2d4851a1d" relativeResultsDirectory="c6ce7066-7946-43ad-96f8-62e22a31b175" />
    <UnitTestResult executionId="5c9bb4bd-c724-45c3-9cf3-aec68719f830" testId="e998f77e-77b2-7e10-d8db-3813eb8031aa" testName="GetClusters_ThreeInitialItems_ClustersForInitialItems (Data Row 2)" computerName="DKSR-EFI-06" duration="00:00:00.0114662" startTime="2024-01-09T15:47:08.8161554+01:00" endTime="2024-01-09T15:47:09.0037088+01:00" testType="13cdc9d9-ddb5-4fa4-a97d-d965ccfc6d4b" outcome="Passed" testListId="8c84fa94-04c1-424b-9868-57a2d4851a1d" relativeResultsDirectory="5c9bb4bd-c724-45c3-9cf3-aec68719f830" />
    <UnitTestResult executionId="21cff21e-b61d-4697-ad1f-7294bac53220" testId="2f07bb8b-cd50-f2c2-1839-7178b31bc8e9" testName="GetMapLayerArguments_ShouldReturnIGisMapModelAndAlarmsObservables_WhenCalled" computerName="DKSR-EFI-06" duration="00:00:00.0005421" startTime="2024-01-09T15:47:04.3929397+01:00" endTime="2024-01-09T15:47:04.3929397+01:00" testType="13cdc9d9-ddb5-4fa4-a97d-d965ccfc6d4b" outcome="Passed" testListId="8c84fa94-04c1-424b-9868-57a2d4851a1d" relativeResultsDirectory="21cff21e-b61d-4697-ad1f-7294bac53220" />
    <UnitTestResult executionId="802f93be-c923-45c1-8d80-4a6e1e8abd36" testId="4b3691e7-07b6-0fb9-2d54-63140b399b3d" testName="PerformAction_Success" computerName="DKSR-EFI-06" duration="00:00:00.0049976" startTime="2024-01-09T15:45:39.0450426+01:00" endTime="2024-01-09T15:45:39.0450426+01:00" testType="13cdc9d9-ddb5-4fa4-a97d-d965ccfc6d4b" outcome="Passed" testListId="8c84fa94-04c1-424b-9868-57a2d4851a1d" relativeResultsDirectory="802f93be-c923-45c1-8d80-4a6e1e8abd36" />
    <UnitTestResult executionId="97b0eec4-dbc1-4dfe-98f5-74759e59e139" testId="9029e935-145d-d5fd-fae9-96c860349038" testName="GetClusters_AddedItems_ClustersForAddedItems (Data Row 16)" computerName="DKSR-EFI-06" duration="00:00:00.0095850" startTime="2024-01-09T15:47:09.0193458+01:00" endTime="2024-01-09T15:47:09.2381415+01:00" testType="13cdc9d9-ddb5-4fa4-a97d-d965ccfc6d4b" outcome="Passed" testListId="8c84fa94-04c1-424b-9868-57a2d4851a1d" relativeResultsDirectory="97b0eec4-dbc1-4dfe-98f5-74759e59e139" />
    <UnitTestResult executionId="1b809d9b-69b1-4e0b-8efd-fb4cfaebfee8" testId="500812c7-2caf-0961-5585-75ab839884c8" testName="Tooltip_ShouldShowMicrophoneName_WhenMicrophoneIsMutedOnLiveModeAndUserHasListenPermissions" computerName="DKSR-EFI-06" duration="00:00:00.0668898" startTime="2024-01-09T15:45:36.8419196+01:00" endTime="2024-01-09T15:45:36.9044207+01:00" testType="13cdc9d9-ddb5-4fa4-a97d-d965ccfc6d4b" outcome="Passed" testListId="8c84fa94-04c1-424b-9868-57a2d4851a1d" relativeResultsDirectory="1b809d9b-69b1-4e0b-8efd-fb4cfaebfee8" />
    <UnitTestResult executionId="ed2848d7-8c03-45b5-af01-492b355f3fa6" testId="91f26bca-4ab5-824b-aa90-84778c7aa540" testName="SearchModelOnSearchResultsReady_OnUiThread_Success" computerName="DKSR-EFI-06" duration="00:00:00.0176198" startTime="2024-01-09T15:46:38.2307671+01:00" endTime="2024-01-09T15:46:38.2463927+01:00" testType="13cdc9d9-ddb5-4fa4-a97d-d965ccfc6d4b" outcome="Passed" testListId="8c84fa94-04c1-424b-9868-57a2d4851a1d" relativeResultsDirectory="ed2848d7-8c03-45b5-af01-492b355f3fa6" />
    <UnitTestResult executionId="455911a5-2990-4e7a-a68b-9b9ca313c088" testId="50eff704-edc5-bb65-d2be-7ddc270e7a86" testName="New_related_device_added_when_unrelated_camera_added" computerName="DKSR-EFI-06" duration="00:00:00.0041143" startTime="2024-01-09T15:47:18.6618396+01:00" endTime="2024-01-09T15:47:18.6618396+01:00" testType="13cdc9d9-ddb5-4fa4-a97d-d965ccfc6d4b" outcome="Passed" testListId="8c84fa94-04c1-424b-9868-57a2d4851a1d" relativeResultsDirectory="455911a5-2990-4e7a-a68b-9b9ca313c088" />
    <UnitTestResult executionId="e3892525-909d-4d76-b818-f2d6df2641b7" testId="2031c616-1edd-8f7a-639e-5fd173aaa18e" testName="LeftButtonDown_ShouldNotRaiseAnException_WhenFired" computerName="DKSR-EFI-06" duration="00:00:00.0275018" startTime="2024-01-09T15:45:26.7794163+01:00" endTime="2024-01-09T15:45:26.8106659+01:00" testType="13cdc9d9-ddb5-4fa4-a97d-d965ccfc6d4b" outcome="Passed" testListId="8c84fa94-04c1-424b-9868-57a2d4851a1d" relativeResultsDirectory="e3892525-909d-4d76-b818-f2d6df2641b7" />
    <UnitTestResult executionId="9a4f3047-05b1-45f6-87c1-89e8c537133a" testId="0a626f9c-1fcc-6ba0-e354-bb3374659d02" testName="PermanentMarkers_ShouldAdd_WhenTryInitExecuted" computerName="DKSR-EFI-06" duration="00:00:00.0396074" startTime="2024-01-09T15:45:31.7794207+01:00" endTime="2024-01-09T15:45:31.8262952+01:00" testType="13cdc9d9-ddb5-4fa4-a97d-d965ccfc6d4b" outcome="Passed" testListId="8c84fa94-04c1-424b-9868-57a2d4851a1d" relativeResultsDirectory="9a4f3047-05b1-45f6-87c1-89e8c537133a" />
    <UnitTestResult executionId="27217bcd-7516-4f61-bd9c-de28963f95ce" testId="e571b35d-57ce-9cb9-ba77-a93c8415ec13" testName="CreateDetailsViewControl_ValidSearchResult_DetailsViewPlaybackSpeedSet_Success" computerName="DKSR-EFI-06" duration="00:00:01.2235117" startTime="2024-01-09T15:46:00.4707973+01:00" endTime="2024-01-09T15:46:01.7056186+01:00" testType="13cdc9d9-ddb5-4fa4-a97d-d965ccfc6d4b" outcome="Passed" testListId="8c84fa94-04c1-424b-9868-57a2d4851a1d" relativeResultsDirectory="27217bcd-7516-4f61-bd9c-de28963f95ce" />
    <UnitTestResult executionId="1044e277-0939-46e1-aad3-ef841294e8db" testId="1576a34d-4425-e758-2eec-5a2e4ef4d6ef" testName="ErrorOccurred_Exception_Success" computerName="DKSR-EFI-06" duration="00:00:00.0098871" startTime="2024-01-09T15:46:44.9040300+01:00" endTime="2024-01-09T15:46:44.9040300+01:00" testType="13cdc9d9-ddb5-4fa4-a97d-d965ccfc6d4b" outcome="Passed" testListId="8c84fa94-04c1-424b-9868-57a2d4851a1d" relativeResultsDirectory="1044e277-0939-46e1-aad3-ef841294e8db">
      <Output>
        <StdOut>Debug Trace:&#xD;
&gt;&gt;&gt; message: Error when searching in search agent: "Category Name" with message: "Error message"</StdOut>
      </Output>
    </UnitTestResult>
    <UnitTestResult executionId="04661209-bad2-4675-8483-0bdc536ec31b" testId="01c01ca3-1cfc-215a-ffeb-b8e6d0ef2e1f" testName="Dispose_Success" computerName="DKSR-EFI-06" duration="00:00:00.0011279" startTime="2024-01-09T15:46:34.3858971+01:00" endTime="2024-01-09T15:46:34.3858971+01:00" testType="13cdc9d9-ddb5-4fa4-a97d-d965ccfc6d4b" outcome="Passed" testListId="8c84fa94-04c1-424b-9868-57a2d4851a1d" relativeResultsDirectory="04661209-bad2-4675-8483-0bdc536ec31b" />
    <UnitTestResult executionId="758269f1-9de2-4ba9-80aa-66f7ea47edd5" testId="6c5f61a4-ad87-32db-d53b-dc288f4c0d0f" testName="BookmarkSearchTime_WithSearchStringInDifferentCases_ReturnCorrectBookmarkWithSearchStringInDescription (SeArChStRiNg,True,True,False,True,,,1)" computerName="DKSR-EFI-06" duration="00:00:00.0035737" startTime="2024-01-09T15:47:12.9264943+01:00" endTime="2024-01-09T15:47:12.9264943+01:00" testType="13cdc9d9-ddb5-4fa4-a97d-d965ccfc6d4b" outcome="Passed" testListId="8c84fa94-04c1-424b-9868-57a2d4851a1d" relativeResultsDirectory="758269f1-9de2-4ba9-80aa-66f7ea47edd5" />
    <UnitTestResult executionId="81e6428e-008f-4f39-adc4-ff13dba10d3c" testId="e998f77e-77b2-7e10-d8db-3813eb8031aa" testName="GetClusters_ThreeInitialItems_ClustersForInitialItems (Data Row 5)" computerName="DKSR-EFI-06" duration="00:00:00.0083375" startTime="2024-01-09T15:47:08.8161554+01:00" endTime="2024-01-09T15:47:09.0037088+01:00" testType="13cdc9d9-ddb5-4fa4-a97d-d965ccfc6d4b" outcome="Passed" testListId="8c84fa94-04c1-424b-9868-57a2d4851a1d" relativeResultsDirectory="81e6428e-008f-4f39-adc4-ff13dba10d3c" />
    <UnitTestResult executionId="9c0e2fd6-573b-46d0-a0d1-a09ba1afcb4c" testId="7ca8a434-7012-c34d-5866-6521f620a2e4" testName="TestReloadView_Success" computerName="DKSR-EFI-06" duration="00:00:00.0167310" startTime="2024-01-09T15:45:17.2637775+01:00" endTime="2024-01-09T15:45:17.2794021+01:00" testType="13cdc9d9-ddb5-4fa4-a97d-d965ccfc6d4b" outcome="Passed" testListId="8c84fa94-04c1-424b-9868-57a2d4851a1d" relativeResultsDirectory="9c0e2fd6-573b-46d0-a0d1-a09ba1afcb4c" />
    <UnitTestResult executionId="1cac4736-6b01-4213-8bc5-2196343ebe5a" testId="13e00d9f-1356-be26-5e63-c3874f003845" testName="SmartMapPositionChanged_WhenMapPositionIsChanged_ShouldCallPostMessage" computerName="DKSR-EFI-06" duration="00:00:00.1432892" startTime="2024-01-09T15:45:38.6856708+01:00" endTime="2024-01-09T15:45:38.8419182+01:00" testType="13cdc9d9-ddb5-4fa4-a97d-d965ccfc6d4b" outcome="Passed" testListId="8c84fa94-04c1-424b-9868-57a2d4851a1d" relativeResultsDirectory="1cac4736-6b01-4213-8bc5-2196343ebe5a" />
    <UnitTestResult executionId="b843ca12-2bbe-4de1-99a9-ee357e6f2df3" testId="9040b640-fe7c-9575-9486-622077ffb232" testName="Re_adding_cameras_with_no_RetentionCreate_rights_after_extending_retention_interval" computerName="DKSR-EFI-06" duration="00:00:00.0041611" startTime="2024-01-09T15:47:18.6305902+01:00" endTime="2024-01-09T15:47:18.6305902+01:00" testType="13cdc9d9-ddb5-4fa4-a97d-d965ccfc6d4b" outcome="Passed" testListId="8c84fa94-04c1-424b-9868-57a2d4851a1d" relativeResultsDirectory="b843ca12-2bbe-4de1-99a9-ee357e6f2df3" />
    <UnitTestResult executionId="f0d47006-6fca-4b11-b4fb-8d6ea8c151ad" testId="38c61dcc-3a50-a0a7-0dea-c65fb41e4802" testName="SearchResultCombineType_ShouldSetSearchTemplateAsModified_WhenValueChangesAndSearchTemplateIsActive" computerName="DKSR-EFI-06" duration="00:00:00.0083561" startTime="2024-01-09T15:46:38.6996240+01:00" endTime="2024-01-09T15:46:38.6996240+01:00" testType="13cdc9d9-ddb5-4fa4-a97d-d965ccfc6d4b" outcome="Passed" testListId="8c84fa94-04c1-424b-9868-57a2d4851a1d" relativeResultsDirectory="f0d47006-6fca-4b11-b4fb-8d6ea8c151ad" />
    <UnitTestResult executionId="837b02b9-082f-48b7-908d-bb0a59117b0c" testId="c98efbf5-2f3d-50a2-5f38-9c6abe3c1c8e" testName="CreateDefinition_StartSearch_ExecutedAfterDelay" computerName="DKSR-EFI-06" duration="00:00:00.0218225" startTime="2024-01-09T15:46:44.7633788+01:00" endTime="2024-01-09T15:46:44.7946376+01:00" testType="13cdc9d9-ddb5-4fa4-a97d-d965ccfc6d4b" outcome="Passed" testListId="8c84fa94-04c1-424b-9868-57a2d4851a1d" relativeResultsDirectory="837b02b9-082f-48b7-908d-bb0a59117b0c" />
    <UnitTestResult executionId="824a8b8a-01e4-4478-ace6-469cc674253e" testId="e5baebdf-dd33-61d2-8622-e7904797fee0" testName="GetDomainAndUserName_ShouldReturnOnlyUserNamePartOfNetworkCredentials_WhenNetworkCredentialsContainsNoDomain" computerName="DKSR-EFI-06" duration="00:00:00.0003286" startTime="2024-01-09T15:45:20.2637846+01:00" endTime="2024-01-09T15:45:20.2637846+01:00" testType="13cdc9d9-ddb5-4fa4-a97d-d965ccfc6d4b" outcome="Passed" testListId="8c84fa94-04c1-424b-9868-57a2d4851a1d" relativeResultsDirectory="824a8b8a-01e4-4478-ace6-469cc674253e" />
    <UnitTestResult executionId="5d2032d5-6f4e-40b9-ab9b-c2f67c20616e" testId="daa7dc49-f207-f73b-e691-533a5b8c5990" testName="ZoomIn_MapSet_MapZoomInInvoked" computerName="DKSR-EFI-06" duration="00:00:00.0085286" startTime="2024-01-09T15:45:31.1075435+01:00" endTime="2024-01-09T15:45:31.1250893+01:00" testType="13cdc9d9-ddb5-4fa4-a97d-d965ccfc6d4b" outcome="Passed" testListId="8c84fa94-04c1-424b-9868-57a2d4851a1d" relativeResultsDirectory="5d2032d5-6f4e-40b9-ab9b-c2f67c20616e" />
    <UnitTestResult executionId="d0757986-08f6-4548-90e9-5d332e92ca90" testId="947e66f8-3edd-6840-266f-9e5f8a6ffe6e" testName="PointMapItem_Load_Output_Success" computerName="DKSR-EFI-06" duration="00:00:00.0361554" startTime="2024-01-09T15:47:05.1588211+01:00" endTime="2024-01-09T15:47:05.1900790+01:00" testType="13cdc9d9-ddb5-4fa4-a97d-d965ccfc6d4b" outcome="Passed" testListId="8c84fa94-04c1-424b-9868-57a2d4851a1d" relativeResultsDirectory="d0757986-08f6-4548-90e9-5d332e92ca90" />
    <UnitTestResult executionId="8997b61b-1e5f-48e3-8bb9-f478244e8d1f" testId="5660124e-2746-e525-af63-46d6c656faea" testName="Toolbar_HasNoButtonsVisibleByDefault_WhenNotInLiveOrPlayback" computerName="DKSR-EFI-06" duration="00:00:00.0140969" startTime="2024-01-09T15:47:10.8479144+01:00" endTime="2024-01-09T15:47:10.8635401+01:00" testType="13cdc9d9-ddb5-4fa4-a97d-d965ccfc6d4b" outcome="Passed" testListId="8c84fa94-04c1-424b-9868-57a2d4851a1d" relativeResultsDirectory="8997b61b-1e5f-48e3-8bb9-f478244e8d1f" />
    <UnitTestResult executionId="e5b97287-5736-4fe0-866a-90820450392a" testId="fcfe2bea-524e-b6f0-1644-957aeea21ce7" testName="CreateReportAsync_ShouldSplitFrontPage_WhereFrontPageNotesSectionIsExtraLarge" computerName="DKSR-EFI-06" duration="00:00:00.1986682" startTime="2024-01-09T15:46:39.8248951+01:00" endTime="2024-01-09T15:46:40.0124428+01:00" testType="13cdc9d9-ddb5-4fa4-a97d-d965ccfc6d4b" outcome="Passed" testListId="8c84fa94-04c1-424b-9868-57a2d4851a1d" relativeResultsDirectory="e5b97287-5736-4fe0-866a-90820450392a" />
    <UnitTestResult executionId="1b3ed738-4843-4391-89c7-9a663df5468e" testId="1435e2a2-bee2-1d2d-95b6-bab177d11e01" testName="GetDeactivatedOutputIconId_ShouldRaiseArgumentException_WhenArgumentIsNotAActivatedOutputIconId" computerName="DKSR-EFI-06" duration="00:00:00.0012455" startTime="2024-01-09T15:47:04.4867206+01:00" endTime="2024-01-09T15:47:04.4867206+01:00" testType="13cdc9d9-ddb5-4fa4-a97d-d965ccfc6d4b" outcome="Passed" testListId="8c84fa94-04c1-424b-9868-57a2d4851a1d" relativeResultsDirectory="1b3ed738-4843-4391-89c7-9a663df5468e" />
    <UnitTestResult executionId="b6d216c4-c3e2-431b-b4d3-4aed2a3b5dd1" testId="c22deb6e-f8ad-a898-d5fa-2612e0c2ea52" testName="GetDefaultReportDestination_WrongUserSettingsAttribute_ReturnsDefaultFolder" computerName="DKSR-EFI-06" duration="00:00:00.0042922" startTime="2024-01-09T15:46:34.5890835+01:00" endTime="2024-01-09T15:46:34.5890835+01:00" testType="13cdc9d9-ddb5-4fa4-a97d-d965ccfc6d4b" outcome="Passed" testListId="8c84fa94-04c1-424b-9868-57a2d4851a1d" relativeResultsDirectory="b6d216c4-c3e2-431b-b4d3-4aed2a3b5dd1" />
    <UnitTestResult executionId="c35cb08d-0d8b-4287-ad06-c29959a52f70" testId="c49afcd7-de27-7990-5754-d54f7b7c14ac" testName="SearchResultContainerView_OnItemActivated_AnimationDisabled_DetailsViewAddedToDetailsViewControl" computerName="DKSR-EFI-06" duration="00:00:01.4325646" startTime="2024-01-09T15:45:51.7972868+01:00" endTime="2024-01-09T15:45:53.2350586+01:00" testType="13cdc9d9-ddb5-4fa4-a97d-d965ccfc6d4b" outcome="Passed" testListId="8c84fa94-04c1-424b-9868-57a2d4851a1d" relativeResultsDirectory="c35cb08d-0d8b-4287-ad06-c29959a52f70" />
    <UnitTestResult executionId="705f68b8-2533-413b-a41a-a4bed73d9709" testId="b1b5a4b2-ef61-9282-6663-5d7233efeaab" testName="SupportsDoubleClick_ShouldBeFalse_WhenInteractionStateIsNotNormalAndInSetupMode" computerName="DKSR-EFI-06" duration="00:00:00.0419884" startTime="2024-01-09T15:45:35.1387931+01:00" endTime="2024-01-09T15:45:35.1856709+01:00" testType="13cdc9d9-ddb5-4fa4-a97d-d965ccfc6d4b" outcome="Passed" testListId="8c84fa94-04c1-424b-9868-57a2d4851a1d" relativeResultsDirectory="705f68b8-2533-413b-a41a-a4bed73d9709" />
    <UnitTestResult executionId="239ba87d-7c88-46c7-b694-fd01c1208144" testId="8c07f686-6c37-5afb-9e2e-861969346f9f" testName="AddResults_IncludePartialResults_OnePartialResult_Success" computerName="DKSR-EFI-06" duration="00:00:00.0042701" startTime="2024-01-09T15:46:45.2322105+01:00" endTime="2024-01-09T15:46:45.2322105+01:00" testType="13cdc9d9-ddb5-4fa4-a97d-d965ccfc6d4b" outcome="Passed" testListId="8c84fa94-04c1-424b-9868-57a2d4851a1d" relativeResultsDirectory="239ba87d-7c88-46c7-b694-fd01c1208144" />
    <UnitTestResult executionId="e0d72a41-445a-49db-b6c8-464449b5fc82" testId="61fff35a-1f51-c483-72f9-65b70f75c0e7" testName="Ctor_NullSearchResultDataList_Failure" computerName="DKSR-EFI-06" duration="00:00:00.0021617" startTime="2024-01-09T15:46:43.3256196+01:00" endTime="2024-01-09T15:46:43.3256196+01:00" testType="13cdc9d9-ddb5-4fa4-a97d-d965ccfc6d4b" outcome="Passed" testListId="8c84fa94-04c1-424b-9868-57a2d4851a1d" relativeResultsDirectory="e0d72a41-445a-49db-b6c8-464449b5fc82" />
    <UnitTestResult executionId="a55b3868-6955-4b61-902f-60175b7bd3c3" testId="3011877c-371c-af3a-5f96-72aad6f976b4" testName="GetUserOptions_ShouldReturnCustomSettingsFromOldAndNewKey_WhenDataIsAvailableInTheSystem" computerName="DKSR-EFI-06" duration="00:00:00.0031142" startTime="2024-01-09T15:47:12.0044269+01:00" endTime="2024-01-09T15:47:12.0044269+01:00" testType="13cdc9d9-ddb5-4fa4-a97d-d965ccfc6d4b" outcome="Passed" testListId="8c84fa94-04c1-424b-9868-57a2d4851a1d" relativeResultsDirectory="a55b3868-6955-4b61-902f-60175b7bd3c3" />
    <UnitTestResult executionId="3dadfb8c-518b-4d49-889f-cb1c806014f1" testId="8ed2a60a-eeda-1585-64ac-27fd20cde828" testName="ToMipSearchResultData_ShouldIncludeMetadataObjectsFromAllSubResults" computerName="DKSR-EFI-06" duration="00:00:00.0073734" startTime="2024-01-09T15:46:45.3103541+01:00" endTime="2024-01-09T15:46:45.3103541+01:00" testType="13cdc9d9-ddb5-4fa4-a97d-d965ccfc6d4b" outcome="Passed" testListId="8c84fa94-04c1-424b-9868-57a2d4851a1d" relativeResultsDirectory="3dadfb8c-518b-4d49-889f-cb1c806014f1" />
    <UnitTestResult executionId="479c514c-9fcb-4d6c-a9ac-b7fb95e71da3" testId="23c856d5-b6c3-19f8-8013-074be7c600aa" testName="Retrieve_ExceptionHandled" computerName="DKSR-EFI-06" duration="00:00:00.0043007" startTime="2024-01-09T15:45:39.0137928+01:00" endTime="2024-01-09T15:45:39.0294190+01:00" testType="13cdc9d9-ddb5-4fa4-a97d-d965ccfc6d4b" outcome="Passed" testListId="8c84fa94-04c1-424b-9868-57a2d4851a1d" relativeResultsDirectory="479c514c-9fcb-4d6c-a9ac-b7fb95e71da3" />
    <UnitTestResult executionId="5a4e73b5-17ef-4283-b905-990ca86964be" testId="52ea9bfe-1874-02a6-4b0f-ab5154a2f6b0" testName="BookmarkSearchTime_WithSearchStringInDifferentCases_ReturnCorrectBookmarkWithSearchStringInDescription (SeArChStRiNg,False,True,False,False,,SeArChStRiNg,1)" computerName="DKSR-EFI-06" duration="00:00:00.0047332" startTime="2024-01-09T15:47:13.0202576+01:00" endTime="2024-01-09T15:47:13.0202576+01:00" testType="13cdc9d9-ddb5-4fa4-a97d-d965ccfc6d4b" outcome="Passed" testListId="8c84fa94-04c1-424b-9868-57a2d4851a1d" relativeResultsDirectory="5a4e73b5-17ef-4283-b905-990ca86964be" />
    <UnitTestResult executionId="d873e7fb-e69f-4792-9fa6-b1a36d77cad7" testId="582d8a38-a0ae-cfd9-0b4e-02b7216ac2ae" testName="AddToExportDevices_ShouldReturnCorrectResult (0,1,1)" computerName="DKSR-EFI-06" duration="00:00:00.0013280" startTime="2024-01-09T15:47:11.7074850+01:00" endTime="2024-01-09T15:47:11.7074850+01:00" testType="13cdc9d9-ddb5-4fa4-a97d-d965ccfc6d4b" outcome="Passed" testListId="8c84fa94-04c1-424b-9868-57a2d4851a1d" relativeResultsDirectory="d873e7fb-e69f-4792-9fa6-b1a36d77cad7" />
    <UnitTestResult executionId="f2792144-e6e1-4c68-8bc4-ddd05ea2b930" testId="bcf60051-ecc6-b8b5-1879-3df57ae16566" testName="SearchResultsActionBarActions_CreateEvidenceLock_InvokeCommand_Success" computerName="DKSR-EFI-06" duration="00:00:00.0224315" startTime="2024-01-09T15:46:35.7144278+01:00" endTime="2024-01-09T15:46:35.7300559+01:00" testType="13cdc9d9-ddb5-4fa4-a97d-d965ccfc6d4b" outcome="Passed" testListId="8c84fa94-04c1-424b-9868-57a2d4851a1d" relativeResultsDirectory="f2792144-e6e1-4c68-8bc4-ddd05ea2b930" />
    <UnitTestResult executionId="0951f4c8-2ba4-4b8d-9d00-2020ca31a4d3" testId="57b504fd-2c7e-dcd2-d028-6f333f529539" testName="BuildMapOptions_ShouldHandleEnumOptionsCorrectly (GisMapOpenStreetMapGeographicLayer,Available,True)" computerName="DKSR-EFI-06" duration="00:00:00.0027929" startTime="2024-01-09T15:47:17.4272949+01:00" endTime="2024-01-09T15:47:17.4272949+01:00" testType="13cdc9d9-ddb5-4fa4-a97d-d965ccfc6d4b" outcome="Passed" testListId="8c84fa94-04c1-424b-9868-57a2d4851a1d" relativeResultsDirectory="0951f4c8-2ba4-4b8d-9d00-2020ca31a4d3" />
    <UnitTestResult executionId="8a584df3-e75a-49e5-ba4e-0a57ac4b8aea" testId="843dae0b-b140-3d67-5588-10bfec2781a8" testName="GetIsOpenStreetMapValid_ShouldRaiseArgumentNullException_WhenOptionManagerIsNull" computerName="DKSR-EFI-06" duration="00:00:00.0005517" startTime="2024-01-09T15:47:07.2532230+01:00" endTime="2024-01-09T15:47:07.2532230+01:00" testType="13cdc9d9-ddb5-4fa4-a97d-d965ccfc6d4b" outcome="Passed" testListId="8c84fa94-04c1-424b-9868-57a2d4851a1d" relativeResultsDirectory="8a584df3-e75a-49e5-ba4e-0a57ac4b8aea" />
    <UnitTestResult executionId="31bf1179-68b3-40ed-8116-0e5331979d48" testId="90f737d2-bf89-5d2f-b28c-8cecebbed027" testName="RemoveDefinition_WithRunningSearch_SearchCancelledAndResultsCleared" computerName="DKSR-EFI-06" duration="00:00:00.0087244" startTime="2024-01-09T15:46:44.8883988+01:00" endTime="2024-01-09T15:46:44.9040300+01:00" testType="13cdc9d9-ddb5-4fa4-a97d-d965ccfc6d4b" outcome="Passed" testListId="8c84fa94-04c1-424b-9868-57a2d4851a1d" relativeResultsDirectory="31bf1179-68b3-40ed-8116-0e5331979d48" />
    <UnitTestResult executionId="c5d2ea71-caba-4b60-beac-1695a5057952" testId="4e7c1dac-cca0-02a1-db28-32ba9bd6a0cf" testName="ValidateExportFormats_ShouldReturnFailResult_ExportFormatRequired" computerName="DKSR-EFI-06" duration="00:00:00.0162761" startTime="2024-01-09T15:45:44.1859469+01:00" endTime="2024-01-09T15:45:44.2015789+01:00" testType="13cdc9d9-ddb5-4fa4-a97d-d965ccfc6d4b" outcome="Passed" testListId="8c84fa94-04c1-424b-9868-57a2d4851a1d" relativeResultsDirectory="c5d2ea71-caba-4b60-beac-1695a5057952" />
    <UnitTestResult executionId="77aa834b-4483-4e4d-9b72-8db8689755b7" testId="8f59d74f-1387-b481-45ba-5b4638b6eca1" testName="ActiveInteractionStateBinding_ShouldOnlyContainNormal_WhenCtorIsCalled" computerName="DKSR-EFI-06" duration="00:00:00.0452008" startTime="2024-01-09T15:45:35.2794225+01:00" endTime="2024-01-09T15:45:35.3262915+01:00" testType="13cdc9d9-ddb5-4fa4-a97d-d965ccfc6d4b" outcome="Passed" testListId="8c84fa94-04c1-424b-9868-57a2d4851a1d" relativeResultsDirectory="77aa834b-4483-4e4d-9b72-8db8689755b7" />
    <UnitTestResult executionId="ca0cee6e-b5c9-4a89-90cf-aa55a6ea750c" testId="56af3ae0-30c5-e2c9-265d-9763c2af0b14" testName="ActiveInteractionStateBinding_ShouldOnlyContainNormal_WhenCtorIsCalled" computerName="DKSR-EFI-06" duration="00:00:00.0345144" startTime="2024-01-09T15:45:34.9044208+01:00" endTime="2024-01-09T15:45:34.9356735+01:00" testType="13cdc9d9-ddb5-4fa4-a97d-d965ccfc6d4b" outcome="Passed" testListId="8c84fa94-04c1-424b-9868-57a2d4851a1d" relativeResultsDirectory="ca0cee6e-b5c9-4a89-90cf-aa55a6ea750c" />
    <UnitTestResult executionId="ce2fa911-b47e-4949-be1b-3c40bc5760df" testId="6bac4380-8ca1-03ec-b0fa-87faadf2b614" testName="TestChangeProperties_Note_Success" computerName="DKSR-EFI-06" duration="00:00:00.0068566" startTime="2024-01-09T15:47:00.6265239+01:00" endTime="2024-01-09T15:47:00.6265239+01:00" testType="13cdc9d9-ddb5-4fa4-a97d-d965ccfc6d4b" outcome="Passed" testListId="8c84fa94-04c1-424b-9868-57a2d4851a1d" relativeResultsDirectory="ce2fa911-b47e-4949-be1b-3c40bc5760df" />
    <UnitTestResult executionId="73fccfa6-11ae-4e06-b3f1-572f440af4dd" testId="86b5c5b9-f5c0-2dad-738f-2d685bd44644" testName="PopulateTooltip_FewResultsFromFewCameras24Hours_ValidText" computerName="DKSR-EFI-06" duration="00:00:00.0816337" startTime="2024-01-09T15:46:27.3372402+01:00" endTime="2024-01-09T15:46:27.4154295+01:00" testType="13cdc9d9-ddb5-4fa4-a97d-d965ccfc6d4b" outcome="Passed" testListId="8c84fa94-04c1-424b-9868-57a2d4851a1d" relativeResultsDirectory="73fccfa6-11ae-4e06-b3f1-572f440af4dd" />
    <UnitTestResult executionId="d0c817fb-984b-4c7f-abe5-de7a0758b77f" testId="5725dc6b-38b3-44b7-6936-015732fd6b4c" testName="NavigateAndSelectAsync_SelectAnotherCamera_ReCenterCommandEnabled" computerName="DKSR-EFI-06" duration="00:00:00.0640239" startTime="2024-01-09T15:45:30.3106677+01:00" endTime="2024-01-09T15:45:30.3731701+01:00" testType="13cdc9d9-ddb5-4fa4-a97d-d965ccfc6d4b" outcome="Passed" testListId="8c84fa94-04c1-424b-9868-57a2d4851a1d" relativeResultsDirectory="d0c817fb-984b-4c7f-abe5-de7a0758b77f" />
    <UnitTestResult executionId="fdd7a641-85c8-4309-8ea4-6ef5cfb18844" testId="fcd118df-d28f-9914-22b6-30e2ce26737f" testName="OpenStreetMapLayerIsDisabled_ShouldReturnFalse_WhenOpenStreetMapGeographicLayerOptionIsAvailableAndOpenStreetMapAlternativeServerIsEmpty" computerName="DKSR-EFI-06" duration="00:00:00.0097701" startTime="2024-01-09T15:47:01.4235357+01:00" endTime="2024-01-09T15:47:01.4391556+01:00" testType="13cdc9d9-ddb5-4fa4-a97d-d965ccfc6d4b" outcome="Passed" testListId="8c84fa94-04c1-424b-9868-57a2d4851a1d" relativeResultsDirectory="fdd7a641-85c8-4309-8ea4-6ef5cfb18844" />
    <UnitTestResult executionId="075620bb-01d4-4579-9a9b-c5f0666e323a" testId="22f57bdb-c5ee-b53f-99a9-02334618ffe6" testName="Decorate_ShouldRaiseMissingMethodException_WhenDecoratorUsesLayerVisibilityItemData" computerName="DKSR-EFI-06" duration="00:00:00.0033642" startTime="2024-01-09T15:45:30.8887918+01:00" endTime="2024-01-09T15:45:30.8887918+01:00" testType="13cdc9d9-ddb5-4fa4-a97d-d965ccfc6d4b" outcome="Passed" testListId="8c84fa94-04c1-424b-9868-57a2d4851a1d" relativeResultsDirectory="075620bb-01d4-4579-9a9b-c5f0666e323a" />
    <UnitTestResult executionId="dd8d2963-73c8-4001-9ce5-6e1cc30a4ecd" testId="1e0ec4a9-a03c-c4c9-74f7-c48ccb99f71e" testName="ValidateExportLocation_ShouldReturnFailResult_ExportPathIsInvalid (1213&lt;&gt;!?%)" computerName="DKSR-EFI-06" duration="00:00:00.0135488" startTime="2024-01-09T15:45:44.0609054+01:00" endTime="2024-01-09T15:45:44.0765368+01:00" testType="13cdc9d9-ddb5-4fa4-a97d-d965ccfc6d4b" outcome="Passed" testListId="8c84fa94-04c1-424b-9868-57a2d4851a1d" relativeResultsDirectory="dd8d2963-73c8-4001-9ce5-6e1cc30a4ecd" />
    <UnitTestResult executionId="5f36418a-87aa-4bd5-b9c3-ecbeb176b60c" testId="7f459878-6a38-694e-ae10-2238a011c770" testName="DeleteSearchTemplateAsync_Null_Failure" computerName="DKSR-EFI-06" duration="00:00:00.0031163" startTime="2024-01-09T15:46:44.2632904+01:00" endTime="2024-01-09T15:46:44.2632904+01:00" testType="13cdc9d9-ddb5-4fa4-a97d-d965ccfc6d4b" outcome="Passed" testListId="8c84fa94-04c1-424b-9868-57a2d4851a1d" relativeResultsDirectory="5f36418a-87aa-4bd5-b9c3-ecbeb176b60c" />
    <UnitTestResult executionId="bc375588-2821-4c6f-8598-ac4ce05be3cf" testId="234ad1b4-c3ca-386c-029e-422d8061eab6" testName="DeleteItems_ShouldOnlyHandleMipMapItems_WhenCalled" computerName="DKSR-EFI-06" duration="00:00:00.0604833" startTime="2024-01-09T15:47:04.9712526+01:00" endTime="2024-01-09T15:47:05.0337807+01:00" testType="13cdc9d9-ddb5-4fa4-a97d-d965ccfc6d4b" outcome="Passed" testListId="8c84fa94-04c1-424b-9868-57a2d4851a1d" relativeResultsDirectory="bc375588-2821-4c6f-8598-ac4ce05be3cf" />
    <UnitTestResult executionId="f27a85fc-4eb0-4a26-99d1-1e2374cb6b96" testId="d5b52bb5-55cf-dc85-f26b-7b0562d6b30f" testName="GetGuidProviderStrategyByEventServerId_ShouldReturnOneSHA1Strategy_WhenEventServerIdIsFipsCompliant" computerName="DKSR-EFI-06" duration="00:00:00.0005160" startTime="2024-01-09T15:47:19.3181836+01:00" endTime="2024-01-09T15:47:19.3181836+01:00" testType="13cdc9d9-ddb5-4fa4-a97d-d965ccfc6d4b" outcome="Passed" testListId="8c84fa94-04c1-424b-9868-57a2d4851a1d" relativeResultsDirectory="f27a85fc-4eb0-4a26-99d1-1e2374cb6b96" />
    <UnitTestResult executionId="f6b59e15-8688-43db-b083-1ec5291cb3a0" testId="10a72da7-6e6a-e08f-6884-b1f500f16a56" testName="GisMapModel_DeleteBuildings_Success" computerName="DKSR-EFI-06" duration="00:00:00.0636911" startTime="2024-01-09T15:47:01.7360705+01:00" endTime="2024-01-09T15:47:01.7985856+01:00" testType="13cdc9d9-ddb5-4fa4-a97d-d965ccfc6d4b" outcome="Passed" testListId="8c84fa94-04c1-424b-9868-57a2d4851a1d" relativeResultsDirectory="f6b59e15-8688-43db-b083-1ec5291cb3a0" />
    <UnitTestResult executionId="23df9c77-f6c9-4415-94e6-2aeacc9e2370" testId="f680908c-3b4b-7b4d-7066-6e5fce7c0b27" testName="GetClusters_ExcludeThenIncludeExcludedItems_NoChange (Data Row 16)" computerName="DKSR-EFI-06" duration="00:00:00.0117025" startTime="2024-01-09T15:47:07.8784025+01:00" endTime="2024-01-09T15:47:08.0815823+01:00" testType="13cdc9d9-ddb5-4fa4-a97d-d965ccfc6d4b" outcome="Passed" testListId="8c84fa94-04c1-424b-9868-57a2d4851a1d" relativeResultsDirectory="23df9c77-f6c9-4415-94e6-2aeacc9e2370" />
    <UnitTestResult executionId="1883ba55-6e0a-4744-857c-f5a1b1106541" testId="bc3083b0-a3ea-e4f1-9c27-4c183b204440" testName="SearchAction_LiveMode" computerName="DKSR-EFI-06" duration="00:00:00.0077848" startTime="2024-01-09T15:47:15.5050954+01:00" endTime="2024-01-09T15:47:15.5050954+01:00" testType="13cdc9d9-ddb5-4fa4-a97d-d965ccfc6d4b" outcome="Passed" testListId="8c84fa94-04c1-424b-9868-57a2d4851a1d" relativeResultsDirectory="1883ba55-6e0a-4744-857c-f5a1b1106541" />
    <UnitTestResult executionId="8071fa06-8161-4f6a-bbd7-6f6f6f7db4df" testId="3adcd1f6-966f-7457-7e36-7976f4188830" testName="CameraItemsMapLayer_Load_Save_DataIsSame" computerName="DKSR-EFI-06" duration="00:00:00.0128467" startTime="2024-01-09T15:47:01.4860994+01:00" endTime="2024-01-09T15:47:01.5016612+01:00" testType="13cdc9d9-ddb5-4fa4-a97d-d965ccfc6d4b" outcome="Passed" testListId="8c84fa94-04c1-424b-9868-57a2d4851a1d" relativeResultsDirectory="8071fa06-8161-4f6a-bbd7-6f6f6f7db4df" />
    <UnitTestResult executionId="f8f33bc0-80b6-4822-a769-fe1ce27db531" testId="f0c6f445-2735-407d-8bd8-efde582fd792" testName="Ctor_ShouldApplyRelevanceComparer_WhenViewModelIsCreated" computerName="DKSR-EFI-06" duration="00:00:00.0057253" startTime="2024-01-09T15:46:36.2771076+01:00" endTime="2024-01-09T15:46:36.2771076+01:00" testType="13cdc9d9-ddb5-4fa4-a97d-d965ccfc6d4b" outcome="Passed" testListId="8c84fa94-04c1-424b-9868-57a2d4851a1d" relativeResultsDirectory="f8f33bc0-80b6-4822-a769-fe1ce27db531" />
    <UnitTestResult executionId="5975c449-e363-42f3-9cbc-f564e105962e" testId="98d6e5bd-b7db-7e62-faab-cf0ab9b4f07d" testName="LoadSaveStateFrom_UnknownOrderResultsBy_Success" computerName="DKSR-EFI-06" duration="00:00:00.0045589" startTime="2024-01-09T15:46:36.2614663+01:00" endTime="2024-01-09T15:46:36.2771076+01:00" testType="13cdc9d9-ddb5-4fa4-a97d-d965ccfc6d4b" outcome="Passed" testListId="8c84fa94-04c1-424b-9868-57a2d4851a1d" relativeResultsDirectory="5975c449-e363-42f3-9cbc-f564e105962e" />
    <UnitTestResult executionId="9fb56069-7fd3-4289-b565-9b097143dc4e" testId="d096cf54-9fe3-48d3-6b60-9dbe5862c472" testName="SupportsRightClick_ShouldBeTrue_WhenInteractionStateIsNormal" computerName="DKSR-EFI-06" duration="00:00:00.0402158" startTime="2024-01-09T15:45:34.9356735+01:00" endTime="2024-01-09T15:45:34.9825478+01:00" testType="13cdc9d9-ddb5-4fa4-a97d-d965ccfc6d4b" outcome="Passed" testListId="8c84fa94-04c1-424b-9868-57a2d4851a1d" relativeResultsDirectory="9fb56069-7fd3-4289-b565-9b097143dc4e" />
    <UnitTestResult executionId="f1ed349b-c970-41a1-bd5a-41fbd956f1bd" testId="f680908c-3b4b-7b4d-7066-6e5fce7c0b27" testName="GetClusters_ExcludeThenIncludeExcludedItems_NoChange (Data Row 17)" computerName="DKSR-EFI-06" duration="00:00:00.0091152" startTime="2024-01-09T15:47:07.8784025+01:00" endTime="2024-01-09T15:47:08.0815823+01:00" testType="13cdc9d9-ddb5-4fa4-a97d-d965ccfc6d4b" outcome="Passed" testListId="8c84fa94-04c1-424b-9868-57a2d4851a1d" relativeResultsDirectory="f1ed349b-c970-41a1-bd5a-41fbd956f1bd" />
    <UnitTestResult executionId="a3e4e5c7-9144-4d4e-9f0f-b3fab5f7dc42" testId="7bc82cbe-20de-caab-82e3-ab7c085d6916" testName="ScWorkspaceStateChangedEvent_ShouldSetDeviceStateToMuted_WhenSwitchingToSetupMode" computerName="DKSR-EFI-06" duration="00:00:00.0173561" startTime="2024-01-09T15:47:04.5648686+01:00" endTime="2024-01-09T15:47:04.5804950+01:00" testType="13cdc9d9-ddb5-4fa4-a97d-d965ccfc6d4b" outcome="Passed" testListId="8c84fa94-04c1-424b-9868-57a2d4851a1d" relativeResultsDirectory="a3e4e5c7-9144-4d4e-9f0f-b3fab5f7dc42" />
    <UnitTestResult executionId="c7b3f318-62e2-4cfc-94da-a39022222a25" testId="e0397ba9-9217-2c04-c95a-ff9b50a208f5" testName="GetSnapshots_UnknownErrorWhileRetrievingImage_Failure" computerName="DKSR-EFI-06" duration="00:00:00.0026638" startTime="2024-01-09T15:46:43.7006952+01:00" endTime="2024-01-09T15:46:43.7006952+01:00" testType="13cdc9d9-ddb5-4fa4-a97d-d965ccfc6d4b" outcome="Passed" testListId="8c84fa94-04c1-424b-9868-57a2d4851a1d" relativeResultsDirectory="c7b3f318-62e2-4cfc-94da-a39022222a25" />
    <UnitTestResult executionId="f96d6016-2ede-40c3-aa17-3fe7fb498f34" testId="7ca40658-07ed-4fea-d08c-7887f7c6e388" testName="SearchDefinitionCountSet_SameValue_NoEventFired" computerName="DKSR-EFI-06" duration="00:00:00.0018250" startTime="2024-01-09T15:46:45.1853356+01:00" endTime="2024-01-09T15:46:45.1853356+01:00" testType="13cdc9d9-ddb5-4fa4-a97d-d965ccfc6d4b" outcome="Passed" testListId="8c84fa94-04c1-424b-9868-57a2d4851a1d" relativeResultsDirectory="f96d6016-2ede-40c3-aa17-3fe7fb498f34" />
    <UnitTestResult executionId="2acac774-dfef-4dff-a100-ca85648861b9" testId="c92b65c5-6961-9b98-a1f9-2c2587ff0054" testName="SearchResultsActionBarActions_CreateSnapshot_InvokeCommand_SingleSnapshotSucceeded_CorrectStatusTextShown" computerName="DKSR-EFI-06" duration="00:00:00.0105608" startTime="2024-01-09T15:46:35.7925812+01:00" endTime="2024-01-09T15:46:35.8082062+01:00" testType="13cdc9d9-ddb5-4fa4-a97d-d965ccfc6d4b" outcome="Passed" testListId="8c84fa94-04c1-424b-9868-57a2d4851a1d" relativeResultsDirectory="2acac774-dfef-4dff-a100-ca85648861b9" />
    <UnitTestResult executionId="7dd690cd-7529-4d48-9496-39f2d99a830b" testId="694752a6-f80f-3cf2-2854-db6d5b4b1e01" testName="PtzInfoViewModel_PtzReservedByOtherUserTest" computerName="DKSR-EFI-06" duration="00:00:00.0025274" startTime="2024-01-09T15:45:21.4200362+01:00" endTime="2024-01-09T15:45:21.4200362+01:00" testType="13cdc9d9-ddb5-4fa4-a97d-d965ccfc6d4b" outcome="Passed" testListId="8c84fa94-04c1-424b-9868-57a2d4851a1d" relativeResultsDirectory="7dd690cd-7529-4d48-9496-39f2d99a830b" />
    <UnitTestResult executionId="5b5e82a9-876d-4d10-8fff-f6fed4bf98c0" testId="a2769260-4eb7-daf9-b4d2-f155ed354d1b" testName="Deserialize_ShouldReturnCombineTypeOr_WhenCombineTypeIsInvalidInXml" computerName="DKSR-EFI-06" duration="00:00:00.0073959" startTime="2024-01-09T15:46:45.1071976+01:00" endTime="2024-01-09T15:46:45.1071976+01:00" testType="13cdc9d9-ddb5-4fa4-a97d-d965ccfc6d4b" outcome="Passed" testListId="8c84fa94-04c1-424b-9868-57a2d4851a1d" relativeResultsDirectory="5b5e82a9-876d-4d10-8fff-f6fed4bf98c0" />
    <UnitTestResult executionId="56d8e93c-632e-4aff-9f94-96d95ec260b4" testId="663c2ea1-d59f-cd44-9dca-0512735453ca" testName="AddSelectedWindowsToExport_ShouldAddToExportData (1)" computerName="DKSR-EFI-06" duration="00:00:00.0028301" startTime="2024-01-09T15:47:11.7543629+01:00" endTime="2024-01-09T15:47:11.7543629+01:00" testType="13cdc9d9-ddb5-4fa4-a97d-d965ccfc6d4b" outcome="Passed" testListId="8c84fa94-04c1-424b-9868-57a2d4851a1d" relativeResultsDirectory="56d8e93c-632e-4aff-9f94-96d95ec260b4" />
    <UnitTestResult executionId="bb17ce9f-16cb-47be-8d06-b88fc2c5d8e0" testId="dc622a34-8cc7-4600-a4f3-cf01b26ced88" testName="GetSubGroup_NewUser" computerName="DKSR-EFI-06" duration="00:00:00.0007089" startTime="2024-01-09T15:45:20.0919112+01:00" endTime="2024-01-09T15:45:20.0919112+01:00" testType="13cdc9d9-ddb5-4fa4-a97d-d965ccfc6d4b" outcome="Passed" testListId="8c84fa94-04c1-424b-9868-57a2d4851a1d" relativeResultsDirectory="bb17ce9f-16cb-47be-8d06-b88fc2c5d8e0" />
    <UnitTestResult executionId="96e6e593-9c2f-4c9e-9aa4-21811d79446d" testId="8a331f63-bf32-57ca-e19f-2c5fb3b70109" testName="SupportsDoubleClick_ShouldBeTrue_WhenInteractionStateIsNormalAndInSetupMode" computerName="DKSR-EFI-06" duration="00:00:00.0419356" startTime="2024-01-09T15:45:35.0294201+01:00" endTime="2024-01-09T15:45:35.0606735+01:00" testType="13cdc9d9-ddb5-4fa4-a97d-d965ccfc6d4b" outcome="Passed" testListId="8c84fa94-04c1-424b-9868-57a2d4851a1d" relativeResultsDirectory="96e6e593-9c2f-4c9e-9aa4-21811d79446d" />
    <UnitTestResult executionId="6ea6aec8-6907-416c-b6f9-10fb110c89db" testId="cb3c2aec-6735-d3a0-5cab-578bcfb4d46d" testName="TestForAssemblyCoverage" computerName="DKSR-EFI-06" duration="00:00:00.0082688" startTime="2024-01-09T15:47:00.5015090+01:00" endTime="2024-01-09T15:47:00.5171352+01:00" testType="13cdc9d9-ddb5-4fa4-a97d-d965ccfc6d4b" outcome="Passed" testListId="8c84fa94-04c1-424b-9868-57a2d4851a1d" relativeResultsDirectory="6ea6aec8-6907-416c-b6f9-10fb110c89db" />
    <UnitTestResult executionId="2df70f13-173b-46af-85d9-1035c36b2de1" testId="4a5dc23b-ffe3-e948-472d-9d60d6e22bd4" testName="TestForAssemblyCoverage" computerName="DKSR-EFI-06" duration="00:00:00.0002631" startTime="2024-01-09T15:45:20.4981594+01:00" endTime="2024-01-09T15:45:20.4981594+01:00" testType="13cdc9d9-ddb5-4fa4-a97d-d965ccfc6d4b" outcome="Passed" testListId="8c84fa94-04c1-424b-9868-57a2d4851a1d" relativeResultsDirectory="2df70f13-173b-46af-85d9-1035c36b2de1" />
    <UnitTestResult executionId="2154efc7-61fb-4da7-a5c7-8559df298f75" testId="96dce277-8e08-3c8a-12f9-10c2b51249cb" testName="FindSearchTemplatesAsync_Succeeds_Success" computerName="DKSR-EFI-06" duration="00:00:00.0072680" startTime="2024-01-09T15:46:44.0757639+01:00" endTime="2024-01-09T15:46:44.0757639+01:00" testType="13cdc9d9-ddb5-4fa4-a97d-d965ccfc6d4b" outcome="Passed" testListId="8c84fa94-04c1-424b-9868-57a2d4851a1d" relativeResultsDirectory="2154efc7-61fb-4da7-a5c7-8559df298f75" />
    <UnitTestResult executionId="fcbcb96d-cd48-4323-87f3-ca08cb2df289" testId="f68d42a3-acec-6b53-6243-cbfed90e3b19" testName="Command_PluginInstanceActivateCalled" computerName="DKSR-EFI-06" duration="00:00:00.0017089" startTime="2024-01-09T15:46:36.1051763+01:00" endTime="2024-01-09T15:46:36.1051763+01:00" testType="13cdc9d9-ddb5-4fa4-a97d-d965ccfc6d4b" outcome="Passed" testListId="8c84fa94-04c1-424b-9868-57a2d4851a1d" relativeResultsDirectory="fcbcb96d-cd48-4323-87f3-ca08cb2df289" />
    <UnitTestResult executionId="c0c89f02-25e4-4c48-89a9-d14f048a5bdd" testId="8427d757-e615-3911-b8e1-c6a9d939c66c" testName="SearchModelOnSearchResultsExpired_OnUiThread_Success" computerName="DKSR-EFI-06" duration="00:00:00.0491701" startTime="2024-01-09T15:46:38.1682450+01:00" endTime="2024-01-09T15:46:38.2151351+01:00" testType="13cdc9d9-ddb5-4fa4-a97d-d965ccfc6d4b" outcome="Passed" testListId="8c84fa94-04c1-424b-9868-57a2d4851a1d" relativeResultsDirectory="c0c89f02-25e4-4c48-89a9-d14f048a5bdd" />
    <UnitTestResult executionId="1d4786e6-7a3c-4e37-b193-6d3a650fcbad" testId="df4fc108-b9f8-183e-9857-a0352a34d2c9" testName="ToSafeName_SingleSafeName_Success" computerName="DKSR-EFI-06" duration="00:00:00.0001101" startTime="2024-01-09T15:47:17.6460726+01:00" endTime="2024-01-09T15:47:17.6460726+01:00" testType="13cdc9d9-ddb5-4fa4-a97d-d965ccfc6d4b" outcome="Passed" testListId="8c84fa94-04c1-424b-9868-57a2d4851a1d" relativeResultsDirectory="1d4786e6-7a3c-4e37-b193-6d3a650fcbad" />
    <UnitTestResult executionId="d57f426d-c8ba-45a6-8d92-072f4e173a01" testId="6ac3daf7-7d17-a19c-0567-b6e3340bf41b" testName="DataTypeTest" computerName="DKSR-EFI-06" duration="00:00:00.0003638" startTime="2024-01-09T15:47:15.5519816+01:00" endTime="2024-01-09T15:47:15.5519816+01:00" testType="13cdc9d9-ddb5-4fa4-a97d-d965ccfc6d4b" outcome="Passed" testListId="8c84fa94-04c1-424b-9868-57a2d4851a1d" relativeResultsDirectory="d57f426d-c8ba-45a6-8d92-072f4e173a01" />
    <UnitTestResult executionId="79201bb2-ef57-4d29-a1bc-ce92de283e79" testId="bfdc2e11-573c-5747-26b0-0b571bfbb54c" testName="Valid password bigger length" computerName="DKSR-EFI-06" duration="00:00:00.0002626" startTime="2024-01-09T15:45:44.4516579+01:00" endTime="2024-01-09T15:45:44.4516579+01:00" testType="13cdc9d9-ddb5-4fa4-a97d-d965ccfc6d4b" outcome="Passed" testListId="8c84fa94-04c1-424b-9868-57a2d4851a1d" relativeResultsDirectory="79201bb2-ef57-4d29-a1bc-ce92de283e79" />
    <UnitTestResult executionId="0a956f83-aa9d-4e69-9630-0b6a681d3bcc" testId="f50ada7c-d947-8c69-ca9d-bb57a8cda16a" testName="OnSizeChanged_PluginButtonsPresentInActionBar_PluginButtonsMovedToOverflowMenu" computerName="DKSR-EFI-06" duration="00:00:00.0515285" startTime="2024-01-09T15:45:47.7651118+01:00" endTime="2024-01-09T15:45:47.8120010+01:00" testType="13cdc9d9-ddb5-4fa4-a97d-d965ccfc6d4b" outcome="Passed" testListId="8c84fa94-04c1-424b-9868-57a2d4851a1d" relativeResultsDirectory="0a956f83-aa9d-4e69-9630-0b6a681d3bcc" />
    <UnitTestResult executionId="64f8cb4f-f0e8-4e9d-94a9-f0bbe2bedb5e" testId="83492e0d-212b-a788-b283-557077b5c1d0" testName="NearestPossibleZoomLevel_ShouldReturnZoomLevel19_WhenScaleIsZoomLevel19" computerName="DKSR-EFI-06" duration="00:00:00.0011239" startTime="2024-01-09T15:45:33.8575490+01:00" endTime="2024-01-09T15:45:33.8575490+01:00" testType="13cdc9d9-ddb5-4fa4-a97d-d965ccfc6d4b" outcome="Passed" testListId="8c84fa94-04c1-424b-9868-57a2d4851a1d" relativeResultsDirectory="64f8cb4f-f0e8-4e9d-94a9-f0bbe2bedb5e" />
    <UnitTestResult executionId="aa5a9f8d-3933-42ec-9961-5b24a11b09ba" testId="207c734e-48ea-b6e3-83cc-3b0a65265019" testName="PopulateTooltip_SingleResultsFromSingleCamera12Hours_ValidText" computerName="DKSR-EFI-06" duration="00:00:00.0285619" startTime="2024-01-09T15:46:26.9621621+01:00" endTime="2024-01-09T15:46:26.9934232+01:00" testType="13cdc9d9-ddb5-4fa4-a97d-d965ccfc6d4b" outcome="Passed" testListId="8c84fa94-04c1-424b-9868-57a2d4851a1d" relativeResultsDirectory="aa5a9f8d-3933-42ec-9961-5b24a11b09ba" />
    <UnitTestResult executionId="62a556e3-d7cd-46f6-b7c3-1a60ace12419" testId="2a7cf9dc-e9f0-7632-64c7-f92d98f50bd4" testName="CalculateNewExtent_ShouldScaleEvenly_WhenWithinMax" computerName="DKSR-EFI-06" duration="00:00:00.0003733" startTime="2024-01-09T15:45:39.4044222+01:00" endTime="2024-01-09T15:45:39.4044222+01:00" testType="13cdc9d9-ddb5-4fa4-a97d-d965ccfc6d4b" outcome="Passed" testListId="8c84fa94-04c1-424b-9868-57a2d4851a1d" relativeResultsDirectory="62a556e3-d7cd-46f6-b7c3-1a60ace12419" />
    <UnitTestResult executionId="f9a8c1d8-feb1-4e58-95d8-aa012a52bdda" testId="229876bb-741e-424e-6d09-7576e2519ca6" testName="ResolveSearchDefinitions_ShouldReturnResultSearchDefinition_WhenCombinedSearchResultWithMultipleSubResultAndNullSearchDefinitionsAreGiven" computerName="DKSR-EFI-06" duration="00:00:00.0007925" startTime="2024-01-09T15:46:43.9194850+01:00" endTime="2024-01-09T15:46:43.9194850+01:00" testType="13cdc9d9-ddb5-4fa4-a97d-d965ccfc6d4b" outcome="Passed" testListId="8c84fa94-04c1-424b-9868-57a2d4851a1d" relativeResultsDirectory="f9a8c1d8-feb1-4e58-95d8-aa012a52bdda" />
    <UnitTestResult executionId="56c3495c-1029-4e6b-9a45-476e9ce4f76a" testId="e5776fdb-2ce3-71cf-fd30-74705513040a" testName="ActionBarPluginsEnabled_TwoPluginsWithDifferentOverflowModes_OnePluginButtonPresentInActionBarAndOnePresentInOverflowMenu" computerName="DKSR-EFI-06" duration="00:00:00.0428949" startTime="2024-01-09T15:45:47.6713388+01:00" endTime="2024-01-09T15:45:47.7182245+01:00" testType="13cdc9d9-ddb5-4fa4-a97d-d965ccfc6d4b" outcome="Passed" testListId="8c84fa94-04c1-424b-9868-57a2d4851a1d" relativeResultsDirectory="56c3495c-1029-4e6b-9a45-476e9ce4f76a" />
    <UnitTestResult executionId="2a00833f-acf7-4e24-9b33-f92eb0e0372d" testId="add54532-7e20-f473-1fef-d0865cc9a84b" testName="IncludeViewItemToggledEvent_ShouldRemoveViewItemFromIncludedViewItems_WhenIncludedIsFalseOnContentHolderControl" computerName="DKSR-EFI-06" duration="00:00:00.0141473" startTime="2024-01-09T15:47:15.3800767+01:00" endTime="2024-01-09T15:47:15.3957044+01:00" testType="13cdc9d9-ddb5-4fa4-a97d-d965ccfc6d4b" outcome="Passed" testListId="8c84fa94-04c1-424b-9868-57a2d4851a1d" relativeResultsDirectory="2a00833f-acf7-4e24-9b33-f92eb0e0372d" />
    <UnitTestResult executionId="44b945e1-bfcb-414f-af19-ea73c60d0bfa" testId="c8bbc1da-c94e-b071-1c1c-4c9621410661" testName="BoundingBoxPlaybackNoLiveOrPlaybackHandler" computerName="DKSR-EFI-06" duration="00:00:00.0022038" startTime="2024-01-09T15:47:13.3797152+01:00" endTime="2024-01-09T15:47:13.3797152+01:00" testType="13cdc9d9-ddb5-4fa4-a97d-d965ccfc6d4b" outcome="Passed" testListId="8c84fa94-04c1-424b-9868-57a2d4851a1d" relativeResultsDirectory="44b945e1-bfcb-414f-af19-ea73c60d0bfa" />
    <UnitTestResult executionId="cea5c557-ac15-476b-9055-e3995910a27c" testId="eb1477a2-2fb7-b3cb-5428-9b4cc8d1e650" testName="HandleSetLayerFeatures_ShouldUpdateMicrophoneLayerFeatures_WhenMicrophoneKindAndMicrophoneLayerFeatures" computerName="DKSR-EFI-06" duration="00:00:00.0024199" startTime="2024-01-09T15:47:07.2063376+01:00" endTime="2024-01-09T15:47:07.2063376+01:00" testType="13cdc9d9-ddb5-4fa4-a97d-d965ccfc6d4b" outcome="Passed" testListId="8c84fa94-04c1-424b-9868-57a2d4851a1d" relativeResultsDirectory="cea5c557-ac15-476b-9055-e3995910a27c" />
    <UnitTestResult executionId="e3f20bdf-092c-4eb7-acb5-88dad8b196ca" testId="bedf46db-baeb-e070-62c2-ab54242ce982" testName="DeviceIcons_ShouldNotBeNull_WhenCalled" computerName="DKSR-EFI-06" duration="00:00:00.0001678" startTime="2024-01-09T15:47:04.4242000+01:00" endTime="2024-01-09T15:47:04.4242000+01:00" testType="13cdc9d9-ddb5-4fa4-a97d-d965ccfc6d4b" outcome="Passed" testListId="8c84fa94-04c1-424b-9868-57a2d4851a1d" relativeResultsDirectory="e3f20bdf-092c-4eb7-acb5-88dad8b196ca" />
    <UnitTestResult executionId="4411a806-eac4-4e14-95fc-e9cdbc369355" testId="99ee5135-30d5-eb69-226f-d05fc552bf85" testName="Serialize_FromTimeOnly_Success" computerName="DKSR-EFI-06" duration="00:00:00.0007084" startTime="2024-01-09T15:46:45.4979240+01:00" endTime="2024-01-09T15:46:45.4979240+01:00" testType="13cdc9d9-ddb5-4fa4-a97d-d965ccfc6d4b" outcome="Passed" testListId="8c84fa94-04c1-424b-9868-57a2d4851a1d" relativeResultsDirectory="4411a806-eac4-4e14-95fc-e9cdbc369355" />
    <UnitTestResult executionId="5dac1603-4826-4022-8dbf-c642d0a3dee7" testId="f2b7929b-9477-2b09-878d-9dcd16e02623" testName="Convert_OneCamerasSelectionAndOneSearchDefinition_Collapsed" computerName="DKSR-EFI-06" duration="00:00:00.0002102" startTime="2024-01-09T15:46:14.3805184+01:00" endTime="2024-01-09T15:46:14.3805184+01:00" testType="13cdc9d9-ddb5-4fa4-a97d-d965ccfc6d4b" outcome="Passed" testListId="8c84fa94-04c1-424b-9868-57a2d4851a1d" relativeResultsDirectory="5dac1603-4826-4022-8dbf-c642d0a3dee7" />
    <UnitTestResult executionId="9571e1e5-4b2d-40bf-8ec3-fa8375d4e5fa" testId="45426788-53bd-fdd6-9e67-f15e7f5b5490" testName="MoveToTop_ShouldMoveMarkerTopmost_WhenNotAlreadyTopmost" computerName="DKSR-EFI-06" duration="00:00:00.1058320" startTime="2024-01-09T15:45:31.6387924+01:00" endTime="2024-01-09T15:45:31.7481688+01:00" testType="13cdc9d9-ddb5-4fa4-a97d-d965ccfc6d4b" outcome="Passed" testListId="8c84fa94-04c1-424b-9868-57a2d4851a1d" relativeResultsDirectory="9571e1e5-4b2d-40bf-8ec3-fa8375d4e5fa" />
    <UnitTestResult executionId="8d4ed50c-7880-4dd9-910f-6fc4a78108ee" testId="88c2b0d8-15cc-99cf-0786-93c215c0f665" testName="Constructor_ShouldRaiseArgumentNullException_WhenLoggerIsNull" computerName="DKSR-EFI-06" duration="00:00:00.0067951" startTime="2024-01-09T15:47:02.9550057+01:00" endTime="2024-01-09T15:47:02.9550057+01:00" testType="13cdc9d9-ddb5-4fa4-a97d-d965ccfc6d4b" outcome="Passed" testListId="8c84fa94-04c1-424b-9868-57a2d4851a1d" relativeResultsDirectory="8d4ed50c-7880-4dd9-910f-6fc4a78108ee" />
    <UnitTestResult executionId="ae0aa8b5-fb30-4b8f-9e2e-33cfad3cee30" testId="7ca171df-e98e-0a85-0373-bda8d8a6f93c" testName="Init_NullState_CorrectViewModelSetOnView" computerName="DKSR-EFI-06" duration="00:00:00.7006160" startTime="2024-01-09T15:45:42.9200416+01:00" endTime="2024-01-09T15:45:43.6232635+01:00" testType="13cdc9d9-ddb5-4fa4-a97d-d965ccfc6d4b" outcome="Passed" testListId="8c84fa94-04c1-424b-9868-57a2d4851a1d" relativeResultsDirectory="ae0aa8b5-fb30-4b8f-9e2e-33cfad3cee30" />
    <UnitTestResult executionId="0724eadf-e299-4c21-85a5-2bbd79c7e06b" testId="9b11dd70-a212-4435-b232-2bb1537ea05b" testName="AddItemsRemoveItems_SingleMapItem_OneClusterChangeForEach" computerName="DKSR-EFI-06" duration="00:00:00.0076153" startTime="2024-01-09T15:47:09.3163026+01:00" endTime="2024-01-09T15:47:09.3163026+01:00" testType="13cdc9d9-ddb5-4fa4-a97d-d965ccfc6d4b" outcome="Passed" testListId="8c84fa94-04c1-424b-9868-57a2d4851a1d" relativeResultsDirectory="0724eadf-e299-4c21-85a5-2bbd79c7e06b" />
    <UnitTestResult executionId="ecb5b813-f0eb-4327-ab36-c2c6fc05469b" testId="0a4e5b36-6578-df3d-cfd2-3d6ee660820a" testName="GetClusters_ExcludeFromClustering_OnlyClustersForExcludedItems (Data Row 4)" computerName="DKSR-EFI-06" duration="00:00:00.0119853" startTime="2024-01-09T15:47:07.4876662+01:00" endTime="2024-01-09T15:47:07.8627695+01:00" testType="13cdc9d9-ddb5-4fa4-a97d-d965ccfc6d4b" outcome="Passed" testListId="8c84fa94-04c1-424b-9868-57a2d4851a1d" relativeResultsDirectory="ecb5b813-f0eb-4327-ab36-c2c6fc05469b" />
    <UnitTestResult executionId="e3ab0555-6064-45f7-905a-8b41d4861a02" testId="62ccc5b1-eb5f-4644-e919-a3a7e7740785" testName="UpgradeToOAuth_ShouldUpgradeToUnsecureOAuth_WhenRequested" computerName="DKSR-EFI-06" duration="00:00:00.0003821" startTime="2024-01-09T15:45:20.2325375+01:00" endTime="2024-01-09T15:45:20.2325375+01:00" testType="13cdc9d9-ddb5-4fa4-a97d-d965ccfc6d4b" outcome="Passed" testListId="8c84fa94-04c1-424b-9868-57a2d4851a1d" relativeResultsDirectory="e3ab0555-6064-45f7-905a-8b41d4861a02" />
    <UnitTestResult executionId="05ead0ef-63e9-421f-9fc5-9b99c4e946f0" testId="6e9ddeeb-8237-28ab-191f-f32e87858c27" testName="LoadSearchTemplate_NoActiveToNoActive_NoUpdateAndEvent" computerName="DKSR-EFI-06" duration="00:00:00.0109917" startTime="2024-01-09T15:46:43.9663681+01:00" endTime="2024-01-09T15:46:43.9819890+01:00" testType="13cdc9d9-ddb5-4fa4-a97d-d965ccfc6d4b" outcome="Passed" testListId="8c84fa94-04c1-424b-9868-57a2d4851a1d" relativeResultsDirectory="05ead0ef-63e9-421f-9fc5-9b99c4e946f0" />
    <UnitTestResult executionId="ec063e44-c075-4216-a97c-3232bd024f6d" testId="926d43bc-6a30-b23f-6308-169a0af031e0" testName="DeleteSearchTemplateAsync_ThrowPathNotFoundMIPException_Success" computerName="DKSR-EFI-06" duration="00:00:00.0020003" startTime="2024-01-09T15:46:44.2789288+01:00" endTime="2024-01-09T15:46:44.2789288+01:00" testType="13cdc9d9-ddb5-4fa4-a97d-d965ccfc6d4b" outcome="Passed" testListId="8c84fa94-04c1-424b-9868-57a2d4851a1d" relativeResultsDirectory="ec063e44-c075-4216-a97c-3232bd024f6d" />
    <UnitTestResult executionId="e5b5ac58-4167-4de8-90c8-273975c8e228" testId="2b46e357-2d79-f0cc-72d8-c56a288a4a1d" testName="BookmarkSearchTime_WithSearchStringInDifferentCases_ReturnCorrectBookmarkWithSearchStringInDescription (,False,True,False,False,,SeArChStRiNg,1)" computerName="DKSR-EFI-06" duration="00:00:00.0027372" startTime="2024-01-09T15:47:13.0202576+01:00" endTime="2024-01-09T15:47:13.0202576+01:00" testType="13cdc9d9-ddb5-4fa4-a97d-d965ccfc6d4b" outcome="Passed" testListId="8c84fa94-04c1-424b-9868-57a2d4851a1d" relativeResultsDirectory="e5b5ac58-4167-4de8-90c8-273975c8e228" />
    <UnitTestResult executionId="fbf63110-9647-4180-ab49-7d87653ead60" testId="31b9ac86-ff3a-2d5f-32cb-aba7e18815ce" testName="GetMapLayerArguments_ShouldReturnIGisMapModelAndMapLayerDataId_WhenCalled" computerName="DKSR-EFI-06" duration="00:00:00.0027643" startTime="2024-01-09T15:47:04.3929397+01:00" endTime="2024-01-09T15:47:04.3929397+01:00" testType="13cdc9d9-ddb5-4fa4-a97d-d965ccfc6d4b" outcome="Passed" testListId="8c84fa94-04c1-424b-9868-57a2d4851a1d" relativeResultsDirectory="fbf63110-9647-4180-ab49-7d87653ead60" />
    <UnitTestResult executionId="9f0b9f25-1132-4de3-b428-71e423e0a7a4" testId="37b7b1e5-9323-fb29-1885-37b5c9283b82" testName="GetCameraTiles_ShouldReturnCorrectCameraTilesWithSingleCameraTest" computerName="DKSR-EFI-06" duration="00:00:00.0043129" startTime="2024-01-09T15:47:13.6766401+01:00" endTime="2024-01-09T15:47:13.6922637+01:00" testType="13cdc9d9-ddb5-4fa4-a97d-d965ccfc6d4b" outcome="Passed" testListId="8c84fa94-04c1-424b-9868-57a2d4851a1d" relativeResultsDirectory="9f0b9f25-1132-4de3-b428-71e423e0a7a4" />
    <UnitTestResult executionId="c6bde5c8-9e57-4e35-b6ac-960bc252e998" testId="02af0d15-e099-b0e6-50ad-6fe37219924b" testName="AddResults_NoPartialResults_Success" computerName="DKSR-EFI-06" duration="00:00:00.0023458" startTime="2024-01-09T15:46:45.2165848+01:00" endTime="2024-01-09T15:46:45.2322105+01:00" testType="13cdc9d9-ddb5-4fa4-a97d-d965ccfc6d4b" outcome="Passed" testListId="8c84fa94-04c1-424b-9868-57a2d4851a1d" relativeResultsDirectory="c6bde5c8-9e57-4e35-b6ac-960bc252e998" />
    <UnitTestResult executionId="772bd0ec-374e-407c-8864-6e2f1c4fc313" testId="54665edf-a1f2-e9fe-2f83-fd5f97c5627f" testName="WorkspaceChangedEvent_ShouldSetLayerDeviceVisibilityItemDataCached_WhenEnteringIntoSetupMode" computerName="DKSR-EFI-06" duration="00:00:00.0310794" startTime="2024-01-09T15:45:30.8262924+01:00" endTime="2024-01-09T15:45:30.8731675+01:00" testType="13cdc9d9-ddb5-4fa4-a97d-d965ccfc6d4b" outcome="Passed" testListId="8c84fa94-04c1-424b-9868-57a2d4851a1d" relativeResultsDirectory="772bd0ec-374e-407c-8864-6e2f1c4fc313" />
    <UnitTestResult executionId="7c3e9b0f-f998-4743-b69f-62e5e0337feb" testId="e998f77e-77b2-7e10-d8db-3813eb8031aa" testName="GetClusters_ThreeInitialItems_ClustersForInitialItems (Data Row 17)" computerName="DKSR-EFI-06" duration="00:00:00.0101047" startTime="2024-01-09T15:47:08.8161554+01:00" endTime="2024-01-09T15:47:09.0037088+01:00" testType="13cdc9d9-ddb5-4fa4-a97d-d965ccfc6d4b" outcome="Passed" testListId="8c84fa94-04c1-424b-9868-57a2d4851a1d" relativeResultsDirectory="7c3e9b0f-f998-4743-b69f-62e5e0337feb" />
    <UnitTestResult executionId="03550c45-fb17-437e-9ba2-04e4471cec8d" testId="b4d81ea5-4d96-f4f8-9a36-c8fa8d756925" testName="TryAddInterval_ShouldReturnCorrectValue (False,True,PermissionDenied)" computerName="DKSR-EFI-06" duration="00:00:00.0017675" startTime="2024-01-09T15:47:11.4105984+01:00" endTime="2024-01-09T15:47:11.4105984+01:00" testType="13cdc9d9-ddb5-4fa4-a97d-d965ccfc6d4b" outcome="Passed" testListId="8c84fa94-04c1-424b-9868-57a2d4851a1d" relativeResultsDirectory="03550c45-fb17-437e-9ba2-04e4471cec8d" />
    <UnitTestResult executionId="62377af7-b398-49fb-8987-f1fd396577b6" testId="c6fc9995-4feb-7741-7b1f-15f47389f965" testName="CreateDefinition_OneFiltersInCategory_OneFilterValuesAddedToSearchCriteria" computerName="DKSR-EFI-06" duration="00:00:00.0055795" startTime="2024-01-09T15:46:44.6539873+01:00" endTime="2024-01-09T15:46:44.6539873+01:00" testType="13cdc9d9-ddb5-4fa4-a97d-d965ccfc6d4b" outcome="Passed" testListId="8c84fa94-04c1-424b-9868-57a2d4851a1d" relativeResultsDirectory="62377af7-b398-49fb-8987-f1fd396577b6" />
    <UnitTestResult executionId="06e0d915-f949-4229-8bea-30a67025b011" testId="3c8130e7-463f-39e3-1454-66e2409862a6" testName="HandleGetDeviceData_ShouldReturnNotFoundDeviceData_WhenOutputKindAndNonExistingOutputId" computerName="DKSR-EFI-06" duration="00:00:00.0658070" startTime="2024-01-09T15:45:41.8887924+01:00" endTime="2024-01-09T15:45:41.9512925+01:00" testType="13cdc9d9-ddb5-4fa4-a97d-d965ccfc6d4b" outcome="Passed" testListId="8c84fa94-04c1-424b-9868-57a2d4851a1d" relativeResultsDirectory="06e0d915-f949-4229-8bea-30a67025b011" />
    <UnitTestResult executionId="211ab035-9993-462f-b185-1d7fea934796" testId="89928fee-575e-9986-6b1d-9005971a41e3" testName="OpenStreetMapLayerIsDisabled_ShouldReturnTrue_WhenOpenStreetMapGeographicLayerOptionIsNotAvailableAndOpenStreetMapAlternativeServerIsInvalidURl" computerName="DKSR-EFI-06" duration="00:00:00.0112904" startTime="2024-01-09T15:47:01.4704149+01:00" endTime="2024-01-09T15:47:01.4860994+01:00" testType="13cdc9d9-ddb5-4fa4-a97d-d965ccfc6d4b" outcome="Passed" testListId="8c84fa94-04c1-424b-9868-57a2d4851a1d" relativeResultsDirectory="211ab035-9993-462f-b185-1d7fea934796" />
    <UnitTestResult executionId="aa62ea3d-ac2f-47ef-9ce6-dc9d36cbe237" testId="c0babfb5-0c51-8e86-82e8-b342920c9494" testName="ToSafeName_MultpleUnsafeName_Success" computerName="DKSR-EFI-06" duration="00:00:00.0001183" startTime="2024-01-09T15:47:17.6460726+01:00" endTime="2024-01-09T15:47:17.6460726+01:00" testType="13cdc9d9-ddb5-4fa4-a97d-d965ccfc6d4b" outcome="Passed" testListId="8c84fa94-04c1-424b-9868-57a2d4851a1d" relativeResultsDirectory="aa62ea3d-ac2f-47ef-9ce6-dc9d36cbe237" />
    <UnitTestResult executionId="6299339c-28c1-4b2d-9396-f848ff419397" testId="dc781f78-aa42-d9b1-8797-d2b3767e846c" testName="UpdateScope_RelativeScopeDurationFromTimeChanged_ReturnsFalse" computerName="DKSR-EFI-06" duration="00:00:00.0002302" startTime="2024-01-09T15:46:45.2790842+01:00" endTime="2024-01-09T15:46:45.2790842+01:00" testType="13cdc9d9-ddb5-4fa4-a97d-d965ccfc6d4b" outcome="Passed" testListId="8c84fa94-04c1-424b-9868-57a2d4851a1d" relativeResultsDirectory="6299339c-28c1-4b2d-9396-f848ff419397" />
    <UnitTestResult executionId="f21b4ca9-a93c-4d3d-a789-58b3cee9a2b2" testId="188f8c25-7b8a-3022-0d47-4b40a28cebbb" testName="TestKeepInMemory_WithAttachedView_Success" computerName="DKSR-EFI-06" duration="00:00:00.0002750" startTime="2024-01-09T15:47:17.2241289+01:00" endTime="2024-01-09T15:47:17.2241289+01:00" testType="13cdc9d9-ddb5-4fa4-a97d-d965ccfc6d4b" outcome="Passed" testListId="8c84fa94-04c1-424b-9868-57a2d4851a1d" relativeResultsDirectory="f21b4ca9-a93c-4d3d-a789-58b3cee9a2b2" />
    <UnitTestResult executionId="448873b3-87aa-45ab-a36e-ff6c28b90548" testId="e02372be-e433-9cbf-ee9f-b1ebff6c1698" testName="AddSelectedWindowsToExport_ShouldShowCorrectToastMessages (1,1,1)" computerName="DKSR-EFI-06" duration="00:00:00.0027413" startTime="2024-01-09T15:47:11.8012562+01:00" endTime="2024-01-09T15:47:11.8012562+01:00" testType="13cdc9d9-ddb5-4fa4-a97d-d965ccfc6d4b" outcome="Passed" testListId="8c84fa94-04c1-424b-9868-57a2d4851a1d" relativeResultsDirectory="448873b3-87aa-45ab-a36e-ff6c28b90548" />
    <UnitTestResult executionId="2d756cf2-e5a2-4f8a-b859-c63fce6f2098" testId="c4234132-b84d-ff6e-5128-178403da1d67" testName="BuildContentOptions_ShouldReturnCorrectWorkspaceName (00000000-0000-0000-0000-000000000000,Default title,00000000-0000-0000-0000-000000000000)" computerName="DKSR-EFI-06" duration="00:00:00.0013008" startTime="2024-01-09T15:47:17.4585477+01:00" endTime="2024-01-09T15:47:17.4585477+01:00" testType="13cdc9d9-ddb5-4fa4-a97d-d965ccfc6d4b" outcome="Passed" testListId="8c84fa94-04c1-424b-9868-57a2d4851a1d" relativeResultsDirectory="2d756cf2-e5a2-4f8a-b859-c63fce6f2098" />
    <UnitTestResult executionId="9d386468-00ab-4c6e-893e-9137c789c058" testId="ad2137f8-da12-9879-f4e4-b1576d0429b7" testName="InitialPassword_ShouldBePropagatedToPasswords" computerName="DKSR-EFI-06" duration="00:00:00.0012579" startTime="2024-01-09T15:45:44.4047683+01:00" endTime="2024-01-09T15:45:44.4047683+01:00" testType="13cdc9d9-ddb5-4fa4-a97d-d965ccfc6d4b" outcome="Passed" testListId="8c84fa94-04c1-424b-9868-57a2d4851a1d" relativeResultsDirectory="9d386468-00ab-4c6e-893e-9137c789c058" />
    <UnitTestResult executionId="8d6672fa-c676-425f-8fe6-4860aade67b6" testId="2b4d39ea-1010-36f3-4fa9-2911297ae4a4" testName="PointMapItem_CameraDeviceWithNoShortName_Success" computerName="DKSR-EFI-06" duration="00:00:00.0376455" startTime="2024-01-09T15:47:01.9236077+01:00" endTime="2024-01-09T15:47:01.9704888+01:00" testType="13cdc9d9-ddb5-4fa4-a97d-d965ccfc6d4b" outcome="Passed" testListId="8c84fa94-04c1-424b-9868-57a2d4851a1d" relativeResultsDirectory="8d6672fa-c676-425f-8fe6-4860aade67b6" />
    <UnitTestResult executionId="7d31fcbe-7fcd-4adc-8f01-e81f6dd786a0" testId="55e4f137-ee25-d174-0329-0df4a0a2d62a" testName="GetOSFullName_ShouldReturnSomething" computerName="DKSR-EFI-06" duration="00:00:00.0021573" startTime="2024-01-09T15:47:17.3960402+01:00" endTime="2024-01-09T15:47:17.3960402+01:00" testType="13cdc9d9-ddb5-4fa4-a97d-d965ccfc6d4b" outcome="Passed" testListId="8c84fa94-04c1-424b-9868-57a2d4851a1d" relativeResultsDirectory="7d31fcbe-7fcd-4adc-8f01-e81f6dd786a0" />
    <UnitTestResult executionId="c9bf99e7-ab5a-46a9-a42d-9ba0d8397e3b" testId="a39ae70d-c88f-1b05-e852-22bd9620ca7b" testName="Ctor_TwoBuiltInGroupsDefined_TwoCompositeAgentsAddedAndOneStandardAgentAdded" computerName="DKSR-EFI-06" duration="00:00:00.0018370" startTime="2024-01-09T15:46:59.6732723+01:00" endTime="2024-01-09T15:46:59.6732723+01:00" testType="13cdc9d9-ddb5-4fa4-a97d-d965ccfc6d4b" outcome="Passed" testListId="8c84fa94-04c1-424b-9868-57a2d4851a1d" relativeResultsDirectory="c9bf99e7-ab5a-46a9-a42d-9ba0d8397e3b" />
    <UnitTestResult executionId="a1192c59-ebc6-421c-ab92-6a3d6c38b6c1" testId="0b48726b-7d83-90f3-a7e6-6509817ad105" testName="SelectTemplate_NullViewModel_Throws" computerName="DKSR-EFI-06" duration="00:00:00.0010593" startTime="2024-01-09T15:45:45.1706367+01:00" endTime="2024-01-09T15:45:45.1706367+01:00" testType="13cdc9d9-ddb5-4fa4-a97d-d965ccfc6d4b" outcome="Passed" testListId="8c84fa94-04c1-424b-9868-57a2d4851a1d" relativeResultsDirectory="a1192c59-ebc6-421c-ab92-6a3d6c38b6c1" />
    <UnitTestResult executionId="7b09ac29-15a5-45b9-9d98-8f43c06980a4" testId="55b69ff1-41fd-5c44-e2a8-b279d7828993" testName="TestMethod1" computerName="DKSR-EFI-06" duration="00:00:00.0055751" startTime="2024-01-09T15:47:01.1891207+01:00" endTime="2024-01-09T15:47:01.1891207+01:00" testType="13cdc9d9-ddb5-4fa4-a97d-d965ccfc6d4b" outcome="Passed" testListId="8c84fa94-04c1-424b-9868-57a2d4851a1d" relativeResultsDirectory="7b09ac29-15a5-45b9-9d98-8f43c06980a4" />
    <UnitTestResult executionId="15050b07-c20e-40d1-a933-26783cfe5b1f" testId="0431698b-89c7-961c-1219-e2a2171a4f5c" testName="PtzSessionTimer_ConstructorTest" computerName="DKSR-EFI-06" duration="00:00:00.0007426" startTime="2024-01-09T15:45:19.6231571+01:00" endTime="2024-01-09T15:45:19.6231571+01:00" testType="13cdc9d9-ddb5-4fa4-a97d-d965ccfc6d4b" outcome="Passed" testListId="8c84fa94-04c1-424b-9868-57a2d4851a1d" relativeResultsDirectory="15050b07-c20e-40d1-a933-26783cfe5b1f" />
    <UnitTestResult executionId="a651d3d7-30f7-4a1c-adca-b8c7d1827cb2" testId="af78caca-a27e-9e6b-678d-4aa454a90502" testName="ToNormalizedDirection_OutOfRange_2PI_Fail" computerName="DKSR-EFI-06" duration="00:00:00.0004790" startTime="2024-01-09T15:47:01.2359979+01:00" endTime="2024-01-09T15:47:01.2359979+01:00" testType="13cdc9d9-ddb5-4fa4-a97d-d965ccfc6d4b" outcome="Passed" testListId="8c84fa94-04c1-424b-9868-57a2d4851a1d" relativeResultsDirectory="a651d3d7-30f7-4a1c-adca-b8c7d1827cb2" />
    <UnitTestResult executionId="797fc97d-565e-4057-a52b-fe0b3f0b686c" testId="9f58f9ac-c237-b302-81b2-6eb6c67dcabf" testName="ViewsAreSortedCorrectly" computerName="DKSR-EFI-06" duration="00:00:00.0036685" startTime="2024-01-09T15:47:11.0667151+01:00" endTime="2024-01-09T15:47:11.0667151+01:00" testType="13cdc9d9-ddb5-4fa4-a97d-d965ccfc6d4b" outcome="Passed" testListId="8c84fa94-04c1-424b-9868-57a2d4851a1d" relativeResultsDirectory="797fc97d-565e-4057-a52b-fe0b3f0b686c" />
    <UnitTestResult executionId="e77c6a4b-6671-49c8-9603-b789928ef07f" testId="02a92acd-3e74-c832-568f-0225ec898104" testName="AddSelectedWindowsToExport_ShouldShowCorrectToastMessages (1,0,1)" computerName="DKSR-EFI-06" duration="00:00:00.0023632" startTime="2024-01-09T15:47:11.7856209+01:00" endTime="2024-01-09T15:47:11.8012562+01:00" testType="13cdc9d9-ddb5-4fa4-a97d-d965ccfc6d4b" outcome="Passed" testListId="8c84fa94-04c1-424b-9868-57a2d4851a1d" relativeResultsDirectory="e77c6a4b-6671-49c8-9603-b789928ef07f" />
    <UnitTestResult executionId="836171de-6bf2-4533-a435-1f81b712b8ef" testId="3df39c27-f4f5-5c42-c9cb-c9b3731ba9be" testName="TestHasCapability_Success" computerName="DKSR-EFI-06" duration="00:00:00.0001857" startTime="2024-01-09T15:47:07.4720352+01:00" endTime="2024-01-09T15:47:07.4720352+01:00" testType="13cdc9d9-ddb5-4fa4-a97d-d965ccfc6d4b" outcome="Passed" testListId="8c84fa94-04c1-424b-9868-57a2d4851a1d" relativeResultsDirectory="836171de-6bf2-4533-a435-1f81b712b8ef" />
    <UnitTestResult executionId="30ff04d7-b4db-403a-8d68-ce0408a7b5d7" testId="6bca5693-82fe-719f-17b6-6224c9668233" testName="UserHasCreatePublicSearchPermission_HasCreatePermission_ReturnsTrue" computerName="DKSR-EFI-06" duration="00:00:00.0006071" startTime="2024-01-09T15:46:44.0913889+01:00" endTime="2024-01-09T15:46:44.0913889+01:00" testType="13cdc9d9-ddb5-4fa4-a97d-d965ccfc6d4b" outcome="Passed" testListId="8c84fa94-04c1-424b-9868-57a2d4851a1d" relativeResultsDirectory="30ff04d7-b4db-403a-8d68-ce0408a7b5d7" />
    <UnitTestResult executionId="6378d79c-8c94-4da7-bb53-03419ff87d04" testId="597f2f58-81bb-4d82-b5c8-d8c0619f1925" testName="CameraSearch_ShouldBeRenewed_WhenSystemInformationChanges" computerName="DKSR-EFI-06" duration="00:00:00.0378664" startTime="2024-01-09T15:46:38.7152532+01:00" endTime="2024-01-09T15:46:38.7621452+01:00" testType="13cdc9d9-ddb5-4fa4-a97d-d965ccfc6d4b" outcome="Passed" testListId="8c84fa94-04c1-424b-9868-57a2d4851a1d" relativeResultsDirectory="6378d79c-8c94-4da7-bb53-03419ff87d04" />
    <UnitTestResult executionId="deaea588-60e0-4c4c-844c-c5a62b9b5ad6" testId="5b1fb637-3ca1-9a80-d25d-3a01eede0458" testName="AddApiKey_WhereApiKeyNull_ThrowException" computerName="DKSR-EFI-06" duration="00:00:00.0008248" startTime="2024-01-09T15:45:30.9512941+01:00" endTime="2024-01-09T15:45:30.9512941+01:00" testType="13cdc9d9-ddb5-4fa4-a97d-d965ccfc6d4b" outcome="Passed" testListId="8c84fa94-04c1-424b-9868-57a2d4851a1d" relativeResultsDirectory="deaea588-60e0-4c4c-844c-c5a62b9b5ad6" />
    <UnitTestResult executionId="07c263ed-d398-45a5-98bb-80c8d42a8b11" testId="6eb63bb3-0a07-3cfb-8d0a-86ee2a28be11" testName="TestSave_Success" computerName="DKSR-EFI-06" duration="00:00:00.0508135" startTime="2024-01-09T15:47:07.0500394+01:00" endTime="2024-01-09T15:47:07.0969336+01:00" testType="13cdc9d9-ddb5-4fa4-a97d-d965ccfc6d4b" outcome="Passed" testListId="8c84fa94-04c1-424b-9868-57a2d4851a1d" relativeResultsDirectory="07c263ed-d398-45a5-98bb-80c8d42a8b11" />
    <UnitTestResult executionId="72b89a4a-b579-477d-969b-6eb7eaa5535d" testId="0a4e5b36-6578-df3d-cfd2-3d6ee660820a" testName="GetClusters_ExcludeFromClustering_OnlyClustersForExcludedItems (Data Row 3)" computerName="DKSR-EFI-06" duration="00:00:00.0087054" startTime="2024-01-09T15:47:07.4876662+01:00" endTime="2024-01-09T15:47:07.8627695+01:00" testType="13cdc9d9-ddb5-4fa4-a97d-d965ccfc6d4b" outcome="Passed" testListId="8c84fa94-04c1-424b-9868-57a2d4851a1d" relativeResultsDirectory="72b89a4a-b579-477d-969b-6eb7eaa5535d" />
    <UnitTestResult executionId="7ba78035-3ab8-469e-8c90-4dd1f17bc769" testId="c126ef38-de54-9d14-e11c-edf70abaf073" testName="PtzInfoViewModel_PtzNotCotrolledTest" computerName="DKSR-EFI-06" duration="00:00:00.0071336" startTime="2024-01-09T15:45:21.3887860+01:00" endTime="2024-01-09T15:45:21.4044100+01:00" testType="13cdc9d9-ddb5-4fa4-a97d-d965ccfc6d4b" outcome="Passed" testListId="8c84fa94-04c1-424b-9868-57a2d4851a1d" relativeResultsDirectory="7ba78035-3ab8-469e-8c90-4dd1f17bc769" />
    <UnitTestResult executionId="906bfc6d-8dfa-4bce-a45f-f04ab334c8d7" testId="a6f9c41f-5ed0-c96c-bb7f-fb5d30d812a5" testName="ComparingSameInstance" computerName="DKSR-EFI-06" duration="00:00:00.0019628" startTime="2024-01-09T15:47:11.0510859+01:00" endTime="2024-01-09T15:47:11.0510859+01:00" testType="13cdc9d9-ddb5-4fa4-a97d-d965ccfc6d4b" outcome="Passed" testListId="8c84fa94-04c1-424b-9868-57a2d4851a1d" relativeResultsDirectory="906bfc6d-8dfa-4bce-a45f-f04ab334c8d7" />
    <UnitTestResult executionId="346bffe0-3295-4717-b185-ddabd1b0f8cc" testId="2f225332-0e21-75f7-07f4-8bdf7706d8a6" testName="BindingModelEnabled_ReactsTo_UpdateState" computerName="DKSR-EFI-06" duration="00:00:00.0041666" startTime="2024-01-09T15:47:12.0513117+01:00" endTime="2024-01-09T15:47:12.0513117+01:00" testType="13cdc9d9-ddb5-4fa4-a97d-d965ccfc6d4b" outcome="Passed" testListId="8c84fa94-04c1-424b-9868-57a2d4851a1d" relativeResultsDirectory="346bffe0-3295-4717-b185-ddabd1b0f8cc" />
    <UnitTestResult executionId="9437a5d9-eb8e-4e79-a767-1fa9dd6b99d6" testId="76f56124-31a2-88ce-2d55-72b9a34a85b7" testName="ToggleMicrophoneStateAsync_ShouldRaiseArgumentNullException_WhenMicrophoneIsNull" computerName="DKSR-EFI-06" duration="00:00:00.0137087" startTime="2024-01-09T15:47:03.0018884+01:00" endTime="2024-01-09T15:47:03.0175159+01:00" testType="13cdc9d9-ddb5-4fa4-a97d-d965ccfc6d4b" outcome="Passed" testListId="8c84fa94-04c1-424b-9868-57a2d4851a1d" relativeResultsDirectory="9437a5d9-eb8e-4e79-a767-1fa9dd6b99d6" />
    <UnitTestResult executionId="86dfd4d3-ed17-4a10-8f42-c5730c5d5575" testId="cad8e770-6b34-3ed1-d5b9-aff90025f291" testName="Ctor_NullPassedToNotNullParameters_Failure" computerName="DKSR-EFI-06" duration="00:00:00.0816349" startTime="2024-01-09T15:46:34.7766354+01:00" endTime="2024-01-09T15:46:34.8547950+01:00" testType="13cdc9d9-ddb5-4fa4-a97d-d965ccfc6d4b" outcome="Passed" testListId="8c84fa94-04c1-424b-9868-57a2d4851a1d" relativeResultsDirectory="86dfd4d3-ed17-4a10-8f42-c5730c5d5575" />
    <UnitTestResult executionId="3b5bb67c-7471-4c8f-b0a5-2e7b4902ca65" testId="5ce1375e-46fd-90ff-af6f-56b477f36294" testName="GetWorkspaceToolbarItems_ShouldNotReturnGroupedToolbarItem_WhenGroupIdIsNull" computerName="DKSR-EFI-06" duration="00:00:00.0973370" startTime="2024-01-09T15:47:10.1446226+01:00" endTime="2024-01-09T15:47:10.2540194+01:00" testType="13cdc9d9-ddb5-4fa4-a97d-d965ccfc6d4b" outcome="Passed" testListId="8c84fa94-04c1-424b-9868-57a2d4851a1d" relativeResultsDirectory="3b5bb67c-7471-4c8f-b0a5-2e7b4902ca65" />
    <UnitTestResult executionId="eda33aa5-91c7-4551-969f-daeee077df4e" testId="33331069-dc53-a636-5d65-773a4897854a" testName="BookmarkSearchTime_WithSearchStringInDifferentCases_ReturnCorrectBookmarkWithSearchStringInHeader (SeArChStRiNg,False,True,False,True,,,0)" computerName="DKSR-EFI-06" duration="00:00:00.0031737" startTime="2024-01-09T15:47:12.8483463+01:00" endTime="2024-01-09T15:47:12.8483463+01:00" testType="13cdc9d9-ddb5-4fa4-a97d-d965ccfc6d4b" outcome="Passed" testListId="8c84fa94-04c1-424b-9868-57a2d4851a1d" relativeResultsDirectory="eda33aa5-91c7-4551-969f-daeee077df4e" />
    <UnitTestResult executionId="4e573559-11f9-47b3-90b3-c6b02a56f518" testId="c2dd673d-ca57-2691-c104-7023a833ff11" testName="Ctor_CentralizedSearchStateWithSelectedSearchTemplate_ActiveSearchTemplateSet" computerName="DKSR-EFI-06" duration="00:00:00.1259997" startTime="2024-01-09T15:46:37.9181827+01:00" endTime="2024-01-09T15:46:38.0432157+01:00" testType="13cdc9d9-ddb5-4fa4-a97d-d965ccfc6d4b" outcome="Passed" testListId="8c84fa94-04c1-424b-9868-57a2d4851a1d" relativeResultsDirectory="4e573559-11f9-47b3-90b3-c6b02a56f518" />
    <UnitTestResult executionId="fd1ce760-e56a-4c9c-b3bb-e38b32e179a9" testId="af1e35a2-62a8-4a4f-249d-2b9ad620f97f" testName="SupportsRightClick_ShouldBeTrue_WhenInteractionStateIsNormal" computerName="DKSR-EFI-06" duration="00:00:00.0441283" startTime="2024-01-09T15:45:37.3106712+01:00" endTime="2024-01-09T15:45:37.3575461+01:00" testType="13cdc9d9-ddb5-4fa4-a97d-d965ccfc6d4b" outcome="Passed" testListId="8c84fa94-04c1-424b-9868-57a2d4851a1d" relativeResultsDirectory="fd1ce760-e56a-4c9c-b3bb-e38b32e179a9" />
    <UnitTestResult executionId="770bac91-ef30-4d1e-8563-f817e908df2e" testId="b2f0581d-5dcb-6a8a-df35-b5108915cfe4" testName="ActionBarPluginsEnabled_TwoPluginsOneThirdPartyAndOneNot_ThirdPartyPrioritizedLowerThanNonThirdParty" computerName="DKSR-EFI-06" duration="00:00:00.0347026" startTime="2024-01-09T15:45:47.7182245+01:00" endTime="2024-01-09T15:45:47.7494857+01:00" testType="13cdc9d9-ddb5-4fa4-a97d-d965ccfc6d4b" outcome="Passed" testListId="8c84fa94-04c1-424b-9868-57a2d4851a1d" relativeResultsDirectory="770bac91-ef30-4d1e-8563-f817e908df2e" />
    <UnitTestResult executionId="bebc5585-7e59-4090-9014-426f5d048231" testId="6e8c0e78-ac96-07f6-2327-5c670bb6a7bf" testName="CreateExportDialog_CannotCreateExport_WithMissingExportName" computerName="DKSR-EFI-06" duration="00:00:00.0147727" startTime="2024-01-09T15:45:42.6075424+01:00" endTime="2024-01-09T15:45:42.6231683+01:00" testType="13cdc9d9-ddb5-4fa4-a97d-d965ccfc6d4b" outcome="Passed" testListId="8c84fa94-04c1-424b-9868-57a2d4851a1d" relativeResultsDirectory="bebc5585-7e59-4090-9014-426f5d048231" />
    <UnitTestResult executionId="ebf326a7-0b65-41ab-a2de-bbe9419508be" testId="a7e344e1-2528-5469-f149-8c729b6a9d91" testName="SupportsRightClick_ShouldBeFalse_WhenInteractionStateIsNotNormal" computerName="DKSR-EFI-06" duration="00:00:00.0332428" startTime="2024-01-09T15:45:34.6544223+01:00" endTime="2024-01-09T15:45:34.6856712+01:00" testType="13cdc9d9-ddb5-4fa4-a97d-d965ccfc6d4b" outcome="Passed" testListId="8c84fa94-04c1-424b-9868-57a2d4851a1d" relativeResultsDirectory="ebf326a7-0b65-41ab-a2de-bbe9419508be" />
    <UnitTestResult executionId="203f65c1-0fce-40c6-a3e6-251c1997dbc5" testId="1d64d188-2f85-c3c0-9756-83b6a2cd8474" testName="Constructor_ShouldAttachOnUpdateUnmutedMicrophonesRaised_WhenCalled" computerName="DKSR-EFI-06" duration="00:00:00.1103323" startTime="2024-01-09T15:47:04.7680984+01:00" endTime="2024-01-09T15:47:04.8774774+01:00" testType="13cdc9d9-ddb5-4fa4-a97d-d965ccfc6d4b" outcome="Passed" testListId="8c84fa94-04c1-424b-9868-57a2d4851a1d" relativeResultsDirectory="203f65c1-0fce-40c6-a3e6-251c1997dbc5" />
    <UnitTestResult executionId="ed3b5aa5-2c0e-4c56-b820-7870d1832cf0" testId="addbc64d-1bd3-678f-14d6-6dd2dda6bd02" testName="IsCurrentCenterEqualTo_ShouldReturnTrue_WhenValuesAreEqualWithinGivenPrecision" computerName="DKSR-EFI-06" duration="00:00:00.0418937" startTime="2024-01-09T15:45:33.7794215+01:00" endTime="2024-01-09T15:45:33.8262993+01:00" testType="13cdc9d9-ddb5-4fa4-a97d-d965ccfc6d4b" outcome="Passed" testListId="8c84fa94-04c1-424b-9868-57a2d4851a1d" relativeResultsDirectory="ed3b5aa5-2c0e-4c56-b820-7870d1832cf0" />
    <UnitTestResult executionId="c52f9713-3668-43dd-bff3-643bdf420027" testId="45e90a7e-78c2-d92a-c93a-505afc46f1ab" testName="OnLoaded_NoUserControl_Success" computerName="DKSR-EFI-06" duration="00:00:00.0517947" startTime="2024-01-09T15:45:48.0151804+01:00" endTime="2024-01-09T15:45:48.0620622+01:00" testType="13cdc9d9-ddb5-4fa4-a97d-d965ccfc6d4b" outcome="Passed" testListId="8c84fa94-04c1-424b-9868-57a2d4851a1d" relativeResultsDirectory="c52f9713-3668-43dd-bff3-643bdf420027" />
    <UnitTestResult executionId="4ce65ce2-7c43-44a7-ab69-d24e7390e60e" testId="85091bf5-79fb-de26-dea4-3270f148dbfd" testName="PatrollingStepListViewModel_PresetModified" computerName="DKSR-EFI-06" duration="00:00:00.0026371" startTime="2024-01-09T15:47:09.6601322+01:00" endTime="2024-01-09T15:47:09.6601322+01:00" testType="13cdc9d9-ddb5-4fa4-a97d-d965ccfc6d4b" outcome="Passed" testListId="8c84fa94-04c1-424b-9868-57a2d4851a1d" relativeResultsDirectory="4ce65ce2-7c43-44a7-ab69-d24e7390e60e" />
    <UnitTestResult executionId="b97b66a6-d491-456c-9585-294fd80a4e22" testId="17ba5638-6ea6-b4d6-f1bc-1949b3768658" testName="PopulateTooltip_FewResultsFromFewCameras12Hours_ValidText" computerName="DKSR-EFI-06" duration="00:00:00.0596518" startTime="2024-01-09T15:46:27.2747286+01:00" endTime="2024-01-09T15:46:27.3372402+01:00" testType="13cdc9d9-ddb5-4fa4-a97d-d965ccfc6d4b" outcome="Passed" testListId="8c84fa94-04c1-424b-9868-57a2d4851a1d" relativeResultsDirectory="b97b66a6-d491-456c-9585-294fd80a4e22" />
    <UnitTestResult executionId="c509e51f-40f3-477a-ba50-ac58ba88ea2f" testId="abed422e-8ff0-5810-3b31-84bfdebdfcc3" testName="Constructor_ShouldRaiseArgumentNullException_WhenGisMapModelIsNull" computerName="DKSR-EFI-06" duration="00:00:00.0163670" startTime="2024-01-09T15:45:41.3887934+01:00" endTime="2024-01-09T15:45:41.4044204+01:00" testType="13cdc9d9-ddb5-4fa4-a97d-d965ccfc6d4b" outcome="Passed" testListId="8c84fa94-04c1-424b-9868-57a2d4851a1d" relativeResultsDirectory="c509e51f-40f3-477a-ba50-ac58ba88ea2f" />
    <UnitTestResult executionId="ab2ff00d-a54c-49d2-b20e-3b0746a354e7" testId="f33717b2-6c8e-2361-6ace-29e4108005a6" testName="AndOrSearchDefinitionToCornerRadiusMultiConverter_CallConvert_WithNullSearchDefinitionWrapper" computerName="DKSR-EFI-06" duration="00:00:00.0013294" startTime="2024-01-09T15:46:14.2242446+01:00" endTime="2024-01-09T15:46:14.2242446+01:00" testType="13cdc9d9-ddb5-4fa4-a97d-d965ccfc6d4b" outcome="Passed" testListId="8c84fa94-04c1-424b-9868-57a2d4851a1d" relativeResultsDirectory="ab2ff00d-a54c-49d2-b20e-3b0746a354e7" />
    <UnitTestResult executionId="5d6ad6c7-ad8d-48a4-944c-cf7936980a91" testId="13877fd5-e79d-3ae7-6015-10213c2263cb" testName="TestLoadSave_WithUnknownMapItems_Success" computerName="DKSR-EFI-06" duration="00:00:00.0295201" startTime="2024-01-09T15:47:07.1125636+01:00" endTime="2024-01-09T15:47:07.1281913+01:00" testType="13cdc9d9-ddb5-4fa4-a97d-d965ccfc6d4b" outcome="Passed" testListId="8c84fa94-04c1-424b-9868-57a2d4851a1d" relativeResultsDirectory="5d6ad6c7-ad8d-48a4-944c-cf7936980a91" />
    <UnitTestResult executionId="fed4a544-3307-4604-bd6d-ed93e1c30074" testId="4a97d8d2-9fcf-7559-c175-69939d513efc" testName="SignUrl_WhereUrlIsNull_ThrowException" computerName="DKSR-EFI-06" duration="00:00:00.0017844" startTime="2024-01-09T15:45:30.9669168+01:00" endTime="2024-01-09T15:45:30.9669168+01:00" testType="13cdc9d9-ddb5-4fa4-a97d-d965ccfc6d4b" outcome="Passed" testListId="8c84fa94-04c1-424b-9868-57a2d4851a1d" relativeResultsDirectory="fed4a544-3307-4604-bd6d-ed93e1c30074" />
    <UnitTestResult executionId="5923ff28-118e-4bde-8e1a-807747f504de" testId="549593cd-e3e2-290a-18b6-e153b1543b39" testName="EditButtonClicked_EditViewCollapsed_StartEdit" computerName="DKSR-EFI-06" duration="00:00:00.0184923" startTime="2024-01-09T15:46:34.2921088+01:00" endTime="2024-01-09T15:46:34.3233669+01:00" testType="13cdc9d9-ddb5-4fa4-a97d-d965ccfc6d4b" outcome="Passed" testListId="8c84fa94-04c1-424b-9868-57a2d4851a1d" relativeResultsDirectory="5923ff28-118e-4bde-8e1a-807747f504de" />
    <UnitTestResult executionId="7782e941-b8e4-446f-b6dc-22038285eed1" testId="2696c9e3-385a-1f49-5d53-6a80871ac3fe" testName="SequenceTypeDto_ShouldYieldSameValues_WhenRoundTripConverted" computerName="DKSR-EFI-06" duration="00:00:00.0017075" startTime="2024-01-09T15:45:09.0450077+01:00" endTime="2024-01-09T15:45:09.0450077+01:00" testType="13cdc9d9-ddb5-4fa4-a97d-d965ccfc6d4b" outcome="Passed" testListId="8c84fa94-04c1-424b-9868-57a2d4851a1d" relativeResultsDirectory="7782e941-b8e4-446f-b6dc-22038285eed1" />
    <UnitTestResult executionId="0cd4badf-97a6-4a91-90d8-23bbf3061f2b" testId="9dce6ef1-0bfb-ffc5-b0e0-e06717bb70cf" testName="AddToSearchButtonEnabledState_AllScenarios_Success" computerName="DKSR-EFI-06" duration="00:00:00.0347644" startTime="2024-01-09T15:46:34.2608490+01:00" endTime="2024-01-09T15:46:34.2921088+01:00" testType="13cdc9d9-ddb5-4fa4-a97d-d965ccfc6d4b" outcome="Passed" testListId="8c84fa94-04c1-424b-9868-57a2d4851a1d" relativeResultsDirectory="0cd4badf-97a6-4a91-90d8-23bbf3061f2b" />
    <UnitTestResult executionId="32143c33-f347-469b-b1fc-5cfec9d3f7a9" testId="efe4db7d-9fc9-dd9f-492e-e4ff6529fb1e" testName="SerializeDeserialize_ExcludeNotPersistedProperties_Success" computerName="DKSR-EFI-06" duration="00:00:00.0013020" startTime="2024-01-09T15:47:12.5201615+01:00" endTime="2024-01-09T15:47:12.5201615+01:00" testType="13cdc9d9-ddb5-4fa4-a97d-d965ccfc6d4b" outcome="Passed" testListId="8c84fa94-04c1-424b-9868-57a2d4851a1d" relativeResultsDirectory="32143c33-f347-469b-b1fc-5cfec9d3f7a9" />
    <UnitTestResult executionId="d8577fba-014a-485c-b3d5-df2cace3963a" testId="c4ff8731-9813-5df7-e5dd-207c7cca1b16" testName="CreateSearchAttributeEditControl_AllMappings_Success" computerName="DKSR-EFI-06" duration="00:00:00.1654131" startTime="2024-01-09T15:46:59.7670400+01:00" endTime="2024-01-09T15:46:59.9233198+01:00" testType="13cdc9d9-ddb5-4fa4-a97d-d965ccfc6d4b" outcome="Passed" testListId="8c84fa94-04c1-424b-9868-57a2d4851a1d" relativeResultsDirectory="d8577fba-014a-485c-b3d5-df2cace3963a" />
    <UnitTestResult executionId="d43bd3dc-e7f4-404d-a548-4985ed7a9c8c" testId="2a4dd686-62ac-c714-9f30-f0d81a07f831" testName="GetDeviceData_ShouldReturnDeviceData_WhenCameraKindAndExistingCameraId" computerName="DKSR-EFI-06" duration="00:00:00.0695394" startTime="2024-01-09T15:45:42.0606689+01:00" endTime="2024-01-09T15:45:42.1387940+01:00" testType="13cdc9d9-ddb5-4fa4-a97d-d965ccfc6d4b" outcome="Passed" testListId="8c84fa94-04c1-424b-9868-57a2d4851a1d" relativeResultsDirectory="d43bd3dc-e7f4-404d-a548-4985ed7a9c8c" />
    <UnitTestResult executionId="04236ff0-dec8-411a-933e-e0ff630ad599" testId="a2942f2b-9678-3c30-9d53-cbabd8538e8a" testName="SmartMapGoToPositionHandler_WhenZoomIsInvalid_ShouldWriteToLog" computerName="DKSR-EFI-06" duration="00:00:00.0030028" startTime="2024-01-09T15:45:38.9356738+01:00" endTime="2024-01-09T15:45:38.9356738+01:00" testType="13cdc9d9-ddb5-4fa4-a97d-d965ccfc6d4b" outcome="Passed" testListId="8c84fa94-04c1-424b-9868-57a2d4851a1d" relativeResultsDirectory="04236ff0-dec8-411a-933e-e0ff630ad599" />
    <UnitTestResult executionId="5c9e3425-f603-4746-9deb-ab3192e1091b" testId="c6be3c70-f05e-da41-cdde-2e744b71ec65" testName="GetUserName_ShouldReturnUserNamePartOfNetworkCredentials_WhenNetworkCredentialsContainsAUserName" computerName="DKSR-EFI-06" duration="00:00:00.0019266" startTime="2024-01-09T15:45:20.2325375+01:00" endTime="2024-01-09T15:45:20.2325375+01:00" testType="13cdc9d9-ddb5-4fa4-a97d-d965ccfc6d4b" outcome="Passed" testListId="8c84fa94-04c1-424b-9868-57a2d4851a1d" relativeResultsDirectory="5c9e3425-f603-4746-9deb-ab3192e1091b" />
    <UnitTestResult executionId="3ead3ba1-773e-4a55-9d20-a3459526d46f" testId="4d11492e-27b0-719b-9344-aa3d6645e529" testName="DisplayErrorOnNotificationArea_ServerNotAvailableSearchError_Success" computerName="DKSR-EFI-06" duration="00:00:00.0102688" startTime="2024-01-09T15:46:38.2932689+01:00" endTime="2024-01-09T15:46:38.3088969+01:00" testType="13cdc9d9-ddb5-4fa4-a97d-d965ccfc6d4b" outcome="Passed" testListId="8c84fa94-04c1-424b-9868-57a2d4851a1d" relativeResultsDirectory="3ead3ba1-773e-4a55-9d20-a3459526d46f" />
    <UnitTestResult executionId="4a2464c4-c90b-4d61-9ac7-81e8f6ab6e58" testId="7863e25b-2679-2198-6c24-80dcdc161cf9" testName="IsCurrentScaleEqualTo_ShouldReturnTrue_WhenValuesAreEqualWithinGivenPrecision" computerName="DKSR-EFI-06" duration="00:00:00.0041475" startTime="2024-01-09T15:45:33.7794215+01:00" endTime="2024-01-09T15:45:33.7794215+01:00" testType="13cdc9d9-ddb5-4fa4-a97d-d965ccfc6d4b" outcome="Passed" testListId="8c84fa94-04c1-424b-9868-57a2d4851a1d" relativeResultsDirectory="4a2464c4-c90b-4d61-9ac7-81e8f6ab6e58" />
    <UnitTestResult executionId="c272d498-ee27-4cb2-98b0-f3b31a7ed0e1" testId="9636a1f1-1232-f981-d42a-36589836bff4" testName="DeviceIcons_ShouldNotBeNull_WhenCalled" computerName="DKSR-EFI-06" duration="00:00:00.0001826" startTime="2024-01-09T15:47:04.4554595+01:00" endTime="2024-01-09T15:47:04.4554595+01:00" testType="13cdc9d9-ddb5-4fa4-a97d-d965ccfc6d4b" outcome="Passed" testListId="8c84fa94-04c1-424b-9868-57a2d4851a1d" relativeResultsDirectory="c272d498-ee27-4cb2-98b0-f3b31a7ed0e1" />
    <UnitTestResult executionId="7f9982a8-8dfc-46ad-823b-74f5ac11567d" testId="88fa8516-0d21-8d70-a765-06ab5bfbd249" testName="GetUserOptions_ShouldReturnNullForNewKey_WhenOnlyOldSystemDataIsAvailableInTheSystem" computerName="DKSR-EFI-06" duration="00:00:00.0022885" startTime="2024-01-09T15:47:12.0044269+01:00" endTime="2024-01-09T15:47:12.0044269+01:00" testType="13cdc9d9-ddb5-4fa4-a97d-d965ccfc6d4b" outcome="Passed" testListId="8c84fa94-04c1-424b-9868-57a2d4851a1d" relativeResultsDirectory="7f9982a8-8dfc-46ad-823b-74f5ac11567d" />
    <UnitTestResult executionId="85bda2f9-49b7-42ff-99e0-0299481e0928" testId="1e94fe66-ebdd-242f-d52f-6bae60dddc8c" testName="ChangeSorting_WithFocusItem_Success" computerName="DKSR-EFI-06" duration="00:00:00.0294982" startTime="2024-01-09T15:46:38.4964528+01:00" endTime="2024-01-09T15:46:38.5277162+01:00" testType="13cdc9d9-ddb5-4fa4-a97d-d965ccfc6d4b" outcome="Passed" testListId="8c84fa94-04c1-424b-9868-57a2d4851a1d" relativeResultsDirectory="85bda2f9-49b7-42ff-99e0-0299481e0928" />
    <UnitTestResult executionId="2cde844e-6160-4264-815b-5490a6f9d4fc" testId="0d816db9-c190-9338-49a3-bd0095232832" testName="BuildContentOptions_ShouldReturnCorrectNumberOfViewItems" computerName="DKSR-EFI-06" duration="00:00:00.0009010" startTime="2024-01-09T15:47:17.4741718+01:00" endTime="2024-01-09T15:47:17.4741718+01:00" testType="13cdc9d9-ddb5-4fa4-a97d-d965ccfc6d4b" outcome="Passed" testListId="8c84fa94-04c1-424b-9868-57a2d4851a1d" relativeResultsDirectory="2cde844e-6160-4264-815b-5490a6f9d4fc" />
    <UnitTestResult executionId="52434845-9b25-4afa-a068-f2c3b93b31c9" testId="18ccdda0-c082-96fc-d95c-7842b85332a3" testName="PatrollingProfileViewModelTest_IsDirty" computerName="DKSR-EFI-06" duration="00:00:00.0026701" startTime="2024-01-09T15:47:09.5663519+01:00" endTime="2024-01-09T15:47:09.5663519+01:00" testType="13cdc9d9-ddb5-4fa4-a97d-d965ccfc6d4b" outcome="Passed" testListId="8c84fa94-04c1-424b-9868-57a2d4851a1d" relativeResultsDirectory="52434845-9b25-4afa-a068-f2c3b93b31c9" />
    <UnitTestResult executionId="e9ae1f2c-2189-42c9-8775-73b86654c95f" testId="a45efc73-9982-c081-715a-b39f84b6a0cd" testName="OpenEditAndChangeAttributeValue_ValidChange_EditValueUpdated" computerName="DKSR-EFI-06" duration="00:00:00.0135436" startTime="2024-01-09T15:46:34.3390002+01:00" endTime="2024-01-09T15:46:34.3546260+01:00" testType="13cdc9d9-ddb5-4fa4-a97d-d965ccfc6d4b" outcome="Passed" testListId="8c84fa94-04c1-424b-9868-57a2d4851a1d" relativeResultsDirectory="e9ae1f2c-2189-42c9-8775-73b86654c95f" />
    <UnitTestResult executionId="38f9b748-36ea-490f-989d-5a4b43e1636a" testId="8711fcc3-eab8-86a0-2ca3-46b7c717fdd4" testName="TestCreateMipTabWorkroom_workSpaceItemIsNull_FailWithArgumentNullException" computerName="DKSR-EFI-06" duration="00:00:00.0051142" startTime="2024-01-09T15:45:12.9825148+01:00" endTime="2024-01-09T15:45:12.9825148+01:00" testType="13cdc9d9-ddb5-4fa4-a97d-d965ccfc6d4b" outcome="Passed" testListId="8c84fa94-04c1-424b-9868-57a2d4851a1d" relativeResultsDirectory="38f9b748-36ea-490f-989d-5a4b43e1636a" />
    <UnitTestResult executionId="f9cbc3c4-7f46-447f-a9aa-21fb14aa84bf" testId="f23cbfaa-bd0e-0a68-964c-aedac70dbd89" testName="Constructor_ShouldRaiseArgumentNullException_WhenLayersIsNull" computerName="DKSR-EFI-06" duration="00:00:00.0039436" startTime="2024-01-09T15:47:07.3001149+01:00" endTime="2024-01-09T15:47:07.3157429+01:00" testType="13cdc9d9-ddb5-4fa4-a97d-d965ccfc6d4b" outcome="Passed" testListId="8c84fa94-04c1-424b-9868-57a2d4851a1d" relativeResultsDirectory="f9cbc3c4-7f46-447f-a9aa-21fb14aa84bf" />
    <UnitTestResult executionId="22d46a29-c830-46d5-99e7-875b017fdee4" testId="b475e3ab-bcbc-5954-7660-9f7524c4b9d5" testName="NearestPossibleZoomLevel_ShouldReturnMin_WhenScaleIs0" computerName="DKSR-EFI-06" duration="00:00:00.0090796" startTime="2024-01-09T15:45:33.8419222+01:00" endTime="2024-01-09T15:45:33.8419222+01:00" testType="13cdc9d9-ddb5-4fa4-a97d-d965ccfc6d4b" outcome="Passed" testListId="8c84fa94-04c1-424b-9868-57a2d4851a1d" relativeResultsDirectory="22d46a29-c830-46d5-99e7-875b017fdee4" />
    <UnitTestResult executionId="f21a21ae-bcc0-4b65-8518-1bd69419fef7" testId="d01a472c-8c79-6237-bbd9-99dcce00cbb8" testName="Constructor_ShouldThrowArgumentNullException_WhenStateManagerIsNull" computerName="DKSR-EFI-06" duration="00:00:00.0023677" startTime="2024-01-09T15:47:09.7539029+01:00" endTime="2024-01-09T15:47:09.7695253+01:00" testType="13cdc9d9-ddb5-4fa4-a97d-d965ccfc6d4b" outcome="Passed" testListId="8c84fa94-04c1-424b-9868-57a2d4851a1d" relativeResultsDirectory="f21a21ae-bcc0-4b65-8518-1bd69419fef7" />
    <UnitTestResult executionId="546fa90f-1b4a-4371-a0ff-83353fc34c8e" testId="e7d7638f-db70-d29e-fb1f-5160e555e3cc" testName="AddToExportDevices_ShouldReturnCorrectResult (5,0,0)" computerName="DKSR-EFI-06" duration="00:00:00.0018865" startTime="2024-01-09T15:47:11.7231125+01:00" endTime="2024-01-09T15:47:11.7231125+01:00" testType="13cdc9d9-ddb5-4fa4-a97d-d965ccfc6d4b" outcome="Passed" testListId="8c84fa94-04c1-424b-9868-57a2d4851a1d" relativeResultsDirectory="546fa90f-1b4a-4371-a0ff-83353fc34c8e" />
    <UnitTestResult executionId="fecf9f81-4720-4e02-9db1-9cdcef99b77c" testId="9e8c2141-20ec-ba37-0f1b-2e2277c88211" testName="DeleteItems_ShouldResetGisPointAndRaiseEvent_WhenAnItemIsDeleted" computerName="DKSR-EFI-06" duration="00:00:00.0038662" startTime="2024-01-09T15:47:04.9712526+01:00" endTime="2024-01-09T15:47:04.9712526+01:00" testType="13cdc9d9-ddb5-4fa4-a97d-d965ccfc6d4b" outcome="Passed" testListId="8c84fa94-04c1-424b-9868-57a2d4851a1d" relativeResultsDirectory="fecf9f81-4720-4e02-9db1-9cdcef99b77c" />
    <UnitTestResult executionId="9f7e1a4b-e1ca-4588-a1b3-14888191ded3" testId="bebeb62d-71fa-2720-42c0-f4320951d2ce" testName="SmartMapGoToPositionHandler_WhenLatitudeIsInvalid_ShouldWriteToLog" computerName="DKSR-EFI-06" duration="00:00:00.0032033" startTime="2024-01-09T15:45:38.9200468+01:00" endTime="2024-01-09T15:45:38.9356738+01:00" testType="13cdc9d9-ddb5-4fa4-a97d-d965ccfc6d4b" outcome="Passed" testListId="8c84fa94-04c1-424b-9868-57a2d4851a1d" relativeResultsDirectory="9f7e1a4b-e1ca-4588-a1b3-14888191ded3" />
    <UnitTestResult executionId="ae6f227e-07fc-438e-8f79-0af30447a743" testId="08662725-81c0-39ee-21c2-6a500f721bcc" testName="TestAttribute_Success" computerName="DKSR-EFI-06" duration="00:00:00.0127648" startTime="2024-01-09T15:47:00.5952699+01:00" endTime="2024-01-09T15:47:00.6108981+01:00" testType="13cdc9d9-ddb5-4fa4-a97d-d965ccfc6d4b" outcome="Passed" testListId="8c84fa94-04c1-424b-9868-57a2d4851a1d" relativeResultsDirectory="ae6f227e-07fc-438e-8f79-0af30447a743" />
    <UnitTestResult executionId="57f4441e-6961-42c3-bebf-dbc38dd4e8d2" testId="b023ed0a-de55-261e-b76b-b001235c2a21" testName="WhenActionExecutedWithNoAlarmsThenNoObserverNotified" computerName="DKSR-EFI-06" duration="00:00:00.0516643" startTime="2024-01-09T15:47:07.3938960+01:00" endTime="2024-01-09T15:47:07.4407753+01:00" testType="13cdc9d9-ddb5-4fa4-a97d-d965ccfc6d4b" outcome="Passed" testListId="8c84fa94-04c1-424b-9868-57a2d4851a1d" relativeResultsDirectory="57f4441e-6961-42c3-bebf-dbc38dd4e8d2" />
    <UnitTestResult executionId="3ca94eb8-40e6-46e2-b0e0-3639d9ecb413" testId="e5d871b7-fc8e-4988-1624-5f0f63d734ec" testName="ActiveInteractionStateBinding_ShouldOnlyContainNormalAndNewDevice_WhenCtorIsCalled" computerName="DKSR-EFI-06" duration="00:00:00.0647509" startTime="2024-01-09T15:45:36.1387958+01:00" endTime="2024-01-09T15:45:36.2012944+01:00" testType="13cdc9d9-ddb5-4fa4-a97d-d965ccfc6d4b" outcome="Passed" testListId="8c84fa94-04c1-424b-9868-57a2d4851a1d" relativeResultsDirectory="3ca94eb8-40e6-46e2-b0e0-3639d9ecb413" />
    <UnitTestResult executionId="f6b2f452-75c2-497e-997d-ac27a3ccfd9b" testId="86196731-e240-8e80-a6e3-fc0d4e3d2f5c" testName="FindSearchTemplatesAsync_ThrowCommunicationMIPException_Success" computerName="DKSR-EFI-06" duration="00:00:00.0014660" startTime="2024-01-09T15:46:44.3570614+01:00" endTime="2024-01-09T15:46:44.3570614+01:00" testType="13cdc9d9-ddb5-4fa4-a97d-d965ccfc6d4b" outcome="Passed" testListId="8c84fa94-04c1-424b-9868-57a2d4851a1d" relativeResultsDirectory="f6b2f452-75c2-497e-997d-ac27a3ccfd9b" />
    <UnitTestResult executionId="6aba0fc4-8bec-4e4d-bf4f-8f1f81e95712" testId="0d68917f-e0c8-8b03-5d02-6e8d6b862245" testName="ConvertBack_Throws" computerName="DKSR-EFI-06" duration="00:00:00.0007174" startTime="2024-01-09T15:46:14.3648925+01:00" endTime="2024-01-09T15:46:14.3648925+01:00" testType="13cdc9d9-ddb5-4fa4-a97d-d965ccfc6d4b" outcome="Passed" testListId="8c84fa94-04c1-424b-9868-57a2d4851a1d" relativeResultsDirectory="6aba0fc4-8bec-4e4d-bf4f-8f1f81e95712" />
    <UnitTestResult executionId="b37798e7-77a4-441b-822b-398ddb8d85aa" testId="cf8740b0-df8d-bf5f-0e36-f1c7c45fcdee" testName="Path enabled, forced" computerName="DKSR-EFI-06" duration="00:00:00.0073748" startTime="2024-01-09T15:45:42.7637946+01:00" endTime="2024-01-09T15:45:42.7794201+01:00" testType="13cdc9d9-ddb5-4fa4-a97d-d965ccfc6d4b" outcome="Passed" testListId="8c84fa94-04c1-424b-9868-57a2d4851a1d" relativeResultsDirectory="b37798e7-77a4-441b-822b-398ddb8d85aa" />
    <UnitTestResult executionId="c7f2c37c-e659-41b8-a097-122bc708e53b" testId="1131d610-fdb8-bf14-5dd7-5607c21d80e3" testName="Search_SortOrderSpecified_Success" computerName="DKSR-EFI-06" duration="00:00:00.0074594" startTime="2024-01-09T15:46:59.5952971+01:00" endTime="2024-01-09T15:46:59.5952971+01:00" testType="13cdc9d9-ddb5-4fa4-a97d-d965ccfc6d4b" outcome="Passed" testListId="8c84fa94-04c1-424b-9868-57a2d4851a1d" relativeResultsDirectory="c7f2c37c-e659-41b8-a097-122bc708e53b" />
    <UnitTestResult executionId="976373aa-50da-4504-98bd-73af7a378515" testId="4af45186-897f-200d-9f00-a1608aaab093" testName="NavigateAndSelectAsync_ReCenterCommandUsesOriginalValues" computerName="DKSR-EFI-06" duration="00:00:00.0510308" startTime="2024-01-09T15:45:30.4200418+01:00" endTime="2024-01-09T15:45:30.4669164+01:00" testType="13cdc9d9-ddb5-4fa4-a97d-d965ccfc6d4b" outcome="Passed" testListId="8c84fa94-04c1-424b-9868-57a2d4851a1d" relativeResultsDirectory="976373aa-50da-4504-98bd-73af7a378515" />
    <UnitTestResult executionId="1dfbd3a4-39fc-4d9e-86c9-3ac4821f35e2" testId="f8d3c854-1d0a-1d27-f1f9-7cfc35295620" testName="GridSizeTest" computerName="DKSR-EFI-06" duration="00:00:00.0031499" startTime="2024-01-09T15:47:15.4113349+01:00" endTime="2024-01-09T15:47:15.4113349+01:00" testType="13cdc9d9-ddb5-4fa4-a97d-d965ccfc6d4b" outcome="Passed" testListId="8c84fa94-04c1-424b-9868-57a2d4851a1d" relativeResultsDirectory="1dfbd3a4-39fc-4d9e-86c9-3ac4821f35e2" />
    <UnitTestResult executionId="5dc4df2e-ecda-4e4f-99dd-4ea2495b1447" testId="d7e4860d-7071-2952-a78b-70bcfc57bf72" testName="BookmarkSearchTime_WithSearchStringInDifferentCases_ReturnCorrectBookmarkWithSearchStringInDescription (SeArChStRiNg,False,False,True,False,,,0)" computerName="DKSR-EFI-06" duration="00:00:00.0064198" startTime="2024-01-09T15:47:12.9890001+01:00" endTime="2024-01-09T15:47:12.9890001+01:00" testType="13cdc9d9-ddb5-4fa4-a97d-d965ccfc6d4b" outcome="Passed" testListId="8c84fa94-04c1-424b-9868-57a2d4851a1d" relativeResultsDirectory="5dc4df2e-ecda-4e4f-99dd-4ea2495b1447" />
    <UnitTestResult executionId="d6e51c32-523e-4ff5-9b98-bb38dad85491" testId="dc3b0316-49f0-426f-b38e-3bcd6e62bfdd" testName="NavigateAndSelectAsync_ReCenterCommandDisabled_Success" computerName="DKSR-EFI-06" duration="00:00:00.5158632" startTime="2024-01-09T15:45:29.5450422+01:00" endTime="2024-01-09T15:45:30.0606663+01:00" testType="13cdc9d9-ddb5-4fa4-a97d-d965ccfc6d4b" outcome="Passed" testListId="8c84fa94-04c1-424b-9868-57a2d4851a1d" relativeResultsDirectory="d6e51c32-523e-4ff5-9b98-bb38dad85491" />
    <UnitTestResult executionId="050d8722-0962-4a9c-8a88-071462fcd3de" testId="4aba77ec-b883-b9a3-2441-be573e48795b" testName="PointMapItem_OutputWithNoShortName_Success" computerName="DKSR-EFI-06" duration="00:00:00.0368462" startTime="2024-01-09T15:47:05.1900790+01:00" endTime="2024-01-09T15:47:05.2369677+01:00" testType="13cdc9d9-ddb5-4fa4-a97d-d965ccfc6d4b" outcome="Passed" testListId="8c84fa94-04c1-424b-9868-57a2d4851a1d" relativeResultsDirectory="050d8722-0962-4a9c-8a88-071462fcd3de" />
    <UnitTestResult executionId="8d4e8862-fa20-4958-8148-01bd87b0e919" testId="086df0e0-5aad-7a70-c738-24f763045ce7" testName="BuildState_SelectionWithSearchDefinitionIndices_Success" computerName="DKSR-EFI-06" duration="00:00:00.0583973" startTime="2024-01-09T15:45:44.9205547+01:00" endTime="2024-01-09T15:45:44.9674472+01:00" testType="13cdc9d9-ddb5-4fa4-a97d-d965ccfc6d4b" outcome="Passed" testListId="8c84fa94-04c1-424b-9868-57a2d4851a1d" relativeResultsDirectory="8d4e8862-fa20-4958-8148-01bd87b0e919" />
    <UnitTestResult executionId="3fc93bf5-d29a-4382-a8ce-b0d881cfe942" testId="57bd8ba2-a7b1-3773-dd72-99c3e39978da" testName="GetSKU_ShouldReturnEmptyString_WhenLicenseIsNull" computerName="DKSR-EFI-06" duration="00:00:00.0006486" startTime="2024-01-09T15:47:17.4116708+01:00" endTime="2024-01-09T15:47:17.4116708+01:00" testType="13cdc9d9-ddb5-4fa4-a97d-d965ccfc6d4b" outcome="Passed" testListId="8c84fa94-04c1-424b-9868-57a2d4851a1d" relativeResultsDirectory="3fc93bf5-d29a-4382-a8ce-b0d881cfe942" />
    <UnitTestResult executionId="cfcafaca-a319-464f-a25d-27d690b17c28" testId="41b6c041-6264-4714-8517-a042a107be15" testName="ActiveInteractionStateBinding_ShouldNotBeNull_WhenCtorIsCalled" computerName="DKSR-EFI-06" duration="00:00:00.0136260" startTime="2024-01-09T15:45:38.4356689+01:00" endTime="2024-01-09T15:45:38.4512945+01:00" testType="13cdc9d9-ddb5-4fa4-a97d-d965ccfc6d4b" outcome="Passed" testListId="8c84fa94-04c1-424b-9868-57a2d4851a1d" relativeResultsDirectory="cfcafaca-a319-464f-a25d-27d690b17c28" />
    <UnitTestResult executionId="fa5628d3-5560-43e6-b940-e2e34aff02e0" testId="f5dc02d2-c831-9a51-1ebc-8f8a343ea344" testName="Convert_ShouldReturnFalse_WhenParameterContainsValue" computerName="DKSR-EFI-06" duration="00:00:00.0003145" startTime="2024-01-09T15:45:26.9669160+01:00" endTime="2024-01-09T15:45:26.9669160+01:00" testType="13cdc9d9-ddb5-4fa4-a97d-d965ccfc6d4b" outcome="Passed" testListId="8c84fa94-04c1-424b-9868-57a2d4851a1d" relativeResultsDirectory="fa5628d3-5560-43e6-b940-e2e34aff02e0" />
    <UnitTestResult executionId="1842375a-ea3d-48f0-a4e2-5d491c1f89eb" testId="a8208005-f5a7-973c-33f3-44102c0d608d" testName="ShowAlreadyAddedToast_ShouldShowCorrectNumberOfToasts (5,1)" computerName="DKSR-EFI-06" duration="00:00:00.0036200" startTime="2024-01-09T15:47:11.9106479+01:00" endTime="2024-01-09T15:47:11.9106479+01:00" testType="13cdc9d9-ddb5-4fa4-a97d-d965ccfc6d4b" outcome="Passed" testListId="8c84fa94-04c1-424b-9868-57a2d4851a1d" relativeResultsDirectory="1842375a-ea3d-48f0-a4e2-5d491c1f89eb" />
    <UnitTestResult executionId="7cbaa087-26ab-4400-8fcd-10ce99cd64de" testId="112015e3-431e-b435-09f5-dc36bf2bbc1b" testName="Compare_NotNullVsNullDescending_GreaterThan" computerName="DKSR-EFI-06" duration="00:00:00.0001669" startTime="2024-01-09T15:46:45.4197375+01:00" endTime="2024-01-09T15:46:45.4197375+01:00" testType="13cdc9d9-ddb5-4fa4-a97d-d965ccfc6d4b" outcome="Passed" testListId="8c84fa94-04c1-424b-9868-57a2d4851a1d" relativeResultsDirectory="7cbaa087-26ab-4400-8fcd-10ce99cd64de" />
    <UnitTestResult executionId="b970ecdf-e9aa-47fb-be32-814e8ebea326" testId="047ae752-4baa-4950-c45b-96826b207ed0" testName="PtzSessionControllerInfo_ReservedChangedTest_Argument_Null_1" computerName="DKSR-EFI-06" duration="00:00:00.0013067" startTime="2024-01-09T15:45:19.6075315+01:00" endTime="2024-01-09T15:45:19.6075315+01:00" testType="13cdc9d9-ddb5-4fa4-a97d-d965ccfc6d4b" outcome="Passed" testListId="8c84fa94-04c1-424b-9868-57a2d4851a1d" relativeResultsDirectory="b970ecdf-e9aa-47fb-be32-814e8ebea326" />
    <UnitTestResult executionId="b8a7e1c7-a7b7-4e21-a14b-690ce43bac29" testId="ce2cf82c-5810-0ccc-465a-37da15418741" testName="HandleSetLayerFeatures_ShouldRaiseArgumentException_WhenMicrophoneKindAndNotMicrophoneLayerFeatures" computerName="DKSR-EFI-06" duration="00:00:00.0031319" startTime="2024-01-09T15:47:07.2063376+01:00" endTime="2024-01-09T15:47:07.2063376+01:00" testType="13cdc9d9-ddb5-4fa4-a97d-d965ccfc6d4b" outcome="Passed" testListId="8c84fa94-04c1-424b-9868-57a2d4851a1d" relativeResultsDirectory="b8a7e1c7-a7b7-4e21-a14b-690ce43bac29" />
    <UnitTestResult executionId="4f50a7f2-3e58-4eaf-8f2d-2f8fe7300541" testId="dda1789b-98bf-2ab4-b6fb-aff5b89b7425" testName="HandleGetLayerFeatures_ShouldReturnCameraLayerFeatures_WhenCameraKind" computerName="DKSR-EFI-06" duration="00:00:00.0010304" startTime="2024-01-09T15:47:07.1438196+01:00" endTime="2024-01-09T15:47:07.1438196+01:00" testType="13cdc9d9-ddb5-4fa4-a97d-d965ccfc6d4b" outcome="Passed" testListId="8c84fa94-04c1-424b-9868-57a2d4851a1d" relativeResultsDirectory="4f50a7f2-3e58-4eaf-8f2d-2f8fe7300541" />
    <UnitTestResult executionId="7b8612f1-fe60-4dc7-b356-02ba54440c8a" testId="a28e9689-4e5e-848d-448b-9fc289af2ecb" testName="Search_MultipleCategories_SearchCallsDelegatedToSearchManager" computerName="DKSR-EFI-06" duration="00:00:00.0122140" startTime="2024-01-09T15:46:59.5169880+01:00" endTime="2024-01-09T15:46:59.5169880+01:00" testType="13cdc9d9-ddb5-4fa4-a97d-d965ccfc6d4b" outcome="Passed" testListId="8c84fa94-04c1-424b-9868-57a2d4851a1d" relativeResultsDirectory="7b8612f1-fe60-4dc7-b356-02ba54440c8a" />
    <UnitTestResult executionId="0be3f187-d32e-440a-8189-162581174e8d" testId="962aa215-0703-be2d-ae49-5fe79d594412" testName="Deserialize_NothingToDeserialize_Success" computerName="DKSR-EFI-06" duration="00:00:00.0007658" startTime="2024-01-09T15:46:45.5603886+01:00" endTime="2024-01-09T15:46:45.5603886+01:00" testType="13cdc9d9-ddb5-4fa4-a97d-d965ccfc6d4b" outcome="Passed" testListId="8c84fa94-04c1-424b-9868-57a2d4851a1d" relativeResultsDirectory="0be3f187-d32e-440a-8189-162581174e8d" />
    <UnitTestResult executionId="c8a3fab4-d240-4a23-aee5-c5008b3bb526" testId="5e9a784a-512a-9e3c-4365-749c6efbd67e" testName="GetClusters_ShouldIncludeItemFromBuildingIntoSuperClusterOutsideBuilding_WhenBuildingIsTooSmallToRender" computerName="DKSR-EFI-06" duration="00:00:00.0112747" startTime="2024-01-09T15:47:08.6911305+01:00" endTime="2024-01-09T15:47:08.7067586+01:00" testType="13cdc9d9-ddb5-4fa4-a97d-d965ccfc6d4b" outcome="Passed" testListId="8c84fa94-04c1-424b-9868-57a2d4851a1d" relativeResultsDirectory="c8a3fab4-d240-4a23-aee5-c5008b3bb526" />
    <UnitTestResult executionId="56d30175-e287-4530-ae59-471f0ca172c5" testId="0af4332b-024f-1289-6f42-007e21f2be10" testName="CreateDefinition_FireMultipleSearchResultsInMultipleEvents_SearchFinishedWithResults" computerName="DKSR-EFI-06" duration="00:00:00.0080198" startTime="2024-01-09T15:46:44.8415183+01:00" endTime="2024-01-09T15:46:44.8415183+01:00" testType="13cdc9d9-ddb5-4fa4-a97d-d965ccfc6d4b" outcome="Passed" testListId="8c84fa94-04c1-424b-9868-57a2d4851a1d" relativeResultsDirectory="56d30175-e287-4530-ae59-471f0ca172c5" />
    <UnitTestResult executionId="760c080c-5768-4fb1-934f-f053fd4c1463" testId="c7b7da64-3485-b2c1-376a-4a2776f7bf98" testName="AutomationId_ShouldBeValid_WhenInteractionStateIsInput" computerName="DKSR-EFI-06" duration="00:00:00.0002452" startTime="2024-01-09T15:45:31.0137926+01:00" endTime="2024-01-09T15:45:31.0137926+01:00" testType="13cdc9d9-ddb5-4fa4-a97d-d965ccfc6d4b" outcome="Passed" testListId="8c84fa94-04c1-424b-9868-57a2d4851a1d" relativeResultsDirectory="760c080c-5768-4fb1-934f-f053fd4c1463" />
    <UnitTestResult executionId="0cc93335-1344-4337-afee-a240854a2621" testId="5a8fb903-2861-1882-49ca-4356404c3995" testName="IsMicrophoneDisabled_ShouldBeFalse_WhenMicrophoneIsEnabled" computerName="DKSR-EFI-06" duration="00:00:00.0160530" startTime="2024-01-09T15:47:04.7211718+01:00" endTime="2024-01-09T15:47:04.7368043+01:00" testType="13cdc9d9-ddb5-4fa4-a97d-d965ccfc6d4b" outcome="Passed" testListId="8c84fa94-04c1-424b-9868-57a2d4851a1d" relativeResultsDirectory="0cc93335-1344-4337-afee-a240854a2621" />
    <UnitTestResult executionId="de761be2-141a-4f1b-ad1d-e427fc990b75" testId="d6e18f4d-928d-faa8-fd00-f4b6e0b7623e" testName="PreprocessorResultsProcessed_ShouldAppendReselectedSearchResults_WhenPreprocessorHasResultsToReselect" computerName="DKSR-EFI-06" duration="00:00:00.0198957" startTime="2024-01-09T15:46:38.6058570+01:00" endTime="2024-01-09T15:46:38.6214846+01:00" testType="13cdc9d9-ddb5-4fa4-a97d-d965ccfc6d4b" outcome="Passed" testListId="8c84fa94-04c1-424b-9868-57a2d4851a1d" relativeResultsDirectory="de761be2-141a-4f1b-ad1d-e427fc990b75" />
    <UnitTestResult executionId="06c9c479-4dce-4272-904c-0bb4967e2d54" testId="fc2cbc5b-c2b1-3d19-f684-8de533e0344a" testName="ToDenormalizedDirection_Minus0_25" computerName="DKSR-EFI-06" duration="00:00:00.0000874" startTime="2024-01-09T15:47:01.2047375+01:00" endTime="2024-01-09T15:47:01.2047375+01:00" testType="13cdc9d9-ddb5-4fa4-a97d-d965ccfc6d4b" outcome="Passed" testListId="8c84fa94-04c1-424b-9868-57a2d4851a1d" relativeResultsDirectory="06c9c479-4dce-4272-904c-0bb4967e2d54" />
    <UnitTestResult executionId="34c306c2-f1fe-4834-82b9-12aa5b9415ed" testId="1153276a-4acc-8389-9593-9aed2f86bdf6" testName="Toolbar_IsVisible_WhenInLive" computerName="DKSR-EFI-06" duration="00:00:00.0171360" startTime="2024-01-09T15:47:10.8791701+01:00" endTime="2024-01-09T15:47:10.9104249+01:00" testType="13cdc9d9-ddb5-4fa4-a97d-d965ccfc6d4b" outcome="Passed" testListId="8c84fa94-04c1-424b-9868-57a2d4851a1d" relativeResultsDirectory="34c306c2-f1fe-4834-82b9-12aa5b9415ed" />
    <UnitTestResult executionId="310f9dcc-9f65-4727-9d87-b1433c27c1e0" testId="90f82d21-92dc-bc32-5511-a2c2549dad1d" testName="Valid password bigger length" computerName="DKSR-EFI-06" duration="00:00:00.0002287" startTime="2024-01-09T15:45:44.4516579+01:00" endTime="2024-01-09T15:45:44.4516579+01:00" testType="13cdc9d9-ddb5-4fa4-a97d-d965ccfc6d4b" outcome="Passed" testListId="8c84fa94-04c1-424b-9868-57a2d4851a1d" relativeResultsDirectory="310f9dcc-9f65-4727-9d87-b1433c27c1e0" />
    <UnitTestResult executionId="8ac5b83a-9d69-4990-974b-1c26bd4b2629" testId="876c309e-bcb3-56f1-e371-740d48449c19" testName="ClientCapabilitiesDto_ShouldYieldSameValues_WhenRoundTripConverted" computerName="DKSR-EFI-06" duration="00:00:00.0087849" startTime="2024-01-09T15:45:08.9512569+01:00" endTime="2024-01-09T15:45:08.9668825+01:00" testType="13cdc9d9-ddb5-4fa4-a97d-d965ccfc6d4b" outcome="Passed" testListId="8c84fa94-04c1-424b-9868-57a2d4851a1d" relativeResultsDirectory="8ac5b83a-9d69-4990-974b-1c26bd4b2629" />
    <UnitTestResult executionId="5a42169d-466f-4f0a-b27c-9d402102fd18" testId="0c50b0ff-2617-98bb-3217-a3a88ea54c14" testName="BuildContentOptions_ShouldReturnCorrectWorkspaceName (73576FEA-BD0E-43C4-AD9D-589FBE4DC29B,Default title,Live)" computerName="DKSR-EFI-06" duration="00:00:00.0058012" startTime="2024-01-09T15:47:17.4585477+01:00" endTime="2024-01-09T15:47:17.4585477+01:00" testType="13cdc9d9-ddb5-4fa4-a97d-d965ccfc6d4b" outcome="Passed" testListId="8c84fa94-04c1-424b-9868-57a2d4851a1d" relativeResultsDirectory="5a42169d-466f-4f0a-b27c-9d402102fd18" />
    <UnitTestResult executionId="5dfdd7e7-660e-4c66-93e5-9fe9c18a1b04" testId="f7bcbf5e-0012-a0f0-d3f0-82ca6b14f5dd" testName="ResultCountText_SeveralResults_Success" computerName="DKSR-EFI-06" duration="00:00:00.0047006" startTime="2024-01-09T15:46:36.2145740+01:00" endTime="2024-01-09T15:46:36.2302095+01:00" testType="13cdc9d9-ddb5-4fa4-a97d-d965ccfc6d4b" outcome="Passed" testListId="8c84fa94-04c1-424b-9868-57a2d4851a1d" relativeResultsDirectory="5dfdd7e7-660e-4c66-93e5-9fe9c18a1b04" />
    <UnitTestResult executionId="555ce0a9-3e7d-449c-bded-afcac4510674" testId="a68d8bd1-83c1-7dcf-88ae-373561151afd" testName="OnLayersRetrieved_ShouldSetComponentsToInput_WhenLayersCollectionContainsInput" computerName="DKSR-EFI-06" duration="00:00:00.0206778" startTime="2024-01-09T15:45:28.7169179+01:00" endTime="2024-01-09T15:45:28.7325432+01:00" testType="13cdc9d9-ddb5-4fa4-a97d-d965ccfc6d4b" outcome="Passed" testListId="8c84fa94-04c1-424b-9868-57a2d4851a1d" relativeResultsDirectory="555ce0a9-3e7d-449c-bded-afcac4510674" />
    <UnitTestResult executionId="f0372e57-fcc2-40f1-897a-f0f8943fa908" testId="165e0853-e6ec-d7d3-2c96-375c649002cc" testName="LoadSearchTemplate_NoActiveToNewActiveSuppressEvent_UpdateAndNoEvent" computerName="DKSR-EFI-06" duration="00:00:00.0005605" startTime="2024-01-09T15:46:43.9976226+01:00" endTime="2024-01-09T15:46:43.9976226+01:00" testType="13cdc9d9-ddb5-4fa4-a97d-d965ccfc6d4b" outcome="Passed" testListId="8c84fa94-04c1-424b-9868-57a2d4851a1d" relativeResultsDirectory="f0372e57-fcc2-40f1-897a-f0f8943fa908" />
    <UnitTestResult executionId="4f56be3e-e583-4428-9b5d-5ce31ca9d802" testId="ac0bff77-e4ee-0120-d789-0cc06032e8d1" testName="CanMoreRegionsBeAdded_ShouldReturnFalse_WhenMaximumRegionsAllowedIsReached" computerName="DKSR-EFI-06" duration="00:00:00.0020634" startTime="2024-01-09T15:47:00.4546235+01:00" endTime="2024-01-09T15:47:00.4546235+01:00" testType="13cdc9d9-ddb5-4fa4-a97d-d965ccfc6d4b" outcome="Passed" testListId="8c84fa94-04c1-424b-9868-57a2d4851a1d" relativeResultsDirectory="4f56be3e-e583-4428-9b5d-5ce31ca9d802" />
    <UnitTestResult executionId="30ddcba1-2e75-4773-aac4-bf8964c7ba7f" testId="d2f75ecd-c8ef-a49e-a7d9-9ac8db3c0867" testName="BoundingBoxValidAndInValidData" computerName="DKSR-EFI-06" duration="00:00:00.0051506" startTime="2024-01-09T15:47:13.3484520+01:00" endTime="2024-01-09T15:47:13.3484520+01:00" testType="13cdc9d9-ddb5-4fa4-a97d-d965ccfc6d4b" outcome="Passed" testListId="8c84fa94-04c1-424b-9868-57a2d4851a1d" relativeResultsDirectory="30ddcba1-2e75-4773-aac4-bf8964c7ba7f" />
    <UnitTestResult executionId="cf4965b5-a060-4ca0-9593-f8235383f33b" testId="9b69c053-abc5-671a-966c-e8011ea8926f" testName="Deserialize_ShouldReturnCombineTypeOr_WhenCombineTypeIsOrInXml" computerName="DKSR-EFI-06" duration="00:00:00.0039221" startTime="2024-01-09T15:46:45.1071976+01:00" endTime="2024-01-09T15:46:45.1071976+01:00" testType="13cdc9d9-ddb5-4fa4-a97d-d965ccfc6d4b" outcome="Passed" testListId="8c84fa94-04c1-424b-9868-57a2d4851a1d" relativeResultsDirectory="cf4965b5-a060-4ca0-9593-f8235383f33b" />
    <UnitTestResult executionId="3986ae7b-41b3-4f77-af5c-84ab4015e79f" testId="184dde77-5a92-558e-ebbc-812bb20e2c0f" testName="PointMapItem_Load_CameraDevice_Success" computerName="DKSR-EFI-06" duration="00:00:00.0545126" startTime="2024-01-09T15:47:01.8767196+01:00" endTime="2024-01-09T15:47:01.9236077+01:00" testType="13cdc9d9-ddb5-4fa4-a97d-d965ccfc6d4b" outcome="Passed" testListId="8c84fa94-04c1-424b-9868-57a2d4851a1d" relativeResultsDirectory="3986ae7b-41b3-4f77-af5c-84ab4015e79f" />
    <UnitTestResult executionId="3c8f339d-5cf0-4ef4-9b58-3531aaca5bcd" testId="e591cb66-07e5-1b9d-9e29-d469d485e69c" testName="ShowAccessControlSystems_ShouldReturnFalse_WhenTwoACSystemsNotSupportingCardholdersAvailable" computerName="DKSR-EFI-06" duration="00:00:00.0019079" startTime="2024-01-09T15:47:19.2713029+01:00" endTime="2024-01-09T15:47:19.2713029+01:00" testType="13cdc9d9-ddb5-4fa4-a97d-d965ccfc6d4b" outcome="Passed" testListId="8c84fa94-04c1-424b-9868-57a2d4851a1d" relativeResultsDirectory="3c8f339d-5cf0-4ef4-9b58-3531aaca5bcd" />
    <UnitTestResult executionId="9300e9f6-12e5-4c9b-b4b3-4c855d10b11d" testId="84b8f2a7-62b5-8ef3-473a-8f8892e8765c" testName="GetPartialDiffBetweenDictionaries_ShouldReturnCorrectValues (System.Collections.Generic.Dictionary`2[System.String,System.String],System.Collections.Generic.Dictionary`2[System.String,System.String],System.Collections.Generic.Dictionary`2[System.String,System.String])" computerName="DKSR-EFI-06" duration="00:00:00.0001751" startTime="2024-01-09T15:47:17.5523096+01:00" endTime="2024-01-09T15:47:17.5523096+01:00" testType="13cdc9d9-ddb5-4fa4-a97d-d965ccfc6d4b" outcome="Passed" testListId="8c84fa94-04c1-424b-9868-57a2d4851a1d" relativeResultsDirectory="9300e9f6-12e5-4c9b-b4b3-4c855d10b11d" />
    <UnitTestResult executionId="2e278b0a-a6b0-4f6c-9dd5-4e99d783e952" testId="77cba9e9-3a3f-2b38-cfa1-fd20ef6dec97" testName="FilterValueHasRegionSelectionForCamera_ShouldReturnTrue_WhenFilterValueDoesHaveRegionSelectionForCamera" computerName="DKSR-EFI-06" duration="00:00:00.0006456" startTime="2024-01-09T15:47:00.4858866+01:00" endTime="2024-01-09T15:47:00.4858866+01:00" testType="13cdc9d9-ddb5-4fa4-a97d-d965ccfc6d4b" outcome="Passed" testListId="8c84fa94-04c1-424b-9868-57a2d4851a1d" relativeResultsDirectory="2e278b0a-a6b0-4f6c-9dd5-4e99d783e952" />
    <UnitTestResult executionId="68d5f267-dad9-4c16-ae5a-60ea732ecc62" testId="0a4bd700-62ec-92c2-9d2a-4cd013e53bcb" testName="TestTaskCreation" computerName="DKSR-EFI-06" duration="00:00:00.0168767" startTime="2024-01-09T15:47:11.2229970+01:00" endTime="2024-01-09T15:47:11.2386372+01:00" testType="13cdc9d9-ddb5-4fa4-a97d-d965ccfc6d4b" outcome="Passed" testListId="8c84fa94-04c1-424b-9868-57a2d4851a1d" relativeResultsDirectory="68d5f267-dad9-4c16-ae5a-60ea732ecc62" />
    <UnitTestResult executionId="d4dab2f5-cf3f-48ea-8830-d04c1afea027" testId="dd6a6056-335a-e790-dd5c-836d1beab39a" testName="InputMapItem_UpdateName_Rejected" computerName="DKSR-EFI-06" duration="00:00:00.0119710" startTime="2024-01-09T15:47:06.1591412+01:00" endTime="2024-01-09T15:47:06.1747720+01:00" testType="13cdc9d9-ddb5-4fa4-a97d-d965ccfc6d4b" outcome="Passed" testListId="8c84fa94-04c1-424b-9868-57a2d4851a1d" relativeResultsDirectory="d4dab2f5-cf3f-48ea-8830-d04c1afea027" />
    <UnitTestResult executionId="b43edbfe-7eac-4251-9831-c9dc5d0c8944" testId="5effecc7-0d7c-71b0-4a5d-1b5e24448f32" testName="SaveAsNewSearchTemplateAsync_Succeeds_Success" computerName="DKSR-EFI-06" duration="00:00:00.0069441" startTime="2024-01-09T15:46:44.0288809+01:00" endTime="2024-01-09T15:46:44.0288809+01:00" testType="13cdc9d9-ddb5-4fa4-a97d-d965ccfc6d4b" outcome="Passed" testListId="8c84fa94-04c1-424b-9868-57a2d4851a1d" relativeResultsDirectory="b43edbfe-7eac-4251-9831-c9dc5d0c8944" />
    <UnitTestResult executionId="21f7d804-65fb-4041-95c3-d14f094e0934" testId="931ed933-de82-365f-5037-e2d1c5c2f2a2" testName="PtzSessionControllerInfo_TimeChangedTest_Different_CameraId" computerName="DKSR-EFI-06" duration="00:00:00.0004020" startTime="2024-01-09T15:45:19.6075315+01:00" endTime="2024-01-09T15:45:19.6075315+01:00" testType="13cdc9d9-ddb5-4fa4-a97d-d965ccfc6d4b" outcome="Passed" testListId="8c84fa94-04c1-424b-9868-57a2d4851a1d" relativeResultsDirectory="21f7d804-65fb-4041-95c3-d14f094e0934" />
    <UnitTestResult executionId="3a695bed-cb58-4f3b-9db7-d2414eddf5b7" testId="131a26fa-18ee-ab45-1c25-e4348e5f16b7" testName="GetDuration_OneDay_Success" computerName="DKSR-EFI-06" duration="00:00:00.0001825" startTime="2024-01-09T15:46:43.7475856+01:00" endTime="2024-01-09T15:46:43.7475856+01:00" testType="13cdc9d9-ddb5-4fa4-a97d-d965ccfc6d4b" outcome="Passed" testListId="8c84fa94-04c1-424b-9868-57a2d4851a1d" relativeResultsDirectory="3a695bed-cb58-4f3b-9db7-d2414eddf5b7" />
    <UnitTestResult executionId="28a5b4d5-b5c4-495d-8bc8-20c41901943c" testId="79131a3d-642e-dea5-31f3-3e3bb8d72cf5" testName="ClearCommand_Invoke_ClearsText" computerName="DKSR-EFI-06" duration="00:00:00.0104820" startTime="2024-01-09T15:47:00.3296071+01:00" endTime="2024-01-09T15:47:00.3296071+01:00" testType="13cdc9d9-ddb5-4fa4-a97d-d965ccfc6d4b" outcome="Passed" testListId="8c84fa94-04c1-424b-9868-57a2d4851a1d" relativeResultsDirectory="28a5b4d5-b5c4-495d-8bc8-20c41901943c" />
    <UnitTestResult executionId="afc1e4ab-aa0c-4a54-bc9b-303fa2a91ef2" testId="eca2f5e0-8a90-6eb5-1db4-f1eb3f5fb4f4" testName="ActiveInteractionStateBinding_ShouldNotBeNull_WhenCtorIsCalled" computerName="DKSR-EFI-06" duration="00:00:00.0973539" startTime="2024-01-09T15:45:37.7794201+01:00" endTime="2024-01-09T15:45:37.8731707+01:00" testType="13cdc9d9-ddb5-4fa4-a97d-d965ccfc6d4b" outcome="Passed" testListId="8c84fa94-04c1-424b-9868-57a2d4851a1d" relativeResultsDirectory="afc1e4ab-aa0c-4a54-bc9b-303fa2a91ef2" />
    <UnitTestResult executionId="5f63cd84-a917-4df8-b6a2-406159f4af0c" testId="d7914310-2797-ff1f-ca17-4f5e247c4bf2" testName="AddToExportDevices_ShouldReturnCorrectResult (0,0,5)" computerName="DKSR-EFI-06" duration="00:00:00.0020436" startTime="2024-01-09T15:47:11.7231125+01:00" endTime="2024-01-09T15:47:11.7231125+01:00" testType="13cdc9d9-ddb5-4fa4-a97d-d965ccfc6d4b" outcome="Passed" testListId="8c84fa94-04c1-424b-9868-57a2d4851a1d" relativeResultsDirectory="5f63cd84-a917-4df8-b6a2-406159f4af0c" />
    <UnitTestResult executionId="b551fcdb-dd6e-483a-9b0d-d9c57de7d6f2" testId="1e269b48-31d1-e9d9-6456-feb927b5229e" testName="GetFeatures_NonCameraMapItemsLayer_ArgumentException" computerName="DKSR-EFI-06" duration="00:00:00.0433193" startTime="2024-01-09T15:47:03.5176182+01:00" endTime="2024-01-09T15:47:03.5645119+01:00" testType="13cdc9d9-ddb5-4fa4-a97d-d965ccfc6d4b" outcome="Passed" testListId="8c84fa94-04c1-424b-9868-57a2d4851a1d" relativeResultsDirectory="b551fcdb-dd6e-483a-9b0d-d9c57de7d6f2" />
    <UnitTestResult executionId="1f0932a4-33d2-48dc-9f69-b8254badd010" testId="272037c0-f590-39e8-9884-c04de913150c" testName="NavigateAndSelectAsync_NotCameraKind_ReturnsFalse" computerName="DKSR-EFI-06" duration="00:00:00.0173266" startTime="2024-01-09T15:45:39.7325429+01:00" endTime="2024-01-09T15:45:39.7481695+01:00" testType="13cdc9d9-ddb5-4fa4-a97d-d965ccfc6d4b" outcome="Passed" testListId="8c84fa94-04c1-424b-9868-57a2d4851a1d" relativeResultsDirectory="1f0932a4-33d2-48dc-9f69-b8254badd010" />
    <UnitTestResult executionId="7b46d8c1-34b1-498f-8a8f-78fbbcee675f" testId="9deaeb24-21b9-9f12-691a-fda61c229e90" testName="PatrollingStepListViewModel_CanExecuteMoveDown" computerName="DKSR-EFI-06" duration="00:00:00.0017919" startTime="2024-01-09T15:47:09.6601322+01:00" endTime="2024-01-09T15:47:09.6601322+01:00" testType="13cdc9d9-ddb5-4fa4-a97d-d965ccfc6d4b" outcome="Passed" testListId="8c84fa94-04c1-424b-9868-57a2d4851a1d" relativeResultsDirectory="7b46d8c1-34b1-498f-8a8f-78fbbcee675f" />
    <UnitTestResult executionId="a1a1658b-a87c-4428-ac17-70ca25ae7216" testId="f31307eb-7ac9-c75e-b886-051d44063f63" testName="SelectedSearchResultsChanged_InitiallyNotVisible_BecomesVisible" computerName="DKSR-EFI-06" duration="00:00:00.0109883" startTime="2024-01-09T15:46:34.9329380+01:00" endTime="2024-01-09T15:46:34.9485687+01:00" testType="13cdc9d9-ddb5-4fa4-a97d-d965ccfc6d4b" outcome="Passed" testListId="8c84fa94-04c1-424b-9868-57a2d4851a1d" relativeResultsDirectory="a1a1658b-a87c-4428-ac17-70ca25ae7216" />
    <UnitTestResult executionId="0a02f58a-420f-4dda-925d-7d13f5a7c554" testId="ce6e2ff3-4955-41da-37f3-e3853ebb6060" testName="When password 1 is invalid, password 2 is valid, even when different" computerName="DKSR-EFI-06" duration="00:00:00.0002194" startTime="2024-01-09T15:45:44.4829344+01:00" endTime="2024-01-09T15:45:44.4829344+01:00" testType="13cdc9d9-ddb5-4fa4-a97d-d965ccfc6d4b" outcome="Passed" testListId="8c84fa94-04c1-424b-9868-57a2d4851a1d" relativeResultsDirectory="0a02f58a-420f-4dda-925d-7d13f5a7c554" />
    <UnitTestResult executionId="47a8a58f-206e-4af2-828c-769fb1a8c34f" testId="935f9d23-02e5-8e42-a5d2-10f08e3ce4fe" testName="Ctor_NullCaption_ThrowsException" computerName="DKSR-EFI-06" duration="00:00:00.0024531" startTime="2024-01-09T15:47:11.0838470+01:00" endTime="2024-01-09T15:47:11.0838470+01:00" testType="13cdc9d9-ddb5-4fa4-a97d-d965ccfc6d4b" outcome="Passed" testListId="8c84fa94-04c1-424b-9868-57a2d4851a1d" relativeResultsDirectory="47a8a58f-206e-4af2-828c-769fb1a8c34f" />
    <UnitTestResult executionId="fc746332-6b9c-4d2f-a018-df60f0cbf5b4" testId="370610a6-40ac-68fd-6f42-3e5c99313cb3" testName="IsOAuth_ShouldReturnFalse_WhenConstructedUsingWindowsDefault" computerName="DKSR-EFI-06" duration="00:00:00.0003016" startTime="2024-01-09T15:45:20.2169059+01:00" endTime="2024-01-09T15:45:20.2169059+01:00" testType="13cdc9d9-ddb5-4fa4-a97d-d965ccfc6d4b" outcome="Passed" testListId="8c84fa94-04c1-424b-9868-57a2d4851a1d" relativeResultsDirectory="fc746332-6b9c-4d2f-a018-df60f0cbf5b4" />
    <UnitTestResult executionId="925b73bc-b9f1-4b26-8386-8cc6e439b21a" testId="5764435e-95eb-e757-9f1b-c59c8d326b1c" testName="BookmarkSearchTime_WithSearchStringInDifferentCases_ReturnCorrectBookmarkWithSearchStringInHeader (SeArChStRiNg,True,True,True,True,,,1)" computerName="DKSR-EFI-06" duration="00:00:00.0315827" startTime="2024-01-09T15:47:12.7545827+01:00" endTime="2024-01-09T15:47:12.7858462+01:00" testType="13cdc9d9-ddb5-4fa4-a97d-d965ccfc6d4b" outcome="Passed" testListId="8c84fa94-04c1-424b-9868-57a2d4851a1d" relativeResultsDirectory="925b73bc-b9f1-4b26-8386-8cc6e439b21a" />
    <UnitTestResult executionId="48293843-f5a7-425f-9c38-5a268257e529" testId="8ccd7a8f-ef67-0ae3-b153-d3f9ffe8fcc3" testName="SmartMapGoToAreaHandler_WhenDataIsValid_ShouldCallNavigateTo" computerName="DKSR-EFI-06" duration="00:00:00.0074466" startTime="2024-01-09T15:45:38.9825460+01:00" endTime="2024-01-09T15:45:38.9825460+01:00" testType="13cdc9d9-ddb5-4fa4-a97d-d965ccfc6d4b" outcome="Passed" testListId="8c84fa94-04c1-424b-9868-57a2d4851a1d" relativeResultsDirectory="48293843-f5a7-425f-9c38-5a268257e529" />
    <UnitTestResult executionId="394d136c-dd74-489a-868a-4104ccea4fc3" testId="4de4ebe7-83f6-7012-06a9-129e6a434184" testName="Password1 valid, Password 2 valid" computerName="DKSR-EFI-06" duration="00:00:00.0002336" startTime="2024-01-09T15:45:44.4360288+01:00" endTime="2024-01-09T15:45:44.4360288+01:00" testType="13cdc9d9-ddb5-4fa4-a97d-d965ccfc6d4b" outcome="Passed" testListId="8c84fa94-04c1-424b-9868-57a2d4851a1d" relativeResultsDirectory="394d136c-dd74-489a-868a-4104ccea4fc3" />
    <UnitTestResult executionId="58dcb23b-9fe3-45c5-b41a-17c9e4ae1d44" testId="048d6a52-6981-f00b-b420-3b6a2fb00ce8" testName="SetMapItemCluster_ShouldClearIcon_WhenSuperCluster" computerName="DKSR-EFI-06" duration="00:00:00.0674182" startTime="2024-01-09T15:45:37.5606730+01:00" endTime="2024-01-09T15:45:37.6231672+01:00" testType="13cdc9d9-ddb5-4fa4-a97d-d965ccfc6d4b" outcome="Passed" testListId="8c84fa94-04c1-424b-9868-57a2d4851a1d" relativeResultsDirectory="58dcb23b-9fe3-45c5-b41a-17c9e4ae1d44" />
    <UnitTestResult executionId="ab79700d-d7f6-4786-9fe3-fe6c0b9c4988" testId="c620d01b-a235-adbe-ef3b-c8f7cbb07bda" testName="AndOrSearchDefinitionToCornerRadiusMultiConverter_CallConvert_Or" computerName="DKSR-EFI-06" duration="00:00:00.0005869" startTime="2024-01-09T15:46:14.2242446+01:00" endTime="2024-01-09T15:46:14.2242446+01:00" testType="13cdc9d9-ddb5-4fa4-a97d-d965ccfc6d4b" outcome="Passed" testListId="8c84fa94-04c1-424b-9868-57a2d4851a1d" relativeResultsDirectory="ab79700d-d7f6-4786-9fe3-fe6c0b9c4988" />
    <UnitTestResult executionId="0b542508-d9ff-46eb-b0df-8471dc2105ac" testId="a3a279c4-f3f7-95fe-94ce-1de6e3205e7e" testName="ValueWithFallbackConverterTests_Convert_FirstValueNull_SecondValueNull_Failure" computerName="DKSR-EFI-06" duration="00:00:00.0002042" startTime="2024-01-09T15:46:14.4117743+01:00" endTime="2024-01-09T15:46:14.4117743+01:00" testType="13cdc9d9-ddb5-4fa4-a97d-d965ccfc6d4b" outcome="Passed" testListId="8c84fa94-04c1-424b-9868-57a2d4851a1d" relativeResultsDirectory="0b542508-d9ff-46eb-b0df-8471dc2105ac" />
    <UnitTestResult executionId="a9495b9d-c90e-4f7d-b868-0cc816ec4905" testId="5479df44-d54f-1884-c573-5213e20618b0" testName="MotionAreaInfosDto_ShouldYieldSameValues_WhenRoundTripConverted" computerName="DKSR-EFI-06" duration="00:00:00.0043737" startTime="2024-01-09T15:45:08.9981351+01:00" endTime="2024-01-09T15:45:09.0137571+01:00" testType="13cdc9d9-ddb5-4fa4-a97d-d965ccfc6d4b" outcome="Passed" testListId="8c84fa94-04c1-424b-9868-57a2d4851a1d" relativeResultsDirectory="a9495b9d-c90e-4f7d-b868-0cc816ec4905" />
    <UnitTestResult executionId="918e60dd-352e-4d46-b3b1-7f18aac37db6" testId="737570f7-4183-1643-93e9-5894a6ee837f" testName="ForceUpdate_CallsUpdateStrategyForceUpdate" computerName="DKSR-EFI-06" duration="00:00:00.0024349" startTime="2024-01-09T15:45:39.2637940+01:00" endTime="2024-01-09T15:45:39.2637940+01:00" testType="13cdc9d9-ddb5-4fa4-a97d-d965ccfc6d4b" outcome="Passed" testListId="8c84fa94-04c1-424b-9868-57a2d4851a1d" relativeResultsDirectory="918e60dd-352e-4d46-b3b1-7f18aac37db6" />
    <UnitTestResult executionId="207fb49a-b953-43aa-b3d2-769ee272e195" testId="8893b278-aa55-a685-d169-59d2e6a2a2db" testName="AssignPanTiltValue_WhenValueMax_ShouldReturnMaxValue" computerName="DKSR-EFI-06" duration="00:00:00.0002004" startTime="2024-01-09T15:45:21.4981610+01:00" endTime="2024-01-09T15:45:21.4981610+01:00" testType="13cdc9d9-ddb5-4fa4-a97d-d965ccfc6d4b" outcome="Passed" testListId="8c84fa94-04c1-424b-9868-57a2d4851a1d" relativeResultsDirectory="207fb49a-b953-43aa-b3d2-769ee272e195" />
    <UnitTestResult executionId="4b07e40f-9423-4100-b9a4-203c84c534e0" testId="5038381c-1ef8-8dbb-06ed-8a9f21662b0a" testName="Clear_EventFired" computerName="DKSR-EFI-06" duration="00:00:00.0097315" startTime="2024-01-09T15:46:45.1853356+01:00" endTime="2024-01-09T15:46:45.2009624+01:00" testType="13cdc9d9-ddb5-4fa4-a97d-d965ccfc6d4b" outcome="Passed" testListId="8c84fa94-04c1-424b-9868-57a2d4851a1d" relativeResultsDirectory="4b07e40f-9423-4100-b9a4-203c84c534e0" />
    <UnitTestResult executionId="da56e162-8567-49fe-8b4c-21bb0466c7bf" testId="2ea7f788-a228-7eb9-ef8c-629855bfb76d" testName="TestConstructor_WithNullParameter_Failure" computerName="DKSR-EFI-06" duration="00:00:00.0005682" startTime="2024-01-09T15:47:07.4720352+01:00" endTime="2024-01-09T15:47:07.4720352+01:00" testType="13cdc9d9-ddb5-4fa4-a97d-d965ccfc6d4b" outcome="Passed" testListId="8c84fa94-04c1-424b-9868-57a2d4851a1d" relativeResultsDirectory="da56e162-8567-49fe-8b4c-21bb0466c7bf" />
    <UnitTestResult executionId="dfbe36c2-8fa5-40e1-8fe1-a93aaf9b19a6" testId="5ed08d6e-1829-53d6-39c2-5824072e1015" testName="Convert_ShouldReturnFalse_WhenParameterIsNotEqualToValue" computerName="DKSR-EFI-06" duration="00:00:00.0002830" startTime="2024-01-09T15:45:26.9669160+01:00" endTime="2024-01-09T15:45:26.9669160+01:00" testType="13cdc9d9-ddb5-4fa4-a97d-d965ccfc6d4b" outcome="Passed" testListId="8c84fa94-04c1-424b-9868-57a2d4851a1d" relativeResultsDirectory="dfbe36c2-8fa5-40e1-8fe1-a93aaf9b19a6" />
    <UnitTestResult executionId="3f185bcf-d00c-42a1-9a19-07af4ac3f432" testId="8b769f83-03d1-54d2-bd91-c30ba7e579fb" testName="CreateGeometry_NullPointsCollection_ThrowsArgNullException" computerName="DKSR-EFI-06" duration="00:00:00.0005434" startTime="2024-01-09T15:47:08.7692756+01:00" endTime="2024-01-09T15:47:08.7692756+01:00" testType="13cdc9d9-ddb5-4fa4-a97d-d965ccfc6d4b" outcome="Passed" testListId="8c84fa94-04c1-424b-9868-57a2d4851a1d" relativeResultsDirectory="3f185bcf-d00c-42a1-9a19-07af4ac3f432" />
    <UnitTestResult executionId="c6a27f2f-ab07-430f-a49a-793113b047f8" testId="52b60312-f92a-489e-ac83-49b5962a1a66" testName="GetServerTiles_ShouldReturnCorrectServerTilesWithGroupTest" computerName="DKSR-EFI-06" duration="00:00:00.0042242" startTime="2024-01-09T15:47:13.6922637+01:00" endTime="2024-01-09T15:47:13.7078969+01:00" testType="13cdc9d9-ddb5-4fa4-a97d-d965ccfc6d4b" outcome="Passed" testListId="8c84fa94-04c1-424b-9868-57a2d4851a1d" relativeResultsDirectory="c6a27f2f-ab07-430f-a49a-793113b047f8" />
    <UnitTestResult executionId="dbbef338-a6f7-49c1-8cd1-28632f16cb76" testId="9ef40f5e-38f9-a518-38bf-9ae97100aebe" testName="PatrollingStepListViewModel_DeleteStepCommand" computerName="DKSR-EFI-06" duration="00:00:00.0019372" startTime="2024-01-09T15:47:09.6288770+01:00" endTime="2024-01-09T15:47:09.6288770+01:00" testType="13cdc9d9-ddb5-4fa4-a97d-d965ccfc6d4b" outcome="Passed" testListId="8c84fa94-04c1-424b-9868-57a2d4851a1d" relativeResultsDirectory="dbbef338-a6f7-49c1-8cd1-28632f16cb76" />
    <UnitTestResult executionId="81f6f268-eea6-4f92-8d43-4d91044fd3f5" testId="cdb294e5-a11e-c1b8-28c0-e318e116348c" testName="Narrowing_Is_Disabled_When_Update_Rights_Missing" computerName="DKSR-EFI-06" duration="00:00:00.0037598" startTime="2024-01-09T15:47:18.5993350+01:00" endTime="2024-01-09T15:47:18.5993350+01:00" testType="13cdc9d9-ddb5-4fa4-a97d-d965ccfc6d4b" outcome="Passed" testListId="8c84fa94-04c1-424b-9868-57a2d4851a1d" relativeResultsDirectory="81f6f268-eea6-4f92-8d43-4d91044fd3f5" />
    <UnitTestResult executionId="34894f6f-87fe-4bea-a997-20889db5313c" testId="157aad73-8765-1a18-20a7-9dff1712428b" testName="HandlePermissionDeniedResults_ShouldShowMessageAndToast (5,1)" computerName="DKSR-EFI-06" duration="00:00:00.0036151" startTime="2024-01-09T15:47:11.9419107+01:00" endTime="2024-01-09T15:47:11.9419107+01:00" testType="13cdc9d9-ddb5-4fa4-a97d-d965ccfc6d4b" outcome="Passed" testListId="8c84fa94-04c1-424b-9868-57a2d4851a1d" relativeResultsDirectory="34894f6f-87fe-4bea-a997-20889db5313c" />
    <UnitTestResult executionId="7ec30eb1-6a1f-46c2-ad46-90652a74cdeb" testId="3dd075ba-7c20-36ac-fd3e-ad2d99db0844" testName="TestSelectedWorkroom_GetSelectedWorkroomWithNoWorkroomsInCollection_FailWithInvalidOperationException" computerName="DKSR-EFI-06" duration="00:00:00.0039378" startTime="2024-01-09T15:45:19.0762806+01:00" endTime="2024-01-09T15:45:19.0919067+01:00" testType="13cdc9d9-ddb5-4fa4-a97d-d965ccfc6d4b" outcome="Passed" testListId="8c84fa94-04c1-424b-9868-57a2d4851a1d" relativeResultsDirectory="7ec30eb1-6a1f-46c2-ad46-90652a74cdeb" />
    <UnitTestResult executionId="1f7d46ec-56ef-4404-abbf-615ba6d3828d" testId="4ac98c6c-183a-9821-4f8c-c314ab12e456" testName="Clear_ShouldClearIncludedViewItemsForSelectedView" computerName="DKSR-EFI-06" duration="00:00:00.0066966" startTime="2024-01-09T15:45:19.6544097+01:00" endTime="2024-01-09T15:45:19.6544097+01:00" testType="13cdc9d9-ddb5-4fa4-a97d-d965ccfc6d4b" outcome="Passed" testListId="8c84fa94-04c1-424b-9868-57a2d4851a1d" relativeResultsDirectory="1f7d46ec-56ef-4404-abbf-615ba6d3828d" />
    <UnitTestResult executionId="bc93464f-ccfc-4715-a660-bafb9895a011" testId="7cda1263-ac69-512e-7ac9-aa77b99959cd" testName="GetResultGroups_ShouldReturnOnlyCombinedGroup_WhenAllResultsAreCombined" computerName="DKSR-EFI-06" duration="00:00:00.0038250" startTime="2024-01-09T15:46:35.9176151+01:00" endTime="2024-01-09T15:46:35.9332464+01:00" testType="13cdc9d9-ddb5-4fa4-a97d-d965ccfc6d4b" outcome="Passed" testListId="8c84fa94-04c1-424b-9868-57a2d4851a1d" relativeResultsDirectory="bc93464f-ccfc-4715-a660-bafb9895a011" />
    <UnitTestResult executionId="5ec9e36c-f61e-4da2-ad83-2496742120da" testId="bd651570-26ef-748e-338b-ea4a28651cdb" testName="UpdateSearchTemplateAsync_Null_Failure" computerName="DKSR-EFI-06" duration="00:00:00.0034741" startTime="2024-01-09T15:46:44.2007903+01:00" endTime="2024-01-09T15:46:44.2007903+01:00" testType="13cdc9d9-ddb5-4fa4-a97d-d965ccfc6d4b" outcome="Passed" testListId="8c84fa94-04c1-424b-9868-57a2d4851a1d" relativeResultsDirectory="5ec9e36c-f61e-4da2-ad83-2496742120da" />
    <UnitTestResult executionId="8965d00b-a8f8-40c7-8d11-5ef5aa21b483" testId="a7a0d721-aaa5-74c0-69b6-e91fcbb08804" testName="Layout_Many_Success" computerName="DKSR-EFI-06" duration="00:00:02.1629177" startTime="2024-01-09T15:46:31.9006287+01:00" endTime="2024-01-09T15:46:34.0732785+01:00" testType="13cdc9d9-ddb5-4fa4-a97d-d965ccfc6d4b" outcome="Passed" testListId="8c84fa94-04c1-424b-9868-57a2d4851a1d" relativeResultsDirectory="8965d00b-a8f8-40c7-8d11-5ef5aa21b483" />
    <UnitTestResult executionId="a7fa4826-1a53-47ce-be7f-414f7b6cb7fd" testId="354575f3-258a-a333-c17e-93eec2bc0cc7" testName="When password 1 is invalid, password 2 is valid" computerName="DKSR-EFI-06" duration="00:00:00.0002337" startTime="2024-01-09T15:45:44.4672891+01:00" endTime="2024-01-09T15:45:44.4672891+01:00" testType="13cdc9d9-ddb5-4fa4-a97d-d965ccfc6d4b" outcome="Passed" testListId="8c84fa94-04c1-424b-9868-57a2d4851a1d" relativeResultsDirectory="a7fa4826-1a53-47ce-be7f-414f7b6cb7fd" />
    <UnitTestResult executionId="1622ae50-2522-403c-b9a2-3896e2cf283a" testId="19f414fb-e29e-e53a-f5c0-dddd8004a79d" testName="ObjectToEnabledConverter_Convert_Success" computerName="DKSR-EFI-06" duration="00:00:00.0005081" startTime="2024-01-09T15:47:09.7226477+01:00" endTime="2024-01-09T15:47:09.7226477+01:00" testType="13cdc9d9-ddb5-4fa4-a97d-d965ccfc6d4b" outcome="Passed" testListId="8c84fa94-04c1-424b-9868-57a2d4851a1d" relativeResultsDirectory="1622ae50-2522-403c-b9a2-3896e2cf283a" />
    <UnitTestResult executionId="190a05bf-8e19-4480-b63b-caf97cb78398" testId="92da1333-fabd-2900-5a70-ee9fd98edfc4" testName="DeviceIcons_ShouldNotBeEmpty_WhenCalled" computerName="DKSR-EFI-06" duration="00:00:00.0002438" startTime="2024-01-09T15:47:04.4242000+01:00" endTime="2024-01-09T15:47:04.4242000+01:00" testType="13cdc9d9-ddb5-4fa4-a97d-d965ccfc6d4b" outcome="Passed" testListId="8c84fa94-04c1-424b-9868-57a2d4851a1d" relativeResultsDirectory="190a05bf-8e19-4480-b63b-caf97cb78398" />
    <UnitTestResult executionId="7e5e5888-5a2a-43c2-81e1-c48eb90b2101" testId="a1232aab-9143-95b0-ed05-58af3d018f0d" testName="ToDenormalizedFieldOfView_1_0" computerName="DKSR-EFI-06" duration="00:00:00.0000996" startTime="2024-01-09T15:47:01.2203729+01:00" endTime="2024-01-09T15:47:01.2203729+01:00" testType="13cdc9d9-ddb5-4fa4-a97d-d965ccfc6d4b" outcome="Passed" testListId="8c84fa94-04c1-424b-9868-57a2d4851a1d" relativeResultsDirectory="7e5e5888-5a2a-43c2-81e1-c48eb90b2101" />
    <UnitTestResult executionId="a32ef7f2-4aca-4a33-bc30-5f635906e72c" testId="ed7bec68-0198-a68e-a9fa-29c0dcede6d8" testName="Tooltip_ShouldShowMicrophoneName_OnSetupMode" computerName="DKSR-EFI-06" duration="00:00:00.0701647" startTime="2024-01-09T15:45:36.9200474+01:00" endTime="2024-01-09T15:45:36.9825454+01:00" testType="13cdc9d9-ddb5-4fa4-a97d-d965ccfc6d4b" outcome="Passed" testListId="8c84fa94-04c1-424b-9868-57a2d4851a1d" relativeResultsDirectory="a32ef7f2-4aca-4a33-bc30-5f635906e72c" />
    <UnitTestResult executionId="bd3847fe-8d97-4231-a181-e83ad2c207c6" testId="7bbe3c7b-c7f6-b4cd-97f0-8c1f6db6c80e" testName="UpdateHomeLocationInModel_Updated_Succes" computerName="DKSR-EFI-06" duration="00:00:00.2412466" startTime="2024-01-09T15:45:24.7481632+01:00" endTime="2024-01-09T15:45:24.9981656+01:00" testType="13cdc9d9-ddb5-4fa4-a97d-d965ccfc6d4b" outcome="Passed" testListId="8c84fa94-04c1-424b-9868-57a2d4851a1d" relativeResultsDirectory="bd3847fe-8d97-4231-a181-e83ad2c207c6" />
    <UnitTestResult executionId="f18c7a89-e8d2-4853-aa00-ee4e8ae09cd4" testId="4daaf6d7-7b46-8260-2000-7f96a4364f19" testName="GetWorkspaceToolbarItems_ShouldReturnLiveToolbarItemEnabledPlaybackToolbarItemDisabled_WhenWorkspaceIsLive" computerName="DKSR-EFI-06" duration="00:00:00.0025673" startTime="2024-01-09T15:47:10.3321628+01:00" endTime="2024-01-09T15:47:10.3321628+01:00" testType="13cdc9d9-ddb5-4fa4-a97d-d965ccfc6d4b" outcome="Passed" testListId="8c84fa94-04c1-424b-9868-57a2d4851a1d" relativeResultsDirectory="f18c7a89-e8d2-4853-aa00-ee4e8ae09cd4" />
    <UnitTestResult executionId="cfb88edf-643c-4d68-b787-fc4428bdc68d" testId="4fb20969-8818-625a-fe73-6165a97fd7c8" testName="SetIncludePartialResults_ShouldRespectResultsToReselect_WhenResultsToReselectIsNotEmpty" computerName="DKSR-EFI-06" duration="00:00:00.0026133" startTime="2024-01-09T15:46:45.2478370+01:00" endTime="2024-01-09T15:46:45.2634645+01:00" testType="13cdc9d9-ddb5-4fa4-a97d-d965ccfc6d4b" outcome="Passed" testListId="8c84fa94-04c1-424b-9868-57a2d4851a1d" relativeResultsDirectory="cfb88edf-643c-4d68-b787-fc4428bdc68d" />
    <UnitTestResult executionId="e764acb5-0523-4131-b80e-214532ea45fc" testId="550475a3-cdd8-1a4c-8164-53657594f4b5" testName="RemoveWorkroom_ShouldThrowException_WhenWorkroomToRemoveIsNull" computerName="DKSR-EFI-06" duration="00:00:00.0079605" startTime="2024-01-09T15:47:17.2553942+01:00" endTime="2024-01-09T15:47:17.2710224+01:00" testType="13cdc9d9-ddb5-4fa4-a97d-d965ccfc6d4b" outcome="Passed" testListId="8c84fa94-04c1-424b-9868-57a2d4851a1d" relativeResultsDirectory="e764acb5-0523-4131-b80e-214532ea45fc" />
    <UnitTestResult executionId="ea13f5fe-543d-4b92-94e2-6b91666c51bd" testId="c3476bd9-ab82-3913-af01-2849b9aa1d17" testName="Decorate_ShouldAttachWindowMouseDownEvent_WhenDecorateIsCalled" computerName="DKSR-EFI-06" duration="00:00:00.0061759" startTime="2024-01-09T15:45:26.7794163+01:00" endTime="2024-01-09T15:45:26.7794163+01:00" testType="13cdc9d9-ddb5-4fa4-a97d-d965ccfc6d4b" outcome="Passed" testListId="8c84fa94-04c1-424b-9868-57a2d4851a1d" relativeResultsDirectory="ea13f5fe-543d-4b92-94e2-6b91666c51bd" />
    <UnitTestResult executionId="b2021410-cebf-4640-bc4c-6953072bf8bf" testId="8a8e4fe8-cc44-1592-1359-5f4e8b98044b" testName="TestCreateWorkroom_Single_Success" computerName="DKSR-EFI-06" duration="00:00:00.0137580" startTime="2024-01-09T15:45:17.2325252+01:00" endTime="2024-01-09T15:45:17.2481516+01:00" testType="13cdc9d9-ddb5-4fa4-a97d-d965ccfc6d4b" outcome="Passed" testListId="8c84fa94-04c1-424b-9868-57a2d4851a1d" relativeResultsDirectory="b2021410-cebf-4640-bc4c-6953072bf8bf" />
    <UnitTestResult executionId="26ce4a54-1f5a-4822-816c-3d9dafd85c60" testId="1757e59b-40da-bd94-15dd-39f1d4194c31" testName="UpdateSearchFilter_SingleFilterWithValues_Added" computerName="DKSR-EFI-06" duration="00:00:00.0025286" startTime="2024-01-09T15:46:34.4640402+01:00" endTime="2024-01-09T15:46:34.4640402+01:00" testType="13cdc9d9-ddb5-4fa4-a97d-d965ccfc6d4b" outcome="Passed" testListId="8c84fa94-04c1-424b-9868-57a2d4851a1d" relativeResultsDirectory="26ce4a54-1f5a-4822-816c-3d9dafd85c60" />
    <UnitTestResult executionId="099fb6e7-5a21-4fc3-8139-cd98bf3467ca" testId="2fb66288-907e-6f79-7496-8522636043b2" testName="HandleGetDeviceData_ShouldReturnNotFoundDeviceData_WhenNotSupportedKind" computerName="DKSR-EFI-06" duration="00:00:00.0861611" startTime="2024-01-09T15:45:41.5606693+01:00" endTime="2024-01-09T15:45:41.6387934+01:00" testType="13cdc9d9-ddb5-4fa4-a97d-d965ccfc6d4b" outcome="Passed" testListId="8c84fa94-04c1-424b-9868-57a2d4851a1d" relativeResultsDirectory="099fb6e7-5a21-4fc3-8139-cd98bf3467ca" />
    <UnitTestResult executionId="40f9097d-d268-428f-81fa-b034038f0f52" testId="b15c0dd5-d448-b8b2-12b9-2297f983e50d" testName="SearchResultsActionBarActions_CreateEvidenceLock_OptionUnavailable_NotEnabled" computerName="DKSR-EFI-06" duration="00:00:00.0101399" startTime="2024-01-09T15:46:35.6987965+01:00" endTime="2024-01-09T15:46:35.7144278+01:00" testType="13cdc9d9-ddb5-4fa4-a97d-d965ccfc6d4b" outcome="Passed" testListId="8c84fa94-04c1-424b-9868-57a2d4851a1d" relativeResultsDirectory="40f9097d-d268-428f-81fa-b034038f0f52" />
    <UnitTestResult executionId="f9dc80b3-15a8-4e37-8c66-77c44bb558e8" testId="23557db4-cf2f-5c4a-81e2-b54970cb5a80" testName="LoadMapAsyncWithBuildings_Success" computerName="DKSR-EFI-06" duration="00:00:00.0566285" startTime="2024-01-09T15:47:03.6114022+01:00" endTime="2024-01-09T15:47:03.6583050+01:00" testType="13cdc9d9-ddb5-4fa4-a97d-d965ccfc6d4b" outcome="Passed" testListId="8c84fa94-04c1-424b-9868-57a2d4851a1d" relativeResultsDirectory="f9dc80b3-15a8-4e37-8c66-77c44bb558e8" />
    <UnitTestResult executionId="b10441ef-23fb-47c0-8576-69848bae7ff2" testId="e998f77e-77b2-7e10-d8db-3813eb8031aa" testName="GetClusters_ThreeInitialItems_ClustersForInitialItems (Data Row 15)" computerName="DKSR-EFI-06" duration="00:00:00.0098117" startTime="2024-01-09T15:47:08.8161554+01:00" endTime="2024-01-09T15:47:09.0037088+01:00" testType="13cdc9d9-ddb5-4fa4-a97d-d965ccfc6d4b" outcome="Passed" testListId="8c84fa94-04c1-424b-9868-57a2d4851a1d" relativeResultsDirectory="b10441ef-23fb-47c0-8576-69848bae7ff2" />
    <UnitTestResult executionId="41e46a73-8b3d-456d-b396-a277ee2e6720" testId="ae62f6d0-4efb-1563-b9f4-62dadf9c392c" testName="PopulateTooltip_ManyResultsFromSingleCamera24Hours_ValidText" computerName="DKSR-EFI-06" duration="00:00:00.1898327" startTime="2024-01-09T15:46:28.0404904+01:00" endTime="2024-01-09T15:46:28.2280288+01:00" testType="13cdc9d9-ddb5-4fa4-a97d-d965ccfc6d4b" outcome="Passed" testListId="8c84fa94-04c1-424b-9868-57a2d4851a1d" relativeResultsDirectory="41e46a73-8b3d-456d-b396-a277ee2e6720" />
    <UnitTestResult executionId="d0c2dafd-84d8-4971-bd15-57d1e2b57ed3" testId="ed1eba09-8472-7b1b-0969-bd05029178c2" testName="ResolveSearchDefinitions_ShouldReturnResultSearchDefinition_WhenSingleSearchResultAndNullSearchDefinitionsAreGiven" computerName="DKSR-EFI-06" duration="00:00:00.0020510" startTime="2024-01-09T15:46:43.9038595+01:00" endTime="2024-01-09T15:46:43.9038595+01:00" testType="13cdc9d9-ddb5-4fa4-a97d-d965ccfc6d4b" outcome="Passed" testListId="8c84fa94-04c1-424b-9868-57a2d4851a1d" relativeResultsDirectory="d0c2dafd-84d8-4971-bd15-57d1e2b57ed3" />
    <UnitTestResult executionId="7b6ac934-9ff4-464d-a22c-6e375fcb672a" testId="f7312006-b3af-0869-4d9b-ec9b8e868889" testName="Ctor_NullArgument_Throws" computerName="DKSR-EFI-06" duration="00:00:00.0025906" startTime="2024-01-09T15:46:34.4327734+01:00" endTime="2024-01-09T15:46:34.4327734+01:00" testType="13cdc9d9-ddb5-4fa4-a97d-d965ccfc6d4b" outcome="Passed" testListId="8c84fa94-04c1-424b-9868-57a2d4851a1d" relativeResultsDirectory="7b6ac934-9ff4-464d-a22c-6e375fcb672a" />
    <UnitTestResult executionId="4c7765ce-e0d9-4ac2-ae4a-21ff5d0e6166" testId="785adfea-b9ff-19b0-fdb3-0e5d5ad68924" testName="TryGetEventServerIdByACSystemId_ShouldReturnAnEmptyGuid_WhenEventServerIdIsNotPartOfServerConfiguredAccessControlSystemsDictionary" computerName="DKSR-EFI-06" duration="00:00:00.0005885" startTime="2024-01-09T15:47:18.7243536+01:00" endTime="2024-01-09T15:47:18.7399784+01:00" testType="13cdc9d9-ddb5-4fa4-a97d-d965ccfc6d4b" outcome="Passed" testListId="8c84fa94-04c1-424b-9868-57a2d4851a1d" relativeResultsDirectory="4c7765ce-e0d9-4ac2-ae4a-21ff5d0e6166" />
    <UnitTestResult executionId="daaca1ff-f786-4c67-8c8f-fd28482acb07" testId="a66072e2-b1f7-196d-b793-cd24ef5c3a36" testName="BookmarkSearchTime_WithSearchStringInDifferentCases_ReturnCorrectBookmarkWithSearchStringInDescription (SeArChStRiNg,True,False,False,False,,,0)" computerName="DKSR-EFI-06" duration="00:00:00.0074955" startTime="2024-01-09T15:47:13.0046283+01:00" endTime="2024-01-09T15:47:13.0046283+01:00" testType="13cdc9d9-ddb5-4fa4-a97d-d965ccfc6d4b" outcome="Passed" testListId="8c84fa94-04c1-424b-9868-57a2d4851a1d" relativeResultsDirectory="daaca1ff-f786-4c67-8c8f-fd28482acb07" />
    <UnitTestResult executionId="f3662e0e-38c2-4815-9522-7acb1bb63733" testId="017cc019-8cef-3e6e-38b3-9860b15006c5" testName="ValidateExportName_ShouldReturnFailResult_ExportNameRequired" computerName="DKSR-EFI-06" duration="00:00:00.2510440" startTime="2024-01-09T15:45:43.6545211+01:00" endTime="2024-01-09T15:45:43.9202355+01:00" testType="13cdc9d9-ddb5-4fa4-a97d-d965ccfc6d4b" outcome="Passed" testListId="8c84fa94-04c1-424b-9868-57a2d4851a1d" relativeResultsDirectory="f3662e0e-38c2-4815-9522-7acb1bb63733" />
    <UnitTestResult executionId="74f4d0de-b087-4121-8eda-10b0b31f7afd" testId="e5b3b709-ebd8-5410-dfc8-207021a3b5a1" testName="GetDuration_OneDayAndTwoHours_Success" computerName="DKSR-EFI-06" duration="00:00:00.0003648" startTime="2024-01-09T15:46:43.7475856+01:00" endTime="2024-01-09T15:46:43.7475856+01:00" testType="13cdc9d9-ddb5-4fa4-a97d-d965ccfc6d4b" outcome="Passed" testListId="8c84fa94-04c1-424b-9868-57a2d4851a1d" relativeResultsDirectory="74f4d0de-b087-4121-8eda-10b0b31f7afd" />
    <UnitTestResult executionId="889a8f0e-4e47-4dc4-b1a8-bda5e655bbd1" testId="535a6c4c-9d95-551a-92bd-bde3b28a38d2" testName="RemoveSelectedCameraCommand_NoCameraSelected_NoChange" computerName="DKSR-EFI-06" duration="00:00:00.0088278" startTime="2024-01-09T15:46:37.7306331+01:00" endTime="2024-01-09T15:46:37.7306331+01:00" testType="13cdc9d9-ddb5-4fa4-a97d-d965ccfc6d4b" outcome="Passed" testListId="8c84fa94-04c1-424b-9868-57a2d4851a1d" relativeResultsDirectory="889a8f0e-4e47-4dc4-b1a8-bda5e655bbd1" />
    <UnitTestResult executionId="46ae8cce-ef60-4ff0-a6bc-47570d9bbfa8" testId="50ac9240-7e70-f521-a930-8425f2e1e8c4" testName="ZoomIn_MapNotSet_DoesNotCrash" computerName="DKSR-EFI-06" duration="00:00:00.0004725" startTime="2024-01-09T15:45:31.1075435+01:00" endTime="2024-01-09T15:45:31.1075435+01:00" testType="13cdc9d9-ddb5-4fa4-a97d-d965ccfc6d4b" outcome="Passed" testListId="8c84fa94-04c1-424b-9868-57a2d4851a1d" relativeResultsDirectory="46ae8cce-ef60-4ff0-a6bc-47570d9bbfa8" />
    <UnitTestResult executionId="e9e3e8aa-5027-4da8-a2f6-43287bd8cedb" testId="5abecf11-14e8-1dec-27ca-77abbda42776" testName="ValidateExportName_ShouldReturnFailResult_InvalidCharactersInExportName (1213*)" computerName="DKSR-EFI-06" duration="00:00:00.0048190" startTime="2024-01-09T15:45:43.9514944+01:00" endTime="2024-01-09T15:45:43.9671266+01:00" testType="13cdc9d9-ddb5-4fa4-a97d-d965ccfc6d4b" outcome="Passed" testListId="8c84fa94-04c1-424b-9868-57a2d4851a1d" relativeResultsDirectory="e9e3e8aa-5027-4da8-a2f6-43287bd8cedb" />
    <UnitTestResult executionId="25d81e63-8ca6-4a62-806d-670236e72c2f" testId="197e6921-40ea-6a05-42eb-bd7a939f37cd" testName="IsProductionEnvironment_ShouldReturnCorrectValue (somethingRandom,False)" computerName="DKSR-EFI-06" duration="00:00:00.0000063" startTime="2024-01-09T15:47:17.6304474+01:00" endTime="2024-01-09T15:47:17.6304474+01:00" testType="13cdc9d9-ddb5-4fa4-a97d-d965ccfc6d4b" outcome="Passed" testListId="8c84fa94-04c1-424b-9868-57a2d4851a1d" relativeResultsDirectory="25d81e63-8ca6-4a62-806d-670236e72c2f" />
    <UnitTestResult executionId="508335ec-82de-4d95-ba1c-c816ca163e91" testId="a9befe17-1a37-48c6-1312-217259747307" testName="AddToExportDevices_ShouldReturnCorrectResult (5,5,0)" computerName="DKSR-EFI-06" duration="00:00:00.0029105" startTime="2024-01-09T15:47:11.7387334+01:00" endTime="2024-01-09T15:47:11.7387334+01:00" testType="13cdc9d9-ddb5-4fa4-a97d-d965ccfc6d4b" outcome="Passed" testListId="8c84fa94-04c1-424b-9868-57a2d4851a1d" relativeResultsDirectory="508335ec-82de-4d95-ba1c-c816ca163e91" />
    <UnitTestResult executionId="57b31c1f-a6cc-4678-8ba0-45d099ad2da8" testId="e976302a-a37c-8679-9199-ce1bff08e845" testName="AddSelectedWindowsToExport_ShouldShowCorrectToastMessages (0,1,0)" computerName="DKSR-EFI-06" duration="00:00:00.0021154" startTime="2024-01-09T15:47:11.7856209+01:00" endTime="2024-01-09T15:47:11.7856209+01:00" testType="13cdc9d9-ddb5-4fa4-a97d-d965ccfc6d4b" outcome="Passed" testListId="8c84fa94-04c1-424b-9868-57a2d4851a1d" relativeResultsDirectory="57b31c1f-a6cc-4678-8ba0-45d099ad2da8" />
    <UnitTestResult executionId="2c3eec67-9b77-4bd3-b093-56ad61020763" testId="6ec299cf-433f-6019-4dfb-ce39d2dfd94a" testName="CreateDefinition_ModifyOneDefinition_DelayedSearchStartedForAllDefinitions" computerName="DKSR-EFI-06" duration="00:00:00.0088462" startTime="2024-01-09T15:46:44.7946376+01:00" endTime="2024-01-09T15:46:44.7946376+01:00" testType="13cdc9d9-ddb5-4fa4-a97d-d965ccfc6d4b" outcome="Passed" testListId="8c84fa94-04c1-424b-9868-57a2d4851a1d" relativeResultsDirectory="2c3eec67-9b77-4bd3-b093-56ad61020763" />
    <UnitTestResult executionId="a8ea583a-90e1-46b9-91a0-793241fd64d8" testId="ee5f0f9a-0e04-d5a2-b25f-f40f3b08b3de" testName="ToDenormalizedDirection_0_0" computerName="DKSR-EFI-06" duration="00:00:00.0001133" startTime="2024-01-09T15:47:01.1891207+01:00" endTime="2024-01-09T15:47:01.2047375+01:00" testType="13cdc9d9-ddb5-4fa4-a97d-d965ccfc6d4b" outcome="Passed" testListId="8c84fa94-04c1-424b-9868-57a2d4851a1d" relativeResultsDirectory="a8ea583a-90e1-46b9-91a0-793241fd64d8" />
    <UnitTestResult executionId="3a566c7b-f012-4c1f-bec2-d9cc7baf7e4a" testId="52d5db23-51cb-3736-9800-a010b174438e" testName="InputMapItem_Delete_Failure_PositionRevertsToGisPoint" computerName="DKSR-EFI-06" duration="00:00:00.0129890" startTime="2024-01-09T15:47:06.1904024+01:00" endTime="2024-01-09T15:47:06.2060297+01:00" testType="13cdc9d9-ddb5-4fa4-a97d-d965ccfc6d4b" outcome="Passed" testListId="8c84fa94-04c1-424b-9868-57a2d4851a1d" relativeResultsDirectory="3a566c7b-f012-4c1f-bec2-d9cc7baf7e4a" />
    <UnitTestResult executionId="396bd578-0276-4983-80dc-a77d63b80af5" testId="284b6dde-d469-e7b6-918d-53acf8f9cd77" testName="IconResourceKey_ShouldBeValid_WhenInteractionStateIsAddOutput" computerName="DKSR-EFI-06" duration="00:00:00.0003557" startTime="2024-01-09T15:45:31.0450433+01:00" endTime="2024-01-09T15:45:31.0450433+01:00" testType="13cdc9d9-ddb5-4fa4-a97d-d965ccfc6d4b" outcome="Passed" testListId="8c84fa94-04c1-424b-9868-57a2d4851a1d" relativeResultsDirectory="396bd578-0276-4983-80dc-a77d63b80af5" />
    <UnitTestResult executionId="8c818fbb-2b44-40d8-a8a2-a3f9fa164549" testId="26cac981-fbd9-d7dc-6bf9-6e552986f888" testName="Password too short" computerName="DKSR-EFI-06" duration="00:00:00.0005303" startTime="2024-01-09T15:45:44.4516579+01:00" endTime="2024-01-09T15:45:44.4516579+01:00" testType="13cdc9d9-ddb5-4fa4-a97d-d965ccfc6d4b" outcome="Passed" testListId="8c84fa94-04c1-424b-9868-57a2d4851a1d" relativeResultsDirectory="8c818fbb-2b44-40d8-a8a2-a3f9fa164549" />
    <UnitTestResult executionId="1403daf4-06c6-42ab-80eb-d6eada073dfc" testId="a2c49861-8cfa-cfb9-a354-4ffbac34fc0c" testName="Connect_WhenMajorServerVersionIsBelow13_ShouldCreateOldSchClient" computerName="DKSR-EFI-06" duration="00:00:00.0873150" startTime="2024-01-09T15:45:09.6700094+01:00" endTime="2024-01-09T15:45:09.7481327+01:00" testType="13cdc9d9-ddb5-4fa4-a97d-d965ccfc6d4b" outcome="Passed" testListId="8c84fa94-04c1-424b-9868-57a2d4851a1d" relativeResultsDirectory="1403daf4-06c6-42ab-80eb-d6eada073dfc" />
    <UnitTestResult executionId="357aebe3-e6e2-45da-a4b0-d0491ec7c4ed" testId="c91a6029-2d3a-0f60-dab5-db888083c7c3" testName="State_ShouldUpdateMicrophoneIconImage_WhenSetToUnMute" computerName="DKSR-EFI-06" duration="00:00:00.0119867" startTime="2024-01-09T15:47:05.9559516+01:00" endTime="2024-01-09T15:47:05.9715856+01:00" testType="13cdc9d9-ddb5-4fa4-a97d-d965ccfc6d4b" outcome="Passed" testListId="8c84fa94-04c1-424b-9868-57a2d4851a1d" relativeResultsDirectory="357aebe3-e6e2-45da-a4b0-d0491ec7c4ed" />
    <UnitTestResult executionId="3519d467-d14b-4ed5-9d3c-61ee50d5b634" testId="103905f4-9b3f-baa3-099f-93a0f91d8394" testName="SetFeatures_CameraMapItemsLayer_Success" computerName="DKSR-EFI-06" duration="00:00:00.0465232" startTime="2024-01-09T15:47:03.4707278+01:00" endTime="2024-01-09T15:47:03.5176182+01:00" testType="13cdc9d9-ddb5-4fa4-a97d-d965ccfc6d4b" outcome="Passed" testListId="8c84fa94-04c1-424b-9868-57a2d4851a1d" relativeResultsDirectory="3519d467-d14b-4ed5-9d3c-61ee50d5b634" />
    <UnitTestResult executionId="99a9db16-0f9f-4b5c-9f3d-b6d596d6ceeb" testId="32ed77af-24ae-94bc-03f8-4122e838d29f" testName="LeftButtonUpEvent_ShouldHidePreviewOfCameras_WhenInteractionStateIsAddNewDeviceState" computerName="DKSR-EFI-06" duration="00:00:00.0393164" startTime="2024-01-09T15:45:31.4356692+01:00" endTime="2024-01-09T15:45:31.4825431+01:00" testType="13cdc9d9-ddb5-4fa4-a97d-d965ccfc6d4b" outcome="Passed" testListId="8c84fa94-04c1-424b-9868-57a2d4851a1d" relativeResultsDirectory="99a9db16-0f9f-4b5c-9f3d-b6d596d6ceeb">
      <Output>
        <StdOut>Debug Trace:&#xD;
 &gt;&gt;&gt; IsAddNewDeviceState: MapPoint: (long, lat, alt): 0, 0, 0, ScreenPoint: 0,0, scale: 0, extent: GisRectangle isEmpty:True ul[(long, lat, alt): 0, 0, 0]:lr[(long, lat, alt): 0, 0, 0], extentInMeters:</StdOut>
      </Output>
    </UnitTestResult>
    <UnitTestResult executionId="df6baeb2-3a9d-44b1-af59-7903a1460a48" testId="1a438984-8e5e-2cb0-c251-969595afcd3b" testName="ScrollIntoView_Async_DefinitionViewAboveOutOfViewPort_Scrolled" computerName="DKSR-EFI-06" duration="00:00:00.0834036" startTime="2024-01-09T15:45:46.0615255+01:00" endTime="2024-01-09T15:45:46.1396701+01:00" testType="13cdc9d9-ddb5-4fa4-a97d-d965ccfc6d4b" outcome="Passed" testListId="8c84fa94-04c1-424b-9868-57a2d4851a1d" relativeResultsDirectory="df6baeb2-3a9d-44b1-af59-7903a1460a48" />
    <UnitTestResult executionId="0a6a4f3b-e943-4d68-aa2e-d88696a1fa16" testId="63624589-6e81-4374-c68c-608870ab2423" testName="CreateSearchTemplateAsync_ThrowPathNotFoundMIPException_Success" computerName="DKSR-EFI-06" duration="00:00:00.0025880" startTime="2024-01-09T15:46:44.1382728+01:00" endTime="2024-01-09T15:46:44.1382728+01:00" testType="13cdc9d9-ddb5-4fa4-a97d-d965ccfc6d4b" outcome="Passed" testListId="8c84fa94-04c1-424b-9868-57a2d4851a1d" relativeResultsDirectory="0a6a4f3b-e943-4d68-aa2e-d88696a1fa16" />
    <UnitTestResult executionId="0c7b2ae1-a36e-4edd-9e58-304cde87d2ff" testId="05cdc091-f2e6-9c3b-1f81-118e480d95e3" testName="Deserialize_ScopeItemsOnly_Success" computerName="DKSR-EFI-06" duration="00:00:00.0015970" startTime="2024-01-09T15:46:45.5760153+01:00" endTime="2024-01-09T15:46:45.5760153+01:00" testType="13cdc9d9-ddb5-4fa4-a97d-d965ccfc6d4b" outcome="Passed" testListId="8c84fa94-04c1-424b-9868-57a2d4851a1d" relativeResultsDirectory="0c7b2ae1-a36e-4edd-9e58-304cde87d2ff" />
    <UnitTestResult executionId="9853c4e2-3715-4c7d-b7eb-4afe2bec2054" testId="a6949d64-370a-8be7-7bab-9ebfeb9ac327" testName="IsBackButtonVisible_MappedToViewModel_Success" computerName="DKSR-EFI-06" duration="00:00:00.0166447" startTime="2024-01-09T15:45:39.5137963+01:00" endTime="2024-01-09T15:45:39.5450449+01:00" testType="13cdc9d9-ddb5-4fa4-a97d-d965ccfc6d4b" outcome="Passed" testListId="8c84fa94-04c1-424b-9868-57a2d4851a1d" relativeResultsDirectory="9853c4e2-3715-4c7d-b7eb-4afe2bec2054" />
    <UnitTestResult executionId="352a1f9b-d871-4624-9589-165c4e0250a7" testId="0d6c642a-81af-572a-f3ab-8e4b1d302c6a" testName="ShouldReturnTrueWhenScaleChanged" computerName="DKSR-EFI-06" duration="00:00:00.0015804" startTime="2024-01-09T15:45:39.2950458+01:00" endTime="2024-01-09T15:45:39.2950458+01:00" testType="13cdc9d9-ddb5-4fa4-a97d-d965ccfc6d4b" outcome="Passed" testListId="8c84fa94-04c1-424b-9868-57a2d4851a1d" relativeResultsDirectory="352a1f9b-d871-4624-9589-165c4e0250a7" />
    <UnitTestResult executionId="9f72cc84-67c7-4cd6-8f85-258aeaabd5c5" testId="f107b2f8-e52e-2d8a-eafb-dc1e00450b6b" testName="Command_WithResults_PluginInstanceActivatedCalled" computerName="DKSR-EFI-06" duration="00:00:00.0044072" startTime="2024-01-09T15:46:36.1208012+01:00" endTime="2024-01-09T15:46:36.1208012+01:00" testType="13cdc9d9-ddb5-4fa4-a97d-d965ccfc6d4b" outcome="Passed" testListId="8c84fa94-04c1-424b-9868-57a2d4851a1d" relativeResultsDirectory="9f72cc84-67c7-4cd6-8f85-258aeaabd5c5" />
    <UnitTestResult executionId="7fbacc84-936c-4887-9c22-4a04442096c1" testId="69b3d945-2a1b-80c9-0ef7-10272f3bf7eb" testName="Constructor_ShouldSetInitialOffsetPoint_WhenCalled" computerName="DKSR-EFI-06" duration="00:00:00.7736265" startTime="2024-01-09T15:45:25.6700398+01:00" endTime="2024-01-09T15:45:26.4512897+01:00" testType="13cdc9d9-ddb5-4fa4-a97d-d965ccfc6d4b" outcome="Passed" testListId="8c84fa94-04c1-424b-9868-57a2d4851a1d" relativeResultsDirectory="7fbacc84-936c-4887-9c22-4a04442096c1" />
    <UnitTestResult executionId="4e10f585-36d6-4f24-b9ef-721febb96638" testId="f4c83ffd-478a-19b7-4825-b6d0081bab21" testName="Convert_NoCamerasSelectionsButOneSearchDefinition_Collapsed" computerName="DKSR-EFI-06" duration="00:00:00.0002707" startTime="2024-01-09T15:46:14.3805184+01:00" endTime="2024-01-09T15:46:14.3805184+01:00" testType="13cdc9d9-ddb5-4fa4-a97d-d965ccfc6d4b" outcome="Passed" testListId="8c84fa94-04c1-424b-9868-57a2d4851a1d" relativeResultsDirectory="4e10f585-36d6-4f24-b9ef-721febb96638" />
    <UnitTestResult executionId="1c531dd1-5c92-47d9-9cdf-9080c9c446f0" testId="ed5d2d51-b6a2-01b7-2ce0-6c8ba87417c3" testName="AndOrSearchDefinitionToCornerRadiusMultiConverter_CallConvert_MiddleAnd" computerName="DKSR-EFI-06" duration="00:00:00.0011891" startTime="2024-01-09T15:46:14.2398746+01:00" endTime="2024-01-09T15:46:14.2398746+01:00" testType="13cdc9d9-ddb5-4fa4-a97d-d965ccfc6d4b" outcome="Passed" testListId="8c84fa94-04c1-424b-9868-57a2d4851a1d" relativeResultsDirectory="1c531dd1-5c92-47d9-9cdf-9080c9c446f0" />
    <UnitTestResult executionId="e2758f91-d349-48a5-a086-283e7b4e0cbf" testId="e5d0a93d-5262-e4d0-5f45-ee6b0db6945d" testName="Dispose_ShouldReleaseResources_WhenCalled" computerName="DKSR-EFI-06" duration="00:00:00.0515650" startTime="2024-01-09T15:45:28.4044182+01:00" endTime="2024-01-09T15:45:28.4512954+01:00" testType="13cdc9d9-ddb5-4fa4-a97d-d965ccfc6d4b" outcome="Passed" testListId="8c84fa94-04c1-424b-9868-57a2d4851a1d" relativeResultsDirectory="e2758f91-d349-48a5-a086-283e7b4e0cbf" />
    <UnitTestResult executionId="014b644a-963d-4e54-9c27-f524d5f842f7" testId="074ff88b-4399-26b0-d5af-74bb943b8f07" testName="FilterValueHasRegionSelectionForCamera_ShouldReturnFalse_WhenFilterValueDoesNotHaveRegionSelectionForCamera" computerName="DKSR-EFI-06" duration="00:00:00.0115357" startTime="2024-01-09T15:47:00.4703116+01:00" endTime="2024-01-09T15:47:00.4858866+01:00" testType="13cdc9d9-ddb5-4fa4-a97d-d965ccfc6d4b" outcome="Passed" testListId="8c84fa94-04c1-424b-9868-57a2d4851a1d" relativeResultsDirectory="014b644a-963d-4e54-9c27-f524d5f842f7" />
    <UnitTestResult executionId="3cd343ee-f9bf-4d7f-a000-48def25bfc65" testId="cb0b865d-639c-dd58-a3ea-f0a088ec0432" testName="BrowseCommand_ReportDestinationChanged" computerName="DKSR-EFI-06" duration="00:00:00.0164309" startTime="2024-01-09T15:46:34.6047167+01:00" endTime="2024-01-09T15:46:34.6203476+01:00" testType="13cdc9d9-ddb5-4fa4-a97d-d965ccfc6d4b" outcome="Passed" testListId="8c84fa94-04c1-424b-9868-57a2d4851a1d" relativeResultsDirectory="3cd343ee-f9bf-4d7f-a000-48def25bfc65" />
    <UnitTestResult executionId="e06399d9-3140-4504-94af-ba08323dc80e" testId="d44210af-46ab-fec2-8d60-032381467d22" testName="PtzPresetsMenuViewModelConstructorTest" computerName="DKSR-EFI-06" duration="00:00:00.0023841" startTime="2024-01-09T15:47:15.4113349+01:00" endTime="2024-01-09T15:47:15.4113349+01:00" testType="13cdc9d9-ddb5-4fa4-a97d-d965ccfc6d4b" outcome="Passed" testListId="8c84fa94-04c1-424b-9868-57a2d4851a1d" relativeResultsDirectory="e06399d9-3140-4504-94af-ba08323dc80e" />
    <UnitTestResult executionId="bf15a5da-c6d5-422a-922c-1b6339b322d4" testId="47525e4b-96e7-dfdf-5445-9a26f7449bd8" testName="CameraListCleared_ShouldRemoveAnyPendingSearches" computerName="DKSR-EFI-06" duration="00:00:00.0055803" startTime="2024-01-09T15:46:44.9509069+01:00" endTime="2024-01-09T15:46:44.9509069+01:00" testType="13cdc9d9-ddb5-4fa4-a97d-d965ccfc6d4b" outcome="Passed" testListId="8c84fa94-04c1-424b-9868-57a2d4851a1d" relativeResultsDirectory="bf15a5da-c6d5-422a-922c-1b6339b322d4" />
    <UnitTestResult executionId="0d4fa941-50aa-4621-a423-dc56fd66a6f1" testId="dc096e9d-933e-6e98-213b-490659477502" testName="ToSafeName_NullString_Success" computerName="DKSR-EFI-06" duration="00:00:00.0001121" startTime="2024-01-09T15:47:17.6304474+01:00" endTime="2024-01-09T15:47:17.6304474+01:00" testType="13cdc9d9-ddb5-4fa4-a97d-d965ccfc6d4b" outcome="Passed" testListId="8c84fa94-04c1-424b-9868-57a2d4851a1d" relativeResultsDirectory="0d4fa941-50aa-4621-a423-dc56fd66a6f1" />
    <UnitTestResult executionId="c32773ad-8f28-4ba1-ad27-eb2bdbec072c" testId="56b52fe7-501e-5059-ffb3-616a27cb0414" testName="WhenActionExecutedWithAlarmsWithRelatedDeviceThenEveryObserverNotifiedWithRelated" computerName="DKSR-EFI-06" duration="00:00:00.0074360" startTime="2024-01-09T15:47:07.4564099+01:00" endTime="2024-01-09T15:47:07.4720352+01:00" testType="13cdc9d9-ddb5-4fa4-a97d-d965ccfc6d4b" outcome="Passed" testListId="8c84fa94-04c1-424b-9868-57a2d4851a1d" relativeResultsDirectory="c32773ad-8f28-4ba1-ad27-eb2bdbec072c" />
    <UnitTestResult executionId="c96adcc8-8760-49bc-99e6-937cfe9aaf73" testId="d971de1e-b31f-31c2-fa67-f30dd423d56b" testName="Constructor_ShouldRaiseArgumentNullException_WhenGisMapViewModelIsNull" computerName="DKSR-EFI-06" duration="00:00:00.0040743" startTime="2024-01-09T15:45:30.4825415+01:00" endTime="2024-01-09T15:45:30.4825415+01:00" testType="13cdc9d9-ddb5-4fa4-a97d-d965ccfc6d4b" outcome="Passed" testListId="8c84fa94-04c1-424b-9868-57a2d4851a1d" relativeResultsDirectory="c96adcc8-8760-49bc-99e6-937cfe9aaf73" />
    <UnitTestResult executionId="3a56cecd-dd14-46f3-9532-03c83858ecb9" testId="b18c5783-3346-0ed2-7230-790ae4df554b" testName="EnsureLayersOrderIsValidBy_Swap201_Success" computerName="DKSR-EFI-06" duration="00:00:00.0275981" startTime="2024-01-09T15:47:04.0803253+01:00" endTime="2024-01-09T15:47:04.1115845+01:00" testType="13cdc9d9-ddb5-4fa4-a97d-d965ccfc6d4b" outcome="Passed" testListId="8c84fa94-04c1-424b-9868-57a2d4851a1d" relativeResultsDirectory="3a56cecd-dd14-46f3-9532-03c83858ecb9" />
    <UnitTestResult executionId="bfb365af-ced2-45d7-846a-56b52bbae5e3" testId="a466016b-4a7a-12db-67a6-4d7bfdd8044c" testName="Connect_WhenMajorServerVersionIs13AndMinorServerVersionIs2_ShouldCreateOldSchClient" computerName="DKSR-EFI-06" duration="00:00:00.0368654" startTime="2024-01-09T15:45:09.7637575+01:00" endTime="2024-01-09T15:45:09.7950064+01:00" testType="13cdc9d9-ddb5-4fa4-a97d-d965ccfc6d4b" outcome="Passed" testListId="8c84fa94-04c1-424b-9868-57a2d4851a1d" relativeResultsDirectory="bfb365af-ced2-45d7-846a-56b52bbae5e3" />
    <UnitTestResult executionId="3844e7e0-68ae-4c48-89a8-4f52b50784fe" testId="edafcc43-4593-3e69-06bb-d94b360979cb" testName="ToDenormalizedDirection_0_50" computerName="DKSR-EFI-06" duration="00:00:00.0000827" startTime="2024-01-09T15:47:01.2047375+01:00" endTime="2024-01-09T15:47:01.2047375+01:00" testType="13cdc9d9-ddb5-4fa4-a97d-d965ccfc6d4b" outcome="Passed" testListId="8c84fa94-04c1-424b-9868-57a2d4851a1d" relativeResultsDirectory="3844e7e0-68ae-4c48-89a8-4f52b50784fe" />
    <UnitTestResult executionId="6c0a79a2-b63b-49d1-be55-d09bd83171ac" testId="102f1558-5f20-a6d5-8bb1-2bdfa2e7b50e" testName="RemoveDefinition_ExistingDefinitionWithSearchResult_SearchResultsCleared" computerName="DKSR-EFI-06" duration="00:00:00.0100006" startTime="2024-01-09T15:46:44.8727763+01:00" endTime="2024-01-09T15:46:44.8883988+01:00" testType="13cdc9d9-ddb5-4fa4-a97d-d965ccfc6d4b" outcome="Passed" testListId="8c84fa94-04c1-424b-9868-57a2d4851a1d" relativeResultsDirectory="6c0a79a2-b63b-49d1-be55-d09bd83171ac" />
    <UnitTestResult executionId="f7a97df6-df0a-4e47-b03c-f0f4cf073840" testId="2f100db4-2fb5-00e2-487e-75a3a7b6d272" testName="PtzPresetsMenuViewModel_PtzCotrolledByUserTest" computerName="DKSR-EFI-06" duration="00:00:00.0013659" startTime="2024-01-09T15:47:15.4269635+01:00" endTime="2024-01-09T15:47:15.4269635+01:00" testType="13cdc9d9-ddb5-4fa4-a97d-d965ccfc6d4b" outcome="Passed" testListId="8c84fa94-04c1-424b-9868-57a2d4851a1d" relativeResultsDirectory="f7a97df6-df0a-4e47-b03c-f0f4cf073840" />
    <UnitTestResult executionId="8b5dea01-958b-456b-8e21-951f17ebf8ff" testId="e9210e25-ddb7-3ad7-3147-1b0286b3f5d2" testName="ProvideValue_ShouldAlwaysReturnItself" computerName="DKSR-EFI-06" duration="00:00:00.0049299" startTime="2024-01-09T15:45:20.3887848+01:00" endTime="2024-01-09T15:45:20.3887848+01:00" testType="13cdc9d9-ddb5-4fa4-a97d-d965ccfc6d4b" outcome="Passed" testListId="8c84fa94-04c1-424b-9868-57a2d4851a1d" relativeResultsDirectory="8b5dea01-958b-456b-8e21-951f17ebf8ff" />
    <UnitTestResult executionId="23533a3b-74a3-4f1c-9b8f-7ee71d234291" testId="cd8ebcc2-066f-cdc6-6883-57e1205bcf51" testName="OnMarkerRightClicked_ShouldUseCrossTypeMenuItems_WhenNotInSetupModeAndMultipleItemsFromDifferentLayersIncludingAtLeastOneCameraAreSelected" computerName="DKSR-EFI-06" duration="00:00:00.0282092" startTime="2024-01-09T15:45:33.5762970+01:00" endTime="2024-01-09T15:45:33.6075470+01:00" testType="13cdc9d9-ddb5-4fa4-a97d-d965ccfc6d4b" outcome="Passed" testListId="8c84fa94-04c1-424b-9868-57a2d4851a1d" relativeResultsDirectory="23533a3b-74a3-4f1c-9b8f-7ee71d234291" />
    <UnitTestResult executionId="e7a79eb9-3422-4fe7-ab86-486b562b100a" testId="654dfcc7-b76a-e7bb-4995-363927b604e0" testName="GetMapLayerArguments_ShouldReturnIGisMapModel_WhenCalled" computerName="DKSR-EFI-06" duration="00:00:00.0003367" startTime="2024-01-09T15:47:04.3929397+01:00" endTime="2024-01-09T15:47:04.3929397+01:00" testType="13cdc9d9-ddb5-4fa4-a97d-d965ccfc6d4b" outcome="Passed" testListId="8c84fa94-04c1-424b-9868-57a2d4851a1d" relativeResultsDirectory="e7a79eb9-3422-4fe7-ab86-486b562b100a" />
    <UnitTestResult executionId="88299627-9ec0-429f-9748-4b1e8dc37d70" testId="95bdcbe4-e420-deb8-8439-dbd680e08a25" testName="ActiveInteractionStateBinding_ShouldNotBeNull_WhenCtorIsCalled" computerName="DKSR-EFI-06" duration="00:00:00.0730004" startTime="2024-01-09T15:45:37.1856717+01:00" endTime="2024-01-09T15:45:37.2481713+01:00" testType="13cdc9d9-ddb5-4fa4-a97d-d965ccfc6d4b" outcome="Passed" testListId="8c84fa94-04c1-424b-9868-57a2d4851a1d" relativeResultsDirectory="88299627-9ec0-429f-9748-4b1e8dc37d70" />
    <UnitTestResult executionId="97966ddb-fb12-4973-b7d6-2eaa1478fbda" testId="9e1c156c-7717-458a-15e2-7e227d19e93b" testName="CreateExportDialog_CannotSelectExportToOptics_WithNoOpticalDrivesPresent" computerName="DKSR-EFI-06" duration="00:00:00.0100248" startTime="2024-01-09T15:45:42.6700453+01:00" endTime="2024-01-09T15:45:42.6700453+01:00" testType="13cdc9d9-ddb5-4fa4-a97d-d965ccfc6d4b" outcome="Passed" testListId="8c84fa94-04c1-424b-9868-57a2d4851a1d" relativeResultsDirectory="97966ddb-fb12-4973-b7d6-2eaa1478fbda" />
    <UnitTestResult executionId="9ca1e0eb-f430-44f8-8c50-fe26993abcff" testId="4fbe1405-2b3d-d3ff-a663-0a6e5d9aa972" testName="TryGetEventServerIdByACSystemId_ShouldReturnTrue_WhenEventServerIdIsPartOfServerConfiguredAccessControlSystemsDictionary" computerName="DKSR-EFI-06" duration="00:00:00.0359847" startTime="2024-01-09T15:47:18.6930993+01:00" endTime="2024-01-09T15:47:18.7243536+01:00" testType="13cdc9d9-ddb5-4fa4-a97d-d965ccfc6d4b" outcome="Passed" testListId="8c84fa94-04c1-424b-9868-57a2d4851a1d" relativeResultsDirectory="9ca1e0eb-f430-44f8-8c50-fe26993abcff" />
    <UnitTestResult executionId="4ab8fe47-bb04-40ac-a82d-4d03e31762a3" testId="999506c9-e472-e23b-a3ad-3d977990564e" testName="SupportsRightClick_ShouldBeTrue_WhenInteractionStateIsNormal" computerName="DKSR-EFI-06" duration="00:00:00.0335875" startTime="2024-01-09T15:45:34.6231726+01:00" endTime="2024-01-09T15:45:34.6544223+01:00" testType="13cdc9d9-ddb5-4fa4-a97d-d965ccfc6d4b" outcome="Passed" testListId="8c84fa94-04c1-424b-9868-57a2d4851a1d" relativeResultsDirectory="4ab8fe47-bb04-40ac-a82d-4d03e31762a3" />
    <UnitTestResult executionId="f8c9d6b5-f76c-4c6d-a24f-dc68ac0126ed" testId="b6f07467-7831-36e3-42f4-7ae0ac1fdc16" testName="SetIncludePartialResults_ShouldRespectResultsToReselect_WhenResultsToReselectIsEmpty" computerName="DKSR-EFI-06" duration="00:00:00.0015143" startTime="2024-01-09T15:46:45.2478370+01:00" endTime="2024-01-09T15:46:45.2478370+01:00" testType="13cdc9d9-ddb5-4fa4-a97d-d965ccfc6d4b" outcome="Passed" testListId="8c84fa94-04c1-424b-9868-57a2d4851a1d" relativeResultsDirectory="f8c9d6b5-f76c-4c6d-a24f-dc68ac0126ed" />
    <UnitTestResult executionId="c90a0b19-e327-417a-9be1-1a6b6229b802" testId="b875a004-85a0-61f0-5a06-f872b9bf4ce4" testName="MainScopeTitleMaxWidthConverter_ConvertSuccess" computerName="DKSR-EFI-06" duration="00:00:00.0025477" startTime="2024-01-09T15:46:14.3492631+01:00" endTime="2024-01-09T15:46:14.3648925+01:00" testType="13cdc9d9-ddb5-4fa4-a97d-d965ccfc6d4b" outcome="Passed" testListId="8c84fa94-04c1-424b-9868-57a2d4851a1d" relativeResultsDirectory="c90a0b19-e327-417a-9be1-1a6b6229b802" />
    <UnitTestResult executionId="656c9e42-fef7-4d98-b8e8-06ea360fdf94" testId="935f6e0f-c97b-5019-7e62-2a29c5b4df2c" testName="Detach_ShouldNotRaiseAnException_WhenAttachWasNotCalledPreviously" computerName="DKSR-EFI-06" duration="00:00:00.0003373" startTime="2024-01-09T15:45:26.8262903+01:00" endTime="2024-01-09T15:45:26.8262903+01:00" testType="13cdc9d9-ddb5-4fa4-a97d-d965ccfc6d4b" outcome="Passed" testListId="8c84fa94-04c1-424b-9868-57a2d4851a1d" relativeResultsDirectory="656c9e42-fef7-4d98-b8e8-06ea360fdf94" />
    <UnitTestResult executionId="f1afd7c3-9961-4a17-83ef-f84270cc8c2b" testId="8ecade2b-3ad6-f16a-0138-df9b1b58928f" testName="Warning_Shown_When_Removing_Camera" computerName="DKSR-EFI-06" duration="00:00:00.0036161" startTime="2024-01-09T15:47:18.5837096+01:00" endTime="2024-01-09T15:47:18.5837096+01:00" testType="13cdc9d9-ddb5-4fa4-a97d-d965ccfc6d4b" outcome="Passed" testListId="8c84fa94-04c1-424b-9868-57a2d4851a1d" relativeResultsDirectory="f1afd7c3-9961-4a17-83ef-f84270cc8c2b" />
    <UnitTestResult executionId="59150adb-ac85-46ac-b58e-03d653405baf" testId="8e2c4cca-7551-4f11-2133-425fd4297ee4" testName="SelectedComponent_ShouldDefaultToFirstComponent_WhenSettingsDialogIsOpened" computerName="DKSR-EFI-06" duration="00:00:00.0195789" startTime="2024-01-09T15:47:09.7695253+01:00" endTime="2024-01-09T15:47:09.7851554+01:00" testType="13cdc9d9-ddb5-4fa4-a97d-d965ccfc6d4b" outcome="Passed" testListId="8c84fa94-04c1-424b-9868-57a2d4851a1d" relativeResultsDirectory="59150adb-ac85-46ac-b58e-03d653405baf" />
    <UnitTestResult executionId="ca2a3328-5db1-498f-bae5-9fc8112b21be" testId="3bf91338-9db5-e244-3437-2a694f10cdfe" testName="Ctor_NullLogger_Failure" computerName="DKSR-EFI-06" duration="00:00:00.0007077" startTime="2024-01-09T15:46:43.3412544+01:00" endTime="2024-01-09T15:46:43.3412544+01:00" testType="13cdc9d9-ddb5-4fa4-a97d-d965ccfc6d4b" outcome="Passed" testListId="8c84fa94-04c1-424b-9868-57a2d4851a1d" relativeResultsDirectory="ca2a3328-5db1-498f-bae5-9fc8112b21be" />
    <UnitTestResult executionId="194b4e2e-e345-4008-a2fa-bb0194ad9794" testId="52f7905c-ef65-6a99-dc3b-01a6a292c041" testName="TestForAssemblyCoverage" computerName="DKSR-EFI-06" duration="00:00:00.0002342" startTime="2024-01-09T15:45:20.3887848+01:00" endTime="2024-01-09T15:45:20.3887848+01:00" testType="13cdc9d9-ddb5-4fa4-a97d-d965ccfc6d4b" outcome="Passed" testListId="8c84fa94-04c1-424b-9868-57a2d4851a1d" relativeResultsDirectory="194b4e2e-e345-4008-a2fa-bb0194ad9794" />
    <UnitTestResult executionId="7b6543dc-0fba-44d1-af9a-af83537c2d02" testId="2a4b4823-fd60-1de2-7bef-a1adf9e470c2" testName="IsCurrentCenterEqualTo_ShouldReturnFalse_WhenValuesAreNotEqualWithinGivenPrecision" computerName="DKSR-EFI-06" duration="00:00:00.0019642" startTime="2024-01-09T15:45:33.8262993+01:00" endTime="2024-01-09T15:45:33.8262993+01:00" testType="13cdc9d9-ddb5-4fa4-a97d-d965ccfc6d4b" outcome="Passed" testListId="8c84fa94-04c1-424b-9868-57a2d4851a1d" relativeResultsDirectory="7b6543dc-0fba-44d1-af9a-af83537c2d02" />
    <UnitTestResult executionId="2aa2c2dd-49f7-4b4b-97dd-d1b83ab54c3a" testId="1ab5d979-4667-2003-c0dc-5c23807afc87" testName="SetItemOutlines_OutlinesEmpty_Success" computerName="DKSR-EFI-06" duration="00:00:00.0191285" startTime="2024-01-09T15:45:39.6856688+01:00" endTime="2024-01-09T15:45:39.7012963+01:00" testType="13cdc9d9-ddb5-4fa4-a97d-d965ccfc6d4b" outcome="Passed" testListId="8c84fa94-04c1-424b-9868-57a2d4851a1d" relativeResultsDirectory="2aa2c2dd-49f7-4b4b-97dd-d1b83ab54c3a" />
    <UnitTestResult executionId="87977f09-6e4e-4fc3-9826-f33e6d4e8c5a" testId="9060a50a-9771-de76-4b8f-daa876d7df09" testName="ScWorkspaceStateChangedEvent_ShouldSetDeviceIsDisabledToFalse_WhenSwitchingToSetupModeAndDeviceIsDisabled" computerName="DKSR-EFI-06" duration="00:00:00.0129817" startTime="2024-01-09T15:47:04.5492411+01:00" endTime="2024-01-09T15:47:04.5648686+01:00" testType="13cdc9d9-ddb5-4fa4-a97d-d965ccfc6d4b" outcome="Passed" testListId="8c84fa94-04c1-424b-9868-57a2d4851a1d" relativeResultsDirectory="87977f09-6e4e-4fc3-9826-f33e6d4e8c5a" />
    <UnitTestResult executionId="41665c68-b05c-47f5-af8e-4e1db4a01c63" testId="7693c0df-b71c-2c4d-9039-a2e154577900" testName="DeleteMapItems_ShouldReturnFalse_WhenUserDeclinesDeletionOfMultipleItems" computerName="DKSR-EFI-06" duration="00:00:00.0032078" startTime="2024-01-09T15:47:04.3616837+01:00" endTime="2024-01-09T15:47:04.3773072+01:00" testType="13cdc9d9-ddb5-4fa4-a97d-d965ccfc6d4b" outcome="Passed" testListId="8c84fa94-04c1-424b-9868-57a2d4851a1d" relativeResultsDirectory="41665c68-b05c-47f5-af8e-4e1db4a01c63" />
    <UnitTestResult executionId="d5e45709-4f4c-4a6a-8f4d-fe70c47d72a0" testId="4fb1e9eb-976d-db8c-6efc-0c953d97980e" testName="Ctor_NullPassedToNotNullParameters_Failure" computerName="DKSR-EFI-06" duration="00:00:00.3206309" startTime="2024-01-09T15:46:36.2927305+01:00" endTime="2024-01-09T15:46:36.6053207+01:00" testType="13cdc9d9-ddb5-4fa4-a97d-d965ccfc6d4b" outcome="Passed" testListId="8c84fa94-04c1-424b-9868-57a2d4851a1d" relativeResultsDirectory="d5e45709-4f4c-4a6a-8f4d-fe70c47d72a0" />
    <UnitTestResult executionId="f883c80c-502b-476a-be87-d08fcbbc6984" testId="2efbf2d6-dad1-cfe2-2063-c228f2b12aef" testName="TimeToStringConverter_Convert_Success" computerName="DKSR-EFI-06" duration="00:00:00.0021911" startTime="2024-01-09T15:46:14.3961484+01:00" endTime="2024-01-09T15:46:14.3961484+01:00" testType="13cdc9d9-ddb5-4fa4-a97d-d965ccfc6d4b" outcome="Passed" testListId="8c84fa94-04c1-424b-9868-57a2d4851a1d" relativeResultsDirectory="f883c80c-502b-476a-be87-d08fcbbc6984" />
    <UnitTestResult executionId="688356ee-4e45-4f9d-b1fa-d6f9552b20d4" testId="035a2e7c-4006-749c-7663-f769d610c2cb" testName="CanMoreRegionsBeAdded_ShouldReturnTrue" computerName="DKSR-EFI-06" duration="00:00:00.0006854" startTime="2024-01-09T15:47:00.5015090+01:00" endTime="2024-01-09T15:47:00.5015090+01:00" testType="13cdc9d9-ddb5-4fa4-a97d-d965ccfc6d4b" outcome="Passed" testListId="8c84fa94-04c1-424b-9868-57a2d4851a1d" relativeResultsDirectory="688356ee-4e45-4f9d-b1fa-d6f9552b20d4" />
    <UnitTestResult executionId="4f65c6f9-3f53-42da-95fc-2f60e9b272fb" testId="44e92a95-de94-fe77-bf6a-bab8a099b9c8" testName="BuildMapOptions_ShouldHandleSecretStringOptionsCorrectly (GisMapBingMapKey,,False)" computerName="DKSR-EFI-06" duration="00:00:00.0009023" startTime="2024-01-09T15:47:17.4429746+01:00" endTime="2024-01-09T15:47:17.4429746+01:00" testType="13cdc9d9-ddb5-4fa4-a97d-d965ccfc6d4b" outcome="Passed" testListId="8c84fa94-04c1-424b-9868-57a2d4851a1d" relativeResultsDirectory="4f65c6f9-3f53-42da-95fc-2f60e9b272fb" />
    <UnitTestResult executionId="b1c21348-5f00-45da-85d0-e346f2377479" testId="cf688c28-2d6d-a793-dedf-06d48b63f6f1" testName="PatrollingStepViewModel_SelectedPatrollingPreset" computerName="DKSR-EFI-06" duration="00:00:00.0034142" startTime="2024-01-09T15:47:09.7070167+01:00" endTime="2024-01-09T15:47:09.7070167+01:00" testType="13cdc9d9-ddb5-4fa4-a97d-d965ccfc6d4b" outcome="Passed" testListId="8c84fa94-04c1-424b-9868-57a2d4851a1d" relativeResultsDirectory="b1c21348-5f00-45da-85d0-e346f2377479" />
    <UnitTestResult executionId="26c8e479-1d63-4a72-88c2-235429648fb4" testId="b58eb60e-3eb1-72c6-0301-c9875128ee4e" testName="PopulateTooltip_ManyResultsFromFewCameras24Hours_ValidText" computerName="DKSR-EFI-06" duration="00:00:00.3288706" startTime="2024-01-09T15:46:28.4312364+01:00" endTime="2024-01-09T15:46:28.7593689+01:00" testType="13cdc9d9-ddb5-4fa4-a97d-d965ccfc6d4b" outcome="Passed" testListId="8c84fa94-04c1-424b-9868-57a2d4851a1d" relativeResultsDirectory="26c8e479-1d63-4a72-88c2-235429648fb4" />
    <UnitTestResult executionId="7301a943-853d-4730-ad87-fe7038bd5b15" testId="e46a3755-9d5c-ba11-e43a-121111b751e2" testName="CreateReportAsync_ShouldNotHang_WhenReportNameIsTooLong" computerName="DKSR-EFI-06" duration="00:00:00.0152197" startTime="2024-01-09T15:46:39.8092690+01:00" endTime="2024-01-09T15:46:39.8248951+01:00" testType="13cdc9d9-ddb5-4fa4-a97d-d965ccfc6d4b" outcome="Passed" testListId="8c84fa94-04c1-424b-9868-57a2d4851a1d" relativeResultsDirectory="7301a943-853d-4730-ad87-fe7038bd5b15" />
    <UnitTestResult executionId="db0d46ef-6343-402b-966b-8a727b7c1ccd" testId="5a499a63-0d2f-5e8b-f84d-d4c0ec13dea2" testName="SupportsDoubleClick_ShouldBeTrue_WhenInteractionStateIsNewDevice" computerName="DKSR-EFI-06" duration="00:00:00.0437616" startTime="2024-01-09T15:45:37.4512980+01:00" endTime="2024-01-09T15:45:37.4981701+01:00" testType="13cdc9d9-ddb5-4fa4-a97d-d965ccfc6d4b" outcome="Passed" testListId="8c84fa94-04c1-424b-9868-57a2d4851a1d" relativeResultsDirectory="db0d46ef-6343-402b-966b-8a727b7c1ccd" />
    <UnitTestResult executionId="0d94d686-faf1-4937-92aa-698a9ddfd87b" testId="96b04f8c-f777-c014-a499-dfe98011948d" testName="AddClientId_WhereClientIsValid_ReturnsGoogleMapsUrl" computerName="DKSR-EFI-06" duration="00:00:00.0002297" startTime="2024-01-09T15:45:30.9512941+01:00" endTime="2024-01-09T15:45:30.9512941+01:00" testType="13cdc9d9-ddb5-4fa4-a97d-d965ccfc6d4b" outcome="Passed" testListId="8c84fa94-04c1-424b-9868-57a2d4851a1d" relativeResultsDirectory="0d94d686-faf1-4937-92aa-698a9ddfd87b" />
    <UnitTestResult executionId="88f3d321-f2f1-4239-b5c4-28f79dc5582e" testId="f982a6b2-b7fa-97b9-3ee1-04eced2a82e8" testName="ResultCountText_NoResults_Success" computerName="DKSR-EFI-06" duration="00:00:00.0064154" startTime="2024-01-09T15:46:36.1989537+01:00" endTime="2024-01-09T15:46:36.2145740+01:00" testType="13cdc9d9-ddb5-4fa4-a97d-d965ccfc6d4b" outcome="Passed" testListId="8c84fa94-04c1-424b-9868-57a2d4851a1d" relativeResultsDirectory="88f3d321-f2f1-4239-b5c4-28f79dc5582e" />
    <UnitTestResult executionId="b688e18e-41a7-42cb-b686-ccd4882f784e" testId="ff22d43a-17fa-db51-d7fd-2f5ea3ee7dbb" testName="RemoveWorkroom_ShouldNotChangeSelection_WhenWorkroomThatIsNotSelectedIsRemoved" computerName="DKSR-EFI-06" duration="00:00:00.0126894" startTime="2024-01-09T15:47:17.2866429+01:00" endTime="2024-01-09T15:47:17.2866429+01:00" testType="13cdc9d9-ddb5-4fa4-a97d-d965ccfc6d4b" outcome="Passed" testListId="8c84fa94-04c1-424b-9868-57a2d4851a1d" relativeResultsDirectory="b688e18e-41a7-42cb-b686-ccd4882f784e" />
    <UnitTestResult executionId="6642a782-6ed5-4434-ac18-e26f99479811" testId="d2b63634-b2a8-712b-6997-a00fbcbd57df" testName="SearchResultsActionBarActions_CreateSnapshot_InvokeCommand_MultipleSnapshotsSucceeded_CorrectStatusTextShown" computerName="DKSR-EFI-06" duration="00:00:00.0102058" startTime="2024-01-09T15:46:35.8082062+01:00" endTime="2024-01-09T15:46:35.8082062+01:00" testType="13cdc9d9-ddb5-4fa4-a97d-d965ccfc6d4b" outcome="Passed" testListId="8c84fa94-04c1-424b-9868-57a2d4851a1d" relativeResultsDirectory="6642a782-6ed5-4434-ac18-e26f99479811" />
    <UnitTestResult executionId="5b815889-099a-4008-8f94-b20026651945" testId="1181cb63-0543-4806-6972-5950350789da" testName="ToMipSearchResultData_ShouldReturnCorrectSearchResult" computerName="DKSR-EFI-06" duration="00:00:00.0003330" startTime="2024-01-09T15:46:45.4041121+01:00" endTime="2024-01-09T15:46:45.4041121+01:00" testType="13cdc9d9-ddb5-4fa4-a97d-d965ccfc6d4b" outcome="Passed" testListId="8c84fa94-04c1-424b-9868-57a2d4851a1d" relativeResultsDirectory="5b815889-099a-4008-8f94-b20026651945" />
    <UnitTestResult executionId="d5e683bb-b431-4f1d-9a06-48f90a41361d" testId="a159b604-532f-6996-d93d-757652430688" testName="PatrollingStepListViewModel_AddStepExecute_NoPreset" computerName="DKSR-EFI-06" duration="00:00:00.0015670" startTime="2024-01-09T15:47:09.6132484+01:00" endTime="2024-01-09T15:47:09.6132484+01:00" testType="13cdc9d9-ddb5-4fa4-a97d-d965ccfc6d4b" outcome="Passed" testListId="8c84fa94-04c1-424b-9868-57a2d4851a1d" relativeResultsDirectory="d5e683bb-b431-4f1d-9a06-48f90a41361d" />
    <UnitTestResult executionId="cb5195af-db81-4fba-8ef8-bd231718c651" testId="63b5e857-7c0f-1bfb-6bac-ed0592160bce" testName="UpdateScope_ToTimeChangedWithNullScopeDuration_ReturnsTrue" computerName="DKSR-EFI-06" duration="00:00:00.0001525" startTime="2024-01-09T15:46:45.2634645+01:00" endTime="2024-01-09T15:46:45.2634645+01:00" testType="13cdc9d9-ddb5-4fa4-a97d-d965ccfc6d4b" outcome="Passed" testListId="8c84fa94-04c1-424b-9868-57a2d4851a1d" relativeResultsDirectory="cb5195af-db81-4fba-8ef8-bd231718c651" />
    <UnitTestResult executionId="ea6db4ee-27f3-444c-a43f-944256e63f31" testId="6ed649e1-03e1-4590-3da9-e33c23ab658c" testName="Retrieve_InnerExceptionLogged" computerName="DKSR-EFI-06" duration="00:00:00.0043254" startTime="2024-01-09T15:45:39.0294190+01:00" endTime="2024-01-09T15:45:39.0294190+01:00" testType="13cdc9d9-ddb5-4fa4-a97d-d965ccfc6d4b" outcome="Passed" testListId="8c84fa94-04c1-424b-9868-57a2d4851a1d" relativeResultsDirectory="ea6db4ee-27f3-444c-a43f-944256e63f31" />
    <UnitTestResult executionId="f268a148-4e48-4266-a723-136bd362b40a" testId="0a4e5b36-6578-df3d-cfd2-3d6ee660820a" testName="GetClusters_ExcludeFromClustering_OnlyClustersForExcludedItems (Data Row 8)" computerName="DKSR-EFI-06" duration="00:00:00.0083630" startTime="2024-01-09T15:47:07.4876662+01:00" endTime="2024-01-09T15:47:07.8627695+01:00" testType="13cdc9d9-ddb5-4fa4-a97d-d965ccfc6d4b" outcome="Passed" testListId="8c84fa94-04c1-424b-9868-57a2d4851a1d" relativeResultsDirectory="f268a148-4e48-4266-a723-136bd362b40a" />
    <UnitTestResult executionId="96f32020-b1a2-4b6e-9d77-4eaf79bed773" testId="60b3c6a0-382d-f239-6234-5e6df72cc9b2" testName="SmartMapGoToAreaHandler_WhenDataIsNotSmartMapGoToAreaCommandData_ShouldWriteToLog" computerName="DKSR-EFI-06" duration="00:00:00.0047544" startTime="2024-01-09T15:45:38.9512934+01:00" endTime="2024-01-09T15:45:38.9669176+01:00" testType="13cdc9d9-ddb5-4fa4-a97d-d965ccfc6d4b" outcome="Passed" testListId="8c84fa94-04c1-424b-9868-57a2d4851a1d" relativeResultsDirectory="96f32020-b1a2-4b6e-9d77-4eaf79bed773" />
    <UnitTestResult executionId="c1b38b78-c065-48a4-af0c-4014b341baa0" testId="47de8f42-b82b-27c9-e6cb-af47f9988997" testName="Combine_ShouldPassAllStringInputValidationTests" computerName="DKSR-EFI-06" duration="00:00:13.1149080" startTime="2024-01-09T15:46:46.0760929+01:00" endTime="2024-01-09T15:46:59.2044369+01:00" testType="13cdc9d9-ddb5-4fa4-a97d-d965ccfc6d4b" outcome="Passed" testListId="8c84fa94-04c1-424b-9868-57a2d4851a1d" relativeResultsDirectory="c1b38b78-c065-48a4-af0c-4014b341baa0">
      <Output>
        <StdOut>Debug Trace:&#xD;
&#xD;
&#xD;
************* TEST RESULTS *************&#xD;
Total tests: 132&#xD;
Passed permutations: 12490&#xD;
Failed permutations: 0</StdOut>
      </Output>
    </UnitTestResult>
    <UnitTestResult executionId="de36c85b-387b-4371-aa2f-0b6f903edfe9" testId="bdaa8c04-85d7-4ee8-e951-82186f7309ad" testName="PtzSessionController_Constructor_Test" computerName="DKSR-EFI-06" duration="00:00:00.0119962" startTime="2024-01-09T15:45:19.2012836+01:00" endTime="2024-01-09T15:45:19.2169067+01:00" testType="13cdc9d9-ddb5-4fa4-a97d-d965ccfc6d4b" outcome="Passed" testListId="8c84fa94-04c1-424b-9868-57a2d4851a1d" relativeResultsDirectory="de36c85b-387b-4371-aa2f-0b6f903edfe9" />
    <UnitTestResult executionId="8ce42ae1-b63d-4af2-bff0-c88c9f93ad26" testId="3b4fccf6-70be-2d9b-f5f2-d6283b7fde7b" testName="CreateGeometry_OnePointsCollection_ThrowsArgException" computerName="DKSR-EFI-06" duration="00:00:00.0081859" startTime="2024-01-09T15:47:08.7848972+01:00" endTime="2024-01-09T15:47:08.7848972+01:00" testType="13cdc9d9-ddb5-4fa4-a97d-d965ccfc6d4b" outcome="Passed" testListId="8c84fa94-04c1-424b-9868-57a2d4851a1d" relativeResultsDirectory="8ce42ae1-b63d-4af2-bff0-c88c9f93ad26" />
    <UnitTestResult executionId="f500e8b8-9fe6-4cdf-b4f4-2dcd2ed901af" testId="b8dcd7c2-d643-4004-06b6-71dd24bea1c1" testName="CameraMapItem_AddWithViewZone_EvsServer_Success" computerName="DKSR-EFI-06" duration="00:00:00.1019847" startTime="2024-01-09T15:47:01.9704888+01:00" endTime="2024-01-09T15:47:02.0642546+01:00" testType="13cdc9d9-ddb5-4fa4-a97d-d965ccfc6d4b" outcome="Passed" testListId="8c84fa94-04c1-424b-9868-57a2d4851a1d" relativeResultsDirectory="f500e8b8-9fe6-4cdf-b4f4-2dcd2ed901af" />
    <UnitTestResult executionId="3e49b8ca-54b2-4483-bf91-e1b63bf35ec2" testId="8c7cfc0f-91dd-5926-50e6-959c77c2ec34" testName="GetFeatures_CameraMapItemsLayer_FeaturesCollected" computerName="DKSR-EFI-06" duration="00:00:00.0578634" startTime="2024-01-09T15:47:03.4082849+01:00" endTime="2024-01-09T15:47:03.4707278+01:00" testType="13cdc9d9-ddb5-4fa4-a97d-d965ccfc6d4b" outcome="Passed" testListId="8c84fa94-04c1-424b-9868-57a2d4851a1d" relativeResultsDirectory="3e49b8ca-54b2-4483-bf91-e1b63bf35ec2" />
    <UnitTestResult executionId="47f91707-fac5-44e6-9621-b767a8579936" testId="4359d1f6-24c0-77e3-a295-f1f91acd7a66" testName="OutputItemsLayer_NotIsGeographic_Load_Success" computerName="DKSR-EFI-06" duration="00:00:00.0118959" startTime="2024-01-09T15:47:01.3141362+01:00" endTime="2024-01-09T15:47:01.3297688+01:00" testType="13cdc9d9-ddb5-4fa4-a97d-d965ccfc6d4b" outcome="Passed" testListId="8c84fa94-04c1-424b-9868-57a2d4851a1d" relativeResultsDirectory="47f91707-fac5-44e6-9621-b767a8579936" />
    <UnitTestResult executionId="32e79c7d-7d3c-45f8-9422-ca0c7883a08b" testId="101686f8-0bec-03ef-e5aa-8afcc05984fe" testName="SelectionCountDisplayText_OneSelectedResult_ReturnsSingleString" computerName="DKSR-EFI-06" duration="00:00:00.0117902" startTime="2024-01-09T15:46:34.9641958+01:00" endTime="2024-01-09T15:46:34.9641958+01:00" testType="13cdc9d9-ddb5-4fa4-a97d-d965ccfc6d4b" outcome="Passed" testListId="8c84fa94-04c1-424b-9868-57a2d4851a1d" relativeResultsDirectory="32e79c7d-7d3c-45f8-9422-ca0c7883a08b" />
    <UnitTestResult executionId="509db632-7cb3-4342-8200-cff731a99742" testId="bdb27dac-eff0-8887-ff55-d405cca80355" testName="Ctor_WpfMessageBoxButtonIsSetToYesNoCancel_OnlyYesNoCancelButtonsVisible" computerName="DKSR-EFI-06" duration="00:00:00.0007294" startTime="2024-01-09T15:47:11.1136016+01:00" endTime="2024-01-09T15:47:11.1136016+01:00" testType="13cdc9d9-ddb5-4fa4-a97d-d965ccfc6d4b" outcome="Passed" testListId="8c84fa94-04c1-424b-9868-57a2d4851a1d" relativeResultsDirectory="509db632-7cb3-4342-8200-cff731a99742" />
    <UnitTestResult executionId="ac28f225-5750-4dd0-88fd-51a17c3c80c0" testId="a786e6a0-7158-6a05-c54a-28647fb14bb7" testName="TestConstructor_windowManagerIsNull_FailWithArgumentNullException" computerName="DKSR-EFI-06" duration="00:00:00.4966802" startTime="2024-01-09T15:45:12.4512626+01:00" endTime="2024-01-09T15:45:12.9512650+01:00" testType="13cdc9d9-ddb5-4fa4-a97d-d965ccfc6d4b" outcome="Passed" testListId="8c84fa94-04c1-424b-9868-57a2d4851a1d" relativeResultsDirectory="ac28f225-5750-4dd0-88fd-51a17c3c80c0" />
    <UnitTestResult executionId="8eb4881c-3993-49e6-ae44-c918918693ba" testId="e297916a-d955-c1ee-c31e-2f68ca7e1b88" testName="HandlePermissionDeniedResults_ShouldShowMessageAndToast (0,0)" computerName="DKSR-EFI-06" duration="00:00:00.0020748" startTime="2024-01-09T15:47:11.9419107+01:00" endTime="2024-01-09T15:47:11.9419107+01:00" testType="13cdc9d9-ddb5-4fa4-a97d-d965ccfc6d4b" outcome="Passed" testListId="8c84fa94-04c1-424b-9868-57a2d4851a1d" relativeResultsDirectory="8eb4881c-3993-49e6-ae44-c918918693ba" />
    <UnitTestResult executionId="4c707c13-0856-45fe-a390-2105fef4d28b" testId="5876e8ec-2002-4245-4ea9-8cdb899ab34a" testName="AddToExportDevices_ShouldAddToExportData (0)" computerName="DKSR-EFI-06" duration="00:00:00.0059108" startTime="2024-01-09T15:47:11.6762205+01:00" endTime="2024-01-09T15:47:11.6762205+01:00" testType="13cdc9d9-ddb5-4fa4-a97d-d965ccfc6d4b" outcome="Passed" testListId="8c84fa94-04c1-424b-9868-57a2d4851a1d" relativeResultsDirectory="4c707c13-0856-45fe-a390-2105fef4d28b" />
    <UnitTestResult executionId="b34aea18-763c-4bb7-8ed2-a002ef510ab4" testId="9029e935-145d-d5fd-fae9-96c860349038" testName="GetClusters_AddedItems_ClustersForAddedItems (Data Row 4)" computerName="DKSR-EFI-06" duration="00:00:00.0098361" startTime="2024-01-09T15:47:09.0193458+01:00" endTime="2024-01-09T15:47:09.2381415+01:00" testType="13cdc9d9-ddb5-4fa4-a97d-d965ccfc6d4b" outcome="Passed" testListId="8c84fa94-04c1-424b-9868-57a2d4851a1d" relativeResultsDirectory="b34aea18-763c-4bb7-8ed2-a002ef510ab4" />
    <UnitTestResult executionId="e70a4f63-6343-46c4-970f-620a0eed3fa2" testId="e76554b4-34ba-70cf-dfc9-f4d63f94ac41" testName="ReorderLevels12to21_Success" computerName="DKSR-EFI-06" duration="00:00:00.0736405" startTime="2024-01-09T15:47:00.8609417+01:00" endTime="2024-01-09T15:47:00.9390767+01:00" testType="13cdc9d9-ddb5-4fa4-a97d-d965ccfc6d4b" outcome="Passed" testListId="8c84fa94-04c1-424b-9868-57a2d4851a1d" relativeResultsDirectory="e70a4f63-6343-46c4-970f-620a0eed3fa2" />
    <UnitTestResult executionId="923879f6-0617-411f-87a0-11c3c17283d3" testId="03c0368b-e341-b507-4b7e-610a5973bcc4" testName="WhenActionExecutedWithAlarmsThenEveryObserverNotified" computerName="DKSR-EFI-06" duration="00:00:00.0065511" startTime="2024-01-09T15:47:07.4407753+01:00" endTime="2024-01-09T15:47:07.4564099+01:00" testType="13cdc9d9-ddb5-4fa4-a97d-d965ccfc6d4b" outcome="Passed" testListId="8c84fa94-04c1-424b-9868-57a2d4851a1d" relativeResultsDirectory="923879f6-0617-411f-87a0-11c3c17283d3" />
    <UnitTestResult executionId="3549d3c8-e2b8-4d55-ba84-8a9879abee41" testId="06d17b56-b174-7e5f-cf96-64396547a14e" testName="IconValueConverter_Convert_ValidIconSource_Success" computerName="DKSR-EFI-06" duration="00:00:00.0013484" startTime="2024-01-09T15:46:14.3180103+01:00" endTime="2024-01-09T15:46:14.3180103+01:00" testType="13cdc9d9-ddb5-4fa4-a97d-d965ccfc6d4b" outcome="Passed" testListId="8c84fa94-04c1-424b-9868-57a2d4851a1d" relativeResultsDirectory="3549d3c8-e2b8-4d55-ba84-8a9879abee41" />
    <UnitTestResult executionId="7ff81566-36e1-4165-97f2-8832a66d3d94" testId="4203d4af-b5bf-b00b-9139-2a7c647d28e9" testName="EnsureLayersOrderIsValidBy_Swap210_Success" computerName="DKSR-EFI-06" duration="00:00:00.0722319" startTime="2024-01-09T15:47:04.0021668+01:00" endTime="2024-01-09T15:47:04.0803253+01:00" testType="13cdc9d9-ddb5-4fa4-a97d-d965ccfc6d4b" outcome="Passed" testListId="8c84fa94-04c1-424b-9868-57a2d4851a1d" relativeResultsDirectory="7ff81566-36e1-4165-97f2-8832a66d3d94" />
    <UnitTestResult executionId="dc03d1d3-5c8d-4baf-b4c9-1c331ff9d12a" testId="f7f3f6a6-4ba1-e9bb-d8fc-f000e145af31" testName="ToDenormalizedDirection_GreaterThan1_0_Failure" computerName="DKSR-EFI-06" duration="00:00:00.0006963" startTime="2024-01-09T15:47:01.1891207+01:00" endTime="2024-01-09T15:47:01.1891207+01:00" testType="13cdc9d9-ddb5-4fa4-a97d-d965ccfc6d4b" outcome="Passed" testListId="8c84fa94-04c1-424b-9868-57a2d4851a1d" relativeResultsDirectory="dc03d1d3-5c8d-4baf-b4c9-1c331ff9d12a" />
    <UnitTestResult executionId="5d0549e2-74cc-45a3-b521-787d7a6b4f11" testId="bdfc4999-ccbe-91b3-0eb1-52f2f541ba00" testName="PatrollingStepViewModel_IsDirty" computerName="DKSR-EFI-06" duration="00:00:00.0019205" startTime="2024-01-09T15:47:09.7070167+01:00" endTime="2024-01-09T15:47:09.7070167+01:00" testType="13cdc9d9-ddb5-4fa4-a97d-d965ccfc6d4b" outcome="Passed" testListId="8c84fa94-04c1-424b-9868-57a2d4851a1d" relativeResultsDirectory="5d0549e2-74cc-45a3-b521-787d7a6b4f11" />
    <UnitTestResult executionId="ca910fb7-7b9e-46f3-81b2-c496584af905" testId="7899bcea-7118-cfa0-aa3f-14444c7eb8ac" testName="DoubleClickOnPreviewPlayer_ShouldOpenDetailsViewWithAnimation_WhenFocusedItemIsNotNullAndAnimationsAreEnabled" computerName="DKSR-EFI-06" duration="00:00:01.1832892" startTime="2024-01-09T15:46:11.7707080+01:00" endTime="2024-01-09T15:46:12.9584199+01:00" testType="13cdc9d9-ddb5-4fa4-a97d-d965ccfc6d4b" outcome="Passed" testListId="8c84fa94-04c1-424b-9868-57a2d4851a1d" relativeResultsDirectory="ca910fb7-7b9e-46f3-81b2-c496584af905" />
    <UnitTestResult executionId="a62af58f-1b6b-4005-a8f6-54356ff0839c" testId="69d36869-4d47-77af-11ea-1700a11c2aa4" testName="ActiveInteractionStateBinding_ShouldNotBeNull_WhenCtorIsCalled" computerName="DKSR-EFI-06" duration="00:00:00.0831951" startTime="2024-01-09T15:45:35.5919205+01:00" endTime="2024-01-09T15:45:35.6700479+01:00" testType="13cdc9d9-ddb5-4fa4-a97d-d965ccfc6d4b" outcome="Passed" testListId="8c84fa94-04c1-424b-9868-57a2d4851a1d" relativeResultsDirectory="a62af58f-1b6b-4005-a8f6-54356ff0839c" />
    <UnitTestResult executionId="34a1dc45-0638-495d-96f2-b7a9458d6290" testId="660d3fbc-11c9-2181-8c43-b82c5f6b1504" testName="Serialize_NothingToSerialize_Success" computerName="DKSR-EFI-06" duration="00:00:00.0021237" startTime="2024-01-09T15:46:45.4822521+01:00" endTime="2024-01-09T15:46:45.4822521+01:00" testType="13cdc9d9-ddb5-4fa4-a97d-d965ccfc6d4b" outcome="Passed" testListId="8c84fa94-04c1-424b-9868-57a2d4851a1d" relativeResultsDirectory="34a1dc45-0638-495d-96f2-b7a9458d6290" />
    <UnitTestResult executionId="606d4074-903e-45af-9929-442675952c7b" testId="14ce9c46-40b0-3cf1-b65d-94e20f3f850c" testName="GetDuration_SeveralHours_Success" computerName="DKSR-EFI-06" duration="00:00:00.0003311" startTime="2024-01-09T15:46:43.7475856+01:00" endTime="2024-01-09T15:46:43.7475856+01:00" testType="13cdc9d9-ddb5-4fa4-a97d-d965ccfc6d4b" outcome="Passed" testListId="8c84fa94-04c1-424b-9868-57a2d4851a1d" relativeResultsDirectory="606d4074-903e-45af-9929-442675952c7b" />
    <UnitTestResult executionId="2b2ee04a-b394-4915-ab2b-c855de873fe4" testId="4ac44c86-bed3-2106-179e-e12e5a83e7dd" testName="TestGetWorkroom_UnknownWorkSpaceId_Success" computerName="DKSR-EFI-06" duration="00:00:00.0032238" startTime="2024-01-09T15:45:19.0919067+01:00" endTime="2024-01-09T15:45:19.0919067+01:00" testType="13cdc9d9-ddb5-4fa4-a97d-d965ccfc6d4b" outcome="Passed" testListId="8c84fa94-04c1-424b-9868-57a2d4851a1d" relativeResultsDirectory="2b2ee04a-b394-4915-ab2b-c855de873fe4" />
    <UnitTestResult executionId="2c7ff9f4-90fd-41e4-97a0-16466c59108e" testId="64c5fa93-8c90-e61b-c74e-24c3a14c685e" testName="HandleGetDeviceData_ShouldReturnNotFoundDeviceData_WhenNotSupportedKind" computerName="DKSR-EFI-06" duration="00:00:00.0636288" startTime="2024-01-09T15:45:41.0137918+01:00" endTime="2024-01-09T15:45:41.0919173+01:00" testType="13cdc9d9-ddb5-4fa4-a97d-d965ccfc6d4b" outcome="Passed" testListId="8c84fa94-04c1-424b-9868-57a2d4851a1d" relativeResultsDirectory="2c7ff9f4-90fd-41e4-97a0-16466c59108e" />
    <UnitTestResult executionId="e54d77bb-da17-4e56-be02-85e4c9b28b02" testId="6480e990-929e-4f74-6838-96e2b97d0c00" testName="Constructor_ShouldRaiseArgumentNullException_WhenDeviceIdsIsNull" computerName="DKSR-EFI-06" duration="00:00:00.0006669" startTime="2024-01-09T15:47:09.3319268+01:00" endTime="2024-01-09T15:47:09.3319268+01:00" testType="13cdc9d9-ddb5-4fa4-a97d-d965ccfc6d4b" outcome="Passed" testListId="8c84fa94-04c1-424b-9868-57a2d4851a1d" relativeResultsDirectory="e54d77bb-da17-4e56-be02-85e4c9b28b02" />
    <UnitTestResult executionId="677df79c-b4e2-4fcb-addf-e40fb727c315" testId="e9c28755-a991-4a05-f44d-1683b9f1f037" testName="TestLoad_WithNullDatagram_Failure" computerName="DKSR-EFI-06" duration="00:00:00.0068636" startTime="2024-01-09T15:47:06.7530802+01:00" endTime="2024-01-09T15:47:06.7687148+01:00" testType="13cdc9d9-ddb5-4fa4-a97d-d965ccfc6d4b" outcome="Passed" testListId="8c84fa94-04c1-424b-9868-57a2d4851a1d" relativeResultsDirectory="677df79c-b4e2-4fcb-addf-e40fb727c315" />
    <UnitTestResult executionId="8b5e8a7c-482d-473c-a02c-37a5b20486b8" testId="7b7ac52a-fd20-eae1-4eee-941b2f9ad41c" testName="TestForAssemblyCoverage" computerName="DKSR-EFI-06" duration="00:00:00.0036173" startTime="2024-01-09T15:47:00.5171352+01:00" endTime="2024-01-09T15:47:00.5171352+01:00" testType="13cdc9d9-ddb5-4fa4-a97d-d965ccfc6d4b" outcome="Passed" testListId="8c84fa94-04c1-424b-9868-57a2d4851a1d" relativeResultsDirectory="8b5e8a7c-482d-473c-a02c-37a5b20486b8" />
    <UnitTestResult executionId="813176dc-8155-4c2c-801a-32960d0d91fc" testId="0a4e5b36-6578-df3d-cfd2-3d6ee660820a" testName="GetClusters_ExcludeFromClustering_OnlyClustersForExcludedItems (Data Row 6)" computerName="DKSR-EFI-06" duration="00:00:00.0082654" startTime="2024-01-09T15:47:07.4876662+01:00" endTime="2024-01-09T15:47:07.8627695+01:00" testType="13cdc9d9-ddb5-4fa4-a97d-d965ccfc6d4b" outcome="Passed" testListId="8c84fa94-04c1-424b-9868-57a2d4851a1d" relativeResultsDirectory="813176dc-8155-4c2c-801a-32960d0d91fc" />
    <UnitTestResult executionId="d469848a-a27d-4472-8b29-2d26bff44e51" testId="49758d16-90af-426b-1c8f-f4b8f8b9a8ad" testName="Constructor_ShouldRaiseArgumentNullException_WhenMapLayersIsNull" computerName="DKSR-EFI-06" duration="00:00:00.0025235" startTime="2024-01-09T15:45:30.9200418+01:00" endTime="2024-01-09T15:45:30.9200418+01:00" testType="13cdc9d9-ddb5-4fa4-a97d-d965ccfc6d4b" outcome="Passed" testListId="8c84fa94-04c1-424b-9868-57a2d4851a1d" relativeResultsDirectory="d469848a-a27d-4472-8b29-2d26bff44e51" />
    <UnitTestResult executionId="9103b9d8-3b39-4880-ba0c-0d89528c756b" testId="c6e098df-93ea-edd9-9f8d-a8296c3d60ed" testName="Compare_Descending_Success" computerName="DKSR-EFI-06" duration="00:00:00.0007935" startTime="2024-01-09T15:46:45.4197375+01:00" endTime="2024-01-09T15:46:45.4197375+01:00" testType="13cdc9d9-ddb5-4fa4-a97d-d965ccfc6d4b" outcome="Passed" testListId="8c84fa94-04c1-424b-9868-57a2d4851a1d" relativeResultsDirectory="9103b9d8-3b39-4880-ba0c-0d89528c756b" />
    <UnitTestResult executionId="eedcff1e-2967-4f78-b581-d2f08b1b7771" testId="d334a597-c565-285a-8550-3b9ea2cba29c" testName="CalculateNewExtent_ShouldScaleEvenly_WhenWithinMaxInLowerLeft" computerName="DKSR-EFI-06" duration="00:00:00.0003777" startTime="2024-01-09T15:45:39.4044222+01:00" endTime="2024-01-09T15:45:39.4044222+01:00" testType="13cdc9d9-ddb5-4fa4-a97d-d965ccfc6d4b" outcome="Passed" testListId="8c84fa94-04c1-424b-9868-57a2d4851a1d" relativeResultsDirectory="eedcff1e-2967-4f78-b581-d2f08b1b7771" />
    <UnitTestResult executionId="05387017-4a53-4597-bac9-c835665ba637" testId="a0ce8b18-c0e1-b20c-c79e-d473edcc8518" testName="SearchResultsActionBarActions_EditBookmark_ResultMovedOutOfSearchScope_EditBookmarkInvokedAndSearchStarted" computerName="DKSR-EFI-06" duration="00:00:00.0159160" startTime="2024-01-09T15:46:35.6519144+01:00" endTime="2024-01-09T15:46:35.6675349+01:00" testType="13cdc9d9-ddb5-4fa4-a97d-d965ccfc6d4b" outcome="Passed" testListId="8c84fa94-04c1-424b-9868-57a2d4851a1d" relativeResultsDirectory="05387017-4a53-4597-bac9-c835665ba637" />
    <UnitTestResult executionId="7cea5db3-e879-4a29-a21a-2d00cf735d05" testId="1ce67353-df26-d1bd-d2aa-05733d1ac693" testName="PointMapItem_Load_Input_Success" computerName="DKSR-EFI-06" duration="00:00:00.0514546" startTime="2024-01-09T15:47:06.0497353+01:00" endTime="2024-01-09T15:47:06.0966179+01:00" testType="13cdc9d9-ddb5-4fa4-a97d-d965ccfc6d4b" outcome="Passed" testListId="8c84fa94-04c1-424b-9868-57a2d4851a1d" relativeResultsDirectory="7cea5db3-e879-4a29-a21a-2d00cf735d05" />
    <UnitTestResult executionId="1457c42e-7ca7-47da-80a5-25be67ef33b9" testId="5fbb5d38-d0c1-8683-ad00-378581dc683f" testName="ShowSuccessToast_ShouldShowCorrectNumberOfToasts (1,1)" computerName="DKSR-EFI-06" duration="00:00:00.0055546" startTime="2024-01-09T15:47:11.8793937+01:00" endTime="2024-01-09T15:47:11.8950227+01:00" testType="13cdc9d9-ddb5-4fa4-a97d-d965ccfc6d4b" outcome="Passed" testListId="8c84fa94-04c1-424b-9868-57a2d4851a1d" relativeResultsDirectory="1457c42e-7ca7-47da-80a5-25be67ef33b9" />
    <UnitTestResult executionId="81512d9f-0be6-4b3a-a818-26fbf5655975" testId="698dd5ef-138e-eb6d-a408-c897a293bf7a" testName="SetCustomPickerResult_Cancel_CustomIntervalOpenResetAndNoNotificationFired" computerName="DKSR-EFI-06" duration="00:00:00.0077320" startTime="2024-01-09T15:46:37.8712919+01:00" endTime="2024-01-09T15:46:37.8869274+01:00" testType="13cdc9d9-ddb5-4fa4-a97d-d965ccfc6d4b" outcome="Passed" testListId="8c84fa94-04c1-424b-9868-57a2d4851a1d" relativeResultsDirectory="81512d9f-0be6-4b3a-a818-26fbf5655975" />
    <UnitTestResult executionId="ea6e1403-1af5-486a-aa6e-5643e27180f7" testId="9aeccaa7-2271-ee00-99ac-96f3fa1164be" testName="SetMapItemCluster_ShouldSetIcon_WhenNotSuperClusterAndNotCamera" computerName="DKSR-EFI-06" duration="00:00:00.0461440" startTime="2024-01-09T15:45:37.7325445+01:00" endTime="2024-01-09T15:45:37.7794201+01:00" testType="13cdc9d9-ddb5-4fa4-a97d-d965ccfc6d4b" outcome="Passed" testListId="8c84fa94-04c1-424b-9868-57a2d4851a1d" relativeResultsDirectory="ea6e1403-1af5-486a-aa6e-5643e27180f7" />
    <UnitTestResult executionId="e4fe6640-e023-4a4b-acd2-7718d47d2c54" testId="642e6019-2faa-a30d-dbaf-ea59f97e9c72" testName="SearchAction_BrowseMode_OneYearInThePast" computerName="DKSR-EFI-06" duration="00:00:00.0107398" startTime="2024-01-09T15:47:12.4108176+01:00" endTime="2024-01-09T15:47:12.4263902+01:00" testType="13cdc9d9-ddb5-4fa4-a97d-d965ccfc6d4b" outcome="Passed" testListId="8c84fa94-04c1-424b-9868-57a2d4851a1d" relativeResultsDirectory="e4fe6640-e023-4a4b-acd2-7718d47d2c54" />
    <UnitTestResult executionId="35bd237b-59a0-4a84-bf53-2899804c38b8" testId="ab974738-a590-83df-60ac-92b301ef7ab8" testName="Deserialize_MissingItemId_Error" computerName="DKSR-EFI-06" duration="00:00:00.0019358" startTime="2024-01-09T15:46:45.5135059+01:00" endTime="2024-01-09T15:46:45.5135059+01:00" testType="13cdc9d9-ddb5-4fa4-a97d-d965ccfc6d4b" outcome="Passed" testListId="8c84fa94-04c1-424b-9868-57a2d4851a1d" relativeResultsDirectory="35bd237b-59a0-4a84-bf53-2899804c38b8" />
    <UnitTestResult executionId="9442aa71-b772-4ec7-ad82-c492fc1bb6dc" testId="b09a1385-ea97-6649-75a7-4f5d4ef865f4" testName="TestProperties_Note_Success" computerName="DKSR-EFI-06" duration="00:00:00.0064477" startTime="2024-01-09T15:47:06.7843449+01:00" endTime="2024-01-09T15:47:06.7999695+01:00" testType="13cdc9d9-ddb5-4fa4-a97d-d965ccfc6d4b" outcome="Passed" testListId="8c84fa94-04c1-424b-9868-57a2d4851a1d" relativeResultsDirectory="9442aa71-b772-4ec7-ad82-c492fc1bb6dc" />
    <UnitTestResult executionId="7eb0c6e1-03ad-4b79-8f79-91652b3780b4" testId="4ef99c33-c023-cc35-d098-ffd6c1e453c8" testName="Warning_Shown_When_Reducing_Protection_Interval" computerName="DKSR-EFI-06" duration="00:00:00.0033077" startTime="2024-01-09T15:47:18.5837096+01:00" endTime="2024-01-09T15:47:18.5837096+01:00" testType="13cdc9d9-ddb5-4fa4-a97d-d965ccfc6d4b" outcome="Passed" testListId="8c84fa94-04c1-424b-9868-57a2d4851a1d" relativeResultsDirectory="7eb0c6e1-03ad-4b79-8f79-91652b3780b4" />
    <UnitTestResult executionId="7e4d0e7b-546b-45c9-af43-6188b81f3aed" testId="92049893-c7c1-0d80-70d7-8d0471e997cf" testName="EndSelection_ShouldStartInPlaceEditMode_WhenItemIsTheOnlySelectedItem" computerName="DKSR-EFI-06" duration="00:00:00.0138162" startTime="2024-01-09T15:45:33.7012974+01:00" endTime="2024-01-09T15:45:33.7169237+01:00" testType="13cdc9d9-ddb5-4fa4-a97d-d965ccfc6d4b" outcome="Passed" testListId="8c84fa94-04c1-424b-9868-57a2d4851a1d" relativeResultsDirectory="7e4d0e7b-546b-45c9-af43-6188b81f3aed" />
    <UnitTestResult executionId="87902474-fc7b-44a2-a72f-725a687928ae" testId="49457dc4-3aa6-62c6-38a6-fe0fa14f8508" testName="SerializationRoundTrip_Success" computerName="DKSR-EFI-06" duration="00:00:00.0049875" startTime="2024-01-09T15:46:45.5760153+01:00" endTime="2024-01-09T15:46:45.5760153+01:00" testType="13cdc9d9-ddb5-4fa4-a97d-d965ccfc6d4b" outcome="Passed" testListId="8c84fa94-04c1-424b-9868-57a2d4851a1d" relativeResultsDirectory="87902474-fc7b-44a2-a72f-725a687928ae" />
    <UnitTestResult executionId="f483f051-c878-4306-a75c-a0d9c776f11e" testId="5770b0b5-2a66-8eb2-b129-73ab244ff2c9" testName="Constructor_ShouldInitializeProperties_WhenCalled" computerName="DKSR-EFI-06" duration="00:00:00.0035859" startTime="2024-01-09T15:45:30.9981686+01:00" endTime="2024-01-09T15:45:30.9981686+01:00" testType="13cdc9d9-ddb5-4fa4-a97d-d965ccfc6d4b" outcome="Passed" testListId="8c84fa94-04c1-424b-9868-57a2d4851a1d" relativeResultsDirectory="f483f051-c878-4306-a75c-a0d9c776f11e" />
    <UnitTestResult executionId="d1e8c0c7-3c33-4663-b431-4ea96480da4c" testId="9a20c48e-d269-b782-9e2c-26946688cee6" testName="BoundingBoxClear" computerName="DKSR-EFI-06" duration="00:00:00.0038033" startTime="2024-01-09T15:47:13.3484520+01:00" endTime="2024-01-09T15:47:13.3484520+01:00" testType="13cdc9d9-ddb5-4fa4-a97d-d965ccfc6d4b" outcome="Passed" testListId="8c84fa94-04c1-424b-9868-57a2d4851a1d" relativeResultsDirectory="d1e8c0c7-3c33-4663-b431-4ea96480da4c" />
    <UnitTestResult executionId="6556ca5c-44e0-47e9-8231-32df7c0c9251" testId="54d37202-700f-6df9-4a02-04121275df7c" testName="DeleteBookmarksAsync_NoPermissionDeleteBookmark_ErrorRaised" computerName="DKSR-EFI-06" duration="00:00:00.0031486" startTime="2024-01-09T15:46:34.4171545+01:00" endTime="2024-01-09T15:46:34.4171545+01:00" testType="13cdc9d9-ddb5-4fa4-a97d-d965ccfc6d4b" outcome="Passed" testListId="8c84fa94-04c1-424b-9868-57a2d4851a1d" relativeResultsDirectory="6556ca5c-44e0-47e9-8231-32df7c0c9251" />
    <UnitTestResult executionId="44b064e8-d958-445e-bf3e-638e336ffece" testId="284a6b15-0a7d-d4a1-ae93-88897a496866" testName="Decorate_ShouldAddChildren_WhenThereAreLayersWithItemsImplementingITitleToggleableAndIBackgroundDiskToggleable" computerName="DKSR-EFI-06" duration="00:00:00.0026877" startTime="2024-01-09T15:45:30.9200418+01:00" endTime="2024-01-09T15:45:30.9200418+01:00" testType="13cdc9d9-ddb5-4fa4-a97d-d965ccfc6d4b" outcome="Passed" testListId="8c84fa94-04c1-424b-9868-57a2d4851a1d" relativeResultsDirectory="44b064e8-d958-445e-bf3e-638e336ffece" />
    <UnitTestResult executionId="a4ea796d-b465-44c0-8e4a-b70ec1e3867b" testId="c37e3ceb-4de2-f887-5ba0-5f1d4459693f" testName="DateToStringConverter_MultiConvertInvalidInput_UnsetValue" computerName="DKSR-EFI-06" duration="00:00:00.0005642" startTime="2024-01-09T15:46:14.3025080+01:00" endTime="2024-01-09T15:46:14.3025080+01:00" testType="13cdc9d9-ddb5-4fa4-a97d-d965ccfc6d4b" outcome="Passed" testListId="8c84fa94-04c1-424b-9868-57a2d4851a1d" relativeResultsDirectory="a4ea796d-b465-44c0-8e4a-b70ec1e3867b" />
    <UnitTestResult executionId="b0246d83-be4e-4f9a-8f4b-fdd8af1f8731" testId="8baf1177-ddd8-e709-9da7-68dded36199a" testName="IconTooltip_ShouldBeValid_WhenInteractionStateIsAddOutput" computerName="DKSR-EFI-06" duration="00:00:00.0004515" startTime="2024-01-09T15:45:31.0450433+01:00" endTime="2024-01-09T15:45:31.0450433+01:00" testType="13cdc9d9-ddb5-4fa4-a97d-d965ccfc6d4b" outcome="Passed" testListId="8c84fa94-04c1-424b-9868-57a2d4851a1d" relativeResultsDirectory="b0246d83-be4e-4f9a-8f4b-fdd8af1f8731" />
    <UnitTestResult executionId="7b48db80-99b7-431a-8bfa-fecf758da5b9" testId="3369c6d4-ee50-9d6e-0705-4fc6884cc7fb" testName="AuthType_ShouldReturnNegotiate_WhenConstructedUsingWindows" computerName="DKSR-EFI-06" duration="00:00:00.0003037" startTime="2024-01-09T15:45:20.2012822+01:00" endTime="2024-01-09T15:45:20.2012822+01:00" testType="13cdc9d9-ddb5-4fa4-a97d-d965ccfc6d4b" outcome="Passed" testListId="8c84fa94-04c1-424b-9868-57a2d4851a1d" relativeResultsDirectory="7b48db80-99b7-431a-8bfa-fecf758da5b9" />
    <UnitTestResult executionId="9e2ef959-52d0-4180-840b-606dd65fcb7f" testId="dff598f9-366f-62da-9c71-d860a04dd5cd" testName="SidePanelToggleButtonIsVisible_DependingOnConditions (FullScreen,True,True,False)" computerName="DKSR-EFI-06" duration="00:00:00.0174062" startTime="2024-01-09T15:47:10.8166546+01:00" endTime="2024-01-09T15:47:10.8322827+01:00" testType="13cdc9d9-ddb5-4fa4-a97d-d965ccfc6d4b" outcome="Passed" testListId="8c84fa94-04c1-424b-9868-57a2d4851a1d" relativeResultsDirectory="9e2ef959-52d0-4180-840b-606dd65fcb7f" />
    <UnitTestResult executionId="5d209d3a-366d-48c0-bee1-9647c000131a" testId="ae6abbbb-4f6b-840f-8d6f-dd6d967cb60f" testName="BookmarkSearchTime_WithSearchStringInDifferentCases_ReturnCorrectBookmarkWithSearchStringInDescription (SeArChStRiNg,True,True,True,False,,,1)" computerName="DKSR-EFI-06" duration="00:00:00.0046078" startTime="2024-01-09T15:47:12.9264943+01:00" endTime="2024-01-09T15:47:12.9421185+01:00" testType="13cdc9d9-ddb5-4fa4-a97d-d965ccfc6d4b" outcome="Passed" testListId="8c84fa94-04c1-424b-9868-57a2d4851a1d" relativeResultsDirectory="5d209d3a-366d-48c0-bee1-9647c000131a" />
    <UnitTestResult executionId="5ec2d9cc-974b-467f-b296-1b079a2f7f4a" testId="13b2a1dd-d764-6ad5-a674-3e86cc761e8a" testName="Deserialize_RelativeScopeDurationAndFromToValues_ToAndFromValuesIgnored" computerName="DKSR-EFI-06" duration="00:00:00.0044432" startTime="2024-01-09T15:46:45.1228167+01:00" endTime="2024-01-09T15:46:45.1384397+01:00" testType="13cdc9d9-ddb5-4fa4-a97d-d965ccfc6d4b" outcome="Passed" testListId="8c84fa94-04c1-424b-9868-57a2d4851a1d" relativeResultsDirectory="5ec2d9cc-974b-467f-b296-1b079a2f7f4a" />
    <UnitTestResult executionId="9103a0c0-da1b-4493-9589-a8890cc0e290" testId="21153cd2-a7a5-1184-78bc-9992e32899dd" testName="AddToExportTuples_ShouldReturnCorrectResult (0,1,0)" computerName="DKSR-EFI-06" duration="00:00:00.0016823" startTime="2024-01-09T15:47:11.5824560+01:00" endTime="2024-01-09T15:47:11.5824560+01:00" testType="13cdc9d9-ddb5-4fa4-a97d-d965ccfc6d4b" outcome="Passed" testListId="8c84fa94-04c1-424b-9868-57a2d4851a1d" relativeResultsDirectory="9103a0c0-da1b-4493-9589-a8890cc0e290" />
    <UnitTestResult executionId="3afb24e2-04d7-40ac-b98f-33a5a19909ee" testId="fbe353e8-c445-3d4e-0596-dbc13a8e8e1e" testName="GetMapLayerArguments_ShouldReturnIGisMapModelAndAlarmsObservables_WhenCalled" computerName="DKSR-EFI-06" duration="00:00:00.0011806" startTime="2024-01-09T15:47:04.3773072+01:00" endTime="2024-01-09T15:47:04.3773072+01:00" testType="13cdc9d9-ddb5-4fa4-a97d-d965ccfc6d4b" outcome="Passed" testListId="8c84fa94-04c1-424b-9868-57a2d4851a1d" relativeResultsDirectory="3afb24e2-04d7-40ac-b98f-33a5a19909ee" />
    <UnitTestResult executionId="8cf296dd-fcd2-428d-a8d9-3b2c74a5c70f" testId="4beda25d-1245-bbb5-fb89-05aa7e1d42ca" testName="CreateSearchTemplateAsync_ValidParameters_Success" computerName="DKSR-EFI-06" duration="00:00:00.0132110" startTime="2024-01-09T15:46:44.1226470+01:00" endTime="2024-01-09T15:46:44.1226470+01:00" testType="13cdc9d9-ddb5-4fa4-a97d-d965ccfc6d4b" outcome="Passed" testListId="8c84fa94-04c1-424b-9868-57a2d4851a1d" relativeResultsDirectory="8cf296dd-fcd2-428d-a8d9-3b2c74a5c70f" />
    <UnitTestResult executionId="b7b503dc-b0e9-49af-a45f-3742847bab96" testId="55f2a393-6280-6aa0-15de-d20389e1fd9f" testName="CreateSearchTemplateAsync_Null_Failure" computerName="DKSR-EFI-06" duration="00:00:00.0057956" startTime="2024-01-09T15:46:44.1070176+01:00" endTime="2024-01-09T15:46:44.1070176+01:00" testType="13cdc9d9-ddb5-4fa4-a97d-d965ccfc6d4b" outcome="Passed" testListId="8c84fa94-04c1-424b-9868-57a2d4851a1d" relativeResultsDirectory="b7b503dc-b0e9-49af-a45f-3742847bab96" />
    <UnitTestResult executionId="cb080abc-65b6-4e48-9db8-ab2f0fd05106" testId="790684f3-79cb-8225-0da5-fcb35e52e25a" testName="BuildSessionStarted_ShouldReturnCorrectValues" computerName="DKSR-EFI-06" duration="00:00:00.0251710" startTime="2024-01-09T15:47:17.4741718+01:00" endTime="2024-01-09T15:47:17.5054279+01:00" testType="13cdc9d9-ddb5-4fa4-a97d-d965ccfc6d4b" outcome="Passed" testListId="8c84fa94-04c1-424b-9868-57a2d4851a1d" relativeResultsDirectory="cb080abc-65b6-4e48-9db8-ab2f0fd05106" />
    <UnitTestResult executionId="75f7535d-11df-406c-a21f-7aea6c24dd64" testId="4a1694b5-7db1-bf67-dca4-8860f0f31e9d" testName="DisplayErrorOnNotificationArea_UnknownDerivedFromSearchError_LoggingEnabled_Success" computerName="DKSR-EFI-06" duration="00:00:00.0327408" startTime="2024-01-09T15:46:38.3870416+01:00" endTime="2024-01-09T15:46:38.4183579+01:00" testType="13cdc9d9-ddb5-4fa4-a97d-d965ccfc6d4b" outcome="Passed" testListId="8c84fa94-04c1-424b-9868-57a2d4851a1d" relativeResultsDirectory="75f7535d-11df-406c-a21f-7aea6c24dd64" />
    <UnitTestResult executionId="a30622c1-ae5a-4efb-abf4-7aec8410fa57" testId="965562eb-8289-311d-8c35-1161a699ffcd" testName="MipItemsMapLayer_Constructed_Success" computerName="DKSR-EFI-06" duration="00:00:00.0140285" startTime="2024-01-09T15:47:01.3453902+01:00" endTime="2024-01-09T15:47:01.3610162+01:00" testType="13cdc9d9-ddb5-4fa4-a97d-d965ccfc6d4b" outcome="Passed" testListId="8c84fa94-04c1-424b-9868-57a2d4851a1d" relativeResultsDirectory="a30622c1-ae5a-4efb-abf4-7aec8410fa57" />
    <UnitTestResult executionId="ee67f3ae-75f2-4354-a26a-ef67e8627ea0" testId="2d9d257b-dc7a-dd0a-92c1-64a2f9201d0f" testName="LoadInitialState_OfflineMode_ReturnsStateWithTimeScopeFromOfflineManager" computerName="DKSR-EFI-06" duration="00:00:00.0162228" startTime="2024-01-09T15:45:44.8267763+01:00" endTime="2024-01-09T15:45:44.8424091+01:00" testType="13cdc9d9-ddb5-4fa4-a97d-d965ccfc6d4b" outcome="Passed" testListId="8c84fa94-04c1-424b-9868-57a2d4851a1d" relativeResultsDirectory="ee67f3ae-75f2-4354-a26a-ef67e8627ea0" />
    <UnitTestResult executionId="2a04801f-4543-44d6-b84f-2bef5ba5b8ef" testId="1b5117b5-2de0-24e5-94e2-f368e4d15b39" testName="Disable_WhenInvoked_ThenAlarmsDisabledAndNoSubscribers" computerName="DKSR-EFI-06" duration="00:00:00.0011225" startTime="2024-01-09T15:47:04.5023460+01:00" endTime="2024-01-09T15:47:04.5023460+01:00" testType="13cdc9d9-ddb5-4fa4-a97d-d965ccfc6d4b" outcome="Passed" testListId="8c84fa94-04c1-424b-9868-57a2d4851a1d" relativeResultsDirectory="2a04801f-4543-44d6-b84f-2bef5ba5b8ef" />
    <UnitTestResult executionId="3b85ef56-c658-40d7-8dc4-f7490cb61003" testId="06412854-071a-034e-5a5f-ce51d467c3ae" testName="UpdateScope_NullItems_Throws" computerName="DKSR-EFI-06" duration="00:00:00.0006610" startTime="2024-01-09T15:46:45.2634645+01:00" endTime="2024-01-09T15:46:45.2634645+01:00" testType="13cdc9d9-ddb5-4fa4-a97d-d965ccfc6d4b" outcome="Passed" testListId="8c84fa94-04c1-424b-9868-57a2d4851a1d" relativeResultsDirectory="3b85ef56-c658-40d7-8dc4-f7490cb61003" />
    <UnitTestResult executionId="9593f65b-eea9-476e-a4ac-0f42153033cf" testId="b77b4041-c2a1-a348-dd99-14c2acc50a9c" testName="ConvertToNewLevel_ThreeLevelsDown_Success" computerName="DKSR-EFI-06" duration="00:00:00.0002439" startTime="2024-01-09T15:47:08.7536512+01:00" endTime="2024-01-09T15:47:08.7536512+01:00" testType="13cdc9d9-ddb5-4fa4-a97d-d965ccfc6d4b" outcome="Passed" testListId="8c84fa94-04c1-424b-9868-57a2d4851a1d" relativeResultsDirectory="9593f65b-eea9-476e-a4ac-0f42153033cf" />
    <UnitTestResult executionId="cd1c43ce-88c4-4b9f-9547-64a1a7a12f22" testId="a2d013ca-7402-4f94-4ab9-860cc766f7d2" testName="SearchCriteriaOnChanged_ShouldUpdateRegionSelectionFilterValue_WhenCameraScopeIsUpdated" computerName="DKSR-EFI-06" duration="00:00:00.0053915" startTime="2024-01-09T15:46:45.3728656+01:00" endTime="2024-01-09T15:46:45.3728656+01:00" testType="13cdc9d9-ddb5-4fa4-a97d-d965ccfc6d4b" outcome="Passed" testListId="8c84fa94-04c1-424b-9868-57a2d4851a1d" relativeResultsDirectory="cd1c43ce-88c4-4b9f-9547-64a1a7a12f22" />
    <UnitTestResult executionId="dec375c7-38af-40f6-802e-d63f2a15698e" testId="3f3233bd-4893-b779-69f6-789d6f6a1d9a" testName="AddAttributeValueCommand_NullValue_AttributeValueSet" computerName="DKSR-EFI-06" duration="00:00:00.0017316" startTime="2024-01-09T15:46:34.4484132+01:00" endTime="2024-01-09T15:46:34.4484132+01:00" testType="13cdc9d9-ddb5-4fa4-a97d-d965ccfc6d4b" outcome="Passed" testListId="8c84fa94-04c1-424b-9868-57a2d4851a1d" relativeResultsDirectory="dec375c7-38af-40f6-802e-d63f2a15698e" />
    <UnitTestResult executionId="cff54b69-792f-4763-866b-a24c9fa62982" testId="64e7256a-b290-3467-22a6-88571ed2d255" testName="PatrollingStepListViewModel_DeleteStepExecute" computerName="DKSR-EFI-06" duration="00:00:00.0024331" startTime="2024-01-09T15:47:09.6288770+01:00" endTime="2024-01-09T15:47:09.6288770+01:00" testType="13cdc9d9-ddb5-4fa4-a97d-d965ccfc6d4b" outcome="Passed" testListId="8c84fa94-04c1-424b-9868-57a2d4851a1d" relativeResultsDirectory="cff54b69-792f-4763-866b-a24c9fa62982" />
    <UnitTestResult executionId="4f30769b-8681-4abf-93f3-994108148184" testId="e858b755-e862-b910-8b81-43167ff825a3" testName="DeleteBookmarksAsync_3items_Success" computerName="DKSR-EFI-06" duration="00:00:00.0116869" startTime="2024-01-09T15:46:34.4015226+01:00" endTime="2024-01-09T15:46:34.4171545+01:00" testType="13cdc9d9-ddb5-4fa4-a97d-d965ccfc6d4b" outcome="Passed" testListId="8c84fa94-04c1-424b-9868-57a2d4851a1d" relativeResultsDirectory="4f30769b-8681-4abf-93f3-994108148184" />
    <UnitTestResult executionId="22db6159-45b4-4919-b445-f639cb456060" testId="3147bc1a-6400-429f-1c8f-cd7dc6defaa1" testName="PopulateTooltip_ManyResultsFromFewCameras12Hours_ValidText" computerName="DKSR-EFI-06" duration="00:00:00.1875578" startTime="2024-01-09T15:46:28.2280288+01:00" endTime="2024-01-09T15:46:28.4155604+01:00" testType="13cdc9d9-ddb5-4fa4-a97d-d965ccfc6d4b" outcome="Passed" testListId="8c84fa94-04c1-424b-9868-57a2d4851a1d" relativeResultsDirectory="22db6159-45b4-4919-b445-f639cb456060" />
    <UnitTestResult executionId="0402036b-38bd-4043-b654-06217c1e1977" testId="1326eca0-5707-a15c-4eaf-c5b6ab9d34ec" testName="OutputMapItem_ForceActivateAsync_InBuilding_MapLevelsNotLoaded_Success" computerName="DKSR-EFI-06" duration="00:00:00.0139871" startTime="2024-01-09T15:47:05.5183197+01:00" endTime="2024-01-09T15:47:05.5341281+01:00" testType="13cdc9d9-ddb5-4fa4-a97d-d965ccfc6d4b" outcome="Passed" testListId="8c84fa94-04c1-424b-9868-57a2d4851a1d" relativeResultsDirectory="0402036b-38bd-4043-b654-06217c1e1977" />
    <UnitTestResult executionId="48269178-d56e-48ab-9385-5f0376635a8e" testId="18d974d6-a642-8807-34d7-9a9c256df013" testName="Loaded_NoActionBarPlugins_NoActionButtonsPresent" computerName="DKSR-EFI-06" duration="00:00:00.1100709" startTime="2024-01-09T15:45:47.3587610+01:00" endTime="2024-01-09T15:45:47.4681638+01:00" testType="13cdc9d9-ddb5-4fa4-a97d-d965ccfc6d4b" outcome="Passed" testListId="8c84fa94-04c1-424b-9868-57a2d4851a1d" relativeResultsDirectory="48269178-d56e-48ab-9385-5f0376635a8e" />
    <UnitTestResult executionId="6db6f4a1-76c4-4bb4-86bc-7557080f4dff" testId="eeeef62f-490f-22e7-a2d2-ec5886a54dce" testName="GetResultGroups_ShouldReturnGroupsMatchingSearchAgentIds_WhenResultsAreNotCombined" computerName="DKSR-EFI-06" duration="00:00:00.0050828" startTime="2024-01-09T15:46:35.9332464+01:00" endTime="2024-01-09T15:46:35.9332464+01:00" testType="13cdc9d9-ddb5-4fa4-a97d-d965ccfc6d4b" outcome="Passed" testListId="8c84fa94-04c1-424b-9868-57a2d4851a1d" relativeResultsDirectory="6db6f4a1-76c4-4bb4-86bc-7557080f4dff" />
    <UnitTestResult executionId="a50bd0d5-fcb7-4e28-a363-015239767e9f" testId="2f6c3871-63b7-76a6-f56a-4c6dd0f4f467" testName="SearchResultDetailsView_EscapeKey_AnimationDisabled_DetailsViewRemovedFromDetailsViewControl" computerName="DKSR-EFI-06" startTime="2024-01-09T15:45:56.7043741+01:00" endTime="2024-01-09T15:45:56.7043741+01:00" testType="13cdc9d9-ddb5-4fa4-a97d-d965ccfc6d4b" outcome="NotExecuted" testListId="8c84fa94-04c1-424b-9868-57a2d4851a1d" relativeResultsDirectory="a50bd0d5-fcb7-4e28-a363-015239767e9f">
      <Output></Output>
    </UnitTestResult>
    <UnitTestResult executionId="f9689a18-05ad-416a-b611-48af6a09b6cd" testId="4a2ca9ff-adc0-1722-277d-f773fee59568" testName="AddSelectedWindowsToExport_ShouldShowCorrectToastMessages (5,5,5)" computerName="DKSR-EFI-06" duration="00:00:00.0104166" startTime="2024-01-09T15:47:11.8481416+01:00" endTime="2024-01-09T15:47:11.8637681+01:00" testType="13cdc9d9-ddb5-4fa4-a97d-d965ccfc6d4b" outcome="Passed" testListId="8c84fa94-04c1-424b-9868-57a2d4851a1d" relativeResultsDirectory="f9689a18-05ad-416a-b611-48af6a09b6cd" />
    <UnitTestResult executionId="9ae5fe58-7c97-4be5-8eae-aadd35d7af2c" testId="f680908c-3b4b-7b4d-7066-6e5fce7c0b27" testName="GetClusters_ExcludeThenIncludeExcludedItems_NoChange (Data Row 14)" computerName="DKSR-EFI-06" duration="00:00:00.0094206" startTime="2024-01-09T15:47:07.8784025+01:00" endTime="2024-01-09T15:47:08.0815823+01:00" testType="13cdc9d9-ddb5-4fa4-a97d-d965ccfc6d4b" outcome="Passed" testListId="8c84fa94-04c1-424b-9868-57a2d4851a1d" relativeResultsDirectory="9ae5fe58-7c97-4be5-8eae-aadd35d7af2c" />
    <UnitTestResult executionId="b08d97c3-1ff1-47c0-b06e-7729b7fe075f" testId="6041a665-a5c2-d6e3-acc3-d07918acde37" testName="BoundingBoxLiveStart" computerName="DKSR-EFI-06" duration="00:00:00.1460231" startTime="2024-01-09T15:47:13.0358892+01:00" endTime="2024-01-09T15:47:13.1765417+01:00" testType="13cdc9d9-ddb5-4fa4-a97d-d965ccfc6d4b" outcome="Passed" testListId="8c84fa94-04c1-424b-9868-57a2d4851a1d" relativeResultsDirectory="b08d97c3-1ff1-47c0-b06e-7729b7fe075f" />
    <UnitTestResult executionId="026bb8db-3978-4e7c-8aa8-7b4e073b0a68" testId="0b5a5a76-188a-3cd1-7ad8-530b93b01a49" testName="SupportsDoubleClick_ShouldBeFalse_WhenInteractionStateIsNotNormalOrNewDevice" computerName="DKSR-EFI-06" duration="00:00:00.0450612" startTime="2024-01-09T15:45:37.4981701+01:00" endTime="2024-01-09T15:45:37.5450462+01:00" testType="13cdc9d9-ddb5-4fa4-a97d-d965ccfc6d4b" outcome="Passed" testListId="8c84fa94-04c1-424b-9868-57a2d4851a1d" relativeResultsDirectory="026bb8db-3978-4e7c-8aa8-7b4e073b0a68" />
    <UnitTestResult executionId="e623db31-f35d-483b-a604-5d0d91437b3f" testId="01b97152-1f28-3a19-acee-e24e8fccadd4" testName="Reactivated_Success" computerName="DKSR-EFI-06" duration="00:00:00.0069650" startTime="2024-01-09T15:45:45.0455931+01:00" endTime="2024-01-09T15:45:45.0455931+01:00" testType="13cdc9d9-ddb5-4fa4-a97d-d965ccfc6d4b" outcome="Passed" testListId="8c84fa94-04c1-424b-9868-57a2d4851a1d" relativeResultsDirectory="e623db31-f35d-483b-a604-5d0d91437b3f" />
    <UnitTestResult executionId="54213b25-231c-4cd4-aa0c-0284cf204545" testId="58415a14-73c9-7515-7cc6-10b983611842" testName="SearchAction_BrowseMode_OneYearInTheFuture" computerName="DKSR-EFI-06" duration="00:00:00.0056068" startTime="2024-01-09T15:47:15.5207282+01:00" endTime="2024-01-09T15:47:15.5207282+01:00" testType="13cdc9d9-ddb5-4fa4-a97d-d965ccfc6d4b" outcome="Passed" testListId="8c84fa94-04c1-424b-9868-57a2d4851a1d" relativeResultsDirectory="54213b25-231c-4cd4-aa0c-0284cf204545" />
    <UnitTestResult executionId="cab42669-54b9-4547-8c74-164e5ba3d31b" testId="9029e935-145d-d5fd-fae9-96c860349038" testName="GetClusters_AddedItems_ClustersForAddedItems (Data Row 12)" computerName="DKSR-EFI-06" duration="00:00:00.0101238" startTime="2024-01-09T15:47:09.0193458+01:00" endTime="2024-01-09T15:47:09.2381415+01:00" testType="13cdc9d9-ddb5-4fa4-a97d-d965ccfc6d4b" outcome="Passed" testListId="8c84fa94-04c1-424b-9868-57a2d4851a1d" relativeResultsDirectory="cab42669-54b9-4547-8c74-164e5ba3d31b" />
    <UnitTestResult executionId="95d16c51-d25a-4bfb-807f-c82d474d0916" testId="80e1e452-82cf-b088-db40-d28f7d32c62d" testName="EdgeRetrieve when Playback" computerName="DKSR-EFI-06" duration="00:00:00.0185577" startTime="2024-01-09T15:47:10.3946794+01:00" endTime="2024-01-09T15:47:10.6447369+01:00" testType="13cdc9d9-ddb5-4fa4-a97d-d965ccfc6d4b" outcome="Passed" testListId="8c84fa94-04c1-424b-9868-57a2d4851a1d" relativeResultsDirectory="95d16c51-d25a-4bfb-807f-c82d474d0916" />
    <UnitTestResult executionId="7ef3580b-0ada-4d26-992f-bdd8da3b2ed0" testId="cee32012-58c3-68f0-2859-0edd65456cf2" testName="EdgeRetrievalDisabled_WithNoRetrieveEdgeRecordingsDevices" computerName="DKSR-EFI-06" duration="00:00:00.0186913" startTime="2024-01-09T15:47:10.6916306+01:00" endTime="2024-01-09T15:47:10.7072531+01:00" testType="13cdc9d9-ddb5-4fa4-a97d-d965ccfc6d4b" outcome="Passed" testListId="8c84fa94-04c1-424b-9868-57a2d4851a1d" relativeResultsDirectory="7ef3580b-0ada-4d26-992f-bdd8da3b2ed0" />
    <UnitTestResult executionId="6eb843d8-5f7d-4d02-8e3a-a1b532108cbf" testId="239b3280-9e3f-daec-90e9-2d7422e5091c" testName="Serialize_SearchDefinitionWithNonSerializableFilterValue_FilterValueOmitted" computerName="DKSR-EFI-06" duration="00:00:00.0009732" startTime="2024-01-09T15:46:45.5135059+01:00" endTime="2024-01-09T15:46:45.5135059+01:00" testType="13cdc9d9-ddb5-4fa4-a97d-d965ccfc6d4b" outcome="Passed" testListId="8c84fa94-04c1-424b-9868-57a2d4851a1d" relativeResultsDirectory="6eb843d8-5f7d-4d02-8e3a-a1b532108cbf" />
    <UnitTestResult executionId="43723c38-1461-43a2-8af6-1e66592ce628" testId="80faadd3-7ee5-fd40-aebd-98e719e96493" testName="TestUpdateState_3Cameras" computerName="DKSR-EFI-06" duration="00:00:00.0147310" startTime="2024-01-09T15:47:12.2544839+01:00" endTime="2024-01-09T15:47:12.2701031+01:00" testType="13cdc9d9-ddb5-4fa4-a97d-d965ccfc6d4b" outcome="Passed" testListId="8c84fa94-04c1-424b-9868-57a2d4851a1d" relativeResultsDirectory="43723c38-1461-43a2-8af6-1e66592ce628" />
    <UnitTestResult executionId="a2f53c95-08af-4d63-9db9-8810fa779441" testId="cd274a06-2388-99e3-3a1d-9499479d5159" testName="GetWorkspaceToolbarItems_ShouldReturnNoToolbarItems_WhenNoPluginsAndPluginGroupsAreSet" computerName="DKSR-EFI-06" duration="00:00:00.0181537" startTime="2024-01-09T15:47:10.1289998+01:00" endTime="2024-01-09T15:47:10.1446226+01:00" testType="13cdc9d9-ddb5-4fa4-a97d-d965ccfc6d4b" outcome="Passed" testListId="8c84fa94-04c1-424b-9868-57a2d4851a1d" relativeResultsDirectory="a2f53c95-08af-4d63-9db9-8810fa779441" />
    <UnitTestResult executionId="2d26f7f8-b284-4df0-b2d0-bbea551aa1f6" testId="02670d69-ce2a-fe6d-73fd-2b66fd26f5d4" testName="AddToExportDevices_ShouldReturnCorrectResult (1,1,1)" computerName="DKSR-EFI-06" duration="00:00:00.0019929" startTime="2024-01-09T15:47:11.7074850+01:00" endTime="2024-01-09T15:47:11.7074850+01:00" testType="13cdc9d9-ddb5-4fa4-a97d-d965ccfc6d4b" outcome="Passed" testListId="8c84fa94-04c1-424b-9868-57a2d4851a1d" relativeResultsDirectory="2d26f7f8-b284-4df0-b2d0-bbea551aa1f6" />
    <UnitTestResult executionId="0b41530f-4440-4f45-903a-620fd63fbfb1" testId="8a54600b-ddfe-122f-8fbb-15179853629f" testName="ScWorkspaceStateChangedEvent_ShouldSetDeviceStateToMuted_WhenSwitchingToSetupModeAndDeviceStateIsUnMuted" computerName="DKSR-EFI-06" duration="00:00:00.0342002" startTime="2024-01-09T15:47:04.5023460+01:00" endTime="2024-01-09T15:47:04.5492411+01:00" testType="13cdc9d9-ddb5-4fa4-a97d-d965ccfc6d4b" outcome="Passed" testListId="8c84fa94-04c1-424b-9868-57a2d4851a1d" relativeResultsDirectory="0b41530f-4440-4f45-903a-620fd63fbfb1" />
    <UnitTestResult executionId="68715df3-54f2-4120-b05a-b0b9526a8d32" testId="a1160efa-2835-5d9d-5525-8de08fe1c5f9" testName="Ctor_DefaultFalseWithAppConfigOverride_AddScriptSetToTrue" computerName="DKSR-EFI-06" duration="00:00:00.0078422" startTime="2024-01-09T15:45:22.0919111+01:00" endTime="2024-01-09T15:45:22.0919111+01:00" testType="13cdc9d9-ddb5-4fa4-a97d-d965ccfc6d4b" outcome="Passed" testListId="8c84fa94-04c1-424b-9868-57a2d4851a1d" relativeResultsDirectory="68715df3-54f2-4120-b05a-b0b9526a8d32" />
    <UnitTestResult executionId="346a8c19-7581-4979-a5b3-6cda87267a5e" testId="0edc3f32-14dd-b812-075b-a9e435bcc1ca" testName="Ctor_NullPassedToNotNullParameters_Failure" computerName="DKSR-EFI-06" duration="00:00:00.1088299" startTime="2024-01-09T15:46:44.4039484+01:00" endTime="2024-01-09T15:46:44.5133424+01:00" testType="13cdc9d9-ddb5-4fa4-a97d-d965ccfc6d4b" outcome="Passed" testListId="8c84fa94-04c1-424b-9868-57a2d4851a1d" relativeResultsDirectory="346a8c19-7581-4979-a5b3-6cda87267a5e" />
    <UnitTestResult executionId="2a97009a-7791-4434-bcc0-cfb9daf968fd" testId="eee00570-2c88-ed70-4bff-bb8eb4983fd1" testName="CalculateNewExtent_ShouldLimitExtent_WhenBeyondMaxOnLowerRightEdge" computerName="DKSR-EFI-06" duration="00:00:00.0003708" startTime="2024-01-09T15:45:39.4044222+01:00" endTime="2024-01-09T15:45:39.4044222+01:00" testType="13cdc9d9-ddb5-4fa4-a97d-d965ccfc6d4b" outcome="Passed" testListId="8c84fa94-04c1-424b-9868-57a2d4851a1d" relativeResultsDirectory="2a97009a-7791-4434-bcc0-cfb9daf968fd" />
    <UnitTestResult executionId="24777bc9-1ee6-4f16-93f0-fedba35135e1" testId="f61a8a43-f371-24a0-5a58-6db210060a1a" testName="Password1 invalid, Password 2 valid" computerName="DKSR-EFI-06" duration="00:00:00.0002439" startTime="2024-01-09T15:45:44.4203980+01:00" endTime="2024-01-09T15:45:44.4360288+01:00" testType="13cdc9d9-ddb5-4fa4-a97d-d965ccfc6d4b" outcome="Passed" testListId="8c84fa94-04c1-424b-9868-57a2d4851a1d" relativeResultsDirectory="24777bc9-1ee6-4f16-93f0-fedba35135e1" />
    <UnitTestResult executionId="e8fe95ca-3bf1-4e50-bd14-7716b9e23aa3" testId="6a069b88-27e1-e70c-13f9-4c619372c66b" testName="SearchResultCombineType_ShouldStartSearchWithEmptyCollection_WhenValueChanges" computerName="DKSR-EFI-06" duration="00:00:00.0110254" startTime="2024-01-09T15:46:38.6683701+01:00" endTime="2024-01-09T15:46:38.6840027+01:00" testType="13cdc9d9-ddb5-4fa4-a97d-d965ccfc6d4b" outcome="Passed" testListId="8c84fa94-04c1-424b-9868-57a2d4851a1d" relativeResultsDirectory="e8fe95ca-3bf1-4e50-bd14-7716b9e23aa3" />
    <UnitTestResult executionId="471dc709-2399-4fc9-8e03-5396742c5c96" testId="361fc6c6-0e8b-67f9-3bea-df214e20d9d1" testName="GetLayerVisibilityItemsData_ShouldAddTwoToggleableVisibilityItemData_WhenAnyDeviceMapLayerIsProvided" computerName="DKSR-EFI-06" duration="00:00:00.0068208" startTime="2024-01-09T15:45:30.7950417+01:00" endTime="2024-01-09T15:45:30.7950417+01:00" testType="13cdc9d9-ddb5-4fa4-a97d-d965ccfc6d4b" outcome="Passed" testListId="8c84fa94-04c1-424b-9868-57a2d4851a1d" relativeResultsDirectory="471dc709-2399-4fc9-8e03-5396742c5c96" />
    <UnitTestResult executionId="2b326945-eac6-4594-a393-f5681f817921" testId="0a4e5b36-6578-df3d-cfd2-3d6ee660820a" testName="GetClusters_ExcludeFromClustering_OnlyClustersForExcludedItems (Data Row 9)" computerName="DKSR-EFI-06" duration="00:00:00.0128189" startTime="2024-01-09T15:47:07.4876662+01:00" endTime="2024-01-09T15:47:07.8627695+01:00" testType="13cdc9d9-ddb5-4fa4-a97d-d965ccfc6d4b" outcome="Passed" testListId="8c84fa94-04c1-424b-9868-57a2d4851a1d" relativeResultsDirectory="2b326945-eac6-4594-a393-f5681f817921" />
    <UnitTestResult executionId="0da516d7-3fc0-4bde-97a3-957d7fb52cde" testId="623a898d-977d-5b91-e1b8-7c6682d95502" testName="MapLayerType_ShouldBeNull_WhenCalled" computerName="DKSR-EFI-06" duration="00:00:00.0001803" startTime="2024-01-09T15:47:04.3773072+01:00" endTime="2024-01-09T15:47:04.3773072+01:00" testType="13cdc9d9-ddb5-4fa4-a97d-d965ccfc6d4b" outcome="Passed" testListId="8c84fa94-04c1-424b-9868-57a2d4851a1d" relativeResultsDirectory="0da516d7-3fc0-4bde-97a3-957d7fb52cde" />
    <UnitTestResult executionId="624b8482-2cc4-4e51-9283-acf6d3b17cc6" testId="92df0312-a314-f2ad-872b-182bbef5a446" testName="ValidateExportFormats_VideoClipFormat_ShouldValidate" computerName="DKSR-EFI-06" duration="00:00:00.0143474" startTime="2024-01-09T15:45:44.3735111+01:00" endTime="2024-01-09T15:45:44.3891383+01:00" testType="13cdc9d9-ddb5-4fa4-a97d-d965ccfc6d4b" outcome="Passed" testListId="8c84fa94-04c1-424b-9868-57a2d4851a1d" relativeResultsDirectory="624b8482-2cc4-4e51-9283-acf6d3b17cc6" />
    <UnitTestResult executionId="1f5095ad-9490-44bb-b0f7-6eeecab59cf8" testId="36554cb2-1edf-a642-dc86-4d6ff7ede95e" testName="PatrollingStepListViewModel_Constructor_Success" computerName="DKSR-EFI-06" duration="00:00:00.0025945" startTime="2024-01-09T15:47:09.5976086+01:00" endTime="2024-01-09T15:47:09.5976086+01:00" testType="13cdc9d9-ddb5-4fa4-a97d-d965ccfc6d4b" outcome="Passed" testListId="8c84fa94-04c1-424b-9868-57a2d4851a1d" relativeResultsDirectory="1f5095ad-9490-44bb-b0f7-6eeecab59cf8" />
    <UnitTestResult executionId="af4bf5a5-0e66-401d-a620-7e4ff9afa20b" testId="0d43d95c-82c9-c386-cdd6-8d869ea0afd9" testName="PatrollingPresetViewModel_Constructor_2_Success" computerName="DKSR-EFI-06" duration="00:00:00.0118269" startTime="2024-01-09T15:47:09.3475515+01:00" endTime="2024-01-09T15:47:09.3475515+01:00" testType="13cdc9d9-ddb5-4fa4-a97d-d965ccfc6d4b" outcome="Passed" testListId="8c84fa94-04c1-424b-9868-57a2d4851a1d" relativeResultsDirectory="af4bf5a5-0e66-401d-a620-7e4ff9afa20b" />
    <UnitTestResult executionId="4ed2f9ed-a47e-4869-a96a-1ddeb4bfbaf0" testId="2c45a0c4-a819-6921-a82a-e9167bcfa09d" testName="AddLevel_Success" computerName="DKSR-EFI-06" duration="00:00:00.0505067" startTime="2024-01-09T15:47:06.7999695+01:00" endTime="2024-01-09T15:47:06.8468551+01:00" testType="13cdc9d9-ddb5-4fa4-a97d-d965ccfc6d4b" outcome="Passed" testListId="8c84fa94-04c1-424b-9868-57a2d4851a1d" relativeResultsDirectory="4ed2f9ed-a47e-4869-a96a-1ddeb4bfbaf0" />
    <UnitTestResult executionId="c0d5c4ef-3c81-4f08-a41c-eb82be8a6f09" testId="f680908c-3b4b-7b4d-7066-6e5fce7c0b27" testName="GetClusters_ExcludeThenIncludeExcludedItems_NoChange (Data Row 15)" computerName="DKSR-EFI-06" duration="00:00:00.0118549" startTime="2024-01-09T15:47:07.8784025+01:00" endTime="2024-01-09T15:47:08.0815823+01:00" testType="13cdc9d9-ddb5-4fa4-a97d-d965ccfc6d4b" outcome="Passed" testListId="8c84fa94-04c1-424b-9868-57a2d4851a1d" relativeResultsDirectory="c0d5c4ef-3c81-4f08-a41c-eb82be8a6f09" />
    <UnitTestResult executionId="2b06902e-75e6-4ec9-84f6-cc30a5236115" testId="d9d0601b-6afc-d56b-58cd-43bff45267f6" testName="OnLayersRetrieved_ShouldSetComponentsOrdered_WhenLayersCollectionContainsCamera" computerName="DKSR-EFI-06" duration="00:00:00.0171710" startTime="2024-01-09T15:45:28.7012928+01:00" endTime="2024-01-09T15:45:28.7169179+01:00" testType="13cdc9d9-ddb5-4fa4-a97d-d965ccfc6d4b" outcome="Passed" testListId="8c84fa94-04c1-424b-9868-57a2d4851a1d" relativeResultsDirectory="2b06902e-75e6-4ec9-84f6-cc30a5236115" />
    <UnitTestResult executionId="27959106-1bd3-4994-bbd5-a12993c5395c" testId="8ef9e844-3d1a-7964-caca-ab02c4eee36c" testName="ShowSuccessToast_ShouldShowCorrectNumberOfToasts (0,0)" computerName="DKSR-EFI-06" duration="00:00:00.0209333" startTime="2024-01-09T15:47:11.8637681+01:00" endTime="2024-01-09T15:47:11.8793937+01:00" testType="13cdc9d9-ddb5-4fa4-a97d-d965ccfc6d4b" outcome="Passed" testListId="8c84fa94-04c1-424b-9868-57a2d4851a1d" relativeResultsDirectory="27959106-1bd3-4994-bbd5-a12993c5395c" />
    <UnitTestResult executionId="ac766fa0-94f8-4b63-9f1c-f5efd6b0106b" testId="828aa887-d61e-2965-7b2f-bafe3c7dac25" testName="Constructor_ShouldThrow_ArgumentNullException_WhenConstructedWithNullClientCredentials" computerName="DKSR-EFI-06" duration="00:00:00.0011173" startTime="2024-01-09T15:45:20.2794070+01:00" endTime="2024-01-09T15:45:20.2794070+01:00" testType="13cdc9d9-ddb5-4fa4-a97d-d965ccfc6d4b" outcome="Passed" testListId="8c84fa94-04c1-424b-9868-57a2d4851a1d" relativeResultsDirectory="ac766fa0-94f8-4b63-9f1c-f5efd6b0106b" />
    <UnitTestResult executionId="489a89f7-c02e-45b6-bed9-ede26a2bf150" testId="6247c776-b6f2-69b6-74d1-6fc24161e71e" testName="MoveToTop_ShouldMoveMarkerTopmost_WhenNotAlreadyTopmostButHasPreviouslyBeenMovedToTop" computerName="DKSR-EFI-06" duration="00:00:00.0081890" startTime="2024-01-09T15:45:31.7481688+01:00" endTime="2024-01-09T15:45:31.7481688+01:00" testType="13cdc9d9-ddb5-4fa4-a97d-d965ccfc6d4b" outcome="Passed" testListId="8c84fa94-04c1-424b-9868-57a2d4851a1d" relativeResultsDirectory="489a89f7-c02e-45b6-bed9-ede26a2bf150" />
    <UnitTestResult executionId="d03d0e38-2893-4aa1-b52d-d1232decdc04" testId="ae852a8d-7ae4-98ec-f509-452d42fd042a" testName="BuildMapOptions_ShouldHandleStringOptionsCorrectly (GisMapOpenStreetMapAlternativeServer,,False)" computerName="DKSR-EFI-06" duration="00:00:00.0009339" startTime="2024-01-09T15:47:17.4429746+01:00" endTime="2024-01-09T15:47:17.4429746+01:00" testType="13cdc9d9-ddb5-4fa4-a97d-d965ccfc6d4b" outcome="Passed" testListId="8c84fa94-04c1-424b-9868-57a2d4851a1d" relativeResultsDirectory="d03d0e38-2893-4aa1-b52d-d1232decdc04" />
    <UnitTestResult executionId="fd8c41e7-d5df-40f9-8297-f91dc87ef132" testId="2e3adaa4-ba6e-d91b-783c-2bb11efe1b7a" testName="Ctor_WpfMessageBoxButtonIsSetToYesNo_OnlyYesNoButtonsVisible" computerName="DKSR-EFI-06" duration="00:00:00.0004027" startTime="2024-01-09T15:47:11.1136016+01:00" endTime="2024-01-09T15:47:11.1136016+01:00" testType="13cdc9d9-ddb5-4fa4-a97d-d965ccfc6d4b" outcome="Passed" testListId="8c84fa94-04c1-424b-9868-57a2d4851a1d" relativeResultsDirectory="fd8c41e7-d5df-40f9-8297-f91dc87ef132" />
    <UnitTestResult executionId="40ae391c-58a8-494d-bcbb-07e089fd3841" testId="eaed56d6-5fe7-43a9-6be3-9e902b595505" testName="TestConstructor_Copy_Success" computerName="DKSR-EFI-06" duration="00:00:00.0004962" startTime="2024-01-09T15:47:02.9237507+01:00" endTime="2024-01-09T15:47:02.9237507+01:00" testType="13cdc9d9-ddb5-4fa4-a97d-d965ccfc6d4b" outcome="Passed" testListId="8c84fa94-04c1-424b-9868-57a2d4851a1d" relativeResultsDirectory="40ae391c-58a8-494d-bcbb-07e089fd3841" />
    <UnitTestResult executionId="3a71b690-c84c-4e01-ab10-d9b74f62271e" testId="86d2f9a3-cd73-6e30-e154-d9542034e978" testName="InitializeTokenException_ShouldThrow_WhenErrorOutOfRangeHigh" computerName="DKSR-EFI-06" duration="00:00:00.0004123" startTime="2024-01-09T15:47:17.2085079+01:00" endTime="2024-01-09T15:47:17.2085079+01:00" testType="13cdc9d9-ddb5-4fa4-a97d-d965ccfc6d4b" outcome="Passed" testListId="8c84fa94-04c1-424b-9868-57a2d4851a1d" relativeResultsDirectory="3a71b690-c84c-4e01-ab10-d9b74f62271e" />
    <UnitTestResult executionId="2b092782-21f6-4526-a656-77ec8b117cf3" testId="8f3be891-cc07-82e3-b944-406561072d26" testName="GetBoundingShapesPathsAsync_ShouldGetBoundingShapesFromAllSources_WhenAllSourcesArePassedIn" computerName="DKSR-EFI-06" duration="00:00:00.0251758" startTime="2024-01-09T15:46:43.8569742+01:00" endTime="2024-01-09T15:46:43.8882355+01:00" testType="13cdc9d9-ddb5-4fa4-a97d-d965ccfc6d4b" outcome="Passed" testListId="8c84fa94-04c1-424b-9868-57a2d4851a1d" relativeResultsDirectory="2b092782-21f6-4526-a656-77ec8b117cf3" />
    <UnitTestResult executionId="f2ce02c5-9ebd-416f-88be-ca997719f32b" testId="01ab0198-4b7e-8a94-e88d-b1f770a7248f" testName="EnsureSnapshotIsPngFormat" computerName="DKSR-EFI-06" duration="00:00:00.0004597" startTime="2024-01-09T15:47:15.3957044+01:00" endTime="2024-01-09T15:47:15.3957044+01:00" testType="13cdc9d9-ddb5-4fa4-a97d-d965ccfc6d4b" outcome="Passed" testListId="8c84fa94-04c1-424b-9868-57a2d4851a1d" relativeResultsDirectory="f2ce02c5-9ebd-416f-88be-ca997719f32b" />
    <UnitTestResult executionId="de71b53b-988e-43a6-bc95-e83654b80013" testId="b3439aa9-ae3f-b685-1de2-36964f947d35" testName="JPEGDataDto_ShouldYieldSameValues_WhenRoundTripConverted" computerName="DKSR-EFI-06" duration="00:00:00.0028043" startTime="2024-01-09T15:45:08.9825101+01:00" endTime="2024-01-09T15:45:08.9825101+01:00" testType="13cdc9d9-ddb5-4fa4-a97d-d965ccfc6d4b" outcome="Passed" testListId="8c84fa94-04c1-424b-9868-57a2d4851a1d" relativeResultsDirectory="de71b53b-988e-43a6-bc95-e83654b80013" />
    <UnitTestResult executionId="20571aa6-e69a-41d4-a5a1-622bb8ab8c97" testId="c1617589-7ab5-2785-7153-f5d42b13af57" testName="GetServer_ShouldReturnCorrectServerTest" computerName="DKSR-EFI-06" duration="00:00:00.0114241" startTime="2024-01-09T15:47:13.5203588+01:00" endTime="2024-01-09T15:47:13.5359809+01:00" testType="13cdc9d9-ddb5-4fa4-a97d-d965ccfc6d4b" outcome="Passed" testListId="8c84fa94-04c1-424b-9868-57a2d4851a1d" relativeResultsDirectory="20571aa6-e69a-41d4-a5a1-622bb8ab8c97" />
    <UnitTestResult executionId="5799e946-ec63-44e6-86e4-6cc2008b28d4" testId="4fb4182c-2a3f-97bb-507b-d3ceb3937b43" testName="ExcludeItem_CameraItem_Excluded" computerName="DKSR-EFI-06" duration="00:00:00.0233866" startTime="2024-01-09T15:47:08.0972123+01:00" endTime="2024-01-09T15:47:08.1161209+01:00" testType="13cdc9d9-ddb5-4fa4-a97d-d965ccfc6d4b" outcome="Passed" testListId="8c84fa94-04c1-424b-9868-57a2d4851a1d" relativeResultsDirectory="5799e946-ec63-44e6-86e4-6cc2008b28d4" />
    <UnitTestResult executionId="48976c78-e4d4-4aed-b751-6fa6186e322a" testId="965fdcc0-0a63-658e-8232-27fc5f468c9d" testName="AddToSearchSelectedEvent_SomeCategoriesSelected_Success" computerName="DKSR-EFI-06" duration="00:00:00.0357817" startTime="2024-01-09T15:46:34.1826914+01:00" endTime="2024-01-09T15:46:34.2295812+01:00" testType="13cdc9d9-ddb5-4fa4-a97d-d965ccfc6d4b" outcome="Passed" testListId="8c84fa94-04c1-424b-9868-57a2d4851a1d" relativeResultsDirectory="48976c78-e4d4-4aed-b751-6fa6186e322a" />
    <UnitTestResult executionId="180a3d63-be89-454b-886f-9bbda2d7f59d" testId="9f2f58ff-e9c2-3880-dcf4-b319d054c9c6" testName="ObjectToEnabledConverter_Convert_Null" computerName="DKSR-EFI-06" duration="00:00:00.0001384" startTime="2024-01-09T15:47:09.7226477+01:00" endTime="2024-01-09T15:47:09.7226477+01:00" testType="13cdc9d9-ddb5-4fa4-a97d-d965ccfc6d4b" outcome="Passed" testListId="8c84fa94-04c1-424b-9868-57a2d4851a1d" relativeResultsDirectory="180a3d63-be89-454b-886f-9bbda2d7f59d" />
    <UnitTestResult executionId="9c2145d3-aa65-4b4e-b290-8f7da28b0ddf" testId="c5afb81b-9473-e705-4713-ff021498a318" testName="CreateDefinition_ValidCategory_SearchStarted" computerName="DKSR-EFI-06" duration="00:00:00.0216744" startTime="2024-01-09T15:46:44.6696211+01:00" endTime="2024-01-09T15:46:44.7008624+01:00" testType="13cdc9d9-ddb5-4fa4-a97d-d965ccfc6d4b" outcome="Passed" testListId="8c84fa94-04c1-424b-9868-57a2d4851a1d" relativeResultsDirectory="9c2145d3-aa65-4b4e-b290-8f7da28b0ddf" />
    <UnitTestResult executionId="be8a8467-458e-4ed7-a7a8-02d7350e07bc" testId="015cbbb2-3ae8-0f0d-d16b-d3a0e1ee3da3" testName="OnMarkerRightClicked_ShouldUseCrossTypeMenuItems_WhenInSetupModeAndMultipleItemsFromDifferentLayersIncludingAtLeastOneCameraAreSelected" computerName="DKSR-EFI-06" duration="00:00:00.0405781" startTime="2024-01-09T15:45:33.5294193+01:00" endTime="2024-01-09T15:45:33.5762970+01:00" testType="13cdc9d9-ddb5-4fa4-a97d-d965ccfc6d4b" outcome="Passed" testListId="8c84fa94-04c1-424b-9868-57a2d4851a1d" relativeResultsDirectory="be8a8467-458e-4ed7-a7a8-02d7350e07bc" />
    <UnitTestResult executionId="3432edd7-02c6-4341-b29f-51072a98ddf6" testId="3d65563e-5c93-99b0-3def-2e75403bb40e" testName="CreateDefinition_NoItems_SearchNotStarted" computerName="DKSR-EFI-06" duration="00:00:00.0039734" startTime="2024-01-09T15:46:44.8102634+01:00" endTime="2024-01-09T15:46:44.8102634+01:00" testType="13cdc9d9-ddb5-4fa4-a97d-d965ccfc6d4b" outcome="Passed" testListId="8c84fa94-04c1-424b-9868-57a2d4851a1d" relativeResultsDirectory="3432edd7-02c6-4341-b29f-51072a98ddf6" />
    <UnitTestResult executionId="f5f93c96-6367-423b-9150-a88e56a05003" testId="58baf932-aaa1-22e9-3f8a-ec584346b657" testName="Dispose_WhenWaitingToPerformAction_CancelsAction" computerName="DKSR-EFI-06" duration="00:00:00.0299063" startTime="2024-01-09T15:45:19.9356594+01:00" endTime="2024-01-09T15:45:19.9669076+01:00" testType="13cdc9d9-ddb5-4fa4-a97d-d965ccfc6d4b" outcome="Passed" testListId="8c84fa94-04c1-424b-9868-57a2d4851a1d" relativeResultsDirectory="f5f93c96-6367-423b-9150-a88e56a05003" />
    <UnitTestResult executionId="d46a596b-d3dd-4c1b-9c84-754b30aeb891" testId="c1c2bc59-f0a7-06da-8b9c-e5d38bba111a" testName="SearchResultsActionBarActions_CreateSnapshot_InvokeCommand_SingleSnapshotFailed_CorrectErrorMessageShown" computerName="DKSR-EFI-06" duration="00:00:00.0232929" startTime="2024-01-09T15:46:35.8082062+01:00" endTime="2024-01-09T15:46:35.8394727+01:00" testType="13cdc9d9-ddb5-4fa4-a97d-d965ccfc6d4b" outcome="Passed" testListId="8c84fa94-04c1-424b-9868-57a2d4851a1d" relativeResultsDirectory="d46a596b-d3dd-4c1b-9c84-754b30aeb891" />
    <UnitTestResult executionId="294e3ff8-678d-45f0-a8b4-994f129f36f0" testId="c56f457f-add8-fe75-61ba-d07e5ee3df6d" testName="ValidateExportItems_ShouldReturnFailResult_ViewItemRequired" computerName="DKSR-EFI-06" duration="00:00:00.0090168" startTime="2024-01-09T15:45:43.9671266+01:00" endTime="2024-01-09T15:45:43.9827544+01:00" testType="13cdc9d9-ddb5-4fa4-a97d-d965ccfc6d4b" outcome="Passed" testListId="8c84fa94-04c1-424b-9868-57a2d4851a1d" relativeResultsDirectory="294e3ff8-678d-45f0-a8b4-994f129f36f0" />
    <UnitTestResult executionId="d3b2dea7-44e1-456c-b549-30245cb79dd6" testId="3cc1b7a3-6a23-5d4a-8d17-b87aa291e5cf" testName="GetDeactivatedOutputIconId_ShouldReturnValidDeactivatedOutputIconId_WhenValidActivatedOutputIconIdIsProvided" computerName="DKSR-EFI-06" duration="00:00:00.0003583" startTime="2024-01-09T15:47:04.4867206+01:00" endTime="2024-01-09T15:47:04.4867206+01:00" testType="13cdc9d9-ddb5-4fa4-a97d-d965ccfc6d4b" outcome="Passed" testListId="8c84fa94-04c1-424b-9868-57a2d4851a1d" relativeResultsDirectory="d3b2dea7-44e1-456c-b549-30245cb79dd6" />
    <UnitTestResult executionId="346b1169-a848-4de4-b4e0-a49b6f249c5a" testId="9aaaf4ba-8359-75df-6568-0739721a7d97" testName="Selected_retention_option_is_not_cleared_when_available" computerName="DKSR-EFI-06" duration="00:00:00.0007990" startTime="2024-01-09T15:47:18.5368312+01:00" endTime="2024-01-09T15:47:18.5368312+01:00" testType="13cdc9d9-ddb5-4fa4-a97d-d965ccfc6d4b" outcome="Passed" testListId="8c84fa94-04c1-424b-9868-57a2d4851a1d" relativeResultsDirectory="346b1169-a848-4de4-b4e0-a49b6f249c5a" />
    <UnitTestResult executionId="a4064a6b-0ff2-4ce2-9664-285776c3b584" testId="ac028d00-9e94-7167-70c4-eff006ef19bc" testName="Command_WithNullResults_PluginInstanceActivatedCalled" computerName="DKSR-EFI-06" duration="00:00:00.0041459" startTime="2024-01-09T15:46:36.1364318+01:00" endTime="2024-01-09T15:46:36.1364318+01:00" testType="13cdc9d9-ddb5-4fa4-a97d-d965ccfc6d4b" outcome="Passed" testListId="8c84fa94-04c1-424b-9868-57a2d4851a1d" relativeResultsDirectory="a4064a6b-0ff2-4ce2-9664-285776c3b584" />
    <UnitTestResult executionId="a77ad829-fb74-4ec2-9ea8-a334d0e0e51b" testId="89935175-7a1b-8472-5162-947ab445be3b" testName="Constructor_ShouldRaiseArgumentException_WhenEventServerIdsIsEmpty" computerName="DKSR-EFI-06" duration="00:00:00.0006576" startTime="2024-01-09T15:47:19.3025580+01:00" endTime="2024-01-09T15:47:19.3025580+01:00" testType="13cdc9d9-ddb5-4fa4-a97d-d965ccfc6d4b" outcome="Passed" testListId="8c84fa94-04c1-424b-9868-57a2d4851a1d" relativeResultsDirectory="a77ad829-fb74-4ec2-9ea8-a334d0e0e51b" />
    <UnitTestResult executionId="6a3ce98a-1c74-4dc2-9780-42f189c53169" testId="80485e03-b7b7-4e18-0bc2-2cf35c60e815" testName="AddSelectedWindowsToExport_ShouldShowCorrectToastMessages (0,0,5)" computerName="DKSR-EFI-06" duration="00:00:00.0050973" startTime="2024-01-09T15:47:11.8168867+01:00" endTime="2024-01-09T15:47:11.8168867+01:00" testType="13cdc9d9-ddb5-4fa4-a97d-d965ccfc6d4b" outcome="Passed" testListId="8c84fa94-04c1-424b-9868-57a2d4851a1d" relativeResultsDirectory="6a3ce98a-1c74-4dc2-9780-42f189c53169" />
    <UnitTestResult executionId="94cff645-a755-4fd2-9445-fcf0694dc2cf" testId="ca54778c-c4c5-e9c4-6078-1f6eb9837f98" testName="UpdateItemState_Enabled_AllTrue" computerName="DKSR-EFI-06" duration="00:00:00.0388644" startTime="2024-01-09T15:47:15.4426492+01:00" endTime="2024-01-09T15:47:15.4738392+01:00" testType="13cdc9d9-ddb5-4fa4-a97d-d965ccfc6d4b" outcome="Passed" testListId="8c84fa94-04c1-424b-9868-57a2d4851a1d" relativeResultsDirectory="94cff645-a755-4fd2-9445-fcf0694dc2cf" />
    <UnitTestResult executionId="35b5d208-c15b-4ec7-81bb-16abc96b89de" testId="93642e15-5690-c906-3db0-8d1d5502773a" testName="SearchDefinitionSearchLogic_ValidateBehaviour" computerName="DKSR-EFI-06" duration="00:00:00.0514347" startTime="2024-01-09T15:46:44.7164985+01:00" endTime="2024-01-09T15:46:44.7633788+01:00" testType="13cdc9d9-ddb5-4fa4-a97d-d965ccfc6d4b" outcome="Passed" testListId="8c84fa94-04c1-424b-9868-57a2d4851a1d" relativeResultsDirectory="35b5d208-c15b-4ec7-81bb-16abc96b89de" />
    <UnitTestResult executionId="118b1f81-29be-43ce-bc3f-86a6d3b7ef04" testId="97333588-528f-b816-eec2-32c062436864" testName="Constructor_ShouldThrowException_WhenFunctorCollectionIsNull" computerName="DKSR-EFI-06" duration="00:00:00.0005660" startTime="2024-01-09T15:47:13.7391554+01:00" endTime="2024-01-09T15:47:13.7391554+01:00" testType="13cdc9d9-ddb5-4fa4-a97d-d965ccfc6d4b" outcome="Passed" testListId="8c84fa94-04c1-424b-9868-57a2d4851a1d" relativeResultsDirectory="118b1f81-29be-43ce-bc3f-86a6d3b7ef04" />
    <UnitTestResult executionId="f450cc2a-5bb3-4f6e-8e74-4c2cc84e4ccb" testId="76f9de2a-47c0-eaaa-3675-ac942aca2f32" testName="SetLayerFeatures_ShouldUpdateCameraItemsMapLayer_WhenCameraKindAndCameraLayerFeatures" computerName="DKSR-EFI-06" duration="00:00:00.0015120" startTime="2024-01-09T15:47:07.3470073+01:00" endTime="2024-01-09T15:47:07.3470073+01:00" testType="13cdc9d9-ddb5-4fa4-a97d-d965ccfc6d4b" outcome="Passed" testListId="8c84fa94-04c1-424b-9868-57a2d4851a1d" relativeResultsDirectory="f450cc2a-5bb3-4f6e-8e74-4c2cc84e4ccb" />
    <UnitTestResult executionId="293ffaaa-44a4-44a1-9297-36686b0f1a38" testId="5f513201-29bd-f30b-cd65-0841ae9bbb63" testName="IsProductionEnvironment_ShouldReturnCorrectValue (,True)" computerName="DKSR-EFI-06" duration="00:00:00.0000057" startTime="2024-01-09T15:47:17.6304474+01:00" endTime="2024-01-09T15:47:17.6304474+01:00" testType="13cdc9d9-ddb5-4fa4-a97d-d965ccfc6d4b" outcome="Passed" testListId="8c84fa94-04c1-424b-9868-57a2d4851a1d" relativeResultsDirectory="293ffaaa-44a4-44a1-9297-36686b0f1a38" />
    <UnitTestResult executionId="51df8660-e5a2-4dd7-8d85-f640b4e5fc80" testId="62a83c18-891b-449e-7f90-a5e43688fbf0" testName="TrySelectAvailableExportNameTest_ShouldNotDoInfiniteLoop_WhenValidateExportPathIsNotOk" computerName="DKSR-EFI-06" duration="00:00:00.0030367" startTime="2024-01-09T15:47:13.4578503+01:00" endTime="2024-01-09T15:47:13.4734844+01:00" testType="13cdc9d9-ddb5-4fa4-a97d-d965ccfc6d4b" outcome="Passed" testListId="8c84fa94-04c1-424b-9868-57a2d4851a1d" relativeResultsDirectory="51df8660-e5a2-4dd7-8d85-f640b4e5fc80" />
    <UnitTestResult executionId="eb87a548-dd14-4585-b583-130b0502d83a" testId="a2ceebde-d242-3694-fb90-e4ca65781850" testName="PatrollingProfileListViewModel_DeleteProfileExecute" computerName="DKSR-EFI-06" duration="00:00:00.0022358" startTime="2024-01-09T15:47:09.4569600+01:00" endTime="2024-01-09T15:47:09.4569600+01:00" testType="13cdc9d9-ddb5-4fa4-a97d-d965ccfc6d4b" outcome="Passed" testListId="8c84fa94-04c1-424b-9868-57a2d4851a1d" relativeResultsDirectory="eb87a548-dd14-4585-b583-130b0502d83a" />
    <UnitTestResult executionId="72eea7b3-5bc9-4a97-9afa-f93da3bf7c8a" testId="bbaeb53f-2674-b2c2-8841-ab6f6884b997" testName="SearchResultsActionBarActions_AddBookmark_Enabled" computerName="DKSR-EFI-06" duration="00:00:00.0103706" startTime="2024-01-09T15:46:35.4799863+01:00" endTime="2024-01-09T15:46:35.4799863+01:00" testType="13cdc9d9-ddb5-4fa4-a97d-d965ccfc6d4b" outcome="Passed" testListId="8c84fa94-04c1-424b-9868-57a2d4851a1d" relativeResultsDirectory="72eea7b3-5bc9-4a97-9afa-f93da3bf7c8a" />
    <UnitTestResult executionId="74947abd-8b00-4e3d-9a21-951a8bde02d2" testId="d35bc711-77c3-11d0-bc06-2b27557cb244" testName="Decorate_ShouldNotAddChildren_WhenLayerVisibilityItemDataHasANonCameraLayer" computerName="DKSR-EFI-06" duration="00:00:00.0019854" startTime="2024-01-09T15:45:30.9356700+01:00" endTime="2024-01-09T15:45:30.9356700+01:00" testType="13cdc9d9-ddb5-4fa4-a97d-d965ccfc6d4b" outcome="Passed" testListId="8c84fa94-04c1-424b-9868-57a2d4851a1d" relativeResultsDirectory="74947abd-8b00-4e3d-9a21-951a8bde02d2" />
    <UnitTestResult executionId="9ac2ce53-1e04-424e-aef1-4d33d034d2fe" testId="1b358bc1-458b-910a-26a9-b665d6fb08b0" testName="DownsizeImageSuccess" computerName="DKSR-EFI-06" duration="00:00:00.2452612" startTime="2024-01-09T15:47:14.8956182+01:00" endTime="2024-01-09T15:47:15.1456627+01:00" testType="13cdc9d9-ddb5-4fa4-a97d-d965ccfc6d4b" outcome="Passed" testListId="8c84fa94-04c1-424b-9868-57a2d4851a1d" relativeResultsDirectory="9ac2ce53-1e04-424e-aef1-4d33d034d2fe" />
    <UnitTestResult executionId="0e7c1908-7c13-47db-ab5c-86c34cb9eed3" testId="e998f77e-77b2-7e10-d8db-3813eb8031aa" testName="GetClusters_ThreeInitialItems_ClustersForInitialItems (Data Row 0)" computerName="DKSR-EFI-06" duration="00:00:00.0112528" startTime="2024-01-09T15:47:08.8161554+01:00" endTime="2024-01-09T15:47:09.0037088+01:00" testType="13cdc9d9-ddb5-4fa4-a97d-d965ccfc6d4b" outcome="Passed" testListId="8c84fa94-04c1-424b-9868-57a2d4851a1d" relativeResultsDirectory="0e7c1908-7c13-47db-ab5c-86c34cb9eed3" />
    <UnitTestResult executionId="796122f2-4572-4330-aca8-83106ef6708b" testId="6d62f599-0f0c-18d4-6cc8-c03dee27684a" testName="TestHasCapapability_LesserThan_Success" computerName="DKSR-EFI-06" duration="00:00:00.0001627" startTime="2024-01-09T15:47:07.4876662+01:00" endTime="2024-01-09T15:47:07.4876662+01:00" testType="13cdc9d9-ddb5-4fa4-a97d-d965ccfc6d4b" outcome="Passed" testListId="8c84fa94-04c1-424b-9868-57a2d4851a1d" relativeResultsDirectory="796122f2-4572-4330-aca8-83106ef6708b" />
    <UnitTestResult executionId="61acd575-7c5c-491b-84bc-42d5be385f60" testId="758ded00-253a-01de-65f8-b4892f2d016b" testName="BookmarkSearchTime_WithSearchStringInDifferentCases_ReturnCorrectBookmarkWithSearchStringInHeader (SeArChStRiNg,True,True,False,True,,,1)" computerName="DKSR-EFI-06" duration="00:00:00.0028577" startTime="2024-01-09T15:47:12.7858462+01:00" endTime="2024-01-09T15:47:12.7858462+01:00" testType="13cdc9d9-ddb5-4fa4-a97d-d965ccfc6d4b" outcome="Passed" testListId="8c84fa94-04c1-424b-9868-57a2d4851a1d" relativeResultsDirectory="61acd575-7c5c-491b-84bc-42d5be385f60" />
    <UnitTestResult executionId="46a929f2-35c2-4966-9685-493833b716dc" testId="db35590a-caad-391c-4e81-fbc7dc664cab" testName="TestMethod1" computerName="DKSR-EFI-06" duration="00:00:00.1674181" startTime="2024-01-09T15:47:12.5357822+01:00" endTime="2024-01-09T15:47:12.6920713+01:00" testType="13cdc9d9-ddb5-4fa4-a97d-d965ccfc6d4b" outcome="Passed" testListId="8c84fa94-04c1-424b-9868-57a2d4851a1d" relativeResultsDirectory="46a929f2-35c2-4966-9685-493833b716dc" />
    <UnitTestResult executionId="72721668-1383-43dd-838d-c4a5930ee8b0" testId="ea3dc3ca-b9db-c951-f087-38b03fc1d7df" testName="RemoveItems_SingleMapItem_OneClusterChange" computerName="DKSR-EFI-06" duration="00:00:00.0073680" startTime="2024-01-09T15:47:09.2850351+01:00" endTime="2024-01-09T15:47:09.3006621+01:00" testType="13cdc9d9-ddb5-4fa4-a97d-d965ccfc6d4b" outcome="Passed" testListId="8c84fa94-04c1-424b-9868-57a2d4851a1d" relativeResultsDirectory="72721668-1383-43dd-838d-c4a5930ee8b0" />
    <UnitTestResult executionId="7c69f51f-139e-4b3f-99e2-0ae0857f56fb" testId="e0dfd89d-a08f-8cca-2e86-69c3531c6abb" testName="Ctor_NoAppConfigOverride_AddScriptSetToTrue" computerName="DKSR-EFI-06" duration="00:00:00.5581629" startTime="2024-01-09T15:45:21.5137854+01:00" endTime="2024-01-09T15:45:22.0762887+01:00" testType="13cdc9d9-ddb5-4fa4-a97d-d965ccfc6d4b" outcome="Passed" testListId="8c84fa94-04c1-424b-9868-57a2d4851a1d" relativeResultsDirectory="7c69f51f-139e-4b3f-99e2-0ae0857f56fb" />
    <UnitTestResult executionId="e63bc800-96d9-4b27-9e8f-1edb0ee97a6f" testId="0ae53827-c728-1e97-29dd-bbdf893d6166" testName="PatrollingStepViewModel_SelectPreset" computerName="DKSR-EFI-06" duration="00:00:00.0027845" startTime="2024-01-09T15:47:09.7070167+01:00" endTime="2024-01-09T15:47:09.7070167+01:00" testType="13cdc9d9-ddb5-4fa4-a97d-d965ccfc6d4b" outcome="Passed" testListId="8c84fa94-04c1-424b-9868-57a2d4851a1d" relativeResultsDirectory="e63bc800-96d9-4b27-9e8f-1edb0ee97a6f" />
    <UnitTestResult executionId="3fba53df-69af-449d-97ca-7aab5c3e882f" testId="f6db960c-c26a-9ba9-bdda-2ac9e0b27970" testName="PtzPresetsMenuViewModel_PtzCotrolledByAnonymousTest" computerName="DKSR-EFI-06" duration="00:00:00.0013766" startTime="2024-01-09T15:47:15.4269635+01:00" endTime="2024-01-09T15:47:15.4269635+01:00" testType="13cdc9d9-ddb5-4fa4-a97d-d965ccfc6d4b" outcome="Passed" testListId="8c84fa94-04c1-424b-9868-57a2d4851a1d" relativeResultsDirectory="3fba53df-69af-449d-97ca-7aab5c3e882f" />
    <UnitTestResult executionId="d43af13a-9988-46c2-8050-4e23cefc1491" testId="75190a91-bb67-9255-8853-c45d21832247" testName="BuildEvidenceCreatedProperties_ShouldReturnCorrectValues (some headline,,03:00:00,Weeks,1.22:00:00,3,True,False,03:00:00,Weeks,1.22:00:00,3)" computerName="DKSR-EFI-06" duration="00:00:00.0390987" startTime="2024-01-09T15:47:17.5835688+01:00" endTime="2024-01-09T15:47:17.6148241+01:00" testType="13cdc9d9-ddb5-4fa4-a97d-d965ccfc6d4b" outcome="Passed" testListId="8c84fa94-04c1-424b-9868-57a2d4851a1d" relativeResultsDirectory="d43af13a-9988-46c2-8050-4e23cefc1491" />
    <UnitTestResult executionId="35ff8af0-6322-42b9-a69e-81e514af2261" testId="e36d83f9-6b5d-9305-3ea9-821cb3744fa4" testName="PatrollingStepListViewModel_ConvertToIPatrollingSteps" computerName="DKSR-EFI-06" duration="00:00:00.0017502" startTime="2024-01-09T15:47:09.6758788+01:00" endTime="2024-01-09T15:47:09.6758788+01:00" testType="13cdc9d9-ddb5-4fa4-a97d-d965ccfc6d4b" outcome="Passed" testListId="8c84fa94-04c1-424b-9868-57a2d4851a1d" relativeResultsDirectory="35ff8af0-6322-42b9-a69e-81e514af2261" />
    <UnitTestResult executionId="75a43f23-8264-40c3-bd1f-bf8e62d7c208" testId="305136ec-e536-ca06-24de-c6336ceb8a55" testName="DeleteMapItems_ShouldReturnTrue_WhenUserAcknowledgesDeletionOfMultipleItems" computerName="DKSR-EFI-06" duration="00:00:00.0042780" startTime="2024-01-09T15:47:04.3616837+01:00" endTime="2024-01-09T15:47:04.3616837+01:00" testType="13cdc9d9-ddb5-4fa4-a97d-d965ccfc6d4b" outcome="Passed" testListId="8c84fa94-04c1-424b-9868-57a2d4851a1d" relativeResultsDirectory="75a43f23-8264-40c3-bd1f-bf8e62d7c208" />
    <UnitTestResult executionId="b03240d0-c595-4688-9867-8bf6d3756a85" testId="cc482776-e68c-2c6f-b7ea-c8334df0cc99" testName="Toolbar_IsVisible_WhenNotInLiveOrPlayback_ButCanShowSidePane" computerName="DKSR-EFI-06" duration="00:00:00.0191830" startTime="2024-01-09T15:47:10.9729426+01:00" endTime="2024-01-09T15:47:10.9885687+01:00" testType="13cdc9d9-ddb5-4fa4-a97d-d965ccfc6d4b" outcome="Passed" testListId="8c84fa94-04c1-424b-9868-57a2d4851a1d" relativeResultsDirectory="b03240d0-c595-4688-9867-8bf6d3756a85" />
    <UnitTestResult executionId="6cdcc95b-9e8f-49bf-8bf7-46908564b40f" testId="9293549a-e4d8-25ee-0a7e-0a58daedfd4d" testName="SequenceEntryDto_ShouldYieldSameValues_WhenRoundTripConverted" computerName="DKSR-EFI-06" duration="00:00:00.0028050" startTime="2024-01-09T15:45:09.0450077+01:00" endTime="2024-01-09T15:45:09.0450077+01:00" testType="13cdc9d9-ddb5-4fa4-a97d-d965ccfc6d4b" outcome="Passed" testListId="8c84fa94-04c1-424b-9868-57a2d4851a1d" relativeResultsDirectory="6cdcc95b-9e8f-49bf-8bf7-46908564b40f" />
    <UnitTestResult executionId="ba8c0287-9dcf-423b-b035-cdce04b3f977" testId="7e087806-67ee-93e5-99ce-89aefdf33c63" testName="CreateDefinition_ZeroFiltersInCategory_ZeroFilterValuesAddedToSearchCriteria" computerName="DKSR-EFI-06" duration="00:00:00.0058306" startTime="2024-01-09T15:46:44.6383610+01:00" endTime="2024-01-09T15:46:44.6539873+01:00" testType="13cdc9d9-ddb5-4fa4-a97d-d965ccfc6d4b" outcome="Passed" testListId="8c84fa94-04c1-424b-9868-57a2d4851a1d" relativeResultsDirectory="ba8c0287-9dcf-423b-b035-cdce04b3f977" />
    <UnitTestResult executionId="aca3a99b-493d-4f68-a68c-6ad0c2a35ba9" testId="e55520ca-13b9-16e0-7c91-282920a34b8a" testName="IsBasicUser_ShouldReturnTrue_WhenConstructedUsingWindowsDefault" computerName="DKSR-EFI-06" duration="00:00:00.0002731" startTime="2024-01-09T15:45:20.2012822+01:00" endTime="2024-01-09T15:45:20.2012822+01:00" testType="13cdc9d9-ddb5-4fa4-a97d-d965ccfc6d4b" outcome="Passed" testListId="8c84fa94-04c1-424b-9868-57a2d4851a1d" relativeResultsDirectory="aca3a99b-493d-4f68-a68c-6ad0c2a35ba9" />
    <UnitTestResult executionId="c00036f5-802c-4abc-af78-72565bdf883f" testId="aa5c4da8-abb1-5dab-502e-bd81c20e341d" testName="TestForAssemblyCoverage" computerName="DKSR-EFI-06" duration="00:00:00.2164307" startTime="2024-01-09T15:45:20.9512840+01:00" endTime="2024-01-09T15:45:21.1544112+01:00" testType="13cdc9d9-ddb5-4fa4-a97d-d965ccfc6d4b" outcome="Passed" testListId="8c84fa94-04c1-424b-9868-57a2d4851a1d" relativeResultsDirectory="c00036f5-802c-4abc-af78-72565bdf883f" />
    <UnitTestResult executionId="cacdde6b-f2d5-48ab-8288-0db903d83a61" testId="35fc3a4c-edd3-265e-4852-719b6a1e2df7" testName="Close_ViewIsDisposed" computerName="DKSR-EFI-06" duration="00:00:00.0102086" startTime="2024-01-09T15:45:43.6388915+01:00" endTime="2024-01-09T15:45:43.6388915+01:00" testType="13cdc9d9-ddb5-4fa4-a97d-d965ccfc6d4b" outcome="Passed" testListId="8c84fa94-04c1-424b-9868-57a2d4851a1d" relativeResultsDirectory="cacdde6b-f2d5-48ab-8288-0db903d83a61" />
    <UnitTestResult executionId="b64b426e-a74d-409f-a8be-2df08099b19b" testId="62930b8c-e45e-fc1a-2573-556c126ac982" testName="DeviceIcons_ShouldReturnIconsInAProperOrder_WhenCalled" computerName="DKSR-EFI-06" duration="00:00:00.0030827" startTime="2024-01-09T15:47:04.4242000+01:00" endTime="2024-01-09T15:47:04.4398330+01:00" testType="13cdc9d9-ddb5-4fa4-a97d-d965ccfc6d4b" outcome="Passed" testListId="8c84fa94-04c1-424b-9868-57a2d4851a1d" relativeResultsDirectory="b64b426e-a74d-409f-a8be-2df08099b19b" />
    <UnitTestResult executionId="c10a3372-7d05-498e-ad33-62bcfdc737d1" testId="bbcf692c-7333-592c-a07e-45efe599945b" testName="GetSnapshots_Success" computerName="DKSR-EFI-06" duration="00:00:00.0029986" startTime="2024-01-09T15:46:43.7319574+01:00" endTime="2024-01-09T15:46:43.7319574+01:00" testType="13cdc9d9-ddb5-4fa4-a97d-d965ccfc6d4b" outcome="Passed" testListId="8c84fa94-04c1-424b-9868-57a2d4851a1d" relativeResultsDirectory="c10a3372-7d05-498e-ad33-62bcfdc737d1" />
    <UnitTestResult executionId="40fb8c87-94ba-4ef8-8025-b17a098cd757" testId="f43e4ea6-dc47-ee70-a56d-6546d3877223" testName="HandlePermissionDeniedResults_ShouldShowMessageAndToast (1,1)" computerName="DKSR-EFI-06" duration="00:00:00.0015661" startTime="2024-01-09T15:47:11.9419107+01:00" endTime="2024-01-09T15:47:11.9419107+01:00" testType="13cdc9d9-ddb5-4fa4-a97d-d965ccfc6d4b" outcome="Passed" testListId="8c84fa94-04c1-424b-9868-57a2d4851a1d" relativeResultsDirectory="40fb8c87-94ba-4ef8-8025-b17a098cd757" />
    <UnitTestResult executionId="647ddae0-e69d-45ea-a4ba-ddf3c86b8cec" testId="88071ce5-6a3f-f4ed-8ba6-7bfde6e1c46a" testName="TestConstructor_EmptyOuterRing_GetBounds_Success" computerName="DKSR-EFI-06" duration="00:00:00.0030590" startTime="2024-01-09T15:47:02.9237507+01:00" endTime="2024-01-09T15:47:02.9393833+01:00" testType="13cdc9d9-ddb5-4fa4-a97d-d965ccfc6d4b" outcome="Passed" testListId="8c84fa94-04c1-424b-9868-57a2d4851a1d" relativeResultsDirectory="647ddae0-e69d-45ea-a4ba-ddf3c86b8cec" />
    <UnitTestResult executionId="4b7f8f48-ae5b-4f5c-8079-a6a49e8330d4" testId="2a52f03a-cddc-7860-41d6-2e4a73025212" testName="VideoResultSearchResult_ShouldOnlyHavePropertiesFromSecondContext_WhenSetTwiceAndThrowingOnTokenCancellation" computerName="DKSR-EFI-06" duration="00:00:02.0429226" startTime="2024-01-09T15:46:14.5836750+01:00" endTime="2024-01-09T15:46:16.6311742+01:00" testType="13cdc9d9-ddb5-4fa4-a97d-d965ccfc6d4b" outcome="Passed" testListId="8c84fa94-04c1-424b-9868-57a2d4851a1d" relativeResultsDirectory="4b7f8f48-ae5b-4f5c-8079-a6a49e8330d4" />
    <UnitTestResult executionId="4a475ab7-61db-4e82-ba90-07f4de33b763" testId="965180e6-a25e-a55d-955c-d1e2d083f58f" testName="ActiveInteractionStateBinding_ShouldNotBeNull_WhenCtorIsCalled" computerName="DKSR-EFI-06" duration="00:00:00.0859180" startTime="2024-01-09T15:45:34.4981685+01:00" endTime="2024-01-09T15:45:34.5762935+01:00" testType="13cdc9d9-ddb5-4fa4-a97d-d965ccfc6d4b" outcome="Passed" testListId="8c84fa94-04c1-424b-9868-57a2d4851a1d" relativeResultsDirectory="4a475ab7-61db-4e82-ba90-07f4de33b763" />
    <UnitTestResult executionId="b3cb14a4-b6e3-4a52-92c8-917bb98d21db" testId="920a2918-af9a-e3ed-e910-d0d07bf9fed3" testName="IsProcessing_CancelWhileUnprocessedItemsAndThenResumeSearch_Success" computerName="DKSR-EFI-06" duration="00:00:00.0020217" startTime="2024-01-09T15:46:45.2165848+01:00" endTime="2024-01-09T15:46:45.2165848+01:00" testType="13cdc9d9-ddb5-4fa4-a97d-d965ccfc6d4b" outcome="Passed" testListId="8c84fa94-04c1-424b-9868-57a2d4851a1d" relativeResultsDirectory="b3cb14a4-b6e3-4a52-92c8-917bb98d21db" />
    <UnitTestResult executionId="d2bcf653-4658-40eb-bc53-57f0e485b264" testId="3377fc03-ebfb-5203-3a6a-1a517b97bfcd" testName="Map_Layers_AddRangeDirectly_Fail" computerName="DKSR-EFI-06" duration="00:00:00.0068387" startTime="2024-01-09T15:47:03.9709095+01:00" endTime="2024-01-09T15:47:03.9709095+01:00" testType="13cdc9d9-ddb5-4fa4-a97d-d965ccfc6d4b" outcome="Passed" testListId="8c84fa94-04c1-424b-9868-57a2d4851a1d" relativeResultsDirectory="d2bcf653-4658-40eb-bc53-57f0e485b264" />
    <UnitTestResult executionId="f323ca6c-6244-4393-8d24-7d18d4c8e12f" testId="59d7ce5a-9242-f1c0-ee68-764d8def5314" testName="PtzInfoViewModel_PtzReservedByAnonymousOwnUserTest" computerName="DKSR-EFI-06" duration="00:00:00.0022765" startTime="2024-01-09T15:45:21.4356601+01:00" endTime="2024-01-09T15:45:21.4356601+01:00" testType="13cdc9d9-ddb5-4fa4-a97d-d965ccfc6d4b" outcome="Passed" testListId="8c84fa94-04c1-424b-9868-57a2d4851a1d" relativeResultsDirectory="f323ca6c-6244-4393-8d24-7d18d4c8e12f" />
    <UnitTestResult executionId="d74da00c-33be-466a-8a38-0c0639d1178f" testId="195cadae-c368-871e-b908-a48bf7f49ea5" testName="Constructor2_ShouldNotAllowInjectionOfNulls" computerName="DKSR-EFI-06" duration="00:00:00.0013104" startTime="2024-01-09T15:45:44.4047683+01:00" endTime="2024-01-09T15:45:44.4047683+01:00" testType="13cdc9d9-ddb5-4fa4-a97d-d965ccfc6d4b" outcome="Passed" testListId="8c84fa94-04c1-424b-9868-57a2d4851a1d" relativeResultsDirectory="d74da00c-33be-466a-8a38-0c0639d1178f" />
    <UnitTestResult executionId="77430396-c337-4a03-82be-cf89acad6c78" testId="971ae998-f6f4-2825-fcc4-633419b90bb1" testName="PatrollingProfileViewModelTest_Constructor_Success" computerName="DKSR-EFI-06" duration="00:00:00.0144838" startTime="2024-01-09T15:47:09.5038418+01:00" endTime="2024-01-09T15:47:09.5194653+01:00" testType="13cdc9d9-ddb5-4fa4-a97d-d965ccfc6d4b" outcome="Passed" testListId="8c84fa94-04c1-424b-9868-57a2d4851a1d" relativeResultsDirectory="77430396-c337-4a03-82be-cf89acad6c78" />
    <UnitTestResult executionId="ea8162d0-fb4d-4c50-b7eb-f8ee0c132e55" testId="42b5cf79-6dbd-73ce-f336-4c9a97122aad" testName="ScWorkSpaceModeChangedEvent_ShouldSetDeviceIsDisabledToTrue_WhenSwitchingToBrowseMode" computerName="DKSR-EFI-06" duration="00:00:00.0187123" startTime="2024-01-09T15:47:04.5804950+01:00" endTime="2024-01-09T15:47:04.5961282+01:00" testType="13cdc9d9-ddb5-4fa4-a97d-d965ccfc6d4b" outcome="Passed" testListId="8c84fa94-04c1-424b-9868-57a2d4851a1d" relativeResultsDirectory="ea8162d0-fb4d-4c50-b7eb-f8ee0c132e55" />
    <UnitTestResult executionId="12f34d31-13b6-4b90-98ad-a090052034cc" testId="91c02083-3eab-8cf1-1555-f235b60671d1" testName="Decorate_ShouldRaiseArgumentNullException_WhenWindowIsNull" computerName="DKSR-EFI-06" duration="00:00:00.0014771" startTime="2024-01-09T15:45:26.7637911+01:00" endTime="2024-01-09T15:45:26.7637911+01:00" testType="13cdc9d9-ddb5-4fa4-a97d-d965ccfc6d4b" outcome="Passed" testListId="8c84fa94-04c1-424b-9868-57a2d4851a1d" relativeResultsDirectory="12f34d31-13b6-4b90-98ad-a090052034cc" />
    <UnitTestResult executionId="3c22f142-2f08-4d76-ab16-b9cf344a9680" testId="d640e950-edb7-4ec2-9af0-4b559a6b67cf" testName="UpdateItemState_Hidden_WrongWorkSpaceState" computerName="DKSR-EFI-06" duration="00:00:00.0121710" startTime="2024-01-09T15:47:15.4894659+01:00" endTime="2024-01-09T15:47:15.5050954+01:00" testType="13cdc9d9-ddb5-4fa4-a97d-d965ccfc6d4b" outcome="Passed" testListId="8c84fa94-04c1-424b-9868-57a2d4851a1d" relativeResultsDirectory="3c22f142-2f08-4d76-ab16-b9cf344a9680" />
    <UnitTestResult executionId="2402b90a-918b-4262-ba88-c054df5f5454" testId="9a94a475-1b0f-e9b3-ba5e-634b89ce686f" testName="HandleGetDeviceData_ShouldReturnNotFoundDeviceData_WhenCalled" computerName="DKSR-EFI-06" duration="00:00:00.0003970" startTime="2024-01-09T15:45:41.6544182+01:00" endTime="2024-01-09T15:45:41.6544182+01:00" testType="13cdc9d9-ddb5-4fa4-a97d-d965ccfc6d4b" outcome="Passed" testListId="8c84fa94-04c1-424b-9868-57a2d4851a1d" relativeResultsDirectory="2402b90a-918b-4262-ba88-c054df5f5454" />
    <UnitTestResult executionId="6c8ff77f-6575-467c-824b-a5e257dee3b9" testId="3215309a-c170-3a90-36e8-c896704e6333" testName="Decorate_ShouldAddChildren_WhenThereAreLayersImplementingITitleToggleableWithItems" computerName="DKSR-EFI-06" duration="00:00:00.0088063" startTime="2024-01-09T15:45:30.9044167+01:00" endTime="2024-01-09T15:45:30.9044167+01:00" testType="13cdc9d9-ddb5-4fa4-a97d-d965ccfc6d4b" outcome="Passed" testListId="8c84fa94-04c1-424b-9868-57a2d4851a1d" relativeResultsDirectory="6c8ff77f-6575-467c-824b-a5e257dee3b9" />
    <UnitTestResult executionId="fa17126a-1c77-46a3-a845-7bc5ddbea3bd" testId="010d6867-68dc-06fa-3b39-c2d7f5b85291" testName="PatrollingProfileViewModelTest_NameBeforeEdit" computerName="DKSR-EFI-06" duration="00:00:00.0025044" startTime="2024-01-09T15:47:09.5351017+01:00" endTime="2024-01-09T15:47:09.5351017+01:00" testType="13cdc9d9-ddb5-4fa4-a97d-d965ccfc6d4b" outcome="Passed" testListId="8c84fa94-04c1-424b-9868-57a2d4851a1d" relativeResultsDirectory="fa17126a-1c77-46a3-a845-7bc5ddbea3bd" />
    <UnitTestResult executionId="1b1ec9ee-3ae3-496c-bfc0-061f70b41255" testId="60c69ff5-89b2-197d-90c0-5219587cb80d" testName="Deserialize_MissingItemKind_Error" computerName="DKSR-EFI-06" duration="00:00:00.0012515" startTime="2024-01-09T15:46:45.5291366+01:00" endTime="2024-01-09T15:46:45.5291366+01:00" testType="13cdc9d9-ddb5-4fa4-a97d-d965ccfc6d4b" outcome="Passed" testListId="8c84fa94-04c1-424b-9868-57a2d4851a1d" relativeResultsDirectory="1b1ec9ee-3ae3-496c-bfc0-061f70b41255" />
    <UnitTestResult executionId="ee15d4ed-6806-4f10-9604-af37dde15f58" testId="c5b82386-ac03-bc8b-608e-5bd976068876" testName="SerializeDeserialize_RoundTripWithValues_Equals" computerName="DKSR-EFI-06" duration="00:00:00.0046566" startTime="2024-01-09T15:47:12.5045274+01:00" endTime="2024-01-09T15:47:12.5201615+01:00" testType="13cdc9d9-ddb5-4fa4-a97d-d965ccfc6d4b" outcome="Passed" testListId="8c84fa94-04c1-424b-9868-57a2d4851a1d" relativeResultsDirectory="ee15d4ed-6806-4f10-9604-af37dde15f58" />
    <UnitTestResult executionId="cb838179-6945-4713-8341-3006eb094c9f" testId="1079a229-fd63-4e8b-6131-749f5fa842df" testName="ConvertBack_ShouldRaiseInvalidCastException_WhenValueIsNotABoolean" computerName="DKSR-EFI-06" duration="00:00:00.0008703" startTime="2024-01-09T15:45:26.9669160+01:00" endTime="2024-01-09T15:45:26.9825389+01:00" testType="13cdc9d9-ddb5-4fa4-a97d-d965ccfc6d4b" outcome="Passed" testListId="8c84fa94-04c1-424b-9868-57a2d4851a1d" relativeResultsDirectory="cb838179-6945-4713-8341-3006eb094c9f" />
    <UnitTestResult executionId="2917958a-fb76-4ed3-a05d-b8a03c73f1e7" testId="2aeb0604-7864-ac0e-7483-a1a86a3f6f67" testName="LoadInitialState_ValidState_ReturnsValidState" computerName="DKSR-EFI-06" duration="00:00:00.0057323" startTime="2024-01-09T15:45:44.8111449+01:00" endTime="2024-01-09T15:45:44.8267763+01:00" testType="13cdc9d9-ddb5-4fa4-a97d-d965ccfc6d4b" outcome="Passed" testListId="8c84fa94-04c1-424b-9868-57a2d4851a1d" relativeResultsDirectory="2917958a-fb76-4ed3-a05d-b8a03c73f1e7" />
    <UnitTestResult executionId="b0f27fd2-bc76-44cc-89cd-ffa7bc504b83" testId="e136a8cd-3f63-a904-c5bb-437c3044bc59" testName="CanMoreRegionsBeAdded_ShouldReturnTrue_WhenMaximumRegionsAllowedIsReachedAndSelectedCameraHasRegionsSelected" computerName="DKSR-EFI-06" duration="00:00:00.0005035" startTime="2024-01-09T15:47:00.4546235+01:00" endTime="2024-01-09T15:47:00.4546235+01:00" testType="13cdc9d9-ddb5-4fa4-a97d-d965ccfc6d4b" outcome="Passed" testListId="8c84fa94-04c1-424b-9868-57a2d4851a1d" relativeResultsDirectory="b0f27fd2-bc76-44cc-89cd-ffa7bc504b83" />
    <UnitTestResult executionId="c3504ba0-dfc7-4182-a5d0-5f502fed6af2" testId="f0c5812c-630c-2912-6782-e7e51d2e4caa" testName="ValidateExportName_ShouldReturnFailResult_InvalidCharactersInExportName (1213&gt;)" computerName="DKSR-EFI-06" duration="00:00:00.0050127" startTime="2024-01-09T15:45:43.9202355+01:00" endTime="2024-01-09T15:45:43.9358662+01:00" testType="13cdc9d9-ddb5-4fa4-a97d-d965ccfc6d4b" outcome="Passed" testListId="8c84fa94-04c1-424b-9868-57a2d4851a1d" relativeResultsDirectory="c3504ba0-dfc7-4182-a5d0-5f502fed6af2" />
    <UnitTestResult executionId="6277c111-c343-4a2e-acc1-ed6d5c4df1c5" testId="14586c69-09d9-7b16-15c8-c6b5e4ea64f4" testName="ScrollIntoView_Async_3DefinitionViewsBelowViewPort_ScrolledToTopmost" computerName="DKSR-EFI-06" duration="00:00:00.0775622" startTime="2024-01-09T15:45:46.2490782+01:00" endTime="2024-01-09T15:45:46.3272244+01:00" testType="13cdc9d9-ddb5-4fa4-a97d-d965ccfc6d4b" outcome="Passed" testListId="8c84fa94-04c1-424b-9868-57a2d4851a1d" relativeResultsDirectory="6277c111-c343-4a2e-acc1-ed6d5c4df1c5" />
    <UnitTestResult executionId="abb52e31-c9c7-417e-893c-61c3ba5f4a65" testId="317e86cb-de5d-7ed1-da85-650314a8d400" testName="NavigateAndSelectAsync_DeselectCamera_ReCenterCommandEnabled" computerName="DKSR-EFI-06" duration="00:00:00.0420553" startTime="2024-01-09T15:45:30.2637949+01:00" endTime="2024-01-09T15:45:30.2950431+01:00" testType="13cdc9d9-ddb5-4fa4-a97d-d965ccfc6d4b" outcome="Passed" testListId="8c84fa94-04c1-424b-9868-57a2d4851a1d" relativeResultsDirectory="abb52e31-c9c7-417e-893c-61c3ba5f4a65" />
    <UnitTestResult executionId="4b523a00-6023-4a61-9217-88f2bf0962f1" testId="e1ce66f6-03d2-e28b-bcfb-64c1c424a716" testName="OnLoaded_NullSmartMapControl_DoesNotCrash" computerName="DKSR-EFI-06" duration="00:00:00.0109383" startTime="2024-01-09T15:46:31.2132870+01:00" endTime="2024-01-09T15:46:31.2285404+01:00" testType="13cdc9d9-ddb5-4fa4-a97d-d965ccfc6d4b" outcome="Passed" testListId="8c84fa94-04c1-424b-9868-57a2d4851a1d" relativeResultsDirectory="4b523a00-6023-4a61-9217-88f2bf0962f1" />
    <UnitTestResult executionId="39379171-fa3f-4a21-bba4-300c7275299d" testId="2f8a4bab-4df9-e4ff-fb91-be0d70ec975d" testName="PatrollingProfileListViewModel_AddProfileExecute" computerName="DKSR-EFI-06" duration="00:00:00.0046450" startTime="2024-01-09T15:47:09.4413637+01:00" endTime="2024-01-09T15:47:09.4413637+01:00" testType="13cdc9d9-ddb5-4fa4-a97d-d965ccfc6d4b" outcome="Passed" testListId="8c84fa94-04c1-424b-9868-57a2d4851a1d" relativeResultsDirectory="39379171-fa3f-4a21-bba4-300c7275299d" />
    <UnitTestResult executionId="402fdd77-52ba-4a8d-93c8-f5e20bf282de" testId="f252f3f1-2ddc-5f57-0a09-9fe0a66fde7a" testName="MergeWith_ClusterItems_ItemAdded" computerName="DKSR-EFI-06" duration="00:00:00.0093376" startTime="2024-01-09T15:47:08.7381369+01:00" endTime="2024-01-09T15:47:08.7536512+01:00" testType="13cdc9d9-ddb5-4fa4-a97d-d965ccfc6d4b" outcome="Passed" testListId="8c84fa94-04c1-424b-9868-57a2d4851a1d" relativeResultsDirectory="402fdd77-52ba-4a8d-93c8-f5e20bf282de" />
    <UnitTestResult executionId="bd2b7417-31ac-41cd-9d28-93f7b1f50425" testId="e7e63149-c015-7b5a-f774-f0bcac9b808e" testName="GetSearchTemplateAsync_ThrowTimeoutException_Success" computerName="DKSR-EFI-06" duration="00:00:00.0017284" startTime="2024-01-09T15:46:44.3258117+01:00" endTime="2024-01-09T15:46:44.3258117+01:00" testType="13cdc9d9-ddb5-4fa4-a97d-d965ccfc6d4b" outcome="Passed" testListId="8c84fa94-04c1-424b-9868-57a2d4851a1d" relativeResultsDirectory="bd2b7417-31ac-41cd-9d28-93f7b1f50425" />
    <UnitTestResult executionId="d2ad2751-94dc-4aa2-bc02-b09d1941ca53" testId="03b9d988-af55-c02a-fb0b-6c811350a612" testName="IsProductionEnvironment_ShouldReturnFalse_WhenSystemLicenseIsNull" computerName="DKSR-EFI-06" duration="00:00:00.0001370" startTime="2024-01-09T15:47:17.6304474+01:00" endTime="2024-01-09T15:47:17.6304474+01:00" testType="13cdc9d9-ddb5-4fa4-a97d-d965ccfc6d4b" outcome="Passed" testListId="8c84fa94-04c1-424b-9868-57a2d4851a1d" relativeResultsDirectory="d2ad2751-94dc-4aa2-bc02-b09d1941ca53" />
    <UnitTestResult executionId="54cb8c8b-9a10-405a-ba01-07238224ccde" testId="1ba3b9b4-ea19-f6d5-8589-707d8ab372fd" testName="DeleteSearchTemplateAsync_StateError_Success" computerName="DKSR-EFI-06" duration="00:00:00.0019732" startTime="2024-01-09T15:46:44.2789288+01:00" endTime="2024-01-09T15:46:44.2789288+01:00" testType="13cdc9d9-ddb5-4fa4-a97d-d965ccfc6d4b" outcome="Passed" testListId="8c84fa94-04c1-424b-9868-57a2d4851a1d" relativeResultsDirectory="54cb8c8b-9a10-405a-ba01-07238224ccde" />
    <UnitTestResult executionId="881f69ed-fdc2-4895-b85f-8b940b6f71af" testId="edaf9c06-ff2c-62ed-be08-4c1afe57f05b" testName="IsOAuth_ShouldReturnFalse_WhenConstructedUsingSimple" computerName="DKSR-EFI-06" duration="00:00:00.0005880" startTime="2024-01-09T15:45:20.1856603+01:00" endTime="2024-01-09T15:45:20.1856603+01:00" testType="13cdc9d9-ddb5-4fa4-a97d-d965ccfc6d4b" outcome="Passed" testListId="8c84fa94-04c1-424b-9868-57a2d4851a1d" relativeResultsDirectory="881f69ed-fdc2-4895-b85f-8b940b6f71af" />
    <UnitTestResult executionId="7e026bd7-1f9c-4a3b-8861-4d9fabb5b2de" testId="a90fcb60-5904-342b-4fdf-2acce1eecc2f" testName="Deserialize_ShouldReportInvalidCombineType_WhenCombineTypeValueIsNotInEnumeration" computerName="DKSR-EFI-06" duration="00:00:00.0005751" startTime="2024-01-09T15:46:45.5291366+01:00" endTime="2024-01-09T15:46:45.5291366+01:00" testType="13cdc9d9-ddb5-4fa4-a97d-d965ccfc6d4b" outcome="Passed" testListId="8c84fa94-04c1-424b-9868-57a2d4851a1d" relativeResultsDirectory="7e026bd7-1f9c-4a3b-8861-4d9fabb5b2de" />
    <UnitTestResult executionId="fac365bf-578a-4289-8926-2b23ddebc0b8" testId="7fa4e74d-d917-b5cf-9ec9-cff6147ce87d" testName="ShowPermissionDeniedStatusBarError_ShouldSendAMessage (5,1)" computerName="DKSR-EFI-06" duration="00:00:00.0032924" startTime="2024-01-09T15:47:11.9262828+01:00" endTime="2024-01-09T15:47:11.9262828+01:00" testType="13cdc9d9-ddb5-4fa4-a97d-d965ccfc6d4b" outcome="Passed" testListId="8c84fa94-04c1-424b-9868-57a2d4851a1d" relativeResultsDirectory="fac365bf-578a-4289-8926-2b23ddebc0b8" />
    <UnitTestResult executionId="50d5011c-50d3-49b5-98f0-f07bd0ee2fa1" testId="95e53d06-c2c3-70e9-48e1-6d7859b93b61" testName="GetItemsFor_Building2Levels_Success" computerName="DKSR-EFI-06" duration="00:00:00.0533778" startTime="2024-01-09T15:47:08.2847629+01:00" endTime="2024-01-09T15:47:08.3472808+01:00" testType="13cdc9d9-ddb5-4fa4-a97d-d965ccfc6d4b" outcome="Passed" testListId="8c84fa94-04c1-424b-9868-57a2d4851a1d" relativeResultsDirectory="50d5011c-50d3-49b5-98f0-f07bd0ee2fa1" />
    <UnitTestResult executionId="2d1d1ba3-9642-4842-b5a0-4d5b253328a6" testId="702b2a99-3d22-8fb5-d555-a5570edf1677" testName="GetGisMapLayerFlyoutName_ShouldRaiseArgumentNullException_WhenCultureInfoIsNull" computerName="DKSR-EFI-06" duration="00:00:00.0022868" startTime="2024-01-09T15:47:07.2376036+01:00" endTime="2024-01-09T15:47:07.2376036+01:00" testType="13cdc9d9-ddb5-4fa4-a97d-d965ccfc6d4b" outcome="Passed" testListId="8c84fa94-04c1-424b-9868-57a2d4851a1d" relativeResultsDirectory="2d1d1ba3-9642-4842-b5a0-4d5b253328a6" />
    <UnitTestResult executionId="e6bb6c4b-b80a-46a2-95c8-7f20412bb36f" testId="cbd1a592-fe49-5c6c-2e8b-2ba168c4038f" testName="Password1 valid, Password 2 invalid, same length" computerName="DKSR-EFI-06" duration="00:00:00.0002227" startTime="2024-01-09T15:45:44.4203980+01:00" endTime="2024-01-09T15:45:44.4203980+01:00" testType="13cdc9d9-ddb5-4fa4-a97d-d965ccfc6d4b" outcome="Passed" testListId="8c84fa94-04c1-424b-9868-57a2d4851a1d" relativeResultsDirectory="e6bb6c4b-b80a-46a2-95c8-7f20412bb36f" />
    <UnitTestResult executionId="1a5b8660-2afb-4a0a-b3a8-4589aa8c2613" testId="aad983c5-8e27-f320-9ef1-f25fd06b1fff" testName="LoadStateFrom_OrderResultsBy_RelevanceNotAllowed_ShouldChangeToNewestTriggerTime" computerName="DKSR-EFI-06" duration="00:00:00.0046231" startTime="2024-01-09T15:46:36.2459992+01:00" endTime="2024-01-09T15:46:36.2614663+01:00" testType="13cdc9d9-ddb5-4fa4-a97d-d965ccfc6d4b" outcome="Passed" testListId="8c84fa94-04c1-424b-9868-57a2d4851a1d" relativeResultsDirectory="1a5b8660-2afb-4a0a-b3a8-4589aa8c2613" />
    <UnitTestResult executionId="bcd94fae-7cbc-4560-a66c-77319c2acc38" testId="5b878309-5fba-ade9-5fb0-a0b0fe46423a" testName="CloseCommand_ShouldSetInteractionStateToNormal_WhenInvoked" computerName="DKSR-EFI-06" duration="00:00:00.0144103" startTime="2024-01-09T15:45:28.4512954+01:00" endTime="2024-01-09T15:45:28.4674995+01:00" testType="13cdc9d9-ddb5-4fa4-a97d-d965ccfc6d4b" outcome="Passed" testListId="8c84fa94-04c1-424b-9868-57a2d4851a1d" relativeResultsDirectory="bcd94fae-7cbc-4560-a66c-77319c2acc38" />
    <UnitTestResult executionId="c7b46b24-8569-4aa1-b6ad-b522e9cf2fc9" testId="11e45243-c796-e305-ccb2-ad123da6b869" testName="SearchModelOnSearchResultsReady_NotOnUiThread_Success" computerName="DKSR-EFI-06" duration="00:00:00.0164554" startTime="2024-01-09T15:46:38.2620207+01:00" endTime="2024-01-09T15:46:38.2776426+01:00" testType="13cdc9d9-ddb5-4fa4-a97d-d965ccfc6d4b" outcome="Passed" testListId="8c84fa94-04c1-424b-9868-57a2d4851a1d" relativeResultsDirectory="c7b46b24-8569-4aa1-b6ad-b522e9cf2fc9" />
    <UnitTestResult executionId="71494f3e-9cea-4aae-bc4b-382c5538a871" testId="5f362ea2-3502-a9a4-859c-9b7a53373938" testName="SearchResultsActionBarActions_ActionResultCreateReport_CreatePdfDocument_ErrorCreating" computerName="DKSR-EFI-06" duration="00:00:00.0222187" startTime="2024-01-09T15:46:34.7141177+01:00" endTime="2024-01-09T15:46:34.7297500+01:00" testType="13cdc9d9-ddb5-4fa4-a97d-d965ccfc6d4b" outcome="Passed" testListId="8c84fa94-04c1-424b-9868-57a2d4851a1d" relativeResultsDirectory="71494f3e-9cea-4aae-bc4b-382c5538a871" />
    <UnitTestResult executionId="adf360fb-2793-4a3a-9581-b549326a39bd" testId="13db29e1-271e-aab2-3bce-87640b8c6e48" testName="SearchResultDataHasChanged_ShouldCallAllSubResults" computerName="DKSR-EFI-06" duration="00:00:00.0074324" startTime="2024-01-09T15:46:45.3416047+01:00" endTime="2024-01-09T15:46:45.3416047+01:00" testType="13cdc9d9-ddb5-4fa4-a97d-d965ccfc6d4b" outcome="Passed" testListId="8c84fa94-04c1-424b-9868-57a2d4851a1d" relativeResultsDirectory="adf360fb-2793-4a3a-9581-b549326a39bd" />
    <UnitTestResult executionId="80515b6b-c9bf-4c50-95a5-32acc2be2987" testId="51eb78b3-47f8-22f8-16bb-8f1455db269f" testName="TestConstructor_Success" computerName="DKSR-EFI-06" duration="00:00:00.0133270" startTime="2024-01-09T15:47:06.7218190+01:00" endTime="2024-01-09T15:47:06.7374468+01:00" testType="13cdc9d9-ddb5-4fa4-a97d-d965ccfc6d4b" outcome="Passed" testListId="8c84fa94-04c1-424b-9868-57a2d4851a1d" relativeResultsDirectory="80515b6b-c9bf-4c50-95a5-32acc2be2987" />
    <UnitTestResult executionId="66997d59-20d5-4107-9983-9044262a2d03" testId="58078e76-fc8c-090d-f603-a4db3d83abcc" testName="MicrophoneItemsMapLayer_Load_Save_DataIsSame" computerName="DKSR-EFI-06" duration="00:00:00.0156696" startTime="2024-01-09T15:47:01.5329152+01:00" endTime="2024-01-09T15:47:01.5485493+01:00" testType="13cdc9d9-ddb5-4fa4-a97d-d965ccfc6d4b" outcome="Passed" testListId="8c84fa94-04c1-424b-9868-57a2d4851a1d" relativeResultsDirectory="66997d59-20d5-4107-9983-9044262a2d03" />
    <UnitTestResult executionId="3abf0b32-c732-4d0e-a341-d4de9a29d458" testId="f84b750e-f7b1-dfa1-6239-ac206a9e1008" testName="GetDomain_ShouldReturnEmptyDomainPartOfNetworkCredentials_WhenNetworkCredentialsContainsNoDomain" computerName="DKSR-EFI-06" duration="00:00:00.0003289" startTime="2024-01-09T15:45:20.2481586+01:00" endTime="2024-01-09T15:45:20.2481586+01:00" testType="13cdc9d9-ddb5-4fa4-a97d-d965ccfc6d4b" outcome="Passed" testListId="8c84fa94-04c1-424b-9868-57a2d4851a1d" relativeResultsDirectory="3abf0b32-c732-4d0e-a341-d4de9a29d458" />
    <UnitTestResult executionId="89537a75-eab3-45cb-9e36-733e0581a134" testId="cb217fc0-412f-9e5e-8b31-b39324af2ee8" testName="SearchAction_BrowseMode_OneYearInTheFuture" computerName="DKSR-EFI-06" duration="00:00:00.0093473" startTime="2024-01-09T15:47:12.4263902+01:00" endTime="2024-01-09T15:47:12.4420174+01:00" testType="13cdc9d9-ddb5-4fa4-a97d-d965ccfc6d4b" outcome="Passed" testListId="8c84fa94-04c1-424b-9868-57a2d4851a1d" relativeResultsDirectory="89537a75-eab3-45cb-9e36-733e0581a134" />
    <UnitTestResult executionId="c667dfea-eaf6-4a32-bcf4-9baf3160d384" testId="f3077786-632a-26ad-8d51-86ff9f306fe4" testName="BoundingBoxBrowseTimeChangedTestSameData" computerName="DKSR-EFI-06" duration="00:00:00.0053054" startTime="2024-01-09T15:47:13.4266496+01:00" endTime="2024-01-09T15:47:13.4266496+01:00" testType="13cdc9d9-ddb5-4fa4-a97d-d965ccfc6d4b" outcome="Passed" testListId="8c84fa94-04c1-424b-9868-57a2d4851a1d" relativeResultsDirectory="c667dfea-eaf6-4a32-bcf4-9baf3160d384" />
    <UnitTestResult executionId="3b41fb05-6f3d-4fed-91fd-fb44d9f1cc2e" testId="987edaa0-0a3b-cbb4-5b40-8112a4826bc5" testName="SupportsDoubleClick_ShouldBeFalse_WhenInteractionStateIsNotNormalAndNotInSetupMode" computerName="DKSR-EFI-06" duration="00:00:00.0444973" startTime="2024-01-09T15:45:35.1856709+01:00" endTime="2024-01-09T15:45:35.2325455+01:00" testType="13cdc9d9-ddb5-4fa4-a97d-d965ccfc6d4b" outcome="Passed" testListId="8c84fa94-04c1-424b-9868-57a2d4851a1d" relativeResultsDirectory="3b41fb05-6f3d-4fed-91fd-fb44d9f1cc2e" />
    <UnitTestResult executionId="16e7ef68-a9ea-4482-a25e-6e8e81ad25df" testId="052697c7-c6ac-9c36-6e57-c8105d8c8917" testName="SupportsDoubleClick_ShouldBeTrue_WhenInteractionStateIsNewDevice" computerName="DKSR-EFI-06" duration="00:00:00.0872122" startTime="2024-01-09T15:45:38.2481729+01:00" endTime="2024-01-09T15:45:38.3419219+01:00" testType="13cdc9d9-ddb5-4fa4-a97d-d965ccfc6d4b" outcome="Passed" testListId="8c84fa94-04c1-424b-9868-57a2d4851a1d" relativeResultsDirectory="16e7ef68-a9ea-4482-a25e-6e8e81ad25df" />
    <UnitTestResult executionId="7045bb0b-dcb4-43fc-908f-2371081eb485" testId="9d33f831-b29f-950b-6dda-1dc9cfbec78f" testName="BookmarkSearchTime_WithSearchStringInDifferentCases_ReturnCorrectBookmarkWithSearchStringInHeader (SeArChStRiNg,False,False,True,False,,,0)" computerName="DKSR-EFI-06" duration="00:00:00.0046350" startTime="2024-01-09T15:47:12.8639793+01:00" endTime="2024-01-09T15:47:12.8639793+01:00" testType="13cdc9d9-ddb5-4fa4-a97d-d965ccfc6d4b" outcome="Passed" testListId="8c84fa94-04c1-424b-9868-57a2d4851a1d" relativeResultsDirectory="7045bb0b-dcb4-43fc-908f-2371081eb485" />
    <UnitTestResult executionId="b3c8a5b2-c555-47af-89d4-fcf134c7436e" testId="673f3e73-dfeb-8ed6-a405-443eef7a608a" testName="OnLoaded_ValidUserControl_Success" computerName="DKSR-EFI-06" duration="00:00:00.6677509" startTime="2024-01-09T15:45:48.0620622+01:00" endTime="2024-01-09T15:45:48.7341039+01:00" testType="13cdc9d9-ddb5-4fa4-a97d-d965ccfc6d4b" outcome="Passed" testListId="8c84fa94-04c1-424b-9868-57a2d4851a1d" relativeResultsDirectory="b3c8a5b2-c555-47af-89d4-fcf134c7436e" />
    <UnitTestResult executionId="9b8bd3f9-77ec-4130-9a00-1e56ae7276d0" testId="651e8dde-0b5e-5bed-5256-d6a71b2a59d0" testName="GetLayerFeatures_ShouldReturnCameraLayerFeaturesBasedOnCameraItemsMapLayer_WhenCameraKind" computerName="DKSR-EFI-06" duration="00:00:00.0014450" startTime="2024-01-09T15:47:07.3313712+01:00" endTime="2024-01-09T15:47:07.3313712+01:00" testType="13cdc9d9-ddb5-4fa4-a97d-d965ccfc6d4b" outcome="Passed" testListId="8c84fa94-04c1-424b-9868-57a2d4851a1d" relativeResultsDirectory="9b8bd3f9-77ec-4130-9a00-1e56ae7276d0" />
    <UnitTestResult executionId="4a1bc3ff-7474-4ac4-92cb-5e15cb474d8f" testId="c2089cd7-1abb-31da-c4ba-3d9555a4f6a0" testName="PtzSessionControllerInfo_ReservedChangedTest_Argument_Null_2" computerName="DKSR-EFI-06" duration="00:00:00.0008178" startTime="2024-01-09T15:45:19.6075315+01:00" endTime="2024-01-09T15:45:19.6075315+01:00" testType="13cdc9d9-ddb5-4fa4-a97d-d965ccfc6d4b" outcome="Passed" testListId="8c84fa94-04c1-424b-9868-57a2d4851a1d" relativeResultsDirectory="4a1bc3ff-7474-4ac4-92cb-5e15cb474d8f" />
    <UnitTestResult executionId="541deccf-e7c9-4d1d-8d65-b1e841782ab6" testId="3439b9dc-7196-e05d-43e6-c0e2ac91454a" testName="SearchResultContainerView_OnItemActivated_SearchResultSelectedAndPreviousSelectionKept" computerName="DKSR-EFI-06" duration="00:00:01.0691591" startTime="2024-01-09T15:45:54.4540241+01:00" endTime="2024-01-09T15:45:55.5167070+01:00" testType="13cdc9d9-ddb5-4fa4-a97d-d965ccfc6d4b" outcome="Passed" testListId="8c84fa94-04c1-424b-9868-57a2d4851a1d" relativeResultsDirectory="541deccf-e7c9-4d1d-8d65-b1e841782ab6" />
    <UnitTestResult executionId="0f38b39f-6484-4bbf-991b-27905be15b1c" testId="98f27d45-2a93-357a-deeb-cbe956e4dc11" testName="IsBasicUser_ShouldReturnFalse_WhenConstructedUsingWindows" computerName="DKSR-EFI-06" duration="00:00:00.0002540" startTime="2024-01-09T15:45:20.2012822+01:00" endTime="2024-01-09T15:45:20.2012822+01:00" testType="13cdc9d9-ddb5-4fa4-a97d-d965ccfc6d4b" outcome="Passed" testListId="8c84fa94-04c1-424b-9868-57a2d4851a1d" relativeResultsDirectory="0f38b39f-6484-4bbf-991b-27905be15b1c" />
    <UnitTestResult executionId="eccf8f82-f63a-417e-bbf4-fc32aeb94dce" testId="20cd3c5b-85a9-064a-ae50-0db9b4c55966" testName="Search_SingleCategory_SearchCallDelegatedToSearchManager" computerName="DKSR-EFI-06" duration="00:00:00.0218175" startTime="2024-01-09T15:46:59.4701085+01:00" endTime="2024-01-09T15:46:59.5013628+01:00" testType="13cdc9d9-ddb5-4fa4-a97d-d965ccfc6d4b" outcome="Passed" testListId="8c84fa94-04c1-424b-9868-57a2d4851a1d" relativeResultsDirectory="eccf8f82-f63a-417e-bbf4-fc32aeb94dce" />
    <UnitTestResult executionId="28a2bda7-0333-4eb6-a13e-c8a86a2f6506" testId="56f5cfe7-c187-684a-c730-d4624e106c42" testName="Parse_Success" computerName="DKSR-EFI-06" duration="00:00:00.0174087" startTime="2024-01-09T15:47:11.1917453+01:00" endTime="2024-01-09T15:47:11.2073711+01:00" testType="13cdc9d9-ddb5-4fa4-a97d-d965ccfc6d4b" outcome="Passed" testListId="8c84fa94-04c1-424b-9868-57a2d4851a1d" relativeResultsDirectory="28a2bda7-0333-4eb6-a13e-c8a86a2f6506" />
    <UnitTestResult executionId="e35b5ca7-a368-47cf-8d47-7e90aa5959d0" testId="e5e298fb-304c-1a45-0e4a-b64258842db0" testName="FindSearchTemplatesAsync_ThrowPathNotFoundMIPException_Success" computerName="DKSR-EFI-06" duration="00:00:00.0014135" startTime="2024-01-09T15:46:44.3570614+01:00" endTime="2024-01-09T15:46:44.3570614+01:00" testType="13cdc9d9-ddb5-4fa4-a97d-d965ccfc6d4b" outcome="Passed" testListId="8c84fa94-04c1-424b-9868-57a2d4851a1d" relativeResultsDirectory="e35b5ca7-a368-47cf-8d47-7e90aa5959d0" />
    <UnitTestResult executionId="e27fcad7-0e93-4866-b90f-db85651171e2" testId="2be8ff91-530a-56da-c98c-d25f9ef28970" testName="CanMoreRegionsBeAdded_ShouldReturnTrue_WhenMaximumRegionsAllowedIsNotReached" computerName="DKSR-EFI-06" duration="00:00:00.0013778" startTime="2024-01-09T15:47:00.4389987+01:00" endTime="2024-01-09T15:47:00.4546235+01:00" testType="13cdc9d9-ddb5-4fa4-a97d-d965ccfc6d4b" outcome="Passed" testListId="8c84fa94-04c1-424b-9868-57a2d4851a1d" relativeResultsDirectory="e27fcad7-0e93-4866-b90f-db85651171e2" />
    <UnitTestResult executionId="f84f1183-2cb1-48b5-af21-4c3771ccd015" testId="9f4edaad-99c4-2eb1-ba6c-f50887f230cb" testName="UpdateSearchTemplateAsync_EmptyParameters_Success" computerName="DKSR-EFI-06" duration="00:00:00.0010591" startTime="2024-01-09T15:46:44.2007903+01:00" endTime="2024-01-09T15:46:44.2007903+01:00" testType="13cdc9d9-ddb5-4fa4-a97d-d965ccfc6d4b" outcome="Passed" testListId="8c84fa94-04c1-424b-9868-57a2d4851a1d" relativeResultsDirectory="f84f1183-2cb1-48b5-af21-4c3771ccd015" />
    <UnitTestResult executionId="f05f4b93-cfbe-4359-8e07-cd5438944985" testId="626588a6-8954-1a80-be96-bc32494f9793" testName="SearchResultCombineType_ShouldNotSetSearchTemplateAsModified_WhenValueChangesAndSearchTemplateIsNotActive" computerName="DKSR-EFI-06" duration="00:00:00.0083084" startTime="2024-01-09T15:46:38.6840027+01:00" endTime="2024-01-09T15:46:38.6840027+01:00" testType="13cdc9d9-ddb5-4fa4-a97d-d965ccfc6d4b" outcome="Passed" testListId="8c84fa94-04c1-424b-9868-57a2d4851a1d" relativeResultsDirectory="f05f4b93-cfbe-4359-8e07-cd5438944985" />
    <UnitTestResult executionId="3815fa4e-4d0e-43e9-b583-d5133ff1a013" testId="8ad53d84-7b7f-42f1-3c0f-a181a1bcf187" testName="FieldOfView_XPCO_SC_RoundtripTransform_Success" computerName="DKSR-EFI-06" duration="00:00:00.0004363" startTime="2024-01-09T15:47:01.2516268+01:00" endTime="2024-01-09T15:47:01.2516268+01:00" testType="13cdc9d9-ddb5-4fa4-a97d-d965ccfc6d4b" outcome="Passed" testListId="8c84fa94-04c1-424b-9868-57a2d4851a1d" relativeResultsDirectory="3815fa4e-4d0e-43e9-b583-d5133ff1a013" />
    <UnitTestResult executionId="8ce149fc-73b0-4db0-b045-8ff022366417" testId="aa6b509d-ef33-e576-b983-961276c69241" testName="SearchResultsActionBarActions_SendToFloatingWindow_InvokeCommand_Success" computerName="DKSR-EFI-06" duration="00:00:00.0261757" startTime="2024-01-09T15:46:35.4174687+01:00" endTime="2024-01-09T15:46:35.4330888+01:00" testType="13cdc9d9-ddb5-4fa4-a97d-d965ccfc6d4b" outcome="Passed" testListId="8c84fa94-04c1-424b-9868-57a2d4851a1d" relativeResultsDirectory="8ce149fc-73b0-4db0-b045-8ff022366417" />
    <UnitTestResult executionId="51f3f380-2edd-4356-9ff5-02b7ca9e7489" testId="80e60020-24f2-b8c1-7ee1-a8544259cfd1" testName="BoundingBoxLiveStartNoLiveHandler" computerName="DKSR-EFI-06" duration="00:00:00.0011761" startTime="2024-01-09T15:47:13.1921705+01:00" endTime="2024-01-09T15:47:13.1921705+01:00" testType="13cdc9d9-ddb5-4fa4-a97d-d965ccfc6d4b" outcome="Passed" testListId="8c84fa94-04c1-424b-9868-57a2d4851a1d" relativeResultsDirectory="51f3f380-2edd-4356-9ff5-02b7ca9e7489" />
    <UnitTestResult executionId="188088fd-6ce6-483c-8a3e-ca7466479428" testId="fdaa70b5-d6a7-4b1c-2dcb-1ad653aa4853" testName="ConvertGridMaskTestImageServerFormat" computerName="DKSR-EFI-06" duration="00:00:00.0013717" startTime="2024-01-09T15:47:15.3957044+01:00" endTime="2024-01-09T15:47:15.3957044+01:00" testType="13cdc9d9-ddb5-4fa4-a97d-d965ccfc6d4b" outcome="Passed" testListId="8c84fa94-04c1-424b-9868-57a2d4851a1d" relativeResultsDirectory="188088fd-6ce6-483c-8a3e-ca7466479428" />
    <UnitTestResult executionId="ae5d6711-4103-4bab-94e7-17e8f1a02374" testId="2b48bd6d-d40f-68da-88e6-66c25aa42362" testName="OnUnloaded_NoResultControl_DoesNotCrash" computerName="DKSR-EFI-06" duration="00:00:00.0069314" startTime="2024-01-09T15:45:48.7653749+01:00" endTime="2024-01-09T15:45:48.7809967+01:00" testType="13cdc9d9-ddb5-4fa4-a97d-d965ccfc6d4b" outcome="Passed" testListId="8c84fa94-04c1-424b-9868-57a2d4851a1d" relativeResultsDirectory="ae5d6711-4103-4bab-94e7-17e8f1a02374" />
    <UnitTestResult executionId="469c79c2-2c64-46c2-b6a2-1a579ab5afb7" testId="dddb1835-bc62-9ecf-f6da-266a9e5d6d03" testName="SerializeDeserialize_RoundTripNoValues_Equals" computerName="DKSR-EFI-06" duration="00:00:00.0017950" startTime="2024-01-09T15:47:12.5045274+01:00" endTime="2024-01-09T15:47:12.5045274+01:00" testType="13cdc9d9-ddb5-4fa4-a97d-d965ccfc6d4b" outcome="Passed" testListId="8c84fa94-04c1-424b-9868-57a2d4851a1d" relativeResultsDirectory="469c79c2-2c64-46c2-b6a2-1a579ab5afb7" />
    <UnitTestResult executionId="56432056-d7bc-4d64-92fb-65a9e4386648" testId="c733db05-5b7b-4d43-767f-ec9ea4306b0e" testName="InputMapItem_ForceActivateAsync_InBuilding_MapLevelsNotLoaded_Success" computerName="DKSR-EFI-06" duration="00:00:00.0143704" startTime="2024-01-09T15:47:06.4873731+01:00" endTime="2024-01-09T15:47:06.4873731+01:00" testType="13cdc9d9-ddb5-4fa4-a97d-d965ccfc6d4b" outcome="Passed" testListId="8c84fa94-04c1-424b-9868-57a2d4851a1d" relativeResultsDirectory="56432056-d7bc-4d64-92fb-65a9e4386648" />
    <UnitTestResult executionId="84bf2979-5fdd-4013-8f2b-7881a5ff1e0d" testId="521edd59-e00a-7fda-d2c0-b2558265b67a" testName="TestImplicitOperator_Polygon_Success" computerName="DKSR-EFI-06" duration="00:00:00.0008911" startTime="2024-01-09T15:47:02.9237507+01:00" endTime="2024-01-09T15:47:02.9237507+01:00" testType="13cdc9d9-ddb5-4fa4-a97d-d965ccfc6d4b" outcome="Passed" testListId="8c84fa94-04c1-424b-9868-57a2d4851a1d" relativeResultsDirectory="84bf2979-5fdd-4013-8f2b-7881a5ff1e0d" />
    <UnitTestResult executionId="cc6561e3-9799-4779-9df0-b09af5edfd3d" testId="787ee61a-eea4-f68b-10a6-56765d45d4e8" testName="Remove_ShouldRemoveViewItemFromIncludedViewItemsForSelectedView" computerName="DKSR-EFI-06" duration="00:00:00.0023236" startTime="2024-01-09T15:45:19.6544097+01:00" endTime="2024-01-09T15:45:19.6544097+01:00" testType="13cdc9d9-ddb5-4fa4-a97d-d965ccfc6d4b" outcome="Passed" testListId="8c84fa94-04c1-424b-9868-57a2d4851a1d" relativeResultsDirectory="cc6561e3-9799-4779-9df0-b09af5edfd3d" />
    <UnitTestResult executionId="65506089-5df4-41b7-a5f1-5dc827565afe" testId="c1eeed7f-e4ec-7e8c-7de0-e6cd997c3f16" testName="Both enabled, forced" computerName="DKSR-EFI-06" duration="00:00:00.0069771" startTime="2024-01-09T15:45:42.8106700+01:00" endTime="2024-01-09T15:45:42.8106700+01:00" testType="13cdc9d9-ddb5-4fa4-a97d-d965ccfc6d4b" outcome="Passed" testListId="8c84fa94-04c1-424b-9868-57a2d4851a1d" relativeResultsDirectory="65506089-5df4-41b7-a5f1-5dc827565afe" />
    <UnitTestResult executionId="36671c95-f20c-4b76-8045-8443295ca0bf" testId="9f0f6d30-f426-c7af-d9b6-15317c05ddf1" testName="DateToStringConverter_Convert_NullParameter_ReturnUnsetValue" computerName="DKSR-EFI-06" duration="00:00:00.0005090" startTime="2024-01-09T15:46:14.2555009+01:00" endTime="2024-01-09T15:46:14.2555009+01:00" testType="13cdc9d9-ddb5-4fa4-a97d-d965ccfc6d4b" outcome="Passed" testListId="8c84fa94-04c1-424b-9868-57a2d4851a1d" relativeResultsDirectory="36671c95-f20c-4b76-8045-8443295ca0bf" />
    <UnitTestResult executionId="ba2bab4a-465b-4d9f-85aa-c4d14ac23569" testId="f680908c-3b4b-7b4d-7066-6e5fce7c0b27" testName="GetClusters_ExcludeThenIncludeExcludedItems_NoChange (Data Row 11)" computerName="DKSR-EFI-06" duration="00:00:00.0117447" startTime="2024-01-09T15:47:07.8784025+01:00" endTime="2024-01-09T15:47:08.0815823+01:00" testType="13cdc9d9-ddb5-4fa4-a97d-d965ccfc6d4b" outcome="Passed" testListId="8c84fa94-04c1-424b-9868-57a2d4851a1d" relativeResultsDirectory="ba2bab4a-465b-4d9f-85aa-c4d14ac23569" />
    <UnitTestResult executionId="fb3a9b83-b844-45b1-ba2f-deef4dd3863e" testId="f086d804-d792-85ee-7f01-0c6bad93eebb" testName="SupportsDoubleClick_ShouldBeFalse_WhenInteractionStateIsNotNormalOrNewDevice" computerName="DKSR-EFI-06" duration="00:00:00.0427286" startTime="2024-01-09T15:45:35.9356722+01:00" endTime="2024-01-09T15:45:35.9825475+01:00" testType="13cdc9d9-ddb5-4fa4-a97d-d965ccfc6d4b" outcome="Passed" testListId="8c84fa94-04c1-424b-9868-57a2d4851a1d" relativeResultsDirectory="fb3a9b83-b844-45b1-ba2f-deef4dd3863e" />
    <UnitTestResult executionId="be419648-3d30-4502-90bc-d0435d1feaa9" testId="0d6f4d12-30c4-770e-7e76-c3c94335926a" testName="DeleteLevel2Of123_Success" computerName="DKSR-EFI-06" duration="00:00:00.0449165" startTime="2024-01-09T15:47:06.8781142+01:00" endTime="2024-01-09T15:47:06.9250002+01:00" testType="13cdc9d9-ddb5-4fa4-a97d-d965ccfc6d4b" outcome="Passed" testListId="8c84fa94-04c1-424b-9868-57a2d4851a1d" relativeResultsDirectory="be419648-3d30-4502-90bc-d0435d1feaa9">
      <Output>
        <StdOut>Debug Trace:&#xD;
 &gt;&gt;&gt; ERROR: System.NullReferenceException: Object reference not set to an instance of an object.&#xD;
   at VideoOS.RemoteClient.GisMapData.MapBuildings.MapLevel.&lt;LoadLayersAsync&gt;d__71.MoveNext() in D:\actions-runner\_work\XPCO\XPCO\SC\Components\dotNet\VideoOS.RemoteClient.GisMapData\MapBuildings\MapLevel.cs:line 283&#xD;
 &gt;&gt;&gt; Stack:    at VideoOS.RemoteClient.GisMapData.MapBuildings.MapLevel.&lt;LoadLayersAsync&gt;d__71.MoveNext() in D:\actions-runner\_work\XPCO\XPCO\SC\Components\dotNet\VideoOS.RemoteClient.GisMapData\MapBuildings\MapLevel.cs:line 283&#xD;
 &gt;&gt;&gt; ERROR: System.NullReferenceException: Object reference not set to an instance of an object.&#xD;
   at VideoOS.RemoteClient.GisMapData.MapBuildings.MapLevel.&lt;LoadLayersAsync&gt;d__71.MoveNext() in D:\actions-runner\_work\XPCO\XPCO\SC\Components\dotNet\VideoOS.RemoteClient.GisMapData\MapBuildings\MapLevel.cs:line 283&#xD;
 &gt;&gt;&gt; Stack:    at VideoOS.RemoteClient.GisMapData.MapBuildings.MapLevel.&lt;LoadLayersAsync&gt;d__71.MoveNext() in D:\actions-runner\_work\XPCO\XPCO\SC\Components\dotNet\VideoOS.RemoteClient.GisMapData\MapBuildings\MapLevel.cs:line 283&#xD;
 &gt;&gt;&gt; ERROR: System.NullReferenceException: Object reference not set to an instance of an object.&#xD;
   at VideoOS.RemoteClient.GisMapData.MapBuildings.MapLevel.&lt;LoadLayersAsync&gt;d__71.MoveNext() in D:\actions-runner\_work\XPCO\XPCO\SC\Components\dotNet\VideoOS.RemoteClient.GisMapData\MapBuildings\MapLevel.cs:line 283&#xD;
 &gt;&gt;&gt; Stack:    at VideoOS.RemoteClient.GisMapData.MapBuildings.MapLevel.&lt;LoadLayersAsync&gt;d__71.MoveNext() in D:\actions-runner\_work\XPCO\XPCO\SC\Components\dotNet\VideoOS.RemoteClient.GisMapData\MapBuildings\MapLevel.cs:line 283</StdOut>
      </Output>
    </UnitTestResult>
    <UnitTestResult executionId="8394f115-7a10-4bb2-98b3-74c764a40092" testId="17fe6ff4-b5d4-9e8c-2ff8-d274a9cc9666" testName="AttributeValueGet_NullValue_Success" computerName="DKSR-EFI-06" duration="00:00:00.0174734" startTime="2024-01-09T15:47:00.2827262+01:00" endTime="2024-01-09T15:47:00.3139804+01:00" testType="13cdc9d9-ddb5-4fa4-a97d-d965ccfc6d4b" outcome="Passed" testListId="8c84fa94-04c1-424b-9868-57a2d4851a1d" relativeResultsDirectory="8394f115-7a10-4bb2-98b3-74c764a40092" />
    <UnitTestResult executionId="d683c141-995f-48b2-b96e-e9e7516f7737" testId="1a507d86-1921-f620-6368-d6adb1877080" testName="TestCreateMipTabWorkroom_Two_Success" computerName="DKSR-EFI-06" duration="00:00:00.0439326" startTime="2024-01-09T15:45:17.1856484+01:00" endTime="2024-01-09T15:45:17.2325252+01:00" testType="13cdc9d9-ddb5-4fa4-a97d-d965ccfc6d4b" outcome="Passed" testListId="8c84fa94-04c1-424b-9868-57a2d4851a1d" relativeResultsDirectory="d683c141-995f-48b2-b96e-e9e7516f7737" />
    <UnitTestResult executionId="4ea2fa2e-857a-46ac-adc8-803abdf63b92" testId="6754b662-82b1-e1e8-5fb7-5034b721677b" testName="Ctor_Success" computerName="DKSR-EFI-06" duration="00:00:00.0778855" startTime="2024-01-09T15:46:43.3412544+01:00" endTime="2024-01-09T15:46:43.4194008+01:00" testType="13cdc9d9-ddb5-4fa4-a97d-d965ccfc6d4b" outcome="Passed" testListId="8c84fa94-04c1-424b-9868-57a2d4851a1d" relativeResultsDirectory="4ea2fa2e-857a-46ac-adc8-803abdf63b92" />
    <UnitTestResult executionId="17ac43d4-099f-46df-8d28-dfb7b44951ae" testId="0a4e5b36-6578-df3d-cfd2-3d6ee660820a" testName="GetClusters_ExcludeFromClustering_OnlyClustersForExcludedItems (Data Row 12)" computerName="DKSR-EFI-06" duration="00:00:00.0083247" startTime="2024-01-09T15:47:07.4876662+01:00" endTime="2024-01-09T15:47:07.8627695+01:00" testType="13cdc9d9-ddb5-4fa4-a97d-d965ccfc6d4b" outcome="Passed" testListId="8c84fa94-04c1-424b-9868-57a2d4851a1d" relativeResultsDirectory="17ac43d4-099f-46df-8d28-dfb7b44951ae" />
    <UnitTestResult executionId="7e8ddc51-dd68-4de9-adf8-f34eda3f0075" testId="d77fa2b3-cd91-4a80-9070-a6c107df2662" testName="Deserialize_ManagerUnableToCreateSearchDefinition_Error" computerName="DKSR-EFI-06" duration="00:00:00.0019749" startTime="2024-01-09T15:46:45.5447586+01:00" endTime="2024-01-09T15:46:45.5447586+01:00" testType="13cdc9d9-ddb5-4fa4-a97d-d965ccfc6d4b" outcome="Passed" testListId="8c84fa94-04c1-424b-9868-57a2d4851a1d" relativeResultsDirectory="7e8ddc51-dd68-4de9-adf8-f34eda3f0075" />
    <UnitTestResult executionId="4c073bb1-2435-4abd-aa3c-5c0c39b2cb2b" testId="f8f04b21-fad0-48a3-39ca-a5f162fe7d64" testName="Convert_InvalidArgumentCount_MoreThanExpected_Collapsed" computerName="DKSR-EFI-06" duration="00:00:00.0002993" startTime="2024-01-09T15:46:14.3648925+01:00" endTime="2024-01-09T15:46:14.3648925+01:00" testType="13cdc9d9-ddb5-4fa4-a97d-d965ccfc6d4b" outcome="Passed" testListId="8c84fa94-04c1-424b-9868-57a2d4851a1d" relativeResultsDirectory="4c073bb1-2435-4abd-aa3c-5c0c39b2cb2b" />
    <UnitTestResult executionId="c10fe29e-64ba-4304-817e-c295904e1ce1" testId="acb150f5-b42c-e1e1-4437-dd62b031592b" testName="Dispose_ShouldDetachOnUpdateUnmutedMicrophonesRaised_WhenCalled" computerName="DKSR-EFI-06" duration="00:00:00.0148297" startTime="2024-01-09T15:47:04.8931136+01:00" endTime="2024-01-09T15:47:04.9087379+01:00" testType="13cdc9d9-ddb5-4fa4-a97d-d965ccfc6d4b" outcome="Passed" testListId="8c84fa94-04c1-424b-9868-57a2d4851a1d" relativeResultsDirectory="c10fe29e-64ba-4304-817e-c295904e1ce1" />
    <UnitTestResult executionId="5da5d1cc-d0d1-4310-9c39-acc3f505fe60" testId="0235937d-7835-1be7-a6de-aa25a4b10aac" testName="GetSnapshots_NoPlaybackRight_Failure" computerName="DKSR-EFI-06" duration="00:00:00.0037908" startTime="2024-01-09T15:46:43.6694424+01:00" endTime="2024-01-09T15:46:43.6694424+01:00" testType="13cdc9d9-ddb5-4fa4-a97d-d965ccfc6d4b" outcome="Passed" testListId="8c84fa94-04c1-424b-9868-57a2d4851a1d" relativeResultsDirectory="5da5d1cc-d0d1-4310-9c39-acc3f505fe60" />
    <UnitTestResult executionId="60884297-5262-4629-92e9-cdf5e6ee90ac" testId="5711c871-ad4e-1c97-b7af-50ef5d9eff82" testName="ServerAuthentication_ShouldReturnLegacyBasic_WhenConstructedUsingSimple" computerName="DKSR-EFI-06" duration="00:00:00.0002823" startTime="2024-01-09T15:45:20.2637846+01:00" endTime="2024-01-09T15:45:20.2637846+01:00" testType="13cdc9d9-ddb5-4fa4-a97d-d965ccfc6d4b" outcome="Passed" testListId="8c84fa94-04c1-424b-9868-57a2d4851a1d" relativeResultsDirectory="60884297-5262-4629-92e9-cdf5e6ee90ac" />
    <UnitTestResult executionId="60c5c753-3ba6-415e-9c7f-00db833b4314" testId="744b677d-0c71-fc1a-e1ca-cb97cabb4a84" testName="TryGetOsmServerTileAddress_ShouldReturnFalse_WhenOsmServerAddressIsNull" computerName="DKSR-EFI-06" duration="00:00:00.0001930" startTime="2024-01-09T15:47:07.3001149+01:00" endTime="2024-01-09T15:47:07.3001149+01:00" testType="13cdc9d9-ddb5-4fa4-a97d-d965ccfc6d4b" outcome="Passed" testListId="8c84fa94-04c1-424b-9868-57a2d4851a1d" relativeResultsDirectory="60c5c753-3ba6-415e-9c7f-00db833b4314" />
    <UnitTestResult executionId="eb49cb56-c4be-4fc2-8b6e-c29d419432aa" testId="f4609267-8826-6634-3e91-b8471488e292" testName="GetServerTypes_ShouldReturnRecordingServiceType" computerName="DKSR-EFI-06" duration="00:00:00.0003740" startTime="2024-01-09T15:47:13.5828638+01:00" endTime="2024-01-09T15:47:13.5984992+01:00" testType="13cdc9d9-ddb5-4fa4-a97d-d965ccfc6d4b" outcome="Passed" testListId="8c84fa94-04c1-424b-9868-57a2d4851a1d" relativeResultsDirectory="eb49cb56-c4be-4fc2-8b6e-c29d419432aa" />
    <UnitTestResult executionId="213d4699-a642-4eb7-851e-509c82c1cea5" testId="84796659-ba8c-65c7-7760-1f800728b555" testName="Command_ShouldInvokeRemoveMipMapItem_WhenExecutedForMultipleSelectedItem" computerName="DKSR-EFI-06" duration="00:00:00.0076678" startTime="2024-01-09T15:45:38.6700422+01:00" endTime="2024-01-09T15:45:38.6856708+01:00" testType="13cdc9d9-ddb5-4fa4-a97d-d965ccfc6d4b" outcome="Passed" testListId="8c84fa94-04c1-424b-9868-57a2d4851a1d" relativeResultsDirectory="213d4699-a642-4eb7-851e-509c82c1cea5" />
    <UnitTestResult executionId="30480bda-c098-4951-ba9c-ec319f7b6c97" testId="6e48d542-e9b0-81b3-6d86-e61f8dff61ca" testName="FetchDeviceConfiguration_ShouldLoadCache_WhenCacheFileIsPresent" computerName="DKSR-EFI-06" duration="00:00:00.0066259" startTime="2024-01-09T15:47:17.3491563+01:00" endTime="2024-01-09T15:47:17.3647863+01:00" testType="13cdc9d9-ddb5-4fa4-a97d-d965ccfc6d4b" outcome="Passed" testListId="8c84fa94-04c1-424b-9868-57a2d4851a1d" relativeResultsDirectory="30480bda-c098-4951-ba9c-ec319f7b6c97" />
    <UnitTestResult executionId="2a607a6d-3338-4e24-81af-5c1282c606fd" testId="15256628-10ab-395d-cdc0-982196f2d384" testName="PtzInfoViewModel_PtzReservedByCurrentUserTest" computerName="DKSR-EFI-06" duration="00:00:00.0023986" startTime="2024-01-09T15:45:21.4356601+01:00" endTime="2024-01-09T15:45:21.4356601+01:00" testType="13cdc9d9-ddb5-4fa4-a97d-d965ccfc6d4b" outcome="Passed" testListId="8c84fa94-04c1-424b-9868-57a2d4851a1d" relativeResultsDirectory="2a607a6d-3338-4e24-81af-5c1282c606fd" />
    <UnitTestResult executionId="d781c41c-f730-4fb9-98d5-d0ad81870222" testId="95b39f8a-1d05-ef16-b7bc-9f5670cd4fdd" testName="ManualRecordingResultDto_ShouldYieldSameValues_WhenRoundTripConverted" computerName="DKSR-EFI-06" duration="00:00:00.0025631" startTime="2024-01-09T15:45:08.9981351+01:00" endTime="2024-01-09T15:45:08.9981351+01:00" testType="13cdc9d9-ddb5-4fa4-a97d-d965ccfc6d4b" outcome="Passed" testListId="8c84fa94-04c1-424b-9868-57a2d4851a1d" relativeResultsDirectory="d781c41c-f730-4fb9-98d5-d0ad81870222" />
    <UnitTestResult executionId="d49295c1-cec1-4699-9154-cb9a0ac286a2" testId="37f14c37-5c5d-2aca-7f78-44d1e6498fe0" testName="SetIncludePartialResults_ShouldFireEvent_WhenNewValueApplied" computerName="DKSR-EFI-06" duration="00:00:00.0012747" startTime="2024-01-09T15:46:45.2478370+01:00" endTime="2024-01-09T15:46:45.2478370+01:00" testType="13cdc9d9-ddb5-4fa4-a97d-d965ccfc6d4b" outcome="Passed" testListId="8c84fa94-04c1-424b-9868-57a2d4851a1d" relativeResultsDirectory="d49295c1-cec1-4699-9154-cb9a0ac286a2" />
    <UnitTestResult executionId="f905d239-d3e1-4f9f-b0fe-5b66a55bcdfb" testId="20b32a9d-1528-d876-b23d-11423094b46d" testName="Unrelated_devices_removed_when_unrelated_camera_with_related_devices_added" computerName="DKSR-EFI-06" duration="00:00:00.0026722" startTime="2024-01-09T15:47:18.6774727+01:00" endTime="2024-01-09T15:47:18.6774727+01:00" testType="13cdc9d9-ddb5-4fa4-a97d-d965ccfc6d4b" outcome="Passed" testListId="8c84fa94-04c1-424b-9868-57a2d4851a1d" relativeResultsDirectory="f905d239-d3e1-4f9f-b0fe-5b66a55bcdfb" />
    <UnitTestResult executionId="d48be5f6-2264-435e-b55c-bc45c6342384" testId="e998f77e-77b2-7e10-d8db-3813eb8031aa" testName="GetClusters_ThreeInitialItems_ClustersForInitialItems (Data Row 18)" computerName="DKSR-EFI-06" duration="00:00:00.0104186" startTime="2024-01-09T15:47:08.8161554+01:00" endTime="2024-01-09T15:47:09.0037088+01:00" testType="13cdc9d9-ddb5-4fa4-a97d-d965ccfc6d4b" outcome="Passed" testListId="8c84fa94-04c1-424b-9868-57a2d4851a1d" relativeResultsDirectory="d48be5f6-2264-435e-b55c-bc45c6342384" />
    <UnitTestResult executionId="d8bd5d31-6e8e-4cef-aa0a-2ade4d73c941" testId="55ff5278-ace4-0f2e-f8ad-9f5f257b511f" testName="GetMapLayerArguments_ShouldReturnIGisMapModel_WhenCalled" computerName="DKSR-EFI-06" duration="00:00:00.0003438" startTime="2024-01-09T15:47:04.3773072+01:00" endTime="2024-01-09T15:47:04.3773072+01:00" testType="13cdc9d9-ddb5-4fa4-a97d-d965ccfc6d4b" outcome="Passed" testListId="8c84fa94-04c1-424b-9868-57a2d4851a1d" relativeResultsDirectory="d8bd5d31-6e8e-4cef-aa0a-2ade4d73c941" />
    <UnitTestResult executionId="68449b02-64e1-4f49-b3bd-8b4ceda65562" testId="dce39246-34e9-ee17-be45-81df055ba9b7" testName="Decorate_ShouldNotAddChildren_WhenThereLayersImplementingITitleToggleableHasNoItems" computerName="DKSR-EFI-06" duration="00:00:00.0023828" startTime="2024-01-09T15:45:30.8887918+01:00" endTime="2024-01-09T15:45:30.8887918+01:00" testType="13cdc9d9-ddb5-4fa4-a97d-d965ccfc6d4b" outcome="Passed" testListId="8c84fa94-04c1-424b-9868-57a2d4851a1d" relativeResultsDirectory="68449b02-64e1-4f49-b3bd-8b4ceda65562" />
    <UnitTestResult executionId="05a56258-9d9c-44bd-8f72-4f1495b7ccfc" testId="22c14ae1-426d-20b6-6b98-6e6a9790adb4" testName="BookmarkSearchTime_WithSearchStringInDifferentCases_ReturnCorrectBookmarkWithSearchStringInHeader (SeArChStRiNg,False,False,False,False,,,0)" computerName="DKSR-EFI-06" duration="00:00:00.0052966" startTime="2024-01-09T15:47:12.8796086+01:00" endTime="2024-01-09T15:47:12.8796086+01:00" testType="13cdc9d9-ddb5-4fa4-a97d-d965ccfc6d4b" outcome="Passed" testListId="8c84fa94-04c1-424b-9868-57a2d4851a1d" relativeResultsDirectory="05a56258-9d9c-44bd-8f72-4f1495b7ccfc" />
    <UnitTestResult executionId="c0fedda6-ce1d-490e-ab3a-405fc51765b2" testId="4037f8f9-6ca0-fb62-ee52-1ab0cb3db5fb" testName="TimeToStringConverter_Convert_InvalidParameter_ReturnUnsetValue" computerName="DKSR-EFI-06" duration="00:00:00.0005533" startTime="2024-01-09T15:46:14.3961484+01:00" endTime="2024-01-09T15:46:14.3961484+01:00" testType="13cdc9d9-ddb5-4fa4-a97d-d965ccfc6d4b" outcome="Passed" testListId="8c84fa94-04c1-424b-9868-57a2d4851a1d" relativeResultsDirectory="c0fedda6-ce1d-490e-ab3a-405fc51765b2" />
    <UnitTestResult executionId="d341ba0f-1ff1-4832-bc57-dde1a6623ba0" testId="b4b53b4f-883e-94e0-fef4-aaf250b86eec" testName="PtzSessionController_Unregister_Camera_Test" computerName="DKSR-EFI-06" duration="00:00:00.0083281" startTime="2024-01-09T15:45:19.4825319+01:00" endTime="2024-01-09T15:45:19.4981557+01:00" testType="13cdc9d9-ddb5-4fa4-a97d-d965ccfc6d4b" outcome="Passed" testListId="8c84fa94-04c1-424b-9868-57a2d4851a1d" relativeResultsDirectory="d341ba0f-1ff1-4832-bc57-dde1a6623ba0" />
    <UnitTestResult executionId="a564476d-2908-4b56-bc5a-bdf8a8fe079c" testId="85b176e4-fb59-5c82-65b9-233680a9d61b" testName="PopulateTooltip_ManyResultsFromManyCameras24Hours_ValidText" computerName="DKSR-EFI-06" duration="00:00:01.6450523" startTime="2024-01-09T15:46:29.5563756+01:00" endTime="2024-01-09T15:46:31.1972632+01:00" testType="13cdc9d9-ddb5-4fa4-a97d-d965ccfc6d4b" outcome="Passed" testListId="8c84fa94-04c1-424b-9868-57a2d4851a1d" relativeResultsDirectory="a564476d-2908-4b56-bc5a-bdf8a8fe079c" />
    <UnitTestResult executionId="85f37884-2518-4397-a456-75781d55fc7b" testId="1bcc3d33-eed0-82c1-06ce-172f567f9802" testName="PatrollingProfileViewModelTest_SelectEndPosition_SamePosition" computerName="DKSR-EFI-06" duration="00:00:00.0044512" startTime="2024-01-09T15:47:09.5507288+01:00" endTime="2024-01-09T15:47:09.5507288+01:00" testType="13cdc9d9-ddb5-4fa4-a97d-d965ccfc6d4b" outcome="Passed" testListId="8c84fa94-04c1-424b-9868-57a2d4851a1d" relativeResultsDirectory="85f37884-2518-4397-a456-75781d55fc7b" />
    <UnitTestResult executionId="f38a96eb-70b3-4167-87f1-9df6a7710d27" testId="324b13ab-64d8-9667-f4d5-2b34c2ee361f" testName="Optics enabled, not forced" computerName="DKSR-EFI-06" duration="00:00:00.0070199" startTime="2024-01-09T15:45:42.8419204+01:00" endTime="2024-01-09T15:45:42.8419204+01:00" testType="13cdc9d9-ddb5-4fa4-a97d-d965ccfc6d4b" outcome="Passed" testListId="8c84fa94-04c1-424b-9868-57a2d4851a1d" relativeResultsDirectory="f38a96eb-70b3-4167-87f1-9df6a7710d27" />
    <UnitTestResult executionId="e09e80e9-486f-4caa-a86b-42ca29727652" testId="8d8eee96-464d-c577-6270-884494a6a9b2" testName="SelectOptions_ShouldNotChangeSelectedComponent_WhenGivenComponentIsNull" computerName="DKSR-EFI-06" duration="00:00:00.0026404" startTime="2024-01-09T15:47:09.8007878+01:00" endTime="2024-01-09T15:47:09.8007878+01:00" testType="13cdc9d9-ddb5-4fa4-a97d-d965ccfc6d4b" outcome="Passed" testListId="8c84fa94-04c1-424b-9868-57a2d4851a1d" relativeResultsDirectory="e09e80e9-486f-4caa-a86b-42ca29727652" />
    <UnitTestResult executionId="688b3c0e-cae0-4ff1-81a8-ea85dc9f5745" testId="d3a599a4-935b-da5b-b016-03413c57fddc" testName="CameraMapItem_Delete_Success" computerName="DKSR-EFI-06" duration="00:00:00.0118767" startTime="2024-01-09T15:47:02.3455397+01:00" endTime="2024-01-09T15:47:02.3455397+01:00" testType="13cdc9d9-ddb5-4fa4-a97d-d965ccfc6d4b" outcome="Passed" testListId="8c84fa94-04c1-424b-9868-57a2d4851a1d" relativeResultsDirectory="688b3c0e-cae0-4ff1-81a8-ea85dc9f5745" />
    <UnitTestResult executionId="0436aacd-c822-4526-91b7-90b4d9dbeead" testId="8ffeda3d-e799-7be5-92e9-cd0ffd88ed12" testName="TestKeepInMemory_Success" computerName="DKSR-EFI-06" duration="00:00:00.0001479" startTime="2024-01-09T15:47:17.2241289+01:00" endTime="2024-01-09T15:47:17.2241289+01:00" testType="13cdc9d9-ddb5-4fa4-a97d-d965ccfc6d4b" outcome="Passed" testListId="8c84fa94-04c1-424b-9868-57a2d4851a1d" relativeResultsDirectory="0436aacd-c822-4526-91b7-90b4d9dbeead" />
    <UnitTestResult executionId="4673415f-66d8-4291-9ecc-c8da178d3842" testId="e6be9160-5cc6-c513-67c4-14d959e49ad9" testName="Ctor_UnknownEditControl_InlineEditControl_Success" computerName="DKSR-EFI-06" duration="00:00:00.0011173" startTime="2024-01-09T15:46:34.4953036+01:00" endTime="2024-01-09T15:46:34.4953036+01:00" testType="13cdc9d9-ddb5-4fa4-a97d-d965ccfc6d4b" outcome="Passed" testListId="8c84fa94-04c1-424b-9868-57a2d4851a1d" relativeResultsDirectory="4673415f-66d8-4291-9ecc-c8da178d3842" />
    <UnitTestResult executionId="2d5ef97b-e0c6-46d0-84c9-7841d82f71f5" testId="29212116-6a0b-3ffd-ae50-19c86a9244cc" testName="PtzPresetsMenuViewModel_PtzCotrolledByPatrollingTest" computerName="DKSR-EFI-06" duration="00:00:00.0013049" startTime="2024-01-09T15:47:15.4269635+01:00" endTime="2024-01-09T15:47:15.4269635+01:00" testType="13cdc9d9-ddb5-4fa4-a97d-d965ccfc6d4b" outcome="Passed" testListId="8c84fa94-04c1-424b-9868-57a2d4851a1d" relativeResultsDirectory="2d5ef97b-e0c6-46d0-84c9-7841d82f71f5" />
    <UnitTestResult executionId="90cef11b-05dd-49b9-b228-4762e4f8e704" testId="e60bae60-c13a-330d-734d-4108f8865d47" testName="SmartMapGetPositionRequestHandler_WhenDataIsValid_ShouldCallNavigateTo" computerName="DKSR-EFI-06" duration="00:00:00.0067075" startTime="2024-01-09T15:45:38.9981679+01:00" endTime="2024-01-09T15:45:38.9981679+01:00" testType="13cdc9d9-ddb5-4fa4-a97d-d965ccfc6d4b" outcome="Passed" testListId="8c84fa94-04c1-424b-9868-57a2d4851a1d" relativeResultsDirectory="90cef11b-05dd-49b9-b228-4762e4f8e704" />
    <UnitTestResult executionId="354ee80b-4ab9-43c0-9f16-d74e600b3fb6" testId="8717c557-1272-1ca3-c2f1-71d1819ddb50" testName="Result_Expands_Correctly" computerName="DKSR-EFI-06" duration="00:00:00.1107109" startTime="2024-01-09T15:47:18.2399087+01:00" endTime="2024-01-09T15:47:18.3493053+01:00" testType="13cdc9d9-ddb5-4fa4-a97d-d965ccfc6d4b" outcome="Passed" testListId="8c84fa94-04c1-424b-9868-57a2d4851a1d" relativeResultsDirectory="354ee80b-4ab9-43c0-9f16-d74e600b3fb6" />
    <UnitTestResult executionId="fd817ad9-0711-49de-9e39-060cf75a30d9" testId="e998f77e-77b2-7e10-d8db-3813eb8031aa" testName="GetClusters_ThreeInitialItems_ClustersForInitialItems (Data Row 13)" computerName="DKSR-EFI-06" duration="00:00:00.0083862" startTime="2024-01-09T15:47:08.8161554+01:00" endTime="2024-01-09T15:47:09.0037088+01:00" testType="13cdc9d9-ddb5-4fa4-a97d-d965ccfc6d4b" outcome="Passed" testListId="8c84fa94-04c1-424b-9868-57a2d4851a1d" relativeResultsDirectory="fd817ad9-0711-49de-9e39-060cf75a30d9" />
    <UnitTestResult executionId="efa5d685-34ea-4f14-b3eb-3dce48b0cf04" testId="39116a4a-80db-ce36-d47f-ad7c599fcdc1" testName="AssignPanTiltValue_WhenValueJustBelowDeadzone_ShouldReturnJustBelowCenterValue" computerName="DKSR-EFI-06" duration="00:00:00.0001770" startTime="2024-01-09T15:45:21.5137854+01:00" endTime="2024-01-09T15:45:21.5137854+01:00" testType="13cdc9d9-ddb5-4fa4-a97d-d965ccfc6d4b" outcome="Passed" testListId="8c84fa94-04c1-424b-9868-57a2d4851a1d" relativeResultsDirectory="efa5d685-34ea-4f14-b3eb-3dce48b0cf04" />
    <UnitTestResult executionId="e6933465-70df-44da-919a-de4d2421a8a5" testId="2b33b0ae-9699-070c-729a-42132d028501" testName="GetLayerFeatures_ShouldReturnOutputLayerFeatures_WhenOutputKind" computerName="DKSR-EFI-06" duration="00:00:00.0019198" startTime="2024-01-09T15:47:07.3313712+01:00" endTime="2024-01-09T15:47:07.3313712+01:00" testType="13cdc9d9-ddb5-4fa4-a97d-d965ccfc6d4b" outcome="Passed" testListId="8c84fa94-04c1-424b-9868-57a2d4851a1d" relativeResultsDirectory="e6933465-70df-44da-919a-de4d2421a8a5" />
    <UnitTestResult executionId="adb0bc50-cfc6-49d2-93ec-4fdf43457005" testId="20efb3d3-79c6-bd77-1370-aab1347bcb2b" testName="DeleteSearchTemplateAsync_Succeeds_Success" computerName="DKSR-EFI-06" duration="00:00:00.0059206" startTime="2024-01-09T15:46:44.0601336+01:00" endTime="2024-01-09T15:46:44.0601336+01:00" testType="13cdc9d9-ddb5-4fa4-a97d-d965ccfc6d4b" outcome="Passed" testListId="8c84fa94-04c1-424b-9868-57a2d4851a1d" relativeResultsDirectory="adb0bc50-cfc6-49d2-93ec-4fdf43457005" />
    <UnitTestResult executionId="5b3b03b2-58b1-4737-b285-bfbbb8f073fa" testId="6ea25a13-961a-d8b8-8741-00e7f42d7603" testName="Unrelated_device_unchanged_when_camera_with_same_related_device_added" computerName="DKSR-EFI-06" duration="00:00:00.0026215" startTime="2024-01-09T15:47:18.6774727+01:00" endTime="2024-01-09T15:47:18.6930993+01:00" testType="13cdc9d9-ddb5-4fa4-a97d-d965ccfc6d4b" outcome="Passed" testListId="8c84fa94-04c1-424b-9868-57a2d4851a1d" relativeResultsDirectory="5b3b03b2-58b1-4737-b285-bfbbb8f073fa" />
    <UnitTestResult executionId="8d794309-8ae7-4ccf-b988-8347a4a6ed9f" testId="57630e13-6376-5ac4-f876-8b3113252cf4" testName="HandleGetLayerFeatures_ShouldReturnMicrophoneLayerFeatures_WhenMicrophoneKind" computerName="DKSR-EFI-06" duration="00:00:00.0025712" startTime="2024-01-09T15:47:07.1907144+01:00" endTime="2024-01-09T15:47:07.1907144+01:00" testType="13cdc9d9-ddb5-4fa4-a97d-d965ccfc6d4b" outcome="Passed" testListId="8c84fa94-04c1-424b-9868-57a2d4851a1d" relativeResultsDirectory="8d794309-8ae7-4ccf-b988-8347a4a6ed9f" />
    <UnitTestResult executionId="97fef579-934f-427d-aa48-467a74a42c3a" testId="37ae04ae-6997-0ecf-07a1-64b6d7659569" testName="SearchResultsActionBarActions_Export_OptionStillAvailable_OtherExportOptionsUnavailable_NotVisible" computerName="DKSR-EFI-06" duration="00:00:00.0085402" startTime="2024-01-09T15:46:35.3393177+01:00" endTime="2024-01-09T15:46:35.3549519+01:00" testType="13cdc9d9-ddb5-4fa4-a97d-d965ccfc6d4b" outcome="Passed" testListId="8c84fa94-04c1-424b-9868-57a2d4851a1d" relativeResultsDirectory="97fef579-934f-427d-aa48-467a74a42c3a" />
    <UnitTestResult executionId="1b4cfbf6-11cf-4e0d-bc69-7ab09785a6f7" testId="50437517-5fc5-21fb-fd24-7bb70ccad1c0" testName="Constructor_ShouldThrowAnException_WhenSearchManagerIsNull" computerName="DKSR-EFI-06" duration="00:00:00.0011924" startTime="2024-01-09T15:47:10.3946794+01:00" endTime="2024-01-09T15:47:10.3946794+01:00" testType="13cdc9d9-ddb5-4fa4-a97d-d965ccfc6d4b" outcome="Passed" testListId="8c84fa94-04c1-424b-9868-57a2d4851a1d" relativeResultsDirectory="1b4cfbf6-11cf-4e0d-bc69-7ab09785a6f7" />
    <UnitTestResult executionId="e9964ee0-7d0f-44a4-9821-60e2740f89f9" testId="d99b4f5e-d723-6b95-fc42-5b32d4349edc" testName="PatrollingProfileListViewModel_ResolvePresetName_Update_Name" computerName="DKSR-EFI-06" duration="00:00:00.0089587" startTime="2024-01-09T15:47:09.4569600+01:00" endTime="2024-01-09T15:47:09.4725886+01:00" testType="13cdc9d9-ddb5-4fa4-a97d-d965ccfc6d4b" outcome="Passed" testListId="8c84fa94-04c1-424b-9868-57a2d4851a1d" relativeResultsDirectory="e9964ee0-7d0f-44a4-9821-60e2740f89f9" />
    <UnitTestResult executionId="2cf884ab-b41a-41d1-ab27-606fbd4f708b" testId="4ccdfeb9-004d-3fe2-5c2e-c79ef1dd5941" testName="CreateCameraListItem_ShouldCreateNotEnabledCamera_WhenEnabledParameterIsFalse" computerName="DKSR-EFI-06" duration="00:00:00.0004588" startTime="2024-01-09T15:47:00.4703116+01:00" endTime="2024-01-09T15:47:00.4703116+01:00" testType="13cdc9d9-ddb5-4fa4-a97d-d965ccfc6d4b" outcome="Passed" testListId="8c84fa94-04c1-424b-9868-57a2d4851a1d" relativeResultsDirectory="2cf884ab-b41a-41d1-ab27-606fbd4f708b" />
    <UnitTestResult executionId="23e67293-c307-4cdf-8a27-4b2bb95860e0" testId="c2ad7c56-01cc-4375-d0d2-2742c681c744" testName="Deactivated_Success" computerName="DKSR-EFI-06" duration="00:00:00.0090308" startTime="2024-01-09T15:45:45.0299627+01:00" endTime="2024-01-09T15:45:45.0299627+01:00" testType="13cdc9d9-ddb5-4fa4-a97d-d965ccfc6d4b" outcome="Passed" testListId="8c84fa94-04c1-424b-9868-57a2d4851a1d" relativeResultsDirectory="23e67293-c307-4cdf-8a27-4b2bb95860e0" />
    <UnitTestResult executionId="82131c8e-6a50-4653-bc6c-fc50e2b2080e" testId="73f202f0-6b9c-f5c0-5b33-e4aa7777d3dd" testName="NavigateAndSelectAsync_CameraKind_CallDelegatedToViewModel" computerName="DKSR-EFI-06" duration="00:00:00.0200171" startTime="2024-01-09T15:45:39.7481695+01:00" endTime="2024-01-09T15:45:39.7637956+01:00" testType="13cdc9d9-ddb5-4fa4-a97d-d965ccfc6d4b" outcome="Passed" testListId="8c84fa94-04c1-424b-9868-57a2d4851a1d" relativeResultsDirectory="82131c8e-6a50-4653-bc6c-fc50e2b2080e" />
    <UnitTestResult executionId="0542fc3a-81a0-47ab-b918-4bc7943dad93" testId="788c7744-bd48-e28d-a864-bbd05271aa4c" testName="CreateDefinition_ThreeFiltersInCategory_ZeroFilterValuesAddedToSearchCriteria" computerName="DKSR-EFI-06" duration="00:00:00.0048933" startTime="2024-01-09T15:46:44.6696211+01:00" endTime="2024-01-09T15:46:44.6696211+01:00" testType="13cdc9d9-ddb5-4fa4-a97d-d965ccfc6d4b" outcome="Passed" testListId="8c84fa94-04c1-424b-9868-57a2d4851a1d" relativeResultsDirectory="0542fc3a-81a0-47ab-b918-4bc7943dad93" />
    <UnitTestResult executionId="898f4456-5174-4c38-9506-dc4efa649d92" testId="046e87a4-129e-e9d1-b689-ff12d71bb7aa" testName="UpdateAction_SingleRejected_AddSuffixToToolTip" computerName="DKSR-EFI-06" duration="00:00:00.0019971" startTime="2024-01-09T15:46:36.1051763+01:00" endTime="2024-01-09T15:46:36.1051763+01:00" testType="13cdc9d9-ddb5-4fa4-a97d-d965ccfc6d4b" outcome="Passed" testListId="8c84fa94-04c1-424b-9868-57a2d4851a1d" relativeResultsDirectory="898f4456-5174-4c38-9506-dc4efa649d92" />
    <UnitTestResult executionId="65e2af2c-d24b-47f4-a6bd-4e2f40a84582" testId="84ba2f48-d35e-2565-b5d6-9096907c8416" testName="CreateDefinition_DisposeModelWhileWaitingForStartSearch_ModelDisposed" computerName="DKSR-EFI-06" duration="00:00:00.0067300" startTime="2024-01-09T15:46:44.8102634+01:00" endTime="2024-01-09T15:46:44.8102634+01:00" testType="13cdc9d9-ddb5-4fa4-a97d-d965ccfc6d4b" outcome="Passed" testListId="8c84fa94-04c1-424b-9868-57a2d4851a1d" relativeResultsDirectory="65e2af2c-d24b-47f4-a6bd-4e2f40a84582" />
    <UnitTestResult executionId="132cddfe-767f-4b5d-8511-1db6abe32d37" testId="7ed10e38-acaf-fb97-a236-10882c020ef0" testName="Ctor_ShouldApplyNewestTriggerTimeComparer_WhenMultipleSimultaneousSearchesIsNotAllowed" computerName="DKSR-EFI-06" duration="00:00:00.0052733" startTime="2024-01-09T15:46:36.2771076+01:00" endTime="2024-01-09T15:46:36.2927305+01:00" testType="13cdc9d9-ddb5-4fa4-a97d-d965ccfc6d4b" outcome="Passed" testListId="8c84fa94-04c1-424b-9868-57a2d4851a1d" relativeResultsDirectory="132cddfe-767f-4b5d-8511-1db6abe32d37" />
    <UnitTestResult executionId="bd90cc59-3b12-46e5-b116-7a17a737e2e2" testId="81128042-c745-b3dd-d6e9-cc3789c8a026" testName="TestConstructor_viewSelectionSetterIsNull_FailWithArgumentNullException" computerName="DKSR-EFI-06" duration="00:00:00.0183784" startTime="2024-01-09T15:45:12.9512650+01:00" endTime="2024-01-09T15:45:12.9669406+01:00" testType="13cdc9d9-ddb5-4fa4-a97d-d965ccfc6d4b" outcome="Passed" testListId="8c84fa94-04c1-424b-9868-57a2d4851a1d" relativeResultsDirectory="bd90cc59-3b12-46e5-b116-7a17a737e2e2" />
    <UnitTestResult executionId="a4b031ea-7906-486e-9a53-cb12d46c7fca" testId="49a421d1-e95e-714d-edf9-45ffcfd2a39e" testName="InputMapItem_ForceActivateAsync_NotInBuilding_Success" computerName="DKSR-EFI-06" duration="00:00:00.2241301" startTime="2024-01-09T15:47:06.5030047+01:00" endTime="2024-01-09T15:47:06.7218190+01:00" testType="13cdc9d9-ddb5-4fa4-a97d-d965ccfc6d4b" outcome="Passed" testListId="8c84fa94-04c1-424b-9868-57a2d4851a1d" relativeResultsDirectory="a4b031ea-7906-486e-9a53-cb12d46c7fca" />
    <UnitTestResult executionId="5f9d6e5f-d4d5-4b5c-a29a-040c4c9c2620" testId="3ca183c0-19b7-c862-e0ae-e783adb3e613" testName="Optics enabled, forced" computerName="DKSR-EFI-06" duration="00:00:00.0007317" startTime="2024-01-09T15:45:42.7950434+01:00" endTime="2024-01-09T15:45:42.7950434+01:00" testType="13cdc9d9-ddb5-4fa4-a97d-d965ccfc6d4b" outcome="Passed" testListId="8c84fa94-04c1-424b-9868-57a2d4851a1d" relativeResultsDirectory="5f9d6e5f-d4d5-4b5c-a29a-040c4c9c2620" />
    <UnitTestResult executionId="195cf861-2ac4-4a4b-a05a-22903f899e55" testId="ede7971d-d588-349a-0279-c271f7ada06e" testName="MaxRegionsAllowed_ShouldBeIntMaxValue_WhenProvidedMaxIsZero" computerName="DKSR-EFI-06" duration="00:00:00.0006329" startTime="2024-01-09T15:47:00.4077367+01:00" endTime="2024-01-09T15:47:00.4077367+01:00" testType="13cdc9d9-ddb5-4fa4-a97d-d965ccfc6d4b" outcome="Passed" testListId="8c84fa94-04c1-424b-9868-57a2d4851a1d" relativeResultsDirectory="195cf861-2ac4-4a4b-a05a-22903f899e55" />
    <UnitTestResult executionId="7dca3cab-b876-4d50-b9f1-87a129ed4bf2" testId="54f7979c-7440-2cc5-5665-679c43abe566" testName="ExportNotVisible_WhenFeatureDisabled" computerName="DKSR-EFI-06" duration="00:00:00.0211207" startTime="2024-01-09T15:47:10.6447369+01:00" endTime="2024-01-09T15:47:10.6603653+01:00" testType="13cdc9d9-ddb5-4fa4-a97d-d965ccfc6d4b" outcome="Passed" testListId="8c84fa94-04c1-424b-9868-57a2d4851a1d" relativeResultsDirectory="7dca3cab-b876-4d50-b9f1-87a129ed4bf2" />
    <UnitTestResult executionId="b99ecb66-f03d-4d11-9cd4-6c30988c3aae" testId="80e1e452-82cf-b088-db40-d28f7d32c62d" testName="Export when Playback" computerName="DKSR-EFI-06" duration="00:00:00.0204410" startTime="2024-01-09T15:47:10.3946794+01:00" endTime="2024-01-09T15:47:10.6447369+01:00" testType="13cdc9d9-ddb5-4fa4-a97d-d965ccfc6d4b" outcome="Passed" testListId="8c84fa94-04c1-424b-9868-57a2d4851a1d" relativeResultsDirectory="b99ecb66-f03d-4d11-9cd4-6c30988c3aae" />
    <UnitTestResult executionId="62f0b590-b265-4f12-a4d3-4a1e1a7ce0bd" testId="04187fa0-5851-9668-dfce-6611bb5be8f1" testName="DeactivatedOutputIconsId_ShouldReturnDeactivatedIconsInAProperOrder_WhenCalled" computerName="DKSR-EFI-06" duration="00:00:00.0004756" startTime="2024-01-09T15:47:04.4710881+01:00" endTime="2024-01-09T15:47:04.4710881+01:00" testType="13cdc9d9-ddb5-4fa4-a97d-d965ccfc6d4b" outcome="Passed" testListId="8c84fa94-04c1-424b-9868-57a2d4851a1d" relativeResultsDirectory="62f0b590-b265-4f12-a4d3-4a1e1a7ce0bd" />
    <UnitTestResult executionId="2a7c2f40-83b9-4ef6-b6f8-c88c00463f10" testId="b2858415-8d80-7600-7fe5-6b1b7d183235" testName="Create_Success" computerName="DKSR-EFI-06" duration="00:00:00.1463047" startTime="2024-01-09T15:45:38.5137953+01:00" endTime="2024-01-09T15:45:38.6544191+01:00" testType="13cdc9d9-ddb5-4fa4-a97d-d965ccfc6d4b" outcome="Passed" testListId="8c84fa94-04c1-424b-9868-57a2d4851a1d" relativeResultsDirectory="2a7c2f40-83b9-4ef6-b6f8-c88c00463f10" />
    <UnitTestResult executionId="ceaddf2f-f27d-47d5-936c-5f8abb22eb9c" testId="a8f4b6d2-f49f-cfb1-a73f-419bc32fb67e" testName="MoveToTop_ShouldMoveItemIndexInItemCollection_WhenItemIsNotAlreadyTopmost" computerName="DKSR-EFI-06" duration="00:00:00.2230823" startTime="2024-01-09T15:45:33.8575490+01:00" endTime="2024-01-09T15:45:34.0919223+01:00" testType="13cdc9d9-ddb5-4fa4-a97d-d965ccfc6d4b" outcome="Passed" testListId="8c84fa94-04c1-424b-9868-57a2d4851a1d" relativeResultsDirectory="ceaddf2f-f27d-47d5-936c-5f8abb22eb9c" />
    <UnitTestResult executionId="09260e8f-54e2-4606-b7ae-29ddde51d87f" testId="e5ac7c8b-5d6c-e4aa-7715-b9b1e7a9023f" testName="HandleGetDeviceData_ShouldReturnNotFoundDeviceData_WhenNotSupportedKind" computerName="DKSR-EFI-06" duration="00:00:00.0815009" startTime="2024-01-09T15:45:41.9512925+01:00" endTime="2024-01-09T15:45:42.0294171+01:00" testType="13cdc9d9-ddb5-4fa4-a97d-d965ccfc6d4b" outcome="Passed" testListId="8c84fa94-04c1-424b-9868-57a2d4851a1d" relativeResultsDirectory="09260e8f-54e2-4606-b7ae-29ddde51d87f" />
    <UnitTestResult executionId="8d2db5c7-015f-4d26-987d-39a501cef971" testId="c3862469-efa6-2b47-619c-2ccf15cc9a36" testName="DrawCore_ShouldUseCachedMarkers_WhenRedrawSameData" computerName="DKSR-EFI-06" duration="00:00:00.0246947" startTime="2024-01-09T15:45:32.2794198+01:00" endTime="2024-01-09T15:45:32.2950462+01:00" testType="13cdc9d9-ddb5-4fa4-a97d-d965ccfc6d4b" outcome="Passed" testListId="8c84fa94-04c1-424b-9868-57a2d4851a1d" relativeResultsDirectory="8d2db5c7-015f-4d26-987d-39a501cef971" />
    <UnitTestResult executionId="701f86bf-f10c-4507-8d29-b89f9eaf3887" testId="b06788dc-a2be-9fbd-2a2a-6d94fe4b396d" testName="BookmarkSearchTime_WithSearchStringInDifferentCases_ReturnCorrectBookmarkWithSearchStringInHeader (SeArChStRiNg,False,False,True,True,,,0)" computerName="DKSR-EFI-06" duration="00:00:00.0050192" startTime="2024-01-09T15:47:12.8483463+01:00" endTime="2024-01-09T15:47:12.8639793+01:00" testType="13cdc9d9-ddb5-4fa4-a97d-d965ccfc6d4b" outcome="Passed" testListId="8c84fa94-04c1-424b-9868-57a2d4851a1d" relativeResultsDirectory="701f86bf-f10c-4507-8d29-b89f9eaf3887" />
    <UnitTestResult executionId="aaca5fd7-8694-4da7-94dd-05befecaced4" testId="4adcb6de-d6b1-ce7d-930d-8dcc82e4f478" testName="GetLayerVisibilityItemsData_ShouldAddCameraWithViewZoneFixedLayer_WhenCameraMapAndViewZoneLayersAreProvided" computerName="DKSR-EFI-06" duration="00:00:00.0108973" startTime="2024-01-09T15:45:30.7794181+01:00" endTime="2024-01-09T15:45:30.7950417+01:00" testType="13cdc9d9-ddb5-4fa4-a97d-d965ccfc6d4b" outcome="Passed" testListId="8c84fa94-04c1-424b-9868-57a2d4851a1d" relativeResultsDirectory="aaca5fd7-8694-4da7-94dd-05befecaced4" />
    <UnitTestResult executionId="6a6ff3ee-b8c8-428e-833f-5683fdb35206" testId="3440448b-f182-3326-b799-bc9fc2738adb" testName="Custom, forced" computerName="DKSR-EFI-06" duration="00:00:00.0071775" startTime="2024-01-09T15:45:42.8887935+01:00" endTime="2024-01-09T15:45:42.9044171+01:00" testType="13cdc9d9-ddb5-4fa4-a97d-d965ccfc6d4b" outcome="Passed" testListId="8c84fa94-04c1-424b-9868-57a2d4851a1d" relativeResultsDirectory="6a6ff3ee-b8c8-428e-833f-5683fdb35206" />
    <UnitTestResult executionId="62a11308-a708-474c-b687-d2f7a89b8b78" testId="e5f806d4-832f-52ef-8b31-b0825a471642" testName="IsCurrentScaleEqualTo_ShouldReturnFalse_WhenValuesAreNotEqualWithinGivenPrecision" computerName="DKSR-EFI-06" duration="00:00:00.0008675" startTime="2024-01-09T15:45:33.7794215+01:00" endTime="2024-01-09T15:45:33.7794215+01:00" testType="13cdc9d9-ddb5-4fa4-a97d-d965ccfc6d4b" outcome="Passed" testListId="8c84fa94-04c1-424b-9868-57a2d4851a1d" relativeResultsDirectory="62a11308-a708-474c-b687-d2f7a89b8b78" />
    <UnitTestResult executionId="78a54593-81cf-48e3-9bca-a5e71076b48a" testId="1b422f57-785f-39b3-2e48-19335b37060e" testName="Dispose_NoActiveSearchResults_Success" computerName="DKSR-EFI-06" duration="00:00:00.0062276" startTime="2024-01-09T15:46:44.9196570+01:00" endTime="2024-01-09T15:46:44.9196570+01:00" testType="13cdc9d9-ddb5-4fa4-a97d-d965ccfc6d4b" outcome="Passed" testListId="8c84fa94-04c1-424b-9868-57a2d4851a1d" relativeResultsDirectory="78a54593-81cf-48e3-9bca-a5e71076b48a" />
    <UnitTestResult executionId="f9aad11a-3722-4a6a-b1dd-22d3a323436f" testId="f56fd28f-91dc-8b5a-3f0d-995472c1fd21" testName="Constructor_ShouldRaiseArgumentNullException_WhenLayersIsNull" computerName="DKSR-EFI-06" duration="00:00:00.0083758" startTime="2024-01-09T15:47:07.1750799+01:00" endTime="2024-01-09T15:47:07.1907144+01:00" testType="13cdc9d9-ddb5-4fa4-a97d-d965ccfc6d4b" outcome="Passed" testListId="8c84fa94-04c1-424b-9868-57a2d4851a1d" relativeResultsDirectory="f9aad11a-3722-4a6a-b1dd-22d3a323436f" />
    <UnitTestResult executionId="4f457d84-024e-4399-b1b4-1a6601e28c45" testId="9cb22239-8c05-3795-1d49-f4debbc5193e" testName="SearchResultsActionBarActions_CreateSnapshot_InvokeCommand_NoSnapshotSucceeded_CorrectStatusTextShown" computerName="DKSR-EFI-06" duration="00:00:00.0308922" startTime="2024-01-09T15:46:35.7613149+01:00" endTime="2024-01-09T15:46:35.7925812+01:00" testType="13cdc9d9-ddb5-4fa4-a97d-d965ccfc6d4b" outcome="Passed" testListId="8c84fa94-04c1-424b-9868-57a2d4851a1d" relativeResultsDirectory="4f457d84-024e-4399-b1b4-1a6601e28c45" />
    <UnitTestResult executionId="da0e10e9-36fc-477d-81bb-aebca322bfff" testId="d39f566a-6448-5523-5e51-422943258ba3" testName="IsLocationSelectionVisible_MappedToViewModel_Success" computerName="DKSR-EFI-06" duration="00:00:00.0626625" startTime="2024-01-09T15:45:39.4512941+01:00" endTime="2024-01-09T15:45:39.5137963+01:00" testType="13cdc9d9-ddb5-4fa4-a97d-d965ccfc6d4b" outcome="Passed" testListId="8c84fa94-04c1-424b-9868-57a2d4851a1d" relativeResultsDirectory="da0e10e9-36fc-477d-81bb-aebca322bfff" />
    <UnitTestResult executionId="a8b6e0ac-a2fe-46b6-8212-ab62ff319d21" testId="227dae21-47d4-ba20-0c10-f41a6c7e9f9c" testName="PatrollingProfileListViewModel_CanExecuteDeleteProfile_Profile_Selected" computerName="DKSR-EFI-06" duration="00:00:00.0016214" startTime="2024-01-09T15:47:09.4569600+01:00" endTime="2024-01-09T15:47:09.4569600+01:00" testType="13cdc9d9-ddb5-4fa4-a97d-d965ccfc6d4b" outcome="Passed" testListId="8c84fa94-04c1-424b-9868-57a2d4851a1d" relativeResultsDirectory="a8b6e0ac-a2fe-46b6-8212-ab62ff319d21" />
    <UnitTestResult executionId="a7cebe36-aaeb-4f50-9f75-b94a7d6d4228" testId="3396378a-9ca0-08c0-5632-b84c1a5adbad" testName="RemoveWorkroom_ShouldChangeSelectionToPreviousWorkroom_WhenSelectedWorkroomIsRemovedAndThereIsNoNextWorkroom" computerName="DKSR-EFI-06" duration="00:00:00.0093468" startTime="2024-01-09T15:47:17.3022676+01:00" endTime="2024-01-09T15:47:17.3179020+01:00" testType="13cdc9d9-ddb5-4fa4-a97d-d965ccfc6d4b" outcome="Passed" testListId="8c84fa94-04c1-424b-9868-57a2d4851a1d" relativeResultsDirectory="a7cebe36-aaeb-4f50-9f75-b94a7d6d4228" />
    <UnitTestResult executionId="cccc23bb-df84-43af-8f44-b21061038a5e" testId="720fe66f-b8b5-d4e5-7a83-b546dcd33e63" testName="PatrollingProfileListViewModel_AddProfileCommand" computerName="DKSR-EFI-06" duration="00:00:00.0022727" startTime="2024-01-09T15:47:09.4257037+01:00" endTime="2024-01-09T15:47:09.4413637+01:00" testType="13cdc9d9-ddb5-4fa4-a97d-d965ccfc6d4b" outcome="Passed" testListId="8c84fa94-04c1-424b-9868-57a2d4851a1d" relativeResultsDirectory="cccc23bb-df84-43af-8f44-b21061038a5e" />
    <UnitTestResult executionId="2975d1b8-2e09-47c4-8bf8-de6cec52c36a" testId="8b541578-adaa-009d-fcd7-342c1711308d" testName="HandleSetLayerFeatures_ShouldRaiseArgumentException_WhenOutputKindAndNotOutputLayerFeatures" computerName="DKSR-EFI-06" duration="00:00:00.0014538" startTime="2024-01-09T15:47:07.2376036+01:00" endTime="2024-01-09T15:47:07.2376036+01:00" testType="13cdc9d9-ddb5-4fa4-a97d-d965ccfc6d4b" outcome="Passed" testListId="8c84fa94-04c1-424b-9868-57a2d4851a1d" relativeResultsDirectory="2975d1b8-2e09-47c4-8bf8-de6cec52c36a" />
    <UnitTestResult executionId="01616973-6a49-42ca-bde1-36d18d697152" testId="79975695-e433-2a9b-026b-7999a642c311" testName="BoundingBoxBrowseTimeChangedTest" computerName="DKSR-EFI-06" duration="00:00:00.0249428" startTime="2024-01-09T15:47:13.3797152+01:00" endTime="2024-01-09T15:47:13.4109650+01:00" testType="13cdc9d9-ddb5-4fa4-a97d-d965ccfc6d4b" outcome="Passed" testListId="8c84fa94-04c1-424b-9868-57a2d4851a1d" relativeResultsDirectory="01616973-6a49-42ca-bde1-36d18d697152" />
    <UnitTestResult executionId="798059e6-07e5-4ee7-a8a2-7542cad0a702" testId="dd098655-ce3b-b407-bc7d-fa88b3ed5381" testName="FocusedSearchResultChanged_CameraOnMap_NavigateToCamera" computerName="DKSR-EFI-06" duration="00:00:00.0060563" startTime="2024-01-09T15:46:31.2763430+01:00" endTime="2024-01-09T15:46:31.2763430+01:00" testType="13cdc9d9-ddb5-4fa4-a97d-d965ccfc6d4b" outcome="Passed" testListId="8c84fa94-04c1-424b-9868-57a2d4851a1d" relativeResultsDirectory="798059e6-07e5-4ee7-a8a2-7542cad0a702" />
    <UnitTestResult executionId="a4fa5d63-9b50-4470-9574-8a11b58159ad" testId="e2466cfc-7e0f-fee8-93df-e8c746cb8a63" testName="OnMarkerRightClicked_ShouldUseCrossTypeMenuItems_WhenMultipleItemsFromDifferentLayersAreSelected" computerName="DKSR-EFI-06" duration="00:00:00.0586740" startTime="2024-01-09T15:45:33.4513823+01:00" endTime="2024-01-09T15:45:33.4981725+01:00" testType="13cdc9d9-ddb5-4fa4-a97d-d965ccfc6d4b" outcome="Passed" testListId="8c84fa94-04c1-424b-9868-57a2d4851a1d" relativeResultsDirectory="a4fa5d63-9b50-4470-9574-8a11b58159ad" />
    <UnitTestResult executionId="5903c20a-5b0b-43a8-9529-61c6935d93c2" testId="b0e10c91-c024-4a15-62c7-840e030250c4" testName="GetMutedMicrophoneIconId_ShouldRaiseArgumentException_WhenArgumentIsNotAUnmutedMicrophoneIconId" computerName="DKSR-EFI-06" duration="00:00:00.0005442" startTime="2024-01-09T15:47:04.4554595+01:00" endTime="2024-01-09T15:47:04.4554595+01:00" testType="13cdc9d9-ddb5-4fa4-a97d-d965ccfc6d4b" outcome="Passed" testListId="8c84fa94-04c1-424b-9868-57a2d4851a1d" relativeResultsDirectory="5903c20a-5b0b-43a8-9529-61c6935d93c2" />
    <UnitTestResult executionId="c609964b-7224-4b6b-87f0-5ba008bededc" testId="d1eb0766-e5d9-4c32-2713-e353a5504dcf" testName="ToDenormalizedDirection_1_0" computerName="DKSR-EFI-06" duration="00:00:00.0000998" startTime="2024-01-09T15:47:01.2047375+01:00" endTime="2024-01-09T15:47:01.2047375+01:00" testType="13cdc9d9-ddb5-4fa4-a97d-d965ccfc6d4b" outcome="Passed" testListId="8c84fa94-04c1-424b-9868-57a2d4851a1d" relativeResultsDirectory="c609964b-7224-4b6b-87f0-5ba008bededc" />
    <UnitTestResult executionId="5413b7c2-231a-45b1-a0ea-7e293882b48c" testId="53bc71ef-c08f-8372-fdf8-0535984f2d5b" testName="ToDenormalizedFieldOfView_0_5" computerName="DKSR-EFI-06" duration="00:00:00.0001385" startTime="2024-01-09T15:47:01.2203729+01:00" endTime="2024-01-09T15:47:01.2203729+01:00" testType="13cdc9d9-ddb5-4fa4-a97d-d965ccfc6d4b" outcome="Passed" testListId="8c84fa94-04c1-424b-9868-57a2d4851a1d" relativeResultsDirectory="5413b7c2-231a-45b1-a0ea-7e293882b48c" />
    <UnitTestResult executionId="7e5edcba-5b93-4e37-a206-2fddae71dc8a" testId="6da29afb-8acf-3f8d-692b-690d3f268744" testName="Extending_Is_Disabled_When_Create_Rights_Missing" computerName="DKSR-EFI-06" duration="00:00:00.0038193" startTime="2024-01-09T15:47:18.5993350+01:00" endTime="2024-01-09T15:47:18.6149571+01:00" testType="13cdc9d9-ddb5-4fa4-a97d-d965ccfc6d4b" outcome="Passed" testListId="8c84fa94-04c1-424b-9868-57a2d4851a1d" relativeResultsDirectory="7e5edcba-5b93-4e37-a206-2fddae71dc8a" />
    <UnitTestResult executionId="6591292f-7c6d-4bb8-8916-d0c114385e4a" testId="c6214463-25ef-9b77-19c9-f227068e9681" testName="Outline_ShouldAcceptSet_WhenNon4CornersOutline" computerName="DKSR-EFI-06" duration="00:00:00.0060548" startTime="2024-01-09T15:47:01.1734933+01:00" endTime="2024-01-09T15:47:01.1891207+01:00" testType="13cdc9d9-ddb5-4fa4-a97d-d965ccfc6d4b" outcome="Passed" testListId="8c84fa94-04c1-424b-9868-57a2d4851a1d" relativeResultsDirectory="6591292f-7c6d-4bb8-8916-d0c114385e4a" />
    <UnitTestResult executionId="b654b659-cfb3-4845-8a93-7843b12fd2db" testId="2373c7df-8688-ecca-12e2-43612d6b960f" testName="TestChangeProperties_Outline_Success" computerName="DKSR-EFI-06" duration="00:00:00.0098774" startTime="2024-01-09T15:47:00.6265239+01:00" endTime="2024-01-09T15:47:00.6421509+01:00" testType="13cdc9d9-ddb5-4fa4-a97d-d965ccfc6d4b" outcome="Passed" testListId="8c84fa94-04c1-424b-9868-57a2d4851a1d" relativeResultsDirectory="b654b659-cfb3-4845-8a93-7843b12fd2db" />
    <UnitTestResult executionId="ceebe247-1f8d-4fda-9f1d-07e9180119b3" testId="c8112731-d8e1-83da-555e-fca9f813858c" testName="GetSearchTemplateAsync_StateError_Success" computerName="DKSR-EFI-06" duration="00:00:00.0025799" startTime="2024-01-09T15:46:44.3125506+01:00" endTime="2024-01-09T15:46:44.3125506+01:00" testType="13cdc9d9-ddb5-4fa4-a97d-d965ccfc6d4b" outcome="Passed" testListId="8c84fa94-04c1-424b-9868-57a2d4851a1d" relativeResultsDirectory="ceebe247-1f8d-4fda-9f1d-07e9180119b3" />
    <UnitTestResult executionId="01c910a2-de62-4eca-851c-35dfe9158572" testId="87f381e7-d9c3-dd59-a7de-147f1cb1e49c" testName="SelectTemplate_TextBoxFilterConfiguration_ReturnsInlineTemplate" computerName="DKSR-EFI-06" duration="00:00:00.0014597" startTime="2024-01-09T15:45:45.1862613+01:00" endTime="2024-01-09T15:45:45.1862613+01:00" testType="13cdc9d9-ddb5-4fa4-a97d-d965ccfc6d4b" outcome="Passed" testListId="8c84fa94-04c1-424b-9868-57a2d4851a1d" relativeResultsDirectory="01c910a2-de62-4eca-851c-35dfe9158572" />
    <UnitTestResult executionId="2d6484e7-a16c-47a8-a6b5-787dc2c08d94" testId="9c9fd855-69d4-9918-84e1-a8e0fcc2b097" testName="SearchAction_Carrousel_PlaybackMode" computerName="DKSR-EFI-06" duration="00:00:00.0101369" startTime="2024-01-09T15:47:12.4108176+01:00" endTime="2024-01-09T15:47:12.4108176+01:00" testType="13cdc9d9-ddb5-4fa4-a97d-d965ccfc6d4b" outcome="Passed" testListId="8c84fa94-04c1-424b-9868-57a2d4851a1d" relativeResultsDirectory="2d6484e7-a16c-47a8-a6b5-787dc2c08d94" />
    <UnitTestResult executionId="720bd387-6f15-45da-bfba-223bd9b6dfc0" testId="cea1f122-04c5-bf3d-5adc-09ad4dc7f7c2" testName="Ctor_CentralizedSearchStateWithNoSelectedSearchTemplate_ActiveSearchTemplateNotSet" computerName="DKSR-EFI-06" duration="00:00:00.0128674" startTime="2024-01-09T15:46:37.9025565+01:00" endTime="2024-01-09T15:46:37.9181827+01:00" testType="13cdc9d9-ddb5-4fa4-a97d-d965ccfc6d4b" outcome="Passed" testListId="8c84fa94-04c1-424b-9868-57a2d4851a1d" relativeResultsDirectory="720bd387-6f15-45da-bfba-223bd9b6dfc0" />
    <UnitTestResult executionId="0fe29f0f-d32d-4b97-920f-c4eecfae15ff" testId="db0bdc8c-751d-0e6e-b46c-9ca8002153fd" testName="PtzPresetsMenuViewModel_PtzNotCotrolledTest" computerName="DKSR-EFI-06" duration="00:00:00.0023121" startTime="2024-01-09T15:47:15.4113349+01:00" endTime="2024-01-09T15:47:15.4113349+01:00" testType="13cdc9d9-ddb5-4fa4-a97d-d965ccfc6d4b" outcome="Passed" testListId="8c84fa94-04c1-424b-9868-57a2d4851a1d" relativeResultsDirectory="0fe29f0f-d32d-4b97-920f-c4eecfae15ff" />
    <UnitTestResult executionId="d35b8ec3-5ee5-45f9-b979-2ab437da27a3" testId="780a8c0e-f11a-2814-e487-bc0747c662a2" testName="BookmarkSearchTime_WithSearchStringInDifferentCases_ReturnCorrectBookmarkWithSearchStringInDescription (SeArChStRiNg,False,True,False,True,,,1)" computerName="DKSR-EFI-06" duration="00:00:00.0031399" startTime="2024-01-09T15:47:12.9421185+01:00" endTime="2024-01-09T15:47:12.9421185+01:00" testType="13cdc9d9-ddb5-4fa4-a97d-d965ccfc6d4b" outcome="Passed" testListId="8c84fa94-04c1-424b-9868-57a2d4851a1d" relativeResultsDirectory="d35b8ec3-5ee5-45f9-b979-2ab437da27a3" />
    <UnitTestResult executionId="405efa12-4d97-4e3e-a70f-2e8a68ee3c48" testId="417d2775-4be3-356c-d0c6-5cff4570afc9" testName="TimeToStringConverter_Ctor_Success" computerName="DKSR-EFI-06" duration="00:00:00.0017013" startTime="2024-01-09T15:46:14.3961484+01:00" endTime="2024-01-09T15:46:14.3961484+01:00" testType="13cdc9d9-ddb5-4fa4-a97d-d965ccfc6d4b" outcome="Passed" testListId="8c84fa94-04c1-424b-9868-57a2d4851a1d" relativeResultsDirectory="405efa12-4d97-4e3e-a70f-2e8a68ee3c48" />
    <UnitTestResult executionId="a2a9e4cf-c9e2-4416-b845-9c2413baabf1" testId="00c9ed3e-1b96-abed-4b9f-a4e09fd426a6" testName="Init_InitialStateLoaded_Success" computerName="DKSR-EFI-06" duration="00:00:00.0070316" startTime="2024-01-09T15:45:44.7955156+01:00" endTime="2024-01-09T15:45:44.7955156+01:00" testType="13cdc9d9-ddb5-4fa4-a97d-d965ccfc6d4b" outcome="Passed" testListId="8c84fa94-04c1-424b-9868-57a2d4851a1d" relativeResultsDirectory="a2a9e4cf-c9e2-4416-b845-9c2413baabf1" />
    <UnitTestResult executionId="511aeb94-9325-477f-8123-81598459c8a5" testId="3419854c-a58b-26c0-1755-df23f4de0fe4" testName="Ctor_WpfMessageBoxButtonIsSetToOk_OnlyOkButtonVisible" computerName="DKSR-EFI-06" duration="00:00:00.0009039" startTime="2024-01-09T15:47:11.1136016+01:00" endTime="2024-01-09T15:47:11.1136016+01:00" testType="13cdc9d9-ddb5-4fa4-a97d-d965ccfc6d4b" outcome="Passed" testListId="8c84fa94-04c1-424b-9868-57a2d4851a1d" relativeResultsDirectory="511aeb94-9325-477f-8123-81598459c8a5" />
    <UnitTestResult executionId="808f0838-abe6-46c6-b37e-e93a4f4410ea" testId="c0bd9a37-5d67-88a0-bfcd-3be0c84b2355" testName="SelectTemplate_SliderFilterConfiguration_ReturnsInlineTemplate" computerName="DKSR-EFI-06" duration="00:00:00.0014536" startTime="2024-01-09T15:45:45.1706367+01:00" endTime="2024-01-09T15:45:45.1706367+01:00" testType="13cdc9d9-ddb5-4fa4-a97d-d965ccfc6d4b" outcome="Passed" testListId="8c84fa94-04c1-424b-9868-57a2d4851a1d" relativeResultsDirectory="808f0838-abe6-46c6-b37e-e93a4f4410ea" />
    <UnitTestResult executionId="d7d8ec05-88e7-4019-b3a0-21f808e4574d" testId="c64dde4b-44bc-09e7-e376-39c843a2f827" testName="ChangeSorting_UnknownSortResultsBy_Success" computerName="DKSR-EFI-06" duration="00:00:00.0090899" startTime="2024-01-09T15:46:38.5433422+01:00" endTime="2024-01-09T15:46:38.5433422+01:00" testType="13cdc9d9-ddb5-4fa4-a97d-d965ccfc6d4b" outcome="Passed" testListId="8c84fa94-04c1-424b-9868-57a2d4851a1d" relativeResultsDirectory="d7d8ec05-88e7-4019-b3a0-21f808e4574d" />
    <UnitTestResult executionId="fb787b96-6b38-4ee3-8945-6c8df7a52dfb" testId="66234323-7949-a946-9adf-97375c9fed0b" testName="Ctor_NullPassedToNotNullParameters_Failure" computerName="DKSR-EFI-06" duration="00:00:00.0283343" startTime="2024-01-09T15:46:36.1364318+01:00" endTime="2024-01-09T15:46:36.1676977+01:00" testType="13cdc9d9-ddb5-4fa4-a97d-d965ccfc6d4b" outcome="Passed" testListId="8c84fa94-04c1-424b-9868-57a2d4851a1d" relativeResultsDirectory="fb787b96-6b38-4ee3-8945-6c8df7a52dfb" />
    <UnitTestResult executionId="63103cc5-4048-471e-9072-087a3288ff5d" testId="8a1568a6-ad98-67e4-8764-7fa07b40b0f4" testName="CameraMapItem_AddWithViewZone_XpcoServer_Success" computerName="DKSR-EFI-06" duration="00:00:00.0586058" startTime="2024-01-09T15:47:02.1736390+01:00" endTime="2024-01-09T15:47:02.2361532+01:00" testType="13cdc9d9-ddb5-4fa4-a97d-d965ccfc6d4b" outcome="Passed" testListId="8c84fa94-04c1-424b-9868-57a2d4851a1d" relativeResultsDirectory="63103cc5-4048-471e-9072-087a3288ff5d" />
    <UnitTestResult executionId="2bea1179-e261-422e-8546-004ba79e6a8d" testId="7c80c5ff-8206-70cb-2a46-eb970cd4a208" testName="GetUtcToday_DifferentTimeZoneDst_Success" computerName="DKSR-EFI-06" duration="00:00:00.0006300" startTime="2024-01-09T15:46:43.7788334+01:00" endTime="2024-01-09T15:46:43.7788334+01:00" testType="13cdc9d9-ddb5-4fa4-a97d-d965ccfc6d4b" outcome="Passed" testListId="8c84fa94-04c1-424b-9868-57a2d4851a1d" relativeResultsDirectory="2bea1179-e261-422e-8546-004ba79e6a8d" />
    <UnitTestResult executionId="305c3c31-4133-495d-8108-ed0a9f142dbd" testId="eafedef4-77b0-0ba7-44ca-5ee1ec158773" testName="ValidEncryptionStrengthsForExport_ShouldOnlyReturnAllAesStrengths_WhenLegacyEncryptionEnabledInAppConfigAndFipsEnabled" computerName="DKSR-EFI-06" duration="00:00:00.0003630" startTime="2024-01-09T15:47:13.4734844+01:00" endTime="2024-01-09T15:47:13.4734844+01:00" testType="13cdc9d9-ddb5-4fa4-a97d-d965ccfc6d4b" outcome="Passed" testListId="8c84fa94-04c1-424b-9868-57a2d4851a1d" relativeResultsDirectory="305c3c31-4133-495d-8108-ed0a9f142dbd" />
    <UnitTestResult executionId="022f0154-c78d-4ee5-a7a4-8d8ba87619e7" testId="5803be46-e356-847f-cccc-58e283b812ae" testName="OnLoaded_NoDataContext_DoesNotCrash" computerName="DKSR-EFI-06" duration="00:00:00.0172696" startTime="2024-01-09T15:45:47.9995484+01:00" endTime="2024-01-09T15:45:48.0151804+01:00" testType="13cdc9d9-ddb5-4fa4-a97d-d965ccfc6d4b" outcome="Passed" testListId="8c84fa94-04c1-424b-9868-57a2d4851a1d" relativeResultsDirectory="022f0154-c78d-4ee5-a7a4-8d8ba87619e7" />
    <UnitTestResult executionId="ba6cdff9-a8ab-475c-9325-8c24a2c2efc6" testId="f680908c-3b4b-7b4d-7066-6e5fce7c0b27" testName="GetClusters_ExcludeThenIncludeExcludedItems_NoChange (Data Row 6)" computerName="DKSR-EFI-06" duration="00:00:00.0093253" startTime="2024-01-09T15:47:07.8784025+01:00" endTime="2024-01-09T15:47:08.0815823+01:00" testType="13cdc9d9-ddb5-4fa4-a97d-d965ccfc6d4b" outcome="Passed" testListId="8c84fa94-04c1-424b-9868-57a2d4851a1d" relativeResultsDirectory="ba6cdff9-a8ab-475c-9325-8c24a2c2efc6" />
    <UnitTestResult executionId="fe638d84-9415-4167-961b-9a53939bf1d5" testId="b45956e1-d5fa-0cc5-9bb7-ea079e1e5f1e" testName="RequiredGuidProviderStrategies_ShouldHaveOneMd5AndOneSHA1Strategy_WhenEventServerIdsAreNonFipsCompliantAndFipsCompliant" computerName="DKSR-EFI-06" duration="00:00:00.0006716" startTime="2024-01-09T15:47:19.3025580+01:00" endTime="2024-01-09T15:47:19.3025580+01:00" testType="13cdc9d9-ddb5-4fa4-a97d-d965ccfc6d4b" outcome="Passed" testListId="8c84fa94-04c1-424b-9868-57a2d4851a1d" relativeResultsDirectory="fe638d84-9415-4167-961b-9a53939bf1d5" />
    <UnitTestResult executionId="dac29761-1fc8-4598-ba0b-aa3a3273a150" testId="62c0f445-e4f5-0b37-109b-e9362caf5a8c" testName="Unrelated_devices_removed_when_camera_removed" computerName="DKSR-EFI-06" duration="00:00:00.0028402" startTime="2024-01-09T15:47:18.6774727+01:00" endTime="2024-01-09T15:47:18.6774727+01:00" testType="13cdc9d9-ddb5-4fa4-a97d-d965ccfc6d4b" outcome="Passed" testListId="8c84fa94-04c1-424b-9868-57a2d4851a1d" relativeResultsDirectory="dac29761-1fc8-4598-ba0b-aa3a3273a150" />
    <UnitTestResult executionId="168877b2-d636-4d17-9081-84ea5c4b531b" testId="bf71a57f-ee03-3700-bbbe-0a8bed916dfe" testName="Convert_ShouldReturnFalse_WhenParameterIsNull" computerName="DKSR-EFI-06" duration="00:00:00.0003936" startTime="2024-01-09T15:45:26.8575403+01:00" endTime="2024-01-09T15:45:26.8575403+01:00" testType="13cdc9d9-ddb5-4fa4-a97d-d965ccfc6d4b" outcome="Passed" testListId="8c84fa94-04c1-424b-9868-57a2d4851a1d" relativeResultsDirectory="168877b2-d636-4d17-9081-84ea5c4b531b" />
    <UnitTestResult executionId="11d4779b-f304-4a0a-a10c-db4fcd86eb2b" testId="19146f14-6143-cfb7-4c8f-467081c697c0" testName="TestGetAllTasksAsync" computerName="DKSR-EFI-06" duration="00:00:00.0120887" startTime="2024-01-09T15:47:11.3167746+01:00" endTime="2024-01-09T15:47:11.3324011+01:00" testType="13cdc9d9-ddb5-4fa4-a97d-d965ccfc6d4b" outcome="Passed" testListId="8c84fa94-04c1-424b-9868-57a2d4851a1d" relativeResultsDirectory="11d4779b-f304-4a0a-a10c-db4fcd86eb2b" />
    <UnitTestResult executionId="0e732146-373b-4726-92cd-b2c33c161941" testId="7191513c-28f2-659c-e5d2-897223e1317f" testName="ToNormalizedFieldOfView_OutOfRange_LessZero_Fail" computerName="DKSR-EFI-06" duration="00:00:00.0006474" startTime="2024-01-09T15:47:01.2359979+01:00" endTime="2024-01-09T15:47:01.2359979+01:00" testType="13cdc9d9-ddb5-4fa4-a97d-d965ccfc6d4b" outcome="Passed" testListId="8c84fa94-04c1-424b-9868-57a2d4851a1d" relativeResultsDirectory="0e732146-373b-4726-92cd-b2c33c161941" />
    <UnitTestResult executionId="08f47c6a-1394-4d29-8c42-519aad823625" testId="a660afa4-f5aa-b923-9ed9-b3aed02ce38b" testName="CreateGeometry_ThreeCornerBuilding_Success" computerName="DKSR-EFI-06" duration="00:00:00.0005740" startTime="2024-01-09T15:47:08.7848972+01:00" endTime="2024-01-09T15:47:08.7848972+01:00" testType="13cdc9d9-ddb5-4fa4-a97d-d965ccfc6d4b" outcome="Passed" testListId="8c84fa94-04c1-424b-9868-57a2d4851a1d" relativeResultsDirectory="08f47c6a-1394-4d29-8c42-519aad823625" />
    <UnitTestResult executionId="ad5b01ac-b4bf-4de9-9cd1-c2253c541375" testId="bf66e757-0492-e485-8a4b-fc8c1a4bef3b" testName="TestUpdateState_SmartWallViewType" computerName="DKSR-EFI-06" duration="00:00:00.0032651" startTime="2024-01-09T15:47:12.0825703+01:00" endTime="2024-01-09T15:47:12.0825703+01:00" testType="13cdc9d9-ddb5-4fa4-a97d-d965ccfc6d4b" outcome="Passed" testListId="8c84fa94-04c1-424b-9868-57a2d4851a1d" relativeResultsDirectory="ad5b01ac-b4bf-4de9-9cd1-c2253c541375" />
    <UnitTestResult executionId="63f25609-3690-4a5d-b79d-488ef6903117" testId="3beeed46-879f-7c95-5996-20291cefba2d" testName="BindingModelNotEnabled_When_WorkspaceStateDoesNotMatchPlaceDefinition" computerName="DKSR-EFI-06" duration="00:00:00.0020319" startTime="2024-01-09T15:47:12.0513117+01:00" endTime="2024-01-09T15:47:12.0513117+01:00" testType="13cdc9d9-ddb5-4fa4-a97d-d965ccfc6d4b" outcome="Passed" testListId="8c84fa94-04c1-424b-9868-57a2d4851a1d" relativeResultsDirectory="63f25609-3690-4a5d-b79d-488ef6903117" />
    <UnitTestResult executionId="3847d0c9-0693-41db-84af-41b94a4b1661" testId="a8f9d2e6-a062-909a-f825-43244fd288c9" testName="BuildMapOptions_ShouldReturnCorrectNumberOfOptions" computerName="DKSR-EFI-06" duration="00:00:00.0037386" startTime="2024-01-09T15:47:17.4116708+01:00" endTime="2024-01-09T15:47:17.4116708+01:00" testType="13cdc9d9-ddb5-4fa4-a97d-d965ccfc6d4b" outcome="Passed" testListId="8c84fa94-04c1-424b-9868-57a2d4851a1d" relativeResultsDirectory="3847d0c9-0693-41db-84af-41b94a4b1661" />
    <UnitTestResult executionId="ed3a0161-d7a1-4bbd-96e5-b92e0a65059f" testId="e7c0b876-bbe6-d4df-1806-4ff85a920c2f" testName="PatrollingStepListViewModel_CanExecuteMoveUp" computerName="DKSR-EFI-06" duration="00:00:00.0018915" startTime="2024-01-09T15:47:09.6445033+01:00" endTime="2024-01-09T15:47:09.6445033+01:00" testType="13cdc9d9-ddb5-4fa4-a97d-d965ccfc6d4b" outcome="Passed" testListId="8c84fa94-04c1-424b-9868-57a2d4851a1d" relativeResultsDirectory="ed3a0161-d7a1-4bbd-96e5-b92e0a65059f" />
    <UnitTestResult executionId="cc9ebe6c-8f2b-49ad-9800-116337727925" testId="a994a568-3e00-625c-a6cf-5145a11d5bf6" testName="Connect_FailToConnect_ShouldReturnFalse" computerName="DKSR-EFI-06" duration="00:00:00.8149327" startTime="2024-01-09T15:45:07.7168791+01:00" endTime="2024-01-09T15:45:08.5293811+01:00" testType="13cdc9d9-ddb5-4fa4-a97d-d965ccfc6d4b" outcome="Passed" testListId="8c84fa94-04c1-424b-9868-57a2d4851a1d" relativeResultsDirectory="cc9ebe6c-8f2b-49ad-9800-116337727925" />
    <UnitTestResult executionId="38d00558-fbd7-4d30-b441-41c37f5850fb" testId="2864b3eb-0ab6-4da0-5436-4c6f89cc4874" testName="ToTimeScope_YesterdayInNonDST_Success" computerName="DKSR-EFI-06" duration="00:00:00.0025015" startTime="2024-01-09T15:46:44.4039484+01:00" endTime="2024-01-09T15:46:44.4039484+01:00" testType="13cdc9d9-ddb5-4fa4-a97d-d965ccfc6d4b" outcome="Passed" testListId="8c84fa94-04c1-424b-9868-57a2d4851a1d" relativeResultsDirectory="38d00558-fbd7-4d30-b441-41c37f5850fb" />
    <UnitTestResult executionId="7d7c2b63-b1a5-49a4-add4-7be2aeab634d" testId="995126b2-b089-a150-2dce-04198c8d17e0" testName="ShowAlreadyAddedToast_ShouldShowCorrectNumberOfToasts (1,1)" computerName="DKSR-EFI-06" duration="00:00:00.0015806" startTime="2024-01-09T15:47:11.8950227+01:00" endTime="2024-01-09T15:47:11.8950227+01:00" testType="13cdc9d9-ddb5-4fa4-a97d-d965ccfc6d4b" outcome="Passed" testListId="8c84fa94-04c1-424b-9868-57a2d4851a1d" relativeResultsDirectory="7d7c2b63-b1a5-49a4-add4-7be2aeab634d" />
    <UnitTestResult executionId="ed1eec2f-17b4-4916-90c1-cfd2ceaee7d0" testId="3d282549-a7d7-f787-c093-a6611551ad0d" testName="SearchCriteriaFilterValues_ValidatePopupFunctionalityInDialog_Success" computerName="DKSR-EFI-06" duration="00:00:00.4485183" startTime="2024-01-09T15:46:31.4473341+01:00" endTime="2024-01-09T15:46:31.9006287+01:00" testType="13cdc9d9-ddb5-4fa4-a97d-d965ccfc6d4b" outcome="Passed" testListId="8c84fa94-04c1-424b-9868-57a2d4851a1d" relativeResultsDirectory="ed1eec2f-17b4-4916-90c1-cfd2ceaee7d0" />
    <UnitTestResult executionId="ee7b01dc-f3bf-4506-aa86-6a3cc7487245" testId="afde7264-8c54-4b55-3afb-8cc9db7bdd2c" testName="SupportsRightClick_ShouldBeTrue_WhenInteractionStateIsNormal" computerName="DKSR-EFI-06" duration="00:00:00.0765674" startTime="2024-01-09T15:45:36.2012944+01:00" endTime="2024-01-09T15:45:36.2794244+01:00" testType="13cdc9d9-ddb5-4fa4-a97d-d965ccfc6d4b" outcome="Passed" testListId="8c84fa94-04c1-424b-9868-57a2d4851a1d" relativeResultsDirectory="ee7b01dc-f3bf-4506-aa86-6a3cc7487245" />
    <UnitTestResult executionId="3de60263-be0c-4512-9a00-83af22ca97f0" testId="95de192a-ea76-d295-f88b-c527532da98d" testName="BuildContentOptions_ShouldReturnInternalTab (00000000-0000-0000-0000-000000000000,False)" computerName="DKSR-EFI-06" duration="00:00:00.0011472" startTime="2024-01-09T15:47:17.4741718+01:00" endTime="2024-01-09T15:47:17.4741718+01:00" testType="13cdc9d9-ddb5-4fa4-a97d-d965ccfc6d4b" outcome="Passed" testListId="8c84fa94-04c1-424b-9868-57a2d4851a1d" relativeResultsDirectory="3de60263-be0c-4512-9a00-83af22ca97f0" />
    <UnitTestResult executionId="d3aa2e3c-bc37-4d5a-863d-9acd5eae5645" testId="670e500e-5c39-dd47-a9de-bf38c3c1554c" testName="ConvertToValidPath_WhenNotAllowDirectories_ConvertToValidPath" computerName="DKSR-EFI-06" duration="00:00:00.0004275" startTime="2024-01-09T15:47:17.3804136+01:00" endTime="2024-01-09T15:47:17.3804136+01:00" testType="13cdc9d9-ddb5-4fa4-a97d-d965ccfc6d4b" outcome="Passed" testListId="8c84fa94-04c1-424b-9868-57a2d4851a1d" relativeResultsDirectory="d3aa2e3c-bc37-4d5a-863d-9acd5eae5645" />
    <UnitTestResult executionId="b873c87f-6ae8-45da-a49e-a50cb36c563a" testId="b6df7e61-5cd3-7534-d237-3d944ef5fa3d" testName="Ctor_NoBuiltInGroupsDefined_NoAgentsAdded" computerName="DKSR-EFI-06" duration="00:00:00.0084811" startTime="2024-01-09T15:46:59.6263871+01:00" endTime="2024-01-09T15:46:59.6420270+01:00" testType="13cdc9d9-ddb5-4fa4-a97d-d965ccfc6d4b" outcome="Passed" testListId="8c84fa94-04c1-424b-9868-57a2d4851a1d" relativeResultsDirectory="b873c87f-6ae8-45da-a49e-a50cb36c563a" />
    <UnitTestResult executionId="5fc3f27c-2c6a-42ed-b7b1-9ad44c631313" testId="aae708ca-94a3-f452-ba7c-adc8143fc2ae" testName="LeftButtonUpEvent_ShouldDeselectMapItems_WhenInteractionStateIsAddNewDeviceState" computerName="DKSR-EFI-06" duration="00:00:00.0495827" startTime="2024-01-09T15:45:31.3731671+01:00" endTime="2024-01-09T15:45:31.4200430+01:00" testType="13cdc9d9-ddb5-4fa4-a97d-d965ccfc6d4b" outcome="Passed" testListId="8c84fa94-04c1-424b-9868-57a2d4851a1d" relativeResultsDirectory="5fc3f27c-2c6a-42ed-b7b1-9ad44c631313">
      <Output>
        <StdOut>Debug Trace:&#xD;
 &gt;&gt;&gt; IsAddNewDeviceState: MapPoint: (long, lat, alt): 0, 0, 0, ScreenPoint: 0,0, scale: 0, extent: GisRectangle isEmpty:True ul[(long, lat, alt): 0, 0, 0]:lr[(long, lat, alt): 0, 0, 0], extentInMeters:</StdOut>
      </Output>
    </UnitTestResult>
    <UnitTestResult executionId="9709e7c9-38f7-4249-8543-f808d51294ea" testId="f948b06a-352e-85e9-1354-e9aec0364e60" testName="Ctor_NullResourceManager_Throws" computerName="DKSR-EFI-06" duration="00:00:00.0268655" startTime="2024-01-09T15:46:36.0270357+01:00" endTime="2024-01-09T15:46:36.0582853+01:00" testType="13cdc9d9-ddb5-4fa4-a97d-d965ccfc6d4b" outcome="Passed" testListId="8c84fa94-04c1-424b-9868-57a2d4851a1d" relativeResultsDirectory="9709e7c9-38f7-4249-8543-f808d51294ea" />
    <UnitTestResult executionId="47e319bb-8a8c-453f-9387-1c3406c8f8fb" testId="c2f67433-8910-98a5-d9a8-3181ecfa6a6e" testName="GetWorkspaceToolbarItems_ShouldReturnNormalToolbarItemDisabledSetupToolbarItemEnabled_WhenWorkspaceStateIsSetup" computerName="DKSR-EFI-06" duration="00:00:00.0026629" startTime="2024-01-09T15:47:10.3634215+01:00" endTime="2024-01-09T15:47:10.3634215+01:00" testType="13cdc9d9-ddb5-4fa4-a97d-d965ccfc6d4b" outcome="Passed" testListId="8c84fa94-04c1-424b-9868-57a2d4851a1d" relativeResultsDirectory="47e319bb-8a8c-453f-9387-1c3406c8f8fb" />
    <UnitTestResult executionId="6efa5365-e423-47e2-be5e-e6e440d0f72f" testId="95782b76-412a-a409-a816-e93155ca7714" testName="ResultTick_MouseClick_FirstItemSelected" computerName="DKSR-EFI-06" duration="00:00:00.0363313" startTime="2024-01-09T15:46:16.8968951+01:00" endTime="2024-01-09T15:46:16.9437869+01:00" testType="13cdc9d9-ddb5-4fa4-a97d-d965ccfc6d4b" outcome="Passed" testListId="8c84fa94-04c1-424b-9868-57a2d4851a1d" relativeResultsDirectory="6efa5365-e423-47e2-be5e-e6e440d0f72f" />
    <UnitTestResult executionId="bd6b8c2c-9350-4590-bed1-102b017bce00" testId="3346e13c-f7e8-cb19-f9f1-938fc47b8c60" testName="ValidateExportFormats_VideoClipFormat_ShouldReturnFailResult_NoAudioToExport" computerName="DKSR-EFI-06" duration="00:00:00.0400597" startTime="2024-01-09T15:45:44.3109896+01:00" endTime="2024-01-09T15:45:44.3579296+01:00" testType="13cdc9d9-ddb5-4fa4-a97d-d965ccfc6d4b" outcome="Passed" testListId="8c84fa94-04c1-424b-9868-57a2d4851a1d" relativeResultsDirectory="bd6b8c2c-9350-4590-bed1-102b017bce00" />
    <UnitTestResult executionId="93385f3d-13ef-43ca-9376-ba48ac389c37" testId="7a75352d-c73e-5868-4a6f-939343fd10a2" testName="PtzSessionControllerInfoConstructorTest_Success" computerName="DKSR-EFI-06" duration="00:00:00.0043489" startTime="2024-01-09T15:45:19.5137834+01:00" endTime="2024-01-09T15:45:19.5137834+01:00" testType="13cdc9d9-ddb5-4fa4-a97d-d965ccfc6d4b" outcome="Passed" testListId="8c84fa94-04c1-424b-9868-57a2d4851a1d" relativeResultsDirectory="93385f3d-13ef-43ca-9376-ba48ac389c37" />
    <UnitTestResult executionId="49acd78b-863f-4338-b6c6-956b2952083c" testId="c5313a02-9751-5e36-b637-63c29c825679" testName="SetCustomPickerResult_Set_CustomIntervalOpenResetAndNotificationFired" computerName="DKSR-EFI-06" duration="00:00:00.0100686" startTime="2024-01-09T15:46:37.8556553+01:00" endTime="2024-01-09T15:46:37.8712919+01:00" testType="13cdc9d9-ddb5-4fa4-a97d-d965ccfc6d4b" outcome="Passed" testListId="8c84fa94-04c1-424b-9868-57a2d4851a1d" relativeResultsDirectory="49acd78b-863f-4338-b6c6-956b2952083c" />
    <UnitTestResult executionId="b6991f13-a896-4bca-bee5-d0c34039f867" testId="833aec2e-c0ac-4112-94cf-5fa375595a9e" testName="Search_ShouldPopulateSearchResult_WhenSuccessful" computerName="DKSR-EFI-06" duration="00:00:00.0051617" startTime="2024-01-09T15:47:19.2869338+01:00" endTime="2024-01-09T15:47:19.2869338+01:00" testType="13cdc9d9-ddb5-4fa4-a97d-d965ccfc6d4b" outcome="Passed" testListId="8c84fa94-04c1-424b-9868-57a2d4851a1d" relativeResultsDirectory="b6991f13-a896-4bca-bee5-d0c34039f867" />
    <UnitTestResult executionId="a841df25-b041-4538-8865-decb1fb1a30a" testId="5358a71c-808a-a4c2-6851-01de58a4759c" testName="Ctor_OneBuiltInGroupDefined_OneCompositeAgentAdded" computerName="DKSR-EFI-06" duration="00:00:00.0026672" startTime="2024-01-09T15:46:59.6420270+01:00" endTime="2024-01-09T15:46:59.6576484+01:00" testType="13cdc9d9-ddb5-4fa4-a97d-d965ccfc6d4b" outcome="Passed" testListId="8c84fa94-04c1-424b-9868-57a2d4851a1d" relativeResultsDirectory="a841df25-b041-4538-8865-decb1fb1a30a" />
    <UnitTestResult executionId="2c86aca6-725b-445a-9ad3-a529d3e5ecdd" testId="3d7ba390-9a7b-bdaa-74a4-97118816f256" testName="OnLayersRetrieved_ShouldSetComponentsOrdered_WhenLayersCollectionContainsInputAndOutputAndCamera" computerName="DKSR-EFI-06" duration="00:00:00.0221247" startTime="2024-01-09T15:45:28.6387923+01:00" endTime="2024-01-09T15:45:28.6700445+01:00" testType="13cdc9d9-ddb5-4fa4-a97d-d965ccfc6d4b" outcome="Passed" testListId="8c84fa94-04c1-424b-9868-57a2d4851a1d" relativeResultsDirectory="2c86aca6-725b-445a-9ad3-a529d3e5ecdd" />
    <UnitTestResult executionId="9230deba-b57f-488d-8a8c-3c52341ed950" testId="4927bb5b-1d8a-626c-1d59-507b7cca82e7" testName="IsCamera_ShouldReturnTrue_WhenAllCamerasSelected" computerName="DKSR-EFI-06" duration="00:00:00.0002789" startTime="2024-01-09T15:47:13.6297547+01:00" endTime="2024-01-09T15:47:13.6297547+01:00" testType="13cdc9d9-ddb5-4fa4-a97d-d965ccfc6d4b" outcome="Passed" testListId="8c84fa94-04c1-424b-9868-57a2d4851a1d" relativeResultsDirectory="9230deba-b57f-488d-8a8c-3c52341ed950" />
    <UnitTestResult executionId="cba4f644-a167-4280-a1ab-4f17fbee2992" testId="b5155b68-06cf-ff0d-b5a3-6677768f61c2" testName="SignUrl_WhereSignatureIsNotBase64_ThrowException" computerName="DKSR-EFI-06" duration="00:00:00.0020473" startTime="2024-01-09T15:45:30.9825422+01:00" endTime="2024-01-09T15:45:30.9825422+01:00" testType="13cdc9d9-ddb5-4fa4-a97d-d965ccfc6d4b" outcome="Passed" testListId="8c84fa94-04c1-424b-9868-57a2d4851a1d" relativeResultsDirectory="cba4f644-a167-4280-a1ab-4f17fbee2992" />
    <UnitTestResult executionId="a4b0e5ee-0981-4893-b3fb-0916da38d5b3" testId="6a9c6020-889e-b6db-aa72-939d2660cb16" testName="HandleSetLayerFeatures_ShouldRaiseArgumentException_WhenCameraKindAndNotCameraLayerFeaturesAndOutputLayer" computerName="DKSR-EFI-06" duration="00:00:00.0011701" startTime="2024-01-09T15:47:07.1594497+01:00" endTime="2024-01-09T15:47:07.1594497+01:00" testType="13cdc9d9-ddb5-4fa4-a97d-d965ccfc6d4b" outcome="Passed" testListId="8c84fa94-04c1-424b-9868-57a2d4851a1d" relativeResultsDirectory="a4b0e5ee-0981-4893-b3fb-0916da38d5b3" />
    <UnitTestResult executionId="7dcfa2ff-fb05-4cab-bdea-77fe106431d9" testId="54618795-0b49-cc31-65f0-11068addceea" testName="ScrollWheelInTileLayout_ScrollDownWithoutCtrl_NoChangeInItemSize" computerName="DKSR-EFI-06" duration="00:00:01.0527479" startTime="2024-01-09T15:46:06.4570523+01:00" endTime="2024-01-09T15:46:07.5041835+01:00" testType="13cdc9d9-ddb5-4fa4-a97d-d965ccfc6d4b" outcome="Passed" testListId="8c84fa94-04c1-424b-9868-57a2d4851a1d" relativeResultsDirectory="7dcfa2ff-fb05-4cab-bdea-77fe106431d9" />
    <UnitTestResult executionId="c1ed7e76-d415-474e-a354-89a8db1a05ad" testId="31b52586-5789-6780-65c0-3c8320c10bb3" testName="AddToExportTuples_ShouldReturnCorrectResult (0,5,5)" computerName="DKSR-EFI-06" duration="00:00:00.0095731" startTime="2024-01-09T15:47:11.6293395+01:00" endTime="2024-01-09T15:47:11.6449656+01:00" testType="13cdc9d9-ddb5-4fa4-a97d-d965ccfc6d4b" outcome="Passed" testListId="8c84fa94-04c1-424b-9868-57a2d4851a1d" relativeResultsDirectory="c1ed7e76-d415-474e-a354-89a8db1a05ad" />
    <UnitTestResult executionId="e7368622-c6e4-4ce4-ae13-238c842f9a88" testId="c6dda2cd-bb4c-abf6-4c9e-75c0a7c49325" testName="MapOutputIcons_WhenPinkOemResource_ShouldReturnTwoIcons" computerName="DKSR-EFI-06" duration="00:00:00.0119229" startTime="2024-01-09T15:47:16.7240523+01:00" endTime="2024-01-09T15:47:16.7240523+01:00" testType="13cdc9d9-ddb5-4fa4-a97d-d965ccfc6d4b" outcome="Passed" testListId="8c84fa94-04c1-424b-9868-57a2d4851a1d" relativeResultsDirectory="e7368622-c6e4-4ce4-ae13-238c842f9a88" />
    <UnitTestResult executionId="799dea9d-613e-417a-98a4-0161cce8993e" testId="6c2035c4-97e2-d122-0c36-23cf8131de7d" testName="PtzSessionControllerInfoConstructorTest_From_PtzSessionInfo_Basic_User_Current" computerName="DKSR-EFI-06" duration="00:00:00.0012005" startTime="2024-01-09T15:45:19.5450313+01:00" endTime="2024-01-09T15:45:19.5450313+01:00" testType="13cdc9d9-ddb5-4fa4-a97d-d965ccfc6d4b" outcome="Passed" testListId="8c84fa94-04c1-424b-9868-57a2d4851a1d" relativeResultsDirectory="799dea9d-613e-417a-98a4-0161cce8993e" />
    <UnitTestResult executionId="2a59e67c-eadb-4b70-9523-d9768392ff0f" testId="19058fc1-17d3-cb6e-9eb7-bbf4a0d2890d" testName="ValidateExportName_ShouldReturnFailResult_InvalidCharactersInExportName (1213&lt;&gt;!?%)" computerName="DKSR-EFI-06" duration="00:00:00.0051369" startTime="2024-01-09T15:45:43.9202355+01:00" endTime="2024-01-09T15:45:43.9202355+01:00" testType="13cdc9d9-ddb5-4fa4-a97d-d965ccfc6d4b" outcome="Passed" testListId="8c84fa94-04c1-424b-9868-57a2d4851a1d" relativeResultsDirectory="2a59e67c-eadb-4b70-9523-d9768392ff0f" />
    <UnitTestResult executionId="55213772-5809-43a7-a442-ba0d99fd29dc" testId="7d0d6edf-f56b-d148-3827-35b36e3e80c4" testName="OnLoaded_ValidConfigurationInlineEditNoUserControl_InlineAttributeEditControlNotSet" computerName="DKSR-EFI-06" duration="00:00:00.0114410" startTime="2024-01-09T15:45:47.3431323+01:00" endTime="2024-01-09T15:45:47.3587610+01:00" testType="13cdc9d9-ddb5-4fa4-a97d-d965ccfc6d4b" outcome="Passed" testListId="8c84fa94-04c1-424b-9868-57a2d4851a1d" relativeResultsDirectory="55213772-5809-43a7-a442-ba0d99fd29dc" />
    <UnitTestResult executionId="5bc9a2d7-67c1-42fc-b693-e78d9288602f" testId="80e1e452-82cf-b088-db40-d28f7d32c62d" testName="EvidenceLock when Playback" computerName="DKSR-EFI-06" duration="00:00:00.0189337" startTime="2024-01-09T15:47:10.3946794+01:00" endTime="2024-01-09T15:47:10.6447369+01:00" testType="13cdc9d9-ddb5-4fa4-a97d-d965ccfc6d4b" outcome="Passed" testListId="8c84fa94-04c1-424b-9868-57a2d4851a1d" relativeResultsDirectory="5bc9a2d7-67c1-42fc-b693-e78d9288602f" />
    <UnitTestResult executionId="038f66cc-7333-49a4-9f37-c1724998c65a" testId="a68fe85a-0571-5cf5-4ec4-cc94366f30ee" testName="GetProductDisplayVersion_ShouldReturnDefault_WhenSmartClientVersionIsNull" computerName="DKSR-EFI-06" duration="00:00:00.0006785" startTime="2024-01-09T15:47:17.3960402+01:00" endTime="2024-01-09T15:47:17.3960402+01:00" testType="13cdc9d9-ddb5-4fa4-a97d-d965ccfc6d4b" outcome="Passed" testListId="8c84fa94-04c1-424b-9868-57a2d4851a1d" relativeResultsDirectory="038f66cc-7333-49a4-9f37-c1724998c65a" />
    <UnitTestResult executionId="ad3f6201-dc44-4432-8536-ba7f2442303c" testId="ff37e13a-ef96-a965-37b4-7e2b5b7bc7cd" testName="Ctor_NullPassedToNotNullParameters_Failure" computerName="DKSR-EFI-06" duration="00:00:00.0054063" startTime="2024-01-09T15:46:59.4388611+01:00" endTime="2024-01-09T15:46:59.4545525+01:00" testType="13cdc9d9-ddb5-4fa4-a97d-d965ccfc6d4b" outcome="Passed" testListId="8c84fa94-04c1-424b-9868-57a2d4851a1d" relativeResultsDirectory="ad3f6201-dc44-4432-8536-ba7f2442303c" />
    <UnitTestResult executionId="484a2af8-bf82-4f0e-a04d-d6a0325a4836" testId="d33238ac-1e47-b12a-5f1e-c0efc2aabbf1" testName="ManualRecordingInfoDto_ShouldYieldSameValues_WhenRoundTripConverted" computerName="DKSR-EFI-06" duration="00:00:00.0024749" startTime="2024-01-09T15:45:08.9825101+01:00" endTime="2024-01-09T15:45:08.9825101+01:00" testType="13cdc9d9-ddb5-4fa4-a97d-d965ccfc6d4b" outcome="Passed" testListId="8c84fa94-04c1-424b-9868-57a2d4851a1d" relativeResultsDirectory="484a2af8-bf82-4f0e-a04d-d6a0325a4836" />
    <UnitTestResult executionId="2e9dd6d3-ad72-410e-8a0c-46a6c572cf44" testId="9ccd04df-3e0c-6d9f-958b-55fa47ad0ff1" testName="GetIsOpenStreetMapValid_ShouldReturnFalse_WhenGeographicLayerIsNullAndAlternativeServerIsEmpty" computerName="DKSR-EFI-06" duration="00:00:00.0007877" startTime="2024-01-09T15:47:07.2688568+01:00" endTime="2024-01-09T15:47:07.2688568+01:00" testType="13cdc9d9-ddb5-4fa4-a97d-d965ccfc6d4b" outcome="Passed" testListId="8c84fa94-04c1-424b-9868-57a2d4851a1d" relativeResultsDirectory="2e9dd6d3-ad72-410e-8a0c-46a6c572cf44" />
    <UnitTestResult executionId="f41cae89-39a8-4746-9c9e-5c7477cd1f0c" testId="fe7cc80a-38c0-8f78-ba29-abacfcc11533" testName="CreateReportAsync_ShouldReturnNormalPdf_WhereOneSearchResultIsPrinted" computerName="DKSR-EFI-06" duration="00:00:00.6776173" startTime="2024-01-09T15:46:39.0434674+01:00" endTime="2024-01-09T15:46:39.7154975+01:00" testType="13cdc9d9-ddb5-4fa4-a97d-d965ccfc6d4b" outcome="Passed" testListId="8c84fa94-04c1-424b-9868-57a2d4851a1d" relativeResultsDirectory="f41cae89-39a8-4746-9c9e-5c7477cd1f0c" />
    <UnitTestResult executionId="a98274c7-668b-429c-9982-637a6dd4db5e" testId="fd11af71-a4c4-5921-60ab-2b01bfd9ee13" testName="ScWorkspaceStateChangedEvent_ShouldKeepIsSelected_WhenSwitchingToSetupMode" computerName="DKSR-EFI-06" duration="00:00:00.0136637" startTime="2024-01-09T15:47:04.5961282+01:00" endTime="2024-01-09T15:47:04.6117638+01:00" testType="13cdc9d9-ddb5-4fa4-a97d-d965ccfc6d4b" outcome="Passed" testListId="8c84fa94-04c1-424b-9868-57a2d4851a1d" relativeResultsDirectory="a98274c7-668b-429c-9982-637a6dd4db5e" />
    <UnitTestResult executionId="d02fbec1-8ac4-488a-b4b2-52b2e16b625a" testId="20e8ccab-a0f4-bc81-8521-21ef899c1e27" testName="Map_DeleteLayers_OSM_ImageLayer_Success" computerName="DKSR-EFI-06" duration="00:00:00.0283720" startTime="2024-01-09T15:47:03.8771235+01:00" endTime="2024-01-09T15:47:03.9083803+01:00" testType="13cdc9d9-ddb5-4fa4-a97d-d965ccfc6d4b" outcome="Passed" testListId="8c84fa94-04c1-424b-9868-57a2d4851a1d" relativeResultsDirectory="d02fbec1-8ac4-488a-b4b2-52b2e16b625a" />
    <UnitTestResult executionId="c43792d9-4f30-48d8-8a0e-8d6ca4baa006" testId="f7f1fade-22dc-b3ee-b4cb-477d416d63d2" testName="LeftButtonDown_SingleClick_DoesNotZoom" computerName="DKSR-EFI-06" duration="00:00:00.0189628" startTime="2024-01-09T15:45:31.1250893+01:00" endTime="2024-01-09T15:45:31.1544192+01:00" testType="13cdc9d9-ddb5-4fa4-a97d-d965ccfc6d4b" outcome="Passed" testListId="8c84fa94-04c1-424b-9868-57a2d4851a1d" relativeResultsDirectory="c43792d9-4f30-48d8-8a0e-8d6ca4baa006" />
    <UnitTestResult executionId="f2d69d49-7f77-453e-a447-9bc44617900e" testId="5d25dc9f-b119-d464-f93e-42b850f6a1ac" testName="ScWorkSpaceModeChangedEvent_ShouldSetDeviceIsDisabledToFalse_WhenSwitchingToLiveModeAndDeviceIsDisabled" computerName="DKSR-EFI-06" duration="00:00:00.0191290" startTime="2024-01-09T15:47:04.6117638+01:00" endTime="2024-01-09T15:47:04.6273986+01:00" testType="13cdc9d9-ddb5-4fa4-a97d-d965ccfc6d4b" outcome="Passed" testListId="8c84fa94-04c1-424b-9868-57a2d4851a1d" relativeResultsDirectory="f2d69d49-7f77-453e-a447-9bc44617900e" />
    <UnitTestResult executionId="baf3c907-584c-43ff-83d6-8cd65d51c624" testId="a476d913-853e-9006-57bf-9e825d119810" testName="CreateMenuItem_Success" computerName="DKSR-EFI-06" duration="00:00:00.0107627" startTime="2024-01-09T15:45:38.4669202+01:00" endTime="2024-01-09T15:45:38.4825426+01:00" testType="13cdc9d9-ddb5-4fa4-a97d-d965ccfc6d4b" outcome="Passed" testListId="8c84fa94-04c1-424b-9868-57a2d4851a1d" relativeResultsDirectory="baf3c907-584c-43ff-83d6-8cd65d51c624" />
    <UnitTestResult executionId="8c2f2ae4-9235-438a-bfeb-c94b97a8bf53" testId="0d69c7de-0a79-1b02-2fcf-9739b7f2143b" testName="GetIsOpenStreetMapValid_ShouldReturnTrue_WhenGeographicLayerIsAvailableAndAlternativeServerHasInvalidUrl" computerName="DKSR-EFI-06" duration="00:00:00.0008525" startTime="2024-01-09T15:47:07.2688568+01:00" endTime="2024-01-09T15:47:07.2688568+01:00" testType="13cdc9d9-ddb5-4fa4-a97d-d965ccfc6d4b" outcome="Passed" testListId="8c84fa94-04c1-424b-9868-57a2d4851a1d" relativeResultsDirectory="8c2f2ae4-9235-438a-bfeb-c94b97a8bf53" />
    <UnitTestResult executionId="9bc4b796-758b-4997-a048-c00856851793" testId="eccb1112-d77c-887e-87bf-b7f65298e1a6" testName="SmartSearchStatusDto_ShouldYieldSameValues_WhenRoundTripConverted" computerName="DKSR-EFI-06" duration="00:00:00.0029383" startTime="2024-01-09T15:45:09.0606317+01:00" endTime="2024-01-09T15:45:09.0606317+01:00" testType="13cdc9d9-ddb5-4fa4-a97d-d965ccfc6d4b" outcome="Passed" testListId="8c84fa94-04c1-424b-9868-57a2d4851a1d" relativeResultsDirectory="9bc4b796-758b-4997-a048-c00856851793" />
    <UnitTestResult executionId="d0ffaa3d-7d63-4902-a360-fa99acbdace3" testId="3d6545fc-4bd4-f8dd-090b-7fa4464a971d" testName="Constructor_ShouldRaiseArgumentNullException_WhenGisMapViewModelIsNull" computerName="DKSR-EFI-06" duration="00:00:00.0132198" startTime="2024-01-09T15:45:28.3575420+01:00" endTime="2024-01-09T15:45:28.3731670+01:00" testType="13cdc9d9-ddb5-4fa4-a97d-d965ccfc6d4b" outcome="Passed" testListId="8c84fa94-04c1-424b-9868-57a2d4851a1d" relativeResultsDirectory="d0ffaa3d-7d63-4902-a360-fa99acbdace3" />
    <UnitTestResult executionId="ac06964d-f72b-4eb5-aac3-110978ab5929" testId="820765dc-029b-30df-a6e4-7e3395cecf69" testName="NavigateAndSelectAsync_ZoomOut_ReCenterCommandEnabled" computerName="DKSR-EFI-06" duration="00:00:00.0659811" startTime="2024-01-09T15:45:30.0919171+01:00" endTime="2024-01-09T15:45:30.1544169+01:00" testType="13cdc9d9-ddb5-4fa4-a97d-d965ccfc6d4b" outcome="Passed" testListId="8c84fa94-04c1-424b-9868-57a2d4851a1d" relativeResultsDirectory="ac06964d-f72b-4eb5-aac3-110978ab5929" />
    <UnitTestResult executionId="4bc99254-c024-483a-9bf7-f1572f183f1b" testId="79597831-b508-5354-99c1-919eea66b36a" testName="AddToExportTuples_ShouldReturnCorrectResult (0,0,5)" computerName="DKSR-EFI-06" duration="00:00:00.0046251" startTime="2024-01-09T15:47:11.6293395+01:00" endTime="2024-01-09T15:47:11.6293395+01:00" testType="13cdc9d9-ddb5-4fa4-a97d-d965ccfc6d4b" outcome="Passed" testListId="8c84fa94-04c1-424b-9868-57a2d4851a1d" relativeResultsDirectory="4bc99254-c024-483a-9bf7-f1572f183f1b" />
    <UnitTestResult executionId="126acaef-e490-4aa3-89ff-d6f91cf4276a" testId="b53cbe33-730e-fb6f-4fda-1e9679963edf" testName="AuthType_ShouldReturnBasic_WhenConstructedUsingSimple" computerName="DKSR-EFI-06" duration="00:00:00.0035151" startTime="2024-01-09T15:45:20.1856603+01:00" endTime="2024-01-09T15:45:20.1856603+01:00" testType="13cdc9d9-ddb5-4fa4-a97d-d965ccfc6d4b" outcome="Passed" testListId="8c84fa94-04c1-424b-9868-57a2d4851a1d" relativeResultsDirectory="126acaef-e490-4aa3-89ff-d6f91cf4276a" />
    <UnitTestResult executionId="c5052c97-89d2-43bd-ad8b-bd30e79f5127" testId="798f07f3-7aba-5c3c-bfdb-b4e160b73303" testName="HasWritePermissionOnDir_WriteAllowed_ReturnsTrue" computerName="DKSR-EFI-06" duration="00:00:00.0007296" startTime="2024-01-09T15:46:43.4350260+01:00" endTime="2024-01-09T15:46:43.4350260+01:00" testType="13cdc9d9-ddb5-4fa4-a97d-d965ccfc6d4b" outcome="Passed" testListId="8c84fa94-04c1-424b-9868-57a2d4851a1d" relativeResultsDirectory="c5052c97-89d2-43bd-ad8b-bd30e79f5127" />
    <UnitTestResult executionId="b9a950da-5da4-4e0d-b3eb-7f3ee26602ae" testId="f97a9c11-337a-9db0-c57e-d2aa1b5d357d" testName="Toolbar_IsNotVisible_WhenNotInLiveOrPlayback" computerName="DKSR-EFI-06" duration="00:00:00.0192217" startTime="2024-01-09T15:47:10.9260496+01:00" endTime="2024-01-09T15:47:10.9416799+01:00" testType="13cdc9d9-ddb5-4fa4-a97d-d965ccfc6d4b" outcome="Passed" testListId="8c84fa94-04c1-424b-9868-57a2d4851a1d" relativeResultsDirectory="b9a950da-5da4-4e0d-b3eb-7f3ee26602ae" />
    <UnitTestResult executionId="2b7b653d-340b-4461-846e-d858eee46566" testId="e9871a8e-a7b1-7767-3712-747754e9915c" testName="WorkspaceToolBarItemEdgeRetrieve_ShouldGoIntoSelectionMode_WhenNotInSelectionMode" computerName="DKSR-EFI-06" duration="00:00:00.0061885" startTime="2024-01-09T15:47:12.4889012+01:00" endTime="2024-01-09T15:47:12.5045274+01:00" testType="13cdc9d9-ddb5-4fa4-a97d-d965ccfc6d4b" outcome="Passed" testListId="8c84fa94-04c1-424b-9868-57a2d4851a1d" relativeResultsDirectory="2b7b653d-340b-4461-846e-d858eee46566" />
    <UnitTestResult executionId="f58a01d1-0b03-455c-a400-7ba342fb49df" testId="f8d72901-3af0-f1c6-f40b-6d20a887c21a" testName="ShowPermissionDeniedStatusBarError_ShouldSendAMessage (1,1)" computerName="DKSR-EFI-06" duration="00:00:00.0018752" startTime="2024-01-09T15:47:11.9262828+01:00" endTime="2024-01-09T15:47:11.9262828+01:00" testType="13cdc9d9-ddb5-4fa4-a97d-d965ccfc6d4b" outcome="Passed" testListId="8c84fa94-04c1-424b-9868-57a2d4851a1d" relativeResultsDirectory="f58a01d1-0b03-455c-a400-7ba342fb49df" />
    <UnitTestResult executionId="598b6a73-7425-46d8-8e3d-dcade1732882" testId="27433e55-5768-6c79-0b23-c4648c647a81" testName="Constructor_ShouldThrowException_WhenReportViewerStateIsNull" computerName="DKSR-EFI-06" duration="00:00:00.0005136" startTime="2024-01-09T15:47:13.7391554+01:00" endTime="2024-01-09T15:47:13.7391554+01:00" testType="13cdc9d9-ddb5-4fa4-a97d-d965ccfc6d4b" outcome="Passed" testListId="8c84fa94-04c1-424b-9868-57a2d4851a1d" relativeResultsDirectory="598b6a73-7425-46d8-8e3d-dcade1732882" />
    <UnitTestResult executionId="341c9cab-78a8-4fce-8745-d8bfa52975c6" testId="2227d8a1-1292-2ada-1845-295f40381449" testName="GetServerTypes_ShouldReturnLPRType" computerName="DKSR-EFI-06" duration="00:00:00.0003776" startTime="2024-01-09T15:47:13.5828638+01:00" endTime="2024-01-09T15:47:13.5828638+01:00" testType="13cdc9d9-ddb5-4fa4-a97d-d965ccfc6d4b" outcome="Passed" testListId="8c84fa94-04c1-424b-9868-57a2d4851a1d" relativeResultsDirectory="341c9cab-78a8-4fce-8745-d8bfa52975c6" />
    <UnitTestResult executionId="637c7afb-32e8-43f6-9db9-eeaed37112ec" testId="84735ce6-0802-6c3e-660b-0ce9dcdbafe2" testName="Connect_WhenUriIsNull_ShouldThrowException" computerName="DKSR-EFI-06" duration="00:00:00.0007196" startTime="2024-01-09T15:45:09.3731348+01:00" endTime="2024-01-09T15:45:09.3731348+01:00" testType="13cdc9d9-ddb5-4fa4-a97d-d965ccfc6d4b" outcome="Passed" testListId="8c84fa94-04c1-424b-9868-57a2d4851a1d" relativeResultsDirectory="637c7afb-32e8-43f6-9db9-eeaed37112ec" />
    <UnitTestResult executionId="335bf841-c60f-45f4-8bbe-c141bce15ee2" testId="f342c369-1b63-ac09-7592-3bbf19ea7792" testName="HandleSetLayerFeatures_ShouldUpdateInputLayerFeatures_WhenInputKindAndInputLayerFeatures" computerName="DKSR-EFI-06" duration="00:00:00.0010846" startTime="2024-01-09T15:47:07.1750799+01:00" endTime="2024-01-09T15:47:07.1750799+01:00" testType="13cdc9d9-ddb5-4fa4-a97d-d965ccfc6d4b" outcome="Passed" testListId="8c84fa94-04c1-424b-9868-57a2d4851a1d" relativeResultsDirectory="335bf841-c60f-45f4-8bbe-c141bce15ee2" />
    <UnitTestResult executionId="44be0561-1328-47d7-9aa7-ff2cf164cca3" testId="de275d14-569b-3727-dc66-e87b528f415d" testName="RightButtonDown_DoubleClick_ZoomsOut" computerName="DKSR-EFI-06" duration="00:00:00.0079745" startTime="2024-01-09T15:45:31.2012937+01:00" endTime="2024-01-09T15:45:31.2169185+01:00" testType="13cdc9d9-ddb5-4fa4-a97d-d965ccfc6d4b" outcome="Passed" testListId="8c84fa94-04c1-424b-9868-57a2d4851a1d" relativeResultsDirectory="44be0561-1328-47d7-9aa7-ff2cf164cca3" />
    <UnitTestResult executionId="9ac8e78c-f848-47b5-ab6c-97f3617a38ef" testId="ac792034-f247-0505-126f-c91db503a0d1" testName="False" computerName="DKSR-EFI-06" duration="00:00:00.0006706" startTime="2024-01-09T15:47:12.0513117+01:00" endTime="2024-01-09T15:47:12.0513117+01:00" testType="13cdc9d9-ddb5-4fa4-a97d-d965ccfc6d4b" outcome="Passed" testListId="8c84fa94-04c1-424b-9868-57a2d4851a1d" relativeResultsDirectory="9ac8e78c-f848-47b5-ab6c-97f3617a38ef" />
    <UnitTestResult executionId="c70bebe1-4044-48d3-9f7d-f4316c69cb27" testId="bc03d8ec-092f-15f4-b2b5-81687d93c9f8" testName="ToUnsafeName_MultipleSafeNames_Success" computerName="DKSR-EFI-06" duration="00:00:00.0000999" startTime="2024-01-09T15:47:17.6616992+01:00" endTime="2024-01-09T15:47:17.6616992+01:00" testType="13cdc9d9-ddb5-4fa4-a97d-d965ccfc6d4b" outcome="Passed" testListId="8c84fa94-04c1-424b-9868-57a2d4851a1d" relativeResultsDirectory="c70bebe1-4044-48d3-9f7d-f4316c69cb27" />
    <UnitTestResult executionId="7269dfbf-df03-43b8-a123-2fb8734506e7" testId="ef7eb1a4-404f-fda1-15f0-bcd1e692326a" testName="PatrollingStepListViewModel_MoveStepDownExecute" computerName="DKSR-EFI-06" duration="00:00:00.0026826" startTime="2024-01-09T15:47:09.6601322+01:00" endTime="2024-01-09T15:47:09.6601322+01:00" testType="13cdc9d9-ddb5-4fa4-a97d-d965ccfc6d4b" outcome="Passed" testListId="8c84fa94-04c1-424b-9868-57a2d4851a1d" relativeResultsDirectory="7269dfbf-df03-43b8-a123-2fb8734506e7" />
    <UnitTestResult executionId="af2c7a14-cb02-40fc-a571-558cbdde7c52" testId="6fb4919f-9275-fa65-8704-748d9ebfe4e0" testName="SmartMapGoToPositionHandler_WhenLongitudeIsInvalid_ShouldWriteToLog" computerName="DKSR-EFI-06" duration="00:00:00.0031850" startTime="2024-01-09T15:45:38.9356738+01:00" endTime="2024-01-09T15:45:38.9356738+01:00" testType="13cdc9d9-ddb5-4fa4-a97d-d965ccfc6d4b" outcome="Passed" testListId="8c84fa94-04c1-424b-9868-57a2d4851a1d" relativeResultsDirectory="af2c7a14-cb02-40fc-a571-558cbdde7c52" />
    <UnitTestResult executionId="cee5743f-fe9b-4822-8788-a9069a985f65" testId="27e4287b-6aa8-a5c7-2e9e-fe37ab9970d9" testName="Connect_SucceedeInConnectingWithCurrentWindowsUser_ShouldReturnTrue" computerName="DKSR-EFI-06" duration="00:00:00.0500635" startTime="2024-01-09T15:45:08.6543820+01:00" endTime="2024-01-09T15:45:08.7168827+01:00" testType="13cdc9d9-ddb5-4fa4-a97d-d965ccfc6d4b" outcome="Passed" testListId="8c84fa94-04c1-424b-9868-57a2d4851a1d" relativeResultsDirectory="cee5743f-fe9b-4822-8788-a9069a985f65" />
    <UnitTestResult executionId="222f0184-d7af-41bd-a5ad-14d84d626d06" testId="30f4ca0f-0cfa-0e61-edff-19f1044181dc" testName="PatrollingProfileViewModelTest_patrollingStepListViewModel_PropertyChanged" computerName="DKSR-EFI-06" duration="00:00:00.0022506" startTime="2024-01-09T15:47:09.5976086+01:00" endTime="2024-01-09T15:47:09.5976086+01:00" testType="13cdc9d9-ddb5-4fa4-a97d-d965ccfc6d4b" outcome="Passed" testListId="8c84fa94-04c1-424b-9868-57a2d4851a1d" relativeResultsDirectory="222f0184-d7af-41bd-a5ad-14d84d626d06" />
    <UnitTestResult executionId="2bbd71c0-d4a2-4d7b-81bb-a0c1d9759280" testId="59476004-430a-3b34-3bb3-3229ecde9f89" testName="SupportsDoubleClick_ShouldBeFalse_WhenInteractionStateIsNormalAndNotInSetupMode" computerName="DKSR-EFI-06" duration="00:00:00.0438844" startTime="2024-01-09T15:45:35.4512962+01:00" endTime="2024-01-09T15:45:35.4981711+01:00" testType="13cdc9d9-ddb5-4fa4-a97d-d965ccfc6d4b" outcome="Passed" testListId="8c84fa94-04c1-424b-9868-57a2d4851a1d" relativeResultsDirectory="2bbd71c0-d4a2-4d7b-81bb-a0c1d9759280" />
    <UnitTestResult executionId="f9be9f52-4557-4f6d-ad3d-1fc7c3d3245b" testId="fb103779-d04c-1686-3285-367738634a78" testName="HandleGetDeviceData_ShouldReturnMicrophoneData_WhenMicrophoneKindAndExistingMicrophoneId" computerName="DKSR-EFI-06" duration="00:00:00.0673980" startTime="2024-01-09T15:45:41.4200440+01:00" endTime="2024-01-09T15:45:41.4825436+01:00" testType="13cdc9d9-ddb5-4fa4-a97d-d965ccfc6d4b" outcome="Passed" testListId="8c84fa94-04c1-424b-9868-57a2d4851a1d" relativeResultsDirectory="f9be9f52-4557-4f6d-ad3d-1fc7c3d3245b" />
    <UnitTestResult executionId="791018c6-a5c8-4051-8fff-87ce71b3f1bb" testId="37c23154-aec4-129b-8dc2-bb50808aef9e" testName="OnMarkerSelected_ShouldSelectMarkerExcludeItFromClusteringAndBeginInPlaceEditMode_WhenSingleSelection" computerName="DKSR-EFI-06" duration="00:00:00.0134848" startTime="2024-01-09T15:45:33.7169237+01:00" endTime="2024-01-09T15:45:33.7325448+01:00" testType="13cdc9d9-ddb5-4fa4-a97d-d965ccfc6d4b" outcome="Passed" testListId="8c84fa94-04c1-424b-9868-57a2d4851a1d" relativeResultsDirectory="791018c6-a5c8-4051-8fff-87ce71b3f1bb" />
    <UnitTestResult executionId="3415106f-2674-4c67-9c4c-4a85c0a2045d" testId="83ccd97a-3d39-ee6a-e0f8-f15f62764577" testName="GetIsOpenStreetMapValid_ShouldReturnTrue_WhenGeographicLayerIsNullAndAlternativeServerHasValidUrl" computerName="DKSR-EFI-06" duration="00:00:00.0007295" startTime="2024-01-09T15:47:07.2688568+01:00" endTime="2024-01-09T15:47:07.2688568+01:00" testType="13cdc9d9-ddb5-4fa4-a97d-d965ccfc6d4b" outcome="Passed" testListId="8c84fa94-04c1-424b-9868-57a2d4851a1d" relativeResultsDirectory="3415106f-2674-4c67-9c4c-4a85c0a2045d" />
    <UnitTestResult executionId="0271836a-8ddb-4f8c-854d-8c61f8375360" testId="1ff412f4-a550-fccb-f616-ee490e039d87" testName="HandleSetLayerFeatures_ShouldRaiseArgumentException_WhenNotCameraKindAndCameraLayerFeaturesAndInputLayer" computerName="DKSR-EFI-06" duration="00:00:00.0011945" startTime="2024-01-09T15:47:07.1438196+01:00" endTime="2024-01-09T15:47:07.1594497+01:00" testType="13cdc9d9-ddb5-4fa4-a97d-d965ccfc6d4b" outcome="Passed" testListId="8c84fa94-04c1-424b-9868-57a2d4851a1d" relativeResultsDirectory="0271836a-8ddb-4f8c-854d-8c61f8375360" />
    <UnitTestResult executionId="88fde677-1798-4ed6-92d2-3d6be7b8bca5" testId="06671719-51c0-06b8-b1b7-8927e1da93cb" testName="SupportsRightClick_ShouldBeFalse_WhenInteractionStateIsNotNormal" computerName="DKSR-EFI-06" duration="00:00:00.0754643" startTime="2024-01-09T15:45:36.2794244+01:00" endTime="2024-01-09T15:45:36.3575461+01:00" testType="13cdc9d9-ddb5-4fa4-a97d-d965ccfc6d4b" outcome="Passed" testListId="8c84fa94-04c1-424b-9868-57a2d4851a1d" relativeResultsDirectory="88fde677-1798-4ed6-92d2-3d6be7b8bca5" />
    <UnitTestResult executionId="b1fa8533-db42-47f9-b2eb-23384260c0dd" testId="c0259e91-f91b-42ff-6977-459d0c7782fd" testName="EditCriteriaCommand_InEditSearchDefinition_Set" computerName="DKSR-EFI-06" duration="00:00:00.0081309" startTime="2024-01-09T15:46:38.1682450+01:00" endTime="2024-01-09T15:46:38.1682450+01:00" testType="13cdc9d9-ddb5-4fa4-a97d-d965ccfc6d4b" outcome="Passed" testListId="8c84fa94-04c1-424b-9868-57a2d4851a1d" relativeResultsDirectory="b1fa8533-db42-47f9-b2eb-23384260c0dd" />
    <UnitTestResult executionId="5ea00dfe-ad8e-4715-9582-240273f9ff63" testId="2c8890ce-c89d-6a9e-b8c6-3ef6c4bffec5" testName="IsDeviceSupported_ShouldReturnTrue_WhenMicrophoneKind" computerName="DKSR-EFI-06" duration="00:00:00.0002550" startTime="2024-01-09T15:45:42.0450451+01:00" endTime="2024-01-09T15:45:42.0450451+01:00" testType="13cdc9d9-ddb5-4fa4-a97d-d965ccfc6d4b" outcome="Passed" testListId="8c84fa94-04c1-424b-9868-57a2d4851a1d" relativeResultsDirectory="5ea00dfe-ad8e-4715-9582-240273f9ff63" />
    <UnitTestResult executionId="c08400be-b9fb-4e1d-b1a3-d6c5265aa41d" testId="4095d4e0-7747-4418-2cba-d8d1b699249f" testName="SmartMapGoToLocationHandler_WhenLocationCanNotBeFound_ShouldWriteToLog" computerName="DKSR-EFI-06" duration="00:00:00.0071424" startTime="2024-01-09T15:45:38.8887942+01:00" endTime="2024-01-09T15:45:38.8887942+01:00" testType="13cdc9d9-ddb5-4fa4-a97d-d965ccfc6d4b" outcome="Passed" testListId="8c84fa94-04c1-424b-9868-57a2d4851a1d" relativeResultsDirectory="c08400be-b9fb-4e1d-b1a3-d6c5265aa41d" />
    <UnitTestResult executionId="16d37d8b-3738-4342-b3d8-8e05502656f4" testId="7487436c-f2c5-4df4-5b49-6474bc347b87" testName="PatrollingProfileViewModelTest_CreatePatrollingProfileViewModel_Success" computerName="DKSR-EFI-06" duration="00:00:00.0022409" startTime="2024-01-09T15:47:09.5351017+01:00" endTime="2024-01-09T15:47:09.5351017+01:00" testType="13cdc9d9-ddb5-4fa4-a97d-d965ccfc6d4b" outcome="Passed" testListId="8c84fa94-04c1-424b-9868-57a2d4851a1d" relativeResultsDirectory="16d37d8b-3738-4342-b3d8-8e05502656f4" />
    <UnitTestResult executionId="8cd6666e-fbe4-40b7-be3e-3ddf49dd0d10" testId="59a4f4a0-e2da-d6b5-1323-31e33b78b21f" testName="GetBoundingShapesForMetadataObjectsAsync_ShouldIncludeMetadataObject_WhenRequestedTimeIsWithinMetadataTimespan" computerName="DKSR-EFI-06" duration="00:00:00.0661936" startTime="2024-01-09T15:46:43.7944607+01:00" endTime="2024-01-09T15:46:43.8569742+01:00" testType="13cdc9d9-ddb5-4fa4-a97d-d965ccfc6d4b" outcome="Passed" testListId="8c84fa94-04c1-424b-9868-57a2d4851a1d" relativeResultsDirectory="8cd6666e-fbe4-40b7-be3e-3ddf49dd0d10" />
    <UnitTestResult executionId="ac199ab1-c88f-4d19-9575-ffe9d5eb6ea0" testId="3d9fd783-1e00-5310-17a4-99bc84d5613e" testName="AddSelectedWindowsToExport_ShouldShowCorrectToastMessages (0,5,0)" computerName="DKSR-EFI-06" duration="00:00:00.0034261" startTime="2024-01-09T15:47:11.8168867+01:00" endTime="2024-01-09T15:47:11.8168867+01:00" testType="13cdc9d9-ddb5-4fa4-a97d-d965ccfc6d4b" outcome="Passed" testListId="8c84fa94-04c1-424b-9868-57a2d4851a1d" relativeResultsDirectory="ac199ab1-c88f-4d19-9575-ffe9d5eb6ea0" />
    <UnitTestResult executionId="e191c39e-4774-43d0-9740-87051561c342" testId="3c6da4f1-e15b-e209-7afc-b41a7ac6ff10" testName="AuthType_ShouldReturnNegotiate_WhenConstructedUsingWindowsDefault" computerName="DKSR-EFI-06" duration="00:00:00.0002977" startTime="2024-01-09T15:45:20.2012822+01:00" endTime="2024-01-09T15:45:20.2012822+01:00" testType="13cdc9d9-ddb5-4fa4-a97d-d965ccfc6d4b" outcome="Passed" testListId="8c84fa94-04c1-424b-9868-57a2d4851a1d" relativeResultsDirectory="e191c39e-4774-43d0-9740-87051561c342" />
    <UnitTestResult executionId="b4de17f1-3a75-4193-bf64-ac6a0f85f27c" testId="94665017-ba44-93eb-512e-f9565e558eb5" testName="TestGetBuildingClient_WithoutBuildingSupport_Success" computerName="DKSR-EFI-06" duration="00:00:00.0017718" startTime="2024-01-09T15:47:07.3938960+01:00" endTime="2024-01-09T15:47:07.3938960+01:00" testType="13cdc9d9-ddb5-4fa4-a97d-d965ccfc6d4b" outcome="Passed" testListId="8c84fa94-04c1-424b-9868-57a2d4851a1d" relativeResultsDirectory="b4de17f1-3a75-4193-bf64-ac6a0f85f27c" />
    <UnitTestResult executionId="660cd57b-4225-487d-ae51-94ec168e2f16" testId="2b34fdd0-9f13-a5e7-cdd1-b024cdc0e042" testName="UpdateSearchTemplateAsync_ValidParameters_Success" computerName="DKSR-EFI-06" duration="00:00:00.0054028" startTime="2024-01-09T15:46:44.2164139+01:00" endTime="2024-01-09T15:46:44.2164139+01:00" testType="13cdc9d9-ddb5-4fa4-a97d-d965ccfc6d4b" outcome="Passed" testListId="8c84fa94-04c1-424b-9868-57a2d4851a1d" relativeResultsDirectory="660cd57b-4225-487d-ae51-94ec168e2f16" />
    <UnitTestResult executionId="3f050615-0894-4302-b9f7-960d2d5a4913" testId="cedacd39-cebe-080f-c95c-117129a33131" testName="Constructor_ShouldRaiseArgumentNullException_WhenGisMapModelIsNull" computerName="DKSR-EFI-06" duration="00:00:00.0137091" startTime="2024-01-09T15:45:41.0919173+01:00" endTime="2024-01-09T15:45:41.1075458+01:00" testType="13cdc9d9-ddb5-4fa4-a97d-d965ccfc6d4b" outcome="Passed" testListId="8c84fa94-04c1-424b-9868-57a2d4851a1d" relativeResultsDirectory="3f050615-0894-4302-b9f7-960d2d5a4913" />
    <UnitTestResult executionId="756c6f56-f48d-405a-ace9-fa53394284ff" testId="7f46d23c-5d7c-d0cd-6885-7066d3b47889" testName="GetLayerFeatures_ShouldReturnInputLayerFeatures_WhenMicrophoneKind" computerName="DKSR-EFI-06" duration="00:00:00.0036825" startTime="2024-01-09T15:47:07.3157429+01:00" endTime="2024-01-09T15:47:07.3313712+01:00" testType="13cdc9d9-ddb5-4fa4-a97d-d965ccfc6d4b" outcome="Passed" testListId="8c84fa94-04c1-424b-9868-57a2d4851a1d" relativeResultsDirectory="756c6f56-f48d-405a-ace9-fa53394284ff" />
    <UnitTestResult executionId="5c39a9c2-0f20-4de6-8caa-850c74a267db" testId="30200921-e950-e3ac-a65b-a4bfe480ca8a" testName="DrawEntries_BeginMidAndEndDatesRange_Success" computerName="DKSR-EFI-06" duration="00:00:00.0753304" startTime="2024-01-09T15:46:16.7405899+01:00" endTime="2024-01-09T15:46:16.8187429+01:00" testType="13cdc9d9-ddb5-4fa4-a97d-d965ccfc6d4b" outcome="Passed" testListId="8c84fa94-04c1-424b-9868-57a2d4851a1d" relativeResultsDirectory="5c39a9c2-0f20-4de6-8caa-850c74a267db" />
    <UnitTestResult executionId="1cbb6d10-646a-49f9-9a4f-3a70822a5337" testId="82ab9888-0e8e-be7c-a27b-7d4882e76ad2" testName="ModelSerialization_Serialize_Success" computerName="DKSR-EFI-06" duration="00:00:00.0408059" startTime="2024-01-09T15:46:44.9509069+01:00" endTime="2024-01-09T15:46:44.9977926+01:00" testType="13cdc9d9-ddb5-4fa4-a97d-d965ccfc6d4b" outcome="Passed" testListId="8c84fa94-04c1-424b-9868-57a2d4851a1d" relativeResultsDirectory="1cbb6d10-646a-49f9-9a4f-3a70822a5337" />
    <UnitTestResult executionId="8a412f0b-8866-4b5d-9587-1e800514f110" testId="127e2415-6090-4094-56d7-1fadf987188b" testName="GetPartialDiffBetweenDictionaries_ShouldReturnCorrectValues (System.Collections.Generic.Dictionary`2[System.String,System.String],System.Collections.Generic.Dictionary`2[System.String,System.String],System.Collections.Generic.Dictionary`2[System.String,System.String])" computerName="DKSR-EFI-06" duration="00:00:00.0091788" startTime="2024-01-09T15:47:17.5054279+01:00" endTime="2024-01-09T15:47:17.5523096+01:00" testType="13cdc9d9-ddb5-4fa4-a97d-d965ccfc6d4b" outcome="Passed" testListId="8c84fa94-04c1-424b-9868-57a2d4851a1d" relativeResultsDirectory="8a412f0b-8866-4b5d-9587-1e800514f110" />
    <UnitTestResult executionId="09ae5e18-abdf-4aad-9153-3a3569bd1779" testId="61db488c-fd57-8a4d-714e-e5d3bad8b45f" testName="ScrollIntoView_Synchronous_DefinitionViewBelowOutOfViewPort_Scrolled" computerName="DKSR-EFI-06" duration="00:00:00.6468567" startTime="2024-01-09T15:45:45.2018912+01:00" endTime="2024-01-09T15:45:45.8583381+01:00" testType="13cdc9d9-ddb5-4fa4-a97d-d965ccfc6d4b" outcome="Passed" testListId="8c84fa94-04c1-424b-9868-57a2d4851a1d" relativeResultsDirectory="09ae5e18-abdf-4aad-9153-3a3569bd1779" />
    <UnitTestResult executionId="e0e42963-973b-4fa9-83e1-2fe22d92a285" testId="8f5491df-5fca-1dbe-cd17-6a2db5019ce9" testName="SignUrl_WhereSignatureIsNull_ThrowException" computerName="DKSR-EFI-06" duration="00:00:00.0007351" startTime="2024-01-09T15:45:30.9669168+01:00" endTime="2024-01-09T15:45:30.9669168+01:00" testType="13cdc9d9-ddb5-4fa4-a97d-d965ccfc6d4b" outcome="Passed" testListId="8c84fa94-04c1-424b-9868-57a2d4851a1d" relativeResultsDirectory="e0e42963-973b-4fa9-83e1-2fe22d92a285" />
    <UnitTestResult executionId="72139c1c-87f9-48cb-a856-88be3af19da9" testId="e998f77e-77b2-7e10-d8db-3813eb8031aa" testName="GetClusters_ThreeInitialItems_ClustersForInitialItems (Data Row 16)" computerName="DKSR-EFI-06" duration="00:00:00.0145681" startTime="2024-01-09T15:47:08.8161554+01:00" endTime="2024-01-09T15:47:09.0037088+01:00" testType="13cdc9d9-ddb5-4fa4-a97d-d965ccfc6d4b" outcome="Passed" testListId="8c84fa94-04c1-424b-9868-57a2d4851a1d" relativeResultsDirectory="72139c1c-87f9-48cb-a856-88be3af19da9" />
    <UnitTestResult executionId="28eeb8e9-3745-40a4-8ae9-e49ed40e06d1" testId="47224733-ad21-5fec-3afd-19ad43870d88" testName="Constructor_ShouldThrowAnException_WhenWorkroomIsNull" computerName="DKSR-EFI-06" duration="00:00:00.0038675" startTime="2024-01-09T15:47:12.0200528+01:00" endTime="2024-01-09T15:47:12.0200528+01:00" testType="13cdc9d9-ddb5-4fa4-a97d-d965ccfc6d4b" outcome="Passed" testListId="8c84fa94-04c1-424b-9868-57a2d4851a1d" relativeResultsDirectory="28eeb8e9-3745-40a4-8ae9-e49ed40e06d1" />
    <UnitTestResult executionId="7d34d169-279c-436e-ae64-8a105928f50c" testId="53f5a1ce-14d4-a418-d0ff-8ef725db7d01" testName="Ctor_WpfMessageBoxButtonIsSetToOkCancel_OnlyOkCancelButtonsVisible" computerName="DKSR-EFI-06" duration="00:00:00.0005691" startTime="2024-01-09T15:47:11.1136016+01:00" endTime="2024-01-09T15:47:11.1136016+01:00" testType="13cdc9d9-ddb5-4fa4-a97d-d965ccfc6d4b" outcome="Passed" testListId="8c84fa94-04c1-424b-9868-57a2d4851a1d" relativeResultsDirectory="7d34d169-279c-436e-ae64-8a105928f50c" />
    <UnitTestResult executionId="5fd35628-fb26-488d-bea5-2b7f1b1d61c2" testId="f1e0caf2-26c1-7e52-0baf-d74ce88aa74e" testName="Unrelated_devices_removed_when_unrelated_camera_added" computerName="DKSR-EFI-06" duration="00:00:00.0025363" startTime="2024-01-09T15:47:18.6774727+01:00" endTime="2024-01-09T15:47:18.6774727+01:00" testType="13cdc9d9-ddb5-4fa4-a97d-d965ccfc6d4b" outcome="Passed" testListId="8c84fa94-04c1-424b-9868-57a2d4851a1d" relativeResultsDirectory="5fd35628-fb26-488d-bea5-2b7f1b1d61c2" />
    <UnitTestResult executionId="64fd7964-004e-47a2-9064-76d32d512030" testId="03da6113-f0cb-2522-1d80-c9d47dcb71a8" testName="CreateGeography_FourCornerBuilding_Crossed_Success" computerName="DKSR-EFI-06" duration="00:00:00.0052279" startTime="2024-01-09T15:47:08.8005307+01:00" endTime="2024-01-09T15:47:08.8005307+01:00" testType="13cdc9d9-ddb5-4fa4-a97d-d965ccfc6d4b" outcome="Passed" testListId="8c84fa94-04c1-424b-9868-57a2d4851a1d" relativeResultsDirectory="64fd7964-004e-47a2-9064-76d32d512030" />
    <UnitTestResult executionId="4e312669-adde-4623-b343-14211651e472" testId="f9180ab0-97a0-1d07-1493-896e111e86f4" testName="TryGetOsmServerTileAddress_ShouldSetEmptyUriAddress_WhenOsmServerAddressIsEmpty" computerName="DKSR-EFI-06" duration="00:00:00.0001936" startTime="2024-01-09T15:47:07.3001149+01:00" endTime="2024-01-09T15:47:07.3001149+01:00" testType="13cdc9d9-ddb5-4fa4-a97d-d965ccfc6d4b" outcome="Passed" testListId="8c84fa94-04c1-424b-9868-57a2d4851a1d" relativeResultsDirectory="4e312669-adde-4623-b343-14211651e472" />
    <UnitTestResult executionId="ac86490f-9994-4380-a695-e85b3d5d1ff4" testId="69a471d5-b0a2-5fd2-ad73-823b3f723b44" testName="ValidateExportFormats_SmartClientPlayerFormat_ShouldValidate" computerName="DKSR-EFI-06" duration="00:00:00.0148839" startTime="2024-01-09T15:45:44.2953592+01:00" endTime="2024-01-09T15:45:44.3109896+01:00" testType="13cdc9d9-ddb5-4fa4-a97d-d965ccfc6d4b" outcome="Passed" testListId="8c84fa94-04c1-424b-9868-57a2d4851a1d" relativeResultsDirectory="ac86490f-9994-4380-a695-e85b3d5d1ff4" />
    <UnitTestResult executionId="bb444d26-0b6d-4165-bfb6-640654ecb78a" testId="1fa1b181-5d22-26ea-7e52-cb77efe3c864" testName="BookmarkSearchTime_WithSearchStringInDifferentCases_ReturnCorrectBookmarkWithSearchStringInDescription (wrong,False,True,False,False,,SeArChStRiNg,0)" computerName="DKSR-EFI-06" duration="00:00:00.0053872" startTime="2024-01-09T15:47:13.0358892+01:00" endTime="2024-01-09T15:47:13.0358892+01:00" testType="13cdc9d9-ddb5-4fa4-a97d-d965ccfc6d4b" outcome="Passed" testListId="8c84fa94-04c1-424b-9868-57a2d4851a1d" relativeResultsDirectory="bb444d26-0b6d-4165-bfb6-640654ecb78a" />
    <UnitTestResult executionId="c9935c85-04ac-494d-b883-606421f53afb" testId="a8fe3325-ab25-7197-00a6-eb64a10d8cb7" testName="LoadSearchTemplate_ActiveToNewActiveSuppressEvent_UpdateAndNoEvent" computerName="DKSR-EFI-06" duration="00:00:00.0006818" startTime="2024-01-09T15:46:43.9976226+01:00" endTime="2024-01-09T15:46:43.9976226+01:00" testType="13cdc9d9-ddb5-4fa4-a97d-d965ccfc6d4b" outcome="Passed" testListId="8c84fa94-04c1-424b-9868-57a2d4851a1d" relativeResultsDirectory="c9935c85-04ac-494d-b883-606421f53afb" />
    <UnitTestResult executionId="550439a0-f4e6-4392-a0b6-8a966f575cb7" testId="e288d304-5f35-f382-d06b-9b0ed9edf0e1" testName="ToSafeName_NullName_Failure" computerName="DKSR-EFI-06" duration="00:00:00.0016210" startTime="2024-01-09T15:47:17.6304474+01:00" endTime="2024-01-09T15:47:17.6304474+01:00" testType="13cdc9d9-ddb5-4fa4-a97d-d965ccfc6d4b" outcome="Passed" testListId="8c84fa94-04c1-424b-9868-57a2d4851a1d" relativeResultsDirectory="550439a0-f4e6-4392-a0b6-8a966f575cb7" />
    <UnitTestResult executionId="4f642df6-3e58-493d-8048-44dad9524896" testId="652e2acd-4b9b-c94b-6cb4-ec087b7c4d43" testName="Both enabled, not forced" computerName="DKSR-EFI-06" duration="00:00:00.0080580" startTime="2024-01-09T15:45:42.7950434+01:00" endTime="2024-01-09T15:45:42.7950434+01:00" testType="13cdc9d9-ddb5-4fa4-a97d-d965ccfc6d4b" outcome="Passed" testListId="8c84fa94-04c1-424b-9868-57a2d4851a1d" relativeResultsDirectory="4f642df6-3e58-493d-8048-44dad9524896" />
    <UnitTestResult executionId="1911ce11-8e05-4c7b-a379-cf5197eed25b" testId="78c19542-007c-6e74-a71b-b102247d98de" testName="CreateSearchTemplateAsync_StateError_Success" computerName="DKSR-EFI-06" duration="00:00:00.0029144" startTime="2024-01-09T15:46:44.1382728+01:00" endTime="2024-01-09T15:46:44.1382728+01:00" testType="13cdc9d9-ddb5-4fa4-a97d-d965ccfc6d4b" outcome="Passed" testListId="8c84fa94-04c1-424b-9868-57a2d4851a1d" relativeResultsDirectory="1911ce11-8e05-4c7b-a379-cf5197eed25b" />
    <UnitTestResult executionId="981df0aa-0268-4273-b455-cebb78ac1769" testId="dfccc8b7-199c-9ea3-3acb-490aa9ca096b" testName="AddGetConfigurationMicrophoneTest" computerName="DKSR-EFI-06" duration="00:00:00.0034494" startTime="2024-01-09T15:45:20.3419091+01:00" endTime="2024-01-09T15:45:20.3419091+01:00" testType="13cdc9d9-ddb5-4fa4-a97d-d965ccfc6d4b" outcome="Passed" testListId="8c84fa94-04c1-424b-9868-57a2d4851a1d" relativeResultsDirectory="981df0aa-0268-4273-b455-cebb78ac1769" />
    <UnitTestResult executionId="a58e0a39-548f-4f2e-a9a0-649788445542" testId="4556e3ff-7a50-1b95-c5b1-f10c7d15ff66" testName="FindSearchTemplatesAsync_ValidParameters_Success" computerName="DKSR-EFI-06" duration="00:00:00.0079720" startTime="2024-01-09T15:46:44.3414355+01:00" endTime="2024-01-09T15:46:44.3414355+01:00" testType="13cdc9d9-ddb5-4fa4-a97d-d965ccfc6d4b" outcome="Passed" testListId="8c84fa94-04c1-424b-9868-57a2d4851a1d" relativeResultsDirectory="a58e0a39-548f-4f2e-a9a0-649788445542" />
    <UnitTestResult executionId="3fc6bcd8-1e17-4e66-8483-b0dada32810c" testId="08b3ace1-45f6-6e1d-2bc1-52f8ecd0e63e" testName="SupportsDoubleClick_ShouldBeFalse_WhenInteractionStateIsNormalAndNotInSetupMode" computerName="DKSR-EFI-06" duration="00:00:00.0347259" startTime="2024-01-09T15:45:34.7325451+01:00" endTime="2024-01-09T15:45:34.7637936+01:00" testType="13cdc9d9-ddb5-4fa4-a97d-d965ccfc6d4b" outcome="Passed" testListId="8c84fa94-04c1-424b-9868-57a2d4851a1d" relativeResultsDirectory="3fc6bcd8-1e17-4e66-8483-b0dada32810c" />
    <UnitTestResult executionId="63485cae-212c-457d-b89f-a4839d1e7a90" testId="b0824442-ef79-c269-aac7-84f27339359e" testName="Valid password exact length" computerName="DKSR-EFI-06" duration="00:00:00.0002335" startTime="2024-01-09T15:45:44.4516579+01:00" endTime="2024-01-09T15:45:44.4516579+01:00" testType="13cdc9d9-ddb5-4fa4-a97d-d965ccfc6d4b" outcome="Passed" testListId="8c84fa94-04c1-424b-9868-57a2d4851a1d" relativeResultsDirectory="63485cae-212c-457d-b89f-a4839d1e7a90" />
    <UnitTestResult executionId="d2d514f8-6c04-4606-bb31-7df93db4e9ef" testId="efcae59c-c765-a30f-3362-183bf9168666" testName="Ctor_OneBuiltInIncompleteGroupDefined_NoCompositeAgentsAdded" computerName="DKSR-EFI-06" duration="00:00:00.0012707" startTime="2024-01-09T15:46:59.6576484+01:00" endTime="2024-01-09T15:46:59.6576484+01:00" testType="13cdc9d9-ddb5-4fa4-a97d-d965ccfc6d4b" outcome="Passed" testListId="8c84fa94-04c1-424b-9868-57a2d4851a1d" relativeResultsDirectory="d2d514f8-6c04-4606-bb31-7df93db4e9ef" />
    <UnitTestResult executionId="9c616b20-fa13-4e39-861c-7fd85cdd994f" testId="a8d5f143-40e9-2f91-37a6-26e5ad4ff867" testName="ListenToMicrophone_ShouldBeCalled_WhenMicrophoneStateChangesToUnmuted" computerName="DKSR-EFI-06" duration="00:00:00.0088169" startTime="2024-01-09T15:47:02.9550057+01:00" endTime="2024-01-09T15:47:02.9706309+01:00" testType="13cdc9d9-ddb5-4fa4-a97d-d965ccfc6d4b" outcome="Passed" testListId="8c84fa94-04c1-424b-9868-57a2d4851a1d" relativeResultsDirectory="9c616b20-fa13-4e39-861c-7fd85cdd994f" />
    <UnitTestResult executionId="50940375-ae6c-4641-be17-93b13ff3d8c2" testId="91badbed-8323-8970-07a3-e3c2481d7a72" testName="Deserialize_ToTimeOnly_Success" computerName="DKSR-EFI-06" duration="00:00:00.0008692" startTime="2024-01-09T15:46:45.5760153+01:00" endTime="2024-01-09T15:46:45.5760153+01:00" testType="13cdc9d9-ddb5-4fa4-a97d-d965ccfc6d4b" outcome="Passed" testListId="8c84fa94-04c1-424b-9868-57a2d4851a1d" relativeResultsDirectory="50940375-ae6c-4641-be17-93b13ff3d8c2" />
    <UnitTestResult executionId="60d1233b-c5e1-4c92-97ab-8bf35fb00ace" testId="a4ec8e4b-30aa-49df-138f-1971a7f8ca38" testName="ToUnsafeName_NullString_Success" computerName="DKSR-EFI-06" duration="00:00:00.0001084" startTime="2024-01-09T15:47:17.6616992+01:00" endTime="2024-01-09T15:47:17.6616992+01:00" testType="13cdc9d9-ddb5-4fa4-a97d-d965ccfc6d4b" outcome="Passed" testListId="8c84fa94-04c1-424b-9868-57a2d4851a1d" relativeResultsDirectory="60d1233b-c5e1-4c92-97ab-8bf35fb00ace" />
    <UnitTestResult executionId="61b3ee2e-5b20-4ff9-932f-4dfac057e941" testId="91a78aeb-428a-f6ff-e2d1-52651e1feb62" testName="CopyPasteInternalClipBoardTest" computerName="DKSR-EFI-06" duration="00:00:00.0004187" startTime="2024-01-09T15:47:15.5519816+01:00" endTime="2024-01-09T15:47:15.5519816+01:00" testType="13cdc9d9-ddb5-4fa4-a97d-d965ccfc6d4b" outcome="Passed" testListId="8c84fa94-04c1-424b-9868-57a2d4851a1d" relativeResultsDirectory="61b3ee2e-5b20-4ff9-932f-4dfac057e941" />
    <UnitTestResult executionId="70bcd5c7-ea52-40ed-b269-212e6b3cd7cf" testId="beb419e5-5bec-3550-745e-1f14592b96f7" testName="AddApiKey_WhereApiKeyValid_ReturnsGoogleMapsUrl" computerName="DKSR-EFI-06" duration="00:00:00.0002058" startTime="2024-01-09T15:45:30.9669168+01:00" endTime="2024-01-09T15:45:30.9669168+01:00" testType="13cdc9d9-ddb5-4fa4-a97d-d965ccfc6d4b" outcome="Passed" testListId="8c84fa94-04c1-424b-9868-57a2d4851a1d" relativeResultsDirectory="70bcd5c7-ea52-40ed-b269-212e6b3cd7cf" />
    <UnitTestResult executionId="1da2ebc7-c651-42f4-bfff-9d04ea5c8acb" testId="90f79a7f-93e8-4862-4be1-6691fb292404" testName="AndOrSearchDefinitionToCornerRadiusMultiConverter_CallConvert_SingleAnd" computerName="DKSR-EFI-06" duration="00:00:00.0009929" startTime="2024-01-09T15:46:14.2242446+01:00" endTime="2024-01-09T15:46:14.2242446+01:00" testType="13cdc9d9-ddb5-4fa4-a97d-d965ccfc6d4b" outcome="Passed" testListId="8c84fa94-04c1-424b-9868-57a2d4851a1d" relativeResultsDirectory="1da2ebc7-c651-42f4-bfff-9d04ea5c8acb" />
    <UnitTestResult executionId="85fea78f-c36b-4fa6-9d7f-3d729926ad24" testId="830bf89f-dfc4-5715-2ff6-ae54ad42b242" testName="IsDeviceSupported_ShouldReturnTrue_WhenInputKind" computerName="DKSR-EFI-06" duration="00:00:00.0003236" startTime="2024-01-09T15:45:42.0450451+01:00" endTime="2024-01-09T15:45:42.0450451+01:00" testType="13cdc9d9-ddb5-4fa4-a97d-d965ccfc6d4b" outcome="Passed" testListId="8c84fa94-04c1-424b-9868-57a2d4851a1d" relativeResultsDirectory="85fea78f-c36b-4fa6-9d7f-3d729926ad24" />
    <UnitTestResult executionId="f3d7ee5f-2de1-470b-9cb4-94ddbad9b068" testId="aad7f35a-646d-e848-06d9-3817cba16168" testName="PopulateTooltip_FewResultsFromManyCameras12Hours_ValidText" computerName="DKSR-EFI-06" duration="00:00:00.1804102" startTime="2024-01-09T15:46:27.4154295+01:00" endTime="2024-01-09T15:46:27.6029078+01:00" testType="13cdc9d9-ddb5-4fa4-a97d-d965ccfc6d4b" outcome="Passed" testListId="8c84fa94-04c1-424b-9868-57a2d4851a1d" relativeResultsDirectory="f3d7ee5f-2de1-470b-9cb4-94ddbad9b068" />
    <UnitTestResult executionId="08fdcf22-726b-47a9-8c9b-f47c80b0763f" testId="88368492-ab90-c1cc-ed53-9c30bffbee67" testName="DeleteSearchTemplateAsync_ThrowException_Success" computerName="DKSR-EFI-06" duration="00:00:00.0068231" startTime="2024-01-09T15:46:44.2945507+01:00" endTime="2024-01-09T15:46:44.2945507+01:00" testType="13cdc9d9-ddb5-4fa4-a97d-d965ccfc6d4b" outcome="Passed" testListId="8c84fa94-04c1-424b-9868-57a2d4851a1d" relativeResultsDirectory="08fdcf22-726b-47a9-8c9b-f47c80b0763f" />
    <UnitTestResult executionId="b44311ce-4c2d-4f86-80eb-a8380d0d097e" testId="973652a4-37ac-8c5a-9df8-ff32f79b8968" testName="DisplayErrorOnNotificationArea_InvalidAttributeSearchError_Success" computerName="DKSR-EFI-06" duration="00:00:00.0213021" startTime="2024-01-09T15:46:38.2776426+01:00" endTime="2024-01-09T15:46:38.2932689+01:00" testType="13cdc9d9-ddb5-4fa4-a97d-d965ccfc6d4b" outcome="Passed" testListId="8c84fa94-04c1-424b-9868-57a2d4851a1d" relativeResultsDirectory="b44311ce-4c2d-4f86-80eb-a8380d0d097e" />
    <UnitTestResult executionId="41d3c799-5c54-442c-88e7-e2c0f51884d3" testId="b9339d47-1b08-2f87-b4ed-bf554f7069bd" testName="TestForAssemblyCoverage" computerName="DKSR-EFI-06" duration="00:00:00.1149554" startTime="2024-01-09T15:45:22.0919111+01:00" endTime="2024-01-09T15:45:22.2169125+01:00" testType="13cdc9d9-ddb5-4fa4-a97d-d965ccfc6d4b" outcome="Passed" testListId="8c84fa94-04c1-424b-9868-57a2d4851a1d" relativeResultsDirectory="41d3c799-5c54-442c-88e7-e2c0f51884d3" />
    <UnitTestResult executionId="16df7354-7615-4429-aff9-ef3ec0e2e788" testId="1b215d44-dc60-3855-41b7-391caaf25646" testName="PatrollingProfileViewModelTest_Save_UpdateProfile" computerName="DKSR-EFI-06" duration="00:00:00.0042776" startTime="2024-01-09T15:47:09.5819894+01:00" endTime="2024-01-09T15:47:09.5819894+01:00" testType="13cdc9d9-ddb5-4fa4-a97d-d965ccfc6d4b" outcome="Passed" testListId="8c84fa94-04c1-424b-9868-57a2d4851a1d" relativeResultsDirectory="16df7354-7615-4429-aff9-ef3ec0e2e788" />
    <UnitTestResult executionId="bc0d8582-adf4-4b1e-bed7-06bfa639d0e0" testId="b9c24147-fbc0-a069-bdd6-759f76e4ceca" testName="GisMapModel_AddBuilding_Success" computerName="DKSR-EFI-06" duration="00:00:00.1230251" startTime="2024-01-09T15:47:01.5485493+01:00" endTime="2024-01-09T15:47:01.6735685+01:00" testType="13cdc9d9-ddb5-4fa4-a97d-d965ccfc6d4b" outcome="Passed" testListId="8c84fa94-04c1-424b-9868-57a2d4851a1d" relativeResultsDirectory="bc0d8582-adf4-4b1e-bed7-06bfa639d0e0">
      <Output>
        <StdOut>Debug Trace:&#xD;
 &gt;&gt;&gt; ERROR: System.NotImplementedException: The method or operation is not implemented.&#xD;
   at VideoOS.RemoteClient.GisMapData.Repositories.Test.BuildingsDataTestClient.GetLevelsByBuildingAsync(GetLevelsByBuildingParams parameters) in D:\actions-runner\_work\XPCO\XPCO\SC\Components\dotNet\VideoOS.RemoteClient.GisMapData\Repositories\Test\BuildingsDataTestClient.cs:line 142&#xD;
   at VideoOS.RemoteClient.GisMapData.MapBuildings.MapBuilding.&lt;LoadLevelsAsync&gt;d__103.MoveNext() in D:\actions-runner\_work\XPCO\XPCO\SC\Components\dotNet\VideoOS.RemoteClient.GisMapData\MapBuildings\MapBuilding.cs:line 444&#xD;
 &gt;&gt;&gt; Stack:    at VideoOS.RemoteClient.GisMapData.Repositories.Test.BuildingsDataTestClient.GetLevelsByBuildingAsync(GetLevelsByBuildingParams parameters) in D:\actions-runner\_work\XPCO\XPCO\SC\Components\dotNet\VideoOS.RemoteClient.GisMapData\Repositories\Test\BuildingsDataTestClient.cs:line 142&#xD;    at VideoOS.RemoteClient.GisMapData.MapBuildings.MapBuilding.&lt;LoadLevelsAsync&gt;d__103.MoveNext() in D:\actions-runner\_work\XPCO\XPCO\SC\Components\dotNet\VideoOS.RemoteClient.GisMapData\MapBuildings\MapBuilding.cs:line 444</StdOut>
      </Output>
    </UnitTestResult>
    <UnitTestResult executionId="248f6fe2-ebd4-45ac-9bef-93dc4a7e43de" testId="7a5350b3-34d1-bd37-e8d8-d06d15c440d2" testName="ConvertToValidPath_WhenAllowDirectories_ConvertToValidPath" computerName="DKSR-EFI-06" duration="00:00:00.0006995" startTime="2024-01-09T15:47:17.3804136+01:00" endTime="2024-01-09T15:47:17.3804136+01:00" testType="13cdc9d9-ddb5-4fa4-a97d-d965ccfc6d4b" outcome="Passed" testListId="8c84fa94-04c1-424b-9868-57a2d4851a1d" relativeResultsDirectory="248f6fe2-ebd4-45ac-9bef-93dc4a7e43de" />
    <UnitTestResult executionId="61e6a536-a039-4c71-a4b6-a4f2c5316bc9" testId="44e92960-87da-bcfa-c839-b0dd09a9d8ba" testName="SearchFilterCategoryGet_OneSearchAgent_FiltersMatch" computerName="DKSR-EFI-06" duration="00:00:00.0342415" startTime="2024-01-09T15:46:59.3763497+01:00" endTime="2024-01-09T15:46:59.4076068+01:00" testType="13cdc9d9-ddb5-4fa4-a97d-d965ccfc6d4b" outcome="Passed" testListId="8c84fa94-04c1-424b-9868-57a2d4851a1d" relativeResultsDirectory="61e6a536-a039-4c71-a4b6-a4f2c5316bc9" />
    <UnitTestResult executionId="9104006d-2d4d-4a1e-8e39-fa494acfea36" testId="bd1c2cab-1265-633f-739a-62f24eef82f7" testName="CreateSearchDefinition_FactoryInvokedWithCorrectParameters" computerName="DKSR-EFI-06" duration="00:00:00.0167868" startTime="2024-01-09T15:46:59.4232317+01:00" endTime="2024-01-09T15:46:59.4388611+01:00" testType="13cdc9d9-ddb5-4fa4-a97d-d965ccfc6d4b" outcome="Passed" testListId="8c84fa94-04c1-424b-9868-57a2d4851a1d" relativeResultsDirectory="9104006d-2d4d-4a1e-8e39-fa494acfea36" />
    <UnitTestResult executionId="42e8782e-b62e-44b4-866b-323532ec6bcc" testId="b228f7b3-2a35-5ed1-38ba-c95d5b6752e4" testName="FocusedSearchResultChanged_CameraOnMap_CameraMapLevelFeaturesSavedAndRestored" computerName="DKSR-EFI-06" duration="00:00:00.0173829" startTime="2024-01-09T15:46:31.2910239+01:00" endTime="2024-01-09T15:46:31.3066535+01:00" testType="13cdc9d9-ddb5-4fa4-a97d-d965ccfc6d4b" outcome="Passed" testListId="8c84fa94-04c1-424b-9868-57a2d4851a1d" relativeResultsDirectory="42e8782e-b62e-44b4-866b-323532ec6bcc" />
    <UnitTestResult executionId="0f087c0f-ef90-4cc3-9966-8068c0b7883e" testId="bfbae833-a487-affd-e910-685bd64afc57" testName="OnLayersRetrieved_ShouldSetComponentsToCameraAndInput_WhenLayersCollectionContainsCameraAndInputAndOutput" computerName="DKSR-EFI-06" duration="00:00:00.1411668" startTime="2024-01-09T15:45:28.4825982+01:00" endTime="2024-01-09T15:45:28.6231681+01:00" testType="13cdc9d9-ddb5-4fa4-a97d-d965ccfc6d4b" outcome="Passed" testListId="8c84fa94-04c1-424b-9868-57a2d4851a1d" relativeResultsDirectory="0f087c0f-ef90-4cc3-9966-8068c0b7883e" />
    <UnitTestResult executionId="04f2e359-3277-41dc-8297-208b314a9fdf" testId="194c53c7-91a0-a39c-19f4-75d99e8bf5f1" testName="GetGuidProviderStrategyByEventServerId_ShouldRaiseArgumentOutOfRangeException_WhenEventServerIdsHasNotBeenInjectedAtTheConstructor" computerName="DKSR-EFI-06" duration="00:00:00.0009293" startTime="2024-01-09T15:47:19.3025580+01:00" endTime="2024-01-09T15:47:19.3025580+01:00" testType="13cdc9d9-ddb5-4fa4-a97d-d965ccfc6d4b" outcome="Passed" testListId="8c84fa94-04c1-424b-9868-57a2d4851a1d" relativeResultsDirectory="04f2e359-3277-41dc-8297-208b314a9fdf" />
    <UnitTestResult executionId="c5342aa9-9462-4428-815b-cc18f69a7e0a" testId="6242ad29-7e7c-5410-ba44-fa393248cc06" testName="NewSearchSelectedEvent_SomeCategoriesSelected_Success" computerName="DKSR-EFI-06" duration="00:00:00.0336397" startTime="2024-01-09T15:46:34.1045488+01:00" endTime="2024-01-09T15:46:34.1514443+01:00" testType="13cdc9d9-ddb5-4fa4-a97d-d965ccfc6d4b" outcome="Passed" testListId="8c84fa94-04c1-424b-9868-57a2d4851a1d" relativeResultsDirectory="c5342aa9-9462-4428-815b-cc18f69a7e0a" />
    <UnitTestResult executionId="62297037-c700-4631-a7c1-2f6fe75bdb35" testId="74b99f6c-f52d-e611-9fc2-7e56383e4299" testName="Parse_Custom_Success" computerName="DKSR-EFI-06" duration="00:00:00.0000983" startTime="2024-01-09T15:46:44.3883220+01:00" endTime="2024-01-09T15:46:44.3883220+01:00" testType="13cdc9d9-ddb5-4fa4-a97d-d965ccfc6d4b" outcome="Passed" testListId="8c84fa94-04c1-424b-9868-57a2d4851a1d" relativeResultsDirectory="62297037-c700-4631-a7c1-2f6fe75bdb35" />
    <UnitTestResult executionId="c68467db-c2d3-49ed-b1f9-f6e99bd25092" testId="9f407d44-4f3f-f1b2-0cc2-8c4bc65e5f39" testName="ScrollIntoView_Synchronous_DefinitionViewAboveOutOfViewPort_Scrolled" computerName="DKSR-EFI-06" duration="00:00:00.0990025" startTime="2024-01-09T15:45:45.8583381+01:00" endTime="2024-01-09T15:45:45.9521206+01:00" testType="13cdc9d9-ddb5-4fa4-a97d-d965ccfc6d4b" outcome="Passed" testListId="8c84fa94-04c1-424b-9868-57a2d4851a1d" relativeResultsDirectory="c68467db-c2d3-49ed-b1f9-f6e99bd25092" />
    <UnitTestResult executionId="ed81ce47-c8fa-47b0-8828-513eebcbf3e2" testId="0ff0e9cd-64a6-a486-b25c-40dba615fd2d" testName="Close_ShouldCallDetach_WhenCalled" computerName="DKSR-EFI-06" duration="00:00:00.0170709" startTime="2024-01-09T15:45:26.5762879+01:00" endTime="2024-01-09T15:45:26.5919147+01:00" testType="13cdc9d9-ddb5-4fa4-a97d-d965ccfc6d4b" outcome="Passed" testListId="8c84fa94-04c1-424b-9868-57a2d4851a1d" relativeResultsDirectory="ed81ce47-c8fa-47b0-8828-513eebcbf3e2" />
    <UnitTestResult executionId="a5086e5f-345b-4ae9-a677-10d356fd7277" testId="1991c578-2343-4df2-6af1-b0db3a798f44" testName="State_ShouldBeMuted_WhenMicrophoneIsDisabled" computerName="DKSR-EFI-06" duration="00:00:00.0094782" startTime="2024-01-09T15:47:05.9872122+01:00" endTime="2024-01-09T15:47:06.0028451+01:00" testType="13cdc9d9-ddb5-4fa4-a97d-d965ccfc6d4b" outcome="Passed" testListId="8c84fa94-04c1-424b-9868-57a2d4851a1d" relativeResultsDirectory="a5086e5f-345b-4ae9-a677-10d356fd7277" />
    <UnitTestResult executionId="c5e8b3e1-57cf-4987-b7be-60d3d1989124" testId="99a87674-ee88-dca5-48a5-598cbe7cb43b" testName="Search_TokenCancelled_SearchCallNotDelegatedToSearchManager" computerName="DKSR-EFI-06" duration="00:00:00.0092299" startTime="2024-01-09T15:46:59.4701085+01:00" endTime="2024-01-09T15:46:59.4701085+01:00" testType="13cdc9d9-ddb5-4fa4-a97d-d965ccfc6d4b" outcome="Passed" testListId="8c84fa94-04c1-424b-9868-57a2d4851a1d" relativeResultsDirectory="c5e8b3e1-57cf-4987-b7be-60d3d1989124" />
    <UnitTestResult executionId="9910772d-d41d-46d5-ac41-338ad076e99c" testId="3013af1b-1881-534b-ca91-63b1a27651d6" testName="SearchCriteria_AddAndRemoveFilterValues_SearchAttributesCorrect" computerName="DKSR-EFI-06" duration="00:00:00.0041343" startTime="2024-01-09T15:46:34.4796747+01:00" endTime="2024-01-09T15:46:34.4796747+01:00" testType="13cdc9d9-ddb5-4fa4-a97d-d965ccfc6d4b" outcome="Passed" testListId="8c84fa94-04c1-424b-9868-57a2d4851a1d" relativeResultsDirectory="9910772d-d41d-46d5-ac41-338ad076e99c" />
    <UnitTestResult executionId="e7defc2e-2cac-49b9-b862-7bd0cb409f4a" testId="d3a153fd-0e88-372e-ad4d-024de9ccde9a" testName="Constructor_ShouldRaiseArgumentNullException_WhenControllerManagerIsNull" computerName="DKSR-EFI-06" duration="00:00:00.0123157" startTime="2024-01-09T15:47:02.9393833+01:00" endTime="2024-01-09T15:47:02.9550057+01:00" testType="13cdc9d9-ddb5-4fa4-a97d-d965ccfc6d4b" outcome="Passed" testListId="8c84fa94-04c1-424b-9868-57a2d4851a1d" relativeResultsDirectory="e7defc2e-2cac-49b9-b862-7bd0cb409f4a" />
    <UnitTestResult executionId="28fe088f-bae6-4330-93d0-072d9e2e58a7" testId="f56230b0-cb3e-b433-0b22-beaca6317724" testName="SearchResultsActionBarActions_Export_OptionFormatAvailable_OtherExportOptionsUnavailable_NotVisible" computerName="DKSR-EFI-06" duration="00:00:00.0116605" startTime="2024-01-09T15:46:35.3080533+01:00" endTime="2024-01-09T15:46:35.3236806+01:00" testType="13cdc9d9-ddb5-4fa4-a97d-d965ccfc6d4b" outcome="Passed" testListId="8c84fa94-04c1-424b-9868-57a2d4851a1d" relativeResultsDirectory="28fe088f-bae6-4330-93d0-072d9e2e58a7" />
    <UnitTestResult executionId="f4f0307b-3c4e-47c4-8201-c0ff63558bc2" testId="72a98ab7-40b5-c78d-22d4-3cffe98aa29f" testName="Deserialize_FilterIdMissing_Error" computerName="DKSR-EFI-06" duration="00:00:00.0017672" startTime="2024-01-09T15:46:45.5447586+01:00" endTime="2024-01-09T15:46:45.5447586+01:00" testType="13cdc9d9-ddb5-4fa4-a97d-d965ccfc6d4b" outcome="Passed" testListId="8c84fa94-04c1-424b-9868-57a2d4851a1d" relativeResultsDirectory="f4f0307b-3c4e-47c4-8201-c0ff63558bc2" />
    <UnitTestResult executionId="4adbff2c-8e8b-4eda-8d15-7a9ae715681d" testId="6ee9d76c-102e-6b0c-a05d-d3b2cd96bee2" testName="ToMipSearchResultData_ShouldIncludeCorrectBoundingShapesFromAllSubResults" computerName="DKSR-EFI-06" duration="00:00:00.0197789" startTime="2024-01-09T15:46:45.3103541+01:00" endTime="2024-01-09T15:46:45.3416047+01:00" testType="13cdc9d9-ddb5-4fa4-a97d-d965ccfc6d4b" outcome="Passed" testListId="8c84fa94-04c1-424b-9868-57a2d4851a1d" relativeResultsDirectory="4adbff2c-8e8b-4eda-8d15-7a9ae715681d" />
    <UnitTestResult executionId="dadc9067-54ec-4703-9a43-29ba59bbe494" testId="5f330a2c-7575-4b82-cdc2-dae925c0e744" testName="MilestoneOemResourcesTest" computerName="DKSR-EFI-06" duration="00:00:01.0105684" startTime="2024-01-09T15:47:15.5519816+01:00" endTime="2024-01-09T15:47:16.5677787+01:00" testType="13cdc9d9-ddb5-4fa4-a97d-d965ccfc6d4b" outcome="Passed" testListId="8c84fa94-04c1-424b-9868-57a2d4851a1d" relativeResultsDirectory="dadc9067-54ec-4703-9a43-29ba59bbe494" />
    <UnitTestResult executionId="936b1351-a88d-44ee-8c08-1ed32ddfb31b" testId="b1732416-dfe0-9e87-af0e-b787555e9f9f" testName="SearchResultsActionBarActions_Export_InvokeCommand_Success" computerName="DKSR-EFI-06" duration="00:00:00.0348628" startTime="2024-01-09T15:46:35.3549519+01:00" endTime="2024-01-09T15:46:35.3862656+01:00" testType="13cdc9d9-ddb5-4fa4-a97d-d965ccfc6d4b" outcome="Passed" testListId="8c84fa94-04c1-424b-9868-57a2d4851a1d" relativeResultsDirectory="936b1351-a88d-44ee-8c08-1ed32ddfb31b" />
    <UnitTestResult executionId="2ca9107a-35ce-415b-968a-5e21caf276f3" testId="66fabd13-f03e-562d-f4ae-a70f6ebf368b" testName="InputMapItem_ForceActivateAsync_InBuilding_Success" computerName="DKSR-EFI-06" duration="00:00:00.2350073" startTime="2024-01-09T15:47:06.2060297+01:00" endTime="2024-01-09T15:47:06.4404851+01:00" testType="13cdc9d9-ddb5-4fa4-a97d-d965ccfc6d4b" outcome="Passed" testListId="8c84fa94-04c1-424b-9868-57a2d4851a1d" relativeResultsDirectory="2ca9107a-35ce-415b-968a-5e21caf276f3" />
    <UnitTestResult executionId="078dc11f-d10e-4eb7-bbd3-f3dd5cf85f3f" testId="b998ca9d-3c07-a9b0-e337-f1f0a1809e45" testName="ResolveSearchDefinitions_ShouldReturnResultSearchDefinitionInCorrectOrder_WhenCombinedSearchResultWithMultipleSubResultAndSearchDefinitionsContainingCorrectSearchDefinitionsAreGiven" computerName="DKSR-EFI-06" duration="00:00:00.0028278" startTime="2024-01-09T15:46:43.9351174+01:00" endTime="2024-01-09T15:46:43.9351174+01:00" testType="13cdc9d9-ddb5-4fa4-a97d-d965ccfc6d4b" outcome="Passed" testListId="8c84fa94-04c1-424b-9868-57a2d4851a1d" relativeResultsDirectory="078dc11f-d10e-4eb7-bbd3-f3dd5cf85f3f" />
    <UnitTestResult executionId="96802adb-17e4-4bbf-814f-844783a9665e" testId="30772405-8178-0ea1-63c6-a4f72d01f565" testName="Ctor_NullScreen_ThrowsException" computerName="DKSR-EFI-06" duration="00:00:00.0020976" startTime="2024-01-09T15:47:09.7226477+01:00" endTime="2024-01-09T15:47:09.7226477+01:00" testType="13cdc9d9-ddb5-4fa4-a97d-d965ccfc6d4b" outcome="Passed" testListId="8c84fa94-04c1-424b-9868-57a2d4851a1d" relativeResultsDirectory="96802adb-17e4-4bbf-814f-844783a9665e" />
    <UnitTestResult executionId="1ef02527-7c18-4093-87e4-0c7f4705c6cb" testId="c5f981d9-37f1-54c9-b862-4fbb2d02666f" testName="CalculateNewExtent_ShouldLimitExtent_WhenBeyondMax" computerName="DKSR-EFI-06" duration="00:00:00.0007843" startTime="2024-01-09T15:45:39.3887943+01:00" endTime="2024-01-09T15:45:39.3887943+01:00" testType="13cdc9d9-ddb5-4fa4-a97d-d965ccfc6d4b" outcome="Passed" testListId="8c84fa94-04c1-424b-9868-57a2d4851a1d" relativeResultsDirectory="1ef02527-7c18-4093-87e4-0c7f4705c6cb" />
    <UnitTestResult executionId="4613fba5-b61e-4799-957b-6bcf4fc74447" testId="0049d7ff-34d0-b659-c849-7e7744f6d7ff" testName="Convert_ShouldSetWrapAndReturnTextBlock_WhenValueIsVideoOSTextBlock" computerName="DKSR-EFI-06" duration="00:00:00.0365644" startTime="2024-01-09T15:45:20.4044087+01:00" endTime="2024-01-09T15:45:20.4356586+01:00" testType="13cdc9d9-ddb5-4fa4-a97d-d965ccfc6d4b" outcome="Passed" testListId="8c84fa94-04c1-424b-9868-57a2d4851a1d" relativeResultsDirectory="4613fba5-b61e-4799-957b-6bcf4fc74447" />
    <UnitTestResult executionId="18bab55e-166c-4b1c-a287-ea2749f37f6a" testId="e9e0e7d6-a421-cf24-61f6-b52746752039" testName="GetClusters_NotInitialized_NoClusters" computerName="DKSR-EFI-06" duration="00:00:00.0084950" startTime="2024-01-09T15:47:08.8005307+01:00" endTime="2024-01-09T15:47:08.8161554+01:00" testType="13cdc9d9-ddb5-4fa4-a97d-d965ccfc6d4b" outcome="Passed" testListId="8c84fa94-04c1-424b-9868-57a2d4851a1d" relativeResultsDirectory="18bab55e-166c-4b1c-a287-ea2749f37f6a" />
    <UnitTestResult executionId="67d1aab9-970e-4ccf-b2ce-700f79829052" testId="e975a99c-1f61-f6af-a603-7683bb9bab62" testName="DateToStringConverter_Convert_InvalidParameter_ReturnUnsetValue" computerName="DKSR-EFI-06" duration="00:00:00.0007171" startTime="2024-01-09T15:46:14.2555009+01:00" endTime="2024-01-09T15:46:14.2555009+01:00" testType="13cdc9d9-ddb5-4fa4-a97d-d965ccfc6d4b" outcome="Passed" testListId="8c84fa94-04c1-424b-9868-57a2d4851a1d" relativeResultsDirectory="67d1aab9-970e-4ccf-b2ce-700f79829052" />
    <UnitTestResult executionId="445b9aac-b6f8-4260-a5a5-5464b87f5de1" testId="2a167ce1-2e85-c399-ed2a-4777d927b987" testName="AddSelectedWindowsToExport_ShouldShowCorrectToastMessages (5,5,0)" computerName="DKSR-EFI-06" duration="00:00:00.0053639" startTime="2024-01-09T15:47:11.8481416+01:00" endTime="2024-01-09T15:47:11.8481416+01:00" testType="13cdc9d9-ddb5-4fa4-a97d-d965ccfc6d4b" outcome="Passed" testListId="8c84fa94-04c1-424b-9868-57a2d4851a1d" relativeResultsDirectory="445b9aac-b6f8-4260-a5a5-5464b87f5de1" />
    <UnitTestResult executionId="55e57454-448c-4447-99c2-29ec6bf1995b" testId="9dcc893b-d6ef-d5e3-81ca-720cad492687" testName="LoadInitialState_ValidStateInStateManage_ReturnsStateFromStateManager" computerName="DKSR-EFI-06" duration="00:00:00.0021356" startTime="2024-01-09T15:45:44.8267763+01:00" endTime="2024-01-09T15:45:44.8267763+01:00" testType="13cdc9d9-ddb5-4fa4-a97d-d965ccfc6d4b" outcome="Passed" testListId="8c84fa94-04c1-424b-9868-57a2d4851a1d" relativeResultsDirectory="55e57454-448c-4447-99c2-29ec6bf1995b" />
    <UnitTestResult executionId="1e13dce8-8153-4e2b-ae74-e6b43a70ff06" testId="75ab4f71-3b38-2c11-9aa3-99e6e265b21d" testName="Compare_Ascending_Success" computerName="DKSR-EFI-06" duration="00:00:00.0051180" startTime="2024-01-09T15:46:45.4197375+01:00" endTime="2024-01-09T15:46:45.4197375+01:00" testType="13cdc9d9-ddb5-4fa4-a97d-d965ccfc6d4b" outcome="Passed" testListId="8c84fa94-04c1-424b-9868-57a2d4851a1d" relativeResultsDirectory="1e13dce8-8153-4e2b-ae74-e6b43a70ff06" />
    <UnitTestResult executionId="2a17186a-4315-453f-8f44-dfc795120196" testId="85a2369e-6316-dbc2-97b3-7104e8e43977" testName="ToMipSearchResultData_ShouldIncludeCommonProperties" computerName="DKSR-EFI-06" duration="00:00:00.0040628" startTime="2024-01-09T15:46:45.2790842+01:00" endTime="2024-01-09T15:46:45.2947253+01:00" testType="13cdc9d9-ddb5-4fa4-a97d-d965ccfc6d4b" outcome="Passed" testListId="8c84fa94-04c1-424b-9868-57a2d4851a1d" relativeResultsDirectory="2a17186a-4315-453f-8f44-dfc795120196" />
    <UnitTestResult executionId="48ff43f9-06f0-4fb6-a1cc-65b5ebe479e8" testId="24e7c2bb-215e-6687-9176-48e72f6cf85e" testName="ApplyStatesFromUi_ValidState_StateUpdated" computerName="DKSR-EFI-06" duration="00:00:01.2566882" startTime="2024-01-09T15:46:04.2064286+01:00" endTime="2024-01-09T15:46:05.4567833+01:00" testType="13cdc9d9-ddb5-4fa4-a97d-d965ccfc6d4b" outcome="Passed" testListId="8c84fa94-04c1-424b-9868-57a2d4851a1d" relativeResultsDirectory="48ff43f9-06f0-4fb6-a1cc-65b5ebe479e8" />
    <UnitTestResult executionId="f76fd51d-d31a-409a-bb1e-dd978f248e37" testId="9b9f5855-551c-70f8-1e00-64a607e6089e" testName="GetSearchTemplateAsync_ThrowCommunicationMIPException_Success" computerName="DKSR-EFI-06" duration="00:00:00.0018825" startTime="2024-01-09T15:46:44.3258117+01:00" endTime="2024-01-09T15:46:44.3258117+01:00" testType="13cdc9d9-ddb5-4fa4-a97d-d965ccfc6d4b" outcome="Passed" testListId="8c84fa94-04c1-424b-9868-57a2d4851a1d" relativeResultsDirectory="f76fd51d-d31a-409a-bb1e-dd978f248e37" />
    <UnitTestResult executionId="c7733d69-89df-4656-879f-4569f543064b" testId="6cd2234b-585d-b823-54fb-25eb6199902f" testName="PointMapItem_Load_Microphone_Success" computerName="DKSR-EFI-06" duration="00:00:00.0679129" startTime="2024-01-09T15:47:05.7840255+01:00" endTime="2024-01-09T15:47:05.8465427+01:00" testType="13cdc9d9-ddb5-4fa4-a97d-d965ccfc6d4b" outcome="Passed" testListId="8c84fa94-04c1-424b-9868-57a2d4851a1d" relativeResultsDirectory="c7733d69-89df-4656-879f-4569f543064b" />
    <UnitTestResult executionId="ef4f6e81-e61e-4c41-bc59-8b78fb9ea49d" testId="48a343bd-9a05-413c-06ca-9a257f76938b" testName="Constructor_ShouldRaiseArgumentException_WhenEventServerIdsAreRepeated" computerName="DKSR-EFI-06" duration="00:00:00.0005589" startTime="2024-01-09T15:47:19.3025580+01:00" endTime="2024-01-09T15:47:19.3025580+01:00" testType="13cdc9d9-ddb5-4fa4-a97d-d965ccfc6d4b" outcome="Passed" testListId="8c84fa94-04c1-424b-9868-57a2d4851a1d" relativeResultsDirectory="ef4f6e81-e61e-4c41-bc59-8b78fb9ea49d" />
    <UnitTestResult executionId="02fa25bd-52be-4ff7-9cc8-9e6af88ee64a" testId="e0f9e943-40a9-c69d-3157-2bda05edf6aa" testName="TestTaskUpdate" computerName="DKSR-EFI-06" duration="00:00:00.0411332" startTime="2024-01-09T15:47:11.2386372+01:00" endTime="2024-01-09T15:47:11.2855170+01:00" testType="13cdc9d9-ddb5-4fa4-a97d-d965ccfc6d4b" outcome="Passed" testListId="8c84fa94-04c1-424b-9868-57a2d4851a1d" relativeResultsDirectory="02fa25bd-52be-4ff7-9cc8-9e6af88ee64a" />
    <UnitTestResult executionId="e1360c49-321d-4a7f-8af8-670a81c1f1ad" testId="dd8d755a-3eba-5a94-2039-0ce20505a681" testName="ActiveInteractionStateBinding_ShouldOnlyContainNormal_WhenCtorIsCalled" computerName="DKSR-EFI-06" duration="00:00:00.0303686" startTime="2024-01-09T15:45:34.5919210+01:00" endTime="2024-01-09T15:45:34.6231726+01:00" testType="13cdc9d9-ddb5-4fa4-a97d-d965ccfc6d4b" outcome="Passed" testListId="8c84fa94-04c1-424b-9868-57a2d4851a1d" relativeResultsDirectory="e1360c49-321d-4a7f-8af8-670a81c1f1ad" />
    <UnitTestResult executionId="a307e4dd-e356-4578-81b0-14d4a15dcce4" testId="54fe689a-094b-c2b1-eff8-7a88071b8275" testName="SelectOptions_ShouldSetSelectedComponent_WhenGivenOptionGroupWithCorrelatedComponent" computerName="DKSR-EFI-06" duration="00:00:00.0109217" startTime="2024-01-09T15:47:09.7851554+01:00" endTime="2024-01-09T15:47:09.8007878+01:00" testType="13cdc9d9-ddb5-4fa4-a97d-d965ccfc6d4b" outcome="Passed" testListId="8c84fa94-04c1-424b-9868-57a2d4851a1d" relativeResultsDirectory="a307e4dd-e356-4578-81b0-14d4a15dcce4" />
    <UnitTestResult executionId="0da9a21c-f947-4629-a982-791de6d774f7" testId="96fc4cfc-b0cb-85d1-dba2-d547b6f8865a" testName="BookmarkSearchTime_WithSearchStringInDifferentCases_ReturnCorrectBookmarkWithSearchStringInDescription (SeArChStRiNg,True,False,False,True,,,0)" computerName="DKSR-EFI-06" duration="00:00:00.0034050" startTime="2024-01-09T15:47:12.9733805+01:00" endTime="2024-01-09T15:47:12.9733805+01:00" testType="13cdc9d9-ddb5-4fa4-a97d-d965ccfc6d4b" outcome="Passed" testListId="8c84fa94-04c1-424b-9868-57a2d4851a1d" relativeResultsDirectory="0da9a21c-f947-4629-a982-791de6d774f7" />
    <UnitTestResult executionId="ac59d98b-296b-4336-8b27-6007e40781b5" testId="32fec1f9-c048-b0a8-7432-484e5a8663c8" testName="ReorderLevels123to213_Success" computerName="DKSR-EFI-06" duration="00:00:00.0663712" startTime="2024-01-09T15:47:00.9390767+01:00" endTime="2024-01-09T15:47:01.0015845+01:00" testType="13cdc9d9-ddb5-4fa4-a97d-d965ccfc6d4b" outcome="Passed" testListId="8c84fa94-04c1-424b-9868-57a2d4851a1d" relativeResultsDirectory="ac59d98b-296b-4336-8b27-6007e40781b5" />
    <UnitTestResult executionId="f7ca6ed1-f108-463e-b1a3-36ea4a8da206" testId="cb536c37-af93-5a21-739a-c12d45516012" testName="GetLayerFeatures_ShouldReturnCameraLayerFeatures_WhenCameraKind" computerName="DKSR-EFI-06" duration="00:00:00.0017122" startTime="2024-01-09T15:47:07.3157429+01:00" endTime="2024-01-09T15:47:07.3157429+01:00" testType="13cdc9d9-ddb5-4fa4-a97d-d965ccfc6d4b" outcome="Passed" testListId="8c84fa94-04c1-424b-9868-57a2d4851a1d" relativeResultsDirectory="f7ca6ed1-f108-463e-b1a3-36ea4a8da206" />
    <UnitTestResult executionId="cf6aaab6-3c59-4ac5-98e8-76a013b00ed8" testId="b7cfc484-cb4b-49fc-a4f0-d587f8a4ea1f" testName="HandleSetLayerFeatures_ShouldRaiseArgumentException_WhenNotMicrophoneKindAndMicrophoneLayerFeatures" computerName="DKSR-EFI-06" duration="00:00:00.0024792" startTime="2024-01-09T15:47:07.2063376+01:00" endTime="2024-01-09T15:47:07.2063376+01:00" testType="13cdc9d9-ddb5-4fa4-a97d-d965ccfc6d4b" outcome="Passed" testListId="8c84fa94-04c1-424b-9868-57a2d4851a1d" relativeResultsDirectory="cf6aaab6-3c59-4ac5-98e8-76a013b00ed8" />
    <UnitTestResult executionId="3f7990d6-59cc-4d40-97b5-d1962e556f08" testId="788a6834-d7c6-3652-9af3-0c73bb9d6301" testName="GetIndexExtent_ZoomMin_WholeWorldIsCovered" computerName="DKSR-EFI-06" duration="00:00:00.0005045" startTime="2024-01-09T15:47:08.7692756+01:00" endTime="2024-01-09T15:47:08.7692756+01:00" testType="13cdc9d9-ddb5-4fa4-a97d-d965ccfc6d4b" outcome="Passed" testListId="8c84fa94-04c1-424b-9868-57a2d4851a1d" relativeResultsDirectory="3f7990d6-59cc-4d40-97b5-d1962e556f08" />
    <UnitTestResult executionId="ae2d998e-aeb1-45ef-86fb-6b8e0da89733" testId="cadbf7d4-d58e-eeac-6faf-7c00f5bba9ec" testName="SearchResultCombineType_DefaultValue_And" computerName="DKSR-EFI-06" duration="00:00:00.0105094" startTime="2024-01-09T15:46:38.6371119+01:00" endTime="2024-01-09T15:46:38.6527405+01:00" testType="13cdc9d9-ddb5-4fa4-a97d-d965ccfc6d4b" outcome="Passed" testListId="8c84fa94-04c1-424b-9868-57a2d4851a1d" relativeResultsDirectory="ae2d998e-aeb1-45ef-86fb-6b8e0da89733" />
    <UnitTestResult executionId="7d09f137-8be8-45a0-ae54-6f4c83fc9c99" testId="dc5553ed-c8db-34b6-aa61-f33cd39a8ce9" testName="BoundingBoxBrowseTimeChangedTestOldData" computerName="DKSR-EFI-06" duration="00:00:00.0056425" startTime="2024-01-09T15:47:13.4109650+01:00" endTime="2024-01-09T15:47:13.4109650+01:00" testType="13cdc9d9-ddb5-4fa4-a97d-d965ccfc6d4b" outcome="Passed" testListId="8c84fa94-04c1-424b-9868-57a2d4851a1d" relativeResultsDirectory="7d09f137-8be8-45a0-ae54-6f4c83fc9c99" />
    <UnitTestResult executionId="9873ba20-834c-47af-8b23-64039af226fa" testId="c66f0344-0d06-e154-dea7-64ff1ea75851" testName="MarkerFactory_WhenMapItemIsGiven_ShouldReturnMarker" computerName="DKSR-EFI-06" duration="00:00:00.3298817" startTime="2024-01-09T15:45:39.9044193+01:00" endTime="2024-01-09T15:45:40.2325478+01:00" testType="13cdc9d9-ddb5-4fa4-a97d-d965ccfc6d4b" outcome="Passed" testListId="8c84fa94-04c1-424b-9868-57a2d4851a1d" relativeResultsDirectory="9873ba20-834c-47af-8b23-64039af226fa" />
    <UnitTestResult executionId="0ce9f6cd-1fb0-4a5b-abfb-9d34418230e2" testId="7249d529-4797-4846-66f9-a36e8ab1d5c8" testName="GetSKU_ShouldReturnCorrectSKU" computerName="DKSR-EFI-06" duration="00:00:00.0012491" startTime="2024-01-09T15:47:17.4116708+01:00" endTime="2024-01-09T15:47:17.4116708+01:00" testType="13cdc9d9-ddb5-4fa4-a97d-d965ccfc6d4b" outcome="Passed" testListId="8c84fa94-04c1-424b-9868-57a2d4851a1d" relativeResultsDirectory="0ce9f6cd-1fb0-4a5b-abfb-9d34418230e2" />
    <UnitTestResult executionId="e0abdaba-006e-4359-b41d-3cb7a3fe9c71" testId="2f1a043d-2a10-79ca-c195-ea30a15eafce" testName="ValidateExportFormats_SmartClientPlayerFormat_ShouldReturnFailResult_ExportPathIsTooLong (c:\aaaaaaaaaaaaaaaaaaaaaaaaaaaaaaaaaaaaaaaaaaaaaaaaaaaaaaaaaaaaaaaaaaaaaaaaaaaaaaaaaaaaaaaaaaaaaaaaaaaaaaaaaaaaaaaaaaaaaaaaaaaaaaaaaaaaaaaaaaaaaaaaaaaaaaaaaaaaaaaaaaaaaaaaaaaaaaaaaaaaaaa)" computerName="DKSR-EFI-06" duration="00:00:00.0135940" startTime="2024-01-09T15:45:44.2328376+01:00" endTime="2024-01-09T15:45:44.2484667+01:00" testType="13cdc9d9-ddb5-4fa4-a97d-d965ccfc6d4b" outcome="Passed" testListId="8c84fa94-04c1-424b-9868-57a2d4851a1d" relativeResultsDirectory="e0abdaba-006e-4359-b41d-3cb7a3fe9c71" />
    <UnitTestResult executionId="9d933d2c-9a35-496a-adf5-283c5bffa25f" testId="5cd4b702-56a3-e460-79f3-24a1a68869f7" testName="SelectOptions_ShouldNotChangeSelectedComponent_WhenGivenOptionGroupWithNoCorrelatedComponent" computerName="DKSR-EFI-06" duration="00:00:00.0022428" startTime="2024-01-09T15:47:09.8007878+01:00" endTime="2024-01-09T15:47:09.8007878+01:00" testType="13cdc9d9-ddb5-4fa4-a97d-d965ccfc6d4b" outcome="Passed" testListId="8c84fa94-04c1-424b-9868-57a2d4851a1d" relativeResultsDirectory="9d933d2c-9a35-496a-adf5-283c5bffa25f" />
    <UnitTestResult executionId="a61bbc81-33b2-4f73-888e-6fad740f612f" testId="60bdbe1c-556f-ee06-0399-2842675c306a" testName="NavigateAndSelectAsync_SelectAdditionalCamera_ReCenterCommandEnabled" computerName="DKSR-EFI-06" duration="00:00:00.0465635" startTime="2024-01-09T15:45:30.3731701+01:00" endTime="2024-01-09T15:45:30.4200418+01:00" testType="13cdc9d9-ddb5-4fa4-a97d-d965ccfc6d4b" outcome="Passed" testListId="8c84fa94-04c1-424b-9868-57a2d4851a1d" relativeResultsDirectory="a61bbc81-33b2-4f73-888e-6fad740f612f" />
    <UnitTestResult executionId="a296bb20-ee6b-485d-b7a1-49f97a16137a" testId="10efcc4c-555d-12e7-645e-f8f3c9a79e16" testName="SelectTemplate_RangeSliderFilterConfiguration_ReturnsInlineTemplate" computerName="DKSR-EFI-06" duration="00:00:00.0013761" startTime="2024-01-09T15:45:45.1862613+01:00" endTime="2024-01-09T15:45:45.1862613+01:00" testType="13cdc9d9-ddb5-4fa4-a97d-d965ccfc6d4b" outcome="Passed" testListId="8c84fa94-04c1-424b-9868-57a2d4851a1d" relativeResultsDirectory="a296bb20-ee6b-485d-b7a1-49f97a16137a" />
    <UnitTestResult executionId="2f78c35b-33b5-4e53-924e-ddf0655a2be5" testId="f4ab981e-0c0f-f2f3-f99e-665599b904ff" testName="SelectedDuration_ShouldRevertToPreviousSelection_WhenCustomIntervalSelectionPopupIsClosedWithoutBeingSetOrCancelled" computerName="DKSR-EFI-06" duration="00:00:00.0085834" startTime="2024-01-09T15:46:37.8556553+01:00" endTime="2024-01-09T15:46:37.8556553+01:00" testType="13cdc9d9-ddb5-4fa4-a97d-d965ccfc6d4b" outcome="Passed" testListId="8c84fa94-04c1-424b-9868-57a2d4851a1d" relativeResultsDirectory="2f78c35b-33b5-4e53-924e-ddf0655a2be5" />
    <UnitTestResult executionId="29f27919-8d60-4492-9064-6f41f066f276" testId="2baa9530-1f3b-08c8-d90b-9f25fb854e03" testName="State_ShouldUpdateMicrophoneIconImage_WhenSetToMute" computerName="DKSR-EFI-06" duration="00:00:00.0096531" startTime="2024-01-09T15:47:05.9715856+01:00" endTime="2024-01-09T15:47:05.9872122+01:00" testType="13cdc9d9-ddb5-4fa4-a97d-d965ccfc6d4b" outcome="Passed" testListId="8c84fa94-04c1-424b-9868-57a2d4851a1d" relativeResultsDirectory="29f27919-8d60-4492-9064-6f41f066f276" />
    <UnitTestResult executionId="bfb69716-5b60-46f2-b40e-8ed14c245e38" testId="dbcd5ac4-1055-621c-a685-f7e5c606ee46" testName="Initialize_ShouldNotHaveAnyCameras_WhenInitializedWithEmptyScope" computerName="DKSR-EFI-06" duration="00:00:00.0311964" startTime="2024-01-09T15:47:00.3452341+01:00" endTime="2024-01-09T15:47:00.3764909+01:00" testType="13cdc9d9-ddb5-4fa4-a97d-d965ccfc6d4b" outcome="Passed" testListId="8c84fa94-04c1-424b-9868-57a2d4851a1d" relativeResultsDirectory="bfb69716-5b60-46f2-b40e-8ed14c245e38" />
    <UnitTestResult executionId="c2840915-20d7-4c8e-9010-42d8f98d8733" testId="4ead98c0-ed43-b791-ad04-b3743cb5d69b" testName="CreateDashboardViewModel_UsesIdentityTokenCache_WhenAuthenticationIsOAuth" computerName="DKSR-EFI-06" duration="00:00:01.1542666" startTime="2024-01-09T15:47:13.7391554+01:00" endTime="2024-01-09T15:47:14.8956182+01:00" testType="13cdc9d9-ddb5-4fa4-a97d-d965ccfc6d4b" outcome="Passed" testListId="8c84fa94-04c1-424b-9868-57a2d4851a1d" relativeResultsDirectory="c2840915-20d7-4c8e-9010-42d8f98d8733" />
    <UnitTestResult executionId="e6fe58dc-d6cf-4739-a0c5-0c62442ace01" testId="b4dcaf4b-c8a6-a3d6-898f-051609cb706b" testName="Search_SearchResultReceivedFromDefinitionOnlySupportingSubsetOfFilters_WarningTextAppliedAndEventFired" computerName="DKSR-EFI-06" duration="00:00:00.0130582" startTime="2024-01-09T15:46:59.6107654+01:00" endTime="2024-01-09T15:46:59.6107654+01:00" testType="13cdc9d9-ddb5-4fa4-a97d-d965ccfc6d4b" outcome="Passed" testListId="8c84fa94-04c1-424b-9868-57a2d4851a1d" relativeResultsDirectory="e6fe58dc-d6cf-4739-a0c5-0c62442ace01" />
    <UnitTestResult executionId="7a96f203-370a-4ac7-9737-2953d3ad2c11" testId="e998f77e-77b2-7e10-d8db-3813eb8031aa" testName="GetClusters_ThreeInitialItems_ClustersForInitialItems (Data Row 12)" computerName="DKSR-EFI-06" duration="00:00:00.0113741" startTime="2024-01-09T15:47:08.8161554+01:00" endTime="2024-01-09T15:47:09.0037088+01:00" testType="13cdc9d9-ddb5-4fa4-a97d-d965ccfc6d4b" outcome="Passed" testListId="8c84fa94-04c1-424b-9868-57a2d4851a1d" relativeResultsDirectory="7a96f203-370a-4ac7-9737-2953d3ad2c11" />
    <UnitTestResult executionId="77cf00e0-0b49-4a68-b4ea-0f9aab4fecfc" testId="0ea16923-06ad-6887-3f6e-aa5fa78ff65a" testName="GetOsmServerAddress_ShouldRaiseArgumentNullException_WhenOptionManagerIsNull" computerName="DKSR-EFI-06" duration="00:00:00.0007892" startTime="2024-01-09T15:47:07.2688568+01:00" endTime="2024-01-09T15:47:07.2844893+01:00" testType="13cdc9d9-ddb5-4fa4-a97d-d965ccfc6d4b" outcome="Passed" testListId="8c84fa94-04c1-424b-9868-57a2d4851a1d" relativeResultsDirectory="77cf00e0-0b49-4a68-b4ea-0f9aab4fecfc" />
    <UnitTestResult executionId="158e67f9-56dc-4b9c-b9b2-85d985baa070" testId="fd527641-542a-2899-2dcd-c9ca191cdf52" testName="GetUnmutedMicrophoneIconId_ShouldRaiseArgumentException_WhenArgumentIsNotAMutedMicrophoneIconId" computerName="DKSR-EFI-06" duration="00:00:00.0005031" startTime="2024-01-09T15:47:04.4554595+01:00" endTime="2024-01-09T15:47:04.4554595+01:00" testType="13cdc9d9-ddb5-4fa4-a97d-d965ccfc6d4b" outcome="Passed" testListId="8c84fa94-04c1-424b-9868-57a2d4851a1d" relativeResultsDirectory="158e67f9-56dc-4b9c-b9b2-85d985baa070" />
    <UnitTestResult executionId="80db75b9-a01e-44b1-b3d1-ae5902efd095" testId="7e1fdf53-1cce-0f14-6eba-6df4732e28ac" testName="Convert_ShouldReturnUnchangedObject_WhenCustomObjectIsUsed" computerName="DKSR-EFI-06" duration="00:00:00.0044234" startTime="2024-01-09T15:45:20.3887848+01:00" endTime="2024-01-09T15:45:20.4044087+01:00" testType="13cdc9d9-ddb5-4fa4-a97d-d965ccfc6d4b" outcome="Passed" testListId="8c84fa94-04c1-424b-9868-57a2d4851a1d" relativeResultsDirectory="80db75b9-a01e-44b1-b3d1-ae5902efd095" />
    <UnitTestResult executionId="d2d79ecd-bf57-4e2c-b325-f864c0e74c92" testId="ab9ddcfe-5059-def5-d0f3-2a728312c36d" testName="DisplayErrorOnNotificationArea_UnknownDerivedFromSearchError_LoggingDisabled_Success" computerName="DKSR-EFI-06" duration="00:00:00.0127102" startTime="2024-01-09T15:46:38.4339353+01:00" endTime="2024-01-09T15:46:38.4339353+01:00" testType="13cdc9d9-ddb5-4fa4-a97d-d965ccfc6d4b" outcome="Passed" testListId="8c84fa94-04c1-424b-9868-57a2d4851a1d" relativeResultsDirectory="d2d79ecd-bf57-4e2c-b325-f864c0e74c92" />
    <UnitTestResult executionId="3e6675d0-ce1f-40e6-aeb2-1675c390e995" testId="0a4e5b36-6578-df3d-cfd2-3d6ee660820a" testName="GetClusters_ExcludeFromClustering_OnlyClustersForExcludedItems (Data Row 16)" computerName="DKSR-EFI-06" duration="00:00:00.0083321" startTime="2024-01-09T15:47:07.4876662+01:00" endTime="2024-01-09T15:47:07.8627695+01:00" testType="13cdc9d9-ddb5-4fa4-a97d-d965ccfc6d4b" outcome="Passed" testListId="8c84fa94-04c1-424b-9868-57a2d4851a1d" relativeResultsDirectory="3e6675d0-ce1f-40e6-aeb2-1675c390e995" />
    <UnitTestResult executionId="c689adaf-4d4b-4364-aca2-45952d0cdcbd" testId="cd58fbcf-a8ec-7be0-672d-3675d644b67c" testName="Instance_ShouldBeSingleton_WhenCalled" computerName="DKSR-EFI-06" duration="00:00:00.0001896" startTime="2024-01-09T15:47:04.4554595+01:00" endTime="2024-01-09T15:47:04.4554595+01:00" testType="13cdc9d9-ddb5-4fa4-a97d-d965ccfc6d4b" outcome="Passed" testListId="8c84fa94-04c1-424b-9868-57a2d4851a1d" relativeResultsDirectory="c689adaf-4d4b-4364-aca2-45952d0cdcbd" />
    <UnitTestResult executionId="59069afd-59ba-4f19-9f2f-f24e8086c175" testId="62360bb2-0571-b412-04d5-fd14e8294ea1" testName="OnMarkerRightClicked_ShouldLetMapLayerControlMenuItems_WhenSingleMapItemSelected" computerName="DKSR-EFI-06" duration="00:00:00.8642680" startTime="2024-01-09T15:45:32.5450464+01:00" endTime="2024-01-09T15:45:33.4200453+01:00" testType="13cdc9d9-ddb5-4fa4-a97d-d965ccfc6d4b" outcome="Passed" testListId="8c84fa94-04c1-424b-9868-57a2d4851a1d" relativeResultsDirectory="59069afd-59ba-4f19-9f2f-f24e8086c175" />
    <UnitTestResult executionId="1f643dcc-6d36-4191-8cd9-6197b3f0e199" testId="2720977a-3c1d-8925-ae8c-f10491ee0903" testName="DeviceIcons_ShouldNotBeEmpty_WhenCalled" computerName="DKSR-EFI-06" duration="00:00:00.0017935" startTime="2024-01-09T15:47:04.4085662+01:00" endTime="2024-01-09T15:47:04.4085662+01:00" testType="13cdc9d9-ddb5-4fa4-a97d-d965ccfc6d4b" outcome="Passed" testListId="8c84fa94-04c1-424b-9868-57a2d4851a1d" relativeResultsDirectory="1f643dcc-6d36-4191-8cd9-6197b3f0e199" />
    <UnitTestResult executionId="022526af-7faa-4143-9b22-8f886007ff08" testId="1f8f2766-504d-6eef-54e8-b4e73b68637d" testName="TestInitializeWorkrooms_AllBuiltinWorkrooms_Success" computerName="DKSR-EFI-06" duration="00:00:01.6891516" startTime="2024-01-09T15:45:17.2794021+01:00" endTime="2024-01-09T15:45:18.9825311+01:00" testType="13cdc9d9-ddb5-4fa4-a97d-d965ccfc6d4b" outcome="Passed" testListId="8c84fa94-04c1-424b-9868-57a2d4851a1d" relativeResultsDirectory="022526af-7faa-4143-9b22-8f886007ff08" />
    <UnitTestResult executionId="2654a7c2-c826-4e0a-9eb5-99f10d5501fd" testId="eb41b80f-fe87-ec26-1817-78a947446eac" testName="UpdateItems_WhenStrategyReturnsUpdateNeeded_ShouldResultInMipItemsReadyEvent" computerName="DKSR-EFI-06" duration="00:00:00.1882007" startTime="2024-01-09T15:45:39.0450426+01:00" endTime="2024-01-09T15:45:39.2481702+01:00" testType="13cdc9d9-ddb5-4fa4-a97d-d965ccfc6d4b" outcome="Passed" testListId="8c84fa94-04c1-424b-9868-57a2d4851a1d" relativeResultsDirectory="2654a7c2-c826-4e0a-9eb5-99f10d5501fd" />
    <UnitTestResult executionId="d35d8395-d283-4b17-817c-4b4be5f477e0" testId="06bd284b-d73d-920f-7739-efb670bc85e0" testName="SupportsDoubleClick_ShouldBeTrue_WhenInteractionStateIsNormal" computerName="DKSR-EFI-06" duration="00:00:00.0453686" startTime="2024-01-09T15:45:37.4044235+01:00" endTime="2024-01-09T15:45:37.4512980+01:00" testType="13cdc9d9-ddb5-4fa4-a97d-d965ccfc6d4b" outcome="Passed" testListId="8c84fa94-04c1-424b-9868-57a2d4851a1d" relativeResultsDirectory="d35d8395-d283-4b17-817c-4b4be5f477e0" />
    <UnitTestResult executionId="2a7f1ee8-0926-4fd9-92c1-6df6c9864d90" testId="dd25e118-a384-e666-07c3-e9a0431950f6" testName="GetBoundingShapesPathsAsync_ShouldGetBoundingShapesFromBoundingShapesSourceOnly_WhenOnlyBoundingShapesSourceIsPassedIn" computerName="DKSR-EFI-06" duration="00:00:00.0024236" startTime="2024-01-09T15:46:43.8882355+01:00" endTime="2024-01-09T15:46:43.8882355+01:00" testType="13cdc9d9-ddb5-4fa4-a97d-d965ccfc6d4b" outcome="Passed" testListId="8c84fa94-04c1-424b-9868-57a2d4851a1d" relativeResultsDirectory="2a7f1ee8-0926-4fd9-92c1-6df6c9864d90" />
    <UnitTestResult executionId="0aa4af2e-840f-43cc-bef9-0c6bfc8cdb66" testId="847f64c7-3f64-8d01-6913-77b9ebb56919" testName="Convert_ShouldReturnTrue_WhenParameterArrayContainsValue" computerName="DKSR-EFI-06" duration="00:00:00.0048479" startTime="2024-01-09T15:45:26.9515578+01:00" endTime="2024-01-09T15:45:26.9515578+01:00" testType="13cdc9d9-ddb5-4fa4-a97d-d965ccfc6d4b" outcome="Passed" testListId="8c84fa94-04c1-424b-9868-57a2d4851a1d" relativeResultsDirectory="0aa4af2e-840f-43cc-bef9-0c6bfc8cdb66" />
    <UnitTestResult executionId="65555b4e-241c-4fff-9075-8a001db7599c" testId="4ac872cb-6eae-9e1a-7612-37a387bb363b" testName="TestUpdateState_InSetup" computerName="DKSR-EFI-06" duration="00:00:00.1601562" startTime="2024-01-09T15:47:12.0825703+01:00" endTime="2024-01-09T15:47:12.2544839+01:00" testType="13cdc9d9-ddb5-4fa4-a97d-d965ccfc6d4b" outcome="Passed" testListId="8c84fa94-04c1-424b-9868-57a2d4851a1d" relativeResultsDirectory="65555b4e-241c-4fff-9075-8a001db7599c" />
    <UnitTestResult executionId="55412efe-6ecf-4708-8ab6-e5aa2d71a210" testId="165287bc-bef0-3870-c69b-a17243fed1fc" testName="LoadSearchTemplate_NoActiveToNewActive_UpdateAndEvent" computerName="DKSR-EFI-06" duration="00:00:00.0009461" startTime="2024-01-09T15:46:43.9819890+01:00" endTime="2024-01-09T15:46:43.9819890+01:00" testType="13cdc9d9-ddb5-4fa4-a97d-d965ccfc6d4b" outcome="Passed" testListId="8c84fa94-04c1-424b-9868-57a2d4851a1d" relativeResultsDirectory="55412efe-6ecf-4708-8ab6-e5aa2d71a210" />
    <UnitTestResult executionId="9fd1c25d-f82e-4acf-8c73-69eefc044725" testId="1bb961de-3244-ec3d-ba9c-efd8693da7cb" testName="TestReadXml" computerName="DKSR-EFI-06" duration="00:00:00.0002932" startTime="2024-01-09T15:47:12.5201615+01:00" endTime="2024-01-09T15:47:12.5201615+01:00" testType="13cdc9d9-ddb5-4fa4-a97d-d965ccfc6d4b" outcome="Passed" testListId="8c84fa94-04c1-424b-9868-57a2d4851a1d" relativeResultsDirectory="9fd1c25d-f82e-4acf-8c73-69eefc044725" />
    <UnitTestResult executionId="8b98ad1d-9586-42ee-b74d-215f3a67e794" testId="7bad54ac-e807-b7de-c086-e2462b8bfb21" testName="SmartMapGoToAreaHandler_WhenDataIsInvalid_ShouldWriteToLog" computerName="DKSR-EFI-06" duration="00:00:00.0035301" startTime="2024-01-09T15:45:38.9669176+01:00" endTime="2024-01-09T15:45:38.9669176+01:00" testType="13cdc9d9-ddb5-4fa4-a97d-d965ccfc6d4b" outcome="Passed" testListId="8c84fa94-04c1-424b-9868-57a2d4851a1d" relativeResultsDirectory="8b98ad1d-9586-42ee-b74d-215f3a67e794" />
    <UnitTestResult executionId="23c7bca2-b566-4359-8ec4-e20047f99c96" testId="c4b0d9bd-4b80-996e-41b7-0bd28fc67a52" testName="SearchResultsActionBarActions_CreateSnapshot_OptionAvailable_Enabled" computerName="DKSR-EFI-06" duration="00:00:00.0081763" startTime="2024-01-09T15:46:35.7300559+01:00" endTime="2024-01-09T15:46:35.7456923+01:00" testType="13cdc9d9-ddb5-4fa4-a97d-d965ccfc6d4b" outcome="Passed" testListId="8c84fa94-04c1-424b-9868-57a2d4851a1d" relativeResultsDirectory="23c7bca2-b566-4359-8ec4-e20047f99c96" />
    <UnitTestResult executionId="eb7ba886-f87f-4803-a6d4-c0581c372d92" testId="f952c068-f034-3ff2-3bf8-7e5b673c1e64" testName="Compare_ShouldPrioritizeCombinedResults_WhenSingleAndCombinedResultsArePresent" computerName="DKSR-EFI-06" duration="00:00:00.0025285" startTime="2024-01-09T15:46:45.4353693+01:00" endTime="2024-01-09T15:46:45.4353693+01:00" testType="13cdc9d9-ddb5-4fa4-a97d-d965ccfc6d4b" outcome="Passed" testListId="8c84fa94-04c1-424b-9868-57a2d4851a1d" relativeResultsDirectory="eb7ba886-f87f-4803-a6d4-c0581c372d92" />
    <UnitTestResult executionId="55e2b0dd-6c65-4ddb-ba3f-a5e631ef7568" testId="8cc6d850-7864-120d-52a3-07064eb9831b" testName="IconResourceKey_ShouldBeValid_WhenInteractionStateIsAddCamera" computerName="DKSR-EFI-06" duration="00:00:00.0008357" startTime="2024-01-09T15:45:30.9981686+01:00" endTime="2024-01-09T15:45:30.9981686+01:00" testType="13cdc9d9-ddb5-4fa4-a97d-d965ccfc6d4b" outcome="Passed" testListId="8c84fa94-04c1-424b-9868-57a2d4851a1d" relativeResultsDirectory="55e2b0dd-6c65-4ddb-ba3f-a5e631ef7568" />
    <UnitTestResult executionId="a1594427-8b9e-4298-addf-13b660e233ab" testId="dacf30eb-2932-4de8-bb63-28183a1f0765" testName="AssignPanTiltValue_WhenValueIsOutsideDeadzone_ShouldReturnCenterValue" computerName="DKSR-EFI-06" duration="00:00:00.0008123" startTime="2024-01-09T15:45:21.4981610+01:00" endTime="2024-01-09T15:45:21.4981610+01:00" testType="13cdc9d9-ddb5-4fa4-a97d-d965ccfc6d4b" outcome="Passed" testListId="8c84fa94-04c1-424b-9868-57a2d4851a1d" relativeResultsDirectory="a1594427-8b9e-4298-addf-13b660e233ab" />
    <UnitTestResult executionId="d0685e18-8227-48b9-a2af-5b9dffa24234" testId="fcfc9cad-5753-f6cc-59a6-f568d4caf2fd" testName="Ctor_Success" computerName="DKSR-EFI-06" duration="00:00:00.0021510" startTime="2024-01-09T15:46:34.3546260+01:00" endTime="2024-01-09T15:46:34.3546260+01:00" testType="13cdc9d9-ddb5-4fa4-a97d-d965ccfc6d4b" outcome="Passed" testListId="8c84fa94-04c1-424b-9868-57a2d4851a1d" relativeResultsDirectory="d0685e18-8227-48b9-a2af-5b9dffa24234" />
    <UnitTestResult executionId="769ffad5-6825-43b0-99fd-2cc92cf287ff" testId="3ff6b5d8-f141-7a2b-08b3-b0a5923ed411" testName="ActiveInteractionStateBinding_ShouldOnlyContainNormalAndNewDevice_WhenCtorIsCalled" computerName="DKSR-EFI-06" duration="00:00:00.0424969" startTime="2024-01-09T15:45:37.2637941+01:00" endTime="2024-01-09T15:45:37.3106712+01:00" testType="13cdc9d9-ddb5-4fa4-a97d-d965ccfc6d4b" outcome="Passed" testListId="8c84fa94-04c1-424b-9868-57a2d4851a1d" relativeResultsDirectory="769ffad5-6825-43b0-99fd-2cc92cf287ff" />
    <UnitTestResult executionId="ad867b55-16b0-44be-bb67-4c29ae44425a" testId="0daa0cf2-f08f-9af5-8f90-3afbe873dbac" testName="InitializeTokenException_ShouldThrow_WhenErrorOutOfRangeLow" computerName="DKSR-EFI-06" duration="00:00:00.0005465" startTime="2024-01-09T15:47:17.2085079+01:00" endTime="2024-01-09T15:47:17.2085079+01:00" testType="13cdc9d9-ddb5-4fa4-a97d-d965ccfc6d4b" outcome="Passed" testListId="8c84fa94-04c1-424b-9868-57a2d4851a1d" relativeResultsDirectory="ad867b55-16b0-44be-bb67-4c29ae44425a" />
    <UnitTestResult executionId="0ddd6039-0cf9-4260-bc7b-a1f3ba424eb2" testId="6c45a0dd-5772-753d-7493-6b1e41606871" testName="NearestPossibleZoomLevel_ShouldReturnZoomLevel19_WhenScaleIsJustBelowZoomLevel19" computerName="DKSR-EFI-06" duration="00:00:00.0016583" startTime="2024-01-09T15:45:33.8575490+01:00" endTime="2024-01-09T15:45:33.8575490+01:00" testType="13cdc9d9-ddb5-4fa4-a97d-d965ccfc6d4b" outcome="Passed" testListId="8c84fa94-04c1-424b-9868-57a2d4851a1d" relativeResultsDirectory="0ddd6039-0cf9-4260-bc7b-a1f3ba424eb2" />
    <UnitTestResult executionId="0ce11b97-5b2c-4ad4-b5dd-57add4f112f3" testId="8029d216-4010-3441-1bae-329046b8b3a9" testName="OnLoaded_UserControlIsLoadingEventChanges_Success" computerName="DKSR-EFI-06" duration="00:00:00.0247683" startTime="2024-01-09T15:45:48.7341039+01:00" endTime="2024-01-09T15:45:48.7653749+01:00" testType="13cdc9d9-ddb5-4fa4-a97d-d965ccfc6d4b" outcome="Passed" testListId="8c84fa94-04c1-424b-9868-57a2d4851a1d" relativeResultsDirectory="0ce11b97-5b2c-4ad4-b5dd-57add4f112f3" />
    <UnitTestResult executionId="eefbddb9-4e44-4cfe-9fdf-1eaa2d36229c" testId="24643fe7-0bf9-5382-835f-f9f91ed814f3" testName="ReorderLevels123to312_Success" computerName="DKSR-EFI-06" duration="00:00:00.0609321" startTime="2024-01-09T15:47:01.0015845+01:00" endTime="2024-01-09T15:47:01.0640993+01:00" testType="13cdc9d9-ddb5-4fa4-a97d-d965ccfc6d4b" outcome="Passed" testListId="8c84fa94-04c1-424b-9868-57a2d4851a1d" relativeResultsDirectory="eefbddb9-4e44-4cfe-9fdf-1eaa2d36229c" />
    <UnitTestResult executionId="eb82709b-a7c1-417d-9270-b16e07a1faea" testId="6785fdff-345e-55ce-2159-cac1962fde04" testName="ChangeSorting_WithNoFocusItem_Success" computerName="DKSR-EFI-06" duration="00:00:00.0105804" startTime="2024-01-09T15:46:38.5277162+01:00" endTime="2024-01-09T15:46:38.5433422+01:00" testType="13cdc9d9-ddb5-4fa4-a97d-d965ccfc6d4b" outcome="Passed" testListId="8c84fa94-04c1-424b-9868-57a2d4851a1d" relativeResultsDirectory="eb82709b-a7c1-417d-9270-b16e07a1faea" />
    <UnitTestResult executionId="09258eaa-52ab-46e3-93b3-8d55dbb0c60f" testId="a2a193f8-3456-c024-ce2d-2ecfa84a29fd" testName="BuildEvidenceLockFilterProperties_ShouldReturnCorrectValues (False,2,3,All,Custom)" computerName="DKSR-EFI-06" duration="00:00:00.0038318" startTime="2024-01-09T15:47:17.5054279+01:00" endTime="2024-01-09T15:47:17.5054279+01:00" testType="13cdc9d9-ddb5-4fa4-a97d-d965ccfc6d4b" outcome="Passed" testListId="8c84fa94-04c1-424b-9868-57a2d4851a1d" relativeResultsDirectory="09258eaa-52ab-46e3-93b3-8d55dbb0c60f" />
    <UnitTestResult executionId="8008edcd-3b2d-455f-8c2b-85808a873959" testId="be546a67-03cf-7dc5-701c-f28c8929b881" testName="AddItems_ThreeMapItems_ThreeClusterChanges" computerName="DKSR-EFI-06" duration="00:00:00.0136460" startTime="2024-01-09T15:47:09.2694066+01:00" endTime="2024-01-09T15:47:09.2694066+01:00" testType="13cdc9d9-ddb5-4fa4-a97d-d965ccfc6d4b" outcome="Passed" testListId="8c84fa94-04c1-424b-9868-57a2d4851a1d" relativeResultsDirectory="8008edcd-3b2d-455f-8c2b-85808a873959" />
    <UnitTestResult executionId="72d445e2-ea97-4b09-b60f-5afee8e133f3" testId="7b500be0-a5d4-b64a-b894-c5511ab58617" testName="PatrollingStepListViewModel_AddStepCommand" computerName="DKSR-EFI-06" duration="00:00:00.0019623" startTime="2024-01-09T15:47:09.6132484+01:00" endTime="2024-01-09T15:47:09.6132484+01:00" testType="13cdc9d9-ddb5-4fa4-a97d-d965ccfc6d4b" outcome="Passed" testListId="8c84fa94-04c1-424b-9868-57a2d4851a1d" relativeResultsDirectory="72d445e2-ea97-4b09-b60f-5afee8e133f3" />
    <UnitTestResult executionId="a7091008-0130-43d2-b42a-0f15d121717e" testId="43d61832-991c-baec-6981-658713b1dd1b" testName="CameraMapItem_ForceActivateAsync_InBuilding_Success" computerName="DKSR-EFI-06" duration="00:00:00.2581809" startTime="2024-01-09T15:47:02.3611727+01:00" endTime="2024-01-09T15:47:02.6268325+01:00" testType="13cdc9d9-ddb5-4fa4-a97d-d965ccfc6d4b" outcome="Passed" testListId="8c84fa94-04c1-424b-9868-57a2d4851a1d" relativeResultsDirectory="a7091008-0130-43d2-b42a-0f15d121717e" />
    <UnitTestResult executionId="45d09081-9bba-403e-b348-17ed222ee55f" testId="20b83e96-bb0c-eaa7-3f17-8420c76ddd7b" testName="TrySelectAvailableExportNameTest_ShouldReturnValidationResultOk_When2ndDirectoryDoNotExistsIsFalse" computerName="DKSR-EFI-06" duration="00:00:00.0011568" startTime="2024-01-09T15:47:13.4578503+01:00" endTime="2024-01-09T15:47:13.4578503+01:00" testType="13cdc9d9-ddb5-4fa4-a97d-d965ccfc6d4b" outcome="Passed" testListId="8c84fa94-04c1-424b-9868-57a2d4851a1d" relativeResultsDirectory="45d09081-9bba-403e-b348-17ed222ee55f" />
    <UnitTestResult executionId="1d1648a1-6291-4cad-a131-59466440269e" testId="0eacc291-f328-de4d-1a1f-8a8b3e1cccd7" testName="OnUnloaded_ResultControl_ResultControlClosed" computerName="DKSR-EFI-06" duration="00:00:00.0087402" startTime="2024-01-09T15:45:48.7809967+01:00" endTime="2024-01-09T15:45:48.7809967+01:00" testType="13cdc9d9-ddb5-4fa4-a97d-d965ccfc6d4b" outcome="Passed" testListId="8c84fa94-04c1-424b-9868-57a2d4851a1d" relativeResultsDirectory="1d1648a1-6291-4cad-a131-59466440269e" />
    <UnitTestResult executionId="047d0f1c-0a05-46ef-98f5-e28bccda34e3" testId="80316af5-ff8d-d096-8b7d-158b3853fd75" testName="Constructor_ShouldRaiseArgumentNullException_WhenGisMapModelIsNull" computerName="DKSR-EFI-06" duration="00:00:00.1885142" startTime="2024-01-09T15:45:40.2481741+01:00" endTime="2024-01-09T15:45:40.4356695+01:00" testType="13cdc9d9-ddb5-4fa4-a97d-d965ccfc6d4b" outcome="Passed" testListId="8c84fa94-04c1-424b-9868-57a2d4851a1d" relativeResultsDirectory="047d0f1c-0a05-46ef-98f5-e28bccda34e3" />
    <UnitTestResult executionId="eac3436a-9b54-4abe-b273-9fc8134349ad" testId="d87bb820-5df8-b7cb-0dc2-a51e231db935" testName="AndOrSearchDefinitionToCornerRadiusMultiConverter_CallConvert_LastAnd" computerName="DKSR-EFI-06" duration="00:00:00.0010731" startTime="2024-01-09T15:46:14.2398746+01:00" endTime="2024-01-09T15:46:14.2398746+01:00" testType="13cdc9d9-ddb5-4fa4-a97d-d965ccfc6d4b" outcome="Passed" testListId="8c84fa94-04c1-424b-9868-57a2d4851a1d" relativeResultsDirectory="eac3436a-9b54-4abe-b273-9fc8134349ad" />
    <UnitTestResult executionId="a6daac5d-c87c-4892-affb-49915e2c54f5" testId="3f5e157c-fd88-4f5a-fa14-5f5e1b9a695a" testName="NearestPossibleZoomLevel_ShouldReturnZoomLevel3_WhenScaleIsGreaterThanZoomlevel3" computerName="DKSR-EFI-06" duration="00:00:00.0014246" startTime="2024-01-09T15:45:33.8419222+01:00" endTime="2024-01-09T15:45:33.8575490+01:00" testType="13cdc9d9-ddb5-4fa4-a97d-d965ccfc6d4b" outcome="Passed" testListId="8c84fa94-04c1-424b-9868-57a2d4851a1d" relativeResultsDirectory="a6daac5d-c87c-4892-affb-49915e2c54f5" />
    <UnitTestResult executionId="d2cc5edd-b9d4-4dfc-81e5-6eb63196fe79" testId="fab13144-dbad-5831-0a01-3cacac990e32" testName="Compare_NullVsNull_Equals" computerName="DKSR-EFI-06" duration="00:00:00.0011087" startTime="2024-01-09T15:46:45.4041121+01:00" endTime="2024-01-09T15:46:45.4041121+01:00" testType="13cdc9d9-ddb5-4fa4-a97d-d965ccfc6d4b" outcome="Passed" testListId="8c84fa94-04c1-424b-9868-57a2d4851a1d" relativeResultsDirectory="d2cc5edd-b9d4-4dfc-81e5-6eb63196fe79" />
    <UnitTestResult executionId="b15f2f44-3d87-4dfd-be15-964d793d1f1d" testId="46396b06-522e-625a-1a2a-9f20be751983" testName="AddSelectedWindowsToExport_ShouldAddToExportData (5)" computerName="DKSR-EFI-06" duration="00:00:00.0034939" startTime="2024-01-09T15:47:11.7699992+01:00" endTime="2024-01-09T15:47:11.7699992+01:00" testType="13cdc9d9-ddb5-4fa4-a97d-d965ccfc6d4b" outcome="Passed" testListId="8c84fa94-04c1-424b-9868-57a2d4851a1d" relativeResultsDirectory="b15f2f44-3d87-4dfd-be15-964d793d1f1d" />
    <UnitTestResult executionId="abd09e87-ec78-4a04-89db-5819bfbcc43a" testId="c0f6f50e-70bb-6ec7-7cb1-70b1c03dbf38" testName="SetResultsToReselect_ShouldBeReflectedInResultsProcessedEvent" computerName="DKSR-EFI-06" duration="00:00:00.0087707" startTime="2024-01-09T15:46:45.2009624+01:00" endTime="2024-01-09T15:46:45.2165848+01:00" testType="13cdc9d9-ddb5-4fa4-a97d-d965ccfc6d4b" outcome="Passed" testListId="8c84fa94-04c1-424b-9868-57a2d4851a1d" relativeResultsDirectory="abd09e87-ec78-4a04-89db-5819bfbcc43a" />
    <UnitTestResult executionId="6d123c6e-c96f-4050-ae8a-e9dda0f926ae" testId="1ff772ea-316c-7a4b-bb91-f3ab3f44e05b" testName="CreateExportDialog_CannotCreateExport_WithInvalidExportPath" computerName="DKSR-EFI-06" duration="00:00:00.0147963" startTime="2024-01-09T15:45:42.6387933+01:00" endTime="2024-01-09T15:45:42.6544221+01:00" testType="13cdc9d9-ddb5-4fa4-a97d-d965ccfc6d4b" outcome="Passed" testListId="8c84fa94-04c1-424b-9868-57a2d4851a1d" relativeResultsDirectory="6d123c6e-c96f-4050-ae8a-e9dda0f926ae" />
    <UnitTestResult executionId="5b07b0d6-cc0b-41fe-b89f-f66a1338ab3c" testId="704f12b7-2603-a060-9466-3d44ec217344" testName="Keywords_Built" computerName="DKSR-EFI-06" duration="00:00:00.1444173" startTime="2024-01-09T15:47:17.6929577+01:00" endTime="2024-01-09T15:47:17.8335995+01:00" testType="13cdc9d9-ddb5-4fa4-a97d-d965ccfc6d4b" outcome="Passed" testListId="8c84fa94-04c1-424b-9868-57a2d4851a1d" relativeResultsDirectory="5b07b0d6-cc0b-41fe-b89f-f66a1338ab3c" />
    <UnitTestResult executionId="c7941618-2f2c-46ec-b652-5de239712300" testId="7a16e0cb-4e01-7898-4d17-e4adaaac865e" testName="Constructor_ShouldRaiseArgumentNullException_WhenLayersIsNull" computerName="DKSR-EFI-06" duration="00:00:00.0027894" startTime="2024-01-09T15:47:07.2219688+01:00" endTime="2024-01-09T15:47:07.2219688+01:00" testType="13cdc9d9-ddb5-4fa4-a97d-d965ccfc6d4b" outcome="Passed" testListId="8c84fa94-04c1-424b-9868-57a2d4851a1d" relativeResultsDirectory="c7941618-2f2c-46ec-b652-5de239712300" />
    <UnitTestResult executionId="9ef1a02b-e0ca-429c-a62d-9d14280d8d81" testId="c2a70a77-deae-9615-f302-cf5bc25a63ec" testName="OnSizeChanged_FivePluginButtonsPresentInActionBar_WithRoomForFourPluginButtonsTwoPluginsMoveToOverflowMenu" computerName="DKSR-EFI-06" duration="00:00:00.0859772" startTime="2024-01-09T15:45:47.8120010+01:00" endTime="2024-01-09T15:45:47.9057770+01:00" testType="13cdc9d9-ddb5-4fa4-a97d-d965ccfc6d4b" outcome="Passed" testListId="8c84fa94-04c1-424b-9868-57a2d4851a1d" relativeResultsDirectory="9ef1a02b-e0ca-429c-a62d-9d14280d8d81" />
    <UnitTestResult executionId="8e013501-3770-46b9-b585-5c13654db60c" testId="b1b8a305-1381-b18e-2bbc-3221c5d951a2" testName="GetSearchTemplateAsync_ValidParameters_Success" computerName="DKSR-EFI-06" duration="00:00:00.0054503" startTime="2024-01-09T15:46:44.2945507+01:00" endTime="2024-01-09T15:46:44.3125506+01:00" testType="13cdc9d9-ddb5-4fa4-a97d-d965ccfc6d4b" outcome="Passed" testListId="8c84fa94-04c1-424b-9868-57a2d4851a1d" relativeResultsDirectory="8e013501-3770-46b9-b585-5c13654db60c" />
    <UnitTestResult executionId="58966374-e554-4e08-8474-dc100d1b78fa" testId="110c5f83-752f-57c6-1e06-5ba87b7d2a16" testName="ChangeSorting_ShouldApplyRelevanceComparerAndNewestEventTimeSortOrder_WhenRelevanceEnumValueIsApplied" computerName="DKSR-EFI-06" duration="00:00:00.0107113" startTime="2024-01-09T15:46:38.5589712+01:00" endTime="2024-01-09T15:46:38.5746333+01:00" testType="13cdc9d9-ddb5-4fa4-a97d-d965ccfc6d4b" outcome="Passed" testListId="8c84fa94-04c1-424b-9868-57a2d4851a1d" relativeResultsDirectory="58966374-e554-4e08-8474-dc100d1b78fa" />
    <UnitTestResult executionId="e75c7f8f-2158-4160-96a3-fa0e10141e95" testId="efd25159-239b-fd92-436e-6007a499ebd4" testName="AddToExportDevices_ShouldReturnCorrectResult (0,5,0)" computerName="DKSR-EFI-06" duration="00:00:00.0018457" startTime="2024-01-09T15:47:11.7231125+01:00" endTime="2024-01-09T15:47:11.7231125+01:00" testType="13cdc9d9-ddb5-4fa4-a97d-d965ccfc6d4b" outcome="Passed" testListId="8c84fa94-04c1-424b-9868-57a2d4851a1d" relativeResultsDirectory="e75c7f8f-2158-4160-96a3-fa0e10141e95" />
    <UnitTestResult executionId="024891a9-2e02-46d3-9c1c-9776b5892d32" testId="71d3bf04-2f4b-0825-76a5-fe6f8626ce91" testName="RaiseUpdateUnmutedMicrophonesAsync_ShouldUnmutedMicrophones_WhenEventIsRaised" computerName="DKSR-EFI-06" duration="00:00:00.0207637" startTime="2024-01-09T15:47:03.0487648+01:00" endTime="2024-01-09T15:47:03.0800172+01:00" testType="13cdc9d9-ddb5-4fa4-a97d-d965ccfc6d4b" outcome="Passed" testListId="8c84fa94-04c1-424b-9868-57a2d4851a1d" relativeResultsDirectory="024891a9-2e02-46d3-9c1c-9776b5892d32" />
    <UnitTestResult executionId="78ad951c-6ddf-4da9-8b71-3c38efa51351" testId="537b2445-9bec-85ec-3d34-ba15ef73d25d" testName="PtzSessionControllerInfo_UserChangedTest_NoChange_Anonymous" computerName="DKSR-EFI-06" duration="00:00:00.0003708" startTime="2024-01-09T15:45:19.5762891+01:00" endTime="2024-01-09T15:45:19.5762891+01:00" testType="13cdc9d9-ddb5-4fa4-a97d-d965ccfc6d4b" outcome="Passed" testListId="8c84fa94-04c1-424b-9868-57a2d4851a1d" relativeResultsDirectory="78ad951c-6ddf-4da9-8b71-3c38efa51351" />
    <UnitTestResult executionId="8e924e85-68cc-47fd-8f28-ddb0629ed1f8" testId="7279d631-5e65-263e-b126-502467fa7c3a" testName="CameraMapItem_Start_AlarmObservable_SetAlarms" computerName="DKSR-EFI-06" duration="00:00:00.0488755" startTime="2024-01-09T15:47:02.0642546+01:00" endTime="2024-01-09T15:47:02.1267602+01:00" testType="13cdc9d9-ddb5-4fa4-a97d-d965ccfc6d4b" outcome="Passed" testListId="8c84fa94-04c1-424b-9868-57a2d4851a1d" relativeResultsDirectory="8e924e85-68cc-47fd-8f28-ddb0629ed1f8" />
    <UnitTestResult executionId="0f4bd672-d5f0-4783-8376-46e695c674a2" testId="2833457c-1856-8c1e-4496-190a417e49d0" testName="Deserialize_ShouldReturnCombineTypeAnd_WhenCombineTypeIsAndInXml" computerName="DKSR-EFI-06" duration="00:00:00.0035599" startTime="2024-01-09T15:46:45.1071976+01:00" endTime="2024-01-09T15:46:45.1228167+01:00" testType="13cdc9d9-ddb5-4fa4-a97d-d965ccfc6d4b" outcome="Passed" testListId="8c84fa94-04c1-424b-9868-57a2d4851a1d" relativeResultsDirectory="0f4bd672-d5f0-4783-8376-46e695c674a2" />
    <UnitTestResult executionId="4f3bd90c-e485-440c-9be6-a19b6b6347c8" testId="ea5a4ea7-1d9c-b14b-b54d-c59f326749f2" testName="TestSwitchWorkroom_UnknownWorkroom_Refuse" computerName="DKSR-EFI-06" duration="00:00:00.0293902" startTime="2024-01-09T15:45:19.1231566+01:00" endTime="2024-01-09T15:45:19.1544072+01:00" testType="13cdc9d9-ddb5-4fa4-a97d-d965ccfc6d4b" outcome="Passed" testListId="8c84fa94-04c1-424b-9868-57a2d4851a1d" relativeResultsDirectory="4f3bd90c-e485-440c-9be6-a19b6b6347c8" />
    <UnitTestResult executionId="e75a409a-df6e-414a-9c0b-860532f63bab" testId="6e668805-e583-b333-030a-20aba32624a1" testName="Ctor_MultipleSearchFilterCategoriesInManager_SearchDefinitionCreatedForEachCategory" computerName="DKSR-EFI-06" duration="00:00:00.0057843" startTime="2024-01-09T15:46:59.4545525+01:00" endTime="2024-01-09T15:46:59.4545525+01:00" testType="13cdc9d9-ddb5-4fa4-a97d-d965ccfc6d4b" outcome="Passed" testListId="8c84fa94-04c1-424b-9868-57a2d4851a1d" relativeResultsDirectory="e75a409a-df6e-414a-9c0b-860532f63bab" />
    <UnitTestResult executionId="868e5971-6377-4587-bcec-b9e0c3bc4fc1" testId="e56a4d58-0ff2-e6be-cab4-b17c9aa01d74" testName="ValueWithFallbackConverterTests_Convert_FirstValueNotNull_SecondValueNotNull_Success" computerName="DKSR-EFI-06" duration="00:00:00.0002456" startTime="2024-01-09T15:46:14.4117743+01:00" endTime="2024-01-09T15:46:14.4117743+01:00" testType="13cdc9d9-ddb5-4fa4-a97d-d965ccfc6d4b" outcome="Passed" testListId="8c84fa94-04c1-424b-9868-57a2d4851a1d" relativeResultsDirectory="868e5971-6377-4587-bcec-b9e0c3bc4fc1" />
    <UnitTestResult executionId="aa24031c-05e5-493e-ac08-097ef302c415" testId="bcd71d5d-281d-5d3b-7426-e01e3ca8b29e" testName="Compare_ShouldSortByPrimaryEventTime_WhenCombinedResultsAreEquallyRelevant" computerName="DKSR-EFI-06" duration="00:00:00.0017677" startTime="2024-01-09T15:46:45.4509943+01:00" endTime="2024-01-09T15:46:45.4509943+01:00" testType="13cdc9d9-ddb5-4fa4-a97d-d965ccfc6d4b" outcome="Passed" testListId="8c84fa94-04c1-424b-9868-57a2d4851a1d" relativeResultsDirectory="aa24031c-05e5-493e-ac08-097ef302c415" />
    <UnitTestResult executionId="8f6e1da3-4c6e-4ebe-bdfa-a6d425fdf536" testId="bd7d68bd-5950-0934-2e64-6a07c08a54b7" testName="GetUtcToday_DayOffsetIncluded_Success" computerName="DKSR-EFI-06" duration="00:00:00.0005429" startTime="2024-01-09T15:46:43.7788334+01:00" endTime="2024-01-09T15:46:43.7788334+01:00" testType="13cdc9d9-ddb5-4fa4-a97d-d965ccfc6d4b" outcome="Passed" testListId="8c84fa94-04c1-424b-9868-57a2d4851a1d" relativeResultsDirectory="8f6e1da3-4c6e-4ebe-bdfa-a6d425fdf536" />
    <UnitTestResult executionId="01cd23dc-80d3-44c0-8d3d-71e4dda3d1e8" testId="647cadee-21ed-ea7f-d1b6-56ee51403b46" testName="AuthType_ShouldThrow_InvalidOperationException_WhenConstructedUsingExternal" computerName="DKSR-EFI-06" duration="00:00:00.0011650" startTime="2024-01-09T15:45:20.2794070+01:00" endTime="2024-01-09T15:45:20.2794070+01:00" testType="13cdc9d9-ddb5-4fa4-a97d-d965ccfc6d4b" outcome="Passed" testListId="8c84fa94-04c1-424b-9868-57a2d4851a1d" relativeResultsDirectory="01cd23dc-80d3-44c0-8d3d-71e4dda3d1e8" />
    <UnitTestResult executionId="1d619094-5468-4be0-8a54-0cc0f699a0a3" testId="540a3b23-7cf4-4873-bac2-ebb7a9a2a9f2" testName="ActiveInteractionStateBinding_ShouldOnlyContainNormalAndNewDevice_WhenCtorIsCalled" computerName="DKSR-EFI-06" duration="00:00:00.0847294" startTime="2024-01-09T15:45:37.8731707+01:00" endTime="2024-01-09T15:45:37.9669237+01:00" testType="13cdc9d9-ddb5-4fa4-a97d-d965ccfc6d4b" outcome="Passed" testListId="8c84fa94-04c1-424b-9868-57a2d4851a1d" relativeResultsDirectory="1d619094-5468-4be0-8a54-0cc0f699a0a3" />
    <UnitTestResult executionId="1b7bc35b-f56a-4e63-9391-3aee2fcde0f4" testId="880da315-51a5-facb-4f5d-0ceb4daad608" testName="DeviceIcons_ShouldNotBeEmpty_WhenCalled" computerName="DKSR-EFI-06" duration="00:00:00.0001733" startTime="2024-01-09T15:47:04.4710881+01:00" endTime="2024-01-09T15:47:04.4710881+01:00" testType="13cdc9d9-ddb5-4fa4-a97d-d965ccfc6d4b" outcome="Passed" testListId="8c84fa94-04c1-424b-9868-57a2d4851a1d" relativeResultsDirectory="1b7bc35b-f56a-4e63-9391-3aee2fcde0f4" />
    <UnitTestResult executionId="52c7cf54-0d7d-44ce-8bc3-56b36f622f69" testId="97233566-784e-0a25-ecca-3d6658603571" testName="Constructor_ShouldInitialiseDeviceSelectorWindowViewModel_WhenCreatingInstance" computerName="DKSR-EFI-06" duration="00:00:00.0590151" startTime="2024-01-09T15:45:29.4356679+01:00" endTime="2024-01-09T15:45:29.4981669+01:00" testType="13cdc9d9-ddb5-4fa4-a97d-d965ccfc6d4b" outcome="Passed" testListId="8c84fa94-04c1-424b-9868-57a2d4851a1d" relativeResultsDirectory="52c7cf54-0d7d-44ce-8bc3-56b36f622f69" />
    <UnitTestResult executionId="917d6cad-f682-4a03-91f1-b34d9d8be8bf" testId="a50d2941-a3c6-9371-026f-bc022ac6c222" testName="Toolbar_IsVisible_WhenNotInLiveOrPlayback_ReactsTo_ButtonBecomingVisible" computerName="DKSR-EFI-06" duration="00:00:00.0208459" startTime="2024-01-09T15:47:11.0198278+01:00" endTime="2024-01-09T15:47:11.0510859+01:00" testType="13cdc9d9-ddb5-4fa4-a97d-d965ccfc6d4b" outcome="Passed" testListId="8c84fa94-04c1-424b-9868-57a2d4851a1d" relativeResultsDirectory="917d6cad-f682-4a03-91f1-b34d9d8be8bf" />
    <UnitTestResult executionId="319f3785-5109-453e-bf6a-eace5e686678" testId="9d2adb93-4837-25dd-c5fc-bdfa01122682" testName="HandleGetLayerFeatures_ShouldRaiseArgumentException_WhenIsCalled" computerName="DKSR-EFI-06" duration="00:00:00.0005517" startTime="2024-01-09T15:47:07.2063376+01:00" endTime="2024-01-09T15:47:07.2219688+01:00" testType="13cdc9d9-ddb5-4fa4-a97d-d965ccfc6d4b" outcome="Passed" testListId="8c84fa94-04c1-424b-9868-57a2d4851a1d" relativeResultsDirectory="319f3785-5109-453e-bf6a-eace5e686678" />
    <UnitTestResult executionId="4eb7175e-1248-42d6-99f9-c994842c13bc" testId="8252077b-13bd-fcd5-946c-4ceaed8bb503" testName="Id_ShouldBeDifferent_WhenSearchResultIdIsGuidEmpty" computerName="DKSR-EFI-06" duration="00:00:00.0005747" startTime="2024-01-09T15:46:45.3884870+01:00" endTime="2024-01-09T15:46:45.3884870+01:00" testType="13cdc9d9-ddb5-4fa4-a97d-d965ccfc6d4b" outcome="Passed" testListId="8c84fa94-04c1-424b-9868-57a2d4851a1d" relativeResultsDirectory="4eb7175e-1248-42d6-99f9-c994842c13bc" />
    <UnitTestResult executionId="749da271-e496-49f9-82a1-f827b09eda0a" testId="29952541-0072-8c3b-e8db-a524fa1509da" testName="RemoveSelectedCameraCommand_WithActiveSearchTemplateAndValidCamera_ActiveSearchTemplateModifiedSet" computerName="DKSR-EFI-06" duration="00:00:00.0087776" startTime="2024-01-09T15:46:37.7462626+01:00" endTime="2024-01-09T15:46:37.7618902+01:00" testType="13cdc9d9-ddb5-4fa4-a97d-d965ccfc6d4b" outcome="Passed" testListId="8c84fa94-04c1-424b-9868-57a2d4851a1d" relativeResultsDirectory="749da271-e496-49f9-82a1-f827b09eda0a" />
    <UnitTestResult executionId="d088647d-0862-4c5b-824a-a0bfab518c98" testId="ed8ce939-1ecb-5339-ef24-908cae52144a" testName="PtzInfoViewModel_PtzCotrolledByPatrollingTest" computerName="DKSR-EFI-06" duration="00:00:00.0023792" startTime="2024-01-09T15:45:21.4200362+01:00" endTime="2024-01-09T15:45:21.4200362+01:00" testType="13cdc9d9-ddb5-4fa4-a97d-d965ccfc6d4b" outcome="Passed" testListId="8c84fa94-04c1-424b-9868-57a2d4851a1d" relativeResultsDirectory="d088647d-0862-4c5b-824a-a0bfab518c98" />
    <UnitTestResult executionId="4bb98507-d0e5-41c7-8e47-4f77f1ec1db1" testId="65ba2efa-0759-8a99-b7e3-1a551182172b" testName="Convert_InvalidFirstArgument_Collapsed" computerName="DKSR-EFI-06" duration="00:00:00.0028523" startTime="2024-01-09T15:46:14.3805184+01:00" endTime="2024-01-09T15:46:14.3805184+01:00" testType="13cdc9d9-ddb5-4fa4-a97d-d965ccfc6d4b" outcome="Passed" testListId="8c84fa94-04c1-424b-9868-57a2d4851a1d" relativeResultsDirectory="4bb98507-d0e5-41c7-8e47-4f77f1ec1db1" />
    <UnitTestResult executionId="c4ea0017-4746-4e95-a7a3-802f46ce7dec" testId="ac3585d4-59ce-87ee-5312-f23049732097" testName="FilteredItems_FilterApplied_SubsetOfItemsVisible" computerName="DKSR-EFI-06" duration="00:00:00.0393338" startTime="2024-01-09T15:47:00.2202182+01:00" endTime="2024-01-09T15:47:00.2514698+01:00" testType="13cdc9d9-ddb5-4fa4-a97d-d965ccfc6d4b" outcome="Passed" testListId="8c84fa94-04c1-424b-9868-57a2d4851a1d" relativeResultsDirectory="c4ea0017-4746-4e95-a7a3-802f46ce7dec" />
    <UnitTestResult executionId="838edd8f-127f-47b9-a48f-0d78a39cf29c" testId="98c541d3-5d24-2401-7643-1e542884ed7a" testName="CreateReportAsync_ShouldSplitFrontPage_WhereFrontPageNotesSectionIsTooLarge" computerName="DKSR-EFI-06" duration="00:00:00.0761835" startTime="2024-01-09T15:46:39.7311299+01:00" endTime="2024-01-09T15:46:39.7936419+01:00" testType="13cdc9d9-ddb5-4fa4-a97d-d965ccfc6d4b" outcome="Passed" testListId="8c84fa94-04c1-424b-9868-57a2d4851a1d" relativeResultsDirectory="838edd8f-127f-47b9-a48f-0d78a39cf29c" />
    <UnitTestResult executionId="d61b068d-e2c1-46d9-97f6-910841b6c4a4" testId="93ef99d9-ca73-69ac-4d15-4561a881ee1d" testName="GetDeviceData_ShouldReturnDeviceData_WhenMicrophoneKindAndExistingMicrophoneId" computerName="DKSR-EFI-06" duration="00:00:00.0923361" startTime="2024-01-09T15:45:42.2325452+01:00" endTime="2024-01-09T15:45:42.3262952+01:00" testType="13cdc9d9-ddb5-4fa4-a97d-d965ccfc6d4b" outcome="Passed" testListId="8c84fa94-04c1-424b-9868-57a2d4851a1d" relativeResultsDirectory="d61b068d-e2c1-46d9-97f6-910841b6c4a4" />
    <UnitTestResult executionId="a0980337-c950-448f-a594-9609431a4991" testId="8f19814e-6231-9ee7-d114-fdf6c35f1f79" testName="CreateExportDialog_CannotSelectExportToOptics_WithoutPrerequisitesSatisfied" computerName="DKSR-EFI-06" duration="00:00:00.0092126" startTime="2024-01-09T15:45:42.6544221+01:00" endTime="2024-01-09T15:45:42.6700453+01:00" testType="13cdc9d9-ddb5-4fa4-a97d-d965ccfc6d4b" outcome="Passed" testListId="8c84fa94-04c1-424b-9868-57a2d4851a1d" relativeResultsDirectory="a0980337-c950-448f-a594-9609431a4991" />
    <UnitTestResult executionId="ce13e7f8-68ab-42a9-814f-958ad96d7db5" testId="9aef69ad-5102-e920-d6a1-4c0ddf8b9303" testName="AutomationId_ShouldBeValid_WhenInteractionStateIsAddCamera" computerName="DKSR-EFI-06" duration="00:00:00.0004783" startTime="2024-01-09T15:45:31.0137926+01:00" endTime="2024-01-09T15:45:31.0137926+01:00" testType="13cdc9d9-ddb5-4fa4-a97d-d965ccfc6d4b" outcome="Passed" testListId="8c84fa94-04c1-424b-9868-57a2d4851a1d" relativeResultsDirectory="ce13e7f8-68ab-42a9-814f-958ad96d7db5" />
    <UnitTestResult executionId="21d3b994-a17f-4ece-b43d-124662df2040" testId="518a8b99-6420-184f-272c-7fecbc8732ca" testName="LanguageOptionsData_IsSorted_Success" computerName="DKSR-EFI-06" duration="00:00:00.0097037" startTime="2024-01-09T15:47:09.7226477+01:00" endTime="2024-01-09T15:47:09.7382734+01:00" testType="13cdc9d9-ddb5-4fa4-a97d-d965ccfc6d4b" outcome="Passed" testListId="8c84fa94-04c1-424b-9868-57a2d4851a1d" relativeResultsDirectory="21d3b994-a17f-4ece-b43d-124662df2040" />
    <UnitTestResult executionId="2b4547c3-5e15-4cfe-9900-8d5e5d55400e" testId="a82486f4-91e1-c778-be1c-6489525080cf" testName="PtzSessionControllerInfoConstructorTest_From_PtzSessionInfo_Windows_User" computerName="DKSR-EFI-06" duration="00:00:00.0203912" startTime="2024-01-09T15:45:19.5137834+01:00" endTime="2024-01-09T15:45:19.5294077+01:00" testType="13cdc9d9-ddb5-4fa4-a97d-d965ccfc6d4b" outcome="Passed" testListId="8c84fa94-04c1-424b-9868-57a2d4851a1d" relativeResultsDirectory="2b4547c3-5e15-4cfe-9900-8d5e5d55400e" />
    <UnitTestResult executionId="0082a93a-4240-48be-8aff-bae122c8e386" testId="8d0f5bca-e5ea-0fcc-cf70-4bf5237286c3" testName="UpdateScope_NoChanges_ReturnsFalse" computerName="DKSR-EFI-06" duration="00:00:00.0001602" startTime="2024-01-09T15:46:45.2634645+01:00" endTime="2024-01-09T15:46:45.2634645+01:00" testType="13cdc9d9-ddb5-4fa4-a97d-d965ccfc6d4b" outcome="Passed" testListId="8c84fa94-04c1-424b-9868-57a2d4851a1d" relativeResultsDirectory="0082a93a-4240-48be-8aff-bae122c8e386" />
    <UnitTestResult executionId="72775482-8a57-4ee0-9f11-b521c28def2b" testId="8a4d4995-3c1b-876f-b006-d12439f37a6d" testName="AndOrSearchDefinitionToVisibilityMultiConverter_CallConvert_FirstInList" computerName="DKSR-EFI-06" duration="00:00:00.0022306" startTime="2024-01-09T15:46:14.2086175+01:00" endTime="2024-01-09T15:46:14.2086175+01:00" testType="13cdc9d9-ddb5-4fa4-a97d-d965ccfc6d4b" outcome="Passed" testListId="8c84fa94-04c1-424b-9868-57a2d4851a1d" relativeResultsDirectory="72775482-8a57-4ee0-9f11-b521c28def2b" />
    <UnitTestResult executionId="0d51c4fa-df1d-40a9-916f-a256f654c9f0" testId="ee3692c6-4239-b2e2-f69d-66ef9eb784ce" testName="TestForAssemblyCoverage" computerName="DKSR-EFI-06" duration="00:00:00.0545706" startTime="2024-01-09T15:45:21.1700351+01:00" endTime="2024-01-09T15:45:21.2169082+01:00" testType="13cdc9d9-ddb5-4fa4-a97d-d965ccfc6d4b" outcome="Passed" testListId="8c84fa94-04c1-424b-9868-57a2d4851a1d" relativeResultsDirectory="0d51c4fa-df1d-40a9-916f-a256f654c9f0" />
    <UnitTestResult executionId="accdf9bd-4fc5-4b3a-b451-dd0b736cd28d" testId="cab07565-7102-ab00-4f85-136d84889f35" testName="UpdateItems_WhenStrategyReturnsUpdateNotNeeded_ShouldNotResultInMipItemsReadyEvent" computerName="DKSR-EFI-06" duration="00:00:00.0023660" startTime="2024-01-09T15:45:39.2481702+01:00" endTime="2024-01-09T15:45:39.2481702+01:00" testType="13cdc9d9-ddb5-4fa4-a97d-d965ccfc6d4b" outcome="Passed" testListId="8c84fa94-04c1-424b-9868-57a2d4851a1d" relativeResultsDirectory="accdf9bd-4fc5-4b3a-b451-dd0b736cd28d" />
    <UnitTestResult executionId="49c023db-9b7e-4f77-bfb3-ba2884ea56de" testId="eef2616b-2ca4-c350-22c0-5b72ecd848dd" testName="UpdateSearchTemplateAsync_Succeeds_Success" computerName="DKSR-EFI-06" duration="00:00:00.0053926" startTime="2024-01-09T15:46:44.0288809+01:00" endTime="2024-01-09T15:46:44.0445061+01:00" testType="13cdc9d9-ddb5-4fa4-a97d-d965ccfc6d4b" outcome="Passed" testListId="8c84fa94-04c1-424b-9868-57a2d4851a1d" relativeResultsDirectory="49c023db-9b7e-4f77-bfb3-ba2884ea56de" />
    <UnitTestResult executionId="1f9c27fb-ff74-4c8a-90fe-b16fd099e03a" testId="88eff823-fbf7-7507-7019-8e0b7f4937d4" testName="SearchResultsActionBarActions_ActionResultDeleted_Success" computerName="DKSR-EFI-06" duration="00:00:00.0093377" startTime="2024-01-09T15:46:35.8707224+01:00" endTime="2024-01-09T15:46:35.8863518+01:00" testType="13cdc9d9-ddb5-4fa4-a97d-d965ccfc6d4b" outcome="Passed" testListId="8c84fa94-04c1-424b-9868-57a2d4851a1d" relativeResultsDirectory="1f9c27fb-ff74-4c8a-90fe-b16fd099e03a" />
    <UnitTestResult executionId="89ef1380-0da1-4339-b8be-b6a350966da2" testId="3204b6d4-271a-3c48-7f1c-1d8f9fa8fb2f" testName="PtzSessionControllerInfo_UserChangedTest_Argument_Null_1" computerName="DKSR-EFI-06" duration="00:00:00.0012929" startTime="2024-01-09T15:45:19.5606765+01:00" endTime="2024-01-09T15:45:19.5606765+01:00" testType="13cdc9d9-ddb5-4fa4-a97d-d965ccfc6d4b" outcome="Passed" testListId="8c84fa94-04c1-424b-9868-57a2d4851a1d" relativeResultsDirectory="89ef1380-0da1-4339-b8be-b6a350966da2" />
    <UnitTestResult executionId="d04a21a8-a651-43bd-9571-0c7a454da66c" testId="41ffe1b6-1bbb-2400-999f-02df2a743ad6" testName="Connect_WhenServerAuthenticationIsOAuthSecure_ShouldCreateSecureSchClient" computerName="DKSR-EFI-06" duration="00:00:00.0189738" startTime="2024-01-09T15:45:09.8262566+01:00" endTime="2024-01-09T15:45:09.8575079+01:00" testType="13cdc9d9-ddb5-4fa4-a97d-d965ccfc6d4b" outcome="Passed" testListId="8c84fa94-04c1-424b-9868-57a2d4851a1d" relativeResultsDirectory="d04a21a8-a651-43bd-9571-0c7a454da66c" />
    <UnitTestResult executionId="a38a9969-b20c-4558-965a-1028e0e78574" testId="bbef5494-4e92-f5fc-3633-d07397508d79" testName="DeviceIcons_ShouldBeCached_WhenCalled" computerName="DKSR-EFI-06" duration="00:00:00.0002109" startTime="2024-01-09T15:47:04.4242000+01:00" endTime="2024-01-09T15:47:04.4242000+01:00" testType="13cdc9d9-ddb5-4fa4-a97d-d965ccfc6d4b" outcome="Passed" testListId="8c84fa94-04c1-424b-9868-57a2d4851a1d" relativeResultsDirectory="a38a9969-b20c-4558-965a-1028e0e78574" />
    <UnitTestResult executionId="8655143c-ce27-407f-ab6e-e0ff92a787dd" testId="74ee50b8-0598-e8ca-7e2f-330081ea45bc" testName="TestWriteXmlTaskId" computerName="DKSR-EFI-06" duration="00:00:00.0007150" startTime="2024-01-09T15:47:12.5201615+01:00" endTime="2024-01-09T15:47:12.5201615+01:00" testType="13cdc9d9-ddb5-4fa4-a97d-d965ccfc6d4b" outcome="Passed" testListId="8c84fa94-04c1-424b-9868-57a2d4851a1d" relativeResultsDirectory="8655143c-ce27-407f-ab6e-e0ff92a787dd" />
    <UnitTestResult executionId="58d05f86-4ad8-42b2-b9cc-381390831f36" testId="c78705d8-4e54-e5cc-d7aa-358b1af77cf7" testName="ValueWithFallbackConverterTests_Ctor_Success" computerName="DKSR-EFI-06" duration="00:00:00.0004318" startTime="2024-01-09T15:46:14.4117743+01:00" endTime="2024-01-09T15:46:14.4117743+01:00" testType="13cdc9d9-ddb5-4fa4-a97d-d965ccfc6d4b" outcome="Passed" testListId="8c84fa94-04c1-424b-9868-57a2d4851a1d" relativeResultsDirectory="58d05f86-4ad8-42b2-b9cc-381390831f36" />
    <UnitTestResult executionId="49a5f72c-d570-468e-9a74-87aa11035fd9" testId="15dcfbd5-f39d-5642-bf0e-0d9eb38e85f1" testName="PatrollingProfileListViewModel_Constructor_Success" computerName="DKSR-EFI-06" duration="00:00:00.0385949" startTime="2024-01-09T15:47:09.3631850+01:00" endTime="2024-01-09T15:47:09.3945032+01:00" testType="13cdc9d9-ddb5-4fa4-a97d-d965ccfc6d4b" outcome="Passed" testListId="8c84fa94-04c1-424b-9868-57a2d4851a1d" relativeResultsDirectory="49a5f72c-d570-468e-9a74-87aa11035fd9" />
    <UnitTestResult executionId="44eb6d6a-1a88-4e84-bee0-d18312709cf0" testId="97763cfc-7d38-77f7-1969-32e195ae413f" testName="Cameras_where_the_user_has_RetentionUpdate_rights_can_be_removed_from_the_evidence_lock" computerName="DKSR-EFI-06" duration="00:00:00.0034601" startTime="2024-01-09T15:47:18.6149571+01:00" endTime="2024-01-09T15:47:18.6305902+01:00" testType="13cdc9d9-ddb5-4fa4-a97d-d965ccfc6d4b" outcome="Passed" testListId="8c84fa94-04c1-424b-9868-57a2d4851a1d" relativeResultsDirectory="44eb6d6a-1a88-4e84-bee0-d18312709cf0" />
    <UnitTestResult executionId="3a95b627-676a-44a8-ae38-c861a08cf834" testId="55d96512-5a91-19ab-11b5-5b61e2c70e29" testName="DisplayErrorOnNotificationArea_CustomSearchError_Success" computerName="DKSR-EFI-06" duration="00:00:00.0104901" startTime="2024-01-09T15:46:38.3714173+01:00" endTime="2024-01-09T15:46:38.3870416+01:00" testType="13cdc9d9-ddb5-4fa4-a97d-d965ccfc6d4b" outcome="Passed" testListId="8c84fa94-04c1-424b-9868-57a2d4851a1d" relativeResultsDirectory="3a95b627-676a-44a8-ae38-c861a08cf834" />
    <UnitTestResult executionId="43c6dea5-36c1-4f5f-be23-90c3abefe9d9" testId="34f71d61-40e4-8716-5c83-5c84a7e66552" testName="TestLoadAsync_Success" computerName="DKSR-EFI-06" duration="00:00:00.0085161" startTime="2024-01-09T15:47:06.7687148+01:00" endTime="2024-01-09T15:47:06.7843449+01:00" testType="13cdc9d9-ddb5-4fa4-a97d-d965ccfc6d4b" outcome="Passed" testListId="8c84fa94-04c1-424b-9868-57a2d4851a1d" relativeResultsDirectory="43c6dea5-36c1-4f5f-be23-90c3abefe9d9" />
    <UnitTestResult executionId="b1d12b9a-d5af-43a0-8466-be5be00d05eb" testId="17891e0b-7823-7706-f334-6ca55cc2528c" testName="RemoveSelectedCameraCommand_CameraInList_CameraRemoved" computerName="DKSR-EFI-06" duration="00:00:00.0080606" startTime="2024-01-09T15:46:37.7462626+01:00" endTime="2024-01-09T15:46:37.7462626+01:00" testType="13cdc9d9-ddb5-4fa4-a97d-d965ccfc6d4b" outcome="Passed" testListId="8c84fa94-04c1-424b-9868-57a2d4851a1d" relativeResultsDirectory="b1d12b9a-d5af-43a0-8466-be5be00d05eb" />
    <UnitTestResult executionId="94302521-331e-48af-ab09-c4f169f36cda" testId="37275f45-b603-68a0-1bd8-9697e06c83fc" testName="Domain_ShouldThrow_InvalidOperationException_WhenConstructedUsingExternal" computerName="DKSR-EFI-06" duration="00:00:00.0010065" startTime="2024-01-09T15:45:20.2794070+01:00" endTime="2024-01-09T15:45:20.2794070+01:00" testType="13cdc9d9-ddb5-4fa4-a97d-d965ccfc6d4b" outcome="Passed" testListId="8c84fa94-04c1-424b-9868-57a2d4851a1d" relativeResultsDirectory="94302521-331e-48af-ab09-c4f169f36cda" />
    <UnitTestResult executionId="d0d822ea-eb7d-4319-b134-1e17a200d0df" testId="443c2399-34e1-f6f5-cccc-278f0b0d999a" testName="AudioControllerOnDevicesLockEvent_ShouldNotEnableMicrophones_WhenUnlockingAudioDevicesAndApplicationIsInBrowseMode" computerName="DKSR-EFI-06" duration="00:00:00.0125055" startTime="2024-01-09T15:47:04.9556328+01:00" endTime="2024-01-09T15:47:04.9556328+01:00" testType="13cdc9d9-ddb5-4fa4-a97d-d965ccfc6d4b" outcome="Passed" testListId="8c84fa94-04c1-424b-9868-57a2d4851a1d" relativeResultsDirectory="d0d822ea-eb7d-4319-b134-1e17a200d0df" />
    <UnitTestResult executionId="605434e5-e4f9-4957-a1de-c6b5f00494f7" testId="c80f6705-aed7-e74b-8edd-9b2f7c5971b3" testName="PtzPresetsMenuViewModel_PtzReservedByOtherUserTest" computerName="DKSR-EFI-06" duration="00:00:00.0013061" startTime="2024-01-09T15:47:15.4269635+01:00" endTime="2024-01-09T15:47:15.4269635+01:00" testType="13cdc9d9-ddb5-4fa4-a97d-d965ccfc6d4b" outcome="Passed" testListId="8c84fa94-04c1-424b-9868-57a2d4851a1d" relativeResultsDirectory="605434e5-e4f9-4957-a1de-c6b5f00494f7" />
    <UnitTestResult executionId="da38d5fa-8bcc-41c5-8708-c790627c2667" testId="03362dc6-019e-7120-2944-4e9a1bc66b6d" testName="LoadBoundingShapes_PolygonShape_AddedToUI" computerName="DKSR-EFI-06" duration="00:00:00.0231069" startTime="2024-01-09T15:47:00.0483444+01:00" endTime="2024-01-09T15:47:00.0795957+01:00" testType="13cdc9d9-ddb5-4fa4-a97d-d965ccfc6d4b" outcome="Passed" testListId="8c84fa94-04c1-424b-9868-57a2d4851a1d" relativeResultsDirectory="da38d5fa-8bcc-41c5-8708-c790627c2667" />
    <UnitTestResult executionId="b689da7b-8ebf-48ce-aceb-bcf8c256e45f" testId="98a7490b-a0d5-3f84-ad1f-205206139c5a" testName="DeviceIcons_ShouldBeCached_WhenCalled" computerName="DKSR-EFI-06" duration="00:00:00.0001657" startTime="2024-01-09T15:47:04.4242000+01:00" endTime="2024-01-09T15:47:04.4242000+01:00" testType="13cdc9d9-ddb5-4fa4-a97d-d965ccfc6d4b" outcome="Passed" testListId="8c84fa94-04c1-424b-9868-57a2d4851a1d" relativeResultsDirectory="b689da7b-8ebf-48ce-aceb-bcf8c256e45f" />
    <UnitTestResult executionId="ea68cf01-9602-40f2-9626-1c78d56ca73c" testId="5c9e3b97-385d-08ab-8be4-492336c43670" testName="Convert_InvalidSecondArgument_Collapsed" computerName="DKSR-EFI-06" duration="00:00:00.0002332" startTime="2024-01-09T15:46:14.3805184+01:00" endTime="2024-01-09T15:46:14.3805184+01:00" testType="13cdc9d9-ddb5-4fa4-a97d-d965ccfc6d4b" outcome="Passed" testListId="8c84fa94-04c1-424b-9868-57a2d4851a1d" relativeResultsDirectory="ea68cf01-9602-40f2-9626-1c78d56ca73c" />
    <UnitTestResult executionId="b41edd07-9399-4d5c-8f5d-5c39f991c8f9" testId="c122d3c0-e65a-97bc-0031-9b0adfb0a20b" testName="Execute_YesCommand_DialogResultReturnsTrue" computerName="DKSR-EFI-06" duration="00:00:00.0006872" startTime="2024-01-09T15:47:11.1292367+01:00" endTime="2024-01-09T15:47:11.1292367+01:00" testType="13cdc9d9-ddb5-4fa4-a97d-d965ccfc6d4b" outcome="Passed" testListId="8c84fa94-04c1-424b-9868-57a2d4851a1d" relativeResultsDirectory="b41edd07-9399-4d5c-8f5d-5c39f991c8f9" />
    <UnitTestResult executionId="9d6e72ef-b3c5-409e-a53a-66b177a243c0" testId="82d78304-b48c-9515-7f8e-4adb71fd31ee" testName="AddSelectedCameras_CameraAlreadyAdded_NoDuplicates" computerName="DKSR-EFI-06" duration="00:00:00.0090971" startTime="2024-01-09T15:46:36.7459847+01:00" endTime="2024-01-09T15:46:36.7459847+01:00" testType="13cdc9d9-ddb5-4fa4-a97d-d965ccfc6d4b" outcome="Passed" testListId="8c84fa94-04c1-424b-9868-57a2d4851a1d" relativeResultsDirectory="9d6e72ef-b3c5-409e-a53a-66b177a243c0" />
    <UnitTestResult executionId="6d555ddb-2c64-428c-80eb-09a98b2d7a73" testId="0b44e872-d464-60e7-3348-83243bc0d155" testName="Warning_Shown_When_Reducing_Protection_Expiry" computerName="DKSR-EFI-06" duration="00:00:00.0107816" startTime="2024-01-09T15:47:18.5680835+01:00" endTime="2024-01-09T15:47:18.5837096+01:00" testType="13cdc9d9-ddb5-4fa4-a97d-d965ccfc6d4b" outcome="Passed" testListId="8c84fa94-04c1-424b-9868-57a2d4851a1d" relativeResultsDirectory="6d555ddb-2c64-428c-80eb-09a98b2d7a73" />
    <UnitTestResult executionId="eaa43404-a4d9-4e8f-955c-05c257fee7c5" testId="bab1654e-c8b6-f4c1-eb14-25680f0e8712" testName="SupportsRightClick_ShouldBeFalse_WhenInteractionStateIsNotNormal" computerName="DKSR-EFI-06" duration="00:00:00.0438497" startTime="2024-01-09T15:45:35.7950450+01:00" endTime="2024-01-09T15:45:35.8419205+01:00" testType="13cdc9d9-ddb5-4fa4-a97d-d965ccfc6d4b" outcome="Passed" testListId="8c84fa94-04c1-424b-9868-57a2d4851a1d" relativeResultsDirectory="eaa43404-a4d9-4e8f-955c-05c257fee7c5" />
    <UnitTestResult executionId="c2e7bd7d-287b-4885-b61e-c2b3bb3f1089" testId="e9266c48-cfc4-e144-1936-f643e910fdf5" testName="GisMapModel_Save_Success" computerName="DKSR-EFI-06" duration="00:00:00.0277093" startTime="2024-01-09T15:47:03.1581608+01:00" endTime="2024-01-09T15:47:03.1894094+01:00" testType="13cdc9d9-ddb5-4fa4-a97d-d965ccfc6d4b" outcome="Passed" testListId="8c84fa94-04c1-424b-9868-57a2d4851a1d" relativeResultsDirectory="c2e7bd7d-287b-4885-b61e-c2b3bb3f1089" />
    <UnitTestResult executionId="0d5bfc37-df0a-4986-a292-3be52721e4ee" testId="c8fe984c-75b4-9cd0-54a9-6f5de670d21e" testName="AddToExportDevices_ShouldReturnCorrectResult (0,0,1)" computerName="DKSR-EFI-06" duration="00:00:00.0012113" startTime="2024-01-09T15:47:11.6918520+01:00" endTime="2024-01-09T15:47:11.7074850+01:00" testType="13cdc9d9-ddb5-4fa4-a97d-d965ccfc6d4b" outcome="Passed" testListId="8c84fa94-04c1-424b-9868-57a2d4851a1d" relativeResultsDirectory="0d5bfc37-df0a-4986-a292-3be52721e4ee" />
    <UnitTestResult executionId="6949e263-b7e2-499a-8847-b0fd3978baa6" testId="f680908c-3b4b-7b4d-7066-6e5fce7c0b27" testName="GetClusters_ExcludeThenIncludeExcludedItems_NoChange (Data Row 3)" computerName="DKSR-EFI-06" duration="00:00:00.0119718" startTime="2024-01-09T15:47:07.8784025+01:00" endTime="2024-01-09T15:47:08.0815823+01:00" testType="13cdc9d9-ddb5-4fa4-a97d-d965ccfc6d4b" outcome="Passed" testListId="8c84fa94-04c1-424b-9868-57a2d4851a1d" relativeResultsDirectory="6949e263-b7e2-499a-8847-b0fd3978baa6" />
    <UnitTestResult executionId="1a9ee908-99c2-498d-8a8b-e3ca57f3b2c4" testId="8d3921c6-4c1a-b1d4-4584-3d6429a3707e" testName="DetermineUserAllowsUnsecureConnection_WhereUserIsAskedAndUnsecureIsAllow_ShouldReturnTrue" computerName="DKSR-EFI-06" duration="00:00:00.0005267" startTime="2024-01-09T15:45:10.1387565+01:00" endTime="2024-01-09T15:45:10.1387565+01:00" testType="13cdc9d9-ddb5-4fa4-a97d-d965ccfc6d4b" outcome="Passed" testListId="8c84fa94-04c1-424b-9868-57a2d4851a1d" relativeResultsDirectory="1a9ee908-99c2-498d-8a8b-e3ca57f3b2c4" />
    <UnitTestResult executionId="ce45fd7b-b4db-4568-83e6-652808e8c4f5" testId="9436abbf-5e35-6c76-dd3c-5e8e30ea43e2" testName="LeftButtonDown_DoubleClickNoZoomHandler_DoesNotCrash" computerName="DKSR-EFI-06" duration="00:00:00.0113231" startTime="2024-01-09T15:45:31.1544192+01:00" endTime="2024-01-09T15:45:31.1700439+01:00" testType="13cdc9d9-ddb5-4fa4-a97d-d965ccfc6d4b" outcome="Passed" testListId="8c84fa94-04c1-424b-9868-57a2d4851a1d" relativeResultsDirectory="ce45fd7b-b4db-4568-83e6-652808e8c4f5" />
    <UnitTestResult executionId="c938fc5f-527e-43ed-ad5d-716d550c0d6f" testId="074b42c5-f1ad-52e6-005b-319d157cb31a" testName="ShouldReturnTrueFirstTimeAndFalseWhenNothingChanged" computerName="DKSR-EFI-06" duration="00:00:00.0243720" startTime="2024-01-09T15:45:39.2637940+01:00" endTime="2024-01-09T15:45:39.2950458+01:00" testType="13cdc9d9-ddb5-4fa4-a97d-d965ccfc6d4b" outcome="Passed" testListId="8c84fa94-04c1-424b-9868-57a2d4851a1d" relativeResultsDirectory="c938fc5f-527e-43ed-ad5d-716d550c0d6f" />
    <UnitTestResult executionId="4454b385-0579-4f7e-9cd6-3f67e3983028" testId="dae60964-6fd2-ce46-6ae5-e5c61041a0e8" testName="Problem_Repro" computerName="DKSR-EFI-06" duration="00:00:00.1123785" startTime="2024-01-09T15:47:18.3493053+01:00" endTime="2024-01-09T15:47:18.4587512+01:00" testType="13cdc9d9-ddb5-4fa4-a97d-d965ccfc6d4b" outcome="Passed" testListId="8c84fa94-04c1-424b-9868-57a2d4851a1d" relativeResultsDirectory="4454b385-0579-4f7e-9cd6-3f67e3983028" />
    <UnitTestResult executionId="4f51ca9b-32eb-4d62-b240-5b1cc4a2f9b8" testId="a6493ade-3aba-8e55-3d5b-e3a18089f41b" testName="CameraMapItem_ForceActivateAsync_InBuilding_MapLayerHidden_Success" computerName="DKSR-EFI-06" duration="00:00:00.0205292" startTime="2024-01-09T15:47:02.6424592+01:00" endTime="2024-01-09T15:47:02.6737125+01:00" testType="13cdc9d9-ddb5-4fa4-a97d-d965ccfc6d4b" outcome="Passed" testListId="8c84fa94-04c1-424b-9868-57a2d4851a1d" relativeResultsDirectory="4f51ca9b-32eb-4d62-b240-5b1cc4a2f9b8" />
    <UnitTestResult executionId="5e91a9d7-8ddf-42b8-80f9-2143a87e04c3" testId="f680908c-3b4b-7b4d-7066-6e5fce7c0b27" testName="GetClusters_ExcludeThenIncludeExcludedItems_NoChange (Data Row 18)" computerName="DKSR-EFI-06" duration="00:00:00.0088632" startTime="2024-01-09T15:47:07.8784025+01:00" endTime="2024-01-09T15:47:08.0815823+01:00" testType="13cdc9d9-ddb5-4fa4-a97d-d965ccfc6d4b" outcome="Passed" testListId="8c84fa94-04c1-424b-9868-57a2d4851a1d" relativeResultsDirectory="5e91a9d7-8ddf-42b8-80f9-2143a87e04c3" />
    <UnitTestResult executionId="939c8a32-2313-461a-9662-2953cb3e6756" testId="a463440b-2916-b6c4-8a71-e3deeca8173f" testName="TestInitializeWorkrooms_OnlySearchWorkroom_Success" computerName="DKSR-EFI-06" duration="00:00:00.0385558" startTime="2024-01-09T15:45:19.0450308+01:00" endTime="2024-01-09T15:45:19.0762806+01:00" testType="13cdc9d9-ddb5-4fa4-a97d-d965ccfc6d4b" outcome="Passed" testListId="8c84fa94-04c1-424b-9868-57a2d4851a1d" relativeResultsDirectory="939c8a32-2313-461a-9662-2953cb3e6756" />
    <UnitTestResult executionId="89636382-b1e0-431c-bc02-d973b84fefd7" testId="1038d0a8-74b6-4dd8-b766-1b08a5e0b707" testName="MipItemsMapLayer_Loaded_Success" computerName="DKSR-EFI-06" duration="00:00:00.0100349" startTime="2024-01-09T15:47:01.3610162+01:00" endTime="2024-01-09T15:47:01.3766557+01:00" testType="13cdc9d9-ddb5-4fa4-a97d-d965ccfc6d4b" outcome="Passed" testListId="8c84fa94-04c1-424b-9868-57a2d4851a1d" relativeResultsDirectory="89636382-b1e0-431c-bc02-d973b84fefd7" />
    <UnitTestResult executionId="d8cedaa4-9f49-43f8-87f0-550015915f0d" testId="f92d7d34-ac45-0e70-f396-9fcde6a3e066" testName="Combine_Guids_Succeded" computerName="DKSR-EFI-06" duration="00:00:00.0002537" startTime="2024-01-09T15:47:01.8142095+01:00" endTime="2024-01-09T15:47:01.8142095+01:00" testType="13cdc9d9-ddb5-4fa4-a97d-d965ccfc6d4b" outcome="Passed" testListId="8c84fa94-04c1-424b-9868-57a2d4851a1d" relativeResultsDirectory="d8cedaa4-9f49-43f8-87f0-550015915f0d" />
    <UnitTestResult executionId="229fdb7f-56c6-4fd6-b986-e9acfff1c680" testId="aa78a0a1-2106-fb0e-c153-f9f2a07b5821" testName="PatrollingStepViewModel_ConvertToIPatrollingStep" computerName="DKSR-EFI-06" duration="00:00:00.0017921" startTime="2024-01-09T15:47:09.7070167+01:00" endTime="2024-01-09T15:47:09.7226477+01:00" testType="13cdc9d9-ddb5-4fa4-a97d-d965ccfc6d4b" outcome="Passed" testListId="8c84fa94-04c1-424b-9868-57a2d4851a1d" relativeResultsDirectory="229fdb7f-56c6-4fd6-b986-e9acfff1c680" />
    <UnitTestResult executionId="585d0b74-2c9e-4e11-a13b-eb305ed16451" testId="c4920b28-249b-4562-1020-f303c8a65938" testName="AddToExportDevices_ShouldReturnCorrectResult (0,0,0)" computerName="DKSR-EFI-06" duration="00:00:00.0018761" startTime="2024-01-09T15:47:11.6918520+01:00" endTime="2024-01-09T15:47:11.6918520+01:00" testType="13cdc9d9-ddb5-4fa4-a97d-d965ccfc6d4b" outcome="Passed" testListId="8c84fa94-04c1-424b-9868-57a2d4851a1d" relativeResultsDirectory="585d0b74-2c9e-4e11-a13b-eb305ed16451" />
    <UnitTestResult executionId="1ea5b17e-eb60-4712-b0ce-a73b4ccc3c70" testId="d9f777ed-3466-7c99-be02-84bb7ebbad4b" testName="SearchResultsActionBarActions_EditBookmark_SingleResult_EditBookmarkInvoked" computerName="DKSR-EFI-06" duration="00:00:00.0237584" startTime="2024-01-09T15:46:35.6050259+01:00" endTime="2024-01-09T15:46:35.6206572+01:00" testType="13cdc9d9-ddb5-4fa4-a97d-d965ccfc6d4b" outcome="Passed" testListId="8c84fa94-04c1-424b-9868-57a2d4851a1d" relativeResultsDirectory="1ea5b17e-eb60-4712-b0ce-a73b4ccc3c70" />
    <UnitTestResult executionId="263e1024-52e1-4de3-ab22-f6c2c8ac263f" testId="1b7a8e72-6c5b-1b1a-773c-d218457056e9" testName="SmartMapSelectItemHandler_WhenDataIsNotSmartMapSelectItemCommandData_ShouldWriteToLog" computerName="DKSR-EFI-06" duration="00:00:00.0024537" startTime="2024-01-09T15:45:38.8575448+01:00" endTime="2024-01-09T15:45:38.8731697+01:00" testType="13cdc9d9-ddb5-4fa4-a97d-d965ccfc6d4b" outcome="Passed" testListId="8c84fa94-04c1-424b-9868-57a2d4851a1d" relativeResultsDirectory="263e1024-52e1-4de3-ab22-f6c2c8ac263f" />
    <UnitTestResult executionId="4f6722ee-4fe0-4419-a897-272d405f0943" testId="3ab16e75-8a5c-b09f-3b52-52df61cf6c95" testName="JobData_SetsCorrect_StatusText_And_SortOrder" computerName="DKSR-EFI-06" duration="00:00:00.3008656" startTime="2024-01-09T15:47:09.8320417+01:00" endTime="2024-01-09T15:47:10.1289998+01:00" testType="13cdc9d9-ddb5-4fa4-a97d-d965ccfc6d4b" outcome="Passed" testListId="8c84fa94-04c1-424b-9868-57a2d4851a1d" relativeResultsDirectory="4f6722ee-4fe0-4419-a897-272d405f0943" />
    <UnitTestResult executionId="92740a76-a863-4656-9fc6-7b201b595b05" testId="c277206d-3ad5-99fa-fd35-5b55265763de" testName="Execute_OkCommand_DialogResultReturnsTrue" computerName="DKSR-EFI-06" duration="00:00:00.0051489" startTime="2024-01-09T15:47:11.1136016+01:00" endTime="2024-01-09T15:47:11.1292367+01:00" testType="13cdc9d9-ddb5-4fa4-a97d-d965ccfc6d4b" outcome="Passed" testListId="8c84fa94-04c1-424b-9868-57a2d4851a1d" relativeResultsDirectory="92740a76-a863-4656-9fc6-7b201b595b05" />
    <UnitTestResult executionId="69e91b62-0dc2-4ae8-84e8-d1345bcad838" testId="e998f77e-77b2-7e10-d8db-3813eb8031aa" testName="GetClusters_ThreeInitialItems_ClustersForInitialItems (Data Row 3)" computerName="DKSR-EFI-06" duration="00:00:00.0112824" startTime="2024-01-09T15:47:08.8161554+01:00" endTime="2024-01-09T15:47:09.0037088+01:00" testType="13cdc9d9-ddb5-4fa4-a97d-d965ccfc6d4b" outcome="Passed" testListId="8c84fa94-04c1-424b-9868-57a2d4851a1d" relativeResultsDirectory="69e91b62-0dc2-4ae8-84e8-d1345bcad838" />
    <UnitTestResult executionId="18e345b1-4a5d-4165-a40e-9ca2499326fd" testId="5c82a30b-ee73-73a7-ae23-b19a1b7c7820" testName="DisplayErrorOnNotificationArea_NoItemsSupportedSearchError_Success" computerName="DKSR-EFI-06" duration="00:00:00.0170919" startTime="2024-01-09T15:46:38.3245304+01:00" endTime="2024-01-09T15:46:38.3401945+01:00" testType="13cdc9d9-ddb5-4fa4-a97d-d965ccfc6d4b" outcome="Passed" testListId="8c84fa94-04c1-424b-9868-57a2d4851a1d" relativeResultsDirectory="18e345b1-4a5d-4165-a40e-9ca2499326fd" />
    <UnitTestResult executionId="5d657fcc-26ea-4e6d-b737-2deec2848e4b" testId="c98d87e1-2599-14ad-dad8-186cb5a68eb4" testName="TestUpdateState_NotLoggedIn" computerName="DKSR-EFI-06" duration="00:00:00.0130838" startTime="2024-01-09T15:47:12.0669395+01:00" endTime="2024-01-09T15:47:12.0825703+01:00" testType="13cdc9d9-ddb5-4fa4-a97d-d965ccfc6d4b" outcome="Passed" testListId="8c84fa94-04c1-424b-9868-57a2d4851a1d" relativeResultsDirectory="5d657fcc-26ea-4e6d-b737-2deec2848e4b" />
    <UnitTestResult executionId="10a4bbaf-5963-40de-9722-a47c34a74252" testId="c3c8acd6-ab82-9706-0dfb-389b90288a20" testName="SelectOptions_ShouldNotChangeSelectedComponent_WhenGivenNonExistingComponent" computerName="DKSR-EFI-06" duration="00:00:00.0151021" startTime="2024-01-09T15:47:09.8164113+01:00" endTime="2024-01-09T15:47:09.8320417+01:00" testType="13cdc9d9-ddb5-4fa4-a97d-d965ccfc6d4b" outcome="Passed" testListId="8c84fa94-04c1-424b-9868-57a2d4851a1d" relativeResultsDirectory="10a4bbaf-5963-40de-9722-a47c34a74252" />
    <UnitTestResult executionId="8883c252-62dd-4cec-8395-b764e2136c5c" testId="af2a8788-f2d5-ea21-a188-f51e4691cee7" testName="OnSizeChanged_FivePluginButtonsPresentInActionBar_WithRoomForLessThenFourPluginButtonsPluginsMoveToSecondLine" computerName="DKSR-EFI-06" duration="00:00:00.0883877" startTime="2024-01-09T15:45:47.9057770+01:00" endTime="2024-01-09T15:45:47.9839207+01:00" testType="13cdc9d9-ddb5-4fa4-a97d-d965ccfc6d4b" outcome="Passed" testListId="8c84fa94-04c1-424b-9868-57a2d4851a1d" relativeResultsDirectory="8883c252-62dd-4cec-8395-b764e2136c5c" />
    <UnitTestResult executionId="4ebba926-f26f-4956-9344-005d3ad7ec3d" testId="65f38f06-9057-2883-e0bd-60370f8d7d0d" testName="ResultsAvailable_NoResults_Success" computerName="DKSR-EFI-06" duration="00:00:00.0227364" startTime="2024-01-09T15:46:36.1676977+01:00" endTime="2024-01-09T15:46:36.1989537+01:00" testType="13cdc9d9-ddb5-4fa4-a97d-d965ccfc6d4b" outcome="Passed" testListId="8c84fa94-04c1-424b-9868-57a2d4851a1d" relativeResultsDirectory="4ebba926-f26f-4956-9344-005d3ad7ec3d" />
    <UnitTestResult executionId="00c08d57-c2e4-4255-adb9-9b6c2402e4fb" testId="885e02ef-e416-e860-c427-66861a1cef8a" testName="LoginPlugins_ShouldContainOneAccessControlLoginPluginElement_WhenCloseHasBeenPreviouslyCalled" computerName="DKSR-EFI-06" duration="00:00:00.0020059" startTime="2024-01-09T15:47:19.3338148+01:00" endTime="2024-01-09T15:47:19.3338148+01:00" testType="13cdc9d9-ddb5-4fa4-a97d-d965ccfc6d4b" outcome="Passed" testListId="8c84fa94-04c1-424b-9868-57a2d4851a1d" relativeResultsDirectory="00c08d57-c2e4-4255-adb9-9b6c2402e4fb" />
    <UnitTestResult executionId="e10c310e-e7c3-43d9-8783-f76e7425b569" testId="08f82558-d98c-02af-8d5e-3581c5e98c4c" testName="LoadSearchTemplate_ActiveToSameActive_NoUpdateAndEvent" computerName="DKSR-EFI-06" duration="00:00:00.0005492" startTime="2024-01-09T15:46:43.9819890+01:00" endTime="2024-01-09T15:46:43.9819890+01:00" testType="13cdc9d9-ddb5-4fa4-a97d-d965ccfc6d4b" outcome="Passed" testListId="8c84fa94-04c1-424b-9868-57a2d4851a1d" relativeResultsDirectory="e10c310e-e7c3-43d9-8783-f76e7425b569" />
    <UnitTestResult executionId="97059809-e6f7-428e-ac52-9f2d8e9306eb" testId="80d36421-2cec-943f-7f34-60be14e9a632" testName="DeleteIndexFor_Milestone_ItemsAreInGlobalCluster" computerName="DKSR-EFI-06" duration="00:00:00.1101744" startTime="2024-01-09T15:47:08.4566922+01:00" endTime="2024-01-09T15:47:08.5817215+01:00" testType="13cdc9d9-ddb5-4fa4-a97d-d965ccfc6d4b" outcome="Passed" testListId="8c84fa94-04c1-424b-9868-57a2d4851a1d" relativeResultsDirectory="97059809-e6f7-428e-ac52-9f2d8e9306eb" />
    <UnitTestResult executionId="ee32872e-453f-4a07-8e4d-2653d074cdd5" testId="9ee3310d-df68-3208-bd43-511bd668f4d5" testName="OnMarkerRightClicked_ShouldLetMapLayerControlMenuItems_WhenNoMapItemSelected" computerName="DKSR-EFI-06" duration="00:00:00.0108496" startTime="2024-01-09T15:45:33.6075470+01:00" endTime="2024-01-09T15:45:33.6075470+01:00" testType="13cdc9d9-ddb5-4fa4-a97d-d965ccfc6d4b" outcome="Passed" testListId="8c84fa94-04c1-424b-9868-57a2d4851a1d" relativeResultsDirectory="ee32872e-453f-4a07-8e4d-2653d074cdd5" />
    <UnitTestResult executionId="add4bffe-7048-404d-8c0b-f4353eeaec7f" testId="b2d1fc86-5b6c-12c9-7390-a0eef3e963b8" testName="ValidateExportLocation_ShouldReturnFailResult_ExportFolderIsIllegal (False,False)" computerName="DKSR-EFI-06" duration="00:00:00.0190820" startTime="2024-01-09T15:45:44.1546873+01:00" endTime="2024-01-09T15:45:44.1703181+01:00" testType="13cdc9d9-ddb5-4fa4-a97d-d965ccfc6d4b" outcome="Passed" testListId="8c84fa94-04c1-424b-9868-57a2d4851a1d" relativeResultsDirectory="add4bffe-7048-404d-8c0b-f4353eeaec7f" />
    <UnitTestResult executionId="5f9f404a-eb8e-4440-bba7-201456b74a82" testId="743f0fe4-79cc-4cbd-b2f9-4683eb98d09d" testName="SetLayerFeatures_ShouldUpdateMicrophoneItemsMapLayer_WhenMicrophoneKindAndMicrophoneLayerFeatures" computerName="DKSR-EFI-06" duration="00:00:00.0036471" startTime="2024-01-09T15:47:07.3626366+01:00" endTime="2024-01-09T15:47:07.3783149+01:00" testType="13cdc9d9-ddb5-4fa4-a97d-d965ccfc6d4b" outcome="Passed" testListId="8c84fa94-04c1-424b-9868-57a2d4851a1d" relativeResultsDirectory="5f9f404a-eb8e-4440-bba7-201456b74a82" />
    <UnitTestResult executionId="3813bdad-1af6-4970-b946-61897cb2d523" testId="de09b4c2-8c85-fd07-a4bd-ac2ed052171a" testName="SevenDays_Success" computerName="DKSR-EFI-06" duration="00:00:00.0002134" startTime="2024-01-09T15:46:44.3726894+01:00" endTime="2024-01-09T15:46:44.3726894+01:00" testType="13cdc9d9-ddb5-4fa4-a97d-d965ccfc6d4b" outcome="Passed" testListId="8c84fa94-04c1-424b-9868-57a2d4851a1d" relativeResultsDirectory="3813bdad-1af6-4970-b946-61897cb2d523" />
    <UnitTestResult executionId="138e3866-71d5-4911-b9a1-e2af59c6ede3" testId="f4a81b1f-d65d-e48b-b006-18eab3f2b023" testName="Map_DeleteLayer_ImageLayer_Success" computerName="DKSR-EFI-06" duration="00:00:00.0401093" startTime="2024-01-09T15:47:03.8458627+01:00" endTime="2024-01-09T15:47:03.8771235+01:00" testType="13cdc9d9-ddb5-4fa4-a97d-d965ccfc6d4b" outcome="Passed" testListId="8c84fa94-04c1-424b-9868-57a2d4851a1d" relativeResultsDirectory="138e3866-71d5-4911-b9a1-e2af59c6ede3" />
    <UnitTestResult executionId="f2bb1c7f-b02b-4f35-9010-33eb891a41d3" testId="b6ee4187-2f4d-362e-5b8c-3b73aeaf5c65" testName="SearchResultsActionBarActions_DeleteBookmark_2Results1Failed_DeleteBookmarkInvoked" computerName="DKSR-EFI-06" duration="00:00:00.0319196" startTime="2024-01-09T15:46:35.9801702+01:00" endTime="2024-01-09T15:46:36.0114045+01:00" testType="13cdc9d9-ddb5-4fa4-a97d-d965ccfc6d4b" outcome="Passed" testListId="8c84fa94-04c1-424b-9868-57a2d4851a1d" relativeResultsDirectory="f2bb1c7f-b02b-4f35-9010-33eb891a41d3" />
    <UnitTestResult executionId="d7335bb1-9ebe-46e0-97df-ffb1d66c4cf4" testId="6d90f09d-ac26-1a78-00bb-8e50418f096e" testName="MoveToTop_ShouldNotChangeZOrder_WhenItemIdIsNotFound" computerName="DKSR-EFI-06" duration="00:00:00.0092136" startTime="2024-01-09T15:45:31.7794207+01:00" endTime="2024-01-09T15:45:31.7794207+01:00" testType="13cdc9d9-ddb5-4fa4-a97d-d965ccfc6d4b" outcome="Passed" testListId="8c84fa94-04c1-424b-9868-57a2d4851a1d" relativeResultsDirectory="d7335bb1-9ebe-46e0-97df-ffb1d66c4cf4" />
    <UnitTestResult executionId="84f0baec-50df-4f13-a7a3-d2f8ae6d366f" testId="bc1eab18-b23a-a958-6a7b-2426121871d6" testName="AndOrSearchDefinitionToVisibilityMultiConverter_CallConvert_WithNullSearchDefinitionWrapper" computerName="DKSR-EFI-06" duration="00:00:00.0014551" startTime="2024-01-09T15:46:14.2086175+01:00" endTime="2024-01-09T15:46:14.2086175+01:00" testType="13cdc9d9-ddb5-4fa4-a97d-d965ccfc6d4b" outcome="Passed" testListId="8c84fa94-04c1-424b-9868-57a2d4851a1d" relativeResultsDirectory="84f0baec-50df-4f13-a7a3-d2f8ae6d366f" />
    <UnitTestResult executionId="7b6d54e9-13bb-4140-bdcb-3a57808eed2f" testId="9a208f53-2994-a17f-1d39-9e17cb2164bd" testName="FetchDeviceConfiguration_ShouldNotLoadCache_WhenCacheFileIsNotPresent" computerName="DKSR-EFI-06" duration="00:00:00.0367642" startTime="2024-01-09T15:47:17.3179020+01:00" endTime="2024-01-09T15:47:17.3491563+01:00" testType="13cdc9d9-ddb5-4fa4-a97d-d965ccfc6d4b" outcome="Passed" testListId="8c84fa94-04c1-424b-9868-57a2d4851a1d" relativeResultsDirectory="7b6d54e9-13bb-4140-bdcb-3a57808eed2f" />
    <UnitTestResult executionId="6663274a-8ff0-4bd4-8650-95553238c410" testId="e998f77e-77b2-7e10-d8db-3813eb8031aa" testName="GetClusters_ThreeInitialItems_ClustersForInitialItems (Data Row 6)" computerName="DKSR-EFI-06" duration="00:00:00.0082201" startTime="2024-01-09T15:47:08.8161554+01:00" endTime="2024-01-09T15:47:09.0037088+01:00" testType="13cdc9d9-ddb5-4fa4-a97d-d965ccfc6d4b" outcome="Passed" testListId="8c84fa94-04c1-424b-9868-57a2d4851a1d" relativeResultsDirectory="6663274a-8ff0-4bd4-8650-95553238c410" />
    <UnitTestResult executionId="b94ba157-cd7e-4ce8-9c7f-80f926f79251" testId="701dc107-7f79-fab2-b18e-55df056f2ab4" testName="DrawCore_ShouldNotDisplayClusterMarkers_WhenClusteringDisabled" computerName="DKSR-EFI-06" duration="00:00:00.0247885" startTime="2024-01-09T15:45:32.2481690+01:00" endTime="2024-01-09T15:45:32.2794198+01:00" testType="13cdc9d9-ddb5-4fa4-a97d-d965ccfc6d4b" outcome="Passed" testListId="8c84fa94-04c1-424b-9868-57a2d4851a1d" relativeResultsDirectory="b94ba157-cd7e-4ce8-9c7f-80f926f79251" />
    <UnitTestResult executionId="a59d506d-3357-4cd2-bd31-adcc062daf12" testId="368cb1e4-cb3a-71e3-96c7-b85f55f12c0c" testName="Related_device_with_no_create_rights_not_added_when_in_edit_mode" computerName="DKSR-EFI-06" duration="00:00:00.0062629" startTime="2024-01-09T15:47:18.6305902+01:00" endTime="2024-01-09T15:47:18.6462117+01:00" testType="13cdc9d9-ddb5-4fa4-a97d-d965ccfc6d4b" outcome="Passed" testListId="8c84fa94-04c1-424b-9868-57a2d4851a1d" relativeResultsDirectory="a59d506d-3357-4cd2-bd31-adcc062daf12" />
    <UnitTestResult executionId="21a8e094-02fc-43e4-a64a-77a9405a3783" testId="dfe3fd2e-b517-b2eb-b2e2-30f7a11293dd" testName="PatrollingProfileListViewModel_CanExecuteDeleteProfile_No_Profile_Selected" computerName="DKSR-EFI-06" duration="00:00:00.0012740" startTime="2024-01-09T15:47:09.4569600+01:00" endTime="2024-01-09T15:47:09.4569600+01:00" testType="13cdc9d9-ddb5-4fa4-a97d-d965ccfc6d4b" outcome="Passed" testListId="8c84fa94-04c1-424b-9868-57a2d4851a1d" relativeResultsDirectory="21a8e094-02fc-43e4-a64a-77a9405a3783" />
    <UnitTestResult executionId="7e646a7e-ea8d-4d11-8086-618b7a208ea6" testId="1828ecd5-bb3e-6d98-809c-f913ae167b2a" testName="TestBuildingLoadAsync_Success" computerName="DKSR-EFI-06" duration="00:00:00.0410036" startTime="2024-01-09T15:47:00.5483932+01:00" endTime="2024-01-09T15:47:00.5952699+01:00" testType="13cdc9d9-ddb5-4fa4-a97d-d965ccfc6d4b" outcome="Passed" testListId="8c84fa94-04c1-424b-9868-57a2d4851a1d" relativeResultsDirectory="7e646a7e-ea8d-4d11-8086-618b7a208ea6" />
    <UnitTestResult executionId="ca7bddf9-86a5-415b-84f0-426512eb89ff" testId="98514a87-c9e9-a001-7d97-02b7ed802ee7" testName="GisMapModel_AddBuilding_ServerFail_ErrorReported" computerName="DKSR-EFI-06" duration="00:00:00.0677453" startTime="2024-01-09T15:47:01.6735685+01:00" endTime="2024-01-09T15:47:01.7360705+01:00" testType="13cdc9d9-ddb5-4fa4-a97d-d965ccfc6d4b" outcome="Passed" testListId="8c84fa94-04c1-424b-9868-57a2d4851a1d" relativeResultsDirectory="ca7bddf9-86a5-415b-84f0-426512eb89ff">
      <Output>
        <StdOut>Debug Trace:&#xD;
 &gt;&gt;&gt; ERROR: System.ArgumentNullException: Value cannot be null.&#xD;
Parameter name: response&#xD;
   at VideoOS.RemoteClient.GisMapData.Utilities.VersionHelper.ReportUnsupportedData(Type sourceType, String operation, UnsupportedRespBase response) in D:\actions-runner\_work\XPCO\XPCO\SC\Components\dotNet\VideoOS.RemoteClient.GisMapData\Utilities\VersionHelper.cs:line 56&#xD;
   at VideoOS.RemoteClient.GisMapData.GisMapModelController.&lt;&gt;c__DisplayClass50_0.&lt;AddBuildings&gt;b__0() in D:\actions-runner\_work\XPCO\XPCO\SC\Components\dotNet\VideoOS.RemoteClient.GisMapData\GisMapModelController.cs:line 686&#xD;
   at System.Threading.Tasks.Task`1.InnerInvoke()&#xD;
   at System.Threading.Tasks.Task.Execute()&#xD;
 &gt;&gt;&gt; Stack:    at VideoOS.RemoteClient.GisMapData.Utilities.VersionHelper.ReportUnsupportedData(Type sourceType, String operation, UnsupportedRespBase response) in D:\actions-runner\_work\XPCO\XPCO\SC\Components\dotNet\VideoOS.RemoteClient.GisMapData\Utilities\VersionHelper.cs:line 56&#xD;    at VideoOS.RemoteClient.GisMapData.GisMapModelController.&lt;&gt;c__DisplayClass50_0.&lt;AddBuildings&gt;b__0() in D:\actions-runner\_work\XPCO\XPCO\SC\Components\dotNet\VideoOS.RemoteClient.GisMapData\GisMapModelController.cs:line 686&#xD;    at System.Threading.Tasks.Task`1.InnerInvoke()&#xD;    at System.Threading.Tasks.Task.Execute()</StdOut>
      </Output>
    </UnitTestResult>
    <UnitTestResult executionId="9aaa9de2-70e7-4f57-9aef-c85c51d028dc" testId="1e878ee6-feaf-3437-9319-2c6ce9824817" testName="CreateReportAsync_ShouldFadeoutThumbnail_WhenAfterRecordings" computerName="DKSR-EFI-06" duration="00:00:00.0157440" startTime="2024-01-09T15:46:43.0287407+01:00" endTime="2024-01-09T15:46:43.0443249+01:00" testType="13cdc9d9-ddb5-4fa4-a97d-d965ccfc6d4b" outcome="Passed" testListId="8c84fa94-04c1-424b-9868-57a2d4851a1d" relativeResultsDirectory="9aaa9de2-70e7-4f57-9aef-c85c51d028dc" />
    <UnitTestResult executionId="6be78aee-df0c-49ee-a159-ca3e0364b6a3" testId="8803b728-b3cd-d0f6-6a9a-d85dc1ecbb9f" testName="AddCriteriaCommand_SearchAttributeCategoryNull" computerName="DKSR-EFI-06" duration="00:00:00.0086121" startTime="2024-01-09T15:46:38.0588482+01:00" endTime="2024-01-09T15:46:38.0588482+01:00" testType="13cdc9d9-ddb5-4fa4-a97d-d965ccfc6d4b" outcome="Passed" testListId="8c84fa94-04c1-424b-9868-57a2d4851a1d" relativeResultsDirectory="6be78aee-df0c-49ee-a159-ca3e0364b6a3" />
    <UnitTestResult executionId="a3b124a7-af5d-4557-aff0-84ebc3ca26f5" testId="fd2f0a2f-32fb-8519-02c2-e506fea764d9" testName="AddToExportTuples_ShouldAddToExportData (0)" computerName="DKSR-EFI-06" duration="00:00:00.0066456" startTime="2024-01-09T15:47:11.4105984+01:00" endTime="2024-01-09T15:47:11.4261747+01:00" testType="13cdc9d9-ddb5-4fa4-a97d-d965ccfc6d4b" outcome="Passed" testListId="8c84fa94-04c1-424b-9868-57a2d4851a1d" relativeResultsDirectory="a3b124a7-af5d-4557-aff0-84ebc3ca26f5" />
    <UnitTestResult executionId="181bfe8b-e620-45df-aa61-740401a60e57" testId="10dd7bf8-f28a-4f0c-1dc0-23b4c2def703" testName="SupportsRightClick_ShouldBeTrue_WhenInteractionStateIsNormal" computerName="DKSR-EFI-06" duration="00:00:00.0751820" startTime="2024-01-09T15:45:35.7169251+01:00" endTime="2024-01-09T15:45:35.7950450+01:00" testType="13cdc9d9-ddb5-4fa4-a97d-d965ccfc6d4b" outcome="Passed" testListId="8c84fa94-04c1-424b-9868-57a2d4851a1d" relativeResultsDirectory="181bfe8b-e620-45df-aa61-740401a60e57" />
    <UnitTestResult executionId="6250a400-4f24-42b9-9711-22edd887b71a" testId="d48c488e-fbbb-1e36-d1b4-d630148880b0" testName="MonitorLiveState_Serialize_Success" computerName="DKSR-EFI-06" duration="00:00:00.0847991" startTime="2024-01-09T15:47:19.3338148+01:00" endTime="2024-01-09T15:47:19.4275877+01:00" testType="13cdc9d9-ddb5-4fa4-a97d-d965ccfc6d4b" outcome="Passed" testListId="8c84fa94-04c1-424b-9868-57a2d4851a1d" relativeResultsDirectory="6250a400-4f24-42b9-9711-22edd887b71a" />
    <UnitTestResult executionId="087eae23-85a1-46bf-81e4-c4619b6ca625" testId="cc0eb8f4-de0d-0d2a-a312-64bcc8b88edd" testName="OpenStreetMapLayerIsDisabled_ShouldReturnFalse_WhenOpenStreetMapGeographicLayerOptionIsNotAvailableAndOpenStreetMapAlternativeServerIsNotEmpty" computerName="DKSR-EFI-06" duration="00:00:00.0083790" startTime="2024-01-09T15:47:01.4547883+01:00" endTime="2024-01-09T15:47:01.4704149+01:00" testType="13cdc9d9-ddb5-4fa4-a97d-d965ccfc6d4b" outcome="Passed" testListId="8c84fa94-04c1-424b-9868-57a2d4851a1d" relativeResultsDirectory="087eae23-85a1-46bf-81e4-c4619b6ca625" />
    <UnitTestResult executionId="b8690785-d90d-45d3-9410-66c4a9ac2903" testId="e81103cb-7818-2463-05b1-4325c5ff61c8" testName="OnSizeChanged_TilesRerendered" computerName="DKSR-EFI-06" duration="00:00:00.0248212" startTime="2024-01-09T15:46:14.5524229+01:00" endTime="2024-01-09T15:46:14.5836750+01:00" testType="13cdc9d9-ddb5-4fa4-a97d-d965ccfc6d4b" outcome="Passed" testListId="8c84fa94-04c1-424b-9868-57a2d4851a1d" relativeResultsDirectory="b8690785-d90d-45d3-9410-66c4a9ac2903" />
    <UnitTestResult executionId="9279aef2-a634-4147-b98d-a37527107830" testId="aaa1be74-2e34-5829-1e4e-488dd7c80429" testName="Password 1 empty" computerName="DKSR-EFI-06" duration="00:00:00.0002406" startTime="2024-01-09T15:45:44.4360288+01:00" endTime="2024-01-09T15:45:44.4360288+01:00" testType="13cdc9d9-ddb5-4fa4-a97d-d965ccfc6d4b" outcome="Passed" testListId="8c84fa94-04c1-424b-9868-57a2d4851a1d" relativeResultsDirectory="9279aef2-a634-4147-b98d-a37527107830" />
    <UnitTestResult executionId="a1039fba-1fb7-423f-bc5a-51a43bcd74d3" testId="0ad4b394-46f3-87fb-eed4-e2c73091dff3" testName="OnMarkerRightClicked_ShouldLetMapLayerControlMenuItems_WhenMultipleItemsFromSameLayerAreSelected" computerName="DKSR-EFI-06" duration="00:00:00.0260874" startTime="2024-01-09T15:45:33.4200453+01:00" endTime="2024-01-09T15:45:33.4513823+01:00" testType="13cdc9d9-ddb5-4fa4-a97d-d965ccfc6d4b" outcome="Passed" testListId="8c84fa94-04c1-424b-9868-57a2d4851a1d" relativeResultsDirectory="a1039fba-1fb7-423f-bc5a-51a43bcd74d3" />
    <UnitTestResult executionId="134f42b7-0622-4d65-b7a0-eed30648de7e" testId="46662b5d-bee1-3465-212d-6cf5f23d5fcf" testName="PtzInfoViewModel_PtzCotrolledByAnonymousTest" computerName="DKSR-EFI-06" duration="00:00:00.0023944" startTime="2024-01-09T15:45:21.4200362+01:00" endTime="2024-01-09T15:45:21.4200362+01:00" testType="13cdc9d9-ddb5-4fa4-a97d-d965ccfc6d4b" outcome="Passed" testListId="8c84fa94-04c1-424b-9868-57a2d4851a1d" relativeResultsDirectory="134f42b7-0622-4d65-b7a0-eed30648de7e" />
    <UnitTestResult executionId="40255688-30a5-4eb7-aafb-99f46515d65c" testId="9029e935-145d-d5fd-fae9-96c860349038" testName="GetClusters_AddedItems_ClustersForAddedItems (Data Row 6)" computerName="DKSR-EFI-06" duration="00:00:00.0113247" startTime="2024-01-09T15:47:09.0193458+01:00" endTime="2024-01-09T15:47:09.2381415+01:00" testType="13cdc9d9-ddb5-4fa4-a97d-d965ccfc6d4b" outcome="Passed" testListId="8c84fa94-04c1-424b-9868-57a2d4851a1d" relativeResultsDirectory="40255688-30a5-4eb7-aafb-99f46515d65c" />
    <UnitTestResult executionId="d05f4f16-4e55-45e1-aad7-f0fa0a38be60" testId="4be5efe6-8790-c0c6-bead-44c751febe9d" testName="ResolveBaseResultProperties_ShouldReturnTwoTriggerTimes_WhenTwoTriggerTimesAreWithinBeginEnd" computerName="DKSR-EFI-06" duration="00:00:00.0016739" startTime="2024-01-09T15:46:43.9351174+01:00" endTime="2024-01-09T15:46:43.9507387+01:00" testType="13cdc9d9-ddb5-4fa4-a97d-d965ccfc6d4b" outcome="Passed" testListId="8c84fa94-04c1-424b-9868-57a2d4851a1d" relativeResultsDirectory="d05f4f16-4e55-45e1-aad7-f0fa0a38be60" />
    <UnitTestResult executionId="8e4582a8-fcbc-4d04-8a88-435e7a4c3c64" testId="302e3c9b-71b6-ab55-127c-942ac34841ca" testName="Close_ShouldSetOwnerWindowToActive" computerName="DKSR-EFI-06" duration="00:00:00.0217605" startTime="2024-01-09T15:45:26.6231668+01:00" endTime="2024-01-09T15:45:26.6387917+01:00" testType="13cdc9d9-ddb5-4fa4-a97d-d965ccfc6d4b" outcome="Passed" testListId="8c84fa94-04c1-424b-9868-57a2d4851a1d" relativeResultsDirectory="8e4582a8-fcbc-4d04-8a88-435e7a4c3c64" />
    <UnitTestResult executionId="94396119-f796-4932-9fdf-59d129b45f70" testId="31863e20-a64d-0b66-e341-1da2a444bd4d" testName="OutputMapItem_ForceActivateAsync_InBuilding_Success" computerName="DKSR-EFI-06" duration="00:00:00.2263261" startTime="2024-01-09T15:47:05.2526001+01:00" endTime="2024-01-09T15:47:05.4714251+01:00" testType="13cdc9d9-ddb5-4fa4-a97d-d965ccfc6d4b" outcome="Passed" testListId="8c84fa94-04c1-424b-9868-57a2d4851a1d" relativeResultsDirectory="94396119-f796-4932-9fdf-59d129b45f70" />
    <UnitTestResult executionId="e37b491f-2bd0-4b06-9068-905ae9e98087" testId="313c09e0-411a-75b7-e96b-3ca0dbd86c48" testName="DateToStringConverter_SingleConvertBack_Fail" computerName="DKSR-EFI-06" duration="00:00:00.0011021" startTime="2024-01-09T15:46:14.3025080+01:00" endTime="2024-01-09T15:46:14.3025080+01:00" testType="13cdc9d9-ddb5-4fa4-a97d-d965ccfc6d4b" outcome="Passed" testListId="8c84fa94-04c1-424b-9868-57a2d4851a1d" relativeResultsDirectory="e37b491f-2bd0-4b06-9068-905ae9e98087" />
    <UnitTestResult executionId="ef3681ef-f7b3-4023-a421-76015233162c" testId="79e1afa4-43dc-dcc8-f757-ad97cc1a6215" testName="Tooltip_ShouldShowUnmuteText_WhenMicrophoneIsMutedOnLiveModeAndUserHasListenPermissions" computerName="DKSR-EFI-06" duration="00:00:00.0643898" startTime="2024-01-09T15:45:36.5919231+01:00" endTime="2024-01-09T15:45:36.6544233+01:00" testType="13cdc9d9-ddb5-4fa4-a97d-d965ccfc6d4b" outcome="Passed" testListId="8c84fa94-04c1-424b-9868-57a2d4851a1d" relativeResultsDirectory="ef3681ef-f7b3-4023-a421-76015233162c" />
    <UnitTestResult executionId="9f0469d2-217f-4d6d-b3f4-eb450f2b8caa" testId="f19f66f7-3714-6457-44d8-9a0c3461226c" testName="Constructor_ShouldRaiseArgumentNullException_WhenNextDeviceDataHandlerIsNull" computerName="DKSR-EFI-06" duration="00:00:00.0113328" startTime="2024-01-09T15:45:40.4356695+01:00" endTime="2024-01-09T15:45:40.4512936+01:00" testType="13cdc9d9-ddb5-4fa4-a97d-d965ccfc6d4b" outcome="Passed" testListId="8c84fa94-04c1-424b-9868-57a2d4851a1d" relativeResultsDirectory="9f0469d2-217f-4d6d-b3f4-eb450f2b8caa" />
    <UnitTestResult executionId="8a9a156c-b93c-42f7-88d3-d4c061ca6fad" testId="1f3c2e70-43ac-a9e9-ce4b-d72a9af7f0f0" testName="TryGetEventServerIdByACSystemId_ShouldReturnFalse_WhenEventServerIdIsNotPartOfServerConfiguredAccessControlSystemsDictionary" computerName="DKSR-EFI-06" duration="00:00:00.0003856" startTime="2024-01-09T15:47:18.7243536+01:00" endTime="2024-01-09T15:47:18.7243536+01:00" testType="13cdc9d9-ddb5-4fa4-a97d-d965ccfc6d4b" outcome="Passed" testListId="8c84fa94-04c1-424b-9868-57a2d4851a1d" relativeResultsDirectory="8a9a156c-b93c-42f7-88d3-d4c061ca6fad" />
    <UnitTestResult executionId="38966a4d-5b09-4cf7-a61d-76a4bbff4ec4" testId="74bce2b8-452d-5f85-d604-2ca1701607c3" testName="SearchResultsActionBarActions_Export_Exists" computerName="DKSR-EFI-06" duration="00:00:00.0071740" startTime="2024-01-09T15:46:34.9954557+01:00" endTime="2024-01-09T15:46:34.9954557+01:00" testType="13cdc9d9-ddb5-4fa4-a97d-d965ccfc6d4b" outcome="Passed" testListId="8c84fa94-04c1-424b-9868-57a2d4851a1d" relativeResultsDirectory="38966a4d-5b09-4cf7-a61d-76a4bbff4ec4" />
    <UnitTestResult executionId="f240a292-8828-455e-8fff-26160e60a498" testId="f5cd0ea9-70e1-1cbd-01d3-fa2672fe0616" testName="ZoomOut_MapNotSet_DoesNotCrash" computerName="DKSR-EFI-06" duration="00:00:00.0003173" startTime="2024-01-09T15:45:31.1075435+01:00" endTime="2024-01-09T15:45:31.1075435+01:00" testType="13cdc9d9-ddb5-4fa4-a97d-d965ccfc6d4b" outcome="Passed" testListId="8c84fa94-04c1-424b-9868-57a2d4851a1d" relativeResultsDirectory="f240a292-8828-455e-8fff-26160e60a498" />
    <UnitTestResult executionId="c6fe8102-cf4e-48e2-94c4-7acd4b4dd995" testId="2b65c344-0249-bf47-6c8a-07f52bcd6a60" testName="BookmarkSearchTime_WithSearchStringInDifferentCases_ReturnCorrectBookmarkWithSearchStringInHeader (SeArChStRiNg,True,True,True,False,,,1)" computerName="DKSR-EFI-06" duration="00:00:00.0029801" startTime="2024-01-09T15:47:12.7858462+01:00" endTime="2024-01-09T15:47:12.7858462+01:00" testType="13cdc9d9-ddb5-4fa4-a97d-d965ccfc6d4b" outcome="Passed" testListId="8c84fa94-04c1-424b-9868-57a2d4851a1d" relativeResultsDirectory="c6fe8102-cf4e-48e2-94c4-7acd4b4dd995" />
    <UnitTestResult executionId="a7c2a654-5ea2-4962-b60e-4a4b1c2eec8c" testId="cdf3455a-ff33-49bd-8e27-f8c9df19be38" testName="Related_devices_removed_when_camera_removed" computerName="DKSR-EFI-06" duration="00:00:00.0025399" startTime="2024-01-09T15:47:18.6618396+01:00" endTime="2024-01-09T15:47:18.6618396+01:00" testType="13cdc9d9-ddb5-4fa4-a97d-d965ccfc6d4b" outcome="Passed" testListId="8c84fa94-04c1-424b-9868-57a2d4851a1d" relativeResultsDirectory="a7c2a654-5ea2-4962-b60e-4a4b1c2eec8c" />
    <UnitTestResult executionId="5d5c9105-2259-48c9-ae3a-89f676f0c2c0" testId="18369d63-550f-80cc-1769-12a3b1196b7b" testName="OnLayersRetrieved_ShouldSetComponentsOrdered_WhenLayersCollectionContainsCameraAndInputAndOutput" computerName="DKSR-EFI-06" duration="00:00:00.0206730" startTime="2024-01-09T15:45:28.6231681+01:00" endTime="2024-01-09T15:45:28.6387923+01:00" testType="13cdc9d9-ddb5-4fa4-a97d-d965ccfc6d4b" outcome="Passed" testListId="8c84fa94-04c1-424b-9868-57a2d4851a1d" relativeResultsDirectory="5d5c9105-2259-48c9-ae3a-89f676f0c2c0" />
    <UnitTestResult executionId="97274934-dcb5-4767-bc72-1f35f841984d" testId="7f31e1a8-eb37-a7f7-05cb-b001ed2dcb3c" testName="SearchResultsReady_ShouldReturnAllResults_WhenSearchResultIdsAreUnique" computerName="DKSR-EFI-06" duration="00:00:00.0062034" startTime="2024-01-09T15:46:44.9352871+01:00" endTime="2024-01-09T15:46:44.9352871+01:00" testType="13cdc9d9-ddb5-4fa4-a97d-d965ccfc6d4b" outcome="Passed" testListId="8c84fa94-04c1-424b-9868-57a2d4851a1d" relativeResultsDirectory="97274934-dcb5-4767-bc72-1f35f841984d" />
    <UnitTestResult executionId="60fc17b5-0b14-4d6b-8f58-197b4383fa03" testId="09064739-d6f3-b35b-43e1-f9b5634afbd3" testName="Search_PreviouslyAddedFilterValueRemoved_SubDefinitionOnlyUsesRemainingFilterValues" computerName="DKSR-EFI-06" duration="00:00:00.0076114" startTime="2024-01-09T15:46:59.5013628+01:00" endTime="2024-01-09T15:46:59.5013628+01:00" testType="13cdc9d9-ddb5-4fa4-a97d-d965ccfc6d4b" outcome="Passed" testListId="8c84fa94-04c1-424b-9868-57a2d4851a1d" relativeResultsDirectory="60fc17b5-0b14-4d6b-8f58-197b4383fa03" />
    <UnitTestResult executionId="1676a420-c72b-444f-a116-50711bcceb65" testId="c0a6798f-9e7a-77b0-28d7-c43040f073db" testName="ShowPermissionDeniedToasts_ShouldShowCorrectNumberOfToasts (0,0)" computerName="DKSR-EFI-06" duration="00:00:00.0018142" startTime="2024-01-09T15:47:11.9106479+01:00" endTime="2024-01-09T15:47:11.9106479+01:00" testType="13cdc9d9-ddb5-4fa4-a97d-d965ccfc6d4b" outcome="Passed" testListId="8c84fa94-04c1-424b-9868-57a2d4851a1d" relativeResultsDirectory="1676a420-c72b-444f-a116-50711bcceb65" />
    <UnitTestResult executionId="f51efc56-706f-433c-8799-796bdc69347e" testId="9338997c-d9a9-672b-42cd-fbb543d1c72e" testName="SearchResultsActionBarActions_Export_InvokeCommand_DeviceNotAvailable_Failure" computerName="DKSR-EFI-06" duration="00:00:00.0202647" startTime="2024-01-09T15:46:35.3862656+01:00" endTime="2024-01-09T15:46:35.4018457+01:00" testType="13cdc9d9-ddb5-4fa4-a97d-d965ccfc6d4b" outcome="Passed" testListId="8c84fa94-04c1-424b-9868-57a2d4851a1d" relativeResultsDirectory="f51efc56-706f-433c-8799-796bdc69347e" />
    <UnitTestResult executionId="ef6f2559-56a8-4194-b6cd-1afd747b099a" testId="2e1f1a04-832c-f244-dd8a-e5aa199150f1" testName="SetSelectedDuration_CustomInterval_CustomIntervalOpenSet" computerName="DKSR-EFI-06" duration="00:00:00.0080315" startTime="2024-01-09T15:46:37.8243981+01:00" endTime="2024-01-09T15:46:37.8400253+01:00" testType="13cdc9d9-ddb5-4fa4-a97d-d965ccfc6d4b" outcome="Passed" testListId="8c84fa94-04c1-424b-9868-57a2d4851a1d" relativeResultsDirectory="ef6f2559-56a8-4194-b6cd-1afd747b099a" />
    <UnitTestResult executionId="92120143-3d91-46cc-93bb-00010ac24a83" testId="e36cf31f-4200-8205-4a12-8df912fdbdf1" testName="ResolveSearchDefinitions_ShouldReturnResultSearchDefinition_WhenSingleSearchResultAndSearchDefinitionsNotContainingCorrectSearchDefinitionsAreGiven" computerName="DKSR-EFI-06" duration="00:00:00.0005208" startTime="2024-01-09T15:46:43.9038595+01:00" endTime="2024-01-09T15:46:43.9038595+01:00" testType="13cdc9d9-ddb5-4fa4-a97d-d965ccfc6d4b" outcome="Passed" testListId="8c84fa94-04c1-424b-9868-57a2d4851a1d" relativeResultsDirectory="92120143-3d91-46cc-93bb-00010ac24a83" />
    <UnitTestResult executionId="fe2ed668-69b2-4038-ab1e-b55567e84ecc" testId="283d69c9-21df-936a-0efc-b10765e9b17c" testName="ValidateExportName_ShouldReturnFailResult_InvalidCharactersInExportName (1213/)" computerName="DKSR-EFI-06" duration="00:00:00.0051028" startTime="2024-01-09T15:45:43.9358662+01:00" endTime="2024-01-09T15:45:43.9514944+01:00" testType="13cdc9d9-ddb5-4fa4-a97d-d965ccfc6d4b" outcome="Passed" testListId="8c84fa94-04c1-424b-9868-57a2d4851a1d" relativeResultsDirectory="fe2ed668-69b2-4038-ab1e-b55567e84ecc" />
    <UnitTestResult executionId="bd04edfa-ed46-482f-874e-50d15c74fa7f" testId="4190041e-4d7b-4cda-212b-4ae0c9029e36" testName="GetGisMapLayerFlyoutName_ShouldReturnMilestoneGisMapServiceName_WhenGeographicLayerIsAvailableAndAlternativeServerIsEmpty" computerName="DKSR-EFI-06" duration="00:00:00.0033594" startTime="2024-01-09T15:47:07.2532230+01:00" endTime="2024-01-09T15:47:07.2532230+01:00" testType="13cdc9d9-ddb5-4fa4-a97d-d965ccfc6d4b" outcome="Passed" testListId="8c84fa94-04c1-424b-9868-57a2d4851a1d" relativeResultsDirectory="bd04edfa-ed46-482f-874e-50d15c74fa7f" />
    <UnitTestResult executionId="be3be0f8-a2dd-4d4e-868d-21d77e925502" testId="01f34d8e-771f-fa5c-163a-25421605a156" testName="HandleGetDeviceData_ShouldReturnInputData_WhenInputKindAndExistingInputId" computerName="DKSR-EFI-06" duration="00:00:00.0787676" startTime="2024-01-09T15:45:41.1231690+01:00" endTime="2024-01-09T15:45:41.2012965+01:00" testType="13cdc9d9-ddb5-4fa4-a97d-d965ccfc6d4b" outcome="Passed" testListId="8c84fa94-04c1-424b-9868-57a2d4851a1d" relativeResultsDirectory="be3be0f8-a2dd-4d4e-868d-21d77e925502" />
    <UnitTestResult executionId="7911468f-f2f5-462f-ad55-3febcf783bc7" testId="95a21395-b040-7ff7-fe99-d443a657de60" testName="MonitorPlaybackState_Serialize_Success" computerName="DKSR-EFI-06" duration="00:00:00.0204563" startTime="2024-01-09T15:47:19.4275877+01:00" endTime="2024-01-09T15:47:19.4588500+01:00" testType="13cdc9d9-ddb5-4fa4-a97d-d965ccfc6d4b" outcome="Passed" testListId="8c84fa94-04c1-424b-9868-57a2d4851a1d" relativeResultsDirectory="7911468f-f2f5-462f-ad55-3febcf783bc7" />
    <UnitTestResult executionId="87f518bf-8501-47f5-8aba-2b56f51debe7" testId="c5f889fe-34fb-e81d-4390-ab303a66ed0c" testName="AddToExportTuples_ShouldAddToExportData (1)" computerName="DKSR-EFI-06" duration="00:00:00.1399373" startTime="2024-01-09T15:47:11.4261747+01:00" endTime="2024-01-09T15:47:11.5668250+01:00" testType="13cdc9d9-ddb5-4fa4-a97d-d965ccfc6d4b" outcome="Passed" testListId="8c84fa94-04c1-424b-9868-57a2d4851a1d" relativeResultsDirectory="87f518bf-8501-47f5-8aba-2b56f51debe7" />
    <UnitTestResult executionId="275bd11f-f1d4-449d-b163-04ba89be8e70" testId="b252d43e-f2d3-2b51-45af-2db3de66090b" testName="SidePanelToggleButtonIsVisible_DependingOnConditions (Normal,True,True,False)" computerName="DKSR-EFI-06" duration="00:00:00.0178455" startTime="2024-01-09T15:47:10.7541387+01:00" endTime="2024-01-09T15:47:10.7697713+01:00" testType="13cdc9d9-ddb5-4fa4-a97d-d965ccfc6d4b" outcome="Passed" testListId="8c84fa94-04c1-424b-9868-57a2d4851a1d" relativeResultsDirectory="275bd11f-f1d4-449d-b163-04ba89be8e70" />
    <UnitTestResult executionId="74b16abe-c7ec-48f2-90f3-9709e2ce55fe" testId="058170fd-69e2-a7d3-64d2-1a307243ea90" testName="PatrollingStepViewModel_Constructor_Success" computerName="DKSR-EFI-06" duration="00:00:00.0025111" startTime="2024-01-09T15:47:09.6758788+01:00" endTime="2024-01-09T15:47:09.6758788+01:00" testType="13cdc9d9-ddb5-4fa4-a97d-d965ccfc6d4b" outcome="Passed" testListId="8c84fa94-04c1-424b-9868-57a2d4851a1d" relativeResultsDirectory="74b16abe-c7ec-48f2-90f3-9709e2ce55fe" />
    <UnitTestResult executionId="ee99881d-b254-47df-b594-0bca36ec2b77" testId="e6f18f4e-717d-7e35-b333-de26f141ac91" testName="BindingModelVisible_ReactsTo_PluginInstanceEnabledUpdate" computerName="DKSR-EFI-06" duration="00:00:00.0013973" startTime="2024-01-09T15:47:12.0513117+01:00" endTime="2024-01-09T15:47:12.0513117+01:00" testType="13cdc9d9-ddb5-4fa4-a97d-d965ccfc6d4b" outcome="Passed" testListId="8c84fa94-04c1-424b-9868-57a2d4851a1d" relativeResultsDirectory="ee99881d-b254-47df-b594-0bca36ec2b77" />
    <UnitTestResult executionId="8be53fa2-b825-4dd9-9476-bec2cecafc43" testId="d381fedf-8c58-4a19-b08e-ee127d4421c9" testName="CreateItemUserControl_CombinedSearchResultDataWrapperParameter_ControlCreatedAndInitialized" computerName="DKSR-EFI-06" duration="00:00:01.3126700" startTime="2024-01-09T15:45:50.4845132+01:00" endTime="2024-01-09T15:45:51.7972868+01:00" testType="13cdc9d9-ddb5-4fa4-a97d-d965ccfc6d4b" outcome="Passed" testListId="8c84fa94-04c1-424b-9868-57a2d4851a1d" relativeResultsDirectory="8be53fa2-b825-4dd9-9476-bec2cecafc43" />
    <UnitTestResult executionId="bf3aa694-b8c1-4ade-a450-7f6511f5d4d0" testId="00ac5168-01a9-aa78-532b-b6d6c419a156" testName="ClearSelectedCamerasCommand_EmptyList_CommandNotExecutable" computerName="DKSR-EFI-06" duration="00:00:00.0095214" startTime="2024-01-09T15:46:37.7775226+01:00" endTime="2024-01-09T15:46:37.7775226+01:00" testType="13cdc9d9-ddb5-4fa4-a97d-d965ccfc6d4b" outcome="Passed" testListId="8c84fa94-04c1-424b-9868-57a2d4851a1d" relativeResultsDirectory="bf3aa694-b8c1-4ade-a450-7f6511f5d4d0" />
    <UnitTestResult executionId="f37dfd58-4f5e-4acf-9cdd-963dde85d784" testId="b7095fa5-4f07-bfb6-a358-0338e32383f9" testName="MapCameraIcons_WhenPinkOemResource_ShouldReturnTenIcons" computerName="DKSR-EFI-06" duration="00:00:00.0206114" startTime="2024-01-09T15:47:16.6302882+01:00" endTime="2024-01-09T15:47:16.6459170+01:00" testType="13cdc9d9-ddb5-4fa4-a97d-d965ccfc6d4b" outcome="Passed" testListId="8c84fa94-04c1-424b-9868-57a2d4851a1d" relativeResultsDirectory="f37dfd58-4f5e-4acf-9cdd-963dde85d784" />
    <UnitTestResult executionId="85c1d8cd-64b6-4ab6-a894-62e39cf4db19" testId="d4294147-b6f1-1dea-474b-6d1ef066918c" testName="IsSelected_ShouldBeTrue_WhenSelectedMicrophoneGetsDisabled" computerName="DKSR-EFI-06" duration="00:00:00.0149646" startTime="2024-01-09T15:47:06.0028451+01:00" endTime="2024-01-09T15:47:06.0184695+01:00" testType="13cdc9d9-ddb5-4fa4-a97d-d965ccfc6d4b" outcome="Passed" testListId="8c84fa94-04c1-424b-9868-57a2d4851a1d" relativeResultsDirectory="85c1d8cd-64b6-4ab6-a894-62e39cf4db19" />
    <UnitTestResult executionId="9528229a-f7a3-430b-8006-61cd0709926c" testId="a5677ca9-068f-1409-b05b-617b1124d3e3" testName="GetBoundingShapesForMetadataObjectsAsync_ShouldIncludeNonFirstMetadataObject_WhenRequestedTimeIsWithinMetadataTimespan" computerName="DKSR-EFI-06" duration="00:00:00.0023102" startTime="2024-01-09T15:46:43.8569742+01:00" endTime="2024-01-09T15:46:43.8569742+01:00" testType="13cdc9d9-ddb5-4fa4-a97d-d965ccfc6d4b" outcome="Passed" testListId="8c84fa94-04c1-424b-9868-57a2d4851a1d" relativeResultsDirectory="9528229a-f7a3-430b-8006-61cd0709926c" />
    <UnitTestResult executionId="880489c1-747d-4bbf-ac43-85418cb78777" testId="8911612a-a11f-ae1d-ffaf-716d141c41ca" testName="OutputMapItem_Delete_Success" computerName="DKSR-EFI-06" duration="00:00:00.0131474" startTime="2024-01-09T15:47:05.2369677+01:00" endTime="2024-01-09T15:47:05.2526001+01:00" testType="13cdc9d9-ddb5-4fa4-a97d-d965ccfc6d4b" outcome="Passed" testListId="8c84fa94-04c1-424b-9868-57a2d4851a1d" relativeResultsDirectory="880489c1-747d-4bbf-ac43-85418cb78777" />
    <UnitTestResult executionId="4f53a9ad-e91f-472b-b61c-bdcd13a4d339" testId="43001655-6df0-fd55-49b4-09a30b307ee3" testName="Compare_SameBeginTimeDeterministicBehavior_CameraId_Success" computerName="DKSR-EFI-06" duration="00:00:00.0012198" startTime="2024-01-09T15:46:45.4353693+01:00" endTime="2024-01-09T15:46:45.4353693+01:00" testType="13cdc9d9-ddb5-4fa4-a97d-d965ccfc6d4b" outcome="Passed" testListId="8c84fa94-04c1-424b-9868-57a2d4851a1d" relativeResultsDirectory="4f53a9ad-e91f-472b-b61c-bdcd13a4d339" />
    <UnitTestResult executionId="c46db196-8f03-4814-b0b7-edc50807c55a" testId="4c310887-8495-4e52-0457-4cbe13b9a200" testName="NavigateAndSelectAsync_PanMap_ReCenterCommandEnabled" computerName="DKSR-EFI-06" duration="00:00:00.0447976" startTime="2024-01-09T15:45:30.2169175+01:00" endTime="2024-01-09T15:45:30.2637949+01:00" testType="13cdc9d9-ddb5-4fa4-a97d-d965ccfc6d4b" outcome="Passed" testListId="8c84fa94-04c1-424b-9868-57a2d4851a1d" relativeResultsDirectory="c46db196-8f03-4814-b0b7-edc50807c55a" />
    <UnitTestResult executionId="6ab33ba3-6219-460e-a37c-a73086d5e8c5" testId="cb7e0b0b-265a-1cd7-8d28-4bc375b72be8" testName="TestLoadLevelsAsync_CommunicationFailure_Success" computerName="DKSR-EFI-06" duration="00:00:00.0116223" startTime="2024-01-09T15:47:00.7202878+01:00" endTime="2024-01-09T15:47:00.7359139+01:00" testType="13cdc9d9-ddb5-4fa4-a97d-d965ccfc6d4b" outcome="Passed" testListId="8c84fa94-04c1-424b-9868-57a2d4851a1d" relativeResultsDirectory="6ab33ba3-6219-460e-a37c-a73086d5e8c5" />
    <UnitTestResult executionId="c3cc6917-c9f3-4240-b9dd-04a1c5053f50" testId="6447c994-5b95-325f-325b-e1016ffa29e1" testName="IconTooltip_ShouldBeValid_WhenInteractionStateIsAddCamera" computerName="DKSR-EFI-06" duration="00:00:00.0022147" startTime="2024-01-09T15:45:31.0137926+01:00" endTime="2024-01-09T15:45:31.0137926+01:00" testType="13cdc9d9-ddb5-4fa4-a97d-d965ccfc6d4b" outcome="Passed" testListId="8c84fa94-04c1-424b-9868-57a2d4851a1d" relativeResultsDirectory="c3cc6917-c9f3-4240-b9dd-04a1c5053f50" />
    <UnitTestResult executionId="33e0583a-8622-4720-acd0-56ab1eb1cfd0" testId="fca611f3-84ae-9eb6-8d99-31763ce69bf9" testName="GetWorkspaceToolbarItems_ShouldReturnCorrectToolbarItemAsVisible_WhenWorkspaceIsDifferentForPlugins" computerName="DKSR-EFI-06" duration="00:00:00.0027304" startTime="2024-01-09T15:47:10.3321628+01:00" endTime="2024-01-09T15:47:10.3321628+01:00" testType="13cdc9d9-ddb5-4fa4-a97d-d965ccfc6d4b" outcome="Passed" testListId="8c84fa94-04c1-424b-9868-57a2d4851a1d" relativeResultsDirectory="33e0583a-8622-4720-acd0-56ab1eb1cfd0" />
    <UnitTestResult executionId="fbcc30cb-16fe-4de2-98e2-602311c79d8a" testId="3f5ee2de-3b1b-0c75-47d5-11fe5a7f62f5" testName="AddToExportTuples_ShouldAddToExportData (5)" computerName="DKSR-EFI-06" duration="00:00:00.0052636" startTime="2024-01-09T15:47:11.5668250+01:00" endTime="2024-01-09T15:47:11.5668250+01:00" testType="13cdc9d9-ddb5-4fa4-a97d-d965ccfc6d4b" outcome="Passed" testListId="8c84fa94-04c1-424b-9868-57a2d4851a1d" relativeResultsDirectory="fbcc30cb-16fe-4de2-98e2-602311c79d8a" />
    <UnitTestResult executionId="8c36a20f-1e5f-45b7-83c2-43a61a28b051" testId="77b1b206-b293-8add-d0dd-e8f3149cd45e" testName="TestCreateMipTabWorkroom_Single_Success" computerName="DKSR-EFI-06" duration="00:00:04.1983938" startTime="2024-01-09T15:45:12.9825148+01:00" endTime="2024-01-09T15:45:17.1856484+01:00" testType="13cdc9d9-ddb5-4fa4-a97d-d965ccfc6d4b" outcome="Passed" testListId="8c84fa94-04c1-424b-9868-57a2d4851a1d" relativeResultsDirectory="8c36a20f-1e5f-45b7-83c2-43a61a28b051" />
    <UnitTestResult executionId="9e8ca410-9808-4ba4-b556-cb8d2b638945" testId="7480cb9c-3d2a-334b-c8f7-266fc8075bc0" testName="GisMap_Load_Success" computerName="DKSR-EFI-06" duration="00:00:00.0363831" startTime="2024-01-09T15:47:03.1112761+01:00" endTime="2024-01-09T15:47:03.1425268+01:00" testType="13cdc9d9-ddb5-4fa4-a97d-d965ccfc6d4b" outcome="Passed" testListId="8c84fa94-04c1-424b-9868-57a2d4851a1d" relativeResultsDirectory="9e8ca410-9808-4ba4-b556-cb8d2b638945" />
    <UnitTestResult executionId="0b68e59b-03fe-4cc5-aa21-db5253517337" testId="adafff31-7445-4899-a64a-9d78ba6fa82f" testName="DisplayErrorOnNotificationArea_DuplicateResultSearchError_Success" computerName="DKSR-EFI-06" duration="00:00:00.0101711" startTime="2024-01-09T15:46:38.4495644+01:00" endTime="2024-01-09T15:46:38.4495644+01:00" testType="13cdc9d9-ddb5-4fa4-a97d-d965ccfc6d4b" outcome="Passed" testListId="8c84fa94-04c1-424b-9868-57a2d4851a1d" relativeResultsDirectory="0b68e59b-03fe-4cc5-aa21-db5253517337" />
    <UnitTestResult executionId="e82a580b-3ef6-4625-b7dd-8bad71d61af6" testId="caaa1ff0-9d50-8a88-cc0f-12986835057f" testName="GetLayerVisibilityItemsData_ShouldAddDeviceFixedLayerInOrder_WhenMultipleLayersAreProvided" computerName="DKSR-EFI-06" duration="00:00:00.0152344" startTime="2024-01-09T15:45:30.7950417+01:00" endTime="2024-01-09T15:45:30.8106665+01:00" testType="13cdc9d9-ddb5-4fa4-a97d-d965ccfc6d4b" outcome="Passed" testListId="8c84fa94-04c1-424b-9868-57a2d4851a1d" relativeResultsDirectory="e82a580b-3ef6-4625-b7dd-8bad71d61af6" />
    <UnitTestResult executionId="f4f39351-72d0-413f-a0a3-c3492eed0803" testId="f680908c-3b4b-7b4d-7066-6e5fce7c0b27" testName="GetClusters_ExcludeThenIncludeExcludedItems_NoChange (Data Row 10)" computerName="DKSR-EFI-06" duration="00:00:00.0096270" startTime="2024-01-09T15:47:07.8784025+01:00" endTime="2024-01-09T15:47:08.0815823+01:00" testType="13cdc9d9-ddb5-4fa4-a97d-d965ccfc6d4b" outcome="Passed" testListId="8c84fa94-04c1-424b-9868-57a2d4851a1d" relativeResultsDirectory="f4f39351-72d0-413f-a0a3-c3492eed0803" />
    <UnitTestResult executionId="77883203-2253-4fcc-963a-79721355fe80" testId="74a5479e-3d8d-745b-8d0c-dc17a9c1c316" testName="SearchResultsActionBarActions_AddBookmark_NoBookmarkAgentAdded_SingleResult_CreateBookmarkInvoked" computerName="DKSR-EFI-06" duration="00:00:00.0466512" startTime="2024-01-09T15:46:35.4956147+01:00" endTime="2024-01-09T15:46:35.5425089+01:00" testType="13cdc9d9-ddb5-4fa4-a97d-d965ccfc6d4b" outcome="Passed" testListId="8c84fa94-04c1-424b-9868-57a2d4851a1d" relativeResultsDirectory="77883203-2253-4fcc-963a-79721355fe80" />
    <UnitTestResult executionId="01208f0f-0b97-4e9a-bb60-d89093e253be" testId="56fde5b0-e4df-3dd0-b924-b3d8168ff571" testName="PatrollingProfileViewModelTest_Name" computerName="DKSR-EFI-06" duration="00:00:00.0023095" startTime="2024-01-09T15:47:09.5351017+01:00" endTime="2024-01-09T15:47:09.5351017+01:00" testType="13cdc9d9-ddb5-4fa4-a97d-d965ccfc6d4b" outcome="Passed" testListId="8c84fa94-04c1-424b-9868-57a2d4851a1d" relativeResultsDirectory="01208f0f-0b97-4e9a-bb60-d89093e253be" />
    <UnitTestResult executionId="be50878d-01be-4bf8-99cd-c9667be79a3f" testId="9bd36f2b-bb15-3fec-5cc0-8da29f15f2eb" testName="EndSelection_ShouldNotStartInPlaceEditMode_WhenItemIsNotSelected" computerName="DKSR-EFI-06" duration="00:00:00.0158824" startTime="2024-01-09T15:45:33.6856713+01:00" endTime="2024-01-09T15:45:33.7012974+01:00" testType="13cdc9d9-ddb5-4fa4-a97d-d965ccfc6d4b" outcome="Passed" testListId="8c84fa94-04c1-424b-9868-57a2d4851a1d" relativeResultsDirectory="be50878d-01be-4bf8-99cd-c9667be79a3f" />
    <UnitTestResult executionId="62c589fc-7769-44c0-bd6c-19a6903a8d23" testId="d1c49c69-fe5f-8257-84d6-6eb683f2a033" testName="MapLayerType_ShouldBeOutputItemsMapLayer_WhenCalled" computerName="DKSR-EFI-06" duration="00:00:00.0002405" startTime="2024-01-09T15:47:04.3929397+01:00" endTime="2024-01-09T15:47:04.3929397+01:00" testType="13cdc9d9-ddb5-4fa4-a97d-d965ccfc6d4b" outcome="Passed" testListId="8c84fa94-04c1-424b-9868-57a2d4851a1d" relativeResultsDirectory="62c589fc-7769-44c0-bd6c-19a6903a8d23" />
    <UnitTestResult executionId="f3912053-8625-4ff2-9ab1-c5c3c53260ff" testId="b518f299-3b00-cc5d-b78d-f3f85f49a757" testName="AddSelectedCameras_EmptyList_NoChange" computerName="DKSR-EFI-06" duration="00:00:00.0102297" startTime="2024-01-09T15:46:36.6522049+01:00" endTime="2024-01-09T15:46:36.6522049+01:00" testType="13cdc9d9-ddb5-4fa4-a97d-d965ccfc6d4b" outcome="Passed" testListId="8c84fa94-04c1-424b-9868-57a2d4851a1d" relativeResultsDirectory="f3912053-8625-4ff2-9ab1-c5c3c53260ff" />
    <UnitTestResult executionId="135583a3-75fa-43b6-b5b5-c95db06ffe0f" testId="59d09cb9-f05a-ad0a-27b2-ae8fd67c3518" testName="Included_ShouldRemoveViewItemFromIncludedViewItems_WhenSetToFalse" computerName="DKSR-EFI-06" duration="00:00:00.0098705" startTime="2024-01-09T15:47:15.3331940+01:00" endTime="2024-01-09T15:47:15.3488496+01:00" testType="13cdc9d9-ddb5-4fa4-a97d-d965ccfc6d4b" outcome="Passed" testListId="8c84fa94-04c1-424b-9868-57a2d4851a1d" relativeResultsDirectory="135583a3-75fa-43b6-b5b5-c95db06ffe0f" />
    <UnitTestResult executionId="68180ddf-8504-4291-bef8-806310600ae4" testId="0fc44201-8e69-82b3-88da-4213b7a1319c" testName="Constructor_ShouldRaiseArgumentNullException_WhenGisMapModelIsNull" computerName="DKSR-EFI-06" duration="00:00:00.0143649" startTime="2024-01-09T15:45:41.6544182+01:00" endTime="2024-01-09T15:45:41.6700964+01:00" testType="13cdc9d9-ddb5-4fa4-a97d-d965ccfc6d4b" outcome="Passed" testListId="8c84fa94-04c1-424b-9868-57a2d4851a1d" relativeResultsDirectory="68180ddf-8504-4291-bef8-806310600ae4" />
    <UnitTestResult executionId="e673de8f-1825-4a1c-ba6d-b21350eac272" testId="f5d9ddfe-7809-e6c0-f589-d7f4a1e2a8af" testName="Compare_SameTriggerTimeDeterministicBehavior_Id_Success" computerName="DKSR-EFI-06" duration="00:00:00.0006632" startTime="2024-01-09T15:46:45.4822521+01:00" endTime="2024-01-09T15:46:45.4822521+01:00" testType="13cdc9d9-ddb5-4fa4-a97d-d965ccfc6d4b" outcome="Passed" testListId="8c84fa94-04c1-424b-9868-57a2d4851a1d" relativeResultsDirectory="e673de8f-1825-4a1c-ba6d-b21350eac272" />
    <UnitTestResult executionId="98e70de3-21ab-44e3-b3cf-ac1fa41cc37b" testId="cdf55ccf-9363-1335-a916-7ffe8ada8675" testName="Dispose_ShouldSetGisMapViewModelToNull_WhenCalled" computerName="DKSR-EFI-06" duration="00:00:00.0014041" startTime="2024-01-09T15:45:30.4825415+01:00" endTime="2024-01-09T15:45:30.4825415+01:00" testType="13cdc9d9-ddb5-4fa4-a97d-d965ccfc6d4b" outcome="Passed" testListId="8c84fa94-04c1-424b-9868-57a2d4851a1d" relativeResultsDirectory="98e70de3-21ab-44e3-b3cf-ac1fa41cc37b" />
    <UnitTestResult executionId="a6059a41-219e-4516-8762-b197284d32f5" testId="af9e36c7-6a97-f2e2-549f-4bcadfe1d626" testName="DateToStringConverter_ConvertBack_Fail" computerName="DKSR-EFI-06" duration="00:00:00.0015492" startTime="2024-01-09T15:46:14.2555009+01:00" endTime="2024-01-09T15:46:14.2555009+01:00" testType="13cdc9d9-ddb5-4fa4-a97d-d965ccfc6d4b" outcome="Passed" testListId="8c84fa94-04c1-424b-9868-57a2d4851a1d" relativeResultsDirectory="a6059a41-219e-4516-8762-b197284d32f5" />
    <UnitTestResult executionId="6db4ead6-c493-4f6b-b2af-2ab4b413bf83" testId="2978490b-f335-bd98-3d44-ea762b2e8674" testName="CalculateNewExtent_ShouldLimitExtent_WhenBeyondMaxOnUpperLeftEdge" computerName="DKSR-EFI-06" duration="00:00:00.0003992" startTime="2024-01-09T15:45:39.3887943+01:00" endTime="2024-01-09T15:45:39.3887943+01:00" testType="13cdc9d9-ddb5-4fa4-a97d-d965ccfc6d4b" outcome="Passed" testListId="8c84fa94-04c1-424b-9868-57a2d4851a1d" relativeResultsDirectory="6db4ead6-c493-4f6b-b2af-2ab4b413bf83" />
    <UnitTestResult executionId="ef894c3c-a8e9-443f-9368-e4fbd1c683c9" testId="3e00ced7-c9ef-e081-8698-0bfc18ba5ea0" testName="Ctor_NullOptionManager_Failure" computerName="DKSR-EFI-06" duration="00:00:00.0006500" startTime="2024-01-09T15:46:43.3412544+01:00" endTime="2024-01-09T15:46:43.3412544+01:00" testType="13cdc9d9-ddb5-4fa4-a97d-d965ccfc6d4b" outcome="Passed" testListId="8c84fa94-04c1-424b-9868-57a2d4851a1d" relativeResultsDirectory="ef894c3c-a8e9-443f-9368-e4fbd1c683c9" />
    <UnitTestResult executionId="62f0547f-3c31-4aec-8eb1-7248c72f9f74" testId="d77e07f4-f850-753d-8f8c-2c87b60f7fa6" testName="CreateSearchTemplateAsync_ThrowException_Success" computerName="DKSR-EFI-06" duration="00:00:00.0477404" startTime="2024-01-09T15:46:44.1539023+01:00" endTime="2024-01-09T15:46:44.2007903+01:00" testType="13cdc9d9-ddb5-4fa4-a97d-d965ccfc6d4b" outcome="Passed" testListId="8c84fa94-04c1-424b-9868-57a2d4851a1d" relativeResultsDirectory="62f0547f-3c31-4aec-8eb1-7248c72f9f74" />
    <UnitTestResult executionId="eb2a147d-f926-47d1-91b6-ff847b5652dd" testId="9e880996-cd5c-0f52-e791-ea181de9a9e4" testName="BuildMapOptions_ShouldHandleStringOptionsCorrectly (GisMapOpenStreetMapAlternativeServer,someText,True)" computerName="DKSR-EFI-06" duration="00:00:00.0015727" startTime="2024-01-09T15:47:17.4272949+01:00" endTime="2024-01-09T15:47:17.4272949+01:00" testType="13cdc9d9-ddb5-4fa4-a97d-d965ccfc6d4b" outcome="Passed" testListId="8c84fa94-04c1-424b-9868-57a2d4851a1d" relativeResultsDirectory="eb2a147d-f926-47d1-91b6-ff847b5652dd" />
    <UnitTestResult executionId="565de324-3df4-4b7d-a8f2-10f5b028d67c" testId="e998f77e-77b2-7e10-d8db-3813eb8031aa" testName="GetClusters_ThreeInitialItems_ClustersForInitialItems (Data Row 10)" computerName="DKSR-EFI-06" duration="00:00:00.0088321" startTime="2024-01-09T15:47:08.8161554+01:00" endTime="2024-01-09T15:47:09.0037088+01:00" testType="13cdc9d9-ddb5-4fa4-a97d-d965ccfc6d4b" outcome="Passed" testListId="8c84fa94-04c1-424b-9868-57a2d4851a1d" relativeResultsDirectory="565de324-3df4-4b7d-a8f2-10f5b028d67c" />
    <UnitTestResult executionId="c9a65577-613b-42bd-b116-476927c74002" testId="df3f8216-c259-3e39-24bc-16b94a530f01" testName="SearchResultContainerView_OnItemActivated_AnimationEnabled_DetailsViewAddedToDetailsViewControl" computerName="DKSR-EFI-06" duration="00:00:01.1798783" startTime="2024-01-09T15:45:55.5167070+01:00" endTime="2024-01-09T15:45:56.7043741+01:00" testType="13cdc9d9-ddb5-4fa4-a97d-d965ccfc6d4b" outcome="Passed" testListId="8c84fa94-04c1-424b-9868-57a2d4851a1d" relativeResultsDirectory="c9a65577-613b-42bd-b116-476927c74002" />
    <UnitTestResult executionId="1be5f5a5-e0a7-4090-bb9a-ddf2fefecc94" testId="c619b254-8c86-c5cf-c771-3ea358787f56" testName="TestSwitchWorkroom_ByWorkSpaceId_Success" computerName="DKSR-EFI-06" duration="00:00:00.0493989" startTime="2024-01-09T15:45:19.1544072+01:00" endTime="2024-01-09T15:45:19.2012836+01:00" testType="13cdc9d9-ddb5-4fa4-a97d-d965ccfc6d4b" outcome="Passed" testListId="8c84fa94-04c1-424b-9868-57a2d4851a1d" relativeResultsDirectory="1be5f5a5-e0a7-4090-bb9a-ddf2fefecc94" />
    <UnitTestResult executionId="38293c2c-19b0-4fc5-8b9c-f02074a79f0e" testId="1908903c-8778-1771-d8eb-296b41bd1c8a" testName="MarkerFactory_WhenMarkerDoesNotExistForMapItem_ShouldReturnNull" computerName="DKSR-EFI-06" duration="00:00:00.1284708" startTime="2024-01-09T15:45:39.7794180+01:00" endTime="2024-01-09T15:45:39.9044193+01:00" testType="13cdc9d9-ddb5-4fa4-a97d-d965ccfc6d4b" outcome="Passed" testListId="8c84fa94-04c1-424b-9868-57a2d4851a1d" relativeResultsDirectory="38293c2c-19b0-4fc5-8b9c-f02074a79f0e" />
    <UnitTestResult executionId="c56ddcb9-0031-4c6e-b176-e9440c05ade2" testId="bc299358-874f-d04a-92ad-e691bf3c092e" testName="SetItemOutlines_ItemNotCameraKind_Exception" computerName="DKSR-EFI-06" duration="00:00:00.0180480" startTime="2024-01-09T15:45:39.6387942+01:00" endTime="2024-01-09T15:45:39.6544171+01:00" testType="13cdc9d9-ddb5-4fa4-a97d-d965ccfc6d4b" outcome="Passed" testListId="8c84fa94-04c1-424b-9868-57a2d4851a1d" relativeResultsDirectory="c56ddcb9-0031-4c6e-b176-e9440c05ade2" />
    <UnitTestResult executionId="bd00c54b-c3f4-4ace-bf56-38e86f7655dc" testId="ac8063fd-ec4b-484a-0383-753253f47780" testName="GetBoundingShapesAsync_ShouldIgnoreNullBoundingShapesCollectionFromSubResults" computerName="DKSR-EFI-06" duration="00:00:00.0047521" startTime="2024-01-09T15:46:45.3572356+01:00" endTime="2024-01-09T15:46:45.3572356+01:00" testType="13cdc9d9-ddb5-4fa4-a97d-d965ccfc6d4b" outcome="Passed" testListId="8c84fa94-04c1-424b-9868-57a2d4851a1d" relativeResultsDirectory="bd00c54b-c3f4-4ace-bf56-38e86f7655dc" />
    <UnitTestResult executionId="1937ce42-6ad2-4928-a14b-13362acf6fce" testId="9029e935-145d-d5fd-fae9-96c860349038" testName="GetClusters_AddedItems_ClustersForAddedItems (Data Row 2)" computerName="DKSR-EFI-06" duration="00:00:00.0101116" startTime="2024-01-09T15:47:09.0193458+01:00" endTime="2024-01-09T15:47:09.2381415+01:00" testType="13cdc9d9-ddb5-4fa4-a97d-d965ccfc6d4b" outcome="Passed" testListId="8c84fa94-04c1-424b-9868-57a2d4851a1d" relativeResultsDirectory="1937ce42-6ad2-4928-a14b-13362acf6fce" />
    <UnitTestResult executionId="26a20dfe-4cb3-45dd-b4be-8da7f22de20b" testId="eb5a9d83-2458-0842-7b16-6cd517958096" testName="Session_Built" computerName="DKSR-EFI-06" duration="00:00:00.1372381" startTime="2024-01-09T15:47:17.8335995+01:00" endTime="2024-01-09T15:47:17.9742405+01:00" testType="13cdc9d9-ddb5-4fa4-a97d-d965ccfc6d4b" outcome="Passed" testListId="8c84fa94-04c1-424b-9868-57a2d4851a1d" relativeResultsDirectory="26a20dfe-4cb3-45dd-b4be-8da7f22de20b" />
    <UnitTestResult executionId="df7a71d9-d99a-4e7d-9bc9-5347a783ee85" testId="3ed7a399-d9a7-d9be-39f4-d877ad4e286e" testName="LoginPlugins_ShouldContainOneAccessControlLoginPluginElement_WhenIsInitialized" computerName="DKSR-EFI-06" duration="00:00:00.0097412" startTime="2024-01-09T15:47:19.3181836+01:00" endTime="2024-01-09T15:47:19.3338148+01:00" testType="13cdc9d9-ddb5-4fa4-a97d-d965ccfc6d4b" outcome="Passed" testListId="8c84fa94-04c1-424b-9868-57a2d4851a1d" relativeResultsDirectory="df7a71d9-d99a-4e7d-9bc9-5347a783ee85" />
    <UnitTestResult executionId="b0ccae23-758d-4265-8c88-dc9e319ae4f4" testId="a86403c6-a793-aab2-0ab7-ce467563d7d6" testName="GetCredential_ShouldThrowException_WhenUriIsNull" computerName="DKSR-EFI-06" duration="00:00:00.0010200" startTime="2024-01-09T15:45:20.2169059+01:00" endTime="2024-01-09T15:45:20.2169059+01:00" testType="13cdc9d9-ddb5-4fa4-a97d-d965ccfc6d4b" outcome="Passed" testListId="8c84fa94-04c1-424b-9868-57a2d4851a1d" relativeResultsDirectory="b0ccae23-758d-4265-8c88-dc9e319ae4f4" />
    <UnitTestResult executionId="691a60e8-01d9-4b2e-8bf1-e39a3495b69e" testId="3601e411-06fe-e014-7da4-87000446bebe" testName="MapCameraIcons_WhenMilestoneOemResource_ShouldReturnTenIcons" computerName="DKSR-EFI-06" duration="00:00:00.0532010" startTime="2024-01-09T15:47:16.5677787+01:00" endTime="2024-01-09T15:47:16.6302882+01:00" testType="13cdc9d9-ddb5-4fa4-a97d-d965ccfc6d4b" outcome="Passed" testListId="8c84fa94-04c1-424b-9868-57a2d4851a1d" relativeResultsDirectory="691a60e8-01d9-4b2e-8bf1-e39a3495b69e" />
    <UnitTestResult executionId="893137ef-593a-4b7d-a620-18eead1ac699" testId="ebc58dfd-14b7-49e6-e46a-09a44593433d" testName="CanEditRegionSelection_ShouldBeTrue_WhenHelperAllowsMoreRegionsToBeAdded" computerName="DKSR-EFI-06" duration="00:00:00.0026797" startTime="2024-01-09T15:47:00.4077367+01:00" endTime="2024-01-09T15:47:00.4077367+01:00" testType="13cdc9d9-ddb5-4fa4-a97d-d965ccfc6d4b" outcome="Passed" testListId="8c84fa94-04c1-424b-9868-57a2d4851a1d" relativeResultsDirectory="893137ef-593a-4b7d-a620-18eead1ac699" />
    <UnitTestResult executionId="c7719ec3-ee77-4f9f-ba15-83edf4f32f90" testId="205d3986-407b-ed3e-b9d7-5c5108416447" testName="PtzSessionControllerInfoConstructorTest_From_PtzSessionInfo_Anonymous_User" computerName="DKSR-EFI-06" duration="00:00:00.0015119" startTime="2024-01-09T15:45:19.5450313+01:00" endTime="2024-01-09T15:45:19.5450313+01:00" testType="13cdc9d9-ddb5-4fa4-a97d-d965ccfc6d4b" outcome="Passed" testListId="8c84fa94-04c1-424b-9868-57a2d4851a1d" relativeResultsDirectory="c7719ec3-ee77-4f9f-ba15-83edf4f32f90" />
    <UnitTestResult executionId="a897f8ed-3f50-477c-9bc8-f0eeff71c9f5" testId="4b81b8f4-db20-c853-b41f-b509d6abfb70" testName="MainWindow_ShouldUpdateDeviceSelectorWindowTopAndLeft_WhenIsLoaded" computerName="DKSR-EFI-06" duration="00:00:00.0242574" startTime="2024-01-09T15:45:26.7326651+01:00" endTime="2024-01-09T15:45:26.7637911+01:00" testType="13cdc9d9-ddb5-4fa4-a97d-d965ccfc6d4b" outcome="Passed" testListId="8c84fa94-04c1-424b-9868-57a2d4851a1d" relativeResultsDirectory="a897f8ed-3f50-477c-9bc8-f0eeff71c9f5" />
    <UnitTestResult executionId="cc5a6ed6-6986-47ef-8ed8-e1888e468055" testId="736d5841-1c67-3c66-a8df-caf0433686aa" testName="BoundingBoxLiveStartNoPlaybackHandler" computerName="DKSR-EFI-06" duration="00:00:00.0013366" startTime="2024-01-09T15:47:13.1921705+01:00" endTime="2024-01-09T15:47:13.1921705+01:00" testType="13cdc9d9-ddb5-4fa4-a97d-d965ccfc6d4b" outcome="Passed" testListId="8c84fa94-04c1-424b-9868-57a2d4851a1d" relativeResultsDirectory="cc5a6ed6-6986-47ef-8ed8-e1888e468055" />
    <UnitTestResult executionId="2ec58bd6-1521-43c4-a102-764d0f9e3e24" testId="8ac6bfd4-1fa8-6445-4d9e-b8a25f795922" testName="Constructor_ShouldRaiseArgumentNullException_WhenWorkroomIsNull" computerName="DKSR-EFI-06" duration="00:00:01.3673353" startTime="2024-01-09T15:45:26.9825389+01:00" endTime="2024-01-09T15:45:28.3575420+01:00" testType="13cdc9d9-ddb5-4fa4-a97d-d965ccfc6d4b" outcome="Passed" testListId="8c84fa94-04c1-424b-9868-57a2d4851a1d" relativeResultsDirectory="2ec58bd6-1521-43c4-a102-764d0f9e3e24" />
    <UnitTestResult executionId="3fea1aad-d6ab-434f-b870-bc1e77f2c78c" testId="06bd11df-bf70-d0e2-a507-7181600bcc81" testName="AndOrSearchDefinitionToCornerRadiusMultiConverter_CallConvert_FirstAnd" computerName="DKSR-EFI-06" duration="00:00:00.0009087" startTime="2024-01-09T15:46:14.2242446+01:00" endTime="2024-01-09T15:46:14.2398746+01:00" testType="13cdc9d9-ddb5-4fa4-a97d-d965ccfc6d4b" outcome="Passed" testListId="8c84fa94-04c1-424b-9868-57a2d4851a1d" relativeResultsDirectory="3fea1aad-d6ab-434f-b870-bc1e77f2c78c" />
    <UnitTestResult executionId="c5becd77-f3ce-4d0b-9cc8-9cc4d91bfd4d" testId="45464de9-2088-da3a-85ed-a8a4fecb083d" testName="Ctor_ShouldThrowException_WhenCredentialsAreNull" computerName="DKSR-EFI-06" duration="00:00:00.0013444" startTime="2024-01-09T15:45:20.1700342+01:00" endTime="2024-01-09T15:45:20.1700342+01:00" testType="13cdc9d9-ddb5-4fa4-a97d-d965ccfc6d4b" outcome="Passed" testListId="8c84fa94-04c1-424b-9868-57a2d4851a1d" relativeResultsDirectory="c5becd77-f3ce-4d0b-9cc8-9cc4d91bfd4d" />
    <UnitTestResult executionId="ce95b28a-51cf-4478-8f52-329dec9d0754" testId="6f38fefe-03f5-0f1c-3a6a-8844abdc82dd" testName="Password 1 too short" computerName="DKSR-EFI-06" duration="00:00:00.0005094" startTime="2024-01-09T15:45:44.4360288+01:00" endTime="2024-01-09T15:45:44.4360288+01:00" testType="13cdc9d9-ddb5-4fa4-a97d-d965ccfc6d4b" outcome="Passed" testListId="8c84fa94-04c1-424b-9868-57a2d4851a1d" relativeResultsDirectory="ce95b28a-51cf-4478-8f52-329dec9d0754" />
    <UnitTestResult executionId="d3b45735-e62c-4651-a2f6-5b95808a124b" testId="c0728f95-ecc1-be8f-b46d-a960462fa608" testName="DoubleClickOnPreviewPlayer_ShouldOpenDetailsViewWithoutAnimation_WhenFocusedItemIsNotNullAndAnimationsAreDisabled" computerName="DKSR-EFI-06" duration="00:00:01.2364779" startTime="2024-01-09T15:46:12.9584199+01:00" endTime="2024-01-09T15:46:14.1929905+01:00" testType="13cdc9d9-ddb5-4fa4-a97d-d965ccfc6d4b" outcome="Passed" testListId="8c84fa94-04c1-424b-9868-57a2d4851a1d" relativeResultsDirectory="d3b45735-e62c-4651-a2f6-5b95808a124b" />
    <UnitTestResult executionId="6f61db96-0f19-4f6e-b058-ed8563732724" testId="84b3e980-bdbe-5014-755b-538d50035c46" testName="ToDenormalizedDirection_0_75" computerName="DKSR-EFI-06" duration="00:00:00.0000758" startTime="2024-01-09T15:47:01.2047375+01:00" endTime="2024-01-09T15:47:01.2047375+01:00" testType="13cdc9d9-ddb5-4fa4-a97d-d965ccfc6d4b" outcome="Passed" testListId="8c84fa94-04c1-424b-9868-57a2d4851a1d" relativeResultsDirectory="6f61db96-0f19-4f6e-b058-ed8563732724" />
    <UnitTestResult executionId="4df45b9a-e815-4e14-9f83-b249b1b7f144" testId="2b698e66-74fb-6c00-069a-969a34e3db3a" testName="BeginTimeWithPadding_ShouldBeSetToValueOfSearchResult" computerName="DKSR-EFI-06" duration="00:00:00.0003403" startTime="2024-01-09T15:46:45.3884870+01:00" endTime="2024-01-09T15:46:45.3884870+01:00" testType="13cdc9d9-ddb5-4fa4-a97d-d965ccfc6d4b" outcome="Passed" testListId="8c84fa94-04c1-424b-9868-57a2d4851a1d" relativeResultsDirectory="4df45b9a-e815-4e14-9f83-b249b1b7f144" />
    <UnitTestResult executionId="d6a510b6-f58d-49f1-8b2e-6151aff2bce6" testId="96e8936d-0390-58bc-a96b-c2ae29467c1e" testName="SmartSearchStatusType_ShouldYieldSameValuesForAllEnumValues_WhenRoundTripConverted (SearchInProgress,SearchInProgress)" computerName="DKSR-EFI-06" duration="00:00:00.0000220" startTime="2024-01-09T15:45:09.2637587+01:00" endTime="2024-01-09T15:45:09.2637587+01:00" testType="13cdc9d9-ddb5-4fa4-a97d-d965ccfc6d4b" outcome="Passed" testListId="8c84fa94-04c1-424b-9868-57a2d4851a1d" relativeResultsDirectory="d6a510b6-f58d-49f1-8b2e-6151aff2bce6" />
    <UnitTestResult executionId="6c7f128f-0a43-49e9-9706-6afa91747df9" testId="0642a600-4a64-e9cb-eb5f-0984d3d228c6" testName="ScWorkspaceStateChangedEvent_ShouldSetDeviceIsDisabledToFalse_WhenSwitchingToSetupModeAndDeviceIsDisabled" computerName="DKSR-EFI-06" duration="00:00:00.0183235" startTime="2024-01-09T15:47:05.0337807+01:00" endTime="2024-01-09T15:47:05.0494116+01:00" testType="13cdc9d9-ddb5-4fa4-a97d-d965ccfc6d4b" outcome="Passed" testListId="8c84fa94-04c1-424b-9868-57a2d4851a1d" relativeResultsDirectory="6c7f128f-0a43-49e9-9706-6afa91747df9" />
    <UnitTestResult executionId="84ff6bc9-01fa-472e-8baf-ef14c7d43cf6" testId="b99d652b-8f29-0344-acef-87a042a63281" testName="LoadBoundingShapes_EllipseShape_AddedToUIAndSizedCorrectly" computerName="DKSR-EFI-06" duration="00:00:00.0168992" startTime="2024-01-09T15:47:00.0327137+01:00" endTime="2024-01-09T15:47:00.0483444+01:00" testType="13cdc9d9-ddb5-4fa4-a97d-d965ccfc6d4b" outcome="Passed" testListId="8c84fa94-04c1-424b-9868-57a2d4851a1d" relativeResultsDirectory="84ff6bc9-01fa-472e-8baf-ef14c7d43cf6" />
    <UnitTestResult executionId="f5f7db7d-6cde-443f-8dfc-293a1822e224" testId="cd13bfee-f8b4-3d5e-a0f6-00049079c32f" testName="ResultsAvailable_SomeResults_Success" computerName="DKSR-EFI-06" duration="00:00:00.0054518" startTime="2024-01-09T15:46:36.1989537+01:00" endTime="2024-01-09T15:46:36.1989537+01:00" testType="13cdc9d9-ddb5-4fa4-a97d-d965ccfc6d4b" outcome="Passed" testListId="8c84fa94-04c1-424b-9868-57a2d4851a1d" relativeResultsDirectory="f5f7db7d-6cde-443f-8dfc-293a1822e224" />
    <UnitTestResult executionId="2f6c7ccf-aa40-4f71-a47f-b6cd1dc36a87" testId="199e5799-986d-710e-fa92-973a198651af" testName="PatrollingProfileListViewModel_Save_CreateProfile_Failed" computerName="DKSR-EFI-06" duration="00:00:00.0040708" startTime="2024-01-09T15:47:09.4882043+01:00" endTime="2024-01-09T15:47:09.4882043+01:00" testType="13cdc9d9-ddb5-4fa4-a97d-d965ccfc6d4b" outcome="Passed" testListId="8c84fa94-04c1-424b-9868-57a2d4851a1d" relativeResultsDirectory="2f6c7ccf-aa40-4f71-a47f-b6cd1dc36a87" />
    <UnitTestResult executionId="d028ddca-19ec-42ab-9371-944412d6bb4b" testId="07dba9c8-887e-44e6-63b8-7e227b9aaff8" testName="Ctor_NoBuiltInGroupsDefined_NoCompositeAgentsAdded" computerName="DKSR-EFI-06" duration="00:00:00.0026378" startTime="2024-01-09T15:46:59.6420270+01:00" endTime="2024-01-09T15:46:59.6420270+01:00" testType="13cdc9d9-ddb5-4fa4-a97d-d965ccfc6d4b" outcome="Passed" testListId="8c84fa94-04c1-424b-9868-57a2d4851a1d" relativeResultsDirectory="d028ddca-19ec-42ab-9371-944412d6bb4b" />
    <UnitTestResult executionId="ce933a2f-f78b-4132-af70-128376cce3e9" testId="5da91449-988e-883d-873e-5998d198d64c" testName="ConvertBack_ShouldRaiseInvalidCastException_WhenValueIsTrueAndParameterIsNotAnInteractionState" computerName="DKSR-EFI-06" duration="00:00:00.0006622" startTime="2024-01-09T15:45:26.9825389+01:00" endTime="2024-01-09T15:45:26.9825389+01:00" testType="13cdc9d9-ddb5-4fa4-a97d-d965ccfc6d4b" outcome="Passed" testListId="8c84fa94-04c1-424b-9868-57a2d4851a1d" relativeResultsDirectory="ce933a2f-f78b-4132-af70-128376cce3e9" />
    <UnitTestResult executionId="35aac9db-94e9-4686-8e41-6c393e1d6eaa" testId="81267ce3-6f9f-039a-6061-d6bf94b58293" testName="GetDeviceData_ShouldReturnNotFoundDeviceData_WhenCameraKindAndNonExistingCameraId" computerName="DKSR-EFI-06" duration="00:00:00.0570753" startTime="2024-01-09T15:45:42.3262952+01:00" endTime="2024-01-09T15:45:42.3887918+01:00" testType="13cdc9d9-ddb5-4fa4-a97d-d965ccfc6d4b" outcome="Passed" testListId="8c84fa94-04c1-424b-9868-57a2d4851a1d" relativeResultsDirectory="35aac9db-94e9-4686-8e41-6c393e1d6eaa" />
    <UnitTestResult executionId="5dbe9cfa-ced4-4b10-8859-81e06ff54651" testId="e5b42656-0e77-c732-b59e-14f5dfdd136f" testName="UpdateSearchTemplateAsync_ThrowPathNotFoundMIPException_Success" computerName="DKSR-EFI-06" duration="00:00:00.0016943" startTime="2024-01-09T15:46:44.2164139+01:00" endTime="2024-01-09T15:46:44.2164139+01:00" testType="13cdc9d9-ddb5-4fa4-a97d-d965ccfc6d4b" outcome="Passed" testListId="8c84fa94-04c1-424b-9868-57a2d4851a1d" relativeResultsDirectory="5dbe9cfa-ced4-4b10-8859-81e06ff54651" />
    <UnitTestResult executionId="fa709647-5b06-46d0-8963-e23344fbb0ce" testId="55849d48-8f3f-820c-27fa-98e4f30a7358" testName="OutputMapItem_ForceActivateAsync_NotInBuilding_Success" computerName="DKSR-EFI-06" duration="00:00:00.2182848" startTime="2024-01-09T15:47:05.5341281+01:00" endTime="2024-01-09T15:47:05.7527622+01:00" testType="13cdc9d9-ddb5-4fa4-a97d-d965ccfc6d4b" outcome="Passed" testListId="8c84fa94-04c1-424b-9868-57a2d4851a1d" relativeResultsDirectory="fa709647-5b06-46d0-8963-e23344fbb0ce" />
    <UnitTestResult executionId="04d2a5e7-1b40-4433-8b45-38553e3c0f7e" testId="9029e935-145d-d5fd-fae9-96c860349038" testName="GetClusters_AddedItems_ClustersForAddedItems (Data Row 3)" computerName="DKSR-EFI-06" duration="00:00:00.0096995" startTime="2024-01-09T15:47:09.0193458+01:00" endTime="2024-01-09T15:47:09.2381415+01:00" testType="13cdc9d9-ddb5-4fa4-a97d-d965ccfc6d4b" outcome="Passed" testListId="8c84fa94-04c1-424b-9868-57a2d4851a1d" relativeResultsDirectory="04d2a5e7-1b40-4433-8b45-38553e3c0f7e" />
    <UnitTestResult executionId="912c93c0-cf91-4e6a-bb28-8f770654acf1" testId="e70bd816-d0ac-eace-44c7-520cb1bd1024" testName="LoadBoundingShapes_ShouldMergeBoundingShapes_WhenResultProvidesBoundingShapesAndMetadataObjects" computerName="DKSR-EFI-06" duration="00:00:00.0154708" startTime="2024-01-09T15:46:59.9858319+01:00" endTime="2024-01-09T15:47:00.0014572+01:00" testType="13cdc9d9-ddb5-4fa4-a97d-d965ccfc6d4b" outcome="Passed" testListId="8c84fa94-04c1-424b-9868-57a2d4851a1d" relativeResultsDirectory="912c93c0-cf91-4e6a-bb28-8f770654acf1" />
    <UnitTestResult executionId="600a81d7-7e26-489d-a0d5-9ec30afb9395" testId="25e21b40-8b6b-75c0-de39-11c840b2c816" testName="ConvertToNewLevel_OneLevelUp_Success" computerName="DKSR-EFI-06" duration="00:00:00.0015321" startTime="2024-01-09T15:47:08.7536512+01:00" endTime="2024-01-09T15:47:08.7536512+01:00" testType="13cdc9d9-ddb5-4fa4-a97d-d965ccfc6d4b" outcome="Passed" testListId="8c84fa94-04c1-424b-9868-57a2d4851a1d" relativeResultsDirectory="600a81d7-7e26-489d-a0d5-9ec30afb9395" />
    <UnitTestResult executionId="4ccb3418-4b00-48d9-a326-12e2399f9832" testId="78819630-2935-1e63-9860-8c1336d44889" testName="ConvertGridMaskTestImageViewerFormat" computerName="DKSR-EFI-06" duration="00:00:00.0002585" startTime="2024-01-09T15:47:15.3957044+01:00" endTime="2024-01-09T15:47:15.3957044+01:00" testType="13cdc9d9-ddb5-4fa4-a97d-d965ccfc6d4b" outcome="Passed" testListId="8c84fa94-04c1-424b-9868-57a2d4851a1d" relativeResultsDirectory="4ccb3418-4b00-48d9-a326-12e2399f9832" />
    <UnitTestResult executionId="50803ad3-172f-4ca0-b93c-42a4b0190895" testId="c31b76c8-61cb-842b-101d-3527fdf73529" testName="MakeId_ShouldGenerateUniqueId_WhenTwoDefinitionsGenerateSameResultIds" computerName="DKSR-EFI-06" duration="00:00:00.0009188" startTime="2024-01-09T15:46:45.3884870+01:00" endTime="2024-01-09T15:46:45.3884870+01:00" testType="13cdc9d9-ddb5-4fa4-a97d-d965ccfc6d4b" outcome="Passed" testListId="8c84fa94-04c1-424b-9868-57a2d4851a1d" relativeResultsDirectory="50803ad3-172f-4ca0-b93c-42a4b0190895" />
    <UnitTestResult executionId="23aa90da-0ab5-47ae-a82f-e83150b38a50" testId="c0b0990b-db80-5ada-cdd8-224bb5ed398a" testName="BoundingBoxPlaybackNoLiveHandler" computerName="DKSR-EFI-06" duration="00:00:00.0030167" startTime="2024-01-09T15:47:13.3797152+01:00" endTime="2024-01-09T15:47:13.3797152+01:00" testType="13cdc9d9-ddb5-4fa4-a97d-d965ccfc6d4b" outcome="Passed" testListId="8c84fa94-04c1-424b-9868-57a2d4851a1d" relativeResultsDirectory="23aa90da-0ab5-47ae-a82f-e83150b38a50" />
    <UnitTestResult executionId="d2643278-d59b-424e-a29f-daec7046b09d" testId="4092a02b-aad1-4cd2-975c-e2b5b68e9e4b" testName="HandleSetLayerFeatures_ShouldRaiseArgumentException_WhenNotInputKindAndInputLayerFeatures" computerName="DKSR-EFI-06" duration="00:00:00.0011148" startTime="2024-01-09T15:47:07.1750799+01:00" endTime="2024-01-09T15:47:07.1750799+01:00" testType="13cdc9d9-ddb5-4fa4-a97d-d965ccfc6d4b" outcome="Passed" testListId="8c84fa94-04c1-424b-9868-57a2d4851a1d" relativeResultsDirectory="d2643278-d59b-424e-a29f-daec7046b09d" />
    <UnitTestResult executionId="f8046161-378d-45b3-ac0e-8f76a1d710d6" testId="f710e014-90ce-d71f-9c5f-5c71e6c4af0c" testName="Execute_CopyToClipboardCommand_ClipboardContainsText" computerName="DKSR-EFI-06" duration="00:00:00.0569925" startTime="2024-01-09T15:47:11.1292367+01:00" endTime="2024-01-09T15:47:11.1917453+01:00" testType="13cdc9d9-ddb5-4fa4-a97d-d965ccfc6d4b" outcome="Passed" testListId="8c84fa94-04c1-424b-9868-57a2d4851a1d" relativeResultsDirectory="f8046161-378d-45b3-ac0e-8f76a1d710d6" />
    <UnitTestResult executionId="10cdfd68-eb76-44aa-9436-3d35fce0bb99" testId="ba697472-1eee-6276-10b8-517f33455021" testName="SmartWallButtonHidden_WhenNotInSmartWallView" computerName="DKSR-EFI-06" duration="00:00:00.0183176" startTime="2024-01-09T15:47:10.7072531+01:00" endTime="2024-01-09T15:47:10.7228854+01:00" testType="13cdc9d9-ddb5-4fa4-a97d-d965ccfc6d4b" outcome="Passed" testListId="8c84fa94-04c1-424b-9868-57a2d4851a1d" relativeResultsDirectory="10cdfd68-eb76-44aa-9436-3d35fce0bb99" />
    <UnitTestResult executionId="f3112ab6-b733-4ce9-ab89-ac89aa819bd2" testId="854a54be-59a6-d3a9-c68f-32fd5f490d07" testName="GetActivatedOutputIconId_ShouldReturnValidUnDeactivatedOutputIconId_WhenValidDeactivatedOutputIconIdIsProvided" computerName="DKSR-EFI-06" duration="00:00:00.0022310" startTime="2024-01-09T15:47:04.4867206+01:00" endTime="2024-01-09T15:47:04.4867206+01:00" testType="13cdc9d9-ddb5-4fa4-a97d-d965ccfc6d4b" outcome="Passed" testListId="8c84fa94-04c1-424b-9868-57a2d4851a1d" relativeResultsDirectory="f3112ab6-b733-4ce9-ab89-ac89aa819bd2" />
    <UnitTestResult executionId="507f0dd0-de60-4709-a015-d599a00a4622" testId="4672bcf4-734d-4ad9-761e-d152a3dbb36b" testName="ShowNotificationMessage_SetsCorrectDisplayProperties_WhenCalled" computerName="DKSR-EFI-06" duration="00:00:00.1395710" startTime="2024-01-09T15:45:25.2169169+01:00" endTime="2024-01-09T15:45:25.3575395+01:00" testType="13cdc9d9-ddb5-4fa4-a97d-d965ccfc6d4b" outcome="Passed" testListId="8c84fa94-04c1-424b-9868-57a2d4851a1d" relativeResultsDirectory="507f0dd0-de60-4709-a015-d599a00a4622" />
    <UnitTestResult executionId="939a2d96-ae4d-4a38-8e44-5421bcada7b9" testId="001c0c93-73e4-b3d7-1e2b-249f259f59d0" testName="TestForAssemblyCoverage" computerName="DKSR-EFI-06" duration="00:00:00.0002607" startTime="2024-01-09T15:45:21.5137854+01:00" endTime="2024-01-09T15:45:21.5137854+01:00" testType="13cdc9d9-ddb5-4fa4-a97d-d965ccfc6d4b" outcome="Passed" testListId="8c84fa94-04c1-424b-9868-57a2d4851a1d" relativeResultsDirectory="939a2d96-ae4d-4a38-8e44-5421bcada7b9" />
    <UnitTestResult executionId="981b90c4-c359-48db-a9ef-c4cba27f3d51" testId="3460e6f3-0dd6-9361-76e4-41731c8ee6fa" testName="RenameDeviceTest" computerName="DKSR-EFI-06" duration="00:00:00.0019041" startTime="2024-01-09T15:45:20.3731641+01:00" endTime="2024-01-09T15:45:20.3731641+01:00" testType="13cdc9d9-ddb5-4fa4-a97d-d965ccfc6d4b" outcome="Passed" testListId="8c84fa94-04c1-424b-9868-57a2d4851a1d" relativeResultsDirectory="981b90c4-c359-48db-a9ef-c4cba27f3d51" />
    <UnitTestResult executionId="ff0f8e30-8b9f-409c-937b-05542a75a744" testId="126ce091-c6ba-ecff-2f2d-3c69aa56bf21" testName="Deserialize_FilterIdInvalid_Error" computerName="DKSR-EFI-06" duration="00:00:00.0016413" startTime="2024-01-09T15:46:45.5603886+01:00" endTime="2024-01-09T15:46:45.5603886+01:00" testType="13cdc9d9-ddb5-4fa4-a97d-d965ccfc6d4b" outcome="Passed" testListId="8c84fa94-04c1-424b-9868-57a2d4851a1d" relativeResultsDirectory="ff0f8e30-8b9f-409c-937b-05542a75a744" />
    <UnitTestResult executionId="fb98e82f-1970-47ef-8f5b-c59b6920cace" testId="84cdc42c-8723-3f7f-aeea-e185addc7b1d" testName="PtzInfoViewModel_SetInfo_PtzSessionControllerInfo_ArgumentNullCheckTest" computerName="DKSR-EFI-06" duration="00:00:00.0023938" startTime="2024-01-09T15:45:21.3887860+01:00" endTime="2024-01-09T15:45:21.3887860+01:00" testType="13cdc9d9-ddb5-4fa4-a97d-d965ccfc6d4b" outcome="Passed" testListId="8c84fa94-04c1-424b-9868-57a2d4851a1d" relativeResultsDirectory="fb98e82f-1970-47ef-8f5b-c59b6920cace" />
    <UnitTestResult executionId="7d219780-4980-412b-b6ef-e0754b525f22" testId="cb87cf1a-c232-cb4e-8509-02ba48adec73" testName="UpdateScope_ItemsChangedWithNullScopeDuration_ReturnsTrue" computerName="DKSR-EFI-06" duration="00:00:00.0001747" startTime="2024-01-09T15:46:45.2790842+01:00" endTime="2024-01-09T15:46:45.2790842+01:00" testType="13cdc9d9-ddb5-4fa4-a97d-d965ccfc6d4b" outcome="Passed" testListId="8c84fa94-04c1-424b-9868-57a2d4851a1d" relativeResultsDirectory="7d219780-4980-412b-b6ef-e0754b525f22" />
    <UnitTestResult executionId="c862e719-0511-486d-b0d5-557ff387b691" testId="3483fd74-40ab-caaa-a1c3-b598cd24d905" testName="ToNormalizedFieldOfView_OutOfRange_2PI_Fail" computerName="DKSR-EFI-06" duration="00:00:00.0004946" startTime="2024-01-09T15:47:01.2359979+01:00" endTime="2024-01-09T15:47:01.2359979+01:00" testType="13cdc9d9-ddb5-4fa4-a97d-d965ccfc6d4b" outcome="Passed" testListId="8c84fa94-04c1-424b-9868-57a2d4851a1d" relativeResultsDirectory="c862e719-0511-486d-b0d5-557ff387b691" />
    <UnitTestResult executionId="6fae0ac3-e32a-4fb9-9f42-a5e2b8575084" testId="0abf48ed-aa70-1dda-b2cb-ff714665e116" testName="UpdateSearchFilter_SingleFilterWithoutValues_NotAdded" computerName="DKSR-EFI-06" duration="00:00:00.0010641" startTime="2024-01-09T15:46:34.4640402+01:00" endTime="2024-01-09T15:46:34.4640402+01:00" testType="13cdc9d9-ddb5-4fa4-a97d-d965ccfc6d4b" outcome="Passed" testListId="8c84fa94-04c1-424b-9868-57a2d4851a1d" relativeResultsDirectory="6fae0ac3-e32a-4fb9-9f42-a5e2b8575084" />
    <UnitTestResult executionId="ff418489-7e96-4367-9938-a08ac5e5f990" testId="e6dcebe5-b6cc-8c91-5e65-857f5572db4e" testName="SortBuildingLayers_Success" computerName="DKSR-EFI-06" duration="00:00:00.0112718" startTime="2024-01-09T15:47:04.2991522+01:00" endTime="2024-01-09T15:47:04.3147815+01:00" testType="13cdc9d9-ddb5-4fa4-a97d-d965ccfc6d4b" outcome="Passed" testListId="8c84fa94-04c1-424b-9868-57a2d4851a1d" relativeResultsDirectory="ff418489-7e96-4367-9938-a08ac5e5f990" />
    <UnitTestResult executionId="72743fe5-b1e0-4e38-83f2-669a10209bb8" testId="05f48571-d878-d35c-a36e-2898473abdf2" testName="TestAttachedView_WithNull_Success" computerName="DKSR-EFI-06" duration="00:00:00.0001481" startTime="2024-01-09T15:47:17.2241289+01:00" endTime="2024-01-09T15:47:17.2241289+01:00" testType="13cdc9d9-ddb5-4fa4-a97d-d965ccfc6d4b" outcome="Passed" testListId="8c84fa94-04c1-424b-9868-57a2d4851a1d" relativeResultsDirectory="72743fe5-b1e0-4e38-83f2-669a10209bb8" />
    <UnitTestResult executionId="adfb9616-9eea-4f63-b127-d7f751f2505d" testId="161a0e40-6dbd-cbdc-3714-f2442765e338" testName="AddCriteriaCommand_WithActiveSearchTemplate_ActiveSearchTemplateModifiedSet" computerName="DKSR-EFI-06" duration="00:00:00.0131052" startTime="2024-01-09T15:46:38.1369860+01:00" endTime="2024-01-09T15:46:38.1369860+01:00" testType="13cdc9d9-ddb5-4fa4-a97d-d965ccfc6d4b" outcome="Passed" testListId="8c84fa94-04c1-424b-9868-57a2d4851a1d" relativeResultsDirectory="adfb9616-9eea-4f63-b127-d7f751f2505d" />
    <UnitTestResult executionId="03f4c9ee-613f-4221-a704-c44f4d3970c3" testId="51b24619-a3ed-9418-8456-52beb88978c3" testName="No_warning_when_removing_camera_with_unrelated_device_with_no_update_rights" computerName="DKSR-EFI-06" duration="00:00:00.0024655" startTime="2024-01-09T15:47:18.6462117+01:00" endTime="2024-01-09T15:47:18.6462117+01:00" testType="13cdc9d9-ddb5-4fa4-a97d-d965ccfc6d4b" outcome="Passed" testListId="8c84fa94-04c1-424b-9868-57a2d4851a1d" relativeResultsDirectory="03f4c9ee-613f-4221-a704-c44f4d3970c3" />
    <UnitTestResult executionId="53e48a6c-ec66-4dfa-8842-c6c8fb85a385" testId="f1c89d57-5156-c3cb-5004-8f710550b577" testName="AddSelectedWindowsToExport_ShouldShowCorrectToastMessages (1,1,0)" computerName="DKSR-EFI-06" duration="00:00:00.0024395" startTime="2024-01-09T15:47:11.8012562+01:00" endTime="2024-01-09T15:47:11.8012562+01:00" testType="13cdc9d9-ddb5-4fa4-a97d-d965ccfc6d4b" outcome="Passed" testListId="8c84fa94-04c1-424b-9868-57a2d4851a1d" relativeResultsDirectory="53e48a6c-ec66-4dfa-8842-c6c8fb85a385" />
    <UnitTestResult executionId="c63dbb89-98e8-4c07-858d-bc01fba33ad5" testId="2d789d28-e6a7-138d-5118-90d326f34b7e" testName="AddSelectedWindowsToExport_ShouldShowCorrectToastMessages (5,0,0)" computerName="DKSR-EFI-06" duration="00:00:00.0034602" startTime="2024-01-09T15:47:11.8012562+01:00" endTime="2024-01-09T15:47:11.8168867+01:00" testType="13cdc9d9-ddb5-4fa4-a97d-d965ccfc6d4b" outcome="Passed" testListId="8c84fa94-04c1-424b-9868-57a2d4851a1d" relativeResultsDirectory="c63dbb89-98e8-4c07-858d-bc01fba33ad5" />
    <UnitTestResult executionId="66209598-0015-4f43-a99f-fbb259654923" testId="d9cf4840-605e-c89a-3f41-61314ef11e52" testName="GetServerTypes_ShouldReturnManagementServerType" computerName="DKSR-EFI-06" duration="00:00:00.0003638" startTime="2024-01-09T15:47:13.5828638+01:00" endTime="2024-01-09T15:47:13.5828638+01:00" testType="13cdc9d9-ddb5-4fa4-a97d-d965ccfc6d4b" outcome="Passed" testListId="8c84fa94-04c1-424b-9868-57a2d4851a1d" relativeResultsDirectory="66209598-0015-4f43-a99f-fbb259654923" />
    <UnitTestResult executionId="29093ff6-9778-44b9-b8f2-0b85dac75e06" testId="62ccd416-325f-fc18-4621-c0f70b480ec4" testName="MonitorLiveState_Deserialize_Success" computerName="DKSR-EFI-06" duration="00:00:00.0084669" startTime="2024-01-09T15:47:19.4275877+01:00" endTime="2024-01-09T15:47:19.4275877+01:00" testType="13cdc9d9-ddb5-4fa4-a97d-d965ccfc6d4b" outcome="Passed" testListId="8c84fa94-04c1-424b-9868-57a2d4851a1d" relativeResultsDirectory="29093ff6-9778-44b9-b8f2-0b85dac75e06" />
    <UnitTestResult executionId="f36072dd-5ce1-4849-bba0-e66a7d11585e" testId="98f162c3-7789-0517-6acc-2e2623f261ea" testName="VideoResultSearchResult_PropertiesWhenCombinedResultDifferentCategoryName_CollectedAndDisplayed" computerName="DKSR-EFI-06" duration="00:00:00.0269391" startTime="2024-01-09T15:46:16.6780624+01:00" endTime="2024-01-09T15:46:16.7093265+01:00" testType="13cdc9d9-ddb5-4fa4-a97d-d965ccfc6d4b" outcome="Passed" testListId="8c84fa94-04c1-424b-9868-57a2d4851a1d" relativeResultsDirectory="f36072dd-5ce1-4849-bba0-e66a7d11585e" />
    <UnitTestResult executionId="3c99a8db-fb12-434b-82b8-dc45f0c93000" testId="0a273ad8-5b9b-36bf-ab85-61e3ea84486e" testName="Custom, not forced" computerName="DKSR-EFI-06" duration="00:00:00.0071492" startTime="2024-01-09T15:45:42.8887935+01:00" endTime="2024-01-09T15:45:42.8887935+01:00" testType="13cdc9d9-ddb5-4fa4-a97d-d965ccfc6d4b" outcome="Passed" testListId="8c84fa94-04c1-424b-9868-57a2d4851a1d" relativeResultsDirectory="3c99a8db-fb12-434b-82b8-dc45f0c93000" />
    <UnitTestResult executionId="226e6e67-ceeb-49d4-9a0b-a31a5af2fc15" testId="cf1b5120-2f82-9f5f-15f1-028f78b34222" testName="AddToExportTuples_ShouldReturnCorrectResult (1,1,0)" computerName="DKSR-EFI-06" duration="00:00:00.0023292" startTime="2024-01-09T15:47:11.5980838+01:00" endTime="2024-01-09T15:47:11.5980838+01:00" testType="13cdc9d9-ddb5-4fa4-a97d-d965ccfc6d4b" outcome="Passed" testListId="8c84fa94-04c1-424b-9868-57a2d4851a1d" relativeResultsDirectory="226e6e67-ceeb-49d4-9a0b-a31a5af2fc15" />
    <UnitTestResult executionId="4554628a-2c33-41c6-baaf-be65e75cd136" testId="6c232766-0173-c070-73ea-ec002545c357" testName="Parse_Yesterday_Success" computerName="DKSR-EFI-06" duration="00:00:00.0000990" startTime="2024-01-09T15:46:44.3883220+01:00" endTime="2024-01-09T15:46:44.3883220+01:00" testType="13cdc9d9-ddb5-4fa4-a97d-d965ccfc6d4b" outcome="Passed" testListId="8c84fa94-04c1-424b-9868-57a2d4851a1d" relativeResultsDirectory="4554628a-2c33-41c6-baaf-be65e75cd136" />
    <UnitTestResult executionId="2d6572fb-1ff3-4796-89d9-8fcc3e256958" testId="a8a50f03-3329-f171-e632-4989e995a587" testName="SelectionCountDisplayText_MultipleSelectedResults_ReturnsMultipleString" computerName="DKSR-EFI-06" duration="00:00:00.0094003" startTime="2024-01-09T15:46:34.9798276+01:00" endTime="2024-01-09T15:46:34.9798276+01:00" testType="13cdc9d9-ddb5-4fa4-a97d-d965ccfc6d4b" outcome="Passed" testListId="8c84fa94-04c1-424b-9868-57a2d4851a1d" relativeResultsDirectory="2d6572fb-1ff3-4796-89d9-8fcc3e256958" />
    <UnitTestResult executionId="8295ef05-4d3b-4e85-a7f9-ff04cd3588ed" testId="b6d0f186-52a1-85f5-8e22-24d46ac1ac11" testName="ErrorInModel_Updates_LastError" computerName="DKSR-EFI-06" duration="00:00:00.0258611" startTime="2024-01-09T15:47:03.3300576+01:00" endTime="2024-01-09T15:47:03.3458698+01:00" testType="13cdc9d9-ddb5-4fa4-a97d-d965ccfc6d4b" outcome="Passed" testListId="8c84fa94-04c1-424b-9868-57a2d4851a1d" relativeResultsDirectory="8295ef05-4d3b-4e85-a7f9-ff04cd3588ed">
      <Output>
        <StdOut>Debug Trace:&#xD;
 &gt;&gt;&gt; ERROR: System.NullReferenceException: Object reference not set to an instance of an object.&#xD;
   at VideoOS.RemoteClient.GisMapData.GisMapModel.&lt;LoadMapAsync&gt;d__195.MoveNext() in D:\actions-runner\_work\XPCO\XPCO\SC\Components\dotNet\VideoOS.RemoteClient.GisMapData\GisMapModel.cs:line 937&#xD;
 &gt;&gt;&gt; Stack:    at VideoOS.RemoteClient.GisMapData.GisMapModel.&lt;LoadMapAsync&gt;d__195.MoveNext() in D:\actions-runner\_work\XPCO\XPCO\SC\Components\dotNet\VideoOS.RemoteClient.GisMapData\GisMapModel.cs:line 937</StdOut>
      </Output>
    </UnitTestResult>
    <UnitTestResult executionId="a02eca26-e294-4da4-bdea-2f55d12ec690" testId="efaca709-8a13-6b06-ae96-68d58720423e" testName="DrawCore_ShouldRemoveAllTransientMarkers_WhenNoTransientItemsToDisplay" computerName="DKSR-EFI-06" duration="00:00:00.0270052" startTime="2024-01-09T15:45:32.3106737+01:00" endTime="2024-01-09T15:45:32.3262954+01:00" testType="13cdc9d9-ddb5-4fa4-a97d-d965ccfc6d4b" outcome="Passed" testListId="8c84fa94-04c1-424b-9868-57a2d4851a1d" relativeResultsDirectory="a02eca26-e294-4da4-bdea-2f55d12ec690" />
    <UnitTestResult executionId="729cf9aa-d655-4506-b29c-d149bae99a88" testId="81839942-eab6-dd11-a06f-a19981ad17ba" testName="OnLayersRetrieved_ShouldSetComponentsToInput_WhenLayersCollectionContainsOutput" computerName="DKSR-EFI-06" duration="00:00:00.0202922" startTime="2024-01-09T15:45:28.7637916+01:00" endTime="2024-01-09T15:45:28.7794151+01:00" testType="13cdc9d9-ddb5-4fa4-a97d-d965ccfc6d4b" outcome="Passed" testListId="8c84fa94-04c1-424b-9868-57a2d4851a1d" relativeResultsDirectory="729cf9aa-d655-4506-b29c-d149bae99a88" />
    <UnitTestResult executionId="144b1411-66d8-4e91-afa5-1cea0ccb3362" testId="daf95640-1ecb-1c8c-09bc-d8c8490777c1" testName="SearchCriteriaFilterValues_ValidatePopupFunctionality_Success" computerName="DKSR-EFI-06" duration="00:00:00.0475784" startTime="2024-01-09T15:46:31.3066535+01:00" endTime="2024-01-09T15:46:31.3535472+01:00" testType="13cdc9d9-ddb5-4fa4-a97d-d965ccfc6d4b" outcome="Passed" testListId="8c84fa94-04c1-424b-9868-57a2d4851a1d" relativeResultsDirectory="144b1411-66d8-4e91-afa5-1cea0ccb3362" />
    <UnitTestResult executionId="95e056be-a7d6-4d13-86d3-7ffa69f2b7b8" testId="faece781-49e2-4e59-ebf9-bba502576c3c" testName="RemoveWorkroom_ShouldReturnFalse_WhenThereIsOnlyOneWorkroom" computerName="DKSR-EFI-06" duration="00:00:00.0304313" startTime="2024-01-09T15:47:17.2241289+01:00" endTime="2024-01-09T15:47:17.2553942+01:00" testType="13cdc9d9-ddb5-4fa4-a97d-d965ccfc6d4b" outcome="Passed" testListId="8c84fa94-04c1-424b-9868-57a2d4851a1d" relativeResultsDirectory="95e056be-a7d6-4d13-86d3-7ffa69f2b7b8" />
    <UnitTestResult executionId="17d112ed-bd56-4326-95a7-09fac46c4dd2" testId="c8da5140-6bbf-d2bf-c522-f95e06d6a595" testName="PtzSessionControllerInfo_UserChangedTest_Different_User" computerName="DKSR-EFI-06" duration="00:00:00.0003614" startTime="2024-01-09T15:45:19.5762891+01:00" endTime="2024-01-09T15:45:19.5762891+01:00" testType="13cdc9d9-ddb5-4fa4-a97d-d965ccfc6d4b" outcome="Passed" testListId="8c84fa94-04c1-424b-9868-57a2d4851a1d" relativeResultsDirectory="17d112ed-bd56-4326-95a7-09fac46c4dd2" />
    <UnitTestResult executionId="dbf6726d-28ae-4657-9af7-dd9f39f0b724" testId="afb51d05-f3b7-7ba8-3b5a-420afd719c13" testName="SetMapItemCluster_ShouldSetIcon_WhenNotSuperCluster" computerName="DKSR-EFI-06" duration="00:00:00.0491429" startTime="2024-01-09T15:45:37.6700451+01:00" endTime="2024-01-09T15:45:37.7325445+01:00" testType="13cdc9d9-ddb5-4fa4-a97d-d965ccfc6d4b" outcome="Passed" testListId="8c84fa94-04c1-424b-9868-57a2d4851a1d" relativeResultsDirectory="dbf6726d-28ae-4657-9af7-dd9f39f0b724" />
    <UnitTestResult executionId="7171629f-4b56-41be-978c-020b554e3045" testId="a5f3c4e3-2515-5b34-ca88-e1bb40637adf" testName="Decorate_ShouldAddChildrenWithProperName_WhenThereAreLayersWithItemsImplementingITitleToggleable" computerName="DKSR-EFI-06" duration="00:00:00.0022275" startTime="2024-01-09T15:45:30.9200418+01:00" endTime="2024-01-09T15:45:30.9200418+01:00" testType="13cdc9d9-ddb5-4fa4-a97d-d965ccfc6d4b" outcome="Passed" testListId="8c84fa94-04c1-424b-9868-57a2d4851a1d" relativeResultsDirectory="7171629f-4b56-41be-978c-020b554e3045" />
    <UnitTestResult executionId="9e30ae1f-b593-453c-9f86-5fc27fde1834" testId="40053e00-4502-6843-1f1d-ac2a3e574fe1" testName="MuteMicrophone_ShouldBeCalled_WhenMicrophoneStateGoesFromUnmutedToMuted" computerName="DKSR-EFI-06" duration="00:00:00.0091297" startTime="2024-01-09T15:47:02.9706309+01:00" endTime="2024-01-09T15:47:02.9862628+01:00" testType="13cdc9d9-ddb5-4fa4-a97d-d965ccfc6d4b" outcome="Passed" testListId="8c84fa94-04c1-424b-9868-57a2d4851a1d" relativeResultsDirectory="9e30ae1f-b593-453c-9f86-5fc27fde1834" />
    <UnitTestResult executionId="bb597059-b65d-4bac-927c-f78ed1d36875" testId="cd0b28bc-7718-797b-f022-800ca6ce22ba" testName="MoveToTop_ShouldNotMoveItemIndexInItemCollection_WhenItemIsAlreadyTopmost" computerName="DKSR-EFI-06" duration="00:00:00.0103683" startTime="2024-01-09T15:45:34.1700452+01:00" endTime="2024-01-09T15:45:34.1856727+01:00" testType="13cdc9d9-ddb5-4fa4-a97d-d965ccfc6d4b" outcome="Passed" testListId="8c84fa94-04c1-424b-9868-57a2d4851a1d" relativeResultsDirectory="bb597059-b65d-4bac-927c-f78ed1d36875" />
    <UnitTestResult executionId="3acab3ec-2ac1-4037-9a37-141c8723bd71" testId="dc2a73b2-537f-23c2-17dd-b62bfff2142a" testName="RemoveDefinition_NullDefinition_Throws" computerName="DKSR-EFI-06" duration="00:00:00.0041333" startTime="2024-01-09T15:46:44.8727763+01:00" endTime="2024-01-09T15:46:44.8727763+01:00" testType="13cdc9d9-ddb5-4fa4-a97d-d965ccfc6d4b" outcome="Passed" testListId="8c84fa94-04c1-424b-9868-57a2d4851a1d" relativeResultsDirectory="3acab3ec-2ac1-4037-9a37-141c8723bd71" />
    <UnitTestResult executionId="52abd2c7-dfc5-4d9a-80dc-7f054aa586c9" testId="a2522359-b2a2-5229-47e0-a441d8ac2c1e" testName="Decorate_ShouldRaiseArgumentNullException_WhenLayerVisibilityItemDataIsNull" computerName="DKSR-EFI-06" duration="00:00:00.0009297" startTime="2024-01-09T15:45:30.9356700+01:00" endTime="2024-01-09T15:45:30.9356700+01:00" testType="13cdc9d9-ddb5-4fa4-a97d-d965ccfc6d4b" outcome="Passed" testListId="8c84fa94-04c1-424b-9868-57a2d4851a1d" relativeResultsDirectory="52abd2c7-dfc5-4d9a-80dc-7f054aa586c9" />
    <UnitTestResult executionId="cf583bbf-6f7b-4d0a-99d9-0047b3ff3fb0" testId="02e91707-aab1-0a11-fa7b-f648cd0fd36e" testName="IsOutputDisabled_ShouldBeFalse_WhenOutputIsEnabled" computerName="DKSR-EFI-06" duration="00:00:00.0164847" startTime="2024-01-09T15:47:05.1431836+01:00" endTime="2024-01-09T15:47:05.1588211+01:00" testType="13cdc9d9-ddb5-4fa4-a97d-d965ccfc6d4b" outcome="Passed" testListId="8c84fa94-04c1-424b-9868-57a2d4851a1d" relativeResultsDirectory="cf583bbf-6f7b-4d0a-99d9-0047b3ff3fb0" />
    <UnitTestResult executionId="fbc50bcf-6cf5-4043-bfe1-6dee7df97dfa" testId="2920c2e0-39a3-dd93-5693-d4ce08512159" testName="Deserialize_ShouldReportMissingCombineType_WhenCombineTypeIsNotPresentInXml" computerName="DKSR-EFI-06" duration="00:00:00.0008722" startTime="2024-01-09T15:46:45.5135059+01:00" endTime="2024-01-09T15:46:45.5135059+01:00" testType="13cdc9d9-ddb5-4fa4-a97d-d965ccfc6d4b" outcome="Passed" testListId="8c84fa94-04c1-424b-9868-57a2d4851a1d" relativeResultsDirectory="fbc50bcf-6cf5-4043-bfe1-6dee7df97dfa" />
    <UnitTestResult executionId="078ed051-d235-430b-b7a0-2a67a983d1a5" testId="acb1a3bd-713e-4d7a-4e0c-8e617e64d48b" testName="SupportsDoubleClick_ShouldBeTrue_WhenInteractionStateIsNormal" computerName="DKSR-EFI-06" duration="00:00:00.0176512" startTime="2024-01-09T15:45:34.4512947+01:00" endTime="2024-01-09T15:45:34.4669205+01:00" testType="13cdc9d9-ddb5-4fa4-a97d-d965ccfc6d4b" outcome="Passed" testListId="8c84fa94-04c1-424b-9868-57a2d4851a1d" relativeResultsDirectory="078ed051-d235-430b-b7a0-2a67a983d1a5" />
    <UnitTestResult executionId="5420ded6-c706-4de5-be4a-3b6ce061f19f" testId="6800db71-c8bd-80f4-55c4-def277b5aa8f" testName="SupportsDoubleClick_ShouldBeTrue_WhenInteractionStateIsNormal" computerName="DKSR-EFI-06" duration="00:00:00.0903140" startTime="2024-01-09T15:45:38.1544177+01:00" endTime="2024-01-09T15:45:38.2481729+01:00" testType="13cdc9d9-ddb5-4fa4-a97d-d965ccfc6d4b" outcome="Passed" testListId="8c84fa94-04c1-424b-9868-57a2d4851a1d" relativeResultsDirectory="5420ded6-c706-4de5-be4a-3b6ce061f19f" />
    <UnitTestResult executionId="b6fab790-dfa1-45fb-aaa9-094d407b12a0" testId="7aa665c6-6d05-2641-5b0e-6f3ba4797370" testName="AudioControllerOnDevicesLockEvent_ShouldEnableMicrophones_WhenUnlockingAudioDevicesAndApplicationIsInLiveMode" computerName="DKSR-EFI-06" duration="00:00:00.0125675" startTime="2024-01-09T15:47:04.9400038+01:00" endTime="2024-01-09T15:47:04.9400038+01:00" testType="13cdc9d9-ddb5-4fa4-a97d-d965ccfc6d4b" outcome="Passed" testListId="8c84fa94-04c1-424b-9868-57a2d4851a1d" relativeResultsDirectory="b6fab790-dfa1-45fb-aaa9-094d407b12a0" />
    <UnitTestResult executionId="181db113-8b94-4e59-953a-b3ea2062dbb6" testId="ccbe9915-207e-f3b0-9e57-5dc3348b938c" testName="MonitorState_Equal_Tests" computerName="DKSR-EFI-06" duration="00:00:00.0014641" startTime="2024-01-09T15:47:19.4588500+01:00" endTime="2024-01-09T15:47:19.4588500+01:00" testType="13cdc9d9-ddb5-4fa4-a97d-d965ccfc6d4b" outcome="Passed" testListId="8c84fa94-04c1-424b-9868-57a2d4851a1d" relativeResultsDirectory="181db113-8b94-4e59-953a-b3ea2062dbb6" />
    <UnitTestResult executionId="7d0c20a5-dd85-4e3c-bb3c-f00e7f246ab1" testId="198a7352-93d7-0944-f1ae-7a5a353fc2ea" testName="PtzSessionController_Register_Camera_Test" computerName="DKSR-EFI-06" duration="00:00:00.2028837" startTime="2024-01-09T15:45:19.2637813+01:00" endTime="2024-01-09T15:45:19.4669059+01:00" testType="13cdc9d9-ddb5-4fa4-a97d-d965ccfc6d4b" outcome="Passed" testListId="8c84fa94-04c1-424b-9868-57a2d4851a1d" relativeResultsDirectory="7d0c20a5-dd85-4e3c-bb3c-f00e7f246ab1" />
    <UnitTestResult executionId="cb20dd3f-6f78-406e-9bee-cde05ed6b67a" testId="b6cb2108-bdbd-409f-1317-853c26dc4a4e" testName="DeleteSearchTemplateAsync_ThrowCommunicationMIPException_Success" computerName="DKSR-EFI-06" duration="00:00:00.0017630" startTime="2024-01-09T15:46:44.2789288+01:00" endTime="2024-01-09T15:46:44.2789288+01:00" testType="13cdc9d9-ddb5-4fa4-a97d-d965ccfc6d4b" outcome="Passed" testListId="8c84fa94-04c1-424b-9868-57a2d4851a1d" relativeResultsDirectory="cb20dd3f-6f78-406e-9bee-cde05ed6b67a" />
    <UnitTestResult executionId="db104b7f-05a6-4881-8d7a-e04baf501f7f" testId="60b9be0e-76ba-0ec0-0f7c-3f59c1ff8d12" testName="AddItemGetClusters_Milestone_ItemIsInCluster" computerName="DKSR-EFI-06" duration="00:00:00.0620543" startTime="2024-01-09T15:47:08.3941999+01:00" endTime="2024-01-09T15:47:08.4566922+01:00" testType="13cdc9d9-ddb5-4fa4-a97d-d965ccfc6d4b" outcome="Passed" testListId="8c84fa94-04c1-424b-9868-57a2d4851a1d" relativeResultsDirectory="db104b7f-05a6-4881-8d7a-e04baf501f7f" />
    <UnitTestResult executionId="f7cf2143-e3ee-4e9c-8da3-858bbc988473" testId="8655e08e-93f9-ea96-e1a5-f913a90803b9" testName="GetGisMapLayerFlyoutName_ShouldReturnOpenStreetMap_WhenGeographicLayerIsUnavailableAndAlternativeServerIsNotEmpty" computerName="DKSR-EFI-06" duration="00:00:00.0008616" startTime="2024-01-09T15:47:07.2532230+01:00" endTime="2024-01-09T15:47:07.2532230+01:00" testType="13cdc9d9-ddb5-4fa4-a97d-d965ccfc6d4b" outcome="Passed" testListId="8c84fa94-04c1-424b-9868-57a2d4851a1d" relativeResultsDirectory="f7cf2143-e3ee-4e9c-8da3-858bbc988473" />
    <UnitTestResult executionId="42dae25c-c114-4136-b168-5dc564a82f6a" testId="c4726943-b1e4-7dec-138b-79d3b9940013" testName="BoundingBoxNewLiveData" computerName="DKSR-EFI-06" duration="00:00:00.0038843" startTime="2024-01-09T15:47:13.2703131+01:00" endTime="2024-01-09T15:47:13.2703131+01:00" testType="13cdc9d9-ddb5-4fa4-a97d-d965ccfc6d4b" outcome="Passed" testListId="8c84fa94-04c1-424b-9868-57a2d4851a1d" relativeResultsDirectory="42dae25c-c114-4136-b168-5dc564a82f6a" />
    <UnitTestResult executionId="98e573c8-cf94-4002-b2ee-03b5ef7b8af8" testId="5fef5e10-fc69-5d3e-4101-c050ab62c33a" testName="PopulateTooltip_ManyResultsFromSingleCamera12Hours_ValidText" computerName="DKSR-EFI-06" duration="00:00:00.1116579" startTime="2024-01-09T15:46:27.9310950+01:00" endTime="2024-01-09T15:46:28.0404904+01:00" testType="13cdc9d9-ddb5-4fa4-a97d-d965ccfc6d4b" outcome="Passed" testListId="8c84fa94-04c1-424b-9868-57a2d4851a1d" relativeResultsDirectory="98e573c8-cf94-4002-b2ee-03b5ef7b8af8" />
    <UnitTestResult executionId="d0df60a3-5772-4e58-85c4-27ff4768697a" testId="16cbfe5e-7bb9-3462-1447-f565ffc95fc8" testName="HandleSetLayerFeatures_ShouldRaiseArgumentException_WhenIsCalled" computerName="DKSR-EFI-06" duration="00:00:00.0004124" startTime="2024-01-09T15:47:07.2219688+01:00" endTime="2024-01-09T15:47:07.2219688+01:00" testType="13cdc9d9-ddb5-4fa4-a97d-d965ccfc6d4b" outcome="Passed" testListId="8c84fa94-04c1-424b-9868-57a2d4851a1d" relativeResultsDirectory="d0df60a3-5772-4e58-85c4-27ff4768697a" />
    <UnitTestResult executionId="01b6db09-b0aa-458e-a3fa-b52bcac0bb69" testId="2ebfe8ce-3c37-b151-62ae-982463586759" testName="Constructor_ShouldThrowAnException_WhenWorkroomIsNull" computerName="DKSR-EFI-06" duration="00:00:00.0199362" startTime="2024-01-09T15:47:10.3790537+01:00" endTime="2024-01-09T15:47:10.3946794+01:00" testType="13cdc9d9-ddb5-4fa4-a97d-d965ccfc6d4b" outcome="Passed" testListId="8c84fa94-04c1-424b-9868-57a2d4851a1d" relativeResultsDirectory="01b6db09-b0aa-458e-a3fa-b52bcac0bb69" />
    <UnitTestResult executionId="ed86471f-c201-49a9-8853-e2d68b3d7056" testId="f680908c-3b4b-7b4d-7066-6e5fce7c0b27" testName="GetClusters_ExcludeThenIncludeExcludedItems_NoChange (Data Row 1)" computerName="DKSR-EFI-06" duration="00:00:00.0091520" startTime="2024-01-09T15:47:07.8784025+01:00" endTime="2024-01-09T15:47:08.0815823+01:00" testType="13cdc9d9-ddb5-4fa4-a97d-d965ccfc6d4b" outcome="Passed" testListId="8c84fa94-04c1-424b-9868-57a2d4851a1d" relativeResultsDirectory="ed86471f-c201-49a9-8853-e2d68b3d7056" />
    <UnitTestResult executionId="17f175b9-f1e9-4a38-b86c-f85ede2aa1e7" testId="c44548aa-9337-8061-84b6-1037567d8f33" testName="BuildMapOptions_ShouldHandleSecretStringOptionsCorrectly (GisMapBingMapKey,,False)" computerName="DKSR-EFI-06" duration="00:00:00.0009602" startTime="2024-01-09T15:47:17.4429746+01:00" endTime="2024-01-09T15:47:17.4429746+01:00" testType="13cdc9d9-ddb5-4fa4-a97d-d965ccfc6d4b" outcome="Passed" testListId="8c84fa94-04c1-424b-9868-57a2d4851a1d" relativeResultsDirectory="17f175b9-f1e9-4a38-b86c-f85ede2aa1e7" />
    <UnitTestResult executionId="75713969-0225-42b6-8b09-b5af62ff487d" testId="41f04a9d-5df2-9e79-b05d-aaa6c4b08e60" testName="CreateNewGroup_NewUser" computerName="DKSR-EFI-06" duration="00:00:00.0287003" startTime="2024-01-09T15:45:20.0919112+01:00" endTime="2024-01-09T15:45:20.1231608+01:00" testType="13cdc9d9-ddb5-4fa4-a97d-d965ccfc6d4b" outcome="Passed" testListId="8c84fa94-04c1-424b-9868-57a2d4851a1d" relativeResultsDirectory="75713969-0225-42b6-8b09-b5af62ff487d" />
    <UnitTestResult executionId="75f3777f-7d44-4bf9-b8c5-cb2d46453bcf" testId="7ef6fc17-41f7-b6dd-5a72-5e5de8ea26a4" testName="GetServerTypes_ShouldReturnServiceChannelType" computerName="DKSR-EFI-06" duration="00:00:00.0004587" startTime="2024-01-09T15:47:13.5984992+01:00" endTime="2024-01-09T15:47:13.5984992+01:00" testType="13cdc9d9-ddb5-4fa4-a97d-d965ccfc6d4b" outcome="Passed" testListId="8c84fa94-04c1-424b-9868-57a2d4851a1d" relativeResultsDirectory="75f3777f-7d44-4bf9-b8c5-cb2d46453bcf" />
    <UnitTestResult executionId="ac42526c-3539-4016-b317-3f97db66ff5c" testId="19ae25b4-0231-fc97-1b8f-0232f3086906" testName="Close_MainController_Success" computerName="DKSR-EFI-06" duration="00:00:00.0128982" startTime="2024-01-09T15:45:44.9987045+01:00" endTime="2024-01-09T15:45:44.9987045+01:00" testType="13cdc9d9-ddb5-4fa4-a97d-d965ccfc6d4b" outcome="Passed" testListId="8c84fa94-04c1-424b-9868-57a2d4851a1d" relativeResultsDirectory="ac42526c-3539-4016-b317-3f97db66ff5c" />
    <UnitTestResult executionId="9af3157c-f04a-4357-add4-73cd702294f5" testId="a97eb8e2-cea3-70dd-d5ee-19b9b7f4e4bf" testName="UserHasReadPublicSearchPermission_HasReadPermission_ReturnsTrue" computerName="DKSR-EFI-06" duration="00:00:00.0069838" startTime="2024-01-09T15:46:44.0913889+01:00" endTime="2024-01-09T15:46:44.0913889+01:00" testType="13cdc9d9-ddb5-4fa4-a97d-d965ccfc6d4b" outcome="Passed" testListId="8c84fa94-04c1-424b-9868-57a2d4851a1d" relativeResultsDirectory="9af3157c-f04a-4357-add4-73cd702294f5" />
    <UnitTestResult executionId="a9221a3e-5a4f-424d-8713-73ee3efc90bb" testId="84a40563-ae3e-05c4-e02d-b8d79f27ea48" testName="Init_NullState_InitialStateObtainedFromStateManager" computerName="DKSR-EFI-06" duration="00:00:00.3004709" startTime="2024-01-09T15:45:44.4829344+01:00" endTime="2024-01-09T15:45:44.7798836+01:00" testType="13cdc9d9-ddb5-4fa4-a97d-d965ccfc6d4b" outcome="Passed" testListId="8c84fa94-04c1-424b-9868-57a2d4851a1d" relativeResultsDirectory="a9221a3e-5a4f-424d-8713-73ee3efc90bb" />
    <UnitTestResult executionId="d8725f5f-81a6-4788-b2bf-909a875a278c" testId="02b778e1-2711-1e32-4739-47c0e9b81d4d" testName="BookmarkSearchTime_WithSearchStringInDifferentCases_ReturnCorrectBookmarkWithSearchStringInHeader (SeArChStRiNg,False,True,True,True,,,0)" computerName="DKSR-EFI-06" duration="00:00:00.0053724" startTime="2024-01-09T15:47:12.8327186+01:00" endTime="2024-01-09T15:47:12.8327186+01:00" testType="13cdc9d9-ddb5-4fa4-a97d-d965ccfc6d4b" outcome="Passed" testListId="8c84fa94-04c1-424b-9868-57a2d4851a1d" relativeResultsDirectory="d8725f5f-81a6-4788-b2bf-909a875a278c" />
    <UnitTestResult executionId="21af7983-305b-4816-bffa-f9d5c80946e9" testId="232f8949-7296-2b4c-d535-61493d92276d" testName="BuildContentOptions_ShouldReturnCorrectTimeSpan" computerName="DKSR-EFI-06" duration="00:00:00.0013634" startTime="2024-01-09T15:47:17.4741718+01:00" endTime="2024-01-09T15:47:17.4741718+01:00" testType="13cdc9d9-ddb5-4fa4-a97d-d965ccfc6d4b" outcome="Passed" testListId="8c84fa94-04c1-424b-9868-57a2d4851a1d" relativeResultsDirectory="21af7983-305b-4816-bffa-f9d5c80946e9" />
    <UnitTestResult executionId="e446cda9-4591-451f-9019-12ea78ba8dd1" testId="03690dec-a251-8115-c3a7-9374da58537f" testName="ValidateExportFormats_SmartClientPlayerFormat_ShouldNotReturnFailResult_ExportPathIsTooLong_WhenLongPathsEnabled (c:\aaaaaaaaaaaaaaaaaaaaaaaaaaaaaaaaaaaaaaaaaaaaaaaaaaaaaaaaaaaaaaaaaaaaaaaaaaaaaaaaaaaaaaaaaaaaaaaaaaaaaaaaaaaaaaaaaaaaaaaaaaaaaaaaaaaaaaaaaaaaaaaaaaaaaaaaaaaaaaaaaaaaaaaaaaaaaaaaaaaaaaa\aaaaaaaaaaaaaaaaaaaaaaaaaaaaaaaaaaaaaaaaaaaaaaaaaaaaaaaaaaaaaaaaaaaaaaaaaaaaaaaaaaaaaaaaaaaaaaaaaaaaaaaaaaaaaaaaaaaaaaaaaaaaaaaaaaaaaaaaaaaaaaaaaaaaaaaaaaaaaaaaaaaaaaaaaaaaaaaaaaaaaaa)" computerName="DKSR-EFI-06" duration="00:00:00.0219437" startTime="2024-01-09T15:45:44.2640998+01:00" endTime="2024-01-09T15:45:44.2953592+01:00" testType="13cdc9d9-ddb5-4fa4-a97d-d965ccfc6d4b" outcome="Passed" testListId="8c84fa94-04c1-424b-9868-57a2d4851a1d" relativeResultsDirectory="e446cda9-4591-451f-9019-12ea78ba8dd1" />
    <UnitTestResult executionId="bc799991-bc16-44cd-a576-b94df71c756f" testId="80e1e452-82cf-b088-db40-d28f7d32c62d" testName="EvidenceLock when Other" computerName="DKSR-EFI-06" duration="00:00:00.0186373" startTime="2024-01-09T15:47:10.3946794+01:00" endTime="2024-01-09T15:47:10.6447369+01:00" testType="13cdc9d9-ddb5-4fa4-a97d-d965ccfc6d4b" outcome="Passed" testListId="8c84fa94-04c1-424b-9868-57a2d4851a1d" relativeResultsDirectory="bc799991-bc16-44cd-a576-b94df71c756f" />
    <UnitTestResult executionId="568e1522-dbbe-4a24-9a9c-f8806c1ac429" testId="91d14b34-4712-1785-f0d4-572e813a795e" testName="ScWorkspaceStateChangedEvent_ShouldSetDeviceStateToDeactivated_WhenSwitchingToSetupMode" computerName="DKSR-EFI-06" duration="00:00:00.0139572" startTime="2024-01-09T15:47:05.0494116+01:00" endTime="2024-01-09T15:47:05.0650470+01:00" testType="13cdc9d9-ddb5-4fa4-a97d-d965ccfc6d4b" outcome="Passed" testListId="8c84fa94-04c1-424b-9868-57a2d4851a1d" relativeResultsDirectory="568e1522-dbbe-4a24-9a9c-f8806c1ac429" />
    <UnitTestResult executionId="d3da7d27-6318-4261-9113-5d95e9b49d3d" testId="adae62f9-2b72-4530-ee33-22d9b99a1467" testName="ClearFilterCommand_ClearsFilter" computerName="DKSR-EFI-06" duration="00:00:00.0168877" startTime="2024-01-09T15:47:00.2670937+01:00" endTime="2024-01-09T15:47:00.2827262+01:00" testType="13cdc9d9-ddb5-4fa4-a97d-d965ccfc6d4b" outcome="Passed" testListId="8c84fa94-04c1-424b-9868-57a2d4851a1d" relativeResultsDirectory="d3da7d27-6318-4261-9113-5d95e9b49d3d" />
    <UnitTestResult executionId="a6fdca39-8840-4be2-a0fb-3ce87ea862c8" testId="043e653c-51c1-1e91-2072-c6aa4ad8dfeb" testName="EnsureLayersOrderIsValidBy_AddLayerAt_Success" computerName="DKSR-EFI-06" duration="00:00:00.0598806" startTime="2024-01-09T15:47:04.1115845+01:00" endTime="2024-01-09T15:47:04.1741042+01:00" testType="13cdc9d9-ddb5-4fa4-a97d-d965ccfc6d4b" outcome="Passed" testListId="8c84fa94-04c1-424b-9868-57a2d4851a1d" relativeResultsDirectory="a6fdca39-8840-4be2-a0fb-3ce87ea862c8" />
    <UnitTestResult executionId="4dcbfed3-10d5-4352-9ac8-d9fd0283aa9e" testId="4b6fecb5-59c1-ea5f-e98e-45127e9005f6" testName="ValidateExportLocation_ShouldReturnFailResult_DestinationRequired" computerName="DKSR-EFI-06" duration="00:00:00.0745347" startTime="2024-01-09T15:45:43.9827544+01:00" endTime="2024-01-09T15:45:44.0609054+01:00" testType="13cdc9d9-ddb5-4fa4-a97d-d965ccfc6d4b" outcome="Passed" testListId="8c84fa94-04c1-424b-9868-57a2d4851a1d" relativeResultsDirectory="4dcbfed3-10d5-4352-9ac8-d9fd0283aa9e" />
    <UnitTestResult executionId="4f3a3b6c-c4b9-479e-89e7-9ef8d40e103f" testId="b6fde623-a6bd-ca8b-1185-e73065d6312e" testName="SupportsDoubleClick_ShouldBeTrue_WhenInteractionStateIsNewDevice" computerName="DKSR-EFI-06" duration="00:00:00.0720842" startTime="2024-01-09T15:45:36.4356705+01:00" endTime="2024-01-09T15:45:36.5137964+01:00" testType="13cdc9d9-ddb5-4fa4-a97d-d965ccfc6d4b" outcome="Passed" testListId="8c84fa94-04c1-424b-9868-57a2d4851a1d" relativeResultsDirectory="4f3a3b6c-c4b9-479e-89e7-9ef8d40e103f" />
    <UnitTestResult executionId="a5753eb1-c03f-4baf-a6a8-61edd4ad1eb4" testId="ebac5c23-cf94-d057-1e07-261b56c40f5f" testName="RemoveItems_ThreeMapItems_ThreeClusterChanges" computerName="DKSR-EFI-06" duration="00:00:00.0106448" startTime="2024-01-09T15:47:09.3006621+01:00" endTime="2024-01-09T15:47:09.3163026+01:00" testType="13cdc9d9-ddb5-4fa4-a97d-d965ccfc6d4b" outcome="Passed" testListId="8c84fa94-04c1-424b-9868-57a2d4851a1d" relativeResultsDirectory="a5753eb1-c03f-4baf-a6a8-61edd4ad1eb4" />
    <UnitTestResult executionId="9a373173-bc82-4d06-b414-07a79fd0dbb1" testId="a414dc23-7c3d-099a-1001-11be32d85424" testName="SaveSearchTemplateAsync_NoActive_Fails" computerName="DKSR-EFI-06" duration="00:00:00.0021513" startTime="2024-01-09T15:46:43.9976226+01:00" endTime="2024-01-09T15:46:43.9976226+01:00" testType="13cdc9d9-ddb5-4fa4-a97d-d965ccfc6d4b" outcome="Passed" testListId="8c84fa94-04c1-424b-9868-57a2d4851a1d" relativeResultsDirectory="9a373173-bc82-4d06-b414-07a79fd0dbb1" />
    <UnitTestResult executionId="67d4d1cd-33aa-49bc-9f5d-3db3f12312ba" testId="b7dfb3e8-2e47-78f3-b474-5d161942d69f" testName="Constructor_ShouldRaiseArgumentNullException_WhenGisMapModelIsNull" computerName="DKSR-EFI-06" duration="00:00:00.0179769" startTime="2024-01-09T15:45:29.3887957+01:00" endTime="2024-01-09T15:45:29.4044188+01:00" testType="13cdc9d9-ddb5-4fa4-a97d-d965ccfc6d4b" outcome="Passed" testListId="8c84fa94-04c1-424b-9868-57a2d4851a1d" relativeResultsDirectory="67d4d1cd-33aa-49bc-9f5d-3db3f12312ba" />
    <UnitTestResult executionId="1c672f42-6659-4b41-a44d-aba2223af2c5" testId="138f94fd-09a3-ac1a-466f-d3cf0cc3562a" testName="UpdateStartupLocationInModel_NoUpdate_Success" computerName="DKSR-EFI-06" duration="00:00:00.1213071" startTime="2024-01-09T15:45:24.9981656+01:00" endTime="2024-01-09T15:45:25.1231656+01:00" testType="13cdc9d9-ddb5-4fa4-a97d-d965ccfc6d4b" outcome="Passed" testListId="8c84fa94-04c1-424b-9868-57a2d4851a1d" relativeResultsDirectory="1c672f42-6659-4b41-a44d-aba2223af2c5" />
    <UnitTestResult executionId="b7e3a736-5150-4929-ab8f-f1f25516e1ae" testId="d02f35d6-61fd-fd34-88f9-5255843d0782" testName="TestGetBuildingClient_WithBuildingSupport_Success" computerName="DKSR-EFI-06" duration="00:00:00.0135087" startTime="2024-01-09T15:47:07.3783149+01:00" endTime="2024-01-09T15:47:07.3938960+01:00" testType="13cdc9d9-ddb5-4fa4-a97d-d965ccfc6d4b" outcome="Passed" testListId="8c84fa94-04c1-424b-9868-57a2d4851a1d" relativeResultsDirectory="b7e3a736-5150-4929-ab8f-f1f25516e1ae" />
    <UnitTestResult executionId="b949ae74-50f2-456e-87aa-b7a8c0d24743" testId="2106a4d7-5b05-e5c0-8033-860c82b0ad6a" testName="StartSearch_Success" computerName="DKSR-EFI-06" duration="00:00:00.0263942" startTime="2024-01-09T15:46:38.4651959+01:00" endTime="2024-01-09T15:46:38.4964528+01:00" testType="13cdc9d9-ddb5-4fa4-a97d-d965ccfc6d4b" outcome="Passed" testListId="8c84fa94-04c1-424b-9868-57a2d4851a1d" relativeResultsDirectory="b949ae74-50f2-456e-87aa-b7a8c0d24743" />
    <UnitTestResult executionId="6738f6ba-eeb2-4249-a480-ad733c0ded92" testId="3682e780-aa17-fe02-e0c3-3a38eee876d9" testName="TestForAssemblyCoverage" computerName="DKSR-EFI-06" duration="00:00:00.0399810" startTime="2024-01-09T15:45:20.4513395+01:00" endTime="2024-01-09T15:45:20.4981594+01:00" testType="13cdc9d9-ddb5-4fa4-a97d-d965ccfc6d4b" outcome="Passed" testListId="8c84fa94-04c1-424b-9868-57a2d4851a1d" relativeResultsDirectory="6738f6ba-eeb2-4249-a480-ad733c0ded92" />
    <UnitTestResult executionId="ea75ad24-1358-4c86-9249-ea9639e1a8fe" testId="6e09ad1b-dc7a-2da6-6085-ead018e4d60b" testName="UpdateRecorderInfoTest" computerName="DKSR-EFI-06" duration="00:00:00.0092426" startTime="2024-01-09T15:45:20.3575374+01:00" endTime="2024-01-09T15:45:20.3575374+01:00" testType="13cdc9d9-ddb5-4fa4-a97d-d965ccfc6d4b" outcome="Passed" testListId="8c84fa94-04c1-424b-9868-57a2d4851a1d" relativeResultsDirectory="ea75ad24-1358-4c86-9249-ea9639e1a8fe" />
    <UnitTestResult executionId="008372d7-0169-4b7d-bfc8-3a9c768debd9" testId="e2a3c11c-1944-c086-d9fe-0c8ab6c0a314" testName="SearchResultsActionBarActions_Export_OptionUnavailable_NotVisible" computerName="DKSR-EFI-06" duration="00:00:00.0094657" startTime="2024-01-09T15:46:35.3080533+01:00" endTime="2024-01-09T15:46:35.3080533+01:00" testType="13cdc9d9-ddb5-4fa4-a97d-d965ccfc6d4b" outcome="Passed" testListId="8c84fa94-04c1-424b-9868-57a2d4851a1d" relativeResultsDirectory="008372d7-0169-4b7d-bfc8-3a9c768debd9" />
    <UnitTestResult executionId="dd645226-0d9e-4452-8b1f-e116b6fc9c96" testId="e722e3a9-2981-c54f-b874-d266f762bbea" testName="TryGetEventServerIdByACSystemId_ShouldReturnProperEventServerId_WhenEventServerIdIsPartOfServerConfiguredAccessControlSystemsDictionary" computerName="DKSR-EFI-06" duration="00:00:00.0005491" startTime="2024-01-09T15:47:18.7243536+01:00" endTime="2024-01-09T15:47:18.7243536+01:00" testType="13cdc9d9-ddb5-4fa4-a97d-d965ccfc6d4b" outcome="Passed" testListId="8c84fa94-04c1-424b-9868-57a2d4851a1d" relativeResultsDirectory="dd645226-0d9e-4452-8b1f-e116b6fc9c96" />
    <UnitTestResult executionId="daf29895-b953-4afe-bdce-bd2f7930eeb2" testId="4e201780-8be5-36cf-a6cd-fc75ae04350d" testName="Compare_NullVsNotNullDescending_LessThan" computerName="DKSR-EFI-06" duration="00:00:00.0001644" startTime="2024-01-09T15:46:45.4666209+01:00" endTime="2024-01-09T15:46:45.4666209+01:00" testType="13cdc9d9-ddb5-4fa4-a97d-d965ccfc6d4b" outcome="Passed" testListId="8c84fa94-04c1-424b-9868-57a2d4851a1d" relativeResultsDirectory="daf29895-b953-4afe-bdce-bd2f7930eeb2" />
    <UnitTestResult executionId="43255b82-d0d7-42da-8c49-4a2c3a2148f3" testId="ac48ab08-0586-5064-3572-983965e5b6b6" testName="ActiveInteractionStateBinding_ShouldNotBeNull_WhenCtorIsCalled" computerName="DKSR-EFI-06" duration="00:00:00.1443917" startTime="2024-01-09T15:45:35.9825475+01:00" endTime="2024-01-09T15:45:36.1387958+01:00" testType="13cdc9d9-ddb5-4fa4-a97d-d965ccfc6d4b" outcome="Passed" testListId="8c84fa94-04c1-424b-9868-57a2d4851a1d" relativeResultsDirectory="43255b82-d0d7-42da-8c49-4a2c3a2148f3" />
    <UnitTestResult executionId="5e16c00c-d3b6-48af-9b88-54364371170d" testId="b00af7f0-604c-fe77-ba1c-c7a5845e3353" testName="AddResults_ExcludePartialResults_TwoPartialResult_Success" computerName="DKSR-EFI-06" duration="00:00:00.0022012" startTime="2024-01-09T15:46:45.2478370+01:00" endTime="2024-01-09T15:46:45.2478370+01:00" testType="13cdc9d9-ddb5-4fa4-a97d-d965ccfc6d4b" outcome="Passed" testListId="8c84fa94-04c1-424b-9868-57a2d4851a1d" relativeResultsDirectory="5e16c00c-d3b6-48af-9b88-54364371170d" />
    <UnitTestResult executionId="bf4ff078-d11a-443e-a922-060ef763908a" testId="d4e46870-eb38-895f-fa8d-62938fc8e119" testName="RemoveDefinition_UnknownDefinition_NoChange" computerName="DKSR-EFI-06" duration="00:00:00.0054313" startTime="2024-01-09T15:46:44.8727763+01:00" endTime="2024-01-09T15:46:44.8727763+01:00" testType="13cdc9d9-ddb5-4fa4-a97d-d965ccfc6d4b" outcome="Passed" testListId="8c84fa94-04c1-424b-9868-57a2d4851a1d" relativeResultsDirectory="bf4ff078-d11a-443e-a922-060ef763908a" />
    <UnitTestResult executionId="a9d9038c-331c-40c4-ac55-37a4ccd15c61" testId="92ffac32-345b-b5fe-0330-df7f8960df1b" testName="ShowAlreadyAddedToast_ShouldShowCorrectNumberOfToasts (0,0)" computerName="DKSR-EFI-06" duration="00:00:00.0014962" startTime="2024-01-09T15:47:11.8950227+01:00" endTime="2024-01-09T15:47:11.8950227+01:00" testType="13cdc9d9-ddb5-4fa4-a97d-d965ccfc6d4b" outcome="Passed" testListId="8c84fa94-04c1-424b-9868-57a2d4851a1d" relativeResultsDirectory="a9d9038c-331c-40c4-ac55-37a4ccd15c61" />
    <UnitTestResult executionId="825d5e27-6e4b-4ad9-9d35-2328ce586be4" testId="708fbd07-d518-bb6a-de51-1d178c785f47" testName="Detach_ShouldRaiseArgumentNullException_WhenWindowIsNull" computerName="DKSR-EFI-06" duration="00:00:00.0008510" startTime="2024-01-09T15:45:26.7637911+01:00" endTime="2024-01-09T15:45:26.7637911+01:00" testType="13cdc9d9-ddb5-4fa4-a97d-d965ccfc6d4b" outcome="Passed" testListId="8c84fa94-04c1-424b-9868-57a2d4851a1d" relativeResultsDirectory="825d5e27-6e4b-4ad9-9d35-2328ce586be4" />
    <UnitTestResult executionId="5d621a6d-d32a-4489-9442-93819bdaa159" testId="079450ee-9c67-b58c-8699-2a3c056c36d2" testName="GetSearchTemplateAsync_Null_Failure" computerName="DKSR-EFI-06" duration="00:00:00.0035624" startTime="2024-01-09T15:46:44.2945507+01:00" endTime="2024-01-09T15:46:44.2945507+01:00" testType="13cdc9d9-ddb5-4fa4-a97d-d965ccfc6d4b" outcome="Passed" testListId="8c84fa94-04c1-424b-9868-57a2d4851a1d" relativeResultsDirectory="5d621a6d-d32a-4489-9442-93819bdaa159" />
    <UnitTestResult executionId="01115037-901c-4cb1-bf11-a94e22456c32" testId="68a0cb09-28c6-2900-d9b8-f1de6e183f62" testName="ToDenormalizedFieldOfView_GreaterThan1_0_Failure" computerName="DKSR-EFI-06" duration="00:00:00.0005509" startTime="2024-01-09T15:47:01.2047375+01:00" endTime="2024-01-09T15:47:01.2047375+01:00" testType="13cdc9d9-ddb5-4fa4-a97d-d965ccfc6d4b" outcome="Passed" testListId="8c84fa94-04c1-424b-9868-57a2d4851a1d" relativeResultsDirectory="01115037-901c-4cb1-bf11-a94e22456c32" />
    <UnitTestResult executionId="e418f1f0-d1c4-404d-a2fc-720141c784dc" testId="c2441b73-f50b-2134-daff-42ee09341afb" testName="CanEditRegionSelection_ShouldBeFalse_WhenHelperDoesNotAllowMoreRegionsToBeAdded" computerName="DKSR-EFI-06" duration="00:00:00.0013878" startTime="2024-01-09T15:47:00.4077367+01:00" endTime="2024-01-09T15:47:00.4077367+01:00" testType="13cdc9d9-ddb5-4fa4-a97d-d965ccfc6d4b" outcome="Passed" testListId="8c84fa94-04c1-424b-9868-57a2d4851a1d" relativeResultsDirectory="e418f1f0-d1c4-404d-a2fc-720141c784dc" />
    <UnitTestResult executionId="11eb91fe-856a-4177-aa21-952a36871781" testId="076479ee-f448-9ceb-4230-0072b1a0e768" testName="SortLayersByOrderAndTypes_Success" computerName="DKSR-EFI-06" duration="00:00:00.0161707" startTime="2024-01-09T15:47:04.2835193+01:00" endTime="2024-01-09T15:47:04.2991522+01:00" testType="13cdc9d9-ddb5-4fa4-a97d-d965ccfc6d4b" outcome="Passed" testListId="8c84fa94-04c1-424b-9868-57a2d4851a1d" relativeResultsDirectory="11eb91fe-856a-4177-aa21-952a36871781" />
    <UnitTestResult executionId="4ea6050f-9ada-440a-8c48-65f1378fa891" testId="aa968540-b42d-3b72-16d5-0bf3327fa8b4" testName="FindSearchTemplateesAsync_StateError_Success" computerName="DKSR-EFI-06" duration="00:00:00.0016091" startTime="2024-01-09T15:46:44.3570614+01:00" endTime="2024-01-09T15:46:44.3570614+01:00" testType="13cdc9d9-ddb5-4fa4-a97d-d965ccfc6d4b" outcome="Passed" testListId="8c84fa94-04c1-424b-9868-57a2d4851a1d" relativeResultsDirectory="4ea6050f-9ada-440a-8c48-65f1378fa891" />
    <UnitTestResult executionId="cbde11aa-b920-460b-b21a-ba6a77123b19" testId="03a16989-cfc5-ab34-8c7c-ef90806b02a7" testName="Ctor_NullArgs_ArgNullException" computerName="DKSR-EFI-06" duration="00:00:00.0099446" startTime="2024-01-09T15:46:34.4015226+01:00" endTime="2024-01-09T15:46:34.4015226+01:00" testType="13cdc9d9-ddb5-4fa4-a97d-d965ccfc6d4b" outcome="Passed" testListId="8c84fa94-04c1-424b-9868-57a2d4851a1d" relativeResultsDirectory="cbde11aa-b920-460b-b21a-ba6a77123b19" />
    <UnitTestResult executionId="106da2ad-749c-4063-8cc8-71959e66b9c6" testId="e00615fe-3a8d-1512-20d9-8abe6916016f" testName="SelectTemplate_CheckBoxFilterConfiguration_ReturnsInlineTemplate" computerName="DKSR-EFI-06" duration="00:00:00.0014467" startTime="2024-01-09T15:45:45.1862613+01:00" endTime="2024-01-09T15:45:45.1862613+01:00" testType="13cdc9d9-ddb5-4fa4-a97d-d965ccfc6d4b" outcome="Passed" testListId="8c84fa94-04c1-424b-9868-57a2d4851a1d" relativeResultsDirectory="106da2ad-749c-4063-8cc8-71959e66b9c6" />
    <UnitTestResult executionId="2b7bf6ff-3354-442a-95f3-e823d7782446" testId="8db91f9d-1fce-7008-7fb4-f88012013950" testName="ClearSelectedCamerasCommand_WithActiveSearchTemplate_ActiveSearchTemplateModifiedSet" computerName="DKSR-EFI-06" duration="00:00:00.0089997" startTime="2024-01-09T15:46:37.7931429+01:00" endTime="2024-01-09T15:46:37.8087753+01:00" testType="13cdc9d9-ddb5-4fa4-a97d-d965ccfc6d4b" outcome="Passed" testListId="8c84fa94-04c1-424b-9868-57a2d4851a1d" relativeResultsDirectory="2b7bf6ff-3354-442a-95f3-e823d7782446" />
    <UnitTestResult executionId="a8a966db-4cc5-4250-b710-c83b84beede4" testId="0f2fab4c-9ed0-8156-9134-b17ff014dc4a" testName="SearchResultDetailsView_EscapeKey_AnimationEnabled_DetailsViewRemovedFromMainGrid" computerName="DKSR-EFI-06" duration="00:00:01.2527973" startTime="2024-01-09T15:45:57.9076674+01:00" endTime="2024-01-09T15:45:59.1578306+01:00" testType="13cdc9d9-ddb5-4fa4-a97d-d965ccfc6d4b" outcome="Passed" testListId="8c84fa94-04c1-424b-9868-57a2d4851a1d" relativeResultsDirectory="a8a966db-4cc5-4250-b710-c83b84beede4" />
    <UnitTestResult executionId="f2f4fbb9-4596-4308-918e-cbd887d12768" testId="4ca2f8f4-021b-5238-c299-1b1fb7ab3fab" testName="GisPointToIndexGridPosition_00_ReturnsPowerScaleMinusOne" computerName="DKSR-EFI-06" duration="00:00:00.0002520" startTime="2024-01-09T15:47:08.7536512+01:00" endTime="2024-01-09T15:47:08.7536512+01:00" testType="13cdc9d9-ddb5-4fa4-a97d-d965ccfc6d4b" outcome="Passed" testListId="8c84fa94-04c1-424b-9868-57a2d4851a1d" relativeResultsDirectory="f2f4fbb9-4596-4308-918e-cbd887d12768" />
    <UnitTestResult executionId="fae5b850-14b1-4b16-aa09-0f84fe78caab" testId="e16392e0-b74b-20a1-bfd8-cf04cd22dc42" testName="Constructor_ShouldRaiseArgumentNullException_WhenHeadlinesIsNull" computerName="DKSR-EFI-06" duration="00:00:00.0031290" startTime="2024-01-09T15:45:30.8731675+01:00" endTime="2024-01-09T15:45:30.8731675+01:00" testType="13cdc9d9-ddb5-4fa4-a97d-d965ccfc6d4b" outcome="Passed" testListId="8c84fa94-04c1-424b-9868-57a2d4851a1d" relativeResultsDirectory="fae5b850-14b1-4b16-aa09-0f84fe78caab" />
    <UnitTestResult executionId="83094611-4643-4a2c-a131-3faeb7c564d0" testId="57c51b3e-0bbc-373f-47ab-9b946ca10dfa" testName="FilterValueHasRegionSelectionForCamera_ShouldReturnFalse_WhenFilterValueDoesNotHaveRegionSelectionForCamera" computerName="DKSR-EFI-06" duration="00:00:00.0138165" startTime="2024-01-09T15:47:00.4233689+01:00" endTime="2024-01-09T15:47:00.4389987+01:00" testType="13cdc9d9-ddb5-4fa4-a97d-d965ccfc6d4b" outcome="Passed" testListId="8c84fa94-04c1-424b-9868-57a2d4851a1d" relativeResultsDirectory="83094611-4643-4a2c-a131-3faeb7c564d0" />
    <UnitTestResult executionId="4ed74a48-aaac-4065-b606-e2ad34112d82" testId="9fe32e3c-1f4e-e7ac-2652-a48159917634" testName="UpdateScope_ItemsChangedButSameCollectionSize_ReturnsTrue" computerName="DKSR-EFI-06" duration="00:00:00.0007358" startTime="2024-01-09T15:46:45.2790842+01:00" endTime="2024-01-09T15:46:45.2790842+01:00" testType="13cdc9d9-ddb5-4fa4-a97d-d965ccfc6d4b" outcome="Passed" testListId="8c84fa94-04c1-424b-9868-57a2d4851a1d" relativeResultsDirectory="4ed74a48-aaac-4065-b606-e2ad34112d82" />
    <UnitTestResult executionId="61cadbae-cde0-4bf5-ba0b-e159f13c5e5c" testId="c6c12d45-27fb-4bdb-9c70-a3598bb5e949" testName="GetCameraTypes_ShouldReturnCameraGroupType" computerName="DKSR-EFI-06" duration="00:00:00.0003518" startTime="2024-01-09T15:47:13.5984992+01:00" endTime="2024-01-09T15:47:13.5984992+01:00" testType="13cdc9d9-ddb5-4fa4-a97d-d965ccfc6d4b" outcome="Passed" testListId="8c84fa94-04c1-424b-9868-57a2d4851a1d" relativeResultsDirectory="61cadbae-cde0-4bf5-ba0b-e159f13c5e5c" />
    <UnitTestResult executionId="83ac2276-6e60-4729-a11b-a08e9741449b" testId="dd385b74-b0ce-69dd-5bae-8f3c49a74f34" testName="SupportsRightClick_ShouldBeFalse_WhenInteractionStateIsNotNormal" computerName="DKSR-EFI-06" duration="00:00:00.0365484" startTime="2024-01-09T15:45:35.3731730+01:00" endTime="2024-01-09T15:45:35.4044230+01:00" testType="13cdc9d9-ddb5-4fa4-a97d-d965ccfc6d4b" outcome="Passed" testListId="8c84fa94-04c1-424b-9868-57a2d4851a1d" relativeResultsDirectory="83ac2276-6e60-4729-a11b-a08e9741449b" />
    <UnitTestResult executionId="c55be118-bb76-4c20-bbf4-114766ffab5c" testId="e9db157d-7d85-2810-0c2d-91345491fde3" testName="ValidateExportFormats_VideoClipFormat_ShouldReturnFailResult_PrePostTextsRequired" computerName="DKSR-EFI-06" duration="00:00:00.0154542" startTime="2024-01-09T15:45:44.3579296+01:00" endTime="2024-01-09T15:45:44.3735111+01:00" testType="13cdc9d9-ddb5-4fa4-a97d-d965ccfc6d4b" outcome="Passed" testListId="8c84fa94-04c1-424b-9868-57a2d4851a1d" relativeResultsDirectory="c55be118-bb76-4c20-bbf4-114766ffab5c" />
    <UnitTestResult executionId="62b45e2b-1cf0-4f13-9366-7468a57a79c4" testId="0f2e137e-89bc-52a2-1336-1a186e7f8485" testName="UpdateSearchTemplateAsync_ThrowTimeoutException_Success" computerName="DKSR-EFI-06" duration="00:00:00.0017218" startTime="2024-01-09T15:46:44.2320340+01:00" endTime="2024-01-09T15:46:44.2320340+01:00" testType="13cdc9d9-ddb5-4fa4-a97d-d965ccfc6d4b" outcome="Passed" testListId="8c84fa94-04c1-424b-9868-57a2d4851a1d" relativeResultsDirectory="62b45e2b-1cf0-4f13-9366-7468a57a79c4" />
    <UnitTestResult executionId="5d51f50d-6c29-4dea-888e-bc84102ef25c" testId="a565b306-850e-b284-c6c4-6f49c2eabf91" testName="HandleRemoveItem_ShouldNotAffectMarkersCache_WhenRemovingPermanentMarkers" computerName="DKSR-EFI-06" duration="00:00:00.0581927" startTime="2024-01-09T15:45:31.8262952+01:00" endTime="2024-01-09T15:45:31.8887955+01:00" testType="13cdc9d9-ddb5-4fa4-a97d-d965ccfc6d4b" outcome="Passed" testListId="8c84fa94-04c1-424b-9868-57a2d4851a1d" relativeResultsDirectory="5d51f50d-6c29-4dea-888e-bc84102ef25c" />
    <UnitTestResult executionId="d5b8a4c9-c8a9-48db-8ba5-001d7d5b3ca8" testId="478d0236-e1c2-77c9-69c0-a72f12637e60" testName="BindingModelTitle_Matches_PluginInstanceTitle" computerName="DKSR-EFI-06" duration="00:00:00.0018552" startTime="2024-01-09T15:47:12.0200528+01:00" endTime="2024-01-09T15:47:12.0356806+01:00" testType="13cdc9d9-ddb5-4fa4-a97d-d965ccfc6d4b" outcome="Passed" testListId="8c84fa94-04c1-424b-9868-57a2d4851a1d" relativeResultsDirectory="d5b8a4c9-c8a9-48db-8ba5-001d7d5b3ca8" />
    <UnitTestResult executionId="3c4dca64-37bc-4edb-ba41-54e8a95e64c4" testId="cf838b6b-7995-4cd7-4849-142f7382a183" testName="Serialize_ScopeItemsOnly_Success" computerName="DKSR-EFI-06" duration="00:00:00.0016141" startTime="2024-01-09T15:46:45.4979240+01:00" endTime="2024-01-09T15:46:45.4979240+01:00" testType="13cdc9d9-ddb5-4fa4-a97d-d965ccfc6d4b" outcome="Passed" testListId="8c84fa94-04c1-424b-9868-57a2d4851a1d" relativeResultsDirectory="3c4dca64-37bc-4edb-ba41-54e8a95e64c4" />
    <UnitTestResult executionId="3738864e-6d6d-4e4d-998b-5dbedcdc4141" testId="0110325c-27e3-3325-4a17-71d49ff6f036" testName="GetUnmutedMicrophoneIconId_ShouldReturnValidUnMutedMicrophoneIconId_WhenValidMutedMicrophoneIconIdIsProvided" computerName="DKSR-EFI-06" duration="00:00:00.0001693" startTime="2024-01-09T15:47:04.4554595+01:00" endTime="2024-01-09T15:47:04.4554595+01:00" testType="13cdc9d9-ddb5-4fa4-a97d-d965ccfc6d4b" outcome="Passed" testListId="8c84fa94-04c1-424b-9868-57a2d4851a1d" relativeResultsDirectory="3738864e-6d6d-4e4d-998b-5dbedcdc4141" />
    <UnitTestResult executionId="28a3de0b-f33c-4a12-83e0-dfe0ffa26045" testId="ed1d90ee-8339-654e-30f1-a3356e61f489" testName="PatrollingStepListViewModel_MoveStepUpCommand" computerName="DKSR-EFI-06" duration="00:00:00.0021506" startTime="2024-01-09T15:47:09.6445033+01:00" endTime="2024-01-09T15:47:09.6445033+01:00" testType="13cdc9d9-ddb5-4fa4-a97d-d965ccfc6d4b" outcome="Passed" testListId="8c84fa94-04c1-424b-9868-57a2d4851a1d" relativeResultsDirectory="28a3de0b-f33c-4a12-83e0-dfe0ffa26045" />
    <UnitTestResult executionId="7bdf6bb0-9ac1-45ce-9a5e-5ce966943f9b" testId="63f12d9f-b048-76b8-264d-b989df0bfbca" testName="GetOsmServerAddress_ShouldReturnAlternativeServerValue_WhenGeographicLayerIsNullAndAlternativeServerHasValidUrl" computerName="DKSR-EFI-06" duration="00:00:00.0007046" startTime="2024-01-09T15:47:07.2844893+01:00" endTime="2024-01-09T15:47:07.2844893+01:00" testType="13cdc9d9-ddb5-4fa4-a97d-d965ccfc6d4b" outcome="Passed" testListId="8c84fa94-04c1-424b-9868-57a2d4851a1d" relativeResultsDirectory="7bdf6bb0-9ac1-45ce-9a5e-5ce966943f9b" />
    <UnitTestResult executionId="2e39c9cc-e002-4fb7-a4be-7e6045eb0739" testId="e8f3b5b9-78ec-f897-d51a-a5d2a544c215" testName="SupportsDoubleClick_ShouldBeTrue_WhenInteractionStateIsNormalAndInSetupMode" computerName="DKSR-EFI-06" duration="00:00:00.0333721" startTime="2024-01-09T15:45:34.7012967+01:00" endTime="2024-01-09T15:45:34.7325451+01:00" testType="13cdc9d9-ddb5-4fa4-a97d-d965ccfc6d4b" outcome="Passed" testListId="8c84fa94-04c1-424b-9868-57a2d4851a1d" relativeResultsDirectory="2e39c9cc-e002-4fb7-a4be-7e6045eb0739" />
    <UnitTestResult executionId="1e62bfe6-4449-4339-bf31-1e7bf3dd33fa" testId="ee325437-e5fe-a792-f60f-ba53523f3b7b" testName="MaxRegionsAllowed_ShouldBeIntMaxValue_WhenProvidedMaxIsNegative" computerName="DKSR-EFI-06" duration="00:00:00.0001933" startTime="2024-01-09T15:47:00.4077367+01:00" endTime="2024-01-09T15:47:00.4077367+01:00" testType="13cdc9d9-ddb5-4fa4-a97d-d965ccfc6d4b" outcome="Passed" testListId="8c84fa94-04c1-424b-9868-57a2d4851a1d" relativeResultsDirectory="1e62bfe6-4449-4339-bf31-1e7bf3dd33fa" />
    <UnitTestResult executionId="91a49648-5aee-434d-90b6-6ff8acff1521" testId="e81278a0-f697-84b0-67b1-ed0b5035a30c" testName="SearchAction_BrowseMode_Now" computerName="DKSR-EFI-06" duration="00:00:00.0072211" startTime="2024-01-09T15:47:12.4420174+01:00" endTime="2024-01-09T15:47:12.4576481+01:00" testType="13cdc9d9-ddb5-4fa4-a97d-d965ccfc6d4b" outcome="Passed" testListId="8c84fa94-04c1-424b-9868-57a2d4851a1d" relativeResultsDirectory="91a49648-5aee-434d-90b6-6ff8acff1521" />
    <UnitTestResult executionId="a8134380-ddfe-418c-af78-b0fe9764e693" testId="71b3373f-dea8-3cfe-2919-2c270031d8d7" testName="UpdateHomeLocationInModel_NoUpdate_Succes" computerName="DKSR-EFI-06" duration="00:00:02.2501395" startTime="2024-01-09T15:45:22.2169125+01:00" endTime="2024-01-09T15:45:24.4669154+01:00" testType="13cdc9d9-ddb5-4fa4-a97d-d965ccfc6d4b" outcome="Passed" testListId="8c84fa94-04c1-424b-9868-57a2d4851a1d" relativeResultsDirectory="a8134380-ddfe-418c-af78-b0fe9764e693" />
    <UnitTestResult executionId="4859a212-b2d9-4cf4-ac56-b0931eb43cff" testId="65173ca9-ca7a-eecb-f51e-664ba3987e33" testName="PtzSessionController_GetPtzSessionInfo_Unregistered_Camera_Test" computerName="DKSR-EFI-06" duration="00:00:00.0119070" startTime="2024-01-09T15:45:19.2481578+01:00" endTime="2024-01-09T15:45:19.2637813+01:00" testType="13cdc9d9-ddb5-4fa4-a97d-d965ccfc6d4b" outcome="Passed" testListId="8c84fa94-04c1-424b-9868-57a2d4851a1d" relativeResultsDirectory="4859a212-b2d9-4cf4-ac56-b0931eb43cff" />
    <UnitTestResult executionId="99f3aa12-20a1-4d1b-a6f1-5833221ee670" testId="8dd7c6d4-048f-e61d-123a-5b91a453390c" testName="Categories_ValidateCollection" computerName="DKSR-EFI-06" duration="00:00:00.0055557" startTime="2024-01-09T15:46:44.7008624+01:00" endTime="2024-01-09T15:46:44.7164985+01:00" testType="13cdc9d9-ddb5-4fa4-a97d-d965ccfc6d4b" outcome="Passed" testListId="8c84fa94-04c1-424b-9868-57a2d4851a1d" relativeResultsDirectory="99f3aa12-20a1-4d1b-a6f1-5833221ee670" />
    <UnitTestResult executionId="1b3928dc-1b6c-4d01-854c-54380e01fa2c" testId="eccebb4b-dd86-ffbc-9874-555886a9ecd8" testName="UpdateSearchAttributes_MultipleFiltersWithoutValues_NotAdded" computerName="DKSR-EFI-06" duration="00:00:00.0010533" startTime="2024-01-09T15:46:34.4640402+01:00" endTime="2024-01-09T15:46:34.4640402+01:00" testType="13cdc9d9-ddb5-4fa4-a97d-d965ccfc6d4b" outcome="Passed" testListId="8c84fa94-04c1-424b-9868-57a2d4851a1d" relativeResultsDirectory="1b3928dc-1b6c-4d01-854c-54380e01fa2c" />
    <UnitTestResult executionId="18806314-3a29-4e11-b468-3af423384df9" testId="32413933-4aac-e1ed-206e-cfe25722fe12" testName="CreatePdfDocumentAsync_ShouldMakeValidReportFileName_WhenReportNameIsEmpty" computerName="DKSR-EFI-06" duration="00:00:00.0055407" startTime="2024-01-09T15:46:34.7610045+01:00" endTime="2024-01-09T15:46:34.7766354+01:00" testType="13cdc9d9-ddb5-4fa4-a97d-d965ccfc6d4b" outcome="Passed" testListId="8c84fa94-04c1-424b-9868-57a2d4851a1d" relativeResultsDirectory="18806314-3a29-4e11-b468-3af423384df9" />
    <UnitTestResult executionId="cc3abceb-83ac-4a32-b575-46fabf529400" testId="0c50efac-b8b6-9fec-2121-593589ddcef1" testName="Ctor_SearchReportData_Success" computerName="DKSR-EFI-06" duration="00:00:00.0751881" startTime="2024-01-09T15:46:34.4953036+01:00" endTime="2024-01-09T15:46:34.5734541+01:00" testType="13cdc9d9-ddb5-4fa4-a97d-d965ccfc6d4b" outcome="Passed" testListId="8c84fa94-04c1-424b-9868-57a2d4851a1d" relativeResultsDirectory="cc3abceb-83ac-4a32-b575-46fabf529400" />
    <UnitTestResult executionId="ce08e81a-2d2d-494d-8858-ea7f2645599b" testId="f7b5e73d-d725-7d90-231b-5a2bdb3de4fe" testName="BookmarkSearchTime_WithSearchStringInDifferentCases_ReturnCorrectBookmarkWithSearchStringInDescription (SeArChStRiNg,False,False,True,True,,,0)" computerName="DKSR-EFI-06" duration="00:00:00.0051359" startTime="2024-01-09T15:47:12.9577522+01:00" endTime="2024-01-09T15:47:12.9733805+01:00" testType="13cdc9d9-ddb5-4fa4-a97d-d965ccfc6d4b" outcome="Passed" testListId="8c84fa94-04c1-424b-9868-57a2d4851a1d" relativeResultsDirectory="ce08e81a-2d2d-494d-8858-ea7f2645599b" />
    <UnitTestResult executionId="d6a7c010-4765-45a8-810c-f75b284cabff" testId="68b8744b-0d04-5ccf-e59d-98d1006236e5" testName="ToggleMicrophoneStateAsync_ShouldMuteAllOtherMicrophonesAndUnmuteOneMicrophone_WhenThereAreOtherUnmutedMicrophones" computerName="DKSR-EFI-06" duration="00:00:00.0191966" startTime="2024-01-09T15:47:03.0175159+01:00" endTime="2024-01-09T15:47:03.0331436+01:00" testType="13cdc9d9-ddb5-4fa4-a97d-d965ccfc6d4b" outcome="Passed" testListId="8c84fa94-04c1-424b-9868-57a2d4851a1d" relativeResultsDirectory="d6a7c010-4765-45a8-810c-f75b284cabff" />
    <UnitTestResult executionId="3837104d-0fb7-4fc6-82ef-def477026063" testId="3166ce8a-6864-b5e2-c1c8-2bea9adde082" testName="MonitorPlaybackState_Deserialize_Success" computerName="DKSR-EFI-06" duration="00:00:00.0056216" startTime="2024-01-09T15:47:19.4588500+01:00" endTime="2024-01-09T15:47:19.4588500+01:00" testType="13cdc9d9-ddb5-4fa4-a97d-d965ccfc6d4b" outcome="Passed" testListId="8c84fa94-04c1-424b-9868-57a2d4851a1d" relativeResultsDirectory="3837104d-0fb7-4fc6-82ef-def477026063" />
    <UnitTestResult executionId="35368b52-04f5-4d78-a53c-12fd985134c0" testId="0acd9aea-66db-23f1-2f4e-7c9500451a5d" testName="TrySelectAvailableExportNameTest_ShouldThrowException_WhenExportDataValidatorIsNull" computerName="DKSR-EFI-06" duration="00:00:00.0270943" startTime="2024-01-09T15:47:13.4266496+01:00" endTime="2024-01-09T15:47:13.4578503+01:00" testType="13cdc9d9-ddb5-4fa4-a97d-d965ccfc6d4b" outcome="Passed" testListId="8c84fa94-04c1-424b-9868-57a2d4851a1d" relativeResultsDirectory="35368b52-04f5-4d78-a53c-12fd985134c0" />
    <UnitTestResult executionId="e74313cc-97aa-4078-8ec0-2325de957938" testId="8781c4e8-8f6b-fc4e-fad2-e4adb8260be9" testName="GetDeviceData_ShouldReturnDeviceData_WhenInputKindAndExistingInputId" computerName="DKSR-EFI-06" duration="00:00:00.0896064" startTime="2024-01-09T15:45:42.1387940+01:00" endTime="2024-01-09T15:45:42.2325452+01:00" testType="13cdc9d9-ddb5-4fa4-a97d-d965ccfc6d4b" outcome="Passed" testListId="8c84fa94-04c1-424b-9868-57a2d4851a1d" relativeResultsDirectory="e74313cc-97aa-4078-8ec0-2325de957938" />
    <UnitTestResult executionId="3a690a7a-ab7b-4d94-b77a-1d60967ffc05" testId="64d2c8ef-e8dc-d27f-690f-41ed527ac20a" testName="BuildMapOptions_ShouldHandleStringOptionsCorrectly (GisMapOpenStreetMapAlternativeServer,,False)" computerName="DKSR-EFI-06" duration="00:00:00.0008884" startTime="2024-01-09T15:47:17.4429746+01:00" endTime="2024-01-09T15:47:17.4429746+01:00" testType="13cdc9d9-ddb5-4fa4-a97d-d965ccfc6d4b" outcome="Passed" testListId="8c84fa94-04c1-424b-9868-57a2d4851a1d" relativeResultsDirectory="3a690a7a-ab7b-4d94-b77a-1d60967ffc05" />
    <UnitTestResult executionId="00962d9f-9ff8-499e-8d69-a0e28e87aaf3" testId="d921760b-a454-9186-7ea4-4c5612e00344" testName="AddToExportDevices_ShouldReturnCorrectResult (1,0,1)" computerName="DKSR-EFI-06" duration="00:00:00.0013307" startTime="2024-01-09T15:47:11.7074850+01:00" endTime="2024-01-09T15:47:11.7074850+01:00" testType="13cdc9d9-ddb5-4fa4-a97d-d965ccfc6d4b" outcome="Passed" testListId="8c84fa94-04c1-424b-9868-57a2d4851a1d" relativeResultsDirectory="00962d9f-9ff8-499e-8d69-a0e28e87aaf3" />
    <UnitTestResult executionId="63ed1fef-8c77-4e9e-b257-1cc6eddc0522" testId="6005aa8f-bfed-16e6-eb0c-0e72997b485a" testName="PtzSessionController_Constructor_ArgumentNull_PtzSessionTimer_Test" computerName="DKSR-EFI-06" duration="00:00:00.0007657" startTime="2024-01-09T15:45:19.2325301+01:00" endTime="2024-01-09T15:45:19.2325301+01:00" testType="13cdc9d9-ddb5-4fa4-a97d-d965ccfc6d4b" outcome="Passed" testListId="8c84fa94-04c1-424b-9868-57a2d4851a1d" relativeResultsDirectory="63ed1fef-8c77-4e9e-b257-1cc6eddc0522" />
    <UnitTestResult executionId="c08000b1-7f6a-4b13-a00f-048a547f3afe" testId="d8157b41-29f4-4a55-1811-3e5273ac9071" testName="SupportsRightClick_ShouldBeFalse_WhenInteractionStateIsNotNormal" computerName="DKSR-EFI-06" duration="00:00:00.0396688" startTime="2024-01-09T15:45:34.9825478+01:00" endTime="2024-01-09T15:45:35.0137982+01:00" testType="13cdc9d9-ddb5-4fa4-a97d-d965ccfc6d4b" outcome="Passed" testListId="8c84fa94-04c1-424b-9868-57a2d4851a1d" relativeResultsDirectory="c08000b1-7f6a-4b13-a00f-048a547f3afe" />
    <UnitTestResult executionId="636720b2-5076-413b-af0b-17640854ff28" testId="8bf4ac3f-d50d-8962-2b87-11176401d4e7" testName="ResolveSearchDefinitions_ShouldReturnResultSearchDefinition_WhenSingleSearchResultAndEmptySearchDefinitionsAreGiven" computerName="DKSR-EFI-06" duration="00:00:00.0004839" startTime="2024-01-09T15:46:43.9038595+01:00" endTime="2024-01-09T15:46:43.9038595+01:00" testType="13cdc9d9-ddb5-4fa4-a97d-d965ccfc6d4b" outcome="Passed" testListId="8c84fa94-04c1-424b-9868-57a2d4851a1d" relativeResultsDirectory="636720b2-5076-413b-af0b-17640854ff28" />
    <UnitTestResult executionId="ab5b0b00-e7a2-46a9-a7fd-1d54dc918485" testId="5fe6e33e-4c74-05bc-98e6-058910f0ab96" testName="CameraMapItem_AddMapItemsAsync_ShouldSetCameraLayerVisible_IfNotVisibleWhenAddingCamera" computerName="DKSR-EFI-06" duration="00:00:00.0628008" startTime="2024-01-09T15:47:02.2361532+01:00" endTime="2024-01-09T15:47:02.2986610+01:00" testType="13cdc9d9-ddb5-4fa4-a97d-d965ccfc6d4b" outcome="Passed" testListId="8c84fa94-04c1-424b-9868-57a2d4851a1d" relativeResultsDirectory="ab5b0b00-e7a2-46a9-a7fd-1d54dc918485" />
    <UnitTestResult executionId="0b33a8a5-4c87-41ad-b4bb-30d0397b6eaa" testId="7cef2a09-ed80-a76c-b595-1833aff59ca7" testName="EndTimeWithPadding_ShouldBeSetToValueOfSearchResult" computerName="DKSR-EFI-06" duration="00:00:00.0003119" startTime="2024-01-09T15:46:45.4041121+01:00" endTime="2024-01-09T15:46:45.4041121+01:00" testType="13cdc9d9-ddb5-4fa4-a97d-d965ccfc6d4b" outcome="Passed" testListId="8c84fa94-04c1-424b-9868-57a2d4851a1d" relativeResultsDirectory="0b33a8a5-4c87-41ad-b4bb-30d0397b6eaa" />
    <UnitTestResult executionId="fbbac7ea-b9ec-41b8-ba3f-8216452e5d7b" testId="ef92f893-79c7-0d51-127f-8470ebdbc768" testName="GetViewGroup_SubGroup_WithMissingGroupsElement" computerName="DKSR-EFI-06" duration="00:00:00.0971851" startTime="2024-01-09T15:45:19.9825336+01:00" endTime="2024-01-09T15:45:20.0784128+01:00" testType="13cdc9d9-ddb5-4fa4-a97d-d965ccfc6d4b" outcome="Passed" testListId="8c84fa94-04c1-424b-9868-57a2d4851a1d" relativeResultsDirectory="fbbac7ea-b9ec-41b8-ba3f-8216452e5d7b" />
    <UnitTestResult executionId="a8bc4e09-97aa-41c6-9252-0e94b1ba25bb" testId="8ff6a0dd-30dd-b7ad-a8c3-0633bc0cf3f8" testName="SearchResultsReady_ShouldReturnUniqueResults_WhenSomeResultIdsAreDuplicated" computerName="DKSR-EFI-06" duration="00:00:00.0107286" startTime="2024-01-09T15:46:44.9352871+01:00" endTime="2024-01-09T15:46:44.9509069+01:00" testType="13cdc9d9-ddb5-4fa4-a97d-d965ccfc6d4b" outcome="Passed" testListId="8c84fa94-04c1-424b-9868-57a2d4851a1d" relativeResultsDirectory="a8bc4e09-97aa-41c6-9252-0e94b1ba25bb" />
    <UnitTestResult executionId="e7a49460-0f8b-48c4-98b8-00cf19179b16" testId="af1a0be1-93c9-d922-1b83-a62e257edad1" testName="UpdateSearchTemplateAsync_ThrowException_Success" computerName="DKSR-EFI-06" duration="00:00:00.0243287" startTime="2024-01-09T15:46:44.2320340+01:00" endTime="2024-01-09T15:46:44.2632904+01:00" testType="13cdc9d9-ddb5-4fa4-a97d-d965ccfc6d4b" outcome="Passed" testListId="8c84fa94-04c1-424b-9868-57a2d4851a1d" relativeResultsDirectory="e7a49460-0f8b-48c4-98b8-00cf19179b16" />
    <UnitTestResult executionId="48f6d9f6-d65a-4b84-94f6-f787db088697" testId="47884aeb-7497-b6ff-3c54-8cf7d508053b" testName="Load_Save_Success" computerName="DKSR-EFI-06" duration="00:00:00.0097174" startTime="2024-01-09T15:47:01.8142095+01:00" endTime="2024-01-09T15:47:01.8142095+01:00" testType="13cdc9d9-ddb5-4fa4-a97d-d965ccfc6d4b" outcome="Passed" testListId="8c84fa94-04c1-424b-9868-57a2d4851a1d" relativeResultsDirectory="48f6d9f6-d65a-4b84-94f6-f787db088697" />
    <UnitTestResult executionId="c605b62b-94be-45ec-90cf-da0cd552244f" testId="9029e935-145d-d5fd-fae9-96c860349038" testName="GetClusters_AddedItems_ClustersForAddedItems (Data Row 9)" computerName="DKSR-EFI-06" duration="00:00:00.0148253" startTime="2024-01-09T15:47:09.0193458+01:00" endTime="2024-01-09T15:47:09.2381415+01:00" testType="13cdc9d9-ddb5-4fa4-a97d-d965ccfc6d4b" outcome="Passed" testListId="8c84fa94-04c1-424b-9868-57a2d4851a1d" relativeResultsDirectory="c605b62b-94be-45ec-90cf-da0cd552244f" />
    <UnitTestResult executionId="03d0fc97-a390-4a51-9597-893fdbcde03f" testId="9029e935-145d-d5fd-fae9-96c860349038" testName="GetClusters_AddedItems_ClustersForAddedItems (Data Row 5)" computerName="DKSR-EFI-06" duration="00:00:00.0146594" startTime="2024-01-09T15:47:09.0193458+01:00" endTime="2024-01-09T15:47:09.2381415+01:00" testType="13cdc9d9-ddb5-4fa4-a97d-d965ccfc6d4b" outcome="Passed" testListId="8c84fa94-04c1-424b-9868-57a2d4851a1d" relativeResultsDirectory="03d0fc97-a390-4a51-9597-893fdbcde03f" />
    <UnitTestResult executionId="cfa87c48-76c3-4f7c-8897-8c20fd950502" testId="e7e1ec7e-8e1e-7f8d-e3da-59506c852ed4" testName="InputItemsMapLayer_Load_Save_DataIsSame_WhenInputIsEnabled" computerName="DKSR-EFI-06" duration="00:00:00.0117977" startTime="2024-01-09T15:47:01.5016612+01:00" endTime="2024-01-09T15:47:01.5016612+01:00" testType="13cdc9d9-ddb5-4fa4-a97d-d965ccfc6d4b" outcome="Passed" testListId="8c84fa94-04c1-424b-9868-57a2d4851a1d" relativeResultsDirectory="cfa87c48-76c3-4f7c-8897-8c20fd950502" />
    <UnitTestResult executionId="4ffff798-5f11-4ac7-b796-d9771cfd2a07" testId="c8fac7fa-4b08-7ff4-1155-d669516586fe" testName="ScrollWheelInTileLayout_ScrollUp_IncreaseItemSize" computerName="DKSR-EFI-06" duration="00:00:00.9499888" startTime="2024-01-09T15:46:08.5981847+01:00" endTime="2024-01-09T15:46:09.5515177+01:00" testType="13cdc9d9-ddb5-4fa4-a97d-d965ccfc6d4b" outcome="Passed" testListId="8c84fa94-04c1-424b-9868-57a2d4851a1d" relativeResultsDirectory="4ffff798-5f11-4ac7-b796-d9771cfd2a07" />
    <UnitTestResult executionId="cc45ee7e-215f-488f-904b-b60442c59c33" testId="228d20c3-db2d-4eb9-0c15-bbc7ab7ead20" testName="BookmarkSearchTime_WithSearchStringInDifferentCases_ReturnCorrectBookmarkWithSearchStringInDescription (,False,False,False,False,,SeArChStRiNg,1)" computerName="DKSR-EFI-06" duration="00:00:00.0027580" startTime="2024-01-09T15:47:13.0202576+01:00" endTime="2024-01-09T15:47:13.0202576+01:00" testType="13cdc9d9-ddb5-4fa4-a97d-d965ccfc6d4b" outcome="Passed" testListId="8c84fa94-04c1-424b-9868-57a2d4851a1d" relativeResultsDirectory="cc45ee7e-215f-488f-904b-b60442c59c33" />
    <UnitTestResult executionId="71205967-5d34-4ab3-977a-0f5c0584fef6" testId="65ef895f-879d-2d2d-7aa0-966d606f5376" testName="EndTime_ShouldBeSetToValueOfSearchResult" computerName="DKSR-EFI-06" duration="00:00:00.0004569" startTime="2024-01-09T15:46:45.4041121+01:00" endTime="2024-01-09T15:46:45.4041121+01:00" testType="13cdc9d9-ddb5-4fa4-a97d-d965ccfc6d4b" outcome="Passed" testListId="8c84fa94-04c1-424b-9868-57a2d4851a1d" relativeResultsDirectory="71205967-5d34-4ab3-977a-0f5c0584fef6" />
    <UnitTestResult executionId="886eb20b-7856-43e7-90e7-8bdeea380e25" testId="611c2ae8-85c7-442b-a5ec-d38ddebdb9be" testName="GetClusters_ShouldSplitSuperClusterIntoSimpleClusters_WhenZoomingIn" computerName="DKSR-EFI-06" duration="00:00:00.0046908" startTime="2024-01-09T15:47:09.3319268+01:00" endTime="2024-01-09T15:47:09.3319268+01:00" testType="13cdc9d9-ddb5-4fa4-a97d-d965ccfc6d4b" outcome="Passed" testListId="8c84fa94-04c1-424b-9868-57a2d4851a1d" relativeResultsDirectory="886eb20b-7856-43e7-90e7-8bdeea380e25" />
    <UnitTestResult executionId="1d1b5c55-f54c-49a4-925b-38a642257806" testId="369c6e4e-5e84-29f7-23b9-0a90869fcac4" testName="Decorate_ShouldNotAddChildren_WhenThereIsCameraLayerButNotViewZoneLayer" computerName="DKSR-EFI-06" duration="00:00:00.0015151" startTime="2024-01-09T15:45:30.9356700+01:00" endTime="2024-01-09T15:45:30.9356700+01:00" testType="13cdc9d9-ddb5-4fa4-a97d-d965ccfc6d4b" outcome="Passed" testListId="8c84fa94-04c1-424b-9868-57a2d4851a1d" relativeResultsDirectory="1d1b5c55-f54c-49a4-925b-38a642257806" />
    <UnitTestResult executionId="c84a9883-0b69-4034-918a-447cbbef8825" testId="baa96bb4-9a62-b146-14d8-03dbee056087" testName="ActionBarPluginEnabled_SinglePluginWithEnoughRoom_PluginButtonPresentInActionBar" computerName="DKSR-EFI-06" duration="00:00:00.0652101" startTime="2024-01-09T15:45:47.4681638+01:00" endTime="2024-01-09T15:45:47.5306794+01:00" testType="13cdc9d9-ddb5-4fa4-a97d-d965ccfc6d4b" outcome="Passed" testListId="8c84fa94-04c1-424b-9868-57a2d4851a1d" relativeResultsDirectory="c84a9883-0b69-4034-918a-447cbbef8825" />
    <UnitTestResult executionId="43dbdfd5-d99f-42d0-a59a-be3ca18306e8" testId="a2a3a958-6508-e929-6708-500cc4e3cc3a" testName="PatrollingProfileViewModelTest_IsInEditMode_IsNotInEditMode_Unset" computerName="DKSR-EFI-06" duration="00:00:00.0023333" startTime="2024-01-09T15:47:09.5507288+01:00" endTime="2024-01-09T15:47:09.5507288+01:00" testType="13cdc9d9-ddb5-4fa4-a97d-d965ccfc6d4b" outcome="Passed" testListId="8c84fa94-04c1-424b-9868-57a2d4851a1d" relativeResultsDirectory="43dbdfd5-d99f-42d0-a59a-be3ca18306e8" />
    <UnitTestResult executionId="44f1a18e-4de9-4c22-b9b1-4ded5d4a748f" testId="6bd5f4c7-c179-311a-1fc1-8d1f4fd89099" testName="AddResults_ExcludePartialResults_OnePartialResult_Success" computerName="DKSR-EFI-06" duration="00:00:00.0022078" startTime="2024-01-09T15:46:45.2322105+01:00" endTime="2024-01-09T15:46:45.2322105+01:00" testType="13cdc9d9-ddb5-4fa4-a97d-d965ccfc6d4b" outcome="Passed" testListId="8c84fa94-04c1-424b-9868-57a2d4851a1d" relativeResultsDirectory="44f1a18e-4de9-4c22-b9b1-4ded5d4a748f" />
    <UnitTestResult executionId="a7a76706-0e8f-4bf1-8c74-ce24fd4a88f7" testId="16850f24-a3f3-b035-b0b3-7c99490a9542" testName="CreateDefinition_FireMultipleSearchResultsInOneEvent_SearchFinishedWithResults" computerName="DKSR-EFI-06" duration="00:00:00.0081554" startTime="2024-01-09T15:46:44.8258908+01:00" endTime="2024-01-09T15:46:44.8415183+01:00" testType="13cdc9d9-ddb5-4fa4-a97d-d965ccfc6d4b" outcome="Passed" testListId="8c84fa94-04c1-424b-9868-57a2d4851a1d" relativeResultsDirectory="a7a76706-0e8f-4bf1-8c74-ce24fd4a88f7" />
    <UnitTestResult executionId="0221a33c-79f9-448e-a9cd-0781971a1a4f" testId="07e2d80c-1c7c-425d-45d2-9a4739a86a66" testName="PopulateTooltip_SingleResultsFromFewCameras24Hours_ValidText" computerName="DKSR-EFI-06" duration="00:00:00.0262244" startTime="2024-01-09T15:46:27.0559434+01:00" endTime="2024-01-09T15:46:27.0871867+01:00" testType="13cdc9d9-ddb5-4fa4-a97d-d965ccfc6d4b" outcome="Passed" testListId="8c84fa94-04c1-424b-9868-57a2d4851a1d" relativeResultsDirectory="0221a33c-79f9-448e-a9cd-0781971a1a4f" />
    <UnitTestResult executionId="7d88adc6-3e94-4fd0-abf5-415d90d015f0" testId="d697ec40-0cdc-2a97-6199-7cace147591a" testName="FindSearchTemplatesAsync_Fails_Success" computerName="DKSR-EFI-06" duration="00:00:00.0040605" startTime="2024-01-09T15:46:44.0757639+01:00" endTime="2024-01-09T15:46:44.0913889+01:00" testType="13cdc9d9-ddb5-4fa4-a97d-d965ccfc6d4b" outcome="Passed" testListId="8c84fa94-04c1-424b-9868-57a2d4851a1d" relativeResultsDirectory="7d88adc6-3e94-4fd0-abf5-415d90d015f0" />
    <UnitTestResult executionId="bc7e8bb5-e716-4739-918d-c94a61d805b0" testId="7d3b3df9-6c4c-813c-3fe6-820682e70bdf" testName="RemoveSelectedCameraCommand_CameraInList_OnlySelectedCameraRemoved" computerName="DKSR-EFI-06" duration="00:00:00.0085325" startTime="2024-01-09T15:46:37.7618902+01:00" endTime="2024-01-09T15:46:37.7618902+01:00" testType="13cdc9d9-ddb5-4fa4-a97d-d965ccfc6d4b" outcome="Passed" testListId="8c84fa94-04c1-424b-9868-57a2d4851a1d" relativeResultsDirectory="bc7e8bb5-e716-4739-918d-c94a61d805b0" />
    <UnitTestResult executionId="a602b678-b2b6-4596-9f36-c3dec14d3065" testId="fc1071f1-9dc8-3652-9848-fa70b1167397" testName="AddCriteriaCommand_SearchAttributeCategoryNotNull" computerName="DKSR-EFI-06" duration="00:00:00.0629366" startTime="2024-01-09T15:46:38.0588482+01:00" endTime="2024-01-09T15:46:38.1213574+01:00" testType="13cdc9d9-ddb5-4fa4-a97d-d965ccfc6d4b" outcome="Passed" testListId="8c84fa94-04c1-424b-9868-57a2d4851a1d" relativeResultsDirectory="a602b678-b2b6-4596-9f36-c3dec14d3065" />
    <UnitTestResult executionId="2ab56fa6-b9af-46ec-94f2-041f89975a61" testId="d8e86d95-613e-e989-d6c8-a98a3e38c1b2" testName="MipItemsMapLayer_Saved_Success" computerName="DKSR-EFI-06" duration="00:00:00.0145584" startTime="2024-01-09T15:47:01.3766557+01:00" endTime="2024-01-09T15:47:01.3922711+01:00" testType="13cdc9d9-ddb5-4fa4-a97d-d965ccfc6d4b" outcome="Passed" testListId="8c84fa94-04c1-424b-9868-57a2d4851a1d" relativeResultsDirectory="2ab56fa6-b9af-46ec-94f2-041f89975a61" />
    <UnitTestResult executionId="22f1d1bb-2a85-477a-9f5c-e04bbcc0adc9" testId="b4acbf62-a814-6c5c-b0cb-e93db772efce" testName="SupportsDoubleClick_ShouldBeFalse_WhenInteractionStateIsNotNormalAndInSetupMode" computerName="DKSR-EFI-06" duration="00:00:00.0320872" startTime="2024-01-09T15:45:34.7637936+01:00" endTime="2024-01-09T15:45:34.7950450+01:00" testType="13cdc9d9-ddb5-4fa4-a97d-d965ccfc6d4b" outcome="Passed" testListId="8c84fa94-04c1-424b-9868-57a2d4851a1d" relativeResultsDirectory="22f1d1bb-2a85-477a-9f5c-e04bbcc0adc9" />
    <UnitTestResult executionId="7fabdd03-5816-486e-a86f-097eee321afb" testId="6bcb61d5-27f5-0fda-d895-8ea5b1245aab" testName="PtzInfoViewModel_PtzCotrolledByUserTest" computerName="DKSR-EFI-06" duration="00:00:00.0031983" startTime="2024-01-09T15:45:21.4044100+01:00" endTime="2024-01-09T15:45:21.4044100+01:00" testType="13cdc9d9-ddb5-4fa4-a97d-d965ccfc6d4b" outcome="Passed" testListId="8c84fa94-04c1-424b-9868-57a2d4851a1d" relativeResultsDirectory="7fabdd03-5816-486e-a86f-097eee321afb" />
    <UnitTestResult executionId="b5501fd3-7b71-452f-9580-5527f59d9d3b" testId="f680908c-3b4b-7b4d-7066-6e5fce7c0b27" testName="GetClusters_ExcludeThenIncludeExcludedItems_NoChange (Data Row 2)" computerName="DKSR-EFI-06" duration="00:00:00.0091295" startTime="2024-01-09T15:47:07.8784025+01:00" endTime="2024-01-09T15:47:08.0815823+01:00" testType="13cdc9d9-ddb5-4fa4-a97d-d965ccfc6d4b" outcome="Passed" testListId="8c84fa94-04c1-424b-9868-57a2d4851a1d" relativeResultsDirectory="b5501fd3-7b71-452f-9580-5527f59d9d3b" />
    <UnitTestResult executionId="e6b13a94-03ae-4798-94d6-72585aa5274e" testId="917a5570-b519-84b9-98e6-e30d662a605f" testName="AttributeValueGet_NoItems_ReturnsEmptyList" computerName="DKSR-EFI-06" duration="00:00:00.0100179" startTime="2024-01-09T15:47:00.2514698+01:00" endTime="2024-01-09T15:47:00.2670937+01:00" testType="13cdc9d9-ddb5-4fa4-a97d-d965ccfc6d4b" outcome="Passed" testListId="8c84fa94-04c1-424b-9868-57a2d4851a1d" relativeResultsDirectory="e6b13a94-03ae-4798-94d6-72585aa5274e" />
    <UnitTestResult executionId="30c7e352-f68b-441d-9b95-f52629d2512c" testId="a64a4521-eb75-1b0e-49ca-196652940e73" testName="ResolveSearchDefinitions_ShouldReturnResultSearchDefinition_WhenCombinedSearchResultWithMultipleSubResultAndSearchDefinitionsNotContainingCorrectSearchDefinitionsAreGiven" computerName="DKSR-EFI-06" duration="00:00:00.0008583" startTime="2024-01-09T15:46:43.9194850+01:00" endTime="2024-01-09T15:46:43.9351174+01:00" testType="13cdc9d9-ddb5-4fa4-a97d-d965ccfc6d4b" outcome="Passed" testListId="8c84fa94-04c1-424b-9868-57a2d4851a1d" relativeResultsDirectory="30c7e352-f68b-441d-9b95-f52629d2512c" />
    <UnitTestResult executionId="5c462d96-b0b4-48c2-83f0-ce20635720d0" testId="51482505-ca37-9cd6-7636-ffa697390b81" testName="PatrollingProfileListViewModel_DeleteProfileCommand" computerName="DKSR-EFI-06" duration="00:00:00.0016659" startTime="2024-01-09T15:47:09.4569600+01:00" endTime="2024-01-09T15:47:09.4569600+01:00" testType="13cdc9d9-ddb5-4fa4-a97d-d965ccfc6d4b" outcome="Passed" testListId="8c84fa94-04c1-424b-9868-57a2d4851a1d" relativeResultsDirectory="5c462d96-b0b4-48c2-83f0-ce20635720d0" />
    <UnitTestResult executionId="9b8f16bb-b410-4bdf-b292-921f627635e9" testId="0b4d5c4e-e489-765d-d3a8-0ce9513428a5" testName="CameraMapItem_ForceActivateAsync_InBuilding_MapLevelsNotLoaded_Success" computerName="DKSR-EFI-06" duration="00:00:00.0208224" startTime="2024-01-09T15:47:02.6737125+01:00" endTime="2024-01-09T15:47:02.6893434+01:00" testType="13cdc9d9-ddb5-4fa4-a97d-d965ccfc6d4b" outcome="Passed" testListId="8c84fa94-04c1-424b-9868-57a2d4851a1d" relativeResultsDirectory="9b8f16bb-b410-4bdf-b292-921f627635e9" />
    <UnitTestResult executionId="675de034-d94e-4080-b09f-fd4e18ea7a3d" testId="d15a2abd-55c2-7d70-0462-a973f8ec2ac3" testName="OpenStreetMapLayer_IsGeographic_Save_Success" computerName="DKSR-EFI-06" duration="00:00:00.0141356" startTime="2024-01-09T15:47:01.4079068+01:00" endTime="2024-01-09T15:47:01.4235357+01:00" testType="13cdc9d9-ddb5-4fa4-a97d-d965ccfc6d4b" outcome="Passed" testListId="8c84fa94-04c1-424b-9868-57a2d4851a1d" relativeResultsDirectory="675de034-d94e-4080-b09f-fd4e18ea7a3d" />
    <UnitTestResult executionId="36c3aad3-bea1-4e3f-8bdd-4645ffbfab0e" testId="34490af8-d3d6-7a91-eac4-416d37c4c03b" testName="SerializeDeserialize_Success" computerName="DKSR-EFI-06" duration="00:00:00.0004341" startTime="2024-01-09T15:46:44.1070176+01:00" endTime="2024-01-09T15:46:44.1070176+01:00" testType="13cdc9d9-ddb5-4fa4-a97d-d965ccfc6d4b" outcome="Passed" testListId="8c84fa94-04c1-424b-9868-57a2d4851a1d" relativeResultsDirectory="36c3aad3-bea1-4e3f-8bdd-4645ffbfab0e" />
    <UnitTestResult executionId="b778927d-f472-4b0e-b2a5-567490e6eb5d" testId="ab6a68a4-df8c-0feb-73f0-3750600e7308" testName="BuildEvidenceLockFilterProperties_ShouldReturnCorrectValues (True,1,0,Only me,All)" computerName="DKSR-EFI-06" duration="00:00:00.0021418" startTime="2024-01-09T15:47:17.5054279+01:00" endTime="2024-01-09T15:47:17.5054279+01:00" testType="13cdc9d9-ddb5-4fa4-a97d-d965ccfc6d4b" outcome="Passed" testListId="8c84fa94-04c1-424b-9868-57a2d4851a1d" relativeResultsDirectory="b778927d-f472-4b0e-b2a5-567490e6eb5d" />
    <UnitTestResult executionId="7e08b7da-c1e5-45ce-a8f0-dd87cd8a26d0" testId="de27c998-c190-9d93-e424-7870d21a123c" testName="InputMapItem_ForceActivateAsync_InBuilding_UseLastLevel_Success" computerName="DKSR-EFI-06" duration="00:00:00.0189142" startTime="2024-01-09T15:47:06.4404851+01:00" endTime="2024-01-09T15:47:06.4561161+01:00" testType="13cdc9d9-ddb5-4fa4-a97d-d965ccfc6d4b" outcome="Passed" testListId="8c84fa94-04c1-424b-9868-57a2d4851a1d" relativeResultsDirectory="7e08b7da-c1e5-45ce-a8f0-dd87cd8a26d0" />
    <UnitTestResult executionId="e85fde29-551f-4375-b52b-9e4ab8ac50f6" testId="ff39d078-db32-05c4-cda1-a2362a7ad157" testName="Compare_ShouldSortByPrimaryEventTime_WhenOnlySingleResults" computerName="DKSR-EFI-06" duration="00:00:00.0018846" startTime="2024-01-09T15:46:45.4353693+01:00" endTime="2024-01-09T15:46:45.4353693+01:00" testType="13cdc9d9-ddb5-4fa4-a97d-d965ccfc6d4b" outcome="Passed" testListId="8c84fa94-04c1-424b-9868-57a2d4851a1d" relativeResultsDirectory="e85fde29-551f-4375-b52b-9e4ab8ac50f6" />
    <UnitTestResult executionId="da2e71d3-1826-4213-9d23-84492462c193" testId="9a8b0630-7fe0-b955-d569-785b1cb3be21" testName="GetUserOptions_ShouldDecryptOptions_WhenServerIs2020R2OrOlder" computerName="DKSR-EFI-06" duration="00:00:00.0423328" startTime="2024-01-09T15:47:11.9575333+01:00" endTime="2024-01-09T15:47:11.9887941+01:00" testType="13cdc9d9-ddb5-4fa4-a97d-d965ccfc6d4b" outcome="Passed" testListId="8c84fa94-04c1-424b-9868-57a2d4851a1d" relativeResultsDirectory="da2e71d3-1826-4213-9d23-84492462c193" />
    <UnitTestResult executionId="6d721505-9422-4d35-a16a-d95d984e2189" testId="7b5ff511-526b-7adf-f4f4-c89931ab0b4e" testName="SetLayerFeatures_ShouldRaiseArgumentException_WhenNoneCameraKindAndCameraLayerFeatures" computerName="DKSR-EFI-06" duration="00:00:00.0019427" startTime="2024-01-09T15:47:07.3470073+01:00" endTime="2024-01-09T15:47:07.3626366+01:00" testType="13cdc9d9-ddb5-4fa4-a97d-d965ccfc6d4b" outcome="Passed" testListId="8c84fa94-04c1-424b-9868-57a2d4851a1d" relativeResultsDirectory="6d721505-9422-4d35-a16a-d95d984e2189" />
    <UnitTestResult executionId="e217f056-29d2-4986-a52f-fb6bf06ca5a3" testId="e886f146-563d-6db0-f755-1724a8f2f2c8" testName="ActiveInteractionStateBinding_ShouldNotBeNull_WhenCtorIsCalled" computerName="DKSR-EFI-06" duration="00:00:00.1358202" startTime="2024-01-09T15:45:34.2481683+01:00" endTime="2024-01-09T15:45:34.3731714+01:00" testType="13cdc9d9-ddb5-4fa4-a97d-d965ccfc6d4b" outcome="Passed" testListId="8c84fa94-04c1-424b-9868-57a2d4851a1d" relativeResultsDirectory="e217f056-29d2-4986-a52f-fb6bf06ca5a3" />
    <UnitTestResult executionId="1c21da73-b4d3-4533-983d-ada858b00c5a" testId="f4957e0d-8b3e-6f39-d235-00a44690d337" testName="Constructor_ShouldRaiseArgumentNullException_WhenCursorIsNull" computerName="DKSR-EFI-06" duration="00:00:00.0015381" startTime="2024-01-09T15:47:15.1769123+01:00" endTime="2024-01-09T15:47:15.1769123+01:00" testType="13cdc9d9-ddb5-4fa4-a97d-d965ccfc6d4b" outcome="Passed" testListId="8c84fa94-04c1-424b-9868-57a2d4851a1d" relativeResultsDirectory="1c21da73-b4d3-4533-983d-ada858b00c5a" />
    <UnitTestResult executionId="73144861-4dfa-449a-9814-0a847ef0091a" testId="13a4d90a-2e75-f52a-90e5-614716c51196" testName="Constructor_ShouldRaiseArgumentNullException_WhenMapLayersIsNull" computerName="DKSR-EFI-06" duration="00:00:00.0010486" startTime="2024-01-09T15:45:30.8731675+01:00" endTime="2024-01-09T15:45:30.8731675+01:00" testType="13cdc9d9-ddb5-4fa4-a97d-d965ccfc6d4b" outcome="Passed" testListId="8c84fa94-04c1-424b-9868-57a2d4851a1d" relativeResultsDirectory="73144861-4dfa-449a-9814-0a847ef0091a" />
    <UnitTestResult executionId="1d40af0f-b36e-4b63-918d-d70fb7147de4" testId="4b4d5e86-475e-c148-8766-115d68041442" testName="Constructor_ShouldRaiseArgumentNullException_WhenLayersIsNull" computerName="DKSR-EFI-06" duration="00:00:00.0133075" startTime="2024-01-09T15:45:42.0450451+01:00" endTime="2024-01-09T15:45:42.0606689+01:00" testType="13cdc9d9-ddb5-4fa4-a97d-d965ccfc6d4b" outcome="Passed" testListId="8c84fa94-04c1-424b-9868-57a2d4851a1d" relativeResultsDirectory="1d40af0f-b36e-4b63-918d-d70fb7147de4" />
    <UnitTestResult executionId="468b5b73-01aa-430e-9bab-ec550dc246b5" testId="7e7082ae-fc95-11b5-f109-06c5d9d16b4c" testName="Edit_Is_Enabled_When_Both_Update_And_Create_Rights_Present" computerName="DKSR-EFI-06" duration="00:00:00.0043503" startTime="2024-01-09T15:47:18.5993350+01:00" endTime="2024-01-09T15:47:18.5993350+01:00" testType="13cdc9d9-ddb5-4fa4-a97d-d965ccfc6d4b" outcome="Passed" testListId="8c84fa94-04c1-424b-9868-57a2d4851a1d" relativeResultsDirectory="468b5b73-01aa-430e-9bab-ec550dc246b5" />
    <UnitTestResult executionId="94d45398-1014-41fa-baaf-8821e179d703" testId="195570df-9817-b542-b94a-a76463a05b14" testName="ParseFromName_SecondZero_MinutesNotRoundedUp" computerName="DKSR-EFI-06" duration="00:00:00.0005788" startTime="2024-01-09T15:46:43.7632110+01:00" endTime="2024-01-09T15:46:43.7632110+01:00" testType="13cdc9d9-ddb5-4fa4-a97d-d965ccfc6d4b" outcome="Passed" testListId="8c84fa94-04c1-424b-9868-57a2d4851a1d" relativeResultsDirectory="94d45398-1014-41fa-baaf-8821e179d703" />
    <UnitTestResult executionId="f4a640ef-6454-44df-be43-b1537a49b329" testId="584617a4-8322-97bf-2a6c-744ce8c991ef" testName="Constructor_WhenPassingNullCredentials_ShouldThrowException" computerName="DKSR-EFI-06" duration="00:00:00.4355347" startTime="2024-01-09T15:45:06.2481283+01:00" endTime="2024-01-09T15:45:07.6387536+01:00" testType="13cdc9d9-ddb5-4fa4-a97d-d965ccfc6d4b" outcome="Passed" testListId="8c84fa94-04c1-424b-9868-57a2d4851a1d" relativeResultsDirectory="f4a640ef-6454-44df-be43-b1537a49b329" />
    <UnitTestResult executionId="405317cf-218a-4b25-a615-31a5698822b9" testId="3b017c71-375f-442c-f7b3-12802f145c64" testName="OutputIconStates_ShouldReturnOutputIconStatesInAProperOrder_WhenCalled" computerName="DKSR-EFI-06" duration="00:00:00.0021453" startTime="2024-01-09T15:47:04.4710881+01:00" endTime="2024-01-09T15:47:04.4710881+01:00" testType="13cdc9d9-ddb5-4fa4-a97d-d965ccfc6d4b" outcome="Passed" testListId="8c84fa94-04c1-424b-9868-57a2d4851a1d" relativeResultsDirectory="405317cf-218a-4b25-a615-31a5698822b9" />
    <UnitTestResult executionId="0610b2c3-9394-4e96-a8a8-c0394bcd4a68" testId="fe6f2295-84a6-bdea-0225-d326e31ab62b" testName="CallingAction_Activates_WorkSpaceToolbarPluginInstance_WhenToolbarPluginTypeIsAction" computerName="DKSR-EFI-06" duration="00:00:00.0015743" startTime="2024-01-09T15:47:12.0513117+01:00" endTime="2024-01-09T15:47:12.0669395+01:00" testType="13cdc9d9-ddb5-4fa4-a97d-d965ccfc6d4b" outcome="Passed" testListId="8c84fa94-04c1-424b-9868-57a2d4851a1d" relativeResultsDirectory="0610b2c3-9394-4e96-a8a8-c0394bcd4a68" />
    <UnitTestResult executionId="1ec9fbfc-66d8-47d2-966f-7416f3ef297e" testId="c30ded44-b30e-59c8-d179-eddc682c6ef5" testName="Convert_ShouldRaiseInvalidCastException_WhenValueIsNotAnInteractionState" computerName="DKSR-EFI-06" duration="00:00:00.0010372" startTime="2024-01-09T15:45:26.8575403+01:00" endTime="2024-01-09T15:45:26.8575403+01:00" testType="13cdc9d9-ddb5-4fa4-a97d-d965ccfc6d4b" outcome="Passed" testListId="8c84fa94-04c1-424b-9868-57a2d4851a1d" relativeResultsDirectory="1ec9fbfc-66d8-47d2-966f-7416f3ef297e" />
    <UnitTestResult executionId="4ab9ae69-9310-4220-96b5-2b349b83aa2f" testId="df434b1a-bd33-b3a0-035c-8fb9149eaa0e" testName="HasMd5ProviderStrategy2_ShouldReturnFalse_WhenAllEventServerIdAreFipsCompliant" computerName="DKSR-EFI-06" duration="00:00:00.0003780" startTime="2024-01-09T15:47:19.3181836+01:00" endTime="2024-01-09T15:47:19.3181836+01:00" testType="13cdc9d9-ddb5-4fa4-a97d-d965ccfc6d4b" outcome="Passed" testListId="8c84fa94-04c1-424b-9868-57a2d4851a1d" relativeResultsDirectory="4ab9ae69-9310-4220-96b5-2b349b83aa2f" />
    <UnitTestResult executionId="35cb9049-964a-48b2-808b-a488a4f52949" testId="ac29b4b5-8534-78d0-60ee-ce2fc38c2fe4" testName="SearchResultsActionBarActions_ActionResultModified_Success" computerName="DKSR-EFI-06" duration="00:00:00.0110446" startTime="2024-01-09T15:46:35.8550929+01:00" endTime="2024-01-09T15:46:35.8707224+01:00" testType="13cdc9d9-ddb5-4fa4-a97d-d965ccfc6d4b" outcome="Passed" testListId="8c84fa94-04c1-424b-9868-57a2d4851a1d" relativeResultsDirectory="35cb9049-964a-48b2-808b-a488a4f52949" />
    <UnitTestResult executionId="a709551c-de0c-4e56-9387-30ab8c3706f8" testId="c28e213e-317a-4527-5d0b-e1f50d0ea576" testName="SearchResultsActionBarActions_MipAction_Exists" computerName="DKSR-EFI-06" duration="00:00:00.2088632" startTime="2024-01-09T15:46:35.0110840+01:00" endTime="2024-01-09T15:46:35.2299021+01:00" testType="13cdc9d9-ddb5-4fa4-a97d-d965ccfc6d4b" outcome="Passed" testListId="8c84fa94-04c1-424b-9868-57a2d4851a1d" relativeResultsDirectory="a709551c-de0c-4e56-9387-30ab8c3706f8" />
    <UnitTestResult executionId="bf5b29ac-9417-40b0-a09c-719d07178cf5" testId="3e265c80-d18d-ffa2-733c-86a2e1bcbc61" testName="SearchResultsActionBarActions_MipActionSupportsSelectedSearchResult_ActionEnabled" computerName="DKSR-EFI-06" duration="00:00:00.0089269" startTime="2024-01-09T15:46:35.2299021+01:00" endTime="2024-01-09T15:46:35.2455380+01:00" testType="13cdc9d9-ddb5-4fa4-a97d-d965ccfc6d4b" outcome="Passed" testListId="8c84fa94-04c1-424b-9868-57a2d4851a1d" relativeResultsDirectory="bf5b29ac-9417-40b0-a09c-719d07178cf5" />
    <UnitTestResult executionId="f9c515b4-f9dd-40ba-9f6d-48392a436e56" testId="24c926a6-ee97-c276-700e-e9cf4f4112ef" testName="PatrollingStepViewModel_Position" computerName="DKSR-EFI-06" duration="00:00:00.0023675" startTime="2024-01-09T15:47:09.6758788+01:00" endTime="2024-01-09T15:47:09.6913868+01:00" testType="13cdc9d9-ddb5-4fa4-a97d-d965ccfc6d4b" outcome="Passed" testListId="8c84fa94-04c1-424b-9868-57a2d4851a1d" relativeResultsDirectory="f9c515b4-f9dd-40ba-9f6d-48392a436e56" />
    <UnitTestResult executionId="0e08a90a-74a3-4ad0-9640-21185eaa22f0" testId="ca442d25-1d56-7ce4-2a08-3c581c8826e1" testName="MapLayerType_ShouldBeInputItemsMapLayer_WhenCalled" computerName="DKSR-EFI-06" duration="00:00:00.0002329" startTime="2024-01-09T15:47:04.3773072+01:00" endTime="2024-01-09T15:47:04.3773072+01:00" testType="13cdc9d9-ddb5-4fa4-a97d-d965ccfc6d4b" outcome="Passed" testListId="8c84fa94-04c1-424b-9868-57a2d4851a1d" relativeResultsDirectory="0e08a90a-74a3-4ad0-9640-21185eaa22f0" />
    <UnitTestResult executionId="179c1720-0d16-4d95-afc2-0185f9cad8c9" testId="6a53a4fc-af98-30a6-3b55-6aeeac9be0be" testName="SaveStateTo_OrderResultsBy_Success" computerName="DKSR-EFI-06" duration="00:00:00.0086265" startTime="2024-01-09T15:46:36.2614663+01:00" endTime="2024-01-09T15:46:36.2614663+01:00" testType="13cdc9d9-ddb5-4fa4-a97d-d965ccfc6d4b" outcome="Passed" testListId="8c84fa94-04c1-424b-9868-57a2d4851a1d" relativeResultsDirectory="179c1720-0d16-4d95-afc2-0185f9cad8c9" />
    <UnitTestResult executionId="f55b1d24-1f5d-4b38-b10c-42c580771a23" testId="04268900-3302-a699-5943-bbf486b565e8" testName="PatrollingProfileListViewModel_Save_DeleteProfile" computerName="DKSR-EFI-06" duration="00:00:00.0054152" startTime="2024-01-09T15:47:09.4882043+01:00" endTime="2024-01-09T15:47:09.5038418+01:00" testType="13cdc9d9-ddb5-4fa4-a97d-d965ccfc6d4b" outcome="Passed" testListId="8c84fa94-04c1-424b-9868-57a2d4851a1d" relativeResultsDirectory="f55b1d24-1f5d-4b38-b10c-42c580771a23" />
    <UnitTestResult executionId="87724c84-4b34-42ed-ba45-a129fc5f41c4" testId="187ee319-c305-31ec-cc6d-df00e81417f3" testName="SupportsDoubleClick_ShouldBeFalse_WhenInteractionStateIsNormalAndNotInSetupMode" computerName="DKSR-EFI-06" duration="00:00:00.0590873" startTime="2024-01-09T15:45:35.0762975+01:00" endTime="2024-01-09T15:45:35.1231692+01:00" testType="13cdc9d9-ddb5-4fa4-a97d-d965ccfc6d4b" outcome="Passed" testListId="8c84fa94-04c1-424b-9868-57a2d4851a1d" relativeResultsDirectory="87724c84-4b34-42ed-ba45-a129fc5f41c4" />
    <UnitTestResult executionId="65aa9c1c-8cb5-45a0-ba91-21c16e6bcfa4" testId="87b58032-586b-2c99-8416-71ae0f8434e1" testName="ShowSuccessToast_ShouldShowCorrectNumberOfToasts (5,1)" computerName="DKSR-EFI-06" duration="00:00:00.0037135" startTime="2024-01-09T15:47:11.8950227+01:00" endTime="2024-01-09T15:47:11.8950227+01:00" testType="13cdc9d9-ddb5-4fa4-a97d-d965ccfc6d4b" outcome="Passed" testListId="8c84fa94-04c1-424b-9868-57a2d4851a1d" relativeResultsDirectory="65aa9c1c-8cb5-45a0-ba91-21c16e6bcfa4" />
    <UnitTestResult executionId="d2028e16-a407-4f51-89be-061bc8848130" testId="403a78e4-c46e-adcb-e74a-7da90bcef733" testName="GetSnapshots_UnknownErrorWhileSavingImage_Failure" computerName="DKSR-EFI-06" duration="00:00:00.0036670" startTime="2024-01-09T15:46:43.7163344+01:00" endTime="2024-01-09T15:46:43.7319574+01:00" testType="13cdc9d9-ddb5-4fa4-a97d-d965ccfc6d4b" outcome="Passed" testListId="8c84fa94-04c1-424b-9868-57a2d4851a1d" relativeResultsDirectory="d2028e16-a407-4f51-89be-061bc8848130" />
    <UnitTestResult executionId="a0216aab-4175-4d5f-9ac9-9e748821bd3f" testId="89684484-4d0f-00a8-989b-9cbdfecf3e30" testName="GetSnapshots_InvalidSnapshotPath_Failure" computerName="DKSR-EFI-06" duration="00:00:00.2349936" startTime="2024-01-09T15:46:43.4350260+01:00" endTime="2024-01-09T15:46:43.6694424+01:00" testType="13cdc9d9-ddb5-4fa4-a97d-d965ccfc6d4b" outcome="Passed" testListId="8c84fa94-04c1-424b-9868-57a2d4851a1d" relativeResultsDirectory="a0216aab-4175-4d5f-9ac9-9e748821bd3f" />
    <UnitTestResult executionId="b602603b-3175-45e0-9822-693dd14bb187" testId="e998f77e-77b2-7e10-d8db-3813eb8031aa" testName="GetClusters_ThreeInitialItems_ClustersForInitialItems (Data Row 8)" computerName="DKSR-EFI-06" duration="00:00:00.0097627" startTime="2024-01-09T15:47:08.8161554+01:00" endTime="2024-01-09T15:47:09.0037088+01:00" testType="13cdc9d9-ddb5-4fa4-a97d-d965ccfc6d4b" outcome="Passed" testListId="8c84fa94-04c1-424b-9868-57a2d4851a1d" relativeResultsDirectory="b602603b-3175-45e0-9822-693dd14bb187" />
    <UnitTestResult executionId="49853cfa-6edc-4502-9d4f-292f34e59435" testId="69439449-9ebe-29e2-c62e-065951471c5d" testName="Serialize_ShouldNotSerializeCombineType_WhenNotPresentInData" computerName="DKSR-EFI-06" duration="00:00:00.0006485" startTime="2024-01-09T15:46:45.4979240+01:00" endTime="2024-01-09T15:46:45.4979240+01:00" testType="13cdc9d9-ddb5-4fa4-a97d-d965ccfc6d4b" outcome="Passed" testListId="8c84fa94-04c1-424b-9868-57a2d4851a1d" relativeResultsDirectory="49853cfa-6edc-4502-9d4f-292f34e59435" />
    <UnitTestResult executionId="e7f086af-3b47-48b4-a1f8-bd6a37920f36" testId="bc479aff-5943-50ba-916d-4ef25a516c49" testName="BuildMapOptions_ShouldHandleSecretStringOptionsCorrectly (GisMapBingMapKey,someText,True)" computerName="DKSR-EFI-06" duration="00:00:00.0020307" startTime="2024-01-09T15:47:17.4429746+01:00" endTime="2024-01-09T15:47:17.4429746+01:00" testType="13cdc9d9-ddb5-4fa4-a97d-d965ccfc6d4b" outcome="Passed" testListId="8c84fa94-04c1-424b-9868-57a2d4851a1d" relativeResultsDirectory="e7f086af-3b47-48b4-a1f8-bd6a37920f36" />
    <UnitTestResult executionId="b9a5a9a2-dbfd-4a4c-a706-6fcbeea41e3b" testId="b00294e4-8686-0263-7a25-105dca27e462" testName="HandleGetLayerFeatures_ShouldReturnOutputLayerFeatures_WhenOutputKind" computerName="DKSR-EFI-06" duration="00:00:00.0014485" startTime="2024-01-09T15:47:07.2219688+01:00" endTime="2024-01-09T15:47:07.2219688+01:00" testType="13cdc9d9-ddb5-4fa4-a97d-d965ccfc6d4b" outcome="Passed" testListId="8c84fa94-04c1-424b-9868-57a2d4851a1d" relativeResultsDirectory="b9a5a9a2-dbfd-4a4c-a706-6fcbeea41e3b" />
    <UnitTestResult executionId="f73221dc-0b08-4340-8bb8-d16fc0d112d5" testId="61320e3d-b3bf-23f6-1c7c-0aea9f2fda01" testName="SearchAction_BrowseMode_30MinutesInTheFuture" computerName="DKSR-EFI-06" duration="00:00:00.0055670" startTime="2024-01-09T15:47:15.5363566+01:00" endTime="2024-01-09T15:47:15.5519816+01:00" testType="13cdc9d9-ddb5-4fa4-a97d-d965ccfc6d4b" outcome="Passed" testListId="8c84fa94-04c1-424b-9868-57a2d4851a1d" relativeResultsDirectory="f73221dc-0b08-4340-8bb8-d16fc0d112d5" />
    <UnitTestResult executionId="02bc3a43-b684-47d1-a78f-7f6df01c093a" testId="c15ffa78-e595-57a3-d2fc-5e6f27b46541" testName="CameraMapItem_Delete_Failure_PositionRevertsToGisPoint" computerName="DKSR-EFI-06" duration="00:00:00.0109888" startTime="2024-01-09T15:47:02.3611727+01:00" endTime="2024-01-09T15:47:02.3611727+01:00" testType="13cdc9d9-ddb5-4fa4-a97d-d965ccfc6d4b" outcome="Passed" testListId="8c84fa94-04c1-424b-9868-57a2d4851a1d" relativeResultsDirectory="02bc3a43-b684-47d1-a78f-7f6df01c093a" />
    <UnitTestResult executionId="9e887928-2034-4ac0-9ce8-8620d88e881b" testId="bfa2e036-0b0c-2621-93e6-fae23f6d7c6d" testName="Initialize_ShouldSelectTheFirstCameraWithRegionSelected_WhenInitializedWithFilterValueThatHasRegionSelected" computerName="DKSR-EFI-06" duration="00:00:00.0050406" startTime="2024-01-09T15:47:00.3921186+01:00" endTime="2024-01-09T15:47:00.3921186+01:00" testType="13cdc9d9-ddb5-4fa4-a97d-d965ccfc6d4b" outcome="Passed" testListId="8c84fa94-04c1-424b-9868-57a2d4851a1d" relativeResultsDirectory="9e887928-2034-4ac0-9ce8-8620d88e881b" />
    <UnitTestResult executionId="1a520b0e-7159-4699-b771-6877cd50c3db" testId="4b7dc18b-d6d1-94cf-67c8-cfdd48ab9288" testName="Connect_WhenMajorServerVersionIsBelow3_ShouldNotStartAnySchClient" computerName="DKSR-EFI-06" duration="00:00:00.2937188" startTime="2024-01-09T15:45:09.3731348+01:00" endTime="2024-01-09T15:45:09.6700094+01:00" testType="13cdc9d9-ddb5-4fa4-a97d-d965ccfc6d4b" outcome="Passed" testListId="8c84fa94-04c1-424b-9868-57a2d4851a1d" relativeResultsDirectory="1a520b0e-7159-4699-b771-6877cd50c3db" />
    <UnitTestResult executionId="f744269d-3123-4c9a-98c4-53cb60bad700" testId="af2fff69-ede4-2bff-61e9-6a132589f2de" testName="ComparerSet_SameValue_NoEventFired" computerName="DKSR-EFI-06" duration="00:00:00.0198787" startTime="2024-01-09T15:46:45.1384397+01:00" endTime="2024-01-09T15:46:45.1540671+01:00" testType="13cdc9d9-ddb5-4fa4-a97d-d965ccfc6d4b" outcome="Passed" testListId="8c84fa94-04c1-424b-9868-57a2d4851a1d" relativeResultsDirectory="f744269d-3123-4c9a-98c4-53cb60bad700" />
    <UnitTestResult executionId="c5a3f2b6-d2f1-4f57-b678-9abc0906150a" testId="361cc772-0d75-885b-698f-f995fb066fc5" testName="ReCreateOverlay_WhereOverlayIsRecreable_OverlayRequestToBeReCreated" computerName="DKSR-EFI-06" duration="00:00:00.1497922" startTime="2024-01-09T15:45:31.4825431+01:00" endTime="2024-01-09T15:45:31.6387924+01:00" testType="13cdc9d9-ddb5-4fa4-a97d-d965ccfc6d4b" outcome="Passed" testListId="8c84fa94-04c1-424b-9868-57a2d4851a1d" relativeResultsDirectory="c5a3f2b6-d2f1-4f57-b678-9abc0906150a" />
    <UnitTestResult executionId="63773d0a-aea8-463e-9905-fa36b1efb669" testId="d90a523b-e1ac-2a8a-dd1a-2b2e05a4e8cb" testName="UpdateItemSize_ItemSizeChangedAndEventFired" computerName="DKSR-EFI-06" duration="00:00:00.9844723" startTime="2024-01-09T15:46:05.4724123+01:00" endTime="2024-01-09T15:46:06.4570523+01:00" testType="13cdc9d9-ddb5-4fa4-a97d-d965ccfc6d4b" outcome="Passed" testListId="8c84fa94-04c1-424b-9868-57a2d4851a1d" relativeResultsDirectory="63773d0a-aea8-463e-9905-fa36b1efb669" />
    <UnitTestResult executionId="56b3e97e-77b2-4d95-96eb-e743e284785f" testId="f6638888-72f9-3abc-824d-07e5504a43a5" testName="IconResourceKey_ShouldBeValid_WhenInteractionStateIsAddMicrophone" computerName="DKSR-EFI-06" duration="00:00:00.0003211" startTime="2024-01-09T15:45:31.1075435+01:00" endTime="2024-01-09T15:45:31.1075435+01:00" testType="13cdc9d9-ddb5-4fa4-a97d-d965ccfc6d4b" outcome="Passed" testListId="8c84fa94-04c1-424b-9868-57a2d4851a1d" relativeResultsDirectory="56b3e97e-77b2-4d95-96eb-e743e284785f" />
    <UnitTestResult executionId="61c9fb4b-5507-4964-8266-c286851399b2" testId="1b048c4f-8dd0-574f-1458-26bf1df29b58" testName="BoundingBoxRefreshWithData" computerName="DKSR-EFI-06" duration="00:00:00.0723157" startTime="2024-01-09T15:47:13.1921705+01:00" endTime="2024-01-09T15:47:13.2703131+01:00" testType="13cdc9d9-ddb5-4fa4-a97d-d965ccfc6d4b" outcome="Passed" testListId="8c84fa94-04c1-424b-9868-57a2d4851a1d" relativeResultsDirectory="61c9fb4b-5507-4964-8266-c286851399b2" />
    <UnitTestResult executionId="4ed624b1-e472-43ec-b43b-a6d89fdd3e82" testId="47ac3dda-7749-2f44-950d-c0fd39257f55" testName="AudioControllerOnDevicesLockEvent_ShouldDisableMicrophones_WhenLockingAudioDevicesAndApplicationIsInLiveMode" computerName="DKSR-EFI-06" duration="00:00:00.0185767" startTime="2024-01-09T15:47:04.9087379+01:00" endTime="2024-01-09T15:47:04.9400038+01:00" testType="13cdc9d9-ddb5-4fa4-a97d-d965ccfc6d4b" outcome="Passed" testListId="8c84fa94-04c1-424b-9868-57a2d4851a1d" relativeResultsDirectory="4ed624b1-e472-43ec-b43b-a6d89fdd3e82" />
    <UnitTestResult executionId="faacf10e-a581-4ff4-800c-d385310ffc38" testId="5e38d847-a6e1-c044-80d4-91e6d7b293f2" testName="ShouldCameraListItemBeEnabledForCamera_ShouldReturnTrue_WhenSmartSearchIsAllowedForTheCamera" computerName="DKSR-EFI-06" duration="00:00:00.0015979" startTime="2024-01-09T15:47:00.5015090+01:00" endTime="2024-01-09T15:47:00.5015090+01:00" testType="13cdc9d9-ddb5-4fa4-a97d-d965ccfc6d4b" outcome="Passed" testListId="8c84fa94-04c1-424b-9868-57a2d4851a1d" relativeResultsDirectory="faacf10e-a581-4ff4-800c-d385310ffc38" />
    <UnitTestResult executionId="cbc8728d-b103-4efb-8c46-9dd042746d81" testId="628ededf-b510-91fa-7712-c59b72f0952a" testName="DateToStringConverter_MultiConvertValidInput_Success" computerName="DKSR-EFI-06" duration="00:00:00.0008516" startTime="2024-01-09T15:46:14.3025080+01:00" endTime="2024-01-09T15:46:14.3025080+01:00" testType="13cdc9d9-ddb5-4fa4-a97d-d965ccfc6d4b" outcome="Passed" testListId="8c84fa94-04c1-424b-9868-57a2d4851a1d" relativeResultsDirectory="cbc8728d-b103-4efb-8c46-9dd042746d81" />
    <UnitTestResult executionId="e89b81bc-a8a5-4a43-a8e9-4d55e523a091" testId="671ee35e-217f-e976-440a-afae3aff818a" testName="PerformAction_ExceptionHandled" computerName="DKSR-EFI-06" duration="00:00:00.0034054" startTime="2024-01-09T15:45:39.0450426+01:00" endTime="2024-01-09T15:45:39.0450426+01:00" testType="13cdc9d9-ddb5-4fa4-a97d-d965ccfc6d4b" outcome="Passed" testListId="8c84fa94-04c1-424b-9868-57a2d4851a1d" relativeResultsDirectory="e89b81bc-a8a5-4a43-a8e9-4d55e523a091" />
    <UnitTestResult executionId="1cc059c3-2313-47c3-ba9e-60501e2094f4" testId="fd462d91-75b7-b364-0ac2-28f926aa5acd" testName="Decorate_ShouldRaiseArgumentNullException_WhenLayerVisibilityItemDataIsNull" computerName="DKSR-EFI-06" duration="00:00:00.0015055" startTime="2024-01-09T15:45:30.8731675+01:00" endTime="2024-01-09T15:45:30.8887918+01:00" testType="13cdc9d9-ddb5-4fa4-a97d-d965ccfc6d4b" outcome="Passed" testListId="8c84fa94-04c1-424b-9868-57a2d4851a1d" relativeResultsDirectory="1cc059c3-2313-47c3-ba9e-60501e2094f4" />
    <UnitTestResult executionId="f5bebc43-321c-4d9b-b0ee-2ebbc36abd4b" testId="aa47cc05-cff7-e883-f784-0ec23d2be9d9" testName="AddToExportTuples_ShouldReturnCorrectResult (5,0,5)" computerName="DKSR-EFI-06" duration="00:00:00.0082656" startTime="2024-01-09T15:47:11.6449656+01:00" endTime="2024-01-09T15:47:11.6449656+01:00" testType="13cdc9d9-ddb5-4fa4-a97d-d965ccfc6d4b" outcome="Passed" testListId="8c84fa94-04c1-424b-9868-57a2d4851a1d" relativeResultsDirectory="f5bebc43-321c-4d9b-b0ee-2ebbc36abd4b" />
    <UnitTestResult executionId="2140182a-dea4-4c6e-b8ff-2eca09eb2697" testId="025863ce-ac84-e56c-d6b6-947b70b4b25d" testName="OnLoaded_NullFactory_DoesNotCrash" computerName="DKSR-EFI-06" duration="00:00:00.0038586" startTime="2024-01-09T15:46:31.2132870+01:00" endTime="2024-01-09T15:46:31.2132870+01:00" testType="13cdc9d9-ddb5-4fa4-a97d-d965ccfc6d4b" outcome="Passed" testListId="8c84fa94-04c1-424b-9868-57a2d4851a1d" relativeResultsDirectory="2140182a-dea4-4c6e-b8ff-2eca09eb2697" />
    <UnitTestResult executionId="06cf1ac2-7c95-4548-98e2-05dd4b7ea5ed" testId="6847ebb6-e732-c391-be2d-0bdf0abaf563" testName="TestReadXmlCreated" computerName="DKSR-EFI-06" duration="00:00:00.0002896" startTime="2024-01-09T15:47:12.5357822+01:00" endTime="2024-01-09T15:47:12.5357822+01:00" testType="13cdc9d9-ddb5-4fa4-a97d-d965ccfc6d4b" outcome="Passed" testListId="8c84fa94-04c1-424b-9868-57a2d4851a1d" relativeResultsDirectory="06cf1ac2-7c95-4548-98e2-05dd4b7ea5ed" />
    <UnitTestResult executionId="4d739aa8-ef60-4ebc-a07a-74eb87f6bf93" testId="a4ca9f4d-7da9-49ee-3144-e59fceacf949" testName="AddToExportDevices_ShouldReturnCorrectResult (1,1,0)" computerName="DKSR-EFI-06" duration="00:00:00.0032181" startTime="2024-01-09T15:47:11.7074850+01:00" endTime="2024-01-09T15:47:11.7074850+01:00" testType="13cdc9d9-ddb5-4fa4-a97d-d965ccfc6d4b" outcome="Passed" testListId="8c84fa94-04c1-424b-9868-57a2d4851a1d" relativeResultsDirectory="4d739aa8-ef60-4ebc-a07a-74eb87f6bf93" />
    <UnitTestResult executionId="778d1cea-85fe-4aa3-a6a7-389b225279eb" testId="00898047-0053-d119-5ff1-919a14dc0313" testName="WorkspaceToolBarItemEvidenceLockCreate_ShouldGoIntoSelectionMode_WhenNotInSelectionMode" computerName="DKSR-EFI-06" duration="00:00:00.0023679" startTime="2024-01-09T15:47:12.5045274+01:00" endTime="2024-01-09T15:47:12.5045274+01:00" testType="13cdc9d9-ddb5-4fa4-a97d-d965ccfc6d4b" outcome="Passed" testListId="8c84fa94-04c1-424b-9868-57a2d4851a1d" relativeResultsDirectory="778d1cea-85fe-4aa3-a6a7-389b225279eb" />
    <UnitTestResult executionId="c2a19fb3-0b8f-4ba8-88ab-7b25316798c1" testId="701d42cf-3ef2-9e45-4405-09554e002cc2" testName="TestForAssemblyCoverage" computerName="DKSR-EFI-06" duration="00:00:00.0140509" startTime="2024-01-09T15:45:21.2169082+01:00" endTime="2024-01-09T15:45:21.2325331+01:00" testType="13cdc9d9-ddb5-4fa4-a97d-d965ccfc6d4b" outcome="Passed" testListId="8c84fa94-04c1-424b-9868-57a2d4851a1d" relativeResultsDirectory="c2a19fb3-0b8f-4ba8-88ab-7b25316798c1" />
    <UnitTestResult executionId="effef1f0-530d-44bf-bca4-5afe11fcdc30" testId="575a32bf-8dea-b537-a592-8290f971bf09" testName="LoadSearchTemplate_ActiveToNewActive_UpdateAndEvent" computerName="DKSR-EFI-06" duration="00:00:00.0008586" startTime="2024-01-09T15:46:43.9976226+01:00" endTime="2024-01-09T15:46:43.9976226+01:00" testType="13cdc9d9-ddb5-4fa4-a97d-d965ccfc6d4b" outcome="Passed" testListId="8c84fa94-04c1-424b-9868-57a2d4851a1d" relativeResultsDirectory="effef1f0-530d-44bf-bca4-5afe11fcdc30" />
    <UnitTestResult executionId="53434599-9224-4108-b590-984bd8948218" testId="5bb54e26-c71e-f619-e4ab-387584c60929" testName="SearchAction_BrowseMode_30MinutesInThePast" computerName="DKSR-EFI-06" duration="00:00:00.0057919" startTime="2024-01-09T15:47:15.5207282+01:00" endTime="2024-01-09T15:47:15.5363566+01:00" testType="13cdc9d9-ddb5-4fa4-a97d-d965ccfc6d4b" outcome="Passed" testListId="8c84fa94-04c1-424b-9868-57a2d4851a1d" relativeResultsDirectory="53434599-9224-4108-b590-984bd8948218" />
    <UnitTestResult executionId="337b6cac-5ae3-4e48-a6a0-30e3a86ed57b" testId="117fa8ef-1259-0f08-beca-cde4c7f00c30" testName="InputMapItem_ForceActivateAsync_InBuilding_MapLayerHidden_Success" computerName="DKSR-EFI-06" duration="00:00:00.0167609" startTime="2024-01-09T15:47:06.4561161+01:00" endTime="2024-01-09T15:47:06.4719037+01:00" testType="13cdc9d9-ddb5-4fa4-a97d-d965ccfc6d4b" outcome="Passed" testListId="8c84fa94-04c1-424b-9868-57a2d4851a1d" relativeResultsDirectory="337b6cac-5ae3-4e48-a6a0-30e3a86ed57b" />
    <UnitTestResult executionId="e182d49e-2d25-450b-bdf9-07b4a16cc85c" testId="e2e868a3-fc1a-6808-398b-537acaa38f26" testName="Ctor_ShouldAddNegotiateUserCredentialsToCache_WhenServerAuthenticationIsNotSimple" computerName="DKSR-EFI-06" duration="00:00:00.0002813" startTime="2024-01-09T15:45:20.1700342+01:00" endTime="2024-01-09T15:45:20.1700342+01:00" testType="13cdc9d9-ddb5-4fa4-a97d-d965ccfc6d4b" outcome="Passed" testListId="8c84fa94-04c1-424b-9868-57a2d4851a1d" relativeResultsDirectory="e182d49e-2d25-450b-bdf9-07b4a16cc85c" />
    <UnitTestResult executionId="594f420b-4bc6-45a5-ad9b-6a684f080cf6" testId="05b0f889-f616-ccc3-759c-b71fe45243ee" testName="Close_ShouldSetCloseToTrue_WhenCalled" computerName="DKSR-EFI-06" duration="00:00:00.0237096" startTime="2024-01-09T15:45:26.5919147+01:00" endTime="2024-01-09T15:45:26.6231668+01:00" testType="13cdc9d9-ddb5-4fa4-a97d-d965ccfc6d4b" outcome="Passed" testListId="8c84fa94-04c1-424b-9868-57a2d4851a1d" relativeResultsDirectory="594f420b-4bc6-45a5-ad9b-6a684f080cf6" />
    <UnitTestResult executionId="66e36d82-3719-4a8c-b077-2980b65e03f6" testId="c9e65ace-67e8-aaf0-227a-cc6ee9b8878a" testName="Perform_ActionFastAfterFirst_Delay" computerName="DKSR-EFI-06" duration="00:00:00.2024682" startTime="2024-01-09T15:45:19.6856561+01:00" endTime="2024-01-09T15:45:19.8887817+01:00" testType="13cdc9d9-ddb5-4fa4-a97d-d965ccfc6d4b" outcome="Passed" testListId="8c84fa94-04c1-424b-9868-57a2d4851a1d" relativeResultsDirectory="66e36d82-3719-4a8c-b077-2980b65e03f6" />
    <UnitTestResult executionId="6dfeb023-77a1-4e30-a583-1736cbe6fbc4" testId="96abbcdd-783c-a6e6-4e38-7f3dc42ebf4f" testName="FilteredItems_NoFilter_AllItemsVisible" computerName="DKSR-EFI-06" duration="00:00:00.0123382" startTime="2024-01-09T15:47:00.2045783+01:00" endTime="2024-01-09T15:47:00.2202182+01:00" testType="13cdc9d9-ddb5-4fa4-a97d-d965ccfc6d4b" outcome="Passed" testListId="8c84fa94-04c1-424b-9868-57a2d4851a1d" relativeResultsDirectory="6dfeb023-77a1-4e30-a583-1736cbe6fbc4" />
    <UnitTestResult executionId="1e582a68-50f5-4bce-8591-3d5f869daf9f" testId="f7a4182b-ffd3-38f8-408e-5d4264f4f5e8" testName="GetPropertiesAsync_ShouldIgnoreNullPropertyCollectionFromSubResults" computerName="DKSR-EFI-06" duration="00:00:00.0038862" startTime="2024-01-09T15:46:45.3416047+01:00" endTime="2024-01-09T15:46:45.3572356+01:00" testType="13cdc9d9-ddb5-4fa4-a97d-d965ccfc6d4b" outcome="Passed" testListId="8c84fa94-04c1-424b-9868-57a2d4851a1d" relativeResultsDirectory="1e582a68-50f5-4bce-8591-3d5f869daf9f" />
    <UnitTestResult executionId="2204cde3-8d0f-4714-affb-507e0ee096f2" testId="8b0909b5-769b-12ea-d91a-88a0ad4a6e48" testName="Serialize_ToTimeOnly_Success" computerName="DKSR-EFI-06" duration="00:00:00.0007259" startTime="2024-01-09T15:46:45.4979240+01:00" endTime="2024-01-09T15:46:45.4979240+01:00" testType="13cdc9d9-ddb5-4fa4-a97d-d965ccfc6d4b" outcome="Passed" testListId="8c84fa94-04c1-424b-9868-57a2d4851a1d" relativeResultsDirectory="2204cde3-8d0f-4714-affb-507e0ee096f2" />
    <UnitTestResult executionId="915cac06-0fa1-44db-9377-10668e827882" testId="ee6192d4-4913-e5e7-42dd-becf117dbb37" testName="MotionAreaInfoDto_ShouldYieldSameValues_WhenRoundTripConverted" computerName="DKSR-EFI-06" duration="00:00:00.0023083" startTime="2024-01-09T15:45:08.9981351+01:00" endTime="2024-01-09T15:45:08.9981351+01:00" testType="13cdc9d9-ddb5-4fa4-a97d-d965ccfc6d4b" outcome="Passed" testListId="8c84fa94-04c1-424b-9868-57a2d4851a1d" relativeResultsDirectory="915cac06-0fa1-44db-9377-10668e827882" />
    <UnitTestResult executionId="d2be6006-49e2-46bd-92ed-50e47b4c5876" testId="b9fc609a-8ca2-2be6-d0e9-1319545fa745" testName="PatrollingProfileListViewModel_Save_DeleteProfile_Failed" computerName="DKSR-EFI-06" duration="00:00:00.0036055" startTime="2024-01-09T15:47:09.5038418+01:00" endTime="2024-01-09T15:47:09.5038418+01:00" testType="13cdc9d9-ddb5-4fa4-a97d-d965ccfc6d4b" outcome="Passed" testListId="8c84fa94-04c1-424b-9868-57a2d4851a1d" relativeResultsDirectory="d2be6006-49e2-46bd-92ed-50e47b4c5876" />
    <UnitTestResult executionId="a6ee70b8-9b34-4a56-bb72-71080db0342c" testId="f7e9fd32-cda0-b4a7-03c5-d4f85abad026" testName="UpdateSearchTemplateAsync_ThrowCommunicationMIPException_Success" computerName="DKSR-EFI-06" duration="00:00:00.0017395" startTime="2024-01-09T15:46:44.2320340+01:00" endTime="2024-01-09T15:46:44.2320340+01:00" testType="13cdc9d9-ddb5-4fa4-a97d-d965ccfc6d4b" outcome="Passed" testListId="8c84fa94-04c1-424b-9868-57a2d4851a1d" relativeResultsDirectory="a6ee70b8-9b34-4a56-bb72-71080db0342c" />
    <UnitTestResult executionId="2f322dd7-8206-409b-a6ba-2e8920541fcd" testId="135e5704-6a7d-41be-b6f0-09a10aa88b3e" testName="FocusedSearchResultChanged_MapControlDisposed_CallIgnored" computerName="DKSR-EFI-06" duration="00:00:00.0064980" startTime="2024-01-09T15:46:31.2763430+01:00" endTime="2024-01-09T15:46:31.2910239+01:00" testType="13cdc9d9-ddb5-4fa4-a97d-d965ccfc6d4b" outcome="Passed" testListId="8c84fa94-04c1-424b-9868-57a2d4851a1d" relativeResultsDirectory="2f322dd7-8206-409b-a6ba-2e8920541fcd" />
    <UnitTestResult executionId="50fe67f8-d023-4d57-935a-4c5ef8d5846d" testId="a65d3f02-ca6d-a89f-9465-6c592d8f6d71" testName="Constructor_ShouldThrowArgumentNullException_WhenServerConfigurationIsNull" computerName="DKSR-EFI-06" duration="00:00:00.0019991" startTime="2024-01-09T15:47:09.7695253+01:00" endTime="2024-01-09T15:47:09.7695253+01:00" testType="13cdc9d9-ddb5-4fa4-a97d-d965ccfc6d4b" outcome="Passed" testListId="8c84fa94-04c1-424b-9868-57a2d4851a1d" relativeResultsDirectory="50fe67f8-d023-4d57-935a-4c5ef8d5846d" />
    <UnitTestResult executionId="9923ddd8-5f69-4a23-a860-18650ae6d395" testId="e38866b9-8332-5f7b-d7b8-fb3e9c3d9029" testName="ToTimeScope_YesterdayInTransitionToNonDST_Success" computerName="DKSR-EFI-06" duration="00:00:00.0011834" startTime="2024-01-09T15:46:44.4039484+01:00" endTime="2024-01-09T15:46:44.4039484+01:00" testType="13cdc9d9-ddb5-4fa4-a97d-d965ccfc6d4b" outcome="Passed" testListId="8c84fa94-04c1-424b-9868-57a2d4851a1d" relativeResultsDirectory="9923ddd8-5f69-4a23-a860-18650ae6d395" />
    <UnitTestResult executionId="b81b35a3-d11f-47fa-9f98-872455303f8d" testId="2e98d886-c9c5-7fb8-f647-7bfb037cf4a5" testName="MapInputIcons_WhenMilestoneOemResource_ShouldReturnSevenIcons" computerName="DKSR-EFI-06" duration="00:00:00.0247927" startTime="2024-01-09T15:47:16.6459170+01:00" endTime="2024-01-09T15:47:16.6771716+01:00" testType="13cdc9d9-ddb5-4fa4-a97d-d965ccfc6d4b" outcome="Passed" testListId="8c84fa94-04c1-424b-9868-57a2d4851a1d" relativeResultsDirectory="b81b35a3-d11f-47fa-9f98-872455303f8d" />
    <UnitTestResult executionId="0368eab6-f7a7-48da-a49e-f7da5fc4318a" testId="9588ac24-d5e4-191a-112a-c7b4e16b7a61" testName="GetPartialDiffBetweenDictionaries_ShouldReturnCorrectValues (System.Collections.Generic.Dictionary`2[System.String,System.String],System.Collections.Generic.Dictionary`2[System.String,System.String],System.Collections.Generic.Dictionary`2[System.String,System.String])" computerName="DKSR-EFI-06" duration="00:00:00.0002659" startTime="2024-01-09T15:47:17.5523096+01:00" endTime="2024-01-09T15:47:17.5523096+01:00" testType="13cdc9d9-ddb5-4fa4-a97d-d965ccfc6d4b" outcome="Passed" testListId="8c84fa94-04c1-424b-9868-57a2d4851a1d" relativeResultsDirectory="0368eab6-f7a7-48da-a49e-f7da5fc4318a" />
    <UnitTestResult executionId="e75d1ecf-5c1b-4749-8d1a-9354e7fb4d9e" testId="846a9eb5-5d29-1fe6-2752-1629db0ce419" testName="AlwaysPutGroupsBeforeViews" computerName="DKSR-EFI-06" duration="00:00:00.0003320" startTime="2024-01-09T15:47:11.0667151+01:00" endTime="2024-01-09T15:47:11.0667151+01:00" testType="13cdc9d9-ddb5-4fa4-a97d-d965ccfc6d4b" outcome="Passed" testListId="8c84fa94-04c1-424b-9868-57a2d4851a1d" relativeResultsDirectory="e75d1ecf-5c1b-4749-8d1a-9354e7fb4d9e" />
    <UnitTestResult executionId="d21055f4-9a78-4f7d-bac5-0ca88602a926" testId="1ae4eff8-6b2f-6b05-41a0-15eb97967c7f" testName="Password_ShouldThrow_InvalidOperationException_WhenConstructedUsingExternal" computerName="DKSR-EFI-06" duration="00:00:00.0005511" startTime="2024-01-09T15:45:20.2950371+01:00" endTime="2024-01-09T15:45:20.2950371+01:00" testType="13cdc9d9-ddb5-4fa4-a97d-d965ccfc6d4b" outcome="Passed" testListId="8c84fa94-04c1-424b-9868-57a2d4851a1d" relativeResultsDirectory="d21055f4-9a78-4f7d-bac5-0ca88602a926" />
    <UnitTestResult executionId="748c8e0f-de1c-4925-8fd7-77781e3fee7d" testId="5fd3f98c-c6c1-c9ae-ace1-6e51d9ce104b" testName="TestMultipleTaskSubscription" computerName="DKSR-EFI-06" duration="00:00:00.0084019" startTime="2024-01-09T15:47:11.3167746+01:00" endTime="2024-01-09T15:47:11.3167746+01:00" testType="13cdc9d9-ddb5-4fa4-a97d-d965ccfc6d4b" outcome="Passed" testListId="8c84fa94-04c1-424b-9868-57a2d4851a1d" relativeResultsDirectory="748c8e0f-de1c-4925-8fd7-77781e3fee7d" />
    <UnitTestResult executionId="7acedca3-b3e1-48a8-a56f-8c10b6e92f70" testId="d7aebc88-d17a-4418-cff4-f3007ce02d1e" testName="MutedMicrophoneIconsId_ShouldReturnMutedIconsInAProperOrder_WhenCalled" computerName="DKSR-EFI-06" duration="00:00:00.0006448" startTime="2024-01-09T15:47:04.4554595+01:00" endTime="2024-01-09T15:47:04.4554595+01:00" testType="13cdc9d9-ddb5-4fa4-a97d-d965ccfc6d4b" outcome="Passed" testListId="8c84fa94-04c1-424b-9868-57a2d4851a1d" relativeResultsDirectory="7acedca3-b3e1-48a8-a56f-8c10b6e92f70" />
    <UnitTestResult executionId="46d46822-81c1-4155-9830-efcb9d8b90e7" testId="e692b3e0-3f04-ab27-9ec5-4a69402a8875" testName="UpdateStartupLocationInModel_Updated_Success" computerName="DKSR-EFI-06" duration="00:00:00.0887939" startTime="2024-01-09T15:45:25.1231656+01:00" endTime="2024-01-09T15:45:25.2012900+01:00" testType="13cdc9d9-ddb5-4fa4-a97d-d965ccfc6d4b" outcome="Passed" testListId="8c84fa94-04c1-424b-9868-57a2d4851a1d" relativeResultsDirectory="46d46822-81c1-4155-9830-efcb9d8b90e7" />
    <UnitTestResult executionId="6638ff78-490b-4fe0-865a-471836c32b5a" testId="75b7a6d2-cb73-668d-0435-045642c36b2f" testName="PtzInfoViewModel_PtzReservedByAnonymousOtherUserTest" computerName="DKSR-EFI-06" duration="00:00:00.0021581" startTime="2024-01-09T15:45:21.4356601+01:00" endTime="2024-01-09T15:45:21.4356601+01:00" testType="13cdc9d9-ddb5-4fa4-a97d-d965ccfc6d4b" outcome="Passed" testListId="8c84fa94-04c1-424b-9868-57a2d4851a1d" relativeResultsDirectory="6638ff78-490b-4fe0-865a-471836c32b5a" />
    <UnitTestResult executionId="f7489c8a-c9cf-43cc-a13a-a9fa60ded9b5" testId="178f613b-e8c8-b623-2c5d-08d78665b8c9" testName="ValidateExportLocation_ShouldReturnFailResult_ExportPathIsInvalid (aaaaaaaaaaaaaaaaaaaaaaaaaaaaaaaaaaaaaaaaaaaaaaaaaaaaaaaaaaaaaaaaaaaaaaaaaaaaaaaaaaaaaaaaaaaaaaaaaaaaaaaaaaaaaaaaaaaaaaaaaaaaaaaaaaaaaaaaaaaaaaaaaaaaaaaaaaaaaaaaaaaaaaaaaaaaaaaaaaaaaaa)" computerName="DKSR-EFI-06" duration="00:00:00.0114126" startTime="2024-01-09T15:45:44.1077981+01:00" endTime="2024-01-09T15:45:44.1234283+01:00" testType="13cdc9d9-ddb5-4fa4-a97d-d965ccfc6d4b" outcome="Passed" testListId="8c84fa94-04c1-424b-9868-57a2d4851a1d" relativeResultsDirectory="f7489c8a-c9cf-43cc-a13a-a9fa60ded9b5" />
    <UnitTestResult executionId="fb6435b4-2924-4ccc-a7a4-31cd98c4a652" testId="6bb54fbb-dfac-5d0a-56dc-de94512d7ee7" testName="ToUnsafeName_DifferentSeperator_Success" computerName="DKSR-EFI-06" duration="00:00:00.0001908" startTime="2024-01-09T15:47:17.6773256+01:00" endTime="2024-01-09T15:47:17.6773256+01:00" testType="13cdc9d9-ddb5-4fa4-a97d-d965ccfc6d4b" outcome="Passed" testListId="8c84fa94-04c1-424b-9868-57a2d4851a1d" relativeResultsDirectory="fb6435b4-2924-4ccc-a7a4-31cd98c4a652" />
    <UnitTestResult executionId="f8e63450-172c-46a0-9c56-2a69eb9ea084" testId="88adc3c3-8805-8765-8e54-e11a02ee63c8" testName="Constructor_ShouldRaiseArgumentNullException_WhenNextDeviceDataHandlerIsNull" computerName="DKSR-EFI-06" duration="00:00:00.0105013" startTime="2024-01-09T15:45:41.6700964+01:00" endTime="2024-01-09T15:45:41.6856754+01:00" testType="13cdc9d9-ddb5-4fa4-a97d-d965ccfc6d4b" outcome="Passed" testListId="8c84fa94-04c1-424b-9868-57a2d4851a1d" relativeResultsDirectory="f8e63450-172c-46a0-9c56-2a69eb9ea084" />
    <UnitTestResult executionId="5e08511a-d004-40e9-b313-66a786afa564" testId="91bb0037-7fe2-0981-dce5-8270b853ee50" testName="BookmarkSearchTime_WithSearchStringInDifferentCases_ReturnCorrectBookmarkWithSearchStringInHeader (wrong,True,False,False,False,SeArChStRiNg,,0)" computerName="DKSR-EFI-06" duration="00:00:00.0031321" startTime="2024-01-09T15:47:12.9108630+01:00" endTime="2024-01-09T15:47:12.9108630+01:00" testType="13cdc9d9-ddb5-4fa4-a97d-d965ccfc6d4b" outcome="Passed" testListId="8c84fa94-04c1-424b-9868-57a2d4851a1d" relativeResultsDirectory="5e08511a-d004-40e9-b313-66a786afa564" />
    <UnitTestResult executionId="2cdc605e-52f5-40b8-b546-0410b3648b44" testId="fe450cea-9ffb-3719-460a-cf60fe446421" testName="SearchAction_Carrousel_LiveMode" computerName="DKSR-EFI-06" duration="00:00:00.1011258" startTime="2024-01-09T15:47:12.3013676+01:00" endTime="2024-01-09T15:47:12.3951324+01:00" testType="13cdc9d9-ddb5-4fa4-a97d-d965ccfc6d4b" outcome="Passed" testListId="8c84fa94-04c1-424b-9868-57a2d4851a1d" relativeResultsDirectory="2cdc605e-52f5-40b8-b546-0410b3648b44" />
    <UnitTestResult executionId="b31a9365-aea6-4e52-92ae-f28dc4d003eb" testId="e518f34f-e56a-1614-f28f-2cc87eda4412" testName="ShowPermissionDeniedToasts_ShouldShowCorrectNumberOfToasts (5,1)" computerName="DKSR-EFI-06" duration="00:00:00.0033586" startTime="2024-01-09T15:47:11.9106479+01:00" endTime="2024-01-09T15:47:11.9262828+01:00" testType="13cdc9d9-ddb5-4fa4-a97d-d965ccfc6d4b" outcome="Passed" testListId="8c84fa94-04c1-424b-9868-57a2d4851a1d" relativeResultsDirectory="b31a9365-aea6-4e52-92ae-f28dc4d003eb" />
    <UnitTestResult executionId="133274d5-4074-43d8-afea-ee28346f09f1" testId="87ce29ae-fa70-7faa-19b8-94e3041ec68c" testName="AddToExportDevices_ShouldAddToExportData (1)" computerName="DKSR-EFI-06" duration="00:00:00.0016911" startTime="2024-01-09T15:47:11.6762205+01:00" endTime="2024-01-09T15:47:11.6762205+01:00" testType="13cdc9d9-ddb5-4fa4-a97d-d965ccfc6d4b" outcome="Passed" testListId="8c84fa94-04c1-424b-9868-57a2d4851a1d" relativeResultsDirectory="133274d5-4074-43d8-afea-ee28346f09f1" />
    <UnitTestResult executionId="e47095ef-2053-47a3-a7cd-206068a11f7e" testId="800f9645-615e-ad0a-a2cb-53e0d1e48385" testName="GetSearchReportDialog_SelectedSearchResults_SingleResult_Success" computerName="DKSR-EFI-06" duration="00:00:00.1622551" startTime="2024-01-09T15:46:38.7777809+01:00" endTime="2024-01-09T15:46:38.9496977+01:00" testType="13cdc9d9-ddb5-4fa4-a97d-d965ccfc6d4b" outcome="Passed" testListId="8c84fa94-04c1-424b-9868-57a2d4851a1d" relativeResultsDirectory="e47095ef-2053-47a3-a7cd-206068a11f7e" />
    <UnitTestResult executionId="82f8b2e7-64f1-4d91-8a83-bbd7f381837f" testId="14807a36-cb4f-9f35-8679-aa8746cf4c38" testName="CreateCameraListItem_ShouldCreateEnabledCamera_WhenEnabledParameterIsTrue" computerName="DKSR-EFI-06" duration="00:00:00.0006136" startTime="2024-01-09T15:47:00.4703116+01:00" endTime="2024-01-09T15:47:00.4703116+01:00" testType="13cdc9d9-ddb5-4fa4-a97d-d965ccfc6d4b" outcome="Passed" testListId="8c84fa94-04c1-424b-9868-57a2d4851a1d" relativeResultsDirectory="82f8b2e7-64f1-4d91-8a83-bbd7f381837f" />
    <UnitTestResult executionId="35044a3a-9e60-4551-92a9-31640b07b40c" testId="6dc834ce-7990-c21f-5442-e578c180d56f" testName="AutomationId_ShouldBeValid_WhenInteractionStateIsOutput" computerName="DKSR-EFI-06" duration="00:00:00.0003188" startTime="2024-01-09T15:45:31.0294169+01:00" endTime="2024-01-09T15:45:31.0294169+01:00" testType="13cdc9d9-ddb5-4fa4-a97d-d965ccfc6d4b" outcome="Passed" testListId="8c84fa94-04c1-424b-9868-57a2d4851a1d" relativeResultsDirectory="35044a3a-9e60-4551-92a9-31640b07b40c" />
    <UnitTestResult executionId="57f54412-6925-4727-95da-5211e3429b6c" testId="ae7f298e-edeb-46f5-3d43-4270f80b5ca8" testName="SearchResultsActionBarActions_MipActionDoesSupportsSelectedSearchResult_ActionDisabled" computerName="DKSR-EFI-06" duration="00:00:00.0085399" startTime="2024-01-09T15:46:35.2455380+01:00" endTime="2024-01-09T15:46:35.2455380+01:00" testType="13cdc9d9-ddb5-4fa4-a97d-d965ccfc6d4b" outcome="Passed" testListId="8c84fa94-04c1-424b-9868-57a2d4851a1d" relativeResultsDirectory="57f54412-6925-4727-95da-5211e3429b6c" />
    <UnitTestResult executionId="ff168afa-dea0-49e0-afd2-c5af23bc4098" testId="332d7c0b-99e9-8913-1359-6d2df137b355" testName="TestForAssemblyCoverage" computerName="DKSR-EFI-06" duration="00:00:00.4408032" startTime="2024-01-09T15:45:20.4981594+01:00" endTime="2024-01-09T15:45:20.9356601+01:00" testType="13cdc9d9-ddb5-4fa4-a97d-d965ccfc6d4b" outcome="Passed" testListId="8c84fa94-04c1-424b-9868-57a2d4851a1d" relativeResultsDirectory="ff168afa-dea0-49e0-afd2-c5af23bc4098" />
    <UnitTestResult executionId="6cb0d0a6-9edc-4044-a14a-ba6c9f9f7d3c" testId="75abe4ea-20eb-3ee5-eee8-f4f3f43cc779" testName="OpenEdit_EditControlAvailable_EditContentControlUpdated" computerName="DKSR-EFI-06" duration="00:00:00.0131713" startTime="2024-01-09T15:46:34.3233669+01:00" endTime="2024-01-09T15:46:34.3390002+01:00" testType="13cdc9d9-ddb5-4fa4-a97d-d965ccfc6d4b" outcome="Passed" testListId="8c84fa94-04c1-424b-9868-57a2d4851a1d" relativeResultsDirectory="6cb0d0a6-9edc-4044-a14a-ba6c9f9f7d3c" />
    <UnitTestResult executionId="ead540f1-5999-4d87-b742-a83fd19cb1d4" testId="0a4e5b36-6578-df3d-cfd2-3d6ee660820a" testName="GetClusters_ExcludeFromClustering_OnlyClustersForExcludedItems (Data Row 2)" computerName="DKSR-EFI-06" duration="00:00:00.0088401" startTime="2024-01-09T15:47:07.4876662+01:00" endTime="2024-01-09T15:47:07.8627695+01:00" testType="13cdc9d9-ddb5-4fa4-a97d-d965ccfc6d4b" outcome="Passed" testListId="8c84fa94-04c1-424b-9868-57a2d4851a1d" relativeResultsDirectory="ead540f1-5999-4d87-b742-a83fd19cb1d4" />
    <UnitTestResult executionId="dc7613b6-4a69-4e4c-981d-63ebf1f9e10b" testId="a5317ab4-d180-d0ab-5f5b-a18f8fb41f6e" testName="TestConstructor_Success" computerName="DKSR-EFI-06" duration="00:00:00.0001437" startTime="2024-01-09T15:47:07.4720352+01:00" endTime="2024-01-09T15:47:07.4720352+01:00" testType="13cdc9d9-ddb5-4fa4-a97d-d965ccfc6d4b" outcome="Passed" testListId="8c84fa94-04c1-424b-9868-57a2d4851a1d" relativeResultsDirectory="dc7613b6-4a69-4e4c-981d-63ebf1f9e10b" />
    <UnitTestResult executionId="996e9dea-a796-4a60-a6fb-7e588feeeea9" testId="6ebc1c3a-7886-6ea1-878f-b64af57e9527" testName="Connect_SucceedeInConnectingWithWindowsUser_ShouldReturnTrue" computerName="DKSR-EFI-06" duration="00:00:00.0535204" startTime="2024-01-09T15:45:08.5293811+01:00" endTime="2024-01-09T15:45:08.5918823+01:00" testType="13cdc9d9-ddb5-4fa4-a97d-d965ccfc6d4b" outcome="Passed" testListId="8c84fa94-04c1-424b-9868-57a2d4851a1d" relativeResultsDirectory="996e9dea-a796-4a60-a6fb-7e588feeeea9" />
    <UnitTestResult executionId="78372f90-eff0-4bad-aeb6-55ce3c7c6377" testId="b39b8640-a4cc-96cc-891a-64310b2030c3" testName="SearchResultDetailsView_MouseDoubleClick_AnimationDisabled_DetailsViewRemovedFromDetailsViewControl" computerName="DKSR-EFI-06" startTime="2024-01-09T15:45:56.7043741+01:00" endTime="2024-01-09T15:45:56.7043741+01:00" testType="13cdc9d9-ddb5-4fa4-a97d-d965ccfc6d4b" outcome="NotExecuted" testListId="8c84fa94-04c1-424b-9868-57a2d4851a1d" relativeResultsDirectory="78372f90-eff0-4bad-aeb6-55ce3c7c6377">
      <Output></Output>
    </UnitTestResult>
    <UnitTestResult executionId="bf98bfcf-5388-4086-8b86-3cc4d29d3d8f" testId="82581c83-f8ac-d2d4-2282-bfb72f7ace78" testName="GeNumberOfMonitors_GetResolution_ShouldReturnValidValue" computerName="DKSR-EFI-06" duration="00:00:00.0020070" startTime="2024-01-09T15:47:17.3804136+01:00" endTime="2024-01-09T15:47:17.3960402+01:00" testType="13cdc9d9-ddb5-4fa4-a97d-d965ccfc6d4b" outcome="Passed" testListId="8c84fa94-04c1-424b-9868-57a2d4851a1d" relativeResultsDirectory="bf98bfcf-5388-4086-8b86-3cc4d29d3d8f" />
    <UnitTestResult executionId="ce05d5be-def1-4cae-857d-88506c9cedec" testId="9029e935-145d-d5fd-fae9-96c860349038" testName="GetClusters_AddedItems_ClustersForAddedItems (Data Row 13)" computerName="DKSR-EFI-06" duration="00:00:00.0155357" startTime="2024-01-09T15:47:09.0193458+01:00" endTime="2024-01-09T15:47:09.2381415+01:00" testType="13cdc9d9-ddb5-4fa4-a97d-d965ccfc6d4b" outcome="Passed" testListId="8c84fa94-04c1-424b-9868-57a2d4851a1d" relativeResultsDirectory="ce05d5be-def1-4cae-857d-88506c9cedec" />
    <UnitTestResult executionId="ff5c1d4b-eb15-415d-a747-089db110b523" testId="67dea1b0-7e98-e001-6bf4-02f00add95c5" testName="Password1 valid, Password 2 invalid, shorter length" computerName="DKSR-EFI-06" duration="00:00:00.0024154" startTime="2024-01-09T15:45:44.4047683+01:00" endTime="2024-01-09T15:45:44.4203980+01:00" testType="13cdc9d9-ddb5-4fa4-a97d-d965ccfc6d4b" outcome="Passed" testListId="8c84fa94-04c1-424b-9868-57a2d4851a1d" relativeResultsDirectory="ff5c1d4b-eb15-415d-a747-089db110b523" />
    <UnitTestResult executionId="6e0c271f-0882-4daa-a47b-1009912e3836" testId="7a648730-a880-ab42-6524-73337b3605fc" testName="ActiveIncomingMicrophones_ShouldHave_OneMicrophoneWhenMicrophoneIsUnmuted" computerName="DKSR-EFI-06" duration="00:00:00.0087241" startTime="2024-01-09T15:47:02.9862628+01:00" endTime="2024-01-09T15:47:02.9862628+01:00" testType="13cdc9d9-ddb5-4fa4-a97d-d965ccfc6d4b" outcome="Passed" testListId="8c84fa94-04c1-424b-9868-57a2d4851a1d" relativeResultsDirectory="6e0c271f-0882-4daa-a47b-1009912e3836" />
    <UnitTestResult executionId="cbde52d4-9ea1-4e9b-8a33-61c608225bc5" testId="00f3f438-e702-19f0-4f30-bd3e4320eea7" testName="ResolveBaseResultProperties_ShouldReturnASingleTriggerTime_WhenASingleSearchResultIsGiven" computerName="DKSR-EFI-06" duration="00:00:00.0033542" startTime="2024-01-09T15:46:43.9351174+01:00" endTime="2024-01-09T15:46:43.9351174+01:00" testType="13cdc9d9-ddb5-4fa4-a97d-d965ccfc6d4b" outcome="Passed" testListId="8c84fa94-04c1-424b-9868-57a2d4851a1d" relativeResultsDirectory="cbde52d4-9ea1-4e9b-8a33-61c608225bc5" />
    <UnitTestResult executionId="74504396-0d47-46af-afc4-eef4cd8ee34b" testId="9029e935-145d-d5fd-fae9-96c860349038" testName="GetClusters_AddedItems_ClustersForAddedItems (Data Row 15)" computerName="DKSR-EFI-06" duration="00:00:00.0096302" startTime="2024-01-09T15:47:09.0193458+01:00" endTime="2024-01-09T15:47:09.2381415+01:00" testType="13cdc9d9-ddb5-4fa4-a97d-d965ccfc6d4b" outcome="Passed" testListId="8c84fa94-04c1-424b-9868-57a2d4851a1d" relativeResultsDirectory="74504396-0d47-46af-afc4-eef4cd8ee34b" />
    <UnitTestResult executionId="21222852-1083-4f92-ba3b-a275fbc11e9e" testId="0fea2cc1-51cc-e0fa-152a-f6a58ad22a37" testName="DeviceIcons_ShouldHaveSevenElements_WhenCalled" computerName="DKSR-EFI-06" duration="00:00:00.0001617" startTime="2024-01-09T15:47:04.4242000+01:00" endTime="2024-01-09T15:47:04.4242000+01:00" testType="13cdc9d9-ddb5-4fa4-a97d-d965ccfc6d4b" outcome="Passed" testListId="8c84fa94-04c1-424b-9868-57a2d4851a1d" relativeResultsDirectory="21222852-1083-4f92-ba3b-a275fbc11e9e" />
    <UnitTestResult executionId="36c03149-f753-4354-bcb3-0b249e3d6d6f" testId="b063cbf8-fbea-b941-bdb6-591483cd4018" testName="CameraItemsLayer_NotIsGeographic_Load_Success" computerName="DKSR-EFI-06" duration="00:00:00.0157904" startTime="2024-01-09T15:47:01.2828921+01:00" endTime="2024-01-09T15:47:01.2985091+01:00" testType="13cdc9d9-ddb5-4fa4-a97d-d965ccfc6d4b" outcome="Passed" testListId="8c84fa94-04c1-424b-9868-57a2d4851a1d" relativeResultsDirectory="36c03149-f753-4354-bcb3-0b249e3d6d6f" />
    <UnitTestResult executionId="c96e9b83-d522-4c98-96a9-ed4dfe9d34c5" testId="866f7855-bb2c-7de3-0df1-014de8905cab" testName="GetDuration_SeveralDays_Success" computerName="DKSR-EFI-06" duration="00:00:00.0003628" startTime="2024-01-09T15:46:43.7632110+01:00" endTime="2024-01-09T15:46:43.7632110+01:00" testType="13cdc9d9-ddb5-4fa4-a97d-d965ccfc6d4b" outcome="Passed" testListId="8c84fa94-04c1-424b-9868-57a2d4851a1d" relativeResultsDirectory="c96e9b83-d522-4c98-96a9-ed4dfe9d34c5" />
    <UnitTestResult executionId="2962fb53-31bc-406b-ab57-8507e2476b80" testId="49c08253-b1e4-f17b-bbba-a7e45be6cbd0" testName="ToUnsafeName_NullName_Failure" computerName="DKSR-EFI-06" duration="00:00:00.0010029" startTime="2024-01-09T15:47:17.6616992+01:00" endTime="2024-01-09T15:47:17.6616992+01:00" testType="13cdc9d9-ddb5-4fa4-a97d-d965ccfc6d4b" outcome="Passed" testListId="8c84fa94-04c1-424b-9868-57a2d4851a1d" relativeResultsDirectory="2962fb53-31bc-406b-ab57-8507e2476b80" />
    <UnitTestResult executionId="ade1a309-0ed7-4480-a4f4-391536d2444d" testId="45bd735f-7812-dc55-613d-6b72234baad1" testName="BoundingBoxRefresh" computerName="DKSR-EFI-06" duration="00:00:00.0013892" startTime="2024-01-09T15:47:13.1921705+01:00" endTime="2024-01-09T15:47:13.1921705+01:00" testType="13cdc9d9-ddb5-4fa4-a97d-d965ccfc6d4b" outcome="Passed" testListId="8c84fa94-04c1-424b-9868-57a2d4851a1d" relativeResultsDirectory="ade1a309-0ed7-4480-a4f4-391536d2444d" />
    <UnitTestResult executionId="d379fb63-7477-4d29-9d55-59a09211ff6d" testId="65b86002-200e-c55e-a53f-146aec337152" testName="ScWorkSpaceModeChangedEvent_ShouldSetDeviceIsDisabledToTrue_WhenSwitchingToBrowseMode" computerName="DKSR-EFI-06" duration="00:00:00.0164512" startTime="2024-01-09T15:47:05.0650470+01:00" endTime="2024-01-09T15:47:05.0806770+01:00" testType="13cdc9d9-ddb5-4fa4-a97d-d965ccfc6d4b" outcome="Passed" testListId="8c84fa94-04c1-424b-9868-57a2d4851a1d" relativeResultsDirectory="d379fb63-7477-4d29-9d55-59a09211ff6d" />
    <UnitTestResult executionId="ebd78c5c-cab3-4219-b5f0-409d89b63c34" testId="cf2bce97-0784-515c-e2f5-b39bb123cf9f" testName="Constructor_ShouldRaiseArgumentNullException_WhenWorkroomIsNull" computerName="DKSR-EFI-06" duration="00:00:00.5733447" startTime="2024-01-09T15:45:28.8106677+01:00" endTime="2024-01-09T15:45:29.3887957+01:00" testType="13cdc9d9-ddb5-4fa4-a97d-d965ccfc6d4b" outcome="Passed" testListId="8c84fa94-04c1-424b-9868-57a2d4851a1d" relativeResultsDirectory="ebd78c5c-cab3-4219-b5f0-409d89b63c34" />
    <UnitTestResult executionId="740d7b16-91a8-435f-91cd-08df83d91322" testId="2e48f727-377d-16c5-c400-f5ba4ec6882c" testName="Command_WithInputValues_PluginInstanceActivateCalled" computerName="DKSR-EFI-06" duration="00:00:00.0031676" startTime="2024-01-09T15:46:36.1051763+01:00" endTime="2024-01-09T15:46:36.1051763+01:00" testType="13cdc9d9-ddb5-4fa4-a97d-d965ccfc6d4b" outcome="Passed" testListId="8c84fa94-04c1-424b-9868-57a2d4851a1d" relativeResultsDirectory="740d7b16-91a8-435f-91cd-08df83d91322" />
    <UnitTestResult executionId="3a9d5672-2a78-4db2-ac6a-ccceb7aea346" testId="91ccec24-6878-75d9-83f5-29ad2ed9f604" testName="SelectedDuration_ShouldRevertToPreviousSelection_WhenCustomIntervalSelectionIsCancelled" computerName="DKSR-EFI-06" duration="00:00:00.0130087" startTime="2024-01-09T15:46:37.8400253+01:00" endTime="2024-01-09T15:46:37.8556553+01:00" testType="13cdc9d9-ddb5-4fa4-a97d-d965ccfc6d4b" outcome="Passed" testListId="8c84fa94-04c1-424b-9868-57a2d4851a1d" relativeResultsDirectory="3a9d5672-2a78-4db2-ac6a-ccceb7aea346" />
    <UnitTestResult executionId="5aeaa314-5c4d-4a09-b8ff-37f0a31b27c2" testId="fcff554d-34c8-97ff-ebce-88a9ec7d660a" testName="MulticastInfoDto_ShouldYieldSameValues_WhenRoundTripConverted" computerName="DKSR-EFI-06" duration="00:00:00.0067078" startTime="2024-01-09T15:45:09.0137571+01:00" endTime="2024-01-09T15:45:09.0137571+01:00" testType="13cdc9d9-ddb5-4fa4-a97d-d965ccfc6d4b" outcome="Passed" testListId="8c84fa94-04c1-424b-9868-57a2d4851a1d" relativeResultsDirectory="5aeaa314-5c4d-4a09-b8ff-37f0a31b27c2" />
    <UnitTestResult executionId="4a3538ec-c751-4006-9da3-17ba36299d94" testId="7e7d56df-e811-fb96-c231-b34d18240573" testName="GetIndexExtent_MilestoneCampusZoomMax_MilestoneBuildingIsConvered" computerName="DKSR-EFI-06" duration="00:00:00.0003344" startTime="2024-01-09T15:47:08.7692756+01:00" endTime="2024-01-09T15:47:08.7692756+01:00" testType="13cdc9d9-ddb5-4fa4-a97d-d965ccfc6d4b" outcome="Passed" testListId="8c84fa94-04c1-424b-9868-57a2d4851a1d" relativeResultsDirectory="4a3538ec-c751-4006-9da3-17ba36299d94" />
    <UnitTestResult executionId="c0f1d153-d06b-4c1b-a3e8-6001c032be49" testId="4e54cb2c-d65b-9738-63c7-b5798acdd38c" testName="GetIndexCell_Milestone_Success" computerName="DKSR-EFI-06" duration="00:00:00.0003941" startTime="2024-01-09T15:47:08.7692756+01:00" endTime="2024-01-09T15:47:08.7692756+01:00" testType="13cdc9d9-ddb5-4fa4-a97d-d965ccfc6d4b" outcome="Passed" testListId="8c84fa94-04c1-424b-9868-57a2d4851a1d" relativeResultsDirectory="c0f1d153-d06b-4c1b-a3e8-6001c032be49" />
    <UnitTestResult executionId="2e021f06-5886-4afe-bb30-03e227a62239" testId="a6aa36e2-697d-2507-2a34-be6ba6cdbea9" testName="GeNumberOfMonitors_ShouldReturnValidValue" computerName="DKSR-EFI-06" duration="00:00:00.0047503" startTime="2024-01-09T15:47:17.3804136+01:00" endTime="2024-01-09T15:47:17.3804136+01:00" testType="13cdc9d9-ddb5-4fa4-a97d-d965ccfc6d4b" outcome="Passed" testListId="8c84fa94-04c1-424b-9868-57a2d4851a1d" relativeResultsDirectory="2e021f06-5886-4afe-bb30-03e227a62239" />
    <UnitTestResult executionId="cfebe4f3-53db-4fc1-8ff9-65532a5117c6" testId="d5380333-0029-a673-b16f-5047c88c70d6" testName="OnIsVisiblePropertyChanged_ShouldDeactivateSoundOfAllUnmutedMicrophones_WhenHidingMicrophonesLayer" computerName="DKSR-EFI-06" duration="00:00:00.0159772" startTime="2024-01-09T15:47:04.6430210+01:00" endTime="2024-01-09T15:47:04.6586545+01:00" testType="13cdc9d9-ddb5-4fa4-a97d-d965ccfc6d4b" outcome="Passed" testListId="8c84fa94-04c1-424b-9868-57a2d4851a1d" relativeResultsDirectory="cfebe4f3-53db-4fc1-8ff9-65532a5117c6" />
    <UnitTestResult executionId="d0262a73-d693-453d-9a8a-feda22c10d54" testId="ffa5f9ad-66df-b9a8-3ecf-eff774a0ebee" testName="BoundingBoxErrorOccurred" computerName="DKSR-EFI-06" duration="00:00:00.0059400" startTime="2024-01-09T15:47:13.3484520+01:00" endTime="2024-01-09T15:47:13.3640828+01:00" testType="13cdc9d9-ddb5-4fa4-a97d-d965ccfc6d4b" outcome="Passed" testListId="8c84fa94-04c1-424b-9868-57a2d4851a1d" relativeResultsDirectory="d0262a73-d693-453d-9a8a-feda22c10d54" />
    <UnitTestResult executionId="4dd4ae16-e6a7-4bae-a659-99598b3f9a5f" testId="84d62aca-a413-46a5-c8ba-3602e6cd8798" testName="CameraMapItem_ForceActivateAsync_InBuilding_UseLastLevel_Success" computerName="DKSR-EFI-06" duration="00:00:00.0176234" startTime="2024-01-09T15:47:02.6268325+01:00" endTime="2024-01-09T15:47:02.6424592+01:00" testType="13cdc9d9-ddb5-4fa4-a97d-d965ccfc6d4b" outcome="Passed" testListId="8c84fa94-04c1-424b-9868-57a2d4851a1d" relativeResultsDirectory="4dd4ae16-e6a7-4bae-a659-99598b3f9a5f" />
    <UnitTestResult executionId="ff94b433-18b0-4efe-a9d2-5b1ff19af601" testId="59a60e54-e35c-c435-6281-92cda5ac809d" testName="State_ShouldUpdateMicrophoneIconId_WhenSetToUnMute" computerName="DKSR-EFI-06" duration="00:00:00.0133070" startTime="2024-01-09T15:47:05.9403238+01:00" endTime="2024-01-09T15:47:05.9559516+01:00" testType="13cdc9d9-ddb5-4fa4-a97d-d965ccfc6d4b" outcome="Passed" testListId="8c84fa94-04c1-424b-9868-57a2d4851a1d" relativeResultsDirectory="ff94b433-18b0-4efe-a9d2-5b1ff19af601" />
    <UnitTestResult executionId="ce62802d-6e20-43e7-a775-d0286d05ebd1" testId="454652c1-c285-915f-adae-d89d6726087e" testName="SmartSearchStatusType_ShouldYieldSameValuesForAllEnumValues_WhenRoundTripConverted (SearchEndTimeReached,SearchEndTimeReached)" computerName="DKSR-EFI-06" duration="00:00:00.0000422" startTime="2024-01-09T15:45:09.2481315+01:00" endTime="2024-01-09T15:45:09.2481315+01:00" testType="13cdc9d9-ddb5-4fa4-a97d-d965ccfc6d4b" outcome="Passed" testListId="8c84fa94-04c1-424b-9868-57a2d4851a1d" relativeResultsDirectory="ce62802d-6e20-43e7-a775-d0286d05ebd1" />
    <UnitTestResult executionId="6c0570a9-74fe-4ef5-8a25-da6710389653" testId="8019e7cd-2b2b-285d-fe92-717617455fd4" testName="SmartMapSelectItemHandler_WhenDataIsValid_ShouldCallNavigateAndSelect" computerName="DKSR-EFI-06" duration="00:00:00.0231653" startTime="2024-01-09T15:45:38.8419182+01:00" endTime="2024-01-09T15:45:38.8575448+01:00" testType="13cdc9d9-ddb5-4fa4-a97d-d965ccfc6d4b" outcome="Passed" testListId="8c84fa94-04c1-424b-9868-57a2d4851a1d" relativeResultsDirectory="6c0570a9-74fe-4ef5-8a25-da6710389653" />
    <UnitTestResult executionId="abe06b6c-2720-473b-a917-1e8cd28681f5" testId="0a4e5b36-6578-df3d-cfd2-3d6ee660820a" testName="GetClusters_ExcludeFromClustering_OnlyClustersForExcludedItems (Data Row 17)" computerName="DKSR-EFI-06" duration="00:00:00.0084286" startTime="2024-01-09T15:47:07.4876662+01:00" endTime="2024-01-09T15:47:07.8627695+01:00" testType="13cdc9d9-ddb5-4fa4-a97d-d965ccfc6d4b" outcome="Passed" testListId="8c84fa94-04c1-424b-9868-57a2d4851a1d" relativeResultsDirectory="abe06b6c-2720-473b-a917-1e8cd28681f5" />
    <UnitTestResult executionId="fe2f5202-3c1f-4cc4-88a3-7241da7dad20" testId="a3b47612-c41f-b6f9-cd26-71a4607bc51d" testName="SearchFilterCategoryGet_TwoSearchAgentsWithOverlappingFilters_AllFiltersAdded" computerName="DKSR-EFI-06" duration="00:00:00.0028635" startTime="2024-01-09T15:46:59.4076068+01:00" endTime="2024-01-09T15:46:59.4232317+01:00" testType="13cdc9d9-ddb5-4fa4-a97d-d965ccfc6d4b" outcome="Passed" testListId="8c84fa94-04c1-424b-9868-57a2d4851a1d" relativeResultsDirectory="fe2f5202-3c1f-4cc4-88a3-7241da7dad20" />
    <UnitTestResult executionId="8a7132c4-9522-43ab-b961-66ebd338e4e4" testId="9029e935-145d-d5fd-fae9-96c860349038" testName="GetClusters_AddedItems_ClustersForAddedItems (Data Row 8)" computerName="DKSR-EFI-06" duration="00:00:00.0096685" startTime="2024-01-09T15:47:09.0193458+01:00" endTime="2024-01-09T15:47:09.2381415+01:00" testType="13cdc9d9-ddb5-4fa4-a97d-d965ccfc6d4b" outcome="Passed" testListId="8c84fa94-04c1-424b-9868-57a2d4851a1d" relativeResultsDirectory="8a7132c4-9522-43ab-b961-66ebd338e4e4" />
    <UnitTestResult executionId="e6d20f15-49e8-4548-9143-3480c891cdbc" testId="24de239e-634e-94d1-f05a-2dd6d4c77c91" testName="Parse_TwelveHours_Success" computerName="DKSR-EFI-06" duration="00:00:00.0000840" startTime="2024-01-09T15:46:44.3883220+01:00" endTime="2024-01-09T15:46:44.3883220+01:00" testType="13cdc9d9-ddb5-4fa4-a97d-d965ccfc6d4b" outcome="Passed" testListId="8c84fa94-04c1-424b-9868-57a2d4851a1d" relativeResultsDirectory="e6d20f15-49e8-4548-9143-3480c891cdbc" />
    <UnitTestResult executionId="6eae1b52-47f3-4a04-90c4-911918005f01" testId="f2392ab0-78ba-8d94-1e9f-3ff53d3d1da4" testName="AddSelectedCameras_AddedUnsorted_Sorted" computerName="DKSR-EFI-06" duration="00:00:00.0125349" startTime="2024-01-09T15:46:37.7150094+01:00" endTime="2024-01-09T15:46:37.7306331+01:00" testType="13cdc9d9-ddb5-4fa4-a97d-d965ccfc6d4b" outcome="Passed" testListId="8c84fa94-04c1-424b-9868-57a2d4851a1d" relativeResultsDirectory="6eae1b52-47f3-4a04-90c4-911918005f01" />
    <UnitTestResult executionId="c8ae0f28-23ce-4821-8896-e4d144276dd7" testId="9091bca7-c5dc-fba1-fee5-e99fb48d96dc" testName="BookmarkSearchTime_WithSearchStringInDifferentCases_ReturnCorrectBookmarkWithSearchStringInHeader (SeArChStRiNg,False,False,False,True,,,0)" computerName="DKSR-EFI-06" duration="00:00:00.0052073" startTime="2024-01-09T15:47:12.8639793+01:00" endTime="2024-01-09T15:47:12.8796086+01:00" testType="13cdc9d9-ddb5-4fa4-a97d-d965ccfc6d4b" outcome="Passed" testListId="8c84fa94-04c1-424b-9868-57a2d4851a1d" relativeResultsDirectory="c8ae0f28-23ce-4821-8896-e4d144276dd7" />
    <UnitTestResult executionId="cbc311da-abc8-4ad2-bf39-ed79e8c3b141" testId="113f0a6f-863e-d128-89b6-fd830e00edfd" testName="DoubleClickOnPreviewPlayer_ShouldNotOpenDetailsView_WhenFocusedItemIsNull" computerName="DKSR-EFI-06" duration="00:00:01.2400948" startTime="2024-01-09T15:46:10.5204656+01:00" endTime="2024-01-09T15:46:11.7707080+01:00" testType="13cdc9d9-ddb5-4fa4-a97d-d965ccfc6d4b" outcome="Passed" testListId="8c84fa94-04c1-424b-9868-57a2d4851a1d" relativeResultsDirectory="cbc311da-abc8-4ad2-bf39-ed79e8c3b141" />
    <UnitTestResult executionId="53ad2091-800b-46e2-bcbb-b93c2f7a49e5" testId="0aa70671-374f-7770-8a94-a9ce6a48572f" testName="OnIsVisiblePropertyChanged_ShouldActivateSoundOfAllUnmutedMicrophones_WhenShowingMicrophonesLayer" computerName="DKSR-EFI-06" duration="00:00:00.0122243" startTime="2024-01-09T15:47:04.6586545+01:00" endTime="2024-01-09T15:47:04.6742847+01:00" testType="13cdc9d9-ddb5-4fa4-a97d-d965ccfc6d4b" outcome="Passed" testListId="8c84fa94-04c1-424b-9868-57a2d4851a1d" relativeResultsDirectory="53ad2091-800b-46e2-bcbb-b93c2f7a49e5" />
    <UnitTestResult executionId="cafd3cfe-3c59-4dd8-92e6-709764ba40c9" testId="4c079a3c-32b1-18a2-0888-498e65e1e695" testName="AddSelectedCameras_TooManyCamerasMultiple_AddedUntilMaxAndWarningMessageDisplayed" computerName="DKSR-EFI-06" duration="00:00:00.0338138" startTime="2024-01-09T15:46:36.7928708+01:00" endTime="2024-01-09T15:46:36.8397596+01:00" testType="13cdc9d9-ddb5-4fa4-a97d-d965ccfc6d4b" outcome="Passed" testListId="8c84fa94-04c1-424b-9868-57a2d4851a1d" relativeResultsDirectory="cafd3cfe-3c59-4dd8-92e6-709764ba40c9" />
    <UnitTestResult executionId="8c4038a8-7cba-4d7d-b5b8-6b957ca722ad" testId="40975595-da4a-f761-4446-28adcce54b50" testName="MergeOptionNodes_ShouldMergeOptionsFromOldKeyAndNewKey_WhenBothSettingsHaveOptionsAndEmptyNamespaceAddedToOptionsElement" computerName="DKSR-EFI-06" duration="00:00:00.0005953" startTime="2024-01-09T15:47:12.0200528+01:00" endTime="2024-01-09T15:47:12.0200528+01:00" testType="13cdc9d9-ddb5-4fa4-a97d-d965ccfc6d4b" outcome="Passed" testListId="8c84fa94-04c1-424b-9868-57a2d4851a1d" relativeResultsDirectory="8c4038a8-7cba-4d7d-b5b8-6b957ca722ad" />
    <UnitTestResult executionId="2cd4270d-01b9-4703-8acd-4a6e5cc9b3ac" testId="1cdbc1c1-e214-17d8-9ab0-1390398a8948" testName="CreateSearchAttributeEditControl_UnmappedConfiguration_ReturnsNull" computerName="DKSR-EFI-06" duration="00:00:00.0114704" startTime="2024-01-09T15:46:59.9233198+01:00" endTime="2024-01-09T15:46:59.9389452+01:00" testType="13cdc9d9-ddb5-4fa4-a97d-d965ccfc6d4b" outcome="Passed" testListId="8c84fa94-04c1-424b-9868-57a2d4851a1d" relativeResultsDirectory="2cd4270d-01b9-4703-8acd-4a6e5cc9b3ac" />
    <UnitTestResult executionId="447ce459-8f1e-4997-a113-75dfe7caceb0" testId="9cc6be48-d93e-7fa9-ac2d-151cc03c3ec0" testName="Compare_Descending_Success" computerName="DKSR-EFI-06" duration="00:00:00.0004455" startTime="2024-01-09T15:46:45.4822521+01:00" endTime="2024-01-09T15:46:45.4822521+01:00" testType="13cdc9d9-ddb5-4fa4-a97d-d965ccfc6d4b" outcome="Passed" testListId="8c84fa94-04c1-424b-9868-57a2d4851a1d" relativeResultsDirectory="447ce459-8f1e-4997-a113-75dfe7caceb0" />
    <UnitTestResult executionId="24f169eb-383c-4317-b21f-0805226ffcd7" testId="ec512750-1b3e-ee37-48da-474be022f3c4" testName="OnMarkerRightClicked_ShouldUseCrossTypeMenuItems_WhenInSetupModeAndMultipleItemsFromDifferentLayersAreSelected" computerName="DKSR-EFI-06" duration="00:00:00.0172653" startTime="2024-01-09T15:45:33.5138599+01:00" endTime="2024-01-09T15:45:33.5294193+01:00" testType="13cdc9d9-ddb5-4fa4-a97d-d965ccfc6d4b" outcome="Passed" testListId="8c84fa94-04c1-424b-9868-57a2d4851a1d" relativeResultsDirectory="24f169eb-383c-4317-b21f-0805226ffcd7" />
    <UnitTestResult executionId="66108b25-32f0-4526-a4fa-a972e3b0a834" testId="0ba8e521-cdf8-1d32-c711-88b35489e15b" testName="CreateExportDialog_CannotCreateExport_WithNoDestinationsSelected" computerName="DKSR-EFI-06" duration="00:00:00.0092238" startTime="2024-01-09T15:45:42.6231683+01:00" endTime="2024-01-09T15:45:42.6387933+01:00" testType="13cdc9d9-ddb5-4fa4-a97d-d965ccfc6d4b" outcome="Passed" testListId="8c84fa94-04c1-424b-9868-57a2d4851a1d" relativeResultsDirectory="66108b25-32f0-4526-a4fa-a972e3b0a834" />
    <UnitTestResult executionId="cf3ab069-660d-4a30-9c4a-1e18f66f18e5" testId="2960add4-9952-f70d-dcad-c47d9da5fd58" testName="SelectTemplate_RegionSelectionFilterConfiguration_ReturnsPopupTemplate" computerName="DKSR-EFI-06" duration="00:00:00.0014616" startTime="2024-01-09T15:45:45.1862613+01:00" endTime="2024-01-09T15:45:45.2018912+01:00" testType="13cdc9d9-ddb5-4fa4-a97d-d965ccfc6d4b" outcome="Passed" testListId="8c84fa94-04c1-424b-9868-57a2d4851a1d" relativeResultsDirectory="cf3ab069-660d-4a30-9c4a-1e18f66f18e5" />
    <UnitTestResult executionId="c28c3f28-8c41-4cc2-a5d2-79563c9b23f7" testId="a2a9cc5c-ea62-0899-d27a-81da48bb47d1" testName="IgnoredFiltersChanged_WarningTextChanges" computerName="DKSR-EFI-06" duration="00:00:00.0281656" startTime="2024-01-09T15:46:34.3546260+01:00" endTime="2024-01-09T15:46:34.3858971+01:00" testType="13cdc9d9-ddb5-4fa4-a97d-d965ccfc6d4b" outcome="Passed" testListId="8c84fa94-04c1-424b-9868-57a2d4851a1d" relativeResultsDirectory="c28c3f28-8c41-4cc2-a5d2-79563c9b23f7" />
    <UnitTestResult executionId="9756db11-855d-4033-9816-56ad8f461adb" testId="1d30d716-63ba-8629-37de-621fcc2f5f57" testName="IsProcessing_AddResults_Success" computerName="DKSR-EFI-06" duration="00:00:00.0023297" startTime="2024-01-09T15:46:45.2009624+01:00" endTime="2024-01-09T15:46:45.2009624+01:00" testType="13cdc9d9-ddb5-4fa4-a97d-d965ccfc6d4b" outcome="Passed" testListId="8c84fa94-04c1-424b-9868-57a2d4851a1d" relativeResultsDirectory="9756db11-855d-4033-9816-56ad8f461adb" />
    <UnitTestResult executionId="bc6ede63-00b5-4e93-a649-5c41bf3ff65e" testId="56ff3fa9-0890-e06e-62f8-d4c54f830dfc" testName="SearchTemplatesEnabled_SaveSearchesServerOptionIsTrue_ReturnsTrue" computerName="DKSR-EFI-06" duration="00:00:00.0108512" startTime="2024-01-09T15:46:38.5746333+01:00" endTime="2024-01-09T15:46:38.5902310+01:00" testType="13cdc9d9-ddb5-4fa4-a97d-d965ccfc6d4b" outcome="Passed" testListId="8c84fa94-04c1-424b-9868-57a2d4851a1d" relativeResultsDirectory="bc6ede63-00b5-4e93-a649-5c41bf3ff65e" />
    <UnitTestResult executionId="e3cfaf66-23b9-461e-b54c-6d107707f4e7" testId="73ba8d8b-63f0-7559-fdd9-22c8ccb33146" testName="UpdateItemState_Hidden_NullCamera" computerName="DKSR-EFI-06" duration="00:00:00.0008030" startTime="2024-01-09T15:47:15.4738392+01:00" endTime="2024-01-09T15:47:15.4738392+01:00" testType="13cdc9d9-ddb5-4fa4-a97d-d965ccfc6d4b" outcome="Passed" testListId="8c84fa94-04c1-424b-9868-57a2d4851a1d" relativeResultsDirectory="e3cfaf66-23b9-461e-b54c-6d107707f4e7" />
    <UnitTestResult executionId="9b8450f6-487d-4883-93dd-b7bdb7a08b8d" testId="873b07ed-167b-fa39-bd63-4c1afd4d93c5" testName="HandleGetLayerFeatures_ShouldRaiseArgumentException_WhenNotOutputKind" computerName="DKSR-EFI-06" duration="00:00:00.0014366" startTime="2024-01-09T15:47:07.2219688+01:00" endTime="2024-01-09T15:47:07.2219688+01:00" testType="13cdc9d9-ddb5-4fa4-a97d-d965ccfc6d4b" outcome="Passed" testListId="8c84fa94-04c1-424b-9868-57a2d4851a1d" relativeResultsDirectory="9b8450f6-487d-4883-93dd-b7bdb7a08b8d" />
    <UnitTestResult executionId="7adce16a-7b1f-4eab-87ae-aa622e88df0d" testId="f27b2734-7e6c-c464-7643-e40625bfd46a" testName="TestImplicitOperator_Position2D_Success" computerName="DKSR-EFI-06" duration="00:00:00.0003660" startTime="2024-01-09T15:47:02.9237507+01:00" endTime="2024-01-09T15:47:02.9237507+01:00" testType="13cdc9d9-ddb5-4fa4-a97d-d965ccfc6d4b" outcome="Passed" testListId="8c84fa94-04c1-424b-9868-57a2d4851a1d" relativeResultsDirectory="7adce16a-7b1f-4eab-87ae-aa622e88df0d" />
    <UnitTestResult executionId="3e83b774-ac1f-484c-9ea2-eec5c1df49e8" testId="53185803-f30d-3a94-55f9-276f689abca4" testName="GetWorkspaceToolbarItems_ShouldReturnGroupedToolbarItemAsHidden_WhenAllSubItemsAreHidden" computerName="DKSR-EFI-06" duration="00:00:00.0017953" startTime="2024-01-09T15:47:10.3477932+01:00" endTime="2024-01-09T15:47:10.3477932+01:00" testType="13cdc9d9-ddb5-4fa4-a97d-d965ccfc6d4b" outcome="Passed" testListId="8c84fa94-04c1-424b-9868-57a2d4851a1d" relativeResultsDirectory="3e83b774-ac1f-484c-9ea2-eec5c1df49e8" />
    <UnitTestResult executionId="a4c5745b-a99a-4185-9828-c397f6ad9c5d" testId="4a1a72a9-3748-b54f-9812-2fd52873801b" testName="HandleGetDeviceData_ShouldReturnNotFoundDeviceData_WhenInputKindAndNonExistingInputId" computerName="DKSR-EFI-06" duration="00:00:00.0990458" startTime="2024-01-09T15:45:41.2012965+01:00" endTime="2024-01-09T15:45:41.2950434+01:00" testType="13cdc9d9-ddb5-4fa4-a97d-d965ccfc6d4b" outcome="Passed" testListId="8c84fa94-04c1-424b-9868-57a2d4851a1d" relativeResultsDirectory="a4c5745b-a99a-4185-9828-c397f6ad9c5d" />
    <UnitTestResult executionId="f12d8156-37d8-42a8-866d-8a034808cef8" testId="a27dcab4-fe50-bb56-8a65-057bfb64a1f4" testName="ActivatedOutputIconsId_ShouldReturnUnDeactivatedIconsInAProperOrder_WhenCalled" computerName="DKSR-EFI-06" duration="00:00:00.0007722" startTime="2024-01-09T15:47:04.4867206+01:00" endTime="2024-01-09T15:47:04.4867206+01:00" testType="13cdc9d9-ddb5-4fa4-a97d-d965ccfc6d4b" outcome="Passed" testListId="8c84fa94-04c1-424b-9868-57a2d4851a1d" relativeResultsDirectory="f12d8156-37d8-42a8-866d-8a034808cef8" />
    <UnitTestResult executionId="e6e1e61f-a133-4f50-a63f-28061e729148" testId="d64e21f7-4ea3-a5fe-a361-c369ca14a84e" testName="GisMapLayerSource_CreateFrom_Success" computerName="DKSR-EFI-06" duration="00:00:00.0107495" startTime="2024-01-09T15:47:03.1425268+01:00" endTime="2024-01-09T15:47:03.1581608+01:00" testType="13cdc9d9-ddb5-4fa4-a97d-d965ccfc6d4b" outcome="Passed" testListId="8c84fa94-04c1-424b-9868-57a2d4851a1d" relativeResultsDirectory="e6e1e61f-a133-4f50-a63f-28061e729148" />
    <UnitTestResult executionId="6655fa47-71d7-4c2d-82dd-18cde51f8f77" testId="311fde88-c34a-c749-87ef-d691bdbb01e5" testName="SearchResultsActionBarActions_DeleteBookmark_SingleResult_DeleteBookmarkInvoked" computerName="DKSR-EFI-06" duration="00:00:00.0363268" startTime="2024-01-09T15:46:35.9332464+01:00" endTime="2024-01-09T15:46:35.9801702+01:00" testType="13cdc9d9-ddb5-4fa4-a97d-d965ccfc6d4b" outcome="Passed" testListId="8c84fa94-04c1-424b-9868-57a2d4851a1d" relativeResultsDirectory="6655fa47-71d7-4c2d-82dd-18cde51f8f77" />
    <UnitTestResult executionId="896867ac-0ae8-410b-b4bc-7bf92177c3de" testId="a6af3342-e82c-99d7-7280-f0bc3b6ef111" testName="SupportsDoubleClick_ShouldBeTrue_WhenInteractionStateIsNewDevice" computerName="DKSR-EFI-06" duration="00:00:00.0462573" startTime="2024-01-09T15:45:35.8887949+01:00" endTime="2024-01-09T15:45:35.9356722+01:00" testType="13cdc9d9-ddb5-4fa4-a97d-d965ccfc6d4b" outcome="Passed" testListId="8c84fa94-04c1-424b-9868-57a2d4851a1d" relativeResultsDirectory="896867ac-0ae8-410b-b4bc-7bf92177c3de" />
    <UnitTestResult executionId="d71e8905-ce6b-45d6-aa19-91d0d3ff9193" testId="9a284a1d-156e-907f-d45e-bf23dce7a8b2" testName="HandleGetLayerFeatures_ShouldRaiseArgumentException_WhenNotInputKind" computerName="DKSR-EFI-06" duration="00:00:00.0010807" startTime="2024-01-09T15:47:07.1750799+01:00" endTime="2024-01-09T15:47:07.1750799+01:00" testType="13cdc9d9-ddb5-4fa4-a97d-d965ccfc6d4b" outcome="Passed" testListId="8c84fa94-04c1-424b-9868-57a2d4851a1d" relativeResultsDirectory="d71e8905-ce6b-45d6-aa19-91d0d3ff9193" />
    <UnitTestResult executionId="0eaaa6be-4d7e-45ea-b490-cb84ac4a98a1" testId="6e773555-d3bc-18e6-58f4-6a33d2e565e0" testName="CreateExportDialog_CanCreateExport_WithDefaults" computerName="DKSR-EFI-06" duration="00:00:00.1335842" startTime="2024-01-09T15:45:42.4669195+01:00" endTime="2024-01-09T15:45:42.5919214+01:00" testType="13cdc9d9-ddb5-4fa4-a97d-d965ccfc6d4b" outcome="Passed" testListId="8c84fa94-04c1-424b-9868-57a2d4851a1d" relativeResultsDirectory="0eaaa6be-4d7e-45ea-b490-cb84ac4a98a1" />
    <UnitTestResult executionId="d53aaa4d-792a-47fc-bfb8-4f5a57bb857d" testId="2d399f3a-cd79-9af4-db68-ab2622857a87" testName="SupportsRightClick_ShouldBeFalse_WhenInteractionStateIsNotNormal" computerName="DKSR-EFI-06" duration="00:00:00.0507518" startTime="2024-01-09T15:45:37.3575461+01:00" endTime="2024-01-09T15:45:37.4044235+01:00" testType="13cdc9d9-ddb5-4fa4-a97d-d965ccfc6d4b" outcome="Passed" testListId="8c84fa94-04c1-424b-9868-57a2d4851a1d" relativeResultsDirectory="d53aaa4d-792a-47fc-bfb8-4f5a57bb857d" />
    <UnitTestResult executionId="60f96659-6f21-4585-b8b3-f7506830b5ac" testId="a1f63b95-bed0-b504-3aa1-12bbb203c9f9" testName="HandleSetLayerFeatures_ShouldRaiseArgumentException_WhenNotOutputKindAndOutputLayerFeatures" computerName="DKSR-EFI-06" duration="00:00:00.0014046" startTime="2024-01-09T15:47:07.2376036+01:00" endTime="2024-01-09T15:47:07.2376036+01:00" testType="13cdc9d9-ddb5-4fa4-a97d-d965ccfc6d4b" outcome="Passed" testListId="8c84fa94-04c1-424b-9868-57a2d4851a1d" relativeResultsDirectory="60f96659-6f21-4585-b8b3-f7506830b5ac" />
    <UnitTestResult executionId="4fbd6193-05c6-428b-b227-a7c03e3b74ed" testId="57e42158-c478-d557-913f-3f7cb2a55e4f" testName="Dispose_ShouldDetachOnUpdateMutedMicrophonesRaised_WhenCalled" computerName="DKSR-EFI-06" duration="00:00:00.0131607" startTime="2024-01-09T15:47:04.8774774+01:00" endTime="2024-01-09T15:47:04.8931136+01:00" testType="13cdc9d9-ddb5-4fa4-a97d-d965ccfc6d4b" outcome="Passed" testListId="8c84fa94-04c1-424b-9868-57a2d4851a1d" relativeResultsDirectory="4fbd6193-05c6-428b-b227-a7c03e3b74ed" />
    <UnitTestResult executionId="bcf8383b-fa5c-4d58-be71-adaae016ded4" testId="204823b6-de51-5dbf-961f-bc00c64fcbfd" testName="GetSearchTemplateAsync_EmptyParameters_Success" computerName="DKSR-EFI-06" duration="00:00:00.0011050" startTime="2024-01-09T15:46:44.2945507+01:00" endTime="2024-01-09T15:46:44.2945507+01:00" testType="13cdc9d9-ddb5-4fa4-a97d-d965ccfc6d4b" outcome="Passed" testListId="8c84fa94-04c1-424b-9868-57a2d4851a1d" relativeResultsDirectory="bcf8383b-fa5c-4d58-be71-adaae016ded4" />
    <UnitTestResult executionId="d132fa91-cf00-4faf-b875-abecb74cd397" testId="3f349f22-910e-6467-945d-edabf65aa707" testName="AddSelectedWindowsToExport_ShouldShowCorrectToastMessages (0,5,5)" computerName="DKSR-EFI-06" duration="00:00:00.0055297" startTime="2024-01-09T15:47:11.8325090+01:00" endTime="2024-01-09T15:47:11.8325090+01:00" testType="13cdc9d9-ddb5-4fa4-a97d-d965ccfc6d4b" outcome="Passed" testListId="8c84fa94-04c1-424b-9868-57a2d4851a1d" relativeResultsDirectory="d132fa91-cf00-4faf-b875-abecb74cd397" />
    <UnitTestResult executionId="ad168b91-5eff-439a-ba7e-8f16f9f538c3" testId="f41a40ab-384f-e635-88d2-0deb0549b00c" testName="PatrollingStepViewModel_WaitTime" computerName="DKSR-EFI-06" duration="00:00:00.0022991" startTime="2024-01-09T15:47:09.6913868+01:00" endTime="2024-01-09T15:47:09.6913868+01:00" testType="13cdc9d9-ddb5-4fa4-a97d-d965ccfc6d4b" outcome="Passed" testListId="8c84fa94-04c1-424b-9868-57a2d4851a1d" relativeResultsDirectory="ad168b91-5eff-439a-ba7e-8f16f9f538c3" />
    <UnitTestResult executionId="8a006884-c72d-4b1c-b9ab-6c160db6e574" testId="dbc1a342-48a8-affa-8d55-c00e2654c55f" testName="ScWorkSpaceModeChangedEvent_ShouldSetDeviceIsDisabledToFalse_WhenSwitchingToLiveModeAndDeviceIsDisabled" computerName="DKSR-EFI-06" duration="00:00:00.0130462" startTime="2024-01-09T15:47:05.1119263+01:00" endTime="2024-01-09T15:47:05.1275597+01:00" testType="13cdc9d9-ddb5-4fa4-a97d-d965ccfc6d4b" outcome="Passed" testListId="8c84fa94-04c1-424b-9868-57a2d4851a1d" relativeResultsDirectory="8a006884-c72d-4b1c-b9ab-6c160db6e574" />
    <UnitTestResult executionId="c4fc2541-046f-47f0-9677-b2da60c162f2" testId="b960a51a-07ce-5c77-9c47-9b7d49f68b04" testName="GetBoundingShapesPathsAsync_ShouldGetBoundingShapesFromFromMetadataObjectsSourceOnly_WhenOnlyFromMetadataObjectsSourceIsPassedIn" computerName="DKSR-EFI-06" duration="00:00:00.0023344" startTime="2024-01-09T15:46:43.8882355+01:00" endTime="2024-01-09T15:46:43.8882355+01:00" testType="13cdc9d9-ddb5-4fa4-a97d-d965ccfc6d4b" outcome="Passed" testListId="8c84fa94-04c1-424b-9868-57a2d4851a1d" relativeResultsDirectory="c4fc2541-046f-47f0-9677-b2da60c162f2" />
    <UnitTestResult executionId="f487ff7b-3550-4247-8e7c-fe7cd355b409" testId="400c5eaf-48ad-3c64-9e1d-3969836d1b6d" testName="SupportsDoubleClick_ShouldBeTrue_WhenInteractionStateIsNormal" computerName="DKSR-EFI-06" duration="00:00:00.0746623" startTime="2024-01-09T15:45:36.3575461+01:00" endTime="2024-01-09T15:45:36.4356705+01:00" testType="13cdc9d9-ddb5-4fa4-a97d-d965ccfc6d4b" outcome="Passed" testListId="8c84fa94-04c1-424b-9868-57a2d4851a1d" relativeResultsDirectory="f487ff7b-3550-4247-8e7c-fe7cd355b409" />
    <UnitTestResult executionId="89744d41-bd22-458e-9b8e-505c327a6b54" testId="738cbe03-e159-a418-8d3e-aaea3bd6f9f5" testName="GetOsmServerAddress_ShouldReturnAlternativeServerValue_WhenGeographicLayerIsUnavailable" computerName="DKSR-EFI-06" duration="00:00:00.0008370" startTime="2024-01-09T15:47:07.2844893+01:00" endTime="2024-01-09T15:47:07.2844893+01:00" testType="13cdc9d9-ddb5-4fa4-a97d-d965ccfc6d4b" outcome="Passed" testListId="8c84fa94-04c1-424b-9868-57a2d4851a1d" relativeResultsDirectory="89744d41-bd22-458e-9b8e-505c327a6b54" />
    <UnitTestResult executionId="ed1dc4df-0588-421f-ac3d-a1a727087030" testId="eaa1d30c-5f58-30c3-2f20-3844e46318d4" testName="Initial_Result_Object_Correct" computerName="DKSR-EFI-06" duration="00:00:00.1141901" startTime="2024-01-09T15:47:17.9742405+01:00" endTime="2024-01-09T15:47:18.0992655+01:00" testType="13cdc9d9-ddb5-4fa4-a97d-d965ccfc6d4b" outcome="Passed" testListId="8c84fa94-04c1-424b-9868-57a2d4851a1d" relativeResultsDirectory="ed1dc4df-0588-421f-ac3d-a1a727087030" />
    <UnitTestResult executionId="975b17d3-bfc2-4dfa-a907-420f327f68bc" testId="489bb6c1-57c4-1ecc-b27a-2b7660cd9960" testName="ValidateExportFormats_SmartClientPlayerFormat_ShouldReturnFailResult_ProjectCommentRequired" computerName="DKSR-EFI-06" duration="00:00:00.0169660" startTime="2024-01-09T15:45:44.2015789+01:00" endTime="2024-01-09T15:45:44.2172061+01:00" testType="13cdc9d9-ddb5-4fa4-a97d-d965ccfc6d4b" outcome="Passed" testListId="8c84fa94-04c1-424b-9868-57a2d4851a1d" relativeResultsDirectory="975b17d3-bfc2-4dfa-a907-420f327f68bc" />
    <UnitTestResult executionId="8cb1690c-a399-47b3-9dc2-36719845019f" testId="618671da-f82c-c489-4e50-3ec438e9a9d0" testName="Connect_SucceedeInConnectingWithOAuthSecure_ShouldReturnTrue" computerName="DKSR-EFI-06" duration="00:00:00.0432203" startTime="2024-01-09T15:45:08.7168827+01:00" endTime="2024-01-09T15:45:08.7637557+01:00" testType="13cdc9d9-ddb5-4fa4-a97d-d965ccfc6d4b" outcome="Passed" testListId="8c84fa94-04c1-424b-9868-57a2d4851a1d" relativeResultsDirectory="8cb1690c-a399-47b3-9dc2-36719845019f" />
    <UnitTestResult executionId="9925ede5-c969-4dca-90a0-fd9efef599bb" testId="18ef78f3-1eb2-cc48-74e1-3d0d69ec27f2" testName="LoadStateFrom_OrderResultsBy_Success" computerName="DKSR-EFI-06" duration="00:00:00.0113592" startTime="2024-01-09T15:46:36.2302095+01:00" endTime="2024-01-09T15:46:36.2459992+01:00" testType="13cdc9d9-ddb5-4fa4-a97d-d965ccfc6d4b" outcome="Passed" testListId="8c84fa94-04c1-424b-9868-57a2d4851a1d" relativeResultsDirectory="9925ede5-c969-4dca-90a0-fd9efef599bb" />
    <UnitTestResult executionId="2d7ac572-58c8-4afa-b042-9f9fdb1b314e" testId="d974494d-63ae-7806-8273-c958d7210490" testName="FromByteArray_Success" computerName="DKSR-EFI-06" duration="00:00:00.0084851" startTime="2024-01-09T15:47:15.1456627+01:00" endTime="2024-01-09T15:47:15.1612872+01:00" testType="13cdc9d9-ddb5-4fa4-a97d-d965ccfc6d4b" outcome="Passed" testListId="8c84fa94-04c1-424b-9868-57a2d4851a1d" relativeResultsDirectory="2d7ac572-58c8-4afa-b042-9f9fdb1b314e" />
    <UnitTestResult executionId="23e84574-6751-46ae-8262-920788a90b27" testId="9b908469-0451-8cb6-bea4-479be46ad482" testName="OnLoaded_ValidConfigurationInlineEdit_InlineAttributeEditControlSet" computerName="DKSR-EFI-06" duration="00:00:00.7065302" startTime="2024-01-09T15:45:46.6398149+01:00" endTime="2024-01-09T15:45:47.3431323+01:00" testType="13cdc9d9-ddb5-4fa4-a97d-d965ccfc6d4b" outcome="Passed" testListId="8c84fa94-04c1-424b-9868-57a2d4851a1d" relativeResultsDirectory="23e84574-6751-46ae-8262-920788a90b27" />
    <UnitTestResult executionId="c0ca7130-05c0-4015-9ee2-1e6a99be5549" testId="ed35a7f0-03d4-ea75-0507-862afb897619" testName="RemoveAttributeValueCommand_NotNullValue_AttributeValueCleared" computerName="DKSR-EFI-06" duration="00:00:00.0014770" startTime="2024-01-09T15:46:34.4327734+01:00" endTime="2024-01-09T15:46:34.4484132+01:00" testType="13cdc9d9-ddb5-4fa4-a97d-d965ccfc6d4b" outcome="Passed" testListId="8c84fa94-04c1-424b-9868-57a2d4851a1d" relativeResultsDirectory="c0ca7130-05c0-4015-9ee2-1e6a99be5549" />
    <UnitTestResult executionId="338e58e3-bc57-4055-8542-f79cfeeda8d3" testId="903b9858-a52e-2d97-0254-7f3a20fa6f17" testName="DisplayErrorOnNotificationArea_UnauthorizedDeviceAccessSearchError_Success" computerName="DKSR-EFI-06" duration="00:00:00.0102867" startTime="2024-01-09T15:46:38.3088969+01:00" endTime="2024-01-09T15:46:38.3245304+01:00" testType="13cdc9d9-ddb5-4fa4-a97d-d965ccfc6d4b" outcome="Passed" testListId="8c84fa94-04c1-424b-9868-57a2d4851a1d" relativeResultsDirectory="338e58e3-bc57-4055-8542-f79cfeeda8d3" />
    <UnitTestResult executionId="ca449389-cc3d-4020-9d6d-2475c38ea45b" testId="1663762a-2500-b801-aa4a-60e46d01fc4b" testName="ModelSerialization_DeserializeSerialize_SerializationXmlIsSame" computerName="DKSR-EFI-06" duration="00:00:00.0673109" startTime="2024-01-09T15:46:44.9977926+01:00" endTime="2024-01-09T15:46:45.0759341+01:00" testType="13cdc9d9-ddb5-4fa4-a97d-d965ccfc6d4b" outcome="Passed" testListId="8c84fa94-04c1-424b-9868-57a2d4851a1d" relativeResultsDirectory="ca449389-cc3d-4020-9d6d-2475c38ea45b" />
    <UnitTestResult executionId="a15edfce-23e4-4b67-aa3e-fefb237429d3" testId="905c94e4-bdc8-1fe6-5444-613a4eb6d1c7" testName="SearchResultsActionBarActions_SendToFloatingWindowVerifyTimeSelectionInterval_InvokeCommand_WarningDialogDisplayed" computerName="DKSR-EFI-06" duration="00:00:00.0157502" startTime="2024-01-09T15:46:35.4487295+01:00" endTime="2024-01-09T15:46:35.4643537+01:00" testType="13cdc9d9-ddb5-4fa4-a97d-d965ccfc6d4b" outcome="Passed" testListId="8c84fa94-04c1-424b-9868-57a2d4851a1d" relativeResultsDirectory="a15edfce-23e4-4b67-aa3e-fefb237429d3" />
    <UnitTestResult executionId="c1507ad2-ef03-4d6b-829e-7abde309e068" testId="7066e281-486d-b17e-901e-9424698e9f74" testName="MergeOptionNodes_ShouldMergeOptionsFromOldKeyAndNewKey_WhenBothSettingsHaveOptions" computerName="DKSR-EFI-06" duration="00:00:00.0005935" startTime="2024-01-09T15:47:12.0200528+01:00" endTime="2024-01-09T15:47:12.0200528+01:00" testType="13cdc9d9-ddb5-4fa4-a97d-d965ccfc6d4b" outcome="Passed" testListId="8c84fa94-04c1-424b-9868-57a2d4851a1d" relativeResultsDirectory="c1507ad2-ef03-4d6b-829e-7abde309e068" />
    <UnitTestResult executionId="e6675994-4cd5-4cc3-ad2d-e333b8fd594b" testId="336b8482-3bf7-7f8c-61fa-1897c8b88bb6" testName="GetIsOpenStreetMapValid_ShouldReturnTrue_WhenGeographicLayerIsAvailableAndAlternativeServerIsEmpty" computerName="DKSR-EFI-06" duration="00:00:00.0008392" startTime="2024-01-09T15:47:07.2688568+01:00" endTime="2024-01-09T15:47:07.2688568+01:00" testType="13cdc9d9-ddb5-4fa4-a97d-d965ccfc6d4b" outcome="Passed" testListId="8c84fa94-04c1-424b-9868-57a2d4851a1d" relativeResultsDirectory="e6675994-4cd5-4cc3-ad2d-e333b8fd594b" />
    <UnitTestResult executionId="a87b23f9-b004-464c-976e-37a0f31232ac" testId="9c89c59d-b4e1-b0e6-38b6-740ac9ec96bd" testName="SearchResultsActionBarActions_EditBookmark_Enabled" computerName="DKSR-EFI-06" duration="00:00:00.0089828" startTime="2024-01-09T15:46:35.5737664+01:00" endTime="2024-01-09T15:46:35.5893959+01:00" testType="13cdc9d9-ddb5-4fa4-a97d-d965ccfc6d4b" outcome="Passed" testListId="8c84fa94-04c1-424b-9868-57a2d4851a1d" relativeResultsDirectory="a87b23f9-b004-464c-976e-37a0f31232ac" />
    <UnitTestResult executionId="8ce26f44-3670-415f-83e8-150a74eac278" testId="eeed665d-fc4a-36d4-2080-835d14f41e2a" testName="Map_Layers_AddDirectly_Fail" computerName="DKSR-EFI-06" duration="00:00:00.0093414" startTime="2024-01-09T15:47:03.9396420+01:00" endTime="2024-01-09T15:47:03.9552737+01:00" testType="13cdc9d9-ddb5-4fa4-a97d-d965ccfc6d4b" outcome="Passed" testListId="8c84fa94-04c1-424b-9868-57a2d4851a1d" relativeResultsDirectory="8ce26f44-3670-415f-83e8-150a74eac278" />
    <UnitTestResult executionId="ea2fa14d-0737-44df-a50e-bc2e7daf1d04" testId="283f9f13-cb3e-1218-3fcd-08b263d8e990" testName="Initialize_ShouldAttachOptionChanged_WhenAllowOnlyFipsAlgorithmsIsFalse" computerName="DKSR-EFI-06" duration="00:00:00.3460817" startTime="2024-01-09T15:47:18.7868698+01:00" endTime="2024-01-09T15:47:19.1306628+01:00" testType="13cdc9d9-ddb5-4fa4-a97d-d965ccfc6d4b" outcome="Passed" testListId="8c84fa94-04c1-424b-9868-57a2d4851a1d" relativeResultsDirectory="ea2fa14d-0737-44df-a50e-bc2e7daf1d04" />
    <UnitTestResult executionId="83d385e6-b260-4e41-8984-ad593b302423" testId="81fc8aa1-de6a-e087-adfe-af829f91bad7" testName="Deserialize_FromTimeOnly_Success" computerName="DKSR-EFI-06" duration="00:00:00.0012904" startTime="2024-01-09T15:46:45.5603886+01:00" endTime="2024-01-09T15:46:45.5603886+01:00" testType="13cdc9d9-ddb5-4fa4-a97d-d965ccfc6d4b" outcome="Passed" testListId="8c84fa94-04c1-424b-9868-57a2d4851a1d" relativeResultsDirectory="83d385e6-b260-4e41-8984-ad593b302423" />
    <UnitTestResult executionId="7cb0a24a-452c-45d6-adb8-fbcca20c3cb1" testId="d14ec128-bbfb-0096-f562-be494b986880" testName="Redrawing_SettingsSet_Success" computerName="DKSR-EFI-06" duration="00:00:00.1013368" startTime="2024-01-09T15:45:31.2169185+01:00" endTime="2024-01-09T15:45:31.3262931+01:00" testType="13cdc9d9-ddb5-4fa4-a97d-d965ccfc6d4b" outcome="Passed" testListId="8c84fa94-04c1-424b-9868-57a2d4851a1d" relativeResultsDirectory="7cb0a24a-452c-45d6-adb8-fbcca20c3cb1" />
    <UnitTestResult executionId="e4d34b32-89b1-4c33-aa7c-2640a10a1d8d" testId="e9caefce-c71e-206f-c8b4-a603b26c14bb" testName="FetchDeviceConfiguration_ShouldNotLoadFromServer_WhenCacheFileIsPresentAndFetchTypeIsOnlyCache" computerName="DKSR-EFI-06" duration="00:00:00.0022745" startTime="2024-01-09T15:47:17.3647863+01:00" endTime="2024-01-09T15:47:17.3647863+01:00" testType="13cdc9d9-ddb5-4fa4-a97d-d965ccfc6d4b" outcome="Passed" testListId="8c84fa94-04c1-424b-9868-57a2d4851a1d" relativeResultsDirectory="e4d34b32-89b1-4c33-aa7c-2640a10a1d8d" />
    <UnitTestResult executionId="5a7a67ed-46e7-4329-a78e-085edf79abfa" testId="91b2687b-d336-be96-6484-dd3e01d48bcc" testName="TwentyFourHours_Success" computerName="DKSR-EFI-06" duration="00:00:00.0001927" startTime="2024-01-09T15:46:44.3726894+01:00" endTime="2024-01-09T15:46:44.3726894+01:00" testType="13cdc9d9-ddb5-4fa4-a97d-d965ccfc6d4b" outcome="Passed" testListId="8c84fa94-04c1-424b-9868-57a2d4851a1d" relativeResultsDirectory="5a7a67ed-46e7-4329-a78e-085edf79abfa" />
    <UnitTestResult executionId="9db2313d-d8b3-4ed0-b004-1b5a0b3aea50" testId="0a4e5b36-6578-df3d-cfd2-3d6ee660820a" testName="GetClusters_ExcludeFromClustering_OnlyClustersForExcludedItems (Data Row 15)" computerName="DKSR-EFI-06" duration="00:00:00.0090997" startTime="2024-01-09T15:47:07.4876662+01:00" endTime="2024-01-09T15:47:07.8627695+01:00" testType="13cdc9d9-ddb5-4fa4-a97d-d965ccfc6d4b" outcome="Passed" testListId="8c84fa94-04c1-424b-9868-57a2d4851a1d" relativeResultsDirectory="9db2313d-d8b3-4ed0-b004-1b5a0b3aea50" />
    <UnitTestResult executionId="bac8661b-1c28-47b3-884b-5ef6209a9269" testId="9586cc92-f1bb-653a-bd17-70b79fb89f50" testName="Deserialize_InvalidPluginIdElement_Error" computerName="DKSR-EFI-06" duration="00:00:00.0013238" startTime="2024-01-09T15:46:45.5447586+01:00" endTime="2024-01-09T15:46:45.5447586+01:00" testType="13cdc9d9-ddb5-4fa4-a97d-d965ccfc6d4b" outcome="Passed" testListId="8c84fa94-04c1-424b-9868-57a2d4851a1d" relativeResultsDirectory="bac8661b-1c28-47b3-884b-5ef6209a9269" />
    <UnitTestResult executionId="168de208-b80b-41a6-aafc-98cfd8d7102d" testId="bd985866-6108-57f7-ecf5-4c4e6d1eb163" testName="ValidateExportLocation_ShouldReturnFailResult_ExportPathIsInvalid (qwerty)" computerName="DKSR-EFI-06" duration="00:00:00.0106983" startTime="2024-01-09T15:45:44.0921688+01:00" endTime="2024-01-09T15:45:44.1077981+01:00" testType="13cdc9d9-ddb5-4fa4-a97d-d965ccfc6d4b" outcome="Passed" testListId="8c84fa94-04c1-424b-9868-57a2d4851a1d" relativeResultsDirectory="168de208-b80b-41a6-aafc-98cfd8d7102d" />
    <UnitTestResult executionId="881f8a51-3426-45e7-83f0-312fe7a0000f" testId="a6efae3b-3424-1b71-e217-c61e2ebc0907" testName="ValidateExportName_ShouldReturnFailResult_InvalidCharactersInExportName (1213?)" computerName="DKSR-EFI-06" duration="00:00:00.0049569" startTime="2024-01-09T15:45:43.9358662+01:00" endTime="2024-01-09T15:45:43.9358662+01:00" testType="13cdc9d9-ddb5-4fa4-a97d-d965ccfc6d4b" outcome="Passed" testListId="8c84fa94-04c1-424b-9868-57a2d4851a1d" relativeResultsDirectory="881f8a51-3426-45e7-83f0-312fe7a0000f" />
    <UnitTestResult executionId="ba2c8522-112d-41f1-b378-7ba8b9f39c58" testId="1995aa56-764e-e077-7015-d7ad96740ef7" testName="UpdateAction_SingleAccepted_DoesNotChangeToolTip" computerName="DKSR-EFI-06" duration="00:00:00.0026560" startTime="2024-01-09T15:46:36.0895460+01:00" endTime="2024-01-09T15:46:36.0895460+01:00" testType="13cdc9d9-ddb5-4fa4-a97d-d965ccfc6d4b" outcome="Passed" testListId="8c84fa94-04c1-424b-9868-57a2d4851a1d" relativeResultsDirectory="ba2c8522-112d-41f1-b378-7ba8b9f39c58" />
    <UnitTestResult executionId="15175f33-b0b4-493d-85c7-55fadb04c615" testId="4ac17529-5b95-5a72-033f-f220f1f85e71" testName="UpdateSearchTemplateAsync_ActiveSearchTemplateUpdated_Success" computerName="DKSR-EFI-06" duration="00:00:00.0037977" startTime="2024-01-09T15:46:44.0445061+01:00" endTime="2024-01-09T15:46:44.0445061+01:00" testType="13cdc9d9-ddb5-4fa4-a97d-d965ccfc6d4b" outcome="Passed" testListId="8c84fa94-04c1-424b-9868-57a2d4851a1d" relativeResultsDirectory="15175f33-b0b4-493d-85c7-55fadb04c615" />
    <UnitTestResult executionId="ef813bcf-3fbc-454d-bc79-04ef0435d62a" testId="68eba393-9613-4207-7542-82e0b37e4100" testName="PtzSessionController_Constructor_ArgumentNull_ApplicationController_Test" computerName="DKSR-EFI-06" duration="00:00:00.0008393" startTime="2024-01-09T15:45:19.2169067+01:00" endTime="2024-01-09T15:45:19.2169067+01:00" testType="13cdc9d9-ddb5-4fa4-a97d-d965ccfc6d4b" outcome="Passed" testListId="8c84fa94-04c1-424b-9868-57a2d4851a1d" relativeResultsDirectory="ef813bcf-3fbc-454d-bc79-04ef0435d62a" />
    <UnitTestResult executionId="4dfa07b5-c318-404a-9305-3271d0e3a1a4" testId="319e9db8-8f37-6739-0cbb-83eff6d39b32" testName="PtzSessionControllerInfo_TimeChangedTest_NoChange" computerName="DKSR-EFI-06" duration="00:00:00.0004413" startTime="2024-01-09T15:45:19.5919077+01:00" endTime="2024-01-09T15:45:19.5919077+01:00" testType="13cdc9d9-ddb5-4fa4-a97d-d965ccfc6d4b" outcome="Passed" testListId="8c84fa94-04c1-424b-9868-57a2d4851a1d" relativeResultsDirectory="4dfa07b5-c318-404a-9305-3271d0e3a1a4" />
    <UnitTestResult executionId="d075b9dc-a362-4960-a267-b9e97ec4dcff" testId="68273da4-d8f3-7604-23b1-9e7df4a52b5c" testName="BindingModelVisible_ReactsTo_PluginInstanceVisibleUpdate" computerName="DKSR-EFI-06" duration="00:00:00.0013464" startTime="2024-01-09T15:47:12.0356806+01:00" endTime="2024-01-09T15:47:12.0356806+01:00" testType="13cdc9d9-ddb5-4fa4-a97d-d965ccfc6d4b" outcome="Passed" testListId="8c84fa94-04c1-424b-9868-57a2d4851a1d" relativeResultsDirectory="d075b9dc-a362-4960-a267-b9e97ec4dcff" />
    <UnitTestResult executionId="736f966f-9c92-4535-8632-a34db0d77b5b" testId="ef4e21c0-7da5-c60c-260f-ced0773f5f69" testName="DeviceIcons_ShouldHaveTenElements_WhenCalled" computerName="DKSR-EFI-06" duration="00:00:00.0013155" startTime="2024-01-09T15:47:04.4085662+01:00" endTime="2024-01-09T15:47:04.4085662+01:00" testType="13cdc9d9-ddb5-4fa4-a97d-d965ccfc6d4b" outcome="Passed" testListId="8c84fa94-04c1-424b-9868-57a2d4851a1d" relativeResultsDirectory="736f966f-9c92-4535-8632-a34db0d77b5b" />
    <UnitTestResult executionId="3428f935-c107-44b2-b8ff-3749926dc685" testId="575af213-6f43-c554-7582-c09e43d49cdb" testName="ResolveSearchDefinitions_ShouldReturnResultSearchDefinition_WhenSingleSearchResultAndSearchDefinitionsContainingCorrectSearchDefinitionsAreGiven" computerName="DKSR-EFI-06" duration="00:00:00.0005303" startTime="2024-01-09T15:46:43.9038595+01:00" endTime="2024-01-09T15:46:43.9038595+01:00" testType="13cdc9d9-ddb5-4fa4-a97d-d965ccfc6d4b" outcome="Passed" testListId="8c84fa94-04c1-424b-9868-57a2d4851a1d" relativeResultsDirectory="3428f935-c107-44b2-b8ff-3749926dc685" />
    <UnitTestResult executionId="f0a6aa81-212b-4d86-9281-33ec4daeb190" testId="2ee6bce4-4d10-a7ff-ad46-044be6c8e9a0" testName="Dispose_ShouldCloseAndRelease_WhenInvoked" computerName="DKSR-EFI-06" duration="00:00:00.0174508" startTime="2024-01-09T15:45:32.3419194+01:00" endTime="2024-01-09T15:45:32.3575438+01:00" testType="13cdc9d9-ddb5-4fa4-a97d-d965ccfc6d4b" outcome="Passed" testListId="8c84fa94-04c1-424b-9868-57a2d4851a1d" relativeResultsDirectory="f0a6aa81-212b-4d86-9281-33ec4daeb190" />
    <UnitTestResult executionId="60fa4c74-6b7e-4ed6-9105-75bde1bfca88" testId="3def0511-4e40-2e00-f9b9-6bb18ace3fe8" testName="HideNotificationMessage_SetsIsNotificationMessageShownToFalse_WhenCalled" computerName="DKSR-EFI-06" duration="00:00:00.0555006" startTime="2024-01-09T15:45:25.3575395+01:00" endTime="2024-01-09T15:45:25.4044142+01:00" testType="13cdc9d9-ddb5-4fa4-a97d-d965ccfc6d4b" outcome="Passed" testListId="8c84fa94-04c1-424b-9868-57a2d4851a1d" relativeResultsDirectory="60fa4c74-6b7e-4ed6-9105-75bde1bfca88" />
    <UnitTestResult executionId="ecb37e19-4f77-4149-a1f6-eda605f57d44" testId="16dbf6df-affd-54c4-6e12-ed2586e45ece" testName="AddSelectedWindowsToExport_ShouldShowCorrectToastMessages (0,0,0)" computerName="DKSR-EFI-06" duration="00:00:00.0033731" startTime="2024-01-09T15:47:11.7699992+01:00" endTime="2024-01-09T15:47:11.7699992+01:00" testType="13cdc9d9-ddb5-4fa4-a97d-d965ccfc6d4b" outcome="Passed" testListId="8c84fa94-04c1-424b-9868-57a2d4851a1d" relativeResultsDirectory="ecb37e19-4f77-4149-a1f6-eda605f57d44" />
    <UnitTestResult executionId="79de02c5-c274-4edb-9ead-4aee74f47b9e" testId="84fbc41b-f8b3-97c4-0d80-49164e74cf8a" testName="ApplyStatesToUi_StateWithItemSize_UpdateItemSizeCalled" computerName="DKSR-EFI-06" duration="00:00:01.2588158" startTime="2024-01-09T15:46:02.9404076+01:00" endTime="2024-01-09T15:46:04.2064286+01:00" testType="13cdc9d9-ddb5-4fa4-a97d-d965ccfc6d4b" outcome="Passed" testListId="8c84fa94-04c1-424b-9868-57a2d4851a1d" relativeResultsDirectory="79de02c5-c274-4edb-9ead-4aee74f47b9e" />
    <UnitTestResult executionId="b9671c32-1f3d-47f7-bcda-a3fb29751dca" testId="a181eeb7-1c31-8890-a7e0-69f2adb601a4" testName="GetClusters_ShouldMergeSimpleClustersToSuperCluster_WhenZoomingOut" computerName="DKSR-EFI-06" duration="00:00:00.0047249" startTime="2024-01-09T15:47:09.3163026+01:00" endTime="2024-01-09T15:47:09.3319268+01:00" testType="13cdc9d9-ddb5-4fa4-a97d-d965ccfc6d4b" outcome="Passed" testListId="8c84fa94-04c1-424b-9868-57a2d4851a1d" relativeResultsDirectory="b9671c32-1f3d-47f7-bcda-a3fb29751dca" />
    <UnitTestResult executionId="4980cf8c-11db-4e65-bba4-002d5a0b6082" testId="4d16c358-c29f-69ec-8ad9-4ed7ab30e526" testName="AddToExportDevices_ShouldReturnCorrectResult (1,0,0)" computerName="DKSR-EFI-06" duration="00:00:00.0015331" startTime="2024-01-09T15:47:11.6918520+01:00" endTime="2024-01-09T15:47:11.6918520+01:00" testType="13cdc9d9-ddb5-4fa4-a97d-d965ccfc6d4b" outcome="Passed" testListId="8c84fa94-04c1-424b-9868-57a2d4851a1d" relativeResultsDirectory="4980cf8c-11db-4e65-bba4-002d5a0b6082" />
    <UnitTestResult executionId="de34ca2c-e8e2-4795-91ed-1b3c8ea2c210" testId="faa83ec7-f24a-086a-e966-e8c82cf7330a" testName="Detach_ShouldDetachWindowMouseDownEvent_WhenAttachWasCalledPreviously" computerName="DKSR-EFI-06" duration="00:00:00.0037851" startTime="2024-01-09T15:45:26.8262903+01:00" endTime="2024-01-09T15:45:26.8262903+01:00" testType="13cdc9d9-ddb5-4fa4-a97d-d965ccfc6d4b" outcome="Passed" testListId="8c84fa94-04c1-424b-9868-57a2d4851a1d" relativeResultsDirectory="de34ca2c-e8e2-4795-91ed-1b3c8ea2c210" />
    <UnitTestResult executionId="37760b6b-9254-4c34-a644-a2edc5322283" testId="4ffbb65d-5283-caab-4ee9-d197524190bc" testName="PtzSessionControllerInfo_UserChangedTest_Argument_Null_2" computerName="DKSR-EFI-06" duration="00:00:00.0008444" startTime="2024-01-09T15:45:19.5606765+01:00" endTime="2024-01-09T15:45:19.5606765+01:00" testType="13cdc9d9-ddb5-4fa4-a97d-d965ccfc6d4b" outcome="Passed" testListId="8c84fa94-04c1-424b-9868-57a2d4851a1d" relativeResultsDirectory="37760b6b-9254-4c34-a644-a2edc5322283" />
    <UnitTestResult executionId="ab876927-b6ca-4336-8778-fbecfaf5b402" testId="91423947-d9d3-4bfd-cfab-68c119421239" testName="GetWorkspaceToolbarItems_ShouldReturnGroupedToolbarItemAsDisabled_WhenAllSubItemsAreDisabled" computerName="DKSR-EFI-06" duration="00:00:00.0020922" startTime="2024-01-09T15:47:10.3477932+01:00" endTime="2024-01-09T15:47:10.3477932+01:00" testType="13cdc9d9-ddb5-4fa4-a97d-d965ccfc6d4b" outcome="Passed" testListId="8c84fa94-04c1-424b-9868-57a2d4851a1d" relativeResultsDirectory="ab876927-b6ca-4336-8778-fbecfaf5b402" />
    <UnitTestResult executionId="bf1d2013-b386-4325-b166-1409e2f4df3f" testId="63fb96d5-d28e-59d8-da39-0b1d1307a3be" testName="ShouldReturnTrueWhenBuildingsChanged" computerName="DKSR-EFI-06" duration="00:00:00.0401051" startTime="2024-01-09T15:45:39.3262955+01:00" endTime="2024-01-09T15:45:39.3575416+01:00" testType="13cdc9d9-ddb5-4fa4-a97d-d965ccfc6d4b" outcome="Passed" testListId="8c84fa94-04c1-424b-9868-57a2d4851a1d" relativeResultsDirectory="bf1d2013-b386-4325-b166-1409e2f4df3f" />
    <UnitTestResult executionId="f117f19a-b864-405c-81e3-d8c6080fed04" testId="8afe4c58-19f6-dd1a-c67e-b2b4ee85f2ac" testName="Selected_retention_option_is_cleared_when_not_available" computerName="DKSR-EFI-06" duration="00:00:00.0072538" startTime="2024-01-09T15:47:18.5524472+01:00" endTime="2024-01-09T15:47:18.5524472+01:00" testType="13cdc9d9-ddb5-4fa4-a97d-d965ccfc6d4b" outcome="Passed" testListId="8c84fa94-04c1-424b-9868-57a2d4851a1d" relativeResultsDirectory="f117f19a-b864-405c-81e3-d8c6080fed04" />
    <UnitTestResult executionId="517653aa-f3dd-414d-86e0-f935a13e5a6c" testId="2b8f6313-6f64-c487-2e4c-3d07b5bd4159" testName="GetCredential_ShouldReturnContainedWindowsCredentials_WhenUriAndAuthTypeAreNotNull" computerName="DKSR-EFI-06" duration="00:00:00.0004075" startTime="2024-01-09T15:45:20.2325375+01:00" endTime="2024-01-09T15:45:20.2325375+01:00" testType="13cdc9d9-ddb5-4fa4-a97d-d965ccfc6d4b" outcome="Passed" testListId="8c84fa94-04c1-424b-9868-57a2d4851a1d" relativeResultsDirectory="517653aa-f3dd-414d-86e0-f935a13e5a6c" />
    <UnitTestResult executionId="dfbdee33-367c-46b7-902e-03eedd48bd70" testId="11bc7ddd-0334-e311-f2a7-f381145ec805" testName="CreateGeometry_EmptyPointsCollection_ThrowsArgException" computerName="DKSR-EFI-06" duration="00:00:00.0012375" startTime="2024-01-09T15:47:08.7692756+01:00" endTime="2024-01-09T15:47:08.7848972+01:00" testType="13cdc9d9-ddb5-4fa4-a97d-d965ccfc6d4b" outcome="Passed" testListId="8c84fa94-04c1-424b-9868-57a2d4851a1d" relativeResultsDirectory="dfbdee33-367c-46b7-902e-03eedd48bd70" />
    <UnitTestResult executionId="6180414b-3023-4ec2-8123-0fff7719ad39" testId="bb9524ad-acf8-1507-0ed6-9348671a86fe" testName="Tokenizer_Test" computerName="DKSR-EFI-06" duration="00:00:00.0006011" startTime="2024-01-09T15:47:18.4587512+01:00" endTime="2024-01-09T15:47:18.4587512+01:00" testType="13cdc9d9-ddb5-4fa4-a97d-d965ccfc6d4b" outcome="Passed" testListId="8c84fa94-04c1-424b-9868-57a2d4851a1d" relativeResultsDirectory="6180414b-3023-4ec2-8123-0fff7719ad39" />
    <UnitTestResult executionId="f0daa307-7441-4f3f-9d40-b32c4c6d53a2" testId="90ade623-c933-13b0-3f87-d92db5a5c117" testName="Parse_SixHours_Success" computerName="DKSR-EFI-06" duration="00:00:00.0000950" startTime="2024-01-09T15:46:44.3883220+01:00" endTime="2024-01-09T15:46:44.3883220+01:00" testType="13cdc9d9-ddb5-4fa4-a97d-d965ccfc6d4b" outcome="Passed" testListId="8c84fa94-04c1-424b-9868-57a2d4851a1d" relativeResultsDirectory="f0daa307-7441-4f3f-9d40-b32c4c6d53a2" />
    <UnitTestResult executionId="74529fc8-9296-48ca-a6a3-acc733c33330" testId="2c3cc6dd-0ecc-2298-ce4a-d064661bf1a0" testName="Init_NullStateAndManagerReturnsNullState_InitialStateCreatedFromScratch" computerName="DKSR-EFI-06" duration="00:00:00.0073544" startTime="2024-01-09T15:45:44.7798836+01:00" endTime="2024-01-09T15:45:44.7955156+01:00" testType="13cdc9d9-ddb5-4fa4-a97d-d965ccfc6d4b" outcome="Passed" testListId="8c84fa94-04c1-424b-9868-57a2d4851a1d" relativeResultsDirectory="74529fc8-9296-48ca-a6a3-acc733c33330" />
    <UnitTestResult executionId="db03595c-eb3c-437f-b3c5-2301643ca158" testId="0a4e5b36-6578-df3d-cfd2-3d6ee660820a" testName="GetClusters_ExcludeFromClustering_OnlyClustersForExcludedItems (Data Row 7)" computerName="DKSR-EFI-06" duration="00:00:00.0085060" startTime="2024-01-09T15:47:07.4876662+01:00" endTime="2024-01-09T15:47:07.8627695+01:00" testType="13cdc9d9-ddb5-4fa4-a97d-d965ccfc6d4b" outcome="Passed" testListId="8c84fa94-04c1-424b-9868-57a2d4851a1d" relativeResultsDirectory="db03595c-eb3c-437f-b3c5-2301643ca158" />
    <UnitTestResult executionId="d5c175cc-4e8b-461b-aac8-2852d15b5c99" testId="fbf1e532-d446-55e3-818a-b4fc676cabf8" testName="GetCameraGroups_ShouldReturnCameraGroupsType" computerName="DKSR-EFI-06" duration="00:00:00.0002673" startTime="2024-01-09T15:47:13.6297547+01:00" endTime="2024-01-09T15:47:13.6297547+01:00" testType="13cdc9d9-ddb5-4fa4-a97d-d965ccfc6d4b" outcome="Passed" testListId="8c84fa94-04c1-424b-9868-57a2d4851a1d" relativeResultsDirectory="d5c175cc-4e8b-461b-aac8-2852d15b5c99" />
    <UnitTestResult executionId="830ab479-bed2-4479-b096-679c48ef61a1" testId="2111d8db-c64b-ce9e-32b3-88fa21541431" testName="PtzSessionController_Start_Test" computerName="DKSR-EFI-06" duration="00:00:00.0015399" startTime="2024-01-09T15:45:19.4981557+01:00" endTime="2024-01-09T15:45:19.4981557+01:00" testType="13cdc9d9-ddb5-4fa4-a97d-d965ccfc6d4b" outcome="Passed" testListId="8c84fa94-04c1-424b-9868-57a2d4851a1d" relativeResultsDirectory="830ab479-bed2-4479-b096-679c48ef61a1" />
    <UnitTestResult executionId="7f32560d-d660-422f-84ca-f156873af93b" testId="0de77785-462a-9bb1-5b6c-6230796bd88d" testName="ToSafeName_DifferentSeperator_Success" computerName="DKSR-EFI-06" duration="00:00:00.0000929" startTime="2024-01-09T15:47:17.6460726+01:00" endTime="2024-01-09T15:47:17.6460726+01:00" testType="13cdc9d9-ddb5-4fa4-a97d-d965ccfc6d4b" outcome="Passed" testListId="8c84fa94-04c1-424b-9868-57a2d4851a1d" relativeResultsDirectory="7f32560d-d660-422f-84ca-f156873af93b" />
    <UnitTestResult executionId="cdb211f4-0359-47d6-89c0-e44e52ff4dc5" testId="b734b426-c8b0-ef6c-467b-1212971e7759" testName="MainScopeTitleMaxWidthConverter_ConvertBack_Fails" computerName="DKSR-EFI-06" duration="00:00:00.0014137" startTime="2024-01-09T15:46:14.3492631+01:00" endTime="2024-01-09T15:46:14.3492631+01:00" testType="13cdc9d9-ddb5-4fa4-a97d-d965ccfc6d4b" outcome="Passed" testListId="8c84fa94-04c1-424b-9868-57a2d4851a1d" relativeResultsDirectory="cdb211f4-0359-47d6-89c0-e44e52ff4dc5" />
    <UnitTestResult executionId="0f2a0711-b0e8-429d-a68b-b8f2ccf3dbf7" testId="9029e935-145d-d5fd-fae9-96c860349038" testName="GetClusters_AddedItems_ClustersForAddedItems (Data Row 17)" computerName="DKSR-EFI-06" duration="00:00:00.0137905" startTime="2024-01-09T15:47:09.0193458+01:00" endTime="2024-01-09T15:47:09.2381415+01:00" testType="13cdc9d9-ddb5-4fa4-a97d-d965ccfc6d4b" outcome="Passed" testListId="8c84fa94-04c1-424b-9868-57a2d4851a1d" relativeResultsDirectory="0f2a0711-b0e8-429d-a68b-b8f2ccf3dbf7" />
    <UnitTestResult executionId="9d8f3821-c383-4e5d-b056-b5ed98020ad5" testId="d6460871-04c1-69a0-835f-12db0d68e9bd" testName="NewSearchSelectedEvent_AllCategoriesSelected_Success" computerName="DKSR-EFI-06" duration="00:00:00.0381346" startTime="2024-01-09T15:46:34.0732785+01:00" endTime="2024-01-09T15:46:34.1045488+01:00" testType="13cdc9d9-ddb5-4fa4-a97d-d965ccfc6d4b" outcome="Passed" testListId="8c84fa94-04c1-424b-9868-57a2d4851a1d" relativeResultsDirectory="9d8f3821-c383-4e5d-b056-b5ed98020ad5" />
    <UnitTestResult executionId="b192d282-44c5-4800-ba0b-576289aecc16" testId="ea6b211e-3258-7db9-8b82-11e88b9536ce" testName="HandleSetLayerFeatures_ShouldRaiseArgumentException_WhenInputKindAndNotInputLayerFeatures" computerName="DKSR-EFI-06" duration="00:00:00.0010905" startTime="2024-01-09T15:47:07.1750799+01:00" endTime="2024-01-09T15:47:07.1750799+01:00" testType="13cdc9d9-ddb5-4fa4-a97d-d965ccfc6d4b" outcome="Passed" testListId="8c84fa94-04c1-424b-9868-57a2d4851a1d" relativeResultsDirectory="b192d282-44c5-4800-ba0b-576289aecc16" />
    <UnitTestResult executionId="58f6cbab-b85e-4549-b150-4969b78b0b2e" testId="78da3d90-e186-2eb8-9d50-1ad80ad9921b" testName="Direction_XPCO_SC_RoundtripTransform_Success" computerName="DKSR-EFI-06" duration="00:00:00.0059216" startTime="2024-01-09T15:47:01.2203729+01:00" endTime="2024-01-09T15:47:01.2359979+01:00" testType="13cdc9d9-ddb5-4fa4-a97d-d965ccfc6d4b" outcome="Passed" testListId="8c84fa94-04c1-424b-9868-57a2d4851a1d" relativeResultsDirectory="58f6cbab-b85e-4549-b150-4969b78b0b2e" />
    <UnitTestResult executionId="1ea5add3-1854-48df-ae46-79ea4cb17688" testId="2f96cc7e-229b-c021-6453-b884afd8bfc0" testName="CreateReportAsync_ShouldNotFail_WhenAllResultFieldsAreLong" computerName="DKSR-EFI-06" duration="00:00:00.2770954" startTime="2024-01-09T15:46:43.0443249+01:00" endTime="2024-01-09T15:46:43.3256196+01:00" testType="13cdc9d9-ddb5-4fa4-a97d-d965ccfc6d4b" outcome="Passed" testListId="8c84fa94-04c1-424b-9868-57a2d4851a1d" relativeResultsDirectory="1ea5add3-1854-48df-ae46-79ea4cb17688" />
    <UnitTestResult executionId="2c24fe3b-173c-472a-8ad7-65adc27bcfea" testId="9f2d8267-74f7-ee47-e40a-a9214d8b0149" testName="ValueWithFallbackConverterTests_Convert_OneValue_Success" computerName="DKSR-EFI-06" duration="00:00:00.0004958" startTime="2024-01-09T15:46:14.4117743+01:00" endTime="2024-01-09T15:46:14.4117743+01:00" testType="13cdc9d9-ddb5-4fa4-a97d-d965ccfc6d4b" outcome="Passed" testListId="8c84fa94-04c1-424b-9868-57a2d4851a1d" relativeResultsDirectory="2c24fe3b-173c-472a-8ad7-65adc27bcfea" />
    <UnitTestResult executionId="ac303c3d-4a5a-497a-b846-02429ab49db9" testId="91442c7a-e900-c7e6-67e7-639e8a44931b" testName="CameraMapItem_Select_WithAlarm_Activates_Related" computerName="DKSR-EFI-06" duration="00:00:00.0542748" startTime="2024-01-09T15:47:02.1267602+01:00" endTime="2024-01-09T15:47:02.1736390+01:00" testType="13cdc9d9-ddb5-4fa4-a97d-d965ccfc6d4b" outcome="Passed" testListId="8c84fa94-04c1-424b-9868-57a2d4851a1d" relativeResultsDirectory="ac303c3d-4a5a-497a-b846-02429ab49db9" />
    <UnitTestResult executionId="56d25a2d-6590-4aca-96b3-c08e0a1e00d4" testId="be46907d-a173-13ad-6a6b-f04367a3abb5" testName="RightClick_ShouldSetContextMenu_WhenHostIsNotContextMenuAware" computerName="DKSR-EFI-06" duration="00:00:00.0235618" startTime="2024-01-09T15:45:34.1856727+01:00" endTime="2024-01-09T15:45:34.2169235+01:00" testType="13cdc9d9-ddb5-4fa4-a97d-d965ccfc6d4b" outcome="Passed" testListId="8c84fa94-04c1-424b-9868-57a2d4851a1d" relativeResultsDirectory="56d25a2d-6590-4aca-96b3-c08e0a1e00d4" />
    <UnitTestResult executionId="660c332c-b86d-43d7-868f-7c16933a0609" testId="27940d64-03df-8f28-2a77-22152c4e2bc7" testName="IsSearchInProgressChanged_Success" computerName="DKSR-EFI-06" duration="00:00:00.0058355" startTime="2024-01-09T15:46:36.2302095+01:00" endTime="2024-01-09T15:46:36.2302095+01:00" testType="13cdc9d9-ddb5-4fa4-a97d-d965ccfc6d4b" outcome="Passed" testListId="8c84fa94-04c1-424b-9868-57a2d4851a1d" relativeResultsDirectory="660c332c-b86d-43d7-868f-7c16933a0609" />
    <UnitTestResult executionId="6f712c93-8f84-445c-9c8d-e129152f5d84" testId="293008c2-9745-d477-0bc6-1ddbf5e8b276" testName="ToTimeScope_YesterdayInDST_Success" computerName="DKSR-EFI-06" duration="00:00:00.0012345" startTime="2024-01-09T15:46:44.3883220+01:00" endTime="2024-01-09T15:46:44.3883220+01:00" testType="13cdc9d9-ddb5-4fa4-a97d-d965ccfc6d4b" outcome="Passed" testListId="8c84fa94-04c1-424b-9868-57a2d4851a1d" relativeResultsDirectory="6f712c93-8f84-445c-9c8d-e129152f5d84" />
    <UnitTestResult executionId="8b68f8cf-8a13-4e61-95a7-0854439cae72" testId="52eb6924-d5b6-63f8-57b6-c1258325ea0d" testName="ValidateExportLocation_ShouldReturnFailResult_ExportPathIsInvalid (qq:\qwerty\qwerty)" computerName="DKSR-EFI-06" duration="00:00:00.0123822" startTime="2024-01-09T15:45:44.0765368+01:00" endTime="2024-01-09T15:45:44.0921688+01:00" testType="13cdc9d9-ddb5-4fa4-a97d-d965ccfc6d4b" outcome="Passed" testListId="8c84fa94-04c1-424b-9868-57a2d4851a1d" relativeResultsDirectory="8b68f8cf-8a13-4e61-95a7-0854439cae72" />
    <UnitTestResult executionId="b4fd3134-68c0-4b5d-9e4b-61754a4aca1f" testId="a54693d6-edca-b2f0-c9d1-6e253deb3c9c" testName="SearchResultContainerView_OnItemActivated_SearchResultNotSelected" computerName="DKSR-EFI-06" duration="00:00:01.2124143" startTime="2024-01-09T15:45:53.2350586+01:00" endTime="2024-01-09T15:45:54.4540241+01:00" testType="13cdc9d9-ddb5-4fa4-a97d-d965ccfc6d4b" outcome="Passed" testListId="8c84fa94-04c1-424b-9868-57a2d4851a1d" relativeResultsDirectory="b4fd3134-68c0-4b5d-9e4b-61754a4aca1f" />
    <UnitTestResult executionId="b1f3c2f0-69fd-4b8a-89bc-f9fabd9331d2" testId="a9a49dd9-77fa-e02e-a80e-c665ef39753c" testName="WhenActionExecutedWithAlarmsForSoSubscribedObserverThenNoObserverNotified" computerName="DKSR-EFI-06" duration="00:00:00.0024314" startTime="2024-01-09T15:47:07.4564099+01:00" endTime="2024-01-09T15:47:07.4564099+01:00" testType="13cdc9d9-ddb5-4fa4-a97d-d965ccfc6d4b" outcome="Passed" testListId="8c84fa94-04c1-424b-9868-57a2d4851a1d" relativeResultsDirectory="b1f3c2f0-69fd-4b8a-89bc-f9fabd9331d2" />
    <UnitTestResult executionId="3da8179a-8575-4219-94f5-9b98475a9bd9" testId="90e28b3e-a0b2-cd0c-c5a2-021ebe10799d" testName="AddSelectedCameras_TooManyCameras_ValidateAllOptionCentralizedSearchMaxDeviceCountValues" computerName="DKSR-EFI-06" duration="00:00:00.8771826" startTime="2024-01-09T15:46:36.8397596+01:00" endTime="2024-01-09T15:46:37.7150094+01:00" testType="13cdc9d9-ddb5-4fa4-a97d-d965ccfc6d4b" outcome="Passed" testListId="8c84fa94-04c1-424b-9868-57a2d4851a1d" relativeResultsDirectory="3da8179a-8575-4219-94f5-9b98475a9bd9" />
    <UnitTestResult executionId="fe97d9c7-372b-4c38-bf9d-62bbdfe8af59" testId="27664859-4d07-7aa6-2422-c69fa8d16b38" testName="Ctor_ValidParameterWithTimeZoneManager_Success" computerName="DKSR-EFI-06" duration="00:00:00.0329558" startTime="2024-01-09T15:46:36.6209409+01:00" endTime="2024-01-09T15:46:36.6522049+01:00" testType="13cdc9d9-ddb5-4fa4-a97d-d965ccfc6d4b" outcome="Passed" testListId="8c84fa94-04c1-424b-9868-57a2d4851a1d" relativeResultsDirectory="fe97d9c7-372b-4c38-bf9d-62bbdfe8af59" />
    <UnitTestResult executionId="52a1a88d-d284-434e-84af-fa4eac3ac07e" testId="80e1e452-82cf-b088-db40-d28f7d32c62d" testName="Export when Live" computerName="DKSR-EFI-06" duration="00:00:00.0959135" startTime="2024-01-09T15:47:10.3946794+01:00" endTime="2024-01-09T15:47:10.6447369+01:00" testType="13cdc9d9-ddb5-4fa4-a97d-d965ccfc6d4b" outcome="Passed" testListId="8c84fa94-04c1-424b-9868-57a2d4851a1d" relativeResultsDirectory="52a1a88d-d284-434e-84af-fa4eac3ac07e" />
    <UnitTestResult executionId="52c5374a-042c-4e00-8597-37fbf01a43d9" testId="00f0e371-214b-3362-fe49-cbc53292d7d9" testName="TryGetOsmServerTileAddress_ShouldReturnTrue_WhenOsmServerAddressIsValidUrl" computerName="DKSR-EFI-06" duration="00:00:00.0001495" startTime="2024-01-09T15:47:07.3001149+01:00" endTime="2024-01-09T15:47:07.3001149+01:00" testType="13cdc9d9-ddb5-4fa4-a97d-d965ccfc6d4b" outcome="Passed" testListId="8c84fa94-04c1-424b-9868-57a2d4851a1d" relativeResultsDirectory="52c5374a-042c-4e00-8597-37fbf01a43d9" />
    <UnitTestResult executionId="a81beb07-edab-4629-aa07-043bf71bb534" testId="417be307-97e0-4052-1dcd-f4ea8d9db811" testName="Deserialize_ShouldIncludeCombineTypeAnd_WhenCombineTypeIsAndInXml" computerName="DKSR-EFI-06" duration="00:00:00.0005519" startTime="2024-01-09T15:46:45.5291366+01:00" endTime="2024-01-09T15:46:45.5291366+01:00" testType="13cdc9d9-ddb5-4fa4-a97d-d965ccfc6d4b" outcome="Passed" testListId="8c84fa94-04c1-424b-9868-57a2d4851a1d" relativeResultsDirectory="a81beb07-edab-4629-aa07-043bf71bb534" />
    <UnitTestResult executionId="943f9249-3946-4d08-af91-e6528fa2831c" testId="d8aaa504-6178-a22d-3fb8-ce2b255c46bf" testName="Toolbar_IsVisible_WhenNotInLiveOrPlayback_ButFullscreen" computerName="DKSR-EFI-06" duration="00:00:00.0172938" startTime="2024-01-09T15:47:10.9416799+01:00" endTime="2024-01-09T15:47:10.9729426+01:00" testType="13cdc9d9-ddb5-4fa4-a97d-d965ccfc6d4b" outcome="Passed" testListId="8c84fa94-04c1-424b-9868-57a2d4851a1d" relativeResultsDirectory="943f9249-3946-4d08-af91-e6528fa2831c" />
    <UnitTestResult executionId="f5fbff7e-98a2-4c3a-85d1-55c518004503" testId="326c0813-dde1-1e08-607c-dc55537bd92d" testName="Deserialize_CustomScopeDurationAndFromToValues_ToAndFromValuesUsed" computerName="DKSR-EFI-06" duration="00:00:00.0045076" startTime="2024-01-09T15:46:45.1384397+01:00" endTime="2024-01-09T15:46:45.1384397+01:00" testType="13cdc9d9-ddb5-4fa4-a97d-d965ccfc6d4b" outcome="Passed" testListId="8c84fa94-04c1-424b-9868-57a2d4851a1d" relativeResultsDirectory="f5fbff7e-98a2-4c3a-85d1-55c518004503" />
    <UnitTestResult executionId="2800246a-abd6-4f7d-8f01-568d0e812ccf" testId="f192461d-c04b-ccd8-4669-21b5fa7a7ede" testName="SuspendedPropertyChanged_Success" computerName="DKSR-EFI-06" duration="00:00:00.9707704" startTime="2024-01-09T15:46:09.5515177+01:00" endTime="2024-01-09T15:46:10.5204656+01:00" testType="13cdc9d9-ddb5-4fa4-a97d-d965ccfc6d4b" outcome="Passed" testListId="8c84fa94-04c1-424b-9868-57a2d4851a1d" relativeResultsDirectory="2800246a-abd6-4f7d-8f01-568d0e812ccf" />
    <UnitTestResult executionId="b8f8bd05-16af-483a-9bc3-487546bf4fbc" testId="e36d7108-5c81-aaf4-329c-24a028699d61" testName="GetCamera_ShouldReturnCorrectCameraTest" computerName="DKSR-EFI-06" duration="00:00:00.0420592" startTime="2024-01-09T15:47:13.4734844+01:00" endTime="2024-01-09T15:47:13.5203588+01:00" testType="13cdc9d9-ddb5-4fa4-a97d-d965ccfc6d4b" outcome="Passed" testListId="8c84fa94-04c1-424b-9868-57a2d4851a1d" relativeResultsDirectory="b8f8bd05-16af-483a-9bc3-487546bf4fbc" />
    <UnitTestResult executionId="8ae1ad35-0a42-42a4-92be-68f129166abf" testId="8c7ec482-bc88-8ad6-1098-ff19a10b5886" testName="BookmarkSearchTime_WithSearchStringInDifferentCases_ReturnCorrectBookmarkWithSearchStringInDescription (SeArChStRiNg,True,False,True,False,,,0)" computerName="DKSR-EFI-06" duration="00:00:00.0049798" startTime="2024-01-09T15:47:12.9733805+01:00" endTime="2024-01-09T15:47:12.9890001+01:00" testType="13cdc9d9-ddb5-4fa4-a97d-d965ccfc6d4b" outcome="Passed" testListId="8c84fa94-04c1-424b-9868-57a2d4851a1d" relativeResultsDirectory="8ae1ad35-0a42-42a4-92be-68f129166abf" />
    <UnitTestResult executionId="484e2f10-c629-4afd-9172-7794775409ef" testId="0cc7d5be-9117-6a7b-5cf3-0699f110c80e" testName="IsMicrophoneMuted_ShouldBeTrue_WhenMicrophoneIsMuted" computerName="DKSR-EFI-06" duration="00:00:00.0215211" startTime="2024-01-09T15:47:04.6742847+01:00" endTime="2024-01-09T15:47:04.6899184+01:00" testType="13cdc9d9-ddb5-4fa4-a97d-d965ccfc6d4b" outcome="Passed" testListId="8c84fa94-04c1-424b-9868-57a2d4851a1d" relativeResultsDirectory="484e2f10-c629-4afd-9172-7794775409ef" />
    <UnitTestResult executionId="519cab98-1b67-496b-89a7-8772ca68f9a2" testId="d6a59c85-6c58-584e-c43d-f10c50d7e1a2" testName="ConvertToNewLevel_ThreeLevelsUp_Success" computerName="DKSR-EFI-06" duration="00:00:00.0002921" startTime="2024-01-09T15:47:08.7536512+01:00" endTime="2024-01-09T15:47:08.7536512+01:00" testType="13cdc9d9-ddb5-4fa4-a97d-d965ccfc6d4b" outcome="Passed" testListId="8c84fa94-04c1-424b-9868-57a2d4851a1d" relativeResultsDirectory="519cab98-1b67-496b-89a7-8772ca68f9a2" />
    <UnitTestResult executionId="0e6b01a9-55f9-4a26-9122-e55638f23726" testId="d054dd78-c223-2b18-9e0c-69480854f65f" testName="Init_NullState_CorrectViewAppliedAsContent" computerName="DKSR-EFI-06" duration="00:00:00.0036934" startTime="2024-01-09T15:45:43.6232635+01:00" endTime="2024-01-09T15:45:43.6388915+01:00" testType="13cdc9d9-ddb5-4fa4-a97d-d965ccfc6d4b" outcome="Passed" testListId="8c84fa94-04c1-424b-9868-57a2d4851a1d" relativeResultsDirectory="0e6b01a9-55f9-4a26-9122-e55638f23726" />
    <UnitTestResult executionId="7f2a78b1-1993-45c7-aa21-d423089e3301" testId="d7c6fd34-24a6-6d61-4f74-e11b861b527b" testName="ToggleMicrophoneStateAsync_ShouldUnMuteMicrophone_WhenMicrophoneWasMuted" computerName="DKSR-EFI-06" duration="00:00:00.0116979" startTime="2024-01-09T15:47:03.0331436+01:00" endTime="2024-01-09T15:47:03.0487648+01:00" testType="13cdc9d9-ddb5-4fa4-a97d-d965ccfc6d4b" outcome="Passed" testListId="8c84fa94-04c1-424b-9868-57a2d4851a1d" relativeResultsDirectory="7f2a78b1-1993-45c7-aa21-d423089e3301" />
    <UnitTestResult executionId="e5e674a5-2734-4df5-8d25-148b2bd0b1ed" testId="6d237ca8-ac51-9a90-e310-d587619a886d" testName="Constructor_ShouldRaiseArgumentNullException_WhenDecoratorsAreNull" computerName="DKSR-EFI-06" duration="00:00:00.0121970" startTime="2024-01-09T15:45:25.6544169+01:00" endTime="2024-01-09T15:45:25.6700398+01:00" testType="13cdc9d9-ddb5-4fa4-a97d-d965ccfc6d4b" outcome="Passed" testListId="8c84fa94-04c1-424b-9868-57a2d4851a1d" relativeResultsDirectory="e5e674a5-2734-4df5-8d25-148b2bd0b1ed" />
    <UnitTestResult executionId="f2b249cd-166a-4677-8133-b1ff7d94ea1d" testId="ebe31b64-a15f-5d1c-5a6d-837a5656ceb3" testName="SmartMapGoToPositionHandler_WhenViewIndexDoesNotMatch_ShouldDoNothing" computerName="DKSR-EFI-06" duration="00:00:00.0042650" startTime="2024-01-09T15:45:38.9200468+01:00" endTime="2024-01-09T15:45:38.9200468+01:00" testType="13cdc9d9-ddb5-4fa4-a97d-d965ccfc6d4b" outcome="Passed" testListId="8c84fa94-04c1-424b-9868-57a2d4851a1d" relativeResultsDirectory="f2b249cd-166a-4677-8133-b1ff7d94ea1d" />
    <UnitTestResult executionId="642f8287-1f1a-4a5d-97db-6f3760cff326" testId="f8f6e293-a84f-8369-75b0-8cd14fb32ce3" testName="MicrophoneItemsLayer_NotIsGeographic_Load_Success" computerName="DKSR-EFI-06" duration="00:00:00.0115259" startTime="2024-01-09T15:47:01.3297688+01:00" endTime="2024-01-09T15:47:01.3453902+01:00" testType="13cdc9d9-ddb5-4fa4-a97d-d965ccfc6d4b" outcome="Passed" testListId="8c84fa94-04c1-424b-9868-57a2d4851a1d" relativeResultsDirectory="642f8287-1f1a-4a5d-97db-6f3760cff326" />
    <UnitTestResult executionId="cf484c14-629a-4f21-9b6f-8ab27a2ae8f8" testId="5e565792-e4b8-6770-32ea-67c3fa2ad1ab" testName="AddToExportTuples_ShouldReturnCorrectResult (5,5,0)" computerName="DKSR-EFI-06" duration="00:00:00.0075300" startTime="2024-01-09T15:47:11.6449656+01:00" endTime="2024-01-09T15:47:11.6605985+01:00" testType="13cdc9d9-ddb5-4fa4-a97d-d965ccfc6d4b" outcome="Passed" testListId="8c84fa94-04c1-424b-9868-57a2d4851a1d" relativeResultsDirectory="cf484c14-629a-4f21-9b6f-8ab27a2ae8f8" />
    <UnitTestResult executionId="01b835fe-ffca-46c4-8c45-0981b6ef5c46" testId="7a29bb4c-872a-7722-5bfa-4ff03f288d37" testName="GetWorkspaceToolbarItems_ShouldNotReturnGroupedToolbarItem_WhenPluginGroupIsNotSetInPluginDefinition" computerName="DKSR-EFI-06" duration="00:00:00.0689975" startTime="2024-01-09T15:47:10.2540194+01:00" endTime="2024-01-09T15:47:10.3165354+01:00" testType="13cdc9d9-ddb5-4fa4-a97d-d965ccfc6d4b" outcome="Passed" testListId="8c84fa94-04c1-424b-9868-57a2d4851a1d" relativeResultsDirectory="01b835fe-ffca-46c4-8c45-0981b6ef5c46" />
    <UnitTestResult executionId="3e65ac9e-5da9-44fa-aab9-c78426b9c388" testId="a29ab1db-8305-8d4c-4b34-cf235b407b90" testName="TestHasCapapability_GreaterThan_Success" computerName="DKSR-EFI-06" duration="00:00:00.0001706" startTime="2024-01-09T15:47:07.4720352+01:00" endTime="2024-01-09T15:47:07.4720352+01:00" testType="13cdc9d9-ddb5-4fa4-a97d-d965ccfc6d4b" outcome="Passed" testListId="8c84fa94-04c1-424b-9868-57a2d4851a1d" relativeResultsDirectory="3e65ac9e-5da9-44fa-aab9-c78426b9c388" />
    <UnitTestResult executionId="b9bd50b2-12b9-4229-9242-802d92a88b9b" testId="4008f5fb-3189-e45e-5cbf-2d8d6943a733" testName="AddSelectedWindowsToExport_ShouldShowCorrectToastMessages (0,0,1)" computerName="DKSR-EFI-06" duration="00:00:00.0045478" startTime="2024-01-09T15:47:11.7856209+01:00" endTime="2024-01-09T15:47:11.7856209+01:00" testType="13cdc9d9-ddb5-4fa4-a97d-d965ccfc6d4b" outcome="Passed" testListId="8c84fa94-04c1-424b-9868-57a2d4851a1d" relativeResultsDirectory="b9bd50b2-12b9-4229-9242-802d92a88b9b" />
    <UnitTestResult executionId="6ea8ea2f-78a7-44fa-879f-320c1414b0b9" testId="23c3222c-43bf-12ab-6d71-69f32f727a99" testName="Constructor_ShouldCreateNewGenericClient_WhenPassedWithNotOldVersion" computerName="DKSR-EFI-06" duration="00:00:00.0064267" startTime="2024-01-09T15:45:09.8575079+01:00" endTime="2024-01-09T15:45:09.8575079+01:00" testType="13cdc9d9-ddb5-4fa4-a97d-d965ccfc6d4b" outcome="Passed" testListId="8c84fa94-04c1-424b-9868-57a2d4851a1d" relativeResultsDirectory="6ea8ea2f-78a7-44fa-879f-320c1414b0b9" />
    <UnitTestResult executionId="5a300866-b0a8-4655-914c-77a779f4c959" testId="b747edf0-9262-f0c5-aca1-78a34402aa92" testName="SearchAction_LiveMode" computerName="DKSR-EFI-06" duration="00:00:00.0179519" startTime="2024-01-09T15:47:12.2857381+01:00" endTime="2024-01-09T15:47:12.3013676+01:00" testType="13cdc9d9-ddb5-4fa4-a97d-d965ccfc6d4b" outcome="Passed" testListId="8c84fa94-04c1-424b-9868-57a2d4851a1d" relativeResultsDirectory="5a300866-b0a8-4655-914c-77a779f4c959" />
    <UnitTestResult executionId="da5bac52-cc64-4c52-ab8e-a761df65014a" testId="e9263aa8-347f-0f52-1f4b-0a131d318784" testName="HandleGetLayerFeatures_ShouldRaiseArgumentException_WhenNotCameraKind" computerName="DKSR-EFI-06" duration="00:00:00.0011891" startTime="2024-01-09T15:47:07.1438196+01:00" endTime="2024-01-09T15:47:07.1438196+01:00" testType="13cdc9d9-ddb5-4fa4-a97d-d965ccfc6d4b" outcome="Passed" testListId="8c84fa94-04c1-424b-9868-57a2d4851a1d" relativeResultsDirectory="da5bac52-cc64-4c52-ab8e-a761df65014a" />
    <UnitTestResult executionId="33b36876-1359-4b18-9f1f-d74cd9620468" testId="9121a1cd-2d02-27fe-e6a5-6751e2d93e61" testName="ShouldExposeCalculatedValues" computerName="DKSR-EFI-06" duration="00:00:00.0094141" startTime="2024-01-09T15:45:39.3731699+01:00" endTime="2024-01-09T15:45:39.3887943+01:00" testType="13cdc9d9-ddb5-4fa4-a97d-d965ccfc6d4b" outcome="Passed" testListId="8c84fa94-04c1-424b-9868-57a2d4851a1d" relativeResultsDirectory="33b36876-1359-4b18-9f1f-d74cd9620468" />
    <UnitTestResult executionId="5e39f6a6-e7ab-4585-b818-68bffe664bee" testId="05aeaa8c-7d80-f9e7-54a6-810812bf76ac" testName="ConnectSlave_FailToConnectAndDoNotAllowgSecureConnection_ShouldThrowException" computerName="DKSR-EFI-06" duration="00:00:00.0033562" startTime="2024-01-09T15:45:08.9356329+01:00" endTime="2024-01-09T15:45:08.9512569+01:00" testType="13cdc9d9-ddb5-4fa4-a97d-d965ccfc6d4b" outcome="Passed" testListId="8c84fa94-04c1-424b-9868-57a2d4851a1d" relativeResultsDirectory="5e39f6a6-e7ab-4585-b818-68bffe664bee" />
    <UnitTestResult executionId="5dd14e4a-ee10-437a-ac62-7788a11826f2" testId="b292696a-1665-7718-2677-c233de8e9b49" testName="UserHasDeletePublicSearchPermission_HasDeletePermission_ReturnsTrue" computerName="DKSR-EFI-06" duration="00:00:00.0004595" startTime="2024-01-09T15:46:44.1070176+01:00" endTime="2024-01-09T15:46:44.1070176+01:00" testType="13cdc9d9-ddb5-4fa4-a97d-d965ccfc6d4b" outcome="Passed" testListId="8c84fa94-04c1-424b-9868-57a2d4851a1d" relativeResultsDirectory="5dd14e4a-ee10-437a-ac62-7788a11826f2" />
    <UnitTestResult executionId="4091ab37-1c0e-4113-b9e1-497dd63a0651" testId="80e1e452-82cf-b088-db40-d28f7d32c62d" testName="EdgeRetrieve when Live" computerName="DKSR-EFI-06" duration="00:00:00.0166986" startTime="2024-01-09T15:47:10.3946794+01:00" endTime="2024-01-09T15:47:10.6447369+01:00" testType="13cdc9d9-ddb5-4fa4-a97d-d965ccfc6d4b" outcome="Passed" testListId="8c84fa94-04c1-424b-9868-57a2d4851a1d" relativeResultsDirectory="4091ab37-1c0e-4113-b9e1-497dd63a0651" />
    <UnitTestResult executionId="10dca586-2a5d-4c25-802d-41a95acfc8e7" testId="863152b5-1e2c-356b-c14c-cd62911ba167" testName="PatrollingStepListViewModel_CanDeleteStepExecute" computerName="DKSR-EFI-06" duration="00:00:00.0023991" startTime="2024-01-09T15:47:09.6288770+01:00" endTime="2024-01-09T15:47:09.6288770+01:00" testType="13cdc9d9-ddb5-4fa4-a97d-d965ccfc6d4b" outcome="Passed" testListId="8c84fa94-04c1-424b-9868-57a2d4851a1d" relativeResultsDirectory="10dca586-2a5d-4c25-802d-41a95acfc8e7" />
    <UnitTestResult executionId="09917135-7011-4ed8-a6cb-9095097508e5" testId="27f45b32-e46d-1c8f-ae71-a8a2f0519cb3" testName="UpdateScope_ScopeDurationChange_ReturnsTrue" computerName="DKSR-EFI-06" duration="00:00:00.0001339" startTime="2024-01-09T15:46:45.2634645+01:00" endTime="2024-01-09T15:46:45.2634645+01:00" testType="13cdc9d9-ddb5-4fa4-a97d-d965ccfc6d4b" outcome="Passed" testListId="8c84fa94-04c1-424b-9868-57a2d4851a1d" relativeResultsDirectory="09917135-7011-4ed8-a6cb-9095097508e5" />
    <UnitTestResult executionId="a6dcbff2-7485-4289-80fe-1deb00738b9f" testId="9dc38d44-5d89-36d6-7b22-483d30b44b5f" testName="DefaultConstructor_Success" computerName="DKSR-EFI-06" duration="00:00:00.0184849" startTime="2024-01-09T15:47:00.5171352+01:00" endTime="2024-01-09T15:47:00.5327715+01:00" testType="13cdc9d9-ddb5-4fa4-a97d-d965ccfc6d4b" outcome="Passed" testListId="8c84fa94-04c1-424b-9868-57a2d4851a1d" relativeResultsDirectory="a6dcbff2-7485-4289-80fe-1deb00738b9f" />
    <UnitTestResult executionId="ee1e5b21-2a8a-44aa-be34-b8f2f8d0fab4" testId="1522f9c5-5447-f8a7-7916-026ac691e6f0" testName="GetDuration_SeveralMinutes_Success" computerName="DKSR-EFI-06" duration="00:00:00.0003710" startTime="2024-01-09T15:46:43.7475856+01:00" endTime="2024-01-09T15:46:43.7475856+01:00" testType="13cdc9d9-ddb5-4fa4-a97d-d965ccfc6d4b" outcome="Passed" testListId="8c84fa94-04c1-424b-9868-57a2d4851a1d" relativeResultsDirectory="ee1e5b21-2a8a-44aa-be34-b8f2f8d0fab4" />
    <UnitTestResult executionId="3117eccd-c518-4d55-8958-6e857c0c31b1" testId="0e8eb8b8-1a42-be54-07c1-244508590add" testName="BuildingChangeProperty_Persisted_Success" computerName="DKSR-EFI-06" duration="00:00:00.0141343" startTime="2024-01-09T15:47:00.6421509+01:00" endTime="2024-01-09T15:47:00.6577783+01:00" testType="13cdc9d9-ddb5-4fa4-a97d-d965ccfc6d4b" outcome="Passed" testListId="8c84fa94-04c1-424b-9868-57a2d4851a1d" relativeResultsDirectory="3117eccd-c518-4d55-8958-6e857c0c31b1" />
    <UnitTestResult executionId="a0bcc889-bca3-470b-ab45-9539059c5202" testId="cb533a58-4a71-8bf8-23d3-b894ae78ba25" testName="SidePanelToggleButtonIsVisible_DependingOnConditions (Normal,True,False,True)" computerName="DKSR-EFI-06" duration="00:00:00.0194100" startTime="2024-01-09T15:47:10.7228854+01:00" endTime="2024-01-09T15:47:10.7541387+01:00" testType="13cdc9d9-ddb5-4fa4-a97d-d965ccfc6d4b" outcome="Passed" testListId="8c84fa94-04c1-424b-9868-57a2d4851a1d" relativeResultsDirectory="a0bcc889-bca3-470b-ab45-9539059c5202" />
    <UnitTestResult executionId="0ec8ca9d-dec2-43cc-a507-d6e7a437ca8b" testId="4dadd341-55c4-2c66-0797-5674a8d63b8b" testName="ConvertBack_ShouldReturnIsNormalState_WhenValueIsNull" computerName="DKSR-EFI-06" duration="00:00:00.0023514" startTime="2024-01-09T15:45:26.9669160+01:00" endTime="2024-01-09T15:45:26.9669160+01:00" testType="13cdc9d9-ddb5-4fa4-a97d-d965ccfc6d4b" outcome="Passed" testListId="8c84fa94-04c1-424b-9868-57a2d4851a1d" relativeResultsDirectory="0ec8ca9d-dec2-43cc-a507-d6e7a437ca8b" />
    <UnitTestResult executionId="8e7abfb7-513f-4ee6-8d96-bc62ae90cbdf" testId="13732851-1316-f3ba-505c-1b7f66e1148d" testName="SmartSearchResultDto_ShouldYieldSameValues_WhenRoundTripConverted" computerName="DKSR-EFI-06" duration="00:00:00.0025365" startTime="2024-01-09T15:45:09.0450077+01:00" endTime="2024-01-09T15:45:09.0606317+01:00" testType="13cdc9d9-ddb5-4fa4-a97d-d965ccfc6d4b" outcome="Passed" testListId="8c84fa94-04c1-424b-9868-57a2d4851a1d" relativeResultsDirectory="8e7abfb7-513f-4ee6-8d96-bc62ae90cbdf" />
    <UnitTestResult executionId="76ecc397-67fe-422f-a31a-3e8a23dfd9c0" testId="5a96ab5f-7525-5e8b-4ceb-aece78f169bb" testName="Connect_WhenMajorServerVersionIs13AndMinorServerVersionIs3_ShouldCreateNewSchClient" computerName="DKSR-EFI-06" duration="00:00:00.0274341" startTime="2024-01-09T15:45:09.7950064+01:00" endTime="2024-01-09T15:45:09.8262566+01:00" testType="13cdc9d9-ddb5-4fa4-a97d-d965ccfc6d4b" outcome="Passed" testListId="8c84fa94-04c1-424b-9868-57a2d4851a1d" relativeResultsDirectory="76ecc397-67fe-422f-a31a-3e8a23dfd9c0" />
    <UnitTestResult executionId="107e93fd-f076-4c0a-b830-83d677a2ccfc" testId="dfb5cf56-cecf-f905-a0de-98205eae9749" testName="RightButtonUp_ShouldNotChangeActiveInteractionState_WhenInteractionStateIsAddNewDevice" computerName="DKSR-EFI-06" duration="00:00:00.0187539" startTime="2024-01-09T15:45:31.3575448+01:00" endTime="2024-01-09T15:45:31.3731671+01:00" testType="13cdc9d9-ddb5-4fa4-a97d-d965ccfc6d4b" outcome="Passed" testListId="8c84fa94-04c1-424b-9868-57a2d4851a1d" relativeResultsDirectory="107e93fd-f076-4c0a-b830-83d677a2ccfc" />
    <UnitTestResult executionId="0c4ff25e-8472-4569-974f-f6d042939e71" testId="a93415ec-de36-b2ea-d5e2-6436a58b1c63" testName="BookmarkSearchTime_WithSearchStringInDifferentCases_ReturnCorrectBookmarkWithSearchStringInDescription (SeArChStRiNg,False,True,False,False,,,1)" computerName="DKSR-EFI-06" duration="00:00:00.0047008" startTime="2024-01-09T15:47:12.9577522+01:00" endTime="2024-01-09T15:47:12.9577522+01:00" testType="13cdc9d9-ddb5-4fa4-a97d-d965ccfc6d4b" outcome="Passed" testListId="8c84fa94-04c1-424b-9868-57a2d4851a1d" relativeResultsDirectory="0c4ff25e-8472-4569-974f-f6d042939e71" />
    <UnitTestResult executionId="46c46b5f-b794-4fed-81b7-9654d43bad1f" testId="27435069-3b26-ac29-8504-ccee8722f11b" testName="ToDenormalizedDirection_Minus0_5" computerName="DKSR-EFI-06" duration="00:00:00.0000847" startTime="2024-01-09T15:47:01.2047375+01:00" endTime="2024-01-09T15:47:01.2047375+01:00" testType="13cdc9d9-ddb5-4fa4-a97d-d965ccfc6d4b" outcome="Passed" testListId="8c84fa94-04c1-424b-9868-57a2d4851a1d" relativeResultsDirectory="46c46b5f-b794-4fed-81b7-9654d43bad1f" />
    <UnitTestResult executionId="2b020370-fe77-4c4c-8e36-6f6bee106140" testId="9c23bc24-c1ee-6f47-512c-5d239bfcd591" testName="HasMd5ProviderStrategy_ShouldReturnTrue_WhenSomeEventServerIdAreNonFipsCompliant" computerName="DKSR-EFI-06" duration="00:00:00.0004647" startTime="2024-01-09T15:47:19.3181836+01:00" endTime="2024-01-09T15:47:19.3181836+01:00" testType="13cdc9d9-ddb5-4fa4-a97d-d965ccfc6d4b" outcome="Passed" testListId="8c84fa94-04c1-424b-9868-57a2d4851a1d" relativeResultsDirectory="2b020370-fe77-4c4c-8e36-6f6bee106140" />
    <UnitTestResult executionId="81e8c50c-aa9a-487b-8d93-a5884463dfca" testId="ba333333-3cb8-334f-91af-f5ad79143e8f" testName="ToDenormalizedDirection_Minus1_0" computerName="DKSR-EFI-06" duration="00:00:00.0001042" startTime="2024-01-09T15:47:01.2047375+01:00" endTime="2024-01-09T15:47:01.2047375+01:00" testType="13cdc9d9-ddb5-4fa4-a97d-d965ccfc6d4b" outcome="Passed" testListId="8c84fa94-04c1-424b-9868-57a2d4851a1d" relativeResultsDirectory="81e8c50c-aa9a-487b-8d93-a5884463dfca" />
    <UnitTestResult executionId="2bfe46cc-66b5-4ab6-ba88-e61f5b5734fa" testId="da81eaec-1453-f24c-a30b-9b3f5e23a05c" testName="SearchAction_BrowseMode_30MinutesInThePast" computerName="DKSR-EFI-06" duration="00:00:00.0074175" startTime="2024-01-09T15:47:12.4420174+01:00" endTime="2024-01-09T15:47:12.4420174+01:00" testType="13cdc9d9-ddb5-4fa4-a97d-d965ccfc6d4b" outcome="Passed" testListId="8c84fa94-04c1-424b-9868-57a2d4851a1d" relativeResultsDirectory="2bfe46cc-66b5-4ab6-ba88-e61f5b5734fa" />
    <UnitTestResult executionId="9bc58eda-03e6-4649-8e83-827df00b66dd" testId="9b54b5db-74ce-7f6e-1fd4-798a1baa40f1" testName="IsBasicUser_ShouldReturnTrue_WhenConstructedUsingSimple" computerName="DKSR-EFI-06" duration="00:00:00.0004355" startTime="2024-01-09T15:45:20.1856603+01:00" endTime="2024-01-09T15:45:20.1856603+01:00" testType="13cdc9d9-ddb5-4fa4-a97d-d965ccfc6d4b" outcome="Passed" testListId="8c84fa94-04c1-424b-9868-57a2d4851a1d" relativeResultsDirectory="9bc58eda-03e6-4649-8e83-827df00b66dd" />
    <UnitTestResult executionId="9acb3e2a-85d0-4830-a9d4-8fd0fba98df9" testId="31ae9737-3293-daff-e7b1-357b7daf0b9b" testName="ShouldReturnFalseWhenScaleChangedButOverlayTypeIsNotRedraw" computerName="DKSR-EFI-06" duration="00:00:00.0016813" startTime="2024-01-09T15:45:39.2950458+01:00" endTime="2024-01-09T15:45:39.3106688+01:00" testType="13cdc9d9-ddb5-4fa4-a97d-d965ccfc6d4b" outcome="Passed" testListId="8c84fa94-04c1-424b-9868-57a2d4851a1d" relativeResultsDirectory="9acb3e2a-85d0-4830-a9d4-8fd0fba98df9" />
    <UnitTestResult executionId="63720963-1a55-49a9-95ee-5dc2459d2cd9" testId="e63df314-54b1-32a3-73ac-881577d2c079" testName="SetLayerFeatures_ShouldUpdateOutputItemsMapLayer_WhenOutputKindAndOutputLayerFeatures" computerName="DKSR-EFI-06" duration="00:00:00.0025204" startTime="2024-01-09T15:47:07.3626366+01:00" endTime="2024-01-09T15:47:07.3626366+01:00" testType="13cdc9d9-ddb5-4fa4-a97d-d965ccfc6d4b" outcome="Passed" testListId="8c84fa94-04c1-424b-9868-57a2d4851a1d" relativeResultsDirectory="63720963-1a55-49a9-95ee-5dc2459d2cd9" />
    <UnitTestResult executionId="c374cd4a-97de-43a9-8cb8-4ba05b67e143" testId="a31ae58a-ac3b-c32e-1d10-665517748c9e" testName="Deserialize_UnknownFilterCategory_Error" computerName="DKSR-EFI-06" duration="00:00:00.0025791" startTime="2024-01-09T15:46:45.5447586+01:00" endTime="2024-01-09T15:46:45.5447586+01:00" testType="13cdc9d9-ddb5-4fa4-a97d-d965ccfc6d4b" outcome="Passed" testListId="8c84fa94-04c1-424b-9868-57a2d4851a1d" relativeResultsDirectory="c374cd4a-97de-43a9-8cb8-4ba05b67e143" />
    <UnitTestResult executionId="e04c42e2-13d7-4bde-9181-98660c63bc01" testId="1a5d20b5-3e71-5ce5-a87e-e4e29bb0d7d5" testName="Ctor_NullPlugin_Throws" computerName="DKSR-EFI-06" duration="00:00:00.0006365" startTime="2024-01-09T15:46:36.0582853+01:00" endTime="2024-01-09T15:46:36.0582853+01:00" testType="13cdc9d9-ddb5-4fa4-a97d-d965ccfc6d4b" outcome="Passed" testListId="8c84fa94-04c1-424b-9868-57a2d4851a1d" relativeResultsDirectory="e04c42e2-13d7-4bde-9181-98660c63bc01" />
    <UnitTestResult executionId="bea9ccb9-6cee-4045-92a3-225c3219dd81" testId="c38b7f29-0890-e425-1d35-d7b906d89816" testName="BuildEvidenceCreatedProperties_ShouldReturnCorrectValues (some headline,some description,03:00:00,Days,1.22:00:00,0,True,True,03:00:00,Days,1.22:00:00,0)" computerName="DKSR-EFI-06" duration="00:00:00.0151981" startTime="2024-01-09T15:47:17.5679414+01:00" endTime="2024-01-09T15:47:17.5835688+01:00" testType="13cdc9d9-ddb5-4fa4-a97d-d965ccfc6d4b" outcome="Passed" testListId="8c84fa94-04c1-424b-9868-57a2d4851a1d" relativeResultsDirectory="bea9ccb9-6cee-4045-92a3-225c3219dd81" />
    <UnitTestResult executionId="26165076-603f-49b8-a4f1-ab344b6ad6b9" testId="e998f77e-77b2-7e10-d8db-3813eb8031aa" testName="GetClusters_ThreeInitialItems_ClustersForInitialItems (Data Row 14)" computerName="DKSR-EFI-06" duration="00:00:00.0090883" startTime="2024-01-09T15:47:08.8161554+01:00" endTime="2024-01-09T15:47:09.0037088+01:00" testType="13cdc9d9-ddb5-4fa4-a97d-d965ccfc6d4b" outcome="Passed" testListId="8c84fa94-04c1-424b-9868-57a2d4851a1d" relativeResultsDirectory="26165076-603f-49b8-a4f1-ab344b6ad6b9" />
    <UnitTestResult executionId="1ff262f2-62b2-4c3c-b535-8f6f958baca1" testId="d4872f30-d2e7-fc1d-f456-df3197080a48" testName="CameraMapItem_ForceActivateAsync_NotInBuilding_Success" computerName="DKSR-EFI-06" duration="00:00:00.2201594" startTime="2024-01-09T15:47:02.6893434+01:00" endTime="2024-01-09T15:47:02.9081216+01:00" testType="13cdc9d9-ddb5-4fa4-a97d-d965ccfc6d4b" outcome="Passed" testListId="8c84fa94-04c1-424b-9868-57a2d4851a1d" relativeResultsDirectory="1ff262f2-62b2-4c3c-b535-8f6f958baca1" />
    <UnitTestResult executionId="7aab79ca-0ede-41f3-9279-e1f87773434b" testId="907e6cbe-4234-cd51-c51e-c0122588864e" testName="MonitorsAreSortedCorrectly" computerName="DKSR-EFI-06" duration="00:00:00.0048655" startTime="2024-01-09T15:47:11.0838470+01:00" endTime="2024-01-09T15:47:11.0838470+01:00" testType="13cdc9d9-ddb5-4fa4-a97d-d965ccfc6d4b" outcome="Passed" testListId="8c84fa94-04c1-424b-9868-57a2d4851a1d" relativeResultsDirectory="7aab79ca-0ede-41f3-9279-e1f87773434b" />
    <UnitTestResult executionId="00d568d1-86cf-4df6-8282-950f8ea3ccce" testId="f680908c-3b4b-7b4d-7066-6e5fce7c0b27" testName="GetClusters_ExcludeThenIncludeExcludedItems_NoChange (Data Row 8)" computerName="DKSR-EFI-06" duration="00:00:00.0117783" startTime="2024-01-09T15:47:07.8784025+01:00" endTime="2024-01-09T15:47:08.0815823+01:00" testType="13cdc9d9-ddb5-4fa4-a97d-d965ccfc6d4b" outcome="Passed" testListId="8c84fa94-04c1-424b-9868-57a2d4851a1d" relativeResultsDirectory="00d568d1-86cf-4df6-8282-950f8ea3ccce" />
    <UnitTestResult executionId="99dfa790-b2fb-4a98-adfe-a81713d95532" testId="831c9d38-b235-c32d-79f4-dc554e18bb06" testName="PtzSessionControllerInfo_ReservedChangedTest_Different" computerName="DKSR-EFI-06" duration="00:00:00.0003804" startTime="2024-01-09T15:45:19.6231571+01:00" endTime="2024-01-09T15:45:19.6231571+01:00" testType="13cdc9d9-ddb5-4fa4-a97d-d965ccfc6d4b" outcome="Passed" testListId="8c84fa94-04c1-424b-9868-57a2d4851a1d" relativeResultsDirectory="99dfa790-b2fb-4a98-adfe-a81713d95532" />
    <UnitTestResult executionId="abbfe7d5-669e-40a1-ba06-b94cb980f796" testId="1742c7aa-b082-d69c-8853-7ede68919ffd" testName="SmartSearchStatusType_ShouldYieldSameValuesForAllEnumValues_WhenRoundTripConverted (UnspecifiedError,UnspecifiedError)" computerName="DKSR-EFI-06" duration="00:00:00.0000198" startTime="2024-01-09T15:45:09.2637587+01:00" endTime="2024-01-09T15:45:09.2637587+01:00" testType="13cdc9d9-ddb5-4fa4-a97d-d965ccfc6d4b" outcome="Passed" testListId="8c84fa94-04c1-424b-9868-57a2d4851a1d" relativeResultsDirectory="abbfe7d5-669e-40a1-ba06-b94cb980f796" />
    <UnitTestResult executionId="025cb646-9d44-47df-a1ae-9b36551c1bf9" testId="b504ac94-d24b-65b3-ca37-c7d43c96a4da" testName="PointMapItem_InputWithNoShortName_Success" computerName="DKSR-EFI-06" duration="00:00:00.0514665" startTime="2024-01-09T15:47:06.0966179+01:00" endTime="2024-01-09T15:47:06.1591412+01:00" testType="13cdc9d9-ddb5-4fa4-a97d-d965ccfc6d4b" outcome="Passed" testListId="8c84fa94-04c1-424b-9868-57a2d4851a1d" relativeResultsDirectory="025cb646-9d44-47df-a1ae-9b36551c1bf9" />
    <UnitTestResult executionId="d6c01cc0-df2d-4bca-8b41-6b73ad1a8f66" testId="3a31272a-a65c-0e34-46f8-f3357cdba23a" testName="IconValueConverter_ConvertInvalidIconSourceFallbackBuiltIn_Success" computerName="DKSR-EFI-06" duration="00:00:00.0042300" startTime="2024-01-09T15:46:14.3336672+01:00" endTime="2024-01-09T15:46:14.3336672+01:00" testType="13cdc9d9-ddb5-4fa4-a97d-d965ccfc6d4b" outcome="Passed" testListId="8c84fa94-04c1-424b-9868-57a2d4851a1d" relativeResultsDirectory="d6c01cc0-df2d-4bca-8b41-6b73ad1a8f66" />
    <UnitTestResult executionId="489fa72e-ce61-4bec-9554-1edd934797e0" testId="45576843-c696-061d-15e3-1a981d4c54b2" testName="SmartMapGoToLocationHandler_WhenDataIsNotSmartMapGoToLocationCommandData_ShouldWriteToLog" computerName="DKSR-EFI-06" duration="00:00:00.0026103" startTime="2024-01-09T15:45:38.8887942+01:00" endTime="2024-01-09T15:45:38.8887942+01:00" testType="13cdc9d9-ddb5-4fa4-a97d-d965ccfc6d4b" outcome="Passed" testListId="8c84fa94-04c1-424b-9868-57a2d4851a1d" relativeResultsDirectory="489fa72e-ce61-4bec-9554-1edd934797e0" />
    <UnitTestResult executionId="f105f1f8-5051-4442-b5fd-0b6197fa8864" testId="145e0ff6-94b3-8f9e-a3e6-3b43ce77eb33" testName="IsReCenterButtonVisible_MappedToViewModel_Success" computerName="DKSR-EFI-06" duration="00:00:00.0219639" startTime="2024-01-09T15:45:39.5762959+01:00" endTime="2024-01-09T15:45:39.5919195+01:00" testType="13cdc9d9-ddb5-4fa4-a97d-d965ccfc6d4b" outcome="Passed" testListId="8c84fa94-04c1-424b-9868-57a2d4851a1d" relativeResultsDirectory="f105f1f8-5051-4442-b5fd-0b6197fa8864" />
    <UnitTestResult executionId="be9875bb-5960-4e41-b827-41ac4a16ef86" testId="80e1e452-82cf-b088-db40-d28f7d32c62d" testName="Export when Other" computerName="DKSR-EFI-06" duration="00:00:00.0187557" startTime="2024-01-09T15:47:10.3946794+01:00" endTime="2024-01-09T15:47:10.6447369+01:00" testType="13cdc9d9-ddb5-4fa4-a97d-d965ccfc6d4b" outcome="Passed" testListId="8c84fa94-04c1-424b-9868-57a2d4851a1d" relativeResultsDirectory="be9875bb-5960-4e41-b827-41ac4a16ef86" />
    <UnitTestResult executionId="99ea3a67-f0f9-4f6b-93a0-b52df8360c5e" testId="669fc029-8875-e129-8d0c-bd7a31bdd15f" testName="DeviceIcons_ShouldBeCached_WhenCalled" computerName="DKSR-EFI-06" duration="00:00:00.0001854" startTime="2024-01-09T15:47:04.4085662+01:00" endTime="2024-01-09T15:47:04.4085662+01:00" testType="13cdc9d9-ddb5-4fa4-a97d-d965ccfc6d4b" outcome="Passed" testListId="8c84fa94-04c1-424b-9868-57a2d4851a1d" relativeResultsDirectory="99ea3a67-f0f9-4f6b-93a0-b52df8360c5e" />
    <UnitTestResult executionId="2ed851cb-1877-42d6-97a4-3108696b18f6" testId="60f76d2a-8443-d6c5-ab49-4b19e96bdb7e" testName="Toolbar_IsVisible_WhenInPlayback" computerName="DKSR-EFI-06" duration="00:00:00.0188740" startTime="2024-01-09T15:47:10.9104249+01:00" endTime="2024-01-09T15:47:10.9260496+01:00" testType="13cdc9d9-ddb5-4fa4-a97d-d965ccfc6d4b" outcome="Passed" testListId="8c84fa94-04c1-424b-9868-57a2d4851a1d" relativeResultsDirectory="2ed851cb-1877-42d6-97a4-3108696b18f6" />
    <UnitTestResult executionId="77b08005-2be1-4549-ac75-82b3e4cae91c" testId="24aad481-07c1-3aaa-142a-c2bdd14112ca" testName="IconValueConverter_ConvertBack_Fail" computerName="DKSR-EFI-06" duration="00:00:00.0012665" startTime="2024-01-09T15:46:14.3492631+01:00" endTime="2024-01-09T15:46:14.3492631+01:00" testType="13cdc9d9-ddb5-4fa4-a97d-d965ccfc6d4b" outcome="Passed" testListId="8c84fa94-04c1-424b-9868-57a2d4851a1d" relativeResultsDirectory="77b08005-2be1-4549-ac75-82b3e4cae91c" />
    <UnitTestResult executionId="4f29c771-3810-4205-9b41-bc64ce46ddaa" testId="1947d432-ac4e-8ff4-6a61-109d18cd0bdb" testName="ConvertToNewLevel_OneLevelDown_Success" computerName="DKSR-EFI-06" duration="00:00:00.0002997" startTime="2024-01-09T15:47:08.7536512+01:00" endTime="2024-01-09T15:47:08.7536512+01:00" testType="13cdc9d9-ddb5-4fa4-a97d-d965ccfc6d4b" outcome="Passed" testListId="8c84fa94-04c1-424b-9868-57a2d4851a1d" relativeResultsDirectory="4f29c771-3810-4205-9b41-bc64ce46ddaa" />
    <UnitTestResult executionId="63d9cbb9-847c-4370-9e85-f943253d61c4" testId="f5cc9535-b7e6-daa3-8b93-880b7a1798ad" testName="AddClientId_WhereClientIsNull_ThrowException" computerName="DKSR-EFI-06" duration="00:00:00.0011943" startTime="2024-01-09T15:45:30.9512941+01:00" endTime="2024-01-09T15:45:30.9512941+01:00" testType="13cdc9d9-ddb5-4fa4-a97d-d965ccfc6d4b" outcome="Passed" testListId="8c84fa94-04c1-424b-9868-57a2d4851a1d" relativeResultsDirectory="63d9cbb9-847c-4370-9e85-f943253d61c4" />
    <UnitTestResult executionId="4f359b60-cde2-4cba-80d7-268f93b683ab" testId="3fc559f5-bb13-876b-1485-1faebe02441c" testName="OutputItemsMapLayer_Load_Save_DataIsSame_WhenOutputIsEnabled" computerName="DKSR-EFI-06" duration="00:00:00.0143280" startTime="2024-01-09T15:47:01.5172970+01:00" endTime="2024-01-09T15:47:01.5329152+01:00" testType="13cdc9d9-ddb5-4fa4-a97d-d965ccfc6d4b" outcome="Passed" testListId="8c84fa94-04c1-424b-9868-57a2d4851a1d" relativeResultsDirectory="4f359b60-cde2-4cba-80d7-268f93b683ab" />
    <UnitTestResult executionId="04ecd0b9-6b5c-4297-aaf5-a8f380288f87" testId="dd8ceee9-e0da-460a-3a9b-41ccef9e8e3e" testName="DeleteMapItems_ShouldReturnFalse_WhenUserDeclinesDeletionOfSingleItem" computerName="DKSR-EFI-06" duration="00:00:00.0029756" startTime="2024-01-09T15:47:04.3616837+01:00" endTime="2024-01-09T15:47:04.3616837+01:00" testType="13cdc9d9-ddb5-4fa4-a97d-d965ccfc6d4b" outcome="Passed" testListId="8c84fa94-04c1-424b-9868-57a2d4851a1d" relativeResultsDirectory="04ecd0b9-6b5c-4297-aaf5-a8f380288f87" />
    <UnitTestResult executionId="9b82748f-6256-41c4-9c8f-455aa3a449d6" testId="d516c9f8-a086-c688-a8dc-fd4cd17c2bf6" testName="Deserialize_InvalidValidate_ErrorCollectionNotEmpty" computerName="DKSR-EFI-06" duration="00:00:00.0042651" startTime="2024-01-09T15:46:45.0759341+01:00" endTime="2024-01-09T15:46:45.0759341+01:00" testType="13cdc9d9-ddb5-4fa4-a97d-d965ccfc6d4b" outcome="Passed" testListId="8c84fa94-04c1-424b-9868-57a2d4851a1d" relativeResultsDirectory="9b82748f-6256-41c4-9c8f-455aa3a449d6" />
    <UnitTestResult executionId="36de05b8-1b0f-474f-a62b-bfd575d6d8f8" testId="2c1f07ec-ce8f-9b5e-788c-417096e2b9e1" testName="SupportsRightClick_ShouldBeFalse_WhenInteractionStateIsNotNormal" computerName="DKSR-EFI-06" duration="00:00:00.0182306" startTime="2024-01-09T15:45:34.4356718+01:00" endTime="2024-01-09T15:45:34.4512947+01:00" testType="13cdc9d9-ddb5-4fa4-a97d-d965ccfc6d4b" outcome="Passed" testListId="8c84fa94-04c1-424b-9868-57a2d4851a1d" relativeResultsDirectory="36de05b8-1b0f-474f-a62b-bfd575d6d8f8" />
    <UnitTestResult executionId="b71dd0ce-8167-44b1-80d7-79104a966e62" testId="c0d785e8-8864-98d5-b13c-b47a7d8658f2" testName="Initialize_ShouldAttachOptionChanged_WhenAllowOnlyFipsAlgorithmsIsTrueAndAllEventServerIdsAreFipsCompliant" computerName="DKSR-EFI-06" duration="00:00:00.0758874" startTime="2024-01-09T15:47:19.1306628+01:00" endTime="2024-01-09T15:47:19.2087890+01:00" testType="13cdc9d9-ddb5-4fa4-a97d-d965ccfc6d4b" outcome="Passed" testListId="8c84fa94-04c1-424b-9868-57a2d4851a1d" relativeResultsDirectory="b71dd0ce-8167-44b1-80d7-79104a966e62" />
    <UnitTestResult executionId="08580a16-a407-41a8-b738-5466238f7076" testId="9d8dbace-9130-7ffd-4719-3c557ceeb743" testName="CreateSearchDefinition_MultipleCalls_FactoryInvokedWithUniqueSearchManagers" computerName="DKSR-EFI-06" duration="00:00:00.0028930" startTime="2024-01-09T15:46:59.4388611+01:00" endTime="2024-01-09T15:46:59.4388611+01:00" testType="13cdc9d9-ddb5-4fa4-a97d-d965ccfc6d4b" outcome="Passed" testListId="8c84fa94-04c1-424b-9868-57a2d4851a1d" relativeResultsDirectory="08580a16-a407-41a8-b738-5466238f7076" />
    <UnitTestResult executionId="49dec232-8556-49c8-9be5-82dba55054df" testId="aa81343a-5273-d050-4734-4d568d0cd256" testName="PtzSessionControllerInfo_TimeChangedTest_Argument_Null_1" computerName="DKSR-EFI-06" duration="00:00:00.0013986" startTime="2024-01-09T15:45:19.5919077+01:00" endTime="2024-01-09T15:45:19.5919077+01:00" testType="13cdc9d9-ddb5-4fa4-a97d-d965ccfc6d4b" outcome="Passed" testListId="8c84fa94-04c1-424b-9868-57a2d4851a1d" relativeResultsDirectory="49dec232-8556-49c8-9be5-82dba55054df" />
    <UnitTestResult executionId="f0bedf58-cb56-4908-ae2a-1d69024fab97" testId="03169915-5e36-4862-8f40-5f0139419946" testName="PatrollingStepListViewModel_MoveStepDownCommand" computerName="DKSR-EFI-06" duration="00:00:00.0018530" startTime="2024-01-09T15:47:09.6445033+01:00" endTime="2024-01-09T15:47:09.6445033+01:00" testType="13cdc9d9-ddb5-4fa4-a97d-d965ccfc6d4b" outcome="Passed" testListId="8c84fa94-04c1-424b-9868-57a2d4851a1d" relativeResultsDirectory="f0bedf58-cb56-4908-ae2a-1d69024fab97" />
    <UnitTestResult executionId="657e6287-0868-43a8-92aa-ba06ea12c0a4" testId="cb87ae3f-127d-d533-f5f1-ec7b4f65cbcc" testName="SearchResultsActionBarActions_Export_OptionMediaPlayerAvailable_OtherExportOptionsUnavailable_NotVisible" computerName="DKSR-EFI-06" duration="00:00:00.0110334" startTime="2024-01-09T15:46:35.3236806+01:00" endTime="2024-01-09T15:46:35.3393177+01:00" testType="13cdc9d9-ddb5-4fa4-a97d-d965ccfc6d4b" outcome="Passed" testListId="8c84fa94-04c1-424b-9868-57a2d4851a1d" relativeResultsDirectory="657e6287-0868-43a8-92aa-ba06ea12c0a4" />
    <UnitTestResult executionId="25bbed1f-3dbd-4a4f-9a3d-03d4f6ffa64c" testId="6b0b8696-32c2-657c-f281-65444866a1da" testName="GetDomainAndUserName_ShouldReturnDomainAndUserNamePartOfNetworkCredentials_WhenNetworkCredentialsContainsAUserNameAndDomain" computerName="DKSR-EFI-06" duration="00:00:00.0003137" startTime="2024-01-09T15:45:20.2637846+01:00" endTime="2024-01-09T15:45:20.2637846+01:00" testType="13cdc9d9-ddb5-4fa4-a97d-d965ccfc6d4b" outcome="Passed" testListId="8c84fa94-04c1-424b-9868-57a2d4851a1d" relativeResultsDirectory="25bbed1f-3dbd-4a4f-9a3d-03d4f6ffa64c" />
    <UnitTestResult executionId="6a74884a-2e8c-43f4-b66c-5816a166cb17" testId="17f82cf7-4d92-18c7-4ec3-228bc2e9056a" testName="SmartMapGoToPositionHandler_WhenDataIsValid_ShouldCallNavigateTo" computerName="DKSR-EFI-06" duration="00:00:00.0055872" startTime="2024-01-09T15:45:38.9512934+01:00" endTime="2024-01-09T15:45:38.9512934+01:00" testType="13cdc9d9-ddb5-4fa4-a97d-d965ccfc6d4b" outcome="Passed" testListId="8c84fa94-04c1-424b-9868-57a2d4851a1d" relativeResultsDirectory="6a74884a-2e8c-43f4-b66c-5816a166cb17" />
    <UnitTestResult executionId="f8ea78e2-bbb4-46f2-bfa4-49f4a6f3cfb6" testId="11ced5ad-842d-1524-f246-9d123f54e1e0" testName="SidePanelToggleButtonIsVisible_DependingOnConditions (Normal,False,False,False)" computerName="DKSR-EFI-06" duration="00:00:00.0189891" startTime="2024-01-09T15:47:10.7697713+01:00" endTime="2024-01-09T15:47:10.7853973+01:00" testType="13cdc9d9-ddb5-4fa4-a97d-d965ccfc6d4b" outcome="Passed" testListId="8c84fa94-04c1-424b-9868-57a2d4851a1d" relativeResultsDirectory="f8ea78e2-bbb4-46f2-bfa4-49f4a6f3cfb6" />
    <UnitTestResult executionId="b94ea166-7bfa-4c38-82e1-08d310649f68" testId="e0d78dcd-5614-964a-05ab-ebe0da0d939b" testName="ScrollIntoView_Sync_DataContextChange_Scrolled" computerName="DKSR-EFI-06" duration="00:00:00.1408999" startTime="2024-01-09T15:45:46.3272244+01:00" endTime="2024-01-09T15:45:46.4678910+01:00" testType="13cdc9d9-ddb5-4fa4-a97d-d965ccfc6d4b" outcome="Passed" testListId="8c84fa94-04c1-424b-9868-57a2d4851a1d" relativeResultsDirectory="b94ea166-7bfa-4c38-82e1-08d310649f68" />
    <UnitTestResult executionId="15894a28-561d-4b7f-ac2c-1c7199805af0" testId="15f7fdde-30c5-c5bb-c91a-0ce0590214e2" testName="GetViewGroups" computerName="DKSR-EFI-06" duration="00:00:00.0112372" startTime="2024-01-09T15:45:19.9669076+01:00" endTime="2024-01-09T15:45:19.9825336+01:00" testType="13cdc9d9-ddb5-4fa4-a97d-d965ccfc6d4b" outcome="Passed" testListId="8c84fa94-04c1-424b-9868-57a2d4851a1d" relativeResultsDirectory="15894a28-561d-4b7f-ac2c-1c7199805af0" />
    <UnitTestResult executionId="dcd530d7-20d2-4c1a-abac-39feb919965d" testId="6cafc5ed-fe23-6238-885d-2059ca1b7427" testName="HandleSetLayerFeatures_ShouldRaiseArgumentException_WhenNotCameraKindAndCameraLayerFeaturesAndOutputLayer" computerName="DKSR-EFI-06" duration="00:00:00.0010322" startTime="2024-01-09T15:47:07.1594497+01:00" endTime="2024-01-09T15:47:07.1594497+01:00" testType="13cdc9d9-ddb5-4fa4-a97d-d965ccfc6d4b" outcome="Passed" testListId="8c84fa94-04c1-424b-9868-57a2d4851a1d" relativeResultsDirectory="dcd530d7-20d2-4c1a-abac-39feb919965d" />
    <UnitTestResult executionId="81a2f9ea-48fb-4667-9674-876fc4518e31" testId="c31c0655-edc1-f75e-ad95-999fd95393d5" testName="ValidateExportLocation_ShouldReturnFailResult_ExportFolderIsIllegal (True,True)" computerName="DKSR-EFI-06" duration="00:00:00.0135537" startTime="2024-01-09T15:45:44.1390572+01:00" endTime="2024-01-09T15:45:44.1546873+01:00" testType="13cdc9d9-ddb5-4fa4-a97d-d965ccfc6d4b" outcome="Passed" testListId="8c84fa94-04c1-424b-9868-57a2d4851a1d" relativeResultsDirectory="81a2f9ea-48fb-4667-9674-876fc4518e31" />
    <UnitTestResult executionId="9f01eb0d-6bc0-4ca7-8713-40fc366fc51d" testId="4007ec22-794b-cf4d-bda6-76bc701e6452" testName="TimeToStringConverter_Convert_NullParameter_ReturnUnsetValue" computerName="DKSR-EFI-06" duration="00:00:00.0006892" startTime="2024-01-09T15:46:14.3961484+01:00" endTime="2024-01-09T15:46:14.3961484+01:00" testType="13cdc9d9-ddb5-4fa4-a97d-d965ccfc6d4b" outcome="Passed" testListId="8c84fa94-04c1-424b-9868-57a2d4851a1d" relativeResultsDirectory="9f01eb0d-6bc0-4ca7-8713-40fc366fc51d" />
    <UnitTestResult executionId="f1398535-75bd-4a35-9597-64511ec852e3" testId="15776c9e-bed1-aa30-abbc-b85a9e95cf84" testName="SmartMapGoToLocationHandler_WhenDataIsValid_ShouldCallNavigateTo" computerName="DKSR-EFI-06" duration="00:00:00.0036674" startTime="2024-01-09T15:45:38.9044201+01:00" endTime="2024-01-09T15:45:38.9044201+01:00" testType="13cdc9d9-ddb5-4fa4-a97d-d965ccfc6d4b" outcome="Passed" testListId="8c84fa94-04c1-424b-9868-57a2d4851a1d" relativeResultsDirectory="f1398535-75bd-4a35-9597-64511ec852e3" />
    <UnitTestResult executionId="de77f573-f775-412c-a122-02926c308ae8" testId="8208e4be-3fed-2de3-3add-7c787e622e9d" testName="GisPointToIndexGridPosition_FarWest_Success" computerName="DKSR-EFI-06" duration="00:00:00.0002697" startTime="2024-01-09T15:47:08.7692756+01:00" endTime="2024-01-09T15:47:08.7692756+01:00" testType="13cdc9d9-ddb5-4fa4-a97d-d965ccfc6d4b" outcome="Passed" testListId="8c84fa94-04c1-424b-9868-57a2d4851a1d" relativeResultsDirectory="de77f573-f775-412c-a122-02926c308ae8" />
    <UnitTestResult executionId="9efaf4a7-65d0-480c-ac20-9dc590977f75" testId="89633d51-0a7e-1e94-929d-ec9b25c6de3a" testName="GetKey_ShouldReturnValidConnectionString" computerName="DKSR-EFI-06" duration="00:00:00.0018745" startTime="2024-01-09T15:47:17.6148241+01:00" endTime="2024-01-09T15:47:17.6304474+01:00" testType="13cdc9d9-ddb5-4fa4-a97d-d965ccfc6d4b" outcome="Passed" testListId="8c84fa94-04c1-424b-9868-57a2d4851a1d" relativeResultsDirectory="9efaf4a7-65d0-480c-ac20-9dc590977f75" />
    <UnitTestResult executionId="ef381c14-d081-4dc6-9038-785aca28c59a" testId="504360c9-285d-3030-32b3-a9a95cfffe51" testName="LeftButtonDown_DoubleClick_ZoomsIn" computerName="DKSR-EFI-06" duration="00:00:00.0129909" startTime="2024-01-09T15:45:31.1700439+01:00" endTime="2024-01-09T15:45:31.1856670+01:00" testType="13cdc9d9-ddb5-4fa4-a97d-d965ccfc6d4b" outcome="Passed" testListId="8c84fa94-04c1-424b-9868-57a2d4851a1d" relativeResultsDirectory="ef381c14-d081-4dc6-9038-785aca28c59a" />
    <UnitTestResult executionId="775cb810-f77f-45cd-a8a7-76bfffff7eb9" testId="3a384c62-a21e-fecb-daa1-7890a574eea7" testName="AndOrSearchDefinitionToVisibilityMultiConverter_CallConvert_NotFirstInListAnd" computerName="DKSR-EFI-06" duration="00:00:00.0011031" startTime="2024-01-09T15:46:14.2086175+01:00" endTime="2024-01-09T15:46:14.2242446+01:00" testType="13cdc9d9-ddb5-4fa4-a97d-d965ccfc6d4b" outcome="Passed" testListId="8c84fa94-04c1-424b-9868-57a2d4851a1d" relativeResultsDirectory="775cb810-f77f-45cd-a8a7-76bfffff7eb9" />
    <UnitTestResult executionId="8e1a1f14-88d9-46aa-9489-0c8c6603feda" testId="6ce0ebd1-2fbb-36d1-63ea-8fff8a05554e" testName="UpdateWorkspaceToolbarItemsState_ShouldUpdateToolbarItemState_WhenWorkspaceStateChanges" computerName="DKSR-EFI-06" duration="00:00:00.0079838" startTime="2024-01-09T15:47:10.3634215+01:00" endTime="2024-01-09T15:47:10.3790537+01:00" testType="13cdc9d9-ddb5-4fa4-a97d-d965ccfc6d4b" outcome="Passed" testListId="8c84fa94-04c1-424b-9868-57a2d4851a1d" relativeResultsDirectory="8e1a1f14-88d9-46aa-9489-0c8c6603feda" />
    <UnitTestResult executionId="4ac66dbb-b2bb-4386-b62a-f752950ae3e7" testId="d84aea0e-76b6-55d2-4b7e-5e6eebfaed0e" testName="BoundingShapesCanvasVisibility_UpdateCorrectly" computerName="DKSR-EFI-06" duration="00:00:00.0526604" startTime="2024-01-09T15:47:00.1420781+01:00" endTime="2024-01-09T15:47:00.2045783+01:00" testType="13cdc9d9-ddb5-4fa4-a97d-d965ccfc6d4b" outcome="Passed" testListId="8c84fa94-04c1-424b-9868-57a2d4851a1d" relativeResultsDirectory="4ac66dbb-b2bb-4386-b62a-f752950ae3e7" />
    <UnitTestResult executionId="96139f8a-200e-4aa7-aa27-a95a66f2d13c" testId="17b36dbd-a0b1-7dd9-4d17-df2b3239cefc" testName="DetermineUserAllowsUnsecureConnection_WhereUserIsAskedAndUnsecureIsNotAllow_ShouldReturnFalse" computerName="DKSR-EFI-06" duration="00:00:02.2334626" startTime="2024-01-09T15:45:10.1387565+01:00" endTime="2024-01-09T15:45:12.3731388+01:00" testType="13cdc9d9-ddb5-4fa4-a97d-d965ccfc6d4b" outcome="Passed" testListId="8c84fa94-04c1-424b-9868-57a2d4851a1d" relativeResultsDirectory="96139f8a-200e-4aa7-aa27-a95a66f2d13c" />
    <UnitTestResult executionId="b3117a76-cb6c-4f7d-b6e0-d98d3abd846a" testId="883ed386-0af3-88ca-5bd9-30da25d79f41" testName="SearchResultsActionBarActions_DeleteBookmark_ConfirmDeleteNo_DeleteCancelled" computerName="DKSR-EFI-06" duration="00:00:00.0143078" startTime="2024-01-09T15:46:36.0114045+01:00" endTime="2024-01-09T15:46:36.0270357+01:00" testType="13cdc9d9-ddb5-4fa4-a97d-d965ccfc6d4b" outcome="Passed" testListId="8c84fa94-04c1-424b-9868-57a2d4851a1d" relativeResultsDirectory="b3117a76-cb6c-4f7d-b6e0-d98d3abd846a" />
    <UnitTestResult executionId="73968f9a-4ee2-4c28-9108-2f8f400082a0" testId="8dbcc6f1-4cbd-986e-7ab0-4762c811a25e" testName="IsProductionEnvironment_ShouldReturnCorrectValue (,True)" computerName="DKSR-EFI-06" duration="00:00:00.0001399" startTime="2024-01-09T15:47:17.6304474+01:00" endTime="2024-01-09T15:47:17.6304474+01:00" testType="13cdc9d9-ddb5-4fa4-a97d-d965ccfc6d4b" outcome="Passed" testListId="8c84fa94-04c1-424b-9868-57a2d4851a1d" relativeResultsDirectory="73968f9a-4ee2-4c28-9108-2f8f400082a0" />
    <UnitTestResult executionId="974b7628-76d7-4c5e-b66a-d7f40e5fc4aa" testId="bf3342cd-aa37-ec7a-aed8-02a15815d43f" testName="TestGetAllTasks" computerName="DKSR-EFI-06" duration="00:00:00.0119538" startTime="2024-01-09T15:47:11.2855170+01:00" endTime="2024-01-09T15:47:11.3011468+01:00" testType="13cdc9d9-ddb5-4fa4-a97d-d965ccfc6d4b" outcome="Passed" testListId="8c84fa94-04c1-424b-9868-57a2d4851a1d" relativeResultsDirectory="974b7628-76d7-4c5e-b66a-d7f40e5fc4aa" />
    <UnitTestResult executionId="5dd1bc2e-ef35-4687-8566-4fe484f2fdc1" testId="5d6c44db-c687-1340-5e99-d0beeace71f3" testName="Outline_ShouldRejectSet_WhenOutlineIsNull" computerName="DKSR-EFI-06" duration="00:00:00.0089920" startTime="2024-01-09T15:47:01.1578680+01:00" endTime="2024-01-09T15:47:01.1578680+01:00" testType="13cdc9d9-ddb5-4fa4-a97d-d965ccfc6d4b" outcome="Passed" testListId="8c84fa94-04c1-424b-9868-57a2d4851a1d" relativeResultsDirectory="5dd1bc2e-ef35-4687-8566-4fe484f2fdc1" />
    <UnitTestResult executionId="83e02e3c-2881-44de-b3af-01c6dede8e0c" testId="1189299d-d6c8-7716-1cc1-5c418c696590" testName="SearchResultCombineType_ShouldNotStartSearch_WhenValueDoesNotChanges" computerName="DKSR-EFI-06" duration="00:00:00.0123203" startTime="2024-01-09T15:46:38.6527405+01:00" endTime="2024-01-09T15:46:38.6683701+01:00" testType="13cdc9d9-ddb5-4fa4-a97d-d965ccfc6d4b" outcome="Passed" testListId="8c84fa94-04c1-424b-9868-57a2d4851a1d" relativeResultsDirectory="83e02e3c-2881-44de-b3af-01c6dede8e0c" />
    <UnitTestResult executionId="c628d1ad-4fa0-44f2-932c-3c52e5fed3f7" testId="4cca1d5f-44b2-3473-1e35-1d77003b5df5" testName="LoadBoundingShapes_RectangleShapeWithNegativeWidth_NotAddedToUI" computerName="DKSR-EFI-06" duration="00:00:00.0156181" startTime="2024-01-09T15:47:00.0014572+01:00" endTime="2024-01-09T15:47:00.0170877+01:00" testType="13cdc9d9-ddb5-4fa4-a97d-d965ccfc6d4b" outcome="Passed" testListId="8c84fa94-04c1-424b-9868-57a2d4851a1d" relativeResultsDirectory="c628d1ad-4fa0-44f2-932c-3c52e5fed3f7" />
    <UnitTestResult executionId="e1786c12-9d59-4c76-9dcc-aca06ed484d0" testId="f680908c-3b4b-7b4d-7066-6e5fce7c0b27" testName="GetClusters_ExcludeThenIncludeExcludedItems_NoChange (Data Row 12)" computerName="DKSR-EFI-06" duration="00:00:00.0148220" startTime="2024-01-09T15:47:07.8784025+01:00" endTime="2024-01-09T15:47:08.0815823+01:00" testType="13cdc9d9-ddb5-4fa4-a97d-d965ccfc6d4b" outcome="Passed" testListId="8c84fa94-04c1-424b-9868-57a2d4851a1d" relativeResultsDirectory="e1786c12-9d59-4c76-9dcc-aca06ed484d0" />
    <UnitTestResult executionId="da11c571-f0ee-4597-bbf9-ca726b3ed90c" testId="c182b392-9fcc-95a2-7938-cd3b2c46ad54" testName="RemoveMicTest" computerName="DKSR-EFI-06" duration="00:00:00.0011456" startTime="2024-01-09T15:45:20.3731641+01:00" endTime="2024-01-09T15:45:20.3731641+01:00" testType="13cdc9d9-ddb5-4fa4-a97d-d965ccfc6d4b" outcome="Passed" testListId="8c84fa94-04c1-424b-9868-57a2d4851a1d" relativeResultsDirectory="da11c571-f0ee-4597-bbf9-ca726b3ed90c" />
    <UnitTestResult executionId="095d3f86-95a7-4fdc-b0e5-425a1678507b" testId="dbcf26cf-e43a-3a61-c59e-b7d73dca07b5" testName="SearchResultsActionBarActions_MipActionSpecificallySupportsOneAndNotTheOtherSelectedSearchResult_ActionEnabled" computerName="DKSR-EFI-06" duration="00:00:00.0182741" startTime="2024-01-09T15:46:35.2611651+01:00" endTime="2024-01-09T15:46:35.2767980+01:00" testType="13cdc9d9-ddb5-4fa4-a97d-d965ccfc6d4b" outcome="Passed" testListId="8c84fa94-04c1-424b-9868-57a2d4851a1d" relativeResultsDirectory="095d3f86-95a7-4fdc-b0e5-425a1678507b" />
    <UnitTestResult executionId="30581bef-9841-419f-b275-4835e0e1129b" testId="6235db2c-29a6-4a28-c065-7643ea0e2363" testName="PtzSessionController_Register_Non_PTZ_Camera_Test" computerName="DKSR-EFI-06" duration="00:00:00.0034460" startTime="2024-01-09T15:45:19.4825319+01:00" endTime="2024-01-09T15:45:19.4825319+01:00" testType="13cdc9d9-ddb5-4fa4-a97d-d965ccfc6d4b" outcome="Passed" testListId="8c84fa94-04c1-424b-9868-57a2d4851a1d" relativeResultsDirectory="30581bef-9841-419f-b275-4835e0e1129b" />
    <UnitTestResult executionId="a6489234-8bfb-4100-b353-5da3cb757efc" testId="8f6cd5c2-e849-6c20-9267-83c3d531958e" testName="Compare_NotNullVsNullDescending_GreaterThan" computerName="DKSR-EFI-06" duration="00:00:00.0001574" startTime="2024-01-09T15:46:45.4666209+01:00" endTime="2024-01-09T15:46:45.4666209+01:00" testType="13cdc9d9-ddb5-4fa4-a97d-d965ccfc6d4b" outcome="Passed" testListId="8c84fa94-04c1-424b-9868-57a2d4851a1d" relativeResultsDirectory="a6489234-8bfb-4100-b353-5da3cb757efc" />
    <UnitTestResult executionId="c2570b59-3976-421c-9c11-a0d14b5b19e1" testId="83e5fe5b-931d-f217-a151-96bc1abdc89d" testName="Dispose_ActiveSearchResults_DefinitionsCancelled" computerName="DKSR-EFI-06" duration="00:00:00.0067620" startTime="2024-01-09T15:46:44.9196570+01:00" endTime="2024-01-09T15:46:44.9196570+01:00" testType="13cdc9d9-ddb5-4fa4-a97d-d965ccfc6d4b" outcome="Passed" testListId="8c84fa94-04c1-424b-9868-57a2d4851a1d" relativeResultsDirectory="c2570b59-3976-421c-9c11-a0d14b5b19e1" />
    <UnitTestResult executionId="9dbb4f43-7eea-461f-a2dc-1639a37efbf4" testId="4552c7a0-9f71-d2b4-51c4-e785ac828b42" testName="ResolveBaseResultProperties_ShouldReturnOrderedTriggerTimes_WhenGivenUnorderedTriggerTimes" computerName="DKSR-EFI-06" duration="00:00:00.0021624" startTime="2024-01-09T15:46:43.9507387+01:00" endTime="2024-01-09T15:46:43.9663681+01:00" testType="13cdc9d9-ddb5-4fa4-a97d-d965ccfc6d4b" outcome="Passed" testListId="8c84fa94-04c1-424b-9868-57a2d4851a1d" relativeResultsDirectory="9dbb4f43-7eea-461f-a2dc-1639a37efbf4" />
    <UnitTestResult executionId="34823c76-ebbd-4eb4-9e1c-b710f941ac54" testId="9febb6f2-deb2-94da-aa47-7dc5befd915e" testName="DeactivatedOutputIcons_ShouldReturnIconsInAProperOrder_WhenCalled" computerName="DKSR-EFI-06" duration="00:00:00.0025048" startTime="2024-01-09T15:47:04.4710881+01:00" endTime="2024-01-09T15:47:04.4710881+01:00" testType="13cdc9d9-ddb5-4fa4-a97d-d965ccfc6d4b" outcome="Passed" testListId="8c84fa94-04c1-424b-9868-57a2d4851a1d" relativeResultsDirectory="34823c76-ebbd-4eb4-9e1c-b710f941ac54" />
    <UnitTestResult executionId="ded8ba49-ec6a-4343-81ad-f0f39b582201" testId="89439a20-c712-15bd-9c46-c5709b4b0f9d" testName="SearchResultsActionBarActions_AddBookmark_NotEnabled" computerName="DKSR-EFI-06" duration="00:00:00.0085271" startTime="2024-01-09T15:46:35.4799863+01:00" endTime="2024-01-09T15:46:35.4956147+01:00" testType="13cdc9d9-ddb5-4fa4-a97d-d965ccfc6d4b" outcome="Passed" testListId="8c84fa94-04c1-424b-9868-57a2d4851a1d" relativeResultsDirectory="ded8ba49-ec6a-4343-81ad-f0f39b582201" />
    <UnitTestResult executionId="6728d35c-b8ed-4f39-a8de-3e8d5f4fee9b" testId="7d70a72d-3886-6952-72a5-a740f2010644" testName="SelectTemplate_InvalidItemType_ReturnsPopupTemplate" computerName="DKSR-EFI-06" duration="00:00:00.0013123" startTime="2024-01-09T15:45:45.1237420+01:00" endTime="2024-01-09T15:45:45.1237420+01:00" testType="13cdc9d9-ddb5-4fa4-a97d-d965ccfc6d4b" outcome="Passed" testListId="8c84fa94-04c1-424b-9868-57a2d4851a1d" relativeResultsDirectory="6728d35c-b8ed-4f39-a8de-3e8d5f4fee9b" />
    <UnitTestResult executionId="868d942b-3f41-4323-abff-6152eb05e977" testId="d1148632-27af-a6b6-932c-c9e12abeebb9" testName="SearchResultsActionBarActions_EditBookmark_NotEnabled" computerName="DKSR-EFI-06" duration="00:00:00.0093631" startTime="2024-01-09T15:46:35.5893959+01:00" endTime="2024-01-09T15:46:35.6050259+01:00" testType="13cdc9d9-ddb5-4fa4-a97d-d965ccfc6d4b" outcome="Passed" testListId="8c84fa94-04c1-424b-9868-57a2d4851a1d" relativeResultsDirectory="868d942b-3f41-4323-abff-6152eb05e977" />
    <UnitTestResult executionId="8965c255-c114-41ec-a93d-25479bd746ca" testId="aa8972af-4006-c6fd-4be2-6ab7cf64c83f" testName="CreateCameraListItem_ShouldAddRegionSelectionToFilterValue_WhenNotAlreadyPresent" computerName="DKSR-EFI-06" duration="00:00:00.0037808" startTime="2024-01-09T15:47:00.4077367+01:00" endTime="2024-01-09T15:47:00.4233689+01:00" testType="13cdc9d9-ddb5-4fa4-a97d-d965ccfc6d4b" outcome="Passed" testListId="8c84fa94-04c1-424b-9868-57a2d4851a1d" relativeResultsDirectory="8965c255-c114-41ec-a93d-25479bd746ca" />
    <UnitTestResult executionId="4fb8ba48-e1a8-463c-a26e-c38690470bf2" testId="8647f015-786e-4211-7702-95ed8f5c87dc" testName="GetServerGroups_ShouldReturnServerGroupsType" computerName="DKSR-EFI-06" duration="00:00:00.0002546" startTime="2024-01-09T15:47:13.6297547+01:00" endTime="2024-01-09T15:47:13.6297547+01:00" testType="13cdc9d9-ddb5-4fa4-a97d-d965ccfc6d4b" outcome="Passed" testListId="8c84fa94-04c1-424b-9868-57a2d4851a1d" relativeResultsDirectory="4fb8ba48-e1a8-463c-a26e-c38690470bf2" />
    <UnitTestResult executionId="9b52fc4f-86fc-4fc5-b8e0-d269bd9e3064" testId="9a0ec1ee-717c-f9be-241c-4cf9cb866a4c" testName="Toolbar_HasButtonsVisibleByDefault_WhenInLive" computerName="DKSR-EFI-06" duration="00:00:00.0143259" startTime="2024-01-09T15:47:10.8635401+01:00" endTime="2024-01-09T15:47:10.8791701+01:00" testType="13cdc9d9-ddb5-4fa4-a97d-d965ccfc6d4b" outcome="Passed" testListId="8c84fa94-04c1-424b-9868-57a2d4851a1d" relativeResultsDirectory="9b52fc4f-86fc-4fc5-b8e0-d269bd9e3064" />
    <UnitTestResult executionId="6c686520-386f-479b-aa27-a37f6e7131a8" testId="e379db59-aec0-b3e4-c211-4083a6fbfae8" testName="Both enabled, not forced" computerName="DKSR-EFI-06" duration="00:00:00.0083148" startTime="2024-01-09T15:45:42.7325437+01:00" endTime="2024-01-09T15:45:42.7483749+01:00" testType="13cdc9d9-ddb5-4fa4-a97d-d965ccfc6d4b" outcome="Passed" testListId="8c84fa94-04c1-424b-9868-57a2d4851a1d" relativeResultsDirectory="6c686520-386f-479b-aa27-a37f6e7131a8" />
    <UnitTestResult executionId="05978f8e-2a93-40da-b051-f9b5e94cbb79" testId="633b1573-6042-ec26-9f10-dd2e2dcea040" testName="ScrollIntoView_Sync_DefinitionViewInViewPort_NotScrolled" computerName="DKSR-EFI-06" duration="00:00:00.0978247" startTime="2024-01-09T15:45:46.1396701+01:00" endTime="2024-01-09T15:45:46.2490782+01:00" testType="13cdc9d9-ddb5-4fa4-a97d-d965ccfc6d4b" outcome="Passed" testListId="8c84fa94-04c1-424b-9868-57a2d4851a1d" relativeResultsDirectory="05978f8e-2a93-40da-b051-f9b5e94cbb79" />
    <UnitTestResult executionId="4908dda5-d20a-412a-991f-02d62385b56e" testId="958a4635-0d5e-dda4-f61e-9578d9aa3b40" testName="GetLayerVisibilityItemsData_ShouldAddThreeFixedLayersInOrder_WhenThreeNonRelatedMapLayersAreProvided" computerName="DKSR-EFI-06" duration="00:00:00.1812532" startTime="2024-01-09T15:45:30.5450437+01:00" endTime="2024-01-09T15:45:30.7325421+01:00" testType="13cdc9d9-ddb5-4fa4-a97d-d965ccfc6d4b" outcome="Passed" testListId="8c84fa94-04c1-424b-9868-57a2d4851a1d" relativeResultsDirectory="4908dda5-d20a-412a-991f-02d62385b56e" />
    <UnitTestResult executionId="21834697-57ef-4a2a-bab2-a584cc609606" testId="5aee1987-ec48-787b-31d3-fe2a9e31e772" testName="WaitForItemAsync_WhenAdded_WaitsCorrectlyForItem" computerName="DKSR-EFI-06" duration="00:00:00.0117431" startTime="2024-01-09T15:45:39.4200459+01:00" endTime="2024-01-09T15:45:39.4356700+01:00" testType="13cdc9d9-ddb5-4fa4-a97d-d965ccfc6d4b" outcome="Passed" testListId="8c84fa94-04c1-424b-9868-57a2d4851a1d" relativeResultsDirectory="21834697-57ef-4a2a-bab2-a584cc609606" />
    <UnitTestResult executionId="2ecb16fb-2b8c-4670-a896-904252cbe14e" testId="f8eaf1dc-b859-6623-e5ad-974dd53ad456" testName="Passwords are not the same, lower length" computerName="DKSR-EFI-06" duration="00:00:00.0004888" startTime="2024-01-09T15:45:44.4516579+01:00" endTime="2024-01-09T15:45:44.4672891+01:00" testType="13cdc9d9-ddb5-4fa4-a97d-d965ccfc6d4b" outcome="Passed" testListId="8c84fa94-04c1-424b-9868-57a2d4851a1d" relativeResultsDirectory="2ecb16fb-2b8c-4670-a896-904252cbe14e" />
    <UnitTestResult executionId="8ec8bd19-4b63-444b-95ef-932d47c0a657" testId="c0fbebe8-662e-1768-fb63-e3fa6064e5a1" testName="VideoResultSearchResult_Properties_CollectedAndDisplayed" computerName="DKSR-EFI-06" duration="00:00:00.0720101" startTime="2024-01-09T15:46:14.4587030+01:00" endTime="2024-01-09T15:46:14.5211660+01:00" testType="13cdc9d9-ddb5-4fa4-a97d-d965ccfc6d4b" outcome="Passed" testListId="8c84fa94-04c1-424b-9868-57a2d4851a1d" relativeResultsDirectory="8ec8bd19-4b63-444b-95ef-932d47c0a657" />
    <UnitTestResult executionId="8981940f-feef-4564-ad92-db6b449dc918" testId="c435aae9-5b22-bdd0-e52d-6186cac6a468" testName="AddToExportDevices_ShouldAddToExportData (5)" computerName="DKSR-EFI-06" duration="00:00:00.0020677" startTime="2024-01-09T15:47:11.6918520+01:00" endTime="2024-01-09T15:47:11.6918520+01:00" testType="13cdc9d9-ddb5-4fa4-a97d-d965ccfc6d4b" outcome="Passed" testListId="8c84fa94-04c1-424b-9868-57a2d4851a1d" relativeResultsDirectory="8981940f-feef-4564-ad92-db6b449dc918" />
    <UnitTestResult executionId="1bda3b0e-2971-4bb0-8a1e-99795cbfc747" testId="7f664b57-7413-e68a-c6c0-a58e6b75f164" testName="Ctor_NoSearchAgents_Throws" computerName="DKSR-EFI-06" duration="00:00:00.0295848" startTime="2024-01-09T15:46:59.3450853+01:00" endTime="2024-01-09T15:46:59.3763497+01:00" testType="13cdc9d9-ddb5-4fa4-a97d-d965ccfc6d4b" outcome="Passed" testListId="8c84fa94-04c1-424b-9868-57a2d4851a1d" relativeResultsDirectory="1bda3b0e-2971-4bb0-8a1e-99795cbfc747" />
    <UnitTestResult executionId="1da37735-94bc-4723-9c7f-f01db7e565b8" testId="3a44bf9a-8ca0-1e46-e5d0-584bd0cbe223" testName="TestGetWorkroom_ByWorkSpaceId_Success" computerName="DKSR-EFI-06" duration="00:00:00.0239022" startTime="2024-01-09T15:45:19.0919067+01:00" endTime="2024-01-09T15:45:19.1231566+01:00" testType="13cdc9d9-ddb5-4fa4-a97d-d965ccfc6d4b" outcome="Passed" testListId="8c84fa94-04c1-424b-9868-57a2d4851a1d" relativeResultsDirectory="1da37735-94bc-4723-9c7f-f01db7e565b8" />
    <UnitTestResult executionId="abf8023e-07b1-490e-8443-a22ef1716053" testId="b77ab5c7-4e76-dc3e-b1c6-67decc6894df" testName="OutputMapItem_ForceActivateAsync_InBuilding_UseLastLevel_Success" computerName="DKSR-EFI-06" duration="00:00:00.0189165" startTime="2024-01-09T15:47:05.4870555+01:00" endTime="2024-01-09T15:47:05.5026827+01:00" testType="13cdc9d9-ddb5-4fa4-a97d-d965ccfc6d4b" outcome="Passed" testListId="8c84fa94-04c1-424b-9868-57a2d4851a1d" relativeResultsDirectory="abf8023e-07b1-490e-8443-a22ef1716053" />
    <UnitTestResult executionId="5e821d03-7095-4217-867a-77ac10b0cb47" testId="3a461286-4d9a-bb6f-bf27-81b491059d6a" testName="DeleteMapItems_ShouldReturnFalse_WhenItemListIsNullOrEmpty" computerName="DKSR-EFI-06" duration="00:00:00.0033020" startTime="2024-01-09T15:47:04.3147815+01:00" endTime="2024-01-09T15:47:04.3147815+01:00" testType="13cdc9d9-ddb5-4fa4-a97d-d965ccfc6d4b" outcome="Passed" testListId="8c84fa94-04c1-424b-9868-57a2d4851a1d" relativeResultsDirectory="5e821d03-7095-4217-867a-77ac10b0cb47" />
    <UnitTestResult executionId="3b88ec6e-81f4-4465-b8ff-7492a95bda8d" testId="727eace4-6f24-f89e-4093-133963eb0bdd" testName="IsOutputEnabled_ShouldBeFalse_WhenOutputIsDisabled" computerName="DKSR-EFI-06" duration="00:00:00.0161015" startTime="2024-01-09T15:47:05.1275597+01:00" endTime="2024-01-09T15:47:05.1431836+01:00" testType="13cdc9d9-ddb5-4fa4-a97d-d965ccfc6d4b" outcome="Passed" testListId="8c84fa94-04c1-424b-9868-57a2d4851a1d" relativeResultsDirectory="3b88ec6e-81f4-4465-b8ff-7492a95bda8d" />
    <UnitTestResult executionId="0a5f0e7b-46f5-4d94-ab61-9a73b86dba0d" testId="338ec46a-cbb9-1c81-1283-b774722703ea" testName="AddToExportTuples_ShouldReturnCorrectResult (0,5,0)" computerName="DKSR-EFI-06" duration="00:00:00.0042383" startTime="2024-01-09T15:47:11.6137113+01:00" endTime="2024-01-09T15:47:11.6137113+01:00" testType="13cdc9d9-ddb5-4fa4-a97d-d965ccfc6d4b" outcome="Passed" testListId="8c84fa94-04c1-424b-9868-57a2d4851a1d" relativeResultsDirectory="0a5f0e7b-46f5-4d94-ab61-9a73b86dba0d" />
    <UnitTestResult executionId="5f636939-adb1-4f9f-83bc-c12d5e886eb2" testId="b3aaeac2-8a8e-15b7-f149-450ef9d8d467" testName="Parse_TwentyFourHours_Success" computerName="DKSR-EFI-06" duration="00:00:00.0000824" startTime="2024-01-09T15:46:44.3883220+01:00" endTime="2024-01-09T15:46:44.3883220+01:00" testType="13cdc9d9-ddb5-4fa4-a97d-d965ccfc6d4b" outcome="Passed" testListId="8c84fa94-04c1-424b-9868-57a2d4851a1d" relativeResultsDirectory="5f636939-adb1-4f9f-83bc-c12d5e886eb2" />
    <UnitTestResult executionId="ae617214-053d-459e-803f-83339c1cd8eb" testId="0f3901de-ced3-95a2-d7b7-1fb73bba7570" testName="SearchCriteriaOnChanged_ShouldUpdateSmartSearchFilterValue_WhenCameraScopeIsUpdated" computerName="DKSR-EFI-06" duration="00:00:00.0032554" startTime="2024-01-09T15:46:45.3728656+01:00" endTime="2024-01-09T15:46:45.3728656+01:00" testType="13cdc9d9-ddb5-4fa4-a97d-d965ccfc6d4b" outcome="Passed" testListId="8c84fa94-04c1-424b-9868-57a2d4851a1d" relativeResultsDirectory="ae617214-053d-459e-803f-83339c1cd8eb" />
    <UnitTestResult executionId="ce3bd32a-98c1-48e0-9224-ff4a4086b181" testId="5b38455f-575a-f0bf-1374-9f24005465f7" testName="Ctor_UnknownEditControl_DropDownAttributeEditorUsed" computerName="DKSR-EFI-06" duration="00:00:00.0070341" startTime="2024-01-09T15:46:34.4796747+01:00" endTime="2024-01-09T15:46:34.4796747+01:00" testType="13cdc9d9-ddb5-4fa4-a97d-d965ccfc6d4b" outcome="Passed" testListId="8c84fa94-04c1-424b-9868-57a2d4851a1d" relativeResultsDirectory="ce3bd32a-98c1-48e0-9224-ff4a4086b181" />
    <UnitTestResult executionId="6404b6ba-9915-4c86-9100-9a1cfc55e8c4" testId="7a953664-98b1-285b-43a1-df248849d87e" testName="CreatePdfDocumentAsync_ShouldMakeValidReportFileName_WhenReportNameHasInvalidCharacters" computerName="DKSR-EFI-06" duration="00:00:00.0077149" startTime="2024-01-09T15:46:34.7610045+01:00" endTime="2024-01-09T15:46:34.7610045+01:00" testType="13cdc9d9-ddb5-4fa4-a97d-d965ccfc6d4b" outcome="Passed" testListId="8c84fa94-04c1-424b-9868-57a2d4851a1d" relativeResultsDirectory="6404b6ba-9915-4c86-9100-9a1cfc55e8c4" />
    <UnitTestResult executionId="61bca970-2c95-4566-bf49-974e93dc0bd2" testId="2b46b6c4-bcde-6b7d-2664-3e89c49247f4" testName="Deserialize_SearchDefinitionsOnly_Success" computerName="DKSR-EFI-06" duration="00:00:00.0019456" startTime="2024-01-09T15:46:45.5760153+01:00" endTime="2024-01-09T15:46:45.5760153+01:00" testType="13cdc9d9-ddb5-4fa4-a97d-d965ccfc6d4b" outcome="Passed" testListId="8c84fa94-04c1-424b-9868-57a2d4851a1d" relativeResultsDirectory="61bca970-2c95-4566-bf49-974e93dc0bd2" />
    <UnitTestResult executionId="09f7fa48-c161-4894-9653-d40524bbc805" testId="dcedc9aa-0a2b-4f0d-afad-d14fe62fdbd7" testName="PatrollingProfileViewModelTest_Save_UpdateProfile_Failed" computerName="DKSR-EFI-06" duration="00:00:00.0042698" startTime="2024-01-09T15:47:09.5819894+01:00" endTime="2024-01-09T15:47:09.5976086+01:00" testType="13cdc9d9-ddb5-4fa4-a97d-d965ccfc6d4b" outcome="Passed" testListId="8c84fa94-04c1-424b-9868-57a2d4851a1d" relativeResultsDirectory="09f7fa48-c161-4894-9653-d40524bbc805" />
    <UnitTestResult executionId="b97ab4c7-93e6-4b4c-baa8-8fcb24d87383" testId="87907f38-5e5a-055c-b4ad-972d80a0d676" testName="SixHours_Success" computerName="DKSR-EFI-06" duration="00:00:00.0002156" startTime="2024-01-09T15:46:44.3726894+01:00" endTime="2024-01-09T15:46:44.3726894+01:00" testType="13cdc9d9-ddb5-4fa4-a97d-d965ccfc6d4b" outcome="Passed" testListId="8c84fa94-04c1-424b-9868-57a2d4851a1d" relativeResultsDirectory="b97ab4c7-93e6-4b4c-baa8-8fcb24d87383" />
    <UnitTestResult executionId="b76c1b88-54dc-4c45-9b8b-7721984d0f08" testId="5fd77bc3-628f-79b5-9bc7-14dea7ab0867" testName="SmartMapGetPositionRequestHandler_WhenDataIsNotSmartMapGetPositionRequestData_ShouldWriteToLog" computerName="DKSR-EFI-06" duration="00:00:00.0036737" startTime="2024-01-09T15:45:38.9825460+01:00" endTime="2024-01-09T15:45:38.9981679+01:00" testType="13cdc9d9-ddb5-4fa4-a97d-d965ccfc6d4b" outcome="Passed" testListId="8c84fa94-04c1-424b-9868-57a2d4851a1d" relativeResultsDirectory="b76c1b88-54dc-4c45-9b8b-7721984d0f08" />
    <UnitTestResult executionId="c02de162-3558-4490-8dbf-715c6c92a18f" testId="6d978bab-aad4-7287-6436-c0f917b175ca" testName="FetchDeviceConfiguration_ShouldLoadFromServer_WhenCacheFileIsNotPresentAndFetchTypeIsOnlyCache" computerName="DKSR-EFI-06" duration="00:00:00.0022114" startTime="2024-01-09T15:47:17.3647863+01:00" endTime="2024-01-09T15:47:17.3804136+01:00" testType="13cdc9d9-ddb5-4fa4-a97d-d965ccfc6d4b" outcome="Passed" testListId="8c84fa94-04c1-424b-9868-57a2d4851a1d" relativeResultsDirectory="c02de162-3558-4490-8dbf-715c6c92a18f" />
    <UnitTestResult executionId="e4cfab2e-815a-4637-b751-7a36028706a7" testId="0a4e5b36-6578-df3d-cfd2-3d6ee660820a" testName="GetClusters_ExcludeFromClustering_OnlyClustersForExcludedItems (Data Row 10)" computerName="DKSR-EFI-06" duration="00:00:00.0109443" startTime="2024-01-09T15:47:07.4876662+01:00" endTime="2024-01-09T15:47:07.8627695+01:00" testType="13cdc9d9-ddb5-4fa4-a97d-d965ccfc6d4b" outcome="Passed" testListId="8c84fa94-04c1-424b-9868-57a2d4851a1d" relativeResultsDirectory="e4cfab2e-815a-4637-b751-7a36028706a7" />
    <UnitTestResult executionId="db7d6f82-d9ed-4c6b-be1f-524000102a8c" testId="532cb81a-df32-0fbd-c0b0-8629f10837bd" testName="DeviceIcons_ShouldNotBeNull_WhenCalled" computerName="DKSR-EFI-06" duration="00:00:00.0002304" startTime="2024-01-09T15:47:04.4242000+01:00" endTime="2024-01-09T15:47:04.4242000+01:00" testType="13cdc9d9-ddb5-4fa4-a97d-d965ccfc6d4b" outcome="Passed" testListId="8c84fa94-04c1-424b-9868-57a2d4851a1d" relativeResultsDirectory="db7d6f82-d9ed-4c6b-be1f-524000102a8c" />
    <UnitTestResult executionId="f97dd2f7-4a52-454e-a282-ffb84f903698" testId="c9679473-a3e5-7489-307e-ee6faf3a6896" testName="SupportsDoubleClick_ShouldBeFalse_WhenInteractionStateIsNotNormal" computerName="DKSR-EFI-06" duration="00:00:00.0180654" startTime="2024-01-09T15:45:34.4669205+01:00" endTime="2024-01-09T15:45:34.4981685+01:00" testType="13cdc9d9-ddb5-4fa4-a97d-d965ccfc6d4b" outcome="Passed" testListId="8c84fa94-04c1-424b-9868-57a2d4851a1d" relativeResultsDirectory="f97dd2f7-4a52-454e-a282-ffb84f903698" />
    <UnitTestResult executionId="f769b895-35a1-464d-833c-8f92261ca7b0" testId="c6aa84d9-56b3-333b-31b6-309528e6353e" testName="DeviceIcons_ShouldReturnIconsInAProperOrder_WhenCalled" computerName="DKSR-EFI-06" duration="00:00:00.0007017" startTime="2024-01-09T15:47:04.4710881+01:00" endTime="2024-01-09T15:47:04.4710881+01:00" testType="13cdc9d9-ddb5-4fa4-a97d-d965ccfc6d4b" outcome="Passed" testListId="8c84fa94-04c1-424b-9868-57a2d4851a1d" relativeResultsDirectory="f769b895-35a1-464d-833c-8f92261ca7b0" />
    <UnitTestResult executionId="7298d679-c49b-40ff-977d-a0ac6a4f561a" testId="22f81f95-90ca-baa7-300b-797405eeaf34" testName="InitializeTokenException_ShouldReturnTokenException_ForValidTokenErrors" computerName="DKSR-EFI-06" duration="00:00:00.0009472" startTime="2024-01-09T15:47:17.2085079+01:00" endTime="2024-01-09T15:47:17.2085079+01:00" testType="13cdc9d9-ddb5-4fa4-a97d-d965ccfc6d4b" outcome="Passed" testListId="8c84fa94-04c1-424b-9868-57a2d4851a1d" relativeResultsDirectory="7298d679-c49b-40ff-977d-a0ac6a4f561a" />
    <UnitTestResult executionId="f296c022-815c-413b-99e8-dd3b03733892" testId="708d048c-4fd9-557c-20db-ce75a712beed" testName="HasWritePermissionOnDir_NoFileSystemAccessRule_ReturnsFalse" computerName="DKSR-EFI-06" duration="00:00:00.0035578" startTime="2024-01-09T15:46:43.4194008+01:00" endTime="2024-01-09T15:46:43.4194008+01:00" testType="13cdc9d9-ddb5-4fa4-a97d-d965ccfc6d4b" outcome="Passed" testListId="8c84fa94-04c1-424b-9868-57a2d4851a1d" relativeResultsDirectory="f296c022-815c-413b-99e8-dd3b03733892" />
    <UnitTestResult executionId="4e1b7bd4-df5e-4a79-b1f2-16c150b44230" testId="0888e3f9-abd4-4799-6395-fe5ed75b869d" testName="ShowAccessControlSystems_ShouldReturnFalse_WhenOneACSystemsAvailable" computerName="DKSR-EFI-06" duration="00:00:00.0045453" startTime="2024-01-09T15:47:19.2713029+01:00" endTime="2024-01-09T15:47:19.2713029+01:00" testType="13cdc9d9-ddb5-4fa4-a97d-d965ccfc6d4b" outcome="Passed" testListId="8c84fa94-04c1-424b-9868-57a2d4851a1d" relativeResultsDirectory="4e1b7bd4-df5e-4a79-b1f2-16c150b44230" />
    <UnitTestResult executionId="cb691bef-07da-449b-814f-d3210a96cb34" testId="fab1182a-1ea1-5a85-a52f-fa7890fd3d44" testName="AlwaysPutViewGroupsBeforeGroupsAndViews" computerName="DKSR-EFI-06" duration="00:00:00.0076059" startTime="2024-01-09T15:47:11.0510859+01:00" endTime="2024-01-09T15:47:11.0667151+01:00" testType="13cdc9d9-ddb5-4fa4-a97d-d965ccfc6d4b" outcome="Passed" testListId="8c84fa94-04c1-424b-9868-57a2d4851a1d" relativeResultsDirectory="cb691bef-07da-449b-814f-d3210a96cb34" />
    <UnitTestResult executionId="5cee8738-bfaf-40af-a346-9e20a955eca0" testId="f2eafc92-05e6-6561-5ea1-9b5fc4ef5a32" testName="ShouldReturnTrueWhenExtentChanged" computerName="DKSR-EFI-06" duration="00:00:00.0016640" startTime="2024-01-09T15:45:39.3106688+01:00" endTime="2024-01-09T15:45:39.3106688+01:00" testType="13cdc9d9-ddb5-4fa4-a97d-d965ccfc6d4b" outcome="Passed" testListId="8c84fa94-04c1-424b-9868-57a2d4851a1d" relativeResultsDirectory="5cee8738-bfaf-40af-a346-9e20a955eca0" />
    <UnitTestResult executionId="245f59a4-e6b0-4c12-8922-514e29d4dec8" testId="15d239ea-71aa-55f8-a2eb-41474406f678" testName="PopulateTooltip_SingleResultsFromSingleCamera24Hours_ValidText" computerName="DKSR-EFI-06" duration="00:00:00.0267631" startTime="2024-01-09T15:46:26.9934232+01:00" endTime="2024-01-09T15:46:27.0246797+01:00" testType="13cdc9d9-ddb5-4fa4-a97d-d965ccfc6d4b" outcome="Passed" testListId="8c84fa94-04c1-424b-9868-57a2d4851a1d" relativeResultsDirectory="245f59a4-e6b0-4c12-8922-514e29d4dec8" />
    <UnitTestResult executionId="211b8dc3-6dfb-40d1-88aa-2dd43beb3183" testId="771137e7-8711-d371-fedf-d100a6d214c7" testName="IsDisabled_ShouldBeTrue_WhenApplicationIsInBrowseMode" computerName="DKSR-EFI-06" duration="00:00:00.0134525" startTime="2024-01-09T15:47:06.0341119+01:00" endTime="2024-01-09T15:47:06.0497353+01:00" testType="13cdc9d9-ddb5-4fa4-a97d-d965ccfc6d4b" outcome="Passed" testListId="8c84fa94-04c1-424b-9868-57a2d4851a1d" relativeResultsDirectory="211b8dc3-6dfb-40d1-88aa-2dd43beb3183" />
    <UnitTestResult executionId="c264465f-5dbe-4bb7-8e47-cfe02d693920" testId="f997409a-cc5a-67e4-b0e7-5e198ad107a1" testName="GetMetadataObjectsAsync_ShouldIgnoreNullMetadataObjectsCollectionFromSubResults" computerName="DKSR-EFI-06" duration="00:00:00.0040235" startTime="2024-01-09T15:46:45.3572356+01:00" endTime="2024-01-09T15:46:45.3572356+01:00" testType="13cdc9d9-ddb5-4fa4-a97d-d965ccfc6d4b" outcome="Passed" testListId="8c84fa94-04c1-424b-9868-57a2d4851a1d" relativeResultsDirectory="c264465f-5dbe-4bb7-8e47-cfe02d693920" />
    <UnitTestResult executionId="a914ff18-98f4-4668-93c5-bb7274f6eac5" testId="1f23f407-ba0c-3271-0197-9ffb55ef110e" testName="CreateSearchTemplateAsync_ThrowCommunicationMIPException_Success" computerName="DKSR-EFI-06" duration="00:00:00.0024090" startTime="2024-01-09T15:46:44.1382728+01:00" endTime="2024-01-09T15:46:44.1539023+01:00" testType="13cdc9d9-ddb5-4fa4-a97d-d965ccfc6d4b" outcome="Passed" testListId="8c84fa94-04c1-424b-9868-57a2d4851a1d" relativeResultsDirectory="a914ff18-98f4-4668-93c5-bb7274f6eac5" />
    <UnitTestResult executionId="d4486b8b-9a56-4da5-aaea-2706220c6387" testId="e76f4094-8dcd-5aeb-e147-a8a4e7a18b8c" testName="SupportsDoubleClick_ShouldBeFalse_WhenInteractionStateIsNotNormalOrNewDevice" computerName="DKSR-EFI-06" duration="00:00:00.0738666" startTime="2024-01-09T15:45:36.5137964+01:00" endTime="2024-01-09T15:45:36.5919231+01:00" testType="13cdc9d9-ddb5-4fa4-a97d-d965ccfc6d4b" outcome="Passed" testListId="8c84fa94-04c1-424b-9868-57a2d4851a1d" relativeResultsDirectory="d4486b8b-9a56-4da5-aaea-2706220c6387" />
    <UnitTestResult executionId="651d88ff-b061-45f4-9e50-a8e287ba2e22" testId="e0ca0f50-e0fe-3af6-65f6-228d57aa9d13" testName="Constructor_ShouldThrowAnException_WhenWorkspaceToolbarPluginIsNull" computerName="DKSR-EFI-06" duration="00:00:00.0010060" startTime="2024-01-09T15:47:12.0200528+01:00" endTime="2024-01-09T15:47:12.0200528+01:00" testType="13cdc9d9-ddb5-4fa4-a97d-d965ccfc6d4b" outcome="Passed" testListId="8c84fa94-04c1-424b-9868-57a2d4851a1d" relativeResultsDirectory="651d88ff-b061-45f4-9e50-a8e287ba2e22" />
    <UnitTestResult executionId="2434b11d-7627-44bb-9bc6-14a03b1a7c5d" testId="4e8d1cbd-b8ef-6778-0ee2-4c64d9b96b59" testName="MakeId_ShouldGenerateSameId_WhenDefinitionsChangeOrderButResultsAreSame" computerName="DKSR-EFI-06" duration="00:00:00.0005059" startTime="2024-01-09T15:46:45.3884870+01:00" endTime="2024-01-09T15:46:45.3884870+01:00" testType="13cdc9d9-ddb5-4fa4-a97d-d965ccfc6d4b" outcome="Passed" testListId="8c84fa94-04c1-424b-9868-57a2d4851a1d" relativeResultsDirectory="2434b11d-7627-44bb-9bc6-14a03b1a7c5d" />
    <UnitTestResult executionId="60475ec2-7a1a-4497-9241-ecd9f35f9553" testId="4acf2e12-f867-ff67-73aa-be136e127327" testName="IsVisible_OneSelectedResult_ReturnsTrue" computerName="DKSR-EFI-06" duration="00:00:00.0176851" startTime="2024-01-09T15:46:34.9016765+01:00" endTime="2024-01-09T15:46:34.9173075+01:00" testType="13cdc9d9-ddb5-4fa4-a97d-d965ccfc6d4b" outcome="Passed" testListId="8c84fa94-04c1-424b-9868-57a2d4851a1d" relativeResultsDirectory="60475ec2-7a1a-4497-9241-ecd9f35f9553" />
    <UnitTestResult executionId="25de8b31-5059-47ff-b8d3-f599dbc662ff" testId="13753856-9a1f-9357-f48e-ccc42a00eb0c" testName="Cameras_where_the_user_has_RetentionCreate_rights_can_be_added_to_the_evidence_lock" computerName="DKSR-EFI-06" duration="00:00:00.0030221" startTime="2024-01-09T15:47:18.6149571+01:00" endTime="2024-01-09T15:47:18.6149571+01:00" testType="13cdc9d9-ddb5-4fa4-a97d-d965ccfc6d4b" outcome="Passed" testListId="8c84fa94-04c1-424b-9868-57a2d4851a1d" relativeResultsDirectory="25de8b31-5059-47ff-b8d3-f599dbc662ff" />
    <UnitTestResult executionId="a2d5cf15-ac3f-47be-b668-ab236f7deccd" testId="e998f77e-77b2-7e10-d8db-3813eb8031aa" testName="GetClusters_ThreeInitialItems_ClustersForInitialItems (Data Row 1)" computerName="DKSR-EFI-06" duration="00:00:00.0084210" startTime="2024-01-09T15:47:08.8161554+01:00" endTime="2024-01-09T15:47:09.0037088+01:00" testType="13cdc9d9-ddb5-4fa4-a97d-d965ccfc6d4b" outcome="Passed" testListId="8c84fa94-04c1-424b-9868-57a2d4851a1d" relativeResultsDirectory="a2d5cf15-ac3f-47be-b668-ab236f7deccd" />
    <UnitTestResult executionId="c6da559c-fa9b-4c32-8390-ecf074940233" testId="f701d271-970d-88b5-079f-6601babfed26" testName="PtzSessionControllerInfo_ReservedChangedTest_NoChange" computerName="DKSR-EFI-06" duration="00:00:00.0004401" startTime="2024-01-09T15:45:19.6231571+01:00" endTime="2024-01-09T15:45:19.6231571+01:00" testType="13cdc9d9-ddb5-4fa4-a97d-d965ccfc6d4b" outcome="Passed" testListId="8c84fa94-04c1-424b-9868-57a2d4851a1d" relativeResultsDirectory="c6da559c-fa9b-4c32-8390-ecf074940233" />
    <UnitTestResult executionId="64835e2f-1c76-49d6-abce-f4162dca0a03" testId="383557df-ae77-e167-ffa1-ee8498a57d67" testName="ShowPermissionDeniedToasts_ShouldShowCorrectNumberOfToasts (1,1)" computerName="DKSR-EFI-06" duration="00:00:00.0021172" startTime="2024-01-09T15:47:11.9106479+01:00" endTime="2024-01-09T15:47:11.9106479+01:00" testType="13cdc9d9-ddb5-4fa4-a97d-d965ccfc6d4b" outcome="Passed" testListId="8c84fa94-04c1-424b-9868-57a2d4851a1d" relativeResultsDirectory="64835e2f-1c76-49d6-abce-f4162dca0a03" />
    <UnitTestResult executionId="0c5d8239-50f4-47a2-8ff3-d84e8f5354a2" testId="86edbbe8-5149-0aa3-dcd3-1e89f5303917" testName="GetServers_ShouldReturnCorrectServerByTypesTest" computerName="DKSR-EFI-06" duration="00:00:00.0306777" startTime="2024-01-09T15:47:13.5359809+01:00" endTime="2024-01-09T15:47:13.5672361+01:00" testType="13cdc9d9-ddb5-4fa4-a97d-d965ccfc6d4b" outcome="Passed" testListId="8c84fa94-04c1-424b-9868-57a2d4851a1d" relativeResultsDirectory="0c5d8239-50f4-47a2-8ff3-d84e8f5354a2" />
    <UnitTestResult executionId="c5e280da-bb1f-4860-8564-6b6cb4c5e6f9" testId="14f3ec32-0fa4-5f7a-4835-a25af4f36100" testName="Ctor_OneBuiltInGroupDefined_OneCompositeAgentAddedAndTwoStandardAgentsAdded" computerName="DKSR-EFI-06" duration="00:00:00.0016260" startTime="2024-01-09T15:46:59.6576484+01:00" endTime="2024-01-09T15:46:59.6732723+01:00" testType="13cdc9d9-ddb5-4fa4-a97d-d965ccfc6d4b" outcome="Passed" testListId="8c84fa94-04c1-424b-9868-57a2d4851a1d" relativeResultsDirectory="c5e280da-bb1f-4860-8564-6b6cb4c5e6f9" />
    <UnitTestResult executionId="d6093958-9679-4105-ab84-0f65fbd70c33" testId="64acf650-ab74-e994-39a9-4ff5a401cc98" testName="Show_ShouldRaiseDeviceSelectorWindowClose_WhenIsClosed" computerName="DKSR-EFI-06" duration="00:00:00.0193449" startTime="2024-01-09T15:45:26.5606641+01:00" endTime="2024-01-09T15:45:26.5762879+01:00" testType="13cdc9d9-ddb5-4fa4-a97d-d965ccfc6d4b" outcome="Passed" testListId="8c84fa94-04c1-424b-9868-57a2d4851a1d" relativeResultsDirectory="d6093958-9679-4105-ab84-0f65fbd70c33" />
    <UnitTestResult executionId="58fc953d-aaa5-470e-9a38-27ea414a3b65" testId="0a4e5b36-6578-df3d-cfd2-3d6ee660820a" testName="GetClusters_ExcludeFromClustering_OnlyClustersForExcludedItems (Data Row 14)" computerName="DKSR-EFI-06" duration="00:00:00.0154584" startTime="2024-01-09T15:47:07.4876662+01:00" endTime="2024-01-09T15:47:07.8627695+01:00" testType="13cdc9d9-ddb5-4fa4-a97d-d965ccfc6d4b" outcome="Passed" testListId="8c84fa94-04c1-424b-9868-57a2d4851a1d" relativeResultsDirectory="58fc953d-aaa5-470e-9a38-27ea414a3b65" />
    <UnitTestResult executionId="be4e53d4-c8d2-4b9b-86f2-21f5a94f79ea" testId="0a4e5b36-6578-df3d-cfd2-3d6ee660820a" testName="GetClusters_ExcludeFromClustering_OnlyClustersForExcludedItems (Data Row 13)" computerName="DKSR-EFI-06" duration="00:00:00.0085680" startTime="2024-01-09T15:47:07.4876662+01:00" endTime="2024-01-09T15:47:07.8627695+01:00" testType="13cdc9d9-ddb5-4fa4-a97d-d965ccfc6d4b" outcome="Passed" testListId="8c84fa94-04c1-424b-9868-57a2d4851a1d" relativeResultsDirectory="be4e53d4-c8d2-4b9b-86f2-21f5a94f79ea" />
    <UnitTestResult executionId="88dc25fd-2e98-4c93-bacc-aeaed555c592" testId="3898ccc9-d005-6a67-598e-bc078f848ef1" testName="IsMicrophoneUnmuted_ShouldBeTrue_WhenMicrophoneIsUnmuted" computerName="DKSR-EFI-06" duration="00:00:00.0154598" startTime="2024-01-09T15:47:04.6899184+01:00" endTime="2024-01-09T15:47:04.7055419+01:00" testType="13cdc9d9-ddb5-4fa4-a97d-d965ccfc6d4b" outcome="Passed" testListId="8c84fa94-04c1-424b-9868-57a2d4851a1d" relativeResultsDirectory="88dc25fd-2e98-4c93-bacc-aeaed555c592" />
    <UnitTestResult executionId="0bb89f22-d103-4b2e-a7f1-cc0d8c5c44bd" testId="10564402-f576-f83c-7508-dc98243ffb4b" testName="FocusedSearchResultChanged_NoSearchResultSelected_NavigateToHome" computerName="DKSR-EFI-06" duration="00:00:00.0350100" startTime="2024-01-09T15:46:31.2285404+01:00" endTime="2024-01-09T15:46:31.2597733+01:00" testType="13cdc9d9-ddb5-4fa4-a97d-d965ccfc6d4b" outcome="Passed" testListId="8c84fa94-04c1-424b-9868-57a2d4851a1d" relativeResultsDirectory="0bb89f22-d103-4b2e-a7f1-cc0d8c5c44bd" />
    <UnitTestResult executionId="aed1d091-ae98-4d76-80d7-f9a4c64d8fd3" testId="709c7513-9237-87e3-38c3-aa85300198a4" testName="GetClusters_ShouldNotIncludeItemFromBuildingIntoSuperClusterOutsideBuilding_WhenBuildingIsRendered" computerName="DKSR-EFI-06" duration="00:00:00.0089400" startTime="2024-01-09T15:47:08.7067586+01:00" endTime="2024-01-09T15:47:08.7223913+01:00" testType="13cdc9d9-ddb5-4fa4-a97d-d965ccfc6d4b" outcome="Passed" testListId="8c84fa94-04c1-424b-9868-57a2d4851a1d" relativeResultsDirectory="aed1d091-ae98-4d76-80d7-f9a4c64d8fd3" />
    <UnitTestResult executionId="ffe029a8-ae74-4f4b-ab2e-d7a27340d9fc" testId="d2a9174b-0e8a-f538-f842-cd59e66f5936" testName="GetLayerFeatures_ShouldNotThrow_WhenLayersCollectionIsEmpty" computerName="DKSR-EFI-06" duration="00:00:00.0006836" startTime="2024-01-09T15:47:07.3470073+01:00" endTime="2024-01-09T15:47:07.3470073+01:00" testType="13cdc9d9-ddb5-4fa4-a97d-d965ccfc6d4b" outcome="Passed" testListId="8c84fa94-04c1-424b-9868-57a2d4851a1d" relativeResultsDirectory="ffe029a8-ae74-4f4b-ab2e-d7a27340d9fc" />
    <UnitTestResult executionId="feaff147-bb54-45ca-a263-d8a6447d9553" testId="4b45c6e7-7f37-b930-8977-ed2b5f3bab07" testName="ToNormalizedDirection_OutOfRange_Minus2PI_Fail" computerName="DKSR-EFI-06" duration="00:00:00.0005555" startTime="2024-01-09T15:47:01.2359979+01:00" endTime="2024-01-09T15:47:01.2359979+01:00" testType="13cdc9d9-ddb5-4fa4-a97d-d965ccfc6d4b" outcome="Passed" testListId="8c84fa94-04c1-424b-9868-57a2d4851a1d" relativeResultsDirectory="feaff147-bb54-45ca-a263-d8a6447d9553" />
    <UnitTestResult executionId="887bf09a-ced1-4e39-a75a-b1eadd145746" testId="81d4eeef-857b-5bf1-5cd0-3e8726c4f84c" testName="GetSearchReportDialog_SelectedSearchResults_Empty_Failure" computerName="DKSR-EFI-06" duration="00:00:00.0156548" startTime="2024-01-09T15:46:38.7621452+01:00" endTime="2024-01-09T15:46:38.7777809+01:00" testType="13cdc9d9-ddb5-4fa4-a97d-d965ccfc6d4b" outcome="Passed" testListId="8c84fa94-04c1-424b-9868-57a2d4851a1d" relativeResultsDirectory="887bf09a-ced1-4e39-a75a-b1eadd145746" />
    <UnitTestResult executionId="768cedc3-01c5-4dc7-b869-9fddd0f46fcb" testId="77328071-fcbe-8814-7b38-9b55da6b9e94" testName="Deserialize_ShouldIncludeCombineTypeOr_WhenCombineTypeIsOrInXml" computerName="DKSR-EFI-06" duration="00:00:00.0013332" startTime="2024-01-09T15:46:45.5291366+01:00" endTime="2024-01-09T15:46:45.5291366+01:00" testType="13cdc9d9-ddb5-4fa4-a97d-d965ccfc6d4b" outcome="Passed" testListId="8c84fa94-04c1-424b-9868-57a2d4851a1d" relativeResultsDirectory="768cedc3-01c5-4dc7-b869-9fddd0f46fcb" />
    <UnitTestResult executionId="817d34b2-6965-49bb-844b-1605fddfee17" testId="7b69f7ac-73d5-55bc-5045-f13549ae846c" testName="Yesterday_Success" computerName="DKSR-EFI-06" duration="00:00:00.0004887" startTime="2024-01-09T15:46:44.3726894+01:00" endTime="2024-01-09T15:46:44.3883220+01:00" testType="13cdc9d9-ddb5-4fa4-a97d-d965ccfc6d4b" outcome="Passed" testListId="8c84fa94-04c1-424b-9868-57a2d4851a1d" relativeResultsDirectory="817d34b2-6965-49bb-844b-1605fddfee17" />
    <UnitTestResult executionId="538f843f-d671-405c-ac59-ca72835568c2" testId="e072681a-a667-cb13-263c-17284bfd2cca" testName="BookmarkSearchTime_WithSearchStringInDifferentCases_ReturnCorrectBookmarkWithSearchStringInHeader (SeArChStRiNg,True,False,False,True,,,1)" computerName="DKSR-EFI-06" duration="00:00:00.0054685" startTime="2024-01-09T15:47:12.8014664+01:00" endTime="2024-01-09T15:47:12.8170917+01:00" testType="13cdc9d9-ddb5-4fa4-a97d-d965ccfc6d4b" outcome="Passed" testListId="8c84fa94-04c1-424b-9868-57a2d4851a1d" relativeResultsDirectory="538f843f-d671-405c-ac59-ca72835568c2" />
    <UnitTestResult executionId="50c7c452-2067-4436-b582-ff2378643d87" testId="380c2d79-325d-3409-b945-e63fa33fc5f3" testName="ToDenormalizedDirection_LesserThanMinus1_0_Failure" computerName="DKSR-EFI-06" duration="00:00:00.0004464" startTime="2024-01-09T15:47:01.1891207+01:00" endTime="2024-01-09T15:47:01.1891207+01:00" testType="13cdc9d9-ddb5-4fa4-a97d-d965ccfc6d4b" outcome="Passed" testListId="8c84fa94-04c1-424b-9868-57a2d4851a1d" relativeResultsDirectory="50c7c452-2067-4436-b582-ff2378643d87" />
    <UnitTestResult executionId="064e55fa-f338-4103-806b-c5af53940b02" testId="64807985-c509-c615-5e46-3ee5e8e0197e" testName="Result_Updates_Correctly" computerName="DKSR-EFI-06" duration="00:00:00.1395128" startTime="2024-01-09T15:47:18.0992655+01:00" endTime="2024-01-09T15:47:18.2399087+01:00" testType="13cdc9d9-ddb5-4fa4-a97d-d965ccfc6d4b" outcome="Passed" testListId="8c84fa94-04c1-424b-9868-57a2d4851a1d" relativeResultsDirectory="064e55fa-f338-4103-806b-c5af53940b02" />
    <UnitTestResult executionId="5710c142-7b0c-400e-96d0-963b8e2288fe" testId="df32f1cb-82fe-5f6f-2fce-2d11c090b877" testName="TryGetOsmServerTileAddress_ShouldSetEmptyAddress_WhenOsmServerAddressIsNull" computerName="DKSR-EFI-06" duration="00:00:00.0006457" startTime="2024-01-09T15:47:07.2844893+01:00" endTime="2024-01-09T15:47:07.2844893+01:00" testType="13cdc9d9-ddb5-4fa4-a97d-d965ccfc6d4b" outcome="Passed" testListId="8c84fa94-04c1-424b-9868-57a2d4851a1d" relativeResultsDirectory="5710c142-7b0c-400e-96d0-963b8e2288fe" />
    <UnitTestResult executionId="9bdfdde3-1f22-4853-8b78-0dbda47e36c0" testId="78ae1d5d-740b-66e6-7a5c-ade2279f3a28" testName="Add_ShouldAddViewItemToIncludedViewItemsForSelectedView" computerName="DKSR-EFI-06" duration="00:00:00.0169716" startTime="2024-01-09T15:45:19.6231571+01:00" endTime="2024-01-09T15:45:19.6544097+01:00" testType="13cdc9d9-ddb5-4fa4-a97d-d965ccfc6d4b" outcome="Passed" testListId="8c84fa94-04c1-424b-9868-57a2d4851a1d" relativeResultsDirectory="9bdfdde3-1f22-4853-8b78-0dbda47e36c0" />
    <UnitTestResult executionId="d1f3c8b0-5cba-427f-9cfd-5c425d0ae23d" testId="d4781dc2-7c6c-059d-3535-c27ddbecee56" testName="LoadBoundingShapes_RectangleShape_AddedToUIAndSizedCorrectly" computerName="DKSR-EFI-06" duration="00:00:00.0178094" startTime="2024-01-09T15:46:59.9702042+01:00" endTime="2024-01-09T15:46:59.9858319+01:00" testType="13cdc9d9-ddb5-4fa4-a97d-d965ccfc6d4b" outcome="Passed" testListId="8c84fa94-04c1-424b-9868-57a2d4851a1d" relativeResultsDirectory="d1f3c8b0-5cba-427f-9cfd-5c425d0ae23d" />
    <UnitTestResult executionId="9f436c0c-ecc3-41df-954c-b2e6991f1869" testId="d099ba8f-3bb5-6902-b93b-2d0bd66877da" testName="Passwords are the same" computerName="DKSR-EFI-06" duration="00:00:00.0002155" startTime="2024-01-09T15:45:44.4672891+01:00" endTime="2024-01-09T15:45:44.4672891+01:00" testType="13cdc9d9-ddb5-4fa4-a97d-d965ccfc6d4b" outcome="Passed" testListId="8c84fa94-04c1-424b-9868-57a2d4851a1d" relativeResultsDirectory="9f436c0c-ecc3-41df-954c-b2e6991f1869" />
    <UnitTestResult executionId="57c5cc7f-80fd-4cd6-8f6e-b2d2aaeac1bc" testId="8338d7c2-18e7-4534-499f-88d705208b50" testName="CreateGeometry_FourCornerBuildingNotClosed_Success" computerName="DKSR-EFI-06" duration="00:00:00.0003650" startTime="2024-01-09T15:47:08.8005307+01:00" endTime="2024-01-09T15:47:08.8005307+01:00" testType="13cdc9d9-ddb5-4fa4-a97d-d965ccfc6d4b" outcome="Passed" testListId="8c84fa94-04c1-424b-9868-57a2d4851a1d" relativeResultsDirectory="57c5cc7f-80fd-4cd6-8f6e-b2d2aaeac1bc" />
    <UnitTestResult executionId="674052c9-f1c6-48c7-9658-bc544a2cc9ca" testId="5ffa61d1-ba0a-5c24-5f29-257815c65d94" testName="DeleteDefaultLevel_Success" computerName="DKSR-EFI-06" duration="00:00:00.0628486" startTime="2024-01-09T15:47:01.0640993+01:00" endTime="2024-01-09T15:47:01.1266026+01:00" testType="13cdc9d9-ddb5-4fa4-a97d-d965ccfc6d4b" outcome="Passed" testListId="8c84fa94-04c1-424b-9868-57a2d4851a1d" relativeResultsDirectory="674052c9-f1c6-48c7-9658-bc544a2cc9ca" />
    <UnitTestResult executionId="716bb83a-966f-4e93-9cf3-f6a195b2b164" testId="9dd385ef-b7c1-a45d-9dea-e00dc401f11c" testName="SetIncludePartialResults_ShouldNotFireEvent_WhenSameValueApplied" computerName="DKSR-EFI-06" duration="00:00:00.0012287" startTime="2024-01-09T15:46:45.2478370+01:00" endTime="2024-01-09T15:46:45.2478370+01:00" testType="13cdc9d9-ddb5-4fa4-a97d-d965ccfc6d4b" outcome="Passed" testListId="8c84fa94-04c1-424b-9868-57a2d4851a1d" relativeResultsDirectory="716bb83a-966f-4e93-9cf3-f6a195b2b164" />
    <UnitTestResult executionId="b80b0783-b158-4a13-9f17-5faa9d55dc2a" testId="0910d3e9-c4fa-4b0a-4db0-a2f6efd079c5" testName="AssignPanTiltValue_WhenValueMin_ShouldReturnMinValue" computerName="DKSR-EFI-06" duration="00:00:00.0002035" startTime="2024-01-09T15:45:21.4981610+01:00" endTime="2024-01-09T15:45:21.4981610+01:00" testType="13cdc9d9-ddb5-4fa4-a97d-d965ccfc6d4b" outcome="Passed" testListId="8c84fa94-04c1-424b-9868-57a2d4851a1d" relativeResultsDirectory="b80b0783-b158-4a13-9f17-5faa9d55dc2a" />
    <UnitTestResult executionId="7c819a33-0989-4250-82e4-91e9aa9661d1" testId="a7073313-f063-a674-8d00-3ff21318e1ce" testName="CreateCameraListItem_ShouldAddRegionSelectionToFilterValue_WhenNotAlreadyPresent" computerName="DKSR-EFI-06" duration="00:00:00.0041369" startTime="2024-01-09T15:47:00.4546235+01:00" endTime="2024-01-09T15:47:00.4546235+01:00" testType="13cdc9d9-ddb5-4fa4-a97d-d965ccfc6d4b" outcome="Passed" testListId="8c84fa94-04c1-424b-9868-57a2d4851a1d" relativeResultsDirectory="7c819a33-0989-4250-82e4-91e9aa9661d1" />
    <UnitTestResult executionId="f72b4760-0a5f-454d-ae4c-f9ef3e87e107" testId="b93013c3-d297-89cf-1fce-624bcbbbca6c" testName="Ctor_AllTypesConfigured" computerName="DKSR-EFI-06" duration="00:00:00.0370994" startTime="2024-01-09T15:46:59.6732723+01:00" endTime="2024-01-09T15:46:59.7045252+01:00" testType="13cdc9d9-ddb5-4fa4-a97d-d965ccfc6d4b" outcome="Passed" testListId="8c84fa94-04c1-424b-9868-57a2d4851a1d" relativeResultsDirectory="f72b4760-0a5f-454d-ae4c-f9ef3e87e107" />
    <UnitTestResult executionId="53486505-79c2-4a56-8782-42870b4aa409" testId="c0f25cd3-6ed3-eae8-438d-18b69791b31c" testName="DateToStringConverter_Ctor_Success" computerName="DKSR-EFI-06" duration="00:00:00.0035678" startTime="2024-01-09T15:46:14.2398746+01:00" endTime="2024-01-09T15:46:14.2398746+01:00" testType="13cdc9d9-ddb5-4fa4-a97d-d965ccfc6d4b" outcome="Passed" testListId="8c84fa94-04c1-424b-9868-57a2d4851a1d" relativeResultsDirectory="53486505-79c2-4a56-8782-42870b4aa409" />
    <UnitTestResult executionId="7484c7f1-0590-40fa-b012-fec61ca1cd76" testId="84f87709-ca75-b015-fe61-63a08c2421fb" testName="PatrollingPresetViewModel_Constructor_ArgumentNull" computerName="DKSR-EFI-06" duration="00:00:00.0001830" startTime="2024-01-09T15:47:09.3475515+01:00" endTime="2024-01-09T15:47:09.3475515+01:00" testType="13cdc9d9-ddb5-4fa4-a97d-d965ccfc6d4b" outcome="Passed" testListId="8c84fa94-04c1-424b-9868-57a2d4851a1d" relativeResultsDirectory="7484c7f1-0590-40fa-b012-fec61ca1cd76" />
    <UnitTestResult executionId="983d3be2-1f13-4bc9-a0f8-408402acae67" testId="35b5f995-b2f1-b0ad-4d21-7b40aa694ec8" testName="ClearSelectedCamerasCommand_NonEmptyList_ListCleared" computerName="DKSR-EFI-06" duration="00:00:00.0091276" startTime="2024-01-09T15:46:37.7775226+01:00" endTime="2024-01-09T15:46:37.7931429+01:00" testType="13cdc9d9-ddb5-4fa4-a97d-d965ccfc6d4b" outcome="Passed" testListId="8c84fa94-04c1-424b-9868-57a2d4851a1d" relativeResultsDirectory="983d3be2-1f13-4bc9-a0f8-408402acae67" />
    <UnitTestResult executionId="f0c426cf-e827-4d20-a74f-11a6899b2391" testId="8fad5930-640a-f193-8986-d1e8191830e2" testName="PatrollingProfileViewModelTest_IsInEditMode_IsNotInEditMode_Set" computerName="DKSR-EFI-06" duration="00:00:00.0024263" startTime="2024-01-09T15:47:09.5351017+01:00" endTime="2024-01-09T15:47:09.5507288+01:00" testType="13cdc9d9-ddb5-4fa4-a97d-d965ccfc6d4b" outcome="Passed" testListId="8c84fa94-04c1-424b-9868-57a2d4851a1d" relativeResultsDirectory="f0c426cf-e827-4d20-a74f-11a6899b2391" />
    <UnitTestResult executionId="411c0268-c56b-4d4f-af49-6fb90e0668fc" testId="f680908c-3b4b-7b4d-7066-6e5fce7c0b27" testName="GetClusters_ExcludeThenIncludeExcludedItems_NoChange (Data Row 4)" computerName="DKSR-EFI-06" duration="00:00:00.0113225" startTime="2024-01-09T15:47:07.8784025+01:00" endTime="2024-01-09T15:47:08.0815823+01:00" testType="13cdc9d9-ddb5-4fa4-a97d-d965ccfc6d4b" outcome="Passed" testListId="8c84fa94-04c1-424b-9868-57a2d4851a1d" relativeResultsDirectory="411c0268-c56b-4d4f-af49-6fb90e0668fc" />
    <UnitTestResult executionId="edd90a3d-f5a4-402e-84d0-bb613dff682f" testId="4fc92a95-da20-ab9b-15d1-74f6c3c27fe0" testName="RemoveWorkroom_ShouldChangeSelectionToNextWorkroom_WhenSelectedWorkroomIsRemoved" computerName="DKSR-EFI-06" duration="00:00:00.0076742" startTime="2024-01-09T15:47:17.2866429+01:00" endTime="2024-01-09T15:47:17.3022676+01:00" testType="13cdc9d9-ddb5-4fa4-a97d-d965ccfc6d4b" outcome="Passed" testListId="8c84fa94-04c1-424b-9868-57a2d4851a1d" relativeResultsDirectory="edd90a3d-f5a4-402e-84d0-bb613dff682f" />
    <UnitTestResult executionId="b7492e42-e317-4144-b7ae-d973dadf1b2f" testId="9029e935-145d-d5fd-fae9-96c860349038" testName="GetClusters_AddedItems_ClustersForAddedItems (Data Row 7)" computerName="DKSR-EFI-06" duration="00:00:00.0096672" startTime="2024-01-09T15:47:09.0193458+01:00" endTime="2024-01-09T15:47:09.2381415+01:00" testType="13cdc9d9-ddb5-4fa4-a97d-d965ccfc6d4b" outcome="Passed" testListId="8c84fa94-04c1-424b-9868-57a2d4851a1d" relativeResultsDirectory="b7492e42-e317-4144-b7ae-d973dadf1b2f" />
    <UnitTestResult executionId="c0e49e97-383e-4d36-9d10-35bd51b82ae0" testId="cc634d85-ac00-a639-0e52-434691164702" testName="Search_MultipleCategoriesWithOverlappingFilter_AppropriateFiltersUpdatedInSubDefinitions" computerName="DKSR-EFI-06" duration="00:00:00.0078530" startTime="2024-01-09T15:46:59.5336603+01:00" endTime="2024-01-09T15:46:59.5482560+01:00" testType="13cdc9d9-ddb5-4fa4-a97d-d965ccfc6d4b" outcome="Passed" testListId="8c84fa94-04c1-424b-9868-57a2d4851a1d" relativeResultsDirectory="c0e49e97-383e-4d36-9d10-35bd51b82ae0" />
    <UnitTestResult executionId="6b4a93d6-8b26-4101-bfc5-d6ddbd0f2c7a" testId="dacad55c-89db-4a83-ada9-6fb14502b91c" testName="EnsureLayersOrderIsValidBy_AddLayersAt_Success" computerName="DKSR-EFI-06" duration="00:00:00.0613582" startTime="2024-01-09T15:47:04.1741042+01:00" endTime="2024-01-09T15:47:04.2366276+01:00" testType="13cdc9d9-ddb5-4fa4-a97d-d965ccfc6d4b" outcome="Passed" testListId="8c84fa94-04c1-424b-9868-57a2d4851a1d" relativeResultsDirectory="6b4a93d6-8b26-4101-bfc5-d6ddbd0f2c7a" />
    <UnitTestResult executionId="7b34d163-4689-4357-af32-9efe7de69682" testId="9a0fb96e-e4fc-b2c2-ba48-82a57235f1f3" testName="Parse_LastSevenDays_Success" computerName="DKSR-EFI-06" duration="00:00:00.0001500" startTime="2024-01-09T15:46:44.3883220+01:00" endTime="2024-01-09T15:46:44.3883220+01:00" testType="13cdc9d9-ddb5-4fa4-a97d-d965ccfc6d4b" outcome="Passed" testListId="8c84fa94-04c1-424b-9868-57a2d4851a1d" relativeResultsDirectory="7b34d163-4689-4357-af32-9efe7de69682" />
    <UnitTestResult executionId="5232fa36-20a2-4057-9581-71f57bf804d3" testId="b8af5950-498b-c4c9-4d6a-619dcb6074cf" testName="ClearTest" computerName="DKSR-EFI-06" duration="00:00:00.0017966" startTime="2024-01-09T15:47:15.3957044+01:00" endTime="2024-01-09T15:47:15.3957044+01:00" testType="13cdc9d9-ddb5-4fa4-a97d-d965ccfc6d4b" outcome="Passed" testListId="8c84fa94-04c1-424b-9868-57a2d4851a1d" relativeResultsDirectory="5232fa36-20a2-4057-9581-71f57bf804d3" />
    <UnitTestResult executionId="829d9e89-87dd-4d65-8398-104862dbde03" testId="3a1ea9f6-a18a-e117-50e1-2abd43b289e2" testName="AddToExportDevices_ShouldReturnCorrectResult (0,1,0)" computerName="DKSR-EFI-06" duration="00:00:00.0013321" startTime="2024-01-09T15:47:11.6918520+01:00" endTime="2024-01-09T15:47:11.6918520+01:00" testType="13cdc9d9-ddb5-4fa4-a97d-d965ccfc6d4b" outcome="Passed" testListId="8c84fa94-04c1-424b-9868-57a2d4851a1d" relativeResultsDirectory="829d9e89-87dd-4d65-8398-104862dbde03" />
    <UnitTestResult executionId="b67ac1ea-e6cc-40c6-9915-29754ed5c091" testId="da571dbb-0f8b-5648-4221-79651d811e25" testName="TestUpdateState_3NonCamera" computerName="DKSR-EFI-06" duration="00:00:00.0065046" startTime="2024-01-09T15:47:12.2701031+01:00" endTime="2024-01-09T15:47:12.2857381+01:00" testType="13cdc9d9-ddb5-4fa4-a97d-d965ccfc6d4b" outcome="Passed" testListId="8c84fa94-04c1-424b-9868-57a2d4851a1d" relativeResultsDirectory="b67ac1ea-e6cc-40c6-9915-29754ed5c091" />
    <UnitTestResult executionId="2c6ecbb7-ae36-4db7-afc1-74741c60af9b" testId="01eab79c-bc50-d06f-cdd9-f0cb405d3b66" testName="StartSelection_ShouldNotClearAnyExistingSelections_WhenCtrlKeyIsPressed" computerName="DKSR-EFI-06" duration="00:00:00.0031858" startTime="2024-01-09T15:45:33.6700422+01:00" endTime="2024-01-09T15:45:33.6856713+01:00" testType="13cdc9d9-ddb5-4fa4-a97d-d965ccfc6d4b" outcome="Passed" testListId="8c84fa94-04c1-424b-9868-57a2d4851a1d" relativeResultsDirectory="2c6ecbb7-ae36-4db7-afc1-74741c60af9b" />
    <UnitTestResult executionId="be81c3c3-5f70-4840-9a5d-4c4d1c6167a9" testId="d2bdec8a-ca9e-7ce3-8f9b-b4cc3a8ec042" testName="DrawItems_200KResultItems_Success" computerName="DKSR-EFI-06" duration="00:00:09.9583278" startTime="2024-01-09T15:46:17.0063105+01:00" endTime="2024-01-09T15:46:26.9621621+01:00" testType="13cdc9d9-ddb5-4fa4-a97d-d965ccfc6d4b" outcome="Passed" testListId="8c84fa94-04c1-424b-9868-57a2d4851a1d" relativeResultsDirectory="be81c3c3-5f70-4840-9a5d-4c4d1c6167a9" />
    <UnitTestResult executionId="da41e860-ff44-4fcd-b81d-62c023705777" testId="4fdd99bf-6905-0af0-30e5-6e050f489153" testName="Decorate_ShouldNotAddChildren_WhenThereAreNoLayersImplementingITitleToggleable" computerName="DKSR-EFI-06" duration="00:00:00.0018198" startTime="2024-01-09T15:45:30.9044167+01:00" endTime="2024-01-09T15:45:30.9044167+01:00" testType="13cdc9d9-ddb5-4fa4-a97d-d965ccfc6d4b" outcome="Passed" testListId="8c84fa94-04c1-424b-9868-57a2d4851a1d" relativeResultsDirectory="da41e860-ff44-4fcd-b81d-62c023705777" />
    <UnitTestResult executionId="9f190eab-f3c5-4499-8739-98a717cff5ef" testId="0d8d7f88-cdb1-c8e3-59a9-3cff81206fb2" testName="UpdateMarkers_OnResize_Success" computerName="DKSR-EFI-06" duration="00:00:00.0413442" startTime="2024-01-09T15:46:16.8187429+01:00" endTime="2024-01-09T15:46:16.8656371+01:00" testType="13cdc9d9-ddb5-4fa4-a97d-d965ccfc6d4b" outcome="Passed" testListId="8c84fa94-04c1-424b-9868-57a2d4851a1d" relativeResultsDirectory="9f190eab-f3c5-4499-8739-98a717cff5ef" />
    <UnitTestResult executionId="7bea565c-4c1a-44bb-a734-ae944d0ec827" testId="c41fdcd8-e2bb-ccbb-e17c-f63252358ede" testName="RightButtonDown_SingleClick_DoesNotZoom" computerName="DKSR-EFI-06" duration="00:00:00.0105915" startTime="2024-01-09T15:45:31.1856670+01:00" endTime="2024-01-09T15:45:31.1856670+01:00" testType="13cdc9d9-ddb5-4fa4-a97d-d965ccfc6d4b" outcome="Passed" testListId="8c84fa94-04c1-424b-9868-57a2d4851a1d" relativeResultsDirectory="7bea565c-4c1a-44bb-a734-ae944d0ec827" />
    <UnitTestResult executionId="d5017344-bc2a-4942-9ef8-4f61d4b51127" testId="4729feb7-4741-1ecd-d16a-200494d70780" testName="Deserialize_ScopeDurationOnly_Success" computerName="DKSR-EFI-06" duration="00:00:00.0010910" startTime="2024-01-09T15:46:45.5603886+01:00" endTime="2024-01-09T15:46:45.5603886+01:00" testType="13cdc9d9-ddb5-4fa4-a97d-d965ccfc6d4b" outcome="Passed" testListId="8c84fa94-04c1-424b-9868-57a2d4851a1d" relativeResultsDirectory="d5017344-bc2a-4942-9ef8-4f61d4b51127" />
    <UnitTestResult executionId="92ae5a21-5ecd-4fe9-a1d4-bba826e95b26" testId="07ec7b90-4f80-77d6-d19d-abca75ed0c64" testName="Ctor_WpfMessageBoxButtonIsSetToRemoveCancel_OnlyRemoveCancelButtonsVisible" computerName="DKSR-EFI-06" duration="00:00:00.0004632" startTime="2024-01-09T15:47:11.1136016+01:00" endTime="2024-01-09T15:47:11.1136016+01:00" testType="13cdc9d9-ddb5-4fa4-a97d-d965ccfc6d4b" outcome="Passed" testListId="8c84fa94-04c1-424b-9868-57a2d4851a1d" relativeResultsDirectory="92ae5a21-5ecd-4fe9-a1d4-bba826e95b26" />
    <UnitTestResult executionId="f45b9348-0e98-4ee4-b5f6-898336e76bd3" testId="97644baf-75da-2d1d-90ad-632f1839ba1c" testName="Constructor_ShouldThrowException_WhenControllerManagerIsNull" computerName="DKSR-EFI-06" duration="00:00:00.0274529" startTime="2024-01-09T15:47:13.7078969+01:00" endTime="2024-01-09T15:47:13.7235233+01:00" testType="13cdc9d9-ddb5-4fa4-a97d-d965ccfc6d4b" outcome="Passed" testListId="8c84fa94-04c1-424b-9868-57a2d4851a1d" relativeResultsDirectory="f45b9348-0e98-4ee4-b5f6-898336e76bd3" />
    <UnitTestResult executionId="6f578321-8192-461f-9eda-6ce24b9fa82a" testId="d15f2956-b0bb-0a02-ecca-d862db8848a6" testName="DeleteSearchTemplateAsync_ThrowTimeoutException_Success" computerName="DKSR-EFI-06" duration="00:00:00.0018005" startTime="2024-01-09T15:46:44.2789288+01:00" endTime="2024-01-09T15:46:44.2789288+01:00" testType="13cdc9d9-ddb5-4fa4-a97d-d965ccfc6d4b" outcome="Passed" testListId="8c84fa94-04c1-424b-9868-57a2d4851a1d" relativeResultsDirectory="6f578321-8192-461f-9eda-6ce24b9fa82a" />
    <UnitTestResult executionId="7361cd8d-9b39-42f2-8728-65c97b464840" testId="425d7941-e1e0-5212-c622-83e7ab8c692e" testName="Decorate_ShouldNotRaiseMoreThanOneWindowMouseDownEvent_WhenCalledMultipleTimes" computerName="DKSR-EFI-06" duration="00:00:00.0007920" startTime="2024-01-09T15:45:26.8262903+01:00" endTime="2024-01-09T15:45:26.8262903+01:00" testType="13cdc9d9-ddb5-4fa4-a97d-d965ccfc6d4b" outcome="Passed" testListId="8c84fa94-04c1-424b-9868-57a2d4851a1d" relativeResultsDirectory="7361cd8d-9b39-42f2-8728-65c97b464840" />
    <UnitTestResult executionId="a9709823-ca76-48dc-bc5c-97ac0b82c1fb" testId="046c17a3-2693-b379-a8a6-25e6537747cf" testName="Constructor_ShouldThrowException_WhenStateHandlerFactoryIsNull" computerName="DKSR-EFI-06" duration="00:00:00.0005141" startTime="2024-01-09T15:47:13.7391554+01:00" endTime="2024-01-09T15:47:13.7391554+01:00" testType="13cdc9d9-ddb5-4fa4-a97d-d965ccfc6d4b" outcome="Passed" testListId="8c84fa94-04c1-424b-9868-57a2d4851a1d" relativeResultsDirectory="a9709823-ca76-48dc-bc5c-97ac0b82c1fb" />
    <UnitTestResult executionId="3f921608-ecbb-43ae-8159-8dc683d92e98" testId="9b54bf22-f513-708f-8279-2654a94cc1cf" testName="Ctor_NullDefinition_Throws" computerName="DKSR-EFI-06" duration="00:00:00.0006389" startTime="2024-01-09T15:46:34.4484132+01:00" endTime="2024-01-09T15:46:34.4484132+01:00" testType="13cdc9d9-ddb5-4fa4-a97d-d965ccfc6d4b" outcome="Passed" testListId="8c84fa94-04c1-424b-9868-57a2d4851a1d" relativeResultsDirectory="3f921608-ecbb-43ae-8159-8dc683d92e98" />
    <UnitTestResult executionId="7377ba0a-330b-4399-91e9-0f503acdb6b0" testId="89b47aac-6f01-eda4-d247-3a79dc9d2cab" testName="RemoveWorkroom_ShouldReturnFalse_WhenWorkroomToRemoveIsNotInWorkroomController" computerName="DKSR-EFI-06" duration="00:00:00.0061738" startTime="2024-01-09T15:47:17.2710224+01:00" endTime="2024-01-09T15:47:17.2710224+01:00" testType="13cdc9d9-ddb5-4fa4-a97d-d965ccfc6d4b" outcome="Passed" testListId="8c84fa94-04c1-424b-9868-57a2d4851a1d" relativeResultsDirectory="7377ba0a-330b-4399-91e9-0f503acdb6b0" />
    <UnitTestResult executionId="e13806ab-ab76-4c7c-88db-69a7f18d3ebd" testId="82925021-fc8d-b0e6-5578-b84c5fa8b18a" testName="IOState_ShouldYieldSameValuesForAllEnumValues_WhenRoundTripConverted (Deactivated,Deactivated)" computerName="DKSR-EFI-06" duration="00:00:00.0000443" startTime="2024-01-09T15:45:09.2794670+01:00" endTime="2024-01-09T15:45:09.2794670+01:00" testType="13cdc9d9-ddb5-4fa4-a97d-d965ccfc6d4b" outcome="Passed" testListId="8c84fa94-04c1-424b-9868-57a2d4851a1d" relativeResultsDirectory="e13806ab-ab76-4c7c-88db-69a7f18d3ebd" />
    <UnitTestResult executionId="a66d9917-3d91-47ed-aaf6-e28411f1233d" testId="a2c904bd-3f69-e9d9-0ae2-6c94ccb201e3" testName="GetDefaultReportDestination_NullUserSettings_ReturnsDefaultFolder" computerName="DKSR-EFI-06" duration="00:00:00.0076230" startTime="2024-01-09T15:46:34.5734541+01:00" endTime="2024-01-09T15:46:34.5734541+01:00" testType="13cdc9d9-ddb5-4fa4-a97d-d965ccfc6d4b" outcome="Passed" testListId="8c84fa94-04c1-424b-9868-57a2d4851a1d" relativeResultsDirectory="a66d9917-3d91-47ed-aaf6-e28411f1233d" />
    <UnitTestResult executionId="17268d88-22f1-4efe-972f-7add3833a863" testId="b162402f-2c1b-0582-f67d-d6b489572737" testName="ProvideValue_ReturnsThis" computerName="DKSR-EFI-06" duration="00:00:00.0002677" startTime="2024-01-09T15:46:14.3648925+01:00" endTime="2024-01-09T15:46:14.3648925+01:00" testType="13cdc9d9-ddb5-4fa4-a97d-d965ccfc6d4b" outcome="Passed" testListId="8c84fa94-04c1-424b-9868-57a2d4851a1d" relativeResultsDirectory="17268d88-22f1-4efe-972f-7add3833a863" />
    <UnitTestResult executionId="b82ac061-e77a-4988-8183-1d91666c42c6" testId="c0d12a95-e15f-6166-5a13-d922c014e85f" testName="SupportsDoubleClick_ShouldBeFalse_WhenInteractionStateIsNotNormalOrNewDevice" computerName="DKSR-EFI-06" duration="00:00:00.0900440" startTime="2024-01-09T15:45:38.3419219+01:00" endTime="2024-01-09T15:45:38.4356689+01:00" testType="13cdc9d9-ddb5-4fa4-a97d-d965ccfc6d4b" outcome="Passed" testListId="8c84fa94-04c1-424b-9868-57a2d4851a1d" relativeResultsDirectory="b82ac061-e77a-4988-8183-1d91666c42c6" />
    <UnitTestResult executionId="7eb67002-8319-4714-af60-a1132a1648be" testId="0a4e5b36-6578-df3d-cfd2-3d6ee660820a" testName="GetClusters_ExcludeFromClustering_OnlyClustersForExcludedItems (Data Row 0)" computerName="DKSR-EFI-06" duration="00:00:00.0358607" startTime="2024-01-09T15:47:07.4876662+01:00" endTime="2024-01-09T15:47:07.8627695+01:00" testType="13cdc9d9-ddb5-4fa4-a97d-d965ccfc6d4b" outcome="Passed" testListId="8c84fa94-04c1-424b-9868-57a2d4851a1d" relativeResultsDirectory="7eb67002-8319-4714-af60-a1132a1648be" />
    <UnitTestResult executionId="eaad5a51-d635-4c24-a8ec-7dffeefc0fa0" testId="aab428ed-a31b-f1b7-b0cd-f341bed7d107" testName="ctor_NullArg_NullArgException" computerName="DKSR-EFI-06" duration="00:00:00.0010240" startTime="2024-01-09T15:46:34.3546260+01:00" endTime="2024-01-09T15:46:34.3546260+01:00" testType="13cdc9d9-ddb5-4fa4-a97d-d965ccfc6d4b" outcome="Passed" testListId="8c84fa94-04c1-424b-9868-57a2d4851a1d" relativeResultsDirectory="eaad5a51-d635-4c24-a8ec-7dffeefc0fa0" />
    <UnitTestResult executionId="a78275f4-f6f1-4b1b-81e1-c4b13cce6d83" testId="1656f45b-677e-89a1-0f61-ab22cd78d2db" testName="Path enabled, not forced" computerName="DKSR-EFI-06" duration="00:00:00.0080479" startTime="2024-01-09T15:45:42.8106700+01:00" endTime="2024-01-09T15:45:42.8262950+01:00" testType="13cdc9d9-ddb5-4fa4-a97d-d965ccfc6d4b" outcome="Passed" testListId="8c84fa94-04c1-424b-9868-57a2d4851a1d" relativeResultsDirectory="a78275f4-f6f1-4b1b-81e1-c4b13cce6d83" />
    <UnitTestResult executionId="624fc0a5-8131-4ec8-884b-1a9de02b9794" testId="9db4bf7e-3e99-c9d1-0a71-7ee3bc093993" testName="Serialize_ShouldSerializeCombineType_WhenPresentInData" computerName="DKSR-EFI-06" duration="00:00:00.0010748" startTime="2024-01-09T15:46:45.4979240+01:00" endTime="2024-01-09T15:46:45.4979240+01:00" testType="13cdc9d9-ddb5-4fa4-a97d-d965ccfc6d4b" outcome="Passed" testListId="8c84fa94-04c1-424b-9868-57a2d4851a1d" relativeResultsDirectory="624fc0a5-8131-4ec8-884b-1a9de02b9794" />
    <UnitTestResult executionId="6a1abe2c-651a-4195-9855-5024c45db06b" testId="d02a9bfe-ef70-0b80-6768-a063d853aefd" testName="TestInitializeWorkrooms_AllBuiltinWorkroomsWithSearchTabAsInitialWorkroom_Success" computerName="DKSR-EFI-06" duration="00:00:00.0562864" startTime="2024-01-09T15:45:18.9825311+01:00" endTime="2024-01-09T15:45:19.0294065+01:00" testType="13cdc9d9-ddb5-4fa4-a97d-d965ccfc6d4b" outcome="Passed" testListId="8c84fa94-04c1-424b-9868-57a2d4851a1d" relativeResultsDirectory="6a1abe2c-651a-4195-9855-5024c45db06b" />
    <UnitTestResult executionId="b9514349-da75-4333-87e9-b3dadc0f1076" testId="8d2c3378-22f0-b4e2-6833-c26077a86417" testName="PointMapItem_MicrophoneWithNoShortName_Success" computerName="DKSR-EFI-06" duration="00:00:00.0663521" startTime="2024-01-09T15:47:05.8465427+01:00" endTime="2024-01-09T15:47:05.9246963+01:00" testType="13cdc9d9-ddb5-4fa4-a97d-d965ccfc6d4b" outcome="Passed" testListId="8c84fa94-04c1-424b-9868-57a2d4851a1d" relativeResultsDirectory="b9514349-da75-4333-87e9-b3dadc0f1076" />
    <UnitTestResult executionId="1f7cddea-81ab-48ca-9157-334b6ca103e7" testId="b7e1ee47-1435-7822-cf95-e3720fecc94e" testName="StartSelection_ShouldNotClearAnyExistingSelections_WhenAddingToExitingSelection" computerName="DKSR-EFI-06" duration="00:00:00.0017226" startTime="2024-01-09T15:45:33.6700422+01:00" endTime="2024-01-09T15:45:33.6700422+01:00" testType="13cdc9d9-ddb5-4fa4-a97d-d965ccfc6d4b" outcome="Passed" testListId="8c84fa94-04c1-424b-9868-57a2d4851a1d" relativeResultsDirectory="1f7cddea-81ab-48ca-9157-334b6ca103e7" />
    <UnitTestResult executionId="920e7234-0a7c-4a76-ae17-4f4296af98fd" testId="cecff56d-f2c2-5f4f-f26a-46e190ce7353" testName="Ctor_ValidParameters_ParametersSetCorrectly" computerName="DKSR-EFI-06" duration="00:00:00.0143757" startTime="2024-01-09T15:47:11.0979713+01:00" endTime="2024-01-09T15:47:11.1136016+01:00" testType="13cdc9d9-ddb5-4fa4-a97d-d965ccfc6d4b" outcome="Passed" testListId="8c84fa94-04c1-424b-9868-57a2d4851a1d" relativeResultsDirectory="920e7234-0a7c-4a76-ae17-4f4296af98fd" />
    <UnitTestResult executionId="62312fb7-fcb7-47e2-bd12-e04ea322334c" testId="13ba617e-c06d-6b6c-0709-611e06771ad4" testName="Constructor_ShouldRaiseArgumentNullException_WhenLayersIsNull" computerName="DKSR-EFI-06" duration="00:00:00.0028082" startTime="2024-01-09T15:47:07.1438196+01:00" endTime="2024-01-09T15:47:07.1438196+01:00" testType="13cdc9d9-ddb5-4fa4-a97d-d965ccfc6d4b" outcome="Passed" testListId="8c84fa94-04c1-424b-9868-57a2d4851a1d" relativeResultsDirectory="62312fb7-fcb7-47e2-bd12-e04ea322334c" />
    <UnitTestResult executionId="ec46c3e0-1e43-4665-9606-46fe6e22cd6a" testId="a189583c-978a-c969-def3-f27770df3054" testName="ClearAllItemOutlines_MappedToViewModel_Success" computerName="DKSR-EFI-06" duration="00:00:00.0147425" startTime="2024-01-09T15:45:39.5919195+01:00" endTime="2024-01-09T15:45:39.6075429+01:00" testType="13cdc9d9-ddb5-4fa4-a97d-d965ccfc6d4b" outcome="Passed" testListId="8c84fa94-04c1-424b-9868-57a2d4851a1d" relativeResultsDirectory="ec46c3e0-1e43-4665-9606-46fe6e22cd6a" />
    <UnitTestResult executionId="ab22b142-5852-41b8-9f72-408f6b757b0a" testId="3417a0aa-0a1b-f490-3003-26e2483aac2f" testName="ValidateExportLocation_ShouldReturnFailResult_ExportFolderIsIllegal (True,False)" computerName="DKSR-EFI-06" duration="00:00:00.0154072" startTime="2024-01-09T15:45:44.1234283+01:00" endTime="2024-01-09T15:45:44.1390572+01:00" testType="13cdc9d9-ddb5-4fa4-a97d-d965ccfc6d4b" outcome="Passed" testListId="8c84fa94-04c1-424b-9868-57a2d4851a1d" relativeResultsDirectory="ab22b142-5852-41b8-9f72-408f6b757b0a" />
    <UnitTestResult executionId="185b7952-403a-4397-8972-6b06b9cea761" testId="5004265f-fd28-da5b-c559-ead79e5384bf" testName="GetDuration_OneMinute_Success" computerName="DKSR-EFI-06" duration="00:00:00.0004793" startTime="2024-01-09T15:46:43.7475856+01:00" endTime="2024-01-09T15:46:43.7475856+01:00" testType="13cdc9d9-ddb5-4fa4-a97d-d965ccfc6d4b" outcome="Passed" testListId="8c84fa94-04c1-424b-9868-57a2d4851a1d" relativeResultsDirectory="185b7952-403a-4397-8972-6b06b9cea761" />
    <UnitTestResult executionId="cd53424e-55cf-4e0a-9f4c-8180418c731d" testId="b9ffa3f4-1f18-4167-4317-71e05fdcc916" testName="PatrollingProfileListViewModel_AddProfileExecute_Name_Taken" computerName="DKSR-EFI-06" duration="00:00:00.0017527" startTime="2024-01-09T15:47:09.4413637+01:00" endTime="2024-01-09T15:47:09.4413637+01:00" testType="13cdc9d9-ddb5-4fa4-a97d-d965ccfc6d4b" outcome="Passed" testListId="8c84fa94-04c1-424b-9868-57a2d4851a1d" relativeResultsDirectory="cd53424e-55cf-4e0a-9f4c-8180418c731d" />
    <UnitTestResult executionId="ea8f7355-4e86-49c2-be5c-0efd863c2a15" testId="2690c66e-1a17-c167-c5a2-9a34963b7540" testName="Execute_CancelCommand_DialogResultReturnsFalse" computerName="DKSR-EFI-06" duration="00:00:00.0008797" startTime="2024-01-09T15:47:11.1292367+01:00" endTime="2024-01-09T15:47:11.1292367+01:00" testType="13cdc9d9-ddb5-4fa4-a97d-d965ccfc6d4b" outcome="Passed" testListId="8c84fa94-04c1-424b-9868-57a2d4851a1d" relativeResultsDirectory="ea8f7355-4e86-49c2-be5c-0efd863c2a15" />
    <UnitTestResult executionId="c6de493d-1347-44f6-88e4-4ed895701559" testId="43a12b2e-14a7-1d5f-4fc9-a448b6cf0edd" testName="SetLayerFeatures_ShouldRaiseArgumentException_WhenCameraKindAndNoneCameraLayerFeatures" computerName="DKSR-EFI-06" duration="00:00:00.0018280" startTime="2024-01-09T15:47:07.3626366+01:00" endTime="2024-01-09T15:47:07.3626366+01:00" testType="13cdc9d9-ddb5-4fa4-a97d-d965ccfc6d4b" outcome="Passed" testListId="8c84fa94-04c1-424b-9868-57a2d4851a1d" relativeResultsDirectory="c6de493d-1347-44f6-88e4-4ed895701559" />
    <UnitTestResult executionId="1ea6a4d0-f920-446e-87f0-0e1f03533a71" testId="e26b2205-c180-7f1b-f046-b9155ed9b951" testName="ScWorkspaceStateChangedEvent_ShouldKeepIsSelected_WhenSwitchingToSetupMode" computerName="DKSR-EFI-06" duration="00:00:00.0159525" startTime="2024-01-09T15:47:05.0963001+01:00" endTime="2024-01-09T15:47:05.1119263+01:00" testType="13cdc9d9-ddb5-4fa4-a97d-d965ccfc6d4b" outcome="Passed" testListId="8c84fa94-04c1-424b-9868-57a2d4851a1d" relativeResultsDirectory="1ea6a4d0-f920-446e-87f0-0e1f03533a71" />
    <UnitTestResult executionId="0c2a8e4b-80ac-4ed9-a54f-ddc40540565e" testId="221c6f5c-67df-3e64-4570-740aa30cf80e" testName="DateToStringConverter_Convert_Success" computerName="DKSR-EFI-06" duration="00:00:00.0020675" startTime="2024-01-09T15:46:14.2398746+01:00" endTime="2024-01-09T15:46:14.2555009+01:00" testType="13cdc9d9-ddb5-4fa4-a97d-d965ccfc6d4b" outcome="Passed" testListId="8c84fa94-04c1-424b-9868-57a2d4851a1d" relativeResultsDirectory="0c2a8e4b-80ac-4ed9-a54f-ddc40540565e" />
    <UnitTestResult executionId="890a34b8-ccfb-45c1-b9bf-27964fbced8b" testId="9029e935-145d-d5fd-fae9-96c860349038" testName="GetClusters_AddedItems_ClustersForAddedItems (Data Row 1)" computerName="DKSR-EFI-06" duration="00:00:00.0169078" startTime="2024-01-09T15:47:09.0193458+01:00" endTime="2024-01-09T15:47:09.2381415+01:00" testType="13cdc9d9-ddb5-4fa4-a97d-d965ccfc6d4b" outcome="Passed" testListId="8c84fa94-04c1-424b-9868-57a2d4851a1d" relativeResultsDirectory="890a34b8-ccfb-45c1-b9bf-27964fbced8b" />
    <UnitTestResult executionId="f240fd4e-cb4b-4358-a3f7-c41b20a8ffb2" testId="cefd37a3-357f-d082-971e-590f86c9275f" testName="DomainAndUserName_ShouldThrow_InvalidOperationException_WhenConstructedUsingExternal" computerName="DKSR-EFI-06" duration="00:00:00.0006101" startTime="2024-01-09T15:45:20.2794070+01:00" endTime="2024-01-09T15:45:20.2794070+01:00" testType="13cdc9d9-ddb5-4fa4-a97d-d965ccfc6d4b" outcome="Passed" testListId="8c84fa94-04c1-424b-9868-57a2d4851a1d" relativeResultsDirectory="f240fd4e-cb4b-4358-a3f7-c41b20a8ffb2" />
    <UnitTestResult executionId="633fc450-652a-4f6b-9bd3-8b3738e5364e" testId="34b0562a-74f3-0cb2-347b-f7ebddcca606" testName="IOState_ShouldYieldSameValuesForAllEnumValues_WhenRoundTripConverted (Activated,Activated)" computerName="DKSR-EFI-06" duration="00:00:00.0074254" startTime="2024-01-09T15:45:09.2637587+01:00" endTime="2024-01-09T15:45:09.2794670+01:00" testType="13cdc9d9-ddb5-4fa4-a97d-d965ccfc6d4b" outcome="Passed" testListId="8c84fa94-04c1-424b-9868-57a2d4851a1d" relativeResultsDirectory="633fc450-652a-4f6b-9bd3-8b3738e5364e" />
    <UnitTestResult executionId="7981c103-9a05-46b8-9107-769bca3ccba7" testId="b78c4a54-8a8a-cc80-cfbb-7be5b5023229" testName="DeserializeAlianXml_Fail" computerName="DKSR-EFI-06" duration="00:00:00.0001416" startTime="2024-01-09T15:47:19.4744815+01:00" endTime="2024-01-09T15:47:19.4744815+01:00" testType="13cdc9d9-ddb5-4fa4-a97d-d965ccfc6d4b" outcome="Passed" testListId="8c84fa94-04c1-424b-9868-57a2d4851a1d" relativeResultsDirectory="7981c103-9a05-46b8-9107-769bca3ccba7" />
    <UnitTestResult executionId="8e21ae07-e215-4c1f-9043-3e2cec27966b" testId="a6e357f5-5043-640f-dc7b-7f6d8536f9c8" testName="PtzSessionController_Constructor_ArgumentNull_PtzSessionInfoCommunication_Test" computerName="DKSR-EFI-06" duration="00:00:00.0007718" startTime="2024-01-09T15:45:19.2325301+01:00" endTime="2024-01-09T15:45:19.2325301+01:00" testType="13cdc9d9-ddb5-4fa4-a97d-d965ccfc6d4b" outcome="Passed" testListId="8c84fa94-04c1-424b-9868-57a2d4851a1d" relativeResultsDirectory="8e21ae07-e215-4c1f-9043-3e2cec27966b" />
    <UnitTestResult executionId="8c2f05a5-782f-4e6b-958f-ce9d0d0ba7bc" testId="f8c8d11d-62f5-abc3-7817-a973cfa3607a" testName="IsMicrophoneEnabled_ShouldBeFalse_WhenMicrophoneIsDisabled" computerName="DKSR-EFI-06" duration="00:00:00.0124308" startTime="2024-01-09T15:47:04.7055419+01:00" endTime="2024-01-09T15:47:04.7211718+01:00" testType="13cdc9d9-ddb5-4fa4-a97d-d965ccfc6d4b" outcome="Passed" testListId="8c84fa94-04c1-424b-9868-57a2d4851a1d" relativeResultsDirectory="8c2f05a5-782f-4e6b-958f-ce9d0d0ba7bc" />
    <UnitTestResult executionId="b2567177-0a07-42e8-87a0-5e75f9351a51" testId="898a040b-fc5b-2cd2-659c-46113f65fe38" testName="ToDenormalizedDirection_0_25" computerName="DKSR-EFI-06" duration="00:00:00.0000934" startTime="2024-01-09T15:47:01.2047375+01:00" endTime="2024-01-09T15:47:01.2047375+01:00" testType="13cdc9d9-ddb5-4fa4-a97d-d965ccfc6d4b" outcome="Passed" testListId="8c84fa94-04c1-424b-9868-57a2d4851a1d" relativeResultsDirectory="b2567177-0a07-42e8-87a0-5e75f9351a51" />
    <UnitTestResult executionId="b80af9a8-125e-4bb1-85d0-a61d309a6708" testId="42e0893f-9727-8df7-fab4-99edc06f1ca2" testName="Compare_NotNullVsNull_LessThan" computerName="DKSR-EFI-06" duration="00:00:00.0001743" startTime="2024-01-09T15:46:45.4666209+01:00" endTime="2024-01-09T15:46:45.4666209+01:00" testType="13cdc9d9-ddb5-4fa4-a97d-d965ccfc6d4b" outcome="Passed" testListId="8c84fa94-04c1-424b-9868-57a2d4851a1d" relativeResultsDirectory="b80af9a8-125e-4bb1-85d0-a61d309a6708" />
    <UnitTestResult executionId="a3e823e9-0adb-45f5-9769-1c914d8a4ddf" testId="21be0112-22bc-28e4-3be0-7f0713407426" testName="PopulateTooltip_FewResultsFromSingleCamera12Hours_ValidText" computerName="DKSR-EFI-06" duration="00:00:00.0410084" startTime="2024-01-09T15:46:27.1497050+01:00" endTime="2024-01-09T15:46:27.1965897+01:00" testType="13cdc9d9-ddb5-4fa4-a97d-d965ccfc6d4b" outcome="Passed" testListId="8c84fa94-04c1-424b-9868-57a2d4851a1d" relativeResultsDirectory="a3e823e9-0adb-45f5-9769-1c914d8a4ddf" />
    <UnitTestResult executionId="664d482e-5a4a-422c-94ee-e237e9004f61" testId="102b1376-858e-c079-f8d2-05ad7ca84e2b" testName="PerfCnt_ExecuteUnknownCounter_Success" computerName="DKSR-EFI-06" duration="00:00:00.0011259" startTime="2024-01-09T15:47:11.2229970+01:00" endTime="2024-01-09T15:47:11.2229970+01:00" testType="13cdc9d9-ddb5-4fa4-a97d-d965ccfc6d4b" outcome="Passed" testListId="8c84fa94-04c1-424b-9868-57a2d4851a1d" relativeResultsDirectory="664d482e-5a4a-422c-94ee-e237e9004f61" />
    <UnitTestResult executionId="700c0fdc-5d1c-4b38-94ad-41323947569a" testId="a727049e-baa7-2030-caa3-50ce4db896ae" testName="Deserialize_InvalidXml_Error" computerName="DKSR-EFI-06" duration="00:00:00.0017875" startTime="2024-01-09T15:46:45.5135059+01:00" endTime="2024-01-09T15:46:45.5135059+01:00" testType="13cdc9d9-ddb5-4fa4-a97d-d965ccfc6d4b" outcome="Passed" testListId="8c84fa94-04c1-424b-9868-57a2d4851a1d" relativeResultsDirectory="700c0fdc-5d1c-4b38-94ad-41323947569a" />
    <UnitTestResult executionId="e522ffd3-4818-4e0d-b1c2-de6fe4986d8f" testId="1d2a1f8c-9df5-1e11-ff05-9be1bb8085db" testName="TestForAssemblyCoverage" computerName="DKSR-EFI-06" duration="00:00:00.0002034" startTime="2024-01-09T15:47:00.5171352+01:00" endTime="2024-01-09T15:47:00.5171352+01:00" testType="13cdc9d9-ddb5-4fa4-a97d-d965ccfc6d4b" outcome="Passed" testListId="8c84fa94-04c1-424b-9868-57a2d4851a1d" relativeResultsDirectory="e522ffd3-4818-4e0d-b1c2-de6fe4986d8f" />
    <UnitTestResult executionId="51da9a05-ecd1-487d-b332-6364edda19e0" testId="f5f2e97a-f5f8-6deb-42be-a32de8760af2" testName="SearchResultsActionBarActions_ActionResultCreateReport_Success" computerName="DKSR-EFI-06" duration="00:00:00.0187470" startTime="2024-01-09T15:46:35.8863518+01:00" endTime="2024-01-09T15:46:35.9019797+01:00" testType="13cdc9d9-ddb5-4fa4-a97d-d965ccfc6d4b" outcome="Passed" testListId="8c84fa94-04c1-424b-9868-57a2d4851a1d" relativeResultsDirectory="51da9a05-ecd1-487d-b332-6364edda19e0" />
    <UnitTestResult executionId="15de4893-aadb-460c-9577-3ded4007b46b" testId="84f93f59-fd44-afa7-32df-18fcfc62c68f" testName="TestUpdateState_NotIsLiveOrPlayback" computerName="DKSR-EFI-06" duration="00:00:00.0024292" startTime="2024-01-09T15:47:12.0825703+01:00" endTime="2024-01-09T15:47:12.0825703+01:00" testType="13cdc9d9-ddb5-4fa4-a97d-d965ccfc6d4b" outcome="Passed" testListId="8c84fa94-04c1-424b-9868-57a2d4851a1d" relativeResultsDirectory="15de4893-aadb-460c-9577-3ded4007b46b" />
    <UnitTestResult executionId="4fcf833d-faaf-4088-9df1-63942af257e9" testId="45b9039f-b96a-687f-1be5-e83ccd97ef2c" testName="AddToExportTuples_ShouldReturnCorrectResult (1,0,0)" computerName="DKSR-EFI-06" duration="00:00:00.0022426" startTime="2024-01-09T15:47:11.5824560+01:00" endTime="2024-01-09T15:47:11.5824560+01:00" testType="13cdc9d9-ddb5-4fa4-a97d-d965ccfc6d4b" outcome="Passed" testListId="8c84fa94-04c1-424b-9868-57a2d4851a1d" relativeResultsDirectory="4fcf833d-faaf-4088-9df1-63942af257e9" />
    <UnitTestResult executionId="ce3c7fb6-f290-4b05-835b-4755da1f50a0" testId="156bd96a-a805-e045-2ce9-1615a20e29fa" testName="Execute_NoCommand_DialogResultReturnsFalse" computerName="DKSR-EFI-06" duration="00:00:00.0006695" startTime="2024-01-09T15:47:11.1292367+01:00" endTime="2024-01-09T15:47:11.1292367+01:00" testType="13cdc9d9-ddb5-4fa4-a97d-d965ccfc6d4b" outcome="Passed" testListId="8c84fa94-04c1-424b-9868-57a2d4851a1d" relativeResultsDirectory="ce3c7fb6-f290-4b05-835b-4755da1f50a0" />
    <UnitTestResult executionId="ff6a068e-3d35-40d0-8544-07826cac346e" testId="f1b8d3af-7232-b482-4982-8c83d005f2cf" testName="CreateExportDialog_ProjectCommentOnlyVisible_WhenSmartClientFormatIsIncluded" computerName="DKSR-EFI-06" duration="00:00:00.0082429" startTime="2024-01-09T15:45:42.7169223+01:00" endTime="2024-01-09T15:45:42.7325437+01:00" testType="13cdc9d9-ddb5-4fa4-a97d-d965ccfc6d4b" outcome="Passed" testListId="8c84fa94-04c1-424b-9868-57a2d4851a1d" relativeResultsDirectory="ff6a068e-3d35-40d0-8544-07826cac346e" />
    <UnitTestResult executionId="f3da57d9-7fb7-435c-8ba1-13555b19e01f" testId="4586ccb8-434e-a6fb-3efe-7ae23e91a4a4" testName="MarkerOnMouseLeftButtonDoubleClicked_ShouldCallToggleMicrophoneStateAsync_WhenIsInLiveMode" computerName="DKSR-EFI-06" duration="00:00:00.1183618" startTime="2024-01-09T15:45:37.0606701+01:00" endTime="2024-01-09T15:45:37.1856717+01:00" testType="13cdc9d9-ddb5-4fa4-a97d-d965ccfc6d4b" outcome="Passed" testListId="8c84fa94-04c1-424b-9868-57a2d4851a1d" relativeResultsDirectory="f3da57d9-7fb7-435c-8ba1-13555b19e01f" />
    <UnitTestResult executionId="a801fbd1-399a-487a-a383-1a994c9d1242" testId="efa5f5d5-e246-d31e-90ae-ee25a83e9147" testName="LoadBuilding_DefaultLevel_Selected" computerName="DKSR-EFI-06" duration="00:00:00.0215305" startTime="2024-01-09T15:47:01.1266026+01:00" endTime="2024-01-09T15:47:01.1578680+01:00" testType="13cdc9d9-ddb5-4fa4-a97d-d965ccfc6d4b" outcome="Passed" testListId="8c84fa94-04c1-424b-9868-57a2d4851a1d" relativeResultsDirectory="a801fbd1-399a-487a-a383-1a994c9d1242" />
    <UnitTestResult executionId="9edb5787-6384-45f8-9c92-901101224fde" testId="0d83c1ac-5a73-d746-bd8b-9b4e86108c9b" testName="PopulateTooltip_FewResultsFromSingleCamera24Hours_ValidText" computerName="DKSR-EFI-06" duration="00:00:00.0742920" startTime="2024-01-09T15:46:27.1965897+01:00" endTime="2024-01-09T15:46:27.2747286+01:00" testType="13cdc9d9-ddb5-4fa4-a97d-d965ccfc6d4b" outcome="Passed" testListId="8c84fa94-04c1-424b-9868-57a2d4851a1d" relativeResultsDirectory="9edb5787-6384-45f8-9c92-901101224fde" />
    <UnitTestResult executionId="6e6052ba-29f0-4c4c-8ca2-ec7aa2efd868" testId="c3ba5d7c-9bf9-1a13-3c27-8e6b50e0674e" testName="SearchAction_BrowseMode_Now" computerName="DKSR-EFI-06" duration="00:00:00.0060066" startTime="2024-01-09T15:47:15.5363566+01:00" endTime="2024-01-09T15:47:15.5363566+01:00" testType="13cdc9d9-ddb5-4fa4-a97d-d965ccfc6d4b" outcome="Passed" testListId="8c84fa94-04c1-424b-9868-57a2d4851a1d" relativeResultsDirectory="6e6052ba-29f0-4c4c-8ca2-ec7aa2efd868" />
    <UnitTestResult executionId="67174d1f-568f-4715-9c76-159bf5d450a1" testId="957f9b92-e025-9215-a70c-c67cce904d02" testName="Parse_AttributeMissing_SuccessWithWarning" computerName="DKSR-EFI-06" duration="00:00:00.0027092" startTime="2024-01-09T15:47:11.2073711+01:00" endTime="2024-01-09T15:47:11.2229970+01:00" testType="13cdc9d9-ddb5-4fa4-a97d-d965ccfc6d4b" outcome="Passed" testListId="8c84fa94-04c1-424b-9868-57a2d4851a1d" relativeResultsDirectory="67174d1f-568f-4715-9c76-159bf5d450a1" />
    <UnitTestResult executionId="83d31f83-d9fb-46ad-a9a2-05f4b9a40279" testId="f6b2dd1a-21fb-6c4a-e3a3-9cff7ca08b77" testName="SignUrl_WhereUrlIsValid_ReturnsUrlWithSignature" computerName="DKSR-EFI-06" duration="00:00:00.0081844" startTime="2024-01-09T15:45:30.9825422+01:00" endTime="2024-01-09T15:45:30.9981686+01:00" testType="13cdc9d9-ddb5-4fa4-a97d-d965ccfc6d4b" outcome="Passed" testListId="8c84fa94-04c1-424b-9868-57a2d4851a1d" relativeResultsDirectory="83d31f83-d9fb-46ad-a9a2-05f4b9a40279" />
    <UnitTestResult executionId="bf9060ef-94ef-4dcc-ad1c-e7e403dcfef4" testId="ae8385af-29cc-f7d5-51ff-84300db47ada" testName="Ctor_NullControllerManager_Throws" computerName="DKSR-EFI-06" duration="00:00:00.0014551" startTime="2024-01-09T15:46:34.4484132+01:00" endTime="2024-01-09T15:46:34.4484132+01:00" testType="13cdc9d9-ddb5-4fa4-a97d-d965ccfc6d4b" outcome="Passed" testListId="8c84fa94-04c1-424b-9868-57a2d4851a1d" relativeResultsDirectory="bf9060ef-94ef-4dcc-ad1c-e7e403dcfef4" />
    <UnitTestResult executionId="cc69f003-a7c1-4bfd-9fbd-019a0b3b093d" testId="10a1b738-5399-5e92-e2ed-009c7ed9c454" testName="AddLevelWithLoadNewLevel_Success" computerName="DKSR-EFI-06" duration="00:00:00.0351420" startTime="2024-01-09T15:47:06.8468551+01:00" endTime="2024-01-09T15:47:06.8781142+01:00" testType="13cdc9d9-ddb5-4fa4-a97d-d965ccfc6d4b" outcome="Passed" testListId="8c84fa94-04c1-424b-9868-57a2d4851a1d" relativeResultsDirectory="cc69f003-a7c1-4bfd-9fbd-019a0b3b093d" />
    <UnitTestResult executionId="7bdbf899-a7a5-45da-8860-3b7ed062207b" testId="c852f0f2-cc0b-cd32-55ea-6f08f26c6103" testName="Instance_ShouldBeSingleton_WhenCalled" computerName="DKSR-EFI-06" duration="00:00:00.0001950" startTime="2024-01-09T15:47:04.3929397+01:00" endTime="2024-01-09T15:47:04.3929397+01:00" testType="13cdc9d9-ddb5-4fa4-a97d-d965ccfc6d4b" outcome="Passed" testListId="8c84fa94-04c1-424b-9868-57a2d4851a1d" relativeResultsDirectory="7bdbf899-a7a5-45da-8860-3b7ed062207b" />
    <UnitTestResult executionId="c575f712-9fc2-4859-9eff-2efa78434347" testId="da008dea-21a3-bbc8-6446-27067c0278d2" testName="RequiredGuidProviderStrategies_ShouldHaveOneMd5Strategy_WhenEventServerIdsAreNonFipsCompliant" computerName="DKSR-EFI-06" duration="00:00:00.0008359" startTime="2024-01-09T15:47:19.3025580+01:00" endTime="2024-01-09T15:47:19.3025580+01:00" testType="13cdc9d9-ddb5-4fa4-a97d-d965ccfc6d4b" outcome="Passed" testListId="8c84fa94-04c1-424b-9868-57a2d4851a1d" relativeResultsDirectory="c575f712-9fc2-4859-9eff-2efa78434347" />
    <UnitTestResult executionId="be07f620-522d-46c3-90d4-6c8d18049c88" testId="5b36a0fc-0af7-9466-52bd-af4aae9184ca" testName="Constructor_ShouldRaiseArgumentNullException_WhenGisMapViewModelInteractionStateControllerIsNull" computerName="DKSR-EFI-06" duration="00:00:00.0265710" startTime="2024-01-09T15:45:28.3731670+01:00" endTime="2024-01-09T15:45:28.4044182+01:00" testType="13cdc9d9-ddb5-4fa4-a97d-d965ccfc6d4b" outcome="Passed" testListId="8c84fa94-04c1-424b-9868-57a2d4851a1d" relativeResultsDirectory="be07f620-522d-46c3-90d4-6c8d18049c88" />
    <UnitTestResult executionId="56fc74a6-427c-44cf-952c-6a22bf94d69c" testId="862de922-2beb-921d-d13a-0b59aae77f6b" testName="True" computerName="DKSR-EFI-06" duration="00:00:00.0011974" startTime="2024-01-09T15:47:12.0356806+01:00" endTime="2024-01-09T15:47:12.0356806+01:00" testType="13cdc9d9-ddb5-4fa4-a97d-d965ccfc6d4b" outcome="Passed" testListId="8c84fa94-04c1-424b-9868-57a2d4851a1d" relativeResultsDirectory="56fc74a6-427c-44cf-952c-6a22bf94d69c" />
    <UnitTestResult executionId="658b31cb-873d-42d4-b972-fd707ad67208" testId="a316d943-455b-a96d-fb1b-0c24977fe437" testName="Create_Retention_Time_Cannot_Be_Before_1900_Test_Rollback_After_Valid_Value" computerName="DKSR-EFI-06" duration="00:00:00.0024354" startTime="2024-01-09T15:47:18.5524472+01:00" endTime="2024-01-09T15:47:18.5680835+01:00" testType="13cdc9d9-ddb5-4fa4-a97d-d965ccfc6d4b" outcome="Passed" testListId="8c84fa94-04c1-424b-9868-57a2d4851a1d" relativeResultsDirectory="658b31cb-873d-42d4-b972-fd707ad67208" />
    <UnitTestResult executionId="45115f36-fc82-4b59-ad3f-25839465f286" testId="5a96435f-7bfb-674d-9228-2eed29df56f2" testName="SetLayerFeatures_ShouldUpdateInputItemsMapLayer_WhenInputKindAndInputLayerFeatures" computerName="DKSR-EFI-06" duration="00:00:00.0038832" startTime="2024-01-09T15:47:07.3626366+01:00" endTime="2024-01-09T15:47:07.3626366+01:00" testType="13cdc9d9-ddb5-4fa4-a97d-d965ccfc6d4b" outcome="Passed" testListId="8c84fa94-04c1-424b-9868-57a2d4851a1d" relativeResultsDirectory="45115f36-fc82-4b59-ad3f-25839465f286" />
    <UnitTestResult executionId="bc582b22-11d9-42ef-b8d6-0a2c63c3aaae" testId="7005b14c-73a9-8c05-e947-be79236b7645" testName="BookmarkSearchTime_WithSearchStringInDifferentCases_ReturnCorrectBookmarkWithSearchStringInHeader (,False,False,False,False,SeArChStRiNg,,1)" computerName="DKSR-EFI-06" duration="00:00:00.0053346" startTime="2024-01-09T15:47:12.8796086+01:00" endTime="2024-01-09T15:47:12.8952407+01:00" testType="13cdc9d9-ddb5-4fa4-a97d-d965ccfc6d4b" outcome="Passed" testListId="8c84fa94-04c1-424b-9868-57a2d4851a1d" relativeResultsDirectory="bc582b22-11d9-42ef-b8d6-0a2c63c3aaae" />
    <UnitTestResult executionId="1e7d3283-4fe1-4b14-ae10-925da14d02b6" testId="db90aeda-99d3-8862-c893-f6a75596efbc" testName="PatrollingStepViewModel_ExpectedTransitionTimeToPreset" computerName="DKSR-EFI-06" duration="00:00:00.0023161" startTime="2024-01-09T15:47:09.6913868+01:00" endTime="2024-01-09T15:47:09.6913868+01:00" testType="13cdc9d9-ddb5-4fa4-a97d-d965ccfc6d4b" outcome="Passed" testListId="8c84fa94-04c1-424b-9868-57a2d4851a1d" relativeResultsDirectory="1e7d3283-4fe1-4b14-ae10-925da14d02b6" />
    <UnitTestResult executionId="0048976c-e055-4c98-bcfa-e915994fff04" testId="d0502605-3206-9613-21e3-72be815877fa" testName="Valid password" computerName="DKSR-EFI-06" duration="00:00:00.0002325" startTime="2024-01-09T15:45:44.4360288+01:00" endTime="2024-01-09T15:45:44.4360288+01:00" testType="13cdc9d9-ddb5-4fa4-a97d-d965ccfc6d4b" outcome="Passed" testListId="8c84fa94-04c1-424b-9868-57a2d4851a1d" relativeResultsDirectory="0048976c-e055-4c98-bcfa-e915994fff04" />
    <UnitTestResult executionId="0cce00b3-357f-4e08-8e61-ef7d44225794" testId="62414311-f47b-f1ac-7284-9bb4f606ff0e" testName="LoadBoundingShapes_ManyVariants_LeastPossiblePathsAddedToUI" computerName="DKSR-EFI-06" duration="00:00:00.0423725" startTime="2024-01-09T15:47:00.0795957+01:00" endTime="2024-01-09T15:47:00.1264433+01:00" testType="13cdc9d9-ddb5-4fa4-a97d-d965ccfc6d4b" outcome="Passed" testListId="8c84fa94-04c1-424b-9868-57a2d4851a1d" relativeResultsDirectory="0cce00b3-357f-4e08-8e61-ef7d44225794" />
    <UnitTestResult executionId="e9e66320-97b6-43a0-b9e6-086182d09c94" testId="f31e45eb-b31b-c8a0-0fd1-7b7c41d2f7a0" testName="AddSelectedWindowsToExport_ShouldShowCorrectToastMessages (5,0,5)" computerName="DKSR-EFI-06" duration="00:00:00.0053625" startTime="2024-01-09T15:47:11.8325090+01:00" endTime="2024-01-09T15:47:11.8325090+01:00" testType="13cdc9d9-ddb5-4fa4-a97d-d965ccfc6d4b" outcome="Passed" testListId="8c84fa94-04c1-424b-9868-57a2d4851a1d" relativeResultsDirectory="e9e66320-97b6-43a0-b9e6-086182d09c94" />
    <UnitTestResult executionId="2d7551f2-67e3-4723-a0e7-7c234bae16f8" testId="eafd993c-1009-37c6-4ede-de325862c5a7" testName="FromBase64_Success" computerName="DKSR-EFI-06" duration="00:00:00.0073892" startTime="2024-01-09T15:47:15.1612872+01:00" endTime="2024-01-09T15:47:15.1612872+01:00" testType="13cdc9d9-ddb5-4fa4-a97d-d965ccfc6d4b" outcome="Passed" testListId="8c84fa94-04c1-424b-9868-57a2d4851a1d" relativeResultsDirectory="2d7551f2-67e3-4723-a0e7-7c234bae16f8" />
    <UnitTestResult executionId="53e04a73-5cd7-4697-a81a-9c7e0b5e161b" testId="86a445c9-5dff-52f1-c98f-77ae4a8bc915" testName="PatrollingStepListViewModel_UpdatePositions" computerName="DKSR-EFI-06" duration="00:00:00.0021931" startTime="2024-01-09T15:47:09.6601322+01:00" endTime="2024-01-09T15:47:09.6601322+01:00" testType="13cdc9d9-ddb5-4fa4-a97d-d965ccfc6d4b" outcome="Passed" testListId="8c84fa94-04c1-424b-9868-57a2d4851a1d" relativeResultsDirectory="53e04a73-5cd7-4697-a81a-9c7e0b5e161b" />
    <UnitTestResult executionId="733560e0-8808-4330-8b9b-324c8d40265a" testId="a3df582b-9242-8550-dbc2-e8cf5432b6b2" testName="Connect_WhenCredentialsIsNull_ShouldThrowException" computerName="DKSR-EFI-06" duration="00:00:00.0763334" startTime="2024-01-09T15:45:09.2794670+01:00" endTime="2024-01-09T15:45:09.3575074+01:00" testType="13cdc9d9-ddb5-4fa4-a97d-d965ccfc6d4b" outcome="Passed" testListId="8c84fa94-04c1-424b-9868-57a2d4851a1d" relativeResultsDirectory="733560e0-8808-4330-8b9b-324c8d40265a" />
    <UnitTestResult executionId="cf319e75-e5b2-4ccf-bf04-0ecf8675e9fc" testId="549a6411-d3e1-79bc-a090-6c2d81e9f120" testName="ValidateExportFormats_SmartClientPlayerFormat_ShouldNotReturnFailResult_ExportPathIsTooLong_WhenLongPathsEnabled (c:\aaaaaaaaaaaaaaaaaaaaaaaaaaaaaaaaaaaaaaaaaaaaaaaaaaaaaaaaaaaaaaaaaaaaaaaaaaaaaaaaaaaaaaaaaaaaaaaaaaaaaaaaaaaaaaaaaaaaaaaaaaaaaaaaaaaaaaaaaaaaaaaaaaaaaaaaaaaaaaaaaaaaaaaaaaaaaaaaaaaaaaa)" computerName="DKSR-EFI-06" duration="00:00:00.0141598" startTime="2024-01-09T15:45:44.2484667+01:00" endTime="2024-01-09T15:45:44.2640998+01:00" testType="13cdc9d9-ddb5-4fa4-a97d-d965ccfc6d4b" outcome="Passed" testListId="8c84fa94-04c1-424b-9868-57a2d4851a1d" relativeResultsDirectory="cf319e75-e5b2-4ccf-bf04-0ecf8675e9fc" />
    <UnitTestResult executionId="5b3f9cf9-510d-4e0e-8fc2-a2d70512f974" testId="7aa29abd-7d3e-a7dc-4d9c-0edf39d05bae" testName="SupportsDoubleClick_ShouldBeTrue_WhenInteractionStateIsNormalAndInSetupMode" computerName="DKSR-EFI-06" duration="00:00:00.0360386" startTime="2024-01-09T15:45:35.4200461+01:00" endTime="2024-01-09T15:45:35.4512962+01:00" testType="13cdc9d9-ddb5-4fa4-a97d-d965ccfc6d4b" outcome="Passed" testListId="8c84fa94-04c1-424b-9868-57a2d4851a1d" relativeResultsDirectory="5b3f9cf9-510d-4e0e-8fc2-a2d70512f974" />
    <UnitTestResult executionId="511b2c68-9905-4414-a40f-adb9d6746a4e" testId="834cde2d-9602-045a-ea86-c849382faa06" testName="ResolveBaseResultProperties_ShouldOnlyReturnASingleTriggerTime_WhenThreeOutOfFourTriggerTimesAreOutsideBeginEnd" computerName="DKSR-EFI-06" duration="00:00:00.0019165" startTime="2024-01-09T15:46:43.9507387+01:00" endTime="2024-01-09T15:46:43.9507387+01:00" testType="13cdc9d9-ddb5-4fa4-a97d-d965ccfc6d4b" outcome="Passed" testListId="8c84fa94-04c1-424b-9868-57a2d4851a1d" relativeResultsDirectory="511b2c68-9905-4414-a40f-adb9d6746a4e" />
    <UnitTestResult executionId="03782102-58a2-416e-9d50-4ab2c7b8ffbe" testId="11e32396-3f3f-284e-b683-2e3e119136e4" testName="PopulateTooltip_ManyResultsFromManyCameras12Hours_ValidText" computerName="DKSR-EFI-06" duration="00:00:00.7979257" startTime="2024-01-09T15:46:28.7593689+01:00" endTime="2024-01-09T15:46:29.5563756+01:00" testType="13cdc9d9-ddb5-4fa4-a97d-d965ccfc6d4b" outcome="Passed" testListId="8c84fa94-04c1-424b-9868-57a2d4851a1d" relativeResultsDirectory="03782102-58a2-416e-9d50-4ab2c7b8ffbe" />
    <UnitTestResult executionId="db496f39-0bed-4a08-a27e-b8e9232519b7" testId="dc0d2b36-aa1d-1594-0d6a-cf1fe6649772" testName="DeleteLevel2Of12_Success" computerName="DKSR-EFI-06" duration="00:00:00.0405313" startTime="2024-01-09T15:47:06.9718867+01:00" endTime="2024-01-09T15:47:07.0187837+01:00" testType="13cdc9d9-ddb5-4fa4-a97d-d965ccfc6d4b" outcome="Passed" testListId="8c84fa94-04c1-424b-9868-57a2d4851a1d" relativeResultsDirectory="db496f39-0bed-4a08-a27e-b8e9232519b7">
      <Output>
        <StdOut>Debug Trace:&#xD;
 &gt;&gt;&gt; ERROR: System.NullReferenceException: Object reference not set to an instance of an object.&#xD;
   at VideoOS.RemoteClient.GisMapData.MapBuildings.MapLevel.&lt;LoadLayersAsync&gt;d__71.MoveNext() in D:\actions-runner\_work\XPCO\XPCO\SC\Components\dotNet\VideoOS.RemoteClient.GisMapData\MapBuildings\MapLevel.cs:line 283&#xD;
 &gt;&gt;&gt; Stack:    at VideoOS.RemoteClient.GisMapData.MapBuildings.MapLevel.&lt;LoadLayersAsync&gt;d__71.MoveNext() in D:\actions-runner\_work\XPCO\XPCO\SC\Components\dotNet\VideoOS.RemoteClient.GisMapData\MapBuildings\MapLevel.cs:line 283&#xD;
 &gt;&gt;&gt; ERROR: System.NullReferenceException: Object reference not set to an instance of an object.&#xD;
   at VideoOS.RemoteClient.GisMapData.MapBuildings.MapLevel.&lt;LoadLayersAsync&gt;d__71.MoveNext() in D:\actions-runner\_work\XPCO\XPCO\SC\Components\dotNet\VideoOS.RemoteClient.GisMapData\MapBuildings\MapLevel.cs:line 283&#xD;
 &gt;&gt;&gt; Stack:    at VideoOS.RemoteClient.GisMapData.MapBuildings.MapLevel.&lt;LoadLayersAsync&gt;d__71.MoveNext() in D:\actions-runner\_work\XPCO\XPCO\SC\Components\dotNet\VideoOS.RemoteClient.GisMapData\MapBuildings\MapLevel.cs:line 283&#xD;
 &gt;&gt;&gt; ERROR: System.NullReferenceException: Object reference not set to an instance of an object.&#xD;
   at VideoOS.RemoteClient.GisMapData.MapBuildings.MapLevel.&lt;LoadLayersAsync&gt;d__71.MoveNext() in D:\actions-runner\_work\XPCO\XPCO\SC\Components\dotNet\VideoOS.RemoteClient.GisMapData\MapBuildings\MapLevel.cs:line 283&#xD;
 &gt;&gt;&gt; Stack:    at VideoOS.RemoteClient.GisMapData.MapBuildings.MapLevel.&lt;LoadLayersAsync&gt;d__71.MoveNext() in D:\actions-runner\_work\XPCO\XPCO\SC\Components\dotNet\VideoOS.RemoteClient.GisMapData\MapBuildings\MapLevel.cs:line 283</StdOut>
      </Output>
    </UnitTestResult>
    <UnitTestResult executionId="52bb2ad7-9ae7-4696-bd6e-35369482d1dd" testId="41d4421e-5dd5-6cec-027d-d4227fb48184" testName="ParseFromName_SecondPartNotZero_MinutesRoundedUp" computerName="DKSR-EFI-06" duration="00:00:00.0006701" startTime="2024-01-09T15:46:43.7632110+01:00" endTime="2024-01-09T15:46:43.7632110+01:00" testType="13cdc9d9-ddb5-4fa4-a97d-d965ccfc6d4b" outcome="Passed" testListId="8c84fa94-04c1-424b-9868-57a2d4851a1d" relativeResultsDirectory="52bb2ad7-9ae7-4696-bd6e-35369482d1dd" />
    <UnitTestResult executionId="08a93592-a43c-4abc-9e8f-c5e6d71c9c8c" testId="cfda1da7-2899-4bbe-17b2-c69d57b6f85d" testName="ShowAccessControlSystems_ShouldReturnFalse_WhenNoACSystemsAvailable" computerName="DKSR-EFI-06" duration="00:00:00.0503388" startTime="2024-01-09T15:47:19.2087890+01:00" endTime="2024-01-09T15:47:19.2713029+01:00" testType="13cdc9d9-ddb5-4fa4-a97d-d965ccfc6d4b" outcome="Passed" testListId="8c84fa94-04c1-424b-9868-57a2d4851a1d" relativeResultsDirectory="08a93592-a43c-4abc-9e8f-c5e6d71c9c8c" />
    <UnitTestResult executionId="3d02d0e3-cbf9-45e2-8def-36d01cbe13a6" testId="feb3bdce-3024-5a59-89ff-b1ebe27d119c" testName="SearchResultsActionBarActions_SelectedSearchResults_ExportActionEnabled" computerName="DKSR-EFI-06" duration="00:00:00.0128872" startTime="2024-01-09T15:46:35.0110840+01:00" endTime="2024-01-09T15:46:35.0110840+01:00" testType="13cdc9d9-ddb5-4fa4-a97d-d965ccfc6d4b" outcome="Passed" testListId="8c84fa94-04c1-424b-9868-57a2d4851a1d" relativeResultsDirectory="3d02d0e3-cbf9-45e2-8def-36d01cbe13a6" />
    <UnitTestResult executionId="31ca9d41-bbaa-4757-8897-feee05989536" testId="0b37f41d-8f42-9020-28e4-8cbe84e05257" testName="DeleteSearchTemplateAsync_Fails_Success" computerName="DKSR-EFI-06" duration="00:00:00.0040891" startTime="2024-01-09T15:46:44.0601336+01:00" endTime="2024-01-09T15:46:44.0757639+01:00" testType="13cdc9d9-ddb5-4fa4-a97d-d965ccfc6d4b" outcome="Passed" testListId="8c84fa94-04c1-424b-9868-57a2d4851a1d" relativeResultsDirectory="31ca9d41-bbaa-4757-8897-feee05989536" />
    <UnitTestResult executionId="e6e42da3-a69c-405e-9465-95f25201b409" testId="3073894f-f138-694b-5154-436b92ff7cb8" testName="UpdateSearchAttributes_MultipleFiltersWithValues_Added" computerName="DKSR-EFI-06" duration="00:00:00.0024810" startTime="2024-01-09T15:46:34.4640402+01:00" endTime="2024-01-09T15:46:34.4640402+01:00" testType="13cdc9d9-ddb5-4fa4-a97d-d965ccfc6d4b" outcome="Passed" testListId="8c84fa94-04c1-424b-9868-57a2d4851a1d" relativeResultsDirectory="e6e42da3-a69c-405e-9465-95f25201b409" />
    <UnitTestResult executionId="218114b3-d292-4264-8166-719d65f82995" testId="222612dc-51ac-9b64-f67c-78952b32c155" testName="HandleSetLayerFeatures_ShouldUpdateCameraLayerFeatures_WhenCameraKindAndCameraLayerFeatures" computerName="DKSR-EFI-06" duration="00:00:00.0009127" startTime="2024-01-09T15:47:07.1438196+01:00" endTime="2024-01-09T15:47:07.1438196+01:00" testType="13cdc9d9-ddb5-4fa4-a97d-d965ccfc6d4b" outcome="Passed" testListId="8c84fa94-04c1-424b-9868-57a2d4851a1d" relativeResultsDirectory="218114b3-d292-4264-8166-719d65f82995" />
    <UnitTestResult executionId="08f18f35-da51-42ba-a661-3dd5e7300fcf" testId="87830711-b32c-2c47-4ef6-67875858e949" testName="EmptySearchResult_PropertiesCollection_IsEmpty" computerName="DKSR-EFI-06" duration="00:00:00.0271057" startTime="2024-01-09T15:46:14.4274035+01:00" endTime="2024-01-09T15:46:14.4430293+01:00" testType="13cdc9d9-ddb5-4fa4-a97d-d965ccfc6d4b" outcome="Passed" testListId="8c84fa94-04c1-424b-9868-57a2d4851a1d" relativeResultsDirectory="08f18f35-da51-42ba-a661-3dd5e7300fcf" />
    <UnitTestResult executionId="1c33922b-01ab-4331-8ec6-b248acbcdb28" testId="0ce35179-5c3e-8d99-982b-1a911192d0c8" testName="BookmarkSearchTime_WithSearchStringInDifferentCases_ReturnCorrectBookmarkWithSearchStringInHeader (SeArChStRiNg,True,True,False,False,,,1)" computerName="DKSR-EFI-06" duration="00:00:00.0052004" startTime="2024-01-09T15:47:12.8170917+01:00" endTime="2024-01-09T15:47:12.8170917+01:00" testType="13cdc9d9-ddb5-4fa4-a97d-d965ccfc6d4b" outcome="Passed" testListId="8c84fa94-04c1-424b-9868-57a2d4851a1d" relativeResultsDirectory="1c33922b-01ab-4331-8ec6-b248acbcdb28" />
    <UnitTestResult executionId="d5f43d9f-f3b0-4bb4-a5d4-1e0ecf55bb44" testId="491df381-b5ce-67d7-d550-c29421a6f155" testName="GetOsmServerAddress_ShouldReturnGeographicLayerValue_WhenGeographicLayerIsAvailableAndAlternativeServerIsEmpty" computerName="DKSR-EFI-06" duration="00:00:00.0010569" startTime="2024-01-09T15:47:07.2844893+01:00" endTime="2024-01-09T15:47:07.2844893+01:00" testType="13cdc9d9-ddb5-4fa4-a97d-d965ccfc6d4b" outcome="Passed" testListId="8c84fa94-04c1-424b-9868-57a2d4851a1d" relativeResultsDirectory="d5f43d9f-f3b0-4bb4-a5d4-1e0ecf55bb44" />
    <UnitTestResult executionId="3358e0a7-fbf6-4b5b-aad3-d2397c904157" testId="780b91d2-0044-d042-dc26-f60de2f5b427" testName="Parse_TwoHours_Success" computerName="DKSR-EFI-06" duration="00:00:00.0008732" startTime="2024-01-09T15:46:44.3883220+01:00" endTime="2024-01-09T15:46:44.3883220+01:00" testType="13cdc9d9-ddb5-4fa4-a97d-d965ccfc6d4b" outcome="Passed" testListId="8c84fa94-04c1-424b-9868-57a2d4851a1d" relativeResultsDirectory="3358e0a7-fbf6-4b5b-aad3-d2397c904157" />
    <UnitTestResult executionId="34dbb02f-7506-4883-b7e1-53c3c59ac8cd" testId="4d525835-86fa-0619-e484-37026867a280" testName="OnSearchResultsSelectionChangedByUser_ShouldUpdateSelectedResults_WhenSelectionChangedByUser" computerName="DKSR-EFI-06" duration="00:00:00.0152339" startTime="2024-01-09T15:46:38.6214846+01:00" endTime="2024-01-09T15:46:38.6371119+01:00" testType="13cdc9d9-ddb5-4fa4-a97d-d965ccfc6d4b" outcome="Passed" testListId="8c84fa94-04c1-424b-9868-57a2d4851a1d" relativeResultsDirectory="34dbb02f-7506-4883-b7e1-53c3c59ac8cd" />
    <UnitTestResult executionId="624fa2fe-4b0b-4b0b-a7fa-7a35613c2fdf" testId="f680908c-3b4b-7b4d-7066-6e5fce7c0b27" testName="GetClusters_ExcludeThenIncludeExcludedItems_NoChange (Data Row 13)" computerName="DKSR-EFI-06" duration="00:00:00.0113227" startTime="2024-01-09T15:47:07.8784025+01:00" endTime="2024-01-09T15:47:08.0815823+01:00" testType="13cdc9d9-ddb5-4fa4-a97d-d965ccfc6d4b" outcome="Passed" testListId="8c84fa94-04c1-424b-9868-57a2d4851a1d" relativeResultsDirectory="624fa2fe-4b0b-4b0b-a7fa-7a35613c2fdf" />
    <UnitTestResult executionId="6a26407e-6a4d-4183-b815-e20b3be98096" testId="2670b347-ae46-c79b-6a32-846917e5ef9a" testName="HandleSetLayerFeatures_ShouldRaiseArgumentException_WhenCameraKindAndNotCameraLayerFeaturesAndInputLayer" computerName="DKSR-EFI-06" duration="00:00:00.0012193" startTime="2024-01-09T15:47:07.1594497+01:00" endTime="2024-01-09T15:47:07.1594497+01:00" testType="13cdc9d9-ddb5-4fa4-a97d-d965ccfc6d4b" outcome="Passed" testListId="8c84fa94-04c1-424b-9868-57a2d4851a1d" relativeResultsDirectory="6a26407e-6a4d-4183-b815-e20b3be98096" />
    <UnitTestResult executionId="1f28ce04-41c4-4b50-99de-f2677931e54b" testId="22c303b8-43d5-607e-1d1f-d8119ff03ede" testName="AddToExportTuples_ShouldReturnCorrectResult (5,0,0)" computerName="DKSR-EFI-06" duration="00:00:00.0045224" startTime="2024-01-09T15:47:11.6137113+01:00" endTime="2024-01-09T15:47:11.6137113+01:00" testType="13cdc9d9-ddb5-4fa4-a97d-d965ccfc6d4b" outcome="Passed" testListId="8c84fa94-04c1-424b-9868-57a2d4851a1d" relativeResultsDirectory="1f28ce04-41c4-4b50-99de-f2677931e54b" />
    <UnitTestResult executionId="8d8a0efe-ca3a-4eea-9504-7a427960abfc" testId="48d0aa96-83b2-ad6d-f963-8245525eabe9" testName="DateToStringConverter_SingleConvertInvalidInput_UnsetValue" computerName="DKSR-EFI-06" duration="00:00:00.0289835" startTime="2024-01-09T15:46:14.2555009+01:00" endTime="2024-01-09T15:46:14.2867522+01:00" testType="13cdc9d9-ddb5-4fa4-a97d-d965ccfc6d4b" outcome="Passed" testListId="8c84fa94-04c1-424b-9868-57a2d4851a1d" relativeResultsDirectory="8d8a0efe-ca3a-4eea-9504-7a427960abfc" />
    <UnitTestResult executionId="2d198169-c454-4651-bf5e-c09475ee8b26" testId="795c0b9d-f299-8ffa-d2ce-4bce515e128c" testName="ConvertBack_ShouldReturnIsNormalState_WhenValueFalse" computerName="DKSR-EFI-06" duration="00:00:00.0003904" startTime="2024-01-09T15:45:26.9825389+01:00" endTime="2024-01-09T15:45:26.9825389+01:00" testType="13cdc9d9-ddb5-4fa4-a97d-d965ccfc6d4b" outcome="Passed" testListId="8c84fa94-04c1-424b-9868-57a2d4851a1d" relativeResultsDirectory="2d198169-c454-4651-bf5e-c09475ee8b26" />
    <UnitTestResult executionId="faa918ce-5997-4a7e-9145-44ad27159cba" testId="e321a84a-46d6-5a10-48a6-04d6f541eeb1" testName="PtzSessionControllerInfoConstructorTest_From_PtzSessionInfo_Idle_User" computerName="DKSR-EFI-06" duration="00:00:00.0009419" startTime="2024-01-09T15:45:19.5450313+01:00" endTime="2024-01-09T15:45:19.5450313+01:00" testType="13cdc9d9-ddb5-4fa4-a97d-d965ccfc6d4b" outcome="Passed" testListId="8c84fa94-04c1-424b-9868-57a2d4851a1d" relativeResultsDirectory="faa918ce-5997-4a7e-9145-44ad27159cba" />
    <UnitTestResult executionId="0a2bd07f-c75d-4baf-9e48-e884bad16b1b" testId="e7590a2a-9404-cfd8-85e4-42ebf7fee746" testName="EvidenceLockNotVisible_WhenFeatureDisabled" computerName="DKSR-EFI-06" duration="00:00:00.0180076" startTime="2024-01-09T15:47:10.6759998+01:00" endTime="2024-01-09T15:47:10.6916306+01:00" testType="13cdc9d9-ddb5-4fa4-a97d-d965ccfc6d4b" outcome="Passed" testListId="8c84fa94-04c1-424b-9868-57a2d4851a1d" relativeResultsDirectory="0a2bd07f-c75d-4baf-9e48-e884bad16b1b" />
    <UnitTestResult executionId="3f140366-dfee-4ac7-8fdc-657d4c4bd0dc" testId="86e972ed-14c6-3ad2-ddf5-8b4f957f0006" testName="CreateDetailsViewControl_ValidSearchResult_Success" computerName="DKSR-EFI-06" duration="00:00:01.3045012" startTime="2024-01-09T15:45:59.1734584+01:00" endTime="2024-01-09T15:46:00.4707973+01:00" testType="13cdc9d9-ddb5-4fa4-a97d-d965ccfc6d4b" outcome="Passed" testListId="8c84fa94-04c1-424b-9868-57a2d4851a1d" relativeResultsDirectory="3f140366-dfee-4ac7-8fdc-657d4c4bd0dc" />
    <UnitTestResult executionId="399200f9-3a84-4448-b37e-417919a3ebfa" testId="17258b23-ff23-da1c-73fb-351e418fb581" testName="BeginTime_ShouldBeSetToValueOfSearchResult" computerName="DKSR-EFI-06" duration="00:00:00.0004693" startTime="2024-01-09T15:46:45.4041121+01:00" endTime="2024-01-09T15:46:45.4041121+01:00" testType="13cdc9d9-ddb5-4fa4-a97d-d965ccfc6d4b" outcome="Passed" testListId="8c84fa94-04c1-424b-9868-57a2d4851a1d" relativeResultsDirectory="399200f9-3a84-4448-b37e-417919a3ebfa" />
    <UnitTestResult executionId="e09e2100-44cd-44b9-bc8b-21a490d2621d" testId="0cd872bf-1428-c181-b201-48c4c96402b3" testName="WaitForItemAsync_WhenNotAdded_QuitsOnTimeout" computerName="DKSR-EFI-06" duration="00:00:00.0170608" startTime="2024-01-09T15:45:39.4356700+01:00" endTime="2024-01-09T15:45:39.4512941+01:00" testType="13cdc9d9-ddb5-4fa4-a97d-d965ccfc6d4b" outcome="Passed" testListId="8c84fa94-04c1-424b-9868-57a2d4851a1d" relativeResultsDirectory="e09e2100-44cd-44b9-bc8b-21a490d2621d" />
    <UnitTestResult executionId="f90ab57b-5d66-4bde-9d02-bf6397f1a986" testId="38ec599c-8886-9abd-0e90-9384d2644f53" testName="PatrollingProfileListViewModel_CanExecuteAddProfile" computerName="DKSR-EFI-06" duration="00:00:00.0012886" startTime="2024-01-09T15:47:09.4413637+01:00" endTime="2024-01-09T15:47:09.4413637+01:00" testType="13cdc9d9-ddb5-4fa4-a97d-d965ccfc6d4b" outcome="Passed" testListId="8c84fa94-04c1-424b-9868-57a2d4851a1d" relativeResultsDirectory="f90ab57b-5d66-4bde-9d02-bf6397f1a986" />
    <UnitTestResult executionId="935ce4a7-34c2-458e-b2cf-c269dc61bcc0" testId="21718b1b-f62a-37ac-fbeb-8c4d4d01bc07" testName="SearchResultsActionBarActions_ActionResultCreateReport_CreatePdfDocument_Success" computerName="DKSR-EFI-06" duration="00:00:00.0154456" startTime="2024-01-09T15:46:34.6828574+01:00" endTime="2024-01-09T15:46:34.6984906+01:00" testType="13cdc9d9-ddb5-4fa4-a97d-d965ccfc6d4b" outcome="Passed" testListId="8c84fa94-04c1-424b-9868-57a2d4851a1d" relativeResultsDirectory="935ce4a7-34c2-458e-b2cf-c269dc61bcc0" />
    <UnitTestResult executionId="c89efa40-0503-41b4-994b-65ef06aeff13" testId="3127eee9-b24b-38fc-7372-b6a7a8378a18" testName="SearchResultsActionBarActions_CreateEvidenceLock_OptionAvailable_Enabled" computerName="DKSR-EFI-06" duration="00:00:00.0119899" startTime="2024-01-09T15:46:35.6831647+01:00" endTime="2024-01-09T15:46:35.6987965+01:00" testType="13cdc9d9-ddb5-4fa4-a97d-d965ccfc6d4b" outcome="Passed" testListId="8c84fa94-04c1-424b-9868-57a2d4851a1d" relativeResultsDirectory="c89efa40-0503-41b4-994b-65ef06aeff13" />
    <UnitTestResult executionId="90a59893-2d9e-4b36-9673-a54bd9185ffd" testId="0c0629d0-f6ea-17eb-459f-54981f9ede50" testName="DetermineUserAllowsUnsecureConnection_WhereUserIsAskedAndUnsecureIsAllowIsSelected_ShouldReturnTrue" computerName="DKSR-EFI-06" duration="00:00:00.0297680" startTime="2024-01-09T15:45:12.3731388+01:00" endTime="2024-01-09T15:45:12.4043895+01:00" testType="13cdc9d9-ddb5-4fa4-a97d-d965ccfc6d4b" outcome="Passed" testListId="8c84fa94-04c1-424b-9868-57a2d4851a1d" relativeResultsDirectory="90a59893-2d9e-4b36-9673-a54bd9185ffd" />
    <UnitTestResult executionId="b0dd646b-77e3-4a56-ad2f-4c61cadb0eeb" testId="e28ccd3c-119e-ea01-443c-a177bc7fcafe" testName="OnMarkerSelected_ShouldDeselectAndReselectMarker_WhenSingleSelectionAndAlreadySelected" computerName="DKSR-EFI-06" duration="00:00:00.0061835" startTime="2024-01-09T15:45:33.7325448+01:00" endTime="2024-01-09T15:45:33.7481704+01:00" testType="13cdc9d9-ddb5-4fa4-a97d-d965ccfc6d4b" outcome="Passed" testListId="8c84fa94-04c1-424b-9868-57a2d4851a1d" relativeResultsDirectory="b0dd646b-77e3-4a56-ad2f-4c61cadb0eeb" />
    <UnitTestResult executionId="6da824ae-48bf-437e-aa43-f44f5b7530bf" testId="ba253b92-69e3-4e4f-d52c-11bff46fb10e" testName="DeleteLevel1Of12_Success" computerName="DKSR-EFI-06" duration="00:00:00.0370512" startTime="2024-01-09T15:47:06.9250002+01:00" endTime="2024-01-09T15:47:06.9718867+01:00" testType="13cdc9d9-ddb5-4fa4-a97d-d965ccfc6d4b" outcome="Passed" testListId="8c84fa94-04c1-424b-9868-57a2d4851a1d" relativeResultsDirectory="6da824ae-48bf-437e-aa43-f44f5b7530bf">
      <Output>
        <StdOut>Debug Trace:&#xD;
 &gt;&gt;&gt; ERROR: System.NullReferenceException: Object reference not set to an instance of an object.&#xD;
   at VideoOS.RemoteClient.GisMapData.MapBuildings.MapLevel.&lt;LoadLayersAsync&gt;d__71.MoveNext() in D:\actions-runner\_work\XPCO\XPCO\SC\Components\dotNet\VideoOS.RemoteClient.GisMapData\MapBuildings\MapLevel.cs:line 283&#xD;
 &gt;&gt;&gt; Stack:    at VideoOS.RemoteClient.GisMapData.MapBuildings.MapLevel.&lt;LoadLayersAsync&gt;d__71.MoveNext() in D:\actions-runner\_work\XPCO\XPCO\SC\Components\dotNet\VideoOS.RemoteClient.GisMapData\MapBuildings\MapLevel.cs:line 283&#xD;
 &gt;&gt;&gt; ERROR: System.NullReferenceException: Object reference not set to an instance of an object.&#xD;
   at VideoOS.RemoteClient.GisMapData.MapBuildings.MapLevel.&lt;LoadLayersAsync&gt;d__71.MoveNext() in D:\actions-runner\_work\XPCO\XPCO\SC\Components\dotNet\VideoOS.RemoteClient.GisMapData\MapBuildings\MapLevel.cs:line 283&#xD;
 &gt;&gt;&gt; Stack:    at VideoOS.RemoteClient.GisMapData.MapBuildings.MapLevel.&lt;LoadLayersAsync&gt;d__71.MoveNext() in D:\actions-runner\_work\XPCO\XPCO\SC\Components\dotNet\VideoOS.RemoteClient.GisMapData\MapBuildings\MapLevel.cs:line 283</StdOut>
      </Output>
    </UnitTestResult>
    <UnitTestResult executionId="0008ab5a-4517-4473-a952-44eae4d36498" testId="782e99d7-36f7-67c7-e68d-cb6d91a4a048" testName="Convert_ShouldReturnTextBlock_WhenValueIsString" computerName="DKSR-EFI-06" duration="00:00:00.0034605" startTime="2024-01-09T15:45:20.4356586+01:00" endTime="2024-01-09T15:45:20.4513395+01:00" testType="13cdc9d9-ddb5-4fa4-a97d-d965ccfc6d4b" outcome="Passed" testListId="8c84fa94-04c1-424b-9868-57a2d4851a1d" relativeResultsDirectory="0008ab5a-4517-4473-a952-44eae4d36498" />
    <UnitTestResult executionId="ae8f90dd-9757-46ff-ada5-72a834498e66" testId="61c2e857-2ecc-1265-1a6e-d3f3e6eddf31" testName="PatrollingProfileViewModelTest_Save_CreateProfile" computerName="DKSR-EFI-06" duration="00:00:00.0083968" startTime="2024-01-09T15:47:09.5663519+01:00" endTime="2024-01-09T15:47:09.5663519+01:00" testType="13cdc9d9-ddb5-4fa4-a97d-d965ccfc6d4b" outcome="Passed" testListId="8c84fa94-04c1-424b-9868-57a2d4851a1d" relativeResultsDirectory="ae8f90dd-9757-46ff-ada5-72a834498e66" />
    <UnitTestResult executionId="acb976ea-0432-479b-8e15-819cbfd32442" testId="ceb42b69-4329-8c68-9d19-b6fb1b9c3ef1" testName="PtzSessionController_DisposeTest" computerName="DKSR-EFI-06" duration="00:00:00.0119164" startTime="2024-01-09T15:45:19.2325301+01:00" endTime="2024-01-09T15:45:19.2481578+01:00" testType="13cdc9d9-ddb5-4fa4-a97d-d965ccfc6d4b" outcome="Passed" testListId="8c84fa94-04c1-424b-9868-57a2d4851a1d" relativeResultsDirectory="acb976ea-0432-479b-8e15-819cbfd32442" />
    <UnitTestResult executionId="8b5ae7ff-2fcb-4f4d-bc79-9bda92533c44" testId="2521704e-7859-65c2-160f-02af43e2aa44" testName="PatrollingProfileListViewModel_SelectedPatrollingProfileViewModel_Selected_PatrollingStep" computerName="DKSR-EFI-06" duration="00:00:00.0105645" startTime="2024-01-09T15:47:09.4257037+01:00" endTime="2024-01-09T15:47:09.4257037+01:00" testType="13cdc9d9-ddb5-4fa4-a97d-d965ccfc6d4b" outcome="Passed" testListId="8c84fa94-04c1-424b-9868-57a2d4851a1d" relativeResultsDirectory="8b5ae7ff-2fcb-4f4d-bc79-9bda92533c44" />
    <UnitTestResult executionId="a3edfd0e-8681-4cfc-b93a-daac03d8c54e" testId="a1ef0514-5d41-eded-e838-32de99602a54" testName="TestLoadLevelsAsync_Success" computerName="DKSR-EFI-06" duration="00:00:00.0530017" startTime="2024-01-09T15:47:00.6577783+01:00" endTime="2024-01-09T15:47:00.7202878+01:00" testType="13cdc9d9-ddb5-4fa4-a97d-d965ccfc6d4b" outcome="Passed" testListId="8c84fa94-04c1-424b-9868-57a2d4851a1d" relativeResultsDirectory="a3edfd0e-8681-4cfc-b93a-daac03d8c54e" />
    <UnitTestResult executionId="51d89474-3432-4667-af9f-cb120b8bddaa" testId="fca58915-8fae-a999-eb21-fb7a250b2818" testName="Deserialize_ScopeOnly_ErrorReported" computerName="DKSR-EFI-06" duration="00:00:00.0129936" startTime="2024-01-09T15:46:45.0759341+01:00" endTime="2024-01-09T15:46:45.0915650+01:00" testType="13cdc9d9-ddb5-4fa4-a97d-d965ccfc6d4b" outcome="Passed" testListId="8c84fa94-04c1-424b-9868-57a2d4851a1d" relativeResultsDirectory="51d89474-3432-4667-af9f-cb120b8bddaa" />
    <UnitTestResult executionId="12e3dae3-2c98-46ef-ac4f-029b053ae1f2" testId="bf43b520-f013-6f88-54e2-4da33d00fc9f" testName="PtzSessionController_Unregister_None_Registered_Camera_Test" computerName="DKSR-EFI-06" duration="00:00:00.0024066" startTime="2024-01-09T15:45:19.4981557+01:00" endTime="2024-01-09T15:45:19.4981557+01:00" testType="13cdc9d9-ddb5-4fa4-a97d-d965ccfc6d4b" outcome="Passed" testListId="8c84fa94-04c1-424b-9868-57a2d4851a1d" relativeResultsDirectory="12e3dae3-2c98-46ef-ac4f-029b053ae1f2" />
    <UnitTestResult executionId="9b1823c4-d0a5-4933-9ade-f25304a0c602" testId="8d265b40-4d86-0fef-5f08-51df41bf9c7a" testName="ConvertBack_ShouldAlwaysThrowException" computerName="DKSR-EFI-06" duration="00:00:00.0010678" startTime="2024-01-09T15:45:20.4513395+01:00" endTime="2024-01-09T15:45:20.4513395+01:00" testType="13cdc9d9-ddb5-4fa4-a97d-d965ccfc6d4b" outcome="Passed" testListId="8c84fa94-04c1-424b-9868-57a2d4851a1d" relativeResultsDirectory="9b1823c4-d0a5-4933-9ade-f25304a0c602" />
    <UnitTestResult executionId="5a397758-c5a2-4b87-a605-92b81533be47" testId="aa1fb81d-7b98-7b44-90a1-fd0ecea840da" testName="IsProcessing_ClearWhileUnprocessedItems_Success" computerName="DKSR-EFI-06" duration="00:00:00.0015715" startTime="2024-01-09T15:46:45.2009624+01:00" endTime="2024-01-09T15:46:45.2009624+01:00" testType="13cdc9d9-ddb5-4fa4-a97d-d965ccfc6d4b" outcome="Passed" testListId="8c84fa94-04c1-424b-9868-57a2d4851a1d" relativeResultsDirectory="5a397758-c5a2-4b87-a605-92b81533be47" />
    <UnitTestResult executionId="ca51b72d-73a0-4b72-bf51-159d3e27c605" testId="78a6f3bc-f69b-adde-fc5c-c831994f27cb" testName="AddToExportDevices_ShouldReturnCorrectResult (5,5,5)" computerName="DKSR-EFI-06" duration="00:00:00.0055997" startTime="2024-01-09T15:47:11.7387334+01:00" endTime="2024-01-09T15:47:11.7387334+01:00" testType="13cdc9d9-ddb5-4fa4-a97d-d965ccfc6d4b" outcome="Passed" testListId="8c84fa94-04c1-424b-9868-57a2d4851a1d" relativeResultsDirectory="ca51b72d-73a0-4b72-bf51-159d3e27c605" />
    <UnitTestResult executionId="6d8bb841-f61d-4391-970d-316500cd6b9b" testId="c16412a0-c100-f8dd-8f2b-f63db635bf73" testName="MergeWith_EmptyCluster_ThisNotChanged" computerName="DKSR-EFI-06" duration="00:00:00.0139207" startTime="2024-01-09T15:47:08.7223913+01:00" endTime="2024-01-09T15:47:08.7381369+01:00" testType="13cdc9d9-ddb5-4fa4-a97d-d965ccfc6d4b" outcome="Passed" testListId="8c84fa94-04c1-424b-9868-57a2d4851a1d" relativeResultsDirectory="6d8bb841-f61d-4391-970d-316500cd6b9b" />
    <UnitTestResult executionId="a8e4c863-b23a-4504-a8bc-ddf16aa1509d" testId="c7772852-e1ce-5a56-9e2d-f376c5ee0d2f" testName="SearchResultsActionBarActions_SendToFloatingWindowMaxCamerasExceededButAccepted_InvokeCommand_WarningDialogDisplayed" computerName="DKSR-EFI-06" duration="00:00:00.0146120" startTime="2024-01-09T15:46:35.4330888+01:00" endTime="2024-01-09T15:46:35.4487295+01:00" testType="13cdc9d9-ddb5-4fa4-a97d-d965ccfc6d4b" outcome="Passed" testListId="8c84fa94-04c1-424b-9868-57a2d4851a1d" relativeResultsDirectory="a8e4c863-b23a-4504-a8bc-ddf16aa1509d" />
    <UnitTestResult executionId="57bd2a2f-c021-4457-870f-42c4425c08fd" testId="ad0fb3f5-59c6-f38e-8f48-61ec61251228" testName="TryGetOsmServerTileAddress_ShouldSetUriWithOsmTileSuffix_WhenOsmServerAddressDoesNotIncludeOsmTileSuffix" computerName="DKSR-EFI-06" duration="00:00:00.0001921" startTime="2024-01-09T15:47:07.3001149+01:00" endTime="2024-01-09T15:47:07.3001149+01:00" testType="13cdc9d9-ddb5-4fa4-a97d-d965ccfc6d4b" outcome="Passed" testListId="8c84fa94-04c1-424b-9868-57a2d4851a1d" relativeResultsDirectory="57bd2a2f-c021-4457-870f-42c4425c08fd" />
    <UnitTestResult executionId="a8ac2221-26b2-43ba-827f-c24fe68e9ef9" testId="f8050766-a819-6e5a-f094-40b949fa7692" testName="PointMapItem_Load_Success" computerName="DKSR-EFI-06" duration="00:00:00.0439160" startTime="2024-01-09T15:47:01.8299874+01:00" endTime="2024-01-09T15:47:01.8610917+01:00" testType="13cdc9d9-ddb5-4fa4-a97d-d965ccfc6d4b" outcome="Passed" testListId="8c84fa94-04c1-424b-9868-57a2d4851a1d" relativeResultsDirectory="a8ac2221-26b2-43ba-827f-c24fe68e9ef9" />
    <UnitTestResult executionId="bf7d96a6-a9b9-4bff-81ae-2fc19b287f63" testId="5b8ffd61-7472-5d07-a1e1-10f78205a31d" testName="GetServerTypes_ShouldReturnFailoverServerType" computerName="DKSR-EFI-06" duration="00:00:00.0004356" startTime="2024-01-09T15:47:13.5828638+01:00" endTime="2024-01-09T15:47:13.5828638+01:00" testType="13cdc9d9-ddb5-4fa4-a97d-d965ccfc6d4b" outcome="Passed" testListId="8c84fa94-04c1-424b-9868-57a2d4851a1d" relativeResultsDirectory="bf7d96a6-a9b9-4bff-81ae-2fc19b287f63" />
    <UnitTestResult executionId="fc5146c5-a5c5-4806-8f11-945c7b3dae8f" testId="d4e99847-3efa-a01b-10b2-9229e2250900" testName="Not forced" computerName="DKSR-EFI-06" duration="00:00:00.0077355" startTime="2024-01-09T15:45:42.9044171+01:00" endTime="2024-01-09T15:45:42.9044171+01:00" testType="13cdc9d9-ddb5-4fa4-a97d-d965ccfc6d4b" outcome="Passed" testListId="8c84fa94-04c1-424b-9868-57a2d4851a1d" relativeResultsDirectory="fc5146c5-a5c5-4806-8f11-945c7b3dae8f" />
    <UnitTestResult executionId="50cc526c-176d-4687-bb8e-6f9894f3b307" testId="1cf78aaf-7e14-43de-6645-da2adf43991c" testName="Perform_ActionLongAfterFirst_Success" computerName="DKSR-EFI-06" duration="00:00:00.0185161" startTime="2024-01-09T15:45:19.8887817+01:00" endTime="2024-01-09T15:45:19.9044097+01:00" testType="13cdc9d9-ddb5-4fa4-a97d-d965ccfc6d4b" outcome="Passed" testListId="8c84fa94-04c1-424b-9868-57a2d4851a1d" relativeResultsDirectory="50cc526c-176d-4687-bb8e-6f9894f3b307" />
    <UnitTestResult executionId="81e5aedd-a54d-49fd-a01d-3f9acd68a85b" testId="7b0dc253-1a60-98fa-ca06-9217e1553108" testName="SearchResultsActionBarActions_ActionResultCreateReport_CreatePdfDocument_ErrorSaving" computerName="DKSR-EFI-06" duration="00:00:00.0227689" startTime="2024-01-09T15:46:34.7297500+01:00" endTime="2024-01-09T15:46:34.7610045+01:00" testType="13cdc9d9-ddb5-4fa4-a97d-d965ccfc6d4b" outcome="Passed" testListId="8c84fa94-04c1-424b-9868-57a2d4851a1d" relativeResultsDirectory="81e5aedd-a54d-49fd-a01d-3f9acd68a85b" />
    <UnitTestResult executionId="1b17e59d-34e8-4caf-8e76-608184138536" testId="77538764-96ab-d361-cc57-e43d65dc3ccd" testName="Tooltip_ShouldShowMicrophoneName_WhenMicrophoneIsDisabled" computerName="DKSR-EFI-06" duration="00:00:00.0702002" startTime="2024-01-09T15:45:36.9825454+01:00" endTime="2024-01-09T15:45:37.0606701+01:00" testType="13cdc9d9-ddb5-4fa4-a97d-d965ccfc6d4b" outcome="Passed" testListId="8c84fa94-04c1-424b-9868-57a2d4851a1d" relativeResultsDirectory="1b17e59d-34e8-4caf-8e76-608184138536" />
    <UnitTestResult executionId="86b67963-137d-45c6-bf38-42a9c3a27514" testId="35fc797f-8043-748e-70a2-2388d5cb8d3d" testName="GisMapModel_MapVersion_IsCorrect" computerName="DKSR-EFI-06" duration="00:00:00.0094318" startTime="2024-01-09T15:47:03.2519127+01:00" endTime="2024-01-09T15:47:03.2675393+01:00" testType="13cdc9d9-ddb5-4fa4-a97d-d965ccfc6d4b" outcome="Passed" testListId="8c84fa94-04c1-424b-9868-57a2d4851a1d" relativeResultsDirectory="86b67963-137d-45c6-bf38-42a9c3a27514" />
    <UnitTestResult executionId="d188c197-d239-4fec-9ee6-935154cf01e9" testId="7e6ab9bc-6be0-57ee-f082-006f13f3fda7" testName="PtzSessionControllerInfo_TimeChangedTest_Different_TimeLeft" computerName="DKSR-EFI-06" duration="00:00:00.0004269" startTime="2024-01-09T15:45:19.6075315+01:00" endTime="2024-01-09T15:45:19.6075315+01:00" testType="13cdc9d9-ddb5-4fa4-a97d-d965ccfc6d4b" outcome="Passed" testListId="8c84fa94-04c1-424b-9868-57a2d4851a1d" relativeResultsDirectory="d188c197-d239-4fec-9ee6-935154cf01e9" />
    <UnitTestResult executionId="f2a2809c-0631-4728-af48-f031a2a7f89b" testId="f51cf9e2-cdcd-f8dd-962c-cbd4db2c5ec7" testName="AddToExportDevices_ShouldReturnCorrectResult (0,5,5)" computerName="DKSR-EFI-06" duration="00:00:00.0028740" startTime="2024-01-09T15:47:11.7231125+01:00" endTime="2024-01-09T15:47:11.7231125+01:00" testType="13cdc9d9-ddb5-4fa4-a97d-d965ccfc6d4b" outcome="Passed" testListId="8c84fa94-04c1-424b-9868-57a2d4851a1d" relativeResultsDirectory="f2a2809c-0631-4728-af48-f031a2a7f89b" />
    <UnitTestResult executionId="1b7767ab-4d38-4d34-8be5-be35d17585ed" testId="ab584460-bac9-0990-0924-68a8db1e4a1e" testName="PopulateTooltip_SingleResultsFromManyCameras24Hours_ValidText" computerName="DKSR-EFI-06" duration="00:00:00.0286119" startTime="2024-01-09T15:46:27.1184709+01:00" endTime="2024-01-09T15:46:27.1497050+01:00" testType="13cdc9d9-ddb5-4fa4-a97d-d965ccfc6d4b" outcome="Passed" testListId="8c84fa94-04c1-424b-9868-57a2d4851a1d" relativeResultsDirectory="1b7767ab-4d38-4d34-8be5-be35d17585ed" />
    <UnitTestResult executionId="e5af3d74-83cc-4be5-88c9-61b0388ea2d1" testId="ff967a29-b052-9b02-d0d2-90cfa45b8b4f" testName="CreateSearchResultUserControl_AllMappings_Success" computerName="DKSR-EFI-06" duration="00:00:00.0116000" startTime="2024-01-09T15:46:59.7357843+01:00" endTime="2024-01-09T15:46:59.7357843+01:00" testType="13cdc9d9-ddb5-4fa4-a97d-d965ccfc6d4b" outcome="Passed" testListId="8c84fa94-04c1-424b-9868-57a2d4851a1d" relativeResultsDirectory="e5af3d74-83cc-4be5-88c9-61b0388ea2d1" />
    <UnitTestResult executionId="f28b5416-2c04-4cbf-bc2b-b80fcbd2917d" testId="cbb16c95-d728-15c5-f7f7-7aec1e98ffde" testName="ResolveGenericResultProperties_ShouldReturnGenericPropertiesFromASingleSearchResult_WhenGivenASingleSearchResult" computerName="DKSR-EFI-06" duration="00:00:00.0017935" startTime="2024-01-09T15:46:43.9663681+01:00" endTime="2024-01-09T15:46:43.9663681+01:00" testType="13cdc9d9-ddb5-4fa4-a97d-d965ccfc6d4b" outcome="Passed" testListId="8c84fa94-04c1-424b-9868-57a2d4851a1d" relativeResultsDirectory="f28b5416-2c04-4cbf-bc2b-b80fcbd2917d" />
    <UnitTestResult executionId="90dfba36-6aaa-4382-af0c-d25cb1412754" testId="0bc3c781-e5e2-4061-bcbc-7fa16190d596" testName="PtzSessionControllerInfo_UserChangedTest_NoChange_Patrolling" computerName="DKSR-EFI-06" duration="00:00:00.0003965" startTime="2024-01-09T15:45:19.5762891+01:00" endTime="2024-01-09T15:45:19.5762891+01:00" testType="13cdc9d9-ddb5-4fa4-a97d-d965ccfc6d4b" outcome="Passed" testListId="8c84fa94-04c1-424b-9868-57a2d4851a1d" relativeResultsDirectory="90dfba36-6aaa-4382-af0c-d25cb1412754" />
    <UnitTestResult executionId="53d3c155-b32d-4763-8701-8881743d3bd2" testId="013b26f2-09bd-8917-4b17-0706864d4c14" testName="HandleSetLayerFeatures_ShouldUpdateOutputLayerFeatures_WhenOutputKindAndOutputLayerFeatures" computerName="DKSR-EFI-06" duration="00:00:00.0014827" startTime="2024-01-09T15:47:07.2219688+01:00" endTime="2024-01-09T15:47:07.2376036+01:00" testType="13cdc9d9-ddb5-4fa4-a97d-d965ccfc6d4b" outcome="Passed" testListId="8c84fa94-04c1-424b-9868-57a2d4851a1d" relativeResultsDirectory="53d3c155-b32d-4763-8701-8881743d3bd2" />
    <UnitTestResult executionId="0dd173bd-e9bb-4c95-b5ce-a97d1e9a06a3" testId="bf7f705f-c3a5-d6a3-c61b-3ef06011aead" testName="GetDefaultReportDestination_UserSettings_ReturnsDefaultPathFromUserSettings" computerName="DKSR-EFI-06" duration="00:00:00.0039779" startTime="2024-01-09T15:46:34.5890835+01:00" endTime="2024-01-09T15:46:34.6047167+01:00" testType="13cdc9d9-ddb5-4fa4-a97d-d965ccfc6d4b" outcome="Passed" testListId="8c84fa94-04c1-424b-9868-57a2d4851a1d" relativeResultsDirectory="0dd173bd-e9bb-4c95-b5ce-a97d1e9a06a3" />
    <UnitTestResult executionId="cd4b306f-76dd-46e7-ab24-e62356ac28dc" testId="5ff1d928-fddf-7f17-ef34-f8a1593f2a8d" testName="GetWorkspaceToolbarItems_ShouldReturnGroupedToolbarItem_WhenPluginGroupIsSet" computerName="DKSR-EFI-06" duration="00:00:00.0065448" startTime="2024-01-09T15:47:10.3165354+01:00" endTime="2024-01-09T15:47:10.3321628+01:00" testType="13cdc9d9-ddb5-4fa4-a97d-d965ccfc6d4b" outcome="Passed" testListId="8c84fa94-04c1-424b-9868-57a2d4851a1d" relativeResultsDirectory="cd4b306f-76dd-46e7-ab24-e62356ac28dc" />
    <UnitTestResult executionId="ac728648-0f82-4bf9-b73b-24b839ceca3a" testId="d7f3ae8c-bf97-f47d-48ab-b1fc5ef00c66" testName="MaxRegionsAllowed_ShouldBeProvidedMax_WhenProvidedMaxIsPositive" computerName="DKSR-EFI-06" duration="00:00:00.0001678" startTime="2024-01-09T15:47:00.4077367+01:00" endTime="2024-01-09T15:47:00.4077367+01:00" testType="13cdc9d9-ddb5-4fa4-a97d-d965ccfc6d4b" outcome="Passed" testListId="8c84fa94-04c1-424b-9868-57a2d4851a1d" relativeResultsDirectory="ac728648-0f82-4bf9-b73b-24b839ceca3a" />
    <UnitTestResult executionId="76379534-7b52-47d6-bf63-7aa9a163c086" testId="53c0737c-9e1d-a506-fd7e-f73a88cea37f" testName="Id_ShouldBeSame_WhenSearchResultIdIsIdentical" computerName="DKSR-EFI-06" duration="00:00:00.0007485" startTime="2024-01-09T15:46:45.3884870+01:00" endTime="2024-01-09T15:46:45.3884870+01:00" testType="13cdc9d9-ddb5-4fa4-a97d-d965ccfc6d4b" outcome="Passed" testListId="8c84fa94-04c1-424b-9868-57a2d4851a1d" relativeResultsDirectory="76379534-7b52-47d6-bf63-7aa9a163c086" />
    <UnitTestResult executionId="e8df7619-427b-45cd-b825-378fd37f195a" testId="f680908c-3b4b-7b4d-7066-6e5fce7c0b27" testName="GetClusters_ExcludeThenIncludeExcludedItems_NoChange (Data Row 9)" computerName="DKSR-EFI-06" duration="00:00:00.0089658" startTime="2024-01-09T15:47:07.8784025+01:00" endTime="2024-01-09T15:47:08.0815823+01:00" testType="13cdc9d9-ddb5-4fa4-a97d-d965ccfc6d4b" outcome="Passed" testListId="8c84fa94-04c1-424b-9868-57a2d4851a1d" relativeResultsDirectory="e8df7619-427b-45cd-b825-378fd37f195a" />
    <UnitTestResult executionId="9d34c4cc-cc49-415e-9b35-f63f1d7f8b98" testId="48054fb2-bd75-c8f4-21b2-fc21c0457ce0" testName="SearchModelOnSearchResultsExpired_NotOnUiThread_Success" computerName="DKSR-EFI-06" duration="00:00:00.0106357" startTime="2024-01-09T15:46:38.2151351+01:00" endTime="2024-01-09T15:46:38.2307671+01:00" testType="13cdc9d9-ddb5-4fa4-a97d-d965ccfc6d4b" outcome="Passed" testListId="8c84fa94-04c1-424b-9868-57a2d4851a1d" relativeResultsDirectory="9d34c4cc-cc49-415e-9b35-f63f1d7f8b98" />
    <UnitTestResult executionId="b5160d2c-94a9-4290-817d-b521954d719a" testId="5fa2d48f-d59e-30ed-e88d-ec6e2699e6a0" testName="MapInputIcons_WhenPinkOemResource_ShouldReturnSevenIcons" computerName="DKSR-EFI-06" duration="00:00:00.0154974" startTime="2024-01-09T15:47:16.6771716+01:00" endTime="2024-01-09T15:47:16.6927978+01:00" testType="13cdc9d9-ddb5-4fa4-a97d-d965ccfc6d4b" outcome="Passed" testListId="8c84fa94-04c1-424b-9868-57a2d4851a1d" relativeResultsDirectory="b5160d2c-94a9-4290-817d-b521954d719a" />
    <UnitTestResult executionId="22cfae53-ea64-4ffe-94c7-cac903a95358" testId="e087b5f0-3763-6f36-256a-40fa9b7a8fcb" testName="DeviceIcons_ShouldNotBeNull_WhenCalled" computerName="DKSR-EFI-06" duration="00:00:00.0019471" startTime="2024-01-09T15:47:04.4085662+01:00" endTime="2024-01-09T15:47:04.4085662+01:00" testType="13cdc9d9-ddb5-4fa4-a97d-d965ccfc6d4b" outcome="Passed" testListId="8c84fa94-04c1-424b-9868-57a2d4851a1d" relativeResultsDirectory="22cfae53-ea64-4ffe-94c7-cac903a95358" />
    <UnitTestResult executionId="ca6166d7-786e-4770-8f2d-45348b5ae46f" testId="35fdccc0-c07e-b0f5-43ff-b8462db1e66e" testName="MarkerFactory_WhenMipMapItemIsGiven_ShouldReturnNull" computerName="DKSR-EFI-06" duration="00:00:00.0027919" startTime="2024-01-09T15:45:40.2325478+01:00" endTime="2024-01-09T15:45:40.2481741+01:00" testType="13cdc9d9-ddb5-4fa4-a97d-d965ccfc6d4b" outcome="Passed" testListId="8c84fa94-04c1-424b-9868-57a2d4851a1d" relativeResultsDirectory="ca6166d7-786e-4770-8f2d-45348b5ae46f" />
    <UnitTestResult executionId="2d1240ee-ad43-43c3-b7d0-b48fb7562060" testId="f680908c-3b4b-7b4d-7066-6e5fce7c0b27" testName="GetClusters_ExcludeThenIncludeExcludedItems_NoChange (Data Row 7)" computerName="DKSR-EFI-06" duration="00:00:00.0117570" startTime="2024-01-09T15:47:07.8784025+01:00" endTime="2024-01-09T15:47:08.0815823+01:00" testType="13cdc9d9-ddb5-4fa4-a97d-d965ccfc6d4b" outcome="Passed" testListId="8c84fa94-04c1-424b-9868-57a2d4851a1d" relativeResultsDirectory="2d1240ee-ad43-43c3-b7d0-b48fb7562060" />
    <UnitTestResult executionId="ccf952ce-8fb3-487a-b4da-52a7851f96bc" testId="abe5f6e4-096b-0a4b-7a9e-2ac4821bca20" testName="AddToExportTuples_ShouldReturnCorrectResult (1,0,1)" computerName="DKSR-EFI-06" duration="00:00:00.0023232" startTime="2024-01-09T15:47:11.5980838+01:00" endTime="2024-01-09T15:47:11.5980838+01:00" testType="13cdc9d9-ddb5-4fa4-a97d-d965ccfc6d4b" outcome="Passed" testListId="8c84fa94-04c1-424b-9868-57a2d4851a1d" relativeResultsDirectory="ccf952ce-8fb3-487a-b4da-52a7851f96bc" />
    <UnitTestResult executionId="a2a47184-7f94-46a0-8967-26d36894165c" testId="872d533c-7618-1f1f-1814-b113065309ba" testName="VideoResultSearchResult_PropertiesWhenCombinedResultSameCategoryName_CollectedAndDisplayed" computerName="DKSR-EFI-06" duration="00:00:00.0444956" startTime="2024-01-09T15:46:16.6311742+01:00" endTime="2024-01-09T15:46:16.6780624+01:00" testType="13cdc9d9-ddb5-4fa4-a97d-d965ccfc6d4b" outcome="Passed" testListId="8c84fa94-04c1-424b-9868-57a2d4851a1d" relativeResultsDirectory="a2a47184-7f94-46a0-8967-26d36894165c" />
    <UnitTestResult executionId="ffb21b26-665e-4490-bef3-47528cadcd8a" testId="ee49bb23-cebf-abdf-0b3d-a9f5e1a1dc4f" testName="SearchResultsActionBarActions_AddBookmark_BookmarkAgentAdded_SingleResult_CreateBookmarkInvoked" computerName="DKSR-EFI-06" duration="00:00:00.0174036" startTime="2024-01-09T15:46:35.5425089+01:00" endTime="2024-01-09T15:46:35.5581386+01:00" testType="13cdc9d9-ddb5-4fa4-a97d-d965ccfc6d4b" outcome="Passed" testListId="8c84fa94-04c1-424b-9868-57a2d4851a1d" relativeResultsDirectory="ffb21b26-665e-4490-bef3-47528cadcd8a" />
    <UnitTestResult executionId="bb1497cb-a586-4406-b074-f05ba8043239" testId="12b1647d-efe3-c366-079d-2236800d0935" testName="SearchResultsActionBarActions_Export_OptionAvailable_Enabled" computerName="DKSR-EFI-06" duration="00:00:00.0104808" startTime="2024-01-09T15:46:35.2924280+01:00" endTime="2024-01-09T15:46:35.2924280+01:00" testType="13cdc9d9-ddb5-4fa4-a97d-d965ccfc6d4b" outcome="Passed" testListId="8c84fa94-04c1-424b-9868-57a2d4851a1d" relativeResultsDirectory="bb1497cb-a586-4406-b074-f05ba8043239" />
    <UnitTestResult executionId="240bedcf-3cf6-4d28-b0a8-47cce8560db9" testId="18372786-9c22-e3d6-04ef-6b4e808d181a" testName="IsCamera_ShouldReturnTrue_WhenSingleCameraSelected" computerName="DKSR-EFI-06" duration="00:00:00.0209374" startTime="2024-01-09T15:47:13.5984992+01:00" endTime="2024-01-09T15:47:13.6141311+01:00" testType="13cdc9d9-ddb5-4fa4-a97d-d965ccfc6d4b" outcome="Passed" testListId="8c84fa94-04c1-424b-9868-57a2d4851a1d" relativeResultsDirectory="240bedcf-3cf6-4d28-b0a8-47cce8560db9" />
    <UnitTestResult executionId="a17a7faa-f991-45fe-982b-0c69e1adaa4e" testId="cb1f6500-ecbe-a116-4190-78f304902ad9" testName="ButtonVisibilityProperties_ShouldSetDefaultValues_WhenNoPropertiesLoaded" computerName="DKSR-EFI-06" duration="00:00:00.0093996" startTime="2024-01-09T15:45:25.4356636+01:00" endTime="2024-01-09T15:45:25.4356636+01:00" testType="13cdc9d9-ddb5-4fa4-a97d-d965ccfc6d4b" outcome="Passed" testListId="8c84fa94-04c1-424b-9868-57a2d4851a1d" relativeResultsDirectory="a17a7faa-f991-45fe-982b-0c69e1adaa4e" />
    <UnitTestResult executionId="87223ecb-bcec-4c83-af0f-8d9d261b1a36" testId="455c6da2-80f5-0fe8-cc92-891d7de0d2ac" testName="StartSelection_ShouldClearAnyExistingSelections_WhenNotAddingToExitingSelection" computerName="DKSR-EFI-06" duration="00:00:00.0489869" startTime="2024-01-09T15:45:33.6231714+01:00" endTime="2024-01-09T15:45:33.6700422+01:00" testType="13cdc9d9-ddb5-4fa4-a97d-d965ccfc6d4b" outcome="Passed" testListId="8c84fa94-04c1-424b-9868-57a2d4851a1d" relativeResultsDirectory="87223ecb-bcec-4c83-af0f-8d9d261b1a36" />
    <UnitTestResult executionId="44cd0c38-6763-45eb-8891-866825a160c6" testId="57d998ab-72e0-6699-7a67-4312514fd442" testName="ToTimeScope_YesterdayInTransitionToDST_Success" computerName="DKSR-EFI-06" duration="00:00:00.0012112" startTime="2024-01-09T15:46:44.4039484+01:00" endTime="2024-01-09T15:46:44.4039484+01:00" testType="13cdc9d9-ddb5-4fa4-a97d-d965ccfc6d4b" outcome="Passed" testListId="8c84fa94-04c1-424b-9868-57a2d4851a1d" relativeResultsDirectory="44cd0c38-6763-45eb-8891-866825a160c6" />
    <UnitTestResult executionId="bc0b38ff-6b21-4666-864d-c2bdd2b1bfcf" testId="93ea4899-517e-c6f1-21bb-544e5f026df8" testName="RetrievalTestStopping" computerName="DKSR-EFI-06" duration="00:00:00.0202773" startTime="2024-01-09T15:47:11.3636614+01:00" endTime="2024-01-09T15:47:11.3792841+01:00" testType="13cdc9d9-ddb5-4fa4-a97d-d965ccfc6d4b" outcome="Passed" testListId="8c84fa94-04c1-424b-9868-57a2d4851a1d" relativeResultsDirectory="bc0b38ff-6b21-4666-864d-c2bdd2b1bfcf" />
    <UnitTestResult executionId="c4ff9dc8-3008-4ea6-ae05-ae8e9b3e0f94" testId="5ff0df64-4714-54ce-b6d1-3a4063918e93" testName="InputItemsLayer_NotIsGeographic_Load_Success" computerName="DKSR-EFI-06" duration="00:00:00.0144180" startTime="2024-01-09T15:47:01.2985091+01:00" endTime="2024-01-09T15:47:01.3141362+01:00" testType="13cdc9d9-ddb5-4fa4-a97d-d965ccfc6d4b" outcome="Passed" testListId="8c84fa94-04c1-424b-9868-57a2d4851a1d" relativeResultsDirectory="c4ff9dc8-3008-4ea6-ae05-ae8e9b3e0f94" />
    <UnitTestResult executionId="04101c2c-0da6-4494-a907-9709855131a7" testId="b0092946-2776-e7d9-62f7-adb16861e4a5" testName="DrawItems_TimeZoneUtcPlus1_MarksShifted" computerName="DKSR-EFI-06" duration="00:00:00.0290411" startTime="2024-01-09T15:46:16.8656371+01:00" endTime="2024-01-09T15:46:16.8968951+01:00" testType="13cdc9d9-ddb5-4fa4-a97d-d965ccfc6d4b" outcome="Passed" testListId="8c84fa94-04c1-424b-9868-57a2d4851a1d" relativeResultsDirectory="04101c2c-0da6-4494-a907-9709855131a7" />
    <UnitTestResult executionId="e372b2f9-cd88-47ab-87fa-ff7e4eaf347d" testId="b89a6798-9691-5fa5-5f0c-53d6c5a0e9aa" testName="CompareMilestonePinkTest" computerName="DKSR-EFI-06" duration="00:00:00.0237926" startTime="2024-01-09T15:47:17.1616241+01:00" endTime="2024-01-09T15:47:17.1928772+01:00" testType="13cdc9d9-ddb5-4fa4-a97d-d965ccfc6d4b" outcome="Passed" testListId="8c84fa94-04c1-424b-9868-57a2d4851a1d" relativeResultsDirectory="e372b2f9-cd88-47ab-87fa-ff7e4eaf347d" />
    <UnitTestResult executionId="70f8b97f-2dc8-45f2-81f0-c176f05ffddb" testId="a11326b9-3454-b2a2-061f-4440307800dc" testName="OpenStreetMapLayerIsDisabled_ShouldReturnTrue_WhenOpenStreetMapGeographicLayerOptionIsNotAvailableAndOpenStreetMapAlternativeServerIsEmpty" computerName="DKSR-EFI-06" duration="00:00:00.0083677" startTime="2024-01-09T15:47:01.4391556+01:00" endTime="2024-01-09T15:47:01.4547883+01:00" testType="13cdc9d9-ddb5-4fa4-a97d-d965ccfc6d4b" outcome="Passed" testListId="8c84fa94-04c1-424b-9868-57a2d4851a1d" relativeResultsDirectory="70f8b97f-2dc8-45f2-81f0-c176f05ffddb" />
    <UnitTestResult executionId="d59ae693-d163-44b6-a183-42c3d25976d9" testId="0df0cb69-797b-9ae4-83ed-e8c0cce4f5b0" testName="ToDenormalizedFieldOfView_0_0" computerName="DKSR-EFI-06" duration="00:00:00.0001347" startTime="2024-01-09T15:47:01.2203729+01:00" endTime="2024-01-09T15:47:01.2203729+01:00" testType="13cdc9d9-ddb5-4fa4-a97d-d965ccfc6d4b" outcome="Passed" testListId="8c84fa94-04c1-424b-9868-57a2d4851a1d" relativeResultsDirectory="d59ae693-d163-44b6-a183-42c3d25976d9" />
    <UnitTestResult executionId="4aeac24c-4b5e-48eb-a088-5b37689867ad" testId="cf366775-ad88-dfab-044d-7fd00fe030bf" testName="AllMappingsIncluded" computerName="DKSR-EFI-06" duration="00:00:00.0142858" startTime="2024-01-09T15:46:59.7201571+01:00" endTime="2024-01-09T15:46:59.7357843+01:00" testType="13cdc9d9-ddb5-4fa4-a97d-d965ccfc6d4b" outcome="Passed" testListId="8c84fa94-04c1-424b-9868-57a2d4851a1d" relativeResultsDirectory="4aeac24c-4b5e-48eb-a088-5b37689867ad" />
    <UnitTestResult executionId="fa72bd87-e789-4260-9bf6-fc48cf82cf87" testId="411bf916-58a4-1dad-e0e6-3f86688192cf" testName="ScrollIntoView_Async_DefinitionViewBelowOutOfViewPort_Scrolled" computerName="DKSR-EFI-06" duration="00:00:00.0923147" startTime="2024-01-09T15:45:45.9677482+01:00" endTime="2024-01-09T15:45:46.0615255+01:00" testType="13cdc9d9-ddb5-4fa4-a97d-d965ccfc6d4b" outcome="Passed" testListId="8c84fa94-04c1-424b-9868-57a2d4851a1d" relativeResultsDirectory="fa72bd87-e789-4260-9bf6-fc48cf82cf87" />
    <UnitTestResult executionId="b90767e4-9af7-4797-930a-9586853cbb3b" testId="f3ca3914-805f-216b-f996-2070b3db31b7" testName="BookmarkSearchTime_WithSearchStringInDifferentCases_ReturnCorrectBookmarkWithSearchStringInHeader (SeArChStRiNg,False,True,True,False,,,0)" computerName="DKSR-EFI-06" duration="00:00:00.0050070" startTime="2024-01-09T15:47:12.8327186+01:00" endTime="2024-01-09T15:47:12.8483463+01:00" testType="13cdc9d9-ddb5-4fa4-a97d-d965ccfc6d4b" outcome="Passed" testListId="8c84fa94-04c1-424b-9868-57a2d4851a1d" relativeResultsDirectory="b90767e4-9af7-4797-930a-9586853cbb3b" />
    <UnitTestResult executionId="a27ce81a-73a2-48c2-a4b0-b9ee425eb3d1" testId="06d7b27d-6e66-2e53-04a1-64a9308dafcb" testName="HandleGetDeviceData_ShouldReturnCameraData_WhenCameraKindAndExistingCameraId" computerName="DKSR-EFI-06" duration="00:00:00.4921529" startTime="2024-01-09T15:45:40.4512936+01:00" endTime="2024-01-09T15:45:40.9356680+01:00" testType="13cdc9d9-ddb5-4fa4-a97d-d965ccfc6d4b" outcome="Passed" testListId="8c84fa94-04c1-424b-9868-57a2d4851a1d" relativeResultsDirectory="a27ce81a-73a2-48c2-a4b0-b9ee425eb3d1" />
    <UnitTestResult executionId="adea1cb7-0ff2-48f3-8d13-e9289e503bde" testId="d8c85228-fbef-6713-8b24-27f4eac58477" testName="AddMapLayer_CheckPersistedDatagramUpdated_And_RolledbackOnEnterSetupMode_Success" computerName="DKSR-EFI-06" duration="00:00:00.0301567" startTime="2024-01-09T15:47:03.9709095+01:00" endTime="2024-01-09T15:47:04.0021668+01:00" testType="13cdc9d9-ddb5-4fa4-a97d-d965ccfc6d4b" outcome="Passed" testListId="8c84fa94-04c1-424b-9868-57a2d4851a1d" relativeResultsDirectory="adea1cb7-0ff2-48f3-8d13-e9289e503bde" />
    <UnitTestResult executionId="e6f1ed31-e8e2-4bad-b7a3-fc80688678ab" testId="3284ea6f-a6ad-01dc-f291-bda78cd8c320" testName="Deserialize_ShouldReturnCombineTypeOr_WhenCombineTypeIsNotPresentInXml" computerName="DKSR-EFI-06" duration="00:00:00.0049298" startTime="2024-01-09T15:46:45.0915650+01:00" endTime="2024-01-09T15:46:45.0915650+01:00" testType="13cdc9d9-ddb5-4fa4-a97d-d965ccfc6d4b" outcome="Passed" testListId="8c84fa94-04c1-424b-9868-57a2d4851a1d" relativeResultsDirectory="e6f1ed31-e8e2-4bad-b7a3-fc80688678ab" />
    <UnitTestResult executionId="49767386-4a59-4585-8d12-7baab7615203" testId="b380b0ee-9aa4-cd9d-29ce-2b0885fdf47b" testName="BoundingBoxBrowseTimeChangedTestYoungData" computerName="DKSR-EFI-06" duration="00:00:00.0055144" startTime="2024-01-09T15:47:13.4109650+01:00" endTime="2024-01-09T15:47:13.4266496+01:00" testType="13cdc9d9-ddb5-4fa4-a97d-d965ccfc6d4b" outcome="Passed" testListId="8c84fa94-04c1-424b-9868-57a2d4851a1d" relativeResultsDirectory="49767386-4a59-4585-8d12-7baab7615203" />
    <UnitTestResult executionId="9cbda49e-8ad4-4d7b-ad07-10e943385a24" testId="aaab9dde-be84-0ade-c90f-e582e149ad8f" testName="MoveToTop_ShouldMoveMarkerTopmost_WhenClusterMarkerMovedToTopBeforehand" computerName="DKSR-EFI-06" duration="00:00:00.0123209" startTime="2024-01-09T15:45:31.7637953+01:00" endTime="2024-01-09T15:45:31.7637953+01:00" testType="13cdc9d9-ddb5-4fa4-a97d-d965ccfc6d4b" outcome="Passed" testListId="8c84fa94-04c1-424b-9868-57a2d4851a1d" relativeResultsDirectory="9cbda49e-8ad4-4d7b-ad07-10e943385a24" />
    <UnitTestResult executionId="2bb044e7-8f18-4707-9112-30ba9f87b62b" testId="9225bf65-6a60-daf8-2288-dab2e9c23bc2" testName="SidePanelToggleButtonIsVisible_DependingOnConditions (FullScreen,False,False,False)" computerName="DKSR-EFI-06" duration="00:00:00.0210095" startTime="2024-01-09T15:47:10.8322827+01:00" endTime="2024-01-09T15:47:10.8479144+01:00" testType="13cdc9d9-ddb5-4fa4-a97d-d965ccfc6d4b" outcome="Passed" testListId="8c84fa94-04c1-424b-9868-57a2d4851a1d" relativeResultsDirectory="2bb044e7-8f18-4707-9112-30ba9f87b62b" />
    <UnitTestResult executionId="93a1dadd-1e9b-40f5-a7ab-a04fd0a06887" testId="483cfce3-3ff7-5b57-4c23-5d8fbcaf1d0a" testName="GetSnapshots_PathTooLong_Failure" computerName="DKSR-EFI-06" duration="00:00:00.0147931" startTime="2024-01-09T15:46:43.7006952+01:00" endTime="2024-01-09T15:46:43.7163344+01:00" testType="13cdc9d9-ddb5-4fa4-a97d-d965ccfc6d4b" outcome="Passed" testListId="8c84fa94-04c1-424b-9868-57a2d4851a1d" relativeResultsDirectory="93a1dadd-1e9b-40f5-a7ab-a04fd0a06887" />
    <UnitTestResult executionId="5544439d-1149-4577-bb3d-d9c50c3e11cc" testId="b56ba348-15c5-c13d-2c63-319be0707c78" testName="TimeToStringConverter_ConvertBack_Fail" computerName="DKSR-EFI-06" duration="00:00:00.0013853" startTime="2024-01-09T15:46:14.3961484+01:00" endTime="2024-01-09T15:46:14.4117743+01:00" testType="13cdc9d9-ddb5-4fa4-a97d-d965ccfc6d4b" outcome="Passed" testListId="8c84fa94-04c1-424b-9868-57a2d4851a1d" relativeResultsDirectory="5544439d-1149-4577-bb3d-d9c50c3e11cc" />
    <UnitTestResult executionId="165ee8d5-81f7-4167-a2ae-9f800216a7b0" testId="84f8043b-4691-c526-0edb-4d71ad8832d8" testName="DisplayErrorOnNotificationArea_UnknownSearchError_LoggingEnabled_Success" computerName="DKSR-EFI-06" duration="00:00:00.0110097" startTime="2024-01-09T15:46:38.3557909+01:00" endTime="2024-01-09T15:46:38.3714173+01:00" testType="13cdc9d9-ddb5-4fa4-a97d-d965ccfc6d4b" outcome="Passed" testListId="8c84fa94-04c1-424b-9868-57a2d4851a1d" relativeResultsDirectory="165ee8d5-81f7-4167-a2ae-9f800216a7b0" />
    <UnitTestResult executionId="606f49e9-11cb-4dfa-a5b2-2463dde49b1a" testId="842bf4ca-6371-3a8a-228b-d721ac1b9eb1" testName="Convert_ShouldRaiseInvalidCastException_WhenParameterIsNotAnArrayOfInteractionState" computerName="DKSR-EFI-06" duration="00:00:00.0007904" startTime="2024-01-09T15:45:26.9515578+01:00" endTime="2024-01-09T15:45:26.9515578+01:00" testType="13cdc9d9-ddb5-4fa4-a97d-d965ccfc6d4b" outcome="Passed" testListId="8c84fa94-04c1-424b-9868-57a2d4851a1d" relativeResultsDirectory="606f49e9-11cb-4dfa-a5b2-2463dde49b1a" />
    <UnitTestResult executionId="80d257ee-d309-41e1-8355-6e7d7f75a381" testId="cc27b110-75f5-fa85-b001-d22c68a54aec" testName="PatrollingStepListViewModel_CanAddStepExecute" computerName="DKSR-EFI-06" duration="00:00:00.0018193" startTime="2024-01-09T15:47:09.6132484+01:00" endTime="2024-01-09T15:47:09.6288770+01:00" testType="13cdc9d9-ddb5-4fa4-a97d-d965ccfc6d4b" outcome="Passed" testListId="8c84fa94-04c1-424b-9868-57a2d4851a1d" relativeResultsDirectory="80d257ee-d309-41e1-8355-6e7d7f75a381" />
    <UnitTestResult executionId="d8b99159-50d3-48d4-942b-35065afe88dc" testId="28b18be3-0a42-80b2-dd31-6ed6fce84202" testName="BookmarkSearchTime_WithSearchStringInDifferentCases_ReturnCorrectBookmarkWithSearchStringInHeader (SeArChStRiNg,False,True,False,False,,,0)" computerName="DKSR-EFI-06" duration="00:00:00.0031939" startTime="2024-01-09T15:47:12.8639793+01:00" endTime="2024-01-09T15:47:12.8639793+01:00" testType="13cdc9d9-ddb5-4fa4-a97d-d965ccfc6d4b" outcome="Passed" testListId="8c84fa94-04c1-424b-9868-57a2d4851a1d" relativeResultsDirectory="d8b99159-50d3-48d4-942b-35065afe88dc" />
    <UnitTestResult executionId="263e405e-cb6d-4bc7-bb88-35b2cce3982a" testId="00f7a484-6e81-6caf-9969-08e5a26f96ea" testName="Constructor_ShouldRaiseArgumentNullException_WhenOwnerWindowIsNull" computerName="DKSR-EFI-06" duration="00:00:00.0013818" startTime="2024-01-09T15:45:25.6700398+01:00" endTime="2024-01-09T15:45:25.6700398+01:00" testType="13cdc9d9-ddb5-4fa4-a97d-d965ccfc6d4b" outcome="Passed" testListId="8c84fa94-04c1-424b-9868-57a2d4851a1d" relativeResultsDirectory="263e405e-cb6d-4bc7-bb88-35b2cce3982a" />
    <UnitTestResult executionId="e27d7361-742f-4ce9-be1b-75f276f18d4e" testId="92a9af5f-4b73-82b6-5006-408d1559b096" testName="GetProductDisplayVersion_ShouldReturnSomething" computerName="DKSR-EFI-06" duration="00:00:00.0023955" startTime="2024-01-09T15:47:17.3960402+01:00" endTime="2024-01-09T15:47:17.3960402+01:00" testType="13cdc9d9-ddb5-4fa4-a97d-d965ccfc6d4b" outcome="Passed" testListId="8c84fa94-04c1-424b-9868-57a2d4851a1d" relativeResultsDirectory="e27d7361-742f-4ce9-be1b-75f276f18d4e" />
    <UnitTestResult executionId="340bb64d-3470-4cb3-a2ec-c0f4804eb5d8" testId="945b4c83-9f91-b5d9-8e70-c736523c2f6f" testName="HandleGetDeviceData_ShouldReturnNotFoundDeviceData_WhenCameraKindAndNonExistingCameraId" computerName="DKSR-EFI-06" duration="00:00:00.0729974" startTime="2024-01-09T15:45:40.9512953+01:00" endTime="2024-01-09T15:45:41.0137918+01:00" testType="13cdc9d9-ddb5-4fa4-a97d-d965ccfc6d4b" outcome="Passed" testListId="8c84fa94-04c1-424b-9868-57a2d4851a1d" relativeResultsDirectory="340bb64d-3470-4cb3-a2ec-c0f4804eb5d8" />
    <UnitTestResult executionId="1443ff28-c22d-4e28-a7ab-025561b49122" testId="232e38bc-f1e6-d745-c4df-2efcf25dd919" testName="Initialize_ShouldRaiseServerUpgradeRequiredAccessControlInitException_WhenAllowOnlyFipsAlgorithmsIsTrueAndSomeEventServerIdsAreNonFipsCompliant" computerName="DKSR-EFI-06" duration="00:00:00.0445909" startTime="2024-01-09T15:47:18.7399784+01:00" endTime="2024-01-09T15:47:18.7868698+01:00" testType="13cdc9d9-ddb5-4fa4-a97d-d965ccfc6d4b" outcome="Passed" testListId="8c84fa94-04c1-424b-9868-57a2d4851a1d" relativeResultsDirectory="1443ff28-c22d-4e28-a7ab-025561b49122" />
    <UnitTestResult executionId="11a9bdeb-bd10-48f5-be8d-53c6f5f1e941" testId="3dd17c2d-4aaa-fdf7-41d3-a00ff3aff086" testName="Constructor_ShouldRaiseArgumentNullException_WhenNextDeviceDataHandlerIsNull" computerName="DKSR-EFI-06" duration="00:00:00.0095050" startTime="2024-01-09T15:45:41.1075458+01:00" endTime="2024-01-09T15:45:41.1231690+01:00" testType="13cdc9d9-ddb5-4fa4-a97d-d965ccfc6d4b" outcome="Passed" testListId="8c84fa94-04c1-424b-9868-57a2d4851a1d" relativeResultsDirectory="11a9bdeb-bd10-48f5-be8d-53c6f5f1e941" />
    <UnitTestResult executionId="3e4a53b6-4912-42f0-b9d2-46d7db28e1cb" testId="9c5832f3-6c80-ca09-af3f-21dab48f2284" testName="ShouldReturnFalseWhenExtentChangedButWithinPrevious" computerName="DKSR-EFI-06" duration="00:00:00.0016671" startTime="2024-01-09T15:45:39.3106688+01:00" endTime="2024-01-09T15:45:39.3106688+01:00" testType="13cdc9d9-ddb5-4fa4-a97d-d965ccfc6d4b" outcome="Passed" testListId="8c84fa94-04c1-424b-9868-57a2d4851a1d" relativeResultsDirectory="3e4a53b6-4912-42f0-b9d2-46d7db28e1cb" />
    <UnitTestResult executionId="d27f1e42-9c2a-4438-851f-4356c0820e0d" testId="df09f867-7de1-e38f-53d1-73f889393669" testName="IsServer_ShouldReturnTrue_WhenSingleServerGroupSelected" computerName="DKSR-EFI-06" duration="00:00:00.0003059" startTime="2024-01-09T15:47:13.6297547+01:00" endTime="2024-01-09T15:47:13.6297547+01:00" testType="13cdc9d9-ddb5-4fa4-a97d-d965ccfc6d4b" outcome="Passed" testListId="8c84fa94-04c1-424b-9868-57a2d4851a1d" relativeResultsDirectory="d27f1e42-9c2a-4438-851f-4356c0820e0d" />
    <UnitTestResult executionId="00aeca67-fc0e-47fa-be1a-c4ff01cc29a5" testId="e8fbfc8d-82fa-6534-4e95-6007f14b30c3" testName="IsCamera_ShouldReturnTrue_WhenSingleCameraGourpSelected" computerName="DKSR-EFI-06" duration="00:00:00.0003367" startTime="2024-01-09T15:47:13.6297547+01:00" endTime="2024-01-09T15:47:13.6297547+01:00" testType="13cdc9d9-ddb5-4fa4-a97d-d965ccfc6d4b" outcome="Passed" testListId="8c84fa94-04c1-424b-9868-57a2d4851a1d" relativeResultsDirectory="00aeca67-fc0e-47fa-be1a-c4ff01cc29a5" />
    <UnitTestResult executionId="abd96d29-2184-4821-973b-fa0a2a334503" testId="bb4bb142-b438-3655-29db-1dd962632a41" testName="SelectTemplate_ListSelectionFilterConfiguration_ThreeOrMoreItems_ReturnsPopupTemplate" computerName="DKSR-EFI-06" duration="00:00:00.0014059" startTime="2024-01-09T15:45:45.2018912+01:00" endTime="2024-01-09T15:45:45.2018912+01:00" testType="13cdc9d9-ddb5-4fa4-a97d-d965ccfc6d4b" outcome="Passed" testListId="8c84fa94-04c1-424b-9868-57a2d4851a1d" relativeResultsDirectory="abd96d29-2184-4821-973b-fa0a2a334503" />
    <UnitTestResult executionId="6de3afec-aa44-4c00-9360-779d6829d9a6" testId="9b197971-a4a0-f2e7-cf86-c42cab4fc0ac" testName="RightClick_ShouldNotSetContextMenu_WhenHostIsContextMenuAware" computerName="DKSR-EFI-06" duration="00:00:00.0223327" startTime="2024-01-09T15:45:34.2169235+01:00" endTime="2024-01-09T15:45:34.2481683+01:00" testType="13cdc9d9-ddb5-4fa4-a97d-d965ccfc6d4b" outcome="Passed" testListId="8c84fa94-04c1-424b-9868-57a2d4851a1d" relativeResultsDirectory="6de3afec-aa44-4c00-9360-779d6829d9a6" />
    <UnitTestResult executionId="8e21e67a-baf6-4db5-ba91-02265b0de454" testId="2716e864-2686-b94f-0317-399f0994a985" testName="Command_ShouldInvokeRemoveMipMapItem_WhenExecutedForSingleSelectedItem" computerName="DKSR-EFI-06" duration="00:00:00.0057971" startTime="2024-01-09T15:45:38.6544191+01:00" endTime="2024-01-09T15:45:38.6700422+01:00" testType="13cdc9d9-ddb5-4fa4-a97d-d965ccfc6d4b" outcome="Passed" testListId="8c84fa94-04c1-424b-9868-57a2d4851a1d" relativeResultsDirectory="8e21e67a-baf6-4db5-ba91-02265b0de454" />
    <UnitTestResult executionId="cf28e3fb-9a84-412f-b7aa-d7f316962547" testId="3375033a-d5e6-72b6-24f8-d995495958e4" testName="SearchResultsActionBarActions_MipActionSpecificallySupportsSelectedSearchResult_ActionEnabled" computerName="DKSR-EFI-06" duration="00:00:00.0128512" startTime="2024-01-09T15:46:35.2455380+01:00" endTime="2024-01-09T15:46:35.2611651+01:00" testType="13cdc9d9-ddb5-4fa4-a97d-d965ccfc6d4b" outcome="Passed" testListId="8c84fa94-04c1-424b-9868-57a2d4851a1d" relativeResultsDirectory="cf28e3fb-9a84-412f-b7aa-d7f316962547" />
    <UnitTestResult executionId="a98e56cd-40c0-4f78-bc37-095374b0dd72" testId="e2bc20ac-f49d-eabf-edc0-8474eb6a4a1c" testName="SmartMapGoToPositionHandler_WhenDataIsNotSmartMapGoToPositionCommandData_ShouldWriteToLog" computerName="DKSR-EFI-06" duration="00:00:00.0038185" startTime="2024-01-09T15:45:38.9044201+01:00" endTime="2024-01-09T15:45:38.9044201+01:00" testType="13cdc9d9-ddb5-4fa4-a97d-d965ccfc6d4b" outcome="Passed" testListId="8c84fa94-04c1-424b-9868-57a2d4851a1d" relativeResultsDirectory="a98e56cd-40c0-4f78-bc37-095374b0dd72" />
    <UnitTestResult executionId="0f45bffd-7f6e-46e0-bc16-7aeb9f831348" testId="e18e3570-53c3-3508-0442-177c4a2f785b" testName="ValidateExportFormats_SmartClientPlayerFormat_ShouldReturnFailResult_ViewItemCommentRequired" computerName="DKSR-EFI-06" duration="00:00:00.0140834" startTime="2024-01-09T15:45:44.2172061+01:00" endTime="2024-01-09T15:45:44.2328376+01:00" testType="13cdc9d9-ddb5-4fa4-a97d-d965ccfc6d4b" outcome="Passed" testListId="8c84fa94-04c1-424b-9868-57a2d4851a1d" relativeResultsDirectory="0f45bffd-7f6e-46e0-bc16-7aeb9f831348" />
    <UnitTestResult executionId="526ce660-08a3-477b-b9d1-2f662013db44" testId="58207370-d2d3-1d5b-355d-7ed4a3b1c8b1" testName="BookmarkSearchTime_WithSearchStringInDifferentCases_ReturnCorrectBookmarkWithSearchStringInDescription (SeArChStRiNg,False,True,True,True,,,1)" computerName="DKSR-EFI-06" duration="00:00:00.0051030" startTime="2024-01-09T15:47:12.9108630+01:00" endTime="2024-01-09T15:47:12.9264943+01:00" testType="13cdc9d9-ddb5-4fa4-a97d-d965ccfc6d4b" outcome="Passed" testListId="8c84fa94-04c1-424b-9868-57a2d4851a1d" relativeResultsDirectory="526ce660-08a3-477b-b9d1-2f662013db44" />
    <UnitTestResult executionId="bbd8fa22-1ecb-42c6-aad9-a6653a3fc097" testId="47771962-fd80-aab3-ebc0-33717839eb97" testName="GetMutedMicrophoneIconId_ShouldReturnValidMutedMicrophoneIconId_WhenValidUnmutedMicrophoneIconIdIsProvided" computerName="DKSR-EFI-06" duration="00:00:00.0001909" startTime="2024-01-09T15:47:04.4554595+01:00" endTime="2024-01-09T15:47:04.4554595+01:00" testType="13cdc9d9-ddb5-4fa4-a97d-d965ccfc6d4b" outcome="Passed" testListId="8c84fa94-04c1-424b-9868-57a2d4851a1d" relativeResultsDirectory="bbd8fa22-1ecb-42c6-aad9-a6653a3fc097" />
    <UnitTestResult executionId="83aebead-12ac-4bd6-82cd-7fdc61577592" testId="9245a3fe-e6e8-4a14-f7b3-94227339454e" testName="IconValueConverter_ConvertInvalidIconSourceFallback_Success" computerName="DKSR-EFI-06" duration="00:00:00.0135048" startTime="2024-01-09T15:46:14.3180103+01:00" endTime="2024-01-09T15:46:14.3336672+01:00" testType="13cdc9d9-ddb5-4fa4-a97d-d965ccfc6d4b" outcome="Passed" testListId="8c84fa94-04c1-424b-9868-57a2d4851a1d" relativeResultsDirectory="83aebead-12ac-4bd6-82cd-7fdc61577592" />
    <UnitTestResult executionId="b44e6371-5cf2-491c-acd2-8175cb9fd2d4" testId="dbc60698-0cd7-03e9-b63e-13b29d5c84fe" testName="VideoResultSearchResult_PropertiesWhenCombinedResultBothSameAndDifferentCategoryNames_CollectedAndDisplayed" computerName="DKSR-EFI-06" duration="00:00:00.0321759" startTime="2024-01-09T15:46:16.7093265+01:00" endTime="2024-01-09T15:46:16.7405899+01:00" testType="13cdc9d9-ddb5-4fa4-a97d-d965ccfc6d4b" outcome="Passed" testListId="8c84fa94-04c1-424b-9868-57a2d4851a1d" relativeResultsDirectory="b44e6371-5cf2-491c-acd2-8175cb9fd2d4" />
    <UnitTestResult executionId="cde16673-7cde-4e5b-9113-b99a88e6e1db" testId="47672882-b255-5356-2127-17a9bbfd997e" testName="Convert_OneCamerasSelectionAndZeroSearchDefinitions_Visible" computerName="DKSR-EFI-06" duration="00:00:00.0002409" startTime="2024-01-09T15:46:14.3805184+01:00" endTime="2024-01-09T15:46:14.3805184+01:00" testType="13cdc9d9-ddb5-4fa4-a97d-d965ccfc6d4b" outcome="Passed" testListId="8c84fa94-04c1-424b-9868-57a2d4851a1d" relativeResultsDirectory="cde16673-7cde-4e5b-9113-b99a88e6e1db" />
    <UnitTestResult executionId="f50000c2-24c6-47ca-9d7d-45172c080c44" testId="f144e82e-b1a8-81fa-ae3f-f634d720ce68" testName="ShowAccessControlSystems_ShouldReturnTrue_WhenTwoACSystemsOnlyOneSupportingCardholdersAvailable" computerName="DKSR-EFI-06" duration="00:00:00.0050408" startTime="2024-01-09T15:47:19.2869338+01:00" endTime="2024-01-09T15:47:19.2869338+01:00" testType="13cdc9d9-ddb5-4fa4-a97d-d965ccfc6d4b" outcome="Passed" testListId="8c84fa94-04c1-424b-9868-57a2d4851a1d" relativeResultsDirectory="f50000c2-24c6-47ca-9d7d-45172c080c44" />
    <UnitTestResult executionId="83661bd7-1909-42b6-b54d-1ac2aa8b0362" testId="3a324bfc-234e-c9df-2934-23de7ff42e44" testName="TriggerTime_ShouldBeSetToValueOfSearchResult" computerName="DKSR-EFI-06" duration="00:00:00.0003023" startTime="2024-01-09T15:46:45.4041121+01:00" endTime="2024-01-09T15:46:45.4041121+01:00" testType="13cdc9d9-ddb5-4fa4-a97d-d965ccfc6d4b" outcome="Passed" testListId="8c84fa94-04c1-424b-9868-57a2d4851a1d" relativeResultsDirectory="83661bd7-1909-42b6-b54d-1ac2aa8b0362" />
    <UnitTestResult executionId="1a7f812e-6f1d-47a3-a973-66ed01d25cc5" testId="bc1a7ca7-c75d-3f41-ef6e-10d032a0855e" testName="Default, forced" computerName="DKSR-EFI-06" duration="00:00:00.0076605" startTime="2024-01-09T15:45:42.8731679+01:00" endTime="2024-01-09T15:45:42.8731679+01:00" testType="13cdc9d9-ddb5-4fa4-a97d-d965ccfc6d4b" outcome="Passed" testListId="8c84fa94-04c1-424b-9868-57a2d4851a1d" relativeResultsDirectory="1a7f812e-6f1d-47a3-a973-66ed01d25cc5" />
    <UnitTestResult executionId="42b78fc8-df0e-491e-87fc-d588d595438b" testId="e07f5d01-bfa0-04f4-825e-59c493d5b5f5" testName="GetDomain_ShouldReturnDomainPartOfNetworkCredentials_WhenNetworkCredentialsContainsADomain" computerName="DKSR-EFI-06" duration="00:00:00.0005826" startTime="2024-01-09T15:45:20.2481586+01:00" endTime="2024-01-09T15:45:20.2481586+01:00" testType="13cdc9d9-ddb5-4fa4-a97d-d965ccfc6d4b" outcome="Passed" testListId="8c84fa94-04c1-424b-9868-57a2d4851a1d" relativeResultsDirectory="42b78fc8-df0e-491e-87fc-d588d595438b" />
    <UnitTestResult executionId="82b88e25-9464-4ec5-b51c-023aae70ad17" testId="3ce53063-c90f-436d-4a7d-2e3b5be274ef" testName="UpdateItems_WhenServerCallThrowsException_ShouldResultInErrorLog" computerName="DKSR-EFI-06" duration="00:00:00.0102693" startTime="2024-01-09T15:45:39.2481702+01:00" endTime="2024-01-09T15:45:39.2637940+01:00" testType="13cdc9d9-ddb5-4fa4-a97d-d965ccfc6d4b" outcome="Passed" testListId="8c84fa94-04c1-424b-9868-57a2d4851a1d" relativeResultsDirectory="82b88e25-9464-4ec5-b51c-023aae70ad17" />
    <UnitTestResult executionId="3b0231de-94c5-47d9-8eec-efe972a7b7dd" testId="0d21c288-6b50-0b5f-f1c0-b66a8d9fbd36" testName="CreateReportCommand_ReportDestinationSaved" computerName="DKSR-EFI-06" duration="00:00:00.0531659" startTime="2024-01-09T15:46:34.6203476+01:00" endTime="2024-01-09T15:46:34.6672311+01:00" testType="13cdc9d9-ddb5-4fa4-a97d-d965ccfc6d4b" outcome="Passed" testListId="8c84fa94-04c1-424b-9868-57a2d4851a1d" relativeResultsDirectory="3b0231de-94c5-47d9-8eec-efe972a7b7dd" />
    <UnitTestResult executionId="5a777aaa-fe46-4ee1-9944-5e2401bbd652" testId="ebcc233a-fd3e-8478-fead-9ccf15ebc250" testName="IsDisabled_ShouldBeTrue_WhenIsDetachedControllerManager" computerName="DKSR-EFI-06" duration="00:00:00.0152488" startTime="2024-01-09T15:47:06.0184695+01:00" endTime="2024-01-09T15:47:06.0341119+01:00" testType="13cdc9d9-ddb5-4fa4-a97d-d965ccfc6d4b" outcome="Passed" testListId="8c84fa94-04c1-424b-9868-57a2d4851a1d" relativeResultsDirectory="5a777aaa-fe46-4ee1-9944-5e2401bbd652" />
    <UnitTestResult executionId="f7609f61-7870-4bff-ad35-db404c7336ef" testId="d88de873-7cef-0143-495e-05b7d2b41757" testName="ToString_ShouldSuccess_Always" computerName="DKSR-EFI-06" duration="00:00:00.0370453" startTime="2024-01-09T15:47:08.6598733+01:00" endTime="2024-01-09T15:47:08.6911305+01:00" testType="13cdc9d9-ddb5-4fa4-a97d-d965ccfc6d4b" outcome="Passed" testListId="8c84fa94-04c1-424b-9868-57a2d4851a1d" relativeResultsDirectory="f7609f61-7870-4bff-ad35-db404c7336ef" />
    <UnitTestResult executionId="614de431-7a92-4d66-85d0-2dc73a3a70bc" testId="98f1ad4a-6d3e-c8b6-e210-a1665c4899ea" testName="GetSearchTemplateAsync_ThrowPathNotFoundMIPException_Success" computerName="DKSR-EFI-06" duration="00:00:00.0017483" startTime="2024-01-09T15:46:44.3125506+01:00" endTime="2024-01-09T15:46:44.3258117+01:00" testType="13cdc9d9-ddb5-4fa4-a97d-d965ccfc6d4b" outcome="Passed" testListId="8c84fa94-04c1-424b-9868-57a2d4851a1d" relativeResultsDirectory="614de431-7a92-4d66-85d0-2dc73a3a70bc" />
    <UnitTestResult executionId="fa0fc2f7-8761-493a-8815-cc0525c01aa5" testId="63ba4f35-3e85-1d5a-7e8f-eadf238adc6d" testName="BookmarkSearchTime_WithSearchStringInDifferentCases_ReturnCorrectBookmarkWithSearchStringInDescription (SeArChStRiNg,True,True,False,False,,,1)" computerName="DKSR-EFI-06" duration="00:00:00.0034615" startTime="2024-01-09T15:47:12.9421185+01:00" endTime="2024-01-09T15:47:12.9577522+01:00" testType="13cdc9d9-ddb5-4fa4-a97d-d965ccfc6d4b" outcome="Passed" testListId="8c84fa94-04c1-424b-9868-57a2d4851a1d" relativeResultsDirectory="fa0fc2f7-8761-493a-8815-cc0525c01aa5" />
    <UnitTestResult executionId="3143e026-02ac-4b1d-a945-aa6580aa0202" testId="02e79180-7231-3946-3d30-86e386fbe7e5" testName="CreateExportDialog_CanSelectExportToOptics_WithOpticalDrivesPresent" computerName="DKSR-EFI-06" duration="00:00:00.0149204" startTime="2024-01-09T15:45:42.6856691+01:00" endTime="2024-01-09T15:45:42.7012966+01:00" testType="13cdc9d9-ddb5-4fa4-a97d-d965ccfc6d4b" outcome="Passed" testListId="8c84fa94-04c1-424b-9868-57a2d4851a1d" relativeResultsDirectory="3143e026-02ac-4b1d-a945-aa6580aa0202" />
    <UnitTestResult executionId="4e2c33fc-4e1f-417a-b5b7-5758140211c1" testId="fb14c4a0-3abe-1800-58f2-38754bcd2463" testName="Optics enabled, forced" computerName="DKSR-EFI-06" duration="00:00:00.0007579" startTime="2024-01-09T15:45:42.8575478+01:00" endTime="2024-01-09T15:45:42.8575478+01:00" testType="13cdc9d9-ddb5-4fa4-a97d-d965ccfc6d4b" outcome="Passed" testListId="8c84fa94-04c1-424b-9868-57a2d4851a1d" relativeResultsDirectory="4e2c33fc-4e1f-417a-b5b7-5758140211c1" />
    <UnitTestResult executionId="25a610c1-0f64-40a9-92fe-4873c137145d" testId="cb1d8729-ed7e-3666-4cf6-433514c9d9a6" testName="MicrophoneIconStates_ShouldReturnMicrophoneIconStatesInAProperOrder_WhenCalled" computerName="DKSR-EFI-06" duration="00:00:00.0067741" startTime="2024-01-09T15:47:04.4398330+01:00" endTime="2024-01-09T15:47:04.4398330+01:00" testType="13cdc9d9-ddb5-4fa4-a97d-d965ccfc6d4b" outcome="Passed" testListId="8c84fa94-04c1-424b-9868-57a2d4851a1d" relativeResultsDirectory="25a610c1-0f64-40a9-92fe-4873c137145d" />
    <UnitTestResult executionId="63347175-718e-44dc-b885-7ff9ff70d5a3" testId="949114ce-b635-6899-abf2-c4e97a411c85" testName="ConvertBack_ShouldReturnTheParameterInteractionState_WhenValueIsTrueAndParameterIsAnInteractionState" computerName="DKSR-EFI-06" duration="00:00:00.0003382" startTime="2024-01-09T15:45:26.9825389+01:00" endTime="2024-01-09T15:45:26.9825389+01:00" testType="13cdc9d9-ddb5-4fa4-a97d-d965ccfc6d4b" outcome="Passed" testListId="8c84fa94-04c1-424b-9868-57a2d4851a1d" relativeResultsDirectory="63347175-718e-44dc-b885-7ff9ff70d5a3" />
    <UnitTestResult executionId="60afa3e8-499b-43f3-ba68-c34803401db1" testId="450403dd-612e-6c5e-cdd7-e2b614d0687c" testName="ParseExceptionToTokenError_ShouldReturnTokenErrors_WhenExceptionIsKnown" computerName="DKSR-EFI-06" duration="00:00:00.0147960" startTime="2024-01-09T15:47:17.1928772+01:00" endTime="2024-01-09T15:47:17.2085079+01:00" testType="13cdc9d9-ddb5-4fa4-a97d-d965ccfc6d4b" outcome="Passed" testListId="8c84fa94-04c1-424b-9868-57a2d4851a1d" relativeResultsDirectory="60afa3e8-499b-43f3-ba68-c34803401db1" />
    <UnitTestResult executionId="1193ab74-35f8-4caa-9d8c-53b7ea093d8a" testId="67e6b479-6adc-62fc-07f6-d8999cdcc3cc" testName="BookmarkSearchTime_WithSearchStringInDifferentCases_ReturnCorrectBookmarkWithSearchStringInDescription (SeArChStRiNg,True,False,True,True,,,0)" computerName="DKSR-EFI-06" duration="00:00:00.0032125" startTime="2024-01-09T15:47:12.9577522+01:00" endTime="2024-01-09T15:47:12.9577522+01:00" testType="13cdc9d9-ddb5-4fa4-a97d-d965ccfc6d4b" outcome="Passed" testListId="8c84fa94-04c1-424b-9868-57a2d4851a1d" relativeResultsDirectory="1193ab74-35f8-4caa-9d8c-53b7ea093d8a" />
    <UnitTestResult executionId="a1651224-a836-4c18-ab07-b381856b6861" testId="9029e935-145d-d5fd-fae9-96c860349038" testName="GetClusters_AddedItems_ClustersForAddedItems (Data Row 14)" computerName="DKSR-EFI-06" duration="00:00:00.0165635" startTime="2024-01-09T15:47:09.0193458+01:00" endTime="2024-01-09T15:47:09.2381415+01:00" testType="13cdc9d9-ddb5-4fa4-a97d-d965ccfc6d4b" outcome="Passed" testListId="8c84fa94-04c1-424b-9868-57a2d4851a1d" relativeResultsDirectory="a1651224-a836-4c18-ab07-b381856b6861" />
    <UnitTestResult executionId="51aba852-beab-440e-99f4-392fb31f1d3e" testId="c6bb27a1-5619-6a1e-cb9a-a062fa5050e7" testName="MapLayerType_ShouldBeCameraItemsMapLayer_WhenCalled" computerName="DKSR-EFI-06" duration="00:00:00.0004187" startTime="2024-01-09T15:47:04.3773072+01:00" endTime="2024-01-09T15:47:04.3773072+01:00" testType="13cdc9d9-ddb5-4fa4-a97d-d965ccfc6d4b" outcome="Passed" testListId="8c84fa94-04c1-424b-9868-57a2d4851a1d" relativeResultsDirectory="51aba852-beab-440e-99f4-392fb31f1d3e" />
    <UnitTestResult executionId="b399262b-183a-4f68-876f-160d853318a0" testId="dd9fef57-cc98-7ad4-c53a-0bf4ce117b29" testName="SearchResultsActionBarActions_AddBookmark_MultipleResult_CreateBookmarkInvokedForAllItems" computerName="DKSR-EFI-06" duration="00:00:00.0141007" startTime="2024-01-09T15:46:35.5581386+01:00" endTime="2024-01-09T15:46:35.5737664+01:00" testType="13cdc9d9-ddb5-4fa4-a97d-d965ccfc6d4b" outcome="Passed" testListId="8c84fa94-04c1-424b-9868-57a2d4851a1d" relativeResultsDirectory="b399262b-183a-4f68-876f-160d853318a0" />
    <UnitTestResult executionId="6e53f73a-cb80-4824-9492-57ffbe9c85ba" testId="1a9497ea-544a-7067-529f-b7c94b2f8c7f" testName="MicrophoneMapItem_UpdateName_Rejected" computerName="DKSR-EFI-06" duration="00:00:00.0129191" startTime="2024-01-09T15:47:05.9246963+01:00" endTime="2024-01-09T15:47:05.9403238+01:00" testType="13cdc9d9-ddb5-4fa4-a97d-d965ccfc6d4b" outcome="Passed" testListId="8c84fa94-04c1-424b-9868-57a2d4851a1d" relativeResultsDirectory="6e53f73a-cb80-4824-9492-57ffbe9c85ba" />
    <UnitTestResult executionId="eb57a175-9d7c-4f15-9872-87caddb68e38" testId="7b659e8c-3001-c494-d28a-2939a6d49456" testName="ToDenormalizedDirection_Minus0_75" computerName="DKSR-EFI-06" duration="00:00:00.0000801" startTime="2024-01-09T15:47:01.2047375+01:00" endTime="2024-01-09T15:47:01.2047375+01:00" testType="13cdc9d9-ddb5-4fa4-a97d-d965ccfc6d4b" outcome="Passed" testListId="8c84fa94-04c1-424b-9868-57a2d4851a1d" relativeResultsDirectory="eb57a175-9d7c-4f15-9872-87caddb68e38" />
    <UnitTestResult executionId="61a7789d-7053-4c2a-9c11-23229cbfb310" testId="6a126318-594d-0412-acf1-03ec27689761" testName="GisPointToIndexGridPosition_Milestone_Success" computerName="DKSR-EFI-06" duration="00:00:00.0002533" startTime="2024-01-09T15:47:08.7692756+01:00" endTime="2024-01-09T15:47:08.7692756+01:00" testType="13cdc9d9-ddb5-4fa4-a97d-d965ccfc6d4b" outcome="Passed" testListId="8c84fa94-04c1-424b-9868-57a2d4851a1d" relativeResultsDirectory="61a7789d-7053-4c2a-9c11-23229cbfb310" />
    <UnitTestResult executionId="488d792f-12de-4b6e-a6a2-bb9223607c02" testId="5ea77848-9cab-6829-7cc9-030d32485ccd" testName="TryGetOsmServerTileAddress_ShouldReturnFalse_WhenOsmServerAddressIsEmpty" computerName="DKSR-EFI-06" duration="00:00:00.0001763" startTime="2024-01-09T15:47:07.3001149+01:00" endTime="2024-01-09T15:47:07.3001149+01:00" testType="13cdc9d9-ddb5-4fa4-a97d-d965ccfc6d4b" outcome="Passed" testListId="8c84fa94-04c1-424b-9868-57a2d4851a1d" relativeResultsDirectory="488d792f-12de-4b6e-a6a2-bb9223607c02" />
    <UnitTestResult executionId="12acc02c-2cf2-4a98-9633-a4dd43347278" testId="7540b45d-6ef8-10a5-03bf-82e202908376" testName="BoundingBoxPlaybackNoPlaybackHandler" computerName="DKSR-EFI-06" duration="00:00:00.0024031" startTime="2024-01-09T15:47:13.3640828+01:00" endTime="2024-01-09T15:47:13.3797152+01:00" testType="13cdc9d9-ddb5-4fa4-a97d-d965ccfc6d4b" outcome="Passed" testListId="8c84fa94-04c1-424b-9868-57a2d4851a1d" relativeResultsDirectory="12acc02c-2cf2-4a98-9633-a4dd43347278" />
    <UnitTestResult executionId="da4c2329-c8e7-4d19-ab58-3c8bbf96fe7e" testId="c675d4e8-953d-dd95-1e7d-aaf53b345df4" testName="Command_WithZeroResults_PluginInstanceActivatedCalled" computerName="DKSR-EFI-06" duration="00:00:00.0036667" startTime="2024-01-09T15:46:36.1364318+01:00" endTime="2024-01-09T15:46:36.1364318+01:00" testType="13cdc9d9-ddb5-4fa4-a97d-d965ccfc6d4b" outcome="Passed" testListId="8c84fa94-04c1-424b-9868-57a2d4851a1d" relativeResultsDirectory="da4c2329-c8e7-4d19-ab58-3c8bbf96fe7e" />
    <UnitTestResult executionId="5cecbea5-9fb6-46f5-8d79-923c036d4648" testId="9c84fcaa-119c-eb3e-55a7-125cbe865eba" testName="UpdateSearchTemplateAsync_Fails_Success" computerName="DKSR-EFI-06" duration="00:00:00.0044781" startTime="2024-01-09T15:46:44.0445061+01:00" endTime="2024-01-09T15:46:44.0601336+01:00" testType="13cdc9d9-ddb5-4fa4-a97d-d965ccfc6d4b" outcome="Passed" testListId="8c84fa94-04c1-424b-9868-57a2d4851a1d" relativeResultsDirectory="5cecbea5-9fb6-46f5-8d79-923c036d4648" />
    <UnitTestResult executionId="c5b8a010-35ed-40cc-a0bb-c6983bffcbf1" testId="d59c7867-81fa-72b0-e0e7-f75e74dd41dd" testName="Convert_ShouldReturnFalse_WhenValueIsNull" computerName="DKSR-EFI-06" duration="00:00:00.0196181" startTime="2024-01-09T15:45:26.8419153+01:00" endTime="2024-01-09T15:45:26.8575403+01:00" testType="13cdc9d9-ddb5-4fa4-a97d-d965ccfc6d4b" outcome="Passed" testListId="8c84fa94-04c1-424b-9868-57a2d4851a1d" relativeResultsDirectory="c5b8a010-35ed-40cc-a0bb-c6983bffcbf1" />
    <UnitTestResult executionId="03e97f91-aace-495e-9873-ae03a57b0bfb" testId="3355c355-6b0a-3812-de70-8d7a8a005906" testName="TestWriteXml" computerName="DKSR-EFI-06" duration="00:00:00.0005932" startTime="2024-01-09T15:47:12.5201615+01:00" endTime="2024-01-09T15:47:12.5201615+01:00" testType="13cdc9d9-ddb5-4fa4-a97d-d965ccfc6d4b" outcome="Passed" testListId="8c84fa94-04c1-424b-9868-57a2d4851a1d" relativeResultsDirectory="03e97f91-aace-495e-9873-ae03a57b0bfb" />
    <UnitTestResult executionId="dedbf09f-542c-4610-9f32-5d2e04736bb5" testId="406cee59-f4cd-7984-c0a3-27cb754058dc" testName="ClipLength_ValueCorrect" computerName="DKSR-EFI-06" duration="00:00:00.0210509" startTime="2024-01-09T15:46:59.9389452+01:00" endTime="2024-01-09T15:46:59.9702042+01:00" testType="13cdc9d9-ddb5-4fa4-a97d-d965ccfc6d4b" outcome="Passed" testListId="8c84fa94-04c1-424b-9868-57a2d4851a1d" relativeResultsDirectory="dedbf09f-542c-4610-9f32-5d2e04736bb5" />
    <UnitTestResult executionId="bbff96a6-b18e-4f2d-a231-579e96384cbf" testId="ecb78db4-fbd8-8b6b-a357-e550309c3c9c" testName="SearchEventsAsync_ShouldReturnNull_WhenAccessControlLoginInfoIsNull" computerName="DKSR-EFI-06" duration="00:00:00.0052132" startTime="2024-01-09T15:47:19.2087890+01:00" endTime="2024-01-09T15:47:19.2087890+01:00" testType="13cdc9d9-ddb5-4fa4-a97d-d965ccfc6d4b" outcome="Passed" testListId="8c84fa94-04c1-424b-9868-57a2d4851a1d" relativeResultsDirectory="bbff96a6-b18e-4f2d-a231-579e96384cbf" />
    <UnitTestResult executionId="6508212e-6f5c-4209-aae4-ed7f2b6908bc" testId="7ed35012-584a-2fe3-a716-cd0afc4bf24c" testName="TestLoadAsyncWithNullDatagram_Failure" computerName="DKSR-EFI-06" duration="00:00:00.0106587" startTime="2024-01-09T15:47:00.5483932+01:00" endTime="2024-01-09T15:47:00.5483932+01:00" testType="13cdc9d9-ddb5-4fa4-a97d-d965ccfc6d4b" outcome="Passed" testListId="8c84fa94-04c1-424b-9868-57a2d4851a1d" relativeResultsDirectory="6508212e-6f5c-4209-aae4-ed7f2b6908bc" />
    <UnitTestResult executionId="beedb9a6-7f38-469e-8a74-1ca6d9c19b36" testId="00fca5c1-405d-b820-34ef-a1a0e9446a86" testName="ApplicationController_SystemInformationChangedEvent_ShouldUnregisterActions_WhenUserLoggedOut" computerName="DKSR-EFI-06" duration="00:00:00.0198216" startTime="2024-01-09T15:47:17.6773256+01:00" endTime="2024-01-09T15:47:17.6929577+01:00" testType="13cdc9d9-ddb5-4fa4-a97d-d965ccfc6d4b" outcome="Passed" testListId="8c84fa94-04c1-424b-9868-57a2d4851a1d" relativeResultsDirectory="beedb9a6-7f38-469e-8a74-1ca6d9c19b36" />
    <UnitTestResult executionId="ba05f580-7143-40f9-b40e-218b203c6f38" testId="2393804e-4c64-30b5-d8f4-67c3cee41ca1" testName="ShowAccessControlSystems_ShouldReturnTrue_WhenTwoACSystemsAvailable" computerName="DKSR-EFI-06" duration="00:00:00.0016294" startTime="2024-01-09T15:47:19.2713029+01:00" endTime="2024-01-09T15:47:19.2713029+01:00" testType="13cdc9d9-ddb5-4fa4-a97d-d965ccfc6d4b" outcome="Passed" testListId="8c84fa94-04c1-424b-9868-57a2d4851a1d" relativeResultsDirectory="ba05f580-7143-40f9-b40e-218b203c6f38" />
    <UnitTestResult executionId="c7f9e07c-599c-4ef0-a003-7794ef722657" testId="96d03a8b-2bb7-344f-928f-f0c6a7f00e22" testName="UserName_ShouldThrow_InvalidOperationException_WhenConstructedUsingExternal" computerName="DKSR-EFI-06" duration="00:00:00.0005455" startTime="2024-01-09T15:45:20.2950371+01:00" endTime="2024-01-09T15:45:20.2950371+01:00" testType="13cdc9d9-ddb5-4fa4-a97d-d965ccfc6d4b" outcome="Passed" testListId="8c84fa94-04c1-424b-9868-57a2d4851a1d" relativeResultsDirectory="c7f9e07c-599c-4ef0-a003-7794ef722657" />
    <UnitTestResult executionId="8853db5b-0e72-47aa-971d-ae013d391b7a" testId="9d816285-0b59-6b20-cfe0-b3a6030c5ba5" testName="AddToExportTuples_ShouldReturnCorrectResult (0,0,0)" computerName="DKSR-EFI-06" duration="00:00:00.0019150" startTime="2024-01-09T15:47:11.5668250+01:00" endTime="2024-01-09T15:47:11.5824560+01:00" testType="13cdc9d9-ddb5-4fa4-a97d-d965ccfc6d4b" outcome="Passed" testListId="8c84fa94-04c1-424b-9868-57a2d4851a1d" relativeResultsDirectory="8853db5b-0e72-47aa-971d-ae013d391b7a" />
    <UnitTestResult executionId="be499b8a-5b79-4432-a10d-c29d9c55c861" testId="cc5bf0e8-1cf1-748c-6f30-7b7cfd04c1dc" testName="UpdateItemState_Hidden_WrongServerTypes" computerName="DKSR-EFI-06" duration="00:00:00.0031146" startTime="2024-01-09T15:47:15.4894659+01:00" endTime="2024-01-09T15:47:15.4894659+01:00" testType="13cdc9d9-ddb5-4fa4-a97d-d965ccfc6d4b" outcome="Passed" testListId="8c84fa94-04c1-424b-9868-57a2d4851a1d" relativeResultsDirectory="be499b8a-5b79-4432-a10d-c29d9c55c861" />
    <UnitTestResult executionId="c253c8b5-77fd-4f5e-9b62-cea0a099c406" testId="1c883c92-bef7-61b1-c07f-4369319c74ff" testName="GetPassword_ShouldReturnPasswordPartOfNetworkCredentials_WhenNetworkCredentialsContainsAPassword" computerName="DKSR-EFI-06" duration="00:00:00.0029870" startTime="2024-01-09T15:45:20.2481586+01:00" endTime="2024-01-09T15:45:20.2481586+01:00" testType="13cdc9d9-ddb5-4fa4-a97d-d965ccfc6d4b" outcome="Passed" testListId="8c84fa94-04c1-424b-9868-57a2d4851a1d" relativeResultsDirectory="c253c8b5-77fd-4f5e-9b62-cea0a099c406" />
    <UnitTestResult executionId="b792d536-670d-4c0e-8002-b06a01f83a8d" testId="f8edaabc-4dde-c771-27c5-00bf75b12606" testName="PatrollingProfileListViewModel_ResolvePresetName_New_Preset" computerName="DKSR-EFI-06" duration="00:00:00.0042523" startTime="2024-01-09T15:47:09.4725886+01:00" endTime="2024-01-09T15:47:09.4725886+01:00" testType="13cdc9d9-ddb5-4fa4-a97d-d965ccfc6d4b" outcome="Passed" testListId="8c84fa94-04c1-424b-9868-57a2d4851a1d" relativeResultsDirectory="b792d536-670d-4c0e-8002-b06a01f83a8d" />
    <UnitTestResult executionId="f18eb8a9-11a4-48e1-aee7-c2fb75f1e13e" testId="9029e935-145d-d5fd-fae9-96c860349038" testName="GetClusters_AddedItems_ClustersForAddedItems (Data Row 11)" computerName="DKSR-EFI-06" duration="00:00:00.0100547" startTime="2024-01-09T15:47:09.0193458+01:00" endTime="2024-01-09T15:47:09.2381415+01:00" testType="13cdc9d9-ddb5-4fa4-a97d-d965ccfc6d4b" outcome="Passed" testListId="8c84fa94-04c1-424b-9868-57a2d4851a1d" relativeResultsDirectory="f18eb8a9-11a4-48e1-aee7-c2fb75f1e13e" />
    <UnitTestResult executionId="894cce7b-5958-449e-9ce1-0f9c6844ca1e" testId="63df17ff-7d87-8f4d-112e-c1a3760436bb" testName="GetDuration_AllCombined_Success" computerName="DKSR-EFI-06" duration="00:00:00.0003116" startTime="2024-01-09T15:46:43.7632110+01:00" endTime="2024-01-09T15:46:43.7632110+01:00" testType="13cdc9d9-ddb5-4fa4-a97d-d965ccfc6d4b" outcome="Passed" testListId="8c84fa94-04c1-424b-9868-57a2d4851a1d" relativeResultsDirectory="894cce7b-5958-449e-9ce1-0f9c6844ca1e" />
    <UnitTestResult executionId="f4d5d9a3-1d0d-4b7b-a1e6-edde4c87987e" testId="db4646bf-024d-6e80-c8eb-b0bfdcf6a10a" testName="ShowPermissionDeniedStatusBarError_ShouldSendAMessage (0,0)" computerName="DKSR-EFI-06" duration="00:00:00.0019853" startTime="2024-01-09T15:47:11.9262828+01:00" endTime="2024-01-09T15:47:11.9262828+01:00" testType="13cdc9d9-ddb5-4fa4-a97d-d965ccfc6d4b" outcome="Passed" testListId="8c84fa94-04c1-424b-9868-57a2d4851a1d" relativeResultsDirectory="f4d5d9a3-1d0d-4b7b-a1e6-edde4c87987e" />
    <UnitTestResult executionId="ea90d568-d86b-47e8-b791-8254b8a2fc63" testId="88b4d386-4c27-112e-bb74-c07845596dd9" testName="MergeOptionNodes_ShouldReturnOptionsFromOldKey_WhenOptionsForNewKeyIsNull" computerName="DKSR-EFI-06" duration="00:00:00.0043512" startTime="2024-01-09T15:47:12.0044269+01:00" endTime="2024-01-09T15:47:12.0044269+01:00" testType="13cdc9d9-ddb5-4fa4-a97d-d965ccfc6d4b" outcome="Passed" testListId="8c84fa94-04c1-424b-9868-57a2d4851a1d" relativeResultsDirectory="ea90d568-d86b-47e8-b791-8254b8a2fc63" />
    <UnitTestResult executionId="fc4c434d-55d4-49a9-a717-c2c01aaea09e" testId="593930ca-a7df-1408-b332-7a4bf0c72a54" testName="State_ShouldUpdateMicrophoneIconId_WhenSetToMute" computerName="DKSR-EFI-06" duration="00:00:00.0095945" startTime="2024-01-09T15:47:05.9715856+01:00" endTime="2024-01-09T15:47:05.9715856+01:00" testType="13cdc9d9-ddb5-4fa4-a97d-d965ccfc6d4b" outcome="Passed" testListId="8c84fa94-04c1-424b-9868-57a2d4851a1d" relativeResultsDirectory="fc4c434d-55d4-49a9-a717-c2c01aaea09e" />
    <UnitTestResult executionId="ba0b62c1-8ffb-4c99-88bc-1393c2e356d8" testId="2ed74c97-cc2b-13bf-aac4-2247c3b9fbc5" testName="RemoveCameraTest" computerName="DKSR-EFI-06" duration="00:00:00.0066265" startTime="2024-01-09T15:45:20.3575374+01:00" endTime="2024-01-09T15:45:20.3731641+01:00" testType="13cdc9d9-ddb5-4fa4-a97d-d965ccfc6d4b" outcome="Passed" testListId="8c84fa94-04c1-424b-9868-57a2d4851a1d" relativeResultsDirectory="ba0b62c1-8ffb-4c99-88bc-1393c2e356d8" />
    <UnitTestResult executionId="69ef01d9-8074-4714-a635-bce136f8b1c2" testId="26493e2f-f09a-fd85-4932-ec0c6378d5e5" testName="Constructor_ShouldThrowArgumentNullException_WhenControllerManagerIsNull" computerName="DKSR-EFI-06" duration="00:00:00.0192894" startTime="2024-01-09T15:47:09.7382734+01:00" endTime="2024-01-09T15:47:09.7539029+01:00" testType="13cdc9d9-ddb5-4fa4-a97d-d965ccfc6d4b" outcome="Passed" testListId="8c84fa94-04c1-424b-9868-57a2d4851a1d" relativeResultsDirectory="69ef01d9-8074-4714-a635-bce136f8b1c2" />
    <UnitTestResult executionId="c96dd6ef-1c27-4697-8175-9a5433b88e1d" testId="2f768a08-79d1-a2fa-f632-631b61e890cb" testName="Model_UpdateBuildingMapItems_Success" computerName="DKSR-EFI-06" duration="00:00:00.0582560" startTime="2024-01-09T15:47:03.2675393+01:00" endTime="2024-01-09T15:47:03.3300576+01:00" testType="13cdc9d9-ddb5-4fa4-a97d-d965ccfc6d4b" outcome="Passed" testListId="8c84fa94-04c1-424b-9868-57a2d4851a1d" relativeResultsDirectory="c96dd6ef-1c27-4697-8175-9a5433b88e1d" />
    <UnitTestResult executionId="c79e80cf-3f54-4090-b9f4-ccf65300ac7f" testId="3d5c9967-0460-2f6a-3450-76146b434884" testName="LoadBoundingShapes_Cancelled_NoBoundingShapesAddedToUI" computerName="DKSR-EFI-06" duration="00:00:00.0181668" startTime="2024-01-09T15:47:00.1264433+01:00" endTime="2024-01-09T15:47:00.1420781+01:00" testType="13cdc9d9-ddb5-4fa4-a97d-d965ccfc6d4b" outcome="Passed" testListId="8c84fa94-04c1-424b-9868-57a2d4851a1d" relativeResultsDirectory="c79e80cf-3f54-4090-b9f4-ccf65300ac7f" />
    <UnitTestResult executionId="3e97093f-5b9e-47f7-b6eb-7223d9226c95" testId="6a8a8393-b45c-5684-e668-393262a5478a" testName="Tooltip_ShouldShowMuteText_WhenMicrophoneIsUnmutedOnLiveModeAndUserHasListenPermissions" computerName="DKSR-EFI-06" duration="00:00:00.1775181" startTime="2024-01-09T15:45:36.6700461+01:00" endTime="2024-01-09T15:45:36.8419196+01:00" testType="13cdc9d9-ddb5-4fa4-a97d-d965ccfc6d4b" outcome="Passed" testListId="8c84fa94-04c1-424b-9868-57a2d4851a1d" relativeResultsDirectory="3e97093f-5b9e-47f7-b6eb-7223d9226c95" />
    <UnitTestResult executionId="4b14f911-864d-4037-b0df-6db1ad078570" testId="b0add685-1c58-f35e-e4aa-57de22bf2774" testName="PtzPresetsMenuViewModel_SetInfo_PtzSessionControllerInfo_ArgumentNullCheckTest" computerName="DKSR-EFI-06" duration="00:00:00.0016934" startTime="2024-01-09T15:47:15.4113349+01:00" endTime="2024-01-09T15:47:15.4113349+01:00" testType="13cdc9d9-ddb5-4fa4-a97d-d965ccfc6d4b" outcome="Passed" testListId="8c84fa94-04c1-424b-9868-57a2d4851a1d" relativeResultsDirectory="4b14f911-864d-4037-b0df-6db1ad078570" />
    <UnitTestResult executionId="c0424f19-34e8-411b-89a0-b946fe63ba66" testId="2ce1ff21-6093-7b3b-54d2-6773bfebe33a" testName="TestAttachedView_WithKeepInMemory_Success" computerName="DKSR-EFI-06" duration="00:00:00.0003225" startTime="2024-01-09T15:47:17.2241289+01:00" endTime="2024-01-09T15:47:17.2241289+01:00" testType="13cdc9d9-ddb5-4fa4-a97d-d965ccfc6d4b" outcome="Passed" testListId="8c84fa94-04c1-424b-9868-57a2d4851a1d" relativeResultsDirectory="c0424f19-34e8-411b-89a0-b946fe63ba66" />
    <UnitTestResult executionId="2869f6a9-1428-4185-b972-9d239c9cd5a3" testId="c91e348e-da6a-7f91-b16a-f6b11cfb0f4a" testName="GetGisMapLayerFlyoutName_ShouldReturnOpenStreetMap_WhenGeographicLayerIsNull" computerName="DKSR-EFI-06" duration="00:00:00.0010643" startTime="2024-01-09T15:47:07.2532230+01:00" endTime="2024-01-09T15:47:07.2532230+01:00" testType="13cdc9d9-ddb5-4fa4-a97d-d965ccfc6d4b" outcome="Passed" testListId="8c84fa94-04c1-424b-9868-57a2d4851a1d" relativeResultsDirectory="2869f6a9-1428-4185-b972-9d239c9cd5a3" />
    <UnitTestResult executionId="386ddb36-e33c-4d38-b775-7ea52be5ee23" testId="7c485018-e81c-b9cc-ee22-382cb4b7a7c1" testName="IsDeviceSupported_ShouldReturnTrue_WhenCameraKind" computerName="DKSR-EFI-06" duration="00:00:00.0003581" startTime="2024-01-09T15:45:42.0450451+01:00" endTime="2024-01-09T15:45:42.0450451+01:00" testType="13cdc9d9-ddb5-4fa4-a97d-d965ccfc6d4b" outcome="Passed" testListId="8c84fa94-04c1-424b-9868-57a2d4851a1d" relativeResultsDirectory="386ddb36-e33c-4d38-b775-7ea52be5ee23" />
    <UnitTestResult executionId="6aef5a42-a8a5-4aac-a350-ae51effe3c11" testId="390e2c5d-d097-3631-576d-cd317912483e" testName="SupportsDoubleClick_ShouldBeTrue_WhenInteractionStateIsNormal" computerName="DKSR-EFI-06" duration="00:00:00.0447647" startTime="2024-01-09T15:45:35.8419205+01:00" endTime="2024-01-09T15:45:35.8887949+01:00" testType="13cdc9d9-ddb5-4fa4-a97d-d965ccfc6d4b" outcome="Passed" testListId="8c84fa94-04c1-424b-9868-57a2d4851a1d" relativeResultsDirectory="6aef5a42-a8a5-4aac-a350-ae51effe3c11" />
    <UnitTestResult executionId="f0e32902-5171-4df8-884f-bb3fa2976058" testId="f5719a53-45a7-6c3f-5ed7-93d8143fc0a6" testName="GetOsmServerAddress_ShouldReturnAlternativeServerValue_WhenGeographicLayerIsAvailableAndAlternativeServerIsNotEmpty" computerName="DKSR-EFI-06" duration="00:00:00.0008266" startTime="2024-01-09T15:47:07.2844893+01:00" endTime="2024-01-09T15:47:07.2844893+01:00" testType="13cdc9d9-ddb5-4fa4-a97d-d965ccfc6d4b" outcome="Passed" testListId="8c84fa94-04c1-424b-9868-57a2d4851a1d" relativeResultsDirectory="f0e32902-5171-4df8-884f-bb3fa2976058" />
    <UnitTestResult executionId="b275cbfe-082a-4260-a333-cad581855c33" testId="7e90dd26-5432-8bfa-3839-6557709d9ac8" testName="TestCreateWorkroom_Two_Success" computerName="DKSR-EFI-06" duration="00:00:00.0155000" startTime="2024-01-09T15:45:17.2481516+01:00" endTime="2024-01-09T15:45:17.2637775+01:00" testType="13cdc9d9-ddb5-4fa4-a97d-d965ccfc6d4b" outcome="Passed" testListId="8c84fa94-04c1-424b-9868-57a2d4851a1d" relativeResultsDirectory="b275cbfe-082a-4260-a333-cad581855c33" />
    <UnitTestResult executionId="005fcb8c-f84a-4fb4-aa0d-3a1c6154e3c1" testId="65a9b794-921a-eae9-026a-f733825b3d4a" testName="SearchAction_BrowseMode_30MinutesInTheFuture" computerName="DKSR-EFI-06" duration="00:00:00.0074478" startTime="2024-01-09T15:47:12.4576481+01:00" endTime="2024-01-09T15:47:12.4576481+01:00" testType="13cdc9d9-ddb5-4fa4-a97d-d965ccfc6d4b" outcome="Passed" testListId="8c84fa94-04c1-424b-9868-57a2d4851a1d" relativeResultsDirectory="005fcb8c-f84a-4fb4-aa0d-3a1c6154e3c1" />
    <UnitTestResult executionId="27a55efa-c8ed-4274-9a5f-912357245ceb" testId="5af784fc-9243-ca85-aed0-526fe2586632" testName="BuildState_Success" computerName="DKSR-EFI-06" duration="00:00:00.0643689" startTime="2024-01-09T15:45:44.8424091+01:00" endTime="2024-01-09T15:45:44.9205547+01:00" testType="13cdc9d9-ddb5-4fa4-a97d-d965ccfc6d4b" outcome="Passed" testListId="8c84fa94-04c1-424b-9868-57a2d4851a1d" relativeResultsDirectory="27a55efa-c8ed-4274-9a5f-912357245ceb" />
    <UnitTestResult executionId="8234b4d8-02a2-4965-8e56-b8d482903bd2" testId="d8b2b973-4ac7-3ca5-0bd3-f1fc5da91e4d" testName="GetSnapshots_SuccessAndFailure" computerName="DKSR-EFI-06" duration="00:00:00.0036823" startTime="2024-01-09T15:46:43.7319574+01:00" endTime="2024-01-09T15:46:43.7319574+01:00" testType="13cdc9d9-ddb5-4fa4-a97d-d965ccfc6d4b" outcome="Passed" testListId="8c84fa94-04c1-424b-9868-57a2d4851a1d" relativeResultsDirectory="8234b4d8-02a2-4965-8e56-b8d482903bd2" />
    <UnitTestResult executionId="55cfdece-ea7f-41d0-ba97-569665374ca6" testId="b1a54d71-5c4b-5e18-0c40-6a96ee3db5e8" testName="SetSelectedDuration_ValidScopeDurations_SelectedTimeScopeSet" computerName="DKSR-EFI-06" duration="00:00:00.0167217" startTime="2024-01-09T15:46:37.8087753+01:00" endTime="2024-01-09T15:46:37.8243981+01:00" testType="13cdc9d9-ddb5-4fa4-a97d-d965ccfc6d4b" outcome="Passed" testListId="8c84fa94-04c1-424b-9868-57a2d4851a1d" relativeResultsDirectory="55cfdece-ea7f-41d0-ba97-569665374ca6" />
    <UnitTestResult executionId="3c3c6c52-d1bc-4fc1-aa9b-3294124d90a1" testId="ed095898-1909-8564-6a3c-b8e3252b52c8" testName="Serialize_SearchDefinitionsOnly_Success" computerName="DKSR-EFI-06" duration="00:00:00.0020339" startTime="2024-01-09T15:46:45.4979240+01:00" endTime="2024-01-09T15:46:45.5135059+01:00" testType="13cdc9d9-ddb5-4fa4-a97d-d965ccfc6d4b" outcome="Passed" testListId="8c84fa94-04c1-424b-9868-57a2d4851a1d" relativeResultsDirectory="3c3c6c52-d1bc-4fc1-aa9b-3294124d90a1" />
    <UnitTestResult executionId="f80ae1e6-3181-48da-8032-ee3c4ca5fec4" testId="94358fa8-5ab7-9379-cdbb-784e07581698" testName="Cameras_where_the_user_has_no_RetentionCreate_rights_can_be_still_re_added" computerName="DKSR-EFI-06" duration="00:00:00.0028969" startTime="2024-01-09T15:47:18.6305902+01:00" endTime="2024-01-09T15:47:18.6305902+01:00" testType="13cdc9d9-ddb5-4fa4-a97d-d965ccfc6d4b" outcome="Passed" testListId="8c84fa94-04c1-424b-9868-57a2d4851a1d" relativeResultsDirectory="f80ae1e6-3181-48da-8032-ee3c4ca5fec4" />
    <UnitTestResult executionId="e6a32458-2f0e-4842-a6f3-f905f96cd26e" testId="87d4d6f3-e417-2505-d5bd-2afd34871ea6" testName="TryGetOsmServerTileAddress_ShouldSetEmptyAddress_WhenOsmServerAddressIsInvalid" computerName="DKSR-EFI-06" duration="00:00:00.0001828" startTime="2024-01-09T15:47:07.3001149+01:00" endTime="2024-01-09T15:47:07.3001149+01:00" testType="13cdc9d9-ddb5-4fa4-a97d-d965ccfc6d4b" outcome="Passed" testListId="8c84fa94-04c1-424b-9868-57a2d4851a1d" relativeResultsDirectory="e6a32458-2f0e-4842-a6f3-f905f96cd26e" />
    <UnitTestResult executionId="33f62910-a34f-49b4-9990-206efd89c443" testId="8c46d0ed-f3b9-c5f4-aaef-9879232f4518" testName="HoverBehaviour_MouseLeave_HoverTickIsHidden" computerName="DKSR-EFI-06" duration="00:00:00.0316966" startTime="2024-01-09T15:46:16.9594222+01:00" endTime="2024-01-09T15:46:17.0063105+01:00" testType="13cdc9d9-ddb5-4fa4-a97d-d965ccfc6d4b" outcome="Passed" testListId="8c84fa94-04c1-424b-9868-57a2d4851a1d" relativeResultsDirectory="33f62910-a34f-49b4-9990-206efd89c443" />
    <UnitTestResult executionId="814bfde7-43eb-4c7c-9261-c638896ecef2" testId="4bc203d8-dd85-c0c7-a002-24dc9564ca84" testName="HandleGetLayerFeatures_ShouldReturnInputLayerFeatures_WhenInputKind" computerName="DKSR-EFI-06" duration="00:00:00.0010220" startTime="2024-01-09T15:47:07.1594497+01:00" endTime="2024-01-09T15:47:07.1594497+01:00" testType="13cdc9d9-ddb5-4fa4-a97d-d965ccfc6d4b" outcome="Passed" testListId="8c84fa94-04c1-424b-9868-57a2d4851a1d" relativeResultsDirectory="814bfde7-43eb-4c7c-9261-c638896ecef2" />
    <UnitTestResult executionId="118ccb93-422b-4dd7-a26b-763ea54c16ce" testId="e0bc5994-1c1d-ed47-7ea9-5075ce14af91" testName="Deserialize_UnknownItem_Error" computerName="DKSR-EFI-06" duration="00:00:00.0012261" startTime="2024-01-09T15:46:45.5291366+01:00" endTime="2024-01-09T15:46:45.5291366+01:00" testType="13cdc9d9-ddb5-4fa4-a97d-d965ccfc6d4b" outcome="Passed" testListId="8c84fa94-04c1-424b-9868-57a2d4851a1d" relativeResultsDirectory="118ccb93-422b-4dd7-a26b-763ea54c16ce" />
    <UnitTestResult executionId="c9643886-6c0a-41df-9b08-c0839bef4490" testId="63f149e4-246e-312e-204b-29ba70cef87d" testName="SmartMapSelectItemHandler_WhenItemCanNotBeFound_ShouldWriteToLog" computerName="DKSR-EFI-06" duration="00:00:00.0091044" startTime="2024-01-09T15:45:38.8731697+01:00" endTime="2024-01-09T15:45:38.8731697+01:00" testType="13cdc9d9-ddb5-4fa4-a97d-d965ccfc6d4b" outcome="Passed" testListId="8c84fa94-04c1-424b-9868-57a2d4851a1d" relativeResultsDirectory="c9643886-6c0a-41df-9b08-c0839bef4490" />
    <UnitTestResult executionId="d5ca6017-f970-4c81-83ec-935675306e02" testId="3a9ca3f4-6530-4192-b910-778a279b21e0" testName="BookmarkSearchTime_WithSearchStringInDifferentCases_ReturnCorrectBookmarkWithSearchStringInHeader (SeArChStRiNg,True,False,False,False,SeArChStRiNg,,1)" computerName="DKSR-EFI-06" duration="00:00:00.0047113" startTime="2024-01-09T15:47:12.8952407+01:00" endTime="2024-01-09T15:47:12.9108630+01:00" testType="13cdc9d9-ddb5-4fa4-a97d-d965ccfc6d4b" outcome="Passed" testListId="8c84fa94-04c1-424b-9868-57a2d4851a1d" relativeResultsDirectory="d5ca6017-f970-4c81-83ec-935675306e02" />
    <UnitTestResult executionId="062fbde4-afe2-429e-9875-cbf09399f852" testId="340145dc-4ce7-58f9-f34f-cf47939e6a08" testName="IsProductionEnvironment_ShouldReturnCorrectValue (wtst,False)" computerName="DKSR-EFI-06" duration="00:00:00.0000054" startTime="2024-01-09T15:47:17.6304474+01:00" endTime="2024-01-09T15:47:17.6304474+01:00" testType="13cdc9d9-ddb5-4fa4-a97d-d965ccfc6d4b" outcome="Passed" testListId="8c84fa94-04c1-424b-9868-57a2d4851a1d" relativeResultsDirectory="062fbde4-afe2-429e-9875-cbf09399f852" />
    <UnitTestResult executionId="ccf46134-ab5f-4048-881d-37ef856f89e1" testId="78964e11-1fbc-7f63-fecb-4ff3a281734b" testName="UpdateSearchTemplateAsync_StateError_Success" computerName="DKSR-EFI-06" duration="00:00:00.0019862" startTime="2024-01-09T15:46:44.2164139+01:00" endTime="2024-01-09T15:46:44.2164139+01:00" testType="13cdc9d9-ddb5-4fa4-a97d-d965ccfc6d4b" outcome="Passed" testListId="8c84fa94-04c1-424b-9868-57a2d4851a1d" relativeResultsDirectory="ccf46134-ab5f-4048-881d-37ef856f89e1" />
    <UnitTestResult executionId="efae633c-f196-4821-8f8e-cc0cb6d7ee9c" testId="8ad35947-3018-f160-b80e-8c54c467a21a" testName="GetCredential_ShouldReturnNull_WhenAuthTypeIsNull" computerName="DKSR-EFI-06" duration="00:00:00.0010639" startTime="2024-01-09T15:45:20.2169059+01:00" endTime="2024-01-09T15:45:20.2169059+01:00" testType="13cdc9d9-ddb5-4fa4-a97d-d965ccfc6d4b" outcome="Passed" testListId="8c84fa94-04c1-424b-9868-57a2d4851a1d" relativeResultsDirectory="efae633c-f196-4821-8f8e-cc0cb6d7ee9c" />
    <UnitTestResult executionId="0ad7b204-b6db-447d-bf13-5a24abfd08e7" testId="21b483a6-27e8-bb30-b612-d3263e5cc6f1" testName="MenuItemIcon_ShouldBeSet_WhenSuppliedInCtor" computerName="DKSR-EFI-06" duration="00:00:00.0032922" startTime="2024-01-09T15:45:38.6856708+01:00" endTime="2024-01-09T15:45:38.6856708+01:00" testType="13cdc9d9-ddb5-4fa4-a97d-d965ccfc6d4b" outcome="Passed" testListId="8c84fa94-04c1-424b-9868-57a2d4851a1d" relativeResultsDirectory="0ad7b204-b6db-447d-bf13-5a24abfd08e7" />
    <UnitTestResult executionId="c7bf1b13-8583-43e8-8f3d-2ce5f6c9dc57" testId="9bd97529-6ca2-0a88-ecb8-dfa8925597ef" testName="ResolveGenericResultProperties_ShouldReturnOrderedProperties_WhenGivenCombinedSearchResults" computerName="DKSR-EFI-06" duration="00:00:00.0028984" startTime="2024-01-09T15:46:43.9663681+01:00" endTime="2024-01-09T15:46:43.9663681+01:00" testType="13cdc9d9-ddb5-4fa4-a97d-d965ccfc6d4b" outcome="Passed" testListId="8c84fa94-04c1-424b-9868-57a2d4851a1d" relativeResultsDirectory="c7bf1b13-8583-43e8-8f3d-2ce5f6c9dc57" />
    <UnitTestResult executionId="4a806023-8e26-4280-9b1d-111ee1eb0648" testId="1d5225e4-5ff0-424d-ae91-6d7aa1287493" testName="Deserialize_ShouldReportInvalidCombineType_WhenCombineTypeValueIsNotAnInteger" computerName="DKSR-EFI-06" duration="00:00:00.0005815" startTime="2024-01-09T15:46:45.5291366+01:00" endTime="2024-01-09T15:46:45.5291366+01:00" testType="13cdc9d9-ddb5-4fa4-a97d-d965ccfc6d4b" outcome="Passed" testListId="8c84fa94-04c1-424b-9868-57a2d4851a1d" relativeResultsDirectory="4a806023-8e26-4280-9b1d-111ee1eb0648" />
    <UnitTestResult executionId="67f33abe-314f-42f0-81e7-be1c8aca85fd" testId="14375da6-0c80-56ea-8d0d-fd5af8584025" testName="ShouldReturnTrueWhenLevelChanged" computerName="DKSR-EFI-06" duration="00:00:00.0084302" startTime="2024-01-09T15:45:39.3731699+01:00" endTime="2024-01-09T15:45:39.3731699+01:00" testType="13cdc9d9-ddb5-4fa4-a97d-d965ccfc6d4b" outcome="Passed" testListId="8c84fa94-04c1-424b-9868-57a2d4851a1d" relativeResultsDirectory="67f33abe-314f-42f0-81e7-be1c8aca85fd" />
    <UnitTestResult executionId="07a777b4-41f2-44d6-858a-77fb958f04a3" testId="fde63fcf-969d-dfa6-38ad-696fd5d00bc2" testName="GetLayerFeatures_ShouldReturnInputLayerFeatures_WhenInputKind" computerName="DKSR-EFI-06" duration="00:00:00.0036237" startTime="2024-01-09T15:47:07.3157429+01:00" endTime="2024-01-09T15:47:07.3157429+01:00" testType="13cdc9d9-ddb5-4fa4-a97d-d965ccfc6d4b" outcome="Passed" testListId="8c84fa94-04c1-424b-9868-57a2d4851a1d" relativeResultsDirectory="07a777b4-41f2-44d6-858a-77fb958f04a3" />
    <UnitTestResult executionId="c8c87b2d-4131-4f77-b27c-b2c602f091a1" testId="2b329938-e3b1-01ad-a60f-47df5d0a331f" testName="FocusedSearchResultChanged_CameraNotOnMap_NavigateToHomeAndShowWarning" computerName="DKSR-EFI-06" duration="00:00:00.0068537" startTime="2024-01-09T15:46:31.2597733+01:00" endTime="2024-01-09T15:46:31.2763430+01:00" testType="13cdc9d9-ddb5-4fa4-a97d-d965ccfc6d4b" outcome="Passed" testListId="8c84fa94-04c1-424b-9868-57a2d4851a1d" relativeResultsDirectory="c8c87b2d-4131-4f77-b27c-b2c602f091a1" />
    <UnitTestResult executionId="572f6bbe-ffda-40eb-86e6-c9ee84e45a32" testId="b7e1027f-ab12-3a23-380e-a1ca4e90c2bf" testName="TryAddInterval_ShouldReturnCorrectValue (True,False,AlreadyAdded)" computerName="DKSR-EFI-06" duration="00:00:00.0015226" startTime="2024-01-09T15:47:11.4105984+01:00" endTime="2024-01-09T15:47:11.4105984+01:00" testType="13cdc9d9-ddb5-4fa4-a97d-d965ccfc6d4b" outcome="Passed" testListId="8c84fa94-04c1-424b-9868-57a2d4851a1d" relativeResultsDirectory="572f6bbe-ffda-40eb-86e6-c9ee84e45a32" />
    <UnitTestResult executionId="a4502a7a-865b-46f3-9579-ce78585227e6" testId="80e1e452-82cf-b088-db40-d28f7d32c62d" testName="EvidenceLock when Live" computerName="DKSR-EFI-06" duration="00:00:00.0165872" startTime="2024-01-09T15:47:10.3946794+01:00" endTime="2024-01-09T15:47:10.6447369+01:00" testType="13cdc9d9-ddb5-4fa4-a97d-d965ccfc6d4b" outcome="Passed" testListId="8c84fa94-04c1-424b-9868-57a2d4851a1d" relativeResultsDirectory="a4502a7a-865b-46f3-9579-ce78585227e6" />
    <UnitTestResult executionId="feaa5e60-bf76-4378-ac93-5d8a81692940" testId="1f280893-1f72-6f45-77a3-2457f07e9bd2" testName="ResolveSearchDefinitions_ShouldReturnResultSearchDefinition_WhenCombinedSearchResultWithSingleSubResultAndSearchDefinitionsNotContainingCorrectSearchDefinitionsAreGiven" computerName="DKSR-EFI-06" duration="00:00:00.0007431" startTime="2024-01-09T15:46:43.9194850+01:00" endTime="2024-01-09T15:46:43.9194850+01:00" testType="13cdc9d9-ddb5-4fa4-a97d-d965ccfc6d4b" outcome="Passed" testListId="8c84fa94-04c1-424b-9868-57a2d4851a1d" relativeResultsDirectory="feaa5e60-bf76-4378-ac93-5d8a81692940" />
    <UnitTestResult executionId="a42096b8-9b56-4cc3-9ec2-a7dbb468f61a" testId="8304cf81-7f4f-297c-5609-3851440a85fa" testName="Compare_NullVsNotNull_GreaterThan" computerName="DKSR-EFI-06" duration="00:00:00.0001824" startTime="2024-01-09T15:46:45.4041121+01:00" endTime="2024-01-09T15:46:45.4041121+01:00" testType="13cdc9d9-ddb5-4fa4-a97d-d965ccfc6d4b" outcome="Passed" testListId="8c84fa94-04c1-424b-9868-57a2d4851a1d" relativeResultsDirectory="a42096b8-9b56-4cc3-9ec2-a7dbb468f61a" />
    <UnitTestResult executionId="3cb41a12-9d9d-4083-9a2a-c6a28779f2f9" testId="e9b6f05b-8b63-04bd-4d02-75ef2000b3a9" testName="DetermineUserAllowsUnsecureConnection_WhereUserIsNotAskedAndUnsecureIsNotAllow_ShouldReturnFalse" computerName="DKSR-EFI-06" duration="00:00:00.2661628" startTime="2024-01-09T15:45:09.8575079+01:00" endTime="2024-01-09T15:45:10.1231333+01:00" testType="13cdc9d9-ddb5-4fa4-a97d-d965ccfc6d4b" outcome="Passed" testListId="8c84fa94-04c1-424b-9868-57a2d4851a1d" relativeResultsDirectory="3cb41a12-9d9d-4083-9a2a-c6a28779f2f9" />
    <UnitTestResult executionId="232cbb40-048b-4951-8ce9-2aea7c4abe9f" testId="c453d029-07d1-c3a5-eeb3-4f67d3418e09" testName="ResultCountText_OneResults_Success" computerName="DKSR-EFI-06" duration="00:00:00.0047035" startTime="2024-01-09T15:46:36.2145740+01:00" endTime="2024-01-09T15:46:36.2145740+01:00" testType="13cdc9d9-ddb5-4fa4-a97d-d965ccfc6d4b" outcome="Passed" testListId="8c84fa94-04c1-424b-9868-57a2d4851a1d" relativeResultsDirectory="232cbb40-048b-4951-8ce9-2aea7c4abe9f" />
    <UnitTestResult executionId="d51cbabb-084a-42e5-a59a-0a1fb6befee3" testId="ccc464e8-45ae-b4d4-a53d-f854db73b0a5" testName="Forced" computerName="DKSR-EFI-06" duration="00:00:00.0072083" startTime="2024-01-09T15:45:42.9200416+01:00" endTime="2024-01-09T15:45:42.9200416+01:00" testType="13cdc9d9-ddb5-4fa4-a97d-d965ccfc6d4b" outcome="Passed" testListId="8c84fa94-04c1-424b-9868-57a2d4851a1d" relativeResultsDirectory="d51cbabb-084a-42e5-a59a-0a1fb6befee3" />
    <UnitTestResult executionId="c74fb94a-1bb0-4cdf-9bb9-c4820267b3fd" testId="b970da34-c722-c5ca-a09c-f43a81894d73" testName="Empty password" computerName="DKSR-EFI-06" duration="00:00:00.0002374" startTime="2024-01-09T15:45:44.4516579+01:00" endTime="2024-01-09T15:45:44.4516579+01:00" testType="13cdc9d9-ddb5-4fa4-a97d-d965ccfc6d4b" outcome="Passed" testListId="8c84fa94-04c1-424b-9868-57a2d4851a1d" relativeResultsDirectory="c74fb94a-1bb0-4cdf-9bb9-c4820267b3fd" />
    <UnitTestResult executionId="954d022d-7826-4668-9d8c-3fe237523392" testId="f212a945-9645-4128-b861-6596693a6fad" testName="Decorate_ShouldAddChildren_WhenThereIsCameraLayerAndViewZoneLayer" computerName="DKSR-EFI-06" duration="00:00:00.0030417" startTime="2024-01-09T15:45:30.9512941+01:00" endTime="2024-01-09T15:45:30.9512941+01:00" testType="13cdc9d9-ddb5-4fa4-a97d-d965ccfc6d4b" outcome="Passed" testListId="8c84fa94-04c1-424b-9868-57a2d4851a1d" relativeResultsDirectory="954d022d-7826-4668-9d8c-3fe237523392" />
    <UnitTestResult executionId="86c2c0ac-ff80-4883-a5cc-6a08ac74fe53" testId="968967c1-9c91-5395-ae74-dba306913820" testName="PatrollingPresetViewModel_OnPropertyChanged_Raised" computerName="DKSR-EFI-06" duration="00:00:00.0006290" startTime="2024-01-09T15:47:09.3475515+01:00" endTime="2024-01-09T15:47:09.3631850+01:00" testType="13cdc9d9-ddb5-4fa4-a97d-d965ccfc6d4b" outcome="Passed" testListId="8c84fa94-04c1-424b-9868-57a2d4851a1d" relativeResultsDirectory="86c2c0ac-ff80-4883-a5cc-6a08ac74fe53" />
    <UnitTestResult executionId="8b892b56-acab-45cb-a305-652b5f7e09e1" testId="e788a2d0-4486-022b-835a-f533cc3033d2" testName="DeviceIcons_ShouldBeCached_WhenCalled" computerName="DKSR-EFI-06" duration="00:00:00.0001661" startTime="2024-01-09T15:47:04.4710881+01:00" endTime="2024-01-09T15:47:04.4710881+01:00" testType="13cdc9d9-ddb5-4fa4-a97d-d965ccfc6d4b" outcome="Passed" testListId="8c84fa94-04c1-424b-9868-57a2d4851a1d" relativeResultsDirectory="8b892b56-acab-45cb-a305-652b5f7e09e1" />
    <UnitTestResult executionId="4efd3b54-0406-46b9-83cf-f09b9d85e87e" testId="233a6bed-ae00-b023-a337-828767e08ee8" testName="AlwaysPutSmartWallGroupLast" computerName="DKSR-EFI-06" duration="00:00:00.0006026" startTime="2024-01-09T15:47:11.0667151+01:00" endTime="2024-01-09T15:47:11.0667151+01:00" testType="13cdc9d9-ddb5-4fa4-a97d-d965ccfc6d4b" outcome="Passed" testListId="8c84fa94-04c1-424b-9868-57a2d4851a1d" relativeResultsDirectory="4efd3b54-0406-46b9-83cf-f09b9d85e87e" />
    <UnitTestResult executionId="39a71887-3a70-4640-8d0b-b359eb50bbab" testId="add162a8-f1ad-a5bc-d7cc-f7fa5d66acf8" testName="AlwaysPutSmartWallBeforeViews" computerName="DKSR-EFI-06" duration="00:00:00.0008100" startTime="2024-01-09T15:47:11.0667151+01:00" endTime="2024-01-09T15:47:11.0667151+01:00" testType="13cdc9d9-ddb5-4fa4-a97d-d965ccfc6d4b" outcome="Passed" testListId="8c84fa94-04c1-424b-9868-57a2d4851a1d" relativeResultsDirectory="39a71887-3a70-4640-8d0b-b359eb50bbab" />
    <UnitTestResult executionId="f9e5a8cd-4946-4f0a-a379-1594ca8d1815" testId="0aadc201-49e1-bf75-6608-564242125dc2" testName="GetOsmServerAddress_ShouldReturnEmptyString_WhenGeographicLayerIsNullAndAlternativeServerIsEmpty" computerName="DKSR-EFI-06" duration="00:00:00.0007486" startTime="2024-01-09T15:47:07.2844893+01:00" endTime="2024-01-09T15:47:07.2844893+01:00" testType="13cdc9d9-ddb5-4fa4-a97d-d965ccfc6d4b" outcome="Passed" testListId="8c84fa94-04c1-424b-9868-57a2d4851a1d" relativeResultsDirectory="f9e5a8cd-4946-4f0a-a379-1594ca8d1815" />
    <UnitTestResult executionId="2d00a0b7-c36d-4124-b77a-404630878649" testId="bc93f730-cf4f-b2fd-70c0-19446c70f746" testName="IconResourceKey_ShouldBeValid_WhenInteractionStateIsAddInput" computerName="DKSR-EFI-06" duration="00:00:00.0003247" startTime="2024-01-09T15:45:31.0137926+01:00" endTime="2024-01-09T15:45:31.0137926+01:00" testType="13cdc9d9-ddb5-4fa4-a97d-d965ccfc6d4b" outcome="Passed" testListId="8c84fa94-04c1-424b-9868-57a2d4851a1d" relativeResultsDirectory="2d00a0b7-c36d-4124-b77a-404630878649" />
    <UnitTestResult executionId="5d2df5a7-f523-4dd9-bb4a-8fcac9584869" testId="772d579c-1f25-0ecf-1421-f86f202fcaa5" testName="TestConstructor_CastToPolygon_Success" computerName="DKSR-EFI-06" duration="00:00:00.0001226" startTime="2024-01-09T15:47:02.9393833+01:00" endTime="2024-01-09T15:47:02.9393833+01:00" testType="13cdc9d9-ddb5-4fa4-a97d-d965ccfc6d4b" outcome="Passed" testListId="8c84fa94-04c1-424b-9868-57a2d4851a1d" relativeResultsDirectory="5d2df5a7-f523-4dd9-bb4a-8fcac9584869" />
    <UnitTestResult executionId="fe339f2f-afae-4b9f-bfdd-3f6129526e25" testId="149b064f-9ac3-44fb-3775-5acbf6f1cace" testName="TestConstructor_EmptyPolygon_Success" computerName="DKSR-EFI-06" duration="00:00:00.0002871" startTime="2024-01-09T15:47:02.9237507+01:00" endTime="2024-01-09T15:47:02.9237507+01:00" testType="13cdc9d9-ddb5-4fa4-a97d-d965ccfc6d4b" outcome="Passed" testListId="8c84fa94-04c1-424b-9868-57a2d4851a1d" relativeResultsDirectory="fe339f2f-afae-4b9f-bfdd-3f6129526e25" />
    <UnitTestResult executionId="3def802d-8c55-4224-8efd-2ebb48c2d764" testId="a4f00ade-c810-bdc2-a419-06f9196522bd" testName="CreateGeometry_FourCornerBuilding_Success" computerName="DKSR-EFI-06" duration="00:00:00.0022442" startTime="2024-01-09T15:47:08.8005307+01:00" endTime="2024-01-09T15:47:08.8005307+01:00" testType="13cdc9d9-ddb5-4fa4-a97d-d965ccfc6d4b" outcome="Passed" testListId="8c84fa94-04c1-424b-9868-57a2d4851a1d" relativeResultsDirectory="3def802d-8c55-4224-8efd-2ebb48c2d764" />
    <UnitTestResult executionId="9ebb12d5-29b9-4712-b685-be96c338c475" testId="81b361c4-c965-939e-7e57-636c62f4161d" testName="DeleteLevel_WhereLevelsHasBeenRenumbered_Success" computerName="DKSR-EFI-06" duration="00:00:00.0375650" startTime="2024-01-09T15:47:07.0187837+01:00" endTime="2024-01-09T15:47:07.0500394+01:00" testType="13cdc9d9-ddb5-4fa4-a97d-d965ccfc6d4b" outcome="Passed" testListId="8c84fa94-04c1-424b-9868-57a2d4851a1d" relativeResultsDirectory="9ebb12d5-29b9-4712-b685-be96c338c475">
      <Output>
        <StdOut>Debug Trace:&#xD;
 &gt;&gt;&gt; ERROR: System.NullReferenceException: Object reference not set to an instance of an object.&#xD;
   at VideoOS.RemoteClient.GisMapData.MapBuildings.MapLevel.&lt;LoadLayersAsync&gt;d__71.MoveNext() in D:\actions-runner\_work\XPCO\XPCO\SC\Components\dotNet\VideoOS.RemoteClient.GisMapData\MapBuildings\MapLevel.cs:line 283&#xD;
 &gt;&gt;&gt; Stack:    at VideoOS.RemoteClient.GisMapData.MapBuildings.MapLevel.&lt;LoadLayersAsync&gt;d__71.MoveNext() in D:\actions-runner\_work\XPCO\XPCO\SC\Components\dotNet\VideoOS.RemoteClient.GisMapData\MapBuildings\MapLevel.cs:line 283&#xD;
 &gt;&gt;&gt; ERROR: System.NullReferenceException: Object reference not set to an instance of an object.&#xD;
   at VideoOS.RemoteClient.GisMapData.MapBuildings.MapLevel.&lt;LoadLayersAsync&gt;d__71.MoveNext() in D:\actions-runner\_work\XPCO\XPCO\SC\Components\dotNet\VideoOS.RemoteClient.GisMapData\MapBuildings\MapLevel.cs:line 283&#xD;
 &gt;&gt;&gt; Stack:    at VideoOS.RemoteClient.GisMapData.MapBuildings.MapLevel.&lt;LoadLayersAsync&gt;d__71.MoveNext() in D:\actions-runner\_work\XPCO\XPCO\SC\Components\dotNet\VideoOS.RemoteClient.GisMapData\MapBuildings\MapLevel.cs:line 283&#xD;
 &gt;&gt;&gt; ERROR: System.NullReferenceException: Object reference not set to an instance of an object.&#xD;
   at VideoOS.RemoteClient.GisMapData.MapBuildings.MapLevel.&lt;LoadLayersAsync&gt;d__71.MoveNext() in D:\actions-runner\_work\XPCO\XPCO\SC\Components\dotNet\VideoOS.RemoteClient.GisMapData\MapBuildings\MapLevel.cs:line 283&#xD;
 &gt;&gt;&gt; Stack:    at VideoOS.RemoteClient.GisMapData.MapBuildings.MapLevel.&lt;LoadLayersAsync&gt;d__71.MoveNext() in D:\actions-runner\_work\XPCO\XPCO\SC\Components\dotNet\VideoOS.RemoteClient.GisMapData\MapBuildings\MapLevel.cs:line 283</StdOut>
      </Output>
    </UnitTestResult>
    <UnitTestResult executionId="9b5767d4-b13a-4266-813d-72fba29e38a7" testId="2ee134e1-115d-c1eb-9935-4d228f8143e5" testName="OnLoaded_ValidConfigurationNoInlineEdit_InlineAttributeEditControlNotSet" computerName="DKSR-EFI-06" duration="00:00:00.1533352" startTime="2024-01-09T15:45:46.4835186+01:00" endTime="2024-01-09T15:45:46.6241868+01:00" testType="13cdc9d9-ddb5-4fa4-a97d-d965ccfc6d4b" outcome="Passed" testListId="8c84fa94-04c1-424b-9868-57a2d4851a1d" relativeResultsDirectory="9b5767d4-b13a-4266-813d-72fba29e38a7" />
    <UnitTestResult executionId="44c8c2ff-e1f3-47b9-8290-7c5b40eddb69" testId="29cd7680-6529-be15-6bcd-e95b8579b607" testName="ActiveInteractionStateBinding_ShouldOnlyContainNormalAndNewDevice_WhenCtorIsCalled" computerName="DKSR-EFI-06" duration="00:00:00.0398311" startTime="2024-01-09T15:45:35.6700479+01:00" endTime="2024-01-09T15:45:35.7169251+01:00" testType="13cdc9d9-ddb5-4fa4-a97d-d965ccfc6d4b" outcome="Passed" testListId="8c84fa94-04c1-424b-9868-57a2d4851a1d" relativeResultsDirectory="44c8c2ff-e1f3-47b9-8290-7c5b40eddb69" />
    <UnitTestResult executionId="17bf7a09-f496-4d50-8f0f-a53b40cf5065" testId="eaeacd17-7709-0ad4-3782-3c779da7e956" testName="PtzPresetsMenuViewModel_PtzReservedByCurrentUserTest" computerName="DKSR-EFI-06" duration="00:00:00.0015891" startTime="2024-01-09T15:47:15.4269635+01:00" endTime="2024-01-09T15:47:15.4269635+01:00" testType="13cdc9d9-ddb5-4fa4-a97d-d965ccfc6d4b" outcome="Passed" testListId="8c84fa94-04c1-424b-9868-57a2d4851a1d" relativeResultsDirectory="17bf7a09-f496-4d50-8f0f-a53b40cf5065" />
    <UnitTestResult executionId="72f3ab59-032c-443e-b2d8-d9378b104b3d" testId="c9640990-b6c9-dafb-a909-cdccd9fc41e7" testName="Create_Retention_Times_Cannot_Be_Before_1900" computerName="DKSR-EFI-06" duration="00:00:00.0036321" startTime="2024-01-09T15:47:18.5524472+01:00" endTime="2024-01-09T15:47:18.5524472+01:00" testType="13cdc9d9-ddb5-4fa4-a97d-d965ccfc6d4b" outcome="Passed" testListId="8c84fa94-04c1-424b-9868-57a2d4851a1d" relativeResultsDirectory="72f3ab59-032c-443e-b2d8-d9378b104b3d" />
    <UnitTestResult executionId="6b7466af-aa38-4bb2-964c-7c57546523e1" testId="1c3a0b3c-9d39-e423-34b0-23113deccc9a" testName="ActiveInteractionStateBinding_ShouldOnlyContainNormal_WhenCtorIsCalled" computerName="DKSR-EFI-06" duration="00:00:00.0124179" startTime="2024-01-09T15:45:38.4512945+01:00" endTime="2024-01-09T15:45:38.4669202+01:00" testType="13cdc9d9-ddb5-4fa4-a97d-d965ccfc6d4b" outcome="Passed" testListId="8c84fa94-04c1-424b-9868-57a2d4851a1d" relativeResultsDirectory="6b7466af-aa38-4bb2-964c-7c57546523e1" />
    <UnitTestResult executionId="3c9c5d2e-47f6-4ce6-949b-2ad40a665e47" testId="28b7e0ab-6c4a-f8e2-76d8-c7775c82dbd0" testName="Included_ShouldAddViewItemToIncludedViewItems_WhenSetToTrue" computerName="DKSR-EFI-06" duration="00:00:00.1590281" startTime="2024-01-09T15:47:15.1769123+01:00" endTime="2024-01-09T15:47:15.3331940+01:00" testType="13cdc9d9-ddb5-4fa4-a97d-d965ccfc6d4b" outcome="Passed" testListId="8c84fa94-04c1-424b-9868-57a2d4851a1d" relativeResultsDirectory="3c9c5d2e-47f6-4ce6-949b-2ad40a665e47" />
    <UnitTestResult executionId="afbd75e8-9377-4a87-a23d-e187cf2516fb" testId="79dc6ade-1fb5-e53a-3895-120821ee0ad1" testName="Combine_ShouldPassAllHardcodedEdgeCaseTests" computerName="DKSR-EFI-06" duration="00:00:00.1341642" startTime="2024-01-09T15:46:59.2044369+01:00" endTime="2024-01-09T15:46:59.3450853+01:00" testType="13cdc9d9-ddb5-4fa4-a97d-d965ccfc6d4b" outcome="Passed" testListId="8c84fa94-04c1-424b-9868-57a2d4851a1d" relativeResultsDirectory="afbd75e8-9377-4a87-a23d-e187cf2516fb">
      <Output>
        <StdOut>Debug Trace:&#xD;
&#xD;
&#xD;
************* TEST RESULTS *************&#xD;
Total tests: 224&#xD;
Passed tests: 224&#xD;
Failed tests: 0</StdOut>
      </Output>
    </UnitTestResult>
    <UnitTestResult executionId="b91176fb-6db3-4574-a1ad-929e1a9d3d8f" testId="fb699dcc-5e5e-47d1-e653-08665478eed9" testName="AddCriteriaCommand_AddCriteriaCommand_InEditSearchDefinitionCorrect" computerName="DKSR-EFI-06" duration="00:00:00.0135920" startTime="2024-01-09T15:46:38.1526095+01:00" endTime="2024-01-09T15:46:38.1526095+01:00" testType="13cdc9d9-ddb5-4fa4-a97d-d965ccfc6d4b" outcome="Passed" testListId="8c84fa94-04c1-424b-9868-57a2d4851a1d" relativeResultsDirectory="b91176fb-6db3-4574-a1ad-929e1a9d3d8f" />
    <UnitTestResult executionId="7ccb65b5-cc61-4a33-93cf-81b7cd3306dc" testId="a7ae775e-2c15-1f46-f93f-e37442fe54d1" testName="CreateMenuItem_SetsIcons" computerName="DKSR-EFI-06" duration="00:00:00.0243111" startTime="2024-01-09T15:45:38.4825426+01:00" endTime="2024-01-09T15:45:38.5137953+01:00" testType="13cdc9d9-ddb5-4fa4-a97d-d965ccfc6d4b" outcome="Passed" testListId="8c84fa94-04c1-424b-9868-57a2d4851a1d" relativeResultsDirectory="7ccb65b5-cc61-4a33-93cf-81b7cd3306dc" />
    <UnitTestResult executionId="9ed99bb2-eeb6-4939-999e-91503effcefa" testId="e998f77e-77b2-7e10-d8db-3813eb8031aa" testName="GetClusters_ThreeInitialItems_ClustersForInitialItems (Data Row 9)" computerName="DKSR-EFI-06" duration="00:00:00.0082642" startTime="2024-01-09T15:47:08.8161554+01:00" endTime="2024-01-09T15:47:09.0037088+01:00" testType="13cdc9d9-ddb5-4fa4-a97d-d965ccfc6d4b" outcome="Passed" testListId="8c84fa94-04c1-424b-9868-57a2d4851a1d" relativeResultsDirectory="9ed99bb2-eeb6-4939-999e-91503effcefa" />
    <UnitTestResult executionId="7dedd4f9-9a7b-4ebb-bac5-e6c7f6f4ac67" testId="7e58be8f-9941-69cb-e59f-eb5323ed9f2d" testName="SupportsRightClick_ShouldBeTrue_WhenInteractionStateIsNormal" computerName="DKSR-EFI-06" duration="00:00:00.0939009" startTime="2024-01-09T15:45:37.9669237+01:00" endTime="2024-01-09T15:45:38.0606700+01:00" testType="13cdc9d9-ddb5-4fa4-a97d-d965ccfc6d4b" outcome="Passed" testListId="8c84fa94-04c1-424b-9868-57a2d4851a1d" relativeResultsDirectory="7dedd4f9-9a7b-4ebb-bac5-e6c7f6f4ac67" />
    <UnitTestResult executionId="fa3ace82-6c89-4cff-8990-32892440e6d5" testId="603c4aa1-d1a2-454e-a0ed-ef37e0b81ab7" testName="GetDefaultReportDestination_WrongUserSettings_ReturnsDefaultFolder" computerName="DKSR-EFI-06" duration="00:00:00.0073439" startTime="2024-01-09T15:46:34.5734541+01:00" endTime="2024-01-09T15:46:34.5890835+01:00" testType="13cdc9d9-ddb5-4fa4-a97d-d965ccfc6d4b" outcome="Passed" testListId="8c84fa94-04c1-424b-9868-57a2d4851a1d" relativeResultsDirectory="fa3ace82-6c89-4cff-8990-32892440e6d5" />
    <UnitTestResult executionId="c28c5545-ee4d-4b2d-847b-e2762b25780d" testId="3787704c-f9e0-e566-1c87-02188e388c59" testName="PtzSessionControllerInfo_UserChangedTest_Different_User_Type" computerName="DKSR-EFI-06" duration="00:00:00.0004120" startTime="2024-01-09T15:45:19.5762891+01:00" endTime="2024-01-09T15:45:19.5762891+01:00" testType="13cdc9d9-ddb5-4fa4-a97d-d965ccfc6d4b" outcome="Passed" testListId="8c84fa94-04c1-424b-9868-57a2d4851a1d" relativeResultsDirectory="c28c5545-ee4d-4b2d-847b-e2762b25780d" />
    <UnitTestResult executionId="89a746bb-e433-460c-b6fd-a5a94b4e2495" testId="ef6e5d44-4248-113e-0569-ec93691b2771" testName="ToDenormalizedFieldOfView_LesserThan0_0_Failure" computerName="DKSR-EFI-06" duration="00:00:00.0005277" startTime="2024-01-09T15:47:01.2203729+01:00" endTime="2024-01-09T15:47:01.2203729+01:00" testType="13cdc9d9-ddb5-4fa4-a97d-d965ccfc6d4b" outcome="Passed" testListId="8c84fa94-04c1-424b-9868-57a2d4851a1d" relativeResultsDirectory="89a746bb-e433-460c-b6fd-a5a94b4e2495" />
    <UnitTestResult executionId="31395b8a-731d-43c0-b91d-5bc4097be892" testId="d5b83293-8848-4b1e-df37-68e69f1f794e" testName="SearchResultsActionBarActions_EditBookmark_MultipleResult_EditBookmarkInvoked" computerName="DKSR-EFI-06" duration="00:00:00.0195496" startTime="2024-01-09T15:46:35.6362808+01:00" endTime="2024-01-09T15:46:35.6519144+01:00" testType="13cdc9d9-ddb5-4fa4-a97d-d965ccfc6d4b" outcome="Passed" testListId="8c84fa94-04c1-424b-9868-57a2d4851a1d" relativeResultsDirectory="31395b8a-731d-43c0-b91d-5bc4097be892" />
    <UnitTestResult executionId="6ef8b7f1-b4b3-4b7d-aced-3ac6d619d805" testId="d710cb6b-c383-23e9-04a7-380523480bf6" testName="PtzPresetsMenuViewModelConstructorTest" computerName="DKSR-EFI-06" duration="00:00:00.0181980" startTime="2024-01-09T15:45:21.3575384+01:00" endTime="2024-01-09T15:45:21.3731623+01:00" testType="13cdc9d9-ddb5-4fa4-a97d-d965ccfc6d4b" outcome="Passed" testListId="8c84fa94-04c1-424b-9868-57a2d4851a1d" relativeResultsDirectory="6ef8b7f1-b4b3-4b7d-aced-3ac6d619d805" />
    <UnitTestResult executionId="e4b079d4-48b7-43e6-978d-1edb89c31a5c" testId="e998f77e-77b2-7e10-d8db-3813eb8031aa" testName="GetClusters_ThreeInitialItems_ClustersForInitialItems (Data Row 7)" computerName="DKSR-EFI-06" duration="00:00:00.0126869" startTime="2024-01-09T15:47:08.8161554+01:00" endTime="2024-01-09T15:47:09.0037088+01:00" testType="13cdc9d9-ddb5-4fa4-a97d-d965ccfc6d4b" outcome="Passed" testListId="8c84fa94-04c1-424b-9868-57a2d4851a1d" relativeResultsDirectory="e4b079d4-48b7-43e6-978d-1edb89c31a5c" />
    <UnitTestResult executionId="b54178de-26e0-42a3-8725-11426596d38c" testId="c845158a-13c6-a74d-17c8-bb3ff5beabf6" testName="Retrieve_Success" computerName="DKSR-EFI-06" duration="00:00:00.0127044" startTime="2024-01-09T15:45:38.9981679+01:00" endTime="2024-01-09T15:45:39.0137928+01:00" testType="13cdc9d9-ddb5-4fa4-a97d-d965ccfc6d4b" outcome="Passed" testListId="8c84fa94-04c1-424b-9868-57a2d4851a1d" relativeResultsDirectory="b54178de-26e0-42a3-8725-11426596d38c" />
    <UnitTestResult executionId="1ae7e1ee-21ce-43b3-9327-bdf5b3ea3212" testId="f680908c-3b4b-7b4d-7066-6e5fce7c0b27" testName="GetClusters_ExcludeThenIncludeExcludedItems_NoChange (Data Row 5)" computerName="DKSR-EFI-06" duration="00:00:00.0087359" startTime="2024-01-09T15:47:07.8784025+01:00" endTime="2024-01-09T15:47:08.0815823+01:00" testType="13cdc9d9-ddb5-4fa4-a97d-d965ccfc6d4b" outcome="Passed" testListId="8c84fa94-04c1-424b-9868-57a2d4851a1d" relativeResultsDirectory="1ae7e1ee-21ce-43b3-9327-bdf5b3ea3212" />
    <UnitTestResult executionId="02773c45-3d0e-4616-8255-d3c8be46dd16" testId="dcdbbe69-ab49-7246-fc1b-b94cfe92e639" testName="ServerAuthentication_ShouldReturnLegacyWindows_WhenConstructedUsingWindows" computerName="DKSR-EFI-06" duration="00:00:00.0002769" startTime="2024-01-09T15:45:20.2637846+01:00" endTime="2024-01-09T15:45:20.2637846+01:00" testType="13cdc9d9-ddb5-4fa4-a97d-d965ccfc6d4b" outcome="Passed" testListId="8c84fa94-04c1-424b-9868-57a2d4851a1d" relativeResultsDirectory="02773c45-3d0e-4616-8255-d3c8be46dd16" />
    <UnitTestResult executionId="04b85c59-4569-4e6e-bb94-474d518cfd2e" testId="1291d01e-bd85-b5f5-d3c1-6bce38753c19" testName="BookmarkSearchTime_WithSearchStringInDifferentCases_ReturnCorrectBookmarkWithSearchStringInHeader (,True,False,False,False,SeArChStRiNg,,1)" computerName="DKSR-EFI-06" duration="00:00:00.0031810" startTime="2024-01-09T15:47:12.8952407+01:00" endTime="2024-01-09T15:47:12.8952407+01:00" testType="13cdc9d9-ddb5-4fa4-a97d-d965ccfc6d4b" outcome="Passed" testListId="8c84fa94-04c1-424b-9868-57a2d4851a1d" relativeResultsDirectory="04b85c59-4569-4e6e-bb94-474d518cfd2e" />
    <UnitTestResult executionId="8afc4903-aa74-4f95-a51d-6b94fd88006a" testId="b7e67eb3-5e37-470d-ad59-462ac69a420c" testName="Compare_SameBeginTimeDeterministicBehavior_Id_Success" computerName="DKSR-EFI-06" duration="00:00:00.0017333" startTime="2024-01-09T15:46:45.4197375+01:00" endTime="2024-01-09T15:46:45.4197375+01:00" testType="13cdc9d9-ddb5-4fa4-a97d-d965ccfc6d4b" outcome="Passed" testListId="8c84fa94-04c1-424b-9868-57a2d4851a1d" relativeResultsDirectory="8afc4903-aa74-4f95-a51d-6b94fd88006a" />
    <UnitTestResult executionId="14aab0ca-3eee-4c03-a33b-f9c86b7484e7" testId="0181f0b9-73fd-f503-b29b-b3c042d24b5b" testName="SaveSearchTemplateAsync_ActiveAndSaveSucceeds_Success" computerName="DKSR-EFI-06" duration="00:00:00.0070612" startTime="2024-01-09T15:46:43.9976226+01:00" endTime="2024-01-09T15:46:44.0132561+01:00" testType="13cdc9d9-ddb5-4fa4-a97d-d965ccfc6d4b" outcome="Passed" testListId="8c84fa94-04c1-424b-9868-57a2d4851a1d" relativeResultsDirectory="14aab0ca-3eee-4c03-a33b-f9c86b7484e7" />
    <UnitTestResult executionId="a8b5cc59-fc50-41aa-9a06-8d1b747ac45b" testId="6cf1d803-864d-f447-b323-57be8d42bea0" testName="ActionBarPluginEnabled_SinglePluginWithNotEnoughRoom_PluginButtonPresentInOverflowMenu" computerName="DKSR-EFI-06" duration="00:00:00.0774602" startTime="2024-01-09T15:45:47.5464710+01:00" endTime="2024-01-09T15:45:47.6244526+01:00" testType="13cdc9d9-ddb5-4fa4-a97d-d965ccfc6d4b" outcome="Passed" testListId="8c84fa94-04c1-424b-9868-57a2d4851a1d" relativeResultsDirectory="a8b5cc59-fc50-41aa-9a06-8d1b747ac45b" />
    <UnitTestResult executionId="c39b1975-5e54-4a1c-869b-f592e70808d6" testId="5837e4ca-1cc6-6c6e-80e5-27206d993c91" testName="CreateDefinition_TwoFiltersInCategory_TwoFilterValuesAddedToSearchCriteria" computerName="DKSR-EFI-06" duration="00:00:00.0050266" startTime="2024-01-09T15:46:44.6539873+01:00" endTime="2024-01-09T15:46:44.6696211+01:00" testType="13cdc9d9-ddb5-4fa4-a97d-d965ccfc6d4b" outcome="Passed" testListId="8c84fa94-04c1-424b-9868-57a2d4851a1d" relativeResultsDirectory="c39b1975-5e54-4a1c-869b-f592e70808d6" />
    <UnitTestResult executionId="900c8247-afeb-46f5-a5d3-c69e74b0c64d" testId="3bd81b95-7261-7440-6f9b-0a040682a0f4" testName="Passwords are not the same, same length" computerName="DKSR-EFI-06" duration="00:00:00.0002353" startTime="2024-01-09T15:45:44.4672891+01:00" endTime="2024-01-09T15:45:44.4672891+01:00" testType="13cdc9d9-ddb5-4fa4-a97d-d965ccfc6d4b" outcome="Passed" testListId="8c84fa94-04c1-424b-9868-57a2d4851a1d" relativeResultsDirectory="900c8247-afeb-46f5-a5d3-c69e74b0c64d" />
    <UnitTestResult executionId="18a52b65-4eed-4151-b733-357a44e9034d" testId="7bc99a94-0c53-913f-78d1-d1b66b08b925" testName="DrawProperty_ShouldNotInjectEmptyPages_WhenDrawingLargeProperty" computerName="DKSR-EFI-06" duration="00:00:00.0518066" startTime="2024-01-09T15:46:40.0280728+01:00" endTime="2024-01-09T15:46:40.0749529+01:00" testType="13cdc9d9-ddb5-4fa4-a97d-d965ccfc6d4b" outcome="Passed" testListId="8c84fa94-04c1-424b-9868-57a2d4851a1d" relativeResultsDirectory="18a52b65-4eed-4151-b733-357a44e9034d" />
  </Results>
  <TestDefinitions>
    <UnitTest name="GetClusters_AddedItems_ClustersForAddedItems" storage="d:\actions-runner\_work\xpco\xpco\sc\components\remoteviewer\smartclient\tst\zsmartclient_unittest\bin\x64\debug\net472\zsmartclient_unittest.dll" id="9029e935-145d-d5fd-fae9-96c860349038">
      <TestCategory>
        <TestCategoryItem TestCategory="GisMapIndex" />
      </TestCategory>
      <Execution id="55525ee7-13f1-44c0-96b9-dfb7a2e635ec" />
      <TestMethod codeBase="D:\actions-runner\_work\XPCO\XPCO\SC\Components\RemoteViewer\SmartClient\tst\zSmartClient_UnitTest\bin\x64\Debug\net472\zSmartClient_UnitTest.dll" adapterTypeName="executor://mstestadapter/v2" className="SmartClient_UnitTest.VideoOS.RemoteClient.GisMapData.Common.Indexer.MapItemIndexerTests" name="GetClusters_AddedItems_ClustersForAddedItems" />
    </UnitTest>
    <UnitTest name="CreateCameraListItem_ShouldNotAddRegionSelectionToFilterValue_WhenAlreadyPresent" storage="d:\actions-runner\_work\xpco\xpco\sc\components\remoteviewer\smartclient\tst\zsmartclient_unittest\bin\x64\debug\net472\zsmartclient_unittest.dll" id="199cdec6-ec51-273d-006c-9fb34f580f59">
      <TestCategory>
        <TestCategoryItem TestCategory="Search.Filters.ViewModels" />
      </TestCategory>
      <Execution id="23d4de4c-1c41-4b56-821f-e2125a33e76c" />
      <TestMethod codeBase="D:\actions-runner\_work\XPCO\XPCO\SC\Components\RemoteViewer\SmartClient\tst\zSmartClient_UnitTest\bin\x64\Debug\net472\zSmartClient_UnitTest.dll" adapterTypeName="executor://mstestadapter/v2" className="SmartClient_UnitTest.VideoOS.RemoteClient.Plugin.CentralizedSearch.MIPPlugin.Criteria.ViewModels.SmartSearchCameraListItemHelperTests" name="CreateCameraListItem_ShouldNotAddRegionSelectionToFilterValue_WhenAlreadyPresent" />
    </UnitTest>
    <UnitTest name="SerializeDeserialize_RoundTripWithValues_Equals" storage="d:\actions-runner\_work\xpco\xpco\sc\components\remoteviewer\smartclient\tst\zsmartclient_unittest\bin\x64\debug\net472\zsmartclient_unittest.dll" id="c5b82386-ac03-bc8b-608e-5bd976068876">
      <Execution id="ee15d4ed-6806-4f10-9604-af37dde15f58" />
      <TestMethod codeBase="D:\actions-runner\_work\XPCO\XPCO\SC\Components\RemoteViewer\SmartClient\tst\zSmartClient_UnitTest\bin\x64\Debug\net472\zSmartClient_UnitTest.dll" adapterTypeName="executor://mstestadapter/v2" className="SmartClient_UnitTest.VideoOS.RemoteClient.Application.Data.States.CentralizedSearchStateTest" name="SerializeDeserialize_RoundTripWithValues_Equals" />
    </UnitTest>
    <UnitTest name="UpdateSearchTemplateAsync_Succeeds_Success" storage="d:\actions-runner\_work\xpco\xpco\sc\components\remoteviewer\smartclient\tst\zsmartclient_unittest\bin\x64\debug\net472\zsmartclient_unittest.dll" id="eef2616b-2ca4-c350-22c0-5b72ecd848dd">
      <TestCategory>
        <TestCategoryItem TestCategory="SearchTemplates" />
      </TestCategory>
      <Execution id="49c023db-9b7e-4f77-bfb3-ba2884ea56de" />
      <TestMethod codeBase="D:\actions-runner\_work\XPCO\XPCO\SC\Components\RemoteViewer\SmartClient\tst\zSmartClient_UnitTest\bin\x64\Debug\net472\zSmartClient_UnitTest.dll" adapterTypeName="executor://mstestadapter/v2" className="SmartClient_UnitTest.VideoOS.RemoteClient.Plugin.CentralizedSearch.SearchTemplates.SearchTemplateManagerTests" name="UpdateSearchTemplateAsync_Succeeds_Success" />
    </UnitTest>
    <UnitTest name="PopulateTooltip_ManyResultsFromManyCameras12Hours_ValidText" storage="d:\actions-runner\_work\xpco\xpco\sc\components\remoteviewer\smartclient\tst\zsmartclient_unittest\bin\x64\debug\net472\zsmartclient_unittest.dll" id="11e32396-3f3f-284e-b683-2e3e119136e4">
      <TestCategory>
        <TestCategoryItem TestCategory="SearchControls" />
      </TestCategory>
      <Execution id="03782102-58a2-416e-9d50-4ab2c7b8ffbe" />
      <TestMethod codeBase="D:\actions-runner\_work\XPCO\XPCO\SC\Components\RemoteViewer\SmartClient\tst\zSmartClient_UnitTest\bin\x64\Debug\net472\zSmartClient_UnitTest.dll" adapterTypeName="executor://mstestadapter/v2" className="SmartClient_UnitTest.VideoOS.RemoteClient.Plugin.CentralizedSearch.Views.Controls.TimelineRuler.TimelineRulerControlTests" name="PopulateTooltip_ManyResultsFromManyCameras12Hours_ValidText" />
    </UnitTest>
    <UnitTest name="Id_ShouldBeSame_WhenSearchResultIdIsIdentical" storage="d:\actions-runner\_work\xpco\xpco\sc\components\remoteviewer\smartclient\tst\zsmartclient_unittest\bin\x64\debug\net472\zsmartclient_unittest.dll" id="53c0737c-9e1d-a506-fd7e-f73a88cea37f">
      <TestCategory>
        <TestCategoryItem TestCategory="Search.Wrappers" />
      </TestCategory>
      <Execution id="76379534-7b52-47d6-bf63-7aa9a163c086" />
      <TestMethod codeBase="D:\actions-runner\_work\XPCO\XPCO\SC\Components\RemoteViewer\SmartClient\tst\zSmartClient_UnitTest\bin\x64\Debug\net472\zSmartClient_UnitTest.dll" adapterTypeName="executor://mstestadapter/v2" className="SmartClient_UnitTest.VideoOS.RemoteClient.Plugin.CentralizedSearch.Models.Wrappers.SearchResultDataWrapperTests" name="Id_ShouldBeSame_WhenSearchResultIdIsIdentical" />
    </UnitTest>
    <UnitTest name="SetLayerFeatures_ShouldUpdateCameraItemsMapLayer_WhenCameraKindAndCameraLayerFeatures" storage="d:\actions-runner\_work\xpco\xpco\sc\components\remoteviewer\smartclient\tst\zsmartclient_unittest\bin\x64\debug\net472\zsmartclient_unittest.dll" id="76f9de2a-47c0-eaaa-3675-ac942aca2f32">
      <TestCategory>
        <TestCategoryItem TestCategory="GisMapData.Controllers.LayerFeatures" />
      </TestCategory>
      <Execution id="f450cc2a-5bb3-4f6e-8e74-4c2cc84e4ccb" />
      <TestMethod codeBase="D:\actions-runner\_work\XPCO\XPCO\SC\Components\RemoteViewer\SmartClient\tst\zSmartClient_UnitTest\bin\x64\Debug\net472\zSmartClient_UnitTest.dll" adapterTypeName="executor://mstestadapter/v2" className="SmartClient_UnitTest.VideoOS.RemoteClient.GisMapData.Controllers.LayerFeatures.LayerFeaturesControllerTests" name="SetLayerFeatures_ShouldUpdateCameraItemsMapLayer_WhenCameraKindAndCameraLayerFeatures" />
    </UnitTest>
    <UnitTest name="ScrollIntoView_Synchronous_DefinitionViewAboveOutOfViewPort_Scrolled" storage="d:\actions-runner\_work\xpco\xpco\sc\components\remoteviewer\smartclient\tst\zsmartclient_unittest\bin\x64\debug\net472\zsmartclient_unittest.dll" id="9f407d44-4f3f-f1b2-0cc2-8c4bc65e5f39">
      <TestCategory>
        <TestCategoryItem TestCategory="Search" />
      </TestCategory>
      <Execution id="c68467db-c2d3-49ed-b1f9-f6e99bd25092" />
      <TestMethod codeBase="D:\actions-runner\_work\XPCO\XPCO\SC\Components\RemoteViewer\SmartClient\tst\zSmartClient_UnitTest\bin\x64\Debug\net472\zSmartClient_UnitTest.dll" adapterTypeName="executor://mstestadapter/v2" className="SmartClient_UnitTest.VideoOS.RemoteClient.Plugin.CentralizedSearch.Views.CriteriaViewTests" name="ScrollIntoView_Synchronous_DefinitionViewAboveOutOfViewPort_Scrolled" />
    </UnitTest>
    <UnitTest name="DateToStringConverter_ProvideValue_Success" storage="d:\actions-runner\_work\xpco\xpco\sc\components\remoteviewer\smartclient\tst\zsmartclient_unittest\bin\x64\debug\net472\zsmartclient_unittest.dll" id="0882c6fe-e955-9a8a-eee5-7ae62c8b3178">
      <TestCategory>
        <TestCategoryItem TestCategory="SearchConverter" />
      </TestCategory>
      <Execution id="baca5032-9cab-4f90-b9e3-272ce5a40d42" />
      <TestMethod codeBase="D:\actions-runner\_work\XPCO\XPCO\SC\Components\RemoteViewer\SmartClient\tst\zSmartClient_UnitTest\bin\x64\Debug\net472\zSmartClient_UnitTest.dll" adapterTypeName="executor://mstestadapter/v2" className="SmartClient_UnitTest.VideoOS.RemoteClient.Plugin.CentralizedSearch.Views.Converters.DurationToStringConverterTests" name="DateToStringConverter_ProvideValue_Success" />
    </UnitTest>
    <UnitTest name="UpdateSearchFilter_SingleFilterWithoutValues_NotAdded" storage="d:\actions-runner\_work\xpco\xpco\sc\components\remoteviewer\smartclient\tst\zsmartclient_unittest\bin\x64\debug\net472\zsmartclient_unittest.dll" id="0abf48ed-aa70-1dda-b2cb-ff714665e116">
      <TestCategory>
        <TestCategoryItem TestCategory="Search" />
      </TestCategory>
      <Execution id="6fae0ac3-e32a-4fb9-9f42-a5e2b8575084" />
      <TestMethod codeBase="D:\actions-runner\_work\XPCO\XPCO\SC\Components\RemoteViewer\SmartClient\tst\zSmartClient_UnitTest\bin\x64\Debug\net472\zSmartClient_UnitTest.dll" adapterTypeName="executor://mstestadapter/v2" className="SmartClient_UnitTest.VideoOS.RemoteClient.Plugin.CentralizedSearch.ViewModels.SearchDefinitionViewModelTests" name="UpdateSearchFilter_SingleFilterWithoutValues_NotAdded" />
    </UnitTest>
    <UnitTest name="GetWorkspaceToolbarItems_ShouldNotReturnGroupedToolbarItem_WhenPluginGroupIsNotSetInPluginDefinition" storage="d:\actions-runner\_work\xpco\xpco\sc\components\remoteviewer\smartclient\tst\zsmartclient_unittest\bin\x64\debug\net472\zsmartclient_unittest.dll" id="7a29bb4c-872a-7722-5bfa-4ff03f288d37">
      <TestCategory>
        <TestCategoryItem TestCategory="WorkspaceToolbar" />
      </TestCategory>
      <Execution id="01b835fe-ffca-46c4-8c45-0981b6ef5c46" />
      <TestMethod codeBase="D:\actions-runner\_work\XPCO\XPCO\SC\Components\RemoteViewer\SmartClient\tst\zSmartClient_UnitTest\bin\x64\Debug\net472\zSmartClient_UnitTest.dll" adapterTypeName="executor://mstestadapter/v2" className="SmartClient_UnitTest.VideoOS.RemoteClient.Application.UI.Content.WorkspaceToolbar.MIPWorkspaceToolbarItemManagerTests" name="GetWorkspaceToolbarItems_ShouldNotReturnGroupedToolbarItem_WhenPluginGroupIsNotSetInPluginDefinition" />
    </UnitTest>
    <UnitTest name="AddToExportTuples_ShouldReturnCorrectResult (0,0,1)" storage="d:\actions-runner\_work\xpco\xpco\sc\components\remoteviewer\smartclient\tst\zsmartclient_unittest\bin\x64\debug\net472\zsmartclient_unittest.dll" id="f6d8789c-bf6f-a41e-00b0-0d3a9016c658">
      <TestCategory>
        <TestCategoryItem TestCategory="Managers" />
      </TestCategory>
      <Execution id="a7d6ea0b-6847-4805-9579-ccb25bad1a93" />
      <TestMethod codeBase="D:\actions-runner\_work\XPCO\XPCO\SC\Components\RemoteViewer\SmartClient\tst\zSmartClient_UnitTest\bin\x64\Debug\net472\zSmartClient_UnitTest.dll" adapterTypeName="executor://mstestadapter/v2" className="SmartClient_UnitTest.VideoOS.RemoteClient.Application.Managers.ExportManagerTests" name="AddToExportTuples_ShouldReturnCorrectResult" />
    </UnitTest>
    <UnitTest name="DisplayErrorOnNotificationArea_ServerNotAvailableSearchError_Success" storage="d:\actions-runner\_work\xpco\xpco\sc\components\remoteviewer\smartclient\tst\zsmartclient_unittest\bin\x64\debug\net472\zsmartclient_unittest.dll" id="4d11492e-27b0-719b-9344-aa3d6645e529">
      <TestCategory>
        <TestCategoryItem TestCategory="SearchViewModels" />
      </TestCategory>
      <Execution id="3ead3ba1-773e-4a55-9d20-a3459526d46f" />
      <TestMethod codeBase="D:\actions-runner\_work\XPCO\XPCO\SC\Components\RemoteViewer\SmartClient\tst\zSmartClient_UnitTest\bin\x64\Debug\net472\zSmartClient_UnitTest.dll" adapterTypeName="executor://mstestadapter/v2" className="SmartClient_UnitTest.VideoOS.RemoteClient.Plugin.CentralizedSearch.ViewModels.SearchViewModelTests" name="DisplayErrorOnNotificationArea_ServerNotAvailableSearchError_Success" />
    </UnitTest>
    <UnitTest name="ShowOrHidePartialResultsCommand_Triggered_ButtonTextChanged" storage="d:\actions-runner\_work\xpco\xpco\sc\components\remoteviewer\smartclient\tst\zsmartclient_unittest\bin\x64\debug\net472\zsmartclient_unittest.dll" id="ecf13227-e49d-1db7-a97a-21cf256d2c96">
      <TestCategory>
        <TestCategoryItem TestCategory="Search" />
      </TestCategory>
      <Execution id="f062905a-3cb9-40d6-b024-4ffba25f166f" />
      <TestMethod codeBase="D:\actions-runner\_work\XPCO\XPCO\SC\Components\RemoteViewer\SmartClient\tst\zSmartClient_UnitTest\bin\x64\Debug\net472\zSmartClient_UnitTest.dll" adapterTypeName="executor://mstestadapter/v2" className="SmartClient_UnitTest.VideoOS.RemoteClient.Plugin.CentralizedSearch.ViewModels.CompositeSearchWarningViewModelTests" name="ShowOrHidePartialResultsCommand_Triggered_ButtonTextChanged" />
    </UnitTest>
    <UnitTest name="Deserialize_FromTimeOnly_Success" storage="d:\actions-runner\_work\xpco\xpco\sc\components\remoteviewer\smartclient\tst\zsmartclient_unittest\bin\x64\debug\net472\zsmartclient_unittest.dll" id="81fc8aa1-de6a-e087-adfe-af829f91bad7">
      <TestCategory>
        <TestCategoryItem TestCategory="SearchSerialization" />
      </TestCategory>
      <Execution id="83d385e6-b260-4e41-8984-ad593b302423" />
      <TestMethod codeBase="D:\actions-runner\_work\XPCO\XPCO\SC\Components\RemoteViewer\SmartClient\tst\zSmartClient_UnitTest\bin\x64\Debug\net472\zSmartClient_UnitTest.dll" adapterTypeName="executor://mstestadapter/v2" className="SmartClient_UnitTest.VideoOS.RemoteClient.Plugin.CentralizedSearch.Models.Serialization.SearchSerializerTests" name="Deserialize_FromTimeOnly_Success" />
    </UnitTest>
    <UnitTest name="EnsureLayersOrderIsValidBy_AddLayersAt_Success" storage="d:\actions-runner\_work\xpco\xpco\sc\components\remoteviewer\smartclient\tst\zsmartclient_unittest\bin\x64\debug\net472\zsmartclient_unittest.dll" id="dacad55c-89db-4a83-ada9-6fb14502b91c">
      <TestCategory>
        <TestCategoryItem TestCategory="GisMapLayers" />
      </TestCategory>
      <Execution id="6b4a93d6-8b26-4101-bfc5-d6ddbd0f2c7a" />
      <TestMethod codeBase="D:\actions-runner\_work\XPCO\XPCO\SC\Components\RemoteViewer\SmartClient\tst\zSmartClient_UnitTest\bin\x64\Debug\net472\zSmartClient_UnitTest.dll" adapterTypeName="executor://mstestadapter/v2" className="SmartClient_UnitTest.VideoOS.RemoteClient.GisMapData.GisMapLayerZOrderTests" name="EnsureLayersOrderIsValidBy_AddLayersAt_Success" />
    </UnitTest>
    <UnitTest name="CreateItemUserControl_CombinedSearchResultDataWrapperParameter_ControlCreatedAndInitialized" storage="d:\actions-runner\_work\xpco\xpco\sc\components\remoteviewer\smartclient\tst\zsmartclient_unittest\bin\x64\debug\net472\zsmartclient_unittest.dll" id="d381fedf-8c58-4a19-b08e-ee127d4421c9">
      <TestCategory>
        <TestCategoryItem TestCategory="SearchViews" />
      </TestCategory>
      <Execution id="8be53fa2-b825-4dd9-9476-bec2cecafc43" />
      <TestMethod codeBase="D:\actions-runner\_work\XPCO\XPCO\SC\Components\RemoteViewer\SmartClient\tst\zSmartClient_UnitTest\bin\x64\Debug\net472\zSmartClient_UnitTest.dll" adapterTypeName="executor://mstestadapter/v2" className="SmartClient_UnitTest.VideoOS.RemoteClient.Plugin.CentralizedSearch.Views.SearchResultsViewTests" name="CreateItemUserControl_CombinedSearchResultDataWrapperParameter_ControlCreatedAndInitialized" />
    </UnitTest>
    <UnitTest name="SearchResultsActionBarActions_CreateSnapshot_InvokeCommand_NoSnapshotSucceeded_CorrectStatusTextShown" storage="d:\actions-runner\_work\xpco\xpco\sc\components\remoteviewer\smartclient\tst\zsmartclient_unittest\bin\x64\debug\net472\zsmartclient_unittest.dll" id="9cb22239-8c05-3795-1d49-f4debbc5193e">
      <TestCategory>
        <TestCategoryItem TestCategory="SearchResultActionBarViewModel" />
      </TestCategory>
      <Execution id="4f457d84-024e-4399-b1b4-1a6601e28c45" />
      <TestMethod codeBase="D:\actions-runner\_work\XPCO\XPCO\SC\Components\RemoteViewer\SmartClient\tst\zSmartClient_UnitTest\bin\x64\Debug\net472\zSmartClient_UnitTest.dll" adapterTypeName="executor://mstestadapter/v2" className="SmartClient_UnitTest.VideoOS.RemoteClient.Plugin.CentralizedSearch.ViewModels.SearchResultsActionBarViewModelTest" name="SearchResultsActionBarActions_CreateSnapshot_InvokeCommand_NoSnapshotSucceeded_CorrectStatusTextShown" />
    </UnitTest>
    <UnitTest name="MoveToTop_ShouldNotChangeZOrder_WhenItemIdIsNotFound" storage="d:\actions-runner\_work\xpco\xpco\sc\components\remoteviewer\smartclient\tst\zsmartclient_unittest\bin\x64\debug\net472\zsmartclient_unittest.dll" id="6d90f09d-ac26-1a78-00bb-8e50418f096e">
      <TestCategory>
        <TestCategoryItem TestCategory="SmartMap.MapItemsOverlay" />
      </TestCategory>
      <Execution id="d7335bb1-9ebe-46e0-97df-ffb1d66c4cf4" />
      <TestMethod codeBase="D:\actions-runner\_work\XPCO\XPCO\SC\Components\RemoteViewer\SmartClient\tst\zSmartClient_UnitTest\bin\x64\Debug\net472\zSmartClient_UnitTest.dll" adapterTypeName="executor://mstestadapter/v2" className="SmartClient_UnitTest.VideoOS.RemoteClient.Plugin.GisMap.ThinkGeoMap.SpecializedOverlays.Overlays.MapItemsOverlayTests" name="MoveToTop_ShouldNotChangeZOrder_WhenItemIdIsNotFound" />
    </UnitTest>
    <UnitTest name="DrawItems_TimeZoneUtcPlus1_MarksShifted" storage="d:\actions-runner\_work\xpco\xpco\sc\components\remoteviewer\smartclient\tst\zsmartclient_unittest\bin\x64\debug\net472\zsmartclient_unittest.dll" id="b0092946-2776-e7d9-62f7-adb16861e4a5">
      <TestCategory>
        <TestCategoryItem TestCategory="SearchControls" />
      </TestCategory>
      <Execution id="04101c2c-0da6-4494-a907-9709855131a7" />
      <TestMethod codeBase="D:\actions-runner\_work\XPCO\XPCO\SC\Components\RemoteViewer\SmartClient\tst\zSmartClient_UnitTest\bin\x64\Debug\net472\zSmartClient_UnitTest.dll" adapterTypeName="executor://mstestadapter/v2" className="SmartClient_UnitTest.VideoOS.RemoteClient.Plugin.CentralizedSearch.Views.Controls.TimelineRuler.TimelineRulerControlTests" name="DrawItems_TimeZoneUtcPlus1_MarksShifted" />
    </UnitTest>
    <UnitTest name="OpenStreetMapLayerIsDisabled_ShouldReturnFalse_WhenOpenStreetMapGeographicLayerOptionIsAvailableAndOpenStreetMapAlternativeServerIsEmpty" storage="d:\actions-runner\_work\xpco\xpco\sc\components\remoteviewer\smartclient\tst\zsmartclient_unittest\bin\x64\debug\net472\zsmartclient_unittest.dll" id="fcd118df-d28f-9914-22b6-30e2ce26737f">
      <TestCategory>
        <TestCategoryItem TestCategory="GisMapLayer" />
      </TestCategory>
      <Execution id="fdd7a641-85c8-4309-8ea4-6ef5cfb18844" />
      <TestMethod codeBase="D:\actions-runner\_work\XPCO\XPCO\SC\Components\RemoteViewer\SmartClient\tst\zSmartClient_UnitTest\bin\x64\Debug\net472\zSmartClient_UnitTest.dll" adapterTypeName="executor://mstestadapter/v2" className="SmartClient_UnitTest.VideoOS.RemoteClient.GisMap.MapLayers.GisMapLayerTests" name="OpenStreetMapLayerIsDisabled_ShouldReturnFalse_WhenOpenStreetMapGeographicLayerOptionIsAvailableAndOpenStreetMapAlternativeServerIsEmpty" />
    </UnitTest>
    <UnitTest name="CreateExportDialog_CannotCreateExport_WithNoDestinationsSelected" storage="d:\actions-runner\_work\xpco\xpco\sc\components\remoteviewer\smartclient\tst\zsmartclient_unittest\bin\x64\debug\net472\zsmartclient_unittest.dll" id="0ba8e521-cdf8-1d32-c711-88b35489e15b">
      <TestCategory>
        <TestCategoryItem TestCategory="Export" />
      </TestCategory>
      <Execution id="66108b25-32f0-4526-a4fa-a972e3b0a834" />
      <TestMethod codeBase="D:\actions-runner\_work\XPCO\XPCO\SC\Components\RemoteViewer\SmartClient\tst\zSmartClient_UnitTest\bin\x64\Debug\net472\zSmartClient_UnitTest.dll" adapterTypeName="executor://mstestadapter/v2" className="SmartClient_UnitTest.VideoOS.RemoteClient.Plugin.Export.CreateExportDialogViewModelTests" name="CreateExportDialog_CannotCreateExport_WithNoDestinationsSelected" />
    </UnitTest>
    <UnitTest name="InitializeTokenException_ShouldThrow_WhenErrorOutOfRangeLow" storage="d:\actions-runner\_work\xpco\xpco\sc\components\remoteviewer\smartclient\tst\zsmartclient_unittest\bin\x64\debug\net472\zsmartclient_unittest.dll" id="0daa0cf2-f08f-9af5-8f90-3afbe873dbac">
      <TestCategory>
        <TestCategoryItem TestCategory="ServerCommandController.IDPToken" />
      </TestCategory>
      <Execution id="ad867b55-16b0-44be-bb67-4c29ae44425a" />
      <TestMethod codeBase="D:\actions-runner\_work\XPCO\XPCO\SC\Components\RemoteViewer\SmartClient\tst\zSmartClient_UnitTest\bin\x64\Debug\net472\zSmartClient_UnitTest.dll" adapterTypeName="executor://mstestadapter/v2" className="SmartClient_UnitTest.VideoOS.RemoteClient.Application.Controllers.TokenExceptionsConverterTests" name="InitializeTokenException_ShouldThrow_WhenErrorOutOfRangeLow" />
    </UnitTest>
    <UnitTest name="UpdateSearchTemplateAsync_Null_Failure" storage="d:\actions-runner\_work\xpco\xpco\sc\components\remoteviewer\smartclient\tst\zsmartclient_unittest\bin\x64\debug\net472\zsmartclient_unittest.dll" id="bd651570-26ef-748e-338b-ea4a28651cdb">
      <TestCategory>
        <TestCategoryItem TestCategory="SearchTemplatesService" />
      </TestCategory>
      <Execution id="5ec9e36c-f61e-4da2-ad83-2496742120da" />
      <TestMethod codeBase="D:\actions-runner\_work\XPCO\XPCO\SC\Components\RemoteViewer\SmartClient\tst\zSmartClient_UnitTest\bin\x64\Debug\net472\zSmartClient_UnitTest.dll" adapterTypeName="executor://mstestadapter/v2" className="SmartClient_UnitTest.VideoOS.RemoteClient.Plugin.CentralizedSearch.SearchTemplates.Service.SearchTemplateServiceTests" name="UpdateSearchTemplateAsync_Null_Failure" />
    </UnitTest>
    <UnitTest name="ApplicationController_SystemInformationChangedEvent_ShouldUnregisterActions_WhenUserLoggedOut" storage="d:\actions-runner\_work\xpco\xpco\sc\components\remoteviewer\smartclient\tst\zsmartclient_unittest\bin\x64\debug\net472\zsmartclient_unittest.dll" id="00fca5c1-405d-b820-34ef-a1a0e9446a86">
      <TestCategory>
        <TestCategoryItem TestCategory="Application.Actions" />
      </TestCategory>
      <Execution id="beedb9a6-7f38-469e-8a74-1ca6d9c19b36" />
      <TestMethod codeBase="D:\actions-runner\_work\XPCO\XPCO\SC\Components\RemoteViewer\SmartClient\tst\zSmartClient_UnitTest\bin\x64\Debug\net472\zSmartClient_UnitTest.dll" adapterTypeName="executor://mstestadapter/v2" className="SmartClient_UnitTest.VideoOS.RemoteClient.Application.Actions.PresetActionTests" name="ApplicationController_SystemInformationChangedEvent_ShouldUnregisterActions_WhenUserLoggedOut" />
    </UnitTest>
    <UnitTest name="DeviceIcons_ShouldNotBeNull_WhenCalled" storage="d:\actions-runner\_work\xpco\xpco\sc\components\remoteviewer\smartclient\tst\zsmartclient_unittest\bin\x64\debug\net472\zsmartclient_unittest.dll" id="9636a1f1-1232-f981-d42a-36589836bff4">
      <TestCategory>
        <TestCategoryItem TestCategory="GisMapData.OutputOemResourcesProviderTests" />
      </TestCategory>
      <Execution id="c272d498-ee27-4cb2-98b0-f3b31a7ed0e1" />
      <TestMethod codeBase="D:\actions-runner\_work\XPCO\XPCO\SC\Components\RemoteViewer\SmartClient\tst\zSmartClient_UnitTest\bin\x64\Debug\net472\zSmartClient_UnitTest.dll" adapterTypeName="executor://mstestadapter/v2" className="SmartClient_UnitTest.VideoOS.RemoteClient.GisMapData.Resources.OutputOemResourcesProviderTests" name="DeviceIcons_ShouldNotBeNull_WhenCalled" />
    </UnitTest>
    <UnitTest name="GetDomain_ShouldReturnEmptyDomainPartOfNetworkCredentials_WhenNetworkCredentialsContainsNoDomain" storage="d:\actions-runner\_work\xpco\xpco\sc\components\remoteviewer\smartclient\tst\zsmartclient_unittest\bin\x64\debug\net472\zsmartclient_unittest.dll" id="f84b750e-f7b1-dfa1-6239-ac206a9e1008">
      <TestCategory>
        <TestCategoryItem TestCategory="Authentication.ClientCredentials" />
      </TestCategory>
      <Execution id="3abf0b32-c732-4d0e-a341-d4de9a29d458" />
      <TestMethod codeBase="D:\actions-runner\_work\XPCO\XPCO\SC\Components\RemoteViewer\SmartClient\tst\zSmartClient_UnitTest\bin\x64\Debug\net472\zSmartClient_UnitTest.dll" adapterTypeName="executor://mstestadapter/v2" className="SmartClient_UnitTest.VideoOS.Shared.ServerAPI.ClientCredentialsTest" name="GetDomain_ShouldReturnEmptyDomainPartOfNetworkCredentials_WhenNetworkCredentialsContainsNoDomain" />
    </UnitTest>
    <UnitTest name="PatrollingStepListViewModel_MoveStepUpExecute" storage="d:\actions-runner\_work\xpco\xpco\sc\components\remoteviewer\smartclient\tst\zsmartclient_unittest\bin\x64\debug\net472\zsmartclient_unittest.dll" id="72855fe1-8be2-532b-4d86-61e95119c906">
      <Execution id="66f82755-9f3f-4626-a6b0-8eeb2471d288" />
      <TestMethod codeBase="D:\actions-runner\_work\XPCO\XPCO\SC\Components\RemoteViewer\SmartClient\tst\zSmartClient_UnitTest\bin\x64\Debug\net472\zSmartClient_UnitTest.dll" adapterTypeName="executor://mstestadapter/v2" className="SmartClient_UnitTest.VideoOS.RemoteClient.Application.UI.PtzPreset.PatrollingViewModel.PatrollingStepListViewModelTest" name="PatrollingStepListViewModel_MoveStepUpExecute" />
    </UnitTest>
    <UnitTest name="SmartMapGoToPositionHandler_WhenZoomIsInvalid_ShouldWriteToLog" storage="d:\actions-runner\_work\xpco\xpco\sc\components\remoteviewer\smartclient\tst\zsmartclient_unittest\bin\x64\debug\net472\zsmartclient_unittest.dll" id="a2942f2b-9678-3c30-9d53-cbabd8538e8a">
      <Execution id="04236ff0-dec8-411a-933e-e0ff630ad599" />
      <TestMethod codeBase="D:\actions-runner\_work\XPCO\XPCO\SC\Components\RemoteViewer\SmartClient\tst\zSmartClient_UnitTest\bin\x64\Debug\net472\zSmartClient_UnitTest.dll" adapterTypeName="executor://mstestadapter/v2" className="SmartClient_UnitTest.VideoOS.RemoteClient.Plugin.GisMap.MIP.ContentHolderMipMessageManagerTests" name="SmartMapGoToPositionHandler_WhenZoomIsInvalid_ShouldWriteToLog" />
    </UnitTest>
    <UnitTest name="FilteredItems_NoFilter_AllItemsVisible" storage="d:\actions-runner\_work\xpco\xpco\sc\components\remoteviewer\smartclient\tst\zsmartclient_unittest\bin\x64\debug\net472\zsmartclient_unittest.dll" id="96abbcdd-783c-a6e6-4e38-7f3dc42ebf4f">
      <TestCategory>
        <TestCategoryItem TestCategory="Search" />
      </TestCategory>
      <Execution id="6dfeb023-77a1-4e30-a583-1736cbe6fbc4" />
      <TestMethod codeBase="D:\actions-runner\_work\XPCO\XPCO\SC\Components\RemoteViewer\SmartClient\tst\zSmartClient_UnitTest\bin\x64\Debug\net472\zSmartClient_UnitTest.dll" adapterTypeName="executor://mstestadapter/v2" className="SmartClient_UnitTest.VideoOS.RemoteClient.Plugin.CentralizedSearch.MIPPlugin.Criteria.MultipleSelectionAttributeEditControlTest" name="FilteredItems_NoFilter_AllItemsVisible" />
    </UnitTest>
    <UnitTest name="AndOrSearchDefinitionToVisibilityMultiConverter_CallConvert_WithNullSearchDefinitionWrapper" storage="d:\actions-runner\_work\xpco\xpco\sc\components\remoteviewer\smartclient\tst\zsmartclient_unittest\bin\x64\debug\net472\zsmartclient_unittest.dll" id="bc1eab18-b23a-a958-6a7b-2426121871d6">
      <TestCategory>
        <TestCategoryItem TestCategory="SearchConverter" />
      </TestCategory>
      <Execution id="84f0baec-50df-4f13-a7a3-d2f8ae6d366f" />
      <TestMethod codeBase="D:\actions-runner\_work\XPCO\XPCO\SC\Components\RemoteViewer\SmartClient\tst\zSmartClient_UnitTest\bin\x64\Debug\net472\zSmartClient_UnitTest.dll" adapterTypeName="executor://mstestadapter/v2" className="SmartClient_UnitTest.VideoOS.RemoteClient.Plugin.CentralizedSearch.Views.Converters.AndOrSearchDefinitionMultiConverterTests" name="AndOrSearchDefinitionToVisibilityMultiConverter_CallConvert_WithNullSearchDefinitionWrapper" />
    </UnitTest>
    <UnitTest name="Re_adding_cameras_with_no_RetentionCreate_rights_after_extending_retention_interval" storage="d:\actions-runner\_work\xpco\xpco\sc\components\remoteviewer\smartclient\tst\zsmartclient_unittest\bin\x64\debug\net472\zsmartclient_unittest.dll" id="9040b640-fe7c-9575-9486-622077ffb232">
      <Execution id="b843ca12-2bbe-4de1-99a9-ee357e6f2df3" />
      <TestMethod codeBase="D:\actions-runner\_work\XPCO\XPCO\SC\Components\RemoteViewer\SmartClient\tst\zSmartClient_UnitTest\bin\x64\Debug\net472\zSmartClient_UnitTest.dll" adapterTypeName="executor://mstestadapter/v2" className="SmartClient_UnitTest.VideoOS.RemoteClient.Application.Components.EvidenceLock.EvidenceLockEditModeUserRightTests" name="Re_adding_cameras_with_no_RetentionCreate_rights_after_extending_retention_interval" />
    </UnitTest>
    <UnitTest name="CameraMapItem_Delete_Success" storage="d:\actions-runner\_work\xpco\xpco\sc\components\remoteviewer\smartclient\tst\zsmartclient_unittest\bin\x64\debug\net472\zsmartclient_unittest.dll" id="d3a599a4-935b-da5b-b016-03413c57fddc">
      <TestCategory>
        <TestCategoryItem TestCategory="GisMapMapItem" />
      </TestCategory>
      <Execution id="688b3c0e-cae0-4ff1-81a8-ea85dc9f5745" />
      <TestMethod codeBase="D:\actions-runner\_work\XPCO\XPCO\SC\Components\RemoteViewer\SmartClient\tst\zSmartClient_UnitTest\bin\x64\Debug\net472\zSmartClient_UnitTest.dll" adapterTypeName="executor://mstestadapter/v2" className="SmartClient_UnitTest.VideoOS.RemoteClient.GisMap.MapItem.MapItemTests" name="CameraMapItem_Delete_Success" />
    </UnitTest>
    <UnitTest name="GetServerTypes_ShouldReturnManagementServerType" storage="d:\actions-runner\_work\xpco\xpco\sc\components\remoteviewer\smartclient\tst\zsmartclient_unittest\bin\x64\debug\net472\zsmartclient_unittest.dll" id="d9cf4840-605e-c89a-3f41-61314ef11e52">
      <Execution id="66209598-0015-4f43-a99f-fbb259654923" />
      <TestMethod codeBase="D:\actions-runner\_work\XPCO\XPCO\SC\Components\RemoteViewer\SmartClient\tst\zSmartClient_UnitTest\bin\x64\Debug\net472\zSmartClient_UnitTest.dll" adapterTypeName="executor://mstestadapter/v2" className="SmartClient_UnitTest.VideoOS.RemoteClient.Application.Data.ContentTypes.ReportingContentType.DashboardExtentionsTest" name="GetServerTypes_ShouldReturnManagementServerType" />
    </UnitTest>
    <UnitTest name="LoadSearchTemplate_ActiveToNewActiveSuppressEvent_UpdateAndNoEvent" storage="d:\actions-runner\_work\xpco\xpco\sc\components\remoteviewer\smartclient\tst\zsmartclient_unittest\bin\x64\debug\net472\zsmartclient_unittest.dll" id="a8fe3325-ab25-7197-00a6-eb64a10d8cb7">
      <TestCategory>
        <TestCategoryItem TestCategory="SearchTemplates" />
      </TestCategory>
      <Execution id="c9935c85-04ac-494d-b883-606421f53afb" />
      <TestMethod codeBase="D:\actions-runner\_work\XPCO\XPCO\SC\Components\RemoteViewer\SmartClient\tst\zSmartClient_UnitTest\bin\x64\Debug\net472\zSmartClient_UnitTest.dll" adapterTypeName="executor://mstestadapter/v2" className="SmartClient_UnitTest.VideoOS.RemoteClient.Plugin.CentralizedSearch.SearchTemplates.SearchTemplateManagerTests" name="LoadSearchTemplate_ActiveToNewActiveSuppressEvent_UpdateAndNoEvent" />
    </UnitTest>
    <UnitTest name="GetLayerVisibilityItemsData_ShouldAddOneFixedLayer_WhenOnlyDeviceMapLayersAreProvided" storage="d:\actions-runner\_work\xpco\xpco\sc\components\remoteviewer\smartclient\tst\zsmartclient_unittest\bin\x64\debug\net472\zsmartclient_unittest.dll" id="076370ef-98dd-553b-4db5-16eb7626b01e">
      <TestCategory>
        <TestCategoryItem TestCategory="GisMap.DefaultFixedLayerManagerStrategyTests" />
      </TestCategory>
      <Execution id="503e8e60-d0d3-45ac-bf27-dfac474f3def" />
      <TestMethod codeBase="D:\actions-runner\_work\XPCO\XPCO\SC\Components\RemoteViewer\SmartClient\tst\zSmartClient_UnitTest\bin\x64\Debug\net472\zSmartClient_UnitTest.dll" adapterTypeName="executor://mstestadapter/v2" className="SmartClient_UnitTest.VideoOS.RemoteClient.Plugin.GisMap.ViewModels.LayersVisibility.FixedLayers.DefaultFixedLayerManagerStrategyTests" name="GetLayerVisibilityItemsData_ShouldAddOneFixedLayer_WhenOnlyDeviceMapLayersAreProvided" />
    </UnitTest>
    <UnitTest name="TestMultipleTaskUpdate" storage="d:\actions-runner\_work\xpco\xpco\sc\components\remoteviewer\smartclient\tst\zsmartclient_unittest\bin\x64\debug\net472\zsmartclient_unittest.dll" id="f16a12ad-889f-384d-d0eb-cbbdfad076fe">
      <Execution id="2b354aa1-6f1d-401c-bbaf-f229d3bb9738" />
      <TestMethod codeBase="D:\actions-runner\_work\XPCO\XPCO\SC\Components\RemoteViewer\SmartClient\tst\zSmartClient_UnitTest\bin\x64\Debug\net472\zSmartClient_UnitTest.dll" adapterTypeName="executor://mstestadapter/v2" className="SmartClient_UnitTest.VideoOS.RemoteClient.Application.Managers.EdgeRetrievalTaskManagerUnitTest" name="TestMultipleTaskUpdate" />
    </UnitTest>
    <UnitTest name="Close_ShouldBeInvoked_WhenMarkerIsDisposed" storage="d:\actions-runner\_work\xpco\xpco\sc\components\remoteviewer\smartclient\tst\zsmartclient_unittest\bin\x64\debug\net472\zsmartclient_unittest.dll" id="d2ac6e2c-d244-6600-ac41-33c9ad0aa47c">
      <TestCategory>
        <TestCategoryItem TestCategory="MapItemMarkerBase" />
      </TestCategory>
      <Execution id="3470630d-c5e7-442e-b3d6-27648d6ac4fb" />
      <TestMethod codeBase="D:\actions-runner\_work\XPCO\XPCO\SC\Components\RemoteViewer\SmartClient\tst\zSmartClient_UnitTest\bin\x64\Debug\net472\zSmartClient_UnitTest.dll" adapterTypeName="executor://mstestadapter/v2" className="SmartClient_UnitTest.VideoOS.RemoteClient.Plugin.GisMap.ThinkGeoMap.Markers.MapItemMarkerBaseTests" name="Close_ShouldBeInvoked_WhenMarkerIsDisposed" />
    </UnitTest>
    <UnitTest name="BookmarkSearchTime_WithSearchStringInDifferentCases_ReturnCorrectBookmarkWithSearchStringInDescription (SeArChStRiNg,False,True,False,False,,,1)" storage="d:\actions-runner\_work\xpco\xpco\sc\components\remoteviewer\smartclient\tst\zsmartclient_unittest\bin\x64\debug\net472\zsmartclient_unittest.dll" id="a93415ec-de36-b2ea-d5e2-6436a58b1c63">
      <Execution id="0c4ff25e-8472-4569-974f-f6d042939e71" />
      <TestMethod codeBase="D:\actions-runner\_work\XPCO\XPCO\SC\Components\RemoteViewer\SmartClient\tst\zSmartClient_UnitTest\bin\x64\Debug\net472\zSmartClient_UnitTest.dll" adapterTypeName="executor://mstestadapter/v2" className="SmartClient_UnitTest.VideoOS.RemoteClient.Application.Data.Offline.UnitTest.BookmarkExportReaderTest" name="BookmarkSearchTime_WithSearchStringInDifferentCases_ReturnCorrectBookmarkWithSearchStringInDescription" />
    </UnitTest>
    <UnitTest name="InputItemsMapLayer_Load_Save_DataIsSame_WhenInputIsEnabled" storage="d:\actions-runner\_work\xpco\xpco\sc\components\remoteviewer\smartclient\tst\zsmartclient_unittest\bin\x64\debug\net472\zsmartclient_unittest.dll" id="e7e1ec7e-8e1e-7f8d-e3da-59506c852ed4">
      <TestCategory>
        <TestCategoryItem TestCategory="GisMapLayer" />
      </TestCategory>
      <Execution id="cfa87c48-76c3-4f7c-8897-8c20fd950502" />
      <TestMethod codeBase="D:\actions-runner\_work\XPCO\XPCO\SC\Components\RemoteViewer\SmartClient\tst\zSmartClient_UnitTest\bin\x64\Debug\net472\zSmartClient_UnitTest.dll" adapterTypeName="executor://mstestadapter/v2" className="SmartClient_UnitTest.VideoOS.RemoteClient.GisMap.MapLayers.GisMapLayerTests" name="InputItemsMapLayer_Load_Save_DataIsSame_WhenInputIsEnabled" />
    </UnitTest>
    <UnitTest name="NavigateAndSelectAsync_DeselectCamera_ReCenterCommandEnabled" storage="d:\actions-runner\_work\xpco\xpco\sc\components\remoteviewer\smartclient\tst\zsmartclient_unittest\bin\x64\debug\net472\zsmartclient_unittest.dll" id="317e86cb-de5d-7ed1-da85-650314a8d400">
      <TestCategory>
        <TestCategoryItem TestCategory="GisMap.GisMapViewModel" />
      </TestCategory>
      <Execution id="abb52e31-c9c7-417e-893c-61c3ba5f4a65" />
      <TestMethod codeBase="D:\actions-runner\_work\XPCO\XPCO\SC\Components\RemoteViewer\SmartClient\tst\zSmartClient_UnitTest\bin\x64\Debug\net472\zSmartClient_UnitTest.dll" adapterTypeName="executor://mstestadapter/v2" className="SmartClient_UnitTest.VideoOS.RemoteClient.Plugin.GisMap.ViewModels.GisMapViewModelTests" name="NavigateAndSelectAsync_DeselectCamera_ReCenterCommandEnabled" />
    </UnitTest>
    <UnitTest name="Ctor_TwoBuiltInGroupsDefined_TwoCompositeAgentsAddedAndOneStandardAgentAdded" storage="d:\actions-runner\_work\xpco\xpco\sc\components\remoteviewer\smartclient\tst\zsmartclient_unittest\bin\x64\debug\net472\zsmartclient_unittest.dll" id="a39ae70d-c88f-1b05-e852-22bd9620ca7b">
      <TestCategory>
        <TestCategoryItem TestCategory="ScSearchManager" />
      </TestCategory>
      <Execution id="c9bf99e7-ab5a-46a9-a42d-9ba0d8397e3b" />
      <TestMethod codeBase="D:\actions-runner\_work\XPCO\XPCO\SC\Components\RemoteViewer\SmartClient\tst\zSmartClient_UnitTest\bin\x64\Debug\net472\zSmartClient_UnitTest.dll" adapterTypeName="executor://mstestadapter/v2" className="SmartClient_UnitTest.VideoOS.RemoteClient.Plugin.CentralizedSearch.MIPPlugin.ScSearchManagerTests" name="Ctor_TwoBuiltInGroupsDefined_TwoCompositeAgentsAddedAndOneStandardAgentAdded" />
    </UnitTest>
    <UnitTest name="Valid password exact length" storage="d:\actions-runner\_work\xpco\xpco\sc\components\remoteviewer\smartclient\tst\zsmartclient_unittest\bin\x64\debug\net472\zsmartclient_unittest.dll" id="b0824442-ef79-c269-aac7-84f27339359e">
      <TestCategory>
        <TestCategoryItem TestCategory="Export" />
      </TestCategory>
      <Execution id="63485cae-212c-457d-b89f-a4839d1e7a90" />
      <TestMethod codeBase="D:\actions-runner\_work\XPCO\XPCO\SC\Components\RemoteViewer\SmartClient\tst\zSmartClient_UnitTest\bin\x64\Debug\net472\zSmartClient_UnitTest.dll" adapterTypeName="executor://mstestadapter/v2" className="SmartClient_UnitTest.VideoOS.RemoteClient.Plugin.Export.PasswordDialogViewModelTests" name="SettingPassword1_ShouldSetIsPassword1Valid" />
    </UnitTest>
    <UnitTest name="Constructor_ShouldRaiseArgumentNullException_WhenLayersIsNull" storage="d:\actions-runner\_work\xpco\xpco\sc\components\remoteviewer\smartclient\tst\zsmartclient_unittest\bin\x64\debug\net472\zsmartclient_unittest.dll" id="4b4d5e86-475e-c148-8766-115d68041442">
      <TestCategory>
        <TestCategoryItem TestCategory="GisMap.Controllers.Devices.MapItems" />
      </TestCategory>
      <Execution id="1d40af0f-b36e-4b63-918d-d70fb7147de4" />
      <TestMethod codeBase="D:\actions-runner\_work\XPCO\XPCO\SC\Components\RemoteViewer\SmartClient\tst\zSmartClient_UnitTest\bin\x64\Debug\net472\zSmartClient_UnitTest.dll" adapterTypeName="executor://mstestadapter/v2" className="SmartClient_UnitTest.VideoOS.RemoteClient.Plugin.GisMap.Controllers.Devices.MapItems.DeviceDataControllerTests" name="Constructor_ShouldRaiseArgumentNullException_WhenLayersIsNull" />
    </UnitTest>
    <UnitTest name="Execute_YesCommand_DialogResultReturnsTrue" storage="d:\actions-runner\_work\xpco\xpco\sc\components\remoteviewer\smartclient\tst\zsmartclient_unittest\bin\x64\debug\net472\zsmartclient_unittest.dll" id="c122d3c0-e65a-97bc-0031-9b0adfb0a20b">
      <Execution id="b41edd07-9399-4d5c-8f5d-5c39f991c8f9" />
      <TestMethod codeBase="D:\actions-runner\_work\XPCO\XPCO\SC\Components\RemoteViewer\SmartClient\tst\zSmartClient_UnitTest\bin\x64\Debug\net472\zSmartClient_UnitTest.dll" adapterTypeName="executor://mstestadapter/v2" className="SmartClient_UnitTest.VideoOS.RemoteClient.Application.UI.Common.MessageBoxWithList.MessageBoxWithListViewModelTests" name="Execute_YesCommand_DialogResultReturnsTrue" />
    </UnitTest>
    <UnitTest name="Convert_InvalidSecondArgument_Collapsed" storage="d:\actions-runner\_work\xpco\xpco\sc\components\remoteviewer\smartclient\tst\zsmartclient_unittest\bin\x64\debug\net472\zsmartclient_unittest.dll" id="5c9e3b97-385d-08ab-8be4-492336c43670">
      <TestCategory>
        <TestCategoryItem TestCategory="SearchConverter" />
      </TestCategory>
      <Execution id="ea68cf01-9602-40f2-9626-1c78d56ca73c" />
      <TestMethod codeBase="D:\actions-runner\_work\XPCO\XPCO\SC\Components\RemoteViewer\SmartClient\tst\zSmartClient_UnitTest\bin\x64\Debug\net472\zSmartClient_UnitTest.dll" adapterTypeName="executor://mstestadapter/v2" className="SmartClient_UnitTest.VideoOS.RemoteClient.Plugin.CentralizedSearch.Views.Converters.NoCriteriaSelectedGridVisibilityConverterTests" name="Convert_InvalidSecondArgument_Collapsed" />
    </UnitTest>
    <UnitTest name="ActionBarPluginsEnabled_TwoPluginsWithDifferentOverflowModes_PluginButtonPresentInActionBarAndSortedCorrectly" storage="d:\actions-runner\_work\xpco\xpco\sc\components\remoteviewer\smartclient\tst\zsmartclient_unittest\bin\x64\debug\net472\zsmartclient_unittest.dll" id="f4a64d46-5162-ebbc-c6d5-bf9ee224f0ba">
      <TestCategory>
        <TestCategoryItem TestCategory="SearchViews" />
      </TestCategory>
      <Execution id="207fdcdc-ec6f-4175-b3ba-420b3d1f1d7c" />
      <TestMethod codeBase="D:\actions-runner\_work\XPCO\XPCO\SC\Components\RemoteViewer\SmartClient\tst\zSmartClient_UnitTest\bin\x64\Debug\net472\zSmartClient_UnitTest.dll" adapterTypeName="executor://mstestadapter/v2" className="SmartClient_UnitTest.VideoOS.RemoteClient.Plugin.CentralizedSearch.Views.SearchResultActionBarViewTests" name="ActionBarPluginsEnabled_TwoPluginsWithDifferentOverflowModes_PluginButtonPresentInActionBarAndSortedCorrectly" />
    </UnitTest>
    <UnitTest name="RemoveDefinition_NullDefinition_Throws" storage="d:\actions-runner\_work\xpco\xpco\sc\components\remoteviewer\smartclient\tst\zsmartclient_unittest\bin\x64\debug\net472\zsmartclient_unittest.dll" id="dc2a73b2-537f-23c2-17dd-b62bfff2142a">
      <TestCategory>
        <TestCategoryItem TestCategory="SearchModels" />
      </TestCategory>
      <Execution id="3acab3ec-2ac1-4037-9a37-141c8723bd71" />
      <TestMethod codeBase="D:\actions-runner\_work\XPCO\XPCO\SC\Components\RemoteViewer\SmartClient\tst\zSmartClient_UnitTest\bin\x64\Debug\net472\zSmartClient_UnitTest.dll" adapterTypeName="executor://mstestadapter/v2" className="SmartClient_UnitTest.VideoOS.RemoteClient.Plugin.CentralizedSearch.Models.SearchModelTests" name="RemoveDefinition_NullDefinition_Throws" />
    </UnitTest>
    <UnitTest name="Ctor_WpfMessageBoxButtonIsSetToYesNo_OnlyYesNoButtonsVisible" storage="d:\actions-runner\_work\xpco\xpco\sc\components\remoteviewer\smartclient\tst\zsmartclient_unittest\bin\x64\debug\net472\zsmartclient_unittest.dll" id="2e3adaa4-ba6e-d91b-783c-2bb11efe1b7a">
      <Execution id="fd8c41e7-d5df-40f9-8297-f91dc87ef132" />
      <TestMethod codeBase="D:\actions-runner\_work\XPCO\XPCO\SC\Components\RemoteViewer\SmartClient\tst\zSmartClient_UnitTest\bin\x64\Debug\net472\zSmartClient_UnitTest.dll" adapterTypeName="executor://mstestadapter/v2" className="SmartClient_UnitTest.VideoOS.RemoteClient.Application.UI.Common.MessageBoxWithList.MessageBoxWithListViewModelTests" name="Ctor_WpfMessageBoxButtonIsSetToYesNo_OnlyYesNoButtonsVisible" />
    </UnitTest>
    <UnitTest name="SearchResultsActionBarActions_SendToFloatingWindowMaxCamerasExceededButAccepted_InvokeCommand_WarningDialogDisplayed" storage="d:\actions-runner\_work\xpco\xpco\sc\components\remoteviewer\smartclient\tst\zsmartclient_unittest\bin\x64\debug\net472\zsmartclient_unittest.dll" id="c7772852-e1ce-5a56-9e2d-f376c5ee0d2f">
      <TestCategory>
        <TestCategoryItem TestCategory="SearchResultActionBarViewModel" />
      </TestCategory>
      <Execution id="a8e4c863-b23a-4504-a8bc-ddf16aa1509d" />
      <TestMethod codeBase="D:\actions-runner\_work\XPCO\XPCO\SC\Components\RemoteViewer\SmartClient\tst\zSmartClient_UnitTest\bin\x64\Debug\net472\zSmartClient_UnitTest.dll" adapterTypeName="executor://mstestadapter/v2" className="SmartClient_UnitTest.VideoOS.RemoteClient.Plugin.CentralizedSearch.ViewModels.SearchResultsActionBarViewModelTest" name="SearchResultsActionBarActions_SendToFloatingWindowMaxCamerasExceededButAccepted_InvokeCommand_WarningDialogDisplayed" />
    </UnitTest>
    <UnitTest name="NewSearchButtonEnabledState_AllScenarios_Success" storage="d:\actions-runner\_work\xpco\xpco\sc\components\remoteviewer\smartclient\tst\zsmartclient_unittest\bin\x64\debug\net472\zsmartclient_unittest.dll" id="ee79b24f-9e89-909d-5cb1-d41ef45dcfd9">
      <TestCategory>
        <TestCategoryItem TestCategory="SearchControls" />
      </TestCategory>
      <Execution id="280aeca1-b1cb-41c1-ae9d-4968546e9571" />
      <TestMethod codeBase="D:\actions-runner\_work\XPCO\XPCO\SC\Components\RemoteViewer\SmartClient\tst\zSmartClient_UnitTest\bin\x64\Debug\net472\zSmartClient_UnitTest.dll" adapterTypeName="executor://mstestadapter/v2" className="SmartClient_UnitTest.VideoOS.RemoteClient.Plugin.CentralizedSearch.Views.Controls.SearchCategorySelect.SelectSearchCategoryLayoutTests" name="NewSearchButtonEnabledState_AllScenarios_Success" />
    </UnitTest>
    <UnitTest name="VideoResultSearchResult_ShouldOnlyHavePropertiesFromSecondContext_WhenSetTwiceAndThrowingOnTokenCancellation" storage="d:\actions-runner\_work\xpco\xpco\sc\components\remoteviewer\smartclient\tst\zsmartclient_unittest\bin\x64\debug\net472\zsmartclient_unittest.dll" id="2a52f03a-cddc-7860-41d6-2e4a73025212">
      <TestCategory>
        <TestCategoryItem TestCategory="SearchControls" />
      </TestCategory>
      <Execution id="4b7f8f48-ae5b-4f5c-8079-a6a49e8330d4" />
      <TestMethod codeBase="D:\actions-runner\_work\XPCO\XPCO\SC\Components\RemoteViewer\SmartClient\tst\zSmartClient_UnitTest\bin\x64\Debug\net472\zSmartClient_UnitTest.dll" adapterTypeName="executor://mstestadapter/v2" className="SmartClient_UnitTest.VideoOS.RemoteClient.Plugin.CentralizedSearch.Views.Controls.SearchResultDetailsControlTests" name="VideoResultSearchResult_ShouldOnlyHavePropertiesFromSecondContext_WhenSetTwiceAndThrowingOnTokenCancellation" />
    </UnitTest>
    <UnitTest name="SearchAction_BrowseMode_Now" storage="d:\actions-runner\_work\xpco\xpco\sc\components\remoteviewer\smartclient\tst\zsmartclient_unittest\bin\x64\debug\net472\zsmartclient_unittest.dll" id="e81278a0-f697-84b0-67b1-ed0b5035a30c">
      <TestCategory>
        <TestCategoryItem TestCategory="WorkspaceToolbar" />
      </TestCategory>
      <Execution id="91a49648-5aee-434d-90b6-6ff8acff1521" />
      <TestMethod codeBase="D:\actions-runner\_work\XPCO\XPCO\SC\Components\RemoteViewer\SmartClient\tst\zSmartClient_UnitTest\bin\x64\Debug\net472\zSmartClient_UnitTest.dll" adapterTypeName="executor://mstestadapter/v2" className="SmartClient_UnitTest.VideoOS.RemoteClient.Application.Data.WorkspaceToolbar.WorkspaceToolbarItemSmartSearchTests" name="SearchAction_BrowseMode_Now" />
    </UnitTest>
    <UnitTest name="RemoveSelectedCameraCommand_WithActiveSearchTemplateAndValidCamera_ActiveSearchTemplateModifiedSet" storage="d:\actions-runner\_work\xpco\xpco\sc\components\remoteviewer\smartclient\tst\zsmartclient_unittest\bin\x64\debug\net472\zsmartclient_unittest.dll" id="29952541-0072-8c3b-e8db-a524fa1509da">
      <TestCategory>
        <TestCategoryItem TestCategory="SearchViewModels" />
      </TestCategory>
      <Execution id="749da271-e496-49f9-82a1-f827b09eda0a" />
      <TestMethod codeBase="D:\actions-runner\_work\XPCO\XPCO\SC\Components\RemoteViewer\SmartClient\tst\zSmartClient_UnitTest\bin\x64\Debug\net472\zSmartClient_UnitTest.dll" adapterTypeName="executor://mstestadapter/v2" className="SmartClient_UnitTest.VideoOS.RemoteClient.Plugin.CentralizedSearch.ViewModels.SearchViewModelTests" name="RemoveSelectedCameraCommand_WithActiveSearchTemplateAndValidCamera_ActiveSearchTemplateModifiedSet" />
    </UnitTest>
    <UnitTest name="GetBoundingShapesForMetadataObjectsAsync_ShouldIncludeNonFirstMetadataObject_WhenRequestedTimeIsWithinMetadataTimespan" storage="d:\actions-runner\_work\xpco\xpco\sc\components\remoteviewer\smartclient\tst\zsmartclient_unittest\bin\x64\debug\net472\zsmartclient_unittest.dll" id="a5677ca9-068f-1409-b05b-617b1124d3e3">
      <Execution id="9528229a-f7a3-430b-8006-61cd0709926c" />
      <TestMethod codeBase="D:\actions-runner\_work\XPCO\XPCO\SC\Components\RemoteViewer\SmartClient\tst\zSmartClient_UnitTest\bin\x64\Debug\net472\zSmartClient_UnitTest.dll" adapterTypeName="executor://mstestadapter/v2" className="SmartClient_UnitTest.VideoOS.RemoteClient.Plugin.CentralizedSearch.Utils.MetadataUtilTests" name="GetBoundingShapesForMetadataObjectsAsync_ShouldIncludeNonFirstMetadataObject_WhenRequestedTimeIsWithinMetadataTimespan" />
    </UnitTest>
    <UnitTest name="GetSKU_ShouldReturnEmptyString_WhenLicenseIsNull" storage="d:\actions-runner\_work\xpco\xpco\sc\components\remoteviewer\smartclient\tst\zsmartclient_unittest\bin\x64\debug\net472\zsmartclient_unittest.dll" id="57bd8ba2-a7b1-3773-dd72-99c3e39978da">
      <Execution id="3fc93bf5-d29a-4382-a8ce-b0d881cfe942" />
      <TestMethod codeBase="D:\actions-runner\_work\XPCO\XPCO\SC\Components\RemoteViewer\SmartClient\tst\zSmartClient_UnitTest\bin\x64\Debug\net472\zSmartClient_UnitTest.dll" adapterTypeName="executor://mstestadapter/v2" className="SmartClient_UnitTest.VideoOS.RemoteClient.Application.Common.Telemetry.SCTelemetrySpecificsTests" name="GetSKU_ShouldReturnEmptyString_WhenLicenseIsNull" />
    </UnitTest>
    <UnitTest name="CreateExportDialog_CannotCreateExport_WithMissingExportName" storage="d:\actions-runner\_work\xpco\xpco\sc\components\remoteviewer\smartclient\tst\zsmartclient_unittest\bin\x64\debug\net472\zsmartclient_unittest.dll" id="6e8c0e78-ac96-07f6-2327-5c670bb6a7bf">
      <TestCategory>
        <TestCategoryItem TestCategory="Export" />
      </TestCategory>
      <Execution id="bebc5585-7e59-4090-9014-426f5d048231" />
      <TestMethod codeBase="D:\actions-runner\_work\XPCO\XPCO\SC\Components\RemoteViewer\SmartClient\tst\zSmartClient_UnitTest\bin\x64\Debug\net472\zSmartClient_UnitTest.dll" adapterTypeName="executor://mstestadapter/v2" className="SmartClient_UnitTest.VideoOS.RemoteClient.Plugin.Export.CreateExportDialogViewModelTests" name="CreateExportDialog_CannotCreateExport_WithMissingExportName" />
    </UnitTest>
    <UnitTest name="UpdateSearchTemplateAsync_ThrowException_Success" storage="d:\actions-runner\_work\xpco\xpco\sc\components\remoteviewer\smartclient\tst\zsmartclient_unittest\bin\x64\debug\net472\zsmartclient_unittest.dll" id="af1a0be1-93c9-d922-1b83-a62e257edad1">
      <TestCategory>
        <TestCategoryItem TestCategory="SearchTemplatesService" />
      </TestCategory>
      <Execution id="e7a49460-0f8b-48c4-98b8-00cf19179b16" />
      <TestMethod codeBase="D:\actions-runner\_work\XPCO\XPCO\SC\Components\RemoteViewer\SmartClient\tst\zSmartClient_UnitTest\bin\x64\Debug\net472\zSmartClient_UnitTest.dll" adapterTypeName="executor://mstestadapter/v2" className="SmartClient_UnitTest.VideoOS.RemoteClient.Plugin.CentralizedSearch.SearchTemplates.Service.SearchTemplateServiceTests" name="UpdateSearchTemplateAsync_ThrowException_Success" />
    </UnitTest>
    <UnitTest name="SuspendedPropertyChanged_Success" storage="d:\actions-runner\_work\xpco\xpco\sc\components\remoteviewer\smartclient\tst\zsmartclient_unittest\bin\x64\debug\net472\zsmartclient_unittest.dll" id="f192461d-c04b-ccd8-4669-21b5fa7a7ede">
      <TestCategory>
        <TestCategoryItem TestCategory="SearchViews" />
      </TestCategory>
      <Execution id="2800246a-abd6-4f7d-8f01-568d0e812ccf" />
      <TestMethod codeBase="D:\actions-runner\_work\XPCO\XPCO\SC\Components\RemoteViewer\SmartClient\tst\zSmartClient_UnitTest\bin\x64\Debug\net472\zSmartClient_UnitTest.dll" adapterTypeName="executor://mstestadapter/v2" className="SmartClient_UnitTest.VideoOS.RemoteClient.Plugin.CentralizedSearch.Views.SearchResultsViewTests" name="SuspendedPropertyChanged_Success" />
    </UnitTest>
    <UnitTest name="Compare_NullVsNotNull_GreaterThan" storage="d:\actions-runner\_work\xpco\xpco\sc\components\remoteviewer\smartclient\tst\zsmartclient_unittest\bin\x64\debug\net472\zsmartclient_unittest.dll" id="03176de6-d0a5-5d83-9bd0-bdcb94c2ab49">
      <TestCategory>
        <TestCategoryItem TestCategory="SearchComparers" />
      </TestCategory>
      <Execution id="9f67080d-093b-4610-ab9b-52f21b821d9a" />
      <TestMethod codeBase="D:\actions-runner\_work\XPCO\XPCO\SC\Components\RemoteViewer\SmartClient\tst\zSmartClient_UnitTest\bin\x64\Debug\net472\zSmartClient_UnitTest.dll" adapterTypeName="executor://mstestadapter/v2" className="SmartClient_UnitTest.VideoOS.RemoteClient.Plugin.CentralizedSearch.Models.Wrappers.Comparers.TriggerTimeComparerTests" name="Compare_NullVsNotNull_GreaterThan" />
    </UnitTest>
    <UnitTest name="SupportsRightClick_ShouldBeFalse_WhenInteractionStateIsNotNormal" storage="d:\actions-runner\_work\xpco\xpco\sc\components\remoteviewer\smartclient\tst\zsmartclient_unittest\bin\x64\debug\net472\zsmartclient_unittest.dll" id="2c1f07ec-ce8f-9b5e-788c-417096e2b9e1">
      <TestCategory>
        <TestCategoryItem TestCategory="GisMap.MipItemMarker" />
      </TestCategory>
      <Execution id="36de05b8-1b0f-474f-a62b-bfd575d6d8f8" />
      <TestMethod codeBase="D:\actions-runner\_work\XPCO\XPCO\SC\Components\RemoteViewer\SmartClient\tst\zSmartClient_UnitTest\bin\x64\Debug\net472\zSmartClient_UnitTest.dll" adapterTypeName="executor://mstestadapter/v2" className="SmartClient_UnitTest.VideoOS.RemoteClient.Plugin.GisMap.ThinkGeoMap.Markers.MipItemMarker.MipItemMarkerTests" name="SupportsRightClick_ShouldBeFalse_WhenInteractionStateIsNotNormal" />
    </UnitTest>
    <UnitTest name="PatrollingProfileViewModelTest_Name" storage="d:\actions-runner\_work\xpco\xpco\sc\components\remoteviewer\smartclient\tst\zsmartclient_unittest\bin\x64\debug\net472\zsmartclient_unittest.dll" id="56fde5b0-e4df-3dd0-b924-b3d8168ff571">
      <Execution id="01208f0f-0b97-4e9a-bb60-d89093e253be" />
      <TestMethod codeBase="D:\actions-runner\_work\XPCO\XPCO\SC\Components\RemoteViewer\SmartClient\tst\zSmartClient_UnitTest\bin\x64\Debug\net472\zSmartClient_UnitTest.dll" adapterTypeName="executor://mstestadapter/v2" className="SmartClient_UnitTest.VideoOS.RemoteClient.Application.UI.PtzPreset.PatrollingViewModel.PatrollingProfileViewModelTest" name="PatrollingProfileViewModelTest_Name" />
    </UnitTest>
    <UnitTest name="BookmarkSearchTime_WithSearchStringInDifferentCases_ReturnCorrectBookmarkWithSearchStringInDescription (SeArChStRiNg,False,False,False,False,,,0)" storage="d:\actions-runner\_work\xpco\xpco\sc\components\remoteviewer\smartclient\tst\zsmartclient_unittest\bin\x64\debug\net472\zsmartclient_unittest.dll" id="deaca624-52c0-c1cd-66a2-a22703cf16ef">
      <Execution id="458ec9a5-e8fc-4b92-a6ad-d5e2e60189be" />
      <TestMethod codeBase="D:\actions-runner\_work\XPCO\XPCO\SC\Components\RemoteViewer\SmartClient\tst\zSmartClient_UnitTest\bin\x64\Debug\net472\zSmartClient_UnitTest.dll" adapterTypeName="executor://mstestadapter/v2" className="SmartClient_UnitTest.VideoOS.RemoteClient.Application.Data.Offline.UnitTest.BookmarkExportReaderTest" name="BookmarkSearchTime_WithSearchStringInDifferentCases_ReturnCorrectBookmarkWithSearchStringInDescription" />
    </UnitTest>
    <UnitTest name="PerformAction_Success" storage="d:\actions-runner\_work\xpco\xpco\sc\components\remoteviewer\smartclient\tst\zsmartclient_unittest\bin\x64\debug\net472\zsmartclient_unittest.dll" id="4b3691e7-07b6-0fb9-2d54-63140b399b3d">
      <TestCategory>
        <TestCategoryItem TestCategory="MipItemsRetriever" />
      </TestCategory>
      <Execution id="802f93be-c923-45c1-8d80-4a6e1e8abd36" />
      <TestMethod codeBase="D:\actions-runner\_work\XPCO\XPCO\SC\Components\RemoteViewer\SmartClient\tst\zSmartClient_UnitTest\bin\x64\Debug\net472\zSmartClient_UnitTest.dll" adapterTypeName="executor://mstestadapter/v2" className="SmartClient_UnitTest.VideoOS.RemoteClient.Plugin.GisMap.MIP.MipItemActionsCommunicatorTests" name="PerformAction_Success" />
    </UnitTest>
    <UnitTest name="GetServerTypes_ShouldReturnFailoverServerType" storage="d:\actions-runner\_work\xpco\xpco\sc\components\remoteviewer\smartclient\tst\zsmartclient_unittest\bin\x64\debug\net472\zsmartclient_unittest.dll" id="5b8ffd61-7472-5d07-a1e1-10f78205a31d">
      <Execution id="bf7d96a6-a9b9-4bff-81ae-2fc19b287f63" />
      <TestMethod codeBase="D:\actions-runner\_work\XPCO\XPCO\SC\Components\RemoteViewer\SmartClient\tst\zSmartClient_UnitTest\bin\x64\Debug\net472\zSmartClient_UnitTest.dll" adapterTypeName="executor://mstestadapter/v2" className="SmartClient_UnitTest.VideoOS.RemoteClient.Application.Data.ContentTypes.ReportingContentType.DashboardExtentionsTest" name="GetServerTypes_ShouldReturnFailoverServerType" />
    </UnitTest>
    <UnitTest name="Convert_NoCamerasSelectionsAndNoSearchDefinitions_Collapsed" storage="d:\actions-runner\_work\xpco\xpco\sc\components\remoteviewer\smartclient\tst\zsmartclient_unittest\bin\x64\debug\net472\zsmartclient_unittest.dll" id="092a5f5d-5e92-e7c2-e812-620b9e6c3275">
      <TestCategory>
        <TestCategoryItem TestCategory="SearchConverter" />
      </TestCategory>
      <Execution id="3eac478e-135a-4cf9-8a45-91bbfb45f0c6" />
      <TestMethod codeBase="D:\actions-runner\_work\XPCO\XPCO\SC\Components\RemoteViewer\SmartClient\tst\zSmartClient_UnitTest\bin\x64\Debug\net472\zSmartClient_UnitTest.dll" adapterTypeName="executor://mstestadapter/v2" className="SmartClient_UnitTest.VideoOS.RemoteClient.Plugin.CentralizedSearch.Views.Converters.NoCriteriaSelectedGridVisibilityConverterTests" name="Convert_NoCamerasSelectionsAndNoSearchDefinitions_Collapsed" />
    </UnitTest>
    <UnitTest name="Parse_Yesterday_Success" storage="d:\actions-runner\_work\xpco\xpco\sc\components\remoteviewer\smartclient\tst\zsmartclient_unittest\bin\x64\debug\net472\zsmartclient_unittest.dll" id="6c232766-0173-c070-73ea-ec002545c357">
      <TestCategory>
        <TestCategoryItem TestCategory="Search" />
      </TestCategory>
      <Execution id="4554628a-2c33-41c6-baaf-be65e75cd136" />
      <TestMethod codeBase="D:\actions-runner\_work\XPCO\XPCO\SC\Components\RemoteViewer\SmartClient\tst\zSmartClient_UnitTest\bin\x64\Debug\net472\zSmartClient_UnitTest.dll" adapterTypeName="executor://mstestadapter/v2" className="SmartClient_UnitTest.VideoOS.RemoteClient.Plugin.CentralizedSearch.Models.ScopeDurationTests" name="Parse_Yesterday_Success" />
    </UnitTest>
    <UnitTest name="ServerAuthentication_ShouldReturnLegacyWindowsCurrentUser_WhenConstructedUsingWindowsDefault" storage="d:\actions-runner\_work\xpco\xpco\sc\components\remoteviewer\smartclient\tst\zsmartclient_unittest\bin\x64\debug\net472\zsmartclient_unittest.dll" id="910648d0-f58e-b40c-710a-20818471b114">
      <TestCategory>
        <TestCategoryItem TestCategory="Authentication.ClientCredentials" />
      </TestCategory>
      <Execution id="e5625208-ac88-47d7-97a3-ebdd9992fd31" />
      <TestMethod codeBase="D:\actions-runner\_work\XPCO\XPCO\SC\Components\RemoteViewer\SmartClient\tst\zSmartClient_UnitTest\bin\x64\Debug\net472\zSmartClient_UnitTest.dll" adapterTypeName="executor://mstestadapter/v2" className="SmartClient_UnitTest.VideoOS.Shared.ServerAPI.ClientCredentialsTest" name="ServerAuthentication_ShouldReturnLegacyWindowsCurrentUser_WhenConstructedUsingWindowsDefault" />
    </UnitTest>
    <UnitTest name="PtzSessionController_Constructor_Test" storage="d:\actions-runner\_work\xpco\xpco\sc\components\remoteviewer\smartclient\tst\zsmartclient_unittest\bin\x64\debug\net472\zsmartclient_unittest.dll" id="bdaa8c04-85d7-4ee8-e951-82186f7309ad">
      <Execution id="de36c85b-387b-4371-aa2f-0b6f903edfe9" />
      <TestMethod codeBase="D:\actions-runner\_work\XPCO\XPCO\SC\Components\RemoteViewer\SmartClient\tst\zSmartClient_UnitTest\bin\x64\Debug\net472\zSmartClient_UnitTest.dll" adapterTypeName="executor://mstestadapter/v2" className="VideoOS.RemoteClient.Application.Controllers.UnitTest.PtzSessionControllerTest" name="PtzSessionController_Constructor_Test" />
    </UnitTest>
    <UnitTest name="PatrollingStepViewModel_IsDirty" storage="d:\actions-runner\_work\xpco\xpco\sc\components\remoteviewer\smartclient\tst\zsmartclient_unittest\bin\x64\debug\net472\zsmartclient_unittest.dll" id="bdfc4999-ccbe-91b3-0eb1-52f2f541ba00">
      <Execution id="5d0549e2-74cc-45a3-b521-787d7a6b4f11" />
      <TestMethod codeBase="D:\actions-runner\_work\XPCO\XPCO\SC\Components\RemoteViewer\SmartClient\tst\zSmartClient_UnitTest\bin\x64\Debug\net472\zSmartClient_UnitTest.dll" adapterTypeName="executor://mstestadapter/v2" className="SmartClient_UnitTest.VideoOS.RemoteClient.Application.UI.PtzPreset.PatrollingViewModel.PatrollingStepViewModelTest" name="PatrollingStepViewModel_IsDirty" />
    </UnitTest>
    <UnitTest name="SupportsDoubleClick_ShouldBeFalse_WhenInteractionStateIsNormalAndNotInSetupMode" storage="d:\actions-runner\_work\xpco\xpco\sc\components\remoteviewer\smartclient\tst\zsmartclient_unittest\bin\x64\debug\net472\zsmartclient_unittest.dll" id="08b3ace1-45f6-6e1d-2bc1-52f8ecd0e63e">
      <TestCategory>
        <TestCategoryItem TestCategory="GisMap.LocationMarker" />
      </TestCategory>
      <Execution id="3fc6bcd8-1e17-4e66-8483-b0dada32810c" />
      <TestMethod codeBase="D:\actions-runner\_work\XPCO\XPCO\SC\Components\RemoteViewer\SmartClient\tst\zSmartClient_UnitTest\bin\x64\Debug\net472\zSmartClient_UnitTest.dll" adapterTypeName="executor://mstestadapter/v2" className="SmartClient_UnitTest.VideoOS.RemoteClient.Plugin.GisMap.ThinkGeoMap.Markers.LocationMarker.LocationMarkerTests" name="SupportsDoubleClick_ShouldBeFalse_WhenInteractionStateIsNormalAndNotInSetupMode" />
    </UnitTest>
    <UnitTest name="LoadSearchTemplate_ActiveToNewActive_UpdateAndEvent" storage="d:\actions-runner\_work\xpco\xpco\sc\components\remoteviewer\smartclient\tst\zsmartclient_unittest\bin\x64\debug\net472\zsmartclient_unittest.dll" id="575a32bf-8dea-b537-a592-8290f971bf09">
      <TestCategory>
        <TestCategoryItem TestCategory="SearchTemplates" />
      </TestCategory>
      <Execution id="effef1f0-530d-44bf-bca4-5afe11fcdc30" />
      <TestMethod codeBase="D:\actions-runner\_work\XPCO\XPCO\SC\Components\RemoteViewer\SmartClient\tst\zSmartClient_UnitTest\bin\x64\Debug\net472\zSmartClient_UnitTest.dll" adapterTypeName="executor://mstestadapter/v2" className="SmartClient_UnitTest.VideoOS.RemoteClient.Plugin.CentralizedSearch.SearchTemplates.SearchTemplateManagerTests" name="LoadSearchTemplate_ActiveToNewActive_UpdateAndEvent" />
    </UnitTest>
    <UnitTest name="UpdateAction_SingleRejected_AddSuffixToToolTip" storage="d:\actions-runner\_work\xpco\xpco\sc\components\remoteviewer\smartclient\tst\zsmartclient_unittest\bin\x64\debug\net472\zsmartclient_unittest.dll" id="046e87a4-129e-e9d1-b689-ff12d71bb7aa">
      <TestCategory>
        <TestCategoryItem TestCategory="SearchResultsAction" />
      </TestCategory>
      <Execution id="898f4456-5174-4c38-9506-dc4efa649d92" />
      <TestMethod codeBase="D:\actions-runner\_work\XPCO\XPCO\SC\Components\RemoteViewer\SmartClient\tst\zSmartClient_UnitTest\bin\x64\Debug\net472\zSmartClient_UnitTest.dll" adapterTypeName="executor://mstestadapter/v2" className="SmartClient_UnitTest.VideoOS.RemoteClient.Plugin.CentralizedSearch.ViewModels.SearchResultsActionViewModelTests" name="UpdateAction_SingleRejected_AddSuffixToToolTip" />
    </UnitTest>
    <UnitTest name="GetItemsIn_InBuildingNoLevels_Returns2Items" storage="d:\actions-runner\_work\xpco\xpco\sc\components\remoteviewer\smartclient\tst\zsmartclient_unittest\bin\x64\debug\net472\zsmartclient_unittest.dll" id="b802935f-0eb0-14ff-4c95-9725f194073b">
      <TestCategory>
        <TestCategoryItem TestCategory="GisMapIndex" />
      </TestCategory>
      <Execution id="50aefb46-ca9d-4fa0-a486-adef21fda1a6" />
      <TestMethod codeBase="D:\actions-runner\_work\XPCO\XPCO\SC\Components\RemoteViewer\SmartClient\tst\zSmartClient_UnitTest\bin\x64\Debug\net472\zSmartClient_UnitTest.dll" adapterTypeName="executor://mstestadapter/v2" className="SmartClient_UnitTest.VideoOS.RemoteClient.GisMapData.Common.Indexer.BuildingsAwareIndexerTests" name="GetItemsIn_InBuildingNoLevels_Returns2Items" />
    </UnitTest>
    <UnitTest name="LeftButtonDown_ShouldNotRaiseAnException_WhenFired" storage="d:\actions-runner\_work\xpco\xpco\sc\components\remoteviewer\smartclient\tst\zsmartclient_unittest\bin\x64\debug\net472\zsmartclient_unittest.dll" id="2031c616-1edd-8f7a-639e-5fd173aaa18e">
      <TestCategory>
        <TestCategoryItem TestCategory="GisMap.WindowsBases" />
      </TestCategory>
      <Execution id="e3892525-909d-4d76-b818-f2d6df2641b7" />
      <TestMethod codeBase="D:\actions-runner\_work\XPCO\XPCO\SC\Components\RemoteViewer\SmartClient\tst\zSmartClient_UnitTest\bin\x64\Debug\net472\zSmartClient_UnitTest.dll" adapterTypeName="executor://mstestadapter/v2" className="SmartClient_UnitTest.VideoOS.RemoteClient.Plugin.GisMap.Windows.Bases.DragWindowDecoratorTests" name="LeftButtonDown_ShouldNotRaiseAnException_WhenFired" />
    </UnitTest>
    <UnitTest name="CreateGeometry_NullPointsCollection_ThrowsArgNullException" storage="d:\actions-runner\_work\xpco\xpco\sc\components\remoteviewer\smartclient\tst\zsmartclient_unittest\bin\x64\debug\net472\zsmartclient_unittest.dll" id="8b769f83-03d1-54d2-bd91-c30ba7e579fb">
      <TestCategory>
        <TestCategoryItem TestCategory="GisMapIndex" />
      </TestCategory>
      <Execution id="3f185bcf-d00c-42a1-9a19-07af4ac3f432" />
      <TestMethod codeBase="D:\actions-runner\_work\XPCO\XPCO\SC\Components\RemoteViewer\SmartClient\tst\zSmartClient_UnitTest\bin\x64\Debug\net472\zSmartClient_UnitTest.dll" adapterTypeName="executor://mstestadapter/v2" className="SmartClient_UnitTest.VideoOS.RemoteClient.GisMapData.Common.Indexer.IndexUtilTests" name="CreateGeometry_NullPointsCollection_ThrowsArgNullException" />
    </UnitTest>
    <UnitTest name="LoadInitialState_OfflineMode_ReturnsStateWithTimeScopeFromOfflineManager" storage="d:\actions-runner\_work\xpco\xpco\sc\components\remoteviewer\smartclient\tst\zsmartclient_unittest\bin\x64\debug\net472\zsmartclient_unittest.dll" id="2d9d257b-dc7a-dd0a-92c1-64a2f9201d0f">
      <TestCategory>
        <TestCategoryItem TestCategory="Search" />
      </TestCategory>
      <Execution id="ee67f3ae-75f2-4354-a26a-ef67e8627ea0" />
      <TestMethod codeBase="D:\actions-runner\_work\XPCO\XPCO\SC\Components\RemoteViewer\SmartClient\tst\zSmartClient_UnitTest\bin\x64\Debug\net472\zSmartClient_UnitTest.dll" adapterTypeName="executor://mstestadapter/v2" className="SmartClient_UnitTest.VideoOS.RemoteClient.Plugin.CentralizedSearch.CentralizedSearchContentHolderTests" name="LoadInitialState_OfflineMode_ReturnsStateWithTimeScopeFromOfflineManager" />
    </UnitTest>
    <UnitTest name="AddToExportDevices_ShouldReturnCorrectResult (1,1,1)" storage="d:\actions-runner\_work\xpco\xpco\sc\components\remoteviewer\smartclient\tst\zsmartclient_unittest\bin\x64\debug\net472\zsmartclient_unittest.dll" id="02670d69-ce2a-fe6d-73fd-2b66fd26f5d4">
      <TestCategory>
        <TestCategoryItem TestCategory="Managers" />
      </TestCategory>
      <Execution id="2d26f7f8-b284-4df0-b2d0-bbea551aa1f6" />
      <TestMethod codeBase="D:\actions-runner\_work\XPCO\XPCO\SC\Components\RemoteViewer\SmartClient\tst\zSmartClient_UnitTest\bin\x64\Debug\net472\zSmartClient_UnitTest.dll" adapterTypeName="executor://mstestadapter/v2" className="SmartClient_UnitTest.VideoOS.RemoteClient.Application.Managers.ExportManagerTests" name="AddToExportDevices_ShouldReturnCorrectResult" />
    </UnitTest>
    <UnitTest name="MapLayerType_ShouldBeInputItemsMapLayer_WhenCalled" storage="d:\actions-runner\_work\xpco\xpco\sc\components\remoteviewer\smartclient\tst\zsmartclient_unittest\bin\x64\debug\net472\zsmartclient_unittest.dll" id="ca442d25-1d56-7ce4-2a08-3c581c8826e1">
      <Execution id="0e08a90a-74a3-4ad0-9640-21185eaa22f0" />
      <TestMethod codeBase="D:\actions-runner\_work\XPCO\XPCO\SC\Components\RemoteViewer\SmartClient\tst\zSmartClient_UnitTest\bin\x64\Debug\net472\zSmartClient_UnitTest.dll" adapterTypeName="executor://mstestadapter/v2" className="SmartClient_UnitTest.VideoOS.RemoteClient.GisMapData.Strategies.MapLayers.InputMapLayerDatagramClassFactoryStrategyTests" name="MapLayerType_ShouldBeInputItemsMapLayer_WhenCalled" />
    </UnitTest>
    <UnitTest name="ValidateExportItems_ShouldReturnFailResult_ViewItemRequired" storage="d:\actions-runner\_work\xpco\xpco\sc\components\remoteviewer\smartclient\tst\zsmartclient_unittest\bin\x64\debug\net472\zsmartclient_unittest.dll" id="c56f457f-add8-fe75-61ba-d07e5ee3df6d">
      <TestCategory>
        <TestCategoryItem TestCategory="Export" />
      </TestCategory>
      <Execution id="294e3ff8-678d-45f0-a8b4-994f129f36f0" />
      <TestMethod codeBase="D:\actions-runner\_work\XPCO\XPCO\SC\Components\RemoteViewer\SmartClient\tst\zSmartClient_UnitTest\bin\x64\Debug\net472\zSmartClient_UnitTest.dll" adapterTypeName="executor://mstestadapter/v2" className="SmartClient_UnitTest.VideoOS.RemoteClient.Plugin.Export.ExportDataValidatorTests" name="ValidateExportItems_ShouldReturnFailResult_ViewItemRequired" />
    </UnitTest>
    <UnitTest name="Toolbar_IsVisible_WhenNotInLiveOrPlayback_ReactsTo_WindowStateChange" storage="d:\actions-runner\_work\xpco\xpco\sc\components\remoteviewer\smartclient\tst\zsmartclient_unittest\bin\x64\debug\net472\zsmartclient_unittest.dll" id="52708fc0-86f2-693c-d699-4f89eda92f77">
      <TestCategory>
        <TestCategoryItem TestCategory="WorkspaceToolbar" />
      </TestCategory>
      <Execution id="291abcf6-60fa-4651-8237-7621b633ead1" />
      <TestMethod codeBase="D:\actions-runner\_work\XPCO\XPCO\SC\Components\RemoteViewer\SmartClient\tst\zSmartClient_UnitTest\bin\x64\Debug\net472\zSmartClient_UnitTest.dll" adapterTypeName="executor://mstestadapter/v2" className="SmartClient_UnitTest.VideoOS.RemoteClient.Application.UI.Content.WorkspaceToolbar.WorkspaceToolbarViewModelTests" name="Toolbar_IsVisible_WhenNotInLiveOrPlayback_ReactsTo_WindowStateChange" />
    </UnitTest>
    <UnitTest name="SmartMapGoToAreaHandler_WhenDataIsNotSmartMapGoToAreaCommandData_ShouldWriteToLog" storage="d:\actions-runner\_work\xpco\xpco\sc\components\remoteviewer\smartclient\tst\zsmartclient_unittest\bin\x64\debug\net472\zsmartclient_unittest.dll" id="60b3c6a0-382d-f239-6234-5e6df72cc9b2">
      <Execution id="96f32020-b1a2-4b6e-9d77-4eaf79bed773" />
      <TestMethod codeBase="D:\actions-runner\_work\XPCO\XPCO\SC\Components\RemoteViewer\SmartClient\tst\zSmartClient_UnitTest\bin\x64\Debug\net472\zSmartClient_UnitTest.dll" adapterTypeName="executor://mstestadapter/v2" className="SmartClient_UnitTest.VideoOS.RemoteClient.Plugin.GisMap.MIP.ContentHolderMipMessageManagerTests" name="SmartMapGoToAreaHandler_WhenDataIsNotSmartMapGoToAreaCommandData_ShouldWriteToLog" />
    </UnitTest>
    <UnitTest name="HandleGetDeviceData_ShouldReturnOutputData_WhenOutputKindAndExistingOutputId" storage="d:\actions-runner\_work\xpco\xpco\sc\components\remoteviewer\smartclient\tst\zsmartclient_unittest\bin\x64\debug\net472\zsmartclient_unittest.dll" id="4f555e67-dae7-b67f-1beb-febf2b9b4968">
      <TestCategory>
        <TestCategoryItem TestCategory="GisMap.Handlers.Devices.MapItems" />
      </TestCategory>
      <Execution id="b87f73fc-5eeb-43ec-9c6b-1ea9d9be6ca2" />
      <TestMethod codeBase="D:\actions-runner\_work\XPCO\XPCO\SC\Components\RemoteViewer\SmartClient\tst\zSmartClient_UnitTest\bin\x64\Debug\net472\zSmartClient_UnitTest.dll" adapterTypeName="executor://mstestadapter/v2" className="SmartClient_UnitTest.VideoOS.RemoteClient.Plugin.GisMap.Handlers.Devices.MapItems.OutputDataHandlerTests" name="HandleGetDeviceData_ShouldReturnOutputData_WhenOutputKindAndExistingOutputId" />
    </UnitTest>
    <UnitTest name="AddSelectedWindowsToExport_ShouldShowCorrectToastMessages (0,5,0)" storage="d:\actions-runner\_work\xpco\xpco\sc\components\remoteviewer\smartclient\tst\zsmartclient_unittest\bin\x64\debug\net472\zsmartclient_unittest.dll" id="3d9fd783-1e00-5310-17a4-99bc84d5613e">
      <TestCategory>
        <TestCategoryItem TestCategory="Managers" />
      </TestCategory>
      <Execution id="ac199ab1-c88f-4d19-9575-ffe9d5eb6ea0" />
      <TestMethod codeBase="D:\actions-runner\_work\XPCO\XPCO\SC\Components\RemoteViewer\SmartClient\tst\zSmartClient_UnitTest\bin\x64\Debug\net472\zSmartClient_UnitTest.dll" adapterTypeName="executor://mstestadapter/v2" className="SmartClient_UnitTest.VideoOS.RemoteClient.Application.Managers.ExportManagerTests" name="AddSelectedWindowsToExport_ShouldShowCorrectToastMessages" />
    </UnitTest>
    <UnitTest name="AddAttributeValueCommand_NullValue_AttributeValueSet" storage="d:\actions-runner\_work\xpco\xpco\sc\components\remoteviewer\smartclient\tst\zsmartclient_unittest\bin\x64\debug\net472\zsmartclient_unittest.dll" id="3f3233bd-4893-b779-69f6-789d6f6a1d9a">
      <TestCategory>
        <TestCategoryItem TestCategory="Search" />
      </TestCategory>
      <Execution id="dec375c7-38af-40f6-802e-d63f2a15698e" />
      <TestMethod codeBase="D:\actions-runner\_work\XPCO\XPCO\SC\Components\RemoteViewer\SmartClient\tst\zSmartClient_UnitTest\bin\x64\Debug\net472\zSmartClient_UnitTest.dll" adapterTypeName="executor://mstestadapter/v2" className="SmartClient_UnitTest.VideoOS.RemoteClient.Plugin.CentralizedSearch.ViewModels.SearchAttributeViewModelTests" name="AddAttributeValueCommand_NullValue_AttributeValueSet" />
    </UnitTest>
    <UnitTest name="PtzPresetsMenuViewModelConstructorTest" storage="d:\actions-runner\_work\xpco\xpco\sc\components\remoteviewer\smartclient\tst\zsmartclient_unittest\bin\x64\debug\net472\zsmartclient_unittest.dll" id="d44210af-46ab-fec2-8d60-032381467d22">
      <Execution id="e06399d9-3140-4504-94af-ba08323dc80e" />
      <TestMethod codeBase="D:\actions-runner\_work\XPCO\XPCO\SC\Components\RemoteViewer\SmartClient\tst\zSmartClient_UnitTest\bin\x64\Debug\net472\zSmartClient_UnitTest.dll" adapterTypeName="executor://mstestadapter/v2" className="SmartClient_UnitTest.VideoOS.RemoteClient.Application.Data.ContentTypes.CameraContentType.PtzPresetsMenuViewModelTest" name="PtzPresetsMenuViewModelConstructorTest" />
    </UnitTest>
    <UnitTest name="Connect_SucceedeInConnectingWithBasicUser_ShouldReturnTrue" storage="d:\actions-runner\_work\xpco\xpco\sc\components\remoteviewer\smartclient\tst\zsmartclient_unittest\bin\x64\debug\net472\zsmartclient_unittest.dll" id="071ac8b1-07a6-4ae6-7403-5c16e58426a3">
      <Execution id="ebe1b3fb-6223-460a-842b-14d31324c5d7" />
      <TestMethod codeBase="D:\actions-runner\_work\XPCO\XPCO\SC\Components\RemoteViewer\SmartClient\tst\zSmartClient_UnitTest\bin\x64\Debug\net472\zSmartClient_UnitTest.dll" adapterTypeName="executor://mstestadapter/v2" className="VideoOS.Shared.ServerAPI.VMOViewerClientFacade.UnitTest.VMOViewerClientFacadeTests" name="Connect_SucceedeInConnectingWithBasicUser_ShouldReturnTrue" />
    </UnitTest>
    <UnitTest name="TestSelectedWorkroom_GetSelectedWorkroomWithNoWorkroomsInCollection_FailWithInvalidOperationException" storage="d:\actions-runner\_work\xpco\xpco\sc\components\remoteviewer\smartclient\tst\zsmartclient_unittest\bin\x64\debug\net472\zsmartclient_unittest.dll" id="3dd075ba-7c20-36ac-fd3e-ad2d99db0844">
      <TestCategory>
        <TestCategoryItem TestCategory="WorkroomController" />
      </TestCategory>
      <Execution id="7ec30eb1-6a1f-46c2-ad46-90652a74cdeb" />
      <TestMethod codeBase="D:\actions-runner\_work\XPCO\XPCO\SC\Components\RemoteViewer\SmartClient\tst\zSmartClient_UnitTest\bin\x64\Debug\net472\zSmartClient_UnitTest.dll" adapterTypeName="executor://mstestadapter/v2" className="VideoOS.RemoteClient.Application.Controllers.WorkroomController.UnitTest.TabWorkroomControllerTest" name="TestSelectedWorkroom_GetSelectedWorkroomWithNoWorkroomsInCollection_FailWithInvalidOperationException" />
    </UnitTest>
    <UnitTest name="SixHours_Success" storage="d:\actions-runner\_work\xpco\xpco\sc\components\remoteviewer\smartclient\tst\zsmartclient_unittest\bin\x64\debug\net472\zsmartclient_unittest.dll" id="87907f38-5e5a-055c-b4ad-972d80a0d676">
      <TestCategory>
        <TestCategoryItem TestCategory="Search" />
      </TestCategory>
      <Execution id="b97ab4c7-93e6-4b4c-baa8-8fcb24d87383" />
      <TestMethod codeBase="D:\actions-runner\_work\XPCO\XPCO\SC\Components\RemoteViewer\SmartClient\tst\zSmartClient_UnitTest\bin\x64\Debug\net472\zSmartClient_UnitTest.dll" adapterTypeName="executor://mstestadapter/v2" className="SmartClient_UnitTest.VideoOS.RemoteClient.Plugin.CentralizedSearch.Models.ScopeDurationTests" name="SixHours_Success" />
    </UnitTest>
    <UnitTest name="ToggleMicrophoneStateAsync_ShouldUnMuteMicrophone_WhenMicrophoneWasMuted" storage="d:\actions-runner\_work\xpco\xpco\sc\components\remoteviewer\smartclient\tst\zsmartclient_unittest\bin\x64\debug\net472\zsmartclient_unittest.dll" id="d7c6fd34-24a6-6d61-4f74-e11b861b527b">
      <TestCategory>
        <TestCategoryItem TestCategory="GisMapAudioController" />
      </TestCategory>
      <Execution id="7f2a78b1-1993-45c7-aa21-d423089e3301" />
      <TestMethod codeBase="D:\actions-runner\_work\XPCO\XPCO\SC\Components\RemoteViewer\SmartClient\tst\zSmartClient_UnitTest\bin\x64\Debug\net472\zSmartClient_UnitTest.dll" adapterTypeName="executor://mstestadapter/v2" className="SmartClient_UnitTest.VideoOS.RemoteClient.GisMapData.GisMapAudioControllerTests" name="ToggleMicrophoneStateAsync_ShouldUnMuteMicrophone_WhenMicrophoneWasMuted" />
    </UnitTest>
    <UnitTest name="Search_MultipleCategoriesWithOverlappingFilter_AppropriateFiltersUpdatedInSubDefinitions" storage="d:\actions-runner\_work\xpco\xpco\sc\components\remoteviewer\smartclient\tst\zsmartclient_unittest\bin\x64\debug\net472\zsmartclient_unittest.dll" id="cc634d85-ac00-a639-0e52-434691164702">
      <TestCategory>
        <TestCategoryItem TestCategory="Search" />
      </TestCategory>
      <Execution id="c0e49e97-383e-4d36-9d10-35bd51b82ae0" />
      <TestMethod codeBase="D:\actions-runner\_work\XPCO\XPCO\SC\Components\RemoteViewer\SmartClient\tst\zSmartClient_UnitTest\bin\x64\Debug\net472\zSmartClient_UnitTest.dll" adapterTypeName="executor://mstestadapter/v2" className="SmartClient_UnitTest.VideoOS.RemoteClient.Plugin.CentralizedSearch.MIPPlugin.CompositeSearchDefinitionTests" name="Search_MultipleCategoriesWithOverlappingFilter_AppropriateFiltersUpdatedInSubDefinitions" />
    </UnitTest>
    <UnitTest name="PtzPresetsMenuViewModel_SetInfo_PtzSessionControllerInfo_ArgumentNullCheckTest" storage="d:\actions-runner\_work\xpco\xpco\sc\components\remoteviewer\smartclient\tst\zsmartclient_unittest\bin\x64\debug\net472\zsmartclient_unittest.dll" id="b0add685-1c58-f35e-e4aa-57de22bf2774">
      <Execution id="4b14f911-864d-4037-b0df-6db1ad078570" />
      <TestMethod codeBase="D:\actions-runner\_work\XPCO\XPCO\SC\Components\RemoteViewer\SmartClient\tst\zSmartClient_UnitTest\bin\x64\Debug\net472\zSmartClient_UnitTest.dll" adapterTypeName="executor://mstestadapter/v2" className="SmartClient_UnitTest.VideoOS.RemoteClient.Application.Data.ContentTypes.CameraContentType.PtzPresetsMenuViewModelTest" name="PtzPresetsMenuViewModel_SetInfo_PtzSessionControllerInfo_ArgumentNullCheckTest" />
    </UnitTest>
    <UnitTest name="Compare_SameBeginTimeDeterministicBehavior_CameraId_Success" storage="d:\actions-runner\_work\xpco\xpco\sc\components\remoteviewer\smartclient\tst\zsmartclient_unittest\bin\x64\debug\net472\zsmartclient_unittest.dll" id="43001655-6df0-fd55-49b4-09a30b307ee3">
      <TestCategory>
        <TestCategoryItem TestCategory="SearchComparers" />
      </TestCategory>
      <Execution id="4f53a9ad-e91f-472b-b61c-bdcd13a4d339" />
      <TestMethod codeBase="D:\actions-runner\_work\XPCO\XPCO\SC\Components\RemoteViewer\SmartClient\tst\zSmartClient_UnitTest\bin\x64\Debug\net472\zSmartClient_UnitTest.dll" adapterTypeName="executor://mstestadapter/v2" className="SmartClient_UnitTest.VideoOS.RemoteClient.Plugin.CentralizedSearch.Models.Wrappers.Comparers.BeginTimeWithPaddingComparerTests" name="Compare_SameBeginTimeDeterministicBehavior_CameraId_Success" />
    </UnitTest>
    <UnitTest name="SearchResultCombineType_ShouldNotSetSearchTemplateAsModified_WhenValueChangesAndSearchTemplateIsNotActive" storage="d:\actions-runner\_work\xpco\xpco\sc\components\remoteviewer\smartclient\tst\zsmartclient_unittest\bin\x64\debug\net472\zsmartclient_unittest.dll" id="626588a6-8954-1a80-be96-bc32494f9793">
      <TestCategory>
        <TestCategoryItem TestCategory="SearchViewModels" />
      </TestCategory>
      <Execution id="f05f4b93-cfbe-4359-8e07-cd5438944985" />
      <TestMethod codeBase="D:\actions-runner\_work\XPCO\XPCO\SC\Components\RemoteViewer\SmartClient\tst\zSmartClient_UnitTest\bin\x64\Debug\net472\zSmartClient_UnitTest.dll" adapterTypeName="executor://mstestadapter/v2" className="SmartClient_UnitTest.VideoOS.RemoteClient.Plugin.CentralizedSearch.ViewModels.SearchViewModelTests" name="SearchResultCombineType_ShouldNotSetSearchTemplateAsModified_WhenValueChangesAndSearchTemplateIsNotActive" />
    </UnitTest>
    <UnitTest name="HasWritePermissionOnDir_WriteAllowed_ReturnsTrue" storage="d:\actions-runner\_work\xpco\xpco\sc\components\remoteviewer\smartclient\tst\zsmartclient_unittest\bin\x64\debug\net472\zsmartclient_unittest.dll" id="798f07f3-7aba-5c3c-bfdb-b4e160b73303">
      <TestCategory>
        <TestCategoryItem TestCategory="Search" />
      </TestCategory>
      <Execution id="c5052c97-89d2-43bd-ad8b-bd30e79f5127" />
      <TestMethod codeBase="D:\actions-runner\_work\XPCO\XPCO\SC\Components\RemoteViewer\SmartClient\tst\zSmartClient_UnitTest\bin\x64\Debug\net472\zSmartClient_UnitTest.dll" adapterTypeName="executor://mstestadapter/v2" className="SmartClient_UnitTest.VideoOS.RemoteClient.Plugin.CentralizedSearch.ViewModels.Data.SnapshotHandlerTests" name="HasWritePermissionOnDir_WriteAllowed_ReturnsTrue" />
    </UnitTest>
    <UnitTest name="Constructor_ShouldThrowException_WhenStateHandlerFactoryIsNull" storage="d:\actions-runner\_work\xpco\xpco\sc\components\remoteviewer\smartclient\tst\zsmartclient_unittest\bin\x64\debug\net472\zsmartclient_unittest.dll" id="046c17a3-2693-b379-a8a6-25e6537747cf">
      <TestCategory>
        <TestCategoryItem TestCategory="ReportingContentType" />
      </TestCategory>
      <Execution id="a9709823-ca76-48dc-bc5c-97ac0b82c1fb" />
      <TestMethod codeBase="D:\actions-runner\_work\XPCO\XPCO\SC\Components\RemoteViewer\SmartClient\tst\zSmartClient_UnitTest\bin\x64\Debug\net472\zSmartClient_UnitTest.dll" adapterTypeName="executor://mstestadapter/v2" className="SmartClient_UnitTest.VideoOS.RemoteClient.Application.Data.ContentTypes.ReportingContentType.ReportViewerViewModelTest" name="Constructor_ShouldThrowException_WhenStateHandlerFactoryIsNull" />
    </UnitTest>
    <UnitTest name="DeleteSearchTemplateAsync_ThrowTimeoutException_Success" storage="d:\actions-runner\_work\xpco\xpco\sc\components\remoteviewer\smartclient\tst\zsmartclient_unittest\bin\x64\debug\net472\zsmartclient_unittest.dll" id="d15f2956-b0bb-0a02-ecca-d862db8848a6">
      <TestCategory>
        <TestCategoryItem TestCategory="SearchTemplatesService" />
      </TestCategory>
      <Execution id="6f578321-8192-461f-9eda-6ce24b9fa82a" />
      <TestMethod codeBase="D:\actions-runner\_work\XPCO\XPCO\SC\Components\RemoteViewer\SmartClient\tst\zSmartClient_UnitTest\bin\x64\Debug\net472\zSmartClient_UnitTest.dll" adapterTypeName="executor://mstestadapter/v2" className="SmartClient_UnitTest.VideoOS.RemoteClient.Plugin.CentralizedSearch.SearchTemplates.Service.SearchTemplateServiceTests" name="DeleteSearchTemplateAsync_ThrowTimeoutException_Success" />
    </UnitTest>
    <UnitTest name="GetWorkspaceToolbarItems_ShouldReturnGroupedToolbarItemAsHidden_WhenAllSubItemsAreHidden" storage="d:\actions-runner\_work\xpco\xpco\sc\components\remoteviewer\smartclient\tst\zsmartclient_unittest\bin\x64\debug\net472\zsmartclient_unittest.dll" id="53185803-f30d-3a94-55f9-276f689abca4">
      <TestCategory>
        <TestCategoryItem TestCategory="WorkspaceToolbar" />
      </TestCategory>
      <Execution id="3e83b774-ac1f-484c-9ea2-eec5c1df49e8" />
      <TestMethod codeBase="D:\actions-runner\_work\XPCO\XPCO\SC\Components\RemoteViewer\SmartClient\tst\zSmartClient_UnitTest\bin\x64\Debug\net472\zSmartClient_UnitTest.dll" adapterTypeName="executor://mstestadapter/v2" className="SmartClient_UnitTest.VideoOS.RemoteClient.Application.UI.Content.WorkspaceToolbar.MIPWorkspaceToolbarItemManagerTests" name="GetWorkspaceToolbarItems_ShouldReturnGroupedToolbarItemAsHidden_WhenAllSubItemsAreHidden" />
    </UnitTest>
    <UnitTest name="OutputMapItem_ForceActivateAsync_InBuilding_MapLayerHidden_Success" storage="d:\actions-runner\_work\xpco\xpco\sc\components\remoteviewer\smartclient\tst\zsmartclient_unittest\bin\x64\debug\net472\zsmartclient_unittest.dll" id="c3727fbd-7b27-2b58-8aac-80b9993febce">
      <TestCategory>
        <TestCategoryItem TestCategory="GisMapData.MapItem.Outputs" />
      </TestCategory>
      <Execution id="d885d72f-99bd-4dd5-bda0-4c2e735304ef" />
      <TestMethod codeBase="D:\actions-runner\_work\XPCO\XPCO\SC\Components\RemoteViewer\SmartClient\tst\zSmartClient_UnitTest\bin\x64\Debug\net472\zSmartClient_UnitTest.dll" adapterTypeName="executor://mstestadapter/v2" className="SmartClient_UnitTest.VideoOS.RemoteClient.GisMapData.MapItem.Outputs.OutputMapItemTests" name="OutputMapItem_ForceActivateAsync_InBuilding_MapLayerHidden_Success" />
    </UnitTest>
    <UnitTest name="BoundingBoxPlaybackStart" storage="d:\actions-runner\_work\xpco\xpco\sc\components\remoteviewer\smartclient\tst\zsmartclient_unittest\bin\x64\debug\net472\zsmartclient_unittest.dll" id="56b7fe15-643b-5b55-8dfa-1ded6df183bf">
      <Execution id="ca099114-1bbd-49ee-adf0-8119fd4be5a4" />
      <TestMethod codeBase="D:\actions-runner\_work\XPCO\XPCO\SC\Components\RemoteViewer\SmartClient\tst\zSmartClient_UnitTest\bin\x64\Debug\net472\zSmartClient_UnitTest.dll" adapterTypeName="executor://mstestadapter/v2" className="SmartClient_UnitTest.VideoOS.RemoteClient.Application.Data.Metadata.BoundingBoxes.BoundingBoxProviderTest" name="BoundingBoxPlaybackStart" />
    </UnitTest>
    <UnitTest name="HoverBehaviour_MouseLeave_HoverTickIsHidden" storage="d:\actions-runner\_work\xpco\xpco\sc\components\remoteviewer\smartclient\tst\zsmartclient_unittest\bin\x64\debug\net472\zsmartclient_unittest.dll" id="8c46d0ed-f3b9-c5f4-aaef-9879232f4518">
      <TestCategory>
        <TestCategoryItem TestCategory="SearchControls" />
      </TestCategory>
      <Execution id="33f62910-a34f-49b4-9990-206efd89c443" />
      <TestMethod codeBase="D:\actions-runner\_work\XPCO\XPCO\SC\Components\RemoteViewer\SmartClient\tst\zSmartClient_UnitTest\bin\x64\Debug\net472\zSmartClient_UnitTest.dll" adapterTypeName="executor://mstestadapter/v2" className="SmartClient_UnitTest.VideoOS.RemoteClient.Plugin.CentralizedSearch.Views.Controls.TimelineRuler.TimelineRulerControlTests" name="HoverBehaviour_MouseLeave_HoverTickIsHidden" />
    </UnitTest>
    <UnitTest name="NavigateAndSelectAsync_ReCenterCommandDisabled_Success" storage="d:\actions-runner\_work\xpco\xpco\sc\components\remoteviewer\smartclient\tst\zsmartclient_unittest\bin\x64\debug\net472\zsmartclient_unittest.dll" id="dc3b0316-49f0-426f-b38e-3bcd6e62bfdd">
      <TestCategory>
        <TestCategoryItem TestCategory="GisMap.GisMapViewModel" />
      </TestCategory>
      <Execution id="d6e51c32-523e-4ff5-9b98-bb38dad85491" />
      <TestMethod codeBase="D:\actions-runner\_work\XPCO\XPCO\SC\Components\RemoteViewer\SmartClient\tst\zSmartClient_UnitTest\bin\x64\Debug\net472\zSmartClient_UnitTest.dll" adapterTypeName="executor://mstestadapter/v2" className="SmartClient_UnitTest.VideoOS.RemoteClient.Plugin.GisMap.ViewModels.GisMapViewModelTests" name="NavigateAndSelectAsync_ReCenterCommandDisabled_Success" />
    </UnitTest>
    <UnitTest name="GetUserOptions_ShouldNotDecryptOptions_WhenServerIs2020R3OrNewer" storage="d:\actions-runner\_work\xpco\xpco\sc\components\remoteviewer\smartclient\tst\zsmartclient_unittest\bin\x64\debug\net472\zsmartclient_unittest.dll" id="db58b9a0-b265-e010-375f-3c8e68defc73">
      <TestCategory>
        <TestCategoryItem TestCategory="Managers" />
      </TestCategory>
      <Execution id="538d824a-2287-4b6d-a406-2efcb6723a9b" />
      <TestMethod codeBase="D:\actions-runner\_work\XPCO\XPCO\SC\Components\RemoteViewer\SmartClient\tst\zSmartClient_UnitTest\bin\x64\Debug\net472\zSmartClient_UnitTest.dll" adapterTypeName="executor://mstestadapter/v2" className="SmartClient_UnitTest.VideoOS.RemoteClient.Application.Managers.OptionManagerTests" name="GetUserOptions_ShouldNotDecryptOptions_WhenServerIs2020R3OrNewer" />
    </UnitTest>
    <UnitTest name="TryGetOsmServerTileAddress_ShouldSetEmptyAddress_WhenOsmServerAddressIsNull" storage="d:\actions-runner\_work\xpco\xpco\sc\components\remoteviewer\smartclient\tst\zsmartclient_unittest\bin\x64\debug\net472\zsmartclient_unittest.dll" id="df32f1cb-82fe-5f6f-2fce-2d11c090b877">
      <TestCategory>
        <TestCategoryItem TestCategory="GisMapData.Controllers.Osm" />
      </TestCategory>
      <Execution id="5710c142-7b0c-400e-96d0-963b8e2288fe" />
      <TestMethod codeBase="D:\actions-runner\_work\XPCO\XPCO\SC\Components\RemoteViewer\SmartClient\tst\zSmartClient_UnitTest\bin\x64\Debug\net472\zSmartClient_UnitTest.dll" adapterTypeName="executor://mstestadapter/v2" className="SmartClient_UnitTest.VideoOS.RemoteClient.GisMapData.Controllers.Osm.GisMapOsmControllerTests" name="TryGetOsmServerTileAddress_ShouldSetEmptyAddress_WhenOsmServerAddressIsNull" />
    </UnitTest>
    <UnitTest name="InputMapItem_ForceActivateAsync_InBuilding_UseLastLevel_Success" storage="d:\actions-runner\_work\xpco\xpco\sc\components\remoteviewer\smartclient\tst\zsmartclient_unittest\bin\x64\debug\net472\zsmartclient_unittest.dll" id="de27c998-c190-9d93-e424-7870d21a123c">
      <TestCategory>
        <TestCategoryItem TestCategory="GisMapData.MapItem.Inputs" />
      </TestCategory>
      <Execution id="7e08b7da-c1e5-45ce-a8f0-dd87cd8a26d0" />
      <TestMethod codeBase="D:\actions-runner\_work\XPCO\XPCO\SC\Components\RemoteViewer\SmartClient\tst\zSmartClient_UnitTest\bin\x64\Debug\net472\zSmartClient_UnitTest.dll" adapterTypeName="executor://mstestadapter/v2" className="SmartClient_UnitTest.VideoOS.RemoteClient.GisMapData.MapItem.Inputs.InputMapItemTests" name="InputMapItem_ForceActivateAsync_InBuilding_UseLastLevel_Success" />
    </UnitTest>
    <UnitTest name="HandleGetLayerFeatures_ShouldRaiseArgumentException_WhenNotCameraKind" storage="d:\actions-runner\_work\xpco\xpco\sc\components\remoteviewer\smartclient\tst\zsmartclient_unittest\bin\x64\debug\net472\zsmartclient_unittest.dll" id="e9263aa8-347f-0f52-1f4b-0a131d318784">
      <TestCategory>
        <TestCategoryItem TestCategory="GisMapData.Handlers.LayerFeatures" />
      </TestCategory>
      <Execution id="da5bac52-cc64-4c52-ab8e-a761df65014a" />
      <TestMethod codeBase="D:\actions-runner\_work\XPCO\XPCO\SC\Components\RemoteViewer\SmartClient\tst\zSmartClient_UnitTest\bin\x64\Debug\net472\zSmartClient_UnitTest.dll" adapterTypeName="executor://mstestadapter/v2" className="SmartClient_UnitTest.VideoOS.RemoteClient.GisMapData.Handlers.LayerFeatures.CameraLayerFeaturesHandlerTests" name="HandleGetLayerFeatures_ShouldRaiseArgumentException_WhenNotCameraKind" />
    </UnitTest>
    <UnitTest name="TestChangeProperties_Note_Success" storage="d:\actions-runner\_work\xpco\xpco\sc\components\remoteviewer\smartclient\tst\zsmartclient_unittest\bin\x64\debug\net472\zsmartclient_unittest.dll" id="6bac4380-8ca1-03ec-b0fa-87faadf2b614">
      <TestCategory>
        <TestCategoryItem TestCategory="GisMapBuilding" />
      </TestCategory>
      <Execution id="ce2fa911-b47e-4949-be1b-3c40bc5760df" />
      <TestMethod codeBase="D:\actions-runner\_work\XPCO\XPCO\SC\Components\RemoteViewer\SmartClient\tst\zSmartClient_UnitTest\bin\x64\Debug\net472\zSmartClient_UnitTest.dll" adapterTypeName="executor://mstestadapter/v2" className="SmartClient_UnitTest.VideoOS.RemoteClient.GisMap.MapBuildingTests" name="TestChangeProperties_Note_Success" />
    </UnitTest>
    <UnitTest name="FilterValueHasRegionSelectionForCamera_ShouldReturnTrue_WhenFilterValueDoesHaveRegionSelectionForCamera" storage="d:\actions-runner\_work\xpco\xpco\sc\components\remoteviewer\smartclient\tst\zsmartclient_unittest\bin\x64\debug\net472\zsmartclient_unittest.dll" id="77cba9e9-3a3f-2b38-cfa1-fd20ef6dec97">
      <TestCategory>
        <TestCategoryItem TestCategory="Search.Filters.ViewModels" />
      </TestCategory>
      <Execution id="2e278b0a-a6b0-4f6c-9dd5-4e99d783e952" />
      <TestMethod codeBase="D:\actions-runner\_work\XPCO\XPCO\SC\Components\RemoteViewer\SmartClient\tst\zSmartClient_UnitTest\bin\x64\Debug\net472\zSmartClient_UnitTest.dll" adapterTypeName="executor://mstestadapter/v2" className="SmartClient_UnitTest.VideoOS.RemoteClient.Plugin.CentralizedSearch.MIPPlugin.Criteria.ViewModels.SmartSearchCameraListItemHelperTests" name="FilterValueHasRegionSelectionForCamera_ShouldReturnTrue_WhenFilterValueDoesHaveRegionSelectionForCamera" />
    </UnitTest>
    <UnitTest name="ToTimeScope_YesterdayInNonDST_Success" storage="d:\actions-runner\_work\xpco\xpco\sc\components\remoteviewer\smartclient\tst\zsmartclient_unittest\bin\x64\debug\net472\zsmartclient_unittest.dll" id="2864b3eb-0ab6-4da0-5436-4c6f89cc4874">
      <TestCategory>
        <TestCategoryItem TestCategory="Search" />
      </TestCategory>
      <Execution id="38d00558-fbd7-4d30-b441-41c37f5850fb" />
      <TestMethod codeBase="D:\actions-runner\_work\XPCO\XPCO\SC\Components\RemoteViewer\SmartClient\tst\zSmartClient_UnitTest\bin\x64\Debug\net472\zSmartClient_UnitTest.dll" adapterTypeName="executor://mstestadapter/v2" className="SmartClient_UnitTest.VideoOS.RemoteClient.Plugin.CentralizedSearch.Models.ScopeDurationTests" name="ToTimeScope_YesterdayInNonDST_Success" />
    </UnitTest>
    <UnitTest name="GetWorkspaceToolbarItems_ShouldNotReturnGroupedToolbarItem_WhenGroupIdIsNull" storage="d:\actions-runner\_work\xpco\xpco\sc\components\remoteviewer\smartclient\tst\zsmartclient_unittest\bin\x64\debug\net472\zsmartclient_unittest.dll" id="5ce1375e-46fd-90ff-af6f-56b477f36294">
      <TestCategory>
        <TestCategoryItem TestCategory="WorkspaceToolbar" />
      </TestCategory>
      <Execution id="3b5bb67c-7471-4c8f-b0a5-2e7b4902ca65" />
      <TestMethod codeBase="D:\actions-runner\_work\XPCO\XPCO\SC\Components\RemoteViewer\SmartClient\tst\zSmartClient_UnitTest\bin\x64\Debug\net472\zSmartClient_UnitTest.dll" adapterTypeName="executor://mstestadapter/v2" className="SmartClient_UnitTest.VideoOS.RemoteClient.Application.UI.Content.WorkspaceToolbar.MIPWorkspaceToolbarItemManagerTests" name="GetWorkspaceToolbarItems_ShouldNotReturnGroupedToolbarItem_WhenGroupIdIsNull" />
    </UnitTest>
    <UnitTest name="Combine_ShouldPassAllStringInputValidationTests_OnlyFirstPermutationUsed" storage="d:\actions-runner\_work\xpco\xpco\sc\components\remoteviewer\smartclient\tst\zsmartclient_unittest\bin\x64\debug\net472\zsmartclient_unittest.dll" id="33dd535d-bccc-f095-c4f3-483569c16d21">
      <Execution id="b469c00a-4aef-45c2-98bd-7c8859d910f3" />
      <TestMethod codeBase="D:\actions-runner\_work\XPCO\XPCO\SC\Components\RemoteViewer\SmartClient\tst\zSmartClient_UnitTest\bin\x64\Debug\net472\zSmartClient_UnitTest.dll" adapterTypeName="executor://mstestadapter/v2" className="SmartClient_UnitTest.VideoOS.RemoteClient.Plugin.CentralizedSearch.Models.Combiners.SearchResultCombinerTests" name="Combine_ShouldPassAllStringInputValidationTests_OnlyFirstPermutationUsed" />
    </UnitTest>
    <UnitTest name="TwelveHours_Success" storage="d:\actions-runner\_work\xpco\xpco\sc\components\remoteviewer\smartclient\tst\zsmartclient_unittest\bin\x64\debug\net472\zsmartclient_unittest.dll" id="43ebd83e-9e77-e80a-e383-3f96bfb58151">
      <TestCategory>
        <TestCategoryItem TestCategory="Search" />
      </TestCategory>
      <Execution id="cfa2a0f8-c3af-4fe7-ba1c-cb5416774777" />
      <TestMethod codeBase="D:\actions-runner\_work\XPCO\XPCO\SC\Components\RemoteViewer\SmartClient\tst\zSmartClient_UnitTest\bin\x64\Debug\net472\zSmartClient_UnitTest.dll" adapterTypeName="executor://mstestadapter/v2" className="SmartClient_UnitTest.VideoOS.RemoteClient.Plugin.CentralizedSearch.Models.ScopeDurationTests" name="TwelveHours_Success" />
    </UnitTest>
    <UnitTest name="IgnoredFiltersChanged_WarningTextChanges" storage="d:\actions-runner\_work\xpco\xpco\sc\components\remoteviewer\smartclient\tst\zsmartclient_unittest\bin\x64\debug\net472\zsmartclient_unittest.dll" id="a2a9cc5c-ea62-0899-d27a-81da48bb47d1">
      <TestCategory>
        <TestCategoryItem TestCategory="Search" />
      </TestCategory>
      <Execution id="c28c3f28-8c41-4cc2-a5d2-79563c9b23f7" />
      <TestMethod codeBase="D:\actions-runner\_work\XPCO\XPCO\SC\Components\RemoteViewer\SmartClient\tst\zSmartClient_UnitTest\bin\x64\Debug\net472\zSmartClient_UnitTest.dll" adapterTypeName="executor://mstestadapter/v2" className="SmartClient_UnitTest.VideoOS.RemoteClient.Plugin.CentralizedSearch.ViewModels.CompositeSearchWarningViewModelTests" name="IgnoredFiltersChanged_WarningTextChanges" />
    </UnitTest>
    <UnitTest name="Enable_WhenInvoked_ThenAlarmEnableAndSubscribers" storage="d:\actions-runner\_work\xpco\xpco\sc\components\remoteviewer\smartclient\tst\zsmartclient_unittest\bin\x64\debug\net472\zsmartclient_unittest.dll" id="885a9095-1f49-3411-918f-5cf4108e4b7b">
      <Execution id="67ad44aa-f120-46dc-9e87-d455be27ef54" />
      <TestMethod codeBase="D:\actions-runner\_work\XPCO\XPCO\SC\Components\RemoteViewer\SmartClient\tst\zSmartClient_UnitTest\bin\x64\Debug\net472\zSmartClient_UnitTest.dll" adapterTypeName="executor://mstestadapter/v2" className="SmartClient_UnitTest.VideoOS.RemoteClient.GisMapData.MapLayers.LayerAlarmNotificationTest" name="Enable_WhenInvoked_ThenAlarmEnableAndSubscribers" />
    </UnitTest>
    <UnitTest name="Create_Retention_Times_Cannot_Be_Before_1900" storage="d:\actions-runner\_work\xpco\xpco\sc\components\remoteviewer\smartclient\tst\zsmartclient_unittest\bin\x64\debug\net472\zsmartclient_unittest.dll" id="c9640990-b6c9-dafb-a909-cdccd9fc41e7">
      <Execution id="72f3ab59-032c-443e-b2d8-d9378b104b3d" />
      <TestMethod codeBase="D:\actions-runner\_work\XPCO\XPCO\SC\Components\RemoteViewer\SmartClient\tst\zSmartClient_UnitTest\bin\x64\Debug\net472\zSmartClient_UnitTest.dll" adapterTypeName="executor://mstestadapter/v2" className="SmartClient_UnitTest.VideoOS.RemoteClient.Application.Components.EvidenceLock.EvidenceLockCreateEditTests" name="Create_Retention_Times_Cannot_Be_Before_1900" />
    </UnitTest>
    <UnitTest name="IsProcessing_ClearWhileUnprocessedItems_Success" storage="d:\actions-runner\_work\xpco\xpco\sc\components\remoteviewer\smartclient\tst\zsmartclient_unittest\bin\x64\debug\net472\zsmartclient_unittest.dll" id="aa1fb81d-7b98-7b44-90a1-fd0ecea840da">
      <TestCategory>
        <TestCategoryItem TestCategory="SearchResultsPreprocessor" />
      </TestCategory>
      <Execution id="5a397758-c5a2-4b87-a605-92b81533be47" />
      <TestMethod codeBase="D:\actions-runner\_work\XPCO\XPCO\SC\Components\RemoteViewer\SmartClient\tst\zSmartClient_UnitTest\bin\x64\Debug\net472\zSmartClient_UnitTest.dll" adapterTypeName="executor://mstestadapter/v2" className="SmartClient_UnitTest.VideoOS.RemoteClient.Plugin.CentralizedSearch.Models.SearchResultsPreprocessorTests" name="IsProcessing_ClearWhileUnprocessedItems_Success" />
    </UnitTest>
    <UnitTest name="SaveAsNewSearchTemplateAsync_Succeeds_Success" storage="d:\actions-runner\_work\xpco\xpco\sc\components\remoteviewer\smartclient\tst\zsmartclient_unittest\bin\x64\debug\net472\zsmartclient_unittest.dll" id="5effecc7-0d7c-71b0-4a5d-1b5e24448f32">
      <TestCategory>
        <TestCategoryItem TestCategory="SearchTemplates" />
      </TestCategory>
      <Execution id="b43edbfe-7eac-4251-9831-c9dc5d0c8944" />
      <TestMethod codeBase="D:\actions-runner\_work\XPCO\XPCO\SC\Components\RemoteViewer\SmartClient\tst\zSmartClient_UnitTest\bin\x64\Debug\net472\zSmartClient_UnitTest.dll" adapterTypeName="executor://mstestadapter/v2" className="SmartClient_UnitTest.VideoOS.RemoteClient.Plugin.CentralizedSearch.SearchTemplates.SearchTemplateManagerTests" name="SaveAsNewSearchTemplateAsync_Succeeds_Success" />
    </UnitTest>
    <UnitTest name="IconValueConverter_ConvertInvalidIconSourceFallbackBuiltIn_Success" storage="d:\actions-runner\_work\xpco\xpco\sc\components\remoteviewer\smartclient\tst\zsmartclient_unittest\bin\x64\debug\net472\zsmartclient_unittest.dll" id="3a31272a-a65c-0e34-46f8-f3357cdba23a">
      <TestCategory>
        <TestCategoryItem TestCategory="SearchConverter" />
      </TestCategory>
      <Execution id="d6c01cc0-df2d-4bca-8b41-6b73ad1a8f66" />
      <TestMethod codeBase="D:\actions-runner\_work\XPCO\XPCO\SC\Components\RemoteViewer\SmartClient\tst\zSmartClient_UnitTest\bin\x64\Debug\net472\zSmartClient_UnitTest.dll" adapterTypeName="executor://mstestadapter/v2" className="SmartClient_UnitTest.VideoOS.RemoteClient.Plugin.CentralizedSearch.Views.Converters.IconValueConverterTests" name="IconValueConverter_ConvertInvalidIconSourceFallbackBuiltIn_Success" />
    </UnitTest>
    <UnitTest name="CreateDetailsViewControl_ValidSearchResult_Success" storage="d:\actions-runner\_work\xpco\xpco\sc\components\remoteviewer\smartclient\tst\zsmartclient_unittest\bin\x64\debug\net472\zsmartclient_unittest.dll" id="86e972ed-14c6-3ad2-ddf5-8b4f957f0006">
      <TestCategory>
        <TestCategoryItem TestCategory="SearchViews" />
      </TestCategory>
      <Execution id="3f140366-dfee-4ac7-8fdc-657d4c4bd0dc" />
      <TestMethod codeBase="D:\actions-runner\_work\XPCO\XPCO\SC\Components\RemoteViewer\SmartClient\tst\zSmartClient_UnitTest\bin\x64\Debug\net472\zSmartClient_UnitTest.dll" adapterTypeName="executor://mstestadapter/v2" className="SmartClient_UnitTest.VideoOS.RemoteClient.Plugin.CentralizedSearch.Views.SearchResultsViewTests" name="CreateDetailsViewControl_ValidSearchResult_Success" />
    </UnitTest>
    <UnitTest name="LeftButtonUpEvent_ShouldHidePreviewOfCameras_WhenInteractionStateIsAddNewDeviceState" storage="d:\actions-runner\_work\xpco\xpco\sc\components\remoteviewer\smartclient\tst\zsmartclient_unittest\bin\x64\debug\net472\zsmartclient_unittest.dll" id="32ed77af-24ae-94bc-03f8-4122e838d29f">
      <TestCategory>
        <TestCategoryItem TestCategory="GisMap.MapControl" />
      </TestCategory>
      <Execution id="99a9db16-0f9f-4b5c-9f3d-b6d596d6ceeb" />
      <TestMethod codeBase="D:\actions-runner\_work\XPCO\XPCO\SC\Components\RemoteViewer\SmartClient\tst\zSmartClient_UnitTest\bin\x64\Debug\net472\zSmartClient_UnitTest.dll" adapterTypeName="executor://mstestadapter/v2" className="SmartClient_UnitTest.VideoOS.RemoteClient.Plugin.GisMap.ThinkGeoMap.ThinkGeoMapControlTests" name="LeftButtonUpEvent_ShouldHidePreviewOfCameras_WhenInteractionStateIsAddNewDeviceState" />
    </UnitTest>
    <UnitTest name="DateToStringConverter_Convert_InvalidParameter_ReturnUnsetValue" storage="d:\actions-runner\_work\xpco\xpco\sc\components\remoteviewer\smartclient\tst\zsmartclient_unittest\bin\x64\debug\net472\zsmartclient_unittest.dll" id="e975a99c-1f61-f6af-a603-7683bb9bab62">
      <TestCategory>
        <TestCategoryItem TestCategory="SearchConverter" />
      </TestCategory>
      <Execution id="67d1aab9-970e-4ccf-b2ce-700f79829052" />
      <TestMethod codeBase="D:\actions-runner\_work\XPCO\XPCO\SC\Components\RemoteViewer\SmartClient\tst\zSmartClient_UnitTest\bin\x64\Debug\net472\zSmartClient_UnitTest.dll" adapterTypeName="executor://mstestadapter/v2" className="SmartClient_UnitTest.VideoOS.RemoteClient.Plugin.CentralizedSearch.Views.Converters.DateToStringConverterTests" name="DateToStringConverter_Convert_InvalidParameter_ReturnUnsetValue" />
    </UnitTest>
    <UnitTest name="DisplayErrorOnNotificationArea_UnknownSearchError_LoggingEnabled_Success" storage="d:\actions-runner\_work\xpco\xpco\sc\components\remoteviewer\smartclient\tst\zsmartclient_unittest\bin\x64\debug\net472\zsmartclient_unittest.dll" id="84f8043b-4691-c526-0edb-4d71ad8832d8">
      <TestCategory>
        <TestCategoryItem TestCategory="SearchViewModels" />
      </TestCategory>
      <Execution id="165ee8d5-81f7-4167-a2ae-9f800216a7b0" />
      <TestMethod codeBase="D:\actions-runner\_work\XPCO\XPCO\SC\Components\RemoteViewer\SmartClient\tst\zSmartClient_UnitTest\bin\x64\Debug\net472\zSmartClient_UnitTest.dll" adapterTypeName="executor://mstestadapter/v2" className="SmartClient_UnitTest.VideoOS.RemoteClient.Plugin.CentralizedSearch.ViewModels.SearchViewModelTests" name="DisplayErrorOnNotificationArea_UnknownSearchError_LoggingEnabled_Success" />
    </UnitTest>
    <UnitTest name="Unrelated_devices_removed_when_unrelated_camera_with_related_devices_added" storage="d:\actions-runner\_work\xpco\xpco\sc\components\remoteviewer\smartclient\tst\zsmartclient_unittest\bin\x64\debug\net472\zsmartclient_unittest.dll" id="20b32a9d-1528-d876-b23d-11423094b46d">
      <Execution id="f905d239-d3e1-4f9f-b0fe-5b66a55bcdfb" />
      <TestMethod codeBase="D:\actions-runner\_work\XPCO\XPCO\SC\Components\RemoteViewer\SmartClient\tst\zSmartClient_UnitTest\bin\x64\Debug\net472\zSmartClient_UnitTest.dll" adapterTypeName="executor://mstestadapter/v2" className="SmartClient_UnitTest.VideoOS.RemoteClient.Application.Components.EvidenceLock.EvidenceLockRelatedDeviceTests" name="Unrelated_devices_removed_when_unrelated_camera_with_related_devices_added" />
    </UnitTest>
    <UnitTest name="Custom, forced" storage="d:\actions-runner\_work\xpco\xpco\sc\components\remoteviewer\smartclient\tst\zsmartclient_unittest\bin\x64\debug\net472\zsmartclient_unittest.dll" id="3440448b-f182-3326-b799-bc9fc2738adb">
      <TestCategory>
        <TestCategoryItem TestCategory="Export" />
      </TestCategory>
      <Execution id="6a6ff3ee-b8c8-428e-833f-5683fdb35206" />
      <TestMethod codeBase="D:\actions-runner\_work\XPCO\XPCO\SC\Components\RemoteViewer\SmartClient\tst\zSmartClient_UnitTest\bin\x64\Debug\net472\zSmartClient_UnitTest.dll" adapterTypeName="executor://mstestadapter/v2" className="SmartClient_UnitTest.VideoOS.RemoteClient.Plugin.Export.CreateExportDialogViewModelTests" name="CreateExportDialog_ExportPathCanBeModified_BasedOnOptions" />
    </UnitTest>
    <UnitTest name="InputItemsLayer_NotIsGeographic_Load_Success" storage="d:\actions-runner\_work\xpco\xpco\sc\components\remoteviewer\smartclient\tst\zsmartclient_unittest\bin\x64\debug\net472\zsmartclient_unittest.dll" id="5ff0df64-4714-54ce-b6d1-3a4063918e93">
      <TestCategory>
        <TestCategoryItem TestCategory="GisMapLayer" />
      </TestCategory>
      <Execution id="c4ff9dc8-3008-4ea6-ae05-ae8e9b3e0f94" />
      <TestMethod codeBase="D:\actions-runner\_work\XPCO\XPCO\SC\Components\RemoteViewer\SmartClient\tst\zSmartClient_UnitTest\bin\x64\Debug\net472\zSmartClient_UnitTest.dll" adapterTypeName="executor://mstestadapter/v2" className="SmartClient_UnitTest.VideoOS.RemoteClient.GisMap.MapLayers.GisMapLayerTests" name="InputItemsLayer_NotIsGeographic_Load_Success" />
    </UnitTest>
    <UnitTest name="OnLayersRetrieved_ShouldSetComponentsToCameraAndInput_WhenLayersCollectionContainsCameraAndInputAndOutput" storage="d:\actions-runner\_work\xpco\xpco\sc\components\remoteviewer\smartclient\tst\zsmartclient_unittest\bin\x64\debug\net472\zsmartclient_unittest.dll" id="bfbae833-a487-affd-e910-685bd64afc57">
      <TestCategory>
        <TestCategoryItem TestCategory="GisMap.DeviceSelectorWindowViewModel" />
      </TestCategory>
      <Execution id="0f087c0f-ef90-4cc3-9966-8068c0b7883e" />
      <TestMethod codeBase="D:\actions-runner\_work\XPCO\XPCO\SC\Components\RemoteViewer\SmartClient\tst\zSmartClient_UnitTest\bin\x64\Debug\net472\zSmartClient_UnitTest.dll" adapterTypeName="executor://mstestadapter/v2" className="SmartClient_UnitTest.VideoOS.RemoteClient.Plugin.GisMap.ViewModels.DeviceSelectorWindowViewModelTests" name="OnLayersRetrieved_ShouldSetComponentsToCameraAndInput_WhenLayersCollectionContainsCameraAndInputAndOutput" />
    </UnitTest>
    <UnitTest name="Forced" storage="d:\actions-runner\_work\xpco\xpco\sc\components\remoteviewer\smartclient\tst\zsmartclient_unittest\bin\x64\debug\net472\zsmartclient_unittest.dll" id="ccc464e8-45ae-b4d4-a53d-f854db73b0a5">
      <TestCategory>
        <TestCategoryItem TestCategory="Export" />
      </TestCategory>
      <Execution id="d51cbabb-084a-42e5-a59a-0a1fb6befee3" />
      <TestMethod codeBase="D:\actions-runner\_work\XPCO\XPCO\SC\Components\RemoteViewer\SmartClient\tst\zSmartClient_UnitTest\bin\x64\Debug\net472\zSmartClient_UnitTest.dll" adapterTypeName="executor://mstestadapter/v2" className="SmartClient_UnitTest.VideoOS.RemoteClient.Plugin.Export.CreateExportDialogViewModelTests" name="CreateExportDialog_GlobalCommentCanBeModified_BasedOnOptions" />
    </UnitTest>
    <UnitTest name="SearchResultsActionBarActions_SendToFloatingWindow_InvokeCommand_Success" storage="d:\actions-runner\_work\xpco\xpco\sc\components\remoteviewer\smartclient\tst\zsmartclient_unittest\bin\x64\debug\net472\zsmartclient_unittest.dll" id="aa6b509d-ef33-e576-b983-961276c69241">
      <TestCategory>
        <TestCategoryItem TestCategory="SearchResultActionBarViewModel" />
      </TestCategory>
      <Execution id="8ce149fc-73b0-4db0-b045-8ff022366417" />
      <TestMethod codeBase="D:\actions-runner\_work\XPCO\XPCO\SC\Components\RemoteViewer\SmartClient\tst\zSmartClient_UnitTest\bin\x64\Debug\net472\zSmartClient_UnitTest.dll" adapterTypeName="executor://mstestadapter/v2" className="SmartClient_UnitTest.VideoOS.RemoteClient.Plugin.CentralizedSearch.ViewModels.SearchResultsActionBarViewModelTest" name="SearchResultsActionBarActions_SendToFloatingWindow_InvokeCommand_Success" />
    </UnitTest>
    <UnitTest name="Parse_SixHours_Success" storage="d:\actions-runner\_work\xpco\xpco\sc\components\remoteviewer\smartclient\tst\zsmartclient_unittest\bin\x64\debug\net472\zsmartclient_unittest.dll" id="90ade623-c933-13b0-3f87-d92db5a5c117">
      <TestCategory>
        <TestCategoryItem TestCategory="Search" />
      </TestCategory>
      <Execution id="f0daa307-7441-4f3f-9d40-b32c4c6d53a2" />
      <TestMethod codeBase="D:\actions-runner\_work\XPCO\XPCO\SC\Components\RemoteViewer\SmartClient\tst\zSmartClient_UnitTest\bin\x64\Debug\net472\zSmartClient_UnitTest.dll" adapterTypeName="executor://mstestadapter/v2" className="SmartClient_UnitTest.VideoOS.RemoteClient.Plugin.CentralizedSearch.Models.ScopeDurationTests" name="Parse_SixHours_Success" />
    </UnitTest>
    <UnitTest name="Compare_NullVsNotNull_GreaterThan" storage="d:\actions-runner\_work\xpco\xpco\sc\components\remoteviewer\smartclient\tst\zsmartclient_unittest\bin\x64\debug\net472\zsmartclient_unittest.dll" id="8304cf81-7f4f-297c-5609-3851440a85fa">
      <TestCategory>
        <TestCategoryItem TestCategory="SearchComparers" />
      </TestCategory>
      <Execution id="a42096b8-9b56-4cc3-9ec2-a7dbb468f61a" />
      <TestMethod codeBase="D:\actions-runner\_work\XPCO\XPCO\SC\Components\RemoteViewer\SmartClient\tst\zSmartClient_UnitTest\bin\x64\Debug\net472\zSmartClient_UnitTest.dll" adapterTypeName="executor://mstestadapter/v2" className="SmartClient_UnitTest.VideoOS.RemoteClient.Plugin.CentralizedSearch.Models.Wrappers.Comparers.BeginTimeWithPaddingComparerTests" name="Compare_NullVsNotNull_GreaterThan" />
    </UnitTest>
    <UnitTest name="SearchResultsActionBarActions_EditBookmark_Enabled" storage="d:\actions-runner\_work\xpco\xpco\sc\components\remoteviewer\smartclient\tst\zsmartclient_unittest\bin\x64\debug\net472\zsmartclient_unittest.dll" id="9c89c59d-b4e1-b0e6-38b6-740ac9ec96bd">
      <TestCategory>
        <TestCategoryItem TestCategory="SearchResultActionBarViewModel" />
      </TestCategory>
      <Execution id="a87b23f9-b004-464c-976e-37a0f31232ac" />
      <TestMethod codeBase="D:\actions-runner\_work\XPCO\XPCO\SC\Components\RemoteViewer\SmartClient\tst\zSmartClient_UnitTest\bin\x64\Debug\net472\zSmartClient_UnitTest.dll" adapterTypeName="executor://mstestadapter/v2" className="SmartClient_UnitTest.VideoOS.RemoteClient.Plugin.CentralizedSearch.ViewModels.SearchResultsActionBarViewModelTest" name="SearchResultsActionBarActions_EditBookmark_Enabled" />
    </UnitTest>
    <UnitTest name="ValidateExportName_ShouldReturnFailResult_InvalidCharactersInExportName (1213*)" storage="d:\actions-runner\_work\xpco\xpco\sc\components\remoteviewer\smartclient\tst\zsmartclient_unittest\bin\x64\debug\net472\zsmartclient_unittest.dll" id="5abecf11-14e8-1dec-27ca-77abbda42776">
      <TestCategory>
        <TestCategoryItem TestCategory="Export" />
      </TestCategory>
      <Execution id="e9e3e8aa-5027-4da8-a2f6-43287bd8cedb" />
      <TestMethod codeBase="D:\actions-runner\_work\XPCO\XPCO\SC\Components\RemoteViewer\SmartClient\tst\zSmartClient_UnitTest\bin\x64\Debug\net472\zSmartClient_UnitTest.dll" adapterTypeName="executor://mstestadapter/v2" className="SmartClient_UnitTest.VideoOS.RemoteClient.Plugin.Export.ExportDataValidatorTests" name="ValidateExportName_ShouldReturnFailResult_InvalidCharactersInExportName" />
    </UnitTest>
    <UnitTest name="PatrollingStepListViewModel_DeleteStepCommand" storage="d:\actions-runner\_work\xpco\xpco\sc\components\remoteviewer\smartclient\tst\zsmartclient_unittest\bin\x64\debug\net472\zsmartclient_unittest.dll" id="9ef40f5e-38f9-a518-38bf-9ae97100aebe">
      <Execution id="dbbef338-a6f7-49c1-8cd1-28632f16cb76" />
      <TestMethod codeBase="D:\actions-runner\_work\XPCO\XPCO\SC\Components\RemoteViewer\SmartClient\tst\zSmartClient_UnitTest\bin\x64\Debug\net472\zSmartClient_UnitTest.dll" adapterTypeName="executor://mstestadapter/v2" className="SmartClient_UnitTest.VideoOS.RemoteClient.Application.UI.PtzPreset.PatrollingViewModel.PatrollingStepListViewModelTest" name="PatrollingStepListViewModel_DeleteStepCommand" />
    </UnitTest>
    <UnitTest name="Deserialize_InvalidXml_Error" storage="d:\actions-runner\_work\xpco\xpco\sc\components\remoteviewer\smartclient\tst\zsmartclient_unittest\bin\x64\debug\net472\zsmartclient_unittest.dll" id="a727049e-baa7-2030-caa3-50ce4db896ae">
      <TestCategory>
        <TestCategoryItem TestCategory="SearchSerialization" />
      </TestCategory>
      <Execution id="700c0fdc-5d1c-4b38-94ad-41323947569a" />
      <TestMethod codeBase="D:\actions-runner\_work\XPCO\XPCO\SC\Components\RemoteViewer\SmartClient\tst\zSmartClient_UnitTest\bin\x64\Debug\net472\zSmartClient_UnitTest.dll" adapterTypeName="executor://mstestadapter/v2" className="SmartClient_UnitTest.VideoOS.RemoteClient.Plugin.CentralizedSearch.Models.Serialization.SearchSerializerTests" name="Deserialize_InvalidXml_Error" />
    </UnitTest>
    <UnitTest name="InitialPassword_ShouldBePropagatedToPasswords" storage="d:\actions-runner\_work\xpco\xpco\sc\components\remoteviewer\smartclient\tst\zsmartclient_unittest\bin\x64\debug\net472\zsmartclient_unittest.dll" id="ad2137f8-da12-9879-f4e4-b1576d0429b7">
      <TestCategory>
        <TestCategoryItem TestCategory="Export" />
      </TestCategory>
      <Execution id="9d386468-00ab-4c6e-893e-9137c789c058" />
      <TestMethod codeBase="D:\actions-runner\_work\XPCO\XPCO\SC\Components\RemoteViewer\SmartClient\tst\zSmartClient_UnitTest\bin\x64\Debug\net472\zSmartClient_UnitTest.dll" adapterTypeName="executor://mstestadapter/v2" className="SmartClient_UnitTest.VideoOS.RemoteClient.Plugin.Export.PasswordDialogViewModelTests" name="InitialPassword_ShouldBePropagatedToPasswords" />
    </UnitTest>
    <UnitTest name="HandleGetDeviceData_ShouldReturnNotFoundDeviceData_WhenMicrophoneKindAndNonExistingMicrophoneId" storage="d:\actions-runner\_work\xpco\xpco\sc\components\remoteviewer\smartclient\tst\zsmartclient_unittest\bin\x64\debug\net472\zsmartclient_unittest.dll" id="3f089a4c-2d32-ba99-dedb-fa96b9528cb6">
      <TestCategory>
        <TestCategoryItem TestCategory="GisMap.Handlers.Devices.MapItems" />
      </TestCategory>
      <Execution id="ac04a395-24dd-42b5-be59-962f1410c1a0" />
      <TestMethod codeBase="D:\actions-runner\_work\XPCO\XPCO\SC\Components\RemoteViewer\SmartClient\tst\zSmartClient_UnitTest\bin\x64\Debug\net472\zSmartClient_UnitTest.dll" adapterTypeName="executor://mstestadapter/v2" className="SmartClient_UnitTest.VideoOS.RemoteClient.Plugin.GisMap.Handlers.Devices.MapItems.MicrophoneDataHandlerTests" name="HandleGetDeviceData_ShouldReturnNotFoundDeviceData_WhenMicrophoneKindAndNonExistingMicrophoneId" />
    </UnitTest>
    <UnitTest name="AddSelectedCameras_ValidCamera_CameraAdded" storage="d:\actions-runner\_work\xpco\xpco\sc\components\remoteviewer\smartclient\tst\zsmartclient_unittest\bin\x64\debug\net472\zsmartclient_unittest.dll" id="3dff5113-fbc5-85c4-6443-3894194c92b8">
      <TestCategory>
        <TestCategoryItem TestCategory="SearchViewModels" />
      </TestCategory>
      <Execution id="daefebb9-e0b1-4fed-9667-eeb734d8c82e" />
      <TestMethod codeBase="D:\actions-runner\_work\XPCO\XPCO\SC\Components\RemoteViewer\SmartClient\tst\zSmartClient_UnitTest\bin\x64\Debug\net472\zSmartClient_UnitTest.dll" adapterTypeName="executor://mstestadapter/v2" className="SmartClient_UnitTest.VideoOS.RemoteClient.Plugin.CentralizedSearch.ViewModels.SearchViewModelTests" name="AddSelectedCameras_ValidCamera_CameraAdded" />
    </UnitTest>
    <UnitTest name="DisplayErrorOnNotificationArea_UnknownSearchError_LoggingDisabled_Success" storage="d:\actions-runner\_work\xpco\xpco\sc\components\remoteviewer\smartclient\tst\zsmartclient_unittest\bin\x64\debug\net472\zsmartclient_unittest.dll" id="45f53e24-e644-c161-a854-8f98e8cdbf61">
      <TestCategory>
        <TestCategoryItem TestCategory="SearchViewModels" />
      </TestCategory>
      <Execution id="9e3fc988-5e67-4d91-bfd0-1f45bbc481e4" />
      <TestMethod codeBase="D:\actions-runner\_work\XPCO\XPCO\SC\Components\RemoteViewer\SmartClient\tst\zSmartClient_UnitTest\bin\x64\Debug\net472\zSmartClient_UnitTest.dll" adapterTypeName="executor://mstestadapter/v2" className="SmartClient_UnitTest.VideoOS.RemoteClient.Plugin.CentralizedSearch.ViewModels.SearchViewModelTests" name="DisplayErrorOnNotificationArea_UnknownSearchError_LoggingDisabled_Success" />
    </UnitTest>
    <UnitTest name="UpdateScope_AbsoluteScopeDurationFromTimeChanged_ReturnsTrue" storage="d:\actions-runner\_work\xpco\xpco\sc\components\remoteviewer\smartclient\tst\zsmartclient_unittest\bin\x64\debug\net472\zsmartclient_unittest.dll" id="d8d8f61c-66c0-35aa-72e8-108d872447d5">
      <TestCategory>
        <TestCategoryItem TestCategory="SearchModels" />
      </TestCategory>
      <Execution id="3fddfae3-38f1-4be8-8a74-59f27422bbb1" />
      <TestMethod codeBase="D:\actions-runner\_work\XPCO\XPCO\SC\Components\RemoteViewer\SmartClient\tst\zSmartClient_UnitTest\bin\x64\Debug\net472\zSmartClient_UnitTest.dll" adapterTypeName="executor://mstestadapter/v2" className="SmartClient_UnitTest.VideoOS.RemoteClient.Plugin.CentralizedSearch.Models.SearchScopeTests" name="UpdateScope_AbsoluteScopeDurationFromTimeChanged_ReturnsTrue" />
    </UnitTest>
    <UnitTest name="GetPrivacyMaskTest" storage="d:\actions-runner\_work\xpco\xpco\sc\components\remoteviewer\smartclient\tst\zsmartclient_unittest\bin\x64\debug\net472\zsmartclient_unittest.dll" id="f6cae615-2487-dbea-6964-0ccca1418db3">
      <Execution id="592225d1-161b-4982-a4f2-49cee109b0ef" />
      <TestMethod codeBase="D:\actions-runner\_work\XPCO\XPCO\SC\Components\RemoteViewer\SmartClient\tst\zSmartClient_UnitTest\bin\x64\Debug\net472\zSmartClient_UnitTest.dll" adapterTypeName="executor://mstestadapter/v2" className="SmartClient_UnitTest.VideoOS.RemoteClient.Application.Data.ContentTypes.CameraContentType.PrivacyMaskTest" name="GetPrivacyMaskTest" />
    </UnitTest>
    <UnitTest name="PopulateTooltip_FewResultsFromSingleCamera24Hours_ValidText" storage="d:\actions-runner\_work\xpco\xpco\sc\components\remoteviewer\smartclient\tst\zsmartclient_unittest\bin\x64\debug\net472\zsmartclient_unittest.dll" id="0d83c1ac-5a73-d746-bd8b-9b4e86108c9b">
      <TestCategory>
        <TestCategoryItem TestCategory="SearchControls" />
      </TestCategory>
      <Execution id="9edb5787-6384-45f8-9c92-901101224fde" />
      <TestMethod codeBase="D:\actions-runner\_work\XPCO\XPCO\SC\Components\RemoteViewer\SmartClient\tst\zSmartClient_UnitTest\bin\x64\Debug\net472\zSmartClient_UnitTest.dll" adapterTypeName="executor://mstestadapter/v2" className="SmartClient_UnitTest.VideoOS.RemoteClient.Plugin.CentralizedSearch.Views.Controls.TimelineRuler.TimelineRulerControlTests" name="PopulateTooltip_FewResultsFromSingleCamera24Hours_ValidText" />
    </UnitTest>
    <UnitTest name="PtzSessionControllerInfo_UserChangedTest_NoChange_Anonymous" storage="d:\actions-runner\_work\xpco\xpco\sc\components\remoteviewer\smartclient\tst\zsmartclient_unittest\bin\x64\debug\net472\zsmartclient_unittest.dll" id="537b2445-9bec-85ec-3d34-ba15ef73d25d">
      <Execution id="78ad951c-6ddf-4da9-8b71-3c38efa51351" />
      <TestMethod codeBase="D:\actions-runner\_work\XPCO\XPCO\SC\Components\RemoteViewer\SmartClient\tst\zSmartClient_UnitTest\bin\x64\Debug\net472\zSmartClient_UnitTest.dll" adapterTypeName="executor://mstestadapter/v2" className="VideoOS.RemoteClient.Application.Controllers.UnitTest.PtzSessionControllerTest" name="PtzSessionControllerInfo_UserChangedTest_NoChange_Anonymous" />
    </UnitTest>
    <UnitTest name="AddToExportDevices_ShouldReturnCorrectResult (0,1,0)" storage="d:\actions-runner\_work\xpco\xpco\sc\components\remoteviewer\smartclient\tst\zsmartclient_unittest\bin\x64\debug\net472\zsmartclient_unittest.dll" id="3a1ea9f6-a18a-e117-50e1-2abd43b289e2">
      <TestCategory>
        <TestCategoryItem TestCategory="Managers" />
      </TestCategory>
      <Execution id="829d9e89-87dd-4d65-8398-104862dbde03" />
      <TestMethod codeBase="D:\actions-runner\_work\XPCO\XPCO\SC\Components\RemoteViewer\SmartClient\tst\zSmartClient_UnitTest\bin\x64\Debug\net472\zSmartClient_UnitTest.dll" adapterTypeName="executor://mstestadapter/v2" className="SmartClient_UnitTest.VideoOS.RemoteClient.Application.Managers.ExportManagerTests" name="AddToExportDevices_ShouldReturnCorrectResult" />
    </UnitTest>
    <UnitTest name="Ctor_AllTypesConfigured" storage="d:\actions-runner\_work\xpco\xpco\sc\components\remoteviewer\smartclient\tst\zsmartclient_unittest\bin\x64\debug\net472\zsmartclient_unittest.dll" id="b93013c3-d297-89cf-1fce-624bcbbbca6c">
      <TestCategory>
        <TestCategoryItem TestCategory="Search" />
      </TestCategory>
      <Execution id="f72b4760-0a5f-454d-ae4c-f9ef3e87e107" />
      <TestMethod codeBase="D:\actions-runner\_work\XPCO\XPCO\SC\Components\RemoteViewer\SmartClient\tst\zSmartClient_UnitTest\bin\x64\Debug\net472\zSmartClient_UnitTest.dll" adapterTypeName="executor://mstestadapter/v2" className="SmartClient_UnitTest.VideoOS.RemoteClient.Plugin.CentralizedSearch.MIPPlugin.ScSearchUserControlPluginTest" name="Ctor_AllTypesConfigured" />
    </UnitTest>
    <UnitTest name="Parse_Custom_Success" storage="d:\actions-runner\_work\xpco\xpco\sc\components\remoteviewer\smartclient\tst\zsmartclient_unittest\bin\x64\debug\net472\zsmartclient_unittest.dll" id="74b99f6c-f52d-e611-9fc2-7e56383e4299">
      <TestCategory>
        <TestCategoryItem TestCategory="Search" />
      </TestCategory>
      <Execution id="62297037-c700-4631-a7c1-2f6fe75bdb35" />
      <TestMethod codeBase="D:\actions-runner\_work\XPCO\XPCO\SC\Components\RemoteViewer\SmartClient\tst\zSmartClient_UnitTest\bin\x64\Debug\net472\zSmartClient_UnitTest.dll" adapterTypeName="executor://mstestadapter/v2" className="SmartClient_UnitTest.VideoOS.RemoteClient.Plugin.CentralizedSearch.Models.ScopeDurationTests" name="Parse_Custom_Success" />
    </UnitTest>
    <UnitTest name="DeviceIcons_ShouldBeCached_WhenCalled" storage="d:\actions-runner\_work\xpco\xpco\sc\components\remoteviewer\smartclient\tst\zsmartclient_unittest\bin\x64\debug\net472\zsmartclient_unittest.dll" id="669fc029-8875-e129-8d0c-bd7a31bdd15f">
      <TestCategory>
        <TestCategoryItem TestCategory="GisMapData.CameraOemResourcesProviderTests" />
      </TestCategory>
      <Execution id="99ea3a67-f0f9-4f6b-93a0-b52df8360c5e" />
      <TestMethod codeBase="D:\actions-runner\_work\XPCO\XPCO\SC\Components\RemoteViewer\SmartClient\tst\zSmartClient_UnitTest\bin\x64\Debug\net472\zSmartClient_UnitTest.dll" adapterTypeName="executor://mstestadapter/v2" className="SmartClient_UnitTest.VideoOS.RemoteClient.GisMapData.Resources.CameraOemResourcesProviderTests" name="DeviceIcons_ShouldBeCached_WhenCalled" />
    </UnitTest>
    <UnitTest name="State_ShouldUpdateMicrophoneIconImage_WhenSetToMute" storage="d:\actions-runner\_work\xpco\xpco\sc\components\remoteviewer\smartclient\tst\zsmartclient_unittest\bin\x64\debug\net472\zsmartclient_unittest.dll" id="2baa9530-1f3b-08c8-d90b-9f25fb854e03">
      <TestCategory>
        <TestCategoryItem TestCategory="GisMapData.MapItem.Microphones" />
      </TestCategory>
      <Execution id="29f27919-8d60-4492-9064-6f41f066f276" />
      <TestMethod codeBase="D:\actions-runner\_work\XPCO\XPCO\SC\Components\RemoteViewer\SmartClient\tst\zSmartClient_UnitTest\bin\x64\Debug\net472\zSmartClient_UnitTest.dll" adapterTypeName="executor://mstestadapter/v2" className="SmartClient_UnitTest.VideoOS.RemoteClient.GisMapData.MapItem.Microphones.MicrophoneMapItemTests" name="State_ShouldUpdateMicrophoneIconImage_WhenSetToMute" />
    </UnitTest>
    <UnitTest name="ShowAlreadyAddedToast_ShouldShowCorrectNumberOfToasts (1,1)" storage="d:\actions-runner\_work\xpco\xpco\sc\components\remoteviewer\smartclient\tst\zsmartclient_unittest\bin\x64\debug\net472\zsmartclient_unittest.dll" id="995126b2-b089-a150-2dce-04198c8d17e0">
      <TestCategory>
        <TestCategoryItem TestCategory="Managers" />
      </TestCategory>
      <Execution id="7d7c2b63-b1a5-49a4-add4-7be2aeab634d" />
      <TestMethod codeBase="D:\actions-runner\_work\XPCO\XPCO\SC\Components\RemoteViewer\SmartClient\tst\zSmartClient_UnitTest\bin\x64\Debug\net472\zSmartClient_UnitTest.dll" adapterTypeName="executor://mstestadapter/v2" className="SmartClient_UnitTest.VideoOS.RemoteClient.Application.Managers.ExportResultsNotificationHelperTests" name="ShowAlreadyAddedToast_ShouldShowCorrectNumberOfToasts" />
    </UnitTest>
    <UnitTest name="ActiveInteractionStateBinding_ShouldOnlyContainNormalAndNewDevice_WhenCtorIsCalled" storage="d:\actions-runner\_work\xpco\xpco\sc\components\remoteviewer\smartclient\tst\zsmartclient_unittest\bin\x64\debug\net472\zsmartclient_unittest.dll" id="29cd7680-6529-be15-6bcd-e95b8579b607">
      <TestCategory>
        <TestCategoryItem TestCategory="GisMap.OutputMarkerTest" />
      </TestCategory>
      <Execution id="44c8c2ff-e1f3-47b9-8290-7c5b40eddb69" />
      <TestMethod codeBase="D:\actions-runner\_work\XPCO\XPCO\SC\Components\RemoteViewer\SmartClient\tst\zSmartClient_UnitTest\bin\x64\Debug\net472\zSmartClient_UnitTest.dll" adapterTypeName="executor://mstestadapter/v2" className="SmartClient_UnitTest.VideoOS.RemoteClient.Plugin.GisMap.ThinkGeoMap.Markers.DeviceMarkers.OutputMarker.OutputMarkerTests" name="ActiveInteractionStateBinding_ShouldOnlyContainNormalAndNewDevice_WhenCtorIsCalled" />
    </UnitTest>
    <UnitTest name="SetItemOutlines_ItemNotCameraKind_Exception" storage="d:\actions-runner\_work\xpco\xpco\sc\components\remoteviewer\smartclient\tst\zsmartclient_unittest\bin\x64\debug\net472\zsmartclient_unittest.dll" id="bc299358-874f-d04a-92ad-e691bf3c092e">
      <TestCategory>
        <TestCategoryItem TestCategory="GisMap.GisMapViewFacade" />
      </TestCategory>
      <Execution id="c56ddcb9-0031-4c6e-b176-e9440c05ade2" />
      <TestMethod codeBase="D:\actions-runner\_work\XPCO\XPCO\SC\Components\RemoteViewer\SmartClient\tst\zSmartClient_UnitTest\bin\x64\Debug\net472\zSmartClient_UnitTest.dll" adapterTypeName="executor://mstestadapter/v2" className="SmartClient_UnitTest.VideoOS.RemoteClient.Plugin.GisMap.IoC.GisMapViewFacadeTests" name="SetItemOutlines_ItemNotCameraKind_Exception" />
    </UnitTest>
    <UnitTest name="Deserialize_ScopeDurationOnly_Success" storage="d:\actions-runner\_work\xpco\xpco\sc\components\remoteviewer\smartclient\tst\zsmartclient_unittest\bin\x64\debug\net472\zsmartclient_unittest.dll" id="4729feb7-4741-1ecd-d16a-200494d70780">
      <TestCategory>
        <TestCategoryItem TestCategory="SearchSerialization" />
      </TestCategory>
      <Execution id="d5017344-bc2a-4942-9ef8-4f61d4b51127" />
      <TestMethod codeBase="D:\actions-runner\_work\XPCO\XPCO\SC\Components\RemoteViewer\SmartClient\tst\zSmartClient_UnitTest\bin\x64\Debug\net472\zSmartClient_UnitTest.dll" adapterTypeName="executor://mstestadapter/v2" className="SmartClient_UnitTest.VideoOS.RemoteClient.Plugin.CentralizedSearch.Models.Serialization.SearchSerializerTests" name="Deserialize_ScopeDurationOnly_Success" />
    </UnitTest>
    <UnitTest name="TestReadXml" storage="d:\actions-runner\_work\xpco\xpco\sc\components\remoteviewer\smartclient\tst\zsmartclient_unittest\bin\x64\debug\net472\zsmartclient_unittest.dll" id="1bb961de-3244-ec3d-ba9c-efd8693da7cb">
      <Execution id="9fd1c25d-f82e-4acf-8c73-69eefc044725" />
      <TestMethod codeBase="D:\actions-runner\_work\XPCO\XPCO\SC\Components\RemoteViewer\SmartClient\tst\zSmartClient_UnitTest\bin\x64\Debug\net472\zSmartClient_UnitTest.dll" adapterTypeName="executor://mstestadapter/v2" className="SmartClient_UnitTest.VideoOS.RemoteClient.Application.Data.Retrievals.RetrievalMetadataTest" name="TestReadXml" />
    </UnitTest>
    <UnitTest name="PatrollingProfileViewModelTest_Constructor_Success" storage="d:\actions-runner\_work\xpco\xpco\sc\components\remoteviewer\smartclient\tst\zsmartclient_unittest\bin\x64\debug\net472\zsmartclient_unittest.dll" id="971ae998-f6f4-2825-fcc4-633419b90bb1">
      <Execution id="77430396-c337-4a03-82be-cf89acad6c78" />
      <TestMethod codeBase="D:\actions-runner\_work\XPCO\XPCO\SC\Components\RemoteViewer\SmartClient\tst\zSmartClient_UnitTest\bin\x64\Debug\net472\zSmartClient_UnitTest.dll" adapterTypeName="executor://mstestadapter/v2" className="SmartClient_UnitTest.VideoOS.RemoteClient.Application.UI.PtzPreset.PatrollingViewModel.PatrollingProfileViewModelTest" name="PatrollingProfileViewModelTest_Constructor_Success" />
    </UnitTest>
    <UnitTest name="Search_EmptyFilterValue_WarningTextNotApplied" storage="d:\actions-runner\_work\xpco\xpco\sc\components\remoteviewer\smartclient\tst\zsmartclient_unittest\bin\x64\debug\net472\zsmartclient_unittest.dll" id="e5973daf-eb52-605d-f256-024d8a961fe9">
      <TestCategory>
        <TestCategoryItem TestCategory="Search" />
      </TestCategory>
      <Execution id="28bde825-1b6a-41cd-b9b1-81eaedfd49be" />
      <TestMethod codeBase="D:\actions-runner\_work\XPCO\XPCO\SC\Components\RemoteViewer\SmartClient\tst\zSmartClient_UnitTest\bin\x64\Debug\net472\zSmartClient_UnitTest.dll" adapterTypeName="executor://mstestadapter/v2" className="SmartClient_UnitTest.VideoOS.RemoteClient.Plugin.CentralizedSearch.MIPPlugin.CompositeSearchDefinitionTests" name="Search_EmptyFilterValue_WarningTextNotApplied" />
    </UnitTest>
    <UnitTest name="ConvertToNewLevel_ThreeLevelsUp_Success" storage="d:\actions-runner\_work\xpco\xpco\sc\components\remoteviewer\smartclient\tst\zsmartclient_unittest\bin\x64\debug\net472\zsmartclient_unittest.dll" id="d6a59c85-6c58-584e-c43d-f10c50d7e1a2">
      <TestCategory>
        <TestCategoryItem TestCategory="GisMapIndex" />
      </TestCategory>
      <Execution id="519cab98-1b67-496b-89a7-8772ca68f9a2" />
      <TestMethod codeBase="D:\actions-runner\_work\XPCO\XPCO\SC\Components\RemoteViewer\SmartClient\tst\zSmartClient_UnitTest\bin\x64\Debug\net472\zSmartClient_UnitTest.dll" adapterTypeName="executor://mstestadapter/v2" className="SmartClient_UnitTest.VideoOS.RemoteClient.GisMapData.Common.Indexer.IndexGridExtentTest" name="ConvertToNewLevel_ThreeLevelsUp_Success" />
    </UnitTest>
    <UnitTest name="GetSLC_ShouldReturnCorrectSLC" storage="d:\actions-runner\_work\xpco\xpco\sc\components\remoteviewer\smartclient\tst\zsmartclient_unittest\bin\x64\debug\net472\zsmartclient_unittest.dll" id="9dcaedba-c848-3b00-d622-5c7b863dca11">
      <Execution id="937cf6a1-8b6c-4599-8f12-62a2746e1f0c" />
      <TestMethod codeBase="D:\actions-runner\_work\XPCO\XPCO\SC\Components\RemoteViewer\SmartClient\tst\zSmartClient_UnitTest\bin\x64\Debug\net472\zSmartClient_UnitTest.dll" adapterTypeName="executor://mstestadapter/v2" className="SmartClient_UnitTest.VideoOS.RemoteClient.Application.Common.Telemetry.SCTelemetrySpecificsTests" name="GetSLC_ShouldReturnCorrectSLC" />
    </UnitTest>
    <UnitTest name="OpenStreetMapLayerIsDisabled_ShouldReturnFalse_WhenOpenStreetMapGeographicLayerOptionIsNotAvailableAndOpenStreetMapAlternativeServerIsNotEmpty" storage="d:\actions-runner\_work\xpco\xpco\sc\components\remoteviewer\smartclient\tst\zsmartclient_unittest\bin\x64\debug\net472\zsmartclient_unittest.dll" id="cc0eb8f4-de0d-0d2a-a312-64bcc8b88edd">
      <TestCategory>
        <TestCategoryItem TestCategory="GisMapLayer" />
      </TestCategory>
      <Execution id="087eae23-85a1-46bf-81e4-c4619b6ca625" />
      <TestMethod codeBase="D:\actions-runner\_work\XPCO\XPCO\SC\Components\RemoteViewer\SmartClient\tst\zSmartClient_UnitTest\bin\x64\Debug\net472\zSmartClient_UnitTest.dll" adapterTypeName="executor://mstestadapter/v2" className="SmartClient_UnitTest.VideoOS.RemoteClient.GisMap.MapLayers.GisMapLayerTests" name="OpenStreetMapLayerIsDisabled_ShouldReturnFalse_WhenOpenStreetMapGeographicLayerOptionIsNotAvailableAndOpenStreetMapAlternativeServerIsNotEmpty" />
    </UnitTest>
    <UnitTest name="Outline_ShouldAcceptSet_WhenNon4CornersOutline" storage="d:\actions-runner\_work\xpco\xpco\sc\components\remoteviewer\smartclient\tst\zsmartclient_unittest\bin\x64\debug\net472\zsmartclient_unittest.dll" id="c6214463-25ef-9b77-19c9-f227068e9681">
      <TestCategory>
        <TestCategoryItem TestCategory="GisMapBuilding" />
      </TestCategory>
      <Execution id="6591292f-7c6d-4bb8-8916-d0c114385e4a" />
      <TestMethod codeBase="D:\actions-runner\_work\XPCO\XPCO\SC\Components\RemoteViewer\SmartClient\tst\zSmartClient_UnitTest\bin\x64\Debug\net472\zSmartClient_UnitTest.dll" adapterTypeName="executor://mstestadapter/v2" className="SmartClient_UnitTest.VideoOS.RemoteClient.GisMap.MapBuildingTests" name="Outline_ShouldAcceptSet_WhenNon4CornersOutline" />
    </UnitTest>
    <UnitTest name="ScrollIntoView_Async_DefinitionViewAboveOutOfViewPort_Scrolled" storage="d:\actions-runner\_work\xpco\xpco\sc\components\remoteviewer\smartclient\tst\zsmartclient_unittest\bin\x64\debug\net472\zsmartclient_unittest.dll" id="1a438984-8e5e-2cb0-c251-969595afcd3b">
      <TestCategory>
        <TestCategoryItem TestCategory="Search" />
      </TestCategory>
      <Execution id="df6baeb2-3a9d-44b1-af59-7903a1460a48" />
      <TestMethod codeBase="D:\actions-runner\_work\XPCO\XPCO\SC\Components\RemoteViewer\SmartClient\tst\zSmartClient_UnitTest\bin\x64\Debug\net472\zSmartClient_UnitTest.dll" adapterTypeName="executor://mstestadapter/v2" className="SmartClient_UnitTest.VideoOS.RemoteClient.Plugin.CentralizedSearch.Views.CriteriaViewTests" name="ScrollIntoView_Async_DefinitionViewAboveOutOfViewPort_Scrolled" />
    </UnitTest>
    <UnitTest name="SelectTemplate_InvalidItemType_ReturnsPopupTemplate" storage="d:\actions-runner\_work\xpco\xpco\sc\components\remoteviewer\smartclient\tst\zsmartclient_unittest\bin\x64\debug\net472\zsmartclient_unittest.dll" id="7d70a72d-3886-6952-72a5-a740f2010644">
      <TestCategory>
        <TestCategoryItem TestCategory="SearchViews" />
      </TestCategory>
      <Execution id="6728d35c-b8ed-4f39-a8de-3e8d5f4fee9b" />
      <TestMethod codeBase="D:\actions-runner\_work\XPCO\XPCO\SC\Components\RemoteViewer\SmartClient\tst\zSmartClient_UnitTest\bin\x64\Debug\net472\zSmartClient_UnitTest.dll" adapterTypeName="executor://mstestadapter/v2" className="SmartClient_UnitTest.VideoOS.RemoteClient.Plugin.CentralizedSearch.Views.AttributeEditControlTemplateSelectorTests" name="SelectTemplate_InvalidItemType_ReturnsPopupTemplate" />
    </UnitTest>
    <UnitTest name="IsLocationSelectionVisible_MappedToViewModel_Success" storage="d:\actions-runner\_work\xpco\xpco\sc\components\remoteviewer\smartclient\tst\zsmartclient_unittest\bin\x64\debug\net472\zsmartclient_unittest.dll" id="d39f566a-6448-5523-5e51-422943258ba3">
      <TestCategory>
        <TestCategoryItem TestCategory="GisMap.GisMapViewFacade" />
      </TestCategory>
      <Execution id="da0e10e9-36fc-477d-81bb-aebca322bfff" />
      <TestMethod codeBase="D:\actions-runner\_work\XPCO\XPCO\SC\Components\RemoteViewer\SmartClient\tst\zSmartClient_UnitTest\bin\x64\Debug\net472\zSmartClient_UnitTest.dll" adapterTypeName="executor://mstestadapter/v2" className="SmartClient_UnitTest.VideoOS.RemoteClient.Plugin.GisMap.IoC.GisMapViewFacadeTests" name="IsLocationSelectionVisible_MappedToViewModel_Success" />
    </UnitTest>
    <UnitTest name="OutputItemsLayer_NotIsGeographic_Load_Success" storage="d:\actions-runner\_work\xpco\xpco\sc\components\remoteviewer\smartclient\tst\zsmartclient_unittest\bin\x64\debug\net472\zsmartclient_unittest.dll" id="4359d1f6-24c0-77e3-a295-f1f91acd7a66">
      <TestCategory>
        <TestCategoryItem TestCategory="GisMapLayer" />
      </TestCategory>
      <Execution id="47f91707-fac5-44e6-9621-b767a8579936" />
      <TestMethod codeBase="D:\actions-runner\_work\XPCO\XPCO\SC\Components\RemoteViewer\SmartClient\tst\zSmartClient_UnitTest\bin\x64\Debug\net472\zSmartClient_UnitTest.dll" adapterTypeName="executor://mstestadapter/v2" className="SmartClient_UnitTest.VideoOS.RemoteClient.GisMap.MapLayers.GisMapLayerTests" name="OutputItemsLayer_NotIsGeographic_Load_Success" />
    </UnitTest>
    <UnitTest name="AddLevelWithLoadNewLevel_Success" storage="d:\actions-runner\_work\xpco\xpco\sc\components\remoteviewer\smartclient\tst\zsmartclient_unittest\bin\x64\debug\net472\zsmartclient_unittest.dll" id="10a1b738-5399-5e92-e2ed-009c7ed9c454">
      <TestCategory>
        <TestCategoryItem TestCategory="GisMapBuilding" />
      </TestCategory>
      <Execution id="cc69f003-a7c1-4bfd-9fbd-019a0b3b093d" />
      <TestMethod codeBase="D:\actions-runner\_work\XPCO\XPCO\SC\Components\RemoteViewer\SmartClient\tst\zSmartClient_UnitTest\bin\x64\Debug\net472\zSmartClient_UnitTest.dll" adapterTypeName="executor://mstestadapter/v2" className="SmartClient_UnitTest.VideoOS.RemoteClient.GisMapData.MapBuildings.MapLevelTests" name="AddLevelWithLoadNewLevel_Success" />
    </UnitTest>
    <UnitTest name="SidePanelToggleButtonIsVisible_DependingOnConditions (Normal,False,False,False)" storage="d:\actions-runner\_work\xpco\xpco\sc\components\remoteviewer\smartclient\tst\zsmartclient_unittest\bin\x64\debug\net472\zsmartclient_unittest.dll" id="11ced5ad-842d-1524-f246-9d123f54e1e0">
      <TestCategory>
        <TestCategoryItem TestCategory="WorkspaceToolbar" />
      </TestCategory>
      <Execution id="f8ea78e2-bbb4-46f2-bfa4-49f4a6f3cfb6" />
      <TestMethod codeBase="D:\actions-runner\_work\XPCO\XPCO\SC\Components\RemoteViewer\SmartClient\tst\zSmartClient_UnitTest\bin\x64\Debug\net472\zSmartClient_UnitTest.dll" adapterTypeName="executor://mstestadapter/v2" className="SmartClient_UnitTest.VideoOS.RemoteClient.Application.UI.Content.WorkspaceToolbar.WorkspaceToolbarViewModelTests" name="SidePanelToggleButtonIsVisible_DependingOnConditions" />
    </UnitTest>
    <UnitTest name="ActiveInteractionStateBinding_ShouldNotBeNull_WhenCtorIsCalled" storage="d:\actions-runner\_work\xpco\xpco\sc\components\remoteviewer\smartclient\tst\zsmartclient_unittest\bin\x64\debug\net472\zsmartclient_unittest.dll" id="69d36869-4d47-77af-11ea-1700a11c2aa4">
      <TestCategory>
        <TestCategoryItem TestCategory="GisMap.OutputMarkerTest" />
      </TestCategory>
      <Execution id="a62af58f-1b6b-4005-a8f6-54356ff0839c" />
      <TestMethod codeBase="D:\actions-runner\_work\XPCO\XPCO\SC\Components\RemoteViewer\SmartClient\tst\zSmartClient_UnitTest\bin\x64\Debug\net472\zSmartClient_UnitTest.dll" adapterTypeName="executor://mstestadapter/v2" className="SmartClient_UnitTest.VideoOS.RemoteClient.Plugin.GisMap.ThinkGeoMap.Markers.DeviceMarkers.OutputMarker.OutputMarkerTests" name="ActiveInteractionStateBinding_ShouldNotBeNull_WhenCtorIsCalled" />
    </UnitTest>
    <UnitTest name="HandleGetDeviceData_ShouldReturnNotFoundDeviceData_WhenNotSupportedKind" storage="d:\actions-runner\_work\xpco\xpco\sc\components\remoteviewer\smartclient\tst\zsmartclient_unittest\bin\x64\debug\net472\zsmartclient_unittest.dll" id="e833bb24-3fa7-84ca-0015-97d61c5799eb">
      <TestCategory>
        <TestCategoryItem TestCategory="GisMap.Handlers.Devices.MapItems" />
      </TestCategory>
      <Execution id="e2e417d6-804d-4b19-a28d-e5bd9ff908e6" />
      <TestMethod codeBase="D:\actions-runner\_work\XPCO\XPCO\SC\Components\RemoteViewer\SmartClient\tst\zSmartClient_UnitTest\bin\x64\Debug\net472\zSmartClient_UnitTest.dll" adapterTypeName="executor://mstestadapter/v2" className="SmartClient_UnitTest.VideoOS.RemoteClient.Plugin.GisMap.Handlers.Devices.MapItems.InputDataHandlerTests" name="HandleGetDeviceData_ShouldReturnNotFoundDeviceData_WhenNotSupportedKind" />
    </UnitTest>
    <UnitTest name="PatrollingProfileListViewModel_AddProfileCommand" storage="d:\actions-runner\_work\xpco\xpco\sc\components\remoteviewer\smartclient\tst\zsmartclient_unittest\bin\x64\debug\net472\zsmartclient_unittest.dll" id="720fe66f-b8b5-d4e5-7a83-b546dcd33e63">
      <Execution id="cccc23bb-df84-43af-8f44-b21061038a5e" />
      <TestMethod codeBase="D:\actions-runner\_work\XPCO\XPCO\SC\Components\RemoteViewer\SmartClient\tst\zSmartClient_UnitTest\bin\x64\Debug\net472\zSmartClient_UnitTest.dll" adapterTypeName="executor://mstestadapter/v2" className="SmartClient_UnitTest.VideoOS.RemoteClient.Application.UI.PtzPreset.PatrollingViewModel.PatrollingProfileListViewModelTest" name="PatrollingProfileListViewModel_AddProfileCommand" />
    </UnitTest>
    <UnitTest name="Compare_Descending_Success" storage="d:\actions-runner\_work\xpco\xpco\sc\components\remoteviewer\smartclient\tst\zsmartclient_unittest\bin\x64\debug\net472\zsmartclient_unittest.dll" id="c6e098df-93ea-edd9-9f8d-a8296c3d60ed">
      <TestCategory>
        <TestCategoryItem TestCategory="SearchComparers" />
      </TestCategory>
      <Execution id="9103b9d8-3b39-4880-ba0c-0d89528c756b" />
      <TestMethod codeBase="D:\actions-runner\_work\XPCO\XPCO\SC\Components\RemoteViewer\SmartClient\tst\zSmartClient_UnitTest\bin\x64\Debug\net472\zSmartClient_UnitTest.dll" adapterTypeName="executor://mstestadapter/v2" className="SmartClient_UnitTest.VideoOS.RemoteClient.Plugin.CentralizedSearch.Models.Wrappers.Comparers.BeginTimeWithPaddingComparerTests" name="Compare_Descending_Success" />
    </UnitTest>
    <UnitTest name="SelectTemplate_TextBoxFilterConfiguration_ReturnsInlineTemplate" storage="d:\actions-runner\_work\xpco\xpco\sc\components\remoteviewer\smartclient\tst\zsmartclient_unittest\bin\x64\debug\net472\zsmartclient_unittest.dll" id="87f381e7-d9c3-dd59-a7de-147f1cb1e49c">
      <TestCategory>
        <TestCategoryItem TestCategory="SearchViews" />
      </TestCategory>
      <Execution id="01c910a2-de62-4eca-851c-35dfe9158572" />
      <TestMethod codeBase="D:\actions-runner\_work\XPCO\XPCO\SC\Components\RemoteViewer\SmartClient\tst\zSmartClient_UnitTest\bin\x64\Debug\net472\zSmartClient_UnitTest.dll" adapterTypeName="executor://mstestadapter/v2" className="SmartClient_UnitTest.VideoOS.RemoteClient.Plugin.CentralizedSearch.Views.AttributeEditControlTemplateSelectorTests" name="SelectTemplate_TextBoxFilterConfiguration_ReturnsInlineTemplate" />
    </UnitTest>
    <UnitTest name="MonitorLiveState_Deserialize_Success" storage="d:\actions-runner\_work\xpco\xpco\sc\components\remoteviewer\smartclient\tst\zsmartclient_unittest\bin\x64\debug\net472\zsmartclient_unittest.dll" id="62ccd416-325f-fc18-4621-c0f70b480ec4">
      <Execution id="29093ff6-9778-44b9-b8f2-0b85dac75e06" />
      <TestMethod codeBase="D:\actions-runner\_work\XPCO\XPCO\SC\Components\RemoteViewer\SmartClient\tst\zSmartClient_UnitTest\bin\x64\Debug\net472\zSmartClient_UnitTest.dll" adapterTypeName="executor://mstestadapter/v2" className="SmartClient_UnitTest.VideoOS.RemoteClient.Data.VideoWall.MonitorStateTests" name="MonitorLiveState_Deserialize_Success" />
    </UnitTest>
    <UnitTest name="ShowSuccessToast_ShouldShowCorrectNumberOfToasts (0,0)" storage="d:\actions-runner\_work\xpco\xpco\sc\components\remoteviewer\smartclient\tst\zsmartclient_unittest\bin\x64\debug\net472\zsmartclient_unittest.dll" id="8ef9e844-3d1a-7964-caca-ab02c4eee36c">
      <TestCategory>
        <TestCategoryItem TestCategory="Managers" />
      </TestCategory>
      <Execution id="27959106-1bd3-4994-bbd5-a12993c5395c" />
      <TestMethod codeBase="D:\actions-runner\_work\XPCO\XPCO\SC\Components\RemoteViewer\SmartClient\tst\zSmartClient_UnitTest\bin\x64\Debug\net472\zSmartClient_UnitTest.dll" adapterTypeName="executor://mstestadapter/v2" className="SmartClient_UnitTest.VideoOS.RemoteClient.Application.Managers.ExportResultsNotificationHelperTests" name="ShowSuccessToast_ShouldShowCorrectNumberOfToasts" />
    </UnitTest>
    <UnitTest name="SevenDays_Success" storage="d:\actions-runner\_work\xpco\xpco\sc\components\remoteviewer\smartclient\tst\zsmartclient_unittest\bin\x64\debug\net472\zsmartclient_unittest.dll" id="de09b4c2-8c85-fd07-a4bd-ac2ed052171a">
      <TestCategory>
        <TestCategoryItem TestCategory="Search" />
      </TestCategory>
      <Execution id="3813bdad-1af6-4970-b946-61897cb2d523" />
      <TestMethod codeBase="D:\actions-runner\_work\XPCO\XPCO\SC\Components\RemoteViewer\SmartClient\tst\zSmartClient_UnitTest\bin\x64\Debug\net472\zSmartClient_UnitTest.dll" adapterTypeName="executor://mstestadapter/v2" className="SmartClient_UnitTest.VideoOS.RemoteClient.Plugin.CentralizedSearch.Models.ScopeDurationTests" name="SevenDays_Success" />
    </UnitTest>
    <UnitTest name="AddGetConfigurationMicrophoneTest" storage="d:\actions-runner\_work\xpco\xpco\sc\components\remoteviewer\smartclient\tst\zsmartclient_unittest\bin\x64\debug\net472\zsmartclient_unittest.dll" id="dfccc8b7-199c-9ea3-3acb-490aa9ca096b">
      <Execution id="981df0aa-0268-4273-b455-cebb78ac1769" />
      <TestMethod codeBase="D:\actions-runner\_work\XPCO\XPCO\SC\Components\RemoteViewer\SmartClient\tst\zSmartClient_UnitTest\bin\x64\Debug\net472\zSmartClient_UnitTest.dll" adapterTypeName="executor://mstestadapter/v2" className="SmartClient_UnitTest.VideoOS.Shared.ServerAPI.IServerConfigurationTest" name="AddGetConfigurationMicrophoneTest" />
    </UnitTest>
    <UnitTest name="TryGetEventServerIdByACSystemId_ShouldReturnProperEventServerId_WhenEventServerIdIsPartOfServerConfiguredAccessControlSystemsDictionary" storage="d:\actions-runner\_work\xpco\xpco\sc\components\remoteviewer\smartclient\tst\zsmartclient_unittest\bin\x64\debug\net472\zsmartclient_unittest.dll" id="e722e3a9-2981-c54f-b874-d266f762bbea">
      <TestCategory>
        <TestCategoryItem TestCategory="AccessControl" />
      </TestCategory>
      <Execution id="dd645226-0d9e-4452-8b1f-e116b6fc9c96" />
      <TestMethod codeBase="D:\actions-runner\_work\XPCO\XPCO\SC\Components\RemoteViewer\SmartClient\tst\zSmartClient_UnitTest\bin\x64\Debug\net472\zSmartClient_UnitTest.dll" adapterTypeName="executor://mstestadapter/v2" className="SmartClient_UnitTest.VideoOS.RemoteClient.AccessControl.AccessControlLoginInfoTests" name="TryGetEventServerIdByACSystemId_ShouldReturnProperEventServerId_WhenEventServerIdIsPartOfServerConfiguredAccessControlSystemsDictionary" />
    </UnitTest>
    <UnitTest name="BeginTime_ShouldBeSetToValueOfSearchResult" storage="d:\actions-runner\_work\xpco\xpco\sc\components\remoteviewer\smartclient\tst\zsmartclient_unittest\bin\x64\debug\net472\zsmartclient_unittest.dll" id="17258b23-ff23-da1c-73fb-351e418fb581">
      <TestCategory>
        <TestCategoryItem TestCategory="Search.Wrappers" />
      </TestCategory>
      <Execution id="399200f9-3a84-4448-b37e-417919a3ebfa" />
      <TestMethod codeBase="D:\actions-runner\_work\XPCO\XPCO\SC\Components\RemoteViewer\SmartClient\tst\zSmartClient_UnitTest\bin\x64\Debug\net472\zSmartClient_UnitTest.dll" adapterTypeName="executor://mstestadapter/v2" className="SmartClient_UnitTest.VideoOS.RemoteClient.Plugin.CentralizedSearch.Models.Wrappers.SearchResultDataWrapperTests" name="BeginTime_ShouldBeSetToValueOfSearchResult" />
    </UnitTest>
    <UnitTest name="TestForAssemblyCoverage" storage="d:\actions-runner\_work\xpco\xpco\sc\components\remoteviewer\smartclient\tst\zsmartclient_unittest\bin\x64\debug\net472\zsmartclient_unittest.dll" id="332d7c0b-99e9-8913-1359-6d2df137b355">
      <Execution id="ff168afa-dea0-49e0-afd2-c5af23bc4098" />
      <TestMethod codeBase="D:\actions-runner\_work\XPCO\XPCO\SC\Components\RemoteViewer\SmartClient\tst\zSmartClient_UnitTest\bin\x64\Debug\net472\zSmartClient_UnitTest.dll" adapterTypeName="executor://mstestadapter/v2" className="SmartClient_UnitTest.VideoOS.RemoteClient.Plugin.VideoWall.UnitTest1" name="TestForAssemblyCoverage" />
    </UnitTest>
    <UnitTest name="Close_ShouldCallDetach_WhenCalled" storage="d:\actions-runner\_work\xpco\xpco\sc\components\remoteviewer\smartclient\tst\zsmartclient_unittest\bin\x64\debug\net472\zsmartclient_unittest.dll" id="0ff0e9cd-64a6-a486-b25c-40dba615fd2d">
      <TestCategory>
        <TestCategoryItem TestCategory="GisMap.DeviceSelectorWindow" />
      </TestCategory>
      <Execution id="ed81ce47-c8fa-47b0-8828-513eebcbf3e2" />
      <TestMethod codeBase="D:\actions-runner\_work\XPCO\XPCO\SC\Components\RemoteViewer\SmartClient\tst\zSmartClient_UnitTest\bin\x64\Debug\net472\zSmartClient_UnitTest.dll" adapterTypeName="executor://mstestadapter/v2" className="SmartClient_UnitTest.VideoOS.RemoteClient.Plugin.GisMap.Windows.GisMapSetup.DeviceSelectors.DeviceSelectorWindowTests" name="Close_ShouldCallDetach_WhenCalled" />
    </UnitTest>
    <UnitTest name="GetGuidProviderStrategyByEventServerId_ShouldReturnOneSHA1Strategy_WhenEventServerIdIsFipsCompliant" storage="d:\actions-runner\_work\xpco\xpco\sc\components\remoteviewer\smartclient\tst\zsmartclient_unittest\bin\x64\debug\net472\zsmartclient_unittest.dll" id="d5b52bb5-55cf-dc85-f26b-7b0562d6b30f">
      <TestCategory>
        <TestCategoryItem TestCategory="AccessControl.Services" />
      </TestCategory>
      <Execution id="f27a85fc-4eb0-4a26-99d1-1e2374cb6b96" />
      <TestMethod codeBase="D:\actions-runner\_work\XPCO\XPCO\SC\Components\RemoteViewer\SmartClient\tst\zSmartClient_UnitTest\bin\x64\Debug\net472\zSmartClient_UnitTest.dll" adapterTypeName="executor://mstestadapter/v2" className="SmartClient_UnitTest.VideoOS.RemoteClient.AccessControl.Services.AccessControlGuidProviderTests" name="GetGuidProviderStrategyByEventServerId_ShouldReturnOneSHA1Strategy_WhenEventServerIdIsFipsCompliant" />
    </UnitTest>
    <UnitTest name="Toolbar_IsNotVisible_WhenNotInLiveOrPlayback" storage="d:\actions-runner\_work\xpco\xpco\sc\components\remoteviewer\smartclient\tst\zsmartclient_unittest\bin\x64\debug\net472\zsmartclient_unittest.dll" id="f97a9c11-337a-9db0-c57e-d2aa1b5d357d">
      <TestCategory>
        <TestCategoryItem TestCategory="WorkspaceToolbar" />
      </TestCategory>
      <Execution id="b9a950da-5da4-4e0d-b3eb-7f3ee26602ae" />
      <TestMethod codeBase="D:\actions-runner\_work\XPCO\XPCO\SC\Components\RemoteViewer\SmartClient\tst\zSmartClient_UnitTest\bin\x64\Debug\net472\zSmartClient_UnitTest.dll" adapterTypeName="executor://mstestadapter/v2" className="SmartClient_UnitTest.VideoOS.RemoteClient.Application.UI.Content.WorkspaceToolbar.WorkspaceToolbarViewModelTests" name="Toolbar_IsNotVisible_WhenNotInLiveOrPlayback" />
    </UnitTest>
    <UnitTest name="GetServer_ShouldReturnCorrectServerTest" storage="d:\actions-runner\_work\xpco\xpco\sc\components\remoteviewer\smartclient\tst\zsmartclient_unittest\bin\x64\debug\net472\zsmartclient_unittest.dll" id="c1617589-7ab5-2785-7153-f5d42b13af57">
      <Execution id="20571aa6-e69a-41d4-a5a1-622bb8ab8c97" />
      <TestMethod codeBase="D:\actions-runner\_work\XPCO\XPCO\SC\Components\RemoteViewer\SmartClient\tst\zSmartClient_UnitTest\bin\x64\Debug\net472\zSmartClient_UnitTest.dll" adapterTypeName="executor://mstestadapter/v2" className="SmartClient_UnitTest.VideoOS.RemoteClient.Application.Data.ContentTypes.ReportingContentType.DashboardDetailsProviderTest" name="GetServer_ShouldReturnCorrectServerTest" />
    </UnitTest>
    <UnitTest name="Parse_AttributeMissing_SuccessWithWarning" storage="d:\actions-runner\_work\xpco\xpco\sc\components\remoteviewer\smartclient\tst\zsmartclient_unittest\bin\x64\debug\net472\zsmartclient_unittest.dll" id="957f9b92-e025-9215-a70c-c67cce904d02">
      <Execution id="67174d1f-568f-4715-9c76-159bf5d450a1" />
      <TestMethod codeBase="D:\actions-runner\_work\XPCO\XPCO\SC\Components\RemoteViewer\SmartClient\tst\zSmartClient_UnitTest\bin\x64\Debug\net472\zSmartClient_UnitTest.dll" adapterTypeName="executor://mstestadapter/v2" className="SmartClient_UnitTest.VideoOS.RemoteClient.Application.PerformanceCounters.ConfigurationTests" name="Parse_AttributeMissing_SuccessWithWarning" />
    </UnitTest>
    <UnitTest name="SearchResultsActionBarActions_MipActionSpecificallySupportsOneAndNotTheOtherSelectedSearchResult_ActionEnabled" storage="d:\actions-runner\_work\xpco\xpco\sc\components\remoteviewer\smartclient\tst\zsmartclient_unittest\bin\x64\debug\net472\zsmartclient_unittest.dll" id="dbcf26cf-e43a-3a61-c59e-b7d73dca07b5">
      <TestCategory>
        <TestCategoryItem TestCategory="SearchResultActionBarViewModel" />
      </TestCategory>
      <Execution id="095d3f86-95a7-4fdc-b0e5-425a1678507b" />
      <TestMethod codeBase="D:\actions-runner\_work\XPCO\XPCO\SC\Components\RemoteViewer\SmartClient\tst\zSmartClient_UnitTest\bin\x64\Debug\net472\zSmartClient_UnitTest.dll" adapterTypeName="executor://mstestadapter/v2" className="SmartClient_UnitTest.VideoOS.RemoteClient.Plugin.CentralizedSearch.ViewModels.SearchResultsActionBarViewModelTest" name="SearchResultsActionBarActions_MipActionSpecificallySupportsOneAndNotTheOtherSelectedSearchResult_ActionEnabled" />
    </UnitTest>
    <UnitTest name="MonitorLiveState_Serialize_Success" storage="d:\actions-runner\_work\xpco\xpco\sc\components\remoteviewer\smartclient\tst\zsmartclient_unittest\bin\x64\debug\net472\zsmartclient_unittest.dll" id="d48c488e-fbbb-1e36-d1b4-d630148880b0">
      <Execution id="6250a400-4f24-42b9-9711-22edd887b71a" />
      <TestMethod codeBase="D:\actions-runner\_work\XPCO\XPCO\SC\Components\RemoteViewer\SmartClient\tst\zSmartClient_UnitTest\bin\x64\Debug\net472\zSmartClient_UnitTest.dll" adapterTypeName="executor://mstestadapter/v2" className="SmartClient_UnitTest.VideoOS.RemoteClient.Data.VideoWall.MonitorStateTests" name="MonitorLiveState_Serialize_Success" />
    </UnitTest>
    <UnitTest name="SidePanelToggleButtonIsVisible_DependingOnConditions (FullScreen,True,True,False)" storage="d:\actions-runner\_work\xpco\xpco\sc\components\remoteviewer\smartclient\tst\zsmartclient_unittest\bin\x64\debug\net472\zsmartclient_unittest.dll" id="dff598f9-366f-62da-9c71-d860a04dd5cd">
      <TestCategory>
        <TestCategoryItem TestCategory="WorkspaceToolbar" />
      </TestCategory>
      <Execution id="9e2ef959-52d0-4180-840b-606dd65fcb7f" />
      <TestMethod codeBase="D:\actions-runner\_work\XPCO\XPCO\SC\Components\RemoteViewer\SmartClient\tst\zSmartClient_UnitTest\bin\x64\Debug\net472\zSmartClient_UnitTest.dll" adapterTypeName="executor://mstestadapter/v2" className="SmartClient_UnitTest.VideoOS.RemoteClient.Application.UI.Content.WorkspaceToolbar.WorkspaceToolbarViewModelTests" name="SidePanelToggleButtonIsVisible_DependingOnConditions" />
    </UnitTest>
    <UnitTest name="DeleteItems_ShouldOnlyHandleMipMapItems_WhenCalled" storage="d:\actions-runner\_work\xpco\xpco\sc\components\remoteviewer\smartclient\tst\zsmartclient_unittest\bin\x64\debug\net472\zsmartclient_unittest.dll" id="234ad1b4-c3ca-386c-029e-422d8061eab6">
      <Execution id="bc375588-2821-4c6f-8598-ac4ce05be3cf" />
      <TestMethod codeBase="D:\actions-runner\_work\XPCO\XPCO\SC\Components\RemoteViewer\SmartClient\tst\zSmartClient_UnitTest\bin\x64\Debug\net472\zSmartClient_UnitTest.dll" adapterTypeName="executor://mstestadapter/v2" className="SmartClient_UnitTest.VideoOS.RemoteClient.GisMapData.MapLayers.MipItemsMapLayerTests" name="DeleteItems_ShouldOnlyHandleMipMapItems_WhenCalled" />
    </UnitTest>
    <UnitTest name="ReorderLevels123to312_Success" storage="d:\actions-runner\_work\xpco\xpco\sc\components\remoteviewer\smartclient\tst\zsmartclient_unittest\bin\x64\debug\net472\zsmartclient_unittest.dll" id="24643fe7-0bf9-5382-835f-f9f91ed814f3">
      <TestCategory>
        <TestCategoryItem TestCategory="GisMapBuilding" />
      </TestCategory>
      <Execution id="eefbddb9-4e44-4cfe-9fdf-1eaa2d36229c" />
      <TestMethod codeBase="D:\actions-runner\_work\XPCO\XPCO\SC\Components\RemoteViewer\SmartClient\tst\zSmartClient_UnitTest\bin\x64\Debug\net472\zSmartClient_UnitTest.dll" adapterTypeName="executor://mstestadapter/v2" className="SmartClient_UnitTest.VideoOS.RemoteClient.GisMap.MapBuildingTests" name="ReorderLevels123to312_Success" />
    </UnitTest>
    <UnitTest name="Ctor_ShouldThrowException_WhenCredentialsAreNull" storage="d:\actions-runner\_work\xpco\xpco\sc\components\remoteviewer\smartclient\tst\zsmartclient_unittest\bin\x64\debug\net472\zsmartclient_unittest.dll" id="45464de9-2088-da3a-85ed-a8a4fecb083d">
      <TestCategory>
        <TestCategoryItem TestCategory="Authentication.ClientCredentials" />
      </TestCategory>
      <Execution id="c5becd77-f3ce-4d0b-9cc8-9cc4d91bfd4d" />
      <TestMethod codeBase="D:\actions-runner\_work\XPCO\XPCO\SC\Components\RemoteViewer\SmartClient\tst\zSmartClient_UnitTest\bin\x64\Debug\net472\zSmartClient_UnitTest.dll" adapterTypeName="executor://mstestadapter/v2" className="SmartClient_UnitTest.VideoOS.Shared.ServerAPI.ClientCredentialsTest" name="Ctor_ShouldThrowException_WhenCredentialsAreNull" />
    </UnitTest>
    <UnitTest name="Deserialize_ManagerUnableToCreateSearchDefinition_Error" storage="d:\actions-runner\_work\xpco\xpco\sc\components\remoteviewer\smartclient\tst\zsmartclient_unittest\bin\x64\debug\net472\zsmartclient_unittest.dll" id="d77fa2b3-cd91-4a80-9070-a6c107df2662">
      <TestCategory>
        <TestCategoryItem TestCategory="SearchSerialization" />
      </TestCategory>
      <Execution id="7e8ddc51-dd68-4de9-adf8-f34eda3f0075" />
      <TestMethod codeBase="D:\actions-runner\_work\XPCO\XPCO\SC\Components\RemoteViewer\SmartClient\tst\zSmartClient_UnitTest\bin\x64\Debug\net472\zSmartClient_UnitTest.dll" adapterTypeName="executor://mstestadapter/v2" className="SmartClient_UnitTest.VideoOS.RemoteClient.Plugin.CentralizedSearch.Models.Serialization.SearchSerializerTests" name="Deserialize_ManagerUnableToCreateSearchDefinition_Error" />
    </UnitTest>
    <UnitTest name="Parse_TwoHours_Success" storage="d:\actions-runner\_work\xpco\xpco\sc\components\remoteviewer\smartclient\tst\zsmartclient_unittest\bin\x64\debug\net472\zsmartclient_unittest.dll" id="780b91d2-0044-d042-dc26-f60de2f5b427">
      <TestCategory>
        <TestCategoryItem TestCategory="Search" />
      </TestCategory>
      <Execution id="3358e0a7-fbf6-4b5b-aad3-d2397c904157" />
      <TestMethod codeBase="D:\actions-runner\_work\XPCO\XPCO\SC\Components\RemoteViewer\SmartClient\tst\zSmartClient_UnitTest\bin\x64\Debug\net472\zSmartClient_UnitTest.dll" adapterTypeName="executor://mstestadapter/v2" className="SmartClient_UnitTest.VideoOS.RemoteClient.Plugin.CentralizedSearch.Models.ScopeDurationTests" name="Parse_TwoHours_Success" />
    </UnitTest>
    <UnitTest name="Edit_Is_Enabled_When_Both_Update_And_Create_Rights_Present" storage="d:\actions-runner\_work\xpco\xpco\sc\components\remoteviewer\smartclient\tst\zsmartclient_unittest\bin\x64\debug\net472\zsmartclient_unittest.dll" id="7e7082ae-fc95-11b5-f109-06c5d9d16b4c">
      <Execution id="468b5b73-01aa-430e-9bab-ec550dc246b5" />
      <TestMethod codeBase="D:\actions-runner\_work\XPCO\XPCO\SC\Components\RemoteViewer\SmartClient\tst\zSmartClient_UnitTest\bin\x64\Debug\net472\zSmartClient_UnitTest.dll" adapterTypeName="executor://mstestadapter/v2" className="SmartClient_UnitTest.VideoOS.RemoteClient.Application.Components.EvidenceLock.EvidenceLockEditModeUserRightTests" name="Edit_Is_Enabled_When_Both_Update_And_Create_Rights_Present" />
    </UnitTest>
    <UnitTest name="UpdateSearchTemplateAsync_StateError_Success" storage="d:\actions-runner\_work\xpco\xpco\sc\components\remoteviewer\smartclient\tst\zsmartclient_unittest\bin\x64\debug\net472\zsmartclient_unittest.dll" id="78964e11-1fbc-7f63-fecb-4ff3a281734b">
      <TestCategory>
        <TestCategoryItem TestCategory="SearchTemplatesService" />
      </TestCategory>
      <Execution id="ccf46134-ab5f-4048-881d-37ef856f89e1" />
      <TestMethod codeBase="D:\actions-runner\_work\XPCO\XPCO\SC\Components\RemoteViewer\SmartClient\tst\zSmartClient_UnitTest\bin\x64\Debug\net472\zSmartClient_UnitTest.dll" adapterTypeName="executor://mstestadapter/v2" className="SmartClient_UnitTest.VideoOS.RemoteClient.Plugin.CentralizedSearch.SearchTemplates.Service.SearchTemplateServiceTests" name="UpdateSearchTemplateAsync_StateError_Success" />
    </UnitTest>
    <UnitTest name="UpdateScope_RelativeScopeDurationFromTimeChanged_ReturnsFalse" storage="d:\actions-runner\_work\xpco\xpco\sc\components\remoteviewer\smartclient\tst\zsmartclient_unittest\bin\x64\debug\net472\zsmartclient_unittest.dll" id="dc781f78-aa42-d9b1-8797-d2b3767e846c">
      <TestCategory>
        <TestCategoryItem TestCategory="SearchModels" />
      </TestCategory>
      <Execution id="6299339c-28c1-4b2d-9396-f848ff419397" />
      <TestMethod codeBase="D:\actions-runner\_work\XPCO\XPCO\SC\Components\RemoteViewer\SmartClient\tst\zSmartClient_UnitTest\bin\x64\Debug\net472\zSmartClient_UnitTest.dll" adapterTypeName="executor://mstestadapter/v2" className="SmartClient_UnitTest.VideoOS.RemoteClient.Plugin.CentralizedSearch.Models.SearchScopeTests" name="UpdateScope_RelativeScopeDurationFromTimeChanged_ReturnsFalse" />
    </UnitTest>
    <UnitTest name="ShouldReturnFalseWhenScaleChangedButOverlayTypeIsNotRedraw" storage="d:\actions-runner\_work\xpco\xpco\sc\components\remoteviewer\smartclient\tst\zsmartclient_unittest\bin\x64\debug\net472\zsmartclient_unittest.dll" id="31ae9737-3293-daff-e7b1-357b7daf0b9b">
      <TestCategory>
        <TestCategoryItem TestCategory="MipItemsUpdateStrategy" />
      </TestCategory>
      <Execution id="9acb3e2a-85d0-4830-a9d4-8fd0fba98df9" />
      <TestMethod codeBase="D:\actions-runner\_work\XPCO\XPCO\SC\Components\RemoteViewer\SmartClient\tst\zSmartClient_UnitTest\bin\x64\Debug\net472\zSmartClient_UnitTest.dll" adapterTypeName="executor://mstestadapter/v2" className="SmartClient_UnitTest.VideoOS.RemoteClient.Plugin.GisMap.MIP.MipItemsUpdateStrategyTests" name="ShouldReturnFalseWhenScaleChangedButOverlayTypeIsNotRedraw" />
    </UnitTest>
    <UnitTest name="ManualRecordingInfoDto_ShouldYieldSameValues_WhenRoundTripConverted" storage="d:\actions-runner\_work\xpco\xpco\sc\components\remoteviewer\smartclient\tst\zsmartclient_unittest\bin\x64\debug\net472\zsmartclient_unittest.dll" id="d33238ac-1e47-b12a-5f1e-c0efc2aabbf1">
      <TestCategory>
        <TestCategoryItem TestCategory="RecorderProxyToDtoMapping" />
      </TestCategory>
      <Execution id="484a2af8-bf82-4f0e-a04d-d6a0325a4836" />
      <TestMethod codeBase="D:\actions-runner\_work\XPCO\XPCO\SC\Components\RemoteViewer\SmartClient\tst\zSmartClient_UnitTest\bin\x64\Debug\net472\zSmartClient_UnitTest.dll" adapterTypeName="executor://mstestadapter/v2" className="VideoOS.Shared.ServerAPI.SOAP.RecorderClientMappingTests" name="ManualRecordingInfoDto_ShouldYieldSameValues_WhenRoundTripConverted" />
    </UnitTest>
    <UnitTest name="SmartMapSelectItemHandler_WhenItemCanNotBeFound_ShouldWriteToLog" storage="d:\actions-runner\_work\xpco\xpco\sc\components\remoteviewer\smartclient\tst\zsmartclient_unittest\bin\x64\debug\net472\zsmartclient_unittest.dll" id="63f149e4-246e-312e-204b-29ba70cef87d">
      <Execution id="c9643886-6c0a-41df-9b08-c0839bef4490" />
      <TestMethod codeBase="D:\actions-runner\_work\XPCO\XPCO\SC\Components\RemoteViewer\SmartClient\tst\zSmartClient_UnitTest\bin\x64\Debug\net472\zSmartClient_UnitTest.dll" adapterTypeName="executor://mstestadapter/v2" className="SmartClient_UnitTest.VideoOS.RemoteClient.Plugin.GisMap.MIP.ContentHolderMipMessageManagerTests" name="SmartMapSelectItemHandler_WhenItemCanNotBeFound_ShouldWriteToLog" />
    </UnitTest>
    <UnitTest name="CreateSearchTemplateAsync_EmptyParameters_Success" storage="d:\actions-runner\_work\xpco\xpco\sc\components\remoteviewer\smartclient\tst\zsmartclient_unittest\bin\x64\debug\net472\zsmartclient_unittest.dll" id="6de4aab5-2fa1-b939-34a5-199a14825407">
      <TestCategory>
        <TestCategoryItem TestCategory="SearchTemplatesService" />
      </TestCategory>
      <Execution id="b77c9a43-767b-4c97-8229-da48cb9465c2" />
      <TestMethod codeBase="D:\actions-runner\_work\XPCO\XPCO\SC\Components\RemoteViewer\SmartClient\tst\zSmartClient_UnitTest\bin\x64\Debug\net472\zSmartClient_UnitTest.dll" adapterTypeName="executor://mstestadapter/v2" className="SmartClient_UnitTest.VideoOS.RemoteClient.Plugin.CentralizedSearch.SearchTemplates.Service.SearchTemplateServiceTests" name="CreateSearchTemplateAsync_EmptyParameters_Success" />
    </UnitTest>
    <UnitTest name="GetPassword_ShouldReturnPasswordPartOfNetworkCredentials_WhenNetworkCredentialsContainsAPassword" storage="d:\actions-runner\_work\xpco\xpco\sc\components\remoteviewer\smartclient\tst\zsmartclient_unittest\bin\x64\debug\net472\zsmartclient_unittest.dll" id="1c883c92-bef7-61b1-c07f-4369319c74ff">
      <TestCategory>
        <TestCategoryItem TestCategory="Authentication.ClientCredentials" />
      </TestCategory>
      <Execution id="c253c8b5-77fd-4f5e-9b62-cea0a099c406" />
      <TestMethod codeBase="D:\actions-runner\_work\XPCO\XPCO\SC\Components\RemoteViewer\SmartClient\tst\zSmartClient_UnitTest\bin\x64\Debug\net472\zSmartClient_UnitTest.dll" adapterTypeName="executor://mstestadapter/v2" className="SmartClient_UnitTest.VideoOS.Shared.ServerAPI.ClientCredentialsTest" name="GetPassword_ShouldReturnPasswordPartOfNetworkCredentials_WhenNetworkCredentialsContainsAPassword" />
    </UnitTest>
    <UnitTest name="CreateSearchDefinition_FactoryInvokedWithCorrectParameters" storage="d:\actions-runner\_work\xpco\xpco\sc\components\remoteviewer\smartclient\tst\zsmartclient_unittest\bin\x64\debug\net472\zsmartclient_unittest.dll" id="bd1c2cab-1265-633f-739a-62f24eef82f7">
      <TestCategory>
        <TestCategoryItem TestCategory="Search" />
      </TestCategory>
      <Execution id="9104006d-2d4d-4a1e-8e39-fa494acfea36" />
      <TestMethod codeBase="D:\actions-runner\_work\XPCO\XPCO\SC\Components\RemoteViewer\SmartClient\tst\zSmartClient_UnitTest\bin\x64\Debug\net472\zSmartClient_UnitTest.dll" adapterTypeName="executor://mstestadapter/v2" className="SmartClient_UnitTest.VideoOS.RemoteClient.Plugin.CentralizedSearch.MIPPlugin.CompositeSearchAgentTests" name="CreateSearchDefinition_FactoryInvokedWithCorrectParameters" />
    </UnitTest>
    <UnitTest name="LoadBoundingShapes_EllipseShape_AddedToUIAndSizedCorrectly" storage="d:\actions-runner\_work\xpco\xpco\sc\components\remoteviewer\smartclient\tst\zsmartclient_unittest\bin\x64\debug\net472\zsmartclient_unittest.dll" id="b99d652b-8f29-0344-acef-87a042a63281">
      <Execution id="84ff6bc9-01fa-472e-8baf-ef14c7d43cf6" />
      <TestMethod codeBase="D:\actions-runner\_work\XPCO\XPCO\SC\Components\RemoteViewer\SmartClient\tst\zSmartClient_UnitTest\bin\x64\Debug\net472\zSmartClient_UnitTest.dll" adapterTypeName="executor://mstestadapter/v2" className="SmartClient_UnitTest.VideoOS.RemoteClient.Plugin.CentralizedSearch.MIPPlugin.Results.VideoSearchResultUserControlTests" name="LoadBoundingShapes_EllipseShape_AddedToUIAndSizedCorrectly" />
    </UnitTest>
    <UnitTest name="AddLevel_Success" storage="d:\actions-runner\_work\xpco\xpco\sc\components\remoteviewer\smartclient\tst\zsmartclient_unittest\bin\x64\debug\net472\zsmartclient_unittest.dll" id="2c45a0c4-a819-6921-a82a-e9167bcfa09d">
      <TestCategory>
        <TestCategoryItem TestCategory="GisMapBuilding" />
      </TestCategory>
      <Execution id="4ed2f9ed-a47e-4869-a96a-1ddeb4bfbaf0" />
      <TestMethod codeBase="D:\actions-runner\_work\XPCO\XPCO\SC\Components\RemoteViewer\SmartClient\tst\zSmartClient_UnitTest\bin\x64\Debug\net472\zSmartClient_UnitTest.dll" adapterTypeName="executor://mstestadapter/v2" className="SmartClient_UnitTest.VideoOS.RemoteClient.GisMapData.MapBuildings.MapLevelTests" name="AddLevel_Success" />
    </UnitTest>
    <UnitTest name="OnMarkerRightClicked_ShouldUseCrossTypeMenuItems_WhenMultipleItemsFromDifferentLayersAreSelected" storage="d:\actions-runner\_work\xpco\xpco\sc\components\remoteviewer\smartclient\tst\zsmartclient_unittest\bin\x64\debug\net472\zsmartclient_unittest.dll" id="e2466cfc-7e0f-fee8-93df-e8c746cb8a63">
      <TestCategory>
        <TestCategoryItem TestCategory="SmartMap.MapItemsOverlay" />
      </TestCategory>
      <Execution id="a4fa5d63-9b50-4470-9574-8a11b58159ad" />
      <TestMethod codeBase="D:\actions-runner\_work\XPCO\XPCO\SC\Components\RemoteViewer\SmartClient\tst\zSmartClient_UnitTest\bin\x64\Debug\net472\zSmartClient_UnitTest.dll" adapterTypeName="executor://mstestadapter/v2" className="SmartClient_UnitTest.VideoOS.RemoteClient.Plugin.GisMap.ThinkGeoMap.SpecializedOverlays.Overlays.MapItemsOverlayTests" name="OnMarkerRightClicked_ShouldUseCrossTypeMenuItems_WhenMultipleItemsFromDifferentLayersAreSelected" />
    </UnitTest>
    <UnitTest name="SupportsDoubleClick_ShouldBeTrue_WhenInteractionStateIsNormal" storage="d:\actions-runner\_work\xpco\xpco\sc\components\remoteviewer\smartclient\tst\zsmartclient_unittest\bin\x64\debug\net472\zsmartclient_unittest.dll" id="6800db71-c8bd-80f4-55c4-def277b5aa8f">
      <TestCategory>
        <TestCategoryItem TestCategory="GisMap.CameraMarker" />
      </TestCategory>
      <Execution id="5420ded6-c706-4de5-be4a-3b6ce061f19f" />
      <TestMethod codeBase="D:\actions-runner\_work\XPCO\XPCO\SC\Components\RemoteViewer\SmartClient\tst\zSmartClient_UnitTest\bin\x64\Debug\net472\zSmartClient_UnitTest.dll" adapterTypeName="executor://mstestadapter/v2" className="SmartClient_UnitTest.VideoOS.RemoteClient.Plugin.GisMap.ThinkGeoMap.Markers.DeviceMarkers.CameraMarker.CameraMarkerTests" name="SupportsDoubleClick_ShouldBeTrue_WhenInteractionStateIsNormal" />
    </UnitTest>
    <UnitTest name="IsSuperCluster_ShouldReturnFalse_WhenMapItemsClusterIsNull" storage="d:\actions-runner\_work\xpco\xpco\sc\components\remoteviewer\smartclient\tst\zsmartclient_unittest\bin\x64\debug\net472\zsmartclient_unittest.dll" id="3faa4dab-caeb-2298-7011-c6556cbbddc1">
      <TestCategory>
        <TestCategoryItem TestCategory="GisMap.ClusterMarkerTests" />
      </TestCategory>
      <Execution id="e666f627-7ae8-462f-b325-4d79959aaf4e" />
      <TestMethod codeBase="D:\actions-runner\_work\XPCO\XPCO\SC\Components\RemoteViewer\SmartClient\tst\zSmartClient_UnitTest\bin\x64\Debug\net472\zSmartClient_UnitTest.dll" adapterTypeName="executor://mstestadapter/v2" className="SmartClient_UnitTest.VideoOS.RemoteClient.Plugin.GisMap.ThinkGeoMap.Markers.DeviceMarkers.ClusterMarker.ClusterMarkerTests" name="IsSuperCluster_ShouldReturnFalse_WhenMapItemsClusterIsNull" />
    </UnitTest>
    <UnitTest name="DisplayErrorOnNotificationArea_UnauthorizedDeviceAccessSearchError_Success" storage="d:\actions-runner\_work\xpco\xpco\sc\components\remoteviewer\smartclient\tst\zsmartclient_unittest\bin\x64\debug\net472\zsmartclient_unittest.dll" id="903b9858-a52e-2d97-0254-7f3a20fa6f17">
      <TestCategory>
        <TestCategoryItem TestCategory="SearchViewModels" />
      </TestCategory>
      <Execution id="338e58e3-bc57-4055-8542-f79cfeeda8d3" />
      <TestMethod codeBase="D:\actions-runner\_work\XPCO\XPCO\SC\Components\RemoteViewer\SmartClient\tst\zSmartClient_UnitTest\bin\x64\Debug\net472\zSmartClient_UnitTest.dll" adapterTypeName="executor://mstestadapter/v2" className="SmartClient_UnitTest.VideoOS.RemoteClient.Plugin.CentralizedSearch.ViewModels.SearchViewModelTests" name="DisplayErrorOnNotificationArea_UnauthorizedDeviceAccessSearchError_Success" />
    </UnitTest>
    <UnitTest name="SupportsRightClick_ShouldBeTrue_WhenInteractionStateIsNormal" storage="d:\actions-runner\_work\xpco\xpco\sc\components\remoteviewer\smartclient\tst\zsmartclient_unittest\bin\x64\debug\net472\zsmartclient_unittest.dll" id="7e58be8f-9941-69cb-e59f-eb5323ed9f2d">
      <TestCategory>
        <TestCategoryItem TestCategory="GisMap.CameraMarker" />
      </TestCategory>
      <Execution id="7dedd4f9-9a7b-4ebb-bac5-e6c7f6f4ac67" />
      <TestMethod codeBase="D:\actions-runner\_work\XPCO\XPCO\SC\Components\RemoteViewer\SmartClient\tst\zSmartClient_UnitTest\bin\x64\Debug\net472\zSmartClient_UnitTest.dll" adapterTypeName="executor://mstestadapter/v2" className="SmartClient_UnitTest.VideoOS.RemoteClient.Plugin.GisMap.ThinkGeoMap.Markers.DeviceMarkers.CameraMarker.CameraMarkerTests" name="SupportsRightClick_ShouldBeTrue_WhenInteractionStateIsNormal" />
    </UnitTest>
    <UnitTest name="Serialize_ShouldNotSerializeCombineType_WhenNotPresentInData" storage="d:\actions-runner\_work\xpco\xpco\sc\components\remoteviewer\smartclient\tst\zsmartclient_unittest\bin\x64\debug\net472\zsmartclient_unittest.dll" id="69439449-9ebe-29e2-c62e-065951471c5d">
      <TestCategory>
        <TestCategoryItem TestCategory="SearchSerialization" />
      </TestCategory>
      <Execution id="49853cfa-6edc-4502-9d4f-292f34e59435" />
      <TestMethod codeBase="D:\actions-runner\_work\XPCO\XPCO\SC\Components\RemoteViewer\SmartClient\tst\zSmartClient_UnitTest\bin\x64\Debug\net472\zSmartClient_UnitTest.dll" adapterTypeName="executor://mstestadapter/v2" className="SmartClient_UnitTest.VideoOS.RemoteClient.Plugin.CentralizedSearch.Models.Serialization.SearchSerializerTests" name="Serialize_ShouldNotSerializeCombineType_WhenNotPresentInData" />
    </UnitTest>
    <UnitTest name="BoundingBoxLiveStartNoLiveOrPlaybackHandler" storage="d:\actions-runner\_work\xpco\xpco\sc\components\remoteviewer\smartclient\tst\zsmartclient_unittest\bin\x64\debug\net472\zsmartclient_unittest.dll" id="134dc4da-478b-60fb-2dfc-b3d26508bd1a">
      <Execution id="b6316672-704a-4d5e-ad1d-0194959a59f0" />
      <TestMethod codeBase="D:\actions-runner\_work\XPCO\XPCO\SC\Components\RemoteViewer\SmartClient\tst\zSmartClient_UnitTest\bin\x64\Debug\net472\zSmartClient_UnitTest.dll" adapterTypeName="executor://mstestadapter/v2" className="SmartClient_UnitTest.VideoOS.RemoteClient.Application.Data.Metadata.BoundingBoxes.BoundingBoxProviderTest" name="BoundingBoxLiveStartNoLiveOrPlaybackHandler" />
    </UnitTest>
    <UnitTest name="GetMetadataObjectsAsync_ShouldIgnoreNullMetadataObjectsCollectionFromSubResults" storage="d:\actions-runner\_work\xpco\xpco\sc\components\remoteviewer\smartclient\tst\zsmartclient_unittest\bin\x64\debug\net472\zsmartclient_unittest.dll" id="f997409a-cc5a-67e4-b0e7-5e198ad107a1">
      <TestCategory>
        <TestCategoryItem TestCategory="Search.Wrappers" />
      </TestCategory>
      <Execution id="c264465f-5dbe-4bb7-8e47-cfe02d693920" />
      <TestMethod codeBase="D:\actions-runner\_work\XPCO\XPCO\SC\Components\RemoteViewer\SmartClient\tst\zSmartClient_UnitTest\bin\x64\Debug\net472\zSmartClient_UnitTest.dll" adapterTypeName="executor://mstestadapter/v2" className="SmartClient_UnitTest.VideoOS.RemoteClient.Plugin.CentralizedSearch.Models.Wrappers.CombinedSearchResultDataWrapperTests" name="GetMetadataObjectsAsync_ShouldIgnoreNullMetadataObjectsCollectionFromSubResults" />
    </UnitTest>
    <UnitTest name="Deserialize_ScopeOnly_ErrorReported" storage="d:\actions-runner\_work\xpco\xpco\sc\components\remoteviewer\smartclient\tst\zsmartclient_unittest\bin\x64\debug\net472\zsmartclient_unittest.dll" id="fca58915-8fae-a999-eb21-fb7a250b2818">
      <TestCategory>
        <TestCategoryItem TestCategory="SearchModels" />
      </TestCategory>
      <Execution id="51d89474-3432-4667-af9f-cb120b8bddaa" />
      <TestMethod codeBase="D:\actions-runner\_work\XPCO\XPCO\SC\Components\RemoteViewer\SmartClient\tst\zSmartClient_UnitTest\bin\x64\Debug\net472\zSmartClient_UnitTest.dll" adapterTypeName="executor://mstestadapter/v2" className="SmartClient_UnitTest.VideoOS.RemoteClient.Plugin.CentralizedSearch.Models.SearchModelTests" name="Deserialize_ScopeOnly_ErrorReported" />
    </UnitTest>
    <UnitTest name="BoundingBoxPlaybackNoPlaybackHandler" storage="d:\actions-runner\_work\xpco\xpco\sc\components\remoteviewer\smartclient\tst\zsmartclient_unittest\bin\x64\debug\net472\zsmartclient_unittest.dll" id="7540b45d-6ef8-10a5-03bf-82e202908376">
      <Execution id="12acc02c-2cf2-4a98-9633-a4dd43347278" />
      <TestMethod codeBase="D:\actions-runner\_work\XPCO\XPCO\SC\Components\RemoteViewer\SmartClient\tst\zSmartClient_UnitTest\bin\x64\Debug\net472\zSmartClient_UnitTest.dll" adapterTypeName="executor://mstestadapter/v2" className="SmartClient_UnitTest.VideoOS.RemoteClient.Application.Data.Metadata.BoundingBoxes.BoundingBoxProviderTest" name="BoundingBoxPlaybackNoPlaybackHandler" />
    </UnitTest>
    <UnitTest name="Included_ShouldAddViewItemToIncludedViewItems_WhenSetToTrue" storage="d:\actions-runner\_work\xpco\xpco\sc\components\remoteviewer\smartclient\tst\zsmartclient_unittest\bin\x64\debug\net472\zsmartclient_unittest.dll" id="28b7e0ab-6c4a-f8e2-76d8-c7775c82dbd0">
      <TestCategory>
        <TestCategoryItem TestCategory="ContentHolder" />
      </TestCategory>
      <Execution id="3c9c5d2e-47f6-4ce6-949b-2ad40a665e47" />
      <TestMethod codeBase="D:\actions-runner\_work\XPCO\XPCO\SC\Components\RemoteViewer\SmartClient\tst\zSmartClient_UnitTest\bin\x64\Debug\net472\zSmartClient_UnitTest.dll" adapterTypeName="executor://mstestadapter/v2" className="SmartClient_UnitTest.VideoOS.RemoteClient.Application.Data.ContentTypes.ContentTypeBase.ContentHolderBaseTests" name="Included_ShouldAddViewItemToIncludedViewItems_WhenSetToTrue" />
    </UnitTest>
    <UnitTest name="RaiseUpdateUnmutedMicrophonesAsync_ShouldUnmutedMicrophones_WhenEventIsRaised" storage="d:\actions-runner\_work\xpco\xpco\sc\components\remoteviewer\smartclient\tst\zsmartclient_unittest\bin\x64\debug\net472\zsmartclient_unittest.dll" id="71d3bf04-2f4b-0825-76a5-fe6f8626ce91">
      <TestCategory>
        <TestCategoryItem TestCategory="GisMapAudioController" />
      </TestCategory>
      <Execution id="024891a9-2e02-46d3-9c1c-9776b5892d32" />
      <TestMethod codeBase="D:\actions-runner\_work\XPCO\XPCO\SC\Components\RemoteViewer\SmartClient\tst\zSmartClient_UnitTest\bin\x64\Debug\net472\zSmartClient_UnitTest.dll" adapterTypeName="executor://mstestadapter/v2" className="SmartClient_UnitTest.VideoOS.RemoteClient.GisMapData.GisMapAudioControllerTests" name="RaiseUpdateUnmutedMicrophonesAsync_ShouldUnmutedMicrophones_WhenEventIsRaised" />
    </UnitTest>
    <UnitTest name="GisPointToIndexGridPosition_Milestone_Success" storage="d:\actions-runner\_work\xpco\xpco\sc\components\remoteviewer\smartclient\tst\zsmartclient_unittest\bin\x64\debug\net472\zsmartclient_unittest.dll" id="6a126318-594d-0412-acf1-03ec27689761">
      <TestCategory>
        <TestCategoryItem TestCategory="GisMapIndex" />
      </TestCategory>
      <Execution id="61a7789d-7053-4c2a-9c11-23229cbfb310" />
      <TestMethod codeBase="D:\actions-runner\_work\XPCO\XPCO\SC\Components\RemoteViewer\SmartClient\tst\zSmartClient_UnitTest\bin\x64\Debug\net472\zSmartClient_UnitTest.dll" adapterTypeName="executor://mstestadapter/v2" className="SmartClient_UnitTest.VideoOS.RemoteClient.GisMapData.Common.Indexer.IndexUtilTests" name="GisPointToIndexGridPosition_Milestone_Success" />
    </UnitTest>
    <UnitTest name="SelectTemplate_ListSelectionFilterConfiguration_LessThanThreeItems_ReturnsInlineTemplate" storage="d:\actions-runner\_work\xpco\xpco\sc\components\remoteviewer\smartclient\tst\zsmartclient_unittest\bin\x64\debug\net472\zsmartclient_unittest.dll" id="fb732742-5469-4819-2a2e-a73e08e91605">
      <TestCategory>
        <TestCategoryItem TestCategory="SearchViews" />
      </TestCategory>
      <Execution id="ec907800-015c-4729-ba58-949d51bfd1c2" />
      <TestMethod codeBase="D:\actions-runner\_work\XPCO\XPCO\SC\Components\RemoteViewer\SmartClient\tst\zSmartClient_UnitTest\bin\x64\Debug\net472\zSmartClient_UnitTest.dll" adapterTypeName="executor://mstestadapter/v2" className="SmartClient_UnitTest.VideoOS.RemoteClient.Plugin.CentralizedSearch.Views.AttributeEditControlTemplateSelectorTests" name="SelectTemplate_ListSelectionFilterConfiguration_LessThanThreeItems_ReturnsInlineTemplate" />
    </UnitTest>
    <UnitTest name="DisplayErrorOnNotificationArea_DuplicateResultSearchError_Success" storage="d:\actions-runner\_work\xpco\xpco\sc\components\remoteviewer\smartclient\tst\zsmartclient_unittest\bin\x64\debug\net472\zsmartclient_unittest.dll" id="adafff31-7445-4899-a64a-9d78ba6fa82f">
      <TestCategory>
        <TestCategoryItem TestCategory="SearchViewModels" />
      </TestCategory>
      <Execution id="0b68e59b-03fe-4cc5-aa21-db5253517337" />
      <TestMethod codeBase="D:\actions-runner\_work\XPCO\XPCO\SC\Components\RemoteViewer\SmartClient\tst\zSmartClient_UnitTest\bin\x64\Debug\net472\zSmartClient_UnitTest.dll" adapterTypeName="executor://mstestadapter/v2" className="SmartClient_UnitTest.VideoOS.RemoteClient.Plugin.CentralizedSearch.ViewModels.SearchViewModelTests" name="DisplayErrorOnNotificationArea_DuplicateResultSearchError_Success" />
    </UnitTest>
    <UnitTest name="CreateSearchTemplateAsync_ThrowException_Success" storage="d:\actions-runner\_work\xpco\xpco\sc\components\remoteviewer\smartclient\tst\zsmartclient_unittest\bin\x64\debug\net472\zsmartclient_unittest.dll" id="d77e07f4-f850-753d-8f8c-2c87b60f7fa6">
      <TestCategory>
        <TestCategoryItem TestCategory="SearchTemplatesService" />
      </TestCategory>
      <Execution id="62f0547f-3c31-4aec-8eb1-7248c72f9f74" />
      <TestMethod codeBase="D:\actions-runner\_work\XPCO\XPCO\SC\Components\RemoteViewer\SmartClient\tst\zSmartClient_UnitTest\bin\x64\Debug\net472\zSmartClient_UnitTest.dll" adapterTypeName="executor://mstestadapter/v2" className="SmartClient_UnitTest.VideoOS.RemoteClient.Plugin.CentralizedSearch.SearchTemplates.Service.SearchTemplateServiceTests" name="CreateSearchTemplateAsync_ThrowException_Success" />
    </UnitTest>
    <UnitTest name="ToSafeName_SingleSafeName_Success" storage="d:\actions-runner\_work\xpco\xpco\sc\components\remoteviewer\smartclient\tst\zsmartclient_unittest\bin\x64\debug\net472\zsmartclient_unittest.dll" id="df4fc108-b9f8-183e-9857-a0352a34d2c9">
      <Execution id="1d4786e6-7a3c-4e37-b193-6d3a650fcbad" />
      <TestMethod codeBase="D:\actions-runner\_work\XPCO\XPCO\SC\Components\RemoteViewer\SmartClient\tst\zSmartClient_UnitTest\bin\x64\Debug\net472\zSmartClient_UnitTest.dll" adapterTypeName="executor://mstestadapter/v2" className="SmartClient_UnitTest.VideoOS.RemoteClient.Application.Common.Scripting.ReservedJavascriptKeywordsTests" name="ToSafeName_SingleSafeName_Success" />
    </UnitTest>
    <UnitTest name="Compare_Ascending_Success" storage="d:\actions-runner\_work\xpco\xpco\sc\components\remoteviewer\smartclient\tst\zsmartclient_unittest\bin\x64\debug\net472\zsmartclient_unittest.dll" id="affa63ad-42e7-9452-c5a5-b0d4d8cb39a1">
      <TestCategory>
        <TestCategoryItem TestCategory="SearchComparers" />
      </TestCategory>
      <Execution id="7d809d6b-c935-46c9-8bf8-f6c92e32e21b" />
      <TestMethod codeBase="D:\actions-runner\_work\XPCO\XPCO\SC\Components\RemoteViewer\SmartClient\tst\zSmartClient_UnitTest\bin\x64\Debug\net472\zSmartClient_UnitTest.dll" adapterTypeName="executor://mstestadapter/v2" className="SmartClient_UnitTest.VideoOS.RemoteClient.Plugin.CentralizedSearch.Models.Wrappers.Comparers.TriggerTimeComparerTests" name="Compare_Ascending_Success" />
    </UnitTest>
    <UnitTest name="BookmarkSearchTime_WithSearchStringInDifferentCases_ReturnCorrectBookmarkWithSearchStringInHeader (SeArChStRiNg,False,False,True,True,,,0)" storage="d:\actions-runner\_work\xpco\xpco\sc\components\remoteviewer\smartclient\tst\zsmartclient_unittest\bin\x64\debug\net472\zsmartclient_unittest.dll" id="b06788dc-a2be-9fbd-2a2a-6d94fe4b396d">
      <Execution id="701f86bf-f10c-4507-8d29-b89f9eaf3887" />
      <TestMethod codeBase="D:\actions-runner\_work\XPCO\XPCO\SC\Components\RemoteViewer\SmartClient\tst\zSmartClient_UnitTest\bin\x64\Debug\net472\zSmartClient_UnitTest.dll" adapterTypeName="executor://mstestadapter/v2" className="SmartClient_UnitTest.VideoOS.RemoteClient.Application.Data.Offline.UnitTest.BookmarkExportReaderTest" name="BookmarkSearchTime_WithSearchStringInDifferentCases_ReturnCorrectBookmarkWithSearchStringInHeader" />
    </UnitTest>
    <UnitTest name="ResultsAvailable_SomeResults_Success" storage="d:\actions-runner\_work\xpco\xpco\sc\components\remoteviewer\smartclient\tst\zsmartclient_unittest\bin\x64\debug\net472\zsmartclient_unittest.dll" id="cd13bfee-f8b4-3d5e-a0f6-00049079c32f">
      <TestCategory>
        <TestCategoryItem TestCategory="SearchResultViewModels" />
      </TestCategory>
      <Execution id="f5f7db7d-6cde-443f-8dfc-293a1822e224" />
      <TestMethod codeBase="D:\actions-runner\_work\XPCO\XPCO\SC\Components\RemoteViewer\SmartClient\tst\zSmartClient_UnitTest\bin\x64\Debug\net472\zSmartClient_UnitTest.dll" adapterTypeName="executor://mstestadapter/v2" className="SmartClient_UnitTest.VideoOS.RemoteClient.Plugin.CentralizedSearch.ViewModels.SearchResultsViewModelTest" name="ResultsAvailable_SomeResults_Success" />
    </UnitTest>
    <UnitTest name="DeleteSearchTemplateAsync_Succeeds_Success" storage="d:\actions-runner\_work\xpco\xpco\sc\components\remoteviewer\smartclient\tst\zsmartclient_unittest\bin\x64\debug\net472\zsmartclient_unittest.dll" id="20efb3d3-79c6-bd77-1370-aab1347bcb2b">
      <TestCategory>
        <TestCategoryItem TestCategory="SearchTemplates" />
      </TestCategory>
      <Execution id="adb0bc50-cfc6-49d2-93ec-4fdf43457005" />
      <TestMethod codeBase="D:\actions-runner\_work\XPCO\XPCO\SC\Components\RemoteViewer\SmartClient\tst\zSmartClient_UnitTest\bin\x64\Debug\net472\zSmartClient_UnitTest.dll" adapterTypeName="executor://mstestadapter/v2" className="SmartClient_UnitTest.VideoOS.RemoteClient.Plugin.CentralizedSearch.SearchTemplates.SearchTemplateManagerTests" name="DeleteSearchTemplateAsync_Succeeds_Success" />
    </UnitTest>
    <UnitTest name="IsServer_ShouldReturnTrue_WhenSingleServerGroupSelected" storage="d:\actions-runner\_work\xpco\xpco\sc\components\remoteviewer\smartclient\tst\zsmartclient_unittest\bin\x64\debug\net472\zsmartclient_unittest.dll" id="df09f867-7de1-e38f-53d1-73f889393669">
      <Execution id="d27f1e42-9c2a-4438-851f-4356c0820e0d" />
      <TestMethod codeBase="D:\actions-runner\_work\XPCO\XPCO\SC\Components\RemoteViewer\SmartClient\tst\zSmartClient_UnitTest\bin\x64\Debug\net472\zSmartClient_UnitTest.dll" adapterTypeName="executor://mstestadapter/v2" className="SmartClient_UnitTest.VideoOS.RemoteClient.Application.Data.ContentTypes.ReportingContentType.DashboardExtentionsTest" name="IsServer_ShouldReturnTrue_WhenSingleServerGroupSelected" />
    </UnitTest>
    <UnitTest name="SearchResultsReady_ShouldReturnUniqueResults_WhenSomeResultIdsAreDuplicated" storage="d:\actions-runner\_work\xpco\xpco\sc\components\remoteviewer\smartclient\tst\zsmartclient_unittest\bin\x64\debug\net472\zsmartclient_unittest.dll" id="8ff6a0dd-30dd-b7ad-a8c3-0633bc0cf3f8">
      <TestCategory>
        <TestCategoryItem TestCategory="SearchModels" />
      </TestCategory>
      <Execution id="a8bc4e09-97aa-41c6-9252-0e94b1ba25bb" />
      <TestMethod codeBase="D:\actions-runner\_work\XPCO\XPCO\SC\Components\RemoteViewer\SmartClient\tst\zSmartClient_UnitTest\bin\x64\Debug\net472\zSmartClient_UnitTest.dll" adapterTypeName="executor://mstestadapter/v2" className="SmartClient_UnitTest.VideoOS.RemoteClient.Plugin.CentralizedSearch.Models.SearchModelTests" name="SearchResultsReady_ShouldReturnUniqueResults_WhenSomeResultIdsAreDuplicated" />
    </UnitTest>
    <UnitTest name="ResolveBaseResultProperties_ShouldReturnTwoTriggerTimes_WhenTwoTriggerTimesAreWithinBeginEnd" storage="d:\actions-runner\_work\xpco\xpco\sc\components\remoteviewer\smartclient\tst\zsmartclient_unittest\bin\x64\debug\net472\zsmartclient_unittest.dll" id="4be5efe6-8790-c0c6-bead-44c751febe9d">
      <TestCategory>
        <TestCategoryItem TestCategory="Search" />
      </TestCategory>
      <Execution id="d05f4f16-4e55-45e1-aad7-f0fa0a38be60" />
      <TestMethod codeBase="D:\actions-runner\_work\XPCO\XPCO\SC\Components\RemoteViewer\SmartClient\tst\zSmartClient_UnitTest\bin\x64\Debug\net472\zSmartClient_UnitTest.dll" adapterTypeName="executor://mstestadapter/v2" className="SmartClient_UnitTest.VideoOS.RemoteClient.Plugin.CentralizedSearch.Utils.SearchResultDataWrapperExtensionsTests" name="ResolveBaseResultProperties_ShouldReturnTwoTriggerTimes_WhenTwoTriggerTimesAreWithinBeginEnd" />
    </UnitTest>
    <UnitTest name="Init_NullState_CorrectViewAppliedAsContent" storage="d:\actions-runner\_work\xpco\xpco\sc\components\remoteviewer\smartclient\tst\zsmartclient_unittest\bin\x64\debug\net472\zsmartclient_unittest.dll" id="d054dd78-c223-2b18-9e0c-69480854f65f">
      <TestCategory>
        <TestCategoryItem TestCategory="Export" />
      </TestCategory>
      <Execution id="0e6b01a9-55f9-4a26-9122-e55638f23726" />
      <TestMethod codeBase="D:\actions-runner\_work\XPCO\XPCO\SC\Components\RemoteViewer\SmartClient\tst\zSmartClient_UnitTest\bin\x64\Debug\net472\zSmartClient_UnitTest.dll" adapterTypeName="executor://mstestadapter/v2" className="SmartClient_UnitTest.VideoOS.RemoteClient.Plugin.Export.ExportContentHolderTests" name="Init_NullState_CorrectViewAppliedAsContent" />
    </UnitTest>
    <UnitTest name="CreateDashboardViewModel_UsesIdentityTokenCache_WhenAuthenticationIsOAuth" storage="d:\actions-runner\_work\xpco\xpco\sc\components\remoteviewer\smartclient\tst\zsmartclient_unittest\bin\x64\debug\net472\zsmartclient_unittest.dll" id="4ead98c0-ed43-b791-ad04-b3743cb5d69b">
      <TestCategory>
        <TestCategoryItem TestCategory="ReportingContentType" />
      </TestCategory>
      <Execution id="c2840915-20d7-4c8e-9010-42d8f98d8733" />
      <TestMethod codeBase="D:\actions-runner\_work\XPCO\XPCO\SC\Components\RemoteViewer\SmartClient\tst\zSmartClient_UnitTest\bin\x64\Debug\net472\zSmartClient_UnitTest.dll" adapterTypeName="executor://mstestadapter/v2" className="SmartClient_UnitTest.VideoOS.RemoteClient.Application.Data.ContentTypes.ReportingContentType.ReportViewerViewModelTest" name="CreateDashboardViewModel_UsesIdentityTokenCache_WhenAuthenticationIsOAuth" />
    </UnitTest>
    <UnitTest name="GisMapModel_SaveAggregates_Success" storage="d:\actions-runner\_work\xpco\xpco\sc\components\remoteviewer\smartclient\tst\zsmartclient_unittest\bin\x64\debug\net472\zsmartclient_unittest.dll" id="ee53e0e4-b55d-0010-076b-5818fc51a7bf">
      <TestCategory>
        <TestCategoryItem TestCategory="GisMap" />
      </TestCategory>
      <Execution id="496e4766-870e-4563-8dd3-74a01dc058a5" />
      <TestMethod codeBase="D:\actions-runner\_work\XPCO\XPCO\SC\Components\RemoteViewer\SmartClient\tst\zSmartClient_UnitTest\bin\x64\Debug\net472\zSmartClient_UnitTest.dll" adapterTypeName="executor://mstestadapter/v2" className="SmartClient_UnitTest.VideoOS.RemoteClient.GisMapData.GisMapBasicTests" name="GisMapModel_SaveAggregates_Success" />
    </UnitTest>
    <UnitTest name="EndSelection_ShouldStartInPlaceEditMode_WhenItemIsTheOnlySelectedItem" storage="d:\actions-runner\_work\xpco\xpco\sc\components\remoteviewer\smartclient\tst\zsmartclient_unittest\bin\x64\debug\net472\zsmartclient_unittest.dll" id="92049893-c7c1-0d80-70d7-8d0471e997cf">
      <TestCategory>
        <TestCategoryItem TestCategory="SmartMap.SelectionHelper" />
      </TestCategory>
      <Execution id="7e4d0e7b-546b-45c9-af43-6188b81f3aed" />
      <TestMethod codeBase="D:\actions-runner\_work\XPCO\XPCO\SC\Components\RemoteViewer\SmartClient\tst\zSmartClient_UnitTest\bin\x64\Debug\net472\zSmartClient_UnitTest.dll" adapterTypeName="executor://mstestadapter/v2" className="SmartClient_UnitTest.VideoOS.RemoteClient.Plugin.GisMap.ThinkGeoMap.SpecializedOverlays.Overlays.SelectionHelperTests" name="EndSelection_ShouldStartInPlaceEditMode_WhenItemIsTheOnlySelectedItem" />
    </UnitTest>
    <UnitTest name="SupportsRightClick_ShouldBeTrue_WhenInteractionStateIsNormal" storage="d:\actions-runner\_work\xpco\xpco\sc\components\remoteviewer\smartclient\tst\zsmartclient_unittest\bin\x64\debug\net472\zsmartclient_unittest.dll" id="999506c9-e472-e23b-a3ad-3d977990564e">
      <TestCategory>
        <TestCategoryItem TestCategory="GisMap.LocationMarker" />
      </TestCategory>
      <Execution id="4ab8fe47-bb04-40ac-a82d-4d03e31762a3" />
      <TestMethod codeBase="D:\actions-runner\_work\XPCO\XPCO\SC\Components\RemoteViewer\SmartClient\tst\zSmartClient_UnitTest\bin\x64\Debug\net472\zSmartClient_UnitTest.dll" adapterTypeName="executor://mstestadapter/v2" className="SmartClient_UnitTest.VideoOS.RemoteClient.Plugin.GisMap.ThinkGeoMap.Markers.LocationMarker.LocationMarkerTests" name="SupportsRightClick_ShouldBeTrue_WhenInteractionStateIsNormal" />
    </UnitTest>
    <UnitTest name="TestConstructor_Success" storage="d:\actions-runner\_work\xpco\xpco\sc\components\remoteviewer\smartclient\tst\zsmartclient_unittest\bin\x64\debug\net472\zsmartclient_unittest.dll" id="a5317ab4-d180-d0ab-5f5b-a18f8fb41f6e">
      <Execution id="dc7613b6-4a69-4e4c-981d-63ebf1f9e10b" />
      <TestMethod codeBase="D:\actions-runner\_work\XPCO\XPCO\SC\Components\RemoteViewer\SmartClient\tst\zSmartClient_UnitTest\bin\x64\Debug\net472\zSmartClient_UnitTest.dll" adapterTypeName="executor://mstestadapter/v2" className="SmartClient_UnitTest.VideoOS.RemoteClient.GisMapData.Common.GisMapServerCapabilitiesTest" name="TestConstructor_Success" />
    </UnitTest>
    <UnitTest name="UpdateItems_WhenServerCallThrowsException_ShouldResultInErrorLog" storage="d:\actions-runner\_work\xpco\xpco\sc\components\remoteviewer\smartclient\tst\zsmartclient_unittest\bin\x64\debug\net472\zsmartclient_unittest.dll" id="3ce53063-c90f-436d-4a7d-2e3b5be274ef">
      <TestCategory>
        <TestCategoryItem TestCategory="MipItemsRetriever" />
      </TestCategory>
      <Execution id="82b88e25-9464-4ec5-b51c-023aae70ad17" />
      <TestMethod codeBase="D:\actions-runner\_work\XPCO\XPCO\SC\Components\RemoteViewer\SmartClient\tst\zSmartClient_UnitTest\bin\x64\Debug\net472\zSmartClient_UnitTest.dll" adapterTypeName="executor://mstestadapter/v2" className="SmartClient_UnitTest.VideoOS.RemoteClient.Plugin.GisMap.MIP.MipItemsRetrieverTests" name="UpdateItems_WhenServerCallThrowsException_ShouldResultInErrorLog" />
    </UnitTest>
    <UnitTest name="SetMapItemCluster_ShouldSetIcon_WhenNotSuperCluster" storage="d:\actions-runner\_work\xpco\xpco\sc\components\remoteviewer\smartclient\tst\zsmartclient_unittest\bin\x64\debug\net472\zsmartclient_unittest.dll" id="afb51d05-f3b7-7ba8-3b5a-420afd719c13">
      <TestCategory>
        <TestCategoryItem TestCategory="GisMap.ClusterMarkerTests" />
      </TestCategory>
      <Execution id="dbf6726d-28ae-4657-9af7-dd9f39f0b724" />
      <TestMethod codeBase="D:\actions-runner\_work\XPCO\XPCO\SC\Components\RemoteViewer\SmartClient\tst\zSmartClient_UnitTest\bin\x64\Debug\net472\zSmartClient_UnitTest.dll" adapterTypeName="executor://mstestadapter/v2" className="SmartClient_UnitTest.VideoOS.RemoteClient.Plugin.GisMap.ThinkGeoMap.Markers.DeviceMarkers.ClusterMarker.ClusterMarkerTests" name="SetMapItemCluster_ShouldSetIcon_WhenNotSuperCluster" />
    </UnitTest>
    <UnitTest name="SearchResultsActionBarActions_EditBookmark_SingleResult_EditBookmarkInvoked" storage="d:\actions-runner\_work\xpco\xpco\sc\components\remoteviewer\smartclient\tst\zsmartclient_unittest\bin\x64\debug\net472\zsmartclient_unittest.dll" id="d9f777ed-3466-7c99-be02-84bb7ebbad4b">
      <TestCategory>
        <TestCategoryItem TestCategory="SearchResultActionBarViewModel" />
      </TestCategory>
      <Execution id="1ea5b17e-eb60-4712-b0ce-a73b4ccc3c70" />
      <TestMethod codeBase="D:\actions-runner\_work\XPCO\XPCO\SC\Components\RemoteViewer\SmartClient\tst\zSmartClient_UnitTest\bin\x64\Debug\net472\zSmartClient_UnitTest.dll" adapterTypeName="executor://mstestadapter/v2" className="SmartClient_UnitTest.VideoOS.RemoteClient.Plugin.CentralizedSearch.ViewModels.SearchResultsActionBarViewModelTest" name="SearchResultsActionBarActions_EditBookmark_SingleResult_EditBookmarkInvoked" />
    </UnitTest>
    <UnitTest name="SearchCriteriaFilterValues_ValidatePopupFunctionalityWithUnknownConfiguration_Success" storage="d:\actions-runner\_work\xpco\xpco\sc\components\remoteviewer\smartclient\tst\zsmartclient_unittest\bin\x64\debug\net472\zsmartclient_unittest.dll" id="edbdb0fc-44d8-43ee-8589-e03588652149">
      <TestCategory>
        <TestCategoryItem TestCategory="SearchControls" />
      </TestCategory>
      <Execution id="f30904b0-a108-4ac0-86f6-553e107c991c" />
      <TestMethod codeBase="D:\actions-runner\_work\XPCO\XPCO\SC\Components\RemoteViewer\SmartClient\tst\zSmartClient_UnitTest\bin\x64\Debug\net472\zSmartClient_UnitTest.dll" adapterTypeName="executor://mstestadapter/v2" className="SmartClient_UnitTest.VideoOS.RemoteClient.Plugin.CentralizedSearch.Views.Controls.SearchDefinitions.EditSearchDefinitionPopupTests" name="SearchCriteriaFilterValues_ValidatePopupFunctionalityWithUnknownConfiguration_Success" />
    </UnitTest>
    <UnitTest name="CanMoreRegionsBeAdded_ShouldReturnTrue" storage="d:\actions-runner\_work\xpco\xpco\sc\components\remoteviewer\smartclient\tst\zsmartclient_unittest\bin\x64\debug\net472\zsmartclient_unittest.dll" id="035a2e7c-4006-749c-7663-f769d610c2cb">
      <TestCategory>
        <TestCategoryItem TestCategory="Search.Filters.ViewModels" />
      </TestCategory>
      <Execution id="688356ee-4e45-4f9d-b1fa-d6f9552b20d4" />
      <TestMethod codeBase="D:\actions-runner\_work\XPCO\XPCO\SC\Components\RemoteViewer\SmartClient\tst\zSmartClient_UnitTest\bin\x64\Debug\net472\zSmartClient_UnitTest.dll" adapterTypeName="executor://mstestadapter/v2" className="SmartClient_UnitTest.VideoOS.RemoteClient.Plugin.CentralizedSearch.MIPPlugin.Criteria.ViewModels.SmartSearchCameraListItemHelperTests" name="CanMoreRegionsBeAdded_ShouldReturnTrue" />
    </UnitTest>
    <UnitTest name="SupportsDoubleClick_ShouldBeTrue_WhenInteractionStateIsNormal" storage="d:\actions-runner\_work\xpco\xpco\sc\components\remoteviewer\smartclient\tst\zsmartclient_unittest\bin\x64\debug\net472\zsmartclient_unittest.dll" id="acb1a3bd-713e-4d7a-4e0c-8e617e64d48b">
      <TestCategory>
        <TestCategoryItem TestCategory="GisMap.MipItemMarker" />
      </TestCategory>
      <Execution id="078ed051-d235-430b-b7a0-2a67a983d1a5" />
      <TestMethod codeBase="D:\actions-runner\_work\XPCO\XPCO\SC\Components\RemoteViewer\SmartClient\tst\zSmartClient_UnitTest\bin\x64\Debug\net472\zSmartClient_UnitTest.dll" adapterTypeName="executor://mstestadapter/v2" className="SmartClient_UnitTest.VideoOS.RemoteClient.Plugin.GisMap.ThinkGeoMap.Markers.MipItemMarker.MipItemMarkerTests" name="SupportsDoubleClick_ShouldBeTrue_WhenInteractionStateIsNormal" />
    </UnitTest>
    <UnitTest name="Dispose_ShouldDetachOnUpdateMutedMicrophonesRaised_WhenCalled" storage="d:\actions-runner\_work\xpco\xpco\sc\components\remoteviewer\smartclient\tst\zsmartclient_unittest\bin\x64\debug\net472\zsmartclient_unittest.dll" id="57e42158-c478-d557-913f-3f7cb2a55e4f">
      <TestCategory>
        <TestCategoryItem TestCategory="GisMapData.MapLayers" />
      </TestCategory>
      <Execution id="4fbd6193-05c6-428b-b227-a7c03e3b74ed" />
      <TestMethod codeBase="D:\actions-runner\_work\XPCO\XPCO\SC\Components\RemoteViewer\SmartClient\tst\zSmartClient_UnitTest\bin\x64\Debug\net472\zSmartClient_UnitTest.dll" adapterTypeName="executor://mstestadapter/v2" className="SmartClient_UnitTest.VideoOS.RemoteClient.GisMapData.MapLayers.MicrophoneItemsMapLayerTests" name="Dispose_ShouldDetachOnUpdateMutedMicrophonesRaised_WhenCalled" />
    </UnitTest>
    <UnitTest name="ScrollWheelInTileLayout_ScrollUp_IncreaseItemSize" storage="d:\actions-runner\_work\xpco\xpco\sc\components\remoteviewer\smartclient\tst\zsmartclient_unittest\bin\x64\debug\net472\zsmartclient_unittest.dll" id="c8fac7fa-4b08-7ff4-1155-d669516586fe">
      <TestCategory>
        <TestCategoryItem TestCategory="SearchViews" />
      </TestCategory>
      <Execution id="4ffff798-5f11-4ac7-b796-d9771cfd2a07" />
      <TestMethod codeBase="D:\actions-runner\_work\XPCO\XPCO\SC\Components\RemoteViewer\SmartClient\tst\zSmartClient_UnitTest\bin\x64\Debug\net472\zSmartClient_UnitTest.dll" adapterTypeName="executor://mstestadapter/v2" className="SmartClient_UnitTest.VideoOS.RemoteClient.Plugin.CentralizedSearch.Views.SearchResultsViewTests" name="ScrollWheelInTileLayout_ScrollUp_IncreaseItemSize" />
    </UnitTest>
    <UnitTest name="LoadMapAsyncWithBuildings_Success" storage="d:\actions-runner\_work\xpco\xpco\sc\components\remoteviewer\smartclient\tst\zsmartclient_unittest\bin\x64\debug\net472\zsmartclient_unittest.dll" id="23557db4-cf2f-5c4a-81e2-b54970cb5a80">
      <TestCategory>
        <TestCategoryItem TestCategory="GisMapBuilding" />
      </TestCategory>
      <Execution id="f9dc80b3-15a8-4e37-8c66-77c44bb558e8" />
      <TestMethod codeBase="D:\actions-runner\_work\XPCO\XPCO\SC\Components\RemoteViewer\SmartClient\tst\zSmartClient_UnitTest\bin\x64\Debug\net472\zSmartClient_UnitTest.dll" adapterTypeName="executor://mstestadapter/v2" className="SmartClient_UnitTest.VideoOS.RemoteClient.GisMapData.GisMapBuildingTests" name="LoadMapAsyncWithBuildings_Success" />
    </UnitTest>
    <UnitTest name="PtzSessionControllerInfoConstructorTest_From_PtzSessionInfo_Windows_User" storage="d:\actions-runner\_work\xpco\xpco\sc\components\remoteviewer\smartclient\tst\zsmartclient_unittest\bin\x64\debug\net472\zsmartclient_unittest.dll" id="a82486f4-91e1-c778-be1c-6489525080cf">
      <Execution id="2b4547c3-5e15-4cfe-9900-8d5e5d55400e" />
      <TestMethod codeBase="D:\actions-runner\_work\XPCO\XPCO\SC\Components\RemoteViewer\SmartClient\tst\zSmartClient_UnitTest\bin\x64\Debug\net472\zSmartClient_UnitTest.dll" adapterTypeName="executor://mstestadapter/v2" className="VideoOS.RemoteClient.Application.Controllers.UnitTest.PtzSessionControllerTest" name="PtzSessionControllerInfoConstructorTest_From_PtzSessionInfo_Windows_User" />
    </UnitTest>
    <UnitTest name="Dispose_ShouldReleaseResources_WhenCalled" storage="d:\actions-runner\_work\xpco\xpco\sc\components\remoteviewer\smartclient\tst\zsmartclient_unittest\bin\x64\debug\net472\zsmartclient_unittest.dll" id="e5d0a93d-5262-e4d0-5f45-ee6b0db6945d">
      <TestCategory>
        <TestCategoryItem TestCategory="GisMap.DeviceSelectorWindowViewModel" />
      </TestCategory>
      <Execution id="e2758f91-d349-48a5-a086-283e7b4e0cbf" />
      <TestMethod codeBase="D:\actions-runner\_work\XPCO\XPCO\SC\Components\RemoteViewer\SmartClient\tst\zSmartClient_UnitTest\bin\x64\Debug\net472\zSmartClient_UnitTest.dll" adapterTypeName="executor://mstestadapter/v2" className="SmartClient_UnitTest.VideoOS.RemoteClient.Plugin.GisMap.ViewModels.DeviceSelectorWindowViewModelTests" name="Dispose_ShouldReleaseResources_WhenCalled" />
    </UnitTest>
    <UnitTest name="ConvertBack_ShouldRaiseInvalidCastException_WhenValueIsNotABoolean" storage="d:\actions-runner\_work\xpco\xpco\sc\components\remoteviewer\smartclient\tst\zsmartclient_unittest\bin\x64\debug\net472\zsmartclient_unittest.dll" id="1079a229-fd63-4e8b-6131-749f5fa842df">
      <TestCategory>
        <TestCategoryItem TestCategory="GisMap.InteractionStateConverter" />
      </TestCategory>
      <Execution id="cb838179-6945-4713-8341-3006eb094c9f" />
      <TestMethod codeBase="D:\actions-runner\_work\XPCO\XPCO\SC\Components\RemoteViewer\SmartClient\tst\zSmartClient_UnitTest\bin\x64\Debug\net472\zSmartClient_UnitTest.dll" adapterTypeName="executor://mstestadapter/v2" className="SmartClient_UnitTest.VideoOS.RemoteClient.Plugin.GisMap.View.InteractionStateConverterTests" name="ConvertBack_ShouldRaiseInvalidCastException_WhenValueIsNotABoolean" />
    </UnitTest>
    <UnitTest name="Initialize_ShouldCreateAllCameraItems_WhenInitializedWithNonEmptyScope" storage="d:\actions-runner\_work\xpco\xpco\sc\components\remoteviewer\smartclient\tst\zsmartclient_unittest\bin\x64\debug\net472\zsmartclient_unittest.dll" id="a0bf150c-e557-e095-022b-d649c58ba210">
      <TestCategory>
        <TestCategoryItem TestCategory="Search.Filters.ViewModels" />
      </TestCategory>
      <Execution id="aa5b9bda-d3d8-4706-bd40-70e49481c03b" />
      <TestMethod codeBase="D:\actions-runner\_work\XPCO\XPCO\SC\Components\RemoteViewer\SmartClient\tst\zSmartClient_UnitTest\bin\x64\Debug\net472\zSmartClient_UnitTest.dll" adapterTypeName="executor://mstestadapter/v2" className="SmartClient_UnitTest.VideoOS.RemoteClient.Plugin.CentralizedSearch.MIPPlugin.Criteria.ViewModels.RegionSelectionAttributeEditControlViewModelTests" name="Initialize_ShouldCreateAllCameraItems_WhenInitializedWithNonEmptyScope" />
    </UnitTest>
    <UnitTest name="PatrollingStepListViewModel_CanExecuteMoveDown" storage="d:\actions-runner\_work\xpco\xpco\sc\components\remoteviewer\smartclient\tst\zsmartclient_unittest\bin\x64\debug\net472\zsmartclient_unittest.dll" id="9deaeb24-21b9-9f12-691a-fda61c229e90">
      <Execution id="7b46d8c1-34b1-498f-8a8f-78fbbcee675f" />
      <TestMethod codeBase="D:\actions-runner\_work\XPCO\XPCO\SC\Components\RemoteViewer\SmartClient\tst\zSmartClient_UnitTest\bin\x64\Debug\net472\zSmartClient_UnitTest.dll" adapterTypeName="executor://mstestadapter/v2" className="SmartClient_UnitTest.VideoOS.RemoteClient.Application.UI.PtzPreset.PatrollingViewModel.PatrollingStepListViewModelTest" name="PatrollingStepListViewModel_CanExecuteMoveDown" />
    </UnitTest>
    <UnitTest name="SupportsDoubleClick_ShouldBeTrue_WhenInteractionStateIsNormal" storage="d:\actions-runner\_work\xpco\xpco\sc\components\remoteviewer\smartclient\tst\zsmartclient_unittest\bin\x64\debug\net472\zsmartclient_unittest.dll" id="06bd284b-d73d-920f-7739-efb670bc85e0">
      <TestCategory>
        <TestCategoryItem TestCategory="GisMap.InputMarkerTest" />
      </TestCategory>
      <Execution id="d35d8395-d283-4b17-817c-4b4be5f477e0" />
      <TestMethod codeBase="D:\actions-runner\_work\XPCO\XPCO\SC\Components\RemoteViewer\SmartClient\tst\zSmartClient_UnitTest\bin\x64\Debug\net472\zSmartClient_UnitTest.dll" adapterTypeName="executor://mstestadapter/v2" className="SmartClient_UnitTest.VideoOS.RemoteClient.Plugin.GisMap.ThinkGeoMap.Markers.DeviceMarkers.InputMarker.InputMarkerTests" name="SupportsDoubleClick_ShouldBeTrue_WhenInteractionStateIsNormal" />
    </UnitTest>
    <UnitTest name="ValidateExportFormats_SmartClientPlayerFormat_ShouldReturnFailResult_ExportPathIsTooLong (c:\aaaaaaaaaaaaaaaaaaaaaaaaaaaaaaaaaaaaaaaaaaaaaaaaaaaaaaaaaaaaaaaaaaaaaaaaaaaaaaaaaaaaaaaaaaaaaaaaaaaaaaaaaaaaaaaaaaaaaaaaaaaaaaaaaaaaaaaaaaaaaaaaaaaaaaaaaaaaaaaaaaaaaaaaaaaaaaaaaaaaaaa)" storage="d:\actions-runner\_work\xpco\xpco\sc\components\remoteviewer\smartclient\tst\zsmartclient_unittest\bin\x64\debug\net472\zsmartclient_unittest.dll" id="2f1a043d-2a10-79ca-c195-ea30a15eafce">
      <TestCategory>
        <TestCategoryItem TestCategory="Export" />
      </TestCategory>
      <Execution id="e0abdaba-006e-4359-b41d-3cb7a3fe9c71" />
      <TestMethod codeBase="D:\actions-runner\_work\XPCO\XPCO\SC\Components\RemoteViewer\SmartClient\tst\zSmartClient_UnitTest\bin\x64\Debug\net472\zSmartClient_UnitTest.dll" adapterTypeName="executor://mstestadapter/v2" className="SmartClient_UnitTest.VideoOS.RemoteClient.Plugin.Export.ExportDataValidatorTests" name="ValidateExportFormats_SmartClientPlayerFormat_ShouldReturnFailResult_ExportPathIsTooLong" />
    </UnitTest>
    <UnitTest name="ClearSelectedCamerasCommand_NonEmptyList_ListCleared" storage="d:\actions-runner\_work\xpco\xpco\sc\components\remoteviewer\smartclient\tst\zsmartclient_unittest\bin\x64\debug\net472\zsmartclient_unittest.dll" id="35b5f995-b2f1-b0ad-4d21-7b40aa694ec8">
      <TestCategory>
        <TestCategoryItem TestCategory="SearchViewModels" />
      </TestCategory>
      <Execution id="983d3be2-1f13-4bc9-a0f8-408402acae67" />
      <TestMethod codeBase="D:\actions-runner\_work\XPCO\XPCO\SC\Components\RemoteViewer\SmartClient\tst\zSmartClient_UnitTest\bin\x64\Debug\net472\zSmartClient_UnitTest.dll" adapterTypeName="executor://mstestadapter/v2" className="SmartClient_UnitTest.VideoOS.RemoteClient.Plugin.CentralizedSearch.ViewModels.SearchViewModelTests" name="ClearSelectedCamerasCommand_NonEmptyList_ListCleared" />
    </UnitTest>
    <UnitTest name="Compare_ShouldSortByPrimaryEventTime_WhenOnlySingleResults" storage="d:\actions-runner\_work\xpco\xpco\sc\components\remoteviewer\smartclient\tst\zsmartclient_unittest\bin\x64\debug\net472\zsmartclient_unittest.dll" id="ff39d078-db32-05c4-cda1-a2362a7ad157">
      <TestCategory>
        <TestCategoryItem TestCategory="SearchComparers" />
      </TestCategory>
      <Execution id="e85fde29-551f-4375-b52b-9e4ab8ac50f6" />
      <TestMethod codeBase="D:\actions-runner\_work\XPCO\XPCO\SC\Components\RemoteViewer\SmartClient\tst\zSmartClient_UnitTest\bin\x64\Debug\net472\zSmartClient_UnitTest.dll" adapterTypeName="executor://mstestadapter/v2" className="SmartClient_UnitTest.VideoOS.RemoteClient.Plugin.CentralizedSearch.Models.Wrappers.Comparers.RelevanceComparerTests" name="Compare_ShouldSortByPrimaryEventTime_WhenOnlySingleResults" />
    </UnitTest>
    <UnitTest name="UpdateItems_WhenStrategyReturnsUpdateNotNeeded_ShouldNotResultInMipItemsReadyEvent" storage="d:\actions-runner\_work\xpco\xpco\sc\components\remoteviewer\smartclient\tst\zsmartclient_unittest\bin\x64\debug\net472\zsmartclient_unittest.dll" id="cab07565-7102-ab00-4f85-136d84889f35">
      <TestCategory>
        <TestCategoryItem TestCategory="MipItemsRetriever" />
      </TestCategory>
      <Execution id="accdf9bd-4fc5-4b3a-b451-dd0b736cd28d" />
      <TestMethod codeBase="D:\actions-runner\_work\XPCO\XPCO\SC\Components\RemoteViewer\SmartClient\tst\zSmartClient_UnitTest\bin\x64\Debug\net472\zSmartClient_UnitTest.dll" adapterTypeName="executor://mstestadapter/v2" className="SmartClient_UnitTest.VideoOS.RemoteClient.Plugin.GisMap.MIP.MipItemsRetrieverTests" name="UpdateItems_WhenStrategyReturnsUpdateNotNeeded_ShouldNotResultInMipItemsReadyEvent" />
    </UnitTest>
    <UnitTest name="ScrollIntoView_Synchronous_DefinitionViewBelowOutOfViewPort_Scrolled" storage="d:\actions-runner\_work\xpco\xpco\sc\components\remoteviewer\smartclient\tst\zsmartclient_unittest\bin\x64\debug\net472\zsmartclient_unittest.dll" id="61db488c-fd57-8a4d-714e-e5d3bad8b45f">
      <TestCategory>
        <TestCategoryItem TestCategory="Search" />
      </TestCategory>
      <Execution id="09ae5e18-abdf-4aad-9153-3a3569bd1779" />
      <TestMethod codeBase="D:\actions-runner\_work\XPCO\XPCO\SC\Components\RemoteViewer\SmartClient\tst\zSmartClient_UnitTest\bin\x64\Debug\net472\zSmartClient_UnitTest.dll" adapterTypeName="executor://mstestadapter/v2" className="SmartClient_UnitTest.VideoOS.RemoteClient.Plugin.CentralizedSearch.Views.CriteriaViewTests" name="ScrollIntoView_Synchronous_DefinitionViewBelowOutOfViewPort_Scrolled" />
    </UnitTest>
    <UnitTest name="ReCreateOverlay_WhereOverlayIsRecreable_OverlayRequestToBeReCreated" storage="d:\actions-runner\_work\xpco\xpco\sc\components\remoteviewer\smartclient\tst\zsmartclient_unittest\bin\x64\debug\net472\zsmartclient_unittest.dll" id="361cc772-0d75-885b-698f-f995fb066fc5">
      <Execution id="c5a3f2b6-d2f1-4f57-b678-9abc0906150a" />
      <TestMethod codeBase="D:\actions-runner\_work\XPCO\XPCO\SC\Components\RemoteViewer\SmartClient\tst\zSmartClient_UnitTest\bin\x64\Debug\net472\zSmartClient_UnitTest.dll" adapterTypeName="executor://mstestadapter/v2" className="SmartClient_UnitTest.VideoOS.RemoteClient.Plugin.GisMap.ThinkGeoMap.ThinkGeoOverlaysManagerTests" name="ReCreateOverlay_WhereOverlayIsRecreable_OverlayRequestToBeReCreated" />
    </UnitTest>
    <UnitTest name="PatrollingProfileViewModelTest_Save_UpdateProfile" storage="d:\actions-runner\_work\xpco\xpco\sc\components\remoteviewer\smartclient\tst\zsmartclient_unittest\bin\x64\debug\net472\zsmartclient_unittest.dll" id="1b215d44-dc60-3855-41b7-391caaf25646">
      <Execution id="16df7354-7615-4429-aff9-ef3ec0e2e788" />
      <TestMethod codeBase="D:\actions-runner\_work\XPCO\XPCO\SC\Components\RemoteViewer\SmartClient\tst\zSmartClient_UnitTest\bin\x64\Debug\net472\zSmartClient_UnitTest.dll" adapterTypeName="executor://mstestadapter/v2" className="SmartClient_UnitTest.VideoOS.RemoteClient.Application.UI.PtzPreset.PatrollingViewModel.PatrollingProfileViewModelTest" name="PatrollingProfileViewModelTest_Save_UpdateProfile" />
    </UnitTest>
    <UnitTest name="ResolveBaseResultProperties_ShouldOnlyReturnTriggerTimesThatAreWithinBeginEndWithPadding" storage="d:\actions-runner\_work\xpco\xpco\sc\components\remoteviewer\smartclient\tst\zsmartclient_unittest\bin\x64\debug\net472\zsmartclient_unittest.dll" id="2674b7c4-7076-fd3a-f5df-01507f4b862a">
      <TestCategory>
        <TestCategoryItem TestCategory="Search" />
      </TestCategory>
      <Execution id="583e3c38-7b07-4e8e-b36c-87ca738ae887" />
      <TestMethod codeBase="D:\actions-runner\_work\XPCO\XPCO\SC\Components\RemoteViewer\SmartClient\tst\zSmartClient_UnitTest\bin\x64\Debug\net472\zSmartClient_UnitTest.dll" adapterTypeName="executor://mstestadapter/v2" className="SmartClient_UnitTest.VideoOS.RemoteClient.Plugin.CentralizedSearch.Utils.SearchResultDataWrapperExtensionsTests" name="ResolveBaseResultProperties_ShouldOnlyReturnTriggerTimesThatAreWithinBeginEndWithPadding" />
    </UnitTest>
    <UnitTest name="IsOutputEnabled_ShouldBeFalse_WhenOutputIsDisabled" storage="d:\actions-runner\_work\xpco\xpco\sc\components\remoteviewer\smartclient\tst\zsmartclient_unittest\bin\x64\debug\net472\zsmartclient_unittest.dll" id="727eace4-6f24-f89e-4093-133963eb0bdd">
      <TestCategory>
        <TestCategoryItem TestCategory="GisMapData.MapLayers" />
      </TestCategory>
      <Execution id="3b88ec6e-81f4-4465-b8ff-7492a95bda8d" />
      <TestMethod codeBase="D:\actions-runner\_work\XPCO\XPCO\SC\Components\RemoteViewer\SmartClient\tst\zSmartClient_UnitTest\bin\x64\Debug\net472\zSmartClient_UnitTest.dll" adapterTypeName="executor://mstestadapter/v2" className="SmartClient_UnitTest.VideoOS.RemoteClient.GisMapData.MapLayers.OutputItemsMapLayerTests" name="IsOutputEnabled_ShouldBeFalse_WhenOutputIsDisabled" />
    </UnitTest>
    <UnitTest name="WhenActionExecutedWithNoAlarmsThenNoObserverNotified" storage="d:\actions-runner\_work\xpco\xpco\sc\components\remoteviewer\smartclient\tst\zsmartclient_unittest\bin\x64\debug\net472\zsmartclient_unittest.dll" id="b023ed0a-de55-261e-b76b-b001235c2a21">
      <Execution id="57f4441e-6961-42c3-bebf-dbc38dd4e8d2" />
      <TestMethod codeBase="D:\actions-runner\_work\XPCO\XPCO\SC\Components\RemoteViewer\SmartClient\tst\zSmartClient_UnitTest\bin\x64\Debug\net472\zSmartClient_UnitTest.dll" adapterTypeName="executor://mstestadapter/v2" className="SmartClient_UnitTest.VideoOS.RemoteClient.GisMapData.Common.AlarmObservableTest" name="WhenActionExecutedWithNoAlarmsThenNoObserverNotified" />
    </UnitTest>
    <UnitTest name="ActiveInteractionStateBinding_ShouldNotBeNull_WhenCtorIsCalled" storage="d:\actions-runner\_work\xpco\xpco\sc\components\remoteviewer\smartclient\tst\zsmartclient_unittest\bin\x64\debug\net472\zsmartclient_unittest.dll" id="a96b347d-5d1c-d89b-916b-371c05303b3e">
      <TestCategory>
        <TestCategoryItem TestCategory="GisMap.LinkMarker" />
      </TestCategory>
      <Execution id="9b1239cc-6b0f-4d38-8c1a-866404c36ae4" />
      <TestMethod codeBase="D:\actions-runner\_work\XPCO\XPCO\SC\Components\RemoteViewer\SmartClient\tst\zSmartClient_UnitTest\bin\x64\Debug\net472\zSmartClient_UnitTest.dll" adapterTypeName="executor://mstestadapter/v2" className="SmartClient_UnitTest.VideoOS.RemoteClient.Plugin.GisMap.ThinkGeoMap.Markers.LinkMarker.LinkMarkerTests" name="ActiveInteractionStateBinding_ShouldNotBeNull_WhenCtorIsCalled" />
    </UnitTest>
    <UnitTest name="SearchFilterCategoryGet_OneSearchAgent_FiltersMatch" storage="d:\actions-runner\_work\xpco\xpco\sc\components\remoteviewer\smartclient\tst\zsmartclient_unittest\bin\x64\debug\net472\zsmartclient_unittest.dll" id="44e92960-87da-bcfa-c839-b0dd09a9d8ba">
      <TestCategory>
        <TestCategoryItem TestCategory="Search" />
      </TestCategory>
      <Execution id="61e6a536-a039-4c71-a4b6-a4f2c5316bc9" />
      <TestMethod codeBase="D:\actions-runner\_work\XPCO\XPCO\SC\Components\RemoteViewer\SmartClient\tst\zSmartClient_UnitTest\bin\x64\Debug\net472\zSmartClient_UnitTest.dll" adapterTypeName="executor://mstestadapter/v2" className="SmartClient_UnitTest.VideoOS.RemoteClient.Plugin.CentralizedSearch.MIPPlugin.CompositeSearchAgentTests" name="SearchFilterCategoryGet_OneSearchAgent_FiltersMatch" />
    </UnitTest>
    <UnitTest name="ConvertBack_ShouldReturnTheParameterInteractionState_WhenValueIsTrueAndParameterIsAnInteractionState" storage="d:\actions-runner\_work\xpco\xpco\sc\components\remoteviewer\smartclient\tst\zsmartclient_unittest\bin\x64\debug\net472\zsmartclient_unittest.dll" id="949114ce-b635-6899-abf2-c4e97a411c85">
      <TestCategory>
        <TestCategoryItem TestCategory="GisMap.InteractionStateConverter" />
      </TestCategory>
      <Execution id="63347175-718e-44dc-b885-7ff9ff70d5a3" />
      <TestMethod codeBase="D:\actions-runner\_work\XPCO\XPCO\SC\Components\RemoteViewer\SmartClient\tst\zSmartClient_UnitTest\bin\x64\Debug\net472\zSmartClient_UnitTest.dll" adapterTypeName="executor://mstestadapter/v2" className="SmartClient_UnitTest.VideoOS.RemoteClient.Plugin.GisMap.View.InteractionStateConverterTests" name="ConvertBack_ShouldReturnTheParameterInteractionState_WhenValueIsTrueAndParameterIsAnInteractionState" />
    </UnitTest>
    <UnitTest name="SearchModelOnSearchResultsExpired_NotOnUiThread_Success" storage="d:\actions-runner\_work\xpco\xpco\sc\components\remoteviewer\smartclient\tst\zsmartclient_unittest\bin\x64\debug\net472\zsmartclient_unittest.dll" id="48054fb2-bd75-c8f4-21b2-fc21c0457ce0">
      <TestCategory>
        <TestCategoryItem TestCategory="SearchViewModels" />
      </TestCategory>
      <Execution id="9d34c4cc-cc49-415e-9b35-f63f1d7f8b98" />
      <TestMethod codeBase="D:\actions-runner\_work\XPCO\XPCO\SC\Components\RemoteViewer\SmartClient\tst\zSmartClient_UnitTest\bin\x64\Debug\net472\zSmartClient_UnitTest.dll" adapterTypeName="executor://mstestadapter/v2" className="SmartClient_UnitTest.VideoOS.RemoteClient.Plugin.CentralizedSearch.ViewModels.SearchViewModelTests" name="SearchModelOnSearchResultsExpired_NotOnUiThread_Success" />
    </UnitTest>
    <UnitTest name="GetSearchTemplateAsync_EmptyParameters_Success" storage="d:\actions-runner\_work\xpco\xpco\sc\components\remoteviewer\smartclient\tst\zsmartclient_unittest\bin\x64\debug\net472\zsmartclient_unittest.dll" id="204823b6-de51-5dbf-961f-bc00c64fcbfd">
      <TestCategory>
        <TestCategoryItem TestCategory="SearchTemplatesService" />
      </TestCategory>
      <Execution id="bcf8383b-fa5c-4d58-be71-adaae016ded4" />
      <TestMethod codeBase="D:\actions-runner\_work\XPCO\XPCO\SC\Components\RemoteViewer\SmartClient\tst\zSmartClient_UnitTest\bin\x64\Debug\net472\zSmartClient_UnitTest.dll" adapterTypeName="executor://mstestadapter/v2" className="SmartClient_UnitTest.VideoOS.RemoteClient.Plugin.CentralizedSearch.SearchTemplates.Service.SearchTemplateServiceTests" name="GetSearchTemplateAsync_EmptyParameters_Success" />
    </UnitTest>
    <UnitTest name="PatrollingProfileListViewModel_CanExecuteAddProfile" storage="d:\actions-runner\_work\xpco\xpco\sc\components\remoteviewer\smartclient\tst\zsmartclient_unittest\bin\x64\debug\net472\zsmartclient_unittest.dll" id="38ec599c-8886-9abd-0e90-9384d2644f53">
      <Execution id="f90ab57b-5d66-4bde-9d02-bf6397f1a986" />
      <TestMethod codeBase="D:\actions-runner\_work\XPCO\XPCO\SC\Components\RemoteViewer\SmartClient\tst\zSmartClient_UnitTest\bin\x64\Debug\net472\zSmartClient_UnitTest.dll" adapterTypeName="executor://mstestadapter/v2" className="SmartClient_UnitTest.VideoOS.RemoteClient.Application.UI.PtzPreset.PatrollingViewModel.PatrollingProfileListViewModelTest" name="PatrollingProfileListViewModel_CanExecuteAddProfile" />
    </UnitTest>
    <UnitTest name="BuildEvidenceCreatedProperties_ShouldReturnCorrectValues (some headline,,03:00:00,Weeks,1.22:00:00,3,True,False,03:00:00,Weeks,1.22:00:00,3)" storage="d:\actions-runner\_work\xpco\xpco\sc\components\remoteviewer\smartclient\tst\zsmartclient_unittest\bin\x64\debug\net472\zsmartclient_unittest.dll" id="75190a91-bb67-9255-8853-c45d21832247">
      <Execution id="d43af13a-9988-46c2-8050-4e23cefc1491" />
      <TestMethod codeBase="D:\actions-runner\_work\XPCO\XPCO\SC\Components\RemoteViewer\SmartClient\tst\zSmartClient_UnitTest\bin\x64\Debug\net472\zSmartClient_UnitTest.dll" adapterTypeName="executor://mstestadapter/v2" className="SmartClient_UnitTest.VideoOS.RemoteClient.Application.Common.Telemetry.TelemetryBuilderTests" name="BuildEvidenceCreatedProperties_ShouldReturnCorrectValues" />
    </UnitTest>
    <UnitTest name="PatrollingStepListViewModel_DeleteStepExecute" storage="d:\actions-runner\_work\xpco\xpco\sc\components\remoteviewer\smartclient\tst\zsmartclient_unittest\bin\x64\debug\net472\zsmartclient_unittest.dll" id="64e7256a-b290-3467-22a6-88571ed2d255">
      <Execution id="cff54b69-792f-4763-866b-a24c9fa62982" />
      <TestMethod codeBase="D:\actions-runner\_work\XPCO\XPCO\SC\Components\RemoteViewer\SmartClient\tst\zSmartClient_UnitTest\bin\x64\Debug\net472\zSmartClient_UnitTest.dll" adapterTypeName="executor://mstestadapter/v2" className="SmartClient_UnitTest.VideoOS.RemoteClient.Application.UI.PtzPreset.PatrollingViewModel.PatrollingStepListViewModelTest" name="PatrollingStepListViewModel_DeleteStepExecute" />
    </UnitTest>
    <UnitTest name="PermanentMarkers_ShouldAdd_WhenTryInitExecuted" storage="d:\actions-runner\_work\xpco\xpco\sc\components\remoteviewer\smartclient\tst\zsmartclient_unittest\bin\x64\debug\net472\zsmartclient_unittest.dll" id="0a626f9c-1fcc-6ba0-e354-bb3374659d02">
      <TestCategory>
        <TestCategoryItem TestCategory="SmartMap.MapItemsOverlay" />
      </TestCategory>
      <Execution id="9a4f3047-05b1-45f6-87c1-89e8c537133a" />
      <TestMethod codeBase="D:\actions-runner\_work\XPCO\XPCO\SC\Components\RemoteViewer\SmartClient\tst\zSmartClient_UnitTest\bin\x64\Debug\net472\zSmartClient_UnitTest.dll" adapterTypeName="executor://mstestadapter/v2" className="SmartClient_UnitTest.VideoOS.RemoteClient.Plugin.GisMap.ThinkGeoMap.SpecializedOverlays.Overlays.MapItemsOverlayTests" name="PermanentMarkers_ShouldAdd_WhenTryInitExecuted" />
    </UnitTest>
    <UnitTest name="TryAddInterval_ShouldReturnCorrectValue (True,True,Success)" storage="d:\actions-runner\_work\xpco\xpco\sc\components\remoteviewer\smartclient\tst\zsmartclient_unittest\bin\x64\debug\net472\zsmartclient_unittest.dll" id="374542b4-887c-5193-c1b0-f2e6d543faf3">
      <TestCategory>
        <TestCategoryItem TestCategory="Managers" />
      </TestCategory>
      <Execution id="60c87785-fab5-460e-9804-474b677d1509" />
      <TestMethod codeBase="D:\actions-runner\_work\XPCO\XPCO\SC\Components\RemoteViewer\SmartClient\tst\zSmartClient_UnitTest\bin\x64\Debug\net472\zSmartClient_UnitTest.dll" adapterTypeName="executor://mstestadapter/v2" className="SmartClient_UnitTest.VideoOS.RemoteClient.Application.Managers.ExportManagerTests" name="TryAddInterval_ShouldReturnCorrectValue" />
    </UnitTest>
    <UnitTest name="ScWorkspaceStateChangedEvent_ShouldSetDeviceIsDisabledToFalse_WhenSwitchingToSetupModeAndDeviceIsDisabled" storage="d:\actions-runner\_work\xpco\xpco\sc\components\remoteviewer\smartclient\tst\zsmartclient_unittest\bin\x64\debug\net472\zsmartclient_unittest.dll" id="0642a600-4a64-e9cb-eb5f-0984d3d228c6">
      <TestCategory>
        <TestCategoryItem TestCategory="GisMapData.MapLayers" />
      </TestCategory>
      <Execution id="6c7f128f-0a43-49e9-9706-6afa91747df9" />
      <TestMethod codeBase="D:\actions-runner\_work\XPCO\XPCO\SC\Components\RemoteViewer\SmartClient\tst\zSmartClient_UnitTest\bin\x64\Debug\net472\zSmartClient_UnitTest.dll" adapterTypeName="executor://mstestadapter/v2" className="SmartClient_UnitTest.VideoOS.RemoteClient.GisMapData.MapLayers.OutputItemsMapLayerTests" name="ScWorkspaceStateChangedEvent_ShouldSetDeviceIsDisabledToFalse_WhenSwitchingToSetupModeAndDeviceIsDisabled" />
    </UnitTest>
    <UnitTest name="SmartMapGoToAreaHandler_WhenDataIsValid_ShouldCallNavigateTo" storage="d:\actions-runner\_work\xpco\xpco\sc\components\remoteviewer\smartclient\tst\zsmartclient_unittest\bin\x64\debug\net472\zsmartclient_unittest.dll" id="8ccd7a8f-ef67-0ae3-b153-d3f9ffe8fcc3">
      <Execution id="48293843-f5a7-425f-9c38-5a268257e529" />
      <TestMethod codeBase="D:\actions-runner\_work\XPCO\XPCO\SC\Components\RemoteViewer\SmartClient\tst\zSmartClient_UnitTest\bin\x64\Debug\net472\zSmartClient_UnitTest.dll" adapterTypeName="executor://mstestadapter/v2" className="SmartClient_UnitTest.VideoOS.RemoteClient.Plugin.GisMap.MIP.ContentHolderMipMessageManagerTests" name="SmartMapGoToAreaHandler_WhenDataIsValid_ShouldCallNavigateTo" />
    </UnitTest>
    <UnitTest name="SearchResultsActionBarActions_MipActionSpecificallySupportsSelectedSearchResult_ActionEnabled" storage="d:\actions-runner\_work\xpco\xpco\sc\components\remoteviewer\smartclient\tst\zsmartclient_unittest\bin\x64\debug\net472\zsmartclient_unittest.dll" id="3375033a-d5e6-72b6-24f8-d995495958e4">
      <TestCategory>
        <TestCategoryItem TestCategory="SearchResultActionBarViewModel" />
      </TestCategory>
      <Execution id="cf28e3fb-9a84-412f-b7aa-d7f316962547" />
      <TestMethod codeBase="D:\actions-runner\_work\XPCO\XPCO\SC\Components\RemoteViewer\SmartClient\tst\zSmartClient_UnitTest\bin\x64\Debug\net472\zSmartClient_UnitTest.dll" adapterTypeName="executor://mstestadapter/v2" className="SmartClient_UnitTest.VideoOS.RemoteClient.Plugin.CentralizedSearch.ViewModels.SearchResultsActionBarViewModelTest" name="SearchResultsActionBarActions_MipActionSpecificallySupportsSelectedSearchResult_ActionEnabled" />
    </UnitTest>
    <UnitTest name="GetCameraTypes_ShouldReturnSingleCameraType" storage="d:\actions-runner\_work\xpco\xpco\sc\components\remoteviewer\smartclient\tst\zsmartclient_unittest\bin\x64\debug\net472\zsmartclient_unittest.dll" id="da8fd7da-175b-17d6-2b65-b1622f31efd6">
      <Execution id="f097ff44-bfb9-4957-ae77-404ca7d3bb7b" />
      <TestMethod codeBase="D:\actions-runner\_work\XPCO\XPCO\SC\Components\RemoteViewer\SmartClient\tst\zSmartClient_UnitTest\bin\x64\Debug\net472\zSmartClient_UnitTest.dll" adapterTypeName="executor://mstestadapter/v2" className="SmartClient_UnitTest.VideoOS.RemoteClient.Application.Data.ContentTypes.ReportingContentType.DashboardExtentionsTest" name="GetCameraTypes_ShouldReturnSingleCameraType" />
    </UnitTest>
    <UnitTest name="Search_MultipleCategories_SearchCallsDelegatedToSearchManager" storage="d:\actions-runner\_work\xpco\xpco\sc\components\remoteviewer\smartclient\tst\zsmartclient_unittest\bin\x64\debug\net472\zsmartclient_unittest.dll" id="a28e9689-4e5e-848d-448b-9fc289af2ecb">
      <TestCategory>
        <TestCategoryItem TestCategory="Search" />
      </TestCategory>
      <Execution id="7b8612f1-fe60-4dc7-b356-02ba54440c8a" />
      <TestMethod codeBase="D:\actions-runner\_work\XPCO\XPCO\SC\Components\RemoteViewer\SmartClient\tst\zSmartClient_UnitTest\bin\x64\Debug\net472\zSmartClient_UnitTest.dll" adapterTypeName="executor://mstestadapter/v2" className="SmartClient_UnitTest.VideoOS.RemoteClient.Plugin.CentralizedSearch.MIPPlugin.CompositeSearchDefinitionTests" name="Search_MultipleCategories_SearchCallsDelegatedToSearchManager" />
    </UnitTest>
    <UnitTest name="ScWorkspaceStateChangedEvent_ShouldKeepIsSelected_WhenSwitchingToSetupMode" storage="d:\actions-runner\_work\xpco\xpco\sc\components\remoteviewer\smartclient\tst\zsmartclient_unittest\bin\x64\debug\net472\zsmartclient_unittest.dll" id="fd11af71-a4c4-5921-60ab-2b01bfd9ee13">
      <TestCategory>
        <TestCategoryItem TestCategory="GisMapData.MapLayers" />
      </TestCategory>
      <Execution id="a98274c7-668b-429c-9982-637a6dd4db5e" />
      <TestMethod codeBase="D:\actions-runner\_work\XPCO\XPCO\SC\Components\RemoteViewer\SmartClient\tst\zSmartClient_UnitTest\bin\x64\Debug\net472\zSmartClient_UnitTest.dll" adapterTypeName="executor://mstestadapter/v2" className="SmartClient_UnitTest.VideoOS.RemoteClient.GisMapData.MapLayers.MicrophoneItemsMapLayerTests" name="ScWorkspaceStateChangedEvent_ShouldKeepIsSelected_WhenSwitchingToSetupMode" />
    </UnitTest>
    <UnitTest name="CallingAction_Generates_PopoverUserControl_WhenToolbarPluginTypeIsUserControl" storage="d:\actions-runner\_work\xpco\xpco\sc\components\remoteviewer\smartclient\tst\zsmartclient_unittest\bin\x64\debug\net472\zsmartclient_unittest.dll" id="663795a0-d44e-108c-adbb-753bfdf4d621">
      <TestCategory>
        <TestCategoryItem TestCategory="WorkspaceToolbar" />
      </TestCategory>
      <Execution id="43c75075-2256-4611-82a2-2461d9ca4542" />
      <TestMethod codeBase="D:\actions-runner\_work\XPCO\XPCO\SC\Components\RemoteViewer\SmartClient\tst\zSmartClient_UnitTest\bin\x64\Debug\net472\zSmartClient_UnitTest.dll" adapterTypeName="executor://mstestadapter/v2" className="SmartClient_UnitTest.VideoOS.RemoteClient.Application.Data.WorkspaceToolbar.WorkspaceToolbarItemMipPluginTests" name="CallingAction_Generates_PopoverUserControl_WhenToolbarPluginTypeIsUserControl" />
    </UnitTest>
    <UnitTest name="IsDisabled_ShouldBeTrue_WhenApplicationIsInBrowseMode" storage="d:\actions-runner\_work\xpco\xpco\sc\components\remoteviewer\smartclient\tst\zsmartclient_unittest\bin\x64\debug\net472\zsmartclient_unittest.dll" id="5e16f1a5-ac2f-de21-a1b1-de59b21f35bb">
      <TestCategory>
        <TestCategoryItem TestCategory="GisMapData.MapItem.Outputs" />
      </TestCategory>
      <Execution id="ce51dcf2-af48-41e9-aa4f-470c75f8a3c7" />
      <TestMethod codeBase="D:\actions-runner\_work\XPCO\XPCO\SC\Components\RemoteViewer\SmartClient\tst\zSmartClient_UnitTest\bin\x64\Debug\net472\zSmartClient_UnitTest.dll" adapterTypeName="executor://mstestadapter/v2" className="SmartClient_UnitTest.VideoOS.RemoteClient.GisMapData.MapItem.Outputs.OutputMapItemTests" name="IsDisabled_ShouldBeTrue_WhenApplicationIsInBrowseMode" />
    </UnitTest>
    <UnitTest name="RemoveSelectedCameraCommand_CameraInList_CameraRemoved" storage="d:\actions-runner\_work\xpco\xpco\sc\components\remoteviewer\smartclient\tst\zsmartclient_unittest\bin\x64\debug\net472\zsmartclient_unittest.dll" id="17891e0b-7823-7706-f334-6ca55cc2528c">
      <TestCategory>
        <TestCategoryItem TestCategory="SearchViewModels" />
      </TestCategory>
      <Execution id="b1d12b9a-d5af-43a0-8466-be5be00d05eb" />
      <TestMethod codeBase="D:\actions-runner\_work\XPCO\XPCO\SC\Components\RemoteViewer\SmartClient\tst\zSmartClient_UnitTest\bin\x64\Debug\net472\zSmartClient_UnitTest.dll" adapterTypeName="executor://mstestadapter/v2" className="SmartClient_UnitTest.VideoOS.RemoteClient.Plugin.CentralizedSearch.ViewModels.SearchViewModelTests" name="RemoveSelectedCameraCommand_CameraInList_CameraRemoved" />
    </UnitTest>
    <UnitTest name="MutedMicrophoneIconsId_ShouldReturnMutedIconsInAProperOrder_WhenCalled" storage="d:\actions-runner\_work\xpco\xpco\sc\components\remoteviewer\smartclient\tst\zsmartclient_unittest\bin\x64\debug\net472\zsmartclient_unittest.dll" id="d7aebc88-d17a-4418-cff4-f3007ce02d1e">
      <TestCategory>
        <TestCategoryItem TestCategory="GisMapData.MicrophoneOemResourcesProviderTests" />
      </TestCategory>
      <Execution id="7acedca3-b3e1-48a8-a56f-8c10b6e92f70" />
      <TestMethod codeBase="D:\actions-runner\_work\XPCO\XPCO\SC\Components\RemoteViewer\SmartClient\tst\zSmartClient_UnitTest\bin\x64\Debug\net472\zSmartClient_UnitTest.dll" adapterTypeName="executor://mstestadapter/v2" className="SmartClient_UnitTest.VideoOS.RemoteClient.GisMapData.Resources.MicrophoneOemResourcesProviderTests" name="MutedMicrophoneIconsId_ShouldReturnMutedIconsInAProperOrder_WhenCalled" />
    </UnitTest>
    <UnitTest name="BoundingBoxNewLiveData" storage="d:\actions-runner\_work\xpco\xpco\sc\components\remoteviewer\smartclient\tst\zsmartclient_unittest\bin\x64\debug\net472\zsmartclient_unittest.dll" id="c4726943-b1e4-7dec-138b-79d3b9940013">
      <Execution id="42dae25c-c114-4136-b168-5dc564a82f6a" />
      <TestMethod codeBase="D:\actions-runner\_work\XPCO\XPCO\SC\Components\RemoteViewer\SmartClient\tst\zSmartClient_UnitTest\bin\x64\Debug\net472\zSmartClient_UnitTest.dll" adapterTypeName="executor://mstestadapter/v2" className="SmartClient_UnitTest.VideoOS.RemoteClient.Application.Data.Metadata.BoundingBoxes.BoundingBoxProviderTest" name="BoundingBoxNewLiveData" />
    </UnitTest>
    <UnitTest name="Deserialize_ShouldReportMissingCombineType_WhenCombineTypeIsNotPresentInXml" storage="d:\actions-runner\_work\xpco\xpco\sc\components\remoteviewer\smartclient\tst\zsmartclient_unittest\bin\x64\debug\net472\zsmartclient_unittest.dll" id="2920c2e0-39a3-dd93-5693-d4ce08512159">
      <TestCategory>
        <TestCategoryItem TestCategory="SearchSerialization" />
      </TestCategory>
      <Execution id="fbc50bcf-6cf5-4043-bfe1-6dee7df97dfa" />
      <TestMethod codeBase="D:\actions-runner\_work\XPCO\XPCO\SC\Components\RemoteViewer\SmartClient\tst\zSmartClient_UnitTest\bin\x64\Debug\net472\zSmartClient_UnitTest.dll" adapterTypeName="executor://mstestadapter/v2" className="SmartClient_UnitTest.VideoOS.RemoteClient.Plugin.CentralizedSearch.Models.Serialization.SearchSerializerTests" name="Deserialize_ShouldReportMissingCombineType_WhenCombineTypeIsNotPresentInXml" />
    </UnitTest>
    <UnitTest name="TestMultipleTaskSubscription" storage="d:\actions-runner\_work\xpco\xpco\sc\components\remoteviewer\smartclient\tst\zsmartclient_unittest\bin\x64\debug\net472\zsmartclient_unittest.dll" id="5fd3f98c-c6c1-c9ae-ace1-6e51d9ce104b">
      <Execution id="748c8e0f-de1c-4925-8fd7-77781e3fee7d" />
      <TestMethod codeBase="D:\actions-runner\_work\XPCO\XPCO\SC\Components\RemoteViewer\SmartClient\tst\zSmartClient_UnitTest\bin\x64\Debug\net472\zSmartClient_UnitTest.dll" adapterTypeName="executor://mstestadapter/v2" className="SmartClient_UnitTest.VideoOS.RemoteClient.Application.Managers.EdgeRetrievalTaskManagerUnitTest" name="TestMultipleTaskSubscription" />
    </UnitTest>
    <UnitTest name="GetMutedMicrophoneIconId_ShouldReturnValidMutedMicrophoneIconId_WhenValidUnmutedMicrophoneIconIdIsProvided" storage="d:\actions-runner\_work\xpco\xpco\sc\components\remoteviewer\smartclient\tst\zsmartclient_unittest\bin\x64\debug\net472\zsmartclient_unittest.dll" id="47771962-fd80-aab3-ebc0-33717839eb97">
      <TestCategory>
        <TestCategoryItem TestCategory="GisMapData.MicrophoneOemResourcesProviderTests" />
      </TestCategory>
      <Execution id="bbd8fa22-1ecb-42c6-aad9-a6653a3fc097" />
      <TestMethod codeBase="D:\actions-runner\_work\XPCO\XPCO\SC\Components\RemoteViewer\SmartClient\tst\zSmartClient_UnitTest\bin\x64\Debug\net472\zSmartClient_UnitTest.dll" adapterTypeName="executor://mstestadapter/v2" className="SmartClient_UnitTest.VideoOS.RemoteClient.GisMapData.Resources.MicrophoneOemResourcesProviderTests" name="GetMutedMicrophoneIconId_ShouldReturnValidMutedMicrophoneIconId_WhenValidUnmutedMicrophoneIconIdIsProvided" />
    </UnitTest>
    <UnitTest name="AddSelectedWindowsToExport_ShouldShowCorrectToastMessages (0,0,1)" storage="d:\actions-runner\_work\xpco\xpco\sc\components\remoteviewer\smartclient\tst\zsmartclient_unittest\bin\x64\debug\net472\zsmartclient_unittest.dll" id="4008f5fb-3189-e45e-5cbf-2d8d6943a733">
      <TestCategory>
        <TestCategoryItem TestCategory="Managers" />
      </TestCategory>
      <Execution id="b9bd50b2-12b9-4229-9242-802d92a88b9b" />
      <TestMethod codeBase="D:\actions-runner\_work\XPCO\XPCO\SC\Components\RemoteViewer\SmartClient\tst\zSmartClient_UnitTest\bin\x64\Debug\net472\zSmartClient_UnitTest.dll" adapterTypeName="executor://mstestadapter/v2" className="SmartClient_UnitTest.VideoOS.RemoteClient.Application.Managers.ExportManagerTests" name="AddSelectedWindowsToExport_ShouldShowCorrectToastMessages" />
    </UnitTest>
    <UnitTest name="RenameDeviceTest" storage="d:\actions-runner\_work\xpco\xpco\sc\components\remoteviewer\smartclient\tst\zsmartclient_unittest\bin\x64\debug\net472\zsmartclient_unittest.dll" id="3460e6f3-0dd6-9361-76e4-41731c8ee6fa">
      <Execution id="981b90c4-c359-48db-a9ef-c4cba27f3d51" />
      <TestMethod codeBase="D:\actions-runner\_work\XPCO\XPCO\SC\Components\RemoteViewer\SmartClient\tst\zSmartClient_UnitTest\bin\x64\Debug\net472\zSmartClient_UnitTest.dll" adapterTypeName="executor://mstestadapter/v2" className="SmartClient_UnitTest.VideoOS.Shared.ServerAPI.IServerConfigurationTest" name="RenameDeviceTest" />
    </UnitTest>
    <UnitTest name="FocusedSearchResultChanged_CameraNotOnMap_NavigateToHomeAndShowWarning" storage="d:\actions-runner\_work\xpco\xpco\sc\components\remoteviewer\smartclient\tst\zsmartclient_unittest\bin\x64\debug\net472\zsmartclient_unittest.dll" id="2b329938-e3b1-01ad-a60f-47df5d0a331f">
      <TestCategory>
        <TestCategoryItem TestCategory="Search.SmartMapPreview" />
      </TestCategory>
      <Execution id="c8c87b2d-4131-4f77-b27c-b2c602f091a1" />
      <TestMethod codeBase="D:\actions-runner\_work\XPCO\XPCO\SC\Components\RemoteViewer\SmartClient\tst\zSmartClient_UnitTest\bin\x64\Debug\net472\zSmartClient_UnitTest.dll" adapterTypeName="executor://mstestadapter/v2" className="SmartClient_UnitTest.VideoOS.RemoteClient.Plugin.CentralizedSearch.Views.Controls.SmartMap.SmartMapPreviewTests" name="FocusedSearchResultChanged_CameraNotOnMap_NavigateToHomeAndShowWarning" />
    </UnitTest>
    <UnitTest name="GetServerGroups_ShouldReturnServerGroupsType" storage="d:\actions-runner\_work\xpco\xpco\sc\components\remoteviewer\smartclient\tst\zsmartclient_unittest\bin\x64\debug\net472\zsmartclient_unittest.dll" id="8647f015-786e-4211-7702-95ed8f5c87dc">
      <Execution id="4fb8ba48-e1a8-463c-a26e-c38690470bf2" />
      <TestMethod codeBase="D:\actions-runner\_work\XPCO\XPCO\SC\Components\RemoteViewer\SmartClient\tst\zSmartClient_UnitTest\bin\x64\Debug\net472\zSmartClient_UnitTest.dll" adapterTypeName="executor://mstestadapter/v2" className="SmartClient_UnitTest.VideoOS.RemoteClient.Application.Data.ContentTypes.ReportingContentType.DashboardExtentionsTest" name="GetServerGroups_ShouldReturnServerGroupsType" />
    </UnitTest>
    <UnitTest name="ShowSuccessToast_ShouldShowCorrectNumberOfToasts (5,1)" storage="d:\actions-runner\_work\xpco\xpco\sc\components\remoteviewer\smartclient\tst\zsmartclient_unittest\bin\x64\debug\net472\zsmartclient_unittest.dll" id="87b58032-586b-2c99-8416-71ae0f8434e1">
      <TestCategory>
        <TestCategoryItem TestCategory="Managers" />
      </TestCategory>
      <Execution id="65aa9c1c-8cb5-45a0-ba91-21c16e6bcfa4" />
      <TestMethod codeBase="D:\actions-runner\_work\XPCO\XPCO\SC\Components\RemoteViewer\SmartClient\tst\zSmartClient_UnitTest\bin\x64\Debug\net472\zSmartClient_UnitTest.dll" adapterTypeName="executor://mstestadapter/v2" className="SmartClient_UnitTest.VideoOS.RemoteClient.Application.Managers.ExportResultsNotificationHelperTests" name="ShowSuccessToast_ShouldShowCorrectNumberOfToasts" />
    </UnitTest>
    <UnitTest name="IsMicrophoneDisabled_ShouldBeFalse_WhenMicrophoneIsEnabled" storage="d:\actions-runner\_work\xpco\xpco\sc\components\remoteviewer\smartclient\tst\zsmartclient_unittest\bin\x64\debug\net472\zsmartclient_unittest.dll" id="5a8fb903-2861-1882-49ca-4356404c3995">
      <TestCategory>
        <TestCategoryItem TestCategory="GisMapData.MapLayers" />
      </TestCategory>
      <Execution id="0cc93335-1344-4337-afee-a240854a2621" />
      <TestMethod codeBase="D:\actions-runner\_work\XPCO\XPCO\SC\Components\RemoteViewer\SmartClient\tst\zSmartClient_UnitTest\bin\x64\Debug\net472\zSmartClient_UnitTest.dll" adapterTypeName="executor://mstestadapter/v2" className="SmartClient_UnitTest.VideoOS.RemoteClient.GisMapData.MapLayers.MicrophoneItemsMapLayerTests" name="IsMicrophoneDisabled_ShouldBeFalse_WhenMicrophoneIsEnabled" />
    </UnitTest>
    <UnitTest name="TestGetWorkroom_ByWorkSpaceId_Success" storage="d:\actions-runner\_work\xpco\xpco\sc\components\remoteviewer\smartclient\tst\zsmartclient_unittest\bin\x64\debug\net472\zsmartclient_unittest.dll" id="3a44bf9a-8ca0-1e46-e5d0-584bd0cbe223">
      <TestCategory>
        <TestCategoryItem TestCategory="WorkroomController" />
      </TestCategory>
      <Execution id="1da37735-94bc-4723-9c7f-f01db7e565b8" />
      <TestMethod codeBase="D:\actions-runner\_work\XPCO\XPCO\SC\Components\RemoteViewer\SmartClient\tst\zSmartClient_UnitTest\bin\x64\Debug\net472\zSmartClient_UnitTest.dll" adapterTypeName="executor://mstestadapter/v2" className="VideoOS.RemoteClient.Application.Controllers.WorkroomController.UnitTest.TabWorkroomControllerTest" name="TestGetWorkroom_ByWorkSpaceId_Success" />
    </UnitTest>
    <UnitTest name="Execute_NoCommand_DialogResultReturnsFalse" storage="d:\actions-runner\_work\xpco\xpco\sc\components\remoteviewer\smartclient\tst\zsmartclient_unittest\bin\x64\debug\net472\zsmartclient_unittest.dll" id="156bd96a-a805-e045-2ce9-1615a20e29fa">
      <Execution id="ce3c7fb6-f290-4b05-835b-4755da1f50a0" />
      <TestMethod codeBase="D:\actions-runner\_work\XPCO\XPCO\SC\Components\RemoteViewer\SmartClient\tst\zSmartClient_UnitTest\bin\x64\Debug\net472\zSmartClient_UnitTest.dll" adapterTypeName="executor://mstestadapter/v2" className="SmartClient_UnitTest.VideoOS.RemoteClient.Application.UI.Common.MessageBoxWithList.MessageBoxWithListViewModelTests" name="Execute_NoCommand_DialogResultReturnsFalse" />
    </UnitTest>
    <UnitTest name="BookmarkSearchTime_WithSearchStringInDifferentCases_ReturnCorrectBookmarkWithSearchStringInHeader (SeArChStRiNg,True,False,True,False,,,1)" storage="d:\actions-runner\_work\xpco\xpco\sc\components\remoteviewer\smartclient\tst\zsmartclient_unittest\bin\x64\debug\net472\zsmartclient_unittest.dll" id="45d1826c-1c27-e38c-1199-81f219410589">
      <Execution id="15d1c7fb-3312-4dfc-bc5b-1547930ea5b7" />
      <TestMethod codeBase="D:\actions-runner\_work\XPCO\XPCO\SC\Components\RemoteViewer\SmartClient\tst\zSmartClient_UnitTest\bin\x64\Debug\net472\zSmartClient_UnitTest.dll" adapterTypeName="executor://mstestadapter/v2" className="SmartClient_UnitTest.VideoOS.RemoteClient.Application.Data.Offline.UnitTest.BookmarkExportReaderTest" name="BookmarkSearchTime_WithSearchStringInDifferentCases_ReturnCorrectBookmarkWithSearchStringInHeader" />
    </UnitTest>
    <UnitTest name="SaveSearchTemplateAsync_ActiveAndSaveFails_Success" storage="d:\actions-runner\_work\xpco\xpco\sc\components\remoteviewer\smartclient\tst\zsmartclient_unittest\bin\x64\debug\net472\zsmartclient_unittest.dll" id="7e66b483-7a2b-eb7e-b3f4-08fdb2d87edb">
      <TestCategory>
        <TestCategoryItem TestCategory="SearchTemplates" />
      </TestCategory>
      <Execution id="6751838a-6512-4e37-bd26-60cb56e07ec3" />
      <TestMethod codeBase="D:\actions-runner\_work\XPCO\XPCO\SC\Components\RemoteViewer\SmartClient\tst\zSmartClient_UnitTest\bin\x64\Debug\net472\zSmartClient_UnitTest.dll" adapterTypeName="executor://mstestadapter/v2" className="SmartClient_UnitTest.VideoOS.RemoteClient.Plugin.CentralizedSearch.SearchTemplates.SearchTemplateManagerTests" name="SaveSearchTemplateAsync_ActiveAndSaveFails_Success" />
    </UnitTest>
    <UnitTest name="ScWorkSpaceModeChangedEvent_ShouldSetDeviceIsDisabledToFalse_WhenSwitchingToLiveModeAndDeviceIsDisabled" storage="d:\actions-runner\_work\xpco\xpco\sc\components\remoteviewer\smartclient\tst\zsmartclient_unittest\bin\x64\debug\net472\zsmartclient_unittest.dll" id="5d25dc9f-b119-d464-f93e-42b850f6a1ac">
      <TestCategory>
        <TestCategoryItem TestCategory="GisMapData.MapLayers" />
      </TestCategory>
      <Execution id="f2d69d49-7f77-453e-a447-9bc44617900e" />
      <TestMethod codeBase="D:\actions-runner\_work\XPCO\XPCO\SC\Components\RemoteViewer\SmartClient\tst\zSmartClient_UnitTest\bin\x64\Debug\net472\zSmartClient_UnitTest.dll" adapterTypeName="executor://mstestadapter/v2" className="SmartClient_UnitTest.VideoOS.RemoteClient.GisMapData.MapLayers.MicrophoneItemsMapLayerTests" name="ScWorkSpaceModeChangedEvent_ShouldSetDeviceIsDisabledToFalse_WhenSwitchingToLiveModeAndDeviceIsDisabled" />
    </UnitTest>
    <UnitTest name="HasWritePermissionOnDir_WriteDenied_ReturnsFalse" storage="d:\actions-runner\_work\xpco\xpco\sc\components\remoteviewer\smartclient\tst\zsmartclient_unittest\bin\x64\debug\net472\zsmartclient_unittest.dll" id="c80c8876-22f6-262f-2179-9c2d308f50c4">
      <TestCategory>
        <TestCategoryItem TestCategory="Search" />
      </TestCategory>
      <Execution id="ce6453ba-dc02-4898-9828-ae25cc74fcf8" />
      <TestMethod codeBase="D:\actions-runner\_work\XPCO\XPCO\SC\Components\RemoteViewer\SmartClient\tst\zSmartClient_UnitTest\bin\x64\Debug\net472\zSmartClient_UnitTest.dll" adapterTypeName="executor://mstestadapter/v2" className="SmartClient_UnitTest.VideoOS.RemoteClient.Plugin.CentralizedSearch.ViewModels.Data.SnapshotHandlerTests" name="HasWritePermissionOnDir_WriteDenied_ReturnsFalse" />
    </UnitTest>
    <UnitTest name="TestForAssemblyCoverage" storage="d:\actions-runner\_work\xpco\xpco\sc\components\remoteviewer\smartclient\tst\zsmartclient_unittest\bin\x64\debug\net472\zsmartclient_unittest.dll" id="3682e780-aa17-fe02-e0c3-3a38eee876d9">
      <Execution id="6738f6ba-eeb2-4249-a480-ad733c0ded92" />
      <TestMethod codeBase="D:\actions-runner\_work\XPCO\XPCO\SC\Components\RemoteViewer\SmartClient\tst\zSmartClient_UnitTest\bin\x64\Debug\net472\zSmartClient_UnitTest.dll" adapterTypeName="executor://mstestadapter/v2" className="SmartClient_UnitTest.VideoOS.Common.MulticastRegistration.UnitTest1" name="TestForAssemblyCoverage" />
    </UnitTest>
    <UnitTest name="UpdateHomeLocationInModel_NoUpdate_Succes" storage="d:\actions-runner\_work\xpco\xpco\sc\components\remoteviewer\smartclient\tst\zsmartclient_unittest\bin\x64\debug\net472\zsmartclient_unittest.dll" id="71b3373f-dea8-3cfe-2919-2c270031d8d7">
      <TestCategory>
        <TestCategoryItem TestCategory="GisMapContentHolderTests" />
      </TestCategory>
      <Execution id="a8134380-ddfe-418c-af78-b0fe9764e693" />
      <TestMethod codeBase="D:\actions-runner\_work\XPCO\XPCO\SC\Components\RemoteViewer\SmartClient\tst\zSmartClient_UnitTest\bin\x64\Debug\net472\zSmartClient_UnitTest.dll" adapterTypeName="executor://mstestadapter/v2" className="SmartClient_UnitTest.VideoOS.RemoteClient.Plugin.GisMap.ContentHolderTests" name="UpdateHomeLocationInModel_NoUpdate_Succes" />
    </UnitTest>
    <UnitTest name="DateToStringConverter_MultiConvertBack_Fail" storage="d:\actions-runner\_work\xpco\xpco\sc\components\remoteviewer\smartclient\tst\zsmartclient_unittest\bin\x64\debug\net472\zsmartclient_unittest.dll" id="e91df096-2318-b52c-fe1f-08261834359a">
      <TestCategory>
        <TestCategoryItem TestCategory="SearchConverter" />
      </TestCategory>
      <Execution id="0c6f9588-8e15-4f03-9e7a-10282a95a36b" />
      <TestMethod codeBase="D:\actions-runner\_work\XPCO\XPCO\SC\Components\RemoteViewer\SmartClient\tst\zSmartClient_UnitTest\bin\x64\Debug\net472\zSmartClient_UnitTest.dll" adapterTypeName="executor://mstestadapter/v2" className="SmartClient_UnitTest.VideoOS.RemoteClient.Plugin.CentralizedSearch.Views.Converters.DurationToStringConverterTests" name="DateToStringConverter_MultiConvertBack_Fail" />
    </UnitTest>
    <UnitTest name="DeviceIcons_ShouldNotBeEmpty_WhenCalled" storage="d:\actions-runner\_work\xpco\xpco\sc\components\remoteviewer\smartclient\tst\zsmartclient_unittest\bin\x64\debug\net472\zsmartclient_unittest.dll" id="2720977a-3c1d-8925-ae8c-f10491ee0903">
      <TestCategory>
        <TestCategoryItem TestCategory="GisMapData.CameraOemResourcesProviderTests" />
      </TestCategory>
      <Execution id="1f643dcc-6d36-4191-8cd9-6197b3f0e199" />
      <TestMethod codeBase="D:\actions-runner\_work\XPCO\XPCO\SC\Components\RemoteViewer\SmartClient\tst\zSmartClient_UnitTest\bin\x64\Debug\net472\zSmartClient_UnitTest.dll" adapterTypeName="executor://mstestadapter/v2" className="SmartClient_UnitTest.VideoOS.RemoteClient.GisMapData.Resources.CameraOemResourcesProviderTests" name="DeviceIcons_ShouldNotBeEmpty_WhenCalled" />
    </UnitTest>
    <UnitTest name="DeleteSearchTemplateAsync_Null_Failure" storage="d:\actions-runner\_work\xpco\xpco\sc\components\remoteviewer\smartclient\tst\zsmartclient_unittest\bin\x64\debug\net472\zsmartclient_unittest.dll" id="7f459878-6a38-694e-ae10-2238a011c770">
      <TestCategory>
        <TestCategoryItem TestCategory="SearchTemplatesService" />
      </TestCategory>
      <Execution id="5f36418a-87aa-4bd5-b9c3-ecbeb176b60c" />
      <TestMethod codeBase="D:\actions-runner\_work\XPCO\XPCO\SC\Components\RemoteViewer\SmartClient\tst\zSmartClient_UnitTest\bin\x64\Debug\net472\zSmartClient_UnitTest.dll" adapterTypeName="executor://mstestadapter/v2" className="SmartClient_UnitTest.VideoOS.RemoteClient.Plugin.CentralizedSearch.SearchTemplates.Service.SearchTemplateServiceTests" name="DeleteSearchTemplateAsync_Null_Failure" />
    </UnitTest>
    <UnitTest name="Dispose_NoActiveSearchResults_Success" storage="d:\actions-runner\_work\xpco\xpco\sc\components\remoteviewer\smartclient\tst\zsmartclient_unittest\bin\x64\debug\net472\zsmartclient_unittest.dll" id="1b422f57-785f-39b3-2e48-19335b37060e">
      <TestCategory>
        <TestCategoryItem TestCategory="SearchModels" />
      </TestCategory>
      <Execution id="78a54593-81cf-48e3-9bca-a5e71076b48a" />
      <TestMethod codeBase="D:\actions-runner\_work\XPCO\XPCO\SC\Components\RemoteViewer\SmartClient\tst\zSmartClient_UnitTest\bin\x64\Debug\net472\zSmartClient_UnitTest.dll" adapterTypeName="executor://mstestadapter/v2" className="SmartClient_UnitTest.VideoOS.RemoteClient.Plugin.CentralizedSearch.Models.SearchModelTests" name="Dispose_NoActiveSearchResults_Success" />
    </UnitTest>
    <UnitTest name="TryGetOsmServerTileAddress_ShouldReturnFalse_WhenOsmServerAddressIsNull" storage="d:\actions-runner\_work\xpco\xpco\sc\components\remoteviewer\smartclient\tst\zsmartclient_unittest\bin\x64\debug\net472\zsmartclient_unittest.dll" id="744b677d-0c71-fc1a-e1ca-cb97cabb4a84">
      <TestCategory>
        <TestCategoryItem TestCategory="GisMapData.Controllers.Osm" />
      </TestCategory>
      <Execution id="60c5c753-3ba6-415e-9c7f-00db833b4314" />
      <TestMethod codeBase="D:\actions-runner\_work\XPCO\XPCO\SC\Components\RemoteViewer\SmartClient\tst\zSmartClient_UnitTest\bin\x64\Debug\net472\zSmartClient_UnitTest.dll" adapterTypeName="executor://mstestadapter/v2" className="SmartClient_UnitTest.VideoOS.RemoteClient.GisMapData.Controllers.Osm.GisMapOsmControllerTests" name="TryGetOsmServerTileAddress_ShouldReturnFalse_WhenOsmServerAddressIsNull" />
    </UnitTest>
    <UnitTest name="IsMicrophoneEnabled_ShouldBeFalse_WhenMicrophoneIsDisabled" storage="d:\actions-runner\_work\xpco\xpco\sc\components\remoteviewer\smartclient\tst\zsmartclient_unittest\bin\x64\debug\net472\zsmartclient_unittest.dll" id="f8c8d11d-62f5-abc3-7817-a973cfa3607a">
      <TestCategory>
        <TestCategoryItem TestCategory="GisMapData.MapLayers" />
      </TestCategory>
      <Execution id="8c2f05a5-782f-4e6b-958f-ce9d0d0ba7bc" />
      <TestMethod codeBase="D:\actions-runner\_work\XPCO\XPCO\SC\Components\RemoteViewer\SmartClient\tst\zSmartClient_UnitTest\bin\x64\Debug\net472\zSmartClient_UnitTest.dll" adapterTypeName="executor://mstestadapter/v2" className="SmartClient_UnitTest.VideoOS.RemoteClient.GisMapData.MapLayers.MicrophoneItemsMapLayerTests" name="IsMicrophoneEnabled_ShouldBeFalse_WhenMicrophoneIsDisabled" />
    </UnitTest>
    <UnitTest name="ConnectSlave_FailToConnectAndAllowingSecureConnection_ShouldReturnFalse" storage="d:\actions-runner\_work\xpco\xpco\sc\components\remoteviewer\smartclient\tst\zsmartclient_unittest\bin\x64\debug\net472\zsmartclient_unittest.dll" id="680b5a30-8d08-87c3-1561-38e60980ac40">
      <Execution id="2905b265-efaf-4c51-a736-8104cd6549b7" />
      <TestMethod codeBase="D:\actions-runner\_work\XPCO\XPCO\SC\Components\RemoteViewer\SmartClient\tst\zSmartClient_UnitTest\bin\x64\Debug\net472\zSmartClient_UnitTest.dll" adapterTypeName="executor://mstestadapter/v2" className="VideoOS.Shared.ServerAPI.VMOViewerClientFacade.UnitTest.VMOViewerClientFacadeTests" name="ConnectSlave_FailToConnectAndAllowingSecureConnection_ShouldReturnFalse" />
    </UnitTest>
    <UnitTest name="Ctor_ShouldThrowException_WhenServerAuthenticationIsUnknown" storage="d:\actions-runner\_work\xpco\xpco\sc\components\remoteviewer\smartclient\tst\zsmartclient_unittest\bin\x64\debug\net472\zsmartclient_unittest.dll" id="08e5fbd3-af06-8bc6-9a21-3f68283f610d">
      <TestCategory>
        <TestCategoryItem TestCategory="Authentication.ClientCredentials" />
      </TestCategory>
      <Execution id="9aada79f-7baf-4fe8-8e8e-2e14f156b4b9" />
      <TestMethod codeBase="D:\actions-runner\_work\XPCO\XPCO\SC\Components\RemoteViewer\SmartClient\tst\zSmartClient_UnitTest\bin\x64\Debug\net472\zSmartClient_UnitTest.dll" adapterTypeName="executor://mstestadapter/v2" className="SmartClient_UnitTest.VideoOS.Shared.ServerAPI.ClientCredentialsTest" name="Ctor_ShouldThrowException_WhenServerAuthenticationIsUnknown" />
    </UnitTest>
    <UnitTest name="MaxRegionsAllowed_ShouldBeIntMaxValue_WhenProvidedMaxIsZero" storage="d:\actions-runner\_work\xpco\xpco\sc\components\remoteviewer\smartclient\tst\zsmartclient_unittest\bin\x64\debug\net472\zsmartclient_unittest.dll" id="ede7971d-d588-349a-0279-c271f7ada06e">
      <TestCategory>
        <TestCategoryItem TestCategory="Search.Filters.ViewModels" />
      </TestCategory>
      <Execution id="195cf861-2ac4-4a4b-a05a-22903f899e55" />
      <TestMethod codeBase="D:\actions-runner\_work\XPCO\XPCO\SC\Components\RemoteViewer\SmartClient\tst\zSmartClient_UnitTest\bin\x64\Debug\net472\zSmartClient_UnitTest.dll" adapterTypeName="executor://mstestadapter/v2" className="SmartClient_UnitTest.VideoOS.RemoteClient.Plugin.CentralizedSearch.MIPPlugin.Criteria.ViewModels.RegionSelectionCameraListItemHelperTests" name="MaxRegionsAllowed_ShouldBeIntMaxValue_WhenProvidedMaxIsZero" />
    </UnitTest>
    <UnitTest name="MicrophoneItemsLayer_NotIsGeographic_Load_Success" storage="d:\actions-runner\_work\xpco\xpco\sc\components\remoteviewer\smartclient\tst\zsmartclient_unittest\bin\x64\debug\net472\zsmartclient_unittest.dll" id="f8f6e293-a84f-8369-75b0-8cd14fb32ce3">
      <TestCategory>
        <TestCategoryItem TestCategory="GisMapLayer" />
      </TestCategory>
      <Execution id="642f8287-1f1a-4a5d-97db-6f3760cff326" />
      <TestMethod codeBase="D:\actions-runner\_work\XPCO\XPCO\SC\Components\RemoteViewer\SmartClient\tst\zSmartClient_UnitTest\bin\x64\Debug\net472\zSmartClient_UnitTest.dll" adapterTypeName="executor://mstestadapter/v2" className="SmartClient_UnitTest.VideoOS.RemoteClient.GisMap.MapLayers.GisMapLayerTests" name="MicrophoneItemsLayer_NotIsGeographic_Load_Success" />
    </UnitTest>
    <UnitTest name="PatrollingProfileListViewModel_Save_DeleteProfile_Failed" storage="d:\actions-runner\_work\xpco\xpco\sc\components\remoteviewer\smartclient\tst\zsmartclient_unittest\bin\x64\debug\net472\zsmartclient_unittest.dll" id="b9fc609a-8ca2-2be6-d0e9-1319545fa745">
      <Execution id="d2be6006-49e2-46bd-92ed-50e47b4c5876" />
      <TestMethod codeBase="D:\actions-runner\_work\XPCO\XPCO\SC\Components\RemoteViewer\SmartClient\tst\zSmartClient_UnitTest\bin\x64\Debug\net472\zSmartClient_UnitTest.dll" adapterTypeName="executor://mstestadapter/v2" className="SmartClient_UnitTest.VideoOS.RemoteClient.Application.UI.PtzPreset.PatrollingViewModel.PatrollingProfileListViewModelTest" name="PatrollingProfileListViewModel_Save_DeleteProfile_Failed" />
    </UnitTest>
    <UnitTest name="IconTooltip_ShouldBeValid_WhenInteractionStateIsAddMicrophone" storage="d:\actions-runner\_work\xpco\xpco\sc\components\remoteviewer\smartclient\tst\zsmartclient_unittest\bin\x64\debug\net472\zsmartclient_unittest.dll" id="c01b7aad-2de6-9625-9d52-27adc6cc7bd7">
      <TestCategory>
        <TestCategoryItem TestCategory="GisMap.UI.DeviceSelectors.PanelComponents" />
      </TestCategory>
      <Execution id="cf94e9bb-5542-4f4f-8559-ecaacb2bfdb6" />
      <TestMethod codeBase="D:\actions-runner\_work\XPCO\XPCO\SC\Components\RemoteViewer\SmartClient\tst\zSmartClient_UnitTest\bin\x64\Debug\net472\zSmartClient_UnitTest.dll" adapterTypeName="executor://mstestadapter/v2" className="SmartClient_UnitTest.VideoOS.RemoteClient.Plugin.GisMap.UI.DeviceSelectors.PanelComponents.DeviceSelectorPanelComponentTests" name="IconTooltip_ShouldBeValid_WhenInteractionStateIsAddMicrophone" />
    </UnitTest>
    <UnitTest name="BuildMapOptions_ShouldHandleStringOptionsCorrectly (GisMapOpenStreetMapAlternativeServer,someText,True)" storage="d:\actions-runner\_work\xpco\xpco\sc\components\remoteviewer\smartclient\tst\zsmartclient_unittest\bin\x64\debug\net472\zsmartclient_unittest.dll" id="9e880996-cd5c-0f52-e791-ea181de9a9e4">
      <Execution id="eb2a147d-f926-47d1-91b6-ff847b5652dd" />
      <TestMethod codeBase="D:\actions-runner\_work\XPCO\XPCO\SC\Components\RemoteViewer\SmartClient\tst\zSmartClient_UnitTest\bin\x64\Debug\net472\zSmartClient_UnitTest.dll" adapterTypeName="executor://mstestadapter/v2" className="SmartClient_UnitTest.VideoOS.RemoteClient.Application.Common.Telemetry.TelemetryBuilderTests" name="BuildMapOptions_ShouldHandleStringOptionsCorrectly" />
    </UnitTest>
    <UnitTest name="Combine_ShouldPassAllHardcodedEdgeCaseTests" storage="d:\actions-runner\_work\xpco\xpco\sc\components\remoteviewer\smartclient\tst\zsmartclient_unittest\bin\x64\debug\net472\zsmartclient_unittest.dll" id="79dc6ade-1fb5-e53a-3895-120821ee0ad1">
      <Execution id="afbd75e8-9377-4a87-a23d-e187cf2516fb" />
      <TestMethod codeBase="D:\actions-runner\_work\XPCO\XPCO\SC\Components\RemoteViewer\SmartClient\tst\zSmartClient_UnitTest\bin\x64\Debug\net472\zSmartClient_UnitTest.dll" adapterTypeName="executor://mstestadapter/v2" className="SmartClient_UnitTest.VideoOS.RemoteClient.Plugin.CentralizedSearch.Models.Combiners.SearchResultCombinerTests" name="Combine_ShouldPassAllHardcodedEdgeCaseTests" />
    </UnitTest>
    <UnitTest name="WorkspaceToolBarItemEdgeRetrieve_ShouldGoIntoSelectionMode_WhenNotInSelectionMode" storage="d:\actions-runner\_work\xpco\xpco\sc\components\remoteviewer\smartclient\tst\zsmartclient_unittest\bin\x64\debug\net472\zsmartclient_unittest.dll" id="e9871a8e-a7b1-7767-3712-747754e9915c">
      <Execution id="2b7b653d-340b-4461-846e-d858eee46566" />
      <TestMethod codeBase="D:\actions-runner\_work\XPCO\XPCO\SC\Components\RemoteViewer\SmartClient\tst\zSmartClient_UnitTest\bin\x64\Debug\net472\zSmartClient_UnitTest.dll" adapterTypeName="executor://mstestadapter/v2" className="SmartClient_UnitTest.VideoOS.RemoteClient.Application.Data.WorkspaceToolbar.WorkspaceToolbarItemsTimelineSelectionModeTests" name="WorkspaceToolBarItemEdgeRetrieve_ShouldGoIntoSelectionMode_WhenNotInSelectionMode" />
    </UnitTest>
    <UnitTest name="Unrelated_device_unchanged_when_camera_with_same_related_device_added" storage="d:\actions-runner\_work\xpco\xpco\sc\components\remoteviewer\smartclient\tst\zsmartclient_unittest\bin\x64\debug\net472\zsmartclient_unittest.dll" id="6ea25a13-961a-d8b8-8741-00e7f42d7603">
      <Execution id="5b3b03b2-58b1-4737-b285-bfbbb8f073fa" />
      <TestMethod codeBase="D:\actions-runner\_work\XPCO\XPCO\SC\Components\RemoteViewer\SmartClient\tst\zSmartClient_UnitTest\bin\x64\Debug\net472\zSmartClient_UnitTest.dll" adapterTypeName="executor://mstestadapter/v2" className="SmartClient_UnitTest.VideoOS.RemoteClient.Application.Components.EvidenceLock.EvidenceLockRelatedDeviceTests" name="Unrelated_device_unchanged_when_camera_with_same_related_device_added" />
    </UnitTest>
    <UnitTest name="ActiveInteractionStateBinding_ShouldOnlyContainNormal_WhenCtorIsCalled" storage="d:\actions-runner\_work\xpco\xpco\sc\components\remoteviewer\smartclient\tst\zsmartclient_unittest\bin\x64\debug\net472\zsmartclient_unittest.dll" id="dd8d755a-3eba-5a94-2039-0ce20505a681">
      <TestCategory>
        <TestCategoryItem TestCategory="GisMap.LocationMarker" />
      </TestCategory>
      <Execution id="e1360c49-321d-4a7f-8af8-670a81c1f1ad" />
      <TestMethod codeBase="D:\actions-runner\_work\XPCO\XPCO\SC\Components\RemoteViewer\SmartClient\tst\zSmartClient_UnitTest\bin\x64\Debug\net472\zSmartClient_UnitTest.dll" adapterTypeName="executor://mstestadapter/v2" className="SmartClient_UnitTest.VideoOS.RemoteClient.Plugin.GisMap.ThinkGeoMap.Markers.LocationMarker.LocationMarkerTests" name="ActiveInteractionStateBinding_ShouldOnlyContainNormal_WhenCtorIsCalled" />
    </UnitTest>
    <UnitTest name="GetSearchReportDialog_SelectedSearchResults_Null_Failure" storage="d:\actions-runner\_work\xpco\xpco\sc\components\remoteviewer\smartclient\tst\zsmartclient_unittest\bin\x64\debug\net472\zsmartclient_unittest.dll" id="5175ef0f-a0f9-284b-e221-701056f8c5c0">
      <TestCategory>
        <TestCategoryItem TestCategory="Search" />
      </TestCategory>
      <Execution id="f3a87954-137e-43b8-9f8f-886c504139bd" />
      <TestMethod codeBase="D:\actions-runner\_work\XPCO\XPCO\SC\Components\RemoteViewer\SmartClient\tst\zSmartClient_UnitTest\bin\x64\Debug\net472\zSmartClient_UnitTest.dll" adapterTypeName="executor://mstestadapter/v2" className="SmartClient_UnitTest.VideoOS.RemoteClient.Plugin.CentralizedSearch.ViewModels.Utility.SearchReportHandlerTests" name="GetSearchReportDialog_SelectedSearchResults_Null_Failure" />
    </UnitTest>
    <UnitTest name="IOState_ShouldYieldSameValuesForAllEnumValues_WhenRoundTripConverted (Deactivated,Deactivated)" storage="d:\actions-runner\_work\xpco\xpco\sc\components\remoteviewer\smartclient\tst\zsmartclient_unittest\bin\x64\debug\net472\zsmartclient_unittest.dll" id="82925021-fc8d-b0e6-5578-b84c5fa8b18a">
      <TestCategory>
        <TestCategoryItem TestCategory="RecorderProxyToDtoMapping" />
      </TestCategory>
      <Execution id="e13806ab-ab76-4c7c-88db-69a7f18d3ebd" />
      <TestMethod codeBase="D:\actions-runner\_work\XPCO\XPCO\SC\Components\RemoteViewer\SmartClient\tst\zSmartClient_UnitTest\bin\x64\Debug\net472\zSmartClient_UnitTest.dll" adapterTypeName="executor://mstestadapter/v2" className="VideoOS.Shared.ServerAPI.SOAP.RecorderClientMappingTests" name="IOState_ShouldYieldSameValuesForAllEnumValues_WhenRoundTripConverted" />
    </UnitTest>
    <UnitTest name="PatrollingProfileListViewModel_CanExecuteDeleteProfile_No_Profile_Selected" storage="d:\actions-runner\_work\xpco\xpco\sc\components\remoteviewer\smartclient\tst\zsmartclient_unittest\bin\x64\debug\net472\zsmartclient_unittest.dll" id="dfe3fd2e-b517-b2eb-b2e2-30f7a11293dd">
      <Execution id="21a8e094-02fc-43e4-a64a-77a9405a3783" />
      <TestMethod codeBase="D:\actions-runner\_work\XPCO\XPCO\SC\Components\RemoteViewer\SmartClient\tst\zSmartClient_UnitTest\bin\x64\Debug\net472\zSmartClient_UnitTest.dll" adapterTypeName="executor://mstestadapter/v2" className="SmartClient_UnitTest.VideoOS.RemoteClient.Application.UI.PtzPreset.PatrollingViewModel.PatrollingProfileListViewModelTest" name="PatrollingProfileListViewModel_CanExecuteDeleteProfile_No_Profile_Selected" />
    </UnitTest>
    <UnitTest name="TestLoadAsyncWithNullDatagram_Failure" storage="d:\actions-runner\_work\xpco\xpco\sc\components\remoteviewer\smartclient\tst\zsmartclient_unittest\bin\x64\debug\net472\zsmartclient_unittest.dll" id="7ed35012-584a-2fe3-a716-cd0afc4bf24c">
      <TestCategory>
        <TestCategoryItem TestCategory="GisMapBuilding" />
      </TestCategory>
      <Execution id="6508212e-6f5c-4209-aae4-ed7f2b6908bc" />
      <TestMethod codeBase="D:\actions-runner\_work\XPCO\XPCO\SC\Components\RemoteViewer\SmartClient\tst\zSmartClient_UnitTest\bin\x64\Debug\net472\zSmartClient_UnitTest.dll" adapterTypeName="executor://mstestadapter/v2" className="SmartClient_UnitTest.VideoOS.RemoteClient.GisMap.MapBuildingTests" name="TestLoadAsyncWithNullDatagram_Failure" />
    </UnitTest>
    <UnitTest name="TryGetOsmServerTileAddress_ShouldReturnTrue_WhenOsmServerAddressIsValidUrl" storage="d:\actions-runner\_work\xpco\xpco\sc\components\remoteviewer\smartclient\tst\zsmartclient_unittest\bin\x64\debug\net472\zsmartclient_unittest.dll" id="00f0e371-214b-3362-fe49-cbc53292d7d9">
      <TestCategory>
        <TestCategoryItem TestCategory="GisMapData.Controllers.Osm" />
      </TestCategory>
      <Execution id="52c5374a-042c-4e00-8597-37fbf01a43d9" />
      <TestMethod codeBase="D:\actions-runner\_work\XPCO\XPCO\SC\Components\RemoteViewer\SmartClient\tst\zSmartClient_UnitTest\bin\x64\Debug\net472\zSmartClient_UnitTest.dll" adapterTypeName="executor://mstestadapter/v2" className="SmartClient_UnitTest.VideoOS.RemoteClient.GisMapData.Controllers.Osm.GisMapOsmControllerTests" name="TryGetOsmServerTileAddress_ShouldReturnTrue_WhenOsmServerAddressIsValidUrl" />
    </UnitTest>
    <UnitTest name="CreateGeometry_FourCornerBuilding_Success" storage="d:\actions-runner\_work\xpco\xpco\sc\components\remoteviewer\smartclient\tst\zsmartclient_unittest\bin\x64\debug\net472\zsmartclient_unittest.dll" id="a4f00ade-c810-bdc2-a419-06f9196522bd">
      <TestCategory>
        <TestCategoryItem TestCategory="GisMapIndex" />
      </TestCategory>
      <Execution id="3def802d-8c55-4224-8efd-2ebb48c2d764" />
      <TestMethod codeBase="D:\actions-runner\_work\XPCO\XPCO\SC\Components\RemoteViewer\SmartClient\tst\zSmartClient_UnitTest\bin\x64\Debug\net472\zSmartClient_UnitTest.dll" adapterTypeName="executor://mstestadapter/v2" className="SmartClient_UnitTest.VideoOS.RemoteClient.GisMapData.Common.Indexer.IndexUtilTests" name="CreateGeometry_FourCornerBuilding_Success" />
    </UnitTest>
    <UnitTest name="GetLayerFeatures_ShouldReturnCameraLayerFeaturesBasedOnCameraItemsMapLayer_WhenCameraKind" storage="d:\actions-runner\_work\xpco\xpco\sc\components\remoteviewer\smartclient\tst\zsmartclient_unittest\bin\x64\debug\net472\zsmartclient_unittest.dll" id="651e8dde-0b5e-5bed-5256-d6a71b2a59d0">
      <TestCategory>
        <TestCategoryItem TestCategory="GisMapData.Controllers.LayerFeatures" />
      </TestCategory>
      <Execution id="9b8bd3f9-77ec-4130-9a00-1e56ae7276d0" />
      <TestMethod codeBase="D:\actions-runner\_work\XPCO\XPCO\SC\Components\RemoteViewer\SmartClient\tst\zSmartClient_UnitTest\bin\x64\Debug\net472\zSmartClient_UnitTest.dll" adapterTypeName="executor://mstestadapter/v2" className="SmartClient_UnitTest.VideoOS.RemoteClient.GisMapData.Controllers.LayerFeatures.LayerFeaturesControllerTests" name="GetLayerFeatures_ShouldReturnCameraLayerFeaturesBasedOnCameraItemsMapLayer_WhenCameraKind" />
    </UnitTest>
    <UnitTest name="IconResourceKey_ShouldBeValid_WhenInteractionStateIsAddMicrophone" storage="d:\actions-runner\_work\xpco\xpco\sc\components\remoteviewer\smartclient\tst\zsmartclient_unittest\bin\x64\debug\net472\zsmartclient_unittest.dll" id="f6638888-72f9-3abc-824d-07e5504a43a5">
      <TestCategory>
        <TestCategoryItem TestCategory="GisMap.UI.DeviceSelectors.PanelComponents" />
      </TestCategory>
      <Execution id="56b3e97e-77b2-4d95-96eb-e743e284785f" />
      <TestMethod codeBase="D:\actions-runner\_work\XPCO\XPCO\SC\Components\RemoteViewer\SmartClient\tst\zSmartClient_UnitTest\bin\x64\Debug\net472\zSmartClient_UnitTest.dll" adapterTypeName="executor://mstestadapter/v2" className="SmartClient_UnitTest.VideoOS.RemoteClient.Plugin.GisMap.UI.DeviceSelectors.PanelComponents.DeviceSelectorPanelComponentTests" name="IconResourceKey_ShouldBeValid_WhenInteractionStateIsAddMicrophone" />
    </UnitTest>
    <UnitTest name="RequiredGuidProviderStrategies_ShouldHaveOneMd5AndOneSHA1Strategy_WhenEventServerIdsAreNonFipsCompliantAndFipsCompliant" storage="d:\actions-runner\_work\xpco\xpco\sc\components\remoteviewer\smartclient\tst\zsmartclient_unittest\bin\x64\debug\net472\zsmartclient_unittest.dll" id="b45956e1-d5fa-0cc5-9bb7-ea079e1e5f1e">
      <TestCategory>
        <TestCategoryItem TestCategory="AccessControl.Services" />
      </TestCategory>
      <Execution id="fe638d84-9415-4167-961b-9a53939bf1d5" />
      <TestMethod codeBase="D:\actions-runner\_work\XPCO\XPCO\SC\Components\RemoteViewer\SmartClient\tst\zSmartClient_UnitTest\bin\x64\Debug\net472\zSmartClient_UnitTest.dll" adapterTypeName="executor://mstestadapter/v2" className="SmartClient_UnitTest.VideoOS.RemoteClient.AccessControl.Services.AccessControlGuidProviderTests" name="RequiredGuidProviderStrategies_ShouldHaveOneMd5AndOneSHA1Strategy_WhenEventServerIdsAreNonFipsCompliantAndFipsCompliant" />
    </UnitTest>
    <UnitTest name="TryAddInterval_ShouldReturnCorrectValue (False,False,PermissionDenied)" storage="d:\actions-runner\_work\xpco\xpco\sc\components\remoteviewer\smartclient\tst\zsmartclient_unittest\bin\x64\debug\net472\zsmartclient_unittest.dll" id="c10d4fd4-740d-9f46-fe03-3b1c2cb7d5c2">
      <TestCategory>
        <TestCategoryItem TestCategory="Managers" />
      </TestCategory>
      <Execution id="07c52792-438b-4890-a3c8-c3fe5b9a89e1" />
      <TestMethod codeBase="D:\actions-runner\_work\XPCO\XPCO\SC\Components\RemoteViewer\SmartClient\tst\zSmartClient_UnitTest\bin\x64\Debug\net472\zSmartClient_UnitTest.dll" adapterTypeName="executor://mstestadapter/v2" className="SmartClient_UnitTest.VideoOS.RemoteClient.Application.Managers.ExportManagerTests" name="TryAddInterval_ShouldReturnCorrectValue" />
    </UnitTest>
    <UnitTest name="Compare_ShouldPrioritizeCombinedResultsWithMostSearchCategories_WhenResultsDoNotMatchTheSameNumberOfCategories" storage="d:\actions-runner\_work\xpco\xpco\sc\components\remoteviewer\smartclient\tst\zsmartclient_unittest\bin\x64\debug\net472\zsmartclient_unittest.dll" id="ba03e836-1476-7d35-ae0b-6b2da7f85509">
      <TestCategory>
        <TestCategoryItem TestCategory="SearchComparers" />
      </TestCategory>
      <Execution id="6c27f0c6-7de1-4c0f-8127-4f8a3c34bb4d" />
      <TestMethod codeBase="D:\actions-runner\_work\XPCO\XPCO\SC\Components\RemoteViewer\SmartClient\tst\zSmartClient_UnitTest\bin\x64\Debug\net472\zSmartClient_UnitTest.dll" adapterTypeName="executor://mstestadapter/v2" className="SmartClient_UnitTest.VideoOS.RemoteClient.Plugin.CentralizedSearch.Models.Wrappers.Comparers.RelevanceComparerTests" name="Compare_ShouldPrioritizeCombinedResultsWithMostSearchCategories_WhenResultsDoNotMatchTheSameNumberOfCategories" />
    </UnitTest>
    <UnitTest name="FetchDeviceConfiguration_ShouldLoadCache_WhenCacheFileIsPresent" storage="d:\actions-runner\_work\xpco\xpco\sc\components\remoteviewer\smartclient\tst\zsmartclient_unittest\bin\x64\debug\net472\zsmartclient_unittest.dll" id="6e48d542-e9b0-81b3-6d86-e61f8dff61ca">
      <Execution id="30480bda-c098-4951-ba9c-ec319f7b6c97" />
      <TestMethod codeBase="D:\actions-runner\_work\XPCO\XPCO\SC\Components\RemoteViewer\SmartClient\tst\zSmartClient_UnitTest\bin\x64\Debug\net472\zSmartClient_UnitTest.dll" adapterTypeName="executor://mstestadapter/v2" className="SmartClient_UnitTest.VideoOS.RemoteClient.Application.Controllers.Helpers.DeviceConfigurationFetcherTests" name="FetchDeviceConfiguration_ShouldLoadCache_WhenCacheFileIsPresent" />
    </UnitTest>
    <UnitTest name="SetIncludePartialResults_ShouldRespectResultsToReselect_WhenResultsToReselectIsNotEmpty" storage="d:\actions-runner\_work\xpco\xpco\sc\components\remoteviewer\smartclient\tst\zsmartclient_unittest\bin\x64\debug\net472\zsmartclient_unittest.dll" id="4fb20969-8818-625a-fe73-6165a97fd7c8">
      <TestCategory>
        <TestCategoryItem TestCategory="SearchResultsPreprocessor" />
      </TestCategory>
      <Execution id="cfb88edf-643c-4d68-b787-fc4428bdc68d" />
      <TestMethod codeBase="D:\actions-runner\_work\XPCO\XPCO\SC\Components\RemoteViewer\SmartClient\tst\zSmartClient_UnitTest\bin\x64\Debug\net472\zSmartClient_UnitTest.dll" adapterTypeName="executor://mstestadapter/v2" className="SmartClient_UnitTest.VideoOS.RemoteClient.Plugin.CentralizedSearch.Models.SearchResultsPreprocessorTests" name="SetIncludePartialResults_ShouldRespectResultsToReselect_WhenResultsToReselectIsNotEmpty" />
    </UnitTest>
    <UnitTest name="ValidateExportLocation_ShouldReturnFailResult_ExportPathIsInvalid (1213&lt;&gt;!?%)" storage="d:\actions-runner\_work\xpco\xpco\sc\components\remoteviewer\smartclient\tst\zsmartclient_unittest\bin\x64\debug\net472\zsmartclient_unittest.dll" id="1e0ec4a9-a03c-c4c9-74f7-c48ccb99f71e">
      <TestCategory>
        <TestCategoryItem TestCategory="Export" />
      </TestCategory>
      <Execution id="dd8d2963-73c8-4001-9ce5-6e1cc30a4ecd" />
      <TestMethod codeBase="D:\actions-runner\_work\XPCO\XPCO\SC\Components\RemoteViewer\SmartClient\tst\zSmartClient_UnitTest\bin\x64\Debug\net472\zSmartClient_UnitTest.dll" adapterTypeName="executor://mstestadapter/v2" className="SmartClient_UnitTest.VideoOS.RemoteClient.Plugin.Export.ExportDataValidatorTests" name="ValidateExportLocation_ShouldReturnFailResult_ExportPathIsInvalid" />
    </UnitTest>
    <UnitTest name="PopulateTooltip_ManyResultsFromFewCameras24Hours_ValidText" storage="d:\actions-runner\_work\xpco\xpco\sc\components\remoteviewer\smartclient\tst\zsmartclient_unittest\bin\x64\debug\net472\zsmartclient_unittest.dll" id="b58eb60e-3eb1-72c6-0301-c9875128ee4e">
      <TestCategory>
        <TestCategoryItem TestCategory="SearchControls" />
      </TestCategory>
      <Execution id="26c8e479-1d63-4a72-88c2-235429648fb4" />
      <TestMethod codeBase="D:\actions-runner\_work\XPCO\XPCO\SC\Components\RemoteViewer\SmartClient\tst\zSmartClient_UnitTest\bin\x64\Debug\net472\zSmartClient_UnitTest.dll" adapterTypeName="executor://mstestadapter/v2" className="SmartClient_UnitTest.VideoOS.RemoteClient.Plugin.CentralizedSearch.Views.Controls.TimelineRuler.TimelineRulerControlTests" name="PopulateTooltip_ManyResultsFromFewCameras24Hours_ValidText" />
    </UnitTest>
    <UnitTest name="PatrollingStepViewModel_ConvertToIPatrollingStep" storage="d:\actions-runner\_work\xpco\xpco\sc\components\remoteviewer\smartclient\tst\zsmartclient_unittest\bin\x64\debug\net472\zsmartclient_unittest.dll" id="aa78a0a1-2106-fb0e-c153-f9f2a07b5821">
      <Execution id="229fdb7f-56c6-4fd6-b986-e9acfff1c680" />
      <TestMethod codeBase="D:\actions-runner\_work\XPCO\XPCO\SC\Components\RemoteViewer\SmartClient\tst\zSmartClient_UnitTest\bin\x64\Debug\net472\zSmartClient_UnitTest.dll" adapterTypeName="executor://mstestadapter/v2" className="SmartClient_UnitTest.VideoOS.RemoteClient.Application.UI.PtzPreset.PatrollingViewModel.PatrollingStepViewModelTest" name="PatrollingStepViewModel_ConvertToIPatrollingStep" />
    </UnitTest>
    <UnitTest name="PopulateTooltip_ManyResultsFromSingleCamera24Hours_ValidText" storage="d:\actions-runner\_work\xpco\xpco\sc\components\remoteviewer\smartclient\tst\zsmartclient_unittest\bin\x64\debug\net472\zsmartclient_unittest.dll" id="ae62f6d0-4efb-1563-b9f4-62dadf9c392c">
      <TestCategory>
        <TestCategoryItem TestCategory="SearchControls" />
      </TestCategory>
      <Execution id="41e46a73-8b3d-456d-b396-a277ee2e6720" />
      <TestMethod codeBase="D:\actions-runner\_work\XPCO\XPCO\SC\Components\RemoteViewer\SmartClient\tst\zSmartClient_UnitTest\bin\x64\Debug\net472\zSmartClient_UnitTest.dll" adapterTypeName="executor://mstestadapter/v2" className="SmartClient_UnitTest.VideoOS.RemoteClient.Plugin.CentralizedSearch.Views.Controls.TimelineRuler.TimelineRulerControlTests" name="PopulateTooltip_ManyResultsFromSingleCamera24Hours_ValidText" />
    </UnitTest>
    <UnitTest name="SearchResultsActionBarActions_SelectedSearchResults_ExportActionEnabled" storage="d:\actions-runner\_work\xpco\xpco\sc\components\remoteviewer\smartclient\tst\zsmartclient_unittest\bin\x64\debug\net472\zsmartclient_unittest.dll" id="feb3bdce-3024-5a59-89ff-b1ebe27d119c">
      <TestCategory>
        <TestCategoryItem TestCategory="SearchResultActionBarViewModel" />
      </TestCategory>
      <Execution id="3d02d0e3-cbf9-45e2-8def-36d01cbe13a6" />
      <TestMethod codeBase="D:\actions-runner\_work\XPCO\XPCO\SC\Components\RemoteViewer\SmartClient\tst\zSmartClient_UnitTest\bin\x64\Debug\net472\zSmartClient_UnitTest.dll" adapterTypeName="executor://mstestadapter/v2" className="SmartClient_UnitTest.VideoOS.RemoteClient.Plugin.CentralizedSearch.ViewModels.SearchResultsActionBarViewModelTest" name="SearchResultsActionBarActions_SelectedSearchResults_ExportActionEnabled" />
    </UnitTest>
    <UnitTest name="AddToExportDevices_ShouldReturnCorrectResult (5,5,0)" storage="d:\actions-runner\_work\xpco\xpco\sc\components\remoteviewer\smartclient\tst\zsmartclient_unittest\bin\x64\debug\net472\zsmartclient_unittest.dll" id="a9befe17-1a37-48c6-1312-217259747307">
      <TestCategory>
        <TestCategoryItem TestCategory="Managers" />
      </TestCategory>
      <Execution id="508335ec-82de-4d95-ba1c-c816ca163e91" />
      <TestMethod codeBase="D:\actions-runner\_work\XPCO\XPCO\SC\Components\RemoteViewer\SmartClient\tst\zSmartClient_UnitTest\bin\x64\Debug\net472\zSmartClient_UnitTest.dll" adapterTypeName="executor://mstestadapter/v2" className="SmartClient_UnitTest.VideoOS.RemoteClient.Application.Managers.ExportManagerTests" name="AddToExportDevices_ShouldReturnCorrectResult" />
    </UnitTest>
    <UnitTest name="FetchDeviceConfiguration_ShouldNotLoadCache_WhenCacheFileIsNotPresent" storage="d:\actions-runner\_work\xpco\xpco\sc\components\remoteviewer\smartclient\tst\zsmartclient_unittest\bin\x64\debug\net472\zsmartclient_unittest.dll" id="9a208f53-2994-a17f-1d39-9e17cb2164bd">
      <Execution id="7b6d54e9-13bb-4140-bdcb-3a57808eed2f" />
      <TestMethod codeBase="D:\actions-runner\_work\XPCO\XPCO\SC\Components\RemoteViewer\SmartClient\tst\zSmartClient_UnitTest\bin\x64\Debug\net472\zSmartClient_UnitTest.dll" adapterTypeName="executor://mstestadapter/v2" className="SmartClient_UnitTest.VideoOS.RemoteClient.Application.Controllers.Helpers.DeviceConfigurationFetcherTests" name="FetchDeviceConfiguration_ShouldNotLoadCache_WhenCacheFileIsNotPresent" />
    </UnitTest>
    <UnitTest name="Ctor_NullPassedToNotNullParameters_Failure" storage="d:\actions-runner\_work\xpco\xpco\sc\components\remoteviewer\smartclient\tst\zsmartclient_unittest\bin\x64\debug\net472\zsmartclient_unittest.dll" id="cad8e770-6b34-3ed1-d5b9-aff90025f291">
      <TestCategory>
        <TestCategoryItem TestCategory="SearchResultActionBarViewModel" />
      </TestCategory>
      <Execution id="86dfd4d3-ed17-4a10-8f42-c5730c5d5575" />
      <TestMethod codeBase="D:\actions-runner\_work\XPCO\XPCO\SC\Components\RemoteViewer\SmartClient\tst\zSmartClient_UnitTest\bin\x64\Debug\net472\zSmartClient_UnitTest.dll" adapterTypeName="executor://mstestadapter/v2" className="SmartClient_UnitTest.VideoOS.RemoteClient.Plugin.CentralizedSearch.ViewModels.SearchResultsActionBarViewModelTest" name="Ctor_NullPassedToNotNullParameters_Failure" />
    </UnitTest>
    <UnitTest name="Search_SingleCategory_FiltersUpdatedInSubDefinition" storage="d:\actions-runner\_work\xpco\xpco\sc\components\remoteviewer\smartclient\tst\zsmartclient_unittest\bin\x64\debug\net472\zsmartclient_unittest.dll" id="4c20bf32-144e-f991-5a67-7f381a38b0ef">
      <TestCategory>
        <TestCategoryItem TestCategory="Search" />
      </TestCategory>
      <Execution id="00d990c0-f3f5-4df0-9f27-683692c65e3f" />
      <TestMethod codeBase="D:\actions-runner\_work\XPCO\XPCO\SC\Components\RemoteViewer\SmartClient\tst\zSmartClient_UnitTest\bin\x64\Debug\net472\zSmartClient_UnitTest.dll" adapterTypeName="executor://mstestadapter/v2" className="SmartClient_UnitTest.VideoOS.RemoteClient.Plugin.CentralizedSearch.MIPPlugin.CompositeSearchDefinitionTests" name="Search_SingleCategory_FiltersUpdatedInSubDefinition" />
    </UnitTest>
    <UnitTest name="SearchAction_BrowseMode_OneYearInThePast" storage="d:\actions-runner\_work\xpco\xpco\sc\components\remoteviewer\smartclient\tst\zsmartclient_unittest\bin\x64\debug\net472\zsmartclient_unittest.dll" id="0fc9e9bc-717c-57dc-ce36-115b2e3717aa">
      <TestCategory>
        <TestCategoryItem TestCategory="ContentHolderToolbar" />
      </TestCategory>
      <Execution id="6cca26ab-3133-4ae2-8203-6b069e7fb1e3" />
      <TestMethod codeBase="D:\actions-runner\_work\XPCO\XPCO\SC\Components\RemoteViewer\SmartClient\tst\zSmartClient_UnitTest\bin\x64\Debug\net472\zSmartClient_UnitTest.dll" adapterTypeName="executor://mstestadapter/v2" className="SmartClient_UnitTest.VideoOS.RemoteClient.Application.Data.ContentHolderToolbar.ToolBarItemSearchTests" name="SearchAction_BrowseMode_OneYearInThePast" />
    </UnitTest>
    <UnitTest name="SerializeDeserialize_ExcludeNotPersistedProperties_Success" storage="d:\actions-runner\_work\xpco\xpco\sc\components\remoteviewer\smartclient\tst\zsmartclient_unittest\bin\x64\debug\net472\zsmartclient_unittest.dll" id="efe4db7d-9fc9-dd9f-492e-e4ff6529fb1e">
      <Execution id="32143c33-f347-469b-b1fc-5cfec9d3f7a9" />
      <TestMethod codeBase="D:\actions-runner\_work\XPCO\XPCO\SC\Components\RemoteViewer\SmartClient\tst\zSmartClient_UnitTest\bin\x64\Debug\net472\zSmartClient_UnitTest.dll" adapterTypeName="executor://mstestadapter/v2" className="SmartClient_UnitTest.VideoOS.RemoteClient.Application.Data.States.CentralizedSearchStateTest" name="SerializeDeserialize_ExcludeNotPersistedProperties_Success" />
    </UnitTest>
    <UnitTest name="Password1 invalid, Password 2 invalid" storage="d:\actions-runner\_work\xpco\xpco\sc\components\remoteviewer\smartclient\tst\zsmartclient_unittest\bin\x64\debug\net472\zsmartclient_unittest.dll" id="2a8e52f2-e158-9e1f-e00b-d901637dc8ba">
      <TestCategory>
        <TestCategoryItem TestCategory="Export" />
      </TestCategory>
      <Execution id="c47af19a-5842-4ad7-94d5-fbdf50437488" />
      <TestMethod codeBase="D:\actions-runner\_work\XPCO\XPCO\SC\Components\RemoteViewer\SmartClient\tst\zSmartClient_UnitTest\bin\x64\Debug\net472\zSmartClient_UnitTest.dll" adapterTypeName="executor://mstestadapter/v2" className="SmartClient_UnitTest.VideoOS.RemoteClient.Plugin.Export.PasswordDialogViewModelTests" name="ArePasswordsValid_ShouldDependOnPassword1AndPassword2" />
    </UnitTest>
    <UnitTest name="OnMarkerRightClicked_ShouldLetMapLayerControlMenuItems_WhenSingleMapItemSelected" storage="d:\actions-runner\_work\xpco\xpco\sc\components\remoteviewer\smartclient\tst\zsmartclient_unittest\bin\x64\debug\net472\zsmartclient_unittest.dll" id="62360bb2-0571-b412-04d5-fd14e8294ea1">
      <TestCategory>
        <TestCategoryItem TestCategory="SmartMap.MapItemsOverlay" />
      </TestCategory>
      <Execution id="59069afd-59ba-4f19-9f2f-f24e8086c175" />
      <TestMethod codeBase="D:\actions-runner\_work\XPCO\XPCO\SC\Components\RemoteViewer\SmartClient\tst\zSmartClient_UnitTest\bin\x64\Debug\net472\zSmartClient_UnitTest.dll" adapterTypeName="executor://mstestadapter/v2" className="SmartClient_UnitTest.VideoOS.RemoteClient.Plugin.GisMap.ThinkGeoMap.SpecializedOverlays.Overlays.MapItemsOverlayTests" name="OnMarkerRightClicked_ShouldLetMapLayerControlMenuItems_WhenSingleMapItemSelected" />
    </UnitTest>
    <UnitTest name="ConvertBack_ShouldReturnIsNormalState_WhenValueIsNull" storage="d:\actions-runner\_work\xpco\xpco\sc\components\remoteviewer\smartclient\tst\zsmartclient_unittest\bin\x64\debug\net472\zsmartclient_unittest.dll" id="4dadd341-55c4-2c66-0797-5674a8d63b8b">
      <TestCategory>
        <TestCategoryItem TestCategory="GisMap.InteractionStateConverter" />
      </TestCategory>
      <Execution id="0ec8ca9d-dec2-43cc-a507-d6e7a437ca8b" />
      <TestMethod codeBase="D:\actions-runner\_work\XPCO\XPCO\SC\Components\RemoteViewer\SmartClient\tst\zSmartClient_UnitTest\bin\x64\Debug\net472\zSmartClient_UnitTest.dll" adapterTypeName="executor://mstestadapter/v2" className="SmartClient_UnitTest.VideoOS.RemoteClient.Plugin.GisMap.View.InteractionStateConverterTests" name="ConvertBack_ShouldReturnIsNormalState_WhenValueIsNull" />
    </UnitTest>
    <UnitTest name="SupportsDoubleClick_ShouldBeFalse_WhenInteractionStateIsNotNormalAndInSetupMode" storage="d:\actions-runner\_work\xpco\xpco\sc\components\remoteviewer\smartclient\tst\zsmartclient_unittest\bin\x64\debug\net472\zsmartclient_unittest.dll" id="46dd7f69-3eb9-c12b-fd9e-271331372eba">
      <TestCategory>
        <TestCategoryItem TestCategory="GisMap.LegacyLinkMarker" />
      </TestCategory>
      <Execution id="97b17620-4083-4820-bc1c-354e894c8d36" />
      <TestMethod codeBase="D:\actions-runner\_work\XPCO\XPCO\SC\Components\RemoteViewer\SmartClient\tst\zSmartClient_UnitTest\bin\x64\Debug\net472\zSmartClient_UnitTest.dll" adapterTypeName="executor://mstestadapter/v2" className="SmartClient_UnitTest.VideoOS.RemoteClient.Plugin.GisMap.ThinkGeoMap.Markers.LegacyLinkMarker.LegacyLinkMarkerTests" name="SupportsDoubleClick_ShouldBeFalse_WhenInteractionStateIsNotNormalAndInSetupMode" />
    </UnitTest>
    <UnitTest name="TestHasCapapability_DoesNotHave_Success" storage="d:\actions-runner\_work\xpco\xpco\sc\components\remoteviewer\smartclient\tst\zsmartclient_unittest\bin\x64\debug\net472\zsmartclient_unittest.dll" id="ff572efe-33da-3147-c10c-1641937b78fe">
      <Execution id="a1022e9d-a7c9-410e-9be5-ebf6df7fbfce" />
      <TestMethod codeBase="D:\actions-runner\_work\XPCO\XPCO\SC\Components\RemoteViewer\SmartClient\tst\zSmartClient_UnitTest\bin\x64\Debug\net472\zSmartClient_UnitTest.dll" adapterTypeName="executor://mstestadapter/v2" className="SmartClient_UnitTest.VideoOS.RemoteClient.GisMapData.Common.GisMapServerCapabilitiesTest" name="TestHasCapapability_DoesNotHave_Success" />
    </UnitTest>
    <UnitTest name="MapInputIcons_WhenPinkOemResource_ShouldReturnSevenIcons" storage="d:\actions-runner\_work\xpco\xpco\sc\components\remoteviewer\smartclient\tst\zsmartclient_unittest\bin\x64\debug\net472\zsmartclient_unittest.dll" id="5fa2d48f-d59e-30ed-e88d-ec6e2699e6a0">
      <Execution id="b5160d2c-94a9-4290-817d-b521954d719a" />
      <TestMethod codeBase="D:\actions-runner\_work\XPCO\XPCO\SC\Components\RemoteViewer\SmartClient\tst\zSmartClient_UnitTest\bin\x64\Debug\net472\zSmartClient_UnitTest.dll" adapterTypeName="executor://mstestadapter/v2" className="SmartClient_UnitTest.VideoOS.RemoteClient.Application.Controllers.OemResourceControllerTest" name="MapInputIcons_WhenPinkOemResource_ShouldReturnSevenIcons" />
    </UnitTest>
    <UnitTest name="FocusedSearchResultChanged_CameraOnMap_NavigateToCamera" storage="d:\actions-runner\_work\xpco\xpco\sc\components\remoteviewer\smartclient\tst\zsmartclient_unittest\bin\x64\debug\net472\zsmartclient_unittest.dll" id="dd098655-ce3b-b407-bc7d-fa88b3ed5381">
      <TestCategory>
        <TestCategoryItem TestCategory="Search.SmartMapPreview" />
      </TestCategory>
      <Execution id="798059e6-07e5-4ee7-a8a2-7542cad0a702" />
      <TestMethod codeBase="D:\actions-runner\_work\XPCO\XPCO\SC\Components\RemoteViewer\SmartClient\tst\zSmartClient_UnitTest\bin\x64\Debug\net472\zSmartClient_UnitTest.dll" adapterTypeName="executor://mstestadapter/v2" className="SmartClient_UnitTest.VideoOS.RemoteClient.Plugin.CentralizedSearch.Views.Controls.SmartMap.SmartMapPreviewTests" name="FocusedSearchResultChanged_CameraOnMap_NavigateToCamera" />
    </UnitTest>
    <UnitTest name="PtzSessionControllerInfo_UserChangedTest_Argument_Null_1" storage="d:\actions-runner\_work\xpco\xpco\sc\components\remoteviewer\smartclient\tst\zsmartclient_unittest\bin\x64\debug\net472\zsmartclient_unittest.dll" id="3204b6d4-271a-3c48-7f1c-1d8f9fa8fb2f">
      <Execution id="89ef1380-0da1-4339-b8be-b6a350966da2" />
      <TestMethod codeBase="D:\actions-runner\_work\XPCO\XPCO\SC\Components\RemoteViewer\SmartClient\tst\zSmartClient_UnitTest\bin\x64\Debug\net472\zSmartClient_UnitTest.dll" adapterTypeName="executor://mstestadapter/v2" className="VideoOS.RemoteClient.Application.Controllers.UnitTest.PtzSessionControllerTest" name="PtzSessionControllerInfo_UserChangedTest_Argument_Null_1" />
    </UnitTest>
    <UnitTest name="TestSaveMap_BuildingsChanges_Success" storage="d:\actions-runner\_work\xpco\xpco\sc\components\remoteviewer\smartclient\tst\zsmartclient_unittest\bin\x64\debug\net472\zsmartclient_unittest.dll" id="1e268e1f-9f4f-f655-e5bb-e50feefd0bab">
      <TestCategory>
        <TestCategoryItem TestCategory="GisMapBuilding" />
      </TestCategory>
      <Execution id="ab034455-9cea-497b-8b0f-2e5c2b0039b1" />
      <TestMethod codeBase="D:\actions-runner\_work\XPCO\XPCO\SC\Components\RemoteViewer\SmartClient\tst\zSmartClient_UnitTest\bin\x64\Debug\net472\zSmartClient_UnitTest.dll" adapterTypeName="executor://mstestadapter/v2" className="SmartClient_UnitTest.VideoOS.RemoteClient.GisMapData.GisMapBuildingTests" name="TestSaveMap_BuildingsChanges_Success" />
    </UnitTest>
    <UnitTest name="GetItemsFor_Building2Levels_Success" storage="d:\actions-runner\_work\xpco\xpco\sc\components\remoteviewer\smartclient\tst\zsmartclient_unittest\bin\x64\debug\net472\zsmartclient_unittest.dll" id="95e53d06-c2c3-70e9-48e1-6d7859b93b61">
      <TestCategory>
        <TestCategoryItem TestCategory="GisMapIndex" />
      </TestCategory>
      <Execution id="50d5011c-50d3-49b5-98f0-f07bd0ee2fa1" />
      <TestMethod codeBase="D:\actions-runner\_work\XPCO\XPCO\SC\Components\RemoteViewer\SmartClient\tst\zSmartClient_UnitTest\bin\x64\Debug\net472\zSmartClient_UnitTest.dll" adapterTypeName="executor://mstestadapter/v2" className="SmartClient_UnitTest.VideoOS.RemoteClient.GisMapData.Common.Indexer.BuildingsAwareIndexerTests" name="GetItemsFor_Building2Levels_Success" />
    </UnitTest>
    <UnitTest name="ActiveInteractionStateBinding_ShouldOnlyContainNormal_WhenCtorIsCalled" storage="d:\actions-runner\_work\xpco\xpco\sc\components\remoteviewer\smartclient\tst\zsmartclient_unittest\bin\x64\debug\net472\zsmartclient_unittest.dll" id="8f59d74f-1387-b481-45ba-5b4638b6eca1">
      <TestCategory>
        <TestCategoryItem TestCategory="GisMap.LegacyLinkMarker" />
      </TestCategory>
      <Execution id="77aa834b-4483-4e4d-9b72-8db8689755b7" />
      <TestMethod codeBase="D:\actions-runner\_work\XPCO\XPCO\SC\Components\RemoteViewer\SmartClient\tst\zSmartClient_UnitTest\bin\x64\Debug\net472\zSmartClient_UnitTest.dll" adapterTypeName="executor://mstestadapter/v2" className="SmartClient_UnitTest.VideoOS.RemoteClient.Plugin.GisMap.ThinkGeoMap.Markers.LegacyLinkMarker.LegacyLinkMarkerTests" name="ActiveInteractionStateBinding_ShouldOnlyContainNormal_WhenCtorIsCalled" />
    </UnitTest>
    <UnitTest name="NavigateAndSelectAsync_SelectAnotherCamera_ReCenterCommandEnabled" storage="d:\actions-runner\_work\xpco\xpco\sc\components\remoteviewer\smartclient\tst\zsmartclient_unittest\bin\x64\debug\net472\zsmartclient_unittest.dll" id="5725dc6b-38b3-44b7-6936-015732fd6b4c">
      <TestCategory>
        <TestCategoryItem TestCategory="GisMap.GisMapViewModel" />
      </TestCategory>
      <Execution id="d0c817fb-984b-4c7f-abe5-de7a0758b77f" />
      <TestMethod codeBase="D:\actions-runner\_work\XPCO\XPCO\SC\Components\RemoteViewer\SmartClient\tst\zSmartClient_UnitTest\bin\x64\Debug\net472\zSmartClient_UnitTest.dll" adapterTypeName="executor://mstestadapter/v2" className="SmartClient_UnitTest.VideoOS.RemoteClient.Plugin.GisMap.ViewModels.GisMapViewModelTests" name="NavigateAndSelectAsync_SelectAnotherCamera_ReCenterCommandEnabled" />
    </UnitTest>
    <UnitTest name="CreateDetailsViewControl_ValidSearchResult_DetailsViewPlaybackSpeedSet_Success" storage="d:\actions-runner\_work\xpco\xpco\sc\components\remoteviewer\smartclient\tst\zsmartclient_unittest\bin\x64\debug\net472\zsmartclient_unittest.dll" id="e571b35d-57ce-9cb9-ba77-a93c8415ec13">
      <TestCategory>
        <TestCategoryItem TestCategory="SearchViews" />
      </TestCategory>
      <Execution id="27217bcd-7516-4f61-bd9c-de28963f95ce" />
      <TestMethod codeBase="D:\actions-runner\_work\XPCO\XPCO\SC\Components\RemoteViewer\SmartClient\tst\zSmartClient_UnitTest\bin\x64\Debug\net472\zSmartClient_UnitTest.dll" adapterTypeName="executor://mstestadapter/v2" className="SmartClient_UnitTest.VideoOS.RemoteClient.Plugin.CentralizedSearch.Views.SearchResultsViewTests" name="CreateDetailsViewControl_ValidSearchResult_DetailsViewPlaybackSpeedSet_Success" />
    </UnitTest>
    <UnitTest name="MicrophoneMapItem_UpdateName_Rejected" storage="d:\actions-runner\_work\xpco\xpco\sc\components\remoteviewer\smartclient\tst\zsmartclient_unittest\bin\x64\debug\net472\zsmartclient_unittest.dll" id="1a9497ea-544a-7067-529f-b7c94b2f8c7f">
      <TestCategory>
        <TestCategoryItem TestCategory="GisMapData.MapItem.Microphones" />
      </TestCategory>
      <Execution id="6e53f73a-cb80-4824-9492-57ffbe9c85ba" />
      <TestMethod codeBase="D:\actions-runner\_work\XPCO\XPCO\SC\Components\RemoteViewer\SmartClient\tst\zSmartClient_UnitTest\bin\x64\Debug\net472\zSmartClient_UnitTest.dll" adapterTypeName="executor://mstestadapter/v2" className="SmartClient_UnitTest.VideoOS.RemoteClient.GisMapData.MapItem.Microphones.MicrophoneMapItemTests" name="MicrophoneMapItem_UpdateName_Rejected" />
    </UnitTest>
    <UnitTest name="GetDuration_OneMinute_Success" storage="d:\actions-runner\_work\xpco\xpco\sc\components\remoteviewer\smartclient\tst\zsmartclient_unittest\bin\x64\debug\net472\zsmartclient_unittest.dll" id="5004265f-fd28-da5b-c559-ead79e5384bf">
      <TestCategory>
        <TestCategoryItem TestCategory="Search" />
      </TestCategory>
      <Execution id="185b7952-403a-4397-8972-6b06b9cea761" />
      <TestMethod codeBase="D:\actions-runner\_work\XPCO\XPCO\SC\Components\RemoteViewer\SmartClient\tst\zSmartClient_UnitTest\bin\x64\Debug\net472\zSmartClient_UnitTest.dll" adapterTypeName="executor://mstestadapter/v2" className="SmartClient_UnitTest.VideoOS.RemoteClient.Plugin.CentralizedSearch.ViewModels.Data.TimeScopeTests" name="GetDuration_OneMinute_Success" />
    </UnitTest>
    <UnitTest name="BoundingBoxBrowseTimeChangedTestYoungData" storage="d:\actions-runner\_work\xpco\xpco\sc\components\remoteviewer\smartclient\tst\zsmartclient_unittest\bin\x64\debug\net472\zsmartclient_unittest.dll" id="b380b0ee-9aa4-cd9d-29ce-2b0885fdf47b">
      <Execution id="49767386-4a59-4585-8d12-7baab7615203" />
      <TestMethod codeBase="D:\actions-runner\_work\XPCO\XPCO\SC\Components\RemoteViewer\SmartClient\tst\zSmartClient_UnitTest\bin\x64\Debug\net472\zSmartClient_UnitTest.dll" adapterTypeName="executor://mstestadapter/v2" className="SmartClient_UnitTest.VideoOS.RemoteClient.Application.Data.Metadata.BoundingBoxes.BoundingBoxProviderTest" name="BoundingBoxBrowseTimeChangedTestYoungData" />
    </UnitTest>
    <UnitTest name="Parse_TwentyFourHours_Success" storage="d:\actions-runner\_work\xpco\xpco\sc\components\remoteviewer\smartclient\tst\zsmartclient_unittest\bin\x64\debug\net472\zsmartclient_unittest.dll" id="b3aaeac2-8a8e-15b7-f149-450ef9d8d467">
      <TestCategory>
        <TestCategoryItem TestCategory="Search" />
      </TestCategory>
      <Execution id="5f636939-adb1-4f9f-83bc-c12d5e886eb2" />
      <TestMethod codeBase="D:\actions-runner\_work\XPCO\XPCO\SC\Components\RemoteViewer\SmartClient\tst\zSmartClient_UnitTest\bin\x64\Debug\net472\zSmartClient_UnitTest.dll" adapterTypeName="executor://mstestadapter/v2" className="SmartClient_UnitTest.VideoOS.RemoteClient.Plugin.CentralizedSearch.Models.ScopeDurationTests" name="Parse_TwentyFourHours_Success" />
    </UnitTest>
    <UnitTest name="AddToExportDevices_ShouldReturnCorrectResult (5,0,5)" storage="d:\actions-runner\_work\xpco\xpco\sc\components\remoteviewer\smartclient\tst\zsmartclient_unittest\bin\x64\debug\net472\zsmartclient_unittest.dll" id="9e54b2cc-1227-f4b9-99d1-ff15db1cd685">
      <TestCategory>
        <TestCategoryItem TestCategory="Managers" />
      </TestCategory>
      <Execution id="ea30aed6-7162-4b22-8a08-d3d92f53760f" />
      <TestMethod codeBase="D:\actions-runner\_work\XPCO\XPCO\SC\Components\RemoteViewer\SmartClient\tst\zSmartClient_UnitTest\bin\x64\Debug\net472\zSmartClient_UnitTest.dll" adapterTypeName="executor://mstestadapter/v2" className="SmartClient_UnitTest.VideoOS.RemoteClient.Application.Managers.ExportManagerTests" name="AddToExportDevices_ShouldReturnCorrectResult" />
    </UnitTest>
    <UnitTest name="PatrollingProfileViewModelTest_Save_UpdateProfile_Failed" storage="d:\actions-runner\_work\xpco\xpco\sc\components\remoteviewer\smartclient\tst\zsmartclient_unittest\bin\x64\debug\net472\zsmartclient_unittest.dll" id="dcedc9aa-0a2b-4f0d-afad-d14fe62fdbd7">
      <Execution id="09f7fa48-c161-4894-9653-d40524bbc805" />
      <TestMethod codeBase="D:\actions-runner\_work\XPCO\XPCO\SC\Components\RemoteViewer\SmartClient\tst\zSmartClient_UnitTest\bin\x64\Debug\net472\zSmartClient_UnitTest.dll" adapterTypeName="executor://mstestadapter/v2" className="SmartClient_UnitTest.VideoOS.RemoteClient.Application.UI.PtzPreset.PatrollingViewModel.PatrollingProfileViewModelTest" name="PatrollingProfileViewModelTest_Save_UpdateProfile_Failed" />
    </UnitTest>
    <UnitTest name="DisplayErrorOnNotificationArea_InvalidAttributeSearchError_Success" storage="d:\actions-runner\_work\xpco\xpco\sc\components\remoteviewer\smartclient\tst\zsmartclient_unittest\bin\x64\debug\net472\zsmartclient_unittest.dll" id="973652a4-37ac-8c5a-9df8-ff32f79b8968">
      <TestCategory>
        <TestCategoryItem TestCategory="SearchViewModels" />
      </TestCategory>
      <Execution id="b44311ce-4c2d-4f86-80eb-a8380d0d097e" />
      <TestMethod codeBase="D:\actions-runner\_work\XPCO\XPCO\SC\Components\RemoteViewer\SmartClient\tst\zSmartClient_UnitTest\bin\x64\Debug\net472\zSmartClient_UnitTest.dll" adapterTypeName="executor://mstestadapter/v2" className="SmartClient_UnitTest.VideoOS.RemoteClient.Plugin.CentralizedSearch.ViewModels.SearchViewModelTests" name="DisplayErrorOnNotificationArea_InvalidAttributeSearchError_Success" />
    </UnitTest>
    <UnitTest name="Combine_ShouldPassAllStringInputValidationTests" storage="d:\actions-runner\_work\xpco\xpco\sc\components\remoteviewer\smartclient\tst\zsmartclient_unittest\bin\x64\debug\net472\zsmartclient_unittest.dll" id="47de8f42-b82b-27c9-e6cb-af47f9988997">
      <Execution id="c1b38b78-c065-48a4-af0c-4014b341baa0" />
      <TestMethod codeBase="D:\actions-runner\_work\XPCO\XPCO\SC\Components\RemoteViewer\SmartClient\tst\zSmartClient_UnitTest\bin\x64\Debug\net472\zSmartClient_UnitTest.dll" adapterTypeName="executor://mstestadapter/v2" className="SmartClient_UnitTest.VideoOS.RemoteClient.Plugin.CentralizedSearch.Models.Combiners.SearchResultCombinerTests" name="Combine_ShouldPassAllStringInputValidationTests" />
    </UnitTest>
    <UnitTest name="GetBoundingShapesPathsAsync_ShouldGetBoundingShapesFromBoundingShapesSourceOnly_WhenOnlyBoundingShapesSourceIsPassedIn" storage="d:\actions-runner\_work\xpco\xpco\sc\components\remoteviewer\smartclient\tst\zsmartclient_unittest\bin\x64\debug\net472\zsmartclient_unittest.dll" id="dd25e118-a384-e666-07c3-e9a0431950f6">
      <Execution id="2a7f1ee8-0926-4fd9-92c1-6df6c9864d90" />
      <TestMethod codeBase="D:\actions-runner\_work\XPCO\XPCO\SC\Components\RemoteViewer\SmartClient\tst\zSmartClient_UnitTest\bin\x64\Debug\net472\zSmartClient_UnitTest.dll" adapterTypeName="executor://mstestadapter/v2" className="SmartClient_UnitTest.VideoOS.RemoteClient.Plugin.CentralizedSearch.Utils.SearchResultDataExtensionsTests" name="GetBoundingShapesPathsAsync_ShouldGetBoundingShapesFromBoundingShapesSourceOnly_WhenOnlyBoundingShapesSourceIsPassedIn" />
    </UnitTest>
    <UnitTest name="MuteMicrophone_ShouldBeCalled_WhenMicrophoneStateGoesFromUnmutedToMuted" storage="d:\actions-runner\_work\xpco\xpco\sc\components\remoteviewer\smartclient\tst\zsmartclient_unittest\bin\x64\debug\net472\zsmartclient_unittest.dll" id="40053e00-4502-6843-1f1d-ac2a3e574fe1">
      <TestCategory>
        <TestCategoryItem TestCategory="GisMapAudioController" />
      </TestCategory>
      <Execution id="9e30ae1f-b593-453c-9f86-5fc27fde1834" />
      <TestMethod codeBase="D:\actions-runner\_work\XPCO\XPCO\SC\Components\RemoteViewer\SmartClient\tst\zSmartClient_UnitTest\bin\x64\Debug\net472\zSmartClient_UnitTest.dll" adapterTypeName="executor://mstestadapter/v2" className="SmartClient_UnitTest.VideoOS.RemoteClient.GisMapData.GisMapAudioControllerTests" name="MuteMicrophone_ShouldBeCalled_WhenMicrophoneStateGoesFromUnmutedToMuted" />
    </UnitTest>
    <UnitTest name="GetUserOptions_ShouldReturnCustomSettingsFromOldAndNewKey_WhenDataIsAvailableInTheSystem" storage="d:\actions-runner\_work\xpco\xpco\sc\components\remoteviewer\smartclient\tst\zsmartclient_unittest\bin\x64\debug\net472\zsmartclient_unittest.dll" id="3011877c-371c-af3a-5f96-72aad6f976b4">
      <TestCategory>
        <TestCategoryItem TestCategory="Managers" />
      </TestCategory>
      <Execution id="a55b3868-6955-4b61-902f-60175b7bd3c3" />
      <TestMethod codeBase="D:\actions-runner\_work\XPCO\XPCO\SC\Components\RemoteViewer\SmartClient\tst\zSmartClient_UnitTest\bin\x64\Debug\net472\zSmartClient_UnitTest.dll" adapterTypeName="executor://mstestadapter/v2" className="SmartClient_UnitTest.VideoOS.RemoteClient.Application.Managers.OptionManagerTests" name="GetUserOptions_ShouldReturnCustomSettingsFromOldAndNewKey_WhenDataIsAvailableInTheSystem" />
    </UnitTest>
    <UnitTest name="ActiveInteractionStateBinding_ShouldNotBeNull_WhenCtorIsCalled" storage="d:\actions-runner\_work\xpco\xpco\sc\components\remoteviewer\smartclient\tst\zsmartclient_unittest\bin\x64\debug\net472\zsmartclient_unittest.dll" id="e886f146-563d-6db0-f755-1724a8f2f2c8">
      <TestCategory>
        <TestCategoryItem TestCategory="GisMap.MipItemMarker" />
      </TestCategory>
      <Execution id="e217f056-29d2-4986-a52f-fb6bf06ca5a3" />
      <TestMethod codeBase="D:\actions-runner\_work\XPCO\XPCO\SC\Components\RemoteViewer\SmartClient\tst\zSmartClient_UnitTest\bin\x64\Debug\net472\zSmartClient_UnitTest.dll" adapterTypeName="executor://mstestadapter/v2" className="SmartClient_UnitTest.VideoOS.RemoteClient.Plugin.GisMap.ThinkGeoMap.Markers.MipItemMarker.MipItemMarkerTests" name="ActiveInteractionStateBinding_ShouldNotBeNull_WhenCtorIsCalled" />
    </UnitTest>
    <UnitTest name="PtzInfoViewModel_PtzReservedByAnonymousOwnUserTest" storage="d:\actions-runner\_work\xpco\xpco\sc\components\remoteviewer\smartclient\tst\zsmartclient_unittest\bin\x64\debug\net472\zsmartclient_unittest.dll" id="59d7ce5a-9242-f1c0-ee68-764d8def5314">
      <Execution id="f323ca6c-6244-4393-8d24-7d18d4c8e12f" />
      <TestMethod codeBase="D:\actions-runner\_work\XPCO\XPCO\SC\Components\RemoteViewer\SmartClient\tst\zSmartClient_UnitTest\bin\x64\Debug\net472\zSmartClient_UnitTest.dll" adapterTypeName="executor://mstestadapter/v2" className="SmartClient_UnitTest.VideoOS.RemoteClient.Plugin.Map.WPFObjects.PtzInfoViewModelUnitTest" name="PtzInfoViewModel_PtzReservedByAnonymousOwnUserTest" />
    </UnitTest>
    <UnitTest name="Compare_NullVsNotNullDescending_LessThan" storage="d:\actions-runner\_work\xpco\xpco\sc\components\remoteviewer\smartclient\tst\zsmartclient_unittest\bin\x64\debug\net472\zsmartclient_unittest.dll" id="4e201780-8be5-36cf-a6cd-fc75ae04350d">
      <TestCategory>
        <TestCategoryItem TestCategory="SearchComparers" />
      </TestCategory>
      <Execution id="daf29895-b953-4afe-bdce-bd2f7930eeb2" />
      <TestMethod codeBase="D:\actions-runner\_work\XPCO\XPCO\SC\Components\RemoteViewer\SmartClient\tst\zSmartClient_UnitTest\bin\x64\Debug\net472\zSmartClient_UnitTest.dll" adapterTypeName="executor://mstestadapter/v2" className="SmartClient_UnitTest.VideoOS.RemoteClient.Plugin.CentralizedSearch.Models.Wrappers.Comparers.TriggerTimeComparerTests" name="Compare_NullVsNotNullDescending_LessThan" />
    </UnitTest>
    <UnitTest name="ToSafeName_DifferentSeperator_Success" storage="d:\actions-runner\_work\xpco\xpco\sc\components\remoteviewer\smartclient\tst\zsmartclient_unittest\bin\x64\debug\net472\zsmartclient_unittest.dll" id="0de77785-462a-9bb1-5b6c-6230796bd88d">
      <Execution id="7f32560d-d660-422f-84ca-f156873af93b" />
      <TestMethod codeBase="D:\actions-runner\_work\XPCO\XPCO\SC\Components\RemoteViewer\SmartClient\tst\zSmartClient_UnitTest\bin\x64\Debug\net472\zSmartClient_UnitTest.dll" adapterTypeName="executor://mstestadapter/v2" className="SmartClient_UnitTest.VideoOS.RemoteClient.Application.Common.Scripting.ReservedJavascriptKeywordsTests" name="ToSafeName_DifferentSeperator_Success" />
    </UnitTest>
    <UnitTest name="SearchResultsActionBarActions_AddBookmark_BookmarkAgentAdded_SingleResult_CreateBookmarkInvoked" storage="d:\actions-runner\_work\xpco\xpco\sc\components\remoteviewer\smartclient\tst\zsmartclient_unittest\bin\x64\debug\net472\zsmartclient_unittest.dll" id="ee49bb23-cebf-abdf-0b3d-a9f5e1a1dc4f">
      <TestCategory>
        <TestCategoryItem TestCategory="SearchResultActionBarViewModel" />
      </TestCategory>
      <Execution id="ffb21b26-665e-4490-bef3-47528cadcd8a" />
      <TestMethod codeBase="D:\actions-runner\_work\XPCO\XPCO\SC\Components\RemoteViewer\SmartClient\tst\zSmartClient_UnitTest\bin\x64\Debug\net472\zSmartClient_UnitTest.dll" adapterTypeName="executor://mstestadapter/v2" className="SmartClient_UnitTest.VideoOS.RemoteClient.Plugin.CentralizedSearch.ViewModels.SearchResultsActionBarViewModelTest" name="SearchResultsActionBarActions_AddBookmark_BookmarkAgentAdded_SingleResult_CreateBookmarkInvoked" />
    </UnitTest>
    <UnitTest name="HandleGetDeviceData_ShouldReturnNotFoundDeviceData_WhenNotSupportedKind" storage="d:\actions-runner\_work\xpco\xpco\sc\components\remoteviewer\smartclient\tst\zsmartclient_unittest\bin\x64\debug\net472\zsmartclient_unittest.dll" id="64c5fa93-8c90-e61b-c74e-24c3a14c685e">
      <TestCategory>
        <TestCategoryItem TestCategory="GisMap.Handlers.Devices.MapItems" />
      </TestCategory>
      <Execution id="2c7ff9f4-90fd-41e4-97a0-16466c59108e" />
      <TestMethod codeBase="D:\actions-runner\_work\XPCO\XPCO\SC\Components\RemoteViewer\SmartClient\tst\zSmartClient_UnitTest\bin\x64\Debug\net472\zSmartClient_UnitTest.dll" adapterTypeName="executor://mstestadapter/v2" className="SmartClient_UnitTest.VideoOS.RemoteClient.Plugin.GisMap.Handlers.Devices.MapItems.CameraDataHandlerTests" name="HandleGetDeviceData_ShouldReturnNotFoundDeviceData_WhenNotSupportedKind" />
    </UnitTest>
    <UnitTest name="GetSearchTemplateAsync_ThrowException_Success" storage="d:\actions-runner\_work\xpco\xpco\sc\components\remoteviewer\smartclient\tst\zsmartclient_unittest\bin\x64\debug\net472\zsmartclient_unittest.dll" id="21a232b1-83c0-dfe7-7779-e914867076f2">
      <TestCategory>
        <TestCategoryItem TestCategory="SearchTemplatesService" />
      </TestCategory>
      <Execution id="2d50e1ec-cfd5-4798-abfb-5a7fd3e2007d" />
      <TestMethod codeBase="D:\actions-runner\_work\XPCO\XPCO\SC\Components\RemoteViewer\SmartClient\tst\zSmartClient_UnitTest\bin\x64\Debug\net472\zSmartClient_UnitTest.dll" adapterTypeName="executor://mstestadapter/v2" className="SmartClient_UnitTest.VideoOS.RemoteClient.Plugin.CentralizedSearch.SearchTemplates.Service.SearchTemplateServiceTests" name="GetSearchTemplateAsync_ThrowException_Success" />
    </UnitTest>
    <UnitTest name="TestForAssemblyCoverage" storage="d:\actions-runner\_work\xpco\xpco\sc\components\remoteviewer\smartclient\tst\zsmartclient_unittest\bin\x64\debug\net472\zsmartclient_unittest.dll" id="7df9b500-6856-6e35-de99-08c43bb682f1">
      <Execution id="4a765624-34ca-4a54-bcda-89d05d4cfe22" />
      <TestMethod codeBase="D:\actions-runner\_work\XPCO\XPCO\SC\Components\RemoteViewer\SmartClient\tst\zSmartClient_UnitTest\bin\x64\Debug\net472\zSmartClient_UnitTest.dll" adapterTypeName="executor://mstestadapter/v2" className="SmartClient_UnitTest.VideoOS.RemoteClient.Plugin.KeyboardSupport.UnitTest1" name="TestForAssemblyCoverage" />
    </UnitTest>
    <UnitTest name="ZoomOut_MapNotSet_DoesNotCrash" storage="d:\actions-runner\_work\xpco\xpco\sc\components\remoteviewer\smartclient\tst\zsmartclient_unittest\bin\x64\debug\net472\zsmartclient_unittest.dll" id="f5cd0ea9-70e1-1cbd-01d3-fa2672fe0616">
      <Execution id="f240a292-8828-455e-8fff-26160e60a498" />
      <TestMethod codeBase="D:\actions-runner\_work\XPCO\XPCO\SC\Components\RemoteViewer\SmartClient\tst\zSmartClient_UnitTest\bin\x64\Debug\net472\zSmartClient_UnitTest.dll" adapterTypeName="executor://mstestadapter/v2" className="SmartClient_UnitTest.VideoOS.RemoteClient.Plugin.GisMap.ThinkGeoMap.DefaultZoomHandlerTests" name="ZoomOut_MapNotSet_DoesNotCrash" />
    </UnitTest>
    <UnitTest name="Ctor_ShouldAddNegotiateUserCredentialsToCache_WhenServerAuthenticationIsNotSimple" storage="d:\actions-runner\_work\xpco\xpco\sc\components\remoteviewer\smartclient\tst\zsmartclient_unittest\bin\x64\debug\net472\zsmartclient_unittest.dll" id="e2e868a3-fc1a-6808-398b-537acaa38f26">
      <TestCategory>
        <TestCategoryItem TestCategory="Authentication.ClientCredentials" />
      </TestCategory>
      <Execution id="e182d49e-2d25-450b-bdf9-07b4a16cc85c" />
      <TestMethod codeBase="D:\actions-runner\_work\XPCO\XPCO\SC\Components\RemoteViewer\SmartClient\tst\zSmartClient_UnitTest\bin\x64\Debug\net472\zSmartClient_UnitTest.dll" adapterTypeName="executor://mstestadapter/v2" className="SmartClient_UnitTest.VideoOS.Shared.ServerAPI.ClientCredentialsTest" name="Ctor_ShouldAddNegotiateUserCredentialsToCache_WhenServerAuthenticationIsNotSimple" />
    </UnitTest>
    <UnitTest name="SelectedDuration_ShouldRevertToPreviousSelection_WhenCustomIntervalSelectionIsCancelled" storage="d:\actions-runner\_work\xpco\xpco\sc\components\remoteviewer\smartclient\tst\zsmartclient_unittest\bin\x64\debug\net472\zsmartclient_unittest.dll" id="91ccec24-6878-75d9-83f5-29ad2ed9f604">
      <TestCategory>
        <TestCategoryItem TestCategory="SearchViewModels" />
      </TestCategory>
      <Execution id="3a9d5672-2a78-4db2-ac6a-ccceb7aea346" />
      <TestMethod codeBase="D:\actions-runner\_work\XPCO\XPCO\SC\Components\RemoteViewer\SmartClient\tst\zSmartClient_UnitTest\bin\x64\Debug\net472\zSmartClient_UnitTest.dll" adapterTypeName="executor://mstestadapter/v2" className="SmartClient_UnitTest.VideoOS.RemoteClient.Plugin.CentralizedSearch.ViewModels.SearchViewModelTests" name="SelectedDuration_ShouldRevertToPreviousSelection_WhenCustomIntervalSelectionIsCancelled" />
    </UnitTest>
    <UnitTest name="SetLayerFeatures_ShouldRaiseArgumentException_WhenCameraKindAndNoneCameraLayerFeatures" storage="d:\actions-runner\_work\xpco\xpco\sc\components\remoteviewer\smartclient\tst\zsmartclient_unittest\bin\x64\debug\net472\zsmartclient_unittest.dll" id="43a12b2e-14a7-1d5f-4fc9-a448b6cf0edd">
      <TestCategory>
        <TestCategoryItem TestCategory="GisMapData.Controllers.LayerFeatures" />
      </TestCategory>
      <Execution id="c6de493d-1347-44f6-88e4-4ed895701559" />
      <TestMethod codeBase="D:\actions-runner\_work\XPCO\XPCO\SC\Components\RemoteViewer\SmartClient\tst\zSmartClient_UnitTest\bin\x64\Debug\net472\zSmartClient_UnitTest.dll" adapterTypeName="executor://mstestadapter/v2" className="SmartClient_UnitTest.VideoOS.RemoteClient.GisMapData.Controllers.LayerFeatures.LayerFeaturesControllerTests" name="SetLayerFeatures_ShouldRaiseArgumentException_WhenCameraKindAndNoneCameraLayerFeatures" />
    </UnitTest>
    <UnitTest name="GetClusters_ShouldNotIncludeItemFromBuildingIntoSuperClusterOutsideBuilding_WhenBuildingIsRendered" storage="d:\actions-runner\_work\xpco\xpco\sc\components\remoteviewer\smartclient\tst\zsmartclient_unittest\bin\x64\debug\net472\zsmartclient_unittest.dll" id="709c7513-9237-87e3-38c3-aa85300198a4">
      <TestCategory>
        <TestCategoryItem TestCategory="GisMapIndex.SuperClusters" />
      </TestCategory>
      <Execution id="aed1d091-ae98-4d76-80d7-f9a4c64d8fd3" />
      <TestMethod codeBase="D:\actions-runner\_work\XPCO\XPCO\SC\Components\RemoteViewer\SmartClient\tst\zSmartClient_UnitTest\bin\x64\Debug\net472\zSmartClient_UnitTest.dll" adapterTypeName="executor://mstestadapter/v2" className="SmartClient_UnitTest.VideoOS.RemoteClient.GisMapData.Common.Indexer.BuildingsAwareIndexerTests_SuperCluster" name="GetClusters_ShouldNotIncludeItemFromBuildingIntoSuperClusterOutsideBuilding_WhenBuildingIsRendered" />
    </UnitTest>
    <UnitTest name="BookmarkSearchTime_WithSearchStringInDifferentCases_ReturnCorrectBookmarkWithSearchStringInHeader (SeArChStRiNg,True,True,False,True,,,1)" storage="d:\actions-runner\_work\xpco\xpco\sc\components\remoteviewer\smartclient\tst\zsmartclient_unittest\bin\x64\debug\net472\zsmartclient_unittest.dll" id="758ded00-253a-01de-65f8-b4892f2d016b">
      <Execution id="61acd575-7c5c-491b-84bc-42d5be385f60" />
      <TestMethod codeBase="D:\actions-runner\_work\XPCO\XPCO\SC\Components\RemoteViewer\SmartClient\tst\zSmartClient_UnitTest\bin\x64\Debug\net472\zSmartClient_UnitTest.dll" adapterTypeName="executor://mstestadapter/v2" className="SmartClient_UnitTest.VideoOS.RemoteClient.Application.Data.Offline.UnitTest.BookmarkExportReaderTest" name="BookmarkSearchTime_WithSearchStringInDifferentCases_ReturnCorrectBookmarkWithSearchStringInHeader" />
    </UnitTest>
    <UnitTest name="PopulateTooltip_SingleResultsFromSingleCamera12Hours_ValidText" storage="d:\actions-runner\_work\xpco\xpco\sc\components\remoteviewer\smartclient\tst\zsmartclient_unittest\bin\x64\debug\net472\zsmartclient_unittest.dll" id="207c734e-48ea-b6e3-83cc-3b0a65265019">
      <TestCategory>
        <TestCategoryItem TestCategory="SearchControls" />
      </TestCategory>
      <Execution id="aa5a9f8d-3933-42ec-9961-5b24a11b09ba" />
      <TestMethod codeBase="D:\actions-runner\_work\XPCO\XPCO\SC\Components\RemoteViewer\SmartClient\tst\zSmartClient_UnitTest\bin\x64\Debug\net472\zSmartClient_UnitTest.dll" adapterTypeName="executor://mstestadapter/v2" className="SmartClient_UnitTest.VideoOS.RemoteClient.Plugin.CentralizedSearch.Views.Controls.TimelineRuler.TimelineRulerControlTests" name="PopulateTooltip_SingleResultsFromSingleCamera12Hours_ValidText" />
    </UnitTest>
    <UnitTest name="SearchResultsActionBarActions_MipActionDoesSupportsSelectedSearchResult_ActionDisabled" storage="d:\actions-runner\_work\xpco\xpco\sc\components\remoteviewer\smartclient\tst\zsmartclient_unittest\bin\x64\debug\net472\zsmartclient_unittest.dll" id="ae7f298e-edeb-46f5-3d43-4270f80b5ca8">
      <TestCategory>
        <TestCategoryItem TestCategory="SearchResultActionBarViewModel" />
      </TestCategory>
      <Execution id="57f54412-6925-4727-95da-5211e3429b6c" />
      <TestMethod codeBase="D:\actions-runner\_work\XPCO\XPCO\SC\Components\RemoteViewer\SmartClient\tst\zSmartClient_UnitTest\bin\x64\Debug\net472\zSmartClient_UnitTest.dll" adapterTypeName="executor://mstestadapter/v2" className="SmartClient_UnitTest.VideoOS.RemoteClient.Plugin.CentralizedSearch.ViewModels.SearchResultsActionBarViewModelTest" name="SearchResultsActionBarActions_MipActionDoesSupportsSelectedSearchResult_ActionDisabled" />
    </UnitTest>
    <UnitTest name="PtzInfoViewModel_PtzCotrolledByPatrollingTest" storage="d:\actions-runner\_work\xpco\xpco\sc\components\remoteviewer\smartclient\tst\zsmartclient_unittest\bin\x64\debug\net472\zsmartclient_unittest.dll" id="ed8ce939-1ecb-5339-ef24-908cae52144a">
      <Execution id="d088647d-0862-4c5b-824a-a0bfab518c98" />
      <TestMethod codeBase="D:\actions-runner\_work\XPCO\XPCO\SC\Components\RemoteViewer\SmartClient\tst\zSmartClient_UnitTest\bin\x64\Debug\net472\zSmartClient_UnitTest.dll" adapterTypeName="executor://mstestadapter/v2" className="SmartClient_UnitTest.VideoOS.RemoteClient.Plugin.Map.WPFObjects.PtzInfoViewModelUnitTest" name="PtzInfoViewModel_PtzCotrolledByPatrollingTest" />
    </UnitTest>
    <UnitTest name="BoundingBoxInvalidData" storage="d:\actions-runner\_work\xpco\xpco\sc\components\remoteviewer\smartclient\tst\zsmartclient_unittest\bin\x64\debug\net472\zsmartclient_unittest.dll" id="55521edb-a4b7-bc99-96a2-4a68c93fc884">
      <Execution id="ef67db36-e1c7-445a-bfaa-b8b3578d0bfe" />
      <TestMethod codeBase="D:\actions-runner\_work\XPCO\XPCO\SC\Components\RemoteViewer\SmartClient\tst\zSmartClient_UnitTest\bin\x64\Debug\net472\zSmartClient_UnitTest.dll" adapterTypeName="executor://mstestadapter/v2" className="SmartClient_UnitTest.VideoOS.RemoteClient.Application.Data.Metadata.BoundingBoxes.BoundingBoxProviderTest" name="BoundingBoxInvalidData" />
    </UnitTest>
    <UnitTest name="GetOsmServerAddress_ShouldReturnAlternativeServerValue_WhenGeographicLayerIsNullAndAlternativeServerHasValidUrl" storage="d:\actions-runner\_work\xpco\xpco\sc\components\remoteviewer\smartclient\tst\zsmartclient_unittest\bin\x64\debug\net472\zsmartclient_unittest.dll" id="63f12d9f-b048-76b8-264d-b989df0bfbca">
      <TestCategory>
        <TestCategoryItem TestCategory="GisMapData.Controllers.Osm" />
      </TestCategory>
      <Execution id="7bdf6bb0-9ac1-45ce-9a5e-5ce966943f9b" />
      <TestMethod codeBase="D:\actions-runner\_work\XPCO\XPCO\SC\Components\RemoteViewer\SmartClient\tst\zSmartClient_UnitTest\bin\x64\Debug\net472\zSmartClient_UnitTest.dll" adapterTypeName="executor://mstestadapter/v2" className="SmartClient_UnitTest.VideoOS.RemoteClient.GisMapData.Controllers.Osm.GisMapOsmControllerTests" name="GetOsmServerAddress_ShouldReturnAlternativeServerValue_WhenGeographicLayerIsNullAndAlternativeServerHasValidUrl" />
    </UnitTest>
    <UnitTest name="GetClusters_ShouldSplitSuperClusterIntoSimpleClusters_WhenZoomingIn" storage="d:\actions-runner\_work\xpco\xpco\sc\components\remoteviewer\smartclient\tst\zsmartclient_unittest\bin\x64\debug\net472\zsmartclient_unittest.dll" id="611c2ae8-85c7-442b-a5ec-d38ddebdb9be">
      <TestCategory>
        <TestCategoryItem TestCategory="GisMapIndex.SuperClusters" />
      </TestCategory>
      <Execution id="886eb20b-7856-43e7-90e7-8bdeea380e25" />
      <TestMethod codeBase="D:\actions-runner\_work\XPCO\XPCO\SC\Components\RemoteViewer\SmartClient\tst\zSmartClient_UnitTest\bin\x64\Debug\net472\zSmartClient_UnitTest.dll" adapterTypeName="executor://mstestadapter/v2" className="SmartClient_UnitTest.VideoOS.RemoteClient.GisMapData.Common.Indexer.MapItemIndexerTests_SuperClusters" name="GetClusters_ShouldSplitSuperClusterIntoSimpleClusters_WhenZoomingIn" />
    </UnitTest>
    <UnitTest name="OnLoaded_NullSmartMapControl_DoesNotCrash" storage="d:\actions-runner\_work\xpco\xpco\sc\components\remoteviewer\smartclient\tst\zsmartclient_unittest\bin\x64\debug\net472\zsmartclient_unittest.dll" id="e1ce66f6-03d2-e28b-bcfb-64c1c424a716">
      <TestCategory>
        <TestCategoryItem TestCategory="Search.SmartMapPreview" />
      </TestCategory>
      <Execution id="4b523a00-6023-4a61-9217-88f2bf0962f1" />
      <TestMethod codeBase="D:\actions-runner\_work\XPCO\XPCO\SC\Components\RemoteViewer\SmartClient\tst\zSmartClient_UnitTest\bin\x64\Debug\net472\zSmartClient_UnitTest.dll" adapterTypeName="executor://mstestadapter/v2" className="SmartClient_UnitTest.VideoOS.RemoteClient.Plugin.CentralizedSearch.Views.Controls.SmartMap.SmartMapPreviewTests" name="OnLoaded_NullSmartMapControl_DoesNotCrash" />
    </UnitTest>
    <UnitTest name="BuildMapOptions_ShouldHandleEnumOptionsCorrectly (GisMapOpenStreetMapGeographicLayer,Available,True)" storage="d:\actions-runner\_work\xpco\xpco\sc\components\remoteviewer\smartclient\tst\zsmartclient_unittest\bin\x64\debug\net472\zsmartclient_unittest.dll" id="57b504fd-2c7e-dcd2-d028-6f333f529539">
      <Execution id="0951f4c8-2ba4-4b8d-9d00-2020ca31a4d3" />
      <TestMethod codeBase="D:\actions-runner\_work\XPCO\XPCO\SC\Components\RemoteViewer\SmartClient\tst\zSmartClient_UnitTest\bin\x64\Debug\net472\zSmartClient_UnitTest.dll" adapterTypeName="executor://mstestadapter/v2" className="SmartClient_UnitTest.VideoOS.RemoteClient.Application.Common.Telemetry.TelemetryBuilderTests" name="BuildMapOptions_ShouldHandleEnumOptionsCorrectly" />
    </UnitTest>
    <UnitTest name="BookmarkSearchTime_WithSearchStringInDifferentCases_ReturnCorrectBookmarkWithSearchStringInHeader (SeArChStRiNg,True,False,False,True,,,1)" storage="d:\actions-runner\_work\xpco\xpco\sc\components\remoteviewer\smartclient\tst\zsmartclient_unittest\bin\x64\debug\net472\zsmartclient_unittest.dll" id="e072681a-a667-cb13-263c-17284bfd2cca">
      <Execution id="538f843f-d671-405c-ac59-ca72835568c2" />
      <TestMethod codeBase="D:\actions-runner\_work\XPCO\XPCO\SC\Components\RemoteViewer\SmartClient\tst\zSmartClient_UnitTest\bin\x64\Debug\net472\zSmartClient_UnitTest.dll" adapterTypeName="executor://mstestadapter/v2" className="SmartClient_UnitTest.VideoOS.RemoteClient.Application.Data.Offline.UnitTest.BookmarkExportReaderTest" name="BookmarkSearchTime_WithSearchStringInDifferentCases_ReturnCorrectBookmarkWithSearchStringInHeader" />
    </UnitTest>
    <UnitTest name="BookmarkSearchTime_WithSearchStringInDifferentCases_ReturnCorrectBookmarkWithSearchStringInDescription (,False,True,False,False,,SeArChStRiNg,1)" storage="d:\actions-runner\_work\xpco\xpco\sc\components\remoteviewer\smartclient\tst\zsmartclient_unittest\bin\x64\debug\net472\zsmartclient_unittest.dll" id="2b46e357-2d79-f0cc-72d8-c56a288a4a1d">
      <Execution id="e5b5ac58-4167-4de8-90c8-273975c8e228" />
      <TestMethod codeBase="D:\actions-runner\_work\XPCO\XPCO\SC\Components\RemoteViewer\SmartClient\tst\zSmartClient_UnitTest\bin\x64\Debug\net472\zSmartClient_UnitTest.dll" adapterTypeName="executor://mstestadapter/v2" className="SmartClient_UnitTest.VideoOS.RemoteClient.Application.Data.Offline.UnitTest.BookmarkExportReaderTest" name="BookmarkSearchTime_WithSearchStringInDifferentCases_ReturnCorrectBookmarkWithSearchStringInDescription" />
    </UnitTest>
    <UnitTest name="Decorate_ShouldAttachWindowMouseDownEvent_WhenDecorateIsCalled" storage="d:\actions-runner\_work\xpco\xpco\sc\components\remoteviewer\smartclient\tst\zsmartclient_unittest\bin\x64\debug\net472\zsmartclient_unittest.dll" id="c3476bd9-ab82-3913-af01-2849b9aa1d17">
      <TestCategory>
        <TestCategoryItem TestCategory="GisMap.WindowsBases" />
      </TestCategory>
      <Execution id="ea13f5fe-543d-4b92-94e2-6b91666c51bd" />
      <TestMethod codeBase="D:\actions-runner\_work\XPCO\XPCO\SC\Components\RemoteViewer\SmartClient\tst\zSmartClient_UnitTest\bin\x64\Debug\net472\zSmartClient_UnitTest.dll" adapterTypeName="executor://mstestadapter/v2" className="SmartClient_UnitTest.VideoOS.RemoteClient.Plugin.GisMap.Windows.Bases.DragWindowDecoratorTests" name="Decorate_ShouldAttachWindowMouseDownEvent_WhenDecorateIsCalled" />
    </UnitTest>
    <UnitTest name="BoundingBoxLiveStartNoPlaybackHandler" storage="d:\actions-runner\_work\xpco\xpco\sc\components\remoteviewer\smartclient\tst\zsmartclient_unittest\bin\x64\debug\net472\zsmartclient_unittest.dll" id="736d5841-1c67-3c66-a8df-caf0433686aa">
      <Execution id="cc5a6ed6-6986-47ef-8ed8-e1888e468055" />
      <TestMethod codeBase="D:\actions-runner\_work\XPCO\XPCO\SC\Components\RemoteViewer\SmartClient\tst\zSmartClient_UnitTest\bin\x64\Debug\net472\zSmartClient_UnitTest.dll" adapterTypeName="executor://mstestadapter/v2" className="SmartClient_UnitTest.VideoOS.RemoteClient.Application.Data.Metadata.BoundingBoxes.BoundingBoxProviderTest" name="BoundingBoxLiveStartNoPlaybackHandler" />
    </UnitTest>
    <UnitTest name="JPEGDataDto_ShouldYieldSameValues_WhenRoundTripConverted" storage="d:\actions-runner\_work\xpco\xpco\sc\components\remoteviewer\smartclient\tst\zsmartclient_unittest\bin\x64\debug\net472\zsmartclient_unittest.dll" id="b3439aa9-ae3f-b685-1de2-36964f947d35">
      <TestCategory>
        <TestCategoryItem TestCategory="RecorderProxyToDtoMapping" />
      </TestCategory>
      <Execution id="de71b53b-988e-43a6-bc95-e83654b80013" />
      <TestMethod codeBase="D:\actions-runner\_work\XPCO\XPCO\SC\Components\RemoteViewer\SmartClient\tst\zSmartClient_UnitTest\bin\x64\Debug\net472\zSmartClient_UnitTest.dll" adapterTypeName="executor://mstestadapter/v2" className="VideoOS.Shared.ServerAPI.SOAP.RecorderClientMappingTests" name="JPEGDataDto_ShouldYieldSameValues_WhenRoundTripConverted" />
    </UnitTest>
    <UnitTest name="RemoveItems_SingleMapItem_OneClusterChange" storage="d:\actions-runner\_work\xpco\xpco\sc\components\remoteviewer\smartclient\tst\zsmartclient_unittest\bin\x64\debug\net472\zsmartclient_unittest.dll" id="ea3dc3ca-b9db-c951-f087-38b03fc1d7df">
      <TestCategory>
        <TestCategoryItem TestCategory="GisMapIndex" />
      </TestCategory>
      <Execution id="72721668-1383-43dd-838d-c4a5930ee8b0" />
      <TestMethod codeBase="D:\actions-runner\_work\XPCO\XPCO\SC\Components\RemoteViewer\SmartClient\tst\zSmartClient_UnitTest\bin\x64\Debug\net472\zSmartClient_UnitTest.dll" adapterTypeName="executor://mstestadapter/v2" className="SmartClient_UnitTest.VideoOS.RemoteClient.GisMapData.Common.Indexer.MapItemIndexerTests" name="RemoveItems_SingleMapItem_OneClusterChange" />
    </UnitTest>
    <UnitTest name="GetSnapshots_UnknownErrorWhileRetrievingImage_Failure" storage="d:\actions-runner\_work\xpco\xpco\sc\components\remoteviewer\smartclient\tst\zsmartclient_unittest\bin\x64\debug\net472\zsmartclient_unittest.dll" id="e0397ba9-9217-2c04-c95a-ff9b50a208f5">
      <TestCategory>
        <TestCategoryItem TestCategory="Search" />
      </TestCategory>
      <Execution id="c7b3f318-62e2-4cfc-94da-a39022222a25" />
      <TestMethod codeBase="D:\actions-runner\_work\XPCO\XPCO\SC\Components\RemoteViewer\SmartClient\tst\zSmartClient_UnitTest\bin\x64\Debug\net472\zSmartClient_UnitTest.dll" adapterTypeName="executor://mstestadapter/v2" className="SmartClient_UnitTest.VideoOS.RemoteClient.Plugin.CentralizedSearch.ViewModels.Data.SnapshotHandlerTests" name="GetSnapshots_UnknownErrorWhileRetrievingImage_Failure" />
    </UnitTest>
    <UnitTest name="PatrollingStepViewModel_WaitTime" storage="d:\actions-runner\_work\xpco\xpco\sc\components\remoteviewer\smartclient\tst\zsmartclient_unittest\bin\x64\debug\net472\zsmartclient_unittest.dll" id="f41a40ab-384f-e635-88d2-0deb0549b00c">
      <Execution id="ad168b91-5eff-439a-ba7e-8f16f9f538c3" />
      <TestMethod codeBase="D:\actions-runner\_work\XPCO\XPCO\SC\Components\RemoteViewer\SmartClient\tst\zSmartClient_UnitTest\bin\x64\Debug\net472\zSmartClient_UnitTest.dll" adapterTypeName="executor://mstestadapter/v2" className="SmartClient_UnitTest.VideoOS.RemoteClient.Application.UI.PtzPreset.PatrollingViewModel.PatrollingStepViewModelTest" name="PatrollingStepViewModel_WaitTime" />
    </UnitTest>
    <UnitTest name="PtzInfoViewModel_PtzReservedByCurrentUserTest" storage="d:\actions-runner\_work\xpco\xpco\sc\components\remoteviewer\smartclient\tst\zsmartclient_unittest\bin\x64\debug\net472\zsmartclient_unittest.dll" id="15256628-10ab-395d-cdc0-982196f2d384">
      <Execution id="2a607a6d-3338-4e24-81af-5c1282c606fd" />
      <TestMethod codeBase="D:\actions-runner\_work\XPCO\XPCO\SC\Components\RemoteViewer\SmartClient\tst\zSmartClient_UnitTest\bin\x64\Debug\net472\zSmartClient_UnitTest.dll" adapterTypeName="executor://mstestadapter/v2" className="SmartClient_UnitTest.VideoOS.RemoteClient.Plugin.Map.WPFObjects.PtzInfoViewModelUnitTest" name="PtzInfoViewModel_PtzReservedByCurrentUserTest" />
    </UnitTest>
    <UnitTest name="ConnectSlave_FailToConnectAndDoNotAllowgSecureConnection_ShouldThrowException" storage="d:\actions-runner\_work\xpco\xpco\sc\components\remoteviewer\smartclient\tst\zsmartclient_unittest\bin\x64\debug\net472\zsmartclient_unittest.dll" id="05aeaa8c-7d80-f9e7-54a6-810812bf76ac">
      <Execution id="5e39f6a6-e7ab-4585-b818-68bffe664bee" />
      <TestMethod codeBase="D:\actions-runner\_work\XPCO\XPCO\SC\Components\RemoteViewer\SmartClient\tst\zSmartClient_UnitTest\bin\x64\Debug\net472\zSmartClient_UnitTest.dll" adapterTypeName="executor://mstestadapter/v2" className="VideoOS.Shared.ServerAPI.VMOViewerClientFacade.UnitTest.VMOViewerClientFacadeTests" name="ConnectSlave_FailToConnectAndDoNotAllowgSecureConnection_ShouldThrowException" />
    </UnitTest>
    <UnitTest name="PointMapItem_Load_Microphone_Success" storage="d:\actions-runner\_work\xpco\xpco\sc\components\remoteviewer\smartclient\tst\zsmartclient_unittest\bin\x64\debug\net472\zsmartclient_unittest.dll" id="6cd2234b-585d-b823-54fb-25eb6199902f">
      <TestCategory>
        <TestCategoryItem TestCategory="GisMapData.MapItem.Microphones" />
      </TestCategory>
      <Execution id="c7733d69-89df-4656-879f-4569f543064b" />
      <TestMethod codeBase="D:\actions-runner\_work\XPCO\XPCO\SC\Components\RemoteViewer\SmartClient\tst\zSmartClient_UnitTest\bin\x64\Debug\net472\zSmartClient_UnitTest.dll" adapterTypeName="executor://mstestadapter/v2" className="SmartClient_UnitTest.VideoOS.RemoteClient.GisMapData.MapItem.Microphones.MicrophoneMapItemTests" name="PointMapItem_Load_Microphone_Success" />
    </UnitTest>
    <UnitTest name="IconTooltip_ShouldBeValid_WhenInteractionStateIsAddInput" storage="d:\actions-runner\_work\xpco\xpco\sc\components\remoteviewer\smartclient\tst\zsmartclient_unittest\bin\x64\debug\net472\zsmartclient_unittest.dll" id="d84399e7-2094-11f2-58a1-ad3cf8b39c94">
      <TestCategory>
        <TestCategoryItem TestCategory="GisMap.UI.DeviceSelectors.PanelComponents" />
      </TestCategory>
      <Execution id="ad94deb1-67ab-48c2-9f19-e155e01a6f19" />
      <TestMethod codeBase="D:\actions-runner\_work\XPCO\XPCO\SC\Components\RemoteViewer\SmartClient\tst\zSmartClient_UnitTest\bin\x64\Debug\net472\zSmartClient_UnitTest.dll" adapterTypeName="executor://mstestadapter/v2" className="SmartClient_UnitTest.VideoOS.RemoteClient.Plugin.GisMap.UI.DeviceSelectors.PanelComponents.DeviceSelectorPanelComponentTests" name="IconTooltip_ShouldBeValid_WhenInteractionStateIsAddInput" />
    </UnitTest>
    <UnitTest name="GetGuidProviderStrategyByEventServerId_ShouldRaiseArgumentOutOfRangeException_WhenEventServerIdsHasNotBeenInjectedAtTheConstructor" storage="d:\actions-runner\_work\xpco\xpco\sc\components\remoteviewer\smartclient\tst\zsmartclient_unittest\bin\x64\debug\net472\zsmartclient_unittest.dll" id="194c53c7-91a0-a39c-19f4-75d99e8bf5f1">
      <TestCategory>
        <TestCategoryItem TestCategory="AccessControl.Services" />
      </TestCategory>
      <Execution id="04f2e359-3277-41dc-8297-208b314a9fdf" />
      <TestMethod codeBase="D:\actions-runner\_work\XPCO\XPCO\SC\Components\RemoteViewer\SmartClient\tst\zSmartClient_UnitTest\bin\x64\Debug\net472\zSmartClient_UnitTest.dll" adapterTypeName="executor://mstestadapter/v2" className="SmartClient_UnitTest.VideoOS.RemoteClient.AccessControl.Services.AccessControlGuidProviderTests" name="GetGuidProviderStrategyByEventServerId_ShouldRaiseArgumentOutOfRangeException_WhenEventServerIdsHasNotBeenInjectedAtTheConstructor" />
    </UnitTest>
    <UnitTest name="DeleteDefaultLevel_Success" storage="d:\actions-runner\_work\xpco\xpco\sc\components\remoteviewer\smartclient\tst\zsmartclient_unittest\bin\x64\debug\net472\zsmartclient_unittest.dll" id="5ffa61d1-ba0a-5c24-5f29-257815c65d94">
      <TestCategory>
        <TestCategoryItem TestCategory="GisMapBuilding" />
      </TestCategory>
      <Execution id="674052c9-f1c6-48c7-9658-bc544a2cc9ca" />
      <TestMethod codeBase="D:\actions-runner\_work\XPCO\XPCO\SC\Components\RemoteViewer\SmartClient\tst\zSmartClient_UnitTest\bin\x64\Debug\net472\zSmartClient_UnitTest.dll" adapterTypeName="executor://mstestadapter/v2" className="SmartClient_UnitTest.VideoOS.RemoteClient.GisMap.MapBuildingTests" name="DeleteDefaultLevel_Success" />
    </UnitTest>
    <UnitTest name="ResolveGenericResultProperties_ShouldAppendNumberOnDuplicateTitles_WhenGivenCombinedSearchResultsWithDuplicateTitles" storage="d:\actions-runner\_work\xpco\xpco\sc\components\remoteviewer\smartclient\tst\zsmartclient_unittest\bin\x64\debug\net472\zsmartclient_unittest.dll" id="e6354ff1-9ff3-d19c-6313-930a0e558467">
      <TestCategory>
        <TestCategoryItem TestCategory="Search" />
      </TestCategory>
      <Execution id="036454a8-b3dc-43ea-9420-2150d3a72a87" />
      <TestMethod codeBase="D:\actions-runner\_work\XPCO\XPCO\SC\Components\RemoteViewer\SmartClient\tst\zSmartClient_UnitTest\bin\x64\Debug\net472\zSmartClient_UnitTest.dll" adapterTypeName="executor://mstestadapter/v2" className="SmartClient_UnitTest.VideoOS.RemoteClient.Plugin.CentralizedSearch.Utils.SearchResultDataWrapperExtensionsTests" name="ResolveGenericResultProperties_ShouldAppendNumberOnDuplicateTitles_WhenGivenCombinedSearchResultsWithDuplicateTitles" />
    </UnitTest>
    <UnitTest name="ValueWithFallbackConverterTests_Convert_FirstValueNull_SecondValueNull_Failure" storage="d:\actions-runner\_work\xpco\xpco\sc\components\remoteviewer\smartclient\tst\zsmartclient_unittest\bin\x64\debug\net472\zsmartclient_unittest.dll" id="a3a279c4-f3f7-95fe-94ce-1de6e3205e7e">
      <TestCategory>
        <TestCategoryItem TestCategory="SearchConverter" />
      </TestCategory>
      <Execution id="0b542508-d9ff-46eb-b0df-8471dc2105ac" />
      <TestMethod codeBase="D:\actions-runner\_work\XPCO\XPCO\SC\Components\RemoteViewer\SmartClient\tst\zSmartClient_UnitTest\bin\x64\Debug\net472\zSmartClient_UnitTest.dll" adapterTypeName="executor://mstestadapter/v2" className="SmartClient_UnitTest.VideoOS.RemoteClient.Plugin.CentralizedSearch.Views.Converters.ValueWithFallbackConverterTests" name="ValueWithFallbackConverterTests_Convert_FirstValueNull_SecondValueNull_Failure" />
    </UnitTest>
    <UnitTest name="AddToExportDevices_ShouldReturnCorrectResult (5,0,0)" storage="d:\actions-runner\_work\xpco\xpco\sc\components\remoteviewer\smartclient\tst\zsmartclient_unittest\bin\x64\debug\net472\zsmartclient_unittest.dll" id="e7d7638f-db70-d29e-fb1f-5160e555e3cc">
      <TestCategory>
        <TestCategoryItem TestCategory="Managers" />
      </TestCategory>
      <Execution id="546fa90f-1b4a-4371-a0ff-83353fc34c8e" />
      <TestMethod codeBase="D:\actions-runner\_work\XPCO\XPCO\SC\Components\RemoteViewer\SmartClient\tst\zSmartClient_UnitTest\bin\x64\Debug\net472\zSmartClient_UnitTest.dll" adapterTypeName="executor://mstestadapter/v2" className="SmartClient_UnitTest.VideoOS.RemoteClient.Application.Managers.ExportManagerTests" name="AddToExportDevices_ShouldReturnCorrectResult" />
    </UnitTest>
    <UnitTest name="PatrollingPresetViewModel_Constructor_ArgumentNull" storage="d:\actions-runner\_work\xpco\xpco\sc\components\remoteviewer\smartclient\tst\zsmartclient_unittest\bin\x64\debug\net472\zsmartclient_unittest.dll" id="84f87709-ca75-b015-fe61-63a08c2421fb">
      <Execution id="7484c7f1-0590-40fa-b012-fec61ca1cd76" />
      <TestMethod codeBase="D:\actions-runner\_work\XPCO\XPCO\SC\Components\RemoteViewer\SmartClient\tst\zSmartClient_UnitTest\bin\x64\Debug\net472\zSmartClient_UnitTest.dll" adapterTypeName="executor://mstestadapter/v2" className="SmartClient_UnitTest.VideoOS.RemoteClient.Application.UI.PtzPreset.PatrollingViewModel.PatrollingPresetViewModelTest" name="PatrollingPresetViewModel_Constructor_ArgumentNull" />
    </UnitTest>
    <UnitTest name="RightButtonDown_SingleClick_DoesNotZoom" storage="d:\actions-runner\_work\xpco\xpco\sc\components\remoteviewer\smartclient\tst\zsmartclient_unittest\bin\x64\debug\net472\zsmartclient_unittest.dll" id="c41fdcd8-e2bb-ccbb-e17c-f63252358ede">
      <TestCategory>
        <TestCategoryItem TestCategory="GisMap.MapControl" />
      </TestCategory>
      <Execution id="7bea565c-4c1a-44bb-a734-ae944d0ec827" />
      <TestMethod codeBase="D:\actions-runner\_work\XPCO\XPCO\SC\Components\RemoteViewer\SmartClient\tst\zSmartClient_UnitTest\bin\x64\Debug\net472\zSmartClient_UnitTest.dll" adapterTypeName="executor://mstestadapter/v2" className="SmartClient_UnitTest.VideoOS.RemoteClient.Plugin.GisMap.ThinkGeoMap.ThinkGeoMapControlTests" name="RightButtonDown_SingleClick_DoesNotZoom" />
    </UnitTest>
    <UnitTest name="SmartSearchStatusType_ShouldYieldSameValuesForAllEnumValues_WhenRoundTripConverted (SearchInProgress,SearchInProgress)" storage="d:\actions-runner\_work\xpco\xpco\sc\components\remoteviewer\smartclient\tst\zsmartclient_unittest\bin\x64\debug\net472\zsmartclient_unittest.dll" id="96e8936d-0390-58bc-a96b-c2ae29467c1e">
      <TestCategory>
        <TestCategoryItem TestCategory="RecorderProxyToDtoMapping" />
      </TestCategory>
      <Execution id="d6a510b6-f58d-49f1-8b2e-6151aff2bce6" />
      <TestMethod codeBase="D:\actions-runner\_work\XPCO\XPCO\SC\Components\RemoteViewer\SmartClient\tst\zSmartClient_UnitTest\bin\x64\Debug\net472\zSmartClient_UnitTest.dll" adapterTypeName="executor://mstestadapter/v2" className="VideoOS.Shared.ServerAPI.SOAP.RecorderClientMappingTests" name="SmartSearchStatusType_ShouldYieldSameValuesForAllEnumValues_WhenRoundTripConverted" />
    </UnitTest>
    <UnitTest name="FromByteArray_Success" storage="d:\actions-runner\_work\xpco\xpco\sc\components\remoteviewer\smartclient\tst\zsmartclient_unittest\bin\x64\debug\net472\zsmartclient_unittest.dll" id="d974494d-63ae-7806-8273-c958d7210490">
      <Execution id="2d7ac572-58c8-4afa-b042-9f9fdb1b314e" />
      <TestMethod codeBase="D:\actions-runner\_work\XPCO\XPCO\SC\Components\RemoteViewer\SmartClient\tst\zSmartClient_UnitTest\bin\x64\Debug\net472\zSmartClient_UnitTest.dll" adapterTypeName="executor://mstestadapter/v2" className="SmartClient_UnitTest.VideoOS.RemoteClient.Application.Data.ContentTypes.ImageContentType.ImageUtilsTests" name="FromByteArray_Success" />
    </UnitTest>
    <UnitTest name="GetServers_ShouldReturnCorrectServerByTypesTest" storage="d:\actions-runner\_work\xpco\xpco\sc\components\remoteviewer\smartclient\tst\zsmartclient_unittest\bin\x64\debug\net472\zsmartclient_unittest.dll" id="86edbbe8-5149-0aa3-dcd3-1e89f5303917">
      <Execution id="0c5d8239-50f4-47a2-8ff3-d84e8f5354a2" />
      <TestMethod codeBase="D:\actions-runner\_work\XPCO\XPCO\SC\Components\RemoteViewer\SmartClient\tst\zSmartClient_UnitTest\bin\x64\Debug\net472\zSmartClient_UnitTest.dll" adapterTypeName="executor://mstestadapter/v2" className="SmartClient_UnitTest.VideoOS.RemoteClient.Application.Data.ContentTypes.ReportingContentType.DashboardDetailsProviderTest" name="GetServers_ShouldReturnCorrectServerByTypesTest" />
    </UnitTest>
    <UnitTest name="FilteredItems_FilterApplied_SubsetOfItemsVisible" storage="d:\actions-runner\_work\xpco\xpco\sc\components\remoteviewer\smartclient\tst\zsmartclient_unittest\bin\x64\debug\net472\zsmartclient_unittest.dll" id="ac3585d4-59ce-87ee-5312-f23049732097">
      <TestCategory>
        <TestCategoryItem TestCategory="Search" />
      </TestCategory>
      <Execution id="c4ea0017-4746-4e95-a7a3-802f46ce7dec" />
      <TestMethod codeBase="D:\actions-runner\_work\XPCO\XPCO\SC\Components\RemoteViewer\SmartClient\tst\zSmartClient_UnitTest\bin\x64\Debug\net472\zSmartClient_UnitTest.dll" adapterTypeName="executor://mstestadapter/v2" className="SmartClient_UnitTest.VideoOS.RemoteClient.Plugin.CentralizedSearch.MIPPlugin.Criteria.MultipleSelectionAttributeEditControlTest" name="FilteredItems_FilterApplied_SubsetOfItemsVisible" />
    </UnitTest>
    <UnitTest name="Execute_RemoveCommand_DialogResultReturnsTrue" storage="d:\actions-runner\_work\xpco\xpco\sc\components\remoteviewer\smartclient\tst\zsmartclient_unittest\bin\x64\debug\net472\zsmartclient_unittest.dll" id="12e3f3e5-87cc-94c2-7b91-aad929301ec9">
      <Execution id="817b8bd0-6db4-47eb-b29a-9e953e4ed23c" />
      <TestMethod codeBase="D:\actions-runner\_work\XPCO\XPCO\SC\Components\RemoteViewer\SmartClient\tst\zSmartClient_UnitTest\bin\x64\Debug\net472\zSmartClient_UnitTest.dll" adapterTypeName="executor://mstestadapter/v2" className="SmartClient_UnitTest.VideoOS.RemoteClient.Application.UI.Common.MessageBoxWithList.MessageBoxWithListViewModelTests" name="Execute_RemoveCommand_DialogResultReturnsTrue" />
    </UnitTest>
    <UnitTest name="TestUpdateState_NotIsLiveOrPlayback" storage="d:\actions-runner\_work\xpco\xpco\sc\components\remoteviewer\smartclient\tst\zsmartclient_unittest\bin\x64\debug\net472\zsmartclient_unittest.dll" id="84f93f59-fd44-afa7-32df-18fcfc62c68f">
      <TestCategory>
        <TestCategoryItem TestCategory="WorkspaceToolbar" />
      </TestCategory>
      <Execution id="15de4893-aadb-460c-9577-3ded4007b46b" />
      <TestMethod codeBase="D:\actions-runner\_work\XPCO\XPCO\SC\Components\RemoteViewer\SmartClient\tst\zSmartClient_UnitTest\bin\x64\Debug\net472\zSmartClient_UnitTest.dll" adapterTypeName="executor://mstestadapter/v2" className="SmartClient_UnitTest.VideoOS.RemoteClient.Application.Data.WorkspaceToolbar.WorkspaceToolbarItemSmartSearchTests" name="TestUpdateState_NotIsLiveOrPlayback" />
    </UnitTest>
    <UnitTest name="Init_NullStateAndManagerReturnsNullState_InitialStateCreatedFromScratch" storage="d:\actions-runner\_work\xpco\xpco\sc\components\remoteviewer\smartclient\tst\zsmartclient_unittest\bin\x64\debug\net472\zsmartclient_unittest.dll" id="2c3cc6dd-0ecc-2298-ce4a-d064661bf1a0">
      <TestCategory>
        <TestCategoryItem TestCategory="Search" />
      </TestCategory>
      <Execution id="74529fc8-9296-48ca-a6a3-acc733c33330" />
      <TestMethod codeBase="D:\actions-runner\_work\XPCO\XPCO\SC\Components\RemoteViewer\SmartClient\tst\zSmartClient_UnitTest\bin\x64\Debug\net472\zSmartClient_UnitTest.dll" adapterTypeName="executor://mstestadapter/v2" className="SmartClient_UnitTest.VideoOS.RemoteClient.Plugin.CentralizedSearch.CentralizedSearchContentHolderTests" name="Init_NullStateAndManagerReturnsNullState_InitialStateCreatedFromScratch" />
    </UnitTest>
    <UnitTest name="Close_ViewIsDisposed" storage="d:\actions-runner\_work\xpco\xpco\sc\components\remoteviewer\smartclient\tst\zsmartclient_unittest\bin\x64\debug\net472\zsmartclient_unittest.dll" id="35fc3a4c-edd3-265e-4852-719b6a1e2df7">
      <TestCategory>
        <TestCategoryItem TestCategory="Export" />
      </TestCategory>
      <Execution id="cacdde6b-f2d5-48ab-8288-0db903d83a61" />
      <TestMethod codeBase="D:\actions-runner\_work\XPCO\XPCO\SC\Components\RemoteViewer\SmartClient\tst\zSmartClient_UnitTest\bin\x64\Debug\net472\zSmartClient_UnitTest.dll" adapterTypeName="executor://mstestadapter/v2" className="SmartClient_UnitTest.VideoOS.RemoteClient.Plugin.Export.ExportContentHolderTests" name="Close_ViewIsDisposed" />
    </UnitTest>
    <UnitTest name="Connect_WhenUriIsNull_ShouldThrowException" storage="d:\actions-runner\_work\xpco\xpco\sc\components\remoteviewer\smartclient\tst\zsmartclient_unittest\bin\x64\debug\net472\zsmartclient_unittest.dll" id="84735ce6-0802-6c3e-660b-0ce9dcdbafe2">
      <Execution id="637c7afb-32e8-43f6-9db9-eeaed37112ec" />
      <TestMethod codeBase="D:\actions-runner\_work\XPCO\XPCO\SC\Components\RemoteViewer\SmartClient\tst\zSmartClient_UnitTest\bin\x64\Debug\net472\zSmartClient_UnitTest.dll" adapterTypeName="executor://mstestadapter/v2" className="VideoOS.Shared.ServerAPI.ServiceChannel.UnitTest.ServiceChannelCommandServiceTests" name="Connect_WhenUriIsNull_ShouldThrowException" />
    </UnitTest>
    <UnitTest name="TestConstructor_LongLat_Success" storage="d:\actions-runner\_work\xpco\xpco\sc\components\remoteviewer\smartclient\tst\zsmartclient_unittest\bin\x64\debug\net472\zsmartclient_unittest.dll" id="3f8e6f27-c942-75f1-d43c-4f4dbc2ed891">
      <Execution id="6f69d795-80c9-43a6-ba66-4d25b12fac6e" />
      <TestMethod codeBase="D:\actions-runner\_work\XPCO\XPCO\SC\Components\RemoteViewer\SmartClient\tst\zSmartClient_UnitTest\bin\x64\Debug\net472\zSmartClient_UnitTest.dll" adapterTypeName="executor://mstestadapter/v2" className="SmartClient_UnitTest.VideoOS.RemoteClient.GisMap.Common.MapPoint2DTest" name="TestConstructor_LongLat_Success" />
    </UnitTest>
    <UnitTest name="Compare_SameTriggerTimeDeterministicBehavior_Id_Success" storage="d:\actions-runner\_work\xpco\xpco\sc\components\remoteviewer\smartclient\tst\zsmartclient_unittest\bin\x64\debug\net472\zsmartclient_unittest.dll" id="f5d9ddfe-7809-e6c0-f589-d7f4a1e2a8af">
      <TestCategory>
        <TestCategoryItem TestCategory="SearchComparers" />
      </TestCategory>
      <Execution id="e673de8f-1825-4a1c-ba6d-b21350eac272" />
      <TestMethod codeBase="D:\actions-runner\_work\XPCO\XPCO\SC\Components\RemoteViewer\SmartClient\tst\zSmartClient_UnitTest\bin\x64\Debug\net472\zSmartClient_UnitTest.dll" adapterTypeName="executor://mstestadapter/v2" className="SmartClient_UnitTest.VideoOS.RemoteClient.Plugin.CentralizedSearch.Models.Wrappers.Comparers.TriggerTimeComparerTests" name="Compare_SameTriggerTimeDeterministicBehavior_Id_Success" />
    </UnitTest>
    <UnitTest name="FocusedSearchResultChanged_MapControlDisposed_CallIgnored" storage="d:\actions-runner\_work\xpco\xpco\sc\components\remoteviewer\smartclient\tst\zsmartclient_unittest\bin\x64\debug\net472\zsmartclient_unittest.dll" id="135e5704-6a7d-41be-b6f0-09a10aa88b3e">
      <TestCategory>
        <TestCategoryItem TestCategory="Search.SmartMapPreview" />
      </TestCategory>
      <Execution id="2f322dd7-8206-409b-a6ba-2e8920541fcd" />
      <TestMethod codeBase="D:\actions-runner\_work\XPCO\XPCO\SC\Components\RemoteViewer\SmartClient\tst\zSmartClient_UnitTest\bin\x64\Debug\net472\zSmartClient_UnitTest.dll" adapterTypeName="executor://mstestadapter/v2" className="SmartClient_UnitTest.VideoOS.RemoteClient.Plugin.CentralizedSearch.Views.Controls.SmartMap.SmartMapPreviewTests" name="FocusedSearchResultChanged_MapControlDisposed_CallIgnored" />
    </UnitTest>
    <UnitTest name="SupportsDoubleClick_ShouldBeTrue_WhenInteractionStateIsNewDevice" storage="d:\actions-runner\_work\xpco\xpco\sc\components\remoteviewer\smartclient\tst\zsmartclient_unittest\bin\x64\debug\net472\zsmartclient_unittest.dll" id="5a499a63-0d2f-5e8b-f84d-d4c0ec13dea2">
      <TestCategory>
        <TestCategoryItem TestCategory="GisMap.InputMarkerTest" />
      </TestCategory>
      <Execution id="db0d46ef-6343-402b-966b-8a727b7c1ccd" />
      <TestMethod codeBase="D:\actions-runner\_work\XPCO\XPCO\SC\Components\RemoteViewer\SmartClient\tst\zSmartClient_UnitTest\bin\x64\Debug\net472\zSmartClient_UnitTest.dll" adapterTypeName="executor://mstestadapter/v2" className="SmartClient_UnitTest.VideoOS.RemoteClient.Plugin.GisMap.ThinkGeoMap.Markers.DeviceMarkers.InputMarker.InputMarkerTests" name="SupportsDoubleClick_ShouldBeTrue_WhenInteractionStateIsNewDevice" />
    </UnitTest>
    <UnitTest name="Execute_CancelCommand_DialogResultReturnsFalse" storage="d:\actions-runner\_work\xpco\xpco\sc\components\remoteviewer\smartclient\tst\zsmartclient_unittest\bin\x64\debug\net472\zsmartclient_unittest.dll" id="2690c66e-1a17-c167-c5a2-9a34963b7540">
      <Execution id="ea8f7355-4e86-49c2-be5c-0efd863c2a15" />
      <TestMethod codeBase="D:\actions-runner\_work\XPCO\XPCO\SC\Components\RemoteViewer\SmartClient\tst\zSmartClient_UnitTest\bin\x64\Debug\net472\zSmartClient_UnitTest.dll" adapterTypeName="executor://mstestadapter/v2" className="SmartClient_UnitTest.VideoOS.RemoteClient.Application.UI.Common.MessageBoxWithList.MessageBoxWithListViewModelTests" name="Execute_CancelCommand_DialogResultReturnsFalse" />
    </UnitTest>
    <UnitTest name="SelectTemplate_UseInDialogEdit_ReturnsInDialogTemplate" storage="d:\actions-runner\_work\xpco\xpco\sc\components\remoteviewer\smartclient\tst\zsmartclient_unittest\bin\x64\debug\net472\zsmartclient_unittest.dll" id="bddb2a40-1daa-d4bf-c455-d8a073e5d8cf">
      <TestCategory>
        <TestCategoryItem TestCategory="SearchViews" />
      </TestCategory>
      <Execution id="d4a45463-c785-45fd-bb20-be4910fad1ea" />
      <TestMethod codeBase="D:\actions-runner\_work\XPCO\XPCO\SC\Components\RemoteViewer\SmartClient\tst\zSmartClient_UnitTest\bin\x64\Debug\net472\zSmartClient_UnitTest.dll" adapterTypeName="executor://mstestadapter/v2" className="SmartClient_UnitTest.VideoOS.RemoteClient.Plugin.CentralizedSearch.Views.AttributeEditControlTemplateSelectorTests" name="SelectTemplate_UseInDialogEdit_ReturnsInDialogTemplate" />
    </UnitTest>
    <UnitTest name="CreateReportAsync_ShouldNotHang_WhenReportNameIsTooLong" storage="d:\actions-runner\_work\xpco\xpco\sc\components\remoteviewer\smartclient\tst\zsmartclient_unittest\bin\x64\debug\net472\zsmartclient_unittest.dll" id="e46a3755-9d5c-ba11-e43a-121111b751e2">
      <TestCategory>
        <TestCategoryItem TestCategory="Search" />
      </TestCategory>
      <Execution id="7301a943-853d-4730-ad87-fe7038bd5b15" />
      <TestMethod codeBase="D:\actions-runner\_work\XPCO\XPCO\SC\Components\RemoteViewer\SmartClient\tst\zSmartClient_UnitTest\bin\x64\Debug\net472\zSmartClient_UnitTest.dll" adapterTypeName="executor://mstestadapter/v2" className="SmartClient_UnitTest.VideoOS.RemoteClient.Plugin.CentralizedSearch.ViewModels.Utility.SearchReportPrintFactoryTests" name="CreateReportAsync_ShouldNotHang_WhenReportNameIsTooLong" />
    </UnitTest>
    <UnitTest name="Ctor_NullArgs_ArgNullException" storage="d:\actions-runner\_work\xpco\xpco\sc\components\remoteviewer\smartclient\tst\zsmartclient_unittest\bin\x64\debug\net472\zsmartclient_unittest.dll" id="03a16989-cfc5-ab34-8c7c-ef90806b02a7">
      <TestCategory>
        <TestCategoryItem TestCategory="Search.Bookmarks" />
      </TestCategory>
      <Execution id="cbde11aa-b920-460b-b21a-ba6a77123b19" />
      <TestMethod codeBase="D:\actions-runner\_work\XPCO\XPCO\SC\Components\RemoteViewer\SmartClient\tst\zSmartClient_UnitTest\bin\x64\Debug\net472\zSmartClient_UnitTest.dll" adapterTypeName="executor://mstestadapter/v2" className="SmartClient_UnitTest.VideoOS.RemoteClient.Plugin.CentralizedSearch.ViewModels.DeleteBookmarkHandlerTests" name="Ctor_NullArgs_ArgNullException" />
    </UnitTest>
    <UnitTest name="GetMapLayerArguments_ShouldReturnIGisMapModelAndAlarmsObservables_WhenCalled" storage="d:\actions-runner\_work\xpco\xpco\sc\components\remoteviewer\smartclient\tst\zsmartclient_unittest\bin\x64\debug\net472\zsmartclient_unittest.dll" id="fbe353e8-c445-3d4e-0596-dbc13a8e8e1e">
      <Execution id="3afb24e2-04d7-40ac-b98f-33a5a19909ee" />
      <TestMethod codeBase="D:\actions-runner\_work\XPCO\XPCO\SC\Components\RemoteViewer\SmartClient\tst\zSmartClient_UnitTest\bin\x64\Debug\net472\zSmartClient_UnitTest.dll" adapterTypeName="executor://mstestadapter/v2" className="SmartClient_UnitTest.VideoOS.RemoteClient.GisMapData.Strategies.MapLayers.CameraMapLayerDatagramClassFactoryStrategyTests" name="GetMapLayerArguments_ShouldReturnIGisMapModelAndAlarmsObservables_WhenCalled" />
    </UnitTest>
    <UnitTest name="ResolveSearchDefinitions_ShouldReturnResultSearchDefinition_WhenSingleSearchResultAndSearchDefinitionsNotContainingCorrectSearchDefinitionsAreGiven" storage="d:\actions-runner\_work\xpco\xpco\sc\components\remoteviewer\smartclient\tst\zsmartclient_unittest\bin\x64\debug\net472\zsmartclient_unittest.dll" id="e36cf31f-4200-8205-4a12-8df912fdbdf1">
      <TestCategory>
        <TestCategoryItem TestCategory="Search" />
      </TestCategory>
      <Execution id="92120143-3d91-46cc-93bb-00010ac24a83" />
      <TestMethod codeBase="D:\actions-runner\_work\XPCO\XPCO\SC\Components\RemoteViewer\SmartClient\tst\zSmartClient_UnitTest\bin\x64\Debug\net472\zSmartClient_UnitTest.dll" adapterTypeName="executor://mstestadapter/v2" className="SmartClient_UnitTest.VideoOS.RemoteClient.Plugin.CentralizedSearch.Utils.SearchResultDataWrapperExtensionsTests" name="ResolveSearchDefinitions_ShouldReturnResultSearchDefinition_WhenSingleSearchResultAndSearchDefinitionsNotContainingCorrectSearchDefinitionsAreGiven" />
    </UnitTest>
    <UnitTest name="Serialize_ScopeDurationOnly_Success" storage="d:\actions-runner\_work\xpco\xpco\sc\components\remoteviewer\smartclient\tst\zsmartclient_unittest\bin\x64\debug\net472\zsmartclient_unittest.dll" id="4a1a2788-2d06-5b60-601c-3b966d1658c3">
      <TestCategory>
        <TestCategoryItem TestCategory="SearchSerialization" />
      </TestCategory>
      <Execution id="941cd402-0bcc-4298-ae94-8f97519aa2c0" />
      <TestMethod codeBase="D:\actions-runner\_work\XPCO\XPCO\SC\Components\RemoteViewer\SmartClient\tst\zSmartClient_UnitTest\bin\x64\Debug\net472\zSmartClient_UnitTest.dll" adapterTypeName="executor://mstestadapter/v2" className="SmartClient_UnitTest.VideoOS.RemoteClient.Plugin.CentralizedSearch.Models.Serialization.SearchSerializerTests" name="Serialize_ScopeDurationOnly_Success" />
    </UnitTest>
    <UnitTest name="PtzSessionControllerInfo_ReservedChangedTest_Argument_Null_2" storage="d:\actions-runner\_work\xpco\xpco\sc\components\remoteviewer\smartclient\tst\zsmartclient_unittest\bin\x64\debug\net472\zsmartclient_unittest.dll" id="c2089cd7-1abb-31da-c4ba-3d9555a4f6a0">
      <Execution id="4a1bc3ff-7474-4ac4-92cb-5e15cb474d8f" />
      <TestMethod codeBase="D:\actions-runner\_work\XPCO\XPCO\SC\Components\RemoteViewer\SmartClient\tst\zSmartClient_UnitTest\bin\x64\Debug\net472\zSmartClient_UnitTest.dll" adapterTypeName="executor://mstestadapter/v2" className="VideoOS.RemoteClient.Application.Controllers.UnitTest.PtzSessionControllerTest" name="PtzSessionControllerInfo_ReservedChangedTest_Argument_Null_2" />
    </UnitTest>
    <UnitTest name="FindSearchTemplatesAsync_Succeeds_Success" storage="d:\actions-runner\_work\xpco\xpco\sc\components\remoteviewer\smartclient\tst\zsmartclient_unittest\bin\x64\debug\net472\zsmartclient_unittest.dll" id="96dce277-8e08-3c8a-12f9-10c2b51249cb">
      <TestCategory>
        <TestCategoryItem TestCategory="SearchTemplates" />
      </TestCategory>
      <Execution id="2154efc7-61fb-4da7-a5c7-8559df298f75" />
      <TestMethod codeBase="D:\actions-runner\_work\XPCO\XPCO\SC\Components\RemoteViewer\SmartClient\tst\zSmartClient_UnitTest\bin\x64\Debug\net472\zSmartClient_UnitTest.dll" adapterTypeName="executor://mstestadapter/v2" className="SmartClient_UnitTest.VideoOS.RemoteClient.Plugin.CentralizedSearch.SearchTemplates.SearchTemplateManagerTests" name="FindSearchTemplatesAsync_Succeeds_Success" />
    </UnitTest>
    <UnitTest name="FindSearchTemplatesAsync_ThrowPathNotFoundMIPException_Success" storage="d:\actions-runner\_work\xpco\xpco\sc\components\remoteviewer\smartclient\tst\zsmartclient_unittest\bin\x64\debug\net472\zsmartclient_unittest.dll" id="e5e298fb-304c-1a45-0e4a-b64258842db0">
      <TestCategory>
        <TestCategoryItem TestCategory="SearchTemplatesService" />
      </TestCategory>
      <Execution id="e35b5ca7-a368-47cf-8d47-7e90aa5959d0" />
      <TestMethod codeBase="D:\actions-runner\_work\XPCO\XPCO\SC\Components\RemoteViewer\SmartClient\tst\zSmartClient_UnitTest\bin\x64\Debug\net472\zSmartClient_UnitTest.dll" adapterTypeName="executor://mstestadapter/v2" className="SmartClient_UnitTest.VideoOS.RemoteClient.Plugin.CentralizedSearch.SearchTemplates.Service.SearchTemplateServiceTests" name="FindSearchTemplatesAsync_ThrowPathNotFoundMIPException_Success" />
    </UnitTest>
    <UnitTest name="GeNumberOfMonitors_ShouldReturnValidValue" storage="d:\actions-runner\_work\xpco\xpco\sc\components\remoteviewer\smartclient\tst\zsmartclient_unittest\bin\x64\debug\net472\zsmartclient_unittest.dll" id="a6aa36e2-697d-2507-2a34-be6ba6cdbea9">
      <Execution id="2e021f06-5886-4afe-bb30-03e227a62239" />
      <TestMethod codeBase="D:\actions-runner\_work\XPCO\XPCO\SC\Components\RemoteViewer\SmartClient\tst\zSmartClient_UnitTest\bin\x64\Debug\net472\zSmartClient_UnitTest.dll" adapterTypeName="executor://mstestadapter/v2" className="SmartClient_UnitTest.VideoOS.RemoteClient.Application.Common.Telemetry.SCTelemetrySpecificsTests" name="GeNumberOfMonitors_ShouldReturnValidValue" />
    </UnitTest>
    <UnitTest name="PatrollingProfileViewModelTest_patrollingStepListViewModel_PropertyChanged" storage="d:\actions-runner\_work\xpco\xpco\sc\components\remoteviewer\smartclient\tst\zsmartclient_unittest\bin\x64\debug\net472\zsmartclient_unittest.dll" id="30f4ca0f-0cfa-0e61-edff-19f1044181dc">
      <Execution id="222f0184-d7af-41bd-a5ad-14d84d626d06" />
      <TestMethod codeBase="D:\actions-runner\_work\XPCO\XPCO\SC\Components\RemoteViewer\SmartClient\tst\zSmartClient_UnitTest\bin\x64\Debug\net472\zSmartClient_UnitTest.dll" adapterTypeName="executor://mstestadapter/v2" className="SmartClient_UnitTest.VideoOS.RemoteClient.Application.UI.PtzPreset.PatrollingViewModel.PatrollingProfileViewModelTest" name="PatrollingProfileViewModelTest_patrollingStepListViewModel_PropertyChanged" />
    </UnitTest>
    <UnitTest name="Deserialize_ShouldReturnCombineTypeOr_WhenCombineTypeIsNotPresentInXml" storage="d:\actions-runner\_work\xpco\xpco\sc\components\remoteviewer\smartclient\tst\zsmartclient_unittest\bin\x64\debug\net472\zsmartclient_unittest.dll" id="3284ea6f-a6ad-01dc-f291-bda78cd8c320">
      <TestCategory>
        <TestCategoryItem TestCategory="SearchModels" />
      </TestCategory>
      <Execution id="e6f1ed31-e8e2-4bad-b7a3-fc80688678ab" />
      <TestMethod codeBase="D:\actions-runner\_work\XPCO\XPCO\SC\Components\RemoteViewer\SmartClient\tst\zSmartClient_UnitTest\bin\x64\Debug\net472\zSmartClient_UnitTest.dll" adapterTypeName="executor://mstestadapter/v2" className="SmartClient_UnitTest.VideoOS.RemoteClient.Plugin.CentralizedSearch.Models.SearchModelTests" name="Deserialize_ShouldReturnCombineTypeOr_WhenCombineTypeIsNotPresentInXml" />
    </UnitTest>
    <UnitTest name="SearchAction_BrowseMode_OneYearInThePast" storage="d:\actions-runner\_work\xpco\xpco\sc\components\remoteviewer\smartclient\tst\zsmartclient_unittest\bin\x64\debug\net472\zsmartclient_unittest.dll" id="642e6019-2faa-a30d-dbaf-ea59f97e9c72">
      <TestCategory>
        <TestCategoryItem TestCategory="WorkspaceToolbar" />
      </TestCategory>
      <Execution id="e4fe6640-e023-4a4b-acd2-7718d47d2c54" />
      <TestMethod codeBase="D:\actions-runner\_work\XPCO\XPCO\SC\Components\RemoteViewer\SmartClient\tst\zSmartClient_UnitTest\bin\x64\Debug\net472\zSmartClient_UnitTest.dll" adapterTypeName="executor://mstestadapter/v2" className="SmartClient_UnitTest.VideoOS.RemoteClient.Application.Data.WorkspaceToolbar.WorkspaceToolbarItemSmartSearchTests" name="SearchAction_BrowseMode_OneYearInThePast" />
    </UnitTest>
    <UnitTest name="DrawProperty_ShouldNotCrash_WhenDrawingManyProperties" storage="d:\actions-runner\_work\xpco\xpco\sc\components\remoteviewer\smartclient\tst\zsmartclient_unittest\bin\x64\debug\net472\zsmartclient_unittest.dll" id="cf8b2ce3-17c9-1838-bf3d-cd93b522ea5f">
      <TestCategory>
        <TestCategoryItem TestCategory="Search" />
      </TestCategory>
      <Execution id="50ab4ee9-6aa7-46ba-b102-07602a8b88ec" />
      <TestMethod codeBase="D:\actions-runner\_work\XPCO\XPCO\SC\Components\RemoteViewer\SmartClient\tst\zSmartClient_UnitTest\bin\x64\Debug\net472\zSmartClient_UnitTest.dll" adapterTypeName="executor://mstestadapter/v2" className="SmartClient_UnitTest.VideoOS.RemoteClient.Plugin.CentralizedSearch.ViewModels.Utility.SearchReportPrintFactoryTests" name="DrawProperty_ShouldNotCrash_WhenDrawingManyProperties" />
    </UnitTest>
    <UnitTest name="Compare_ShouldPrioritizeCombinedResultsWithMostTriggerTimesInTimespan_WhenNotAllTriggerTimesAreCounted" storage="d:\actions-runner\_work\xpco\xpco\sc\components\remoteviewer\smartclient\tst\zsmartclient_unittest\bin\x64\debug\net472\zsmartclient_unittest.dll" id="dbbcef65-1aa6-a5c1-32ef-04150022dcf1">
      <TestCategory>
        <TestCategoryItem TestCategory="SearchComparers" />
      </TestCategory>
      <Execution id="140d4347-60f3-419d-b687-05a2247a6876" />
      <TestMethod codeBase="D:\actions-runner\_work\XPCO\XPCO\SC\Components\RemoteViewer\SmartClient\tst\zSmartClient_UnitTest\bin\x64\Debug\net472\zSmartClient_UnitTest.dll" adapterTypeName="executor://mstestadapter/v2" className="SmartClient_UnitTest.VideoOS.RemoteClient.Plugin.CentralizedSearch.Models.Wrappers.Comparers.RelevanceComparerTests" name="Compare_ShouldPrioritizeCombinedResultsWithMostTriggerTimesInTimespan_WhenNotAllTriggerTimesAreCounted" />
    </UnitTest>
    <UnitTest name="SearchModelOnSearchResultsReady_OnUiThread_Success" storage="d:\actions-runner\_work\xpco\xpco\sc\components\remoteviewer\smartclient\tst\zsmartclient_unittest\bin\x64\debug\net472\zsmartclient_unittest.dll" id="91f26bca-4ab5-824b-aa90-84778c7aa540">
      <TestCategory>
        <TestCategoryItem TestCategory="SearchViewModels" />
      </TestCategory>
      <Execution id="ed2848d7-8c03-45b5-af01-492b355f3fa6" />
      <TestMethod codeBase="D:\actions-runner\_work\XPCO\XPCO\SC\Components\RemoteViewer\SmartClient\tst\zSmartClient_UnitTest\bin\x64\Debug\net472\zSmartClient_UnitTest.dll" adapterTypeName="executor://mstestadapter/v2" className="SmartClient_UnitTest.VideoOS.RemoteClient.Plugin.CentralizedSearch.ViewModels.SearchViewModelTests" name="SearchModelOnSearchResultsReady_OnUiThread_Success" />
    </UnitTest>
    <UnitTest name="TestCreateMipTabWorkroom_Single_Success" storage="d:\actions-runner\_work\xpco\xpco\sc\components\remoteviewer\smartclient\tst\zsmartclient_unittest\bin\x64\debug\net472\zsmartclient_unittest.dll" id="77b1b206-b293-8add-d0dd-e8f3149cd45e">
      <TestCategory>
        <TestCategoryItem TestCategory="WorkroomController" />
      </TestCategory>
      <Execution id="8c36a20f-1e5f-45b7-83c2-43a61a28b051" />
      <TestMethod codeBase="D:\actions-runner\_work\XPCO\XPCO\SC\Components\RemoteViewer\SmartClient\tst\zSmartClient_UnitTest\bin\x64\Debug\net472\zSmartClient_UnitTest.dll" adapterTypeName="executor://mstestadapter/v2" className="VideoOS.RemoteClient.Application.Controllers.WorkroomController.UnitTest.TabWorkroomControllerTest" name="TestCreateMipTabWorkroom_Single_Success" />
    </UnitTest>
    <UnitTest name="ConvertBack_ShouldRaiseInvalidCastException_WhenValueIsTrueAndParameterIsNotAnInteractionState" storage="d:\actions-runner\_work\xpco\xpco\sc\components\remoteviewer\smartclient\tst\zsmartclient_unittest\bin\x64\debug\net472\zsmartclient_unittest.dll" id="5da91449-988e-883d-873e-5998d198d64c">
      <TestCategory>
        <TestCategoryItem TestCategory="GisMap.InteractionStateConverter" />
      </TestCategory>
      <Execution id="ce933a2f-f78b-4132-af70-128376cce3e9" />
      <TestMethod codeBase="D:\actions-runner\_work\XPCO\XPCO\SC\Components\RemoteViewer\SmartClient\tst\zSmartClient_UnitTest\bin\x64\Debug\net472\zSmartClient_UnitTest.dll" adapterTypeName="executor://mstestadapter/v2" className="SmartClient_UnitTest.VideoOS.RemoteClient.Plugin.GisMap.View.InteractionStateConverterTests" name="ConvertBack_ShouldRaiseInvalidCastException_WhenValueIsTrueAndParameterIsNotAnInteractionState" />
    </UnitTest>
    <UnitTest name="FilterValueHasRegionSelectionForCamera_ShouldReturnFalse_WhenFilterValueDoesNotHaveRegionSelectionForCamera" storage="d:\actions-runner\_work\xpco\xpco\sc\components\remoteviewer\smartclient\tst\zsmartclient_unittest\bin\x64\debug\net472\zsmartclient_unittest.dll" id="074ff88b-4399-26b0-d5af-74bb943b8f07">
      <TestCategory>
        <TestCategoryItem TestCategory="Search.Filters.ViewModels" />
      </TestCategory>
      <Execution id="014b644a-963d-4e54-9c27-f524d5f842f7" />
      <TestMethod codeBase="D:\actions-runner\_work\XPCO\XPCO\SC\Components\RemoteViewer\SmartClient\tst\zSmartClient_UnitTest\bin\x64\Debug\net472\zSmartClient_UnitTest.dll" adapterTypeName="executor://mstestadapter/v2" className="SmartClient_UnitTest.VideoOS.RemoteClient.Plugin.CentralizedSearch.MIPPlugin.Criteria.ViewModels.SmartSearchCameraListItemHelperTests" name="FilterValueHasRegionSelectionForCamera_ShouldReturnFalse_WhenFilterValueDoesNotHaveRegionSelectionForCamera" />
    </UnitTest>
    <UnitTest name="AuthType_ShouldReturnNegotiate_WhenConstructedUsingWindows" storage="d:\actions-runner\_work\xpco\xpco\sc\components\remoteviewer\smartclient\tst\zsmartclient_unittest\bin\x64\debug\net472\zsmartclient_unittest.dll" id="3369c6d4-ee50-9d6e-0705-4fc6884cc7fb">
      <TestCategory>
        <TestCategoryItem TestCategory="Authentication.ClientCredentials" />
      </TestCategory>
      <Execution id="7b48db80-99b7-431a-8bfa-fecf758da5b9" />
      <TestMethod codeBase="D:\actions-runner\_work\XPCO\XPCO\SC\Components\RemoteViewer\SmartClient\tst\zSmartClient_UnitTest\bin\x64\Debug\net472\zSmartClient_UnitTest.dll" adapterTypeName="executor://mstestadapter/v2" className="SmartClient_UnitTest.VideoOS.Shared.ServerAPI.ClientCredentialsTest" name="AuthType_ShouldReturnNegotiate_WhenConstructedUsingWindows" />
    </UnitTest>
    <UnitTest name="TestGetWorkroom_UnknownWorkSpaceId_Success" storage="d:\actions-runner\_work\xpco\xpco\sc\components\remoteviewer\smartclient\tst\zsmartclient_unittest\bin\x64\debug\net472\zsmartclient_unittest.dll" id="4ac44c86-bed3-2106-179e-e12e5a83e7dd">
      <TestCategory>
        <TestCategoryItem TestCategory="WorkroomController" />
      </TestCategory>
      <Execution id="2b2ee04a-b394-4915-ab2b-c855de873fe4" />
      <TestMethod codeBase="D:\actions-runner\_work\XPCO\XPCO\SC\Components\RemoteViewer\SmartClient\tst\zSmartClient_UnitTest\bin\x64\Debug\net472\zSmartClient_UnitTest.dll" adapterTypeName="executor://mstestadapter/v2" className="VideoOS.RemoteClient.Application.Controllers.WorkroomController.UnitTest.TabWorkroomControllerTest" name="TestGetWorkroom_UnknownWorkSpaceId_Success" />
    </UnitTest>
    <UnitTest name="Password1 valid, Password 2 invalid, higher length" storage="d:\actions-runner\_work\xpco\xpco\sc\components\remoteviewer\smartclient\tst\zsmartclient_unittest\bin\x64\debug\net472\zsmartclient_unittest.dll" id="f6513c15-778f-06ab-2b80-8faa11f30046">
      <TestCategory>
        <TestCategoryItem TestCategory="Export" />
      </TestCategory>
      <Execution id="4b0e3b2b-a9ac-4d9e-abe2-cad1595da176" />
      <TestMethod codeBase="D:\actions-runner\_work\XPCO\XPCO\SC\Components\RemoteViewer\SmartClient\tst\zSmartClient_UnitTest\bin\x64\Debug\net472\zSmartClient_UnitTest.dll" adapterTypeName="executor://mstestadapter/v2" className="SmartClient_UnitTest.VideoOS.RemoteClient.Plugin.Export.PasswordDialogViewModelTests" name="ArePasswordsValid_ShouldDependOnPassword1AndPassword2" />
    </UnitTest>
    <UnitTest name="DeviceIcons_ShouldNotBeNull_WhenCalled" storage="d:\actions-runner\_work\xpco\xpco\sc\components\remoteviewer\smartclient\tst\zsmartclient_unittest\bin\x64\debug\net472\zsmartclient_unittest.dll" id="bedf46db-baeb-e070-62c2-ab54242ce982">
      <TestCategory>
        <TestCategoryItem TestCategory="GisMapData.MicrophoneOemResourcesProviderTests" />
      </TestCategory>
      <Execution id="e3f20bdf-092c-4eb7-acb5-88dad8b196ca" />
      <TestMethod codeBase="D:\actions-runner\_work\XPCO\XPCO\SC\Components\RemoteViewer\SmartClient\tst\zSmartClient_UnitTest\bin\x64\Debug\net472\zSmartClient_UnitTest.dll" adapterTypeName="executor://mstestadapter/v2" className="SmartClient_UnitTest.VideoOS.RemoteClient.GisMapData.Resources.MicrophoneOemResourcesProviderTests" name="DeviceIcons_ShouldNotBeNull_WhenCalled" />
    </UnitTest>
    <UnitTest name="PtzSessionControllerInfoConstructorTest_From_PtzSessionInfo_Anonymous_User" storage="d:\actions-runner\_work\xpco\xpco\sc\components\remoteviewer\smartclient\tst\zsmartclient_unittest\bin\x64\debug\net472\zsmartclient_unittest.dll" id="205d3986-407b-ed3e-b9d7-5c5108416447">
      <Execution id="c7719ec3-ee77-4f9f-ba15-83edf4f32f90" />
      <TestMethod codeBase="D:\actions-runner\_work\XPCO\XPCO\SC\Components\RemoteViewer\SmartClient\tst\zSmartClient_UnitTest\bin\x64\Debug\net472\zSmartClient_UnitTest.dll" adapterTypeName="executor://mstestadapter/v2" className="VideoOS.RemoteClient.Application.Controllers.UnitTest.PtzSessionControllerTest" name="PtzSessionControllerInfoConstructorTest_From_PtzSessionInfo_Anonymous_User" />
    </UnitTest>
    <UnitTest name="GetIsOpenStreetMapValid_ShouldReturnFalse_WhenGeographicLayerIsNullAndAlternativeServerIsEmpty" storage="d:\actions-runner\_work\xpco\xpco\sc\components\remoteviewer\smartclient\tst\zsmartclient_unittest\bin\x64\debug\net472\zsmartclient_unittest.dll" id="9ccd04df-3e0c-6d9f-958b-55fa47ad0ff1">
      <TestCategory>
        <TestCategoryItem TestCategory="GisMapData.Controllers.Osm" />
      </TestCategory>
      <Execution id="2e9dd6d3-ad72-410e-8a0c-46a6c572cf44" />
      <TestMethod codeBase="D:\actions-runner\_work\XPCO\XPCO\SC\Components\RemoteViewer\SmartClient\tst\zSmartClient_UnitTest\bin\x64\Debug\net472\zSmartClient_UnitTest.dll" adapterTypeName="executor://mstestadapter/v2" className="SmartClient_UnitTest.VideoOS.RemoteClient.GisMapData.Controllers.Osm.GisMapOsmControllerTests" name="GetIsOpenStreetMapValid_ShouldReturnFalse_WhenGeographicLayerIsNullAndAlternativeServerIsEmpty" />
    </UnitTest>
    <UnitTest name="GetSearchTemplateAsync_ThrowCommunicationMIPException_Success" storage="d:\actions-runner\_work\xpco\xpco\sc\components\remoteviewer\smartclient\tst\zsmartclient_unittest\bin\x64\debug\net472\zsmartclient_unittest.dll" id="9b9f5855-551c-70f8-1e00-64a607e6089e">
      <TestCategory>
        <TestCategoryItem TestCategory="SearchTemplatesService" />
      </TestCategory>
      <Execution id="f76fd51d-d31a-409a-bb1e-dd978f248e37" />
      <TestMethod codeBase="D:\actions-runner\_work\XPCO\XPCO\SC\Components\RemoteViewer\SmartClient\tst\zSmartClient_UnitTest\bin\x64\Debug\net472\zSmartClient_UnitTest.dll" adapterTypeName="executor://mstestadapter/v2" className="SmartClient_UnitTest.VideoOS.RemoteClient.Plugin.CentralizedSearch.SearchTemplates.Service.SearchTemplateServiceTests" name="GetSearchTemplateAsync_ThrowCommunicationMIPException_Success" />
    </UnitTest>
    <UnitTest name="PatrollingStepListViewModel_AddStepExecute" storage="d:\actions-runner\_work\xpco\xpco\sc\components\remoteviewer\smartclient\tst\zsmartclient_unittest\bin\x64\debug\net472\zsmartclient_unittest.dll" id="10f7e539-95db-7d97-e660-3fdca86f07c0">
      <Execution id="6558b3c9-3923-4078-b27b-089d3715c4e0" />
      <TestMethod codeBase="D:\actions-runner\_work\XPCO\XPCO\SC\Components\RemoteViewer\SmartClient\tst\zSmartClient_UnitTest\bin\x64\Debug\net472\zSmartClient_UnitTest.dll" adapterTypeName="executor://mstestadapter/v2" className="SmartClient_UnitTest.VideoOS.RemoteClient.Application.UI.PtzPreset.PatrollingViewModel.PatrollingStepListViewModelTest" name="PatrollingStepListViewModel_AddStepExecute" />
    </UnitTest>
    <UnitTest name="MipItemsMapLayer_Loaded_Success" storage="d:\actions-runner\_work\xpco\xpco\sc\components\remoteviewer\smartclient\tst\zsmartclient_unittest\bin\x64\debug\net472\zsmartclient_unittest.dll" id="1038d0a8-74b6-4dd8-b766-1b08a5e0b707">
      <TestCategory>
        <TestCategoryItem TestCategory="GisMapLayer" />
      </TestCategory>
      <Execution id="89636382-b1e0-431c-bc02-d973b84fefd7" />
      <TestMethod codeBase="D:\actions-runner\_work\XPCO\XPCO\SC\Components\RemoteViewer\SmartClient\tst\zSmartClient_UnitTest\bin\x64\Debug\net472\zSmartClient_UnitTest.dll" adapterTypeName="executor://mstestadapter/v2" className="SmartClient_UnitTest.VideoOS.RemoteClient.GisMap.MapLayers.GisMapLayerTests" name="MipItemsMapLayer_Loaded_Success" />
    </UnitTest>
    <UnitTest name="PatrollingProfileListViewModel_AddProfileExecute" storage="d:\actions-runner\_work\xpco\xpco\sc\components\remoteviewer\smartclient\tst\zsmartclient_unittest\bin\x64\debug\net472\zsmartclient_unittest.dll" id="2f8a4bab-4df9-e4ff-fb91-be0d70ec975d">
      <Execution id="39379171-fa3f-4a21-bba4-300c7275299d" />
      <TestMethod codeBase="D:\actions-runner\_work\XPCO\XPCO\SC\Components\RemoteViewer\SmartClient\tst\zSmartClient_UnitTest\bin\x64\Debug\net472\zSmartClient_UnitTest.dll" adapterTypeName="executor://mstestadapter/v2" className="SmartClient_UnitTest.VideoOS.RemoteClient.Application.UI.PtzPreset.PatrollingViewModel.PatrollingProfileListViewModelTest" name="PatrollingProfileListViewModel_AddProfileExecute" />
    </UnitTest>
    <UnitTest name="PtzSessionControllerInfo_UserChangedTest_Different_CameraId" storage="d:\actions-runner\_work\xpco\xpco\sc\components\remoteviewer\smartclient\tst\zsmartclient_unittest\bin\x64\debug\net472\zsmartclient_unittest.dll" id="4ded814a-816b-915a-dcce-433d1dc05ab0">
      <Execution id="391842f6-b550-495b-bdf4-2befa9cff893" />
      <TestMethod codeBase="D:\actions-runner\_work\XPCO\XPCO\SC\Components\RemoteViewer\SmartClient\tst\zSmartClient_UnitTest\bin\x64\Debug\net472\zSmartClient_UnitTest.dll" adapterTypeName="executor://mstestadapter/v2" className="VideoOS.RemoteClient.Application.Controllers.UnitTest.PtzSessionControllerTest" name="PtzSessionControllerInfo_UserChangedTest_Different_CameraId" />
    </UnitTest>
    <UnitTest name="GetMutedMicrophoneIconId_ShouldRaiseArgumentException_WhenArgumentIsNotAUnmutedMicrophoneIconId" storage="d:\actions-runner\_work\xpco\xpco\sc\components\remoteviewer\smartclient\tst\zsmartclient_unittest\bin\x64\debug\net472\zsmartclient_unittest.dll" id="b0e10c91-c024-4a15-62c7-840e030250c4">
      <TestCategory>
        <TestCategoryItem TestCategory="GisMapData.MicrophoneOemResourcesProviderTests" />
      </TestCategory>
      <Execution id="5903c20a-5b0b-43a8-9529-61c6935d93c2" />
      <TestMethod codeBase="D:\actions-runner\_work\XPCO\XPCO\SC\Components\RemoteViewer\SmartClient\tst\zSmartClient_UnitTest\bin\x64\Debug\net472\zSmartClient_UnitTest.dll" adapterTypeName="executor://mstestadapter/v2" className="SmartClient_UnitTest.VideoOS.RemoteClient.GisMapData.Resources.MicrophoneOemResourcesProviderTests" name="GetMutedMicrophoneIconId_ShouldRaiseArgumentException_WhenArgumentIsNotAUnmutedMicrophoneIconId" />
    </UnitTest>
    <UnitTest name="MakeId_ShouldGenerateSameId_WhenResultsChangeOrderButResultsAreSame" storage="d:\actions-runner\_work\xpco\xpco\sc\components\remoteviewer\smartclient\tst\zsmartclient_unittest\bin\x64\debug\net472\zsmartclient_unittest.dll" id="310bd126-7eaa-5bf4-39f9-05d7e2e492eb">
      <TestCategory>
        <TestCategoryItem TestCategory="Search.Wrappers" />
      </TestCategory>
      <Execution id="66945ee6-af75-40f5-b6dd-71b4175afad3" />
      <TestMethod codeBase="D:\actions-runner\_work\XPCO\XPCO\SC\Components\RemoteViewer\SmartClient\tst\zSmartClient_UnitTest\bin\x64\Debug\net472\zSmartClient_UnitTest.dll" adapterTypeName="executor://mstestadapter/v2" className="SmartClient_UnitTest.VideoOS.RemoteClient.Plugin.CentralizedSearch.Models.Wrappers.SearchResultDataWrapperTests" name="MakeId_ShouldGenerateSameId_WhenResultsChangeOrderButResultsAreSame" />
    </UnitTest>
    <UnitTest name="SortBuildingLayers_Success" storage="d:\actions-runner\_work\xpco\xpco\sc\components\remoteviewer\smartclient\tst\zsmartclient_unittest\bin\x64\debug\net472\zsmartclient_unittest.dll" id="e6dcebe5-b6cc-8c91-5e65-857f5572db4e">
      <TestCategory>
        <TestCategoryItem TestCategory="GisMapLayers" />
      </TestCategory>
      <Execution id="ff418489-7e96-4367-9938-a08ac5e5f990" />
      <TestMethod codeBase="D:\actions-runner\_work\XPCO\XPCO\SC\Components\RemoteViewer\SmartClient\tst\zSmartClient_UnitTest\bin\x64\Debug\net472\zSmartClient_UnitTest.dll" adapterTypeName="executor://mstestadapter/v2" className="SmartClient_UnitTest.VideoOS.RemoteClient.GisMapData.GisMapLayerZOrderTests" name="SortBuildingLayers_Success" />
    </UnitTest>
    <UnitTest name="UpdateSearchAttributes_MultipleFiltersWithoutValues_NotAdded" storage="d:\actions-runner\_work\xpco\xpco\sc\components\remoteviewer\smartclient\tst\zsmartclient_unittest\bin\x64\debug\net472\zsmartclient_unittest.dll" id="eccebb4b-dd86-ffbc-9874-555886a9ecd8">
      <TestCategory>
        <TestCategoryItem TestCategory="Search" />
      </TestCategory>
      <Execution id="1b3928dc-1b6c-4d01-854c-54380e01fa2c" />
      <TestMethod codeBase="D:\actions-runner\_work\XPCO\XPCO\SC\Components\RemoteViewer\SmartClient\tst\zSmartClient_UnitTest\bin\x64\Debug\net472\zSmartClient_UnitTest.dll" adapterTypeName="executor://mstestadapter/v2" className="SmartClient_UnitTest.VideoOS.RemoteClient.Plugin.CentralizedSearch.ViewModels.SearchDefinitionViewModelTests" name="UpdateSearchAttributes_MultipleFiltersWithoutValues_NotAdded" />
    </UnitTest>
    <UnitTest name="ZoomIn_MapNotSet_DoesNotCrash" storage="d:\actions-runner\_work\xpco\xpco\sc\components\remoteviewer\smartclient\tst\zsmartclient_unittest\bin\x64\debug\net472\zsmartclient_unittest.dll" id="50ac9240-7e70-f521-a930-8425f2e1e8c4">
      <Execution id="46ae8cce-ef60-4ff0-a6bc-47570d9bbfa8" />
      <TestMethod codeBase="D:\actions-runner\_work\XPCO\XPCO\SC\Components\RemoteViewer\SmartClient\tst\zSmartClient_UnitTest\bin\x64\Debug\net472\zSmartClient_UnitTest.dll" adapterTypeName="executor://mstestadapter/v2" className="SmartClient_UnitTest.VideoOS.RemoteClient.Plugin.GisMap.ThinkGeoMap.DefaultZoomHandlerTests" name="ZoomIn_MapNotSet_DoesNotCrash" />
    </UnitTest>
    <UnitTest name="OnLoaded_ValidConfigurationNoInlineEdit_InlineAttributeEditControlNotSet" storage="d:\actions-runner\_work\xpco\xpco\sc\components\remoteviewer\smartclient\tst\zsmartclient_unittest\bin\x64\debug\net472\zsmartclient_unittest.dll" id="2ee134e1-115d-c1eb-9935-4d228f8143e5">
      <TestCategory>
        <TestCategoryItem TestCategory="SearchViews" />
      </TestCategory>
      <Execution id="9b5767d4-b13a-4266-813d-72fba29e38a7" />
      <TestMethod codeBase="D:\actions-runner\_work\XPCO\XPCO\SC\Components\RemoteViewer\SmartClient\tst\zSmartClient_UnitTest\bin\x64\Debug\net472\zSmartClient_UnitTest.dll" adapterTypeName="executor://mstestadapter/v2" className="SmartClient_UnitTest.VideoOS.RemoteClient.Plugin.CentralizedSearch.Views.SearchAttributeViewTests" name="OnLoaded_ValidConfigurationNoInlineEdit_InlineAttributeEditControlNotSet" />
    </UnitTest>
    <UnitTest name="SmartMapGoToPositionHandler_WhenDataIsValid_ShouldCallNavigateTo" storage="d:\actions-runner\_work\xpco\xpco\sc\components\remoteviewer\smartclient\tst\zsmartclient_unittest\bin\x64\debug\net472\zsmartclient_unittest.dll" id="17f82cf7-4d92-18c7-4ec3-228bc2e9056a">
      <Execution id="6a74884a-2e8c-43f4-b66c-5816a166cb17" />
      <TestMethod codeBase="D:\actions-runner\_work\XPCO\XPCO\SC\Components\RemoteViewer\SmartClient\tst\zSmartClient_UnitTest\bin\x64\Debug\net472\zSmartClient_UnitTest.dll" adapterTypeName="executor://mstestadapter/v2" className="SmartClient_UnitTest.VideoOS.RemoteClient.Plugin.GisMap.MIP.ContentHolderMipMessageManagerTests" name="SmartMapGoToPositionHandler_WhenDataIsValid_ShouldCallNavigateTo" />
    </UnitTest>
    <UnitTest name="CameraMapItem_Start_AlarmObservable_SetAlarms" storage="d:\actions-runner\_work\xpco\xpco\sc\components\remoteviewer\smartclient\tst\zsmartclient_unittest\bin\x64\debug\net472\zsmartclient_unittest.dll" id="7279d631-5e65-263e-b126-502467fa7c3a">
      <TestCategory>
        <TestCategoryItem TestCategory="GisMapMapItem" />
      </TestCategory>
      <Execution id="8e924e85-68cc-47fd-8f28-ddb0629ed1f8" />
      <TestMethod codeBase="D:\actions-runner\_work\XPCO\XPCO\SC\Components\RemoteViewer\SmartClient\tst\zSmartClient_UnitTest\bin\x64\Debug\net472\zSmartClient_UnitTest.dll" adapterTypeName="executor://mstestadapter/v2" className="SmartClient_UnitTest.VideoOS.RemoteClient.GisMap.MapItem.MapItemTests" name="CameraMapItem_Start_AlarmObservable_SetAlarms" />
    </UnitTest>
    <UnitTest name="RemoveWorkroom_ShouldThrowException_WhenWorkroomToRemoveIsNull" storage="d:\actions-runner\_work\xpco\xpco\sc\components\remoteviewer\smartclient\tst\zsmartclient_unittest\bin\x64\debug\net472\zsmartclient_unittest.dll" id="550475a3-cdd8-1a4c-8164-53657594f4b5">
      <TestCategory>
        <TestCategoryItem TestCategory="WorkroomController" />
      </TestCategory>
      <Execution id="e764acb5-0523-4131-b80e-214532ea45fc" />
      <TestMethod codeBase="D:\actions-runner\_work\XPCO\XPCO\SC\Components\RemoteViewer\SmartClient\tst\zSmartClient_UnitTest\bin\x64\Debug\net472\zSmartClient_UnitTest.dll" adapterTypeName="executor://mstestadapter/v2" className="SmartClient_UnitTest.VideoOS.RemoteClient.Application.Controllers.WorkroomController.WorkroomControllerBaseTest" name="RemoveWorkroom_ShouldThrowException_WhenWorkroomToRemoveIsNull" />
    </UnitTest>
    <UnitTest name="CameraItemsLayer_NotIsGeographic_Load_Success" storage="d:\actions-runner\_work\xpco\xpco\sc\components\remoteviewer\smartclient\tst\zsmartclient_unittest\bin\x64\debug\net472\zsmartclient_unittest.dll" id="b063cbf8-fbea-b941-bdb6-591483cd4018">
      <TestCategory>
        <TestCategoryItem TestCategory="GisMapLayer" />
      </TestCategory>
      <Execution id="36c03149-f753-4354-bcb3-0b249e3d6d6f" />
      <TestMethod codeBase="D:\actions-runner\_work\XPCO\XPCO\SC\Components\RemoteViewer\SmartClient\tst\zSmartClient_UnitTest\bin\x64\Debug\net472\zSmartClient_UnitTest.dll" adapterTypeName="executor://mstestadapter/v2" className="SmartClient_UnitTest.VideoOS.RemoteClient.GisMap.MapLayers.GisMapLayerTests" name="CameraItemsLayer_NotIsGeographic_Load_Success" />
    </UnitTest>
    <UnitTest name="Password 1 empty" storage="d:\actions-runner\_work\xpco\xpco\sc\components\remoteviewer\smartclient\tst\zsmartclient_unittest\bin\x64\debug\net472\zsmartclient_unittest.dll" id="aaa1be74-2e34-5829-1e4e-488dd7c80429">
      <TestCategory>
        <TestCategoryItem TestCategory="Export" />
      </TestCategory>
      <Execution id="9279aef2-a634-4147-b98d-a37527107830" />
      <TestMethod codeBase="D:\actions-runner\_work\XPCO\XPCO\SC\Components\RemoteViewer\SmartClient\tst\zSmartClient_UnitTest\bin\x64\Debug\net472\zSmartClient_UnitTest.dll" adapterTypeName="executor://mstestadapter/v2" className="SmartClient_UnitTest.VideoOS.RemoteClient.Plugin.Export.PasswordDialogViewModelTests" name="InitialPassword_ShouldResultInCorrectValidity" />
    </UnitTest>
    <UnitTest name="VideoResultSearchResult_SetThenReset_PropertiesEmptied" storage="d:\actions-runner\_work\xpco\xpco\sc\components\remoteviewer\smartclient\tst\zsmartclient_unittest\bin\x64\debug\net472\zsmartclient_unittest.dll" id="30fe8312-9877-ebd0-79b2-11d30d1e5b58">
      <TestCategory>
        <TestCategoryItem TestCategory="SearchControls" />
      </TestCategory>
      <Execution id="7f6a1705-0149-4dfa-9a37-2a14269bb064" />
      <TestMethod codeBase="D:\actions-runner\_work\XPCO\XPCO\SC\Components\RemoteViewer\SmartClient\tst\zSmartClient_UnitTest\bin\x64\Debug\net472\zSmartClient_UnitTest.dll" adapterTypeName="executor://mstestadapter/v2" className="SmartClient_UnitTest.VideoOS.RemoteClient.Plugin.CentralizedSearch.Views.Controls.SearchResultDetailsControlTests" name="VideoResultSearchResult_SetThenReset_PropertiesEmptied" />
    </UnitTest>
    <UnitTest name="GetLayerVisibilityItemsData_ShouldAddTwoToggleableVisibilityItemData_WhenAnyDeviceMapLayerIsProvided" storage="d:\actions-runner\_work\xpco\xpco\sc\components\remoteviewer\smartclient\tst\zsmartclient_unittest\bin\x64\debug\net472\zsmartclient_unittest.dll" id="361fc6c6-0e8b-67f9-3bea-df214e20d9d1">
      <TestCategory>
        <TestCategoryItem TestCategory="GisMap.DefaultFixedLayerManagerStrategyTests" />
      </TestCategory>
      <Execution id="471dc709-2399-4fc9-8e03-5396742c5c96" />
      <TestMethod codeBase="D:\actions-runner\_work\XPCO\XPCO\SC\Components\RemoteViewer\SmartClient\tst\zSmartClient_UnitTest\bin\x64\Debug\net472\zSmartClient_UnitTest.dll" adapterTypeName="executor://mstestadapter/v2" className="SmartClient_UnitTest.VideoOS.RemoteClient.Plugin.GisMap.ViewModels.LayersVisibility.FixedLayers.DefaultFixedLayerManagerStrategyTests" name="GetLayerVisibilityItemsData_ShouldAddTwoToggleableVisibilityItemData_WhenAnyDeviceMapLayerIsProvided" />
    </UnitTest>
    <UnitTest name="SortLayersByOrderAndTypes_Success" storage="d:\actions-runner\_work\xpco\xpco\sc\components\remoteviewer\smartclient\tst\zsmartclient_unittest\bin\x64\debug\net472\zsmartclient_unittest.dll" id="076479ee-f448-9ceb-4230-0072b1a0e768">
      <TestCategory>
        <TestCategoryItem TestCategory="GisMapLayers" />
      </TestCategory>
      <Execution id="11eb91fe-856a-4177-aa21-952a36871781" />
      <TestMethod codeBase="D:\actions-runner\_work\XPCO\XPCO\SC\Components\RemoteViewer\SmartClient\tst\zSmartClient_UnitTest\bin\x64\Debug\net472\zSmartClient_UnitTest.dll" adapterTypeName="executor://mstestadapter/v2" className="SmartClient_UnitTest.VideoOS.RemoteClient.GisMapData.GisMapLayerZOrderTests" name="SortLayersByOrderAndTypes_Success" />
    </UnitTest>
    <UnitTest name="AutomationId_ShouldBeValid_WhenInteractionStateIsAddMicrophone" storage="d:\actions-runner\_work\xpco\xpco\sc\components\remoteviewer\smartclient\tst\zsmartclient_unittest\bin\x64\debug\net472\zsmartclient_unittest.dll" id="0352ab5e-ef5f-b291-c33f-bb3ed2d6f909">
      <TestCategory>
        <TestCategoryItem TestCategory="GisMap.UI.DeviceSelectors.PanelComponents" />
      </TestCategory>
      <Execution id="26e2d704-0a12-4c83-9799-cfd18a92d220" />
      <TestMethod codeBase="D:\actions-runner\_work\XPCO\XPCO\SC\Components\RemoteViewer\SmartClient\tst\zSmartClient_UnitTest\bin\x64\Debug\net472\zSmartClient_UnitTest.dll" adapterTypeName="executor://mstestadapter/v2" className="SmartClient_UnitTest.VideoOS.RemoteClient.Plugin.GisMap.UI.DeviceSelectors.PanelComponents.DeviceSelectorPanelComponentTests" name="AutomationId_ShouldBeValid_WhenInteractionStateIsAddMicrophone" />
    </UnitTest>
    <UnitTest name="ErrorOccurred_Exception_Success" storage="d:\actions-runner\_work\xpco\xpco\sc\components\remoteviewer\smartclient\tst\zsmartclient_unittest\bin\x64\debug\net472\zsmartclient_unittest.dll" id="1576a34d-4425-e758-2eec-5a2e4ef4d6ef">
      <TestCategory>
        <TestCategoryItem TestCategory="SearchModels" />
      </TestCategory>
      <Execution id="1044e277-0939-46e1-aad3-ef841294e8db" />
      <TestMethod codeBase="D:\actions-runner\_work\XPCO\XPCO\SC\Components\RemoteViewer\SmartClient\tst\zSmartClient_UnitTest\bin\x64\Debug\net472\zSmartClient_UnitTest.dll" adapterTypeName="executor://mstestadapter/v2" className="SmartClient_UnitTest.VideoOS.RemoteClient.Plugin.CentralizedSearch.Models.SearchModelTests" name="ErrorOccurred_Exception_Success" />
    </UnitTest>
    <UnitTest name="LoadInitialState_InvalidState_ReturnsNewEmptyState" storage="d:\actions-runner\_work\xpco\xpco\sc\components\remoteviewer\smartclient\tst\zsmartclient_unittest\bin\x64\debug\net472\zsmartclient_unittest.dll" id="cd84e885-1918-e01a-687a-a984ec9c18f5">
      <TestCategory>
        <TestCategoryItem TestCategory="Search" />
      </TestCategory>
      <Execution id="23b350c4-9ee7-405b-9bd9-085cfd35af6c" />
      <TestMethod codeBase="D:\actions-runner\_work\XPCO\XPCO\SC\Components\RemoteViewer\SmartClient\tst\zSmartClient_UnitTest\bin\x64\Debug\net472\zSmartClient_UnitTest.dll" adapterTypeName="executor://mstestadapter/v2" className="SmartClient_UnitTest.VideoOS.RemoteClient.Plugin.CentralizedSearch.CentralizedSearchContentHolderTests" name="LoadInitialState_InvalidState_ReturnsNewEmptyState" />
    </UnitTest>
    <UnitTest name="PtzPresetsMenuViewModel_PtzNotCotrolledTest" storage="d:\actions-runner\_work\xpco\xpco\sc\components\remoteviewer\smartclient\tst\zsmartclient_unittest\bin\x64\debug\net472\zsmartclient_unittest.dll" id="db0bdc8c-751d-0e6e-b46c-9ca8002153fd">
      <Execution id="0fe29f0f-d32d-4b97-920f-c4eecfae15ff" />
      <TestMethod codeBase="D:\actions-runner\_work\XPCO\XPCO\SC\Components\RemoteViewer\SmartClient\tst\zSmartClient_UnitTest\bin\x64\Debug\net472\zSmartClient_UnitTest.dll" adapterTypeName="executor://mstestadapter/v2" className="SmartClient_UnitTest.VideoOS.RemoteClient.Application.Data.ContentTypes.CameraContentType.PtzPresetsMenuViewModelTest" name="PtzPresetsMenuViewModel_PtzNotCotrolledTest" />
    </UnitTest>
    <UnitTest name="SearchResultsActionBarActions_Export_OptionMediaPlayerAvailable_OtherExportOptionsUnavailable_NotVisible" storage="d:\actions-runner\_work\xpco\xpco\sc\components\remoteviewer\smartclient\tst\zsmartclient_unittest\bin\x64\debug\net472\zsmartclient_unittest.dll" id="cb87ae3f-127d-d533-f5f1-ec7b4f65cbcc">
      <TestCategory>
        <TestCategoryItem TestCategory="SearchResultActionBarViewModel" />
      </TestCategory>
      <Execution id="657e6287-0868-43a8-92aa-ba06ea12c0a4" />
      <TestMethod codeBase="D:\actions-runner\_work\XPCO\XPCO\SC\Components\RemoteViewer\SmartClient\tst\zSmartClient_UnitTest\bin\x64\Debug\net472\zSmartClient_UnitTest.dll" adapterTypeName="executor://mstestadapter/v2" className="SmartClient_UnitTest.VideoOS.RemoteClient.Plugin.CentralizedSearch.ViewModels.SearchResultsActionBarViewModelTest" name="SearchResultsActionBarActions_Export_OptionMediaPlayerAvailable_OtherExportOptionsUnavailable_NotVisible" />
    </UnitTest>
    <UnitTest name="ResolveSearchDefinitions_ShouldReturnResultSearchDefinition_WhenCombinedSearchResultWithSingleSubResultAndSearchDefinitionsContainingCorrectSearchDefinitionsAreGiven" storage="d:\actions-runner\_work\xpco\xpco\sc\components\remoteviewer\smartclient\tst\zsmartclient_unittest\bin\x64\debug\net472\zsmartclient_unittest.dll" id="9a38b1c7-2744-f7db-489b-6f81a442d11b">
      <TestCategory>
        <TestCategoryItem TestCategory="Search" />
      </TestCategory>
      <Execution id="dd58ebf4-a4d3-4381-9e32-03bb260c66e2" />
      <TestMethod codeBase="D:\actions-runner\_work\XPCO\XPCO\SC\Components\RemoteViewer\SmartClient\tst\zSmartClient_UnitTest\bin\x64\Debug\net472\zSmartClient_UnitTest.dll" adapterTypeName="executor://mstestadapter/v2" className="SmartClient_UnitTest.VideoOS.RemoteClient.Plugin.CentralizedSearch.Utils.SearchResultDataWrapperExtensionsTests" name="ResolveSearchDefinitions_ShouldReturnResultSearchDefinition_WhenCombinedSearchResultWithSingleSubResultAndSearchDefinitionsContainingCorrectSearchDefinitionsAreGiven" />
    </UnitTest>
    <UnitTest name="BuildContentOptions_ShouldReturnCorrectNumberOfViewItems" storage="d:\actions-runner\_work\xpco\xpco\sc\components\remoteviewer\smartclient\tst\zsmartclient_unittest\bin\x64\debug\net472\zsmartclient_unittest.dll" id="0d816db9-c190-9338-49a3-bd0095232832">
      <Execution id="2cde844e-6160-4264-815b-5490a6f9d4fc" />
      <TestMethod codeBase="D:\actions-runner\_work\XPCO\XPCO\SC\Components\RemoteViewer\SmartClient\tst\zSmartClient_UnitTest\bin\x64\Debug\net472\zSmartClient_UnitTest.dll" adapterTypeName="executor://mstestadapter/v2" className="SmartClient_UnitTest.VideoOS.RemoteClient.Application.Common.Telemetry.TelemetryBuilderTests" name="BuildContentOptions_ShouldReturnCorrectNumberOfViewItems" />
    </UnitTest>
    <UnitTest name="CreateExportDialog_CannotCreateExport_WithInvalidExportPath" storage="d:\actions-runner\_work\xpco\xpco\sc\components\remoteviewer\smartclient\tst\zsmartclient_unittest\bin\x64\debug\net472\zsmartclient_unittest.dll" id="1ff772ea-316c-7a4b-bb91-f3ab3f44e05b">
      <TestCategory>
        <TestCategoryItem TestCategory="Export" />
      </TestCategory>
      <Execution id="6d123c6e-c96f-4050-ae8a-e9dda0f926ae" />
      <TestMethod codeBase="D:\actions-runner\_work\XPCO\XPCO\SC\Components\RemoteViewer\SmartClient\tst\zSmartClient_UnitTest\bin\x64\Debug\net472\zSmartClient_UnitTest.dll" adapterTypeName="executor://mstestadapter/v2" className="SmartClient_UnitTest.VideoOS.RemoteClient.Plugin.Export.CreateExportDialogViewModelTests" name="CreateExportDialog_CannotCreateExport_WithInvalidExportPath" />
    </UnitTest>
    <UnitTest name="Deserialize_MissingItemId_Error" storage="d:\actions-runner\_work\xpco\xpco\sc\components\remoteviewer\smartclient\tst\zsmartclient_unittest\bin\x64\debug\net472\zsmartclient_unittest.dll" id="ab974738-a590-83df-60ac-92b301ef7ab8">
      <TestCategory>
        <TestCategoryItem TestCategory="SearchSerialization" />
      </TestCategory>
      <Execution id="35bd237b-59a0-4a84-bf53-2899804c38b8" />
      <TestMethod codeBase="D:\actions-runner\_work\XPCO\XPCO\SC\Components\RemoteViewer\SmartClient\tst\zSmartClient_UnitTest\bin\x64\Debug\net472\zSmartClient_UnitTest.dll" adapterTypeName="executor://mstestadapter/v2" className="SmartClient_UnitTest.VideoOS.RemoteClient.Plugin.CentralizedSearch.Models.Serialization.SearchSerializerTests" name="Deserialize_MissingItemId_Error" />
    </UnitTest>
    <UnitTest name="GetIndexCell_Milestone_Success" storage="d:\actions-runner\_work\xpco\xpco\sc\components\remoteviewer\smartclient\tst\zsmartclient_unittest\bin\x64\debug\net472\zsmartclient_unittest.dll" id="4e54cb2c-d65b-9738-63c7-b5798acdd38c">
      <TestCategory>
        <TestCategoryItem TestCategory="GisMapIndex" />
      </TestCategory>
      <Execution id="c0f1d153-d06b-4c1b-a3e8-6001c032be49" />
      <TestMethod codeBase="D:\actions-runner\_work\XPCO\XPCO\SC\Components\RemoteViewer\SmartClient\tst\zSmartClient_UnitTest\bin\x64\Debug\net472\zSmartClient_UnitTest.dll" adapterTypeName="executor://mstestadapter/v2" className="SmartClient_UnitTest.VideoOS.RemoteClient.GisMapData.Common.Indexer.IndexUtilTests" name="GetIndexCell_Milestone_Success" />
    </UnitTest>
    <UnitTest name="ScWorkSpaceModeChangedEvent_ShouldSetDeviceIsDisabledToTrue_WhenSwitchingToBrowseMode" storage="d:\actions-runner\_work\xpco\xpco\sc\components\remoteviewer\smartclient\tst\zsmartclient_unittest\bin\x64\debug\net472\zsmartclient_unittest.dll" id="65b86002-200e-c55e-a53f-146aec337152">
      <TestCategory>
        <TestCategoryItem TestCategory="GisMapData.MapLayers" />
      </TestCategory>
      <Execution id="d379fb63-7477-4d29-9d55-59a09211ff6d" />
      <TestMethod codeBase="D:\actions-runner\_work\XPCO\XPCO\SC\Components\RemoteViewer\SmartClient\tst\zSmartClient_UnitTest\bin\x64\Debug\net472\zSmartClient_UnitTest.dll" adapterTypeName="executor://mstestadapter/v2" className="SmartClient_UnitTest.VideoOS.RemoteClient.GisMapData.MapLayers.OutputItemsMapLayerTests" name="ScWorkSpaceModeChangedEvent_ShouldSetDeviceIsDisabledToTrue_WhenSwitchingToBrowseMode" />
    </UnitTest>
    <UnitTest name="PopulateTooltip_FewResultsFromManyCameras24Hours_ValidText" storage="d:\actions-runner\_work\xpco\xpco\sc\components\remoteviewer\smartclient\tst\zsmartclient_unittest\bin\x64\debug\net472\zsmartclient_unittest.dll" id="d7ec089c-29ea-169c-5410-9af8ec475d2d">
      <TestCategory>
        <TestCategoryItem TestCategory="SearchControls" />
      </TestCategory>
      <Execution id="9104eae6-9c52-476e-90c9-48a9a03068d9" />
      <TestMethod codeBase="D:\actions-runner\_work\XPCO\XPCO\SC\Components\RemoteViewer\SmartClient\tst\zSmartClient_UnitTest\bin\x64\Debug\net472\zSmartClient_UnitTest.dll" adapterTypeName="executor://mstestadapter/v2" className="SmartClient_UnitTest.VideoOS.RemoteClient.Plugin.CentralizedSearch.Views.Controls.TimelineRuler.TimelineRulerControlTests" name="PopulateTooltip_FewResultsFromManyCameras24Hours_ValidText" />
    </UnitTest>
    <UnitTest name="AddResults_IncludePartialResults_TwoPartialResult_Success" storage="d:\actions-runner\_work\xpco\xpco\sc\components\remoteviewer\smartclient\tst\zsmartclient_unittest\bin\x64\debug\net472\zsmartclient_unittest.dll" id="f472fa58-6e18-42be-4063-867fef6b02e5">
      <TestCategory>
        <TestCategoryItem TestCategory="SearchResultsPreprocessor.PartialResults" />
      </TestCategory>
      <Execution id="85ff28a9-0e62-46bf-aec3-c3438c83c758" />
      <TestMethod codeBase="D:\actions-runner\_work\XPCO\XPCO\SC\Components\RemoteViewer\SmartClient\tst\zSmartClient_UnitTest\bin\x64\Debug\net472\zSmartClient_UnitTest.dll" adapterTypeName="executor://mstestadapter/v2" className="SmartClient_UnitTest.VideoOS.RemoteClient.Plugin.CentralizedSearch.Models.SearchResultsPreprocessorTests" name="AddResults_IncludePartialResults_TwoPartialResult_Success" />
    </UnitTest>
    <UnitTest name="TestGetAllTasks" storage="d:\actions-runner\_work\xpco\xpco\sc\components\remoteviewer\smartclient\tst\zsmartclient_unittest\bin\x64\debug\net472\zsmartclient_unittest.dll" id="bf3342cd-aa37-ec7a-aed8-02a15815d43f">
      <Execution id="974b7628-76d7-4c5e-b66a-d7f40e5fc4aa" />
      <TestMethod codeBase="D:\actions-runner\_work\XPCO\XPCO\SC\Components\RemoteViewer\SmartClient\tst\zSmartClient_UnitTest\bin\x64\Debug\net472\zSmartClient_UnitTest.dll" adapterTypeName="executor://mstestadapter/v2" className="SmartClient_UnitTest.VideoOS.RemoteClient.Application.Managers.EdgeRetrievalTaskManagerUnitTest" name="TestGetAllTasks" />
    </UnitTest>
    <UnitTest name="MonitorPlaybackState_Serialize_Success" storage="d:\actions-runner\_work\xpco\xpco\sc\components\remoteviewer\smartclient\tst\zsmartclient_unittest\bin\x64\debug\net472\zsmartclient_unittest.dll" id="95a21395-b040-7ff7-fe99-d443a657de60">
      <Execution id="7911468f-f2f5-462f-ad55-3febcf783bc7" />
      <TestMethod codeBase="D:\actions-runner\_work\XPCO\XPCO\SC\Components\RemoteViewer\SmartClient\tst\zSmartClient_UnitTest\bin\x64\Debug\net472\zSmartClient_UnitTest.dll" adapterTypeName="executor://mstestadapter/v2" className="SmartClient_UnitTest.VideoOS.RemoteClient.Data.VideoWall.MonitorStateTests" name="MonitorPlaybackState_Serialize_Success" />
    </UnitTest>
    <UnitTest name="PatrollingStepListViewModel_UpdatePositions" storage="d:\actions-runner\_work\xpco\xpco\sc\components\remoteviewer\smartclient\tst\zsmartclient_unittest\bin\x64\debug\net472\zsmartclient_unittest.dll" id="86a445c9-5dff-52f1-c98f-77ae4a8bc915">
      <Execution id="53e04a73-5cd7-4697-a81a-9c7e0b5e161b" />
      <TestMethod codeBase="D:\actions-runner\_work\XPCO\XPCO\SC\Components\RemoteViewer\SmartClient\tst\zSmartClient_UnitTest\bin\x64\Debug\net472\zSmartClient_UnitTest.dll" adapterTypeName="executor://mstestadapter/v2" className="SmartClient_UnitTest.VideoOS.RemoteClient.Application.UI.PtzPreset.PatrollingViewModel.PatrollingStepListViewModelTest" name="PatrollingStepListViewModel_UpdatePositions" />
    </UnitTest>
    <UnitTest name="Constructor_ShouldRaiseArgumentNullException_WhenLayersIsNull" storage="d:\actions-runner\_work\xpco\xpco\sc\components\remoteviewer\smartclient\tst\zsmartclient_unittest\bin\x64\debug\net472\zsmartclient_unittest.dll" id="f23cbfaa-bd0e-0a68-964c-aedac70dbd89">
      <TestCategory>
        <TestCategoryItem TestCategory="GisMapData.Controllers.LayerFeatures" />
      </TestCategory>
      <Execution id="f9cbc3c4-7f46-447f-a9aa-21fb14aa84bf" />
      <TestMethod codeBase="D:\actions-runner\_work\XPCO\XPCO\SC\Components\RemoteViewer\SmartClient\tst\zSmartClient_UnitTest\bin\x64\Debug\net472\zSmartClient_UnitTest.dll" adapterTypeName="executor://mstestadapter/v2" className="SmartClient_UnitTest.VideoOS.RemoteClient.GisMapData.Controllers.LayerFeatures.LayerFeaturesControllerTests" name="Constructor_ShouldRaiseArgumentNullException_WhenLayersIsNull" />
    </UnitTest>
    <UnitTest name="SearchResultsActionBarActions_ActionResultDeleted_Success" storage="d:\actions-runner\_work\xpco\xpco\sc\components\remoteviewer\smartclient\tst\zsmartclient_unittest\bin\x64\debug\net472\zsmartclient_unittest.dll" id="88eff823-fbf7-7507-7019-8e0b7f4937d4">
      <TestCategory>
        <TestCategoryItem TestCategory="SearchResultActionBarViewModel" />
      </TestCategory>
      <Execution id="1f9c27fb-ff74-4c8a-90fe-b16fd099e03a" />
      <TestMethod codeBase="D:\actions-runner\_work\XPCO\XPCO\SC\Components\RemoteViewer\SmartClient\tst\zSmartClient_UnitTest\bin\x64\Debug\net472\zSmartClient_UnitTest.dll" adapterTypeName="executor://mstestadapter/v2" className="SmartClient_UnitTest.VideoOS.RemoteClient.Plugin.CentralizedSearch.ViewModels.SearchResultsActionBarViewModelTest" name="SearchResultsActionBarActions_ActionResultDeleted_Success" />
    </UnitTest>
    <UnitTest name="Keywords_Built" storage="d:\actions-runner\_work\xpco\xpco\sc\components\remoteviewer\smartclient\tst\zsmartclient_unittest\bin\x64\debug\net472\zsmartclient_unittest.dll" id="704f12b7-2603-a060-9466-3d44ec217344">
      <Execution id="5b07b0d6-cc0b-41fe-b89f-f66a1338ab3c" />
      <TestMethod codeBase="D:\actions-runner\_work\XPCO\XPCO\SC\Components\RemoteViewer\SmartClient\tst\zSmartClient_UnitTest\bin\x64\Debug\net472\zSmartClient_UnitTest.dll" adapterTypeName="executor://mstestadapter/v2" className="SmartClient_UnitTest.VideoOS.RemoteClient.Application.Components.Search.SearchManagerTest" name="Keywords_Built" />
    </UnitTest>
    <UnitTest name="Narrowing_Is_Disabled_When_Update_Rights_Missing" storage="d:\actions-runner\_work\xpco\xpco\sc\components\remoteviewer\smartclient\tst\zsmartclient_unittest\bin\x64\debug\net472\zsmartclient_unittest.dll" id="cdb294e5-a11e-c1b8-28c0-e318e116348c">
      <Execution id="81f6f268-eea6-4f92-8d43-4d91044fd3f5" />
      <TestMethod codeBase="D:\actions-runner\_work\XPCO\XPCO\SC\Components\RemoteViewer\SmartClient\tst\zSmartClient_UnitTest\bin\x64\Debug\net472\zSmartClient_UnitTest.dll" adapterTypeName="executor://mstestadapter/v2" className="SmartClient_UnitTest.VideoOS.RemoteClient.Application.Components.EvidenceLock.EvidenceLockEditModeUserRightTests" name="Narrowing_Is_Disabled_When_Update_Rights_Missing" />
    </UnitTest>
    <UnitTest name="BookmarkSearchTime_WithSearchStringInDifferentCases_ReturnCorrectBookmarkWithSearchStringInDescription (SeArChStRiNg,True,True,True,False,,,1)" storage="d:\actions-runner\_work\xpco\xpco\sc\components\remoteviewer\smartclient\tst\zsmartclient_unittest\bin\x64\debug\net472\zsmartclient_unittest.dll" id="ae6abbbb-4f6b-840f-8d6f-dd6d967cb60f">
      <Execution id="5d209d3a-366d-48c0-bee1-9647c000131a" />
      <TestMethod codeBase="D:\actions-runner\_work\XPCO\XPCO\SC\Components\RemoteViewer\SmartClient\tst\zSmartClient_UnitTest\bin\x64\Debug\net472\zSmartClient_UnitTest.dll" adapterTypeName="executor://mstestadapter/v2" className="SmartClient_UnitTest.VideoOS.RemoteClient.Application.Data.Offline.UnitTest.BookmarkExportReaderTest" name="BookmarkSearchTime_WithSearchStringInDifferentCases_ReturnCorrectBookmarkWithSearchStringInDescription" />
    </UnitTest>
    <UnitTest name="PtzInfoViewModel_PtzReservedByOtherUserTest" storage="d:\actions-runner\_work\xpco\xpco\sc\components\remoteviewer\smartclient\tst\zsmartclient_unittest\bin\x64\debug\net472\zsmartclient_unittest.dll" id="694752a6-f80f-3cf2-2854-db6d5b4b1e01">
      <Execution id="7dd690cd-7529-4d48-9496-39f2d99a830b" />
      <TestMethod codeBase="D:\actions-runner\_work\XPCO\XPCO\SC\Components\RemoteViewer\SmartClient\tst\zSmartClient_UnitTest\bin\x64\Debug\net472\zSmartClient_UnitTest.dll" adapterTypeName="executor://mstestadapter/v2" className="SmartClient_UnitTest.VideoOS.RemoteClient.Plugin.Map.WPFObjects.PtzInfoViewModelUnitTest" name="PtzInfoViewModel_PtzReservedByOtherUserTest" />
    </UnitTest>
    <UnitTest name="DeleteItems_ShouldResetGisPointAndRaiseEvent_WhenAnItemIsDeleted" storage="d:\actions-runner\_work\xpco\xpco\sc\components\remoteviewer\smartclient\tst\zsmartclient_unittest\bin\x64\debug\net472\zsmartclient_unittest.dll" id="9e8c2141-20ec-ba37-0f1b-2e2277c88211">
      <Execution id="fecf9f81-4720-4e02-9db1-9cdcef99b77c" />
      <TestMethod codeBase="D:\actions-runner\_work\XPCO\XPCO\SC\Components\RemoteViewer\SmartClient\tst\zSmartClient_UnitTest\bin\x64\Debug\net472\zSmartClient_UnitTest.dll" adapterTypeName="executor://mstestadapter/v2" className="SmartClient_UnitTest.VideoOS.RemoteClient.GisMapData.MapLayers.MipItemsMapLayerTests" name="DeleteItems_ShouldResetGisPointAndRaiseEvent_WhenAnItemIsDeleted" />
    </UnitTest>
    <UnitTest name="BindingModelVisible_ReactsTo_PluginInstanceVisibleUpdate" storage="d:\actions-runner\_work\xpco\xpco\sc\components\remoteviewer\smartclient\tst\zsmartclient_unittest\bin\x64\debug\net472\zsmartclient_unittest.dll" id="68273da4-d8f3-7604-23b1-9e7df4a52b5c">
      <TestCategory>
        <TestCategoryItem TestCategory="WorkspaceToolbar" />
      </TestCategory>
      <Execution id="d075b9dc-a362-4960-a267-b9e97ec4dcff" />
      <TestMethod codeBase="D:\actions-runner\_work\XPCO\XPCO\SC\Components\RemoteViewer\SmartClient\tst\zSmartClient_UnitTest\bin\x64\Debug\net472\zSmartClient_UnitTest.dll" adapterTypeName="executor://mstestadapter/v2" className="SmartClient_UnitTest.VideoOS.RemoteClient.Application.Data.WorkspaceToolbar.WorkspaceToolbarItemMipPluginTests" name="BindingModelVisible_ReactsTo_PluginInstanceVisibleUpdate" />
    </UnitTest>
    <UnitTest name="IsDeviceSupported_ShouldReturnTrue_WhenInputKind" storage="d:\actions-runner\_work\xpco\xpco\sc\components\remoteviewer\smartclient\tst\zsmartclient_unittest\bin\x64\debug\net472\zsmartclient_unittest.dll" id="830bf89f-dfc4-5715-2ff6-ae54ad42b242">
      <TestCategory>
        <TestCategoryItem TestCategory="GisMap.Controllers.Devices" />
      </TestCategory>
      <Execution id="85fea78f-c36b-4fa6-9d7f-3d729926ad24" />
      <TestMethod codeBase="D:\actions-runner\_work\XPCO\XPCO\SC\Components\RemoteViewer\SmartClient\tst\zSmartClient_UnitTest\bin\x64\Debug\net472\zSmartClient_UnitTest.dll" adapterTypeName="executor://mstestadapter/v2" className="SmartClient_UnitTest.VideoOS.RemoteClient.Plugin.GisMap.Controllers.Devices.DeviceControllerTests" name="IsDeviceSupported_ShouldReturnTrue_WhenInputKind" />
    </UnitTest>
    <UnitTest name="Password too short" storage="d:\actions-runner\_work\xpco\xpco\sc\components\remoteviewer\smartclient\tst\zsmartclient_unittest\bin\x64\debug\net472\zsmartclient_unittest.dll" id="26cac981-fbd9-d7dc-6bf9-6e552986f888">
      <TestCategory>
        <TestCategoryItem TestCategory="Export" />
      </TestCategory>
      <Execution id="8c818fbb-2b44-40d8-a8a2-a3f9fa164549" />
      <TestMethod codeBase="D:\actions-runner\_work\XPCO\XPCO\SC\Components\RemoteViewer\SmartClient\tst\zSmartClient_UnitTest\bin\x64\Debug\net472\zSmartClient_UnitTest.dll" adapterTypeName="executor://mstestadapter/v2" className="SmartClient_UnitTest.VideoOS.RemoteClient.Plugin.Export.PasswordDialogViewModelTests" name="SettingPassword1_ShouldSetIsPassword1Valid" />
    </UnitTest>
    <UnitTest name="TestReadXmlTaskId" storage="d:\actions-runner\_work\xpco\xpco\sc\components\remoteviewer\smartclient\tst\zsmartclient_unittest\bin\x64\debug\net472\zsmartclient_unittest.dll" id="8f3c7e47-c7ba-15e0-4ea3-5c99da54e2cf">
      <Execution id="a36a728d-f743-487c-a68c-5ff9f00b17bf" />
      <TestMethod codeBase="D:\actions-runner\_work\XPCO\XPCO\SC\Components\RemoteViewer\SmartClient\tst\zSmartClient_UnitTest\bin\x64\Debug\net472\zSmartClient_UnitTest.dll" adapterTypeName="executor://mstestadapter/v2" className="SmartClient_UnitTest.VideoOS.RemoteClient.Application.Data.Retrievals.RetrievalMetadataTest" name="TestReadXmlTaskId" />
    </UnitTest>
    <UnitTest name="Constructor_ShouldThrowException_WhenControllerManagerIsNull" storage="d:\actions-runner\_work\xpco\xpco\sc\components\remoteviewer\smartclient\tst\zsmartclient_unittest\bin\x64\debug\net472\zsmartclient_unittest.dll" id="97644baf-75da-2d1d-90ad-632f1839ba1c">
      <TestCategory>
        <TestCategoryItem TestCategory="ReportingContentType" />
      </TestCategory>
      <Execution id="f45b9348-0e98-4ee4-b5f6-898336e76bd3" />
      <TestMethod codeBase="D:\actions-runner\_work\XPCO\XPCO\SC\Components\RemoteViewer\SmartClient\tst\zSmartClient_UnitTest\bin\x64\Debug\net472\zSmartClient_UnitTest.dll" adapterTypeName="executor://mstestadapter/v2" className="SmartClient_UnitTest.VideoOS.RemoteClient.Application.Data.ContentTypes.ReportingContentType.ReportViewerViewModelTest" name="Constructor_ShouldThrowException_WhenControllerManagerIsNull" />
    </UnitTest>
    <UnitTest name="SupportsDoubleClick_ShouldBeFalse_WhenInteractionStateIsNotNormalAndInSetupMode" storage="d:\actions-runner\_work\xpco\xpco\sc\components\remoteviewer\smartclient\tst\zsmartclient_unittest\bin\x64\debug\net472\zsmartclient_unittest.dll" id="b4acbf62-a814-6c5c-b0cb-e93db772efce">
      <TestCategory>
        <TestCategoryItem TestCategory="GisMap.LocationMarker" />
      </TestCategory>
      <Execution id="22f1d1bb-2a85-477a-9f5c-e04bbcc0adc9" />
      <TestMethod codeBase="D:\actions-runner\_work\XPCO\XPCO\SC\Components\RemoteViewer\SmartClient\tst\zSmartClient_UnitTest\bin\x64\Debug\net472\zSmartClient_UnitTest.dll" adapterTypeName="executor://mstestadapter/v2" className="SmartClient_UnitTest.VideoOS.RemoteClient.Plugin.GisMap.ThinkGeoMap.Markers.LocationMarker.LocationMarkerTests" name="SupportsDoubleClick_ShouldBeFalse_WhenInteractionStateIsNotNormalAndInSetupMode" />
    </UnitTest>
    <UnitTest name="AddSelectedWindowsToExport_ShouldShowCorrectToastMessages (0,5,5)" storage="d:\actions-runner\_work\xpco\xpco\sc\components\remoteviewer\smartclient\tst\zsmartclient_unittest\bin\x64\debug\net472\zsmartclient_unittest.dll" id="3f349f22-910e-6467-945d-edabf65aa707">
      <TestCategory>
        <TestCategoryItem TestCategory="Managers" />
      </TestCategory>
      <Execution id="d132fa91-cf00-4faf-b875-abecb74cd397" />
      <TestMethod codeBase="D:\actions-runner\_work\XPCO\XPCO\SC\Components\RemoteViewer\SmartClient\tst\zSmartClient_UnitTest\bin\x64\Debug\net472\zSmartClient_UnitTest.dll" adapterTypeName="executor://mstestadapter/v2" className="SmartClient_UnitTest.VideoOS.RemoteClient.Application.Managers.ExportManagerTests" name="AddSelectedWindowsToExport_ShouldShowCorrectToastMessages" />
    </UnitTest>
    <UnitTest name="BuildMapOptions_ShouldHandleEnumOptionsCorrectly (GisMapOpenStreetMapGeographicLayer,Unavailable,False)" storage="d:\actions-runner\_work\xpco\xpco\sc\components\remoteviewer\smartclient\tst\zsmartclient_unittest\bin\x64\debug\net472\zsmartclient_unittest.dll" id="d7701d8e-231a-34c8-92a1-08bab8594154">
      <Execution id="0a27558a-ad08-4b6b-bc0e-90d52e339dd3" />
      <TestMethod codeBase="D:\actions-runner\_work\XPCO\XPCO\SC\Components\RemoteViewer\SmartClient\tst\zSmartClient_UnitTest\bin\x64\Debug\net472\zSmartClient_UnitTest.dll" adapterTypeName="executor://mstestadapter/v2" className="SmartClient_UnitTest.VideoOS.RemoteClient.Application.Common.Telemetry.TelemetryBuilderTests" name="BuildMapOptions_ShouldHandleEnumOptionsCorrectly" />
    </UnitTest>
    <UnitTest name="OpenStreetMapLayerIsDisabled_ShouldReturnFalse_WhenOpenStreetMapGeographicLayerOptionIsAvailableAndOpenStreetMapAlternativeServerIsNotEmpty" storage="d:\actions-runner\_work\xpco\xpco\sc\components\remoteviewer\smartclient\tst\zsmartclient_unittest\bin\x64\debug\net472\zsmartclient_unittest.dll" id="4b94700f-6e5c-855d-b131-f805331c5a39">
      <TestCategory>
        <TestCategoryItem TestCategory="GisMapLayer" />
      </TestCategory>
      <Execution id="446c618c-34e9-4762-b90e-7734ea4bbbbf" />
      <TestMethod codeBase="D:\actions-runner\_work\XPCO\XPCO\SC\Components\RemoteViewer\SmartClient\tst\zSmartClient_UnitTest\bin\x64\Debug\net472\zSmartClient_UnitTest.dll" adapterTypeName="executor://mstestadapter/v2" className="SmartClient_UnitTest.VideoOS.RemoteClient.GisMap.MapLayers.GisMapLayerTests" name="OpenStreetMapLayerIsDisabled_ShouldReturnFalse_WhenOpenStreetMapGeographicLayerOptionIsAvailableAndOpenStreetMapAlternativeServerIsNotEmpty" />
    </UnitTest>
    <UnitTest name="SelectTemplate_RegionSelectionFilterConfiguration_ReturnsPopupTemplate" storage="d:\actions-runner\_work\xpco\xpco\sc\components\remoteviewer\smartclient\tst\zsmartclient_unittest\bin\x64\debug\net472\zsmartclient_unittest.dll" id="2960add4-9952-f70d-dcad-c47d9da5fd58">
      <TestCategory>
        <TestCategoryItem TestCategory="SearchViews" />
      </TestCategory>
      <Execution id="cf3ab069-660d-4a30-9c4a-1e18f66f18e5" />
      <TestMethod codeBase="D:\actions-runner\_work\XPCO\XPCO\SC\Components\RemoteViewer\SmartClient\tst\zSmartClient_UnitTest\bin\x64\Debug\net472\zSmartClient_UnitTest.dll" adapterTypeName="executor://mstestadapter/v2" className="SmartClient_UnitTest.VideoOS.RemoteClient.Plugin.CentralizedSearch.Views.AttributeEditControlTemplateSelectorTests" name="SelectTemplate_RegionSelectionFilterConfiguration_ReturnsPopupTemplate" />
    </UnitTest>
    <UnitTest name="CreateUniqeNameTest" storage="d:\actions-runner\_work\xpco\xpco\sc\components\remoteviewer\smartclient\tst\zsmartclient_unittest\bin\x64\debug\net472\zsmartclient_unittest.dll" id="2f70380e-1d07-1023-936c-dd584dd81a70">
      <Execution id="81948de0-cbde-485e-b8c5-02fb4ad07e30" />
      <TestMethod codeBase="D:\actions-runner\_work\XPCO\XPCO\SC\Components\RemoteViewer\SmartClient\tst\zSmartClient_UnitTest\bin\x64\Debug\net472\zSmartClient_UnitTest.dll" adapterTypeName="executor://mstestadapter/v2" className="SmartClient_UnitTest.VideoOS.RemoteClient.Application.Data.Configuration.ViewGroupManagerTest" name="CreateUniqeNameTest" />
    </UnitTest>
    <UnitTest name="HandleSetLayerFeatures_ShouldRaiseArgumentException_WhenNotOutputKindAndOutputLayerFeatures" storage="d:\actions-runner\_work\xpco\xpco\sc\components\remoteviewer\smartclient\tst\zsmartclient_unittest\bin\x64\debug\net472\zsmartclient_unittest.dll" id="a1f63b95-bed0-b504-3aa1-12bbb203c9f9">
      <TestCategory>
        <TestCategoryItem TestCategory="GisMapData.Handlers.LayerFeatures" />
      </TestCategory>
      <Execution id="60f96659-6f21-4585-b8b3-f7506830b5ac" />
      <TestMethod codeBase="D:\actions-runner\_work\XPCO\XPCO\SC\Components\RemoteViewer\SmartClient\tst\zSmartClient_UnitTest\bin\x64\Debug\net472\zSmartClient_UnitTest.dll" adapterTypeName="executor://mstestadapter/v2" className="SmartClient_UnitTest.VideoOS.RemoteClient.GisMapData.Handlers.LayerFeatures.OutputLayerFeaturesHandlerTests" name="HandleSetLayerFeatures_ShouldRaiseArgumentException_WhenNotOutputKindAndOutputLayerFeatures" />
    </UnitTest>
    <UnitTest name="CreateMenuItem_Success" storage="d:\actions-runner\_work\xpco\xpco\sc\components\remoteviewer\smartclient\tst\zsmartclient_unittest\bin\x64\debug\net472\zsmartclient_unittest.dll" id="a476d913-853e-9006-57bf-9e825d119810">
      <TestCategory>
        <TestCategoryItem TestCategory="GisMapMip" />
      </TestCategory>
      <Execution id="baf3c907-584c-43ff-83d6-8cd65d51c624" />
      <TestMethod codeBase="D:\actions-runner\_work\XPCO\XPCO\SC\Components\RemoteViewer\SmartClient\tst\zSmartClient_UnitTest\bin\x64\Debug\net472\zSmartClient_UnitTest.dll" adapterTypeName="executor://mstestadapter/v2" className="SmartClient_UnitTest.VideoOS.RemoteClient.Plugin.GisMap.ThinkGeoMap.ContextMenuUtils.MipItemActionsContextMenuTests" name="CreateMenuItem_Success" />
    </UnitTest>
    <UnitTest name="ScrollIntoView_Async_3DefinitionViewsBelowViewPort_ScrolledToTopmost" storage="d:\actions-runner\_work\xpco\xpco\sc\components\remoteviewer\smartclient\tst\zsmartclient_unittest\bin\x64\debug\net472\zsmartclient_unittest.dll" id="14586c69-09d9-7b16-15c8-c6b5e4ea64f4">
      <TestCategory>
        <TestCategoryItem TestCategory="Search" />
      </TestCategory>
      <Execution id="6277c111-c343-4a2e-acc1-ed6d5c4df1c5" />
      <TestMethod codeBase="D:\actions-runner\_work\XPCO\XPCO\SC\Components\RemoteViewer\SmartClient\tst\zSmartClient_UnitTest\bin\x64\Debug\net472\zSmartClient_UnitTest.dll" adapterTypeName="executor://mstestadapter/v2" className="SmartClient_UnitTest.VideoOS.RemoteClient.Plugin.CentralizedSearch.Views.CriteriaViewTests" name="ScrollIntoView_Async_3DefinitionViewsBelowViewPort_ScrolledToTopmost" />
    </UnitTest>
    <UnitTest name="Command_WithNullActivateResult_PluginInstanceActivatedCalled" storage="d:\actions-runner\_work\xpco\xpco\sc\components\remoteviewer\smartclient\tst\zsmartclient_unittest\bin\x64\debug\net472\zsmartclient_unittest.dll" id="5304ef5f-6f68-f464-023c-0e8f2792256b">
      <TestCategory>
        <TestCategoryItem TestCategory="SearchResultsAction" />
      </TestCategory>
      <Execution id="65cde81c-a46d-44e4-a84b-d9d7bd6a76f1" />
      <TestMethod codeBase="D:\actions-runner\_work\XPCO\XPCO\SC\Components\RemoteViewer\SmartClient\tst\zSmartClient_UnitTest\bin\x64\Debug\net472\zSmartClient_UnitTest.dll" adapterTypeName="executor://mstestadapter/v2" className="SmartClient_UnitTest.VideoOS.RemoteClient.Plugin.CentralizedSearch.ViewModels.SearchResultsActionViewModelTests" name="Command_WithNullActivateResult_PluginInstanceActivatedCalled" />
    </UnitTest>
    <UnitTest name="Ctor_NullPassedToNotNullParameters_Failure" storage="d:\actions-runner\_work\xpco\xpco\sc\components\remoteviewer\smartclient\tst\zsmartclient_unittest\bin\x64\debug\net472\zsmartclient_unittest.dll" id="4fb1e9eb-976d-db8c-6efc-0c953d97980e">
      <TestCategory>
        <TestCategoryItem TestCategory="SearchViewModels" />
      </TestCategory>
      <Execution id="d5e45709-4f4c-4a6a-8f4d-fe70c47d72a0" />
      <TestMethod codeBase="D:\actions-runner\_work\XPCO\XPCO\SC\Components\RemoteViewer\SmartClient\tst\zSmartClient_UnitTest\bin\x64\Debug\net472\zSmartClient_UnitTest.dll" adapterTypeName="executor://mstestadapter/v2" className="SmartClient_UnitTest.VideoOS.RemoteClient.Plugin.CentralizedSearch.ViewModels.SearchViewModelTests" name="Ctor_NullPassedToNotNullParameters_Failure" />
    </UnitTest>
    <UnitTest name="Ctor_CentralizedSearchStateWithSelectedSearchResults_SelectionHelperInitialized" storage="d:\actions-runner\_work\xpco\xpco\sc\components\remoteviewer\smartclient\tst\zsmartclient_unittest\bin\x64\debug\net472\zsmartclient_unittest.dll" id="daba4ba3-c0c2-8c2c-c76e-9c5fdbf89a9e">
      <TestCategory>
        <TestCategoryItem TestCategory="SearchViewModels" />
      </TestCategory>
      <Execution id="93f6b308-3ca4-472a-9249-923bfdebc2b3" />
      <TestMethod codeBase="D:\actions-runner\_work\XPCO\XPCO\SC\Components\RemoteViewer\SmartClient\tst\zSmartClient_UnitTest\bin\x64\Debug\net472\zSmartClient_UnitTest.dll" adapterTypeName="executor://mstestadapter/v2" className="SmartClient_UnitTest.VideoOS.RemoteClient.Plugin.CentralizedSearch.ViewModels.SearchViewModelTests" name="Ctor_CentralizedSearchStateWithSelectedSearchResults_SelectionHelperInitialized" />
    </UnitTest>
    <UnitTest name="ToUnsafeName_MultipleSafeNames_Success" storage="d:\actions-runner\_work\xpco\xpco\sc\components\remoteviewer\smartclient\tst\zsmartclient_unittest\bin\x64\debug\net472\zsmartclient_unittest.dll" id="bc03d8ec-092f-15f4-b2b5-81687d93c9f8">
      <Execution id="c70bebe1-4044-48d3-9f7d-f4316c69cb27" />
      <TestMethod codeBase="D:\actions-runner\_work\XPCO\XPCO\SC\Components\RemoteViewer\SmartClient\tst\zSmartClient_UnitTest\bin\x64\Debug\net472\zSmartClient_UnitTest.dll" adapterTypeName="executor://mstestadapter/v2" className="SmartClient_UnitTest.VideoOS.RemoteClient.Application.Common.Scripting.ReservedJavascriptKeywordsTests" name="ToUnsafeName_MultipleSafeNames_Success" />
    </UnitTest>
    <UnitTest name="DeactivateView_Success" storage="d:\actions-runner\_work\xpco\xpco\sc\components\remoteviewer\smartclient\tst\zsmartclient_unittest\bin\x64\debug\net472\zsmartclient_unittest.dll" id="5ab2a160-0b3e-3ddc-61b5-6572c40a7f10">
      <TestCategory>
        <TestCategoryItem TestCategory="SearchViewModels" />
      </TestCategory>
      <Execution id="4731aad9-597f-4c8b-a078-de15138a38a7" />
      <TestMethod codeBase="D:\actions-runner\_work\XPCO\XPCO\SC\Components\RemoteViewer\SmartClient\tst\zSmartClient_UnitTest\bin\x64\Debug\net472\zSmartClient_UnitTest.dll" adapterTypeName="executor://mstestadapter/v2" className="SmartClient_UnitTest.VideoOS.RemoteClient.Plugin.CentralizedSearch.ViewModels.SearchViewModelTests" name="DeactivateView_Success" />
    </UnitTest>
    <UnitTest name="IsVisible_OneSelectedResult_ReturnsTrue" storage="d:\actions-runner\_work\xpco\xpco\sc\components\remoteviewer\smartclient\tst\zsmartclient_unittest\bin\x64\debug\net472\zsmartclient_unittest.dll" id="4acf2e12-f867-ff67-73aa-be136e127327">
      <TestCategory>
        <TestCategoryItem TestCategory="SearchResultActionBarViewModel" />
      </TestCategory>
      <Execution id="60475ec2-7a1a-4497-9241-ecd9f35f9553" />
      <TestMethod codeBase="D:\actions-runner\_work\XPCO\XPCO\SC\Components\RemoteViewer\SmartClient\tst\zSmartClient_UnitTest\bin\x64\Debug\net472\zSmartClient_UnitTest.dll" adapterTypeName="executor://mstestadapter/v2" className="SmartClient_UnitTest.VideoOS.RemoteClient.Plugin.CentralizedSearch.ViewModels.SearchResultsActionBarViewModelTest" name="IsVisible_OneSelectedResult_ReturnsTrue" />
    </UnitTest>
    <UnitTest name="Selected_retention_option_is_not_cleared_when_available" storage="d:\actions-runner\_work\xpco\xpco\sc\components\remoteviewer\smartclient\tst\zsmartclient_unittest\bin\x64\debug\net472\zsmartclient_unittest.dll" id="9aaaf4ba-8359-75df-6568-0739721a7d97">
      <Execution id="346b1169-a848-4de4-b4e0-a49b6f249c5a" />
      <TestMethod codeBase="D:\actions-runner\_work\XPCO\XPCO\SC\Components\RemoteViewer\SmartClient\tst\zSmartClient_UnitTest\bin\x64\Debug\net472\zSmartClient_UnitTest.dll" adapterTypeName="executor://mstestadapter/v2" className="SmartClient_UnitTest.VideoOS.RemoteClient.Application.Components.EvidenceLock.EvidenceLockCreateEditTests" name="Selected_retention_option_is_not_cleared_when_available" />
    </UnitTest>
    <UnitTest name="DateToStringConverter_Ctor_Success" storage="d:\actions-runner\_work\xpco\xpco\sc\components\remoteviewer\smartclient\tst\zsmartclient_unittest\bin\x64\debug\net472\zsmartclient_unittest.dll" id="c0f25cd3-6ed3-eae8-438d-18b69791b31c">
      <TestCategory>
        <TestCategoryItem TestCategory="SearchConverter" />
      </TestCategory>
      <Execution id="53486505-79c2-4a56-8782-42870b4aa409" />
      <TestMethod codeBase="D:\actions-runner\_work\XPCO\XPCO\SC\Components\RemoteViewer\SmartClient\tst\zSmartClient_UnitTest\bin\x64\Debug\net472\zSmartClient_UnitTest.dll" adapterTypeName="executor://mstestadapter/v2" className="SmartClient_UnitTest.VideoOS.RemoteClient.Plugin.CentralizedSearch.Views.Converters.DateToStringConverterTests" name="DateToStringConverter_Ctor_Success" />
    </UnitTest>
    <UnitTest name="ValidateExportName_ShouldReturnFailResult_InvalidCharactersInExportName (1213&lt;&gt;!?%)" storage="d:\actions-runner\_work\xpco\xpco\sc\components\remoteviewer\smartclient\tst\zsmartclient_unittest\bin\x64\debug\net472\zsmartclient_unittest.dll" id="19058fc1-17d3-cb6e-9eb7-bbf4a0d2890d">
      <TestCategory>
        <TestCategoryItem TestCategory="Export" />
      </TestCategory>
      <Execution id="2a59e67c-eadb-4b70-9523-d9768392ff0f" />
      <TestMethod codeBase="D:\actions-runner\_work\XPCO\XPCO\SC\Components\RemoteViewer\SmartClient\tst\zSmartClient_UnitTest\bin\x64\Debug\net472\zSmartClient_UnitTest.dll" adapterTypeName="executor://mstestadapter/v2" className="SmartClient_UnitTest.VideoOS.RemoteClient.Plugin.Export.ExportDataValidatorTests" name="ValidateExportName_ShouldReturnFailResult_InvalidCharactersInExportName" />
    </UnitTest>
    <UnitTest name="PatrollingPresetViewModel_Constructor_1_Success" storage="d:\actions-runner\_work\xpco\xpco\sc\components\remoteviewer\smartclient\tst\zsmartclient_unittest\bin\x64\debug\net472\zsmartclient_unittest.dll" id="7ce02435-55dc-be77-8a7d-085f35894996">
      <Execution id="c30aa86e-c526-4c4c-8dd8-566bed71ea6c" />
      <TestMethod codeBase="D:\actions-runner\_work\XPCO\XPCO\SC\Components\RemoteViewer\SmartClient\tst\zSmartClient_UnitTest\bin\x64\Debug\net472\zSmartClient_UnitTest.dll" adapterTypeName="executor://mstestadapter/v2" className="SmartClient_UnitTest.VideoOS.RemoteClient.Application.UI.PtzPreset.PatrollingViewModel.PatrollingPresetViewModelTest" name="PatrollingPresetViewModel_Constructor_1_Success" />
    </UnitTest>
    <UnitTest name="CreateGeometry_OnePointsCollection_ThrowsArgException" storage="d:\actions-runner\_work\xpco\xpco\sc\components\remoteviewer\smartclient\tst\zsmartclient_unittest\bin\x64\debug\net472\zsmartclient_unittest.dll" id="3b4fccf6-70be-2d9b-f5f2-d6283b7fde7b">
      <TestCategory>
        <TestCategoryItem TestCategory="GisMapIndex" />
      </TestCategory>
      <Execution id="8ce42ae1-b63d-4af2-bff0-c88c9f93ad26" />
      <TestMethod codeBase="D:\actions-runner\_work\XPCO\XPCO\SC\Components\RemoteViewer\SmartClient\tst\zSmartClient_UnitTest\bin\x64\Debug\net472\zSmartClient_UnitTest.dll" adapterTypeName="executor://mstestadapter/v2" className="SmartClient_UnitTest.VideoOS.RemoteClient.GisMapData.Common.Indexer.IndexUtilTests" name="CreateGeometry_OnePointsCollection_ThrowsArgException" />
    </UnitTest>
    <UnitTest name="Deserialize_ShouldReturnCombineTypeAnd_WhenCombineTypeIsAndInXml" storage="d:\actions-runner\_work\xpco\xpco\sc\components\remoteviewer\smartclient\tst\zsmartclient_unittest\bin\x64\debug\net472\zsmartclient_unittest.dll" id="2833457c-1856-8c1e-4496-190a417e49d0">
      <TestCategory>
        <TestCategoryItem TestCategory="SearchModels" />
      </TestCategory>
      <Execution id="0f4bd672-d5f0-4783-8376-46e695c674a2" />
      <TestMethod codeBase="D:\actions-runner\_work\XPCO\XPCO\SC\Components\RemoteViewer\SmartClient\tst\zSmartClient_UnitTest\bin\x64\Debug\net472\zSmartClient_UnitTest.dll" adapterTypeName="executor://mstestadapter/v2" className="SmartClient_UnitTest.VideoOS.RemoteClient.Plugin.CentralizedSearch.Models.SearchModelTests" name="Deserialize_ShouldReturnCombineTypeAnd_WhenCombineTypeIsAndInXml" />
    </UnitTest>
    <UnitTest name="ToMipSearchResultData_ShouldIncludeCorrectBoundingShapesFromAllSubResults" storage="d:\actions-runner\_work\xpco\xpco\sc\components\remoteviewer\smartclient\tst\zsmartclient_unittest\bin\x64\debug\net472\zsmartclient_unittest.dll" id="6ee9d76c-102e-6b0c-a05d-d3b2cd96bee2">
      <TestCategory>
        <TestCategoryItem TestCategory="Search.Wrappers" />
      </TestCategory>
      <Execution id="4adbff2c-8e8b-4eda-8d15-7a9ae715681d" />
      <TestMethod codeBase="D:\actions-runner\_work\XPCO\XPCO\SC\Components\RemoteViewer\SmartClient\tst\zSmartClient_UnitTest\bin\x64\Debug\net472\zSmartClient_UnitTest.dll" adapterTypeName="executor://mstestadapter/v2" className="SmartClient_UnitTest.VideoOS.RemoteClient.Plugin.CentralizedSearch.Models.Wrappers.CombinedSearchResultDataWrapperTests" name="ToMipSearchResultData_ShouldIncludeCorrectBoundingShapesFromAllSubResults" />
    </UnitTest>
    <UnitTest name="Search_SearchResultReceivedFromDefinitionOnlySupportingSubsetOfFilters_WarningTextAppliedAndEventFired" storage="d:\actions-runner\_work\xpco\xpco\sc\components\remoteviewer\smartclient\tst\zsmartclient_unittest\bin\x64\debug\net472\zsmartclient_unittest.dll" id="b4dcaf4b-c8a6-a3d6-898f-051609cb706b">
      <TestCategory>
        <TestCategoryItem TestCategory="Search" />
      </TestCategory>
      <Execution id="e6fe58dc-d6cf-4739-a0c5-0c62442ace01" />
      <TestMethod codeBase="D:\actions-runner\_work\XPCO\XPCO\SC\Components\RemoteViewer\SmartClient\tst\zSmartClient_UnitTest\bin\x64\Debug\net472\zSmartClient_UnitTest.dll" adapterTypeName="executor://mstestadapter/v2" className="SmartClient_UnitTest.VideoOS.RemoteClient.Plugin.CentralizedSearch.MIPPlugin.CompositeSearchDefinitionTests" name="Search_SearchResultReceivedFromDefinitionOnlySupportingSubsetOfFilters_WarningTextAppliedAndEventFired" />
    </UnitTest>
    <UnitTest name="PinkOemResourcesTest" storage="d:\actions-runner\_work\xpco\xpco\sc\components\remoteviewer\smartclient\tst\zsmartclient_unittest\bin\x64\debug\net472\zsmartclient_unittest.dll" id="d02218a8-fae4-70d3-39b6-dbd98bfacc73">
      <Execution id="a49705d0-7fbf-46ef-8f3f-37e4dadd1821" />
      <TestMethod codeBase="D:\actions-runner\_work\XPCO\XPCO\SC\Components\RemoteViewer\SmartClient\tst\zSmartClient_UnitTest\bin\x64\Debug\net472\zSmartClient_UnitTest.dll" adapterTypeName="executor://mstestadapter/v2" className="SmartClient_UnitTest.VideoOS.RemoteClient.Application.Controllers.OemResourceControllerTest" name="PinkOemResourcesTest" />
    </UnitTest>
    <UnitTest name="GetUtcToday_DayOffsetIncluded_Success" storage="d:\actions-runner\_work\xpco\xpco\sc\components\remoteviewer\smartclient\tst\zsmartclient_unittest\bin\x64\debug\net472\zsmartclient_unittest.dll" id="bd7d68bd-5950-0934-2e64-6a07c08a54b7">
      <TestCategory>
        <TestCategoryItem TestCategory="Search" />
      </TestCategory>
      <Execution id="8f6e1da3-4c6e-4ebe-bdfa-a6d425fdf536" />
      <TestMethod codeBase="D:\actions-runner\_work\XPCO\XPCO\SC\Components\RemoteViewer\SmartClient\tst\zSmartClient_UnitTest\bin\x64\Debug\net472\zSmartClient_UnitTest.dll" adapterTypeName="executor://mstestadapter/v2" className="SmartClient_UnitTest.VideoOS.RemoteClient.Plugin.CentralizedSearch.ViewModels.Data.TimeScopeTests" name="GetUtcToday_DayOffsetIncluded_Success" />
    </UnitTest>
    <UnitTest name="AddMapLayer_CheckPersistedDatagramUpdated_And_RolledbackOnEnterSetupMode_Success" storage="d:\actions-runner\_work\xpco\xpco\sc\components\remoteviewer\smartclient\tst\zsmartclient_unittest\bin\x64\debug\net472\zsmartclient_unittest.dll" id="d8c85228-fbef-6713-8b24-27f4eac58477">
      <TestCategory>
        <TestCategoryItem TestCategory="GisMapLayers" />
      </TestCategory>
      <Execution id="adea1cb7-0ff2-48f3-8d13-e9289e503bde" />
      <TestMethod codeBase="D:\actions-runner\_work\XPCO\XPCO\SC\Components\RemoteViewer\SmartClient\tst\zSmartClient_UnitTest\bin\x64\Debug\net472\zSmartClient_UnitTest.dll" adapterTypeName="executor://mstestadapter/v2" className="SmartClient_UnitTest.VideoOS.RemoteClient.GisMapData.GisMapLayerTests" name="AddMapLayer_CheckPersistedDatagramUpdated_And_RolledbackOnEnterSetupMode_Success" />
    </UnitTest>
    <UnitTest name="ResultTick_MouseClick_FirstItemSelected" storage="d:\actions-runner\_work\xpco\xpco\sc\components\remoteviewer\smartclient\tst\zsmartclient_unittest\bin\x64\debug\net472\zsmartclient_unittest.dll" id="95782b76-412a-a409-a816-e93155ca7714">
      <TestCategory>
        <TestCategoryItem TestCategory="SearchControls" />
      </TestCategory>
      <Execution id="6efa5365-e423-47e2-be5e-e6e440d0f72f" />
      <TestMethod codeBase="D:\actions-runner\_work\XPCO\XPCO\SC\Components\RemoteViewer\SmartClient\tst\zSmartClient_UnitTest\bin\x64\Debug\net472\zSmartClient_UnitTest.dll" adapterTypeName="executor://mstestadapter/v2" className="SmartClient_UnitTest.VideoOS.RemoteClient.Plugin.CentralizedSearch.Views.Controls.TimelineRuler.TimelineRulerControlTests" name="ResultTick_MouseClick_FirstItemSelected" />
    </UnitTest>
    <UnitTest name="GetDomainAndUserName_ShouldReturnDomainAndUserNamePartOfNetworkCredentials_WhenNetworkCredentialsContainsAUserNameAndDomain" storage="d:\actions-runner\_work\xpco\xpco\sc\components\remoteviewer\smartclient\tst\zsmartclient_unittest\bin\x64\debug\net472\zsmartclient_unittest.dll" id="6b0b8696-32c2-657c-f281-65444866a1da">
      <TestCategory>
        <TestCategoryItem TestCategory="Authentication.ClientCredentials" />
      </TestCategory>
      <Execution id="25bbed1f-3dbd-4a4f-9a3d-03d4f6ffa64c" />
      <TestMethod codeBase="D:\actions-runner\_work\XPCO\XPCO\SC\Components\RemoteViewer\SmartClient\tst\zSmartClient_UnitTest\bin\x64\Debug\net472\zSmartClient_UnitTest.dll" adapterTypeName="executor://mstestadapter/v2" className="SmartClient_UnitTest.VideoOS.Shared.ServerAPI.ClientCredentialsTest" name="GetDomainAndUserName_ShouldReturnDomainAndUserNamePartOfNetworkCredentials_WhenNetworkCredentialsContainsAUserNameAndDomain" />
    </UnitTest>
    <UnitTest name="InputMapItem_Delete_Failure_PositionRevertsToGisPoint" storage="d:\actions-runner\_work\xpco\xpco\sc\components\remoteviewer\smartclient\tst\zsmartclient_unittest\bin\x64\debug\net472\zsmartclient_unittest.dll" id="52d5db23-51cb-3736-9800-a010b174438e">
      <TestCategory>
        <TestCategoryItem TestCategory="GisMapData.MapItem.Inputs" />
      </TestCategory>
      <Execution id="3a566c7b-f012-4c1f-bec2-d9cc7baf7e4a" />
      <TestMethod codeBase="D:\actions-runner\_work\XPCO\XPCO\SC\Components\RemoteViewer\SmartClient\tst\zSmartClient_UnitTest\bin\x64\Debug\net472\zSmartClient_UnitTest.dll" adapterTypeName="executor://mstestadapter/v2" className="SmartClient_UnitTest.VideoOS.RemoteClient.GisMapData.MapItem.Inputs.InputMapItemTests" name="InputMapItem_Delete_Failure_PositionRevertsToGisPoint" />
    </UnitTest>
    <UnitTest name="DateToStringConverter_Convert_Success" storage="d:\actions-runner\_work\xpco\xpco\sc\components\remoteviewer\smartclient\tst\zsmartclient_unittest\bin\x64\debug\net472\zsmartclient_unittest.dll" id="221c6f5c-67df-3e64-4570-740aa30cf80e">
      <TestCategory>
        <TestCategoryItem TestCategory="SearchConverter" />
      </TestCategory>
      <Execution id="0c2a8e4b-80ac-4ed9-a54f-ddc40540565e" />
      <TestMethod codeBase="D:\actions-runner\_work\XPCO\XPCO\SC\Components\RemoteViewer\SmartClient\tst\zSmartClient_UnitTest\bin\x64\Debug\net472\zSmartClient_UnitTest.dll" adapterTypeName="executor://mstestadapter/v2" className="SmartClient_UnitTest.VideoOS.RemoteClient.Plugin.CentralizedSearch.Views.Converters.DateToStringConverterTests" name="DateToStringConverter_Convert_Success" />
    </UnitTest>
    <UnitTest name="CreateSearchTemplateAsync_StateError_Success" storage="d:\actions-runner\_work\xpco\xpco\sc\components\remoteviewer\smartclient\tst\zsmartclient_unittest\bin\x64\debug\net472\zsmartclient_unittest.dll" id="78c19542-007c-6e74-a71b-b102247d98de">
      <TestCategory>
        <TestCategoryItem TestCategory="SearchTemplatesService" />
      </TestCategory>
      <Execution id="1911ce11-8e05-4c7b-a379-cf5197eed25b" />
      <TestMethod codeBase="D:\actions-runner\_work\XPCO\XPCO\SC\Components\RemoteViewer\SmartClient\tst\zSmartClient_UnitTest\bin\x64\Debug\net472\zSmartClient_UnitTest.dll" adapterTypeName="executor://mstestadapter/v2" className="SmartClient_UnitTest.VideoOS.RemoteClient.Plugin.CentralizedSearch.SearchTemplates.Service.SearchTemplateServiceTests" name="CreateSearchTemplateAsync_StateError_Success" />
    </UnitTest>
    <UnitTest name="AndOrSearchDefinitionToVisibilityMultiConverter_CallConvert_NotFirstInListAnd" storage="d:\actions-runner\_work\xpco\xpco\sc\components\remoteviewer\smartclient\tst\zsmartclient_unittest\bin\x64\debug\net472\zsmartclient_unittest.dll" id="3a384c62-a21e-fecb-daa1-7890a574eea7">
      <TestCategory>
        <TestCategoryItem TestCategory="SearchConverter" />
      </TestCategory>
      <Execution id="775cb810-f77f-45cd-a8a7-76bfffff7eb9" />
      <TestMethod codeBase="D:\actions-runner\_work\XPCO\XPCO\SC\Components\RemoteViewer\SmartClient\tst\zSmartClient_UnitTest\bin\x64\Debug\net472\zSmartClient_UnitTest.dll" adapterTypeName="executor://mstestadapter/v2" className="SmartClient_UnitTest.VideoOS.RemoteClient.Plugin.CentralizedSearch.Views.Converters.AndOrSearchDefinitionMultiConverterTests" name="AndOrSearchDefinitionToVisibilityMultiConverter_CallConvert_NotFirstInListAnd" />
    </UnitTest>
    <UnitTest name="BindingModelTitle_ReactsTo_PluginInstanceTitleUpdate" storage="d:\actions-runner\_work\xpco\xpco\sc\components\remoteviewer\smartclient\tst\zsmartclient_unittest\bin\x64\debug\net472\zsmartclient_unittest.dll" id="a233d66c-f313-1e74-e181-b2dafdf7eda1">
      <TestCategory>
        <TestCategoryItem TestCategory="WorkspaceToolbar" />
      </TestCategory>
      <Execution id="8638959c-95a6-4d2c-8c1b-ecc0905c4efd" />
      <TestMethod codeBase="D:\actions-runner\_work\XPCO\XPCO\SC\Components\RemoteViewer\SmartClient\tst\zSmartClient_UnitTest\bin\x64\Debug\net472\zSmartClient_UnitTest.dll" adapterTypeName="executor://mstestadapter/v2" className="SmartClient_UnitTest.VideoOS.RemoteClient.Application.Data.WorkspaceToolbar.WorkspaceToolbarItemMipPluginTests" name="BindingModelTitle_ReactsTo_PluginInstanceTitleUpdate" />
    </UnitTest>
    <UnitTest name="SupportsDoubleClick_ShouldBeFalse_WhenInteractionStateIsNotNormalOrNewDevice" storage="d:\actions-runner\_work\xpco\xpco\sc\components\remoteviewer\smartclient\tst\zsmartclient_unittest\bin\x64\debug\net472\zsmartclient_unittest.dll" id="0b5a5a76-188a-3cd1-7ad8-530b93b01a49">
      <TestCategory>
        <TestCategoryItem TestCategory="GisMap.InputMarkerTest" />
      </TestCategory>
      <Execution id="026bb8db-3978-4e7c-8aa8-7b4e073b0a68" />
      <TestMethod codeBase="D:\actions-runner\_work\XPCO\XPCO\SC\Components\RemoteViewer\SmartClient\tst\zSmartClient_UnitTest\bin\x64\Debug\net472\zSmartClient_UnitTest.dll" adapterTypeName="executor://mstestadapter/v2" className="SmartClient_UnitTest.VideoOS.RemoteClient.Plugin.GisMap.ThinkGeoMap.Markers.DeviceMarkers.InputMarker.InputMarkerTests" name="SupportsDoubleClick_ShouldBeFalse_WhenInteractionStateIsNotNormalOrNewDevice" />
    </UnitTest>
    <UnitTest name="UpdateSearchTemplateAsync_ValidParameters_Success" storage="d:\actions-runner\_work\xpco\xpco\sc\components\remoteviewer\smartclient\tst\zsmartclient_unittest\bin\x64\debug\net472\zsmartclient_unittest.dll" id="2b34fdd0-9f13-a5e7-cdd1-b024cdc0e042">
      <TestCategory>
        <TestCategoryItem TestCategory="SearchTemplatesService" />
      </TestCategory>
      <Execution id="660cd57b-4225-487d-ae51-94ec168e2f16" />
      <TestMethod codeBase="D:\actions-runner\_work\XPCO\XPCO\SC\Components\RemoteViewer\SmartClient\tst\zSmartClient_UnitTest\bin\x64\Debug\net472\zSmartClient_UnitTest.dll" adapterTypeName="executor://mstestadapter/v2" className="SmartClient_UnitTest.VideoOS.RemoteClient.Plugin.CentralizedSearch.SearchTemplates.Service.SearchTemplateServiceTests" name="UpdateSearchTemplateAsync_ValidParameters_Success" />
    </UnitTest>
    <UnitTest name="EdgeRetrievalDisabled_WithNoRetrieveEdgeRecordingsDevices" storage="d:\actions-runner\_work\xpco\xpco\sc\components\remoteviewer\smartclient\tst\zsmartclient_unittest\bin\x64\debug\net472\zsmartclient_unittest.dll" id="cee32012-58c3-68f0-2859-0edd65456cf2">
      <TestCategory>
        <TestCategoryItem TestCategory="WorkspaceToolbar" />
      </TestCategory>
      <Execution id="7ef3580b-0ada-4d26-992f-bdd8da3b2ed0" />
      <TestMethod codeBase="D:\actions-runner\_work\XPCO\XPCO\SC\Components\RemoteViewer\SmartClient\tst\zSmartClient_UnitTest\bin\x64\Debug\net472\zSmartClient_UnitTest.dll" adapterTypeName="executor://mstestadapter/v2" className="SmartClient_UnitTest.VideoOS.RemoteClient.Application.UI.Content.WorkspaceToolbar.WorkspaceToolbarViewModelTests" name="EdgeRetrievalDisabled_WithNoRetrieveEdgeRecordingsDevices" />
    </UnitTest>
    <UnitTest name="ClientCapabilitiesDto_ShouldYieldSameValues_WhenRoundTripConverted" storage="d:\actions-runner\_work\xpco\xpco\sc\components\remoteviewer\smartclient\tst\zsmartclient_unittest\bin\x64\debug\net472\zsmartclient_unittest.dll" id="876c309e-bcb3-56f1-e371-740d48449c19">
      <TestCategory>
        <TestCategoryItem TestCategory="RecorderProxyToDtoMapping" />
      </TestCategory>
      <Execution id="8ac5b83a-9d69-4990-974b-1c26bd4b2629" />
      <TestMethod codeBase="D:\actions-runner\_work\XPCO\XPCO\SC\Components\RemoteViewer\SmartClient\tst\zSmartClient_UnitTest\bin\x64\Debug\net472\zSmartClient_UnitTest.dll" adapterTypeName="executor://mstestadapter/v2" className="VideoOS.Shared.ServerAPI.SOAP.RecorderClientMappingTests" name="ClientCapabilitiesDto_ShouldYieldSameValues_WhenRoundTripConverted" />
    </UnitTest>
    <UnitTest name="TestSwitchWorkroom_UnknownWorkroom_Refuse" storage="d:\actions-runner\_work\xpco\xpco\sc\components\remoteviewer\smartclient\tst\zsmartclient_unittest\bin\x64\debug\net472\zsmartclient_unittest.dll" id="ea5a4ea7-1d9c-b14b-b54d-c59f326749f2">
      <TestCategory>
        <TestCategoryItem TestCategory="WorkroomController" />
      </TestCategory>
      <Execution id="4f3bd90c-e485-440c-9be6-a19b6b6347c8" />
      <TestMethod codeBase="D:\actions-runner\_work\XPCO\XPCO\SC\Components\RemoteViewer\SmartClient\tst\zSmartClient_UnitTest\bin\x64\Debug\net472\zSmartClient_UnitTest.dll" adapterTypeName="executor://mstestadapter/v2" className="VideoOS.RemoteClient.Application.Controllers.WorkroomController.UnitTest.TabWorkroomControllerTest" name="TestSwitchWorkroom_UnknownWorkroom_Refuse" />
    </UnitTest>
    <UnitTest name="TestWriteXmlTaskId" storage="d:\actions-runner\_work\xpco\xpco\sc\components\remoteviewer\smartclient\tst\zsmartclient_unittest\bin\x64\debug\net472\zsmartclient_unittest.dll" id="74ee50b8-0598-e8ca-7e2f-330081ea45bc">
      <Execution id="8655143c-ce27-407f-ab6e-e0ff92a787dd" />
      <TestMethod codeBase="D:\actions-runner\_work\XPCO\XPCO\SC\Components\RemoteViewer\SmartClient\tst\zSmartClient_UnitTest\bin\x64\Debug\net472\zSmartClient_UnitTest.dll" adapterTypeName="executor://mstestadapter/v2" className="SmartClient_UnitTest.VideoOS.RemoteClient.Application.Data.Retrievals.RetrievalMetadataTest" name="TestWriteXmlTaskId" />
    </UnitTest>
    <UnitTest name="DeviceSelectorUserControl_ShouldRaiseMissingMethodException_WhenUserControlLacksConstructorWithInteractionStateParameter" storage="d:\actions-runner\_work\xpco\xpco\sc\components\remoteviewer\smartclient\tst\zsmartclient_unittest\bin\x64\debug\net472\zsmartclient_unittest.dll" id="2a74f75f-14b3-bc86-2d45-d53566346d28">
      <TestCategory>
        <TestCategoryItem TestCategory="GisMap.UI.DeviceSelectors.PanelComponents" />
      </TestCategory>
      <Execution id="ae336463-437b-4d9b-b0f0-50d7fa8075da" />
      <TestMethod codeBase="D:\actions-runner\_work\XPCO\XPCO\SC\Components\RemoteViewer\SmartClient\tst\zSmartClient_UnitTest\bin\x64\Debug\net472\zSmartClient_UnitTest.dll" adapterTypeName="executor://mstestadapter/v2" className="SmartClient_UnitTest.VideoOS.RemoteClient.Plugin.GisMap.UI.DeviceSelectors.PanelComponents.DeviceSelectorPanelComponentTests" name="DeviceSelectorUserControl_ShouldRaiseMissingMethodException_WhenUserControlLacksConstructorWithInteractionStateParameter" />
    </UnitTest>
    <UnitTest name="DrawCore_ShouldDisplayClusterMarkers_WhenClusteringEnabled" storage="d:\actions-runner\_work\xpco\xpco\sc\components\remoteviewer\smartclient\tst\zsmartclient_unittest\bin\x64\debug\net472\zsmartclient_unittest.dll" id="b3f386a5-07aa-a732-a6bd-e0f6659489a9">
      <TestCategory>
        <TestCategoryItem TestCategory="SmartMap.MapItemsOverlay" />
      </TestCategory>
      <Execution id="de4474dd-5533-4567-93e9-a0ad57ee3986" />
      <TestMethod codeBase="D:\actions-runner\_work\XPCO\XPCO\SC\Components\RemoteViewer\SmartClient\tst\zSmartClient_UnitTest\bin\x64\Debug\net472\zSmartClient_UnitTest.dll" adapterTypeName="executor://mstestadapter/v2" className="SmartClient_UnitTest.VideoOS.RemoteClient.Plugin.GisMap.ThinkGeoMap.SpecializedOverlays.Overlays.MapItemsOverlayTests" name="DrawCore_ShouldDisplayClusterMarkers_WhenClusteringEnabled" />
    </UnitTest>
    <UnitTest name="GetSnapshots_SuccessAndFailure" storage="d:\actions-runner\_work\xpco\xpco\sc\components\remoteviewer\smartclient\tst\zsmartclient_unittest\bin\x64\debug\net472\zsmartclient_unittest.dll" id="d8b2b973-4ac7-3ca5-0bd3-f1fc5da91e4d">
      <TestCategory>
        <TestCategoryItem TestCategory="Search" />
      </TestCategory>
      <Execution id="8234b4d8-02a2-4965-8e56-b8d482903bd2" />
      <TestMethod codeBase="D:\actions-runner\_work\XPCO\XPCO\SC\Components\RemoteViewer\SmartClient\tst\zSmartClient_UnitTest\bin\x64\Debug\net472\zSmartClient_UnitTest.dll" adapterTypeName="executor://mstestadapter/v2" className="SmartClient_UnitTest.VideoOS.RemoteClient.Plugin.CentralizedSearch.ViewModels.Data.SnapshotHandlerTests" name="GetSnapshots_SuccessAndFailure" />
    </UnitTest>
    <UnitTest name="Ctor_NoAppConfigOverride_AddScriptSetToTrue" storage="d:\actions-runner\_work\xpco\xpco\sc\components\remoteviewer\smartclient\tst\zsmartclient_unittest\bin\x64\debug\net472\zsmartclient_unittest.dll" id="e0dfd89d-a08f-8cca-2e86-69c3531c6abb">
      <Execution id="7c69f51f-139e-4b3f-99e2-0ae0857f56fb" />
      <TestMethod codeBase="D:\actions-runner\_work\XPCO\XPCO\SC\Components\RemoteViewer\SmartClient\tst\zSmartClient_UnitTest\bin\x64\Debug\net472\zSmartClient_UnitTest.dll" adapterTypeName="executor://mstestadapter/v2" className="SmartClient_UnitTest.VideoOS.RemoteClient.Plugin.HtmlViewItem.HtmlContentHolderTests" name="Ctor_NoAppConfigOverride_AddScriptSetToTrue" />
    </UnitTest>
    <UnitTest name="IsHomeButtonVisible_MappedToViewModel_Success" storage="d:\actions-runner\_work\xpco\xpco\sc\components\remoteviewer\smartclient\tst\zsmartclient_unittest\bin\x64\debug\net472\zsmartclient_unittest.dll" id="929085e5-a3c9-9121-b306-acebdc919f57">
      <TestCategory>
        <TestCategoryItem TestCategory="GisMap.GisMapViewFacade" />
      </TestCategory>
      <Execution id="4600f795-df59-49be-991a-da41bf2716a2" />
      <TestMethod codeBase="D:\actions-runner\_work\XPCO\XPCO\SC\Components\RemoteViewer\SmartClient\tst\zSmartClient_UnitTest\bin\x64\Debug\net472\zSmartClient_UnitTest.dll" adapterTypeName="executor://mstestadapter/v2" className="SmartClient_UnitTest.VideoOS.RemoteClient.Plugin.GisMap.IoC.GisMapViewFacadeTests" name="IsHomeButtonVisible_MappedToViewModel_Success" />
    </UnitTest>
    <UnitTest name="Close_NotMainController_StateNotSaved" storage="d:\actions-runner\_work\xpco\xpco\sc\components\remoteviewer\smartclient\tst\zsmartclient_unittest\bin\x64\debug\net472\zsmartclient_unittest.dll" id="2a44ed0f-e637-248d-7f45-7c53931a1bbe">
      <TestCategory>
        <TestCategoryItem TestCategory="Search" />
      </TestCategory>
      <Execution id="0780db03-a46b-433f-bbf5-8a0aaeb2d212" />
      <TestMethod codeBase="D:\actions-runner\_work\XPCO\XPCO\SC\Components\RemoteViewer\SmartClient\tst\zSmartClient_UnitTest\bin\x64\Debug\net472\zSmartClient_UnitTest.dll" adapterTypeName="executor://mstestadapter/v2" className="SmartClient_UnitTest.VideoOS.RemoteClient.Plugin.CentralizedSearch.CentralizedSearchContentHolderTests" name="Close_NotMainController_StateNotSaved" />
    </UnitTest>
    <UnitTest name="Deserialize_ShouldReportInvalidCombineType_WhenCombineTypeValueIsNotAnInteger" storage="d:\actions-runner\_work\xpco\xpco\sc\components\remoteviewer\smartclient\tst\zsmartclient_unittest\bin\x64\debug\net472\zsmartclient_unittest.dll" id="1d5225e4-5ff0-424d-ae91-6d7aa1287493">
      <TestCategory>
        <TestCategoryItem TestCategory="SearchSerialization" />
      </TestCategory>
      <Execution id="4a806023-8e26-4280-9b1d-111ee1eb0648" />
      <TestMethod codeBase="D:\actions-runner\_work\XPCO\XPCO\SC\Components\RemoteViewer\SmartClient\tst\zSmartClient_UnitTest\bin\x64\Debug\net472\zSmartClient_UnitTest.dll" adapterTypeName="executor://mstestadapter/v2" className="SmartClient_UnitTest.VideoOS.RemoteClient.Plugin.CentralizedSearch.Models.Serialization.SearchSerializerTests" name="Deserialize_ShouldReportInvalidCombineType_WhenCombineTypeValueIsNotAnInteger" />
    </UnitTest>
    <UnitTest name="ActiveInteractionStateBinding_ShouldNotBeNull_WhenCtorIsCalled" storage="d:\actions-runner\_work\xpco\xpco\sc\components\remoteviewer\smartclient\tst\zsmartclient_unittest\bin\x64\debug\net472\zsmartclient_unittest.dll" id="eca2f5e0-8a90-6eb5-1db4-f1eb3f5fb4f4">
      <TestCategory>
        <TestCategoryItem TestCategory="GisMap.CameraMarker" />
      </TestCategory>
      <Execution id="afc1e4ab-aa0c-4a54-bc9b-303fa2a91ef2" />
      <TestMethod codeBase="D:\actions-runner\_work\XPCO\XPCO\SC\Components\RemoteViewer\SmartClient\tst\zSmartClient_UnitTest\bin\x64\Debug\net472\zSmartClient_UnitTest.dll" adapterTypeName="executor://mstestadapter/v2" className="SmartClient_UnitTest.VideoOS.RemoteClient.Plugin.GisMap.ThinkGeoMap.Markers.DeviceMarkers.CameraMarker.CameraMarkerTests" name="ActiveInteractionStateBinding_ShouldNotBeNull_WhenCtorIsCalled" />
    </UnitTest>
    <UnitTest name="SetItemOutlines_OutlinesSome_Success" storage="d:\actions-runner\_work\xpco\xpco\sc\components\remoteviewer\smartclient\tst\zsmartclient_unittest\bin\x64\debug\net472\zsmartclient_unittest.dll" id="6da1ad54-af03-13ff-88b0-777550297923">
      <TestCategory>
        <TestCategoryItem TestCategory="GisMap.GisMapViewFacade" />
      </TestCategory>
      <Execution id="6c1c2d88-7104-42c3-aaae-521875330c6a" />
      <TestMethod codeBase="D:\actions-runner\_work\XPCO\XPCO\SC\Components\RemoteViewer\SmartClient\tst\zSmartClient_UnitTest\bin\x64\Debug\net472\zSmartClient_UnitTest.dll" adapterTypeName="executor://mstestadapter/v2" className="SmartClient_UnitTest.VideoOS.RemoteClient.Plugin.GisMap.IoC.GisMapViewFacadeTests" name="SetItemOutlines_OutlinesSome_Success" />
    </UnitTest>
    <UnitTest name="UpdateAction_SingleAccepted_DoesNotChangeToolTip" storage="d:\actions-runner\_work\xpco\xpco\sc\components\remoteviewer\smartclient\tst\zsmartclient_unittest\bin\x64\debug\net472\zsmartclient_unittest.dll" id="1995aa56-764e-e077-7015-d7ad96740ef7">
      <TestCategory>
        <TestCategoryItem TestCategory="SearchResultsAction" />
      </TestCategory>
      <Execution id="ba2c8522-112d-41f1-b378-7ba8b9f39c58" />
      <TestMethod codeBase="D:\actions-runner\_work\XPCO\XPCO\SC\Components\RemoteViewer\SmartClient\tst\zSmartClient_UnitTest\bin\x64\Debug\net472\zSmartClient_UnitTest.dll" adapterTypeName="executor://mstestadapter/v2" className="SmartClient_UnitTest.VideoOS.RemoteClient.Plugin.CentralizedSearch.ViewModels.SearchResultsActionViewModelTests" name="UpdateAction_SingleAccepted_DoesNotChangeToolTip" />
    </UnitTest>
    <UnitTest name="DeleteIndexFor_Milestone_ItemsAreInGlobalCluster" storage="d:\actions-runner\_work\xpco\xpco\sc\components\remoteviewer\smartclient\tst\zsmartclient_unittest\bin\x64\debug\net472\zsmartclient_unittest.dll" id="80d36421-2cec-943f-7f34-60be14e9a632">
      <TestCategory>
        <TestCategoryItem TestCategory="GisMapIndex" />
      </TestCategory>
      <Execution id="97059809-e6f7-428e-ac52-9f2d8e9306eb" />
      <TestMethod codeBase="D:\actions-runner\_work\XPCO\XPCO\SC\Components\RemoteViewer\SmartClient\tst\zSmartClient_UnitTest\bin\x64\Debug\net472\zSmartClient_UnitTest.dll" adapterTypeName="executor://mstestadapter/v2" className="SmartClient_UnitTest.VideoOS.RemoteClient.GisMapData.Common.Indexer.BuildingsAwareIndexerTests" name="DeleteIndexFor_Milestone_ItemsAreInGlobalCluster" />
    </UnitTest>
    <UnitTest name="LoadInitialState_NullState_ReturnsNewEmptyState" storage="d:\actions-runner\_work\xpco\xpco\sc\components\remoteviewer\smartclient\tst\zsmartclient_unittest\bin\x64\debug\net472\zsmartclient_unittest.dll" id="1f86583b-e772-053b-5dde-1a3c6a164dcd">
      <TestCategory>
        <TestCategoryItem TestCategory="Search" />
      </TestCategory>
      <Execution id="5ac2e2b5-086b-4b9f-84e0-54a096928237" />
      <TestMethod codeBase="D:\actions-runner\_work\XPCO\XPCO\SC\Components\RemoteViewer\SmartClient\tst\zSmartClient_UnitTest\bin\x64\Debug\net472\zSmartClient_UnitTest.dll" adapterTypeName="executor://mstestadapter/v2" className="SmartClient_UnitTest.VideoOS.RemoteClient.Plugin.CentralizedSearch.CentralizedSearchContentHolderTests" name="LoadInitialState_NullState_ReturnsNewEmptyState" />
    </UnitTest>
    <UnitTest name="SetLayerFeatures_ShouldUpdateMicrophoneItemsMapLayer_WhenMicrophoneKindAndMicrophoneLayerFeatures" storage="d:\actions-runner\_work\xpco\xpco\sc\components\remoteviewer\smartclient\tst\zsmartclient_unittest\bin\x64\debug\net472\zsmartclient_unittest.dll" id="743f0fe4-79cc-4cbd-b2f9-4683eb98d09d">
      <TestCategory>
        <TestCategoryItem TestCategory="GisMapData.Controllers.LayerFeatures" />
      </TestCategory>
      <Execution id="5f9f404a-eb8e-4440-bba7-201456b74a82" />
      <TestMethod codeBase="D:\actions-runner\_work\XPCO\XPCO\SC\Components\RemoteViewer\SmartClient\tst\zSmartClient_UnitTest\bin\x64\Debug\net472\zSmartClient_UnitTest.dll" adapterTypeName="executor://mstestadapter/v2" className="SmartClient_UnitTest.VideoOS.RemoteClient.GisMapData.Controllers.LayerFeatures.LayerFeaturesControllerTests" name="SetLayerFeatures_ShouldUpdateMicrophoneItemsMapLayer_WhenMicrophoneKindAndMicrophoneLayerFeatures" />
    </UnitTest>
    <UnitTest name="PopulateTooltip_SingleResultsFromSingleCamera24Hours_ValidText" storage="d:\actions-runner\_work\xpco\xpco\sc\components\remoteviewer\smartclient\tst\zsmartclient_unittest\bin\x64\debug\net472\zsmartclient_unittest.dll" id="15d239ea-71aa-55f8-a2eb-41474406f678">
      <TestCategory>
        <TestCategoryItem TestCategory="SearchControls" />
      </TestCategory>
      <Execution id="245f59a4-e6b0-4c12-8922-514e29d4dec8" />
      <TestMethod codeBase="D:\actions-runner\_work\XPCO\XPCO\SC\Components\RemoteViewer\SmartClient\tst\zSmartClient_UnitTest\bin\x64\Debug\net472\zSmartClient_UnitTest.dll" adapterTypeName="executor://mstestadapter/v2" className="SmartClient_UnitTest.VideoOS.RemoteClient.Plugin.CentralizedSearch.Views.Controls.TimelineRuler.TimelineRulerControlTests" name="PopulateTooltip_SingleResultsFromSingleCamera24Hours_ValidText" />
    </UnitTest>
    <UnitTest name="GetDuration_AllCombined_Success" storage="d:\actions-runner\_work\xpco\xpco\sc\components\remoteviewer\smartclient\tst\zsmartclient_unittest\bin\x64\debug\net472\zsmartclient_unittest.dll" id="63df17ff-7d87-8f4d-112e-c1a3760436bb">
      <TestCategory>
        <TestCategoryItem TestCategory="Search" />
      </TestCategory>
      <Execution id="894cce7b-5958-449e-9ce1-0f9c6844ca1e" />
      <TestMethod codeBase="D:\actions-runner\_work\XPCO\XPCO\SC\Components\RemoteViewer\SmartClient\tst\zSmartClient_UnitTest\bin\x64\Debug\net472\zSmartClient_UnitTest.dll" adapterTypeName="executor://mstestadapter/v2" className="SmartClient_UnitTest.VideoOS.RemoteClient.Plugin.CentralizedSearch.ViewModels.Data.TimeScopeTests" name="GetDuration_AllCombined_Success" />
    </UnitTest>
    <UnitTest name="CameraMapItem_Delete_Failure_PositionRevertsToGisPoint" storage="d:\actions-runner\_work\xpco\xpco\sc\components\remoteviewer\smartclient\tst\zsmartclient_unittest\bin\x64\debug\net472\zsmartclient_unittest.dll" id="c15ffa78-e595-57a3-d2fc-5e6f27b46541">
      <TestCategory>
        <TestCategoryItem TestCategory="GisMapMapItem" />
      </TestCategory>
      <Execution id="02bc3a43-b684-47d1-a78f-7f6df01c093a" />
      <TestMethod codeBase="D:\actions-runner\_work\XPCO\XPCO\SC\Components\RemoteViewer\SmartClient\tst\zSmartClient_UnitTest\bin\x64\Debug\net472\zSmartClient_UnitTest.dll" adapterTypeName="executor://mstestadapter/v2" className="SmartClient_UnitTest.VideoOS.RemoteClient.GisMap.MapItem.MapItemTests" name="CameraMapItem_Delete_Failure_PositionRevertsToGisPoint" />
    </UnitTest>
    <UnitTest name="PtzSessionControllerInfo_TimeChangedTest_Different_CameraId" storage="d:\actions-runner\_work\xpco\xpco\sc\components\remoteviewer\smartclient\tst\zsmartclient_unittest\bin\x64\debug\net472\zsmartclient_unittest.dll" id="931ed933-de82-365f-5037-e2d1c5c2f2a2">
      <Execution id="21f7d804-65fb-4041-95c3-d14f094e0934" />
      <TestMethod codeBase="D:\actions-runner\_work\XPCO\XPCO\SC\Components\RemoteViewer\SmartClient\tst\zSmartClient_UnitTest\bin\x64\Debug\net472\zSmartClient_UnitTest.dll" adapterTypeName="executor://mstestadapter/v2" className="VideoOS.RemoteClient.Application.Controllers.UnitTest.PtzSessionControllerTest" name="PtzSessionControllerInfo_TimeChangedTest_Different_CameraId" />
    </UnitTest>
    <UnitTest name="Serialize_FromTimeOnly_Success" storage="d:\actions-runner\_work\xpco\xpco\sc\components\remoteviewer\smartclient\tst\zsmartclient_unittest\bin\x64\debug\net472\zsmartclient_unittest.dll" id="99ee5135-30d5-eb69-226f-d05fc552bf85">
      <TestCategory>
        <TestCategoryItem TestCategory="SearchSerialization" />
      </TestCategory>
      <Execution id="4411a806-eac4-4e14-95fc-e9cdbc369355" />
      <TestMethod codeBase="D:\actions-runner\_work\XPCO\XPCO\SC\Components\RemoteViewer\SmartClient\tst\zSmartClient_UnitTest\bin\x64\Debug\net472\zSmartClient_UnitTest.dll" adapterTypeName="executor://mstestadapter/v2" className="SmartClient_UnitTest.VideoOS.RemoteClient.Plugin.CentralizedSearch.Models.Serialization.SearchSerializerTests" name="Serialize_FromTimeOnly_Success" />
    </UnitTest>
    <UnitTest name="ValidateExportLocation_ShouldReturnFailResult_ExportFolderIsIllegal (True,False)" storage="d:\actions-runner\_work\xpco\xpco\sc\components\remoteviewer\smartclient\tst\zsmartclient_unittest\bin\x64\debug\net472\zsmartclient_unittest.dll" id="3417a0aa-0a1b-f490-3003-26e2483aac2f">
      <TestCategory>
        <TestCategoryItem TestCategory="Export" />
      </TestCategory>
      <Execution id="ab22b142-5852-41b8-9f72-408f6b757b0a" />
      <TestMethod codeBase="D:\actions-runner\_work\XPCO\XPCO\SC\Components\RemoteViewer\SmartClient\tst\zSmartClient_UnitTest\bin\x64\Debug\net472\zSmartClient_UnitTest.dll" adapterTypeName="executor://mstestadapter/v2" className="SmartClient_UnitTest.VideoOS.RemoteClient.Plugin.Export.ExportDataValidatorTests" name="ValidateExportLocation_ShouldReturnFailResult_ExportFolderIsIllegal" />
    </UnitTest>
    <UnitTest name="ShouldReturnTrueWhenBuildingsLayerChanged" storage="d:\actions-runner\_work\xpco\xpco\sc\components\remoteviewer\smartclient\tst\zsmartclient_unittest\bin\x64\debug\net472\zsmartclient_unittest.dll" id="f80158fa-d75f-54b9-6b80-4f00a7c4aaf2">
      <TestCategory>
        <TestCategoryItem TestCategory="MipItemsUpdateStrategy" />
      </TestCategory>
      <Execution id="a9ceacc4-df9f-4db8-bfdb-060666ff18a5" />
      <TestMethod codeBase="D:\actions-runner\_work\XPCO\XPCO\SC\Components\RemoteViewer\SmartClient\tst\zSmartClient_UnitTest\bin\x64\Debug\net472\zSmartClient_UnitTest.dll" adapterTypeName="executor://mstestadapter/v2" className="SmartClient_UnitTest.VideoOS.RemoteClient.Plugin.GisMap.MIP.MipItemsUpdateStrategyTests" name="ShouldReturnTrueWhenBuildingsLayerChanged" />
    </UnitTest>
    <UnitTest name="ScrollIntoView_Async_DefinitionViewBelowOutOfViewPort_Scrolled" storage="d:\actions-runner\_work\xpco\xpco\sc\components\remoteviewer\smartclient\tst\zsmartclient_unittest\bin\x64\debug\net472\zsmartclient_unittest.dll" id="411bf916-58a4-1dad-e0e6-3f86688192cf">
      <TestCategory>
        <TestCategoryItem TestCategory="Search" />
      </TestCategory>
      <Execution id="fa72bd87-e789-4260-9bf6-fc48cf82cf87" />
      <TestMethod codeBase="D:\actions-runner\_work\XPCO\XPCO\SC\Components\RemoteViewer\SmartClient\tst\zSmartClient_UnitTest\bin\x64\Debug\net472\zSmartClient_UnitTest.dll" adapterTypeName="executor://mstestadapter/v2" className="SmartClient_UnitTest.VideoOS.RemoteClient.Plugin.CentralizedSearch.Views.CriteriaViewTests" name="ScrollIntoView_Async_DefinitionViewBelowOutOfViewPort_Scrolled" />
    </UnitTest>
    <UnitTest name="Constructor_ShouldRaiseArgumentNullException_WhenGisMapViewModelIsNull" storage="d:\actions-runner\_work\xpco\xpco\sc\components\remoteviewer\smartclient\tst\zsmartclient_unittest\bin\x64\debug\net472\zsmartclient_unittest.dll" id="3d6545fc-4bd4-f8dd-090b-7fa4464a971d">
      <TestCategory>
        <TestCategoryItem TestCategory="GisMap.DeviceSelectorWindowViewModel" />
      </TestCategory>
      <Execution id="d0ffaa3d-7d63-4902-a360-fa99acbdace3" />
      <TestMethod codeBase="D:\actions-runner\_work\XPCO\XPCO\SC\Components\RemoteViewer\SmartClient\tst\zSmartClient_UnitTest\bin\x64\Debug\net472\zSmartClient_UnitTest.dll" adapterTypeName="executor://mstestadapter/v2" className="SmartClient_UnitTest.VideoOS.RemoteClient.Plugin.GisMap.ViewModels.DeviceSelectorWindowViewModelTests" name="Constructor_ShouldRaiseArgumentNullException_WhenGisMapViewModelIsNull" />
    </UnitTest>
    <UnitTest name="SearchResultsActionBarActions_Export_OptionStillAvailable_OtherExportOptionsUnavailable_NotVisible" storage="d:\actions-runner\_work\xpco\xpco\sc\components\remoteviewer\smartclient\tst\zsmartclient_unittest\bin\x64\debug\net472\zsmartclient_unittest.dll" id="37ae04ae-6997-0ecf-07a1-64b6d7659569">
      <TestCategory>
        <TestCategoryItem TestCategory="SearchResultActionBarViewModel" />
      </TestCategory>
      <Execution id="97fef579-934f-427d-aa48-467a74a42c3a" />
      <TestMethod codeBase="D:\actions-runner\_work\XPCO\XPCO\SC\Components\RemoteViewer\SmartClient\tst\zSmartClient_UnitTest\bin\x64\Debug\net472\zSmartClient_UnitTest.dll" adapterTypeName="executor://mstestadapter/v2" className="SmartClient_UnitTest.VideoOS.RemoteClient.Plugin.CentralizedSearch.ViewModels.SearchResultsActionBarViewModelTest" name="SearchResultsActionBarActions_Export_OptionStillAvailable_OtherExportOptionsUnavailable_NotVisible" />
    </UnitTest>
    <UnitTest name="MapCameraIcons_WhenPinkOemResource_ShouldReturnTenIcons" storage="d:\actions-runner\_work\xpco\xpco\sc\components\remoteviewer\smartclient\tst\zsmartclient_unittest\bin\x64\debug\net472\zsmartclient_unittest.dll" id="b7095fa5-4f07-bfb6-a358-0338e32383f9">
      <Execution id="f37dfd58-4f5e-4acf-9cdd-963dde85d784" />
      <TestMethod codeBase="D:\actions-runner\_work\XPCO\XPCO\SC\Components\RemoteViewer\SmartClient\tst\zSmartClient_UnitTest\bin\x64\Debug\net472\zSmartClient_UnitTest.dll" adapterTypeName="executor://mstestadapter/v2" className="SmartClient_UnitTest.VideoOS.RemoteClient.Application.Controllers.OemResourceControllerTest" name="MapCameraIcons_WhenPinkOemResource_ShouldReturnTenIcons" />
    </UnitTest>
    <UnitTest name="Constructor_ShouldRaiseArgumentNullException_WhenMapLayersIsNull" storage="d:\actions-runner\_work\xpco\xpco\sc\components\remoteviewer\smartclient\tst\zsmartclient_unittest\bin\x64\debug\net472\zsmartclient_unittest.dll" id="13a4d90a-2e75-f52a-90e5-614716c51196">
      <TestCategory>
        <TestCategoryItem TestCategory="GisMap.LayerVisibilityItemDataChildrenToggleItemDecoratorTests" />
      </TestCategory>
      <Execution id="73144861-4dfa-449a-9814-0a847ef0091a" />
      <TestMethod codeBase="D:\actions-runner\_work\XPCO\XPCO\SC\Components\RemoteViewer\SmartClient\tst\zSmartClient_UnitTest\bin\x64\Debug\net472\zSmartClient_UnitTest.dll" adapterTypeName="executor://mstestadapter/v2" className="SmartClient_UnitTest.VideoOS.RemoteClient.Plugin.GisMap.ViewModels.LayersVisibility.Decorators.LayerVisibilityItemDataChildrenToggleItemDecoratorTests" name="Constructor_ShouldRaiseArgumentNullException_WhenMapLayersIsNull" />
    </UnitTest>
    <UnitTest name="DeactivatedOutputIcons_ShouldReturnIconsInAProperOrder_WhenCalled" storage="d:\actions-runner\_work\xpco\xpco\sc\components\remoteviewer\smartclient\tst\zsmartclient_unittest\bin\x64\debug\net472\zsmartclient_unittest.dll" id="9febb6f2-deb2-94da-aa47-7dc5befd915e">
      <TestCategory>
        <TestCategoryItem TestCategory="GisMapData.OutputOemResourcesProviderTests" />
      </TestCategory>
      <Execution id="34823c76-ebbd-4eb4-9e1c-b710f941ac54" />
      <TestMethod codeBase="D:\actions-runner\_work\XPCO\XPCO\SC\Components\RemoteViewer\SmartClient\tst\zSmartClient_UnitTest\bin\x64\Debug\net472\zSmartClient_UnitTest.dll" adapterTypeName="executor://mstestadapter/v2" className="SmartClient_UnitTest.VideoOS.RemoteClient.GisMapData.Resources.OutputOemResourcesProviderTests" name="DeactivatedOutputIcons_ShouldReturnIconsInAProperOrder_WhenCalled" />
    </UnitTest>
    <UnitTest name="State_ShouldUpdateMicrophoneIconId_WhenSetToMute" storage="d:\actions-runner\_work\xpco\xpco\sc\components\remoteviewer\smartclient\tst\zsmartclient_unittest\bin\x64\debug\net472\zsmartclient_unittest.dll" id="593930ca-a7df-1408-b332-7a4bf0c72a54">
      <TestCategory>
        <TestCategoryItem TestCategory="GisMapData.MapItem.Microphones" />
      </TestCategory>
      <Execution id="fc4c434d-55d4-49a9-a717-c2c01aaea09e" />
      <TestMethod codeBase="D:\actions-runner\_work\XPCO\XPCO\SC\Components\RemoteViewer\SmartClient\tst\zSmartClient_UnitTest\bin\x64\Debug\net472\zSmartClient_UnitTest.dll" adapterTypeName="executor://mstestadapter/v2" className="SmartClient_UnitTest.VideoOS.RemoteClient.GisMapData.MapItem.Microphones.MicrophoneMapItemTests" name="State_ShouldUpdateMicrophoneIconId_WhenSetToMute" />
    </UnitTest>
    <UnitTest name="TestForAssemblyCoverage" storage="d:\actions-runner\_work\xpco\xpco\sc\components\remoteviewer\smartclient\tst\zsmartclient_unittest\bin\x64\debug\net472\zsmartclient_unittest.dll" id="b9339d47-1b08-2f87-b4ed-bf554f7069bd">
      <Execution id="41d3c799-5c54-442c-88e7-e2c0f51884d3" />
      <TestMethod codeBase="D:\actions-runner\_work\XPCO\XPCO\SC\Components\RemoteViewer\SmartClient\tst\zSmartClient_UnitTest\bin\x64\Debug\net472\zSmartClient_UnitTest.dll" adapterTypeName="executor://mstestadapter/v2" className="SmartClient_UnitTest.VideoOS.RemoteClient.Plugin.Hotspot.UnitTest1" name="TestForAssemblyCoverage" />
    </UnitTest>
    <UnitTest name="CreateGeography_FourCornerBuilding_Crossed_Success" storage="d:\actions-runner\_work\xpco\xpco\sc\components\remoteviewer\smartclient\tst\zsmartclient_unittest\bin\x64\debug\net472\zsmartclient_unittest.dll" id="03da6113-f0cb-2522-1d80-c9d47dcb71a8">
      <TestCategory>
        <TestCategoryItem TestCategory="GisMapIndex" />
      </TestCategory>
      <Execution id="64fd7964-004e-47a2-9064-76d32d512030" />
      <TestMethod codeBase="D:\actions-runner\_work\XPCO\XPCO\SC\Components\RemoteViewer\SmartClient\tst\zSmartClient_UnitTest\bin\x64\Debug\net472\zSmartClient_UnitTest.dll" adapterTypeName="executor://mstestadapter/v2" className="SmartClient_UnitTest.VideoOS.RemoteClient.GisMapData.Common.Indexer.IndexUtilTests" name="CreateGeography_FourCornerBuilding_Crossed_Success" />
    </UnitTest>
    <UnitTest name="HandleGetLayerFeatures_ShouldRaiseArgumentException_WhenIsCalled" storage="d:\actions-runner\_work\xpco\xpco\sc\components\remoteviewer\smartclient\tst\zsmartclient_unittest\bin\x64\debug\net472\zsmartclient_unittest.dll" id="9d2adb93-4837-25dd-c5fc-bdfa01122682">
      <TestCategory>
        <TestCategoryItem TestCategory="GisMapData.Handlers.LayerFeatures" />
      </TestCategory>
      <Execution id="319f3785-5109-453e-bf6a-eace5e686678" />
      <TestMethod codeBase="D:\actions-runner\_work\XPCO\XPCO\SC\Components\RemoteViewer\SmartClient\tst\zSmartClient_UnitTest\bin\x64\Debug\net472\zSmartClient_UnitTest.dll" adapterTypeName="executor://mstestadapter/v2" className="SmartClient_UnitTest.VideoOS.RemoteClient.GisMapData.Handlers.LayerFeatures.NotSupportedLayerFeaturesHandlerTests" name="HandleGetLayerFeatures_ShouldRaiseArgumentException_WhenIsCalled" />
    </UnitTest>
    <UnitTest name="CreateReportAsync_ShouldSplitFrontPage_WhereFrontPageNotesSectionIsExtraLarge" storage="d:\actions-runner\_work\xpco\xpco\sc\components\remoteviewer\smartclient\tst\zsmartclient_unittest\bin\x64\debug\net472\zsmartclient_unittest.dll" id="fcfe2bea-524e-b6f0-1644-957aeea21ce7">
      <TestCategory>
        <TestCategoryItem TestCategory="Search" />
      </TestCategory>
      <Execution id="e5b97287-5736-4fe0-866a-90820450392a" />
      <TestMethod codeBase="D:\actions-runner\_work\XPCO\XPCO\SC\Components\RemoteViewer\SmartClient\tst\zSmartClient_UnitTest\bin\x64\Debug\net472\zSmartClient_UnitTest.dll" adapterTypeName="executor://mstestadapter/v2" className="SmartClient_UnitTest.VideoOS.RemoteClient.Plugin.CentralizedSearch.ViewModels.Utility.SearchReportPrintFactoryTests" name="CreateReportAsync_ShouldSplitFrontPage_WhereFrontPageNotesSectionIsExtraLarge" />
    </UnitTest>
    <UnitTest name="IsBasicUser_ShouldReturnTrue_WhenConstructedUsingWindowsDefault" storage="d:\actions-runner\_work\xpco\xpco\sc\components\remoteviewer\smartclient\tst\zsmartclient_unittest\bin\x64\debug\net472\zsmartclient_unittest.dll" id="e55520ca-13b9-16e0-7c91-282920a34b8a">
      <TestCategory>
        <TestCategoryItem TestCategory="Authentication.ClientCredentials" />
      </TestCategory>
      <Execution id="aca3a99b-493d-4f68-a68c-6ad0c2a35ba9" />
      <TestMethod codeBase="D:\actions-runner\_work\XPCO\XPCO\SC\Components\RemoteViewer\SmartClient\tst\zSmartClient_UnitTest\bin\x64\Debug\net472\zSmartClient_UnitTest.dll" adapterTypeName="executor://mstestadapter/v2" className="SmartClient_UnitTest.VideoOS.Shared.ServerAPI.ClientCredentialsTest" name="IsBasicUser_ShouldReturnTrue_WhenConstructedUsingWindowsDefault" />
    </UnitTest>
    <UnitTest name="IsVisible_ZeroSelectedResults_ReturnsFalse" storage="d:\actions-runner\_work\xpco\xpco\sc\components\remoteviewer\smartclient\tst\zsmartclient_unittest\bin\x64\debug\net472\zsmartclient_unittest.dll" id="fe22a4f5-f49f-f59f-57fa-2e035d1a94ac">
      <TestCategory>
        <TestCategoryItem TestCategory="SearchResultActionBarViewModel" />
      </TestCategory>
      <Execution id="be27ce42-d376-463d-8265-983142ecbf5d" />
      <TestMethod codeBase="D:\actions-runner\_work\XPCO\XPCO\SC\Components\RemoteViewer\SmartClient\tst\zSmartClient_UnitTest\bin\x64\Debug\net472\zSmartClient_UnitTest.dll" adapterTypeName="executor://mstestadapter/v2" className="SmartClient_UnitTest.VideoOS.RemoteClient.Plugin.CentralizedSearch.ViewModels.SearchResultsActionBarViewModelTest" name="IsVisible_ZeroSelectedResults_ReturnsFalse" />
    </UnitTest>
    <UnitTest name="MoveToTop_ShouldNotMoveItemIndexInItemCollection_WhenItemIsAlreadyTopmost" storage="d:\actions-runner\_work\xpco\xpco\sc\components\remoteviewer\smartclient\tst\zsmartclient_unittest\bin\x64\debug\net472\zsmartclient_unittest.dll" id="cd0b28bc-7718-797b-f022-800ca6ce22ba">
      <TestCategory>
        <TestCategoryItem TestCategory="MapItemMarkerBase" />
      </TestCategory>
      <Execution id="bb597059-b65d-4bac-927c-f78ed1d36875" />
      <TestMethod codeBase="D:\actions-runner\_work\XPCO\XPCO\SC\Components\RemoteViewer\SmartClient\tst\zSmartClient_UnitTest\bin\x64\Debug\net472\zSmartClient_UnitTest.dll" adapterTypeName="executor://mstestadapter/v2" className="SmartClient_UnitTest.VideoOS.RemoteClient.Plugin.GisMap.ThinkGeoMap.Markers.MapItemMarkerBaseTests" name="MoveToTop_ShouldNotMoveItemIndexInItemCollection_WhenItemIsAlreadyTopmost" />
    </UnitTest>
    <UnitTest name="Constructor_ShouldRaiseArgumentNullException_WhenGisMapViewModelIsNull" storage="d:\actions-runner\_work\xpco\xpco\sc\components\remoteviewer\smartclient\tst\zsmartclient_unittest\bin\x64\debug\net472\zsmartclient_unittest.dll" id="451bffc0-3ae5-2acf-fc45-f7a1232d7fdf">
      <TestCategory>
        <TestCategoryItem TestCategory="GisMap.DefaultFixedLayerManagerStrategyTests" />
      </TestCategory>
      <Execution id="d0f57430-2b99-4db0-bb65-8a26375a3e29" />
      <TestMethod codeBase="D:\actions-runner\_work\XPCO\XPCO\SC\Components\RemoteViewer\SmartClient\tst\zSmartClient_UnitTest\bin\x64\Debug\net472\zSmartClient_UnitTest.dll" adapterTypeName="executor://mstestadapter/v2" className="SmartClient_UnitTest.VideoOS.RemoteClient.Plugin.GisMap.ViewModels.LayersVisibility.FixedLayers.DefaultFixedLayerManagerStrategyTests" name="Constructor_ShouldRaiseArgumentNullException_WhenGisMapViewModelIsNull" />
    </UnitTest>
    <UnitTest name="Detach_ShouldDetachWindowMouseDownEvent_WhenAttachWasCalledPreviously" storage="d:\actions-runner\_work\xpco\xpco\sc\components\remoteviewer\smartclient\tst\zsmartclient_unittest\bin\x64\debug\net472\zsmartclient_unittest.dll" id="faa83ec7-f24a-086a-e966-e8c82cf7330a">
      <TestCategory>
        <TestCategoryItem TestCategory="GisMap.WindowsBases" />
      </TestCategory>
      <Execution id="de34ca2c-e8e2-4795-91ed-1b3c8ea2c210" />
      <TestMethod codeBase="D:\actions-runner\_work\XPCO\XPCO\SC\Components\RemoteViewer\SmartClient\tst\zSmartClient_UnitTest\bin\x64\Debug\net472\zSmartClient_UnitTest.dll" adapterTypeName="executor://mstestadapter/v2" className="SmartClient_UnitTest.VideoOS.RemoteClient.Plugin.GisMap.Windows.Bases.DragWindowDecoratorTests" name="Detach_ShouldDetachWindowMouseDownEvent_WhenAttachWasCalledPreviously" />
    </UnitTest>
    <UnitTest name="ToggleMicrophoneStateAsync_ShouldMuteAllOtherMicrophonesAndUnmuteOneMicrophone_WhenThereAreOtherUnmutedMicrophones" storage="d:\actions-runner\_work\xpco\xpco\sc\components\remoteviewer\smartclient\tst\zsmartclient_unittest\bin\x64\debug\net472\zsmartclient_unittest.dll" id="68b8744b-0d04-5ccf-e59d-98d1006236e5">
      <TestCategory>
        <TestCategoryItem TestCategory="GisMapAudioController" />
      </TestCategory>
      <Execution id="d6a7c010-4765-45a8-810c-f75b284cabff" />
      <TestMethod codeBase="D:\actions-runner\_work\XPCO\XPCO\SC\Components\RemoteViewer\SmartClient\tst\zSmartClient_UnitTest\bin\x64\Debug\net472\zSmartClient_UnitTest.dll" adapterTypeName="executor://mstestadapter/v2" className="SmartClient_UnitTest.VideoOS.RemoteClient.GisMapData.GisMapAudioControllerTests" name="ToggleMicrophoneStateAsync_ShouldMuteAllOtherMicrophonesAndUnmuteOneMicrophone_WhenThereAreOtherUnmutedMicrophones" />
    </UnitTest>
    <UnitTest name="PtzSessionControllerInfo_UserChangedTest_Different_Domain" storage="d:\actions-runner\_work\xpco\xpco\sc\components\remoteviewer\smartclient\tst\zsmartclient_unittest\bin\x64\debug\net472\zsmartclient_unittest.dll" id="db2886ea-13dd-b03a-a528-49fda3ee9983">
      <Execution id="b8d2a48d-6318-4a61-9c6c-b93a47c2a9f4" />
      <TestMethod codeBase="D:\actions-runner\_work\XPCO\XPCO\SC\Components\RemoteViewer\SmartClient\tst\zSmartClient_UnitTest\bin\x64\Debug\net472\zSmartClient_UnitTest.dll" adapterTypeName="executor://mstestadapter/v2" className="VideoOS.RemoteClient.Application.Controllers.UnitTest.PtzSessionControllerTest" name="PtzSessionControllerInfo_UserChangedTest_Different_Domain" />
    </UnitTest>
    <UnitTest name="EvidenceLockNotVisible_WhenFeatureDisabled" storage="d:\actions-runner\_work\xpco\xpco\sc\components\remoteviewer\smartclient\tst\zsmartclient_unittest\bin\x64\debug\net472\zsmartclient_unittest.dll" id="e7590a2a-9404-cfd8-85e4-42ebf7fee746">
      <TestCategory>
        <TestCategoryItem TestCategory="WorkspaceToolbar" />
      </TestCategory>
      <Execution id="0a2bd07f-c75d-4baf-9e48-e884bad16b1b" />
      <TestMethod codeBase="D:\actions-runner\_work\XPCO\XPCO\SC\Components\RemoteViewer\SmartClient\tst\zSmartClient_UnitTest\bin\x64\Debug\net472\zSmartClient_UnitTest.dll" adapterTypeName="executor://mstestadapter/v2" className="SmartClient_UnitTest.VideoOS.RemoteClient.Application.UI.Content.WorkspaceToolbar.WorkspaceToolbarViewModelTests" name="EvidenceLockNotVisible_WhenFeatureDisabled" />
    </UnitTest>
    <UnitTest name="GetWorkspaceToolbarItems_ShouldReturnLiveToolbarItemEnabledPlaybackToolbarItemDisabled_WhenWorkspaceIsLive" storage="d:\actions-runner\_work\xpco\xpco\sc\components\remoteviewer\smartclient\tst\zsmartclient_unittest\bin\x64\debug\net472\zsmartclient_unittest.dll" id="4daaf6d7-7b46-8260-2000-7f96a4364f19">
      <TestCategory>
        <TestCategoryItem TestCategory="WorkspaceToolbar" />
      </TestCategory>
      <Execution id="f18c7a89-e8d2-4853-aa00-ee4e8ae09cd4" />
      <TestMethod codeBase="D:\actions-runner\_work\XPCO\XPCO\SC\Components\RemoteViewer\SmartClient\tst\zSmartClient_UnitTest\bin\x64\Debug\net472\zSmartClient_UnitTest.dll" adapterTypeName="executor://mstestadapter/v2" className="SmartClient_UnitTest.VideoOS.RemoteClient.Application.UI.Content.WorkspaceToolbar.MIPWorkspaceToolbarItemManagerTests" name="GetWorkspaceToolbarItems_ShouldReturnLiveToolbarItemEnabledPlaybackToolbarItemDisabled_WhenWorkspaceIsLive" />
    </UnitTest>
    <UnitTest name="PointMapItem_Load_Success" storage="d:\actions-runner\_work\xpco\xpco\sc\components\remoteviewer\smartclient\tst\zsmartclient_unittest\bin\x64\debug\net472\zsmartclient_unittest.dll" id="f8050766-a819-6e5a-f094-40b949fa7692">
      <TestCategory>
        <TestCategoryItem TestCategory="GisMapMapItem" />
      </TestCategory>
      <Execution id="a8ac2221-26b2-43ba-827f-c24fe68e9ef9" />
      <TestMethod codeBase="D:\actions-runner\_work\XPCO\XPCO\SC\Components\RemoteViewer\SmartClient\tst\zSmartClient_UnitTest\bin\x64\Debug\net472\zSmartClient_UnitTest.dll" adapterTypeName="executor://mstestadapter/v2" className="SmartClient_UnitTest.VideoOS.RemoteClient.GisMap.MapItem.MapItemTests" name="PointMapItem_Load_Success" />
    </UnitTest>
    <UnitTest name="TestProperties_Note_Success" storage="d:\actions-runner\_work\xpco\xpco\sc\components\remoteviewer\smartclient\tst\zsmartclient_unittest\bin\x64\debug\net472\zsmartclient_unittest.dll" id="b09a1385-ea97-6649-75a7-4f5d4ef865f4">
      <TestCategory>
        <TestCategoryItem TestCategory="GisMapBuilding" />
      </TestCategory>
      <Execution id="9442aa71-b772-4ec7-ad82-c492fc1bb6dc" />
      <TestMethod codeBase="D:\actions-runner\_work\XPCO\XPCO\SC\Components\RemoteViewer\SmartClient\tst\zSmartClient_UnitTest\bin\x64\Debug\net472\zSmartClient_UnitTest.dll" adapterTypeName="executor://mstestadapter/v2" className="SmartClient_UnitTest.VideoOS.RemoteClient.GisMapData.MapBuildings.MapLevelTests" name="TestProperties_Note_Success" />
    </UnitTest>
    <UnitTest name="DeviceIcons_ShouldHaveSevenElements_WhenCalled" storage="d:\actions-runner\_work\xpco\xpco\sc\components\remoteviewer\smartclient\tst\zsmartclient_unittest\bin\x64\debug\net472\zsmartclient_unittest.dll" id="0fea2cc1-51cc-e0fa-152a-f6a58ad22a37">
      <TestCategory>
        <TestCategoryItem TestCategory="GisMapData.InputOemResourcesProviderTests" />
      </TestCategory>
      <Execution id="21222852-1083-4f92-ba3b-a275fbc11e9e" />
      <TestMethod codeBase="D:\actions-runner\_work\XPCO\XPCO\SC\Components\RemoteViewer\SmartClient\tst\zSmartClient_UnitTest\bin\x64\Debug\net472\zSmartClient_UnitTest.dll" adapterTypeName="executor://mstestadapter/v2" className="SmartClient_UnitTest.VideoOS.RemoteClient.GisMapData.Resources.InputOemResourcesProviderTests" name="DeviceIcons_ShouldHaveSevenElements_WhenCalled" />
    </UnitTest>
    <UnitTest name="AddToExportTuples_ShouldReturnCorrectResult (5,5,5)" storage="d:\actions-runner\_work\xpco\xpco\sc\components\remoteviewer\smartclient\tst\zsmartclient_unittest\bin\x64\debug\net472\zsmartclient_unittest.dll" id="1f36d00d-52dc-9505-27a0-fc9cb116fecb">
      <TestCategory>
        <TestCategoryItem TestCategory="Managers" />
      </TestCategory>
      <Execution id="3b3ecb8a-681d-44a8-b4b7-d5eae46f34cf" />
      <TestMethod codeBase="D:\actions-runner\_work\XPCO\XPCO\SC\Components\RemoteViewer\SmartClient\tst\zSmartClient_UnitTest\bin\x64\Debug\net472\zSmartClient_UnitTest.dll" adapterTypeName="executor://mstestadapter/v2" className="SmartClient_UnitTest.VideoOS.RemoteClient.Application.Managers.ExportManagerTests" name="AddToExportTuples_ShouldReturnCorrectResult" />
    </UnitTest>
    <UnitTest name="SetResultsToReselect_ShouldBeReflectedInResultsProcessedEvent" storage="d:\actions-runner\_work\xpco\xpco\sc\components\remoteviewer\smartclient\tst\zsmartclient_unittest\bin\x64\debug\net472\zsmartclient_unittest.dll" id="c0f6f50e-70bb-6ec7-7cb1-70b1c03dbf38">
      <TestCategory>
        <TestCategoryItem TestCategory="SearchResultsPreprocessor" />
      </TestCategory>
      <Execution id="abd09e87-ec78-4a04-89db-5819bfbcc43a" />
      <TestMethod codeBase="D:\actions-runner\_work\XPCO\XPCO\SC\Components\RemoteViewer\SmartClient\tst\zSmartClient_UnitTest\bin\x64\Debug\net472\zSmartClient_UnitTest.dll" adapterTypeName="executor://mstestadapter/v2" className="SmartClient_UnitTest.VideoOS.RemoteClient.Plugin.CentralizedSearch.Models.SearchResultsPreprocessorTests" name="SetResultsToReselect_ShouldBeReflectedInResultsProcessedEvent" />
    </UnitTest>
    <UnitTest name="SearchResultsActionBarActions_Export_OptionUnavailable_NotVisible" storage="d:\actions-runner\_work\xpco\xpco\sc\components\remoteviewer\smartclient\tst\zsmartclient_unittest\bin\x64\debug\net472\zsmartclient_unittest.dll" id="e2a3c11c-1944-c086-d9fe-0c8ab6c0a314">
      <TestCategory>
        <TestCategoryItem TestCategory="SearchResultActionBarViewModel" />
      </TestCategory>
      <Execution id="008372d7-0169-4b7d-bfc8-3a9c768debd9" />
      <TestMethod codeBase="D:\actions-runner\_work\XPCO\XPCO\SC\Components\RemoteViewer\SmartClient\tst\zSmartClient_UnitTest\bin\x64\Debug\net472\zSmartClient_UnitTest.dll" adapterTypeName="executor://mstestadapter/v2" className="SmartClient_UnitTest.VideoOS.RemoteClient.Plugin.CentralizedSearch.ViewModels.SearchResultsActionBarViewModelTest" name="SearchResultsActionBarActions_Export_OptionUnavailable_NotVisible" />
    </UnitTest>
    <UnitTest name="AuthType_ShouldReturnBasic_WhenConstructedUsingSimple" storage="d:\actions-runner\_work\xpco\xpco\sc\components\remoteviewer\smartclient\tst\zsmartclient_unittest\bin\x64\debug\net472\zsmartclient_unittest.dll" id="b53cbe33-730e-fb6f-4fda-1e9679963edf">
      <TestCategory>
        <TestCategoryItem TestCategory="Authentication.ClientCredentials" />
      </TestCategory>
      <Execution id="126acaef-e490-4aa3-89ff-d6f91cf4276a" />
      <TestMethod codeBase="D:\actions-runner\_work\XPCO\XPCO\SC\Components\RemoteViewer\SmartClient\tst\zSmartClient_UnitTest\bin\x64\Debug\net472\zSmartClient_UnitTest.dll" adapterTypeName="executor://mstestadapter/v2" className="SmartClient_UnitTest.VideoOS.Shared.ServerAPI.ClientCredentialsTest" name="AuthType_ShouldReturnBasic_WhenConstructedUsingSimple" />
    </UnitTest>
    <UnitTest name="DeserializeBrokenState_Fail" storage="d:\actions-runner\_work\xpco\xpco\sc\components\remoteviewer\smartclient\tst\zsmartclient_unittest\bin\x64\debug\net472\zsmartclient_unittest.dll" id="814ca95b-3749-a755-e5cd-7c6f8bffd2b6">
      <Execution id="1f5d2681-83da-46cc-af2f-1300d8799654" />
      <TestMethod codeBase="D:\actions-runner\_work\XPCO\XPCO\SC\Components\RemoteViewer\SmartClient\tst\zSmartClient_UnitTest\bin\x64\Debug\net472\zSmartClient_UnitTest.dll" adapterTypeName="executor://mstestadapter/v2" className="SmartClient_UnitTest.VideoOS.RemoteClient.Data.VideoWall.MonitorStateTests" name="DeserializeBrokenState_Fail" />
    </UnitTest>
    <UnitTest name="VideoResultSearchResult_ShouldOnlyHavePropertiesFromSecondContext_WhenSetTwiceWithoutThrowingOnTokenCancellation" storage="d:\actions-runner\_work\xpco\xpco\sc\components\remoteviewer\smartclient\tst\zsmartclient_unittest\bin\x64\debug\net472\zsmartclient_unittest.dll" id="d6a182f6-1abb-4c06-28b1-3486154a7ed6">
      <TestCategory>
        <TestCategoryItem TestCategory="SearchControls" />
      </TestCategory>
      <Execution id="ffa141cb-2530-4458-bb20-4b72d5163ba3" />
      <TestMethod codeBase="D:\actions-runner\_work\XPCO\XPCO\SC\Components\RemoteViewer\SmartClient\tst\zSmartClient_UnitTest\bin\x64\Debug\net472\zSmartClient_UnitTest.dll" adapterTypeName="executor://mstestadapter/v2" className="SmartClient_UnitTest.VideoOS.RemoteClient.Plugin.CentralizedSearch.Views.Controls.SearchResultDetailsControlTests" name="VideoResultSearchResult_ShouldOnlyHavePropertiesFromSecondContext_WhenSetTwiceWithoutThrowingOnTokenCancellation" />
    </UnitTest>
    <UnitTest name="Constructor_ShouldInitialiseDeviceSelectorWindowViewModel_WhenCreatingInstance" storage="d:\actions-runner\_work\xpco\xpco\sc\components\remoteviewer\smartclient\tst\zsmartclient_unittest\bin\x64\debug\net472\zsmartclient_unittest.dll" id="97233566-784e-0a25-ecca-3d6658603571">
      <TestCategory>
        <TestCategoryItem TestCategory="GisMap.GisMapViewModel" />
      </TestCategory>
      <Execution id="52c7cf54-0d7d-44ce-8bc3-56b36f622f69" />
      <TestMethod codeBase="D:\actions-runner\_work\XPCO\XPCO\SC\Components\RemoteViewer\SmartClient\tst\zSmartClient_UnitTest\bin\x64\Debug\net472\zSmartClient_UnitTest.dll" adapterTypeName="executor://mstestadapter/v2" className="SmartClient_UnitTest.VideoOS.RemoteClient.Plugin.GisMap.ViewModels.GisMapViewModelTests" name="Constructor_ShouldInitialiseDeviceSelectorWindowViewModel_WhenCreatingInstance" />
    </UnitTest>
    <UnitTest name="BookmarkSearchTime_WithSearchStringInDifferentCases_ReturnCorrectBookmarkWithSearchStringInDescription (SeArChStRiNg,False,True,False,True,,,1)" storage="d:\actions-runner\_work\xpco\xpco\sc\components\remoteviewer\smartclient\tst\zsmartclient_unittest\bin\x64\debug\net472\zsmartclient_unittest.dll" id="780a8c0e-f11a-2814-e487-bc0747c662a2">
      <Execution id="d35b8ec3-5ee5-45f9-b979-2ab437da27a3" />
      <TestMethod codeBase="D:\actions-runner\_work\XPCO\XPCO\SC\Components\RemoteViewer\SmartClient\tst\zSmartClient_UnitTest\bin\x64\Debug\net472\zSmartClient_UnitTest.dll" adapterTypeName="executor://mstestadapter/v2" className="SmartClient_UnitTest.VideoOS.RemoteClient.Application.Data.Offline.UnitTest.BookmarkExportReaderTest" name="BookmarkSearchTime_WithSearchStringInDifferentCases_ReturnCorrectBookmarkWithSearchStringInDescription" />
    </UnitTest>
    <UnitTest name="HandleSetLayerFeatures_ShouldUpdateMicrophoneLayerFeatures_WhenMicrophoneKindAndMicrophoneLayerFeatures" storage="d:\actions-runner\_work\xpco\xpco\sc\components\remoteviewer\smartclient\tst\zsmartclient_unittest\bin\x64\debug\net472\zsmartclient_unittest.dll" id="eb1477a2-2fb7-b3cb-5428-9b4cc8d1e650">
      <TestCategory>
        <TestCategoryItem TestCategory="GisMapData.Handlers.LayerFeatures" />
      </TestCategory>
      <Execution id="cea5c557-ac15-476b-9055-e3995910a27c" />
      <TestMethod codeBase="D:\actions-runner\_work\XPCO\XPCO\SC\Components\RemoteViewer\SmartClient\tst\zSmartClient_UnitTest\bin\x64\Debug\net472\zSmartClient_UnitTest.dll" adapterTypeName="executor://mstestadapter/v2" className="SmartClient_UnitTest.VideoOS.RemoteClient.GisMapData.Handlers.LayerFeatures.MicrophoneLayerFeaturesHandlerTests" name="HandleSetLayerFeatures_ShouldUpdateMicrophoneLayerFeatures_WhenMicrophoneKindAndMicrophoneLayerFeatures" />
    </UnitTest>
    <UnitTest name="BookmarkSearchTime_WithSearchStringInDifferentCases_ReturnCorrectBookmarkWithSearchStringInDescription (SeArChStRiNg,True,True,False,True,,,1)" storage="d:\actions-runner\_work\xpco\xpco\sc\components\remoteviewer\smartclient\tst\zsmartclient_unittest\bin\x64\debug\net472\zsmartclient_unittest.dll" id="6c5f61a4-ad87-32db-d53b-dc288f4c0d0f">
      <Execution id="758269f1-9de2-4ba9-80aa-66f7ea47edd5" />
      <TestMethod codeBase="D:\actions-runner\_work\XPCO\XPCO\SC\Components\RemoteViewer\SmartClient\tst\zSmartClient_UnitTest\bin\x64\Debug\net472\zSmartClient_UnitTest.dll" adapterTypeName="executor://mstestadapter/v2" className="SmartClient_UnitTest.VideoOS.RemoteClient.Application.Data.Offline.UnitTest.BookmarkExportReaderTest" name="BookmarkSearchTime_WithSearchStringInDifferentCases_ReturnCorrectBookmarkWithSearchStringInDescription" />
    </UnitTest>
    <UnitTest name="SaveSearchTemplateAsync_NoActive_Fails" storage="d:\actions-runner\_work\xpco\xpco\sc\components\remoteviewer\smartclient\tst\zsmartclient_unittest\bin\x64\debug\net472\zsmartclient_unittest.dll" id="a414dc23-7c3d-099a-1001-11be32d85424">
      <TestCategory>
        <TestCategoryItem TestCategory="SearchTemplates" />
      </TestCategory>
      <Execution id="9a373173-bc82-4d06-b414-07a79fd0dbb1" />
      <TestMethod codeBase="D:\actions-runner\_work\XPCO\XPCO\SC\Components\RemoteViewer\SmartClient\tst\zSmartClient_UnitTest\bin\x64\Debug\net472\zSmartClient_UnitTest.dll" adapterTypeName="executor://mstestadapter/v2" className="SmartClient_UnitTest.VideoOS.RemoteClient.Plugin.CentralizedSearch.SearchTemplates.SearchTemplateManagerTests" name="SaveSearchTemplateAsync_NoActive_Fails" />
    </UnitTest>
    <UnitTest name="EnsureLayersOrderIsValidBy_AddLayersAt_AfterLast_Success" storage="d:\actions-runner\_work\xpco\xpco\sc\components\remoteviewer\smartclient\tst\zsmartclient_unittest\bin\x64\debug\net472\zsmartclient_unittest.dll" id="1827dddb-e32e-3062-ab3d-687741a79313">
      <TestCategory>
        <TestCategoryItem TestCategory="GisMapLayers" />
      </TestCategory>
      <Execution id="9df3c1cc-5611-4110-b271-16b4c3b3f0e4" />
      <TestMethod codeBase="D:\actions-runner\_work\XPCO\XPCO\SC\Components\RemoteViewer\SmartClient\tst\zSmartClient_UnitTest\bin\x64\Debug\net472\zSmartClient_UnitTest.dll" adapterTypeName="executor://mstestadapter/v2" className="SmartClient_UnitTest.VideoOS.RemoteClient.GisMapData.GisMapLayerZOrderTests" name="EnsureLayersOrderIsValidBy_AddLayersAt_AfterLast_Success" />
    </UnitTest>
    <UnitTest name="FieldOfView_XPCO_SC_RoundtripTransform_Success" storage="d:\actions-runner\_work\xpco\xpco\sc\components\remoteviewer\smartclient\tst\zsmartclient_unittest\bin\x64\debug\net472\zsmartclient_unittest.dll" id="8ad53d84-7b7f-42f1-3c0f-a181a1bcf187">
      <TestCategory>
        <TestCategoryItem TestCategory="GisMap" />
      </TestCategory>
      <Execution id="3815fa4e-4d0e-43e9-b583-d5133ff1a013" />
      <TestMethod codeBase="D:\actions-runner\_work\XPCO\XPCO\SC\Components\RemoteViewer\SmartClient\tst\zSmartClient_UnitTest\bin\x64\Debug\net472\zSmartClient_UnitTest.dll" adapterTypeName="executor://mstestadapter/v2" className="SmartClient_UnitTest.VideoOS.RemoteClient.GisMap.Utilities.GisUtilityTests" name="FieldOfView_XPCO_SC_RoundtripTransform_Success" />
    </UnitTest>
    <UnitTest name="HandleGetDeviceData_ShouldReturnNotFoundDeviceData_WhenNotSupportedKind" storage="d:\actions-runner\_work\xpco\xpco\sc\components\remoteviewer\smartclient\tst\zsmartclient_unittest\bin\x64\debug\net472\zsmartclient_unittest.dll" id="e5ac7c8b-5d6c-e4aa-7715-b9b1e7a9023f">
      <TestCategory>
        <TestCategoryItem TestCategory="GisMap.Handlers.Devices.MapItems" />
      </TestCategory>
      <Execution id="09260e8f-54e2-4606-b7ae-29ddde51d87f" />
      <TestMethod codeBase="D:\actions-runner\_work\XPCO\XPCO\SC\Components\RemoteViewer\SmartClient\tst\zSmartClient_UnitTest\bin\x64\Debug\net472\zSmartClient_UnitTest.dll" adapterTypeName="executor://mstestadapter/v2" className="SmartClient_UnitTest.VideoOS.RemoteClient.Plugin.GisMap.Handlers.Devices.MapItems.OutputDataHandlerTests" name="HandleGetDeviceData_ShouldReturnNotFoundDeviceData_WhenNotSupportedKind" />
    </UnitTest>
    <UnitTest name="Valid password bigger length" storage="d:\actions-runner\_work\xpco\xpco\sc\components\remoteviewer\smartclient\tst\zsmartclient_unittest\bin\x64\debug\net472\zsmartclient_unittest.dll" id="90f82d21-92dc-bc32-5511-a2c2549dad1d">
      <TestCategory>
        <TestCategoryItem TestCategory="Export" />
      </TestCategory>
      <Execution id="310f9dcc-9f65-4727-9d87-b1433c27c1e0" />
      <TestMethod codeBase="D:\actions-runner\_work\XPCO\XPCO\SC\Components\RemoteViewer\SmartClient\tst\zSmartClient_UnitTest\bin\x64\Debug\net472\zSmartClient_UnitTest.dll" adapterTypeName="executor://mstestadapter/v2" className="SmartClient_UnitTest.VideoOS.RemoteClient.Plugin.Export.PasswordDialogViewModelTests" name="SettingPassword1_ShouldSetIsPassword1Valid" />
    </UnitTest>
    <UnitTest name="Constructor_ShouldRaiseArgumentNullException_WhenGisMapViewModelInteractionStateControllerIsNull" storage="d:\actions-runner\_work\xpco\xpco\sc\components\remoteviewer\smartclient\tst\zsmartclient_unittest\bin\x64\debug\net472\zsmartclient_unittest.dll" id="5b36a0fc-0af7-9466-52bd-af4aae9184ca">
      <TestCategory>
        <TestCategoryItem TestCategory="GisMap.DeviceSelectorWindowViewModel" />
      </TestCategory>
      <Execution id="be07f620-522d-46c3-90d4-6c8d18049c88" />
      <TestMethod codeBase="D:\actions-runner\_work\XPCO\XPCO\SC\Components\RemoteViewer\SmartClient\tst\zSmartClient_UnitTest\bin\x64\Debug\net472\zSmartClient_UnitTest.dll" adapterTypeName="executor://mstestadapter/v2" className="SmartClient_UnitTest.VideoOS.RemoteClient.Plugin.GisMap.ViewModels.DeviceSelectorWindowViewModelTests" name="Constructor_ShouldRaiseArgumentNullException_WhenGisMapViewModelInteractionStateControllerIsNull" />
    </UnitTest>
    <UnitTest name="RetrievalTestStop" storage="d:\actions-runner\_work\xpco\xpco\sc\components\remoteviewer\smartclient\tst\zsmartclient_unittest\bin\x64\debug\net472\zsmartclient_unittest.dll" id="e3eaed0d-86bd-8f89-51b2-10bb869eeb76">
      <Execution id="002db4b6-3204-4b72-b68d-051e8ce66efa" />
      <TestMethod codeBase="D:\actions-runner\_work\XPCO\XPCO\SC\Components\RemoteViewer\SmartClient\tst\zSmartClient_UnitTest\bin\x64\Debug\net472\zSmartClient_UnitTest.dll" adapterTypeName="executor://mstestadapter/v2" className="SmartClient_UnitTest.VideoOS.RemoteClient.Application.Managers.EdgeRetrievalTaskManagerUnitTest" name="RetrievalTestStop" />
    </UnitTest>
    <UnitTest name="ShowPermissionDeniedToasts_ShouldShowCorrectNumberOfToasts (1,1)" storage="d:\actions-runner\_work\xpco\xpco\sc\components\remoteviewer\smartclient\tst\zsmartclient_unittest\bin\x64\debug\net472\zsmartclient_unittest.dll" id="383557df-ae77-e167-ffa1-ee8498a57d67">
      <TestCategory>
        <TestCategoryItem TestCategory="Managers" />
      </TestCategory>
      <Execution id="64835e2f-1c76-49d6-abce-f4162dca0a03" />
      <TestMethod codeBase="D:\actions-runner\_work\XPCO\XPCO\SC\Components\RemoteViewer\SmartClient\tst\zSmartClient_UnitTest\bin\x64\Debug\net472\zSmartClient_UnitTest.dll" adapterTypeName="executor://mstestadapter/v2" className="SmartClient_UnitTest.VideoOS.RemoteClient.Application.Managers.ExportResultsNotificationHelperTests" name="ShowPermissionDeniedToasts_ShouldShowCorrectNumberOfToasts" />
    </UnitTest>
    <UnitTest name="PatrollingStepViewModel_Position" storage="d:\actions-runner\_work\xpco\xpco\sc\components\remoteviewer\smartclient\tst\zsmartclient_unittest\bin\x64\debug\net472\zsmartclient_unittest.dll" id="24c926a6-ee97-c276-700e-e9cf4f4112ef">
      <Execution id="f9c515b4-f9dd-40ba-9f6d-48392a436e56" />
      <TestMethod codeBase="D:\actions-runner\_work\XPCO\XPCO\SC\Components\RemoteViewer\SmartClient\tst\zSmartClient_UnitTest\bin\x64\Debug\net472\zSmartClient_UnitTest.dll" adapterTypeName="executor://mstestadapter/v2" className="SmartClient_UnitTest.VideoOS.RemoteClient.Application.UI.PtzPreset.PatrollingViewModel.PatrollingStepViewModelTest" name="PatrollingStepViewModel_Position" />
    </UnitTest>
    <UnitTest name="CameraItemsLayer_NotIsGeographic_Save_Success" storage="d:\actions-runner\_work\xpco\xpco\sc\components\remoteviewer\smartclient\tst\zsmartclient_unittest\bin\x64\debug\net472\zsmartclient_unittest.dll" id="6b9d0101-5179-e1bc-9826-482bb244b50e">
      <TestCategory>
        <TestCategoryItem TestCategory="GisMapLayer" />
      </TestCategory>
      <Execution id="8dc472d1-2fb3-47c1-a888-b87ba1768dd2" />
      <TestMethod codeBase="D:\actions-runner\_work\XPCO\XPCO\SC\Components\RemoteViewer\SmartClient\tst\zSmartClient_UnitTest\bin\x64\Debug\net472\zSmartClient_UnitTest.dll" adapterTypeName="executor://mstestadapter/v2" className="SmartClient_UnitTest.VideoOS.RemoteClient.GisMap.MapLayers.GisMapLayerTests" name="CameraItemsLayer_NotIsGeographic_Save_Success" />
    </UnitTest>
    <UnitTest name="SupportsDoubleClick_ShouldBeTrue_WhenInteractionStateIsNormal" storage="d:\actions-runner\_work\xpco\xpco\sc\components\remoteviewer\smartclient\tst\zsmartclient_unittest\bin\x64\debug\net472\zsmartclient_unittest.dll" id="390e2c5d-d097-3631-576d-cd317912483e">
      <TestCategory>
        <TestCategoryItem TestCategory="GisMap.OutputMarkerTest" />
      </TestCategory>
      <Execution id="6aef5a42-a8a5-4aac-a350-ae51effe3c11" />
      <TestMethod codeBase="D:\actions-runner\_work\XPCO\XPCO\SC\Components\RemoteViewer\SmartClient\tst\zSmartClient_UnitTest\bin\x64\Debug\net472\zSmartClient_UnitTest.dll" adapterTypeName="executor://mstestadapter/v2" className="SmartClient_UnitTest.VideoOS.RemoteClient.Plugin.GisMap.ThinkGeoMap.Markers.DeviceMarkers.OutputMarker.OutputMarkerTests" name="SupportsDoubleClick_ShouldBeTrue_WhenInteractionStateIsNormal" />
    </UnitTest>
    <UnitTest name="ClearTest" storage="d:\actions-runner\_work\xpco\xpco\sc\components\remoteviewer\smartclient\tst\zsmartclient_unittest\bin\x64\debug\net472\zsmartclient_unittest.dll" id="b8af5950-498b-c4c9-4d6a-619dcb6074cf">
      <Execution id="5232fa36-20a2-4057-9581-71f57bf804d3" />
      <TestMethod codeBase="D:\actions-runner\_work\XPCO\XPCO\SC\Components\RemoteViewer\SmartClient\tst\zSmartClient_UnitTest\bin\x64\Debug\net472\zSmartClient_UnitTest.dll" adapterTypeName="executor://mstestadapter/v2" className="SmartClient_UnitTest.VideoOS.RemoteClient.Application.Data.ContentTypes.CameraContentType.PrivacyMaskTest" name="ClearTest" />
    </UnitTest>
    <UnitTest name="Constructor_ShouldThrowArgumentNullException_WhenStateManagerIsNull" storage="d:\actions-runner\_work\xpco\xpco\sc\components\remoteviewer\smartclient\tst\zsmartclient_unittest\bin\x64\debug\net472\zsmartclient_unittest.dll" id="d01a472c-8c79-6237-bbd9-99dcce00cbb8">
      <Execution id="f21a21ae-bcc0-4b65-8518-1bd69419fef7" />
      <TestMethod codeBase="D:\actions-runner\_work\XPCO\XPCO\SC\Components\RemoteViewer\SmartClient\tst\zSmartClient_UnitTest\bin\x64\Debug\net472\zSmartClient_UnitTest.dll" adapterTypeName="executor://mstestadapter/v2" className="SmartClient_UnitTest.VideoOS.RemoteClient.Application.UI.Settings.SettingsDialogViewModelTests" name="Constructor_ShouldThrowArgumentNullException_WhenStateManagerIsNull" />
    </UnitTest>
    <UnitTest name="Retention_Options_Are_Intersected" storage="d:\actions-runner\_work\xpco\xpco\sc\components\remoteviewer\smartclient\tst\zsmartclient_unittest\bin\x64\debug\net472\zsmartclient_unittest.dll" id="02ca40da-1acc-291d-7447-d3e7fda89520">
      <Execution id="65bef957-d389-4d43-8ad8-32300d812dd8" />
      <TestMethod codeBase="D:\actions-runner\_work\XPCO\XPCO\SC\Components\RemoteViewer\SmartClient\tst\zSmartClient_UnitTest\bin\x64\Debug\net472\zSmartClient_UnitTest.dll" adapterTypeName="executor://mstestadapter/v2" className="SmartClient_UnitTest.VideoOS.RemoteClient.Application.Components.EvidenceLock.EvidenceLockCreateEditTests" name="Retention_Options_Are_Intersected" />
    </UnitTest>
    <UnitTest name="ShowAccessControlSystems_ShouldReturnFalse_WhenTwoACSystemsNotSupportingCardholdersAvailable" storage="d:\actions-runner\_work\xpco\xpco\sc\components\remoteviewer\smartclient\tst\zsmartclient_unittest\bin\x64\debug\net472\zsmartclient_unittest.dll" id="e591cb66-07e5-1b9d-9e29-d469d485e69c">
      <Execution id="3c8f339d-5cf0-4ef4-9b58-3531aaca5bcd" />
      <TestMethod codeBase="D:\actions-runner\_work\XPCO\XPCO\SC\Components\RemoteViewer\SmartClient\tst\zSmartClient_UnitTest\bin\x64\Debug\net472\zSmartClient_UnitTest.dll" adapterTypeName="executor://mstestadapter/v2" className="SmartClient_UnitTest.VideoOS.RemoteClient.AccessControl.ViewModel.CardholdersTabViewModelTests" name="ShowAccessControlSystems_ShouldReturnFalse_WhenTwoACSystemsNotSupportingCardholdersAvailable" />
    </UnitTest>
    <UnitTest name="TestInitializeWorkrooms_AllBuiltinWorkroomsWithSearchTabAsInitialWorkroom_Success" storage="d:\actions-runner\_work\xpco\xpco\sc\components\remoteviewer\smartclient\tst\zsmartclient_unittest\bin\x64\debug\net472\zsmartclient_unittest.dll" id="d02a9bfe-ef70-0b80-6768-a063d853aefd">
      <TestCategory>
        <TestCategoryItem TestCategory="WorkroomController" />
      </TestCategory>
      <Execution id="6a1abe2c-651a-4195-9855-5024c45db06b" />
      <TestMethod codeBase="D:\actions-runner\_work\XPCO\XPCO\SC\Components\RemoteViewer\SmartClient\tst\zSmartClient_UnitTest\bin\x64\Debug\net472\zSmartClient_UnitTest.dll" adapterTypeName="executor://mstestadapter/v2" className="VideoOS.RemoteClient.Application.Controllers.WorkroomController.UnitTest.TabWorkroomControllerTest" name="TestInitializeWorkrooms_AllBuiltinWorkroomsWithSearchTabAsInitialWorkroom_Success" />
    </UnitTest>
    <UnitTest name="RemoveAttributeValueCommand_NotNullValue_AttributeValueCleared" storage="d:\actions-runner\_work\xpco\xpco\sc\components\remoteviewer\smartclient\tst\zsmartclient_unittest\bin\x64\debug\net472\zsmartclient_unittest.dll" id="ed35a7f0-03d4-ea75-0507-862afb897619">
      <TestCategory>
        <TestCategoryItem TestCategory="Search" />
      </TestCategory>
      <Execution id="c0ca7130-05c0-4015-9ee2-1e6a99be5549" />
      <TestMethod codeBase="D:\actions-runner\_work\XPCO\XPCO\SC\Components\RemoteViewer\SmartClient\tst\zSmartClient_UnitTest\bin\x64\Debug\net472\zSmartClient_UnitTest.dll" adapterTypeName="executor://mstestadapter/v2" className="SmartClient_UnitTest.VideoOS.RemoteClient.Plugin.CentralizedSearch.ViewModels.SearchAttributeViewModelTests" name="RemoveAttributeValueCommand_NotNullValue_AttributeValueCleared" />
    </UnitTest>
    <UnitTest name="PatrollingStepViewModel_SelectedPatrollingPreset" storage="d:\actions-runner\_work\xpco\xpco\sc\components\remoteviewer\smartclient\tst\zsmartclient_unittest\bin\x64\debug\net472\zsmartclient_unittest.dll" id="cf688c28-2d6d-a793-dedf-06d48b63f6f1">
      <Execution id="b1c21348-5f00-45da-85d0-e346f2377479" />
      <TestMethod codeBase="D:\actions-runner\_work\XPCO\XPCO\SC\Components\RemoteViewer\SmartClient\tst\zSmartClient_UnitTest\bin\x64\Debug\net472\zSmartClient_UnitTest.dll" adapterTypeName="executor://mstestadapter/v2" className="SmartClient_UnitTest.VideoOS.RemoteClient.Application.UI.PtzPreset.PatrollingViewModel.PatrollingStepViewModelTest" name="PatrollingStepViewModel_SelectedPatrollingPreset" />
    </UnitTest>
    <UnitTest name="ModelSerialization_DeserializeSerialize_SerializationXmlIsSame" storage="d:\actions-runner\_work\xpco\xpco\sc\components\remoteviewer\smartclient\tst\zsmartclient_unittest\bin\x64\debug\net472\zsmartclient_unittest.dll" id="1663762a-2500-b801-aa4a-60e46d01fc4b">
      <TestCategory>
        <TestCategoryItem TestCategory="SearchModels" />
      </TestCategory>
      <Execution id="ca449389-cc3d-4020-9d6d-2475c38ea45b" />
      <TestMethod codeBase="D:\actions-runner\_work\XPCO\XPCO\SC\Components\RemoteViewer\SmartClient\tst\zSmartClient_UnitTest\bin\x64\Debug\net472\zSmartClient_UnitTest.dll" adapterTypeName="executor://mstestadapter/v2" className="SmartClient_UnitTest.VideoOS.RemoteClient.Plugin.CentralizedSearch.Models.SearchModelTests" name="ModelSerialization_DeserializeSerialize_SerializationXmlIsSame" />
    </UnitTest>
    <UnitTest name="BuildMapOptions_ShouldHandleStringOptionsCorrectly (GisMapOpenStreetMapAlternativeServer,,False)" storage="d:\actions-runner\_work\xpco\xpco\sc\components\remoteviewer\smartclient\tst\zsmartclient_unittest\bin\x64\debug\net472\zsmartclient_unittest.dll" id="ae852a8d-7ae4-98ec-f509-452d42fd042a">
      <Execution id="d03d0e38-2893-4aa1-b52d-d1232decdc04" />
      <TestMethod codeBase="D:\actions-runner\_work\XPCO\XPCO\SC\Components\RemoteViewer\SmartClient\tst\zSmartClient_UnitTest\bin\x64\Debug\net472\zSmartClient_UnitTest.dll" adapterTypeName="executor://mstestadapter/v2" className="SmartClient_UnitTest.VideoOS.RemoteClient.Application.Common.Telemetry.TelemetryBuilderTests" name="BuildMapOptions_ShouldHandleStringOptionsCorrectly" />
    </UnitTest>
    <UnitTest name="EnsureLayersOrderIsValidBy_Swap210_Success" storage="d:\actions-runner\_work\xpco\xpco\sc\components\remoteviewer\smartclient\tst\zsmartclient_unittest\bin\x64\debug\net472\zsmartclient_unittest.dll" id="4203d4af-b5bf-b00b-9139-2a7c647d28e9">
      <TestCategory>
        <TestCategoryItem TestCategory="GisMapLayers" />
      </TestCategory>
      <Execution id="7ff81566-36e1-4165-97f2-8832a66d3d94" />
      <TestMethod codeBase="D:\actions-runner\_work\XPCO\XPCO\SC\Components\RemoteViewer\SmartClient\tst\zSmartClient_UnitTest\bin\x64\Debug\net472\zSmartClient_UnitTest.dll" adapterTypeName="executor://mstestadapter/v2" className="SmartClient_UnitTest.VideoOS.RemoteClient.GisMapData.GisMapLayerZOrderTests" name="EnsureLayersOrderIsValidBy_Swap210_Success" />
    </UnitTest>
    <UnitTest name="MapLayerType_ShouldBeNull_WhenCalled" storage="d:\actions-runner\_work\xpco\xpco\sc\components\remoteviewer\smartclient\tst\zsmartclient_unittest\bin\x64\debug\net472\zsmartclient_unittest.dll" id="623a898d-977d-5b91-e1b8-7c6682d95502">
      <Execution id="0da516d7-3fc0-4bde-97a3-957d7fb52cde" />
      <TestMethod codeBase="D:\actions-runner\_work\XPCO\XPCO\SC\Components\RemoteViewer\SmartClient\tst\zSmartClient_UnitTest\bin\x64\Debug\net472\zSmartClient_UnitTest.dll" adapterTypeName="executor://mstestadapter/v2" className="SmartClient_UnitTest.VideoOS.RemoteClient.GisMapData.Strategies.MapLayers.MipMapLayerDatagramClassFactoryStrategyTests" name="MapLayerType_ShouldBeNull_WhenCalled" />
    </UnitTest>
    <UnitTest name="Outline_ShouldRejectSet_WhenOutlineIsNull" storage="d:\actions-runner\_work\xpco\xpco\sc\components\remoteviewer\smartclient\tst\zsmartclient_unittest\bin\x64\debug\net472\zsmartclient_unittest.dll" id="5d6c44db-c687-1340-5e99-d0beeace71f3">
      <TestCategory>
        <TestCategoryItem TestCategory="GisMapBuilding" />
      </TestCategory>
      <Execution id="5dd1bc2e-ef35-4687-8566-4fe484f2fdc1" />
      <TestMethod codeBase="D:\actions-runner\_work\XPCO\XPCO\SC\Components\RemoteViewer\SmartClient\tst\zSmartClient_UnitTest\bin\x64\Debug\net472\zSmartClient_UnitTest.dll" adapterTypeName="executor://mstestadapter/v2" className="SmartClient_UnitTest.VideoOS.RemoteClient.GisMap.MapBuildingTests" name="Outline_ShouldRejectSet_WhenOutlineIsNull" />
    </UnitTest>
    <UnitTest name="TestBuildingLoadAsync_Success" storage="d:\actions-runner\_work\xpco\xpco\sc\components\remoteviewer\smartclient\tst\zsmartclient_unittest\bin\x64\debug\net472\zsmartclient_unittest.dll" id="1828ecd5-bb3e-6d98-809c-f913ae167b2a">
      <TestCategory>
        <TestCategoryItem TestCategory="GisMapBuilding" />
      </TestCategory>
      <Execution id="7e646a7e-ea8d-4d11-8086-618b7a208ea6" />
      <TestMethod codeBase="D:\actions-runner\_work\XPCO\XPCO\SC\Components\RemoteViewer\SmartClient\tst\zSmartClient_UnitTest\bin\x64\Debug\net472\zSmartClient_UnitTest.dll" adapterTypeName="executor://mstestadapter/v2" className="SmartClient_UnitTest.VideoOS.RemoteClient.GisMap.MapBuildingTests" name="TestBuildingLoadAsync_Success" />
    </UnitTest>
    <UnitTest name="AddToExportTuples_ShouldReturnCorrectResult (0,5,0)" storage="d:\actions-runner\_work\xpco\xpco\sc\components\remoteviewer\smartclient\tst\zsmartclient_unittest\bin\x64\debug\net472\zsmartclient_unittest.dll" id="338ec46a-cbb9-1c81-1283-b774722703ea">
      <TestCategory>
        <TestCategoryItem TestCategory="Managers" />
      </TestCategory>
      <Execution id="0a5f0e7b-46f5-4d94-ab61-9a73b86dba0d" />
      <TestMethod codeBase="D:\actions-runner\_work\XPCO\XPCO\SC\Components\RemoteViewer\SmartClient\tst\zSmartClient_UnitTest\bin\x64\Debug\net472\zSmartClient_UnitTest.dll" adapterTypeName="executor://mstestadapter/v2" className="SmartClient_UnitTest.VideoOS.RemoteClient.Application.Managers.ExportManagerTests" name="AddToExportTuples_ShouldReturnCorrectResult" />
    </UnitTest>
    <UnitTest name="GetWorkspaceToolbarItems_ShouldReturnLiveToolbarItemDisabledPlaybackToolbarItemEnabled_WhenWorkspaceIsPlayback" storage="d:\actions-runner\_work\xpco\xpco\sc\components\remoteviewer\smartclient\tst\zsmartclient_unittest\bin\x64\debug\net472\zsmartclient_unittest.dll" id="94ba17e6-30fb-3cd3-1d80-21c645e8deb9">
      <TestCategory>
        <TestCategoryItem TestCategory="WorkspaceToolbar" />
      </TestCategory>
      <Execution id="3eaac0cd-fd64-4fbb-ac6b-edbbf1d8f569" />
      <TestMethod codeBase="D:\actions-runner\_work\XPCO\XPCO\SC\Components\RemoteViewer\SmartClient\tst\zSmartClient_UnitTest\bin\x64\Debug\net472\zSmartClient_UnitTest.dll" adapterTypeName="executor://mstestadapter/v2" className="SmartClient_UnitTest.VideoOS.RemoteClient.Application.UI.Content.WorkspaceToolbar.MIPWorkspaceToolbarItemManagerTests" name="GetWorkspaceToolbarItems_ShouldReturnLiveToolbarItemDisabledPlaybackToolbarItemEnabled_WhenWorkspaceIsPlayback" />
    </UnitTest>
    <UnitTest name="Warning_Shown_When_Removing_Camera" storage="d:\actions-runner\_work\xpco\xpco\sc\components\remoteviewer\smartclient\tst\zsmartclient_unittest\bin\x64\debug\net472\zsmartclient_unittest.dll" id="8ecade2b-3ad6-f16a-0138-df9b1b58928f">
      <Execution id="f1afd7c3-9961-4a17-83ef-f84270cc8c2b" />
      <TestMethod codeBase="D:\actions-runner\_work\XPCO\XPCO\SC\Components\RemoteViewer\SmartClient\tst\zSmartClient_UnitTest\bin\x64\Debug\net472\zSmartClient_UnitTest.dll" adapterTypeName="executor://mstestadapter/v2" className="SmartClient_UnitTest.VideoOS.RemoteClient.Application.Components.EvidenceLock.EvidenceLockCreateEditTests" name="Warning_Shown_When_Removing_Camera" />
    </UnitTest>
    <UnitTest name="SupportsDoubleClick_ShouldBeFalse_WhenInteractionStateIsNotNormalOrNewDevice" storage="d:\actions-runner\_work\xpco\xpco\sc\components\remoteviewer\smartclient\tst\zsmartclient_unittest\bin\x64\debug\net472\zsmartclient_unittest.dll" id="c0d12a95-e15f-6166-5a13-d922c014e85f">
      <TestCategory>
        <TestCategoryItem TestCategory="GisMap.CameraMarker" />
      </TestCategory>
      <Execution id="b82ac061-e77a-4988-8183-1d91666c42c6" />
      <TestMethod codeBase="D:\actions-runner\_work\XPCO\XPCO\SC\Components\RemoteViewer\SmartClient\tst\zSmartClient_UnitTest\bin\x64\Debug\net472\zSmartClient_UnitTest.dll" adapterTypeName="executor://mstestadapter/v2" className="SmartClient_UnitTest.VideoOS.RemoteClient.Plugin.GisMap.ThinkGeoMap.Markers.DeviceMarkers.CameraMarker.CameraMarkerTests" name="SupportsDoubleClick_ShouldBeFalse_WhenInteractionStateIsNotNormalOrNewDevice" />
    </UnitTest>
    <UnitTest name="SmartWallButtonHidden_WhenNotInSmartWallView" storage="d:\actions-runner\_work\xpco\xpco\sc\components\remoteviewer\smartclient\tst\zsmartclient_unittest\bin\x64\debug\net472\zsmartclient_unittest.dll" id="ba697472-1eee-6276-10b8-517f33455021">
      <TestCategory>
        <TestCategoryItem TestCategory="WorkspaceToolbar" />
      </TestCategory>
      <Execution id="10cdfd68-eb76-44aa-9436-3d35fce0bb99" />
      <TestMethod codeBase="D:\actions-runner\_work\XPCO\XPCO\SC\Components\RemoteViewer\SmartClient\tst\zSmartClient_UnitTest\bin\x64\Debug\net472\zSmartClient_UnitTest.dll" adapterTypeName="executor://mstestadapter/v2" className="SmartClient_UnitTest.VideoOS.RemoteClient.Application.UI.Content.WorkspaceToolbar.WorkspaceToolbarViewModelTests" name="SmartWallButtonHidden_WhenNotInSmartWallView" />
    </UnitTest>
    <UnitTest name="RemoveItems_EmptyCollection_NoClusterChanges" storage="d:\actions-runner\_work\xpco\xpco\sc\components\remoteviewer\smartclient\tst\zsmartclient_unittest\bin\x64\debug\net472\zsmartclient_unittest.dll" id="b87a1c99-d996-5e0b-a096-13dd2701c2c1">
      <TestCategory>
        <TestCategoryItem TestCategory="GisMapIndex" />
      </TestCategory>
      <Execution id="97bfdf9e-de81-4f14-b643-058ab2d0935c" />
      <TestMethod codeBase="D:\actions-runner\_work\XPCO\XPCO\SC\Components\RemoteViewer\SmartClient\tst\zSmartClient_UnitTest\bin\x64\Debug\net472\zSmartClient_UnitTest.dll" adapterTypeName="executor://mstestadapter/v2" className="SmartClient_UnitTest.VideoOS.RemoteClient.GisMapData.Common.Indexer.MapItemIndexerTests" name="RemoveItems_EmptyCollection_NoClusterChanges" />
    </UnitTest>
    <UnitTest name="IsOAuth_ShouldReturnFalse_WhenConstructedUsingWindows" storage="d:\actions-runner\_work\xpco\xpco\sc\components\remoteviewer\smartclient\tst\zsmartclient_unittest\bin\x64\debug\net472\zsmartclient_unittest.dll" id="95263003-a60e-ad32-6d79-b2420a12e34b">
      <TestCategory>
        <TestCategoryItem TestCategory="Authentication.ClientCredentials" />
      </TestCategory>
      <Execution id="9c3e185c-b952-4e82-8fd0-343a62b87142" />
      <TestMethod codeBase="D:\actions-runner\_work\XPCO\XPCO\SC\Components\RemoteViewer\SmartClient\tst\zSmartClient_UnitTest\bin\x64\Debug\net472\zSmartClient_UnitTest.dll" adapterTypeName="executor://mstestadapter/v2" className="SmartClient_UnitTest.VideoOS.Shared.ServerAPI.ClientCredentialsTest" name="IsOAuth_ShouldReturnFalse_WhenConstructedUsingWindows" />
    </UnitTest>
    <UnitTest name="ScWorkSpaceModeChangedEvent_ShouldSetDeviceIsDisabledToTrue_WhenSwitchingToBrowseMode" storage="d:\actions-runner\_work\xpco\xpco\sc\components\remoteviewer\smartclient\tst\zsmartclient_unittest\bin\x64\debug\net472\zsmartclient_unittest.dll" id="42b5cf79-6dbd-73ce-f336-4c9a97122aad">
      <TestCategory>
        <TestCategoryItem TestCategory="GisMapData.MapLayers" />
      </TestCategory>
      <Execution id="ea8162d0-fb4d-4c50-b7eb-f8ee0c132e55" />
      <TestMethod codeBase="D:\actions-runner\_work\XPCO\XPCO\SC\Components\RemoteViewer\SmartClient\tst\zSmartClient_UnitTest\bin\x64\Debug\net472\zSmartClient_UnitTest.dll" adapterTypeName="executor://mstestadapter/v2" className="SmartClient_UnitTest.VideoOS.RemoteClient.GisMapData.MapLayers.MicrophoneItemsMapLayerTests" name="ScWorkSpaceModeChangedEvent_ShouldSetDeviceIsDisabledToTrue_WhenSwitchingToBrowseMode" />
    </UnitTest>
    <UnitTest name="Password 1 too short" storage="d:\actions-runner\_work\xpco\xpco\sc\components\remoteviewer\smartclient\tst\zsmartclient_unittest\bin\x64\debug\net472\zsmartclient_unittest.dll" id="6f38fefe-03f5-0f1c-3a6a-8844abdc82dd">
      <TestCategory>
        <TestCategoryItem TestCategory="Export" />
      </TestCategory>
      <Execution id="ce95b28a-51cf-4478-8f52-329dec9d0754" />
      <TestMethod codeBase="D:\actions-runner\_work\XPCO\XPCO\SC\Components\RemoteViewer\SmartClient\tst\zSmartClient_UnitTest\bin\x64\Debug\net472\zSmartClient_UnitTest.dll" adapterTypeName="executor://mstestadapter/v2" className="SmartClient_UnitTest.VideoOS.RemoteClient.Plugin.Export.PasswordDialogViewModelTests" name="InitialPassword_ShouldResultInCorrectValidity" />
    </UnitTest>
    <UnitTest name="PtzSessionControllerInfo_UserChangedTest_NoChange" storage="d:\actions-runner\_work\xpco\xpco\sc\components\remoteviewer\smartclient\tst\zsmartclient_unittest\bin\x64\debug\net472\zsmartclient_unittest.dll" id="d72e9a2a-9534-badd-5a74-22ef698e678e">
      <Execution id="234292c0-92e1-4090-bd27-c7969e06390e" />
      <TestMethod codeBase="D:\actions-runner\_work\XPCO\XPCO\SC\Components\RemoteViewer\SmartClient\tst\zSmartClient_UnitTest\bin\x64\Debug\net472\zSmartClient_UnitTest.dll" adapterTypeName="executor://mstestadapter/v2" className="VideoOS.RemoteClient.Application.Controllers.UnitTest.PtzSessionControllerTest" name="PtzSessionControllerInfo_UserChangedTest_NoChange" />
    </UnitTest>
    <UnitTest name="TestConstructor_NullMapBuilding_Failure" storage="d:\actions-runner\_work\xpco\xpco\sc\components\remoteviewer\smartclient\tst\zsmartclient_unittest\bin\x64\debug\net472\zsmartclient_unittest.dll" id="1fb4c865-1faa-3cb2-dba2-5caed6ef1c09">
      <TestCategory>
        <TestCategoryItem TestCategory="GisMapBuilding" />
      </TestCategory>
      <Execution id="bb350d35-6fff-4e97-8771-b2d36ac40db1" />
      <TestMethod codeBase="D:\actions-runner\_work\XPCO\XPCO\SC\Components\RemoteViewer\SmartClient\tst\zSmartClient_UnitTest\bin\x64\Debug\net472\zSmartClient_UnitTest.dll" adapterTypeName="executor://mstestadapter/v2" className="SmartClient_UnitTest.VideoOS.RemoteClient.GisMapData.MapBuildings.MapLevelTests" name="TestConstructor_NullMapBuilding_Failure" />
    </UnitTest>
    <UnitTest name="Decorate_ShouldAddChildren_WhenThereAreLayersImplementingITitleToggleableWithItems" storage="d:\actions-runner\_work\xpco\xpco\sc\components\remoteviewer\smartclient\tst\zsmartclient_unittest\bin\x64\debug\net472\zsmartclient_unittest.dll" id="3215309a-c170-3a90-36e8-c896704e6333">
      <TestCategory>
        <TestCategoryItem TestCategory="GisMap.LayerVisibilityItemDataChildrenToggleItemDecoratorTests" />
      </TestCategory>
      <Execution id="6c8ff77f-6575-467c-824b-a5e257dee3b9" />
      <TestMethod codeBase="D:\actions-runner\_work\XPCO\XPCO\SC\Components\RemoteViewer\SmartClient\tst\zSmartClient_UnitTest\bin\x64\Debug\net472\zSmartClient_UnitTest.dll" adapterTypeName="executor://mstestadapter/v2" className="SmartClient_UnitTest.VideoOS.RemoteClient.Plugin.GisMap.ViewModels.LayersVisibility.Decorators.LayerVisibilityItemDataChildrenToggleItemDecoratorTests" name="Decorate_ShouldAddChildren_WhenThereAreLayersImplementingITitleToggleableWithItems" />
    </UnitTest>
    <UnitTest name="Ctor_SearchReportData_Success" storage="d:\actions-runner\_work\xpco\xpco\sc\components\remoteviewer\smartclient\tst\zsmartclient_unittest\bin\x64\debug\net472\zsmartclient_unittest.dll" id="0c50efac-b8b6-9fec-2121-593589ddcef1">
      <TestCategory>
        <TestCategoryItem TestCategory="Search" />
      </TestCategory>
      <Execution id="cc3abceb-83ac-4a32-b575-46fabf529400" />
      <TestMethod codeBase="D:\actions-runner\_work\XPCO\XPCO\SC\Components\RemoteViewer\SmartClient\tst\zSmartClient_UnitTest\bin\x64\Debug\net472\zSmartClient_UnitTest.dll" adapterTypeName="executor://mstestadapter/v2" className="SmartClient_UnitTest.VideoOS.RemoteClient.Plugin.CentralizedSearch.ViewModels.SearchReportViewModelTests" name="Ctor_SearchReportData_Success" />
    </UnitTest>
    <UnitTest name="NavigateAndSelectAsync_SelectAdditionalCamera_ReCenterCommandEnabled" storage="d:\actions-runner\_work\xpco\xpco\sc\components\remoteviewer\smartclient\tst\zsmartclient_unittest\bin\x64\debug\net472\zsmartclient_unittest.dll" id="60bdbe1c-556f-ee06-0399-2842675c306a">
      <TestCategory>
        <TestCategoryItem TestCategory="GisMap.GisMapViewModel" />
      </TestCategory>
      <Execution id="a61bbc81-33b2-4f73-888e-6fad740f612f" />
      <TestMethod codeBase="D:\actions-runner\_work\XPCO\XPCO\SC\Components\RemoteViewer\SmartClient\tst\zSmartClient_UnitTest\bin\x64\Debug\net472\zSmartClient_UnitTest.dll" adapterTypeName="executor://mstestadapter/v2" className="SmartClient_UnitTest.VideoOS.RemoteClient.Plugin.GisMap.ViewModels.GisMapViewModelTests" name="NavigateAndSelectAsync_SelectAdditionalCamera_ReCenterCommandEnabled" />
    </UnitTest>
    <UnitTest name="CreateNewGroup_NewUser" storage="d:\actions-runner\_work\xpco\xpco\sc\components\remoteviewer\smartclient\tst\zsmartclient_unittest\bin\x64\debug\net472\zsmartclient_unittest.dll" id="41f04a9d-5df2-9e79-b05d-aaa6c4b08e60">
      <Execution id="75713969-0225-42b6-8b09-b5af62ff487d" />
      <TestMethod codeBase="D:\actions-runner\_work\XPCO\XPCO\SC\Components\RemoteViewer\SmartClient\tst\zSmartClient_UnitTest\bin\x64\Debug\net472\zSmartClient_UnitTest.dll" adapterTypeName="executor://mstestadapter/v2" className="SmartClient_UnitTest.VideoOS.Shared.ViewGroupSerializationControllerTests" name="CreateNewGroup_NewUser" />
    </UnitTest>
    <UnitTest name="GetLayerVisibilityItemsData_ShouldAddDeviceFixedLayerInOrder_WhenMultipleLayersAreProvided" storage="d:\actions-runner\_work\xpco\xpco\sc\components\remoteviewer\smartclient\tst\zsmartclient_unittest\bin\x64\debug\net472\zsmartclient_unittest.dll" id="caaa1ff0-9d50-8a88-cc0f-12986835057f">
      <TestCategory>
        <TestCategoryItem TestCategory="GisMap.DefaultFixedLayerManagerStrategyTests" />
      </TestCategory>
      <Execution id="e82a580b-3ef6-4625-b7dd-8bad71d61af6" />
      <TestMethod codeBase="D:\actions-runner\_work\XPCO\XPCO\SC\Components\RemoteViewer\SmartClient\tst\zSmartClient_UnitTest\bin\x64\Debug\net472\zSmartClient_UnitTest.dll" adapterTypeName="executor://mstestadapter/v2" className="SmartClient_UnitTest.VideoOS.RemoteClient.Plugin.GisMap.ViewModels.LayersVisibility.FixedLayers.DefaultFixedLayerManagerStrategyTests" name="GetLayerVisibilityItemsData_ShouldAddDeviceFixedLayerInOrder_WhenMultipleLayersAreProvided" />
    </UnitTest>
    <UnitTest name="InputMapItem_UpdateName_Rejected" storage="d:\actions-runner\_work\xpco\xpco\sc\components\remoteviewer\smartclient\tst\zsmartclient_unittest\bin\x64\debug\net472\zsmartclient_unittest.dll" id="dd6a6056-335a-e790-dd5c-836d1beab39a">
      <TestCategory>
        <TestCategoryItem TestCategory="GisMapData.MapItem.Inputs" />
      </TestCategory>
      <Execution id="d4dab2f5-cf3f-48ea-8830-d04c1afea027" />
      <TestMethod codeBase="D:\actions-runner\_work\XPCO\XPCO\SC\Components\RemoteViewer\SmartClient\tst\zSmartClient_UnitTest\bin\x64\Debug\net472\zSmartClient_UnitTest.dll" adapterTypeName="executor://mstestadapter/v2" className="SmartClient_UnitTest.VideoOS.RemoteClient.GisMapData.MapItem.Inputs.InputMapItemTests" name="InputMapItem_UpdateName_Rejected" />
    </UnitTest>
    <UnitTest name="ValidateExportName_ShouldReturnFailResult_InvalidCharactersInExportName (1213&gt;)" storage="d:\actions-runner\_work\xpco\xpco\sc\components\remoteviewer\smartclient\tst\zsmartclient_unittest\bin\x64\debug\net472\zsmartclient_unittest.dll" id="f0c5812c-630c-2912-6782-e7e51d2e4caa">
      <TestCategory>
        <TestCategoryItem TestCategory="Export" />
      </TestCategory>
      <Execution id="c3504ba0-dfc7-4182-a5d0-5f502fed6af2" />
      <TestMethod codeBase="D:\actions-runner\_work\XPCO\XPCO\SC\Components\RemoteViewer\SmartClient\tst\zSmartClient_UnitTest\bin\x64\Debug\net472\zSmartClient_UnitTest.dll" adapterTypeName="executor://mstestadapter/v2" className="SmartClient_UnitTest.VideoOS.RemoteClient.Plugin.Export.ExportDataValidatorTests" name="ValidateExportName_ShouldReturnFailResult_InvalidCharactersInExportName" />
    </UnitTest>
    <UnitTest name="DeviceIcons_ShouldBeCached_WhenCalled" storage="d:\actions-runner\_work\xpco\xpco\sc\components\remoteviewer\smartclient\tst\zsmartclient_unittest\bin\x64\debug\net472\zsmartclient_unittest.dll" id="e788a2d0-4486-022b-835a-f533cc3033d2">
      <TestCategory>
        <TestCategoryItem TestCategory="GisMapData.OutputOemResourcesProviderTests" />
      </TestCategory>
      <Execution id="8b892b56-acab-45cb-a305-652b5f7e09e1" />
      <TestMethod codeBase="D:\actions-runner\_work\XPCO\XPCO\SC\Components\RemoteViewer\SmartClient\tst\zSmartClient_UnitTest\bin\x64\Debug\net472\zSmartClient_UnitTest.dll" adapterTypeName="executor://mstestadapter/v2" className="SmartClient_UnitTest.VideoOS.RemoteClient.GisMapData.Resources.OutputOemResourcesProviderTests" name="DeviceIcons_ShouldBeCached_WhenCalled" />
    </UnitTest>
    <UnitTest name="Both enabled, forced" storage="d:\actions-runner\_work\xpco\xpco\sc\components\remoteviewer\smartclient\tst\zsmartclient_unittest\bin\x64\debug\net472\zsmartclient_unittest.dll" id="374a86fe-b697-52f4-06b9-ec8ef8d94c81">
      <TestCategory>
        <TestCategoryItem TestCategory="Export" />
      </TestCategory>
      <Execution id="c4b5e29b-4a80-45f7-9f04-ab31f66e191c" />
      <TestMethod codeBase="D:\actions-runner\_work\XPCO\XPCO\SC\Components\RemoteViewer\SmartClient\tst\zSmartClient_UnitTest\bin\x64\Debug\net472\zSmartClient_UnitTest.dll" adapterTypeName="executor://mstestadapter/v2" className="SmartClient_UnitTest.VideoOS.RemoteClient.Plugin.Export.CreateExportDialogViewModelTests" name="CreateExportDialog_ExportDestinationSelectionEnabled_BasedOnOptions" />
    </UnitTest>
    <UnitTest name="GetMapLayerArguments_ShouldReturnIGisMapModelAndAlarmsObservables_WhenCalled" storage="d:\actions-runner\_work\xpco\xpco\sc\components\remoteviewer\smartclient\tst\zsmartclient_unittest\bin\x64\debug\net472\zsmartclient_unittest.dll" id="2f07bb8b-cd50-f2c2-1839-7178b31bc8e9">
      <Execution id="21cff21e-b61d-4697-ad1f-7294bac53220" />
      <TestMethod codeBase="D:\actions-runner\_work\XPCO\XPCO\SC\Components\RemoteViewer\SmartClient\tst\zSmartClient_UnitTest\bin\x64\Debug\net472\zSmartClient_UnitTest.dll" adapterTypeName="executor://mstestadapter/v2" className="SmartClient_UnitTest.VideoOS.RemoteClient.GisMapData.Strategies.MapLayers.OutputMapLayerDatagramClassFactoryStrategyTests" name="GetMapLayerArguments_ShouldReturnIGisMapModelAndAlarmsObservables_WhenCalled" />
    </UnitTest>
    <UnitTest name="LoadBoundingShapes_PolygonShape_AddedToUI" storage="d:\actions-runner\_work\xpco\xpco\sc\components\remoteviewer\smartclient\tst\zsmartclient_unittest\bin\x64\debug\net472\zsmartclient_unittest.dll" id="03362dc6-019e-7120-2944-4e9a1bc66b6d">
      <Execution id="da38d5fa-8bcc-41c5-8708-c790627c2667" />
      <TestMethod codeBase="D:\actions-runner\_work\XPCO\XPCO\SC\Components\RemoteViewer\SmartClient\tst\zSmartClient_UnitTest\bin\x64\Debug\net472\zSmartClient_UnitTest.dll" adapterTypeName="executor://mstestadapter/v2" className="SmartClient_UnitTest.VideoOS.RemoteClient.Plugin.CentralizedSearch.MIPPlugin.Results.VideoSearchResultUserControlTests" name="LoadBoundingShapes_PolygonShape_AddedToUI" />
    </UnitTest>
    <UnitTest name="UpdateItemState_Hidden_WrongServerTypes" storage="d:\actions-runner\_work\xpco\xpco\sc\components\remoteviewer\smartclient\tst\zsmartclient_unittest\bin\x64\debug\net472\zsmartclient_unittest.dll" id="cc5bf0e8-1cf1-748c-6f30-7b7cfd04c1dc">
      <TestCategory>
        <TestCategoryItem TestCategory="ContentHolderToolbar" />
      </TestCategory>
      <Execution id="be499b8a-5b79-4432-a10d-c29d9c55c861" />
      <TestMethod codeBase="D:\actions-runner\_work\XPCO\XPCO\SC\Components\RemoteViewer\SmartClient\tst\zSmartClient_UnitTest\bin\x64\Debug\net472\zSmartClient_UnitTest.dll" adapterTypeName="executor://mstestadapter/v2" className="SmartClient_UnitTest.VideoOS.RemoteClient.Application.Data.ContentHolderToolbar.ToolBarItemSearchTests" name="UpdateItemState_Hidden_WrongServerTypes" />
    </UnitTest>
    <UnitTest name="ToNormalizedDirection_OutOfRange_Minus2PI_Fail" storage="d:\actions-runner\_work\xpco\xpco\sc\components\remoteviewer\smartclient\tst\zsmartclient_unittest\bin\x64\debug\net472\zsmartclient_unittest.dll" id="4b45c6e7-7f37-b930-8977-ed2b5f3bab07">
      <TestCategory>
        <TestCategoryItem TestCategory="GisMap" />
      </TestCategory>
      <Execution id="feaff147-bb54-45ca-a263-d8a6447d9553" />
      <TestMethod codeBase="D:\actions-runner\_work\XPCO\XPCO\SC\Components\RemoteViewer\SmartClient\tst\zSmartClient_UnitTest\bin\x64\Debug\net472\zSmartClient_UnitTest.dll" adapterTypeName="executor://mstestadapter/v2" className="SmartClient_UnitTest.VideoOS.RemoteClient.GisMap.Utilities.GisUtilityTests" name="ToNormalizedDirection_OutOfRange_Minus2PI_Fail" />
    </UnitTest>
    <UnitTest name="OnSizeChanged_FivePluginButtonsPresentInActionBar_WithRoomForLessThenFourPluginButtonsPluginsMoveToSecondLine" storage="d:\actions-runner\_work\xpco\xpco\sc\components\remoteviewer\smartclient\tst\zsmartclient_unittest\bin\x64\debug\net472\zsmartclient_unittest.dll" id="af2a8788-f2d5-ea21-a188-f51e4691cee7">
      <TestCategory>
        <TestCategoryItem TestCategory="SearchViews" />
      </TestCategory>
      <Execution id="8883c252-62dd-4cec-8395-b764e2136c5c" />
      <TestMethod codeBase="D:\actions-runner\_work\XPCO\XPCO\SC\Components\RemoteViewer\SmartClient\tst\zSmartClient_UnitTest\bin\x64\Debug\net472\zSmartClient_UnitTest.dll" adapterTypeName="executor://mstestadapter/v2" className="SmartClient_UnitTest.VideoOS.RemoteClient.Plugin.CentralizedSearch.Views.SearchResultActionBarViewTests" name="OnSizeChanged_FivePluginButtonsPresentInActionBar_WithRoomForLessThenFourPluginButtonsPluginsMoveToSecondLine" />
    </UnitTest>
    <UnitTest name="OnLoaded_UserControlIsLoadingEventChanges_Success" storage="d:\actions-runner\_work\xpco\xpco\sc\components\remoteviewer\smartclient\tst\zsmartclient_unittest\bin\x64\debug\net472\zsmartclient_unittest.dll" id="8029d216-4010-3441-1bae-329046b8b3a9">
      <TestCategory>
        <TestCategoryItem TestCategory="Search" />
      </TestCategory>
      <Execution id="0ce11b97-5b2c-4ad4-b5dd-57add4f112f3" />
      <TestMethod codeBase="D:\actions-runner\_work\XPCO\XPCO\SC\Components\RemoteViewer\SmartClient\tst\zSmartClient_UnitTest\bin\x64\Debug\net472\zSmartClient_UnitTest.dll" adapterTypeName="executor://mstestadapter/v2" className="SmartClient_UnitTest.VideoOS.RemoteClient.Plugin.CentralizedSearch.Views.SearchResultContainerViewTests" name="OnLoaded_UserControlIsLoadingEventChanges_Success" />
    </UnitTest>
    <UnitTest name="State_ShouldBeMuted_WhenMicrophoneIsDisabled" storage="d:\actions-runner\_work\xpco\xpco\sc\components\remoteviewer\smartclient\tst\zsmartclient_unittest\bin\x64\debug\net472\zsmartclient_unittest.dll" id="1991c578-2343-4df2-6af1-b0db3a798f44">
      <TestCategory>
        <TestCategoryItem TestCategory="GisMapData.MapItem.Microphones" />
      </TestCategory>
      <Execution id="a5086e5f-345b-4ae9-a677-10d356fd7277" />
      <TestMethod codeBase="D:\actions-runner\_work\XPCO\XPCO\SC\Components\RemoteViewer\SmartClient\tst\zSmartClient_UnitTest\bin\x64\Debug\net472\zSmartClient_UnitTest.dll" adapterTypeName="executor://mstestadapter/v2" className="SmartClient_UnitTest.VideoOS.RemoteClient.GisMapData.MapItem.Microphones.MicrophoneMapItemTests" name="State_ShouldBeMuted_WhenMicrophoneIsDisabled" />
    </UnitTest>
    <UnitTest name="NearestPossibleZoomLevel_ShouldReturnZoomLevel19_WhenScaleIsJustBelowZoomLevel19" storage="d:\actions-runner\_work\xpco\xpco\sc\components\remoteviewer\smartclient\tst\zsmartclient_unittest\bin\x64\debug\net472\zsmartclient_unittest.dll" id="6c45a0dd-5772-753d-7493-6b1e41606871">
      <TestCategory>
        <TestCategoryItem TestCategory="MapExtentManager" />
      </TestCategory>
      <Execution id="0ddd6039-0cf9-4260-bc7b-a1f3ba424eb2" />
      <TestMethod codeBase="D:\actions-runner\_work\XPCO\XPCO\SC\Components\RemoteViewer\SmartClient\tst\zSmartClient_UnitTest\bin\x64\Debug\net472\zSmartClient_UnitTest.dll" adapterTypeName="executor://mstestadapter/v2" className="SmartClient_UnitTest.VideoOS.RemoteClient.Plugin.GisMap.ThinkGeoMap.Settings.ThinkGeoMapExtentManagerTests" name="NearestPossibleZoomLevel_ShouldReturnZoomLevel19_WhenScaleIsJustBelowZoomLevel19" />
    </UnitTest>
    <UnitTest name="Deserialize_FilterIdMissing_Error" storage="d:\actions-runner\_work\xpco\xpco\sc\components\remoteviewer\smartclient\tst\zsmartclient_unittest\bin\x64\debug\net472\zsmartclient_unittest.dll" id="72a98ab7-40b5-c78d-22d4-3cffe98aa29f">
      <TestCategory>
        <TestCategoryItem TestCategory="SearchSerialization" />
      </TestCategory>
      <Execution id="f4f0307b-3c4e-47c4-8201-c0ff63558bc2" />
      <TestMethod codeBase="D:\actions-runner\_work\XPCO\XPCO\SC\Components\RemoteViewer\SmartClient\tst\zSmartClient_UnitTest\bin\x64\Debug\net472\zSmartClient_UnitTest.dll" adapterTypeName="executor://mstestadapter/v2" className="SmartClient_UnitTest.VideoOS.RemoteClient.Plugin.CentralizedSearch.Models.Serialization.SearchSerializerTests" name="Deserialize_FilterIdMissing_Error" />
    </UnitTest>
    <UnitTest name="IsDisabled_ShouldBeTrue_WhenIsDetachedControllerManager" storage="d:\actions-runner\_work\xpco\xpco\sc\components\remoteviewer\smartclient\tst\zsmartclient_unittest\bin\x64\debug\net472\zsmartclient_unittest.dll" id="ebcc233a-fd3e-8478-fead-9ccf15ebc250">
      <TestCategory>
        <TestCategoryItem TestCategory="GisMapData.MapItem.Microphones" />
      </TestCategory>
      <Execution id="5a777aaa-fe46-4ee1-9944-5e2401bbd652" />
      <TestMethod codeBase="D:\actions-runner\_work\XPCO\XPCO\SC\Components\RemoteViewer\SmartClient\tst\zSmartClient_UnitTest\bin\x64\Debug\net472\zSmartClient_UnitTest.dll" adapterTypeName="executor://mstestadapter/v2" className="SmartClient_UnitTest.VideoOS.RemoteClient.GisMapData.MapItem.Microphones.MicrophoneMapItemTests" name="IsDisabled_ShouldBeTrue_WhenIsDetachedControllerManager" />
    </UnitTest>
    <UnitTest name="When password 1 is invalid, password 2 is valid, even when different" storage="d:\actions-runner\_work\xpco\xpco\sc\components\remoteviewer\smartclient\tst\zsmartclient_unittest\bin\x64\debug\net472\zsmartclient_unittest.dll" id="ce6e2ff3-4955-41da-37f3-e3853ebb6060">
      <TestCategory>
        <TestCategoryItem TestCategory="Export" />
      </TestCategory>
      <Execution id="0a02f58a-420f-4dda-925d-7d13f5a7c554" />
      <TestMethod codeBase="D:\actions-runner\_work\XPCO\XPCO\SC\Components\RemoteViewer\SmartClient\tst\zSmartClient_UnitTest\bin\x64\Debug\net472\zSmartClient_UnitTest.dll" adapterTypeName="executor://mstestadapter/v2" className="SmartClient_UnitTest.VideoOS.RemoteClient.Plugin.Export.PasswordDialogViewModelTests" name="SettingPassword1AndPassword2_ShouldSetIsPassword2Valid" />
    </UnitTest>
    <UnitTest name="TestLoadLevelsAsync_CommunicationFailure_Success" storage="d:\actions-runner\_work\xpco\xpco\sc\components\remoteviewer\smartclient\tst\zsmartclient_unittest\bin\x64\debug\net472\zsmartclient_unittest.dll" id="cb7e0b0b-265a-1cd7-8d28-4bc375b72be8">
      <TestCategory>
        <TestCategoryItem TestCategory="GisMapBuilding" />
      </TestCategory>
      <Execution id="6ab33ba3-6219-460e-a37c-a73086d5e8c5" />
      <TestMethod codeBase="D:\actions-runner\_work\XPCO\XPCO\SC\Components\RemoteViewer\SmartClient\tst\zSmartClient_UnitTest\bin\x64\Debug\net472\zSmartClient_UnitTest.dll" adapterTypeName="executor://mstestadapter/v2" className="SmartClient_UnitTest.VideoOS.RemoteClient.GisMap.MapBuildingTests" name="TestLoadLevelsAsync_CommunicationFailure_Success" />
    </UnitTest>
    <UnitTest name="AddItems_ShouldAcceptItems_WhenItemsAreOfDifferentTypes" storage="d:\actions-runner\_work\xpco\xpco\sc\components\remoteviewer\smartclient\tst\zsmartclient_unittest\bin\x64\debug\net472\zsmartclient_unittest.dll" id="bf38d087-b471-df6a-7d14-7824df80030c">
      <TestCategory>
        <TestCategoryItem TestCategory="GisMapIndex" />
      </TestCategory>
      <Execution id="57710d23-c53e-407b-b565-2092c5d1bc86" />
      <TestMethod codeBase="D:\actions-runner\_work\XPCO\XPCO\SC\Components\RemoteViewer\SmartClient\tst\zSmartClient_UnitTest\bin\x64\Debug\net472\zSmartClient_UnitTest.dll" adapterTypeName="executor://mstestadapter/v2" className="SmartClient_UnitTest.VideoOS.RemoteClient.GisMapData.Common.Indexer.BuildingsAwareIndexerTests" name="AddItems_ShouldAcceptItems_WhenItemsAreOfDifferentTypes" />
    </UnitTest>
    <UnitTest name="ToDenormalizedDirection_GreaterThan1_0_Failure" storage="d:\actions-runner\_work\xpco\xpco\sc\components\remoteviewer\smartclient\tst\zsmartclient_unittest\bin\x64\debug\net472\zsmartclient_unittest.dll" id="f7f3f6a6-4ba1-e9bb-d8fc-f000e145af31">
      <TestCategory>
        <TestCategoryItem TestCategory="GisMap" />
      </TestCategory>
      <Execution id="dc03d1d3-5c8d-4baf-b4c9-1c331ff9d12a" />
      <TestMethod codeBase="D:\actions-runner\_work\XPCO\XPCO\SC\Components\RemoteViewer\SmartClient\tst\zSmartClient_UnitTest\bin\x64\Debug\net472\zSmartClient_UnitTest.dll" adapterTypeName="executor://mstestadapter/v2" className="SmartClient_UnitTest.VideoOS.RemoteClient.GisMap.Utilities.GisUtilityTests" name="ToDenormalizedDirection_GreaterThan1_0_Failure" />
    </UnitTest>
    <UnitTest name="ActiveIncomingMicrophones_ShouldHave_OneMicrophoneWhenMicrophoneIsUnmuted" storage="d:\actions-runner\_work\xpco\xpco\sc\components\remoteviewer\smartclient\tst\zsmartclient_unittest\bin\x64\debug\net472\zsmartclient_unittest.dll" id="7a648730-a880-ab42-6524-73337b3605fc">
      <TestCategory>
        <TestCategoryItem TestCategory="GisMapAudioController" />
      </TestCategory>
      <Execution id="6e0c271f-0882-4daa-a47b-1009912e3836" />
      <TestMethod codeBase="D:\actions-runner\_work\XPCO\XPCO\SC\Components\RemoteViewer\SmartClient\tst\zSmartClient_UnitTest\bin\x64\Debug\net472\zSmartClient_UnitTest.dll" adapterTypeName="executor://mstestadapter/v2" className="SmartClient_UnitTest.VideoOS.RemoteClient.GisMapData.GisMapAudioControllerTests" name="ActiveIncomingMicrophones_ShouldHave_OneMicrophoneWhenMicrophoneIsUnmuted" />
    </UnitTest>
    <UnitTest name="SearchCriteriaOnChanged_ShouldUpdateSmartSearchFilterValue_WhenCameraScopeIsUpdated" storage="d:\actions-runner\_work\xpco\xpco\sc\components\remoteviewer\smartclient\tst\zsmartclient_unittest\bin\x64\debug\net472\zsmartclient_unittest.dll" id="0f3901de-ced3-95a2-d7b7-1fb73bba7570">
      <TestCategory>
        <TestCategoryItem TestCategory="Search.Wrappers" />
      </TestCategory>
      <Execution id="ae617214-053d-459e-803f-83339c1cd8eb" />
      <TestMethod codeBase="D:\actions-runner\_work\XPCO\XPCO\SC\Components\RemoteViewer\SmartClient\tst\zSmartClient_UnitTest\bin\x64\Debug\net472\zSmartClient_UnitTest.dll" adapterTypeName="executor://mstestadapter/v2" className="SmartClient_UnitTest.VideoOS.RemoteClient.Plugin.CentralizedSearch.Models.Wrappers.SearchDefinitionWrapperTests" name="SearchCriteriaOnChanged_ShouldUpdateSmartSearchFilterValue_WhenCameraScopeIsUpdated" />
    </UnitTest>
    <UnitTest name="Map_DeleteLayer_InvalidArg_Failed" storage="d:\actions-runner\_work\xpco\xpco\sc\components\remoteviewer\smartclient\tst\zsmartclient_unittest\bin\x64\debug\net472\zsmartclient_unittest.dll" id="ff4c1a2e-8962-452c-b4bc-b163c724e109">
      <TestCategory>
        <TestCategoryItem TestCategory="GisMapLayers" />
      </TestCategory>
      <Execution id="fecaddf6-39a9-4602-a8a1-7c1fd7732976" />
      <TestMethod codeBase="D:\actions-runner\_work\XPCO\XPCO\SC\Components\RemoteViewer\SmartClient\tst\zSmartClient_UnitTest\bin\x64\Debug\net472\zSmartClient_UnitTest.dll" adapterTypeName="executor://mstestadapter/v2" className="SmartClient_UnitTest.VideoOS.RemoteClient.GisMapData.GisMapLayerTests" name="Map_DeleteLayer_InvalidArg_Failed" />
    </UnitTest>
    <UnitTest name="Tokenizer_Test" storage="d:\actions-runner\_work\xpco\xpco\sc\components\remoteviewer\smartclient\tst\zsmartclient_unittest\bin\x64\debug\net472\zsmartclient_unittest.dll" id="bb9524ad-acf8-1507-0ed6-9348671a86fe">
      <Execution id="6180414b-3023-4ec2-8123-0fff7719ad39" />
      <TestMethod codeBase="D:\actions-runner\_work\XPCO\XPCO\SC\Components\RemoteViewer\SmartClient\tst\zSmartClient_UnitTest\bin\x64\Debug\net472\zSmartClient_UnitTest.dll" adapterTypeName="executor://mstestadapter/v2" className="SmartClient_UnitTest.VideoOS.RemoteClient.Application.Components.Search.SearchTextTokenizerTest" name="Tokenizer_Test" />
    </UnitTest>
    <UnitTest name="LanguageOptionsData_NullsIgnored_Success" storage="d:\actions-runner\_work\xpco\xpco\sc\components\remoteviewer\smartclient\tst\zsmartclient_unittest\bin\x64\debug\net472\zsmartclient_unittest.dll" id="ac8d1b70-d786-34c4-5f08-7e56322f2a79">
      <Execution id="3e5485ae-f508-4b26-8e8e-5fbb84a33ae8" />
      <TestMethod codeBase="D:\actions-runner\_work\XPCO\XPCO\SC\Components\RemoteViewer\SmartClient\tst\zSmartClient_UnitTest\bin\x64\Debug\net472\zSmartClient_UnitTest.dll" adapterTypeName="executor://mstestadapter/v2" className="SmartClient_UnitTest.VideoOS.RemoteClient.Application.UI.Settings.LanguageOptionComponentModelTests" name="LanguageOptionsData_NullsIgnored_Success" />
    </UnitTest>
    <UnitTest name="ShouldCameraListItemBeEnabledForCamera_ShouldReturnFalse_WhenSmartSearchIsNotAllowedForTheCamera" storage="d:\actions-runner\_work\xpco\xpco\sc\components\remoteviewer\smartclient\tst\zsmartclient_unittest\bin\x64\debug\net472\zsmartclient_unittest.dll" id="1e845a4d-c6af-6717-84e9-62ec3d2affe9">
      <TestCategory>
        <TestCategoryItem TestCategory="Search.Filters.ViewModels" />
      </TestCategory>
      <Execution id="b7528c98-cb53-47b1-962e-22cfae97affd" />
      <TestMethod codeBase="D:\actions-runner\_work\XPCO\XPCO\SC\Components\RemoteViewer\SmartClient\tst\zSmartClient_UnitTest\bin\x64\Debug\net472\zSmartClient_UnitTest.dll" adapterTypeName="executor://mstestadapter/v2" className="SmartClient_UnitTest.VideoOS.RemoteClient.Plugin.CentralizedSearch.MIPPlugin.Criteria.ViewModels.SmartSearchCameraListItemHelperTests" name="ShouldCameraListItemBeEnabledForCamera_ShouldReturnFalse_WhenSmartSearchIsNotAllowedForTheCamera" />
    </UnitTest>
    <UnitTest name="Cameras_where_the_user_has_RetentionUpdate_rights_can_be_removed_from_the_evidence_lock" storage="d:\actions-runner\_work\xpco\xpco\sc\components\remoteviewer\smartclient\tst\zsmartclient_unittest\bin\x64\debug\net472\zsmartclient_unittest.dll" id="97763cfc-7d38-77f7-1969-32e195ae413f">
      <Execution id="44eb6d6a-1a88-4e84-bee0-d18312709cf0" />
      <TestMethod codeBase="D:\actions-runner\_work\XPCO\XPCO\SC\Components\RemoteViewer\SmartClient\tst\zSmartClient_UnitTest\bin\x64\Debug\net472\zSmartClient_UnitTest.dll" adapterTypeName="executor://mstestadapter/v2" className="SmartClient_UnitTest.VideoOS.RemoteClient.Application.Components.EvidenceLock.EvidenceLockEditModeUserRightTests" name="Cameras_where_the_user_has_RetentionUpdate_rights_can_be_removed_from_the_evidence_lock" />
    </UnitTest>
    <UnitTest name="TryGetOsmServerTileAddress_ShouldSetUriWithOsmTileSuffix_WhenOsmServerAddressDoesNotIncludeOsmTileSuffix" storage="d:\actions-runner\_work\xpco\xpco\sc\components\remoteviewer\smartclient\tst\zsmartclient_unittest\bin\x64\debug\net472\zsmartclient_unittest.dll" id="ad0fb3f5-59c6-f38e-8f48-61ec61251228">
      <TestCategory>
        <TestCategoryItem TestCategory="GisMapData.Controllers.Osm" />
      </TestCategory>
      <Execution id="57bd2a2f-c021-4457-870f-42c4425c08fd" />
      <TestMethod codeBase="D:\actions-runner\_work\XPCO\XPCO\SC\Components\RemoteViewer\SmartClient\tst\zSmartClient_UnitTest\bin\x64\Debug\net472\zSmartClient_UnitTest.dll" adapterTypeName="executor://mstestadapter/v2" className="SmartClient_UnitTest.VideoOS.RemoteClient.GisMapData.Controllers.Osm.GisMapOsmControllerTests" name="TryGetOsmServerTileAddress_ShouldSetUriWithOsmTileSuffix_WhenOsmServerAddressDoesNotIncludeOsmTileSuffix" />
    </UnitTest>
    <UnitTest name="DeleteSearchTemplateAsync_StateError_Success" storage="d:\actions-runner\_work\xpco\xpco\sc\components\remoteviewer\smartclient\tst\zsmartclient_unittest\bin\x64\debug\net472\zsmartclient_unittest.dll" id="1ba3b9b4-ea19-f6d5-8589-707d8ab372fd">
      <TestCategory>
        <TestCategoryItem TestCategory="SearchTemplatesService" />
      </TestCategory>
      <Execution id="54cb8c8b-9a10-405a-ba01-07238224ccde" />
      <TestMethod codeBase="D:\actions-runner\_work\XPCO\XPCO\SC\Components\RemoteViewer\SmartClient\tst\zSmartClient_UnitTest\bin\x64\Debug\net472\zSmartClient_UnitTest.dll" adapterTypeName="executor://mstestadapter/v2" className="SmartClient_UnitTest.VideoOS.RemoteClient.Plugin.CentralizedSearch.SearchTemplates.Service.SearchTemplateServiceTests" name="DeleteSearchTemplateAsync_StateError_Success" />
    </UnitTest>
    <UnitTest name="Ctor_ValidParameters_ParametersSetCorrectly" storage="d:\actions-runner\_work\xpco\xpco\sc\components\remoteviewer\smartclient\tst\zsmartclient_unittest\bin\x64\debug\net472\zsmartclient_unittest.dll" id="cecff56d-f2c2-5f4f-f26a-46e190ce7353">
      <Execution id="920e7234-0a7c-4a76-ae17-4f4296af98fd" />
      <TestMethod codeBase="D:\actions-runner\_work\XPCO\XPCO\SC\Components\RemoteViewer\SmartClient\tst\zSmartClient_UnitTest\bin\x64\Debug\net472\zSmartClient_UnitTest.dll" adapterTypeName="executor://mstestadapter/v2" className="SmartClient_UnitTest.VideoOS.RemoteClient.Application.UI.Common.MessageBoxWithList.MessageBoxWithListViewModelTests" name="Ctor_ValidParameters_ParametersSetCorrectly" />
    </UnitTest>
    <UnitTest name="GetCameraGroups_ShouldReturnCameraGroupsType" storage="d:\actions-runner\_work\xpco\xpco\sc\components\remoteviewer\smartclient\tst\zsmartclient_unittest\bin\x64\debug\net472\zsmartclient_unittest.dll" id="fbf1e532-d446-55e3-818a-b4fc676cabf8">
      <Execution id="d5c175cc-4e8b-461b-aac8-2852d15b5c99" />
      <TestMethod codeBase="D:\actions-runner\_work\XPCO\XPCO\SC\Components\RemoteViewer\SmartClient\tst\zSmartClient_UnitTest\bin\x64\Debug\net472\zSmartClient_UnitTest.dll" adapterTypeName="executor://mstestadapter/v2" className="SmartClient_UnitTest.VideoOS.RemoteClient.Application.Data.ContentTypes.ReportingContentType.DashboardExtentionsTest" name="GetCameraGroups_ShouldReturnCameraGroupsType" />
    </UnitTest>
    <UnitTest name="TestInitializeWorkrooms_OnlySearchWorkroom_Success" storage="d:\actions-runner\_work\xpco\xpco\sc\components\remoteviewer\smartclient\tst\zsmartclient_unittest\bin\x64\debug\net472\zsmartclient_unittest.dll" id="a463440b-2916-b6c4-8a71-e3deeca8173f">
      <TestCategory>
        <TestCategoryItem TestCategory="WorkroomController" />
      </TestCategory>
      <Execution id="939c8a32-2313-461a-9662-2953cb3e6756" />
      <TestMethod codeBase="D:\actions-runner\_work\XPCO\XPCO\SC\Components\RemoteViewer\SmartClient\tst\zSmartClient_UnitTest\bin\x64\Debug\net472\zSmartClient_UnitTest.dll" adapterTypeName="executor://mstestadapter/v2" className="VideoOS.RemoteClient.Application.Controllers.WorkroomController.UnitTest.TabWorkroomControllerTest" name="TestInitializeWorkrooms_OnlySearchWorkroom_Success" />
    </UnitTest>
    <UnitTest name="StartSearch_Success" storage="d:\actions-runner\_work\xpco\xpco\sc\components\remoteviewer\smartclient\tst\zsmartclient_unittest\bin\x64\debug\net472\zsmartclient_unittest.dll" id="2106a4d7-5b05-e5c0-8033-860c82b0ad6a">
      <TestCategory>
        <TestCategoryItem TestCategory="SearchViewModels" />
      </TestCategory>
      <Execution id="b949ae74-50f2-456e-87aa-b7a8c0d24743" />
      <TestMethod codeBase="D:\actions-runner\_work\XPCO\XPCO\SC\Components\RemoteViewer\SmartClient\tst\zSmartClient_UnitTest\bin\x64\Debug\net472\zSmartClient_UnitTest.dll" adapterTypeName="executor://mstestadapter/v2" className="SmartClient_UnitTest.VideoOS.RemoteClient.Plugin.CentralizedSearch.ViewModels.SearchViewModelTests" name="StartSearch_Success" />
    </UnitTest>
    <UnitTest name="Retrieve_ExceptionHandled" storage="d:\actions-runner\_work\xpco\xpco\sc\components\remoteviewer\smartclient\tst\zsmartclient_unittest\bin\x64\debug\net472\zsmartclient_unittest.dll" id="23c856d5-b6c3-19f8-8013-074be7c600aa">
      <TestCategory>
        <TestCategoryItem TestCategory="MipItemsRetriever" />
      </TestCategory>
      <Execution id="479c514c-9fcb-4d6c-a9ac-b7fb95e71da3" />
      <TestMethod codeBase="D:\actions-runner\_work\XPCO\XPCO\SC\Components\RemoteViewer\SmartClient\tst\zSmartClient_UnitTest\bin\x64\Debug\net472\zSmartClient_UnitTest.dll" adapterTypeName="executor://mstestadapter/v2" className="SmartClient_UnitTest.VideoOS.RemoteClient.Plugin.GisMap.MIP.MipItemActionsCommunicatorTests" name="Retrieve_ExceptionHandled" />
    </UnitTest>
    <UnitTest name="CreateDefinition_ValidCategory_SearchStarted" storage="d:\actions-runner\_work\xpco\xpco\sc\components\remoteviewer\smartclient\tst\zsmartclient_unittest\bin\x64\debug\net472\zsmartclient_unittest.dll" id="c5afb81b-9473-e705-4713-ff021498a318">
      <TestCategory>
        <TestCategoryItem TestCategory="SearchModels" />
      </TestCategory>
      <Execution id="9c2145d3-aa65-4b4e-b290-8f7da28b0ddf" />
      <TestMethod codeBase="D:\actions-runner\_work\XPCO\XPCO\SC\Components\RemoteViewer\SmartClient\tst\zSmartClient_UnitTest\bin\x64\Debug\net472\zSmartClient_UnitTest.dll" adapterTypeName="executor://mstestadapter/v2" className="SmartClient_UnitTest.VideoOS.RemoteClient.Plugin.CentralizedSearch.Models.SearchModelTests" name="CreateDefinition_ValidCategory_SearchStarted" />
    </UnitTest>
    <UnitTest name="VideoResultSearchResult_PropertiesWhenCombinedResultBothSameAndDifferentCategoryNames_CollectedAndDisplayed" storage="d:\actions-runner\_work\xpco\xpco\sc\components\remoteviewer\smartclient\tst\zsmartclient_unittest\bin\x64\debug\net472\zsmartclient_unittest.dll" id="dbc60698-0cd7-03e9-b63e-13b29d5c84fe">
      <TestCategory>
        <TestCategoryItem TestCategory="SearchControls" />
      </TestCategory>
      <Execution id="b44e6371-5cf2-491c-acd2-8175cb9fd2d4" />
      <TestMethod codeBase="D:\actions-runner\_work\XPCO\XPCO\SC\Components\RemoteViewer\SmartClient\tst\zSmartClient_UnitTest\bin\x64\Debug\net472\zSmartClient_UnitTest.dll" adapterTypeName="executor://mstestadapter/v2" className="SmartClient_UnitTest.VideoOS.RemoteClient.Plugin.CentralizedSearch.Views.Controls.SearchResultDetailsControlTests" name="VideoResultSearchResult_PropertiesWhenCombinedResultBothSameAndDifferentCategoryNames_CollectedAndDisplayed" />
    </UnitTest>
    <UnitTest name="GetDuration_OneDayAndTwoHours_Success" storage="d:\actions-runner\_work\xpco\xpco\sc\components\remoteviewer\smartclient\tst\zsmartclient_unittest\bin\x64\debug\net472\zsmartclient_unittest.dll" id="e5b3b709-ebd8-5410-dfc8-207021a3b5a1">
      <TestCategory>
        <TestCategoryItem TestCategory="Search" />
      </TestCategory>
      <Execution id="74f4d0de-b087-4121-8eda-10b0b31f7afd" />
      <TestMethod codeBase="D:\actions-runner\_work\XPCO\XPCO\SC\Components\RemoteViewer\SmartClient\tst\zSmartClient_UnitTest\bin\x64\Debug\net472\zSmartClient_UnitTest.dll" adapterTypeName="executor://mstestadapter/v2" className="SmartClient_UnitTest.VideoOS.RemoteClient.Plugin.CentralizedSearch.ViewModels.Data.TimeScopeTests" name="GetDuration_OneDayAndTwoHours_Success" />
    </UnitTest>
    <UnitTest name="Command_WithZeroResults_PluginInstanceActivatedCalled" storage="d:\actions-runner\_work\xpco\xpco\sc\components\remoteviewer\smartclient\tst\zsmartclient_unittest\bin\x64\debug\net472\zsmartclient_unittest.dll" id="c675d4e8-953d-dd95-1e7d-aaf53b345df4">
      <TestCategory>
        <TestCategoryItem TestCategory="SearchResultsAction" />
      </TestCategory>
      <Execution id="da4c2329-c8e7-4d19-ab58-3c8bbf96fe7e" />
      <TestMethod codeBase="D:\actions-runner\_work\XPCO\XPCO\SC\Components\RemoteViewer\SmartClient\tst\zSmartClient_UnitTest\bin\x64\Debug\net472\zSmartClient_UnitTest.dll" adapterTypeName="executor://mstestadapter/v2" className="SmartClient_UnitTest.VideoOS.RemoteClient.Plugin.CentralizedSearch.ViewModels.SearchResultsActionViewModelTests" name="Command_WithZeroResults_PluginInstanceActivatedCalled" />
    </UnitTest>
    <UnitTest name="GetIndexExtent_MilestoneCampusZoomMax_MilestoneBuildingIsConvered" storage="d:\actions-runner\_work\xpco\xpco\sc\components\remoteviewer\smartclient\tst\zsmartclient_unittest\bin\x64\debug\net472\zsmartclient_unittest.dll" id="7e7d56df-e811-fb96-c231-b34d18240573">
      <TestCategory>
        <TestCategoryItem TestCategory="GisMapIndex" />
      </TestCategory>
      <Execution id="4a3538ec-c751-4006-9da3-17ba36299d94" />
      <TestMethod codeBase="D:\actions-runner\_work\XPCO\XPCO\SC\Components\RemoteViewer\SmartClient\tst\zSmartClient_UnitTest\bin\x64\Debug\net472\zSmartClient_UnitTest.dll" adapterTypeName="executor://mstestadapter/v2" className="SmartClient_UnitTest.VideoOS.RemoteClient.GisMapData.Common.Indexer.IndexUtilTests" name="GetIndexExtent_MilestoneCampusZoomMax_MilestoneBuildingIsConvered" />
    </UnitTest>
    <UnitTest name="SearchResultsActionBarActions_SendToFloatingWindowVerifyTimeSelectionInterval_InvokeCommand_WarningDialogDisplayed" storage="d:\actions-runner\_work\xpco\xpco\sc\components\remoteviewer\smartclient\tst\zsmartclient_unittest\bin\x64\debug\net472\zsmartclient_unittest.dll" id="905c94e4-bdc8-1fe6-5444-613a4eb6d1c7">
      <TestCategory>
        <TestCategoryItem TestCategory="SearchResultActionBarViewModel" />
      </TestCategory>
      <Execution id="a15edfce-23e4-4b67-aa3e-fefb237429d3" />
      <TestMethod codeBase="D:\actions-runner\_work\XPCO\XPCO\SC\Components\RemoteViewer\SmartClient\tst\zSmartClient_UnitTest\bin\x64\Debug\net472\zSmartClient_UnitTest.dll" adapterTypeName="executor://mstestadapter/v2" className="SmartClient_UnitTest.VideoOS.RemoteClient.Plugin.CentralizedSearch.ViewModels.SearchResultsActionBarViewModelTest" name="SearchResultsActionBarActions_SendToFloatingWindowVerifyTimeSelectionInterval_InvokeCommand_WarningDialogDisplayed" />
    </UnitTest>
    <UnitTest name="Cameras_where_the_user_has_RetentionCreate_rights_can_be_added_to_the_evidence_lock" storage="d:\actions-runner\_work\xpco\xpco\sc\components\remoteviewer\smartclient\tst\zsmartclient_unittest\bin\x64\debug\net472\zsmartclient_unittest.dll" id="13753856-9a1f-9357-f48e-ccc42a00eb0c">
      <Execution id="25de8b31-5059-47ff-b8d3-f599dbc662ff" />
      <TestMethod codeBase="D:\actions-runner\_work\XPCO\XPCO\SC\Components\RemoteViewer\SmartClient\tst\zSmartClient_UnitTest\bin\x64\Debug\net472\zSmartClient_UnitTest.dll" adapterTypeName="executor://mstestadapter/v2" className="SmartClient_UnitTest.VideoOS.RemoteClient.Application.Components.EvidenceLock.EvidenceLockEditModeUserRightTests" name="Cameras_where_the_user_has_RetentionCreate_rights_can_be_added_to_the_evidence_lock" />
    </UnitTest>
    <UnitTest name="ActiveInteractionStateBinding_ShouldOnlyContainNormal_WhenCtorIsCalled" storage="d:\actions-runner\_work\xpco\xpco\sc\components\remoteviewer\smartclient\tst\zsmartclient_unittest\bin\x64\debug\net472\zsmartclient_unittest.dll" id="56af3ae0-30c5-e2c9-265d-9763c2af0b14">
      <TestCategory>
        <TestCategoryItem TestCategory="GisMap.LinkMarker" />
      </TestCategory>
      <Execution id="ca0cee6e-b5c9-4a89-90cf-aa55a6ea750c" />
      <TestMethod codeBase="D:\actions-runner\_work\XPCO\XPCO\SC\Components\RemoteViewer\SmartClient\tst\zSmartClient_UnitTest\bin\x64\Debug\net472\zSmartClient_UnitTest.dll" adapterTypeName="executor://mstestadapter/v2" className="SmartClient_UnitTest.VideoOS.RemoteClient.Plugin.GisMap.ThinkGeoMap.Markers.LinkMarker.LinkMarkerTests" name="ActiveInteractionStateBinding_ShouldOnlyContainNormal_WhenCtorIsCalled" />
    </UnitTest>
    <UnitTest name="LoginPlugins_ShouldContainOneAccessControlLoginPluginElement_WhenIsInitialized" storage="d:\actions-runner\_work\xpco\xpco\sc\components\remoteviewer\smartclient\tst\zsmartclient_unittest\bin\x64\debug\net472\zsmartclient_unittest.dll" id="3ed7a399-d9a7-d9be-39f4-d877ad4e286e">
      <TestCategory>
        <TestCategoryItem TestCategory="AccessControl.MipPlugins.WorkSpace" />
      </TestCategory>
      <Execution id="df7a71d9-d99a-4e7d-9bc9-5347a783ee85" />
      <TestMethod codeBase="D:\actions-runner\_work\XPCO\XPCO\SC\Components\RemoteViewer\SmartClient\tst\zSmartClient_UnitTest\bin\x64\Debug\net472\zSmartClient_UnitTest.dll" adapterTypeName="executor://mstestadapter/v2" className="SmartClient_UnitTest.VideoOS.RemoteClient.AccessControl.MipPlugins.WorkSpace.AccessControlPluginDefinitionTests" name="LoginPlugins_ShouldContainOneAccessControlLoginPluginElement_WhenIsInitialized" />
    </UnitTest>
    <UnitTest name="PointMapItem_Load_CameraDevice_Success" storage="d:\actions-runner\_work\xpco\xpco\sc\components\remoteviewer\smartclient\tst\zsmartclient_unittest\bin\x64\debug\net472\zsmartclient_unittest.dll" id="184dde77-5a92-558e-ebbc-812bb20e2c0f">
      <TestCategory>
        <TestCategoryItem TestCategory="GisMapMapItem" />
      </TestCategory>
      <Execution id="3986ae7b-41b3-4f77-af5c-84ab4015e79f" />
      <TestMethod codeBase="D:\actions-runner\_work\XPCO\XPCO\SC\Components\RemoteViewer\SmartClient\tst\zSmartClient_UnitTest\bin\x64\Debug\net472\zSmartClient_UnitTest.dll" adapterTypeName="executor://mstestadapter/v2" className="SmartClient_UnitTest.VideoOS.RemoteClient.GisMap.MapItem.MapItemTests" name="PointMapItem_Load_CameraDevice_Success" />
    </UnitTest>
    <UnitTest name="ChangeSorting_WithNoFocusItem_Success" storage="d:\actions-runner\_work\xpco\xpco\sc\components\remoteviewer\smartclient\tst\zsmartclient_unittest\bin\x64\debug\net472\zsmartclient_unittest.dll" id="6785fdff-345e-55ce-2159-cac1962fde04">
      <TestCategory>
        <TestCategoryItem TestCategory="SearchViewModels" />
      </TestCategory>
      <Execution id="eb82709b-a7c1-417d-9270-b16e07a1faea" />
      <TestMethod codeBase="D:\actions-runner\_work\XPCO\XPCO\SC\Components\RemoteViewer\SmartClient\tst\zSmartClient_UnitTest\bin\x64\Debug\net472\zSmartClient_UnitTest.dll" adapterTypeName="executor://mstestadapter/v2" className="SmartClient_UnitTest.VideoOS.RemoteClient.Plugin.CentralizedSearch.ViewModels.SearchViewModelTests" name="ChangeSorting_WithNoFocusItem_Success" />
    </UnitTest>
    <UnitTest name="DeleteBookmarksAsync_NoPermissionDeleteBookmark_ErrorRaised" storage="d:\actions-runner\_work\xpco\xpco\sc\components\remoteviewer\smartclient\tst\zsmartclient_unittest\bin\x64\debug\net472\zsmartclient_unittest.dll" id="54d37202-700f-6df9-4a02-04121275df7c">
      <TestCategory>
        <TestCategoryItem TestCategory="Search.Bookmarks" />
      </TestCategory>
      <Execution id="6556ca5c-44e0-47e9-8231-32df7c0c9251" />
      <TestMethod codeBase="D:\actions-runner\_work\XPCO\XPCO\SC\Components\RemoteViewer\SmartClient\tst\zSmartClient_UnitTest\bin\x64\Debug\net472\zSmartClient_UnitTest.dll" adapterTypeName="executor://mstestadapter/v2" className="SmartClient_UnitTest.VideoOS.RemoteClient.Plugin.CentralizedSearch.ViewModels.DeleteBookmarkHandlerTests" name="DeleteBookmarksAsync_NoPermissionDeleteBookmark_ErrorRaised" />
    </UnitTest>
    <UnitTest name="PopulateTooltip_FewResultsFromSingleCamera12Hours_ValidText" storage="d:\actions-runner\_work\xpco\xpco\sc\components\remoteviewer\smartclient\tst\zsmartclient_unittest\bin\x64\debug\net472\zsmartclient_unittest.dll" id="21be0112-22bc-28e4-3be0-7f0713407426">
      <TestCategory>
        <TestCategoryItem TestCategory="SearchControls" />
      </TestCategory>
      <Execution id="a3e823e9-0adb-45f5-9769-1c914d8a4ddf" />
      <TestMethod codeBase="D:\actions-runner\_work\XPCO\XPCO\SC\Components\RemoteViewer\SmartClient\tst\zSmartClient_UnitTest\bin\x64\Debug\net472\zSmartClient_UnitTest.dll" adapterTypeName="executor://mstestadapter/v2" className="SmartClient_UnitTest.VideoOS.RemoteClient.Plugin.CentralizedSearch.Views.Controls.TimelineRuler.TimelineRulerControlTests" name="PopulateTooltip_FewResultsFromSingleCamera12Hours_ValidText" />
    </UnitTest>
    <UnitTest name="FilterValueHasRegionSelectionForCamera_ShouldReturnTrue_WhenFilterValueDoesHaveRegionSelectionForCamera" storage="d:\actions-runner\_work\xpco\xpco\sc\components\remoteviewer\smartclient\tst\zsmartclient_unittest\bin\x64\debug\net472\zsmartclient_unittest.dll" id="d267b36b-f7e7-25e9-6fde-c14a7c8d614c">
      <TestCategory>
        <TestCategoryItem TestCategory="Search.Filters.ViewModels" />
      </TestCategory>
      <Execution id="119f5d67-51a5-462f-a607-c19e69b6378c" />
      <TestMethod codeBase="D:\actions-runner\_work\XPCO\XPCO\SC\Components\RemoteViewer\SmartClient\tst\zSmartClient_UnitTest\bin\x64\Debug\net472\zSmartClient_UnitTest.dll" adapterTypeName="executor://mstestadapter/v2" className="SmartClient_UnitTest.VideoOS.RemoteClient.Plugin.CentralizedSearch.MIPPlugin.Criteria.ViewModels.RegionSelectionCameraListItemHelperTests" name="FilterValueHasRegionSelectionForCamera_ShouldReturnTrue_WhenFilterValueDoesHaveRegionSelectionForCamera" />
    </UnitTest>
    <UnitTest name="PatrollingStepListViewModel_MoveStepDownCommand" storage="d:\actions-runner\_work\xpco\xpco\sc\components\remoteviewer\smartclient\tst\zsmartclient_unittest\bin\x64\debug\net472\zsmartclient_unittest.dll" id="03169915-5e36-4862-8f40-5f0139419946">
      <Execution id="f0bedf58-cb56-4908-ae2a-1d69024fab97" />
      <TestMethod codeBase="D:\actions-runner\_work\XPCO\XPCO\SC\Components\RemoteViewer\SmartClient\tst\zSmartClient_UnitTest\bin\x64\Debug\net472\zSmartClient_UnitTest.dll" adapterTypeName="executor://mstestadapter/v2" className="SmartClient_UnitTest.VideoOS.RemoteClient.Application.UI.PtzPreset.PatrollingViewModel.PatrollingStepListViewModelTest" name="PatrollingStepListViewModel_MoveStepDownCommand" />
    </UnitTest>
    <UnitTest name="CreateSearchTemplateAsync_ThrowPathNotFoundMIPException_Success" storage="d:\actions-runner\_work\xpco\xpco\sc\components\remoteviewer\smartclient\tst\zsmartclient_unittest\bin\x64\debug\net472\zsmartclient_unittest.dll" id="63624589-6e81-4374-c68c-608870ab2423">
      <TestCategory>
        <TestCategoryItem TestCategory="SearchTemplatesService" />
      </TestCategory>
      <Execution id="0a6a4f3b-e943-4d68-aa2e-d88696a1fa16" />
      <TestMethod codeBase="D:\actions-runner\_work\XPCO\XPCO\SC\Components\RemoteViewer\SmartClient\tst\zSmartClient_UnitTest\bin\x64\Debug\net472\zSmartClient_UnitTest.dll" adapterTypeName="executor://mstestadapter/v2" className="SmartClient_UnitTest.VideoOS.RemoteClient.Plugin.CentralizedSearch.SearchTemplates.Service.SearchTemplateServiceTests" name="CreateSearchTemplateAsync_ThrowPathNotFoundMIPException_Success" />
    </UnitTest>
    <UnitTest name="BuildContentOptions_ShouldReturnCorrectTimeSpan" storage="d:\actions-runner\_work\xpco\xpco\sc\components\remoteviewer\smartclient\tst\zsmartclient_unittest\bin\x64\debug\net472\zsmartclient_unittest.dll" id="232f8949-7296-2b4c-d535-61493d92276d">
      <Execution id="21af7983-305b-4816-bffa-f9d5c80946e9" />
      <TestMethod codeBase="D:\actions-runner\_work\XPCO\XPCO\SC\Components\RemoteViewer\SmartClient\tst\zSmartClient_UnitTest\bin\x64\Debug\net472\zSmartClient_UnitTest.dll" adapterTypeName="executor://mstestadapter/v2" className="SmartClient_UnitTest.VideoOS.RemoteClient.Application.Common.Telemetry.TelemetryBuilderTests" name="BuildContentOptions_ShouldReturnCorrectTimeSpan" />
    </UnitTest>
    <UnitTest name="EditButtonClicked_EditViewCollapsed_StartEdit" storage="d:\actions-runner\_work\xpco\xpco\sc\components\remoteviewer\smartclient\tst\zsmartclient_unittest\bin\x64\debug\net472\zsmartclient_unittest.dll" id="549593cd-e3e2-290a-18b6-e153b1543b39">
      <TestCategory>
        <TestCategoryItem TestCategory="SearchControls" />
      </TestCategory>
      <Execution id="5923ff28-118e-4bde-8e1a-807747f504de" />
      <TestMethod codeBase="D:\actions-runner\_work\XPCO\XPCO\SC\Components\RemoteViewer\SmartClient\tst\zSmartClient_UnitTest\bin\x64\Debug\net472\zSmartClient_UnitTest.dll" adapterTypeName="executor://mstestadapter/v2" className="SmartClient_UnitTest.VideoOS.RemoteClient.Plugin.CentralizedSearch.Views.Controls.DropDownAttributeEditor.DropDownAttributeEditorTests" name="EditButtonClicked_EditViewCollapsed_StartEdit" />
    </UnitTest>
    <UnitTest name="ValidateExportFormats_SmartClientPlayerFormat_ShouldReturnFailResult_ProjectCommentRequired" storage="d:\actions-runner\_work\xpco\xpco\sc\components\remoteviewer\smartclient\tst\zsmartclient_unittest\bin\x64\debug\net472\zsmartclient_unittest.dll" id="489bb6c1-57c4-1ecc-b27a-2b7660cd9960">
      <TestCategory>
        <TestCategoryItem TestCategory="Export" />
      </TestCategory>
      <Execution id="975b17d3-bfc2-4dfa-a907-420f327f68bc" />
      <TestMethod codeBase="D:\actions-runner\_work\XPCO\XPCO\SC\Components\RemoteViewer\SmartClient\tst\zSmartClient_UnitTest\bin\x64\Debug\net472\zSmartClient_UnitTest.dll" adapterTypeName="executor://mstestadapter/v2" className="SmartClient_UnitTest.VideoOS.RemoteClient.Plugin.Export.ExportDataValidatorTests" name="ValidateExportFormats_SmartClientPlayerFormat_ShouldReturnFailResult_ProjectCommentRequired" />
    </UnitTest>
    <UnitTest name="LanguageOptionsData_IsSorted_Success" storage="d:\actions-runner\_work\xpco\xpco\sc\components\remoteviewer\smartclient\tst\zsmartclient_unittest\bin\x64\debug\net472\zsmartclient_unittest.dll" id="518a8b99-6420-184f-272c-7fecbc8732ca">
      <Execution id="21d3b994-a17f-4ece-b43d-124662df2040" />
      <TestMethod codeBase="D:\actions-runner\_work\XPCO\XPCO\SC\Components\RemoteViewer\SmartClient\tst\zSmartClient_UnitTest\bin\x64\Debug\net472\zSmartClient_UnitTest.dll" adapterTypeName="executor://mstestadapter/v2" className="SmartClient_UnitTest.VideoOS.RemoteClient.Application.UI.Settings.LanguageOptionComponentModelTests" name="LanguageOptionsData_IsSorted_Success" />
    </UnitTest>
    <UnitTest name="GetOsmServerAddress_ShouldReturnGeographicLayerValue_WhenGeographicLayerIsAvailableAndAlternativeServerIsEmpty" storage="d:\actions-runner\_work\xpco\xpco\sc\components\remoteviewer\smartclient\tst\zsmartclient_unittest\bin\x64\debug\net472\zsmartclient_unittest.dll" id="491df381-b5ce-67d7-d550-c29421a6f155">
      <TestCategory>
        <TestCategoryItem TestCategory="GisMapData.Controllers.Osm" />
      </TestCategory>
      <Execution id="d5f43d9f-f3b0-4bb4-a5d4-1e0ecf55bb44" />
      <TestMethod codeBase="D:\actions-runner\_work\XPCO\XPCO\SC\Components\RemoteViewer\SmartClient\tst\zSmartClient_UnitTest\bin\x64\Debug\net472\zSmartClient_UnitTest.dll" adapterTypeName="executor://mstestadapter/v2" className="SmartClient_UnitTest.VideoOS.RemoteClient.GisMapData.Controllers.Osm.GisMapOsmControllerTests" name="GetOsmServerAddress_ShouldReturnGeographicLayerValue_WhenGeographicLayerIsAvailableAndAlternativeServerIsEmpty" />
    </UnitTest>
    <UnitTest name="Convert_InvalidArgumentCount_LessThanExpected_Collapsed" storage="d:\actions-runner\_work\xpco\xpco\sc\components\remoteviewer\smartclient\tst\zsmartclient_unittest\bin\x64\debug\net472\zsmartclient_unittest.dll" id="73c84d82-bb7d-01f8-8894-e9f1d48f8356">
      <TestCategory>
        <TestCategoryItem TestCategory="SearchConverter" />
      </TestCategory>
      <Execution id="f5a2f3f1-4307-48b4-a213-420278855055" />
      <TestMethod codeBase="D:\actions-runner\_work\XPCO\XPCO\SC\Components\RemoteViewer\SmartClient\tst\zSmartClient_UnitTest\bin\x64\Debug\net472\zSmartClient_UnitTest.dll" adapterTypeName="executor://mstestadapter/v2" className="SmartClient_UnitTest.VideoOS.RemoteClient.Plugin.CentralizedSearch.Views.Converters.NoCriteriaSelectedGridVisibilityConverterTests" name="Convert_InvalidArgumentCount_LessThanExpected_Collapsed" />
    </UnitTest>
    <UnitTest name="AddToSearchSelectedEvent_SomeCategoriesSelected_Success" storage="d:\actions-runner\_work\xpco\xpco\sc\components\remoteviewer\smartclient\tst\zsmartclient_unittest\bin\x64\debug\net472\zsmartclient_unittest.dll" id="965fdcc0-0a63-658e-8232-27fc5f468c9d">
      <TestCategory>
        <TestCategoryItem TestCategory="SearchControls" />
      </TestCategory>
      <Execution id="48976c78-e4d4-4aed-b751-6fa6186e322a" />
      <TestMethod codeBase="D:\actions-runner\_work\XPCO\XPCO\SC\Components\RemoteViewer\SmartClient\tst\zSmartClient_UnitTest\bin\x64\Debug\net472\zSmartClient_UnitTest.dll" adapterTypeName="executor://mstestadapter/v2" className="SmartClient_UnitTest.VideoOS.RemoteClient.Plugin.CentralizedSearch.Views.Controls.SearchCategorySelect.SelectSearchCategoryLayoutTests" name="AddToSearchSelectedEvent_SomeCategoriesSelected_Success" />
    </UnitTest>
    <UnitTest name="SignUrl_WhereUrlIsInvalid_ThrowException" storage="d:\actions-runner\_work\xpco\xpco\sc\components\remoteviewer\smartclient\tst\zsmartclient_unittest\bin\x64\debug\net472\zsmartclient_unittest.dll" id="e5d551bc-1dd2-666f-0864-398b71d25710">
      <Execution id="e1bd978f-6827-47d6-bae9-59ff7160ed00" />
      <TestMethod codeBase="D:\actions-runner\_work\XPCO\XPCO\SC\Components\RemoteViewer\SmartClient\tst\zSmartClient_UnitTest\bin\x64\Debug\net472\zSmartClient_UnitTest.dll" adapterTypeName="executor://mstestadapter/v2" className="SmartClient_UnitTest.VideoOS.RemoteClient.Plugin.GisMap.Utilities.GoogleApiUrlTest" name="SignUrl_WhereUrlIsInvalid_ThrowException" />
    </UnitTest>
    <UnitTest name="DeleteBookmarksAsync_DeleteBookmark_ServerError_ErrorRaised" storage="d:\actions-runner\_work\xpco\xpco\sc\components\remoteviewer\smartclient\tst\zsmartclient_unittest\bin\x64\debug\net472\zsmartclient_unittest.dll" id="b5ee2c9c-1f7c-6f06-e4ae-c68c87fb3f67">
      <TestCategory>
        <TestCategoryItem TestCategory="Search.Bookmarks" />
      </TestCategory>
      <Execution id="6bf3a00f-d79f-464f-885b-b2c10f21646c" />
      <TestMethod codeBase="D:\actions-runner\_work\XPCO\XPCO\SC\Components\RemoteViewer\SmartClient\tst\zSmartClient_UnitTest\bin\x64\Debug\net472\zSmartClient_UnitTest.dll" adapterTypeName="executor://mstestadapter/v2" className="SmartClient_UnitTest.VideoOS.RemoteClient.Plugin.CentralizedSearch.ViewModels.DeleteBookmarkHandlerTests" name="DeleteBookmarksAsync_DeleteBookmark_ServerError_ErrorRaised" />
    </UnitTest>
    <UnitTest name="CameraMapItem_AddWithViewZone_EvsServer_Success" storage="d:\actions-runner\_work\xpco\xpco\sc\components\remoteviewer\smartclient\tst\zsmartclient_unittest\bin\x64\debug\net472\zsmartclient_unittest.dll" id="b8dcd7c2-d643-4004-06b6-71dd24bea1c1">
      <TestCategory>
        <TestCategoryItem TestCategory="GisMapMapItem" />
      </TestCategory>
      <Execution id="f500e8b8-9fe6-4cdf-b4f4-2dcd2ed901af" />
      <TestMethod codeBase="D:\actions-runner\_work\XPCO\XPCO\SC\Components\RemoteViewer\SmartClient\tst\zSmartClient_UnitTest\bin\x64\Debug\net472\zSmartClient_UnitTest.dll" adapterTypeName="executor://mstestadapter/v2" className="SmartClient_UnitTest.VideoOS.RemoteClient.GisMap.MapItem.MapItemTests" name="CameraMapItem_AddWithViewZone_EvsServer_Success" />
    </UnitTest>
    <UnitTest name="ScWorkspaceStateChangedEvent_ShouldKeepIsSelected_WhenSwitchingToSetupMode" storage="d:\actions-runner\_work\xpco\xpco\sc\components\remoteviewer\smartclient\tst\zsmartclient_unittest\bin\x64\debug\net472\zsmartclient_unittest.dll" id="e26b2205-c180-7f1b-f046-b9155ed9b951">
      <TestCategory>
        <TestCategoryItem TestCategory="GisMapData.MapLayers" />
      </TestCategory>
      <Execution id="1ea6a4d0-f920-446e-87f0-0e1f03533a71" />
      <TestMethod codeBase="D:\actions-runner\_work\XPCO\XPCO\SC\Components\RemoteViewer\SmartClient\tst\zSmartClient_UnitTest\bin\x64\Debug\net472\zSmartClient_UnitTest.dll" adapterTypeName="executor://mstestadapter/v2" className="SmartClient_UnitTest.VideoOS.RemoteClient.GisMapData.MapLayers.OutputItemsMapLayerTests" name="ScWorkspaceStateChangedEvent_ShouldKeepIsSelected_WhenSwitchingToSetupMode" />
    </UnitTest>
    <UnitTest name="GisMap_Load_Success" storage="d:\actions-runner\_work\xpco\xpco\sc\components\remoteviewer\smartclient\tst\zsmartclient_unittest\bin\x64\debug\net472\zsmartclient_unittest.dll" id="7480cb9c-3d2a-334b-c8f7-266fc8075bc0">
      <TestCategory>
        <TestCategoryItem TestCategory="GisMap" />
      </TestCategory>
      <Execution id="9e8ca410-9808-4ba4-b556-cb8d2b638945" />
      <TestMethod codeBase="D:\actions-runner\_work\XPCO\XPCO\SC\Components\RemoteViewer\SmartClient\tst\zSmartClient_UnitTest\bin\x64\Debug\net472\zSmartClient_UnitTest.dll" adapterTypeName="executor://mstestadapter/v2" className="SmartClient_UnitTest.VideoOS.RemoteClient.GisMapData.GisMapBasicTests" name="GisMap_Load_Success" />
    </UnitTest>
    <UnitTest name="Decorate_ShouldAddChildren_WhenThereIsCameraLayerAndViewZoneLayer" storage="d:\actions-runner\_work\xpco\xpco\sc\components\remoteviewer\smartclient\tst\zsmartclient_unittest\bin\x64\debug\net472\zsmartclient_unittest.dll" id="f212a945-9645-4128-b861-6596693a6fad">
      <TestCategory>
        <TestCategoryItem TestCategory="GisMap.LayerVisibilityItemDataChildrenViewZoneDecoratorTests" />
      </TestCategory>
      <Execution id="954d022d-7826-4668-9d8c-3fe237523392" />
      <TestMethod codeBase="D:\actions-runner\_work\XPCO\XPCO\SC\Components\RemoteViewer\SmartClient\tst\zSmartClient_UnitTest\bin\x64\Debug\net472\zSmartClient_UnitTest.dll" adapterTypeName="executor://mstestadapter/v2" className="SmartClient_UnitTest.VideoOS.RemoteClient.Plugin.GisMap.ViewModels.LayersVisibility.Decorators.LayerVisibilityItemDataChildrenViewZoneDecoratorTests" name="Decorate_ShouldAddChildren_WhenThereIsCameraLayerAndViewZoneLayer" />
    </UnitTest>
    <UnitTest name="HandleGetLayerFeatures_ShouldReturnInputLayerFeatures_WhenInputKind" storage="d:\actions-runner\_work\xpco\xpco\sc\components\remoteviewer\smartclient\tst\zsmartclient_unittest\bin\x64\debug\net472\zsmartclient_unittest.dll" id="4bc203d8-dd85-c0c7-a002-24dc9564ca84">
      <TestCategory>
        <TestCategoryItem TestCategory="GisMapData.Handlers.LayerFeatures" />
      </TestCategory>
      <Execution id="814bfde7-43eb-4c7c-9261-c638896ecef2" />
      <TestMethod codeBase="D:\actions-runner\_work\XPCO\XPCO\SC\Components\RemoteViewer\SmartClient\tst\zSmartClient_UnitTest\bin\x64\Debug\net472\zSmartClient_UnitTest.dll" adapterTypeName="executor://mstestadapter/v2" className="SmartClient_UnitTest.VideoOS.RemoteClient.GisMapData.Handlers.LayerFeatures.InputLayerFeaturesHandlerTests" name="HandleGetLayerFeatures_ShouldReturnInputLayerFeatures_WhenInputKind" />
    </UnitTest>
    <UnitTest name="Constructor2_ShouldNotAllowInjectionOfNulls" storage="d:\actions-runner\_work\xpco\xpco\sc\components\remoteviewer\smartclient\tst\zsmartclient_unittest\bin\x64\debug\net472\zsmartclient_unittest.dll" id="195cadae-c368-871e-b908-a48bf7f49ea5">
      <Execution id="d74da00c-33be-466a-8a38-0c0639d1178f" />
      <TestMethod codeBase="D:\actions-runner\_work\XPCO\XPCO\SC\Components\RemoteViewer\SmartClient\tst\zSmartClient_UnitTest\bin\x64\Debug\net472\zSmartClient_UnitTest.dll" adapterTypeName="executor://mstestadapter/v2" className="SmartClient_UnitTest.VideoOS.RemoteClient.Plugin.Export.PasswordDialogViewModelTests" name="Constructor2_ShouldNotAllowInjectionOfNulls" />
    </UnitTest>
    <UnitTest name="ShouldCameraListItemBeEnabledForCamera_ShouldReturnTrue_WhenSmartSearchIsAllowedForTheCamera" storage="d:\actions-runner\_work\xpco\xpco\sc\components\remoteviewer\smartclient\tst\zsmartclient_unittest\bin\x64\debug\net472\zsmartclient_unittest.dll" id="5e38d847-a6e1-c044-80d4-91e6d7b293f2">
      <TestCategory>
        <TestCategoryItem TestCategory="Search.Filters.ViewModels" />
      </TestCategory>
      <Execution id="faacf10e-a581-4ff4-800c-d385310ffc38" />
      <TestMethod codeBase="D:\actions-runner\_work\XPCO\XPCO\SC\Components\RemoteViewer\SmartClient\tst\zSmartClient_UnitTest\bin\x64\Debug\net472\zSmartClient_UnitTest.dll" adapterTypeName="executor://mstestadapter/v2" className="SmartClient_UnitTest.VideoOS.RemoteClient.Plugin.CentralizedSearch.MIPPlugin.Criteria.ViewModels.SmartSearchCameraListItemHelperTests" name="ShouldCameraListItemBeEnabledForCamera_ShouldReturnTrue_WhenSmartSearchIsAllowedForTheCamera" />
    </UnitTest>
    <UnitTest name="GetSnapshots_Success" storage="d:\actions-runner\_work\xpco\xpco\sc\components\remoteviewer\smartclient\tst\zsmartclient_unittest\bin\x64\debug\net472\zsmartclient_unittest.dll" id="bbcf692c-7333-592c-a07e-45efe599945b">
      <TestCategory>
        <TestCategoryItem TestCategory="Search" />
      </TestCategory>
      <Execution id="c10a3372-7d05-498e-ad33-62bcfdc737d1" />
      <TestMethod codeBase="D:\actions-runner\_work\XPCO\XPCO\SC\Components\RemoteViewer\SmartClient\tst\zSmartClient_UnitTest\bin\x64\Debug\net472\zSmartClient_UnitTest.dll" adapterTypeName="executor://mstestadapter/v2" className="SmartClient_UnitTest.VideoOS.RemoteClient.Plugin.CentralizedSearch.ViewModels.Data.SnapshotHandlerTests" name="GetSnapshots_Success" />
    </UnitTest>
    <UnitTest name="Constructor_ShouldRaiseArgumentNullException_WhenDeviceSelectorWindowViewModelIsNull" storage="d:\actions-runner\_work\xpco\xpco\sc\components\remoteviewer\smartclient\tst\zsmartclient_unittest\bin\x64\debug\net472\zsmartclient_unittest.dll" id="a0e10027-a764-ad05-f981-a17a6b93cae5">
      <TestCategory>
        <TestCategoryItem TestCategory="GisMap.DeviceSelectorWindow" />
      </TestCategory>
      <Execution id="dc996ee1-8506-4bbd-8fe7-65cd16707f42" />
      <TestMethod codeBase="D:\actions-runner\_work\XPCO\XPCO\SC\Components\RemoteViewer\SmartClient\tst\zSmartClient_UnitTest\bin\x64\Debug\net472\zSmartClient_UnitTest.dll" adapterTypeName="executor://mstestadapter/v2" className="SmartClient_UnitTest.VideoOS.RemoteClient.Plugin.GisMap.Windows.GisMapSetup.DeviceSelectors.DeviceSelectorWindowTests" name="Constructor_ShouldRaiseArgumentNullException_WhenDeviceSelectorWindowViewModelIsNull" />
    </UnitTest>
    <UnitTest name="GetBoundingShapesPathsAsync_ShouldGetBoundingShapesFromAllSources_WhenAllSourcesArePassedIn" storage="d:\actions-runner\_work\xpco\xpco\sc\components\remoteviewer\smartclient\tst\zsmartclient_unittest\bin\x64\debug\net472\zsmartclient_unittest.dll" id="8f3be891-cc07-82e3-b944-406561072d26">
      <Execution id="2b092782-21f6-4526-a656-77ec8b117cf3" />
      <TestMethod codeBase="D:\actions-runner\_work\XPCO\XPCO\SC\Components\RemoteViewer\SmartClient\tst\zSmartClient_UnitTest\bin\x64\Debug\net472\zSmartClient_UnitTest.dll" adapterTypeName="executor://mstestadapter/v2" className="SmartClient_UnitTest.VideoOS.RemoteClient.Plugin.CentralizedSearch.Utils.SearchResultDataExtensionsTests" name="GetBoundingShapesPathsAsync_ShouldGetBoundingShapesFromAllSources_WhenAllSourcesArePassedIn" />
    </UnitTest>
    <UnitTest name="CreateItemUserControl_SingleSearchResultDataWrapperParameter_ControlCreatedAndInitialized" storage="d:\actions-runner\_work\xpco\xpco\sc\components\remoteviewer\smartclient\tst\zsmartclient_unittest\bin\x64\debug\net472\zsmartclient_unittest.dll" id="de8654eb-af61-aa53-49f9-84c165fb21f5">
      <TestCategory>
        <TestCategoryItem TestCategory="SearchViews" />
      </TestCategory>
      <Execution id="e9690273-bb84-495c-8438-847610400dbe" />
      <TestMethod codeBase="D:\actions-runner\_work\XPCO\XPCO\SC\Components\RemoteViewer\SmartClient\tst\zSmartClient_UnitTest\bin\x64\Debug\net472\zSmartClient_UnitTest.dll" adapterTypeName="executor://mstestadapter/v2" className="SmartClient_UnitTest.VideoOS.RemoteClient.Plugin.CentralizedSearch.Views.SearchResultsViewTests" name="CreateItemUserControl_SingleSearchResultDataWrapperParameter_ControlCreatedAndInitialized" />
    </UnitTest>
    <UnitTest name="OpenEdit_EditControlAvailable_EditContentControlUpdated" storage="d:\actions-runner\_work\xpco\xpco\sc\components\remoteviewer\smartclient\tst\zsmartclient_unittest\bin\x64\debug\net472\zsmartclient_unittest.dll" id="75abe4ea-20eb-3ee5-eee8-f4f3f43cc779">
      <TestCategory>
        <TestCategoryItem TestCategory="SearchControls" />
      </TestCategory>
      <Execution id="6cb0d0a6-9edc-4044-a14a-ba6c9f9f7d3c" />
      <TestMethod codeBase="D:\actions-runner\_work\XPCO\XPCO\SC\Components\RemoteViewer\SmartClient\tst\zSmartClient_UnitTest\bin\x64\Debug\net472\zSmartClient_UnitTest.dll" adapterTypeName="executor://mstestadapter/v2" className="SmartClient_UnitTest.VideoOS.RemoteClient.Plugin.CentralizedSearch.Views.Controls.DropDownAttributeEditor.DropDownAttributeEditorTests" name="OpenEdit_EditControlAvailable_EditContentControlUpdated" />
    </UnitTest>
    <UnitTest name="BuildContentOptions_ShouldReturnCorrectWorkspaceName (00000000-0000-0000-0000-000000000000,Default title,00000000-0000-0000-0000-000000000000)" storage="d:\actions-runner\_work\xpco\xpco\sc\components\remoteviewer\smartclient\tst\zsmartclient_unittest\bin\x64\debug\net472\zsmartclient_unittest.dll" id="c4234132-b84d-ff6e-5128-178403da1d67">
      <Execution id="2d756cf2-e5a2-4f8a-b859-c63fce6f2098" />
      <TestMethod codeBase="D:\actions-runner\_work\XPCO\XPCO\SC\Components\RemoteViewer\SmartClient\tst\zSmartClient_UnitTest\bin\x64\Debug\net472\zSmartClient_UnitTest.dll" adapterTypeName="executor://mstestadapter/v2" className="SmartClient_UnitTest.VideoOS.RemoteClient.Application.Common.Telemetry.TelemetryBuilderTests" name="BuildContentOptions_ShouldReturnCorrectWorkspaceName" />
    </UnitTest>
    <UnitTest name="PtzSessionController_Register_Camera_Generates_PtzSessionUserChangedEvent_Test" storage="d:\actions-runner\_work\xpco\xpco\sc\components\remoteviewer\smartclient\tst\zsmartclient_unittest\bin\x64\debug\net472\zsmartclient_unittest.dll" id="1242f06f-0c87-0502-1a6f-b0f180763fd7">
      <Execution id="5314b4ea-6095-4901-87ee-6cfdca89a5dd" />
      <TestMethod codeBase="D:\actions-runner\_work\XPCO\XPCO\SC\Components\RemoteViewer\SmartClient\tst\zSmartClient_UnitTest\bin\x64\Debug\net472\zSmartClient_UnitTest.dll" adapterTypeName="executor://mstestadapter/v2" className="VideoOS.RemoteClient.Application.Controllers.UnitTest.PtzSessionControllerTest" name="PtzSessionController_Register_Camera_Generates_PtzSessionUserChangedEvent_Test" />
    </UnitTest>
    <UnitTest name="ShouldReturnTrueFirstTimeAndFalseWhenNothingChanged" storage="d:\actions-runner\_work\xpco\xpco\sc\components\remoteviewer\smartclient\tst\zsmartclient_unittest\bin\x64\debug\net472\zsmartclient_unittest.dll" id="074b42c5-f1ad-52e6-005b-319d157cb31a">
      <TestCategory>
        <TestCategoryItem TestCategory="MipItemsUpdateStrategy" />
      </TestCategory>
      <Execution id="c938fc5f-527e-43ed-ad5d-716d550c0d6f" />
      <TestMethod codeBase="D:\actions-runner\_work\XPCO\XPCO\SC\Components\RemoteViewer\SmartClient\tst\zSmartClient_UnitTest\bin\x64\Debug\net472\zSmartClient_UnitTest.dll" adapterTypeName="executor://mstestadapter/v2" className="SmartClient_UnitTest.VideoOS.RemoteClient.Plugin.GisMap.MIP.MipItemsUpdateStrategyTests" name="ShouldReturnTrueFirstTimeAndFalseWhenNothingChanged" />
    </UnitTest>
    <UnitTest name="DateToStringConverter_SingleConvertValidInput_Success" storage="d:\actions-runner\_work\xpco\xpco\sc\components\remoteviewer\smartclient\tst\zsmartclient_unittest\bin\x64\debug\net472\zsmartclient_unittest.dll" id="8005e8bb-64fd-8f7e-b8b0-c5f3354ecb07">
      <TestCategory>
        <TestCategoryItem TestCategory="SearchConverter" />
      </TestCategory>
      <Execution id="8b488cda-8793-4438-aad6-3d4a2e6a665a" />
      <TestMethod codeBase="D:\actions-runner\_work\XPCO\XPCO\SC\Components\RemoteViewer\SmartClient\tst\zSmartClient_UnitTest\bin\x64\Debug\net472\zSmartClient_UnitTest.dll" adapterTypeName="executor://mstestadapter/v2" className="SmartClient_UnitTest.VideoOS.RemoteClient.Plugin.CentralizedSearch.Views.Converters.DurationToStringConverterTests" name="DateToStringConverter_SingleConvertValidInput_Success" />
    </UnitTest>
    <UnitTest name="SupportsDoubleClick_ShouldBeFalse_WhenInteractionStateIsNormalAndNotInSetupMode" storage="d:\actions-runner\_work\xpco\xpco\sc\components\remoteviewer\smartclient\tst\zsmartclient_unittest\bin\x64\debug\net472\zsmartclient_unittest.dll" id="187ee319-c305-31ec-cc6d-df00e81417f3">
      <TestCategory>
        <TestCategoryItem TestCategory="GisMap.LinkMarker" />
      </TestCategory>
      <Execution id="87724c84-4b34-42ed-ba45-a129fc5f41c4" />
      <TestMethod codeBase="D:\actions-runner\_work\XPCO\XPCO\SC\Components\RemoteViewer\SmartClient\tst\zSmartClient_UnitTest\bin\x64\Debug\net472\zSmartClient_UnitTest.dll" adapterTypeName="executor://mstestadapter/v2" className="SmartClient_UnitTest.VideoOS.RemoteClient.Plugin.GisMap.ThinkGeoMap.Markers.LinkMarker.LinkMarkerTests" name="SupportsDoubleClick_ShouldBeFalse_WhenInteractionStateIsNormalAndNotInSetupMode" />
    </UnitTest>
    <UnitTest name="UpdateSearchTemplateAsync_ActiveSearchTemplateUpdated_Success" storage="d:\actions-runner\_work\xpco\xpco\sc\components\remoteviewer\smartclient\tst\zsmartclient_unittest\bin\x64\debug\net472\zsmartclient_unittest.dll" id="4ac17529-5b95-5a72-033f-f220f1f85e71">
      <TestCategory>
        <TestCategoryItem TestCategory="SearchTemplates" />
      </TestCategory>
      <Execution id="15175f33-b0b4-493d-85c7-55fadb04c615" />
      <TestMethod codeBase="D:\actions-runner\_work\XPCO\XPCO\SC\Components\RemoteViewer\SmartClient\tst\zSmartClient_UnitTest\bin\x64\Debug\net472\zSmartClient_UnitTest.dll" adapterTypeName="executor://mstestadapter/v2" className="SmartClient_UnitTest.VideoOS.RemoteClient.Plugin.CentralizedSearch.SearchTemplates.SearchTemplateManagerTests" name="UpdateSearchTemplateAsync_ActiveSearchTemplateUpdated_Success" />
    </UnitTest>
    <UnitTest name="ShouldReturnTrueWhenExtentChanged" storage="d:\actions-runner\_work\xpco\xpco\sc\components\remoteviewer\smartclient\tst\zsmartclient_unittest\bin\x64\debug\net472\zsmartclient_unittest.dll" id="f2eafc92-05e6-6561-5ea1-9b5fc4ef5a32">
      <TestCategory>
        <TestCategoryItem TestCategory="MipItemsUpdateStrategy" />
      </TestCategory>
      <Execution id="5cee8738-bfaf-40af-a346-9e20a955eca0" />
      <TestMethod codeBase="D:\actions-runner\_work\XPCO\XPCO\SC\Components\RemoteViewer\SmartClient\tst\zSmartClient_UnitTest\bin\x64\Debug\net472\zSmartClient_UnitTest.dll" adapterTypeName="executor://mstestadapter/v2" className="SmartClient_UnitTest.VideoOS.RemoteClient.Plugin.GisMap.MIP.MipItemsUpdateStrategyTests" name="ShouldReturnTrueWhenExtentChanged" />
    </UnitTest>
    <UnitTest name="ShowPermissionDeniedToasts_ShouldShowCorrectNumberOfToasts (0,0)" storage="d:\actions-runner\_work\xpco\xpco\sc\components\remoteviewer\smartclient\tst\zsmartclient_unittest\bin\x64\debug\net472\zsmartclient_unittest.dll" id="c0a6798f-9e7a-77b0-28d7-c43040f073db">
      <TestCategory>
        <TestCategoryItem TestCategory="Managers" />
      </TestCategory>
      <Execution id="1676a420-c72b-444f-a116-50711bcceb65" />
      <TestMethod codeBase="D:\actions-runner\_work\XPCO\XPCO\SC\Components\RemoteViewer\SmartClient\tst\zSmartClient_UnitTest\bin\x64\Debug\net472\zSmartClient_UnitTest.dll" adapterTypeName="executor://mstestadapter/v2" className="SmartClient_UnitTest.VideoOS.RemoteClient.Application.Managers.ExportResultsNotificationHelperTests" name="ShowPermissionDeniedToasts_ShouldShowCorrectNumberOfToasts" />
    </UnitTest>
    <UnitTest name="ExportNotVisible_WhenFeatureDisabled" storage="d:\actions-runner\_work\xpco\xpco\sc\components\remoteviewer\smartclient\tst\zsmartclient_unittest\bin\x64\debug\net472\zsmartclient_unittest.dll" id="54f7979c-7440-2cc5-5665-679c43abe566">
      <TestCategory>
        <TestCategoryItem TestCategory="WorkspaceToolbar" />
      </TestCategory>
      <Execution id="7dca3cab-b876-4d50-b9f1-87a129ed4bf2" />
      <TestMethod codeBase="D:\actions-runner\_work\XPCO\XPCO\SC\Components\RemoteViewer\SmartClient\tst\zSmartClient_UnitTest\bin\x64\Debug\net472\zSmartClient_UnitTest.dll" adapterTypeName="executor://mstestadapter/v2" className="SmartClient_UnitTest.VideoOS.RemoteClient.Application.UI.Content.WorkspaceToolbar.WorkspaceToolbarViewModelTests" name="ExportNotVisible_WhenFeatureDisabled" />
    </UnitTest>
    <UnitTest name="BookmarkSearchTime_WithSearchStringInDifferentCases_ReturnCorrectBookmarkWithSearchStringInDescription (SeArChStRiNg,False,True,True,False,,,1)" storage="d:\actions-runner\_work\xpco\xpco\sc\components\remoteviewer\smartclient\tst\zsmartclient_unittest\bin\x64\debug\net472\zsmartclient_unittest.dll" id="6cd11450-096a-ebc5-8d74-0d1afc1e5b1d">
      <Execution id="db7aacd9-f916-4a42-b2f0-8a218b94f621" />
      <TestMethod codeBase="D:\actions-runner\_work\XPCO\XPCO\SC\Components\RemoteViewer\SmartClient\tst\zSmartClient_UnitTest\bin\x64\Debug\net472\zSmartClient_UnitTest.dll" adapterTypeName="executor://mstestadapter/v2" className="SmartClient_UnitTest.VideoOS.RemoteClient.Application.Data.Offline.UnitTest.BookmarkExportReaderTest" name="BookmarkSearchTime_WithSearchStringInDifferentCases_ReturnCorrectBookmarkWithSearchStringInDescription" />
    </UnitTest>
    <UnitTest name="ZoomIn_MapSet_MapZoomInInvoked" storage="d:\actions-runner\_work\xpco\xpco\sc\components\remoteviewer\smartclient\tst\zsmartclient_unittest\bin\x64\debug\net472\zsmartclient_unittest.dll" id="daa7dc49-f207-f73b-e691-533a5b8c5990">
      <Execution id="5d2032d5-6f4e-40b9-ab9b-c2f67c20616e" />
      <TestMethod codeBase="D:\actions-runner\_work\XPCO\XPCO\SC\Components\RemoteViewer\SmartClient\tst\zSmartClient_UnitTest\bin\x64\Debug\net472\zSmartClient_UnitTest.dll" adapterTypeName="executor://mstestadapter/v2" className="SmartClient_UnitTest.VideoOS.RemoteClient.Plugin.GisMap.ThinkGeoMap.DefaultZoomHandlerTests" name="ZoomIn_MapSet_MapZoomInInvoked" />
    </UnitTest>
    <UnitTest name="MoveToTop_ShouldMoveMarkerTopmost_WhenNotAlreadyTopmostButHasPreviouslyBeenMovedToTop" storage="d:\actions-runner\_work\xpco\xpco\sc\components\remoteviewer\smartclient\tst\zsmartclient_unittest\bin\x64\debug\net472\zsmartclient_unittest.dll" id="6247c776-b6f2-69b6-74d1-6fc24161e71e">
      <TestCategory>
        <TestCategoryItem TestCategory="SmartMap.MapItemsOverlay" />
      </TestCategory>
      <Execution id="489a89f7-c02e-45b6-bed9-ede26a2bf150" />
      <TestMethod codeBase="D:\actions-runner\_work\XPCO\XPCO\SC\Components\RemoteViewer\SmartClient\tst\zSmartClient_UnitTest\bin\x64\Debug\net472\zSmartClient_UnitTest.dll" adapterTypeName="executor://mstestadapter/v2" className="SmartClient_UnitTest.VideoOS.RemoteClient.Plugin.GisMap.ThinkGeoMap.SpecializedOverlays.Overlays.MapItemsOverlayTests" name="MoveToTop_ShouldMoveMarkerTopmost_WhenNotAlreadyTopmostButHasPreviouslyBeenMovedToTop" />
    </UnitTest>
    <UnitTest name="HandleSetLayerFeatures_ShouldRaiseArgumentException_WhenCameraKindAndNotCameraLayerFeaturesAndOutputLayer" storage="d:\actions-runner\_work\xpco\xpco\sc\components\remoteviewer\smartclient\tst\zsmartclient_unittest\bin\x64\debug\net472\zsmartclient_unittest.dll" id="6a9c6020-889e-b6db-aa72-939d2660cb16">
      <TestCategory>
        <TestCategoryItem TestCategory="GisMapData.Handlers.LayerFeatures" />
      </TestCategory>
      <Execution id="a4b0e5ee-0981-4893-b3fb-0916da38d5b3" />
      <TestMethod codeBase="D:\actions-runner\_work\XPCO\XPCO\SC\Components\RemoteViewer\SmartClient\tst\zSmartClient_UnitTest\bin\x64\Debug\net472\zSmartClient_UnitTest.dll" adapterTypeName="executor://mstestadapter/v2" className="SmartClient_UnitTest.VideoOS.RemoteClient.GisMapData.Handlers.LayerFeatures.CameraLayerFeaturesHandlerTests" name="HandleSetLayerFeatures_ShouldRaiseArgumentException_WhenCameraKindAndNotCameraLayerFeaturesAndOutputLayer" />
    </UnitTest>
    <UnitTest name="PtzSessionControllerInfo_UserChangedTest_Different_User_Type" storage="d:\actions-runner\_work\xpco\xpco\sc\components\remoteviewer\smartclient\tst\zsmartclient_unittest\bin\x64\debug\net472\zsmartclient_unittest.dll" id="3787704c-f9e0-e566-1c87-02188e388c59">
      <Execution id="c28c5545-ee4d-4b2d-847b-e2762b25780d" />
      <TestMethod codeBase="D:\actions-runner\_work\XPCO\XPCO\SC\Components\RemoteViewer\SmartClient\tst\zSmartClient_UnitTest\bin\x64\Debug\net472\zSmartClient_UnitTest.dll" adapterTypeName="executor://mstestadapter/v2" className="VideoOS.RemoteClient.Application.Controllers.UnitTest.PtzSessionControllerTest" name="PtzSessionControllerInfo_UserChangedTest_Different_User_Type" />
    </UnitTest>
    <UnitTest name="FromBase64_Success" storage="d:\actions-runner\_work\xpco\xpco\sc\components\remoteviewer\smartclient\tst\zsmartclient_unittest\bin\x64\debug\net472\zsmartclient_unittest.dll" id="eafd993c-1009-37c6-4ede-de325862c5a7">
      <Execution id="2d7551f2-67e3-4723-a0e7-7c234bae16f8" />
      <TestMethod codeBase="D:\actions-runner\_work\XPCO\XPCO\SC\Components\RemoteViewer\SmartClient\tst\zSmartClient_UnitTest\bin\x64\Debug\net472\zSmartClient_UnitTest.dll" adapterTypeName="executor://mstestadapter/v2" className="SmartClient_UnitTest.VideoOS.RemoteClient.Application.Data.ContentTypes.ImageContentType.ImageUtilsTests" name="FromBase64_Success" />
    </UnitTest>
    <UnitTest name="Convert_NullArgument_Collapsed" storage="d:\actions-runner\_work\xpco\xpco\sc\components\remoteviewer\smartclient\tst\zsmartclient_unittest\bin\x64\debug\net472\zsmartclient_unittest.dll" id="47bead1c-a537-8842-47a7-b3ba583fe988">
      <TestCategory>
        <TestCategoryItem TestCategory="SearchConverter" />
      </TestCategory>
      <Execution id="b41d4195-bd0c-468a-b99e-7a1dc36dd545" />
      <TestMethod codeBase="D:\actions-runner\_work\XPCO\XPCO\SC\Components\RemoteViewer\SmartClient\tst\zSmartClient_UnitTest\bin\x64\Debug\net472\zSmartClient_UnitTest.dll" adapterTypeName="executor://mstestadapter/v2" className="SmartClient_UnitTest.VideoOS.RemoteClient.Plugin.CentralizedSearch.Views.Converters.NoCriteriaSelectedGridVisibilityConverterTests" name="Convert_NullArgument_Collapsed" />
    </UnitTest>
    <UnitTest name="GetCamera_ShouldReturnCorrectCameraTest" storage="d:\actions-runner\_work\xpco\xpco\sc\components\remoteviewer\smartclient\tst\zsmartclient_unittest\bin\x64\debug\net472\zsmartclient_unittest.dll" id="e36d7108-5c81-aaf4-329c-24a028699d61">
      <Execution id="b8f8bd05-16af-483a-9bc3-487546bf4fbc" />
      <TestMethod codeBase="D:\actions-runner\_work\XPCO\XPCO\SC\Components\RemoteViewer\SmartClient\tst\zSmartClient_UnitTest\bin\x64\Debug\net472\zSmartClient_UnitTest.dll" adapterTypeName="executor://mstestadapter/v2" className="SmartClient_UnitTest.VideoOS.RemoteClient.Application.Data.ContentTypes.ReportingContentType.DashboardDetailsProviderTest" name="GetCamera_ShouldReturnCorrectCameraTest" />
    </UnitTest>
    <UnitTest name="Constructor_ShouldThrowArgumentNullException_WhenControllerManagerIsNull" storage="d:\actions-runner\_work\xpco\xpco\sc\components\remoteviewer\smartclient\tst\zsmartclient_unittest\bin\x64\debug\net472\zsmartclient_unittest.dll" id="26493e2f-f09a-fd85-4932-ec0c6378d5e5">
      <Execution id="69ef01d9-8074-4714-a635-bce136f8b1c2" />
      <TestMethod codeBase="D:\actions-runner\_work\XPCO\XPCO\SC\Components\RemoteViewer\SmartClient\tst\zSmartClient_UnitTest\bin\x64\Debug\net472\zSmartClient_UnitTest.dll" adapterTypeName="executor://mstestadapter/v2" className="SmartClient_UnitTest.VideoOS.RemoteClient.Application.UI.Settings.SettingsDialogViewModelTests" name="Constructor_ShouldThrowArgumentNullException_WhenControllerManagerIsNull" />
    </UnitTest>
    <UnitTest name="AddCriteriaCommand_WithActiveSearchTemplate_ActiveSearchTemplateModifiedSet" storage="d:\actions-runner\_work\xpco\xpco\sc\components\remoteviewer\smartclient\tst\zsmartclient_unittest\bin\x64\debug\net472\zsmartclient_unittest.dll" id="161a0e40-6dbd-cbdc-3714-f2442765e338">
      <TestCategory>
        <TestCategoryItem TestCategory="SearchViewModels" />
      </TestCategory>
      <Execution id="adfb9616-9eea-4f63-b127-d7f751f2505d" />
      <TestMethod codeBase="D:\actions-runner\_work\XPCO\XPCO\SC\Components\RemoteViewer\SmartClient\tst\zSmartClient_UnitTest\bin\x64\Debug\net472\zSmartClient_UnitTest.dll" adapterTypeName="executor://mstestadapter/v2" className="SmartClient_UnitTest.VideoOS.RemoteClient.Plugin.CentralizedSearch.ViewModels.SearchViewModelTests" name="AddCriteriaCommand_WithActiveSearchTemplate_ActiveSearchTemplateModifiedSet" />
    </UnitTest>
    <UnitTest name="AddApiKey_WhereApiKeyNull_ThrowException" storage="d:\actions-runner\_work\xpco\xpco\sc\components\remoteviewer\smartclient\tst\zsmartclient_unittest\bin\x64\debug\net472\zsmartclient_unittest.dll" id="5b1fb637-3ca1-9a80-d25d-3a01eede0458">
      <Execution id="deaea588-60e0-4c4c-844c-c5a62b9b5ad6" />
      <TestMethod codeBase="D:\actions-runner\_work\XPCO\XPCO\SC\Components\RemoteViewer\SmartClient\tst\zSmartClient_UnitTest\bin\x64\Debug\net472\zSmartClient_UnitTest.dll" adapterTypeName="executor://mstestadapter/v2" className="SmartClient_UnitTest.VideoOS.RemoteClient.Plugin.GisMap.Utilities.GoogleApiUrlTest" name="AddApiKey_WhereApiKeyNull_ThrowException" />
    </UnitTest>
    <UnitTest name="SupportsRightClick_ShouldBeTrue_WhenInteractionStateIsNormal" storage="d:\actions-runner\_work\xpco\xpco\sc\components\remoteviewer\smartclient\tst\zsmartclient_unittest\bin\x64\debug\net472\zsmartclient_unittest.dll" id="afde7264-8c54-4b55-3afb-8cc9db7bdd2c">
      <TestCategory>
        <TestCategoryItem TestCategory="GisMap.MicrophoneMarkerTest" />
      </TestCategory>
      <Execution id="ee7b01dc-f3bf-4506-aa86-6a3cc7487245" />
      <TestMethod codeBase="D:\actions-runner\_work\XPCO\XPCO\SC\Components\RemoteViewer\SmartClient\tst\zSmartClient_UnitTest\bin\x64\Debug\net472\zSmartClient_UnitTest.dll" adapterTypeName="executor://mstestadapter/v2" className="SmartClient_UnitTest.VideoOS.RemoteClient.Plugin.GisMap.ThinkGeoMap.Markers.DeviceMarkers.MicrophoneMarker.MicrophoneMarkerTests" name="SupportsRightClick_ShouldBeTrue_WhenInteractionStateIsNormal" />
    </UnitTest>
    <UnitTest name="ToNormalizedDirection_OutOfRange_2PI_Fail" storage="d:\actions-runner\_work\xpco\xpco\sc\components\remoteviewer\smartclient\tst\zsmartclient_unittest\bin\x64\debug\net472\zsmartclient_unittest.dll" id="af78caca-a27e-9e6b-678d-4aa454a90502">
      <TestCategory>
        <TestCategoryItem TestCategory="GisMap" />
      </TestCategory>
      <Execution id="a651d3d7-30f7-4a1c-adca-b8c7d1827cb2" />
      <TestMethod codeBase="D:\actions-runner\_work\XPCO\XPCO\SC\Components\RemoteViewer\SmartClient\tst\zSmartClient_UnitTest\bin\x64\Debug\net472\zSmartClient_UnitTest.dll" adapterTypeName="executor://mstestadapter/v2" className="SmartClient_UnitTest.VideoOS.RemoteClient.GisMap.Utilities.GisUtilityTests" name="ToNormalizedDirection_OutOfRange_2PI_Fail" />
    </UnitTest>
    <UnitTest name="BookmarkSearchTime_WithSearchStringInDifferentCases_ReturnCorrectBookmarkWithSearchStringInDescription (SeArChStRiNg,False,False,True,True,,,0)" storage="d:\actions-runner\_work\xpco\xpco\sc\components\remoteviewer\smartclient\tst\zsmartclient_unittest\bin\x64\debug\net472\zsmartclient_unittest.dll" id="f7b5e73d-d725-7d90-231b-5a2bdb3de4fe">
      <Execution id="ce08e81a-2d2d-494d-8858-ea7f2645599b" />
      <TestMethod codeBase="D:\actions-runner\_work\XPCO\XPCO\SC\Components\RemoteViewer\SmartClient\tst\zSmartClient_UnitTest\bin\x64\Debug\net472\zSmartClient_UnitTest.dll" adapterTypeName="executor://mstestadapter/v2" className="SmartClient_UnitTest.VideoOS.RemoteClient.Application.Data.Offline.UnitTest.BookmarkExportReaderTest" name="BookmarkSearchTime_WithSearchStringInDifferentCases_ReturnCorrectBookmarkWithSearchStringInDescription" />
    </UnitTest>
    <UnitTest name="CreateReportCommand_ReportDestinationSaved" storage="d:\actions-runner\_work\xpco\xpco\sc\components\remoteviewer\smartclient\tst\zsmartclient_unittest\bin\x64\debug\net472\zsmartclient_unittest.dll" id="0d21c288-6b50-0b5f-f1c0-b66a8d9fbd36">
      <TestCategory>
        <TestCategoryItem TestCategory="Search" />
      </TestCategory>
      <Execution id="3b0231de-94c5-47d9-8eec-efe972a7b7dd" />
      <TestMethod codeBase="D:\actions-runner\_work\XPCO\XPCO\SC\Components\RemoteViewer\SmartClient\tst\zSmartClient_UnitTest\bin\x64\Debug\net472\zSmartClient_UnitTest.dll" adapterTypeName="executor://mstestadapter/v2" className="SmartClient_UnitTest.VideoOS.RemoteClient.Plugin.CentralizedSearch.ViewModels.SearchReportViewModelTests" name="CreateReportCommand_ReportDestinationSaved" />
    </UnitTest>
    <UnitTest name="Ctor_UnknownEditControl_InlineEditControl_Success" storage="d:\actions-runner\_work\xpco\xpco\sc\components\remoteviewer\smartclient\tst\zsmartclient_unittest\bin\x64\debug\net472\zsmartclient_unittest.dll" id="e6be9160-5cc6-c513-67c4-14d959e49ad9">
      <TestCategory>
        <TestCategoryItem TestCategory="Search" />
      </TestCategory>
      <Execution id="4673415f-66d8-4291-9ecc-c8da178d3842" />
      <TestMethod codeBase="D:\actions-runner\_work\XPCO\XPCO\SC\Components\RemoteViewer\SmartClient\tst\zSmartClient_UnitTest\bin\x64\Debug\net472\zSmartClient_UnitTest.dll" adapterTypeName="executor://mstestadapter/v2" className="SmartClient_UnitTest.VideoOS.RemoteClient.Plugin.CentralizedSearch.ViewModels.SearchFilterViewModelTests" name="Ctor_UnknownEditControl_InlineEditControl_Success" />
    </UnitTest>
    <UnitTest name="LoadSearchTemplate_ActiveToSameActive_NoUpdateAndEvent" storage="d:\actions-runner\_work\xpco\xpco\sc\components\remoteviewer\smartclient\tst\zsmartclient_unittest\bin\x64\debug\net472\zsmartclient_unittest.dll" id="08f82558-d98c-02af-8d5e-3581c5e98c4c">
      <TestCategory>
        <TestCategoryItem TestCategory="SearchTemplates" />
      </TestCategory>
      <Execution id="e10c310e-e7c3-43d9-8783-f76e7425b569" />
      <TestMethod codeBase="D:\actions-runner\_work\XPCO\XPCO\SC\Components\RemoteViewer\SmartClient\tst\zSmartClient_UnitTest\bin\x64\Debug\net472\zSmartClient_UnitTest.dll" adapterTypeName="executor://mstestadapter/v2" className="SmartClient_UnitTest.VideoOS.RemoteClient.Plugin.CentralizedSearch.SearchTemplates.SearchTemplateManagerTests" name="LoadSearchTemplate_ActiveToSameActive_NoUpdateAndEvent" />
    </UnitTest>
    <UnitTest name="PatrollingStepListViewModel_MoveStepDownExecute" storage="d:\actions-runner\_work\xpco\xpco\sc\components\remoteviewer\smartclient\tst\zsmartclient_unittest\bin\x64\debug\net472\zsmartclient_unittest.dll" id="ef7eb1a4-404f-fda1-15f0-bcd1e692326a">
      <Execution id="7269dfbf-df03-43b8-a123-2fb8734506e7" />
      <TestMethod codeBase="D:\actions-runner\_work\XPCO\XPCO\SC\Components\RemoteViewer\SmartClient\tst\zSmartClient_UnitTest\bin\x64\Debug\net472\zSmartClient_UnitTest.dll" adapterTypeName="executor://mstestadapter/v2" className="SmartClient_UnitTest.VideoOS.RemoteClient.Application.UI.PtzPreset.PatrollingViewModel.PatrollingStepListViewModelTest" name="PatrollingStepListViewModel_MoveStepDownExecute" />
    </UnitTest>
    <UnitTest name="NavigateAndSelectAsync_PanMap_ReCenterCommandEnabled" storage="d:\actions-runner\_work\xpco\xpco\sc\components\remoteviewer\smartclient\tst\zsmartclient_unittest\bin\x64\debug\net472\zsmartclient_unittest.dll" id="4c310887-8495-4e52-0457-4cbe13b9a200">
      <TestCategory>
        <TestCategoryItem TestCategory="GisMap.GisMapViewModel" />
      </TestCategory>
      <Execution id="c46db196-8f03-4814-b0b7-edc50807c55a" />
      <TestMethod codeBase="D:\actions-runner\_work\XPCO\XPCO\SC\Components\RemoteViewer\SmartClient\tst\zSmartClient_UnitTest\bin\x64\Debug\net472\zSmartClient_UnitTest.dll" adapterTypeName="executor://mstestadapter/v2" className="SmartClient_UnitTest.VideoOS.RemoteClient.Plugin.GisMap.ViewModels.GisMapViewModelTests" name="NavigateAndSelectAsync_PanMap_ReCenterCommandEnabled" />
    </UnitTest>
    <UnitTest name="HandleSetLayerFeatures_ShouldRaiseArgumentException_WhenNotMicrophoneKindAndMicrophoneLayerFeatures" storage="d:\actions-runner\_work\xpco\xpco\sc\components\remoteviewer\smartclient\tst\zsmartclient_unittest\bin\x64\debug\net472\zsmartclient_unittest.dll" id="b7cfc484-cb4b-49fc-a4f0-d587f8a4ea1f">
      <TestCategory>
        <TestCategoryItem TestCategory="GisMapData.Handlers.LayerFeatures" />
      </TestCategory>
      <Execution id="cf6aaab6-3c59-4ac5-98e8-76a013b00ed8" />
      <TestMethod codeBase="D:\actions-runner\_work\XPCO\XPCO\SC\Components\RemoteViewer\SmartClient\tst\zSmartClient_UnitTest\bin\x64\Debug\net472\zSmartClient_UnitTest.dll" adapterTypeName="executor://mstestadapter/v2" className="SmartClient_UnitTest.VideoOS.RemoteClient.GisMapData.Handlers.LayerFeatures.MicrophoneLayerFeaturesHandlerTests" name="HandleSetLayerFeatures_ShouldRaiseArgumentException_WhenNotMicrophoneKindAndMicrophoneLayerFeatures" />
    </UnitTest>
    <UnitTest name="IsDisabled_ShouldBeTrue_WhenApplicationIsInBrowseMode" storage="d:\actions-runner\_work\xpco\xpco\sc\components\remoteviewer\smartclient\tst\zsmartclient_unittest\bin\x64\debug\net472\zsmartclient_unittest.dll" id="771137e7-8711-d371-fedf-d100a6d214c7">
      <TestCategory>
        <TestCategoryItem TestCategory="GisMapData.MapItem.Microphones" />
      </TestCategory>
      <Execution id="211b8dc3-6dfb-40d1-88aa-2dd43beb3183" />
      <TestMethod codeBase="D:\actions-runner\_work\XPCO\XPCO\SC\Components\RemoteViewer\SmartClient\tst\zSmartClient_UnitTest\bin\x64\Debug\net472\zSmartClient_UnitTest.dll" adapterTypeName="executor://mstestadapter/v2" className="SmartClient_UnitTest.VideoOS.RemoteClient.GisMapData.MapItem.Microphones.MicrophoneMapItemTests" name="IsDisabled_ShouldBeTrue_WhenApplicationIsInBrowseMode" />
    </UnitTest>
    <UnitTest name="GetUtcToday_UtcTimeZoneDst_Success" storage="d:\actions-runner\_work\xpco\xpco\sc\components\remoteviewer\smartclient\tst\zsmartclient_unittest\bin\x64\debug\net472\zsmartclient_unittest.dll" id="fcc71f98-4fa9-3c89-a58d-cfe34dc4476c">
      <TestCategory>
        <TestCategoryItem TestCategory="Search" />
      </TestCategory>
      <Execution id="c91dce63-1dd4-4166-b7b9-001fadcabcf3" />
      <TestMethod codeBase="D:\actions-runner\_work\XPCO\XPCO\SC\Components\RemoteViewer\SmartClient\tst\zSmartClient_UnitTest\bin\x64\Debug\net472\zSmartClient_UnitTest.dll" adapterTypeName="executor://mstestadapter/v2" className="SmartClient_UnitTest.VideoOS.RemoteClient.Plugin.CentralizedSearch.ViewModels.Data.TimeScopeTests" name="GetUtcToday_UtcTimeZoneDst_Success" />
    </UnitTest>
    <UnitTest name="Search_SortOrderSpecified_Success" storage="d:\actions-runner\_work\xpco\xpco\sc\components\remoteviewer\smartclient\tst\zsmartclient_unittest\bin\x64\debug\net472\zsmartclient_unittest.dll" id="1131d610-fdb8-bf14-5dd7-5607c21d80e3">
      <TestCategory>
        <TestCategoryItem TestCategory="Search" />
      </TestCategory>
      <Execution id="c7f2c37c-e659-41b8-a097-122bc708e53b" />
      <TestMethod codeBase="D:\actions-runner\_work\XPCO\XPCO\SC\Components\RemoteViewer\SmartClient\tst\zSmartClient_UnitTest\bin\x64\Debug\net472\zSmartClient_UnitTest.dll" adapterTypeName="executor://mstestadapter/v2" className="SmartClient_UnitTest.VideoOS.RemoteClient.Plugin.CentralizedSearch.MIPPlugin.CompositeSearchDefinitionTests" name="Search_SortOrderSpecified_Success" />
    </UnitTest>
    <UnitTest name="FindSearchTemplatesAsync_ThrowTimeoutException_Success" storage="d:\actions-runner\_work\xpco\xpco\sc\components\remoteviewer\smartclient\tst\zsmartclient_unittest\bin\x64\debug\net472\zsmartclient_unittest.dll" id="77d0e63a-0772-b03a-0b99-eeaeb962de64">
      <TestCategory>
        <TestCategoryItem TestCategory="SearchTemplatesService" />
      </TestCategory>
      <Execution id="bd35c5df-7cbf-4c8a-a4d6-3a8aed594667" />
      <TestMethod codeBase="D:\actions-runner\_work\XPCO\XPCO\SC\Components\RemoteViewer\SmartClient\tst\zSmartClient_UnitTest\bin\x64\Debug\net472\zSmartClient_UnitTest.dll" adapterTypeName="executor://mstestadapter/v2" className="SmartClient_UnitTest.VideoOS.RemoteClient.Plugin.CentralizedSearch.SearchTemplates.Service.SearchTemplateServiceTests" name="FindSearchTemplatesAsync_ThrowTimeoutException_Success" />
    </UnitTest>
    <UnitTest name="PtzSessionControllerInfo_TimeChangedTest_Different_TimeLeft" storage="d:\actions-runner\_work\xpco\xpco\sc\components\remoteviewer\smartclient\tst\zsmartclient_unittest\bin\x64\debug\net472\zsmartclient_unittest.dll" id="7e6ab9bc-6be0-57ee-f082-006f13f3fda7">
      <Execution id="d188c197-d239-4fec-9ee6-935154cf01e9" />
      <TestMethod codeBase="D:\actions-runner\_work\XPCO\XPCO\SC\Components\RemoteViewer\SmartClient\tst\zSmartClient_UnitTest\bin\x64\Debug\net472\zSmartClient_UnitTest.dll" adapterTypeName="executor://mstestadapter/v2" className="VideoOS.RemoteClient.Application.Controllers.UnitTest.PtzSessionControllerTest" name="PtzSessionControllerInfo_TimeChangedTest_Different_TimeLeft" />
    </UnitTest>
    <UnitTest name="MergeWith_EmptyCluster_ThisNotChanged" storage="d:\actions-runner\_work\xpco\xpco\sc\components\remoteviewer\smartclient\tst\zsmartclient_unittest\bin\x64\debug\net472\zsmartclient_unittest.dll" id="c16412a0-c100-f8dd-8f2b-f63db635bf73">
      <TestCategory>
        <TestCategoryItem TestCategory="GisMapIndex" />
      </TestCategory>
      <Execution id="6d8bb841-f61d-4391-970d-316500cd6b9b" />
      <TestMethod codeBase="D:\actions-runner\_work\XPCO\XPCO\SC\Components\RemoteViewer\SmartClient\tst\zSmartClient_UnitTest\bin\x64\Debug\net472\zSmartClient_UnitTest.dll" adapterTypeName="executor://mstestadapter/v2" className="SmartClient_UnitTest.VideoOS.RemoteClient.GisMapData.Common.Indexer.ClusterDataTests" name="MergeWith_EmptyCluster_ThisNotChanged" />
    </UnitTest>
    <UnitTest name="DrawProperty_ShouldNotInjectEmptyPages_WhenDrawingLargeProperty" storage="d:\actions-runner\_work\xpco\xpco\sc\components\remoteviewer\smartclient\tst\zsmartclient_unittest\bin\x64\debug\net472\zsmartclient_unittest.dll" id="7bc99a94-0c53-913f-78d1-d1b66b08b925">
      <TestCategory>
        <TestCategoryItem TestCategory="Search" />
      </TestCategory>
      <Execution id="18a52b65-4eed-4151-b733-357a44e9034d" />
      <TestMethod codeBase="D:\actions-runner\_work\XPCO\XPCO\SC\Components\RemoteViewer\SmartClient\tst\zSmartClient_UnitTest\bin\x64\Debug\net472\zSmartClient_UnitTest.dll" adapterTypeName="executor://mstestadapter/v2" className="SmartClient_UnitTest.VideoOS.RemoteClient.Plugin.CentralizedSearch.ViewModels.Utility.SearchReportPrintFactoryTests" name="DrawProperty_ShouldNotInjectEmptyPages_WhenDrawingLargeProperty" />
    </UnitTest>
    <UnitTest name="RemoveDefinition_ExistingDefinitionWithSearchResult_SearchResultsCleared" storage="d:\actions-runner\_work\xpco\xpco\sc\components\remoteviewer\smartclient\tst\zsmartclient_unittest\bin\x64\debug\net472\zsmartclient_unittest.dll" id="102f1558-5f20-a6d5-8bb1-2bdfa2e7b50e">
      <TestCategory>
        <TestCategoryItem TestCategory="SearchModels" />
      </TestCategory>
      <Execution id="6c0a79a2-b63b-49d1-be55-d09bd83171ac" />
      <TestMethod codeBase="D:\actions-runner\_work\XPCO\XPCO\SC\Components\RemoteViewer\SmartClient\tst\zSmartClient_UnitTest\bin\x64\Debug\net472\zSmartClient_UnitTest.dll" adapterTypeName="executor://mstestadapter/v2" className="SmartClient_UnitTest.VideoOS.RemoteClient.Plugin.CentralizedSearch.Models.SearchModelTests" name="RemoveDefinition_ExistingDefinitionWithSearchResult_SearchResultsCleared" />
    </UnitTest>
    <UnitTest name="Show_ShouldRaiseDeviceSelectorWindowClose_WhenIsClosed" storage="d:\actions-runner\_work\xpco\xpco\sc\components\remoteviewer\smartclient\tst\zsmartclient_unittest\bin\x64\debug\net472\zsmartclient_unittest.dll" id="64acf650-ab74-e994-39a9-4ff5a401cc98">
      <TestCategory>
        <TestCategoryItem TestCategory="GisMap.DeviceSelectorWindow" />
      </TestCategory>
      <Execution id="d6093958-9679-4105-ab84-0f65fbd70c33" />
      <TestMethod codeBase="D:\actions-runner\_work\XPCO\XPCO\SC\Components\RemoteViewer\SmartClient\tst\zSmartClient_UnitTest\bin\x64\Debug\net472\zSmartClient_UnitTest.dll" adapterTypeName="executor://mstestadapter/v2" className="SmartClient_UnitTest.VideoOS.RemoteClient.Plugin.GisMap.Windows.GisMapSetup.DeviceSelectors.DeviceSelectorWindowTests" name="Show_ShouldRaiseDeviceSelectorWindowClose_WhenIsClosed" />
    </UnitTest>
    <UnitTest name="MergeWith_ClusterItems_ItemAdded" storage="d:\actions-runner\_work\xpco\xpco\sc\components\remoteviewer\smartclient\tst\zsmartclient_unittest\bin\x64\debug\net472\zsmartclient_unittest.dll" id="f252f3f1-2ddc-5f57-0a09-9fe0a66fde7a">
      <TestCategory>
        <TestCategoryItem TestCategory="GisMapIndex" />
      </TestCategory>
      <Execution id="402fdd77-52ba-4a8d-93c8-f5e20bf282de" />
      <TestMethod codeBase="D:\actions-runner\_work\XPCO\XPCO\SC\Components\RemoteViewer\SmartClient\tst\zSmartClient_UnitTest\bin\x64\Debug\net472\zSmartClient_UnitTest.dll" adapterTypeName="executor://mstestadapter/v2" className="SmartClient_UnitTest.VideoOS.RemoteClient.GisMapData.Common.Indexer.ClusterDataTests" name="MergeWith_ClusterItems_ItemAdded" />
    </UnitTest>
    <UnitTest name="IsSelected_ShouldBeTrue_WhenSelectedMicrophoneGetsDisabled" storage="d:\actions-runner\_work\xpco\xpco\sc\components\remoteviewer\smartclient\tst\zsmartclient_unittest\bin\x64\debug\net472\zsmartclient_unittest.dll" id="d4294147-b6f1-1dea-474b-6d1ef066918c">
      <TestCategory>
        <TestCategoryItem TestCategory="GisMapData.MapItem.Microphones" />
      </TestCategory>
      <Execution id="85c1d8cd-64b6-4ab6-a894-62e39cf4db19" />
      <TestMethod codeBase="D:\actions-runner\_work\XPCO\XPCO\SC\Components\RemoteViewer\SmartClient\tst\zSmartClient_UnitTest\bin\x64\Debug\net472\zSmartClient_UnitTest.dll" adapterTypeName="executor://mstestadapter/v2" className="SmartClient_UnitTest.VideoOS.RemoteClient.GisMapData.MapItem.Microphones.MicrophoneMapItemTests" name="IsSelected_ShouldBeTrue_WhenSelectedMicrophoneGetsDisabled" />
    </UnitTest>
    <UnitTest name="SearchCriteriaFilterValues_ValidatePopupFunctionality_Success" storage="d:\actions-runner\_work\xpco\xpco\sc\components\remoteviewer\smartclient\tst\zsmartclient_unittest\bin\x64\debug\net472\zsmartclient_unittest.dll" id="daf95640-1ecb-1c8c-09bc-d8c8490777c1">
      <TestCategory>
        <TestCategoryItem TestCategory="SearchControls" />
      </TestCategory>
      <Execution id="144b1411-66d8-4e91-afa5-1cea0ccb3362" />
      <TestMethod codeBase="D:\actions-runner\_work\XPCO\XPCO\SC\Components\RemoteViewer\SmartClient\tst\zSmartClient_UnitTest\bin\x64\Debug\net472\zSmartClient_UnitTest.dll" adapterTypeName="executor://mstestadapter/v2" className="SmartClient_UnitTest.VideoOS.RemoteClient.Plugin.CentralizedSearch.Views.Controls.SearchDefinitions.EditSearchDefinitionPopupTests" name="SearchCriteriaFilterValues_ValidatePopupFunctionality_Success" />
    </UnitTest>
    <UnitTest name="DeviceIcons_ShouldBeCached_WhenCalled" storage="d:\actions-runner\_work\xpco\xpco\sc\components\remoteviewer\smartclient\tst\zsmartclient_unittest\bin\x64\debug\net472\zsmartclient_unittest.dll" id="bbef5494-4e92-f5fc-3633-d07397508d79">
      <TestCategory>
        <TestCategoryItem TestCategory="GisMapData.MicrophoneOemResourcesProviderTests" />
      </TestCategory>
      <Execution id="a38a9969-b20c-4558-965a-1028e0e78574" />
      <TestMethod codeBase="D:\actions-runner\_work\XPCO\XPCO\SC\Components\RemoteViewer\SmartClient\tst\zSmartClient_UnitTest\bin\x64\Debug\net472\zSmartClient_UnitTest.dll" adapterTypeName="executor://mstestadapter/v2" className="SmartClient_UnitTest.VideoOS.RemoteClient.GisMapData.Resources.MicrophoneOemResourcesProviderTests" name="DeviceIcons_ShouldBeCached_WhenCalled" />
    </UnitTest>
    <UnitTest name="PatrollingStepListViewModel_CanDeleteStepExecute" storage="d:\actions-runner\_work\xpco\xpco\sc\components\remoteviewer\smartclient\tst\zsmartclient_unittest\bin\x64\debug\net472\zsmartclient_unittest.dll" id="863152b5-1e2c-356b-c14c-cd62911ba167">
      <Execution id="10dca586-2a5d-4c25-802d-41a95acfc8e7" />
      <TestMethod codeBase="D:\actions-runner\_work\XPCO\XPCO\SC\Components\RemoteViewer\SmartClient\tst\zSmartClient_UnitTest\bin\x64\Debug\net472\zSmartClient_UnitTest.dll" adapterTypeName="executor://mstestadapter/v2" className="SmartClient_UnitTest.VideoOS.RemoteClient.Application.UI.PtzPreset.PatrollingViewModel.PatrollingStepListViewModelTest" name="PatrollingStepListViewModel_CanDeleteStepExecute" />
    </UnitTest>
    <UnitTest name="SupportsRightClick_ShouldBeFalse_WhenInteractionStateIsNotNormal" storage="d:\actions-runner\_work\xpco\xpco\sc\components\remoteviewer\smartclient\tst\zsmartclient_unittest\bin\x64\debug\net472\zsmartclient_unittest.dll" id="06671719-51c0-06b8-b1b7-8927e1da93cb">
      <TestCategory>
        <TestCategoryItem TestCategory="GisMap.MicrophoneMarkerTest" />
      </TestCategory>
      <Execution id="88fde677-1798-4ed6-92d2-3d6be7b8bca5" />
      <TestMethod codeBase="D:\actions-runner\_work\XPCO\XPCO\SC\Components\RemoteViewer\SmartClient\tst\zSmartClient_UnitTest\bin\x64\Debug\net472\zSmartClient_UnitTest.dll" adapterTypeName="executor://mstestadapter/v2" className="SmartClient_UnitTest.VideoOS.RemoteClient.Plugin.GisMap.ThinkGeoMap.Markers.DeviceMarkers.MicrophoneMarker.MicrophoneMarkerTests" name="SupportsRightClick_ShouldBeFalse_WhenInteractionStateIsNotNormal" />
    </UnitTest>
    <UnitTest name="ValueWithFallbackConverterTests_Ctor_Success" storage="d:\actions-runner\_work\xpco\xpco\sc\components\remoteviewer\smartclient\tst\zsmartclient_unittest\bin\x64\debug\net472\zsmartclient_unittest.dll" id="c78705d8-4e54-e5cc-d7aa-358b1af77cf7">
      <TestCategory>
        <TestCategoryItem TestCategory="SearchConverter" />
      </TestCategory>
      <Execution id="58d05f86-4ad8-42b2-b9cc-381390831f36" />
      <TestMethod codeBase="D:\actions-runner\_work\XPCO\XPCO\SC\Components\RemoteViewer\SmartClient\tst\zSmartClient_UnitTest\bin\x64\Debug\net472\zSmartClient_UnitTest.dll" adapterTypeName="executor://mstestadapter/v2" className="SmartClient_UnitTest.VideoOS.RemoteClient.Plugin.CentralizedSearch.Views.Converters.ValueWithFallbackConverterTests" name="ValueWithFallbackConverterTests_Ctor_Success" />
    </UnitTest>
    <UnitTest name="GetServerTypes_ShouldReturnMobileServerType" storage="d:\actions-runner\_work\xpco\xpco\sc\components\remoteviewer\smartclient\tst\zsmartclient_unittest\bin\x64\debug\net472\zsmartclient_unittest.dll" id="17c23f4a-d1aa-c7f2-4b0c-28e098799329">
      <Execution id="009db9e3-953f-494a-b855-c2141054a65d" />
      <TestMethod codeBase="D:\actions-runner\_work\XPCO\XPCO\SC\Components\RemoteViewer\SmartClient\tst\zSmartClient_UnitTest\bin\x64\Debug\net472\zSmartClient_UnitTest.dll" adapterTypeName="executor://mstestadapter/v2" className="SmartClient_UnitTest.VideoOS.RemoteClient.Application.Data.ContentTypes.ReportingContentType.DashboardExtentionsTest" name="GetServerTypes_ShouldReturnMobileServerType" />
    </UnitTest>
    <UnitTest name="UpdateItems_WhenStrategyReturnsUpdateNeeded_ShouldResultInMipItemsReadyEvent" storage="d:\actions-runner\_work\xpco\xpco\sc\components\remoteviewer\smartclient\tst\zsmartclient_unittest\bin\x64\debug\net472\zsmartclient_unittest.dll" id="eb41b80f-fe87-ec26-1817-78a947446eac">
      <TestCategory>
        <TestCategoryItem TestCategory="MipItemsRetriever" />
      </TestCategory>
      <Execution id="2654a7c2-c826-4e0a-9eb5-99f10d5501fd" />
      <TestMethod codeBase="D:\actions-runner\_work\XPCO\XPCO\SC\Components\RemoteViewer\SmartClient\tst\zSmartClient_UnitTest\bin\x64\Debug\net472\zSmartClient_UnitTest.dll" adapterTypeName="executor://mstestadapter/v2" className="SmartClient_UnitTest.VideoOS.RemoteClient.Plugin.GisMap.MIP.MipItemsRetrieverTests" name="UpdateItems_WhenStrategyReturnsUpdateNeeded_ShouldResultInMipItemsReadyEvent" />
    </UnitTest>
    <UnitTest name="TimeLineInformationDataDto_ShouldYieldSameValues_WhenRoundTripConverted" storage="d:\actions-runner\_work\xpco\xpco\sc\components\remoteviewer\smartclient\tst\zsmartclient_unittest\bin\x64\debug\net472\zsmartclient_unittest.dll" id="64bb4b70-7e25-7afc-6d81-0c3474ed7a2b">
      <TestCategory>
        <TestCategoryItem TestCategory="RecorderProxyToDtoMapping" />
      </TestCategory>
      <Execution id="044352bc-4ddd-4be7-89e4-3abc270acfd4" />
      <TestMethod codeBase="D:\actions-runner\_work\XPCO\XPCO\SC\Components\RemoteViewer\SmartClient\tst\zSmartClient_UnitTest\bin\x64\Debug\net472\zSmartClient_UnitTest.dll" adapterTypeName="executor://mstestadapter/v2" className="VideoOS.Shared.ServerAPI.SOAP.RecorderClientMappingTests" name="TimeLineInformationDataDto_ShouldYieldSameValues_WhenRoundTripConverted" />
    </UnitTest>
    <UnitTest name="ToTimeScope_YesterdayInDST_Success" storage="d:\actions-runner\_work\xpco\xpco\sc\components\remoteviewer\smartclient\tst\zsmartclient_unittest\bin\x64\debug\net472\zsmartclient_unittest.dll" id="293008c2-9745-d477-0bc6-1ddbf5e8b276">
      <TestCategory>
        <TestCategoryItem TestCategory="Search" />
      </TestCategory>
      <Execution id="6f712c93-8f84-445c-9c8d-e129152f5d84" />
      <TestMethod codeBase="D:\actions-runner\_work\XPCO\XPCO\SC\Components\RemoteViewer\SmartClient\tst\zSmartClient_UnitTest\bin\x64\Debug\net472\zSmartClient_UnitTest.dll" adapterTypeName="executor://mstestadapter/v2" className="SmartClient_UnitTest.VideoOS.RemoteClient.Plugin.CentralizedSearch.Models.ScopeDurationTests" name="ToTimeScope_YesterdayInDST_Success" />
    </UnitTest>
    <UnitTest name="Password1 valid, Password 2 invalid, shorter length" storage="d:\actions-runner\_work\xpco\xpco\sc\components\remoteviewer\smartclient\tst\zsmartclient_unittest\bin\x64\debug\net472\zsmartclient_unittest.dll" id="67dea1b0-7e98-e001-6bf4-02f00add95c5">
      <TestCategory>
        <TestCategoryItem TestCategory="Export" />
      </TestCategory>
      <Execution id="ff5c1d4b-eb15-415d-a747-089db110b523" />
      <TestMethod codeBase="D:\actions-runner\_work\XPCO\XPCO\SC\Components\RemoteViewer\SmartClient\tst\zSmartClient_UnitTest\bin\x64\Debug\net472\zSmartClient_UnitTest.dll" adapterTypeName="executor://mstestadapter/v2" className="SmartClient_UnitTest.VideoOS.RemoteClient.Plugin.Export.PasswordDialogViewModelTests" name="ArePasswordsValid_ShouldDependOnPassword1AndPassword2" />
    </UnitTest>
    <UnitTest name="IsProductionEnvironment_ShouldReturnCorrectValue (wtst,False)" storage="d:\actions-runner\_work\xpco\xpco\sc\components\remoteviewer\smartclient\tst\zsmartclient_unittest\bin\x64\debug\net472\zsmartclient_unittest.dll" id="340145dc-4ce7-58f9-f34f-cf47939e6a08">
      <Execution id="062fbde4-afe2-429e-9875-cbf09399f852" />
      <TestMethod codeBase="D:\actions-runner\_work\XPCO\XPCO\SC\Components\RemoteViewer\SmartClient\tst\zSmartClient_UnitTest\bin\x64\Debug\net472\zSmartClient_UnitTest.dll" adapterTypeName="executor://mstestadapter/v2" className="SmartClient_UnitTest.VideoOS.RemoteClient.Application.Common.Telemetry.TelemetryKeyProviderTests" name="IsProductionEnvironment_ShouldReturnCorrectValue" />
    </UnitTest>
    <UnitTest name="Connect_SucceedeInConnectingWithOAuthSecure_ShouldReturnTrue" storage="d:\actions-runner\_work\xpco\xpco\sc\components\remoteviewer\smartclient\tst\zsmartclient_unittest\bin\x64\debug\net472\zsmartclient_unittest.dll" id="618671da-f82c-c489-4e50-3ec438e9a9d0">
      <Execution id="8cb1690c-a399-47b3-9dc2-36719845019f" />
      <TestMethod codeBase="D:\actions-runner\_work\XPCO\XPCO\SC\Components\RemoteViewer\SmartClient\tst\zSmartClient_UnitTest\bin\x64\Debug\net472\zSmartClient_UnitTest.dll" adapterTypeName="executor://mstestadapter/v2" className="VideoOS.Shared.ServerAPI.VMOViewerClientFacade.UnitTest.VMOViewerClientFacadeTests" name="Connect_SucceedeInConnectingWithOAuthSecure_ShouldReturnTrue" />
    </UnitTest>
    <UnitTest name="Constructor_WhenPassingNullCredentials_ShouldThrowException" storage="d:\actions-runner\_work\xpco\xpco\sc\components\remoteviewer\smartclient\tst\zsmartclient_unittest\bin\x64\debug\net472\zsmartclient_unittest.dll" id="584617a4-8322-97bf-2a6c-744ce8c991ef">
      <Execution id="f4a640ef-6454-44df-be43-b1537a49b329" />
      <TestMethod codeBase="D:\actions-runner\_work\XPCO\XPCO\SC\Components\RemoteViewer\SmartClient\tst\zSmartClient_UnitTest\bin\x64\Debug\net472\zSmartClient_UnitTest.dll" adapterTypeName="executor://mstestadapter/v2" className="VideoOS.Shared.ServerAPI.VMOViewerClientFacade.UnitTest.VMOViewerClientFacadeTests" name="Constructor_WhenPassingNullCredentials_ShouldThrowException" />
    </UnitTest>
    <UnitTest name="GetFeatures_NonCameraMapItemsLayer_ArgumentException" storage="d:\actions-runner\_work\xpco\xpco\sc\components\remoteviewer\smartclient\tst\zsmartclient_unittest\bin\x64\debug\net472\zsmartclient_unittest.dll" id="1e269b48-31d1-e9d9-6456-feb927b5229e">
      <TestCategory>
        <TestCategoryItem TestCategory="GisMap" />
      </TestCategory>
      <Execution id="b551fcdb-dd6e-483a-9b0d-d9c57de7d6f2" />
      <TestMethod codeBase="D:\actions-runner\_work\XPCO\XPCO\SC\Components\RemoteViewer\SmartClient\tst\zSmartClient_UnitTest\bin\x64\Debug\net472\zSmartClient_UnitTest.dll" adapterTypeName="executor://mstestadapter/v2" className="SmartClient_UnitTest.VideoOS.RemoteClient.GisMapData.GisMapBasicTests" name="GetFeatures_NonCameraMapItemsLayer_ArgumentException" />
    </UnitTest>
    <UnitTest name="Init_NullState_InitialStateObtainedFromStateManager" storage="d:\actions-runner\_work\xpco\xpco\sc\components\remoteviewer\smartclient\tst\zsmartclient_unittest\bin\x64\debug\net472\zsmartclient_unittest.dll" id="84a40563-ae3e-05c4-e02d-b8d79f27ea48">
      <TestCategory>
        <TestCategoryItem TestCategory="Search" />
      </TestCategory>
      <Execution id="a9221a3e-5a4f-424d-8713-73ee3efc90bb" />
      <TestMethod codeBase="D:\actions-runner\_work\XPCO\XPCO\SC\Components\RemoteViewer\SmartClient\tst\zSmartClient_UnitTest\bin\x64\Debug\net472\zSmartClient_UnitTest.dll" adapterTypeName="executor://mstestadapter/v2" className="SmartClient_UnitTest.VideoOS.RemoteClient.Plugin.CentralizedSearch.CentralizedSearchContentHolderTests" name="Init_NullState_InitialStateObtainedFromStateManager" />
    </UnitTest>
    <UnitTest name="OnSizeChanged_FivePluginButtonsPresentInActionBar_WithRoomForFourPluginButtonsTwoPluginsMoveToOverflowMenu" storage="d:\actions-runner\_work\xpco\xpco\sc\components\remoteviewer\smartclient\tst\zsmartclient_unittest\bin\x64\debug\net472\zsmartclient_unittest.dll" id="c2a70a77-deae-9615-f302-cf5bc25a63ec">
      <TestCategory>
        <TestCategoryItem TestCategory="SearchViews" />
      </TestCategory>
      <Execution id="9ef1a02b-e0ca-429c-a62d-9d14280d8d81" />
      <TestMethod codeBase="D:\actions-runner\_work\XPCO\XPCO\SC\Components\RemoteViewer\SmartClient\tst\zSmartClient_UnitTest\bin\x64\Debug\net472\zSmartClient_UnitTest.dll" adapterTypeName="executor://mstestadapter/v2" className="SmartClient_UnitTest.VideoOS.RemoteClient.Plugin.CentralizedSearch.Views.SearchResultActionBarViewTests" name="OnSizeChanged_FivePluginButtonsPresentInActionBar_WithRoomForFourPluginButtonsTwoPluginsMoveToOverflowMenu" />
    </UnitTest>
    <UnitTest name="Compare_NullVsNull_Equals" storage="d:\actions-runner\_work\xpco\xpco\sc\components\remoteviewer\smartclient\tst\zsmartclient_unittest\bin\x64\debug\net472\zsmartclient_unittest.dll" id="fab13144-dbad-5831-0a01-3cacac990e32">
      <TestCategory>
        <TestCategoryItem TestCategory="SearchComparers" />
      </TestCategory>
      <Execution id="d2cc5edd-b9d4-4dfc-81e5-6eb63196fe79" />
      <TestMethod codeBase="D:\actions-runner\_work\XPCO\XPCO\SC\Components\RemoteViewer\SmartClient\tst\zSmartClient_UnitTest\bin\x64\Debug\net472\zSmartClient_UnitTest.dll" adapterTypeName="executor://mstestadapter/v2" className="SmartClient_UnitTest.VideoOS.RemoteClient.Plugin.CentralizedSearch.Models.Wrappers.Comparers.BeginTimeWithPaddingComparerTests" name="Compare_NullVsNull_Equals" />
    </UnitTest>
    <UnitTest name="BuildMapOptions_ShouldReturnCorrectNumberOfOptions" storage="d:\actions-runner\_work\xpco\xpco\sc\components\remoteviewer\smartclient\tst\zsmartclient_unittest\bin\x64\debug\net472\zsmartclient_unittest.dll" id="a8f9d2e6-a062-909a-f825-43244fd288c9">
      <Execution id="3847d0c9-0693-41db-84af-41b94a4b1661" />
      <TestMethod codeBase="D:\actions-runner\_work\XPCO\XPCO\SC\Components\RemoteViewer\SmartClient\tst\zSmartClient_UnitTest\bin\x64\Debug\net472\zSmartClient_UnitTest.dll" adapterTypeName="executor://mstestadapter/v2" className="SmartClient_UnitTest.VideoOS.RemoteClient.Application.Common.Telemetry.TelemetryBuilderTests" name="BuildMapOptions_ShouldReturnCorrectNumberOfOptions" />
    </UnitTest>
    <UnitTest name="ShowAccessControlSystems_ShouldReturnTrue_WhenTwoACSystemsOnlyOneSupportingCardholdersAvailable" storage="d:\actions-runner\_work\xpco\xpco\sc\components\remoteviewer\smartclient\tst\zsmartclient_unittest\bin\x64\debug\net472\zsmartclient_unittest.dll" id="f144e82e-b1a8-81fa-ae3f-f634d720ce68">
      <Execution id="f50000c2-24c6-47ca-9d7d-45172c080c44" />
      <TestMethod codeBase="D:\actions-runner\_work\XPCO\XPCO\SC\Components\RemoteViewer\SmartClient\tst\zSmartClient_UnitTest\bin\x64\Debug\net472\zSmartClient_UnitTest.dll" adapterTypeName="executor://mstestadapter/v2" className="SmartClient_UnitTest.VideoOS.RemoteClient.AccessControl.ViewModel.CardholdersTabViewModelTests" name="ShowAccessControlSystems_ShouldReturnTrue_WhenTwoACSystemsOnlyOneSupportingCardholdersAvailable" />
    </UnitTest>
    <UnitTest name="BindingModelNotEnabled_When_WorkspaceStateDoesNotMatchPlaceDefinition" storage="d:\actions-runner\_work\xpco\xpco\sc\components\remoteviewer\smartclient\tst\zsmartclient_unittest\bin\x64\debug\net472\zsmartclient_unittest.dll" id="3beeed46-879f-7c95-5996-20291cefba2d">
      <TestCategory>
        <TestCategoryItem TestCategory="WorkspaceToolbar" />
      </TestCategory>
      <Execution id="63f25609-3690-4a5d-b79d-488ef6903117" />
      <TestMethod codeBase="D:\actions-runner\_work\XPCO\XPCO\SC\Components\RemoteViewer\SmartClient\tst\zSmartClient_UnitTest\bin\x64\Debug\net472\zSmartClient_UnitTest.dll" adapterTypeName="executor://mstestadapter/v2" className="SmartClient_UnitTest.VideoOS.RemoteClient.Application.Data.WorkspaceToolbar.WorkspaceToolbarItemMipPluginTests" name="BindingModelNotEnabled_When_WorkspaceStateDoesNotMatchPlaceDefinition" />
    </UnitTest>
    <UnitTest name="Connect_WhenMajorServerVersionIsBelow13_ShouldCreateOldSchClient" storage="d:\actions-runner\_work\xpco\xpco\sc\components\remoteviewer\smartclient\tst\zsmartclient_unittest\bin\x64\debug\net472\zsmartclient_unittest.dll" id="a2c49861-8cfa-cfb9-a354-4ffbac34fc0c">
      <Execution id="1403daf4-06c6-42ab-80eb-d6eada073dfc" />
      <TestMethod codeBase="D:\actions-runner\_work\XPCO\XPCO\SC\Components\RemoteViewer\SmartClient\tst\zSmartClient_UnitTest\bin\x64\Debug\net472\zSmartClient_UnitTest.dll" adapterTypeName="executor://mstestadapter/v2" className="VideoOS.Shared.ServerAPI.ServiceChannel.UnitTest.ServiceChannelCommandServiceTests" name="Connect_WhenMajorServerVersionIsBelow13_ShouldCreateOldSchClient" />
    </UnitTest>
    <UnitTest name="BookmarkSearchTime_WithSearchStringInDifferentCases_ReturnCorrectBookmarkWithSearchStringInHeader (SeArChStRiNg,True,False,False,False,SeArChStRiNg,,1)" storage="d:\actions-runner\_work\xpco\xpco\sc\components\remoteviewer\smartclient\tst\zsmartclient_unittest\bin\x64\debug\net472\zsmartclient_unittest.dll" id="3a9ca3f4-6530-4192-b910-778a279b21e0">
      <Execution id="d5ca6017-f970-4c81-83ec-935675306e02" />
      <TestMethod codeBase="D:\actions-runner\_work\XPCO\XPCO\SC\Components\RemoteViewer\SmartClient\tst\zSmartClient_UnitTest\bin\x64\Debug\net472\zSmartClient_UnitTest.dll" adapterTypeName="executor://mstestadapter/v2" className="SmartClient_UnitTest.VideoOS.RemoteClient.Application.Data.Offline.UnitTest.BookmarkExportReaderTest" name="BookmarkSearchTime_WithSearchStringInDifferentCases_ReturnCorrectBookmarkWithSearchStringInHeader" />
    </UnitTest>
    <UnitTest name="HandleGetLayerFeatures_ShouldReturnOutputLayerFeatures_WhenOutputKind" storage="d:\actions-runner\_work\xpco\xpco\sc\components\remoteviewer\smartclient\tst\zsmartclient_unittest\bin\x64\debug\net472\zsmartclient_unittest.dll" id="b00294e4-8686-0263-7a25-105dca27e462">
      <TestCategory>
        <TestCategoryItem TestCategory="GisMapData.Handlers.LayerFeatures" />
      </TestCategory>
      <Execution id="b9a5a9a2-dbfd-4a4c-a706-6fcbeea41e3b" />
      <TestMethod codeBase="D:\actions-runner\_work\XPCO\XPCO\SC\Components\RemoteViewer\SmartClient\tst\zSmartClient_UnitTest\bin\x64\Debug\net472\zSmartClient_UnitTest.dll" adapterTypeName="executor://mstestadapter/v2" className="SmartClient_UnitTest.VideoOS.RemoteClient.GisMapData.Handlers.LayerFeatures.OutputLayerFeaturesHandlerTests" name="HandleGetLayerFeatures_ShouldReturnOutputLayerFeatures_WhenOutputKind" />
    </UnitTest>
    <UnitTest name="ToUnsafeName_SingleNonKeywordName_Success" storage="d:\actions-runner\_work\xpco\xpco\sc\components\remoteviewer\smartclient\tst\zsmartclient_unittest\bin\x64\debug\net472\zsmartclient_unittest.dll" id="6bf98392-1073-05ae-8e9e-5a0aa6674b1b">
      <Execution id="d6423b78-043b-4f02-a6cd-29b4e7e404d1" />
      <TestMethod codeBase="D:\actions-runner\_work\XPCO\XPCO\SC\Components\RemoteViewer\SmartClient\tst\zSmartClient_UnitTest\bin\x64\Debug\net472\zSmartClient_UnitTest.dll" adapterTypeName="executor://mstestadapter/v2" className="SmartClient_UnitTest.VideoOS.RemoteClient.Application.Common.Scripting.ReservedJavascriptKeywordsTests" name="ToUnsafeName_SingleNonKeywordName_Success" />
    </UnitTest>
    <UnitTest name="CalculateNewExtent_ShouldScaleEvenly_WhenWithinMax" storage="d:\actions-runner\_work\xpco\xpco\sc\components\remoteviewer\smartclient\tst\zsmartclient_unittest\bin\x64\debug\net472\zsmartclient_unittest.dll" id="2a7cf9dc-e9f0-7632-64c7-f92d98f50bd4">
      <TestCategory>
        <TestCategoryItem TestCategory="MipItemsUpdateStrategy" />
      </TestCategory>
      <Execution id="62a556e3-d7cd-46f6-b7c3-1a60ace12419" />
      <TestMethod codeBase="D:\actions-runner\_work\XPCO\XPCO\SC\Components\RemoteViewer\SmartClient\tst\zSmartClient_UnitTest\bin\x64\Debug\net472\zSmartClient_UnitTest.dll" adapterTypeName="executor://mstestadapter/v2" className="SmartClient_UnitTest.VideoOS.RemoteClient.Plugin.GisMap.MIP.MipItemsUpdateStrategyTests" name="CalculateNewExtent_ShouldScaleEvenly_WhenWithinMax" />
    </UnitTest>
    <UnitTest name="FocusedSearchResultChanged_NoSearchResultSelected_NavigateToHome" storage="d:\actions-runner\_work\xpco\xpco\sc\components\remoteviewer\smartclient\tst\zsmartclient_unittest\bin\x64\debug\net472\zsmartclient_unittest.dll" id="10564402-f576-f83c-7508-dc98243ffb4b">
      <TestCategory>
        <TestCategoryItem TestCategory="Search.SmartMapPreview" />
      </TestCategory>
      <Execution id="0bb89f22-d103-4b2e-a7f1-cc0d8c5c44bd" />
      <TestMethod codeBase="D:\actions-runner\_work\XPCO\XPCO\SC\Components\RemoteViewer\SmartClient\tst\zSmartClient_UnitTest\bin\x64\Debug\net472\zSmartClient_UnitTest.dll" adapterTypeName="executor://mstestadapter/v2" className="SmartClient_UnitTest.VideoOS.RemoteClient.Plugin.CentralizedSearch.Views.Controls.SmartMap.SmartMapPreviewTests" name="FocusedSearchResultChanged_NoSearchResultSelected_NavigateToHome" />
    </UnitTest>
    <UnitTest name="ActiveInteractionStateBinding_ShouldNotBeNull_WhenCtorIsCalled" storage="d:\actions-runner\_work\xpco\xpco\sc\components\remoteviewer\smartclient\tst\zsmartclient_unittest\bin\x64\debug\net472\zsmartclient_unittest.dll" id="965180e6-a25e-a55d-955c-d1e2d083f58f">
      <TestCategory>
        <TestCategoryItem TestCategory="GisMap.LocationMarker" />
      </TestCategory>
      <Execution id="4a475ab7-61db-4e82-ba90-07f4de33b763" />
      <TestMethod codeBase="D:\actions-runner\_work\XPCO\XPCO\SC\Components\RemoteViewer\SmartClient\tst\zSmartClient_UnitTest\bin\x64\Debug\net472\zSmartClient_UnitTest.dll" adapterTypeName="executor://mstestadapter/v2" className="SmartClient_UnitTest.VideoOS.RemoteClient.Plugin.GisMap.ThinkGeoMap.Markers.LocationMarker.LocationMarkerTests" name="ActiveInteractionStateBinding_ShouldNotBeNull_WhenCtorIsCalled" />
    </UnitTest>
    <UnitTest name="LeftButtonDown_DoubleClickNoZoomHandler_DoesNotCrash" storage="d:\actions-runner\_work\xpco\xpco\sc\components\remoteviewer\smartclient\tst\zsmartclient_unittest\bin\x64\debug\net472\zsmartclient_unittest.dll" id="9436abbf-5e35-6c76-dd3c-5e8e30ea43e2">
      <TestCategory>
        <TestCategoryItem TestCategory="GisMap.MapControl" />
      </TestCategory>
      <Execution id="ce45fd7b-b4db-4568-83e6-652808e8c4f5" />
      <TestMethod codeBase="D:\actions-runner\_work\XPCO\XPCO\SC\Components\RemoteViewer\SmartClient\tst\zSmartClient_UnitTest\bin\x64\Debug\net472\zSmartClient_UnitTest.dll" adapterTypeName="executor://mstestadapter/v2" className="SmartClient_UnitTest.VideoOS.RemoteClient.Plugin.GisMap.ThinkGeoMap.ThinkGeoMapControlTests" name="LeftButtonDown_DoubleClickNoZoomHandler_DoesNotCrash" />
    </UnitTest>
    <UnitTest name="CreateReportCommand_InvalidPath_ErrorDialogShown" storage="d:\actions-runner\_work\xpco\xpco\sc\components\remoteviewer\smartclient\tst\zsmartclient_unittest\bin\x64\debug\net472\zsmartclient_unittest.dll" id="bf9b3a45-d909-447b-010d-271720cc6b13">
      <TestCategory>
        <TestCategoryItem TestCategory="Search" />
      </TestCategory>
      <Execution id="545e177d-09dc-42da-824d-de5ea7698390" />
      <TestMethod codeBase="D:\actions-runner\_work\XPCO\XPCO\SC\Components\RemoteViewer\SmartClient\tst\zSmartClient_UnitTest\bin\x64\Debug\net472\zSmartClient_UnitTest.dll" adapterTypeName="executor://mstestadapter/v2" className="SmartClient_UnitTest.VideoOS.RemoteClient.Plugin.CentralizedSearch.ViewModels.SearchReportViewModelTests" name="CreateReportCommand_InvalidPath_ErrorDialogShown" />
    </UnitTest>
    <UnitTest name="TwoHours_Success" storage="d:\actions-runner\_work\xpco\xpco\sc\components\remoteviewer\smartclient\tst\zsmartclient_unittest\bin\x64\debug\net472\zsmartclient_unittest.dll" id="028566f8-b92e-8888-84dd-3fb5690b9d88">
      <TestCategory>
        <TestCategoryItem TestCategory="Search" />
      </TestCategory>
      <Execution id="a85ee475-1669-4b83-b40f-246efd84335a" />
      <TestMethod codeBase="D:\actions-runner\_work\XPCO\XPCO\SC\Components\RemoteViewer\SmartClient\tst\zSmartClient_UnitTest\bin\x64\Debug\net472\zSmartClient_UnitTest.dll" adapterTypeName="executor://mstestadapter/v2" className="SmartClient_UnitTest.VideoOS.RemoteClient.Plugin.CentralizedSearch.Models.ScopeDurationTests" name="TwoHours_Success" />
    </UnitTest>
    <UnitTest name="BuildEvidenceLockFilterProperties_ShouldReturnCorrectValues (False,2,3,All,Custom)" storage="d:\actions-runner\_work\xpco\xpco\sc\components\remoteviewer\smartclient\tst\zsmartclient_unittest\bin\x64\debug\net472\zsmartclient_unittest.dll" id="a2a193f8-3456-c024-ce2d-2ecfa84a29fd">
      <Execution id="09258eaa-52ab-46e3-93b3-8d55dbb0c60f" />
      <TestMethod codeBase="D:\actions-runner\_work\XPCO\XPCO\SC\Components\RemoteViewer\SmartClient\tst\zSmartClient_UnitTest\bin\x64\Debug\net472\zSmartClient_UnitTest.dll" adapterTypeName="executor://mstestadapter/v2" className="SmartClient_UnitTest.VideoOS.RemoteClient.Application.Common.Telemetry.TelemetryBuilderTests" name="BuildEvidenceLockFilterProperties_ShouldReturnCorrectValues" />
    </UnitTest>
    <UnitTest name="SearchResultsActionBarActions_Export_InvokeCommand_DeviceNotAvailable_Failure" storage="d:\actions-runner\_work\xpco\xpco\sc\components\remoteviewer\smartclient\tst\zsmartclient_unittest\bin\x64\debug\net472\zsmartclient_unittest.dll" id="9338997c-d9a9-672b-42cd-fbb543d1c72e">
      <TestCategory>
        <TestCategoryItem TestCategory="SearchResultActionBarViewModel" />
      </TestCategory>
      <Execution id="f51efc56-706f-433c-8799-796bdc69347e" />
      <TestMethod codeBase="D:\actions-runner\_work\XPCO\XPCO\SC\Components\RemoteViewer\SmartClient\tst\zSmartClient_UnitTest\bin\x64\Debug\net472\zSmartClient_UnitTest.dll" adapterTypeName="executor://mstestadapter/v2" className="SmartClient_UnitTest.VideoOS.RemoteClient.Plugin.CentralizedSearch.ViewModels.SearchResultsActionBarViewModelTest" name="SearchResultsActionBarActions_Export_InvokeCommand_DeviceNotAvailable_Failure" />
    </UnitTest>
    <UnitTest name="TestChangeProperties_Outline_Success" storage="d:\actions-runner\_work\xpco\xpco\sc\components\remoteviewer\smartclient\tst\zsmartclient_unittest\bin\x64\debug\net472\zsmartclient_unittest.dll" id="2373c7df-8688-ecca-12e2-43612d6b960f">
      <TestCategory>
        <TestCategoryItem TestCategory="GisMapBuilding" />
      </TestCategory>
      <Execution id="b654b659-cfb3-4845-8a93-7843b12fd2db" />
      <TestMethod codeBase="D:\actions-runner\_work\XPCO\XPCO\SC\Components\RemoteViewer\SmartClient\tst\zSmartClient_UnitTest\bin\x64\Debug\net472\zSmartClient_UnitTest.dll" adapterTypeName="executor://mstestadapter/v2" className="SmartClient_UnitTest.VideoOS.RemoteClient.GisMap.MapBuildingTests" name="TestChangeProperties_Outline_Success" />
    </UnitTest>
    <UnitTest name="DeleteLevel_WhereLevelsHasBeenRenumbered_Success" storage="d:\actions-runner\_work\xpco\xpco\sc\components\remoteviewer\smartclient\tst\zsmartclient_unittest\bin\x64\debug\net472\zsmartclient_unittest.dll" id="81b361c4-c965-939e-7e57-636c62f4161d">
      <TestCategory>
        <TestCategoryItem TestCategory="GisMapBuilding" />
      </TestCategory>
      <Execution id="9ebb12d5-29b9-4712-b685-be96c338c475" />
      <TestMethod codeBase="D:\actions-runner\_work\XPCO\XPCO\SC\Components\RemoteViewer\SmartClient\tst\zSmartClient_UnitTest\bin\x64\Debug\net472\zSmartClient_UnitTest.dll" adapterTypeName="executor://mstestadapter/v2" className="SmartClient_UnitTest.VideoOS.RemoteClient.GisMapData.MapBuildings.MapLevelTests" name="DeleteLevel_WhereLevelsHasBeenRenumbered_Success" />
    </UnitTest>
    <UnitTest name="AutomationId_ShouldBeValid_WhenInteractionStateIsAddCamera" storage="d:\actions-runner\_work\xpco\xpco\sc\components\remoteviewer\smartclient\tst\zsmartclient_unittest\bin\x64\debug\net472\zsmartclient_unittest.dll" id="9aef69ad-5102-e920-d6a1-4c0ddf8b9303">
      <TestCategory>
        <TestCategoryItem TestCategory="GisMap.UI.DeviceSelectors.PanelComponents" />
      </TestCategory>
      <Execution id="ce13e7f8-68ab-42a9-814f-958ad96d7db5" />
      <TestMethod codeBase="D:\actions-runner\_work\XPCO\XPCO\SC\Components\RemoteViewer\SmartClient\tst\zSmartClient_UnitTest\bin\x64\Debug\net472\zSmartClient_UnitTest.dll" adapterTypeName="executor://mstestadapter/v2" className="SmartClient_UnitTest.VideoOS.RemoteClient.Plugin.GisMap.UI.DeviceSelectors.PanelComponents.DeviceSelectorPanelComponentTests" name="AutomationId_ShouldBeValid_WhenInteractionStateIsAddCamera" />
    </UnitTest>
    <UnitTest name="ToDenormalizedDirection_1_0" storage="d:\actions-runner\_work\xpco\xpco\sc\components\remoteviewer\smartclient\tst\zsmartclient_unittest\bin\x64\debug\net472\zsmartclient_unittest.dll" id="d1eb0766-e5d9-4c32-2713-e353a5504dcf">
      <TestCategory>
        <TestCategoryItem TestCategory="GisMap" />
      </TestCategory>
      <Execution id="c609964b-7224-4b6b-87f0-5ba008bededc" />
      <TestMethod codeBase="D:\actions-runner\_work\XPCO\XPCO\SC\Components\RemoteViewer\SmartClient\tst\zSmartClient_UnitTest\bin\x64\Debug\net472\zSmartClient_UnitTest.dll" adapterTypeName="executor://mstestadapter/v2" className="SmartClient_UnitTest.VideoOS.RemoteClient.GisMap.Utilities.GisUtilityTests" name="ToDenormalizedDirection_1_0" />
    </UnitTest>
    <UnitTest name="AttributeValueGet_NoItems_ReturnsEmptyList" storage="d:\actions-runner\_work\xpco\xpco\sc\components\remoteviewer\smartclient\tst\zsmartclient_unittest\bin\x64\debug\net472\zsmartclient_unittest.dll" id="917a5570-b519-84b9-98e6-e30d662a605f">
      <TestCategory>
        <TestCategoryItem TestCategory="Search" />
      </TestCategory>
      <Execution id="e6b13a94-03ae-4798-94d6-72585aa5274e" />
      <TestMethod codeBase="D:\actions-runner\_work\XPCO\XPCO\SC\Components\RemoteViewer\SmartClient\tst\zSmartClient_UnitTest\bin\x64\Debug\net472\zSmartClient_UnitTest.dll" adapterTypeName="executor://mstestadapter/v2" className="SmartClient_UnitTest.VideoOS.RemoteClient.Plugin.CentralizedSearch.MIPPlugin.Criteria.MultipleSelectionAttributeEditControlTest" name="AttributeValueGet_NoItems_ReturnsEmptyList" />
    </UnitTest>
    <UnitTest name="PtzSessionControllerInfo_UserChangedTest_Different_User" storage="d:\actions-runner\_work\xpco\xpco\sc\components\remoteviewer\smartclient\tst\zsmartclient_unittest\bin\x64\debug\net472\zsmartclient_unittest.dll" id="c8da5140-6bbf-d2bf-c522-f95e06d6a595">
      <Execution id="17d112ed-bd56-4326-95a7-09fac46c4dd2" />
      <TestMethod codeBase="D:\actions-runner\_work\XPCO\XPCO\SC\Components\RemoteViewer\SmartClient\tst\zSmartClient_UnitTest\bin\x64\Debug\net472\zSmartClient_UnitTest.dll" adapterTypeName="executor://mstestadapter/v2" className="VideoOS.RemoteClient.Application.Controllers.UnitTest.PtzSessionControllerTest" name="PtzSessionControllerInfo_UserChangedTest_Different_User" />
    </UnitTest>
    <UnitTest name="ModelSerialization_Serialize_Success" storage="d:\actions-runner\_work\xpco\xpco\sc\components\remoteviewer\smartclient\tst\zsmartclient_unittest\bin\x64\debug\net472\zsmartclient_unittest.dll" id="82ab9888-0e8e-be7c-a27b-7d4882e76ad2">
      <TestCategory>
        <TestCategoryItem TestCategory="SearchModels" />
      </TestCategory>
      <Execution id="1cbb6d10-646a-49f9-9a4f-3a70822a5337" />
      <TestMethod codeBase="D:\actions-runner\_work\XPCO\XPCO\SC\Components\RemoteViewer\SmartClient\tst\zSmartClient_UnitTest\bin\x64\Debug\net472\zSmartClient_UnitTest.dll" adapterTypeName="executor://mstestadapter/v2" className="SmartClient_UnitTest.VideoOS.RemoteClient.Plugin.CentralizedSearch.Models.SearchModelTests" name="ModelSerialization_Serialize_Success" />
    </UnitTest>
    <UnitTest name="OutputMapItem_ForceActivateAsync_InBuilding_UseLastLevel_Success" storage="d:\actions-runner\_work\xpco\xpco\sc\components\remoteviewer\smartclient\tst\zsmartclient_unittest\bin\x64\debug\net472\zsmartclient_unittest.dll" id="b77ab5c7-4e76-dc3e-b1c6-67decc6894df">
      <TestCategory>
        <TestCategoryItem TestCategory="GisMapData.MapItem.Outputs" />
      </TestCategory>
      <Execution id="abf8023e-07b1-490e-8443-a22ef1716053" />
      <TestMethod codeBase="D:\actions-runner\_work\XPCO\XPCO\SC\Components\RemoteViewer\SmartClient\tst\zSmartClient_UnitTest\bin\x64\Debug\net472\zSmartClient_UnitTest.dll" adapterTypeName="executor://mstestadapter/v2" className="SmartClient_UnitTest.VideoOS.RemoteClient.GisMapData.MapItem.Outputs.OutputMapItemTests" name="OutputMapItem_ForceActivateAsync_InBuilding_UseLastLevel_Success" />
    </UnitTest>
    <UnitTest name="TestChangeProperties_Name_Success" storage="d:\actions-runner\_work\xpco\xpco\sc\components\remoteviewer\smartclient\tst\zsmartclient_unittest\bin\x64\debug\net472\zsmartclient_unittest.dll" id="ed8d77e0-76a5-81b3-8198-30c2ee7d220a">
      <TestCategory>
        <TestCategoryItem TestCategory="GisMapBuilding" />
      </TestCategory>
      <Execution id="8fa4e4d2-4c77-410a-bbf7-be0d1f810bad" />
      <TestMethod codeBase="D:\actions-runner\_work\XPCO\XPCO\SC\Components\RemoteViewer\SmartClient\tst\zSmartClient_UnitTest\bin\x64\Debug\net472\zSmartClient_UnitTest.dll" adapterTypeName="executor://mstestadapter/v2" className="SmartClient_UnitTest.VideoOS.RemoteClient.GisMap.MapBuildingTests" name="TestChangeProperties_Name_Success" />
    </UnitTest>
    <UnitTest name="Toolbar_IsVisible_WhenInPlayback" storage="d:\actions-runner\_work\xpco\xpco\sc\components\remoteviewer\smartclient\tst\zsmartclient_unittest\bin\x64\debug\net472\zsmartclient_unittest.dll" id="60f76d2a-8443-d6c5-ab49-4b19e96bdb7e">
      <TestCategory>
        <TestCategoryItem TestCategory="WorkspaceToolbar" />
      </TestCategory>
      <Execution id="2ed851cb-1877-42d6-97a4-3108696b18f6" />
      <TestMethod codeBase="D:\actions-runner\_work\XPCO\XPCO\SC\Components\RemoteViewer\SmartClient\tst\zSmartClient_UnitTest\bin\x64\Debug\net472\zSmartClient_UnitTest.dll" adapterTypeName="executor://mstestadapter/v2" className="SmartClient_UnitTest.VideoOS.RemoteClient.Application.UI.Content.WorkspaceToolbar.WorkspaceToolbarViewModelTests" name="Toolbar_IsVisible_WhenInPlayback" />
    </UnitTest>
    <UnitTest name="AddToExportTuples_ShouldAddToExportData (1)" storage="d:\actions-runner\_work\xpco\xpco\sc\components\remoteviewer\smartclient\tst\zsmartclient_unittest\bin\x64\debug\net472\zsmartclient_unittest.dll" id="c5f889fe-34fb-e81d-4390-ab303a66ed0c">
      <TestCategory>
        <TestCategoryItem TestCategory="Managers" />
      </TestCategory>
      <Execution id="87f518bf-8501-47f5-8aba-2b56f51debe7" />
      <TestMethod codeBase="D:\actions-runner\_work\XPCO\XPCO\SC\Components\RemoteViewer\SmartClient\tst\zSmartClient_UnitTest\bin\x64\Debug\net472\zSmartClient_UnitTest.dll" adapterTypeName="executor://mstestadapter/v2" className="SmartClient_UnitTest.VideoOS.RemoteClient.Application.Managers.ExportManagerTests" name="AddToExportTuples_ShouldAddToExportData" />
    </UnitTest>
    <UnitTest name="SupportsRightClick_ShouldBeFalse_WhenInteractionStateIsNotNormal" storage="d:\actions-runner\_work\xpco\xpco\sc\components\remoteviewer\smartclient\tst\zsmartclient_unittest\bin\x64\debug\net472\zsmartclient_unittest.dll" id="d8157b41-29f4-4a55-1811-3e5273ac9071">
      <TestCategory>
        <TestCategoryItem TestCategory="GisMap.LinkMarker" />
      </TestCategory>
      <Execution id="c08000b1-7f6a-4b13-a00f-048a547f3afe" />
      <TestMethod codeBase="D:\actions-runner\_work\XPCO\XPCO\SC\Components\RemoteViewer\SmartClient\tst\zSmartClient_UnitTest\bin\x64\Debug\net472\zSmartClient_UnitTest.dll" adapterTypeName="executor://mstestadapter/v2" className="SmartClient_UnitTest.VideoOS.RemoteClient.Plugin.GisMap.ThinkGeoMap.Markers.LinkMarker.LinkMarkerTests" name="SupportsRightClick_ShouldBeFalse_WhenInteractionStateIsNotNormal" />
    </UnitTest>
    <UnitTest name="LoginPlugins_ShouldContainOneAccessControlLoginPluginElement_WhenCloseHasBeenPreviouslyCalled" storage="d:\actions-runner\_work\xpco\xpco\sc\components\remoteviewer\smartclient\tst\zsmartclient_unittest\bin\x64\debug\net472\zsmartclient_unittest.dll" id="885e02ef-e416-e860-c427-66861a1cef8a">
      <TestCategory>
        <TestCategoryItem TestCategory="AccessControl.MipPlugins.WorkSpace" />
      </TestCategory>
      <Execution id="00c08d57-c2e4-4255-adb9-9b6c2402e4fb" />
      <TestMethod codeBase="D:\actions-runner\_work\XPCO\XPCO\SC\Components\RemoteViewer\SmartClient\tst\zSmartClient_UnitTest\bin\x64\Debug\net472\zSmartClient_UnitTest.dll" adapterTypeName="executor://mstestadapter/v2" className="SmartClient_UnitTest.VideoOS.RemoteClient.AccessControl.MipPlugins.WorkSpace.AccessControlPluginDefinitionTests" name="LoginPlugins_ShouldContainOneAccessControlLoginPluginElement_WhenCloseHasBeenPreviouslyCalled" />
    </UnitTest>
    <UnitTest name="Load_Save_Success" storage="d:\actions-runner\_work\xpco\xpco\sc\components\remoteviewer\smartclient\tst\zsmartclient_unittest\bin\x64\debug\net472\zsmartclient_unittest.dll" id="47884aeb-7497-b6ff-3c54-8cf7d508053b">
      <TestCategory>
        <TestCategoryItem TestCategory="GisMapMapItem" />
      </TestCategory>
      <Execution id="48f6d9f6-d65a-4b84-94f6-f787db088697" />
      <TestMethod codeBase="D:\actions-runner\_work\XPCO\XPCO\SC\Components\RemoteViewer\SmartClient\tst\zSmartClient_UnitTest\bin\x64\Debug\net472\zSmartClient_UnitTest.dll" adapterTypeName="executor://mstestadapter/v2" className="SmartClient_UnitTest.VideoOS.RemoteClient.GisMap.MapItem.LocationMapItemTests" name="Load_Save_Success" />
    </UnitTest>
    <UnitTest name="TestLoadLevelsAsync_Success" storage="d:\actions-runner\_work\xpco\xpco\sc\components\remoteviewer\smartclient\tst\zsmartclient_unittest\bin\x64\debug\net472\zsmartclient_unittest.dll" id="a1ef0514-5d41-eded-e838-32de99602a54">
      <TestCategory>
        <TestCategoryItem TestCategory="GisMapBuilding" />
      </TestCategory>
      <Execution id="a3edfd0e-8681-4cfc-b93a-daac03d8c54e" />
      <TestMethod codeBase="D:\actions-runner\_work\XPCO\XPCO\SC\Components\RemoteViewer\SmartClient\tst\zSmartClient_UnitTest\bin\x64\Debug\net472\zSmartClient_UnitTest.dll" adapterTypeName="executor://mstestadapter/v2" className="SmartClient_UnitTest.VideoOS.RemoteClient.GisMap.MapBuildingTests" name="TestLoadLevelsAsync_Success" />
    </UnitTest>
    <UnitTest name="AndOrSearchDefinitionToCornerRadiusMultiConverter_CallConvert_SingleAnd" storage="d:\actions-runner\_work\xpco\xpco\sc\components\remoteviewer\smartclient\tst\zsmartclient_unittest\bin\x64\debug\net472\zsmartclient_unittest.dll" id="90f79a7f-93e8-4862-4be1-6691fb292404">
      <TestCategory>
        <TestCategoryItem TestCategory="SearchConverter" />
      </TestCategory>
      <Execution id="1da2ebc7-c651-42f4-bfff-9d04ea5c8acb" />
      <TestMethod codeBase="D:\actions-runner\_work\XPCO\XPCO\SC\Components\RemoteViewer\SmartClient\tst\zSmartClient_UnitTest\bin\x64\Debug\net472\zSmartClient_UnitTest.dll" adapterTypeName="executor://mstestadapter/v2" className="SmartClient_UnitTest.VideoOS.RemoteClient.Plugin.CentralizedSearch.Views.Converters.AndOrSearchDefinitionMultiConverterTests" name="AndOrSearchDefinitionToCornerRadiusMultiConverter_CallConvert_SingleAnd" />
    </UnitTest>
    <UnitTest name="GetUnmutedMicrophoneIconId_ShouldReturnValidUnMutedMicrophoneIconId_WhenValidMutedMicrophoneIconIdIsProvided" storage="d:\actions-runner\_work\xpco\xpco\sc\components\remoteviewer\smartclient\tst\zsmartclient_unittest\bin\x64\debug\net472\zsmartclient_unittest.dll" id="0110325c-27e3-3325-4a17-71d49ff6f036">
      <TestCategory>
        <TestCategoryItem TestCategory="GisMapData.MicrophoneOemResourcesProviderTests" />
      </TestCategory>
      <Execution id="3738864e-6d6d-4e4d-998b-5dbedcdc4141" />
      <TestMethod codeBase="D:\actions-runner\_work\XPCO\XPCO\SC\Components\RemoteViewer\SmartClient\tst\zSmartClient_UnitTest\bin\x64\Debug\net472\zSmartClient_UnitTest.dll" adapterTypeName="executor://mstestadapter/v2" className="SmartClient_UnitTest.VideoOS.RemoteClient.GisMapData.Resources.MicrophoneOemResourcesProviderTests" name="GetUnmutedMicrophoneIconId_ShouldReturnValidUnMutedMicrophoneIconId_WhenValidMutedMicrophoneIconIdIsProvided" />
    </UnitTest>
    <UnitTest name="ComparerSet_NewValue_EventFired" storage="d:\actions-runner\_work\xpco\xpco\sc\components\remoteviewer\smartclient\tst\zsmartclient_unittest\bin\x64\debug\net472\zsmartclient_unittest.dll" id="07465ce7-6373-2a9f-806a-3101b38a9200">
      <TestCategory>
        <TestCategoryItem TestCategory="SearchResultsPreprocessor" />
      </TestCategory>
      <Execution id="c6a97b70-b080-47e3-91e0-8a152bbea39e" />
      <TestMethod codeBase="D:\actions-runner\_work\XPCO\XPCO\SC\Components\RemoteViewer\SmartClient\tst\zSmartClient_UnitTest\bin\x64\Debug\net472\zSmartClient_UnitTest.dll" adapterTypeName="executor://mstestadapter/v2" className="SmartClient_UnitTest.VideoOS.RemoteClient.Plugin.CentralizedSearch.Models.SearchResultsPreprocessorTests" name="ComparerSet_NewValue_EventFired" />
    </UnitTest>
    <UnitTest name="MainWindow_ShouldUpdateDeviceSelectorWindowTopAndLeft_WhenIsLoaded" storage="d:\actions-runner\_work\xpco\xpco\sc\components\remoteviewer\smartclient\tst\zsmartclient_unittest\bin\x64\debug\net472\zsmartclient_unittest.dll" id="4b81b8f4-db20-c853-b41f-b509d6abfb70">
      <TestCategory>
        <TestCategoryItem TestCategory="GisMap.DeviceSelectorWindow" />
      </TestCategory>
      <Execution id="a897f8ed-3f50-477c-9bc8-f0eeff71c9f5" />
      <TestMethod codeBase="D:\actions-runner\_work\XPCO\XPCO\SC\Components\RemoteViewer\SmartClient\tst\zSmartClient_UnitTest\bin\x64\Debug\net472\zSmartClient_UnitTest.dll" adapterTypeName="executor://mstestadapter/v2" className="SmartClient_UnitTest.VideoOS.RemoteClient.Plugin.GisMap.Windows.GisMapSetup.DeviceSelectors.DeviceSelectorWindowTests" name="MainWindow_ShouldUpdateDeviceSelectorWindowTopAndLeft_WhenIsLoaded" />
    </UnitTest>
    <UnitTest name="HandlePermissionDeniedResults_ShouldShowMessageAndToast (5,1)" storage="d:\actions-runner\_work\xpco\xpco\sc\components\remoteviewer\smartclient\tst\zsmartclient_unittest\bin\x64\debug\net472\zsmartclient_unittest.dll" id="157aad73-8765-1a18-20a7-9dff1712428b">
      <TestCategory>
        <TestCategoryItem TestCategory="Managers" />
      </TestCategory>
      <Execution id="34894f6f-87fe-4bea-a997-20889db5313c" />
      <TestMethod codeBase="D:\actions-runner\_work\XPCO\XPCO\SC\Components\RemoteViewer\SmartClient\tst\zSmartClient_UnitTest\bin\x64\Debug\net472\zSmartClient_UnitTest.dll" adapterTypeName="executor://mstestadapter/v2" className="SmartClient_UnitTest.VideoOS.RemoteClient.Application.Managers.ExportResultsNotificationHelperTests" name="HandlePermissionDeniedResults_ShouldShowMessageAndToast" />
    </UnitTest>
    <UnitTest name="TestForAssemblyCoverage" storage="d:\actions-runner\_work\xpco\xpco\sc\components\remoteviewer\smartclient\tst\zsmartclient_unittest\bin\x64\debug\net472\zsmartclient_unittest.dll" id="cb3c2aec-6735-d3a0-5cab-578bcfb4d46d">
      <Execution id="6ea6aec8-6907-416c-b6f9-10fb110c89db" />
      <TestMethod codeBase="D:\actions-runner\_work\XPCO\XPCO\SC\Components\RemoteViewer\SmartClient\tst\zSmartClient_UnitTest\bin\x64\Debug\net472\zSmartClient_UnitTest.dll" adapterTypeName="executor://mstestadapter/v2" className="SmartClient_UnitTest.VideoOS.RemoteClient.Plugin.Carrousel.UnitTest1" name="TestForAssemblyCoverage" />
    </UnitTest>
    <UnitTest name="Constructor_ShouldThrowAnException_WhenWorkroomIsNull" storage="d:\actions-runner\_work\xpco\xpco\sc\components\remoteviewer\smartclient\tst\zsmartclient_unittest\bin\x64\debug\net472\zsmartclient_unittest.dll" id="47224733-ad21-5fec-3afd-19ad43870d88">
      <TestCategory>
        <TestCategoryItem TestCategory="WorkspaceToolbar" />
      </TestCategory>
      <Execution id="28eeb8e9-3745-40a4-8ae9-e49ed40e06d1" />
      <TestMethod codeBase="D:\actions-runner\_work\XPCO\XPCO\SC\Components\RemoteViewer\SmartClient\tst\zSmartClient_UnitTest\bin\x64\Debug\net472\zSmartClient_UnitTest.dll" adapterTypeName="executor://mstestadapter/v2" className="SmartClient_UnitTest.VideoOS.RemoteClient.Application.Data.WorkspaceToolbar.WorkspaceToolbarItemMipPluginTests" name="Constructor_ShouldThrowAnException_WhenWorkroomIsNull" />
    </UnitTest>
    <UnitTest name="Constructor_ShouldAttachOnUpdateMutedMicrophonesRaised_WhenCalled" storage="d:\actions-runner\_work\xpco\xpco\sc\components\remoteviewer\smartclient\tst\zsmartclient_unittest\bin\x64\debug\net472\zsmartclient_unittest.dll" id="fd55daeb-7419-55fa-3178-07b8b00e171d">
      <TestCategory>
        <TestCategoryItem TestCategory="GisMapData.MapLayers" />
      </TestCategory>
      <Execution id="d79f3879-f2fc-4536-9667-b2535605abbd" />
      <TestMethod codeBase="D:\actions-runner\_work\XPCO\XPCO\SC\Components\RemoteViewer\SmartClient\tst\zSmartClient_UnitTest\bin\x64\Debug\net472\zSmartClient_UnitTest.dll" adapterTypeName="executor://mstestadapter/v2" className="SmartClient_UnitTest.VideoOS.RemoteClient.GisMapData.MapLayers.MicrophoneItemsMapLayerTests" name="Constructor_ShouldAttachOnUpdateMutedMicrophonesRaised_WhenCalled" />
    </UnitTest>
    <UnitTest name="Ctor_NullPassedToNotNullParameters_Failure" storage="d:\actions-runner\_work\xpco\xpco\sc\components\remoteviewer\smartclient\tst\zsmartclient_unittest\bin\x64\debug\net472\zsmartclient_unittest.dll" id="ff37e13a-ef96-a965-37b4-7e2b5b7bc7cd">
      <TestCategory>
        <TestCategoryItem TestCategory="Search" />
      </TestCategory>
      <Execution id="ad3f6201-dc44-4432-8536-ba7f2442303c" />
      <TestMethod codeBase="D:\actions-runner\_work\XPCO\XPCO\SC\Components\RemoteViewer\SmartClient\tst\zSmartClient_UnitTest\bin\x64\Debug\net472\zSmartClient_UnitTest.dll" adapterTypeName="executor://mstestadapter/v2" className="SmartClient_UnitTest.VideoOS.RemoteClient.Plugin.CentralizedSearch.MIPPlugin.CompositeSearchDefinitionTests" name="Ctor_NullPassedToNotNullParameters_Failure" />
    </UnitTest>
    <UnitTest name="PatrollingStepViewModel_CreatePatrollingStepViewModel_Success" storage="d:\actions-runner\_work\xpco\xpco\sc\components\remoteviewer\smartclient\tst\zsmartclient_unittest\bin\x64\debug\net472\zsmartclient_unittest.dll" id="a23b4ce6-5a10-4f53-6d78-06dd8b92b431">
      <Execution id="4c771c90-ed60-4df7-bf0a-b61a135e931e" />
      <TestMethod codeBase="D:\actions-runner\_work\XPCO\XPCO\SC\Components\RemoteViewer\SmartClient\tst\zSmartClient_UnitTest\bin\x64\Debug\net472\zSmartClient_UnitTest.dll" adapterTypeName="executor://mstestadapter/v2" className="SmartClient_UnitTest.VideoOS.RemoteClient.Application.UI.PtzPreset.PatrollingViewModel.PatrollingStepViewModelTest" name="PatrollingStepViewModel_CreatePatrollingStepViewModel_Success" />
    </UnitTest>
    <UnitTest name="AddSelectedWindowsToExport_ShouldShowCorrectToastMessages (0,1,1)" storage="d:\actions-runner\_work\xpco\xpco\sc\components\remoteviewer\smartclient\tst\zsmartclient_unittest\bin\x64\debug\net472\zsmartclient_unittest.dll" id="3a7cd1b3-7650-7055-af1d-619a6bb401ba">
      <TestCategory>
        <TestCategoryItem TestCategory="Managers" />
      </TestCategory>
      <Execution id="4cd11e7f-0c50-4d43-9177-afa1541fb345" />
      <TestMethod codeBase="D:\actions-runner\_work\XPCO\XPCO\SC\Components\RemoteViewer\SmartClient\tst\zSmartClient_UnitTest\bin\x64\Debug\net472\zSmartClient_UnitTest.dll" adapterTypeName="executor://mstestadapter/v2" className="SmartClient_UnitTest.VideoOS.RemoteClient.Application.Managers.ExportManagerTests" name="AddSelectedWindowsToExport_ShouldShowCorrectToastMessages" />
    </UnitTest>
    <UnitTest name="PatrollingStepListViewModel_AddStepExecute_NoPreset" storage="d:\actions-runner\_work\xpco\xpco\sc\components\remoteviewer\smartclient\tst\zsmartclient_unittest\bin\x64\debug\net472\zsmartclient_unittest.dll" id="a159b604-532f-6996-d93d-757652430688">
      <Execution id="d5e683bb-b431-4f1d-9a06-48f90a41361d" />
      <TestMethod codeBase="D:\actions-runner\_work\XPCO\XPCO\SC\Components\RemoteViewer\SmartClient\tst\zSmartClient_UnitTest\bin\x64\Debug\net472\zSmartClient_UnitTest.dll" adapterTypeName="executor://mstestadapter/v2" className="SmartClient_UnitTest.VideoOS.RemoteClient.Application.UI.PtzPreset.PatrollingViewModel.PatrollingStepListViewModelTest" name="PatrollingStepListViewModel_AddStepExecute_NoPreset" />
    </UnitTest>
    <UnitTest name="TestUpdateState_NotLoggedIn" storage="d:\actions-runner\_work\xpco\xpco\sc\components\remoteviewer\smartclient\tst\zsmartclient_unittest\bin\x64\debug\net472\zsmartclient_unittest.dll" id="c98d87e1-2599-14ad-dad8-186cb5a68eb4">
      <TestCategory>
        <TestCategoryItem TestCategory="WorkspaceToolbar" />
      </TestCategory>
      <Execution id="5d657fcc-26ea-4e6d-b737-2deec2848e4b" />
      <TestMethod codeBase="D:\actions-runner\_work\XPCO\XPCO\SC\Components\RemoteViewer\SmartClient\tst\zSmartClient_UnitTest\bin\x64\Debug\net472\zSmartClient_UnitTest.dll" adapterTypeName="executor://mstestadapter/v2" className="SmartClient_UnitTest.VideoOS.RemoteClient.Application.Data.WorkspaceToolbar.WorkspaceToolbarItemSmartSearchTests" name="TestUpdateState_NotLoggedIn" />
    </UnitTest>
    <UnitTest name="MainScopeTitleMaxWidthConverter_ProvideValueSuccess" storage="d:\actions-runner\_work\xpco\xpco\sc\components\remoteviewer\smartclient\tst\zsmartclient_unittest\bin\x64\debug\net472\zsmartclient_unittest.dll" id="c3f29bf2-4c11-11c6-eb66-4e32acc46d8c">
      <TestCategory>
        <TestCategoryItem TestCategory="SearchConverter" />
      </TestCategory>
      <Execution id="f5a90471-d37a-48b3-bdf3-45c217252da8" />
      <TestMethod codeBase="D:\actions-runner\_work\XPCO\XPCO\SC\Components\RemoteViewer\SmartClient\tst\zSmartClient_UnitTest\bin\x64\Debug\net472\zSmartClient_UnitTest.dll" adapterTypeName="executor://mstestadapter/v2" className="SmartClient_UnitTest.VideoOS.RemoteClient.Plugin.CentralizedSearch.Views.Converters.MainScopeTitleMaxWidthConverterTests" name="MainScopeTitleMaxWidthConverter_ProvideValueSuccess" />
    </UnitTest>
    <UnitTest name="BoundingBoxPlaybackNoLiveOrPlaybackHandler" storage="d:\actions-runner\_work\xpco\xpco\sc\components\remoteviewer\smartclient\tst\zsmartclient_unittest\bin\x64\debug\net472\zsmartclient_unittest.dll" id="c8bbc1da-c94e-b071-1c1c-4c9621410661">
      <Execution id="44b945e1-bfcb-414f-af19-ea73c60d0bfa" />
      <TestMethod codeBase="D:\actions-runner\_work\XPCO\XPCO\SC\Components\RemoteViewer\SmartClient\tst\zSmartClient_UnitTest\bin\x64\Debug\net472\zSmartClient_UnitTest.dll" adapterTypeName="executor://mstestadapter/v2" className="SmartClient_UnitTest.VideoOS.RemoteClient.Application.Data.Metadata.BoundingBoxes.BoundingBoxProviderTest" name="BoundingBoxPlaybackNoLiveOrPlaybackHandler" />
    </UnitTest>
    <UnitTest name="GetGisMapLayerFlyoutName_ShouldRaiseArgumentNullException_WhenCultureInfoIsNull" storage="d:\actions-runner\_work\xpco\xpco\sc\components\remoteviewer\smartclient\tst\zsmartclient_unittest\bin\x64\debug\net472\zsmartclient_unittest.dll" id="702b2a99-3d22-8fb5-d555-a5570edf1677">
      <TestCategory>
        <TestCategoryItem TestCategory="GisMapData.Controllers.Osm" />
      </TestCategory>
      <Execution id="2d1d1ba3-9642-4842-b5a0-4d5b253328a6" />
      <TestMethod codeBase="D:\actions-runner\_work\XPCO\XPCO\SC\Components\RemoteViewer\SmartClient\tst\zSmartClient_UnitTest\bin\x64\Debug\net472\zSmartClient_UnitTest.dll" adapterTypeName="executor://mstestadapter/v2" className="SmartClient_UnitTest.VideoOS.RemoteClient.GisMapData.Controllers.Osm.GisMapOsmControllerTests" name="GetGisMapLayerFlyoutName_ShouldRaiseArgumentNullException_WhenCultureInfoIsNull" />
    </UnitTest>
    <UnitTest name="HandleGetLayerFeatures_ShouldRaiseArgumentException_WhenNotOutputKind" storage="d:\actions-runner\_work\xpco\xpco\sc\components\remoteviewer\smartclient\tst\zsmartclient_unittest\bin\x64\debug\net472\zsmartclient_unittest.dll" id="873b07ed-167b-fa39-bd63-4c1afd4d93c5">
      <TestCategory>
        <TestCategoryItem TestCategory="GisMapData.Handlers.LayerFeatures" />
      </TestCategory>
      <Execution id="9b8450f6-487d-4883-93dd-b7bdb7a08b8d" />
      <TestMethod codeBase="D:\actions-runner\_work\XPCO\XPCO\SC\Components\RemoteViewer\SmartClient\tst\zSmartClient_UnitTest\bin\x64\Debug\net472\zSmartClient_UnitTest.dll" adapterTypeName="executor://mstestadapter/v2" className="SmartClient_UnitTest.VideoOS.RemoteClient.GisMapData.Handlers.LayerFeatures.OutputLayerFeaturesHandlerTests" name="HandleGetLayerFeatures_ShouldRaiseArgumentException_WhenNotOutputKind" />
    </UnitTest>
    <UnitTest name="Constructor_ShouldRaiseArgumentNullException_WhenNextDeviceDataHandlerIsNull" storage="d:\actions-runner\_work\xpco\xpco\sc\components\remoteviewer\smartclient\tst\zsmartclient_unittest\bin\x64\debug\net472\zsmartclient_unittest.dll" id="88adc3c3-8805-8765-8e54-e11a02ee63c8">
      <TestCategory>
        <TestCategoryItem TestCategory="GisMap.Handlers.Devices.MapItems" />
      </TestCategory>
      <Execution id="f8e63450-172c-46a0-9c56-2a69eb9ea084" />
      <TestMethod codeBase="D:\actions-runner\_work\XPCO\XPCO\SC\Components\RemoteViewer\SmartClient\tst\zSmartClient_UnitTest\bin\x64\Debug\net472\zSmartClient_UnitTest.dll" adapterTypeName="executor://mstestadapter/v2" className="SmartClient_UnitTest.VideoOS.RemoteClient.Plugin.GisMap.Handlers.Devices.MapItems.OutputDataHandlerTests" name="Constructor_ShouldRaiseArgumentNullException_WhenNextDeviceDataHandlerIsNull" />
    </UnitTest>
    <UnitTest name="Command_WithInputValues_PluginInstanceActivateCalled" storage="d:\actions-runner\_work\xpco\xpco\sc\components\remoteviewer\smartclient\tst\zsmartclient_unittest\bin\x64\debug\net472\zsmartclient_unittest.dll" id="2e48f727-377d-16c5-c400-f5ba4ec6882c">
      <TestCategory>
        <TestCategoryItem TestCategory="SearchResultsAction" />
      </TestCategory>
      <Execution id="740d7b16-91a8-435f-91cd-08df83d91322" />
      <TestMethod codeBase="D:\actions-runner\_work\XPCO\XPCO\SC\Components\RemoteViewer\SmartClient\tst\zSmartClient_UnitTest\bin\x64\Debug\net472\zSmartClient_UnitTest.dll" adapterTypeName="executor://mstestadapter/v2" className="SmartClient_UnitTest.VideoOS.RemoteClient.Plugin.CentralizedSearch.ViewModels.SearchResultsActionViewModelTests" name="Command_WithInputValues_PluginInstanceActivateCalled" />
    </UnitTest>
    <UnitTest name="ValidEncryptionStrengthsForExport_ShouldOnlyReturnAes256_WhenLegacyEncryptionNotEnabledInAppConfig" storage="d:\actions-runner\_work\xpco\xpco\sc\components\remoteviewer\smartclient\tst\zsmartclient_unittest\bin\x64\debug\net472\zsmartclient_unittest.dll" id="7303b39e-095c-d519-9482-2df53e696cb0">
      <TestCategory>
        <TestCategoryItem TestCategory="Encryption" />
      </TestCategory>
      <Execution id="aadde4c9-aeb7-4962-b358-f178ad8d6ab8" />
      <TestMethod codeBase="D:\actions-runner\_work\XPCO\XPCO\SC\Components\RemoteViewer\SmartClient\tst\zSmartClient_UnitTest\bin\x64\Debug\net472\zSmartClient_UnitTest.dll" adapterTypeName="executor://mstestadapter/v2" className="SmartClient_UnitTest.VideoOS.RemoteClient.Application.Data.Export.Validation.ValidateEncryptionStrengthTests" name="ValidEncryptionStrengthsForExport_ShouldOnlyReturnAes256_WhenLegacyEncryptionNotEnabledInAppConfig" />
    </UnitTest>
    <UnitTest name="ShouldReturnFalseWhenExtentChangedButWithinPrevious" storage="d:\actions-runner\_work\xpco\xpco\sc\components\remoteviewer\smartclient\tst\zsmartclient_unittest\bin\x64\debug\net472\zsmartclient_unittest.dll" id="9c5832f3-6c80-ca09-af3f-21dab48f2284">
      <TestCategory>
        <TestCategoryItem TestCategory="MipItemsUpdateStrategy" />
      </TestCategory>
      <Execution id="3e4a53b6-4912-42f0-b9d2-46d7db28e1cb" />
      <TestMethod codeBase="D:\actions-runner\_work\XPCO\XPCO\SC\Components\RemoteViewer\SmartClient\tst\zSmartClient_UnitTest\bin\x64\Debug\net472\zSmartClient_UnitTest.dll" adapterTypeName="executor://mstestadapter/v2" className="SmartClient_UnitTest.VideoOS.RemoteClient.Plugin.GisMap.MIP.MipItemsUpdateStrategyTests" name="ShouldReturnFalseWhenExtentChangedButWithinPrevious" />
    </UnitTest>
    <UnitTest name="BuildEvidenceCreatedProperties_ShouldReturnCorrectValues (some headline,some description,03:00:00,Days,1.22:00:00,0,True,True,03:00:00,Days,1.22:00:00,0)" storage="d:\actions-runner\_work\xpco\xpco\sc\components\remoteviewer\smartclient\tst\zsmartclient_unittest\bin\x64\debug\net472\zsmartclient_unittest.dll" id="c38b7f29-0890-e425-1d35-d7b906d89816">
      <Execution id="bea9ccb9-6cee-4045-92a3-225c3219dd81" />
      <TestMethod codeBase="D:\actions-runner\_work\XPCO\XPCO\SC\Components\RemoteViewer\SmartClient\tst\zSmartClient_UnitTest\bin\x64\Debug\net472\zSmartClient_UnitTest.dll" adapterTypeName="executor://mstestadapter/v2" className="SmartClient_UnitTest.VideoOS.RemoteClient.Application.Common.Telemetry.TelemetryBuilderTests" name="BuildEvidenceCreatedProperties_ShouldReturnCorrectValues" />
    </UnitTest>
    <UnitTest name="LoadBuilding_DefaultLevel_Selected" storage="d:\actions-runner\_work\xpco\xpco\sc\components\remoteviewer\smartclient\tst\zsmartclient_unittest\bin\x64\debug\net472\zsmartclient_unittest.dll" id="efa5f5d5-e246-d31e-90ae-ee25a83e9147">
      <TestCategory>
        <TestCategoryItem TestCategory="GisMapBuilding" />
      </TestCategory>
      <Execution id="a801fbd1-399a-487a-a383-1a994c9d1242" />
      <TestMethod codeBase="D:\actions-runner\_work\XPCO\XPCO\SC\Components\RemoteViewer\SmartClient\tst\zSmartClient_UnitTest\bin\x64\Debug\net472\zSmartClient_UnitTest.dll" adapterTypeName="executor://mstestadapter/v2" className="SmartClient_UnitTest.VideoOS.RemoteClient.GisMap.MapBuildingTests" name="LoadBuilding_DefaultLevel_Selected" />
    </UnitTest>
    <UnitTest name="AddClientId_WhereClientIsValid_ReturnsGoogleMapsUrl" storage="d:\actions-runner\_work\xpco\xpco\sc\components\remoteviewer\smartclient\tst\zsmartclient_unittest\bin\x64\debug\net472\zsmartclient_unittest.dll" id="96b04f8c-f777-c014-a499-dfe98011948d">
      <Execution id="0d94d686-faf1-4937-92aa-698a9ddfd87b" />
      <TestMethod codeBase="D:\actions-runner\_work\XPCO\XPCO\SC\Components\RemoteViewer\SmartClient\tst\zSmartClient_UnitTest\bin\x64\Debug\net472\zSmartClient_UnitTest.dll" adapterTypeName="executor://mstestadapter/v2" className="SmartClient_UnitTest.VideoOS.RemoteClient.Plugin.GisMap.Utilities.GoogleApiUrlTest" name="AddClientId_WhereClientIsValid_ReturnsGoogleMapsUrl" />
    </UnitTest>
    <UnitTest name="SidePanelToggleButtonIsVisible_DependingOnConditions (Normal,True,True,False)" storage="d:\actions-runner\_work\xpco\xpco\sc\components\remoteviewer\smartclient\tst\zsmartclient_unittest\bin\x64\debug\net472\zsmartclient_unittest.dll" id="b252d43e-f2d3-2b51-45af-2db3de66090b">
      <TestCategory>
        <TestCategoryItem TestCategory="WorkspaceToolbar" />
      </TestCategory>
      <Execution id="275bd11f-f1d4-449d-b163-04ba89be8e70" />
      <TestMethod codeBase="D:\actions-runner\_work\XPCO\XPCO\SC\Components\RemoteViewer\SmartClient\tst\zSmartClient_UnitTest\bin\x64\Debug\net472\zSmartClient_UnitTest.dll" adapterTypeName="executor://mstestadapter/v2" className="SmartClient_UnitTest.VideoOS.RemoteClient.Application.UI.Content.WorkspaceToolbar.WorkspaceToolbarViewModelTests" name="SidePanelToggleButtonIsVisible_DependingOnConditions" />
    </UnitTest>
    <UnitTest name="GetSearchReportDialog_SelectedSearchResults_MultiResults_Success" storage="d:\actions-runner\_work\xpco\xpco\sc\components\remoteviewer\smartclient\tst\zsmartclient_unittest\bin\x64\debug\net472\zsmartclient_unittest.dll" id="76aaeca3-fba5-a4e3-743c-70ebeb58a048">
      <TestCategory>
        <TestCategoryItem TestCategory="Search" />
      </TestCategory>
      <Execution id="4eee92c0-11d3-4fb7-b2b0-10a4957b237a" />
      <TestMethod codeBase="D:\actions-runner\_work\XPCO\XPCO\SC\Components\RemoteViewer\SmartClient\tst\zSmartClient_UnitTest\bin\x64\Debug\net472\zSmartClient_UnitTest.dll" adapterTypeName="executor://mstestadapter/v2" className="SmartClient_UnitTest.VideoOS.RemoteClient.Plugin.CentralizedSearch.ViewModels.Utility.SearchReportHandlerTests" name="GetSearchReportDialog_SelectedSearchResults_MultiResults_Success" />
    </UnitTest>
    <UnitTest name="CameraListCleared_ShouldRemoveAnyPendingSearches" storage="d:\actions-runner\_work\xpco\xpco\sc\components\remoteviewer\smartclient\tst\zsmartclient_unittest\bin\x64\debug\net472\zsmartclient_unittest.dll" id="47525e4b-96e7-dfdf-5445-9a26f7449bd8">
      <TestCategory>
        <TestCategoryItem TestCategory="SearchModels" />
      </TestCategory>
      <Execution id="bf15a5da-c6d5-422a-922c-1b6339b322d4" />
      <TestMethod codeBase="D:\actions-runner\_work\XPCO\XPCO\SC\Components\RemoteViewer\SmartClient\tst\zSmartClient_UnitTest\bin\x64\Debug\net472\zSmartClient_UnitTest.dll" adapterTypeName="executor://mstestadapter/v2" className="SmartClient_UnitTest.VideoOS.RemoteClient.Plugin.CentralizedSearch.Models.SearchModelTests" name="CameraListCleared_ShouldRemoveAnyPendingSearches" />
    </UnitTest>
    <UnitTest name="SmartMapSelectItemHandler_WhenDataIsValid_ShouldCallNavigateAndSelect" storage="d:\actions-runner\_work\xpco\xpco\sc\components\remoteviewer\smartclient\tst\zsmartclient_unittest\bin\x64\debug\net472\zsmartclient_unittest.dll" id="8019e7cd-2b2b-285d-fe92-717617455fd4">
      <Execution id="6c0570a9-74fe-4ef5-8a25-da6710389653" />
      <TestMethod codeBase="D:\actions-runner\_work\XPCO\XPCO\SC\Components\RemoteViewer\SmartClient\tst\zSmartClient_UnitTest\bin\x64\Debug\net472\zSmartClient_UnitTest.dll" adapterTypeName="executor://mstestadapter/v2" className="SmartClient_UnitTest.VideoOS.RemoteClient.Plugin.GisMap.MIP.ContentHolderMipMessageManagerTests" name="SmartMapSelectItemHandler_WhenDataIsValid_ShouldCallNavigateAndSelect" />
    </UnitTest>
    <UnitTest name="UpdateSearchAttributes_MultipleFiltersWithValues_Added" storage="d:\actions-runner\_work\xpco\xpco\sc\components\remoteviewer\smartclient\tst\zsmartclient_unittest\bin\x64\debug\net472\zsmartclient_unittest.dll" id="3073894f-f138-694b-5154-436b92ff7cb8">
      <TestCategory>
        <TestCategoryItem TestCategory="Search" />
      </TestCategory>
      <Execution id="e6e42da3-a69c-405e-9465-95f25201b409" />
      <TestMethod codeBase="D:\actions-runner\_work\XPCO\XPCO\SC\Components\RemoteViewer\SmartClient\tst\zSmartClient_UnitTest\bin\x64\Debug\net472\zSmartClient_UnitTest.dll" adapterTypeName="executor://mstestadapter/v2" className="SmartClient_UnitTest.VideoOS.RemoteClient.Plugin.CentralizedSearch.ViewModels.SearchDefinitionViewModelTests" name="UpdateSearchAttributes_MultipleFiltersWithValues_Added" />
    </UnitTest>
    <UnitTest name="GetItemsIn_BuildingNoLevels_EdgeItem" storage="d:\actions-runner\_work\xpco\xpco\sc\components\remoteviewer\smartclient\tst\zsmartclient_unittest\bin\x64\debug\net472\zsmartclient_unittest.dll" id="d0c51da7-1dd7-d068-f152-d898ea188859">
      <TestCategory>
        <TestCategoryItem TestCategory="GisMapIndex" />
      </TestCategory>
      <Execution id="ab15e7a4-a1b2-4c35-b29f-39eb10f97d5d" />
      <TestMethod codeBase="D:\actions-runner\_work\XPCO\XPCO\SC\Components\RemoteViewer\SmartClient\tst\zSmartClient_UnitTest\bin\x64\Debug\net472\zSmartClient_UnitTest.dll" adapterTypeName="executor://mstestadapter/v2" className="SmartClient_UnitTest.VideoOS.RemoteClient.GisMapData.Common.Indexer.BuildingsAwareIndexerTests" name="GetItemsIn_BuildingNoLevels_EdgeItem" />
    </UnitTest>
    <UnitTest name="Connect_SucceedeInConnectingWithWindowsUser_ShouldReturnTrue" storage="d:\actions-runner\_work\xpco\xpco\sc\components\remoteviewer\smartclient\tst\zsmartclient_unittest\bin\x64\debug\net472\zsmartclient_unittest.dll" id="6ebc1c3a-7886-6ea1-878f-b64af57e9527">
      <Execution id="996e9dea-a796-4a60-a6fb-7e588feeeea9" />
      <TestMethod codeBase="D:\actions-runner\_work\XPCO\XPCO\SC\Components\RemoteViewer\SmartClient\tst\zSmartClient_UnitTest\bin\x64\Debug\net472\zSmartClient_UnitTest.dll" adapterTypeName="executor://mstestadapter/v2" className="VideoOS.Shared.ServerAPI.VMOViewerClientFacade.UnitTest.VMOViewerClientFacadeTests" name="Connect_SucceedeInConnectingWithWindowsUser_ShouldReturnTrue" />
    </UnitTest>
    <UnitTest name="TimeToStringConverter_ConvertBack_Fail" storage="d:\actions-runner\_work\xpco\xpco\sc\components\remoteviewer\smartclient\tst\zsmartclient_unittest\bin\x64\debug\net472\zsmartclient_unittest.dll" id="b56ba348-15c5-c13d-2c63-319be0707c78">
      <TestCategory>
        <TestCategoryItem TestCategory="SearchConverter" />
      </TestCategory>
      <Execution id="5544439d-1149-4577-bb3d-d9c50c3e11cc" />
      <TestMethod codeBase="D:\actions-runner\_work\XPCO\XPCO\SC\Components\RemoteViewer\SmartClient\tst\zSmartClient_UnitTest\bin\x64\Debug\net472\zSmartClient_UnitTest.dll" adapterTypeName="executor://mstestadapter/v2" className="SmartClient_UnitTest.VideoOS.RemoteClient.Plugin.CentralizedSearch.Views.Converters.TimeToStringConverterTests" name="TimeToStringConverter_ConvertBack_Fail" />
    </UnitTest>
    <UnitTest name="Disable_WhenInvoked_ThenAlarmsDisabledAndNoSubscribers" storage="d:\actions-runner\_work\xpco\xpco\sc\components\remoteviewer\smartclient\tst\zsmartclient_unittest\bin\x64\debug\net472\zsmartclient_unittest.dll" id="1b5117b5-2de0-24e5-94e2-f368e4d15b39">
      <Execution id="2a04801f-4543-44d6-b84f-2bef5ba5b8ef" />
      <TestMethod codeBase="D:\actions-runner\_work\XPCO\XPCO\SC\Components\RemoteViewer\SmartClient\tst\zSmartClient_UnitTest\bin\x64\Debug\net472\zSmartClient_UnitTest.dll" adapterTypeName="executor://mstestadapter/v2" className="SmartClient_UnitTest.VideoOS.RemoteClient.GisMapData.MapLayers.LayerAlarmNotificationTest" name="Disable_WhenInvoked_ThenAlarmsDisabledAndNoSubscribers" />
    </UnitTest>
    <UnitTest name="LeftButtonUpEvent_ShouldDeselectMapItems_WhenInteractionStateIsAddNewDeviceState" storage="d:\actions-runner\_work\xpco\xpco\sc\components\remoteviewer\smartclient\tst\zsmartclient_unittest\bin\x64\debug\net472\zsmartclient_unittest.dll" id="aae708ca-94a3-f452-ba7c-adc8143fc2ae">
      <TestCategory>
        <TestCategoryItem TestCategory="GisMap.MapControl" />
      </TestCategory>
      <Execution id="5fc3f27c-2c6a-42ed-b7b1-9ad44c631313" />
      <TestMethod codeBase="D:\actions-runner\_work\XPCO\XPCO\SC\Components\RemoteViewer\SmartClient\tst\zSmartClient_UnitTest\bin\x64\Debug\net472\zSmartClient_UnitTest.dll" adapterTypeName="executor://mstestadapter/v2" className="SmartClient_UnitTest.VideoOS.RemoteClient.Plugin.GisMap.ThinkGeoMap.ThinkGeoMapControlTests" name="LeftButtonUpEvent_ShouldDeselectMapItems_WhenInteractionStateIsAddNewDeviceState" />
    </UnitTest>
    <UnitTest name="PatrollingProfileListViewModel_DeleteProfileExecute" storage="d:\actions-runner\_work\xpco\xpco\sc\components\remoteviewer\smartclient\tst\zsmartclient_unittest\bin\x64\debug\net472\zsmartclient_unittest.dll" id="a2ceebde-d242-3694-fb90-e4ca65781850">
      <Execution id="eb87a548-dd14-4585-b583-130b0502d83a" />
      <TestMethod codeBase="D:\actions-runner\_work\XPCO\XPCO\SC\Components\RemoteViewer\SmartClient\tst\zSmartClient_UnitTest\bin\x64\Debug\net472\zSmartClient_UnitTest.dll" adapterTypeName="executor://mstestadapter/v2" className="SmartClient_UnitTest.VideoOS.RemoteClient.Application.UI.PtzPreset.PatrollingViewModel.PatrollingProfileListViewModelTest" name="PatrollingProfileListViewModel_DeleteProfileExecute" />
    </UnitTest>
    <UnitTest name="TestHasCapapability_GreaterThan_Success" storage="d:\actions-runner\_work\xpco\xpco\sc\components\remoteviewer\smartclient\tst\zsmartclient_unittest\bin\x64\debug\net472\zsmartclient_unittest.dll" id="a29ab1db-8305-8d4c-4b34-cf235b407b90">
      <Execution id="3e65ac9e-5da9-44fa-aab9-c78426b9c388" />
      <TestMethod codeBase="D:\actions-runner\_work\XPCO\XPCO\SC\Components\RemoteViewer\SmartClient\tst\zSmartClient_UnitTest\bin\x64\Debug\net472\zSmartClient_UnitTest.dll" adapterTypeName="executor://mstestadapter/v2" className="SmartClient_UnitTest.VideoOS.RemoteClient.GisMapData.Common.GisMapServerCapabilitiesTest" name="TestHasCapapability_GreaterThan_Success" />
    </UnitTest>
    <UnitTest name="TestKeepInMemory_WithAttachedView_Success" storage="d:\actions-runner\_work\xpco\xpco\sc\components\remoteviewer\smartclient\tst\zsmartclient_unittest\bin\x64\debug\net472\zsmartclient_unittest.dll" id="188f8c25-7b8a-3022-0d47-4b40a28cebbb">
      <Execution id="f21b4ca9-a93c-4d3d-a789-58b3cee9a2b2" />
      <TestMethod codeBase="D:\actions-runner\_work\XPCO\XPCO\SC\Components\RemoteViewer\SmartClient\tst\zSmartClient_UnitTest\bin\x64\Debug\net472\zSmartClient_UnitTest.dll" adapterTypeName="executor://mstestadapter/v2" className="SmartClient_UnitTest.VideoOS.RemoteClient.Application.Controllers.WorkSpace.WorkSpaceItemTest" name="TestKeepInMemory_WithAttachedView_Success" />
    </UnitTest>
    <UnitTest name="SearchResultContainerView_OnItemActivated_AnimationDisabled_DetailsViewAddedToDetailsViewControl" storage="d:\actions-runner\_work\xpco\xpco\sc\components\remoteviewer\smartclient\tst\zsmartclient_unittest\bin\x64\debug\net472\zsmartclient_unittest.dll" id="c49afcd7-de27-7990-5754-d54f7b7c14ac">
      <TestCategory>
        <TestCategoryItem TestCategory="SearchViews" />
      </TestCategory>
      <Execution id="c35cb08d-0d8b-4287-ad06-c29959a52f70" />
      <TestMethod codeBase="D:\actions-runner\_work\XPCO\XPCO\SC\Components\RemoteViewer\SmartClient\tst\zSmartClient_UnitTest\bin\x64\Debug\net472\zSmartClient_UnitTest.dll" adapterTypeName="executor://mstestadapter/v2" className="SmartClient_UnitTest.VideoOS.RemoteClient.Plugin.CentralizedSearch.Views.SearchResultsViewTests" name="SearchResultContainerView_OnItemActivated_AnimationDisabled_DetailsViewAddedToDetailsViewControl" />
    </UnitTest>
    <UnitTest name="UserHasReadPublicSearchPermission_HasReadPermission_ReturnsTrue" storage="d:\actions-runner\_work\xpco\xpco\sc\components\remoteviewer\smartclient\tst\zsmartclient_unittest\bin\x64\debug\net472\zsmartclient_unittest.dll" id="a97eb8e2-cea3-70dd-d5ee-19b9b7f4e4bf">
      <TestCategory>
        <TestCategoryItem TestCategory="SearchTemplates" />
      </TestCategory>
      <Execution id="9af3157c-f04a-4357-add4-73cd702294f5" />
      <TestMethod codeBase="D:\actions-runner\_work\XPCO\XPCO\SC\Components\RemoteViewer\SmartClient\tst\zSmartClient_UnitTest\bin\x64\Debug\net472\zSmartClient_UnitTest.dll" adapterTypeName="executor://mstestadapter/v2" className="SmartClient_UnitTest.VideoOS.RemoteClient.Plugin.CentralizedSearch.SearchTemplates.SearchTemplateManagerTests" name="UserHasReadPublicSearchPermission_HasReadPermission_ReturnsTrue" />
    </UnitTest>
    <UnitTest name="PointMapItem_OutputWithNoShortName_Success" storage="d:\actions-runner\_work\xpco\xpco\sc\components\remoteviewer\smartclient\tst\zsmartclient_unittest\bin\x64\debug\net472\zsmartclient_unittest.dll" id="4aba77ec-b883-b9a3-2441-be573e48795b">
      <TestCategory>
        <TestCategoryItem TestCategory="GisMapData.MapItem.Outputs" />
      </TestCategory>
      <Execution id="050d8722-0962-4a9c-8a88-071462fcd3de" />
      <TestMethod codeBase="D:\actions-runner\_work\XPCO\XPCO\SC\Components\RemoteViewer\SmartClient\tst\zSmartClient_UnitTest\bin\x64\Debug\net472\zSmartClient_UnitTest.dll" adapterTypeName="executor://mstestadapter/v2" className="SmartClient_UnitTest.VideoOS.RemoteClient.GisMapData.MapItem.Outputs.OutputMapItemTests" name="PointMapItem_OutputWithNoShortName_Success" />
    </UnitTest>
    <UnitTest name="Constructor_ShouldRaiseArgumentNullException_WhenWorkroomIsNull" storage="d:\actions-runner\_work\xpco\xpco\sc\components\remoteviewer\smartclient\tst\zsmartclient_unittest\bin\x64\debug\net472\zsmartclient_unittest.dll" id="cf2bce97-0784-515c-e2f5-b39bb123cf9f">
      <TestCategory>
        <TestCategoryItem TestCategory="GisMap.GisMapViewModel" />
      </TestCategory>
      <Execution id="ebd78c5c-cab3-4219-b5f0-409d89b63c34" />
      <TestMethod codeBase="D:\actions-runner\_work\XPCO\XPCO\SC\Components\RemoteViewer\SmartClient\tst\zSmartClient_UnitTest\bin\x64\Debug\net472\zSmartClient_UnitTest.dll" adapterTypeName="executor://mstestadapter/v2" className="SmartClient_UnitTest.VideoOS.RemoteClient.Plugin.GisMap.ViewModels.GisMapViewModelTests" name="Constructor_ShouldRaiseArgumentNullException_WhenWorkroomIsNull" />
    </UnitTest>
    <UnitTest name="DeleteSearchTemplateAsync_ThrowCommunicationMIPException_Success" storage="d:\actions-runner\_work\xpco\xpco\sc\components\remoteviewer\smartclient\tst\zsmartclient_unittest\bin\x64\debug\net472\zsmartclient_unittest.dll" id="b6cb2108-bdbd-409f-1317-853c26dc4a4e">
      <TestCategory>
        <TestCategoryItem TestCategory="SearchTemplatesService" />
      </TestCategory>
      <Execution id="cb20dd3f-6f78-406e-9bee-cde05ed6b67a" />
      <TestMethod codeBase="D:\actions-runner\_work\XPCO\XPCO\SC\Components\RemoteViewer\SmartClient\tst\zSmartClient_UnitTest\bin\x64\Debug\net472\zSmartClient_UnitTest.dll" adapterTypeName="executor://mstestadapter/v2" className="SmartClient_UnitTest.VideoOS.RemoteClient.Plugin.CentralizedSearch.SearchTemplates.Service.SearchTemplateServiceTests" name="DeleteSearchTemplateAsync_ThrowCommunicationMIPException_Success" />
    </UnitTest>
    <UnitTest name="Constructor_ShouldRaiseArgumentNullException_WhenNextDeviceDataHandlerIsNull" storage="d:\actions-runner\_work\xpco\xpco\sc\components\remoteviewer\smartclient\tst\zsmartclient_unittest\bin\x64\debug\net472\zsmartclient_unittest.dll" id="b3f5f35c-92f5-1335-49e4-d72ffb56774b">
      <TestCategory>
        <TestCategoryItem TestCategory="GisMap.Handlers.Devices.MapItems" />
      </TestCategory>
      <Execution id="ce7ab9d2-3b11-40ed-818b-8523ccc68128" />
      <TestMethod codeBase="D:\actions-runner\_work\XPCO\XPCO\SC\Components\RemoteViewer\SmartClient\tst\zSmartClient_UnitTest\bin\x64\Debug\net472\zSmartClient_UnitTest.dll" adapterTypeName="executor://mstestadapter/v2" className="SmartClient_UnitTest.VideoOS.RemoteClient.Plugin.GisMap.Handlers.Devices.MapItems.MicrophoneDataHandlerTests" name="Constructor_ShouldRaiseArgumentNullException_WhenNextDeviceDataHandlerIsNull" />
    </UnitTest>
    <UnitTest name="Loaded_NoActionBarPlugins_NoActionButtonsPresent" storage="d:\actions-runner\_work\xpco\xpco\sc\components\remoteviewer\smartclient\tst\zsmartclient_unittest\bin\x64\debug\net472\zsmartclient_unittest.dll" id="18d974d6-a642-8807-34d7-9a9c256df013">
      <TestCategory>
        <TestCategoryItem TestCategory="SearchViews" />
      </TestCategory>
      <Execution id="48269178-d56e-48ab-9385-5f0376635a8e" />
      <TestMethod codeBase="D:\actions-runner\_work\XPCO\XPCO\SC\Components\RemoteViewer\SmartClient\tst\zSmartClient_UnitTest\bin\x64\Debug\net472\zSmartClient_UnitTest.dll" adapterTypeName="executor://mstestadapter/v2" className="SmartClient_UnitTest.VideoOS.RemoteClient.Plugin.CentralizedSearch.Views.SearchResultActionBarViewTests" name="Loaded_NoActionBarPlugins_NoActionButtonsPresent" />
    </UnitTest>
    <UnitTest name="Constructor_ShouldRaiseArgumentNullException_WhenCursorIsNull" storage="d:\actions-runner\_work\xpco\xpco\sc\components\remoteviewer\smartclient\tst\zsmartclient_unittest\bin\x64\debug\net472\zsmartclient_unittest.dll" id="f4957e0d-8b3e-6f39-d235-00a44690d337">
      <Execution id="1c21da73-b4d3-4533-983d-ada858b00c5a" />
      <TestMethod codeBase="D:\actions-runner\_work\XPCO\XPCO\SC\Components\RemoteViewer\SmartClient\tst\zSmartClient_UnitTest\bin\x64\Debug\net472\zSmartClient_UnitTest.dll" adapterTypeName="executor://mstestadapter/v2" className="SmartClient_UnitTest.VideoOS.RemoteClient.Application.Data.ContentTypes.DevicesContentType.SelectCameraControlTests" name="Constructor_ShouldRaiseArgumentNullException_WhenCursorIsNull" />
    </UnitTest>
    <UnitTest name="BuildMapOptions_ShouldHandleSecretStringOptionsCorrectly (GisMapBingMapKey,,False)" storage="d:\actions-runner\_work\xpco\xpco\sc\components\remoteviewer\smartclient\tst\zsmartclient_unittest\bin\x64\debug\net472\zsmartclient_unittest.dll" id="44e92a95-de94-fe77-bf6a-bab8a099b9c8">
      <Execution id="4f65c6f9-3f53-42da-95fc-2f60e9b272fb" />
      <TestMethod codeBase="D:\actions-runner\_work\XPCO\XPCO\SC\Components\RemoteViewer\SmartClient\tst\zSmartClient_UnitTest\bin\x64\Debug\net472\zSmartClient_UnitTest.dll" adapterTypeName="executor://mstestadapter/v2" className="SmartClient_UnitTest.VideoOS.RemoteClient.Application.Common.Telemetry.TelemetryBuilderTests" name="BuildMapOptions_ShouldHandleSecretStringOptionsCorrectly" />
    </UnitTest>
    <UnitTest name="GetLayerFeatures_ShouldReturnInputLayerFeatures_WhenMicrophoneKind" storage="d:\actions-runner\_work\xpco\xpco\sc\components\remoteviewer\smartclient\tst\zsmartclient_unittest\bin\x64\debug\net472\zsmartclient_unittest.dll" id="7f46d23c-5d7c-d0cd-6885-7066d3b47889">
      <TestCategory>
        <TestCategoryItem TestCategory="GisMapData.Controllers.LayerFeatures" />
      </TestCategory>
      <Execution id="756c6f56-f48d-405a-ace9-fa53394284ff" />
      <TestMethod codeBase="D:\actions-runner\_work\XPCO\XPCO\SC\Components\RemoteViewer\SmartClient\tst\zSmartClient_UnitTest\bin\x64\Debug\net472\zSmartClient_UnitTest.dll" adapterTypeName="executor://mstestadapter/v2" className="SmartClient_UnitTest.VideoOS.RemoteClient.GisMapData.Controllers.LayerFeatures.LayerFeaturesControllerTests" name="GetLayerFeatures_ShouldReturnInputLayerFeatures_WhenMicrophoneKind" />
    </UnitTest>
    <UnitTest name="PopulateTooltip_SingleResultsFromManyCameras24Hours_ValidText" storage="d:\actions-runner\_work\xpco\xpco\sc\components\remoteviewer\smartclient\tst\zsmartclient_unittest\bin\x64\debug\net472\zsmartclient_unittest.dll" id="ab584460-bac9-0990-0924-68a8db1e4a1e">
      <TestCategory>
        <TestCategoryItem TestCategory="SearchControls" />
      </TestCategory>
      <Execution id="1b7767ab-4d38-4d34-8be5-be35d17585ed" />
      <TestMethod codeBase="D:\actions-runner\_work\XPCO\XPCO\SC\Components\RemoteViewer\SmartClient\tst\zSmartClient_UnitTest\bin\x64\Debug\net472\zSmartClient_UnitTest.dll" adapterTypeName="executor://mstestadapter/v2" className="SmartClient_UnitTest.VideoOS.RemoteClient.Plugin.CentralizedSearch.Views.Controls.TimelineRuler.TimelineRulerControlTests" name="PopulateTooltip_SingleResultsFromManyCameras24Hours_ValidText" />
    </UnitTest>
    <UnitTest name="Optics enabled, forced" storage="d:\actions-runner\_work\xpco\xpco\sc\components\remoteviewer\smartclient\tst\zsmartclient_unittest\bin\x64\debug\net472\zsmartclient_unittest.dll" id="fb14c4a0-3abe-1800-58f2-38754bcd2463">
      <TestCategory>
        <TestCategoryItem TestCategory="Export" />
      </TestCategory>
      <Execution id="4e2c33fc-4e1f-417a-b5b7-5758140211c1" />
      <TestMethod codeBase="D:\actions-runner\_work\XPCO\XPCO\SC\Components\RemoteViewer\SmartClient\tst\zSmartClient_UnitTest\bin\x64\Debug\net472\zSmartClient_UnitTest.dll" adapterTypeName="executor://mstestadapter/v2" className="SmartClient_UnitTest.VideoOS.RemoteClient.Plugin.Export.CreateExportDialogViewModelTests" name="CreateExportDialog_ExportDestinationPreSelected_BasedOnOptions" />
    </UnitTest>
    <UnitTest name="Command_PluginInstanceActivateCalled" storage="d:\actions-runner\_work\xpco\xpco\sc\components\remoteviewer\smartclient\tst\zsmartclient_unittest\bin\x64\debug\net472\zsmartclient_unittest.dll" id="f68d42a3-acec-6b53-6243-cbfed90e3b19">
      <TestCategory>
        <TestCategoryItem TestCategory="SearchResultsAction" />
      </TestCategory>
      <Execution id="fcbcb96d-cd48-4323-87f3-ca08cb2df289" />
      <TestMethod codeBase="D:\actions-runner\_work\XPCO\XPCO\SC\Components\RemoteViewer\SmartClient\tst\zSmartClient_UnitTest\bin\x64\Debug\net472\zSmartClient_UnitTest.dll" adapterTypeName="executor://mstestadapter/v2" className="SmartClient_UnitTest.VideoOS.RemoteClient.Plugin.CentralizedSearch.ViewModels.SearchResultsActionViewModelTests" name="Command_PluginInstanceActivateCalled" />
    </UnitTest>
    <UnitTest name="AddSelectedWindowsToExport_ShouldShowCorrectToastMessages (1,1,1)" storage="d:\actions-runner\_work\xpco\xpco\sc\components\remoteviewer\smartclient\tst\zsmartclient_unittest\bin\x64\debug\net472\zsmartclient_unittest.dll" id="e02372be-e433-9cbf-ee9f-b1ebff6c1698">
      <TestCategory>
        <TestCategoryItem TestCategory="Managers" />
      </TestCategory>
      <Execution id="448873b3-87aa-45ab-a36e-ff6c28b90548" />
      <TestMethod codeBase="D:\actions-runner\_work\XPCO\XPCO\SC\Components\RemoteViewer\SmartClient\tst\zSmartClient_UnitTest\bin\x64\Debug\net472\zSmartClient_UnitTest.dll" adapterTypeName="executor://mstestadapter/v2" className="SmartClient_UnitTest.VideoOS.RemoteClient.Application.Managers.ExportManagerTests" name="AddSelectedWindowsToExport_ShouldShowCorrectToastMessages" />
    </UnitTest>
    <UnitTest name="Dispose_WhenWaitingToPerformAction_CancelsAction" storage="d:\actions-runner\_work\xpco\xpco\sc\components\remoteviewer\smartclient\tst\zsmartclient_unittest\bin\x64\debug\net472\zsmartclient_unittest.dll" id="58baf932-aaa1-22e9-3f8a-ec584346b657">
      <TestCategory>
        <TestCategoryItem TestCategory="UI.Facilitators" />
      </TestCategory>
      <Execution id="f5f93c96-6367-423b-9150-a88e56a05003" />
      <TestMethod codeBase="D:\actions-runner\_work\XPCO\XPCO\SC\Components\RemoteViewer\SmartClient\tst\zSmartClient_UnitTest\bin\x64\Debug\net472\zSmartClient_UnitTest.dll" adapterTypeName="executor://mstestadapter/v2" className="SmartClient_UnitTest.VideoOS.UI.Common.EventDrivenBufferWithDelayTests" name="Dispose_WhenWaitingToPerformAction_CancelsAction" />
    </UnitTest>
    <UnitTest name="Deserialize_ToTimeOnly_Success" storage="d:\actions-runner\_work\xpco\xpco\sc\components\remoteviewer\smartclient\tst\zsmartclient_unittest\bin\x64\debug\net472\zsmartclient_unittest.dll" id="91badbed-8323-8970-07a3-e3c2481d7a72">
      <TestCategory>
        <TestCategoryItem TestCategory="SearchSerialization" />
      </TestCategory>
      <Execution id="50940375-ae6c-4641-be17-93b13ff3d8c2" />
      <TestMethod codeBase="D:\actions-runner\_work\XPCO\XPCO\SC\Components\RemoteViewer\SmartClient\tst\zSmartClient_UnitTest\bin\x64\Debug\net472\zSmartClient_UnitTest.dll" adapterTypeName="executor://mstestadapter/v2" className="SmartClient_UnitTest.VideoOS.RemoteClient.Plugin.CentralizedSearch.Models.Serialization.SearchSerializerTests" name="Deserialize_ToTimeOnly_Success" />
    </UnitTest>
    <UnitTest name="SearchDefinitionCountSet_NewValue_EventFired" storage="d:\actions-runner\_work\xpco\xpco\sc\components\remoteviewer\smartclient\tst\zsmartclient_unittest\bin\x64\debug\net472\zsmartclient_unittest.dll" id="84d3c143-14c2-3de5-71ff-f8eed6db60b1">
      <TestCategory>
        <TestCategoryItem TestCategory="SearchResultsPreprocessor" />
      </TestCategory>
      <Execution id="6e36297b-0443-4b0c-a870-aedde81a2e5d" />
      <TestMethod codeBase="D:\actions-runner\_work\XPCO\XPCO\SC\Components\RemoteViewer\SmartClient\tst\zSmartClient_UnitTest\bin\x64\Debug\net472\zSmartClient_UnitTest.dll" adapterTypeName="executor://mstestadapter/v2" className="SmartClient_UnitTest.VideoOS.RemoteClient.Plugin.CentralizedSearch.Models.SearchResultsPreprocessorTests" name="SearchDefinitionCountSet_NewValue_EventFired" />
    </UnitTest>
    <UnitTest name="State_ShouldUpdateMicrophoneIconId_WhenSetToUnMute" storage="d:\actions-runner\_work\xpco\xpco\sc\components\remoteviewer\smartclient\tst\zsmartclient_unittest\bin\x64\debug\net472\zsmartclient_unittest.dll" id="59a60e54-e35c-c435-6281-92cda5ac809d">
      <TestCategory>
        <TestCategoryItem TestCategory="GisMapData.MapItem.Microphones" />
      </TestCategory>
      <Execution id="ff94b433-18b0-4efe-a9d2-5b1ff19af601" />
      <TestMethod codeBase="D:\actions-runner\_work\XPCO\XPCO\SC\Components\RemoteViewer\SmartClient\tst\zSmartClient_UnitTest\bin\x64\Debug\net472\zSmartClient_UnitTest.dll" adapterTypeName="executor://mstestadapter/v2" className="SmartClient_UnitTest.VideoOS.RemoteClient.GisMapData.MapItem.Microphones.MicrophoneMapItemTests" name="State_ShouldUpdateMicrophoneIconId_WhenSetToUnMute" />
    </UnitTest>
    <UnitTest name="HandleSetLayerFeatures_ShouldRaiseArgumentException_WhenNotCameraKindAndCameraLayerFeaturesAndOutputLayer" storage="d:\actions-runner\_work\xpco\xpco\sc\components\remoteviewer\smartclient\tst\zsmartclient_unittest\bin\x64\debug\net472\zsmartclient_unittest.dll" id="6cafc5ed-fe23-6238-885d-2059ca1b7427">
      <TestCategory>
        <TestCategoryItem TestCategory="GisMapData.Handlers.LayerFeatures" />
      </TestCategory>
      <Execution id="dcd530d7-20d2-4c1a-abac-39feb919965d" />
      <TestMethod codeBase="D:\actions-runner\_work\XPCO\XPCO\SC\Components\RemoteViewer\SmartClient\tst\zSmartClient_UnitTest\bin\x64\Debug\net472\zSmartClient_UnitTest.dll" adapterTypeName="executor://mstestadapter/v2" className="SmartClient_UnitTest.VideoOS.RemoteClient.GisMapData.Handlers.LayerFeatures.CameraLayerFeaturesHandlerTests" name="HandleSetLayerFeatures_ShouldRaiseArgumentException_WhenNotCameraKindAndCameraLayerFeaturesAndOutputLayer" />
    </UnitTest>
    <UnitTest name="IsCamera_ShouldReturnTrue_WhenAllCamerasSelected" storage="d:\actions-runner\_work\xpco\xpco\sc\components\remoteviewer\smartclient\tst\zsmartclient_unittest\bin\x64\debug\net472\zsmartclient_unittest.dll" id="4927bb5b-1d8a-626c-1d59-507b7cca82e7">
      <Execution id="9230deba-b57f-488d-8a8c-3c52341ed950" />
      <TestMethod codeBase="D:\actions-runner\_work\XPCO\XPCO\SC\Components\RemoteViewer\SmartClient\tst\zSmartClient_UnitTest\bin\x64\Debug\net472\zSmartClient_UnitTest.dll" adapterTypeName="executor://mstestadapter/v2" className="SmartClient_UnitTest.VideoOS.RemoteClient.Application.Data.ContentTypes.ReportingContentType.DashboardExtentionsTest" name="IsCamera_ShouldReturnTrue_WhenAllCamerasSelected" />
    </UnitTest>
    <UnitTest name="PointMapItem_Load_Input_Success" storage="d:\actions-runner\_work\xpco\xpco\sc\components\remoteviewer\smartclient\tst\zsmartclient_unittest\bin\x64\debug\net472\zsmartclient_unittest.dll" id="1ce67353-df26-d1bd-d2aa-05733d1ac693">
      <TestCategory>
        <TestCategoryItem TestCategory="GisMapData.MapItem.Inputs" />
      </TestCategory>
      <Execution id="7cea5db3-e879-4a29-a21a-2d00cf735d05" />
      <TestMethod codeBase="D:\actions-runner\_work\XPCO\XPCO\SC\Components\RemoteViewer\SmartClient\tst\zSmartClient_UnitTest\bin\x64\Debug\net472\zSmartClient_UnitTest.dll" adapterTypeName="executor://mstestadapter/v2" className="SmartClient_UnitTest.VideoOS.RemoteClient.GisMapData.MapItem.Inputs.InputMapItemTests" name="PointMapItem_Load_Input_Success" />
    </UnitTest>
    <UnitTest name="PopulateTooltip_SingleResultsFromManyCameras12Hours_ValidText" storage="d:\actions-runner\_work\xpco\xpco\sc\components\remoteviewer\smartclient\tst\zsmartclient_unittest\bin\x64\debug\net472\zsmartclient_unittest.dll" id="dafe6617-7d77-6bca-77a9-2080de8d8ac3">
      <TestCategory>
        <TestCategoryItem TestCategory="SearchControls" />
      </TestCategory>
      <Execution id="09cb93ef-40fd-42b6-aa26-907c4c528d22" />
      <TestMethod codeBase="D:\actions-runner\_work\XPCO\XPCO\SC\Components\RemoteViewer\SmartClient\tst\zSmartClient_UnitTest\bin\x64\Debug\net472\zSmartClient_UnitTest.dll" adapterTypeName="executor://mstestadapter/v2" className="SmartClient_UnitTest.VideoOS.RemoteClient.Plugin.CentralizedSearch.Views.Controls.TimelineRuler.TimelineRulerControlTests" name="PopulateTooltip_SingleResultsFromManyCameras12Hours_ValidText" />
    </UnitTest>
    <UnitTest name="Search_SearchResultReceived_EventFired" storage="d:\actions-runner\_work\xpco\xpco\sc\components\remoteviewer\smartclient\tst\zsmartclient_unittest\bin\x64\debug\net472\zsmartclient_unittest.dll" id="7d900372-2011-73f8-033d-c6e57807e942">
      <TestCategory>
        <TestCategoryItem TestCategory="Search" />
      </TestCategory>
      <Execution id="be36a4c5-1330-4846-829b-d54628a1f8aa" />
      <TestMethod codeBase="D:\actions-runner\_work\XPCO\XPCO\SC\Components\RemoteViewer\SmartClient\tst\zSmartClient_UnitTest\bin\x64\Debug\net472\zSmartClient_UnitTest.dll" adapterTypeName="executor://mstestadapter/v2" className="SmartClient_UnitTest.VideoOS.RemoteClient.Plugin.CentralizedSearch.MIPPlugin.CompositeSearchDefinitionTests" name="Search_SearchResultReceived_EventFired" />
    </UnitTest>
    <UnitTest name="GetServerTypes_ShouldReturnLPRType" storage="d:\actions-runner\_work\xpco\xpco\sc\components\remoteviewer\smartclient\tst\zsmartclient_unittest\bin\x64\debug\net472\zsmartclient_unittest.dll" id="2227d8a1-1292-2ada-1845-295f40381449">
      <Execution id="341c9cab-78a8-4fce-8745-d8bfa52975c6" />
      <TestMethod codeBase="D:\actions-runner\_work\XPCO\XPCO\SC\Components\RemoteViewer\SmartClient\tst\zSmartClient_UnitTest\bin\x64\Debug\net472\zSmartClient_UnitTest.dll" adapterTypeName="executor://mstestadapter/v2" className="SmartClient_UnitTest.VideoOS.RemoteClient.Application.Data.ContentTypes.ReportingContentType.DashboardExtentionsTest" name="GetServerTypes_ShouldReturnLPRType" />
    </UnitTest>
    <UnitTest name="SetIncludePartialResults_ShouldFireEvent_WhenNewValueApplied" storage="d:\actions-runner\_work\xpco\xpco\sc\components\remoteviewer\smartclient\tst\zsmartclient_unittest\bin\x64\debug\net472\zsmartclient_unittest.dll" id="37f14c37-5c5d-2aca-7f78-44d1e6498fe0">
      <TestCategory>
        <TestCategoryItem TestCategory="SearchResultsPreprocessor" />
      </TestCategory>
      <Execution id="d49295c1-cec1-4699-9154-cb9a0ac286a2" />
      <TestMethod codeBase="D:\actions-runner\_work\XPCO\XPCO\SC\Components\RemoteViewer\SmartClient\tst\zSmartClient_UnitTest\bin\x64\Debug\net472\zSmartClient_UnitTest.dll" adapterTypeName="executor://mstestadapter/v2" className="SmartClient_UnitTest.VideoOS.RemoteClient.Plugin.CentralizedSearch.Models.SearchResultsPreprocessorTests" name="SetIncludePartialResults_ShouldFireEvent_WhenNewValueApplied" />
    </UnitTest>
    <UnitTest name="PtzInfoViewModel_PtzCotrolledByAnonymousTest" storage="d:\actions-runner\_work\xpco\xpco\sc\components\remoteviewer\smartclient\tst\zsmartclient_unittest\bin\x64\debug\net472\zsmartclient_unittest.dll" id="46662b5d-bee1-3465-212d-6cf5f23d5fcf">
      <Execution id="134f42b7-0622-4d65-b7a0-eed30648de7e" />
      <TestMethod codeBase="D:\actions-runner\_work\XPCO\XPCO\SC\Components\RemoteViewer\SmartClient\tst\zSmartClient_UnitTest\bin\x64\Debug\net472\zSmartClient_UnitTest.dll" adapterTypeName="executor://mstestadapter/v2" className="SmartClient_UnitTest.VideoOS.RemoteClient.Plugin.Map.WPFObjects.PtzInfoViewModelUnitTest" name="PtzInfoViewModel_PtzCotrolledByAnonymousTest" />
    </UnitTest>
    <UnitTest name="NewSearchSelectedEvent_SomeCategoriesSelected_Success" storage="d:\actions-runner\_work\xpco\xpco\sc\components\remoteviewer\smartclient\tst\zsmartclient_unittest\bin\x64\debug\net472\zsmartclient_unittest.dll" id="6242ad29-7e7c-5410-ba44-fa393248cc06">
      <TestCategory>
        <TestCategoryItem TestCategory="SearchControls" />
      </TestCategory>
      <Execution id="c5342aa9-9462-4428-815b-cc18f69a7e0a" />
      <TestMethod codeBase="D:\actions-runner\_work\XPCO\XPCO\SC\Components\RemoteViewer\SmartClient\tst\zSmartClient_UnitTest\bin\x64\Debug\net472\zSmartClient_UnitTest.dll" adapterTypeName="executor://mstestadapter/v2" className="SmartClient_UnitTest.VideoOS.RemoteClient.Plugin.CentralizedSearch.Views.Controls.SearchCategorySelect.SelectSearchCategoryLayoutTests" name="NewSearchSelectedEvent_SomeCategoriesSelected_Success" />
    </UnitTest>
    <UnitTest name="GetBoundingShapesPathsAsync_ShouldGetBoundingShapesFromFromMetadataObjectsSourceOnly_WhenOnlyFromMetadataObjectsSourceIsPassedIn" storage="d:\actions-runner\_work\xpco\xpco\sc\components\remoteviewer\smartclient\tst\zsmartclient_unittest\bin\x64\debug\net472\zsmartclient_unittest.dll" id="b960a51a-07ce-5c77-9c47-9b7d49f68b04">
      <Execution id="c4fc2541-046f-47f0-9677-b2da60c162f2" />
      <TestMethod codeBase="D:\actions-runner\_work\XPCO\XPCO\SC\Components\RemoteViewer\SmartClient\tst\zSmartClient_UnitTest\bin\x64\Debug\net472\zSmartClient_UnitTest.dll" adapterTypeName="executor://mstestadapter/v2" className="SmartClient_UnitTest.VideoOS.RemoteClient.Plugin.CentralizedSearch.Utils.SearchResultDataExtensionsTests" name="GetBoundingShapesPathsAsync_ShouldGetBoundingShapesFromFromMetadataObjectsSourceOnly_WhenOnlyFromMetadataObjectsSourceIsPassedIn" />
    </UnitTest>
    <UnitTest name="SupportsDoubleClick_ShouldBeFalse_WhenInteractionStateIsNotNormalAndNotInSetupMode" storage="d:\actions-runner\_work\xpco\xpco\sc\components\remoteviewer\smartclient\tst\zsmartclient_unittest\bin\x64\debug\net472\zsmartclient_unittest.dll" id="d9a71493-8a98-1ce2-4921-b216ae947c71">
      <TestCategory>
        <TestCategoryItem TestCategory="GisMap.LegacyLinkMarker" />
      </TestCategory>
      <Execution id="2ddeceaf-7634-47f8-9c04-9f8c20579947" />
      <TestMethod codeBase="D:\actions-runner\_work\XPCO\XPCO\SC\Components\RemoteViewer\SmartClient\tst\zSmartClient_UnitTest\bin\x64\Debug\net472\zSmartClient_UnitTest.dll" adapterTypeName="executor://mstestadapter/v2" className="SmartClient_UnitTest.VideoOS.RemoteClient.Plugin.GisMap.ThinkGeoMap.Markers.LegacyLinkMarker.LegacyLinkMarkerTests" name="SupportsDoubleClick_ShouldBeFalse_WhenInteractionStateIsNotNormalAndNotInSetupMode" />
    </UnitTest>
    <UnitTest name="TestForAssemblyCoverage" storage="d:\actions-runner\_work\xpco\xpco\sc\components\remoteviewer\smartclient\tst\zsmartclient_unittest\bin\x64\debug\net472\zsmartclient_unittest.dll" id="001c0c93-73e4-b3d7-1e2b-249f259f59d0">
      <Execution id="939a2d96-ae4d-4a38-8e44-5421bcada7b9" />
      <TestMethod codeBase="D:\actions-runner\_work\XPCO\XPCO\SC\Components\RemoteViewer\SmartClient\tst\zSmartClient_UnitTest\bin\x64\Debug\net472\zSmartClient_UnitTest.dll" adapterTypeName="executor://mstestadapter/v2" className="SmartClient_UnitTest.VideoOS.RemoteClient.Plugin.JoystickSupport.UnitTest1" name="TestForAssemblyCoverage" />
    </UnitTest>
    <UnitTest name="Initialize_ShouldSelectTheFirstCameraWithRegionSelected_WhenInitializedWithFilterValueThatHasRegionSelected" storage="d:\actions-runner\_work\xpco\xpco\sc\components\remoteviewer\smartclient\tst\zsmartclient_unittest\bin\x64\debug\net472\zsmartclient_unittest.dll" id="bfa2e036-0b0c-2621-93e6-fae23f6d7c6d">
      <TestCategory>
        <TestCategoryItem TestCategory="Search.Filters.ViewModels" />
      </TestCategory>
      <Execution id="9e887928-2034-4ac0-9ce8-8620d88e881b" />
      <TestMethod codeBase="D:\actions-runner\_work\XPCO\XPCO\SC\Components\RemoteViewer\SmartClient\tst\zSmartClient_UnitTest\bin\x64\Debug\net472\zSmartClient_UnitTest.dll" adapterTypeName="executor://mstestadapter/v2" className="SmartClient_UnitTest.VideoOS.RemoteClient.Plugin.CentralizedSearch.MIPPlugin.Criteria.ViewModels.RegionSelectionAttributeEditControlViewModelTests" name="Initialize_ShouldSelectTheFirstCameraWithRegionSelected_WhenInitializedWithFilterValueThatHasRegionSelected" />
    </UnitTest>
    <UnitTest name="SearchAction_BrowseMode_30MinutesInTheFuture" storage="d:\actions-runner\_work\xpco\xpco\sc\components\remoteviewer\smartclient\tst\zsmartclient_unittest\bin\x64\debug\net472\zsmartclient_unittest.dll" id="65a9b794-921a-eae9-026a-f733825b3d4a">
      <TestCategory>
        <TestCategoryItem TestCategory="WorkspaceToolbar" />
      </TestCategory>
      <Execution id="005fcb8c-f84a-4fb4-aa0d-3a1c6154e3c1" />
      <TestMethod codeBase="D:\actions-runner\_work\XPCO\XPCO\SC\Components\RemoteViewer\SmartClient\tst\zSmartClient_UnitTest\bin\x64\Debug\net472\zSmartClient_UnitTest.dll" adapterTypeName="executor://mstestadapter/v2" className="SmartClient_UnitTest.VideoOS.RemoteClient.Application.Data.WorkspaceToolbar.WorkspaceToolbarItemSmartSearchTests" name="SearchAction_BrowseMode_30MinutesInTheFuture" />
    </UnitTest>
    <UnitTest name="TestProperties_Name_Success" storage="d:\actions-runner\_work\xpco\xpco\sc\components\remoteviewer\smartclient\tst\zsmartclient_unittest\bin\x64\debug\net472\zsmartclient_unittest.dll" id="67ee2264-2350-9541-5091-2e559be75dbe">
      <TestCategory>
        <TestCategoryItem TestCategory="GisMapBuilding" />
      </TestCategory>
      <Execution id="5783ecd1-3327-4532-b245-afef072935bd" />
      <TestMethod codeBase="D:\actions-runner\_work\XPCO\XPCO\SC\Components\RemoteViewer\SmartClient\tst\zSmartClient_UnitTest\bin\x64\Debug\net472\zSmartClient_UnitTest.dll" adapterTypeName="executor://mstestadapter/v2" className="SmartClient_UnitTest.VideoOS.RemoteClient.GisMapData.MapBuildings.MapLevelTests" name="TestProperties_Name_Success" />
    </UnitTest>
    <UnitTest name="PtzInfoViewModel_PtzCotrolledByUserTest" storage="d:\actions-runner\_work\xpco\xpco\sc\components\remoteviewer\smartclient\tst\zsmartclient_unittest\bin\x64\debug\net472\zsmartclient_unittest.dll" id="6bcb61d5-27f5-0fda-d895-8ea5b1245aab">
      <Execution id="7fabdd03-5816-486e-a86f-097eee321afb" />
      <TestMethod codeBase="D:\actions-runner\_work\XPCO\XPCO\SC\Components\RemoteViewer\SmartClient\tst\zSmartClient_UnitTest\bin\x64\Debug\net472\zSmartClient_UnitTest.dll" adapterTypeName="executor://mstestadapter/v2" className="SmartClient_UnitTest.VideoOS.RemoteClient.Plugin.Map.WPFObjects.PtzInfoViewModelUnitTest" name="PtzInfoViewModel_PtzCotrolledByUserTest" />
    </UnitTest>
    <UnitTest name="ToDenormalizedDirection_0_75" storage="d:\actions-runner\_work\xpco\xpco\sc\components\remoteviewer\smartclient\tst\zsmartclient_unittest\bin\x64\debug\net472\zsmartclient_unittest.dll" id="84b3e980-bdbe-5014-755b-538d50035c46">
      <TestCategory>
        <TestCategoryItem TestCategory="GisMap" />
      </TestCategory>
      <Execution id="6f61db96-0f19-4f6e-b058-ed8563732724" />
      <TestMethod codeBase="D:\actions-runner\_work\XPCO\XPCO\SC\Components\RemoteViewer\SmartClient\tst\zSmartClient_UnitTest\bin\x64\Debug\net472\zSmartClient_UnitTest.dll" adapterTypeName="executor://mstestadapter/v2" className="SmartClient_UnitTest.VideoOS.RemoteClient.GisMap.Utilities.GisUtilityTests" name="ToDenormalizedDirection_0_75" />
    </UnitTest>
    <UnitTest name="Passwords are not the same, lower length" storage="d:\actions-runner\_work\xpco\xpco\sc\components\remoteviewer\smartclient\tst\zsmartclient_unittest\bin\x64\debug\net472\zsmartclient_unittest.dll" id="f8eaf1dc-b859-6623-e5ad-974dd53ad456">
      <TestCategory>
        <TestCategoryItem TestCategory="Export" />
      </TestCategory>
      <Execution id="2ecb16fb-2b8c-4670-a896-904252cbe14e" />
      <TestMethod codeBase="D:\actions-runner\_work\XPCO\XPCO\SC\Components\RemoteViewer\SmartClient\tst\zSmartClient_UnitTest\bin\x64\Debug\net472\zSmartClient_UnitTest.dll" adapterTypeName="executor://mstestadapter/v2" className="SmartClient_UnitTest.VideoOS.RemoteClient.Plugin.Export.PasswordDialogViewModelTests" name="SettingPassword1AndPassword2_ShouldSetIsPassword2Valid" />
    </UnitTest>
    <UnitTest name="StartSelection_ShouldNotClearAnyExistingSelections_WhenCtrlKeyIsPressed" storage="d:\actions-runner\_work\xpco\xpco\sc\components\remoteviewer\smartclient\tst\zsmartclient_unittest\bin\x64\debug\net472\zsmartclient_unittest.dll" id="01eab79c-bc50-d06f-cdd9-f0cb405d3b66">
      <TestCategory>
        <TestCategoryItem TestCategory="SmartMap.SelectionHelper" />
      </TestCategory>
      <Execution id="2c6ecbb7-ae36-4db7-afc1-74741c60af9b" />
      <TestMethod codeBase="D:\actions-runner\_work\XPCO\XPCO\SC\Components\RemoteViewer\SmartClient\tst\zSmartClient_UnitTest\bin\x64\Debug\net472\zSmartClient_UnitTest.dll" adapterTypeName="executor://mstestadapter/v2" className="SmartClient_UnitTest.VideoOS.RemoteClient.Plugin.GisMap.ThinkGeoMap.SpecializedOverlays.Overlays.SelectionHelperTests" name="StartSelection_ShouldNotClearAnyExistingSelections_WhenCtrlKeyIsPressed" />
    </UnitTest>
    <UnitTest name="Constructor_ShouldRaiseArgumentNullException_WhenDeviceIdsIsNull" storage="d:\actions-runner\_work\xpco\xpco\sc\components\remoteviewer\smartclient\tst\zsmartclient_unittest\bin\x64\debug\net472\zsmartclient_unittest.dll" id="6480e990-929e-4f74-6838-96e2b97d0c00">
      <TestCategory>
        <TestCategoryItem TestCategory="GisMapData.Common.EventsArgs" />
      </TestCategory>
      <Execution id="e54d77bb-da17-4e56-be02-85e4c9b28b02" />
      <TestMethod codeBase="D:\actions-runner\_work\XPCO\XPCO\SC\Components\RemoteViewer\SmartClient\tst\zSmartClient_UnitTest\bin\x64\Debug\net472\zSmartClient_UnitTest.dll" adapterTypeName="executor://mstestadapter/v2" className="SmartClient_UnitTest.VideoOS.RemoteClient.GisMapData.Common.EventsArgs.UpdateMicrophonesEventArgsTests" name="Constructor_ShouldRaiseArgumentNullException_WhenDeviceIdsIsNull" />
    </UnitTest>
    <UnitTest name="ZoomOut_MapSet_MapZoomOutInvoked" storage="d:\actions-runner\_work\xpco\xpco\sc\components\remoteviewer\smartclient\tst\zsmartclient_unittest\bin\x64\debug\net472\zsmartclient_unittest.dll" id="a7b3a0a1-b567-86d1-d16a-ead40656c5fa">
      <Execution id="13f664dd-4bef-4d9c-93ce-72437731c907" />
      <TestMethod codeBase="D:\actions-runner\_work\XPCO\XPCO\SC\Components\RemoteViewer\SmartClient\tst\zSmartClient_UnitTest\bin\x64\Debug\net472\zSmartClient_UnitTest.dll" adapterTypeName="executor://mstestadapter/v2" className="SmartClient_UnitTest.VideoOS.RemoteClient.Plugin.GisMap.ThinkGeoMap.DefaultZoomHandlerTests" name="ZoomOut_MapSet_MapZoomOutInvoked" />
    </UnitTest>
    <UnitTest name="BookmarkSearchTime_WithSearchStringInDifferentCases_ReturnCorrectBookmarkWithSearchStringInHeader (,False,False,False,False,SeArChStRiNg,,1)" storage="d:\actions-runner\_work\xpco\xpco\sc\components\remoteviewer\smartclient\tst\zsmartclient_unittest\bin\x64\debug\net472\zsmartclient_unittest.dll" id="7005b14c-73a9-8c05-e947-be79236b7645">
      <Execution id="bc582b22-11d9-42ef-b8d6-0a2c63c3aaae" />
      <TestMethod codeBase="D:\actions-runner\_work\XPCO\XPCO\SC\Components\RemoteViewer\SmartClient\tst\zSmartClient_UnitTest\bin\x64\Debug\net472\zSmartClient_UnitTest.dll" adapterTypeName="executor://mstestadapter/v2" className="SmartClient_UnitTest.VideoOS.RemoteClient.Application.Data.Offline.UnitTest.BookmarkExportReaderTest" name="BookmarkSearchTime_WithSearchStringInDifferentCases_ReturnCorrectBookmarkWithSearchStringInHeader" />
    </UnitTest>
    <UnitTest name="GetDefaultReportDestination_UserSettings_ReturnsDefaultPathFromUserSettings" storage="d:\actions-runner\_work\xpco\xpco\sc\components\remoteviewer\smartclient\tst\zsmartclient_unittest\bin\x64\debug\net472\zsmartclient_unittest.dll" id="bf7f705f-c3a5-d6a3-c61b-3ef06011aead">
      <TestCategory>
        <TestCategoryItem TestCategory="Search" />
      </TestCategory>
      <Execution id="0dd173bd-e9bb-4c95-b5ce-a97d1e9a06a3" />
      <TestMethod codeBase="D:\actions-runner\_work\XPCO\XPCO\SC\Components\RemoteViewer\SmartClient\tst\zSmartClient_UnitTest\bin\x64\Debug\net472\zSmartClient_UnitTest.dll" adapterTypeName="executor://mstestadapter/v2" className="SmartClient_UnitTest.VideoOS.RemoteClient.Plugin.CentralizedSearch.ViewModels.SearchReportViewModelTests" name="GetDefaultReportDestination_UserSettings_ReturnsDefaultPathFromUserSettings" />
    </UnitTest>
    <UnitTest name="CameraMapItem_ForceActivateAsync_InBuilding_UseLastLevel_Success" storage="d:\actions-runner\_work\xpco\xpco\sc\components\remoteviewer\smartclient\tst\zsmartclient_unittest\bin\x64\debug\net472\zsmartclient_unittest.dll" id="84d62aca-a413-46a5-c8ba-3602e6cd8798">
      <TestCategory>
        <TestCategoryItem TestCategory="GisMapMapItem" />
      </TestCategory>
      <Execution id="4dd4ae16-e6a7-4bae-a659-99598b3f9a5f" />
      <TestMethod codeBase="D:\actions-runner\_work\XPCO\XPCO\SC\Components\RemoteViewer\SmartClient\tst\zSmartClient_UnitTest\bin\x64\Debug\net472\zSmartClient_UnitTest.dll" adapterTypeName="executor://mstestadapter/v2" className="SmartClient_UnitTest.VideoOS.RemoteClient.GisMap.MapItem.MapItemTests" name="CameraMapItem_ForceActivateAsync_InBuilding_UseLastLevel_Success" />
    </UnitTest>
    <UnitTest name="Constructor_ShouldThrowException_WhenReportViewerStateIsNull" storage="d:\actions-runner\_work\xpco\xpco\sc\components\remoteviewer\smartclient\tst\zsmartclient_unittest\bin\x64\debug\net472\zsmartclient_unittest.dll" id="27433e55-5768-6c79-0b23-c4648c647a81">
      <TestCategory>
        <TestCategoryItem TestCategory="ReportingContentType" />
      </TestCategory>
      <Execution id="598b6a73-7425-46d8-8e3d-dcade1732882" />
      <TestMethod codeBase="D:\actions-runner\_work\XPCO\XPCO\SC\Components\RemoteViewer\SmartClient\tst\zSmartClient_UnitTest\bin\x64\Debug\net472\zSmartClient_UnitTest.dll" adapterTypeName="executor://mstestadapter/v2" className="SmartClient_UnitTest.VideoOS.RemoteClient.Application.Data.ContentTypes.ReportingContentType.ReportViewerViewModelTest" name="Constructor_ShouldThrowException_WhenReportViewerStateIsNull" />
    </UnitTest>
    <UnitTest name="Deserialize_NothingToDeserialize_Success" storage="d:\actions-runner\_work\xpco\xpco\sc\components\remoteviewer\smartclient\tst\zsmartclient_unittest\bin\x64\debug\net472\zsmartclient_unittest.dll" id="962aa215-0703-be2d-ae49-5fe79d594412">
      <TestCategory>
        <TestCategoryItem TestCategory="SearchSerialization" />
      </TestCategory>
      <Execution id="0be3f187-d32e-440a-8189-162581174e8d" />
      <TestMethod codeBase="D:\actions-runner\_work\XPCO\XPCO\SC\Components\RemoteViewer\SmartClient\tst\zSmartClient_UnitTest\bin\x64\Debug\net472\zSmartClient_UnitTest.dll" adapterTypeName="executor://mstestadapter/v2" className="SmartClient_UnitTest.VideoOS.RemoteClient.Plugin.CentralizedSearch.Models.Serialization.SearchSerializerTests" name="Deserialize_NothingToDeserialize_Success" />
    </UnitTest>
    <UnitTest name="TestGetAllTasksAsync" storage="d:\actions-runner\_work\xpco\xpco\sc\components\remoteviewer\smartclient\tst\zsmartclient_unittest\bin\x64\debug\net472\zsmartclient_unittest.dll" id="19146f14-6143-cfb7-4c8f-467081c697c0">
      <Execution id="11d4779b-f304-4a0a-a10c-db4fcd86eb2b" />
      <TestMethod codeBase="D:\actions-runner\_work\XPCO\XPCO\SC\Components\RemoteViewer\SmartClient\tst\zSmartClient_UnitTest\bin\x64\Debug\net472\zSmartClient_UnitTest.dll" adapterTypeName="executor://mstestadapter/v2" className="SmartClient_UnitTest.VideoOS.RemoteClient.Application.Managers.EdgeRetrievalTaskManagerUnitTest" name="TestGetAllTasksAsync" />
    </UnitTest>
    <UnitTest name="UpdateAction_SingleAcceptedAndSingleRejected_EnabledAndAddSuffixToToolTip" storage="d:\actions-runner\_work\xpco\xpco\sc\components\remoteviewer\smartclient\tst\zsmartclient_unittest\bin\x64\debug\net472\zsmartclient_unittest.dll" id="da74414c-6059-a1d1-7697-c9f6a432ab01">
      <TestCategory>
        <TestCategoryItem TestCategory="SearchResultsAction" />
      </TestCategory>
      <Execution id="4f656d46-ed20-4692-af59-f9d7638990b5" />
      <TestMethod codeBase="D:\actions-runner\_work\XPCO\XPCO\SC\Components\RemoteViewer\SmartClient\tst\zSmartClient_UnitTest\bin\x64\Debug\net472\zSmartClient_UnitTest.dll" adapterTypeName="executor://mstestadapter/v2" className="SmartClient_UnitTest.VideoOS.RemoteClient.Plugin.CentralizedSearch.ViewModels.SearchResultsActionViewModelTests" name="UpdateAction_SingleAcceptedAndSingleRejected_EnabledAndAddSuffixToToolTip" />
    </UnitTest>
    <UnitTest name="HandleGetLayerFeatures_ShouldReturnMicrophoneLayerFeatures_WhenMicrophoneKind" storage="d:\actions-runner\_work\xpco\xpco\sc\components\remoteviewer\smartclient\tst\zsmartclient_unittest\bin\x64\debug\net472\zsmartclient_unittest.dll" id="57630e13-6376-5ac4-f876-8b3113252cf4">
      <TestCategory>
        <TestCategoryItem TestCategory="GisMapData.Handlers.LayerFeatures" />
      </TestCategory>
      <Execution id="8d794309-8ae7-4ccf-b988-8347a4a6ed9f" />
      <TestMethod codeBase="D:\actions-runner\_work\XPCO\XPCO\SC\Components\RemoteViewer\SmartClient\tst\zSmartClient_UnitTest\bin\x64\Debug\net472\zSmartClient_UnitTest.dll" adapterTypeName="executor://mstestadapter/v2" className="SmartClient_UnitTest.VideoOS.RemoteClient.GisMapData.Handlers.LayerFeatures.MicrophoneLayerFeaturesHandlerTests" name="HandleGetLayerFeatures_ShouldReturnMicrophoneLayerFeatures_WhenMicrophoneKind" />
    </UnitTest>
    <UnitTest name="TestKeepInMemory_Success" storage="d:\actions-runner\_work\xpco\xpco\sc\components\remoteviewer\smartclient\tst\zsmartclient_unittest\bin\x64\debug\net472\zsmartclient_unittest.dll" id="8ffeda3d-e799-7be5-92e9-cd0ffd88ed12">
      <Execution id="0436aacd-c822-4526-91b7-90b4d9dbeead" />
      <TestMethod codeBase="D:\actions-runner\_work\XPCO\XPCO\SC\Components\RemoteViewer\SmartClient\tst\zSmartClient_UnitTest\bin\x64\Debug\net472\zSmartClient_UnitTest.dll" adapterTypeName="executor://mstestadapter/v2" className="SmartClient_UnitTest.VideoOS.RemoteClient.Application.Controllers.WorkSpace.WorkSpaceItemTest" name="TestKeepInMemory_Success" />
    </UnitTest>
    <UnitTest name="ScrollIntoView_Sync_DefinitionViewInViewPort_NotScrolled" storage="d:\actions-runner\_work\xpco\xpco\sc\components\remoteviewer\smartclient\tst\zsmartclient_unittest\bin\x64\debug\net472\zsmartclient_unittest.dll" id="633b1573-6042-ec26-9f10-dd2e2dcea040">
      <TestCategory>
        <TestCategoryItem TestCategory="Search" />
      </TestCategory>
      <Execution id="05978f8e-2a93-40da-b051-f9b5e94cbb79" />
      <TestMethod codeBase="D:\actions-runner\_work\XPCO\XPCO\SC\Components\RemoteViewer\SmartClient\tst\zSmartClient_UnitTest\bin\x64\Debug\net472\zSmartClient_UnitTest.dll" adapterTypeName="executor://mstestadapter/v2" className="SmartClient_UnitTest.VideoOS.RemoteClient.Plugin.CentralizedSearch.Views.CriteriaViewTests" name="ScrollIntoView_Sync_DefinitionViewInViewPort_NotScrolled" />
    </UnitTest>
    <UnitTest name="SelectTemplate_NullViewModelSearchAttribute_Throws" storage="d:\actions-runner\_work\xpco\xpco\sc\components\remoteviewer\smartclient\tst\zsmartclient_unittest\bin\x64\debug\net472\zsmartclient_unittest.dll" id="d8b647c6-ef54-f676-621e-8f04d1dc548d">
      <TestCategory>
        <TestCategoryItem TestCategory="SearchViews" />
      </TestCategory>
      <Execution id="c6ce7066-7946-43ad-96f8-62e22a31b175" />
      <TestMethod codeBase="D:\actions-runner\_work\XPCO\XPCO\SC\Components\RemoteViewer\SmartClient\tst\zSmartClient_UnitTest\bin\x64\Debug\net472\zSmartClient_UnitTest.dll" adapterTypeName="executor://mstestadapter/v2" className="SmartClient_UnitTest.VideoOS.RemoteClient.Plugin.CentralizedSearch.Views.AttributeEditControlTemplateSelectorTests" name="SelectTemplate_NullViewModelSearchAttribute_Throws" />
    </UnitTest>
    <UnitTest name="BookmarkSearchTime_WithSearchStringInDifferentCases_ReturnCorrectBookmarkWithSearchStringInHeader (SeArChStRiNg,True,True,True,False,,,1)" storage="d:\actions-runner\_work\xpco\xpco\sc\components\remoteviewer\smartclient\tst\zsmartclient_unittest\bin\x64\debug\net472\zsmartclient_unittest.dll" id="2b65c344-0249-bf47-6c8a-07f52bcd6a60">
      <Execution id="c6fe8102-cf4e-48e2-94c4-7acd4b4dd995" />
      <TestMethod codeBase="D:\actions-runner\_work\XPCO\XPCO\SC\Components\RemoteViewer\SmartClient\tst\zSmartClient_UnitTest\bin\x64\Debug\net472\zSmartClient_UnitTest.dll" adapterTypeName="executor://mstestadapter/v2" className="SmartClient_UnitTest.VideoOS.RemoteClient.Application.Data.Offline.UnitTest.BookmarkExportReaderTest" name="BookmarkSearchTime_WithSearchStringInDifferentCases_ReturnCorrectBookmarkWithSearchStringInHeader" />
    </UnitTest>
    <UnitTest name="SmartSearchStatusType_ShouldYieldSameValuesForAllEnumValues_WhenRoundTripConverted (SearchEndTimeReached,SearchEndTimeReached)" storage="d:\actions-runner\_work\xpco\xpco\sc\components\remoteviewer\smartclient\tst\zsmartclient_unittest\bin\x64\debug\net472\zsmartclient_unittest.dll" id="454652c1-c285-915f-adae-d89d6726087e">
      <TestCategory>
        <TestCategoryItem TestCategory="RecorderProxyToDtoMapping" />
      </TestCategory>
      <Execution id="ce62802d-6e20-43e7-a775-d0286d05ebd1" />
      <TestMethod codeBase="D:\actions-runner\_work\XPCO\XPCO\SC\Components\RemoteViewer\SmartClient\tst\zSmartClient_UnitTest\bin\x64\Debug\net472\zSmartClient_UnitTest.dll" adapterTypeName="executor://mstestadapter/v2" className="VideoOS.Shared.ServerAPI.SOAP.RecorderClientMappingTests" name="SmartSearchStatusType_ShouldYieldSameValuesForAllEnumValues_WhenRoundTripConverted" />
    </UnitTest>
    <UnitTest name="SmartSearchStatusDto_ShouldYieldSameValues_WhenRoundTripConverted" storage="d:\actions-runner\_work\xpco\xpco\sc\components\remoteviewer\smartclient\tst\zsmartclient_unittest\bin\x64\debug\net472\zsmartclient_unittest.dll" id="eccb1112-d77c-887e-87bf-b7f65298e1a6">
      <TestCategory>
        <TestCategoryItem TestCategory="RecorderProxyToDtoMapping" />
      </TestCategory>
      <Execution id="9bc4b796-758b-4997-a048-c00856851793" />
      <TestMethod codeBase="D:\actions-runner\_work\XPCO\XPCO\SC\Components\RemoteViewer\SmartClient\tst\zSmartClient_UnitTest\bin\x64\Debug\net472\zSmartClient_UnitTest.dll" adapterTypeName="executor://mstestadapter/v2" className="VideoOS.Shared.ServerAPI.SOAP.RecorderClientMappingTests" name="SmartSearchStatusDto_ShouldYieldSameValues_WhenRoundTripConverted" />
    </UnitTest>
    <UnitTest name="OnSearchResultsSelectionChangedByUser_ShouldUpdateSelectedResults_WhenSelectionChangedByUser" storage="d:\actions-runner\_work\xpco\xpco\sc\components\remoteviewer\smartclient\tst\zsmartclient_unittest\bin\x64\debug\net472\zsmartclient_unittest.dll" id="4d525835-86fa-0619-e484-37026867a280">
      <TestCategory>
        <TestCategoryItem TestCategory="SearchViewModels" />
      </TestCategory>
      <Execution id="34dbb02f-7506-4883-b7e1-53c3c59ac8cd" />
      <TestMethod codeBase="D:\actions-runner\_work\XPCO\XPCO\SC\Components\RemoteViewer\SmartClient\tst\zSmartClient_UnitTest\bin\x64\Debug\net472\zSmartClient_UnitTest.dll" adapterTypeName="executor://mstestadapter/v2" className="SmartClient_UnitTest.VideoOS.RemoteClient.Plugin.CentralizedSearch.ViewModels.SearchViewModelTests" name="OnSearchResultsSelectionChangedByUser_ShouldUpdateSelectedResults_WhenSelectionChangedByUser" />
    </UnitTest>
    <UnitTest name="Deserialize_ShouldReportInvalidCombineType_WhenCombineTypeValueIsNotInEnumeration" storage="d:\actions-runner\_work\xpco\xpco\sc\components\remoteviewer\smartclient\tst\zsmartclient_unittest\bin\x64\debug\net472\zsmartclient_unittest.dll" id="a90fcb60-5904-342b-4fdf-2acce1eecc2f">
      <TestCategory>
        <TestCategoryItem TestCategory="SearchSerialization" />
      </TestCategory>
      <Execution id="7e026bd7-1f9c-4a3b-8861-4d9fabb5b2de" />
      <TestMethod codeBase="D:\actions-runner\_work\XPCO\XPCO\SC\Components\RemoteViewer\SmartClient\tst\zSmartClient_UnitTest\bin\x64\Debug\net472\zSmartClient_UnitTest.dll" adapterTypeName="executor://mstestadapter/v2" className="SmartClient_UnitTest.VideoOS.RemoteClient.Plugin.CentralizedSearch.Models.Serialization.SearchSerializerTests" name="Deserialize_ShouldReportInvalidCombineType_WhenCombineTypeValueIsNotInEnumeration" />
    </UnitTest>
    <UnitTest name="ShowPermissionDeniedToasts_ShouldShowCorrectNumberOfToasts (5,1)" storage="d:\actions-runner\_work\xpco\xpco\sc\components\remoteviewer\smartclient\tst\zsmartclient_unittest\bin\x64\debug\net472\zsmartclient_unittest.dll" id="e518f34f-e56a-1614-f28f-2cc87eda4412">
      <TestCategory>
        <TestCategoryItem TestCategory="Managers" />
      </TestCategory>
      <Execution id="b31a9365-aea6-4e52-92ae-f28dc4d003eb" />
      <TestMethod codeBase="D:\actions-runner\_work\XPCO\XPCO\SC\Components\RemoteViewer\SmartClient\tst\zSmartClient_UnitTest\bin\x64\Debug\net472\zSmartClient_UnitTest.dll" adapterTypeName="executor://mstestadapter/v2" className="SmartClient_UnitTest.VideoOS.RemoteClient.Application.Managers.ExportResultsNotificationHelperTests" name="ShowPermissionDeniedToasts_ShouldShowCorrectNumberOfToasts" />
    </UnitTest>
    <UnitTest name="IsDisabled_ShouldBeTrue_WhenIsDetachedControllerManager" storage="d:\actions-runner\_work\xpco\xpco\sc\components\remoteviewer\smartclient\tst\zsmartclient_unittest\bin\x64\debug\net472\zsmartclient_unittest.dll" id="0d4811ec-9931-fb19-edc0-7bcc796825fb">
      <TestCategory>
        <TestCategoryItem TestCategory="GisMapData.MapItem.Outputs" />
      </TestCategory>
      <Execution id="97f26d4b-aba2-45d2-ba44-b872612516f0" />
      <TestMethod codeBase="D:\actions-runner\_work\XPCO\XPCO\SC\Components\RemoteViewer\SmartClient\tst\zSmartClient_UnitTest\bin\x64\Debug\net472\zSmartClient_UnitTest.dll" adapterTypeName="executor://mstestadapter/v2" className="SmartClient_UnitTest.VideoOS.RemoteClient.GisMapData.MapItem.Outputs.OutputMapItemTests" name="IsDisabled_ShouldBeTrue_WhenIsDetachedControllerManager" />
    </UnitTest>
    <UnitTest name="VideoResultSearchResult_PropertiesWhenCombinedResultSameCategoryName_CollectedAndDisplayed" storage="d:\actions-runner\_work\xpco\xpco\sc\components\remoteviewer\smartclient\tst\zsmartclient_unittest\bin\x64\debug\net472\zsmartclient_unittest.dll" id="872d533c-7618-1f1f-1814-b113065309ba">
      <TestCategory>
        <TestCategoryItem TestCategory="SearchControls" />
      </TestCategory>
      <Execution id="a2a47184-7f94-46a0-8967-26d36894165c" />
      <TestMethod codeBase="D:\actions-runner\_work\XPCO\XPCO\SC\Components\RemoteViewer\SmartClient\tst\zSmartClient_UnitTest\bin\x64\Debug\net472\zSmartClient_UnitTest.dll" adapterTypeName="executor://mstestadapter/v2" className="SmartClient_UnitTest.VideoOS.RemoteClient.Plugin.CentralizedSearch.Views.Controls.SearchResultDetailsControlTests" name="VideoResultSearchResult_PropertiesWhenCombinedResultSameCategoryName_CollectedAndDisplayed" />
    </UnitTest>
    <UnitTest name="GetDomainAndUserName_ShouldReturnOnlyUserNamePartOfNetworkCredentials_WhenNetworkCredentialsContainsNoDomain" storage="d:\actions-runner\_work\xpco\xpco\sc\components\remoteviewer\smartclient\tst\zsmartclient_unittest\bin\x64\debug\net472\zsmartclient_unittest.dll" id="e5baebdf-dd33-61d2-8622-e7904797fee0">
      <TestCategory>
        <TestCategoryItem TestCategory="Authentication.ClientCredentials" />
      </TestCategory>
      <Execution id="824a8b8a-01e4-4478-ace6-469cc674253e" />
      <TestMethod codeBase="D:\actions-runner\_work\XPCO\XPCO\SC\Components\RemoteViewer\SmartClient\tst\zSmartClient_UnitTest\bin\x64\Debug\net472\zSmartClient_UnitTest.dll" adapterTypeName="executor://mstestadapter/v2" className="SmartClient_UnitTest.VideoOS.Shared.ServerAPI.ClientCredentialsTest" name="GetDomainAndUserName_ShouldReturnOnlyUserNamePartOfNetworkCredentials_WhenNetworkCredentialsContainsNoDomain" />
    </UnitTest>
    <UnitTest name="Ctor_OneBuiltInGroupDefined_OneCompositeAgentAddedAndOneStandardAgentAdded" storage="d:\actions-runner\_work\xpco\xpco\sc\components\remoteviewer\smartclient\tst\zsmartclient_unittest\bin\x64\debug\net472\zsmartclient_unittest.dll" id="6fee5694-49d5-a68c-4692-637882795255">
      <TestCategory>
        <TestCategoryItem TestCategory="ScSearchManager" />
      </TestCategory>
      <Execution id="1d398c3b-16c2-443a-818b-0a006630a1bc" />
      <TestMethod codeBase="D:\actions-runner\_work\XPCO\XPCO\SC\Components\RemoteViewer\SmartClient\tst\zSmartClient_UnitTest\bin\x64\Debug\net472\zSmartClient_UnitTest.dll" adapterTypeName="executor://mstestadapter/v2" className="SmartClient_UnitTest.VideoOS.RemoteClient.Plugin.CentralizedSearch.MIPPlugin.ScSearchManagerTests" name="Ctor_OneBuiltInGroupDefined_OneCompositeAgentAddedAndOneStandardAgentAdded" />
    </UnitTest>
    <UnitTest name="Dispose_ShouldDisposeDeviceSelectorWindowViewModel_WhenDisposingInstance" storage="d:\actions-runner\_work\xpco\xpco\sc\components\remoteviewer\smartclient\tst\zsmartclient_unittest\bin\x64\debug\net472\zsmartclient_unittest.dll" id="3a37d654-c030-a07d-9c40-73fc97223ffe">
      <TestCategory>
        <TestCategoryItem TestCategory="GisMap.GisMapViewModel" />
      </TestCategory>
      <Execution id="bc433e2b-260f-49ce-a912-43df1596ec7e" />
      <TestMethod codeBase="D:\actions-runner\_work\XPCO\XPCO\SC\Components\RemoteViewer\SmartClient\tst\zSmartClient_UnitTest\bin\x64\Debug\net472\zSmartClient_UnitTest.dll" adapterTypeName="executor://mstestadapter/v2" className="SmartClient_UnitTest.VideoOS.RemoteClient.Plugin.GisMap.ViewModels.GisMapViewModelTests" name="Dispose_ShouldDisposeDeviceSelectorWindowViewModel_WhenDisposingInstance" />
    </UnitTest>
    <UnitTest name="Constructor_ShouldRaiseArgumentNullException_WhenLayersIsNull" storage="d:\actions-runner\_work\xpco\xpco\sc\components\remoteviewer\smartclient\tst\zsmartclient_unittest\bin\x64\debug\net472\zsmartclient_unittest.dll" id="7a16e0cb-4e01-7898-4d17-e4adaaac865e">
      <TestCategory>
        <TestCategoryItem TestCategory="GisMapData.Handlers.LayerFeatures" />
      </TestCategory>
      <Execution id="c7941618-2f2c-46ec-b652-5de239712300" />
      <TestMethod codeBase="D:\actions-runner\_work\XPCO\XPCO\SC\Components\RemoteViewer\SmartClient\tst\zSmartClient_UnitTest\bin\x64\Debug\net472\zSmartClient_UnitTest.dll" adapterTypeName="executor://mstestadapter/v2" className="SmartClient_UnitTest.VideoOS.RemoteClient.GisMapData.Handlers.LayerFeatures.OutputLayerFeaturesHandlerTests" name="Constructor_ShouldRaiseArgumentNullException_WhenLayersIsNull" />
    </UnitTest>
    <UnitTest name="MapLayer_LoadSave_DataIsSame" storage="d:\actions-runner\_work\xpco\xpco\sc\components\remoteviewer\smartclient\tst\zsmartclient_unittest\bin\x64\debug\net472\zsmartclient_unittest.dll" id="903924a4-7ced-4d98-9edf-15f9a7cfa0d7">
      <TestCategory>
        <TestCategoryItem TestCategory="GisMapLayer" />
      </TestCategory>
      <Execution id="ac537d7b-d4b4-4cd1-b4df-4719f7d78374" />
      <TestMethod codeBase="D:\actions-runner\_work\XPCO\XPCO\SC\Components\RemoteViewer\SmartClient\tst\zSmartClient_UnitTest\bin\x64\Debug\net472\zSmartClient_UnitTest.dll" adapterTypeName="executor://mstestadapter/v2" className="SmartClient_UnitTest.VideoOS.RemoteClient.GisMap.MapLayers.GisMapLayerTests" name="MapLayer_LoadSave_DataIsSame" />
    </UnitTest>
    <UnitTest name="AssignPanTiltValue_WhenValueJustBelowDeadzone_ShouldReturnJustBelowCenterValue" storage="d:\actions-runner\_work\xpco\xpco\sc\components\remoteviewer\smartclient\tst\zsmartclient_unittest\bin\x64\debug\net472\zsmartclient_unittest.dll" id="39116a4a-80db-ce36-d47f-ad7c599fcdc1">
      <Execution id="efa5d685-34ea-4f14-b3eb-3dce48b0cf04" />
      <TestMethod codeBase="D:\actions-runner\_work\XPCO\XPCO\SC\Components\RemoteViewer\SmartClient\tst\zSmartClient_UnitTest\bin\x64\Debug\net472\zSmartClient_UnitTest.dll" adapterTypeName="executor://mstestadapter/v2" className="SmartClient_UnitTest.VideoOS.RemoteClient.Plugin.JoystickSupport.JoystickDeviceTests" name="AssignPanTiltValue_WhenValueJustBelowDeadzone_ShouldReturnJustBelowCenterValue" />
    </UnitTest>
    <UnitTest name="UpdateScope_ItemsChangedWithNullScopeDuration_ReturnsTrue" storage="d:\actions-runner\_work\xpco\xpco\sc\components\remoteviewer\smartclient\tst\zsmartclient_unittest\bin\x64\debug\net472\zsmartclient_unittest.dll" id="cb87cf1a-c232-cb4e-8509-02ba48adec73">
      <TestCategory>
        <TestCategoryItem TestCategory="SearchModels" />
      </TestCategory>
      <Execution id="7d219780-4980-412b-b6ef-e0754b525f22" />
      <TestMethod codeBase="D:\actions-runner\_work\XPCO\XPCO\SC\Components\RemoteViewer\SmartClient\tst\zSmartClient_UnitTest\bin\x64\Debug\net472\zSmartClient_UnitTest.dll" adapterTypeName="executor://mstestadapter/v2" className="SmartClient_UnitTest.VideoOS.RemoteClient.Plugin.CentralizedSearch.Models.SearchScopeTests" name="UpdateScope_ItemsChangedWithNullScopeDuration_ReturnsTrue" />
    </UnitTest>
    <UnitTest name="SelectTemplate_NullViewModel_Throws" storage="d:\actions-runner\_work\xpco\xpco\sc\components\remoteviewer\smartclient\tst\zsmartclient_unittest\bin\x64\debug\net472\zsmartclient_unittest.dll" id="0b48726b-7d83-90f3-a7e6-6509817ad105">
      <TestCategory>
        <TestCategoryItem TestCategory="SearchViews" />
      </TestCategory>
      <Execution id="a1192c59-ebc6-421c-ab92-6a3d6c38b6c1" />
      <TestMethod codeBase="D:\actions-runner\_work\XPCO\XPCO\SC\Components\RemoteViewer\SmartClient\tst\zSmartClient_UnitTest\bin\x64\Debug\net472\zSmartClient_UnitTest.dll" adapterTypeName="executor://mstestadapter/v2" className="SmartClient_UnitTest.VideoOS.RemoteClient.Plugin.CentralizedSearch.Views.AttributeEditControlTemplateSelectorTests" name="SelectTemplate_NullViewModel_Throws" />
    </UnitTest>
    <UnitTest name="Perform_ActionLongAfterFirst_Success" storage="d:\actions-runner\_work\xpco\xpco\sc\components\remoteviewer\smartclient\tst\zsmartclient_unittest\bin\x64\debug\net472\zsmartclient_unittest.dll" id="1cf78aaf-7e14-43de-6645-da2adf43991c">
      <TestCategory>
        <TestCategoryItem TestCategory="UI.Facilitators" />
      </TestCategory>
      <Execution id="50cc526c-176d-4687-bb8e-6f9894f3b307" />
      <TestMethod codeBase="D:\actions-runner\_work\XPCO\XPCO\SC\Components\RemoteViewer\SmartClient\tst\zSmartClient_UnitTest\bin\x64\Debug\net472\zSmartClient_UnitTest.dll" adapterTypeName="executor://mstestadapter/v2" className="SmartClient_UnitTest.VideoOS.UI.Common.EventDrivenBufferWithDelayTests" name="Perform_ActionLongAfterFirst_Success" />
    </UnitTest>
    <UnitTest name="Constructor_ShouldRaiseArgumentNullException_WhenDecoratorsAreNull" storage="d:\actions-runner\_work\xpco\xpco\sc\components\remoteviewer\smartclient\tst\zsmartclient_unittest\bin\x64\debug\net472\zsmartclient_unittest.dll" id="6d237ca8-ac51-9a90-e310-d587619a886d">
      <TestCategory>
        <TestCategoryItem TestCategory="GisMap.DeviceSelectorWindow" />
      </TestCategory>
      <Execution id="e5e674a5-2734-4df5-8d25-148b2bd0b1ed" />
      <TestMethod codeBase="D:\actions-runner\_work\XPCO\XPCO\SC\Components\RemoteViewer\SmartClient\tst\zSmartClient_UnitTest\bin\x64\Debug\net472\zSmartClient_UnitTest.dll" adapterTypeName="executor://mstestadapter/v2" className="SmartClient_UnitTest.VideoOS.RemoteClient.Plugin.GisMap.Windows.GisMapSetup.DeviceSelectors.DeviceSelectorWindowTests" name="Constructor_ShouldRaiseArgumentNullException_WhenDecoratorsAreNull" />
    </UnitTest>
    <UnitTest name="ToUnsafeName_DifferentSeperator_Success" storage="d:\actions-runner\_work\xpco\xpco\sc\components\remoteviewer\smartclient\tst\zsmartclient_unittest\bin\x64\debug\net472\zsmartclient_unittest.dll" id="6bb54fbb-dfac-5d0a-56dc-de94512d7ee7">
      <Execution id="fb6435b4-2924-4ccc-a7a4-31cd98c4a652" />
      <TestMethod codeBase="D:\actions-runner\_work\XPCO\XPCO\SC\Components\RemoteViewer\SmartClient\tst\zSmartClient_UnitTest\bin\x64\Debug\net472\zSmartClient_UnitTest.dll" adapterTypeName="executor://mstestadapter/v2" className="SmartClient_UnitTest.VideoOS.RemoteClient.Application.Common.Scripting.ReservedJavascriptKeywordsTests" name="ToUnsafeName_DifferentSeperator_Success" />
    </UnitTest>
    <UnitTest name="ScrollIntoView_Sync_DataContextChange_Scrolled" storage="d:\actions-runner\_work\xpco\xpco\sc\components\remoteviewer\smartclient\tst\zsmartclient_unittest\bin\x64\debug\net472\zsmartclient_unittest.dll" id="e0d78dcd-5614-964a-05ab-ebe0da0d939b">
      <TestCategory>
        <TestCategoryItem TestCategory="Search" />
      </TestCategory>
      <Execution id="b94ea166-7bfa-4c38-82e1-08d310649f68" />
      <TestMethod codeBase="D:\actions-runner\_work\XPCO\XPCO\SC\Components\RemoteViewer\SmartClient\tst\zSmartClient_UnitTest\bin\x64\Debug\net472\zSmartClient_UnitTest.dll" adapterTypeName="executor://mstestadapter/v2" className="SmartClient_UnitTest.VideoOS.RemoteClient.Plugin.CentralizedSearch.Views.CriteriaViewTests" name="ScrollIntoView_Sync_DataContextChange_Scrolled" />
    </UnitTest>
    <UnitTest name="NavigateAndSelectAsync_CameraKind_CallDelegatedToViewModel" storage="d:\actions-runner\_work\xpco\xpco\sc\components\remoteviewer\smartclient\tst\zsmartclient_unittest\bin\x64\debug\net472\zsmartclient_unittest.dll" id="73f202f0-6b9c-f5c0-5b33-e4aa7777d3dd">
      <TestCategory>
        <TestCategoryItem TestCategory="GisMap.GisMapViewFacade" />
      </TestCategory>
      <Execution id="82131c8e-6a50-4653-bc6c-fc50e2b2080e" />
      <TestMethod codeBase="D:\actions-runner\_work\XPCO\XPCO\SC\Components\RemoteViewer\SmartClient\tst\zSmartClient_UnitTest\bin\x64\Debug\net472\zSmartClient_UnitTest.dll" adapterTypeName="executor://mstestadapter/v2" className="SmartClient_UnitTest.VideoOS.RemoteClient.Plugin.GisMap.IoC.GisMapViewFacadeTests" name="NavigateAndSelectAsync_CameraKind_CallDelegatedToViewModel" />
    </UnitTest>
    <UnitTest name="PtzSessionControllerInfo_ReservedChangedTest_Argument_Null_1" storage="d:\actions-runner\_work\xpco\xpco\sc\components\remoteviewer\smartclient\tst\zsmartclient_unittest\bin\x64\debug\net472\zsmartclient_unittest.dll" id="047ae752-4baa-4950-c45b-96826b207ed0">
      <Execution id="b970ecdf-e9aa-47fb-be32-814e8ebea326" />
      <TestMethod codeBase="D:\actions-runner\_work\XPCO\XPCO\SC\Components\RemoteViewer\SmartClient\tst\zSmartClient_UnitTest\bin\x64\Debug\net472\zSmartClient_UnitTest.dll" adapterTypeName="executor://mstestadapter/v2" className="VideoOS.RemoteClient.Application.Controllers.UnitTest.PtzSessionControllerTest" name="PtzSessionControllerInfo_ReservedChangedTest_Argument_Null_1" />
    </UnitTest>
    <UnitTest name="SearchResultsActionBarActions_Export_InvokeCommand_Success" storage="d:\actions-runner\_work\xpco\xpco\sc\components\remoteviewer\smartclient\tst\zsmartclient_unittest\bin\x64\debug\net472\zsmartclient_unittest.dll" id="b1732416-dfe0-9e87-af0e-b787555e9f9f">
      <TestCategory>
        <TestCategoryItem TestCategory="SearchResultActionBarViewModel" />
      </TestCategory>
      <Execution id="936b1351-a88d-44ee-8c08-1ed32ddfb31b" />
      <TestMethod codeBase="D:\actions-runner\_work\XPCO\XPCO\SC\Components\RemoteViewer\SmartClient\tst\zSmartClient_UnitTest\bin\x64\Debug\net472\zSmartClient_UnitTest.dll" adapterTypeName="executor://mstestadapter/v2" className="SmartClient_UnitTest.VideoOS.RemoteClient.Plugin.CentralizedSearch.ViewModels.SearchResultsActionBarViewModelTest" name="SearchResultsActionBarActions_Export_InvokeCommand_Success" />
    </UnitTest>
    <UnitTest name="TestUpdateState_SmartWallViewType" storage="d:\actions-runner\_work\xpco\xpco\sc\components\remoteviewer\smartclient\tst\zsmartclient_unittest\bin\x64\debug\net472\zsmartclient_unittest.dll" id="bf66e757-0492-e485-8a4b-fc8c1a4bef3b">
      <TestCategory>
        <TestCategoryItem TestCategory="WorkspaceToolbar" />
      </TestCategory>
      <Execution id="ad5b01ac-b4bf-4de9-9cd1-c2253c541375" />
      <TestMethod codeBase="D:\actions-runner\_work\XPCO\XPCO\SC\Components\RemoteViewer\SmartClient\tst\zSmartClient_UnitTest\bin\x64\Debug\net472\zSmartClient_UnitTest.dll" adapterTypeName="executor://mstestadapter/v2" className="SmartClient_UnitTest.VideoOS.RemoteClient.Application.Data.WorkspaceToolbar.WorkspaceToolbarItemSmartSearchTests" name="TestUpdateState_SmartWallViewType" />
    </UnitTest>
    <UnitTest name="GetIsOpenStreetMapValid_ShouldReturnFalse_WhenGeographicLayerIsUnavailableAndAlternativeServerIsEmpty" storage="d:\actions-runner\_work\xpco\xpco\sc\components\remoteviewer\smartclient\tst\zsmartclient_unittest\bin\x64\debug\net472\zsmartclient_unittest.dll" id="fb9b6cec-ea3c-18e4-a458-d89d0dfaac9b">
      <TestCategory>
        <TestCategoryItem TestCategory="GisMapData.Controllers.Osm" />
      </TestCategory>
      <Execution id="5099c1a9-de94-441e-93e2-f50a0f9d2905" />
      <TestMethod codeBase="D:\actions-runner\_work\XPCO\XPCO\SC\Components\RemoteViewer\SmartClient\tst\zSmartClient_UnitTest\bin\x64\Debug\net472\zSmartClient_UnitTest.dll" adapterTypeName="executor://mstestadapter/v2" className="SmartClient_UnitTest.VideoOS.RemoteClient.GisMapData.Controllers.Osm.GisMapOsmControllerTests" name="GetIsOpenStreetMapValid_ShouldReturnFalse_WhenGeographicLayerIsUnavailableAndAlternativeServerIsEmpty" />
    </UnitTest>
    <UnitTest name="MulticastInfoDto_ShouldYieldSameValues_WhenRoundTripConverted" storage="d:\actions-runner\_work\xpco\xpco\sc\components\remoteviewer\smartclient\tst\zsmartclient_unittest\bin\x64\debug\net472\zsmartclient_unittest.dll" id="fcff554d-34c8-97ff-ebce-88a9ec7d660a">
      <TestCategory>
        <TestCategoryItem TestCategory="RecorderProxyToDtoMapping" />
      </TestCategory>
      <Execution id="5aeaa314-5c4d-4a09-b8ff-37f0a31b27c2" />
      <TestMethod codeBase="D:\actions-runner\_work\XPCO\XPCO\SC\Components\RemoteViewer\SmartClient\tst\zSmartClient_UnitTest\bin\x64\Debug\net472\zSmartClient_UnitTest.dll" adapterTypeName="executor://mstestadapter/v2" className="VideoOS.Shared.ServerAPI.SOAP.RecorderClientMappingTests" name="MulticastInfoDto_ShouldYieldSameValues_WhenRoundTripConverted" />
    </UnitTest>
    <UnitTest name="FocussedSearchResult_FocussedSearchResultIsKeptWhenShowPartialResultsChanges" storage="d:\actions-runner\_work\xpco\xpco\sc\components\remoteviewer\smartclient\tst\zsmartclient_unittest\bin\x64\debug\net472\zsmartclient_unittest.dll" id="f482a2f5-ee23-f9e4-c2fa-729d4fc94abb">
      <TestCategory>
        <TestCategoryItem TestCategory="SearchViewModels" />
      </TestCategory>
      <Execution id="a5723327-4313-47f1-a5e6-a79b122fd022" />
      <TestMethod codeBase="D:\actions-runner\_work\XPCO\XPCO\SC\Components\RemoteViewer\SmartClient\tst\zSmartClient_UnitTest\bin\x64\Debug\net472\zSmartClient_UnitTest.dll" adapterTypeName="executor://mstestadapter/v2" className="SmartClient_UnitTest.VideoOS.RemoteClient.Plugin.CentralizedSearch.ViewModels.SearchViewModelTests" name="FocussedSearchResult_FocussedSearchResultIsKeptWhenShowPartialResultsChanges" />
    </UnitTest>
    <UnitTest name="SearchTemplatesEnabled_SaveSearchesServerOptionIsTrue_ReturnsTrue" storage="d:\actions-runner\_work\xpco\xpco\sc\components\remoteviewer\smartclient\tst\zsmartclient_unittest\bin\x64\debug\net472\zsmartclient_unittest.dll" id="56ff3fa9-0890-e06e-62f8-d4c54f830dfc">
      <TestCategory>
        <TestCategoryItem TestCategory="SearchViewModels" />
      </TestCategory>
      <Execution id="bc6ede63-00b5-4e93-a649-5c41bf3ff65e" />
      <TestMethod codeBase="D:\actions-runner\_work\XPCO\XPCO\SC\Components\RemoteViewer\SmartClient\tst\zSmartClient_UnitTest\bin\x64\Debug\net472\zSmartClient_UnitTest.dll" adapterTypeName="executor://mstestadapter/v2" className="SmartClient_UnitTest.VideoOS.RemoteClient.Plugin.CentralizedSearch.ViewModels.SearchViewModelTests" name="SearchTemplatesEnabled_SaveSearchesServerOptionIsTrue_ReturnsTrue" />
    </UnitTest>
    <UnitTest name="UpdateItemState_Hidden_WrongServerProtocol" storage="d:\actions-runner\_work\xpco\xpco\sc\components\remoteviewer\smartclient\tst\zsmartclient_unittest\bin\x64\debug\net472\zsmartclient_unittest.dll" id="abb67912-1d6f-1304-0ce6-d0a01fbfb2dc">
      <TestCategory>
        <TestCategoryItem TestCategory="ContentHolderToolbar" />
      </TestCategory>
      <Execution id="864701eb-c349-45d1-a960-f7d43a223bad" />
      <TestMethod codeBase="D:\actions-runner\_work\XPCO\XPCO\SC\Components\RemoteViewer\SmartClient\tst\zSmartClient_UnitTest\bin\x64\Debug\net472\zSmartClient_UnitTest.dll" adapterTypeName="executor://mstestadapter/v2" className="SmartClient_UnitTest.VideoOS.RemoteClient.Application.Data.ContentHolderToolbar.ToolBarItemSearchTests" name="UpdateItemState_Hidden_WrongServerProtocol" />
    </UnitTest>
    <UnitTest name="SupportsDoubleClick_ShouldBeFalse_WhenInteractionStateIsNormalAndNotInSetupMode" storage="d:\actions-runner\_work\xpco\xpco\sc\components\remoteviewer\smartclient\tst\zsmartclient_unittest\bin\x64\debug\net472\zsmartclient_unittest.dll" id="59476004-430a-3b34-3bb3-3229ecde9f89">
      <TestCategory>
        <TestCategoryItem TestCategory="GisMap.LegacyLinkMarker" />
      </TestCategory>
      <Execution id="2bbd71c0-d4a2-4d7b-81bb-a0c1d9759280" />
      <TestMethod codeBase="D:\actions-runner\_work\XPCO\XPCO\SC\Components\RemoteViewer\SmartClient\tst\zSmartClient_UnitTest\bin\x64\Debug\net472\zSmartClient_UnitTest.dll" adapterTypeName="executor://mstestadapter/v2" className="SmartClient_UnitTest.VideoOS.RemoteClient.Plugin.GisMap.ThinkGeoMap.Markers.LegacyLinkMarker.LegacyLinkMarkerTests" name="SupportsDoubleClick_ShouldBeFalse_WhenInteractionStateIsNormalAndNotInSetupMode" />
    </UnitTest>
    <UnitTest name="Initialize_ShouldAttachOptionChanged_WhenAllowOnlyFipsAlgorithmsIsFalse" storage="d:\actions-runner\_work\xpco\xpco\sc\components\remoteviewer\smartclient\tst\zsmartclient_unittest\bin\x64\debug\net472\zsmartclient_unittest.dll" id="283f9f13-cb3e-1218-3fcd-08b263d8e990">
      <TestCategory>
        <TestCategoryItem TestCategory="AccessControl" />
      </TestCategory>
      <Execution id="ea2fa14d-0737-44df-a50e-bc2e7daf1d04" />
      <TestMethod codeBase="D:\actions-runner\_work\XPCO\XPCO\SC\Components\RemoteViewer\SmartClient\tst\zSmartClient_UnitTest\bin\x64\Debug\net472\zSmartClient_UnitTest.dll" adapterTypeName="executor://mstestadapter/v2" className="SmartClient_UnitTest.VideoOS.RemoteClient.AccessControl.AccessControlManagerCoreTests" name="Initialize_ShouldAttachOptionChanged_WhenAllowOnlyFipsAlgorithmsIsFalse" />
    </UnitTest>
    <UnitTest name="GisMapModel_Save_Success" storage="d:\actions-runner\_work\xpco\xpco\sc\components\remoteviewer\smartclient\tst\zsmartclient_unittest\bin\x64\debug\net472\zsmartclient_unittest.dll" id="e9266c48-cfc4-e144-1936-f643e910fdf5">
      <TestCategory>
        <TestCategoryItem TestCategory="GisMap" />
      </TestCategory>
      <Execution id="c2e7bd7d-287b-4885-b61e-c2b3bb3f1089" />
      <TestMethod codeBase="D:\actions-runner\_work\XPCO\XPCO\SC\Components\RemoteViewer\SmartClient\tst\zSmartClient_UnitTest\bin\x64\Debug\net472\zSmartClient_UnitTest.dll" adapterTypeName="executor://mstestadapter/v2" className="SmartClient_UnitTest.VideoOS.RemoteClient.GisMapData.GisMapBasicTests" name="GisMapModel_Save_Success" />
    </UnitTest>
    <UnitTest name="UserHasEditPublicSearchPermission_HasEditPermission_ReturnsTrue" storage="d:\actions-runner\_work\xpco\xpco\sc\components\remoteviewer\smartclient\tst\zsmartclient_unittest\bin\x64\debug\net472\zsmartclient_unittest.dll" id="299b8bc8-9ed0-5ee6-8aa2-46e5da15a4a2">
      <TestCategory>
        <TestCategoryItem TestCategory="SearchTemplates" />
      </TestCategory>
      <Execution id="f660e427-a4e2-4151-9a7f-e84fd3687a80" />
      <TestMethod codeBase="D:\actions-runner\_work\XPCO\XPCO\SC\Components\RemoteViewer\SmartClient\tst\zSmartClient_UnitTest\bin\x64\Debug\net472\zSmartClient_UnitTest.dll" adapterTypeName="executor://mstestadapter/v2" className="SmartClient_UnitTest.VideoOS.RemoteClient.Plugin.CentralizedSearch.SearchTemplates.SearchTemplateManagerTests" name="UserHasEditPublicSearchPermission_HasEditPermission_ReturnsTrue" />
    </UnitTest>
    <UnitTest name="LoadBoundingShapes_RectangleShapeWithNegativeHeight_NotAddedToUI" storage="d:\actions-runner\_work\xpco\xpco\sc\components\remoteviewer\smartclient\tst\zsmartclient_unittest\bin\x64\debug\net472\zsmartclient_unittest.dll" id="ece9c0c6-7f24-79de-902b-ae084a6701cb">
      <Execution id="b74c64be-2c2d-4f28-929a-d031c7d0c2c1" />
      <TestMethod codeBase="D:\actions-runner\_work\XPCO\XPCO\SC\Components\RemoteViewer\SmartClient\tst\zSmartClient_UnitTest\bin\x64\Debug\net472\zSmartClient_UnitTest.dll" adapterTypeName="executor://mstestadapter/v2" className="SmartClient_UnitTest.VideoOS.RemoteClient.Plugin.CentralizedSearch.MIPPlugin.Results.VideoSearchResultUserControlTests" name="LoadBoundingShapes_RectangleShapeWithNegativeHeight_NotAddedToUI" />
    </UnitTest>
    <UnitTest name="SearchResultsActionBarActions_CreateSnapshot_OptionAvailable_Enabled" storage="d:\actions-runner\_work\xpco\xpco\sc\components\remoteviewer\smartclient\tst\zsmartclient_unittest\bin\x64\debug\net472\zsmartclient_unittest.dll" id="c4b0d9bd-4b80-996e-41b7-0bd28fc67a52">
      <TestCategory>
        <TestCategoryItem TestCategory="SearchResultActionBarViewModel" />
      </TestCategory>
      <Execution id="23c7bca2-b566-4359-8ec4-e20047f99c96" />
      <TestMethod codeBase="D:\actions-runner\_work\XPCO\XPCO\SC\Components\RemoteViewer\SmartClient\tst\zSmartClient_UnitTest\bin\x64\Debug\net472\zSmartClient_UnitTest.dll" adapterTypeName="executor://mstestadapter/v2" className="SmartClient_UnitTest.VideoOS.RemoteClient.Plugin.CentralizedSearch.ViewModels.SearchResultsActionBarViewModelTest" name="SearchResultsActionBarActions_CreateSnapshot_OptionAvailable_Enabled" />
    </UnitTest>
    <UnitTest name="PtzPresetsMenuViewModel_PtzReservedByCurrentUserTest" storage="d:\actions-runner\_work\xpco\xpco\sc\components\remoteviewer\smartclient\tst\zsmartclient_unittest\bin\x64\debug\net472\zsmartclient_unittest.dll" id="eaeacd17-7709-0ad4-3782-3c779da7e956">
      <Execution id="17bf7a09-f496-4d50-8f0f-a53b40cf5065" />
      <TestMethod codeBase="D:\actions-runner\_work\XPCO\XPCO\SC\Components\RemoteViewer\SmartClient\tst\zSmartClient_UnitTest\bin\x64\Debug\net472\zSmartClient_UnitTest.dll" adapterTypeName="executor://mstestadapter/v2" className="SmartClient_UnitTest.VideoOS.RemoteClient.Application.Data.ContentTypes.CameraContentType.PtzPresetsMenuViewModelTest" name="PtzPresetsMenuViewModel_PtzReservedByCurrentUserTest" />
    </UnitTest>
    <UnitTest name="CreateSearchTemplateAsync_Null_Failure" storage="d:\actions-runner\_work\xpco\xpco\sc\components\remoteviewer\smartclient\tst\zsmartclient_unittest\bin\x64\debug\net472\zsmartclient_unittest.dll" id="55f2a393-6280-6aa0-15de-d20389e1fd9f">
      <TestCategory>
        <TestCategoryItem TestCategory="SearchTemplatesService" />
      </TestCategory>
      <Execution id="b7b503dc-b0e9-49af-a45f-3742847bab96" />
      <TestMethod codeBase="D:\actions-runner\_work\XPCO\XPCO\SC\Components\RemoteViewer\SmartClient\tst\zSmartClient_UnitTest\bin\x64\Debug\net472\zSmartClient_UnitTest.dll" adapterTypeName="executor://mstestadapter/v2" className="SmartClient_UnitTest.VideoOS.RemoteClient.Plugin.CentralizedSearch.SearchTemplates.Service.SearchTemplateServiceTests" name="CreateSearchTemplateAsync_Null_Failure" />
    </UnitTest>
    <UnitTest name="AddSelectedWindowsToExport_ShouldShowCorrectToastMessages (5,0,0)" storage="d:\actions-runner\_work\xpco\xpco\sc\components\remoteviewer\smartclient\tst\zsmartclient_unittest\bin\x64\debug\net472\zsmartclient_unittest.dll" id="2d789d28-e6a7-138d-5118-90d326f34b7e">
      <TestCategory>
        <TestCategoryItem TestCategory="Managers" />
      </TestCategory>
      <Execution id="c63dbb89-98e8-4c07-858d-bc01fba33ad5" />
      <TestMethod codeBase="D:\actions-runner\_work\XPCO\XPCO\SC\Components\RemoteViewer\SmartClient\tst\zSmartClient_UnitTest\bin\x64\Debug\net472\zSmartClient_UnitTest.dll" adapterTypeName="executor://mstestadapter/v2" className="SmartClient_UnitTest.VideoOS.RemoteClient.Application.Managers.ExportManagerTests" name="AddSelectedWindowsToExport_ShouldShowCorrectToastMessages" />
    </UnitTest>
    <UnitTest name="OnMarkerSelected_ShouldAddMarkerToSelectionButNotStartInPlaceEditing_WhenExistingSelectionAndAddToSelectionIsTrue" storage="d:\actions-runner\_work\xpco\xpco\sc\components\remoteviewer\smartclient\tst\zsmartclient_unittest\bin\x64\debug\net472\zsmartclient_unittest.dll" id="6681258b-ffc2-f0da-0c92-25b111f465fa">
      <TestCategory>
        <TestCategoryItem TestCategory="SmartMap.SelectionHelper" />
      </TestCategory>
      <Execution id="e7acf694-1420-4fd8-8476-2933e21939f0" />
      <TestMethod codeBase="D:\actions-runner\_work\XPCO\XPCO\SC\Components\RemoteViewer\SmartClient\tst\zSmartClient_UnitTest\bin\x64\Debug\net472\zSmartClient_UnitTest.dll" adapterTypeName="executor://mstestadapter/v2" className="SmartClient_UnitTest.VideoOS.RemoteClient.Plugin.GisMap.ThinkGeoMap.SpecializedOverlays.Overlays.SelectionHelperTests" name="OnMarkerSelected_ShouldAddMarkerToSelectionButNotStartInPlaceEditing_WhenExistingSelectionAndAddToSelectionIsTrue" />
    </UnitTest>
    <UnitTest name="DetermineUserAllowsUnsecureConnection_WhereUserIsNotAskedAndUnsecureIsNotAllow_ShouldReturnFalse" storage="d:\actions-runner\_work\xpco\xpco\sc\components\remoteviewer\smartclient\tst\zsmartclient_unittest\bin\x64\debug\net472\zsmartclient_unittest.dll" id="e9b6f05b-8b63-04bd-4d02-75ef2000b3a9">
      <Execution id="3cb41a12-9d9d-4083-9a2a-c6a28779f2f9" />
      <TestMethod codeBase="D:\actions-runner\_work\XPCO\XPCO\SC\Components\RemoteViewer\SmartClient\tst\zSmartClient_UnitTest\bin\x64\Debug\net472\zSmartClient_UnitTest.dll" adapterTypeName="executor://mstestadapter/v2" className="VideoOS.RemoteClient.Application.Managers.UnitTest.AllowUnsecureConnectionManagerTests" name="DetermineUserAllowsUnsecureConnection_WhereUserIsNotAskedAndUnsecureIsNotAllow_ShouldReturnFalse" />
    </UnitTest>
    <UnitTest name="SearchAction_BrowseMode_30MinutesInTheFuture" storage="d:\actions-runner\_work\xpco\xpco\sc\components\remoteviewer\smartclient\tst\zsmartclient_unittest\bin\x64\debug\net472\zsmartclient_unittest.dll" id="61320e3d-b3bf-23f6-1c7c-0aea9f2fda01">
      <TestCategory>
        <TestCategoryItem TestCategory="ContentHolderToolbar" />
      </TestCategory>
      <Execution id="f73221dc-0b08-4340-8bb8-d16fc0d112d5" />
      <TestMethod codeBase="D:\actions-runner\_work\XPCO\XPCO\SC\Components\RemoteViewer\SmartClient\tst\zSmartClient_UnitTest\bin\x64\Debug\net472\zSmartClient_UnitTest.dll" adapterTypeName="executor://mstestadapter/v2" className="SmartClient_UnitTest.VideoOS.RemoteClient.Application.Data.ContentHolderToolbar.ToolBarItemSearchTests" name="SearchAction_BrowseMode_30MinutesInTheFuture" />
    </UnitTest>
    <UnitTest name="AddToExportTuples_ShouldReturnCorrectResult (0,1,1)" storage="d:\actions-runner\_work\xpco\xpco\sc\components\remoteviewer\smartclient\tst\zsmartclient_unittest\bin\x64\debug\net472\zsmartclient_unittest.dll" id="f91b226d-2b49-7c62-7356-ad2379db1ec6">
      <TestCategory>
        <TestCategoryItem TestCategory="Managers" />
      </TestCategory>
      <Execution id="a53683b4-25da-4040-9973-378313f9ff8d" />
      <TestMethod codeBase="D:\actions-runner\_work\XPCO\XPCO\SC\Components\RemoteViewer\SmartClient\tst\zSmartClient_UnitTest\bin\x64\Debug\net472\zSmartClient_UnitTest.dll" adapterTypeName="executor://mstestadapter/v2" className="SmartClient_UnitTest.VideoOS.RemoteClient.Application.Managers.ExportManagerTests" name="AddToExportTuples_ShouldReturnCorrectResult" />
    </UnitTest>
    <UnitTest name="DeviceIcons_ShouldNotBeNull_WhenCalled" storage="d:\actions-runner\_work\xpco\xpco\sc\components\remoteviewer\smartclient\tst\zsmartclient_unittest\bin\x64\debug\net472\zsmartclient_unittest.dll" id="e087b5f0-3763-6f36-256a-40fa9b7a8fcb">
      <TestCategory>
        <TestCategoryItem TestCategory="GisMapData.CameraOemResourcesProviderTests" />
      </TestCategory>
      <Execution id="22cfae53-ea64-4ffe-94c7-cac903a95358" />
      <TestMethod codeBase="D:\actions-runner\_work\XPCO\XPCO\SC\Components\RemoteViewer\SmartClient\tst\zSmartClient_UnitTest\bin\x64\Debug\net472\zSmartClient_UnitTest.dll" adapterTypeName="executor://mstestadapter/v2" className="SmartClient_UnitTest.VideoOS.RemoteClient.GisMapData.Resources.CameraOemResourcesProviderTests" name="DeviceIcons_ShouldNotBeNull_WhenCalled" />
    </UnitTest>
    <UnitTest name="SmartMapGetPositionRequestHandler_WhenDataIsNotSmartMapGetPositionRequestData_ShouldWriteToLog" storage="d:\actions-runner\_work\xpco\xpco\sc\components\remoteviewer\smartclient\tst\zsmartclient_unittest\bin\x64\debug\net472\zsmartclient_unittest.dll" id="5fd77bc3-628f-79b5-9bc7-14dea7ab0867">
      <Execution id="b76c1b88-54dc-4c45-9b8b-7721984d0f08" />
      <TestMethod codeBase="D:\actions-runner\_work\XPCO\XPCO\SC\Components\RemoteViewer\SmartClient\tst\zSmartClient_UnitTest\bin\x64\Debug\net472\zSmartClient_UnitTest.dll" adapterTypeName="executor://mstestadapter/v2" className="SmartClient_UnitTest.VideoOS.RemoteClient.Plugin.GisMap.MIP.ContentHolderMipMessageManagerTests" name="SmartMapGetPositionRequestHandler_WhenDataIsNotSmartMapGetPositionRequestData_ShouldWriteToLog" />
    </UnitTest>
    <UnitTest name="GetFeatures_CameraMapItemsLayer_FeaturesCollected" storage="d:\actions-runner\_work\xpco\xpco\sc\components\remoteviewer\smartclient\tst\zsmartclient_unittest\bin\x64\debug\net472\zsmartclient_unittest.dll" id="8c7cfc0f-91dd-5926-50e6-959c77c2ec34">
      <TestCategory>
        <TestCategoryItem TestCategory="GisMap" />
      </TestCategory>
      <Execution id="3e49b8ca-54b2-4483-bf91-e1b63bf35ec2" />
      <TestMethod codeBase="D:\actions-runner\_work\XPCO\XPCO\SC\Components\RemoteViewer\SmartClient\tst\zSmartClient_UnitTest\bin\x64\Debug\net472\zSmartClient_UnitTest.dll" adapterTypeName="executor://mstestadapter/v2" className="SmartClient_UnitTest.VideoOS.RemoteClient.GisMapData.GisMapBasicTests" name="GetFeatures_CameraMapItemsLayer_FeaturesCollected" />
    </UnitTest>
    <UnitTest name="AssignPanTiltValue_WhenValueIsOutsideDeadzone_ShouldReturnCenterValue" storage="d:\actions-runner\_work\xpco\xpco\sc\components\remoteviewer\smartclient\tst\zsmartclient_unittest\bin\x64\debug\net472\zsmartclient_unittest.dll" id="dacf30eb-2932-4de8-bb63-28183a1f0765">
      <Execution id="a1594427-8b9e-4298-addf-13b660e233ab" />
      <TestMethod codeBase="D:\actions-runner\_work\XPCO\XPCO\SC\Components\RemoteViewer\SmartClient\tst\zSmartClient_UnitTest\bin\x64\Debug\net472\zSmartClient_UnitTest.dll" adapterTypeName="executor://mstestadapter/v2" className="SmartClient_UnitTest.VideoOS.RemoteClient.Plugin.JoystickSupport.JoystickDeviceTests" name="AssignPanTiltValue_WhenValueIsOutsideDeadzone_ShouldReturnCenterValue" />
    </UnitTest>
    <UnitTest name="Yesterday_Success" storage="d:\actions-runner\_work\xpco\xpco\sc\components\remoteviewer\smartclient\tst\zsmartclient_unittest\bin\x64\debug\net472\zsmartclient_unittest.dll" id="7b69f7ac-73d5-55bc-5045-f13549ae846c">
      <TestCategory>
        <TestCategoryItem TestCategory="Search" />
      </TestCategory>
      <Execution id="817d34b2-6965-49bb-844b-1605fddfee17" />
      <TestMethod codeBase="D:\actions-runner\_work\XPCO\XPCO\SC\Components\RemoteViewer\SmartClient\tst\zSmartClient_UnitTest\bin\x64\Debug\net472\zSmartClient_UnitTest.dll" adapterTypeName="executor://mstestadapter/v2" className="SmartClient_UnitTest.VideoOS.RemoteClient.Plugin.CentralizedSearch.Models.ScopeDurationTests" name="Yesterday_Success" />
    </UnitTest>
    <UnitTest name="Connect_WhenMajorServerVersionIs13AndMinorServerVersionIs2_ShouldCreateOldSchClient" storage="d:\actions-runner\_work\xpco\xpco\sc\components\remoteviewer\smartclient\tst\zsmartclient_unittest\bin\x64\debug\net472\zsmartclient_unittest.dll" id="a466016b-4a7a-12db-67a6-4d7bfdd8044c">
      <Execution id="bfb365af-ced2-45d7-846a-56b52bbae5e3" />
      <TestMethod codeBase="D:\actions-runner\_work\XPCO\XPCO\SC\Components\RemoteViewer\SmartClient\tst\zSmartClient_UnitTest\bin\x64\Debug\net472\zSmartClient_UnitTest.dll" adapterTypeName="executor://mstestadapter/v2" className="VideoOS.Shared.ServerAPI.ServiceChannel.UnitTest.ServiceChannelCommandServiceTests" name="Connect_WhenMajorServerVersionIs13AndMinorServerVersionIs2_ShouldCreateOldSchClient" />
    </UnitTest>
    <UnitTest name="TestForAssemblyCoverage" storage="d:\actions-runner\_work\xpco\xpco\sc\components\remoteviewer\smartclient\tst\zsmartclient_unittest\bin\x64\debug\net472\zsmartclient_unittest.dll" id="7b7ac52a-fd20-eae1-4eee-941b2f9ad41c">
      <Execution id="8b5e8a7c-482d-473c-a02c-37a5b20486b8" />
      <TestMethod codeBase="D:\actions-runner\_work\XPCO\XPCO\SC\Components\RemoteViewer\SmartClient\tst\zSmartClient_UnitTest\bin\x64\Debug\net472\zSmartClient_UnitTest.dll" adapterTypeName="executor://mstestadapter/v2" className="SmartClient_UnitTest.VideoOS.RemoteClient.Plugin.AdvKeyControl.UnitTest1" name="TestForAssemblyCoverage" />
    </UnitTest>
    <UnitTest name="AddResults_ExcludePartialResults_TwoPartialResult_Success" storage="d:\actions-runner\_work\xpco\xpco\sc\components\remoteviewer\smartclient\tst\zsmartclient_unittest\bin\x64\debug\net472\zsmartclient_unittest.dll" id="b00af7f0-604c-fe77-ba1c-c7a5845e3353">
      <TestCategory>
        <TestCategoryItem TestCategory="SearchResultsPreprocessor.PartialResults" />
      </TestCategory>
      <Execution id="5e16c00c-d3b6-48af-9b88-54364371170d" />
      <TestMethod codeBase="D:\actions-runner\_work\XPCO\XPCO\SC\Components\RemoteViewer\SmartClient\tst\zSmartClient_UnitTest\bin\x64\Debug\net472\zSmartClient_UnitTest.dll" adapterTypeName="executor://mstestadapter/v2" className="SmartClient_UnitTest.VideoOS.RemoteClient.Plugin.CentralizedSearch.Models.SearchResultsPreprocessorTests" name="AddResults_ExcludePartialResults_TwoPartialResult_Success" />
    </UnitTest>
    <UnitTest name="PtzSessionControllerInfo_TimeChangedTest_Different_Timeout" storage="d:\actions-runner\_work\xpco\xpco\sc\components\remoteviewer\smartclient\tst\zsmartclient_unittest\bin\x64\debug\net472\zsmartclient_unittest.dll" id="5f62afcf-78b1-cf27-ec49-8afca2d6fc38">
      <Execution id="da3442e7-f6e9-434b-b4e1-f093b440265f" />
      <TestMethod codeBase="D:\actions-runner\_work\XPCO\XPCO\SC\Components\RemoteViewer\SmartClient\tst\zSmartClient_UnitTest\bin\x64\Debug\net472\zSmartClient_UnitTest.dll" adapterTypeName="executor://mstestadapter/v2" className="VideoOS.RemoteClient.Application.Controllers.UnitTest.PtzSessionControllerTest" name="PtzSessionControllerInfo_TimeChangedTest_Different_Timeout" />
    </UnitTest>
    <UnitTest name="WhenActionExecutedWithAlarmsForSoSubscribedObserverThenNoObserverNotified" storage="d:\actions-runner\_work\xpco\xpco\sc\components\remoteviewer\smartclient\tst\zsmartclient_unittest\bin\x64\debug\net472\zsmartclient_unittest.dll" id="a9a49dd9-77fa-e02e-a80e-c665ef39753c">
      <Execution id="b1f3c2f0-69fd-4b8a-89bc-f9fabd9331d2" />
      <TestMethod codeBase="D:\actions-runner\_work\XPCO\XPCO\SC\Components\RemoteViewer\SmartClient\tst\zSmartClient_UnitTest\bin\x64\Debug\net472\zSmartClient_UnitTest.dll" adapterTypeName="executor://mstestadapter/v2" className="SmartClient_UnitTest.VideoOS.RemoteClient.GisMapData.Common.AlarmObservableTest" name="WhenActionExecutedWithAlarmsForSoSubscribedObserverThenNoObserverNotified" />
    </UnitTest>
    <UnitTest name="Dispose_ShouldCloseAndRelease_WhenInvoked" storage="d:\actions-runner\_work\xpco\xpco\sc\components\remoteviewer\smartclient\tst\zsmartclient_unittest\bin\x64\debug\net472\zsmartclient_unittest.dll" id="2ee6bce4-4d10-a7ff-ad46-044be6c8e9a0">
      <TestCategory>
        <TestCategoryItem TestCategory="SmartMap.MapItemsOverlay" />
      </TestCategory>
      <Execution id="f0a6aa81-212b-4d86-9281-33ec4daeb190" />
      <TestMethod codeBase="D:\actions-runner\_work\XPCO\XPCO\SC\Components\RemoteViewer\SmartClient\tst\zSmartClient_UnitTest\bin\x64\Debug\net472\zSmartClient_UnitTest.dll" adapterTypeName="executor://mstestadapter/v2" className="SmartClient_UnitTest.VideoOS.RemoteClient.Plugin.GisMap.ThinkGeoMap.SpecializedOverlays.Overlays.MapItemsOverlayTests" name="Dispose_ShouldCloseAndRelease_WhenInvoked" />
    </UnitTest>
    <UnitTest name="GetUtcToday_DifferentTimeZoneDst_Success" storage="d:\actions-runner\_work\xpco\xpco\sc\components\remoteviewer\smartclient\tst\zsmartclient_unittest\bin\x64\debug\net472\zsmartclient_unittest.dll" id="7c80c5ff-8206-70cb-2a46-eb970cd4a208">
      <TestCategory>
        <TestCategoryItem TestCategory="Search" />
      </TestCategory>
      <Execution id="2bea1179-e261-422e-8546-004ba79e6a8d" />
      <TestMethod codeBase="D:\actions-runner\_work\XPCO\XPCO\SC\Components\RemoteViewer\SmartClient\tst\zSmartClient_UnitTest\bin\x64\Debug\net472\zSmartClient_UnitTest.dll" adapterTypeName="executor://mstestadapter/v2" className="SmartClient_UnitTest.VideoOS.RemoteClient.Plugin.CentralizedSearch.ViewModels.Data.TimeScopeTests" name="GetUtcToday_DifferentTimeZoneDst_Success" />
    </UnitTest>
    <UnitTest name="SearchAction_BrowseMode_30MinutesInThePast" storage="d:\actions-runner\_work\xpco\xpco\sc\components\remoteviewer\smartclient\tst\zsmartclient_unittest\bin\x64\debug\net472\zsmartclient_unittest.dll" id="da81eaec-1453-f24c-a30b-9b3f5e23a05c">
      <TestCategory>
        <TestCategoryItem TestCategory="WorkspaceToolbar" />
      </TestCategory>
      <Execution id="2bfe46cc-66b5-4ab6-ba88-e61f5b5734fa" />
      <TestMethod codeBase="D:\actions-runner\_work\XPCO\XPCO\SC\Components\RemoteViewer\SmartClient\tst\zSmartClient_UnitTest\bin\x64\Debug\net472\zSmartClient_UnitTest.dll" adapterTypeName="executor://mstestadapter/v2" className="SmartClient_UnitTest.VideoOS.RemoteClient.Application.Data.WorkspaceToolbar.WorkspaceToolbarItemSmartSearchTests" name="SearchAction_BrowseMode_30MinutesInThePast" />
    </UnitTest>
    <UnitTest name="EditCriteriaCommand_InEditSearchDefinition_Set" storage="d:\actions-runner\_work\xpco\xpco\sc\components\remoteviewer\smartclient\tst\zsmartclient_unittest\bin\x64\debug\net472\zsmartclient_unittest.dll" id="c0259e91-f91b-42ff-6977-459d0c7782fd">
      <TestCategory>
        <TestCategoryItem TestCategory="SearchViewModels" />
      </TestCategory>
      <Execution id="b1fa8533-db42-47f9-b2eb-23384260c0dd" />
      <TestMethod codeBase="D:\actions-runner\_work\XPCO\XPCO\SC\Components\RemoteViewer\SmartClient\tst\zSmartClient_UnitTest\bin\x64\Debug\net472\zSmartClient_UnitTest.dll" adapterTypeName="executor://mstestadapter/v2" className="SmartClient_UnitTest.VideoOS.RemoteClient.Plugin.CentralizedSearch.ViewModels.SearchViewModelTests" name="EditCriteriaCommand_InEditSearchDefinition_Set" />
    </UnitTest>
    <UnitTest name="AddToExportTuples_ShouldReturnCorrectResult (1,1,1)" storage="d:\actions-runner\_work\xpco\xpco\sc\components\remoteviewer\smartclient\tst\zsmartclient_unittest\bin\x64\debug\net472\zsmartclient_unittest.dll" id="d8b08358-1787-7f72-e88b-c6b80ebec05d">
      <TestCategory>
        <TestCategoryItem TestCategory="Managers" />
      </TestCategory>
      <Execution id="6f88fd89-9854-429e-98e0-9035751468b9" />
      <TestMethod codeBase="D:\actions-runner\_work\XPCO\XPCO\SC\Components\RemoteViewer\SmartClient\tst\zSmartClient_UnitTest\bin\x64\Debug\net472\zSmartClient_UnitTest.dll" adapterTypeName="executor://mstestadapter/v2" className="SmartClient_UnitTest.VideoOS.RemoteClient.Application.Managers.ExportManagerTests" name="AddToExportTuples_ShouldReturnCorrectResult" />
    </UnitTest>
    <UnitTest name="SearchResultsActionBarActions_CreateSnapshot_InvokeCommand_MultipleSnapshotsFailed_CorrectErrorMessageShown" storage="d:\actions-runner\_work\xpco\xpco\sc\components\remoteviewer\smartclient\tst\zsmartclient_unittest\bin\x64\debug\net472\zsmartclient_unittest.dll" id="f18dd244-4a09-e214-2e8b-a1adb5d41997">
      <TestCategory>
        <TestCategoryItem TestCategory="SearchResultActionBarViewModel" />
      </TestCategory>
      <Execution id="adc3ac4d-b5a1-4bc1-80af-75e1bc1b825e" />
      <TestMethod codeBase="D:\actions-runner\_work\XPCO\XPCO\SC\Components\RemoteViewer\SmartClient\tst\zSmartClient_UnitTest\bin\x64\Debug\net472\zSmartClient_UnitTest.dll" adapterTypeName="executor://mstestadapter/v2" className="SmartClient_UnitTest.VideoOS.RemoteClient.Plugin.CentralizedSearch.ViewModels.SearchResultsActionBarViewModelTest" name="SearchResultsActionBarActions_CreateSnapshot_InvokeCommand_MultipleSnapshotsFailed_CorrectErrorMessageShown" />
    </UnitTest>
    <UnitTest name="BookmarkSearchTime_WithSearchStringInDifferentCases_ReturnCorrectBookmarkWithSearchStringInDescription (,False,False,False,False,,SeArChStRiNg,1)" storage="d:\actions-runner\_work\xpco\xpco\sc\components\remoteviewer\smartclient\tst\zsmartclient_unittest\bin\x64\debug\net472\zsmartclient_unittest.dll" id="228d20c3-db2d-4eb9-0c15-bbc7ab7ead20">
      <Execution id="cc45ee7e-215f-488f-904b-b60442c59c33" />
      <TestMethod codeBase="D:\actions-runner\_work\XPCO\XPCO\SC\Components\RemoteViewer\SmartClient\tst\zSmartClient_UnitTest\bin\x64\Debug\net472\zSmartClient_UnitTest.dll" adapterTypeName="executor://mstestadapter/v2" className="SmartClient_UnitTest.VideoOS.RemoteClient.Application.Data.Offline.UnitTest.BookmarkExportReaderTest" name="BookmarkSearchTime_WithSearchStringInDifferentCases_ReturnCorrectBookmarkWithSearchStringInDescription" />
    </UnitTest>
    <UnitTest name="Tooltip_ShouldShowMicrophoneName_WhenMicrophoneIsDisabled" storage="d:\actions-runner\_work\xpco\xpco\sc\components\remoteviewer\smartclient\tst\zsmartclient_unittest\bin\x64\debug\net472\zsmartclient_unittest.dll" id="77538764-96ab-d361-cc57-e43d65dc3ccd">
      <TestCategory>
        <TestCategoryItem TestCategory="GisMap.MicrophoneMarkerTest" />
      </TestCategory>
      <Execution id="1b17e59d-34e8-4caf-8e76-608184138536" />
      <TestMethod codeBase="D:\actions-runner\_work\XPCO\XPCO\SC\Components\RemoteViewer\SmartClient\tst\zSmartClient_UnitTest\bin\x64\Debug\net472\zSmartClient_UnitTest.dll" adapterTypeName="executor://mstestadapter/v2" className="SmartClient_UnitTest.VideoOS.RemoteClient.Plugin.GisMap.ThinkGeoMap.Markers.DeviceMarkers.MicrophoneMarker.MicrophoneMarkerTests" name="Tooltip_ShouldShowMicrophoneName_WhenMicrophoneIsDisabled" />
    </UnitTest>
    <UnitTest name="Deserialize_UnknownFilterCategory_Error" storage="d:\actions-runner\_work\xpco\xpco\sc\components\remoteviewer\smartclient\tst\zsmartclient_unittest\bin\x64\debug\net472\zsmartclient_unittest.dll" id="a31ae58a-ac3b-c32e-1d10-665517748c9e">
      <TestCategory>
        <TestCategoryItem TestCategory="SearchSerialization" />
      </TestCategory>
      <Execution id="c374cd4a-97de-43a9-8cb8-4ba05b67e143" />
      <TestMethod codeBase="D:\actions-runner\_work\XPCO\XPCO\SC\Components\RemoteViewer\SmartClient\tst\zSmartClient_UnitTest\bin\x64\Debug\net472\zSmartClient_UnitTest.dll" adapterTypeName="executor://mstestadapter/v2" className="SmartClient_UnitTest.VideoOS.RemoteClient.Plugin.CentralizedSearch.Models.Serialization.SearchSerializerTests" name="Deserialize_UnknownFilterCategory_Error" />
    </UnitTest>
    <UnitTest name="DateToStringConverter_SingleConvertInvalidInput_UnsetValue" storage="d:\actions-runner\_work\xpco\xpco\sc\components\remoteviewer\smartclient\tst\zsmartclient_unittest\bin\x64\debug\net472\zsmartclient_unittest.dll" id="48d0aa96-83b2-ad6d-f963-8245525eabe9">
      <TestCategory>
        <TestCategoryItem TestCategory="SearchConverter" />
      </TestCategory>
      <Execution id="8d8a0efe-ca3a-4eea-9504-7a427960abfc" />
      <TestMethod codeBase="D:\actions-runner\_work\XPCO\XPCO\SC\Components\RemoteViewer\SmartClient\tst\zSmartClient_UnitTest\bin\x64\Debug\net472\zSmartClient_UnitTest.dll" adapterTypeName="executor://mstestadapter/v2" className="SmartClient_UnitTest.VideoOS.RemoteClient.Plugin.CentralizedSearch.Views.Converters.DurationToStringConverterTests" name="DateToStringConverter_SingleConvertInvalidInput_UnsetValue" />
    </UnitTest>
    <UnitTest name="IsProcessing_AddResults_Success" storage="d:\actions-runner\_work\xpco\xpco\sc\components\remoteviewer\smartclient\tst\zsmartclient_unittest\bin\x64\debug\net472\zsmartclient_unittest.dll" id="1d30d716-63ba-8629-37de-621fcc2f5f57">
      <TestCategory>
        <TestCategoryItem TestCategory="SearchResultsPreprocessor" />
      </TestCategory>
      <Execution id="9756db11-855d-4033-9816-56ad8f461adb" />
      <TestMethod codeBase="D:\actions-runner\_work\XPCO\XPCO\SC\Components\RemoteViewer\SmartClient\tst\zSmartClient_UnitTest\bin\x64\Debug\net472\zSmartClient_UnitTest.dll" adapterTypeName="executor://mstestadapter/v2" className="SmartClient_UnitTest.VideoOS.RemoteClient.Plugin.CentralizedSearch.Models.SearchResultsPreprocessorTests" name="IsProcessing_AddResults_Success" />
    </UnitTest>
    <UnitTest name="MapLayerType_ShouldBeViewZoneItemsMapLayer_WhenCalled" storage="d:\actions-runner\_work\xpco\xpco\sc\components\remoteviewer\smartclient\tst\zsmartclient_unittest\bin\x64\debug\net472\zsmartclient_unittest.dll" id="b89300df-44ea-f5d9-8c31-b46cc2e57c07">
      <Execution id="73c46b68-6a92-42ea-8389-33b06f84bdff" />
      <TestMethod codeBase="D:\actions-runner\_work\XPCO\XPCO\SC\Components\RemoteViewer\SmartClient\tst\zSmartClient_UnitTest\bin\x64\Debug\net472\zSmartClient_UnitTest.dll" adapterTypeName="executor://mstestadapter/v2" className="SmartClient_UnitTest.VideoOS.RemoteClient.GisMapData.Strategies.MapLayers.ViewZoneItemsMapLayerDatagramClassFactoryStrategyTests" name="MapLayerType_ShouldBeViewZoneItemsMapLayer_WhenCalled" />
    </UnitTest>
    <UnitTest name="ScrollWheelInTileLayout_ScrollDownWithoutCtrl_NoChangeInItemSize" storage="d:\actions-runner\_work\xpco\xpco\sc\components\remoteviewer\smartclient\tst\zsmartclient_unittest\bin\x64\debug\net472\zsmartclient_unittest.dll" id="54618795-0b49-cc31-65f0-11068addceea">
      <TestCategory>
        <TestCategoryItem TestCategory="SearchViews" />
      </TestCategory>
      <Execution id="7dcfa2ff-fb05-4cab-bdea-77fe106431d9" />
      <TestMethod codeBase="D:\actions-runner\_work\XPCO\XPCO\SC\Components\RemoteViewer\SmartClient\tst\zSmartClient_UnitTest\bin\x64\Debug\net472\zSmartClient_UnitTest.dll" adapterTypeName="executor://mstestadapter/v2" className="SmartClient_UnitTest.VideoOS.RemoteClient.Plugin.CentralizedSearch.Views.SearchResultsViewTests" name="ScrollWheelInTileLayout_ScrollDownWithoutCtrl_NoChangeInItemSize" />
    </UnitTest>
    <UnitTest name="CreateDefinition_ValidCategoryAndSortOrderSpecified_SearchStarted" storage="d:\actions-runner\_work\xpco\xpco\sc\components\remoteviewer\smartclient\tst\zsmartclient_unittest\bin\x64\debug\net472\zsmartclient_unittest.dll" id="d2a4e8f1-b2e6-68f0-1810-a5d540d2f7a3">
      <TestCategory>
        <TestCategoryItem TestCategory="SearchModels" />
      </TestCategory>
      <Execution id="aa634e48-a81d-4461-8751-ed120f28c492" />
      <TestMethod codeBase="D:\actions-runner\_work\XPCO\XPCO\SC\Components\RemoteViewer\SmartClient\tst\zSmartClient_UnitTest\bin\x64\Debug\net472\zSmartClient_UnitTest.dll" adapterTypeName="executor://mstestadapter/v2" className="SmartClient_UnitTest.VideoOS.RemoteClient.Plugin.CentralizedSearch.Models.SearchModelTests" name="CreateDefinition_ValidCategoryAndSortOrderSpecified_SearchStarted" />
    </UnitTest>
    <UnitTest name="PtzSessionControllerInfoConstructorTest_From_PtzSessionInfo_Basic_User_Current" storage="d:\actions-runner\_work\xpco\xpco\sc\components\remoteviewer\smartclient\tst\zsmartclient_unittest\bin\x64\debug\net472\zsmartclient_unittest.dll" id="6c2035c4-97e2-d122-0c36-23cf8131de7d">
      <Execution id="799dea9d-613e-417a-98a4-0161cce8993e" />
      <TestMethod codeBase="D:\actions-runner\_work\XPCO\XPCO\SC\Components\RemoteViewer\SmartClient\tst\zSmartClient_UnitTest\bin\x64\Debug\net472\zSmartClient_UnitTest.dll" adapterTypeName="executor://mstestadapter/v2" className="VideoOS.RemoteClient.Application.Controllers.UnitTest.PtzSessionControllerTest" name="PtzSessionControllerInfoConstructorTest_From_PtzSessionInfo_Basic_User_Current" />
    </UnitTest>
    <UnitTest name="BuildContentOptions_ShouldReturnCorrectWorkspaceName (73576FEA-BD0E-43C4-AD9D-589FBE4DC29B,Default title,Live)" storage="d:\actions-runner\_work\xpco\xpco\sc\components\remoteviewer\smartclient\tst\zsmartclient_unittest\bin\x64\debug\net472\zsmartclient_unittest.dll" id="0c50b0ff-2617-98bb-3217-a3a88ea54c14">
      <Execution id="5a42169d-466f-4f0a-b27c-9d402102fd18" />
      <TestMethod codeBase="D:\actions-runner\_work\XPCO\XPCO\SC\Components\RemoteViewer\SmartClient\tst\zSmartClient_UnitTest\bin\x64\Debug\net472\zSmartClient_UnitTest.dll" adapterTypeName="executor://mstestadapter/v2" className="SmartClient_UnitTest.VideoOS.RemoteClient.Application.Common.Telemetry.TelemetryBuilderTests" name="BuildContentOptions_ShouldReturnCorrectWorkspaceName" />
    </UnitTest>
    <UnitTest name="Ctor_Success" storage="d:\actions-runner\_work\xpco\xpco\sc\components\remoteviewer\smartclient\tst\zsmartclient_unittest\bin\x64\debug\net472\zsmartclient_unittest.dll" id="fcfc9cad-5753-f6cc-59a6-f568d4caf2fd">
      <TestCategory>
        <TestCategoryItem TestCategory="Search" />
      </TestCategory>
      <Execution id="d0685e18-8227-48b9-a2af-5b9dffa24234" />
      <TestMethod codeBase="D:\actions-runner\_work\XPCO\XPCO\SC\Components\RemoteViewer\SmartClient\tst\zSmartClient_UnitTest\bin\x64\Debug\net472\zSmartClient_UnitTest.dll" adapterTypeName="executor://mstestadapter/v2" className="SmartClient_UnitTest.VideoOS.RemoteClient.Plugin.CentralizedSearch.ViewModels.CompositeSearchWarningViewModelTests" name="Ctor_Success" />
    </UnitTest>
    <UnitTest name="DeleteMapItems_ShouldReturnFalse_WhenUserDeclinesDeletionOfMultipleItems" storage="d:\actions-runner\_work\xpco\xpco\sc\components\remoteviewer\smartclient\tst\zsmartclient_unittest\bin\x64\debug\net472\zsmartclient_unittest.dll" id="7693c0df-b71c-2c4d-9039-a2e154577900">
      <TestCategory>
        <TestCategoryItem TestCategory="GisMapModelController" />
      </TestCategory>
      <Execution id="41665c68-b05c-47f5-af8e-4e1db4a01c63" />
      <TestMethod codeBase="D:\actions-runner\_work\XPCO\XPCO\SC\Components\RemoteViewer\SmartClient\tst\zSmartClient_UnitTest\bin\x64\Debug\net472\zSmartClient_UnitTest.dll" adapterTypeName="executor://mstestadapter/v2" className="SmartClient_UnitTest.VideoOS.RemoteClient.GisMapData.GisMapModelControllerTests" name="DeleteMapItems_ShouldReturnFalse_WhenUserDeclinesDeletionOfMultipleItems" />
    </UnitTest>
    <UnitTest name="IsDeviceSupported_ShouldReturnTrue_WhenMicrophoneKind" storage="d:\actions-runner\_work\xpco\xpco\sc\components\remoteviewer\smartclient\tst\zsmartclient_unittest\bin\x64\debug\net472\zsmartclient_unittest.dll" id="2c8890ce-c89d-6a9e-b8c6-3ef6c4bffec5">
      <TestCategory>
        <TestCategoryItem TestCategory="GisMap.Controllers.Devices" />
      </TestCategory>
      <Execution id="5ea00dfe-ad8e-4715-9582-240273f9ff63" />
      <TestMethod codeBase="D:\actions-runner\_work\XPCO\XPCO\SC\Components\RemoteViewer\SmartClient\tst\zSmartClient_UnitTest\bin\x64\Debug\net472\zSmartClient_UnitTest.dll" adapterTypeName="executor://mstestadapter/v2" className="SmartClient_UnitTest.VideoOS.RemoteClient.Plugin.GisMap.Controllers.Devices.DeviceControllerTests" name="IsDeviceSupported_ShouldReturnTrue_WhenMicrophoneKind" />
    </UnitTest>
    <UnitTest name="SearchAction_BrowseMode_OneYearInTheFuture" storage="d:\actions-runner\_work\xpco\xpco\sc\components\remoteviewer\smartclient\tst\zsmartclient_unittest\bin\x64\debug\net472\zsmartclient_unittest.dll" id="58415a14-73c9-7515-7cc6-10b983611842">
      <TestCategory>
        <TestCategoryItem TestCategory="ContentHolderToolbar" />
      </TestCategory>
      <Execution id="54213b25-231c-4cd4-aa0c-0284cf204545" />
      <TestMethod codeBase="D:\actions-runner\_work\XPCO\XPCO\SC\Components\RemoteViewer\SmartClient\tst\zSmartClient_UnitTest\bin\x64\Debug\net472\zSmartClient_UnitTest.dll" adapterTypeName="executor://mstestadapter/v2" className="SmartClient_UnitTest.VideoOS.RemoteClient.Application.Data.ContentHolderToolbar.ToolBarItemSearchTests" name="SearchAction_BrowseMode_OneYearInTheFuture" />
    </UnitTest>
    <UnitTest name="CreateDefinition_NullValue_Throws" storage="d:\actions-runner\_work\xpco\xpco\sc\components\remoteviewer\smartclient\tst\zsmartclient_unittest\bin\x64\debug\net472\zsmartclient_unittest.dll" id="044f4a26-7cbd-7c3b-61fb-5e7facd7c43c">
      <TestCategory>
        <TestCategoryItem TestCategory="SearchModels" />
      </TestCategory>
      <Execution id="12cb51f1-f071-41f2-8591-76fb8cf77fa5" />
      <TestMethod codeBase="D:\actions-runner\_work\XPCO\XPCO\SC\Components\RemoteViewer\SmartClient\tst\zSmartClient_UnitTest\bin\x64\Debug\net472\zSmartClient_UnitTest.dll" adapterTypeName="executor://mstestadapter/v2" className="SmartClient_UnitTest.VideoOS.RemoteClient.Plugin.CentralizedSearch.Models.SearchModelTests" name="CreateDefinition_NullValue_Throws" />
    </UnitTest>
    <UnitTest name="UpdateSearchTemplateAsync_EmptyParameters_Success" storage="d:\actions-runner\_work\xpco\xpco\sc\components\remoteviewer\smartclient\tst\zsmartclient_unittest\bin\x64\debug\net472\zsmartclient_unittest.dll" id="9f4edaad-99c4-2eb1-ba6c-f50887f230cb">
      <TestCategory>
        <TestCategoryItem TestCategory="SearchTemplatesService" />
      </TestCategory>
      <Execution id="f84f1183-2cb1-48b5-af21-4c3771ccd015" />
      <TestMethod codeBase="D:\actions-runner\_work\XPCO\XPCO\SC\Components\RemoteViewer\SmartClient\tst\zSmartClient_UnitTest\bin\x64\Debug\net472\zSmartClient_UnitTest.dll" adapterTypeName="executor://mstestadapter/v2" className="SmartClient_UnitTest.VideoOS.RemoteClient.Plugin.CentralizedSearch.SearchTemplates.Service.SearchTemplateServiceTests" name="UpdateSearchTemplateAsync_EmptyParameters_Success" />
    </UnitTest>
    <UnitTest name="ClearSelectedCamerasCommand_EmptyList_CommandNotExecutable" storage="d:\actions-runner\_work\xpco\xpco\sc\components\remoteviewer\smartclient\tst\zsmartclient_unittest\bin\x64\debug\net472\zsmartclient_unittest.dll" id="00ac5168-01a9-aa78-532b-b6d6c419a156">
      <TestCategory>
        <TestCategoryItem TestCategory="SearchViewModels" />
      </TestCategory>
      <Execution id="bf3aa694-b8c1-4ade-a450-7f6511f5d4d0" />
      <TestMethod codeBase="D:\actions-runner\_work\XPCO\XPCO\SC\Components\RemoteViewer\SmartClient\tst\zSmartClient_UnitTest\bin\x64\Debug\net472\zSmartClient_UnitTest.dll" adapterTypeName="executor://mstestadapter/v2" className="SmartClient_UnitTest.VideoOS.RemoteClient.Plugin.CentralizedSearch.ViewModels.SearchViewModelTests" name="ClearSelectedCamerasCommand_EmptyList_CommandNotExecutable" />
    </UnitTest>
    <UnitTest name="ShouldReturnTrueWhenScaleChanged" storage="d:\actions-runner\_work\xpco\xpco\sc\components\remoteviewer\smartclient\tst\zsmartclient_unittest\bin\x64\debug\net472\zsmartclient_unittest.dll" id="0d6c642a-81af-572a-f3ab-8e4b1d302c6a">
      <TestCategory>
        <TestCategoryItem TestCategory="MipItemsUpdateStrategy" />
      </TestCategory>
      <Execution id="352a1f9b-d871-4624-9589-165c4e0250a7" />
      <TestMethod codeBase="D:\actions-runner\_work\XPCO\XPCO\SC\Components\RemoteViewer\SmartClient\tst\zSmartClient_UnitTest\bin\x64\Debug\net472\zSmartClient_UnitTest.dll" adapterTypeName="executor://mstestadapter/v2" className="SmartClient_UnitTest.VideoOS.RemoteClient.Plugin.GisMap.MIP.MipItemsUpdateStrategyTests" name="ShouldReturnTrueWhenScaleChanged" />
    </UnitTest>
    <UnitTest name="Ctor_NoAppConfigOverride_AddScriptSetToFalse" storage="d:\actions-runner\_work\xpco\xpco\sc\components\remoteviewer\smartclient\tst\zsmartclient_unittest\bin\x64\debug\net472\zsmartclient_unittest.dll" id="5b1daa6e-5313-bb62-6c77-c9a482eb7914">
      <Execution id="4484a346-2822-429d-9c71-a920af4947b9" />
      <TestMethod codeBase="D:\actions-runner\_work\XPCO\XPCO\SC\Components\RemoteViewer\SmartClient\tst\zSmartClient_UnitTest\bin\x64\Debug\net472\zSmartClient_UnitTest.dll" adapterTypeName="executor://mstestadapter/v2" className="SmartClient_UnitTest.VideoOS.RemoteClient.Plugin.HtmlViewItem.HtmlContentHolderTests" name="Ctor_NoAppConfigOverride_AddScriptSetToFalse" />
    </UnitTest>
    <UnitTest name="Both enabled, not forced" storage="d:\actions-runner\_work\xpco\xpco\sc\components\remoteviewer\smartclient\tst\zsmartclient_unittest\bin\x64\debug\net472\zsmartclient_unittest.dll" id="652e2acd-4b9b-c94b-6cb4-ec087b7c4d43">
      <TestCategory>
        <TestCategoryItem TestCategory="Export" />
      </TestCategory>
      <Execution id="4f642df6-3e58-493d-8048-44dad9524896" />
      <TestMethod codeBase="D:\actions-runner\_work\XPCO\XPCO\SC\Components\RemoteViewer\SmartClient\tst\zSmartClient_UnitTest\bin\x64\Debug\net472\zSmartClient_UnitTest.dll" adapterTypeName="executor://mstestadapter/v2" className="SmartClient_UnitTest.VideoOS.RemoteClient.Plugin.Export.CreateExportDialogViewModelTests" name="CreateExportDialog_ExportDestinationPreSelected_BasedOnOptions" />
    </UnitTest>
    <UnitTest name="GetSnapshots_NoImageAvailable_Failure" storage="d:\actions-runner\_work\xpco\xpco\sc\components\remoteviewer\smartclient\tst\zsmartclient_unittest\bin\x64\debug\net472\zsmartclient_unittest.dll" id="ec15ac28-e259-9e0e-79de-b4c8ed950c52">
      <TestCategory>
        <TestCategoryItem TestCategory="Search" />
      </TestCategory>
      <Execution id="d1194d49-65dc-4986-be9c-cf26a361c3f8" />
      <TestMethod codeBase="D:\actions-runner\_work\XPCO\XPCO\SC\Components\RemoteViewer\SmartClient\tst\zSmartClient_UnitTest\bin\x64\Debug\net472\zSmartClient_UnitTest.dll" adapterTypeName="executor://mstestadapter/v2" className="SmartClient_UnitTest.VideoOS.RemoteClient.Plugin.CentralizedSearch.ViewModels.Data.SnapshotHandlerTests" name="GetSnapshots_NoImageAvailable_Failure" />
    </UnitTest>
    <UnitTest name="AddToExportDevices_ShouldAddToExportData (0)" storage="d:\actions-runner\_work\xpco\xpco\sc\components\remoteviewer\smartclient\tst\zsmartclient_unittest\bin\x64\debug\net472\zsmartclient_unittest.dll" id="5876e8ec-2002-4245-4ea9-8cdb899ab34a">
      <TestCategory>
        <TestCategoryItem TestCategory="Managers" />
      </TestCategory>
      <Execution id="4c707c13-0856-45fe-a390-2105fef4d28b" />
      <TestMethod codeBase="D:\actions-runner\_work\XPCO\XPCO\SC\Components\RemoteViewer\SmartClient\tst\zSmartClient_UnitTest\bin\x64\Debug\net472\zSmartClient_UnitTest.dll" adapterTypeName="executor://mstestadapter/v2" className="SmartClient_UnitTest.VideoOS.RemoteClient.Application.Managers.ExportManagerTests" name="AddToExportDevices_ShouldAddToExportData" />
    </UnitTest>
    <UnitTest name="OnIsVisiblePropertyChanged_ShouldActivateSoundOfAllUnmutedMicrophones_WhenShowingMicrophonesLayer" storage="d:\actions-runner\_work\xpco\xpco\sc\components\remoteviewer\smartclient\tst\zsmartclient_unittest\bin\x64\debug\net472\zsmartclient_unittest.dll" id="0aa70671-374f-7770-8a94-a9ce6a48572f">
      <TestCategory>
        <TestCategoryItem TestCategory="GisMapData.MapLayers" />
      </TestCategory>
      <Execution id="53ad2091-800b-46e2-bcbb-b93c2f7a49e5" />
      <TestMethod codeBase="D:\actions-runner\_work\XPCO\XPCO\SC\Components\RemoteViewer\SmartClient\tst\zSmartClient_UnitTest\bin\x64\Debug\net472\zSmartClient_UnitTest.dll" adapterTypeName="executor://mstestadapter/v2" className="SmartClient_UnitTest.VideoOS.RemoteClient.GisMapData.MapLayers.MicrophoneItemsMapLayerTests" name="OnIsVisiblePropertyChanged_ShouldActivateSoundOfAllUnmutedMicrophones_WhenShowingMicrophonesLayer" />
    </UnitTest>
    <UnitTest name="ActiveInteractionStateBinding_ShouldOnlyContainNormalAndNewDevice_WhenCtorIsCalled" storage="d:\actions-runner\_work\xpco\xpco\sc\components\remoteviewer\smartclient\tst\zsmartclient_unittest\bin\x64\debug\net472\zsmartclient_unittest.dll" id="540a3b23-7cf4-4873-bac2-ebb7a9a2a9f2">
      <TestCategory>
        <TestCategoryItem TestCategory="GisMap.CameraMarker" />
      </TestCategory>
      <Execution id="1d619094-5468-4be0-8a54-0cc0f699a0a3" />
      <TestMethod codeBase="D:\actions-runner\_work\XPCO\XPCO\SC\Components\RemoteViewer\SmartClient\tst\zSmartClient_UnitTest\bin\x64\Debug\net472\zSmartClient_UnitTest.dll" adapterTypeName="executor://mstestadapter/v2" className="SmartClient_UnitTest.VideoOS.RemoteClient.Plugin.GisMap.ThinkGeoMap.Markers.DeviceMarkers.CameraMarker.CameraMarkerTests" name="ActiveInteractionStateBinding_ShouldOnlyContainNormalAndNewDevice_WhenCtorIsCalled" />
    </UnitTest>
    <UnitTest name="SetCustomPickerResult_Set_CustomIntervalOpenResetAndNotificationFired" storage="d:\actions-runner\_work\xpco\xpco\sc\components\remoteviewer\smartclient\tst\zsmartclient_unittest\bin\x64\debug\net472\zsmartclient_unittest.dll" id="c5313a02-9751-5e36-b637-63c29c825679">
      <TestCategory>
        <TestCategoryItem TestCategory="SearchViewModels" />
      </TestCategory>
      <Execution id="49acd78b-863f-4338-b6c6-956b2952083c" />
      <TestMethod codeBase="D:\actions-runner\_work\XPCO\XPCO\SC\Components\RemoteViewer\SmartClient\tst\zSmartClient_UnitTest\bin\x64\Debug\net472\zSmartClient_UnitTest.dll" adapterTypeName="executor://mstestadapter/v2" className="SmartClient_UnitTest.VideoOS.RemoteClient.Plugin.CentralizedSearch.ViewModels.SearchViewModelTests" name="SetCustomPickerResult_Set_CustomIntervalOpenResetAndNotificationFired" />
    </UnitTest>
    <UnitTest name="AddResults_ExcludePartialResults_OnePartialResult_Success" storage="d:\actions-runner\_work\xpco\xpco\sc\components\remoteviewer\smartclient\tst\zsmartclient_unittest\bin\x64\debug\net472\zsmartclient_unittest.dll" id="6bd5f4c7-c179-311a-1fc1-8d1f4fd89099">
      <TestCategory>
        <TestCategoryItem TestCategory="SearchResultsPreprocessor.PartialResults" />
      </TestCategory>
      <Execution id="44f1a18e-4de9-4c22-b9b1-4ded5d4a748f" />
      <TestMethod codeBase="D:\actions-runner\_work\XPCO\XPCO\SC\Components\RemoteViewer\SmartClient\tst\zSmartClient_UnitTest\bin\x64\Debug\net472\zSmartClient_UnitTest.dll" adapterTypeName="executor://mstestadapter/v2" className="SmartClient_UnitTest.VideoOS.RemoteClient.Plugin.CentralizedSearch.Models.SearchResultsPreprocessorTests" name="AddResults_ExcludePartialResults_OnePartialResult_Success" />
    </UnitTest>
    <UnitTest name="SearchResultsActionBarActions_CreateSnapshot_InvokeCommand_SingleSnapshotFailed_CorrectErrorMessageShown" storage="d:\actions-runner\_work\xpco\xpco\sc\components\remoteviewer\smartclient\tst\zsmartclient_unittest\bin\x64\debug\net472\zsmartclient_unittest.dll" id="c1c2bc59-f0a7-06da-8b9c-e5d38bba111a">
      <TestCategory>
        <TestCategoryItem TestCategory="SearchResultActionBarViewModel" />
      </TestCategory>
      <Execution id="d46a596b-d3dd-4c1b-9c84-754b30aeb891" />
      <TestMethod codeBase="D:\actions-runner\_work\XPCO\XPCO\SC\Components\RemoteViewer\SmartClient\tst\zSmartClient_UnitTest\bin\x64\Debug\net472\zSmartClient_UnitTest.dll" adapterTypeName="executor://mstestadapter/v2" className="SmartClient_UnitTest.VideoOS.RemoteClient.Plugin.CentralizedSearch.ViewModels.SearchResultsActionBarViewModelTest" name="SearchResultsActionBarActions_CreateSnapshot_InvokeCommand_SingleSnapshotFailed_CorrectErrorMessageShown" />
    </UnitTest>
    <UnitTest name="SetFeatures_CameraMapItemsLayer_Success" storage="d:\actions-runner\_work\xpco\xpco\sc\components\remoteviewer\smartclient\tst\zsmartclient_unittest\bin\x64\debug\net472\zsmartclient_unittest.dll" id="103905f4-9b3f-baa3-099f-93a0f91d8394">
      <TestCategory>
        <TestCategoryItem TestCategory="GisMap" />
      </TestCategory>
      <Execution id="3519d467-d14b-4ed5-9d3c-61ee50d5b634" />
      <TestMethod codeBase="D:\actions-runner\_work\XPCO\XPCO\SC\Components\RemoteViewer\SmartClient\tst\zSmartClient_UnitTest\bin\x64\Debug\net472\zSmartClient_UnitTest.dll" adapterTypeName="executor://mstestadapter/v2" className="SmartClient_UnitTest.VideoOS.RemoteClient.GisMapData.GisMapBasicTests" name="SetFeatures_CameraMapItemsLayer_Success" />
    </UnitTest>
    <UnitTest name="RemoveMicTest" storage="d:\actions-runner\_work\xpco\xpco\sc\components\remoteviewer\smartclient\tst\zsmartclient_unittest\bin\x64\debug\net472\zsmartclient_unittest.dll" id="c182b392-9fcc-95a2-7938-cd3b2c46ad54">
      <Execution id="da11c571-f0ee-4597-bbf9-ca726b3ed90c" />
      <TestMethod codeBase="D:\actions-runner\_work\XPCO\XPCO\SC\Components\RemoteViewer\SmartClient\tst\zSmartClient_UnitTest\bin\x64\Debug\net472\zSmartClient_UnitTest.dll" adapterTypeName="executor://mstestadapter/v2" className="SmartClient_UnitTest.VideoOS.Shared.ServerAPI.IServerConfigurationTest" name="RemoveMicTest" />
    </UnitTest>
    <UnitTest name="ParseExceptionToTokenError_ShouldReturnTokenErrors_WhenExceptionIsKnown" storage="d:\actions-runner\_work\xpco\xpco\sc\components\remoteviewer\smartclient\tst\zsmartclient_unittest\bin\x64\debug\net472\zsmartclient_unittest.dll" id="450403dd-612e-6c5e-cdd7-e2b614d0687c">
      <TestCategory>
        <TestCategoryItem TestCategory="ServerCommandController.IDPToken" />
      </TestCategory>
      <Execution id="60afa3e8-499b-43f3-ba68-c34803401db1" />
      <TestMethod codeBase="D:\actions-runner\_work\XPCO\XPCO\SC\Components\RemoteViewer\SmartClient\tst\zSmartClient_UnitTest\bin\x64\Debug\net472\zSmartClient_UnitTest.dll" adapterTypeName="executor://mstestadapter/v2" className="SmartClient_UnitTest.VideoOS.RemoteClient.Application.Controllers.TokenExceptionsConverterTests" name="ParseExceptionToTokenError_ShouldReturnTokenErrors_WhenExceptionIsKnown" />
    </UnitTest>
    <UnitTest name="OnLayersRetrieved_ShouldSetComponentsOrdered_WhenLayersCollectionContainsInput" storage="d:\actions-runner\_work\xpco\xpco\sc\components\remoteviewer\smartclient\tst\zsmartclient_unittest\bin\x64\debug\net472\zsmartclient_unittest.dll" id="23e6b65b-70a8-06de-4fd2-1098c3da7047">
      <TestCategory>
        <TestCategoryItem TestCategory="GisMap.DeviceSelectorWindowViewModel" />
      </TestCategory>
      <Execution id="404398d5-0a6a-48ba-a782-376c3406bcb0" />
      <TestMethod codeBase="D:\actions-runner\_work\XPCO\XPCO\SC\Components\RemoteViewer\SmartClient\tst\zSmartClient_UnitTest\bin\x64\Debug\net472\zSmartClient_UnitTest.dll" adapterTypeName="executor://mstestadapter/v2" className="SmartClient_UnitTest.VideoOS.RemoteClient.Plugin.GisMap.ViewModels.DeviceSelectorWindowViewModelTests" name="OnLayersRetrieved_ShouldSetComponentsOrdered_WhenLayersCollectionContainsInput" />
    </UnitTest>
    <UnitTest name="TestConstructor_Copy_Success" storage="d:\actions-runner\_work\xpco\xpco\sc\components\remoteviewer\smartclient\tst\zsmartclient_unittest\bin\x64\debug\net472\zsmartclient_unittest.dll" id="eaed56d6-5fe7-43a9-6be3-9e902b595505">
      <Execution id="40ae391c-58a8-494d-bcbb-07e089fd3841" />
      <TestMethod codeBase="D:\actions-runner\_work\XPCO\XPCO\SC\Components\RemoteViewer\SmartClient\tst\zSmartClient_UnitTest\bin\x64\Debug\net472\zSmartClient_UnitTest.dll" adapterTypeName="executor://mstestadapter/v2" className="SmartClient_UnitTest.VideoOS.RemoteClient.GisMap.Common.MapPoint2DTest" name="TestConstructor_Copy_Success" />
    </UnitTest>
    <UnitTest name="SearchAction_LiveMode" storage="d:\actions-runner\_work\xpco\xpco\sc\components\remoteviewer\smartclient\tst\zsmartclient_unittest\bin\x64\debug\net472\zsmartclient_unittest.dll" id="b747edf0-9262-f0c5-aca1-78a34402aa92">
      <TestCategory>
        <TestCategoryItem TestCategory="WorkspaceToolbar" />
      </TestCategory>
      <Execution id="5a300866-b0a8-4655-914c-77a779f4c959" />
      <TestMethod codeBase="D:\actions-runner\_work\XPCO\XPCO\SC\Components\RemoteViewer\SmartClient\tst\zSmartClient_UnitTest\bin\x64\Debug\net472\zSmartClient_UnitTest.dll" adapterTypeName="executor://mstestadapter/v2" className="SmartClient_UnitTest.VideoOS.RemoteClient.Application.Data.WorkspaceToolbar.WorkspaceToolbarItemSmartSearchTests" name="SearchAction_LiveMode" />
    </UnitTest>
    <UnitTest name="GetDefaultReportDestination_WrongUserSettings_ReturnsDefaultFolder" storage="d:\actions-runner\_work\xpco\xpco\sc\components\remoteviewer\smartclient\tst\zsmartclient_unittest\bin\x64\debug\net472\zsmartclient_unittest.dll" id="603c4aa1-d1a2-454e-a0ed-ef37e0b81ab7">
      <TestCategory>
        <TestCategoryItem TestCategory="Search" />
      </TestCategory>
      <Execution id="fa3ace82-6c89-4cff-8990-32892440e6d5" />
      <TestMethod codeBase="D:\actions-runner\_work\XPCO\XPCO\SC\Components\RemoteViewer\SmartClient\tst\zSmartClient_UnitTest\bin\x64\Debug\net472\zSmartClient_UnitTest.dll" adapterTypeName="executor://mstestadapter/v2" className="SmartClient_UnitTest.VideoOS.RemoteClient.Plugin.CentralizedSearch.ViewModels.SearchReportViewModelTests" name="GetDefaultReportDestination_WrongUserSettings_ReturnsDefaultFolder" />
    </UnitTest>
    <UnitTest name="WorkspaceToolBarItemExportAdd_ShouldGoIntoSelectionMode_WhenNotInSelectionMode" storage="d:\actions-runner\_work\xpco\xpco\sc\components\remoteviewer\smartclient\tst\zsmartclient_unittest\bin\x64\debug\net472\zsmartclient_unittest.dll" id="b532dcb5-d46e-e627-c8a2-132588b28593">
      <Execution id="23c7d41c-90ef-4585-a4ff-6c408ab8bc03" />
      <TestMethod codeBase="D:\actions-runner\_work\XPCO\XPCO\SC\Components\RemoteViewer\SmartClient\tst\zSmartClient_UnitTest\bin\x64\Debug\net472\zSmartClient_UnitTest.dll" adapterTypeName="executor://mstestadapter/v2" className="SmartClient_UnitTest.VideoOS.RemoteClient.Application.Data.WorkspaceToolbar.WorkspaceToolbarItemsTimelineSelectionModeTests" name="WorkspaceToolBarItemExportAdd_ShouldGoIntoSelectionMode_WhenNotInSelectionMode" />
    </UnitTest>
    <UnitTest name="TryGetEventServerIdByACSystemId_ShouldReturnFalse_WhenEventServerIdIsNotPartOfServerConfiguredAccessControlSystemsDictionary" storage="d:\actions-runner\_work\xpco\xpco\sc\components\remoteviewer\smartclient\tst\zsmartclient_unittest\bin\x64\debug\net472\zsmartclient_unittest.dll" id="1f3c2e70-43ac-a9e9-ce4b-d72a9af7f0f0">
      <TestCategory>
        <TestCategoryItem TestCategory="AccessControl" />
      </TestCategory>
      <Execution id="8a9a156c-b93c-42f7-88d3-d4c061ca6fad" />
      <TestMethod codeBase="D:\actions-runner\_work\XPCO\XPCO\SC\Components\RemoteViewer\SmartClient\tst\zSmartClient_UnitTest\bin\x64\Debug\net472\zSmartClient_UnitTest.dll" adapterTypeName="executor://mstestadapter/v2" className="SmartClient_UnitTest.VideoOS.RemoteClient.AccessControl.AccessControlLoginInfoTests" name="TryGetEventServerIdByACSystemId_ShouldReturnFalse_WhenEventServerIdIsNotPartOfServerConfiguredAccessControlSystemsDictionary" />
    </UnitTest>
    <UnitTest name="SmartMapGoToLocationHandler_WhenDataIsNotSmartMapGoToLocationCommandData_ShouldWriteToLog" storage="d:\actions-runner\_work\xpco\xpco\sc\components\remoteviewer\smartclient\tst\zsmartclient_unittest\bin\x64\debug\net472\zsmartclient_unittest.dll" id="45576843-c696-061d-15e3-1a981d4c54b2">
      <Execution id="489fa72e-ce61-4bec-9554-1edd934797e0" />
      <TestMethod codeBase="D:\actions-runner\_work\XPCO\XPCO\SC\Components\RemoteViewer\SmartClient\tst\zSmartClient_UnitTest\bin\x64\Debug\net472\zSmartClient_UnitTest.dll" adapterTypeName="executor://mstestadapter/v2" className="SmartClient_UnitTest.VideoOS.RemoteClient.Plugin.GisMap.MIP.ContentHolderMipMessageManagerTests" name="SmartMapGoToLocationHandler_WhenDataIsNotSmartMapGoToLocationCommandData_ShouldWriteToLog" />
    </UnitTest>
    <UnitTest name="InputMapItem_ForceActivateAsync_InBuilding_MapLayerHidden_Success" storage="d:\actions-runner\_work\xpco\xpco\sc\components\remoteviewer\smartclient\tst\zsmartclient_unittest\bin\x64\debug\net472\zsmartclient_unittest.dll" id="117fa8ef-1259-0f08-beca-cde4c7f00c30">
      <TestCategory>
        <TestCategoryItem TestCategory="GisMapData.MapItem.Inputs" />
      </TestCategory>
      <Execution id="337b6cac-5ae3-4e48-a6a0-30e3a86ed57b" />
      <TestMethod codeBase="D:\actions-runner\_work\XPCO\XPCO\SC\Components\RemoteViewer\SmartClient\tst\zSmartClient_UnitTest\bin\x64\Debug\net472\zSmartClient_UnitTest.dll" adapterTypeName="executor://mstestadapter/v2" className="SmartClient_UnitTest.VideoOS.RemoteClient.GisMapData.MapItem.Inputs.InputMapItemTests" name="InputMapItem_ForceActivateAsync_InBuilding_MapLayerHidden_Success" />
    </UnitTest>
    <UnitTest name="GetGisMapLayerFlyoutName_ShouldReturnOpenStreetMap_WhenGeographicLayerIsNull" storage="d:\actions-runner\_work\xpco\xpco\sc\components\remoteviewer\smartclient\tst\zsmartclient_unittest\bin\x64\debug\net472\zsmartclient_unittest.dll" id="c91e348e-da6a-7f91-b16a-f6b11cfb0f4a">
      <TestCategory>
        <TestCategoryItem TestCategory="GisMapData.Controllers.Osm" />
      </TestCategory>
      <Execution id="2869f6a9-1428-4185-b972-9d239c9cd5a3" />
      <TestMethod codeBase="D:\actions-runner\_work\XPCO\XPCO\SC\Components\RemoteViewer\SmartClient\tst\zSmartClient_UnitTest\bin\x64\Debug\net472\zSmartClient_UnitTest.dll" adapterTypeName="executor://mstestadapter/v2" className="SmartClient_UnitTest.VideoOS.RemoteClient.GisMapData.Controllers.Osm.GisMapOsmControllerTests" name="GetGisMapLayerFlyoutName_ShouldReturnOpenStreetMap_WhenGeographicLayerIsNull" />
    </UnitTest>
    <UnitTest name="IconValueConverter_Convert_ValidIconSource_Success" storage="d:\actions-runner\_work\xpco\xpco\sc\components\remoteviewer\smartclient\tst\zsmartclient_unittest\bin\x64\debug\net472\zsmartclient_unittest.dll" id="06d17b56-b174-7e5f-cf96-64396547a14e">
      <TestCategory>
        <TestCategoryItem TestCategory="SearchConverter" />
      </TestCategory>
      <Execution id="3549d3c8-e2b8-4d55-ba84-8a9879abee41" />
      <TestMethod codeBase="D:\actions-runner\_work\XPCO\XPCO\SC\Components\RemoteViewer\SmartClient\tst\zSmartClient_UnitTest\bin\x64\Debug\net472\zSmartClient_UnitTest.dll" adapterTypeName="executor://mstestadapter/v2" className="SmartClient_UnitTest.VideoOS.RemoteClient.Plugin.CentralizedSearch.Views.Converters.IconValueConverterTests" name="IconValueConverter_Convert_ValidIconSource_Success" />
    </UnitTest>
    <UnitTest name="TestLoad_WithNullDatagram_Failure" storage="d:\actions-runner\_work\xpco\xpco\sc\components\remoteviewer\smartclient\tst\zsmartclient_unittest\bin\x64\debug\net472\zsmartclient_unittest.dll" id="e9c28755-a991-4a05-f44d-1683b9f1f037">
      <TestCategory>
        <TestCategoryItem TestCategory="GisMapBuilding" />
      </TestCategory>
      <Execution id="677df79c-b4e2-4fcb-addf-e40fb727c315" />
      <TestMethod codeBase="D:\actions-runner\_work\XPCO\XPCO\SC\Components\RemoteViewer\SmartClient\tst\zSmartClient_UnitTest\bin\x64\Debug\net472\zSmartClient_UnitTest.dll" adapterTypeName="executor://mstestadapter/v2" className="SmartClient_UnitTest.VideoOS.RemoteClient.GisMapData.MapBuildings.MapLevelTests" name="TestLoad_WithNullDatagram_Failure" />
    </UnitTest>
    <UnitTest name="CreatePdfDocumentAsync_ShouldMakeValidReportFileName_WhenReportNameHasInvalidCharacters" storage="d:\actions-runner\_work\xpco\xpco\sc\components\remoteviewer\smartclient\tst\zsmartclient_unittest\bin\x64\debug\net472\zsmartclient_unittest.dll" id="7a953664-98b1-285b-43a1-df248849d87e">
      <TestCategory>
        <TestCategoryItem TestCategory="Search" />
      </TestCategory>
      <Execution id="6404b6ba-9915-4c86-9100-9a1cfc55e8c4" />
      <TestMethod codeBase="D:\actions-runner\_work\XPCO\XPCO\SC\Components\RemoteViewer\SmartClient\tst\zSmartClient_UnitTest\bin\x64\Debug\net472\zSmartClient_UnitTest.dll" adapterTypeName="executor://mstestadapter/v2" className="SmartClient_UnitTest.VideoOS.RemoteClient.Plugin.CentralizedSearch.ViewModels.SearchReportViewModelTests" name="CreatePdfDocumentAsync_ShouldMakeValidReportFileName_WhenReportNameHasInvalidCharacters" />
    </UnitTest>
    <UnitTest name="Constructor_ShouldCreateNewGenericClient_WhenPassedWithNotOldVersion" storage="d:\actions-runner\_work\xpco\xpco\sc\components\remoteviewer\smartclient\tst\zsmartclient_unittest\bin\x64\debug\net472\zsmartclient_unittest.dll" id="23c3222c-43bf-12ab-6d71-69f32f727a99">
      <Execution id="6ea8ea2f-78a7-44fa-879f-320c1414b0b9" />
      <TestMethod codeBase="D:\actions-runner\_work\XPCO\XPCO\SC\Components\RemoteViewer\SmartClient\tst\zSmartClient_UnitTest\bin\x64\Debug\net472\zSmartClient_UnitTest.dll" adapterTypeName="executor://mstestadapter/v2" className="VideoOS.RemoteClient.ServiceChannel.UnitTest.SmartClientClientTests" name="Constructor_ShouldCreateNewGenericClient_WhenPassedWithNotOldVersion" />
    </UnitTest>
    <UnitTest name="BindingModelVisible_ReactsTo_PluginInstanceEnabledUpdate" storage="d:\actions-runner\_work\xpco\xpco\sc\components\remoteviewer\smartclient\tst\zsmartclient_unittest\bin\x64\debug\net472\zsmartclient_unittest.dll" id="e6f18f4e-717d-7e35-b333-de26f141ac91">
      <TestCategory>
        <TestCategoryItem TestCategory="WorkspaceToolbar" />
      </TestCategory>
      <Execution id="ee99881d-b254-47df-b594-0bca36ec2b77" />
      <TestMethod codeBase="D:\actions-runner\_work\XPCO\XPCO\SC\Components\RemoteViewer\SmartClient\tst\zSmartClient_UnitTest\bin\x64\Debug\net472\zSmartClient_UnitTest.dll" adapterTypeName="executor://mstestadapter/v2" className="SmartClient_UnitTest.VideoOS.RemoteClient.Application.Data.WorkspaceToolbar.WorkspaceToolbarItemMipPluginTests" name="BindingModelVisible_ReactsTo_PluginInstanceEnabledUpdate" />
    </UnitTest>
    <UnitTest name="GetClusters_NotInitialized_NoClusters" storage="d:\actions-runner\_work\xpco\xpco\sc\components\remoteviewer\smartclient\tst\zsmartclient_unittest\bin\x64\debug\net472\zsmartclient_unittest.dll" id="e9e0e7d6-a421-cf24-61f6-b52746752039">
      <TestCategory>
        <TestCategoryItem TestCategory="GisMapIndex" />
      </TestCategory>
      <Execution id="18bab55e-166c-4b1c-a287-ea2749f37f6a" />
      <TestMethod codeBase="D:\actions-runner\_work\XPCO\XPCO\SC\Components\RemoteViewer\SmartClient\tst\zSmartClient_UnitTest\bin\x64\Debug\net472\zSmartClient_UnitTest.dll" adapterTypeName="executor://mstestadapter/v2" className="SmartClient_UnitTest.VideoOS.RemoteClient.GisMapData.Common.Indexer.MapItemIndexerTests" name="GetClusters_NotInitialized_NoClusters" />
    </UnitTest>
    <UnitTest name="DetermineUserAllowsUnsecureConnection_WhereUserIsAskedAndUnsecureIsAllowIsSelected_ShouldReturnTrue" storage="d:\actions-runner\_work\xpco\xpco\sc\components\remoteviewer\smartclient\tst\zsmartclient_unittest\bin\x64\debug\net472\zsmartclient_unittest.dll" id="0c0629d0-f6ea-17eb-459f-54981f9ede50">
      <Execution id="90a59893-2d9e-4b36-9673-a54bd9185ffd" />
      <TestMethod codeBase="D:\actions-runner\_work\XPCO\XPCO\SC\Components\RemoteViewer\SmartClient\tst\zSmartClient_UnitTest\bin\x64\Debug\net472\zSmartClient_UnitTest.dll" adapterTypeName="executor://mstestadapter/v2" className="VideoOS.RemoteClient.Application.Managers.UnitTest.AllowUnsecureConnectionManagerTests" name="DetermineUserAllowsUnsecureConnection_WhereUserIsAskedAndUnsecureIsAllowIsSelected_ShouldReturnTrue" />
    </UnitTest>
    <UnitTest name="GetLayerVisibilityItemsData_ShouldAddCameraWithViewZoneFixedLayer_WhenCameraMapAndViewZoneLayersAreProvided" storage="d:\actions-runner\_work\xpco\xpco\sc\components\remoteviewer\smartclient\tst\zsmartclient_unittest\bin\x64\debug\net472\zsmartclient_unittest.dll" id="4adcb6de-d6b1-ce7d-930d-8dcc82e4f478">
      <TestCategory>
        <TestCategoryItem TestCategory="GisMap.DefaultFixedLayerManagerStrategyTests" />
      </TestCategory>
      <Execution id="aaca5fd7-8694-4da7-94dd-05befecaced4" />
      <TestMethod codeBase="D:\actions-runner\_work\XPCO\XPCO\SC\Components\RemoteViewer\SmartClient\tst\zSmartClient_UnitTest\bin\x64\Debug\net472\zSmartClient_UnitTest.dll" adapterTypeName="executor://mstestadapter/v2" className="SmartClient_UnitTest.VideoOS.RemoteClient.Plugin.GisMap.ViewModels.LayersVisibility.FixedLayers.DefaultFixedLayerManagerStrategyTests" name="GetLayerVisibilityItemsData_ShouldAddCameraWithViewZoneFixedLayer_WhenCameraMapAndViewZoneLayersAreProvided" />
    </UnitTest>
    <UnitTest name="CanMoreRegionsBeAdded_ShouldReturnTrue_WhenMaximumRegionsAllowedIsReachedAndSelectedCameraHasRegionsSelected" storage="d:\actions-runner\_work\xpco\xpco\sc\components\remoteviewer\smartclient\tst\zsmartclient_unittest\bin\x64\debug\net472\zsmartclient_unittest.dll" id="e136a8cd-3f63-a904-c5bb-437c3044bc59">
      <TestCategory>
        <TestCategoryItem TestCategory="Search.Filters.ViewModels" />
      </TestCategory>
      <Execution id="b0f27fd2-bc76-44cc-89cd-ffa7bc504b83" />
      <TestMethod codeBase="D:\actions-runner\_work\XPCO\XPCO\SC\Components\RemoteViewer\SmartClient\tst\zSmartClient_UnitTest\bin\x64\Debug\net472\zSmartClient_UnitTest.dll" adapterTypeName="executor://mstestadapter/v2" className="SmartClient_UnitTest.VideoOS.RemoteClient.Plugin.CentralizedSearch.MIPPlugin.Criteria.ViewModels.RegionSelectionCameraListItemHelperTests" name="CanMoreRegionsBeAdded_ShouldReturnTrue_WhenMaximumRegionsAllowedIsReachedAndSelectedCameraHasRegionsSelected" />
    </UnitTest>
    <UnitTest name="Connect_SucceedeInConnectingWithCurrentWindowsUser_ShouldReturnTrue" storage="d:\actions-runner\_work\xpco\xpco\sc\components\remoteviewer\smartclient\tst\zsmartclient_unittest\bin\x64\debug\net472\zsmartclient_unittest.dll" id="27e4287b-6aa8-a5c7-2e9e-fe37ab9970d9">
      <Execution id="cee5743f-fe9b-4822-8788-a9069a985f65" />
      <TestMethod codeBase="D:\actions-runner\_work\XPCO\XPCO\SC\Components\RemoteViewer\SmartClient\tst\zSmartClient_UnitTest\bin\x64\Debug\net472\zSmartClient_UnitTest.dll" adapterTypeName="executor://mstestadapter/v2" className="VideoOS.Shared.ServerAPI.VMOViewerClientFacade.UnitTest.VMOViewerClientFacadeTests" name="Connect_SucceedeInConnectingWithCurrentWindowsUser_ShouldReturnTrue" />
    </UnitTest>
    <UnitTest name="PtzSessionController_Register_Camera_Test" storage="d:\actions-runner\_work\xpco\xpco\sc\components\remoteviewer\smartclient\tst\zsmartclient_unittest\bin\x64\debug\net472\zsmartclient_unittest.dll" id="198a7352-93d7-0944-f1ae-7a5a353fc2ea">
      <Execution id="7d0c20a5-dd85-4e3c-bb3c-f00e7f246ab1" />
      <TestMethod codeBase="D:\actions-runner\_work\XPCO\XPCO\SC\Components\RemoteViewer\SmartClient\tst\zSmartClient_UnitTest\bin\x64\Debug\net472\zSmartClient_UnitTest.dll" adapterTypeName="executor://mstestadapter/v2" className="VideoOS.RemoteClient.Application.Controllers.UnitTest.PtzSessionControllerTest" name="PtzSessionController_Register_Camera_Test" />
    </UnitTest>
    <UnitTest name="TestHasCapability_Success" storage="d:\actions-runner\_work\xpco\xpco\sc\components\remoteviewer\smartclient\tst\zsmartclient_unittest\bin\x64\debug\net472\zsmartclient_unittest.dll" id="3df39c27-f4f5-5c42-c9cb-c9b3731ba9be">
      <Execution id="836171de-6bf2-4533-a435-1f81b712b8ef" />
      <TestMethod codeBase="D:\actions-runner\_work\XPCO\XPCO\SC\Components\RemoteViewer\SmartClient\tst\zSmartClient_UnitTest\bin\x64\Debug\net472\zSmartClient_UnitTest.dll" adapterTypeName="executor://mstestadapter/v2" className="SmartClient_UnitTest.VideoOS.RemoteClient.GisMapData.Common.GisMapServerCapabilitiesTest" name="TestHasCapability_Success" />
    </UnitTest>
    <UnitTest name="ToSafeName_UnderscoreSeperator_Failure" storage="d:\actions-runner\_work\xpco\xpco\sc\components\remoteviewer\smartclient\tst\zsmartclient_unittest\bin\x64\debug\net472\zsmartclient_unittest.dll" id="4f80de53-a9c2-6ff5-bbd6-96cbb2c56bea">
      <Execution id="02ebbe5e-f6ad-4c81-be6d-81212c15fc69" />
      <TestMethod codeBase="D:\actions-runner\_work\XPCO\XPCO\SC\Components\RemoteViewer\SmartClient\tst\zSmartClient_UnitTest\bin\x64\Debug\net472\zSmartClient_UnitTest.dll" adapterTypeName="executor://mstestadapter/v2" className="SmartClient_UnitTest.VideoOS.RemoteClient.Application.Common.Scripting.ReservedJavascriptKeywordsTests" name="ToSafeName_UnderscoreSeperator_Failure" />
    </UnitTest>
    <UnitTest name="IsBasicUser_ShouldReturnTrue_WhenConstructedUsingSimple" storage="d:\actions-runner\_work\xpco\xpco\sc\components\remoteviewer\smartclient\tst\zsmartclient_unittest\bin\x64\debug\net472\zsmartclient_unittest.dll" id="9b54b5db-74ce-7f6e-1fd4-798a1baa40f1">
      <TestCategory>
        <TestCategoryItem TestCategory="Authentication.ClientCredentials" />
      </TestCategory>
      <Execution id="9bc58eda-03e6-4649-8e83-827df00b66dd" />
      <TestMethod codeBase="D:\actions-runner\_work\XPCO\XPCO\SC\Components\RemoteViewer\SmartClient\tst\zSmartClient_UnitTest\bin\x64\Debug\net472\zSmartClient_UnitTest.dll" adapterTypeName="executor://mstestadapter/v2" className="SmartClient_UnitTest.VideoOS.Shared.ServerAPI.ClientCredentialsTest" name="IsBasicUser_ShouldReturnTrue_WhenConstructedUsingSimple" />
    </UnitTest>
    <UnitTest name="CreateReportAsync_ShouldFadeoutThumbnail_WhenAfterRecordings" storage="d:\actions-runner\_work\xpco\xpco\sc\components\remoteviewer\smartclient\tst\zsmartclient_unittest\bin\x64\debug\net472\zsmartclient_unittest.dll" id="1e878ee6-feaf-3437-9319-2c6ce9824817">
      <TestCategory>
        <TestCategoryItem TestCategory="Search" />
      </TestCategory>
      <Execution id="9aaa9de2-70e7-4f57-9aef-c85c51d028dc" />
      <TestMethod codeBase="D:\actions-runner\_work\XPCO\XPCO\SC\Components\RemoteViewer\SmartClient\tst\zSmartClient_UnitTest\bin\x64\Debug\net472\zSmartClient_UnitTest.dll" adapterTypeName="executor://mstestadapter/v2" className="SmartClient_UnitTest.VideoOS.RemoteClient.Plugin.CentralizedSearch.ViewModels.Utility.SearchReportPrintFactoryTests" name="CreateReportAsync_ShouldFadeoutThumbnail_WhenAfterRecordings" />
    </UnitTest>
    <UnitTest name="Init_InitialStateLoaded_Success" storage="d:\actions-runner\_work\xpco\xpco\sc\components\remoteviewer\smartclient\tst\zsmartclient_unittest\bin\x64\debug\net472\zsmartclient_unittest.dll" id="00c9ed3e-1b96-abed-4b9f-a4e09fd426a6">
      <TestCategory>
        <TestCategoryItem TestCategory="Search" />
      </TestCategory>
      <Execution id="a2a9e4cf-c9e2-4416-b845-9c2413baabf1" />
      <TestMethod codeBase="D:\actions-runner\_work\XPCO\XPCO\SC\Components\RemoteViewer\SmartClient\tst\zSmartClient_UnitTest\bin\x64\Debug\net472\zSmartClient_UnitTest.dll" adapterTypeName="executor://mstestadapter/v2" className="SmartClient_UnitTest.VideoOS.RemoteClient.Plugin.CentralizedSearch.CentralizedSearchContentHolderTests" name="Init_InitialStateLoaded_Success" />
    </UnitTest>
    <UnitTest name="Ctor_CentralizedSearchState_ViewModelUpdatedAccordingly" storage="d:\actions-runner\_work\xpco\xpco\sc\components\remoteviewer\smartclient\tst\zsmartclient_unittest\bin\x64\debug\net472\zsmartclient_unittest.dll" id="5f08cd58-65ec-6481-8a3e-55fd6d8233b0">
      <TestCategory>
        <TestCategoryItem TestCategory="SearchViewModels" />
      </TestCategory>
      <Execution id="ee4e6ae3-9769-4bc4-bf05-f60baf89f8b3" />
      <TestMethod codeBase="D:\actions-runner\_work\XPCO\XPCO\SC\Components\RemoteViewer\SmartClient\tst\zSmartClient_UnitTest\bin\x64\Debug\net472\zSmartClient_UnitTest.dll" adapterTypeName="executor://mstestadapter/v2" className="SmartClient_UnitTest.VideoOS.RemoteClient.Plugin.CentralizedSearch.ViewModels.SearchViewModelTests" name="Ctor_CentralizedSearchState_ViewModelUpdatedAccordingly" />
    </UnitTest>
    <UnitTest name="AddItems_ThreeMapItems_ThreeClusterChanges" storage="d:\actions-runner\_work\xpco\xpco\sc\components\remoteviewer\smartclient\tst\zsmartclient_unittest\bin\x64\debug\net472\zsmartclient_unittest.dll" id="be546a67-03cf-7dc5-701c-f28c8929b881">
      <TestCategory>
        <TestCategoryItem TestCategory="GisMapIndex" />
      </TestCategory>
      <Execution id="8008edcd-3b2d-455f-8c2b-85808a873959" />
      <TestMethod codeBase="D:\actions-runner\_work\XPCO\XPCO\SC\Components\RemoteViewer\SmartClient\tst\zSmartClient_UnitTest\bin\x64\Debug\net472\zSmartClient_UnitTest.dll" adapterTypeName="executor://mstestadapter/v2" className="SmartClient_UnitTest.VideoOS.RemoteClient.GisMapData.Common.Indexer.MapItemIndexerTests" name="AddItems_ThreeMapItems_ThreeClusterChanges" />
    </UnitTest>
    <UnitTest name="ValidateExportLocation_ShouldReturnFailResult_ExportPathIsInvalid (qwerty)" storage="d:\actions-runner\_work\xpco\xpco\sc\components\remoteviewer\smartclient\tst\zsmartclient_unittest\bin\x64\debug\net472\zsmartclient_unittest.dll" id="bd985866-6108-57f7-ecf5-4c4e6d1eb163">
      <TestCategory>
        <TestCategoryItem TestCategory="Export" />
      </TestCategory>
      <Execution id="168de208-b80b-41a6-aafc-98cfd8d7102d" />
      <TestMethod codeBase="D:\actions-runner\_work\XPCO\XPCO\SC\Components\RemoteViewer\SmartClient\tst\zSmartClient_UnitTest\bin\x64\Debug\net472\zSmartClient_UnitTest.dll" adapterTypeName="executor://mstestadapter/v2" className="SmartClient_UnitTest.VideoOS.RemoteClient.Plugin.Export.ExportDataValidatorTests" name="ValidateExportLocation_ShouldReturnFailResult_ExportPathIsInvalid" />
    </UnitTest>
    <UnitTest name="HandlePermissionDeniedResults_ShouldShowMessageAndToast (1,1)" storage="d:\actions-runner\_work\xpco\xpco\sc\components\remoteviewer\smartclient\tst\zsmartclient_unittest\bin\x64\debug\net472\zsmartclient_unittest.dll" id="f43e4ea6-dc47-ee70-a56d-6546d3877223">
      <TestCategory>
        <TestCategoryItem TestCategory="Managers" />
      </TestCategory>
      <Execution id="40fb8c87-94ba-4ef8-8025-b17a098cd757" />
      <TestMethod codeBase="D:\actions-runner\_work\XPCO\XPCO\SC\Components\RemoteViewer\SmartClient\tst\zSmartClient_UnitTest\bin\x64\Debug\net472\zSmartClient_UnitTest.dll" adapterTypeName="executor://mstestadapter/v2" className="SmartClient_UnitTest.VideoOS.RemoteClient.Application.Managers.ExportResultsNotificationHelperTests" name="HandlePermissionDeniedResults_ShouldShowMessageAndToast" />
    </UnitTest>
    <UnitTest name="SetIncludePartialResults_ShouldRespectResultsToReselect_WhenResultsToReselectIsEmpty" storage="d:\actions-runner\_work\xpco\xpco\sc\components\remoteviewer\smartclient\tst\zsmartclient_unittest\bin\x64\debug\net472\zsmartclient_unittest.dll" id="b6f07467-7831-36e3-42f4-7ae0ac1fdc16">
      <TestCategory>
        <TestCategoryItem TestCategory="SearchResultsPreprocessor" />
      </TestCategory>
      <Execution id="f8c9d6b5-f76c-4c6d-a24f-dc68ac0126ed" />
      <TestMethod codeBase="D:\actions-runner\_work\XPCO\XPCO\SC\Components\RemoteViewer\SmartClient\tst\zSmartClient_UnitTest\bin\x64\Debug\net472\zSmartClient_UnitTest.dll" adapterTypeName="executor://mstestadapter/v2" className="SmartClient_UnitTest.VideoOS.RemoteClient.Plugin.CentralizedSearch.Models.SearchResultsPreprocessorTests" name="SetIncludePartialResults_ShouldRespectResultsToReselect_WhenResultsToReselectIsEmpty" />
    </UnitTest>
    <UnitTest name="SearchResultContainerView_OnItemActivated_SearchResultSelectedAndPreviousSelectionKept" storage="d:\actions-runner\_work\xpco\xpco\sc\components\remoteviewer\smartclient\tst\zsmartclient_unittest\bin\x64\debug\net472\zsmartclient_unittest.dll" id="3439b9dc-7196-e05d-43e6-c0e2ac91454a">
      <TestCategory>
        <TestCategoryItem TestCategory="SearchViews" />
      </TestCategory>
      <Execution id="541deccf-e7c9-4d1d-8d65-b1e841782ab6" />
      <TestMethod codeBase="D:\actions-runner\_work\XPCO\XPCO\SC\Components\RemoteViewer\SmartClient\tst\zSmartClient_UnitTest\bin\x64\Debug\net472\zSmartClient_UnitTest.dll" adapterTypeName="executor://mstestadapter/v2" className="SmartClient_UnitTest.VideoOS.RemoteClient.Plugin.CentralizedSearch.Views.SearchResultsViewTests" name="SearchResultContainerView_OnItemActivated_SearchResultSelectedAndPreviousSelectionKept" />
    </UnitTest>
    <UnitTest name="OutputItemsMapLayer_Load_Save_DataIsSame_WhenOutputIsEnabled" storage="d:\actions-runner\_work\xpco\xpco\sc\components\remoteviewer\smartclient\tst\zsmartclient_unittest\bin\x64\debug\net472\zsmartclient_unittest.dll" id="3fc559f5-bb13-876b-1485-1faebe02441c">
      <TestCategory>
        <TestCategoryItem TestCategory="GisMapLayer" />
      </TestCategory>
      <Execution id="4f359b60-cde2-4cba-80d7-268f93b683ab" />
      <TestMethod codeBase="D:\actions-runner\_work\XPCO\XPCO\SC\Components\RemoteViewer\SmartClient\tst\zSmartClient_UnitTest\bin\x64\Debug\net472\zSmartClient_UnitTest.dll" adapterTypeName="executor://mstestadapter/v2" className="SmartClient_UnitTest.VideoOS.RemoteClient.GisMap.MapLayers.GisMapLayerTests" name="OutputItemsMapLayer_Load_Save_DataIsSame_WhenOutputIsEnabled" />
    </UnitTest>
    <UnitTest name="ToUnsafeName_UnderscoreSeperator_Failure" storage="d:\actions-runner\_work\xpco\xpco\sc\components\remoteviewer\smartclient\tst\zsmartclient_unittest\bin\x64\debug\net472\zsmartclient_unittest.dll" id="ab87a2ac-ff1e-bd5f-59b1-9c79c2ca68fe">
      <Execution id="b7180127-d9e8-4736-b7cb-b9ec54868470" />
      <TestMethod codeBase="D:\actions-runner\_work\XPCO\XPCO\SC\Components\RemoteViewer\SmartClient\tst\zSmartClient_UnitTest\bin\x64\Debug\net472\zSmartClient_UnitTest.dll" adapterTypeName="executor://mstestadapter/v2" className="SmartClient_UnitTest.VideoOS.RemoteClient.Application.Common.Scripting.ReservedJavascriptKeywordsTests" name="ToUnsafeName_UnderscoreSeperator_Failure" />
    </UnitTest>
    <UnitTest name="IsProductionEnvironment_ShouldReturnCorrectValue (somethingRandom,False)" storage="d:\actions-runner\_work\xpco\xpco\sc\components\remoteviewer\smartclient\tst\zsmartclient_unittest\bin\x64\debug\net472\zsmartclient_unittest.dll" id="197e6921-40ea-6a05-42eb-bd7a939f37cd">
      <Execution id="25d81e63-8ca6-4a62-806d-670236e72c2f" />
      <TestMethod codeBase="D:\actions-runner\_work\XPCO\XPCO\SC\Components\RemoteViewer\SmartClient\tst\zSmartClient_UnitTest\bin\x64\Debug\net472\zSmartClient_UnitTest.dll" adapterTypeName="executor://mstestadapter/v2" className="SmartClient_UnitTest.VideoOS.RemoteClient.Application.Common.Telemetry.TelemetryKeyProviderTests" name="IsProductionEnvironment_ShouldReturnCorrectValue" />
    </UnitTest>
    <UnitTest name="RemoveWorkroom_ShouldReturnFalse_WhenWorkroomToRemoveIsNotInWorkroomController" storage="d:\actions-runner\_work\xpco\xpco\sc\components\remoteviewer\smartclient\tst\zsmartclient_unittest\bin\x64\debug\net472\zsmartclient_unittest.dll" id="89b47aac-6f01-eda4-d247-3a79dc9d2cab">
      <TestCategory>
        <TestCategoryItem TestCategory="WorkroomController" />
      </TestCategory>
      <Execution id="7377ba0a-330b-4399-91e9-0f503acdb6b0" />
      <TestMethod codeBase="D:\actions-runner\_work\XPCO\XPCO\SC\Components\RemoteViewer\SmartClient\tst\zSmartClient_UnitTest\bin\x64\Debug\net472\zSmartClient_UnitTest.dll" adapterTypeName="executor://mstestadapter/v2" className="SmartClient_UnitTest.VideoOS.RemoteClient.Application.Controllers.WorkroomController.WorkroomControllerBaseTest" name="RemoveWorkroom_ShouldReturnFalse_WhenWorkroomToRemoveIsNotInWorkroomController" />
    </UnitTest>
    <UnitTest name="GetGisMapLayerFlyoutName_ShouldReturnMilestoneGisMapServiceName_WhenGeographicLayerIsAvailableAndAlternativeServerIsEmpty" storage="d:\actions-runner\_work\xpco\xpco\sc\components\remoteviewer\smartclient\tst\zsmartclient_unittest\bin\x64\debug\net472\zsmartclient_unittest.dll" id="4190041e-4d7b-4cda-212b-4ae0c9029e36">
      <TestCategory>
        <TestCategoryItem TestCategory="GisMapData.Controllers.Osm" />
      </TestCategory>
      <Execution id="bd04edfa-ed46-482f-874e-50d15c74fa7f" />
      <TestMethod codeBase="D:\actions-runner\_work\XPCO\XPCO\SC\Components\RemoteViewer\SmartClient\tst\zSmartClient_UnitTest\bin\x64\Debug\net472\zSmartClient_UnitTest.dll" adapterTypeName="executor://mstestadapter/v2" className="SmartClient_UnitTest.VideoOS.RemoteClient.GisMapData.Controllers.Osm.GisMapOsmControllerTests" name="GetGisMapLayerFlyoutName_ShouldReturnMilestoneGisMapServiceName_WhenGeographicLayerIsAvailableAndAlternativeServerIsEmpty" />
    </UnitTest>
    <UnitTest name="Related_devices_removed_when_camera_removed" storage="d:\actions-runner\_work\xpco\xpco\sc\components\remoteviewer\smartclient\tst\zsmartclient_unittest\bin\x64\debug\net472\zsmartclient_unittest.dll" id="cdf3455a-ff33-49bd-8e27-f8c9df19be38">
      <Execution id="a7c2a654-5ea2-4962-b60e-4a4b1c2eec8c" />
      <TestMethod codeBase="D:\actions-runner\_work\XPCO\XPCO\SC\Components\RemoteViewer\SmartClient\tst\zSmartClient_UnitTest\bin\x64\Debug\net472\zSmartClient_UnitTest.dll" adapterTypeName="executor://mstestadapter/v2" className="SmartClient_UnitTest.VideoOS.RemoteClient.Application.Components.EvidenceLock.EvidenceLockRelatedDeviceTests" name="Related_devices_removed_when_camera_removed" />
    </UnitTest>
    <UnitTest name="Passwords are not the same, same length" storage="d:\actions-runner\_work\xpco\xpco\sc\components\remoteviewer\smartclient\tst\zsmartclient_unittest\bin\x64\debug\net472\zsmartclient_unittest.dll" id="3bd81b95-7261-7440-6f9b-0a040682a0f4">
      <TestCategory>
        <TestCategoryItem TestCategory="Export" />
      </TestCategory>
      <Execution id="900c8247-afeb-46f5-a5d3-c69e74b0c64d" />
      <TestMethod codeBase="D:\actions-runner\_work\XPCO\XPCO\SC\Components\RemoteViewer\SmartClient\tst\zSmartClient_UnitTest\bin\x64\Debug\net472\zSmartClient_UnitTest.dll" adapterTypeName="executor://mstestadapter/v2" className="SmartClient_UnitTest.VideoOS.RemoteClient.Plugin.Export.PasswordDialogViewModelTests" name="SettingPassword1AndPassword2_ShouldSetIsPassword2Valid" />
    </UnitTest>
    <UnitTest name="HandlePermissionDeniedResults_ShouldShowMessageAndToast (0,0)" storage="d:\actions-runner\_work\xpco\xpco\sc\components\remoteviewer\smartclient\tst\zsmartclient_unittest\bin\x64\debug\net472\zsmartclient_unittest.dll" id="e297916a-d955-c1ee-c31e-2f68ca7e1b88">
      <TestCategory>
        <TestCategoryItem TestCategory="Managers" />
      </TestCategory>
      <Execution id="8eb4881c-3993-49e6-ae44-c918918693ba" />
      <TestMethod codeBase="D:\actions-runner\_work\XPCO\XPCO\SC\Components\RemoteViewer\SmartClient\tst\zSmartClient_UnitTest\bin\x64\Debug\net472\zSmartClient_UnitTest.dll" adapterTypeName="executor://mstestadapter/v2" className="SmartClient_UnitTest.VideoOS.RemoteClient.Application.Managers.ExportResultsNotificationHelperTests" name="HandlePermissionDeniedResults_ShouldShowMessageAndToast" />
    </UnitTest>
    <UnitTest name="AddApiKey_WhereApiKeyValid_ReturnsGoogleMapsUrl" storage="d:\actions-runner\_work\xpco\xpco\sc\components\remoteviewer\smartclient\tst\zsmartclient_unittest\bin\x64\debug\net472\zsmartclient_unittest.dll" id="beb419e5-5bec-3550-745e-1f14592b96f7">
      <Execution id="70bcd5c7-ea52-40ed-b269-212e6b3cd7cf" />
      <TestMethod codeBase="D:\actions-runner\_work\XPCO\XPCO\SC\Components\RemoteViewer\SmartClient\tst\zSmartClient_UnitTest\bin\x64\Debug\net472\zSmartClient_UnitTest.dll" adapterTypeName="executor://mstestadapter/v2" className="SmartClient_UnitTest.VideoOS.RemoteClient.Plugin.GisMap.Utilities.GoogleApiUrlTest" name="AddApiKey_WhereApiKeyValid_ReturnsGoogleMapsUrl" />
    </UnitTest>
    <UnitTest name="ShowNotificationMessage_SetsCorrectDisplayProperties_WhenCalled" storage="d:\actions-runner\_work\xpco\xpco\sc\components\remoteviewer\smartclient\tst\zsmartclient_unittest\bin\x64\debug\net472\zsmartclient_unittest.dll" id="4672bcf4-734d-4ad9-761e-d152a3dbb36b">
      <TestCategory>
        <TestCategoryItem TestCategory="GisMapContentHolderTests" />
      </TestCategory>
      <Execution id="507f0dd0-de60-4709-a015-d599a00a4622" />
      <TestMethod codeBase="D:\actions-runner\_work\XPCO\XPCO\SC\Components\RemoteViewer\SmartClient\tst\zSmartClient_UnitTest\bin\x64\Debug\net472\zSmartClient_UnitTest.dll" adapterTypeName="executor://mstestadapter/v2" className="SmartClient_UnitTest.VideoOS.RemoteClient.Plugin.GisMap.ContentHolderTests" name="ShowNotificationMessage_SetsCorrectDisplayProperties_WhenCalled" />
    </UnitTest>
    <UnitTest name="Dispose_ActiveSearchResults_DefinitionsCancelled" storage="d:\actions-runner\_work\xpco\xpco\sc\components\remoteviewer\smartclient\tst\zsmartclient_unittest\bin\x64\debug\net472\zsmartclient_unittest.dll" id="83e5fe5b-931d-f217-a151-96bc1abdc89d">
      <TestCategory>
        <TestCategoryItem TestCategory="SearchModels" />
      </TestCategory>
      <Execution id="c2570b59-3976-421c-9c11-a0d14b5b19e1" />
      <TestMethod codeBase="D:\actions-runner\_work\XPCO\XPCO\SC\Components\RemoteViewer\SmartClient\tst\zSmartClient_UnitTest\bin\x64\Debug\net472\zSmartClient_UnitTest.dll" adapterTypeName="executor://mstestadapter/v2" className="SmartClient_UnitTest.VideoOS.RemoteClient.Plugin.CentralizedSearch.Models.SearchModelTests" name="Dispose_ActiveSearchResults_DefinitionsCancelled" />
    </UnitTest>
    <UnitTest name="Convert_ShouldReturnTextBlock_WhenValueIsString" storage="d:\actions-runner\_work\xpco\xpco\sc\components\remoteviewer\smartclient\tst\zsmartclient_unittest\bin\x64\debug\net472\zsmartclient_unittest.dll" id="782e99d7-36f7-67c7-e68d-cb6d91a4a048">
      <Execution id="0008ab5a-4517-4473-a952-44eae4d36498" />
      <TestMethod codeBase="D:\actions-runner\_work\XPCO\XPCO\SC\Components\RemoteViewer\SmartClient\tst\zSmartClient_UnitTest\bin\x64\Debug\net472\zSmartClient_UnitTest.dll" adapterTypeName="executor://mstestadapter/v2" className="SmartClient_UnitTest.VideoOS.Common.UIThemes.ContentToTooltipTextConverterTests" name="Convert_ShouldReturnTextBlock_WhenValueIsString" />
    </UnitTest>
    <UnitTest name="PointMapItem_CameraDeviceWithNoShortName_Success" storage="d:\actions-runner\_work\xpco\xpco\sc\components\remoteviewer\smartclient\tst\zsmartclient_unittest\bin\x64\debug\net472\zsmartclient_unittest.dll" id="2b4d39ea-1010-36f3-4fa9-2911297ae4a4">
      <TestCategory>
        <TestCategoryItem TestCategory="GisMapMapItem" />
      </TestCategory>
      <Execution id="8d6672fa-c676-425f-8fe6-4860aade67b6" />
      <TestMethod codeBase="D:\actions-runner\_work\XPCO\XPCO\SC\Components\RemoteViewer\SmartClient\tst\zSmartClient_UnitTest\bin\x64\Debug\net472\zSmartClient_UnitTest.dll" adapterTypeName="executor://mstestadapter/v2" className="SmartClient_UnitTest.VideoOS.RemoteClient.GisMap.MapItem.MapItemTests" name="PointMapItem_CameraDeviceWithNoShortName_Success" />
    </UnitTest>
    <UnitTest name="Deserialize_MissingScopeDurationAndFromToValues_DefaultsToTwoHours" storage="d:\actions-runner\_work\xpco\xpco\sc\components\remoteviewer\smartclient\tst\zsmartclient_unittest\bin\x64\debug\net472\zsmartclient_unittest.dll" id="65cfed84-d8b7-91f1-c7b3-2b30cf50cfed">
      <TestCategory>
        <TestCategoryItem TestCategory="SearchModels" />
      </TestCategory>
      <Execution id="49590fb2-c5bb-4150-82c0-75eed7aefb93" />
      <TestMethod codeBase="D:\actions-runner\_work\XPCO\XPCO\SC\Components\RemoteViewer\SmartClient\tst\zSmartClient_UnitTest\bin\x64\Debug\net472\zSmartClient_UnitTest.dll" adapterTypeName="executor://mstestadapter/v2" className="SmartClient_UnitTest.VideoOS.RemoteClient.Plugin.CentralizedSearch.Models.SearchModelTests" name="Deserialize_MissingScopeDurationAndFromToValues_DefaultsToTwoHours" />
    </UnitTest>
    <UnitTest name="Convert_NoCamerasSelectionsButOneSearchDefinition_Collapsed" storage="d:\actions-runner\_work\xpco\xpco\sc\components\remoteviewer\smartclient\tst\zsmartclient_unittest\bin\x64\debug\net472\zsmartclient_unittest.dll" id="f4c83ffd-478a-19b7-4825-b6d0081bab21">
      <TestCategory>
        <TestCategoryItem TestCategory="SearchConverter" />
      </TestCategory>
      <Execution id="4e10f585-36d6-4f24-b9ef-721febb96638" />
      <TestMethod codeBase="D:\actions-runner\_work\XPCO\XPCO\SC\Components\RemoteViewer\SmartClient\tst\zSmartClient_UnitTest\bin\x64\Debug\net472\zSmartClient_UnitTest.dll" adapterTypeName="executor://mstestadapter/v2" className="SmartClient_UnitTest.VideoOS.RemoteClient.Plugin.CentralizedSearch.Views.Converters.NoCriteriaSelectedGridVisibilityConverterTests" name="Convert_NoCamerasSelectionsButOneSearchDefinition_Collapsed" />
    </UnitTest>
    <UnitTest name="Close_MultipleSearchFilterCategoriesInManager_SearchDefinitionDestroyedForEachCategory" storage="d:\actions-runner\_work\xpco\xpco\sc\components\remoteviewer\smartclient\tst\zsmartclient_unittest\bin\x64\debug\net472\zsmartclient_unittest.dll" id="3ff67012-33f7-cd39-573d-f3e6ab37a120">
      <TestCategory>
        <TestCategoryItem TestCategory="Search" />
      </TestCategory>
      <Execution id="de574bd0-eb3c-4f64-80d2-8089ffe9e9c7" />
      <TestMethod codeBase="D:\actions-runner\_work\XPCO\XPCO\SC\Components\RemoteViewer\SmartClient\tst\zSmartClient_UnitTest\bin\x64\Debug\net472\zSmartClient_UnitTest.dll" adapterTypeName="executor://mstestadapter/v2" className="SmartClient_UnitTest.VideoOS.RemoteClient.Plugin.CentralizedSearch.MIPPlugin.CompositeSearchDefinitionTests" name="Close_MultipleSearchFilterCategoriesInManager_SearchDefinitionDestroyedForEachCategory" />
    </UnitTest>
    <UnitTest name="CreateGeometry_FourCornerBuildingNotClosed_Success" storage="d:\actions-runner\_work\xpco\xpco\sc\components\remoteviewer\smartclient\tst\zsmartclient_unittest\bin\x64\debug\net472\zsmartclient_unittest.dll" id="8338d7c2-18e7-4534-499f-88d705208b50">
      <TestCategory>
        <TestCategoryItem TestCategory="GisMapIndex" />
      </TestCategory>
      <Execution id="57c5cc7f-80fd-4cd6-8f6e-b2d2aaeac1bc" />
      <TestMethod codeBase="D:\actions-runner\_work\XPCO\XPCO\SC\Components\RemoteViewer\SmartClient\tst\zSmartClient_UnitTest\bin\x64\Debug\net472\zSmartClient_UnitTest.dll" adapterTypeName="executor://mstestadapter/v2" className="SmartClient_UnitTest.VideoOS.RemoteClient.GisMapData.Common.Indexer.IndexUtilTests" name="CreateGeometry_FourCornerBuildingNotClosed_Success" />
    </UnitTest>
    <UnitTest name="GetDuration_SeveralDays_Success" storage="d:\actions-runner\_work\xpco\xpco\sc\components\remoteviewer\smartclient\tst\zsmartclient_unittest\bin\x64\debug\net472\zsmartclient_unittest.dll" id="866f7855-bb2c-7de3-0df1-014de8905cab">
      <TestCategory>
        <TestCategoryItem TestCategory="Search" />
      </TestCategory>
      <Execution id="c96e9b83-d522-4c98-96a9-ed4dfe9d34c5" />
      <TestMethod codeBase="D:\actions-runner\_work\XPCO\XPCO\SC\Components\RemoteViewer\SmartClient\tst\zSmartClient_UnitTest\bin\x64\Debug\net472\zSmartClient_UnitTest.dll" adapterTypeName="executor://mstestadapter/v2" className="SmartClient_UnitTest.VideoOS.RemoteClient.Plugin.CentralizedSearch.ViewModels.Data.TimeScopeTests" name="GetDuration_SeveralDays_Success" />
    </UnitTest>
    <UnitTest name="OpenStreetMapLayer_IsGeographic_Save_Success" storage="d:\actions-runner\_work\xpco\xpco\sc\components\remoteviewer\smartclient\tst\zsmartclient_unittest\bin\x64\debug\net472\zsmartclient_unittest.dll" id="d15a2abd-55c2-7d70-0462-a973f8ec2ac3">
      <TestCategory>
        <TestCategoryItem TestCategory="GisMapLayer" />
      </TestCategory>
      <Execution id="675de034-d94e-4080-b09f-fd4e18ea7a3d" />
      <TestMethod codeBase="D:\actions-runner\_work\XPCO\XPCO\SC\Components\RemoteViewer\SmartClient\tst\zSmartClient_UnitTest\bin\x64\Debug\net472\zSmartClient_UnitTest.dll" adapterTypeName="executor://mstestadapter/v2" className="SmartClient_UnitTest.VideoOS.RemoteClient.GisMap.MapLayers.GisMapLayerTests" name="OpenStreetMapLayer_IsGeographic_Save_Success" />
    </UnitTest>
    <UnitTest name="Extending_Is_Disabled_When_Create_Rights_Missing" storage="d:\actions-runner\_work\xpco\xpco\sc\components\remoteviewer\smartclient\tst\zsmartclient_unittest\bin\x64\debug\net472\zsmartclient_unittest.dll" id="6da29afb-8acf-3f8d-692b-690d3f268744">
      <Execution id="7e5edcba-5b93-4e37-a206-2fddae71dc8a" />
      <TestMethod codeBase="D:\actions-runner\_work\XPCO\XPCO\SC\Components\RemoteViewer\SmartClient\tst\zSmartClient_UnitTest\bin\x64\Debug\net472\zSmartClient_UnitTest.dll" adapterTypeName="executor://mstestadapter/v2" className="SmartClient_UnitTest.VideoOS.RemoteClient.Application.Components.EvidenceLock.EvidenceLockEditModeUserRightTests" name="Extending_Is_Disabled_When_Create_Rights_Missing" />
    </UnitTest>
    <UnitTest name="Ctor_WpfMessageBoxButtonIsSetToYesNoCancel_OnlyYesNoCancelButtonsVisible" storage="d:\actions-runner\_work\xpco\xpco\sc\components\remoteviewer\smartclient\tst\zsmartclient_unittest\bin\x64\debug\net472\zsmartclient_unittest.dll" id="bdb27dac-eff0-8887-ff55-d405cca80355">
      <Execution id="509db632-7cb3-4342-8200-cff731a99742" />
      <TestMethod codeBase="D:\actions-runner\_work\XPCO\XPCO\SC\Components\RemoteViewer\SmartClient\tst\zSmartClient_UnitTest\bin\x64\Debug\net472\zSmartClient_UnitTest.dll" adapterTypeName="executor://mstestadapter/v2" className="SmartClient_UnitTest.VideoOS.RemoteClient.Application.UI.Common.MessageBoxWithList.MessageBoxWithListViewModelTests" name="Ctor_WpfMessageBoxButtonIsSetToYesNoCancel_OnlyYesNoCancelButtonsVisible" />
    </UnitTest>
    <UnitTest name="GetCredential_ShouldReturnContainedWindowsCredentials_WhenUriAndAuthTypeAreNotNull" storage="d:\actions-runner\_work\xpco\xpco\sc\components\remoteviewer\smartclient\tst\zsmartclient_unittest\bin\x64\debug\net472\zsmartclient_unittest.dll" id="2b8f6313-6f64-c487-2e4c-3d07b5bd4159">
      <TestCategory>
        <TestCategoryItem TestCategory="Authentication.ClientCredentials" />
      </TestCategory>
      <Execution id="517653aa-f3dd-414d-86e0-f935a13e5a6c" />
      <TestMethod codeBase="D:\actions-runner\_work\XPCO\XPCO\SC\Components\RemoteViewer\SmartClient\tst\zSmartClient_UnitTest\bin\x64\Debug\net472\zSmartClient_UnitTest.dll" adapterTypeName="executor://mstestadapter/v2" className="SmartClient_UnitTest.VideoOS.Shared.ServerAPI.ClientCredentialsTest" name="GetCredential_ShouldReturnContainedWindowsCredentials_WhenUriAndAuthTypeAreNotNull" />
    </UnitTest>
    <UnitTest name="DrawCore_ShouldRemoveAllTransientMarkers_WhenNoTransientItemsToDisplay" storage="d:\actions-runner\_work\xpco\xpco\sc\components\remoteviewer\smartclient\tst\zsmartclient_unittest\bin\x64\debug\net472\zsmartclient_unittest.dll" id="efaca709-8a13-6b06-ae96-68d58720423e">
      <TestCategory>
        <TestCategoryItem TestCategory="SmartMap.MapItemsOverlay" />
      </TestCategory>
      <Execution id="a02eca26-e294-4da4-bdea-2f55d12ec690" />
      <TestMethod codeBase="D:\actions-runner\_work\XPCO\XPCO\SC\Components\RemoteViewer\SmartClient\tst\zSmartClient_UnitTest\bin\x64\Debug\net472\zSmartClient_UnitTest.dll" adapterTypeName="executor://mstestadapter/v2" className="SmartClient_UnitTest.VideoOS.RemoteClient.Plugin.GisMap.ThinkGeoMap.SpecializedOverlays.Overlays.MapItemsOverlayTests" name="DrawCore_ShouldRemoveAllTransientMarkers_WhenNoTransientItemsToDisplay" />
    </UnitTest>
    <UnitTest name="OnLoaded_NullFactory_DoesNotCrash" storage="d:\actions-runner\_work\xpco\xpco\sc\components\remoteviewer\smartclient\tst\zsmartclient_unittest\bin\x64\debug\net472\zsmartclient_unittest.dll" id="025863ce-ac84-e56c-d6b6-947b70b4b25d">
      <TestCategory>
        <TestCategoryItem TestCategory="Search.SmartMapPreview" />
      </TestCategory>
      <Execution id="2140182a-dea4-4c6e-b8ff-2eca09eb2697" />
      <TestMethod codeBase="D:\actions-runner\_work\XPCO\XPCO\SC\Components\RemoteViewer\SmartClient\tst\zSmartClient_UnitTest\bin\x64\Debug\net472\zSmartClient_UnitTest.dll" adapterTypeName="executor://mstestadapter/v2" className="SmartClient_UnitTest.VideoOS.RemoteClient.Plugin.CentralizedSearch.Views.Controls.SmartMap.SmartMapPreviewTests" name="OnLoaded_NullFactory_DoesNotCrash" />
    </UnitTest>
    <UnitTest name="GetPartialDiffBetweenDictionaries_ShouldReturnCorrectValues (System.Collections.Generic.Dictionary`2[System.String,System.String],System.Collections.Generic.Dictionary`2[System.String,System.String],System.Collections.Generic.Dictionary`2[System.String,System.String])" storage="d:\actions-runner\_work\xpco\xpco\sc\components\remoteviewer\smartclient\tst\zsmartclient_unittest\bin\x64\debug\net472\zsmartclient_unittest.dll" id="127e2415-6090-4094-56d7-1fadf987188b">
      <Execution id="8a412f0b-8866-4b5d-9587-1e800514f110" />
      <TestMethod codeBase="D:\actions-runner\_work\XPCO\XPCO\SC\Components\RemoteViewer\SmartClient\tst\zSmartClient_UnitTest\bin\x64\Debug\net472\zSmartClient_UnitTest.dll" adapterTypeName="executor://mstestadapter/v2" className="SmartClient_UnitTest.VideoOS.RemoteClient.Application.Common.Telemetry.TelemetryBuilderTests" name="GetPartialDiffBetweenDictionaries_ShouldReturnCorrectValues" />
    </UnitTest>
    <UnitTest name="TestCreateWorkroom_Two_Success" storage="d:\actions-runner\_work\xpco\xpco\sc\components\remoteviewer\smartclient\tst\zsmartclient_unittest\bin\x64\debug\net472\zsmartclient_unittest.dll" id="7e90dd26-5432-8bfa-3839-6557709d9ac8">
      <TestCategory>
        <TestCategoryItem TestCategory="WorkroomController" />
      </TestCategory>
      <Execution id="b275cbfe-082a-4260-a333-cad581855c33" />
      <TestMethod codeBase="D:\actions-runner\_work\XPCO\XPCO\SC\Components\RemoteViewer\SmartClient\tst\zSmartClient_UnitTest\bin\x64\Debug\net472\zSmartClient_UnitTest.dll" adapterTypeName="executor://mstestadapter/v2" className="VideoOS.RemoteClient.Application.Controllers.WorkroomController.UnitTest.TabWorkroomControllerTest" name="TestCreateWorkroom_Two_Success" />
    </UnitTest>
    <UnitTest name="RaiseUpdateMutedMicrophonesAsync_ShouldMutedMicrophones_WhenEventIsRaised" storage="d:\actions-runner\_work\xpco\xpco\sc\components\remoteviewer\smartclient\tst\zsmartclient_unittest\bin\x64\debug\net472\zsmartclient_unittest.dll" id="895eb9fc-2343-3650-d2d8-97e69df3493b">
      <TestCategory>
        <TestCategoryItem TestCategory="GisMapAudioController" />
      </TestCategory>
      <Execution id="4b87d294-6d14-437d-8062-f62b6806cb9b" />
      <TestMethod codeBase="D:\actions-runner\_work\XPCO\XPCO\SC\Components\RemoteViewer\SmartClient\tst\zSmartClient_UnitTest\bin\x64\Debug\net472\zSmartClient_UnitTest.dll" adapterTypeName="executor://mstestadapter/v2" className="SmartClient_UnitTest.VideoOS.RemoteClient.GisMapData.GisMapAudioControllerTests" name="RaiseUpdateMutedMicrophonesAsync_ShouldMutedMicrophones_WhenEventIsRaised" />
    </UnitTest>
    <UnitTest name="DeleteSearchTemplateAsync_ValidParameters_Success" storage="d:\actions-runner\_work\xpco\xpco\sc\components\remoteviewer\smartclient\tst\zsmartclient_unittest\bin\x64\debug\net472\zsmartclient_unittest.dll" id="6260aeda-57ba-cb91-4a82-f4cbd7c152d7">
      <TestCategory>
        <TestCategoryItem TestCategory="SearchTemplatesService" />
      </TestCategory>
      <Execution id="d325569e-c408-4199-a64c-acca941ff3eb" />
      <TestMethod codeBase="D:\actions-runner\_work\XPCO\XPCO\SC\Components\RemoteViewer\SmartClient\tst\zSmartClient_UnitTest\bin\x64\Debug\net472\zSmartClient_UnitTest.dll" adapterTypeName="executor://mstestadapter/v2" className="SmartClient_UnitTest.VideoOS.RemoteClient.Plugin.CentralizedSearch.SearchTemplates.Service.SearchTemplateServiceTests" name="DeleteSearchTemplateAsync_ValidParameters_Success" />
    </UnitTest>
    <UnitTest name="MapLayerType_ShouldBeOutputItemsMapLayer_WhenCalled" storage="d:\actions-runner\_work\xpco\xpco\sc\components\remoteviewer\smartclient\tst\zsmartclient_unittest\bin\x64\debug\net472\zsmartclient_unittest.dll" id="d1c49c69-fe5f-8257-84d6-6eb683f2a033">
      <Execution id="62c589fc-7769-44c0-bd6c-19a6903a8d23" />
      <TestMethod codeBase="D:\actions-runner\_work\XPCO\XPCO\SC\Components\RemoteViewer\SmartClient\tst\zSmartClient_UnitTest\bin\x64\Debug\net472\zSmartClient_UnitTest.dll" adapterTypeName="executor://mstestadapter/v2" className="SmartClient_UnitTest.VideoOS.RemoteClient.GisMapData.Strategies.MapLayers.OutputMapLayerDatagramClassFactoryStrategyTests" name="MapLayerType_ShouldBeOutputItemsMapLayer_WhenCalled" />
    </UnitTest>
    <UnitTest name="Convert_ShouldRaiseInvalidCastException_WhenParameterIsAnInteractionState" storage="d:\actions-runner\_work\xpco\xpco\sc\components\remoteviewer\smartclient\tst\zsmartclient_unittest\bin\x64\debug\net472\zsmartclient_unittest.dll" id="a00003bd-aa50-3927-aba0-52fe02475d39">
      <TestCategory>
        <TestCategoryItem TestCategory="GisMap.InteractionStateConverter" />
      </TestCategory>
      <Execution id="41623223-1496-4a5e-83db-16f1b8d4137b" />
      <TestMethod codeBase="D:\actions-runner\_work\XPCO\XPCO\SC\Components\RemoteViewer\SmartClient\tst\zSmartClient_UnitTest\bin\x64\Debug\net472\zSmartClient_UnitTest.dll" adapterTypeName="executor://mstestadapter/v2" className="SmartClient_UnitTest.VideoOS.RemoteClient.Plugin.GisMap.View.InteractionStateConverterTests" name="Convert_ShouldRaiseInvalidCastException_WhenParameterIsAnInteractionState" />
    </UnitTest>
    <UnitTest name="GetSearchTemplateAsync_ThrowTimeoutException_Success" storage="d:\actions-runner\_work\xpco\xpco\sc\components\remoteviewer\smartclient\tst\zsmartclient_unittest\bin\x64\debug\net472\zsmartclient_unittest.dll" id="e7e63149-c015-7b5a-f774-f0bcac9b808e">
      <TestCategory>
        <TestCategoryItem TestCategory="SearchTemplatesService" />
      </TestCategory>
      <Execution id="bd2b7417-31ac-41cd-9d28-93f7b1f50425" />
      <TestMethod codeBase="D:\actions-runner\_work\XPCO\XPCO\SC\Components\RemoteViewer\SmartClient\tst\zSmartClient_UnitTest\bin\x64\Debug\net472\zSmartClient_UnitTest.dll" adapterTypeName="executor://mstestadapter/v2" className="SmartClient_UnitTest.VideoOS.RemoteClient.Plugin.CentralizedSearch.SearchTemplates.Service.SearchTemplateServiceTests" name="GetSearchTemplateAsync_ThrowTimeoutException_Success" />
    </UnitTest>
    <UnitTest name="GetSnapshots_UnauthorizedAccess_Failure" storage="d:\actions-runner\_work\xpco\xpco\sc\components\remoteviewer\smartclient\tst\zsmartclient_unittest\bin\x64\debug\net472\zsmartclient_unittest.dll" id="40de1517-d6a6-7e31-1713-862fa25a82b9">
      <TestCategory>
        <TestCategoryItem TestCategory="Search" />
      </TestCategory>
      <Execution id="ddcc338d-8c4f-4335-b926-aa2fb1bbd1f3" />
      <TestMethod codeBase="D:\actions-runner\_work\XPCO\XPCO\SC\Components\RemoteViewer\SmartClient\tst\zSmartClient_UnitTest\bin\x64\Debug\net472\zSmartClient_UnitTest.dll" adapterTypeName="executor://mstestadapter/v2" className="SmartClient_UnitTest.VideoOS.RemoteClient.Plugin.CentralizedSearch.ViewModels.Data.SnapshotHandlerTests" name="GetSnapshots_UnauthorizedAccess_Failure" />
    </UnitTest>
    <UnitTest name="Convert_ShouldReturnUnchangedObject_WhenCustomObjectIsUsed" storage="d:\actions-runner\_work\xpco\xpco\sc\components\remoteviewer\smartclient\tst\zsmartclient_unittest\bin\x64\debug\net472\zsmartclient_unittest.dll" id="7e1fdf53-1cce-0f14-6eba-6df4732e28ac">
      <Execution id="80db75b9-a01e-44b1-b3d1-ae5902efd095" />
      <TestMethod codeBase="D:\actions-runner\_work\XPCO\XPCO\SC\Components\RemoteViewer\SmartClient\tst\zSmartClient_UnitTest\bin\x64\Debug\net472\zSmartClient_UnitTest.dll" adapterTypeName="executor://mstestadapter/v2" className="SmartClient_UnitTest.VideoOS.Common.UIThemes.ContentToTooltipTextConverterTests" name="Convert_ShouldReturnUnchangedObject_WhenCustomObjectIsUsed" />
    </UnitTest>
    <UnitTest name="CalculateNewExtent_ShouldLimitExtent_WhenBeyondMaxOnUpperLeftEdge" storage="d:\actions-runner\_work\xpco\xpco\sc\components\remoteviewer\smartclient\tst\zsmartclient_unittest\bin\x64\debug\net472\zsmartclient_unittest.dll" id="2978490b-f335-bd98-3d44-ea762b2e8674">
      <TestCategory>
        <TestCategoryItem TestCategory="MipItemsUpdateStrategy" />
      </TestCategory>
      <Execution id="6db4ead6-c493-4f6b-b2af-2ab4b413bf83" />
      <TestMethod codeBase="D:\actions-runner\_work\XPCO\XPCO\SC\Components\RemoteViewer\SmartClient\tst\zSmartClient_UnitTest\bin\x64\Debug\net472\zSmartClient_UnitTest.dll" adapterTypeName="executor://mstestadapter/v2" className="SmartClient_UnitTest.VideoOS.RemoteClient.Plugin.GisMap.MIP.MipItemsUpdateStrategyTests" name="CalculateNewExtent_ShouldLimitExtent_WhenBeyondMaxOnUpperLeftEdge" />
    </UnitTest>
    <UnitTest name="GetOsmServerAddress_ShouldReturnEmptyString_WhenGeographicLayerIsNullAndAlternativeServerIsEmpty" storage="d:\actions-runner\_work\xpco\xpco\sc\components\remoteviewer\smartclient\tst\zsmartclient_unittest\bin\x64\debug\net472\zsmartclient_unittest.dll" id="0aadc201-49e1-bf75-6608-564242125dc2">
      <TestCategory>
        <TestCategoryItem TestCategory="GisMapData.Controllers.Osm" />
      </TestCategory>
      <Execution id="f9e5a8cd-4946-4f0a-a379-1594ca8d1815" />
      <TestMethod codeBase="D:\actions-runner\_work\XPCO\XPCO\SC\Components\RemoteViewer\SmartClient\tst\zSmartClient_UnitTest\bin\x64\Debug\net472\zSmartClient_UnitTest.dll" adapterTypeName="executor://mstestadapter/v2" className="SmartClient_UnitTest.VideoOS.RemoteClient.GisMapData.Controllers.Osm.GisMapOsmControllerTests" name="GetOsmServerAddress_ShouldReturnEmptyString_WhenGeographicLayerIsNullAndAlternativeServerIsEmpty" />
    </UnitTest>
    <UnitTest name="PointMapItem_Load_Output_Success" storage="d:\actions-runner\_work\xpco\xpco\sc\components\remoteviewer\smartclient\tst\zsmartclient_unittest\bin\x64\debug\net472\zsmartclient_unittest.dll" id="947e66f8-3edd-6840-266f-9e5f8a6ffe6e">
      <TestCategory>
        <TestCategoryItem TestCategory="GisMapData.MapItem.Outputs" />
      </TestCategory>
      <Execution id="d0757986-08f6-4548-90e9-5d332e92ca90" />
      <TestMethod codeBase="D:\actions-runner\_work\XPCO\XPCO\SC\Components\RemoteViewer\SmartClient\tst\zSmartClient_UnitTest\bin\x64\Debug\net472\zSmartClient_UnitTest.dll" adapterTypeName="executor://mstestadapter/v2" className="SmartClient_UnitTest.VideoOS.RemoteClient.GisMapData.MapItem.Outputs.OutputMapItemTests" name="PointMapItem_Load_Output_Success" />
    </UnitTest>
    <UnitTest name="WaitForItemAsync_WhenAdded_WaitsCorrectlyForItem" storage="d:\actions-runner\_work\xpco\xpco\sc\components\remoteviewer\smartclient\tst\zsmartclient_unittest\bin\x64\debug\net472\zsmartclient_unittest.dll" id="5aee1987-ec48-787b-31d3-fe2a9e31e772">
      <Execution id="21834697-57ef-4a2a-bab2-a584cc609606" />
      <TestMethod codeBase="D:\actions-runner\_work\XPCO\XPCO\SC\Components\RemoteViewer\SmartClient\tst\zSmartClient_UnitTest\bin\x64\Debug\net472\zSmartClient_UnitTest.dll" adapterTypeName="executor://mstestadapter/v2" className="SmartClient_UnitTest.VideoOS.RemoteClient.Plugin.GisMap.MIP.MipMapitemWaiterTests" name="WaitForItemAsync_WhenAdded_WaitsCorrectlyForItem" />
    </UnitTest>
    <UnitTest name="Compare_SameTriggerTimeDeterministicBehavior_CameraId_Success" storage="d:\actions-runner\_work\xpco\xpco\sc\components\remoteviewer\smartclient\tst\zsmartclient_unittest\bin\x64\debug\net472\zsmartclient_unittest.dll" id="c16f8099-6dbb-2cba-9e36-c36b7b8492a9">
      <TestCategory>
        <TestCategoryItem TestCategory="SearchComparers" />
      </TestCategory>
      <Execution id="9104b3b0-7964-4c83-b8d8-85c8780f14ed" />
      <TestMethod codeBase="D:\actions-runner\_work\XPCO\XPCO\SC\Components\RemoteViewer\SmartClient\tst\zSmartClient_UnitTest\bin\x64\Debug\net472\zSmartClient_UnitTest.dll" adapterTypeName="executor://mstestadapter/v2" className="SmartClient_UnitTest.VideoOS.RemoteClient.Plugin.CentralizedSearch.Models.Wrappers.Comparers.TriggerTimeComparerTests" name="Compare_SameTriggerTimeDeterministicBehavior_CameraId_Success" />
    </UnitTest>
    <UnitTest name="TestWriteXml" storage="d:\actions-runner\_work\xpco\xpco\sc\components\remoteviewer\smartclient\tst\zsmartclient_unittest\bin\x64\debug\net472\zsmartclient_unittest.dll" id="3355c355-6b0a-3812-de70-8d7a8a005906">
      <Execution id="03e97f91-aace-495e-9873-ae03a57b0bfb" />
      <TestMethod codeBase="D:\actions-runner\_work\XPCO\XPCO\SC\Components\RemoteViewer\SmartClient\tst\zSmartClient_UnitTest\bin\x64\Debug\net472\zSmartClient_UnitTest.dll" adapterTypeName="executor://mstestadapter/v2" className="SmartClient_UnitTest.VideoOS.RemoteClient.Application.Data.Retrievals.RetrievalMetadataTest" name="TestWriteXml" />
    </UnitTest>
    <UnitTest name="Tooltip_ShouldShowMicrophoneName_WhenMicrophoneIsMutedOnLiveModeAndUserHasListenPermissions" storage="d:\actions-runner\_work\xpco\xpco\sc\components\remoteviewer\smartclient\tst\zsmartclient_unittest\bin\x64\debug\net472\zsmartclient_unittest.dll" id="500812c7-2caf-0961-5585-75ab839884c8">
      <TestCategory>
        <TestCategoryItem TestCategory="GisMap.MicrophoneMarkerTest" />
      </TestCategory>
      <Execution id="1b809d9b-69b1-4e0b-8efd-fb4cfaebfee8" />
      <TestMethod codeBase="D:\actions-runner\_work\XPCO\XPCO\SC\Components\RemoteViewer\SmartClient\tst\zSmartClient_UnitTest\bin\x64\Debug\net472\zSmartClient_UnitTest.dll" adapterTypeName="executor://mstestadapter/v2" className="SmartClient_UnitTest.VideoOS.RemoteClient.Plugin.GisMap.ThinkGeoMap.Markers.DeviceMarkers.MicrophoneMarker.MicrophoneMarkerTests" name="Tooltip_ShouldShowMicrophoneName_WhenMicrophoneIsMutedOnLiveModeAndUserHasListenPermissions" />
    </UnitTest>
    <UnitTest name="SmartMapPositionChanged_WhenMapPositionIsChanged_ShouldCallPostMessage" storage="d:\actions-runner\_work\xpco\xpco\sc\components\remoteviewer\smartclient\tst\zsmartclient_unittest\bin\x64\debug\net472\zsmartclient_unittest.dll" id="13e00d9f-1356-be26-5e63-c3874f003845">
      <Execution id="1cac4736-6b01-4213-8bc5-2196343ebe5a" />
      <TestMethod codeBase="D:\actions-runner\_work\XPCO\XPCO\SC\Components\RemoteViewer\SmartClient\tst\zSmartClient_UnitTest\bin\x64\Debug\net472\zSmartClient_UnitTest.dll" adapterTypeName="executor://mstestadapter/v2" className="SmartClient_UnitTest.VideoOS.RemoteClient.Plugin.GisMap.MIP.ContentHolderMipMessageManagerTests" name="SmartMapPositionChanged_WhenMapPositionIsChanged_ShouldCallPostMessage" />
    </UnitTest>
    <UnitTest name="AddToExportTuples_ShouldAddToExportData (5)" storage="d:\actions-runner\_work\xpco\xpco\sc\components\remoteviewer\smartclient\tst\zsmartclient_unittest\bin\x64\debug\net472\zsmartclient_unittest.dll" id="3f5ee2de-3b1b-0c75-47d5-11fe5a7f62f5">
      <TestCategory>
        <TestCategoryItem TestCategory="Managers" />
      </TestCategory>
      <Execution id="fbcc30cb-16fe-4de2-98e2-602311c79d8a" />
      <TestMethod codeBase="D:\actions-runner\_work\XPCO\XPCO\SC\Components\RemoteViewer\SmartClient\tst\zSmartClient_UnitTest\bin\x64\Debug\net472\zSmartClient_UnitTest.dll" adapterTypeName="executor://mstestadapter/v2" className="SmartClient_UnitTest.VideoOS.RemoteClient.Application.Managers.ExportManagerTests" name="AddToExportTuples_ShouldAddToExportData" />
    </UnitTest>
    <UnitTest name="VideoResultSearchResult_PropertiesWhenCombinedResultDifferentCategoryName_CollectedAndDisplayed" storage="d:\actions-runner\_work\xpco\xpco\sc\components\remoteviewer\smartclient\tst\zsmartclient_unittest\bin\x64\debug\net472\zsmartclient_unittest.dll" id="98f162c3-7789-0517-6acc-2e2623f261ea">
      <TestCategory>
        <TestCategoryItem TestCategory="SearchControls" />
      </TestCategory>
      <Execution id="f36072dd-5ce1-4849-bba0-e66a7d11585e" />
      <TestMethod codeBase="D:\actions-runner\_work\XPCO\XPCO\SC\Components\RemoteViewer\SmartClient\tst\zSmartClient_UnitTest\bin\x64\Debug\net472\zSmartClient_UnitTest.dll" adapterTypeName="executor://mstestadapter/v2" className="SmartClient_UnitTest.VideoOS.RemoteClient.Plugin.CentralizedSearch.Views.Controls.SearchResultDetailsControlTests" name="VideoResultSearchResult_PropertiesWhenCombinedResultDifferentCategoryName_CollectedAndDisplayed" />
    </UnitTest>
    <UnitTest name="SerializeDeserialize_RoundTripNoValues_Equals" storage="d:\actions-runner\_work\xpco\xpco\sc\components\remoteviewer\smartclient\tst\zsmartclient_unittest\bin\x64\debug\net472\zsmartclient_unittest.dll" id="dddb1835-bc62-9ecf-f6da-266a9e5d6d03">
      <Execution id="469c79c2-2c64-46c2-b6a2-1a579ab5afb7" />
      <TestMethod codeBase="D:\actions-runner\_work\XPCO\XPCO\SC\Components\RemoteViewer\SmartClient\tst\zSmartClient_UnitTest\bin\x64\Debug\net472\zSmartClient_UnitTest.dll" adapterTypeName="executor://mstestadapter/v2" className="SmartClient_UnitTest.VideoOS.RemoteClient.Application.Data.States.CentralizedSearchStateTest" name="SerializeDeserialize_RoundTripNoValues_Equals" />
    </UnitTest>
    <UnitTest name="HandleSetLayerFeatures_ShouldRaiseArgumentException_WhenCameraKindAndNotCameraLayerFeaturesAndInputLayer" storage="d:\actions-runner\_work\xpco\xpco\sc\components\remoteviewer\smartclient\tst\zsmartclient_unittest\bin\x64\debug\net472\zsmartclient_unittest.dll" id="2670b347-ae46-c79b-6a32-846917e5ef9a">
      <TestCategory>
        <TestCategoryItem TestCategory="GisMapData.Handlers.LayerFeatures" />
      </TestCategory>
      <Execution id="6a26407e-6a4d-4183-b815-e20b3be98096" />
      <TestMethod codeBase="D:\actions-runner\_work\XPCO\XPCO\SC\Components\RemoteViewer\SmartClient\tst\zSmartClient_UnitTest\bin\x64\Debug\net472\zSmartClient_UnitTest.dll" adapterTypeName="executor://mstestadapter/v2" className="SmartClient_UnitTest.VideoOS.RemoteClient.GisMapData.Handlers.LayerFeatures.CameraLayerFeaturesHandlerTests" name="HandleSetLayerFeatures_ShouldRaiseArgumentException_WhenCameraKindAndNotCameraLayerFeaturesAndInputLayer" />
    </UnitTest>
    <UnitTest name="GetClusters_ShouldIncludeItemFromBuildingIntoSuperClusterOutsideBuilding_WhenBuildingLayerIsHidden" storage="d:\actions-runner\_work\xpco\xpco\sc\components\remoteviewer\smartclient\tst\zsmartclient_unittest\bin\x64\debug\net472\zsmartclient_unittest.dll" id="533b05cc-a804-1759-db1f-d456efa129c0">
      <TestCategory>
        <TestCategoryItem TestCategory="GisMapIndex.SuperClusters" />
      </TestCategory>
      <Execution id="5050018a-5f83-4c80-bdec-72143a7a3360" />
      <TestMethod codeBase="D:\actions-runner\_work\XPCO\XPCO\SC\Components\RemoteViewer\SmartClient\tst\zSmartClient_UnitTest\bin\x64\Debug\net472\zSmartClient_UnitTest.dll" adapterTypeName="executor://mstestadapter/v2" className="SmartClient_UnitTest.VideoOS.RemoteClient.GisMapData.Common.Indexer.BuildingsAwareIndexerTests_SuperCluster" name="GetClusters_ShouldIncludeItemFromBuildingIntoSuperClusterOutsideBuilding_WhenBuildingLayerIsHidden" />
    </UnitTest>
    <UnitTest name="PopulateTooltip_FewResultsFromFewCameras12Hours_ValidText" storage="d:\actions-runner\_work\xpco\xpco\sc\components\remoteviewer\smartclient\tst\zsmartclient_unittest\bin\x64\debug\net472\zsmartclient_unittest.dll" id="17ba5638-6ea6-b4d6-f1bc-1949b3768658">
      <TestCategory>
        <TestCategoryItem TestCategory="SearchControls" />
      </TestCategory>
      <Execution id="b97b66a6-d491-456c-9585-294fd80a4e22" />
      <TestMethod codeBase="D:\actions-runner\_work\XPCO\XPCO\SC\Components\RemoteViewer\SmartClient\tst\zSmartClient_UnitTest\bin\x64\Debug\net472\zSmartClient_UnitTest.dll" adapterTypeName="executor://mstestadapter/v2" className="SmartClient_UnitTest.VideoOS.RemoteClient.Plugin.CentralizedSearch.Views.Controls.TimelineRuler.TimelineRulerControlTests" name="PopulateTooltip_FewResultsFromFewCameras12Hours_ValidText" />
    </UnitTest>
    <UnitTest name="True" storage="d:\actions-runner\_work\xpco\xpco\sc\components\remoteviewer\smartclient\tst\zsmartclient_unittest\bin\x64\debug\net472\zsmartclient_unittest.dll" id="862de922-2beb-921d-d13a-0b59aae77f6b">
      <TestCategory>
        <TestCategoryItem TestCategory="WorkspaceToolbar" />
      </TestCategory>
      <Execution id="56fc74a6-427c-44cf-952c-6a22bf94d69c" />
      <TestMethod codeBase="D:\actions-runner\_work\XPCO\XPCO\SC\Components\RemoteViewer\SmartClient\tst\zSmartClient_UnitTest\bin\x64\Debug\net472\zSmartClient_UnitTest.dll" adapterTypeName="executor://mstestadapter/v2" className="SmartClient_UnitTest.VideoOS.RemoteClient.Application.Data.WorkspaceToolbar.WorkspaceToolbarItemMipPluginTests" name="BindingModelVisible_Matches_PluginInstanceVisible" />
    </UnitTest>
    <UnitTest name="BuildState_Success" storage="d:\actions-runner\_work\xpco\xpco\sc\components\remoteviewer\smartclient\tst\zsmartclient_unittest\bin\x64\debug\net472\zsmartclient_unittest.dll" id="5af784fc-9243-ca85-aed0-526fe2586632">
      <TestCategory>
        <TestCategoryItem TestCategory="Search" />
      </TestCategory>
      <Execution id="27a55efa-c8ed-4274-9a5f-912357245ceb" />
      <TestMethod codeBase="D:\actions-runner\_work\XPCO\XPCO\SC\Components\RemoteViewer\SmartClient\tst\zSmartClient_UnitTest\bin\x64\Debug\net472\zSmartClient_UnitTest.dll" adapterTypeName="executor://mstestadapter/v2" className="SmartClient_UnitTest.VideoOS.RemoteClient.Plugin.CentralizedSearch.CentralizedSearchContentHolderTests" name="BuildState_Success" />
    </UnitTest>
    <UnitTest name="Compare_NotNullVsNullDescending_GreaterThan" storage="d:\actions-runner\_work\xpco\xpco\sc\components\remoteviewer\smartclient\tst\zsmartclient_unittest\bin\x64\debug\net472\zsmartclient_unittest.dll" id="112015e3-431e-b435-09f5-dc36bf2bbc1b">
      <TestCategory>
        <TestCategoryItem TestCategory="SearchComparers" />
      </TestCategory>
      <Execution id="7cbaa087-26ab-4400-8fcd-10ce99cd64de" />
      <TestMethod codeBase="D:\actions-runner\_work\XPCO\XPCO\SC\Components\RemoteViewer\SmartClient\tst\zSmartClient_UnitTest\bin\x64\Debug\net472\zSmartClient_UnitTest.dll" adapterTypeName="executor://mstestadapter/v2" className="SmartClient_UnitTest.VideoOS.RemoteClient.Plugin.CentralizedSearch.Models.Wrappers.Comparers.BeginTimeWithPaddingComparerTests" name="Compare_NotNullVsNullDescending_GreaterThan" />
    </UnitTest>
    <UnitTest name="SearchResultDataHasChanged_ShouldCallAllSubResults" storage="d:\actions-runner\_work\xpco\xpco\sc\components\remoteviewer\smartclient\tst\zsmartclient_unittest\bin\x64\debug\net472\zsmartclient_unittest.dll" id="13db29e1-271e-aab2-3bce-87640b8c6e48">
      <TestCategory>
        <TestCategoryItem TestCategory="Search.Wrappers" />
      </TestCategory>
      <Execution id="adf360fb-2793-4a3a-9581-b549326a39bd" />
      <TestMethod codeBase="D:\actions-runner\_work\XPCO\XPCO\SC\Components\RemoteViewer\SmartClient\tst\zSmartClient_UnitTest\bin\x64\Debug\net472\zSmartClient_UnitTest.dll" adapterTypeName="executor://mstestadapter/v2" className="SmartClient_UnitTest.VideoOS.RemoteClient.Plugin.CentralizedSearch.Models.Wrappers.CombinedSearchResultDataWrapperTests" name="SearchResultDataHasChanged_ShouldCallAllSubResults" />
    </UnitTest>
    <UnitTest name="Default, forced" storage="d:\actions-runner\_work\xpco\xpco\sc\components\remoteviewer\smartclient\tst\zsmartclient_unittest\bin\x64\debug\net472\zsmartclient_unittest.dll" id="bc1a7ca7-c75d-3f41-ef6e-10d032a0855e">
      <TestCategory>
        <TestCategoryItem TestCategory="Export" />
      </TestCategory>
      <Execution id="1a7f812e-6f1d-47a3-a973-66ed01d25cc5" />
      <TestMethod codeBase="D:\actions-runner\_work\XPCO\XPCO\SC\Components\RemoteViewer\SmartClient\tst\zSmartClient_UnitTest\bin\x64\Debug\net472\zSmartClient_UnitTest.dll" adapterTypeName="executor://mstestadapter/v2" className="SmartClient_UnitTest.VideoOS.RemoteClient.Plugin.Export.CreateExportDialogViewModelTests" name="CreateExportDialog_ExportPathCanBeModified_BasedOnOptions" />
    </UnitTest>
    <UnitTest name="DisplayErrorOnNotificationArea_UnknownDerivedFromSearchError_LoggingEnabled_Success" storage="d:\actions-runner\_work\xpco\xpco\sc\components\remoteviewer\smartclient\tst\zsmartclient_unittest\bin\x64\debug\net472\zsmartclient_unittest.dll" id="4a1694b5-7db1-bf67-dca4-8860f0f31e9d">
      <TestCategory>
        <TestCategoryItem TestCategory="SearchViewModels" />
      </TestCategory>
      <Execution id="75f7535d-11df-406c-a21f-7aea6c24dd64" />
      <TestMethod codeBase="D:\actions-runner\_work\XPCO\XPCO\SC\Components\RemoteViewer\SmartClient\tst\zSmartClient_UnitTest\bin\x64\Debug\net472\zSmartClient_UnitTest.dll" adapterTypeName="executor://mstestadapter/v2" className="SmartClient_UnitTest.VideoOS.RemoteClient.Plugin.CentralizedSearch.ViewModels.SearchViewModelTests" name="DisplayErrorOnNotificationArea_UnknownDerivedFromSearchError_LoggingEnabled_Success" />
    </UnitTest>
    <UnitTest name="Decorate_ShouldAddChildren_WhenThereAreLayersWithItemsImplementingITitleToggleableAndIBackgroundDiskToggleable" storage="d:\actions-runner\_work\xpco\xpco\sc\components\remoteviewer\smartclient\tst\zsmartclient_unittest\bin\x64\debug\net472\zsmartclient_unittest.dll" id="284a6b15-0a7d-d4a1-ae93-88897a496866">
      <TestCategory>
        <TestCategoryItem TestCategory="GisMap.LayerVisibilityItemDataChildrenToggleItemDecoratorTests" />
      </TestCategory>
      <Execution id="44b064e8-d958-445e-bf3e-638e336ffece" />
      <TestMethod codeBase="D:\actions-runner\_work\XPCO\XPCO\SC\Components\RemoteViewer\SmartClient\tst\zSmartClient_UnitTest\bin\x64\Debug\net472\zSmartClient_UnitTest.dll" adapterTypeName="executor://mstestadapter/v2" className="SmartClient_UnitTest.VideoOS.RemoteClient.Plugin.GisMap.ViewModels.LayersVisibility.Decorators.LayerVisibilityItemDataChildrenToggleItemDecoratorTests" name="Decorate_ShouldAddChildren_WhenThereAreLayersWithItemsImplementingITitleToggleableAndIBackgroundDiskToggleable" />
    </UnitTest>
    <UnitTest name="BookmarkSearchTime_WithSearchStringInDifferentCases_ReturnCorrectBookmarkWithSearchStringInDescription (SeArChStRiNg,False,False,False,True,,,0)" storage="d:\actions-runner\_work\xpco\xpco\sc\components\remoteviewer\smartclient\tst\zsmartclient_unittest\bin\x64\debug\net472\zsmartclient_unittest.dll" id="a6a5106e-d98b-7b36-c37f-52d3d3eccf9f">
      <Execution id="3e8b67dc-4417-4edf-b2dd-f0ca8621e737" />
      <TestMethod codeBase="D:\actions-runner\_work\XPCO\XPCO\SC\Components\RemoteViewer\SmartClient\tst\zSmartClient_UnitTest\bin\x64\Debug\net472\zSmartClient_UnitTest.dll" adapterTypeName="executor://mstestadapter/v2" className="SmartClient_UnitTest.VideoOS.RemoteClient.Application.Data.Offline.UnitTest.BookmarkExportReaderTest" name="BookmarkSearchTime_WithSearchStringInDifferentCases_ReturnCorrectBookmarkWithSearchStringInDescription" />
    </UnitTest>
    <UnitTest name="SequenceEntryDto_ShouldYieldSameValues_WhenRoundTripConverted" storage="d:\actions-runner\_work\xpco\xpco\sc\components\remoteviewer\smartclient\tst\zsmartclient_unittest\bin\x64\debug\net472\zsmartclient_unittest.dll" id="9293549a-e4d8-25ee-0a7e-0a58daedfd4d">
      <TestCategory>
        <TestCategoryItem TestCategory="RecorderProxyToDtoMapping" />
      </TestCategory>
      <Execution id="6cdcc95b-9e8f-49bf-8bf7-46908564b40f" />
      <TestMethod codeBase="D:\actions-runner\_work\XPCO\XPCO\SC\Components\RemoteViewer\SmartClient\tst\zSmartClient_UnitTest\bin\x64\Debug\net472\zSmartClient_UnitTest.dll" adapterTypeName="executor://mstestadapter/v2" className="VideoOS.Shared.ServerAPI.SOAP.RecorderClientMappingTests" name="SequenceEntryDto_ShouldYieldSameValues_WhenRoundTripConverted" />
    </UnitTest>
    <UnitTest name="GetClusters_ThreeInitialItems_ClustersForInitialItems" storage="d:\actions-runner\_work\xpco\xpco\sc\components\remoteviewer\smartclient\tst\zsmartclient_unittest\bin\x64\debug\net472\zsmartclient_unittest.dll" id="e998f77e-77b2-7e10-d8db-3813eb8031aa">
      <TestCategory>
        <TestCategoryItem TestCategory="GisMapIndex" />
      </TestCategory>
      <Execution id="0e7c1908-7c13-47db-ab5c-86c34cb9eed3" />
      <TestMethod codeBase="D:\actions-runner\_work\XPCO\XPCO\SC\Components\RemoteViewer\SmartClient\tst\zSmartClient_UnitTest\bin\x64\Debug\net472\zSmartClient_UnitTest.dll" adapterTypeName="executor://mstestadapter/v2" className="SmartClient_UnitTest.VideoOS.RemoteClient.GisMapData.Common.Indexer.MapItemIndexerTests" name="GetClusters_ThreeInitialItems_ClustersForInitialItems" />
    </UnitTest>
    <UnitTest name="BoundingBoxErrorOccurred" storage="d:\actions-runner\_work\xpco\xpco\sc\components\remoteviewer\smartclient\tst\zsmartclient_unittest\bin\x64\debug\net472\zsmartclient_unittest.dll" id="ffa5f9ad-66df-b9a8-3ecf-eff774a0ebee">
      <Execution id="d0262a73-d693-453d-9a8a-feda22c10d54" />
      <TestMethod codeBase="D:\actions-runner\_work\XPCO\XPCO\SC\Components\RemoteViewer\SmartClient\tst\zSmartClient_UnitTest\bin\x64\Debug\net472\zSmartClient_UnitTest.dll" adapterTypeName="executor://mstestadapter/v2" className="SmartClient_UnitTest.VideoOS.RemoteClient.Application.Data.Metadata.BoundingBoxes.BoundingBoxProviderTest" name="BoundingBoxErrorOccurred" />
    </UnitTest>
    <UnitTest name="DeleteBookmarksAsync_3items_Success" storage="d:\actions-runner\_work\xpco\xpco\sc\components\remoteviewer\smartclient\tst\zsmartclient_unittest\bin\x64\debug\net472\zsmartclient_unittest.dll" id="e858b755-e862-b910-8b81-43167ff825a3">
      <TestCategory>
        <TestCategoryItem TestCategory="Search.Bookmarks" />
      </TestCategory>
      <Execution id="4f30769b-8681-4abf-93f3-994108148184" />
      <TestMethod codeBase="D:\actions-runner\_work\XPCO\XPCO\SC\Components\RemoteViewer\SmartClient\tst\zSmartClient_UnitTest\bin\x64\Debug\net472\zSmartClient_UnitTest.dll" adapterTypeName="executor://mstestadapter/v2" className="SmartClient_UnitTest.VideoOS.RemoteClient.Plugin.CentralizedSearch.ViewModels.DeleteBookmarkHandlerTests" name="DeleteBookmarksAsync_3items_Success" />
    </UnitTest>
    <UnitTest name="SelectionCountDisplayText_OneSelectedResult_ReturnsSingleString" storage="d:\actions-runner\_work\xpco\xpco\sc\components\remoteviewer\smartclient\tst\zsmartclient_unittest\bin\x64\debug\net472\zsmartclient_unittest.dll" id="101686f8-0bec-03ef-e5aa-8afcc05984fe">
      <TestCategory>
        <TestCategoryItem TestCategory="SearchResultActionBarViewModel" />
      </TestCategory>
      <Execution id="32e79c7d-7d3c-45f8-9422-ca0c7883a08b" />
      <TestMethod codeBase="D:\actions-runner\_work\XPCO\XPCO\SC\Components\RemoteViewer\SmartClient\tst\zSmartClient_UnitTest\bin\x64\Debug\net472\zSmartClient_UnitTest.dll" adapterTypeName="executor://mstestadapter/v2" className="SmartClient_UnitTest.VideoOS.RemoteClient.Plugin.CentralizedSearch.ViewModels.SearchResultsActionBarViewModelTest" name="SelectionCountDisplayText_OneSelectedResult_ReturnsSingleString" />
    </UnitTest>
    <UnitTest name="ValidEncryptionStrengthsForExport_ShouldOnlyReturnAllAesStrengths_WhenLegacyEncryptionEnabledInAppConfigAndFipsEnabled" storage="d:\actions-runner\_work\xpco\xpco\sc\components\remoteviewer\smartclient\tst\zsmartclient_unittest\bin\x64\debug\net472\zsmartclient_unittest.dll" id="eafedef4-77b0-0ba7-44ca-5ee1ec158773">
      <TestCategory>
        <TestCategoryItem TestCategory="Encryption" />
      </TestCategory>
      <Execution id="305c3c31-4133-495d-8108-ed0a9f142dbd" />
      <TestMethod codeBase="D:\actions-runner\_work\XPCO\XPCO\SC\Components\RemoteViewer\SmartClient\tst\zSmartClient_UnitTest\bin\x64\Debug\net472\zSmartClient_UnitTest.dll" adapterTypeName="executor://mstestadapter/v2" className="SmartClient_UnitTest.VideoOS.RemoteClient.Application.Data.Export.Validation.ValidateEncryptionStrengthTests" name="ValidEncryptionStrengthsForExport_ShouldOnlyReturnAllAesStrengths_WhenLegacyEncryptionEnabledInAppConfigAndFipsEnabled" />
    </UnitTest>
    <UnitTest name="FindSearchTemplateesAsync_StateError_Success" storage="d:\actions-runner\_work\xpco\xpco\sc\components\remoteviewer\smartclient\tst\zsmartclient_unittest\bin\x64\debug\net472\zsmartclient_unittest.dll" id="aa968540-b42d-3b72-16d5-0bf3327fa8b4">
      <TestCategory>
        <TestCategoryItem TestCategory="SearchTemplatesService" />
      </TestCategory>
      <Execution id="4ea6050f-9ada-440a-8c48-65f1378fa891" />
      <TestMethod codeBase="D:\actions-runner\_work\XPCO\XPCO\SC\Components\RemoteViewer\SmartClient\tst\zSmartClient_UnitTest\bin\x64\Debug\net472\zSmartClient_UnitTest.dll" adapterTypeName="executor://mstestadapter/v2" className="SmartClient_UnitTest.VideoOS.RemoteClient.Plugin.CentralizedSearch.SearchTemplates.Service.SearchTemplateServiceTests" name="FindSearchTemplateesAsync_StateError_Success" />
    </UnitTest>
    <UnitTest name="DisplayErrorOnNotificationArea_CustomSearchError_Success" storage="d:\actions-runner\_work\xpco\xpco\sc\components\remoteviewer\smartclient\tst\zsmartclient_unittest\bin\x64\debug\net472\zsmartclient_unittest.dll" id="55d96512-5a91-19ab-11b5-5b61e2c70e29">
      <TestCategory>
        <TestCategoryItem TestCategory="SearchViewModels" />
      </TestCategory>
      <Execution id="3a95b627-676a-44a8-ae38-c861a08cf834" />
      <TestMethod codeBase="D:\actions-runner\_work\XPCO\XPCO\SC\Components\RemoteViewer\SmartClient\tst\zSmartClient_UnitTest\bin\x64\Debug\net472\zSmartClient_UnitTest.dll" adapterTypeName="executor://mstestadapter/v2" className="SmartClient_UnitTest.VideoOS.RemoteClient.Plugin.CentralizedSearch.ViewModels.SearchViewModelTests" name="DisplayErrorOnNotificationArea_CustomSearchError_Success" />
    </UnitTest>
    <UnitTest name="BoundingBoxBrowseTimeChangedTestSameData" storage="d:\actions-runner\_work\xpco\xpco\sc\components\remoteviewer\smartclient\tst\zsmartclient_unittest\bin\x64\debug\net472\zsmartclient_unittest.dll" id="f3077786-632a-26ad-8d51-86ff9f306fe4">
      <Execution id="c667dfea-eaf6-4a32-bcf4-9baf3160d384" />
      <TestMethod codeBase="D:\actions-runner\_work\XPCO\XPCO\SC\Components\RemoteViewer\SmartClient\tst\zSmartClient_UnitTest\bin\x64\Debug\net472\zSmartClient_UnitTest.dll" adapterTypeName="executor://mstestadapter/v2" className="SmartClient_UnitTest.VideoOS.RemoteClient.Application.Data.Metadata.BoundingBoxes.BoundingBoxProviderTest" name="BoundingBoxBrowseTimeChangedTestSameData" />
    </UnitTest>
    <UnitTest name="CreateCameraListItem_ShouldNotAddRegionSelectionToFilterValue_WhenAlreadyPresent" storage="d:\actions-runner\_work\xpco\xpco\sc\components\remoteviewer\smartclient\tst\zsmartclient_unittest\bin\x64\debug\net472\zsmartclient_unittest.dll" id="896580b1-84f1-933f-fef3-e601288590b2">
      <TestCategory>
        <TestCategoryItem TestCategory="Search.Filters.ViewModels" />
      </TestCategory>
      <Execution id="f8f9aedc-22b9-4189-ae1d-7d8a37806796" />
      <TestMethod codeBase="D:\actions-runner\_work\XPCO\XPCO\SC\Components\RemoteViewer\SmartClient\tst\zSmartClient_UnitTest\bin\x64\Debug\net472\zSmartClient_UnitTest.dll" adapterTypeName="executor://mstestadapter/v2" className="SmartClient_UnitTest.VideoOS.RemoteClient.Plugin.CentralizedSearch.MIPPlugin.Criteria.ViewModels.RegionSelectionCameraListItemHelperTests" name="CreateCameraListItem_ShouldNotAddRegionSelectionToFilterValue_WhenAlreadyPresent" />
    </UnitTest>
    <UnitTest name="BuildContentOptions_ShouldReturnInternalTab (73576FEA-BD0E-43C4-AD9D-589FBE4DC29B,True)" storage="d:\actions-runner\_work\xpco\xpco\sc\components\remoteviewer\smartclient\tst\zsmartclient_unittest\bin\x64\debug\net472\zsmartclient_unittest.dll" id="8901884e-5a64-e2c2-ebd4-9f1033556330">
      <Execution id="a3446030-418a-4630-b03e-eab65630f200" />
      <TestMethod codeBase="D:\actions-runner\_work\XPCO\XPCO\SC\Components\RemoteViewer\SmartClient\tst\zSmartClient_UnitTest\bin\x64\Debug\net472\zSmartClient_UnitTest.dll" adapterTypeName="executor://mstestadapter/v2" className="SmartClient_UnitTest.VideoOS.RemoteClient.Application.Common.Telemetry.TelemetryBuilderTests" name="BuildContentOptions_ShouldReturnInternalTab" />
    </UnitTest>
    <UnitTest name="AudioControllerOnDevicesLockEvent_ShouldNotEnableMicrophones_WhenUnlockingAudioDevicesAndApplicationIsInBrowseMode" storage="d:\actions-runner\_work\xpco\xpco\sc\components\remoteviewer\smartclient\tst\zsmartclient_unittest\bin\x64\debug\net472\zsmartclient_unittest.dll" id="443c2399-34e1-f6f5-cccc-278f0b0d999a">
      <TestCategory>
        <TestCategoryItem TestCategory="GisMapData.MapLayers" />
      </TestCategory>
      <Execution id="d0d822ea-eb7d-4319-b134-1e17a200d0df" />
      <TestMethod codeBase="D:\actions-runner\_work\XPCO\XPCO\SC\Components\RemoteViewer\SmartClient\tst\zSmartClient_UnitTest\bin\x64\Debug\net472\zSmartClient_UnitTest.dll" adapterTypeName="executor://mstestadapter/v2" className="SmartClient_UnitTest.VideoOS.RemoteClient.GisMapData.MapLayers.MicrophoneItemsMapLayerTests" name="AudioControllerOnDevicesLockEvent_ShouldNotEnableMicrophones_WhenUnlockingAudioDevicesAndApplicationIsInBrowseMode" />
    </UnitTest>
    <UnitTest name="IOState_ShouldYieldSameValuesForAllEnumValues_WhenRoundTripConverted (Activated,Activated)" storage="d:\actions-runner\_work\xpco\xpco\sc\components\remoteviewer\smartclient\tst\zsmartclient_unittest\bin\x64\debug\net472\zsmartclient_unittest.dll" id="34b0562a-74f3-0cb2-347b-f7ebddcca606">
      <TestCategory>
        <TestCategoryItem TestCategory="RecorderProxyToDtoMapping" />
      </TestCategory>
      <Execution id="633fc450-652a-4f6b-9bd3-8b3738e5364e" />
      <TestMethod codeBase="D:\actions-runner\_work\XPCO\XPCO\SC\Components\RemoteViewer\SmartClient\tst\zSmartClient_UnitTest\bin\x64\Debug\net472\zSmartClient_UnitTest.dll" adapterTypeName="executor://mstestadapter/v2" className="VideoOS.Shared.ServerAPI.SOAP.RecorderClientMappingTests" name="IOState_ShouldYieldSameValuesForAllEnumValues_WhenRoundTripConverted" />
    </UnitTest>
    <UnitTest name="Everything_Is_Disabled_When_Both_Create_And_Update_Rights_Missing" storage="d:\actions-runner\_work\xpco\xpco\sc\components\remoteviewer\smartclient\tst\zsmartclient_unittest\bin\x64\debug\net472\zsmartclient_unittest.dll" id="343adaa4-a6b4-4217-fe91-ea0e91bd35db">
      <Execution id="93545bb2-691f-4c8a-8f0b-f37106166222" />
      <TestMethod codeBase="D:\actions-runner\_work\XPCO\XPCO\SC\Components\RemoteViewer\SmartClient\tst\zSmartClient_UnitTest\bin\x64\Debug\net472\zSmartClient_UnitTest.dll" adapterTypeName="executor://mstestadapter/v2" className="SmartClient_UnitTest.VideoOS.RemoteClient.Application.Components.EvidenceLock.EvidenceLockEditModeUserRightTests" name="Everything_Is_Disabled_When_Both_Create_And_Update_Rights_Missing" />
    </UnitTest>
    <UnitTest name="Compare_NotNullVsNullDescending_GreaterThan" storage="d:\actions-runner\_work\xpco\xpco\sc\components\remoteviewer\smartclient\tst\zsmartclient_unittest\bin\x64\debug\net472\zsmartclient_unittest.dll" id="8f6cd5c2-e849-6c20-9267-83c3d531958e">
      <TestCategory>
        <TestCategoryItem TestCategory="SearchComparers" />
      </TestCategory>
      <Execution id="a6489234-8bfb-4100-b353-5da3cb757efc" />
      <TestMethod codeBase="D:\actions-runner\_work\XPCO\XPCO\SC\Components\RemoteViewer\SmartClient\tst\zSmartClient_UnitTest\bin\x64\Debug\net472\zSmartClient_UnitTest.dll" adapterTypeName="executor://mstestadapter/v2" className="SmartClient_UnitTest.VideoOS.RemoteClient.Plugin.CentralizedSearch.Models.Wrappers.Comparers.TriggerTimeComparerTests" name="Compare_NotNullVsNullDescending_GreaterThan" />
    </UnitTest>
    <UnitTest name="CreateSearchTemplateAsync_ThrowCommunicationMIPException_Success" storage="d:\actions-runner\_work\xpco\xpco\sc\components\remoteviewer\smartclient\tst\zsmartclient_unittest\bin\x64\debug\net472\zsmartclient_unittest.dll" id="1f23f407-ba0c-3271-0197-9ffb55ef110e">
      <TestCategory>
        <TestCategoryItem TestCategory="SearchTemplatesService" />
      </TestCategory>
      <Execution id="a914ff18-98f4-4668-93c5-bb7274f6eac5" />
      <TestMethod codeBase="D:\actions-runner\_work\XPCO\XPCO\SC\Components\RemoteViewer\SmartClient\tst\zSmartClient_UnitTest\bin\x64\Debug\net472\zSmartClient_UnitTest.dll" adapterTypeName="executor://mstestadapter/v2" className="SmartClient_UnitTest.VideoOS.RemoteClient.Plugin.CentralizedSearch.SearchTemplates.Service.SearchTemplateServiceTests" name="CreateSearchTemplateAsync_ThrowCommunicationMIPException_Success" />
    </UnitTest>
    <UnitTest name="BuildEvidenceLockFilterProperties_ShouldReturnCorrectValues (True,1,0,Only me,All)" storage="d:\actions-runner\_work\xpco\xpco\sc\components\remoteviewer\smartclient\tst\zsmartclient_unittest\bin\x64\debug\net472\zsmartclient_unittest.dll" id="ab6a68a4-df8c-0feb-73f0-3750600e7308">
      <Execution id="b778927d-f472-4b0e-b2a5-567490e6eb5d" />
      <TestMethod codeBase="D:\actions-runner\_work\XPCO\XPCO\SC\Components\RemoteViewer\SmartClient\tst\zSmartClient_UnitTest\bin\x64\Debug\net472\zSmartClient_UnitTest.dll" adapterTypeName="executor://mstestadapter/v2" className="SmartClient_UnitTest.VideoOS.RemoteClient.Application.Common.Telemetry.TelemetryBuilderTests" name="BuildEvidenceLockFilterProperties_ShouldReturnCorrectValues" />
    </UnitTest>
    <UnitTest name="DeleteMapItems_ShouldReturnTrue_WhenUserAcknowledgesDeletionOfMultipleItems" storage="d:\actions-runner\_work\xpco\xpco\sc\components\remoteviewer\smartclient\tst\zsmartclient_unittest\bin\x64\debug\net472\zsmartclient_unittest.dll" id="305136ec-e536-ca06-24de-c6336ceb8a55">
      <TestCategory>
        <TestCategoryItem TestCategory="GisMapModelController" />
      </TestCategory>
      <Execution id="75a43f23-8264-40c3-bd1f-bf8e62d7c208" />
      <TestMethod codeBase="D:\actions-runner\_work\XPCO\XPCO\SC\Components\RemoteViewer\SmartClient\tst\zSmartClient_UnitTest\bin\x64\Debug\net472\zSmartClient_UnitTest.dll" adapterTypeName="executor://mstestadapter/v2" className="SmartClient_UnitTest.VideoOS.RemoteClient.GisMapData.GisMapModelControllerTests" name="DeleteMapItems_ShouldReturnTrue_WhenUserAcknowledgesDeletionOfMultipleItems" />
    </UnitTest>
    <UnitTest name="HasWritePermissionOnDir_NoFileSystemAccessRule_ReturnsFalse" storage="d:\actions-runner\_work\xpco\xpco\sc\components\remoteviewer\smartclient\tst\zsmartclient_unittest\bin\x64\debug\net472\zsmartclient_unittest.dll" id="708d048c-4fd9-557c-20db-ce75a712beed">
      <TestCategory>
        <TestCategoryItem TestCategory="Search" />
      </TestCategory>
      <Execution id="f296c022-815c-413b-99e8-dd3b03733892" />
      <TestMethod codeBase="D:\actions-runner\_work\XPCO\XPCO\SC\Components\RemoteViewer\SmartClient\tst\zSmartClient_UnitTest\bin\x64\Debug\net472\zSmartClient_UnitTest.dll" adapterTypeName="executor://mstestadapter/v2" className="SmartClient_UnitTest.VideoOS.RemoteClient.Plugin.CentralizedSearch.ViewModels.Data.SnapshotHandlerTests" name="HasWritePermissionOnDir_NoFileSystemAccessRule_ReturnsFalse" />
    </UnitTest>
    <UnitTest name="PtzSessionController_Constructor_ArgumentNull_ApplicationController_Test" storage="d:\actions-runner\_work\xpco\xpco\sc\components\remoteviewer\smartclient\tst\zsmartclient_unittest\bin\x64\debug\net472\zsmartclient_unittest.dll" id="68eba393-9613-4207-7542-82e0b37e4100">
      <Execution id="ef813bcf-3fbc-454d-bc79-04ef0435d62a" />
      <TestMethod codeBase="D:\actions-runner\_work\XPCO\XPCO\SC\Components\RemoteViewer\SmartClient\tst\zSmartClient_UnitTest\bin\x64\Debug\net472\zSmartClient_UnitTest.dll" adapterTypeName="executor://mstestadapter/v2" className="VideoOS.RemoteClient.Application.Controllers.UnitTest.PtzSessionControllerTest" name="PtzSessionController_Constructor_ArgumentNull_ApplicationController_Test" />
    </UnitTest>
    <UnitTest name="AutomationId_ShouldBeValid_WhenInteractionStateIsOutput" storage="d:\actions-runner\_work\xpco\xpco\sc\components\remoteviewer\smartclient\tst\zsmartclient_unittest\bin\x64\debug\net472\zsmartclient_unittest.dll" id="6dc834ce-7990-c21f-5442-e578c180d56f">
      <TestCategory>
        <TestCategoryItem TestCategory="GisMap.UI.DeviceSelectors.PanelComponents" />
      </TestCategory>
      <Execution id="35044a3a-9e60-4551-92a9-31640b07b40c" />
      <TestMethod codeBase="D:\actions-runner\_work\XPCO\XPCO\SC\Components\RemoteViewer\SmartClient\tst\zSmartClient_UnitTest\bin\x64\Debug\net472\zSmartClient_UnitTest.dll" adapterTypeName="executor://mstestadapter/v2" className="SmartClient_UnitTest.VideoOS.RemoteClient.Plugin.GisMap.UI.DeviceSelectors.PanelComponents.DeviceSelectorPanelComponentTests" name="AutomationId_ShouldBeValid_WhenInteractionStateIsOutput" />
    </UnitTest>
    <UnitTest name="CreateCameraListItem_ShouldAddRegionSelectionToFilterValue_WhenNotAlreadyPresent" storage="d:\actions-runner\_work\xpco\xpco\sc\components\remoteviewer\smartclient\tst\zsmartclient_unittest\bin\x64\debug\net472\zsmartclient_unittest.dll" id="aa8972af-4006-c6fd-4be2-6ab7cf64c83f">
      <TestCategory>
        <TestCategoryItem TestCategory="Search.Filters.ViewModels" />
      </TestCategory>
      <Execution id="8965c255-c114-41ec-a93d-25479bd746ca" />
      <TestMethod codeBase="D:\actions-runner\_work\XPCO\XPCO\SC\Components\RemoteViewer\SmartClient\tst\zSmartClient_UnitTest\bin\x64\Debug\net472\zSmartClient_UnitTest.dll" adapterTypeName="executor://mstestadapter/v2" className="SmartClient_UnitTest.VideoOS.RemoteClient.Plugin.CentralizedSearch.MIPPlugin.Criteria.ViewModels.RegionSelectionCameraListItemHelperTests" name="CreateCameraListItem_ShouldAddRegionSelectionToFilterValue_WhenNotAlreadyPresent" />
    </UnitTest>
    <UnitTest name="Compare_ShouldBeDeterministic_WhenOnlyIdOfResultsDiffer" storage="d:\actions-runner\_work\xpco\xpco\sc\components\remoteviewer\smartclient\tst\zsmartclient_unittest\bin\x64\debug\net472\zsmartclient_unittest.dll" id="d9e596ab-93a9-7684-fb6f-71e1dbbc0c03">
      <TestCategory>
        <TestCategoryItem TestCategory="SearchComparers" />
      </TestCategory>
      <Execution id="86a9c478-e043-4ad0-a2e8-08cc25880359" />
      <TestMethod codeBase="D:\actions-runner\_work\XPCO\XPCO\SC\Components\RemoteViewer\SmartClient\tst\zSmartClient_UnitTest\bin\x64\Debug\net472\zSmartClient_UnitTest.dll" adapterTypeName="executor://mstestadapter/v2" className="SmartClient_UnitTest.VideoOS.RemoteClient.Plugin.CentralizedSearch.Models.Wrappers.Comparers.RelevanceComparerTests" name="Compare_ShouldBeDeterministic_WhenOnlyIdOfResultsDiffer" />
    </UnitTest>
    <UnitTest name="DeleteLevel2Of123_Success" storage="d:\actions-runner\_work\xpco\xpco\sc\components\remoteviewer\smartclient\tst\zsmartclient_unittest\bin\x64\debug\net472\zsmartclient_unittest.dll" id="0d6f4d12-30c4-770e-7e76-c3c94335926a">
      <TestCategory>
        <TestCategoryItem TestCategory="GisMapBuilding" />
      </TestCategory>
      <Execution id="be419648-3d30-4502-90bc-d0435d1feaa9" />
      <TestMethod codeBase="D:\actions-runner\_work\XPCO\XPCO\SC\Components\RemoteViewer\SmartClient\tst\zSmartClient_UnitTest\bin\x64\Debug\net472\zSmartClient_UnitTest.dll" adapterTypeName="executor://mstestadapter/v2" className="SmartClient_UnitTest.VideoOS.RemoteClient.GisMapData.MapBuildings.MapLevelTests" name="DeleteLevel2Of123_Success" />
    </UnitTest>
    <UnitTest name="TestConstructor_CastToPolygon_Success" storage="d:\actions-runner\_work\xpco\xpco\sc\components\remoteviewer\smartclient\tst\zsmartclient_unittest\bin\x64\debug\net472\zsmartclient_unittest.dll" id="772d579c-1f25-0ecf-1421-f86f202fcaa5">
      <TestCategory>
        <TestCategoryItem TestCategory="GisMap" />
      </TestCategory>
      <Execution id="5d2df5a7-f523-4dd9-bb4a-8fcac9584869" />
      <TestMethod codeBase="D:\actions-runner\_work\XPCO\XPCO\SC\Components\RemoteViewer\SmartClient\tst\zSmartClient_UnitTest\bin\x64\Debug\net472\zSmartClient_UnitTest.dll" adapterTypeName="executor://mstestadapter/v2" className="SmartClient_UnitTest.VideoOS.RemoteClient.GisMap.Common.MapPolygonTest" name="TestConstructor_CastToPolygon_Success" />
    </UnitTest>
    <UnitTest name="Initial_Result_Object_Correct" storage="d:\actions-runner\_work\xpco\xpco\sc\components\remoteviewer\smartclient\tst\zsmartclient_unittest\bin\x64\debug\net472\zsmartclient_unittest.dll" id="eaa1d30c-5f58-30c3-2f20-3844e46318d4">
      <Execution id="ed1dc4df-0588-421f-ac3d-a1a727087030" />
      <TestMethod codeBase="D:\actions-runner\_work\XPCO\XPCO\SC\Components\RemoteViewer\SmartClient\tst\zSmartClient_UnitTest\bin\x64\Debug\net472\zSmartClient_UnitTest.dll" adapterTypeName="executor://mstestadapter/v2" className="SmartClient_UnitTest.VideoOS.RemoteClient.Application.Components.Search.SearchManagerTest" name="Initial_Result_Object_Correct" />
    </UnitTest>
    <UnitTest name="UpdateSearchFilter_SingleFilterWithValues_Added" storage="d:\actions-runner\_work\xpco\xpco\sc\components\remoteviewer\smartclient\tst\zsmartclient_unittest\bin\x64\debug\net472\zsmartclient_unittest.dll" id="1757e59b-40da-bd94-15dd-39f1d4194c31">
      <TestCategory>
        <TestCategoryItem TestCategory="Search" />
      </TestCategory>
      <Execution id="26ce4a54-1f5a-4822-816c-3d9dafd85c60" />
      <TestMethod codeBase="D:\actions-runner\_work\XPCO\XPCO\SC\Components\RemoteViewer\SmartClient\tst\zSmartClient_UnitTest\bin\x64\Debug\net472\zSmartClient_UnitTest.dll" adapterTypeName="executor://mstestadapter/v2" className="SmartClient_UnitTest.VideoOS.RemoteClient.Plugin.CentralizedSearch.ViewModels.SearchDefinitionViewModelTests" name="UpdateSearchFilter_SingleFilterWithValues_Added" />
    </UnitTest>
    <UnitTest name="IsOAuth_ShouldReturnFalse_WhenConstructedUsingWindowsDefault" storage="d:\actions-runner\_work\xpco\xpco\sc\components\remoteviewer\smartclient\tst\zsmartclient_unittest\bin\x64\debug\net472\zsmartclient_unittest.dll" id="370610a6-40ac-68fd-6f42-3e5c99313cb3">
      <TestCategory>
        <TestCategoryItem TestCategory="Authentication.ClientCredentials" />
      </TestCategory>
      <Execution id="fc746332-6b9c-4d2f-a018-df60f0cbf5b4" />
      <TestMethod codeBase="D:\actions-runner\_work\XPCO\XPCO\SC\Components\RemoteViewer\SmartClient\tst\zSmartClient_UnitTest\bin\x64\Debug\net472\zSmartClient_UnitTest.dll" adapterTypeName="executor://mstestadapter/v2" className="SmartClient_UnitTest.VideoOS.Shared.ServerAPI.ClientCredentialsTest" name="IsOAuth_ShouldReturnFalse_WhenConstructedUsingWindowsDefault" />
    </UnitTest>
    <UnitTest name="MergeOptionNodes_ShouldReturnOptionsFromOldKey_WhenOptionsForNewKeyIsNull" storage="d:\actions-runner\_work\xpco\xpco\sc\components\remoteviewer\smartclient\tst\zsmartclient_unittest\bin\x64\debug\net472\zsmartclient_unittest.dll" id="88b4d386-4c27-112e-bb74-c07845596dd9">
      <TestCategory>
        <TestCategoryItem TestCategory="Managers" />
      </TestCategory>
      <Execution id="ea90d568-d86b-47e8-b791-8254b8a2fc63" />
      <TestMethod codeBase="D:\actions-runner\_work\XPCO\XPCO\SC\Components\RemoteViewer\SmartClient\tst\zSmartClient_UnitTest\bin\x64\Debug\net472\zSmartClient_UnitTest.dll" adapterTypeName="executor://mstestadapter/v2" className="SmartClient_UnitTest.VideoOS.RemoteClient.Application.Managers.OptionManagerTests" name="MergeOptionNodes_ShouldReturnOptionsFromOldKey_WhenOptionsForNewKeyIsNull" />
    </UnitTest>
    <UnitTest name="CreateSearchAttributeEditControl_AllMappings_Success" storage="d:\actions-runner\_work\xpco\xpco\sc\components\remoteviewer\smartclient\tst\zsmartclient_unittest\bin\x64\debug\net472\zsmartclient_unittest.dll" id="c4ff8731-9813-5df7-e5dd-207c7cca1b16">
      <TestCategory>
        <TestCategoryItem TestCategory="Search" />
      </TestCategory>
      <Execution id="d8577fba-014a-485c-b3d5-df2cace3963a" />
      <TestMethod codeBase="D:\actions-runner\_work\XPCO\XPCO\SC\Components\RemoteViewer\SmartClient\tst\zSmartClient_UnitTest\bin\x64\Debug\net472\zSmartClient_UnitTest.dll" adapterTypeName="executor://mstestadapter/v2" className="SmartClient_UnitTest.VideoOS.RemoteClient.Plugin.CentralizedSearch.MIPPlugin.ScSearchUserControlPluginTest" name="CreateSearchAttributeEditControl_AllMappings_Success" />
    </UnitTest>
    <UnitTest name="GetProductDisplayVersion_ShouldReturnSomething" storage="d:\actions-runner\_work\xpco\xpco\sc\components\remoteviewer\smartclient\tst\zsmartclient_unittest\bin\x64\debug\net472\zsmartclient_unittest.dll" id="92a9af5f-4b73-82b6-5006-408d1559b096">
      <Execution id="e27d7361-742f-4ce9-be1b-75f276f18d4e" />
      <TestMethod codeBase="D:\actions-runner\_work\XPCO\XPCO\SC\Components\RemoteViewer\SmartClient\tst\zSmartClient_UnitTest\bin\x64\Debug\net472\zSmartClient_UnitTest.dll" adapterTypeName="executor://mstestadapter/v2" className="SmartClient_UnitTest.VideoOS.RemoteClient.Application.Common.Telemetry.SCTelemetrySpecificsTests" name="GetProductDisplayVersion_ShouldReturnSomething" />
    </UnitTest>
    <UnitTest name="SmartSearchStatusType_ShouldYieldSameValuesForAllEnumValues_WhenRoundTripConverted (SearchCancelled,SearchCancelled)" storage="d:\actions-runner\_work\xpco\xpco\sc\components\remoteviewer\smartclient\tst\zsmartclient_unittest\bin\x64\debug\net472\zsmartclient_unittest.dll" id="91ffcb1a-560f-f3c6-61e7-9aaab2d982dc">
      <TestCategory>
        <TestCategoryItem TestCategory="RecorderProxyToDtoMapping" />
      </TestCategory>
      <Execution id="eccf0487-7df8-465e-98a2-126f4ec6a3d7" />
      <TestMethod codeBase="D:\actions-runner\_work\XPCO\XPCO\SC\Components\RemoteViewer\SmartClient\tst\zSmartClient_UnitTest\bin\x64\Debug\net472\zSmartClient_UnitTest.dll" adapterTypeName="executor://mstestadapter/v2" className="VideoOS.Shared.ServerAPI.SOAP.RecorderClientMappingTests" name="SmartSearchStatusType_ShouldYieldSameValuesForAllEnumValues_WhenRoundTripConverted" />
    </UnitTest>
    <UnitTest name="DataTypeTest" storage="d:\actions-runner\_work\xpco\xpco\sc\components\remoteviewer\smartclient\tst\zsmartclient_unittest\bin\x64\debug\net472\zsmartclient_unittest.dll" id="6ac3daf7-7d17-a19c-0567-b6e3340bf41b">
      <Execution id="d57f426d-c8ba-45a6-8d92-072f4e173a01" />
      <TestMethod codeBase="D:\actions-runner\_work\XPCO\XPCO\SC\Components\RemoteViewer\SmartClient\tst\zSmartClient_UnitTest\bin\x64\Debug\net472\zSmartClient_UnitTest.dll" adapterTypeName="executor://mstestadapter/v2" className="SmartClient_UnitTest.VideoOS.RemoteClient.Application.Data.Configuration.ViewGroupClipboardManagerTest" name="DataTypeTest" />
    </UnitTest>
    <UnitTest name="SearchAction_BrowseMode_30MinutesInThePast" storage="d:\actions-runner\_work\xpco\xpco\sc\components\remoteviewer\smartclient\tst\zsmartclient_unittest\bin\x64\debug\net472\zsmartclient_unittest.dll" id="5bb54e26-c71e-f619-e4ab-387584c60929">
      <TestCategory>
        <TestCategoryItem TestCategory="ContentHolderToolbar" />
      </TestCategory>
      <Execution id="53434599-9224-4108-b590-984bd8948218" />
      <TestMethod codeBase="D:\actions-runner\_work\XPCO\XPCO\SC\Components\RemoteViewer\SmartClient\tst\zSmartClient_UnitTest\bin\x64\Debug\net472\zSmartClient_UnitTest.dll" adapterTypeName="executor://mstestadapter/v2" className="SmartClient_UnitTest.VideoOS.RemoteClient.Application.Data.ContentHolderToolbar.ToolBarItemSearchTests" name="SearchAction_BrowseMode_30MinutesInThePast" />
    </UnitTest>
    <UnitTest name="UpdateItemState_Hidden_WrongWorkSpaceState" storage="d:\actions-runner\_work\xpco\xpco\sc\components\remoteviewer\smartclient\tst\zsmartclient_unittest\bin\x64\debug\net472\zsmartclient_unittest.dll" id="d640e950-edb7-4ec2-9af0-4b559a6b67cf">
      <TestCategory>
        <TestCategoryItem TestCategory="ContentHolderToolbar" />
      </TestCategory>
      <Execution id="3c22f142-2f08-4d76-ab16-b9cf344a9680" />
      <TestMethod codeBase="D:\actions-runner\_work\XPCO\XPCO\SC\Components\RemoteViewer\SmartClient\tst\zSmartClient_UnitTest\bin\x64\Debug\net472\zSmartClient_UnitTest.dll" adapterTypeName="executor://mstestadapter/v2" className="SmartClient_UnitTest.VideoOS.RemoteClient.Application.Data.ContentHolderToolbar.ToolBarItemSearchTests" name="UpdateItemState_Hidden_WrongWorkSpaceState" />
    </UnitTest>
    <UnitTest name="Unrelated_devices_removed_when_camera_removed" storage="d:\actions-runner\_work\xpco\xpco\sc\components\remoteviewer\smartclient\tst\zsmartclient_unittest\bin\x64\debug\net472\zsmartclient_unittest.dll" id="62c0f445-e4f5-0b37-109b-e9362caf5a8c">
      <Execution id="dac29761-1fc8-4598-ba0b-aa3a3273a150" />
      <TestMethod codeBase="D:\actions-runner\_work\XPCO\XPCO\SC\Components\RemoteViewer\SmartClient\tst\zSmartClient_UnitTest\bin\x64\Debug\net472\zSmartClient_UnitTest.dll" adapterTypeName="executor://mstestadapter/v2" className="SmartClient_UnitTest.VideoOS.RemoteClient.Application.Components.EvidenceLock.EvidenceLockRelatedDeviceTests" name="Unrelated_devices_removed_when_camera_removed" />
    </UnitTest>
    <UnitTest name="Ctor_NoBuiltInGroupsDefined_NoAgentsAdded" storage="d:\actions-runner\_work\xpco\xpco\sc\components\remoteviewer\smartclient\tst\zsmartclient_unittest\bin\x64\debug\net472\zsmartclient_unittest.dll" id="b6df7e61-5cd3-7534-d237-3d944ef5fa3d">
      <TestCategory>
        <TestCategoryItem TestCategory="ScSearchManager" />
      </TestCategory>
      <Execution id="b873c87f-6ae8-45da-a49e-a50cb36c563a" />
      <TestMethod codeBase="D:\actions-runner\_work\XPCO\XPCO\SC\Components\RemoteViewer\SmartClient\tst\zSmartClient_UnitTest\bin\x64\Debug\net472\zSmartClient_UnitTest.dll" adapterTypeName="executor://mstestadapter/v2" className="SmartClient_UnitTest.VideoOS.RemoteClient.Plugin.CentralizedSearch.MIPPlugin.ScSearchManagerTests" name="Ctor_NoBuiltInGroupsDefined_NoAgentsAdded" />
    </UnitTest>
    <UnitTest name="Compare_SameBeginTimeDeterministicBehavior_HashCode_Success" storage="d:\actions-runner\_work\xpco\xpco\sc\components\remoteviewer\smartclient\tst\zsmartclient_unittest\bin\x64\debug\net472\zsmartclient_unittest.dll" id="574bf290-6995-ff93-7ee5-b70a6ace7d84">
      <TestCategory>
        <TestCategoryItem TestCategory="SearchComparers" />
      </TestCategory>
      <Execution id="7c748d81-574d-4e1a-bf88-db52c712f55b" />
      <TestMethod codeBase="D:\actions-runner\_work\XPCO\XPCO\SC\Components\RemoteViewer\SmartClient\tst\zSmartClient_UnitTest\bin\x64\Debug\net472\zSmartClient_UnitTest.dll" adapterTypeName="executor://mstestadapter/v2" className="SmartClient_UnitTest.VideoOS.RemoteClient.Plugin.CentralizedSearch.Models.Wrappers.Comparers.BeginTimeWithPaddingComparerTests" name="Compare_SameBeginTimeDeterministicBehavior_HashCode_Success" />
    </UnitTest>
    <UnitTest name="TestForAssemblyCoverage" storage="d:\actions-runner\_work\xpco\xpco\sc\components\remoteviewer\smartclient\tst\zsmartclient_unittest\bin\x64\debug\net472\zsmartclient_unittest.dll" id="52f7905c-ef65-6a99-dc3b-01a6a292c041">
      <Execution id="194b4e2e-e345-4008-a2fa-bb0194ad9794" />
      <TestMethod codeBase="D:\actions-runner\_work\XPCO\XPCO\SC\Components\RemoteViewer\SmartClient\tst\zSmartClient_UnitTest\bin\x64\Debug\net472\zSmartClient_UnitTest.dll" adapterTypeName="executor://mstestadapter/v2" className="SmartClient_UnitTest.VideoOS.CommonUtility.Plugin.UnitTest1" name="TestForAssemblyCoverage" />
    </UnitTest>
    <UnitTest name="AddItemGetClusters_Milestone_ItemIsInCluster" storage="d:\actions-runner\_work\xpco\xpco\sc\components\remoteviewer\smartclient\tst\zsmartclient_unittest\bin\x64\debug\net472\zsmartclient_unittest.dll" id="60b9be0e-76ba-0ec0-0f7c-3f59c1ff8d12">
      <TestCategory>
        <TestCategoryItem TestCategory="GisMapIndex" />
      </TestCategory>
      <Execution id="db104b7f-05a6-4881-8d7a-e04baf501f7f" />
      <TestMethod codeBase="D:\actions-runner\_work\XPCO\XPCO\SC\Components\RemoteViewer\SmartClient\tst\zSmartClient_UnitTest\bin\x64\Debug\net472\zSmartClient_UnitTest.dll" adapterTypeName="executor://mstestadapter/v2" className="SmartClient_UnitTest.VideoOS.RemoteClient.GisMapData.Common.Indexer.BuildingsAwareIndexerTests" name="AddItemGetClusters_Milestone_ItemIsInCluster" />
    </UnitTest>
    <UnitTest name="GetViewGroup_SubGroup_WithMissingGroupsElement" storage="d:\actions-runner\_work\xpco\xpco\sc\components\remoteviewer\smartclient\tst\zsmartclient_unittest\bin\x64\debug\net472\zsmartclient_unittest.dll" id="ef92f893-79c7-0d51-127f-8470ebdbc768">
      <Execution id="fbbac7ea-b9ec-41b8-ba3f-8216452e5d7b" />
      <TestMethod codeBase="D:\actions-runner\_work\XPCO\XPCO\SC\Components\RemoteViewer\SmartClient\tst\zSmartClient_UnitTest\bin\x64\Debug\net472\zSmartClient_UnitTest.dll" adapterTypeName="executor://mstestadapter/v2" className="SmartClient_UnitTest.VideoOS.Shared.ViewGroupSerializationControllerTests" name="GetViewGroup_SubGroup_WithMissingGroupsElement" />
    </UnitTest>
    <UnitTest name="SearchResultsActionBarActions_EditBookmark_NotEnabled" storage="d:\actions-runner\_work\xpco\xpco\sc\components\remoteviewer\smartclient\tst\zsmartclient_unittest\bin\x64\debug\net472\zsmartclient_unittest.dll" id="d1148632-27af-a6b6-932c-c9e12abeebb9">
      <TestCategory>
        <TestCategoryItem TestCategory="SearchResultActionBarViewModel" />
      </TestCategory>
      <Execution id="868d942b-3f41-4323-abff-6152eb05e977" />
      <TestMethod codeBase="D:\actions-runner\_work\XPCO\XPCO\SC\Components\RemoteViewer\SmartClient\tst\zSmartClient_UnitTest\bin\x64\Debug\net472\zSmartClient_UnitTest.dll" adapterTypeName="executor://mstestadapter/v2" className="SmartClient_UnitTest.VideoOS.RemoteClient.Plugin.CentralizedSearch.ViewModels.SearchResultsActionBarViewModelTest" name="SearchResultsActionBarActions_EditBookmark_NotEnabled" />
    </UnitTest>
    <UnitTest name="MakeId_ShouldGenerateSameId_WhenDefinitionsChangeOrderButResultsAreSame" storage="d:\actions-runner\_work\xpco\xpco\sc\components\remoteviewer\smartclient\tst\zsmartclient_unittest\bin\x64\debug\net472\zsmartclient_unittest.dll" id="4e8d1cbd-b8ef-6778-0ee2-4c64d9b96b59">
      <TestCategory>
        <TestCategoryItem TestCategory="Search.Wrappers" />
      </TestCategory>
      <Execution id="2434b11d-7627-44bb-9bc6-14a03b1a7c5d" />
      <TestMethod codeBase="D:\actions-runner\_work\XPCO\XPCO\SC\Components\RemoteViewer\SmartClient\tst\zSmartClient_UnitTest\bin\x64\Debug\net472\zSmartClient_UnitTest.dll" adapterTypeName="executor://mstestadapter/v2" className="SmartClient_UnitTest.VideoOS.RemoteClient.Plugin.CentralizedSearch.Models.Wrappers.SearchResultDataWrapperTests" name="MakeId_ShouldGenerateSameId_WhenDefinitionsChangeOrderButResultsAreSame" />
    </UnitTest>
    <UnitTest name="ValidEncryptionStrengthsForExport_ShouldReturnAllStrengths_WhenLegacyEncryptionEnabledInAppConfigAndFipsDisabled" storage="d:\actions-runner\_work\xpco\xpco\sc\components\remoteviewer\smartclient\tst\zsmartclient_unittest\bin\x64\debug\net472\zsmartclient_unittest.dll" id="8fb02973-b048-8216-b7ce-b352b4c4fa12">
      <TestCategory>
        <TestCategoryItem TestCategory="Encryption" />
      </TestCategory>
      <Execution id="14b80f6b-1862-4deb-84e3-e3ddec865909" />
      <TestMethod codeBase="D:\actions-runner\_work\XPCO\XPCO\SC\Components\RemoteViewer\SmartClient\tst\zSmartClient_UnitTest\bin\x64\Debug\net472\zSmartClient_UnitTest.dll" adapterTypeName="executor://mstestadapter/v2" className="SmartClient_UnitTest.VideoOS.RemoteClient.Application.Data.Export.Validation.ValidateEncryptionStrengthTests" name="ValidEncryptionStrengthsForExport_ShouldReturnAllStrengths_WhenLegacyEncryptionEnabledInAppConfigAndFipsDisabled" />
    </UnitTest>
    <UnitTest name="BoundingBoxRefreshWithData" storage="d:\actions-runner\_work\xpco\xpco\sc\components\remoteviewer\smartclient\tst\zsmartclient_unittest\bin\x64\debug\net472\zsmartclient_unittest.dll" id="1b048c4f-8dd0-574f-1458-26bf1df29b58">
      <Execution id="61c9fb4b-5507-4964-8266-c286851399b2" />
      <TestMethod codeBase="D:\actions-runner\_work\XPCO\XPCO\SC\Components\RemoteViewer\SmartClient\tst\zSmartClient_UnitTest\bin\x64\Debug\net472\zSmartClient_UnitTest.dll" adapterTypeName="executor://mstestadapter/v2" className="SmartClient_UnitTest.VideoOS.RemoteClient.Application.Data.Metadata.BoundingBoxes.BoundingBoxProviderTest" name="BoundingBoxRefreshWithData" />
    </UnitTest>
    <UnitTest name="GisMapModel_DeleteBuildings_Success" storage="d:\actions-runner\_work\xpco\xpco\sc\components\remoteviewer\smartclient\tst\zsmartclient_unittest\bin\x64\debug\net472\zsmartclient_unittest.dll" id="10a72da7-6e6a-e08f-6884-b1f500f16a56">
      <TestCategory>
        <TestCategoryItem TestCategory="GisMapBuilding" />
      </TestCategory>
      <Execution id="f6b59e15-8688-43db-b083-1ec5291cb3a0" />
      <TestMethod codeBase="D:\actions-runner\_work\XPCO\XPCO\SC\Components\RemoteViewer\SmartClient\tst\zSmartClient_UnitTest\bin\x64\Debug\net472\zSmartClient_UnitTest.dll" adapterTypeName="executor://mstestadapter/v2" className="SmartClient_UnitTest.VideoOS.RemoteClient.GisMap.MapLayers.GisMapLayerTests" name="GisMapModel_DeleteBuildings_Success" />
    </UnitTest>
    <UnitTest name="GetMapLayerArguments_ShouldReturnIGisMapModelAndAlarmsObservables_WhenCalled" storage="d:\actions-runner\_work\xpco\xpco\sc\components\remoteviewer\smartclient\tst\zsmartclient_unittest\bin\x64\debug\net472\zsmartclient_unittest.dll" id="6816708f-fdf2-3222-9491-91819f8c817b">
      <Execution id="392b210e-b75b-49a8-8166-72c723c3feea" />
      <TestMethod codeBase="D:\actions-runner\_work\XPCO\XPCO\SC\Components\RemoteViewer\SmartClient\tst\zSmartClient_UnitTest\bin\x64\Debug\net472\zSmartClient_UnitTest.dll" adapterTypeName="executor://mstestadapter/v2" className="SmartClient_UnitTest.VideoOS.RemoteClient.GisMapData.Strategies.MapLayers.InputMapLayerDatagramClassFactoryStrategyTests" name="GetMapLayerArguments_ShouldReturnIGisMapModelAndAlarmsObservables_WhenCalled" />
    </UnitTest>
    <UnitTest name="SetItemOutlines_OutlinesNull_Success" storage="d:\actions-runner\_work\xpco\xpco\sc\components\remoteviewer\smartclient\tst\zsmartclient_unittest\bin\x64\debug\net472\zsmartclient_unittest.dll" id="f959810f-2600-c7c3-3e3a-8928298ba128">
      <TestCategory>
        <TestCategoryItem TestCategory="GisMap.GisMapViewFacade" />
      </TestCategory>
      <Execution id="a605a770-1d06-4906-90c6-ef5d9c45aff1" />
      <TestMethod codeBase="D:\actions-runner\_work\XPCO\XPCO\SC\Components\RemoteViewer\SmartClient\tst\zSmartClient_UnitTest\bin\x64\Debug\net472\zSmartClient_UnitTest.dll" adapterTypeName="executor://mstestadapter/v2" className="SmartClient_UnitTest.VideoOS.RemoteClient.Plugin.GisMap.IoC.GisMapViewFacadeTests" name="SetItemOutlines_OutlinesNull_Success" />
    </UnitTest>
    <UnitTest name="GetLayerVisibilityItemsData_ShouldRenameViewZoneLayer_WhenDeviceLayersAreProvided" storage="d:\actions-runner\_work\xpco\xpco\sc\components\remoteviewer\smartclient\tst\zsmartclient_unittest\bin\x64\debug\net472\zsmartclient_unittest.dll" id="7800ded3-3f95-f40a-3aae-7b7a07c1c0ae">
      <TestCategory>
        <TestCategoryItem TestCategory="GisMap.DefaultFixedLayerManagerStrategyTests" />
      </TestCategory>
      <Execution id="34ee8291-cb56-455d-982b-5423196027ed" />
      <TestMethod codeBase="D:\actions-runner\_work\XPCO\XPCO\SC\Components\RemoteViewer\SmartClient\tst\zSmartClient_UnitTest\bin\x64\Debug\net472\zSmartClient_UnitTest.dll" adapterTypeName="executor://mstestadapter/v2" className="SmartClient_UnitTest.VideoOS.RemoteClient.Plugin.GisMap.ViewModels.LayersVisibility.FixedLayers.DefaultFixedLayerManagerStrategyTests" name="GetLayerVisibilityItemsData_ShouldRenameViewZoneLayer_WhenDeviceLayersAreProvided" />
    </UnitTest>
    <UnitTest name="AddCriteriaCommand_AddCriteriaCommand_InEditSearchDefinitionCorrect" storage="d:\actions-runner\_work\xpco\xpco\sc\components\remoteviewer\smartclient\tst\zsmartclient_unittest\bin\x64\debug\net472\zsmartclient_unittest.dll" id="fb699dcc-5e5e-47d1-e653-08665478eed9">
      <TestCategory>
        <TestCategoryItem TestCategory="SearchViewModels" />
      </TestCategory>
      <Execution id="b91176fb-6db3-4574-a1ad-929e1a9d3d8f" />
      <TestMethod codeBase="D:\actions-runner\_work\XPCO\XPCO\SC\Components\RemoteViewer\SmartClient\tst\zSmartClient_UnitTest\bin\x64\Debug\net472\zSmartClient_UnitTest.dll" adapterTypeName="executor://mstestadapter/v2" className="SmartClient_UnitTest.VideoOS.RemoteClient.Plugin.CentralizedSearch.ViewModels.SearchViewModelTests" name="AddCriteriaCommand_AddCriteriaCommand_InEditSearchDefinitionCorrect" />
    </UnitTest>
    <UnitTest name="IsProcessing_CancelWhileUnprocessedItems_Success" storage="d:\actions-runner\_work\xpco\xpco\sc\components\remoteviewer\smartclient\tst\zsmartclient_unittest\bin\x64\debug\net472\zsmartclient_unittest.dll" id="8b851834-9d1b-52ee-4c1e-eca26c60010d">
      <TestCategory>
        <TestCategoryItem TestCategory="SearchResultsPreprocessor" />
      </TestCategory>
      <Execution id="f3a7921d-961b-4bd2-b308-31d1680716f5" />
      <TestMethod codeBase="D:\actions-runner\_work\XPCO\XPCO\SC\Components\RemoteViewer\SmartClient\tst\zSmartClient_UnitTest\bin\x64\Debug\net472\zSmartClient_UnitTest.dll" adapterTypeName="executor://mstestadapter/v2" className="SmartClient_UnitTest.VideoOS.RemoteClient.Plugin.CentralizedSearch.Models.SearchResultsPreprocessorTests" name="IsProcessing_CancelWhileUnprocessedItems_Success" />
    </UnitTest>
    <UnitTest name="Convert_ShouldRaiseInvalidCastException_WhenParameterIsNotAnArrayOfInteractionState" storage="d:\actions-runner\_work\xpco\xpco\sc\components\remoteviewer\smartclient\tst\zsmartclient_unittest\bin\x64\debug\net472\zsmartclient_unittest.dll" id="842bf4ca-6371-3a8a-228b-d721ac1b9eb1">
      <TestCategory>
        <TestCategoryItem TestCategory="GisMap.InteractionStateConverter" />
      </TestCategory>
      <Execution id="606f49e9-11cb-4dfa-a5b2-2463dde49b1a" />
      <TestMethod codeBase="D:\actions-runner\_work\XPCO\XPCO\SC\Components\RemoteViewer\SmartClient\tst\zSmartClient_UnitTest\bin\x64\Debug\net472\zSmartClient_UnitTest.dll" adapterTypeName="executor://mstestadapter/v2" className="SmartClient_UnitTest.VideoOS.RemoteClient.Plugin.GisMap.View.InteractionStateConverterTests" name="Convert_ShouldRaiseInvalidCastException_WhenParameterIsNotAnArrayOfInteractionState" />
    </UnitTest>
    <UnitTest name="ChangeSorting_UnknownSortResultsBy_Success" storage="d:\actions-runner\_work\xpco\xpco\sc\components\remoteviewer\smartclient\tst\zsmartclient_unittest\bin\x64\debug\net472\zsmartclient_unittest.dll" id="c64dde4b-44bc-09e7-e376-39c843a2f827">
      <TestCategory>
        <TestCategoryItem TestCategory="SearchViewModels" />
      </TestCategory>
      <Execution id="d7d8ec05-88e7-4019-b3a0-21f808e4574d" />
      <TestMethod codeBase="D:\actions-runner\_work\XPCO\XPCO\SC\Components\RemoteViewer\SmartClient\tst\zSmartClient_UnitTest\bin\x64\Debug\net472\zSmartClient_UnitTest.dll" adapterTypeName="executor://mstestadapter/v2" className="SmartClient_UnitTest.VideoOS.RemoteClient.Plugin.CentralizedSearch.ViewModels.SearchViewModelTests" name="ChangeSorting_UnknownSortResultsBy_Success" />
    </UnitTest>
    <UnitTest name="CreateDefinition_OneFiltersInCategory_OneFilterValuesAddedToSearchCriteria" storage="d:\actions-runner\_work\xpco\xpco\sc\components\remoteviewer\smartclient\tst\zsmartclient_unittest\bin\x64\debug\net472\zsmartclient_unittest.dll" id="c6fc9995-4feb-7741-7b1f-15f47389f965">
      <TestCategory>
        <TestCategoryItem TestCategory="SearchModels" />
      </TestCategory>
      <Execution id="62377af7-b398-49fb-8987-f1fd396577b6" />
      <TestMethod codeBase="D:\actions-runner\_work\XPCO\XPCO\SC\Components\RemoteViewer\SmartClient\tst\zSmartClient_UnitTest\bin\x64\Debug\net472\zSmartClient_UnitTest.dll" adapterTypeName="executor://mstestadapter/v2" className="SmartClient_UnitTest.VideoOS.RemoteClient.Plugin.CentralizedSearch.Models.SearchModelTests" name="CreateDefinition_OneFiltersInCategory_OneFilterValuesAddedToSearchCriteria" />
    </UnitTest>
    <UnitTest name="TryGetEventServerIdByACSystemId_ShouldReturnTrue_WhenEventServerIdIsPartOfServerConfiguredAccessControlSystemsDictionary" storage="d:\actions-runner\_work\xpco\xpco\sc\components\remoteviewer\smartclient\tst\zsmartclient_unittest\bin\x64\debug\net472\zsmartclient_unittest.dll" id="4fbe1405-2b3d-d3ff-a663-0a6e5d9aa972">
      <TestCategory>
        <TestCategoryItem TestCategory="AccessControl" />
      </TestCategory>
      <Execution id="9ca1e0eb-f430-44f8-8c50-fe26993abcff" />
      <TestMethod codeBase="D:\actions-runner\_work\XPCO\XPCO\SC\Components\RemoteViewer\SmartClient\tst\zSmartClient_UnitTest\bin\x64\Debug\net472\zSmartClient_UnitTest.dll" adapterTypeName="executor://mstestadapter/v2" className="SmartClient_UnitTest.VideoOS.RemoteClient.AccessControl.AccessControlLoginInfoTests" name="TryGetEventServerIdByACSystemId_ShouldReturnTrue_WhenEventServerIdIsPartOfServerConfiguredAccessControlSystemsDictionary" />
    </UnitTest>
    <UnitTest name="SearchDefinitionCountSet_SameValue_NoEventFired" storage="d:\actions-runner\_work\xpco\xpco\sc\components\remoteviewer\smartclient\tst\zsmartclient_unittest\bin\x64\debug\net472\zsmartclient_unittest.dll" id="7ca40658-07ed-4fea-d08c-7887f7c6e388">
      <TestCategory>
        <TestCategoryItem TestCategory="SearchResultsPreprocessor" />
      </TestCategory>
      <Execution id="f96d6016-2ede-40c3-aa17-3fe7fb498f34" />
      <TestMethod codeBase="D:\actions-runner\_work\XPCO\XPCO\SC\Components\RemoteViewer\SmartClient\tst\zSmartClient_UnitTest\bin\x64\Debug\net472\zSmartClient_UnitTest.dll" adapterTypeName="executor://mstestadapter/v2" className="SmartClient_UnitTest.VideoOS.RemoteClient.Plugin.CentralizedSearch.Models.SearchResultsPreprocessorTests" name="SearchDefinitionCountSet_SameValue_NoEventFired" />
    </UnitTest>
    <UnitTest name="BindingModelTitle_Matches_PluginInstanceTitle" storage="d:\actions-runner\_work\xpco\xpco\sc\components\remoteviewer\smartclient\tst\zsmartclient_unittest\bin\x64\debug\net472\zsmartclient_unittest.dll" id="478d0236-e1c2-77c9-69c0-a72f12637e60">
      <TestCategory>
        <TestCategoryItem TestCategory="WorkspaceToolbar" />
      </TestCategory>
      <Execution id="d5b8a4c9-c8a9-48db-8ba5-001d7d5b3ca8" />
      <TestMethod codeBase="D:\actions-runner\_work\XPCO\XPCO\SC\Components\RemoteViewer\SmartClient\tst\zSmartClient_UnitTest\bin\x64\Debug\net472\zSmartClient_UnitTest.dll" adapterTypeName="executor://mstestadapter/v2" className="SmartClient_UnitTest.VideoOS.RemoteClient.Application.Data.WorkspaceToolbar.WorkspaceToolbarItemMipPluginTests" name="BindingModelTitle_Matches_PluginInstanceTitle" />
    </UnitTest>
    <UnitTest name="ShowAccessControlSystems_ShouldReturnFalse_WhenNoACSystemsAvailable" storage="d:\actions-runner\_work\xpco\xpco\sc\components\remoteviewer\smartclient\tst\zsmartclient_unittest\bin\x64\debug\net472\zsmartclient_unittest.dll" id="cfda1da7-2899-4bbe-17b2-c69d57b6f85d">
      <Execution id="08a93592-a43c-4abc-9e8f-c5e6d71c9c8c" />
      <TestMethod codeBase="D:\actions-runner\_work\XPCO\XPCO\SC\Components\RemoteViewer\SmartClient\tst\zSmartClient_UnitTest\bin\x64\Debug\net472\zSmartClient_UnitTest.dll" adapterTypeName="executor://mstestadapter/v2" className="SmartClient_UnitTest.VideoOS.RemoteClient.AccessControl.ViewModel.CardholdersTabViewModelTests" name="ShowAccessControlSystems_ShouldReturnFalse_WhenNoACSystemsAvailable" />
    </UnitTest>
    <UnitTest name="Combine_Guids_Succeded" storage="d:\actions-runner\_work\xpco\xpco\sc\components\remoteviewer\smartclient\tst\zsmartclient_unittest\bin\x64\debug\net472\zsmartclient_unittest.dll" id="f92d7d34-ac45-0e70-f396-9fcde6a3e066">
      <TestCategory>
        <TestCategoryItem TestCategory="GisMap" />
      </TestCategory>
      <Execution id="d8cedaa4-9f49-43f8-87f0-550015915f0d" />
      <TestMethod codeBase="D:\actions-runner\_work\XPCO\XPCO\SC\Components\RemoteViewer\SmartClient\tst\zSmartClient_UnitTest\bin\x64\Debug\net472\zSmartClient_UnitTest.dll" adapterTypeName="executor://mstestadapter/v2" className="SmartClient_UnitTest.VideoOS.RemoteClient.GisMap.MapLayers.GuidAsBinTests" name="Combine_Guids_Succeded" />
    </UnitTest>
    <UnitTest name="PtzInfoViewModel_PtzReservedByAnonymousOtherUserTest" storage="d:\actions-runner\_work\xpco\xpco\sc\components\remoteviewer\smartclient\tst\zsmartclient_unittest\bin\x64\debug\net472\zsmartclient_unittest.dll" id="75b7a6d2-cb73-668d-0435-045642c36b2f">
      <Execution id="6638ff78-490b-4fe0-865a-471836c32b5a" />
      <TestMethod codeBase="D:\actions-runner\_work\XPCO\XPCO\SC\Components\RemoteViewer\SmartClient\tst\zSmartClient_UnitTest\bin\x64\Debug\net472\zSmartClient_UnitTest.dll" adapterTypeName="executor://mstestadapter/v2" className="SmartClient_UnitTest.VideoOS.RemoteClient.Plugin.Map.WPFObjects.PtzInfoViewModelUnitTest" name="PtzInfoViewModel_PtzReservedByAnonymousOtherUserTest" />
    </UnitTest>
    <UnitTest name="PatrollingStepViewModel_Constructor_Success" storage="d:\actions-runner\_work\xpco\xpco\sc\components\remoteviewer\smartclient\tst\zsmartclient_unittest\bin\x64\debug\net472\zsmartclient_unittest.dll" id="058170fd-69e2-a7d3-64d2-1a307243ea90">
      <Execution id="74b16abe-c7ec-48f2-90f3-9709e2ce55fe" />
      <TestMethod codeBase="D:\actions-runner\_work\XPCO\XPCO\SC\Components\RemoteViewer\SmartClient\tst\zSmartClient_UnitTest\bin\x64\Debug\net472\zSmartClient_UnitTest.dll" adapterTypeName="executor://mstestadapter/v2" className="SmartClient_UnitTest.VideoOS.RemoteClient.Application.UI.PtzPreset.PatrollingViewModel.PatrollingStepViewModelTest" name="PatrollingStepViewModel_Constructor_Success" />
    </UnitTest>
    <UnitTest name="ToDenormalizedDirection_0_50" storage="d:\actions-runner\_work\xpco\xpco\sc\components\remoteviewer\smartclient\tst\zsmartclient_unittest\bin\x64\debug\net472\zsmartclient_unittest.dll" id="edafcc43-4593-3e69-06bb-d94b360979cb">
      <TestCategory>
        <TestCategoryItem TestCategory="GisMap" />
      </TestCategory>
      <Execution id="3844e7e0-68ae-4c48-89a8-4f52b50784fe" />
      <TestMethod codeBase="D:\actions-runner\_work\XPCO\XPCO\SC\Components\RemoteViewer\SmartClient\tst\zSmartClient_UnitTest\bin\x64\Debug\net472\zSmartClient_UnitTest.dll" adapterTypeName="executor://mstestadapter/v2" className="SmartClient_UnitTest.VideoOS.RemoteClient.GisMap.Utilities.GisUtilityTests" name="ToDenormalizedDirection_0_50" />
    </UnitTest>
    <UnitTest name="SetMapItemCluster_ShouldClearIcon_WhenSuperCluster" storage="d:\actions-runner\_work\xpco\xpco\sc\components\remoteviewer\smartclient\tst\zsmartclient_unittest\bin\x64\debug\net472\zsmartclient_unittest.dll" id="048d6a52-6981-f00b-b420-3b6a2fb00ce8">
      <TestCategory>
        <TestCategoryItem TestCategory="GisMap.ClusterMarkerTests" />
      </TestCategory>
      <Execution id="58dcb23b-9fe3-45c5-b41a-17c9e4ae1d44" />
      <TestMethod codeBase="D:\actions-runner\_work\XPCO\XPCO\SC\Components\RemoteViewer\SmartClient\tst\zSmartClient_UnitTest\bin\x64\Debug\net472\zSmartClient_UnitTest.dll" adapterTypeName="executor://mstestadapter/v2" className="SmartClient_UnitTest.VideoOS.RemoteClient.Plugin.GisMap.ThinkGeoMap.Markers.DeviceMarkers.ClusterMarker.ClusterMarkerTests" name="SetMapItemCluster_ShouldClearIcon_WhenSuperCluster" />
    </UnitTest>
    <UnitTest name="UpdateSearchTemplateAsync_ThrowTimeoutException_Success" storage="d:\actions-runner\_work\xpco\xpco\sc\components\remoteviewer\smartclient\tst\zsmartclient_unittest\bin\x64\debug\net472\zsmartclient_unittest.dll" id="0f2e137e-89bc-52a2-1336-1a186e7f8485">
      <TestCategory>
        <TestCategoryItem TestCategory="SearchTemplatesService" />
      </TestCategory>
      <Execution id="62b45e2b-1cf0-4f13-9366-7468a57a79c4" />
      <TestMethod codeBase="D:\actions-runner\_work\XPCO\XPCO\SC\Components\RemoteViewer\SmartClient\tst\zSmartClient_UnitTest\bin\x64\Debug\net472\zSmartClient_UnitTest.dll" adapterTypeName="executor://mstestadapter/v2" className="SmartClient_UnitTest.VideoOS.RemoteClient.Plugin.CentralizedSearch.SearchTemplates.Service.SearchTemplateServiceTests" name="UpdateSearchTemplateAsync_ThrowTimeoutException_Success" />
    </UnitTest>
    <UnitTest name="HandleGetLayerFeatures_ShouldRaiseArgumentException_WhenNotInputKind" storage="d:\actions-runner\_work\xpco\xpco\sc\components\remoteviewer\smartclient\tst\zsmartclient_unittest\bin\x64\debug\net472\zsmartclient_unittest.dll" id="9a284a1d-156e-907f-d45e-bf23dce7a8b2">
      <TestCategory>
        <TestCategoryItem TestCategory="GisMapData.Handlers.LayerFeatures" />
      </TestCategory>
      <Execution id="d71e8905-ce6b-45d6-aa19-91d0d3ff9193" />
      <TestMethod codeBase="D:\actions-runner\_work\XPCO\XPCO\SC\Components\RemoteViewer\SmartClient\tst\zSmartClient_UnitTest\bin\x64\Debug\net472\zSmartClient_UnitTest.dll" adapterTypeName="executor://mstestadapter/v2" className="SmartClient_UnitTest.VideoOS.RemoteClient.GisMapData.Handlers.LayerFeatures.InputLayerFeaturesHandlerTests" name="HandleGetLayerFeatures_ShouldRaiseArgumentException_WhenNotInputKind" />
    </UnitTest>
    <UnitTest name="Serialize_ShouldSerializeCombineType_WhenPresentInData" storage="d:\actions-runner\_work\xpco\xpco\sc\components\remoteviewer\smartclient\tst\zsmartclient_unittest\bin\x64\debug\net472\zsmartclient_unittest.dll" id="9db4bf7e-3e99-c9d1-0a71-7ee3bc093993">
      <TestCategory>
        <TestCategoryItem TestCategory="SearchSerialization" />
      </TestCategory>
      <Execution id="624fc0a5-8131-4ec8-884b-1a9de02b9794" />
      <TestMethod codeBase="D:\actions-runner\_work\XPCO\XPCO\SC\Components\RemoteViewer\SmartClient\tst\zSmartClient_UnitTest\bin\x64\Debug\net472\zSmartClient_UnitTest.dll" adapterTypeName="executor://mstestadapter/v2" className="SmartClient_UnitTest.VideoOS.RemoteClient.Plugin.CentralizedSearch.Models.Serialization.SearchSerializerTests" name="Serialize_ShouldSerializeCombineType_WhenPresentInData" />
    </UnitTest>
    <UnitTest name="NavigateAndSelectAsync_ZoomOut_ReCenterCommandEnabled" storage="d:\actions-runner\_work\xpco\xpco\sc\components\remoteviewer\smartclient\tst\zsmartclient_unittest\bin\x64\debug\net472\zsmartclient_unittest.dll" id="820765dc-029b-30df-a6e4-7e3395cecf69">
      <TestCategory>
        <TestCategoryItem TestCategory="GisMap.GisMapViewModel" />
      </TestCategory>
      <Execution id="ac06964d-f72b-4eb5-aac3-110978ab5929" />
      <TestMethod codeBase="D:\actions-runner\_work\XPCO\XPCO\SC\Components\RemoteViewer\SmartClient\tst\zSmartClient_UnitTest\bin\x64\Debug\net472\zSmartClient_UnitTest.dll" adapterTypeName="executor://mstestadapter/v2" className="SmartClient_UnitTest.VideoOS.RemoteClient.Plugin.GisMap.ViewModels.GisMapViewModelTests" name="NavigateAndSelectAsync_ZoomOut_ReCenterCommandEnabled" />
    </UnitTest>
    <UnitTest name="ValidateExportName_ShouldReturnFailResult_InvalidCharactersInExportName (1213/)" storage="d:\actions-runner\_work\xpco\xpco\sc\components\remoteviewer\smartclient\tst\zsmartclient_unittest\bin\x64\debug\net472\zsmartclient_unittest.dll" id="283d69c9-21df-936a-0efc-b10765e9b17c">
      <TestCategory>
        <TestCategoryItem TestCategory="Export" />
      </TestCategory>
      <Execution id="fe2ed668-69b2-4038-ab1e-b55567e84ecc" />
      <TestMethod codeBase="D:\actions-runner\_work\XPCO\XPCO\SC\Components\RemoteViewer\SmartClient\tst\zSmartClient_UnitTest\bin\x64\Debug\net472\zSmartClient_UnitTest.dll" adapterTypeName="executor://mstestadapter/v2" className="SmartClient_UnitTest.VideoOS.RemoteClient.Plugin.Export.ExportDataValidatorTests" name="ValidateExportName_ShouldReturnFailResult_InvalidCharactersInExportName" />
    </UnitTest>
    <UnitTest name="DeleteMapItems_ShouldReturnFalse_WhenItemListIsNullOrEmpty" storage="d:\actions-runner\_work\xpco\xpco\sc\components\remoteviewer\smartclient\tst\zsmartclient_unittest\bin\x64\debug\net472\zsmartclient_unittest.dll" id="3a461286-4d9a-bb6f-bf27-81b491059d6a">
      <TestCategory>
        <TestCategoryItem TestCategory="GisMapModelController" />
      </TestCategory>
      <Execution id="5e821d03-7095-4217-867a-77ac10b0cb47" />
      <TestMethod codeBase="D:\actions-runner\_work\XPCO\XPCO\SC\Components\RemoteViewer\SmartClient\tst\zSmartClient_UnitTest\bin\x64\Debug\net472\zSmartClient_UnitTest.dll" adapterTypeName="executor://mstestadapter/v2" className="SmartClient_UnitTest.VideoOS.RemoteClient.GisMapData.GisMapModelControllerTests" name="DeleteMapItems_ShouldReturnFalse_WhenItemListIsNullOrEmpty" />
    </UnitTest>
    <UnitTest name="TimeToStringConverter_Convert_InvalidParameter_ReturnUnsetValue" storage="d:\actions-runner\_work\xpco\xpco\sc\components\remoteviewer\smartclient\tst\zsmartclient_unittest\bin\x64\debug\net472\zsmartclient_unittest.dll" id="4037f8f9-6ca0-fb62-ee52-1ab0cb3db5fb">
      <TestCategory>
        <TestCategoryItem TestCategory="SearchConverter" />
      </TestCategory>
      <Execution id="c0fedda6-ce1d-490e-ab3a-405fc51765b2" />
      <TestMethod codeBase="D:\actions-runner\_work\XPCO\XPCO\SC\Components\RemoteViewer\SmartClient\tst\zSmartClient_UnitTest\bin\x64\Debug\net472\zSmartClient_UnitTest.dll" adapterTypeName="executor://mstestadapter/v2" className="SmartClient_UnitTest.VideoOS.RemoteClient.Plugin.CentralizedSearch.Views.Converters.TimeToStringConverterTests" name="TimeToStringConverter_Convert_InvalidParameter_ReturnUnsetValue" />
    </UnitTest>
    <UnitTest name="PatrollingProfileListViewModel_ResolvePresetName_Update_Name" storage="d:\actions-runner\_work\xpco\xpco\sc\components\remoteviewer\smartclient\tst\zsmartclient_unittest\bin\x64\debug\net472\zsmartclient_unittest.dll" id="d99b4f5e-d723-6b95-fc42-5b32d4349edc">
      <Execution id="e9964ee0-7d0f-44a4-9821-60e2740f89f9" />
      <TestMethod codeBase="D:\actions-runner\_work\XPCO\XPCO\SC\Components\RemoteViewer\SmartClient\tst\zSmartClient_UnitTest\bin\x64\Debug\net472\zSmartClient_UnitTest.dll" adapterTypeName="executor://mstestadapter/v2" className="SmartClient_UnitTest.VideoOS.RemoteClient.Application.UI.PtzPreset.PatrollingViewModel.PatrollingProfileListViewModelTest" name="PatrollingProfileListViewModel_ResolvePresetName_Update_Name" />
    </UnitTest>
    <UnitTest name="GetLayerFeatures_ShouldReturnCameraLayerFeatures_WhenCameraKind" storage="d:\actions-runner\_work\xpco\xpco\sc\components\remoteviewer\smartclient\tst\zsmartclient_unittest\bin\x64\debug\net472\zsmartclient_unittest.dll" id="cb536c37-af93-5a21-739a-c12d45516012">
      <TestCategory>
        <TestCategoryItem TestCategory="GisMapData.Controllers.LayerFeatures" />
      </TestCategory>
      <Execution id="f7ca6ed1-f108-463e-b1a3-36ea4a8da206" />
      <TestMethod codeBase="D:\actions-runner\_work\XPCO\XPCO\SC\Components\RemoteViewer\SmartClient\tst\zSmartClient_UnitTest\bin\x64\Debug\net472\zSmartClient_UnitTest.dll" adapterTypeName="executor://mstestadapter/v2" className="SmartClient_UnitTest.VideoOS.RemoteClient.GisMapData.Controllers.LayerFeatures.LayerFeaturesControllerTests" name="GetLayerFeatures_ShouldReturnCameraLayerFeatures_WhenCameraKind" />
    </UnitTest>
    <UnitTest name="SearchAction_Carrousel_PlaybackMode" storage="d:\actions-runner\_work\xpco\xpco\sc\components\remoteviewer\smartclient\tst\zsmartclient_unittest\bin\x64\debug\net472\zsmartclient_unittest.dll" id="9c9fd855-69d4-9918-84e1-a8e0fcc2b097">
      <TestCategory>
        <TestCategoryItem TestCategory="WorkspaceToolbar" />
      </TestCategory>
      <Execution id="2d6484e7-a16c-47a8-a6b5-787dc2c08d94" />
      <TestMethod codeBase="D:\actions-runner\_work\XPCO\XPCO\SC\Components\RemoteViewer\SmartClient\tst\zSmartClient_UnitTest\bin\x64\Debug\net472\zSmartClient_UnitTest.dll" adapterTypeName="executor://mstestadapter/v2" className="SmartClient_UnitTest.VideoOS.RemoteClient.Application.Data.WorkspaceToolbar.WorkspaceToolbarItemSmartSearchTests" name="SearchAction_Carrousel_PlaybackMode" />
    </UnitTest>
    <UnitTest name="ValueWithFallbackConverterTests_Convert_FirstValueNull_SecondValueNotNull_Success" storage="d:\actions-runner\_work\xpco\xpco\sc\components\remoteviewer\smartclient\tst\zsmartclient_unittest\bin\x64\debug\net472\zsmartclient_unittest.dll" id="cfadad16-7fef-9797-8a05-f69be03fa506">
      <TestCategory>
        <TestCategoryItem TestCategory="SearchConverter" />
      </TestCategory>
      <Execution id="d6f24089-52b4-479d-b001-91459b416573" />
      <TestMethod codeBase="D:\actions-runner\_work\XPCO\XPCO\SC\Components\RemoteViewer\SmartClient\tst\zSmartClient_UnitTest\bin\x64\Debug\net472\zSmartClient_UnitTest.dll" adapterTypeName="executor://mstestadapter/v2" className="SmartClient_UnitTest.VideoOS.RemoteClient.Plugin.CentralizedSearch.Views.Converters.ValueWithFallbackConverterTests" name="ValueWithFallbackConverterTests_Convert_FirstValueNull_SecondValueNotNull_Success" />
    </UnitTest>
    <UnitTest name="DateToStringConverter_Convert_NullParameter_ReturnUnsetValue" storage="d:\actions-runner\_work\xpco\xpco\sc\components\remoteviewer\smartclient\tst\zsmartclient_unittest\bin\x64\debug\net472\zsmartclient_unittest.dll" id="9f0f6d30-f426-c7af-d9b6-15317c05ddf1">
      <TestCategory>
        <TestCategoryItem TestCategory="SearchConverter" />
      </TestCategory>
      <Execution id="36671c95-f20c-4b76-8045-8443295ca0bf" />
      <TestMethod codeBase="D:\actions-runner\_work\XPCO\XPCO\SC\Components\RemoteViewer\SmartClient\tst\zSmartClient_UnitTest\bin\x64\Debug\net472\zSmartClient_UnitTest.dll" adapterTypeName="executor://mstestadapter/v2" className="SmartClient_UnitTest.VideoOS.RemoteClient.Plugin.CentralizedSearch.Views.Converters.DateToStringConverterTests" name="DateToStringConverter_Convert_NullParameter_ReturnUnsetValue" />
    </UnitTest>
    <UnitTest name="UpdateScope_ToTimeChangedWithNullScopeDuration_ReturnsTrue" storage="d:\actions-runner\_work\xpco\xpco\sc\components\remoteviewer\smartclient\tst\zsmartclient_unittest\bin\x64\debug\net472\zsmartclient_unittest.dll" id="63b5e857-7c0f-1bfb-6bac-ed0592160bce">
      <TestCategory>
        <TestCategoryItem TestCategory="SearchModels" />
      </TestCategory>
      <Execution id="cb5195af-db81-4fba-8ef8-bd231718c651" />
      <TestMethod codeBase="D:\actions-runner\_work\XPCO\XPCO\SC\Components\RemoteViewer\SmartClient\tst\zSmartClient_UnitTest\bin\x64\Debug\net472\zSmartClient_UnitTest.dll" adapterTypeName="executor://mstestadapter/v2" className="SmartClient_UnitTest.VideoOS.RemoteClient.Plugin.CentralizedSearch.Models.SearchScopeTests" name="UpdateScope_ToTimeChangedWithNullScopeDuration_ReturnsTrue" />
    </UnitTest>
    <UnitTest name="AddToExportDevices_ShouldReturnCorrectResult (0,0,1)" storage="d:\actions-runner\_work\xpco\xpco\sc\components\remoteviewer\smartclient\tst\zsmartclient_unittest\bin\x64\debug\net472\zsmartclient_unittest.dll" id="c8fe984c-75b4-9cd0-54a9-6f5de670d21e">
      <TestCategory>
        <TestCategoryItem TestCategory="Managers" />
      </TestCategory>
      <Execution id="0d5bfc37-df0a-4986-a292-3be52721e4ee" />
      <TestMethod codeBase="D:\actions-runner\_work\XPCO\XPCO\SC\Components\RemoteViewer\SmartClient\tst\zSmartClient_UnitTest\bin\x64\Debug\net472\zSmartClient_UnitTest.dll" adapterTypeName="executor://mstestadapter/v2" className="SmartClient_UnitTest.VideoOS.RemoteClient.Application.Managers.ExportManagerTests" name="AddToExportDevices_ShouldReturnCorrectResult" />
    </UnitTest>
    <UnitTest name="DeviceIcons_ShouldNotBeEmpty_WhenCalled" storage="d:\actions-runner\_work\xpco\xpco\sc\components\remoteviewer\smartclient\tst\zsmartclient_unittest\bin\x64\debug\net472\zsmartclient_unittest.dll" id="42206c17-853c-7b3a-7834-e4be8b79460f">
      <TestCategory>
        <TestCategoryItem TestCategory="GisMapData.MicrophoneOemResourcesProviderTests" />
      </TestCategory>
      <Execution id="8c9fcdad-cb9f-44e4-ad14-82d6f68582c7" />
      <TestMethod codeBase="D:\actions-runner\_work\XPCO\XPCO\SC\Components\RemoteViewer\SmartClient\tst\zSmartClient_UnitTest\bin\x64\Debug\net472\zSmartClient_UnitTest.dll" adapterTypeName="executor://mstestadapter/v2" className="SmartClient_UnitTest.VideoOS.RemoteClient.GisMapData.Resources.MicrophoneOemResourcesProviderTests" name="DeviceIcons_ShouldNotBeEmpty_WhenCalled" />
    </UnitTest>
    <UnitTest name="DefaultConstructor_Success" storage="d:\actions-runner\_work\xpco\xpco\sc\components\remoteviewer\smartclient\tst\zsmartclient_unittest\bin\x64\debug\net472\zsmartclient_unittest.dll" id="9dc38d44-5d89-36d6-7b22-483d30b44b5f">
      <TestCategory>
        <TestCategoryItem TestCategory="GisMapBuilding" />
      </TestCategory>
      <Execution id="a6dcbff2-7485-4289-80fe-1deb00738b9f" />
      <TestMethod codeBase="D:\actions-runner\_work\XPCO\XPCO\SC\Components\RemoteViewer\SmartClient\tst\zSmartClient_UnitTest\bin\x64\Debug\net472\zSmartClient_UnitTest.dll" adapterTypeName="executor://mstestadapter/v2" className="SmartClient_UnitTest.VideoOS.RemoteClient.GisMap.MapBuildingTests" name="DefaultConstructor_Success" />
    </UnitTest>
    <UnitTest name="Convert_ShouldSetWrapAndReturnTextBlock_WhenValueIsVideoOSTextBlock" storage="d:\actions-runner\_work\xpco\xpco\sc\components\remoteviewer\smartclient\tst\zsmartclient_unittest\bin\x64\debug\net472\zsmartclient_unittest.dll" id="0049d7ff-34d0-b659-c849-7e7744f6d7ff">
      <Execution id="4613fba5-b61e-4799-957b-6bcf4fc74447" />
      <TestMethod codeBase="D:\actions-runner\_work\XPCO\XPCO\SC\Components\RemoteViewer\SmartClient\tst\zSmartClient_UnitTest\bin\x64\Debug\net472\zSmartClient_UnitTest.dll" adapterTypeName="executor://mstestadapter/v2" className="SmartClient_UnitTest.VideoOS.Common.UIThemes.ContentToTooltipTextConverterTests" name="Convert_ShouldSetWrapAndReturnTextBlock_WhenValueIsVideoOSTextBlock" />
    </UnitTest>
    <UnitTest name="TryGetOsmServerTileAddress_ShouldReturnFalse_WhenOsmServerAddressIsInvalid" storage="d:\actions-runner\_work\xpco\xpco\sc\components\remoteviewer\smartclient\tst\zsmartclient_unittest\bin\x64\debug\net472\zsmartclient_unittest.dll" id="eabf48e5-196a-32f6-d385-edcb8e627a16">
      <TestCategory>
        <TestCategoryItem TestCategory="GisMapData.Controllers.Osm" />
      </TestCategory>
      <Execution id="457a5abc-a2f2-42a2-b1e1-e5d4fc30c277" />
      <TestMethod codeBase="D:\actions-runner\_work\XPCO\XPCO\SC\Components\RemoteViewer\SmartClient\tst\zSmartClient_UnitTest\bin\x64\Debug\net472\zSmartClient_UnitTest.dll" adapterTypeName="executor://mstestadapter/v2" className="SmartClient_UnitTest.VideoOS.RemoteClient.GisMapData.Controllers.Osm.GisMapOsmControllerTests" name="TryGetOsmServerTileAddress_ShouldReturnFalse_WhenOsmServerAddressIsInvalid" />
    </UnitTest>
    <UnitTest name="TestHasCapapability_LesserThan_Success" storage="d:\actions-runner\_work\xpco\xpco\sc\components\remoteviewer\smartclient\tst\zsmartclient_unittest\bin\x64\debug\net472\zsmartclient_unittest.dll" id="6d62f599-0f0c-18d4-6cc8-c03dee27684a">
      <Execution id="796122f2-4572-4330-aca8-83106ef6708b" />
      <TestMethod codeBase="D:\actions-runner\_work\XPCO\XPCO\SC\Components\RemoteViewer\SmartClient\tst\zSmartClient_UnitTest\bin\x64\Debug\net472\zSmartClient_UnitTest.dll" adapterTypeName="executor://mstestadapter/v2" className="SmartClient_UnitTest.VideoOS.RemoteClient.GisMapData.Common.GisMapServerCapabilitiesTest" name="TestHasCapapability_LesserThan_Success" />
    </UnitTest>
    <UnitTest name="MipItemsMapLayer_Constructed_Success" storage="d:\actions-runner\_work\xpco\xpco\sc\components\remoteviewer\smartclient\tst\zsmartclient_unittest\bin\x64\debug\net472\zsmartclient_unittest.dll" id="965562eb-8289-311d-8c35-1161a699ffcd">
      <TestCategory>
        <TestCategoryItem TestCategory="GisMapLayer" />
      </TestCategory>
      <Execution id="a30622c1-ae5a-4efb-abf4-7aec8410fa57" />
      <TestMethod codeBase="D:\actions-runner\_work\XPCO\XPCO\SC\Components\RemoteViewer\SmartClient\tst\zSmartClient_UnitTest\bin\x64\Debug\net472\zSmartClient_UnitTest.dll" adapterTypeName="executor://mstestadapter/v2" className="SmartClient_UnitTest.VideoOS.RemoteClient.GisMap.MapLayers.GisMapLayerTests" name="MipItemsMapLayer_Constructed_Success" />
    </UnitTest>
    <UnitTest name="RightButtonDown_ShouldNotRaiseAnException_WhenFired" storage="d:\actions-runner\_work\xpco\xpco\sc\components\remoteviewer\smartclient\tst\zsmartclient_unittest\bin\x64\debug\net472\zsmartclient_unittest.dll" id="0fd90a39-90c9-a28c-8d05-c52712094258">
      <TestCategory>
        <TestCategoryItem TestCategory="GisMap.WindowsBases" />
      </TestCategory>
      <Execution id="641d48cf-7d30-4eb5-a875-f14f3654a4d6" />
      <TestMethod codeBase="D:\actions-runner\_work\XPCO\XPCO\SC\Components\RemoteViewer\SmartClient\tst\zSmartClient_UnitTest\bin\x64\Debug\net472\zSmartClient_UnitTest.dll" adapterTypeName="executor://mstestadapter/v2" className="SmartClient_UnitTest.VideoOS.RemoteClient.Plugin.GisMap.Windows.Bases.DragWindowDecoratorTests" name="RightButtonDown_ShouldNotRaiseAnException_WhenFired" />
    </UnitTest>
    <UnitTest name="BoundingBoxLiveStart" storage="d:\actions-runner\_work\xpco\xpco\sc\components\remoteviewer\smartclient\tst\zsmartclient_unittest\bin\x64\debug\net472\zsmartclient_unittest.dll" id="6041a665-a5c2-d6e3-acc3-d07918acde37">
      <Execution id="b08d97c3-1ff1-47c0-b06e-7729b7fe075f" />
      <TestMethod codeBase="D:\actions-runner\_work\XPCO\XPCO\SC\Components\RemoteViewer\SmartClient\tst\zSmartClient_UnitTest\bin\x64\Debug\net472\zSmartClient_UnitTest.dll" adapterTypeName="executor://mstestadapter/v2" className="SmartClient_UnitTest.VideoOS.RemoteClient.Application.Data.Metadata.BoundingBoxes.BoundingBoxProviderTest" name="BoundingBoxLiveStart" />
    </UnitTest>
    <UnitTest name="ShowPermissionDeniedStatusBarError_ShouldSendAMessage (0,0)" storage="d:\actions-runner\_work\xpco\xpco\sc\components\remoteviewer\smartclient\tst\zsmartclient_unittest\bin\x64\debug\net472\zsmartclient_unittest.dll" id="db4646bf-024d-6e80-c8eb-b0bfdcf6a10a">
      <TestCategory>
        <TestCategoryItem TestCategory="Managers" />
      </TestCategory>
      <Execution id="f4d5d9a3-1d0d-4b7b-a1e6-edde4c87987e" />
      <TestMethod codeBase="D:\actions-runner\_work\XPCO\XPCO\SC\Components\RemoteViewer\SmartClient\tst\zSmartClient_UnitTest\bin\x64\Debug\net472\zSmartClient_UnitTest.dll" adapterTypeName="executor://mstestadapter/v2" className="SmartClient_UnitTest.VideoOS.RemoteClient.Application.Managers.ExportResultsNotificationHelperTests" name="ShowPermissionDeniedStatusBarError_ShouldSendAMessage" />
    </UnitTest>
    <UnitTest name="OnMarkerRightClicked_ShouldLetMapLayerControlMenuItems_WhenNoMapItemSelected" storage="d:\actions-runner\_work\xpco\xpco\sc\components\remoteviewer\smartclient\tst\zsmartclient_unittest\bin\x64\debug\net472\zsmartclient_unittest.dll" id="9ee3310d-df68-3208-bd43-511bd668f4d5">
      <TestCategory>
        <TestCategoryItem TestCategory="SmartMap.MapItemsOverlay" />
      </TestCategory>
      <Execution id="ee32872e-453f-4a07-8e4d-2653d074cdd5" />
      <TestMethod codeBase="D:\actions-runner\_work\XPCO\XPCO\SC\Components\RemoteViewer\SmartClient\tst\zSmartClient_UnitTest\bin\x64\Debug\net472\zSmartClient_UnitTest.dll" adapterTypeName="executor://mstestadapter/v2" className="SmartClient_UnitTest.VideoOS.RemoteClient.Plugin.GisMap.ThinkGeoMap.SpecializedOverlays.Overlays.MapItemsOverlayTests" name="OnMarkerRightClicked_ShouldLetMapLayerControlMenuItems_WhenNoMapItemSelected" />
    </UnitTest>
    <UnitTest name="Ctor_NullDefinition_Throws" storage="d:\actions-runner\_work\xpco\xpco\sc\components\remoteviewer\smartclient\tst\zsmartclient_unittest\bin\x64\debug\net472\zsmartclient_unittest.dll" id="9b54bf22-f513-708f-8279-2654a94cc1cf">
      <TestCategory>
        <TestCategoryItem TestCategory="Search" />
      </TestCategory>
      <Execution id="3f921608-ecbb-43ae-8159-8dc683d92e98" />
      <TestMethod codeBase="D:\actions-runner\_work\XPCO\XPCO\SC\Components\RemoteViewer\SmartClient\tst\zSmartClient_UnitTest\bin\x64\Debug\net472\zSmartClient_UnitTest.dll" adapterTypeName="executor://mstestadapter/v2" className="SmartClient_UnitTest.VideoOS.RemoteClient.Plugin.CentralizedSearch.ViewModels.SearchDefinitionViewModelTests" name="Ctor_NullDefinition_Throws" />
    </UnitTest>
    <UnitTest name="Ctor_OneBuiltInGroupDefined_OneCompositeAgentAddedAndTwoStandardAgentsAdded" storage="d:\actions-runner\_work\xpco\xpco\sc\components\remoteviewer\smartclient\tst\zsmartclient_unittest\bin\x64\debug\net472\zsmartclient_unittest.dll" id="14f3ec32-0fa4-5f7a-4835-a25af4f36100">
      <TestCategory>
        <TestCategoryItem TestCategory="ScSearchManager" />
      </TestCategory>
      <Execution id="c5e280da-bb1f-4860-8564-6b6cb4c5e6f9" />
      <TestMethod codeBase="D:\actions-runner\_work\XPCO\XPCO\SC\Components\RemoteViewer\SmartClient\tst\zSmartClient_UnitTest\bin\x64\Debug\net472\zSmartClient_UnitTest.dll" adapterTypeName="executor://mstestadapter/v2" className="SmartClient_UnitTest.VideoOS.RemoteClient.Plugin.CentralizedSearch.MIPPlugin.ScSearchManagerTests" name="Ctor_OneBuiltInGroupDefined_OneCompositeAgentAddedAndTwoStandardAgentsAdded" />
    </UnitTest>
    <UnitTest name="Constructor_ShouldThrowAnException_WhenWorkroomIsNull" storage="d:\actions-runner\_work\xpco\xpco\sc\components\remoteviewer\smartclient\tst\zsmartclient_unittest\bin\x64\debug\net472\zsmartclient_unittest.dll" id="2ebfe8ce-3c37-b151-62ae-982463586759">
      <TestCategory>
        <TestCategoryItem TestCategory="WorkspaceToolbar" />
      </TestCategory>
      <Execution id="01b6db09-b0aa-458e-a3fa-b52bcac0bb69" />
      <TestMethod codeBase="D:\actions-runner\_work\XPCO\XPCO\SC\Components\RemoteViewer\SmartClient\tst\zSmartClient_UnitTest\bin\x64\Debug\net472\zSmartClient_UnitTest.dll" adapterTypeName="executor://mstestadapter/v2" className="SmartClient_UnitTest.VideoOS.RemoteClient.Application.UI.Content.WorkspaceToolbar.WorkspaceToolbarViewModelTests" name="Constructor_ShouldThrowAnException_WhenWorkroomIsNull" />
    </UnitTest>
    <UnitTest name="AssignPanTiltValue_WhenValueIsInsideDeadzone_ShouldReturnCenterValue" storage="d:\actions-runner\_work\xpco\xpco\sc\components\remoteviewer\smartclient\tst\zsmartclient_unittest\bin\x64\debug\net472\zsmartclient_unittest.dll" id="72e0aaef-b782-3799-5f94-2f93780a25bc">
      <Execution id="964199b4-3be6-46e9-852d-ca24306e565d" />
      <TestMethod codeBase="D:\actions-runner\_work\XPCO\XPCO\SC\Components\RemoteViewer\SmartClient\tst\zSmartClient_UnitTest\bin\x64\Debug\net472\zSmartClient_UnitTest.dll" adapterTypeName="executor://mstestadapter/v2" className="SmartClient_UnitTest.VideoOS.RemoteClient.Plugin.JoystickSupport.JoystickDeviceTests" name="AssignPanTiltValue_WhenValueIsInsideDeadzone_ShouldReturnCenterValue" />
    </UnitTest>
    <UnitTest name="Ctor_ShouldApplyNewestTriggerTimeComparer_WhenMultipleSimultaneousSearchesIsNotAllowed" storage="d:\actions-runner\_work\xpco\xpco\sc\components\remoteviewer\smartclient\tst\zsmartclient_unittest\bin\x64\debug\net472\zsmartclient_unittest.dll" id="7ed10e38-acaf-fb97-a236-10882c020ef0">
      <TestCategory>
        <TestCategoryItem TestCategory="SearchResultViewModels" />
      </TestCategory>
      <Execution id="132cddfe-767f-4b5d-8511-1db6abe32d37" />
      <TestMethod codeBase="D:\actions-runner\_work\XPCO\XPCO\SC\Components\RemoteViewer\SmartClient\tst\zSmartClient_UnitTest\bin\x64\Debug\net472\zSmartClient_UnitTest.dll" adapterTypeName="executor://mstestadapter/v2" className="SmartClient_UnitTest.VideoOS.RemoteClient.Plugin.CentralizedSearch.ViewModels.SearchResultsViewModelTest" name="Ctor_ShouldApplyNewestTriggerTimeComparer_WhenMultipleSimultaneousSearchesIsNotAllowed" />
    </UnitTest>
    <UnitTest name="ResolveSearchDefinitions_ShouldReturnResultSearchDefinition_WhenCombinedSearchResultWithSingleSubResultAndSearchDefinitionsNotContainingCorrectSearchDefinitionsAreGiven" storage="d:\actions-runner\_work\xpco\xpco\sc\components\remoteviewer\smartclient\tst\zsmartclient_unittest\bin\x64\debug\net472\zsmartclient_unittest.dll" id="1f280893-1f72-6f45-77a3-2457f07e9bd2">
      <TestCategory>
        <TestCategoryItem TestCategory="Search" />
      </TestCategory>
      <Execution id="feaa5e60-bf76-4378-ac93-5d8a81692940" />
      <TestMethod codeBase="D:\actions-runner\_work\XPCO\XPCO\SC\Components\RemoteViewer\SmartClient\tst\zSmartClient_UnitTest\bin\x64\Debug\net472\zSmartClient_UnitTest.dll" adapterTypeName="executor://mstestadapter/v2" className="SmartClient_UnitTest.VideoOS.RemoteClient.Plugin.CentralizedSearch.Utils.SearchResultDataWrapperExtensionsTests" name="ResolveSearchDefinitions_ShouldReturnResultSearchDefinition_WhenCombinedSearchResultWithSingleSubResultAndSearchDefinitionsNotContainingCorrectSearchDefinitionsAreGiven" />
    </UnitTest>
    <UnitTest name="SelectOptions_ShouldSetSelectedComponent_WhenGivenOptionGroupWithCorrelatedComponent" storage="d:\actions-runner\_work\xpco\xpco\sc\components\remoteviewer\smartclient\tst\zsmartclient_unittest\bin\x64\debug\net472\zsmartclient_unittest.dll" id="54fe689a-094b-c2b1-eff8-7a88071b8275">
      <Execution id="a307e4dd-e356-4578-81b0-14d4a15dcce4" />
      <TestMethod codeBase="D:\actions-runner\_work\XPCO\XPCO\SC\Components\RemoteViewer\SmartClient\tst\zSmartClient_UnitTest\bin\x64\Debug\net472\zSmartClient_UnitTest.dll" adapterTypeName="executor://mstestadapter/v2" className="SmartClient_UnitTest.VideoOS.RemoteClient.Application.UI.Settings.SettingsDialogViewModelTests" name="SelectOptions_ShouldSetSelectedComponent_WhenGivenOptionGroupWithCorrelatedComponent" />
    </UnitTest>
    <UnitTest name="Instance_ShouldBeSingleton_WhenCalled" storage="d:\actions-runner\_work\xpco\xpco\sc\components\remoteviewer\smartclient\tst\zsmartclient_unittest\bin\x64\debug\net472\zsmartclient_unittest.dll" id="0ed09f5c-e815-112c-6aff-fe0dbd9b6f36">
      <TestCategory>
        <TestCategoryItem TestCategory="GisMapData.InputOemResourcesProviderTests" />
      </TestCategory>
      <Execution id="8ac32248-bd38-45e7-942f-c1dc6a7c40bc" />
      <TestMethod codeBase="D:\actions-runner\_work\XPCO\XPCO\SC\Components\RemoteViewer\SmartClient\tst\zSmartClient_UnitTest\bin\x64\Debug\net472\zSmartClient_UnitTest.dll" adapterTypeName="executor://mstestadapter/v2" className="SmartClient_UnitTest.VideoOS.RemoteClient.GisMapData.Resources.InputOemResourcesProviderTests" name="Instance_ShouldBeSingleton_WhenCalled" />
    </UnitTest>
    <UnitTest name="TestConstructor_EmptyOuterRing_GetBounds_Success" storage="d:\actions-runner\_work\xpco\xpco\sc\components\remoteviewer\smartclient\tst\zsmartclient_unittest\bin\x64\debug\net472\zsmartclient_unittest.dll" id="88071ce5-6a3f-f4ed-8ba6-7bfde6e1c46a">
      <TestCategory>
        <TestCategoryItem TestCategory="GisMap" />
      </TestCategory>
      <Execution id="647ddae0-e69d-45ea-a4ba-ddf3c86b8cec" />
      <TestMethod codeBase="D:\actions-runner\_work\XPCO\XPCO\SC\Components\RemoteViewer\SmartClient\tst\zSmartClient_UnitTest\bin\x64\Debug\net472\zSmartClient_UnitTest.dll" adapterTypeName="executor://mstestadapter/v2" className="SmartClient_UnitTest.VideoOS.RemoteClient.GisMap.Common.MapPolygonTest" name="TestConstructor_EmptyOuterRing_GetBounds_Success" />
    </UnitTest>
    <UnitTest name="Selected_retention_option_is_cleared_when_not_available" storage="d:\actions-runner\_work\xpco\xpco\sc\components\remoteviewer\smartclient\tst\zsmartclient_unittest\bin\x64\debug\net472\zsmartclient_unittest.dll" id="8afe4c58-19f6-dd1a-c67e-b2b4ee85f2ac">
      <Execution id="f117f19a-b864-405c-81e3-d8c6080fed04" />
      <TestMethod codeBase="D:\actions-runner\_work\XPCO\XPCO\SC\Components\RemoteViewer\SmartClient\tst\zSmartClient_UnitTest\bin\x64\Debug\net472\zSmartClient_UnitTest.dll" adapterTypeName="executor://mstestadapter/v2" className="SmartClient_UnitTest.VideoOS.RemoteClient.Application.Components.EvidenceLock.EvidenceLockCreateEditTests" name="Selected_retention_option_is_cleared_when_not_available" />
    </UnitTest>
    <UnitTest name="Connect_FailToConnect_ShouldReturnFalse" storage="d:\actions-runner\_work\xpco\xpco\sc\components\remoteviewer\smartclient\tst\zsmartclient_unittest\bin\x64\debug\net472\zsmartclient_unittest.dll" id="a994a568-3e00-625c-a6cf-5145a11d5bf6">
      <Execution id="cc9ebe6c-8f2b-49ad-9800-116337727925" />
      <TestMethod codeBase="D:\actions-runner\_work\XPCO\XPCO\SC\Components\RemoteViewer\SmartClient\tst\zSmartClient_UnitTest\bin\x64\Debug\net472\zSmartClient_UnitTest.dll" adapterTypeName="executor://mstestadapter/v2" className="VideoOS.Shared.ServerAPI.VMOViewerClientFacade.UnitTest.VMOViewerClientFacadeTests" name="Connect_FailToConnect_ShouldReturnFalse" />
    </UnitTest>
    <UnitTest name="VideoResultSearchResult_Properties_CollectedAndDisplayed" storage="d:\actions-runner\_work\xpco\xpco\sc\components\remoteviewer\smartclient\tst\zsmartclient_unittest\bin\x64\debug\net472\zsmartclient_unittest.dll" id="c0fbebe8-662e-1768-fb63-e3fa6064e5a1">
      <TestCategory>
        <TestCategoryItem TestCategory="SearchControls" />
      </TestCategory>
      <Execution id="8ec8bd19-4b63-444b-95ef-932d47c0a657" />
      <TestMethod codeBase="D:\actions-runner\_work\XPCO\XPCO\SC\Components\RemoteViewer\SmartClient\tst\zSmartClient_UnitTest\bin\x64\Debug\net472\zSmartClient_UnitTest.dll" adapterTypeName="executor://mstestadapter/v2" className="SmartClient_UnitTest.VideoOS.RemoteClient.Plugin.CentralizedSearch.Views.Controls.SearchResultDetailsControlTests" name="VideoResultSearchResult_Properties_CollectedAndDisplayed" />
    </UnitTest>
    <UnitTest name="ConvertToValidPath_WhenAllowDirectories_ConvertToValidPath" storage="d:\actions-runner\_work\xpco\xpco\sc\components\remoteviewer\smartclient\tst\zsmartclient_unittest\bin\x64\debug\net472\zsmartclient_unittest.dll" id="7a5350b3-34d1-bd37-e8d8-d06d15c440d2">
      <Execution id="248f6fe2-ebd4-45ac-9bef-93dc4a7e43de" />
      <TestMethod codeBase="D:\actions-runner\_work\XPCO\XPCO\SC\Components\RemoteViewer\SmartClient\tst\zSmartClient_UnitTest\bin\x64\Debug\net472\zSmartClient_UnitTest.dll" adapterTypeName="executor://mstestadapter/v2" className="SmartClient_UnitTest.VideoOS.RemoteClient.Application.Common.FilePathValidatorTest" name="ConvertToValidPath_WhenAllowDirectories_ConvertToValidPath" />
    </UnitTest>
    <UnitTest name="CalculateNewExtent_ShouldScaleEvenly_WhenWithinMaxInLowerLeft" storage="d:\actions-runner\_work\xpco\xpco\sc\components\remoteviewer\smartclient\tst\zsmartclient_unittest\bin\x64\debug\net472\zsmartclient_unittest.dll" id="d334a597-c565-285a-8550-3b9ea2cba29c">
      <TestCategory>
        <TestCategoryItem TestCategory="MipItemsUpdateStrategy" />
      </TestCategory>
      <Execution id="eedcff1e-2967-4f78-b581-d2f08b1b7771" />
      <TestMethod codeBase="D:\actions-runner\_work\XPCO\XPCO\SC\Components\RemoteViewer\SmartClient\tst\zSmartClient_UnitTest\bin\x64\Debug\net472\zSmartClient_UnitTest.dll" adapterTypeName="executor://mstestadapter/v2" className="SmartClient_UnitTest.VideoOS.RemoteClient.Plugin.GisMap.MIP.MipItemsUpdateStrategyTests" name="CalculateNewExtent_ShouldScaleEvenly_WhenWithinMaxInLowerLeft" />
    </UnitTest>
    <UnitTest name="ToDenormalizedDirection_LesserThanMinus1_0_Failure" storage="d:\actions-runner\_work\xpco\xpco\sc\components\remoteviewer\smartclient\tst\zsmartclient_unittest\bin\x64\debug\net472\zsmartclient_unittest.dll" id="380c2d79-325d-3409-b945-e63fa33fc5f3">
      <TestCategory>
        <TestCategoryItem TestCategory="GisMap" />
      </TestCategory>
      <Execution id="50c7c452-2067-4436-b582-ff2378643d87" />
      <TestMethod codeBase="D:\actions-runner\_work\XPCO\XPCO\SC\Components\RemoteViewer\SmartClient\tst\zSmartClient_UnitTest\bin\x64\Debug\net472\zSmartClient_UnitTest.dll" adapterTypeName="executor://mstestadapter/v2" className="SmartClient_UnitTest.VideoOS.RemoteClient.GisMap.Utilities.GisUtilityTests" name="ToDenormalizedDirection_LesserThanMinus1_0_Failure" />
    </UnitTest>
    <UnitTest name="Convert_OneCamerasSelectionAndOneSearchDefinition_Collapsed" storage="d:\actions-runner\_work\xpco\xpco\sc\components\remoteviewer\smartclient\tst\zsmartclient_unittest\bin\x64\debug\net472\zsmartclient_unittest.dll" id="f2b7929b-9477-2b09-878d-9dcd16e02623">
      <TestCategory>
        <TestCategoryItem TestCategory="SearchConverter" />
      </TestCategory>
      <Execution id="5dac1603-4826-4022-8dbf-c642d0a3dee7" />
      <TestMethod codeBase="D:\actions-runner\_work\XPCO\XPCO\SC\Components\RemoteViewer\SmartClient\tst\zSmartClient_UnitTest\bin\x64\Debug\net472\zSmartClient_UnitTest.dll" adapterTypeName="executor://mstestadapter/v2" className="SmartClient_UnitTest.VideoOS.RemoteClient.Plugin.CentralizedSearch.Views.Converters.NoCriteriaSelectedGridVisibilityConverterTests" name="Convert_OneCamerasSelectionAndOneSearchDefinition_Collapsed" />
    </UnitTest>
    <UnitTest name="Ctor_WpfMessageBoxButtonIsSetToOk_OnlyOkButtonVisible" storage="d:\actions-runner\_work\xpco\xpco\sc\components\remoteviewer\smartclient\tst\zsmartclient_unittest\bin\x64\debug\net472\zsmartclient_unittest.dll" id="3419854c-a58b-26c0-1755-df23f4de0fe4">
      <Execution id="511aeb94-9325-477f-8123-81598459c8a5" />
      <TestMethod codeBase="D:\actions-runner\_work\XPCO\XPCO\SC\Components\RemoteViewer\SmartClient\tst\zSmartClient_UnitTest\bin\x64\Debug\net472\zSmartClient_UnitTest.dll" adapterTypeName="executor://mstestadapter/v2" className="SmartClient_UnitTest.VideoOS.RemoteClient.Application.UI.Common.MessageBoxWithList.MessageBoxWithListViewModelTests" name="Ctor_WpfMessageBoxButtonIsSetToOk_OnlyOkButtonVisible" />
    </UnitTest>
    <UnitTest name="SelectedComponent_ShouldDefaultToFirstComponent_WhenSettingsDialogIsOpened" storage="d:\actions-runner\_work\xpco\xpco\sc\components\remoteviewer\smartclient\tst\zsmartclient_unittest\bin\x64\debug\net472\zsmartclient_unittest.dll" id="8e2c4cca-7551-4f11-2133-425fd4297ee4">
      <Execution id="59150adb-ac85-46ac-b58e-03d653405baf" />
      <TestMethod codeBase="D:\actions-runner\_work\XPCO\XPCO\SC\Components\RemoteViewer\SmartClient\tst\zSmartClient_UnitTest\bin\x64\Debug\net472\zSmartClient_UnitTest.dll" adapterTypeName="executor://mstestadapter/v2" className="SmartClient_UnitTest.VideoOS.RemoteClient.Application.UI.Settings.SettingsDialogViewModelTests" name="SelectedComponent_ShouldDefaultToFirstComponent_WhenSettingsDialogIsOpened" />
    </UnitTest>
    <UnitTest name="GetDeviceData_ShouldReturnDeviceData_WhenCameraKindAndExistingCameraId" storage="d:\actions-runner\_work\xpco\xpco\sc\components\remoteviewer\smartclient\tst\zsmartclient_unittest\bin\x64\debug\net472\zsmartclient_unittest.dll" id="2a4dd686-62ac-c714-9f30-f0d81a07f831">
      <TestCategory>
        <TestCategoryItem TestCategory="GisMap.Controllers.Devices.MapItems" />
      </TestCategory>
      <Execution id="d43bd3dc-e7f4-404d-a548-4985ed7a9c8c" />
      <TestMethod codeBase="D:\actions-runner\_work\XPCO\XPCO\SC\Components\RemoteViewer\SmartClient\tst\zSmartClient_UnitTest\bin\x64\Debug\net472\zSmartClient_UnitTest.dll" adapterTypeName="executor://mstestadapter/v2" className="SmartClient_UnitTest.VideoOS.RemoteClient.Plugin.GisMap.Controllers.Devices.MapItems.DeviceDataControllerTests" name="GetDeviceData_ShouldReturnDeviceData_WhenCameraKindAndExistingCameraId" />
    </UnitTest>
    <UnitTest name="Command_ShouldInvokeRemoveMipMapItem_WhenExecutedForMultipleSelectedItem" storage="d:\actions-runner\_work\xpco\xpco\sc\components\remoteviewer\smartclient\tst\zsmartclient_unittest\bin\x64\debug\net472\zsmartclient_unittest.dll" id="84796659-ba8c-65c7-7760-1f800728b555">
      <TestCategory>
        <TestCategoryItem TestCategory="GisMapMip" />
      </TestCategory>
      <Execution id="213d4699-a642-4eb7-851e-509c82c1cea5" />
      <TestMethod codeBase="D:\actions-runner\_work\XPCO\XPCO\SC\Components\RemoteViewer\SmartClient\tst\zSmartClient_UnitTest\bin\x64\Debug\net472\zSmartClient_UnitTest.dll" adapterTypeName="executor://mstestadapter/v2" className="SmartClient_UnitTest.VideoOS.RemoteClient.Plugin.GisMap.ThinkGeoMap.ContextMenuUtils.RemoveMipItemContextMenuTests" name="Command_ShouldInvokeRemoveMipMapItem_WhenExecutedForMultipleSelectedItem" />
    </UnitTest>
    <UnitTest name="TestConstructor_WithNullParameter_Failure" storage="d:\actions-runner\_work\xpco\xpco\sc\components\remoteviewer\smartclient\tst\zsmartclient_unittest\bin\x64\debug\net472\zsmartclient_unittest.dll" id="2ea7f788-a228-7eb9-ef8c-629855bfb76d">
      <Execution id="da56e162-8567-49fe-8b4c-21bb0466c7bf" />
      <TestMethod codeBase="D:\actions-runner\_work\XPCO\XPCO\SC\Components\RemoteViewer\SmartClient\tst\zSmartClient_UnitTest\bin\x64\Debug\net472\zSmartClient_UnitTest.dll" adapterTypeName="executor://mstestadapter/v2" className="SmartClient_UnitTest.VideoOS.RemoteClient.GisMapData.Common.GisMapServerCapabilitiesTest" name="TestConstructor_WithNullParameter_Failure" />
    </UnitTest>
    <UnitTest name="ActionBarPluginEnabled_SinglePluginWithEnoughRoom_PluginButtonPresentInActionBar" storage="d:\actions-runner\_work\xpco\xpco\sc\components\remoteviewer\smartclient\tst\zsmartclient_unittest\bin\x64\debug\net472\zsmartclient_unittest.dll" id="baa96bb4-9a62-b146-14d8-03dbee056087">
      <TestCategory>
        <TestCategoryItem TestCategory="SearchViews" />
      </TestCategory>
      <Execution id="c84a9883-0b69-4034-918a-447cbbef8825" />
      <TestMethod codeBase="D:\actions-runner\_work\XPCO\XPCO\SC\Components\RemoteViewer\SmartClient\tst\zSmartClient_UnitTest\bin\x64\Debug\net472\zSmartClient_UnitTest.dll" adapterTypeName="executor://mstestadapter/v2" className="SmartClient_UnitTest.VideoOS.RemoteClient.Plugin.CentralizedSearch.Views.SearchResultActionBarViewTests" name="ActionBarPluginEnabled_SinglePluginWithEnoughRoom_PluginButtonPresentInActionBar" />
    </UnitTest>
    <UnitTest name="Result_Updates_Correctly" storage="d:\actions-runner\_work\xpco\xpco\sc\components\remoteviewer\smartclient\tst\zsmartclient_unittest\bin\x64\debug\net472\zsmartclient_unittest.dll" id="64807985-c509-c615-5e46-3ee5e8e0197e">
      <Execution id="064e55fa-f338-4103-806b-c5af53940b02" />
      <TestMethod codeBase="D:\actions-runner\_work\XPCO\XPCO\SC\Components\RemoteViewer\SmartClient\tst\zSmartClient_UnitTest\bin\x64\Debug\net472\zSmartClient_UnitTest.dll" adapterTypeName="executor://mstestadapter/v2" className="SmartClient_UnitTest.VideoOS.RemoteClient.Application.Components.Search.SearchManagerTest" name="Result_Updates_Correctly" />
    </UnitTest>
    <UnitTest name="CameraMapItem_UpdateName_Rejected" storage="d:\actions-runner\_work\xpco\xpco\sc\components\remoteviewer\smartclient\tst\zsmartclient_unittest\bin\x64\debug\net472\zsmartclient_unittest.dll" id="f63c2d26-77b7-377e-2b59-219fb8f0f7b9">
      <TestCategory>
        <TestCategoryItem TestCategory="GisMapMapItem" />
      </TestCategory>
      <Execution id="80bbfbb8-a992-46e9-9552-69f774b57fb6" />
      <TestMethod codeBase="D:\actions-runner\_work\XPCO\XPCO\SC\Components\RemoteViewer\SmartClient\tst\zSmartClient_UnitTest\bin\x64\Debug\net472\zSmartClient_UnitTest.dll" adapterTypeName="executor://mstestadapter/v2" className="SmartClient_UnitTest.VideoOS.RemoteClient.GisMap.MapItem.MapItemTests" name="CameraMapItem_UpdateName_Rejected" />
    </UnitTest>
    <UnitTest name="BookmarkSearchTime_WithSearchStringInDifferentCases_ReturnCorrectBookmarkWithSearchStringInDescription (SeArChStRiNg,True,False,False,False,,,0)" storage="d:\actions-runner\_work\xpco\xpco\sc\components\remoteviewer\smartclient\tst\zsmartclient_unittest\bin\x64\debug\net472\zsmartclient_unittest.dll" id="a66072e2-b1f7-196d-b793-cd24ef5c3a36">
      <Execution id="daaca1ff-f786-4c67-8c8f-fd28482acb07" />
      <TestMethod codeBase="D:\actions-runner\_work\XPCO\XPCO\SC\Components\RemoteViewer\SmartClient\tst\zSmartClient_UnitTest\bin\x64\Debug\net472\zSmartClient_UnitTest.dll" adapterTypeName="executor://mstestadapter/v2" className="SmartClient_UnitTest.VideoOS.RemoteClient.Application.Data.Offline.UnitTest.BookmarkExportReaderTest" name="BookmarkSearchTime_WithSearchStringInDifferentCases_ReturnCorrectBookmarkWithSearchStringInDescription" />
    </UnitTest>
    <UnitTest name="PointMapItem_InputWithNoShortName_Success" storage="d:\actions-runner\_work\xpco\xpco\sc\components\remoteviewer\smartclient\tst\zsmartclient_unittest\bin\x64\debug\net472\zsmartclient_unittest.dll" id="b504ac94-d24b-65b3-ca37-c7d43c96a4da">
      <TestCategory>
        <TestCategoryItem TestCategory="GisMapData.MapItem.Inputs" />
      </TestCategory>
      <Execution id="025cb646-9d44-47df-a1ae-9b36551c1bf9" />
      <TestMethod codeBase="D:\actions-runner\_work\XPCO\XPCO\SC\Components\RemoteViewer\SmartClient\tst\zSmartClient_UnitTest\bin\x64\Debug\net472\zSmartClient_UnitTest.dll" adapterTypeName="executor://mstestadapter/v2" className="SmartClient_UnitTest.VideoOS.RemoteClient.GisMapData.MapItem.Inputs.InputMapItemTests" name="PointMapItem_InputWithNoShortName_Success" />
    </UnitTest>
    <UnitTest name="ToString_ShouldSuccess_Always" storage="d:\actions-runner\_work\xpco\xpco\sc\components\remoteviewer\smartclient\tst\zsmartclient_unittest\bin\x64\debug\net472\zsmartclient_unittest.dll" id="d88de873-7cef-0143-495e-05b7d2b41757">
      <TestCategory>
        <TestCategoryItem TestCategory="GisMapIndex" />
      </TestCategory>
      <Execution id="f7609f61-7870-4bff-ad35-db404c7336ef" />
      <TestMethod codeBase="D:\actions-runner\_work\XPCO\XPCO\SC\Components\RemoteViewer\SmartClient\tst\zSmartClient_UnitTest\bin\x64\Debug\net472\zSmartClient_UnitTest.dll" adapterTypeName="executor://mstestadapter/v2" className="SmartClient_UnitTest.VideoOS.RemoteClient.GisMapData.Common.Indexer.BuildingsAwareIndexerTests" name="ToString_ShouldSuccess_Always" />
    </UnitTest>
    <UnitTest name="WhenActionExecutedWithAlarmsWithRelatedDeviceThenEveryObserverNotifiedWithRelated" storage="d:\actions-runner\_work\xpco\xpco\sc\components\remoteviewer\smartclient\tst\zsmartclient_unittest\bin\x64\debug\net472\zsmartclient_unittest.dll" id="56b52fe7-501e-5059-ffb3-616a27cb0414">
      <Execution id="c32773ad-8f28-4ba1-ad27-eb2bdbec072c" />
      <TestMethod codeBase="D:\actions-runner\_work\XPCO\XPCO\SC\Components\RemoteViewer\SmartClient\tst\zSmartClient_UnitTest\bin\x64\Debug\net472\zSmartClient_UnitTest.dll" adapterTypeName="executor://mstestadapter/v2" className="SmartClient_UnitTest.VideoOS.RemoteClient.GisMapData.Common.AlarmObservableTest" name="WhenActionExecutedWithAlarmsWithRelatedDeviceThenEveryObserverNotifiedWithRelated" />
    </UnitTest>
    <UnitTest name="CreateDefinition_DisposeModelWhileWaitingForStartSearch_ModelDisposed" storage="d:\actions-runner\_work\xpco\xpco\sc\components\remoteviewer\smartclient\tst\zsmartclient_unittest\bin\x64\debug\net472\zsmartclient_unittest.dll" id="84ba2f48-d35e-2565-b5d6-9096907c8416">
      <TestCategory>
        <TestCategoryItem TestCategory="SearchModels" />
      </TestCategory>
      <Execution id="65e2af2c-d24b-47f4-a6bd-4e2f40a84582" />
      <TestMethod codeBase="D:\actions-runner\_work\XPCO\XPCO\SC\Components\RemoteViewer\SmartClient\tst\zSmartClient_UnitTest\bin\x64\Debug\net472\zSmartClient_UnitTest.dll" adapterTypeName="executor://mstestadapter/v2" className="SmartClient_UnitTest.VideoOS.RemoteClient.Plugin.CentralizedSearch.Models.SearchModelTests" name="CreateDefinition_DisposeModelWhileWaitingForStartSearch_ModelDisposed" />
    </UnitTest>
    <UnitTest name="SupportsDoubleClick_ShouldBeTrue_WhenInteractionStateIsNormalAndInSetupMode" storage="d:\actions-runner\_work\xpco\xpco\sc\components\remoteviewer\smartclient\tst\zsmartclient_unittest\bin\x64\debug\net472\zsmartclient_unittest.dll" id="e8f3b5b9-78ec-f897-d51a-a5d2a544c215">
      <TestCategory>
        <TestCategoryItem TestCategory="GisMap.LocationMarker" />
      </TestCategory>
      <Execution id="2e39c9cc-e002-4fb7-a4be-7e6045eb0739" />
      <TestMethod codeBase="D:\actions-runner\_work\XPCO\XPCO\SC\Components\RemoteViewer\SmartClient\tst\zSmartClient_UnitTest\bin\x64\Debug\net472\zSmartClient_UnitTest.dll" adapterTypeName="executor://mstestadapter/v2" className="SmartClient_UnitTest.VideoOS.RemoteClient.Plugin.GisMap.ThinkGeoMap.Markers.LocationMarker.LocationMarkerTests" name="SupportsDoubleClick_ShouldBeTrue_WhenInteractionStateIsNormalAndInSetupMode" />
    </UnitTest>
    <UnitTest name="HasWritePermissionOnDir_NoWritePermission_ReturnsFalse" storage="d:\actions-runner\_work\xpco\xpco\sc\components\remoteviewer\smartclient\tst\zsmartclient_unittest\bin\x64\debug\net472\zsmartclient_unittest.dll" id="9f2c2791-650e-d7c8-970e-1310d2e32cdc">
      <TestCategory>
        <TestCategoryItem TestCategory="Search" />
      </TestCategory>
      <Execution id="e9effc7e-e8a8-4f86-bc7e-da867c0d1912" />
      <TestMethod codeBase="D:\actions-runner\_work\XPCO\XPCO\SC\Components\RemoteViewer\SmartClient\tst\zSmartClient_UnitTest\bin\x64\Debug\net472\zSmartClient_UnitTest.dll" adapterTypeName="executor://mstestadapter/v2" className="SmartClient_UnitTest.VideoOS.RemoteClient.Plugin.CentralizedSearch.ViewModels.Data.SnapshotHandlerTests" name="HasWritePermissionOnDir_NoWritePermission_ReturnsFalse" />
    </UnitTest>
    <UnitTest name="Ctor_NullOptionManager_Failure" storage="d:\actions-runner\_work\xpco\xpco\sc\components\remoteviewer\smartclient\tst\zsmartclient_unittest\bin\x64\debug\net472\zsmartclient_unittest.dll" id="3e00ced7-c9ef-e081-8698-0bfc18ba5ea0">
      <TestCategory>
        <TestCategoryItem TestCategory="Search" />
      </TestCategory>
      <Execution id="ef894c3c-a8e9-443f-9368-e4fbd1c683c9" />
      <TestMethod codeBase="D:\actions-runner\_work\XPCO\XPCO\SC\Components\RemoteViewer\SmartClient\tst\zSmartClient_UnitTest\bin\x64\Debug\net472\zSmartClient_UnitTest.dll" adapterTypeName="executor://mstestadapter/v2" className="SmartClient_UnitTest.VideoOS.RemoteClient.Plugin.CentralizedSearch.ViewModels.Data.SnapshotHandlerTests" name="Ctor_NullOptionManager_Failure" />
    </UnitTest>
    <UnitTest name="AddSelectedWindowsToExport_ShouldAddToExportData (5)" storage="d:\actions-runner\_work\xpco\xpco\sc\components\remoteviewer\smartclient\tst\zsmartclient_unittest\bin\x64\debug\net472\zsmartclient_unittest.dll" id="46396b06-522e-625a-1a2a-9f20be751983">
      <TestCategory>
        <TestCategoryItem TestCategory="Managers" />
      </TestCategory>
      <Execution id="b15f2f44-3d87-4dfd-be15-964d793d1f1d" />
      <TestMethod codeBase="D:\actions-runner\_work\XPCO\XPCO\SC\Components\RemoteViewer\SmartClient\tst\zSmartClient_UnitTest\bin\x64\Debug\net472\zSmartClient_UnitTest.dll" adapterTypeName="executor://mstestadapter/v2" className="SmartClient_UnitTest.VideoOS.RemoteClient.Application.Managers.ExportManagerTests" name="AddSelectedWindowsToExport_ShouldAddToExportData" />
    </UnitTest>
    <UnitTest name="MilestoneOemResourcesTest" storage="d:\actions-runner\_work\xpco\xpco\sc\components\remoteviewer\smartclient\tst\zsmartclient_unittest\bin\x64\debug\net472\zsmartclient_unittest.dll" id="5f330a2c-7575-4b82-cdc2-dae925c0e744">
      <Execution id="dadc9067-54ec-4703-9a43-29ba59bbe494" />
      <TestMethod codeBase="D:\actions-runner\_work\XPCO\XPCO\SC\Components\RemoteViewer\SmartClient\tst\zSmartClient_UnitTest\bin\x64\Debug\net472\zSmartClient_UnitTest.dll" adapterTypeName="executor://mstestadapter/v2" className="SmartClient_UnitTest.VideoOS.RemoteClient.Application.Controllers.OemResourceControllerTest" name="MilestoneOemResourcesTest" />
    </UnitTest>
    <UnitTest name="SearchResultsActionBarActions_ActionResultCreateReport_ProgressUpdate_Success" storage="d:\actions-runner\_work\xpco\xpco\sc\components\remoteviewer\smartclient\tst\zsmartclient_unittest\bin\x64\debug\net472\zsmartclient_unittest.dll" id="e6de12d3-0261-772c-f490-e9dbb1bb9e62">
      <TestCategory>
        <TestCategoryItem TestCategory="SearchResultActionBarViewModel" />
      </TestCategory>
      <Execution id="3b794a3c-5a9f-482a-b5ad-2ff7c4c6c627" />
      <TestMethod codeBase="D:\actions-runner\_work\XPCO\XPCO\SC\Components\RemoteViewer\SmartClient\tst\zSmartClient_UnitTest\bin\x64\Debug\net472\zSmartClient_UnitTest.dll" adapterTypeName="executor://mstestadapter/v2" className="SmartClient_UnitTest.VideoOS.RemoteClient.Plugin.CentralizedSearch.ViewModels.SearchResultsActionBarViewModelTest" name="SearchResultsActionBarActions_ActionResultCreateReport_ProgressUpdate_Success" />
    </UnitTest>
    <UnitTest name="AddToExportTuples_ShouldReturnCorrectResult (0,5,5)" storage="d:\actions-runner\_work\xpco\xpco\sc\components\remoteviewer\smartclient\tst\zsmartclient_unittest\bin\x64\debug\net472\zsmartclient_unittest.dll" id="31b52586-5789-6780-65c0-3c8320c10bb3">
      <TestCategory>
        <TestCategoryItem TestCategory="Managers" />
      </TestCategory>
      <Execution id="c1ed7e76-d415-474e-a354-89a8db1a05ad" />
      <TestMethod codeBase="D:\actions-runner\_work\XPCO\XPCO\SC\Components\RemoteViewer\SmartClient\tst\zSmartClient_UnitTest\bin\x64\Debug\net472\zSmartClient_UnitTest.dll" adapterTypeName="executor://mstestadapter/v2" className="SmartClient_UnitTest.VideoOS.RemoteClient.Application.Managers.ExportManagerTests" name="AddToExportTuples_ShouldReturnCorrectResult" />
    </UnitTest>
    <UnitTest name="GetLayerFeatures_ShouldReturnOutputLayerFeaturesBasedOnOutputItemsMapLayer_WhenOutputKind" storage="d:\actions-runner\_work\xpco\xpco\sc\components\remoteviewer\smartclient\tst\zsmartclient_unittest\bin\x64\debug\net472\zsmartclient_unittest.dll" id="d628b9e8-ecd7-5880-2e1a-54156c671e9a">
      <TestCategory>
        <TestCategoryItem TestCategory="GisMapData.Controllers.LayerFeatures" />
      </TestCategory>
      <Execution id="d81f7833-8146-4ce1-89b4-69b728b55604" />
      <TestMethod codeBase="D:\actions-runner\_work\XPCO\XPCO\SC\Components\RemoteViewer\SmartClient\tst\zSmartClient_UnitTest\bin\x64\Debug\net472\zSmartClient_UnitTest.dll" adapterTypeName="executor://mstestadapter/v2" className="SmartClient_UnitTest.VideoOS.RemoteClient.GisMapData.Controllers.LayerFeatures.LayerFeaturesControllerTests" name="GetLayerFeatures_ShouldReturnOutputLayerFeaturesBasedOnOutputItemsMapLayer_WhenOutputKind" />
    </UnitTest>
    <UnitTest name="Optics enabled, not forced" storage="d:\actions-runner\_work\xpco\xpco\sc\components\remoteviewer\smartclient\tst\zsmartclient_unittest\bin\x64\debug\net472\zsmartclient_unittest.dll" id="f484692c-fec3-a0b6-18ec-e828d80b67b7">
      <TestCategory>
        <TestCategoryItem TestCategory="Export" />
      </TestCategory>
      <Execution id="7f3d2e09-168f-4518-b13a-e3dcde01b3b5" />
      <TestMethod codeBase="D:\actions-runner\_work\XPCO\XPCO\SC\Components\RemoteViewer\SmartClient\tst\zSmartClient_UnitTest\bin\x64\Debug\net472\zSmartClient_UnitTest.dll" adapterTypeName="executor://mstestadapter/v2" className="SmartClient_UnitTest.VideoOS.RemoteClient.Plugin.Export.CreateExportDialogViewModelTests" name="CreateExportDialog_ExportDestinationSelectionEnabled_BasedOnOptions" />
    </UnitTest>
    <UnitTest name="PtzPresetsMenuViewModel_PtzCotrolledByUserTest" storage="d:\actions-runner\_work\xpco\xpco\sc\components\remoteviewer\smartclient\tst\zsmartclient_unittest\bin\x64\debug\net472\zsmartclient_unittest.dll" id="2f100db4-2fb5-00e2-487e-75a3a7b6d272">
      <Execution id="f7a97df6-df0a-4e47-b03c-f0f4cf073840" />
      <TestMethod codeBase="D:\actions-runner\_work\XPCO\XPCO\SC\Components\RemoteViewer\SmartClient\tst\zSmartClient_UnitTest\bin\x64\Debug\net472\zSmartClient_UnitTest.dll" adapterTypeName="executor://mstestadapter/v2" className="SmartClient_UnitTest.VideoOS.RemoteClient.Application.Data.ContentTypes.CameraContentType.PtzPresetsMenuViewModelTest" name="PtzPresetsMenuViewModel_PtzCotrolledByUserTest" />
    </UnitTest>
    <UnitTest name="BookmarkSearchTime_WithSearchStringInDifferentCases_ReturnCorrectBookmarkWithSearchStringInHeader (SeArChStRiNg,False,False,False,True,,,0)" storage="d:\actions-runner\_work\xpco\xpco\sc\components\remoteviewer\smartclient\tst\zsmartclient_unittest\bin\x64\debug\net472\zsmartclient_unittest.dll" id="9091bca7-c5dc-fba1-fee5-e99fb48d96dc">
      <Execution id="c8ae0f28-23ce-4821-8896-e4d144276dd7" />
      <TestMethod codeBase="D:\actions-runner\_work\XPCO\XPCO\SC\Components\RemoteViewer\SmartClient\tst\zSmartClient_UnitTest\bin\x64\Debug\net472\zSmartClient_UnitTest.dll" adapterTypeName="executor://mstestadapter/v2" className="SmartClient_UnitTest.VideoOS.RemoteClient.Application.Data.Offline.UnitTest.BookmarkExportReaderTest" name="BookmarkSearchTime_WithSearchStringInDifferentCases_ReturnCorrectBookmarkWithSearchStringInHeader" />
    </UnitTest>
    <UnitTest name="SupportsDoubleClick_ShouldBeTrue_WhenInteractionStateIsNormalAndInSetupMode" storage="d:\actions-runner\_work\xpco\xpco\sc\components\remoteviewer\smartclient\tst\zsmartclient_unittest\bin\x64\debug\net472\zsmartclient_unittest.dll" id="8a331f63-bf32-57ca-e19f-2c5fb3b70109">
      <TestCategory>
        <TestCategoryItem TestCategory="GisMap.LinkMarker" />
      </TestCategory>
      <Execution id="96e6e593-9c2f-4c9e-9aa4-21811d79446d" />
      <TestMethod codeBase="D:\actions-runner\_work\XPCO\XPCO\SC\Components\RemoteViewer\SmartClient\tst\zSmartClient_UnitTest\bin\x64\Debug\net472\zSmartClient_UnitTest.dll" adapterTypeName="executor://mstestadapter/v2" className="SmartClient_UnitTest.VideoOS.RemoteClient.Plugin.GisMap.ThinkGeoMap.Markers.LinkMarker.LinkMarkerTests" name="SupportsDoubleClick_ShouldBeTrue_WhenInteractionStateIsNormalAndInSetupMode" />
    </UnitTest>
    <UnitTest name="GetSearchReportDialog_SelectedSearchResults_Empty_Failure" storage="d:\actions-runner\_work\xpco\xpco\sc\components\remoteviewer\smartclient\tst\zsmartclient_unittest\bin\x64\debug\net472\zsmartclient_unittest.dll" id="81d4eeef-857b-5bf1-5cd0-3e8726c4f84c">
      <TestCategory>
        <TestCategoryItem TestCategory="Search" />
      </TestCategory>
      <Execution id="887bf09a-ced1-4e39-a75a-b1eadd145746" />
      <TestMethod codeBase="D:\actions-runner\_work\XPCO\XPCO\SC\Components\RemoteViewer\SmartClient\tst\zSmartClient_UnitTest\bin\x64\Debug\net472\zSmartClient_UnitTest.dll" adapterTypeName="executor://mstestadapter/v2" className="SmartClient_UnitTest.VideoOS.RemoteClient.Plugin.CentralizedSearch.ViewModels.Utility.SearchReportHandlerTests" name="GetSearchReportDialog_SelectedSearchResults_Empty_Failure" />
    </UnitTest>
    <UnitTest name="UpdateSearchTemplateAsync_ThrowCommunicationMIPException_Success" storage="d:\actions-runner\_work\xpco\xpco\sc\components\remoteviewer\smartclient\tst\zsmartclient_unittest\bin\x64\debug\net472\zsmartclient_unittest.dll" id="f7e9fd32-cda0-b4a7-03c5-d4f85abad026">
      <TestCategory>
        <TestCategoryItem TestCategory="SearchTemplatesService" />
      </TestCategory>
      <Execution id="a6ee70b8-9b34-4a56-bb72-71080db0342c" />
      <TestMethod codeBase="D:\actions-runner\_work\XPCO\XPCO\SC\Components\RemoteViewer\SmartClient\tst\zSmartClient_UnitTest\bin\x64\Debug\net472\zSmartClient_UnitTest.dll" adapterTypeName="executor://mstestadapter/v2" className="SmartClient_UnitTest.VideoOS.RemoteClient.Plugin.CentralizedSearch.SearchTemplates.Service.SearchTemplateServiceTests" name="UpdateSearchTemplateAsync_ThrowCommunicationMIPException_Success" />
    </UnitTest>
    <UnitTest name="Ctor_NullPassedToNotNullParameters_Failure" storage="d:\actions-runner\_work\xpco\xpco\sc\components\remoteviewer\smartclient\tst\zsmartclient_unittest\bin\x64\debug\net472\zsmartclient_unittest.dll" id="0edc3f32-14dd-b812-075b-a9e435bcc1ca">
      <TestCategory>
        <TestCategoryItem TestCategory="SearchModels" />
      </TestCategory>
      <Execution id="346a8c19-7581-4979-a5b3-6cda87267a5e" />
      <TestMethod codeBase="D:\actions-runner\_work\XPCO\XPCO\SC\Components\RemoteViewer\SmartClient\tst\zSmartClient_UnitTest\bin\x64\Debug\net472\zSmartClient_UnitTest.dll" adapterTypeName="executor://mstestadapter/v2" className="SmartClient_UnitTest.VideoOS.RemoteClient.Plugin.CentralizedSearch.Models.SearchModelTests" name="Ctor_NullPassedToNotNullParameters_Failure" />
    </UnitTest>
    <UnitTest name="Compare_SameTriggerTimeDeterministicBehavior_HashCode_Success" storage="d:\actions-runner\_work\xpco\xpco\sc\components\remoteviewer\smartclient\tst\zsmartclient_unittest\bin\x64\debug\net472\zsmartclient_unittest.dll" id="d4db1bde-02f2-af75-8dda-4a9596de1dfd">
      <TestCategory>
        <TestCategoryItem TestCategory="SearchComparers" />
      </TestCategory>
      <Execution id="80d49323-f653-4665-b532-dc9d721a2313" />
      <TestMethod codeBase="D:\actions-runner\_work\XPCO\XPCO\SC\Components\RemoteViewer\SmartClient\tst\zSmartClient_UnitTest\bin\x64\Debug\net472\zSmartClient_UnitTest.dll" adapterTypeName="executor://mstestadapter/v2" className="SmartClient_UnitTest.VideoOS.RemoteClient.Plugin.CentralizedSearch.Models.Wrappers.Comparers.TriggerTimeComparerTests" name="Compare_SameTriggerTimeDeterministicBehavior_HashCode_Success" />
    </UnitTest>
    <UnitTest name="PtzSessionController_DisposeTest" storage="d:\actions-runner\_work\xpco\xpco\sc\components\remoteviewer\smartclient\tst\zsmartclient_unittest\bin\x64\debug\net472\zsmartclient_unittest.dll" id="ceb42b69-4329-8c68-9d19-b6fb1b9c3ef1">
      <Execution id="acb976ea-0432-479b-8e15-819cbfd32442" />
      <TestMethod codeBase="D:\actions-runner\_work\XPCO\XPCO\SC\Components\RemoteViewer\SmartClient\tst\zSmartClient_UnitTest\bin\x64\Debug\net472\zSmartClient_UnitTest.dll" adapterTypeName="executor://mstestadapter/v2" className="VideoOS.RemoteClient.Application.Controllers.UnitTest.PtzSessionControllerTest" name="PtzSessionController_DisposeTest" />
    </UnitTest>
    <UnitTest name="LoadSearchTemplate_NoActiveToNoActive_NoUpdateAndEvent" storage="d:\actions-runner\_work\xpco\xpco\sc\components\remoteviewer\smartclient\tst\zsmartclient_unittest\bin\x64\debug\net472\zsmartclient_unittest.dll" id="6e9ddeeb-8237-28ab-191f-f32e87858c27">
      <TestCategory>
        <TestCategoryItem TestCategory="SearchTemplates" />
      </TestCategory>
      <Execution id="05ead0ef-63e9-421f-9fc5-9b99c4e946f0" />
      <TestMethod codeBase="D:\actions-runner\_work\XPCO\XPCO\SC\Components\RemoteViewer\SmartClient\tst\zSmartClient_UnitTest\bin\x64\Debug\net472\zSmartClient_UnitTest.dll" adapterTypeName="executor://mstestadapter/v2" className="SmartClient_UnitTest.VideoOS.RemoteClient.Plugin.CentralizedSearch.SearchTemplates.SearchTemplateManagerTests" name="LoadSearchTemplate_NoActiveToNoActive_NoUpdateAndEvent" />
    </UnitTest>
    <UnitTest name="AddItems_SingleMapItem_OneClusterChange" storage="d:\actions-runner\_work\xpco\xpco\sc\components\remoteviewer\smartclient\tst\zsmartclient_unittest\bin\x64\debug\net472\zsmartclient_unittest.dll" id="7b469b70-7a6f-7a92-2723-c93cd3a56c6f">
      <TestCategory>
        <TestCategoryItem TestCategory="GisMapIndex" />
      </TestCategory>
      <Execution id="1abe86a3-ff97-46a9-a391-ec5d6b331adf" />
      <TestMethod codeBase="D:\actions-runner\_work\XPCO\XPCO\SC\Components\RemoteViewer\SmartClient\tst\zSmartClient_UnitTest\bin\x64\Debug\net472\zSmartClient_UnitTest.dll" adapterTypeName="executor://mstestadapter/v2" className="SmartClient_UnitTest.VideoOS.RemoteClient.GisMapData.Common.Indexer.MapItemIndexerTests" name="AddItems_SingleMapItem_OneClusterChange" />
    </UnitTest>
    <UnitTest name="SearchResultDetailsView_MouseDoubleClick_AnimationEnabled_DetailsViewRemovedFromMainGrid" storage="d:\actions-runner\_work\xpco\xpco\sc\components\remoteviewer\smartclient\tst\zsmartclient_unittest\bin\x64\debug\net472\zsmartclient_unittest.dll" id="d4287150-22c1-db59-46c8-b3a46f9472fc">
      <TestCategory>
        <TestCategoryItem TestCategory="SearchViews" />
      </TestCategory>
      <Execution id="8d0b0edc-767d-41c6-8e57-78d5ffe08d35" />
      <TestMethod codeBase="D:\actions-runner\_work\XPCO\XPCO\SC\Components\RemoteViewer\SmartClient\tst\zSmartClient_UnitTest\bin\x64\Debug\net472\zSmartClient_UnitTest.dll" adapterTypeName="executor://mstestadapter/v2" className="SmartClient_UnitTest.VideoOS.RemoteClient.Plugin.CentralizedSearch.Views.SearchResultsViewTests" name="SearchResultDetailsView_MouseDoubleClick_AnimationEnabled_DetailsViewRemovedFromMainGrid" />
    </UnitTest>
    <UnitTest name="AddSelectedWindowsToExport_ShouldShowCorrectToastMessages (0,0,5)" storage="d:\actions-runner\_work\xpco\xpco\sc\components\remoteviewer\smartclient\tst\zsmartclient_unittest\bin\x64\debug\net472\zsmartclient_unittest.dll" id="80485e03-b7b7-4e18-0bc2-2cf35c60e815">
      <TestCategory>
        <TestCategoryItem TestCategory="Managers" />
      </TestCategory>
      <Execution id="6a3ce98a-1c74-4dc2-9780-42f189c53169" />
      <TestMethod codeBase="D:\actions-runner\_work\XPCO\XPCO\SC\Components\RemoteViewer\SmartClient\tst\zSmartClient_UnitTest\bin\x64\Debug\net472\zSmartClient_UnitTest.dll" adapterTypeName="executor://mstestadapter/v2" className="SmartClient_UnitTest.VideoOS.RemoteClient.Application.Managers.ExportManagerTests" name="AddSelectedWindowsToExport_ShouldShowCorrectToastMessages" />
    </UnitTest>
    <UnitTest name="Ctor_OneBuiltInIncompleteGroupDefined_NoCompositeAgentsAdded" storage="d:\actions-runner\_work\xpco\xpco\sc\components\remoteviewer\smartclient\tst\zsmartclient_unittest\bin\x64\debug\net472\zsmartclient_unittest.dll" id="efcae59c-c765-a30f-3362-183bf9168666">
      <TestCategory>
        <TestCategoryItem TestCategory="ScSearchManager" />
      </TestCategory>
      <Execution id="d2d514f8-6c04-4606-bb31-7df93db4e9ef" />
      <TestMethod codeBase="D:\actions-runner\_work\XPCO\XPCO\SC\Components\RemoteViewer\SmartClient\tst\zSmartClient_UnitTest\bin\x64\Debug\net472\zSmartClient_UnitTest.dll" adapterTypeName="executor://mstestadapter/v2" className="SmartClient_UnitTest.VideoOS.RemoteClient.Plugin.CentralizedSearch.MIPPlugin.ScSearchManagerTests" name="Ctor_OneBuiltInIncompleteGroupDefined_NoCompositeAgentsAdded" />
    </UnitTest>
    <UnitTest name="ResultsAvailable_NoResults_Success" storage="d:\actions-runner\_work\xpco\xpco\sc\components\remoteviewer\smartclient\tst\zsmartclient_unittest\bin\x64\debug\net472\zsmartclient_unittest.dll" id="65f38f06-9057-2883-e0bd-60370f8d7d0d">
      <TestCategory>
        <TestCategoryItem TestCategory="SearchResultViewModels" />
      </TestCategory>
      <Execution id="4ebba926-f26f-4956-9344-005d3ad7ec3d" />
      <TestMethod codeBase="D:\actions-runner\_work\XPCO\XPCO\SC\Components\RemoteViewer\SmartClient\tst\zSmartClient_UnitTest\bin\x64\Debug\net472\zSmartClient_UnitTest.dll" adapterTypeName="executor://mstestadapter/v2" className="SmartClient_UnitTest.VideoOS.RemoteClient.Plugin.CentralizedSearch.ViewModels.SearchResultsViewModelTest" name="ResultsAvailable_NoResults_Success" />
    </UnitTest>
    <UnitTest name="SearchAction_BrowseMode_Now" storage="d:\actions-runner\_work\xpco\xpco\sc\components\remoteviewer\smartclient\tst\zsmartclient_unittest\bin\x64\debug\net472\zsmartclient_unittest.dll" id="c3ba5d7c-9bf9-1a13-3c27-8e6b50e0674e">
      <TestCategory>
        <TestCategoryItem TestCategory="ContentHolderToolbar" />
      </TestCategory>
      <Execution id="6e6052ba-29f0-4c4c-8ca2-ec7aa2efd868" />
      <TestMethod codeBase="D:\actions-runner\_work\XPCO\XPCO\SC\Components\RemoteViewer\SmartClient\tst\zSmartClient_UnitTest\bin\x64\Debug\net472\zSmartClient_UnitTest.dll" adapterTypeName="executor://mstestadapter/v2" className="SmartClient_UnitTest.VideoOS.RemoteClient.Application.Data.ContentHolderToolbar.ToolBarItemSearchTests" name="SearchAction_BrowseMode_Now" />
    </UnitTest>
    <UnitTest name="AddToExportDevices_ShouldAddToExportData (1)" storage="d:\actions-runner\_work\xpco\xpco\sc\components\remoteviewer\smartclient\tst\zsmartclient_unittest\bin\x64\debug\net472\zsmartclient_unittest.dll" id="87ce29ae-fa70-7faa-19b8-94e3041ec68c">
      <TestCategory>
        <TestCategoryItem TestCategory="Managers" />
      </TestCategory>
      <Execution id="133274d5-4074-43d8-afea-ee28346f09f1" />
      <TestMethod codeBase="D:\actions-runner\_work\XPCO\XPCO\SC\Components\RemoteViewer\SmartClient\tst\zSmartClient_UnitTest\bin\x64\Debug\net472\zSmartClient_UnitTest.dll" adapterTypeName="executor://mstestadapter/v2" className="SmartClient_UnitTest.VideoOS.RemoteClient.Application.Managers.ExportManagerTests" name="AddToExportDevices_ShouldAddToExportData" />
    </UnitTest>
    <UnitTest name="ScWorkspaceStateChangedEvent_ShouldSetDeviceStateToDeactivated_WhenSwitchingToSetupMode" storage="d:\actions-runner\_work\xpco\xpco\sc\components\remoteviewer\smartclient\tst\zsmartclient_unittest\bin\x64\debug\net472\zsmartclient_unittest.dll" id="91d14b34-4712-1785-f0d4-572e813a795e">
      <TestCategory>
        <TestCategoryItem TestCategory="GisMapData.MapLayers" />
      </TestCategory>
      <Execution id="568e1522-dbbe-4a24-9a9c-f8806c1ac429" />
      <TestMethod codeBase="D:\actions-runner\_work\XPCO\XPCO\SC\Components\RemoteViewer\SmartClient\tst\zSmartClient_UnitTest\bin\x64\Debug\net472\zSmartClient_UnitTest.dll" adapterTypeName="executor://mstestadapter/v2" className="SmartClient_UnitTest.VideoOS.RemoteClient.GisMapData.MapLayers.OutputItemsMapLayerTests" name="ScWorkspaceStateChangedEvent_ShouldSetDeviceStateToDeactivated_WhenSwitchingToSetupMode" />
    </UnitTest>
    <UnitTest name="Toolbar_IsVisible_WhenNotInLiveOrPlayback_ReactsTo_ButtonBecomingVisible" storage="d:\actions-runner\_work\xpco\xpco\sc\components\remoteviewer\smartclient\tst\zsmartclient_unittest\bin\x64\debug\net472\zsmartclient_unittest.dll" id="a50d2941-a3c6-9371-026f-bc022ac6c222">
      <TestCategory>
        <TestCategoryItem TestCategory="WorkspaceToolbar" />
      </TestCategory>
      <Execution id="917d6cad-f682-4a03-91f1-b34d9d8be8bf" />
      <TestMethod codeBase="D:\actions-runner\_work\XPCO\XPCO\SC\Components\RemoteViewer\SmartClient\tst\zSmartClient_UnitTest\bin\x64\Debug\net472\zSmartClient_UnitTest.dll" adapterTypeName="executor://mstestadapter/v2" className="SmartClient_UnitTest.VideoOS.RemoteClient.Application.UI.Content.WorkspaceToolbar.WorkspaceToolbarViewModelTests" name="Toolbar_IsVisible_WhenNotInLiveOrPlayback_ReactsTo_ButtonBecomingVisible" />
    </UnitTest>
    <UnitTest name="PtzSessionController_Start_Test" storage="d:\actions-runner\_work\xpco\xpco\sc\components\remoteviewer\smartclient\tst\zsmartclient_unittest\bin\x64\debug\net472\zsmartclient_unittest.dll" id="2111d8db-c64b-ce9e-32b3-88fa21541431">
      <Execution id="830ab479-bed2-4479-b096-679c48ef61a1" />
      <TestMethod codeBase="D:\actions-runner\_work\XPCO\XPCO\SC\Components\RemoteViewer\SmartClient\tst\zSmartClient_UnitTest\bin\x64\Debug\net472\zSmartClient_UnitTest.dll" adapterTypeName="executor://mstestadapter/v2" className="VideoOS.RemoteClient.Application.Controllers.UnitTest.PtzSessionControllerTest" name="PtzSessionController_Start_Test" />
    </UnitTest>
    <UnitTest name="SearchResultsActionBarActions_CreateEvidenceLock_OptionUnavailable_NotEnabled" storage="d:\actions-runner\_work\xpco\xpco\sc\components\remoteviewer\smartclient\tst\zsmartclient_unittest\bin\x64\debug\net472\zsmartclient_unittest.dll" id="b15c0dd5-d448-b8b2-12b9-2297f983e50d">
      <TestCategory>
        <TestCategoryItem TestCategory="SearchResultActionBarViewModel" />
      </TestCategory>
      <Execution id="40f9097d-d268-428f-81fa-b034038f0f52" />
      <TestMethod codeBase="D:\actions-runner\_work\XPCO\XPCO\SC\Components\RemoteViewer\SmartClient\tst\zSmartClient_UnitTest\bin\x64\Debug\net472\zSmartClient_UnitTest.dll" adapterTypeName="executor://mstestadapter/v2" className="SmartClient_UnitTest.VideoOS.RemoteClient.Plugin.CentralizedSearch.ViewModels.SearchResultsActionBarViewModelTest" name="SearchResultsActionBarActions_CreateEvidenceLock_OptionUnavailable_NotEnabled" />
    </UnitTest>
    <UnitTest name="SelectedDuration_ShouldRevertToPreviousSelection_WhenCustomIntervalSelectionPopupIsClosedWithoutBeingSetOrCancelled" storage="d:\actions-runner\_work\xpco\xpco\sc\components\remoteviewer\smartclient\tst\zsmartclient_unittest\bin\x64\debug\net472\zsmartclient_unittest.dll" id="f4ab981e-0c0f-f2f3-f99e-665599b904ff">
      <TestCategory>
        <TestCategoryItem TestCategory="SearchViewModels" />
      </TestCategory>
      <Execution id="2f78c35b-33b5-4e53-924e-ddf0655a2be5" />
      <TestMethod codeBase="D:\actions-runner\_work\XPCO\XPCO\SC\Components\RemoteViewer\SmartClient\tst\zSmartClient_UnitTest\bin\x64\Debug\net472\zSmartClient_UnitTest.dll" adapterTypeName="executor://mstestadapter/v2" className="SmartClient_UnitTest.VideoOS.RemoteClient.Plugin.CentralizedSearch.ViewModels.SearchViewModelTests" name="SelectedDuration_ShouldRevertToPreviousSelection_WhenCustomIntervalSelectionPopupIsClosedWithoutBeingSetOrCancelled" />
    </UnitTest>
    <UnitTest name="PatrollingProfileListViewModel_Constructor_ArgumentNull" storage="d:\actions-runner\_work\xpco\xpco\sc\components\remoteviewer\smartclient\tst\zsmartclient_unittest\bin\x64\debug\net472\zsmartclient_unittest.dll" id="fe59fd9d-eb33-67df-fe2b-87a233e68931">
      <Execution id="11accb6c-ac06-46ba-a277-35580dc73c34" />
      <TestMethod codeBase="D:\actions-runner\_work\XPCO\XPCO\SC\Components\RemoteViewer\SmartClient\tst\zSmartClient_UnitTest\bin\x64\Debug\net472\zSmartClient_UnitTest.dll" adapterTypeName="executor://mstestadapter/v2" className="SmartClient_UnitTest.VideoOS.RemoteClient.Application.UI.PtzPreset.PatrollingViewModel.PatrollingProfileListViewModelTest" name="PatrollingProfileListViewModel_Constructor_ArgumentNull" />
    </UnitTest>
    <UnitTest name="CloseDeviceSelectorUserControl_ShouldCallDispose_WhenUserControlImplementsIDisposable" storage="d:\actions-runner\_work\xpco\xpco\sc\components\remoteviewer\smartclient\tst\zsmartclient_unittest\bin\x64\debug\net472\zsmartclient_unittest.dll" id="9060f73f-d5fa-875e-8bed-572cba260200">
      <TestCategory>
        <TestCategoryItem TestCategory="GisMap.UI.DeviceSelectors.PanelComponents" />
      </TestCategory>
      <Execution id="558c0c0d-fc35-4bb1-94b1-0330ecaf4741" />
      <TestMethod codeBase="D:\actions-runner\_work\XPCO\XPCO\SC\Components\RemoteViewer\SmartClient\tst\zSmartClient_UnitTest\bin\x64\Debug\net472\zSmartClient_UnitTest.dll" adapterTypeName="executor://mstestadapter/v2" className="SmartClient_UnitTest.VideoOS.RemoteClient.Plugin.GisMap.UI.DeviceSelectors.PanelComponents.DeviceSelectorPanelComponentTests" name="CloseDeviceSelectorUserControl_ShouldCallDispose_WhenUserControlImplementsIDisposable" />
    </UnitTest>
    <UnitTest name="CreateDefinition_NoItems_SearchNotStarted" storage="d:\actions-runner\_work\xpco\xpco\sc\components\remoteviewer\smartclient\tst\zsmartclient_unittest\bin\x64\debug\net472\zsmartclient_unittest.dll" id="3d65563e-5c93-99b0-3def-2e75403bb40e">
      <TestCategory>
        <TestCategoryItem TestCategory="SearchModels" />
      </TestCategory>
      <Execution id="3432edd7-02c6-4341-b29f-51072a98ddf6" />
      <TestMethod codeBase="D:\actions-runner\_work\XPCO\XPCO\SC\Components\RemoteViewer\SmartClient\tst\zSmartClient_UnitTest\bin\x64\Debug\net472\zSmartClient_UnitTest.dll" adapterTypeName="executor://mstestadapter/v2" className="SmartClient_UnitTest.VideoOS.RemoteClient.Plugin.CentralizedSearch.Models.SearchModelTests" name="CreateDefinition_NoItems_SearchNotStarted" />
    </UnitTest>
    <UnitTest name="SignUrl_WhereUrlIsValid_ReturnsUrlWithSignature" storage="d:\actions-runner\_work\xpco\xpco\sc\components\remoteviewer\smartclient\tst\zsmartclient_unittest\bin\x64\debug\net472\zsmartclient_unittest.dll" id="f6b2dd1a-21fb-6c4a-e3a3-9cff7ca08b77">
      <Execution id="83d31f83-d9fb-46ad-a9a2-05f4b9a40279" />
      <TestMethod codeBase="D:\actions-runner\_work\XPCO\XPCO\SC\Components\RemoteViewer\SmartClient\tst\zSmartClient_UnitTest\bin\x64\Debug\net472\zSmartClient_UnitTest.dll" adapterTypeName="executor://mstestadapter/v2" className="SmartClient_UnitTest.VideoOS.RemoteClient.Plugin.GisMap.Utilities.GoogleApiUrlTest" name="SignUrl_WhereUrlIsValid_ReturnsUrlWithSignature" />
    </UnitTest>
    <UnitTest name="PtzSessionInfoDto_ShouldYieldSameValues_WhenRoundTripConverted" storage="d:\actions-runner\_work\xpco\xpco\sc\components\remoteviewer\smartclient\tst\zsmartclient_unittest\bin\x64\debug\net472\zsmartclient_unittest.dll" id="fdf9438a-27a4-c417-e139-bbc64b5e5709">
      <TestCategory>
        <TestCategoryItem TestCategory="RecorderProxyToDtoMapping" />
      </TestCategory>
      <Execution id="e9fe72b9-7b87-45b2-926c-215c481541e2" />
      <TestMethod codeBase="D:\actions-runner\_work\XPCO\XPCO\SC\Components\RemoteViewer\SmartClient\tst\zSmartClient_UnitTest\bin\x64\Debug\net472\zSmartClient_UnitTest.dll" adapterTypeName="executor://mstestadapter/v2" className="VideoOS.Shared.ServerAPI.SOAP.RecorderClientMappingTests" name="PtzSessionInfoDto_ShouldYieldSameValues_WhenRoundTripConverted" />
    </UnitTest>
    <UnitTest name="PatrollingStepListViewModel_AddStepCommand" storage="d:\actions-runner\_work\xpco\xpco\sc\components\remoteviewer\smartclient\tst\zsmartclient_unittest\bin\x64\debug\net472\zsmartclient_unittest.dll" id="7b500be0-a5d4-b64a-b894-c5511ab58617">
      <Execution id="72d445e2-ea97-4b09-b60f-5afee8e133f3" />
      <TestMethod codeBase="D:\actions-runner\_work\XPCO\XPCO\SC\Components\RemoteViewer\SmartClient\tst\zSmartClient_UnitTest\bin\x64\Debug\net472\zSmartClient_UnitTest.dll" adapterTypeName="executor://mstestadapter/v2" className="SmartClient_UnitTest.VideoOS.RemoteClient.Application.UI.PtzPreset.PatrollingViewModel.PatrollingStepListViewModelTest" name="PatrollingStepListViewModel_AddStepCommand" />
    </UnitTest>
    <UnitTest name="Both enabled, forced" storage="d:\actions-runner\_work\xpco\xpco\sc\components\remoteviewer\smartclient\tst\zsmartclient_unittest\bin\x64\debug\net472\zsmartclient_unittest.dll" id="c1eeed7f-e4ec-7e8c-7de0-e6cd997c3f16">
      <TestCategory>
        <TestCategoryItem TestCategory="Export" />
      </TestCategory>
      <Execution id="65506089-5df4-41b7-a5f1-5dc827565afe" />
      <TestMethod codeBase="D:\actions-runner\_work\XPCO\XPCO\SC\Components\RemoteViewer\SmartClient\tst\zSmartClient_UnitTest\bin\x64\Debug\net472\zSmartClient_UnitTest.dll" adapterTypeName="executor://mstestadapter/v2" className="SmartClient_UnitTest.VideoOS.RemoteClient.Plugin.Export.CreateExportDialogViewModelTests" name="CreateExportDialog_ExportDestinationPreSelected_BasedOnOptions" />
    </UnitTest>
    <UnitTest name="TestAttachedView_WithKeepInMemory_Success" storage="d:\actions-runner\_work\xpco\xpco\sc\components\remoteviewer\smartclient\tst\zsmartclient_unittest\bin\x64\debug\net472\zsmartclient_unittest.dll" id="2ce1ff21-6093-7b3b-54d2-6773bfebe33a">
      <Execution id="c0424f19-34e8-411b-89a0-b946fe63ba66" />
      <TestMethod codeBase="D:\actions-runner\_work\XPCO\XPCO\SC\Components\RemoteViewer\SmartClient\tst\zSmartClient_UnitTest\bin\x64\Debug\net472\zSmartClient_UnitTest.dll" adapterTypeName="executor://mstestadapter/v2" className="SmartClient_UnitTest.VideoOS.RemoteClient.Application.Controllers.WorkSpace.WorkSpaceItemTest" name="TestAttachedView_WithKeepInMemory_Success" />
    </UnitTest>
    <UnitTest name="AlwaysPutViewGroupsBeforeGroupsAndViews" storage="d:\actions-runner\_work\xpco\xpco\sc\components\remoteviewer\smartclient\tst\zsmartclient_unittest\bin\x64\debug\net472\zsmartclient_unittest.dll" id="fab1182a-1ea1-5a85-a52f-fa7890fd3d44">
      <Execution id="cb691bef-07da-449b-814f-d3210a96cb34" />
      <TestMethod codeBase="D:\actions-runner\_work\XPCO\XPCO\SC\Components\RemoteViewer\SmartClient\tst\zSmartClient_UnitTest\bin\x64\Debug\net472\zSmartClient_UnitTest.dll" adapterTypeName="executor://mstestadapter/v2" className="SmartClient_UnitTest.VideoOS.RemoteClient.Application.UI.Common.ViewTree.SortingTests" name="AlwaysPutViewGroupsBeforeGroupsAndViews" />
    </UnitTest>
    <UnitTest name="GisMap_Create_MembersInitializedOK" storage="d:\actions-runner\_work\xpco\xpco\sc\components\remoteviewer\smartclient\tst\zsmartclient_unittest\bin\x64\debug\net472\zsmartclient_unittest.dll" id="923f1aa7-880c-4c72-8f5e-a07409280a9b">
      <TestCategory>
        <TestCategoryItem TestCategory="GisMap" />
      </TestCategory>
      <Execution id="a885b48e-bb70-43f9-9271-dbb87f44ccb0" />
      <TestMethod codeBase="D:\actions-runner\_work\XPCO\XPCO\SC\Components\RemoteViewer\SmartClient\tst\zSmartClient_UnitTest\bin\x64\Debug\net472\zSmartClient_UnitTest.dll" adapterTypeName="executor://mstestadapter/v2" className="SmartClient_UnitTest.VideoOS.RemoteClient.GisMapData.GisMapBasicTests" name="GisMap_Create_MembersInitializedOK" />
    </UnitTest>
    <UnitTest name="HandleGetDeviceData_ShouldReturnNotFoundDeviceData_WhenCameraKindAndNonExistingCameraId" storage="d:\actions-runner\_work\xpco\xpco\sc\components\remoteviewer\smartclient\tst\zsmartclient_unittest\bin\x64\debug\net472\zsmartclient_unittest.dll" id="945b4c83-9f91-b5d9-8e70-c736523c2f6f">
      <TestCategory>
        <TestCategoryItem TestCategory="GisMap.Handlers.Devices.MapItems" />
      </TestCategory>
      <Execution id="340bb64d-3470-4cb3-a2ec-c0f4804eb5d8" />
      <TestMethod codeBase="D:\actions-runner\_work\XPCO\XPCO\SC\Components\RemoteViewer\SmartClient\tst\zSmartClient_UnitTest\bin\x64\Debug\net472\zSmartClient_UnitTest.dll" adapterTypeName="executor://mstestadapter/v2" className="SmartClient_UnitTest.VideoOS.RemoteClient.Plugin.GisMap.Handlers.Devices.MapItems.CameraDataHandlerTests" name="HandleGetDeviceData_ShouldReturnNotFoundDeviceData_WhenCameraKindAndNonExistingCameraId" />
    </UnitTest>
    <UnitTest name="SearchResultContainerView_OnItemActivated_SearchResultNotSelected" storage="d:\actions-runner\_work\xpco\xpco\sc\components\remoteviewer\smartclient\tst\zsmartclient_unittest\bin\x64\debug\net472\zsmartclient_unittest.dll" id="a54693d6-edca-b2f0-c9d1-6e253deb3c9c">
      <TestCategory>
        <TestCategoryItem TestCategory="SearchViews" />
      </TestCategory>
      <Execution id="b4fd3134-68c0-4b5d-9e4b-61754a4aca1f" />
      <TestMethod codeBase="D:\actions-runner\_work\XPCO\XPCO\SC\Components\RemoteViewer\SmartClient\tst\zSmartClient_UnitTest\bin\x64\Debug\net472\zSmartClient_UnitTest.dll" adapterTypeName="executor://mstestadapter/v2" className="SmartClient_UnitTest.VideoOS.RemoteClient.Plugin.CentralizedSearch.Views.SearchResultsViewTests" name="SearchResultContainerView_OnItemActivated_SearchResultNotSelected" />
    </UnitTest>
    <UnitTest name="AudioControllerOnDevicesLockEvent_ShouldDisableMicrophones_WhenLockingAudioDevicesAndApplicationIsInLiveMode" storage="d:\actions-runner\_work\xpco\xpco\sc\components\remoteviewer\smartclient\tst\zsmartclient_unittest\bin\x64\debug\net472\zsmartclient_unittest.dll" id="47ac3dda-7749-2f44-950d-c0fd39257f55">
      <TestCategory>
        <TestCategoryItem TestCategory="GisMapData.MapLayers" />
      </TestCategory>
      <Execution id="4ed624b1-e472-43ec-b43b-a6d89fdd3e82" />
      <TestMethod codeBase="D:\actions-runner\_work\XPCO\XPCO\SC\Components\RemoteViewer\SmartClient\tst\zSmartClient_UnitTest\bin\x64\Debug\net472\zSmartClient_UnitTest.dll" adapterTypeName="executor://mstestadapter/v2" className="SmartClient_UnitTest.VideoOS.RemoteClient.GisMapData.MapLayers.MicrophoneItemsMapLayerTests" name="AudioControllerOnDevicesLockEvent_ShouldDisableMicrophones_WhenLockingAudioDevicesAndApplicationIsInLiveMode" />
    </UnitTest>
    <UnitTest name="UpdateAttributeValue_ValidAttributeAndCriteria_DisplayValueUpdated" storage="d:\actions-runner\_work\xpco\xpco\sc\components\remoteviewer\smartclient\tst\zsmartclient_unittest\bin\x64\debug\net472\zsmartclient_unittest.dll" id="80cc67c7-792e-07c8-c20a-98cfccf11348">
      <TestCategory>
        <TestCategoryItem TestCategory="Search" />
      </TestCategory>
      <Execution id="558b1673-ba45-4d2e-b2c5-f442a8217555" />
      <TestMethod codeBase="D:\actions-runner\_work\XPCO\XPCO\SC\Components\RemoteViewer\SmartClient\tst\zSmartClient_UnitTest\bin\x64\Debug\net472\zSmartClient_UnitTest.dll" adapterTypeName="executor://mstestadapter/v2" className="SmartClient_UnitTest.VideoOS.RemoteClient.Plugin.CentralizedSearch.ViewModels.SearchAttributeViewModelTests" name="UpdateAttributeValue_ValidAttributeAndCriteria_DisplayValueUpdated" />
    </UnitTest>
    <UnitTest name="UpdateScope_ScopeDurationChange_ReturnsTrue" storage="d:\actions-runner\_work\xpco\xpco\sc\components\remoteviewer\smartclient\tst\zsmartclient_unittest\bin\x64\debug\net472\zsmartclient_unittest.dll" id="27f45b32-e46d-1c8f-ae71-a8a2f0519cb3">
      <TestCategory>
        <TestCategoryItem TestCategory="SearchModels" />
      </TestCategory>
      <Execution id="09917135-7011-4ed8-a6cb-9095097508e5" />
      <TestMethod codeBase="D:\actions-runner\_work\XPCO\XPCO\SC\Components\RemoteViewer\SmartClient\tst\zSmartClient_UnitTest\bin\x64\Debug\net472\zSmartClient_UnitTest.dll" adapterTypeName="executor://mstestadapter/v2" className="SmartClient_UnitTest.VideoOS.RemoteClient.Plugin.CentralizedSearch.Models.SearchScopeTests" name="UpdateScope_ScopeDurationChange_ReturnsTrue" />
    </UnitTest>
    <UnitTest name="ValidateExportFormats_SmartClientPlayerFormat_ShouldReturnFailResult_ViewItemCommentRequired" storage="d:\actions-runner\_work\xpco\xpco\sc\components\remoteviewer\smartclient\tst\zsmartclient_unittest\bin\x64\debug\net472\zsmartclient_unittest.dll" id="e18e3570-53c3-3508-0442-177c4a2f785b">
      <TestCategory>
        <TestCategoryItem TestCategory="Export" />
      </TestCategory>
      <Execution id="0f45bffd-7f6e-46e0-bc16-7aeb9f831348" />
      <TestMethod codeBase="D:\actions-runner\_work\XPCO\XPCO\SC\Components\RemoteViewer\SmartClient\tst\zSmartClient_UnitTest\bin\x64\Debug\net472\zSmartClient_UnitTest.dll" adapterTypeName="executor://mstestadapter/v2" className="SmartClient_UnitTest.VideoOS.RemoteClient.Plugin.Export.ExportDataValidatorTests" name="ValidateExportFormats_SmartClientPlayerFormat_ShouldReturnFailResult_ViewItemCommentRequired" />
    </UnitTest>
    <UnitTest name="Model_UpdateBuildingMapItems_Success" storage="d:\actions-runner\_work\xpco\xpco\sc\components\remoteviewer\smartclient\tst\zsmartclient_unittest\bin\x64\debug\net472\zsmartclient_unittest.dll" id="2f768a08-79d1-a2fa-f632-631b61e890cb">
      <TestCategory>
        <TestCategoryItem TestCategory="GisMap" />
      </TestCategory>
      <Execution id="c96dd6ef-1c27-4697-8175-9a5433b88e1d" />
      <TestMethod codeBase="D:\actions-runner\_work\XPCO\XPCO\SC\Components\RemoteViewer\SmartClient\tst\zSmartClient_UnitTest\bin\x64\Debug\net472\zSmartClient_UnitTest.dll" adapterTypeName="executor://mstestadapter/v2" className="SmartClient_UnitTest.VideoOS.RemoteClient.GisMapData.GisMapBasicTests" name="Model_UpdateBuildingMapItems_Success" />
    </UnitTest>
    <UnitTest name="ErrorInModel_Updates_LastError" storage="d:\actions-runner\_work\xpco\xpco\sc\components\remoteviewer\smartclient\tst\zsmartclient_unittest\bin\x64\debug\net472\zsmartclient_unittest.dll" id="b6d0f186-52a1-85f5-8e22-24d46ac1ac11">
      <TestCategory>
        <TestCategoryItem TestCategory="GisMap" />
      </TestCategory>
      <Execution id="8295ef05-4d3b-4e85-a7f9-ff04cd3588ed" />
      <TestMethod codeBase="D:\actions-runner\_work\XPCO\XPCO\SC\Components\RemoteViewer\SmartClient\tst\zSmartClient_UnitTest\bin\x64\Debug\net472\zSmartClient_UnitTest.dll" adapterTypeName="executor://mstestadapter/v2" className="SmartClient_UnitTest.VideoOS.RemoteClient.GisMapData.GisMapBasicTests" name="ErrorInModel_Updates_LastError" />
    </UnitTest>
    <UnitTest name="ShowPermissionDeniedStatusBarError_ShouldSendAMessage (1,1)" storage="d:\actions-runner\_work\xpco\xpco\sc\components\remoteviewer\smartclient\tst\zsmartclient_unittest\bin\x64\debug\net472\zsmartclient_unittest.dll" id="f8d72901-3af0-f1c6-f40b-6d20a887c21a">
      <TestCategory>
        <TestCategoryItem TestCategory="Managers" />
      </TestCategory>
      <Execution id="f58a01d1-0b03-455c-a400-7ba342fb49df" />
      <TestMethod codeBase="D:\actions-runner\_work\XPCO\XPCO\SC\Components\RemoteViewer\SmartClient\tst\zSmartClient_UnitTest\bin\x64\Debug\net472\zSmartClient_UnitTest.dll" adapterTypeName="executor://mstestadapter/v2" className="SmartClient_UnitTest.VideoOS.RemoteClient.Application.Managers.ExportResultsNotificationHelperTests" name="ShowPermissionDeniedStatusBarError_ShouldSendAMessage" />
    </UnitTest>
    <UnitTest name="GetPartialDiffBetweenDictionaries_ShouldReturnCorrectValues (System.Collections.Generic.Dictionary`2[System.String,System.String],System.Collections.Generic.Dictionary`2[System.String,System.String],System.Collections.Generic.Dictionary`2[System.String,System.String])" storage="d:\actions-runner\_work\xpco\xpco\sc\components\remoteviewer\smartclient\tst\zsmartclient_unittest\bin\x64\debug\net472\zsmartclient_unittest.dll" id="84b8f2a7-62b5-8ef3-473a-8f8892e8765c">
      <Execution id="9300e9f6-12e5-4c9b-b4b3-4c855d10b11d" />
      <TestMethod codeBase="D:\actions-runner\_work\XPCO\XPCO\SC\Components\RemoteViewer\SmartClient\tst\zSmartClient_UnitTest\bin\x64\Debug\net472\zSmartClient_UnitTest.dll" adapterTypeName="executor://mstestadapter/v2" className="SmartClient_UnitTest.VideoOS.RemoteClient.Application.Common.Telemetry.TelemetryBuilderTests" name="GetPartialDiffBetweenDictionaries_ShouldReturnCorrectValues" />
    </UnitTest>
    <UnitTest name="PatrollingStepListViewModel_ConvertToIPatrollingSteps" storage="d:\actions-runner\_work\xpco\xpco\sc\components\remoteviewer\smartclient\tst\zsmartclient_unittest\bin\x64\debug\net472\zsmartclient_unittest.dll" id="e36d83f9-6b5d-9305-3ea9-821cb3744fa4">
      <Execution id="35ff8af0-6322-42b9-a69e-81e514af2261" />
      <TestMethod codeBase="D:\actions-runner\_work\XPCO\XPCO\SC\Components\RemoteViewer\SmartClient\tst\zSmartClient_UnitTest\bin\x64\Debug\net472\zSmartClient_UnitTest.dll" adapterTypeName="executor://mstestadapter/v2" className="SmartClient_UnitTest.VideoOS.RemoteClient.Application.UI.PtzPreset.PatrollingViewModel.PatrollingStepListViewModelTest" name="PatrollingStepListViewModel_ConvertToIPatrollingSteps" />
    </UnitTest>
    <UnitTest name="Ctor_Success" storage="d:\actions-runner\_work\xpco\xpco\sc\components\remoteviewer\smartclient\tst\zsmartclient_unittest\bin\x64\debug\net472\zsmartclient_unittest.dll" id="6754b662-82b1-e1e8-5fb7-5034b721677b">
      <TestCategory>
        <TestCategoryItem TestCategory="Search" />
      </TestCategory>
      <Execution id="4ea2fa2e-857a-46ac-adc8-803abdf63b92" />
      <TestMethod codeBase="D:\actions-runner\_work\XPCO\XPCO\SC\Components\RemoteViewer\SmartClient\tst\zSmartClient_UnitTest\bin\x64\Debug\net472\zSmartClient_UnitTest.dll" adapterTypeName="executor://mstestadapter/v2" className="SmartClient_UnitTest.VideoOS.RemoteClient.Plugin.CentralizedSearch.ViewModels.Data.SnapshotHandlerTests" name="Ctor_Success" />
    </UnitTest>
    <UnitTest name="Show_ShouldRaiseInvalidOperationException_WhenIsClosed" storage="d:\actions-runner\_work\xpco\xpco\sc\components\remoteviewer\smartclient\tst\zsmartclient_unittest\bin\x64\debug\net472\zsmartclient_unittest.dll" id="c729309e-9f99-768d-510f-3057a1bf771b">
      <TestCategory>
        <TestCategoryItem TestCategory="GisMap.DeviceSelectorWindow" />
      </TestCategory>
      <Execution id="1834164f-3a8e-4f92-b317-a898bc9f00f3" />
      <TestMethod codeBase="D:\actions-runner\_work\XPCO\XPCO\SC\Components\RemoteViewer\SmartClient\tst\zSmartClient_UnitTest\bin\x64\Debug\net472\zSmartClient_UnitTest.dll" adapterTypeName="executor://mstestadapter/v2" className="SmartClient_UnitTest.VideoOS.RemoteClient.Plugin.GisMap.Windows.GisMapSetup.DeviceSelectors.DeviceSelectorWindowTests" name="Show_ShouldRaiseInvalidOperationException_WhenIsClosed" />
    </UnitTest>
    <UnitTest name="Password_ShouldThrow_InvalidOperationException_WhenConstructedUsingExternal" storage="d:\actions-runner\_work\xpco\xpco\sc\components\remoteviewer\smartclient\tst\zsmartclient_unittest\bin\x64\debug\net472\zsmartclient_unittest.dll" id="1ae4eff8-6b2f-6b05-41a0-15eb97967c7f">
      <TestCategory>
        <TestCategoryItem TestCategory="Authentication.ClientCredentials" />
      </TestCategory>
      <Execution id="d21055f4-9a78-4f7d-bac5-0ca88602a926" />
      <TestMethod codeBase="D:\actions-runner\_work\XPCO\XPCO\SC\Components\RemoteViewer\SmartClient\tst\zSmartClient_UnitTest\bin\x64\Debug\net472\zSmartClient_UnitTest.dll" adapterTypeName="executor://mstestadapter/v2" className="SmartClient_UnitTest.VideoOS.Shared.ServerAPI.ClientCredentialsTest" name="Password_ShouldThrow_InvalidOperationException_WhenConstructedUsingExternal" />
    </UnitTest>
    <UnitTest name="SaveStateTo_OrderResultsBy_Success" storage="d:\actions-runner\_work\xpco\xpco\sc\components\remoteviewer\smartclient\tst\zsmartclient_unittest\bin\x64\debug\net472\zsmartclient_unittest.dll" id="6a53a4fc-af98-30a6-3b55-6aeeac9be0be">
      <TestCategory>
        <TestCategoryItem TestCategory="SearchResultViewModels" />
      </TestCategory>
      <Execution id="179c1720-0d16-4d95-afc2-0185f9cad8c9" />
      <TestMethod codeBase="D:\actions-runner\_work\XPCO\XPCO\SC\Components\RemoteViewer\SmartClient\tst\zSmartClient_UnitTest\bin\x64\Debug\net472\zSmartClient_UnitTest.dll" adapterTypeName="executor://mstestadapter/v2" className="SmartClient_UnitTest.VideoOS.RemoteClient.Plugin.CentralizedSearch.ViewModels.SearchResultsViewModelTest" name="SaveStateTo_OrderResultsBy_Success" />
    </UnitTest>
    <UnitTest name="ToDenormalizedDirection_Minus0_75" storage="d:\actions-runner\_work\xpco\xpco\sc\components\remoteviewer\smartclient\tst\zsmartclient_unittest\bin\x64\debug\net472\zsmartclient_unittest.dll" id="7b659e8c-3001-c494-d28a-2939a6d49456">
      <TestCategory>
        <TestCategoryItem TestCategory="GisMap" />
      </TestCategory>
      <Execution id="eb57a175-9d7c-4f15-9872-87caddb68e38" />
      <TestMethod codeBase="D:\actions-runner\_work\XPCO\XPCO\SC\Components\RemoteViewer\SmartClient\tst\zSmartClient_UnitTest\bin\x64\Debug\net472\zSmartClient_UnitTest.dll" adapterTypeName="executor://mstestadapter/v2" className="SmartClient_UnitTest.VideoOS.RemoteClient.GisMap.Utilities.GisUtilityTests" name="ToDenormalizedDirection_Minus0_75" />
    </UnitTest>
    <UnitTest name="AttributeValueGet_NotNullValue_Success" storage="d:\actions-runner\_work\xpco\xpco\sc\components\remoteviewer\smartclient\tst\zsmartclient_unittest\bin\x64\debug\net472\zsmartclient_unittest.dll" id="98e4ae88-2a6f-4ea6-fc3c-66faedd2526c">
      <TestCategory>
        <TestCategoryItem TestCategory="Search" />
      </TestCategory>
      <Execution id="b1036bba-55d2-4abe-81b6-9c9837819775" />
      <TestMethod codeBase="D:\actions-runner\_work\XPCO\XPCO\SC\Components\RemoteViewer\SmartClient\tst\zSmartClient_UnitTest\bin\x64\Debug\net472\zSmartClient_UnitTest.dll" adapterTypeName="executor://mstestadapter/v2" className="SmartClient_UnitTest.VideoOS.RemoteClient.Plugin.CentralizedSearch.MIPPlugin.Criteria.TextBoxAttributeEditControlTest" name="AttributeValueGet_NotNullValue_Success" />
    </UnitTest>
    <UnitTest name="GisMapLayerSource_CreateFrom_Success" storage="d:\actions-runner\_work\xpco\xpco\sc\components\remoteviewer\smartclient\tst\zsmartclient_unittest\bin\x64\debug\net472\zsmartclient_unittest.dll" id="d64e21f7-4ea3-a5fe-a361-c369ca14a84e">
      <TestCategory>
        <TestCategoryItem TestCategory="GisMap" />
      </TestCategory>
      <Execution id="e6e1e61f-a133-4f50-a63f-28061e729148" />
      <TestMethod codeBase="D:\actions-runner\_work\XPCO\XPCO\SC\Components\RemoteViewer\SmartClient\tst\zSmartClient_UnitTest\bin\x64\Debug\net472\zSmartClient_UnitTest.dll" adapterTypeName="executor://mstestadapter/v2" className="SmartClient_UnitTest.VideoOS.RemoteClient.GisMapData.GisMapBasicTests" name="GisMapLayerSource_CreateFrom_Success" />
    </UnitTest>
    <UnitTest name="SequenceTypeDto_ShouldYieldSameValues_WhenRoundTripConverted" storage="d:\actions-runner\_work\xpco\xpco\sc\components\remoteviewer\smartclient\tst\zsmartclient_unittest\bin\x64\debug\net472\zsmartclient_unittest.dll" id="2696c9e3-385a-1f49-5d53-6a80871ac3fe">
      <TestCategory>
        <TestCategoryItem TestCategory="RecorderProxyToDtoMapping" />
      </TestCategory>
      <Execution id="7782e941-b8e4-446f-b6dc-22038285eed1" />
      <TestMethod codeBase="D:\actions-runner\_work\XPCO\XPCO\SC\Components\RemoteViewer\SmartClient\tst\zSmartClient_UnitTest\bin\x64\Debug\net472\zSmartClient_UnitTest.dll" adapterTypeName="executor://mstestadapter/v2" className="VideoOS.Shared.ServerAPI.SOAP.RecorderClientMappingTests" name="SequenceTypeDto_ShouldYieldSameValues_WhenRoundTripConverted" />
    </UnitTest>
    <UnitTest name="DeleteMapItems_ShouldReturnFalse_WhenUserDeclinesDeletionOfSingleItem" storage="d:\actions-runner\_work\xpco\xpco\sc\components\remoteviewer\smartclient\tst\zsmartclient_unittest\bin\x64\debug\net472\zsmartclient_unittest.dll" id="dd8ceee9-e0da-460a-3a9b-41ccef9e8e3e">
      <TestCategory>
        <TestCategoryItem TestCategory="GisMapModelController" />
      </TestCategory>
      <Execution id="04ecd0b9-6b5c-4297-aaf5-a8f380288f87" />
      <TestMethod codeBase="D:\actions-runner\_work\XPCO\XPCO\SC\Components\RemoteViewer\SmartClient\tst\zSmartClient_UnitTest\bin\x64\Debug\net472\zSmartClient_UnitTest.dll" adapterTypeName="executor://mstestadapter/v2" className="SmartClient_UnitTest.VideoOS.RemoteClient.GisMapData.GisMapModelControllerTests" name="DeleteMapItems_ShouldReturnFalse_WhenUserDeclinesDeletionOfSingleItem" />
    </UnitTest>
    <UnitTest name="GetDeviceData_ShouldReturnNotFoundDeviceData_WhenNotSupportedKind" storage="d:\actions-runner\_work\xpco\xpco\sc\components\remoteviewer\smartclient\tst\zsmartclient_unittest\bin\x64\debug\net472\zsmartclient_unittest.dll" id="bcf3e398-10f5-c5db-c0c4-dde95790e302">
      <TestCategory>
        <TestCategoryItem TestCategory="GisMap.Controllers.Devices.MapItems" />
      </TestCategory>
      <Execution id="c9c38ff2-bac2-4df3-a131-2ecb086b1630" />
      <TestMethod codeBase="D:\actions-runner\_work\XPCO\XPCO\SC\Components\RemoteViewer\SmartClient\tst\zSmartClient_UnitTest\bin\x64\Debug\net472\zSmartClient_UnitTest.dll" adapterTypeName="executor://mstestadapter/v2" className="SmartClient_UnitTest.VideoOS.RemoteClient.Plugin.GisMap.Controllers.Devices.MapItems.DeviceDataControllerTests" name="GetDeviceData_ShouldReturnNotFoundDeviceData_WhenNotSupportedKind" />
    </UnitTest>
    <UnitTest name="Compare_NullVsNotNullDescending_LessThan" storage="d:\actions-runner\_work\xpco\xpco\sc\components\remoteviewer\smartclient\tst\zsmartclient_unittest\bin\x64\debug\net472\zsmartclient_unittest.dll" id="a112e5f5-c328-3fe0-6f6d-307e1fa97026">
      <TestCategory>
        <TestCategoryItem TestCategory="SearchComparers" />
      </TestCategory>
      <Execution id="50aea967-2fc3-4879-ba39-53c3e29c3bfb" />
      <TestMethod codeBase="D:\actions-runner\_work\XPCO\XPCO\SC\Components\RemoteViewer\SmartClient\tst\zSmartClient_UnitTest\bin\x64\Debug\net472\zSmartClient_UnitTest.dll" adapterTypeName="executor://mstestadapter/v2" className="SmartClient_UnitTest.VideoOS.RemoteClient.Plugin.CentralizedSearch.Models.Wrappers.Comparers.BeginTimeWithPaddingComparerTests" name="Compare_NullVsNotNullDescending_LessThan" />
    </UnitTest>
    <UnitTest name="NavigateAndSelectAsync_ReCenterCommandUsesOriginalValues" storage="d:\actions-runner\_work\xpco\xpco\sc\components\remoteviewer\smartclient\tst\zsmartclient_unittest\bin\x64\debug\net472\zsmartclient_unittest.dll" id="4af45186-897f-200d-9f00-a1608aaab093">
      <TestCategory>
        <TestCategoryItem TestCategory="GisMap.GisMapViewModel" />
      </TestCategory>
      <Execution id="976373aa-50da-4504-98bd-73af7a378515" />
      <TestMethod codeBase="D:\actions-runner\_work\XPCO\XPCO\SC\Components\RemoteViewer\SmartClient\tst\zSmartClient_UnitTest\bin\x64\Debug\net472\zSmartClient_UnitTest.dll" adapterTypeName="executor://mstestadapter/v2" className="SmartClient_UnitTest.VideoOS.RemoteClient.Plugin.GisMap.ViewModels.GisMapViewModelTests" name="NavigateAndSelectAsync_ReCenterCommandUsesOriginalValues" />
    </UnitTest>
    <UnitTest name="UserHasCreatePublicSearchPermission_HasCreatePermission_ReturnsTrue" storage="d:\actions-runner\_work\xpco\xpco\sc\components\remoteviewer\smartclient\tst\zsmartclient_unittest\bin\x64\debug\net472\zsmartclient_unittest.dll" id="6bca5693-82fe-719f-17b6-6224c9668233">
      <TestCategory>
        <TestCategoryItem TestCategory="SearchTemplates" />
      </TestCategory>
      <Execution id="30ff04d7-b4db-403a-8d68-ce0408a7b5d7" />
      <TestMethod codeBase="D:\actions-runner\_work\XPCO\XPCO\SC\Components\RemoteViewer\SmartClient\tst\zSmartClient_UnitTest\bin\x64\Debug\net472\zSmartClient_UnitTest.dll" adapterTypeName="executor://mstestadapter/v2" className="SmartClient_UnitTest.VideoOS.RemoteClient.Plugin.CentralizedSearch.SearchTemplates.SearchTemplateManagerTests" name="UserHasCreatePublicSearchPermission_HasCreatePermission_ReturnsTrue" />
    </UnitTest>
    <UnitTest name="Ctor_OneBuiltInGroupDefined_OneCompositeAgentAdded" storage="d:\actions-runner\_work\xpco\xpco\sc\components\remoteviewer\smartclient\tst\zsmartclient_unittest\bin\x64\debug\net472\zsmartclient_unittest.dll" id="5358a71c-808a-a4c2-6851-01de58a4759c">
      <TestCategory>
        <TestCategoryItem TestCategory="ScSearchManager" />
      </TestCategory>
      <Execution id="a841df25-b041-4538-8865-decb1fb1a30a" />
      <TestMethod codeBase="D:\actions-runner\_work\XPCO\XPCO\SC\Components\RemoteViewer\SmartClient\tst\zSmartClient_UnitTest\bin\x64\Debug\net472\zSmartClient_UnitTest.dll" adapterTypeName="executor://mstestadapter/v2" className="SmartClient_UnitTest.VideoOS.RemoteClient.Plugin.CentralizedSearch.MIPPlugin.ScSearchManagerTests" name="Ctor_OneBuiltInGroupDefined_OneCompositeAgentAdded" />
    </UnitTest>
    <UnitTest name="DoubleClickOnPreviewPlayer_ShouldOpenDetailsViewWithoutAnimation_WhenFocusedItemIsNotNullAndAnimationsAreDisabled" storage="d:\actions-runner\_work\xpco\xpco\sc\components\remoteviewer\smartclient\tst\zsmartclient_unittest\bin\x64\debug\net472\zsmartclient_unittest.dll" id="c0728f95-ecc1-be8f-b46d-a960462fa608">
      <TestCategory>
        <TestCategoryItem TestCategory="SearchViews" />
      </TestCategory>
      <Execution id="d3b45735-e62c-4651-a2f6-5b95808a124b" />
      <TestMethod codeBase="D:\actions-runner\_work\XPCO\XPCO\SC\Components\RemoteViewer\SmartClient\tst\zSmartClient_UnitTest\bin\x64\Debug\net472\zSmartClient_UnitTest.dll" adapterTypeName="executor://mstestadapter/v2" className="SmartClient_UnitTest.VideoOS.RemoteClient.Plugin.CentralizedSearch.Views.SearchResultsViewTests" name="DoubleClickOnPreviewPlayer_ShouldOpenDetailsViewWithoutAnimation_WhenFocusedItemIsNotNullAndAnimationsAreDisabled" />
    </UnitTest>
    <UnitTest name="UpdateRecorderInfoTest" storage="d:\actions-runner\_work\xpco\xpco\sc\components\remoteviewer\smartclient\tst\zsmartclient_unittest\bin\x64\debug\net472\zsmartclient_unittest.dll" id="6e09ad1b-dc7a-2da6-6085-ead018e4d60b">
      <Execution id="ea75ad24-1358-4c86-9249-ea9639e1a8fe" />
      <TestMethod codeBase="D:\actions-runner\_work\XPCO\XPCO\SC\Components\RemoteViewer\SmartClient\tst\zSmartClient_UnitTest\bin\x64\Debug\net472\zSmartClient_UnitTest.dll" adapterTypeName="executor://mstestadapter/v2" className="SmartClient_UnitTest.VideoOS.Shared.ServerAPI.IServerConfigurationTest" name="UpdateRecorderInfoTest" />
    </UnitTest>
    <UnitTest name="ActiveInteractionStateBinding_ShouldOnlyContainNormalAndNewDevice_WhenCtorIsCalled" storage="d:\actions-runner\_work\xpco\xpco\sc\components\remoteviewer\smartclient\tst\zsmartclient_unittest\bin\x64\debug\net472\zsmartclient_unittest.dll" id="3ff6b5d8-f141-7a2b-08b3-b0a5923ed411">
      <TestCategory>
        <TestCategoryItem TestCategory="GisMap.InputMarkerTest" />
      </TestCategory>
      <Execution id="769ffad5-6825-43b0-99fd-2cc92cf287ff" />
      <TestMethod codeBase="D:\actions-runner\_work\XPCO\XPCO\SC\Components\RemoteViewer\SmartClient\tst\zSmartClient_UnitTest\bin\x64\Debug\net472\zSmartClient_UnitTest.dll" adapterTypeName="executor://mstestadapter/v2" className="SmartClient_UnitTest.VideoOS.RemoteClient.Plugin.GisMap.ThinkGeoMap.Markers.DeviceMarkers.InputMarker.InputMarkerTests" name="ActiveInteractionStateBinding_ShouldOnlyContainNormalAndNewDevice_WhenCtorIsCalled" />
    </UnitTest>
    <UnitTest name="Ctor_NullItems_ThrowsException" storage="d:\actions-runner\_work\xpco\xpco\sc\components\remoteviewer\smartclient\tst\zsmartclient_unittest\bin\x64\debug\net472\zsmartclient_unittest.dll" id="27f390ff-a294-3ac4-6f34-9d39f621e68b">
      <Execution id="ede21bca-357c-4beb-b48c-d344b5d09e53" />
      <TestMethod codeBase="D:\actions-runner\_work\XPCO\XPCO\SC\Components\RemoteViewer\SmartClient\tst\zSmartClient_UnitTest\bin\x64\Debug\net472\zSmartClient_UnitTest.dll" adapterTypeName="executor://mstestadapter/v2" className="SmartClient_UnitTest.VideoOS.RemoteClient.Application.UI.Common.MessageBoxWithList.MessageBoxWithListViewModelTests" name="Ctor_NullItems_ThrowsException" />
    </UnitTest>
    <UnitTest name="CameraMapItem_AddWithViewZone_XpcoServer_Success" storage="d:\actions-runner\_work\xpco\xpco\sc\components\remoteviewer\smartclient\tst\zsmartclient_unittest\bin\x64\debug\net472\zsmartclient_unittest.dll" id="8a1568a6-ad98-67e4-8764-7fa07b40b0f4">
      <TestCategory>
        <TestCategoryItem TestCategory="GisMapMapItem" />
      </TestCategory>
      <Execution id="63103cc5-4048-471e-9072-087a3288ff5d" />
      <TestMethod codeBase="D:\actions-runner\_work\XPCO\XPCO\SC\Components\RemoteViewer\SmartClient\tst\zSmartClient_UnitTest\bin\x64\Debug\net472\zSmartClient_UnitTest.dll" adapterTypeName="executor://mstestadapter/v2" className="SmartClient_UnitTest.VideoOS.RemoteClient.GisMap.MapItem.MapItemTests" name="CameraMapItem_AddWithViewZone_XpcoServer_Success" />
    </UnitTest>
    <UnitTest name="DeviceIcons_ShouldBeCached_WhenCalled" storage="d:\actions-runner\_work\xpco\xpco\sc\components\remoteviewer\smartclient\tst\zsmartclient_unittest\bin\x64\debug\net472\zsmartclient_unittest.dll" id="98a7490b-a0d5-3f84-ad1f-205206139c5a">
      <TestCategory>
        <TestCategoryItem TestCategory="GisMapData.InputOemResourcesProviderTests" />
      </TestCategory>
      <Execution id="b689da7b-8ebf-48ce-aceb-bcf8c256e45f" />
      <TestMethod codeBase="D:\actions-runner\_work\XPCO\XPCO\SC\Components\RemoteViewer\SmartClient\tst\zSmartClient_UnitTest\bin\x64\Debug\net472\zSmartClient_UnitTest.dll" adapterTypeName="executor://mstestadapter/v2" className="SmartClient_UnitTest.VideoOS.RemoteClient.GisMapData.Resources.InputOemResourcesProviderTests" name="DeviceIcons_ShouldBeCached_WhenCalled" />
    </UnitTest>
    <UnitTest name="Create_Retention_Time_Cannot_Be_Before_1900_Test_Rollback_After_Valid_Value" storage="d:\actions-runner\_work\xpco\xpco\sc\components\remoteviewer\smartclient\tst\zsmartclient_unittest\bin\x64\debug\net472\zsmartclient_unittest.dll" id="a316d943-455b-a96d-fb1b-0c24977fe437">
      <Execution id="658b31cb-873d-42d4-b972-fd707ad67208" />
      <TestMethod codeBase="D:\actions-runner\_work\XPCO\XPCO\SC\Components\RemoteViewer\SmartClient\tst\zSmartClient_UnitTest\bin\x64\Debug\net472\zSmartClient_UnitTest.dll" adapterTypeName="executor://mstestadapter/v2" className="SmartClient_UnitTest.VideoOS.RemoteClient.Application.Components.EvidenceLock.EvidenceLockCreateEditTests" name="Create_Retention_Time_Cannot_Be_Before_1900_Test_Rollback_After_Valid_Value" />
    </UnitTest>
    <UnitTest name="BookmarkSearchTime_WithSearchStringInDifferentCases_ReturnCorrectBookmarkWithSearchStringInHeader (SeArChStRiNg,True,True,False,False,,,1)" storage="d:\actions-runner\_work\xpco\xpco\sc\components\remoteviewer\smartclient\tst\zsmartclient_unittest\bin\x64\debug\net472\zsmartclient_unittest.dll" id="0ce35179-5c3e-8d99-982b-1a911192d0c8">
      <Execution id="1c33922b-01ab-4331-8ec6-b248acbcdb28" />
      <TestMethod codeBase="D:\actions-runner\_work\XPCO\XPCO\SC\Components\RemoteViewer\SmartClient\tst\zSmartClient_UnitTest\bin\x64\Debug\net472\zSmartClient_UnitTest.dll" adapterTypeName="executor://mstestadapter/v2" className="SmartClient_UnitTest.VideoOS.RemoteClient.Application.Data.Offline.UnitTest.BookmarkExportReaderTest" name="BookmarkSearchTime_WithSearchStringInDifferentCases_ReturnCorrectBookmarkWithSearchStringInHeader" />
    </UnitTest>
    <UnitTest name="Serialize_ScopeItemsOnly_Success" storage="d:\actions-runner\_work\xpco\xpco\sc\components\remoteviewer\smartclient\tst\zsmartclient_unittest\bin\x64\debug\net472\zsmartclient_unittest.dll" id="cf838b6b-7995-4cd7-4849-142f7382a183">
      <TestCategory>
        <TestCategoryItem TestCategory="SearchSerialization" />
      </TestCategory>
      <Execution id="3c4dca64-37bc-4edb-ba41-54e8a95e64c4" />
      <TestMethod codeBase="D:\actions-runner\_work\XPCO\XPCO\SC\Components\RemoteViewer\SmartClient\tst\zSmartClient_UnitTest\bin\x64\Debug\net472\zSmartClient_UnitTest.dll" adapterTypeName="executor://mstestadapter/v2" className="SmartClient_UnitTest.VideoOS.RemoteClient.Plugin.CentralizedSearch.Models.Serialization.SearchSerializerTests" name="Serialize_ScopeItemsOnly_Success" />
    </UnitTest>
    <UnitTest name="Toolbar_IsVisible_WhenInLive" storage="d:\actions-runner\_work\xpco\xpco\sc\components\remoteviewer\smartclient\tst\zsmartclient_unittest\bin\x64\debug\net472\zsmartclient_unittest.dll" id="1153276a-4acc-8389-9593-9aed2f86bdf6">
      <TestCategory>
        <TestCategoryItem TestCategory="WorkspaceToolbar" />
      </TestCategory>
      <Execution id="34c306c2-f1fe-4834-82b9-12aa5b9415ed" />
      <TestMethod codeBase="D:\actions-runner\_work\XPCO\XPCO\SC\Components\RemoteViewer\SmartClient\tst\zSmartClient_UnitTest\bin\x64\Debug\net472\zSmartClient_UnitTest.dll" adapterTypeName="executor://mstestadapter/v2" className="SmartClient_UnitTest.VideoOS.RemoteClient.Application.UI.Content.WorkspaceToolbar.WorkspaceToolbarViewModelTests" name="Toolbar_IsVisible_WhenInLive" />
    </UnitTest>
    <UnitTest name="CreateSearchResultUserControl_AllMappings_Success" storage="d:\actions-runner\_work\xpco\xpco\sc\components\remoteviewer\smartclient\tst\zsmartclient_unittest\bin\x64\debug\net472\zsmartclient_unittest.dll" id="ff967a29-b052-9b02-d0d2-90cfa45b8b4f">
      <TestCategory>
        <TestCategoryItem TestCategory="Search" />
      </TestCategory>
      <Execution id="e5af3d74-83cc-4be5-88c9-61b0388ea2d1" />
      <TestMethod codeBase="D:\actions-runner\_work\XPCO\XPCO\SC\Components\RemoteViewer\SmartClient\tst\zSmartClient_UnitTest\bin\x64\Debug\net472\zSmartClient_UnitTest.dll" adapterTypeName="executor://mstestadapter/v2" className="SmartClient_UnitTest.VideoOS.RemoteClient.Plugin.CentralizedSearch.MIPPlugin.ScSearchUserControlPluginTest" name="CreateSearchResultUserControl_AllMappings_Success" />
    </UnitTest>
    <UnitTest name="LoadInitialState_ValidStateInStateManage_ReturnsStateFromStateManager" storage="d:\actions-runner\_work\xpco\xpco\sc\components\remoteviewer\smartclient\tst\zsmartclient_unittest\bin\x64\debug\net472\zsmartclient_unittest.dll" id="9dcc893b-d6ef-d5e3-81ca-720cad492687">
      <TestCategory>
        <TestCategoryItem TestCategory="Search" />
      </TestCategory>
      <Execution id="55e57454-448c-4447-99c2-29ec6bf1995b" />
      <TestMethod codeBase="D:\actions-runner\_work\XPCO\XPCO\SC\Components\RemoteViewer\SmartClient\tst\zSmartClient_UnitTest\bin\x64\Debug\net472\zSmartClient_UnitTest.dll" adapterTypeName="executor://mstestadapter/v2" className="SmartClient_UnitTest.VideoOS.RemoteClient.Plugin.CentralizedSearch.CentralizedSearchContentHolderTests" name="LoadInitialState_ValidStateInStateManage_ReturnsStateFromStateManager" />
    </UnitTest>
    <UnitTest name="SetSelectedDuration_ValidScopeDurations_SelectedTimeScopeSet" storage="d:\actions-runner\_work\xpco\xpco\sc\components\remoteviewer\smartclient\tst\zsmartclient_unittest\bin\x64\debug\net472\zsmartclient_unittest.dll" id="b1a54d71-5c4b-5e18-0c40-6a96ee3db5e8">
      <TestCategory>
        <TestCategoryItem TestCategory="SearchViewModels" />
      </TestCategory>
      <Execution id="55cfdece-ea7f-41d0-ba97-569665374ca6" />
      <TestMethod codeBase="D:\actions-runner\_work\XPCO\XPCO\SC\Components\RemoteViewer\SmartClient\tst\zSmartClient_UnitTest\bin\x64\Debug\net472\zSmartClient_UnitTest.dll" adapterTypeName="executor://mstestadapter/v2" className="SmartClient_UnitTest.VideoOS.RemoteClient.Plugin.CentralizedSearch.ViewModels.SearchViewModelTests" name="SetSelectedDuration_ValidScopeDurations_SelectedTimeScopeSet" />
    </UnitTest>
    <UnitTest name="IsProductionEnvironment_ShouldReturnCorrectValue (,True)" storage="d:\actions-runner\_work\xpco\xpco\sc\components\remoteviewer\smartclient\tst\zsmartclient_unittest\bin\x64\debug\net472\zsmartclient_unittest.dll" id="8dbcc6f1-4cbd-986e-7ab0-4762c811a25e">
      <Execution id="73968f9a-4ee2-4c28-9108-2f8f400082a0" />
      <TestMethod codeBase="D:\actions-runner\_work\XPCO\XPCO\SC\Components\RemoteViewer\SmartClient\tst\zSmartClient_UnitTest\bin\x64\Debug\net472\zSmartClient_UnitTest.dll" adapterTypeName="executor://mstestadapter/v2" className="SmartClient_UnitTest.VideoOS.RemoteClient.Application.Common.Telemetry.TelemetryKeyProviderTests" name="IsProductionEnvironment_ShouldReturnCorrectValue" />
    </UnitTest>
    <UnitTest name="SearchFilterCategoryGet_TwoSearchAgentsWithOverlappingFilters_AllFiltersAdded" storage="d:\actions-runner\_work\xpco\xpco\sc\components\remoteviewer\smartclient\tst\zsmartclient_unittest\bin\x64\debug\net472\zsmartclient_unittest.dll" id="a3b47612-c41f-b6f9-cd26-71a4607bc51d">
      <TestCategory>
        <TestCategoryItem TestCategory="Search" />
      </TestCategory>
      <Execution id="fe2f5202-3c1f-4cc4-88a3-7241da7dad20" />
      <TestMethod codeBase="D:\actions-runner\_work\XPCO\XPCO\SC\Components\RemoteViewer\SmartClient\tst\zSmartClient_UnitTest\bin\x64\Debug\net472\zSmartClient_UnitTest.dll" adapterTypeName="executor://mstestadapter/v2" className="SmartClient_UnitTest.VideoOS.RemoteClient.Plugin.CentralizedSearch.MIPPlugin.CompositeSearchAgentTests" name="SearchFilterCategoryGet_TwoSearchAgentsWithOverlappingFilters_AllFiltersAdded" />
    </UnitTest>
    <UnitTest name="DoubleClickOnPreviewPlayer_ShouldNotOpenDetailsView_WhenFocusedItemIsNull" storage="d:\actions-runner\_work\xpco\xpco\sc\components\remoteviewer\smartclient\tst\zsmartclient_unittest\bin\x64\debug\net472\zsmartclient_unittest.dll" id="113f0a6f-863e-d128-89b6-fd830e00edfd">
      <TestCategory>
        <TestCategoryItem TestCategory="SearchViews" />
      </TestCategory>
      <Execution id="cbc311da-abc8-4ad2-bf39-ed79e8c3b141" />
      <TestMethod codeBase="D:\actions-runner\_work\XPCO\XPCO\SC\Components\RemoteViewer\SmartClient\tst\zSmartClient_UnitTest\bin\x64\Debug\net472\zSmartClient_UnitTest.dll" adapterTypeName="executor://mstestadapter/v2" className="SmartClient_UnitTest.VideoOS.RemoteClient.Plugin.CentralizedSearch.Views.SearchResultsViewTests" name="DoubleClickOnPreviewPlayer_ShouldNotOpenDetailsView_WhenFocusedItemIsNull" />
    </UnitTest>
    <UnitTest name="ResolveGenericResultProperties_ShouldReturnGenericPropertiesFromASingleSearchResult_WhenGivenASingleSearchResult" storage="d:\actions-runner\_work\xpco\xpco\sc\components\remoteviewer\smartclient\tst\zsmartclient_unittest\bin\x64\debug\net472\zsmartclient_unittest.dll" id="cbb16c95-d728-15c5-f7f7-7aec1e98ffde">
      <TestCategory>
        <TestCategoryItem TestCategory="Search" />
      </TestCategory>
      <Execution id="f28b5416-2c04-4cbf-bc2b-b80fcbd2917d" />
      <TestMethod codeBase="D:\actions-runner\_work\XPCO\XPCO\SC\Components\RemoteViewer\SmartClient\tst\zSmartClient_UnitTest\bin\x64\Debug\net472\zSmartClient_UnitTest.dll" adapterTypeName="executor://mstestadapter/v2" className="SmartClient_UnitTest.VideoOS.RemoteClient.Plugin.CentralizedSearch.Utils.SearchResultDataWrapperExtensionsTests" name="ResolveGenericResultProperties_ShouldReturnGenericPropertiesFromASingleSearchResult_WhenGivenASingleSearchResult" />
    </UnitTest>
    <UnitTest name="TestSave_Success" storage="d:\actions-runner\_work\xpco\xpco\sc\components\remoteviewer\smartclient\tst\zsmartclient_unittest\bin\x64\debug\net472\zsmartclient_unittest.dll" id="6eb63bb3-0a07-3cfb-8d0a-86ee2a28be11">
      <TestCategory>
        <TestCategoryItem TestCategory="GisMapBuilding" />
      </TestCategory>
      <Execution id="07c263ed-d398-45a5-98bb-80c8d42a8b11" />
      <TestMethod codeBase="D:\actions-runner\_work\XPCO\XPCO\SC\Components\RemoteViewer\SmartClient\tst\zSmartClient_UnitTest\bin\x64\Debug\net472\zSmartClient_UnitTest.dll" adapterTypeName="executor://mstestadapter/v2" className="SmartClient_UnitTest.VideoOS.RemoteClient.GisMapData.MapBuildings.MapLevelTests" name="TestSave_Success" />
    </UnitTest>
    <UnitTest name="CreateExportDialog_CanSelectExportToOptics_WithOpticalDrivesPresent" storage="d:\actions-runner\_work\xpco\xpco\sc\components\remoteviewer\smartclient\tst\zsmartclient_unittest\bin\x64\debug\net472\zsmartclient_unittest.dll" id="02e79180-7231-3946-3d30-86e386fbe7e5">
      <TestCategory>
        <TestCategoryItem TestCategory="Export" />
      </TestCategory>
      <Execution id="3143e026-02ac-4b1d-a945-aa6580aa0202" />
      <TestMethod codeBase="D:\actions-runner\_work\XPCO\XPCO\SC\Components\RemoteViewer\SmartClient\tst\zSmartClient_UnitTest\bin\x64\Debug\net472\zSmartClient_UnitTest.dll" adapterTypeName="executor://mstestadapter/v2" className="SmartClient_UnitTest.VideoOS.RemoteClient.Plugin.Export.CreateExportDialogViewModelTests" name="CreateExportDialog_CanSelectExportToOptics_WithOpticalDrivesPresent" />
    </UnitTest>
    <UnitTest name="BookmarkSearchTime_WithSearchStringInDifferentCases_ReturnCorrectBookmarkWithSearchStringInDescription (SeArChStRiNg,False,False,True,False,,,0)" storage="d:\actions-runner\_work\xpco\xpco\sc\components\remoteviewer\smartclient\tst\zsmartclient_unittest\bin\x64\debug\net472\zsmartclient_unittest.dll" id="d7e4860d-7071-2952-a78b-70bcfc57bf72">
      <Execution id="5dc4df2e-ecda-4e4f-99dd-4ea2495b1447" />
      <TestMethod codeBase="D:\actions-runner\_work\XPCO\XPCO\SC\Components\RemoteViewer\SmartClient\tst\zSmartClient_UnitTest\bin\x64\Debug\net472\zSmartClient_UnitTest.dll" adapterTypeName="executor://mstestadapter/v2" className="SmartClient_UnitTest.VideoOS.RemoteClient.Application.Data.Offline.UnitTest.BookmarkExportReaderTest" name="BookmarkSearchTime_WithSearchStringInDifferentCases_ReturnCorrectBookmarkWithSearchStringInDescription" />
    </UnitTest>
    <UnitTest name="GetSearchTemplateAsync_ThrowPathNotFoundMIPException_Success" storage="d:\actions-runner\_work\xpco\xpco\sc\components\remoteviewer\smartclient\tst\zsmartclient_unittest\bin\x64\debug\net472\zsmartclient_unittest.dll" id="98f1ad4a-6d3e-c8b6-e210-a1665c4899ea">
      <TestCategory>
        <TestCategoryItem TestCategory="SearchTemplatesService" />
      </TestCategory>
      <Execution id="614de431-7a92-4d66-85d0-2dc73a3a70bc" />
      <TestMethod codeBase="D:\actions-runner\_work\XPCO\XPCO\SC\Components\RemoteViewer\SmartClient\tst\zSmartClient_UnitTest\bin\x64\Debug\net472\zSmartClient_UnitTest.dll" adapterTypeName="executor://mstestadapter/v2" className="SmartClient_UnitTest.VideoOS.RemoteClient.Plugin.CentralizedSearch.SearchTemplates.Service.SearchTemplateServiceTests" name="GetSearchTemplateAsync_ThrowPathNotFoundMIPException_Success" />
    </UnitTest>
    <UnitTest name="LoadSearchTemplate_NoActiveToNewActive_UpdateAndEvent" storage="d:\actions-runner\_work\xpco\xpco\sc\components\remoteviewer\smartclient\tst\zsmartclient_unittest\bin\x64\debug\net472\zsmartclient_unittest.dll" id="165287bc-bef0-3870-c69b-a17243fed1fc">
      <TestCategory>
        <TestCategoryItem TestCategory="SearchTemplates" />
      </TestCategory>
      <Execution id="55412efe-6ecf-4708-8ab6-e5aa2d71a210" />
      <TestMethod codeBase="D:\actions-runner\_work\XPCO\XPCO\SC\Components\RemoteViewer\SmartClient\tst\zSmartClient_UnitTest\bin\x64\Debug\net472\zSmartClient_UnitTest.dll" adapterTypeName="executor://mstestadapter/v2" className="SmartClient_UnitTest.VideoOS.RemoteClient.Plugin.CentralizedSearch.SearchTemplates.SearchTemplateManagerTests" name="LoadSearchTemplate_NoActiveToNewActive_UpdateAndEvent" />
    </UnitTest>
    <UnitTest name="Convert_InvalidArgumentCount_MoreThanExpected_Collapsed" storage="d:\actions-runner\_work\xpco\xpco\sc\components\remoteviewer\smartclient\tst\zsmartclient_unittest\bin\x64\debug\net472\zsmartclient_unittest.dll" id="f8f04b21-fad0-48a3-39ca-a5f162fe7d64">
      <TestCategory>
        <TestCategoryItem TestCategory="SearchConverter" />
      </TestCategory>
      <Execution id="4c073bb1-2435-4abd-aa3c-5c0c39b2cb2b" />
      <TestMethod codeBase="D:\actions-runner\_work\XPCO\XPCO\SC\Components\RemoteViewer\SmartClient\tst\zSmartClient_UnitTest\bin\x64\Debug\net472\zSmartClient_UnitTest.dll" adapterTypeName="executor://mstestadapter/v2" className="SmartClient_UnitTest.VideoOS.RemoteClient.Plugin.CentralizedSearch.Views.Converters.NoCriteriaSelectedGridVisibilityConverterTests" name="Convert_InvalidArgumentCount_MoreThanExpected_Collapsed" />
    </UnitTest>
    <UnitTest name="ConvertBack_ShouldAlwaysThrowException" storage="d:\actions-runner\_work\xpco\xpco\sc\components\remoteviewer\smartclient\tst\zsmartclient_unittest\bin\x64\debug\net472\zsmartclient_unittest.dll" id="8d265b40-4d86-0fef-5f08-51df41bf9c7a">
      <Execution id="9b1823c4-d0a5-4933-9ade-f25304a0c602" />
      <TestMethod codeBase="D:\actions-runner\_work\XPCO\XPCO\SC\Components\RemoteViewer\SmartClient\tst\zSmartClient_UnitTest\bin\x64\Debug\net472\zSmartClient_UnitTest.dll" adapterTypeName="executor://mstestadapter/v2" className="SmartClient_UnitTest.VideoOS.Common.UIThemes.ContentToTooltipTextConverterTests" name="ConvertBack_ShouldAlwaysThrowException" />
    </UnitTest>
    <UnitTest name="Cameras_where_the_user_has_no_RetentionCreate_rights_can_be_still_re_added" storage="d:\actions-runner\_work\xpco\xpco\sc\components\remoteviewer\smartclient\tst\zsmartclient_unittest\bin\x64\debug\net472\zsmartclient_unittest.dll" id="94358fa8-5ab7-9379-cdbb-784e07581698">
      <Execution id="f80ae1e6-3181-48da-8032-ee3c4ca5fec4" />
      <TestMethod codeBase="D:\actions-runner\_work\XPCO\XPCO\SC\Components\RemoteViewer\SmartClient\tst\zSmartClient_UnitTest\bin\x64\Debug\net472\zSmartClient_UnitTest.dll" adapterTypeName="executor://mstestadapter/v2" className="SmartClient_UnitTest.VideoOS.RemoteClient.Application.Components.EvidenceLock.EvidenceLockEditModeUserRightTests" name="Cameras_where_the_user_has_no_RetentionCreate_rights_can_be_still_re_added" />
    </UnitTest>
    <UnitTest name="TestMethod1" storage="d:\actions-runner\_work\xpco\xpco\sc\components\remoteviewer\smartclient\tst\zsmartclient_unittest\bin\x64\debug\net472\zsmartclient_unittest.dll" id="55b69ff1-41fd-5c44-e2a8-b279d7828993">
      <Execution id="7b09ac29-15a5-45b9-9d98-8f43c06980a4" />
      <TestMethod codeBase="D:\actions-runner\_work\XPCO\XPCO\SC\Components\RemoteViewer\SmartClient\tst\zSmartClient_UnitTest\bin\x64\Debug\net472\zSmartClient_UnitTest.dll" adapterTypeName="executor://mstestadapter/v2" className="SmartClient_UnitTest.VideoOS.RemoteClient.GisMap.ViewModels.ContextMenu.ContextMenuViewModelTests" name="TestMethod1" />
    </UnitTest>
    <UnitTest name="PopulateTooltip_ManyResultsFromManyCameras24Hours_ValidText" storage="d:\actions-runner\_work\xpco\xpco\sc\components\remoteviewer\smartclient\tst\zsmartclient_unittest\bin\x64\debug\net472\zsmartclient_unittest.dll" id="85b176e4-fb59-5c82-65b9-233680a9d61b">
      <TestCategory>
        <TestCategoryItem TestCategory="SearchControls" />
      </TestCategory>
      <Execution id="a564476d-2908-4b56-bc5a-bdf8a8fe079c" />
      <TestMethod codeBase="D:\actions-runner\_work\XPCO\XPCO\SC\Components\RemoteViewer\SmartClient\tst\zSmartClient_UnitTest\bin\x64\Debug\net472\zSmartClient_UnitTest.dll" adapterTypeName="executor://mstestadapter/v2" className="SmartClient_UnitTest.VideoOS.RemoteClient.Plugin.CentralizedSearch.Views.Controls.TimelineRuler.TimelineRulerControlTests" name="PopulateTooltip_ManyResultsFromManyCameras24Hours_ValidText" />
    </UnitTest>
    <UnitTest name="PopulateTooltip_SingleResultsFromFewCameras24Hours_ValidText" storage="d:\actions-runner\_work\xpco\xpco\sc\components\remoteviewer\smartclient\tst\zsmartclient_unittest\bin\x64\debug\net472\zsmartclient_unittest.dll" id="07e2d80c-1c7c-425d-45d2-9a4739a86a66">
      <TestCategory>
        <TestCategoryItem TestCategory="SearchControls" />
      </TestCategory>
      <Execution id="0221a33c-79f9-448e-a9cd-0781971a1a4f" />
      <TestMethod codeBase="D:\actions-runner\_work\XPCO\XPCO\SC\Components\RemoteViewer\SmartClient\tst\zSmartClient_UnitTest\bin\x64\Debug\net472\zSmartClient_UnitTest.dll" adapterTypeName="executor://mstestadapter/v2" className="SmartClient_UnitTest.VideoOS.RemoteClient.Plugin.CentralizedSearch.Views.Controls.TimelineRuler.TimelineRulerControlTests" name="PopulateTooltip_SingleResultsFromFewCameras24Hours_ValidText" />
    </UnitTest>
    <UnitTest name="SmartSearchResultDto_ShouldYieldSameValues_WhenRoundTripConverted" storage="d:\actions-runner\_work\xpco\xpco\sc\components\remoteviewer\smartclient\tst\zsmartclient_unittest\bin\x64\debug\net472\zsmartclient_unittest.dll" id="13732851-1316-f3ba-505c-1b7f66e1148d">
      <TestCategory>
        <TestCategoryItem TestCategory="RecorderProxyToDtoMapping" />
      </TestCategory>
      <Execution id="8e7abfb7-513f-4ee6-8d96-bc62ae90cbdf" />
      <TestMethod codeBase="D:\actions-runner\_work\XPCO\XPCO\SC\Components\RemoteViewer\SmartClient\tst\zSmartClient_UnitTest\bin\x64\Debug\net472\zSmartClient_UnitTest.dll" adapterTypeName="executor://mstestadapter/v2" className="VideoOS.Shared.ServerAPI.SOAP.RecorderClientMappingTests" name="SmartSearchResultDto_ShouldYieldSameValues_WhenRoundTripConverted" />
    </UnitTest>
    <UnitTest name="AndOrSearchDefinitionToCornerRadiusMultiConverter_CallConvert_FirstAnd" storage="d:\actions-runner\_work\xpco\xpco\sc\components\remoteviewer\smartclient\tst\zsmartclient_unittest\bin\x64\debug\net472\zsmartclient_unittest.dll" id="06bd11df-bf70-d0e2-a507-7181600bcc81">
      <TestCategory>
        <TestCategoryItem TestCategory="SearchConverter" />
      </TestCategory>
      <Execution id="3fea1aad-d6ab-434f-b870-bc1e77f2c78c" />
      <TestMethod codeBase="D:\actions-runner\_work\XPCO\XPCO\SC\Components\RemoteViewer\SmartClient\tst\zSmartClient_UnitTest\bin\x64\Debug\net472\zSmartClient_UnitTest.dll" adapterTypeName="executor://mstestadapter/v2" className="SmartClient_UnitTest.VideoOS.RemoteClient.Plugin.CentralizedSearch.Views.Converters.AndOrSearchDefinitionMultiConverterTests" name="AndOrSearchDefinitionToCornerRadiusMultiConverter_CallConvert_FirstAnd" />
    </UnitTest>
    <UnitTest name="TryAddInterval_ShouldReturnCorrectValue (False,True,PermissionDenied)" storage="d:\actions-runner\_work\xpco\xpco\sc\components\remoteviewer\smartclient\tst\zsmartclient_unittest\bin\x64\debug\net472\zsmartclient_unittest.dll" id="b4d81ea5-4d96-f4f8-9a36-c8fa8d756925">
      <TestCategory>
        <TestCategoryItem TestCategory="Managers" />
      </TestCategory>
      <Execution id="03550c45-fb17-437e-9ba2-04e4471cec8d" />
      <TestMethod codeBase="D:\actions-runner\_work\XPCO\XPCO\SC\Components\RemoteViewer\SmartClient\tst\zSmartClient_UnitTest\bin\x64\Debug\net472\zSmartClient_UnitTest.dll" adapterTypeName="executor://mstestadapter/v2" className="SmartClient_UnitTest.VideoOS.RemoteClient.Application.Managers.ExportManagerTests" name="TryAddInterval_ShouldReturnCorrectValue" />
    </UnitTest>
    <UnitTest name="MarkerFactory_WhenMipMapItemIsGiven_ShouldReturnNull" storage="d:\actions-runner\_work\xpco\xpco\sc\components\remoteviewer\smartclient\tst\zsmartclient_unittest\bin\x64\debug\net472\zsmartclient_unittest.dll" id="35fdccc0-c07e-b0f5-43ff-b8462db1e66e">
      <TestCategory>
        <TestCategoryItem TestCategory="GisMap.MarkerFactory" />
      </TestCategory>
      <Execution id="ca6166d7-786e-4770-8f2d-45348b5ae46f" />
      <TestMethod codeBase="D:\actions-runner\_work\XPCO\XPCO\SC\Components\RemoteViewer\SmartClient\tst\zSmartClient_UnitTest\bin\x64\Debug\net472\zSmartClient_UnitTest.dll" adapterTypeName="executor://mstestadapter/v2" className="SmartClient_UnitTest.VideoOS.RemoteClient.Plugin.GisMap.IoC.MarkerFactoryTests" name="MarkerFactory_WhenMipMapItemIsGiven_ShouldReturnNull" />
    </UnitTest>
    <UnitTest name="No_warning_when_removing_camera_with_related_device_with_no_update_rights" storage="d:\actions-runner\_work\xpco\xpco\sc\components\remoteviewer\smartclient\tst\zsmartclient_unittest\bin\x64\debug\net472\zsmartclient_unittest.dll" id="593594fc-46c9-b9c0-d561-0e066e80633b">
      <Execution id="1343b28d-0b7f-4376-af7f-4d16fa3ed197" />
      <TestMethod codeBase="D:\actions-runner\_work\XPCO\XPCO\SC\Components\RemoteViewer\SmartClient\tst\zSmartClient_UnitTest\bin\x64\Debug\net472\zSmartClient_UnitTest.dll" adapterTypeName="executor://mstestadapter/v2" className="SmartClient_UnitTest.VideoOS.RemoteClient.Application.Components.EvidenceLock.EvidenceLockRelatedDeviceRightsTests" name="No_warning_when_removing_camera_with_related_device_with_no_update_rights" />
    </UnitTest>
    <UnitTest name="OnIsVisiblePropertyChanged_ShouldDeactivateSoundOfAllUnmutedMicrophones_WhenHidingMicrophonesLayer" storage="d:\actions-runner\_work\xpco\xpco\sc\components\remoteviewer\smartclient\tst\zsmartclient_unittest\bin\x64\debug\net472\zsmartclient_unittest.dll" id="d5380333-0029-a673-b16f-5047c88c70d6">
      <TestCategory>
        <TestCategoryItem TestCategory="GisMapData.MapLayers" />
      </TestCategory>
      <Execution id="cfebe4f3-53db-4fc1-8ff9-65532a5117c6" />
      <TestMethod codeBase="D:\actions-runner\_work\XPCO\XPCO\SC\Components\RemoteViewer\SmartClient\tst\zSmartClient_UnitTest\bin\x64\Debug\net472\zSmartClient_UnitTest.dll" adapterTypeName="executor://mstestadapter/v2" className="SmartClient_UnitTest.VideoOS.RemoteClient.GisMapData.MapLayers.MicrophoneItemsMapLayerTests" name="OnIsVisiblePropertyChanged_ShouldDeactivateSoundOfAllUnmutedMicrophones_WhenHidingMicrophonesLayer" />
    </UnitTest>
    <UnitTest name="MapCameraIcons_WhenMilestoneOemResource_ShouldReturnTenIcons" storage="d:\actions-runner\_work\xpco\xpco\sc\components\remoteviewer\smartclient\tst\zsmartclient_unittest\bin\x64\debug\net472\zsmartclient_unittest.dll" id="3601e411-06fe-e014-7da4-87000446bebe">
      <Execution id="691a60e8-01d9-4b2e-8bf1-e39a3495b69e" />
      <TestMethod codeBase="D:\actions-runner\_work\XPCO\XPCO\SC\Components\RemoteViewer\SmartClient\tst\zSmartClient_UnitTest\bin\x64\Debug\net472\zSmartClient_UnitTest.dll" adapterTypeName="executor://mstestadapter/v2" className="SmartClient_UnitTest.VideoOS.RemoteClient.Application.Controllers.OemResourceControllerTest" name="MapCameraIcons_WhenMilestoneOemResource_ShouldReturnTenIcons" />
    </UnitTest>
    <UnitTest name="CanMoreRegionsBeAdded_ShouldReturnFalse_WhenMaximumRegionsAllowedIsReached" storage="d:\actions-runner\_work\xpco\xpco\sc\components\remoteviewer\smartclient\tst\zsmartclient_unittest\bin\x64\debug\net472\zsmartclient_unittest.dll" id="ac0bff77-e4ee-0120-d789-0cc06032e8d1">
      <TestCategory>
        <TestCategoryItem TestCategory="Search.Filters.ViewModels" />
      </TestCategory>
      <Execution id="4f56be3e-e583-4428-9b5d-5ce31ca9d802" />
      <TestMethod codeBase="D:\actions-runner\_work\XPCO\XPCO\SC\Components\RemoteViewer\SmartClient\tst\zSmartClient_UnitTest\bin\x64\Debug\net472\zSmartClient_UnitTest.dll" adapterTypeName="executor://mstestadapter/v2" className="SmartClient_UnitTest.VideoOS.RemoteClient.Plugin.CentralizedSearch.MIPPlugin.Criteria.ViewModels.RegionSelectionCameraListItemHelperTests" name="CanMoreRegionsBeAdded_ShouldReturnFalse_WhenMaximumRegionsAllowedIsReached" />
    </UnitTest>
    <UnitTest name="Decorate_ShouldNotAddChildren_WhenLayerVisibilityItemDataHasANonCameraLayer" storage="d:\actions-runner\_work\xpco\xpco\sc\components\remoteviewer\smartclient\tst\zsmartclient_unittest\bin\x64\debug\net472\zsmartclient_unittest.dll" id="d35bc711-77c3-11d0-bc06-2b27557cb244">
      <TestCategory>
        <TestCategoryItem TestCategory="GisMap.LayerVisibilityItemDataChildrenViewZoneDecoratorTests" />
      </TestCategory>
      <Execution id="74947abd-8b00-4e3d-9a21-951a8bde02d2" />
      <TestMethod codeBase="D:\actions-runner\_work\XPCO\XPCO\SC\Components\RemoteViewer\SmartClient\tst\zSmartClient_UnitTest\bin\x64\Debug\net472\zSmartClient_UnitTest.dll" adapterTypeName="executor://mstestadapter/v2" className="SmartClient_UnitTest.VideoOS.RemoteClient.Plugin.GisMap.ViewModels.LayersVisibility.Decorators.LayerVisibilityItemDataChildrenViewZoneDecoratorTests" name="Decorate_ShouldNotAddChildren_WhenLayerVisibilityItemDataHasANonCameraLayer" />
    </UnitTest>
    <UnitTest name="SearchModelOnSearchResultsReady_NotOnUiThread_Success" storage="d:\actions-runner\_work\xpco\xpco\sc\components\remoteviewer\smartclient\tst\zsmartclient_unittest\bin\x64\debug\net472\zsmartclient_unittest.dll" id="11e45243-c796-e305-ccb2-ad123da6b869">
      <TestCategory>
        <TestCategoryItem TestCategory="SearchViewModels" />
      </TestCategory>
      <Execution id="c7b46b24-8569-4aa1-b6ad-b522e9cf2fc9" />
      <TestMethod codeBase="D:\actions-runner\_work\XPCO\XPCO\SC\Components\RemoteViewer\SmartClient\tst\zSmartClient_UnitTest\bin\x64\Debug\net472\zSmartClient_UnitTest.dll" adapterTypeName="executor://mstestadapter/v2" className="SmartClient_UnitTest.VideoOS.RemoteClient.Plugin.CentralizedSearch.ViewModels.SearchViewModelTests" name="SearchModelOnSearchResultsReady_NotOnUiThread_Success" />
    </UnitTest>
    <UnitTest name="UserName_ShouldThrow_InvalidOperationException_WhenConstructedUsingExternal" storage="d:\actions-runner\_work\xpco\xpco\sc\components\remoteviewer\smartclient\tst\zsmartclient_unittest\bin\x64\debug\net472\zsmartclient_unittest.dll" id="96d03a8b-2bb7-344f-928f-f0c6a7f00e22">
      <TestCategory>
        <TestCategoryItem TestCategory="Authentication.ClientCredentials" />
      </TestCategory>
      <Execution id="c7f9e07c-599c-4ef0-a003-7794ef722657" />
      <TestMethod codeBase="D:\actions-runner\_work\XPCO\XPCO\SC\Components\RemoteViewer\SmartClient\tst\zSmartClient_UnitTest\bin\x64\Debug\net472\zSmartClient_UnitTest.dll" adapterTypeName="executor://mstestadapter/v2" className="SmartClient_UnitTest.VideoOS.Shared.ServerAPI.ClientCredentialsTest" name="UserName_ShouldThrow_InvalidOperationException_WhenConstructedUsingExternal" />
    </UnitTest>
    <UnitTest name="Reactivated_Success" storage="d:\actions-runner\_work\xpco\xpco\sc\components\remoteviewer\smartclient\tst\zsmartclient_unittest\bin\x64\debug\net472\zsmartclient_unittest.dll" id="01b97152-1f28-3a19-acee-e24e8fccadd4">
      <TestCategory>
        <TestCategoryItem TestCategory="Search" />
      </TestCategory>
      <Execution id="e623db31-f35d-483b-a604-5d0d91437b3f" />
      <TestMethod codeBase="D:\actions-runner\_work\XPCO\XPCO\SC\Components\RemoteViewer\SmartClient\tst\zSmartClient_UnitTest\bin\x64\Debug\net472\zSmartClient_UnitTest.dll" adapterTypeName="executor://mstestadapter/v2" className="SmartClient_UnitTest.VideoOS.RemoteClient.Plugin.CentralizedSearch.CentralizedSearchContentHolderTests" name="Reactivated_Success" />
    </UnitTest>
    <UnitTest name="InputMapItem_ForceActivateAsync_InBuilding_MapLevelsNotLoaded_Success" storage="d:\actions-runner\_work\xpco\xpco\sc\components\remoteviewer\smartclient\tst\zsmartclient_unittest\bin\x64\debug\net472\zsmartclient_unittest.dll" id="c733db05-5b7b-4d43-767f-ec9ea4306b0e">
      <TestCategory>
        <TestCategoryItem TestCategory="GisMapData.MapItem.Inputs" />
      </TestCategory>
      <Execution id="56432056-d7bc-4d64-92fb-65a9e4386648" />
      <TestMethod codeBase="D:\actions-runner\_work\XPCO\XPCO\SC\Components\RemoteViewer\SmartClient\tst\zSmartClient_UnitTest\bin\x64\Debug\net472\zSmartClient_UnitTest.dll" adapterTypeName="executor://mstestadapter/v2" className="SmartClient_UnitTest.VideoOS.RemoteClient.GisMapData.MapItem.Inputs.InputMapItemTests" name="InputMapItem_ForceActivateAsync_InBuilding_MapLevelsNotLoaded_Success" />
    </UnitTest>
    <UnitTest name="SelectionCountDisplayText_MultipleSelectedResults_ReturnsMultipleString" storage="d:\actions-runner\_work\xpco\xpco\sc\components\remoteviewer\smartclient\tst\zsmartclient_unittest\bin\x64\debug\net472\zsmartclient_unittest.dll" id="a8a50f03-3329-f171-e632-4989e995a587">
      <TestCategory>
        <TestCategoryItem TestCategory="SearchResultActionBarViewModel" />
      </TestCategory>
      <Execution id="2d6572fb-1ff3-4796-89d9-8fcc3e256958" />
      <TestMethod codeBase="D:\actions-runner\_work\XPCO\XPCO\SC\Components\RemoteViewer\SmartClient\tst\zSmartClient_UnitTest\bin\x64\Debug\net472\zSmartClient_UnitTest.dll" adapterTypeName="executor://mstestadapter/v2" className="SmartClient_UnitTest.VideoOS.RemoteClient.Plugin.CentralizedSearch.ViewModels.SearchResultsActionBarViewModelTest" name="SelectionCountDisplayText_MultipleSelectedResults_ReturnsMultipleString" />
    </UnitTest>
    <UnitTest name="SetFeatures_NonCameraMapItemsLayer_ArgumentException" storage="d:\actions-runner\_work\xpco\xpco\sc\components\remoteviewer\smartclient\tst\zsmartclient_unittest\bin\x64\debug\net472\zsmartclient_unittest.dll" id="f52b7516-be31-9d30-cb41-04f4b2fe00bf">
      <TestCategory>
        <TestCategoryItem TestCategory="GisMap" />
      </TestCategory>
      <Execution id="be39605b-6dc5-4d2c-baeb-4a9d8846a1d3" />
      <TestMethod codeBase="D:\actions-runner\_work\XPCO\XPCO\SC\Components\RemoteViewer\SmartClient\tst\zSmartClient_UnitTest\bin\x64\Debug\net472\zSmartClient_UnitTest.dll" adapterTypeName="executor://mstestadapter/v2" className="SmartClient_UnitTest.VideoOS.RemoteClient.GisMapData.GisMapBasicTests" name="SetFeatures_NonCameraMapItemsLayer_ArgumentException" />
    </UnitTest>
    <UnitTest name="TwentyFourHours_Success" storage="d:\actions-runner\_work\xpco\xpco\sc\components\remoteviewer\smartclient\tst\zsmartclient_unittest\bin\x64\debug\net472\zsmartclient_unittest.dll" id="91b2687b-d336-be96-6484-dd3e01d48bcc">
      <TestCategory>
        <TestCategoryItem TestCategory="Search" />
      </TestCategory>
      <Execution id="5a7a67ed-46e7-4329-a78e-085edf79abfa" />
      <TestMethod codeBase="D:\actions-runner\_work\XPCO\XPCO\SC\Components\RemoteViewer\SmartClient\tst\zSmartClient_UnitTest\bin\x64\Debug\net472\zSmartClient_UnitTest.dll" adapterTypeName="executor://mstestadapter/v2" className="SmartClient_UnitTest.VideoOS.RemoteClient.Plugin.CentralizedSearch.Models.ScopeDurationTests" name="TwentyFourHours_Success" />
    </UnitTest>
    <UnitTest name="HandleGetDeviceData_ShouldReturnMicrophoneData_WhenMicrophoneKindAndExistingMicrophoneId" storage="d:\actions-runner\_work\xpco\xpco\sc\components\remoteviewer\smartclient\tst\zsmartclient_unittest\bin\x64\debug\net472\zsmartclient_unittest.dll" id="fb103779-d04c-1686-3285-367738634a78">
      <TestCategory>
        <TestCategoryItem TestCategory="GisMap.Handlers.Devices.MapItems" />
      </TestCategory>
      <Execution id="f9be9f52-4557-4f6d-ad3d-1fc7c3d3245b" />
      <TestMethod codeBase="D:\actions-runner\_work\XPCO\XPCO\SC\Components\RemoteViewer\SmartClient\tst\zSmartClient_UnitTest\bin\x64\Debug\net472\zSmartClient_UnitTest.dll" adapterTypeName="executor://mstestadapter/v2" className="SmartClient_UnitTest.VideoOS.RemoteClient.Plugin.GisMap.Handlers.Devices.MapItems.MicrophoneDataHandlerTests" name="HandleGetDeviceData_ShouldReturnMicrophoneData_WhenMicrophoneKindAndExistingMicrophoneId" />
    </UnitTest>
    <UnitTest name="AddCriteriaCommand_SearchAttributeCategoryNull" storage="d:\actions-runner\_work\xpco\xpco\sc\components\remoteviewer\smartclient\tst\zsmartclient_unittest\bin\x64\debug\net472\zsmartclient_unittest.dll" id="8803b728-b3cd-d0f6-6a9a-d85dc1ecbb9f">
      <TestCategory>
        <TestCategoryItem TestCategory="SearchViewModels" />
      </TestCategory>
      <Execution id="6be78aee-df0c-49ee-a159-ca3e0364b6a3" />
      <TestMethod codeBase="D:\actions-runner\_work\XPCO\XPCO\SC\Components\RemoteViewer\SmartClient\tst\zSmartClient_UnitTest\bin\x64\Debug\net472\zSmartClient_UnitTest.dll" adapterTypeName="executor://mstestadapter/v2" className="SmartClient_UnitTest.VideoOS.RemoteClient.Plugin.CentralizedSearch.ViewModels.SearchViewModelTests" name="AddCriteriaCommand_SearchAttributeCategoryNull" />
    </UnitTest>
    <UnitTest name="ShowAlreadyAddedToast_ShouldShowCorrectNumberOfToasts (5,1)" storage="d:\actions-runner\_work\xpco\xpco\sc\components\remoteviewer\smartclient\tst\zsmartclient_unittest\bin\x64\debug\net472\zsmartclient_unittest.dll" id="a8208005-f5a7-973c-33f3-44102c0d608d">
      <TestCategory>
        <TestCategoryItem TestCategory="Managers" />
      </TestCategory>
      <Execution id="1842375a-ea3d-48f0-a4e2-5d491c1f89eb" />
      <TestMethod codeBase="D:\actions-runner\_work\XPCO\XPCO\SC\Components\RemoteViewer\SmartClient\tst\zSmartClient_UnitTest\bin\x64\Debug\net472\zSmartClient_UnitTest.dll" adapterTypeName="executor://mstestadapter/v2" className="SmartClient_UnitTest.VideoOS.RemoteClient.Application.Managers.ExportResultsNotificationHelperTests" name="ShowAlreadyAddedToast_ShouldShowCorrectNumberOfToasts" />
    </UnitTest>
    <UnitTest name="Convert_ShouldReturnFalse_WhenValueIsNull" storage="d:\actions-runner\_work\xpco\xpco\sc\components\remoteviewer\smartclient\tst\zsmartclient_unittest\bin\x64\debug\net472\zsmartclient_unittest.dll" id="d59c7867-81fa-72b0-e0e7-f75e74dd41dd">
      <TestCategory>
        <TestCategoryItem TestCategory="GisMap.InteractionStateConverter" />
      </TestCategory>
      <Execution id="c5b8a010-35ed-40cc-a0bb-c6983bffcbf1" />
      <TestMethod codeBase="D:\actions-runner\_work\XPCO\XPCO\SC\Components\RemoteViewer\SmartClient\tst\zSmartClient_UnitTest\bin\x64\Debug\net472\zSmartClient_UnitTest.dll" adapterTypeName="executor://mstestadapter/v2" className="SmartClient_UnitTest.VideoOS.RemoteClient.Plugin.GisMap.View.InteractionStateConverterTests" name="Convert_ShouldReturnFalse_WhenValueIsNull" />
    </UnitTest>
    <UnitTest name="Constructor_ShouldThrowArgumentNullException_WhenServerConfigurationIsNull" storage="d:\actions-runner\_work\xpco\xpco\sc\components\remoteviewer\smartclient\tst\zsmartclient_unittest\bin\x64\debug\net472\zsmartclient_unittest.dll" id="a65d3f02-ca6d-a89f-9465-6c592d8f6d71">
      <Execution id="50fe67f8-d023-4d57-935a-4c5ef8d5846d" />
      <TestMethod codeBase="D:\actions-runner\_work\XPCO\XPCO\SC\Components\RemoteViewer\SmartClient\tst\zSmartClient_UnitTest\bin\x64\Debug\net472\zSmartClient_UnitTest.dll" adapterTypeName="executor://mstestadapter/v2" className="SmartClient_UnitTest.VideoOS.RemoteClient.Application.UI.Settings.SettingsDialogViewModelTests" name="Constructor_ShouldThrowArgumentNullException_WhenServerConfigurationIsNull" />
    </UnitTest>
    <UnitTest name="UpdateScope_RelativeScopeDurationToTimeChanged_ReturnsFalse" storage="d:\actions-runner\_work\xpco\xpco\sc\components\remoteviewer\smartclient\tst\zsmartclient_unittest\bin\x64\debug\net472\zsmartclient_unittest.dll" id="d47eb9ec-3b5d-0e31-8fe7-d1a0340bf1c0">
      <TestCategory>
        <TestCategoryItem TestCategory="SearchModels" />
      </TestCategory>
      <Execution id="73350d90-dab5-4722-a3c4-1d74356db649" />
      <TestMethod codeBase="D:\actions-runner\_work\XPCO\XPCO\SC\Components\RemoteViewer\SmartClient\tst\zSmartClient_UnitTest\bin\x64\Debug\net472\zSmartClient_UnitTest.dll" adapterTypeName="executor://mstestadapter/v2" className="SmartClient_UnitTest.VideoOS.RemoteClient.Plugin.CentralizedSearch.Models.SearchScopeTests" name="UpdateScope_RelativeScopeDurationToTimeChanged_ReturnsFalse" />
    </UnitTest>
    <UnitTest name="CameraMapItem_Select_WithAlarm_Activates_Related" storage="d:\actions-runner\_work\xpco\xpco\sc\components\remoteviewer\smartclient\tst\zsmartclient_unittest\bin\x64\debug\net472\zsmartclient_unittest.dll" id="91442c7a-e900-c7e6-67e7-639e8a44931b">
      <TestCategory>
        <TestCategoryItem TestCategory="GisMapMapItem" />
      </TestCategory>
      <Execution id="ac303c3d-4a5a-497a-b846-02429ab49db9" />
      <TestMethod codeBase="D:\actions-runner\_work\XPCO\XPCO\SC\Components\RemoteViewer\SmartClient\tst\zSmartClient_UnitTest\bin\x64\Debug\net472\zSmartClient_UnitTest.dll" adapterTypeName="executor://mstestadapter/v2" className="SmartClient_UnitTest.VideoOS.RemoteClient.GisMap.MapItem.MapItemTests" name="CameraMapItem_Select_WithAlarm_Activates_Related" />
    </UnitTest>
    <UnitTest name="TestImplicitOperator_Position2D_Success" storage="d:\actions-runner\_work\xpco\xpco\sc\components\remoteviewer\smartclient\tst\zsmartclient_unittest\bin\x64\debug\net472\zsmartclient_unittest.dll" id="f27b2734-7e6c-c464-7643-e40625bfd46a">
      <Execution id="7adce16a-7b1f-4eab-87ae-aa622e88df0d" />
      <TestMethod codeBase="D:\actions-runner\_work\XPCO\XPCO\SC\Components\RemoteViewer\SmartClient\tst\zSmartClient_UnitTest\bin\x64\Debug\net472\zSmartClient_UnitTest.dll" adapterTypeName="executor://mstestadapter/v2" className="SmartClient_UnitTest.VideoOS.RemoteClient.GisMap.Common.MapPoint2DTest" name="TestImplicitOperator_Position2D_Success" />
    </UnitTest>
    <UnitTest name="TestReadXmlCreated" storage="d:\actions-runner\_work\xpco\xpco\sc\components\remoteviewer\smartclient\tst\zsmartclient_unittest\bin\x64\debug\net472\zsmartclient_unittest.dll" id="6847ebb6-e732-c391-be2d-0bdf0abaf563">
      <Execution id="06cf1ac2-7c95-4548-98e2-05dd4b7ea5ed" />
      <TestMethod codeBase="D:\actions-runner\_work\XPCO\XPCO\SC\Components\RemoteViewer\SmartClient\tst\zSmartClient_UnitTest\bin\x64\Debug\net472\zSmartClient_UnitTest.dll" adapterTypeName="executor://mstestadapter/v2" className="SmartClient_UnitTest.VideoOS.RemoteClient.Application.Data.Retrievals.RetrievalMetadataTest" name="TestReadXmlCreated" />
    </UnitTest>
    <UnitTest name="IsCamera_ShouldReturnTrue_WhenSingleCameraGourpSelected" storage="d:\actions-runner\_work\xpco\xpco\sc\components\remoteviewer\smartclient\tst\zsmartclient_unittest\bin\x64\debug\net472\zsmartclient_unittest.dll" id="e8fbfc8d-82fa-6534-4e95-6007f14b30c3">
      <Execution id="00aeca67-fc0e-47fa-be1a-c4ff01cc29a5" />
      <TestMethod codeBase="D:\actions-runner\_work\XPCO\XPCO\SC\Components\RemoteViewer\SmartClient\tst\zSmartClient_UnitTest\bin\x64\Debug\net472\zSmartClient_UnitTest.dll" adapterTypeName="executor://mstestadapter/v2" className="SmartClient_UnitTest.VideoOS.RemoteClient.Application.Data.ContentTypes.ReportingContentType.DashboardExtentionsTest" name="IsCamera_ShouldReturnTrue_WhenSingleCameraGourpSelected" />
    </UnitTest>
    <UnitTest name="AddSelectedWindowsToExport_ShouldAddToExportData (0)" storage="d:\actions-runner\_work\xpco\xpco\sc\components\remoteviewer\smartclient\tst\zsmartclient_unittest\bin\x64\debug\net472\zsmartclient_unittest.dll" id="7cca3648-ef13-49f1-5ab9-9d7801242c93">
      <TestCategory>
        <TestCategoryItem TestCategory="Managers" />
      </TestCategory>
      <Execution id="43dba3c9-5ce7-41ff-9f81-353bfb02f6aa" />
      <TestMethod codeBase="D:\actions-runner\_work\XPCO\XPCO\SC\Components\RemoteViewer\SmartClient\tst\zSmartClient_UnitTest\bin\x64\Debug\net472\zSmartClient_UnitTest.dll" adapterTypeName="executor://mstestadapter/v2" className="SmartClient_UnitTest.VideoOS.RemoteClient.Application.Managers.ExportManagerTests" name="AddSelectedWindowsToExport_ShouldAddToExportData" />
    </UnitTest>
    <UnitTest name="GetDeactivatedOutputIconId_ShouldReturnValidDeactivatedOutputIconId_WhenValidActivatedOutputIconIdIsProvided" storage="d:\actions-runner\_work\xpco\xpco\sc\components\remoteviewer\smartclient\tst\zsmartclient_unittest\bin\x64\debug\net472\zsmartclient_unittest.dll" id="3cc1b7a3-6a23-5d4a-8d17-b87aa291e5cf">
      <TestCategory>
        <TestCategoryItem TestCategory="GisMapData.OutputOemResourcesProviderTests" />
      </TestCategory>
      <Execution id="d3b2dea7-44e1-456c-b549-30245cb79dd6" />
      <TestMethod codeBase="D:\actions-runner\_work\XPCO\XPCO\SC\Components\RemoteViewer\SmartClient\tst\zSmartClient_UnitTest\bin\x64\Debug\net472\zSmartClient_UnitTest.dll" adapterTypeName="executor://mstestadapter/v2" className="SmartClient_UnitTest.VideoOS.RemoteClient.GisMapData.Resources.OutputOemResourcesProviderTests" name="GetDeactivatedOutputIconId_ShouldReturnValidDeactivatedOutputIconId_WhenValidActivatedOutputIconIdIsProvided" />
    </UnitTest>
    <UnitTest name="DisplayErrorOnNotificationArea_NoItemsSupportedSearchError_Success" storage="d:\actions-runner\_work\xpco\xpco\sc\components\remoteviewer\smartclient\tst\zsmartclient_unittest\bin\x64\debug\net472\zsmartclient_unittest.dll" id="5c82a30b-ee73-73a7-ae23-b19a1b7c7820">
      <TestCategory>
        <TestCategoryItem TestCategory="SearchViewModels" />
      </TestCategory>
      <Execution id="18e345b1-4a5d-4165-a40e-9ca2499326fd" />
      <TestMethod codeBase="D:\actions-runner\_work\XPCO\XPCO\SC\Components\RemoteViewer\SmartClient\tst\zSmartClient_UnitTest\bin\x64\Debug\net472\zSmartClient_UnitTest.dll" adapterTypeName="executor://mstestadapter/v2" className="SmartClient_UnitTest.VideoOS.RemoteClient.Plugin.CentralizedSearch.ViewModels.SearchViewModelTests" name="DisplayErrorOnNotificationArea_NoItemsSupportedSearchError_Success" />
    </UnitTest>
    <UnitTest name="AddSelectedCameras_WithActiveSearchTemplateAndValidCamera_ActiveSearchTemplateModifiedSet" storage="d:\actions-runner\_work\xpco\xpco\sc\components\remoteviewer\smartclient\tst\zsmartclient_unittest\bin\x64\debug\net472\zsmartclient_unittest.dll" id="432a45cf-3feb-7030-7c65-5254973ebb20">
      <TestCategory>
        <TestCategoryItem TestCategory="SearchViewModels" />
      </TestCategory>
      <Execution id="9543cf6e-babd-4c63-80b3-79e9352b2ef6" />
      <TestMethod codeBase="D:\actions-runner\_work\XPCO\XPCO\SC\Components\RemoteViewer\SmartClient\tst\zSmartClient_UnitTest\bin\x64\Debug\net472\zSmartClient_UnitTest.dll" adapterTypeName="executor://mstestadapter/v2" className="SmartClient_UnitTest.VideoOS.RemoteClient.Plugin.CentralizedSearch.ViewModels.SearchViewModelTests" name="AddSelectedCameras_WithActiveSearchTemplateAndValidCamera_ActiveSearchTemplateModifiedSet" />
    </UnitTest>
    <UnitTest name="ValidateExportLocation_ShouldReturnFailResult_ExportFolderIsIllegal (True,True)" storage="d:\actions-runner\_work\xpco\xpco\sc\components\remoteviewer\smartclient\tst\zsmartclient_unittest\bin\x64\debug\net472\zsmartclient_unittest.dll" id="c31c0655-edc1-f75e-ad95-999fd95393d5">
      <TestCategory>
        <TestCategoryItem TestCategory="Export" />
      </TestCategory>
      <Execution id="81a2f9ea-48fb-4667-9674-876fc4518e31" />
      <TestMethod codeBase="D:\actions-runner\_work\XPCO\XPCO\SC\Components\RemoteViewer\SmartClient\tst\zSmartClient_UnitTest\bin\x64\Debug\net472\zSmartClient_UnitTest.dll" adapterTypeName="executor://mstestadapter/v2" className="SmartClient_UnitTest.VideoOS.RemoteClient.Plugin.Export.ExportDataValidatorTests" name="ValidateExportLocation_ShouldReturnFailResult_ExportFolderIsIllegal" />
    </UnitTest>
    <UnitTest name="MapOutputIcons_WhenMilestoneOemResource_ShouldReturnTwoIcons" storage="d:\actions-runner\_work\xpco\xpco\sc\components\remoteviewer\smartclient\tst\zsmartclient_unittest\bin\x64\debug\net472\zsmartclient_unittest.dll" id="d2403e41-fe85-53e9-35b9-5ba516826082">
      <Execution id="959dbd7e-b779-481a-a10a-36fd27d8d036" />
      <TestMethod codeBase="D:\actions-runner\_work\XPCO\XPCO\SC\Components\RemoteViewer\SmartClient\tst\zSmartClient_UnitTest\bin\x64\Debug\net472\zSmartClient_UnitTest.dll" adapterTypeName="executor://mstestadapter/v2" className="SmartClient_UnitTest.VideoOS.RemoteClient.Application.Controllers.OemResourceControllerTest" name="MapOutputIcons_WhenMilestoneOemResource_ShouldReturnTwoIcons" />
    </UnitTest>
    <UnitTest name="GetLayerFeatures_ShouldReturnInputLayerFeatures_WhenInputKind" storage="d:\actions-runner\_work\xpco\xpco\sc\components\remoteviewer\smartclient\tst\zsmartclient_unittest\bin\x64\debug\net472\zsmartclient_unittest.dll" id="fde63fcf-969d-dfa6-38ad-696fd5d00bc2">
      <TestCategory>
        <TestCategoryItem TestCategory="GisMapData.Controllers.LayerFeatures" />
      </TestCategory>
      <Execution id="07a777b4-41f2-44d6-858a-77fb958f04a3" />
      <TestMethod codeBase="D:\actions-runner\_work\XPCO\XPCO\SC\Components\RemoteViewer\SmartClient\tst\zSmartClient_UnitTest\bin\x64\Debug\net472\zSmartClient_UnitTest.dll" adapterTypeName="executor://mstestadapter/v2" className="SmartClient_UnitTest.VideoOS.RemoteClient.GisMapData.Controllers.LayerFeatures.LayerFeaturesControllerTests" name="GetLayerFeatures_ShouldReturnInputLayerFeatures_WhenInputKind" />
    </UnitTest>
    <UnitTest name="SupportsRightClick_ShouldBeTrue_WhenInteractionStateIsNormal" storage="d:\actions-runner\_work\xpco\xpco\sc\components\remoteviewer\smartclient\tst\zsmartclient_unittest\bin\x64\debug\net472\zsmartclient_unittest.dll" id="10dd7bf8-f28a-4f0c-1dc0-23b4c2def703">
      <TestCategory>
        <TestCategoryItem TestCategory="GisMap.OutputMarkerTest" />
      </TestCategory>
      <Execution id="181bfe8b-e620-45df-aa61-740401a60e57" />
      <TestMethod codeBase="D:\actions-runner\_work\XPCO\XPCO\SC\Components\RemoteViewer\SmartClient\tst\zSmartClient_UnitTest\bin\x64\Debug\net472\zSmartClient_UnitTest.dll" adapterTypeName="executor://mstestadapter/v2" className="SmartClient_UnitTest.VideoOS.RemoteClient.Plugin.GisMap.ThinkGeoMap.Markers.DeviceMarkers.OutputMarker.OutputMarkerTests" name="SupportsRightClick_ShouldBeTrue_WhenInteractionStateIsNormal" />
    </UnitTest>
    <UnitTest name="AddSelectedWindowsToExport_ShouldShowCorrectToastMessages (5,5,5)" storage="d:\actions-runner\_work\xpco\xpco\sc\components\remoteviewer\smartclient\tst\zsmartclient_unittest\bin\x64\debug\net472\zsmartclient_unittest.dll" id="4a2ca9ff-adc0-1722-277d-f773fee59568">
      <TestCategory>
        <TestCategoryItem TestCategory="Managers" />
      </TestCategory>
      <Execution id="f9689a18-05ad-416a-b611-48af6a09b6cd" />
      <TestMethod codeBase="D:\actions-runner\_work\XPCO\XPCO\SC\Components\RemoteViewer\SmartClient\tst\zSmartClient_UnitTest\bin\x64\Debug\net472\zSmartClient_UnitTest.dll" adapterTypeName="executor://mstestadapter/v2" className="SmartClient_UnitTest.VideoOS.RemoteClient.Application.Managers.ExportManagerTests" name="AddSelectedWindowsToExport_ShouldShowCorrectToastMessages" />
    </UnitTest>
    <UnitTest name="True" storage="d:\actions-runner\_work\xpco\xpco\sc\components\remoteviewer\smartclient\tst\zsmartclient_unittest\bin\x64\debug\net472\zsmartclient_unittest.dll" id="84b93a3f-06e6-2db5-d48c-76967b5d9e52">
      <TestCategory>
        <TestCategoryItem TestCategory="WorkspaceToolbar" />
      </TestCategory>
      <Execution id="4a1d1b05-14b5-4326-a3ab-1aa6bc6f04c9" />
      <TestMethod codeBase="D:\actions-runner\_work\XPCO\XPCO\SC\Components\RemoteViewer\SmartClient\tst\zSmartClient_UnitTest\bin\x64\Debug\net472\zSmartClient_UnitTest.dll" adapterTypeName="executor://mstestadapter/v2" className="SmartClient_UnitTest.VideoOS.RemoteClient.Application.Data.WorkspaceToolbar.WorkspaceToolbarItemMipPluginTests" name="BindingModelEnabled_Matches_PluginInstanceEnabled" />
    </UnitTest>
    <UnitTest name="PatrollingProfileListViewModel_CanExecuteDeleteProfile_Profile_Selected" storage="d:\actions-runner\_work\xpco\xpco\sc\components\remoteviewer\smartclient\tst\zsmartclient_unittest\bin\x64\debug\net472\zsmartclient_unittest.dll" id="227dae21-47d4-ba20-0c10-f41a6c7e9f9c">
      <Execution id="a8b6e0ac-a2fe-46b6-8212-ab62ff319d21" />
      <TestMethod codeBase="D:\actions-runner\_work\XPCO\XPCO\SC\Components\RemoteViewer\SmartClient\tst\zSmartClient_UnitTest\bin\x64\Debug\net472\zSmartClient_UnitTest.dll" adapterTypeName="executor://mstestadapter/v2" className="SmartClient_UnitTest.VideoOS.RemoteClient.Application.UI.PtzPreset.PatrollingViewModel.PatrollingProfileListViewModelTest" name="PatrollingProfileListViewModel_CanExecuteDeleteProfile_Profile_Selected" />
    </UnitTest>
    <UnitTest name="Ctor_NullControllerManager_Throws" storage="d:\actions-runner\_work\xpco\xpco\sc\components\remoteviewer\smartclient\tst\zsmartclient_unittest\bin\x64\debug\net472\zsmartclient_unittest.dll" id="ae8385af-29cc-f7d5-51ff-84300db47ada">
      <TestCategory>
        <TestCategoryItem TestCategory="Search" />
      </TestCategory>
      <Execution id="bf9060ef-94ef-4dcc-ad1c-e7e403dcfef4" />
      <TestMethod codeBase="D:\actions-runner\_work\XPCO\XPCO\SC\Components\RemoteViewer\SmartClient\tst\zSmartClient_UnitTest\bin\x64\Debug\net472\zSmartClient_UnitTest.dll" adapterTypeName="executor://mstestadapter/v2" className="SmartClient_UnitTest.VideoOS.RemoteClient.Plugin.CentralizedSearch.ViewModels.SearchDefinitionViewModelTests" name="Ctor_NullControllerManager_Throws" />
    </UnitTest>
    <UnitTest name="CreateSearchDefinition_MultipleCalls_FactoryInvokedWithUniqueSearchManagers" storage="d:\actions-runner\_work\xpco\xpco\sc\components\remoteviewer\smartclient\tst\zsmartclient_unittest\bin\x64\debug\net472\zsmartclient_unittest.dll" id="9d8dbace-9130-7ffd-4719-3c557ceeb743">
      <TestCategory>
        <TestCategoryItem TestCategory="Search" />
      </TestCategory>
      <Execution id="08580a16-a407-41a8-b738-5466238f7076" />
      <TestMethod codeBase="D:\actions-runner\_work\XPCO\XPCO\SC\Components\RemoteViewer\SmartClient\tst\zSmartClient_UnitTest\bin\x64\Debug\net472\zSmartClient_UnitTest.dll" adapterTypeName="executor://mstestadapter/v2" className="SmartClient_UnitTest.VideoOS.RemoteClient.Plugin.CentralizedSearch.MIPPlugin.CompositeSearchAgentTests" name="CreateSearchDefinition_MultipleCalls_FactoryInvokedWithUniqueSearchManagers" />
    </UnitTest>
    <UnitTest name="Decorate_ShouldRaiseArgumentNullException_WhenLayerVisibilityItemDataIsNull" storage="d:\actions-runner\_work\xpco\xpco\sc\components\remoteviewer\smartclient\tst\zsmartclient_unittest\bin\x64\debug\net472\zsmartclient_unittest.dll" id="fd462d91-75b7-b364-0ac2-28f926aa5acd">
      <TestCategory>
        <TestCategoryItem TestCategory="GisMap.LayerVisibilityItemDataChildrenToggleItemDecoratorTests" />
      </TestCategory>
      <Execution id="1cc059c3-2313-47c3-ba9e-60501e2094f4" />
      <TestMethod codeBase="D:\actions-runner\_work\XPCO\XPCO\SC\Components\RemoteViewer\SmartClient\tst\zSmartClient_UnitTest\bin\x64\Debug\net472\zSmartClient_UnitTest.dll" adapterTypeName="executor://mstestadapter/v2" className="SmartClient_UnitTest.VideoOS.RemoteClient.Plugin.GisMap.ViewModels.LayersVisibility.Decorators.LayerVisibilityItemDataChildrenToggleItemDecoratorTests" name="Decorate_ShouldRaiseArgumentNullException_WhenLayerVisibilityItemDataIsNull" />
    </UnitTest>
    <UnitTest name="Convert_ShouldRaiseInvalidCastException_WhenValueIsNotAnInteractionState" storage="d:\actions-runner\_work\xpco\xpco\sc\components\remoteviewer\smartclient\tst\zsmartclient_unittest\bin\x64\debug\net472\zsmartclient_unittest.dll" id="c30ded44-b30e-59c8-d179-eddc682c6ef5">
      <TestCategory>
        <TestCategoryItem TestCategory="GisMap.InteractionStateConverter" />
      </TestCategory>
      <Execution id="1ec9fbfc-66d8-47d2-966f-7416f3ef297e" />
      <TestMethod codeBase="D:\actions-runner\_work\XPCO\XPCO\SC\Components\RemoteViewer\SmartClient\tst\zSmartClient_UnitTest\bin\x64\Debug\net472\zSmartClient_UnitTest.dll" adapterTypeName="executor://mstestadapter/v2" className="SmartClient_UnitTest.VideoOS.RemoteClient.Plugin.GisMap.View.InteractionStateConverterTests" name="Convert_ShouldRaiseInvalidCastException_WhenValueIsNotAnInteractionState" />
    </UnitTest>
    <UnitTest name="FetchDeviceConfiguration_ShouldNotLoadCache_WhenCacheFileIsPresentButFetchTypeIsOnlyServer" storage="d:\actions-runner\_work\xpco\xpco\sc\components\remoteviewer\smartclient\tst\zsmartclient_unittest\bin\x64\debug\net472\zsmartclient_unittest.dll" id="e6a27a32-2825-5e2a-a774-c78b32a20322">
      <Execution id="1b8bda68-1f01-4487-b46b-ab0875eab7ed" />
      <TestMethod codeBase="D:\actions-runner\_work\XPCO\XPCO\SC\Components\RemoteViewer\SmartClient\tst\zSmartClient_UnitTest\bin\x64\Debug\net472\zSmartClient_UnitTest.dll" adapterTypeName="executor://mstestadapter/v2" className="SmartClient_UnitTest.VideoOS.RemoteClient.Application.Controllers.Helpers.DeviceConfigurationFetcherTests" name="FetchDeviceConfiguration_ShouldNotLoadCache_WhenCacheFileIsPresentButFetchTypeIsOnlyServer" />
    </UnitTest>
    <UnitTest name="SearchResultCombineType_ShouldNotStartSearch_WhenValueDoesNotChanges" storage="d:\actions-runner\_work\xpco\xpco\sc\components\remoteviewer\smartclient\tst\zsmartclient_unittest\bin\x64\debug\net472\zsmartclient_unittest.dll" id="1189299d-d6c8-7716-1cc1-5c418c696590">
      <TestCategory>
        <TestCategoryItem TestCategory="SearchViewModels" />
      </TestCategory>
      <Execution id="83e02e3c-2881-44de-b3af-01c6dede8e0c" />
      <TestMethod codeBase="D:\actions-runner\_work\XPCO\XPCO\SC\Components\RemoteViewer\SmartClient\tst\zSmartClient_UnitTest\bin\x64\Debug\net472\zSmartClient_UnitTest.dll" adapterTypeName="executor://mstestadapter/v2" className="SmartClient_UnitTest.VideoOS.RemoteClient.Plugin.CentralizedSearch.ViewModels.SearchViewModelTests" name="SearchResultCombineType_ShouldNotStartSearch_WhenValueDoesNotChanges" />
    </UnitTest>
    <UnitTest name="UpdateWorkspaceToolbarItemsState_ShouldUpdateToolbarItemState_WhenWorkspaceStateChanges" storage="d:\actions-runner\_work\xpco\xpco\sc\components\remoteviewer\smartclient\tst\zsmartclient_unittest\bin\x64\debug\net472\zsmartclient_unittest.dll" id="6ce0ebd1-2fbb-36d1-63ea-8fff8a05554e">
      <TestCategory>
        <TestCategoryItem TestCategory="WorkspaceToolbar" />
      </TestCategory>
      <Execution id="8e1a1f14-88d9-46aa-9489-0c8c6603feda" />
      <TestMethod codeBase="D:\actions-runner\_work\XPCO\XPCO\SC\Components\RemoteViewer\SmartClient\tst\zSmartClient_UnitTest\bin\x64\Debug\net472\zSmartClient_UnitTest.dll" adapterTypeName="executor://mstestadapter/v2" className="SmartClient_UnitTest.VideoOS.RemoteClient.Application.UI.Content.WorkspaceToolbar.MIPWorkspaceToolbarItemManagerTests" name="UpdateWorkspaceToolbarItemsState_ShouldUpdateToolbarItemState_WhenWorkspaceStateChanges" />
    </UnitTest>
    <UnitTest name="GetGuidProviderStrategyByEventServerId_ShouldReturnOneMd5Strategy_WhenEventServerIdIsNonFipsCompliant" storage="d:\actions-runner\_work\xpco\xpco\sc\components\remoteviewer\smartclient\tst\zsmartclient_unittest\bin\x64\debug\net472\zsmartclient_unittest.dll" id="fefc1ca8-7f95-c638-84b7-b1c00b90c427">
      <TestCategory>
        <TestCategoryItem TestCategory="AccessControl.Services" />
      </TestCategory>
      <Execution id="969597b1-0830-4bc8-bbc3-144ed733fa18" />
      <TestMethod codeBase="D:\actions-runner\_work\XPCO\XPCO\SC\Components\RemoteViewer\SmartClient\tst\zSmartClient_UnitTest\bin\x64\Debug\net472\zSmartClient_UnitTest.dll" adapterTypeName="executor://mstestadapter/v2" className="SmartClient_UnitTest.VideoOS.RemoteClient.AccessControl.Services.AccessControlGuidProviderTests" name="GetGuidProviderStrategyByEventServerId_ShouldReturnOneMd5Strategy_WhenEventServerIdIsNonFipsCompliant" />
    </UnitTest>
    <UnitTest name="GetUserName_ShouldReturnUserNamePartOfNetworkCredentials_WhenNetworkCredentialsContainsAUserName" storage="d:\actions-runner\_work\xpco\xpco\sc\components\remoteviewer\smartclient\tst\zsmartclient_unittest\bin\x64\debug\net472\zsmartclient_unittest.dll" id="c6be3c70-f05e-da41-cdde-2e744b71ec65">
      <TestCategory>
        <TestCategoryItem TestCategory="Authentication.ClientCredentials" />
      </TestCategory>
      <Execution id="5c9e3425-f603-4746-9deb-ab3192e1091b" />
      <TestMethod codeBase="D:\actions-runner\_work\XPCO\XPCO\SC\Components\RemoteViewer\SmartClient\tst\zSmartClient_UnitTest\bin\x64\Debug\net472\zSmartClient_UnitTest.dll" adapterTypeName="executor://mstestadapter/v2" className="SmartClient_UnitTest.VideoOS.Shared.ServerAPI.ClientCredentialsTest" name="GetUserName_ShouldReturnUserNamePartOfNetworkCredentials_WhenNetworkCredentialsContainsAUserName" />
    </UnitTest>
    <UnitTest name="BookmarkSearchTime_WithSearchStringInDifferentCases_ReturnCorrectBookmarkWithSearchStringInHeader (SeArChStRiNg,True,False,True,True,,,1)" storage="d:\actions-runner\_work\xpco\xpco\sc\components\remoteviewer\smartclient\tst\zsmartclient_unittest\bin\x64\debug\net472\zsmartclient_unittest.dll" id="2a5bdc9b-a4a1-6e5d-d8c0-74a33d9867c4">
      <Execution id="24434f35-d792-474a-82ba-3666569e7949" />
      <TestMethod codeBase="D:\actions-runner\_work\XPCO\XPCO\SC\Components\RemoteViewer\SmartClient\tst\zSmartClient_UnitTest\bin\x64\Debug\net472\zSmartClient_UnitTest.dll" adapterTypeName="executor://mstestadapter/v2" className="SmartClient_UnitTest.VideoOS.RemoteClient.Application.Data.Offline.UnitTest.BookmarkExportReaderTest" name="BookmarkSearchTime_WithSearchStringInDifferentCases_ReturnCorrectBookmarkWithSearchStringInHeader" />
    </UnitTest>
    <UnitTest name="Parse_Success" storage="d:\actions-runner\_work\xpco\xpco\sc\components\remoteviewer\smartclient\tst\zsmartclient_unittest\bin\x64\debug\net472\zsmartclient_unittest.dll" id="56f5cfe7-c187-684a-c730-d4624e106c42">
      <Execution id="28a2bda7-0333-4eb6-a13e-c8a86a2f6506" />
      <TestMethod codeBase="D:\actions-runner\_work\XPCO\XPCO\SC\Components\RemoteViewer\SmartClient\tst\zSmartClient_UnitTest\bin\x64\Debug\net472\zSmartClient_UnitTest.dll" adapterTypeName="executor://mstestadapter/v2" className="SmartClient_UnitTest.VideoOS.RemoteClient.Application.PerformanceCounters.ConfigurationTests" name="Parse_Success" />
    </UnitTest>
    <UnitTest name="SearchCriteriaOnChanged_ShouldNotThrow_WhenNoRegionSelectionOrSmartSearchFilterValuesAdded" storage="d:\actions-runner\_work\xpco\xpco\sc\components\remoteviewer\smartclient\tst\zsmartclient_unittest\bin\x64\debug\net472\zsmartclient_unittest.dll" id="63135864-bbed-7d2f-1686-fca6f6a9f030">
      <TestCategory>
        <TestCategoryItem TestCategory="Search.Wrappers" />
      </TestCategory>
      <Execution id="4bf38745-5100-45ec-bae8-5ee79f45e05b" />
      <TestMethod codeBase="D:\actions-runner\_work\XPCO\XPCO\SC\Components\RemoteViewer\SmartClient\tst\zSmartClient_UnitTest\bin\x64\Debug\net472\zSmartClient_UnitTest.dll" adapterTypeName="executor://mstestadapter/v2" className="SmartClient_UnitTest.VideoOS.RemoteClient.Plugin.CentralizedSearch.Models.Wrappers.SearchDefinitionWrapperTests" name="SearchCriteriaOnChanged_ShouldNotThrow_WhenNoRegionSelectionOrSmartSearchFilterValuesAdded" />
    </UnitTest>
    <UnitTest name="AddToExportDevices_ShouldReturnCorrectResult (1,1,0)" storage="d:\actions-runner\_work\xpco\xpco\sc\components\remoteviewer\smartclient\tst\zsmartclient_unittest\bin\x64\debug\net472\zsmartclient_unittest.dll" id="a4ca9f4d-7da9-49ee-3144-e59fceacf949">
      <TestCategory>
        <TestCategoryItem TestCategory="Managers" />
      </TestCategory>
      <Execution id="4d739aa8-ef60-4ebc-a07a-74eb87f6bf93" />
      <TestMethod codeBase="D:\actions-runner\_work\XPCO\XPCO\SC\Components\RemoteViewer\SmartClient\tst\zSmartClient_UnitTest\bin\x64\Debug\net472\zSmartClient_UnitTest.dll" adapterTypeName="executor://mstestadapter/v2" className="SmartClient_UnitTest.VideoOS.RemoteClient.Application.Managers.ExportManagerTests" name="AddToExportDevices_ShouldReturnCorrectResult" />
    </UnitTest>
    <UnitTest name="ToSafeName_MultpleUnsafeName_Success" storage="d:\actions-runner\_work\xpco\xpco\sc\components\remoteviewer\smartclient\tst\zsmartclient_unittest\bin\x64\debug\net472\zsmartclient_unittest.dll" id="c0babfb5-0c51-8e86-82e8-b342920c9494">
      <Execution id="aa62ea3d-ac2f-47ef-9ce6-dc9d36cbe237" />
      <TestMethod codeBase="D:\actions-runner\_work\XPCO\XPCO\SC\Components\RemoteViewer\SmartClient\tst\zSmartClient_UnitTest\bin\x64\Debug\net472\zSmartClient_UnitTest.dll" adapterTypeName="executor://mstestadapter/v2" className="SmartClient_UnitTest.VideoOS.RemoteClient.Application.Common.Scripting.ReservedJavascriptKeywordsTests" name="ToSafeName_MultpleUnsafeName_Success" />
    </UnitTest>
    <UnitTest name="Execute_OkCommand_DialogResultReturnsTrue" storage="d:\actions-runner\_work\xpco\xpco\sc\components\remoteviewer\smartclient\tst\zsmartclient_unittest\bin\x64\debug\net472\zsmartclient_unittest.dll" id="c277206d-3ad5-99fa-fd35-5b55265763de">
      <Execution id="92740a76-a863-4656-9fc6-7b201b595b05" />
      <TestMethod codeBase="D:\actions-runner\_work\XPCO\XPCO\SC\Components\RemoteViewer\SmartClient\tst\zSmartClient_UnitTest\bin\x64\Debug\net472\zSmartClient_UnitTest.dll" adapterTypeName="executor://mstestadapter/v2" className="SmartClient_UnitTest.VideoOS.RemoteClient.Application.UI.Common.MessageBoxWithList.MessageBoxWithListViewModelTests" name="Execute_OkCommand_DialogResultReturnsTrue" />
    </UnitTest>
    <UnitTest name="Ctor_NullCaption_ThrowsException" storage="d:\actions-runner\_work\xpco\xpco\sc\components\remoteviewer\smartclient\tst\zsmartclient_unittest\bin\x64\debug\net472\zsmartclient_unittest.dll" id="935f9d23-02e5-8e42-a5d2-10f08e3ce4fe">
      <Execution id="47a8a58f-206e-4af2-828c-769fb1a8c34f" />
      <TestMethod codeBase="D:\actions-runner\_work\XPCO\XPCO\SC\Components\RemoteViewer\SmartClient\tst\zSmartClient_UnitTest\bin\x64\Debug\net472\zSmartClient_UnitTest.dll" adapterTypeName="executor://mstestadapter/v2" className="SmartClient_UnitTest.VideoOS.RemoteClient.Application.UI.Common.MessageBoxWithList.MessageBoxWithListViewModelTests" name="Ctor_NullCaption_ThrowsException" />
    </UnitTest>
    <UnitTest name="HandleGetDeviceData_ShouldReturnCameraData_WhenCameraKindAndExistingCameraId" storage="d:\actions-runner\_work\xpco\xpco\sc\components\remoteviewer\smartclient\tst\zsmartclient_unittest\bin\x64\debug\net472\zsmartclient_unittest.dll" id="06d7b27d-6e66-2e53-04a1-64a9308dafcb">
      <TestCategory>
        <TestCategoryItem TestCategory="GisMap.Handlers.Devices.MapItems" />
      </TestCategory>
      <Execution id="a27ce81a-73a2-48c2-a4b0-b9ee425eb3d1" />
      <TestMethod codeBase="D:\actions-runner\_work\XPCO\XPCO\SC\Components\RemoteViewer\SmartClient\tst\zSmartClient_UnitTest\bin\x64\Debug\net472\zSmartClient_UnitTest.dll" adapterTypeName="executor://mstestadapter/v2" className="SmartClient_UnitTest.VideoOS.RemoteClient.Plugin.GisMap.Handlers.Devices.MapItems.CameraDataHandlerTests" name="HandleGetDeviceData_ShouldReturnCameraData_WhenCameraKindAndExistingCameraId" />
    </UnitTest>
    <UnitTest name="TestUpdateState_3NonCamera" storage="d:\actions-runner\_work\xpco\xpco\sc\components\remoteviewer\smartclient\tst\zsmartclient_unittest\bin\x64\debug\net472\zsmartclient_unittest.dll" id="da571dbb-0f8b-5648-4221-79651d811e25">
      <TestCategory>
        <TestCategoryItem TestCategory="WorkspaceToolbar" />
      </TestCategory>
      <Execution id="b67ac1ea-e6cc-40c6-9915-29754ed5c091" />
      <TestMethod codeBase="D:\actions-runner\_work\XPCO\XPCO\SC\Components\RemoteViewer\SmartClient\tst\zSmartClient_UnitTest\bin\x64\Debug\net472\zSmartClient_UnitTest.dll" adapterTypeName="executor://mstestadapter/v2" className="SmartClient_UnitTest.VideoOS.RemoteClient.Application.Data.WorkspaceToolbar.WorkspaceToolbarItemSmartSearchTests" name="TestUpdateState_3NonCamera" />
    </UnitTest>
    <UnitTest name="Deserialize_MissingItemKind_Error" storage="d:\actions-runner\_work\xpco\xpco\sc\components\remoteviewer\smartclient\tst\zsmartclient_unittest\bin\x64\debug\net472\zsmartclient_unittest.dll" id="60c69ff5-89b2-197d-90c0-5219587cb80d">
      <TestCategory>
        <TestCategoryItem TestCategory="SearchSerialization" />
      </TestCategory>
      <Execution id="1b1ec9ee-3ae3-496c-bfc0-061f70b41255" />
      <TestMethod codeBase="D:\actions-runner\_work\XPCO\XPCO\SC\Components\RemoteViewer\SmartClient\tst\zSmartClient_UnitTest\bin\x64\Debug\net472\zSmartClient_UnitTest.dll" adapterTypeName="executor://mstestadapter/v2" className="SmartClient_UnitTest.VideoOS.RemoteClient.Plugin.CentralizedSearch.Models.Serialization.SearchSerializerTests" name="Deserialize_MissingItemKind_Error" />
    </UnitTest>
    <UnitTest name="ValidateExportName_ShouldReturnFailResult_InvalidCharactersInExportName (1213?)" storage="d:\actions-runner\_work\xpco\xpco\sc\components\remoteviewer\smartclient\tst\zsmartclient_unittest\bin\x64\debug\net472\zsmartclient_unittest.dll" id="a6efae3b-3424-1b71-e217-c61e2ebc0907">
      <TestCategory>
        <TestCategoryItem TestCategory="Export" />
      </TestCategory>
      <Execution id="881f8a51-3426-45e7-83f0-312fe7a0000f" />
      <TestMethod codeBase="D:\actions-runner\_work\XPCO\XPCO\SC\Components\RemoteViewer\SmartClient\tst\zSmartClient_UnitTest\bin\x64\Debug\net472\zSmartClient_UnitTest.dll" adapterTypeName="executor://mstestadapter/v2" className="SmartClient_UnitTest.VideoOS.RemoteClient.Plugin.Export.ExportDataValidatorTests" name="ValidateExportName_ShouldReturnFailResult_InvalidCharactersInExportName" />
    </UnitTest>
    <UnitTest name="Tooltip_ShouldShowUnmuteText_WhenMicrophoneIsMutedOnLiveModeAndUserHasListenPermissions" storage="d:\actions-runner\_work\xpco\xpco\sc\components\remoteviewer\smartclient\tst\zsmartclient_unittest\bin\x64\debug\net472\zsmartclient_unittest.dll" id="79e1afa4-43dc-dcc8-f757-ad97cc1a6215">
      <TestCategory>
        <TestCategoryItem TestCategory="GisMap.MicrophoneMarkerTest" />
      </TestCategory>
      <Execution id="ef3681ef-f7b3-4023-a421-76015233162c" />
      <TestMethod codeBase="D:\actions-runner\_work\XPCO\XPCO\SC\Components\RemoteViewer\SmartClient\tst\zSmartClient_UnitTest\bin\x64\Debug\net472\zSmartClient_UnitTest.dll" adapterTypeName="executor://mstestadapter/v2" className="SmartClient_UnitTest.VideoOS.RemoteClient.Plugin.GisMap.ThinkGeoMap.Markers.DeviceMarkers.MicrophoneMarker.MicrophoneMarkerTests" name="Tooltip_ShouldShowUnmuteText_WhenMicrophoneIsMutedOnLiveModeAndUserHasListenPermissions" />
    </UnitTest>
    <UnitTest name="GetCredential_ShouldThrowException_WhenUriIsNull" storage="d:\actions-runner\_work\xpco\xpco\sc\components\remoteviewer\smartclient\tst\zsmartclient_unittest\bin\x64\debug\net472\zsmartclient_unittest.dll" id="a86403c6-a793-aab2-0ab7-ce467563d7d6">
      <TestCategory>
        <TestCategoryItem TestCategory="Authentication.ClientCredentials" />
      </TestCategory>
      <Execution id="b0ccae23-758d-4265-8c88-dc9e319ae4f4" />
      <TestMethod codeBase="D:\actions-runner\_work\XPCO\XPCO\SC\Components\RemoteViewer\SmartClient\tst\zSmartClient_UnitTest\bin\x64\Debug\net472\zSmartClient_UnitTest.dll" adapterTypeName="executor://mstestadapter/v2" className="SmartClient_UnitTest.VideoOS.Shared.ServerAPI.ClientCredentialsTest" name="GetCredential_ShouldThrowException_WhenUriIsNull" />
    </UnitTest>
    <UnitTest name="Compare_NotNullVsNull_LessThan" storage="d:\actions-runner\_work\xpco\xpco\sc\components\remoteviewer\smartclient\tst\zsmartclient_unittest\bin\x64\debug\net472\zsmartclient_unittest.dll" id="42e0893f-9727-8df7-fab4-99edc06f1ca2">
      <TestCategory>
        <TestCategoryItem TestCategory="SearchComparers" />
      </TestCategory>
      <Execution id="b80af9a8-125e-4bb1-85d0-a61d309a6708" />
      <TestMethod codeBase="D:\actions-runner\_work\XPCO\XPCO\SC\Components\RemoteViewer\SmartClient\tst\zSmartClient_UnitTest\bin\x64\Debug\net472\zSmartClient_UnitTest.dll" adapterTypeName="executor://mstestadapter/v2" className="SmartClient_UnitTest.VideoOS.RemoteClient.Plugin.CentralizedSearch.Models.Wrappers.Comparers.TriggerTimeComparerTests" name="Compare_NotNullVsNull_LessThan" />
    </UnitTest>
    <UnitTest name="TestSwitchWorkroom_ByWorkSpaceId_Success" storage="d:\actions-runner\_work\xpco\xpco\sc\components\remoteviewer\smartclient\tst\zsmartclient_unittest\bin\x64\debug\net472\zsmartclient_unittest.dll" id="c619b254-8c86-c5cf-c771-3ea358787f56">
      <TestCategory>
        <TestCategoryItem TestCategory="WorkroomController" />
      </TestCategory>
      <Execution id="1be5f5a5-e0a7-4090-bb9a-ddf2fefecc94" />
      <TestMethod codeBase="D:\actions-runner\_work\XPCO\XPCO\SC\Components\RemoteViewer\SmartClient\tst\zSmartClient_UnitTest\bin\x64\Debug\net472\zSmartClient_UnitTest.dll" adapterTypeName="executor://mstestadapter/v2" className="VideoOS.RemoteClient.Application.Controllers.WorkroomController.UnitTest.TabWorkroomControllerTest" name="TestSwitchWorkroom_ByWorkSpaceId_Success" />
    </UnitTest>
    <UnitTest name="PatrollingProfileListViewModel_Constructor_Success" storage="d:\actions-runner\_work\xpco\xpco\sc\components\remoteviewer\smartclient\tst\zsmartclient_unittest\bin\x64\debug\net472\zsmartclient_unittest.dll" id="15dcfbd5-f39d-5642-bf0e-0d9eb38e85f1">
      <Execution id="49a5f72c-d570-468e-9a74-87aa11035fd9" />
      <TestMethod codeBase="D:\actions-runner\_work\XPCO\XPCO\SC\Components\RemoteViewer\SmartClient\tst\zSmartClient_UnitTest\bin\x64\Debug\net472\zSmartClient_UnitTest.dll" adapterTypeName="executor://mstestadapter/v2" className="SmartClient_UnitTest.VideoOS.RemoteClient.Application.UI.PtzPreset.PatrollingViewModel.PatrollingProfileListViewModelTest" name="PatrollingProfileListViewModel_Constructor_Success" />
    </UnitTest>
    <UnitTest name="CanEditRegionSelection_ShouldBeFalse_WhenHelperDoesNotAllowMoreRegionsToBeAdded" storage="d:\actions-runner\_work\xpco\xpco\sc\components\remoteviewer\smartclient\tst\zsmartclient_unittest\bin\x64\debug\net472\zsmartclient_unittest.dll" id="c2441b73-f50b-2134-daff-42ee09341afb">
      <TestCategory>
        <TestCategoryItem TestCategory="Search.Filters.ViewModels" />
      </TestCategory>
      <Execution id="e418f1f0-d1c4-404d-a2fc-720141c784dc" />
      <TestMethod codeBase="D:\actions-runner\_work\XPCO\XPCO\SC\Components\RemoteViewer\SmartClient\tst\zSmartClient_UnitTest\bin\x64\Debug\net472\zSmartClient_UnitTest.dll" adapterTypeName="executor://mstestadapter/v2" className="SmartClient_UnitTest.VideoOS.RemoteClient.Plugin.CentralizedSearch.MIPPlugin.Criteria.ViewModels.RegionSelectionAttributeEditControlViewModelTests" name="CanEditRegionSelection_ShouldBeFalse_WhenHelperDoesNotAllowMoreRegionsToBeAdded" />
    </UnitTest>
    <UnitTest name="IsMicrophoneUnmuted_ShouldBeTrue_WhenMicrophoneIsUnmuted" storage="d:\actions-runner\_work\xpco\xpco\sc\components\remoteviewer\smartclient\tst\zsmartclient_unittest\bin\x64\debug\net472\zsmartclient_unittest.dll" id="3898ccc9-d005-6a67-598e-bc078f848ef1">
      <TestCategory>
        <TestCategoryItem TestCategory="GisMapData.MapLayers" />
      </TestCategory>
      <Execution id="88dc25fd-2e98-4c93-bacc-aeaed555c592" />
      <TestMethod codeBase="D:\actions-runner\_work\XPCO\XPCO\SC\Components\RemoteViewer\SmartClient\tst\zSmartClient_UnitTest\bin\x64\Debug\net472\zSmartClient_UnitTest.dll" adapterTypeName="executor://mstestadapter/v2" className="SmartClient_UnitTest.VideoOS.RemoteClient.GisMapData.MapLayers.MicrophoneItemsMapLayerTests" name="IsMicrophoneUnmuted_ShouldBeTrue_WhenMicrophoneIsUnmuted" />
    </UnitTest>
    <UnitTest name="TestLoad_Success" storage="d:\actions-runner\_work\xpco\xpco\sc\components\remoteviewer\smartclient\tst\zsmartclient_unittest\bin\x64\debug\net472\zsmartclient_unittest.dll" id="8f753e63-32d9-0333-cd9b-b93644536674">
      <TestCategory>
        <TestCategoryItem TestCategory="GisMapBuilding" />
      </TestCategory>
      <Execution id="3ae3f1a8-debe-48f2-966a-b7f519a7578f" />
      <TestMethod codeBase="D:\actions-runner\_work\XPCO\XPCO\SC\Components\RemoteViewer\SmartClient\tst\zSmartClient_UnitTest\bin\x64\Debug\net472\zSmartClient_UnitTest.dll" adapterTypeName="executor://mstestadapter/v2" className="SmartClient_UnitTest.VideoOS.RemoteClient.GisMapData.MapBuildings.MapLevelTests" name="TestLoad_Success" />
    </UnitTest>
    <UnitTest name="FindSearchTemplatesAsync_ValidParameters_Success" storage="d:\actions-runner\_work\xpco\xpco\sc\components\remoteviewer\smartclient\tst\zsmartclient_unittest\bin\x64\debug\net472\zsmartclient_unittest.dll" id="4556e3ff-7a50-1b95-c5b1-f10c7d15ff66">
      <TestCategory>
        <TestCategoryItem TestCategory="SearchTemplatesService" />
      </TestCategory>
      <Execution id="a58e0a39-548f-4f2e-a9a0-649788445542" />
      <TestMethod codeBase="D:\actions-runner\_work\XPCO\XPCO\SC\Components\RemoteViewer\SmartClient\tst\zSmartClient_UnitTest\bin\x64\Debug\net472\zSmartClient_UnitTest.dll" adapterTypeName="executor://mstestadapter/v2" className="SmartClient_UnitTest.VideoOS.RemoteClient.Plugin.CentralizedSearch.SearchTemplates.Service.SearchTemplateServiceTests" name="FindSearchTemplatesAsync_ValidParameters_Success" />
    </UnitTest>
    <UnitTest name="IconValueConverter_ConvertInvalidIconSourceFallback_Success" storage="d:\actions-runner\_work\xpco\xpco\sc\components\remoteviewer\smartclient\tst\zsmartclient_unittest\bin\x64\debug\net472\zsmartclient_unittest.dll" id="9245a3fe-e6e8-4a14-f7b3-94227339454e">
      <TestCategory>
        <TestCategoryItem TestCategory="SearchConverter" />
      </TestCategory>
      <Execution id="83aebead-12ac-4bd6-82cd-7fdc61577592" />
      <TestMethod codeBase="D:\actions-runner\_work\XPCO\XPCO\SC\Components\RemoteViewer\SmartClient\tst\zSmartClient_UnitTest\bin\x64\Debug\net472\zSmartClient_UnitTest.dll" adapterTypeName="executor://mstestadapter/v2" className="SmartClient_UnitTest.VideoOS.RemoteClient.Plugin.CentralizedSearch.Views.Converters.IconValueConverterTests" name="IconValueConverter_ConvertInvalidIconSourceFallback_Success" />
    </UnitTest>
    <UnitTest name="OnLayersRetrieved_ShouldSetComponentsOrdered_WhenLayersCollectionContainsCamera" storage="d:\actions-runner\_work\xpco\xpco\sc\components\remoteviewer\smartclient\tst\zsmartclient_unittest\bin\x64\debug\net472\zsmartclient_unittest.dll" id="d9d0601b-6afc-d56b-58cd-43bff45267f6">
      <TestCategory>
        <TestCategoryItem TestCategory="GisMap.DeviceSelectorWindowViewModel" />
      </TestCategory>
      <Execution id="2b06902e-75e6-4ec9-84f6-cc30a5236115" />
      <TestMethod codeBase="D:\actions-runner\_work\XPCO\XPCO\SC\Components\RemoteViewer\SmartClient\tst\zSmartClient_UnitTest\bin\x64\Debug\net472\zSmartClient_UnitTest.dll" adapterTypeName="executor://mstestadapter/v2" className="SmartClient_UnitTest.VideoOS.RemoteClient.Plugin.GisMap.ViewModels.DeviceSelectorWindowViewModelTests" name="OnLayersRetrieved_ShouldSetComponentsOrdered_WhenLayersCollectionContainsCamera" />
    </UnitTest>
    <UnitTest name="Dispose_ShouldSetGisMapViewModelToNull_WhenCalled" storage="d:\actions-runner\_work\xpco\xpco\sc\components\remoteviewer\smartclient\tst\zsmartclient_unittest\bin\x64\debug\net472\zsmartclient_unittest.dll" id="cdf55ccf-9363-1335-a916-7ffe8ada8675">
      <TestCategory>
        <TestCategoryItem TestCategory="GisMap.LayerVisibilityViewModelTests" />
      </TestCategory>
      <Execution id="98e70de3-21ab-44e3-b3cf-ac1fa41cc37b" />
      <TestMethod codeBase="D:\actions-runner\_work\XPCO\XPCO\SC\Components\RemoteViewer\SmartClient\tst\zSmartClient_UnitTest\bin\x64\Debug\net472\zSmartClient_UnitTest.dll" adapterTypeName="executor://mstestadapter/v2" className="SmartClient_UnitTest.VideoOS.RemoteClient.Plugin.GisMap.ViewModels.LayerVisibilityViewModelTests" name="Dispose_ShouldSetGisMapViewModelToNull_WhenCalled" />
    </UnitTest>
    <UnitTest name="DrawCore_ShouldUseCachedMarkers_WhenRedrawSameData" storage="d:\actions-runner\_work\xpco\xpco\sc\components\remoteviewer\smartclient\tst\zsmartclient_unittest\bin\x64\debug\net472\zsmartclient_unittest.dll" id="c3862469-efa6-2b47-619c-2ccf15cc9a36">
      <TestCategory>
        <TestCategoryItem TestCategory="SmartMap.MapItemsOverlay" />
      </TestCategory>
      <Execution id="8d2db5c7-015f-4d26-987d-39a501cef971" />
      <TestMethod codeBase="D:\actions-runner\_work\XPCO\XPCO\SC\Components\RemoteViewer\SmartClient\tst\zSmartClient_UnitTest\bin\x64\Debug\net472\zSmartClient_UnitTest.dll" adapterTypeName="executor://mstestadapter/v2" className="SmartClient_UnitTest.VideoOS.RemoteClient.Plugin.GisMap.ThinkGeoMap.SpecializedOverlays.Overlays.MapItemsOverlayTests" name="DrawCore_ShouldUseCachedMarkers_WhenRedrawSameData" />
    </UnitTest>
    <UnitTest name="GetLayerFeatures_ShouldReturnMicrophoneLayerFeaturesBasedOnMicrophoneItemsMapLayer_WhenMicrophoneKind" storage="d:\actions-runner\_work\xpco\xpco\sc\components\remoteviewer\smartclient\tst\zsmartclient_unittest\bin\x64\debug\net472\zsmartclient_unittest.dll" id="616c12d5-722e-e683-3114-c8a71232eef2">
      <TestCategory>
        <TestCategoryItem TestCategory="GisMapData.Controllers.LayerFeatures" />
      </TestCategory>
      <Execution id="1e33ac4c-4de5-4021-aff7-91db0d63b3ae" />
      <TestMethod codeBase="D:\actions-runner\_work\XPCO\XPCO\SC\Components\RemoteViewer\SmartClient\tst\zSmartClient_UnitTest\bin\x64\Debug\net472\zSmartClient_UnitTest.dll" adapterTypeName="executor://mstestadapter/v2" className="SmartClient_UnitTest.VideoOS.RemoteClient.GisMapData.Controllers.LayerFeatures.LayerFeaturesControllerTests" name="GetLayerFeatures_ShouldReturnMicrophoneLayerFeaturesBasedOnMicrophoneItemsMapLayer_WhenMicrophoneKind" />
    </UnitTest>
    <UnitTest name="MapLayerType_ShouldBeCameraItemsMapLayer_WhenCalled" storage="d:\actions-runner\_work\xpco\xpco\sc\components\remoteviewer\smartclient\tst\zsmartclient_unittest\bin\x64\debug\net472\zsmartclient_unittest.dll" id="c6bb27a1-5619-6a1e-cb9a-a062fa5050e7">
      <Execution id="51aba852-beab-440e-99f4-392fb31f1d3e" />
      <TestMethod codeBase="D:\actions-runner\_work\XPCO\XPCO\SC\Components\RemoteViewer\SmartClient\tst\zSmartClient_UnitTest\bin\x64\Debug\net472\zSmartClient_UnitTest.dll" adapterTypeName="executor://mstestadapter/v2" className="SmartClient_UnitTest.VideoOS.RemoteClient.GisMapData.Strategies.MapLayers.CameraMapLayerDatagramClassFactoryStrategyTests" name="MapLayerType_ShouldBeCameraItemsMapLayer_WhenCalled" />
    </UnitTest>
    <UnitTest name="OpenStreetMapLayerIsDisabled_ShouldReturnTrue_WhenOpenStreetMapGeographicLayerOptionIsNotAvailableAndOpenStreetMapAlternativeServerIsEmpty" storage="d:\actions-runner\_work\xpco\xpco\sc\components\remoteviewer\smartclient\tst\zsmartclient_unittest\bin\x64\debug\net472\zsmartclient_unittest.dll" id="a11326b9-3454-b2a2-061f-4440307800dc">
      <TestCategory>
        <TestCategoryItem TestCategory="GisMapLayer" />
      </TestCategory>
      <Execution id="70f8b97f-2dc8-45f2-81f0-c176f05ffddb" />
      <TestMethod codeBase="D:\actions-runner\_work\XPCO\XPCO\SC\Components\RemoteViewer\SmartClient\tst\zSmartClient_UnitTest\bin\x64\Debug\net472\zSmartClient_UnitTest.dll" adapterTypeName="executor://mstestadapter/v2" className="SmartClient_UnitTest.VideoOS.RemoteClient.GisMap.MapLayers.GisMapLayerTests" name="OpenStreetMapLayerIsDisabled_ShouldReturnTrue_WhenOpenStreetMapGeographicLayerOptionIsNotAvailableAndOpenStreetMapAlternativeServerIsEmpty" />
    </UnitTest>
    <UnitTest name="Connect_WhenCredentialsIsNull_ShouldThrowException" storage="d:\actions-runner\_work\xpco\xpco\sc\components\remoteviewer\smartclient\tst\zsmartclient_unittest\bin\x64\debug\net472\zsmartclient_unittest.dll" id="a3df582b-9242-8550-dbc2-e8cf5432b6b2">
      <Execution id="733560e0-8808-4330-8b9b-324c8d40265a" />
      <TestMethod codeBase="D:\actions-runner\_work\XPCO\XPCO\SC\Components\RemoteViewer\SmartClient\tst\zSmartClient_UnitTest\bin\x64\Debug\net472\zSmartClient_UnitTest.dll" adapterTypeName="executor://mstestadapter/v2" className="VideoOS.Shared.ServerAPI.ServiceChannel.UnitTest.ServiceChannelCommandServiceTests" name="Connect_WhenCredentialsIsNull_ShouldThrowException" />
    </UnitTest>
    <UnitTest name="BookmarkSearchTime_WithSearchStringInDifferentCases_ReturnCorrectBookmarkWithSearchStringInDescription (wrong,False,True,False,False,,SeArChStRiNg,0)" storage="d:\actions-runner\_work\xpco\xpco\sc\components\remoteviewer\smartclient\tst\zsmartclient_unittest\bin\x64\debug\net472\zsmartclient_unittest.dll" id="1fa1b181-5d22-26ea-7e52-cb77efe3c864">
      <Execution id="bb444d26-0b6d-4165-bfb6-640654ecb78a" />
      <TestMethod codeBase="D:\actions-runner\_work\XPCO\XPCO\SC\Components\RemoteViewer\SmartClient\tst\zSmartClient_UnitTest\bin\x64\Debug\net472\zSmartClient_UnitTest.dll" adapterTypeName="executor://mstestadapter/v2" className="SmartClient_UnitTest.VideoOS.RemoteClient.Application.Data.Offline.UnitTest.BookmarkExportReaderTest" name="BookmarkSearchTime_WithSearchStringInDifferentCases_ReturnCorrectBookmarkWithSearchStringInDescription" />
    </UnitTest>
    <UnitTest name="PatrollingProfileViewModelTest_CreatePatrollingProfileViewModel_Success" storage="d:\actions-runner\_work\xpco\xpco\sc\components\remoteviewer\smartclient\tst\zsmartclient_unittest\bin\x64\debug\net472\zsmartclient_unittest.dll" id="7487436c-f2c5-4df4-5b49-6474bc347b87">
      <Execution id="16d37d8b-3738-4342-b3d8-8e05502656f4" />
      <TestMethod codeBase="D:\actions-runner\_work\XPCO\XPCO\SC\Components\RemoteViewer\SmartClient\tst\zSmartClient_UnitTest\bin\x64\Debug\net472\zSmartClient_UnitTest.dll" adapterTypeName="executor://mstestadapter/v2" className="SmartClient_UnitTest.VideoOS.RemoteClient.Application.UI.PtzPreset.PatrollingViewModel.PatrollingProfileViewModelTest" name="PatrollingProfileViewModelTest_CreatePatrollingProfileViewModel_Success" />
    </UnitTest>
    <UnitTest name="Tooltip_ShouldShowMuteText_WhenMicrophoneIsUnmutedOnLiveModeAndUserHasListenPermissions" storage="d:\actions-runner\_work\xpco\xpco\sc\components\remoteviewer\smartclient\tst\zsmartclient_unittest\bin\x64\debug\net472\zsmartclient_unittest.dll" id="6a8a8393-b45c-5684-e668-393262a5478a">
      <TestCategory>
        <TestCategoryItem TestCategory="GisMap.MicrophoneMarkerTest" />
      </TestCategory>
      <Execution id="3e97093f-5b9e-47f7-b6eb-7223d9226c95" />
      <TestMethod codeBase="D:\actions-runner\_work\XPCO\XPCO\SC\Components\RemoteViewer\SmartClient\tst\zSmartClient_UnitTest\bin\x64\Debug\net472\zSmartClient_UnitTest.dll" adapterTypeName="executor://mstestadapter/v2" className="SmartClient_UnitTest.VideoOS.RemoteClient.Plugin.GisMap.ThinkGeoMap.Markers.DeviceMarkers.MicrophoneMarker.MicrophoneMarkerTests" name="Tooltip_ShouldShowMuteText_WhenMicrophoneIsUnmutedOnLiveModeAndUserHasListenPermissions" />
    </UnitTest>
    <UnitTest name="Constructor1_ShouldNotAllowInjectionOfNulls" storage="d:\actions-runner\_work\xpco\xpco\sc\components\remoteviewer\smartclient\tst\zsmartclient_unittest\bin\x64\debug\net472\zsmartclient_unittest.dll" id="7e5f1658-9579-80ac-0889-217afa2e8ebf">
      <Execution id="1c029c7b-5d13-4ae6-8127-9ddc900e9c30" />
      <TestMethod codeBase="D:\actions-runner\_work\XPCO\XPCO\SC\Components\RemoteViewer\SmartClient\tst\zSmartClient_UnitTest\bin\x64\Debug\net472\zSmartClient_UnitTest.dll" adapterTypeName="executor://mstestadapter/v2" className="SmartClient_UnitTest.VideoOS.RemoteClient.Plugin.Export.PasswordDialogViewModelTests" name="Constructor1_ShouldNotAllowInjectionOfNulls" />
    </UnitTest>
    <UnitTest name="BuildSessionStarted_ShouldReturnCorrectValues" storage="d:\actions-runner\_work\xpco\xpco\sc\components\remoteviewer\smartclient\tst\zsmartclient_unittest\bin\x64\debug\net472\zsmartclient_unittest.dll" id="790684f3-79cb-8225-0da5-fcb35e52e25a">
      <Execution id="cb080abc-65b6-4e48-9db8-ab2f0fd05106" />
      <TestMethod codeBase="D:\actions-runner\_work\XPCO\XPCO\SC\Components\RemoteViewer\SmartClient\tst\zSmartClient_UnitTest\bin\x64\Debug\net472\zSmartClient_UnitTest.dll" adapterTypeName="executor://mstestadapter/v2" className="SmartClient_UnitTest.VideoOS.RemoteClient.Application.Common.Telemetry.TelemetryBuilderTests" name="BuildSessionStarted_ShouldReturnCorrectValues" />
    </UnitTest>
    <UnitTest name="GetKey_ShouldReturnValidConnectionString" storage="d:\actions-runner\_work\xpco\xpco\sc\components\remoteviewer\smartclient\tst\zsmartclient_unittest\bin\x64\debug\net472\zsmartclient_unittest.dll" id="89633d51-0a7e-1e94-929d-ec9b25c6de3a">
      <Execution id="9efaf4a7-65d0-480c-ac20-9dc590977f75" />
      <TestMethod codeBase="D:\actions-runner\_work\XPCO\XPCO\SC\Components\RemoteViewer\SmartClient\tst\zSmartClient_UnitTest\bin\x64\Debug\net472\zSmartClient_UnitTest.dll" adapterTypeName="executor://mstestadapter/v2" className="SmartClient_UnitTest.VideoOS.RemoteClient.Application.Common.Telemetry.TelemetryKeyProviderTests" name="GetKey_ShouldReturnValidConnectionString" />
    </UnitTest>
    <UnitTest name="Decorate_ShouldAddChildrenWithProperName_WhenThereAreLayersWithItemsImplementingITitleToggleable" storage="d:\actions-runner\_work\xpco\xpco\sc\components\remoteviewer\smartclient\tst\zsmartclient_unittest\bin\x64\debug\net472\zsmartclient_unittest.dll" id="a5f3c4e3-2515-5b34-ca88-e1bb40637adf">
      <TestCategory>
        <TestCategoryItem TestCategory="GisMap.LayerVisibilityItemDataChildrenToggleItemDecoratorTests" />
      </TestCategory>
      <Execution id="7171629f-4b56-41be-978c-020b554e3045" />
      <TestMethod codeBase="D:\actions-runner\_work\XPCO\XPCO\SC\Components\RemoteViewer\SmartClient\tst\zSmartClient_UnitTest\bin\x64\Debug\net472\zSmartClient_UnitTest.dll" adapterTypeName="executor://mstestadapter/v2" className="SmartClient_UnitTest.VideoOS.RemoteClient.Plugin.GisMap.ViewModels.LayersVisibility.Decorators.LayerVisibilityItemDataChildrenToggleItemDecoratorTests" name="Decorate_ShouldAddChildrenWithProperName_WhenThereAreLayersWithItemsImplementingITitleToggleable" />
    </UnitTest>
    <UnitTest name="GetMapLayerArguments_ShouldReturnIGisMapModel_WhenCalled" storage="d:\actions-runner\_work\xpco\xpco\sc\components\remoteviewer\smartclient\tst\zsmartclient_unittest\bin\x64\debug\net472\zsmartclient_unittest.dll" id="654dfcc7-b76a-e7bb-4995-363927b604e0">
      <Execution id="e7a79eb9-3422-4fe7-ab86-486b562b100a" />
      <TestMethod codeBase="D:\actions-runner\_work\XPCO\XPCO\SC\Components\RemoteViewer\SmartClient\tst\zSmartClient_UnitTest\bin\x64\Debug\net472\zSmartClient_UnitTest.dll" adapterTypeName="executor://mstestadapter/v2" className="SmartClient_UnitTest.VideoOS.RemoteClient.GisMapData.Strategies.MapLayers.ViewZoneItemsMapLayerDatagramClassFactoryStrategyTests" name="GetMapLayerArguments_ShouldReturnIGisMapModel_WhenCalled" />
    </UnitTest>
    <UnitTest name="CreateDefinition_TwoFiltersInCategory_TwoFilterValuesAddedToSearchCriteria" storage="d:\actions-runner\_work\xpco\xpco\sc\components\remoteviewer\smartclient\tst\zsmartclient_unittest\bin\x64\debug\net472\zsmartclient_unittest.dll" id="5837e4ca-1cc6-6c6e-80e5-27206d993c91">
      <TestCategory>
        <TestCategoryItem TestCategory="SearchModels" />
      </TestCategory>
      <Execution id="c39b1975-5e54-4a1c-869b-f592e70808d6" />
      <TestMethod codeBase="D:\actions-runner\_work\XPCO\XPCO\SC\Components\RemoteViewer\SmartClient\tst\zSmartClient_UnitTest\bin\x64\Debug\net472\zSmartClient_UnitTest.dll" adapterTypeName="executor://mstestadapter/v2" className="SmartClient_UnitTest.VideoOS.RemoteClient.Plugin.CentralizedSearch.Models.SearchModelTests" name="CreateDefinition_TwoFiltersInCategory_TwoFilterValuesAddedToSearchCriteria" />
    </UnitTest>
    <UnitTest name="SelectedSearchResultsChanged_InitiallyNotVisible_BecomesVisible" storage="d:\actions-runner\_work\xpco\xpco\sc\components\remoteviewer\smartclient\tst\zsmartclient_unittest\bin\x64\debug\net472\zsmartclient_unittest.dll" id="f31307eb-7ac9-c75e-b886-051d44063f63">
      <TestCategory>
        <TestCategoryItem TestCategory="SearchResultActionBarViewModel" />
      </TestCategory>
      <Execution id="a1a1658b-a87c-4428-ac17-70ca25ae7216" />
      <TestMethod codeBase="D:\actions-runner\_work\XPCO\XPCO\SC\Components\RemoteViewer\SmartClient\tst\zSmartClient_UnitTest\bin\x64\Debug\net472\zSmartClient_UnitTest.dll" adapterTypeName="executor://mstestadapter/v2" className="SmartClient_UnitTest.VideoOS.RemoteClient.Plugin.CentralizedSearch.ViewModels.SearchResultsActionBarViewModelTest" name="SelectedSearchResultsChanged_InitiallyNotVisible_BecomesVisible" />
    </UnitTest>
    <UnitTest name="AddToExportDevices_ShouldAddToExportData (5)" storage="d:\actions-runner\_work\xpco\xpco\sc\components\remoteviewer\smartclient\tst\zsmartclient_unittest\bin\x64\debug\net472\zsmartclient_unittest.dll" id="c435aae9-5b22-bdd0-e52d-6186cac6a468">
      <TestCategory>
        <TestCategoryItem TestCategory="Managers" />
      </TestCategory>
      <Execution id="8981940f-feef-4564-ad92-db6b449dc918" />
      <TestMethod codeBase="D:\actions-runner\_work\XPCO\XPCO\SC\Components\RemoteViewer\SmartClient\tst\zSmartClient_UnitTest\bin\x64\Debug\net472\zSmartClient_UnitTest.dll" adapterTypeName="executor://mstestadapter/v2" className="SmartClient_UnitTest.VideoOS.RemoteClient.Application.Managers.ExportManagerTests" name="AddToExportDevices_ShouldAddToExportData" />
    </UnitTest>
    <UnitTest name="FindSearchTemplatesAsync_ThrowException_Success" storage="d:\actions-runner\_work\xpco\xpco\sc\components\remoteviewer\smartclient\tst\zsmartclient_unittest\bin\x64\debug\net472\zsmartclient_unittest.dll" id="fd7a9f23-20c6-7435-b6cf-fa7d550f66d0">
      <TestCategory>
        <TestCategoryItem TestCategory="SearchTemplatesService" />
      </TestCategory>
      <Execution id="05ddc306-4219-445c-9820-82edf02812e6" />
      <TestMethod codeBase="D:\actions-runner\_work\XPCO\XPCO\SC\Components\RemoteViewer\SmartClient\tst\zSmartClient_UnitTest\bin\x64\Debug\net472\zSmartClient_UnitTest.dll" adapterTypeName="executor://mstestadapter/v2" className="SmartClient_UnitTest.VideoOS.RemoteClient.Plugin.CentralizedSearch.SearchTemplates.Service.SearchTemplateServiceTests" name="FindSearchTemplatesAsync_ThrowException_Success" />
    </UnitTest>
    <UnitTest name="BookmarkSearchTime_WithSearchStringInDifferentCases_ReturnCorrectBookmarkWithSearchStringInHeader (SeArChStRiNg,True,True,True,True,,,1)" storage="d:\actions-runner\_work\xpco\xpco\sc\components\remoteviewer\smartclient\tst\zsmartclient_unittest\bin\x64\debug\net472\zsmartclient_unittest.dll" id="5764435e-95eb-e757-9f1b-c59c8d326b1c">
      <Execution id="925b73bc-b9f1-4b26-8386-8cc6e439b21a" />
      <TestMethod codeBase="D:\actions-runner\_work\XPCO\XPCO\SC\Components\RemoteViewer\SmartClient\tst\zSmartClient_UnitTest\bin\x64\Debug\net472\zSmartClient_UnitTest.dll" adapterTypeName="executor://mstestadapter/v2" className="SmartClient_UnitTest.VideoOS.RemoteClient.Application.Data.Offline.UnitTest.BookmarkExportReaderTest" name="BookmarkSearchTime_WithSearchStringInDifferentCases_ReturnCorrectBookmarkWithSearchStringInHeader" />
    </UnitTest>
    <UnitTest name="ViewsAreSortedCorrectly" storage="d:\actions-runner\_work\xpco\xpco\sc\components\remoteviewer\smartclient\tst\zsmartclient_unittest\bin\x64\debug\net472\zsmartclient_unittest.dll" id="9f58f9ac-c237-b302-81b2-6eb6c67dcabf">
      <Execution id="797fc97d-565e-4057-a52b-fe0b3f0b686c" />
      <TestMethod codeBase="D:\actions-runner\_work\XPCO\XPCO\SC\Components\RemoteViewer\SmartClient\tst\zSmartClient_UnitTest\bin\x64\Debug\net472\zSmartClient_UnitTest.dll" adapterTypeName="executor://mstestadapter/v2" className="SmartClient_UnitTest.VideoOS.RemoteClient.Application.UI.Common.ViewTree.SortingTests" name="ViewsAreSortedCorrectly" />
    </UnitTest>
    <UnitTest name="EndTime_ShouldBeSetToValueOfSearchResult" storage="d:\actions-runner\_work\xpco\xpco\sc\components\remoteviewer\smartclient\tst\zsmartclient_unittest\bin\x64\debug\net472\zsmartclient_unittest.dll" id="65ef895f-879d-2d2d-7aa0-966d606f5376">
      <TestCategory>
        <TestCategoryItem TestCategory="Search.Wrappers" />
      </TestCategory>
      <Execution id="71205967-5d34-4ab3-977a-0f5c0584fef6" />
      <TestMethod codeBase="D:\actions-runner\_work\XPCO\XPCO\SC\Components\RemoteViewer\SmartClient\tst\zSmartClient_UnitTest\bin\x64\Debug\net472\zSmartClient_UnitTest.dll" adapterTypeName="executor://mstestadapter/v2" className="SmartClient_UnitTest.VideoOS.RemoteClient.Plugin.CentralizedSearch.Models.Wrappers.SearchResultDataWrapperTests" name="EndTime_ShouldBeSetToValueOfSearchResult" />
    </UnitTest>
    <UnitTest name="SupportsDoubleClick_ShouldBeFalse_WhenInteractionStateIsNotNormalAndNotInSetupMode" storage="d:\actions-runner\_work\xpco\xpco\sc\components\remoteviewer\smartclient\tst\zsmartclient_unittest\bin\x64\debug\net472\zsmartclient_unittest.dll" id="63448ae4-3822-6161-d46b-a6dd1dfe44fd">
      <TestCategory>
        <TestCategoryItem TestCategory="GisMap.LocationMarker" />
      </TestCategory>
      <Execution id="b2280f8b-a230-4d4f-ab25-c03ac7d12410" />
      <TestMethod codeBase="D:\actions-runner\_work\XPCO\XPCO\SC\Components\RemoteViewer\SmartClient\tst\zSmartClient_UnitTest\bin\x64\Debug\net472\zSmartClient_UnitTest.dll" adapterTypeName="executor://mstestadapter/v2" className="SmartClient_UnitTest.VideoOS.RemoteClient.Plugin.GisMap.ThinkGeoMap.Markers.LocationMarker.LocationMarkerTests" name="SupportsDoubleClick_ShouldBeFalse_WhenInteractionStateIsNotNormalAndNotInSetupMode" />
    </UnitTest>
    <UnitTest name="ConvertToNewLevel_OneLevelDown_Success" storage="d:\actions-runner\_work\xpco\xpco\sc\components\remoteviewer\smartclient\tst\zsmartclient_unittest\bin\x64\debug\net472\zsmartclient_unittest.dll" id="1947d432-ac4e-8ff4-6a61-109d18cd0bdb">
      <TestCategory>
        <TestCategoryItem TestCategory="GisMapIndex" />
      </TestCategory>
      <Execution id="4f29c771-3810-4205-9b41-bc64ce46ddaa" />
      <TestMethod codeBase="D:\actions-runner\_work\XPCO\XPCO\SC\Components\RemoteViewer\SmartClient\tst\zSmartClient_UnitTest\bin\x64\Debug\net472\zSmartClient_UnitTest.dll" adapterTypeName="executor://mstestadapter/v2" className="SmartClient_UnitTest.VideoOS.RemoteClient.GisMapData.Common.Indexer.IndexGridExtentTest" name="ConvertToNewLevel_OneLevelDown_Success" />
    </UnitTest>
    <UnitTest name="AddSelectedCameras_TooManyCameras_ValidateAllOptionCentralizedSearchMaxDeviceCountValues" storage="d:\actions-runner\_work\xpco\xpco\sc\components\remoteviewer\smartclient\tst\zsmartclient_unittest\bin\x64\debug\net472\zsmartclient_unittest.dll" id="90e28b3e-a0b2-cd0c-c5a2-021ebe10799d">
      <TestCategory>
        <TestCategoryItem TestCategory="SearchViewModels" />
      </TestCategory>
      <Execution id="3da8179a-8575-4219-94f5-9b98475a9bd9" />
      <TestMethod codeBase="D:\actions-runner\_work\XPCO\XPCO\SC\Components\RemoteViewer\SmartClient\tst\zSmartClient_UnitTest\bin\x64\Debug\net472\zSmartClient_UnitTest.dll" adapterTypeName="executor://mstestadapter/v2" className="SmartClient_UnitTest.VideoOS.RemoteClient.Plugin.CentralizedSearch.ViewModels.SearchViewModelTests" name="AddSelectedCameras_TooManyCameras_ValidateAllOptionCentralizedSearchMaxDeviceCountValues" />
    </UnitTest>
    <UnitTest name="LoadBoundingShapes_ManyVariants_LeastPossiblePathsAddedToUI" storage="d:\actions-runner\_work\xpco\xpco\sc\components\remoteviewer\smartclient\tst\zsmartclient_unittest\bin\x64\debug\net472\zsmartclient_unittest.dll" id="62414311-f47b-f1ac-7284-9bb4f606ff0e">
      <Execution id="0cce00b3-357f-4e08-8e61-ef7d44225794" />
      <TestMethod codeBase="D:\actions-runner\_work\XPCO\XPCO\SC\Components\RemoteViewer\SmartClient\tst\zSmartClient_UnitTest\bin\x64\Debug\net472\zSmartClient_UnitTest.dll" adapterTypeName="executor://mstestadapter/v2" className="SmartClient_UnitTest.VideoOS.RemoteClient.Plugin.CentralizedSearch.MIPPlugin.Results.VideoSearchResultUserControlTests" name="LoadBoundingShapes_ManyVariants_LeastPossiblePathsAddedToUI" />
    </UnitTest>
    <UnitTest name="HandleGetDeviceData_ShouldReturnNotFoundDeviceData_WhenCalled" storage="d:\actions-runner\_work\xpco\xpco\sc\components\remoteviewer\smartclient\tst\zsmartclient_unittest\bin\x64\debug\net472\zsmartclient_unittest.dll" id="9a94a475-1b0f-e9b3-ba5e-634b89ce686f">
      <TestCategory>
        <TestCategoryItem TestCategory="GisMap.Handlers.Devices.MapItems" />
      </TestCategory>
      <Execution id="2402b90a-918b-4262-ba88-c054df5f5454" />
      <TestMethod codeBase="D:\actions-runner\_work\XPCO\XPCO\SC\Components\RemoteViewer\SmartClient\tst\zSmartClient_UnitTest\bin\x64\Debug\net472\zSmartClient_UnitTest.dll" adapterTypeName="executor://mstestadapter/v2" className="SmartClient_UnitTest.VideoOS.RemoteClient.Plugin.GisMap.Handlers.Devices.MapItems.NotFoundDeviceDataHandlerTests" name="HandleGetDeviceData_ShouldReturnNotFoundDeviceData_WhenCalled" />
    </UnitTest>
    <UnitTest name="SupportsDoubleClick_ShouldBeTrue_WhenInteractionStateIsNewDevice" storage="d:\actions-runner\_work\xpco\xpco\sc\components\remoteviewer\smartclient\tst\zsmartclient_unittest\bin\x64\debug\net472\zsmartclient_unittest.dll" id="b6fde623-a6bd-ca8b-1185-e73065d6312e">
      <TestCategory>
        <TestCategoryItem TestCategory="GisMap.MicrophoneMarkerTest" />
      </TestCategory>
      <Execution id="4f3a3b6c-c4b9-479e-89e7-9ef8d40e103f" />
      <TestMethod codeBase="D:\actions-runner\_work\XPCO\XPCO\SC\Components\RemoteViewer\SmartClient\tst\zSmartClient_UnitTest\bin\x64\Debug\net472\zSmartClient_UnitTest.dll" adapterTypeName="executor://mstestadapter/v2" className="SmartClient_UnitTest.VideoOS.RemoteClient.Plugin.GisMap.ThinkGeoMap.Markers.DeviceMarkers.MicrophoneMarker.MicrophoneMarkerTests" name="SupportsDoubleClick_ShouldBeTrue_WhenInteractionStateIsNewDevice" />
    </UnitTest>
    <UnitTest name="Perform_ActionFastAfterFirst_Delay" storage="d:\actions-runner\_work\xpco\xpco\sc\components\remoteviewer\smartclient\tst\zsmartclient_unittest\bin\x64\debug\net472\zsmartclient_unittest.dll" id="c9e65ace-67e8-aaf0-227a-cc6ee9b8878a">
      <TestCategory>
        <TestCategoryItem TestCategory="UI.Facilitators" />
      </TestCategory>
      <Execution id="66e36d82-3719-4a8c-b077-2980b65e03f6" />
      <TestMethod codeBase="D:\actions-runner\_work\XPCO\XPCO\SC\Components\RemoteViewer\SmartClient\tst\zSmartClient_UnitTest\bin\x64\Debug\net472\zSmartClient_UnitTest.dll" adapterTypeName="executor://mstestadapter/v2" className="SmartClient_UnitTest.VideoOS.UI.Common.EventDrivenBufferWithDelayTests" name="Perform_ActionFastAfterFirst_Delay" />
    </UnitTest>
    <UnitTest name="PatrollingProfileViewModelTest_IsDirty" storage="d:\actions-runner\_work\xpco\xpco\sc\components\remoteviewer\smartclient\tst\zsmartclient_unittest\bin\x64\debug\net472\zsmartclient_unittest.dll" id="18ccdda0-c082-96fc-d95c-7842b85332a3">
      <Execution id="52434845-9b25-4afa-a068-f2c3b93b31c9" />
      <TestMethod codeBase="D:\actions-runner\_work\XPCO\XPCO\SC\Components\RemoteViewer\SmartClient\tst\zSmartClient_UnitTest\bin\x64\Debug\net472\zSmartClient_UnitTest.dll" adapterTypeName="executor://mstestadapter/v2" className="SmartClient_UnitTest.VideoOS.RemoteClient.Application.UI.PtzPreset.PatrollingViewModel.PatrollingProfileViewModelTest" name="PatrollingProfileViewModelTest_IsDirty" />
    </UnitTest>
    <UnitTest name="Add_ShouldAddViewItemToIncludedViewItemsForSelectedView" storage="d:\actions-runner\_work\xpco\xpco\sc\components\remoteviewer\smartclient\tst\zsmartclient_unittest\bin\x64\debug\net472\zsmartclient_unittest.dll" id="78ae1d5d-740b-66e6-7a5c-ade2279f3a28">
      <TestCategory>
        <TestCategoryItem TestCategory="ApplicationController" />
      </TestCategory>
      <Execution id="9bdfdde3-1f22-4853-8b78-0dbda47e36c0" />
      <TestMethod codeBase="D:\actions-runner\_work\XPCO\XPCO\SC\Components\RemoteViewer\SmartClient\tst\zSmartClient_UnitTest\bin\x64\Debug\net472\zSmartClient_UnitTest.dll" adapterTypeName="executor://mstestadapter/v2" className="VideoOS.RemoteClient.Application.Controllers.UnitTest.IncludedViewItemsTest" name="Add_ShouldAddViewItemToIncludedViewItemsForSelectedView" />
    </UnitTest>
    <UnitTest name="Ctor_CentralizedSearchStateWithNoSelectedSearchTemplate_ActiveSearchTemplateNotSet" storage="d:\actions-runner\_work\xpco\xpco\sc\components\remoteviewer\smartclient\tst\zsmartclient_unittest\bin\x64\debug\net472\zsmartclient_unittest.dll" id="cea1f122-04c5-bf3d-5adc-09ad4dc7f7c2">
      <TestCategory>
        <TestCategoryItem TestCategory="SearchViewModels" />
      </TestCategory>
      <Execution id="720bd387-6f15-45da-bfba-223bd9b6dfc0" />
      <TestMethod codeBase="D:\actions-runner\_work\XPCO\XPCO\SC\Components\RemoteViewer\SmartClient\tst\zSmartClient_UnitTest\bin\x64\Debug\net472\zSmartClient_UnitTest.dll" adapterTypeName="executor://mstestadapter/v2" className="SmartClient_UnitTest.VideoOS.RemoteClient.Plugin.CentralizedSearch.ViewModels.SearchViewModelTests" name="Ctor_CentralizedSearchStateWithNoSelectedSearchTemplate_ActiveSearchTemplateNotSet" />
    </UnitTest>
    <UnitTest name="MonitorsAreSortedCorrectly" storage="d:\actions-runner\_work\xpco\xpco\sc\components\remoteviewer\smartclient\tst\zsmartclient_unittest\bin\x64\debug\net472\zsmartclient_unittest.dll" id="907e6cbe-4234-cd51-c51e-c0122588864e">
      <Execution id="7aab79ca-0ede-41f3-9279-e1f87773434b" />
      <TestMethod codeBase="D:\actions-runner\_work\XPCO\XPCO\SC\Components\RemoteViewer\SmartClient\tst\zSmartClient_UnitTest\bin\x64\Debug\net472\zSmartClient_UnitTest.dll" adapterTypeName="executor://mstestadapter/v2" className="SmartClient_UnitTest.VideoOS.RemoteClient.Application.UI.Common.ViewTree.SortingTests" name="MonitorsAreSortedCorrectly" />
    </UnitTest>
    <UnitTest name="IsProcessing_CancelWhileUnprocessedItemsAndThenResumeSearch_Success" storage="d:\actions-runner\_work\xpco\xpco\sc\components\remoteviewer\smartclient\tst\zsmartclient_unittest\bin\x64\debug\net472\zsmartclient_unittest.dll" id="920a2918-af9a-e3ed-e910-d0d07bf9fed3">
      <TestCategory>
        <TestCategoryItem TestCategory="SearchResultsPreprocessor" />
      </TestCategory>
      <Execution id="b3cb14a4-b6e3-4a52-92c8-917bb98d21db" />
      <TestMethod codeBase="D:\actions-runner\_work\XPCO\XPCO\SC\Components\RemoteViewer\SmartClient\tst\zSmartClient_UnitTest\bin\x64\Debug\net472\zSmartClient_UnitTest.dll" adapterTypeName="executor://mstestadapter/v2" className="SmartClient_UnitTest.VideoOS.RemoteClient.Plugin.CentralizedSearch.Models.SearchResultsPreprocessorTests" name="IsProcessing_CancelWhileUnprocessedItemsAndThenResumeSearch_Success" />
    </UnitTest>
    <UnitTest name="AlwaysPutGroupsBeforeViews" storage="d:\actions-runner\_work\xpco\xpco\sc\components\remoteviewer\smartclient\tst\zsmartclient_unittest\bin\x64\debug\net472\zsmartclient_unittest.dll" id="846a9eb5-5d29-1fe6-2752-1629db0ce419">
      <Execution id="e75d1ecf-5c1b-4749-8d1a-9354e7fb4d9e" />
      <TestMethod codeBase="D:\actions-runner\_work\XPCO\XPCO\SC\Components\RemoteViewer\SmartClient\tst\zSmartClient_UnitTest\bin\x64\Debug\net472\zSmartClient_UnitTest.dll" adapterTypeName="executor://mstestadapter/v2" className="SmartClient_UnitTest.VideoOS.RemoteClient.Application.UI.Common.ViewTree.SortingTests" name="AlwaysPutGroupsBeforeViews" />
    </UnitTest>
    <UnitTest name="BookmarkSearchTime_WithSearchStringInDifferentCases_ReturnCorrectBookmarkWithSearchStringInHeader (wrong,True,False,False,False,SeArChStRiNg,,0)" storage="d:\actions-runner\_work\xpco\xpco\sc\components\remoteviewer\smartclient\tst\zsmartclient_unittest\bin\x64\debug\net472\zsmartclient_unittest.dll" id="91bb0037-7fe2-0981-dce5-8270b853ee50">
      <Execution id="5e08511a-d004-40e9-b313-66a786afa564" />
      <TestMethod codeBase="D:\actions-runner\_work\XPCO\XPCO\SC\Components\RemoteViewer\SmartClient\tst\zSmartClient_UnitTest\bin\x64\Debug\net472\zSmartClient_UnitTest.dll" adapterTypeName="executor://mstestadapter/v2" className="SmartClient_UnitTest.VideoOS.RemoteClient.Application.Data.Offline.UnitTest.BookmarkExportReaderTest" name="BookmarkSearchTime_WithSearchStringInDifferentCases_ReturnCorrectBookmarkWithSearchStringInHeader" />
    </UnitTest>
    <UnitTest name="ActiveInteractionStateBinding_ShouldNotBeNull_WhenCtorIsCalled" storage="d:\actions-runner\_work\xpco\xpco\sc\components\remoteviewer\smartclient\tst\zsmartclient_unittest\bin\x64\debug\net472\zsmartclient_unittest.dll" id="ac48ab08-0586-5064-3572-983965e5b6b6">
      <TestCategory>
        <TestCategoryItem TestCategory="GisMap.MicrophoneMarkerTest" />
      </TestCategory>
      <Execution id="43255b82-d0d7-42da-8c49-4a2c3a2148f3" />
      <TestMethod codeBase="D:\actions-runner\_work\XPCO\XPCO\SC\Components\RemoteViewer\SmartClient\tst\zSmartClient_UnitTest\bin\x64\Debug\net472\zSmartClient_UnitTest.dll" adapterTypeName="executor://mstestadapter/v2" className="SmartClient_UnitTest.VideoOS.RemoteClient.Plugin.GisMap.ThinkGeoMap.Markers.DeviceMarkers.MicrophoneMarker.MicrophoneMarkerTests" name="ActiveInteractionStateBinding_ShouldNotBeNull_WhenCtorIsCalled" />
    </UnitTest>
    <UnitTest name="Command_WithNullResults_PluginInstanceActivatedCalled" storage="d:\actions-runner\_work\xpco\xpco\sc\components\remoteviewer\smartclient\tst\zsmartclient_unittest\bin\x64\debug\net472\zsmartclient_unittest.dll" id="ac028d00-9e94-7167-70c4-eff006ef19bc">
      <TestCategory>
        <TestCategoryItem TestCategory="SearchResultsAction" />
      </TestCategory>
      <Execution id="a4064a6b-0ff2-4ce2-9664-285776c3b584" />
      <TestMethod codeBase="D:\actions-runner\_work\XPCO\XPCO\SC\Components\RemoteViewer\SmartClient\tst\zSmartClient_UnitTest\bin\x64\Debug\net472\zSmartClient_UnitTest.dll" adapterTypeName="executor://mstestadapter/v2" className="SmartClient_UnitTest.VideoOS.RemoteClient.Plugin.CentralizedSearch.ViewModels.SearchResultsActionViewModelTests" name="Command_WithNullResults_PluginInstanceActivatedCalled" />
    </UnitTest>
    <UnitTest name="GetServerTypes_ShouldReturnLogServiceType" storage="d:\actions-runner\_work\xpco\xpco\sc\components\remoteviewer\smartclient\tst\zsmartclient_unittest\bin\x64\debug\net472\zsmartclient_unittest.dll" id="e671fc0c-9f3c-71e0-8b22-c4f68d735e7f">
      <Execution id="c6b4548c-54e1-43f8-aad2-e5a5f1d9bd75" />
      <TestMethod codeBase="D:\actions-runner\_work\XPCO\XPCO\SC\Components\RemoteViewer\SmartClient\tst\zSmartClient_UnitTest\bin\x64\Debug\net472\zSmartClient_UnitTest.dll" adapterTypeName="executor://mstestadapter/v2" className="SmartClient_UnitTest.VideoOS.RemoteClient.Application.Data.ContentTypes.ReportingContentType.DashboardExtentionsTest" name="GetServerTypes_ShouldReturnLogServiceType" />
    </UnitTest>
    <UnitTest name="DeviceIcons_ShouldNotBeNull_WhenCalled" storage="d:\actions-runner\_work\xpco\xpco\sc\components\remoteviewer\smartclient\tst\zsmartclient_unittest\bin\x64\debug\net472\zsmartclient_unittest.dll" id="532cb81a-df32-0fbd-c0b0-8629f10837bd">
      <TestCategory>
        <TestCategoryItem TestCategory="GisMapData.InputOemResourcesProviderTests" />
      </TestCategory>
      <Execution id="db7d6f82-d9ed-4c6b-be1f-524000102a8c" />
      <TestMethod codeBase="D:\actions-runner\_work\XPCO\XPCO\SC\Components\RemoteViewer\SmartClient\tst\zSmartClient_UnitTest\bin\x64\Debug\net472\zSmartClient_UnitTest.dll" adapterTypeName="executor://mstestadapter/v2" className="SmartClient_UnitTest.VideoOS.RemoteClient.GisMapData.Resources.InputOemResourcesProviderTests" name="DeviceIcons_ShouldNotBeNull_WhenCalled" />
    </UnitTest>
    <UnitTest name="HandleSetLayerFeatures_ShouldUpdateCameraLayerFeatures_WhenCameraKindAndCameraLayerFeatures" storage="d:\actions-runner\_work\xpco\xpco\sc\components\remoteviewer\smartclient\tst\zsmartclient_unittest\bin\x64\debug\net472\zsmartclient_unittest.dll" id="222612dc-51ac-9b64-f67c-78952b32c155">
      <TestCategory>
        <TestCategoryItem TestCategory="GisMapData.Handlers.LayerFeatures" />
      </TestCategory>
      <Execution id="218114b3-d292-4264-8166-719d65f82995" />
      <TestMethod codeBase="D:\actions-runner\_work\XPCO\XPCO\SC\Components\RemoteViewer\SmartClient\tst\zSmartClient_UnitTest\bin\x64\Debug\net472\zSmartClient_UnitTest.dll" adapterTypeName="executor://mstestadapter/v2" className="SmartClient_UnitTest.VideoOS.RemoteClient.GisMapData.Handlers.LayerFeatures.CameraLayerFeaturesHandlerTests" name="HandleSetLayerFeatures_ShouldUpdateCameraLayerFeatures_WhenCameraKindAndCameraLayerFeatures" />
    </UnitTest>
    <UnitTest name="Enabled_WhenInterrupted_ThenNoSubscribers" storage="d:\actions-runner\_work\xpco\xpco\sc\components\remoteviewer\smartclient\tst\zsmartclient_unittest\bin\x64\debug\net472\zsmartclient_unittest.dll" id="fb67ea71-6b78-1dc1-49b9-30224c6a1bae">
      <Execution id="9abc9a21-aaf2-44df-b3a4-f65b5c094c80" />
      <TestMethod codeBase="D:\actions-runner\_work\XPCO\XPCO\SC\Components\RemoteViewer\SmartClient\tst\zSmartClient_UnitTest\bin\x64\Debug\net472\zSmartClient_UnitTest.dll" adapterTypeName="executor://mstestadapter/v2" className="SmartClient_UnitTest.VideoOS.RemoteClient.GisMapData.MapLayers.LayerAlarmNotificationTest" name="Enabled_WhenInterrupted_ThenNoSubscribers" />
    </UnitTest>
    <UnitTest name="GetSearchReportDialog_SelectedSearchResults_SingleResult_Success" storage="d:\actions-runner\_work\xpco\xpco\sc\components\remoteviewer\smartclient\tst\zsmartclient_unittest\bin\x64\debug\net472\zsmartclient_unittest.dll" id="800f9645-615e-ad0a-a2cb-53e0d1e48385">
      <TestCategory>
        <TestCategoryItem TestCategory="Search" />
      </TestCategory>
      <Execution id="e47095ef-2053-47a3-a7cd-206068a11f7e" />
      <TestMethod codeBase="D:\actions-runner\_work\XPCO\XPCO\SC\Components\RemoteViewer\SmartClient\tst\zSmartClient_UnitTest\bin\x64\Debug\net472\zSmartClient_UnitTest.dll" adapterTypeName="executor://mstestadapter/v2" className="SmartClient_UnitTest.VideoOS.RemoteClient.Plugin.CentralizedSearch.ViewModels.Utility.SearchReportHandlerTests" name="GetSearchReportDialog_SelectedSearchResults_SingleResult_Success" />
    </UnitTest>
    <UnitTest name="HandleSetLayerFeatures_ShouldRaiseArgumentException_WhenOutputKindAndNotOutputLayerFeatures" storage="d:\actions-runner\_work\xpco\xpco\sc\components\remoteviewer\smartclient\tst\zsmartclient_unittest\bin\x64\debug\net472\zsmartclient_unittest.dll" id="8b541578-adaa-009d-fcd7-342c1711308d">
      <TestCategory>
        <TestCategoryItem TestCategory="GisMapData.Handlers.LayerFeatures" />
      </TestCategory>
      <Execution id="2975d1b8-2e09-47c4-8bf8-de6cec52c36a" />
      <TestMethod codeBase="D:\actions-runner\_work\XPCO\XPCO\SC\Components\RemoteViewer\SmartClient\tst\zSmartClient_UnitTest\bin\x64\Debug\net472\zSmartClient_UnitTest.dll" adapterTypeName="executor://mstestadapter/v2" className="SmartClient_UnitTest.VideoOS.RemoteClient.GisMapData.Handlers.LayerFeatures.OutputLayerFeaturesHandlerTests" name="HandleSetLayerFeatures_ShouldRaiseArgumentException_WhenOutputKindAndNotOutputLayerFeatures" />
    </UnitTest>
    <UnitTest name="HandleRemoveItem_ShouldNotAffectMarkersCache_WhenRemovingPermanentMarkers" storage="d:\actions-runner\_work\xpco\xpco\sc\components\remoteviewer\smartclient\tst\zsmartclient_unittest\bin\x64\debug\net472\zsmartclient_unittest.dll" id="a565b306-850e-b284-c6c4-6f49c2eabf91">
      <TestCategory>
        <TestCategoryItem TestCategory="SmartMap.MapItemsOverlay" />
      </TestCategory>
      <Execution id="5d51f50d-6c29-4dea-888e-bc84102ef25c" />
      <TestMethod codeBase="D:\actions-runner\_work\XPCO\XPCO\SC\Components\RemoteViewer\SmartClient\tst\zSmartClient_UnitTest\bin\x64\Debug\net472\zSmartClient_UnitTest.dll" adapterTypeName="executor://mstestadapter/v2" className="SmartClient_UnitTest.VideoOS.RemoteClient.Plugin.GisMap.ThinkGeoMap.SpecializedOverlays.Overlays.MapItemsOverlayTests" name="HandleRemoveItem_ShouldNotAffectMarkersCache_WhenRemovingPermanentMarkers" />
    </UnitTest>
    <UnitTest name="MergeOptionNodes_ShouldMergeOptionsFromOldKeyAndNewKey_WhenBothSettingsHaveOptions" storage="d:\actions-runner\_work\xpco\xpco\sc\components\remoteviewer\smartclient\tst\zsmartclient_unittest\bin\x64\debug\net472\zsmartclient_unittest.dll" id="7066e281-486d-b17e-901e-9424698e9f74">
      <TestCategory>
        <TestCategoryItem TestCategory="Managers" />
      </TestCategory>
      <Execution id="c1507ad2-ef03-4d6b-829e-7abde309e068" />
      <TestMethod codeBase="D:\actions-runner\_work\XPCO\XPCO\SC\Components\RemoteViewer\SmartClient\tst\zSmartClient_UnitTest\bin\x64\Debug\net472\zSmartClient_UnitTest.dll" adapterTypeName="executor://mstestadapter/v2" className="SmartClient_UnitTest.VideoOS.RemoteClient.Application.Managers.OptionManagerTests" name="MergeOptionNodes_ShouldMergeOptionsFromOldKeyAndNewKey_WhenBothSettingsHaveOptions" />
    </UnitTest>
    <UnitTest name="SaveAsNewSearchTemplateAsync_Fails_Success" storage="d:\actions-runner\_work\xpco\xpco\sc\components\remoteviewer\smartclient\tst\zsmartclient_unittest\bin\x64\debug\net472\zsmartclient_unittest.dll" id="2fac8697-42a0-e62c-c584-1a27c1834f8e">
      <TestCategory>
        <TestCategoryItem TestCategory="SearchTemplates" />
      </TestCategory>
      <Execution id="e7dfb6a7-0209-489a-82ab-5edbb2a1c9fb" />
      <TestMethod codeBase="D:\actions-runner\_work\XPCO\XPCO\SC\Components\RemoteViewer\SmartClient\tst\zSmartClient_UnitTest\bin\x64\Debug\net472\zSmartClient_UnitTest.dll" adapterTypeName="executor://mstestadapter/v2" className="SmartClient_UnitTest.VideoOS.RemoteClient.Plugin.CentralizedSearch.SearchTemplates.SearchTemplateManagerTests" name="SaveAsNewSearchTemplateAsync_Fails_Success" />
    </UnitTest>
    <UnitTest name="AuthType_ShouldThrow_InvalidOperationException_WhenConstructedUsingExternal" storage="d:\actions-runner\_work\xpco\xpco\sc\components\remoteviewer\smartclient\tst\zsmartclient_unittest\bin\x64\debug\net472\zsmartclient_unittest.dll" id="647cadee-21ed-ea7f-d1b6-56ee51403b46">
      <TestCategory>
        <TestCategoryItem TestCategory="Authentication.ClientCredentials" />
      </TestCategory>
      <Execution id="01cd23dc-80d3-44c0-8d3d-71e4dda3d1e8" />
      <TestMethod codeBase="D:\actions-runner\_work\XPCO\XPCO\SC\Components\RemoteViewer\SmartClient\tst\zSmartClient_UnitTest\bin\x64\Debug\net472\zSmartClient_UnitTest.dll" adapterTypeName="executor://mstestadapter/v2" className="SmartClient_UnitTest.VideoOS.Shared.ServerAPI.ClientCredentialsTest" name="AuthType_ShouldThrow_InvalidOperationException_WhenConstructedUsingExternal" />
    </UnitTest>
    <UnitTest name="LoadStateFrom_OrderResultsBy_Success" storage="d:\actions-runner\_work\xpco\xpco\sc\components\remoteviewer\smartclient\tst\zsmartclient_unittest\bin\x64\debug\net472\zsmartclient_unittest.dll" id="18ef78f3-1eb2-cc48-74e1-3d0d69ec27f2">
      <TestCategory>
        <TestCategoryItem TestCategory="SearchResultViewModels" />
      </TestCategory>
      <Execution id="9925ede5-c969-4dca-90a0-fd9efef599bb" />
      <TestMethod codeBase="D:\actions-runner\_work\XPCO\XPCO\SC\Components\RemoteViewer\SmartClient\tst\zSmartClient_UnitTest\bin\x64\Debug\net472\zSmartClient_UnitTest.dll" adapterTypeName="executor://mstestadapter/v2" className="SmartClient_UnitTest.VideoOS.RemoteClient.Plugin.CentralizedSearch.ViewModels.SearchResultsViewModelTest" name="LoadStateFrom_OrderResultsBy_Success" />
    </UnitTest>
    <UnitTest name="ToMipSearchResultData_ShouldIncludeResultPropertiesFromAllSubResults" storage="d:\actions-runner\_work\xpco\xpco\sc\components\remoteviewer\smartclient\tst\zsmartclient_unittest\bin\x64\debug\net472\zsmartclient_unittest.dll" id="52643794-b083-7c0f-47d3-00e62a4cf8ea">
      <TestCategory>
        <TestCategoryItem TestCategory="Search.Wrappers" />
      </TestCategory>
      <Execution id="5ce0ebfd-7268-43eb-b23a-75c920c36a64" />
      <TestMethod codeBase="D:\actions-runner\_work\XPCO\XPCO\SC\Components\RemoteViewer\SmartClient\tst\zSmartClient_UnitTest\bin\x64\Debug\net472\zSmartClient_UnitTest.dll" adapterTypeName="executor://mstestadapter/v2" className="SmartClient_UnitTest.VideoOS.RemoteClient.Plugin.CentralizedSearch.Models.Wrappers.CombinedSearchResultDataWrapperTests" name="ToMipSearchResultData_ShouldIncludeResultPropertiesFromAllSubResults" />
    </UnitTest>
    <UnitTest name="Map_AddExtraBackgroundLayer_Success" storage="d:\actions-runner\_work\xpco\xpco\sc\components\remoteviewer\smartclient\tst\zsmartclient_unittest\bin\x64\debug\net472\zsmartclient_unittest.dll" id="88e52a12-1a52-4078-5db4-c86ba1c3b447">
      <TestCategory>
        <TestCategoryItem TestCategory="GisMapLayers" />
      </TestCategory>
      <Execution id="8d4f3dcd-aa02-4d40-a962-50a3bee59b7c" />
      <TestMethod codeBase="D:\actions-runner\_work\XPCO\XPCO\SC\Components\RemoteViewer\SmartClient\tst\zSmartClient_UnitTest\bin\x64\Debug\net472\zSmartClient_UnitTest.dll" adapterTypeName="executor://mstestadapter/v2" className="SmartClient_UnitTest.VideoOS.RemoteClient.GisMapData.GisMapLayerTests" name="Map_AddExtraBackgroundLayer_Success" />
    </UnitTest>
    <UnitTest name="OpenEditAndChangeAttributeValue_ValidChange_EditValueUpdated" storage="d:\actions-runner\_work\xpco\xpco\sc\components\remoteviewer\smartclient\tst\zsmartclient_unittest\bin\x64\debug\net472\zsmartclient_unittest.dll" id="a45efc73-9982-c081-715a-b39f84b6a0cd">
      <TestCategory>
        <TestCategoryItem TestCategory="SearchControls" />
      </TestCategory>
      <Execution id="e9ae1f2c-2189-42c9-8775-73b86654c95f" />
      <TestMethod codeBase="D:\actions-runner\_work\XPCO\XPCO\SC\Components\RemoteViewer\SmartClient\tst\zSmartClient_UnitTest\bin\x64\Debug\net472\zSmartClient_UnitTest.dll" adapterTypeName="executor://mstestadapter/v2" className="SmartClient_UnitTest.VideoOS.RemoteClient.Plugin.CentralizedSearch.Views.Controls.DropDownAttributeEditor.DropDownAttributeEditorTests" name="OpenEditAndChangeAttributeValue_ValidChange_EditValueUpdated" />
    </UnitTest>
    <UnitTest name="Ctor_NoBuiltInGroupsDefined_NoCompositeAgentsAdded" storage="d:\actions-runner\_work\xpco\xpco\sc\components\remoteviewer\smartclient\tst\zsmartclient_unittest\bin\x64\debug\net472\zsmartclient_unittest.dll" id="07dba9c8-887e-44e6-63b8-7e227b9aaff8">
      <TestCategory>
        <TestCategoryItem TestCategory="ScSearchManager" />
      </TestCategory>
      <Execution id="d028ddca-19ec-42ab-9371-944412d6bb4b" />
      <TestMethod codeBase="D:\actions-runner\_work\XPCO\XPCO\SC\Components\RemoteViewer\SmartClient\tst\zSmartClient_UnitTest\bin\x64\Debug\net472\zSmartClient_UnitTest.dll" adapterTypeName="executor://mstestadapter/v2" className="SmartClient_UnitTest.VideoOS.RemoteClient.Plugin.CentralizedSearch.MIPPlugin.ScSearchManagerTests" name="Ctor_NoBuiltInGroupsDefined_NoCompositeAgentsAdded" />
    </UnitTest>
    <UnitTest name="PtzSessionTimer_ConstructorTest" storage="d:\actions-runner\_work\xpco\xpco\sc\components\remoteviewer\smartclient\tst\zsmartclient_unittest\bin\x64\debug\net472\zsmartclient_unittest.dll" id="0431698b-89c7-961c-1219-e2a2171a4f5c">
      <Execution id="15050b07-c20e-40d1-a933-26783cfe5b1f" />
      <TestMethod codeBase="D:\actions-runner\_work\XPCO\XPCO\SC\Components\RemoteViewer\SmartClient\tst\zSmartClient_UnitTest\bin\x64\Debug\net472\zSmartClient_UnitTest.dll" adapterTypeName="executor://mstestadapter/v2" className="VideoOS.RemoteClient.Application.Controllers.UnitTest.PtzSessionControllerTest" name="PtzSessionTimer_ConstructorTest" />
    </UnitTest>
    <UnitTest name="Create_Success" storage="d:\actions-runner\_work\xpco\xpco\sc\components\remoteviewer\smartclient\tst\zsmartclient_unittest\bin\x64\debug\net472\zsmartclient_unittest.dll" id="b2858415-8d80-7600-7fe5-6b1b7d183235">
      <TestCategory>
        <TestCategoryItem TestCategory="GisMapMip" />
      </TestCategory>
      <Execution id="2a7c2f40-83b9-4ef6-b6f8-c88c00463f10" />
      <TestMethod codeBase="D:\actions-runner\_work\XPCO\XPCO\SC\Components\RemoteViewer\SmartClient\tst\zSmartClient_UnitTest\bin\x64\Debug\net472\zSmartClient_UnitTest.dll" adapterTypeName="executor://mstestadapter/v2" className="SmartClient_UnitTest.VideoOS.RemoteClient.Plugin.GisMap.ThinkGeoMap.ContextMenuUtils.RemoveMipItemContextMenuTests" name="Create_Success" />
    </UnitTest>
    <UnitTest name="TestForAssemblyCoverage" storage="d:\actions-runner\_work\xpco\xpco\sc\components\remoteviewer\smartclient\tst\zsmartclient_unittest\bin\x64\debug\net472\zsmartclient_unittest.dll" id="aa5c4da8-abb1-5dab-502e-bd81c20e341d">
      <Execution id="c00036f5-802c-4abc-af78-72565bdf883f" />
      <TestMethod codeBase="D:\actions-runner\_work\XPCO\XPCO\SC\Components\RemoteViewer\SmartClient\tst\zSmartClient_UnitTest\bin\x64\Debug\net472\zSmartClient_UnitTest.dll" adapterTypeName="executor://mstestadapter/v2" className="SmartClient_UnitTest.VideoOS.RemoteClient.Plugin.TextViewItem.UnitTest1" name="TestForAssemblyCoverage" />
    </UnitTest>
    <UnitTest name="Ctor_NullArgument_Throws" storage="d:\actions-runner\_work\xpco\xpco\sc\components\remoteviewer\smartclient\tst\zsmartclient_unittest\bin\x64\debug\net472\zsmartclient_unittest.dll" id="f7312006-b3af-0869-4d9b-ec9b8e868889">
      <TestCategory>
        <TestCategoryItem TestCategory="Search" />
      </TestCategory>
      <Execution id="7b6ac934-9ff4-464d-a22c-6e375fcb672a" />
      <TestMethod codeBase="D:\actions-runner\_work\XPCO\XPCO\SC\Components\RemoteViewer\SmartClient\tst\zSmartClient_UnitTest\bin\x64\Debug\net472\zSmartClient_UnitTest.dll" adapterTypeName="executor://mstestadapter/v2" className="SmartClient_UnitTest.VideoOS.RemoteClient.Plugin.CentralizedSearch.ViewModels.SearchAttributeViewModelTests" name="Ctor_NullArgument_Throws" />
    </UnitTest>
    <UnitTest name="TestGetBuildingClient_WithBuildingSupport_Success" storage="d:\actions-runner\_work\xpco\xpco\sc\components\remoteviewer\smartclient\tst\zsmartclient_unittest\bin\x64\debug\net472\zsmartclient_unittest.dll" id="d02f35d6-61fd-fd34-88f9-5255843d0782">
      <Execution id="b7e3a736-5150-4929-ab8f-f1f25516e1ae" />
      <TestMethod codeBase="D:\actions-runner\_work\XPCO\XPCO\SC\Components\RemoteViewer\SmartClient\tst\zSmartClient_UnitTest\bin\x64\Debug\net472\zSmartClient_UnitTest.dll" adapterTypeName="executor://mstestadapter/v2" className="SmartClient_UnitTest.VideoOS.RemoteClient.GisMapData.Communication.CommunicationFacadeTests" name="TestGetBuildingClient_WithBuildingSupport_Success" />
    </UnitTest>
    <UnitTest name="IsVisible_MultipleSelectedResult_ReturnsTrue" storage="d:\actions-runner\_work\xpco\xpco\sc\components\remoteviewer\smartclient\tst\zsmartclient_unittest\bin\x64\debug\net472\zsmartclient_unittest.dll" id="4aa175c2-c268-2aa8-a9f4-2e34c2367c47">
      <TestCategory>
        <TestCategoryItem TestCategory="SearchResultActionBarViewModel" />
      </TestCategory>
      <Execution id="98a6099d-f750-46d6-83c6-0d52ece4594b" />
      <TestMethod codeBase="D:\actions-runner\_work\XPCO\XPCO\SC\Components\RemoteViewer\SmartClient\tst\zSmartClient_UnitTest\bin\x64\Debug\net472\zSmartClient_UnitTest.dll" adapterTypeName="executor://mstestadapter/v2" className="SmartClient_UnitTest.VideoOS.RemoteClient.Plugin.CentralizedSearch.ViewModels.SearchResultsActionBarViewModelTest" name="IsVisible_MultipleSelectedResult_ReturnsTrue" />
    </UnitTest>
    <UnitTest name="BindingModelEnabled_ReactsTo_UpdateState" storage="d:\actions-runner\_work\xpco\xpco\sc\components\remoteviewer\smartclient\tst\zsmartclient_unittest\bin\x64\debug\net472\zsmartclient_unittest.dll" id="2f225332-0e21-75f7-07f4-8bdf7706d8a6">
      <TestCategory>
        <TestCategoryItem TestCategory="WorkspaceToolbar" />
      </TestCategory>
      <Execution id="346bffe0-3295-4717-b185-ddabd1b0f8cc" />
      <TestMethod codeBase="D:\actions-runner\_work\XPCO\XPCO\SC\Components\RemoteViewer\SmartClient\tst\zSmartClient_UnitTest\bin\x64\Debug\net472\zSmartClient_UnitTest.dll" adapterTypeName="executor://mstestadapter/v2" className="SmartClient_UnitTest.VideoOS.RemoteClient.Application.Data.WorkspaceToolbar.WorkspaceToolbarItemMipPluginTests" name="BindingModelEnabled_ReactsTo_UpdateState" />
    </UnitTest>
    <UnitTest name="Decorate_ShouldNotAddChildren_WhenThereLayersImplementingITitleToggleableHasNoItems" storage="d:\actions-runner\_work\xpco\xpco\sc\components\remoteviewer\smartclient\tst\zsmartclient_unittest\bin\x64\debug\net472\zsmartclient_unittest.dll" id="dce39246-34e9-ee17-be45-81df055ba9b7">
      <TestCategory>
        <TestCategoryItem TestCategory="GisMap.LayerVisibilityItemDataChildrenToggleItemDecoratorTests" />
      </TestCategory>
      <Execution id="68449b02-64e1-4f49-b3bd-8b4ceda65562" />
      <TestMethod codeBase="D:\actions-runner\_work\XPCO\XPCO\SC\Components\RemoteViewer\SmartClient\tst\zSmartClient_UnitTest\bin\x64\Debug\net472\zSmartClient_UnitTest.dll" adapterTypeName="executor://mstestadapter/v2" className="SmartClient_UnitTest.VideoOS.RemoteClient.Plugin.GisMap.ViewModels.LayersVisibility.Decorators.LayerVisibilityItemDataChildrenToggleItemDecoratorTests" name="Decorate_ShouldNotAddChildren_WhenThereLayersImplementingITitleToggleableHasNoItems" />
    </UnitTest>
    <UnitTest name="GetClusters_Milestone_DifferentZoom_Success" storage="d:\actions-runner\_work\xpco\xpco\sc\components\remoteviewer\smartclient\tst\zsmartclient_unittest\bin\x64\debug\net472\zsmartclient_unittest.dll" id="b11ed0cb-92ec-eb39-adbe-7566a1ca86ed">
      <TestCategory>
        <TestCategoryItem TestCategory="GisMapIndex" />
      </TestCategory>
      <Execution id="fa481cff-5dc3-4912-bbd4-211add75e0c3" />
      <TestMethod codeBase="D:\actions-runner\_work\XPCO\XPCO\SC\Components\RemoteViewer\SmartClient\tst\zSmartClient_UnitTest\bin\x64\Debug\net472\zSmartClient_UnitTest.dll" adapterTypeName="executor://mstestadapter/v2" className="SmartClient_UnitTest.VideoOS.RemoteClient.GisMapData.Common.Indexer.BuildingsAwareIndexerTests" name="GetClusters_Milestone_DifferentZoom_Success" />
    </UnitTest>
    <UnitTest name="ConvertBack_ShouldReturnIsNormalState_WhenValueFalse" storage="d:\actions-runner\_work\xpco\xpco\sc\components\remoteviewer\smartclient\tst\zsmartclient_unittest\bin\x64\debug\net472\zsmartclient_unittest.dll" id="795c0b9d-f299-8ffa-d2ce-4bce515e128c">
      <TestCategory>
        <TestCategoryItem TestCategory="GisMap.InteractionStateConverter" />
      </TestCategory>
      <Execution id="2d198169-c454-4651-bf5e-c09475ee8b26" />
      <TestMethod codeBase="D:\actions-runner\_work\XPCO\XPCO\SC\Components\RemoteViewer\SmartClient\tst\zSmartClient_UnitTest\bin\x64\Debug\net472\zSmartClient_UnitTest.dll" adapterTypeName="executor://mstestadapter/v2" className="SmartClient_UnitTest.VideoOS.RemoteClient.Plugin.GisMap.View.InteractionStateConverterTests" name="ConvertBack_ShouldReturnIsNormalState_WhenValueFalse" />
    </UnitTest>
    <UnitTest name="BoundingBoxPlaybackNoLiveHandler" storage="d:\actions-runner\_work\xpco\xpco\sc\components\remoteviewer\smartclient\tst\zsmartclient_unittest\bin\x64\debug\net472\zsmartclient_unittest.dll" id="c0b0990b-db80-5ada-cdd8-224bb5ed398a">
      <Execution id="23aa90da-0ab5-47ae-a82f-e83150b38a50" />
      <TestMethod codeBase="D:\actions-runner\_work\XPCO\XPCO\SC\Components\RemoteViewer\SmartClient\tst\zSmartClient_UnitTest\bin\x64\Debug\net472\zSmartClient_UnitTest.dll" adapterTypeName="executor://mstestadapter/v2" className="SmartClient_UnitTest.VideoOS.RemoteClient.Application.Data.Metadata.BoundingBoxes.BoundingBoxProviderTest" name="BoundingBoxPlaybackNoLiveHandler" />
    </UnitTest>
    <UnitTest name="UnmutedMicrophoneIconsId_ShouldReturnUnMutedIconsInAProperOrder_WhenCalled" storage="d:\actions-runner\_work\xpco\xpco\sc\components\remoteviewer\smartclient\tst\zsmartclient_unittest\bin\x64\debug\net472\zsmartclient_unittest.dll" id="bca73f19-3fcc-16d4-a031-f2f6afaf40ee">
      <TestCategory>
        <TestCategoryItem TestCategory="GisMapData.MicrophoneOemResourcesProviderTests" />
      </TestCategory>
      <Execution id="4b7f1a1c-c71c-4a0e-a917-8669c90f91fa" />
      <TestMethod codeBase="D:\actions-runner\_work\XPCO\XPCO\SC\Components\RemoteViewer\SmartClient\tst\zSmartClient_UnitTest\bin\x64\Debug\net472\zSmartClient_UnitTest.dll" adapterTypeName="executor://mstestadapter/v2" className="SmartClient_UnitTest.VideoOS.RemoteClient.GisMapData.Resources.MicrophoneOemResourcesProviderTests" name="UnmutedMicrophoneIconsId_ShouldReturnUnMutedIconsInAProperOrder_WhenCalled" />
    </UnitTest>
    <UnitTest name="SupportsDoubleClick_ShouldBeTrue_WhenInteractionStateIsNewDevice" storage="d:\actions-runner\_work\xpco\xpco\sc\components\remoteviewer\smartclient\tst\zsmartclient_unittest\bin\x64\debug\net472\zsmartclient_unittest.dll" id="a6af3342-e82c-99d7-7280-f0bc3b6ef111">
      <TestCategory>
        <TestCategoryItem TestCategory="GisMap.OutputMarkerTest" />
      </TestCategory>
      <Execution id="896867ac-0ae8-410b-b4bc-7bf92177c3de" />
      <TestMethod codeBase="D:\actions-runner\_work\XPCO\XPCO\SC\Components\RemoteViewer\SmartClient\tst\zSmartClient_UnitTest\bin\x64\Debug\net472\zSmartClient_UnitTest.dll" adapterTypeName="executor://mstestadapter/v2" className="SmartClient_UnitTest.VideoOS.RemoteClient.Plugin.GisMap.ThinkGeoMap.Markers.DeviceMarkers.OutputMarker.OutputMarkerTests" name="SupportsDoubleClick_ShouldBeTrue_WhenInteractionStateIsNewDevice" />
    </UnitTest>
    <UnitTest name="OpenStreetMapLayer_IsGeographic_Load_Success" storage="d:\actions-runner\_work\xpco\xpco\sc\components\remoteviewer\smartclient\tst\zsmartclient_unittest\bin\x64\debug\net472\zsmartclient_unittest.dll" id="376aa488-622a-ef3d-865f-34b9990a82be">
      <TestCategory>
        <TestCategoryItem TestCategory="GisMapLayer" />
      </TestCategory>
      <Execution id="ac43f369-1ce0-4c3f-a906-829ee79b2c7c" />
      <TestMethod codeBase="D:\actions-runner\_work\XPCO\XPCO\SC\Components\RemoteViewer\SmartClient\tst\zSmartClient_UnitTest\bin\x64\Debug\net472\zSmartClient_UnitTest.dll" adapterTypeName="executor://mstestadapter/v2" className="SmartClient_UnitTest.VideoOS.RemoteClient.GisMap.MapLayers.GisMapLayerTests" name="OpenStreetMapLayer_IsGeographic_Load_Success" />
    </UnitTest>
    <UnitTest name="CameraItemsMapLayer_Load_Save_DataIsSame" storage="d:\actions-runner\_work\xpco\xpco\sc\components\remoteviewer\smartclient\tst\zsmartclient_unittest\bin\x64\debug\net472\zsmartclient_unittest.dll" id="3adcd1f6-966f-7457-7e36-7976f4188830">
      <TestCategory>
        <TestCategoryItem TestCategory="GisMapLayer" />
      </TestCategory>
      <Execution id="8071fa06-8161-4f6a-bbd7-6f6f6f7db4df" />
      <TestMethod codeBase="D:\actions-runner\_work\XPCO\XPCO\SC\Components\RemoteViewer\SmartClient\tst\zSmartClient_UnitTest\bin\x64\Debug\net472\zSmartClient_UnitTest.dll" adapterTypeName="executor://mstestadapter/v2" className="SmartClient_UnitTest.VideoOS.RemoteClient.GisMap.MapLayers.GisMapLayerTests" name="CameraItemsMapLayer_Load_Save_DataIsSame" />
    </UnitTest>
    <UnitTest name="PatrollingProfileViewModelTest_IsInEditMode_IsNotInEditMode_Set" storage="d:\actions-runner\_work\xpco\xpco\sc\components\remoteviewer\smartclient\tst\zsmartclient_unittest\bin\x64\debug\net472\zsmartclient_unittest.dll" id="8fad5930-640a-f193-8986-d1e8191830e2">
      <Execution id="f0c426cf-e827-4d20-a74f-11a6899b2391" />
      <TestMethod codeBase="D:\actions-runner\_work\XPCO\XPCO\SC\Components\RemoteViewer\SmartClient\tst\zSmartClient_UnitTest\bin\x64\Debug\net472\zSmartClient_UnitTest.dll" adapterTypeName="executor://mstestadapter/v2" className="SmartClient_UnitTest.VideoOS.RemoteClient.Application.UI.PtzPreset.PatrollingViewModel.PatrollingProfileViewModelTest" name="PatrollingProfileViewModelTest_IsInEditMode_IsNotInEditMode_Set" />
    </UnitTest>
    <UnitTest name="UpdateScope_ItemsChangedButSameCollectionSize_ReturnsTrue" storage="d:\actions-runner\_work\xpco\xpco\sc\components\remoteviewer\smartclient\tst\zsmartclient_unittest\bin\x64\debug\net472\zsmartclient_unittest.dll" id="9fe32e3c-1f4e-e7ac-2652-a48159917634">
      <TestCategory>
        <TestCategoryItem TestCategory="SearchModels" />
      </TestCategory>
      <Execution id="4ed74a48-aaac-4065-b606-e2ad34112d82" />
      <TestMethod codeBase="D:\actions-runner\_work\XPCO\XPCO\SC\Components\RemoteViewer\SmartClient\tst\zSmartClient_UnitTest\bin\x64\Debug\net472\zSmartClient_UnitTest.dll" adapterTypeName="executor://mstestadapter/v2" className="SmartClient_UnitTest.VideoOS.RemoteClient.Plugin.CentralizedSearch.Models.SearchScopeTests" name="UpdateScope_ItemsChangedButSameCollectionSize_ReturnsTrue" />
    </UnitTest>
    <UnitTest name="Deserialize_CustomScopeDurationAndFromToValues_ToAndFromValuesUsed" storage="d:\actions-runner\_work\xpco\xpco\sc\components\remoteviewer\smartclient\tst\zsmartclient_unittest\bin\x64\debug\net472\zsmartclient_unittest.dll" id="326c0813-dde1-1e08-607c-dc55537bd92d">
      <TestCategory>
        <TestCategoryItem TestCategory="SearchModels" />
      </TestCategory>
      <Execution id="f5fbff7e-98a2-4c3a-85d1-55c518004503" />
      <TestMethod codeBase="D:\actions-runner\_work\XPCO\XPCO\SC\Components\RemoteViewer\SmartClient\tst\zSmartClient_UnitTest\bin\x64\Debug\net472\zSmartClient_UnitTest.dll" adapterTypeName="executor://mstestadapter/v2" className="SmartClient_UnitTest.VideoOS.RemoteClient.Plugin.CentralizedSearch.Models.SearchModelTests" name="Deserialize_CustomScopeDurationAndFromToValues_ToAndFromValuesUsed" />
    </UnitTest>
    <UnitTest name="TryGetEventServerIdByACSystemId_ShouldReturnAnEmptyGuid_WhenEventServerIdIsNotPartOfServerConfiguredAccessControlSystemsDictionary" storage="d:\actions-runner\_work\xpco\xpco\sc\components\remoteviewer\smartclient\tst\zsmartclient_unittest\bin\x64\debug\net472\zsmartclient_unittest.dll" id="785adfea-b9ff-19b0-fdb3-0e5d5ad68924">
      <TestCategory>
        <TestCategoryItem TestCategory="AccessControl" />
      </TestCategory>
      <Execution id="4c7765ce-e0d9-4ac2-ae4a-21ff5d0e6166" />
      <TestMethod codeBase="D:\actions-runner\_work\XPCO\XPCO\SC\Components\RemoteViewer\SmartClient\tst\zSmartClient_UnitTest\bin\x64\Debug\net472\zSmartClient_UnitTest.dll" adapterTypeName="executor://mstestadapter/v2" className="SmartClient_UnitTest.VideoOS.RemoteClient.AccessControl.AccessControlLoginInfoTests" name="TryGetEventServerIdByACSystemId_ShouldReturnAnEmptyGuid_WhenEventServerIdIsNotPartOfServerConfiguredAccessControlSystemsDictionary" />
    </UnitTest>
    <UnitTest name="FilterValueHasRegionSelectionForCamera_ShouldReturnFalse_WhenFilterValueDoesNotHaveRegionSelectionForCamera" storage="d:\actions-runner\_work\xpco\xpco\sc\components\remoteviewer\smartclient\tst\zsmartclient_unittest\bin\x64\debug\net472\zsmartclient_unittest.dll" id="57c51b3e-0bbc-373f-47ab-9b946ca10dfa">
      <TestCategory>
        <TestCategoryItem TestCategory="Search.Filters.ViewModels" />
      </TestCategory>
      <Execution id="83094611-4643-4a2c-a131-3faeb7c564d0" />
      <TestMethod codeBase="D:\actions-runner\_work\XPCO\XPCO\SC\Components\RemoteViewer\SmartClient\tst\zSmartClient_UnitTest\bin\x64\Debug\net472\zSmartClient_UnitTest.dll" adapterTypeName="executor://mstestadapter/v2" className="SmartClient_UnitTest.VideoOS.RemoteClient.Plugin.CentralizedSearch.MIPPlugin.Criteria.ViewModels.RegionSelectionCameraListItemHelperTests" name="FilterValueHasRegionSelectionForCamera_ShouldReturnFalse_WhenFilterValueDoesNotHaveRegionSelectionForCamera" />
    </UnitTest>
    <UnitTest name="ShouldExposeCalculatedValues" storage="d:\actions-runner\_work\xpco\xpco\sc\components\remoteviewer\smartclient\tst\zsmartclient_unittest\bin\x64\debug\net472\zsmartclient_unittest.dll" id="9121a1cd-2d02-27fe-e6a5-6751e2d93e61">
      <TestCategory>
        <TestCategoryItem TestCategory="MipItemsUpdateStrategy" />
      </TestCategory>
      <Execution id="33b36876-1359-4b18-9f1f-d74cd9620468" />
      <TestMethod codeBase="D:\actions-runner\_work\XPCO\XPCO\SC\Components\RemoteViewer\SmartClient\tst\zSmartClient_UnitTest\bin\x64\Debug\net472\zSmartClient_UnitTest.dll" adapterTypeName="executor://mstestadapter/v2" className="SmartClient_UnitTest.VideoOS.RemoteClient.Plugin.GisMap.MIP.MipItemsUpdateStrategyTests" name="ShouldExposeCalculatedValues" />
    </UnitTest>
    <UnitTest name="BookmarkSearchTime_WithSearchStringInDifferentCases_ReturnCorrectBookmarkWithSearchStringInHeader (SeArChStRiNg,True,False,False,False,,,1)" storage="d:\actions-runner\_work\xpco\xpco\sc\components\remoteviewer\smartclient\tst\zsmartclient_unittest\bin\x64\debug\net472\zsmartclient_unittest.dll" id="e2431222-69de-ae33-ddac-4a921de8419c">
      <Execution id="46b32952-242c-42b8-80c3-0ba05b1994d4" />
      <TestMethod codeBase="D:\actions-runner\_work\XPCO\XPCO\SC\Components\RemoteViewer\SmartClient\tst\zSmartClient_UnitTest\bin\x64\Debug\net472\zSmartClient_UnitTest.dll" adapterTypeName="executor://mstestadapter/v2" className="SmartClient_UnitTest.VideoOS.RemoteClient.Application.Data.Offline.UnitTest.BookmarkExportReaderTest" name="BookmarkSearchTime_WithSearchStringInDifferentCases_ReturnCorrectBookmarkWithSearchStringInHeader" />
    </UnitTest>
    <UnitTest name="SelectionCountDisplayText_ZeroSelectedResults_ReturnsEmptyString" storage="d:\actions-runner\_work\xpco\xpco\sc\components\remoteviewer\smartclient\tst\zsmartclient_unittest\bin\x64\debug\net472\zsmartclient_unittest.dll" id="0e000a76-c424-1348-5a62-7f5cf04c0b5a">
      <TestCategory>
        <TestCategoryItem TestCategory="SearchResultActionBarViewModel" />
      </TestCategory>
      <Execution id="d7af5b59-672b-4aed-9af4-276ccb58fb31" />
      <TestMethod codeBase="D:\actions-runner\_work\XPCO\XPCO\SC\Components\RemoteViewer\SmartClient\tst\zSmartClient_UnitTest\bin\x64\Debug\net472\zSmartClient_UnitTest.dll" adapterTypeName="executor://mstestadapter/v2" className="SmartClient_UnitTest.VideoOS.RemoteClient.Plugin.CentralizedSearch.ViewModels.SearchResultsActionBarViewModelTest" name="SelectionCountDisplayText_ZeroSelectedResults_ReturnsEmptyString" />
    </UnitTest>
    <UnitTest name="AssignPanTiltValue_WhenValueJustAboveDeadzone_ShouldReturnJustAboveCenterValue" storage="d:\actions-runner\_work\xpco\xpco\sc\components\remoteviewer\smartclient\tst\zsmartclient_unittest\bin\x64\debug\net472\zsmartclient_unittest.dll" id="007b902b-e17d-c451-d588-1b1be6581913">
      <Execution id="d3575c1e-76e7-4844-b264-9680706418a6" />
      <TestMethod codeBase="D:\actions-runner\_work\XPCO\XPCO\SC\Components\RemoteViewer\SmartClient\tst\zSmartClient_UnitTest\bin\x64\Debug\net472\zSmartClient_UnitTest.dll" adapterTypeName="executor://mstestadapter/v2" className="SmartClient_UnitTest.VideoOS.RemoteClient.Plugin.JoystickSupport.JoystickDeviceTests" name="AssignPanTiltValue_WhenValueJustAboveDeadzone_ShouldReturnJustAboveCenterValue" />
    </UnitTest>
    <UnitTest name="Connect_WhenServerAuthenticationIsOAuthSecure_ShouldCreateSecureSchClient" storage="d:\actions-runner\_work\xpco\xpco\sc\components\remoteviewer\smartclient\tst\zsmartclient_unittest\bin\x64\debug\net472\zsmartclient_unittest.dll" id="41ffe1b6-1bbb-2400-999f-02df2a743ad6">
      <Execution id="d04a21a8-a651-43bd-9571-0c7a454da66c" />
      <TestMethod codeBase="D:\actions-runner\_work\XPCO\XPCO\SC\Components\RemoteViewer\SmartClient\tst\zSmartClient_UnitTest\bin\x64\Debug\net472\zSmartClient_UnitTest.dll" adapterTypeName="executor://mstestadapter/v2" className="VideoOS.Shared.ServerAPI.ServiceChannel.UnitTest.ServiceChannelCommandServiceTests" name="Connect_WhenServerAuthenticationIsOAuthSecure_ShouldCreateSecureSchClient" />
    </UnitTest>
    <UnitTest name="AddToExportTuples_ShouldReturnCorrectResult (1,0,0)" storage="d:\actions-runner\_work\xpco\xpco\sc\components\remoteviewer\smartclient\tst\zsmartclient_unittest\bin\x64\debug\net472\zsmartclient_unittest.dll" id="45b9039f-b96a-687f-1be5-e83ccd97ef2c">
      <TestCategory>
        <TestCategoryItem TestCategory="Managers" />
      </TestCategory>
      <Execution id="4fcf833d-faaf-4088-9df1-63942af257e9" />
      <TestMethod codeBase="D:\actions-runner\_work\XPCO\XPCO\SC\Components\RemoteViewer\SmartClient\tst\zSmartClient_UnitTest\bin\x64\Debug\net472\zSmartClient_UnitTest.dll" adapterTypeName="executor://mstestadapter/v2" className="SmartClient_UnitTest.VideoOS.RemoteClient.Application.Managers.ExportManagerTests" name="AddToExportTuples_ShouldReturnCorrectResult" />
    </UnitTest>
    <UnitTest name="TestSaveMap_MapAndLayerChanges_Success" storage="d:\actions-runner\_work\xpco\xpco\sc\components\remoteviewer\smartclient\tst\zsmartclient_unittest\bin\x64\debug\net472\zsmartclient_unittest.dll" id="4ad3fc13-c11a-f5b6-2594-d08a3607b0ec">
      <TestCategory>
        <TestCategoryItem TestCategory="GisMapBuilding" />
      </TestCategory>
      <Execution id="e47be1d8-1d28-45b0-bd64-bd5dea029b61" />
      <TestMethod codeBase="D:\actions-runner\_work\XPCO\XPCO\SC\Components\RemoteViewer\SmartClient\tst\zSmartClient_UnitTest\bin\x64\Debug\net472\zSmartClient_UnitTest.dll" adapterTypeName="executor://mstestadapter/v2" className="SmartClient_UnitTest.VideoOS.RemoteClient.GisMapData.GisMapBuildingTests" name="TestSaveMap_MapAndLayerChanges_Success" />
    </UnitTest>
    <UnitTest name="MainScopeTitleMaxWidthConverter_ConvertBack_Fails" storage="d:\actions-runner\_work\xpco\xpco\sc\components\remoteviewer\smartclient\tst\zsmartclient_unittest\bin\x64\debug\net472\zsmartclient_unittest.dll" id="b734b426-c8b0-ef6c-467b-1212971e7759">
      <TestCategory>
        <TestCategoryItem TestCategory="SearchConverter" />
      </TestCategory>
      <Execution id="cdb211f4-0359-47d6-89c0-e44e52ff4dc5" />
      <TestMethod codeBase="D:\actions-runner\_work\XPCO\XPCO\SC\Components\RemoteViewer\SmartClient\tst\zSmartClient_UnitTest\bin\x64\Debug\net472\zSmartClient_UnitTest.dll" adapterTypeName="executor://mstestadapter/v2" className="SmartClient_UnitTest.VideoOS.RemoteClient.Plugin.CentralizedSearch.Views.Converters.MainScopeTitleMaxWidthConverterTests" name="MainScopeTitleMaxWidthConverter_ConvertBack_Fails" />
    </UnitTest>
    <UnitTest name="HandleGetDeviceData_ShouldReturnNotFoundDeviceData_WhenInputKindAndNonExistingInputId" storage="d:\actions-runner\_work\xpco\xpco\sc\components\remoteviewer\smartclient\tst\zsmartclient_unittest\bin\x64\debug\net472\zsmartclient_unittest.dll" id="4a1a72a9-3748-b54f-9812-2fd52873801b">
      <TestCategory>
        <TestCategoryItem TestCategory="GisMap.Handlers.Devices.MapItems" />
      </TestCategory>
      <Execution id="a4c5745b-a99a-4185-9828-c397f6ad9c5d" />
      <TestMethod codeBase="D:\actions-runner\_work\XPCO\XPCO\SC\Components\RemoteViewer\SmartClient\tst\zSmartClient_UnitTest\bin\x64\Debug\net472\zSmartClient_UnitTest.dll" adapterTypeName="executor://mstestadapter/v2" className="SmartClient_UnitTest.VideoOS.RemoteClient.Plugin.GisMap.Handlers.Devices.MapItems.InputDataHandlerTests" name="HandleGetDeviceData_ShouldReturnNotFoundDeviceData_WhenInputKindAndNonExistingInputId" />
    </UnitTest>
    <UnitTest name="GetGisMapLayerFlyoutName_ShouldReturnOpenStreetMap_WhenGeographicLayerIsAvailableAndAlternativeServerIsNotEmpty" storage="d:\actions-runner\_work\xpco\xpco\sc\components\remoteviewer\smartclient\tst\zsmartclient_unittest\bin\x64\debug\net472\zsmartclient_unittest.dll" id="9e654779-7c3a-a723-682e-e39ebed74684">
      <TestCategory>
        <TestCategoryItem TestCategory="GisMapData.Controllers.Osm" />
      </TestCategory>
      <Execution id="7580da3e-9996-437c-bad5-5eaff48d1f38" />
      <TestMethod codeBase="D:\actions-runner\_work\XPCO\XPCO\SC\Components\RemoteViewer\SmartClient\tst\zSmartClient_UnitTest\bin\x64\Debug\net472\zSmartClient_UnitTest.dll" adapterTypeName="executor://mstestadapter/v2" className="SmartClient_UnitTest.VideoOS.RemoteClient.GisMapData.Controllers.Osm.GisMapOsmControllerTests" name="GetGisMapLayerFlyoutName_ShouldReturnOpenStreetMap_WhenGeographicLayerIsAvailableAndAlternativeServerIsNotEmpty" />
    </UnitTest>
    <UnitTest name="GetCameraTiles_ShouldReturnCorrectCameraTilesWithSingleCameraTest" storage="d:\actions-runner\_work\xpco\xpco\sc\components\remoteviewer\smartclient\tst\zsmartclient_unittest\bin\x64\debug\net472\zsmartclient_unittest.dll" id="37b7b1e5-9323-fb29-1885-37b5c9283b82">
      <Execution id="9f0b9f25-1132-4de3-b428-71e423e0a7a4" />
      <TestMethod codeBase="D:\actions-runner\_work\XPCO\XPCO\SC\Components\RemoteViewer\SmartClient\tst\zSmartClient_UnitTest\bin\x64\Debug\net472\zSmartClient_UnitTest.dll" adapterTypeName="executor://mstestadapter/v2" className="SmartClient_UnitTest.VideoOS.RemoteClient.Application.Data.ContentTypes.ReportingContentType.DashboardTileProviderTest" name="GetCameraTiles_ShouldReturnCorrectCameraTilesWithSingleCameraTest" />
    </UnitTest>
    <UnitTest name="AddToExportTuples_ShouldReturnCorrectResult (5,5,0)" storage="d:\actions-runner\_work\xpco\xpco\sc\components\remoteviewer\smartclient\tst\zsmartclient_unittest\bin\x64\debug\net472\zsmartclient_unittest.dll" id="5e565792-e4b8-6770-32ea-67c3fa2ad1ab">
      <TestCategory>
        <TestCategoryItem TestCategory="Managers" />
      </TestCategory>
      <Execution id="cf484c14-629a-4f21-9b6f-8ab27a2ae8f8" />
      <TestMethod codeBase="D:\actions-runner\_work\XPCO\XPCO\SC\Components\RemoteViewer\SmartClient\tst\zSmartClient_UnitTest\bin\x64\Debug\net472\zSmartClient_UnitTest.dll" adapterTypeName="executor://mstestadapter/v2" className="SmartClient_UnitTest.VideoOS.RemoteClient.Application.Managers.ExportManagerTests" name="AddToExportTuples_ShouldReturnCorrectResult" />
    </UnitTest>
    <UnitTest name="DeleteSearchTemplateAsync_Fails_Success" storage="d:\actions-runner\_work\xpco\xpco\sc\components\remoteviewer\smartclient\tst\zsmartclient_unittest\bin\x64\debug\net472\zsmartclient_unittest.dll" id="0b37f41d-8f42-9020-28e4-8cbe84e05257">
      <TestCategory>
        <TestCategoryItem TestCategory="SearchTemplates" />
      </TestCategory>
      <Execution id="31ca9d41-bbaa-4757-8897-feee05989536" />
      <TestMethod codeBase="D:\actions-runner\_work\XPCO\XPCO\SC\Components\RemoteViewer\SmartClient\tst\zSmartClient_UnitTest\bin\x64\Debug\net472\zSmartClient_UnitTest.dll" adapterTypeName="executor://mstestadapter/v2" className="SmartClient_UnitTest.VideoOS.RemoteClient.Plugin.CentralizedSearch.SearchTemplates.SearchTemplateManagerTests" name="DeleteSearchTemplateAsync_Fails_Success" />
    </UnitTest>
    <UnitTest name="Command_WithResults_PluginInstanceActivatedCalled" storage="d:\actions-runner\_work\xpco\xpco\sc\components\remoteviewer\smartclient\tst\zsmartclient_unittest\bin\x64\debug\net472\zsmartclient_unittest.dll" id="f107b2f8-e52e-2d8a-eafb-dc1e00450b6b">
      <TestCategory>
        <TestCategoryItem TestCategory="SearchResultsAction" />
      </TestCategory>
      <Execution id="9f72cc84-67c7-4cd6-8f85-258aeaabd5c5" />
      <TestMethod codeBase="D:\actions-runner\_work\XPCO\XPCO\SC\Components\RemoteViewer\SmartClient\tst\zSmartClient_UnitTest\bin\x64\Debug\net472\zSmartClient_UnitTest.dll" adapterTypeName="executor://mstestadapter/v2" className="SmartClient_UnitTest.VideoOS.RemoteClient.Plugin.CentralizedSearch.ViewModels.SearchResultsActionViewModelTests" name="Command_WithResults_PluginInstanceActivatedCalled" />
    </UnitTest>
    <UnitTest name="Serialize_NothingToSerialize_Success" storage="d:\actions-runner\_work\xpco\xpco\sc\components\remoteviewer\smartclient\tst\zsmartclient_unittest\bin\x64\debug\net472\zsmartclient_unittest.dll" id="660d3fbc-11c9-2181-8c43-b82c5f6b1504">
      <TestCategory>
        <TestCategoryItem TestCategory="SearchSerialization" />
      </TestCategory>
      <Execution id="34a1dc45-0638-495d-96f2-b7a9458d6290" />
      <TestMethod codeBase="D:\actions-runner\_work\XPCO\XPCO\SC\Components\RemoteViewer\SmartClient\tst\zSmartClient_UnitTest\bin\x64\Debug\net472\zSmartClient_UnitTest.dll" adapterTypeName="executor://mstestadapter/v2" className="SmartClient_UnitTest.VideoOS.RemoteClient.Plugin.CentralizedSearch.Models.Serialization.SearchSerializerTests" name="Serialize_NothingToSerialize_Success" />
    </UnitTest>
    <UnitTest name="IconResourceKey_ShouldBeValid_WhenInteractionStateIsAddInput" storage="d:\actions-runner\_work\xpco\xpco\sc\components\remoteviewer\smartclient\tst\zsmartclient_unittest\bin\x64\debug\net472\zsmartclient_unittest.dll" id="bc93f730-cf4f-b2fd-70c0-19446c70f746">
      <TestCategory>
        <TestCategoryItem TestCategory="GisMap.UI.DeviceSelectors.PanelComponents" />
      </TestCategory>
      <Execution id="2d00a0b7-c36d-4124-b77a-404630878649" />
      <TestMethod codeBase="D:\actions-runner\_work\XPCO\XPCO\SC\Components\RemoteViewer\SmartClient\tst\zSmartClient_UnitTest\bin\x64\Debug\net472\zSmartClient_UnitTest.dll" adapterTypeName="executor://mstestadapter/v2" className="SmartClient_UnitTest.VideoOS.RemoteClient.Plugin.GisMap.UI.DeviceSelectors.PanelComponents.DeviceSelectorPanelComponentTests" name="IconResourceKey_ShouldBeValid_WhenInteractionStateIsAddInput" />
    </UnitTest>
    <UnitTest name="ResolveSearchDefinitions_ShouldReturnResultSearchDefinition_WhenSingleSearchResultAndEmptySearchDefinitionsAreGiven" storage="d:\actions-runner\_work\xpco\xpco\sc\components\remoteviewer\smartclient\tst\zsmartclient_unittest\bin\x64\debug\net472\zsmartclient_unittest.dll" id="8bf4ac3f-d50d-8962-2b87-11176401d4e7">
      <TestCategory>
        <TestCategoryItem TestCategory="Search" />
      </TestCategory>
      <Execution id="636720b2-5076-413b-af0b-17640854ff28" />
      <TestMethod codeBase="D:\actions-runner\_work\XPCO\XPCO\SC\Components\RemoteViewer\SmartClient\tst\zSmartClient_UnitTest\bin\x64\Debug\net472\zSmartClient_UnitTest.dll" adapterTypeName="executor://mstestadapter/v2" className="SmartClient_UnitTest.VideoOS.RemoteClient.Plugin.CentralizedSearch.Utils.SearchResultDataWrapperExtensionsTests" name="ResolveSearchDefinitions_ShouldReturnResultSearchDefinition_WhenSingleSearchResultAndEmptySearchDefinitionsAreGiven" />
    </UnitTest>
    <UnitTest name="GetItemsIn_BuildingNoLevels_Returns2Items" storage="d:\actions-runner\_work\xpco\xpco\sc\components\remoteviewer\smartclient\tst\zsmartclient_unittest\bin\x64\debug\net472\zsmartclient_unittest.dll" id="568e27a2-2d92-2560-0d4d-7360cf22e5e8">
      <TestCategory>
        <TestCategoryItem TestCategory="GisMapIndex" />
      </TestCategory>
      <Execution id="3f008f89-0ef8-4e8b-acf2-9dcf6e7c9ffd" />
      <TestMethod codeBase="D:\actions-runner\_work\XPCO\XPCO\SC\Components\RemoteViewer\SmartClient\tst\zSmartClient_UnitTest\bin\x64\Debug\net472\zSmartClient_UnitTest.dll" adapterTypeName="executor://mstestadapter/v2" className="SmartClient_UnitTest.VideoOS.RemoteClient.GisMapData.Common.Indexer.BuildingsAwareIndexerTests" name="GetItemsIn_BuildingNoLevels_Returns2Items" />
    </UnitTest>
    <UnitTest name="AddToExportTuples_ShouldReturnCorrectResult (5,0,0)" storage="d:\actions-runner\_work\xpco\xpco\sc\components\remoteviewer\smartclient\tst\zsmartclient_unittest\bin\x64\debug\net472\zsmartclient_unittest.dll" id="22c303b8-43d5-607e-1d1f-d8119ff03ede">
      <TestCategory>
        <TestCategoryItem TestCategory="Managers" />
      </TestCategory>
      <Execution id="1f28ce04-41c4-4b50-99de-f2677931e54b" />
      <TestMethod codeBase="D:\actions-runner\_work\XPCO\XPCO\SC\Components\RemoteViewer\SmartClient\tst\zSmartClient_UnitTest\bin\x64\Debug\net472\zSmartClient_UnitTest.dll" adapterTypeName="executor://mstestadapter/v2" className="SmartClient_UnitTest.VideoOS.RemoteClient.Application.Managers.ExportManagerTests" name="AddToExportTuples_ShouldReturnCorrectResult" />
    </UnitTest>
    <UnitTest name="Perform_NewActionDuringDelay_OverwritesPrevious" storage="d:\actions-runner\_work\xpco\xpco\sc\components\remoteviewer\smartclient\tst\zsmartclient_unittest\bin\x64\debug\net472\zsmartclient_unittest.dll" id="3c716f34-734b-16bb-9f28-27f6b4a026ec">
      <TestCategory>
        <TestCategoryItem TestCategory="UI.Facilitators" />
      </TestCategory>
      <Execution id="62805313-7113-4b9d-8743-623028ef4de0" />
      <TestMethod codeBase="D:\actions-runner\_work\XPCO\XPCO\SC\Components\RemoteViewer\SmartClient\tst\zSmartClient_UnitTest\bin\x64\Debug\net472\zSmartClient_UnitTest.dll" adapterTypeName="executor://mstestadapter/v2" className="SmartClient_UnitTest.VideoOS.UI.Common.EventDrivenBufferWithDelayTests" name="Perform_NewActionDuringDelay_OverwritesPrevious" />
    </UnitTest>
    <UnitTest name="MapInputIcons_WhenMilestoneOemResource_ShouldReturnSevenIcons" storage="d:\actions-runner\_work\xpco\xpco\sc\components\remoteviewer\smartclient\tst\zsmartclient_unittest\bin\x64\debug\net472\zsmartclient_unittest.dll" id="2e98d886-c9c5-7fb8-f647-7bfb037cf4a5">
      <Execution id="b81b35a3-d11f-47fa-9f98-872455303f8d" />
      <TestMethod codeBase="D:\actions-runner\_work\XPCO\XPCO\SC\Components\RemoteViewer\SmartClient\tst\zSmartClient_UnitTest\bin\x64\Debug\net472\zSmartClient_UnitTest.dll" adapterTypeName="executor://mstestadapter/v2" className="SmartClient_UnitTest.VideoOS.RemoteClient.Application.Controllers.OemResourceControllerTest" name="MapInputIcons_WhenMilestoneOemResource_ShouldReturnSevenIcons" />
    </UnitTest>
    <UnitTest name="SearchResultsActionBarActions_CreateSnapshot_OptionUnavailable_NotEnabled" storage="d:\actions-runner\_work\xpco\xpco\sc\components\remoteviewer\smartclient\tst\zsmartclient_unittest\bin\x64\debug\net472\zsmartclient_unittest.dll" id="d6051bbc-d4c3-a2f2-5d50-05eb2d368bda">
      <TestCategory>
        <TestCategoryItem TestCategory="SearchResultActionBarViewModel" />
      </TestCategory>
      <Execution id="a6513c76-fcf4-4947-9fcd-494a05f9596d" />
      <TestMethod codeBase="D:\actions-runner\_work\XPCO\XPCO\SC\Components\RemoteViewer\SmartClient\tst\zSmartClient_UnitTest\bin\x64\Debug\net472\zSmartClient_UnitTest.dll" adapterTypeName="executor://mstestadapter/v2" className="SmartClient_UnitTest.VideoOS.RemoteClient.Plugin.CentralizedSearch.ViewModels.SearchResultsActionBarViewModelTest" name="SearchResultsActionBarActions_CreateSnapshot_OptionUnavailable_NotEnabled" />
    </UnitTest>
    <UnitTest name="GetOSFullName_ShouldReturnSomething" storage="d:\actions-runner\_work\xpco\xpco\sc\components\remoteviewer\smartclient\tst\zsmartclient_unittest\bin\x64\debug\net472\zsmartclient_unittest.dll" id="55e4f137-ee25-d174-0329-0df4a0a2d62a">
      <Execution id="7d31fcbe-7fcd-4adc-8f01-e81f6dd786a0" />
      <TestMethod codeBase="D:\actions-runner\_work\XPCO\XPCO\SC\Components\RemoteViewer\SmartClient\tst\zSmartClient_UnitTest\bin\x64\Debug\net472\zSmartClient_UnitTest.dll" adapterTypeName="executor://mstestadapter/v2" className="SmartClient_UnitTest.VideoOS.RemoteClient.Application.Common.Telemetry.SCTelemetrySpecificsTests" name="GetOSFullName_ShouldReturnSomething" />
    </UnitTest>
    <UnitTest name="Dispose_ShouldDetachOnUpdateUnmutedMicrophonesRaised_WhenCalled" storage="d:\actions-runner\_work\xpco\xpco\sc\components\remoteviewer\smartclient\tst\zsmartclient_unittest\bin\x64\debug\net472\zsmartclient_unittest.dll" id="acb150f5-b42c-e1e1-4437-dd62b031592b">
      <TestCategory>
        <TestCategoryItem TestCategory="GisMapData.MapLayers" />
      </TestCategory>
      <Execution id="c10fe29e-64ba-4304-817e-c295904e1ce1" />
      <TestMethod codeBase="D:\actions-runner\_work\XPCO\XPCO\SC\Components\RemoteViewer\SmartClient\tst\zSmartClient_UnitTest\bin\x64\Debug\net472\zSmartClient_UnitTest.dll" adapterTypeName="executor://mstestadapter/v2" className="SmartClient_UnitTest.VideoOS.RemoteClient.GisMapData.MapLayers.MicrophoneItemsMapLayerTests" name="Dispose_ShouldDetachOnUpdateUnmutedMicrophonesRaised_WhenCalled" />
    </UnitTest>
    <UnitTest name="SmartMapGetPositionRequestHandler_WhenDataIsValid_ShouldCallNavigateTo" storage="d:\actions-runner\_work\xpco\xpco\sc\components\remoteviewer\smartclient\tst\zsmartclient_unittest\bin\x64\debug\net472\zsmartclient_unittest.dll" id="e60bae60-c13a-330d-734d-4108f8865d47">
      <Execution id="90cef11b-05dd-49b9-b228-4762e4f8e704" />
      <TestMethod codeBase="D:\actions-runner\_work\XPCO\XPCO\SC\Components\RemoteViewer\SmartClient\tst\zSmartClient_UnitTest\bin\x64\Debug\net472\zSmartClient_UnitTest.dll" adapterTypeName="executor://mstestadapter/v2" className="SmartClient_UnitTest.VideoOS.RemoteClient.Plugin.GisMap.MIP.ContentHolderMipMessageManagerTests" name="SmartMapGetPositionRequestHandler_WhenDataIsValid_ShouldCallNavigateTo" />
    </UnitTest>
    <UnitTest name="ValidateExportName_ShouldReturnFailResult_ExportNameRequired" storage="d:\actions-runner\_work\xpco\xpco\sc\components\remoteviewer\smartclient\tst\zsmartclient_unittest\bin\x64\debug\net472\zsmartclient_unittest.dll" id="017cc019-8cef-3e6e-38b3-9860b15006c5">
      <TestCategory>
        <TestCategoryItem TestCategory="Export" />
      </TestCategory>
      <Execution id="f3662e0e-38c2-4815-9522-7acb1bb63733" />
      <TestMethod codeBase="D:\actions-runner\_work\XPCO\XPCO\SC\Components\RemoteViewer\SmartClient\tst\zSmartClient_UnitTest\bin\x64\Debug\net472\zSmartClient_UnitTest.dll" adapterTypeName="executor://mstestadapter/v2" className="SmartClient_UnitTest.VideoOS.RemoteClient.Plugin.Export.ExportDataValidatorTests" name="ValidateExportName_ShouldReturnFailResult_ExportNameRequired" />
    </UnitTest>
    <UnitTest name="BoundingBoxLiveStartNoLiveHandler" storage="d:\actions-runner\_work\xpco\xpco\sc\components\remoteviewer\smartclient\tst\zsmartclient_unittest\bin\x64\debug\net472\zsmartclient_unittest.dll" id="80e60020-24f2-b8c1-7ee1-a8544259cfd1">
      <Execution id="51f3f380-2edd-4356-9ff5-02b7ca9e7489" />
      <TestMethod codeBase="D:\actions-runner\_work\XPCO\XPCO\SC\Components\RemoteViewer\SmartClient\tst\zSmartClient_UnitTest\bin\x64\Debug\net472\zSmartClient_UnitTest.dll" adapterTypeName="executor://mstestadapter/v2" className="SmartClient_UnitTest.VideoOS.RemoteClient.Application.Data.Metadata.BoundingBoxes.BoundingBoxProviderTest" name="BoundingBoxLiveStartNoLiveHandler" />
    </UnitTest>
    <UnitTest name="ToNormalizedFieldOfView_OutOfRange_LessZero_Fail" storage="d:\actions-runner\_work\xpco\xpco\sc\components\remoteviewer\smartclient\tst\zsmartclient_unittest\bin\x64\debug\net472\zsmartclient_unittest.dll" id="7191513c-28f2-659c-e5d2-897223e1317f">
      <TestCategory>
        <TestCategoryItem TestCategory="GisMap" />
      </TestCategory>
      <Execution id="0e732146-373b-4726-92cd-b2c33c161941" />
      <TestMethod codeBase="D:\actions-runner\_work\XPCO\XPCO\SC\Components\RemoteViewer\SmartClient\tst\zSmartClient_UnitTest\bin\x64\Debug\net472\zSmartClient_UnitTest.dll" adapterTypeName="executor://mstestadapter/v2" className="SmartClient_UnitTest.VideoOS.RemoteClient.GisMap.Utilities.GisUtilityTests" name="ToNormalizedFieldOfView_OutOfRange_LessZero_Fail" />
    </UnitTest>
    <UnitTest name="TrySelectAvailableExportNameTest_ShouldThrowException_WhenExportDataValidatorIsNull" storage="d:\actions-runner\_work\xpco\xpco\sc\components\remoteviewer\smartclient\tst\zsmartclient_unittest\bin\x64\debug\net472\zsmartclient_unittest.dll" id="0acd9aea-66db-23f1-2f4e-7c9500451a5d">
      <Execution id="35368b52-04f5-4d78-a53c-12fd985134c0" />
      <TestMethod codeBase="D:\actions-runner\_work\XPCO\XPCO\SC\Components\RemoteViewer\SmartClient\tst\zSmartClient_UnitTest\bin\x64\Debug\net472\zSmartClient_UnitTest.dll" adapterTypeName="executor://mstestadapter/v2" className="SmartClient_UnitTest.VideoOS.RemoteClient.Application.Data.Export.ExportDataHelperTests" name="TrySelectAvailableExportNameTest_ShouldThrowException_WhenExportDataValidatorIsNull" />
    </UnitTest>
    <UnitTest name="AddToExportDevices_ShouldReturnCorrectResult (0,0,5)" storage="d:\actions-runner\_work\xpco\xpco\sc\components\remoteviewer\smartclient\tst\zsmartclient_unittest\bin\x64\debug\net472\zsmartclient_unittest.dll" id="d7914310-2797-ff1f-ca17-4f5e247c4bf2">
      <TestCategory>
        <TestCategoryItem TestCategory="Managers" />
      </TestCategory>
      <Execution id="5f63cd84-a917-4df8-b6a2-406159f4af0c" />
      <TestMethod codeBase="D:\actions-runner\_work\XPCO\XPCO\SC\Components\RemoteViewer\SmartClient\tst\zSmartClient_UnitTest\bin\x64\Debug\net472\zSmartClient_UnitTest.dll" adapterTypeName="executor://mstestadapter/v2" className="SmartClient_UnitTest.VideoOS.RemoteClient.Application.Managers.ExportManagerTests" name="AddToExportDevices_ShouldReturnCorrectResult" />
    </UnitTest>
    <UnitTest name="Default, not forced" storage="d:\actions-runner\_work\xpco\xpco\sc\components\remoteviewer\smartclient\tst\zsmartclient_unittest\bin\x64\debug\net472\zsmartclient_unittest.dll" id="f7204c3a-a2f1-1bb5-2fa5-0b71c4b947a5">
      <TestCategory>
        <TestCategoryItem TestCategory="Export" />
      </TestCategory>
      <Execution id="bef9039e-35b8-4e7e-bdd6-93a386f5690b" />
      <TestMethod codeBase="D:\actions-runner\_work\XPCO\XPCO\SC\Components\RemoteViewer\SmartClient\tst\zSmartClient_UnitTest\bin\x64\Debug\net472\zSmartClient_UnitTest.dll" adapterTypeName="executor://mstestadapter/v2" className="SmartClient_UnitTest.VideoOS.RemoteClient.Plugin.Export.CreateExportDialogViewModelTests" name="CreateExportDialog_ExportPathCanBeModified_BasedOnOptions" />
    </UnitTest>
    <UnitTest name="SearchResultContainerView_OnItemActivated_AnimationEnabled_DetailsViewAddedToDetailsViewControl" storage="d:\actions-runner\_work\xpco\xpco\sc\components\remoteviewer\smartclient\tst\zsmartclient_unittest\bin\x64\debug\net472\zsmartclient_unittest.dll" id="df3f8216-c259-3e39-24bc-16b94a530f01">
      <TestCategory>
        <TestCategoryItem TestCategory="SearchViews" />
      </TestCategory>
      <Execution id="c9a65577-613b-42bd-b116-476927c74002" />
      <TestMethod codeBase="D:\actions-runner\_work\XPCO\XPCO\SC\Components\RemoteViewer\SmartClient\tst\zSmartClient_UnitTest\bin\x64\Debug\net472\zSmartClient_UnitTest.dll" adapterTypeName="executor://mstestadapter/v2" className="SmartClient_UnitTest.VideoOS.RemoteClient.Plugin.CentralizedSearch.Views.SearchResultsViewTests" name="SearchResultContainerView_OnItemActivated_AnimationEnabled_DetailsViewAddedToDetailsViewControl" />
    </UnitTest>
    <UnitTest name="AddSelectedWindowsToExport_ShouldShowCorrectToastMessages (5,0,5)" storage="d:\actions-runner\_work\xpco\xpco\sc\components\remoteviewer\smartclient\tst\zsmartclient_unittest\bin\x64\debug\net472\zsmartclient_unittest.dll" id="f31e45eb-b31b-c8a0-0fd1-7b7c41d2f7a0">
      <TestCategory>
        <TestCategoryItem TestCategory="Managers" />
      </TestCategory>
      <Execution id="e9e66320-97b6-43a0-b9e6-086182d09c94" />
      <TestMethod codeBase="D:\actions-runner\_work\XPCO\XPCO\SC\Components\RemoteViewer\SmartClient\tst\zSmartClient_UnitTest\bin\x64\Debug\net472\zSmartClient_UnitTest.dll" adapterTypeName="executor://mstestadapter/v2" className="SmartClient_UnitTest.VideoOS.RemoteClient.Application.Managers.ExportManagerTests" name="AddSelectedWindowsToExport_ShouldShowCorrectToastMessages" />
    </UnitTest>
    <UnitTest name="CreateDefinition_ModifyOneDefinition_DelayedSearchStartedForAllDefinitions" storage="d:\actions-runner\_work\xpco\xpco\sc\components\remoteviewer\smartclient\tst\zsmartclient_unittest\bin\x64\debug\net472\zsmartclient_unittest.dll" id="6ec299cf-433f-6019-4dfb-ce39d2dfd94a">
      <TestCategory>
        <TestCategoryItem TestCategory="SearchModels" />
      </TestCategory>
      <Execution id="2c3eec67-9b77-4bd3-b093-56ad61020763" />
      <TestMethod codeBase="D:\actions-runner\_work\XPCO\XPCO\SC\Components\RemoteViewer\SmartClient\tst\zSmartClient_UnitTest\bin\x64\Debug\net472\zSmartClient_UnitTest.dll" adapterTypeName="executor://mstestadapter/v2" className="SmartClient_UnitTest.VideoOS.RemoteClient.Plugin.CentralizedSearch.Models.SearchModelTests" name="CreateDefinition_ModifyOneDefinition_DelayedSearchStartedForAllDefinitions" />
    </UnitTest>
    <UnitTest name="AlwaysPutSmartWallBeforeViews" storage="d:\actions-runner\_work\xpco\xpco\sc\components\remoteviewer\smartclient\tst\zsmartclient_unittest\bin\x64\debug\net472\zsmartclient_unittest.dll" id="add162a8-f1ad-a5bc-d7cc-f7fa5d66acf8">
      <Execution id="39a71887-3a70-4640-8d0b-b359eb50bbab" />
      <TestMethod codeBase="D:\actions-runner\_work\XPCO\XPCO\SC\Components\RemoteViewer\SmartClient\tst\zSmartClient_UnitTest\bin\x64\Debug\net472\zSmartClient_UnitTest.dll" adapterTypeName="executor://mstestadapter/v2" className="SmartClient_UnitTest.VideoOS.RemoteClient.Application.UI.Common.ViewTree.SortingTests" name="AlwaysPutSmartWallBeforeViews" />
    </UnitTest>
    <UnitTest name="SearchResultDetailsView_EscapeKey_AnimationDisabled_DetailsViewRemovedFromDetailsViewControl" storage="d:\actions-runner\_work\xpco\xpco\sc\components\remoteviewer\smartclient\tst\zsmartclient_unittest\bin\x64\debug\net472\zsmartclient_unittest.dll" id="2f6c3871-63b7-76a6-f56a-4c6dd0f4f467">
      <TestCategory>
        <TestCategoryItem TestCategory="SearchViews" />
      </TestCategory>
      <Execution id="a50bd0d5-fcb7-4e28-a363-015239767e9f" />
      <TestMethod codeBase="D:\actions-runner\_work\XPCO\XPCO\SC\Components\RemoteViewer\SmartClient\tst\zSmartClient_UnitTest\bin\x64\Debug\net472\zSmartClient_UnitTest.dll" adapterTypeName="executor://mstestadapter/v2" className="SmartClient_UnitTest.VideoOS.RemoteClient.Plugin.CentralizedSearch.Views.SearchResultsViewTests" name="SearchResultDetailsView_EscapeKey_AnimationDisabled_DetailsViewRemovedFromDetailsViewControl" />
    </UnitTest>
    <UnitTest name="GetIsOpenStreetMapValid_ShouldReturnFalse_WhenGeographicLayerIsUnavailableAndAlternativeServerHasInvalidUrl" storage="d:\actions-runner\_work\xpco\xpco\sc\components\remoteviewer\smartclient\tst\zsmartclient_unittest\bin\x64\debug\net472\zsmartclient_unittest.dll" id="72ff64d9-b16e-e940-9856-804e7e3a62f9">
      <TestCategory>
        <TestCategoryItem TestCategory="GisMapData.Controllers.Osm" />
      </TestCategory>
      <Execution id="d25d02a7-67cd-4001-8e94-1c686f8518f2" />
      <TestMethod codeBase="D:\actions-runner\_work\XPCO\XPCO\SC\Components\RemoteViewer\SmartClient\tst\zSmartClient_UnitTest\bin\x64\Debug\net472\zSmartClient_UnitTest.dll" adapterTypeName="executor://mstestadapter/v2" className="SmartClient_UnitTest.VideoOS.RemoteClient.GisMapData.Controllers.Osm.GisMapOsmControllerTests" name="GetIsOpenStreetMapValid_ShouldReturnFalse_WhenGeographicLayerIsUnavailableAndAlternativeServerHasInvalidUrl" />
    </UnitTest>
    <UnitTest name="PatrollingProfileViewModelTest_SelectEndPosition_SamePosition" storage="d:\actions-runner\_work\xpco\xpco\sc\components\remoteviewer\smartclient\tst\zsmartclient_unittest\bin\x64\debug\net472\zsmartclient_unittest.dll" id="1bcc3d33-eed0-82c1-06ce-172f567f9802">
      <Execution id="85f37884-2518-4397-a456-75781d55fc7b" />
      <TestMethod codeBase="D:\actions-runner\_work\XPCO\XPCO\SC\Components\RemoteViewer\SmartClient\tst\zSmartClient_UnitTest\bin\x64\Debug\net472\zSmartClient_UnitTest.dll" adapterTypeName="executor://mstestadapter/v2" className="SmartClient_UnitTest.VideoOS.RemoteClient.Application.UI.PtzPreset.PatrollingViewModel.PatrollingProfileViewModelTest" name="PatrollingProfileViewModelTest_SelectEndPosition_SamePosition" />
    </UnitTest>
    <UnitTest name="HandleGetDeviceData_ShouldReturnNotFoundDeviceData_WhenNotSupportedKind" storage="d:\actions-runner\_work\xpco\xpco\sc\components\remoteviewer\smartclient\tst\zsmartclient_unittest\bin\x64\debug\net472\zsmartclient_unittest.dll" id="2fb66288-907e-6f79-7496-8522636043b2">
      <TestCategory>
        <TestCategoryItem TestCategory="GisMap.Handlers.Devices.MapItems" />
      </TestCategory>
      <Execution id="099fb6e7-5a21-4fc3-8139-cd98bf3467ca" />
      <TestMethod codeBase="D:\actions-runner\_work\XPCO\XPCO\SC\Components\RemoteViewer\SmartClient\tst\zSmartClient_UnitTest\bin\x64\Debug\net472\zSmartClient_UnitTest.dll" adapterTypeName="executor://mstestadapter/v2" className="SmartClient_UnitTest.VideoOS.RemoteClient.Plugin.GisMap.Handlers.Devices.MapItems.MicrophoneDataHandlerTests" name="HandleGetDeviceData_ShouldReturnNotFoundDeviceData_WhenNotSupportedKind" />
    </UnitTest>
    <UnitTest name="Compare_ShouldSortByPrimaryEventTime_WhenCombinedResultsAreEquallyRelevant" storage="d:\actions-runner\_work\xpco\xpco\sc\components\remoteviewer\smartclient\tst\zsmartclient_unittest\bin\x64\debug\net472\zsmartclient_unittest.dll" id="bcd71d5d-281d-5d3b-7426-e01e3ca8b29e">
      <TestCategory>
        <TestCategoryItem TestCategory="SearchComparers" />
      </TestCategory>
      <Execution id="aa24031c-05e5-493e-ac08-097ef302c415" />
      <TestMethod codeBase="D:\actions-runner\_work\XPCO\XPCO\SC\Components\RemoteViewer\SmartClient\tst\zSmartClient_UnitTest\bin\x64\Debug\net472\zSmartClient_UnitTest.dll" adapterTypeName="executor://mstestadapter/v2" className="SmartClient_UnitTest.VideoOS.RemoteClient.Plugin.CentralizedSearch.Models.Wrappers.Comparers.RelevanceComparerTests" name="Compare_ShouldSortByPrimaryEventTime_WhenCombinedResultsAreEquallyRelevant" />
    </UnitTest>
    <UnitTest name="CreateExportDialog_CanCreateExport_WhenOnlyExportToOpticsAndInvalidExportPath" storage="d:\actions-runner\_work\xpco\xpco\sc\components\remoteviewer\smartclient\tst\zsmartclient_unittest\bin\x64\debug\net472\zsmartclient_unittest.dll" id="e0ddb94a-4c42-ee26-7803-7c8bb915b98c">
      <TestCategory>
        <TestCategoryItem TestCategory="Export" />
      </TestCategory>
      <Execution id="ac7c5ccf-3671-466d-a7c2-c5f66400d3ef" />
      <TestMethod codeBase="D:\actions-runner\_work\XPCO\XPCO\SC\Components\RemoteViewer\SmartClient\tst\zSmartClient_UnitTest\bin\x64\Debug\net472\zSmartClient_UnitTest.dll" adapterTypeName="executor://mstestadapter/v2" className="SmartClient_UnitTest.VideoOS.RemoteClient.Plugin.Export.CreateExportDialogViewModelTests" name="CreateExportDialog_CanCreateExport_WhenOnlyExportToOpticsAndInvalidExportPath" />
    </UnitTest>
    <UnitTest name="DoubleClickOnPreviewPlayer_ShouldOpenDetailsViewWithAnimation_WhenFocusedItemIsNotNullAndAnimationsAreEnabled" storage="d:\actions-runner\_work\xpco\xpco\sc\components\remoteviewer\smartclient\tst\zsmartclient_unittest\bin\x64\debug\net472\zsmartclient_unittest.dll" id="7899bcea-7118-cfa0-aa3f-14444c7eb8ac">
      <TestCategory>
        <TestCategoryItem TestCategory="SearchViews" />
      </TestCategory>
      <Execution id="ca910fb7-7b9e-46f3-81b2-c496584af905" />
      <TestMethod codeBase="D:\actions-runner\_work\XPCO\XPCO\SC\Components\RemoteViewer\SmartClient\tst\zSmartClient_UnitTest\bin\x64\Debug\net472\zSmartClient_UnitTest.dll" adapterTypeName="executor://mstestadapter/v2" className="SmartClient_UnitTest.VideoOS.RemoteClient.Plugin.CentralizedSearch.Views.SearchResultsViewTests" name="DoubleClickOnPreviewPlayer_ShouldOpenDetailsViewWithAnimation_WhenFocusedItemIsNotNullAndAnimationsAreEnabled" />
    </UnitTest>
    <UnitTest name="IconTooltip_ShouldBeValid_WhenInteractionStateIsAddCamera" storage="d:\actions-runner\_work\xpco\xpco\sc\components\remoteviewer\smartclient\tst\zsmartclient_unittest\bin\x64\debug\net472\zsmartclient_unittest.dll" id="6447c994-5b95-325f-325b-e1016ffa29e1">
      <TestCategory>
        <TestCategoryItem TestCategory="GisMap.UI.DeviceSelectors.PanelComponents" />
      </TestCategory>
      <Execution id="c3cc6917-c9f3-4240-b9dd-04a1c5053f50" />
      <TestMethod codeBase="D:\actions-runner\_work\XPCO\XPCO\SC\Components\RemoteViewer\SmartClient\tst\zSmartClient_UnitTest\bin\x64\Debug\net472\zSmartClient_UnitTest.dll" adapterTypeName="executor://mstestadapter/v2" className="SmartClient_UnitTest.VideoOS.RemoteClient.Plugin.GisMap.UI.DeviceSelectors.PanelComponents.DeviceSelectorPanelComponentTests" name="IconTooltip_ShouldBeValid_WhenInteractionStateIsAddCamera" />
    </UnitTest>
    <UnitTest name="MotionAreaInfoDto_ShouldYieldSameValues_WhenRoundTripConverted" storage="d:\actions-runner\_work\xpco\xpco\sc\components\remoteviewer\smartclient\tst\zsmartclient_unittest\bin\x64\debug\net472\zsmartclient_unittest.dll" id="ee6192d4-4913-e5e7-42dd-becf117dbb37">
      <TestCategory>
        <TestCategoryItem TestCategory="RecorderProxyToDtoMapping" />
      </TestCategory>
      <Execution id="915cac06-0fa1-44db-9377-10668e827882" />
      <TestMethod codeBase="D:\actions-runner\_work\XPCO\XPCO\SC\Components\RemoteViewer\SmartClient\tst\zSmartClient_UnitTest\bin\x64\Debug\net472\zSmartClient_UnitTest.dll" adapterTypeName="executor://mstestadapter/v2" className="VideoOS.Shared.ServerAPI.SOAP.RecorderClientMappingTests" name="MotionAreaInfoDto_ShouldYieldSameValues_WhenRoundTripConverted" />
    </UnitTest>
    <UnitTest name="Map_Layers_InsertDirectly_Fail" storage="d:\actions-runner\_work\xpco\xpco\sc\components\remoteviewer\smartclient\tst\zsmartclient_unittest\bin\x64\debug\net472\zsmartclient_unittest.dll" id="1bd47a22-fa5c-5334-c7fb-8e1b4053f662">
      <TestCategory>
        <TestCategoryItem TestCategory="GisMapLayers" />
      </TestCategory>
      <Execution id="d33ec0ed-2a97-4e9d-a6de-75d812dca028" />
      <TestMethod codeBase="D:\actions-runner\_work\XPCO\XPCO\SC\Components\RemoteViewer\SmartClient\tst\zSmartClient_UnitTest\bin\x64\Debug\net472\zSmartClient_UnitTest.dll" adapterTypeName="executor://mstestadapter/v2" className="SmartClient_UnitTest.VideoOS.RemoteClient.GisMapData.GisMapLayerTests" name="Map_Layers_InsertDirectly_Fail" />
    </UnitTest>
    <UnitTest name="SmartSearchStatusType_ShouldYieldSameValuesForAllEnumValues_WhenRoundTripConverted (SearchResultReady,SearchResultReady)" storage="d:\actions-runner\_work\xpco\xpco\sc\components\remoteviewer\smartclient\tst\zsmartclient_unittest\bin\x64\debug\net472\zsmartclient_unittest.dll" id="337537ae-5ca8-61cb-549e-269d84719921">
      <TestCategory>
        <TestCategoryItem TestCategory="RecorderProxyToDtoMapping" />
      </TestCategory>
      <Execution id="7bbedb86-ee26-47b5-9cc2-dbe356b25472" />
      <TestMethod codeBase="D:\actions-runner\_work\XPCO\XPCO\SC\Components\RemoteViewer\SmartClient\tst\zSmartClient_UnitTest\bin\x64\Debug\net472\zSmartClient_UnitTest.dll" adapterTypeName="executor://mstestadapter/v2" className="VideoOS.Shared.ServerAPI.SOAP.RecorderClientMappingTests" name="SmartSearchStatusType_ShouldYieldSameValuesForAllEnumValues_WhenRoundTripConverted" />
    </UnitTest>
    <UnitTest name="IsCamera_ShouldReturnTrue_WhenSingleCameraSelected" storage="d:\actions-runner\_work\xpco\xpco\sc\components\remoteviewer\smartclient\tst\zsmartclient_unittest\bin\x64\debug\net472\zsmartclient_unittest.dll" id="18372786-9c22-e3d6-04ef-6b4e808d181a">
      <Execution id="240bedcf-3cf6-4d28-b0a8-47cce8560db9" />
      <TestMethod codeBase="D:\actions-runner\_work\XPCO\XPCO\SC\Components\RemoteViewer\SmartClient\tst\zSmartClient_UnitTest\bin\x64\Debug\net472\zSmartClient_UnitTest.dll" adapterTypeName="executor://mstestadapter/v2" className="SmartClient_UnitTest.VideoOS.RemoteClient.Application.Data.ContentTypes.ReportingContentType.DashboardExtentionsTest" name="IsCamera_ShouldReturnTrue_WhenSingleCameraSelected" />
    </UnitTest>
    <UnitTest name="SidePanelToggleButtonIsVisible_DependingOnConditions (FullScreen,False,False,False)" storage="d:\actions-runner\_work\xpco\xpco\sc\components\remoteviewer\smartclient\tst\zsmartclient_unittest\bin\x64\debug\net472\zsmartclient_unittest.dll" id="9225bf65-6a60-daf8-2288-dab2e9c23bc2">
      <TestCategory>
        <TestCategoryItem TestCategory="WorkspaceToolbar" />
      </TestCategory>
      <Execution id="2bb044e7-8f18-4707-9112-30ba9f87b62b" />
      <TestMethod codeBase="D:\actions-runner\_work\XPCO\XPCO\SC\Components\RemoteViewer\SmartClient\tst\zSmartClient_UnitTest\bin\x64\Debug\net472\zSmartClient_UnitTest.dll" adapterTypeName="executor://mstestadapter/v2" className="SmartClient_UnitTest.VideoOS.RemoteClient.Application.UI.Content.WorkspaceToolbar.WorkspaceToolbarViewModelTests" name="SidePanelToggleButtonIsVisible_DependingOnConditions" />
    </UnitTest>
    <UnitTest name="Connect_SucceedeInConnectingWithOAuthUnsecure_ShouldReturnTrue" storage="d:\actions-runner\_work\xpco\xpco\sc\components\remoteviewer\smartclient\tst\zsmartclient_unittest\bin\x64\debug\net472\zsmartclient_unittest.dll" id="881744e7-6022-e700-6b80-eadb3836c4cd">
      <Execution id="7532480c-d61c-4e60-8696-0767e740dfc6" />
      <TestMethod codeBase="D:\actions-runner\_work\XPCO\XPCO\SC\Components\RemoteViewer\SmartClient\tst\zSmartClient_UnitTest\bin\x64\Debug\net472\zSmartClient_UnitTest.dll" adapterTypeName="executor://mstestadapter/v2" className="VideoOS.Shared.ServerAPI.VMOViewerClientFacade.UnitTest.VMOViewerClientFacadeTests" name="Connect_SucceedeInConnectingWithOAuthUnsecure_ShouldReturnTrue" />
    </UnitTest>
    <UnitTest name="AddToExportTuples_ShouldReturnCorrectResult (1,1,0)" storage="d:\actions-runner\_work\xpco\xpco\sc\components\remoteviewer\smartclient\tst\zsmartclient_unittest\bin\x64\debug\net472\zsmartclient_unittest.dll" id="cf1b5120-2f82-9f5f-15f1-028f78b34222">
      <TestCategory>
        <TestCategoryItem TestCategory="Managers" />
      </TestCategory>
      <Execution id="226e6e67-ceeb-49d4-9a0b-a31a5af2fc15" />
      <TestMethod codeBase="D:\actions-runner\_work\XPCO\XPCO\SC\Components\RemoteViewer\SmartClient\tst\zSmartClient_UnitTest\bin\x64\Debug\net472\zSmartClient_UnitTest.dll" adapterTypeName="executor://mstestadapter/v2" className="SmartClient_UnitTest.VideoOS.RemoteClient.Application.Managers.ExportManagerTests" name="AddToExportTuples_ShouldReturnCorrectResult" />
    </UnitTest>
    <UnitTest name="BookmarkSearchTime_WithSearchStringInDifferentCases_ReturnCorrectBookmarkWithSearchStringInDescription (SeArChStRiNg,False,True,False,False,,SeArChStRiNg,1)" storage="d:\actions-runner\_work\xpco\xpco\sc\components\remoteviewer\smartclient\tst\zsmartclient_unittest\bin\x64\debug\net472\zsmartclient_unittest.dll" id="52ea9bfe-1874-02a6-4b0f-ab5154a2f6b0">
      <Execution id="5a4e73b5-17ef-4283-b905-990ca86964be" />
      <TestMethod codeBase="D:\actions-runner\_work\XPCO\XPCO\SC\Components\RemoteViewer\SmartClient\tst\zSmartClient_UnitTest\bin\x64\Debug\net472\zSmartClient_UnitTest.dll" adapterTypeName="executor://mstestadapter/v2" className="SmartClient_UnitTest.VideoOS.RemoteClient.Application.Data.Offline.UnitTest.BookmarkExportReaderTest" name="BookmarkSearchTime_WithSearchStringInDifferentCases_ReturnCorrectBookmarkWithSearchStringInDescription" />
    </UnitTest>
    <UnitTest name="GetDuration_OneHour_Success" storage="d:\actions-runner\_work\xpco\xpco\sc\components\remoteviewer\smartclient\tst\zsmartclient_unittest\bin\x64\debug\net472\zsmartclient_unittest.dll" id="b583fd3b-a208-f88c-adeb-f397f1f95808">
      <TestCategory>
        <TestCategoryItem TestCategory="Search" />
      </TestCategory>
      <Execution id="81d82cfa-81ed-4589-8ff3-457d9ca5d996" />
      <TestMethod codeBase="D:\actions-runner\_work\XPCO\XPCO\SC\Components\RemoteViewer\SmartClient\tst\zSmartClient_UnitTest\bin\x64\Debug\net472\zSmartClient_UnitTest.dll" adapterTypeName="executor://mstestadapter/v2" className="SmartClient_UnitTest.VideoOS.RemoteClient.Plugin.CentralizedSearch.ViewModels.Data.TimeScopeTests" name="GetDuration_OneHour_Success" />
    </UnitTest>
    <UnitTest name="ValidateExportLocation_ShouldReturnFailResult_DestinationRequired" storage="d:\actions-runner\_work\xpco\xpco\sc\components\remoteviewer\smartclient\tst\zsmartclient_unittest\bin\x64\debug\net472\zsmartclient_unittest.dll" id="4b6fecb5-59c1-ea5f-e98e-45127e9005f6">
      <TestCategory>
        <TestCategoryItem TestCategory="Export" />
      </TestCategory>
      <Execution id="4dcbfed3-10d5-4352-9ac8-d9fd0283aa9e" />
      <TestMethod codeBase="D:\actions-runner\_work\XPCO\XPCO\SC\Components\RemoteViewer\SmartClient\tst\zSmartClient_UnitTest\bin\x64\Debug\net472\zSmartClient_UnitTest.dll" adapterTypeName="executor://mstestadapter/v2" className="SmartClient_UnitTest.VideoOS.RemoteClient.Plugin.Export.ExportDataValidatorTests" name="ValidateExportLocation_ShouldReturnFailResult_DestinationRequired" />
    </UnitTest>
    <UnitTest name="GetServerTypes_ShouldReturnServiceChannelType" storage="d:\actions-runner\_work\xpco\xpco\sc\components\remoteviewer\smartclient\tst\zsmartclient_unittest\bin\x64\debug\net472\zsmartclient_unittest.dll" id="7ef6fc17-41f7-b6dd-5a72-5e5de8ea26a4">
      <Execution id="75f3777f-7d44-4bf9-b8c5-cb2d46453bcf" />
      <TestMethod codeBase="D:\actions-runner\_work\XPCO\XPCO\SC\Components\RemoteViewer\SmartClient\tst\zSmartClient_UnitTest\bin\x64\Debug\net472\zSmartClient_UnitTest.dll" adapterTypeName="executor://mstestadapter/v2" className="SmartClient_UnitTest.VideoOS.RemoteClient.Application.Data.ContentTypes.ReportingContentType.DashboardExtentionsTest" name="GetServerTypes_ShouldReturnServiceChannelType" />
    </UnitTest>
    <UnitTest name="AddSelectedWindowsToExport_ShouldShowCorrectToastMessages (1,0,0)" storage="d:\actions-runner\_work\xpco\xpco\sc\components\remoteviewer\smartclient\tst\zsmartclient_unittest\bin\x64\debug\net472\zsmartclient_unittest.dll" id="343a30d3-1c98-4af1-2d1b-916bd3f172bd">
      <TestCategory>
        <TestCategoryItem TestCategory="Managers" />
      </TestCategory>
      <Execution id="5f10699e-7d9e-4188-be4a-bdde10d75e95" />
      <TestMethod codeBase="D:\actions-runner\_work\XPCO\XPCO\SC\Components\RemoteViewer\SmartClient\tst\zSmartClient_UnitTest\bin\x64\Debug\net472\zSmartClient_UnitTest.dll" adapterTypeName="executor://mstestadapter/v2" className="SmartClient_UnitTest.VideoOS.RemoteClient.Application.Managers.ExportManagerTests" name="AddSelectedWindowsToExport_ShouldShowCorrectToastMessages" />
    </UnitTest>
    <UnitTest name="PopulateTooltip_SingleResultsFromFewCameras12Hours_ValidText" storage="d:\actions-runner\_work\xpco\xpco\sc\components\remoteviewer\smartclient\tst\zsmartclient_unittest\bin\x64\debug\net472\zsmartclient_unittest.dll" id="6999d28b-b0a1-0e27-60a0-97e9ac879716">
      <TestCategory>
        <TestCategoryItem TestCategory="SearchControls" />
      </TestCategory>
      <Execution id="e36c4a4f-cab7-485b-b741-0f749ff039eb" />
      <TestMethod codeBase="D:\actions-runner\_work\XPCO\XPCO\SC\Components\RemoteViewer\SmartClient\tst\zSmartClient_UnitTest\bin\x64\Debug\net472\zSmartClient_UnitTest.dll" adapterTypeName="executor://mstestadapter/v2" className="SmartClient_UnitTest.VideoOS.RemoteClient.Plugin.CentralizedSearch.Views.Controls.TimelineRuler.TimelineRulerControlTests" name="PopulateTooltip_SingleResultsFromFewCameras12Hours_ValidText" />
    </UnitTest>
    <UnitTest name="Constructor_ShouldRaiseArgumentNullException_WhenLayersIsNull" storage="d:\actions-runner\_work\xpco\xpco\sc\components\remoteviewer\smartclient\tst\zsmartclient_unittest\bin\x64\debug\net472\zsmartclient_unittest.dll" id="13ba617e-c06d-6b6c-0709-611e06771ad4">
      <TestCategory>
        <TestCategoryItem TestCategory="GisMapData.Handlers.LayerFeatures" />
      </TestCategory>
      <Execution id="62312fb7-fcb7-47e2-bd12-e04ea322334c" />
      <TestMethod codeBase="D:\actions-runner\_work\XPCO\XPCO\SC\Components\RemoteViewer\SmartClient\tst\zSmartClient_UnitTest\bin\x64\Debug\net472\zSmartClient_UnitTest.dll" adapterTypeName="executor://mstestadapter/v2" className="SmartClient_UnitTest.VideoOS.RemoteClient.GisMapData.Handlers.LayerFeatures.CameraLayerFeaturesHandlerTests" name="Constructor_ShouldRaiseArgumentNullException_WhenLayersIsNull" />
    </UnitTest>
    <UnitTest name="AutomationId_ShouldBeValid_WhenInteractionStateIsInput" storage="d:\actions-runner\_work\xpco\xpco\sc\components\remoteviewer\smartclient\tst\zsmartclient_unittest\bin\x64\debug\net472\zsmartclient_unittest.dll" id="c7b7da64-3485-b2c1-376a-4a2776f7bf98">
      <TestCategory>
        <TestCategoryItem TestCategory="GisMap.UI.DeviceSelectors.PanelComponents" />
      </TestCategory>
      <Execution id="760c080c-5768-4fb1-934f-f053fd4c1463" />
      <TestMethod codeBase="D:\actions-runner\_work\XPCO\XPCO\SC\Components\RemoteViewer\SmartClient\tst\zSmartClient_UnitTest\bin\x64\Debug\net472\zSmartClient_UnitTest.dll" adapterTypeName="executor://mstestadapter/v2" className="SmartClient_UnitTest.VideoOS.RemoteClient.Plugin.GisMap.UI.DeviceSelectors.PanelComponents.DeviceSelectorPanelComponentTests" name="AutomationId_ShouldBeValid_WhenInteractionStateIsInput" />
    </UnitTest>
    <UnitTest name="PopulateTooltip_FewResultsFromFewCameras24Hours_ValidText" storage="d:\actions-runner\_work\xpco\xpco\sc\components\remoteviewer\smartclient\tst\zsmartclient_unittest\bin\x64\debug\net472\zsmartclient_unittest.dll" id="86b5c5b9-f5c0-2dad-738f-2d685bd44644">
      <TestCategory>
        <TestCategoryItem TestCategory="SearchControls" />
      </TestCategory>
      <Execution id="73fccfa6-11ae-4e06-b3f1-572f440af4dd" />
      <TestMethod codeBase="D:\actions-runner\_work\XPCO\XPCO\SC\Components\RemoteViewer\SmartClient\tst\zSmartClient_UnitTest\bin\x64\Debug\net472\zSmartClient_UnitTest.dll" adapterTypeName="executor://mstestadapter/v2" className="SmartClient_UnitTest.VideoOS.RemoteClient.Plugin.CentralizedSearch.Views.Controls.TimelineRuler.TimelineRulerControlTests" name="PopulateTooltip_FewResultsFromFewCameras24Hours_ValidText" />
    </UnitTest>
    <UnitTest name="PatrollingPresetViewModel_Constructor_2_Success" storage="d:\actions-runner\_work\xpco\xpco\sc\components\remoteviewer\smartclient\tst\zsmartclient_unittest\bin\x64\debug\net472\zsmartclient_unittest.dll" id="0d43d95c-82c9-c386-cdd6-8d869ea0afd9">
      <Execution id="af4bf5a5-0e66-401d-a620-7e4ff9afa20b" />
      <TestMethod codeBase="D:\actions-runner\_work\XPCO\XPCO\SC\Components\RemoteViewer\SmartClient\tst\zSmartClient_UnitTest\bin\x64\Debug\net472\zSmartClient_UnitTest.dll" adapterTypeName="executor://mstestadapter/v2" className="SmartClient_UnitTest.VideoOS.RemoteClient.Application.UI.PtzPreset.PatrollingViewModel.PatrollingPresetViewModelTest" name="PatrollingPresetViewModel_Constructor_2_Success" />
    </UnitTest>
    <UnitTest name="Detach_ShouldNotRaiseAnException_WhenAttachWasNotCalledPreviously" storage="d:\actions-runner\_work\xpco\xpco\sc\components\remoteviewer\smartclient\tst\zsmartclient_unittest\bin\x64\debug\net472\zsmartclient_unittest.dll" id="935f6e0f-c97b-5019-7e62-2a29c5b4df2c">
      <TestCategory>
        <TestCategoryItem TestCategory="GisMap.WindowsBases" />
      </TestCategory>
      <Execution id="656c9e42-fef7-4d98-b8e8-06ea360fdf94" />
      <TestMethod codeBase="D:\actions-runner\_work\XPCO\XPCO\SC\Components\RemoteViewer\SmartClient\tst\zSmartClient_UnitTest\bin\x64\Debug\net472\zSmartClient_UnitTest.dll" adapterTypeName="executor://mstestadapter/v2" className="SmartClient_UnitTest.VideoOS.RemoteClient.Plugin.GisMap.Windows.Bases.DragWindowDecoratorTests" name="Detach_ShouldNotRaiseAnException_WhenAttachWasNotCalledPreviously" />
    </UnitTest>
    <UnitTest name="AddResults_NoPartialResults_Success" storage="d:\actions-runner\_work\xpco\xpco\sc\components\remoteviewer\smartclient\tst\zsmartclient_unittest\bin\x64\debug\net472\zsmartclient_unittest.dll" id="02af0d15-e099-b0e6-50ad-6fe37219924b">
      <TestCategory>
        <TestCategoryItem TestCategory="SearchResultsPreprocessor.PartialResults" />
      </TestCategory>
      <Execution id="c6bde5c8-9e57-4e35-b6ac-960bc252e998" />
      <TestMethod codeBase="D:\actions-runner\_work\XPCO\XPCO\SC\Components\RemoteViewer\SmartClient\tst\zSmartClient_UnitTest\bin\x64\Debug\net472\zSmartClient_UnitTest.dll" adapterTypeName="executor://mstestadapter/v2" className="SmartClient_UnitTest.VideoOS.RemoteClient.Plugin.CentralizedSearch.Models.SearchResultsPreprocessorTests" name="AddResults_NoPartialResults_Success" />
    </UnitTest>
    <UnitTest name="PreprocessorResultsProcessed_ShouldAppendReselectedSearchResults_WhenPreprocessorHasResultsToReselect" storage="d:\actions-runner\_work\xpco\xpco\sc\components\remoteviewer\smartclient\tst\zsmartclient_unittest\bin\x64\debug\net472\zsmartclient_unittest.dll" id="d6e18f4d-928d-faa8-fd00-f4b6e0b7623e">
      <TestCategory>
        <TestCategoryItem TestCategory="SearchViewModels" />
      </TestCategory>
      <Execution id="de761be2-141a-4f1b-ad1d-e427fc990b75" />
      <TestMethod codeBase="D:\actions-runner\_work\XPCO\XPCO\SC\Components\RemoteViewer\SmartClient\tst\zSmartClient_UnitTest\bin\x64\Debug\net472\zSmartClient_UnitTest.dll" adapterTypeName="executor://mstestadapter/v2" className="SmartClient_UnitTest.VideoOS.RemoteClient.Plugin.CentralizedSearch.ViewModels.SearchViewModelTests" name="PreprocessorResultsProcessed_ShouldAppendReselectedSearchResults_WhenPreprocessorHasResultsToReselect" />
    </UnitTest>
    <UnitTest name="SetItemOutlines_ItemNull_Exception" storage="d:\actions-runner\_work\xpco\xpco\sc\components\remoteviewer\smartclient\tst\zsmartclient_unittest\bin\x64\debug\net472\zsmartclient_unittest.dll" id="ea1b5845-13e0-a3f9-5ed1-720958ca2d0a">
      <TestCategory>
        <TestCategoryItem TestCategory="GisMap.GisMapViewFacade" />
      </TestCategory>
      <Execution id="bb49b530-5bf1-404c-93ec-ad7056ce2196" />
      <TestMethod codeBase="D:\actions-runner\_work\XPCO\XPCO\SC\Components\RemoteViewer\SmartClient\tst\zSmartClient_UnitTest\bin\x64\Debug\net472\zSmartClient_UnitTest.dll" adapterTypeName="executor://mstestadapter/v2" className="SmartClient_UnitTest.VideoOS.RemoteClient.Plugin.GisMap.IoC.GisMapViewFacadeTests" name="SetItemOutlines_ItemNull_Exception" />
    </UnitTest>
    <UnitTest name="SearchFilterCategoryGet_TwoSearchAgents_AllFiltersAdded" storage="d:\actions-runner\_work\xpco\xpco\sc\components\remoteviewer\smartclient\tst\zsmartclient_unittest\bin\x64\debug\net472\zsmartclient_unittest.dll" id="3457bd27-1f00-b005-3af0-cc532182e652">
      <TestCategory>
        <TestCategoryItem TestCategory="Search" />
      </TestCategory>
      <Execution id="73f5b885-8401-4ba5-8c39-bd8a319c750d" />
      <TestMethod codeBase="D:\actions-runner\_work\XPCO\XPCO\SC\Components\RemoteViewer\SmartClient\tst\zSmartClient_UnitTest\bin\x64\Debug\net472\zSmartClient_UnitTest.dll" adapterTypeName="executor://mstestadapter/v2" className="SmartClient_UnitTest.VideoOS.RemoteClient.Plugin.CentralizedSearch.MIPPlugin.CompositeSearchAgentTests" name="SearchFilterCategoryGet_TwoSearchAgents_AllFiltersAdded" />
    </UnitTest>
    <UnitTest name="BoundingBoxBrowseTimeChangedTestOldData" storage="d:\actions-runner\_work\xpco\xpco\sc\components\remoteviewer\smartclient\tst\zsmartclient_unittest\bin\x64\debug\net472\zsmartclient_unittest.dll" id="dc5553ed-c8db-34b6-aa61-f33cd39a8ce9">
      <Execution id="7d09f137-8be8-45a0-ae54-6f4c83fc9c99" />
      <TestMethod codeBase="D:\actions-runner\_work\XPCO\XPCO\SC\Components\RemoteViewer\SmartClient\tst\zSmartClient_UnitTest\bin\x64\Debug\net472\zSmartClient_UnitTest.dll" adapterTypeName="executor://mstestadapter/v2" className="SmartClient_UnitTest.VideoOS.RemoteClient.Application.Data.Metadata.BoundingBoxes.BoundingBoxProviderTest" name="BoundingBoxBrowseTimeChangedTestOldData" />
    </UnitTest>
    <UnitTest name="ScWorkSpaceModeChangedEvent_ShouldSetDeviceIsDisabledToFalse_WhenSwitchingToLiveModeAndDeviceIsDisabled" storage="d:\actions-runner\_work\xpco\xpco\sc\components\remoteviewer\smartclient\tst\zsmartclient_unittest\bin\x64\debug\net472\zsmartclient_unittest.dll" id="dbc1a342-48a8-affa-8d55-c00e2654c55f">
      <TestCategory>
        <TestCategoryItem TestCategory="GisMapData.MapLayers" />
      </TestCategory>
      <Execution id="8a006884-c72d-4b1c-b9ab-6c160db6e574" />
      <TestMethod codeBase="D:\actions-runner\_work\XPCO\XPCO\SC\Components\RemoteViewer\SmartClient\tst\zSmartClient_UnitTest\bin\x64\Debug\net472\zSmartClient_UnitTest.dll" adapterTypeName="executor://mstestadapter/v2" className="SmartClient_UnitTest.VideoOS.RemoteClient.GisMapData.MapLayers.OutputItemsMapLayerTests" name="ScWorkSpaceModeChangedEvent_ShouldSetDeviceIsDisabledToFalse_WhenSwitchingToLiveModeAndDeviceIsDisabled" />
    </UnitTest>
    <UnitTest name="TestTaskUpdate" storage="d:\actions-runner\_work\xpco\xpco\sc\components\remoteviewer\smartclient\tst\zsmartclient_unittest\bin\x64\debug\net472\zsmartclient_unittest.dll" id="e0f9e943-40a9-c69d-3157-2bda05edf6aa">
      <Execution id="02fa25bd-52be-4ff7-9cc8-9e6af88ee64a" />
      <TestMethod codeBase="D:\actions-runner\_work\XPCO\XPCO\SC\Components\RemoteViewer\SmartClient\tst\zSmartClient_UnitTest\bin\x64\Debug\net472\zSmartClient_UnitTest.dll" adapterTypeName="executor://mstestadapter/v2" className="SmartClient_UnitTest.VideoOS.RemoteClient.Application.Managers.EdgeRetrievalTaskManagerUnitTest" name="TestTaskUpdate" />
    </UnitTest>
    <UnitTest name="TimeToStringConverter_Convert_Success" storage="d:\actions-runner\_work\xpco\xpco\sc\components\remoteviewer\smartclient\tst\zsmartclient_unittest\bin\x64\debug\net472\zsmartclient_unittest.dll" id="2efbf2d6-dad1-cfe2-2063-c228f2b12aef">
      <TestCategory>
        <TestCategoryItem TestCategory="SearchConverter" />
      </TestCategory>
      <Execution id="f883c80c-502b-476a-be87-d08fcbbc6984" />
      <TestMethod codeBase="D:\actions-runner\_work\XPCO\XPCO\SC\Components\RemoteViewer\SmartClient\tst\zSmartClient_UnitTest\bin\x64\Debug\net472\zSmartClient_UnitTest.dll" adapterTypeName="executor://mstestadapter/v2" className="SmartClient_UnitTest.VideoOS.RemoteClient.Plugin.CentralizedSearch.Views.Converters.TimeToStringConverterTests" name="TimeToStringConverter_Convert_Success" />
    </UnitTest>
    <UnitTest name="ResolveSearchDefinitions_ShouldReturnResultSearchDefinition_WhenSingleSearchResultAndSearchDefinitionsContainingCorrectSearchDefinitionsAreGiven" storage="d:\actions-runner\_work\xpco\xpco\sc\components\remoteviewer\smartclient\tst\zsmartclient_unittest\bin\x64\debug\net472\zsmartclient_unittest.dll" id="575af213-6f43-c554-7582-c09e43d49cdb">
      <TestCategory>
        <TestCategoryItem TestCategory="Search" />
      </TestCategory>
      <Execution id="3428f935-c107-44b2-b8ff-3749926dc685" />
      <TestMethod codeBase="D:\actions-runner\_work\XPCO\XPCO\SC\Components\RemoteViewer\SmartClient\tst\zSmartClient_UnitTest\bin\x64\Debug\net472\zSmartClient_UnitTest.dll" adapterTypeName="executor://mstestadapter/v2" className="SmartClient_UnitTest.VideoOS.RemoteClient.Plugin.CentralizedSearch.Utils.SearchResultDataWrapperExtensionsTests" name="ResolveSearchDefinitions_ShouldReturnResultSearchDefinition_WhenSingleSearchResultAndSearchDefinitionsContainingCorrectSearchDefinitionsAreGiven" />
    </UnitTest>
    <UnitTest name="UpdateItemSize_ItemSizeChangedAndEventFired" storage="d:\actions-runner\_work\xpco\xpco\sc\components\remoteviewer\smartclient\tst\zsmartclient_unittest\bin\x64\debug\net472\zsmartclient_unittest.dll" id="d90a523b-e1ac-2a8a-dd1a-2b2e05a4e8cb">
      <TestCategory>
        <TestCategoryItem TestCategory="SearchViews" />
      </TestCategory>
      <Execution id="63773d0a-aea8-463e-9905-fa36b1efb669" />
      <TestMethod codeBase="D:\actions-runner\_work\XPCO\XPCO\SC\Components\RemoteViewer\SmartClient\tst\zSmartClient_UnitTest\bin\x64\Debug\net472\zSmartClient_UnitTest.dll" adapterTypeName="executor://mstestadapter/v2" className="SmartClient_UnitTest.VideoOS.RemoteClient.Plugin.CentralizedSearch.Views.SearchResultsViewTests" name="UpdateItemSize_ItemSizeChangedAndEventFired" />
    </UnitTest>
    <UnitTest name="Unrelated_devices_removed_when_unrelated_camera_added" storage="d:\actions-runner\_work\xpco\xpco\sc\components\remoteviewer\smartclient\tst\zsmartclient_unittest\bin\x64\debug\net472\zsmartclient_unittest.dll" id="f1e0caf2-26c1-7e52-0baf-d74ce88aa74e">
      <Execution id="5fd35628-fb26-488d-bea5-2b7f1b1d61c2" />
      <TestMethod codeBase="D:\actions-runner\_work\XPCO\XPCO\SC\Components\RemoteViewer\SmartClient\tst\zSmartClient_UnitTest\bin\x64\Debug\net472\zSmartClient_UnitTest.dll" adapterTypeName="executor://mstestadapter/v2" className="SmartClient_UnitTest.VideoOS.RemoteClient.Application.Components.EvidenceLock.EvidenceLockRelatedDeviceTests" name="Unrelated_devices_removed_when_unrelated_camera_added" />
    </UnitTest>
    <UnitTest name="SupportsRightClick_ShouldBeFalse_WhenInteractionStateIsNotNormal" storage="d:\actions-runner\_work\xpco\xpco\sc\components\remoteviewer\smartclient\tst\zsmartclient_unittest\bin\x64\debug\net472\zsmartclient_unittest.dll" id="dd385b74-b0ce-69dd-5bae-8f3c49a74f34">
      <TestCategory>
        <TestCategoryItem TestCategory="GisMap.LegacyLinkMarker" />
      </TestCategory>
      <Execution id="83ac2276-6e60-4729-a11b-a08e9741449b" />
      <TestMethod codeBase="D:\actions-runner\_work\XPCO\XPCO\SC\Components\RemoteViewer\SmartClient\tst\zSmartClient_UnitTest\bin\x64\Debug\net472\zSmartClient_UnitTest.dll" adapterTypeName="executor://mstestadapter/v2" className="SmartClient_UnitTest.VideoOS.RemoteClient.Plugin.GisMap.ThinkGeoMap.Markers.LegacyLinkMarker.LegacyLinkMarkerTests" name="SupportsRightClick_ShouldBeFalse_WhenInteractionStateIsNotNormal" />
    </UnitTest>
    <UnitTest name="Close_ShouldSetOwnerWindowToActive" storage="d:\actions-runner\_work\xpco\xpco\sc\components\remoteviewer\smartclient\tst\zsmartclient_unittest\bin\x64\debug\net472\zsmartclient_unittest.dll" id="302e3c9b-71b6-ab55-127c-942ac34841ca">
      <TestCategory>
        <TestCategoryItem TestCategory="GisMap.DeviceSelectorWindow" />
      </TestCategory>
      <Execution id="8e4582a8-fcbc-4d04-8a88-435e7a4c3c64" />
      <TestMethod codeBase="D:\actions-runner\_work\XPCO\XPCO\SC\Components\RemoteViewer\SmartClient\tst\zSmartClient_UnitTest\bin\x64\Debug\net472\zSmartClient_UnitTest.dll" adapterTypeName="executor://mstestadapter/v2" className="SmartClient_UnitTest.VideoOS.RemoteClient.Plugin.GisMap.Windows.GisMapSetup.DeviceSelectors.DeviceSelectorWindowTests" name="Close_ShouldSetOwnerWindowToActive" />
    </UnitTest>
    <UnitTest name="CreateDashboardViewModel_DoesNotUseIdentityTokenCache_WhenAuthenticationIsLegacy" storage="d:\actions-runner\_work\xpco\xpco\sc\components\remoteviewer\smartclient\tst\zsmartclient_unittest\bin\x64\debug\net472\zsmartclient_unittest.dll" id="c391d9c0-dcf3-3657-c2f3-5bd34c44ec5b">
      <TestCategory>
        <TestCategoryItem TestCategory="ReportingContentType" />
      </TestCategory>
      <Execution id="0ecdc5bf-d7ec-4f30-afaf-c3662f20b2f5" />
      <TestMethod codeBase="D:\actions-runner\_work\XPCO\XPCO\SC\Components\RemoteViewer\SmartClient\tst\zSmartClient_UnitTest\bin\x64\Debug\net472\zSmartClient_UnitTest.dll" adapterTypeName="executor://mstestadapter/v2" className="SmartClient_UnitTest.VideoOS.RemoteClient.Application.Data.ContentTypes.ReportingContentType.ReportViewerViewModelTest" name="CreateDashboardViewModel_DoesNotUseIdentityTokenCache_WhenAuthenticationIsLegacy" />
    </UnitTest>
    <UnitTest name="Constructor_ShouldThrowAnException_WhenSearchManagerIsNull" storage="d:\actions-runner\_work\xpco\xpco\sc\components\remoteviewer\smartclient\tst\zsmartclient_unittest\bin\x64\debug\net472\zsmartclient_unittest.dll" id="50437517-5fc5-21fb-fd24-7bb70ccad1c0">
      <TestCategory>
        <TestCategoryItem TestCategory="WorkspaceToolbar" />
      </TestCategory>
      <Execution id="1b4cfbf6-11cf-4e0d-bc69-7ab09785a6f7" />
      <TestMethod codeBase="D:\actions-runner\_work\XPCO\XPCO\SC\Components\RemoteViewer\SmartClient\tst\zSmartClient_UnitTest\bin\x64\Debug\net472\zSmartClient_UnitTest.dll" adapterTypeName="executor://mstestadapter/v2" className="SmartClient_UnitTest.VideoOS.RemoteClient.Application.UI.Content.WorkspaceToolbar.WorkspaceToolbarViewModelTests" name="Constructor_ShouldThrowAnException_WhenSearchManagerIsNull" />
    </UnitTest>
    <UnitTest name="TryGetOsmServerTileAddress_ShouldSetEmptyUriAddress_WhenOsmServerAddressIsEmpty" storage="d:\actions-runner\_work\xpco\xpco\sc\components\remoteviewer\smartclient\tst\zsmartclient_unittest\bin\x64\debug\net472\zsmartclient_unittest.dll" id="f9180ab0-97a0-1d07-1493-896e111e86f4">
      <TestCategory>
        <TestCategoryItem TestCategory="GisMapData.Controllers.Osm" />
      </TestCategory>
      <Execution id="4e312669-adde-4623-b343-14211651e472" />
      <TestMethod codeBase="D:\actions-runner\_work\XPCO\XPCO\SC\Components\RemoteViewer\SmartClient\tst\zSmartClient_UnitTest\bin\x64\Debug\net472\zSmartClient_UnitTest.dll" adapterTypeName="executor://mstestadapter/v2" className="SmartClient_UnitTest.VideoOS.RemoteClient.GisMapData.Controllers.Osm.GisMapOsmControllerTests" name="TryGetOsmServerTileAddress_ShouldSetEmptyUriAddress_WhenOsmServerAddressIsEmpty" />
    </UnitTest>
    <UnitTest name="Deserialize_ShouldIncludeCombineTypeAnd_WhenCombineTypeIsAndInXml" storage="d:\actions-runner\_work\xpco\xpco\sc\components\remoteviewer\smartclient\tst\zsmartclient_unittest\bin\x64\debug\net472\zsmartclient_unittest.dll" id="417be307-97e0-4052-1dcd-f4ea8d9db811">
      <TestCategory>
        <TestCategoryItem TestCategory="SearchSerialization" />
      </TestCategory>
      <Execution id="a81beb07-edab-4629-aa07-043bf71bb534" />
      <TestMethod codeBase="D:\actions-runner\_work\XPCO\XPCO\SC\Components\RemoteViewer\SmartClient\tst\zSmartClient_UnitTest\bin\x64\Debug\net472\zSmartClient_UnitTest.dll" adapterTypeName="executor://mstestadapter/v2" className="SmartClient_UnitTest.VideoOS.RemoteClient.Plugin.CentralizedSearch.Models.Serialization.SearchSerializerTests" name="Deserialize_ShouldIncludeCombineTypeAnd_WhenCombineTypeIsAndInXml" />
    </UnitTest>
    <UnitTest name="SupportsDoubleClick_ShouldBeFalse_WhenInteractionStateIsNotNormalOrNewDevice" storage="d:\actions-runner\_work\xpco\xpco\sc\components\remoteviewer\smartclient\tst\zsmartclient_unittest\bin\x64\debug\net472\zsmartclient_unittest.dll" id="f086d804-d792-85ee-7f01-0c6bad93eebb">
      <TestCategory>
        <TestCategoryItem TestCategory="GisMap.OutputMarkerTest" />
      </TestCategory>
      <Execution id="fb3a9b83-b844-45b1-ba2f-deef4dd3863e" />
      <TestMethod codeBase="D:\actions-runner\_work\XPCO\XPCO\SC\Components\RemoteViewer\SmartClient\tst\zSmartClient_UnitTest\bin\x64\Debug\net472\zSmartClient_UnitTest.dll" adapterTypeName="executor://mstestadapter/v2" className="SmartClient_UnitTest.VideoOS.RemoteClient.Plugin.GisMap.ThinkGeoMap.Markers.DeviceMarkers.OutputMarker.OutputMarkerTests" name="SupportsDoubleClick_ShouldBeFalse_WhenInteractionStateIsNotNormalOrNewDevice" />
    </UnitTest>
    <UnitTest name="GetUtcToday_UtcTimeZoneNoDst_Success" storage="d:\actions-runner\_work\xpco\xpco\sc\components\remoteviewer\smartclient\tst\zsmartclient_unittest\bin\x64\debug\net472\zsmartclient_unittest.dll" id="dd886858-691f-731d-ef45-b4933e1e6cbf">
      <TestCategory>
        <TestCategoryItem TestCategory="Search" />
      </TestCategory>
      <Execution id="46711b4a-290c-4880-b9e8-131e7e1c8eca" />
      <TestMethod codeBase="D:\actions-runner\_work\XPCO\XPCO\SC\Components\RemoteViewer\SmartClient\tst\zSmartClient_UnitTest\bin\x64\Debug\net472\zSmartClient_UnitTest.dll" adapterTypeName="executor://mstestadapter/v2" className="SmartClient_UnitTest.VideoOS.RemoteClient.Plugin.CentralizedSearch.ViewModels.Data.TimeScopeTests" name="GetUtcToday_UtcTimeZoneNoDst_Success" />
    </UnitTest>
    <UnitTest name="ButtonVisibilityProperties_ShouldSetDefaultValues_WhenNoPropertiesLoaded" storage="d:\actions-runner\_work\xpco\xpco\sc\components\remoteviewer\smartclient\tst\zsmartclient_unittest\bin\x64\debug\net472\zsmartclient_unittest.dll" id="cb1f6500-ecbe-a116-4190-78f304902ad9">
      <TestCategory>
        <TestCategoryItem TestCategory="GisMapViewItemTests" />
      </TestCategory>
      <Execution id="a17a7faa-f991-45fe-982b-0c69e1adaa4e" />
      <TestMethod codeBase="D:\actions-runner\_work\XPCO\XPCO\SC\Components\RemoteViewer\SmartClient\tst\zSmartClient_UnitTest\bin\x64\Debug\net472\zSmartClient_UnitTest.dll" adapterTypeName="executor://mstestadapter/v2" className="SmartClient_UnitTest.VideoOS.RemoteClient.Plugin.GisMap.GisMapViewItemTests" name="ButtonVisibilityProperties_ShouldSetDefaultValues_WhenNoPropertiesLoaded" />
    </UnitTest>
    <UnitTest name="DeleteSearchTemplateAsync_ThrowPathNotFoundMIPException_Success" storage="d:\actions-runner\_work\xpco\xpco\sc\components\remoteviewer\smartclient\tst\zsmartclient_unittest\bin\x64\debug\net472\zsmartclient_unittest.dll" id="926d43bc-6a30-b23f-6308-169a0af031e0">
      <TestCategory>
        <TestCategoryItem TestCategory="SearchTemplatesService" />
      </TestCategory>
      <Execution id="ec063e44-c075-4216-a97c-3232bd024f6d" />
      <TestMethod codeBase="D:\actions-runner\_work\XPCO\XPCO\SC\Components\RemoteViewer\SmartClient\tst\zSmartClient_UnitTest\bin\x64\Debug\net472\zSmartClient_UnitTest.dll" adapterTypeName="executor://mstestadapter/v2" className="SmartClient_UnitTest.VideoOS.RemoteClient.Plugin.CentralizedSearch.SearchTemplates.Service.SearchTemplateServiceTests" name="DeleteSearchTemplateAsync_ThrowPathNotFoundMIPException_Success" />
    </UnitTest>
    <UnitTest name="DeviceSelectorWindow_ShouldUpdatePosition_WhenMaximizedMainWindow" storage="d:\actions-runner\_work\xpco\xpco\sc\components\remoteviewer\smartclient\tst\zsmartclient_unittest\bin\x64\debug\net472\zsmartclient_unittest.dll" id="0f92f552-4017-16fb-01c6-431cdb4f66b2">
      <TestCategory>
        <TestCategoryItem TestCategory="GisMap.DeviceSelectorWindow" />
      </TestCategory>
      <Execution id="8f05c9d3-f0ab-4d68-ae91-721ae16e7c8b" />
      <TestMethod codeBase="D:\actions-runner\_work\XPCO\XPCO\SC\Components\RemoteViewer\SmartClient\tst\zSmartClient_UnitTest\bin\x64\Debug\net472\zSmartClient_UnitTest.dll" adapterTypeName="executor://mstestadapter/v2" className="SmartClient_UnitTest.VideoOS.RemoteClient.Plugin.GisMap.Windows.GisMapSetup.DeviceSelectors.DeviceSelectorWindowTests" name="DeviceSelectorWindow_ShouldUpdatePosition_WhenMaximizedMainWindow" />
    </UnitTest>
    <UnitTest name="ResolveSearchDefinitions_ShouldReturnResultSearchDefinition_WhenCombinedSearchResultWithMultipleSubResultAndEmptySearchDefinitionsAreGiven" storage="d:\actions-runner\_work\xpco\xpco\sc\components\remoteviewer\smartclient\tst\zsmartclient_unittest\bin\x64\debug\net472\zsmartclient_unittest.dll" id="7ceab3e2-a3b0-9c8f-80fc-83722cb5c583">
      <TestCategory>
        <TestCategoryItem TestCategory="Search" />
      </TestCategory>
      <Execution id="95dd63fe-699f-48d6-8e0a-d25f482149a1" />
      <TestMethod codeBase="D:\actions-runner\_work\XPCO\XPCO\SC\Components\RemoteViewer\SmartClient\tst\zSmartClient_UnitTest\bin\x64\Debug\net472\zSmartClient_UnitTest.dll" adapterTypeName="executor://mstestadapter/v2" className="SmartClient_UnitTest.VideoOS.RemoteClient.Plugin.CentralizedSearch.Utils.SearchResultDataWrapperExtensionsTests" name="ResolveSearchDefinitions_ShouldReturnResultSearchDefinition_WhenCombinedSearchResultWithMultipleSubResultAndEmptySearchDefinitionsAreGiven" />
    </UnitTest>
    <UnitTest name="GisPointToIndexGridPosition_00_ReturnsPowerScaleMinusOne" storage="d:\actions-runner\_work\xpco\xpco\sc\components\remoteviewer\smartclient\tst\zsmartclient_unittest\bin\x64\debug\net472\zsmartclient_unittest.dll" id="4ca2f8f4-021b-5238-c299-1b1fb7ab3fab">
      <TestCategory>
        <TestCategoryItem TestCategory="GisMapIndex" />
      </TestCategory>
      <Execution id="f2f4fbb9-4596-4308-918e-cbd887d12768" />
      <TestMethod codeBase="D:\actions-runner\_work\XPCO\XPCO\SC\Components\RemoteViewer\SmartClient\tst\zSmartClient_UnitTest\bin\x64\Debug\net472\zSmartClient_UnitTest.dll" adapterTypeName="executor://mstestadapter/v2" className="SmartClient_UnitTest.VideoOS.RemoteClient.GisMapData.Common.Indexer.IndexUtilTests" name="GisPointToIndexGridPosition_00_ReturnsPowerScaleMinusOne" />
    </UnitTest>
    <UnitTest name="GetSnapshots_PathTooLong_Failure" storage="d:\actions-runner\_work\xpco\xpco\sc\components\remoteviewer\smartclient\tst\zsmartclient_unittest\bin\x64\debug\net472\zsmartclient_unittest.dll" id="483cfce3-3ff7-5b57-4c23-5d8fbcaf1d0a">
      <TestCategory>
        <TestCategoryItem TestCategory="Search" />
      </TestCategory>
      <Execution id="93a1dadd-1e9b-40f5-a7ab-a04fd0a06887" />
      <TestMethod codeBase="D:\actions-runner\_work\XPCO\XPCO\SC\Components\RemoteViewer\SmartClient\tst\zSmartClient_UnitTest\bin\x64\Debug\net472\zSmartClient_UnitTest.dll" adapterTypeName="executor://mstestadapter/v2" className="SmartClient_UnitTest.VideoOS.RemoteClient.Plugin.CentralizedSearch.ViewModels.Data.SnapshotHandlerTests" name="GetSnapshots_PathTooLong_Failure" />
    </UnitTest>
    <UnitTest name="Convert_OneCamerasSelectionAndZeroSearchDefinitions_Visible" storage="d:\actions-runner\_work\xpco\xpco\sc\components\remoteviewer\smartclient\tst\zsmartclient_unittest\bin\x64\debug\net472\zsmartclient_unittest.dll" id="47672882-b255-5356-2127-17a9bbfd997e">
      <TestCategory>
        <TestCategoryItem TestCategory="SearchConverter" />
      </TestCategory>
      <Execution id="cde16673-7cde-4e5b-9113-b99a88e6e1db" />
      <TestMethod codeBase="D:\actions-runner\_work\XPCO\XPCO\SC\Components\RemoteViewer\SmartClient\tst\zSmartClient_UnitTest\bin\x64\Debug\net472\zSmartClient_UnitTest.dll" adapterTypeName="executor://mstestadapter/v2" className="SmartClient_UnitTest.VideoOS.RemoteClient.Plugin.CentralizedSearch.Views.Converters.NoCriteriaSelectedGridVisibilityConverterTests" name="Convert_OneCamerasSelectionAndZeroSearchDefinitions_Visible" />
    </UnitTest>
    <UnitTest name="Path enabled, forced" storage="d:\actions-runner\_work\xpco\xpco\sc\components\remoteviewer\smartclient\tst\zsmartclient_unittest\bin\x64\debug\net472\zsmartclient_unittest.dll" id="cf8740b0-df8d-bf5f-0e36-f1c7c45fcdee">
      <TestCategory>
        <TestCategoryItem TestCategory="Export" />
      </TestCategory>
      <Execution id="b37798e7-77a4-441b-822b-398ddb8d85aa" />
      <TestMethod codeBase="D:\actions-runner\_work\XPCO\XPCO\SC\Components\RemoteViewer\SmartClient\tst\zSmartClient_UnitTest\bin\x64\Debug\net472\zSmartClient_UnitTest.dll" adapterTypeName="executor://mstestadapter/v2" className="SmartClient_UnitTest.VideoOS.RemoteClient.Plugin.Export.CreateExportDialogViewModelTests" name="CreateExportDialog_ExportDestinationSelectionEnabled_BasedOnOptions" />
    </UnitTest>
    <UnitTest name="Map_Layers_AddDirectly_Fail" storage="d:\actions-runner\_work\xpco\xpco\sc\components\remoteviewer\smartclient\tst\zsmartclient_unittest\bin\x64\debug\net472\zsmartclient_unittest.dll" id="eeed665d-fc4a-36d4-2080-835d14f41e2a">
      <TestCategory>
        <TestCategoryItem TestCategory="GisMapLayers" />
      </TestCategory>
      <Execution id="8ce26f44-3670-415f-83e8-150a74eac278" />
      <TestMethod codeBase="D:\actions-runner\_work\XPCO\XPCO\SC\Components\RemoteViewer\SmartClient\tst\zSmartClient_UnitTest\bin\x64\Debug\net472\zSmartClient_UnitTest.dll" adapterTypeName="executor://mstestadapter/v2" className="SmartClient_UnitTest.VideoOS.RemoteClient.GisMapData.GisMapLayerTests" name="Map_Layers_AddDirectly_Fail" />
    </UnitTest>
    <UnitTest name="DateToStringConverter_ConvertBack_Fail" storage="d:\actions-runner\_work\xpco\xpco\sc\components\remoteviewer\smartclient\tst\zsmartclient_unittest\bin\x64\debug\net472\zsmartclient_unittest.dll" id="af9e36c7-6a97-f2e2-549f-4bcadfe1d626">
      <TestCategory>
        <TestCategoryItem TestCategory="SearchConverter" />
      </TestCategory>
      <Execution id="a6059a41-219e-4516-8762-b197284d32f5" />
      <TestMethod codeBase="D:\actions-runner\_work\XPCO\XPCO\SC\Components\RemoteViewer\SmartClient\tst\zSmartClient_UnitTest\bin\x64\Debug\net472\zSmartClient_UnitTest.dll" adapterTypeName="executor://mstestadapter/v2" className="SmartClient_UnitTest.VideoOS.RemoteClient.Plugin.CentralizedSearch.Views.Converters.DateToStringConverterTests" name="DateToStringConverter_ConvertBack_Fail" />
    </UnitTest>
    <UnitTest name="ActiveInteractionStateBinding_ShouldNotBeNull_WhenCtorIsCalled" storage="d:\actions-runner\_work\xpco\xpco\sc\components\remoteviewer\smartclient\tst\zsmartclient_unittest\bin\x64\debug\net472\zsmartclient_unittest.dll" id="41b6c041-6264-4714-8517-a042a107be15">
      <TestCategory>
        <TestCategoryItem TestCategory="GisMap.ClusterMipItemMarker" />
      </TestCategory>
      <Execution id="cfcafaca-a319-464f-a25d-27d690b17c28" />
      <TestMethod codeBase="D:\actions-runner\_work\XPCO\XPCO\SC\Components\RemoteViewer\SmartClient\tst\zSmartClient_UnitTest\bin\x64\Debug\net472\zSmartClient_UnitTest.dll" adapterTypeName="executor://mstestadapter/v2" className="SmartClient_UnitTest.VideoOS.RemoteClient.Plugin.GisMap.ThinkGeoMap.Markers.ClusterMipItemMarker.ClusterMipItemMarkerTests" name="ActiveInteractionStateBinding_ShouldNotBeNull_WhenCtorIsCalled" />
    </UnitTest>
    <UnitTest name="UpdateSearchAttributes_NoAttributes_NoChange" storage="d:\actions-runner\_work\xpco\xpco\sc\components\remoteviewer\smartclient\tst\zsmartclient_unittest\bin\x64\debug\net472\zsmartclient_unittest.dll" id="1a4e885e-6ffc-c617-8987-ed7778452758">
      <TestCategory>
        <TestCategoryItem TestCategory="Search" />
      </TestCategory>
      <Execution id="e29e7178-d2d3-4667-903a-7b20eddd289d" />
      <TestMethod codeBase="D:\actions-runner\_work\XPCO\XPCO\SC\Components\RemoteViewer\SmartClient\tst\zSmartClient_UnitTest\bin\x64\Debug\net472\zSmartClient_UnitTest.dll" adapterTypeName="executor://mstestadapter/v2" className="SmartClient_UnitTest.VideoOS.RemoteClient.Plugin.CentralizedSearch.ViewModels.SearchDefinitionViewModelTests" name="UpdateSearchAttributes_NoAttributes_NoChange" />
    </UnitTest>
    <UnitTest name="ResolveSearchDefinitions_ShouldReturnResultSearchDefinition_WhenCombinedSearchResultWithSingleSubResultAndEmptySearchDefinitionsAreGiven" storage="d:\actions-runner\_work\xpco\xpco\sc\components\remoteviewer\smartclient\tst\zsmartclient_unittest\bin\x64\debug\net472\zsmartclient_unittest.dll" id="d4a56e7d-608d-82d0-94be-2ee3ccb3dc5e">
      <TestCategory>
        <TestCategoryItem TestCategory="Search" />
      </TestCategory>
      <Execution id="b1a69363-a292-43cf-8690-00f0034998fb" />
      <TestMethod codeBase="D:\actions-runner\_work\XPCO\XPCO\SC\Components\RemoteViewer\SmartClient\tst\zSmartClient_UnitTest\bin\x64\Debug\net472\zSmartClient_UnitTest.dll" adapterTypeName="executor://mstestadapter/v2" className="SmartClient_UnitTest.VideoOS.RemoteClient.Plugin.CentralizedSearch.Utils.SearchResultDataWrapperExtensionsTests" name="ResolveSearchDefinitions_ShouldReturnResultSearchDefinition_WhenCombinedSearchResultWithSingleSubResultAndEmptySearchDefinitionsAreGiven" />
    </UnitTest>
    <UnitTest name="BookmarkSearchTime_WithSearchStringInDifferentCases_ReturnCorrectBookmarkWithSearchStringInHeader (SeArChStRiNg,False,True,False,True,,,0)" storage="d:\actions-runner\_work\xpco\xpco\sc\components\remoteviewer\smartclient\tst\zsmartclient_unittest\bin\x64\debug\net472\zsmartclient_unittest.dll" id="33331069-dc53-a636-5d65-773a4897854a">
      <Execution id="eda33aa5-91c7-4551-969f-daeee077df4e" />
      <TestMethod codeBase="D:\actions-runner\_work\XPCO\XPCO\SC\Components\RemoteViewer\SmartClient\tst\zSmartClient_UnitTest\bin\x64\Debug\net472\zSmartClient_UnitTest.dll" adapterTypeName="executor://mstestadapter/v2" className="SmartClient_UnitTest.VideoOS.RemoteClient.Application.Data.Offline.UnitTest.BookmarkExportReaderTest" name="BookmarkSearchTime_WithSearchStringInDifferentCases_ReturnCorrectBookmarkWithSearchStringInHeader" />
    </UnitTest>
    <UnitTest name="State_ShouldUpdateMicrophoneIconImage_WhenSetToUnMute" storage="d:\actions-runner\_work\xpco\xpco\sc\components\remoteviewer\smartclient\tst\zsmartclient_unittest\bin\x64\debug\net472\zsmartclient_unittest.dll" id="c91a6029-2d3a-0f60-dab5-db888083c7c3">
      <TestCategory>
        <TestCategoryItem TestCategory="GisMapData.MapItem.Microphones" />
      </TestCategory>
      <Execution id="357aebe3-e6e2-45da-a4b0-d0491ec7c4ed" />
      <TestMethod codeBase="D:\actions-runner\_work\XPCO\XPCO\SC\Components\RemoteViewer\SmartClient\tst\zSmartClient_UnitTest\bin\x64\Debug\net472\zSmartClient_UnitTest.dll" adapterTypeName="executor://mstestadapter/v2" className="SmartClient_UnitTest.VideoOS.RemoteClient.GisMapData.MapItem.Microphones.MicrophoneMapItemTests" name="State_ShouldUpdateMicrophoneIconImage_WhenSetToUnMute" />
    </UnitTest>
    <UnitTest name="ChangeSorting_ShouldApplyRelevanceComparerAndNewestEventTimeSortOrder_WhenRelevanceEnumValueIsApplied" storage="d:\actions-runner\_work\xpco\xpco\sc\components\remoteviewer\smartclient\tst\zsmartclient_unittest\bin\x64\debug\net472\zsmartclient_unittest.dll" id="110c5f83-752f-57c6-1e06-5ba87b7d2a16">
      <TestCategory>
        <TestCategoryItem TestCategory="SearchViewModels" />
      </TestCategory>
      <Execution id="58966374-e554-4e08-8474-dc100d1b78fa" />
      <TestMethod codeBase="D:\actions-runner\_work\XPCO\XPCO\SC\Components\RemoteViewer\SmartClient\tst\zSmartClient_UnitTest\bin\x64\Debug\net472\zSmartClient_UnitTest.dll" adapterTypeName="executor://mstestadapter/v2" className="SmartClient_UnitTest.VideoOS.RemoteClient.Plugin.CentralizedSearch.ViewModels.SearchViewModelTests" name="ChangeSorting_ShouldApplyRelevanceComparerAndNewestEventTimeSortOrder_WhenRelevanceEnumValueIsApplied" />
    </UnitTest>
    <UnitTest name="ToDenormalizedFieldOfView_1_0" storage="d:\actions-runner\_work\xpco\xpco\sc\components\remoteviewer\smartclient\tst\zsmartclient_unittest\bin\x64\debug\net472\zsmartclient_unittest.dll" id="a1232aab-9143-95b0-ed05-58af3d018f0d">
      <TestCategory>
        <TestCategoryItem TestCategory="GisMap" />
      </TestCategory>
      <Execution id="7e5e5888-5a2a-43c2-81e1-c48eb90b2101" />
      <TestMethod codeBase="D:\actions-runner\_work\XPCO\XPCO\SC\Components\RemoteViewer\SmartClient\tst\zSmartClient_UnitTest\bin\x64\Debug\net472\zSmartClient_UnitTest.dll" adapterTypeName="executor://mstestadapter/v2" className="SmartClient_UnitTest.VideoOS.RemoteClient.GisMap.Utilities.GisUtilityTests" name="ToDenormalizedFieldOfView_1_0" />
    </UnitTest>
    <UnitTest name="ComparingSameInstance" storage="d:\actions-runner\_work\xpco\xpco\sc\components\remoteviewer\smartclient\tst\zsmartclient_unittest\bin\x64\debug\net472\zsmartclient_unittest.dll" id="a6f9c41f-5ed0-c96c-bb7f-fb5d30d812a5">
      <Execution id="906bfc6d-8dfa-4bce-a45f-f04ab334c8d7" />
      <TestMethod codeBase="D:\actions-runner\_work\XPCO\XPCO\SC\Components\RemoteViewer\SmartClient\tst\zSmartClient_UnitTest\bin\x64\Debug\net472\zSmartClient_UnitTest.dll" adapterTypeName="executor://mstestadapter/v2" className="SmartClient_UnitTest.VideoOS.RemoteClient.Application.UI.Common.ViewTree.SortingTests" name="ComparingSameInstance" />
    </UnitTest>
    <UnitTest name="Constructor_ShouldThrowException_WhenFunctorCollectionIsNull" storage="d:\actions-runner\_work\xpco\xpco\sc\components\remoteviewer\smartclient\tst\zsmartclient_unittest\bin\x64\debug\net472\zsmartclient_unittest.dll" id="97333588-528f-b816-eec2-32c062436864">
      <TestCategory>
        <TestCategoryItem TestCategory="ReportingContentType" />
      </TestCategory>
      <Execution id="118b1f81-29be-43ce-bc3f-86a6d3b7ef04" />
      <TestMethod codeBase="D:\actions-runner\_work\XPCO\XPCO\SC\Components\RemoteViewer\SmartClient\tst\zSmartClient_UnitTest\bin\x64\Debug\net472\zSmartClient_UnitTest.dll" adapterTypeName="executor://mstestadapter/v2" className="SmartClient_UnitTest.VideoOS.RemoteClient.Application.Data.ContentTypes.ReportingContentType.ReportViewerViewModelTest" name="Constructor_ShouldThrowException_WhenFunctorCollectionIsNull" />
    </UnitTest>
    <UnitTest name="AttributeValueGet_NullValue_Success" storage="d:\actions-runner\_work\xpco\xpco\sc\components\remoteviewer\smartclient\tst\zsmartclient_unittest\bin\x64\debug\net472\zsmartclient_unittest.dll" id="17fe6ff4-b5d4-9e8c-2ff8-d274a9cc9666">
      <TestCategory>
        <TestCategoryItem TestCategory="Search" />
      </TestCategory>
      <Execution id="8394f115-7a10-4bb2-98b3-74c764a40092" />
      <TestMethod codeBase="D:\actions-runner\_work\XPCO\XPCO\SC\Components\RemoteViewer\SmartClient\tst\zSmartClient_UnitTest\bin\x64\Debug\net472\zSmartClient_UnitTest.dll" adapterTypeName="executor://mstestadapter/v2" className="SmartClient_UnitTest.VideoOS.RemoteClient.Plugin.CentralizedSearch.MIPPlugin.Criteria.TextBoxAttributeEditControlTest" name="AttributeValueGet_NullValue_Success" />
    </UnitTest>
    <UnitTest name="LeftButtonDown_DoubleClick_ZoomsIn" storage="d:\actions-runner\_work\xpco\xpco\sc\components\remoteviewer\smartclient\tst\zsmartclient_unittest\bin\x64\debug\net472\zsmartclient_unittest.dll" id="504360c9-285d-3030-32b3-a9a95cfffe51">
      <TestCategory>
        <TestCategoryItem TestCategory="GisMap.MapControl" />
      </TestCategory>
      <Execution id="ef381c14-d081-4dc6-9038-785aca28c59a" />
      <TestMethod codeBase="D:\actions-runner\_work\XPCO\XPCO\SC\Components\RemoteViewer\SmartClient\tst\zSmartClient_UnitTest\bin\x64\Debug\net472\zSmartClient_UnitTest.dll" adapterTypeName="executor://mstestadapter/v2" className="SmartClient_UnitTest.VideoOS.RemoteClient.Plugin.GisMap.ThinkGeoMap.ThinkGeoMapControlTests" name="LeftButtonDown_DoubleClick_ZoomsIn" />
    </UnitTest>
    <UnitTest name="ValidateExportFormats_ShouldReturnFailResult_ExportFormatRequired" storage="d:\actions-runner\_work\xpco\xpco\sc\components\remoteviewer\smartclient\tst\zsmartclient_unittest\bin\x64\debug\net472\zsmartclient_unittest.dll" id="4e7c1dac-cca0-02a1-db28-32ba9bd6a0cf">
      <TestCategory>
        <TestCategoryItem TestCategory="Export" />
      </TestCategory>
      <Execution id="c5d2ea71-caba-4b60-beac-1695a5057952" />
      <TestMethod codeBase="D:\actions-runner\_work\XPCO\XPCO\SC\Components\RemoteViewer\SmartClient\tst\zSmartClient_UnitTest\bin\x64\Debug\net472\zSmartClient_UnitTest.dll" adapterTypeName="executor://mstestadapter/v2" className="SmartClient_UnitTest.VideoOS.RemoteClient.Plugin.Export.ExportDataValidatorTests" name="ValidateExportFormats_ShouldReturnFailResult_ExportFormatRequired" />
    </UnitTest>
    <UnitTest name="OnLoaded_ValidUserControl_Success" storage="d:\actions-runner\_work\xpco\xpco\sc\components\remoteviewer\smartclient\tst\zsmartclient_unittest\bin\x64\debug\net472\zsmartclient_unittest.dll" id="673f3e73-dfeb-8ed6-a405-443eef7a608a">
      <TestCategory>
        <TestCategoryItem TestCategory="Search" />
      </TestCategory>
      <Execution id="b3c8a5b2-c555-47af-89d4-fcf134c7436e" />
      <TestMethod codeBase="D:\actions-runner\_work\XPCO\XPCO\SC\Components\RemoteViewer\SmartClient\tst\zSmartClient_UnitTest\bin\x64\Debug\net472\zSmartClient_UnitTest.dll" adapterTypeName="executor://mstestadapter/v2" className="SmartClient_UnitTest.VideoOS.RemoteClient.Plugin.CentralizedSearch.Views.SearchResultContainerViewTests" name="OnLoaded_ValidUserControl_Success" />
    </UnitTest>
    <UnitTest name="ShowSuccessToast_ShouldShowCorrectNumberOfToasts (1,1)" storage="d:\actions-runner\_work\xpco\xpco\sc\components\remoteviewer\smartclient\tst\zsmartclient_unittest\bin\x64\debug\net472\zsmartclient_unittest.dll" id="5fbb5d38-d0c1-8683-ad00-378581dc683f">
      <TestCategory>
        <TestCategoryItem TestCategory="Managers" />
      </TestCategory>
      <Execution id="1457c42e-7ca7-47da-80a5-25be67ef33b9" />
      <TestMethod codeBase="D:\actions-runner\_work\XPCO\XPCO\SC\Components\RemoteViewer\SmartClient\tst\zSmartClient_UnitTest\bin\x64\Debug\net472\zSmartClient_UnitTest.dll" adapterTypeName="executor://mstestadapter/v2" className="SmartClient_UnitTest.VideoOS.RemoteClient.Application.Managers.ExportResultsNotificationHelperTests" name="ShowSuccessToast_ShouldShowCorrectNumberOfToasts" />
    </UnitTest>
    <UnitTest name="ProvideValue_ReturnsThis" storage="d:\actions-runner\_work\xpco\xpco\sc\components\remoteviewer\smartclient\tst\zsmartclient_unittest\bin\x64\debug\net472\zsmartclient_unittest.dll" id="b162402f-2c1b-0582-f67d-d6b489572737">
      <TestCategory>
        <TestCategoryItem TestCategory="SearchConverter" />
      </TestCategory>
      <Execution id="17268d88-22f1-4efe-972f-7add3833a863" />
      <TestMethod codeBase="D:\actions-runner\_work\XPCO\XPCO\SC\Components\RemoteViewer\SmartClient\tst\zSmartClient_UnitTest\bin\x64\Debug\net472\zSmartClient_UnitTest.dll" adapterTypeName="executor://mstestadapter/v2" className="SmartClient_UnitTest.VideoOS.RemoteClient.Plugin.CentralizedSearch.Views.Converters.NoCriteriaSelectedGridVisibilityConverterTests" name="ProvideValue_ReturnsThis" />
    </UnitTest>
    <UnitTest name="GetSnapshots_NoPlaybackRight_Failure" storage="d:\actions-runner\_work\xpco\xpco\sc\components\remoteviewer\smartclient\tst\zsmartclient_unittest\bin\x64\debug\net472\zsmartclient_unittest.dll" id="0235937d-7835-1be7-a6de-aa25a4b10aac">
      <TestCategory>
        <TestCategoryItem TestCategory="Search" />
      </TestCategory>
      <Execution id="5da5d1cc-d0d1-4310-9c39-acc3f505fe60" />
      <TestMethod codeBase="D:\actions-runner\_work\XPCO\XPCO\SC\Components\RemoteViewer\SmartClient\tst\zSmartClient_UnitTest\bin\x64\Debug\net472\zSmartClient_UnitTest.dll" adapterTypeName="executor://mstestadapter/v2" className="SmartClient_UnitTest.VideoOS.RemoteClient.Plugin.CentralizedSearch.ViewModels.Data.SnapshotHandlerTests" name="GetSnapshots_NoPlaybackRight_Failure" />
    </UnitTest>
    <UnitTest name="SetMapItemCluster_ShouldSetIcon_WhenNotSuperClusterAndNotCamera" storage="d:\actions-runner\_work\xpco\xpco\sc\components\remoteviewer\smartclient\tst\zsmartclient_unittest\bin\x64\debug\net472\zsmartclient_unittest.dll" id="9aeccaa7-2271-ee00-99ac-96f3fa1164be">
      <TestCategory>
        <TestCategoryItem TestCategory="GisMap.ClusterMarkerTests" />
      </TestCategory>
      <Execution id="ea6e1403-1af5-486a-aa6e-5643e27180f7" />
      <TestMethod codeBase="D:\actions-runner\_work\XPCO\XPCO\SC\Components\RemoteViewer\SmartClient\tst\zSmartClient_UnitTest\bin\x64\Debug\net472\zSmartClient_UnitTest.dll" adapterTypeName="executor://mstestadapter/v2" className="SmartClient_UnitTest.VideoOS.RemoteClient.Plugin.GisMap.ThinkGeoMap.Markers.DeviceMarkers.ClusterMarker.ClusterMarkerTests" name="SetMapItemCluster_ShouldSetIcon_WhenNotSuperClusterAndNotCamera" />
    </UnitTest>
    <UnitTest name="CompareMilestonePinkTest" storage="d:\actions-runner\_work\xpco\xpco\sc\components\remoteviewer\smartclient\tst\zsmartclient_unittest\bin\x64\debug\net472\zsmartclient_unittest.dll" id="b89a6798-9691-5fa5-5f0c-53d6c5a0e9aa">
      <Execution id="e372b2f9-cd88-47ab-87fa-ff7e4eaf347d" />
      <TestMethod codeBase="D:\actions-runner\_work\XPCO\XPCO\SC\Components\RemoteViewer\SmartClient\tst\zSmartClient_UnitTest\bin\x64\Debug\net472\zSmartClient_UnitTest.dll" adapterTypeName="executor://mstestadapter/v2" className="SmartClient_UnitTest.VideoOS.RemoteClient.Application.Controllers.OemResourceControllerTest" name="CompareMilestonePinkTest" />
    </UnitTest>
    <UnitTest name="PtzPresetsMenuViewModel_PtzReservedByOtherUserTest" storage="d:\actions-runner\_work\xpco\xpco\sc\components\remoteviewer\smartclient\tst\zsmartclient_unittest\bin\x64\debug\net472\zsmartclient_unittest.dll" id="c80f6705-aed7-e74b-8edd-9b2f7c5971b3">
      <Execution id="605434e5-e4f9-4957-a1de-c6b5f00494f7" />
      <TestMethod codeBase="D:\actions-runner\_work\XPCO\XPCO\SC\Components\RemoteViewer\SmartClient\tst\zSmartClient_UnitTest\bin\x64\Debug\net472\zSmartClient_UnitTest.dll" adapterTypeName="executor://mstestadapter/v2" className="SmartClient_UnitTest.VideoOS.RemoteClient.Application.Data.ContentTypes.CameraContentType.PtzPresetsMenuViewModelTest" name="PtzPresetsMenuViewModel_PtzReservedByOtherUserTest" />
    </UnitTest>
    <UnitTest name="IsOutputDisabled_ShouldBeFalse_WhenOutputIsEnabled" storage="d:\actions-runner\_work\xpco\xpco\sc\components\remoteviewer\smartclient\tst\zsmartclient_unittest\bin\x64\debug\net472\zsmartclient_unittest.dll" id="02e91707-aab1-0a11-fa7b-f648cd0fd36e">
      <TestCategory>
        <TestCategoryItem TestCategory="GisMapData.MapLayers" />
      </TestCategory>
      <Execution id="cf583bbf-6f7b-4d0a-99d9-0047b3ff3fb0" />
      <TestMethod codeBase="D:\actions-runner\_work\XPCO\XPCO\SC\Components\RemoteViewer\SmartClient\tst\zSmartClient_UnitTest\bin\x64\Debug\net472\zSmartClient_UnitTest.dll" adapterTypeName="executor://mstestadapter/v2" className="SmartClient_UnitTest.VideoOS.RemoteClient.GisMapData.MapLayers.OutputItemsMapLayerTests" name="IsOutputDisabled_ShouldBeFalse_WhenOutputIsEnabled" />
    </UnitTest>
    <UnitTest name="PatrollingProfileListViewModel_SelectedPatrollingProfileViewModel_Selected_PatrollingStep" storage="d:\actions-runner\_work\xpco\xpco\sc\components\remoteviewer\smartclient\tst\zsmartclient_unittest\bin\x64\debug\net472\zsmartclient_unittest.dll" id="2521704e-7859-65c2-160f-02af43e2aa44">
      <Execution id="8b5ae7ff-2fcb-4f4d-bc79-9bda92533c44" />
      <TestMethod codeBase="D:\actions-runner\_work\XPCO\XPCO\SC\Components\RemoteViewer\SmartClient\tst\zSmartClient_UnitTest\bin\x64\Debug\net472\zSmartClient_UnitTest.dll" adapterTypeName="executor://mstestadapter/v2" className="SmartClient_UnitTest.VideoOS.RemoteClient.Application.UI.PtzPreset.PatrollingViewModel.PatrollingProfileListViewModelTest" name="PatrollingProfileListViewModel_SelectedPatrollingProfileViewModel_Selected_PatrollingStep" />
    </UnitTest>
    <UnitTest name="IsMicrophoneMuted_ShouldBeTrue_WhenMicrophoneIsMuted" storage="d:\actions-runner\_work\xpco\xpco\sc\components\remoteviewer\smartclient\tst\zsmartclient_unittest\bin\x64\debug\net472\zsmartclient_unittest.dll" id="0cc7d5be-9117-6a7b-5cf3-0699f110c80e">
      <TestCategory>
        <TestCategoryItem TestCategory="GisMapData.MapLayers" />
      </TestCategory>
      <Execution id="484e2f10-c629-4afd-9172-7794775409ef" />
      <TestMethod codeBase="D:\actions-runner\_work\XPCO\XPCO\SC\Components\RemoteViewer\SmartClient\tst\zSmartClient_UnitTest\bin\x64\Debug\net472\zSmartClient_UnitTest.dll" adapterTypeName="executor://mstestadapter/v2" className="SmartClient_UnitTest.VideoOS.RemoteClient.GisMapData.MapLayers.MicrophoneItemsMapLayerTests" name="IsMicrophoneMuted_ShouldBeTrue_WhenMicrophoneIsMuted" />
    </UnitTest>
    <UnitTest name="Result_Expands_Correctly" storage="d:\actions-runner\_work\xpco\xpco\sc\components\remoteviewer\smartclient\tst\zsmartclient_unittest\bin\x64\debug\net472\zsmartclient_unittest.dll" id="8717c557-1272-1ca3-c2f1-71d1819ddb50">
      <Execution id="354ee80b-4ab9-43c0-9f16-d74e600b3fb6" />
      <TestMethod codeBase="D:\actions-runner\_work\XPCO\XPCO\SC\Components\RemoteViewer\SmartClient\tst\zSmartClient_UnitTest\bin\x64\Debug\net472\zSmartClient_UnitTest.dll" adapterTypeName="executor://mstestadapter/v2" className="SmartClient_UnitTest.VideoOS.RemoteClient.Application.Components.Search.SearchManagerTest" name="Result_Expands_Correctly" />
    </UnitTest>
    <UnitTest name="FindSearchTemplatesAsync_Fails_Success" storage="d:\actions-runner\_work\xpco\xpco\sc\components\remoteviewer\smartclient\tst\zsmartclient_unittest\bin\x64\debug\net472\zsmartclient_unittest.dll" id="d697ec40-0cdc-2a97-6199-7cace147591a">
      <TestCategory>
        <TestCategoryItem TestCategory="SearchTemplates" />
      </TestCategory>
      <Execution id="7d88adc6-3e94-4fd0-abf5-415d90d015f0" />
      <TestMethod codeBase="D:\actions-runner\_work\XPCO\XPCO\SC\Components\RemoteViewer\SmartClient\tst\zSmartClient_UnitTest\bin\x64\Debug\net472\zSmartClient_UnitTest.dll" adapterTypeName="executor://mstestadapter/v2" className="SmartClient_UnitTest.VideoOS.RemoteClient.Plugin.CentralizedSearch.SearchTemplates.SearchTemplateManagerTests" name="FindSearchTemplatesAsync_Fails_Success" />
    </UnitTest>
    <UnitTest name="Ctor_NullMessage_ThrowsException" storage="d:\actions-runner\_work\xpco\xpco\sc\components\remoteviewer\smartclient\tst\zsmartclient_unittest\bin\x64\debug\net472\zsmartclient_unittest.dll" id="29c77f9c-4048-1470-9159-cedbe420b5fd">
      <Execution id="74b2738b-322c-4f10-bfb2-fe3c88ace658" />
      <TestMethod codeBase="D:\actions-runner\_work\XPCO\XPCO\SC\Components\RemoteViewer\SmartClient\tst\zSmartClient_UnitTest\bin\x64\Debug\net472\zSmartClient_UnitTest.dll" adapterTypeName="executor://mstestadapter/v2" className="SmartClient_UnitTest.VideoOS.RemoteClient.Application.UI.Common.MessageBoxWithList.MessageBoxWithListViewModelTests" name="Ctor_NullMessage_ThrowsException" />
    </UnitTest>
    <UnitTest name="PtzSessionControllerInfo_TimeChangedTest_Argument_Null_1" storage="d:\actions-runner\_work\xpco\xpco\sc\components\remoteviewer\smartclient\tst\zsmartclient_unittest\bin\x64\debug\net472\zsmartclient_unittest.dll" id="aa81343a-5273-d050-4734-4d568d0cd256">
      <Execution id="49dec232-8556-49c8-9be5-82dba55054df" />
      <TestMethod codeBase="D:\actions-runner\_work\XPCO\XPCO\SC\Components\RemoteViewer\SmartClient\tst\zSmartClient_UnitTest\bin\x64\Debug\net472\zSmartClient_UnitTest.dll" adapterTypeName="executor://mstestadapter/v2" className="VideoOS.RemoteClient.Application.Controllers.UnitTest.PtzSessionControllerTest" name="PtzSessionControllerInfo_TimeChangedTest_Argument_Null_1" />
    </UnitTest>
    <UnitTest name="PatrollingProfileListViewModel_SelectedPatrollingProfileViewModel_No_Selected_PatrollingStep" storage="d:\actions-runner\_work\xpco\xpco\sc\components\remoteviewer\smartclient\tst\zsmartclient_unittest\bin\x64\debug\net472\zsmartclient_unittest.dll" id="27438fb6-5317-1252-e840-ea85e2375f48">
      <Execution id="b1344344-96db-4278-a981-c5129e34023b" />
      <TestMethod codeBase="D:\actions-runner\_work\XPCO\XPCO\SC\Components\RemoteViewer\SmartClient\tst\zSmartClient_UnitTest\bin\x64\Debug\net472\zSmartClient_UnitTest.dll" adapterTypeName="executor://mstestadapter/v2" className="SmartClient_UnitTest.VideoOS.RemoteClient.Application.UI.PtzPreset.PatrollingViewModel.PatrollingProfileListViewModelTest" name="PatrollingProfileListViewModel_SelectedPatrollingProfileViewModel_No_Selected_PatrollingStep" />
    </UnitTest>
    <UnitTest name="OnUnloaded_ResultControl_ResultControlClosed" storage="d:\actions-runner\_work\xpco\xpco\sc\components\remoteviewer\smartclient\tst\zsmartclient_unittest\bin\x64\debug\net472\zsmartclient_unittest.dll" id="0eacc291-f328-de4d-1a1f-8a8b3e1cccd7">
      <TestCategory>
        <TestCategoryItem TestCategory="Search" />
      </TestCategory>
      <Execution id="1d1648a1-6291-4cad-a131-59466440269e" />
      <TestMethod codeBase="D:\actions-runner\_work\XPCO\XPCO\SC\Components\RemoteViewer\SmartClient\tst\zSmartClient_UnitTest\bin\x64\Debug\net472\zSmartClient_UnitTest.dll" adapterTypeName="executor://mstestadapter/v2" className="SmartClient_UnitTest.VideoOS.RemoteClient.Plugin.CentralizedSearch.Views.SearchResultContainerViewTests" name="OnUnloaded_ResultControl_ResultControlClosed" />
    </UnitTest>
    <UnitTest name="Decorate_ShouldRaiseArgumentNullException_WhenLayerVisibilityItemDataIsNull" storage="d:\actions-runner\_work\xpco\xpco\sc\components\remoteviewer\smartclient\tst\zsmartclient_unittest\bin\x64\debug\net472\zsmartclient_unittest.dll" id="a2522359-b2a2-5229-47e0-a441d8ac2c1e">
      <TestCategory>
        <TestCategoryItem TestCategory="GisMap.LayerVisibilityItemDataChildrenViewZoneDecoratorTests" />
      </TestCategory>
      <Execution id="52abd2c7-dfc5-4d9a-80dc-7f054aa586c9" />
      <TestMethod codeBase="D:\actions-runner\_work\XPCO\XPCO\SC\Components\RemoteViewer\SmartClient\tst\zSmartClient_UnitTest\bin\x64\Debug\net472\zSmartClient_UnitTest.dll" adapterTypeName="executor://mstestadapter/v2" className="SmartClient_UnitTest.VideoOS.RemoteClient.Plugin.GisMap.ViewModels.LayersVisibility.Decorators.LayerVisibilityItemDataChildrenViewZoneDecoratorTests" name="Decorate_ShouldRaiseArgumentNullException_WhenLayerVisibilityItemDataIsNull" />
    </UnitTest>
    <UnitTest name="GetDeviceData_ShouldReturnDeviceData_WhenMicrophoneKindAndExistingMicrophoneId" storage="d:\actions-runner\_work\xpco\xpco\sc\components\remoteviewer\smartclient\tst\zsmartclient_unittest\bin\x64\debug\net472\zsmartclient_unittest.dll" id="93ef99d9-ca73-69ac-4d15-4561a881ee1d">
      <TestCategory>
        <TestCategoryItem TestCategory="GisMap.Controllers.Devices.MapItems" />
      </TestCategory>
      <Execution id="d61b068d-e2c1-46d9-97f6-910841b6c4a4" />
      <TestMethod codeBase="D:\actions-runner\_work\XPCO\XPCO\SC\Components\RemoteViewer\SmartClient\tst\zSmartClient_UnitTest\bin\x64\Debug\net472\zSmartClient_UnitTest.dll" adapterTypeName="executor://mstestadapter/v2" className="SmartClient_UnitTest.VideoOS.RemoteClient.Plugin.GisMap.Controllers.Devices.MapItems.DeviceDataControllerTests" name="GetDeviceData_ShouldReturnDeviceData_WhenMicrophoneKindAndExistingMicrophoneId" />
    </UnitTest>
    <UnitTest name="Convert_ShouldReturnTrue_WhenParameterArrayContainsValue" storage="d:\actions-runner\_work\xpco\xpco\sc\components\remoteviewer\smartclient\tst\zsmartclient_unittest\bin\x64\debug\net472\zsmartclient_unittest.dll" id="847f64c7-3f64-8d01-6913-77b9ebb56919">
      <TestCategory>
        <TestCategoryItem TestCategory="GisMap.InteractionStateConverter" />
      </TestCategory>
      <Execution id="0aa4af2e-840f-43cc-bef9-0c6bfc8cdb66" />
      <TestMethod codeBase="D:\actions-runner\_work\XPCO\XPCO\SC\Components\RemoteViewer\SmartClient\tst\zSmartClient_UnitTest\bin\x64\Debug\net472\zSmartClient_UnitTest.dll" adapterTypeName="executor://mstestadapter/v2" className="SmartClient_UnitTest.VideoOS.RemoteClient.Plugin.GisMap.View.InteractionStateConverterTests" name="Convert_ShouldReturnTrue_WhenParameterArrayContainsValue" />
    </UnitTest>
    <UnitTest name="AndOrSearchDefinitionToCornerRadiusMultiConverter_CallConvert_LastAnd" storage="d:\actions-runner\_work\xpco\xpco\sc\components\remoteviewer\smartclient\tst\zsmartclient_unittest\bin\x64\debug\net472\zsmartclient_unittest.dll" id="d87bb820-5df8-b7cb-0dc2-a51e231db935">
      <TestCategory>
        <TestCategoryItem TestCategory="SearchConverter" />
      </TestCategory>
      <Execution id="eac3436a-9b54-4abe-b273-9fc8134349ad" />
      <TestMethod codeBase="D:\actions-runner\_work\XPCO\XPCO\SC\Components\RemoteViewer\SmartClient\tst\zSmartClient_UnitTest\bin\x64\Debug\net472\zSmartClient_UnitTest.dll" adapterTypeName="executor://mstestadapter/v2" className="SmartClient_UnitTest.VideoOS.RemoteClient.Plugin.CentralizedSearch.Views.Converters.AndOrSearchDefinitionMultiConverterTests" name="AndOrSearchDefinitionToCornerRadiusMultiConverter_CallConvert_LastAnd" />
    </UnitTest>
    <UnitTest name="DeleteLevel1Of12_Success" storage="d:\actions-runner\_work\xpco\xpco\sc\components\remoteviewer\smartclient\tst\zsmartclient_unittest\bin\x64\debug\net472\zsmartclient_unittest.dll" id="ba253b92-69e3-4e4f-d52c-11bff46fb10e">
      <TestCategory>
        <TestCategoryItem TestCategory="GisMapBuilding" />
      </TestCategory>
      <Execution id="6da824ae-48bf-437e-aa43-f44f5b7530bf" />
      <TestMethod codeBase="D:\actions-runner\_work\XPCO\XPCO\SC\Components\RemoteViewer\SmartClient\tst\zSmartClient_UnitTest\bin\x64\Debug\net472\zSmartClient_UnitTest.dll" adapterTypeName="executor://mstestadapter/v2" className="SmartClient_UnitTest.VideoOS.RemoteClient.GisMapData.MapBuildings.MapLevelTests" name="DeleteLevel1Of12_Success" />
    </UnitTest>
    <UnitTest name="Valid password" storage="d:\actions-runner\_work\xpco\xpco\sc\components\remoteviewer\smartclient\tst\zsmartclient_unittest\bin\x64\debug\net472\zsmartclient_unittest.dll" id="d0502605-3206-9613-21e3-72be815877fa">
      <TestCategory>
        <TestCategoryItem TestCategory="Export" />
      </TestCategory>
      <Execution id="0048976c-e055-4c98-bcfa-e915994fff04" />
      <TestMethod codeBase="D:\actions-runner\_work\XPCO\XPCO\SC\Components\RemoteViewer\SmartClient\tst\zSmartClient_UnitTest\bin\x64\Debug\net472\zSmartClient_UnitTest.dll" adapterTypeName="executor://mstestadapter/v2" className="SmartClient_UnitTest.VideoOS.RemoteClient.Plugin.Export.PasswordDialogViewModelTests" name="InitialPassword_ShouldResultInCorrectValidity" />
    </UnitTest>
    <UnitTest name="PopulateTooltip_FewResultsFromManyCameras12Hours_ValidText" storage="d:\actions-runner\_work\xpco\xpco\sc\components\remoteviewer\smartclient\tst\zsmartclient_unittest\bin\x64\debug\net472\zsmartclient_unittest.dll" id="aad7f35a-646d-e848-06d9-3817cba16168">
      <TestCategory>
        <TestCategoryItem TestCategory="SearchControls" />
      </TestCategory>
      <Execution id="f3d7ee5f-2de1-470b-9cb4-94ddbad9b068" />
      <TestMethod codeBase="D:\actions-runner\_work\XPCO\XPCO\SC\Components\RemoteViewer\SmartClient\tst\zSmartClient_UnitTest\bin\x64\Debug\net472\zSmartClient_UnitTest.dll" adapterTypeName="executor://mstestadapter/v2" className="SmartClient_UnitTest.VideoOS.RemoteClient.Plugin.CentralizedSearch.Views.Controls.TimelineRuler.TimelineRulerControlTests" name="PopulateTooltip_FewResultsFromManyCameras12Hours_ValidText" />
    </UnitTest>
    <UnitTest name="PerfCnt_ExecuteUnknownCounter_Success" storage="d:\actions-runner\_work\xpco\xpco\sc\components\remoteviewer\smartclient\tst\zsmartclient_unittest\bin\x64\debug\net472\zsmartclient_unittest.dll" id="102b1376-858e-c079-f8d2-05ad7ca84e2b">
      <Execution id="664d482e-5a4a-422c-94ee-e237e9004f61" />
      <TestMethod codeBase="D:\actions-runner\_work\XPCO\XPCO\SC\Components\RemoteViewer\SmartClient\tst\zSmartClient_UnitTest\bin\x64\Debug\net472\zSmartClient_UnitTest.dll" adapterTypeName="executor://mstestadapter/v2" className="SmartClient_UnitTest.VideoOS.RemoteClient.Application.PerformanceCounters.SourcingTests" name="PerfCnt_ExecuteUnknownCounter_Success" />
    </UnitTest>
    <UnitTest name="SupportsDoubleClick_ShouldBeFalse_WhenInteractionStateIsNotNormalOrNewDevice" storage="d:\actions-runner\_work\xpco\xpco\sc\components\remoteviewer\smartclient\tst\zsmartclient_unittest\bin\x64\debug\net472\zsmartclient_unittest.dll" id="e76f4094-8dcd-5aeb-e147-a8a4e7a18b8c">
      <TestCategory>
        <TestCategoryItem TestCategory="GisMap.MicrophoneMarkerTest" />
      </TestCategory>
      <Execution id="d4486b8b-9a56-4da5-aaea-2706220c6387" />
      <TestMethod codeBase="D:\actions-runner\_work\XPCO\XPCO\SC\Components\RemoteViewer\SmartClient\tst\zSmartClient_UnitTest\bin\x64\Debug\net472\zSmartClient_UnitTest.dll" adapterTypeName="executor://mstestadapter/v2" className="SmartClient_UnitTest.VideoOS.RemoteClient.Plugin.GisMap.ThinkGeoMap.Markers.DeviceMarkers.MicrophoneMarker.MicrophoneMarkerTests" name="SupportsDoubleClick_ShouldBeFalse_WhenInteractionStateIsNotNormalOrNewDevice" />
    </UnitTest>
    <UnitTest name="OnLayersRetrieved_ShouldSetComponentsToInput_WhenLayersCollectionContainsInput" storage="d:\actions-runner\_work\xpco\xpco\sc\components\remoteviewer\smartclient\tst\zsmartclient_unittest\bin\x64\debug\net472\zsmartclient_unittest.dll" id="a68d8bd1-83c1-7dcf-88ae-373561151afd">
      <TestCategory>
        <TestCategoryItem TestCategory="GisMap.DeviceSelectorWindowViewModel" />
      </TestCategory>
      <Execution id="555ce0a9-3e7d-449c-bded-afcac4510674" />
      <TestMethod codeBase="D:\actions-runner\_work\XPCO\XPCO\SC\Components\RemoteViewer\SmartClient\tst\zSmartClient_UnitTest\bin\x64\Debug\net472\zSmartClient_UnitTest.dll" adapterTypeName="executor://mstestadapter/v2" className="SmartClient_UnitTest.VideoOS.RemoteClient.Plugin.GisMap.ViewModels.DeviceSelectorWindowViewModelTests" name="OnLayersRetrieved_ShouldSetComponentsToInput_WhenLayersCollectionContainsInput" />
    </UnitTest>
    <UnitTest name="CameraMapItem_ForceActivateAsync_InBuilding_MapLevelsNotLoaded_Success" storage="d:\actions-runner\_work\xpco\xpco\sc\components\remoteviewer\smartclient\tst\zsmartclient_unittest\bin\x64\debug\net472\zsmartclient_unittest.dll" id="0b4d5c4e-e489-765d-d3a8-0ce9513428a5">
      <TestCategory>
        <TestCategoryItem TestCategory="GisMapMapItem" />
      </TestCategory>
      <Execution id="9b8f16bb-b410-4bdf-b292-921f627635e9" />
      <TestMethod codeBase="D:\actions-runner\_work\XPCO\XPCO\SC\Components\RemoteViewer\SmartClient\tst\zSmartClient_UnitTest\bin\x64\Debug\net472\zSmartClient_UnitTest.dll" adapterTypeName="executor://mstestadapter/v2" className="SmartClient_UnitTest.VideoOS.RemoteClient.GisMap.MapItem.MapItemTests" name="CameraMapItem_ForceActivateAsync_InBuilding_MapLevelsNotLoaded_Success" />
    </UnitTest>
    <UnitTest name="SelectTemplate_UseInlineEditFalse_ReturnsPopupTemplate" storage="d:\actions-runner\_work\xpco\xpco\sc\components\remoteviewer\smartclient\tst\zsmartclient_unittest\bin\x64\debug\net472\zsmartclient_unittest.dll" id="e1f594ff-5c37-d66b-07f6-82e1c4cb1481">
      <TestCategory>
        <TestCategoryItem TestCategory="SearchViews" />
      </TestCategory>
      <Execution id="c2052e95-8eb6-4d77-aecb-b87fa288e1b0" />
      <TestMethod codeBase="D:\actions-runner\_work\XPCO\XPCO\SC\Components\RemoteViewer\SmartClient\tst\zSmartClient_UnitTest\bin\x64\Debug\net472\zSmartClient_UnitTest.dll" adapterTypeName="executor://mstestadapter/v2" className="SmartClient_UnitTest.VideoOS.RemoteClient.Plugin.CentralizedSearch.Views.AttributeEditControlTemplateSelectorTests" name="SelectTemplate_UseInlineEditFalse_ReturnsPopupTemplate" />
    </UnitTest>
    <UnitTest name="Deserialize_ShouldReturnCombineTypeOr_WhenCombineTypeIsInvalidInXml" storage="d:\actions-runner\_work\xpco\xpco\sc\components\remoteviewer\smartclient\tst\zsmartclient_unittest\bin\x64\debug\net472\zsmartclient_unittest.dll" id="a2769260-4eb7-daf9-b4d2-f155ed354d1b">
      <TestCategory>
        <TestCategoryItem TestCategory="SearchModels" />
      </TestCategory>
      <Execution id="5b5e82a9-876d-4d10-8fff-f6fed4bf98c0" />
      <TestMethod codeBase="D:\actions-runner\_work\XPCO\XPCO\SC\Components\RemoteViewer\SmartClient\tst\zSmartClient_UnitTest\bin\x64\Debug\net472\zSmartClient_UnitTest.dll" adapterTypeName="executor://mstestadapter/v2" className="SmartClient_UnitTest.VideoOS.RemoteClient.Plugin.CentralizedSearch.Models.SearchModelTests" name="Deserialize_ShouldReturnCombineTypeOr_WhenCombineTypeIsInvalidInXml" />
    </UnitTest>
    <UnitTest name="ObjectToEnabledConverter_Convert_Null" storage="d:\actions-runner\_work\xpco\xpco\sc\components\remoteviewer\smartclient\tst\zsmartclient_unittest\bin\x64\debug\net472\zsmartclient_unittest.dll" id="9f2f58ff-e9c2-3880-dcf4-b319d054c9c6">
      <Execution id="180a3d63-be89-454b-886f-9bbda2d7f59d" />
      <TestMethod codeBase="D:\actions-runner\_work\XPCO\XPCO\SC\Components\RemoteViewer\SmartClient\tst\zSmartClient_UnitTest\bin\x64\Debug\net472\zSmartClient_UnitTest.dll" adapterTypeName="executor://mstestadapter/v2" className="SmartClient_UnitTest.VideoOS.RemoteClient.Application.UI.PtzPreset.PatrollingConverters.ObjectToEnabledConverterTest" name="ObjectToEnabledConverter_Convert_Null" />
    </UnitTest>
    <UnitTest name="AndOrSearchDefinitionToCornerRadiusMultiConverter_CallConvert_WithNullSearchDefinitionWrapper" storage="d:\actions-runner\_work\xpco\xpco\sc\components\remoteviewer\smartclient\tst\zsmartclient_unittest\bin\x64\debug\net472\zsmartclient_unittest.dll" id="f33717b2-6c8e-2361-6ace-29e4108005a6">
      <TestCategory>
        <TestCategoryItem TestCategory="SearchConverter" />
      </TestCategory>
      <Execution id="ab2ff00d-a54c-49d2-b20e-3b0746a354e7" />
      <TestMethod codeBase="D:\actions-runner\_work\XPCO\XPCO\SC\Components\RemoteViewer\SmartClient\tst\zSmartClient_UnitTest\bin\x64\Debug\net472\zSmartClient_UnitTest.dll" adapterTypeName="executor://mstestadapter/v2" className="SmartClient_UnitTest.VideoOS.RemoteClient.Plugin.CentralizedSearch.Views.Converters.AndOrSearchDefinitionMultiConverterTests" name="AndOrSearchDefinitionToCornerRadiusMultiConverter_CallConvert_WithNullSearchDefinitionWrapper" />
    </UnitTest>
    <UnitTest name="GetResultGroups_ShouldReturnGroupsMatchingSearchAgentIds_WhenResultsAreNotCombined" storage="d:\actions-runner\_work\xpco\xpco\sc\components\remoteviewer\smartclient\tst\zsmartclient_unittest\bin\x64\debug\net472\zsmartclient_unittest.dll" id="eeeef62f-490f-22e7-a2d2-ec5886a54dce">
      <TestCategory>
        <TestCategoryItem TestCategory="SearchResultActionBarViewModel" />
      </TestCategory>
      <Execution id="6db6f4a1-76c4-4bb4-86bc-7557080f4dff" />
      <TestMethod codeBase="D:\actions-runner\_work\XPCO\XPCO\SC\Components\RemoteViewer\SmartClient\tst\zSmartClient_UnitTest\bin\x64\Debug\net472\zSmartClient_UnitTest.dll" adapterTypeName="executor://mstestadapter/v2" className="SmartClient_UnitTest.VideoOS.RemoteClient.Plugin.CentralizedSearch.ViewModels.SearchResultsActionBarViewModelTest" name="GetResultGroups_ShouldReturnGroupsMatchingSearchAgentIds_WhenResultsAreNotCombined" />
    </UnitTest>
    <UnitTest name="SidePanelToggleButtonIsVisible_DependingOnConditions (Normal,True,False,True)" storage="d:\actions-runner\_work\xpco\xpco\sc\components\remoteviewer\smartclient\tst\zsmartclient_unittest\bin\x64\debug\net472\zsmartclient_unittest.dll" id="cb533a58-4a71-8bf8-23d3-b894ae78ba25">
      <TestCategory>
        <TestCategoryItem TestCategory="WorkspaceToolbar" />
      </TestCategory>
      <Execution id="a0bcc889-bca3-470b-ab45-9539059c5202" />
      <TestMethod codeBase="D:\actions-runner\_work\XPCO\XPCO\SC\Components\RemoteViewer\SmartClient\tst\zSmartClient_UnitTest\bin\x64\Debug\net472\zSmartClient_UnitTest.dll" adapterTypeName="executor://mstestadapter/v2" className="SmartClient_UnitTest.VideoOS.RemoteClient.Application.UI.Content.WorkspaceToolbar.WorkspaceToolbarViewModelTests" name="SidePanelToggleButtonIsVisible_DependingOnConditions" />
    </UnitTest>
    <UnitTest name="Convert_ShouldReturnFalse_WhenParameterContainsValue" storage="d:\actions-runner\_work\xpco\xpco\sc\components\remoteviewer\smartclient\tst\zsmartclient_unittest\bin\x64\debug\net472\zsmartclient_unittest.dll" id="f5dc02d2-c831-9a51-1ebc-8f8a343ea344">
      <TestCategory>
        <TestCategoryItem TestCategory="GisMap.InteractionStateConverter" />
      </TestCategory>
      <Execution id="fa5628d3-5560-43e6-b940-e2e34aff02e0" />
      <TestMethod codeBase="D:\actions-runner\_work\XPCO\XPCO\SC\Components\RemoteViewer\SmartClient\tst\zSmartClient_UnitTest\bin\x64\Debug\net472\zSmartClient_UnitTest.dll" adapterTypeName="executor://mstestadapter/v2" className="SmartClient_UnitTest.VideoOS.RemoteClient.Plugin.GisMap.View.InteractionStateConverterTests" name="Convert_ShouldReturnFalse_WhenParameterContainsValue" />
    </UnitTest>
    <UnitTest name="HandleSetLayerFeatures_ShouldUpdateInputLayerFeatures_WhenInputKindAndInputLayerFeatures" storage="d:\actions-runner\_work\xpco\xpco\sc\components\remoteviewer\smartclient\tst\zsmartclient_unittest\bin\x64\debug\net472\zsmartclient_unittest.dll" id="f342c369-1b63-ac09-7592-3bbf19ea7792">
      <TestCategory>
        <TestCategoryItem TestCategory="GisMapData.Handlers.LayerFeatures" />
      </TestCategory>
      <Execution id="335bf841-c60f-45f4-8bbe-c141bce15ee2" />
      <TestMethod codeBase="D:\actions-runner\_work\XPCO\XPCO\SC\Components\RemoteViewer\SmartClient\tst\zSmartClient_UnitTest\bin\x64\Debug\net472\zSmartClient_UnitTest.dll" adapterTypeName="executor://mstestadapter/v2" className="SmartClient_UnitTest.VideoOS.RemoteClient.GisMapData.Handlers.LayerFeatures.InputLayerFeaturesHandlerTests" name="HandleSetLayerFeatures_ShouldUpdateInputLayerFeatures_WhenInputKindAndInputLayerFeatures" />
    </UnitTest>
    <UnitTest name="SelectOptions_ShouldNotChangeSelectedComponent_WhenGivenComponentIsNull" storage="d:\actions-runner\_work\xpco\xpco\sc\components\remoteviewer\smartclient\tst\zsmartclient_unittest\bin\x64\debug\net472\zsmartclient_unittest.dll" id="8d8eee96-464d-c577-6270-884494a6a9b2">
      <Execution id="e09e80e9-486f-4caa-a86b-42ca29727652" />
      <TestMethod codeBase="D:\actions-runner\_work\XPCO\XPCO\SC\Components\RemoteViewer\SmartClient\tst\zSmartClient_UnitTest\bin\x64\Debug\net472\zSmartClient_UnitTest.dll" adapterTypeName="executor://mstestadapter/v2" className="SmartClient_UnitTest.VideoOS.RemoteClient.Application.UI.Settings.SettingsDialogViewModelTests" name="SelectOptions_ShouldNotChangeSelectedComponent_WhenGivenComponentIsNull" />
    </UnitTest>
    <UnitTest name="RetrieveBookmarks_WhereBookmarkTriggerTimesAreOutsideBeginEnd_AndSomeBookmarksAreExcluded" storage="d:\actions-runner\_work\xpco\xpco\sc\components\remoteviewer\smartclient\tst\zsmartclient_unittest\bin\x64\debug\net472\zsmartclient_unittest.dll" id="bc1d45b3-de40-0d4a-bd1b-d3b6d235d5d4">
      <Execution id="2cc2873c-2811-45eb-a69b-c16718369bc4" />
      <TestMethod codeBase="D:\actions-runner\_work\XPCO\XPCO\SC\Components\RemoteViewer\SmartClient\tst\zSmartClient_UnitTest\bin\x64\Debug\net472\zSmartClient_UnitTest.dll" adapterTypeName="executor://mstestadapter/v2" className="SmartClient_UnitTest.VideoOS.RemoteClient.Application.Data.Offline.Test.BookmarkExportWriterTest" name="RetrieveBookmarks_WhereBookmarkTriggerTimesAreOutsideBeginEnd_AndSomeBookmarksAreExcluded" />
    </UnitTest>
    <UnitTest name="ServerAuthentication_ShouldReturnLegacyWindows_WhenConstructedUsingWindows" storage="d:\actions-runner\_work\xpco\xpco\sc\components\remoteviewer\smartclient\tst\zsmartclient_unittest\bin\x64\debug\net472\zsmartclient_unittest.dll" id="dcdbbe69-ab49-7246-fc1b-b94cfe92e639">
      <TestCategory>
        <TestCategoryItem TestCategory="Authentication.ClientCredentials" />
      </TestCategory>
      <Execution id="02773c45-3d0e-4616-8255-d3c8be46dd16" />
      <TestMethod codeBase="D:\actions-runner\_work\XPCO\XPCO\SC\Components\RemoteViewer\SmartClient\tst\zSmartClient_UnitTest\bin\x64\Debug\net472\zSmartClient_UnitTest.dll" adapterTypeName="executor://mstestadapter/v2" className="SmartClient_UnitTest.VideoOS.Shared.ServerAPI.ClientCredentialsTest" name="ServerAuthentication_ShouldReturnLegacyWindows_WhenConstructedUsingWindows" />
    </UnitTest>
    <UnitTest name="ToMipSearchResultData_ShouldIncludeMetadataObjectsFromAllSubResults" storage="d:\actions-runner\_work\xpco\xpco\sc\components\remoteviewer\smartclient\tst\zsmartclient_unittest\bin\x64\debug\net472\zsmartclient_unittest.dll" id="8ed2a60a-eeda-1585-64ac-27fd20cde828">
      <TestCategory>
        <TestCategoryItem TestCategory="Search.Wrappers" />
      </TestCategory>
      <Execution id="3dadfb8c-518b-4d49-889f-cb1c806014f1" />
      <TestMethod codeBase="D:\actions-runner\_work\XPCO\XPCO\SC\Components\RemoteViewer\SmartClient\tst\zSmartClient_UnitTest\bin\x64\Debug\net472\zSmartClient_UnitTest.dll" adapterTypeName="executor://mstestadapter/v2" className="SmartClient_UnitTest.VideoOS.RemoteClient.Plugin.CentralizedSearch.Models.Wrappers.CombinedSearchResultDataWrapperTests" name="ToMipSearchResultData_ShouldIncludeMetadataObjectsFromAllSubResults" />
    </UnitTest>
    <UnitTest name="ValidateExportFormats_VideoClipFormat_ShouldReturnFailResult_NoAudioToExport" storage="d:\actions-runner\_work\xpco\xpco\sc\components\remoteviewer\smartclient\tst\zsmartclient_unittest\bin\x64\debug\net472\zsmartclient_unittest.dll" id="3346e13c-f7e8-cb19-f9f1-938fc47b8c60">
      <TestCategory>
        <TestCategoryItem TestCategory="Export" />
      </TestCategory>
      <Execution id="bd6b8c2c-9350-4590-bed1-102b017bce00" />
      <TestMethod codeBase="D:\actions-runner\_work\XPCO\XPCO\SC\Components\RemoteViewer\SmartClient\tst\zSmartClient_UnitTest\bin\x64\Debug\net472\zSmartClient_UnitTest.dll" adapterTypeName="executor://mstestadapter/v2" className="SmartClient_UnitTest.VideoOS.RemoteClient.Plugin.Export.ExportDataValidatorTests" name="ValidateExportFormats_VideoClipFormat_ShouldReturnFailResult_NoAudioToExport" />
    </UnitTest>
    <UnitTest name="Constructor_ShouldRaiseArgumentNullException_WhenGisMapModelIsNull" storage="d:\actions-runner\_work\xpco\xpco\sc\components\remoteviewer\smartclient\tst\zsmartclient_unittest\bin\x64\debug\net472\zsmartclient_unittest.dll" id="abed422e-8ff0-5810-3b31-84bfdebdfcc3">
      <TestCategory>
        <TestCategoryItem TestCategory="GisMap.Handlers.Devices.MapItems" />
      </TestCategory>
      <Execution id="c509e51f-40f3-477a-ba50-ac58ba88ea2f" />
      <TestMethod codeBase="D:\actions-runner\_work\XPCO\XPCO\SC\Components\RemoteViewer\SmartClient\tst\zSmartClient_UnitTest\bin\x64\Debug\net472\zSmartClient_UnitTest.dll" adapterTypeName="executor://mstestadapter/v2" className="SmartClient_UnitTest.VideoOS.RemoteClient.Plugin.GisMap.Handlers.Devices.MapItems.MicrophoneDataHandlerTests" name="Constructor_ShouldRaiseArgumentNullException_WhenGisMapModelIsNull" />
    </UnitTest>
    <UnitTest name="ApplyStatesToUi_StateWithItemSize_UpdateItemSizeCalled" storage="d:\actions-runner\_work\xpco\xpco\sc\components\remoteviewer\smartclient\tst\zsmartclient_unittest\bin\x64\debug\net472\zsmartclient_unittest.dll" id="84fbc41b-f8b3-97c4-0d80-49164e74cf8a">
      <TestCategory>
        <TestCategoryItem TestCategory="SearchViews" />
      </TestCategory>
      <Execution id="79de02c5-c274-4edb-9ead-4aee74f47b9e" />
      <TestMethod codeBase="D:\actions-runner\_work\XPCO\XPCO\SC\Components\RemoteViewer\SmartClient\tst\zSmartClient_UnitTest\bin\x64\Debug\net472\zSmartClient_UnitTest.dll" adapterTypeName="executor://mstestadapter/v2" className="SmartClient_UnitTest.VideoOS.RemoteClient.Plugin.CentralizedSearch.Views.SearchResultsViewTests" name="ApplyStatesToUi_StateWithItemSize_UpdateItemSizeCalled" />
    </UnitTest>
    <UnitTest name="Compare_ShouldPrioritizeCombinedResults_WhenSingleAndCombinedResultsArePresent" storage="d:\actions-runner\_work\xpco\xpco\sc\components\remoteviewer\smartclient\tst\zsmartclient_unittest\bin\x64\debug\net472\zsmartclient_unittest.dll" id="f952c068-f034-3ff2-3bf8-7e5b673c1e64">
      <TestCategory>
        <TestCategoryItem TestCategory="SearchComparers" />
      </TestCategory>
      <Execution id="eb7ba886-f87f-4803-a6d4-c0581c372d92" />
      <TestMethod codeBase="D:\actions-runner\_work\XPCO\XPCO\SC\Components\RemoteViewer\SmartClient\tst\zSmartClient_UnitTest\bin\x64\Debug\net472\zSmartClient_UnitTest.dll" adapterTypeName="executor://mstestadapter/v2" className="SmartClient_UnitTest.VideoOS.RemoteClient.Plugin.CentralizedSearch.Models.Wrappers.Comparers.RelevanceComparerTests" name="Compare_ShouldPrioritizeCombinedResults_WhenSingleAndCombinedResultsArePresent" />
    </UnitTest>
    <UnitTest name="Initialize_ShouldRaiseServerUpgradeRequiredAccessControlInitException_WhenAllowOnlyFipsAlgorithmsIsTrueAndSomeEventServerIdsAreNonFipsCompliant" storage="d:\actions-runner\_work\xpco\xpco\sc\components\remoteviewer\smartclient\tst\zsmartclient_unittest\bin\x64\debug\net472\zsmartclient_unittest.dll" id="232e38bc-f1e6-d745-c4df-2efcf25dd919">
      <TestCategory>
        <TestCategoryItem TestCategory="AccessControl" />
      </TestCategory>
      <Execution id="1443ff28-c22d-4e28-a7ab-025561b49122" />
      <TestMethod codeBase="D:\actions-runner\_work\XPCO\XPCO\SC\Components\RemoteViewer\SmartClient\tst\zSmartClient_UnitTest\bin\x64\Debug\net472\zSmartClient_UnitTest.dll" adapterTypeName="executor://mstestadapter/v2" className="SmartClient_UnitTest.VideoOS.RemoteClient.AccessControl.AccessControlManagerCoreTests" name="Initialize_ShouldRaiseServerUpgradeRequiredAccessControlInitException_WhenAllowOnlyFipsAlgorithmsIsTrueAndSomeEventServerIdsAreNonFipsCompliant" />
    </UnitTest>
    <UnitTest name="SearchResultCombineType_ShouldSetSearchTemplateAsModified_WhenValueChangesAndSearchTemplateIsActive" storage="d:\actions-runner\_work\xpco\xpco\sc\components\remoteviewer\smartclient\tst\zsmartclient_unittest\bin\x64\debug\net472\zsmartclient_unittest.dll" id="38c61dcc-3a50-a0a7-0dea-c65fb41e4802">
      <TestCategory>
        <TestCategoryItem TestCategory="SearchViewModels" />
      </TestCategory>
      <Execution id="f0d47006-6fca-4b11-b4fb-8d6ea8c151ad" />
      <TestMethod codeBase="D:\actions-runner\_work\XPCO\XPCO\SC\Components\RemoteViewer\SmartClient\tst\zSmartClient_UnitTest\bin\x64\Debug\net472\zSmartClient_UnitTest.dll" adapterTypeName="executor://mstestadapter/v2" className="SmartClient_UnitTest.VideoOS.RemoteClient.Plugin.CentralizedSearch.ViewModels.SearchViewModelTests" name="SearchResultCombineType_ShouldSetSearchTemplateAsModified_WhenValueChangesAndSearchTemplateIsActive" />
    </UnitTest>
    <UnitTest name="OutputMapItem_ForceActivateAsync_InBuilding_Success" storage="d:\actions-runner\_work\xpco\xpco\sc\components\remoteviewer\smartclient\tst\zsmartclient_unittest\bin\x64\debug\net472\zsmartclient_unittest.dll" id="31863e20-a64d-0b66-e341-1da2a444bd4d">
      <TestCategory>
        <TestCategoryItem TestCategory="GisMapData.MapItem.Outputs" />
      </TestCategory>
      <Execution id="94396119-f796-4932-9fdf-59d129b45f70" />
      <TestMethod codeBase="D:\actions-runner\_work\XPCO\XPCO\SC\Components\RemoteViewer\SmartClient\tst\zSmartClient_UnitTest\bin\x64\Debug\net472\zSmartClient_UnitTest.dll" adapterTypeName="executor://mstestadapter/v2" className="SmartClient_UnitTest.VideoOS.RemoteClient.GisMapData.MapItem.Outputs.OutputMapItemTests" name="OutputMapItem_ForceActivateAsync_InBuilding_Success" />
    </UnitTest>
    <UnitTest name="AssignPanTiltValue_WhenValueMax_ShouldReturnMaxValue" storage="d:\actions-runner\_work\xpco\xpco\sc\components\remoteviewer\smartclient\tst\zsmartclient_unittest\bin\x64\debug\net472\zsmartclient_unittest.dll" id="8893b278-aa55-a685-d169-59d2e6a2a2db">
      <Execution id="207fb49a-b953-43aa-b3d2-769ee272e195" />
      <TestMethod codeBase="D:\actions-runner\_work\XPCO\XPCO\SC\Components\RemoteViewer\SmartClient\tst\zSmartClient_UnitTest\bin\x64\Debug\net472\zSmartClient_UnitTest.dll" adapterTypeName="executor://mstestadapter/v2" className="SmartClient_UnitTest.VideoOS.RemoteClient.Plugin.JoystickSupport.JoystickDeviceTests" name="AssignPanTiltValue_WhenValueMax_ShouldReturnMaxValue" />
    </UnitTest>
    <UnitTest name="EmptySearchResult_PropertiesCollection_IsEmpty" storage="d:\actions-runner\_work\xpco\xpco\sc\components\remoteviewer\smartclient\tst\zsmartclient_unittest\bin\x64\debug\net472\zsmartclient_unittest.dll" id="87830711-b32c-2c47-4ef6-67875858e949">
      <TestCategory>
        <TestCategoryItem TestCategory="SearchControls" />
      </TestCategory>
      <Execution id="08f18f35-da51-42ba-a661-3dd5e7300fcf" />
      <TestMethod codeBase="D:\actions-runner\_work\XPCO\XPCO\SC\Components\RemoteViewer\SmartClient\tst\zSmartClient_UnitTest\bin\x64\Debug\net472\zSmartClient_UnitTest.dll" adapterTypeName="executor://mstestadapter/v2" className="SmartClient_UnitTest.VideoOS.RemoteClient.Plugin.CentralizedSearch.Views.Controls.SearchResultDetailsControlTests" name="EmptySearchResult_PropertiesCollection_IsEmpty" />
    </UnitTest>
    <UnitTest name="GetCredential_ShouldReturnNull_WhenAuthTypeIsNull" storage="d:\actions-runner\_work\xpco\xpco\sc\components\remoteviewer\smartclient\tst\zsmartclient_unittest\bin\x64\debug\net472\zsmartclient_unittest.dll" id="8ad35947-3018-f160-b80e-8c54c467a21a">
      <TestCategory>
        <TestCategoryItem TestCategory="Authentication.ClientCredentials" />
      </TestCategory>
      <Execution id="efae633c-f196-4821-8f8e-cc0cb6d7ee9c" />
      <TestMethod codeBase="D:\actions-runner\_work\XPCO\XPCO\SC\Components\RemoteViewer\SmartClient\tst\zSmartClient_UnitTest\bin\x64\Debug\net472\zSmartClient_UnitTest.dll" adapterTypeName="executor://mstestadapter/v2" className="SmartClient_UnitTest.VideoOS.Shared.ServerAPI.ClientCredentialsTest" name="GetCredential_ShouldReturnNull_WhenAuthTypeIsNull" />
    </UnitTest>
    <UnitTest name="LoadSaveStateFrom_UnknownOrderResultsBy_Success" storage="d:\actions-runner\_work\xpco\xpco\sc\components\remoteviewer\smartclient\tst\zsmartclient_unittest\bin\x64\debug\net472\zsmartclient_unittest.dll" id="98d6e5bd-b7db-7e62-faab-cf0ab9b4f07d">
      <TestCategory>
        <TestCategoryItem TestCategory="SearchResultViewModels" />
      </TestCategory>
      <Execution id="5975c449-e363-42f3-9cbc-f564e105962e" />
      <TestMethod codeBase="D:\actions-runner\_work\XPCO\XPCO\SC\Components\RemoteViewer\SmartClient\tst\zSmartClient_UnitTest\bin\x64\Debug\net472\zSmartClient_UnitTest.dll" adapterTypeName="executor://mstestadapter/v2" className="SmartClient_UnitTest.VideoOS.RemoteClient.Plugin.CentralizedSearch.ViewModels.SearchResultsViewModelTest" name="LoadSaveStateFrom_UnknownOrderResultsBy_Success" />
    </UnitTest>
    <UnitTest name="DomainAndUserName_ShouldThrow_InvalidOperationException_WhenConstructedUsingExternal" storage="d:\actions-runner\_work\xpco\xpco\sc\components\remoteviewer\smartclient\tst\zsmartclient_unittest\bin\x64\debug\net472\zsmartclient_unittest.dll" id="cefd37a3-357f-d082-971e-590f86c9275f">
      <TestCategory>
        <TestCategoryItem TestCategory="Authentication.ClientCredentials" />
      </TestCategory>
      <Execution id="f240fd4e-cb4b-4358-a3f7-c41b20a8ffb2" />
      <TestMethod codeBase="D:\actions-runner\_work\XPCO\XPCO\SC\Components\RemoteViewer\SmartClient\tst\zSmartClient_UnitTest\bin\x64\Debug\net472\zSmartClient_UnitTest.dll" adapterTypeName="executor://mstestadapter/v2" className="SmartClient_UnitTest.VideoOS.Shared.ServerAPI.ClientCredentialsTest" name="DomainAndUserName_ShouldThrow_InvalidOperationException_WhenConstructedUsingExternal" />
    </UnitTest>
    <UnitTest name="Password1 invalid, Password 2 valid" storage="d:\actions-runner\_work\xpco\xpco\sc\components\remoteviewer\smartclient\tst\zsmartclient_unittest\bin\x64\debug\net472\zsmartclient_unittest.dll" id="f61a8a43-f371-24a0-5a58-6db210060a1a">
      <TestCategory>
        <TestCategoryItem TestCategory="Export" />
      </TestCategory>
      <Execution id="24777bc9-1ee6-4f16-93f0-fedba35135e1" />
      <TestMethod codeBase="D:\actions-runner\_work\XPCO\XPCO\SC\Components\RemoteViewer\SmartClient\tst\zSmartClient_UnitTest\bin\x64\Debug\net472\zSmartClient_UnitTest.dll" adapterTypeName="executor://mstestadapter/v2" className="SmartClient_UnitTest.VideoOS.RemoteClient.Plugin.Export.PasswordDialogViewModelTests" name="ArePasswordsValid_ShouldDependOnPassword1AndPassword2" />
    </UnitTest>
    <UnitTest name="False" storage="d:\actions-runner\_work\xpco\xpco\sc\components\remoteviewer\smartclient\tst\zsmartclient_unittest\bin\x64\debug\net472\zsmartclient_unittest.dll" id="ac792034-f247-0505-126f-c91db503a0d1">
      <TestCategory>
        <TestCategoryItem TestCategory="WorkspaceToolbar" />
      </TestCategory>
      <Execution id="9ac8e78c-f848-47b5-ab6c-97f3617a38ef" />
      <TestMethod codeBase="D:\actions-runner\_work\XPCO\XPCO\SC\Components\RemoteViewer\SmartClient\tst\zSmartClient_UnitTest\bin\x64\Debug\net472\zSmartClient_UnitTest.dll" adapterTypeName="executor://mstestadapter/v2" className="SmartClient_UnitTest.VideoOS.RemoteClient.Application.Data.WorkspaceToolbar.WorkspaceToolbarItemMipPluginTests" name="BindingModelEnabled_Matches_PluginInstanceEnabled" />
    </UnitTest>
    <UnitTest name="DeserializeAlianXml_Fail" storage="d:\actions-runner\_work\xpco\xpco\sc\components\remoteviewer\smartclient\tst\zsmartclient_unittest\bin\x64\debug\net472\zsmartclient_unittest.dll" id="b78c4a54-8a8a-cc80-cfbb-7be5b5023229">
      <Execution id="7981c103-9a05-46b8-9107-769bca3ccba7" />
      <TestMethod codeBase="D:\actions-runner\_work\XPCO\XPCO\SC\Components\RemoteViewer\SmartClient\tst\zSmartClient_UnitTest\bin\x64\Debug\net472\zSmartClient_UnitTest.dll" adapterTypeName="executor://mstestadapter/v2" className="SmartClient_UnitTest.VideoOS.RemoteClient.Data.VideoWall.MonitorStateTests" name="DeserializeAlianXml_Fail" />
    </UnitTest>
    <UnitTest name="SetItemOutlines_OutlinesEmpty_Success" storage="d:\actions-runner\_work\xpco\xpco\sc\components\remoteviewer\smartclient\tst\zsmartclient_unittest\bin\x64\debug\net472\zsmartclient_unittest.dll" id="1ab5d979-4667-2003-c0dc-5c23807afc87">
      <TestCategory>
        <TestCategoryItem TestCategory="GisMap.GisMapViewFacade" />
      </TestCategory>
      <Execution id="2aa2c2dd-49f7-4b4b-97dd-d1b83ab54c3a" />
      <TestMethod codeBase="D:\actions-runner\_work\XPCO\XPCO\SC\Components\RemoteViewer\SmartClient\tst\zSmartClient_UnitTest\bin\x64\Debug\net472\zSmartClient_UnitTest.dll" adapterTypeName="executor://mstestadapter/v2" className="SmartClient_UnitTest.VideoOS.RemoteClient.Plugin.GisMap.IoC.GisMapViewFacadeTests" name="SetItemOutlines_OutlinesEmpty_Success" />
    </UnitTest>
    <UnitTest name="ImageMaskDto_ShouldYieldSameValues_WhenRoundTripConverted" storage="d:\actions-runner\_work\xpco\xpco\sc\components\remoteviewer\smartclient\tst\zsmartclient_unittest\bin\x64\debug\net472\zsmartclient_unittest.dll" id="776120a9-8caa-dd82-0111-de02703fa844">
      <TestCategory>
        <TestCategoryItem TestCategory="RecorderProxyToDtoMapping" />
      </TestCategory>
      <Execution id="93ec57ed-36b5-42cd-be2a-207ff7564564" />
      <TestMethod codeBase="D:\actions-runner\_work\XPCO\XPCO\SC\Components\RemoteViewer\SmartClient\tst\zSmartClient_UnitTest\bin\x64\Debug\net472\zSmartClient_UnitTest.dll" adapterTypeName="executor://mstestadapter/v2" className="VideoOS.Shared.ServerAPI.SOAP.RecorderClientMappingTests" name="ImageMaskDto_ShouldYieldSameValues_WhenRoundTripConverted" />
    </UnitTest>
    <UnitTest name="BookmarkSearchTime_WithSearchStringInDifferentCases_ReturnCorrectBookmarkWithSearchStringInDescription (SeArChStRiNg,True,False,True,True,,,0)" storage="d:\actions-runner\_work\xpco\xpco\sc\components\remoteviewer\smartclient\tst\zsmartclient_unittest\bin\x64\debug\net472\zsmartclient_unittest.dll" id="67e6b479-6adc-62fc-07f6-d8999cdcc3cc">
      <Execution id="1193ab74-35f8-4caa-9d8c-53b7ea093d8a" />
      <TestMethod codeBase="D:\actions-runner\_work\XPCO\XPCO\SC\Components\RemoteViewer\SmartClient\tst\zSmartClient_UnitTest\bin\x64\Debug\net472\zSmartClient_UnitTest.dll" adapterTypeName="executor://mstestadapter/v2" className="SmartClient_UnitTest.VideoOS.RemoteClient.Application.Data.Offline.UnitTest.BookmarkExportReaderTest" name="BookmarkSearchTime_WithSearchStringInDifferentCases_ReturnCorrectBookmarkWithSearchStringInDescription" />
    </UnitTest>
    <UnitTest name="AddToExportTuples_ShouldReturnCorrectResult (0,1,0)" storage="d:\actions-runner\_work\xpco\xpco\sc\components\remoteviewer\smartclient\tst\zsmartclient_unittest\bin\x64\debug\net472\zsmartclient_unittest.dll" id="21153cd2-a7a5-1184-78bc-9992e32899dd">
      <TestCategory>
        <TestCategoryItem TestCategory="Managers" />
      </TestCategory>
      <Execution id="9103a0c0-da1b-4493-9589-a8890cc0e290" />
      <TestMethod codeBase="D:\actions-runner\_work\XPCO\XPCO\SC\Components\RemoteViewer\SmartClient\tst\zSmartClient_UnitTest\bin\x64\Debug\net472\zSmartClient_UnitTest.dll" adapterTypeName="executor://mstestadapter/v2" className="SmartClient_UnitTest.VideoOS.RemoteClient.Application.Managers.ExportManagerTests" name="AddToExportTuples_ShouldReturnCorrectResult" />
    </UnitTest>
    <UnitTest name="TestCreateMipTabWorkroom_workSpaceItemIsNull_FailWithArgumentNullException" storage="d:\actions-runner\_work\xpco\xpco\sc\components\remoteviewer\smartclient\tst\zsmartclient_unittest\bin\x64\debug\net472\zsmartclient_unittest.dll" id="8711fcc3-eab8-86a0-2ca3-46b7c717fdd4">
      <TestCategory>
        <TestCategoryItem TestCategory="WorkroomController" />
      </TestCategory>
      <Execution id="38f9b748-36ea-490f-989d-5a4b43e1636a" />
      <TestMethod codeBase="D:\actions-runner\_work\XPCO\XPCO\SC\Components\RemoteViewer\SmartClient\tst\zSmartClient_UnitTest\bin\x64\Debug\net472\zSmartClient_UnitTest.dll" adapterTypeName="executor://mstestadapter/v2" className="VideoOS.RemoteClient.Application.Controllers.WorkroomController.UnitTest.TabWorkroomControllerTest" name="TestCreateMipTabWorkroom_workSpaceItemIsNull_FailWithArgumentNullException" />
    </UnitTest>
    <UnitTest name="CanEditRegionSelection_ShouldBeTrue_WhenHelperAllowsMoreRegionsToBeAdded" storage="d:\actions-runner\_work\xpco\xpco\sc\components\remoteviewer\smartclient\tst\zsmartclient_unittest\bin\x64\debug\net472\zsmartclient_unittest.dll" id="ebc58dfd-14b7-49e6-e46a-09a44593433d">
      <TestCategory>
        <TestCategoryItem TestCategory="Search.Filters.ViewModels" />
      </TestCategory>
      <Execution id="893137ef-593a-4b7d-a620-18eead1ac699" />
      <TestMethod codeBase="D:\actions-runner\_work\XPCO\XPCO\SC\Components\RemoteViewer\SmartClient\tst\zSmartClient_UnitTest\bin\x64\Debug\net472\zSmartClient_UnitTest.dll" adapterTypeName="executor://mstestadapter/v2" className="SmartClient_UnitTest.VideoOS.RemoteClient.Plugin.CentralizedSearch.MIPPlugin.Criteria.ViewModels.RegionSelectionAttributeEditControlViewModelTests" name="CanEditRegionSelection_ShouldBeTrue_WhenHelperAllowsMoreRegionsToBeAdded" />
    </UnitTest>
    <UnitTest name="HandleSetLayerFeatures_ShouldRaiseArgumentException_WhenNotInputKindAndInputLayerFeatures" storage="d:\actions-runner\_work\xpco\xpco\sc\components\remoteviewer\smartclient\tst\zsmartclient_unittest\bin\x64\debug\net472\zsmartclient_unittest.dll" id="4092a02b-aad1-4cd2-975c-e2b5b68e9e4b">
      <TestCategory>
        <TestCategoryItem TestCategory="GisMapData.Handlers.LayerFeatures" />
      </TestCategory>
      <Execution id="d2643278-d59b-424e-a29f-daec7046b09d" />
      <TestMethod codeBase="D:\actions-runner\_work\XPCO\XPCO\SC\Components\RemoteViewer\SmartClient\tst\zSmartClient_UnitTest\bin\x64\Debug\net472\zSmartClient_UnitTest.dll" adapterTypeName="executor://mstestadapter/v2" className="SmartClient_UnitTest.VideoOS.RemoteClient.GisMapData.Handlers.LayerFeatures.InputLayerFeaturesHandlerTests" name="HandleSetLayerFeatures_ShouldRaiseArgumentException_WhenNotInputKindAndInputLayerFeatures" />
    </UnitTest>
    <UnitTest name="GetSearchTemplateAsync_Null_Failure" storage="d:\actions-runner\_work\xpco\xpco\sc\components\remoteviewer\smartclient\tst\zsmartclient_unittest\bin\x64\debug\net472\zsmartclient_unittest.dll" id="079450ee-9c67-b58c-8699-2a3c056c36d2">
      <TestCategory>
        <TestCategoryItem TestCategory="SearchTemplatesService" />
      </TestCategory>
      <Execution id="5d621a6d-d32a-4489-9442-93819bdaa159" />
      <TestMethod codeBase="D:\actions-runner\_work\XPCO\XPCO\SC\Components\RemoteViewer\SmartClient\tst\zSmartClient_UnitTest\bin\x64\Debug\net472\zSmartClient_UnitTest.dll" adapterTypeName="executor://mstestadapter/v2" className="SmartClient_UnitTest.VideoOS.RemoteClient.Plugin.CentralizedSearch.SearchTemplates.Service.SearchTemplateServiceTests" name="GetSearchTemplateAsync_Null_Failure" />
    </UnitTest>
    <UnitTest name="ActiveInteractionStateBinding_ShouldOnlyContainNormal_WhenCtorIsCalled" storage="d:\actions-runner\_work\xpco\xpco\sc\components\remoteviewer\smartclient\tst\zsmartclient_unittest\bin\x64\debug\net472\zsmartclient_unittest.dll" id="1c3a0b3c-9d39-e423-34b0-23113deccc9a">
      <TestCategory>
        <TestCategoryItem TestCategory="GisMap.ClusterMipItemMarker" />
      </TestCategory>
      <Execution id="6b7466af-aa38-4bb2-964c-7c57546523e1" />
      <TestMethod codeBase="D:\actions-runner\_work\XPCO\XPCO\SC\Components\RemoteViewer\SmartClient\tst\zSmartClient_UnitTest\bin\x64\Debug\net472\zSmartClient_UnitTest.dll" adapterTypeName="executor://mstestadapter/v2" className="SmartClient_UnitTest.VideoOS.RemoteClient.Plugin.GisMap.ThinkGeoMap.Markers.ClusterMipItemMarker.ClusterMipItemMarkerTests" name="ActiveInteractionStateBinding_ShouldOnlyContainNormal_WhenCtorIsCalled" />
    </UnitTest>
    <UnitTest name="Decorate_ShouldRaiseArgumentNullException_WhenWindowIsNull" storage="d:\actions-runner\_work\xpco\xpco\sc\components\remoteviewer\smartclient\tst\zsmartclient_unittest\bin\x64\debug\net472\zsmartclient_unittest.dll" id="91c02083-3eab-8cf1-1555-f235b60671d1">
      <TestCategory>
        <TestCategoryItem TestCategory="GisMap.WindowsBases" />
      </TestCategory>
      <Execution id="12f34d31-13b6-4b90-98ad-a090052034cc" />
      <TestMethod codeBase="D:\actions-runner\_work\XPCO\XPCO\SC\Components\RemoteViewer\SmartClient\tst\zSmartClient_UnitTest\bin\x64\Debug\net472\zSmartClient_UnitTest.dll" adapterTypeName="executor://mstestadapter/v2" className="SmartClient_UnitTest.VideoOS.RemoteClient.Plugin.GisMap.Windows.Bases.DragWindowDecoratorTests" name="Decorate_ShouldRaiseArgumentNullException_WhenWindowIsNull" />
    </UnitTest>
    <UnitTest name="TestLoadSave_WithUnknownMapItems_Success" storage="d:\actions-runner\_work\xpco\xpco\sc\components\remoteviewer\smartclient\tst\zsmartclient_unittest\bin\x64\debug\net472\zsmartclient_unittest.dll" id="13877fd5-e79d-3ae7-6015-10213c2263cb">
      <TestCategory>
        <TestCategoryItem TestCategory="GisMapBuilding" />
      </TestCategory>
      <Execution id="5d6ad6c7-ad8d-48a4-944c-cf7936980a91" />
      <TestMethod codeBase="D:\actions-runner\_work\XPCO\XPCO\SC\Components\RemoteViewer\SmartClient\tst\zSmartClient_UnitTest\bin\x64\Debug\net472\zSmartClient_UnitTest.dll" adapterTypeName="executor://mstestadapter/v2" className="SmartClient_UnitTest.VideoOS.RemoteClient.GisMapData.MapBuildings.MapLevelTests" name="TestLoadSave_WithUnknownMapItems_Success" />
    </UnitTest>
    <UnitTest name="SearchResultsActionBarActions_CreateEvidenceLock_InvokeCommand_Success" storage="d:\actions-runner\_work\xpco\xpco\sc\components\remoteviewer\smartclient\tst\zsmartclient_unittest\bin\x64\debug\net472\zsmartclient_unittest.dll" id="bcf60051-ecc6-b8b5-1879-3df57ae16566">
      <TestCategory>
        <TestCategoryItem TestCategory="SearchResultActionBarViewModel" />
      </TestCategory>
      <Execution id="f2792144-e6e1-4c68-8bc4-ddd05ea2b930" />
      <TestMethod codeBase="D:\actions-runner\_work\XPCO\XPCO\SC\Components\RemoteViewer\SmartClient\tst\zSmartClient_UnitTest\bin\x64\Debug\net472\zSmartClient_UnitTest.dll" adapterTypeName="executor://mstestadapter/v2" className="SmartClient_UnitTest.VideoOS.RemoteClient.Plugin.CentralizedSearch.ViewModels.SearchResultsActionBarViewModelTest" name="SearchResultsActionBarActions_CreateEvidenceLock_InvokeCommand_Success" />
    </UnitTest>
    <UnitTest name="Command_ShouldInvokeRemoveMipMapItem_WhenExecutedForSingleSelectedItem" storage="d:\actions-runner\_work\xpco\xpco\sc\components\remoteviewer\smartclient\tst\zsmartclient_unittest\bin\x64\debug\net472\zsmartclient_unittest.dll" id="2716e864-2686-b94f-0317-399f0994a985">
      <TestCategory>
        <TestCategoryItem TestCategory="GisMapMip" />
      </TestCategory>
      <Execution id="8e21e67a-baf6-4db5-ba91-02265b0de454" />
      <TestMethod codeBase="D:\actions-runner\_work\XPCO\XPCO\SC\Components\RemoteViewer\SmartClient\tst\zSmartClient_UnitTest\bin\x64\Debug\net472\zSmartClient_UnitTest.dll" adapterTypeName="executor://mstestadapter/v2" className="SmartClient_UnitTest.VideoOS.RemoteClient.Plugin.GisMap.ThinkGeoMap.ContextMenuUtils.RemoveMipItemContextMenuTests" name="Command_ShouldInvokeRemoveMipMapItem_WhenExecutedForSingleSelectedItem" />
    </UnitTest>
    <UnitTest name="ToDenormalizedDirection_0_25" storage="d:\actions-runner\_work\xpco\xpco\sc\components\remoteviewer\smartclient\tst\zsmartclient_unittest\bin\x64\debug\net472\zsmartclient_unittest.dll" id="898a040b-fc5b-2cd2-659c-46113f65fe38">
      <TestCategory>
        <TestCategoryItem TestCategory="GisMap" />
      </TestCategory>
      <Execution id="b2567177-0a07-42e8-87a0-5e75f9351a51" />
      <TestMethod codeBase="D:\actions-runner\_work\XPCO\XPCO\SC\Components\RemoteViewer\SmartClient\tst\zSmartClient_UnitTest\bin\x64\Debug\net472\zSmartClient_UnitTest.dll" adapterTypeName="executor://mstestadapter/v2" className="SmartClient_UnitTest.VideoOS.RemoteClient.GisMap.Utilities.GisUtilityTests" name="ToDenormalizedDirection_0_25" />
    </UnitTest>
    <UnitTest name="AndOrSearchDefinitionToCornerRadiusMultiConverter_CallConvert_MiddleAnd" storage="d:\actions-runner\_work\xpco\xpco\sc\components\remoteviewer\smartclient\tst\zsmartclient_unittest\bin\x64\debug\net472\zsmartclient_unittest.dll" id="ed5d2d51-b6a2-01b7-2ce0-6c8ba87417c3">
      <TestCategory>
        <TestCategoryItem TestCategory="SearchConverter" />
      </TestCategory>
      <Execution id="1c531dd1-5c92-47d9-9cdf-9080c9c446f0" />
      <TestMethod codeBase="D:\actions-runner\_work\XPCO\XPCO\SC\Components\RemoteViewer\SmartClient\tst\zSmartClient_UnitTest\bin\x64\Debug\net472\zSmartClient_UnitTest.dll" adapterTypeName="executor://mstestadapter/v2" className="SmartClient_UnitTest.VideoOS.RemoteClient.Plugin.CentralizedSearch.Views.Converters.AndOrSearchDefinitionMultiConverterTests" name="AndOrSearchDefinitionToCornerRadiusMultiConverter_CallConvert_MiddleAnd" />
    </UnitTest>
    <UnitTest name="TestCreateWorkroom_Single_Success" storage="d:\actions-runner\_work\xpco\xpco\sc\components\remoteviewer\smartclient\tst\zsmartclient_unittest\bin\x64\debug\net472\zsmartclient_unittest.dll" id="8a8e4fe8-cc44-1592-1359-5f4e8b98044b">
      <TestCategory>
        <TestCategoryItem TestCategory="WorkroomController" />
      </TestCategory>
      <Execution id="b2021410-cebf-4640-bc4c-6953072bf8bf" />
      <TestMethod codeBase="D:\actions-runner\_work\XPCO\XPCO\SC\Components\RemoteViewer\SmartClient\tst\zSmartClient_UnitTest\bin\x64\Debug\net472\zSmartClient_UnitTest.dll" adapterTypeName="executor://mstestadapter/v2" className="VideoOS.RemoteClient.Application.Controllers.WorkroomController.UnitTest.TabWorkroomControllerTest" name="TestCreateWorkroom_Single_Success" />
    </UnitTest>
    <UnitTest name="DetermineUserAllowsUnsecureConnection_WhereUserIsAskedAndUnsecureIsAllow_ShouldReturnTrue" storage="d:\actions-runner\_work\xpco\xpco\sc\components\remoteviewer\smartclient\tst\zsmartclient_unittest\bin\x64\debug\net472\zsmartclient_unittest.dll" id="8d3921c6-4c1a-b1d4-4584-3d6429a3707e">
      <Execution id="1a9ee908-99c2-498d-8a8b-e3ca57f3b2c4" />
      <TestMethod codeBase="D:\actions-runner\_work\XPCO\XPCO\SC\Components\RemoteViewer\SmartClient\tst\zSmartClient_UnitTest\bin\x64\Debug\net472\zSmartClient_UnitTest.dll" adapterTypeName="executor://mstestadapter/v2" className="VideoOS.RemoteClient.Application.Managers.UnitTest.AllowUnsecureConnectionManagerTests" name="DetermineUserAllowsUnsecureConnection_WhereUserIsAskedAndUnsecureIsAllow_ShouldReturnTrue" />
    </UnitTest>
    <UnitTest name="ValidateExportLocation_ShouldReturnFailResult_ExportPathIsInvalid (qq:\qwerty\qwerty)" storage="d:\actions-runner\_work\xpco\xpco\sc\components\remoteviewer\smartclient\tst\zsmartclient_unittest\bin\x64\debug\net472\zsmartclient_unittest.dll" id="52eb6924-d5b6-63f8-57b6-c1258325ea0d">
      <TestCategory>
        <TestCategoryItem TestCategory="Export" />
      </TestCategory>
      <Execution id="8b68f8cf-8a13-4e61-95a7-0854439cae72" />
      <TestMethod codeBase="D:\actions-runner\_work\XPCO\XPCO\SC\Components\RemoteViewer\SmartClient\tst\zSmartClient_UnitTest\bin\x64\Debug\net472\zSmartClient_UnitTest.dll" adapterTypeName="executor://mstestadapter/v2" className="SmartClient_UnitTest.VideoOS.RemoteClient.Plugin.Export.ExportDataValidatorTests" name="ValidateExportLocation_ShouldReturnFailResult_ExportPathIsInvalid" />
    </UnitTest>
    <UnitTest name="BuildMapOptions_ShouldHandleSecretStringOptionsCorrectly (GisMapBingMapKey,someText,True)" storage="d:\actions-runner\_work\xpco\xpco\sc\components\remoteviewer\smartclient\tst\zsmartclient_unittest\bin\x64\debug\net472\zsmartclient_unittest.dll" id="bc479aff-5943-50ba-916d-4ef25a516c49">
      <Execution id="e7f086af-3b47-48b4-a1f8-bd6a37920f36" />
      <TestMethod codeBase="D:\actions-runner\_work\XPCO\XPCO\SC\Components\RemoteViewer\SmartClient\tst\zSmartClient_UnitTest\bin\x64\Debug\net472\zSmartClient_UnitTest.dll" adapterTypeName="executor://mstestadapter/v2" className="SmartClient_UnitTest.VideoOS.RemoteClient.Application.Common.Telemetry.TelemetryBuilderTests" name="BuildMapOptions_ShouldHandleSecretStringOptionsCorrectly" />
    </UnitTest>
    <UnitTest name="NavigateAndSelectAsync_NotCameraKind_ReturnsFalse" storage="d:\actions-runner\_work\xpco\xpco\sc\components\remoteviewer\smartclient\tst\zsmartclient_unittest\bin\x64\debug\net472\zsmartclient_unittest.dll" id="272037c0-f590-39e8-9884-c04de913150c">
      <TestCategory>
        <TestCategoryItem TestCategory="GisMap.GisMapViewFacade" />
      </TestCategory>
      <Execution id="1f0932a4-33d2-48dc-9f69-b8254badd010" />
      <TestMethod codeBase="D:\actions-runner\_work\XPCO\XPCO\SC\Components\RemoteViewer\SmartClient\tst\zSmartClient_UnitTest\bin\x64\Debug\net472\zSmartClient_UnitTest.dll" adapterTypeName="executor://mstestadapter/v2" className="SmartClient_UnitTest.VideoOS.RemoteClient.Plugin.GisMap.IoC.GisMapViewFacadeTests" name="NavigateAndSelectAsync_NotCameraKind_ReturnsFalse" />
    </UnitTest>
    <UnitTest name="DeleteLevel2Of12_Success" storage="d:\actions-runner\_work\xpco\xpco\sc\components\remoteviewer\smartclient\tst\zsmartclient_unittest\bin\x64\debug\net472\zsmartclient_unittest.dll" id="dc0d2b36-aa1d-1594-0d6a-cf1fe6649772">
      <TestCategory>
        <TestCategoryItem TestCategory="GisMapBuilding" />
      </TestCategory>
      <Execution id="db496f39-0bed-4a08-a27e-b8e9232519b7" />
      <TestMethod codeBase="D:\actions-runner\_work\XPCO\XPCO\SC\Components\RemoteViewer\SmartClient\tst\zSmartClient_UnitTest\bin\x64\Debug\net472\zSmartClient_UnitTest.dll" adapterTypeName="executor://mstestadapter/v2" className="SmartClient_UnitTest.VideoOS.RemoteClient.GisMapData.MapBuildings.MapLevelTests" name="DeleteLevel2Of12_Success" />
    </UnitTest>
    <UnitTest name="ValidateExportFormats_VideoClipFormat_ShouldValidate" storage="d:\actions-runner\_work\xpco\xpco\sc\components\remoteviewer\smartclient\tst\zsmartclient_unittest\bin\x64\debug\net472\zsmartclient_unittest.dll" id="92df0312-a314-f2ad-872b-182bbef5a446">
      <TestCategory>
        <TestCategoryItem TestCategory="Export" />
      </TestCategory>
      <Execution id="624b8482-2cc4-4e51-9283-acf6d3b17cc6" />
      <TestMethod codeBase="D:\actions-runner\_work\XPCO\XPCO\SC\Components\RemoteViewer\SmartClient\tst\zSmartClient_UnitTest\bin\x64\Debug\net472\zSmartClient_UnitTest.dll" adapterTypeName="executor://mstestadapter/v2" className="SmartClient_UnitTest.VideoOS.RemoteClient.Plugin.Export.ExportDataValidatorTests" name="ValidateExportFormats_VideoClipFormat_ShouldValidate" />
    </UnitTest>
    <UnitTest name="RemoveSelectedCameraCommand_CameraInList_OnlySelectedCameraRemoved" storage="d:\actions-runner\_work\xpco\xpco\sc\components\remoteviewer\smartclient\tst\zsmartclient_unittest\bin\x64\debug\net472\zsmartclient_unittest.dll" id="7d3b3df9-6c4c-813c-3fe6-820682e70bdf">
      <TestCategory>
        <TestCategoryItem TestCategory="SearchViewModels" />
      </TestCategory>
      <Execution id="bc7e8bb5-e716-4739-918d-c94a61d805b0" />
      <TestMethod codeBase="D:\actions-runner\_work\XPCO\XPCO\SC\Components\RemoteViewer\SmartClient\tst\zSmartClient_UnitTest\bin\x64\Debug\net472\zSmartClient_UnitTest.dll" adapterTypeName="executor://mstestadapter/v2" className="SmartClient_UnitTest.VideoOS.RemoteClient.Plugin.CentralizedSearch.ViewModels.SearchViewModelTests" name="RemoveSelectedCameraCommand_CameraInList_OnlySelectedCameraRemoved" />
    </UnitTest>
    <UnitTest name="Toolbar_IsVisible_WhenNotInLiveOrPlayback_ButCanShowSidePane" storage="d:\actions-runner\_work\xpco\xpco\sc\components\remoteviewer\smartclient\tst\zsmartclient_unittest\bin\x64\debug\net472\zsmartclient_unittest.dll" id="cc482776-e68c-2c6f-b7ea-c8334df0cc99">
      <TestCategory>
        <TestCategoryItem TestCategory="WorkspaceToolbar" />
      </TestCategory>
      <Execution id="b03240d0-c595-4688-9867-8bf6d3756a85" />
      <TestMethod codeBase="D:\actions-runner\_work\XPCO\XPCO\SC\Components\RemoteViewer\SmartClient\tst\zSmartClient_UnitTest\bin\x64\Debug\net472\zSmartClient_UnitTest.dll" adapterTypeName="executor://mstestadapter/v2" className="SmartClient_UnitTest.VideoOS.RemoteClient.Application.UI.Content.WorkspaceToolbar.WorkspaceToolbarViewModelTests" name="Toolbar_IsVisible_WhenNotInLiveOrPlayback_ButCanShowSidePane" />
    </UnitTest>
    <UnitTest name="SearchResultsActionBarActions_AddBookmark_NotEnabled" storage="d:\actions-runner\_work\xpco\xpco\sc\components\remoteviewer\smartclient\tst\zsmartclient_unittest\bin\x64\debug\net472\zsmartclient_unittest.dll" id="89439a20-c712-15bd-9c46-c5709b4b0f9d">
      <TestCategory>
        <TestCategoryItem TestCategory="SearchResultActionBarViewModel" />
      </TestCategory>
      <Execution id="ded8ba49-ec6a-4343-81ad-f0f39b582201" />
      <TestMethod codeBase="D:\actions-runner\_work\XPCO\XPCO\SC\Components\RemoteViewer\SmartClient\tst\zSmartClient_UnitTest\bin\x64\Debug\net472\zSmartClient_UnitTest.dll" adapterTypeName="executor://mstestadapter/v2" className="SmartClient_UnitTest.VideoOS.RemoteClient.Plugin.CentralizedSearch.ViewModels.SearchResultsActionBarViewModelTest" name="SearchResultsActionBarActions_AddBookmark_NotEnabled" />
    </UnitTest>
    <UnitTest name="GetDuration_OneDay_Success" storage="d:\actions-runner\_work\xpco\xpco\sc\components\remoteviewer\smartclient\tst\zsmartclient_unittest\bin\x64\debug\net472\zsmartclient_unittest.dll" id="131a26fa-18ee-ab45-1c25-e4348e5f16b7">
      <TestCategory>
        <TestCategoryItem TestCategory="Search" />
      </TestCategory>
      <Execution id="3a695bed-cb58-4f3b-9db7-d2414eddf5b7" />
      <TestMethod codeBase="D:\actions-runner\_work\XPCO\XPCO\SC\Components\RemoteViewer\SmartClient\tst\zSmartClient_UnitTest\bin\x64\Debug\net472\zSmartClient_UnitTest.dll" adapterTypeName="executor://mstestadapter/v2" className="SmartClient_UnitTest.VideoOS.RemoteClient.Plugin.CentralizedSearch.ViewModels.Data.TimeScopeTests" name="GetDuration_OneDay_Success" />
    </UnitTest>
    <UnitTest name="SearchResultsActionBarActions_MipAction_Exists" storage="d:\actions-runner\_work\xpco\xpco\sc\components\remoteviewer\smartclient\tst\zsmartclient_unittest\bin\x64\debug\net472\zsmartclient_unittest.dll" id="c28e213e-317a-4527-5d0b-e1f50d0ea576">
      <TestCategory>
        <TestCategoryItem TestCategory="SearchResultActionBarViewModel" />
      </TestCategory>
      <Execution id="a709551c-de0c-4e56-9387-30ab8c3706f8" />
      <TestMethod codeBase="D:\actions-runner\_work\XPCO\XPCO\SC\Components\RemoteViewer\SmartClient\tst\zSmartClient_UnitTest\bin\x64\Debug\net472\zSmartClient_UnitTest.dll" adapterTypeName="executor://mstestadapter/v2" className="SmartClient_UnitTest.VideoOS.RemoteClient.Plugin.CentralizedSearch.ViewModels.SearchResultsActionBarViewModelTest" name="SearchResultsActionBarActions_MipAction_Exists" />
    </UnitTest>
    <UnitTest name="ResultCountText_NoResults_Success" storage="d:\actions-runner\_work\xpco\xpco\sc\components\remoteviewer\smartclient\tst\zsmartclient_unittest\bin\x64\debug\net472\zsmartclient_unittest.dll" id="f982a6b2-b7fa-97b9-3ee1-04eced2a82e8">
      <TestCategory>
        <TestCategoryItem TestCategory="SearchResultViewModels" />
      </TestCategory>
      <Execution id="88f3d321-f2f1-4239-b5c4-28f79dc5582e" />
      <TestMethod codeBase="D:\actions-runner\_work\XPCO\XPCO\SC\Components\RemoteViewer\SmartClient\tst\zSmartClient_UnitTest\bin\x64\Debug\net472\zSmartClient_UnitTest.dll" adapterTypeName="executor://mstestadapter/v2" className="SmartClient_UnitTest.VideoOS.RemoteClient.Plugin.CentralizedSearch.ViewModels.SearchResultsViewModelTest" name="ResultCountText_NoResults_Success" />
    </UnitTest>
    <UnitTest name="AddSelectedWindowsToExport_ShouldAddToExportData (1)" storage="d:\actions-runner\_work\xpco\xpco\sc\components\remoteviewer\smartclient\tst\zsmartclient_unittest\bin\x64\debug\net472\zsmartclient_unittest.dll" id="663c2ea1-d59f-cd44-9dca-0512735453ca">
      <TestCategory>
        <TestCategoryItem TestCategory="Managers" />
      </TestCategory>
      <Execution id="56d8e93c-632e-4aff-9f94-96d95ec260b4" />
      <TestMethod codeBase="D:\actions-runner\_work\XPCO\XPCO\SC\Components\RemoteViewer\SmartClient\tst\zSmartClient_UnitTest\bin\x64\Debug\net472\zSmartClient_UnitTest.dll" adapterTypeName="executor://mstestadapter/v2" className="SmartClient_UnitTest.VideoOS.RemoteClient.Application.Managers.ExportManagerTests" name="AddSelectedWindowsToExport_ShouldAddToExportData" />
    </UnitTest>
    <UnitTest name="Deserialize_ShouldReturnCombineTypeOr_WhenCombineTypeIsOrInXml" storage="d:\actions-runner\_work\xpco\xpco\sc\components\remoteviewer\smartclient\tst\zsmartclient_unittest\bin\x64\debug\net472\zsmartclient_unittest.dll" id="9b69c053-abc5-671a-966c-e8011ea8926f">
      <TestCategory>
        <TestCategoryItem TestCategory="SearchModels" />
      </TestCategory>
      <Execution id="cf4965b5-a060-4ca0-9593-f8235383f33b" />
      <TestMethod codeBase="D:\actions-runner\_work\XPCO\XPCO\SC\Components\RemoteViewer\SmartClient\tst\zSmartClient_UnitTest\bin\x64\Debug\net472\zSmartClient_UnitTest.dll" adapterTypeName="executor://mstestadapter/v2" className="SmartClient_UnitTest.VideoOS.RemoteClient.Plugin.CentralizedSearch.Models.SearchModelTests" name="Deserialize_ShouldReturnCombineTypeOr_WhenCombineTypeIsOrInXml" />
    </UnitTest>
    <UnitTest name="GetServerTiles_ShouldReturnCorrectServerTilesWithSingleServerTest" storage="d:\actions-runner\_work\xpco\xpco\sc\components\remoteviewer\smartclient\tst\zsmartclient_unittest\bin\x64\debug\net472\zsmartclient_unittest.dll" id="73bd23e6-7d5d-17da-f712-c442eb016e35">
      <Execution id="a1478383-d906-4ebe-bcb8-5209636f9544" />
      <TestMethod codeBase="D:\actions-runner\_work\XPCO\XPCO\SC\Components\RemoteViewer\SmartClient\tst\zSmartClient_UnitTest\bin\x64\Debug\net472\zSmartClient_UnitTest.dll" adapterTypeName="executor://mstestadapter/v2" className="SmartClient_UnitTest.VideoOS.RemoteClient.Application.Data.ContentTypes.ReportingContentType.DashboardTileProviderTest" name="GetServerTiles_ShouldReturnCorrectServerTilesWithSingleServerTest" />
    </UnitTest>
    <UnitTest name="CallingAction_Activates_WorkSpaceToolbarPluginInstance_WhenToolbarPluginTypeIsAction" storage="d:\actions-runner\_work\xpco\xpco\sc\components\remoteviewer\smartclient\tst\zsmartclient_unittest\bin\x64\debug\net472\zsmartclient_unittest.dll" id="fe6f2295-84a6-bdea-0225-d326e31ab62b">
      <TestCategory>
        <TestCategoryItem TestCategory="WorkspaceToolbar" />
      </TestCategory>
      <Execution id="0610b2c3-9394-4e96-a8a8-c0394bcd4a68" />
      <TestMethod codeBase="D:\actions-runner\_work\XPCO\XPCO\SC\Components\RemoteViewer\SmartClient\tst\zSmartClient_UnitTest\bin\x64\Debug\net472\zSmartClient_UnitTest.dll" adapterTypeName="executor://mstestadapter/v2" className="SmartClient_UnitTest.VideoOS.RemoteClient.Application.Data.WorkspaceToolbar.WorkspaceToolbarItemMipPluginTests" name="CallingAction_Activates_WorkSpaceToolbarPluginInstance_WhenToolbarPluginTypeIsAction" />
    </UnitTest>
    <UnitTest name="Path enabled, forced" storage="d:\actions-runner\_work\xpco\xpco\sc\components\remoteviewer\smartclient\tst\zsmartclient_unittest\bin\x64\debug\net472\zsmartclient_unittest.dll" id="22a59367-a811-ccdf-0b6a-1dbe692127f9">
      <TestCategory>
        <TestCategoryItem TestCategory="Export" />
      </TestCategory>
      <Execution id="6bd77da7-5460-445b-a659-a54db3468aec" />
      <TestMethod codeBase="D:\actions-runner\_work\XPCO\XPCO\SC\Components\RemoteViewer\SmartClient\tst\zSmartClient_UnitTest\bin\x64\Debug\net472\zSmartClient_UnitTest.dll" adapterTypeName="executor://mstestadapter/v2" className="SmartClient_UnitTest.VideoOS.RemoteClient.Plugin.Export.CreateExportDialogViewModelTests" name="CreateExportDialog_ExportDestinationPreSelected_BasedOnOptions" />
    </UnitTest>
    <UnitTest name="CameraMapItem_AddMapItemsAsync_ShouldSetCameraLayerVisible_IfNotVisibleWhenAddingCamera" storage="d:\actions-runner\_work\xpco\xpco\sc\components\remoteviewer\smartclient\tst\zsmartclient_unittest\bin\x64\debug\net472\zsmartclient_unittest.dll" id="5fe6e33e-4c74-05bc-98e6-058910f0ab96">
      <TestCategory>
        <TestCategoryItem TestCategory="GisMapMapItem" />
      </TestCategory>
      <Execution id="ab5b0b00-e7a2-46a9-a7fd-1d54dc918485" />
      <TestMethod codeBase="D:\actions-runner\_work\XPCO\XPCO\SC\Components\RemoteViewer\SmartClient\tst\zSmartClient_UnitTest\bin\x64\Debug\net472\zSmartClient_UnitTest.dll" adapterTypeName="executor://mstestadapter/v2" className="SmartClient_UnitTest.VideoOS.RemoteClient.GisMap.MapItem.MapItemTests" name="CameraMapItem_AddMapItemsAsync_ShouldSetCameraLayerVisible_IfNotVisibleWhenAddingCamera" />
    </UnitTest>
    <UnitTest name="Both enabled, not forced" storage="d:\actions-runner\_work\xpco\xpco\sc\components\remoteviewer\smartclient\tst\zsmartclient_unittest\bin\x64\debug\net472\zsmartclient_unittest.dll" id="e379db59-aec0-b3e4-c211-4083a6fbfae8">
      <TestCategory>
        <TestCategoryItem TestCategory="Export" />
      </TestCategory>
      <Execution id="6c686520-386f-479b-aa27-a37f6e7131a8" />
      <TestMethod codeBase="D:\actions-runner\_work\XPCO\XPCO\SC\Components\RemoteViewer\SmartClient\tst\zSmartClient_UnitTest\bin\x64\Debug\net472\zSmartClient_UnitTest.dll" adapterTypeName="executor://mstestadapter/v2" className="SmartClient_UnitTest.VideoOS.RemoteClient.Plugin.Export.CreateExportDialogViewModelTests" name="CreateExportDialog_ExportDestinationSelectionEnabled_BasedOnOptions" />
    </UnitTest>
    <UnitTest name="SearchResultDetailsView_EscapeKey_AnimationEnabled_DetailsViewRemovedFromMainGrid" storage="d:\actions-runner\_work\xpco\xpco\sc\components\remoteviewer\smartclient\tst\zsmartclient_unittest\bin\x64\debug\net472\zsmartclient_unittest.dll" id="0f2fab4c-9ed0-8156-9134-b17ff014dc4a">
      <TestCategory>
        <TestCategoryItem TestCategory="SearchViews" />
      </TestCategory>
      <Execution id="a8a966db-4cc5-4250-b710-c83b84beede4" />
      <TestMethod codeBase="D:\actions-runner\_work\XPCO\XPCO\SC\Components\RemoteViewer\SmartClient\tst\zSmartClient_UnitTest\bin\x64\Debug\net472\zSmartClient_UnitTest.dll" adapterTypeName="executor://mstestadapter/v2" className="SmartClient_UnitTest.VideoOS.RemoteClient.Plugin.CentralizedSearch.Views.SearchResultsViewTests" name="SearchResultDetailsView_EscapeKey_AnimationEnabled_DetailsViewRemovedFromMainGrid" />
    </UnitTest>
    <UnitTest name="Close_MainController_Success" storage="d:\actions-runner\_work\xpco\xpco\sc\components\remoteviewer\smartclient\tst\zsmartclient_unittest\bin\x64\debug\net472\zsmartclient_unittest.dll" id="19ae25b4-0231-fc97-1b8f-0232f3086906">
      <TestCategory>
        <TestCategoryItem TestCategory="Search" />
      </TestCategory>
      <Execution id="ac42526c-3539-4016-b317-3f97db66ff5c" />
      <TestMethod codeBase="D:\actions-runner\_work\XPCO\XPCO\SC\Components\RemoteViewer\SmartClient\tst\zSmartClient_UnitTest\bin\x64\Debug\net472\zSmartClient_UnitTest.dll" adapterTypeName="executor://mstestadapter/v2" className="SmartClient_UnitTest.VideoOS.RemoteClient.Plugin.CentralizedSearch.CentralizedSearchContentHolderTests" name="Close_MainController_Success" />
    </UnitTest>
    <UnitTest name="SelectTemplate_UseInlineEditTrue_ReturnsInlineTemplate" storage="d:\actions-runner\_work\xpco\xpco\sc\components\remoteviewer\smartclient\tst\zsmartclient_unittest\bin\x64\debug\net472\zsmartclient_unittest.dll" id="04c83cca-8782-2962-eccb-1c1b5d4d8166">
      <TestCategory>
        <TestCategoryItem TestCategory="SearchViews" />
      </TestCategory>
      <Execution id="8b7183c6-d966-4f72-9a83-7813766759a3" />
      <TestMethod codeBase="D:\actions-runner\_work\XPCO\XPCO\SC\Components\RemoteViewer\SmartClient\tst\zSmartClient_UnitTest\bin\x64\Debug\net472\zSmartClient_UnitTest.dll" adapterTypeName="executor://mstestadapter/v2" className="SmartClient_UnitTest.VideoOS.RemoteClient.Plugin.CentralizedSearch.Views.AttributeEditControlTemplateSelectorTests" name="SelectTemplate_UseInlineEditTrue_ReturnsInlineTemplate" />
    </UnitTest>
    <UnitTest name="ObjectToEnabledConverter_Convert_Success" storage="d:\actions-runner\_work\xpco\xpco\sc\components\remoteviewer\smartclient\tst\zsmartclient_unittest\bin\x64\debug\net472\zsmartclient_unittest.dll" id="19f414fb-e29e-e53a-f5c0-dddd8004a79d">
      <Execution id="1622ae50-2522-403c-b9a2-3896e2cf283a" />
      <TestMethod codeBase="D:\actions-runner\_work\XPCO\XPCO\SC\Components\RemoteViewer\SmartClient\tst\zSmartClient_UnitTest\bin\x64\Debug\net472\zSmartClient_UnitTest.dll" adapterTypeName="executor://mstestadapter/v2" className="SmartClient_UnitTest.VideoOS.RemoteClient.Application.UI.PtzPreset.PatrollingConverters.ObjectToEnabledConverterTest" name="ObjectToEnabledConverter_Convert_Success" />
    </UnitTest>
    <UnitTest name="GetSKU_ShouldReturnCorrectSKU" storage="d:\actions-runner\_work\xpco\xpco\sc\components\remoteviewer\smartclient\tst\zsmartclient_unittest\bin\x64\debug\net472\zsmartclient_unittest.dll" id="7249d529-4797-4846-66f9-a36e8ab1d5c8">
      <Execution id="0ce9f6cd-1fb0-4a5b-abfb-9d34418230e2" />
      <TestMethod codeBase="D:\actions-runner\_work\XPCO\XPCO\SC\Components\RemoteViewer\SmartClient\tst\zSmartClient_UnitTest\bin\x64\Debug\net472\zSmartClient_UnitTest.dll" adapterTypeName="executor://mstestadapter/v2" className="SmartClient_UnitTest.VideoOS.RemoteClient.Application.Common.Telemetry.SCTelemetrySpecificsTests" name="GetSKU_ShouldReturnCorrectSKU" />
    </UnitTest>
    <UnitTest name="SearchResultsActionBarActions_DeleteBookmark_SingleResult_DeleteBookmarkInvoked" storage="d:\actions-runner\_work\xpco\xpco\sc\components\remoteviewer\smartclient\tst\zsmartclient_unittest\bin\x64\debug\net472\zsmartclient_unittest.dll" id="311fde88-c34a-c749-87ef-d691bdbb01e5">
      <TestCategory>
        <TestCategoryItem TestCategory="Search.Bookmarks" />
      </TestCategory>
      <Execution id="6655fa47-71d7-4c2d-82dd-18cde51f8f77" />
      <TestMethod codeBase="D:\actions-runner\_work\XPCO\XPCO\SC\Components\RemoteViewer\SmartClient\tst\zSmartClient_UnitTest\bin\x64\Debug\net472\zSmartClient_UnitTest.dll" adapterTypeName="executor://mstestadapter/v2" className="SmartClient_UnitTest.VideoOS.RemoteClient.Plugin.CentralizedSearch.ViewModels.SearchResultsActionBarViewModelTest" name="SearchResultsActionBarActions_DeleteBookmark_SingleResult_DeleteBookmarkInvoked" />
    </UnitTest>
    <UnitTest name="Instance_ShouldBeSingleton_WhenCalled" storage="d:\actions-runner\_work\xpco\xpco\sc\components\remoteviewer\smartclient\tst\zsmartclient_unittest\bin\x64\debug\net472\zsmartclient_unittest.dll" id="cd58fbcf-a8ec-7be0-672d-3675d644b67c">
      <TestCategory>
        <TestCategoryItem TestCategory="GisMapData.OutputOemResourcesProviderTests" />
      </TestCategory>
      <Execution id="c689adaf-4d4b-4364-aca2-45952d0cdcbd" />
      <TestMethod codeBase="D:\actions-runner\_work\XPCO\XPCO\SC\Components\RemoteViewer\SmartClient\tst\zSmartClient_UnitTest\bin\x64\Debug\net472\zSmartClient_UnitTest.dll" adapterTypeName="executor://mstestadapter/v2" className="SmartClient_UnitTest.VideoOS.RemoteClient.GisMapData.Resources.OutputOemResourcesProviderTests" name="Instance_ShouldBeSingleton_WhenCalled" />
    </UnitTest>
    <UnitTest name="DeactivatedOutputIconsId_ShouldReturnDeactivatedIconsInAProperOrder_WhenCalled" storage="d:\actions-runner\_work\xpco\xpco\sc\components\remoteviewer\smartclient\tst\zsmartclient_unittest\bin\x64\debug\net472\zsmartclient_unittest.dll" id="04187fa0-5851-9668-dfce-6611bb5be8f1">
      <TestCategory>
        <TestCategoryItem TestCategory="GisMapData.OutputOemResourcesProviderTests" />
      </TestCategory>
      <Execution id="62f0b590-b265-4f12-a4d3-4a1e1a7ce0bd" />
      <TestMethod codeBase="D:\actions-runner\_work\XPCO\XPCO\SC\Components\RemoteViewer\SmartClient\tst\zSmartClient_UnitTest\bin\x64\Debug\net472\zSmartClient_UnitTest.dll" adapterTypeName="executor://mstestadapter/v2" className="SmartClient_UnitTest.VideoOS.RemoteClient.GisMapData.Resources.OutputOemResourcesProviderTests" name="DeactivatedOutputIconsId_ShouldReturnDeactivatedIconsInAProperOrder_WhenCalled" />
    </UnitTest>
    <UnitTest name="TestConstructor_MultipleGenerations_Success" storage="d:\actions-runner\_work\xpco\xpco\sc\components\remoteviewer\smartclient\tst\zsmartclient_unittest\bin\x64\debug\net472\zsmartclient_unittest.dll" id="f82ee61b-ae97-d19b-9f9c-9b68d981c021">
      <Execution id="deaa2f7a-f130-47c2-b324-993966e2277a" />
      <TestMethod codeBase="D:\actions-runner\_work\XPCO\XPCO\SC\Components\RemoteViewer\SmartClient\tst\zSmartClient_UnitTest\bin\x64\Debug\net472\zSmartClient_UnitTest.dll" adapterTypeName="executor://mstestadapter/v2" className="SmartClient_UnitTest.VideoOS.RemoteClient.GisMapData.Common.GisMapServerCapabilitiesTest" name="TestConstructor_MultipleGenerations_Success" />
    </UnitTest>
    <UnitTest name="SmartMapGoToPositionHandler_WhenLatitudeIsInvalid_ShouldWriteToLog" storage="d:\actions-runner\_work\xpco\xpco\sc\components\remoteviewer\smartclient\tst\zsmartclient_unittest\bin\x64\debug\net472\zsmartclient_unittest.dll" id="bebeb62d-71fa-2720-42c0-f4320951d2ce">
      <Execution id="9f7e1a4b-e1ca-4588-a1b3-14888191ded3" />
      <TestMethod codeBase="D:\actions-runner\_work\XPCO\XPCO\SC\Components\RemoteViewer\SmartClient\tst\zSmartClient_UnitTest\bin\x64\Debug\net472\zSmartClient_UnitTest.dll" adapterTypeName="executor://mstestadapter/v2" className="SmartClient_UnitTest.VideoOS.RemoteClient.Plugin.GisMap.MIP.ContentHolderMipMessageManagerTests" name="SmartMapGoToPositionHandler_WhenLatitudeIsInvalid_ShouldWriteToLog" />
    </UnitTest>
    <UnitTest name="Retrieve_Success" storage="d:\actions-runner\_work\xpco\xpco\sc\components\remoteviewer\smartclient\tst\zsmartclient_unittest\bin\x64\debug\net472\zsmartclient_unittest.dll" id="c845158a-13c6-a74d-17c8-bb3ff5beabf6">
      <TestCategory>
        <TestCategoryItem TestCategory="MipItemsRetriever" />
      </TestCategory>
      <Execution id="b54178de-26e0-42a3-8725-11426596d38c" />
      <TestMethod codeBase="D:\actions-runner\_work\XPCO\XPCO\SC\Components\RemoteViewer\SmartClient\tst\zSmartClient_UnitTest\bin\x64\Debug\net472\zSmartClient_UnitTest.dll" adapterTypeName="executor://mstestadapter/v2" className="SmartClient_UnitTest.VideoOS.RemoteClient.Plugin.GisMap.MIP.MipItemActionsCommunicatorTests" name="Retrieve_Success" />
    </UnitTest>
    <UnitTest name="SearchModelOnSearchResultsExpired_OnUiThread_Success" storage="d:\actions-runner\_work\xpco\xpco\sc\components\remoteviewer\smartclient\tst\zsmartclient_unittest\bin\x64\debug\net472\zsmartclient_unittest.dll" id="8427d757-e615-3911-b8e1-c6a9d939c66c">
      <TestCategory>
        <TestCategoryItem TestCategory="SearchViewModels" />
      </TestCategory>
      <Execution id="c0c89f02-25e4-4c48-89a9-d14f048a5bdd" />
      <TestMethod codeBase="D:\actions-runner\_work\XPCO\XPCO\SC\Components\RemoteViewer\SmartClient\tst\zSmartClient_UnitTest\bin\x64\Debug\net472\zSmartClient_UnitTest.dll" adapterTypeName="executor://mstestadapter/v2" className="SmartClient_UnitTest.VideoOS.RemoteClient.Plugin.CentralizedSearch.ViewModels.SearchViewModelTests" name="SearchModelOnSearchResultsExpired_OnUiThread_Success" />
    </UnitTest>
    <UnitTest name="IconResourceKey_ShouldBeValid_WhenInteractionStateIsAddOutput" storage="d:\actions-runner\_work\xpco\xpco\sc\components\remoteviewer\smartclient\tst\zsmartclient_unittest\bin\x64\debug\net472\zsmartclient_unittest.dll" id="284b6dde-d469-e7b6-918d-53acf8f9cd77">
      <TestCategory>
        <TestCategoryItem TestCategory="GisMap.UI.DeviceSelectors.PanelComponents" />
      </TestCategory>
      <Execution id="396bd578-0276-4983-80dc-a77d63b80af5" />
      <TestMethod codeBase="D:\actions-runner\_work\XPCO\XPCO\SC\Components\RemoteViewer\SmartClient\tst\zSmartClient_UnitTest\bin\x64\Debug\net472\zSmartClient_UnitTest.dll" adapterTypeName="executor://mstestadapter/v2" className="SmartClient_UnitTest.VideoOS.RemoteClient.Plugin.GisMap.UI.DeviceSelectors.PanelComponents.DeviceSelectorPanelComponentTests" name="IconResourceKey_ShouldBeValid_WhenInteractionStateIsAddOutput" />
    </UnitTest>
    <UnitTest name="SearchResultsActionBarActions_MipActionSupportsSelectedSearchResult_ActionEnabled" storage="d:\actions-runner\_work\xpco\xpco\sc\components\remoteviewer\smartclient\tst\zsmartclient_unittest\bin\x64\debug\net472\zsmartclient_unittest.dll" id="3e265c80-d18d-ffa2-733c-86a2e1bcbc61">
      <TestCategory>
        <TestCategoryItem TestCategory="SearchResultActionBarViewModel" />
      </TestCategory>
      <Execution id="bf5b29ac-9417-40b0-a09c-719d07178cf5" />
      <TestMethod codeBase="D:\actions-runner\_work\XPCO\XPCO\SC\Components\RemoteViewer\SmartClient\tst\zSmartClient_UnitTest\bin\x64\Debug\net472\zSmartClient_UnitTest.dll" adapterTypeName="executor://mstestadapter/v2" className="SmartClient_UnitTest.VideoOS.RemoteClient.Plugin.CentralizedSearch.ViewModels.SearchResultsActionBarViewModelTest" name="SearchResultsActionBarActions_MipActionSupportsSelectedSearchResult_ActionEnabled" />
    </UnitTest>
    <UnitTest name="TestUpdateState_InSetup" storage="d:\actions-runner\_work\xpco\xpco\sc\components\remoteviewer\smartclient\tst\zsmartclient_unittest\bin\x64\debug\net472\zsmartclient_unittest.dll" id="4ac872cb-6eae-9e1a-7612-37a387bb363b">
      <TestCategory>
        <TestCategoryItem TestCategory="WorkspaceToolbar" />
      </TestCategory>
      <Execution id="65555b4e-241c-4fff-9075-8a001db7599c" />
      <TestMethod codeBase="D:\actions-runner\_work\XPCO\XPCO\SC\Components\RemoteViewer\SmartClient\tst\zSmartClient_UnitTest\bin\x64\Debug\net472\zSmartClient_UnitTest.dll" adapterTypeName="executor://mstestadapter/v2" className="SmartClient_UnitTest.VideoOS.RemoteClient.Application.Data.WorkspaceToolbar.WorkspaceToolbarItemSmartSearchTests" name="TestUpdateState_InSetup" />
    </UnitTest>
    <UnitTest name="ConvertBack_Throws" storage="d:\actions-runner\_work\xpco\xpco\sc\components\remoteviewer\smartclient\tst\zsmartclient_unittest\bin\x64\debug\net472\zsmartclient_unittest.dll" id="0d68917f-e0c8-8b03-5d02-6e8d6b862245">
      <TestCategory>
        <TestCategoryItem TestCategory="SearchConverter" />
      </TestCategory>
      <Execution id="6aba0fc4-8bec-4e4d-bf4f-8f1f81e95712" />
      <TestMethod codeBase="D:\actions-runner\_work\XPCO\XPCO\SC\Components\RemoteViewer\SmartClient\tst\zSmartClient_UnitTest\bin\x64\Debug\net472\zSmartClient_UnitTest.dll" adapterTypeName="executor://mstestadapter/v2" className="SmartClient_UnitTest.VideoOS.RemoteClient.Plugin.CentralizedSearch.Views.Converters.NoCriteriaSelectedGridVisibilityConverterTests" name="ConvertBack_Throws" />
    </UnitTest>
    <UnitTest name="RightButtonDown_DoubleClick_ZoomsOut" storage="d:\actions-runner\_work\xpco\xpco\sc\components\remoteviewer\smartclient\tst\zsmartclient_unittest\bin\x64\debug\net472\zsmartclient_unittest.dll" id="de275d14-569b-3727-dc66-e87b528f415d">
      <TestCategory>
        <TestCategoryItem TestCategory="GisMap.MapControl" />
      </TestCategory>
      <Execution id="44be0561-1328-47d7-9aa7-ff2cf164cca3" />
      <TestMethod codeBase="D:\actions-runner\_work\XPCO\XPCO\SC\Components\RemoteViewer\SmartClient\tst\zSmartClient_UnitTest\bin\x64\Debug\net472\zSmartClient_UnitTest.dll" adapterTypeName="executor://mstestadapter/v2" className="SmartClient_UnitTest.VideoOS.RemoteClient.Plugin.GisMap.ThinkGeoMap.ThinkGeoMapControlTests" name="RightButtonDown_DoubleClick_ZoomsOut" />
    </UnitTest>
    <UnitTest name="GetGisMapLayerFlyoutName_ShouldRaiseArgumentNullException_WhenOptionManagerIsNull" storage="d:\actions-runner\_work\xpco\xpco\sc\components\remoteviewer\smartclient\tst\zsmartclient_unittest\bin\x64\debug\net472\zsmartclient_unittest.dll" id="52501ffb-ac7e-ad78-d1e0-6621a5b53480">
      <TestCategory>
        <TestCategoryItem TestCategory="GisMapData.Controllers.Osm" />
      </TestCategory>
      <Execution id="83b971be-22d5-4255-81df-b9d18965779b" />
      <TestMethod codeBase="D:\actions-runner\_work\XPCO\XPCO\SC\Components\RemoteViewer\SmartClient\tst\zSmartClient_UnitTest\bin\x64\Debug\net472\zSmartClient_UnitTest.dll" adapterTypeName="executor://mstestadapter/v2" className="SmartClient_UnitTest.VideoOS.RemoteClient.GisMapData.Controllers.Osm.GisMapOsmControllerTests" name="GetGisMapLayerFlyoutName_ShouldRaiseArgumentNullException_WhenOptionManagerIsNull" />
    </UnitTest>
    <UnitTest name="Update_Retention_Times_Cannot_Be_Before_1900" storage="d:\actions-runner\_work\xpco\xpco\sc\components\remoteviewer\smartclient\tst\zsmartclient_unittest\bin\x64\debug\net472\zsmartclient_unittest.dll" id="cb294e8a-66b3-92e4-9b3b-b2ff0e864477">
      <Execution id="5d2b3680-9875-403a-9d65-ecdebb821317" />
      <TestMethod codeBase="D:\actions-runner\_work\XPCO\XPCO\SC\Components\RemoteViewer\SmartClient\tst\zSmartClient_UnitTest\bin\x64\Debug\net472\zSmartClient_UnitTest.dll" adapterTypeName="executor://mstestadapter/v2" className="SmartClient_UnitTest.VideoOS.RemoteClient.Application.Components.EvidenceLock.EvidenceLockCreateEditTests" name="Update_Retention_Times_Cannot_Be_Before_1900" />
    </UnitTest>
    <UnitTest name="GetDomain_ShouldReturnDomainPartOfNetworkCredentials_WhenNetworkCredentialsContainsADomain" storage="d:\actions-runner\_work\xpco\xpco\sc\components\remoteviewer\smartclient\tst\zsmartclient_unittest\bin\x64\debug\net472\zsmartclient_unittest.dll" id="e07f5d01-bfa0-04f4-825e-59c493d5b5f5">
      <TestCategory>
        <TestCategoryItem TestCategory="Authentication.ClientCredentials" />
      </TestCategory>
      <Execution id="42b78fc8-df0e-491e-87fc-d588d595438b" />
      <TestMethod codeBase="D:\actions-runner\_work\XPCO\XPCO\SC\Components\RemoteViewer\SmartClient\tst\zSmartClient_UnitTest\bin\x64\Debug\net472\zSmartClient_UnitTest.dll" adapterTypeName="executor://mstestadapter/v2" className="SmartClient_UnitTest.VideoOS.Shared.ServerAPI.ClientCredentialsTest" name="GetDomain_ShouldReturnDomainPartOfNetworkCredentials_WhenNetworkCredentialsContainsADomain" />
    </UnitTest>
    <UnitTest name="OutputMapItem_ForceActivateAsync_NotInBuilding_Success" storage="d:\actions-runner\_work\xpco\xpco\sc\components\remoteviewer\smartclient\tst\zsmartclient_unittest\bin\x64\debug\net472\zsmartclient_unittest.dll" id="55849d48-8f3f-820c-27fa-98e4f30a7358">
      <TestCategory>
        <TestCategoryItem TestCategory="GisMapData.MapItem.Outputs" />
      </TestCategory>
      <Execution id="fa709647-5b06-46d0-8963-e23344fbb0ce" />
      <TestMethod codeBase="D:\actions-runner\_work\XPCO\XPCO\SC\Components\RemoteViewer\SmartClient\tst\zSmartClient_UnitTest\bin\x64\Debug\net472\zSmartClient_UnitTest.dll" adapterTypeName="executor://mstestadapter/v2" className="SmartClient_UnitTest.VideoOS.RemoteClient.GisMapData.MapItem.Outputs.OutputMapItemTests" name="OutputMapItem_ForceActivateAsync_NotInBuilding_Success" />
    </UnitTest>
    <UnitTest name="GetDuration_SeveralMinutes_Success" storage="d:\actions-runner\_work\xpco\xpco\sc\components\remoteviewer\smartclient\tst\zsmartclient_unittest\bin\x64\debug\net472\zsmartclient_unittest.dll" id="1522f9c5-5447-f8a7-7916-026ac691e6f0">
      <TestCategory>
        <TestCategoryItem TestCategory="Search" />
      </TestCategory>
      <Execution id="ee1e5b21-2a8a-44aa-be34-b8f2f8d0fab4" />
      <TestMethod codeBase="D:\actions-runner\_work\XPCO\XPCO\SC\Components\RemoteViewer\SmartClient\tst\zSmartClient_UnitTest\bin\x64\Debug\net472\zSmartClient_UnitTest.dll" adapterTypeName="executor://mstestadapter/v2" className="SmartClient_UnitTest.VideoOS.RemoteClient.Plugin.CentralizedSearch.ViewModels.Data.TimeScopeTests" name="GetDuration_SeveralMinutes_Success" />
    </UnitTest>
    <UnitTest name="SearchAction_BrowseMode_OneYearInTheFuture" storage="d:\actions-runner\_work\xpco\xpco\sc\components\remoteviewer\smartclient\tst\zsmartclient_unittest\bin\x64\debug\net472\zsmartclient_unittest.dll" id="cb217fc0-412f-9e5e-8b31-b39324af2ee8">
      <TestCategory>
        <TestCategoryItem TestCategory="WorkspaceToolbar" />
      </TestCategory>
      <Execution id="89537a75-eab3-45cb-9e36-733e0581a134" />
      <TestMethod codeBase="D:\actions-runner\_work\XPCO\XPCO\SC\Components\RemoteViewer\SmartClient\tst\zSmartClient_UnitTest\bin\x64\Debug\net472\zSmartClient_UnitTest.dll" adapterTypeName="executor://mstestadapter/v2" className="SmartClient_UnitTest.VideoOS.RemoteClient.Application.Data.WorkspaceToolbar.WorkspaceToolbarItemSmartSearchTests" name="SearchAction_BrowseMode_OneYearInTheFuture" />
    </UnitTest>
    <UnitTest name="TestGetBuildingClient_WithoutBuildingSupport_Success" storage="d:\actions-runner\_work\xpco\xpco\sc\components\remoteviewer\smartclient\tst\zsmartclient_unittest\bin\x64\debug\net472\zsmartclient_unittest.dll" id="94665017-ba44-93eb-512e-f9565e558eb5">
      <Execution id="b4de17f1-3a75-4193-bf64-ac6a0f85f27c" />
      <TestMethod codeBase="D:\actions-runner\_work\XPCO\XPCO\SC\Components\RemoteViewer\SmartClient\tst\zSmartClient_UnitTest\bin\x64\Debug\net472\zSmartClient_UnitTest.dll" adapterTypeName="executor://mstestadapter/v2" className="SmartClient_UnitTest.VideoOS.RemoteClient.GisMapData.Communication.CommunicationFacadeTests" name="TestGetBuildingClient_WithoutBuildingSupport_Success" />
    </UnitTest>
    <UnitTest name="CreateSearchTemplateAsync_ValidParameters_Success" storage="d:\actions-runner\_work\xpco\xpco\sc\components\remoteviewer\smartclient\tst\zsmartclient_unittest\bin\x64\debug\net472\zsmartclient_unittest.dll" id="4beda25d-1245-bbb5-fb89-05aa7e1d42ca">
      <TestCategory>
        <TestCategoryItem TestCategory="SearchTemplatesService" />
      </TestCategory>
      <Execution id="8cf296dd-fcd2-428d-a8d9-3b2c74a5c70f" />
      <TestMethod codeBase="D:\actions-runner\_work\XPCO\XPCO\SC\Components\RemoteViewer\SmartClient\tst\zSmartClient_UnitTest\bin\x64\Debug\net472\zSmartClient_UnitTest.dll" adapterTypeName="executor://mstestadapter/v2" className="SmartClient_UnitTest.VideoOS.RemoteClient.Plugin.CentralizedSearch.SearchTemplates.Service.SearchTemplateServiceTests" name="CreateSearchTemplateAsync_ValidParameters_Success" />
    </UnitTest>
    <UnitTest name="BuildMapOptions_ShouldHandleStringOptionsCorrectly (GisMapOpenStreetMapAlternativeServer,,False)" storage="d:\actions-runner\_work\xpco\xpco\sc\components\remoteviewer\smartclient\tst\zsmartclient_unittest\bin\x64\debug\net472\zsmartclient_unittest.dll" id="64d2c8ef-e8dc-d27f-690f-41ed527ac20a">
      <Execution id="3a690a7a-ab7b-4d94-b77a-1d60967ffc05" />
      <TestMethod codeBase="D:\actions-runner\_work\XPCO\XPCO\SC\Components\RemoteViewer\SmartClient\tst\zSmartClient_UnitTest\bin\x64\Debug\net472\zSmartClient_UnitTest.dll" adapterTypeName="executor://mstestadapter/v2" className="SmartClient_UnitTest.VideoOS.RemoteClient.Application.Common.Telemetry.TelemetryBuilderTests" name="BuildMapOptions_ShouldHandleStringOptionsCorrectly" />
    </UnitTest>
    <UnitTest name="SupportsRightClick_ShouldBeTrue_WhenInteractionStateIsNormal" storage="d:\actions-runner\_work\xpco\xpco\sc\components\remoteviewer\smartclient\tst\zsmartclient_unittest\bin\x64\debug\net472\zsmartclient_unittest.dll" id="7f983a5e-5f3c-ed76-0115-273409a0ed19">
      <TestCategory>
        <TestCategoryItem TestCategory="GisMap.LegacyLinkMarker" />
      </TestCategory>
      <Execution id="df0db116-b85b-414c-8ea8-66c7a3e38d82" />
      <TestMethod codeBase="D:\actions-runner\_work\XPCO\XPCO\SC\Components\RemoteViewer\SmartClient\tst\zSmartClient_UnitTest\bin\x64\Debug\net472\zSmartClient_UnitTest.dll" adapterTypeName="executor://mstestadapter/v2" className="SmartClient_UnitTest.VideoOS.RemoteClient.Plugin.GisMap.ThinkGeoMap.Markers.LegacyLinkMarker.LegacyLinkMarkerTests" name="SupportsRightClick_ShouldBeTrue_WhenInteractionStateIsNormal" />
    </UnitTest>
    <UnitTest name="AudioControllerOnDevicesLockEvent_ShouldEnableMicrophones_WhenUnlockingAudioDevicesAndApplicationIsInLiveMode" storage="d:\actions-runner\_work\xpco\xpco\sc\components\remoteviewer\smartclient\tst\zsmartclient_unittest\bin\x64\debug\net472\zsmartclient_unittest.dll" id="7aa665c6-6d05-2641-5b0e-6f3ba4797370">
      <TestCategory>
        <TestCategoryItem TestCategory="GisMapData.MapLayers" />
      </TestCategory>
      <Execution id="b6fab790-dfa1-45fb-aaa9-094d407b12a0" />
      <TestMethod codeBase="D:\actions-runner\_work\XPCO\XPCO\SC\Components\RemoteViewer\SmartClient\tst\zSmartClient_UnitTest\bin\x64\Debug\net472\zSmartClient_UnitTest.dll" adapterTypeName="executor://mstestadapter/v2" className="SmartClient_UnitTest.VideoOS.RemoteClient.GisMapData.MapLayers.MicrophoneItemsMapLayerTests" name="AudioControllerOnDevicesLockEvent_ShouldEnableMicrophones_WhenUnlockingAudioDevicesAndApplicationIsInLiveMode" />
    </UnitTest>
    <UnitTest name="MarkerFactory_WhenMapItemIsGiven_ShouldReturnMarker" storage="d:\actions-runner\_work\xpco\xpco\sc\components\remoteviewer\smartclient\tst\zsmartclient_unittest\bin\x64\debug\net472\zsmartclient_unittest.dll" id="c66f0344-0d06-e154-dea7-64ff1ea75851">
      <TestCategory>
        <TestCategoryItem TestCategory="GisMap.MarkerFactory" />
      </TestCategory>
      <Execution id="9873ba20-834c-47af-8b23-64039af226fa" />
      <TestMethod codeBase="D:\actions-runner\_work\XPCO\XPCO\SC\Components\RemoteViewer\SmartClient\tst\zSmartClient_UnitTest\bin\x64\Debug\net472\zSmartClient_UnitTest.dll" adapterTypeName="executor://mstestadapter/v2" className="SmartClient_UnitTest.VideoOS.RemoteClient.Plugin.GisMap.IoC.MarkerFactoryTests" name="MarkerFactory_WhenMapItemIsGiven_ShouldReturnMarker" />
    </UnitTest>
    <UnitTest name="JobData_SetsCorrect_StatusText_And_SortOrder" storage="d:\actions-runner\_work\xpco\xpco\sc\components\remoteviewer\smartclient\tst\zsmartclient_unittest\bin\x64\debug\net472\zsmartclient_unittest.dll" id="3ab16e75-8a5c-b09f-3b52-52df61cf6c95">
      <Execution id="4f6722ee-4fe0-4419-a897-272d405f0943" />
      <TestMethod codeBase="D:\actions-runner\_work\XPCO\XPCO\SC\Components\RemoteViewer\SmartClient\tst\zSmartClient_UnitTest\bin\x64\Debug\net472\zSmartClient_UnitTest.dll" adapterTypeName="executor://mstestadapter/v2" className="SmartClient_UnitTest.VideoOS.RemoteClient.Application.UI.GlobalTools.ServerJobsTests" name="JobData_SetsCorrect_StatusText_And_SortOrder" />
    </UnitTest>
    <UnitTest name="SearchResultsActionBarActions_AddBookmark_MultipleResult_CreateBookmarkInvokedForAllItems" storage="d:\actions-runner\_work\xpco\xpco\sc\components\remoteviewer\smartclient\tst\zsmartclient_unittest\bin\x64\debug\net472\zsmartclient_unittest.dll" id="dd9fef57-cc98-7ad4-c53a-0bf4ce117b29">
      <TestCategory>
        <TestCategoryItem TestCategory="SearchResultActionBarViewModel" />
      </TestCategory>
      <Execution id="b399262b-183a-4f68-876f-160d853318a0" />
      <TestMethod codeBase="D:\actions-runner\_work\XPCO\XPCO\SC\Components\RemoteViewer\SmartClient\tst\zSmartClient_UnitTest\bin\x64\Debug\net472\zSmartClient_UnitTest.dll" adapterTypeName="executor://mstestadapter/v2" className="SmartClient_UnitTest.VideoOS.RemoteClient.Plugin.CentralizedSearch.ViewModels.SearchResultsActionBarViewModelTest" name="SearchResultsActionBarActions_AddBookmark_MultipleResult_CreateBookmarkInvokedForAllItems" />
    </UnitTest>
    <UnitTest name="ValidateExportLocation_ShouldReturnFailResult_ExportPathIsInvalid (aaaaaaaaaaaaaaaaaaaaaaaaaaaaaaaaaaaaaaaaaaaaaaaaaaaaaaaaaaaaaaaaaaaaaaaaaaaaaaaaaaaaaaaaaaaaaaaaaaaaaaaaaaaaaaaaaaaaaaaaaaaaaaaaaaaaaaaaaaaaaaaaaaaaaaaaaaaaaaaaaaaaaaaaaaaaaaaaaaaaaaa)" storage="d:\actions-runner\_work\xpco\xpco\sc\components\remoteviewer\smartclient\tst\zsmartclient_unittest\bin\x64\debug\net472\zsmartclient_unittest.dll" id="178f613b-e8c8-b623-2c5d-08d78665b8c9">
      <TestCategory>
        <TestCategoryItem TestCategory="Export" />
      </TestCategory>
      <Execution id="f7489c8a-c9cf-43cc-a13a-a9fa60ded9b5" />
      <TestMethod codeBase="D:\actions-runner\_work\XPCO\XPCO\SC\Components\RemoteViewer\SmartClient\tst\zSmartClient_UnitTest\bin\x64\Debug\net472\zSmartClient_UnitTest.dll" adapterTypeName="executor://mstestadapter/v2" className="SmartClient_UnitTest.VideoOS.RemoteClient.Plugin.Export.ExportDataValidatorTests" name="ValidateExportLocation_ShouldReturnFailResult_ExportPathIsInvalid" />
    </UnitTest>
    <UnitTest name="ScWorkspaceStateChangedEvent_ShouldSetDeviceStateToMuted_WhenSwitchingToSetupModeAndDeviceStateIsUnMuted" storage="d:\actions-runner\_work\xpco\xpco\sc\components\remoteviewer\smartclient\tst\zsmartclient_unittest\bin\x64\debug\net472\zsmartclient_unittest.dll" id="8a54600b-ddfe-122f-8fbb-15179853629f">
      <TestCategory>
        <TestCategoryItem TestCategory="GisMapData.MapLayers" />
      </TestCategory>
      <Execution id="0b41530f-4440-4f45-903a-620fd63fbfb1" />
      <TestMethod codeBase="D:\actions-runner\_work\XPCO\XPCO\SC\Components\RemoteViewer\SmartClient\tst\zSmartClient_UnitTest\bin\x64\Debug\net472\zSmartClient_UnitTest.dll" adapterTypeName="executor://mstestadapter/v2" className="SmartClient_UnitTest.VideoOS.RemoteClient.GisMapData.MapLayers.MicrophoneItemsMapLayerTests" name="ScWorkspaceStateChangedEvent_ShouldSetDeviceStateToMuted_WhenSwitchingToSetupModeAndDeviceStateIsUnMuted" />
    </UnitTest>
    <UnitTest name="GetClusters_ShouldIncludeItemFromBuildingIntoSuperClusterOutsideBuilding_WhenBuildingIsTooSmallToRender" storage="d:\actions-runner\_work\xpco\xpco\sc\components\remoteviewer\smartclient\tst\zsmartclient_unittest\bin\x64\debug\net472\zsmartclient_unittest.dll" id="5e9a784a-512a-9e3c-4365-749c6efbd67e">
      <TestCategory>
        <TestCategoryItem TestCategory="GisMapIndex.SuperClusters" />
      </TestCategory>
      <Execution id="c8a3fab4-d240-4a23-aee5-c5008b3bb526" />
      <TestMethod codeBase="D:\actions-runner\_work\XPCO\XPCO\SC\Components\RemoteViewer\SmartClient\tst\zSmartClient_UnitTest\bin\x64\Debug\net472\zSmartClient_UnitTest.dll" adapterTypeName="executor://mstestadapter/v2" className="SmartClient_UnitTest.VideoOS.RemoteClient.GisMapData.Common.Indexer.BuildingsAwareIndexerTests_SuperCluster" name="GetClusters_ShouldIncludeItemFromBuildingIntoSuperClusterOutsideBuilding_WhenBuildingIsTooSmallToRender" />
    </UnitTest>
    <UnitTest name="TestAttachedView_WithNull_Success" storage="d:\actions-runner\_work\xpco\xpco\sc\components\remoteviewer\smartclient\tst\zsmartclient_unittest\bin\x64\debug\net472\zsmartclient_unittest.dll" id="05f48571-d878-d35c-a36e-2898473abdf2">
      <Execution id="72743fe5-b1e0-4e38-83f2-669a10209bb8" />
      <TestMethod codeBase="D:\actions-runner\_work\XPCO\XPCO\SC\Components\RemoteViewer\SmartClient\tst\zSmartClient_UnitTest\bin\x64\Debug\net472\zSmartClient_UnitTest.dll" adapterTypeName="executor://mstestadapter/v2" className="SmartClient_UnitTest.VideoOS.RemoteClient.Application.Controllers.WorkSpace.WorkSpaceItemTest" name="TestAttachedView_WithNull_Success" />
    </UnitTest>
    <UnitTest name="ToDenormalizedFieldOfView_LesserThan0_0_Failure" storage="d:\actions-runner\_work\xpco\xpco\sc\components\remoteviewer\smartclient\tst\zsmartclient_unittest\bin\x64\debug\net472\zsmartclient_unittest.dll" id="ef6e5d44-4248-113e-0569-ec93691b2771">
      <TestCategory>
        <TestCategoryItem TestCategory="GisMap" />
      </TestCategory>
      <Execution id="89a746bb-e433-460c-b6fd-a5a94b4e2495" />
      <TestMethod codeBase="D:\actions-runner\_work\XPCO\XPCO\SC\Components\RemoteViewer\SmartClient\tst\zSmartClient_UnitTest\bin\x64\Debug\net472\zSmartClient_UnitTest.dll" adapterTypeName="executor://mstestadapter/v2" className="SmartClient_UnitTest.VideoOS.RemoteClient.GisMap.Utilities.GisUtilityTests" name="ToDenormalizedFieldOfView_LesserThan0_0_Failure" />
    </UnitTest>
    <UnitTest name="Decorate_ShouldNotAddChildren_WhenThereAreNoLayersImplementingITitleToggleable" storage="d:\actions-runner\_work\xpco\xpco\sc\components\remoteviewer\smartclient\tst\zsmartclient_unittest\bin\x64\debug\net472\zsmartclient_unittest.dll" id="4fdd99bf-6905-0af0-30e5-6e050f489153">
      <TestCategory>
        <TestCategoryItem TestCategory="GisMap.LayerVisibilityItemDataChildrenToggleItemDecoratorTests" />
      </TestCategory>
      <Execution id="da41e860-ff44-4fcd-b81d-62c023705777" />
      <TestMethod codeBase="D:\actions-runner\_work\XPCO\XPCO\SC\Components\RemoteViewer\SmartClient\tst\zSmartClient_UnitTest\bin\x64\Debug\net472\zSmartClient_UnitTest.dll" adapterTypeName="executor://mstestadapter/v2" className="SmartClient_UnitTest.VideoOS.RemoteClient.Plugin.GisMap.ViewModels.LayersVisibility.Decorators.LayerVisibilityItemDataChildrenToggleItemDecoratorTests" name="Decorate_ShouldNotAddChildren_WhenThereAreNoLayersImplementingITitleToggleable" />
    </UnitTest>
    <UnitTest name="PtzSessionController_GetPtzSessionInfo_Unregistered_Camera_Test" storage="d:\actions-runner\_work\xpco\xpco\sc\components\remoteviewer\smartclient\tst\zsmartclient_unittest\bin\x64\debug\net472\zsmartclient_unittest.dll" id="65173ca9-ca7a-eecb-f51e-664ba3987e33">
      <Execution id="4859a212-b2d9-4cf4-ac56-b0931eb43cff" />
      <TestMethod codeBase="D:\actions-runner\_work\XPCO\XPCO\SC\Components\RemoteViewer\SmartClient\tst\zSmartClient_UnitTest\bin\x64\Debug\net472\zSmartClient_UnitTest.dll" adapterTypeName="executor://mstestadapter/v2" className="VideoOS.RemoteClient.Application.Controllers.UnitTest.PtzSessionControllerTest" name="PtzSessionController_GetPtzSessionInfo_Unregistered_Camera_Test" />
    </UnitTest>
    <UnitTest name="ExcludeItem_CameraItem_Excluded" storage="d:\actions-runner\_work\xpco\xpco\sc\components\remoteviewer\smartclient\tst\zsmartclient_unittest\bin\x64\debug\net472\zsmartclient_unittest.dll" id="4fb4182c-2a3f-97bb-507b-d3ceb3937b43">
      <TestCategory>
        <TestCategoryItem TestCategory="GisMapIndex" />
      </TestCategory>
      <Execution id="5799e946-ec63-44e6-86e4-6cc2008b28d4" />
      <TestMethod codeBase="D:\actions-runner\_work\XPCO\XPCO\SC\Components\RemoteViewer\SmartClient\tst\zSmartClient_UnitTest\bin\x64\Debug\net472\zSmartClient_UnitTest.dll" adapterTypeName="executor://mstestadapter/v2" className="SmartClient_UnitTest.VideoOS.RemoteClient.GisMapData.Common.Indexer.BuildingsAwareIndexerTests" name="ExcludeItem_CameraItem_Excluded" />
    </UnitTest>
    <UnitTest name="RemoveWorkroom_ShouldChangeSelectionToNextWorkroom_WhenSelectedWorkroomIsRemoved" storage="d:\actions-runner\_work\xpco\xpco\sc\components\remoteviewer\smartclient\tst\zsmartclient_unittest\bin\x64\debug\net472\zsmartclient_unittest.dll" id="4fc92a95-da20-ab9b-15d1-74f6c3c27fe0">
      <TestCategory>
        <TestCategoryItem TestCategory="WorkroomController" />
      </TestCategory>
      <Execution id="edd90a3d-f5a4-402e-84d0-bb613dff682f" />
      <TestMethod codeBase="D:\actions-runner\_work\XPCO\XPCO\SC\Components\RemoteViewer\SmartClient\tst\zSmartClient_UnitTest\bin\x64\Debug\net472\zSmartClient_UnitTest.dll" adapterTypeName="executor://mstestadapter/v2" className="SmartClient_UnitTest.VideoOS.RemoteClient.Application.Controllers.WorkroomController.WorkroomControllerBaseTest" name="RemoveWorkroom_ShouldChangeSelectionToNextWorkroom_WhenSelectedWorkroomIsRemoved" />
    </UnitTest>
    <UnitTest name="PtzSessionController_Constructor_ArgumentNull_PtzSessionTimer_Test" storage="d:\actions-runner\_work\xpco\xpco\sc\components\remoteviewer\smartclient\tst\zsmartclient_unittest\bin\x64\debug\net472\zsmartclient_unittest.dll" id="6005aa8f-bfed-16e6-eb0c-0e72997b485a">
      <Execution id="63ed1fef-8c77-4e9e-b257-1cc6eddc0522" />
      <TestMethod codeBase="D:\actions-runner\_work\XPCO\XPCO\SC\Components\RemoteViewer\SmartClient\tst\zSmartClient_UnitTest\bin\x64\Debug\net472\zSmartClient_UnitTest.dll" adapterTypeName="executor://mstestadapter/v2" className="VideoOS.RemoteClient.Application.Controllers.UnitTest.PtzSessionControllerTest" name="PtzSessionController_Constructor_ArgumentNull_PtzSessionTimer_Test" />
    </UnitTest>
    <UnitTest name="Constructor_ShouldRaiseArgumentNullException_WhenNavigationHistoryIsNull" storage="d:\actions-runner\_work\xpco\xpco\sc\components\remoteviewer\smartclient\tst\zsmartclient_unittest\bin\x64\debug\net472\zsmartclient_unittest.dll" id="70311a0a-2853-d903-384a-e493017e2da4">
      <TestCategory>
        <TestCategoryItem TestCategory="GisMap.GisMapViewModel" />
      </TestCategory>
      <Execution id="420132d4-dfd8-4a6b-ac62-c4207c897430" />
      <TestMethod codeBase="D:\actions-runner\_work\XPCO\XPCO\SC\Components\RemoteViewer\SmartClient\tst\zSmartClient_UnitTest\bin\x64\Debug\net472\zSmartClient_UnitTest.dll" adapterTypeName="executor://mstestadapter/v2" className="SmartClient_UnitTest.VideoOS.RemoteClient.Plugin.GisMap.ViewModels.GisMapViewModelTests" name="Constructor_ShouldRaiseArgumentNullException_WhenNavigationHistoryIsNull" />
    </UnitTest>
    <UnitTest name="PatrollingStepListViewModel_CanAddStepExecute" storage="d:\actions-runner\_work\xpco\xpco\sc\components\remoteviewer\smartclient\tst\zsmartclient_unittest\bin\x64\debug\net472\zsmartclient_unittest.dll" id="cc27b110-75f5-fa85-b001-d22c68a54aec">
      <Execution id="80d257ee-d309-41e1-8355-6e7d7f75a381" />
      <TestMethod codeBase="D:\actions-runner\_work\XPCO\XPCO\SC\Components\RemoteViewer\SmartClient\tst\zSmartClient_UnitTest\bin\x64\Debug\net472\zSmartClient_UnitTest.dll" adapterTypeName="executor://mstestadapter/v2" className="SmartClient_UnitTest.VideoOS.RemoteClient.Application.UI.PtzPreset.PatrollingViewModel.PatrollingStepListViewModelTest" name="PatrollingStepListViewModel_CanAddStepExecute" />
    </UnitTest>
    <UnitTest name="PatrollingStepViewModel_ExpectedTransitionTimeToPreset" storage="d:\actions-runner\_work\xpco\xpco\sc\components\remoteviewer\smartclient\tst\zsmartclient_unittest\bin\x64\debug\net472\zsmartclient_unittest.dll" id="db90aeda-99d3-8862-c893-f6a75596efbc">
      <Execution id="1e7d3283-4fe1-4b14-ae10-925da14d02b6" />
      <TestMethod codeBase="D:\actions-runner\_work\XPCO\XPCO\SC\Components\RemoteViewer\SmartClient\tst\zSmartClient_UnitTest\bin\x64\Debug\net472\zSmartClient_UnitTest.dll" adapterTypeName="executor://mstestadapter/v2" className="SmartClient_UnitTest.VideoOS.RemoteClient.Application.UI.PtzPreset.PatrollingViewModel.PatrollingStepViewModelTest" name="PatrollingStepViewModel_ExpectedTransitionTimeToPreset" />
    </UnitTest>
    <UnitTest name="Constructor_ShouldRaiseArgumentNullException_WhenGisMapModelIsNull" storage="d:\actions-runner\_work\xpco\xpco\sc\components\remoteviewer\smartclient\tst\zsmartclient_unittest\bin\x64\debug\net472\zsmartclient_unittest.dll" id="b7dfb3e8-2e47-78f3-b474-5d161942d69f">
      <TestCategory>
        <TestCategoryItem TestCategory="GisMap.GisMapViewModel" />
      </TestCategory>
      <Execution id="67d4d1cd-33aa-49bc-9f5d-3db3f12312ba" />
      <TestMethod codeBase="D:\actions-runner\_work\XPCO\XPCO\SC\Components\RemoteViewer\SmartClient\tst\zSmartClient_UnitTest\bin\x64\Debug\net472\zSmartClient_UnitTest.dll" adapterTypeName="executor://mstestadapter/v2" className="SmartClient_UnitTest.VideoOS.RemoteClient.Plugin.GisMap.ViewModels.GisMapViewModelTests" name="Constructor_ShouldRaiseArgumentNullException_WhenGisMapModelIsNull" />
    </UnitTest>
    <UnitTest name="TrySelectAvailableExportNameTest_ShouldReturnValidationResultOk_When2ndDirectoryDoNotExistsIsFalse" storage="d:\actions-runner\_work\xpco\xpco\sc\components\remoteviewer\smartclient\tst\zsmartclient_unittest\bin\x64\debug\net472\zsmartclient_unittest.dll" id="20b83e96-bb0c-eaa7-3f17-8420c76ddd7b">
      <Execution id="45d09081-9bba-403e-b348-17ed222ee55f" />
      <TestMethod codeBase="D:\actions-runner\_work\XPCO\XPCO\SC\Components\RemoteViewer\SmartClient\tst\zSmartClient_UnitTest\bin\x64\Debug\net472\zSmartClient_UnitTest.dll" adapterTypeName="executor://mstestadapter/v2" className="SmartClient_UnitTest.VideoOS.RemoteClient.Application.Data.Export.ExportDataHelperTests" name="TrySelectAvailableExportNameTest_ShouldReturnValidationResultOk_When2ndDirectoryDoNotExistsIsFalse" />
    </UnitTest>
    <UnitTest name="ToggleMicrophoneStateAsync_ShouldRaiseArgumentNullException_WhenMicrophoneIsNull" storage="d:\actions-runner\_work\xpco\xpco\sc\components\remoteviewer\smartclient\tst\zsmartclient_unittest\bin\x64\debug\net472\zsmartclient_unittest.dll" id="76f56124-31a2-88ce-2d55-72b9a34a85b7">
      <TestCategory>
        <TestCategoryItem TestCategory="GisMapAudioController" />
      </TestCategory>
      <Execution id="9437a5d9-eb8e-4e79-a767-1fa9dd6b99d6" />
      <TestMethod codeBase="D:\actions-runner\_work\XPCO\XPCO\SC\Components\RemoteViewer\SmartClient\tst\zSmartClient_UnitTest\bin\x64\Debug\net472\zSmartClient_UnitTest.dll" adapterTypeName="executor://mstestadapter/v2" className="SmartClient_UnitTest.VideoOS.RemoteClient.GisMapData.GisMapAudioControllerTests" name="ToggleMicrophoneStateAsync_ShouldRaiseArgumentNullException_WhenMicrophoneIsNull" />
    </UnitTest>
    <UnitTest name="AddToExportDevices_ShouldReturnCorrectResult (0,0,0)" storage="d:\actions-runner\_work\xpco\xpco\sc\components\remoteviewer\smartclient\tst\zsmartclient_unittest\bin\x64\debug\net472\zsmartclient_unittest.dll" id="c4920b28-249b-4562-1020-f303c8a65938">
      <TestCategory>
        <TestCategoryItem TestCategory="Managers" />
      </TestCategory>
      <Execution id="585d0b74-2c9e-4e11-a13b-eb305ed16451" />
      <TestMethod codeBase="D:\actions-runner\_work\XPCO\XPCO\SC\Components\RemoteViewer\SmartClient\tst\zSmartClient_UnitTest\bin\x64\Debug\net472\zSmartClient_UnitTest.dll" adapterTypeName="executor://mstestadapter/v2" className="SmartClient_UnitTest.VideoOS.RemoteClient.Application.Managers.ExportManagerTests" name="AddToExportDevices_ShouldReturnCorrectResult" />
    </UnitTest>
    <UnitTest name="ShowAccessControlSystems_ShouldReturnFalse_WhenOneACSystemsAvailable" storage="d:\actions-runner\_work\xpco\xpco\sc\components\remoteviewer\smartclient\tst\zsmartclient_unittest\bin\x64\debug\net472\zsmartclient_unittest.dll" id="0888e3f9-abd4-4799-6395-fe5ed75b869d">
      <Execution id="4e1b7bd4-df5e-4a79-b1f2-16c150b44230" />
      <TestMethod codeBase="D:\actions-runner\_work\XPCO\XPCO\SC\Components\RemoteViewer\SmartClient\tst\zSmartClient_UnitTest\bin\x64\Debug\net472\zSmartClient_UnitTest.dll" adapterTypeName="executor://mstestadapter/v2" className="SmartClient_UnitTest.VideoOS.RemoteClient.AccessControl.ViewModel.CardholdersTabViewModelTests" name="ShowAccessControlSystems_ShouldReturnFalse_WhenOneACSystemsAvailable" />
    </UnitTest>
    <UnitTest name="CloseCommand_ShouldSetInteractionStateToNormal_WhenInvoked" storage="d:\actions-runner\_work\xpco\xpco\sc\components\remoteviewer\smartclient\tst\zsmartclient_unittest\bin\x64\debug\net472\zsmartclient_unittest.dll" id="5b878309-5fba-ade9-5fb0-a0b0fe46423a">
      <TestCategory>
        <TestCategoryItem TestCategory="GisMap.DeviceSelectorWindowViewModel" />
      </TestCategory>
      <Execution id="bcd94fae-7cbc-4560-a66c-77319c2acc38" />
      <TestMethod codeBase="D:\actions-runner\_work\XPCO\XPCO\SC\Components\RemoteViewer\SmartClient\tst\zSmartClient_UnitTest\bin\x64\Debug\net472\zSmartClient_UnitTest.dll" adapterTypeName="executor://mstestadapter/v2" className="SmartClient_UnitTest.VideoOS.RemoteClient.Plugin.GisMap.ViewModels.DeviceSelectorWindowViewModelTests" name="CloseCommand_ShouldSetInteractionStateToNormal_WhenInvoked" />
    </UnitTest>
    <UnitTest name="Optics enabled, forced" storage="d:\actions-runner\_work\xpco\xpco\sc\components\remoteviewer\smartclient\tst\zsmartclient_unittest\bin\x64\debug\net472\zsmartclient_unittest.dll" id="3ca183c0-19b7-c862-e0ae-e783adb3e613">
      <TestCategory>
        <TestCategoryItem TestCategory="Export" />
      </TestCategory>
      <Execution id="5f9d6e5f-d4d5-4b5c-a29a-040c4c9c2620" />
      <TestMethod codeBase="D:\actions-runner\_work\XPCO\XPCO\SC\Components\RemoteViewer\SmartClient\tst\zSmartClient_UnitTest\bin\x64\Debug\net472\zSmartClient_UnitTest.dll" adapterTypeName="executor://mstestadapter/v2" className="SmartClient_UnitTest.VideoOS.RemoteClient.Plugin.Export.CreateExportDialogViewModelTests" name="CreateExportDialog_ExportDestinationSelectionEnabled_BasedOnOptions" />
    </UnitTest>
    <UnitTest name="IsOAuth_ShouldReturnFalse_WhenConstructedUsingSimple" storage="d:\actions-runner\_work\xpco\xpco\sc\components\remoteviewer\smartclient\tst\zsmartclient_unittest\bin\x64\debug\net472\zsmartclient_unittest.dll" id="edaf9c06-ff2c-62ed-be08-4c1afe57f05b">
      <TestCategory>
        <TestCategoryItem TestCategory="Authentication.ClientCredentials" />
      </TestCategory>
      <Execution id="881f69ed-fdc2-4895-b85f-8b940b6f71af" />
      <TestMethod codeBase="D:\actions-runner\_work\XPCO\XPCO\SC\Components\RemoteViewer\SmartClient\tst\zSmartClient_UnitTest\bin\x64\Debug\net472\zSmartClient_UnitTest.dll" adapterTypeName="executor://mstestadapter/v2" className="SmartClient_UnitTest.VideoOS.Shared.ServerAPI.ClientCredentialsTest" name="IsOAuth_ShouldReturnFalse_WhenConstructedUsingSimple" />
    </UnitTest>
    <UnitTest name="AddSelectedWindowsToExport_ShouldShowCorrectToastMessages (5,5,0)" storage="d:\actions-runner\_work\xpco\xpco\sc\components\remoteviewer\smartclient\tst\zsmartclient_unittest\bin\x64\debug\net472\zsmartclient_unittest.dll" id="2a167ce1-2e85-c399-ed2a-4777d927b987">
      <TestCategory>
        <TestCategoryItem TestCategory="Managers" />
      </TestCategory>
      <Execution id="445b9aac-b6f8-4260-a5a5-5464b87f5de1" />
      <TestMethod codeBase="D:\actions-runner\_work\XPCO\XPCO\SC\Components\RemoteViewer\SmartClient\tst\zSmartClient_UnitTest\bin\x64\Debug\net472\zSmartClient_UnitTest.dll" adapterTypeName="executor://mstestadapter/v2" className="SmartClient_UnitTest.VideoOS.RemoteClient.Application.Managers.ExportManagerTests" name="AddSelectedWindowsToExport_ShouldShowCorrectToastMessages" />
    </UnitTest>
    <UnitTest name="Deserialize_MissingPluginIdElement_Error" storage="d:\actions-runner\_work\xpco\xpco\sc\components\remoteviewer\smartclient\tst\zsmartclient_unittest\bin\x64\debug\net472\zsmartclient_unittest.dll" id="5be7c8bc-c613-0652-ed73-c4eee352182b">
      <TestCategory>
        <TestCategoryItem TestCategory="SearchSerialization" />
      </TestCategory>
      <Execution id="1dd4bf9f-db5c-4d21-b6cb-4708d4a7d608" />
      <TestMethod codeBase="D:\actions-runner\_work\XPCO\XPCO\SC\Components\RemoteViewer\SmartClient\tst\zSmartClient_UnitTest\bin\x64\Debug\net472\zSmartClient_UnitTest.dll" adapterTypeName="executor://mstestadapter/v2" className="SmartClient_UnitTest.VideoOS.RemoteClient.Plugin.CentralizedSearch.Models.Serialization.SearchSerializerTests" name="Deserialize_MissingPluginIdElement_Error" />
    </UnitTest>
    <UnitTest name="WhenActionExecutedWithAlarmsThenEveryObserverNotified" storage="d:\actions-runner\_work\xpco\xpco\sc\components\remoteviewer\smartclient\tst\zsmartclient_unittest\bin\x64\debug\net472\zsmartclient_unittest.dll" id="03c0368b-e341-b507-4b7e-610a5973bcc4">
      <Execution id="923879f6-0617-411f-87a0-11c3c17283d3" />
      <TestMethod codeBase="D:\actions-runner\_work\XPCO\XPCO\SC\Components\RemoteViewer\SmartClient\tst\zSmartClient_UnitTest\bin\x64\Debug\net472\zSmartClient_UnitTest.dll" adapterTypeName="executor://mstestadapter/v2" className="SmartClient_UnitTest.VideoOS.RemoteClient.GisMapData.Common.AlarmObservableTest" name="WhenActionExecutedWithAlarmsThenEveryObserverNotified" />
    </UnitTest>
    <UnitTest name="GetMapLayerArguments_ShouldReturnIGisMapModelAndMapLayerDataId_WhenCalled" storage="d:\actions-runner\_work\xpco\xpco\sc\components\remoteviewer\smartclient\tst\zsmartclient_unittest\bin\x64\debug\net472\zsmartclient_unittest.dll" id="31b9ac86-ff3a-2d5f-32cb-aba7e18815ce">
      <Execution id="fbf63110-9647-4180-ab49-7d87653ead60" />
      <TestMethod codeBase="D:\actions-runner\_work\XPCO\XPCO\SC\Components\RemoteViewer\SmartClient\tst\zSmartClient_UnitTest\bin\x64\Debug\net472\zSmartClient_UnitTest.dll" adapterTypeName="executor://mstestadapter/v2" className="SmartClient_UnitTest.VideoOS.RemoteClient.GisMapData.Strategies.MapLayers.MipMapLayerDatagramClassFactoryStrategyTests" name="GetMapLayerArguments_ShouldReturnIGisMapModelAndMapLayerDataId_WhenCalled" />
    </UnitTest>
    <UnitTest name="UserHasDeletePublicSearchPermission_HasDeletePermission_ReturnsTrue" storage="d:\actions-runner\_work\xpco\xpco\sc\components\remoteviewer\smartclient\tst\zsmartclient_unittest\bin\x64\debug\net472\zsmartclient_unittest.dll" id="b292696a-1665-7718-2677-c233de8e9b49">
      <TestCategory>
        <TestCategoryItem TestCategory="SearchTemplates" />
      </TestCategory>
      <Execution id="5dd14e4a-ee10-437a-ac62-7788a11826f2" />
      <TestMethod codeBase="D:\actions-runner\_work\XPCO\XPCO\SC\Components\RemoteViewer\SmartClient\tst\zSmartClient_UnitTest\bin\x64\Debug\net472\zSmartClient_UnitTest.dll" adapterTypeName="executor://mstestadapter/v2" className="SmartClient_UnitTest.VideoOS.RemoteClient.Plugin.CentralizedSearch.SearchTemplates.SearchTemplateManagerTests" name="UserHasDeletePublicSearchPermission_HasDeletePermission_ReturnsTrue" />
    </UnitTest>
    <UnitTest name="RightButtonDown_DoubleClickNoZoomHandler_DoesNotCrash" storage="d:\actions-runner\_work\xpco\xpco\sc\components\remoteviewer\smartclient\tst\zsmartclient_unittest\bin\x64\debug\net472\zsmartclient_unittest.dll" id="1dfcecbd-375a-81ed-2ce9-6d3e61013acd">
      <TestCategory>
        <TestCategoryItem TestCategory="GisMap.MapControl" />
      </TestCategory>
      <Execution id="7895f0d7-2feb-4fcc-a8b6-9197a43fb5a3" />
      <TestMethod codeBase="D:\actions-runner\_work\XPCO\XPCO\SC\Components\RemoteViewer\SmartClient\tst\zSmartClient_UnitTest\bin\x64\Debug\net472\zSmartClient_UnitTest.dll" adapterTypeName="executor://mstestadapter/v2" className="SmartClient_UnitTest.VideoOS.RemoteClient.Plugin.GisMap.ThinkGeoMap.ThinkGeoMapControlTests" name="RightButtonDown_DoubleClickNoZoomHandler_DoesNotCrash" />
    </UnitTest>
    <UnitTest name="BookmarkSearchTime_WithSearchStringInDifferentCases_ReturnCorrectBookmarkWithSearchStringInHeader (SeArChStRiNg,False,True,False,False,,,0)" storage="d:\actions-runner\_work\xpco\xpco\sc\components\remoteviewer\smartclient\tst\zsmartclient_unittest\bin\x64\debug\net472\zsmartclient_unittest.dll" id="28b18be3-0a42-80b2-dd31-6ed6fce84202">
      <Execution id="d8b99159-50d3-48d4-942b-35065afe88dc" />
      <TestMethod codeBase="D:\actions-runner\_work\XPCO\XPCO\SC\Components\RemoteViewer\SmartClient\tst\zSmartClient_UnitTest\bin\x64\Debug\net472\zSmartClient_UnitTest.dll" adapterTypeName="executor://mstestadapter/v2" className="SmartClient_UnitTest.VideoOS.RemoteClient.Application.Data.Offline.UnitTest.BookmarkExportReaderTest" name="BookmarkSearchTime_WithSearchStringInDifferentCases_ReturnCorrectBookmarkWithSearchStringInHeader" />
    </UnitTest>
    <UnitTest name="Layout_Many_Success" storage="d:\actions-runner\_work\xpco\xpco\sc\components\remoteviewer\smartclient\tst\zsmartclient_unittest\bin\x64\debug\net472\zsmartclient_unittest.dll" id="a7a0d721-aaa5-74c0-69b6-e91fcbb08804">
      <TestCategory>
        <TestCategoryItem TestCategory="SearchControls" />
      </TestCategory>
      <Execution id="8965d00b-a8f8-40c7-8d11-5ef5aa21b483" />
      <TestMethod codeBase="D:\actions-runner\_work\XPCO\XPCO\SC\Components\RemoteViewer\SmartClient\tst\zSmartClient_UnitTest\bin\x64\Debug\net472\zSmartClient_UnitTest.dll" adapterTypeName="executor://mstestadapter/v2" className="SmartClient_UnitTest.VideoOS.RemoteClient.Plugin.CentralizedSearch.Views.Controls.SearchCategorySelect.SelectSearchCategoryLayoutTests" name="Layout_Many_Success" />
    </UnitTest>
    <UnitTest name="GetLayerVisibilityItemsData_ShouldAddThreeFixedLayersInOrder_WhenThreeNonRelatedMapLayersAreProvided" storage="d:\actions-runner\_work\xpco\xpco\sc\components\remoteviewer\smartclient\tst\zsmartclient_unittest\bin\x64\debug\net472\zsmartclient_unittest.dll" id="958a4635-0d5e-dda4-f61e-9578d9aa3b40">
      <TestCategory>
        <TestCategoryItem TestCategory="GisMap.DefaultFixedLayerManagerStrategyTests" />
      </TestCategory>
      <Execution id="4908dda5-d20a-412a-991f-02d62385b56e" />
      <TestMethod codeBase="D:\actions-runner\_work\XPCO\XPCO\SC\Components\RemoteViewer\SmartClient\tst\zSmartClient_UnitTest\bin\x64\Debug\net472\zSmartClient_UnitTest.dll" adapterTypeName="executor://mstestadapter/v2" className="SmartClient_UnitTest.VideoOS.RemoteClient.Plugin.GisMap.ViewModels.LayersVisibility.FixedLayers.DefaultFixedLayerManagerStrategyTests" name="GetLayerVisibilityItemsData_ShouldAddThreeFixedLayersInOrder_WhenThreeNonRelatedMapLayersAreProvided" />
    </UnitTest>
    <UnitTest name="GetLayerFeatures_ShouldReturnOutputLayerFeatures_WhenMicrophoneKind" storage="d:\actions-runner\_work\xpco\xpco\sc\components\remoteviewer\smartclient\tst\zsmartclient_unittest\bin\x64\debug\net472\zsmartclient_unittest.dll" id="858fcac7-e389-8062-ee0a-81085946f8a2">
      <TestCategory>
        <TestCategoryItem TestCategory="GisMapData.Controllers.LayerFeatures" />
      </TestCategory>
      <Execution id="b9b1cef7-d48d-4c3c-97bb-1fa92060b867" />
      <TestMethod codeBase="D:\actions-runner\_work\XPCO\XPCO\SC\Components\RemoteViewer\SmartClient\tst\zSmartClient_UnitTest\bin\x64\Debug\net472\zSmartClient_UnitTest.dll" adapterTypeName="executor://mstestadapter/v2" className="SmartClient_UnitTest.VideoOS.RemoteClient.GisMapData.Controllers.LayerFeatures.LayerFeaturesControllerTests" name="GetLayerFeatures_ShouldReturnOutputLayerFeatures_WhenMicrophoneKind" />
    </UnitTest>
    <UnitTest name="DrawEntries_BeginMidAndEndDatesRange_Success" storage="d:\actions-runner\_work\xpco\xpco\sc\components\remoteviewer\smartclient\tst\zsmartclient_unittest\bin\x64\debug\net472\zsmartclient_unittest.dll" id="30200921-e950-e3ac-a65b-a4bfe480ca8a">
      <TestCategory>
        <TestCategoryItem TestCategory="SearchControls" />
      </TestCategory>
      <Execution id="5c39a9c2-0f20-4de6-8caa-850c74a267db" />
      <TestMethod codeBase="D:\actions-runner\_work\XPCO\XPCO\SC\Components\RemoteViewer\SmartClient\tst\zSmartClient_UnitTest\bin\x64\Debug\net472\zSmartClient_UnitTest.dll" adapterTypeName="executor://mstestadapter/v2" className="SmartClient_UnitTest.VideoOS.RemoteClient.Plugin.CentralizedSearch.Views.Controls.TimelineRuler.TimelineRulerControlTests" name="DrawEntries_BeginMidAndEndDatesRange_Success" />
    </UnitTest>
    <UnitTest name="ServerAuthentication_ShouldReturnLegacyBasic_WhenConstructedUsingSimple" storage="d:\actions-runner\_work\xpco\xpco\sc\components\remoteviewer\smartclient\tst\zsmartclient_unittest\bin\x64\debug\net472\zsmartclient_unittest.dll" id="5711c871-ad4e-1c97-b7af-50ef5d9eff82">
      <TestCategory>
        <TestCategoryItem TestCategory="Authentication.ClientCredentials" />
      </TestCategory>
      <Execution id="60884297-5262-4629-92e9-cdf5e6ee90ac" />
      <TestMethod codeBase="D:\actions-runner\_work\XPCO\XPCO\SC\Components\RemoteViewer\SmartClient\tst\zSmartClient_UnitTest\bin\x64\Debug\net472\zSmartClient_UnitTest.dll" adapterTypeName="executor://mstestadapter/v2" className="SmartClient_UnitTest.VideoOS.Shared.ServerAPI.ClientCredentialsTest" name="ServerAuthentication_ShouldReturnLegacyBasic_WhenConstructedUsingSimple" />
    </UnitTest>
    <UnitTest name="IOState_ShouldYieldSameValuesForAllEnumValues_WhenRoundTripConverted (NotAvailable,Unknown)" storage="d:\actions-runner\_work\xpco\xpco\sc\components\remoteviewer\smartclient\tst\zsmartclient_unittest\bin\x64\debug\net472\zsmartclient_unittest.dll" id="b95925c6-4417-d47a-19a9-e46062ab44bc">
      <TestCategory>
        <TestCategoryItem TestCategory="RecorderProxyToDtoMapping" />
      </TestCategory>
      <Execution id="0e9287de-176d-445b-983c-06e514e5e3d3" />
      <TestMethod codeBase="D:\actions-runner\_work\XPCO\XPCO\SC\Components\RemoteViewer\SmartClient\tst\zSmartClient_UnitTest\bin\x64\Debug\net472\zSmartClient_UnitTest.dll" adapterTypeName="executor://mstestadapter/v2" className="VideoOS.Shared.ServerAPI.SOAP.RecorderClientMappingTests" name="IOState_ShouldYieldSameValuesForAllEnumValues_WhenRoundTripConverted" />
    </UnitTest>
    <UnitTest name="Deserialize_FilterMissing_Error" storage="d:\actions-runner\_work\xpco\xpco\sc\components\remoteviewer\smartclient\tst\zsmartclient_unittest\bin\x64\debug\net472\zsmartclient_unittest.dll" id="6f750899-6999-d05b-77b7-f266affebcca">
      <TestCategory>
        <TestCategoryItem TestCategory="SearchSerialization" />
      </TestCategory>
      <Execution id="072738c9-8f74-46f0-a7ca-779b3665c8d7" />
      <TestMethod codeBase="D:\actions-runner\_work\XPCO\XPCO\SC\Components\RemoteViewer\SmartClient\tst\zSmartClient_UnitTest\bin\x64\Debug\net472\zSmartClient_UnitTest.dll" adapterTypeName="executor://mstestadapter/v2" className="SmartClient_UnitTest.VideoOS.RemoteClient.Plugin.CentralizedSearch.Models.Serialization.SearchSerializerTests" name="Deserialize_FilterMissing_Error" />
    </UnitTest>
    <UnitTest name="ToMipSearchResultData_ShouldReturnCorrectSearchResult" storage="d:\actions-runner\_work\xpco\xpco\sc\components\remoteviewer\smartclient\tst\zsmartclient_unittest\bin\x64\debug\net472\zsmartclient_unittest.dll" id="1181cb63-0543-4806-6972-5950350789da">
      <TestCategory>
        <TestCategoryItem TestCategory="Search.Wrappers" />
      </TestCategory>
      <Execution id="5b815889-099a-4008-8f94-b20026651945" />
      <TestMethod codeBase="D:\actions-runner\_work\XPCO\XPCO\SC\Components\RemoteViewer\SmartClient\tst\zSmartClient_UnitTest\bin\x64\Debug\net472\zSmartClient_UnitTest.dll" adapterTypeName="executor://mstestadapter/v2" className="SmartClient_UnitTest.VideoOS.RemoteClient.Plugin.CentralizedSearch.Models.Wrappers.SearchResultDataWrapperTests" name="ToMipSearchResultData_ShouldReturnCorrectSearchResult" />
    </UnitTest>
    <UnitTest name="CreateGeometry_ThreeCornerBuilding_Success" storage="d:\actions-runner\_work\xpco\xpco\sc\components\remoteviewer\smartclient\tst\zsmartclient_unittest\bin\x64\debug\net472\zsmartclient_unittest.dll" id="a660afa4-f5aa-b923-9ed9-b3aed02ce38b">
      <TestCategory>
        <TestCategoryItem TestCategory="GisMapIndex" />
      </TestCategory>
      <Execution id="08f47c6a-1394-4d29-8c42-519aad823625" />
      <TestMethod codeBase="D:\actions-runner\_work\XPCO\XPCO\SC\Components\RemoteViewer\SmartClient\tst\zSmartClient_UnitTest\bin\x64\Debug\net472\zSmartClient_UnitTest.dll" adapterTypeName="executor://mstestadapter/v2" className="SmartClient_UnitTest.VideoOS.RemoteClient.GisMapData.Common.Indexer.IndexUtilTests" name="CreateGeometry_ThreeCornerBuilding_Success" />
    </UnitTest>
    <UnitTest name="DownsizeImageSuccess" storage="d:\actions-runner\_work\xpco\xpco\sc\components\remoteviewer\smartclient\tst\zsmartclient_unittest\bin\x64\debug\net472\zsmartclient_unittest.dll" id="1b358bc1-458b-910a-26a9-b665d6fb08b0">
      <Execution id="9ac2ce53-1e04-424e-aef1-4d33d034d2fe" />
      <TestMethod codeBase="D:\actions-runner\_work\XPCO\XPCO\SC\Components\RemoteViewer\SmartClient\tst\zSmartClient_UnitTest\bin\x64\Debug\net472\zSmartClient_UnitTest.dll" adapterTypeName="executor://mstestadapter/v2" className="SmartClient_UnitTest.VideoOS.RemoteClient.Application.Data.ContentTypes.ImageContentType.ImageUtilsTests" name="DownsizeImageSuccess" />
    </UnitTest>
    <UnitTest name="TestUpdateState_3Cameras" storage="d:\actions-runner\_work\xpco\xpco\sc\components\remoteviewer\smartclient\tst\zsmartclient_unittest\bin\x64\debug\net472\zsmartclient_unittest.dll" id="80faadd3-7ee5-fd40-aebd-98e719e96493">
      <TestCategory>
        <TestCategoryItem TestCategory="WorkspaceToolbar" />
      </TestCategory>
      <Execution id="43723c38-1461-43a2-8af6-1e66592ce628" />
      <TestMethod codeBase="D:\actions-runner\_work\XPCO\XPCO\SC\Components\RemoteViewer\SmartClient\tst\zSmartClient_UnitTest\bin\x64\Debug\net472\zSmartClient_UnitTest.dll" adapterTypeName="executor://mstestadapter/v2" className="SmartClient_UnitTest.VideoOS.RemoteClient.Application.Data.WorkspaceToolbar.WorkspaceToolbarItemSmartSearchTests" name="TestUpdateState_3Cameras" />
    </UnitTest>
    <UnitTest name="Ctor_CentralizedSearchStateWithSelectedSearchTemplate_ActiveSearchTemplateSet" storage="d:\actions-runner\_work\xpco\xpco\sc\components\remoteviewer\smartclient\tst\zsmartclient_unittest\bin\x64\debug\net472\zsmartclient_unittest.dll" id="c2dd673d-ca57-2691-c104-7023a833ff11">
      <TestCategory>
        <TestCategoryItem TestCategory="SearchViewModels" />
      </TestCategory>
      <Execution id="4e573559-11f9-47b3-90b3-c6b02a56f518" />
      <TestMethod codeBase="D:\actions-runner\_work\XPCO\XPCO\SC\Components\RemoteViewer\SmartClient\tst\zSmartClient_UnitTest\bin\x64\Debug\net472\zSmartClient_UnitTest.dll" adapterTypeName="executor://mstestadapter/v2" className="SmartClient_UnitTest.VideoOS.RemoteClient.Plugin.CentralizedSearch.ViewModels.SearchViewModelTests" name="Ctor_CentralizedSearchStateWithSelectedSearchTemplate_ActiveSearchTemplateSet" />
    </UnitTest>
    <UnitTest name="BoundingBoxRefresh" storage="d:\actions-runner\_work\xpco\xpco\sc\components\remoteviewer\smartclient\tst\zsmartclient_unittest\bin\x64\debug\net472\zsmartclient_unittest.dll" id="45bd735f-7812-dc55-613d-6b72234baad1">
      <Execution id="ade1a309-0ed7-4480-a4f4-391536d2444d" />
      <TestMethod codeBase="D:\actions-runner\_work\XPCO\XPCO\SC\Components\RemoteViewer\SmartClient\tst\zSmartClient_UnitTest\bin\x64\Debug\net472\zSmartClient_UnitTest.dll" adapterTypeName="executor://mstestadapter/v2" className="SmartClient_UnitTest.VideoOS.RemoteClient.Application.Data.Metadata.BoundingBoxes.BoundingBoxProviderTest" name="BoundingBoxRefresh" />
    </UnitTest>
    <UnitTest name="Constructor_ShouldRaiseArgumentException_WhenEventServerIdsAreRepeated" storage="d:\actions-runner\_work\xpco\xpco\sc\components\remoteviewer\smartclient\tst\zsmartclient_unittest\bin\x64\debug\net472\zsmartclient_unittest.dll" id="48a343bd-9a05-413c-06ca-9a257f76938b">
      <TestCategory>
        <TestCategoryItem TestCategory="AccessControl.Services" />
      </TestCategory>
      <Execution id="ef4f6e81-e61e-4c41-bc59-8b78fb9ea49d" />
      <TestMethod codeBase="D:\actions-runner\_work\XPCO\XPCO\SC\Components\RemoteViewer\SmartClient\tst\zSmartClient_UnitTest\bin\x64\Debug\net472\zSmartClient_UnitTest.dll" adapterTypeName="executor://mstestadapter/v2" className="SmartClient_UnitTest.VideoOS.RemoteClient.AccessControl.Services.AccessControlGuidProviderTests" name="Constructor_ShouldRaiseArgumentException_WhenEventServerIdsAreRepeated" />
    </UnitTest>
    <UnitTest name="ResolveBaseResultProperties_ShouldReturnASingleTriggerTime_WhenASingleSearchResultIsGiven" storage="d:\actions-runner\_work\xpco\xpco\sc\components\remoteviewer\smartclient\tst\zsmartclient_unittest\bin\x64\debug\net472\zsmartclient_unittest.dll" id="00f3f438-e702-19f0-4f30-bd3e4320eea7">
      <TestCategory>
        <TestCategoryItem TestCategory="Search" />
      </TestCategory>
      <Execution id="cbde52d4-9ea1-4e9b-8a33-61c608225bc5" />
      <TestMethod codeBase="D:\actions-runner\_work\XPCO\XPCO\SC\Components\RemoteViewer\SmartClient\tst\zSmartClient_UnitTest\bin\x64\Debug\net472\zSmartClient_UnitTest.dll" adapterTypeName="executor://mstestadapter/v2" className="SmartClient_UnitTest.VideoOS.RemoteClient.Plugin.CentralizedSearch.Utils.SearchResultDataWrapperExtensionsTests" name="ResolveBaseResultProperties_ShouldReturnASingleTriggerTime_WhenASingleSearchResultIsGiven" />
    </UnitTest>
    <UnitTest name="BoundingBoxClear" storage="d:\actions-runner\_work\xpco\xpco\sc\components\remoteviewer\smartclient\tst\zsmartclient_unittest\bin\x64\debug\net472\zsmartclient_unittest.dll" id="9a20c48e-d269-b782-9e2c-26946688cee6">
      <Execution id="d1e8c0c7-3c33-4663-b431-4ea96480da4c" />
      <TestMethod codeBase="D:\actions-runner\_work\XPCO\XPCO\SC\Components\RemoteViewer\SmartClient\tst\zSmartClient_UnitTest\bin\x64\Debug\net472\zSmartClient_UnitTest.dll" adapterTypeName="executor://mstestadapter/v2" className="SmartClient_UnitTest.VideoOS.RemoteClient.Application.Data.Metadata.BoundingBoxes.BoundingBoxProviderTest" name="BoundingBoxClear" />
    </UnitTest>
    <UnitTest name="OnUnloaded_NoResultControl_DoesNotCrash" storage="d:\actions-runner\_work\xpco\xpco\sc\components\remoteviewer\smartclient\tst\zsmartclient_unittest\bin\x64\debug\net472\zsmartclient_unittest.dll" id="2b48bd6d-d40f-68da-88e6-66c25aa42362">
      <TestCategory>
        <TestCategoryItem TestCategory="Search" />
      </TestCategory>
      <Execution id="ae5d6711-4103-4bab-94e7-17e8f1a02374" />
      <TestMethod codeBase="D:\actions-runner\_work\XPCO\XPCO\SC\Components\RemoteViewer\SmartClient\tst\zSmartClient_UnitTest\bin\x64\Debug\net472\zSmartClient_UnitTest.dll" adapterTypeName="executor://mstestadapter/v2" className="SmartClient_UnitTest.VideoOS.RemoteClient.Plugin.CentralizedSearch.Views.SearchResultContainerViewTests" name="OnUnloaded_NoResultControl_DoesNotCrash" />
    </UnitTest>
    <UnitTest name="IsReCenterButtonVisible_MappedToViewModel_Success" storage="d:\actions-runner\_work\xpco\xpco\sc\components\remoteviewer\smartclient\tst\zsmartclient_unittest\bin\x64\debug\net472\zsmartclient_unittest.dll" id="145e0ff6-94b3-8f9e-a3e6-3b43ce77eb33">
      <TestCategory>
        <TestCategoryItem TestCategory="GisMap.GisMapViewFacade" />
      </TestCategory>
      <Execution id="f105f1f8-5051-4442-b5fd-0b6197fa8864" />
      <TestMethod codeBase="D:\actions-runner\_work\XPCO\XPCO\SC\Components\RemoteViewer\SmartClient\tst\zSmartClient_UnitTest\bin\x64\Debug\net472\zSmartClient_UnitTest.dll" adapterTypeName="executor://mstestadapter/v2" className="SmartClient_UnitTest.VideoOS.RemoteClient.Plugin.GisMap.IoC.GisMapViewFacadeTests" name="IsReCenterButtonVisible_MappedToViewModel_Success" />
    </UnitTest>
    <UnitTest name="ToDenormalizedFieldOfView_0_0" storage="d:\actions-runner\_work\xpco\xpco\sc\components\remoteviewer\smartclient\tst\zsmartclient_unittest\bin\x64\debug\net472\zsmartclient_unittest.dll" id="0df0cb69-797b-9ae4-83ed-e8c0cce4f5b0">
      <TestCategory>
        <TestCategoryItem TestCategory="GisMap" />
      </TestCategory>
      <Execution id="d59ae693-d163-44b6-a183-42c3d25976d9" />
      <TestMethod codeBase="D:\actions-runner\_work\XPCO\XPCO\SC\Components\RemoteViewer\SmartClient\tst\zSmartClient_UnitTest\bin\x64\Debug\net472\zSmartClient_UnitTest.dll" adapterTypeName="executor://mstestadapter/v2" className="SmartClient_UnitTest.VideoOS.RemoteClient.GisMap.Utilities.GisUtilityTests" name="ToDenormalizedFieldOfView_0_0" />
    </UnitTest>
    <UnitTest name="HideNotificationMessage_SetsIsNotificationMessageShownToFalse_WhenCalled" storage="d:\actions-runner\_work\xpco\xpco\sc\components\remoteviewer\smartclient\tst\zsmartclient_unittest\bin\x64\debug\net472\zsmartclient_unittest.dll" id="3def0511-4e40-2e00-f9b9-6bb18ace3fe8">
      <TestCategory>
        <TestCategoryItem TestCategory="GisMapContentHolderTests" />
      </TestCategory>
      <Execution id="60fa4c74-6b7e-4ed6-9105-75bde1bfca88" />
      <TestMethod codeBase="D:\actions-runner\_work\XPCO\XPCO\SC\Components\RemoteViewer\SmartClient\tst\zSmartClient_UnitTest\bin\x64\Debug\net472\zSmartClient_UnitTest.dll" adapterTypeName="executor://mstestadapter/v2" className="SmartClient_UnitTest.VideoOS.RemoteClient.Plugin.GisMap.ContentHolderTests" name="HideNotificationMessage_SetsIsNotificationMessageShownToFalse_WhenCalled" />
    </UnitTest>
    <UnitTest name="AddSelectedWindowsToExport_ShouldShowCorrectToastMessages (0,1,0)" storage="d:\actions-runner\_work\xpco\xpco\sc\components\remoteviewer\smartclient\tst\zsmartclient_unittest\bin\x64\debug\net472\zsmartclient_unittest.dll" id="e976302a-a37c-8679-9199-ce1bff08e845">
      <TestCategory>
        <TestCategoryItem TestCategory="Managers" />
      </TestCategory>
      <Execution id="57b31c1f-a6cc-4678-8ba0-45d099ad2da8" />
      <TestMethod codeBase="D:\actions-runner\_work\XPCO\XPCO\SC\Components\RemoteViewer\SmartClient\tst\zSmartClient_UnitTest\bin\x64\Debug\net472\zSmartClient_UnitTest.dll" adapterTypeName="executor://mstestadapter/v2" className="SmartClient_UnitTest.VideoOS.RemoteClient.Application.Managers.ExportManagerTests" name="AddSelectedWindowsToExport_ShouldShowCorrectToastMessages" />
    </UnitTest>
    <UnitTest name="Convert_InvalidFirstArgument_Collapsed" storage="d:\actions-runner\_work\xpco\xpco\sc\components\remoteviewer\smartclient\tst\zsmartclient_unittest\bin\x64\debug\net472\zsmartclient_unittest.dll" id="65ba2efa-0759-8a99-b7e3-1a551182172b">
      <TestCategory>
        <TestCategoryItem TestCategory="SearchConverter" />
      </TestCategory>
      <Execution id="4bb98507-d0e5-41c7-8e47-4f77f1ec1db1" />
      <TestMethod codeBase="D:\actions-runner\_work\XPCO\XPCO\SC\Components\RemoteViewer\SmartClient\tst\zSmartClient_UnitTest\bin\x64\Debug\net472\zSmartClient_UnitTest.dll" adapterTypeName="executor://mstestadapter/v2" className="SmartClient_UnitTest.VideoOS.RemoteClient.Plugin.CentralizedSearch.Views.Converters.NoCriteriaSelectedGridVisibilityConverterTests" name="Convert_InvalidFirstArgument_Collapsed" />
    </UnitTest>
    <UnitTest name="ValueWithFallbackConverterTests_Convert_OneValue_Success" storage="d:\actions-runner\_work\xpco\xpco\sc\components\remoteviewer\smartclient\tst\zsmartclient_unittest\bin\x64\debug\net472\zsmartclient_unittest.dll" id="9f2d8267-74f7-ee47-e40a-a9214d8b0149">
      <TestCategory>
        <TestCategoryItem TestCategory="SearchConverter" />
      </TestCategory>
      <Execution id="2c24fe3b-173c-472a-8ad7-65adc27bcfea" />
      <TestMethod codeBase="D:\actions-runner\_work\XPCO\XPCO\SC\Components\RemoteViewer\SmartClient\tst\zSmartClient_UnitTest\bin\x64\Debug\net472\zSmartClient_UnitTest.dll" adapterTypeName="executor://mstestadapter/v2" className="SmartClient_UnitTest.VideoOS.RemoteClient.Plugin.CentralizedSearch.Views.Converters.ValueWithFallbackConverterTests" name="ValueWithFallbackConverterTests_Convert_OneValue_Success" />
    </UnitTest>
    <UnitTest name="Constructor_ShouldRaiseArgumentNullException_WhenOwnerWindowIsNull" storage="d:\actions-runner\_work\xpco\xpco\sc\components\remoteviewer\smartclient\tst\zsmartclient_unittest\bin\x64\debug\net472\zsmartclient_unittest.dll" id="00f7a484-6e81-6caf-9969-08e5a26f96ea">
      <TestCategory>
        <TestCategoryItem TestCategory="GisMap.DeviceSelectorWindow" />
      </TestCategory>
      <Execution id="263e405e-cb6d-4bc7-bb88-35b2cce3982a" />
      <TestMethod codeBase="D:\actions-runner\_work\XPCO\XPCO\SC\Components\RemoteViewer\SmartClient\tst\zSmartClient_UnitTest\bin\x64\Debug\net472\zSmartClient_UnitTest.dll" adapterTypeName="executor://mstestadapter/v2" className="SmartClient_UnitTest.VideoOS.RemoteClient.Plugin.GisMap.Windows.GisMapSetup.DeviceSelectors.DeviceSelectorWindowTests" name="Constructor_ShouldRaiseArgumentNullException_WhenOwnerWindowIsNull" />
    </UnitTest>
    <UnitTest name="SearchResultsActionBarActions_CreateSnapshot_InvokeCommand_SingleSnapshotSucceeded_CorrectStatusTextShown" storage="d:\actions-runner\_work\xpco\xpco\sc\components\remoteviewer\smartclient\tst\zsmartclient_unittest\bin\x64\debug\net472\zsmartclient_unittest.dll" id="c92b65c5-6961-9b98-a1f9-2c2587ff0054">
      <TestCategory>
        <TestCategoryItem TestCategory="SearchResultActionBarViewModel" />
      </TestCategory>
      <Execution id="2acac774-dfef-4dff-a100-ca85648861b9" />
      <TestMethod codeBase="D:\actions-runner\_work\XPCO\XPCO\SC\Components\RemoteViewer\SmartClient\tst\zSmartClient_UnitTest\bin\x64\Debug\net472\zSmartClient_UnitTest.dll" adapterTypeName="executor://mstestadapter/v2" className="SmartClient_UnitTest.VideoOS.RemoteClient.Plugin.CentralizedSearch.ViewModels.SearchResultsActionBarViewModelTest" name="SearchResultsActionBarActions_CreateSnapshot_InvokeCommand_SingleSnapshotSucceeded_CorrectStatusTextShown" />
    </UnitTest>
    <UnitTest name="UpdateMarkers_OnResize_Success" storage="d:\actions-runner\_work\xpco\xpco\sc\components\remoteviewer\smartclient\tst\zsmartclient_unittest\bin\x64\debug\net472\zsmartclient_unittest.dll" id="0d8d7f88-cdb1-c8e3-59a9-3cff81206fb2">
      <TestCategory>
        <TestCategoryItem TestCategory="SearchControls" />
      </TestCategory>
      <Execution id="9f190eab-f3c5-4499-8739-98a717cff5ef" />
      <TestMethod codeBase="D:\actions-runner\_work\XPCO\XPCO\SC\Components\RemoteViewer\SmartClient\tst\zSmartClient_UnitTest\bin\x64\Debug\net472\zSmartClient_UnitTest.dll" adapterTypeName="executor://mstestadapter/v2" className="SmartClient_UnitTest.VideoOS.RemoteClient.Plugin.CentralizedSearch.Views.Controls.TimelineRuler.TimelineRulerControlTests" name="UpdateMarkers_OnResize_Success" />
    </UnitTest>
    <UnitTest name="PtzSessionController_Stop_Test" storage="d:\actions-runner\_work\xpco\xpco\sc\components\remoteviewer\smartclient\tst\zsmartclient_unittest\bin\x64\debug\net472\zsmartclient_unittest.dll" id="e0e4a25c-da24-71c2-6a4d-30260f82e840">
      <Execution id="35e2e411-67d1-44c8-bb72-46ec896a80d7" />
      <TestMethod codeBase="D:\actions-runner\_work\XPCO\XPCO\SC\Components\RemoteViewer\SmartClient\tst\zSmartClient_UnitTest\bin\x64\Debug\net472\zSmartClient_UnitTest.dll" adapterTypeName="executor://mstestadapter/v2" className="VideoOS.RemoteClient.Application.Controllers.UnitTest.PtzSessionControllerTest" name="PtzSessionController_Stop_Test" />
    </UnitTest>
    <UnitTest name="BookmarkSearchTime_WithSearchStringInDifferentCases_ReturnCorrectBookmarkWithSearchStringInDescription (SeArChStRiNg,True,True,True,True,,,1)" storage="d:\actions-runner\_work\xpco\xpco\sc\components\remoteviewer\smartclient\tst\zsmartclient_unittest\bin\x64\debug\net472\zsmartclient_unittest.dll" id="7b40f6f2-095c-b718-ce38-5d349c806839">
      <Execution id="8e0d456e-edc9-4bff-8ceb-39a48b6e81ec" />
      <TestMethod codeBase="D:\actions-runner\_work\XPCO\XPCO\SC\Components\RemoteViewer\SmartClient\tst\zSmartClient_UnitTest\bin\x64\Debug\net472\zSmartClient_UnitTest.dll" adapterTypeName="executor://mstestadapter/v2" className="SmartClient_UnitTest.VideoOS.RemoteClient.Application.Data.Offline.UnitTest.BookmarkExportReaderTest" name="BookmarkSearchTime_WithSearchStringInDifferentCases_ReturnCorrectBookmarkWithSearchStringInDescription" />
    </UnitTest>
    <UnitTest name="AddSelectedWindowsToExport_ShouldShowCorrectToastMessages (1,0,1)" storage="d:\actions-runner\_work\xpco\xpco\sc\components\remoteviewer\smartclient\tst\zsmartclient_unittest\bin\x64\debug\net472\zsmartclient_unittest.dll" id="02a92acd-3e74-c832-568f-0225ec898104">
      <TestCategory>
        <TestCategoryItem TestCategory="Managers" />
      </TestCategory>
      <Execution id="e77c6a4b-6671-49c8-9603-b789928ef07f" />
      <TestMethod codeBase="D:\actions-runner\_work\XPCO\XPCO\SC\Components\RemoteViewer\SmartClient\tst\zSmartClient_UnitTest\bin\x64\Debug\net472\zSmartClient_UnitTest.dll" adapterTypeName="executor://mstestadapter/v2" className="SmartClient_UnitTest.VideoOS.RemoteClient.Application.Managers.ExportManagerTests" name="AddSelectedWindowsToExport_ShouldShowCorrectToastMessages" />
    </UnitTest>
    <UnitTest name="SearchResultsActionBarActions_ActionResultModified_Success" storage="d:\actions-runner\_work\xpco\xpco\sc\components\remoteviewer\smartclient\tst\zsmartclient_unittest\bin\x64\debug\net472\zsmartclient_unittest.dll" id="ac29b4b5-8534-78d0-60ee-ce2fc38c2fe4">
      <TestCategory>
        <TestCategoryItem TestCategory="SearchResultActionBarViewModel" />
      </TestCategory>
      <Execution id="35cb9049-964a-48b2-808b-a488a4f52949" />
      <TestMethod codeBase="D:\actions-runner\_work\XPCO\XPCO\SC\Components\RemoteViewer\SmartClient\tst\zSmartClient_UnitTest\bin\x64\Debug\net472\zSmartClient_UnitTest.dll" adapterTypeName="executor://mstestadapter/v2" className="SmartClient_UnitTest.VideoOS.RemoteClient.Plugin.CentralizedSearch.ViewModels.SearchResultsActionBarViewModelTest" name="SearchResultsActionBarActions_ActionResultModified_Success" />
    </UnitTest>
    <UnitTest name="SupportsRightClick_ShouldBeFalse_WhenInteractionStateIsNotNormal" storage="d:\actions-runner\_work\xpco\xpco\sc\components\remoteviewer\smartclient\tst\zsmartclient_unittest\bin\x64\debug\net472\zsmartclient_unittest.dll" id="bab1654e-c8b6-f4c1-eb14-25680f0e8712">
      <TestCategory>
        <TestCategoryItem TestCategory="GisMap.OutputMarkerTest" />
      </TestCategory>
      <Execution id="eaa43404-a4d9-4e8f-955c-05c257fee7c5" />
      <TestMethod codeBase="D:\actions-runner\_work\XPCO\XPCO\SC\Components\RemoteViewer\SmartClient\tst\zSmartClient_UnitTest\bin\x64\Debug\net472\zSmartClient_UnitTest.dll" adapterTypeName="executor://mstestadapter/v2" className="SmartClient_UnitTest.VideoOS.RemoteClient.Plugin.GisMap.ThinkGeoMap.Markers.DeviceMarkers.OutputMarker.OutputMarkerTests" name="SupportsRightClick_ShouldBeFalse_WhenInteractionStateIsNotNormal" />
    </UnitTest>
    <UnitTest name="ActiveIncomingMicrophones_ShouldHave_NoMicrophonesWhenMicrophoneIsMuted" storage="d:\actions-runner\_work\xpco\xpco\sc\components\remoteviewer\smartclient\tst\zsmartclient_unittest\bin\x64\debug\net472\zsmartclient_unittest.dll" id="3d676a9f-bbcb-bc89-c504-7e67ca06500e">
      <TestCategory>
        <TestCategoryItem TestCategory="GisMapAudioController" />
      </TestCategory>
      <Execution id="b3291469-fdec-41d1-b256-4617b8832aaa" />
      <TestMethod codeBase="D:\actions-runner\_work\XPCO\XPCO\SC\Components\RemoteViewer\SmartClient\tst\zSmartClient_UnitTest\bin\x64\Debug\net472\zSmartClient_UnitTest.dll" adapterTypeName="executor://mstestadapter/v2" className="SmartClient_UnitTest.VideoOS.RemoteClient.GisMapData.GisMapAudioControllerTests" name="ActiveIncomingMicrophones_ShouldHave_NoMicrophonesWhenMicrophoneIsMuted" />
    </UnitTest>
    <UnitTest name="GetDuration_LessThanOneMinute_Success" storage="d:\actions-runner\_work\xpco\xpco\sc\components\remoteviewer\smartclient\tst\zsmartclient_unittest\bin\x64\debug\net472\zsmartclient_unittest.dll" id="0fb4b7bb-e522-c3cc-c43e-c8a8d68a12cc">
      <TestCategory>
        <TestCategoryItem TestCategory="Search" />
      </TestCategory>
      <Execution id="40256807-3d5d-41dd-9fb6-62168e68bd3a" />
      <TestMethod codeBase="D:\actions-runner\_work\XPCO\XPCO\SC\Components\RemoteViewer\SmartClient\tst\zSmartClient_UnitTest\bin\x64\Debug\net472\zSmartClient_UnitTest.dll" adapterTypeName="executor://mstestadapter/v2" className="SmartClient_UnitTest.VideoOS.RemoteClient.Plugin.CentralizedSearch.ViewModels.Data.TimeScopeTests" name="GetDuration_LessThanOneMinute_Success" />
    </UnitTest>
    <UnitTest name="UpdateStartupLocationInModel_NoUpdate_Success" storage="d:\actions-runner\_work\xpco\xpco\sc\components\remoteviewer\smartclient\tst\zsmartclient_unittest\bin\x64\debug\net472\zsmartclient_unittest.dll" id="138f94fd-09a3-ac1a-466f-d3cf0cc3562a">
      <TestCategory>
        <TestCategoryItem TestCategory="GisMapContentHolderTests" />
      </TestCategory>
      <Execution id="1c672f42-6659-4b41-a44d-aba2223af2c5" />
      <TestMethod codeBase="D:\actions-runner\_work\XPCO\XPCO\SC\Components\RemoteViewer\SmartClient\tst\zSmartClient_UnitTest\bin\x64\Debug\net472\zSmartClient_UnitTest.dll" adapterTypeName="executor://mstestadapter/v2" className="SmartClient_UnitTest.VideoOS.RemoteClient.Plugin.GisMap.ContentHolderTests" name="UpdateStartupLocationInModel_NoUpdate_Success" />
    </UnitTest>
    <UnitTest name="TrySelectAvailableExportNameTest_ShouldNotDoInfiniteLoop_WhenValidateExportPathIsNotOk" storage="d:\actions-runner\_work\xpco\xpco\sc\components\remoteviewer\smartclient\tst\zsmartclient_unittest\bin\x64\debug\net472\zsmartclient_unittest.dll" id="62a83c18-891b-449e-7f90-a5e43688fbf0">
      <Execution id="51df8660-e5a2-4dd7-8d85-f640b4e5fc80" />
      <TestMethod codeBase="D:\actions-runner\_work\XPCO\XPCO\SC\Components\RemoteViewer\SmartClient\tst\zSmartClient_UnitTest\bin\x64\Debug\net472\zSmartClient_UnitTest.dll" adapterTypeName="executor://mstestadapter/v2" className="SmartClient_UnitTest.VideoOS.RemoteClient.Application.Data.Export.ExportDataHelperTests" name="TrySelectAvailableExportNameTest_ShouldNotDoInfiniteLoop_WhenValidateExportPathIsNotOk" />
    </UnitTest>
    <UnitTest name="BookmarkSearchTime_WithSearchStringInDifferentCases_ReturnCorrectBookmarkWithSearchStringInHeader (SeArChStRiNg,False,False,False,False,,,0)" storage="d:\actions-runner\_work\xpco\xpco\sc\components\remoteviewer\smartclient\tst\zsmartclient_unittest\bin\x64\debug\net472\zsmartclient_unittest.dll" id="22c14ae1-426d-20b6-6b98-6e6a9790adb4">
      <Execution id="05a56258-9d9c-44bd-8f72-4f1495b7ccfc" />
      <TestMethod codeBase="D:\actions-runner\_work\XPCO\XPCO\SC\Components\RemoteViewer\SmartClient\tst\zSmartClient_UnitTest\bin\x64\Debug\net472\zSmartClient_UnitTest.dll" adapterTypeName="executor://mstestadapter/v2" className="SmartClient_UnitTest.VideoOS.RemoteClient.Application.Data.Offline.UnitTest.BookmarkExportReaderTest" name="BookmarkSearchTime_WithSearchStringInDifferentCases_ReturnCorrectBookmarkWithSearchStringInHeader" />
    </UnitTest>
    <UnitTest name="ParseFromName_SecondPartNotZero_MinutesRoundedUp" storage="d:\actions-runner\_work\xpco\xpco\sc\components\remoteviewer\smartclient\tst\zsmartclient_unittest\bin\x64\debug\net472\zsmartclient_unittest.dll" id="41d4421e-5dd5-6cec-027d-d4227fb48184">
      <TestCategory>
        <TestCategoryItem TestCategory="Search" />
      </TestCategory>
      <Execution id="52bb2ad7-9ae7-4696-bd6e-35369482d1dd" />
      <TestMethod codeBase="D:\actions-runner\_work\XPCO\XPCO\SC\Components\RemoteViewer\SmartClient\tst\zSmartClient_UnitTest\bin\x64\Debug\net472\zSmartClient_UnitTest.dll" adapterTypeName="executor://mstestadapter/v2" className="SmartClient_UnitTest.VideoOS.RemoteClient.Plugin.CentralizedSearch.ViewModels.Data.TimeScopeTests" name="ParseFromName_SecondPartNotZero_MinutesRoundedUp" />
    </UnitTest>
    <UnitTest name="ToDenormalizedDirection_Minus0_25" storage="d:\actions-runner\_work\xpco\xpco\sc\components\remoteviewer\smartclient\tst\zsmartclient_unittest\bin\x64\debug\net472\zsmartclient_unittest.dll" id="fc2cbc5b-c2b1-3d19-f684-8de533e0344a">
      <TestCategory>
        <TestCategoryItem TestCategory="GisMap" />
      </TestCategory>
      <Execution id="06c9c479-4dce-4272-904c-0bb4967e2d54" />
      <TestMethod codeBase="D:\actions-runner\_work\XPCO\XPCO\SC\Components\RemoteViewer\SmartClient\tst\zSmartClient_UnitTest\bin\x64\Debug\net472\zSmartClient_UnitTest.dll" adapterTypeName="executor://mstestadapter/v2" className="SmartClient_UnitTest.VideoOS.RemoteClient.GisMap.Utilities.GisUtilityTests" name="ToDenormalizedDirection_Minus0_25" />
    </UnitTest>
    <UnitTest name="MaxRegionsAllowed_ShouldBeIntMaxValue_WhenProvidedMaxIsNegative" storage="d:\actions-runner\_work\xpco\xpco\sc\components\remoteviewer\smartclient\tst\zsmartclient_unittest\bin\x64\debug\net472\zsmartclient_unittest.dll" id="ee325437-e5fe-a792-f60f-ba53523f3b7b">
      <TestCategory>
        <TestCategoryItem TestCategory="Search.Filters.ViewModels" />
      </TestCategory>
      <Execution id="1e62bfe6-4449-4339-bf31-1e7bf3dd33fa" />
      <TestMethod codeBase="D:\actions-runner\_work\XPCO\XPCO\SC\Components\RemoteViewer\SmartClient\tst\zSmartClient_UnitTest\bin\x64\Debug\net472\zSmartClient_UnitTest.dll" adapterTypeName="executor://mstestadapter/v2" className="SmartClient_UnitTest.VideoOS.RemoteClient.Plugin.CentralizedSearch.MIPPlugin.Criteria.ViewModels.RegionSelectionCameraListItemHelperTests" name="MaxRegionsAllowed_ShouldBeIntMaxValue_WhenProvidedMaxIsNegative" />
    </UnitTest>
    <UnitTest name="SearchCriteriaChanged_ActiveSearchResults_SearchRestartedAndResultsCleared" storage="d:\actions-runner\_work\xpco\xpco\sc\components\remoteviewer\smartclient\tst\zsmartclient_unittest\bin\x64\debug\net472\zsmartclient_unittest.dll" id="2618920c-aa56-2790-77ca-5dcd9d1e0fd1">
      <TestCategory>
        <TestCategoryItem TestCategory="SearchModels" />
      </TestCategory>
      <Execution id="8f59241a-c78f-4ba5-85d9-27651867a82e" />
      <TestMethod codeBase="D:\actions-runner\_work\XPCO\XPCO\SC\Components\RemoteViewer\SmartClient\tst\zSmartClient_UnitTest\bin\x64\Debug\net472\zSmartClient_UnitTest.dll" adapterTypeName="executor://mstestadapter/v2" className="SmartClient_UnitTest.VideoOS.RemoteClient.Plugin.CentralizedSearch.Models.SearchModelTests" name="SearchCriteriaChanged_ActiveSearchResults_SearchRestartedAndResultsCleared" />
    </UnitTest>
    <UnitTest name="ActionBarPluginsEnabled_TwoPluginsOneThirdPartyAndOneNot_ThirdPartyPrioritizedLowerThanNonThirdParty" storage="d:\actions-runner\_work\xpco\xpco\sc\components\remoteviewer\smartclient\tst\zsmartclient_unittest\bin\x64\debug\net472\zsmartclient_unittest.dll" id="b2f0581d-5dcb-6a8a-df35-b5108915cfe4">
      <TestCategory>
        <TestCategoryItem TestCategory="SearchViews" />
      </TestCategory>
      <Execution id="770bac91-ef30-4d1e-8563-f817e908df2e" />
      <TestMethod codeBase="D:\actions-runner\_work\XPCO\XPCO\SC\Components\RemoteViewer\SmartClient\tst\zSmartClient_UnitTest\bin\x64\Debug\net472\zSmartClient_UnitTest.dll" adapterTypeName="executor://mstestadapter/v2" className="SmartClient_UnitTest.VideoOS.RemoteClient.Plugin.CentralizedSearch.Views.SearchResultActionBarViewTests" name="ActionBarPluginsEnabled_TwoPluginsOneThirdPartyAndOneNot_ThirdPartyPrioritizedLowerThanNonThirdParty" />
    </UnitTest>
    <UnitTest name="SearchResultDetailsView_MouseDoubleClick_AnimationDisabled_DetailsViewRemovedFromDetailsViewControl" storage="d:\actions-runner\_work\xpco\xpco\sc\components\remoteviewer\smartclient\tst\zsmartclient_unittest\bin\x64\debug\net472\zsmartclient_unittest.dll" id="b39b8640-a4cc-96cc-891a-64310b2030c3">
      <TestCategory>
        <TestCategoryItem TestCategory="SearchViews" />
      </TestCategory>
      <Execution id="78372f90-eff0-4bad-aeb6-55ce3c7c6377" />
      <TestMethod codeBase="D:\actions-runner\_work\XPCO\XPCO\SC\Components\RemoteViewer\SmartClient\tst\zSmartClient_UnitTest\bin\x64\Debug\net472\zSmartClient_UnitTest.dll" adapterTypeName="executor://mstestadapter/v2" className="SmartClient_UnitTest.VideoOS.RemoteClient.Plugin.CentralizedSearch.Views.SearchResultsViewTests" name="SearchResultDetailsView_MouseDoubleClick_AnimationDisabled_DetailsViewRemovedFromDetailsViewControl" />
    </UnitTest>
    <UnitTest name="Search_SingleCategory_SearchCallDelegatedToSearchManager" storage="d:\actions-runner\_work\xpco\xpco\sc\components\remoteviewer\smartclient\tst\zsmartclient_unittest\bin\x64\debug\net472\zsmartclient_unittest.dll" id="20cd3c5b-85a9-064a-ae50-0db9b4c55966">
      <TestCategory>
        <TestCategoryItem TestCategory="Search" />
      </TestCategory>
      <Execution id="eccf8f82-f63a-417e-bbf4-fc32aeb94dce" />
      <TestMethod codeBase="D:\actions-runner\_work\XPCO\XPCO\SC\Components\RemoteViewer\SmartClient\tst\zSmartClient_UnitTest\bin\x64\Debug\net472\zSmartClient_UnitTest.dll" adapterTypeName="executor://mstestadapter/v2" className="SmartClient_UnitTest.VideoOS.RemoteClient.Plugin.CentralizedSearch.MIPPlugin.CompositeSearchDefinitionTests" name="Search_SingleCategory_SearchCallDelegatedToSearchManager" />
    </UnitTest>
    <UnitTest name="GetCredential_ShouldReturnContainedBasicCredentials_WhenUriAndAuthTypeAreNotNull" storage="d:\actions-runner\_work\xpco\xpco\sc\components\remoteviewer\smartclient\tst\zsmartclient_unittest\bin\x64\debug\net472\zsmartclient_unittest.dll" id="63e96068-9f53-27fa-ddcd-94b9c2880dd5">
      <TestCategory>
        <TestCategoryItem TestCategory="Authentication.ClientCredentials" />
      </TestCategory>
      <Execution id="14a2e784-9069-4577-b31a-2f80735dcbf6" />
      <TestMethod codeBase="D:\actions-runner\_work\XPCO\XPCO\SC\Components\RemoteViewer\SmartClient\tst\zSmartClient_UnitTest\bin\x64\Debug\net472\zSmartClient_UnitTest.dll" adapterTypeName="executor://mstestadapter/v2" className="SmartClient_UnitTest.VideoOS.Shared.ServerAPI.ClientCredentialsTest" name="GetCredential_ShouldReturnContainedBasicCredentials_WhenUriAndAuthTypeAreNotNull" />
    </UnitTest>
    <UnitTest name="Empty password" storage="d:\actions-runner\_work\xpco\xpco\sc\components\remoteviewer\smartclient\tst\zsmartclient_unittest\bin\x64\debug\net472\zsmartclient_unittest.dll" id="b970da34-c722-c5ca-a09c-f43a81894d73">
      <TestCategory>
        <TestCategoryItem TestCategory="Export" />
      </TestCategory>
      <Execution id="c74fb94a-1bb0-4cdf-9bb9-c4820267b3fd" />
      <TestMethod codeBase="D:\actions-runner\_work\XPCO\XPCO\SC\Components\RemoteViewer\SmartClient\tst\zSmartClient_UnitTest\bin\x64\Debug\net472\zSmartClient_UnitTest.dll" adapterTypeName="executor://mstestadapter/v2" className="SmartClient_UnitTest.VideoOS.RemoteClient.Plugin.Export.PasswordDialogViewModelTests" name="SettingPassword1_ShouldSetIsPassword1Valid" />
    </UnitTest>
    <UnitTest name="BuildState_SelectionWithSearchDefinitionIndices_Success" storage="d:\actions-runner\_work\xpco\xpco\sc\components\remoteviewer\smartclient\tst\zsmartclient_unittest\bin\x64\debug\net472\zsmartclient_unittest.dll" id="086df0e0-5aad-7a70-c738-24f763045ce7">
      <TestCategory>
        <TestCategoryItem TestCategory="Search" />
      </TestCategory>
      <Execution id="8d4e8862-fa20-4958-8148-01bd87b0e919" />
      <TestMethod codeBase="D:\actions-runner\_work\XPCO\XPCO\SC\Components\RemoteViewer\SmartClient\tst\zSmartClient_UnitTest\bin\x64\Debug\net472\zSmartClient_UnitTest.dll" adapterTypeName="executor://mstestadapter/v2" className="SmartClient_UnitTest.VideoOS.RemoteClient.Plugin.CentralizedSearch.CentralizedSearchContentHolderTests" name="BuildState_SelectionWithSearchDefinitionIndices_Success" />
    </UnitTest>
    <UnitTest name="CreateCameraListItem_ShouldAddRegionSelectionToFilterValue_WhenNotAlreadyPresent" storage="d:\actions-runner\_work\xpco\xpco\sc\components\remoteviewer\smartclient\tst\zsmartclient_unittest\bin\x64\debug\net472\zsmartclient_unittest.dll" id="a7073313-f063-a674-8d00-3ff21318e1ce">
      <TestCategory>
        <TestCategoryItem TestCategory="Search.Filters.ViewModels" />
      </TestCategory>
      <Execution id="7c819a33-0989-4250-82e4-91e9aa9661d1" />
      <TestMethod codeBase="D:\actions-runner\_work\XPCO\XPCO\SC\Components\RemoteViewer\SmartClient\tst\zSmartClient_UnitTest\bin\x64\Debug\net472\zSmartClient_UnitTest.dll" adapterTypeName="executor://mstestadapter/v2" className="SmartClient_UnitTest.VideoOS.RemoteClient.Plugin.CentralizedSearch.MIPPlugin.Criteria.ViewModels.SmartSearchCameraListItemHelperTests" name="CreateCameraListItem_ShouldAddRegionSelectionToFilterValue_WhenNotAlreadyPresent" />
    </UnitTest>
    <UnitTest name="ValueWithFallbackConverterTests_Convert_FirstValueNotNull_SecondValueNotNull_Success" storage="d:\actions-runner\_work\xpco\xpco\sc\components\remoteviewer\smartclient\tst\zsmartclient_unittest\bin\x64\debug\net472\zsmartclient_unittest.dll" id="e56a4d58-0ff2-e6be-cab4-b17c9aa01d74">
      <TestCategory>
        <TestCategoryItem TestCategory="SearchConverter" />
      </TestCategory>
      <Execution id="868e5971-6377-4587-bcec-b9e0c3bc4fc1" />
      <TestMethod codeBase="D:\actions-runner\_work\XPCO\XPCO\SC\Components\RemoteViewer\SmartClient\tst\zSmartClient_UnitTest\bin\x64\Debug\net472\zSmartClient_UnitTest.dll" adapterTypeName="executor://mstestadapter/v2" className="SmartClient_UnitTest.VideoOS.RemoteClient.Plugin.CentralizedSearch.Views.Converters.ValueWithFallbackConverterTests" name="ValueWithFallbackConverterTests_Convert_FirstValueNotNull_SecondValueNotNull_Success" />
    </UnitTest>
    <UnitTest name="AddSelectedWindowsToExport_ShouldShowCorrectToastMessages (1,1,0)" storage="d:\actions-runner\_work\xpco\xpco\sc\components\remoteviewer\smartclient\tst\zsmartclient_unittest\bin\x64\debug\net472\zsmartclient_unittest.dll" id="f1c89d57-5156-c3cb-5004-8f710550b577">
      <TestCategory>
        <TestCategoryItem TestCategory="Managers" />
      </TestCategory>
      <Execution id="53e48a6c-ec66-4dfa-8842-c6c8fb85a385" />
      <TestMethod codeBase="D:\actions-runner\_work\XPCO\XPCO\SC\Components\RemoteViewer\SmartClient\tst\zSmartClient_UnitTest\bin\x64\Debug\net472\zSmartClient_UnitTest.dll" adapterTypeName="executor://mstestadapter/v2" className="SmartClient_UnitTest.VideoOS.RemoteClient.Application.Managers.ExportManagerTests" name="AddSelectedWindowsToExport_ShouldShowCorrectToastMessages" />
    </UnitTest>
    <UnitTest name="Included_ShouldRemoveViewItemFromIncludedViewItems_WhenSetToFalse" storage="d:\actions-runner\_work\xpco\xpco\sc\components\remoteviewer\smartclient\tst\zsmartclient_unittest\bin\x64\debug\net472\zsmartclient_unittest.dll" id="59d09cb9-f05a-ad0a-27b2-ae8fd67c3518">
      <TestCategory>
        <TestCategoryItem TestCategory="ContentHolder" />
      </TestCategory>
      <Execution id="135583a3-75fa-43b6-b5b5-c95db06ffe0f" />
      <TestMethod codeBase="D:\actions-runner\_work\XPCO\XPCO\SC\Components\RemoteViewer\SmartClient\tst\zSmartClient_UnitTest\bin\x64\Debug\net472\zSmartClient_UnitTest.dll" adapterTypeName="executor://mstestadapter/v2" className="SmartClient_UnitTest.VideoOS.RemoteClient.Application.Data.ContentTypes.ContentTypeBase.ContentHolderBaseTests" name="Included_ShouldRemoveViewItemFromIncludedViewItems_WhenSetToFalse" />
    </UnitTest>
    <UnitTest name="GetIndexExtent_ZoomMin_WholeWorldIsCovered" storage="d:\actions-runner\_work\xpco\xpco\sc\components\remoteviewer\smartclient\tst\zsmartclient_unittest\bin\x64\debug\net472\zsmartclient_unittest.dll" id="788a6834-d7c6-3652-9af3-0c73bb9d6301">
      <TestCategory>
        <TestCategoryItem TestCategory="GisMapIndex" />
      </TestCategory>
      <Execution id="3f7990d6-59cc-4d40-97b5-d1962e556f08" />
      <TestMethod codeBase="D:\actions-runner\_work\XPCO\XPCO\SC\Components\RemoteViewer\SmartClient\tst\zSmartClient_UnitTest\bin\x64\Debug\net472\zSmartClient_UnitTest.dll" adapterTypeName="executor://mstestadapter/v2" className="SmartClient_UnitTest.VideoOS.RemoteClient.GisMapData.Common.Indexer.IndexUtilTests" name="GetIndexExtent_ZoomMin_WholeWorldIsCovered" />
    </UnitTest>
    <UnitTest name="TestConstructor_Success" storage="d:\actions-runner\_work\xpco\xpco\sc\components\remoteviewer\smartclient\tst\zsmartclient_unittest\bin\x64\debug\net472\zsmartclient_unittest.dll" id="51eb78b3-47f8-22f8-16bb-8f1455db269f">
      <TestCategory>
        <TestCategoryItem TestCategory="GisMapBuilding" />
      </TestCategory>
      <Execution id="80515b6b-c9bf-4c50-95a5-32acc2be2987" />
      <TestMethod codeBase="D:\actions-runner\_work\XPCO\XPCO\SC\Components\RemoteViewer\SmartClient\tst\zSmartClient_UnitTest\bin\x64\Debug\net472\zSmartClient_UnitTest.dll" adapterTypeName="executor://mstestadapter/v2" className="SmartClient_UnitTest.VideoOS.RemoteClient.GisMapData.MapBuildings.MapLevelTests" name="TestConstructor_Success" />
    </UnitTest>
    <UnitTest name="Categories_ValidateCollection" storage="d:\actions-runner\_work\xpco\xpco\sc\components\remoteviewer\smartclient\tst\zsmartclient_unittest\bin\x64\debug\net472\zsmartclient_unittest.dll" id="8dd7c6d4-048f-e61d-123a-5b91a453390c">
      <TestCategory>
        <TestCategoryItem TestCategory="SearchModels" />
      </TestCategory>
      <Execution id="99f3aa12-20a1-4d1b-a6f1-5833221ee670" />
      <TestMethod codeBase="D:\actions-runner\_work\XPCO\XPCO\SC\Components\RemoteViewer\SmartClient\tst\zSmartClient_UnitTest\bin\x64\Debug\net472\zSmartClient_UnitTest.dll" adapterTypeName="executor://mstestadapter/v2" className="SmartClient_UnitTest.VideoOS.RemoteClient.Plugin.CentralizedSearch.Models.SearchModelTests" name="Categories_ValidateCollection" />
    </UnitTest>
    <UnitTest name="PtzSessionControllerInfoConstructorTest_From_PtzSessionInfo_Other_User" storage="d:\actions-runner\_work\xpco\xpco\sc\components\remoteviewer\smartclient\tst\zsmartclient_unittest\bin\x64\debug\net472\zsmartclient_unittest.dll" id="026dfb6f-c080-58ce-2d5a-796a4588997d">
      <Execution id="e528537c-e714-4588-9d26-16bed1fb9071" />
      <TestMethod codeBase="D:\actions-runner\_work\XPCO\XPCO\SC\Components\RemoteViewer\SmartClient\tst\zSmartClient_UnitTest\bin\x64\Debug\net472\zSmartClient_UnitTest.dll" adapterTypeName="executor://mstestadapter/v2" className="VideoOS.RemoteClient.Application.Controllers.UnitTest.PtzSessionControllerTest" name="PtzSessionControllerInfoConstructorTest_From_PtzSessionInfo_Other_User" />
    </UnitTest>
    <UnitTest name="SmartMapGoToPositionHandler_WhenViewIndexDoesNotMatch_ShouldDoNothing" storage="d:\actions-runner\_work\xpco\xpco\sc\components\remoteviewer\smartclient\tst\zsmartclient_unittest\bin\x64\debug\net472\zsmartclient_unittest.dll" id="ebe31b64-a15f-5d1c-5a6d-837a5656ceb3">
      <Execution id="f2b249cd-166a-4677-8133-b1ff7d94ea1d" />
      <TestMethod codeBase="D:\actions-runner\_work\XPCO\XPCO\SC\Components\RemoteViewer\SmartClient\tst\zSmartClient_UnitTest\bin\x64\Debug\net472\zSmartClient_UnitTest.dll" adapterTypeName="executor://mstestadapter/v2" className="SmartClient_UnitTest.VideoOS.RemoteClient.Plugin.GisMap.MIP.ContentHolderMipMessageManagerTests" name="SmartMapGoToPositionHandler_WhenViewIndexDoesNotMatch_ShouldDoNothing" />
    </UnitTest>
    <UnitTest name="Detach_ShouldRaiseArgumentNullException_WhenWindowIsNull" storage="d:\actions-runner\_work\xpco\xpco\sc\components\remoteviewer\smartclient\tst\zsmartclient_unittest\bin\x64\debug\net472\zsmartclient_unittest.dll" id="708fbd07-d518-bb6a-de51-1d178c785f47">
      <TestCategory>
        <TestCategoryItem TestCategory="GisMap.WindowsBases" />
      </TestCategory>
      <Execution id="825d5e27-6e4b-4ad9-9d35-2328ce586be4" />
      <TestMethod codeBase="D:\actions-runner\_work\XPCO\XPCO\SC\Components\RemoteViewer\SmartClient\tst\zSmartClient_UnitTest\bin\x64\Debug\net472\zSmartClient_UnitTest.dll" adapterTypeName="executor://mstestadapter/v2" className="SmartClient_UnitTest.VideoOS.RemoteClient.Plugin.GisMap.Windows.Bases.DragWindowDecoratorTests" name="Detach_ShouldRaiseArgumentNullException_WhenWindowIsNull" />
    </UnitTest>
    <UnitTest name="GetOsmServerAddress_ShouldRaiseArgumentNullException_WhenOptionManagerIsNull" storage="d:\actions-runner\_work\xpco\xpco\sc\components\remoteviewer\smartclient\tst\zsmartclient_unittest\bin\x64\debug\net472\zsmartclient_unittest.dll" id="0ea16923-06ad-6887-3f6e-aa5fa78ff65a">
      <TestCategory>
        <TestCategoryItem TestCategory="GisMapData.Controllers.Osm" />
      </TestCategory>
      <Execution id="77cf00e0-0b49-4a68-b4ea-0f9aab4fecfc" />
      <TestMethod codeBase="D:\actions-runner\_work\XPCO\XPCO\SC\Components\RemoteViewer\SmartClient\tst\zSmartClient_UnitTest\bin\x64\Debug\net472\zSmartClient_UnitTest.dll" adapterTypeName="executor://mstestadapter/v2" className="SmartClient_UnitTest.VideoOS.RemoteClient.GisMapData.Controllers.Osm.GisMapOsmControllerTests" name="GetOsmServerAddress_ShouldRaiseArgumentNullException_WhenOptionManagerIsNull" />
    </UnitTest>
    <UnitTest name="GetBoundingShapesForMetadataObjectsAsync_ShouldIncludeMetadataObject_WhenRequestedTimeIsWithinMetadataTimespan" storage="d:\actions-runner\_work\xpco\xpco\sc\components\remoteviewer\smartclient\tst\zsmartclient_unittest\bin\x64\debug\net472\zsmartclient_unittest.dll" id="59a4f4a0-e2da-d6b5-1323-31e33b78b21f">
      <Execution id="8cd6666e-fbe4-40b7-be3e-3ddf49dd0d10" />
      <TestMethod codeBase="D:\actions-runner\_work\XPCO\XPCO\SC\Components\RemoteViewer\SmartClient\tst\zSmartClient_UnitTest\bin\x64\Debug\net472\zSmartClient_UnitTest.dll" adapterTypeName="executor://mstestadapter/v2" className="SmartClient_UnitTest.VideoOS.RemoteClient.Plugin.CentralizedSearch.Utils.MetadataUtilTests" name="GetBoundingShapesForMetadataObjectsAsync_ShouldIncludeMetadataObject_WhenRequestedTimeIsWithinMetadataTimespan" />
    </UnitTest>
    <UnitTest name="ToUnsafeName_NullName_Failure" storage="d:\actions-runner\_work\xpco\xpco\sc\components\remoteviewer\smartclient\tst\zsmartclient_unittest\bin\x64\debug\net472\zsmartclient_unittest.dll" id="49c08253-b1e4-f17b-bbba-a7e45be6cbd0">
      <Execution id="2962fb53-31bc-406b-ab57-8507e2476b80" />
      <TestMethod codeBase="D:\actions-runner\_work\XPCO\XPCO\SC\Components\RemoteViewer\SmartClient\tst\zSmartClient_UnitTest\bin\x64\Debug\net472\zSmartClient_UnitTest.dll" adapterTypeName="executor://mstestadapter/v2" className="SmartClient_UnitTest.VideoOS.RemoteClient.Application.Common.Scripting.ReservedJavascriptKeywordsTests" name="ToUnsafeName_NullName_Failure" />
    </UnitTest>
    <UnitTest name="TestReloadView_Success" storage="d:\actions-runner\_work\xpco\xpco\sc\components\remoteviewer\smartclient\tst\zsmartclient_unittest\bin\x64\debug\net472\zsmartclient_unittest.dll" id="7ca8a434-7012-c34d-5866-6521f620a2e4">
      <TestCategory>
        <TestCategoryItem TestCategory="WorkroomController" />
      </TestCategory>
      <Execution id="9c0e2fd6-573b-46d0-a0d1-a09ba1afcb4c" />
      <TestMethod codeBase="D:\actions-runner\_work\XPCO\XPCO\SC\Components\RemoteViewer\SmartClient\tst\zSmartClient_UnitTest\bin\x64\Debug\net472\zSmartClient_UnitTest.dll" adapterTypeName="executor://mstestadapter/v2" className="VideoOS.RemoteClient.Application.Controllers.WorkroomController.UnitTest.TabWorkroomControllerTest" name="TestReloadView_Success" />
    </UnitTest>
    <UnitTest name="AddToExportTuples_ShouldReturnCorrectResult (0,0,5)" storage="d:\actions-runner\_work\xpco\xpco\sc\components\remoteviewer\smartclient\tst\zsmartclient_unittest\bin\x64\debug\net472\zsmartclient_unittest.dll" id="79597831-b508-5354-99c1-919eea66b36a">
      <TestCategory>
        <TestCategoryItem TestCategory="Managers" />
      </TestCategory>
      <Execution id="4bc99254-c024-483a-9bf7-f1572f183f1b" />
      <TestMethod codeBase="D:\actions-runner\_work\XPCO\XPCO\SC\Components\RemoteViewer\SmartClient\tst\zSmartClient_UnitTest\bin\x64\Debug\net472\zSmartClient_UnitTest.dll" adapterTypeName="executor://mstestadapter/v2" className="SmartClient_UnitTest.VideoOS.RemoteClient.Application.Managers.ExportManagerTests" name="AddToExportTuples_ShouldReturnCorrectResult" />
    </UnitTest>
    <UnitTest name="GisMapModel_AddBuilding_Success" storage="d:\actions-runner\_work\xpco\xpco\sc\components\remoteviewer\smartclient\tst\zsmartclient_unittest\bin\x64\debug\net472\zsmartclient_unittest.dll" id="b9c24147-fbc0-a069-bdd6-759f76e4ceca">
      <TestCategory>
        <TestCategoryItem TestCategory="GisMapLayer" />
        <TestCategoryItem TestCategory="GisMapBuilding" />
      </TestCategory>
      <Execution id="bc0d8582-adf4-4b1e-bed7-06bfa639d0e0" />
      <TestMethod codeBase="D:\actions-runner\_work\XPCO\XPCO\SC\Components\RemoteViewer\SmartClient\tst\zSmartClient_UnitTest\bin\x64\Debug\net472\zSmartClient_UnitTest.dll" adapterTypeName="executor://mstestadapter/v2" className="SmartClient_UnitTest.VideoOS.RemoteClient.GisMap.MapLayers.GisMapLayerTests" name="GisMapModel_AddBuilding_Success" />
    </UnitTest>
    <UnitTest name="AddCriteriaCommand_SearchAttributeCategoryNotNull" storage="d:\actions-runner\_work\xpco\xpco\sc\components\remoteviewer\smartclient\tst\zsmartclient_unittest\bin\x64\debug\net472\zsmartclient_unittest.dll" id="fc1071f1-9dc8-3652-9848-fa70b1167397">
      <TestCategory>
        <TestCategoryItem TestCategory="SearchViewModels" />
      </TestCategory>
      <Execution id="a602b678-b2b6-4596-9f36-c3dec14d3065" />
      <TestMethod codeBase="D:\actions-runner\_work\XPCO\XPCO\SC\Components\RemoteViewer\SmartClient\tst\zSmartClient_UnitTest\bin\x64\Debug\net472\zSmartClient_UnitTest.dll" adapterTypeName="executor://mstestadapter/v2" className="SmartClient_UnitTest.VideoOS.RemoteClient.Plugin.CentralizedSearch.ViewModels.SearchViewModelTests" name="AddCriteriaCommand_SearchAttributeCategoryNotNull" />
    </UnitTest>
    <UnitTest name="MapLayerType_ShouldBeNull_WhenCalled" storage="d:\actions-runner\_work\xpco\xpco\sc\components\remoteviewer\smartclient\tst\zsmartclient_unittest\bin\x64\debug\net472\zsmartclient_unittest.dll" id="64de8207-d2f2-0b11-e8d3-5f4ca79e44ca">
      <Execution id="fd96473e-699e-4677-937f-b55714add727" />
      <TestMethod codeBase="D:\actions-runner\_work\XPCO\XPCO\SC\Components\RemoteViewer\SmartClient\tst\zSmartClient_UnitTest\bin\x64\Debug\net472\zSmartClient_UnitTest.dll" adapterTypeName="executor://mstestadapter/v2" className="SmartClient_UnitTest.VideoOS.RemoteClient.GisMapData.Strategies.MapLayers.DefaultMapLayerDatagramClassFactoryStrategyTests" name="MapLayerType_ShouldBeNull_WhenCalled" />
    </UnitTest>
    <UnitTest name="Deserialize_InvalidValidate_ErrorCollectionNotEmpty" storage="d:\actions-runner\_work\xpco\xpco\sc\components\remoteviewer\smartclient\tst\zsmartclient_unittest\bin\x64\debug\net472\zsmartclient_unittest.dll" id="d516c9f8-a086-c688-a8dc-fd4cd17c2bf6">
      <TestCategory>
        <TestCategoryItem TestCategory="SearchModels" />
      </TestCategory>
      <Execution id="9b82748f-6256-41c4-9c8f-455aa3a449d6" />
      <TestMethod codeBase="D:\actions-runner\_work\XPCO\XPCO\SC\Components\RemoteViewer\SmartClient\tst\zSmartClient_UnitTest\bin\x64\Debug\net472\zSmartClient_UnitTest.dll" adapterTypeName="executor://mstestadapter/v2" className="SmartClient_UnitTest.VideoOS.RemoteClient.Plugin.CentralizedSearch.Models.SearchModelTests" name="Deserialize_InvalidValidate_ErrorCollectionNotEmpty" />
    </UnitTest>
    <UnitTest name="Serialize_SearchDefinitionsOnly_Success" storage="d:\actions-runner\_work\xpco\xpco\sc\components\remoteviewer\smartclient\tst\zsmartclient_unittest\bin\x64\debug\net472\zsmartclient_unittest.dll" id="ed095898-1909-8564-6a3c-b8e3252b52c8">
      <TestCategory>
        <TestCategoryItem TestCategory="SearchSerialization" />
      </TestCategory>
      <Execution id="3c3c6c52-d1bc-4fc1-aa9b-3294124d90a1" />
      <TestMethod codeBase="D:\actions-runner\_work\XPCO\XPCO\SC\Components\RemoteViewer\SmartClient\tst\zSmartClient_UnitTest\bin\x64\Debug\net472\zSmartClient_UnitTest.dll" adapterTypeName="executor://mstestadapter/v2" className="SmartClient_UnitTest.VideoOS.RemoteClient.Plugin.CentralizedSearch.Models.Serialization.SearchSerializerTests" name="Serialize_SearchDefinitionsOnly_Success" />
    </UnitTest>
    <UnitTest name="ConvertToNewLevel_ThreeLevelsDown_Success" storage="d:\actions-runner\_work\xpco\xpco\sc\components\remoteviewer\smartclient\tst\zsmartclient_unittest\bin\x64\debug\net472\zsmartclient_unittest.dll" id="b77b4041-c2a1-a348-dd99-14c2acc50a9c">
      <TestCategory>
        <TestCategoryItem TestCategory="GisMapIndex" />
      </TestCategory>
      <Execution id="9593f65b-eea9-476e-a4ac-0f42153033cf" />
      <TestMethod codeBase="D:\actions-runner\_work\XPCO\XPCO\SC\Components\RemoteViewer\SmartClient\tst\zSmartClient_UnitTest\bin\x64\Debug\net472\zSmartClient_UnitTest.dll" adapterTypeName="executor://mstestadapter/v2" className="SmartClient_UnitTest.VideoOS.RemoteClient.GisMapData.Common.Indexer.IndexGridExtentTest" name="ConvertToNewLevel_ThreeLevelsDown_Success" />
    </UnitTest>
    <UnitTest name="ToMipSearchResultData_ShouldIncludeCommonProperties" storage="d:\actions-runner\_work\xpco\xpco\sc\components\remoteviewer\smartclient\tst\zsmartclient_unittest\bin\x64\debug\net472\zsmartclient_unittest.dll" id="85a2369e-6316-dbc2-97b3-7104e8e43977">
      <TestCategory>
        <TestCategoryItem TestCategory="Search.Wrappers" />
      </TestCategory>
      <Execution id="2a17186a-4315-453f-8f44-dfc795120196" />
      <TestMethod codeBase="D:\actions-runner\_work\XPCO\XPCO\SC\Components\RemoteViewer\SmartClient\tst\zSmartClient_UnitTest\bin\x64\Debug\net472\zSmartClient_UnitTest.dll" adapterTypeName="executor://mstestadapter/v2" className="SmartClient_UnitTest.VideoOS.RemoteClient.Plugin.CentralizedSearch.Models.Wrappers.CombinedSearchResultDataWrapperTests" name="ToMipSearchResultData_ShouldIncludeCommonProperties" />
    </UnitTest>
    <UnitTest name="AddItems_EmptyCollection_NoClusterChanges" storage="d:\actions-runner\_work\xpco\xpco\sc\components\remoteviewer\smartclient\tst\zsmartclient_unittest\bin\x64\debug\net472\zsmartclient_unittest.dll" id="4857c902-d3db-1acf-7754-f8c2fceb17a8">
      <TestCategory>
        <TestCategoryItem TestCategory="GisMapIndex" />
      </TestCategory>
      <Execution id="30d2067e-99dc-4986-9e0f-7247e07ce02d" />
      <TestMethod codeBase="D:\actions-runner\_work\XPCO\XPCO\SC\Components\RemoteViewer\SmartClient\tst\zSmartClient_UnitTest\bin\x64\Debug\net472\zSmartClient_UnitTest.dll" adapterTypeName="executor://mstestadapter/v2" className="SmartClient_UnitTest.VideoOS.RemoteClient.GisMapData.Common.Indexer.MapItemIndexerTests" name="AddItems_EmptyCollection_NoClusterChanges" />
    </UnitTest>
    <UnitTest name="GetIsOpenStreetMapValid_ShouldReturnTrue_WhenGeographicLayerIsAvailableAndAlternativeServerHasInvalidUrl" storage="d:\actions-runner\_work\xpco\xpco\sc\components\remoteviewer\smartclient\tst\zsmartclient_unittest\bin\x64\debug\net472\zsmartclient_unittest.dll" id="0d69c7de-0a79-1b02-2fcf-9739b7f2143b">
      <TestCategory>
        <TestCategoryItem TestCategory="GisMapData.Controllers.Osm" />
      </TestCategory>
      <Execution id="8c2f2ae4-9235-438a-bfeb-c94b97a8bf53" />
      <TestMethod codeBase="D:\actions-runner\_work\XPCO\XPCO\SC\Components\RemoteViewer\SmartClient\tst\zSmartClient_UnitTest\bin\x64\Debug\net472\zSmartClient_UnitTest.dll" adapterTypeName="executor://mstestadapter/v2" className="SmartClient_UnitTest.VideoOS.RemoteClient.GisMapData.Controllers.Osm.GisMapOsmControllerTests" name="GetIsOpenStreetMapValid_ShouldReturnTrue_WhenGeographicLayerIsAvailableAndAlternativeServerHasInvalidUrl" />
    </UnitTest>
    <UnitTest name="CreateSearchResultUserControl_UnmappedConfiguration_ReturnsUnknownSearchResultUserControl" storage="d:\actions-runner\_work\xpco\xpco\sc\components\remoteviewer\smartclient\tst\zsmartclient_unittest\bin\x64\debug\net472\zsmartclient_unittest.dll" id="8558e7ab-4f92-48f5-6cd7-72956b247ea9">
      <TestCategory>
        <TestCategoryItem TestCategory="Search" />
      </TestCategory>
      <Execution id="38ee0a90-ed4e-4327-8572-c2befe5bf34b" />
      <TestMethod codeBase="D:\actions-runner\_work\XPCO\XPCO\SC\Components\RemoteViewer\SmartClient\tst\zSmartClient_UnitTest\bin\x64\Debug\net472\zSmartClient_UnitTest.dll" adapterTypeName="executor://mstestadapter/v2" className="SmartClient_UnitTest.VideoOS.RemoteClient.Plugin.CentralizedSearch.MIPPlugin.ScSearchUserControlPluginTest" name="CreateSearchResultUserControl_UnmappedConfiguration_ReturnsUnknownSearchResultUserControl" />
    </UnitTest>
    <UnitTest name="UpdateScope_NullItems_Throws" storage="d:\actions-runner\_work\xpco\xpco\sc\components\remoteviewer\smartclient\tst\zsmartclient_unittest\bin\x64\debug\net472\zsmartclient_unittest.dll" id="06412854-071a-034e-5a5f-ce51d467c3ae">
      <TestCategory>
        <TestCategoryItem TestCategory="SearchModels" />
      </TestCategory>
      <Execution id="3b85ef56-c658-40d7-8dc4-f7490cb61003" />
      <TestMethod codeBase="D:\actions-runner\_work\XPCO\XPCO\SC\Components\RemoteViewer\SmartClient\tst\zSmartClient_UnitTest\bin\x64\Debug\net472\zSmartClient_UnitTest.dll" adapterTypeName="executor://mstestadapter/v2" className="SmartClient_UnitTest.VideoOS.RemoteClient.Plugin.CentralizedSearch.Models.SearchScopeTests" name="UpdateScope_NullItems_Throws" />
    </UnitTest>
    <UnitTest name="ResolveSearchDefinitions_ShouldReturnResultSearchDefinition_WhenCombinedSearchResultWithMultipleSubResultAndSearchDefinitionsNotContainingCorrectSearchDefinitionsAreGiven" storage="d:\actions-runner\_work\xpco\xpco\sc\components\remoteviewer\smartclient\tst\zsmartclient_unittest\bin\x64\debug\net472\zsmartclient_unittest.dll" id="a64a4521-eb75-1b0e-49ca-196652940e73">
      <TestCategory>
        <TestCategoryItem TestCategory="Search" />
      </TestCategory>
      <Execution id="30c7e352-f68b-441d-9b95-f52629d2512c" />
      <TestMethod codeBase="D:\actions-runner\_work\XPCO\XPCO\SC\Components\RemoteViewer\SmartClient\tst\zSmartClient_UnitTest\bin\x64\Debug\net472\zSmartClient_UnitTest.dll" adapterTypeName="executor://mstestadapter/v2" className="SmartClient_UnitTest.VideoOS.RemoteClient.Plugin.CentralizedSearch.Utils.SearchResultDataWrapperExtensionsTests" name="ResolveSearchDefinitions_ShouldReturnResultSearchDefinition_WhenCombinedSearchResultWithMultipleSubResultAndSearchDefinitionsNotContainingCorrectSearchDefinitionsAreGiven" />
    </UnitTest>
    <UnitTest name="Id_ShouldBeDifferent_WhenSearchResultIdIsGuidEmpty" storage="d:\actions-runner\_work\xpco\xpco\sc\components\remoteviewer\smartclient\tst\zsmartclient_unittest\bin\x64\debug\net472\zsmartclient_unittest.dll" id="8252077b-13bd-fcd5-946c-4ceaed8bb503">
      <TestCategory>
        <TestCategoryItem TestCategory="Search.Wrappers" />
      </TestCategory>
      <Execution id="4eb7175e-1248-42d6-99f9-c994842c13bc" />
      <TestMethod codeBase="D:\actions-runner\_work\XPCO\XPCO\SC\Components\RemoteViewer\SmartClient\tst\zSmartClient_UnitTest\bin\x64\Debug\net472\zSmartClient_UnitTest.dll" adapterTypeName="executor://mstestadapter/v2" className="SmartClient_UnitTest.VideoOS.RemoteClient.Plugin.CentralizedSearch.Models.Wrappers.SearchResultDataWrapperTests" name="Id_ShouldBeDifferent_WhenSearchResultIdIsGuidEmpty" />
    </UnitTest>
    <UnitTest name="OnMarkerRightClicked_ShouldLetMapLayerControlMenuItems_WhenMultipleItemsFromSameLayerAreSelected" storage="d:\actions-runner\_work\xpco\xpco\sc\components\remoteviewer\smartclient\tst\zsmartclient_unittest\bin\x64\debug\net472\zsmartclient_unittest.dll" id="0ad4b394-46f3-87fb-eed4-e2c73091dff3">
      <TestCategory>
        <TestCategoryItem TestCategory="SmartMap.MapItemsOverlay" />
      </TestCategory>
      <Execution id="a1039fba-1fb7-423f-bc5a-51a43bcd74d3" />
      <TestMethod codeBase="D:\actions-runner\_work\XPCO\XPCO\SC\Components\RemoteViewer\SmartClient\tst\zSmartClient_UnitTest\bin\x64\Debug\net472\zSmartClient_UnitTest.dll" adapterTypeName="executor://mstestadapter/v2" className="SmartClient_UnitTest.VideoOS.RemoteClient.Plugin.GisMap.ThinkGeoMap.SpecializedOverlays.Overlays.MapItemsOverlayTests" name="OnMarkerRightClicked_ShouldLetMapLayerControlMenuItems_WhenMultipleItemsFromSameLayerAreSelected" />
    </UnitTest>
    <UnitTest name="CreateExportDialog_CannotSelectExportToOptics_WithNoOpticalDrivesPresent" storage="d:\actions-runner\_work\xpco\xpco\sc\components\remoteviewer\smartclient\tst\zsmartclient_unittest\bin\x64\debug\net472\zsmartclient_unittest.dll" id="9e1c156c-7717-458a-15e2-7e227d19e93b">
      <TestCategory>
        <TestCategoryItem TestCategory="Export" />
      </TestCategory>
      <Execution id="97966ddb-fb12-4973-b7d6-2eaa1478fbda" />
      <TestMethod codeBase="D:\actions-runner\_work\XPCO\XPCO\SC\Components\RemoteViewer\SmartClient\tst\zSmartClient_UnitTest\bin\x64\Debug\net472\zSmartClient_UnitTest.dll" adapterTypeName="executor://mstestadapter/v2" className="SmartClient_UnitTest.VideoOS.RemoteClient.Plugin.Export.CreateExportDialogViewModelTests" name="CreateExportDialog_CannotSelectExportToOptics_WithNoOpticalDrivesPresent" />
    </UnitTest>
    <UnitTest name="TryAddInterval_ShouldReturnCorrectValue (True,False,AlreadyAdded)" storage="d:\actions-runner\_work\xpco\xpco\sc\components\remoteviewer\smartclient\tst\zsmartclient_unittest\bin\x64\debug\net472\zsmartclient_unittest.dll" id="b7e1027f-ab12-3a23-380e-a1ca4e90c2bf">
      <TestCategory>
        <TestCategoryItem TestCategory="Managers" />
      </TestCategory>
      <Execution id="572f6bbe-ffda-40eb-86e6-c9ee84e45a32" />
      <TestMethod codeBase="D:\actions-runner\_work\XPCO\XPCO\SC\Components\RemoteViewer\SmartClient\tst\zSmartClient_UnitTest\bin\x64\Debug\net472\zSmartClient_UnitTest.dll" adapterTypeName="executor://mstestadapter/v2" className="SmartClient_UnitTest.VideoOS.RemoteClient.Application.Managers.ExportManagerTests" name="TryAddInterval_ShouldReturnCorrectValue" />
    </UnitTest>
    <UnitTest name="HandleSetLayerFeatures_ShouldUpdateOutputLayerFeatures_WhenOutputKindAndOutputLayerFeatures" storage="d:\actions-runner\_work\xpco\xpco\sc\components\remoteviewer\smartclient\tst\zsmartclient_unittest\bin\x64\debug\net472\zsmartclient_unittest.dll" id="013b26f2-09bd-8917-4b17-0706864d4c14">
      <TestCategory>
        <TestCategoryItem TestCategory="GisMapData.Handlers.LayerFeatures" />
      </TestCategory>
      <Execution id="53d3c155-b32d-4763-8701-8881743d3bd2" />
      <TestMethod codeBase="D:\actions-runner\_work\XPCO\XPCO\SC\Components\RemoteViewer\SmartClient\tst\zSmartClient_UnitTest\bin\x64\Debug\net472\zSmartClient_UnitTest.dll" adapterTypeName="executor://mstestadapter/v2" className="SmartClient_UnitTest.VideoOS.RemoteClient.GisMapData.Handlers.LayerFeatures.OutputLayerFeaturesHandlerTests" name="HandleSetLayerFeatures_ShouldUpdateOutputLayerFeatures_WhenOutputKindAndOutputLayerFeatures" />
    </UnitTest>
    <UnitTest name="ComparerSet_SameValue_NoEventFired" storage="d:\actions-runner\_work\xpco\xpco\sc\components\remoteviewer\smartclient\tst\zsmartclient_unittest\bin\x64\debug\net472\zsmartclient_unittest.dll" id="af2fff69-ede4-2bff-61e9-6a132589f2de">
      <TestCategory>
        <TestCategoryItem TestCategory="SearchResultsPreprocessor" />
      </TestCategory>
      <Execution id="f744269d-3123-4c9a-98c4-53cb60bad700" />
      <TestMethod codeBase="D:\actions-runner\_work\XPCO\XPCO\SC\Components\RemoteViewer\SmartClient\tst\zSmartClient_UnitTest\bin\x64\Debug\net472\zSmartClient_UnitTest.dll" adapterTypeName="executor://mstestadapter/v2" className="SmartClient_UnitTest.VideoOS.RemoteClient.Plugin.CentralizedSearch.Models.SearchResultsPreprocessorTests" name="ComparerSet_SameValue_NoEventFired" />
    </UnitTest>
    <UnitTest name="TestConstructor_NormalParameters_Success" storage="d:\actions-runner\_work\xpco\xpco\sc\components\remoteviewer\smartclient\tst\zsmartclient_unittest\bin\x64\debug\net472\zsmartclient_unittest.dll" id="a62f73f0-335e-a678-1617-1f76a60aab0f">
      <TestCategory>
        <TestCategoryItem TestCategory="WorkroomController" />
      </TestCategory>
      <Execution id="caabd28e-f567-40d4-a448-7c8977d1f7c5" />
      <TestMethod codeBase="D:\actions-runner\_work\XPCO\XPCO\SC\Components\RemoteViewer\SmartClient\tst\zSmartClient_UnitTest\bin\x64\Debug\net472\zSmartClient_UnitTest.dll" adapterTypeName="executor://mstestadapter/v2" className="VideoOS.RemoteClient.Application.Controllers.WorkroomController.UnitTest.TabWorkroomControllerTest" name="TestConstructor_NormalParameters_Success" />
    </UnitTest>
    <UnitTest name="Compare_Ascending_Success" storage="d:\actions-runner\_work\xpco\xpco\sc\components\remoteviewer\smartclient\tst\zsmartclient_unittest\bin\x64\debug\net472\zsmartclient_unittest.dll" id="75ab4f71-3b38-2c11-9aa3-99e6e265b21d">
      <TestCategory>
        <TestCategoryItem TestCategory="SearchComparers" />
      </TestCategory>
      <Execution id="1e13dce8-8153-4e2b-ae74-e6b43a70ff06" />
      <TestMethod codeBase="D:\actions-runner\_work\XPCO\XPCO\SC\Components\RemoteViewer\SmartClient\tst\zSmartClient_UnitTest\bin\x64\Debug\net472\zSmartClient_UnitTest.dll" adapterTypeName="executor://mstestadapter/v2" className="SmartClient_UnitTest.VideoOS.RemoteClient.Plugin.CentralizedSearch.Models.Wrappers.Comparers.BeginTimeWithPaddingComparerTests" name="Compare_Ascending_Success" />
    </UnitTest>
    <UnitTest name="Clear_EventFired" storage="d:\actions-runner\_work\xpco\xpco\sc\components\remoteviewer\smartclient\tst\zsmartclient_unittest\bin\x64\debug\net472\zsmartclient_unittest.dll" id="5038381c-1ef8-8dbb-06ed-8a9f21662b0a">
      <TestCategory>
        <TestCategoryItem TestCategory="SearchResultsPreprocessor" />
      </TestCategory>
      <Execution id="4b07e40f-9423-4100-b9a4-203c84c534e0" />
      <TestMethod codeBase="D:\actions-runner\_work\XPCO\XPCO\SC\Components\RemoteViewer\SmartClient\tst\zSmartClient_UnitTest\bin\x64\Debug\net472\zSmartClient_UnitTest.dll" adapterTypeName="executor://mstestadapter/v2" className="SmartClient_UnitTest.VideoOS.RemoteClient.Plugin.CentralizedSearch.Models.SearchResultsPreprocessorTests" name="Clear_EventFired" />
    </UnitTest>
    <UnitTest name="Constructor_ShouldRaiseArgumentNullException_WhenGisMapModelIsNull" storage="d:\actions-runner\_work\xpco\xpco\sc\components\remoteviewer\smartclient\tst\zsmartclient_unittest\bin\x64\debug\net472\zsmartclient_unittest.dll" id="cedacd39-cebe-080f-c95c-117129a33131">
      <TestCategory>
        <TestCategoryItem TestCategory="GisMap.Handlers.Devices.MapItems" />
      </TestCategory>
      <Execution id="3f050615-0894-4302-b9f7-960d2d5a4913" />
      <TestMethod codeBase="D:\actions-runner\_work\XPCO\XPCO\SC\Components\RemoteViewer\SmartClient\tst\zSmartClient_UnitTest\bin\x64\Debug\net472\zSmartClient_UnitTest.dll" adapterTypeName="executor://mstestadapter/v2" className="SmartClient_UnitTest.VideoOS.RemoteClient.Plugin.GisMap.Handlers.Devices.MapItems.InputDataHandlerTests" name="Constructor_ShouldRaiseArgumentNullException_WhenGisMapModelIsNull" />
    </UnitTest>
    <UnitTest name="TimeToStringConverter_Convert_NullParameter_ReturnUnsetValue" storage="d:\actions-runner\_work\xpco\xpco\sc\components\remoteviewer\smartclient\tst\zsmartclient_unittest\bin\x64\debug\net472\zsmartclient_unittest.dll" id="4007ec22-794b-cf4d-bda6-76bc701e6452">
      <TestCategory>
        <TestCategoryItem TestCategory="SearchConverter" />
      </TestCategory>
      <Execution id="9f01eb0d-6bc0-4ca7-8713-40fc366fc51d" />
      <TestMethod codeBase="D:\actions-runner\_work\XPCO\XPCO\SC\Components\RemoteViewer\SmartClient\tst\zSmartClient_UnitTest\bin\x64\Debug\net472\zSmartClient_UnitTest.dll" adapterTypeName="executor://mstestadapter/v2" className="SmartClient_UnitTest.VideoOS.RemoteClient.Plugin.CentralizedSearch.Views.Converters.TimeToStringConverterTests" name="TimeToStringConverter_Convert_NullParameter_ReturnUnsetValue" />
    </UnitTest>
    <UnitTest name="IsCurrentScaleEqualTo_ShouldReturnTrue_WhenValuesAreEqualWithinGivenPrecision" storage="d:\actions-runner\_work\xpco\xpco\sc\components\remoteviewer\smartclient\tst\zsmartclient_unittest\bin\x64\debug\net472\zsmartclient_unittest.dll" id="7863e25b-2679-2198-6c24-80dcdc161cf9">
      <TestCategory>
        <TestCategoryItem TestCategory="MapExtentManager" />
      </TestCategory>
      <Execution id="4a2464c4-c90b-4d61-9ac7-81e8f6ab6e58" />
      <TestMethod codeBase="D:\actions-runner\_work\XPCO\XPCO\SC\Components\RemoteViewer\SmartClient\tst\zSmartClient_UnitTest\bin\x64\Debug\net472\zSmartClient_UnitTest.dll" adapterTypeName="executor://mstestadapter/v2" className="SmartClient_UnitTest.VideoOS.RemoteClient.Plugin.GisMap.ThinkGeoMap.Settings.ThinkGeoMapExtentManagerTests" name="IsCurrentScaleEqualTo_ShouldReturnTrue_WhenValuesAreEqualWithinGivenPrecision" />
    </UnitTest>
    <UnitTest name="OutputMapItem_ForceActivateAsync_InBuilding_MapLevelsNotLoaded_Success" storage="d:\actions-runner\_work\xpco\xpco\sc\components\remoteviewer\smartclient\tst\zsmartclient_unittest\bin\x64\debug\net472\zsmartclient_unittest.dll" id="1326eca0-5707-a15c-4eaf-c5b6ab9d34ec">
      <TestCategory>
        <TestCategoryItem TestCategory="GisMapData.MapItem.Outputs" />
      </TestCategory>
      <Execution id="0402036b-38bd-4043-b654-06217c1e1977" />
      <TestMethod codeBase="D:\actions-runner\_work\XPCO\XPCO\SC\Components\RemoteViewer\SmartClient\tst\zSmartClient_UnitTest\bin\x64\Debug\net472\zSmartClient_UnitTest.dll" adapterTypeName="executor://mstestadapter/v2" className="SmartClient_UnitTest.VideoOS.RemoteClient.GisMapData.MapItem.Outputs.OutputMapItemTests" name="OutputMapItem_ForceActivateAsync_InBuilding_MapLevelsNotLoaded_Success" />
    </UnitTest>
    <UnitTest name="PatrollingStepListViewModel_CanExecuteMoveUp" storage="d:\actions-runner\_work\xpco\xpco\sc\components\remoteviewer\smartclient\tst\zsmartclient_unittest\bin\x64\debug\net472\zsmartclient_unittest.dll" id="e7c0b876-bbe6-d4df-1806-4ff85a920c2f">
      <Execution id="ed3a0161-d7a1-4bbd-96e5-b92e0a65059f" />
      <TestMethod codeBase="D:\actions-runner\_work\XPCO\XPCO\SC\Components\RemoteViewer\SmartClient\tst\zSmartClient_UnitTest\bin\x64\Debug\net472\zSmartClient_UnitTest.dll" adapterTypeName="executor://mstestadapter/v2" className="SmartClient_UnitTest.VideoOS.RemoteClient.Application.UI.PtzPreset.PatrollingViewModel.PatrollingStepListViewModelTest" name="PatrollingStepListViewModel_CanExecuteMoveUp" />
    </UnitTest>
    <UnitTest name="BoundingShapesCanvasVisibility_UpdateCorrectly" storage="d:\actions-runner\_work\xpco\xpco\sc\components\remoteviewer\smartclient\tst\zsmartclient_unittest\bin\x64\debug\net472\zsmartclient_unittest.dll" id="d84aea0e-76b6-55d2-4b7e-5e6eebfaed0e">
      <Execution id="4ac66dbb-b2bb-4386-b62a-f752950ae3e7" />
      <TestMethod codeBase="D:\actions-runner\_work\XPCO\XPCO\SC\Components\RemoteViewer\SmartClient\tst\zSmartClient_UnitTest\bin\x64\Debug\net472\zSmartClient_UnitTest.dll" adapterTypeName="executor://mstestadapter/v2" className="SmartClient_UnitTest.VideoOS.RemoteClient.Plugin.CentralizedSearch.MIPPlugin.Results.VideoSearchResultUserControlTests" name="BoundingShapesCanvasVisibility_UpdateCorrectly" />
    </UnitTest>
    <UnitTest name="FetchDeviceConfiguration_ShouldNotLoadFromServer_WhenCacheFileIsPresentAndFetchTypeIsOnlyCache" storage="d:\actions-runner\_work\xpco\xpco\sc\components\remoteviewer\smartclient\tst\zsmartclient_unittest\bin\x64\debug\net472\zsmartclient_unittest.dll" id="e9caefce-c71e-206f-c8b4-a603b26c14bb">
      <Execution id="e4d34b32-89b1-4c33-aa7c-2640a10a1d8d" />
      <TestMethod codeBase="D:\actions-runner\_work\XPCO\XPCO\SC\Components\RemoteViewer\SmartClient\tst\zSmartClient_UnitTest\bin\x64\Debug\net472\zSmartClient_UnitTest.dll" adapterTypeName="executor://mstestadapter/v2" className="SmartClient_UnitTest.VideoOS.RemoteClient.Application.Controllers.Helpers.DeviceConfigurationFetcherTests" name="FetchDeviceConfiguration_ShouldNotLoadFromServer_WhenCacheFileIsPresentAndFetchTypeIsOnlyCache" />
    </UnitTest>
    <UnitTest name="ToolbarItems_VisibleEnabledStates_WhenInLiveOrPlayback" storage="d:\actions-runner\_work\xpco\xpco\sc\components\remoteviewer\smartclient\tst\zsmartclient_unittest\bin\x64\debug\net472\zsmartclient_unittest.dll" id="80e1e452-82cf-b088-db40-d28f7d32c62d">
      <TestCategory>
        <TestCategoryItem TestCategory="WorkspaceToolbar" />
      </TestCategory>
      <Execution id="52a1a88d-d284-434e-84af-fa4eac3ac07e" />
      <TestMethod codeBase="D:\actions-runner\_work\XPCO\XPCO\SC\Components\RemoteViewer\SmartClient\tst\zSmartClient_UnitTest\bin\x64\Debug\net472\zSmartClient_UnitTest.dll" adapterTypeName="executor://mstestadapter/v2" className="SmartClient_UnitTest.VideoOS.RemoteClient.Application.UI.Content.WorkspaceToolbar.WorkspaceToolbarViewModelTests" name="ToolbarItems_VisibleEnabledStates_WhenInLiveOrPlayback" />
    </UnitTest>
    <UnitTest name="AddResults_IncludePartialResults_OnePartialResult_Success" storage="d:\actions-runner\_work\xpco\xpco\sc\components\remoteviewer\smartclient\tst\zsmartclient_unittest\bin\x64\debug\net472\zsmartclient_unittest.dll" id="8c07f686-6c37-5afb-9e2e-861969346f9f">
      <TestCategory>
        <TestCategoryItem TestCategory="SearchResultsPreprocessor.PartialResults" />
      </TestCategory>
      <Execution id="239ba87d-7c88-46c7-b694-fd01c1208144" />
      <TestMethod codeBase="D:\actions-runner\_work\XPCO\XPCO\SC\Components\RemoteViewer\SmartClient\tst\zSmartClient_UnitTest\bin\x64\Debug\net472\zSmartClient_UnitTest.dll" adapterTypeName="executor://mstestadapter/v2" className="SmartClient_UnitTest.VideoOS.RemoteClient.Plugin.CentralizedSearch.Models.SearchResultsPreprocessorTests" name="AddResults_IncludePartialResults_OnePartialResult_Success" />
    </UnitTest>
    <UnitTest name="Ctor_NullScreen_ThrowsException" storage="d:\actions-runner\_work\xpco\xpco\sc\components\remoteviewer\smartclient\tst\zsmartclient_unittest\bin\x64\debug\net472\zsmartclient_unittest.dll" id="30772405-8178-0ea1-63c6-a4f72d01f565">
      <TestCategory>
        <TestCategoryItem TestCategory="ViewPanel" />
      </TestCategory>
      <Execution id="96802adb-17e4-4bbf-814f-844783a9665e" />
      <TestMethod codeBase="D:\actions-runner\_work\XPCO\XPCO\SC\Components\RemoteViewer\SmartClient\tst\zSmartClient_UnitTest\bin\x64\Debug\net472\zSmartClient_UnitTest.dll" adapterTypeName="executor://mstestadapter/v2" className="SmartClient_UnitTest.VideoOS.RemoteClient.Application.UI.Panel.Controls.SendToScreenMarkerTests" name="Ctor_NullScreen_ThrowsException" />
    </UnitTest>
    <UnitTest name="MoveToTop_ShouldMoveMarkerTopmost_WhenClusterMarkerMovedToTopBeforehand" storage="d:\actions-runner\_work\xpco\xpco\sc\components\remoteviewer\smartclient\tst\zsmartclient_unittest\bin\x64\debug\net472\zsmartclient_unittest.dll" id="aaab9dde-be84-0ade-c90f-e582e149ad8f">
      <TestCategory>
        <TestCategoryItem TestCategory="SmartMap.MapItemsOverlay" />
      </TestCategory>
      <Execution id="9cbda49e-8ad4-4d7b-ad07-10e943385a24" />
      <TestMethod codeBase="D:\actions-runner\_work\XPCO\XPCO\SC\Components\RemoteViewer\SmartClient\tst\zSmartClient_UnitTest\bin\x64\Debug\net472\zSmartClient_UnitTest.dll" adapterTypeName="executor://mstestadapter/v2" className="SmartClient_UnitTest.VideoOS.RemoteClient.Plugin.GisMap.ThinkGeoMap.SpecializedOverlays.Overlays.MapItemsOverlayTests" name="MoveToTop_ShouldMoveMarkerTopmost_WhenClusterMarkerMovedToTopBeforehand" />
    </UnitTest>
    <UnitTest name="PointMapItem_MicrophoneWithNoShortName_Success" storage="d:\actions-runner\_work\xpco\xpco\sc\components\remoteviewer\smartclient\tst\zsmartclient_unittest\bin\x64\debug\net472\zsmartclient_unittest.dll" id="8d2c3378-22f0-b4e2-6833-c26077a86417">
      <TestCategory>
        <TestCategoryItem TestCategory="GisMapData.MapItem.Microphones" />
      </TestCategory>
      <Execution id="b9514349-da75-4333-87e9-b3dadc0f1076" />
      <TestMethod codeBase="D:\actions-runner\_work\XPCO\XPCO\SC\Components\RemoteViewer\SmartClient\tst\zSmartClient_UnitTest\bin\x64\Debug\net472\zSmartClient_UnitTest.dll" adapterTypeName="executor://mstestadapter/v2" className="SmartClient_UnitTest.VideoOS.RemoteClient.GisMapData.MapItem.Microphones.MicrophoneMapItemTests" name="PointMapItem_MicrophoneWithNoShortName_Success" />
    </UnitTest>
    <UnitTest name="Not forced" storage="d:\actions-runner\_work\xpco\xpco\sc\components\remoteviewer\smartclient\tst\zsmartclient_unittest\bin\x64\debug\net472\zsmartclient_unittest.dll" id="d4e99847-3efa-a01b-10b2-9229e2250900">
      <TestCategory>
        <TestCategoryItem TestCategory="Export" />
      </TestCategory>
      <Execution id="fc5146c5-a5c5-4806-8f11-945c7b3dae8f" />
      <TestMethod codeBase="D:\actions-runner\_work\XPCO\XPCO\SC\Components\RemoteViewer\SmartClient\tst\zSmartClient_UnitTest\bin\x64\Debug\net472\zSmartClient_UnitTest.dll" adapterTypeName="executor://mstestadapter/v2" className="SmartClient_UnitTest.VideoOS.RemoteClient.Plugin.Export.CreateExportDialogViewModelTests" name="CreateExportDialog_GlobalCommentCanBeModified_BasedOnOptions" />
    </UnitTest>
    <UnitTest name="Parse_LastSevenDays_Success" storage="d:\actions-runner\_work\xpco\xpco\sc\components\remoteviewer\smartclient\tst\zsmartclient_unittest\bin\x64\debug\net472\zsmartclient_unittest.dll" id="9a0fb96e-e4fc-b2c2-ba48-82a57235f1f3">
      <TestCategory>
        <TestCategoryItem TestCategory="Search" />
      </TestCategory>
      <Execution id="7b34d163-4689-4357-af32-9efe7de69682" />
      <TestMethod codeBase="D:\actions-runner\_work\XPCO\XPCO\SC\Components\RemoteViewer\SmartClient\tst\zSmartClient_UnitTest\bin\x64\Debug\net472\zSmartClient_UnitTest.dll" adapterTypeName="executor://mstestadapter/v2" className="SmartClient_UnitTest.VideoOS.RemoteClient.Plugin.CentralizedSearch.Models.ScopeDurationTests" name="Parse_LastSevenDays_Success" />
    </UnitTest>
    <UnitTest name="SupportsRightClick_ShouldBeFalse_WhenInteractionStateIsNotNormal" storage="d:\actions-runner\_work\xpco\xpco\sc\components\remoteviewer\smartclient\tst\zsmartclient_unittest\bin\x64\debug\net472\zsmartclient_unittest.dll" id="2d399f3a-cd79-9af4-db68-ab2622857a87">
      <TestCategory>
        <TestCategoryItem TestCategory="GisMap.InputMarkerTest" />
      </TestCategory>
      <Execution id="d53aaa4d-792a-47fc-bfb8-4f5a57bb857d" />
      <TestMethod codeBase="D:\actions-runner\_work\XPCO\XPCO\SC\Components\RemoteViewer\SmartClient\tst\zSmartClient_UnitTest\bin\x64\Debug\net472\zSmartClient_UnitTest.dll" adapterTypeName="executor://mstestadapter/v2" className="SmartClient_UnitTest.VideoOS.RemoteClient.Plugin.GisMap.ThinkGeoMap.Markers.DeviceMarkers.InputMarker.InputMarkerTests" name="SupportsRightClick_ShouldBeFalse_WhenInteractionStateIsNotNormal" />
    </UnitTest>
    <UnitTest name="PtzSessionController_Unregister_None_Registered_Camera_Test" storage="d:\actions-runner\_work\xpco\xpco\sc\components\remoteviewer\smartclient\tst\zsmartclient_unittest\bin\x64\debug\net472\zsmartclient_unittest.dll" id="bf43b520-f013-6f88-54e2-4da33d00fc9f">
      <Execution id="12e3dae3-2c98-46ef-ac4f-029b053ae1f2" />
      <TestMethod codeBase="D:\actions-runner\_work\XPCO\XPCO\SC\Components\RemoteViewer\SmartClient\tst\zSmartClient_UnitTest\bin\x64\Debug\net472\zSmartClient_UnitTest.dll" adapterTypeName="executor://mstestadapter/v2" className="VideoOS.RemoteClient.Application.Controllers.UnitTest.PtzSessionControllerTest" name="PtzSessionController_Unregister_None_Registered_Camera_Test" />
    </UnitTest>
    <UnitTest name="SmartMapGoToPositionHandler_WhenDataIsNotSmartMapGoToPositionCommandData_ShouldWriteToLog" storage="d:\actions-runner\_work\xpco\xpco\sc\components\remoteviewer\smartclient\tst\zsmartclient_unittest\bin\x64\debug\net472\zsmartclient_unittest.dll" id="e2bc20ac-f49d-eabf-edc0-8474eb6a4a1c">
      <Execution id="a98e56cd-40c0-4f78-bc37-095374b0dd72" />
      <TestMethod codeBase="D:\actions-runner\_work\XPCO\XPCO\SC\Components\RemoteViewer\SmartClient\tst\zSmartClient_UnitTest\bin\x64\Debug\net472\zSmartClient_UnitTest.dll" adapterTypeName="executor://mstestadapter/v2" className="SmartClient_UnitTest.VideoOS.RemoteClient.Plugin.GisMap.MIP.ContentHolderMipMessageManagerTests" name="SmartMapGoToPositionHandler_WhenDataIsNotSmartMapGoToPositionCommandData_ShouldWriteToLog" />
    </UnitTest>
    <UnitTest name="ToNormalizedFieldOfView_OutOfRange_2PI_Fail" storage="d:\actions-runner\_work\xpco\xpco\sc\components\remoteviewer\smartclient\tst\zsmartclient_unittest\bin\x64\debug\net472\zsmartclient_unittest.dll" id="3483fd74-40ab-caaa-a1c3-b598cd24d905">
      <TestCategory>
        <TestCategoryItem TestCategory="GisMap" />
      </TestCategory>
      <Execution id="c862e719-0511-486d-b0d5-557ff387b691" />
      <TestMethod codeBase="D:\actions-runner\_work\XPCO\XPCO\SC\Components\RemoteViewer\SmartClient\tst\zSmartClient_UnitTest\bin\x64\Debug\net472\zSmartClient_UnitTest.dll" adapterTypeName="executor://mstestadapter/v2" className="SmartClient_UnitTest.VideoOS.RemoteClient.GisMap.Utilities.GisUtilityTests" name="ToNormalizedFieldOfView_OutOfRange_2PI_Fail" />
    </UnitTest>
    <UnitTest name="DeserializeEmptyState_Fail" storage="d:\actions-runner\_work\xpco\xpco\sc\components\remoteviewer\smartclient\tst\zsmartclient_unittest\bin\x64\debug\net472\zsmartclient_unittest.dll" id="14084b93-5aba-08b1-aca1-53c6d97f4819">
      <Execution id="7e414d2c-e0f8-4fec-b7eb-7208f4f4c172" />
      <TestMethod codeBase="D:\actions-runner\_work\XPCO\XPCO\SC\Components\RemoteViewer\SmartClient\tst\zSmartClient_UnitTest\bin\x64\Debug\net472\zSmartClient_UnitTest.dll" adapterTypeName="executor://mstestadapter/v2" className="SmartClient_UnitTest.VideoOS.RemoteClient.Data.VideoWall.MonitorStateTests" name="DeserializeEmptyState_Fail" />
    </UnitTest>
    <UnitTest name="ResultCountText_OneResults_Success" storage="d:\actions-runner\_work\xpco\xpco\sc\components\remoteviewer\smartclient\tst\zsmartclient_unittest\bin\x64\debug\net472\zsmartclient_unittest.dll" id="c453d029-07d1-c3a5-eeb3-4f67d3418e09">
      <TestCategory>
        <TestCategoryItem TestCategory="SearchResultViewModels" />
      </TestCategory>
      <Execution id="232cbb40-048b-4951-8ce9-2aea7c4abe9f" />
      <TestMethod codeBase="D:\actions-runner\_work\XPCO\XPCO\SC\Components\RemoteViewer\SmartClient\tst\zSmartClient_UnitTest\bin\x64\Debug\net472\zSmartClient_UnitTest.dll" adapterTypeName="executor://mstestadapter/v2" className="SmartClient_UnitTest.VideoOS.RemoteClient.Plugin.CentralizedSearch.ViewModels.SearchResultsViewModelTest" name="ResultCountText_OneResults_Success" />
    </UnitTest>
    <UnitTest name="GisMapModel_MapVersion_IsCorrect" storage="d:\actions-runner\_work\xpco\xpco\sc\components\remoteviewer\smartclient\tst\zsmartclient_unittest\bin\x64\debug\net472\zsmartclient_unittest.dll" id="35fc797f-8043-748e-70a2-2388d5cb8d3d">
      <TestCategory>
        <TestCategoryItem TestCategory="GisMap" />
      </TestCategory>
      <Execution id="86b67963-137d-45c6-bf38-42a9c3a27514" />
      <TestMethod codeBase="D:\actions-runner\_work\XPCO\XPCO\SC\Components\RemoteViewer\SmartClient\tst\zSmartClient_UnitTest\bin\x64\Debug\net472\zSmartClient_UnitTest.dll" adapterTypeName="executor://mstestadapter/v2" className="SmartClient_UnitTest.VideoOS.RemoteClient.GisMapData.GisMapBasicTests" name="GisMapModel_MapVersion_IsCorrect" />
    </UnitTest>
    <UnitTest name="LoadSearchTemplate_NoActiveToNewActiveSuppressEvent_UpdateAndNoEvent" storage="d:\actions-runner\_work\xpco\xpco\sc\components\remoteviewer\smartclient\tst\zsmartclient_unittest\bin\x64\debug\net472\zsmartclient_unittest.dll" id="165e0853-e6ec-d7d3-2c96-375c649002cc">
      <TestCategory>
        <TestCategoryItem TestCategory="SearchTemplates" />
      </TestCategory>
      <Execution id="f0372e57-fcc2-40f1-897a-f0f8943fa908" />
      <TestMethod codeBase="D:\actions-runner\_work\XPCO\XPCO\SC\Components\RemoteViewer\SmartClient\tst\zSmartClient_UnitTest\bin\x64\Debug\net472\zSmartClient_UnitTest.dll" adapterTypeName="executor://mstestadapter/v2" className="SmartClient_UnitTest.VideoOS.RemoteClient.Plugin.CentralizedSearch.SearchTemplates.SearchTemplateManagerTests" name="LoadSearchTemplate_NoActiveToNewActiveSuppressEvent_UpdateAndNoEvent" />
    </UnitTest>
    <UnitTest name="Toolbar_HasNoButtonsVisibleByDefault_WhenNotInLiveOrPlayback" storage="d:\actions-runner\_work\xpco\xpco\sc\components\remoteviewer\smartclient\tst\zsmartclient_unittest\bin\x64\debug\net472\zsmartclient_unittest.dll" id="5660124e-2746-e525-af63-46d6c656faea">
      <TestCategory>
        <TestCategoryItem TestCategory="WorkspaceToolbar" />
      </TestCategory>
      <Execution id="8997b61b-1e5f-48e3-8bb9-f478244e8d1f" />
      <TestMethod codeBase="D:\actions-runner\_work\XPCO\XPCO\SC\Components\RemoteViewer\SmartClient\tst\zSmartClient_UnitTest\bin\x64\Debug\net472\zSmartClient_UnitTest.dll" adapterTypeName="executor://mstestadapter/v2" className="SmartClient_UnitTest.VideoOS.RemoteClient.Application.UI.Content.WorkspaceToolbar.WorkspaceToolbarViewModelTests" name="Toolbar_HasNoButtonsVisibleByDefault_WhenNotInLiveOrPlayback" />
    </UnitTest>
    <UnitTest name="AddToExportDevices_ShouldReturnCorrectResult (1,0,0)" storage="d:\actions-runner\_work\xpco\xpco\sc\components\remoteviewer\smartclient\tst\zsmartclient_unittest\bin\x64\debug\net472\zsmartclient_unittest.dll" id="4d16c358-c29f-69ec-8ad9-4ed7ab30e526">
      <TestCategory>
        <TestCategoryItem TestCategory="Managers" />
      </TestCategory>
      <Execution id="4980cf8c-11db-4e65-bba4-002d5a0b6082" />
      <TestMethod codeBase="D:\actions-runner\_work\XPCO\XPCO\SC\Components\RemoteViewer\SmartClient\tst\zSmartClient_UnitTest\bin\x64\Debug\net472\zSmartClient_UnitTest.dll" adapterTypeName="executor://mstestadapter/v2" className="SmartClient_UnitTest.VideoOS.RemoteClient.Application.Managers.ExportManagerTests" name="AddToExportDevices_ShouldReturnCorrectResult" />
    </UnitTest>
    <UnitTest name="AddGetConfigurationCameraTest" storage="d:\actions-runner\_work\xpco\xpco\sc\components\remoteviewer\smartclient\tst\zsmartclient_unittest\bin\x64\debug\net472\zsmartclient_unittest.dll" id="8b087bdb-e613-2682-1659-90f070e3535d">
      <Execution id="a6802479-15b0-4732-a4af-ed8c492860e0" />
      <TestMethod codeBase="D:\actions-runner\_work\XPCO\XPCO\SC\Components\RemoteViewer\SmartClient\tst\zSmartClient_UnitTest\bin\x64\Debug\net472\zSmartClient_UnitTest.dll" adapterTypeName="executor://mstestadapter/v2" className="SmartClient_UnitTest.VideoOS.Shared.ServerAPI.IServerConfigurationTest" name="AddGetConfigurationCameraTest" />
    </UnitTest>
    <UnitTest name="PTZArgsDto_ShouldYieldSameValues_WhenRoundTripConverted" storage="d:\actions-runner\_work\xpco\xpco\sc\components\remoteviewer\smartclient\tst\zsmartclient_unittest\bin\x64\debug\net472\zsmartclient_unittest.dll" id="0dee4a37-8d38-ef6d-98a5-3e594bce7f88">
      <TestCategory>
        <TestCategoryItem TestCategory="RecorderProxyToDtoMapping" />
      </TestCategory>
      <Execution id="03ad8f3d-0612-444a-b401-f20b68cbc39b" />
      <TestMethod codeBase="D:\actions-runner\_work\XPCO\XPCO\SC\Components\RemoteViewer\SmartClient\tst\zSmartClient_UnitTest\bin\x64\Debug\net472\zSmartClient_UnitTest.dll" adapterTypeName="executor://mstestadapter/v2" className="VideoOS.Shared.ServerAPI.SOAP.RecorderClientMappingTests" name="PTZArgsDto_ShouldYieldSameValues_WhenRoundTripConverted" />
    </UnitTest>
    <UnitTest name="ToDenormalizedDirection_Minus1_0" storage="d:\actions-runner\_work\xpco\xpco\sc\components\remoteviewer\smartclient\tst\zsmartclient_unittest\bin\x64\debug\net472\zsmartclient_unittest.dll" id="ba333333-3cb8-334f-91af-f5ad79143e8f">
      <TestCategory>
        <TestCategoryItem TestCategory="GisMap" />
      </TestCategory>
      <Execution id="81e8c50c-aa9a-487b-8d93-a5884463dfca" />
      <TestMethod codeBase="D:\actions-runner\_work\XPCO\XPCO\SC\Components\RemoteViewer\SmartClient\tst\zSmartClient_UnitTest\bin\x64\Debug\net472\zSmartClient_UnitTest.dll" adapterTypeName="executor://mstestadapter/v2" className="SmartClient_UnitTest.VideoOS.RemoteClient.GisMap.Utilities.GisUtilityTests" name="ToDenormalizedDirection_Minus1_0" />
    </UnitTest>
    <UnitTest name="AddSelectedCameras_AddedUnsorted_Sorted" storage="d:\actions-runner\_work\xpco\xpco\sc\components\remoteviewer\smartclient\tst\zsmartclient_unittest\bin\x64\debug\net472\zsmartclient_unittest.dll" id="f2392ab0-78ba-8d94-1e9f-3ff53d3d1da4">
      <TestCategory>
        <TestCategoryItem TestCategory="SearchViewModels" />
      </TestCategory>
      <Execution id="6eae1b52-47f3-4a04-90c4-911918005f01" />
      <TestMethod codeBase="D:\actions-runner\_work\XPCO\XPCO\SC\Components\RemoteViewer\SmartClient\tst\zSmartClient_UnitTest\bin\x64\Debug\net472\zSmartClient_UnitTest.dll" adapterTypeName="executor://mstestadapter/v2" className="SmartClient_UnitTest.VideoOS.RemoteClient.Plugin.CentralizedSearch.ViewModels.SearchViewModelTests" name="AddSelectedCameras_AddedUnsorted_Sorted" />
    </UnitTest>
    <UnitTest name="MutedMicrophoneIcons_ShouldReturnIconsInAProperOrder_WhenCalled" storage="d:\actions-runner\_work\xpco\xpco\sc\components\remoteviewer\smartclient\tst\zsmartclient_unittest\bin\x64\debug\net472\zsmartclient_unittest.dll" id="9337e38c-4624-4f1b-786d-f8be59a53622">
      <TestCategory>
        <TestCategoryItem TestCategory="GisMapData.MicrophoneOemResourcesProviderTests" />
      </TestCategory>
      <Execution id="385923db-ecdb-47f7-8e74-d56a7da3ef6a" />
      <TestMethod codeBase="D:\actions-runner\_work\XPCO\XPCO\SC\Components\RemoteViewer\SmartClient\tst\zSmartClient_UnitTest\bin\x64\Debug\net472\zSmartClient_UnitTest.dll" adapterTypeName="executor://mstestadapter/v2" className="SmartClient_UnitTest.VideoOS.RemoteClient.GisMapData.Resources.MicrophoneOemResourcesProviderTests" name="MutedMicrophoneIcons_ShouldReturnIconsInAProperOrder_WhenCalled" />
    </UnitTest>
    <UnitTest name="SearchResultsActionBarActions_DeleteBookmark_ConfirmDeleteNo_DeleteCancelled" storage="d:\actions-runner\_work\xpco\xpco\sc\components\remoteviewer\smartclient\tst\zsmartclient_unittest\bin\x64\debug\net472\zsmartclient_unittest.dll" id="883ed386-0af3-88ca-5bd9-30da25d79f41">
      <TestCategory>
        <TestCategoryItem TestCategory="Search.Bookmarks" />
      </TestCategory>
      <Execution id="b3117a76-cb6c-4f7d-b6e0-d98d3abd846a" />
      <TestMethod codeBase="D:\actions-runner\_work\XPCO\XPCO\SC\Components\RemoteViewer\SmartClient\tst\zSmartClient_UnitTest\bin\x64\Debug\net472\zSmartClient_UnitTest.dll" adapterTypeName="executor://mstestadapter/v2" className="SmartClient_UnitTest.VideoOS.RemoteClient.Plugin.CentralizedSearch.ViewModels.SearchResultsActionBarViewModelTest" name="SearchResultsActionBarActions_DeleteBookmark_ConfirmDeleteNo_DeleteCancelled" />
    </UnitTest>
    <UnitTest name="SetLayerFeatures_ShouldRaiseArgumentException_WhenNoneCameraKindAndCameraLayerFeatures" storage="d:\actions-runner\_work\xpco\xpco\sc\components\remoteviewer\smartclient\tst\zsmartclient_unittest\bin\x64\debug\net472\zsmartclient_unittest.dll" id="7b5ff511-526b-7adf-f4f4-c89931ab0b4e">
      <TestCategory>
        <TestCategoryItem TestCategory="GisMapData.Controllers.LayerFeatures" />
      </TestCategory>
      <Execution id="6d721505-9422-4d35-a16a-d95d984e2189" />
      <TestMethod codeBase="D:\actions-runner\_work\XPCO\XPCO\SC\Components\RemoteViewer\SmartClient\tst\zSmartClient_UnitTest\bin\x64\Debug\net472\zSmartClient_UnitTest.dll" adapterTypeName="executor://mstestadapter/v2" className="SmartClient_UnitTest.VideoOS.RemoteClient.GisMapData.Controllers.LayerFeatures.LayerFeaturesControllerTests" name="SetLayerFeatures_ShouldRaiseArgumentException_WhenNoneCameraKindAndCameraLayerFeatures" />
    </UnitTest>
    <UnitTest name="OnMarkerSelected_ShouldDeselectAndReselectMarker_WhenSingleSelectionAndAlreadySelected" storage="d:\actions-runner\_work\xpco\xpco\sc\components\remoteviewer\smartclient\tst\zsmartclient_unittest\bin\x64\debug\net472\zsmartclient_unittest.dll" id="e28ccd3c-119e-ea01-443c-a177bc7fcafe">
      <TestCategory>
        <TestCategoryItem TestCategory="SmartMap.SelectionHelper" />
      </TestCategory>
      <Execution id="b0dd646b-77e3-4a56-ad2f-4c61cadb0eeb" />
      <TestMethod codeBase="D:\actions-runner\_work\XPCO\XPCO\SC\Components\RemoteViewer\SmartClient\tst\zSmartClient_UnitTest\bin\x64\Debug\net472\zSmartClient_UnitTest.dll" adapterTypeName="executor://mstestadapter/v2" className="SmartClient_UnitTest.VideoOS.RemoteClient.Plugin.GisMap.ThinkGeoMap.SpecializedOverlays.Overlays.SelectionHelperTests" name="OnMarkerSelected_ShouldDeselectAndReselectMarker_WhenSingleSelectionAndAlreadySelected" />
    </UnitTest>
    <UnitTest name="AddToExportDevices_ShouldReturnCorrectResult (0,5,0)" storage="d:\actions-runner\_work\xpco\xpco\sc\components\remoteviewer\smartclient\tst\zsmartclient_unittest\bin\x64\debug\net472\zsmartclient_unittest.dll" id="efd25159-239b-fd92-436e-6007a499ebd4">
      <TestCategory>
        <TestCategoryItem TestCategory="Managers" />
      </TestCategory>
      <Execution id="e75c7f8f-2158-4160-96a3-fa0e10141e95" />
      <TestMethod codeBase="D:\actions-runner\_work\XPCO\XPCO\SC\Components\RemoteViewer\SmartClient\tst\zSmartClient_UnitTest\bin\x64\Debug\net472\zSmartClient_UnitTest.dll" adapterTypeName="executor://mstestadapter/v2" className="SmartClient_UnitTest.VideoOS.RemoteClient.Application.Managers.ExportManagerTests" name="AddToExportDevices_ShouldReturnCorrectResult" />
    </UnitTest>
    <UnitTest name="GetDeactivatedOutputIconId_ShouldRaiseArgumentException_WhenArgumentIsNotAActivatedOutputIconId" storage="d:\actions-runner\_work\xpco\xpco\sc\components\remoteviewer\smartclient\tst\zsmartclient_unittest\bin\x64\debug\net472\zsmartclient_unittest.dll" id="1435e2a2-bee2-1d2d-95b6-bab177d11e01">
      <TestCategory>
        <TestCategoryItem TestCategory="GisMapData.OutputOemResourcesProviderTests" />
      </TestCategory>
      <Execution id="1b3ed738-4843-4391-89c7-9a663df5468e" />
      <TestMethod codeBase="D:\actions-runner\_work\XPCO\XPCO\SC\Components\RemoteViewer\SmartClient\tst\zSmartClient_UnitTest\bin\x64\Debug\net472\zSmartClient_UnitTest.dll" adapterTypeName="executor://mstestadapter/v2" className="SmartClient_UnitTest.VideoOS.RemoteClient.GisMapData.Resources.OutputOemResourcesProviderTests" name="GetDeactivatedOutputIconId_ShouldRaiseArgumentException_WhenArgumentIsNotAActivatedOutputIconId" />
    </UnitTest>
    <UnitTest name="PtzPresetsMenuViewModel_PtzCotrolledByPatrollingTest" storage="d:\actions-runner\_work\xpco\xpco\sc\components\remoteviewer\smartclient\tst\zsmartclient_unittest\bin\x64\debug\net472\zsmartclient_unittest.dll" id="29212116-6a0b-3ffd-ae50-19c86a9244cc">
      <Execution id="2d5ef97b-e0c6-46d0-84c9-7841d82f71f5" />
      <TestMethod codeBase="D:\actions-runner\_work\XPCO\XPCO\SC\Components\RemoteViewer\SmartClient\tst\zSmartClient_UnitTest\bin\x64\Debug\net472\zSmartClient_UnitTest.dll" adapterTypeName="executor://mstestadapter/v2" className="SmartClient_UnitTest.VideoOS.RemoteClient.Application.Data.ContentTypes.CameraContentType.PtzPresetsMenuViewModelTest" name="PtzPresetsMenuViewModel_PtzCotrolledByPatrollingTest" />
    </UnitTest>
    <UnitTest name="ScWorkspaceStateChangedEvent_ShouldSetDeviceIsDisabledToFalse_WhenSwitchingToSetupModeAndDeviceIsDisabled" storage="d:\actions-runner\_work\xpco\xpco\sc\components\remoteviewer\smartclient\tst\zsmartclient_unittest\bin\x64\debug\net472\zsmartclient_unittest.dll" id="9060a50a-9771-de76-4b8f-daa876d7df09">
      <TestCategory>
        <TestCategoryItem TestCategory="GisMapData.MapLayers" />
      </TestCategory>
      <Execution id="87977f09-6e4e-4fc3-9826-f33e6d4e8c5a" />
      <TestMethod codeBase="D:\actions-runner\_work\XPCO\XPCO\SC\Components\RemoteViewer\SmartClient\tst\zSmartClient_UnitTest\bin\x64\Debug\net472\zSmartClient_UnitTest.dll" adapterTypeName="executor://mstestadapter/v2" className="SmartClient_UnitTest.VideoOS.RemoteClient.GisMapData.MapLayers.MicrophoneItemsMapLayerTests" name="ScWorkspaceStateChangedEvent_ShouldSetDeviceIsDisabledToFalse_WhenSwitchingToSetupModeAndDeviceIsDisabled" />
    </UnitTest>
    <UnitTest name="BoundingBoxValidAndInValidData" storage="d:\actions-runner\_work\xpco\xpco\sc\components\remoteviewer\smartclient\tst\zsmartclient_unittest\bin\x64\debug\net472\zsmartclient_unittest.dll" id="d2f75ecd-c8ef-a49e-a7d9-9ac8db3c0867">
      <Execution id="30ddcba1-2e75-4773-aac4-bf8964c7ba7f" />
      <TestMethod codeBase="D:\actions-runner\_work\XPCO\XPCO\SC\Components\RemoteViewer\SmartClient\tst\zSmartClient_UnitTest\bin\x64\Debug\net472\zSmartClient_UnitTest.dll" adapterTypeName="executor://mstestadapter/v2" className="SmartClient_UnitTest.VideoOS.RemoteClient.Application.Data.Metadata.BoundingBoxes.BoundingBoxProviderTest" name="BoundingBoxValidAndInValidData" />
    </UnitTest>
    <UnitTest name="ParseFromName_SecondZero_MinutesNotRoundedUp" storage="d:\actions-runner\_work\xpco\xpco\sc\components\remoteviewer\smartclient\tst\zsmartclient_unittest\bin\x64\debug\net472\zsmartclient_unittest.dll" id="195570df-9817-b542-b94a-a76463a05b14">
      <TestCategory>
        <TestCategoryItem TestCategory="Search" />
      </TestCategory>
      <Execution id="94d45398-1014-41fa-baaf-8821e179d703" />
      <TestMethod codeBase="D:\actions-runner\_work\XPCO\XPCO\SC\Components\RemoteViewer\SmartClient\tst\zSmartClient_UnitTest\bin\x64\Debug\net472\zSmartClient_UnitTest.dll" adapterTypeName="executor://mstestadapter/v2" className="SmartClient_UnitTest.VideoOS.RemoteClient.Plugin.CentralizedSearch.ViewModels.Data.TimeScopeTests" name="ParseFromName_SecondZero_MinutesNotRoundedUp" />
    </UnitTest>
    <UnitTest name="InputMapItem_Delete_Success" storage="d:\actions-runner\_work\xpco\xpco\sc\components\remoteviewer\smartclient\tst\zsmartclient_unittest\bin\x64\debug\net472\zsmartclient_unittest.dll" id="86c3c546-c6cf-be65-f34c-24ab64b4ab72">
      <TestCategory>
        <TestCategoryItem TestCategory="GisMapData.MapItem.Inputs" />
      </TestCategory>
      <Execution id="7383015a-5d9d-49df-b683-7766c27e575f" />
      <TestMethod codeBase="D:\actions-runner\_work\XPCO\XPCO\SC\Components\RemoteViewer\SmartClient\tst\zSmartClient_UnitTest\bin\x64\Debug\net472\zSmartClient_UnitTest.dll" adapterTypeName="executor://mstestadapter/v2" className="SmartClient_UnitTest.VideoOS.RemoteClient.GisMapData.MapItem.Inputs.InputMapItemTests" name="InputMapItem_Delete_Success" />
    </UnitTest>
    <UnitTest name="Valid password bigger length" storage="d:\actions-runner\_work\xpco\xpco\sc\components\remoteviewer\smartclient\tst\zsmartclient_unittest\bin\x64\debug\net472\zsmartclient_unittest.dll" id="bfdc2e11-573c-5747-26b0-0b571bfbb54c">
      <TestCategory>
        <TestCategoryItem TestCategory="Export" />
      </TestCategory>
      <Execution id="79201bb2-ef57-4d29-a1bc-ce92de283e79" />
      <TestMethod codeBase="D:\actions-runner\_work\XPCO\XPCO\SC\Components\RemoteViewer\SmartClient\tst\zSmartClient_UnitTest\bin\x64\Debug\net472\zSmartClient_UnitTest.dll" adapterTypeName="executor://mstestadapter/v2" className="SmartClient_UnitTest.VideoOS.RemoteClient.Plugin.Export.PasswordDialogViewModelTests" name="InitialPassword_ShouldResultInCorrectValidity" />
    </UnitTest>
    <UnitTest name="GetClusters_ShouldMergeSimpleClustersToSuperCluster_WhenZoomingOut" storage="d:\actions-runner\_work\xpco\xpco\sc\components\remoteviewer\smartclient\tst\zsmartclient_unittest\bin\x64\debug\net472\zsmartclient_unittest.dll" id="a181eeb7-1c31-8890-a7e0-69f2adb601a4">
      <TestCategory>
        <TestCategoryItem TestCategory="GisMapIndex.SuperClusters" />
      </TestCategory>
      <Execution id="b9671c32-1f3d-47f7-bcda-a3fb29751dca" />
      <TestMethod codeBase="D:\actions-runner\_work\XPCO\XPCO\SC\Components\RemoteViewer\SmartClient\tst\zSmartClient_UnitTest\bin\x64\Debug\net472\zSmartClient_UnitTest.dll" adapterTypeName="executor://mstestadapter/v2" className="SmartClient_UnitTest.VideoOS.RemoteClient.GisMapData.Common.Indexer.MapItemIndexerTests_SuperClusters" name="GetClusters_ShouldMergeSimpleClustersToSuperCluster_WhenZoomingOut" />
    </UnitTest>
    <UnitTest name="Close_ViewModelIsClosed" storage="d:\actions-runner\_work\xpco\xpco\sc\components\remoteviewer\smartclient\tst\zsmartclient_unittest\bin\x64\debug\net472\zsmartclient_unittest.dll" id="eb8cc7fe-9fe8-0f19-c373-e4f56eaad478">
      <TestCategory>
        <TestCategoryItem TestCategory="Export" />
      </TestCategory>
      <Execution id="e2252e5f-da91-45ca-b98e-64846589ab36" />
      <TestMethod codeBase="D:\actions-runner\_work\XPCO\XPCO\SC\Components\RemoteViewer\SmartClient\tst\zSmartClient_UnitTest\bin\x64\Debug\net472\zSmartClient_UnitTest.dll" adapterTypeName="executor://mstestadapter/v2" className="SmartClient_UnitTest.VideoOS.RemoteClient.Plugin.Export.ExportContentHolderTests" name="Close_ViewModelIsClosed" />
    </UnitTest>
    <UnitTest name="TryGetOsmServerTileAddress_ShouldReturnFalse_WhenOsmServerAddressIsEmpty" storage="d:\actions-runner\_work\xpco\xpco\sc\components\remoteviewer\smartclient\tst\zsmartclient_unittest\bin\x64\debug\net472\zsmartclient_unittest.dll" id="5ea77848-9cab-6829-7cc9-030d32485ccd">
      <TestCategory>
        <TestCategoryItem TestCategory="GisMapData.Controllers.Osm" />
      </TestCategory>
      <Execution id="488d792f-12de-4b6e-a6a2-bb9223607c02" />
      <TestMethod codeBase="D:\actions-runner\_work\XPCO\XPCO\SC\Components\RemoteViewer\SmartClient\tst\zSmartClient_UnitTest\bin\x64\Debug\net472\zSmartClient_UnitTest.dll" adapterTypeName="executor://mstestadapter/v2" className="SmartClient_UnitTest.VideoOS.RemoteClient.GisMapData.Controllers.Osm.GisMapOsmControllerTests" name="TryGetOsmServerTileAddress_ShouldReturnFalse_WhenOsmServerAddressIsEmpty" />
    </UnitTest>
    <UnitTest name="AddToExportDevices_ShouldReturnCorrectResult (0,1,1)" storage="d:\actions-runner\_work\xpco\xpco\sc\components\remoteviewer\smartclient\tst\zsmartclient_unittest\bin\x64\debug\net472\zsmartclient_unittest.dll" id="582d8a38-a0ae-cfd9-0b4e-02b7216ac2ae">
      <TestCategory>
        <TestCategoryItem TestCategory="Managers" />
      </TestCategory>
      <Execution id="d873e7fb-e69f-4792-9fa6-b1a36d77cad7" />
      <TestMethod codeBase="D:\actions-runner\_work\XPCO\XPCO\SC\Components\RemoteViewer\SmartClient\tst\zSmartClient_UnitTest\bin\x64\Debug\net472\zSmartClient_UnitTest.dll" adapterTypeName="executor://mstestadapter/v2" className="SmartClient_UnitTest.VideoOS.RemoteClient.Application.Managers.ExportManagerTests" name="AddToExportDevices_ShouldReturnCorrectResult" />
    </UnitTest>
    <UnitTest name="PtzSessionControllerInfo_UserChangedTest_NoChange_Patrolling" storage="d:\actions-runner\_work\xpco\xpco\sc\components\remoteviewer\smartclient\tst\zsmartclient_unittest\bin\x64\debug\net472\zsmartclient_unittest.dll" id="0bc3c781-e5e2-4061-bcbc-7fa16190d596">
      <Execution id="90dfba36-6aaa-4382-af0c-d25cb1412754" />
      <TestMethod codeBase="D:\actions-runner\_work\XPCO\XPCO\SC\Components\RemoteViewer\SmartClient\tst\zSmartClient_UnitTest\bin\x64\Debug\net472\zSmartClient_UnitTest.dll" adapterTypeName="executor://mstestadapter/v2" className="VideoOS.RemoteClient.Application.Controllers.UnitTest.PtzSessionControllerTest" name="PtzSessionControllerInfo_UserChangedTest_NoChange_Patrolling" />
    </UnitTest>
    <UnitTest name="UpdateItemState_Hidden_NullCamera" storage="d:\actions-runner\_work\xpco\xpco\sc\components\remoteviewer\smartclient\tst\zsmartclient_unittest\bin\x64\debug\net472\zsmartclient_unittest.dll" id="73ba8d8b-63f0-7559-fdd9-22c8ccb33146">
      <TestCategory>
        <TestCategoryItem TestCategory="ContentHolderToolbar" />
      </TestCategory>
      <Execution id="e3cfaf66-23b9-461e-b54c-6d107707f4e7" />
      <TestMethod codeBase="D:\actions-runner\_work\XPCO\XPCO\SC\Components\RemoteViewer\SmartClient\tst\zSmartClient_UnitTest\bin\x64\Debug\net472\zSmartClient_UnitTest.dll" adapterTypeName="executor://mstestadapter/v2" className="SmartClient_UnitTest.VideoOS.RemoteClient.Application.Data.ContentHolderToolbar.ToolBarItemSearchTests" name="UpdateItemState_Hidden_NullCamera" />
    </UnitTest>
    <UnitTest name="GetUtcToday_DifferentTimeZoneNoDst_Success" storage="d:\actions-runner\_work\xpco\xpco\sc\components\remoteviewer\smartclient\tst\zsmartclient_unittest\bin\x64\debug\net472\zsmartclient_unittest.dll" id="4ab80538-8920-6bd3-f5bf-6a692e875394">
      <TestCategory>
        <TestCategoryItem TestCategory="Search" />
      </TestCategory>
      <Execution id="b6d7ac34-30a6-49b8-933a-e312e79a7c66" />
      <TestMethod codeBase="D:\actions-runner\_work\XPCO\XPCO\SC\Components\RemoteViewer\SmartClient\tst\zSmartClient_UnitTest\bin\x64\Debug\net472\zSmartClient_UnitTest.dll" adapterTypeName="executor://mstestadapter/v2" className="SmartClient_UnitTest.VideoOS.RemoteClient.Plugin.CentralizedSearch.ViewModels.Data.TimeScopeTests" name="GetUtcToday_DifferentTimeZoneNoDst_Success" />
    </UnitTest>
    <UnitTest name="DeleteMapItems_ShouldReturnTrue_WhenUserAcknowledgesDeletionOfSingleItem" storage="d:\actions-runner\_work\xpco\xpco\sc\components\remoteviewer\smartclient\tst\zsmartclient_unittest\bin\x64\debug\net472\zsmartclient_unittest.dll" id="b7bca108-da6d-1f8c-7ea5-81ba3e07496a">
      <TestCategory>
        <TestCategoryItem TestCategory="GisMapModelController" />
      </TestCategory>
      <Execution id="924233cb-a700-4efb-a70d-e7f45aed494a" />
      <TestMethod codeBase="D:\actions-runner\_work\XPCO\XPCO\SC\Components\RemoteViewer\SmartClient\tst\zSmartClient_UnitTest\bin\x64\Debug\net472\zSmartClient_UnitTest.dll" adapterTypeName="executor://mstestadapter/v2" className="SmartClient_UnitTest.VideoOS.RemoteClient.GisMapData.GisMapModelControllerTests" name="DeleteMapItems_ShouldReturnTrue_WhenUserAcknowledgesDeletionOfSingleItem" />
    </UnitTest>
    <UnitTest name="SearchResultsActionBarActions_Export_OptionAvailable_Enabled" storage="d:\actions-runner\_work\xpco\xpco\sc\components\remoteviewer\smartclient\tst\zsmartclient_unittest\bin\x64\debug\net472\zsmartclient_unittest.dll" id="12b1647d-efe3-c366-079d-2236800d0935">
      <TestCategory>
        <TestCategoryItem TestCategory="SearchResultActionBarViewModel" />
      </TestCategory>
      <Execution id="bb1497cb-a586-4406-b074-f05ba8043239" />
      <TestMethod codeBase="D:\actions-runner\_work\XPCO\XPCO\SC\Components\RemoteViewer\SmartClient\tst\zSmartClient_UnitTest\bin\x64\Debug\net472\zSmartClient_UnitTest.dll" adapterTypeName="executor://mstestadapter/v2" className="SmartClient_UnitTest.VideoOS.RemoteClient.Plugin.CentralizedSearch.ViewModels.SearchResultsActionBarViewModelTest" name="SearchResultsActionBarActions_Export_OptionAvailable_Enabled" />
    </UnitTest>
    <UnitTest name="UpdateHomeLocationInModel_Updated_Succes" storage="d:\actions-runner\_work\xpco\xpco\sc\components\remoteviewer\smartclient\tst\zsmartclient_unittest\bin\x64\debug\net472\zsmartclient_unittest.dll" id="7bbe3c7b-c7f6-b4cd-97f0-8c1f6db6c80e">
      <TestCategory>
        <TestCategoryItem TestCategory="GisMapContentHolderTests" />
      </TestCategory>
      <Execution id="bd3847fe-8d97-4231-a181-e83ad2c207c6" />
      <TestMethod codeBase="D:\actions-runner\_work\XPCO\XPCO\SC\Components\RemoteViewer\SmartClient\tst\zSmartClient_UnitTest\bin\x64\Debug\net472\zSmartClient_UnitTest.dll" adapterTypeName="executor://mstestadapter/v2" className="SmartClient_UnitTest.VideoOS.RemoteClient.Plugin.GisMap.ContentHolderTests" name="UpdateHomeLocationInModel_Updated_Succes" />
    </UnitTest>
    <UnitTest name="MakeId_ShouldGenerateUniqueId_WhenTwoDefinitionsGenerateSameResultIds" storage="d:\actions-runner\_work\xpco\xpco\sc\components\remoteviewer\smartclient\tst\zsmartclient_unittest\bin\x64\debug\net472\zsmartclient_unittest.dll" id="c31b76c8-61cb-842b-101d-3527fdf73529">
      <TestCategory>
        <TestCategoryItem TestCategory="Search.Wrappers" />
      </TestCategory>
      <Execution id="50803ad3-172f-4ca0-b93c-42a4b0190895" />
      <TestMethod codeBase="D:\actions-runner\_work\XPCO\XPCO\SC\Components\RemoteViewer\SmartClient\tst\zSmartClient_UnitTest\bin\x64\Debug\net472\zSmartClient_UnitTest.dll" adapterTypeName="executor://mstestadapter/v2" className="SmartClient_UnitTest.VideoOS.RemoteClient.Plugin.CentralizedSearch.Models.Wrappers.SearchResultDataWrapperTests" name="MakeId_ShouldGenerateUniqueId_WhenTwoDefinitionsGenerateSameResultIds" />
    </UnitTest>
    <UnitTest name="PatrollingProfileListViewModel_ResolvePresetName_New_Preset" storage="d:\actions-runner\_work\xpco\xpco\sc\components\remoteviewer\smartclient\tst\zsmartclient_unittest\bin\x64\debug\net472\zsmartclient_unittest.dll" id="f8edaabc-4dde-c771-27c5-00bf75b12606">
      <Execution id="b792d536-670d-4c0e-8002-b06a01f83a8d" />
      <TestMethod codeBase="D:\actions-runner\_work\XPCO\XPCO\SC\Components\RemoteViewer\SmartClient\tst\zSmartClient_UnitTest\bin\x64\Debug\net472\zSmartClient_UnitTest.dll" adapterTypeName="executor://mstestadapter/v2" className="SmartClient_UnitTest.VideoOS.RemoteClient.Application.UI.PtzPreset.PatrollingViewModel.PatrollingProfileListViewModelTest" name="PatrollingProfileListViewModel_ResolvePresetName_New_Preset" />
    </UnitTest>
    <UnitTest name="UpdateScope_AbsoluteScopeDurationToTimeChanged_ReturnsTrue" storage="d:\actions-runner\_work\xpco\xpco\sc\components\remoteviewer\smartclient\tst\zsmartclient_unittest\bin\x64\debug\net472\zsmartclient_unittest.dll" id="a4234a76-75fb-b47f-57a5-6def17414cfd">
      <TestCategory>
        <TestCategoryItem TestCategory="SearchModels" />
      </TestCategory>
      <Execution id="14ab0d6d-12f3-42af-8677-4ca1e07258db" />
      <TestMethod codeBase="D:\actions-runner\_work\XPCO\XPCO\SC\Components\RemoteViewer\SmartClient\tst\zSmartClient_UnitTest\bin\x64\Debug\net472\zSmartClient_UnitTest.dll" adapterTypeName="executor://mstestadapter/v2" className="SmartClient_UnitTest.VideoOS.RemoteClient.Plugin.CentralizedSearch.Models.SearchScopeTests" name="UpdateScope_AbsoluteScopeDurationToTimeChanged_ReturnsTrue" />
    </UnitTest>
    <UnitTest name="PtzInfoViewModel_PtzCotrolledByUnknownTest" storage="d:\actions-runner\_work\xpco\xpco\sc\components\remoteviewer\smartclient\tst\zsmartclient_unittest\bin\x64\debug\net472\zsmartclient_unittest.dll" id="604833d7-d8a0-cb51-77cf-d5e2a38bc181">
      <Execution id="eac38202-b60f-4658-bac1-571c72fbd9c1" />
      <TestMethod codeBase="D:\actions-runner\_work\XPCO\XPCO\SC\Components\RemoteViewer\SmartClient\tst\zSmartClient_UnitTest\bin\x64\Debug\net472\zSmartClient_UnitTest.dll" adapterTypeName="executor://mstestadapter/v2" className="SmartClient_UnitTest.VideoOS.RemoteClient.Plugin.Map.WPFObjects.PtzInfoViewModelUnitTest" name="PtzInfoViewModel_PtzCotrolledByUnknownTest" />
    </UnitTest>
    <UnitTest name="Passwords are not the same, higher length" storage="d:\actions-runner\_work\xpco\xpco\sc\components\remoteviewer\smartclient\tst\zsmartclient_unittest\bin\x64\debug\net472\zsmartclient_unittest.dll" id="e27c79a9-96f0-c6eb-4cec-029a6b6b7927">
      <TestCategory>
        <TestCategoryItem TestCategory="Export" />
      </TestCategory>
      <Execution id="4e959d3b-318c-4bfe-8f0c-c2f2151d56c7" />
      <TestMethod codeBase="D:\actions-runner\_work\XPCO\XPCO\SC\Components\RemoteViewer\SmartClient\tst\zSmartClient_UnitTest\bin\x64\Debug\net472\zSmartClient_UnitTest.dll" adapterTypeName="executor://mstestadapter/v2" className="SmartClient_UnitTest.VideoOS.RemoteClient.Plugin.Export.PasswordDialogViewModelTests" name="SettingPassword1AndPassword2_ShouldSetIsPassword2Valid" />
    </UnitTest>
    <UnitTest name="Convert_ShouldReturnFalse_WhenParameterIsNotEqualToValue" storage="d:\actions-runner\_work\xpco\xpco\sc\components\remoteviewer\smartclient\tst\zsmartclient_unittest\bin\x64\debug\net472\zsmartclient_unittest.dll" id="5ed08d6e-1829-53d6-39c2-5824072e1015">
      <TestCategory>
        <TestCategoryItem TestCategory="GisMap.InteractionStateConverter" />
      </TestCategory>
      <Execution id="dfbe36c2-8fa5-40e1-8fe1-a93aaf9b19a6" />
      <TestMethod codeBase="D:\actions-runner\_work\XPCO\XPCO\SC\Components\RemoteViewer\SmartClient\tst\zSmartClient_UnitTest\bin\x64\Debug\net472\zSmartClient_UnitTest.dll" adapterTypeName="executor://mstestadapter/v2" className="SmartClient_UnitTest.VideoOS.RemoteClient.Plugin.GisMap.View.InteractionStateConverterTests" name="Convert_ShouldReturnFalse_WhenParameterIsNotEqualToValue" />
    </UnitTest>
    <UnitTest name="StartSelection_ShouldClearAnyExistingSelections_WhenNotAddingToExitingSelection" storage="d:\actions-runner\_work\xpco\xpco\sc\components\remoteviewer\smartclient\tst\zsmartclient_unittest\bin\x64\debug\net472\zsmartclient_unittest.dll" id="455c6da2-80f5-0fe8-cc92-891d7de0d2ac">
      <TestCategory>
        <TestCategoryItem TestCategory="SmartMap.SelectionHelper" />
      </TestCategory>
      <Execution id="87223ecb-bcec-4c83-af0f-8d9d261b1a36" />
      <TestMethod codeBase="D:\actions-runner\_work\XPCO\XPCO\SC\Components\RemoteViewer\SmartClient\tst\zSmartClient_UnitTest\bin\x64\Debug\net472\zSmartClient_UnitTest.dll" adapterTypeName="executor://mstestadapter/v2" className="SmartClient_UnitTest.VideoOS.RemoteClient.Plugin.GisMap.ThinkGeoMap.SpecializedOverlays.Overlays.SelectionHelperTests" name="StartSelection_ShouldClearAnyExistingSelections_WhenNotAddingToExitingSelection" />
    </UnitTest>
    <UnitTest name="IsCurrentScaleEqualTo_ShouldReturnFalse_WhenValuesAreNotEqualWithinGivenPrecision" storage="d:\actions-runner\_work\xpco\xpco\sc\components\remoteviewer\smartclient\tst\zsmartclient_unittest\bin\x64\debug\net472\zsmartclient_unittest.dll" id="e5f806d4-832f-52ef-8b31-b0825a471642">
      <TestCategory>
        <TestCategoryItem TestCategory="MapExtentManager" />
      </TestCategory>
      <Execution id="62a11308-a708-474c-b687-d2f7a89b8b78" />
      <TestMethod codeBase="D:\actions-runner\_work\XPCO\XPCO\SC\Components\RemoteViewer\SmartClient\tst\zSmartClient_UnitTest\bin\x64\Debug\net472\zSmartClient_UnitTest.dll" adapterTypeName="executor://mstestadapter/v2" className="SmartClient_UnitTest.VideoOS.RemoteClient.Plugin.GisMap.ThinkGeoMap.Settings.ThinkGeoMapExtentManagerTests" name="IsCurrentScaleEqualTo_ShouldReturnFalse_WhenValuesAreNotEqualWithinGivenPrecision" />
    </UnitTest>
    <UnitTest name="Toolbar_IsVisible_WhenNotInLiveOrPlayback_ButFullscreen" storage="d:\actions-runner\_work\xpco\xpco\sc\components\remoteviewer\smartclient\tst\zsmartclient_unittest\bin\x64\debug\net472\zsmartclient_unittest.dll" id="d8aaa504-6178-a22d-3fb8-ce2b255c46bf">
      <TestCategory>
        <TestCategoryItem TestCategory="WorkspaceToolbar" />
      </TestCategory>
      <Execution id="943f9249-3946-4d08-af91-e6528fa2831c" />
      <TestMethod codeBase="D:\actions-runner\_work\XPCO\XPCO\SC\Components\RemoteViewer\SmartClient\tst\zSmartClient_UnitTest\bin\x64\Debug\net472\zSmartClient_UnitTest.dll" adapterTypeName="executor://mstestadapter/v2" className="SmartClient_UnitTest.VideoOS.RemoteClient.Application.UI.Content.WorkspaceToolbar.WorkspaceToolbarViewModelTests" name="Toolbar_IsVisible_WhenNotInLiveOrPlayback_ButFullscreen" />
    </UnitTest>
    <UnitTest name="GisPointToIndexGridPosition_SouthPole_Success" storage="d:\actions-runner\_work\xpco\xpco\sc\components\remoteviewer\smartclient\tst\zsmartclient_unittest\bin\x64\debug\net472\zsmartclient_unittest.dll" id="f524f1c4-1318-ce7b-3939-10f70b1c9bd9">
      <TestCategory>
        <TestCategoryItem TestCategory="GisMapIndex" />
      </TestCategory>
      <Execution id="21d3e106-0f41-455b-9d73-e183b86d97b9" />
      <TestMethod codeBase="D:\actions-runner\_work\XPCO\XPCO\SC\Components\RemoteViewer\SmartClient\tst\zSmartClient_UnitTest\bin\x64\Debug\net472\zSmartClient_UnitTest.dll" adapterTypeName="executor://mstestadapter/v2" className="SmartClient_UnitTest.VideoOS.RemoteClient.GisMapData.Common.Indexer.IndexUtilTests" name="GisPointToIndexGridPosition_SouthPole_Success" />
    </UnitTest>
    <UnitTest name="ConvertGridMaskTestImageViewerFormat" storage="d:\actions-runner\_work\xpco\xpco\sc\components\remoteviewer\smartclient\tst\zsmartclient_unittest\bin\x64\debug\net472\zsmartclient_unittest.dll" id="78819630-2935-1e63-9860-8c1336d44889">
      <Execution id="4ccb3418-4b00-48d9-a326-12e2399f9832" />
      <TestMethod codeBase="D:\actions-runner\_work\XPCO\XPCO\SC\Components\RemoteViewer\SmartClient\tst\zSmartClient_UnitTest\bin\x64\Debug\net472\zSmartClient_UnitTest.dll" adapterTypeName="executor://mstestadapter/v2" className="SmartClient_UnitTest.VideoOS.RemoteClient.Application.Data.ContentTypes.CameraContentType.PrivacyMaskTest" name="ConvertGridMaskTestImageViewerFormat" />
    </UnitTest>
    <UnitTest name="Constructor_ShouldSetInitialOffsetPoint_WhenCalled" storage="d:\actions-runner\_work\xpco\xpco\sc\components\remoteviewer\smartclient\tst\zsmartclient_unittest\bin\x64\debug\net472\zsmartclient_unittest.dll" id="69b3d945-2a1b-80c9-0ef7-10272f3bf7eb">
      <TestCategory>
        <TestCategoryItem TestCategory="GisMap.DeviceSelectorWindow" />
      </TestCategory>
      <Execution id="7fbacc84-936c-4887-9c22-4a04442096c1" />
      <TestMethod codeBase="D:\actions-runner\_work\XPCO\XPCO\SC\Components\RemoteViewer\SmartClient\tst\zSmartClient_UnitTest\bin\x64\Debug\net472\zSmartClient_UnitTest.dll" adapterTypeName="executor://mstestadapter/v2" className="SmartClient_UnitTest.VideoOS.RemoteClient.Plugin.GisMap.Windows.GisMapSetup.DeviceSelectors.DeviceSelectorWindowTests" name="Constructor_ShouldSetInitialOffsetPoint_WhenCalled" />
    </UnitTest>
    <UnitTest name="ActiveInteractionStateBinding_ShouldOnlyContainNormalAndNewDevice_WhenCtorIsCalled" storage="d:\actions-runner\_work\xpco\xpco\sc\components\remoteviewer\smartclient\tst\zsmartclient_unittest\bin\x64\debug\net472\zsmartclient_unittest.dll" id="e5d871b7-fc8e-4988-1624-5f0f63d734ec">
      <TestCategory>
        <TestCategoryItem TestCategory="GisMap.MicrophoneMarkerTest" />
      </TestCategory>
      <Execution id="3ca94eb8-40e6-46e2-b0e0-3639d9ecb413" />
      <TestMethod codeBase="D:\actions-runner\_work\XPCO\XPCO\SC\Components\RemoteViewer\SmartClient\tst\zSmartClient_UnitTest\bin\x64\Debug\net472\zSmartClient_UnitTest.dll" adapterTypeName="executor://mstestadapter/v2" className="SmartClient_UnitTest.VideoOS.RemoteClient.Plugin.GisMap.ThinkGeoMap.Markers.DeviceMarkers.MicrophoneMarker.MicrophoneMarkerTests" name="ActiveInteractionStateBinding_ShouldOnlyContainNormalAndNewDevice_WhenCtorIsCalled" />
    </UnitTest>
    <UnitTest name="GetWorkspaceToolbarItems_ShouldReturnNoToolbarItems_WhenNoPluginsAndPluginGroupsAreSet" storage="d:\actions-runner\_work\xpco\xpco\sc\components\remoteviewer\smartclient\tst\zsmartclient_unittest\bin\x64\debug\net472\zsmartclient_unittest.dll" id="cd274a06-2388-99e3-3a1d-9499479d5159">
      <TestCategory>
        <TestCategoryItem TestCategory="WorkspaceToolbar" />
      </TestCategory>
      <Execution id="a2f53c95-08af-4d63-9db9-8810fa779441" />
      <TestMethod codeBase="D:\actions-runner\_work\XPCO\XPCO\SC\Components\RemoteViewer\SmartClient\tst\zSmartClient_UnitTest\bin\x64\Debug\net472\zSmartClient_UnitTest.dll" adapterTypeName="executor://mstestadapter/v2" className="SmartClient_UnitTest.VideoOS.RemoteClient.Application.UI.Content.WorkspaceToolbar.MIPWorkspaceToolbarItemManagerTests" name="GetWorkspaceToolbarItems_ShouldReturnNoToolbarItems_WhenNoPluginsAndPluginGroupsAreSet" />
    </UnitTest>
    <UnitTest name="SupportsRightClick_ShouldBeFalse_WhenInteractionStateIsNotNormal" storage="d:\actions-runner\_work\xpco\xpco\sc\components\remoteviewer\smartclient\tst\zsmartclient_unittest\bin\x64\debug\net472\zsmartclient_unittest.dll" id="2d0e7e74-3dc2-b64e-e8df-81c281af4e3d">
      <TestCategory>
        <TestCategoryItem TestCategory="GisMap.CameraMarker" />
      </TestCategory>
      <Execution id="411d1c2a-6f1c-4983-9385-6328d60533bf" />
      <TestMethod codeBase="D:\actions-runner\_work\XPCO\XPCO\SC\Components\RemoteViewer\SmartClient\tst\zSmartClient_UnitTest\bin\x64\Debug\net472\zSmartClient_UnitTest.dll" adapterTypeName="executor://mstestadapter/v2" className="SmartClient_UnitTest.VideoOS.RemoteClient.Plugin.GisMap.ThinkGeoMap.Markers.DeviceMarkers.CameraMarker.CameraMarkerTests" name="SupportsRightClick_ShouldBeFalse_WhenInteractionStateIsNotNormal" />
    </UnitTest>
    <UnitTest name="MaxRegionsAllowed_ShouldBeProvidedMax_WhenProvidedMaxIsPositive" storage="d:\actions-runner\_work\xpco\xpco\sc\components\remoteviewer\smartclient\tst\zsmartclient_unittest\bin\x64\debug\net472\zsmartclient_unittest.dll" id="d7f3ae8c-bf97-f47d-48ab-b1fc5ef00c66">
      <TestCategory>
        <TestCategoryItem TestCategory="Search.Filters.ViewModels" />
      </TestCategory>
      <Execution id="ac728648-0f82-4bf9-b73b-24b839ceca3a" />
      <TestMethod codeBase="D:\actions-runner\_work\XPCO\XPCO\SC\Components\RemoteViewer\SmartClient\tst\zSmartClient_UnitTest\bin\x64\Debug\net472\zSmartClient_UnitTest.dll" adapterTypeName="executor://mstestadapter/v2" className="SmartClient_UnitTest.VideoOS.RemoteClient.Plugin.CentralizedSearch.MIPPlugin.Criteria.ViewModels.RegionSelectionCameraListItemHelperTests" name="MaxRegionsAllowed_ShouldBeProvidedMax_WhenProvidedMaxIsPositive" />
    </UnitTest>
    <UnitTest name="ToDenormalizedDirection_0_0" storage="d:\actions-runner\_work\xpco\xpco\sc\components\remoteviewer\smartclient\tst\zsmartclient_unittest\bin\x64\debug\net472\zsmartclient_unittest.dll" id="ee5f0f9a-0e04-d5a2-b25f-f40f3b08b3de">
      <TestCategory>
        <TestCategoryItem TestCategory="GisMap" />
      </TestCategory>
      <Execution id="a8ea583a-90e1-46b9-91a0-793241fd64d8" />
      <TestMethod codeBase="D:\actions-runner\_work\XPCO\XPCO\SC\Components\RemoteViewer\SmartClient\tst\zSmartClient_UnitTest\bin\x64\Debug\net472\zSmartClient_UnitTest.dll" adapterTypeName="executor://mstestadapter/v2" className="SmartClient_UnitTest.VideoOS.RemoteClient.GisMap.Utilities.GisUtilityTests" name="ToDenormalizedDirection_0_0" />
    </UnitTest>
    <UnitTest name="Outline_ShouldRejectSet_WhenOutlineIsSelfcrossing" storage="d:\actions-runner\_work\xpco\xpco\sc\components\remoteviewer\smartclient\tst\zsmartclient_unittest\bin\x64\debug\net472\zsmartclient_unittest.dll" id="a480eb88-b28c-a072-8d06-d39cc9a234d7">
      <TestCategory>
        <TestCategoryItem TestCategory="GisMapBuilding" />
      </TestCategory>
      <Execution id="b1a44705-57dd-4d75-a823-a30be293af1c" />
      <TestMethod codeBase="D:\actions-runner\_work\XPCO\XPCO\SC\Components\RemoteViewer\SmartClient\tst\zSmartClient_UnitTest\bin\x64\Debug\net472\zSmartClient_UnitTest.dll" adapterTypeName="executor://mstestadapter/v2" className="SmartClient_UnitTest.VideoOS.RemoteClient.GisMap.MapBuildingTests" name="Outline_ShouldRejectSet_WhenOutlineIsSelfcrossing" />
    </UnitTest>
    <UnitTest name="SearchAction_Carrousel_LiveMode" storage="d:\actions-runner\_work\xpco\xpco\sc\components\remoteviewer\smartclient\tst\zsmartclient_unittest\bin\x64\debug\net472\zsmartclient_unittest.dll" id="fe450cea-9ffb-3719-460a-cf60fe446421">
      <TestCategory>
        <TestCategoryItem TestCategory="WorkspaceToolbar" />
      </TestCategory>
      <Execution id="2cdc605e-52f5-40b8-b546-0410b3648b44" />
      <TestMethod codeBase="D:\actions-runner\_work\XPCO\XPCO\SC\Components\RemoteViewer\SmartClient\tst\zSmartClient_UnitTest\bin\x64\Debug\net472\zSmartClient_UnitTest.dll" adapterTypeName="executor://mstestadapter/v2" className="SmartClient_UnitTest.VideoOS.RemoteClient.Application.Data.WorkspaceToolbar.WorkspaceToolbarItemSmartSearchTests" name="SearchAction_Carrousel_LiveMode" />
    </UnitTest>
    <UnitTest name="SetIncludePartialResults_ShouldNotReselectResult_WhenResultToReselectIsPartialAndPartialResultsAreExcluded" storage="d:\actions-runner\_work\xpco\xpco\sc\components\remoteviewer\smartclient\tst\zsmartclient_unittest\bin\x64\debug\net472\zsmartclient_unittest.dll" id="bed8c8de-bd82-cb94-6967-81e34fce6907">
      <TestCategory>
        <TestCategoryItem TestCategory="SearchResultsPreprocessor" />
      </TestCategory>
      <Execution id="806952dd-6963-4f3d-81f6-2757e7b7af92" />
      <TestMethod codeBase="D:\actions-runner\_work\XPCO\XPCO\SC\Components\RemoteViewer\SmartClient\tst\zSmartClient_UnitTest\bin\x64\Debug\net472\zSmartClient_UnitTest.dll" adapterTypeName="executor://mstestadapter/v2" className="SmartClient_UnitTest.VideoOS.RemoteClient.Plugin.CentralizedSearch.Models.SearchResultsPreprocessorTests" name="SetIncludePartialResults_ShouldNotReselectResult_WhenResultToReselectIsPartialAndPartialResultsAreExcluded" />
    </UnitTest>
    <UnitTest name="GetPartialDiffBetweenDictionaries_ShouldReturnCorrectValues (System.Collections.Generic.Dictionary`2[System.String,System.String],System.Collections.Generic.Dictionary`2[System.String,System.String],System.Collections.Generic.Dictionary`2[System.String,System.String])" storage="d:\actions-runner\_work\xpco\xpco\sc\components\remoteviewer\smartclient\tst\zsmartclient_unittest\bin\x64\debug\net472\zsmartclient_unittest.dll" id="2288a65b-0f46-66d4-26bb-35d3e0b13ae8">
      <Execution id="51dbf721-25cd-4449-b0e4-debe125316f7" />
      <TestMethod codeBase="D:\actions-runner\_work\XPCO\XPCO\SC\Components\RemoteViewer\SmartClient\tst\zSmartClient_UnitTest\bin\x64\Debug\net472\zSmartClient_UnitTest.dll" adapterTypeName="executor://mstestadapter/v2" className="SmartClient_UnitTest.VideoOS.RemoteClient.Application.Common.Telemetry.TelemetryBuilderTests" name="GetPartialDiffBetweenDictionaries_ShouldReturnCorrectValues" />
    </UnitTest>
    <UnitTest name="PatrollingProfileListViewModel_Save_DeleteProfile" storage="d:\actions-runner\_work\xpco\xpco\sc\components\remoteviewer\smartclient\tst\zsmartclient_unittest\bin\x64\debug\net472\zsmartclient_unittest.dll" id="04268900-3302-a699-5943-bbf486b565e8">
      <Execution id="f55b1d24-1f5d-4b38-b10c-42c580771a23" />
      <TestMethod codeBase="D:\actions-runner\_work\XPCO\XPCO\SC\Components\RemoteViewer\SmartClient\tst\zSmartClient_UnitTest\bin\x64\Debug\net472\zSmartClient_UnitTest.dll" adapterTypeName="executor://mstestadapter/v2" className="SmartClient_UnitTest.VideoOS.RemoteClient.Application.UI.PtzPreset.PatrollingViewModel.PatrollingProfileListViewModelTest" name="PatrollingProfileListViewModel_Save_DeleteProfile" />
    </UnitTest>
    <UnitTest name="HasMd5ProviderStrategy2_ShouldReturnFalse_WhenAllEventServerIdAreFipsCompliant" storage="d:\actions-runner\_work\xpco\xpco\sc\components\remoteviewer\smartclient\tst\zsmartclient_unittest\bin\x64\debug\net472\zsmartclient_unittest.dll" id="df434b1a-bd33-b3a0-035c-8fb9149eaa0e">
      <TestCategory>
        <TestCategoryItem TestCategory="AccessControl.Services" />
      </TestCategory>
      <Execution id="4ab9ae69-9310-4220-96b5-2b349b83aa2f" />
      <TestMethod codeBase="D:\actions-runner\_work\XPCO\XPCO\SC\Components\RemoteViewer\SmartClient\tst\zSmartClient_UnitTest\bin\x64\Debug\net472\zSmartClient_UnitTest.dll" adapterTypeName="executor://mstestadapter/v2" className="SmartClient_UnitTest.VideoOS.RemoteClient.AccessControl.Services.AccessControlGuidProviderTests" name="HasMd5ProviderStrategy2_ShouldReturnFalse_WhenAllEventServerIdAreFipsCompliant" />
    </UnitTest>
    <UnitTest name="AddSelectedWindowsToExport_ShouldShowCorrectToastMessages (0,0,0)" storage="d:\actions-runner\_work\xpco\xpco\sc\components\remoteviewer\smartclient\tst\zsmartclient_unittest\bin\x64\debug\net472\zsmartclient_unittest.dll" id="16dbf6df-affd-54c4-6e12-ed2586e45ece">
      <TestCategory>
        <TestCategoryItem TestCategory="Managers" />
      </TestCategory>
      <Execution id="ecb37e19-4f77-4149-a1f6-eda605f57d44" />
      <TestMethod codeBase="D:\actions-runner\_work\XPCO\XPCO\SC\Components\RemoteViewer\SmartClient\tst\zSmartClient_UnitTest\bin\x64\Debug\net472\zSmartClient_UnitTest.dll" adapterTypeName="executor://mstestadapter/v2" className="SmartClient_UnitTest.VideoOS.RemoteClient.Application.Managers.ExportManagerTests" name="AddSelectedWindowsToExport_ShouldShowCorrectToastMessages" />
    </UnitTest>
    <UnitTest name="CreateReportAsync_ShouldReturnNormalPdf_WhereOneSearchResultIsPrinted" storage="d:\actions-runner\_work\xpco\xpco\sc\components\remoteviewer\smartclient\tst\zsmartclient_unittest\bin\x64\debug\net472\zsmartclient_unittest.dll" id="fe7cc80a-38c0-8f78-ba29-abacfcc11533">
      <TestCategory>
        <TestCategoryItem TestCategory="Search" />
      </TestCategory>
      <Execution id="f41cae89-39a8-4746-9c9e-5c7477cd1f0c" />
      <TestMethod codeBase="D:\actions-runner\_work\XPCO\XPCO\SC\Components\RemoteViewer\SmartClient\tst\zSmartClient_UnitTest\bin\x64\Debug\net472\zSmartClient_UnitTest.dll" adapterTypeName="executor://mstestadapter/v2" className="SmartClient_UnitTest.VideoOS.RemoteClient.Plugin.CentralizedSearch.ViewModels.Utility.SearchReportPrintFactoryTests" name="CreateReportAsync_ShouldReturnNormalPdf_WhereOneSearchResultIsPrinted" />
    </UnitTest>
    <UnitTest name="SetLayerFeatures_ShouldUpdateOutputItemsMapLayer_WhenOutputKindAndOutputLayerFeatures" storage="d:\actions-runner\_work\xpco\xpco\sc\components\remoteviewer\smartclient\tst\zsmartclient_unittest\bin\x64\debug\net472\zsmartclient_unittest.dll" id="e63df314-54b1-32a3-73ac-881577d2c079">
      <TestCategory>
        <TestCategoryItem TestCategory="GisMapData.Controllers.LayerFeatures" />
      </TestCategory>
      <Execution id="63720963-1a55-49a9-95ee-5dc2459d2cd9" />
      <TestMethod codeBase="D:\actions-runner\_work\XPCO\XPCO\SC\Components\RemoteViewer\SmartClient\tst\zSmartClient_UnitTest\bin\x64\Debug\net472\zSmartClient_UnitTest.dll" adapterTypeName="executor://mstestadapter/v2" className="SmartClient_UnitTest.VideoOS.RemoteClient.GisMapData.Controllers.LayerFeatures.LayerFeaturesControllerTests" name="SetLayerFeatures_ShouldUpdateOutputItemsMapLayer_WhenOutputKindAndOutputLayerFeatures" />
    </UnitTest>
    <UnitTest name="BookmarkSearchTime_WithSearchStringInDifferentCases_ReturnCorrectBookmarkWithSearchStringInHeader (SeArChStRiNg,False,True,True,True,,,0)" storage="d:\actions-runner\_work\xpco\xpco\sc\components\remoteviewer\smartclient\tst\zsmartclient_unittest\bin\x64\debug\net472\zsmartclient_unittest.dll" id="02b778e1-2711-1e32-4739-47c0e9b81d4d">
      <Execution id="d8725f5f-81a6-4788-b2bf-909a875a278c" />
      <TestMethod codeBase="D:\actions-runner\_work\XPCO\XPCO\SC\Components\RemoteViewer\SmartClient\tst\zSmartClient_UnitTest\bin\x64\Debug\net472\zSmartClient_UnitTest.dll" adapterTypeName="executor://mstestadapter/v2" className="SmartClient_UnitTest.VideoOS.RemoteClient.Application.Data.Offline.UnitTest.BookmarkExportReaderTest" name="BookmarkSearchTime_WithSearchStringInDifferentCases_ReturnCorrectBookmarkWithSearchStringInHeader" />
    </UnitTest>
    <UnitTest name="ActiveInteractionStateBinding_ShouldNotBeNull_WhenCtorIsCalled" storage="d:\actions-runner\_work\xpco\xpco\sc\components\remoteviewer\smartclient\tst\zsmartclient_unittest\bin\x64\debug\net472\zsmartclient_unittest.dll" id="c716e274-8d35-b2a1-4808-fe6779275a47">
      <TestCategory>
        <TestCategoryItem TestCategory="GisMap.LegacyLinkMarker" />
      </TestCategory>
      <Execution id="347376c3-2812-4d44-9604-95da9abc03ab" />
      <TestMethod codeBase="D:\actions-runner\_work\XPCO\XPCO\SC\Components\RemoteViewer\SmartClient\tst\zSmartClient_UnitTest\bin\x64\Debug\net472\zSmartClient_UnitTest.dll" adapterTypeName="executor://mstestadapter/v2" className="SmartClient_UnitTest.VideoOS.RemoteClient.Plugin.GisMap.ThinkGeoMap.Markers.LegacyLinkMarker.LegacyLinkMarkerTests" name="ActiveInteractionStateBinding_ShouldNotBeNull_WhenCtorIsCalled" />
    </UnitTest>
    <UnitTest name="Ctor_WpfMessageBoxButtonIsSetToOkCancel_OnlyOkCancelButtonsVisible" storage="d:\actions-runner\_work\xpco\xpco\sc\components\remoteviewer\smartclient\tst\zsmartclient_unittest\bin\x64\debug\net472\zsmartclient_unittest.dll" id="53f5a1ce-14d4-a418-d0ff-8ef725db7d01">
      <Execution id="7d34d169-279c-436e-ae64-8a105928f50c" />
      <TestMethod codeBase="D:\actions-runner\_work\XPCO\XPCO\SC\Components\RemoteViewer\SmartClient\tst\zSmartClient_UnitTest\bin\x64\Debug\net472\zSmartClient_UnitTest.dll" adapterTypeName="executor://mstestadapter/v2" className="SmartClient_UnitTest.VideoOS.RemoteClient.Application.UI.Common.MessageBoxWithList.MessageBoxWithListViewModelTests" name="Ctor_WpfMessageBoxButtonIsSetToOkCancel_OnlyOkCancelButtonsVisible" />
    </UnitTest>
    <UnitTest name="Constructor_ShouldRaiseArgumentNullException_WhenLayersIsNull" storage="d:\actions-runner\_work\xpco\xpco\sc\components\remoteviewer\smartclient\tst\zsmartclient_unittest\bin\x64\debug\net472\zsmartclient_unittest.dll" id="7b2ce89e-8bf2-0763-c57e-0285adbdcf5c">
      <TestCategory>
        <TestCategoryItem TestCategory="GisMapData.Handlers.LayerFeatures" />
      </TestCategory>
      <Execution id="a1aeb084-dbc7-4a27-b54a-733a86734962" />
      <TestMethod codeBase="D:\actions-runner\_work\XPCO\XPCO\SC\Components\RemoteViewer\SmartClient\tst\zSmartClient_UnitTest\bin\x64\Debug\net472\zSmartClient_UnitTest.dll" adapterTypeName="executor://mstestadapter/v2" className="SmartClient_UnitTest.VideoOS.RemoteClient.GisMapData.Handlers.LayerFeatures.InputLayerFeaturesHandlerTests" name="Constructor_ShouldRaiseArgumentNullException_WhenLayersIsNull" />
    </UnitTest>
    <UnitTest name="Ctor_ShouldAddBasicUserCredentialsToCache_WhenServerAuthenticationIsSimple" storage="d:\actions-runner\_work\xpco\xpco\sc\components\remoteviewer\smartclient\tst\zsmartclient_unittest\bin\x64\debug\net472\zsmartclient_unittest.dll" id="76c6e850-3966-de20-82b6-519095d891a6">
      <TestCategory>
        <TestCategoryItem TestCategory="Authentication.ClientCredentials" />
      </TestCategory>
      <Execution id="30430a89-86d7-4022-baec-9f6cf141d76a" />
      <TestMethod codeBase="D:\actions-runner\_work\XPCO\XPCO\SC\Components\RemoteViewer\SmartClient\tst\zSmartClient_UnitTest\bin\x64\Debug\net472\zSmartClient_UnitTest.dll" adapterTypeName="executor://mstestadapter/v2" className="SmartClient_UnitTest.VideoOS.Shared.ServerAPI.ClientCredentialsTest" name="Ctor_ShouldAddBasicUserCredentialsToCache_WhenServerAuthenticationIsSimple" />
    </UnitTest>
    <UnitTest name="PtzSessionControllerInfoConstructorTest_Success" storage="d:\actions-runner\_work\xpco\xpco\sc\components\remoteviewer\smartclient\tst\zsmartclient_unittest\bin\x64\debug\net472\zsmartclient_unittest.dll" id="7a75352d-c73e-5868-4a6f-939343fd10a2">
      <Execution id="93385f3d-13ef-43ca-9376-ba48ac389c37" />
      <TestMethod codeBase="D:\actions-runner\_work\XPCO\XPCO\SC\Components\RemoteViewer\SmartClient\tst\zSmartClient_UnitTest\bin\x64\Debug\net472\zSmartClient_UnitTest.dll" adapterTypeName="executor://mstestadapter/v2" className="VideoOS.RemoteClient.Application.Controllers.UnitTest.PtzSessionControllerTest" name="PtzSessionControllerInfoConstructorTest_Success" />
    </UnitTest>
    <UnitTest name="SerializeDeserialize_Success" storage="d:\actions-runner\_work\xpco\xpco\sc\components\remoteviewer\smartclient\tst\zsmartclient_unittest\bin\x64\debug\net472\zsmartclient_unittest.dll" id="34490af8-d3d6-7a91-eac4-416d37c4c03b">
      <TestCategory>
        <TestCategoryItem TestCategory="SearchTemplates" />
      </TestCategory>
      <Execution id="36c3aad3-bea1-4e3f-8bdd-4645ffbfab0e" />
      <TestMethod codeBase="D:\actions-runner\_work\XPCO\XPCO\SC\Components\RemoteViewer\SmartClient\tst\zSmartClient_UnitTest\bin\x64\Debug\net472\zSmartClient_UnitTest.dll" adapterTypeName="executor://mstestadapter/v2" className="SmartClient_UnitTest.VideoOS.RemoteClient.Plugin.CentralizedSearch.SearchTemplates.SearchTemplateTests" name="SerializeDeserialize_Success" />
    </UnitTest>
    <UnitTest name="PopulateTooltip_ManyResultsFromFewCameras12Hours_ValidText" storage="d:\actions-runner\_work\xpco\xpco\sc\components\remoteviewer\smartclient\tst\zsmartclient_unittest\bin\x64\debug\net472\zsmartclient_unittest.dll" id="3147bc1a-6400-429f-1c8f-cd7dc6defaa1">
      <TestCategory>
        <TestCategoryItem TestCategory="SearchControls" />
      </TestCategory>
      <Execution id="22db6159-45b4-4919-b445-f639cb456060" />
      <TestMethod codeBase="D:\actions-runner\_work\XPCO\XPCO\SC\Components\RemoteViewer\SmartClient\tst\zSmartClient_UnitTest\bin\x64\Debug\net472\zSmartClient_UnitTest.dll" adapterTypeName="executor://mstestadapter/v2" className="SmartClient_UnitTest.VideoOS.RemoteClient.Plugin.CentralizedSearch.Views.Controls.TimelineRuler.TimelineRulerControlTests" name="PopulateTooltip_ManyResultsFromFewCameras12Hours_ValidText" />
    </UnitTest>
    <UnitTest name="OnMarkerSelected_ShouldSelectMarkerExcludeItFromClusteringAndBeginInPlaceEditMode_WhenSingleSelection" storage="d:\actions-runner\_work\xpco\xpco\sc\components\remoteviewer\smartclient\tst\zsmartclient_unittest\bin\x64\debug\net472\zsmartclient_unittest.dll" id="37c23154-aec4-129b-8dc2-bb50808aef9e">
      <TestCategory>
        <TestCategoryItem TestCategory="SmartMap.SelectionHelper" />
      </TestCategory>
      <Execution id="791018c6-a5c8-4051-8fff-87ce71b3f1bb" />
      <TestMethod codeBase="D:\actions-runner\_work\XPCO\XPCO\SC\Components\RemoteViewer\SmartClient\tst\zSmartClient_UnitTest\bin\x64\Debug\net472\zSmartClient_UnitTest.dll" adapterTypeName="executor://mstestadapter/v2" className="SmartClient_UnitTest.VideoOS.RemoteClient.Plugin.GisMap.ThinkGeoMap.SpecializedOverlays.Overlays.SelectionHelperTests" name="OnMarkerSelected_ShouldSelectMarkerExcludeItFromClusteringAndBeginInPlaceEditMode_WhenSingleSelection" />
    </UnitTest>
    <UnitTest name="HandleSetLayerFeatures_ShouldRaiseArgumentException_WhenMicrophoneKindAndNotMicrophoneLayerFeatures" storage="d:\actions-runner\_work\xpco\xpco\sc\components\remoteviewer\smartclient\tst\zsmartclient_unittest\bin\x64\debug\net472\zsmartclient_unittest.dll" id="ce2cf82c-5810-0ccc-465a-37da15418741">
      <TestCategory>
        <TestCategoryItem TestCategory="GisMapData.Handlers.LayerFeatures" />
      </TestCategory>
      <Execution id="b8a7e1c7-a7b7-4e21-a14b-690ce43bac29" />
      <TestMethod codeBase="D:\actions-runner\_work\XPCO\XPCO\SC\Components\RemoteViewer\SmartClient\tst\zSmartClient_UnitTest\bin\x64\Debug\net472\zSmartClient_UnitTest.dll" adapterTypeName="executor://mstestadapter/v2" className="SmartClient_UnitTest.VideoOS.RemoteClient.GisMapData.Handlers.LayerFeatures.MicrophoneLayerFeaturesHandlerTests" name="HandleSetLayerFeatures_ShouldRaiseArgumentException_WhenMicrophoneKindAndNotMicrophoneLayerFeatures" />
    </UnitTest>
    <UnitTest name="GetPropertiesAsync_ShouldIgnoreNullPropertyCollectionFromSubResults" storage="d:\actions-runner\_work\xpco\xpco\sc\components\remoteviewer\smartclient\tst\zsmartclient_unittest\bin\x64\debug\net472\zsmartclient_unittest.dll" id="f7a4182b-ffd3-38f8-408e-5d4264f4f5e8">
      <TestCategory>
        <TestCategoryItem TestCategory="Search.Wrappers" />
      </TestCategory>
      <Execution id="1e582a68-50f5-4bce-8591-3d5f869daf9f" />
      <TestMethod codeBase="D:\actions-runner\_work\XPCO\XPCO\SC\Components\RemoteViewer\SmartClient\tst\zSmartClient_UnitTest\bin\x64\Debug\net472\zSmartClient_UnitTest.dll" adapterTypeName="executor://mstestadapter/v2" className="SmartClient_UnitTest.VideoOS.RemoteClient.Plugin.CentralizedSearch.Models.Wrappers.CombinedSearchResultDataWrapperTests" name="GetPropertiesAsync_ShouldIgnoreNullPropertyCollectionFromSubResults" />
    </UnitTest>
    <UnitTest name="GisPointToIndexGridPosition_FarWest_Success" storage="d:\actions-runner\_work\xpco\xpco\sc\components\remoteviewer\smartclient\tst\zsmartclient_unittest\bin\x64\debug\net472\zsmartclient_unittest.dll" id="8208e4be-3fed-2de3-3add-7c787e622e9d">
      <TestCategory>
        <TestCategoryItem TestCategory="GisMapIndex" />
      </TestCategory>
      <Execution id="de77f573-f775-412c-a122-02926c308ae8" />
      <TestMethod codeBase="D:\actions-runner\_work\XPCO\XPCO\SC\Components\RemoteViewer\SmartClient\tst\zSmartClient_UnitTest\bin\x64\Debug\net472\zSmartClient_UnitTest.dll" adapterTypeName="executor://mstestadapter/v2" className="SmartClient_UnitTest.VideoOS.RemoteClient.GisMapData.Common.Indexer.IndexUtilTests" name="GisPointToIndexGridPosition_FarWest_Success" />
    </UnitTest>
    <UnitTest name="CalculateNewExtent_ShouldLimitExtent_WhenBeyondMax" storage="d:\actions-runner\_work\xpco\xpco\sc\components\remoteviewer\smartclient\tst\zsmartclient_unittest\bin\x64\debug\net472\zsmartclient_unittest.dll" id="c5f981d9-37f1-54c9-b862-4fbb2d02666f">
      <TestCategory>
        <TestCategoryItem TestCategory="MipItemsUpdateStrategy" />
      </TestCategory>
      <Execution id="1ef02527-7c18-4093-87e4-0c7f4705c6cb" />
      <TestMethod codeBase="D:\actions-runner\_work\XPCO\XPCO\SC\Components\RemoteViewer\SmartClient\tst\zSmartClient_UnitTest\bin\x64\Debug\net472\zSmartClient_UnitTest.dll" adapterTypeName="executor://mstestadapter/v2" className="SmartClient_UnitTest.VideoOS.RemoteClient.Plugin.GisMap.MIP.MipItemsUpdateStrategyTests" name="CalculateNewExtent_ShouldLimitExtent_WhenBeyondMax" />
    </UnitTest>
    <UnitTest name="Path enabled, not forced" storage="d:\actions-runner\_work\xpco\xpco\sc\components\remoteviewer\smartclient\tst\zsmartclient_unittest\bin\x64\debug\net472\zsmartclient_unittest.dll" id="3e27fb37-1b1d-4928-6472-96f4fe8cf3c8">
      <TestCategory>
        <TestCategoryItem TestCategory="Export" />
      </TestCategory>
      <Execution id="09c716f8-3b6d-433b-8170-a536dd915a40" />
      <TestMethod codeBase="D:\actions-runner\_work\XPCO\XPCO\SC\Components\RemoteViewer\SmartClient\tst\zSmartClient_UnitTest\bin\x64\Debug\net472\zSmartClient_UnitTest.dll" adapterTypeName="executor://mstestadapter/v2" className="SmartClient_UnitTest.VideoOS.RemoteClient.Plugin.Export.CreateExportDialogViewModelTests" name="CreateExportDialog_ExportDestinationSelectionEnabled_BasedOnOptions" />
    </UnitTest>
    <UnitTest name="Constructor_ShouldRaiseArgumentNullException_WhenMapLayersIsNull" storage="d:\actions-runner\_work\xpco\xpco\sc\components\remoteviewer\smartclient\tst\zsmartclient_unittest\bin\x64\debug\net472\zsmartclient_unittest.dll" id="49758d16-90af-426b-1c8f-f4b8f8b9a8ad">
      <TestCategory>
        <TestCategoryItem TestCategory="GisMap.LayerVisibilityItemDataChildrenViewZoneDecoratorTests" />
      </TestCategory>
      <Execution id="d469848a-a27d-4472-8b29-2d26bff44e51" />
      <TestMethod codeBase="D:\actions-runner\_work\XPCO\XPCO\SC\Components\RemoteViewer\SmartClient\tst\zSmartClient_UnitTest\bin\x64\Debug\net472\zSmartClient_UnitTest.dll" adapterTypeName="executor://mstestadapter/v2" className="SmartClient_UnitTest.VideoOS.RemoteClient.Plugin.GisMap.ViewModels.LayersVisibility.Decorators.LayerVisibilityItemDataChildrenViewZoneDecoratorTests" name="Constructor_ShouldRaiseArgumentNullException_WhenMapLayersIsNull" />
    </UnitTest>
    <UnitTest name="TestAttribute_Success" storage="d:\actions-runner\_work\xpco\xpco\sc\components\remoteviewer\smartclient\tst\zsmartclient_unittest\bin\x64\debug\net472\zsmartclient_unittest.dll" id="08662725-81c0-39ee-21c2-6a500f721bcc">
      <TestCategory>
        <TestCategoryItem TestCategory="GisMapBuilding" />
      </TestCategory>
      <Execution id="ae6f227e-07fc-438e-8f79-0af30447a743" />
      <TestMethod codeBase="D:\actions-runner\_work\XPCO\XPCO\SC\Components\RemoteViewer\SmartClient\tst\zSmartClient_UnitTest\bin\x64\Debug\net472\zSmartClient_UnitTest.dll" adapterTypeName="executor://mstestadapter/v2" className="SmartClient_UnitTest.VideoOS.RemoteClient.GisMap.MapBuildingTests" name="TestAttribute_Success" />
    </UnitTest>
    <UnitTest name="DetermineUserAllowsUnsecureConnection_WhereUserIsNotAskedAndUnsecureIsAllow_ShouldReturnTrue" storage="d:\actions-runner\_work\xpco\xpco\sc\components\remoteviewer\smartclient\tst\zsmartclient_unittest\bin\x64\debug\net472\zsmartclient_unittest.dll" id="c3441c18-6d91-a3fc-0eb6-245d76a8e060">
      <Execution id="33caada3-fc21-4fcd-99ec-155742b71716" />
      <TestMethod codeBase="D:\actions-runner\_work\XPCO\XPCO\SC\Components\RemoteViewer\SmartClient\tst\zSmartClient_UnitTest\bin\x64\Debug\net472\zSmartClient_UnitTest.dll" adapterTypeName="executor://mstestadapter/v2" className="VideoOS.RemoteClient.Application.Managers.UnitTest.AllowUnsecureConnectionManagerTests" name="DetermineUserAllowsUnsecureConnection_WhereUserIsNotAskedAndUnsecureIsAllow_ShouldReturnTrue" />
    </UnitTest>
    <UnitTest name="ReorderLevels123to213_Success" storage="d:\actions-runner\_work\xpco\xpco\sc\components\remoteviewer\smartclient\tst\zsmartclient_unittest\bin\x64\debug\net472\zsmartclient_unittest.dll" id="32fec1f9-c048-b0a8-7432-484e5a8663c8">
      <TestCategory>
        <TestCategoryItem TestCategory="GisMapBuilding" />
      </TestCategory>
      <Execution id="ac59d98b-296b-4336-8b27-6007e40781b5" />
      <TestMethod codeBase="D:\actions-runner\_work\XPCO\XPCO\SC\Components\RemoteViewer\SmartClient\tst\zSmartClient_UnitTest\bin\x64\Debug\net472\zSmartClient_UnitTest.dll" adapterTypeName="executor://mstestadapter/v2" className="SmartClient_UnitTest.VideoOS.RemoteClient.GisMap.MapBuildingTests" name="ReorderLevels123to213_Success" />
    </UnitTest>
    <UnitTest name="HandleGetLayerFeatures_ShouldReturnCameraLayerFeatures_WhenCameraKind" storage="d:\actions-runner\_work\xpco\xpco\sc\components\remoteviewer\smartclient\tst\zsmartclient_unittest\bin\x64\debug\net472\zsmartclient_unittest.dll" id="dda1789b-98bf-2ab4-b6fb-aff5b89b7425">
      <TestCategory>
        <TestCategoryItem TestCategory="GisMapData.Handlers.LayerFeatures" />
      </TestCategory>
      <Execution id="4f50a7f2-3e58-4eaf-8f2d-2f8fe7300541" />
      <TestMethod codeBase="D:\actions-runner\_work\XPCO\XPCO\SC\Components\RemoteViewer\SmartClient\tst\zSmartClient_UnitTest\bin\x64\Debug\net472\zSmartClient_UnitTest.dll" adapterTypeName="executor://mstestadapter/v2" className="SmartClient_UnitTest.VideoOS.RemoteClient.GisMapData.Handlers.LayerFeatures.CameraLayerFeaturesHandlerTests" name="HandleGetLayerFeatures_ShouldReturnCameraLayerFeatures_WhenCameraKind" />
    </UnitTest>
    <UnitTest name="SearchCriteria_AddAndRemoveFilterValues_SearchAttributesCorrect" storage="d:\actions-runner\_work\xpco\xpco\sc\components\remoteviewer\smartclient\tst\zsmartclient_unittest\bin\x64\debug\net472\zsmartclient_unittest.dll" id="3013af1b-1881-534b-ca91-63b1a27651d6">
      <TestCategory>
        <TestCategoryItem TestCategory="Search" />
      </TestCategory>
      <Execution id="9910772d-d41d-46d5-ac41-338ad076e99c" />
      <TestMethod codeBase="D:\actions-runner\_work\XPCO\XPCO\SC\Components\RemoteViewer\SmartClient\tst\zSmartClient_UnitTest\bin\x64\Debug\net472\zSmartClient_UnitTest.dll" adapterTypeName="executor://mstestadapter/v2" className="SmartClient_UnitTest.VideoOS.RemoteClient.Plugin.CentralizedSearch.ViewModels.SearchDefinitionViewModelTests" name="SearchCriteria_AddAndRemoveFilterValues_SearchAttributesCorrect" />
    </UnitTest>
    <UnitTest name="GetCameraTiles_ShouldReturnCorrectCameraTilesWithGroupTest" storage="d:\actions-runner\_work\xpco\xpco\sc\components\remoteviewer\smartclient\tst\zsmartclient_unittest\bin\x64\debug\net472\zsmartclient_unittest.dll" id="2eb02be1-be5b-c75f-226f-8371b8170b9a">
      <Execution id="232cb71f-d4b8-4acb-a5c0-162e7b4569a5" />
      <TestMethod codeBase="D:\actions-runner\_work\XPCO\XPCO\SC\Components\RemoteViewer\SmartClient\tst\zSmartClient_UnitTest\bin\x64\Debug\net472\zSmartClient_UnitTest.dll" adapterTypeName="executor://mstestadapter/v2" className="SmartClient_UnitTest.VideoOS.RemoteClient.Application.Data.ContentTypes.ReportingContentType.DashboardTileProviderTest" name="GetCameraTiles_ShouldReturnCorrectCameraTilesWithGroupTest" />
    </UnitTest>
    <UnitTest name="SelectTemplate_CheckBoxFilterConfiguration_ReturnsInlineTemplate" storage="d:\actions-runner\_work\xpco\xpco\sc\components\remoteviewer\smartclient\tst\zsmartclient_unittest\bin\x64\debug\net472\zsmartclient_unittest.dll" id="e00615fe-3a8d-1512-20d9-8abe6916016f">
      <TestCategory>
        <TestCategoryItem TestCategory="SearchViews" />
      </TestCategory>
      <Execution id="106da2ad-749c-4063-8cc8-71959e66b9c6" />
      <TestMethod codeBase="D:\actions-runner\_work\XPCO\XPCO\SC\Components\RemoteViewer\SmartClient\tst\zSmartClient_UnitTest\bin\x64\Debug\net472\zSmartClient_UnitTest.dll" adapterTypeName="executor://mstestadapter/v2" className="SmartClient_UnitTest.VideoOS.RemoteClient.Plugin.CentralizedSearch.Views.AttributeEditControlTemplateSelectorTests" name="SelectTemplate_CheckBoxFilterConfiguration_ReturnsInlineTemplate" />
    </UnitTest>
    <UnitTest name="MonitorPlaybackState_Deserialize_Success" storage="d:\actions-runner\_work\xpco\xpco\sc\components\remoteviewer\smartclient\tst\zsmartclient_unittest\bin\x64\debug\net472\zsmartclient_unittest.dll" id="3166ce8a-6864-b5e2-c1c8-2bea9adde082">
      <Execution id="3837104d-0fb7-4fc6-82ef-def477026063" />
      <TestMethod codeBase="D:\actions-runner\_work\XPCO\XPCO\SC\Components\RemoteViewer\SmartClient\tst\zSmartClient_UnitTest\bin\x64\Debug\net472\zSmartClient_UnitTest.dll" adapterTypeName="executor://mstestadapter/v2" className="SmartClient_UnitTest.VideoOS.RemoteClient.Data.VideoWall.MonitorStateTests" name="MonitorPlaybackState_Deserialize_Success" />
    </UnitTest>
    <UnitTest name="ApplyStatesFromUi_ValidState_StateUpdated" storage="d:\actions-runner\_work\xpco\xpco\sc\components\remoteviewer\smartclient\tst\zsmartclient_unittest\bin\x64\debug\net472\zsmartclient_unittest.dll" id="24e7c2bb-215e-6687-9176-48e72f6cf85e">
      <TestCategory>
        <TestCategoryItem TestCategory="SearchViews" />
      </TestCategory>
      <Execution id="48ff43f9-06f0-4fb6-a1cc-65b5ebe479e8" />
      <TestMethod codeBase="D:\actions-runner\_work\XPCO\XPCO\SC\Components\RemoteViewer\SmartClient\tst\zSmartClient_UnitTest\bin\x64\Debug\net472\zSmartClient_UnitTest.dll" adapterTypeName="executor://mstestadapter/v2" className="SmartClient_UnitTest.VideoOS.RemoteClient.Plugin.CentralizedSearch.Views.SearchResultsViewTests" name="ApplyStatesFromUi_ValidState_StateUpdated" />
    </UnitTest>
    <UnitTest name="GetOsmServerAddress_ShouldReturnAlternativeServerValue_WhenGeographicLayerIsAvailableAndAlternativeServerIsNotEmpty" storage="d:\actions-runner\_work\xpco\xpco\sc\components\remoteviewer\smartclient\tst\zsmartclient_unittest\bin\x64\debug\net472\zsmartclient_unittest.dll" id="f5719a53-45a7-6c3f-5ed7-93d8143fc0a6">
      <TestCategory>
        <TestCategoryItem TestCategory="GisMapData.Controllers.Osm" />
      </TestCategory>
      <Execution id="f0e32902-5171-4df8-884f-bb3fa2976058" />
      <TestMethod codeBase="D:\actions-runner\_work\XPCO\XPCO\SC\Components\RemoteViewer\SmartClient\tst\zSmartClient_UnitTest\bin\x64\Debug\net472\zSmartClient_UnitTest.dll" adapterTypeName="executor://mstestadapter/v2" className="SmartClient_UnitTest.VideoOS.RemoteClient.GisMapData.Controllers.Osm.GisMapOsmControllerTests" name="GetOsmServerAddress_ShouldReturnAlternativeServerValue_WhenGeographicLayerIsAvailableAndAlternativeServerIsNotEmpty" />
    </UnitTest>
    <UnitTest name="Init_NullState_CorrectViewModelSetOnView" storage="d:\actions-runner\_work\xpco\xpco\sc\components\remoteviewer\smartclient\tst\zsmartclient_unittest\bin\x64\debug\net472\zsmartclient_unittest.dll" id="7ca171df-e98e-0a85-0373-bda8d8a6f93c">
      <TestCategory>
        <TestCategoryItem TestCategory="Export" />
      </TestCategory>
      <Execution id="ae0aa8b5-fb30-4b8f-9e2e-33cfad3cee30" />
      <TestMethod codeBase="D:\actions-runner\_work\XPCO\XPCO\SC\Components\RemoteViewer\SmartClient\tst\zSmartClient_UnitTest\bin\x64\Debug\net472\zSmartClient_UnitTest.dll" adapterTypeName="executor://mstestadapter/v2" className="SmartClient_UnitTest.VideoOS.RemoteClient.Plugin.Export.ExportContentHolderTests" name="Init_NullState_CorrectViewModelSetOnView" />
    </UnitTest>
    <UnitTest name="DeleteSearchTemplateAsync_EmptyParameters_Success" storage="d:\actions-runner\_work\xpco\xpco\sc\components\remoteviewer\smartclient\tst\zsmartclient_unittest\bin\x64\debug\net472\zsmartclient_unittest.dll" id="c9af20fb-019d-827e-06ad-7b6611074f36">
      <TestCategory>
        <TestCategoryItem TestCategory="SearchTemplatesService" />
      </TestCategory>
      <Execution id="2ed8909e-12be-40df-ad34-df923d91e4a6" />
      <TestMethod codeBase="D:\actions-runner\_work\XPCO\XPCO\SC\Components\RemoteViewer\SmartClient\tst\zSmartClient_UnitTest\bin\x64\Debug\net472\zSmartClient_UnitTest.dll" adapterTypeName="executor://mstestadapter/v2" className="SmartClient_UnitTest.VideoOS.RemoteClient.Plugin.CentralizedSearch.SearchTemplates.Service.SearchTemplateServiceTests" name="DeleteSearchTemplateAsync_EmptyParameters_Success" />
    </UnitTest>
    <UnitTest name="IconResourceKey_ShouldBeValid_WhenInteractionStateIsAddCamera" storage="d:\actions-runner\_work\xpco\xpco\sc\components\remoteviewer\smartclient\tst\zsmartclient_unittest\bin\x64\debug\net472\zsmartclient_unittest.dll" id="8cc6d850-7864-120d-52a3-07064eb9831b">
      <TestCategory>
        <TestCategoryItem TestCategory="GisMap.UI.DeviceSelectors.PanelComponents" />
      </TestCategory>
      <Execution id="55e2b0dd-6c65-4ddb-ba3f-a5e631ef7568" />
      <TestMethod codeBase="D:\actions-runner\_work\XPCO\XPCO\SC\Components\RemoteViewer\SmartClient\tst\zSmartClient_UnitTest\bin\x64\Debug\net472\zSmartClient_UnitTest.dll" adapterTypeName="executor://mstestadapter/v2" className="SmartClient_UnitTest.VideoOS.RemoteClient.Plugin.GisMap.UI.DeviceSelectors.PanelComponents.DeviceSelectorPanelComponentTests" name="IconResourceKey_ShouldBeValid_WhenInteractionStateIsAddCamera" />
    </UnitTest>
    <UnitTest name="PatrollingProfileListViewModel_Save_CreateProfile" storage="d:\actions-runner\_work\xpco\xpco\sc\components\remoteviewer\smartclient\tst\zsmartclient_unittest\bin\x64\debug\net472\zsmartclient_unittest.dll" id="e119e886-63ff-9e4b-f30c-287618dff31a">
      <Execution id="d22048b9-9aa7-4fe8-8783-c57a617abce5" />
      <TestMethod codeBase="D:\actions-runner\_work\XPCO\XPCO\SC\Components\RemoteViewer\SmartClient\tst\zSmartClient_UnitTest\bin\x64\Debug\net472\zSmartClient_UnitTest.dll" adapterTypeName="executor://mstestadapter/v2" className="SmartClient_UnitTest.VideoOS.RemoteClient.Application.UI.PtzPreset.PatrollingViewModel.PatrollingProfileListViewModelTest" name="PatrollingProfileListViewModel_Save_CreateProfile" />
    </UnitTest>
    <UnitTest name="OnLoaded_ValidConfigurationInlineEdit_InlineAttributeEditControlSet" storage="d:\actions-runner\_work\xpco\xpco\sc\components\remoteviewer\smartclient\tst\zsmartclient_unittest\bin\x64\debug\net472\zsmartclient_unittest.dll" id="9b908469-0451-8cb6-bea4-479be46ad482">
      <TestCategory>
        <TestCategoryItem TestCategory="SearchViews" />
      </TestCategory>
      <Execution id="23e84574-6751-46ae-8262-920788a90b27" />
      <TestMethod codeBase="D:\actions-runner\_work\XPCO\XPCO\SC\Components\RemoteViewer\SmartClient\tst\zSmartClient_UnitTest\bin\x64\Debug\net472\zSmartClient_UnitTest.dll" adapterTypeName="executor://mstestadapter/v2" className="SmartClient_UnitTest.VideoOS.RemoteClient.Plugin.CentralizedSearch.Views.SearchAttributeViewTests" name="OnLoaded_ValidConfigurationInlineEdit_InlineAttributeEditControlSet" />
    </UnitTest>
    <UnitTest name="ActiveInteractionStateBinding_ShouldOnlyContainNormal_WhenCtorIsCalled" storage="d:\actions-runner\_work\xpco\xpco\sc\components\remoteviewer\smartclient\tst\zsmartclient_unittest\bin\x64\debug\net472\zsmartclient_unittest.dll" id="37999a11-7cfa-34e4-a6d5-5a66aba3e122">
      <TestCategory>
        <TestCategoryItem TestCategory="GisMap.MipItemMarker" />
      </TestCategory>
      <Execution id="1ea6fdc2-de2d-4943-9943-f4767e02fbbd" />
      <TestMethod codeBase="D:\actions-runner\_work\XPCO\XPCO\SC\Components\RemoteViewer\SmartClient\tst\zSmartClient_UnitTest\bin\x64\Debug\net472\zSmartClient_UnitTest.dll" adapterTypeName="executor://mstestadapter/v2" className="SmartClient_UnitTest.VideoOS.RemoteClient.Plugin.GisMap.ThinkGeoMap.Markers.MipItemMarker.MipItemMarkerTests" name="ActiveInteractionStateBinding_ShouldOnlyContainNormal_WhenCtorIsCalled" />
    </UnitTest>
    <UnitTest name="SelectTemplate_SliderFilterConfiguration_ReturnsInlineTemplate" storage="d:\actions-runner\_work\xpco\xpco\sc\components\remoteviewer\smartclient\tst\zsmartclient_unittest\bin\x64\debug\net472\zsmartclient_unittest.dll" id="c0bd9a37-5d67-88a0-bfcd-3be0c84b2355">
      <TestCategory>
        <TestCategoryItem TestCategory="SearchViews" />
      </TestCategory>
      <Execution id="808f0838-abe6-46c6-b37e-e93a4f4410ea" />
      <TestMethod codeBase="D:\actions-runner\_work\XPCO\XPCO\SC\Components\RemoteViewer\SmartClient\tst\zSmartClient_UnitTest\bin\x64\Debug\net472\zSmartClient_UnitTest.dll" adapterTypeName="executor://mstestadapter/v2" className="SmartClient_UnitTest.VideoOS.RemoteClient.Plugin.CentralizedSearch.Views.AttributeEditControlTemplateSelectorTests" name="SelectTemplate_SliderFilterConfiguration_ReturnsInlineTemplate" />
    </UnitTest>
    <UnitTest name="ResolveBaseResultProperties_ShouldOnlyReturnASingleTriggerTime_WhenThreeOutOfFourTriggerTimesAreOutsideBeginEnd" storage="d:\actions-runner\_work\xpco\xpco\sc\components\remoteviewer\smartclient\tst\zsmartclient_unittest\bin\x64\debug\net472\zsmartclient_unittest.dll" id="834cde2d-9602-045a-ea86-c849382faa06">
      <TestCategory>
        <TestCategoryItem TestCategory="Search" />
      </TestCategory>
      <Execution id="511b2c68-9905-4414-a40f-adb9d6746a4e" />
      <TestMethod codeBase="D:\actions-runner\_work\XPCO\XPCO\SC\Components\RemoteViewer\SmartClient\tst\zSmartClient_UnitTest\bin\x64\Debug\net472\zSmartClient_UnitTest.dll" adapterTypeName="executor://mstestadapter/v2" className="SmartClient_UnitTest.VideoOS.RemoteClient.Plugin.CentralizedSearch.Utils.SearchResultDataWrapperExtensionsTests" name="ResolveBaseResultProperties_ShouldOnlyReturnASingleTriggerTime_WhenThreeOutOfFourTriggerTimesAreOutsideBeginEnd" />
    </UnitTest>
    <UnitTest name="ConvertToValidPath_WhenNotAllowDirectories_ConvertToValidPath" storage="d:\actions-runner\_work\xpco\xpco\sc\components\remoteviewer\smartclient\tst\zsmartclient_unittest\bin\x64\debug\net472\zsmartclient_unittest.dll" id="670e500e-5c39-dd47-a9de-bf38c3c1554c">
      <Execution id="d3aa2e3c-bc37-4d5a-863d-9acd5eae5645" />
      <TestMethod codeBase="D:\actions-runner\_work\XPCO\XPCO\SC\Components\RemoteViewer\SmartClient\tst\zSmartClient_UnitTest\bin\x64\Debug\net472\zSmartClient_UnitTest.dll" adapterTypeName="executor://mstestadapter/v2" className="SmartClient_UnitTest.VideoOS.RemoteClient.Application.Common.FilePathValidatorTest" name="ConvertToValidPath_WhenNotAllowDirectories_ConvertToValidPath" />
    </UnitTest>
    <UnitTest name="GetClusters_ExcludeFromClustering_OnlyClustersForExcludedItems" storage="d:\actions-runner\_work\xpco\xpco\sc\components\remoteviewer\smartclient\tst\zsmartclient_unittest\bin\x64\debug\net472\zsmartclient_unittest.dll" id="0a4e5b36-6578-df3d-cfd2-3d6ee660820a">
      <TestCategory>
        <TestCategoryItem TestCategory="GisMapIndex" />
      </TestCategory>
      <Execution id="7eb67002-8319-4714-af60-a1132a1648be" />
      <TestMethod codeBase="D:\actions-runner\_work\XPCO\XPCO\SC\Components\RemoteViewer\SmartClient\tst\zSmartClient_UnitTest\bin\x64\Debug\net472\zSmartClient_UnitTest.dll" adapterTypeName="executor://mstestadapter/v2" className="SmartClient_UnitTest.VideoOS.RemoteClient.GisMapData.Common.Indexer.BuildingsAwareIndexerTests" name="GetClusters_ExcludeFromClustering_OnlyClustersForExcludedItems" />
    </UnitTest>
    <UnitTest name="ForceUpdate_CallsUpdateStrategyForceUpdate" storage="d:\actions-runner\_work\xpco\xpco\sc\components\remoteviewer\smartclient\tst\zsmartclient_unittest\bin\x64\debug\net472\zsmartclient_unittest.dll" id="737570f7-4183-1643-93e9-5894a6ee837f">
      <TestCategory>
        <TestCategoryItem TestCategory="MipItemsRetriever" />
      </TestCategory>
      <Execution id="918e60dd-352e-4d46-b3b1-7f18aac37db6" />
      <TestMethod codeBase="D:\actions-runner\_work\XPCO\XPCO\SC\Components\RemoteViewer\SmartClient\tst\zSmartClient_UnitTest\bin\x64\Debug\net472\zSmartClient_UnitTest.dll" adapterTypeName="executor://mstestadapter/v2" className="SmartClient_UnitTest.VideoOS.RemoteClient.Plugin.GisMap.MIP.MipItemsRetrieverTests" name="ForceUpdate_CallsUpdateStrategyForceUpdate" />
    </UnitTest>
    <UnitTest name="BuildState_SelectionWithSingleSearchDefinition_Success" storage="d:\actions-runner\_work\xpco\xpco\sc\components\remoteviewer\smartclient\tst\zsmartclient_unittest\bin\x64\debug\net472\zsmartclient_unittest.dll" id="62bfa639-11d3-81b7-beea-8fc58ddae302">
      <TestCategory>
        <TestCategoryItem TestCategory="Search" />
      </TestCategory>
      <Execution id="0733a6c2-84bb-46bc-beac-5e077d5d4d1a" />
      <TestMethod codeBase="D:\actions-runner\_work\XPCO\XPCO\SC\Components\RemoteViewer\SmartClient\tst\zSmartClient_UnitTest\bin\x64\Debug\net472\zSmartClient_UnitTest.dll" adapterTypeName="executor://mstestadapter/v2" className="SmartClient_UnitTest.VideoOS.RemoteClient.Plugin.CentralizedSearch.CentralizedSearchContentHolderTests" name="BuildState_SelectionWithSingleSearchDefinition_Success" />
    </UnitTest>
    <UnitTest name="CreateGeometry_EmptyPointsCollection_ThrowsArgException" storage="d:\actions-runner\_work\xpco\xpco\sc\components\remoteviewer\smartclient\tst\zsmartclient_unittest\bin\x64\debug\net472\zsmartclient_unittest.dll" id="11bc7ddd-0334-e311-f2a7-f381145ec805">
      <TestCategory>
        <TestCategoryItem TestCategory="GisMapIndex" />
      </TestCategory>
      <Execution id="dfbdee33-367c-46b7-902e-03eedd48bd70" />
      <TestMethod codeBase="D:\actions-runner\_work\XPCO\XPCO\SC\Components\RemoteViewer\SmartClient\tst\zSmartClient_UnitTest\bin\x64\Debug\net472\zSmartClient_UnitTest.dll" adapterTypeName="executor://mstestadapter/v2" className="SmartClient_UnitTest.VideoOS.RemoteClient.GisMapData.Common.Indexer.IndexUtilTests" name="CreateGeometry_EmptyPointsCollection_ThrowsArgException" />
    </UnitTest>
    <UnitTest name="GetLayerFeatures_ShouldReturnInputLayerFeaturesBasedOnInputItemsMapLayer_WhenInputKind" storage="d:\actions-runner\_work\xpco\xpco\sc\components\remoteviewer\smartclient\tst\zsmartclient_unittest\bin\x64\debug\net472\zsmartclient_unittest.dll" id="6fad06d6-6e6b-b6b2-c6ce-b133426e326c">
      <TestCategory>
        <TestCategoryItem TestCategory="GisMapData.Controllers.LayerFeatures" />
      </TestCategory>
      <Execution id="4213869a-8745-4eab-ac86-8e03f21fde6a" />
      <TestMethod codeBase="D:\actions-runner\_work\XPCO\XPCO\SC\Components\RemoteViewer\SmartClient\tst\zSmartClient_UnitTest\bin\x64\Debug\net472\zSmartClient_UnitTest.dll" adapterTypeName="executor://mstestadapter/v2" className="SmartClient_UnitTest.VideoOS.RemoteClient.GisMapData.Controllers.LayerFeatures.LayerFeaturesControllerTests" name="GetLayerFeatures_ShouldReturnInputLayerFeaturesBasedOnInputItemsMapLayer_WhenInputKind" />
    </UnitTest>
    <UnitTest name="AddToExportTuples_ShouldReturnCorrectResult (0,0,0)" storage="d:\actions-runner\_work\xpco\xpco\sc\components\remoteviewer\smartclient\tst\zsmartclient_unittest\bin\x64\debug\net472\zsmartclient_unittest.dll" id="9d816285-0b59-6b20-cfe0-b3a6030c5ba5">
      <TestCategory>
        <TestCategoryItem TestCategory="Managers" />
      </TestCategory>
      <Execution id="8853db5b-0e72-47aa-971d-ae013d391b7a" />
      <TestMethod codeBase="D:\actions-runner\_work\XPCO\XPCO\SC\Components\RemoteViewer\SmartClient\tst\zSmartClient_UnitTest\bin\x64\Debug\net472\zSmartClient_UnitTest.dll" adapterTypeName="executor://mstestadapter/v2" className="SmartClient_UnitTest.VideoOS.RemoteClient.Application.Managers.ExportManagerTests" name="AddToExportTuples_ShouldReturnCorrectResult" />
    </UnitTest>
    <UnitTest name="WorkspaceChangedEvent_ShouldSetLayerDeviceVisibilityItemDataCached_WhenEnteringIntoSetupMode" storage="d:\actions-runner\_work\xpco\xpco\sc\components\remoteviewer\smartclient\tst\zsmartclient_unittest\bin\x64\debug\net472\zsmartclient_unittest.dll" id="54665edf-a1f2-e9fe-2f83-fd5f97c5627f">
      <TestCategory>
        <TestCategoryItem TestCategory="GisMap.DefaultFixedLayerManagerStrategyTests" />
      </TestCategory>
      <Execution id="772bd0ec-374e-407c-8864-6e2f1c4fc313" />
      <TestMethod codeBase="D:\actions-runner\_work\XPCO\XPCO\SC\Components\RemoteViewer\SmartClient\tst\zSmartClient_UnitTest\bin\x64\Debug\net472\zSmartClient_UnitTest.dll" adapterTypeName="executor://mstestadapter/v2" className="SmartClient_UnitTest.VideoOS.RemoteClient.Plugin.GisMap.ViewModels.LayersVisibility.FixedLayers.DefaultFixedLayerManagerStrategyTests" name="WorkspaceChangedEvent_ShouldSetLayerDeviceVisibilityItemDataCached_WhenEnteringIntoSetupMode" />
    </UnitTest>
    <UnitTest name="GetActivatedOutputIconId_ShouldRaiseArgumentException_WhenArgumentIsNotADeactivatedOutputIconId" storage="d:\actions-runner\_work\xpco\xpco\sc\components\remoteviewer\smartclient\tst\zsmartclient_unittest\bin\x64\debug\net472\zsmartclient_unittest.dll" id="9f080b69-ff73-e1e5-ebe4-dd30c3c983a4">
      <TestCategory>
        <TestCategoryItem TestCategory="GisMapData.OutputOemResourcesProviderTests" />
      </TestCategory>
      <Execution id="adf7e7d7-1775-4a52-8b02-f6e7a377803a" />
      <TestMethod codeBase="D:\actions-runner\_work\XPCO\XPCO\SC\Components\RemoteViewer\SmartClient\tst\zSmartClient_UnitTest\bin\x64\Debug\net472\zSmartClient_UnitTest.dll" adapterTypeName="executor://mstestadapter/v2" className="SmartClient_UnitTest.VideoOS.RemoteClient.GisMapData.Resources.OutputOemResourcesProviderTests" name="GetActivatedOutputIconId_ShouldRaiseArgumentException_WhenArgumentIsNotADeactivatedOutputIconId" />
    </UnitTest>
    <UnitTest name="SearchResultsActionBarActions_CreateEvidenceLock_OptionAvailable_Enabled" storage="d:\actions-runner\_work\xpco\xpco\sc\components\remoteviewer\smartclient\tst\zsmartclient_unittest\bin\x64\debug\net472\zsmartclient_unittest.dll" id="3127eee9-b24b-38fc-7372-b6a7a8378a18">
      <TestCategory>
        <TestCategoryItem TestCategory="SearchResultActionBarViewModel" />
      </TestCategory>
      <Execution id="c89efa40-0503-41b4-994b-65ef06aeff13" />
      <TestMethod codeBase="D:\actions-runner\_work\XPCO\XPCO\SC\Components\RemoteViewer\SmartClient\tst\zSmartClient_UnitTest\bin\x64\Debug\net472\zSmartClient_UnitTest.dll" adapterTypeName="executor://mstestadapter/v2" className="SmartClient_UnitTest.VideoOS.RemoteClient.Plugin.CentralizedSearch.ViewModels.SearchResultsActionBarViewModelTest" name="SearchResultsActionBarActions_CreateEvidenceLock_OptionAvailable_Enabled" />
    </UnitTest>
    <UnitTest name="ManualRecordingResultDto_ShouldYieldSameValues_WhenRoundTripConverted" storage="d:\actions-runner\_work\xpco\xpco\sc\components\remoteviewer\smartclient\tst\zsmartclient_unittest\bin\x64\debug\net472\zsmartclient_unittest.dll" id="95b39f8a-1d05-ef16-b7bc-9f5670cd4fdd">
      <TestCategory>
        <TestCategoryItem TestCategory="RecorderProxyToDtoMapping" />
      </TestCategory>
      <Execution id="d781c41c-f730-4fb9-98d5-d0ad81870222" />
      <TestMethod codeBase="D:\actions-runner\_work\XPCO\XPCO\SC\Components\RemoteViewer\SmartClient\tst\zSmartClient_UnitTest\bin\x64\Debug\net472\zSmartClient_UnitTest.dll" adapterTypeName="executor://mstestadapter/v2" className="VideoOS.Shared.ServerAPI.SOAP.RecorderClientMappingTests" name="ManualRecordingResultDto_ShouldYieldSameValues_WhenRoundTripConverted" />
    </UnitTest>
    <UnitTest name="CalculateNewExtent_ShouldLimitExtent_WhenBeyondMaxOnLowerRightEdge" storage="d:\actions-runner\_work\xpco\xpco\sc\components\remoteviewer\smartclient\tst\zsmartclient_unittest\bin\x64\debug\net472\zsmartclient_unittest.dll" id="eee00570-2c88-ed70-4bff-bb8eb4983fd1">
      <TestCategory>
        <TestCategoryItem TestCategory="MipItemsUpdateStrategy" />
      </TestCategory>
      <Execution id="2a97009a-7791-4434-bcc0-cfb9daf968fd" />
      <TestMethod codeBase="D:\actions-runner\_work\XPCO\XPCO\SC\Components\RemoteViewer\SmartClient\tst\zSmartClient_UnitTest\bin\x64\Debug\net472\zSmartClient_UnitTest.dll" adapterTypeName="executor://mstestadapter/v2" className="SmartClient_UnitTest.VideoOS.RemoteClient.Plugin.GisMap.MIP.MipItemsUpdateStrategyTests" name="CalculateNewExtent_ShouldLimitExtent_WhenBeyondMaxOnLowerRightEdge" />
    </UnitTest>
    <UnitTest name="Connect_WhenMajorServerVersionIs13AndMinorServerVersionIs3_ShouldCreateNewSchClient" storage="d:\actions-runner\_work\xpco\xpco\sc\components\remoteviewer\smartclient\tst\zsmartclient_unittest\bin\x64\debug\net472\zsmartclient_unittest.dll" id="5a96ab5f-7525-5e8b-4ceb-aece78f169bb">
      <Execution id="76ecc397-67fe-422f-a31a-3e8a23dfd9c0" />
      <TestMethod codeBase="D:\actions-runner\_work\XPCO\XPCO\SC\Components\RemoteViewer\SmartClient\tst\zSmartClient_UnitTest\bin\x64\Debug\net472\zSmartClient_UnitTest.dll" adapterTypeName="executor://mstestadapter/v2" className="VideoOS.Shared.ServerAPI.ServiceChannel.UnitTest.ServiceChannelCommandServiceTests" name="Connect_WhenMajorServerVersionIs13AndMinorServerVersionIs3_ShouldCreateNewSchClient" />
    </UnitTest>
    <UnitTest name="GetWorkspaceToolbarItems_ShouldReturnCorrectToolbarItemAsVisible_WhenWorkspaceIsDifferentForPlugins" storage="d:\actions-runner\_work\xpco\xpco\sc\components\remoteviewer\smartclient\tst\zsmartclient_unittest\bin\x64\debug\net472\zsmartclient_unittest.dll" id="fca611f3-84ae-9eb6-8d99-31763ce69bf9">
      <TestCategory>
        <TestCategoryItem TestCategory="WorkspaceToolbar" />
      </TestCategory>
      <Execution id="33e0583a-8622-4720-acd0-56ab1eb1cfd0" />
      <TestMethod codeBase="D:\actions-runner\_work\XPCO\XPCO\SC\Components\RemoteViewer\SmartClient\tst\zSmartClient_UnitTest\bin\x64\Debug\net472\zSmartClient_UnitTest.dll" adapterTypeName="executor://mstestadapter/v2" className="SmartClient_UnitTest.VideoOS.RemoteClient.Application.UI.Content.WorkspaceToolbar.MIPWorkspaceToolbarItemManagerTests" name="GetWorkspaceToolbarItems_ShouldReturnCorrectToolbarItemAsVisible_WhenWorkspaceIsDifferentForPlugins" />
    </UnitTest>
    <UnitTest name="TestLoadAsync_Success" storage="d:\actions-runner\_work\xpco\xpco\sc\components\remoteviewer\smartclient\tst\zsmartclient_unittest\bin\x64\debug\net472\zsmartclient_unittest.dll" id="34f71d61-40e4-8716-5c83-5c84a7e66552">
      <TestCategory>
        <TestCategoryItem TestCategory="GisMapBuilding" />
      </TestCategory>
      <Execution id="43c6dea5-36c1-4f5f-be23-90c3abefe9d9" />
      <TestMethod codeBase="D:\actions-runner\_work\XPCO\XPCO\SC\Components\RemoteViewer\SmartClient\tst\zSmartClient_UnitTest\bin\x64\Debug\net472\zSmartClient_UnitTest.dll" adapterTypeName="executor://mstestadapter/v2" className="SmartClient_UnitTest.VideoOS.RemoteClient.GisMapData.MapBuildings.MapLevelTests" name="TestLoadAsync_Success" />
    </UnitTest>
    <UnitTest name="MoveToTop_ShouldMoveItemIndexInItemCollection_WhenItemIsNotAlreadyTopmost" storage="d:\actions-runner\_work\xpco\xpco\sc\components\remoteviewer\smartclient\tst\zsmartclient_unittest\bin\x64\debug\net472\zsmartclient_unittest.dll" id="a8f4b6d2-f49f-cfb1-a73f-419bc32fb67e">
      <TestCategory>
        <TestCategoryItem TestCategory="MapItemMarkerBase" />
      </TestCategory>
      <Execution id="ceaddf2f-f27d-47d5-936c-5f8abb22eb9c" />
      <TestMethod codeBase="D:\actions-runner\_work\XPCO\XPCO\SC\Components\RemoteViewer\SmartClient\tst\zSmartClient_UnitTest\bin\x64\Debug\net472\zSmartClient_UnitTest.dll" adapterTypeName="executor://mstestadapter/v2" className="SmartClient_UnitTest.VideoOS.RemoteClient.Plugin.GisMap.ThinkGeoMap.Markers.MapItemMarkerBaseTests" name="MoveToTop_ShouldMoveItemIndexInItemCollection_WhenItemIsNotAlreadyTopmost" />
    </UnitTest>
    <UnitTest name="Search_PreviouslyAddedFilterValueRemoved_SubDefinitionOnlyUsesRemainingFilterValues" storage="d:\actions-runner\_work\xpco\xpco\sc\components\remoteviewer\smartclient\tst\zsmartclient_unittest\bin\x64\debug\net472\zsmartclient_unittest.dll" id="09064739-d6f3-b35b-43e1-f9b5634afbd3">
      <TestCategory>
        <TestCategoryItem TestCategory="Search" />
      </TestCategory>
      <Execution id="60fc17b5-0b14-4d6b-8f58-197b4383fa03" />
      <TestMethod codeBase="D:\actions-runner\_work\XPCO\XPCO\SC\Components\RemoteViewer\SmartClient\tst\zSmartClient_UnitTest\bin\x64\Debug\net472\zSmartClient_UnitTest.dll" adapterTypeName="executor://mstestadapter/v2" className="SmartClient_UnitTest.VideoOS.RemoteClient.Plugin.CentralizedSearch.MIPPlugin.CompositeSearchDefinitionTests" name="Search_PreviouslyAddedFilterValueRemoved_SubDefinitionOnlyUsesRemainingFilterValues" />
    </UnitTest>
    <UnitTest name="AddToSearchSelectedEvent_AllCategoriesSelected_Success" storage="d:\actions-runner\_work\xpco\xpco\sc\components\remoteviewer\smartclient\tst\zsmartclient_unittest\bin\x64\debug\net472\zsmartclient_unittest.dll" id="ef94c6fe-3d3c-a109-4351-ac27f971b64d">
      <TestCategory>
        <TestCategoryItem TestCategory="SearchControls" />
      </TestCategory>
      <Execution id="683b2296-f7d4-49a1-b58e-8439c8910b72" />
      <TestMethod codeBase="D:\actions-runner\_work\XPCO\XPCO\SC\Components\RemoteViewer\SmartClient\tst\zSmartClient_UnitTest\bin\x64\Debug\net472\zSmartClient_UnitTest.dll" adapterTypeName="executor://mstestadapter/v2" className="SmartClient_UnitTest.VideoOS.RemoteClient.Plugin.CentralizedSearch.Views.Controls.SearchCategorySelect.SelectSearchCategoryLayoutTests" name="AddToSearchSelectedEvent_AllCategoriesSelected_Success" />
    </UnitTest>
    <UnitTest name="Map_DeleteLayer_ImageLayer_Success" storage="d:\actions-runner\_work\xpco\xpco\sc\components\remoteviewer\smartclient\tst\zsmartclient_unittest\bin\x64\debug\net472\zsmartclient_unittest.dll" id="f4a81b1f-d65d-e48b-b006-18eab3f2b023">
      <TestCategory>
        <TestCategoryItem TestCategory="GisMapLayers" />
      </TestCategory>
      <Execution id="138e3866-71d5-4911-b9a1-e2af59c6ede3" />
      <TestMethod codeBase="D:\actions-runner\_work\XPCO\XPCO\SC\Components\RemoteViewer\SmartClient\tst\zSmartClient_UnitTest\bin\x64\Debug\net472\zSmartClient_UnitTest.dll" adapterTypeName="executor://mstestadapter/v2" className="SmartClient_UnitTest.VideoOS.RemoteClient.GisMapData.GisMapLayerTests" name="Map_DeleteLayer_ImageLayer_Success" />
    </UnitTest>
    <UnitTest name="EndSelection_ShouldNotStartInPlaceEditMode_WhenItemIsNotSelected" storage="d:\actions-runner\_work\xpco\xpco\sc\components\remoteviewer\smartclient\tst\zsmartclient_unittest\bin\x64\debug\net472\zsmartclient_unittest.dll" id="9bd36f2b-bb15-3fec-5cc0-8da29f15f2eb">
      <TestCategory>
        <TestCategoryItem TestCategory="SmartMap.SelectionHelper" />
      </TestCategory>
      <Execution id="be50878d-01be-4bf8-99cd-c9667be79a3f" />
      <TestMethod codeBase="D:\actions-runner\_work\XPCO\XPCO\SC\Components\RemoteViewer\SmartClient\tst\zSmartClient_UnitTest\bin\x64\Debug\net472\zSmartClient_UnitTest.dll" adapterTypeName="executor://mstestadapter/v2" className="SmartClient_UnitTest.VideoOS.RemoteClient.Plugin.GisMap.ThinkGeoMap.SpecializedOverlays.Overlays.SelectionHelperTests" name="EndSelection_ShouldNotStartInPlaceEditMode_WhenItemIsNotSelected" />
    </UnitTest>
    <UnitTest name="CreateSearchTemplateAsync_ThrowTimeoutException_Success" storage="d:\actions-runner\_work\xpco\xpco\sc\components\remoteviewer\smartclient\tst\zsmartclient_unittest\bin\x64\debug\net472\zsmartclient_unittest.dll" id="c26bcfcf-d6cf-eb3f-8de4-51157c9540bf">
      <TestCategory>
        <TestCategoryItem TestCategory="SearchTemplatesService" />
      </TestCategory>
      <Execution id="d495f8ef-7901-49ff-b9d1-da9d0dafbf7d" />
      <TestMethod codeBase="D:\actions-runner\_work\XPCO\XPCO\SC\Components\RemoteViewer\SmartClient\tst\zSmartClient_UnitTest\bin\x64\Debug\net472\zSmartClient_UnitTest.dll" adapterTypeName="executor://mstestadapter/v2" className="SmartClient_UnitTest.VideoOS.RemoteClient.Plugin.CentralizedSearch.SearchTemplates.Service.SearchTemplateServiceTests" name="CreateSearchTemplateAsync_ThrowTimeoutException_Success" />
    </UnitTest>
    <UnitTest name="GetLayerFeatures_ShouldReturnOutputLayerFeatures_WhenOutputKind" storage="d:\actions-runner\_work\xpco\xpco\sc\components\remoteviewer\smartclient\tst\zsmartclient_unittest\bin\x64\debug\net472\zsmartclient_unittest.dll" id="2b33b0ae-9699-070c-729a-42132d028501">
      <TestCategory>
        <TestCategoryItem TestCategory="GisMapData.Controllers.LayerFeatures" />
      </TestCategory>
      <Execution id="e6933465-70df-44da-919a-de4d2421a8a5" />
      <TestMethod codeBase="D:\actions-runner\_work\XPCO\XPCO\SC\Components\RemoteViewer\SmartClient\tst\zSmartClient_UnitTest\bin\x64\Debug\net472\zSmartClient_UnitTest.dll" adapterTypeName="executor://mstestadapter/v2" className="SmartClient_UnitTest.VideoOS.RemoteClient.GisMapData.Controllers.LayerFeatures.LayerFeaturesControllerTests" name="GetLayerFeatures_ShouldReturnOutputLayerFeatures_WhenOutputKind" />
    </UnitTest>
    <UnitTest name="MainScopeTitleMaxWidthConverter_ConvertSuccess" storage="d:\actions-runner\_work\xpco\xpco\sc\components\remoteviewer\smartclient\tst\zsmartclient_unittest\bin\x64\debug\net472\zsmartclient_unittest.dll" id="b875a004-85a0-61f0-5a06-f872b9bf4ce4">
      <TestCategory>
        <TestCategoryItem TestCategory="SearchConverter" />
      </TestCategory>
      <Execution id="c90a0b19-e327-417a-9be1-1a6b6229b802" />
      <TestMethod codeBase="D:\actions-runner\_work\XPCO\XPCO\SC\Components\RemoteViewer\SmartClient\tst\zSmartClient_UnitTest\bin\x64\Debug\net472\zSmartClient_UnitTest.dll" adapterTypeName="executor://mstestadapter/v2" className="SmartClient_UnitTest.VideoOS.RemoteClient.Plugin.CentralizedSearch.Views.Converters.MainScopeTitleMaxWidthConverterTests" name="MainScopeTitleMaxWidthConverter_ConvertSuccess" />
    </UnitTest>
    <UnitTest name="Warning_Shown_When_Reducing_Protection_Expiry" storage="d:\actions-runner\_work\xpco\xpco\sc\components\remoteviewer\smartclient\tst\zsmartclient_unittest\bin\x64\debug\net472\zsmartclient_unittest.dll" id="0b44e872-d464-60e7-3348-83243bc0d155">
      <Execution id="6d555ddb-2c64-428c-80eb-09a98b2d7a73" />
      <TestMethod codeBase="D:\actions-runner\_work\XPCO\XPCO\SC\Components\RemoteViewer\SmartClient\tst\zSmartClient_UnitTest\bin\x64\Debug\net472\zSmartClient_UnitTest.dll" adapterTypeName="executor://mstestadapter/v2" className="SmartClient_UnitTest.VideoOS.RemoteClient.Application.Components.EvidenceLock.EvidenceLockCreateEditTests" name="Warning_Shown_When_Reducing_Protection_Expiry" />
    </UnitTest>
    <UnitTest name="Constructor_ShouldRaiseArgumentNullException_WhenLoggerIsNull" storage="d:\actions-runner\_work\xpco\xpco\sc\components\remoteviewer\smartclient\tst\zsmartclient_unittest\bin\x64\debug\net472\zsmartclient_unittest.dll" id="88c2b0d8-15cc-99cf-0786-93c215c0f665">
      <TestCategory>
        <TestCategoryItem TestCategory="GisMapAudioController" />
      </TestCategory>
      <Execution id="8d4ed50c-7880-4dd9-910f-6fc4a78108ee" />
      <TestMethod codeBase="D:\actions-runner\_work\XPCO\XPCO\SC\Components\RemoteViewer\SmartClient\tst\zSmartClient_UnitTest\bin\x64\Debug\net472\zSmartClient_UnitTest.dll" adapterTypeName="executor://mstestadapter/v2" className="SmartClient_UnitTest.VideoOS.RemoteClient.GisMapData.GisMapAudioControllerTests" name="Constructor_ShouldRaiseArgumentNullException_WhenLoggerIsNull" />
    </UnitTest>
    <UnitTest name="TestForAssemblyCoverage" storage="d:\actions-runner\_work\xpco\xpco\sc\components\remoteviewer\smartclient\tst\zsmartclient_unittest\bin\x64\debug\net472\zsmartclient_unittest.dll" id="4a5dc23b-ffe3-e948-472d-9d60d6e22bd4">
      <Execution id="2df70f13-173b-46af-85d9-1035c36b2de1" />
      <TestMethod codeBase="D:\actions-runner\_work\XPCO\XPCO\SC\Components\RemoteViewer\SmartClient\tst\zSmartClient_UnitTest\bin\x64\Debug\net472\zSmartClient_UnitTest.dll" adapterTypeName="executor://mstestadapter/v2" className="SmartClient_UnitTest.VideoOS.RemoteClient.VMOData.UnitTest1" name="TestForAssemblyCoverage" />
    </UnitTest>
    <UnitTest name="OnSizeChanged_PluginButtonsPresentInActionBar_PluginButtonsMovedToOverflowMenu" storage="d:\actions-runner\_work\xpco\xpco\sc\components\remoteviewer\smartclient\tst\zsmartclient_unittest\bin\x64\debug\net472\zsmartclient_unittest.dll" id="f50ada7c-d947-8c69-ca9d-bb57a8cda16a">
      <TestCategory>
        <TestCategoryItem TestCategory="SearchViews" />
      </TestCategory>
      <Execution id="0a956f83-aa9d-4e69-9630-0b6a681d3bcc" />
      <TestMethod codeBase="D:\actions-runner\_work\XPCO\XPCO\SC\Components\RemoteViewer\SmartClient\tst\zSmartClient_UnitTest\bin\x64\Debug\net472\zSmartClient_UnitTest.dll" adapterTypeName="executor://mstestadapter/v2" className="SmartClient_UnitTest.VideoOS.RemoteClient.Plugin.CentralizedSearch.Views.SearchResultActionBarViewTests" name="OnSizeChanged_PluginButtonsPresentInActionBar_PluginButtonsMovedToOverflowMenu" />
    </UnitTest>
    <UnitTest name="Constructor_ShouldRaiseArgumentNullException_WhenGisMapViewModelIsNull" storage="d:\actions-runner\_work\xpco\xpco\sc\components\remoteviewer\smartclient\tst\zsmartclient_unittest\bin\x64\debug\net472\zsmartclient_unittest.dll" id="d971de1e-b31f-31c2-fa67-f30dd423d56b">
      <TestCategory>
        <TestCategoryItem TestCategory="GisMap.LayerVisibilityViewModelTests" />
      </TestCategory>
      <Execution id="c96adcc8-8760-49bc-99e6-937cfe9aaf73" />
      <TestMethod codeBase="D:\actions-runner\_work\XPCO\XPCO\SC\Components\RemoteViewer\SmartClient\tst\zSmartClient_UnitTest\bin\x64\Debug\net472\zSmartClient_UnitTest.dll" adapterTypeName="executor://mstestadapter/v2" className="SmartClient_UnitTest.VideoOS.RemoteClient.Plugin.GisMap.ViewModels.LayerVisibilityViewModelTests" name="Constructor_ShouldRaiseArgumentNullException_WhenGisMapViewModelIsNull" />
    </UnitTest>
    <UnitTest name="Constructor_ShouldRaiseArgumentNullException_WhenGisMapModelIsNull" storage="d:\actions-runner\_work\xpco\xpco\sc\components\remoteviewer\smartclient\tst\zsmartclient_unittest\bin\x64\debug\net472\zsmartclient_unittest.dll" id="80316af5-ff8d-d096-8b7d-158b3853fd75">
      <TestCategory>
        <TestCategoryItem TestCategory="GisMap.Handlers.Devices.MapItems" />
      </TestCategory>
      <Execution id="047d0f1c-0a05-46ef-98f5-e28bccda34e3" />
      <TestMethod codeBase="D:\actions-runner\_work\XPCO\XPCO\SC\Components\RemoteViewer\SmartClient\tst\zSmartClient_UnitTest\bin\x64\Debug\net472\zSmartClient_UnitTest.dll" adapterTypeName="executor://mstestadapter/v2" className="SmartClient_UnitTest.VideoOS.RemoteClient.Plugin.GisMap.Handlers.Devices.MapItems.CameraDataHandlerTests" name="Constructor_ShouldRaiseArgumentNullException_WhenGisMapModelIsNull" />
    </UnitTest>
    <UnitTest name="Parse_TwelveHours_Success" storage="d:\actions-runner\_work\xpco\xpco\sc\components\remoteviewer\smartclient\tst\zsmartclient_unittest\bin\x64\debug\net472\zsmartclient_unittest.dll" id="24de239e-634e-94d1-f05a-2dd6d4c77c91">
      <TestCategory>
        <TestCategoryItem TestCategory="Search" />
      </TestCategory>
      <Execution id="e6d20f15-49e8-4548-9143-3480c891cdbc" />
      <TestMethod codeBase="D:\actions-runner\_work\XPCO\XPCO\SC\Components\RemoteViewer\SmartClient\tst\zSmartClient_UnitTest\bin\x64\Debug\net472\zSmartClient_UnitTest.dll" adapterTypeName="executor://mstestadapter/v2" className="SmartClient_UnitTest.VideoOS.RemoteClient.Plugin.CentralizedSearch.Models.ScopeDurationTests" name="Parse_TwelveHours_Success" />
    </UnitTest>
    <UnitTest name="MotionAreaInfosDto_ShouldYieldSameValues_WhenRoundTripConverted" storage="d:\actions-runner\_work\xpco\xpco\sc\components\remoteviewer\smartclient\tst\zsmartclient_unittest\bin\x64\debug\net472\zsmartclient_unittest.dll" id="5479df44-d54f-1884-c573-5213e20618b0">
      <TestCategory>
        <TestCategoryItem TestCategory="RecorderProxyToDtoMapping" />
      </TestCategory>
      <Execution id="a9495b9d-c90e-4f7d-b868-0cc816ec4905" />
      <TestMethod codeBase="D:\actions-runner\_work\XPCO\XPCO\SC\Components\RemoteViewer\SmartClient\tst\zSmartClient_UnitTest\bin\x64\Debug\net472\zSmartClient_UnitTest.dll" adapterTypeName="executor://mstestadapter/v2" className="VideoOS.Shared.ServerAPI.SOAP.RecorderClientMappingTests" name="MotionAreaInfosDto_ShouldYieldSameValues_WhenRoundTripConverted" />
    </UnitTest>
    <UnitTest name="SearchResultsActionBarActions_Export_Exists" storage="d:\actions-runner\_work\xpco\xpco\sc\components\remoteviewer\smartclient\tst\zsmartclient_unittest\bin\x64\debug\net472\zsmartclient_unittest.dll" id="74bce2b8-452d-5f85-d604-2ca1701607c3">
      <TestCategory>
        <TestCategoryItem TestCategory="SearchResultActionBarViewModel" />
      </TestCategory>
      <Execution id="38966a4d-5b09-4cf7-a61d-76a4bbff4ec4" />
      <TestMethod codeBase="D:\actions-runner\_work\XPCO\XPCO\SC\Components\RemoteViewer\SmartClient\tst\zSmartClient_UnitTest\bin\x64\Debug\net472\zSmartClient_UnitTest.dll" adapterTypeName="executor://mstestadapter/v2" className="SmartClient_UnitTest.VideoOS.RemoteClient.Plugin.CentralizedSearch.ViewModels.SearchResultsActionBarViewModelTest" name="SearchResultsActionBarActions_Export_Exists" />
    </UnitTest>
    <UnitTest name="CreateDefinition_ModelReturnsNullDefinition_ReturnsNull" storage="d:\actions-runner\_work\xpco\xpco\sc\components\remoteviewer\smartclient\tst\zsmartclient_unittest\bin\x64\debug\net472\zsmartclient_unittest.dll" id="401d2e62-9623-23c2-8f1c-f70d5a6debc1">
      <TestCategory>
        <TestCategoryItem TestCategory="SearchModels" />
      </TestCategory>
      <Execution id="bf0ab629-5f08-4a8e-ac18-c2255870c860" />
      <TestMethod codeBase="D:\actions-runner\_work\XPCO\XPCO\SC\Components\RemoteViewer\SmartClient\tst\zSmartClient_UnitTest\bin\x64\Debug\net472\zSmartClient_UnitTest.dll" adapterTypeName="executor://mstestadapter/v2" className="SmartClient_UnitTest.VideoOS.RemoteClient.Plugin.CentralizedSearch.Models.SearchModelTests" name="CreateDefinition_ModelReturnsNullDefinition_ReturnsNull" />
    </UnitTest>
    <UnitTest name="GetUserOptions_ShouldDecryptOptions_WhenServerIs2020R2OrOlder" storage="d:\actions-runner\_work\xpco\xpco\sc\components\remoteviewer\smartclient\tst\zsmartclient_unittest\bin\x64\debug\net472\zsmartclient_unittest.dll" id="9a8b0630-7fe0-b955-d569-785b1cb3be21">
      <TestCategory>
        <TestCategoryItem TestCategory="Managers" />
      </TestCategory>
      <Execution id="da2e71d3-1826-4213-9d23-84492462c193" />
      <TestMethod codeBase="D:\actions-runner\_work\XPCO\XPCO\SC\Components\RemoteViewer\SmartClient\tst\zSmartClient_UnitTest\bin\x64\Debug\net472\zSmartClient_UnitTest.dll" adapterTypeName="executor://mstestadapter/v2" className="SmartClient_UnitTest.VideoOS.RemoteClient.Application.Managers.OptionManagerTests" name="GetUserOptions_ShouldDecryptOptions_WhenServerIs2020R2OrOlder" />
    </UnitTest>
    <UnitTest name="DetermineUserAllowsUnsecureConnection_WhereUserIsAskedAndChoiceIsSaved_ShouldCallLoginManager" storage="d:\actions-runner\_work\xpco\xpco\sc\components\remoteviewer\smartclient\tst\zsmartclient_unittest\bin\x64\debug\net472\zsmartclient_unittest.dll" id="c90acf43-beb9-9440-08e2-aeffc5687d1e">
      <Execution id="cd1b367c-a170-4ab9-9a69-68c677ae9fae" />
      <TestMethod codeBase="D:\actions-runner\_work\XPCO\XPCO\SC\Components\RemoteViewer\SmartClient\tst\zSmartClient_UnitTest\bin\x64\Debug\net472\zSmartClient_UnitTest.dll" adapterTypeName="executor://mstestadapter/v2" className="VideoOS.RemoteClient.Application.Managers.UnitTest.AllowUnsecureConnectionManagerTests" name="DetermineUserAllowsUnsecureConnection_WhereUserIsAskedAndChoiceIsSaved_ShouldCallLoginManager" />
    </UnitTest>
    <UnitTest name="Password1 valid, Password 2 invalid, same length" storage="d:\actions-runner\_work\xpco\xpco\sc\components\remoteviewer\smartclient\tst\zsmartclient_unittest\bin\x64\debug\net472\zsmartclient_unittest.dll" id="cbd1a592-fe49-5c6c-2e8b-2ba168c4038f">
      <TestCategory>
        <TestCategoryItem TestCategory="Export" />
      </TestCategory>
      <Execution id="e6bb6c4b-b80a-46a2-95c8-7f20412bb36f" />
      <TestMethod codeBase="D:\actions-runner\_work\XPCO\XPCO\SC\Components\RemoteViewer\SmartClient\tst\zSmartClient_UnitTest\bin\x64\Debug\net472\zSmartClient_UnitTest.dll" adapterTypeName="executor://mstestadapter/v2" className="SmartClient_UnitTest.VideoOS.RemoteClient.Plugin.Export.PasswordDialogViewModelTests" name="ArePasswordsValid_ShouldDependOnPassword1AndPassword2" />
    </UnitTest>
    <UnitTest name="AddToExportTuples_ShouldAddToExportData (0)" storage="d:\actions-runner\_work\xpco\xpco\sc\components\remoteviewer\smartclient\tst\zsmartclient_unittest\bin\x64\debug\net472\zsmartclient_unittest.dll" id="fd2f0a2f-32fb-8519-02c2-e506fea764d9">
      <TestCategory>
        <TestCategoryItem TestCategory="Managers" />
      </TestCategory>
      <Execution id="a3b124a7-af5d-4557-aff0-84ebc3ca26f5" />
      <TestMethod codeBase="D:\actions-runner\_work\XPCO\XPCO\SC\Components\RemoteViewer\SmartClient\tst\zSmartClient_UnitTest\bin\x64\Debug\net472\zSmartClient_UnitTest.dll" adapterTypeName="executor://mstestadapter/v2" className="SmartClient_UnitTest.VideoOS.RemoteClient.Application.Managers.ExportManagerTests" name="AddToExportTuples_ShouldAddToExportData" />
    </UnitTest>
    <UnitTest name="ShouldReturnTrueWhenLevelChanged" storage="d:\actions-runner\_work\xpco\xpco\sc\components\remoteviewer\smartclient\tst\zsmartclient_unittest\bin\x64\debug\net472\zsmartclient_unittest.dll" id="14375da6-0c80-56ea-8d0d-fd5af8584025">
      <TestCategory>
        <TestCategoryItem TestCategory="MipItemsUpdateStrategy" />
      </TestCategory>
      <Execution id="67f33abe-314f-42f0-81e7-be1c8aca85fd" />
      <TestMethod codeBase="D:\actions-runner\_work\XPCO\XPCO\SC\Components\RemoteViewer\SmartClient\tst\zSmartClient_UnitTest\bin\x64\Debug\net472\zSmartClient_UnitTest.dll" adapterTypeName="executor://mstestadapter/v2" className="SmartClient_UnitTest.VideoOS.RemoteClient.Plugin.GisMap.MIP.MipItemsUpdateStrategyTests" name="ShouldReturnTrueWhenLevelChanged" />
    </UnitTest>
    <UnitTest name="GetUnmutedMicrophoneIconId_ShouldRaiseArgumentException_WhenArgumentIsNotAMutedMicrophoneIconId" storage="d:\actions-runner\_work\xpco\xpco\sc\components\remoteviewer\smartclient\tst\zsmartclient_unittest\bin\x64\debug\net472\zsmartclient_unittest.dll" id="fd527641-542a-2899-2dcd-c9ca191cdf52">
      <TestCategory>
        <TestCategoryItem TestCategory="GisMapData.MicrophoneOemResourcesProviderTests" />
      </TestCategory>
      <Execution id="158e67f9-56dc-4b9c-b9b2-85d985baa070" />
      <TestMethod codeBase="D:\actions-runner\_work\XPCO\XPCO\SC\Components\RemoteViewer\SmartClient\tst\zSmartClient_UnitTest\bin\x64\Debug\net472\zSmartClient_UnitTest.dll" adapterTypeName="executor://mstestadapter/v2" className="SmartClient_UnitTest.VideoOS.RemoteClient.GisMapData.Resources.MicrophoneOemResourcesProviderTests" name="GetUnmutedMicrophoneIconId_ShouldRaiseArgumentException_WhenArgumentIsNotAMutedMicrophoneIconId" />
    </UnitTest>
    <UnitTest name="Constructor_ShouldRaiseArgumentNullException_WhenLayersIsNull" storage="d:\actions-runner\_work\xpco\xpco\sc\components\remoteviewer\smartclient\tst\zsmartclient_unittest\bin\x64\debug\net472\zsmartclient_unittest.dll" id="f56fd28f-91dc-8b5a-3f0d-995472c1fd21">
      <TestCategory>
        <TestCategoryItem TestCategory="GisMapData.Handlers.LayerFeatures" />
      </TestCategory>
      <Execution id="f9aad11a-3722-4a6a-b1dd-22d3a323436f" />
      <TestMethod codeBase="D:\actions-runner\_work\XPCO\XPCO\SC\Components\RemoteViewer\SmartClient\tst\zSmartClient_UnitTest\bin\x64\Debug\net472\zSmartClient_UnitTest.dll" adapterTypeName="executor://mstestadapter/v2" className="SmartClient_UnitTest.VideoOS.RemoteClient.GisMapData.Handlers.LayerFeatures.MicrophoneLayerFeaturesHandlerTests" name="Constructor_ShouldRaiseArgumentNullException_WhenLayersIsNull" />
    </UnitTest>
    <UnitTest name="Decorate_ShouldNotRaiseMoreThanOneWindowMouseDownEvent_WhenCalledMultipleTimes" storage="d:\actions-runner\_work\xpco\xpco\sc\components\remoteviewer\smartclient\tst\zsmartclient_unittest\bin\x64\debug\net472\zsmartclient_unittest.dll" id="425d7941-e1e0-5212-c622-83e7ab8c692e">
      <TestCategory>
        <TestCategoryItem TestCategory="GisMap.WindowsBases" />
      </TestCategory>
      <Execution id="7361cd8d-9b39-42f2-8728-65c97b464840" />
      <TestMethod codeBase="D:\actions-runner\_work\XPCO\XPCO\SC\Components\RemoteViewer\SmartClient\tst\zSmartClient_UnitTest\bin\x64\Debug\net472\zSmartClient_UnitTest.dll" adapterTypeName="executor://mstestadapter/v2" className="SmartClient_UnitTest.VideoOS.RemoteClient.Plugin.GisMap.Windows.Bases.DragWindowDecoratorTests" name="Decorate_ShouldNotRaiseMoreThanOneWindowMouseDownEvent_WhenCalledMultipleTimes" />
    </UnitTest>
    <UnitTest name="AddToExportTuples_ShouldReturnCorrectResult (5,0,5)" storage="d:\actions-runner\_work\xpco\xpco\sc\components\remoteviewer\smartclient\tst\zsmartclient_unittest\bin\x64\debug\net472\zsmartclient_unittest.dll" id="aa47cc05-cff7-e883-f784-0ec23d2be9d9">
      <TestCategory>
        <TestCategoryItem TestCategory="Managers" />
      </TestCategory>
      <Execution id="f5bebc43-321c-4d9b-b0ee-2ebbc36abd4b" />
      <TestMethod codeBase="D:\actions-runner\_work\XPCO\XPCO\SC\Components\RemoteViewer\SmartClient\tst\zSmartClient_UnitTest\bin\x64\Debug\net472\zSmartClient_UnitTest.dll" adapterTypeName="executor://mstestadapter/v2" className="SmartClient_UnitTest.VideoOS.RemoteClient.Application.Managers.ExportManagerTests" name="AddToExportTuples_ShouldReturnCorrectResult" />
    </UnitTest>
    <UnitTest name="PatrollingProfileViewModelTest_patrollingProfileViewModel_PropertyChanged" storage="d:\actions-runner\_work\xpco\xpco\sc\components\remoteviewer\smartclient\tst\zsmartclient_unittest\bin\x64\debug\net472\zsmartclient_unittest.dll" id="c1d7928e-75c0-4c88-3fea-e132fd775b5e">
      <Execution id="2cec767b-a7f9-465a-a350-1e06e5cc6a06" />
      <TestMethod codeBase="D:\actions-runner\_work\XPCO\XPCO\SC\Components\RemoteViewer\SmartClient\tst\zSmartClient_UnitTest\bin\x64\Debug\net472\zSmartClient_UnitTest.dll" adapterTypeName="executor://mstestadapter/v2" className="SmartClient_UnitTest.VideoOS.RemoteClient.Application.UI.PtzPreset.PatrollingViewModel.PatrollingProfileListViewModelTest" name="PatrollingProfileViewModelTest_patrollingProfileViewModel_PropertyChanged" />
    </UnitTest>
    <UnitTest name="WorkspaceToolBarItemEvidenceLockCreate_ShouldGoIntoSelectionMode_WhenNotInSelectionMode" storage="d:\actions-runner\_work\xpco\xpco\sc\components\remoteviewer\smartclient\tst\zsmartclient_unittest\bin\x64\debug\net472\zsmartclient_unittest.dll" id="00898047-0053-d119-5ff1-919a14dc0313">
      <Execution id="778d1cea-85fe-4aa3-a6a7-389b225279eb" />
      <TestMethod codeBase="D:\actions-runner\_work\XPCO\XPCO\SC\Components\RemoteViewer\SmartClient\tst\zSmartClient_UnitTest\bin\x64\Debug\net472\zSmartClient_UnitTest.dll" adapterTypeName="executor://mstestadapter/v2" className="SmartClient_UnitTest.VideoOS.RemoteClient.Application.Data.WorkspaceToolbar.WorkspaceToolbarItemsTimelineSelectionModeTests" name="WorkspaceToolBarItemEvidenceLockCreate_ShouldGoIntoSelectionMode_WhenNotInSelectionMode" />
    </UnitTest>
    <UnitTest name="AddClientId_WhereClientIsNull_ThrowException" storage="d:\actions-runner\_work\xpco\xpco\sc\components\remoteviewer\smartclient\tst\zsmartclient_unittest\bin\x64\debug\net472\zsmartclient_unittest.dll" id="f5cc9535-b7e6-daa3-8b93-880b7a1798ad">
      <Execution id="63d9cbb9-847c-4370-9e85-f943253d61c4" />
      <TestMethod codeBase="D:\actions-runner\_work\XPCO\XPCO\SC\Components\RemoteViewer\SmartClient\tst\zSmartClient_UnitTest\bin\x64\Debug\net472\zSmartClient_UnitTest.dll" adapterTypeName="executor://mstestadapter/v2" className="SmartClient_UnitTest.VideoOS.RemoteClient.Plugin.GisMap.Utilities.GoogleApiUrlTest" name="AddClientId_WhereClientIsNull_ThrowException" />
    </UnitTest>
    <UnitTest name="RetrievalTestStopping" storage="d:\actions-runner\_work\xpco\xpco\sc\components\remoteviewer\smartclient\tst\zsmartclient_unittest\bin\x64\debug\net472\zsmartclient_unittest.dll" id="93ea4899-517e-c6f1-21bb-544e5f026df8">
      <Execution id="bc0b38ff-6b21-4666-864d-c2bdd2b1bfcf" />
      <TestMethod codeBase="D:\actions-runner\_work\XPCO\XPCO\SC\Components\RemoteViewer\SmartClient\tst\zSmartClient_UnitTest\bin\x64\Debug\net472\zSmartClient_UnitTest.dll" adapterTypeName="executor://mstestadapter/v2" className="SmartClient_UnitTest.VideoOS.RemoteClient.Application.Managers.EdgeRetrievalTaskManagerUnitTest" name="RetrievalTestStopping" />
    </UnitTest>
    <UnitTest name="OnMarkerSelected_ShouldSelectMarker_WhenNoExistingSelectionAndAddToSelectionIsTrue" storage="d:\actions-runner\_work\xpco\xpco\sc\components\remoteviewer\smartclient\tst\zsmartclient_unittest\bin\x64\debug\net472\zsmartclient_unittest.dll" id="c34f42eb-c62c-cd70-fefe-eae8d43a9ea6">
      <TestCategory>
        <TestCategoryItem TestCategory="SmartMap.SelectionHelper" />
      </TestCategory>
      <Execution id="98299d9d-7b2d-4c58-8f8c-0d5a442be3e4" />
      <TestMethod codeBase="D:\actions-runner\_work\XPCO\XPCO\SC\Components\RemoteViewer\SmartClient\tst\zSmartClient_UnitTest\bin\x64\Debug\net472\zSmartClient_UnitTest.dll" adapterTypeName="executor://mstestadapter/v2" className="SmartClient_UnitTest.VideoOS.RemoteClient.Plugin.GisMap.ThinkGeoMap.SpecializedOverlays.Overlays.SelectionHelperTests" name="OnMarkerSelected_ShouldSelectMarker_WhenNoExistingSelectionAndAddToSelectionIsTrue" />
    </UnitTest>
    <UnitTest name="SearchResultsActionBarActions_ActionResultCreateReport_CreatePdfDocument_ErrorSaving" storage="d:\actions-runner\_work\xpco\xpco\sc\components\remoteviewer\smartclient\tst\zsmartclient_unittest\bin\x64\debug\net472\zsmartclient_unittest.dll" id="7b0dc253-1a60-98fa-ca06-9217e1553108">
      <TestCategory>
        <TestCategoryItem TestCategory="Search" />
      </TestCategory>
      <Execution id="81e5aedd-a54d-49fd-a01d-3f9acd68a85b" />
      <TestMethod codeBase="D:\actions-runner\_work\XPCO\XPCO\SC\Components\RemoteViewer\SmartClient\tst\zSmartClient_UnitTest\bin\x64\Debug\net472\zSmartClient_UnitTest.dll" adapterTypeName="executor://mstestadapter/v2" className="SmartClient_UnitTest.VideoOS.RemoteClient.Plugin.CentralizedSearch.ViewModels.SearchReportViewModelTests" name="SearchResultsActionBarActions_ActionResultCreateReport_CreatePdfDocument_ErrorSaving" />
    </UnitTest>
    <UnitTest name="DeviceIcons_ShouldHaveTenElements_WhenCalled" storage="d:\actions-runner\_work\xpco\xpco\sc\components\remoteviewer\smartclient\tst\zsmartclient_unittest\bin\x64\debug\net472\zsmartclient_unittest.dll" id="ef4e21c0-7da5-c60c-260f-ced0773f5f69">
      <TestCategory>
        <TestCategoryItem TestCategory="GisMapData.CameraOemResourcesProviderTests" />
      </TestCategory>
      <Execution id="736f966f-9c92-4535-8632-a34db0d77b5b" />
      <TestMethod codeBase="D:\actions-runner\_work\XPCO\XPCO\SC\Components\RemoteViewer\SmartClient\tst\zSmartClient_UnitTest\bin\x64\Debug\net472\zSmartClient_UnitTest.dll" adapterTypeName="executor://mstestadapter/v2" className="SmartClient_UnitTest.VideoOS.RemoteClient.GisMapData.Resources.CameraOemResourcesProviderTests" name="DeviceIcons_ShouldHaveTenElements_WhenCalled" />
    </UnitTest>
    <UnitTest name="Compare_SameBeginTimeDeterministicBehavior_Id_Success" storage="d:\actions-runner\_work\xpco\xpco\sc\components\remoteviewer\smartclient\tst\zsmartclient_unittest\bin\x64\debug\net472\zsmartclient_unittest.dll" id="b7e67eb3-5e37-470d-ad59-462ac69a420c">
      <TestCategory>
        <TestCategoryItem TestCategory="SearchComparers" />
      </TestCategory>
      <Execution id="8afc4903-aa74-4f95-a51d-6b94fd88006a" />
      <TestMethod codeBase="D:\actions-runner\_work\XPCO\XPCO\SC\Components\RemoteViewer\SmartClient\tst\zSmartClient_UnitTest\bin\x64\Debug\net472\zSmartClient_UnitTest.dll" adapterTypeName="executor://mstestadapter/v2" className="SmartClient_UnitTest.VideoOS.RemoteClient.Plugin.CentralizedSearch.Models.Wrappers.Comparers.BeginTimeWithPaddingComparerTests" name="Compare_SameBeginTimeDeterministicBehavior_Id_Success" />
    </UnitTest>
    <UnitTest name="PopulateTooltip_HoverOverEmpty_TooltipIsEmpty" storage="d:\actions-runner\_work\xpco\xpco\sc\components\remoteviewer\smartclient\tst\zsmartclient_unittest\bin\x64\debug\net472\zsmartclient_unittest.dll" id="526844e8-d693-bdcc-23f1-06de8a485eea">
      <TestCategory>
        <TestCategoryItem TestCategory="SearchControls" />
      </TestCategory>
      <Execution id="199ea80f-2944-4345-b97d-ceda3a2672ec" />
      <TestMethod codeBase="D:\actions-runner\_work\XPCO\XPCO\SC\Components\RemoteViewer\SmartClient\tst\zSmartClient_UnitTest\bin\x64\Debug\net472\zSmartClient_UnitTest.dll" adapterTypeName="executor://mstestadapter/v2" className="SmartClient_UnitTest.VideoOS.RemoteClient.Plugin.CentralizedSearch.Views.Controls.TimelineRuler.TimelineRulerControlTests" name="PopulateTooltip_HoverOverEmpty_TooltipIsEmpty" />
    </UnitTest>
    <UnitTest name="SelectTemplate_ListSelectionFilterConfiguration_ThreeOrMoreItems_ReturnsPopupTemplate" storage="d:\actions-runner\_work\xpco\xpco\sc\components\remoteviewer\smartclient\tst\zsmartclient_unittest\bin\x64\debug\net472\zsmartclient_unittest.dll" id="bb4bb142-b438-3655-29db-1dd962632a41">
      <TestCategory>
        <TestCategoryItem TestCategory="SearchViews" />
      </TestCategory>
      <Execution id="abd96d29-2184-4821-973b-fa0a2a334503" />
      <TestMethod codeBase="D:\actions-runner\_work\XPCO\XPCO\SC\Components\RemoteViewer\SmartClient\tst\zSmartClient_UnitTest\bin\x64\Debug\net472\zSmartClient_UnitTest.dll" adapterTypeName="executor://mstestadapter/v2" className="SmartClient_UnitTest.VideoOS.RemoteClient.Plugin.CentralizedSearch.Views.AttributeEditControlTemplateSelectorTests" name="SelectTemplate_ListSelectionFilterConfiguration_ThreeOrMoreItems_ReturnsPopupTemplate" />
    </UnitTest>
    <UnitTest name="No_warning_when_removing_camera_with_unrelated_device_with_no_update_rights" storage="d:\actions-runner\_work\xpco\xpco\sc\components\remoteviewer\smartclient\tst\zsmartclient_unittest\bin\x64\debug\net472\zsmartclient_unittest.dll" id="51b24619-a3ed-9418-8456-52beb88978c3">
      <Execution id="03f4c9ee-613f-4221-a704-c44f4d3970c3" />
      <TestMethod codeBase="D:\actions-runner\_work\XPCO\XPCO\SC\Components\RemoteViewer\SmartClient\tst\zSmartClient_UnitTest\bin\x64\Debug\net472\zSmartClient_UnitTest.dll" adapterTypeName="executor://mstestadapter/v2" className="SmartClient_UnitTest.VideoOS.RemoteClient.Application.Components.EvidenceLock.EvidenceLockRelatedDeviceRightsTests" name="No_warning_when_removing_camera_with_unrelated_device_with_no_update_rights" />
    </UnitTest>
    <UnitTest name="SearchResultsActionBarActions_AddBookmark_Enabled" storage="d:\actions-runner\_work\xpco\xpco\sc\components\remoteviewer\smartclient\tst\zsmartclient_unittest\bin\x64\debug\net472\zsmartclient_unittest.dll" id="bbaeb53f-2674-b2c2-8841-ab6f6884b997">
      <TestCategory>
        <TestCategoryItem TestCategory="SearchResultActionBarViewModel" />
      </TestCategory>
      <Execution id="72eea7b3-5bc9-4a97-9afa-f93da3bf7c8a" />
      <TestMethod codeBase="D:\actions-runner\_work\XPCO\XPCO\SC\Components\RemoteViewer\SmartClient\tst\zSmartClient_UnitTest\bin\x64\Debug\net472\zSmartClient_UnitTest.dll" adapterTypeName="executor://mstestadapter/v2" className="SmartClient_UnitTest.VideoOS.RemoteClient.Plugin.CentralizedSearch.ViewModels.SearchResultsActionBarViewModelTest" name="SearchResultsActionBarActions_AddBookmark_Enabled" />
    </UnitTest>
    <UnitTest name="NearestPossibleZoomLevel_ShouldReturnZoomLevel3_WhenScaleIsGreaterThanZoomlevel3" storage="d:\actions-runner\_work\xpco\xpco\sc\components\remoteviewer\smartclient\tst\zsmartclient_unittest\bin\x64\debug\net472\zsmartclient_unittest.dll" id="3f5e157c-fd88-4f5a-fa14-5f5e1b9a695a">
      <TestCategory>
        <TestCategoryItem TestCategory="MapExtentManager" />
      </TestCategory>
      <Execution id="a6daac5d-c87c-4892-affb-49915e2c54f5" />
      <TestMethod codeBase="D:\actions-runner\_work\XPCO\XPCO\SC\Components\RemoteViewer\SmartClient\tst\zSmartClient_UnitTest\bin\x64\Debug\net472\zSmartClient_UnitTest.dll" adapterTypeName="executor://mstestadapter/v2" className="SmartClient_UnitTest.VideoOS.RemoteClient.Plugin.GisMap.ThinkGeoMap.Settings.ThinkGeoMapExtentManagerTests" name="NearestPossibleZoomLevel_ShouldReturnZoomLevel3_WhenScaleIsGreaterThanZoomlevel3" />
    </UnitTest>
    <UnitTest name="ConnectSlave_SucceedeInConnectingAndAllowingSecureConnection_ShouldReturnTrueAndAValidUrl" storage="d:\actions-runner\_work\xpco\xpco\sc\components\remoteviewer\smartclient\tst\zsmartclient_unittest\bin\x64\debug\net472\zsmartclient_unittest.dll" id="27a95cc0-3e4b-dbea-fc7f-0563168b8940">
      <Execution id="9bbbad15-ad70-4195-b474-63db108d685f" />
      <TestMethod codeBase="D:\actions-runner\_work\XPCO\XPCO\SC\Components\RemoteViewer\SmartClient\tst\zSmartClient_UnitTest\bin\x64\Debug\net472\zSmartClient_UnitTest.dll" adapterTypeName="executor://mstestadapter/v2" className="VideoOS.Shared.ServerAPI.VMOViewerClientFacade.UnitTest.VMOViewerClientFacadeTests" name="ConnectSlave_SucceedeInConnectingAndAllowingSecureConnection_ShouldReturnTrueAndAValidUrl" />
    </UnitTest>
    <UnitTest name="Ctor_DefaultFalseWithAppConfigOverride_AddScriptSetToTrue" storage="d:\actions-runner\_work\xpco\xpco\sc\components\remoteviewer\smartclient\tst\zsmartclient_unittest\bin\x64\debug\net472\zsmartclient_unittest.dll" id="a1160efa-2835-5d9d-5525-8de08fe1c5f9">
      <Execution id="68715df3-54f2-4120-b05a-b0b9526a8d32" />
      <TestMethod codeBase="D:\actions-runner\_work\XPCO\XPCO\SC\Components\RemoteViewer\SmartClient\tst\zSmartClient_UnitTest\bin\x64\Debug\net472\zSmartClient_UnitTest.dll" adapterTypeName="executor://mstestadapter/v2" className="SmartClient_UnitTest.VideoOS.RemoteClient.Plugin.HtmlViewItem.HtmlContentHolderTests" name="Ctor_DefaultFalseWithAppConfigOverride_AddScriptSetToTrue" />
    </UnitTest>
    <UnitTest name="AddToExportDevices_ShouldReturnCorrectResult (1,0,1)" storage="d:\actions-runner\_work\xpco\xpco\sc\components\remoteviewer\smartclient\tst\zsmartclient_unittest\bin\x64\debug\net472\zsmartclient_unittest.dll" id="d921760b-a454-9186-7ea4-4c5612e00344">
      <TestCategory>
        <TestCategoryItem TestCategory="Managers" />
      </TestCategory>
      <Execution id="00962d9f-9ff8-499e-8d69-a0e28e87aaf3" />
      <TestMethod codeBase="D:\actions-runner\_work\XPCO\XPCO\SC\Components\RemoteViewer\SmartClient\tst\zSmartClient_UnitTest\bin\x64\Debug\net472\zSmartClient_UnitTest.dll" adapterTypeName="executor://mstestadapter/v2" className="SmartClient_UnitTest.VideoOS.RemoteClient.Application.Managers.ExportManagerTests" name="AddToExportDevices_ShouldReturnCorrectResult" />
    </UnitTest>
    <UnitTest name="Compare_Descending_Success" storage="d:\actions-runner\_work\xpco\xpco\sc\components\remoteviewer\smartclient\tst\zsmartclient_unittest\bin\x64\debug\net472\zsmartclient_unittest.dll" id="9cc6be48-d93e-7fa9-ac2d-151cc03c3ec0">
      <TestCategory>
        <TestCategoryItem TestCategory="SearchComparers" />
      </TestCategory>
      <Execution id="447ce459-8f1e-4997-a113-75dfe7caceb0" />
      <TestMethod codeBase="D:\actions-runner\_work\XPCO\XPCO\SC\Components\RemoteViewer\SmartClient\tst\zSmartClient_UnitTest\bin\x64\Debug\net472\zSmartClient_UnitTest.dll" adapterTypeName="executor://mstestadapter/v2" className="SmartClient_UnitTest.VideoOS.RemoteClient.Plugin.CentralizedSearch.Models.Wrappers.Comparers.TriggerTimeComparerTests" name="Compare_Descending_Success" />
    </UnitTest>
    <UnitTest name="Close_ShouldSetCloseToTrue_WhenCalled" storage="d:\actions-runner\_work\xpco\xpco\sc\components\remoteviewer\smartclient\tst\zsmartclient_unittest\bin\x64\debug\net472\zsmartclient_unittest.dll" id="05b0f889-f616-ccc3-759c-b71fe45243ee">
      <TestCategory>
        <TestCategoryItem TestCategory="GisMap.DeviceSelectorWindow" />
      </TestCategory>
      <Execution id="594f420b-4bc6-45a5-ad9b-6a684f080cf6" />
      <TestMethod codeBase="D:\actions-runner\_work\XPCO\XPCO\SC\Components\RemoteViewer\SmartClient\tst\zSmartClient_UnitTest\bin\x64\Debug\net472\zSmartClient_UnitTest.dll" adapterTypeName="executor://mstestadapter/v2" className="SmartClient_UnitTest.VideoOS.RemoteClient.Plugin.GisMap.Windows.GisMapSetup.DeviceSelectors.DeviceSelectorWindowTests" name="Close_ShouldSetCloseToTrue_WhenCalled" />
    </UnitTest>
    <UnitTest name="DeviceIcons_ShouldNotBeEmpty_WhenCalled" storage="d:\actions-runner\_work\xpco\xpco\sc\components\remoteviewer\smartclient\tst\zsmartclient_unittest\bin\x64\debug\net472\zsmartclient_unittest.dll" id="92da1333-fabd-2900-5a70-ee9fd98edfc4">
      <TestCategory>
        <TestCategoryItem TestCategory="GisMapData.InputOemResourcesProviderTests" />
      </TestCategory>
      <Execution id="190a05bf-8e19-4480-b63b-caf97cb78398" />
      <TestMethod codeBase="D:\actions-runner\_work\XPCO\XPCO\SC\Components\RemoteViewer\SmartClient\tst\zSmartClient_UnitTest\bin\x64\Debug\net472\zSmartClient_UnitTest.dll" adapterTypeName="executor://mstestadapter/v2" className="SmartClient_UnitTest.VideoOS.RemoteClient.GisMapData.Resources.InputOemResourcesProviderTests" name="DeviceIcons_ShouldNotBeEmpty_WhenCalled" />
    </UnitTest>
    <UnitTest name="HandleGetDeviceData_ShouldReturnNotFoundDeviceData_WhenOutputKindAndNonExistingOutputId" storage="d:\actions-runner\_work\xpco\xpco\sc\components\remoteviewer\smartclient\tst\zsmartclient_unittest\bin\x64\debug\net472\zsmartclient_unittest.dll" id="3c8130e7-463f-39e3-1454-66e2409862a6">
      <TestCategory>
        <TestCategoryItem TestCategory="GisMap.Handlers.Devices.MapItems" />
      </TestCategory>
      <Execution id="06e0d915-f949-4229-8bea-30a67025b011" />
      <TestMethod codeBase="D:\actions-runner\_work\XPCO\XPCO\SC\Components\RemoteViewer\SmartClient\tst\zSmartClient_UnitTest\bin\x64\Debug\net472\zSmartClient_UnitTest.dll" adapterTypeName="executor://mstestadapter/v2" className="SmartClient_UnitTest.VideoOS.RemoteClient.Plugin.GisMap.Handlers.Devices.MapItems.OutputDataHandlerTests" name="HandleGetDeviceData_ShouldReturnNotFoundDeviceData_WhenOutputKindAndNonExistingOutputId" />
    </UnitTest>
    <UnitTest name="GetMapLayerArguments_ShouldReturnIGisMapModel_WhenCalled" storage="d:\actions-runner\_work\xpco\xpco\sc\components\remoteviewer\smartclient\tst\zsmartclient_unittest\bin\x64\debug\net472\zsmartclient_unittest.dll" id="55ff5278-ace4-0f2e-f8ad-9f5f257b511f">
      <Execution id="d8bd5d31-6e8e-4cef-aa0a-2ade4d73c941" />
      <TestMethod codeBase="D:\actions-runner\_work\XPCO\XPCO\SC\Components\RemoteViewer\SmartClient\tst\zSmartClient_UnitTest\bin\x64\Debug\net472\zSmartClient_UnitTest.dll" adapterTypeName="executor://mstestadapter/v2" className="SmartClient_UnitTest.VideoOS.RemoteClient.GisMapData.Strategies.MapLayers.DefaultMapLayerDatagramClassFactoryStrategyTests" name="GetMapLayerArguments_ShouldReturnIGisMapModel_WhenCalled" />
    </UnitTest>
    <UnitTest name="Ctor_UnknownEditControl_DropDownAttributeEditorUsed" storage="d:\actions-runner\_work\xpco\xpco\sc\components\remoteviewer\smartclient\tst\zsmartclient_unittest\bin\x64\debug\net472\zsmartclient_unittest.dll" id="5b38455f-575a-f0bf-1374-9f24005465f7">
      <TestCategory>
        <TestCategoryItem TestCategory="Search" />
      </TestCategory>
      <Execution id="ce3bd32a-98c1-48e0-9224-ff4a4086b181" />
      <TestMethod codeBase="D:\actions-runner\_work\XPCO\XPCO\SC\Components\RemoteViewer\SmartClient\tst\zSmartClient_UnitTest\bin\x64\Debug\net472\zSmartClient_UnitTest.dll" adapterTypeName="executor://mstestadapter/v2" className="SmartClient_UnitTest.VideoOS.RemoteClient.Plugin.CentralizedSearch.ViewModels.SearchFilterViewModelTests" name="Ctor_UnknownEditControl_DropDownAttributeEditorUsed" />
    </UnitTest>
    <UnitTest name="UpdateStartupLocationInModel_Updated_Success" storage="d:\actions-runner\_work\xpco\xpco\sc\components\remoteviewer\smartclient\tst\zsmartclient_unittest\bin\x64\debug\net472\zsmartclient_unittest.dll" id="e692b3e0-3f04-ab27-9ec5-4a69402a8875">
      <TestCategory>
        <TestCategoryItem TestCategory="GisMapContentHolderTests" />
      </TestCategory>
      <Execution id="46d46822-81c1-4155-9830-efcb9d8b90e7" />
      <TestMethod codeBase="D:\actions-runner\_work\XPCO\XPCO\SC\Components\RemoteViewer\SmartClient\tst\zSmartClient_UnitTest\bin\x64\Debug\net472\zSmartClient_UnitTest.dll" adapterTypeName="executor://mstestadapter/v2" className="SmartClient_UnitTest.VideoOS.RemoteClient.Plugin.GisMap.ContentHolderTests" name="UpdateStartupLocationInModel_Updated_Success" />
    </UnitTest>
    <UnitTest name="GetSearchTemplateAsync_StateError_Success" storage="d:\actions-runner\_work\xpco\xpco\sc\components\remoteviewer\smartclient\tst\zsmartclient_unittest\bin\x64\debug\net472\zsmartclient_unittest.dll" id="c8112731-d8e1-83da-555e-fca9f813858c">
      <TestCategory>
        <TestCategoryItem TestCategory="SearchTemplatesService" />
      </TestCategory>
      <Execution id="ceebe247-1f8d-4fda-9f1d-07e9180119b3" />
      <TestMethod codeBase="D:\actions-runner\_work\XPCO\XPCO\SC\Components\RemoteViewer\SmartClient\tst\zSmartClient_UnitTest\bin\x64\Debug\net472\zSmartClient_UnitTest.dll" adapterTypeName="executor://mstestadapter/v2" className="SmartClient_UnitTest.VideoOS.RemoteClient.Plugin.CentralizedSearch.SearchTemplates.Service.SearchTemplateServiceTests" name="GetSearchTemplateAsync_StateError_Success" />
    </UnitTest>
    <UnitTest name="Initialize_ShouldNotHaveAnyCameras_WhenInitializedWithEmptyScope" storage="d:\actions-runner\_work\xpco\xpco\sc\components\remoteviewer\smartclient\tst\zsmartclient_unittest\bin\x64\debug\net472\zsmartclient_unittest.dll" id="dbcd5ac4-1055-621c-a685-f7e5c606ee46">
      <TestCategory>
        <TestCategoryItem TestCategory="Search.Filters.ViewModels" />
      </TestCategory>
      <Execution id="bfb69716-5b60-46f2-b40e-8ed14c245e38" />
      <TestMethod codeBase="D:\actions-runner\_work\XPCO\XPCO\SC\Components\RemoteViewer\SmartClient\tst\zSmartClient_UnitTest\bin\x64\Debug\net472\zSmartClient_UnitTest.dll" adapterTypeName="executor://mstestadapter/v2" className="SmartClient_UnitTest.VideoOS.RemoteClient.Plugin.CentralizedSearch.MIPPlugin.Criteria.ViewModels.RegionSelectionAttributeEditControlViewModelTests" name="Initialize_ShouldNotHaveAnyCameras_WhenInitializedWithEmptyScope" />
    </UnitTest>
    <UnitTest name="EnsureSnapshotIsPngFormat" storage="d:\actions-runner\_work\xpco\xpco\sc\components\remoteviewer\smartclient\tst\zsmartclient_unittest\bin\x64\debug\net472\zsmartclient_unittest.dll" id="01ab0198-4b7e-8a94-e88d-b1f770a7248f">
      <Execution id="f2ce02c5-9ebd-416f-88be-ca997719f32b" />
      <TestMethod codeBase="D:\actions-runner\_work\XPCO\XPCO\SC\Components\RemoteViewer\SmartClient\tst\zSmartClient_UnitTest\bin\x64\Debug\net472\zSmartClient_UnitTest.dll" adapterTypeName="executor://mstestadapter/v2" className="SmartClient_UnitTest.VideoOS.RemoteClient.Application.Data.ContentTypes.CameraContentType.CameraContentHolderTest" name="EnsureSnapshotIsPngFormat" />
    </UnitTest>
    <UnitTest name="ButtonVisibilityProperties_ShouldSetPropertyValues_WhenPropertiesLoaded" storage="d:\actions-runner\_work\xpco\xpco\sc\components\remoteviewer\smartclient\tst\zsmartclient_unittest\bin\x64\debug\net472\zsmartclient_unittest.dll" id="06afff30-aa98-f03f-ebfe-83961e8caf5d">
      <TestCategory>
        <TestCategoryItem TestCategory="GisMapViewItemTests" />
      </TestCategory>
      <Execution id="05dbdada-1418-4bf4-a90c-4e48b5d883ae" />
      <TestMethod codeBase="D:\actions-runner\_work\XPCO\XPCO\SC\Components\RemoteViewer\SmartClient\tst\zSmartClient_UnitTest\bin\x64\Debug\net472\zSmartClient_UnitTest.dll" adapterTypeName="executor://mstestadapter/v2" className="SmartClient_UnitTest.VideoOS.RemoteClient.Plugin.GisMap.GisMapViewItemTests" name="ButtonVisibilityProperties_ShouldSetPropertyValues_WhenPropertiesLoaded" />
    </UnitTest>
    <UnitTest name="ClearSelectedCamerasCommand_WithActiveSearchTemplate_ActiveSearchTemplateModifiedSet" storage="d:\actions-runner\_work\xpco\xpco\sc\components\remoteviewer\smartclient\tst\zsmartclient_unittest\bin\x64\debug\net472\zsmartclient_unittest.dll" id="8db91f9d-1fce-7008-7fb4-f88012013950">
      <TestCategory>
        <TestCategoryItem TestCategory="SearchViewModels" />
      </TestCategory>
      <Execution id="2b7bf6ff-3354-442a-95f3-e823d7782446" />
      <TestMethod codeBase="D:\actions-runner\_work\XPCO\XPCO\SC\Components\RemoteViewer\SmartClient\tst\zSmartClient_UnitTest\bin\x64\Debug\net472\zSmartClient_UnitTest.dll" adapterTypeName="executor://mstestadapter/v2" className="SmartClient_UnitTest.VideoOS.RemoteClient.Plugin.CentralizedSearch.ViewModels.SearchViewModelTests" name="ClearSelectedCamerasCommand_WithActiveSearchTemplate_ActiveSearchTemplateModifiedSet" />
    </UnitTest>
    <UnitTest name="SearchResultCombineType_ShouldStartSearchWithEmptyCollection_WhenValueChanges" storage="d:\actions-runner\_work\xpco\xpco\sc\components\remoteviewer\smartclient\tst\zsmartclient_unittest\bin\x64\debug\net472\zsmartclient_unittest.dll" id="6a069b88-27e1-e70c-13f9-4c619372c66b">
      <TestCategory>
        <TestCategoryItem TestCategory="SearchViewModels" />
      </TestCategory>
      <Execution id="e8fe95ca-3bf1-4e50-bd14-7716b9e23aa3" />
      <TestMethod codeBase="D:\actions-runner\_work\XPCO\XPCO\SC\Components\RemoteViewer\SmartClient\tst\zSmartClient_UnitTest\bin\x64\Debug\net472\zSmartClient_UnitTest.dll" adapterTypeName="executor://mstestadapter/v2" className="SmartClient_UnitTest.VideoOS.RemoteClient.Plugin.CentralizedSearch.ViewModels.SearchViewModelTests" name="SearchResultCombineType_ShouldStartSearchWithEmptyCollection_WhenValueChanges" />
    </UnitTest>
    <UnitTest name="AssignPanTiltValue_WhenValueMin_ShouldReturnMinValue" storage="d:\actions-runner\_work\xpco\xpco\sc\components\remoteviewer\smartclient\tst\zsmartclient_unittest\bin\x64\debug\net472\zsmartclient_unittest.dll" id="0910d3e9-c4fa-4b0a-4db0-a2f6efd079c5">
      <Execution id="b80b0783-b158-4a13-9f17-5faa9d55dc2a" />
      <TestMethod codeBase="D:\actions-runner\_work\XPCO\XPCO\SC\Components\RemoteViewer\SmartClient\tst\zSmartClient_UnitTest\bin\x64\Debug\net472\zSmartClient_UnitTest.dll" adapterTypeName="executor://mstestadapter/v2" className="SmartClient_UnitTest.VideoOS.RemoteClient.Plugin.JoystickSupport.JoystickDeviceTests" name="AssignPanTiltValue_WhenValueMin_ShouldReturnMinValue" />
    </UnitTest>
    <UnitTest name="DateToStringConverter_MultiConvertValidInput_Success" storage="d:\actions-runner\_work\xpco\xpco\sc\components\remoteviewer\smartclient\tst\zsmartclient_unittest\bin\x64\debug\net472\zsmartclient_unittest.dll" id="628ededf-b510-91fa-7712-c59b72f0952a">
      <TestCategory>
        <TestCategoryItem TestCategory="SearchConverter" />
      </TestCategory>
      <Execution id="cbc8728d-b103-4efb-8c46-9dd042746d81" />
      <TestMethod codeBase="D:\actions-runner\_work\XPCO\XPCO\SC\Components\RemoteViewer\SmartClient\tst\zSmartClient_UnitTest\bin\x64\Debug\net472\zSmartClient_UnitTest.dll" adapterTypeName="executor://mstestadapter/v2" className="SmartClient_UnitTest.VideoOS.RemoteClient.Plugin.CentralizedSearch.Views.Converters.DurationToStringConverterTests" name="DateToStringConverter_MultiConvertValidInput_Success" />
    </UnitTest>
    <UnitTest name="ValidateExportFormats_SmartClientPlayerFormat_ShouldNotReturnFailResult_ExportPathIsTooLong_WhenLongPathsEnabled (c:\aaaaaaaaaaaaaaaaaaaaaaaaaaaaaaaaaaaaaaaaaaaaaaaaaaaaaaaaaaaaaaaaaaaaaaaaaaaaaaaaaaaaaaaaaaaaaaaaaaaaaaaaaaaaaaaaaaaaaaaaaaaaaaaaaaaaaaaaaaaaaaaaaaaaaaaaaaaaaaaaaaaaaaaaaaaaaaaaaaaaaaa)" storage="d:\actions-runner\_work\xpco\xpco\sc\components\remoteviewer\smartclient\tst\zsmartclient_unittest\bin\x64\debug\net472\zsmartclient_unittest.dll" id="549a6411-d3e1-79bc-a090-6c2d81e9f120">
      <TestCategory>
        <TestCategoryItem TestCategory="Export" />
      </TestCategory>
      <Execution id="cf319e75-e5b2-4ccf-bf04-0ecf8675e9fc" />
      <TestMethod codeBase="D:\actions-runner\_work\XPCO\XPCO\SC\Components\RemoteViewer\SmartClient\tst\zSmartClient_UnitTest\bin\x64\Debug\net472\zSmartClient_UnitTest.dll" adapterTypeName="executor://mstestadapter/v2" className="SmartClient_UnitTest.VideoOS.RemoteClient.Plugin.Export.ExportDataValidatorTests" name="ValidateExportFormats_SmartClientPlayerFormat_ShouldNotReturnFailResult_ExportPathIsTooLong_WhenLongPathsEnabled" />
    </UnitTest>
    <UnitTest name="PtzSessionControllerInfo_ReservedChangedTest_Different_CameraId" storage="d:\actions-runner\_work\xpco\xpco\sc\components\remoteviewer\smartclient\tst\zsmartclient_unittest\bin\x64\debug\net472\zsmartclient_unittest.dll" id="ddbacd2a-c40a-102c-db67-c9bb149b6b99">
      <Execution id="f56cba05-c33e-4d2e-a373-ed80733a9ac6" />
      <TestMethod codeBase="D:\actions-runner\_work\XPCO\XPCO\SC\Components\RemoteViewer\SmartClient\tst\zSmartClient_UnitTest\bin\x64\Debug\net472\zSmartClient_UnitTest.dll" adapterTypeName="executor://mstestadapter/v2" className="VideoOS.RemoteClient.Application.Controllers.UnitTest.PtzSessionControllerTest" name="PtzSessionControllerInfo_ReservedChangedTest_Different_CameraId" />
    </UnitTest>
    <UnitTest name="SmartSearchStatusType_ShouldYieldSameValuesForAllEnumValues_WhenRoundTripConverted (UnspecifiedError,UnspecifiedError)" storage="d:\actions-runner\_work\xpco\xpco\sc\components\remoteviewer\smartclient\tst\zsmartclient_unittest\bin\x64\debug\net472\zsmartclient_unittest.dll" id="1742c7aa-b082-d69c-8853-7ede68919ffd">
      <TestCategory>
        <TestCategoryItem TestCategory="RecorderProxyToDtoMapping" />
      </TestCategory>
      <Execution id="abbfe7d5-669e-40a1-ba06-b94cb980f796" />
      <TestMethod codeBase="D:\actions-runner\_work\XPCO\XPCO\SC\Components\RemoteViewer\SmartClient\tst\zSmartClient_UnitTest\bin\x64\Debug\net472\zSmartClient_UnitTest.dll" adapterTypeName="executor://mstestadapter/v2" className="VideoOS.Shared.ServerAPI.SOAP.RecorderClientMappingTests" name="SmartSearchStatusType_ShouldYieldSameValuesForAllEnumValues_WhenRoundTripConverted" />
    </UnitTest>
    <UnitTest name="AndOrSearchDefinitionToVisibilityMultiConverter_CallConvert_FirstInList" storage="d:\actions-runner\_work\xpco\xpco\sc\components\remoteviewer\smartclient\tst\zsmartclient_unittest\bin\x64\debug\net472\zsmartclient_unittest.dll" id="8a4d4995-3c1b-876f-b006-d12439f37a6d">
      <TestCategory>
        <TestCategoryItem TestCategory="SearchConverter" />
      </TestCategory>
      <Execution id="72775482-8a57-4ee0-9f11-b521c28def2b" />
      <TestMethod codeBase="D:\actions-runner\_work\XPCO\XPCO\SC\Components\RemoteViewer\SmartClient\tst\zSmartClient_UnitTest\bin\x64\Debug\net472\zSmartClient_UnitTest.dll" adapterTypeName="executor://mstestadapter/v2" className="SmartClient_UnitTest.VideoOS.RemoteClient.Plugin.CentralizedSearch.Views.Converters.AndOrSearchDefinitionMultiConverterTests" name="AndOrSearchDefinitionToVisibilityMultiConverter_CallConvert_FirstInList" />
    </UnitTest>
    <UnitTest name="PtzInfoViewModel_SetInfo_PtzSessionControllerInfo_ArgumentNullCheckTest" storage="d:\actions-runner\_work\xpco\xpco\sc\components\remoteviewer\smartclient\tst\zsmartclient_unittest\bin\x64\debug\net472\zsmartclient_unittest.dll" id="84cdc42c-8723-3f7f-aeea-e185addc7b1d">
      <Execution id="fb98e82f-1970-47ef-8f5b-c59b6920cace" />
      <TestMethod codeBase="D:\actions-runner\_work\XPCO\XPCO\SC\Components\RemoteViewer\SmartClient\tst\zSmartClient_UnitTest\bin\x64\Debug\net472\zSmartClient_UnitTest.dll" adapterTypeName="executor://mstestadapter/v2" className="SmartClient_UnitTest.VideoOS.RemoteClient.Plugin.Map.WPFObjects.PtzInfoViewModelUnitTest" name="PtzInfoViewModel_SetInfo_PtzSessionControllerInfo_ArgumentNullCheckTest" />
    </UnitTest>
    <UnitTest name="ClearAllItemOutlines_MappedToViewModel_Success" storage="d:\actions-runner\_work\xpco\xpco\sc\components\remoteviewer\smartclient\tst\zsmartclient_unittest\bin\x64\debug\net472\zsmartclient_unittest.dll" id="a189583c-978a-c969-def3-f27770df3054">
      <TestCategory>
        <TestCategoryItem TestCategory="GisMap.GisMapViewFacade" />
      </TestCategory>
      <Execution id="ec46c3e0-1e43-4665-9606-46fe6e22cd6a" />
      <TestMethod codeBase="D:\actions-runner\_work\XPCO\XPCO\SC\Components\RemoteViewer\SmartClient\tst\zSmartClient_UnitTest\bin\x64\Debug\net472\zSmartClient_UnitTest.dll" adapterTypeName="executor://mstestadapter/v2" className="SmartClient_UnitTest.VideoOS.RemoteClient.Plugin.GisMap.IoC.GisMapViewFacadeTests" name="ClearAllItemOutlines_MappedToViewModel_Success" />
    </UnitTest>
    <UnitTest name="Instance_ShouldBeSingleton_WhenCalled" storage="d:\actions-runner\_work\xpco\xpco\sc\components\remoteviewer\smartclient\tst\zsmartclient_unittest\bin\x64\debug\net472\zsmartclient_unittest.dll" id="5234d1ee-ef9d-50d7-130b-4f673d2d6420">
      <TestCategory>
        <TestCategoryItem TestCategory="GisMapData.MicrophoneOemResourcesProviderTests" />
      </TestCategory>
      <Execution id="d4bb6599-f908-476d-bab5-314a756d8d50" />
      <TestMethod codeBase="D:\actions-runner\_work\XPCO\XPCO\SC\Components\RemoteViewer\SmartClient\tst\zSmartClient_UnitTest\bin\x64\Debug\net472\zSmartClient_UnitTest.dll" adapterTypeName="executor://mstestadapter/v2" className="SmartClient_UnitTest.VideoOS.RemoteClient.GisMapData.Resources.MicrophoneOemResourcesProviderTests" name="Instance_ShouldBeSingleton_WhenCalled" />
    </UnitTest>
    <UnitTest name="ResolveSearchDefinitions_ShouldReturnResultSearchDefinition_WhenSingleSearchResultAndNullSearchDefinitionsAreGiven" storage="d:\actions-runner\_work\xpco\xpco\sc\components\remoteviewer\smartclient\tst\zsmartclient_unittest\bin\x64\debug\net472\zsmartclient_unittest.dll" id="ed1eba09-8472-7b1b-0969-bd05029178c2">
      <TestCategory>
        <TestCategoryItem TestCategory="Search" />
      </TestCategory>
      <Execution id="d0c2dafd-84d8-4971-bd15-57d1e2b57ed3" />
      <TestMethod codeBase="D:\actions-runner\_work\XPCO\XPCO\SC\Components\RemoteViewer\SmartClient\tst\zSmartClient_UnitTest\bin\x64\Debug\net472\zSmartClient_UnitTest.dll" adapterTypeName="executor://mstestadapter/v2" className="SmartClient_UnitTest.VideoOS.RemoteClient.Plugin.CentralizedSearch.Utils.SearchResultDataWrapperExtensionsTests" name="ResolveSearchDefinitions_ShouldReturnResultSearchDefinition_WhenSingleSearchResultAndNullSearchDefinitionsAreGiven" />
    </UnitTest>
    <UnitTest name="IsCurrentCenterEqualTo_ShouldReturnTrue_WhenValuesAreEqualWithinGivenPrecision" storage="d:\actions-runner\_work\xpco\xpco\sc\components\remoteviewer\smartclient\tst\zsmartclient_unittest\bin\x64\debug\net472\zsmartclient_unittest.dll" id="addbc64d-1bd3-678f-14d6-6dd2dda6bd02">
      <TestCategory>
        <TestCategoryItem TestCategory="MapExtentManager" />
      </TestCategory>
      <Execution id="ed3b5aa5-2c0e-4c56-b820-7870d1832cf0" />
      <TestMethod codeBase="D:\actions-runner\_work\XPCO\XPCO\SC\Components\RemoteViewer\SmartClient\tst\zSmartClient_UnitTest\bin\x64\Debug\net472\zSmartClient_UnitTest.dll" adapterTypeName="executor://mstestadapter/v2" className="SmartClient_UnitTest.VideoOS.RemoteClient.Plugin.GisMap.ThinkGeoMap.Settings.ThinkGeoMapExtentManagerTests" name="IsCurrentCenterEqualTo_ShouldReturnTrue_WhenValuesAreEqualWithinGivenPrecision" />
    </UnitTest>
    <UnitTest name="UpdateHomeLocationInModel_HomeLocationId_NoUpdated_DragDataSet_Succes" storage="d:\actions-runner\_work\xpco\xpco\sc\components\remoteviewer\smartclient\tst\zsmartclient_unittest\bin\x64\debug\net472\zsmartclient_unittest.dll" id="ca24c09d-a214-cd57-9506-eb63722a25cc">
      <TestCategory>
        <TestCategoryItem TestCategory="GisMapContentHolderTests" />
      </TestCategory>
      <Execution id="c765bca1-a186-4915-9619-a17d377e5650" />
      <TestMethod codeBase="D:\actions-runner\_work\XPCO\XPCO\SC\Components\RemoteViewer\SmartClient\tst\zSmartClient_UnitTest\bin\x64\Debug\net472\zSmartClient_UnitTest.dll" adapterTypeName="executor://mstestadapter/v2" className="SmartClient_UnitTest.VideoOS.RemoteClient.Plugin.GisMap.ContentHolderTests" name="UpdateHomeLocationInModel_HomeLocationId_NoUpdated_DragDataSet_Succes" />
    </UnitTest>
    <UnitTest name="BookmarkSearchTime_WithSearchStringInDifferentCases_ReturnCorrectBookmarkWithSearchStringInHeader (SeArChStRiNg,False,False,True,False,,,0)" storage="d:\actions-runner\_work\xpco\xpco\sc\components\remoteviewer\smartclient\tst\zsmartclient_unittest\bin\x64\debug\net472\zsmartclient_unittest.dll" id="9d33f831-b29f-950b-6dda-1dc9cfbec78f">
      <Execution id="7045bb0b-dcb4-43fc-908f-2371081eb485" />
      <TestMethod codeBase="D:\actions-runner\_work\XPCO\XPCO\SC\Components\RemoteViewer\SmartClient\tst\zSmartClient_UnitTest\bin\x64\Debug\net472\zSmartClient_UnitTest.dll" adapterTypeName="executor://mstestadapter/v2" className="SmartClient_UnitTest.VideoOS.RemoteClient.Application.Data.Offline.UnitTest.BookmarkExportReaderTest" name="BookmarkSearchTime_WithSearchStringInDifferentCases_ReturnCorrectBookmarkWithSearchStringInHeader" />
    </UnitTest>
    <UnitTest name="BookmarkSearchTime_WithSearchStringInDifferentCases_ReturnCorrectBookmarkWithSearchStringInDescription (SeArChStRiNg,True,False,True,False,,,0)" storage="d:\actions-runner\_work\xpco\xpco\sc\components\remoteviewer\smartclient\tst\zsmartclient_unittest\bin\x64\debug\net472\zsmartclient_unittest.dll" id="8c7ec482-bc88-8ad6-1098-ff19a10b5886">
      <Execution id="8ae1ad35-0a42-42a4-92be-68f129166abf" />
      <TestMethod codeBase="D:\actions-runner\_work\XPCO\XPCO\SC\Components\RemoteViewer\SmartClient\tst\zSmartClient_UnitTest\bin\x64\Debug\net472\zSmartClient_UnitTest.dll" adapterTypeName="executor://mstestadapter/v2" className="SmartClient_UnitTest.VideoOS.RemoteClient.Application.Data.Offline.UnitTest.BookmarkExportReaderTest" name="BookmarkSearchTime_WithSearchStringInDifferentCases_ReturnCorrectBookmarkWithSearchStringInDescription" />
    </UnitTest>
    <UnitTest name="GetDeviceData_ShouldReturnDeviceData_WhenInputKindAndExistingInputId" storage="d:\actions-runner\_work\xpco\xpco\sc\components\remoteviewer\smartclient\tst\zsmartclient_unittest\bin\x64\debug\net472\zsmartclient_unittest.dll" id="8781c4e8-8f6b-fc4e-fad2-e4adb8260be9">
      <TestCategory>
        <TestCategoryItem TestCategory="GisMap.Controllers.Devices.MapItems" />
      </TestCategory>
      <Execution id="e74313cc-97aa-4078-8ec0-2325de957938" />
      <TestMethod codeBase="D:\actions-runner\_work\XPCO\XPCO\SC\Components\RemoteViewer\SmartClient\tst\zSmartClient_UnitTest\bin\x64\Debug\net472\zSmartClient_UnitTest.dll" adapterTypeName="executor://mstestadapter/v2" className="SmartClient_UnitTest.VideoOS.RemoteClient.Plugin.GisMap.Controllers.Devices.MapItems.DeviceDataControllerTests" name="GetDeviceData_ShouldReturnDeviceData_WhenInputKindAndExistingInputId" />
    </UnitTest>
    <UnitTest name="CreateDefinition_FireSingleSearchResult_SearchFinishedWithResults" storage="d:\actions-runner\_work\xpco\xpco\sc\components\remoteviewer\smartclient\tst\zsmartclient_unittest\bin\x64\debug\net472\zsmartclient_unittest.dll" id="ae1ed87e-08b0-6456-55b5-f1c7e9a80148">
      <TestCategory>
        <TestCategoryItem TestCategory="SearchModels" />
      </TestCategory>
      <Execution id="a0926877-af35-4780-b144-56d43b1e16a9" />
      <TestMethod codeBase="D:\actions-runner\_work\XPCO\XPCO\SC\Components\RemoteViewer\SmartClient\tst\zSmartClient_UnitTest\bin\x64\Debug\net472\zSmartClient_UnitTest.dll" adapterTypeName="executor://mstestadapter/v2" className="SmartClient_UnitTest.VideoOS.RemoteClient.Plugin.CentralizedSearch.Models.SearchModelTests" name="CreateDefinition_FireSingleSearchResult_SearchFinishedWithResults" />
    </UnitTest>
    <UnitTest name="TimeToStringConverter_Ctor_Success" storage="d:\actions-runner\_work\xpco\xpco\sc\components\remoteviewer\smartclient\tst\zsmartclient_unittest\bin\x64\debug\net472\zsmartclient_unittest.dll" id="417d2775-4be3-356c-d0c6-5cff4570afc9">
      <TestCategory>
        <TestCategoryItem TestCategory="SearchConverter" />
      </TestCategory>
      <Execution id="405efa12-4d97-4e3e-a70f-2e8a68ee3c48" />
      <TestMethod codeBase="D:\actions-runner\_work\XPCO\XPCO\SC\Components\RemoteViewer\SmartClient\tst\zSmartClient_UnitTest\bin\x64\Debug\net472\zSmartClient_UnitTest.dll" adapterTypeName="executor://mstestadapter/v2" className="SmartClient_UnitTest.VideoOS.RemoteClient.Plugin.CentralizedSearch.Views.Converters.TimeToStringConverterTests" name="TimeToStringConverter_Ctor_Success" />
    </UnitTest>
    <UnitTest name="Path enabled, not forced" storage="d:\actions-runner\_work\xpco\xpco\sc\components\remoteviewer\smartclient\tst\zsmartclient_unittest\bin\x64\debug\net472\zsmartclient_unittest.dll" id="1656f45b-677e-89a1-0f61-ab22cd78d2db">
      <TestCategory>
        <TestCategoryItem TestCategory="Export" />
      </TestCategory>
      <Execution id="a78275f4-f6f1-4b1b-81e1-c4b13cce6d83" />
      <TestMethod codeBase="D:\actions-runner\_work\XPCO\XPCO\SC\Components\RemoteViewer\SmartClient\tst\zSmartClient_UnitTest\bin\x64\Debug\net472\zSmartClient_UnitTest.dll" adapterTypeName="executor://mstestadapter/v2" className="SmartClient_UnitTest.VideoOS.RemoteClient.Plugin.Export.CreateExportDialogViewModelTests" name="CreateExportDialog_ExportDestinationPreSelected_BasedOnOptions" />
    </UnitTest>
    <UnitTest name="CameraMapItem_ForceActivateAsync_InBuilding_MapLayerHidden_Success" storage="d:\actions-runner\_work\xpco\xpco\sc\components\remoteviewer\smartclient\tst\zsmartclient_unittest\bin\x64\debug\net472\zsmartclient_unittest.dll" id="a6493ade-3aba-8e55-3d5b-e3a18089f41b">
      <TestCategory>
        <TestCategoryItem TestCategory="GisMapMapItem" />
      </TestCategory>
      <Execution id="4f51ca9b-32eb-4d62-b240-5b1cc4a2f9b8" />
      <TestMethod codeBase="D:\actions-runner\_work\XPCO\XPCO\SC\Components\RemoteViewer\SmartClient\tst\zSmartClient_UnitTest\bin\x64\Debug\net472\zSmartClient_UnitTest.dll" adapterTypeName="executor://mstestadapter/v2" className="SmartClient_UnitTest.VideoOS.RemoteClient.GisMap.MapItem.MapItemTests" name="CameraMapItem_ForceActivateAsync_InBuilding_MapLayerHidden_Success" />
    </UnitTest>
    <UnitTest name="Constructor_ShouldRaiseArgumentNullException_WhenEventServerIdsIsNull" storage="d:\actions-runner\_work\xpco\xpco\sc\components\remoteviewer\smartclient\tst\zsmartclient_unittest\bin\x64\debug\net472\zsmartclient_unittest.dll" id="4f0f0f05-4e54-c98a-97cd-1164c4d7679e">
      <TestCategory>
        <TestCategoryItem TestCategory="AccessControl.Services" />
      </TestCategory>
      <Execution id="bc0bb12a-bd24-43ee-83c2-194dcee39c5f" />
      <TestMethod codeBase="D:\actions-runner\_work\XPCO\XPCO\SC\Components\RemoteViewer\SmartClient\tst\zSmartClient_UnitTest\bin\x64\Debug\net472\zSmartClient_UnitTest.dll" adapterTypeName="executor://mstestadapter/v2" className="SmartClient_UnitTest.VideoOS.RemoteClient.AccessControl.Services.AccessControlGuidProviderTests" name="Constructor_ShouldRaiseArgumentNullException_WhenEventServerIdsIsNull" />
    </UnitTest>
    <UnitTest name="Search_ShouldPopulateSearchResult_WhenSuccessful" storage="d:\actions-runner\_work\xpco\xpco\sc\components\remoteviewer\smartclient\tst\zsmartclient_unittest\bin\x64\debug\net472\zsmartclient_unittest.dll" id="833aec2e-c0ac-4112-94cf-5fa375595a9e">
      <Execution id="b6991f13-a896-4bca-bee5-d0c34039f867" />
      <TestMethod codeBase="D:\actions-runner\_work\XPCO\XPCO\SC\Components\RemoteViewer\SmartClient\tst\zSmartClient_UnitTest\bin\x64\Debug\net472\zSmartClient_UnitTest.dll" adapterTypeName="executor://mstestadapter/v2" className="SmartClient_UnitTest.VideoOS.RemoteClient.AccessControl.ViewModel.CardholdersTabViewModelTests" name="Search_ShouldPopulateSearchResult_WhenSuccessful" />
    </UnitTest>
    <UnitTest name="OpenStreetMapLayerIsDisabled_ShouldReturnTrue_WhenOpenStreetMapGeographicLayerOptionIsNotAvailableAndOpenStreetMapAlternativeServerIsInvalidURl" storage="d:\actions-runner\_work\xpco\xpco\sc\components\remoteviewer\smartclient\tst\zsmartclient_unittest\bin\x64\debug\net472\zsmartclient_unittest.dll" id="89928fee-575e-9986-6b1d-9005971a41e3">
      <TestCategory>
        <TestCategoryItem TestCategory="GisMapLayer" />
      </TestCategory>
      <Execution id="211ab035-9993-462f-b185-1d7fea934796" />
      <TestMethod codeBase="D:\actions-runner\_work\XPCO\XPCO\SC\Components\RemoteViewer\SmartClient\tst\zSmartClient_UnitTest\bin\x64\Debug\net472\zSmartClient_UnitTest.dll" adapterTypeName="executor://mstestadapter/v2" className="SmartClient_UnitTest.VideoOS.RemoteClient.GisMap.MapLayers.GisMapLayerTests" name="OpenStreetMapLayerIsDisabled_ShouldReturnTrue_WhenOpenStreetMapGeographicLayerOptionIsNotAvailableAndOpenStreetMapAlternativeServerIsInvalidURl" />
    </UnitTest>
    <UnitTest name="StartSelection_ShouldNotClearAnyExistingSelections_WhenAddingToExitingSelection" storage="d:\actions-runner\_work\xpco\xpco\sc\components\remoteviewer\smartclient\tst\zsmartclient_unittest\bin\x64\debug\net472\zsmartclient_unittest.dll" id="b7e1ee47-1435-7822-cf95-e3720fecc94e">
      <TestCategory>
        <TestCategoryItem TestCategory="SmartMap.SelectionHelper" />
      </TestCategory>
      <Execution id="1f7cddea-81ab-48ca-9157-334b6ca103e7" />
      <TestMethod codeBase="D:\actions-runner\_work\XPCO\XPCO\SC\Components\RemoteViewer\SmartClient\tst\zSmartClient_UnitTest\bin\x64\Debug\net472\zSmartClient_UnitTest.dll" adapterTypeName="executor://mstestadapter/v2" className="SmartClient_UnitTest.VideoOS.RemoteClient.Plugin.GisMap.ThinkGeoMap.SpecializedOverlays.Overlays.SelectionHelperTests" name="StartSelection_ShouldNotClearAnyExistingSelections_WhenAddingToExitingSelection" />
    </UnitTest>
    <UnitTest name="SupportsRightClick_ShouldBeTrue_WhenInteractionStateIsNormal" storage="d:\actions-runner\_work\xpco\xpco\sc\components\remoteviewer\smartclient\tst\zsmartclient_unittest\bin\x64\debug\net472\zsmartclient_unittest.dll" id="f666c42d-aace-c940-638f-8ab4e58f4377">
      <TestCategory>
        <TestCategoryItem TestCategory="GisMap.MipItemMarker" />
      </TestCategory>
      <Execution id="78bedfaa-ee1c-4928-b10c-adaafb610567" />
      <TestMethod codeBase="D:\actions-runner\_work\XPCO\XPCO\SC\Components\RemoteViewer\SmartClient\tst\zSmartClient_UnitTest\bin\x64\Debug\net472\zSmartClient_UnitTest.dll" adapterTypeName="executor://mstestadapter/v2" className="SmartClient_UnitTest.VideoOS.RemoteClient.Plugin.GisMap.ThinkGeoMap.Markers.MipItemMarker.MipItemMarkerTests" name="SupportsRightClick_ShouldBeTrue_WhenInteractionStateIsNormal" />
    </UnitTest>
    <UnitTest name="PtzSessionControllerInfo_TimeChangedTest_NoChange" storage="d:\actions-runner\_work\xpco\xpco\sc\components\remoteviewer\smartclient\tst\zsmartclient_unittest\bin\x64\debug\net472\zsmartclient_unittest.dll" id="319e9db8-8f37-6739-0cbb-83eff6d39b32">
      <Execution id="4dfa07b5-c318-404a-9305-3271d0e3a1a4" />
      <TestMethod codeBase="D:\actions-runner\_work\XPCO\XPCO\SC\Components\RemoteViewer\SmartClient\tst\zSmartClient_UnitTest\bin\x64\Debug\net472\zSmartClient_UnitTest.dll" adapterTypeName="executor://mstestadapter/v2" className="VideoOS.RemoteClient.Application.Controllers.UnitTest.PtzSessionControllerTest" name="PtzSessionControllerInfo_TimeChangedTest_NoChange" />
    </UnitTest>
    <UnitTest name="GetDefaultReportDestination_WrongUserSettingsAttribute_ReturnsDefaultFolder" storage="d:\actions-runner\_work\xpco\xpco\sc\components\remoteviewer\smartclient\tst\zsmartclient_unittest\bin\x64\debug\net472\zsmartclient_unittest.dll" id="c22deb6e-f8ad-a898-d5fa-2612e0c2ea52">
      <TestCategory>
        <TestCategoryItem TestCategory="Search" />
      </TestCategory>
      <Execution id="b6d216c4-c3e2-431b-b4d3-4aed2a3b5dd1" />
      <TestMethod codeBase="D:\actions-runner\_work\XPCO\XPCO\SC\Components\RemoteViewer\SmartClient\tst\zSmartClient_UnitTest\bin\x64\Debug\net472\zSmartClient_UnitTest.dll" adapterTypeName="executor://mstestadapter/v2" className="SmartClient_UnitTest.VideoOS.RemoteClient.Plugin.CentralizedSearch.ViewModels.SearchReportViewModelTests" name="GetDefaultReportDestination_WrongUserSettingsAttribute_ReturnsDefaultFolder" />
    </UnitTest>
    <UnitTest name="UpdateScope_FromTimeChangedWithNullScopeDuration_ReturnsTrue" storage="d:\actions-runner\_work\xpco\xpco\sc\components\remoteviewer\smartclient\tst\zsmartclient_unittest\bin\x64\debug\net472\zsmartclient_unittest.dll" id="f47f6c44-9fa8-d010-756e-7b3d112428c4">
      <TestCategory>
        <TestCategoryItem TestCategory="SearchModels" />
      </TestCategory>
      <Execution id="0f264e0f-273c-4607-8a84-5e1e06da9b9c" />
      <TestMethod codeBase="D:\actions-runner\_work\XPCO\XPCO\SC\Components\RemoteViewer\SmartClient\tst\zSmartClient_UnitTest\bin\x64\Debug\net472\zSmartClient_UnitTest.dll" adapterTypeName="executor://mstestadapter/v2" className="SmartClient_UnitTest.VideoOS.RemoteClient.Plugin.CentralizedSearch.Models.SearchScopeTests" name="UpdateScope_FromTimeChangedWithNullScopeDuration_ReturnsTrue" />
    </UnitTest>
    <UnitTest name="BuildMapOptions_ShouldHandleSecretStringOptionsCorrectly (GisMapBingMapKey,,False)" storage="d:\actions-runner\_work\xpco\xpco\sc\components\remoteviewer\smartclient\tst\zsmartclient_unittest\bin\x64\debug\net472\zsmartclient_unittest.dll" id="c44548aa-9337-8061-84b6-1037567d8f33">
      <Execution id="17f175b9-f1e9-4a38-b86c-f85ede2aa1e7" />
      <TestMethod codeBase="D:\actions-runner\_work\XPCO\XPCO\SC\Components\RemoteViewer\SmartClient\tst\zSmartClient_UnitTest\bin\x64\Debug\net472\zSmartClient_UnitTest.dll" adapterTypeName="executor://mstestadapter/v2" className="SmartClient_UnitTest.VideoOS.RemoteClient.Application.Common.Telemetry.TelemetryBuilderTests" name="BuildMapOptions_ShouldHandleSecretStringOptionsCorrectly" />
    </UnitTest>
    <UnitTest name="BuildingChangeProperty_Persisted_Success" storage="d:\actions-runner\_work\xpco\xpco\sc\components\remoteviewer\smartclient\tst\zsmartclient_unittest\bin\x64\debug\net472\zsmartclient_unittest.dll" id="0e8eb8b8-1a42-be54-07c1-244508590add">
      <TestCategory>
        <TestCategoryItem TestCategory="GisMapBuilding" />
      </TestCategory>
      <Execution id="3117eccd-c518-4d55-8958-6e857c0c31b1" />
      <TestMethod codeBase="D:\actions-runner\_work\XPCO\XPCO\SC\Components\RemoteViewer\SmartClient\tst\zSmartClient_UnitTest\bin\x64\Debug\net472\zSmartClient_UnitTest.dll" adapterTypeName="executor://mstestadapter/v2" className="SmartClient_UnitTest.VideoOS.RemoteClient.GisMap.MapBuildingTests" name="BuildingChangeProperty_Persisted_Success" />
    </UnitTest>
    <UnitTest name="Tooltip_ShouldShowMicrophoneName_OnSetupMode" storage="d:\actions-runner\_work\xpco\xpco\sc\components\remoteviewer\smartclient\tst\zsmartclient_unittest\bin\x64\debug\net472\zsmartclient_unittest.dll" id="ed7bec68-0198-a68e-a9fa-29c0dcede6d8">
      <TestCategory>
        <TestCategoryItem TestCategory="GisMap.MicrophoneMarkerTest" />
      </TestCategory>
      <Execution id="a32ef7f2-4aca-4a33-bc30-5f635906e72c" />
      <TestMethod codeBase="D:\actions-runner\_work\XPCO\XPCO\SC\Components\RemoteViewer\SmartClient\tst\zSmartClient_UnitTest\bin\x64\Debug\net472\zSmartClient_UnitTest.dll" adapterTypeName="executor://mstestadapter/v2" className="SmartClient_UnitTest.VideoOS.RemoteClient.Plugin.GisMap.ThinkGeoMap.Markers.DeviceMarkers.MicrophoneMarker.MicrophoneMarkerTests" name="Tooltip_ShouldShowMicrophoneName_OnSetupMode" />
    </UnitTest>
    <UnitTest name="ResolveBaseResultProperties_ShouldReturnOrderedTriggerTimes_WhenGivenUnorderedTriggerTimes" storage="d:\actions-runner\_work\xpco\xpco\sc\components\remoteviewer\smartclient\tst\zsmartclient_unittest\bin\x64\debug\net472\zsmartclient_unittest.dll" id="4552c7a0-9f71-d2b4-51c4-e785ac828b42">
      <TestCategory>
        <TestCategoryItem TestCategory="Search" />
      </TestCategory>
      <Execution id="9dbb4f43-7eea-461f-a2dc-1639a37efbf4" />
      <TestMethod codeBase="D:\actions-runner\_work\XPCO\XPCO\SC\Components\RemoteViewer\SmartClient\tst\zSmartClient_UnitTest\bin\x64\Debug\net472\zSmartClient_UnitTest.dll" adapterTypeName="executor://mstestadapter/v2" className="SmartClient_UnitTest.VideoOS.RemoteClient.Plugin.CentralizedSearch.Utils.SearchResultDataWrapperExtensionsTests" name="ResolveBaseResultProperties_ShouldReturnOrderedTriggerTimes_WhenGivenUnorderedTriggerTimes" />
    </UnitTest>
    <UnitTest name="Dispose_ClosesPluginInstance" storage="d:\actions-runner\_work\xpco\xpco\sc\components\remoteviewer\smartclient\tst\zsmartclient_unittest\bin\x64\debug\net472\zsmartclient_unittest.dll" id="227dc5e8-fd61-64c5-c58b-a4363d10733d">
      <TestCategory>
        <TestCategoryItem TestCategory="SearchResultsAction" />
      </TestCategory>
      <Execution id="b918b3c5-8e75-4e57-b73c-1fca02f6701f" />
      <TestMethod codeBase="D:\actions-runner\_work\XPCO\XPCO\SC\Components\RemoteViewer\SmartClient\tst\zSmartClient_UnitTest\bin\x64\Debug\net472\zSmartClient_UnitTest.dll" adapterTypeName="executor://mstestadapter/v2" className="SmartClient_UnitTest.VideoOS.RemoteClient.Plugin.CentralizedSearch.ViewModels.SearchResultsActionViewModelTests" name="Dispose_ClosesPluginInstance" />
    </UnitTest>
    <UnitTest name="GetServerTiles_ShouldReturnCorrectServerTilesWithGroupTest" storage="d:\actions-runner\_work\xpco\xpco\sc\components\remoteviewer\smartclient\tst\zsmartclient_unittest\bin\x64\debug\net472\zsmartclient_unittest.dll" id="52b60312-f92a-489e-ac83-49b5962a1a66">
      <Execution id="c6a27f2f-ab07-430f-a49a-793113b047f8" />
      <TestMethod codeBase="D:\actions-runner\_work\XPCO\XPCO\SC\Components\RemoteViewer\SmartClient\tst\zSmartClient_UnitTest\bin\x64\Debug\net472\zSmartClient_UnitTest.dll" adapterTypeName="executor://mstestadapter/v2" className="SmartClient_UnitTest.VideoOS.RemoteClient.Application.Data.ContentTypes.ReportingContentType.DashboardTileProviderTest" name="GetServerTiles_ShouldReturnCorrectServerTilesWithGroupTest" />
    </UnitTest>
    <UnitTest name="CreateReportAsync_ShouldSplitFrontPage_WhereFrontPageNotesSectionIsTooLarge" storage="d:\actions-runner\_work\xpco\xpco\sc\components\remoteviewer\smartclient\tst\zsmartclient_unittest\bin\x64\debug\net472\zsmartclient_unittest.dll" id="98c541d3-5d24-2401-7643-1e542884ed7a">
      <TestCategory>
        <TestCategoryItem TestCategory="Search" />
      </TestCategory>
      <Execution id="838edd8f-127f-47b9-a48f-0d78a39cf29c" />
      <TestMethod codeBase="D:\actions-runner\_work\XPCO\XPCO\SC\Components\RemoteViewer\SmartClient\tst\zSmartClient_UnitTest\bin\x64\Debug\net472\zSmartClient_UnitTest.dll" adapterTypeName="executor://mstestadapter/v2" className="SmartClient_UnitTest.VideoOS.RemoteClient.Plugin.CentralizedSearch.ViewModels.Utility.SearchReportPrintFactoryTests" name="CreateReportAsync_ShouldSplitFrontPage_WhereFrontPageNotesSectionIsTooLarge" />
    </UnitTest>
    <UnitTest name="SetLayerFeatures_ShouldUpdateInputItemsMapLayer_WhenInputKindAndInputLayerFeatures" storage="d:\actions-runner\_work\xpco\xpco\sc\components\remoteviewer\smartclient\tst\zsmartclient_unittest\bin\x64\debug\net472\zsmartclient_unittest.dll" id="5a96435f-7bfb-674d-9228-2eed29df56f2">
      <TestCategory>
        <TestCategoryItem TestCategory="GisMapData.Controllers.LayerFeatures" />
      </TestCategory>
      <Execution id="45115f36-fc82-4b59-ad3f-25839465f286" />
      <TestMethod codeBase="D:\actions-runner\_work\XPCO\XPCO\SC\Components\RemoteViewer\SmartClient\tst\zSmartClient_UnitTest\bin\x64\Debug\net472\zSmartClient_UnitTest.dll" adapterTypeName="executor://mstestadapter/v2" className="SmartClient_UnitTest.VideoOS.RemoteClient.GisMapData.Controllers.LayerFeatures.LayerFeaturesControllerTests" name="SetLayerFeatures_ShouldUpdateInputItemsMapLayer_WhenInputKindAndInputLayerFeatures" />
    </UnitTest>
    <UnitTest name="Connect_WhenMajorServerVersionIsBelow3_ShouldNotStartAnySchClient" storage="d:\actions-runner\_work\xpco\xpco\sc\components\remoteviewer\smartclient\tst\zsmartclient_unittest\bin\x64\debug\net472\zsmartclient_unittest.dll" id="4b7dc18b-d6d1-94cf-67c8-cfdd48ab9288">
      <Execution id="1a520b0e-7159-4699-b771-6877cd50c3db" />
      <TestMethod codeBase="D:\actions-runner\_work\XPCO\XPCO\SC\Components\RemoteViewer\SmartClient\tst\zSmartClient_UnitTest\bin\x64\Debug\net472\zSmartClient_UnitTest.dll" adapterTypeName="executor://mstestadapter/v2" className="VideoOS.Shared.ServerAPI.ServiceChannel.UnitTest.ServiceChannelCommandServiceTests" name="Connect_WhenMajorServerVersionIsBelow3_ShouldNotStartAnySchClient" />
    </UnitTest>
    <UnitTest name="GetIsOpenStreetMapValid_ShouldReturnTrue_WhenGeographicLayerIsNullAndAlternativeServerHasValidUrl" storage="d:\actions-runner\_work\xpco\xpco\sc\components\remoteviewer\smartclient\tst\zsmartclient_unittest\bin\x64\debug\net472\zsmartclient_unittest.dll" id="83ccd97a-3d39-ee6a-e0f8-f15f62764577">
      <TestCategory>
        <TestCategoryItem TestCategory="GisMapData.Controllers.Osm" />
      </TestCategory>
      <Execution id="3415106f-2674-4c67-9c4c-4a85c0a2045d" />
      <TestMethod codeBase="D:\actions-runner\_work\XPCO\XPCO\SC\Components\RemoteViewer\SmartClient\tst\zSmartClient_UnitTest\bin\x64\Debug\net472\zSmartClient_UnitTest.dll" adapterTypeName="executor://mstestadapter/v2" className="SmartClient_UnitTest.VideoOS.RemoteClient.GisMapData.Controllers.Osm.GisMapOsmControllerTests" name="GetIsOpenStreetMapValid_ShouldReturnTrue_WhenGeographicLayerIsNullAndAlternativeServerHasValidUrl" />
    </UnitTest>
    <UnitTest name="SmartMapGoToLocationHandler_WhenDataIsValid_ShouldCallNavigateTo" storage="d:\actions-runner\_work\xpco\xpco\sc\components\remoteviewer\smartclient\tst\zsmartclient_unittest\bin\x64\debug\net472\zsmartclient_unittest.dll" id="15776c9e-bed1-aa30-abbc-b85a9e95cf84">
      <Execution id="f1398535-75bd-4a35-9597-64511ec852e3" />
      <TestMethod codeBase="D:\actions-runner\_work\XPCO\XPCO\SC\Components\RemoteViewer\SmartClient\tst\zSmartClient_UnitTest\bin\x64\Debug\net472\zSmartClient_UnitTest.dll" adapterTypeName="executor://mstestadapter/v2" className="SmartClient_UnitTest.VideoOS.RemoteClient.Plugin.GisMap.MIP.ContentHolderMipMessageManagerTests" name="SmartMapGoToLocationHandler_WhenDataIsValid_ShouldCallNavigateTo" />
    </UnitTest>
    <UnitTest name="TestMethod1" storage="d:\actions-runner\_work\xpco\xpco\sc\components\remoteviewer\smartclient\tst\zsmartclient_unittest\bin\x64\debug\net472\zsmartclient_unittest.dll" id="db35590a-caad-391c-4e81-fbc7dc664cab">
      <Execution id="46a929f2-35c2-4966-9685-493833b716dc" />
      <TestMethod codeBase="D:\actions-runner\_work\XPCO\XPCO\SC\Components\RemoteViewer\SmartClient\tst\zSmartClient_UnitTest\bin\x64\Debug\net472\zSmartClient_UnitTest.dll" adapterTypeName="executor://mstestadapter/v2" className="SmartClient_UnitTest.VideoOS.RemoteClient.Application.Data.Retrievals.RetrievalTaskAggregationTest" name="TestMethod1" />
    </UnitTest>
    <UnitTest name="AddItemsRemoveItems_SingleMapItem_OneClusterChangeForEach" storage="d:\actions-runner\_work\xpco\xpco\sc\components\remoteviewer\smartclient\tst\zsmartclient_unittest\bin\x64\debug\net472\zsmartclient_unittest.dll" id="9b11dd70-a212-4435-b232-2bb1537ea05b">
      <TestCategory>
        <TestCategoryItem TestCategory="GisMapIndex" />
      </TestCategory>
      <Execution id="0724eadf-e299-4c21-85a5-2bbd79c7e06b" />
      <TestMethod codeBase="D:\actions-runner\_work\XPCO\XPCO\SC\Components\RemoteViewer\SmartClient\tst\zSmartClient_UnitTest\bin\x64\Debug\net472\zSmartClient_UnitTest.dll" adapterTypeName="executor://mstestadapter/v2" className="SmartClient_UnitTest.VideoOS.RemoteClient.GisMapData.Common.Indexer.MapItemIndexerTests" name="AddItemsRemoveItems_SingleMapItem_OneClusterChangeForEach" />
    </UnitTest>
    <UnitTest name="ToTimeScope_YesterdayInTransitionToNonDST_Success" storage="d:\actions-runner\_work\xpco\xpco\sc\components\remoteviewer\smartclient\tst\zsmartclient_unittest\bin\x64\debug\net472\zsmartclient_unittest.dll" id="e38866b9-8332-5f7b-d7b8-fb3e9c3d9029">
      <TestCategory>
        <TestCategoryItem TestCategory="Search" />
      </TestCategory>
      <Execution id="9923ddd8-5f69-4a23-a860-18650ae6d395" />
      <TestMethod codeBase="D:\actions-runner\_work\XPCO\XPCO\SC\Components\RemoteViewer\SmartClient\tst\zSmartClient_UnitTest\bin\x64\Debug\net472\zSmartClient_UnitTest.dll" adapterTypeName="executor://mstestadapter/v2" className="SmartClient_UnitTest.VideoOS.RemoteClient.Plugin.CentralizedSearch.Models.ScopeDurationTests" name="ToTimeScope_YesterdayInTransitionToNonDST_Success" />
    </UnitTest>
    <UnitTest name="SmartMapSelectItemHandler_WhenDataIsNotSmartMapSelectItemCommandData_ShouldWriteToLog" storage="d:\actions-runner\_work\xpco\xpco\sc\components\remoteviewer\smartclient\tst\zsmartclient_unittest\bin\x64\debug\net472\zsmartclient_unittest.dll" id="1b7a8e72-6c5b-1b1a-773c-d218457056e9">
      <Execution id="263e1024-52e1-4de3-ab22-f6c2c8ac263f" />
      <TestMethod codeBase="D:\actions-runner\_work\XPCO\XPCO\SC\Components\RemoteViewer\SmartClient\tst\zSmartClient_UnitTest\bin\x64\Debug\net472\zSmartClient_UnitTest.dll" adapterTypeName="executor://mstestadapter/v2" className="SmartClient_UnitTest.VideoOS.RemoteClient.Plugin.GisMap.MIP.ContentHolderMipMessageManagerTests" name="SmartMapSelectItemHandler_WhenDataIsNotSmartMapSelectItemCommandData_ShouldWriteToLog" />
    </UnitTest>
    <UnitTest name="PatrollingStepViewModel_Speed" storage="d:\actions-runner\_work\xpco\xpco\sc\components\remoteviewer\smartclient\tst\zsmartclient_unittest\bin\x64\debug\net472\zsmartclient_unittest.dll" id="731f7e19-89ff-c108-ad63-9eb46b5c0a59">
      <Execution id="a06ec668-5797-40af-9a8d-e36d9bf44584" />
      <TestMethod codeBase="D:\actions-runner\_work\XPCO\XPCO\SC\Components\RemoteViewer\SmartClient\tst\zSmartClient_UnitTest\bin\x64\Debug\net472\zSmartClient_UnitTest.dll" adapterTypeName="executor://mstestadapter/v2" className="SmartClient_UnitTest.VideoOS.RemoteClient.Application.UI.PtzPreset.PatrollingViewModel.PatrollingStepViewModelTest" name="PatrollingStepViewModel_Speed" />
    </UnitTest>
    <UnitTest name="ValidateExportLocation_ShouldReturnFailResult_ExportFolderIsIllegal (False,False)" storage="d:\actions-runner\_work\xpco\xpco\sc\components\remoteviewer\smartclient\tst\zsmartclient_unittest\bin\x64\debug\net472\zsmartclient_unittest.dll" id="b2d1fc86-5b6c-12c9-7390-a0eef3e963b8">
      <TestCategory>
        <TestCategoryItem TestCategory="Export" />
      </TestCategory>
      <Execution id="add4bffe-7048-404d-8c0b-f4353eeaec7f" />
      <TestMethod codeBase="D:\actions-runner\_work\XPCO\XPCO\SC\Components\RemoteViewer\SmartClient\tst\zSmartClient_UnitTest\bin\x64\Debug\net472\zSmartClient_UnitTest.dll" adapterTypeName="executor://mstestadapter/v2" className="SmartClient_UnitTest.VideoOS.RemoteClient.Plugin.Export.ExportDataValidatorTests" name="ValidateExportLocation_ShouldReturnFailResult_ExportFolderIsIllegal" />
    </UnitTest>
    <UnitTest name="HandleSetLayerFeatures_ShouldRaiseArgumentException_WhenNotCameraKindAndCameraLayerFeaturesAndInputLayer" storage="d:\actions-runner\_work\xpco\xpco\sc\components\remoteviewer\smartclient\tst\zsmartclient_unittest\bin\x64\debug\net472\zsmartclient_unittest.dll" id="1ff412f4-a550-fccb-f616-ee490e039d87">
      <TestCategory>
        <TestCategoryItem TestCategory="GisMapData.Handlers.LayerFeatures" />
      </TestCategory>
      <Execution id="0271836a-8ddb-4f8c-854d-8c61f8375360" />
      <TestMethod codeBase="D:\actions-runner\_work\XPCO\XPCO\SC\Components\RemoteViewer\SmartClient\tst\zSmartClient_UnitTest\bin\x64\Debug\net472\zSmartClient_UnitTest.dll" adapterTypeName="executor://mstestadapter/v2" className="SmartClient_UnitTest.VideoOS.RemoteClient.GisMapData.Handlers.LayerFeatures.CameraLayerFeaturesHandlerTests" name="HandleSetLayerFeatures_ShouldRaiseArgumentException_WhenNotCameraKindAndCameraLayerFeaturesAndInputLayer" />
    </UnitTest>
    <UnitTest name="SearchCriteriaFilterValues_ValidatePopupFunctionalityInDialog_Success" storage="d:\actions-runner\_work\xpco\xpco\sc\components\remoteviewer\smartclient\tst\zsmartclient_unittest\bin\x64\debug\net472\zsmartclient_unittest.dll" id="3d282549-a7d7-f787-c093-a6611551ad0d">
      <TestCategory>
        <TestCategoryItem TestCategory="SearchControls" />
      </TestCategory>
      <Execution id="ed1eec2f-17b4-4916-90c1-cfd2ceaee7d0" />
      <TestMethod codeBase="D:\actions-runner\_work\XPCO\XPCO\SC\Components\RemoteViewer\SmartClient\tst\zSmartClient_UnitTest\bin\x64\Debug\net472\zSmartClient_UnitTest.dll" adapterTypeName="executor://mstestadapter/v2" className="SmartClient_UnitTest.VideoOS.RemoteClient.Plugin.CentralizedSearch.Views.Controls.SearchDefinitions.EditSearchDefinitionPopupTests" name="SearchCriteriaFilterValues_ValidatePopupFunctionalityInDialog_Success" />
    </UnitTest>
    <UnitTest name="DateToStringConverter_MultiConvertInvalidInput_UnsetValue" storage="d:\actions-runner\_work\xpco\xpco\sc\components\remoteviewer\smartclient\tst\zsmartclient_unittest\bin\x64\debug\net472\zsmartclient_unittest.dll" id="c37e3ceb-4de2-f887-5ba0-5f1d4459693f">
      <TestCategory>
        <TestCategoryItem TestCategory="SearchConverter" />
      </TestCategory>
      <Execution id="a4ea796d-b465-44c0-8e4a-b70ec1e3867b" />
      <TestMethod codeBase="D:\actions-runner\_work\XPCO\XPCO\SC\Components\RemoteViewer\SmartClient\tst\zSmartClient_UnitTest\bin\x64\Debug\net472\zSmartClient_UnitTest.dll" adapterTypeName="executor://mstestadapter/v2" className="SmartClient_UnitTest.VideoOS.RemoteClient.Plugin.CentralizedSearch.Views.Converters.DurationToStringConverterTests" name="DateToStringConverter_MultiConvertInvalidInput_UnsetValue" />
    </UnitTest>
    <UnitTest name="ClearFilterCommand_ClearsFilter" storage="d:\actions-runner\_work\xpco\xpco\sc\components\remoteviewer\smartclient\tst\zsmartclient_unittest\bin\x64\debug\net472\zsmartclient_unittest.dll" id="adae62f9-2b72-4530-ee33-22d9b99a1467">
      <TestCategory>
        <TestCategoryItem TestCategory="Search" />
      </TestCategory>
      <Execution id="d3da7d27-6318-4261-9113-5d95e9b49d3d" />
      <TestMethod codeBase="D:\actions-runner\_work\XPCO\XPCO\SC\Components\RemoteViewer\SmartClient\tst\zSmartClient_UnitTest\bin\x64\Debug\net472\zSmartClient_UnitTest.dll" adapterTypeName="executor://mstestadapter/v2" className="SmartClient_UnitTest.VideoOS.RemoteClient.Plugin.CentralizedSearch.MIPPlugin.Criteria.MultipleSelectionAttributeEditControlTest" name="ClearFilterCommand_ClearsFilter" />
    </UnitTest>
    <UnitTest name="Ctor_ShouldApplyRelevanceComparer_WhenViewModelIsCreated" storage="d:\actions-runner\_work\xpco\xpco\sc\components\remoteviewer\smartclient\tst\zsmartclient_unittest\bin\x64\debug\net472\zsmartclient_unittest.dll" id="f0c6f445-2735-407d-8bd8-efde582fd792">
      <TestCategory>
        <TestCategoryItem TestCategory="SearchResultViewModels" />
      </TestCategory>
      <Execution id="f8f33bc0-80b6-4822-a769-fe1ce27db531" />
      <TestMethod codeBase="D:\actions-runner\_work\XPCO\XPCO\SC\Components\RemoteViewer\SmartClient\tst\zSmartClient_UnitTest\bin\x64\Debug\net472\zSmartClient_UnitTest.dll" adapterTypeName="executor://mstestadapter/v2" className="SmartClient_UnitTest.VideoOS.RemoteClient.Plugin.CentralizedSearch.ViewModels.SearchResultsViewModelTest" name="Ctor_ShouldApplyRelevanceComparer_WhenViewModelIsCreated" />
    </UnitTest>
    <UnitTest name="RemoveWorkroom_ShouldNotChangeSelection_WhenWorkroomThatIsNotSelectedIsRemoved" storage="d:\actions-runner\_work\xpco\xpco\sc\components\remoteviewer\smartclient\tst\zsmartclient_unittest\bin\x64\debug\net472\zsmartclient_unittest.dll" id="ff22d43a-17fa-db51-d7fd-2f5ea3ee7dbb">
      <TestCategory>
        <TestCategoryItem TestCategory="WorkroomController" />
      </TestCategory>
      <Execution id="b688e18e-41a7-42cb-b686-ccd4882f784e" />
      <TestMethod codeBase="D:\actions-runner\_work\XPCO\XPCO\SC\Components\RemoteViewer\SmartClient\tst\zSmartClient_UnitTest\bin\x64\Debug\net472\zSmartClient_UnitTest.dll" adapterTypeName="executor://mstestadapter/v2" className="SmartClient_UnitTest.VideoOS.RemoteClient.Application.Controllers.WorkroomController.WorkroomControllerBaseTest" name="RemoveWorkroom_ShouldNotChangeSelection_WhenWorkroomThatIsNotSelectedIsRemoved" />
    </UnitTest>
    <UnitTest name="BrowseCommand_ReportDestinationChanged" storage="d:\actions-runner\_work\xpco\xpco\sc\components\remoteviewer\smartclient\tst\zsmartclient_unittest\bin\x64\debug\net472\zsmartclient_unittest.dll" id="cb0b865d-639c-dd58-a3ea-f0a088ec0432">
      <TestCategory>
        <TestCategoryItem TestCategory="Search" />
      </TestCategory>
      <Execution id="3cd343ee-f9bf-4d7f-a000-48def25bfc65" />
      <TestMethod codeBase="D:\actions-runner\_work\XPCO\XPCO\SC\Components\RemoteViewer\SmartClient\tst\zSmartClient_UnitTest\bin\x64\Debug\net472\zSmartClient_UnitTest.dll" adapterTypeName="executor://mstestadapter/v2" className="SmartClient_UnitTest.VideoOS.RemoteClient.Plugin.CentralizedSearch.ViewModels.SearchReportViewModelTests" name="BrowseCommand_ReportDestinationChanged" />
    </UnitTest>
    <UnitTest name="GetUserOptions_ShouldReturnNullForNewKey_WhenOnlyOldSystemDataIsAvailableInTheSystem" storage="d:\actions-runner\_work\xpco\xpco\sc\components\remoteviewer\smartclient\tst\zsmartclient_unittest\bin\x64\debug\net472\zsmartclient_unittest.dll" id="88fa8516-0d21-8d70-a765-06ab5bfbd249">
      <TestCategory>
        <TestCategoryItem TestCategory="Managers" />
      </TestCategory>
      <Execution id="7f9982a8-8dfc-46ad-823b-74f5ac11567d" />
      <TestMethod codeBase="D:\actions-runner\_work\XPCO\XPCO\SC\Components\RemoteViewer\SmartClient\tst\zSmartClient_UnitTest\bin\x64\Debug\net472\zSmartClient_UnitTest.dll" adapterTypeName="executor://mstestadapter/v2" className="SmartClient_UnitTest.VideoOS.RemoteClient.Application.Managers.OptionManagerTests" name="GetUserOptions_ShouldReturnNullForNewKey_WhenOnlyOldSystemDataIsAvailableInTheSystem" />
    </UnitTest>
    <UnitTest name="Session_Built" storage="d:\actions-runner\_work\xpco\xpco\sc\components\remoteviewer\smartclient\tst\zsmartclient_unittest\bin\x64\debug\net472\zsmartclient_unittest.dll" id="eb5a9d83-2458-0842-7b16-6cd517958096">
      <Execution id="26a20dfe-4cb3-45dd-b4be-8da7f22de20b" />
      <TestMethod codeBase="D:\actions-runner\_work\XPCO\XPCO\SC\Components\RemoteViewer\SmartClient\tst\zSmartClient_UnitTest\bin\x64\Debug\net472\zSmartClient_UnitTest.dll" adapterTypeName="executor://mstestadapter/v2" className="SmartClient_UnitTest.VideoOS.RemoteClient.Application.Components.Search.SearchManagerTest" name="Session_Built" />
    </UnitTest>
    <UnitTest name="Constructor_ShouldRaiseArgumentException_WhenEventServerIdsIsEmpty" storage="d:\actions-runner\_work\xpco\xpco\sc\components\remoteviewer\smartclient\tst\zsmartclient_unittest\bin\x64\debug\net472\zsmartclient_unittest.dll" id="89935175-7a1b-8472-5162-947ab445be3b">
      <TestCategory>
        <TestCategoryItem TestCategory="AccessControl.Services" />
      </TestCategory>
      <Execution id="a77ad829-fb74-4ec2-9ea8-a334d0e0e51b" />
      <TestMethod codeBase="D:\actions-runner\_work\XPCO\XPCO\SC\Components\RemoteViewer\SmartClient\tst\zSmartClient_UnitTest\bin\x64\Debug\net472\zSmartClient_UnitTest.dll" adapterTypeName="executor://mstestadapter/v2" className="SmartClient_UnitTest.VideoOS.RemoteClient.AccessControl.Services.AccessControlGuidProviderTests" name="Constructor_ShouldRaiseArgumentException_WhenEventServerIdsIsEmpty" />
    </UnitTest>
    <UnitTest name="Map_DeleteLayers_OSM_ImageLayer_Success" storage="d:\actions-runner\_work\xpco\xpco\sc\components\remoteviewer\smartclient\tst\zsmartclient_unittest\bin\x64\debug\net472\zsmartclient_unittest.dll" id="20e8ccab-a0f4-bc81-8521-21ef899c1e27">
      <TestCategory>
        <TestCategoryItem TestCategory="GisMapLayers" />
      </TestCategory>
      <Execution id="d02fbec1-8ac4-488a-b4b2-52b2e16b625a" />
      <TestMethod codeBase="D:\actions-runner\_work\XPCO\XPCO\SC\Components\RemoteViewer\SmartClient\tst\zSmartClient_UnitTest\bin\x64\Debug\net472\zSmartClient_UnitTest.dll" adapterTypeName="executor://mstestadapter/v2" className="SmartClient_UnitTest.VideoOS.RemoteClient.GisMapData.GisMapLayerTests" name="Map_DeleteLayers_OSM_ImageLayer_Success" />
    </UnitTest>
    <UnitTest name="TestConstructor_EmptyPolygon_Success" storage="d:\actions-runner\_work\xpco\xpco\sc\components\remoteviewer\smartclient\tst\zsmartclient_unittest\bin\x64\debug\net472\zsmartclient_unittest.dll" id="149b064f-9ac3-44fb-3775-5acbf6f1cace">
      <TestCategory>
        <TestCategoryItem TestCategory="GisMap" />
      </TestCategory>
      <Execution id="fe339f2f-afae-4b9f-bfdd-3f6129526e25" />
      <TestMethod codeBase="D:\actions-runner\_work\XPCO\XPCO\SC\Components\RemoteViewer\SmartClient\tst\zSmartClient_UnitTest\bin\x64\Debug\net472\zSmartClient_UnitTest.dll" adapterTypeName="executor://mstestadapter/v2" className="SmartClient_UnitTest.VideoOS.RemoteClient.GisMap.Common.MapPolygonTest" name="TestConstructor_EmptyPolygon_Success" />
    </UnitTest>
    <UnitTest name="InitializeTokenException_ShouldThrow_WhenErrorOutOfRangeHigh" storage="d:\actions-runner\_work\xpco\xpco\sc\components\remoteviewer\smartclient\tst\zsmartclient_unittest\bin\x64\debug\net472\zsmartclient_unittest.dll" id="86d2f9a3-cd73-6e30-e154-d9542034e978">
      <TestCategory>
        <TestCategoryItem TestCategory="ServerCommandController.IDPToken" />
      </TestCategory>
      <Execution id="3a71b690-c84c-4e01-ab10-d9b74f62271e" />
      <TestMethod codeBase="D:\actions-runner\_work\XPCO\XPCO\SC\Components\RemoteViewer\SmartClient\tst\zSmartClient_UnitTest\bin\x64\Debug\net472\zSmartClient_UnitTest.dll" adapterTypeName="executor://mstestadapter/v2" className="SmartClient_UnitTest.VideoOS.RemoteClient.Application.Controllers.TokenExceptionsConverterTests" name="InitializeTokenException_ShouldThrow_WhenErrorOutOfRangeHigh" />
    </UnitTest>
    <UnitTest name="MarkerOnMouseLeftButtonDoubleClicked_ShouldCallToggleMicrophoneStateAsync_WhenIsInLiveMode" storage="d:\actions-runner\_work\xpco\xpco\sc\components\remoteviewer\smartclient\tst\zsmartclient_unittest\bin\x64\debug\net472\zsmartclient_unittest.dll" id="4586ccb8-434e-a6fb-3efe-7ae23e91a4a4">
      <TestCategory>
        <TestCategoryItem TestCategory="GisMap.MicrophoneMarkerTest" />
      </TestCategory>
      <Execution id="f3da57d9-7fb7-435c-8ba1-13555b19e01f" />
      <TestMethod codeBase="D:\actions-runner\_work\XPCO\XPCO\SC\Components\RemoteViewer\SmartClient\tst\zSmartClient_UnitTest\bin\x64\Debug\net472\zSmartClient_UnitTest.dll" adapterTypeName="executor://mstestadapter/v2" className="SmartClient_UnitTest.VideoOS.RemoteClient.Plugin.GisMap.ThinkGeoMap.Markers.DeviceMarkers.MicrophoneMarker.MicrophoneMarkerTests" name="MarkerOnMouseLeftButtonDoubleClicked_ShouldCallToggleMicrophoneStateAsync_WhenIsInLiveMode" />
    </UnitTest>
    <UnitTest name="Deserialize_ScopeItemsOnly_Success" storage="d:\actions-runner\_work\xpco\xpco\sc\components\remoteviewer\smartclient\tst\zsmartclient_unittest\bin\x64\debug\net472\zsmartclient_unittest.dll" id="05cdc091-f2e6-9c3b-1f81-118e480d95e3">
      <TestCategory>
        <TestCategoryItem TestCategory="SearchSerialization" />
      </TestCategory>
      <Execution id="0c7b2ae1-a36e-4edd-9e58-304cde87d2ff" />
      <TestMethod codeBase="D:\actions-runner\_work\XPCO\XPCO\SC\Components\RemoteViewer\SmartClient\tst\zSmartClient_UnitTest\bin\x64\Debug\net472\zSmartClient_UnitTest.dll" adapterTypeName="executor://mstestadapter/v2" className="SmartClient_UnitTest.VideoOS.RemoteClient.Plugin.CentralizedSearch.Models.Serialization.SearchSerializerTests" name="Deserialize_ScopeItemsOnly_Success" />
    </UnitTest>
    <UnitTest name="Deserialize_UnknownItem_Error" storage="d:\actions-runner\_work\xpco\xpco\sc\components\remoteviewer\smartclient\tst\zsmartclient_unittest\bin\x64\debug\net472\zsmartclient_unittest.dll" id="e0bc5994-1c1d-ed47-7ea9-5075ce14af91">
      <TestCategory>
        <TestCategoryItem TestCategory="SearchSerialization" />
      </TestCategory>
      <Execution id="118ccb93-422b-4dd7-a26b-763ea54c16ce" />
      <TestMethod codeBase="D:\actions-runner\_work\XPCO\XPCO\SC\Components\RemoteViewer\SmartClient\tst\zSmartClient_UnitTest\bin\x64\Debug\net472\zSmartClient_UnitTest.dll" adapterTypeName="executor://mstestadapter/v2" className="SmartClient_UnitTest.VideoOS.RemoteClient.Plugin.CentralizedSearch.Models.Serialization.SearchSerializerTests" name="Deserialize_UnknownItem_Error" />
    </UnitTest>
    <UnitTest name="SupportsRightClick_ShouldBeTrue_WhenInteractionStateIsNormal" storage="d:\actions-runner\_work\xpco\xpco\sc\components\remoteviewer\smartclient\tst\zsmartclient_unittest\bin\x64\debug\net472\zsmartclient_unittest.dll" id="d096cf54-9fe3-48d3-6b60-9dbe5862c472">
      <TestCategory>
        <TestCategoryItem TestCategory="GisMap.LinkMarker" />
      </TestCategory>
      <Execution id="9fb56069-7fd3-4289-b565-9b097143dc4e" />
      <TestMethod codeBase="D:\actions-runner\_work\XPCO\XPCO\SC\Components\RemoteViewer\SmartClient\tst\zSmartClient_UnitTest\bin\x64\Debug\net472\zSmartClient_UnitTest.dll" adapterTypeName="executor://mstestadapter/v2" className="SmartClient_UnitTest.VideoOS.RemoteClient.Plugin.GisMap.ThinkGeoMap.Markers.LinkMarker.LinkMarkerTests" name="SupportsRightClick_ShouldBeTrue_WhenInteractionStateIsNormal" />
    </UnitTest>
    <UnitTest name="UpgradeToOAuth_ShouldUpgradeToUnsecureOAuth_WhenRequested" storage="d:\actions-runner\_work\xpco\xpco\sc\components\remoteviewer\smartclient\tst\zsmartclient_unittest\bin\x64\debug\net472\zsmartclient_unittest.dll" id="62ccc5b1-eb5f-4644-e919-a3a7e7740785">
      <TestCategory>
        <TestCategoryItem TestCategory="Authentication.ClientCredentials" />
      </TestCategory>
      <Execution id="e3ab0555-6064-45f7-905a-8b41d4861a02" />
      <TestMethod codeBase="D:\actions-runner\_work\XPCO\XPCO\SC\Components\RemoteViewer\SmartClient\tst\zSmartClient_UnitTest\bin\x64\Debug\net472\zSmartClient_UnitTest.dll" adapterTypeName="executor://mstestadapter/v2" className="SmartClient_UnitTest.VideoOS.Shared.ServerAPI.ClientCredentialsTest" name="UpgradeToOAuth_ShouldUpgradeToUnsecureOAuth_WhenRequested" />
    </UnitTest>
    <UnitTest name="LoadInitialState_ValidState_ReturnsValidState" storage="d:\actions-runner\_work\xpco\xpco\sc\components\remoteviewer\smartclient\tst\zsmartclient_unittest\bin\x64\debug\net472\zsmartclient_unittest.dll" id="2aeb0604-7864-ac0e-7483-a1a86a3f6f67">
      <TestCategory>
        <TestCategoryItem TestCategory="Search" />
      </TestCategory>
      <Execution id="2917958a-fb76-4ed3-a05d-b8a03c73f1e7" />
      <TestMethod codeBase="D:\actions-runner\_work\XPCO\XPCO\SC\Components\RemoteViewer\SmartClient\tst\zSmartClient_UnitTest\bin\x64\Debug\net472\zSmartClient_UnitTest.dll" adapterTypeName="executor://mstestadapter/v2" className="SmartClient_UnitTest.VideoOS.RemoteClient.Plugin.CentralizedSearch.CentralizedSearchContentHolderTests" name="LoadInitialState_ValidState_ReturnsValidState" />
    </UnitTest>
    <UnitTest name="PtzSessionController_Register_Non_PTZ_Camera_Test" storage="d:\actions-runner\_work\xpco\xpco\sc\components\remoteviewer\smartclient\tst\zsmartclient_unittest\bin\x64\debug\net472\zsmartclient_unittest.dll" id="6235db2c-29a6-4a28-c065-7643ea0e2363">
      <Execution id="30581bef-9841-419f-b275-4835e0e1129b" />
      <TestMethod codeBase="D:\actions-runner\_work\XPCO\XPCO\SC\Components\RemoteViewer\SmartClient\tst\zSmartClient_UnitTest\bin\x64\Debug\net472\zSmartClient_UnitTest.dll" adapterTypeName="executor://mstestadapter/v2" className="VideoOS.RemoteClient.Application.Controllers.UnitTest.PtzSessionControllerTest" name="PtzSessionController_Register_Non_PTZ_Camera_Test" />
    </UnitTest>
    <UnitTest name="FocusedSearchResultChanged_CameraOnMap_CameraMapLevelFeaturesSavedAndRestored" storage="d:\actions-runner\_work\xpco\xpco\sc\components\remoteviewer\smartclient\tst\zsmartclient_unittest\bin\x64\debug\net472\zsmartclient_unittest.dll" id="b228f7b3-2a35-5ed1-38ba-c95d5b6752e4">
      <TestCategory>
        <TestCategoryItem TestCategory="Search.SmartMapPreview" />
      </TestCategory>
      <Execution id="42e8782e-b62e-44b4-866b-323532ec6bcc" />
      <TestMethod codeBase="D:\actions-runner\_work\XPCO\XPCO\SC\Components\RemoteViewer\SmartClient\tst\zSmartClient_UnitTest\bin\x64\Debug\net472\zSmartClient_UnitTest.dll" adapterTypeName="executor://mstestadapter/v2" className="SmartClient_UnitTest.VideoOS.RemoteClient.Plugin.CentralizedSearch.Views.Controls.SmartMap.SmartMapPreviewTests" name="FocusedSearchResultChanged_CameraOnMap_CameraMapLevelFeaturesSavedAndRestored" />
    </UnitTest>
    <UnitTest name="Constructor_ShouldThrow_ArgumentNullException_WhenConstructedWithNullClientCredentials" storage="d:\actions-runner\_work\xpco\xpco\sc\components\remoteviewer\smartclient\tst\zsmartclient_unittest\bin\x64\debug\net472\zsmartclient_unittest.dll" id="828aa887-d61e-2965-7b2f-bafe3c7dac25">
      <TestCategory>
        <TestCategoryItem TestCategory="Authentication.ClientCredentials" />
      </TestCategory>
      <Execution id="ac766fa0-94f8-4b63-9f1c-f5efd6b0106b" />
      <TestMethod codeBase="D:\actions-runner\_work\XPCO\XPCO\SC\Components\RemoteViewer\SmartClient\tst\zSmartClient_UnitTest\bin\x64\Debug\net472\zSmartClient_UnitTest.dll" adapterTypeName="executor://mstestadapter/v2" className="SmartClient_UnitTest.VideoOS.Shared.ServerAPI.ClientCredentialsTest" name="Constructor_ShouldThrow_ArgumentNullException_WhenConstructedWithNullClientCredentials" />
    </UnitTest>
    <UnitTest name="Constructor_ShouldRaiseArgumentNullException_WhenControllerManagerIsNull" storage="d:\actions-runner\_work\xpco\xpco\sc\components\remoteviewer\smartclient\tst\zsmartclient_unittest\bin\x64\debug\net472\zsmartclient_unittest.dll" id="d3a153fd-0e88-372e-ad4d-024de9ccde9a">
      <TestCategory>
        <TestCategoryItem TestCategory="GisMapAudioController" />
      </TestCategory>
      <Execution id="e7defc2e-2cac-49b9-b862-7bd0cb409f4a" />
      <TestMethod codeBase="D:\actions-runner\_work\XPCO\XPCO\SC\Components\RemoteViewer\SmartClient\tst\zSmartClient_UnitTest\bin\x64\Debug\net472\zSmartClient_UnitTest.dll" adapterTypeName="executor://mstestadapter/v2" className="SmartClient_UnitTest.VideoOS.RemoteClient.GisMapData.GisMapAudioControllerTests" name="Constructor_ShouldRaiseArgumentNullException_WhenControllerManagerIsNull" />
    </UnitTest>
    <UnitTest name="Ctor_MultipleSearchFilterCategoriesInManager_SearchDefinitionCreatedForEachCategory" storage="d:\actions-runner\_work\xpco\xpco\sc\components\remoteviewer\smartclient\tst\zsmartclient_unittest\bin\x64\debug\net472\zsmartclient_unittest.dll" id="6e668805-e583-b333-030a-20aba32624a1">
      <TestCategory>
        <TestCategoryItem TestCategory="Search" />
      </TestCategory>
      <Execution id="e75a409a-df6e-414a-9c0b-860532f63bab" />
      <TestMethod codeBase="D:\actions-runner\_work\XPCO\XPCO\SC\Components\RemoteViewer\SmartClient\tst\zSmartClient_UnitTest\bin\x64\Debug\net472\zSmartClient_UnitTest.dll" adapterTypeName="executor://mstestadapter/v2" className="SmartClient_UnitTest.VideoOS.RemoteClient.Plugin.CentralizedSearch.MIPPlugin.CompositeSearchDefinitionTests" name="Ctor_MultipleSearchFilterCategoriesInManager_SearchDefinitionCreatedForEachCategory" />
    </UnitTest>
    <UnitTest name="PatrollingStepListViewModel_PresetModified" storage="d:\actions-runner\_work\xpco\xpco\sc\components\remoteviewer\smartclient\tst\zsmartclient_unittest\bin\x64\debug\net472\zsmartclient_unittest.dll" id="85091bf5-79fb-de26-dea4-3270f148dbfd">
      <Execution id="4ce65ce2-7c43-44a7-ab69-d24e7390e60e" />
      <TestMethod codeBase="D:\actions-runner\_work\XPCO\XPCO\SC\Components\RemoteViewer\SmartClient\tst\zSmartClient_UnitTest\bin\x64\Debug\net472\zSmartClient_UnitTest.dll" adapterTypeName="executor://mstestadapter/v2" className="SmartClient_UnitTest.VideoOS.RemoteClient.Application.UI.PtzPreset.PatrollingViewModel.PatrollingStepListViewModelTest" name="PatrollingStepListViewModel_PresetModified" />
    </UnitTest>
    <UnitTest name="SearchResultsActionBarActions_ActionResultCreateReport_CreatePdfDocument_ErrorCreating" storage="d:\actions-runner\_work\xpco\xpco\sc\components\remoteviewer\smartclient\tst\zsmartclient_unittest\bin\x64\debug\net472\zsmartclient_unittest.dll" id="5f362ea2-3502-a9a4-859c-9b7a53373938">
      <TestCategory>
        <TestCategoryItem TestCategory="Search" />
      </TestCategory>
      <Execution id="71494f3e-9cea-4aae-bc4b-382c5538a871" />
      <TestMethod codeBase="D:\actions-runner\_work\XPCO\XPCO\SC\Components\RemoteViewer\SmartClient\tst\zSmartClient_UnitTest\bin\x64\Debug\net472\zSmartClient_UnitTest.dll" adapterTypeName="executor://mstestadapter/v2" className="SmartClient_UnitTest.VideoOS.RemoteClient.Plugin.CentralizedSearch.ViewModels.SearchReportViewModelTests" name="SearchResultsActionBarActions_ActionResultCreateReport_CreatePdfDocument_ErrorCreating" />
    </UnitTest>
    <UnitTest name="Constructor_ShouldRaiseArgumentNullException_WhenNextDeviceDataHandlerIsNull" storage="d:\actions-runner\_work\xpco\xpco\sc\components\remoteviewer\smartclient\tst\zsmartclient_unittest\bin\x64\debug\net472\zsmartclient_unittest.dll" id="f19f66f7-3714-6457-44d8-9a0c3461226c">
      <TestCategory>
        <TestCategoryItem TestCategory="GisMap.Handlers.Devices.MapItems" />
      </TestCategory>
      <Execution id="9f0469d2-217f-4d6d-b3f4-eb450f2b8caa" />
      <TestMethod codeBase="D:\actions-runner\_work\XPCO\XPCO\SC\Components\RemoteViewer\SmartClient\tst\zSmartClient_UnitTest\bin\x64\Debug\net472\zSmartClient_UnitTest.dll" adapterTypeName="executor://mstestadapter/v2" className="SmartClient_UnitTest.VideoOS.RemoteClient.Plugin.GisMap.Handlers.Devices.MapItems.CameraDataHandlerTests" name="Constructor_ShouldRaiseArgumentNullException_WhenNextDeviceDataHandlerIsNull" />
    </UnitTest>
    <UnitTest name="Execute_CopyToClipboardCommand_ClipboardContainsText" storage="d:\actions-runner\_work\xpco\xpco\sc\components\remoteviewer\smartclient\tst\zsmartclient_unittest\bin\x64\debug\net472\zsmartclient_unittest.dll" id="f710e014-90ce-d71f-9c5f-5c71e6c4af0c">
      <Execution id="f8046161-378d-45b3-ac0e-8f76a1d710d6" />
      <TestMethod codeBase="D:\actions-runner\_work\XPCO\XPCO\SC\Components\RemoteViewer\SmartClient\tst\zSmartClient_UnitTest\bin\x64\Debug\net472\zSmartClient_UnitTest.dll" adapterTypeName="executor://mstestadapter/v2" className="SmartClient_UnitTest.VideoOS.RemoteClient.Application.UI.Common.MessageBoxWithList.MessageBoxWithListViewModelTests" name="Execute_CopyToClipboardCommand_ClipboardContainsText" />
    </UnitTest>
    <UnitTest name="MapOutputIcons_WhenPinkOemResource_ShouldReturnTwoIcons" storage="d:\actions-runner\_work\xpco\xpco\sc\components\remoteviewer\smartclient\tst\zsmartclient_unittest\bin\x64\debug\net472\zsmartclient_unittest.dll" id="c6dda2cd-bb4c-abf6-4c9e-75c0a7c49325">
      <Execution id="e7368622-c6e4-4ce4-ae13-238c842f9a88" />
      <TestMethod codeBase="D:\actions-runner\_work\XPCO\XPCO\SC\Components\RemoteViewer\SmartClient\tst\zSmartClient_UnitTest\bin\x64\Debug\net472\zSmartClient_UnitTest.dll" adapterTypeName="executor://mstestadapter/v2" className="SmartClient_UnitTest.VideoOS.RemoteClient.Application.Controllers.OemResourceControllerTest" name="MapOutputIcons_WhenPinkOemResource_ShouldReturnTwoIcons" />
    </UnitTest>
    <UnitTest name="MergeOptionNodes_ShouldMergeOptionsFromOldKeyAndNewKey_WhenBothSettingsHaveOptionsAndEmptyNamespaceAddedToOptionsElement" storage="d:\actions-runner\_work\xpco\xpco\sc\components\remoteviewer\smartclient\tst\zsmartclient_unittest\bin\x64\debug\net472\zsmartclient_unittest.dll" id="40975595-da4a-f761-4446-28adcce54b50">
      <TestCategory>
        <TestCategoryItem TestCategory="Managers" />
      </TestCategory>
      <Execution id="8c4038a8-7cba-4d7d-b5b8-6b957ca722ad" />
      <TestMethod codeBase="D:\actions-runner\_work\XPCO\XPCO\SC\Components\RemoteViewer\SmartClient\tst\zSmartClient_UnitTest\bin\x64\Debug\net472\zSmartClient_UnitTest.dll" adapterTypeName="executor://mstestadapter/v2" className="SmartClient_UnitTest.VideoOS.RemoteClient.Application.Managers.OptionManagerTests" name="MergeOptionNodes_ShouldMergeOptionsFromOldKeyAndNewKey_WhenBothSettingsHaveOptionsAndEmptyNamespaceAddedToOptionsElement" />
    </UnitTest>
    <UnitTest name="PtzSessionControllerInfo_ReservedChangedTest_Different" storage="d:\actions-runner\_work\xpco\xpco\sc\components\remoteviewer\smartclient\tst\zsmartclient_unittest\bin\x64\debug\net472\zsmartclient_unittest.dll" id="831c9d38-b235-c32d-79f4-dc554e18bb06">
      <Execution id="99dfa790-b2fb-4a98-adfe-a81713d95532" />
      <TestMethod codeBase="D:\actions-runner\_work\XPCO\XPCO\SC\Components\RemoteViewer\SmartClient\tst\zSmartClient_UnitTest\bin\x64\Debug\net472\zSmartClient_UnitTest.dll" adapterTypeName="executor://mstestadapter/v2" className="VideoOS.RemoteClient.Application.Controllers.UnitTest.PtzSessionControllerTest" name="PtzSessionControllerInfo_ReservedChangedTest_Different" />
    </UnitTest>
    <UnitTest name="ConvertToNewLevel_OneLevelUp_Success" storage="d:\actions-runner\_work\xpco\xpco\sc\components\remoteviewer\smartclient\tst\zsmartclient_unittest\bin\x64\debug\net472\zsmartclient_unittest.dll" id="25e21b40-8b6b-75c0-de39-11c840b2c816">
      <TestCategory>
        <TestCategoryItem TestCategory="GisMapIndex" />
      </TestCategory>
      <Execution id="600a81d7-7e26-489d-a0d5-9ec30afb9395" />
      <TestMethod codeBase="D:\actions-runner\_work\XPCO\XPCO\SC\Components\RemoteViewer\SmartClient\tst\zSmartClient_UnitTest\bin\x64\Debug\net472\zSmartClient_UnitTest.dll" adapterTypeName="executor://mstestadapter/v2" className="SmartClient_UnitTest.VideoOS.RemoteClient.GisMapData.Common.Indexer.IndexGridExtentTest" name="ConvertToNewLevel_OneLevelUp_Success" />
    </UnitTest>
    <UnitTest name="Constructor_ShouldRaiseArgumentNullException_WhenHeadlinesIsNull" storage="d:\actions-runner\_work\xpco\xpco\sc\components\remoteviewer\smartclient\tst\zsmartclient_unittest\bin\x64\debug\net472\zsmartclient_unittest.dll" id="e16392e0-b74b-20a1-bfd8-cf04cd22dc42">
      <TestCategory>
        <TestCategoryItem TestCategory="GisMap.LayerVisibilityItemDataChildrenToggleItemDecoratorTests" />
      </TestCategory>
      <Execution id="fae5b850-14b1-4b16-aa09-0f84fe78caab" />
      <TestMethod codeBase="D:\actions-runner\_work\XPCO\XPCO\SC\Components\RemoteViewer\SmartClient\tst\zSmartClient_UnitTest\bin\x64\Debug\net472\zSmartClient_UnitTest.dll" adapterTypeName="executor://mstestadapter/v2" className="SmartClient_UnitTest.VideoOS.RemoteClient.Plugin.GisMap.ViewModels.LayersVisibility.Decorators.LayerVisibilityItemDataChildrenToggleItemDecoratorTests" name="Constructor_ShouldRaiseArgumentNullException_WhenHeadlinesIsNull" />
    </UnitTest>
    <UnitTest name="Deserialize_InvalidPluginIdElement_Error" storage="d:\actions-runner\_work\xpco\xpco\sc\components\remoteviewer\smartclient\tst\zsmartclient_unittest\bin\x64\debug\net472\zsmartclient_unittest.dll" id="9586cc92-f1bb-653a-bd17-70b79fb89f50">
      <TestCategory>
        <TestCategoryItem TestCategory="SearchSerialization" />
      </TestCategory>
      <Execution id="bac8661b-1c28-47b3-884b-5ef6209a9269" />
      <TestMethod codeBase="D:\actions-runner\_work\XPCO\XPCO\SC\Components\RemoteViewer\SmartClient\tst\zSmartClient_UnitTest\bin\x64\Debug\net472\zSmartClient_UnitTest.dll" adapterTypeName="executor://mstestadapter/v2" className="SmartClient_UnitTest.VideoOS.RemoteClient.Plugin.CentralizedSearch.Models.Serialization.SearchSerializerTests" name="Deserialize_InvalidPluginIdElement_Error" />
    </UnitTest>
    <UnitTest name="OnMarkerRightClicked_ShouldUseCrossTypeMenuItems_WhenNotInSetupModeAndMultipleItemsFromDifferentLayersIncludingAtLeastOneCameraAreSelected" storage="d:\actions-runner\_work\xpco\xpco\sc\components\remoteviewer\smartclient\tst\zsmartclient_unittest\bin\x64\debug\net472\zsmartclient_unittest.dll" id="cd8ebcc2-066f-cdc6-6883-57e1205bcf51">
      <TestCategory>
        <TestCategoryItem TestCategory="SmartMap.MapItemsOverlay" />
      </TestCategory>
      <Execution id="23533a3b-74a3-4f1c-9b8f-7ee71d234291" />
      <TestMethod codeBase="D:\actions-runner\_work\XPCO\XPCO\SC\Components\RemoteViewer\SmartClient\tst\zSmartClient_UnitTest\bin\x64\Debug\net472\zSmartClient_UnitTest.dll" adapterTypeName="executor://mstestadapter/v2" className="SmartClient_UnitTest.VideoOS.RemoteClient.Plugin.GisMap.ThinkGeoMap.SpecializedOverlays.Overlays.MapItemsOverlayTests" name="OnMarkerRightClicked_ShouldUseCrossTypeMenuItems_WhenNotInSetupModeAndMultipleItemsFromDifferentLayersIncludingAtLeastOneCameraAreSelected" />
    </UnitTest>
    <UnitTest name="PatrollingStepListViewModel_SelectedPatrollingStepViewModel" storage="d:\actions-runner\_work\xpco\xpco\sc\components\remoteviewer\smartclient\tst\zsmartclient_unittest\bin\x64\debug\net472\zsmartclient_unittest.dll" id="224208d0-b60c-0e1e-7362-af15735beb49">
      <Execution id="6346f781-72af-40ee-bfe0-9fa31a72e82c" />
      <TestMethod codeBase="D:\actions-runner\_work\XPCO\XPCO\SC\Components\RemoteViewer\SmartClient\tst\zSmartClient_UnitTest\bin\x64\Debug\net472\zSmartClient_UnitTest.dll" adapterTypeName="executor://mstestadapter/v2" className="SmartClient_UnitTest.VideoOS.RemoteClient.Application.UI.PtzPreset.PatrollingViewModel.PatrollingStepListViewModelTest" name="PatrollingStepListViewModel_SelectedPatrollingStepViewModel" />
    </UnitTest>
    <UnitTest name="LoadBoundingShapes_ShouldMergeBoundingShapes_WhenResultProvidesBoundingShapesAndMetadataObjects" storage="d:\actions-runner\_work\xpco\xpco\sc\components\remoteviewer\smartclient\tst\zsmartclient_unittest\bin\x64\debug\net472\zsmartclient_unittest.dll" id="e70bd816-d0ac-eace-44c7-520cb1bd1024">
      <Execution id="912c93c0-cf91-4e6a-bb28-8f770654acf1" />
      <TestMethod codeBase="D:\actions-runner\_work\XPCO\XPCO\SC\Components\RemoteViewer\SmartClient\tst\zSmartClient_UnitTest\bin\x64\Debug\net472\zSmartClient_UnitTest.dll" adapterTypeName="executor://mstestadapter/v2" className="SmartClient_UnitTest.VideoOS.RemoteClient.Plugin.CentralizedSearch.MIPPlugin.Results.VideoSearchResultUserControlTests" name="LoadBoundingShapes_ShouldMergeBoundingShapes_WhenResultProvidesBoundingShapesAndMetadataObjects" />
    </UnitTest>
    <UnitTest name="BeginTimeWithPadding_ShouldBeSetToValueOfSearchResult" storage="d:\actions-runner\_work\xpco\xpco\sc\components\remoteviewer\smartclient\tst\zsmartclient_unittest\bin\x64\debug\net472\zsmartclient_unittest.dll" id="2b698e66-74fb-6c00-069a-969a34e3db3a">
      <TestCategory>
        <TestCategoryItem TestCategory="Search.Wrappers" />
      </TestCategory>
      <Execution id="4df45b9a-e815-4e14-9f83-b249b1b7f144" />
      <TestMethod codeBase="D:\actions-runner\_work\XPCO\XPCO\SC\Components\RemoteViewer\SmartClient\tst\zSmartClient_UnitTest\bin\x64\Debug\net472\zSmartClient_UnitTest.dll" adapterTypeName="executor://mstestadapter/v2" className="SmartClient_UnitTest.VideoOS.RemoteClient.Plugin.CentralizedSearch.Models.Wrappers.SearchResultDataWrapperTests" name="BeginTimeWithPadding_ShouldBeSetToValueOfSearchResult" />
    </UnitTest>
    <UnitTest name="OnLoaded_NoUserControl_Success" storage="d:\actions-runner\_work\xpco\xpco\sc\components\remoteviewer\smartclient\tst\zsmartclient_unittest\bin\x64\debug\net472\zsmartclient_unittest.dll" id="45e90a7e-78c2-d92a-c93a-505afc46f1ab">
      <TestCategory>
        <TestCategoryItem TestCategory="Search" />
      </TestCategory>
      <Execution id="c52f9713-3668-43dd-bff3-643bdf420027" />
      <TestMethod codeBase="D:\actions-runner\_work\XPCO\XPCO\SC\Components\RemoteViewer\SmartClient\tst\zSmartClient_UnitTest\bin\x64\Debug\net472\zSmartClient_UnitTest.dll" adapterTypeName="executor://mstestadapter/v2" className="SmartClient_UnitTest.VideoOS.RemoteClient.Plugin.CentralizedSearch.Views.SearchResultContainerViewTests" name="OnLoaded_NoUserControl_Success" />
    </UnitTest>
    <UnitTest name="CreateDefinition_FireMultipleSearchResultsInMultipleEvents_SearchFinishedWithResults" storage="d:\actions-runner\_work\xpco\xpco\sc\components\remoteviewer\smartclient\tst\zsmartclient_unittest\bin\x64\debug\net472\zsmartclient_unittest.dll" id="0af4332b-024f-1289-6f42-007e21f2be10">
      <TestCategory>
        <TestCategoryItem TestCategory="SearchModels" />
      </TestCategory>
      <Execution id="56d30175-e287-4530-ae59-471f0ca172c5" />
      <TestMethod codeBase="D:\actions-runner\_work\XPCO\XPCO\SC\Components\RemoteViewer\SmartClient\tst\zSmartClient_UnitTest\bin\x64\Debug\net472\zSmartClient_UnitTest.dll" adapterTypeName="executor://mstestadapter/v2" className="SmartClient_UnitTest.VideoOS.RemoteClient.Plugin.CentralizedSearch.Models.SearchModelTests" name="CreateDefinition_FireMultipleSearchResultsInMultipleEvents_SearchFinishedWithResults" />
    </UnitTest>
    <UnitTest name="DeleteSearchTemplateAsync_ThrowException_Success" storage="d:\actions-runner\_work\xpco\xpco\sc\components\remoteviewer\smartclient\tst\zsmartclient_unittest\bin\x64\debug\net472\zsmartclient_unittest.dll" id="88368492-ab90-c1cc-ed53-9c30bffbee67">
      <TestCategory>
        <TestCategoryItem TestCategory="SearchTemplatesService" />
      </TestCategory>
      <Execution id="08fdcf22-726b-47a9-8c9b-f47c80b0763f" />
      <TestMethod codeBase="D:\actions-runner\_work\XPCO\XPCO\SC\Components\RemoteViewer\SmartClient\tst\zSmartClient_UnitTest\bin\x64\Debug\net472\zSmartClient_UnitTest.dll" adapterTypeName="executor://mstestadapter/v2" className="SmartClient_UnitTest.VideoOS.RemoteClient.Plugin.CentralizedSearch.SearchTemplates.Service.SearchTemplateServiceTests" name="DeleteSearchTemplateAsync_ThrowException_Success" />
    </UnitTest>
    <UnitTest name="SmartMapGoToAreaHandler_WhenDataIsInvalid_ShouldWriteToLog" storage="d:\actions-runner\_work\xpco\xpco\sc\components\remoteviewer\smartclient\tst\zsmartclient_unittest\bin\x64\debug\net472\zsmartclient_unittest.dll" id="7bad54ac-e807-b7de-c086-e2462b8bfb21">
      <Execution id="8b98ad1d-9586-42ee-b74d-215f3a67e794" />
      <TestMethod codeBase="D:\actions-runner\_work\XPCO\XPCO\SC\Components\RemoteViewer\SmartClient\tst\zSmartClient_UnitTest\bin\x64\Debug\net472\zSmartClient_UnitTest.dll" adapterTypeName="executor://mstestadapter/v2" className="SmartClient_UnitTest.VideoOS.RemoteClient.Plugin.GisMap.MIP.ContentHolderMipMessageManagerTests" name="SmartMapGoToAreaHandler_WhenDataIsInvalid_ShouldWriteToLog" />
    </UnitTest>
    <UnitTest name="UpgradeToOAuth_ShouldUpgradeToSecureOAuth_WhenRequested" storage="d:\actions-runner\_work\xpco\xpco\sc\components\remoteviewer\smartclient\tst\zsmartclient_unittest\bin\x64\debug\net472\zsmartclient_unittest.dll" id="da581dbd-fdf9-2018-b5c2-8286b59a8ac1">
      <TestCategory>
        <TestCategoryItem TestCategory="Authentication.ClientCredentials" />
      </TestCategory>
      <Execution id="97b041ba-aafe-4e34-9a88-7ef73cb699a3" />
      <TestMethod codeBase="D:\actions-runner\_work\XPCO\XPCO\SC\Components\RemoteViewer\SmartClient\tst\zSmartClient_UnitTest\bin\x64\Debug\net472\zSmartClient_UnitTest.dll" adapterTypeName="executor://mstestadapter/v2" className="SmartClient_UnitTest.VideoOS.Shared.ServerAPI.ClientCredentialsTest" name="UpgradeToOAuth_ShouldUpgradeToSecureOAuth_WhenRequested" />
    </UnitTest>
    <UnitTest name="RemoveWorkroom_ShouldChangeSelectionToPreviousWorkroom_WhenSelectedWorkroomIsRemovedAndThereIsNoNextWorkroom" storage="d:\actions-runner\_work\xpco\xpco\sc\components\remoteviewer\smartclient\tst\zsmartclient_unittest\bin\x64\debug\net472\zsmartclient_unittest.dll" id="3396378a-9ca0-08c0-5632-b84c1a5adbad">
      <TestCategory>
        <TestCategoryItem TestCategory="WorkroomController" />
      </TestCategory>
      <Execution id="a7cebe36-aaeb-4f50-9f75-b94a7d6d4228" />
      <TestMethod codeBase="D:\actions-runner\_work\XPCO\XPCO\SC\Components\RemoteViewer\SmartClient\tst\zSmartClient_UnitTest\bin\x64\Debug\net472\zSmartClient_UnitTest.dll" adapterTypeName="executor://mstestadapter/v2" className="SmartClient_UnitTest.VideoOS.RemoteClient.Application.Controllers.WorkroomController.WorkroomControllerBaseTest" name="RemoveWorkroom_ShouldChangeSelectionToPreviousWorkroom_WhenSelectedWorkroomIsRemovedAndThereIsNoNextWorkroom" />
    </UnitTest>
    <UnitTest name="GetServers_ShouldReturnCorrectServerByIdsTest" storage="d:\actions-runner\_work\xpco\xpco\sc\components\remoteviewer\smartclient\tst\zsmartclient_unittest\bin\x64\debug\net472\zsmartclient_unittest.dll" id="6f067ff4-f915-05c2-a0a4-f5e23793ba9b">
      <Execution id="128b4bc4-8c27-49bd-a673-8f70b76d2bdc" />
      <TestMethod codeBase="D:\actions-runner\_work\XPCO\XPCO\SC\Components\RemoteViewer\SmartClient\tst\zSmartClient_UnitTest\bin\x64\Debug\net472\zSmartClient_UnitTest.dll" adapterTypeName="executor://mstestadapter/v2" className="SmartClient_UnitTest.VideoOS.RemoteClient.Application.Data.ContentTypes.ReportingContentType.DashboardDetailsProviderTest" name="GetServers_ShouldReturnCorrectServerByIdsTest" />
    </UnitTest>
    <UnitTest name="AddToExportTuples_ShouldReturnCorrectResult (1,0,1)" storage="d:\actions-runner\_work\xpco\xpco\sc\components\remoteviewer\smartclient\tst\zsmartclient_unittest\bin\x64\debug\net472\zsmartclient_unittest.dll" id="abe5f6e4-096b-0a4b-7a9e-2ac4821bca20">
      <TestCategory>
        <TestCategoryItem TestCategory="Managers" />
      </TestCategory>
      <Execution id="ccf952ce-8fb3-487a-b4da-52a7851f96bc" />
      <TestMethod codeBase="D:\actions-runner\_work\XPCO\XPCO\SC\Components\RemoteViewer\SmartClient\tst\zSmartClient_UnitTest\bin\x64\Debug\net472\zSmartClient_UnitTest.dll" adapterTypeName="executor://mstestadapter/v2" className="SmartClient_UnitTest.VideoOS.RemoteClient.Application.Managers.ExportManagerTests" name="AddToExportTuples_ShouldReturnCorrectResult" />
    </UnitTest>
    <UnitTest name="DeviceIcons_ShouldReturnIconsInAProperOrder_WhenCalled" storage="d:\actions-runner\_work\xpco\xpco\sc\components\remoteviewer\smartclient\tst\zsmartclient_unittest\bin\x64\debug\net472\zsmartclient_unittest.dll" id="c6aa84d9-56b3-333b-31b6-309528e6353e">
      <TestCategory>
        <TestCategoryItem TestCategory="GisMapData.OutputOemResourcesProviderTests" />
      </TestCategory>
      <Execution id="f769b895-35a1-464d-833c-8f92261ca7b0" />
      <TestMethod codeBase="D:\actions-runner\_work\XPCO\XPCO\SC\Components\RemoteViewer\SmartClient\tst\zSmartClient_UnitTest\bin\x64\Debug\net472\zSmartClient_UnitTest.dll" adapterTypeName="executor://mstestadapter/v2" className="SmartClient_UnitTest.VideoOS.RemoteClient.GisMapData.Resources.OutputOemResourcesProviderTests" name="DeviceIcons_ShouldReturnIconsInAProperOrder_WhenCalled" />
    </UnitTest>
    <UnitTest name="TryGetOsmServerTileAddress_ShouldSetEmptyAddress_WhenOsmServerAddressIsInvalid" storage="d:\actions-runner\_work\xpco\xpco\sc\components\remoteviewer\smartclient\tst\zsmartclient_unittest\bin\x64\debug\net472\zsmartclient_unittest.dll" id="87d4d6f3-e417-2505-d5bd-2afd34871ea6">
      <TestCategory>
        <TestCategoryItem TestCategory="GisMapData.Controllers.Osm" />
      </TestCategory>
      <Execution id="e6a32458-2f0e-4842-a6f3-f905f96cd26e" />
      <TestMethod codeBase="D:\actions-runner\_work\XPCO\XPCO\SC\Components\RemoteViewer\SmartClient\tst\zSmartClient_UnitTest\bin\x64\Debug\net472\zSmartClient_UnitTest.dll" adapterTypeName="executor://mstestadapter/v2" className="SmartClient_UnitTest.VideoOS.RemoteClient.GisMapData.Controllers.Osm.GisMapOsmControllerTests" name="TryGetOsmServerTileAddress_ShouldSetEmptyAddress_WhenOsmServerAddressIsInvalid" />
    </UnitTest>
    <UnitTest name="Constructor_ShouldThrowAnException_WhenWorkspaceToolbarPluginIsNull" storage="d:\actions-runner\_work\xpco\xpco\sc\components\remoteviewer\smartclient\tst\zsmartclient_unittest\bin\x64\debug\net472\zsmartclient_unittest.dll" id="e0ca0f50-e0fe-3af6-65f6-228d57aa9d13">
      <TestCategory>
        <TestCategoryItem TestCategory="WorkspaceToolbar" />
      </TestCategory>
      <Execution id="651d88ff-b061-45f4-9e50-a8e287ba2e22" />
      <TestMethod codeBase="D:\actions-runner\_work\XPCO\XPCO\SC\Components\RemoteViewer\SmartClient\tst\zSmartClient_UnitTest\bin\x64\Debug\net472\zSmartClient_UnitTest.dll" adapterTypeName="executor://mstestadapter/v2" className="SmartClient_UnitTest.VideoOS.RemoteClient.Application.Data.WorkspaceToolbar.WorkspaceToolbarItemMipPluginTests" name="Constructor_ShouldThrowAnException_WhenWorkspaceToolbarPluginIsNull" />
    </UnitTest>
    <UnitTest name="TrySelectAvailableExportNameTest_ShouldReturnValidationResultOk_WhenEverythingIsOk" storage="d:\actions-runner\_work\xpco\xpco\sc\components\remoteviewer\smartclient\tst\zsmartclient_unittest\bin\x64\debug\net472\zsmartclient_unittest.dll" id="2a89a08d-dc4f-9b66-c54a-43d74ab324c2">
      <Execution id="87d915ad-a21d-4f73-8422-ee9daee10c36" />
      <TestMethod codeBase="D:\actions-runner\_work\XPCO\XPCO\SC\Components\RemoteViewer\SmartClient\tst\zSmartClient_UnitTest\bin\x64\Debug\net472\zSmartClient_UnitTest.dll" adapterTypeName="executor://mstestadapter/v2" className="SmartClient_UnitTest.VideoOS.RemoteClient.Application.Data.Export.ExportDataHelperTests" name="TrySelectAvailableExportNameTest_ShouldReturnValidationResultOk_WhenEverythingIsOk" />
    </UnitTest>
    <UnitTest name="BookmarkSearchTime_WithSearchStringInDifferentCases_ReturnCorrectBookmarkWithSearchStringInDescription (SeArChStRiNg,True,False,False,True,,,0)" storage="d:\actions-runner\_work\xpco\xpco\sc\components\remoteviewer\smartclient\tst\zsmartclient_unittest\bin\x64\debug\net472\zsmartclient_unittest.dll" id="96fc4cfc-b0cb-85d1-dba2-d547b6f8865a">
      <Execution id="0da9a21c-f947-4629-a982-791de6d774f7" />
      <TestMethod codeBase="D:\actions-runner\_work\XPCO\XPCO\SC\Components\RemoteViewer\SmartClient\tst\zSmartClient_UnitTest\bin\x64\Debug\net472\zSmartClient_UnitTest.dll" adapterTypeName="executor://mstestadapter/v2" className="SmartClient_UnitTest.VideoOS.RemoteClient.Application.Data.Offline.UnitTest.BookmarkExportReaderTest" name="BookmarkSearchTime_WithSearchStringInDifferentCases_ReturnCorrectBookmarkWithSearchStringInDescription" />
    </UnitTest>
    <UnitTest name="GetItemsIn_BuildingNoLevelsNotIndexed_NoException" storage="d:\actions-runner\_work\xpco\xpco\sc\components\remoteviewer\smartclient\tst\zsmartclient_unittest\bin\x64\debug\net472\zsmartclient_unittest.dll" id="9a1e0638-3454-96aa-be92-9d9c7a4bfa39">
      <TestCategory>
        <TestCategoryItem TestCategory="GisMapIndex" />
      </TestCategory>
      <Execution id="35ac0442-ed13-4f04-bc81-cd6f12463968" />
      <TestMethod codeBase="D:\actions-runner\_work\XPCO\XPCO\SC\Components\RemoteViewer\SmartClient\tst\zSmartClient_UnitTest\bin\x64\Debug\net472\zSmartClient_UnitTest.dll" adapterTypeName="executor://mstestadapter/v2" className="SmartClient_UnitTest.VideoOS.RemoteClient.GisMapData.Common.Indexer.BuildingsAwareIndexerTests" name="GetItemsIn_BuildingNoLevelsNotIndexed_NoException" />
    </UnitTest>
    <UnitTest name="ResultCountText_SeveralResults_Success" storage="d:\actions-runner\_work\xpco\xpco\sc\components\remoteviewer\smartclient\tst\zsmartclient_unittest\bin\x64\debug\net472\zsmartclient_unittest.dll" id="f7bcbf5e-0012-a0f0-d3f0-82ca6b14f5dd">
      <TestCategory>
        <TestCategoryItem TestCategory="SearchResultViewModels" />
      </TestCategory>
      <Execution id="5dfdd7e7-660e-4c66-93e5-9fe9c18a1b04" />
      <TestMethod codeBase="D:\actions-runner\_work\XPCO\XPCO\SC\Components\RemoteViewer\SmartClient\tst\zSmartClient_UnitTest\bin\x64\Debug\net472\zSmartClient_UnitTest.dll" adapterTypeName="executor://mstestadapter/v2" className="SmartClient_UnitTest.VideoOS.RemoteClient.Plugin.CentralizedSearch.ViewModels.SearchResultsViewModelTest" name="ResultCountText_SeveralResults_Success" />
    </UnitTest>
    <UnitTest name="SetSelectedDuration_CustomInterval_CustomIntervalOpenSet" storage="d:\actions-runner\_work\xpco\xpco\sc\components\remoteviewer\smartclient\tst\zsmartclient_unittest\bin\x64\debug\net472\zsmartclient_unittest.dll" id="2e1f1a04-832c-f244-dd8a-e5aa199150f1">
      <TestCategory>
        <TestCategoryItem TestCategory="SearchViewModels" />
      </TestCategory>
      <Execution id="ef6f2559-56a8-4194-b6cd-1afd747b099a" />
      <TestMethod codeBase="D:\actions-runner\_work\XPCO\XPCO\SC\Components\RemoteViewer\SmartClient\tst\zSmartClient_UnitTest\bin\x64\Debug\net472\zSmartClient_UnitTest.dll" adapterTypeName="executor://mstestadapter/v2" className="SmartClient_UnitTest.VideoOS.RemoteClient.Plugin.CentralizedSearch.ViewModels.SearchViewModelTests" name="SetSelectedDuration_CustomInterval_CustomIntervalOpenSet" />
    </UnitTest>
    <UnitTest name="GetCameraTypes_ShouldReturnCameraGroupType" storage="d:\actions-runner\_work\xpco\xpco\sc\components\remoteviewer\smartclient\tst\zsmartclient_unittest\bin\x64\debug\net472\zsmartclient_unittest.dll" id="c6c12d45-27fb-4bdb-9c70-a3598bb5e949">
      <Execution id="61cadbae-cde0-4bf5-ba0b-e159f13c5e5c" />
      <TestMethod codeBase="D:\actions-runner\_work\XPCO\XPCO\SC\Components\RemoteViewer\SmartClient\tst\zSmartClient_UnitTest\bin\x64\Debug\net472\zSmartClient_UnitTest.dll" adapterTypeName="executor://mstestadapter/v2" className="SmartClient_UnitTest.VideoOS.RemoteClient.Application.Data.ContentTypes.ReportingContentType.DashboardExtentionsTest" name="GetCameraTypes_ShouldReturnCameraGroupType" />
    </UnitTest>
    <UnitTest name="TestForAssemblyCoverage" storage="d:\actions-runner\_work\xpco\xpco\sc\components\remoteviewer\smartclient\tst\zsmartclient_unittest\bin\x64\debug\net472\zsmartclient_unittest.dll" id="174bdb8c-ca63-6d38-8008-0e1813915a8c">
      <Execution id="45fa3c82-9b61-4f22-9da1-ab5e8c11a19a" />
      <TestMethod codeBase="D:\actions-runner\_work\XPCO\XPCO\SC\Components\RemoteViewer\SmartClient\tst\zSmartClient_UnitTest\bin\x64\Debug\net472\zSmartClient_UnitTest.dll" adapterTypeName="executor://mstestadapter/v2" className="SmartClient_UnitTest.VideoOS.RemoteClient.Plugin.Map.UnitTest1" name="TestForAssemblyCoverage" />
    </UnitTest>
    <UnitTest name="DetermineUserAllowsUnsecureConnection_WhereUserIsAskedAndUnsecureIsNotAllow_ShouldReturnFalse" storage="d:\actions-runner\_work\xpco\xpco\sc\components\remoteviewer\smartclient\tst\zsmartclient_unittest\bin\x64\debug\net472\zsmartclient_unittest.dll" id="17b36dbd-a0b1-7dd9-4d17-df2b3239cefc">
      <Execution id="96139f8a-200e-4aa7-aa27-a95a66f2d13c" />
      <TestMethod codeBase="D:\actions-runner\_work\XPCO\XPCO\SC\Components\RemoteViewer\SmartClient\tst\zSmartClient_UnitTest\bin\x64\Debug\net472\zSmartClient_UnitTest.dll" adapterTypeName="executor://mstestadapter/v2" className="VideoOS.RemoteClient.Application.Managers.UnitTest.AllowUnsecureConnectionManagerTests" name="DetermineUserAllowsUnsecureConnection_WhereUserIsAskedAndUnsecureIsNotAllow_ShouldReturnFalse" />
    </UnitTest>
    <UnitTest name="MoveToTop_ShouldMoveMarkerTopmost_WhenNotAlreadyTopmost" storage="d:\actions-runner\_work\xpco\xpco\sc\components\remoteviewer\smartclient\tst\zsmartclient_unittest\bin\x64\debug\net472\zsmartclient_unittest.dll" id="45426788-53bd-fdd6-9e67-f15e7f5b5490">
      <TestCategory>
        <TestCategoryItem TestCategory="SmartMap.MapItemsOverlay" />
      </TestCategory>
      <Execution id="9571e1e5-4b2d-40bf-8ec3-fa8375d4e5fa" />
      <TestMethod codeBase="D:\actions-runner\_work\XPCO\XPCO\SC\Components\RemoteViewer\SmartClient\tst\zSmartClient_UnitTest\bin\x64\Debug\net472\zSmartClient_UnitTest.dll" adapterTypeName="executor://mstestadapter/v2" className="SmartClient_UnitTest.VideoOS.RemoteClient.Plugin.GisMap.ThinkGeoMap.SpecializedOverlays.Overlays.MapItemsOverlayTests" name="MoveToTop_ShouldMoveMarkerTopmost_WhenNotAlreadyTopmost" />
    </UnitTest>
    <UnitTest name="InitializeTokenException_ShouldReturnTokenException_ForValidTokenErrors" storage="d:\actions-runner\_work\xpco\xpco\sc\components\remoteviewer\smartclient\tst\zsmartclient_unittest\bin\x64\debug\net472\zsmartclient_unittest.dll" id="22f81f95-90ca-baa7-300b-797405eeaf34">
      <TestCategory>
        <TestCategoryItem TestCategory="ServerCommandController.IDPToken" />
      </TestCategory>
      <Execution id="7298d679-c49b-40ff-977d-a0ac6a4f561a" />
      <TestMethod codeBase="D:\actions-runner\_work\XPCO\XPCO\SC\Components\RemoteViewer\SmartClient\tst\zSmartClient_UnitTest\bin\x64\Debug\net472\zSmartClient_UnitTest.dll" adapterTypeName="executor://mstestadapter/v2" className="SmartClient_UnitTest.VideoOS.RemoteClient.Application.Controllers.TokenExceptionsConverterTests" name="InitializeTokenException_ShouldReturnTokenException_ForValidTokenErrors" />
    </UnitTest>
    <UnitTest name="PopulateTooltip_ManyResultsFromSingleCamera12Hours_ValidText" storage="d:\actions-runner\_work\xpco\xpco\sc\components\remoteviewer\smartclient\tst\zsmartclient_unittest\bin\x64\debug\net472\zsmartclient_unittest.dll" id="5fef5e10-fc69-5d3e-4101-c050ab62c33a">
      <TestCategory>
        <TestCategoryItem TestCategory="SearchControls" />
      </TestCategory>
      <Execution id="98e573c8-cf94-4002-b2ee-03b5ef7b8af8" />
      <TestMethod codeBase="D:\actions-runner\_work\XPCO\XPCO\SC\Components\RemoteViewer\SmartClient\tst\zSmartClient_UnitTest\bin\x64\Debug\net472\zSmartClient_UnitTest.dll" adapterTypeName="executor://mstestadapter/v2" className="SmartClient_UnitTest.VideoOS.RemoteClient.Plugin.CentralizedSearch.Views.Controls.TimelineRuler.TimelineRulerControlTests" name="PopulateTooltip_ManyResultsFromSingleCamera12Hours_ValidText" />
    </UnitTest>
    <UnitTest name="Passwords are the same" storage="d:\actions-runner\_work\xpco\xpco\sc\components\remoteviewer\smartclient\tst\zsmartclient_unittest\bin\x64\debug\net472\zsmartclient_unittest.dll" id="d099ba8f-3bb5-6902-b93b-2d0bd66877da">
      <TestCategory>
        <TestCategoryItem TestCategory="Export" />
      </TestCategory>
      <Execution id="9f436c0c-ecc3-41df-954c-b2e6991f1869" />
      <TestMethod codeBase="D:\actions-runner\_work\XPCO\XPCO\SC\Components\RemoteViewer\SmartClient\tst\zSmartClient_UnitTest\bin\x64\Debug\net472\zSmartClient_UnitTest.dll" adapterTypeName="executor://mstestadapter/v2" className="SmartClient_UnitTest.VideoOS.RemoteClient.Plugin.Export.PasswordDialogViewModelTests" name="SettingPassword1AndPassword2_ShouldSetIsPassword2Valid" />
    </UnitTest>
    <UnitTest name="UpdateSearchTemplateAsync_Fails_Success" storage="d:\actions-runner\_work\xpco\xpco\sc\components\remoteviewer\smartclient\tst\zsmartclient_unittest\bin\x64\debug\net472\zsmartclient_unittest.dll" id="9c84fcaa-119c-eb3e-55a7-125cbe865eba">
      <TestCategory>
        <TestCategoryItem TestCategory="SearchTemplates" />
      </TestCategory>
      <Execution id="5cecbea5-9fb6-46f5-8d79-923c036d4648" />
      <TestMethod codeBase="D:\actions-runner\_work\XPCO\XPCO\SC\Components\RemoteViewer\SmartClient\tst\zSmartClient_UnitTest\bin\x64\Debug\net472\zSmartClient_UnitTest.dll" adapterTypeName="executor://mstestadapter/v2" className="SmartClient_UnitTest.VideoOS.RemoteClient.Plugin.CentralizedSearch.SearchTemplates.SearchTemplateManagerTests" name="UpdateSearchTemplateAsync_Fails_Success" />
    </UnitTest>
    <UnitTest name="TestConstructor_viewSelectionSetterIsNull_FailWithArgumentNullException" storage="d:\actions-runner\_work\xpco\xpco\sc\components\remoteviewer\smartclient\tst\zsmartclient_unittest\bin\x64\debug\net472\zsmartclient_unittest.dll" id="81128042-c745-b3dd-d6e9-cc3789c8a026">
      <TestCategory>
        <TestCategoryItem TestCategory="WorkroomController" />
      </TestCategory>
      <Execution id="bd90cc59-3b12-46e5-b116-7a17a737e2e2" />
      <TestMethod codeBase="D:\actions-runner\_work\XPCO\XPCO\SC\Components\RemoteViewer\SmartClient\tst\zSmartClient_UnitTest\bin\x64\Debug\net472\zSmartClient_UnitTest.dll" adapterTypeName="executor://mstestadapter/v2" className="VideoOS.RemoteClient.Application.Controllers.WorkroomController.UnitTest.TabWorkroomControllerTest" name="TestConstructor_viewSelectionSetterIsNull_FailWithArgumentNullException" />
    </UnitTest>
    <UnitTest name="CreateSearchAttributeEditControl_UnmappedConfiguration_ReturnsNull" storage="d:\actions-runner\_work\xpco\xpco\sc\components\remoteviewer\smartclient\tst\zsmartclient_unittest\bin\x64\debug\net472\zsmartclient_unittest.dll" id="1cdbc1c1-e214-17d8-9ab0-1390398a8948">
      <TestCategory>
        <TestCategoryItem TestCategory="Search" />
      </TestCategory>
      <Execution id="2cd4270d-01b9-4703-8acd-4a6e5cc9b3ac" />
      <TestMethod codeBase="D:\actions-runner\_work\XPCO\XPCO\SC\Components\RemoteViewer\SmartClient\tst\zSmartClient_UnitTest\bin\x64\Debug\net472\zSmartClient_UnitTest.dll" adapterTypeName="executor://mstestadapter/v2" className="SmartClient_UnitTest.VideoOS.RemoteClient.Plugin.CentralizedSearch.MIPPlugin.ScSearchUserControlPluginTest" name="CreateSearchAttributeEditControl_UnmappedConfiguration_ReturnsNull" />
    </UnitTest>
    <UnitTest name="Compare_NullVsNull_Equals" storage="d:\actions-runner\_work\xpco\xpco\sc\components\remoteviewer\smartclient\tst\zsmartclient_unittest\bin\x64\debug\net472\zsmartclient_unittest.dll" id="cbd28a6e-603b-cdc1-8dd3-9bb5df99a9b4">
      <TestCategory>
        <TestCategoryItem TestCategory="SearchComparers" />
      </TestCategory>
      <Execution id="3d73488b-0c26-4c3b-bc85-53f891da8915" />
      <TestMethod codeBase="D:\actions-runner\_work\XPCO\XPCO\SC\Components\RemoteViewer\SmartClient\tst\zSmartClient_UnitTest\bin\x64\Debug\net472\zSmartClient_UnitTest.dll" adapterTypeName="executor://mstestadapter/v2" className="SmartClient_UnitTest.VideoOS.RemoteClient.Plugin.CentralizedSearch.Models.Wrappers.Comparers.TriggerTimeComparerTests" name="Compare_NullVsNull_Equals" />
    </UnitTest>
    <UnitTest name="PerformAction_ExceptionHandled" storage="d:\actions-runner\_work\xpco\xpco\sc\components\remoteviewer\smartclient\tst\zsmartclient_unittest\bin\x64\debug\net472\zsmartclient_unittest.dll" id="671ee35e-217f-e976-440a-afae3aff818a">
      <TestCategory>
        <TestCategoryItem TestCategory="MipItemsRetriever" />
      </TestCategory>
      <Execution id="e89b81bc-a8a5-4a43-a8e9-4d55e523a091" />
      <TestMethod codeBase="D:\actions-runner\_work\XPCO\XPCO\SC\Components\RemoteViewer\SmartClient\tst\zSmartClient_UnitTest\bin\x64\Debug\net472\zSmartClient_UnitTest.dll" adapterTypeName="executor://mstestadapter/v2" className="SmartClient_UnitTest.VideoOS.RemoteClient.Plugin.GisMap.MIP.MipItemActionsCommunicatorTests" name="PerformAction_ExceptionHandled" />
    </UnitTest>
    <UnitTest name="IsProductionEnvironment_ShouldReturnFalse_WhenSystemLicenseIsNull" storage="d:\actions-runner\_work\xpco\xpco\sc\components\remoteviewer\smartclient\tst\zsmartclient_unittest\bin\x64\debug\net472\zsmartclient_unittest.dll" id="03b9d988-af55-c02a-fb0b-6c811350a612">
      <Execution id="d2ad2751-94dc-4aa2-bc02-b09d1941ca53" />
      <TestMethod codeBase="D:\actions-runner\_work\XPCO\XPCO\SC\Components\RemoteViewer\SmartClient\tst\zSmartClient_UnitTest\bin\x64\Debug\net472\zSmartClient_UnitTest.dll" adapterTypeName="executor://mstestadapter/v2" className="SmartClient_UnitTest.VideoOS.RemoteClient.Application.Common.Telemetry.TelemetryKeyProviderTests" name="IsProductionEnvironment_ShouldReturnFalse_WhenSystemLicenseIsNull" />
    </UnitTest>
    <UnitTest name="Compare_NotNullVsNull_LessThan" storage="d:\actions-runner\_work\xpco\xpco\sc\components\remoteviewer\smartclient\tst\zsmartclient_unittest\bin\x64\debug\net472\zsmartclient_unittest.dll" id="b0e999aa-6f2d-cdfd-39f2-77fd8d2611be">
      <TestCategory>
        <TestCategoryItem TestCategory="SearchComparers" />
      </TestCategory>
      <Execution id="78ca784e-230c-495a-8f9d-9fbcfda22e8f" />
      <TestMethod codeBase="D:\actions-runner\_work\XPCO\XPCO\SC\Components\RemoteViewer\SmartClient\tst\zSmartClient_UnitTest\bin\x64\Debug\net472\zSmartClient_UnitTest.dll" adapterTypeName="executor://mstestadapter/v2" className="SmartClient_UnitTest.VideoOS.RemoteClient.Plugin.CentralizedSearch.Models.Wrappers.Comparers.BeginTimeWithPaddingComparerTests" name="Compare_NotNullVsNull_LessThan" />
    </UnitTest>
    <UnitTest name="ActionBarPluginsEnabled_TwoPluginsWithDifferentOverflowModes_OnePluginButtonPresentInActionBarAndOnePresentInOverflowMenu" storage="d:\actions-runner\_work\xpco\xpco\sc\components\remoteviewer\smartclient\tst\zsmartclient_unittest\bin\x64\debug\net472\zsmartclient_unittest.dll" id="e5776fdb-2ce3-71cf-fd30-74705513040a">
      <TestCategory>
        <TestCategoryItem TestCategory="SearchViews" />
      </TestCategory>
      <Execution id="56c3495c-1029-4e6b-9a45-476e9ce4f76a" />
      <TestMethod codeBase="D:\actions-runner\_work\XPCO\XPCO\SC\Components\RemoteViewer\SmartClient\tst\zSmartClient_UnitTest\bin\x64\Debug\net472\zSmartClient_UnitTest.dll" adapterTypeName="executor://mstestadapter/v2" className="SmartClient_UnitTest.VideoOS.RemoteClient.Plugin.CentralizedSearch.Views.SearchResultActionBarViewTests" name="ActionBarPluginsEnabled_TwoPluginsWithDifferentOverflowModes_OnePluginButtonPresentInActionBarAndOnePresentInOverflowMenu" />
    </UnitTest>
    <UnitTest name="Serialize_ToTimeOnly_Success" storage="d:\actions-runner\_work\xpco\xpco\sc\components\remoteviewer\smartclient\tst\zsmartclient_unittest\bin\x64\debug\net472\zsmartclient_unittest.dll" id="8b0909b5-769b-12ea-d91a-88a0ad4a6e48">
      <TestCategory>
        <TestCategoryItem TestCategory="SearchSerialization" />
      </TestCategory>
      <Execution id="2204cde3-8d0f-4714-affb-507e0ee096f2" />
      <TestMethod codeBase="D:\actions-runner\_work\XPCO\XPCO\SC\Components\RemoteViewer\SmartClient\tst\zSmartClient_UnitTest\bin\x64\Debug\net472\zSmartClient_UnitTest.dll" adapterTypeName="executor://mstestadapter/v2" className="SmartClient_UnitTest.VideoOS.RemoteClient.Plugin.CentralizedSearch.Models.Serialization.SearchSerializerTests" name="Serialize_ToTimeOnly_Success" />
    </UnitTest>
    <UnitTest name="LoadBoundingShapes_Cancelled_NoBoundingShapesAddedToUI" storage="d:\actions-runner\_work\xpco\xpco\sc\components\remoteviewer\smartclient\tst\zsmartclient_unittest\bin\x64\debug\net472\zsmartclient_unittest.dll" id="3d5c9967-0460-2f6a-3450-76146b434884">
      <Execution id="c79e80cf-3f54-4090-b9f4-ccf65300ac7f" />
      <TestMethod codeBase="D:\actions-runner\_work\XPCO\XPCO\SC\Components\RemoteViewer\SmartClient\tst\zSmartClient_UnitTest\bin\x64\Debug\net472\zSmartClient_UnitTest.dll" adapterTypeName="executor://mstestadapter/v2" className="SmartClient_UnitTest.VideoOS.RemoteClient.Plugin.CentralizedSearch.MIPPlugin.Results.VideoSearchResultUserControlTests" name="LoadBoundingShapes_Cancelled_NoBoundingShapesAddedToUI" />
    </UnitTest>
    <UnitTest name="HandleGetLayerFeatures_ShouldRaiseArgumentException_WhenNotMicrophoneKind" storage="d:\actions-runner\_work\xpco\xpco\sc\components\remoteviewer\smartclient\tst\zsmartclient_unittest\bin\x64\debug\net472\zsmartclient_unittest.dll" id="37dfb702-000b-b79c-bfb4-f3293626a799">
      <TestCategory>
        <TestCategoryItem TestCategory="GisMapData.Handlers.LayerFeatures" />
      </TestCategory>
      <Execution id="3222d3ba-cf96-4382-a470-7a81e17685a1" />
      <TestMethod codeBase="D:\actions-runner\_work\XPCO\XPCO\SC\Components\RemoteViewer\SmartClient\tst\zSmartClient_UnitTest\bin\x64\Debug\net472\zSmartClient_UnitTest.dll" adapterTypeName="executor://mstestadapter/v2" className="SmartClient_UnitTest.VideoOS.RemoteClient.GisMapData.Handlers.LayerFeatures.MicrophoneLayerFeaturesHandlerTests" name="HandleGetLayerFeatures_ShouldRaiseArgumentException_WhenNotMicrophoneKind" />
    </UnitTest>
    <UnitTest name="OutputMapItem_Delete_Success" storage="d:\actions-runner\_work\xpco\xpco\sc\components\remoteviewer\smartclient\tst\zsmartclient_unittest\bin\x64\debug\net472\zsmartclient_unittest.dll" id="8911612a-a11f-ae1d-ffaf-716d141c41ca">
      <TestCategory>
        <TestCategoryItem TestCategory="GisMapData.MapItem.Outputs" />
      </TestCategory>
      <Execution id="880489c1-747d-4bbf-ac43-85418cb78777" />
      <TestMethod codeBase="D:\actions-runner\_work\XPCO\XPCO\SC\Components\RemoteViewer\SmartClient\tst\zSmartClient_UnitTest\bin\x64\Debug\net472\zSmartClient_UnitTest.dll" adapterTypeName="executor://mstestadapter/v2" className="SmartClient_UnitTest.VideoOS.RemoteClient.GisMapData.MapItem.Outputs.OutputMapItemTests" name="OutputMapItem_Delete_Success" />
    </UnitTest>
    <UnitTest name="Deserialize_RelativeScopeDurationAndFromToValues_ToAndFromValuesIgnored" storage="d:\actions-runner\_work\xpco\xpco\sc\components\remoteviewer\smartclient\tst\zsmartclient_unittest\bin\x64\debug\net472\zsmartclient_unittest.dll" id="13b2a1dd-d764-6ad5-a674-3e86cc761e8a">
      <TestCategory>
        <TestCategoryItem TestCategory="SearchModels" />
      </TestCategory>
      <Execution id="5ec2d9cc-974b-467f-b296-1b079a2f7f4a" />
      <TestMethod codeBase="D:\actions-runner\_work\XPCO\XPCO\SC\Components\RemoteViewer\SmartClient\tst\zSmartClient_UnitTest\bin\x64\Debug\net472\zSmartClient_UnitTest.dll" adapterTypeName="executor://mstestadapter/v2" className="SmartClient_UnitTest.VideoOS.RemoteClient.Plugin.CentralizedSearch.Models.SearchModelTests" name="Deserialize_RelativeScopeDurationAndFromToValues_ToAndFromValuesIgnored" />
    </UnitTest>
    <UnitTest name="ActiveInteractionStateBinding_ShouldNotBeNull_WhenCtorIsCalled" storage="d:\actions-runner\_work\xpco\xpco\sc\components\remoteviewer\smartclient\tst\zsmartclient_unittest\bin\x64\debug\net472\zsmartclient_unittest.dll" id="95bdcbe4-e420-deb8-8439-dbd680e08a25">
      <TestCategory>
        <TestCategoryItem TestCategory="GisMap.InputMarkerTest" />
      </TestCategory>
      <Execution id="88299627-9ec0-429f-9748-4b1e8dc37d70" />
      <TestMethod codeBase="D:\actions-runner\_work\XPCO\XPCO\SC\Components\RemoteViewer\SmartClient\tst\zSmartClient_UnitTest\bin\x64\Debug\net472\zSmartClient_UnitTest.dll" adapterTypeName="executor://mstestadapter/v2" className="SmartClient_UnitTest.VideoOS.RemoteClient.Plugin.GisMap.ThinkGeoMap.Markers.DeviceMarkers.InputMarker.InputMarkerTests" name="ActiveInteractionStateBinding_ShouldNotBeNull_WhenCtorIsCalled" />
    </UnitTest>
    <UnitTest name="GetActivatedOutputIconId_ShouldReturnValidUnDeactivatedOutputIconId_WhenValidDeactivatedOutputIconIdIsProvided" storage="d:\actions-runner\_work\xpco\xpco\sc\components\remoteviewer\smartclient\tst\zsmartclient_unittest\bin\x64\debug\net472\zsmartclient_unittest.dll" id="854a54be-59a6-d3a9-c68f-32fd5f490d07">
      <TestCategory>
        <TestCategoryItem TestCategory="GisMapData.OutputOemResourcesProviderTests" />
      </TestCategory>
      <Execution id="f3112ab6-b733-4ce9-ab89-ac89aa819bd2" />
      <TestMethod codeBase="D:\actions-runner\_work\XPCO\XPCO\SC\Components\RemoteViewer\SmartClient\tst\zSmartClient_UnitTest\bin\x64\Debug\net472\zSmartClient_UnitTest.dll" adapterTypeName="executor://mstestadapter/v2" className="SmartClient_UnitTest.VideoOS.RemoteClient.GisMapData.Resources.OutputOemResourcesProviderTests" name="GetActivatedOutputIconId_ShouldReturnValidUnDeactivatedOutputIconId_WhenValidDeactivatedOutputIconIdIsProvided" />
    </UnitTest>
    <UnitTest name="SerializationRoundTrip_Success" storage="d:\actions-runner\_work\xpco\xpco\sc\components\remoteviewer\smartclient\tst\zsmartclient_unittest\bin\x64\debug\net472\zsmartclient_unittest.dll" id="49457dc4-3aa6-62c6-38a6-fe0fa14f8508">
      <TestCategory>
        <TestCategoryItem TestCategory="SearchSerialization" />
      </TestCategory>
      <Execution id="87902474-fc7b-44a2-a72f-725a687928ae" />
      <TestMethod codeBase="D:\actions-runner\_work\XPCO\XPCO\SC\Components\RemoteViewer\SmartClient\tst\zSmartClient_UnitTest\bin\x64\Debug\net472\zSmartClient_UnitTest.dll" adapterTypeName="executor://mstestadapter/v2" className="SmartClient_UnitTest.VideoOS.RemoteClient.Plugin.CentralizedSearch.Models.Serialization.SearchSerializerTests" name="SerializationRoundTrip_Success" />
    </UnitTest>
    <UnitTest name="LeftButtonDown_SingleClick_DoesNotZoom" storage="d:\actions-runner\_work\xpco\xpco\sc\components\remoteviewer\smartclient\tst\zsmartclient_unittest\bin\x64\debug\net472\zsmartclient_unittest.dll" id="f7f1fade-22dc-b3ee-b4cb-477d416d63d2">
      <TestCategory>
        <TestCategoryItem TestCategory="GisMap.MapControl" />
      </TestCategory>
      <Execution id="c43792d9-4f30-48d8-8a0e-8d6ca4baa006" />
      <TestMethod codeBase="D:\actions-runner\_work\XPCO\XPCO\SC\Components\RemoteViewer\SmartClient\tst\zSmartClient_UnitTest\bin\x64\Debug\net472\zSmartClient_UnitTest.dll" adapterTypeName="executor://mstestadapter/v2" className="SmartClient_UnitTest.VideoOS.RemoteClient.Plugin.GisMap.ThinkGeoMap.ThinkGeoMapControlTests" name="LeftButtonDown_SingleClick_DoesNotZoom" />
    </UnitTest>
    <UnitTest name="ShowAlreadyAddedToast_ShouldShowCorrectNumberOfToasts (0,0)" storage="d:\actions-runner\_work\xpco\xpco\sc\components\remoteviewer\smartclient\tst\zsmartclient_unittest\bin\x64\debug\net472\zsmartclient_unittest.dll" id="92ffac32-345b-b5fe-0330-df7f8960df1b">
      <TestCategory>
        <TestCategoryItem TestCategory="Managers" />
      </TestCategory>
      <Execution id="a9d9038c-331c-40c4-ac55-37a4ccd15c61" />
      <TestMethod codeBase="D:\actions-runner\_work\XPCO\XPCO\SC\Components\RemoteViewer\SmartClient\tst\zSmartClient_UnitTest\bin\x64\Debug\net472\zSmartClient_UnitTest.dll" adapterTypeName="executor://mstestadapter/v2" className="SmartClient_UnitTest.VideoOS.RemoteClient.Application.Managers.ExportResultsNotificationHelperTests" name="ShowAlreadyAddedToast_ShouldShowCorrectNumberOfToasts" />
    </UnitTest>
    <UnitTest name="Warning_Shown_When_Reducing_Protection_Interval" storage="d:\actions-runner\_work\xpco\xpco\sc\components\remoteviewer\smartclient\tst\zsmartclient_unittest\bin\x64\debug\net472\zsmartclient_unittest.dll" id="4ef99c33-c023-cc35-d098-ffd6c1e453c8">
      <Execution id="7eb0c6e1-03ad-4b79-8f79-91652b3780b4" />
      <TestMethod codeBase="D:\actions-runner\_work\XPCO\XPCO\SC\Components\RemoteViewer\SmartClient\tst\zSmartClient_UnitTest\bin\x64\Debug\net472\zSmartClient_UnitTest.dll" adapterTypeName="executor://mstestadapter/v2" className="SmartClient_UnitTest.VideoOS.RemoteClient.Application.Components.EvidenceLock.EvidenceLockCreateEditTests" name="Warning_Shown_When_Reducing_Protection_Interval" />
    </UnitTest>
    <UnitTest name="SearchResultCombineType_OneSearchDefinition_SearchResultCombineTypeSetToDefaultValue" storage="d:\actions-runner\_work\xpco\xpco\sc\components\remoteviewer\smartclient\tst\zsmartclient_unittest\bin\x64\debug\net472\zsmartclient_unittest.dll" id="fc5fd650-f337-b166-89da-483c36c8a94d">
      <TestCategory>
        <TestCategoryItem TestCategory="SearchViewModels" />
      </TestCategory>
      <Execution id="c198c3ab-ca27-4e63-bb65-6a82bd7ec5de" />
      <TestMethod codeBase="D:\actions-runner\_work\XPCO\XPCO\SC\Components\RemoteViewer\SmartClient\tst\zSmartClient_UnitTest\bin\x64\Debug\net472\zSmartClient_UnitTest.dll" adapterTypeName="executor://mstestadapter/v2" className="SmartClient_UnitTest.VideoOS.RemoteClient.Plugin.CentralizedSearch.ViewModels.SearchViewModelTests" name="SearchResultCombineType_OneSearchDefinition_SearchResultCombineTypeSetToDefaultValue" />
    </UnitTest>
    <UnitTest name="ShouldReturnTrueWhenBuildingsChanged" storage="d:\actions-runner\_work\xpco\xpco\sc\components\remoteviewer\smartclient\tst\zsmartclient_unittest\bin\x64\debug\net472\zsmartclient_unittest.dll" id="63fb96d5-d28e-59d8-da39-0b1d1307a3be">
      <TestCategory>
        <TestCategoryItem TestCategory="MipItemsUpdateStrategy" />
      </TestCategory>
      <Execution id="bf1d2013-b386-4325-b166-1409e2f4df3f" />
      <TestMethod codeBase="D:\actions-runner\_work\XPCO\XPCO\SC\Components\RemoteViewer\SmartClient\tst\zSmartClient_UnitTest\bin\x64\Debug\net472\zSmartClient_UnitTest.dll" adapterTypeName="executor://mstestadapter/v2" className="SmartClient_UnitTest.VideoOS.RemoteClient.Plugin.GisMap.MIP.MipItemsUpdateStrategyTests" name="ShouldReturnTrueWhenBuildingsChanged" />
    </UnitTest>
    <UnitTest name="Ctor_ValidParameterWithTimeZoneManager_Success" storage="d:\actions-runner\_work\xpco\xpco\sc\components\remoteviewer\smartclient\tst\zsmartclient_unittest\bin\x64\debug\net472\zsmartclient_unittest.dll" id="27664859-4d07-7aa6-2422-c69fa8d16b38">
      <TestCategory>
        <TestCategoryItem TestCategory="SearchViewModels" />
      </TestCategory>
      <Execution id="fe97d9c7-372b-4c38-bf9d-62bbdfe8af59" />
      <TestMethod codeBase="D:\actions-runner\_work\XPCO\XPCO\SC\Components\RemoteViewer\SmartClient\tst\zSmartClient_UnitTest\bin\x64\Debug\net472\zSmartClient_UnitTest.dll" adapterTypeName="executor://mstestadapter/v2" className="SmartClient_UnitTest.VideoOS.RemoteClient.Plugin.CentralizedSearch.ViewModels.SearchViewModelTests" name="Ctor_ValidParameterWithTimeZoneManager_Success" />
    </UnitTest>
    <UnitTest name="SearchResultsActionBarActions_EditBookmark_BookmarkServiceException_WarningDialogShown" storage="d:\actions-runner\_work\xpco\xpco\sc\components\remoteviewer\smartclient\tst\zsmartclient_unittest\bin\x64\debug\net472\zsmartclient_unittest.dll" id="0ca96c98-4279-a38d-8923-cfc233650b07">
      <TestCategory>
        <TestCategoryItem TestCategory="SearchResultActionBarViewModel" />
      </TestCategory>
      <Execution id="34ffcc6f-b2c6-4fa8-a416-d92ac2aa871a" />
      <TestMethod codeBase="D:\actions-runner\_work\XPCO\XPCO\SC\Components\RemoteViewer\SmartClient\tst\zSmartClient_UnitTest\bin\x64\Debug\net472\zSmartClient_UnitTest.dll" adapterTypeName="executor://mstestadapter/v2" className="SmartClient_UnitTest.VideoOS.RemoteClient.Plugin.CentralizedSearch.ViewModels.SearchResultsActionBarViewModelTest" name="SearchResultsActionBarActions_EditBookmark_BookmarkServiceException_WarningDialogShown" />
    </UnitTest>
    <UnitTest name="RightButtonUp_ShouldSetActiveInteractionStateToNormal_WhenInteractionStateIsNotAddNewDevice" storage="d:\actions-runner\_work\xpco\xpco\sc\components\remoteviewer\smartclient\tst\zsmartclient_unittest\bin\x64\debug\net472\zsmartclient_unittest.dll" id="76f114f4-6a41-0573-26af-b718e6fbb07c">
      <TestCategory>
        <TestCategoryItem TestCategory="GisMap.MapControl" />
      </TestCategory>
      <Execution id="6f2d81e3-477a-4fbf-a63d-4debd7c1b23b" />
      <TestMethod codeBase="D:\actions-runner\_work\XPCO\XPCO\SC\Components\RemoteViewer\SmartClient\tst\zSmartClient_UnitTest\bin\x64\Debug\net472\zSmartClient_UnitTest.dll" adapterTypeName="executor://mstestadapter/v2" className="SmartClient_UnitTest.VideoOS.RemoteClient.Plugin.GisMap.ThinkGeoMap.ThinkGeoMapControlTests" name="RightButtonUp_ShouldSetActiveInteractionStateToNormal_WhenInteractionStateIsNotAddNewDevice" />
    </UnitTest>
    <UnitTest name="ClearCommand_Invoke_ClearsText" storage="d:\actions-runner\_work\xpco\xpco\sc\components\remoteviewer\smartclient\tst\zsmartclient_unittest\bin\x64\debug\net472\zsmartclient_unittest.dll" id="79131a3d-642e-dea5-31f3-3e3bb8d72cf5">
      <TestCategory>
        <TestCategoryItem TestCategory="Search" />
      </TestCategory>
      <Execution id="28a5b4d5-b5c4-495d-8bc8-20c41901943c" />
      <TestMethod codeBase="D:\actions-runner\_work\XPCO\XPCO\SC\Components\RemoteViewer\SmartClient\tst\zSmartClient_UnitTest\bin\x64\Debug\net472\zSmartClient_UnitTest.dll" adapterTypeName="executor://mstestadapter/v2" className="SmartClient_UnitTest.VideoOS.RemoteClient.Plugin.CentralizedSearch.MIPPlugin.Criteria.TextBoxAttributeEditControlTest" name="ClearCommand_Invoke_ClearsText" />
    </UnitTest>
    <UnitTest name="GetGisMapLayerFlyoutName_ShouldReturnOpenStreetMap_WhenGeographicLayerIsUnavailableAndAlternativeServerIsNotEmpty" storage="d:\actions-runner\_work\xpco\xpco\sc\components\remoteviewer\smartclient\tst\zsmartclient_unittest\bin\x64\debug\net472\zsmartclient_unittest.dll" id="8655e08e-93f9-ea96-e1a5-f913a90803b9">
      <TestCategory>
        <TestCategoryItem TestCategory="GisMapData.Controllers.Osm" />
      </TestCategory>
      <Execution id="f7cf2143-e3ee-4e9c-8da3-858bbc988473" />
      <TestMethod codeBase="D:\actions-runner\_work\XPCO\XPCO\SC\Components\RemoteViewer\SmartClient\tst\zSmartClient_UnitTest\bin\x64\Debug\net472\zSmartClient_UnitTest.dll" adapterTypeName="executor://mstestadapter/v2" className="SmartClient_UnitTest.VideoOS.RemoteClient.GisMapData.Controllers.Osm.GisMapOsmControllerTests" name="GetGisMapLayerFlyoutName_ShouldReturnOpenStreetMap_WhenGeographicLayerIsUnavailableAndAlternativeServerIsNotEmpty" />
    </UnitTest>
    <UnitTest name="NavigateAndSelectAsync_ZoomIn_ReCenterCommandEnabled" storage="d:\actions-runner\_work\xpco\xpco\sc\components\remoteviewer\smartclient\tst\zsmartclient_unittest\bin\x64\debug\net472\zsmartclient_unittest.dll" id="ba590efe-de31-f5db-8328-f1cc3382ad35">
      <TestCategory>
        <TestCategoryItem TestCategory="GisMap.GisMapViewModel" />
      </TestCategory>
      <Execution id="683c873f-1e9b-4aa6-87e3-2895cb5eebdd" />
      <TestMethod codeBase="D:\actions-runner\_work\XPCO\XPCO\SC\Components\RemoteViewer\SmartClient\tst\zSmartClient_UnitTest\bin\x64\Debug\net472\zSmartClient_UnitTest.dll" adapterTypeName="executor://mstestadapter/v2" className="SmartClient_UnitTest.VideoOS.RemoteClient.Plugin.GisMap.ViewModels.GisMapViewModelTests" name="NavigateAndSelectAsync_ZoomIn_ReCenterCommandEnabled" />
    </UnitTest>
    <UnitTest name="SearchResultsActionBarActions_ActionResultCreateReport_CreatePdfDocument_Success" storage="d:\actions-runner\_work\xpco\xpco\sc\components\remoteviewer\smartclient\tst\zsmartclient_unittest\bin\x64\debug\net472\zsmartclient_unittest.dll" id="21718b1b-f62a-37ac-fbeb-8c4d4d01bc07">
      <TestCategory>
        <TestCategoryItem TestCategory="Search" />
      </TestCategory>
      <Execution id="935ce4a7-34c2-458e-b2cf-c269dc61bcc0" />
      <TestMethod codeBase="D:\actions-runner\_work\XPCO\XPCO\SC\Components\RemoteViewer\SmartClient\tst\zSmartClient_UnitTest\bin\x64\Debug\net472\zSmartClient_UnitTest.dll" adapterTypeName="executor://mstestadapter/v2" className="SmartClient_UnitTest.VideoOS.RemoteClient.Plugin.CentralizedSearch.ViewModels.SearchReportViewModelTests" name="SearchResultsActionBarActions_ActionResultCreateReport_CreatePdfDocument_Success" />
    </UnitTest>
    <UnitTest name="SelectTemplate_RangeSliderFilterConfiguration_ReturnsInlineTemplate" storage="d:\actions-runner\_work\xpco\xpco\sc\components\remoteviewer\smartclient\tst\zsmartclient_unittest\bin\x64\debug\net472\zsmartclient_unittest.dll" id="10efcc4c-555d-12e7-645e-f8f3c9a79e16">
      <TestCategory>
        <TestCategoryItem TestCategory="SearchViews" />
      </TestCategory>
      <Execution id="a296bb20-ee6b-485d-b7a1-49f97a16137a" />
      <TestMethod codeBase="D:\actions-runner\_work\XPCO\XPCO\SC\Components\RemoteViewer\SmartClient\tst\zSmartClient_UnitTest\bin\x64\Debug\net472\zSmartClient_UnitTest.dll" adapterTypeName="executor://mstestadapter/v2" className="SmartClient_UnitTest.VideoOS.RemoteClient.Plugin.CentralizedSearch.Views.AttributeEditControlTemplateSelectorTests" name="SelectTemplate_RangeSliderFilterConfiguration_ReturnsInlineTemplate" />
    </UnitTest>
    <UnitTest name="SmartMapGoToPositionHandler_WhenWindowIdDoesNotMatch_ShouldDoNothing" storage="d:\actions-runner\_work\xpco\xpco\sc\components\remoteviewer\smartclient\tst\zsmartclient_unittest\bin\x64\debug\net472\zsmartclient_unittest.dll" id="f655cfd1-db07-f37a-bdd0-c0091f35a2db">
      <Execution id="08bbbfbf-37c4-4558-a751-f9f9b0781200" />
      <TestMethod codeBase="D:\actions-runner\_work\XPCO\XPCO\SC\Components\RemoteViewer\SmartClient\tst\zSmartClient_UnitTest\bin\x64\Debug\net472\zSmartClient_UnitTest.dll" adapterTypeName="executor://mstestadapter/v2" className="SmartClient_UnitTest.VideoOS.RemoteClient.Plugin.GisMap.MIP.ContentHolderMipMessageManagerTests" name="SmartMapGoToPositionHandler_WhenWindowIdDoesNotMatch_ShouldDoNothing" />
    </UnitTest>
    <UnitTest name="ResolveSearchDefinitions_ShouldReturnResultSearchDefinition_WhenCombinedSearchResultWithMultipleSubResultAndSearchDefinitionsContainingCorrectSearchDefinitionsAreGiven" storage="d:\actions-runner\_work\xpco\xpco\sc\components\remoteviewer\smartclient\tst\zsmartclient_unittest\bin\x64\debug\net472\zsmartclient_unittest.dll" id="59991295-e7c5-ae1a-4d3d-515c29cc9e2b">
      <TestCategory>
        <TestCategoryItem TestCategory="Search" />
      </TestCategory>
      <Execution id="e9deee08-7335-4a4a-bbec-25214e1c2af2" />
      <TestMethod codeBase="D:\actions-runner\_work\XPCO\XPCO\SC\Components\RemoteViewer\SmartClient\tst\zSmartClient_UnitTest\bin\x64\Debug\net472\zSmartClient_UnitTest.dll" adapterTypeName="executor://mstestadapter/v2" className="SmartClient_UnitTest.VideoOS.RemoteClient.Plugin.CentralizedSearch.Utils.SearchResultDataWrapperExtensionsTests" name="ResolveSearchDefinitions_ShouldReturnResultSearchDefinition_WhenCombinedSearchResultWithMultipleSubResultAndSearchDefinitionsContainingCorrectSearchDefinitionsAreGiven" />
    </UnitTest>
    <UnitTest name="SignUrl_WhereUrlIsNull_ThrowException" storage="d:\actions-runner\_work\xpco\xpco\sc\components\remoteviewer\smartclient\tst\zsmartclient_unittest\bin\x64\debug\net472\zsmartclient_unittest.dll" id="4a97d8d2-9fcf-7559-c175-69939d513efc">
      <Execution id="fed4a544-3307-4604-bd6d-ed93e1c30074" />
      <TestMethod codeBase="D:\actions-runner\_work\XPCO\XPCO\SC\Components\RemoteViewer\SmartClient\tst\zSmartClient_UnitTest\bin\x64\Debug\net472\zSmartClient_UnitTest.dll" adapterTypeName="executor://mstestadapter/v2" className="SmartClient_UnitTest.VideoOS.RemoteClient.Plugin.GisMap.Utilities.GoogleApiUrlTest" name="SignUrl_WhereUrlIsNull_ThrowException" />
    </UnitTest>
    <UnitTest name="ResolveSearchDefinitions_ShouldReturnResultSearchDefinition_WhenCombinedSearchResultWithMultipleSubResultAndNullSearchDefinitionsAreGiven" storage="d:\actions-runner\_work\xpco\xpco\sc\components\remoteviewer\smartclient\tst\zsmartclient_unittest\bin\x64\debug\net472\zsmartclient_unittest.dll" id="229876bb-741e-424e-6d09-7576e2519ca6">
      <TestCategory>
        <TestCategoryItem TestCategory="Search" />
      </TestCategory>
      <Execution id="f9a8c1d8-feb1-4e58-95d8-aa012a52bdda" />
      <TestMethod codeBase="D:\actions-runner\_work\XPCO\XPCO\SC\Components\RemoteViewer\SmartClient\tst\zSmartClient_UnitTest\bin\x64\Debug\net472\zSmartClient_UnitTest.dll" adapterTypeName="executor://mstestadapter/v2" className="SmartClient_UnitTest.VideoOS.RemoteClient.Plugin.CentralizedSearch.Utils.SearchResultDataWrapperExtensionsTests" name="ResolveSearchDefinitions_ShouldReturnResultSearchDefinition_WhenCombinedSearchResultWithMultipleSubResultAndNullSearchDefinitionsAreGiven" />
    </UnitTest>
    <UnitTest name="SupportsRightClick_ShouldBeTrue_WhenInteractionStateIsNormal" storage="d:\actions-runner\_work\xpco\xpco\sc\components\remoteviewer\smartclient\tst\zsmartclient_unittest\bin\x64\debug\net472\zsmartclient_unittest.dll" id="af1e35a2-62a8-4a4f-249d-2b9ad620f97f">
      <TestCategory>
        <TestCategoryItem TestCategory="GisMap.InputMarkerTest" />
      </TestCategory>
      <Execution id="fd1ce760-e56a-4c9c-b3bb-e38b32e179a9" />
      <TestMethod codeBase="D:\actions-runner\_work\XPCO\XPCO\SC\Components\RemoteViewer\SmartClient\tst\zSmartClient_UnitTest\bin\x64\Debug\net472\zSmartClient_UnitTest.dll" adapterTypeName="executor://mstestadapter/v2" className="SmartClient_UnitTest.VideoOS.RemoteClient.Plugin.GisMap.ThinkGeoMap.Markers.DeviceMarkers.InputMarker.InputMarkerTests" name="SupportsRightClick_ShouldBeTrue_WhenInteractionStateIsNormal" />
    </UnitTest>
    <UnitTest name="PtzSessionController_Unregister_Camera_Test" storage="d:\actions-runner\_work\xpco\xpco\sc\components\remoteviewer\smartclient\tst\zsmartclient_unittest\bin\x64\debug\net472\zsmartclient_unittest.dll" id="b4b53b4f-883e-94e0-fef4-aaf250b86eec">
      <Execution id="d341ba0f-1ff1-4832-bc57-dde1a6623ba0" />
      <TestMethod codeBase="D:\actions-runner\_work\XPCO\XPCO\SC\Components\RemoteViewer\SmartClient\tst\zSmartClient_UnitTest\bin\x64\Debug\net472\zSmartClient_UnitTest.dll" adapterTypeName="executor://mstestadapter/v2" className="VideoOS.RemoteClient.Application.Controllers.UnitTest.PtzSessionControllerTest" name="PtzSessionController_Unregister_Camera_Test" />
    </UnitTest>
    <UnitTest name="Ctor_NullPlugin_Throws" storage="d:\actions-runner\_work\xpco\xpco\sc\components\remoteviewer\smartclient\tst\zsmartclient_unittest\bin\x64\debug\net472\zsmartclient_unittest.dll" id="1a5d20b5-3e71-5ce5-a87e-e4e29bb0d7d5">
      <TestCategory>
        <TestCategoryItem TestCategory="SearchResultsAction" />
      </TestCategory>
      <Execution id="e04c42e2-13d7-4bde-9181-98660c63bc01" />
      <TestMethod codeBase="D:\actions-runner\_work\XPCO\XPCO\SC\Components\RemoteViewer\SmartClient\tst\zSmartClient_UnitTest\bin\x64\Debug\net472\zSmartClient_UnitTest.dll" adapterTypeName="executor://mstestadapter/v2" className="SmartClient_UnitTest.VideoOS.RemoteClient.Plugin.CentralizedSearch.ViewModels.SearchResultsActionViewModelTests" name="Ctor_NullPlugin_Throws" />
    </UnitTest>
    <UnitTest name="TestSaveMap_NoChanges_Success" storage="d:\actions-runner\_work\xpco\xpco\sc\components\remoteviewer\smartclient\tst\zsmartclient_unittest\bin\x64\debug\net472\zsmartclient_unittest.dll" id="e310b5f1-c455-40bf-82e5-d008ba1db855">
      <TestCategory>
        <TestCategoryItem TestCategory="GisMap" />
      </TestCategory>
      <Execution id="f28e1596-9a76-46c4-bac9-f2362701b77a" />
      <TestMethod codeBase="D:\actions-runner\_work\XPCO\XPCO\SC\Components\RemoteViewer\SmartClient\tst\zSmartClient_UnitTest\bin\x64\Debug\net472\zSmartClient_UnitTest.dll" adapterTypeName="executor://mstestadapter/v2" className="SmartClient_UnitTest.VideoOS.RemoteClient.GisMapData.GisMapBasicTests" name="TestSaveMap_NoChanges_Success" />
    </UnitTest>
    <UnitTest name="CreateDefinition_StartSearch_ExecutedAfterDelay" storage="d:\actions-runner\_work\xpco\xpco\sc\components\remoteviewer\smartclient\tst\zsmartclient_unittest\bin\x64\debug\net472\zsmartclient_unittest.dll" id="c98efbf5-2f3d-50a2-5f38-9c6abe3c1c8e">
      <TestCategory>
        <TestCategoryItem TestCategory="SearchModels" />
      </TestCategory>
      <Execution id="837b02b9-082f-48b7-908d-bb0a59117b0c" />
      <TestMethod codeBase="D:\actions-runner\_work\XPCO\XPCO\SC\Components\RemoteViewer\SmartClient\tst\zSmartClient_UnitTest\bin\x64\Debug\net472\zSmartClient_UnitTest.dll" adapterTypeName="executor://mstestadapter/v2" className="SmartClient_UnitTest.VideoOS.RemoteClient.Plugin.CentralizedSearch.Models.SearchModelTests" name="CreateDefinition_StartSearch_ExecutedAfterDelay" />
    </UnitTest>
    <UnitTest name="TriggerTime_ShouldBeSetToValueOfSearchResult" storage="d:\actions-runner\_work\xpco\xpco\sc\components\remoteviewer\smartclient\tst\zsmartclient_unittest\bin\x64\debug\net472\zsmartclient_unittest.dll" id="3a324bfc-234e-c9df-2934-23de7ff42e44">
      <TestCategory>
        <TestCategoryItem TestCategory="Search.Wrappers" />
      </TestCategory>
      <Execution id="83661bd7-1909-42b6-b54d-1ac2aa8b0362" />
      <TestMethod codeBase="D:\actions-runner\_work\XPCO\XPCO\SC\Components\RemoteViewer\SmartClient\tst\zSmartClient_UnitTest\bin\x64\Debug\net472\zSmartClient_UnitTest.dll" adapterTypeName="executor://mstestadapter/v2" className="SmartClient_UnitTest.VideoOS.RemoteClient.Plugin.CentralizedSearch.Models.Wrappers.SearchResultDataWrapperTests" name="TriggerTime_ShouldBeSetToValueOfSearchResult" />
    </UnitTest>
    <UnitTest name="WaitForItemAsync_WhenNotAdded_QuitsOnTimeout" storage="d:\actions-runner\_work\xpco\xpco\sc\components\remoteviewer\smartclient\tst\zsmartclient_unittest\bin\x64\debug\net472\zsmartclient_unittest.dll" id="0cd872bf-1428-c181-b201-48c4c96402b3">
      <Execution id="e09e2100-44cd-44b9-bc8b-21a490d2621d" />
      <TestMethod codeBase="D:\actions-runner\_work\XPCO\XPCO\SC\Components\RemoteViewer\SmartClient\tst\zSmartClient_UnitTest\bin\x64\Debug\net472\zSmartClient_UnitTest.dll" adapterTypeName="executor://mstestadapter/v2" className="SmartClient_UnitTest.VideoOS.RemoteClient.Plugin.GisMap.MIP.MipMapitemWaiterTests" name="WaitForItemAsync_WhenNotAdded_QuitsOnTimeout" />
    </UnitTest>
    <UnitTest name="Dispose_Success" storage="d:\actions-runner\_work\xpco\xpco\sc\components\remoteviewer\smartclient\tst\zsmartclient_unittest\bin\x64\debug\net472\zsmartclient_unittest.dll" id="01c01ca3-1cfc-215a-ffeb-b8e6d0ef2e1f">
      <TestCategory>
        <TestCategoryItem TestCategory="Search" />
      </TestCategory>
      <Execution id="04661209-bad2-4675-8483-0bdc536ec31b" />
      <TestMethod codeBase="D:\actions-runner\_work\XPCO\XPCO\SC\Components\RemoteViewer\SmartClient\tst\zSmartClient_UnitTest\bin\x64\Debug\net472\zSmartClient_UnitTest.dll" adapterTypeName="executor://mstestadapter/v2" className="SmartClient_UnitTest.VideoOS.RemoteClient.Plugin.CentralizedSearch.ViewModels.CompositeSearchWarningViewModelTests" name="Dispose_Success" />
    </UnitTest>
    <UnitTest name="EnsureLayersOrderIsValidBy_AddLayerAt_Success" storage="d:\actions-runner\_work\xpco\xpco\sc\components\remoteviewer\smartclient\tst\zsmartclient_unittest\bin\x64\debug\net472\zsmartclient_unittest.dll" id="043e653c-51c1-1e91-2072-c6aa4ad8dfeb">
      <TestCategory>
        <TestCategoryItem TestCategory="GisMapLayers" />
      </TestCategory>
      <Execution id="a6fdca39-8840-4be2-a0fb-3ce87ea862c8" />
      <TestMethod codeBase="D:\actions-runner\_work\XPCO\XPCO\SC\Components\RemoteViewer\SmartClient\tst\zSmartClient_UnitTest\bin\x64\Debug\net472\zSmartClient_UnitTest.dll" adapterTypeName="executor://mstestadapter/v2" className="SmartClient_UnitTest.VideoOS.RemoteClient.GisMapData.GisMapLayerZOrderTests" name="EnsureLayersOrderIsValidBy_AddLayerAt_Success" />
    </UnitTest>
    <UnitTest name="ValidateExportFormats_SmartClientPlayerFormat_ShouldValidate" storage="d:\actions-runner\_work\xpco\xpco\sc\components\remoteviewer\smartclient\tst\zsmartclient_unittest\bin\x64\debug\net472\zsmartclient_unittest.dll" id="69a471d5-b0a2-5fd2-ad73-823b3f723b44">
      <TestCategory>
        <TestCategoryItem TestCategory="Export" />
      </TestCategory>
      <Execution id="ac86490f-9994-4380-a695-e85b3d5d1ff4" />
      <TestMethod codeBase="D:\actions-runner\_work\XPCO\XPCO\SC\Components\RemoteViewer\SmartClient\tst\zSmartClient_UnitTest\bin\x64\Debug\net472\zSmartClient_UnitTest.dll" adapterTypeName="executor://mstestadapter/v2" className="SmartClient_UnitTest.VideoOS.RemoteClient.Plugin.Export.ExportDataValidatorTests" name="ValidateExportFormats_SmartClientPlayerFormat_ShouldValidate" />
    </UnitTest>
    <UnitTest name="AllMappingsIncluded" storage="d:\actions-runner\_work\xpco\xpco\sc\components\remoteviewer\smartclient\tst\zsmartclient_unittest\bin\x64\debug\net472\zsmartclient_unittest.dll" id="cf366775-ad88-dfab-044d-7fd00fe030bf">
      <TestCategory>
        <TestCategoryItem TestCategory="Search" />
      </TestCategory>
      <Execution id="4aeac24c-4b5e-48eb-a088-5b37689867ad" />
      <TestMethod codeBase="D:\actions-runner\_work\XPCO\XPCO\SC\Components\RemoteViewer\SmartClient\tst\zSmartClient_UnitTest\bin\x64\Debug\net472\zSmartClient_UnitTest.dll" adapterTypeName="executor://mstestadapter/v2" className="SmartClient_UnitTest.VideoOS.RemoteClient.Plugin.CentralizedSearch.MIPPlugin.ScSearchUserControlPluginTest" name="AllMappingsIncluded" />
    </UnitTest>
    <UnitTest name="IconValueConverter_ConvertBack_Fail" storage="d:\actions-runner\_work\xpco\xpco\sc\components\remoteviewer\smartclient\tst\zsmartclient_unittest\bin\x64\debug\net472\zsmartclient_unittest.dll" id="24aad481-07c1-3aaa-142a-c2bdd14112ca">
      <TestCategory>
        <TestCategoryItem TestCategory="SearchConverter" />
      </TestCategory>
      <Execution id="77b08005-2be1-4549-ac75-82b3e4cae91c" />
      <TestMethod codeBase="D:\actions-runner\_work\XPCO\XPCO\SC\Components\RemoteViewer\SmartClient\tst\zSmartClient_UnitTest\bin\x64\Debug\net472\zSmartClient_UnitTest.dll" adapterTypeName="executor://mstestadapter/v2" className="SmartClient_UnitTest.VideoOS.RemoteClient.Plugin.CentralizedSearch.Views.Converters.IconValueConverterTests" name="IconValueConverter_ConvertBack_Fail" />
    </UnitTest>
    <UnitTest name="CopyPasteInternalClipBoardTest" storage="d:\actions-runner\_work\xpco\xpco\sc\components\remoteviewer\smartclient\tst\zsmartclient_unittest\bin\x64\debug\net472\zsmartclient_unittest.dll" id="91a78aeb-428a-f6ff-e2d1-52651e1feb62">
      <Execution id="61b3ee2e-5b20-4ff9-932f-4dfac057e941" />
      <TestMethod codeBase="D:\actions-runner\_work\XPCO\XPCO\SC\Components\RemoteViewer\SmartClient\tst\zSmartClient_UnitTest\bin\x64\Debug\net472\zSmartClient_UnitTest.dll" adapterTypeName="executor://mstestadapter/v2" className="SmartClient_UnitTest.VideoOS.RemoteClient.Application.Data.Configuration.ViewGroupClipboardManagerTest" name="CopyPasteInternalClipBoardTest" />
    </UnitTest>
    <UnitTest name="SelectOptions_ShouldNotChangeSelectedComponent_WhenGivenNonExistingComponent" storage="d:\actions-runner\_work\xpco\xpco\sc\components\remoteviewer\smartclient\tst\zsmartclient_unittest\bin\x64\debug\net472\zsmartclient_unittest.dll" id="c3c8acd6-ab82-9706-0dfb-389b90288a20">
      <Execution id="10a4bbaf-5963-40de-9722-a47c34a74252" />
      <TestMethod codeBase="D:\actions-runner\_work\XPCO\XPCO\SC\Components\RemoteViewer\SmartClient\tst\zSmartClient_UnitTest\bin\x64\Debug\net472\zSmartClient_UnitTest.dll" adapterTypeName="executor://mstestadapter/v2" className="SmartClient_UnitTest.VideoOS.RemoteClient.Application.UI.Settings.SettingsDialogViewModelTests" name="SelectOptions_ShouldNotChangeSelectedComponent_WhenGivenNonExistingComponent" />
    </UnitTest>
    <UnitTest name="EnsureLayersOrderIsValidBy_Swap201_Success" storage="d:\actions-runner\_work\xpco\xpco\sc\components\remoteviewer\smartclient\tst\zsmartclient_unittest\bin\x64\debug\net472\zsmartclient_unittest.dll" id="b18c5783-3346-0ed2-7230-790ae4df554b">
      <TestCategory>
        <TestCategoryItem TestCategory="GisMapLayers" />
      </TestCategory>
      <Execution id="3a56cecd-dd14-46f3-9532-03c83858ecb9" />
      <TestMethod codeBase="D:\actions-runner\_work\XPCO\XPCO\SC\Components\RemoteViewer\SmartClient\tst\zSmartClient_UnitTest\bin\x64\Debug\net472\zSmartClient_UnitTest.dll" adapterTypeName="executor://mstestadapter/v2" className="SmartClient_UnitTest.VideoOS.RemoteClient.GisMapData.GisMapLayerZOrderTests" name="EnsureLayersOrderIsValidBy_Swap201_Success" />
    </UnitTest>
    <UnitTest name="New_related_device_added_when_unrelated_camera_added" storage="d:\actions-runner\_work\xpco\xpco\sc\components\remoteviewer\smartclient\tst\zsmartclient_unittest\bin\x64\debug\net472\zsmartclient_unittest.dll" id="50eff704-edc5-bb65-d2be-7ddc270e7a86">
      <Execution id="455911a5-2990-4e7a-a68b-9b9ca313c088" />
      <TestMethod codeBase="D:\actions-runner\_work\XPCO\XPCO\SC\Components\RemoteViewer\SmartClient\tst\zSmartClient_UnitTest\bin\x64\Debug\net472\zSmartClient_UnitTest.dll" adapterTypeName="executor://mstestadapter/v2" className="SmartClient_UnitTest.VideoOS.RemoteClient.Application.Components.EvidenceLock.EvidenceLockRelatedDeviceTests" name="New_related_device_added_when_unrelated_camera_added" />
    </UnitTest>
    <UnitTest name="Compare_ShouldPrioritizeCombinedResultsWithMostTriggerTimesInTimespan_WhenAllTriggerTimesAreCounted" storage="d:\actions-runner\_work\xpco\xpco\sc\components\remoteviewer\smartclient\tst\zsmartclient_unittest\bin\x64\debug\net472\zsmartclient_unittest.dll" id="4e7ccc39-dfc0-cf1c-eb6a-128de9b59e45">
      <TestCategory>
        <TestCategoryItem TestCategory="SearchComparers" />
      </TestCategory>
      <Execution id="052956a9-bd6a-4db8-8584-420e3f895b12" />
      <TestMethod codeBase="D:\actions-runner\_work\XPCO\XPCO\SC\Components\RemoteViewer\SmartClient\tst\zSmartClient_UnitTest\bin\x64\Debug\net472\zSmartClient_UnitTest.dll" adapterTypeName="executor://mstestadapter/v2" className="SmartClient_UnitTest.VideoOS.RemoteClient.Plugin.CentralizedSearch.Models.Wrappers.Comparers.RelevanceComparerTests" name="Compare_ShouldPrioritizeCombinedResultsWithMostTriggerTimesInTimespan_WhenAllTriggerTimesAreCounted" />
    </UnitTest>
    <UnitTest name="GetWorkspaceToolbarItems_ShouldReturnNormalToolbarItemEnabledSetupToolbarItemDisabled_WhenWorkspaceStateIsNormal" storage="d:\actions-runner\_work\xpco\xpco\sc\components\remoteviewer\smartclient\tst\zsmartclient_unittest\bin\x64\debug\net472\zsmartclient_unittest.dll" id="2e79e419-e74e-f445-7799-1adbaa35d399">
      <TestCategory>
        <TestCategoryItem TestCategory="WorkspaceToolbar" />
      </TestCategory>
      <Execution id="eab21700-3ca5-4b0b-94cd-91a4e4997993" />
      <TestMethod codeBase="D:\actions-runner\_work\XPCO\XPCO\SC\Components\RemoteViewer\SmartClient\tst\zSmartClient_UnitTest\bin\x64\Debug\net472\zSmartClient_UnitTest.dll" adapterTypeName="executor://mstestadapter/v2" className="SmartClient_UnitTest.VideoOS.RemoteClient.Application.UI.Content.WorkspaceToolbar.MIPWorkspaceToolbarItemManagerTests" name="GetWorkspaceToolbarItems_ShouldReturnNormalToolbarItemEnabledSetupToolbarItemDisabled_WhenWorkspaceStateIsNormal" />
    </UnitTest>
    <UnitTest name="GetSnapshots_UnknownErrorWhileSavingImage_Failure" storage="d:\actions-runner\_work\xpco\xpco\sc\components\remoteviewer\smartclient\tst\zsmartclient_unittest\bin\x64\debug\net472\zsmartclient_unittest.dll" id="403a78e4-c46e-adcb-e74a-7da90bcef733">
      <TestCategory>
        <TestCategoryItem TestCategory="Search" />
      </TestCategory>
      <Execution id="d2028e16-a407-4f51-89be-061bc8848130" />
      <TestMethod codeBase="D:\actions-runner\_work\XPCO\XPCO\SC\Components\RemoteViewer\SmartClient\tst\zSmartClient_UnitTest\bin\x64\Debug\net472\zSmartClient_UnitTest.dll" adapterTypeName="executor://mstestadapter/v2" className="SmartClient_UnitTest.VideoOS.RemoteClient.Plugin.CentralizedSearch.ViewModels.Data.SnapshotHandlerTests" name="GetSnapshots_UnknownErrorWhileSavingImage_Failure" />
    </UnitTest>
    <UnitTest name="ApplyStatesToUi_StateWithoutItemSize_UpdateItemSizeNotCalled" storage="d:\actions-runner\_work\xpco\xpco\sc\components\remoteviewer\smartclient\tst\zsmartclient_unittest\bin\x64\debug\net472\zsmartclient_unittest.dll" id="d075e987-3000-b723-e176-5d1d494fc6f2">
      <TestCategory>
        <TestCategoryItem TestCategory="SearchViews" />
      </TestCategory>
      <Execution id="8c791f7b-047c-4043-a26f-09c82a18e93d" />
      <TestMethod codeBase="D:\actions-runner\_work\XPCO\XPCO\SC\Components\RemoteViewer\SmartClient\tst\zSmartClient_UnitTest\bin\x64\Debug\net472\zSmartClient_UnitTest.dll" adapterTypeName="executor://mstestadapter/v2" className="SmartClient_UnitTest.VideoOS.RemoteClient.Plugin.CentralizedSearch.Views.SearchResultsViewTests" name="ApplyStatesToUi_StateWithoutItemSize_UpdateItemSizeNotCalled" />
    </UnitTest>
    <UnitTest name="Convert_ShouldReturnTrue_WhenParameterIsEqualToValue" storage="d:\actions-runner\_work\xpco\xpco\sc\components\remoteviewer\smartclient\tst\zsmartclient_unittest\bin\x64\debug\net472\zsmartclient_unittest.dll" id="475f68bd-aa4e-7080-1be5-54155a49acfc">
      <TestCategory>
        <TestCategoryItem TestCategory="GisMap.InteractionStateConverter" />
      </TestCategory>
      <Execution id="41d96278-5046-4893-b917-bacc69c0c033" />
      <TestMethod codeBase="D:\actions-runner\_work\XPCO\XPCO\SC\Components\RemoteViewer\SmartClient\tst\zSmartClient_UnitTest\bin\x64\Debug\net472\zSmartClient_UnitTest.dll" adapterTypeName="executor://mstestadapter/v2" className="SmartClient_UnitTest.VideoOS.RemoteClient.Plugin.GisMap.View.InteractionStateConverterTests" name="Convert_ShouldReturnTrue_WhenParameterIsEqualToValue" />
    </UnitTest>
    <UnitTest name="GetWorkspaceToolbarItems_ShouldReturnGroupedToolbarItemAsDisabled_WhenAllSubItemsAreDisabled" storage="d:\actions-runner\_work\xpco\xpco\sc\components\remoteviewer\smartclient\tst\zsmartclient_unittest\bin\x64\debug\net472\zsmartclient_unittest.dll" id="91423947-d9d3-4bfd-cfab-68c119421239">
      <TestCategory>
        <TestCategoryItem TestCategory="WorkspaceToolbar" />
      </TestCategory>
      <Execution id="ab876927-b6ca-4336-8778-fbecfaf5b402" />
      <TestMethod codeBase="D:\actions-runner\_work\XPCO\XPCO\SC\Components\RemoteViewer\SmartClient\tst\zSmartClient_UnitTest\bin\x64\Debug\net472\zSmartClient_UnitTest.dll" adapterTypeName="executor://mstestadapter/v2" className="SmartClient_UnitTest.VideoOS.RemoteClient.Application.UI.Content.WorkspaceToolbar.MIPWorkspaceToolbarItemManagerTests" name="GetWorkspaceToolbarItems_ShouldReturnGroupedToolbarItemAsDisabled_WhenAllSubItemsAreDisabled" />
    </UnitTest>
    <UnitTest name="GetDuration_SeveralHours_Success" storage="d:\actions-runner\_work\xpco\xpco\sc\components\remoteviewer\smartclient\tst\zsmartclient_unittest\bin\x64\debug\net472\zsmartclient_unittest.dll" id="14ce9c46-40b0-3cf1-b65d-94e20f3f850c">
      <TestCategory>
        <TestCategoryItem TestCategory="Search" />
      </TestCategory>
      <Execution id="606d4074-903e-45af-9929-442675952c7b" />
      <TestMethod codeBase="D:\actions-runner\_work\XPCO\XPCO\SC\Components\RemoteViewer\SmartClient\tst\zSmartClient_UnitTest\bin\x64\Debug\net472\zSmartClient_UnitTest.dll" adapterTypeName="executor://mstestadapter/v2" className="SmartClient_UnitTest.VideoOS.RemoteClient.Plugin.CentralizedSearch.ViewModels.Data.TimeScopeTests" name="GetDuration_SeveralHours_Success" />
    </UnitTest>
    <UnitTest name="AddSelectedCameras_TooManyCamerasSingle_AddedUntilMaxAndWarningMessageDisplayed" storage="d:\actions-runner\_work\xpco\xpco\sc\components\remoteviewer\smartclient\tst\zsmartclient_unittest\bin\x64\debug\net472\zsmartclient_unittest.dll" id="ea8f64f7-705b-0857-7b53-590a46740227">
      <TestCategory>
        <TestCategoryItem TestCategory="SearchViewModels" />
      </TestCategory>
      <Execution id="9fdcf8dd-957b-4433-925a-9835ee513b8c" />
      <TestMethod codeBase="D:\actions-runner\_work\XPCO\XPCO\SC\Components\RemoteViewer\SmartClient\tst\zSmartClient_UnitTest\bin\x64\Debug\net472\zSmartClient_UnitTest.dll" adapterTypeName="executor://mstestadapter/v2" className="SmartClient_UnitTest.VideoOS.RemoteClient.Plugin.CentralizedSearch.ViewModels.SearchViewModelTests" name="AddSelectedCameras_TooManyCamerasSingle_AddedUntilMaxAndWarningMessageDisplayed" />
    </UnitTest>
    <UnitTest name="Search_TokenCancelled_SearchCallNotDelegatedToSearchManager" storage="d:\actions-runner\_work\xpco\xpco\sc\components\remoteviewer\smartclient\tst\zsmartclient_unittest\bin\x64\debug\net472\zsmartclient_unittest.dll" id="99a87674-ee88-dca5-48a5-598cbe7cb43b">
      <TestCategory>
        <TestCategoryItem TestCategory="Search" />
      </TestCategory>
      <Execution id="c5e8b3e1-57cf-4987-b7be-60d3d1989124" />
      <TestMethod codeBase="D:\actions-runner\_work\XPCO\XPCO\SC\Components\RemoteViewer\SmartClient\tst\zSmartClient_UnitTest\bin\x64\Debug\net472\zSmartClient_UnitTest.dll" adapterTypeName="executor://mstestadapter/v2" className="SmartClient_UnitTest.VideoOS.RemoteClient.Plugin.CentralizedSearch.MIPPlugin.CompositeSearchDefinitionTests" name="Search_TokenCancelled_SearchCallNotDelegatedToSearchManager" />
    </UnitTest>
    <UnitTest name="BookmarkSearchTime_WithSearchStringInDifferentCases_ReturnCorrectBookmarkWithSearchStringInHeader (SeArChStRiNg,False,True,True,False,,,0)" storage="d:\actions-runner\_work\xpco\xpco\sc\components\remoteviewer\smartclient\tst\zsmartclient_unittest\bin\x64\debug\net472\zsmartclient_unittest.dll" id="f3ca3914-805f-216b-f996-2070b3db31b7">
      <Execution id="b90767e4-9af7-4797-930a-9586853cbb3b" />
      <TestMethod codeBase="D:\actions-runner\_work\XPCO\XPCO\SC\Components\RemoteViewer\SmartClient\tst\zSmartClient_UnitTest\bin\x64\Debug\net472\zSmartClient_UnitTest.dll" adapterTypeName="executor://mstestadapter/v2" className="SmartClient_UnitTest.VideoOS.RemoteClient.Application.Data.Offline.UnitTest.BookmarkExportReaderTest" name="BookmarkSearchTime_WithSearchStringInDifferentCases_ReturnCorrectBookmarkWithSearchStringInHeader" />
    </UnitTest>
    <UnitTest name="IsProductionEnvironment_ShouldReturnCorrectValue (,True)" storage="d:\actions-runner\_work\xpco\xpco\sc\components\remoteviewer\smartclient\tst\zsmartclient_unittest\bin\x64\debug\net472\zsmartclient_unittest.dll" id="5f513201-29bd-f30b-cd65-0841ae9bbb63">
      <Execution id="293ffaaa-44a4-44a1-9297-36686b0f1a38" />
      <TestMethod codeBase="D:\actions-runner\_work\XPCO\XPCO\SC\Components\RemoteViewer\SmartClient\tst\zSmartClient_UnitTest\bin\x64\Debug\net472\zSmartClient_UnitTest.dll" adapterTypeName="executor://mstestadapter/v2" className="SmartClient_UnitTest.VideoOS.RemoteClient.Application.Common.Telemetry.TelemetryKeyProviderTests" name="IsProductionEnvironment_ShouldReturnCorrectValue" />
    </UnitTest>
    <UnitTest name="FindSearchTemplatesAsync_ThrowCommunicationMIPException_Success" storage="d:\actions-runner\_work\xpco\xpco\sc\components\remoteviewer\smartclient\tst\zsmartclient_unittest\bin\x64\debug\net472\zsmartclient_unittest.dll" id="86196731-e240-8e80-a6e3-fc0d4e3d2f5c">
      <TestCategory>
        <TestCategoryItem TestCategory="SearchTemplatesService" />
      </TestCategory>
      <Execution id="f6b2f452-75c2-497e-997d-ac27a3ccfd9b" />
      <TestMethod codeBase="D:\actions-runner\_work\XPCO\XPCO\SC\Components\RemoteViewer\SmartClient\tst\zSmartClient_UnitTest\bin\x64\Debug\net472\zSmartClient_UnitTest.dll" adapterTypeName="executor://mstestadapter/v2" className="SmartClient_UnitTest.VideoOS.RemoteClient.Plugin.CentralizedSearch.SearchTemplates.Service.SearchTemplateServiceTests" name="FindSearchTemplatesAsync_ThrowCommunicationMIPException_Success" />
    </UnitTest>
    <UnitTest name="AlwaysPutSmartWallGroupLast" storage="d:\actions-runner\_work\xpco\xpco\sc\components\remoteviewer\smartclient\tst\zsmartclient_unittest\bin\x64\debug\net472\zsmartclient_unittest.dll" id="233a6bed-ae00-b023-a337-828767e08ee8">
      <Execution id="4efd3b54-0406-46b9-83cf-f09b9d85e87e" />
      <TestMethod codeBase="D:\actions-runner\_work\XPCO\XPCO\SC\Components\RemoteViewer\SmartClient\tst\zSmartClient_UnitTest\bin\x64\Debug\net472\zSmartClient_UnitTest.dll" adapterTypeName="executor://mstestadapter/v2" className="SmartClient_UnitTest.VideoOS.RemoteClient.Application.UI.Common.ViewTree.SortingTests" name="AlwaysPutSmartWallGroupLast" />
    </UnitTest>
    <UnitTest name="UpdateItemState_Enabled_AllTrue" storage="d:\actions-runner\_work\xpco\xpco\sc\components\remoteviewer\smartclient\tst\zsmartclient_unittest\bin\x64\debug\net472\zsmartclient_unittest.dll" id="ca54778c-c4c5-e9c4-6078-1f6eb9837f98">
      <TestCategory>
        <TestCategoryItem TestCategory="ContentHolderToolbar" />
      </TestCategory>
      <Execution id="94cff645-a755-4fd2-9445-fcf0694dc2cf" />
      <TestMethod codeBase="D:\actions-runner\_work\XPCO\XPCO\SC\Components\RemoteViewer\SmartClient\tst\zSmartClient_UnitTest\bin\x64\Debug\net472\zSmartClient_UnitTest.dll" adapterTypeName="executor://mstestadapter/v2" className="SmartClient_UnitTest.VideoOS.RemoteClient.Application.Data.ContentHolderToolbar.ToolBarItemSearchTests" name="UpdateItemState_Enabled_AllTrue" />
    </UnitTest>
    <UnitTest name="GetServerTypes_ShouldReturnRecordingServiceType" storage="d:\actions-runner\_work\xpco\xpco\sc\components\remoteviewer\smartclient\tst\zsmartclient_unittest\bin\x64\debug\net472\zsmartclient_unittest.dll" id="f4609267-8826-6634-3e91-b8471488e292">
      <Execution id="eb49cb56-c4be-4fc2-8b6e-c29d419432aa" />
      <TestMethod codeBase="D:\actions-runner\_work\XPCO\XPCO\SC\Components\RemoteViewer\SmartClient\tst\zSmartClient_UnitTest\bin\x64\Debug\net472\zSmartClient_UnitTest.dll" adapterTypeName="executor://mstestadapter/v2" className="SmartClient_UnitTest.VideoOS.RemoteClient.Application.Data.ContentTypes.ReportingContentType.DashboardExtentionsTest" name="GetServerTypes_ShouldReturnRecordingServiceType" />
    </UnitTest>
    <UnitTest name="CreatePdfDocumentAsync_ShouldMakeValidReportFileName_WhenReportNameIsEmpty" storage="d:\actions-runner\_work\xpco\xpco\sc\components\remoteviewer\smartclient\tst\zsmartclient_unittest\bin\x64\debug\net472\zsmartclient_unittest.dll" id="32413933-4aac-e1ed-206e-cfe25722fe12">
      <TestCategory>
        <TestCategoryItem TestCategory="Search" />
      </TestCategory>
      <Execution id="18806314-3a29-4e11-b468-3af423384df9" />
      <TestMethod codeBase="D:\actions-runner\_work\XPCO\XPCO\SC\Components\RemoteViewer\SmartClient\tst\zSmartClient_UnitTest\bin\x64\Debug\net472\zSmartClient_UnitTest.dll" adapterTypeName="executor://mstestadapter/v2" className="SmartClient_UnitTest.VideoOS.RemoteClient.Plugin.CentralizedSearch.ViewModels.SearchReportViewModelTests" name="CreatePdfDocumentAsync_ShouldMakeValidReportFileName_WhenReportNameIsEmpty" />
    </UnitTest>
    <UnitTest name="RightClick_ShouldSetContextMenu_WhenHostIsNotContextMenuAware" storage="d:\actions-runner\_work\xpco\xpco\sc\components\remoteviewer\smartclient\tst\zsmartclient_unittest\bin\x64\debug\net472\zsmartclient_unittest.dll" id="be46907d-a173-13ad-6a6b-f04367a3abb5">
      <TestCategory>
        <TestCategoryItem TestCategory="MapItemMarkerBase" />
      </TestCategory>
      <Execution id="56d25a2d-6590-4aca-96b3-c08e0a1e00d4" />
      <TestMethod codeBase="D:\actions-runner\_work\XPCO\XPCO\SC\Components\RemoteViewer\SmartClient\tst\zSmartClient_UnitTest\bin\x64\Debug\net472\zSmartClient_UnitTest.dll" adapterTypeName="executor://mstestadapter/v2" className="SmartClient_UnitTest.VideoOS.RemoteClient.Plugin.GisMap.ThinkGeoMap.Markers.MapItemMarkerBaseTests" name="RightClick_ShouldSetContextMenu_WhenHostIsNotContextMenuAware" />
    </UnitTest>
    <UnitTest name="Password1 valid, Password 2 valid" storage="d:\actions-runner\_work\xpco\xpco\sc\components\remoteviewer\smartclient\tst\zsmartclient_unittest\bin\x64\debug\net472\zsmartclient_unittest.dll" id="4de4ebe7-83f6-7012-06a9-129e6a434184">
      <TestCategory>
        <TestCategoryItem TestCategory="Export" />
      </TestCategory>
      <Execution id="394d136c-dd74-489a-868a-4104ccea4fc3" />
      <TestMethod codeBase="D:\actions-runner\_work\XPCO\XPCO\SC\Components\RemoteViewer\SmartClient\tst\zSmartClient_UnitTest\bin\x64\Debug\net472\zSmartClient_UnitTest.dll" adapterTypeName="executor://mstestadapter/v2" className="SmartClient_UnitTest.VideoOS.RemoteClient.Plugin.Export.PasswordDialogViewModelTests" name="ArePasswordsValid_ShouldDependOnPassword1AndPassword2" />
    </UnitTest>
    <UnitTest name="ScrollWheelInTileLayout_ScrollDown_DecreasesItemSize" storage="d:\actions-runner\_work\xpco\xpco\sc\components\remoteviewer\smartclient\tst\zsmartclient_unittest\bin\x64\debug\net472\zsmartclient_unittest.dll" id="fb9b27c6-d958-01c3-0bba-3a3e5a814ae8">
      <TestCategory>
        <TestCategoryItem TestCategory="SearchViews" />
      </TestCategory>
      <Execution id="a59f7d34-9c20-4b19-bec9-9f80eb6923b2" />
      <TestMethod codeBase="D:\actions-runner\_work\XPCO\XPCO\SC\Components\RemoteViewer\SmartClient\tst\zSmartClient_UnitTest\bin\x64\Debug\net472\zSmartClient_UnitTest.dll" adapterTypeName="executor://mstestadapter/v2" className="SmartClient_UnitTest.VideoOS.RemoteClient.Plugin.CentralizedSearch.Views.SearchResultsViewTests" name="ScrollWheelInTileLayout_ScrollDown_DecreasesItemSize" />
    </UnitTest>
    <UnitTest name="Ctor_WpfMessageBoxButtonIsSetToRemoveCancel_OnlyRemoveCancelButtonsVisible" storage="d:\actions-runner\_work\xpco\xpco\sc\components\remoteviewer\smartclient\tst\zsmartclient_unittest\bin\x64\debug\net472\zsmartclient_unittest.dll" id="07ec7b90-4f80-77d6-d19d-abca75ed0c64">
      <Execution id="92ae5a21-5ecd-4fe9-a1d4-bba826e95b26" />
      <TestMethod codeBase="D:\actions-runner\_work\XPCO\XPCO\SC\Components\RemoteViewer\SmartClient\tst\zSmartClient_UnitTest\bin\x64\Debug\net472\zSmartClient_UnitTest.dll" adapterTypeName="executor://mstestadapter/v2" className="SmartClient_UnitTest.VideoOS.RemoteClient.Application.UI.Common.MessageBoxWithList.MessageBoxWithListViewModelTests" name="Ctor_WpfMessageBoxButtonIsSetToRemoveCancel_OnlyRemoveCancelButtonsVisible" />
    </UnitTest>
    <UnitTest name="Deserialize_FilterIdInvalid_Error" storage="d:\actions-runner\_work\xpco\xpco\sc\components\remoteviewer\smartclient\tst\zsmartclient_unittest\bin\x64\debug\net472\zsmartclient_unittest.dll" id="126ce091-c6ba-ecff-2f2d-3c69aa56bf21">
      <TestCategory>
        <TestCategoryItem TestCategory="SearchSerialization" />
      </TestCategory>
      <Execution id="ff0f8e30-8b9f-409c-937b-05542a75a744" />
      <TestMethod codeBase="D:\actions-runner\_work\XPCO\XPCO\SC\Components\RemoteViewer\SmartClient\tst\zSmartClient_UnitTest\bin\x64\Debug\net472\zSmartClient_UnitTest.dll" adapterTypeName="executor://mstestadapter/v2" className="SmartClient_UnitTest.VideoOS.RemoteClient.Plugin.CentralizedSearch.Models.Serialization.SearchSerializerTests" name="Deserialize_FilterIdInvalid_Error" />
    </UnitTest>
    <UnitTest name="PtzSessionController_Constructor_ArgumentNull_PtzSessionInfoCommunication_Test" storage="d:\actions-runner\_work\xpco\xpco\sc\components\remoteviewer\smartclient\tst\zsmartclient_unittest\bin\x64\debug\net472\zsmartclient_unittest.dll" id="a6e357f5-5043-640f-dc7b-7f6d8536f9c8">
      <Execution id="8e21ae07-e215-4c1f-9043-3e2cec27966b" />
      <TestMethod codeBase="D:\actions-runner\_work\XPCO\XPCO\SC\Components\RemoteViewer\SmartClient\tst\zSmartClient_UnitTest\bin\x64\Debug\net472\zSmartClient_UnitTest.dll" adapterTypeName="executor://mstestadapter/v2" className="VideoOS.RemoteClient.Application.Controllers.UnitTest.PtzSessionControllerTest" name="PtzSessionController_Constructor_ArgumentNull_PtzSessionInfoCommunication_Test" />
    </UnitTest>
    <UnitTest name="PtzSessionControllerInfo_TimeChangedTest_Argument_Null_2" storage="d:\actions-runner\_work\xpco\xpco\sc\components\remoteviewer\smartclient\tst\zsmartclient_unittest\bin\x64\debug\net472\zsmartclient_unittest.dll" id="54a7733a-514e-04cf-6d1f-91eeef43fa83">
      <Execution id="a1922d5e-ec0f-428b-a9b7-c0f1e0cfe0d0" />
      <TestMethod codeBase="D:\actions-runner\_work\XPCO\XPCO\SC\Components\RemoteViewer\SmartClient\tst\zSmartClient_UnitTest\bin\x64\Debug\net472\zSmartClient_UnitTest.dll" adapterTypeName="executor://mstestadapter/v2" className="VideoOS.RemoteClient.Application.Controllers.UnitTest.PtzSessionControllerTest" name="PtzSessionControllerInfo_TimeChangedTest_Argument_Null_2" />
    </UnitTest>
    <UnitTest name="PatrollingStepListViewModel_MoveStepUpCommand" storage="d:\actions-runner\_work\xpco\xpco\sc\components\remoteviewer\smartclient\tst\zsmartclient_unittest\bin\x64\debug\net472\zsmartclient_unittest.dll" id="ed1d90ee-8339-654e-30f1-a3356e61f489">
      <Execution id="28a3de0b-f33c-4a12-83e0-dfe0ffa26045" />
      <TestMethod codeBase="D:\actions-runner\_work\XPCO\XPCO\SC\Components\RemoteViewer\SmartClient\tst\zSmartClient_UnitTest\bin\x64\Debug\net472\zSmartClient_UnitTest.dll" adapterTypeName="executor://mstestadapter/v2" className="SmartClient_UnitTest.VideoOS.RemoteClient.Application.UI.PtzPreset.PatrollingViewModel.PatrollingStepListViewModelTest" name="PatrollingStepListViewModel_MoveStepUpCommand" />
    </UnitTest>
    <UnitTest name="SearchResultsActionBarActions_EditBookmark_ResultMovedOutOfSearchScope_EditBookmarkInvokedAndSearchStarted" storage="d:\actions-runner\_work\xpco\xpco\sc\components\remoteviewer\smartclient\tst\zsmartclient_unittest\bin\x64\debug\net472\zsmartclient_unittest.dll" id="a0ce8b18-c0e1-b20c-c79e-d473edcc8518">
      <TestCategory>
        <TestCategoryItem TestCategory="SearchResultActionBarViewModel" />
      </TestCategory>
      <Execution id="05387017-4a53-4597-bac9-c835665ba637" />
      <TestMethod codeBase="D:\actions-runner\_work\XPCO\XPCO\SC\Components\RemoteViewer\SmartClient\tst\zSmartClient_UnitTest\bin\x64\Debug\net472\zSmartClient_UnitTest.dll" adapterTypeName="executor://mstestadapter/v2" className="SmartClient_UnitTest.VideoOS.RemoteClient.Plugin.CentralizedSearch.ViewModels.SearchResultsActionBarViewModelTest" name="SearchResultsActionBarActions_EditBookmark_ResultMovedOutOfSearchScope_EditBookmarkInvokedAndSearchStarted" />
    </UnitTest>
    <UnitTest name="PtzSessionControllerInfoConstructorTest_From_PtzSessionInfo_Patrolling_User" storage="d:\actions-runner\_work\xpco\xpco\sc\components\remoteviewer\smartclient\tst\zsmartclient_unittest\bin\x64\debug\net472\zsmartclient_unittest.dll" id="073071ee-a9ec-09b5-e762-5a4e8dd50939">
      <Execution id="2ad1d4ce-690c-486b-aefa-d0d17d71145b" />
      <TestMethod codeBase="D:\actions-runner\_work\XPCO\XPCO\SC\Components\RemoteViewer\SmartClient\tst\zSmartClient_UnitTest\bin\x64\Debug\net472\zSmartClient_UnitTest.dll" adapterTypeName="executor://mstestadapter/v2" className="VideoOS.RemoteClient.Application.Controllers.UnitTest.PtzSessionControllerTest" name="PtzSessionControllerInfoConstructorTest_From_PtzSessionInfo_Patrolling_User" />
    </UnitTest>
    <UnitTest name="UpdateSearchTemplateAsync_ThrowPathNotFoundMIPException_Success" storage="d:\actions-runner\_work\xpco\xpco\sc\components\remoteviewer\smartclient\tst\zsmartclient_unittest\bin\x64\debug\net472\zsmartclient_unittest.dll" id="e5b42656-0e77-c732-b59e-14f5dfdd136f">
      <TestCategory>
        <TestCategoryItem TestCategory="SearchTemplatesService" />
      </TestCategory>
      <Execution id="5dbe9cfa-ced4-4b10-8859-81e06ff54651" />
      <TestMethod codeBase="D:\actions-runner\_work\XPCO\XPCO\SC\Components\RemoteViewer\SmartClient\tst\zSmartClient_UnitTest\bin\x64\Debug\net472\zSmartClient_UnitTest.dll" adapterTypeName="executor://mstestadapter/v2" className="SmartClient_UnitTest.VideoOS.RemoteClient.Plugin.CentralizedSearch.SearchTemplates.Service.SearchTemplateServiceTests" name="UpdateSearchTemplateAsync_ThrowPathNotFoundMIPException_Success" />
    </UnitTest>
    <UnitTest name="Ctor_NoSearchAgents_Throws" storage="d:\actions-runner\_work\xpco\xpco\sc\components\remoteviewer\smartclient\tst\zsmartclient_unittest\bin\x64\debug\net472\zsmartclient_unittest.dll" id="7f664b57-7413-e68a-c6c0-a58e6b75f164">
      <TestCategory>
        <TestCategoryItem TestCategory="Search" />
      </TestCategory>
      <Execution id="1bda3b0e-2971-4bb0-8a1e-99795cbfc747" />
      <TestMethod codeBase="D:\actions-runner\_work\XPCO\XPCO\SC\Components\RemoteViewer\SmartClient\tst\zSmartClient_UnitTest\bin\x64\Debug\net472\zSmartClient_UnitTest.dll" adapterTypeName="executor://mstestadapter/v2" className="SmartClient_UnitTest.VideoOS.RemoteClient.Plugin.CentralizedSearch.MIPPlugin.CompositeSearchAgentTests" name="Ctor_NoSearchAgents_Throws" />
    </UnitTest>
    <UnitTest name="SearchResultsActionBarActions_ActionResultCreateReport_Success" storage="d:\actions-runner\_work\xpco\xpco\sc\components\remoteviewer\smartclient\tst\zsmartclient_unittest\bin\x64\debug\net472\zsmartclient_unittest.dll" id="f5f2e97a-f5f8-6deb-42be-a32de8760af2">
      <TestCategory>
        <TestCategoryItem TestCategory="SearchResultActionBarViewModel" />
      </TestCategory>
      <Execution id="51da9a05-ecd1-487d-b332-6364edda19e0" />
      <TestMethod codeBase="D:\actions-runner\_work\XPCO\XPCO\SC\Components\RemoteViewer\SmartClient\tst\zSmartClient_UnitTest\bin\x64\Debug\net472\zSmartClient_UnitTest.dll" adapterTypeName="executor://mstestadapter/v2" className="SmartClient_UnitTest.VideoOS.RemoteClient.Plugin.CentralizedSearch.ViewModels.SearchResultsActionBarViewModelTest" name="SearchResultsActionBarActions_ActionResultCreateReport_Success" />
    </UnitTest>
    <UnitTest name="SetIncludePartialResults_ShouldNotFireEvent_WhenSameValueApplied" storage="d:\actions-runner\_work\xpco\xpco\sc\components\remoteviewer\smartclient\tst\zsmartclient_unittest\bin\x64\debug\net472\zsmartclient_unittest.dll" id="9dd385ef-b7c1-a45d-9dea-e00dc401f11c">
      <TestCategory>
        <TestCategoryItem TestCategory="SearchResultsPreprocessor" />
      </TestCategory>
      <Execution id="716bb83a-966f-4e93-9cf3-f6a195b2b164" />
      <TestMethod codeBase="D:\actions-runner\_work\XPCO\XPCO\SC\Components\RemoteViewer\SmartClient\tst\zSmartClient_UnitTest\bin\x64\Debug\net472\zSmartClient_UnitTest.dll" adapterTypeName="executor://mstestadapter/v2" className="SmartClient_UnitTest.VideoOS.RemoteClient.Plugin.CentralizedSearch.Models.SearchResultsPreprocessorTests" name="SetIncludePartialResults_ShouldNotFireEvent_WhenSameValueApplied" />
    </UnitTest>
    <UnitTest name="RemoveSelectedCameraCommand_NoCameraSelected_NoChange" storage="d:\actions-runner\_work\xpco\xpco\sc\components\remoteviewer\smartclient\tst\zsmartclient_unittest\bin\x64\debug\net472\zsmartclient_unittest.dll" id="535a6c4c-9d95-551a-92bd-bde3b28a38d2">
      <TestCategory>
        <TestCategoryItem TestCategory="SearchViewModels" />
      </TestCategory>
      <Execution id="889a8f0e-4e47-4dc4-b1a8-bda5e655bbd1" />
      <TestMethod codeBase="D:\actions-runner\_work\XPCO\XPCO\SC\Components\RemoteViewer\SmartClient\tst\zSmartClient_UnitTest\bin\x64\Debug\net472\zSmartClient_UnitTest.dll" adapterTypeName="executor://mstestadapter/v2" className="SmartClient_UnitTest.VideoOS.RemoteClient.Plugin.CentralizedSearch.ViewModels.SearchViewModelTests" name="RemoveSelectedCameraCommand_NoCameraSelected_NoChange" />
    </UnitTest>
    <UnitTest name="Map_Layers_AddRangeDirectly_Fail" storage="d:\actions-runner\_work\xpco\xpco\sc\components\remoteviewer\smartclient\tst\zsmartclient_unittest\bin\x64\debug\net472\zsmartclient_unittest.dll" id="3377fc03-ebfb-5203-3a6a-1a517b97bfcd">
      <TestCategory>
        <TestCategoryItem TestCategory="GisMapLayers" />
      </TestCategory>
      <Execution id="d2bcf653-4658-40eb-bc53-57f0e485b264" />
      <TestMethod codeBase="D:\actions-runner\_work\XPCO\XPCO\SC\Components\RemoteViewer\SmartClient\tst\zSmartClient_UnitTest\bin\x64\Debug\net472\zSmartClient_UnitTest.dll" adapterTypeName="executor://mstestadapter/v2" className="SmartClient_UnitTest.VideoOS.RemoteClient.GisMapData.GisMapLayerTests" name="Map_Layers_AddRangeDirectly_Fail" />
    </UnitTest>
    <UnitTest name="TestTaskCreation" storage="d:\actions-runner\_work\xpco\xpco\sc\components\remoteviewer\smartclient\tst\zsmartclient_unittest\bin\x64\debug\net472\zsmartclient_unittest.dll" id="0a4bd700-62ec-92c2-9d2a-4cd013e53bcb">
      <Execution id="68d5f267-dad9-4c16-ae5a-60ea732ecc62" />
      <TestMethod codeBase="D:\actions-runner\_work\XPCO\XPCO\SC\Components\RemoteViewer\SmartClient\tst\zSmartClient_UnitTest\bin\x64\Debug\net472\zSmartClient_UnitTest.dll" adapterTypeName="executor://mstestadapter/v2" className="SmartClient_UnitTest.VideoOS.RemoteClient.Application.Managers.EdgeRetrievalTaskManagerUnitTest" name="TestTaskCreation" />
    </UnitTest>
    <UnitTest name="SearchCriteriaOnChanged_ShouldUpdateRegionSelectionFilterValue_WhenCameraScopeIsUpdated" storage="d:\actions-runner\_work\xpco\xpco\sc\components\remoteviewer\smartclient\tst\zsmartclient_unittest\bin\x64\debug\net472\zsmartclient_unittest.dll" id="a2d013ca-7402-4f94-4ab9-860cc766f7d2">
      <TestCategory>
        <TestCategoryItem TestCategory="Search.Wrappers" />
      </TestCategory>
      <Execution id="cd1c43ce-88c4-4b9f-9547-64a1a7a12f22" />
      <TestMethod codeBase="D:\actions-runner\_work\XPCO\XPCO\SC\Components\RemoteViewer\SmartClient\tst\zSmartClient_UnitTest\bin\x64\Debug\net472\zSmartClient_UnitTest.dll" adapterTypeName="executor://mstestadapter/v2" className="SmartClient_UnitTest.VideoOS.RemoteClient.Plugin.CentralizedSearch.Models.Wrappers.SearchDefinitionWrapperTests" name="SearchCriteriaOnChanged_ShouldUpdateRegionSelectionFilterValue_WhenCameraScopeIsUpdated" />
    </UnitTest>
    <UnitTest name="ChangeSorting_WithFocusItem_Success" storage="d:\actions-runner\_work\xpco\xpco\sc\components\remoteviewer\smartclient\tst\zsmartclient_unittest\bin\x64\debug\net472\zsmartclient_unittest.dll" id="1e94fe66-ebdd-242f-d52f-6bae60dddc8c">
      <TestCategory>
        <TestCategoryItem TestCategory="SearchViewModels" />
      </TestCategory>
      <Execution id="85bda2f9-49b7-42ff-99e0-0299481e0928" />
      <TestMethod codeBase="D:\actions-runner\_work\XPCO\XPCO\SC\Components\RemoteViewer\SmartClient\tst\zSmartClient_UnitTest\bin\x64\Debug\net472\zSmartClient_UnitTest.dll" adapterTypeName="executor://mstestadapter/v2" className="SmartClient_UnitTest.VideoOS.RemoteClient.Plugin.CentralizedSearch.ViewModels.SearchViewModelTests" name="ChangeSorting_WithFocusItem_Success" />
    </UnitTest>
    <UnitTest name="LoadStateFrom_OrderResultsBy_RelevanceNotAllowed_ShouldChangeToNewestTriggerTime" storage="d:\actions-runner\_work\xpco\xpco\sc\components\remoteviewer\smartclient\tst\zsmartclient_unittest\bin\x64\debug\net472\zsmartclient_unittest.dll" id="aad983c5-8e27-f320-9ef1-f25fd06b1fff">
      <TestCategory>
        <TestCategoryItem TestCategory="SearchResultViewModels" />
      </TestCategory>
      <Execution id="1a5b8660-2afb-4a0a-b3a8-4589aa8c2613" />
      <TestMethod codeBase="D:\actions-runner\_work\XPCO\XPCO\SC\Components\RemoteViewer\SmartClient\tst\zSmartClient_UnitTest\bin\x64\Debug\net472\zSmartClient_UnitTest.dll" adapterTypeName="executor://mstestadapter/v2" className="SmartClient_UnitTest.VideoOS.RemoteClient.Plugin.CentralizedSearch.ViewModels.SearchResultsViewModelTest" name="LoadStateFrom_OrderResultsBy_RelevanceNotAllowed_ShouldChangeToNewestTriggerTime" />
    </UnitTest>
    <UnitTest name="PtzSessionControllerInfo_ReservedChangedTest_NoChange" storage="d:\actions-runner\_work\xpco\xpco\sc\components\remoteviewer\smartclient\tst\zsmartclient_unittest\bin\x64\debug\net472\zsmartclient_unittest.dll" id="f701d271-970d-88b5-079f-6601babfed26">
      <Execution id="c6da559c-fa9b-4c32-8390-ecf074940233" />
      <TestMethod codeBase="D:\actions-runner\_work\XPCO\XPCO\SC\Components\RemoteViewer\SmartClient\tst\zSmartClient_UnitTest\bin\x64\Debug\net472\zSmartClient_UnitTest.dll" adapterTypeName="executor://mstestadapter/v2" className="VideoOS.RemoteClient.Application.Controllers.UnitTest.PtzSessionControllerTest" name="PtzSessionControllerInfo_ReservedChangedTest_NoChange" />
    </UnitTest>
    <UnitTest name="MicrophoneItemsMapLayer_Load_Save_DataIsSame" storage="d:\actions-runner\_work\xpco\xpco\sc\components\remoteviewer\smartclient\tst\zsmartclient_unittest\bin\x64\debug\net472\zsmartclient_unittest.dll" id="58078e76-fc8c-090d-f603-a4db3d83abcc">
      <TestCategory>
        <TestCategoryItem TestCategory="GisMapLayer" />
      </TestCategory>
      <Execution id="66997d59-20d5-4107-9983-9044262a2d03" />
      <TestMethod codeBase="D:\actions-runner\_work\XPCO\XPCO\SC\Components\RemoteViewer\SmartClient\tst\zSmartClient_UnitTest\bin\x64\Debug\net472\zSmartClient_UnitTest.dll" adapterTypeName="executor://mstestadapter/v2" className="SmartClient_UnitTest.VideoOS.RemoteClient.GisMap.MapLayers.GisMapLayerTests" name="MicrophoneItemsMapLayer_Load_Save_DataIsSame" />
    </UnitTest>
    <UnitTest name="UpdateScope_NoChanges_ReturnsFalse" storage="d:\actions-runner\_work\xpco\xpco\sc\components\remoteviewer\smartclient\tst\zsmartclient_unittest\bin\x64\debug\net472\zsmartclient_unittest.dll" id="8d0f5bca-e5ea-0fcc-cf70-4bf5237286c3">
      <TestCategory>
        <TestCategoryItem TestCategory="SearchModels" />
      </TestCategory>
      <Execution id="0082a93a-4240-48be-8aff-bae122c8e386" />
      <TestMethod codeBase="D:\actions-runner\_work\XPCO\XPCO\SC\Components\RemoteViewer\SmartClient\tst\zSmartClient_UnitTest\bin\x64\Debug\net472\zSmartClient_UnitTest.dll" adapterTypeName="executor://mstestadapter/v2" className="SmartClient_UnitTest.VideoOS.RemoteClient.Plugin.CentralizedSearch.Models.SearchScopeTests" name="UpdateScope_NoChanges_ReturnsFalse" />
    </UnitTest>
    <UnitTest name="Decorate_ShouldNotAddChildren_WhenThereIsCameraLayerButNotViewZoneLayer" storage="d:\actions-runner\_work\xpco\xpco\sc\components\remoteviewer\smartclient\tst\zsmartclient_unittest\bin\x64\debug\net472\zsmartclient_unittest.dll" id="369c6e4e-5e84-29f7-23b9-0a90869fcac4">
      <TestCategory>
        <TestCategoryItem TestCategory="GisMap.LayerVisibilityItemDataChildrenViewZoneDecoratorTests" />
      </TestCategory>
      <Execution id="1d1b5c55-f54c-49a4-925b-38a642257806" />
      <TestMethod codeBase="D:\actions-runner\_work\XPCO\XPCO\SC\Components\RemoteViewer\SmartClient\tst\zSmartClient_UnitTest\bin\x64\Debug\net472\zSmartClient_UnitTest.dll" adapterTypeName="executor://mstestadapter/v2" className="SmartClient_UnitTest.VideoOS.RemoteClient.Plugin.GisMap.ViewModels.LayersVisibility.Decorators.LayerVisibilityItemDataChildrenViewZoneDecoratorTests" name="Decorate_ShouldNotAddChildren_WhenThereIsCameraLayerButNotViewZoneLayer" />
    </UnitTest>
    <UnitTest name="GetWorkspaceToolbarItems_ShouldReturnNormalToolbarItemDisabledSetupToolbarItemEnabled_WhenWorkspaceStateIsSetup" storage="d:\actions-runner\_work\xpco\xpco\sc\components\remoteviewer\smartclient\tst\zsmartclient_unittest\bin\x64\debug\net472\zsmartclient_unittest.dll" id="c2f67433-8910-98a5-d9a8-3181ecfa6a6e">
      <TestCategory>
        <TestCategoryItem TestCategory="WorkspaceToolbar" />
      </TestCategory>
      <Execution id="47e319bb-8a8c-453f-9387-1c3406c8f8fb" />
      <TestMethod codeBase="D:\actions-runner\_work\XPCO\XPCO\SC\Components\RemoteViewer\SmartClient\tst\zSmartClient_UnitTest\bin\x64\Debug\net472\zSmartClient_UnitTest.dll" adapterTypeName="executor://mstestadapter/v2" className="SmartClient_UnitTest.VideoOS.RemoteClient.Application.UI.Content.WorkspaceToolbar.MIPWorkspaceToolbarItemManagerTests" name="GetWorkspaceToolbarItems_ShouldReturnNormalToolbarItemDisabledSetupToolbarItemEnabled_WhenWorkspaceStateIsSetup" />
    </UnitTest>
    <UnitTest name="BookmarkSearchTime_WithSearchStringInDifferentCases_ReturnCorrectBookmarkWithSearchStringInDescription (SeArChStRiNg,False,True,True,True,,,1)" storage="d:\actions-runner\_work\xpco\xpco\sc\components\remoteviewer\smartclient\tst\zsmartclient_unittest\bin\x64\debug\net472\zsmartclient_unittest.dll" id="58207370-d2d3-1d5b-355d-7ed4a3b1c8b1">
      <Execution id="526ce660-08a3-477b-b9d1-2f662013db44" />
      <TestMethod codeBase="D:\actions-runner\_work\XPCO\XPCO\SC\Components\RemoteViewer\SmartClient\tst\zSmartClient_UnitTest\bin\x64\Debug\net472\zSmartClient_UnitTest.dll" adapterTypeName="executor://mstestadapter/v2" className="SmartClient_UnitTest.VideoOS.RemoteClient.Application.Data.Offline.UnitTest.BookmarkExportReaderTest" name="BookmarkSearchTime_WithSearchStringInDifferentCases_ReturnCorrectBookmarkWithSearchStringInDescription" />
    </UnitTest>
    <UnitTest name="AddToSearchButtonEnabledState_AllScenarios_Success" storage="d:\actions-runner\_work\xpco\xpco\sc\components\remoteviewer\smartclient\tst\zsmartclient_unittest\bin\x64\debug\net472\zsmartclient_unittest.dll" id="9dce6ef1-0bfb-ffc5-b0e0-e06717bb70cf">
      <TestCategory>
        <TestCategoryItem TestCategory="SearchControls" />
      </TestCategory>
      <Execution id="0cd4badf-97a6-4a91-90d8-23bbf3061f2b" />
      <TestMethod codeBase="D:\actions-runner\_work\XPCO\XPCO\SC\Components\RemoteViewer\SmartClient\tst\zSmartClient_UnitTest\bin\x64\Debug\net472\zSmartClient_UnitTest.dll" adapterTypeName="executor://mstestadapter/v2" className="SmartClient_UnitTest.VideoOS.RemoteClient.Plugin.CentralizedSearch.Views.Controls.SearchCategorySelect.SelectSearchCategoryLayoutTests" name="AddToSearchButtonEnabledState_AllScenarios_Success" />
    </UnitTest>
    <UnitTest name="BuildContentOptions_ShouldReturnInternalTab (00000000-0000-0000-0000-000000000000,False)" storage="d:\actions-runner\_work\xpco\xpco\sc\components\remoteviewer\smartclient\tst\zsmartclient_unittest\bin\x64\debug\net472\zsmartclient_unittest.dll" id="95de192a-ea76-d295-f88b-c527532da98d">
      <Execution id="3de60263-be0c-4512-9a00-83af22ca97f0" />
      <TestMethod codeBase="D:\actions-runner\_work\XPCO\XPCO\SC\Components\RemoteViewer\SmartClient\tst\zSmartClient_UnitTest\bin\x64\Debug\net472\zSmartClient_UnitTest.dll" adapterTypeName="executor://mstestadapter/v2" className="SmartClient_UnitTest.VideoOS.RemoteClient.Application.Common.Telemetry.TelemetryBuilderTests" name="BuildContentOptions_ShouldReturnInternalTab" />
    </UnitTest>
    <UnitTest name="GetViewGroups" storage="d:\actions-runner\_work\xpco\xpco\sc\components\remoteviewer\smartclient\tst\zsmartclient_unittest\bin\x64\debug\net472\zsmartclient_unittest.dll" id="15f7fdde-30c5-c5bb-c91a-0ce0590214e2">
      <Execution id="15894a28-561d-4b7f-ac2c-1c7199805af0" />
      <TestMethod codeBase="D:\actions-runner\_work\XPCO\XPCO\SC\Components\RemoteViewer\SmartClient\tst\zSmartClient_UnitTest\bin\x64\Debug\net472\zSmartClient_UnitTest.dll" adapterTypeName="executor://mstestadapter/v2" className="SmartClient_UnitTest.VideoOS.Shared.ViewGroupSerializationControllerTests" name="GetViewGroups" />
    </UnitTest>
    <UnitTest name="GetResultGroups_ShouldReturnOnlyCombinedGroup_WhenAllResultsAreCombined" storage="d:\actions-runner\_work\xpco\xpco\sc\components\remoteviewer\smartclient\tst\zsmartclient_unittest\bin\x64\debug\net472\zsmartclient_unittest.dll" id="7cda1263-ac69-512e-7ac9-aa77b99959cd">
      <TestCategory>
        <TestCategoryItem TestCategory="SearchResultActionBarViewModel" />
      </TestCategory>
      <Execution id="bc93464f-ccfc-4715-a660-bafb9895a011" />
      <TestMethod codeBase="D:\actions-runner\_work\XPCO\XPCO\SC\Components\RemoteViewer\SmartClient\tst\zSmartClient_UnitTest\bin\x64\Debug\net472\zSmartClient_UnitTest.dll" adapterTypeName="executor://mstestadapter/v2" className="SmartClient_UnitTest.VideoOS.RemoteClient.Plugin.CentralizedSearch.ViewModels.SearchResultsActionBarViewModelTest" name="GetResultGroups_ShouldReturnOnlyCombinedGroup_WhenAllResultsAreCombined" />
    </UnitTest>
    <UnitTest name="ToDenormalizedFieldOfView_GreaterThan1_0_Failure" storage="d:\actions-runner\_work\xpco\xpco\sc\components\remoteviewer\smartclient\tst\zsmartclient_unittest\bin\x64\debug\net472\zsmartclient_unittest.dll" id="68a0cb09-28c6-2900-d9b8-f1de6e183f62">
      <TestCategory>
        <TestCategoryItem TestCategory="GisMap" />
      </TestCategory>
      <Execution id="01115037-901c-4cb1-bf11-a94e22456c32" />
      <TestMethod codeBase="D:\actions-runner\_work\XPCO\XPCO\SC\Components\RemoteViewer\SmartClient\tst\zSmartClient_UnitTest\bin\x64\Debug\net472\zSmartClient_UnitTest.dll" adapterTypeName="executor://mstestadapter/v2" className="SmartClient_UnitTest.VideoOS.RemoteClient.GisMap.Utilities.GisUtilityTests" name="ToDenormalizedFieldOfView_GreaterThan1_0_Failure" />
    </UnitTest>
    <UnitTest name="OutputIconStates_ShouldReturnOutputIconStatesInAProperOrder_WhenCalled" storage="d:\actions-runner\_work\xpco\xpco\sc\components\remoteviewer\smartclient\tst\zsmartclient_unittest\bin\x64\debug\net472\zsmartclient_unittest.dll" id="3b017c71-375f-442c-f7b3-12802f145c64">
      <TestCategory>
        <TestCategoryItem TestCategory="GisMapData.OutputOemResourcesProviderTests" />
      </TestCategory>
      <Execution id="405317cf-218a-4b25-a615-31a5698822b9" />
      <TestMethod codeBase="D:\actions-runner\_work\XPCO\XPCO\SC\Components\RemoteViewer\SmartClient\tst\zSmartClient_UnitTest\bin\x64\Debug\net472\zSmartClient_UnitTest.dll" adapterTypeName="executor://mstestadapter/v2" className="SmartClient_UnitTest.VideoOS.RemoteClient.GisMapData.Resources.OutputOemResourcesProviderTests" name="OutputIconStates_ShouldReturnOutputIconStatesInAProperOrder_WhenCalled" />
    </UnitTest>
    <UnitTest name="CameraSearch_ShouldBeRenewed_WhenSystemInformationChanges" storage="d:\actions-runner\_work\xpco\xpco\sc\components\remoteviewer\smartclient\tst\zsmartclient_unittest\bin\x64\debug\net472\zsmartclient_unittest.dll" id="597f2f58-81bb-4d82-b5c8-d8c0619f1925">
      <TestCategory>
        <TestCategoryItem TestCategory="SearchViewModels" />
      </TestCategory>
      <Execution id="6378d79c-8c94-4da7-bb53-03419ff87d04" />
      <TestMethod codeBase="D:\actions-runner\_work\XPCO\XPCO\SC\Components\RemoteViewer\SmartClient\tst\zSmartClient_UnitTest\bin\x64\Debug\net472\zSmartClient_UnitTest.dll" adapterTypeName="executor://mstestadapter/v2" className="SmartClient_UnitTest.VideoOS.RemoteClient.Plugin.CentralizedSearch.ViewModels.SearchViewModelTests" name="CameraSearch_ShouldBeRenewed_WhenSystemInformationChanges" />
    </UnitTest>
    <UnitTest name="IconValueConverter_ConvertInvalidIconSource_Null" storage="d:\actions-runner\_work\xpco\xpco\sc\components\remoteviewer\smartclient\tst\zsmartclient_unittest\bin\x64\debug\net472\zsmartclient_unittest.dll" id="dc138ee9-21ff-a5b7-13f9-f62a771c926b">
      <TestCategory>
        <TestCategoryItem TestCategory="SearchConverter" />
      </TestCategory>
      <Execution id="e46698cc-270b-4a92-9cb0-bdc3ab9f71df" />
      <TestMethod codeBase="D:\actions-runner\_work\XPCO\XPCO\SC\Components\RemoteViewer\SmartClient\tst\zSmartClient_UnitTest\bin\x64\Debug\net472\zSmartClient_UnitTest.dll" adapterTypeName="executor://mstestadapter/v2" className="SmartClient_UnitTest.VideoOS.RemoteClient.Plugin.CentralizedSearch.Views.Converters.IconValueConverterTests" name="IconValueConverter_ConvertInvalidIconSource_Null" />
    </UnitTest>
    <UnitTest name="ClipLength_ValueCorrect" storage="d:\actions-runner\_work\xpco\xpco\sc\components\remoteviewer\smartclient\tst\zsmartclient_unittest\bin\x64\debug\net472\zsmartclient_unittest.dll" id="406cee59-f4cd-7984-c0a3-27cb754058dc">
      <Execution id="dedbf09f-542c-4610-9f32-5d2e04736bb5" />
      <TestMethod codeBase="D:\actions-runner\_work\XPCO\XPCO\SC\Components\RemoteViewer\SmartClient\tst\zSmartClient_UnitTest\bin\x64\Debug\net472\zSmartClient_UnitTest.dll" adapterTypeName="executor://mstestadapter/v2" className="SmartClient_UnitTest.VideoOS.RemoteClient.Plugin.CentralizedSearch.MIPPlugin.Results.VideoSearchResultUserControlTests" name="ClipLength_ValueCorrect" />
    </UnitTest>
    <UnitTest name="RemoveItems_ThreeMapItems_ThreeClusterChanges" storage="d:\actions-runner\_work\xpco\xpco\sc\components\remoteviewer\smartclient\tst\zsmartclient_unittest\bin\x64\debug\net472\zsmartclient_unittest.dll" id="ebac5c23-cf94-d057-1e07-261b56c40f5f">
      <TestCategory>
        <TestCategoryItem TestCategory="GisMapIndex" />
      </TestCategory>
      <Execution id="a5753eb1-c03f-4baf-a6a8-61edd4ad1eb4" />
      <TestMethod codeBase="D:\actions-runner\_work\XPCO\XPCO\SC\Components\RemoteViewer\SmartClient\tst\zSmartClient_UnitTest\bin\x64\Debug\net472\zSmartClient_UnitTest.dll" adapterTypeName="executor://mstestadapter/v2" className="SmartClient_UnitTest.VideoOS.RemoteClient.GisMapData.Common.Indexer.MapItemIndexerTests" name="RemoveItems_ThreeMapItems_ThreeClusterChanges" />
    </UnitTest>
    <UnitTest name="PtzPresetsMenuViewModelConstructorTest" storage="d:\actions-runner\_work\xpco\xpco\sc\components\remoteviewer\smartclient\tst\zsmartclient_unittest\bin\x64\debug\net472\zsmartclient_unittest.dll" id="d710cb6b-c383-23e9-04a7-380523480bf6">
      <Execution id="6ef8b7f1-b4b3-4b7d-aced-3ac6d619d805" />
      <TestMethod codeBase="D:\actions-runner\_work\XPCO\XPCO\SC\Components\RemoteViewer\SmartClient\tst\zSmartClient_UnitTest\bin\x64\Debug\net472\zSmartClient_UnitTest.dll" adapterTypeName="executor://mstestadapter/v2" className="SmartClient_UnitTest.VideoOS.RemoteClient.Plugin.Map.WPFObjects.PtzInfoViewModelUnitTest" name="PtzPresetsMenuViewModelConstructorTest" />
    </UnitTest>
    <UnitTest name="SearchTemplatesEnabled_SaveSearchesServerOptionIsFalse_ReturnsFalse" storage="d:\actions-runner\_work\xpco\xpco\sc\components\remoteviewer\smartclient\tst\zsmartclient_unittest\bin\x64\debug\net472\zsmartclient_unittest.dll" id="faf9bd45-1e34-2d61-de4a-11b39437c102">
      <TestCategory>
        <TestCategoryItem TestCategory="SearchViewModels" />
      </TestCategory>
      <Execution id="cb782c88-6b60-4505-aa60-034e1935f080" />
      <TestMethod codeBase="D:\actions-runner\_work\XPCO\XPCO\SC\Components\RemoteViewer\SmartClient\tst\zSmartClient_UnitTest\bin\x64\Debug\net472\zSmartClient_UnitTest.dll" adapterTypeName="executor://mstestadapter/v2" className="SmartClient_UnitTest.VideoOS.RemoteClient.Plugin.CentralizedSearch.ViewModels.SearchViewModelTests" name="SearchTemplatesEnabled_SaveSearchesServerOptionIsFalse_ReturnsFalse" />
    </UnitTest>
    <UnitTest name="RemoveDefinition_WithRunningSearch_SearchCancelledAndResultsCleared" storage="d:\actions-runner\_work\xpco\xpco\sc\components\remoteviewer\smartclient\tst\zsmartclient_unittest\bin\x64\debug\net472\zsmartclient_unittest.dll" id="90f737d2-bf89-5d2f-b28c-8cecebbed027">
      <TestCategory>
        <TestCategoryItem TestCategory="SearchModels" />
      </TestCategory>
      <Execution id="31bf1179-68b3-40ed-8116-0e5331979d48" />
      <TestMethod codeBase="D:\actions-runner\_work\XPCO\XPCO\SC\Components\RemoteViewer\SmartClient\tst\zSmartClient_UnitTest\bin\x64\Debug\net472\zSmartClient_UnitTest.dll" adapterTypeName="executor://mstestadapter/v2" className="SmartClient_UnitTest.VideoOS.RemoteClient.Plugin.CentralizedSearch.Models.SearchModelTests" name="RemoveDefinition_WithRunningSearch_SearchCancelledAndResultsCleared" />
    </UnitTest>
    <UnitTest name="IncludeViewItemToggledEvent_ShouldRemoveViewItemFromIncludedViewItems_WhenIncludedIsFalseOnContentHolderControl" storage="d:\actions-runner\_work\xpco\xpco\sc\components\remoteviewer\smartclient\tst\zsmartclient_unittest\bin\x64\debug\net472\zsmartclient_unittest.dll" id="add54532-7e20-f473-1fef-d0865cc9a84b">
      <TestCategory>
        <TestCategoryItem TestCategory="ContentHolder" />
      </TestCategory>
      <Execution id="2a00833f-acf7-4e24-9b33-f92eb0e0372d" />
      <TestMethod codeBase="D:\actions-runner\_work\XPCO\XPCO\SC\Components\RemoteViewer\SmartClient\tst\zSmartClient_UnitTest\bin\x64\Debug\net472\zSmartClient_UnitTest.dll" adapterTypeName="executor://mstestadapter/v2" className="SmartClient_UnitTest.VideoOS.RemoteClient.Application.Data.ContentTypes.ContentTypeBase.ContentHolderBaseTests" name="IncludeViewItemToggledEvent_ShouldRemoveViewItemFromIncludedViewItems_WhenIncludedIsFalseOnContentHolderControl" />
    </UnitTest>
    <UnitTest name="Constructor_ShouldRaiseArgumentNullException_WhenWorkroomIsNull" storage="d:\actions-runner\_work\xpco\xpco\sc\components\remoteviewer\smartclient\tst\zsmartclient_unittest\bin\x64\debug\net472\zsmartclient_unittest.dll" id="8ac6bfd4-1fa8-6445-4d9e-b8a25f795922">
      <TestCategory>
        <TestCategoryItem TestCategory="GisMap.DeviceSelectorWindowViewModel" />
      </TestCategory>
      <Execution id="2ec58bd6-1521-43c4-a102-764d0f9e3e24" />
      <TestMethod codeBase="D:\actions-runner\_work\XPCO\XPCO\SC\Components\RemoteViewer\SmartClient\tst\zSmartClient_UnitTest\bin\x64\Debug\net472\zSmartClient_UnitTest.dll" adapterTypeName="executor://mstestadapter/v2" className="SmartClient_UnitTest.VideoOS.RemoteClient.Plugin.GisMap.ViewModels.DeviceSelectorWindowViewModelTests" name="Constructor_ShouldRaiseArgumentNullException_WhenWorkroomIsNull" />
    </UnitTest>
    <UnitTest name="GetServerTypes_ShouldReturnEventServerType" storage="d:\actions-runner\_work\xpco\xpco\sc\components\remoteviewer\smartclient\tst\zsmartclient_unittest\bin\x64\debug\net472\zsmartclient_unittest.dll" id="f7818ee3-e956-b295-d253-9fdf096ceee7">
      <Execution id="be14c71c-e5ba-49eb-ad7c-551a53442d6f" />
      <TestMethod codeBase="D:\actions-runner\_work\XPCO\XPCO\SC\Components\RemoteViewer\SmartClient\tst\zSmartClient_UnitTest\bin\x64\Debug\net472\zSmartClient_UnitTest.dll" adapterTypeName="executor://mstestadapter/v2" className="SmartClient_UnitTest.VideoOS.RemoteClient.Application.Data.ContentTypes.ReportingContentType.DashboardExtentionsTest" name="GetServerTypes_ShouldReturnEventServerType" />
    </UnitTest>
    <UnitTest name="PatrollingProfileListViewModel_Save_CreateProfile_Failed" storage="d:\actions-runner\_work\xpco\xpco\sc\components\remoteviewer\smartclient\tst\zsmartclient_unittest\bin\x64\debug\net472\zsmartclient_unittest.dll" id="199e5799-986d-710e-fa92-973a198651af">
      <Execution id="2f6c7ccf-aa40-4f71-a47f-b6cd1dc36a87" />
      <TestMethod codeBase="D:\actions-runner\_work\XPCO\XPCO\SC\Components\RemoteViewer\SmartClient\tst\zSmartClient_UnitTest\bin\x64\Debug\net472\zSmartClient_UnitTest.dll" adapterTypeName="executor://mstestadapter/v2" className="SmartClient_UnitTest.VideoOS.RemoteClient.Application.UI.PtzPreset.PatrollingViewModel.PatrollingProfileListViewModelTest" name="PatrollingProfileListViewModel_Save_CreateProfile_Failed" />
    </UnitTest>
    <UnitTest name="Remove_ShouldRemoveViewItemFromIncludedViewItemsForSelectedView" storage="d:\actions-runner\_work\xpco\xpco\sc\components\remoteviewer\smartclient\tst\zsmartclient_unittest\bin\x64\debug\net472\zsmartclient_unittest.dll" id="787ee61a-eea4-f68b-10a6-56765d45d4e8">
      <TestCategory>
        <TestCategoryItem TestCategory="ApplicationController" />
      </TestCategory>
      <Execution id="cc6561e3-9799-4779-9df0-b09af5edfd3d" />
      <TestMethod codeBase="D:\actions-runner\_work\XPCO\XPCO\SC\Components\RemoteViewer\SmartClient\tst\zSmartClient_UnitTest\bin\x64\Debug\net472\zSmartClient_UnitTest.dll" adapterTypeName="executor://mstestadapter/v2" className="VideoOS.RemoteClient.Application.Controllers.UnitTest.IncludedViewItemsTest" name="Remove_ShouldRemoveViewItemFromIncludedViewItemsForSelectedView" />
    </UnitTest>
    <UnitTest name="OnLayersRetrieved_ShouldSetComponentsOrdered_WhenLayersCollectionContainsCameraAndInputAndOutput" storage="d:\actions-runner\_work\xpco\xpco\sc\components\remoteviewer\smartclient\tst\zsmartclient_unittest\bin\x64\debug\net472\zsmartclient_unittest.dll" id="18369d63-550f-80cc-1769-12a3b1196b7b">
      <TestCategory>
        <TestCategoryItem TestCategory="GisMap.DeviceSelectorWindowViewModel" />
      </TestCategory>
      <Execution id="5d5c9105-2259-48c9-ae3a-89f676f0c2c0" />
      <TestMethod codeBase="D:\actions-runner\_work\XPCO\XPCO\SC\Components\RemoteViewer\SmartClient\tst\zSmartClient_UnitTest\bin\x64\Debug\net472\zSmartClient_UnitTest.dll" adapterTypeName="executor://mstestadapter/v2" className="SmartClient_UnitTest.VideoOS.RemoteClient.Plugin.GisMap.ViewModels.DeviceSelectorWindowViewModelTests" name="OnLayersRetrieved_ShouldSetComponentsOrdered_WhenLayersCollectionContainsCameraAndInputAndOutput" />
    </UnitTest>
    <UnitTest name="IsServer_ShouldReturnTrue_WhenAllServersSelected" storage="d:\actions-runner\_work\xpco\xpco\sc\components\remoteviewer\smartclient\tst\zsmartclient_unittest\bin\x64\debug\net472\zsmartclient_unittest.dll" id="a890ab18-0d5c-e9a7-db4d-696ea60071f9">
      <Execution id="d54b1ecc-a227-4e56-9516-ee6b57d0c095" />
      <TestMethod codeBase="D:\actions-runner\_work\XPCO\XPCO\SC\Components\RemoteViewer\SmartClient\tst\zSmartClient_UnitTest\bin\x64\Debug\net472\zSmartClient_UnitTest.dll" adapterTypeName="executor://mstestadapter/v2" className="SmartClient_UnitTest.VideoOS.RemoteClient.Application.Data.ContentTypes.ReportingContentType.DashboardExtentionsTest" name="IsServer_ShouldReturnTrue_WhenAllServersSelected" />
    </UnitTest>
    <UnitTest name="DrawItems_200KResultItems_Success" storage="d:\actions-runner\_work\xpco\xpco\sc\components\remoteviewer\smartclient\tst\zsmartclient_unittest\bin\x64\debug\net472\zsmartclient_unittest.dll" id="d2bdec8a-ca9e-7ce3-8f9b-b4cc3a8ec042">
      <TestCategory>
        <TestCategoryItem TestCategory="SearchControls" />
        <TestCategoryItem TestCategory="TestRunOnClient" />
      </TestCategory>
      <Execution id="be81c3c3-5f70-4840-9a5d-4c4d1c6167a9" />
      <TestMethod codeBase="D:\actions-runner\_work\XPCO\XPCO\SC\Components\RemoteViewer\SmartClient\tst\zSmartClient_UnitTest\bin\x64\Debug\net472\zSmartClient_UnitTest.dll" adapterTypeName="executor://mstestadapter/v2" className="SmartClient_UnitTest.VideoOS.RemoteClient.Plugin.CentralizedSearch.Views.Controls.TimelineRuler.TimelineRulerControlTests" name="DrawItems_200KResultItems_Success" />
    </UnitTest>
    <UnitTest name="OnLayersRetrieved_ShouldSetComponentsOrdered_WhenLayersCollectionContainsInputAndOutputAndCamera" storage="d:\actions-runner\_work\xpco\xpco\sc\components\remoteviewer\smartclient\tst\zsmartclient_unittest\bin\x64\debug\net472\zsmartclient_unittest.dll" id="3d7ba390-9a7b-bdaa-74a4-97118816f256">
      <TestCategory>
        <TestCategoryItem TestCategory="GisMap.DeviceSelectorWindowViewModel" />
      </TestCategory>
      <Execution id="2c86aca6-725b-445a-9ad3-a529d3e5ecdd" />
      <TestMethod codeBase="D:\actions-runner\_work\XPCO\XPCO\SC\Components\RemoteViewer\SmartClient\tst\zSmartClient_UnitTest\bin\x64\Debug\net472\zSmartClient_UnitTest.dll" adapterTypeName="executor://mstestadapter/v2" className="SmartClient_UnitTest.VideoOS.RemoteClient.Plugin.GisMap.ViewModels.DeviceSelectorWindowViewModelTests" name="OnLayersRetrieved_ShouldSetComponentsOrdered_WhenLayersCollectionContainsInputAndOutputAndCamera" />
    </UnitTest>
    <UnitTest name="Domain_ShouldThrow_InvalidOperationException_WhenConstructedUsingExternal" storage="d:\actions-runner\_work\xpco\xpco\sc\components\remoteviewer\smartclient\tst\zsmartclient_unittest\bin\x64\debug\net472\zsmartclient_unittest.dll" id="37275f45-b603-68a0-1bd8-9697e06c83fc">
      <TestCategory>
        <TestCategoryItem TestCategory="Authentication.ClientCredentials" />
      </TestCategory>
      <Execution id="94302521-331e-48af-ab09-c4f169f36cda" />
      <TestMethod codeBase="D:\actions-runner\_work\XPCO\XPCO\SC\Components\RemoteViewer\SmartClient\tst\zSmartClient_UnitTest\bin\x64\Debug\net472\zSmartClient_UnitTest.dll" adapterTypeName="executor://mstestadapter/v2" className="SmartClient_UnitTest.VideoOS.Shared.ServerAPI.ClientCredentialsTest" name="Domain_ShouldThrow_InvalidOperationException_WhenConstructedUsingExternal" />
    </UnitTest>
    <UnitTest name="OnLayersRetrieved_ShouldSetComponentsToCamera_WhenLayersCollectionContainsCamera" storage="d:\actions-runner\_work\xpco\xpco\sc\components\remoteviewer\smartclient\tst\zsmartclient_unittest\bin\x64\debug\net472\zsmartclient_unittest.dll" id="652759b5-622f-10aa-539b-69455d2a0fcb">
      <TestCategory>
        <TestCategoryItem TestCategory="GisMap.DeviceSelectorWindowViewModel" />
      </TestCategory>
      <Execution id="9cc97924-2861-440e-b82c-3baa7350cbe2" />
      <TestMethod codeBase="D:\actions-runner\_work\XPCO\XPCO\SC\Components\RemoteViewer\SmartClient\tst\zSmartClient_UnitTest\bin\x64\Debug\net472\zSmartClient_UnitTest.dll" adapterTypeName="executor://mstestadapter/v2" className="SmartClient_UnitTest.VideoOS.RemoteClient.Plugin.GisMap.ViewModels.DeviceSelectorWindowViewModelTests" name="OnLayersRetrieved_ShouldSetComponentsToCamera_WhenLayersCollectionContainsCamera" />
    </UnitTest>
    <UnitTest name="MenuItemIcon_ShouldBeSet_WhenSuppliedInCtor" storage="d:\actions-runner\_work\xpco\xpco\sc\components\remoteviewer\smartclient\tst\zsmartclient_unittest\bin\x64\debug\net472\zsmartclient_unittest.dll" id="21b483a6-27e8-bb30-b612-d3263e5cc6f1">
      <TestCategory>
        <TestCategoryItem TestCategory="GisMapMip" />
      </TestCategory>
      <Execution id="0ad7b204-b6db-447d-bf13-5a24abfd08e7" />
      <TestMethod codeBase="D:\actions-runner\_work\XPCO\XPCO\SC\Components\RemoteViewer\SmartClient\tst\zSmartClient_UnitTest\bin\x64\Debug\net472\zSmartClient_UnitTest.dll" adapterTypeName="executor://mstestadapter/v2" className="SmartClient_UnitTest.VideoOS.RemoteClient.Plugin.GisMap.ThinkGeoMap.ContextMenuUtils.RemoveMipItemContextMenuTests" name="MenuItemIcon_ShouldBeSet_WhenSuppliedInCtor" />
    </UnitTest>
    <UnitTest name="Constructor_ShouldAttachOnUpdateUnmutedMicrophonesRaised_WhenCalled" storage="d:\actions-runner\_work\xpco\xpco\sc\components\remoteviewer\smartclient\tst\zsmartclient_unittest\bin\x64\debug\net472\zsmartclient_unittest.dll" id="1d64d188-2f85-c3c0-9756-83b6a2cd8474">
      <TestCategory>
        <TestCategoryItem TestCategory="GisMapData.MapLayers" />
      </TestCategory>
      <Execution id="203f65c1-0fce-40c6-a3e6-251c1997dbc5" />
      <TestMethod codeBase="D:\actions-runner\_work\XPCO\XPCO\SC\Components\RemoteViewer\SmartClient\tst\zSmartClient_UnitTest\bin\x64\Debug\net472\zSmartClient_UnitTest.dll" adapterTypeName="executor://mstestadapter/v2" className="SmartClient_UnitTest.VideoOS.RemoteClient.GisMapData.MapLayers.MicrophoneItemsMapLayerTests" name="Constructor_ShouldAttachOnUpdateUnmutedMicrophonesRaised_WhenCalled" />
    </UnitTest>
    <UnitTest name="OnLoaded_ValidConfigurationInlineEditNoUserControl_InlineAttributeEditControlNotSet" storage="d:\actions-runner\_work\xpco\xpco\sc\components\remoteviewer\smartclient\tst\zsmartclient_unittest\bin\x64\debug\net472\zsmartclient_unittest.dll" id="7d0d6edf-f56b-d148-3827-35b36e3e80c4">
      <TestCategory>
        <TestCategoryItem TestCategory="SearchViews" />
      </TestCategory>
      <Execution id="55213772-5809-43a7-a442-ba0d99fd29dc" />
      <TestMethod codeBase="D:\actions-runner\_work\XPCO\XPCO\SC\Components\RemoteViewer\SmartClient\tst\zSmartClient_UnitTest\bin\x64\Debug\net472\zSmartClient_UnitTest.dll" adapterTypeName="executor://mstestadapter/v2" className="SmartClient_UnitTest.VideoOS.RemoteClient.Plugin.CentralizedSearch.Views.SearchAttributeViewTests" name="OnLoaded_ValidConfigurationInlineEditNoUserControl_InlineAttributeEditControlNotSet" />
    </UnitTest>
    <UnitTest name="SearchResultsActionBarActions_DeleteBookmark_2Results1Failed_DeleteBookmarkInvoked" storage="d:\actions-runner\_work\xpco\xpco\sc\components\remoteviewer\smartclient\tst\zsmartclient_unittest\bin\x64\debug\net472\zsmartclient_unittest.dll" id="b6ee4187-2f4d-362e-5b8c-3b73aeaf5c65">
      <TestCategory>
        <TestCategoryItem TestCategory="Search.Bookmarks" />
      </TestCategory>
      <Execution id="f2bb1c7f-b02b-4f35-9010-33eb891a41d3" />
      <TestMethod codeBase="D:\actions-runner\_work\XPCO\XPCO\SC\Components\RemoteViewer\SmartClient\tst\zSmartClient_UnitTest\bin\x64\Debug\net472\zSmartClient_UnitTest.dll" adapterTypeName="executor://mstestadapter/v2" className="SmartClient_UnitTest.VideoOS.RemoteClient.Plugin.CentralizedSearch.ViewModels.SearchResultsActionBarViewModelTest" name="SearchResultsActionBarActions_DeleteBookmark_2Results1Failed_DeleteBookmarkInvoked" />
    </UnitTest>
    <UnitTest name="ShowPermissionDeniedStatusBarError_ShouldSendAMessage (5,1)" storage="d:\actions-runner\_work\xpco\xpco\sc\components\remoteviewer\smartclient\tst\zsmartclient_unittest\bin\x64\debug\net472\zsmartclient_unittest.dll" id="7fa4e74d-d917-b5cf-9ec9-cff6147ce87d">
      <TestCategory>
        <TestCategoryItem TestCategory="Managers" />
      </TestCategory>
      <Execution id="fac365bf-578a-4289-8926-2b23ddebc0b8" />
      <TestMethod codeBase="D:\actions-runner\_work\XPCO\XPCO\SC\Components\RemoteViewer\SmartClient\tst\zSmartClient_UnitTest\bin\x64\Debug\net472\zSmartClient_UnitTest.dll" adapterTypeName="executor://mstestadapter/v2" className="SmartClient_UnitTest.VideoOS.RemoteClient.Application.Managers.ExportResultsNotificationHelperTests" name="ShowPermissionDeniedStatusBarError_ShouldSendAMessage" />
    </UnitTest>
    <UnitTest name="SignUrl_WhereSignatureIsNotBase64_ThrowException" storage="d:\actions-runner\_work\xpco\xpco\sc\components\remoteviewer\smartclient\tst\zsmartclient_unittest\bin\x64\debug\net472\zsmartclient_unittest.dll" id="b5155b68-06cf-ff0d-b5a3-6677768f61c2">
      <Execution id="cba4f644-a167-4280-a1ab-4f17fbee2992" />
      <TestMethod codeBase="D:\actions-runner\_work\XPCO\XPCO\SC\Components\RemoteViewer\SmartClient\tst\zSmartClient_UnitTest\bin\x64\Debug\net472\zSmartClient_UnitTest.dll" adapterTypeName="executor://mstestadapter/v2" className="SmartClient_UnitTest.VideoOS.RemoteClient.Plugin.GisMap.Utilities.GoogleApiUrlTest" name="SignUrl_WhereSignatureIsNotBase64_ThrowException" />
    </UnitTest>
    <UnitTest name="PatrollingProfileViewModelTest_SelectEndPosition" storage="d:\actions-runner\_work\xpco\xpco\sc\components\remoteviewer\smartclient\tst\zsmartclient_unittest\bin\x64\debug\net472\zsmartclient_unittest.dll" id="b788bde6-97e9-6ba8-c7c6-e8edebf2372e">
      <Execution id="4a3c97fa-6fd1-4622-bc24-d42c06a57e1b" />
      <TestMethod codeBase="D:\actions-runner\_work\XPCO\XPCO\SC\Components\RemoteViewer\SmartClient\tst\zSmartClient_UnitTest\bin\x64\Debug\net472\zSmartClient_UnitTest.dll" adapterTypeName="executor://mstestadapter/v2" className="SmartClient_UnitTest.VideoOS.RemoteClient.Application.UI.PtzPreset.PatrollingViewModel.PatrollingProfileViewModelTest" name="PatrollingProfileViewModelTest_SelectEndPosition" />
    </UnitTest>
    <UnitTest name="GetWorkspaceToolbarItems_ShouldReturnGroupedToolbarItem_WhenPluginGroupIsSet" storage="d:\actions-runner\_work\xpco\xpco\sc\components\remoteviewer\smartclient\tst\zsmartclient_unittest\bin\x64\debug\net472\zsmartclient_unittest.dll" id="5ff1d928-fddf-7f17-ef34-f8a1593f2a8d">
      <TestCategory>
        <TestCategoryItem TestCategory="WorkspaceToolbar" />
      </TestCategory>
      <Execution id="cd4b306f-76dd-46e7-ab24-e62356ac28dc" />
      <TestMethod codeBase="D:\actions-runner\_work\XPCO\XPCO\SC\Components\RemoteViewer\SmartClient\tst\zSmartClient_UnitTest\bin\x64\Debug\net472\zSmartClient_UnitTest.dll" adapterTypeName="executor://mstestadapter/v2" className="SmartClient_UnitTest.VideoOS.RemoteClient.Application.UI.Content.WorkspaceToolbar.MIPWorkspaceToolbarItemManagerTests" name="GetWorkspaceToolbarItems_ShouldReturnGroupedToolbarItem_WhenPluginGroupIsSet" />
    </UnitTest>
    <UnitTest name="SearchResultsActionBarActions_AddBookmark_NoBookmarkAgentAdded_SingleResult_CreateBookmarkInvoked" storage="d:\actions-runner\_work\xpco\xpco\sc\components\remoteviewer\smartclient\tst\zsmartclient_unittest\bin\x64\debug\net472\zsmartclient_unittest.dll" id="74a5479e-3d8d-745b-8d0c-dc17a9c1c316">
      <TestCategory>
        <TestCategoryItem TestCategory="SearchResultActionBarViewModel" />
      </TestCategory>
      <Execution id="77883203-2253-4fcc-963a-79721355fe80" />
      <TestMethod codeBase="D:\actions-runner\_work\XPCO\XPCO\SC\Components\RemoteViewer\SmartClient\tst\zSmartClient_UnitTest\bin\x64\Debug\net472\zSmartClient_UnitTest.dll" adapterTypeName="executor://mstestadapter/v2" className="SmartClient_UnitTest.VideoOS.RemoteClient.Plugin.CentralizedSearch.ViewModels.SearchResultsActionBarViewModelTest" name="SearchResultsActionBarActions_AddBookmark_NoBookmarkAgentAdded_SingleResult_CreateBookmarkInvoked" />
    </UnitTest>
    <UnitTest name="BoundingBoxBrowseTimeChangedTest" storage="d:\actions-runner\_work\xpco\xpco\sc\components\remoteviewer\smartclient\tst\zsmartclient_unittest\bin\x64\debug\net472\zsmartclient_unittest.dll" id="79975695-e433-2a9b-026b-7999a642c311">
      <Execution id="01616973-6a49-42ca-bde1-36d18d697152" />
      <TestMethod codeBase="D:\actions-runner\_work\XPCO\XPCO\SC\Components\RemoteViewer\SmartClient\tst\zSmartClient_UnitTest\bin\x64\Debug\net472\zSmartClient_UnitTest.dll" adapterTypeName="executor://mstestadapter/v2" className="SmartClient_UnitTest.VideoOS.RemoteClient.Application.Data.Metadata.BoundingBoxes.BoundingBoxProviderTest" name="BoundingBoxBrowseTimeChangedTest" />
    </UnitTest>
    <UnitTest name="Optics enabled, not forced" storage="d:\actions-runner\_work\xpco\xpco\sc\components\remoteviewer\smartclient\tst\zsmartclient_unittest\bin\x64\debug\net472\zsmartclient_unittest.dll" id="324b13ab-64d8-9667-f4d5-2b34c2ee361f">
      <TestCategory>
        <TestCategoryItem TestCategory="Export" />
      </TestCategory>
      <Execution id="f38a96eb-70b3-4167-87f1-9df6a7710d27" />
      <TestMethod codeBase="D:\actions-runner\_work\XPCO\XPCO\SC\Components\RemoteViewer\SmartClient\tst\zSmartClient_UnitTest\bin\x64\Debug\net472\zSmartClient_UnitTest.dll" adapterTypeName="executor://mstestadapter/v2" className="SmartClient_UnitTest.VideoOS.RemoteClient.Plugin.Export.CreateExportDialogViewModelTests" name="CreateExportDialog_ExportDestinationPreSelected_BasedOnOptions" />
    </UnitTest>
    <UnitTest name="GetSearchTemplateAsync_ValidParameters_Success" storage="d:\actions-runner\_work\xpco\xpco\sc\components\remoteviewer\smartclient\tst\zsmartclient_unittest\bin\x64\debug\net472\zsmartclient_unittest.dll" id="b1b8a305-1381-b18e-2bbc-3221c5d951a2">
      <TestCategory>
        <TestCategoryItem TestCategory="SearchTemplatesService" />
      </TestCategory>
      <Execution id="8e013501-3770-46b9-b585-5c13654db60c" />
      <TestMethod codeBase="D:\actions-runner\_work\XPCO\XPCO\SC\Components\RemoteViewer\SmartClient\tst\zSmartClient_UnitTest\bin\x64\Debug\net472\zSmartClient_UnitTest.dll" adapterTypeName="executor://mstestadapter/v2" className="SmartClient_UnitTest.VideoOS.RemoteClient.Plugin.CentralizedSearch.SearchTemplates.Service.SearchTemplateServiceTests" name="GetSearchTemplateAsync_ValidParameters_Success" />
    </UnitTest>
    <UnitTest name="MipItemsMapLayer_Saved_Success" storage="d:\actions-runner\_work\xpco\xpco\sc\components\remoteviewer\smartclient\tst\zsmartclient_unittest\bin\x64\debug\net472\zsmartclient_unittest.dll" id="d8e86d95-613e-e989-d6c8-a98a3e38c1b2">
      <TestCategory>
        <TestCategoryItem TestCategory="GisMapLayer" />
      </TestCategory>
      <Execution id="2ab56fa6-b9af-46ec-94f2-041f89975a61" />
      <TestMethod codeBase="D:\actions-runner\_work\XPCO\XPCO\SC\Components\RemoteViewer\SmartClient\tst\zSmartClient_UnitTest\bin\x64\Debug\net472\zSmartClient_UnitTest.dll" adapterTypeName="executor://mstestadapter/v2" className="SmartClient_UnitTest.VideoOS.RemoteClient.GisMap.MapLayers.GisMapLayerTests" name="MipItemsMapLayer_Saved_Success" />
    </UnitTest>
    <UnitTest name="SaveSearchTemplateAsync_ActiveAndSaveSucceeds_Success" storage="d:\actions-runner\_work\xpco\xpco\sc\components\remoteviewer\smartclient\tst\zsmartclient_unittest\bin\x64\debug\net472\zsmartclient_unittest.dll" id="0181f0b9-73fd-f503-b29b-b3c042d24b5b">
      <TestCategory>
        <TestCategoryItem TestCategory="SearchTemplates" />
      </TestCategory>
      <Execution id="14aab0ca-3eee-4c03-a33b-f9c86b7484e7" />
      <TestMethod codeBase="D:\actions-runner\_work\XPCO\XPCO\SC\Components\RemoteViewer\SmartClient\tst\zSmartClient_UnitTest\bin\x64\Debug\net472\zSmartClient_UnitTest.dll" adapterTypeName="executor://mstestadapter/v2" className="SmartClient_UnitTest.VideoOS.RemoteClient.Plugin.CentralizedSearch.SearchTemplates.SearchTemplateManagerTests" name="SaveSearchTemplateAsync_ActiveAndSaveSucceeds_Success" />
    </UnitTest>
    <UnitTest name="NearestPossibleZoomLevel_ShouldReturnMin_WhenScaleIs0" storage="d:\actions-runner\_work\xpco\xpco\sc\components\remoteviewer\smartclient\tst\zsmartclient_unittest\bin\x64\debug\net472\zsmartclient_unittest.dll" id="b475e3ab-bcbc-5954-7660-9f7524c4b9d5">
      <TestCategory>
        <TestCategoryItem TestCategory="MapExtentManager" />
      </TestCategory>
      <Execution id="22d46a29-c830-46d5-99e7-875b017fdee4" />
      <TestMethod codeBase="D:\actions-runner\_work\XPCO\XPCO\SC\Components\RemoteViewer\SmartClient\tst\zSmartClient_UnitTest\bin\x64\Debug\net472\zSmartClient_UnitTest.dll" adapterTypeName="executor://mstestadapter/v2" className="SmartClient_UnitTest.VideoOS.RemoteClient.Plugin.GisMap.ThinkGeoMap.Settings.ThinkGeoMapExtentManagerTests" name="NearestPossibleZoomLevel_ShouldReturnMin_WhenScaleIs0" />
    </UnitTest>
    <UnitTest name="DisplayErrorOnNotificationArea_DeviceSearchError_Success" storage="d:\actions-runner\_work\xpco\xpco\sc\components\remoteviewer\smartclient\tst\zsmartclient_unittest\bin\x64\debug\net472\zsmartclient_unittest.dll" id="34c107db-e9ce-df15-620e-0ed84eb2d0d6">
      <TestCategory>
        <TestCategoryItem TestCategory="SearchViewModels" />
      </TestCategory>
      <Execution id="da96dbd0-55b9-4bf8-b099-4bcb3273b1de" />
      <TestMethod codeBase="D:\actions-runner\_work\XPCO\XPCO\SC\Components\RemoteViewer\SmartClient\tst\zSmartClient_UnitTest\bin\x64\Debug\net472\zSmartClient_UnitTest.dll" adapterTypeName="executor://mstestadapter/v2" className="SmartClient_UnitTest.VideoOS.RemoteClient.Plugin.CentralizedSearch.ViewModels.SearchViewModelTests" name="DisplayErrorOnNotificationArea_DeviceSearchError_Success" />
    </UnitTest>
    <UnitTest name="AndOrSearchDefinitionToVisibilityMultiConverter_CallConvert_NotFirstInListOr" storage="d:\actions-runner\_work\xpco\xpco\sc\components\remoteviewer\smartclient\tst\zsmartclient_unittest\bin\x64\debug\net472\zsmartclient_unittest.dll" id="f386bd71-4890-9925-d3d2-7dcbf0b9febe">
      <TestCategory>
        <TestCategoryItem TestCategory="SearchConverter" />
      </TestCategory>
      <Execution id="4841b2ab-2106-4fa6-a778-592b79dd32a0" />
      <TestMethod codeBase="D:\actions-runner\_work\XPCO\XPCO\SC\Components\RemoteViewer\SmartClient\tst\zSmartClient_UnitTest\bin\x64\Debug\net472\zSmartClient_UnitTest.dll" adapterTypeName="executor://mstestadapter/v2" className="SmartClient_UnitTest.VideoOS.RemoteClient.Plugin.CentralizedSearch.Views.Converters.AndOrSearchDefinitionMultiConverterTests" name="AndOrSearchDefinitionToVisibilityMultiConverter_CallConvert_NotFirstInListOr" />
    </UnitTest>
    <UnitTest name="Problem_Repro" storage="d:\actions-runner\_work\xpco\xpco\sc\components\remoteviewer\smartclient\tst\zsmartclient_unittest\bin\x64\debug\net472\zsmartclient_unittest.dll" id="dae60964-6fd2-ce46-6ae5-e5c61041a0e8">
      <Execution id="4454b385-0579-4f7e-9cd6-3f67e3983028" />
      <TestMethod codeBase="D:\actions-runner\_work\XPCO\XPCO\SC\Components\RemoteViewer\SmartClient\tst\zSmartClient_UnitTest\bin\x64\Debug\net472\zSmartClient_UnitTest.dll" adapterTypeName="executor://mstestadapter/v2" className="SmartClient_UnitTest.VideoOS.RemoteClient.Application.Components.Search.SearchManagerTest" name="Problem_Repro" />
    </UnitTest>
    <UnitTest name="ToTimeScope_YesterdayInTransitionToDST_Success" storage="d:\actions-runner\_work\xpco\xpco\sc\components\remoteviewer\smartclient\tst\zsmartclient_unittest\bin\x64\debug\net472\zsmartclient_unittest.dll" id="57d998ab-72e0-6699-7a67-4312514fd442">
      <TestCategory>
        <TestCategoryItem TestCategory="Search" />
      </TestCategory>
      <Execution id="44cd0c38-6763-45eb-8891-866825a160c6" />
      <TestMethod codeBase="D:\actions-runner\_work\XPCO\XPCO\SC\Components\RemoteViewer\SmartClient\tst\zSmartClient_UnitTest\bin\x64\Debug\net472\zSmartClient_UnitTest.dll" adapterTypeName="executor://mstestadapter/v2" className="SmartClient_UnitTest.VideoOS.RemoteClient.Plugin.CentralizedSearch.Models.ScopeDurationTests" name="ToTimeScope_YesterdayInTransitionToDST_Success" />
    </UnitTest>
    <UnitTest name="TestAttachedView_Success" storage="d:\actions-runner\_work\xpco\xpco\sc\components\remoteviewer\smartclient\tst\zsmartclient_unittest\bin\x64\debug\net472\zsmartclient_unittest.dll" id="a03d49df-0221-3c4c-4d83-361bfb025c76">
      <Execution id="eff6ef04-4ed5-4165-82b6-9068717ce488" />
      <TestMethod codeBase="D:\actions-runner\_work\XPCO\XPCO\SC\Components\RemoteViewer\SmartClient\tst\zSmartClient_UnitTest\bin\x64\Debug\net472\zSmartClient_UnitTest.dll" adapterTypeName="executor://mstestadapter/v2" className="SmartClient_UnitTest.VideoOS.RemoteClient.Application.Controllers.WorkSpace.WorkSpaceItemTest" name="TestAttachedView_Success" />
    </UnitTest>
    <UnitTest name="Deserialize_SearchDefinitionsOnly_Success" storage="d:\actions-runner\_work\xpco\xpco\sc\components\remoteviewer\smartclient\tst\zsmartclient_unittest\bin\x64\debug\net472\zsmartclient_unittest.dll" id="2b46b6c4-bcde-6b7d-2664-3e89c49247f4">
      <TestCategory>
        <TestCategoryItem TestCategory="SearchSerialization" />
      </TestCategory>
      <Execution id="61bca970-2c95-4566-bf49-974e93dc0bd2" />
      <TestMethod codeBase="D:\actions-runner\_work\XPCO\XPCO\SC\Components\RemoteViewer\SmartClient\tst\zSmartClient_UnitTest\bin\x64\Debug\net472\zSmartClient_UnitTest.dll" adapterTypeName="executor://mstestadapter/v2" className="SmartClient_UnitTest.VideoOS.RemoteClient.Plugin.CentralizedSearch.Models.Serialization.SearchSerializerTests" name="Deserialize_SearchDefinitionsOnly_Success" />
    </UnitTest>
    <UnitTest name="ctor_NullArg_NullArgException" storage="d:\actions-runner\_work\xpco\xpco\sc\components\remoteviewer\smartclient\tst\zsmartclient_unittest\bin\x64\debug\net472\zsmartclient_unittest.dll" id="aab428ed-a31b-f1b7-b0cd-f341bed7d107">
      <TestCategory>
        <TestCategoryItem TestCategory="Search" />
      </TestCategory>
      <Execution id="eaad5a51-d635-4c24-a8ec-7dffeefc0fa0" />
      <TestMethod codeBase="D:\actions-runner\_work\XPCO\XPCO\SC\Components\RemoteViewer\SmartClient\tst\zSmartClient_UnitTest\bin\x64\Debug\net472\zSmartClient_UnitTest.dll" adapterTypeName="executor://mstestadapter/v2" className="SmartClient_UnitTest.VideoOS.RemoteClient.Plugin.CentralizedSearch.ViewModels.CompositeSearchWarningViewModelTests" name="ctor_NullArg_NullArgException" />
    </UnitTest>
    <UnitTest name="CreateExportDialog_CanCreateExport_WithDefaults" storage="d:\actions-runner\_work\xpco\xpco\sc\components\remoteviewer\smartclient\tst\zsmartclient_unittest\bin\x64\debug\net472\zsmartclient_unittest.dll" id="6e773555-d3bc-18e6-58f4-6a33d2e565e0">
      <TestCategory>
        <TestCategoryItem TestCategory="Export" />
      </TestCategory>
      <Execution id="0eaaa6be-4d7e-45ea-b490-cb84ac4a98a1" />
      <TestMethod codeBase="D:\actions-runner\_work\XPCO\XPCO\SC\Components\RemoteViewer\SmartClient\tst\zSmartClient_UnitTest\bin\x64\Debug\net472\zSmartClient_UnitTest.dll" adapterTypeName="executor://mstestadapter/v2" className="SmartClient_UnitTest.VideoOS.RemoteClient.Plugin.Export.CreateExportDialogViewModelTests" name="CreateExportDialog_CanCreateExport_WithDefaults" />
    </UnitTest>
    <UnitTest name="OnMarkerRightClicked_ShouldUseCrossTypeMenuItems_WhenInSetupModeAndMultipleItemsFromDifferentLayersIncludingAtLeastOneCameraAreSelected" storage="d:\actions-runner\_work\xpco\xpco\sc\components\remoteviewer\smartclient\tst\zsmartclient_unittest\bin\x64\debug\net472\zsmartclient_unittest.dll" id="015cbbb2-3ae8-0f0d-d16b-d3a0e1ee3da3">
      <TestCategory>
        <TestCategoryItem TestCategory="SmartMap.MapItemsOverlay" />
      </TestCategory>
      <Execution id="be8a8467-458e-4ed7-a7a8-02d7350e07bc" />
      <TestMethod codeBase="D:\actions-runner\_work\XPCO\XPCO\SC\Components\RemoteViewer\SmartClient\tst\zSmartClient_UnitTest\bin\x64\Debug\net472\zSmartClient_UnitTest.dll" adapterTypeName="executor://mstestadapter/v2" className="SmartClient_UnitTest.VideoOS.RemoteClient.Plugin.GisMap.ThinkGeoMap.SpecializedOverlays.Overlays.MapItemsOverlayTests" name="OnMarkerRightClicked_ShouldUseCrossTypeMenuItems_WhenInSetupModeAndMultipleItemsFromDifferentLayersIncludingAtLeastOneCameraAreSelected" />
    </UnitTest>
    <UnitTest name="AddSelectedCameras_EmptyList_NoChange" storage="d:\actions-runner\_work\xpco\xpco\sc\components\remoteviewer\smartclient\tst\zsmartclient_unittest\bin\x64\debug\net472\zsmartclient_unittest.dll" id="b518f299-3b00-cc5d-b78d-f3f85f49a757">
      <TestCategory>
        <TestCategoryItem TestCategory="SearchViewModels" />
      </TestCategory>
      <Execution id="f3912053-8625-4ff2-9ab1-c5c3c53260ff" />
      <TestMethod codeBase="D:\actions-runner\_work\XPCO\XPCO\SC\Components\RemoteViewer\SmartClient\tst\zSmartClient_UnitTest\bin\x64\Debug\net472\zSmartClient_UnitTest.dll" adapterTypeName="executor://mstestadapter/v2" className="SmartClient_UnitTest.VideoOS.RemoteClient.Plugin.CentralizedSearch.ViewModels.SearchViewModelTests" name="AddSelectedCameras_EmptyList_NoChange" />
    </UnitTest>
    <UnitTest name="AddToExportDevices_ShouldReturnCorrectResult (5,5,5)" storage="d:\actions-runner\_work\xpco\xpco\sc\components\remoteviewer\smartclient\tst\zsmartclient_unittest\bin\x64\debug\net472\zsmartclient_unittest.dll" id="78a6f3bc-f69b-adde-fc5c-c831994f27cb">
      <TestCategory>
        <TestCategoryItem TestCategory="Managers" />
      </TestCategory>
      <Execution id="ca51b72d-73a0-4b72-bf51-159d3e27c605" />
      <TestMethod codeBase="D:\actions-runner\_work\XPCO\XPCO\SC\Components\RemoteViewer\SmartClient\tst\zSmartClient_UnitTest\bin\x64\Debug\net472\zSmartClient_UnitTest.dll" adapterTypeName="executor://mstestadapter/v2" className="SmartClient_UnitTest.VideoOS.RemoteClient.Application.Managers.ExportManagerTests" name="AddToExportDevices_ShouldReturnCorrectResult" />
    </UnitTest>
    <UnitTest name="ToSafeName_NullString_Success" storage="d:\actions-runner\_work\xpco\xpco\sc\components\remoteviewer\smartclient\tst\zsmartclient_unittest\bin\x64\debug\net472\zsmartclient_unittest.dll" id="dc096e9d-933e-6e98-213b-490659477502">
      <Execution id="0d4fa941-50aa-4621-a423-dc56fd66a6f1" />
      <TestMethod codeBase="D:\actions-runner\_work\XPCO\XPCO\SC\Components\RemoteViewer\SmartClient\tst\zSmartClient_UnitTest\bin\x64\Debug\net472\zSmartClient_UnitTest.dll" adapterTypeName="executor://mstestadapter/v2" className="SmartClient_UnitTest.VideoOS.RemoteClient.Application.Common.Scripting.ReservedJavascriptKeywordsTests" name="ToSafeName_NullString_Success" />
    </UnitTest>
    <UnitTest name="SupportsDoubleClick_ShouldBeFalse_WhenInteractionStateIsNotNormal" storage="d:\actions-runner\_work\xpco\xpco\sc\components\remoteviewer\smartclient\tst\zsmartclient_unittest\bin\x64\debug\net472\zsmartclient_unittest.dll" id="c9679473-a3e5-7489-307e-ee6faf3a6896">
      <TestCategory>
        <TestCategoryItem TestCategory="GisMap.MipItemMarker" />
      </TestCategory>
      <Execution id="f97dd2f7-4a52-454e-a282-ffb84f903698" />
      <TestMethod codeBase="D:\actions-runner\_work\XPCO\XPCO\SC\Components\RemoteViewer\SmartClient\tst\zSmartClient_UnitTest\bin\x64\Debug\net472\zSmartClient_UnitTest.dll" adapterTypeName="executor://mstestadapter/v2" className="SmartClient_UnitTest.VideoOS.RemoteClient.Plugin.GisMap.ThinkGeoMap.Markers.MipItemMarker.MipItemMarkerTests" name="SupportsDoubleClick_ShouldBeFalse_WhenInteractionStateIsNotNormal" />
    </UnitTest>
    <UnitTest name="CreateExportDialog_CannotSelectExportToOptics_WithoutPrerequisitesSatisfied" storage="d:\actions-runner\_work\xpco\xpco\sc\components\remoteviewer\smartclient\tst\zsmartclient_unittest\bin\x64\debug\net472\zsmartclient_unittest.dll" id="8f19814e-6231-9ee7-d114-fdf6c35f1f79">
      <TestCategory>
        <TestCategoryItem TestCategory="Export" />
      </TestCategory>
      <Execution id="a0980337-c950-448f-a594-9609431a4991" />
      <TestMethod codeBase="D:\actions-runner\_work\XPCO\XPCO\SC\Components\RemoteViewer\SmartClient\tst\zSmartClient_UnitTest\bin\x64\Debug\net472\zSmartClient_UnitTest.dll" adapterTypeName="executor://mstestadapter/v2" className="SmartClient_UnitTest.VideoOS.RemoteClient.Plugin.Export.CreateExportDialogViewModelTests" name="CreateExportDialog_CannotSelectExportToOptics_WithoutPrerequisitesSatisfied" />
    </UnitTest>
    <UnitTest name="TestInitializeWorkrooms_AllBuiltinWorkrooms_Success" storage="d:\actions-runner\_work\xpco\xpco\sc\components\remoteviewer\smartclient\tst\zsmartclient_unittest\bin\x64\debug\net472\zsmartclient_unittest.dll" id="1f8f2766-504d-6eef-54e8-b4e73b68637d">
      <TestCategory>
        <TestCategoryItem TestCategory="WorkroomController" />
      </TestCategory>
      <Execution id="022526af-7faa-4143-9b22-8f886007ff08" />
      <TestMethod codeBase="D:\actions-runner\_work\XPCO\XPCO\SC\Components\RemoteViewer\SmartClient\tst\zSmartClient_UnitTest\bin\x64\Debug\net472\zSmartClient_UnitTest.dll" adapterTypeName="executor://mstestadapter/v2" className="VideoOS.RemoteClient.Application.Controllers.WorkroomController.UnitTest.TabWorkroomControllerTest" name="TestInitializeWorkrooms_AllBuiltinWorkrooms_Success" />
    </UnitTest>
    <UnitTest name="PatrollingPresetViewModel_OnPropertyChanged_Raised" storage="d:\actions-runner\_work\xpco\xpco\sc\components\remoteviewer\smartclient\tst\zsmartclient_unittest\bin\x64\debug\net472\zsmartclient_unittest.dll" id="968967c1-9c91-5395-ae74-dba306913820">
      <Execution id="86c2c0ac-ff80-4883-a5cc-6a08ac74fe53" />
      <TestMethod codeBase="D:\actions-runner\_work\XPCO\XPCO\SC\Components\RemoteViewer\SmartClient\tst\zSmartClient_UnitTest\bin\x64\Debug\net472\zSmartClient_UnitTest.dll" adapterTypeName="executor://mstestadapter/v2" className="SmartClient_UnitTest.VideoOS.RemoteClient.Application.UI.PtzPreset.PatrollingViewModel.PatrollingPresetViewModelTest" name="PatrollingPresetViewModel_OnPropertyChanged_Raised" />
    </UnitTest>
    <UnitTest name="CreateDefinition_ZeroFiltersInCategory_ZeroFilterValuesAddedToSearchCriteria" storage="d:\actions-runner\_work\xpco\xpco\sc\components\remoteviewer\smartclient\tst\zsmartclient_unittest\bin\x64\debug\net472\zsmartclient_unittest.dll" id="7e087806-67ee-93e5-99ce-89aefdf33c63">
      <TestCategory>
        <TestCategoryItem TestCategory="SearchModels" />
      </TestCategory>
      <Execution id="ba8c0287-9dcf-423b-b035-cdce04b3f977" />
      <TestMethod codeBase="D:\actions-runner\_work\XPCO\XPCO\SC\Components\RemoteViewer\SmartClient\tst\zSmartClient_UnitTest\bin\x64\Debug\net472\zSmartClient_UnitTest.dll" adapterTypeName="executor://mstestadapter/v2" className="SmartClient_UnitTest.VideoOS.RemoteClient.Plugin.CentralizedSearch.Models.SearchModelTests" name="CreateDefinition_ZeroFiltersInCategory_ZeroFilterValuesAddedToSearchCriteria" />
    </UnitTest>
    <UnitTest name="TestForAssemblyCoverage" storage="d:\actions-runner\_work\xpco\xpco\sc\components\remoteviewer\smartclient\tst\zsmartclient_unittest\bin\x64\debug\net472\zsmartclient_unittest.dll" id="ee3692c6-4239-b2e2-f69d-66ef9eb784ce">
      <Execution id="0d51c4fa-df1d-40a9-916f-a256f654c9f0" />
      <TestMethod codeBase="D:\actions-runner\_work\XPCO\XPCO\SC\Components\RemoteViewer\SmartClient\tst\zSmartClient_UnitTest\bin\x64\Debug\net472\zSmartClient_UnitTest.dll" adapterTypeName="executor://mstestadapter/v2" className="SmartClient_UnitTest.VideoOS.RemoteClient.Plugin.OutgoingAudio.UnitTest1" name="TestForAssemblyCoverage" />
    </UnitTest>
    <UnitTest name="TestConstructor_OuterRing_Success" storage="d:\actions-runner\_work\xpco\xpco\sc\components\remoteviewer\smartclient\tst\zsmartclient_unittest\bin\x64\debug\net472\zsmartclient_unittest.dll" id="b13c73e0-3d5f-8cb8-a883-f65f02f74154">
      <TestCategory>
        <TestCategoryItem TestCategory="GisMap" />
      </TestCategory>
      <Execution id="1698307c-1243-4efb-a8ec-f91692d9697c" />
      <TestMethod codeBase="D:\actions-runner\_work\XPCO\XPCO\SC\Components\RemoteViewer\SmartClient\tst\zSmartClient_UnitTest\bin\x64\Debug\net472\zSmartClient_UnitTest.dll" adapterTypeName="executor://mstestadapter/v2" className="SmartClient_UnitTest.VideoOS.RemoteClient.GisMap.Common.MapPolygonTest" name="TestConstructor_OuterRing_Success" />
    </UnitTest>
    <UnitTest name="PatrollingStepListViewModel_Constructor_Success" storage="d:\actions-runner\_work\xpco\xpco\sc\components\remoteviewer\smartclient\tst\zsmartclient_unittest\bin\x64\debug\net472\zsmartclient_unittest.dll" id="36554cb2-1edf-a642-dc86-4d6ff7ede95e">
      <Execution id="1f5095ad-9490-44bb-b0f7-6eeecab59cf8" />
      <TestMethod codeBase="D:\actions-runner\_work\XPCO\XPCO\SC\Components\RemoteViewer\SmartClient\tst\zSmartClient_UnitTest\bin\x64\Debug\net472\zSmartClient_UnitTest.dll" adapterTypeName="executor://mstestadapter/v2" className="SmartClient_UnitTest.VideoOS.RemoteClient.Application.UI.PtzPreset.PatrollingViewModel.PatrollingStepListViewModelTest" name="PatrollingStepListViewModel_Constructor_Success" />
    </UnitTest>
    <UnitTest name="SearchResultsActionBarActions_Export_OptionFormatAvailable_OtherExportOptionsUnavailable_NotVisible" storage="d:\actions-runner\_work\xpco\xpco\sc\components\remoteviewer\smartclient\tst\zsmartclient_unittest\bin\x64\debug\net472\zsmartclient_unittest.dll" id="f56230b0-cb3e-b433-0b22-beaca6317724">
      <TestCategory>
        <TestCategoryItem TestCategory="SearchResultActionBarViewModel" />
      </TestCategory>
      <Execution id="28fe088f-bae6-4330-93d0-072d9e2e58a7" />
      <TestMethod codeBase="D:\actions-runner\_work\XPCO\XPCO\SC\Components\RemoteViewer\SmartClient\tst\zSmartClient_UnitTest\bin\x64\Debug\net472\zSmartClient_UnitTest.dll" adapterTypeName="executor://mstestadapter/v2" className="SmartClient_UnitTest.VideoOS.RemoteClient.Plugin.CentralizedSearch.ViewModels.SearchResultsActionBarViewModelTest" name="SearchResultsActionBarActions_Export_OptionFormatAvailable_OtherExportOptionsUnavailable_NotVisible" />
    </UnitTest>
    <UnitTest name="HandleSetLayerFeatures_ShouldRaiseArgumentException_WhenIsCalled" storage="d:\actions-runner\_work\xpco\xpco\sc\components\remoteviewer\smartclient\tst\zsmartclient_unittest\bin\x64\debug\net472\zsmartclient_unittest.dll" id="16cbfe5e-7bb9-3462-1447-f565ffc95fc8">
      <TestCategory>
        <TestCategoryItem TestCategory="GisMapData.Handlers.LayerFeatures" />
      </TestCategory>
      <Execution id="d0df60a3-5772-4e58-85c4-27ff4768697a" />
      <TestMethod codeBase="D:\actions-runner\_work\XPCO\XPCO\SC\Components\RemoteViewer\SmartClient\tst\zSmartClient_UnitTest\bin\x64\Debug\net472\zSmartClient_UnitTest.dll" adapterTypeName="executor://mstestadapter/v2" className="SmartClient_UnitTest.VideoOS.RemoteClient.GisMapData.Handlers.LayerFeatures.NotSupportedLayerFeaturesHandlerTests" name="HandleSetLayerFeatures_ShouldRaiseArgumentException_WhenIsCalled" />
    </UnitTest>
    <UnitTest name="Initialize_NullState_DoesNotCrash" storage="d:\actions-runner\_work\xpco\xpco\sc\components\remoteviewer\smartclient\tst\zsmartclient_unittest\bin\x64\debug\net472\zsmartclient_unittest.dll" id="19c9cf52-9433-0ae2-27f1-e1c0ebb67acf">
      <TestCategory>
        <TestCategoryItem TestCategory="Search" />
      </TestCategory>
      <Execution id="baf8549d-5c5e-471c-bece-badf13a88c5c" />
      <TestMethod codeBase="D:\actions-runner\_work\XPCO\XPCO\SC\Components\RemoteViewer\SmartClient\tst\zSmartClient_UnitTest\bin\x64\Debug\net472\zSmartClient_UnitTest.dll" adapterTypeName="executor://mstestadapter/v2" className="SmartClient_UnitTest.VideoOS.RemoteClient.Plugin.CentralizedSearch.Views.SearchViewTests" name="Initialize_NullState_DoesNotCrash" />
    </UnitTest>
    <UnitTest name="AddSelectedCameras_CameraAlreadyAdded_NoDuplicates" storage="d:\actions-runner\_work\xpco\xpco\sc\components\remoteviewer\smartclient\tst\zsmartclient_unittest\bin\x64\debug\net472\zsmartclient_unittest.dll" id="82d78304-b48c-9515-7f8e-4adb71fd31ee">
      <TestCategory>
        <TestCategoryItem TestCategory="SearchViewModels" />
      </TestCategory>
      <Execution id="9d6e72ef-b3c5-409e-a53a-66b177a243c0" />
      <TestMethod codeBase="D:\actions-runner\_work\XPCO\XPCO\SC\Components\RemoteViewer\SmartClient\tst\zSmartClient_UnitTest\bin\x64\Debug\net472\zSmartClient_UnitTest.dll" adapterTypeName="executor://mstestadapter/v2" className="SmartClient_UnitTest.VideoOS.RemoteClient.Plugin.CentralizedSearch.ViewModels.SearchViewModelTests" name="AddSelectedCameras_CameraAlreadyAdded_NoDuplicates" />
    </UnitTest>
    <UnitTest name="Redrawing_SettingsSet_Success" storage="d:\actions-runner\_work\xpco\xpco\sc\components\remoteviewer\smartclient\tst\zsmartclient_unittest\bin\x64\debug\net472\zsmartclient_unittest.dll" id="d14ec128-bbfb-0096-f562-be494b986880">
      <TestCategory>
        <TestCategoryItem TestCategory="GisMap.MapControl" />
      </TestCategory>
      <Execution id="7cb0a24a-452c-45d6-adb8-fbcca20c3cb1" />
      <TestMethod codeBase="D:\actions-runner\_work\XPCO\XPCO\SC\Components\RemoteViewer\SmartClient\tst\zSmartClient_UnitTest\bin\x64\Debug\net472\zSmartClient_UnitTest.dll" adapterTypeName="executor://mstestadapter/v2" className="SmartClient_UnitTest.VideoOS.RemoteClient.Plugin.GisMap.ThinkGeoMap.ThinkGeoMapControlTests" name="Redrawing_SettingsSet_Success" />
    </UnitTest>
    <UnitTest name="TestCreateMipTabWorkroom_Two_Success" storage="d:\actions-runner\_work\xpco\xpco\sc\components\remoteviewer\smartclient\tst\zsmartclient_unittest\bin\x64\debug\net472\zsmartclient_unittest.dll" id="1a507d86-1921-f620-6368-d6adb1877080">
      <TestCategory>
        <TestCategoryItem TestCategory="WorkroomController" />
      </TestCategory>
      <Execution id="d683c141-995f-48b2-b96e-e9e7516f7737" />
      <TestMethod codeBase="D:\actions-runner\_work\XPCO\XPCO\SC\Components\RemoteViewer\SmartClient\tst\zSmartClient_UnitTest\bin\x64\Debug\net472\zSmartClient_UnitTest.dll" adapterTypeName="executor://mstestadapter/v2" className="VideoOS.RemoteClient.Application.Controllers.WorkroomController.UnitTest.TabWorkroomControllerTest" name="TestCreateMipTabWorkroom_Two_Success" />
    </UnitTest>
    <UnitTest name="GetIsOpenStreetMapValid_ShouldRaiseArgumentNullException_WhenOptionManagerIsNull" storage="d:\actions-runner\_work\xpco\xpco\sc\components\remoteviewer\smartclient\tst\zsmartclient_unittest\bin\x64\debug\net472\zsmartclient_unittest.dll" id="843dae0b-b140-3d67-5588-10bfec2781a8">
      <TestCategory>
        <TestCategoryItem TestCategory="GisMapData.Controllers.Osm" />
      </TestCategory>
      <Execution id="8a584df3-e75a-49e5-ba4e-0a57ac4b8aea" />
      <TestMethod codeBase="D:\actions-runner\_work\XPCO\XPCO\SC\Components\RemoteViewer\SmartClient\tst\zSmartClient_UnitTest\bin\x64\Debug\net472\zSmartClient_UnitTest.dll" adapterTypeName="executor://mstestadapter/v2" className="SmartClient_UnitTest.VideoOS.RemoteClient.GisMapData.Controllers.Osm.GisMapOsmControllerTests" name="GetIsOpenStreetMapValid_ShouldRaiseArgumentNullException_WhenOptionManagerIsNull" />
    </UnitTest>
    <UnitTest name="BookmarkSearchTime_WithSearchStringInDifferentCases_ReturnCorrectBookmarkWithSearchStringInDescription (SeArChStRiNg,True,True,False,False,,,1)" storage="d:\actions-runner\_work\xpco\xpco\sc\components\remoteviewer\smartclient\tst\zsmartclient_unittest\bin\x64\debug\net472\zsmartclient_unittest.dll" id="63ba4f35-3e85-1d5a-7e8f-eadf238adc6d">
      <Execution id="fa0fc2f7-8761-493a-8815-cc0525c01aa5" />
      <TestMethod codeBase="D:\actions-runner\_work\XPCO\XPCO\SC\Components\RemoteViewer\SmartClient\tst\zSmartClient_UnitTest\bin\x64\Debug\net472\zSmartClient_UnitTest.dll" adapterTypeName="executor://mstestadapter/v2" className="SmartClient_UnitTest.VideoOS.RemoteClient.Application.Data.Offline.UnitTest.BookmarkExportReaderTest" name="BookmarkSearchTime_WithSearchStringInDifferentCases_ReturnCorrectBookmarkWithSearchStringInDescription" />
    </UnitTest>
    <UnitTest name="When password 1 is invalid, password 2 is valid" storage="d:\actions-runner\_work\xpco\xpco\sc\components\remoteviewer\smartclient\tst\zsmartclient_unittest\bin\x64\debug\net472\zsmartclient_unittest.dll" id="354575f3-258a-a333-c17e-93eec2bc0cc7">
      <TestCategory>
        <TestCategoryItem TestCategory="Export" />
      </TestCategory>
      <Execution id="a7fa4826-1a53-47ce-be7f-414f7b6cb7fd" />
      <TestMethod codeBase="D:\actions-runner\_work\XPCO\XPCO\SC\Components\RemoteViewer\SmartClient\tst\zSmartClient_UnitTest\bin\x64\Debug\net472\zSmartClient_UnitTest.dll" adapterTypeName="executor://mstestadapter/v2" className="SmartClient_UnitTest.VideoOS.RemoteClient.Plugin.Export.PasswordDialogViewModelTests" name="SettingPassword1AndPassword2_ShouldSetIsPassword2Valid" />
    </UnitTest>
    <UnitTest name="Constructor_ShouldRaiseArgumentNullException_WhenGisMapModelIsNull" storage="d:\actions-runner\_work\xpco\xpco\sc\components\remoteviewer\smartclient\tst\zsmartclient_unittest\bin\x64\debug\net472\zsmartclient_unittest.dll" id="0fc44201-8e69-82b3-88da-4213b7a1319c">
      <TestCategory>
        <TestCategoryItem TestCategory="GisMap.Handlers.Devices.MapItems" />
      </TestCategory>
      <Execution id="68180ddf-8504-4291-bef8-806310600ae4" />
      <TestMethod codeBase="D:\actions-runner\_work\XPCO\XPCO\SC\Components\RemoteViewer\SmartClient\tst\zSmartClient_UnitTest\bin\x64\Debug\net472\zSmartClient_UnitTest.dll" adapterTypeName="executor://mstestadapter/v2" className="SmartClient_UnitTest.VideoOS.RemoteClient.Plugin.GisMap.Handlers.Devices.MapItems.OutputDataHandlerTests" name="Constructor_ShouldRaiseArgumentNullException_WhenGisMapModelIsNull" />
    </UnitTest>
    <UnitTest name="GridSizeTest" storage="d:\actions-runner\_work\xpco\xpco\sc\components\remoteviewer\smartclient\tst\zsmartclient_unittest\bin\x64\debug\net472\zsmartclient_unittest.dll" id="f8d3c854-1d0a-1d27-f1f9-7cfc35295620">
      <Execution id="1dfbd3a4-39fc-4d9e-86c9-3ac4821f35e2" />
      <TestMethod codeBase="D:\actions-runner\_work\XPCO\XPCO\SC\Components\RemoteViewer\SmartClient\tst\zSmartClient_UnitTest\bin\x64\Debug\net472\zSmartClient_UnitTest.dll" adapterTypeName="executor://mstestadapter/v2" className="SmartClient_UnitTest.VideoOS.RemoteClient.Application.Data.ContentTypes.CameraContentType.PrivacyMaskTest" name="GridSizeTest" />
    </UnitTest>
    <UnitTest name="SupportsDoubleClick_ShouldBeTrue_WhenInteractionStateIsNormalAndInSetupMode" storage="d:\actions-runner\_work\xpco\xpco\sc\components\remoteviewer\smartclient\tst\zsmartclient_unittest\bin\x64\debug\net472\zsmartclient_unittest.dll" id="7aa29abd-7d3e-a7dc-4d9c-0edf39d05bae">
      <TestCategory>
        <TestCategoryItem TestCategory="GisMap.LegacyLinkMarker" />
      </TestCategory>
      <Execution id="5b3f9cf9-510d-4e0e-8fc2-a2d70512f974" />
      <TestMethod codeBase="D:\actions-runner\_work\XPCO\XPCO\SC\Components\RemoteViewer\SmartClient\tst\zSmartClient_UnitTest\bin\x64\Debug\net472\zSmartClient_UnitTest.dll" adapterTypeName="executor://mstestadapter/v2" className="SmartClient_UnitTest.VideoOS.RemoteClient.Plugin.GisMap.ThinkGeoMap.Markers.LegacyLinkMarker.LegacyLinkMarkerTests" name="SupportsDoubleClick_ShouldBeTrue_WhenInteractionStateIsNormalAndInSetupMode" />
    </UnitTest>
    <UnitTest name="Custom, not forced" storage="d:\actions-runner\_work\xpco\xpco\sc\components\remoteviewer\smartclient\tst\zsmartclient_unittest\bin\x64\debug\net472\zsmartclient_unittest.dll" id="0a273ad8-5b9b-36bf-ab85-61e3ea84486e">
      <TestCategory>
        <TestCategoryItem TestCategory="Export" />
      </TestCategory>
      <Execution id="3c99a8db-fb12-434b-82b8-dc45f0c93000" />
      <TestMethod codeBase="D:\actions-runner\_work\XPCO\XPCO\SC\Components\RemoteViewer\SmartClient\tst\zSmartClient_UnitTest\bin\x64\Debug\net472\zSmartClient_UnitTest.dll" adapterTypeName="executor://mstestadapter/v2" className="SmartClient_UnitTest.VideoOS.RemoteClient.Plugin.Export.CreateExportDialogViewModelTests" name="CreateExportDialog_ExportPathCanBeModified_BasedOnOptions" />
    </UnitTest>
    <UnitTest name="Serialize_SearchDefinitionWithNonSerializableFilterValue_FilterValueOmitted" storage="d:\actions-runner\_work\xpco\xpco\sc\components\remoteviewer\smartclient\tst\zsmartclient_unittest\bin\x64\debug\net472\zsmartclient_unittest.dll" id="239b3280-9e3f-daec-90e9-2d7422e5091c">
      <TestCategory>
        <TestCategoryItem TestCategory="SearchSerialization" />
      </TestCategory>
      <Execution id="6eb843d8-5f7d-4d02-8e3a-a1b532108cbf" />
      <TestMethod codeBase="D:\actions-runner\_work\XPCO\XPCO\SC\Components\RemoteViewer\SmartClient\tst\zSmartClient_UnitTest\bin\x64\Debug\net472\zSmartClient_UnitTest.dll" adapterTypeName="executor://mstestadapter/v2" className="SmartClient_UnitTest.VideoOS.RemoteClient.Plugin.CentralizedSearch.Models.Serialization.SearchSerializerTests" name="Serialize_SearchDefinitionWithNonSerializableFilterValue_FilterValueOmitted" />
    </UnitTest>
    <UnitTest name="SupportsRightClick_ShouldBeFalse_WhenInteractionStateIsNotNormal" storage="d:\actions-runner\_work\xpco\xpco\sc\components\remoteviewer\smartclient\tst\zsmartclient_unittest\bin\x64\debug\net472\zsmartclient_unittest.dll" id="a7e344e1-2528-5469-f149-8c729b6a9d91">
      <TestCategory>
        <TestCategoryItem TestCategory="GisMap.LocationMarker" />
      </TestCategory>
      <Execution id="ebf326a7-0b65-41ab-a2de-bbe9419508be" />
      <TestMethod codeBase="D:\actions-runner\_work\XPCO\XPCO\SC\Components\RemoteViewer\SmartClient\tst\zSmartClient_UnitTest\bin\x64\Debug\net472\zSmartClient_UnitTest.dll" adapterTypeName="executor://mstestadapter/v2" className="SmartClient_UnitTest.VideoOS.RemoteClient.Plugin.GisMap.ThinkGeoMap.Markers.LocationMarker.LocationMarkerTests" name="SupportsRightClick_ShouldBeFalse_WhenInteractionStateIsNotNormal" />
    </UnitTest>
    <UnitTest name="PatrollingProfileViewModelTest_IsInEditMode_IsNotInEditMode_Unset" storage="d:\actions-runner\_work\xpco\xpco\sc\components\remoteviewer\smartclient\tst\zsmartclient_unittest\bin\x64\debug\net472\zsmartclient_unittest.dll" id="a2a3a958-6508-e929-6708-500cc4e3cc3a">
      <Execution id="43dbdfd5-d99f-42d0-a59a-be3ca18306e8" />
      <TestMethod codeBase="D:\actions-runner\_work\XPCO\XPCO\SC\Components\RemoteViewer\SmartClient\tst\zSmartClient_UnitTest\bin\x64\Debug\net472\zSmartClient_UnitTest.dll" adapterTypeName="executor://mstestadapter/v2" className="SmartClient_UnitTest.VideoOS.RemoteClient.Application.UI.PtzPreset.PatrollingViewModel.PatrollingProfileViewModelTest" name="PatrollingProfileViewModelTest_IsInEditMode_IsNotInEditMode_Unset" />
    </UnitTest>
    <UnitTest name="NewSearchSelectedEvent_AllCategoriesSelected_Success" storage="d:\actions-runner\_work\xpco\xpco\sc\components\remoteviewer\smartclient\tst\zsmartclient_unittest\bin\x64\debug\net472\zsmartclient_unittest.dll" id="d6460871-04c1-69a0-835f-12db0d68e9bd">
      <TestCategory>
        <TestCategoryItem TestCategory="SearchControls" />
      </TestCategory>
      <Execution id="9d8f3821-c383-4e5d-b056-b5ed98020ad5" />
      <TestMethod codeBase="D:\actions-runner\_work\XPCO\XPCO\SC\Components\RemoteViewer\SmartClient\tst\zSmartClient_UnitTest\bin\x64\Debug\net472\zSmartClient_UnitTest.dll" adapterTypeName="executor://mstestadapter/v2" className="SmartClient_UnitTest.VideoOS.RemoteClient.Plugin.CentralizedSearch.Views.Controls.SearchCategorySelect.SelectSearchCategoryLayoutTests" name="NewSearchSelectedEvent_AllCategoriesSelected_Success" />
    </UnitTest>
    <UnitTest name="TestConstructor_windowManagerIsNull_FailWithArgumentNullException" storage="d:\actions-runner\_work\xpco\xpco\sc\components\remoteviewer\smartclient\tst\zsmartclient_unittest\bin\x64\debug\net472\zsmartclient_unittest.dll" id="a786e6a0-7158-6a05-c54a-28647fb14bb7">
      <TestCategory>
        <TestCategoryItem TestCategory="WorkroomController" />
      </TestCategory>
      <Execution id="ac28f225-5750-4dd0-88fd-51a17c3c80c0" />
      <TestMethod codeBase="D:\actions-runner\_work\XPCO\XPCO\SC\Components\RemoteViewer\SmartClient\tst\zSmartClient_UnitTest\bin\x64\Debug\net472\zSmartClient_UnitTest.dll" adapterTypeName="executor://mstestadapter/v2" className="VideoOS.RemoteClient.Application.Controllers.WorkroomController.UnitTest.TabWorkroomControllerTest" name="TestConstructor_windowManagerIsNull_FailWithArgumentNullException" />
    </UnitTest>
    <UnitTest name="PatrollingProfileViewModelTest_Save_CreateProfile" storage="d:\actions-runner\_work\xpco\xpco\sc\components\remoteviewer\smartclient\tst\zsmartclient_unittest\bin\x64\debug\net472\zsmartclient_unittest.dll" id="61c2e857-2ecc-1265-1a6e-d3f3e6eddf31">
      <Execution id="ae8f90dd-9757-46ff-ada5-72a834498e66" />
      <TestMethod codeBase="D:\actions-runner\_work\XPCO\XPCO\SC\Components\RemoteViewer\SmartClient\tst\zSmartClient_UnitTest\bin\x64\Debug\net472\zSmartClient_UnitTest.dll" adapterTypeName="executor://mstestadapter/v2" className="SmartClient_UnitTest.VideoOS.RemoteClient.Application.UI.PtzPreset.PatrollingViewModel.PatrollingProfileViewModelTest" name="PatrollingProfileViewModelTest_Save_CreateProfile" />
    </UnitTest>
    <UnitTest name="Direction_XPCO_SC_RoundtripTransform_Success" storage="d:\actions-runner\_work\xpco\xpco\sc\components\remoteviewer\smartclient\tst\zsmartclient_unittest\bin\x64\debug\net472\zsmartclient_unittest.dll" id="78da3d90-e186-2eb8-9d50-1ad80ad9921b">
      <TestCategory>
        <TestCategoryItem TestCategory="GisMap" />
      </TestCategory>
      <Execution id="58f6cbab-b85e-4549-b150-4969b78b0b2e" />
      <TestMethod codeBase="D:\actions-runner\_work\XPCO\XPCO\SC\Components\RemoteViewer\SmartClient\tst\zSmartClient_UnitTest\bin\x64\Debug\net472\zSmartClient_UnitTest.dll" adapterTypeName="executor://mstestadapter/v2" className="SmartClient_UnitTest.VideoOS.RemoteClient.GisMap.Utilities.GisUtilityTests" name="Direction_XPCO_SC_RoundtripTransform_Success" />
    </UnitTest>
    <UnitTest name="OnLoaded_NoDataContext_DoesNotCrash" storage="d:\actions-runner\_work\xpco\xpco\sc\components\remoteviewer\smartclient\tst\zsmartclient_unittest\bin\x64\debug\net472\zsmartclient_unittest.dll" id="5803be46-e356-847f-cccc-58e283b812ae">
      <TestCategory>
        <TestCategoryItem TestCategory="Search" />
      </TestCategory>
      <Execution id="022f0154-c78d-4ee5-a7a4-8d8ba87619e7" />
      <TestMethod codeBase="D:\actions-runner\_work\XPCO\XPCO\SC\Components\RemoteViewer\SmartClient\tst\zSmartClient_UnitTest\bin\x64\Debug\net472\zSmartClient_UnitTest.dll" adapterTypeName="executor://mstestadapter/v2" className="SmartClient_UnitTest.VideoOS.RemoteClient.Plugin.CentralizedSearch.Views.SearchResultContainerViewTests" name="OnLoaded_NoDataContext_DoesNotCrash" />
    </UnitTest>
    <UnitTest name="ToUnsafeName_SingleSafeName_Success" storage="d:\actions-runner\_work\xpco\xpco\sc\components\remoteviewer\smartclient\tst\zsmartclient_unittest\bin\x64\debug\net472\zsmartclient_unittest.dll" id="1869091f-40a7-b7a8-b1dc-92bece636d41">
      <Execution id="dc880114-a2f3-4bc9-9916-f125bdb3e76c" />
      <TestMethod codeBase="D:\actions-runner\_work\XPCO\XPCO\SC\Components\RemoteViewer\SmartClient\tst\zSmartClient_UnitTest\bin\x64\Debug\net472\zSmartClient_UnitTest.dll" adapterTypeName="executor://mstestadapter/v2" className="SmartClient_UnitTest.VideoOS.RemoteClient.Application.Common.Scripting.ReservedJavascriptKeywordsTests" name="ToUnsafeName_SingleSafeName_Success" />
    </UnitTest>
    <UnitTest name="CreateExportDialog_ProjectCommentOnlyVisible_WhenSmartClientFormatIsIncluded" storage="d:\actions-runner\_work\xpco\xpco\sc\components\remoteviewer\smartclient\tst\zsmartclient_unittest\bin\x64\debug\net472\zsmartclient_unittest.dll" id="f1b8d3af-7232-b482-4982-8c83d005f2cf">
      <TestCategory>
        <TestCategoryItem TestCategory="Export" />
      </TestCategory>
      <Execution id="ff6a068e-3d35-40d0-8544-07826cac346e" />
      <TestMethod codeBase="D:\actions-runner\_work\XPCO\XPCO\SC\Components\RemoteViewer\SmartClient\tst\zSmartClient_UnitTest\bin\x64\Debug\net472\zSmartClient_UnitTest.dll" adapterTypeName="executor://mstestadapter/v2" className="SmartClient_UnitTest.VideoOS.RemoteClient.Plugin.Export.CreateExportDialogViewModelTests" name="CreateExportDialog_ProjectCommentOnlyVisible_WhenSmartClientFormatIsIncluded" />
    </UnitTest>
    <UnitTest name="CameraMapItem_ForceActivateAsync_InBuilding_Success" storage="d:\actions-runner\_work\xpco\xpco\sc\components\remoteviewer\smartclient\tst\zsmartclient_unittest\bin\x64\debug\net472\zsmartclient_unittest.dll" id="43d61832-991c-baec-6981-658713b1dd1b">
      <TestCategory>
        <TestCategoryItem TestCategory="GisMapMapItem" />
      </TestCategory>
      <Execution id="a7091008-0130-43d2-b42a-0f15d121717e" />
      <TestMethod codeBase="D:\actions-runner\_work\XPCO\XPCO\SC\Components\RemoteViewer\SmartClient\tst\zSmartClient_UnitTest\bin\x64\Debug\net472\zSmartClient_UnitTest.dll" adapterTypeName="executor://mstestadapter/v2" className="SmartClient_UnitTest.VideoOS.RemoteClient.GisMap.MapItem.MapItemTests" name="CameraMapItem_ForceActivateAsync_InBuilding_Success" />
    </UnitTest>
    <UnitTest name="RightClick_ShouldNotSetContextMenu_WhenHostIsContextMenuAware" storage="d:\actions-runner\_work\xpco\xpco\sc\components\remoteviewer\smartclient\tst\zsmartclient_unittest\bin\x64\debug\net472\zsmartclient_unittest.dll" id="9b197971-a4a0-f2e7-cf86-c42cab4fc0ac">
      <TestCategory>
        <TestCategoryItem TestCategory="MapItemMarkerBase" />
      </TestCategory>
      <Execution id="6de3afec-aa44-4c00-9360-779d6829d9a6" />
      <TestMethod codeBase="D:\actions-runner\_work\XPCO\XPCO\SC\Components\RemoteViewer\SmartClient\tst\zSmartClient_UnitTest\bin\x64\Debug\net472\zSmartClient_UnitTest.dll" adapterTypeName="executor://mstestadapter/v2" className="SmartClient_UnitTest.VideoOS.RemoteClient.Plugin.GisMap.ThinkGeoMap.Markers.MapItemMarkerBaseTests" name="RightClick_ShouldNotSetContextMenu_WhenHostIsContextMenuAware" />
    </UnitTest>
    <UnitTest name="Constructor_ShouldInitializeProperties_WhenCalled" storage="d:\actions-runner\_work\xpco\xpco\sc\components\remoteviewer\smartclient\tst\zsmartclient_unittest\bin\x64\debug\net472\zsmartclient_unittest.dll" id="5770b0b5-2a66-8eb2-b129-73ab244ff2c9">
      <TestCategory>
        <TestCategoryItem TestCategory="GisMap.UI.DeviceSelectors.PanelComponents" />
      </TestCategory>
      <Execution id="f483f051-c878-4306-a75c-a0d9c776f11e" />
      <TestMethod codeBase="D:\actions-runner\_work\XPCO\XPCO\SC\Components\RemoteViewer\SmartClient\tst\zSmartClient_UnitTest\bin\x64\Debug\net472\zSmartClient_UnitTest.dll" adapterTypeName="executor://mstestadapter/v2" className="SmartClient_UnitTest.VideoOS.RemoteClient.Plugin.GisMap.UI.DeviceSelectors.PanelComponents.DeviceSelectorPanelComponentTests" name="Constructor_ShouldInitializeProperties_WhenCalled" />
    </UnitTest>
    <UnitTest name="DeviceIcons_ShouldNotBeEmpty_WhenCalled" storage="d:\actions-runner\_work\xpco\xpco\sc\components\remoteviewer\smartclient\tst\zsmartclient_unittest\bin\x64\debug\net472\zsmartclient_unittest.dll" id="880da315-51a5-facb-4f5d-0ceb4daad608">
      <TestCategory>
        <TestCategoryItem TestCategory="GisMapData.OutputOemResourcesProviderTests" />
      </TestCategory>
      <Execution id="1b7bc35b-f56a-4e63-9391-3aee2fcde0f4" />
      <TestMethod codeBase="D:\actions-runner\_work\XPCO\XPCO\SC\Components\RemoteViewer\SmartClient\tst\zSmartClient_UnitTest\bin\x64\Debug\net472\zSmartClient_UnitTest.dll" adapterTypeName="executor://mstestadapter/v2" className="SmartClient_UnitTest.VideoOS.RemoteClient.GisMapData.Resources.OutputOemResourcesProviderTests" name="DeviceIcons_ShouldNotBeEmpty_WhenCalled" />
    </UnitTest>
    <UnitTest name="ListenToMicrophone_ShouldBeCalled_WhenMicrophoneStateChangesToUnmuted" storage="d:\actions-runner\_work\xpco\xpco\sc\components\remoteviewer\smartclient\tst\zsmartclient_unittest\bin\x64\debug\net472\zsmartclient_unittest.dll" id="a8d5f143-40e9-2f91-37a6-26e5ad4ff867">
      <TestCategory>
        <TestCategoryItem TestCategory="GisMapAudioController" />
      </TestCategory>
      <Execution id="9c616b20-fa13-4e39-861c-7fd85cdd994f" />
      <TestMethod codeBase="D:\actions-runner\_work\XPCO\XPCO\SC\Components\RemoteViewer\SmartClient\tst\zSmartClient_UnitTest\bin\x64\Debug\net472\zSmartClient_UnitTest.dll" adapterTypeName="executor://mstestadapter/v2" className="SmartClient_UnitTest.VideoOS.RemoteClient.GisMapData.GisMapAudioControllerTests" name="ListenToMicrophone_ShouldBeCalled_WhenMicrophoneStateChangesToUnmuted" />
    </UnitTest>
    <UnitTest name="SupportsDoubleClick_ShouldBeTrue_WhenInteractionStateIsNormal" storage="d:\actions-runner\_work\xpco\xpco\sc\components\remoteviewer\smartclient\tst\zsmartclient_unittest\bin\x64\debug\net472\zsmartclient_unittest.dll" id="400c5eaf-48ad-3c64-9e1d-3969836d1b6d">
      <TestCategory>
        <TestCategoryItem TestCategory="GisMap.MicrophoneMarkerTest" />
      </TestCategory>
      <Execution id="f487ff7b-3550-4247-8e7c-fe7cd355b409" />
      <TestMethod codeBase="D:\actions-runner\_work\XPCO\XPCO\SC\Components\RemoteViewer\SmartClient\tst\zSmartClient_UnitTest\bin\x64\Debug\net472\zSmartClient_UnitTest.dll" adapterTypeName="executor://mstestadapter/v2" className="SmartClient_UnitTest.VideoOS.RemoteClient.Plugin.GisMap.ThinkGeoMap.Markers.DeviceMarkers.MicrophoneMarker.MicrophoneMarkerTests" name="SupportsDoubleClick_ShouldBeTrue_WhenInteractionStateIsNormal" />
    </UnitTest>
    <UnitTest name="TestForAssemblyCoverage" storage="d:\actions-runner\_work\xpco\xpco\sc\components\remoteviewer\smartclient\tst\zsmartclient_unittest\bin\x64\debug\net472\zsmartclient_unittest.dll" id="1d2a1f8c-9df5-1e11-ff05-9be1bb8085db">
      <Execution id="e522ffd3-4818-4e0d-b1c2-de6fe4986d8f" />
      <TestMethod codeBase="D:\actions-runner\_work\XPCO\XPCO\SC\Components\RemoteViewer\SmartClient\tst\zSmartClient_UnitTest\bin\x64\Debug\net472\zSmartClient_UnitTest.dll" adapterTypeName="executor://mstestadapter/v2" className="SmartClient_UnitTest.VideoOS.RemoteClient.MainForm.UnitTest1" name="TestForAssemblyCoverage" />
    </UnitTest>
    <UnitTest name="ClearSelectedCommand_ClearsTheSelectedResults" storage="d:\actions-runner\_work\xpco\xpco\sc\components\remoteviewer\smartclient\tst\zsmartclient_unittest\bin\x64\debug\net472\zsmartclient_unittest.dll" id="6cf12226-4d60-3448-6119-955749ad1a56">
      <TestCategory>
        <TestCategoryItem TestCategory="SearchResultActionBarViewModel" />
      </TestCategory>
      <Execution id="993978f8-9799-4fb1-94c9-abde8dfd19e3" />
      <TestMethod codeBase="D:\actions-runner\_work\XPCO\XPCO\SC\Components\RemoteViewer\SmartClient\tst\zSmartClient_UnitTest\bin\x64\Debug\net472\zSmartClient_UnitTest.dll" adapterTypeName="executor://mstestadapter/v2" className="SmartClient_UnitTest.VideoOS.RemoteClient.Plugin.CentralizedSearch.ViewModels.SearchResultsActionBarViewModelTest" name="ClearSelectedCommand_ClearsTheSelectedResults" />
    </UnitTest>
    <UnitTest name="CreateReportAsync_ShouldNotFail_WhenAllResultFieldsAreLong" storage="d:\actions-runner\_work\xpco\xpco\sc\components\remoteviewer\smartclient\tst\zsmartclient_unittest\bin\x64\debug\net472\zsmartclient_unittest.dll" id="2f96cc7e-229b-c021-6453-b884afd8bfc0">
      <TestCategory>
        <TestCategoryItem TestCategory="Search" />
      </TestCategory>
      <Execution id="1ea5add3-1854-48df-ae46-79ea4cb17688" />
      <TestMethod codeBase="D:\actions-runner\_work\XPCO\XPCO\SC\Components\RemoteViewer\SmartClient\tst\zSmartClient_UnitTest\bin\x64\Debug\net472\zSmartClient_UnitTest.dll" adapterTypeName="executor://mstestadapter/v2" className="SmartClient_UnitTest.VideoOS.RemoteClient.Plugin.CentralizedSearch.ViewModels.Utility.SearchReportPrintFactoryTests" name="CreateReportAsync_ShouldNotFail_WhenAllResultFieldsAreLong" />
    </UnitTest>
    <UnitTest name="SearchEventsAsync_ShouldReturnNull_WhenAccessControlLoginInfoIsNull" storage="d:\actions-runner\_work\xpco\xpco\sc\components\remoteviewer\smartclient\tst\zsmartclient_unittest\bin\x64\debug\net472\zsmartclient_unittest.dll" id="ecb78db4-fbd8-8b6b-a357-e550309c3c9c">
      <TestCategory>
        <TestCategoryItem TestCategory="AccessControl" />
      </TestCategory>
      <Execution id="bbff96a6-b18e-4f2d-a231-579e96384cbf" />
      <TestMethod codeBase="D:\actions-runner\_work\XPCO\XPCO\SC\Components\RemoteViewer\SmartClient\tst\zSmartClient_UnitTest\bin\x64\Debug\net472\zSmartClient_UnitTest.dll" adapterTypeName="executor://mstestadapter/v2" className="SmartClient_UnitTest.VideoOS.RemoteClient.AccessControl.AccessControlManagerCoreTests" name="SearchEventsAsync_ShouldReturnNull_WhenAccessControlLoginInfoIsNull" />
    </UnitTest>
    <UnitTest name="ToDenormalizedDirection_Minus0_5" storage="d:\actions-runner\_work\xpco\xpco\sc\components\remoteviewer\smartclient\tst\zsmartclient_unittest\bin\x64\debug\net472\zsmartclient_unittest.dll" id="27435069-3b26-ac29-8504-ccee8722f11b">
      <TestCategory>
        <TestCategoryItem TestCategory="GisMap" />
      </TestCategory>
      <Execution id="46c46b5f-b794-4fed-81b7-9654d43bad1f" />
      <TestMethod codeBase="D:\actions-runner\_work\XPCO\XPCO\SC\Components\RemoteViewer\SmartClient\tst\zSmartClient_UnitTest\bin\x64\Debug\net472\zSmartClient_UnitTest.dll" adapterTypeName="executor://mstestadapter/v2" className="SmartClient_UnitTest.VideoOS.RemoteClient.GisMap.Utilities.GisUtilityTests" name="ToDenormalizedDirection_Minus0_5" />
    </UnitTest>
    <UnitTest name="DrawCore_ShouldNotDisplayClusterMarkers_WhenClusteringDisabled" storage="d:\actions-runner\_work\xpco\xpco\sc\components\remoteviewer\smartclient\tst\zsmartclient_unittest\bin\x64\debug\net472\zsmartclient_unittest.dll" id="701dc107-7f79-fab2-b18e-55df056f2ab4">
      <TestCategory>
        <TestCategoryItem TestCategory="SmartMap.MapItemsOverlay" />
      </TestCategory>
      <Execution id="b94ba157-cd7e-4ce8-9c7f-80f926f79251" />
      <TestMethod codeBase="D:\actions-runner\_work\XPCO\XPCO\SC\Components\RemoteViewer\SmartClient\tst\zSmartClient_UnitTest\bin\x64\Debug\net472\zSmartClient_UnitTest.dll" adapterTypeName="executor://mstestadapter/v2" className="SmartClient_UnitTest.VideoOS.RemoteClient.Plugin.GisMap.ThinkGeoMap.SpecializedOverlays.Overlays.MapItemsOverlayTests" name="DrawCore_ShouldNotDisplayClusterMarkers_WhenClusteringDisabled" />
    </UnitTest>
    <UnitTest name="Perform_FirstAction_Success" storage="d:\actions-runner\_work\xpco\xpco\sc\components\remoteviewer\smartclient\tst\zsmartclient_unittest\bin\x64\debug\net472\zsmartclient_unittest.dll" id="ecf00477-94a3-5251-4140-6240ac1b0b60">
      <TestCategory>
        <TestCategoryItem TestCategory="UI.Facilitators" />
      </TestCategory>
      <Execution id="ca36cd62-347f-440d-8ea6-1999abe586f9" />
      <TestMethod codeBase="D:\actions-runner\_work\XPCO\XPCO\SC\Components\RemoteViewer\SmartClient\tst\zSmartClient_UnitTest\bin\x64\Debug\net472\zSmartClient_UnitTest.dll" adapterTypeName="executor://mstestadapter/v2" className="SmartClient_UnitTest.VideoOS.UI.Common.EventDrivenBufferWithDelayTests" name="Perform_FirstAction_Success" />
    </UnitTest>
    <UnitTest name="ToDenormalizedFieldOfView_0_5" storage="d:\actions-runner\_work\xpco\xpco\sc\components\remoteviewer\smartclient\tst\zsmartclient_unittest\bin\x64\debug\net472\zsmartclient_unittest.dll" id="53bc71ef-c08f-8372-fdf8-0535984f2d5b">
      <TestCategory>
        <TestCategoryItem TestCategory="GisMap" />
      </TestCategory>
      <Execution id="5413b7c2-231a-45b1-a0ea-7e293882b48c" />
      <TestMethod codeBase="D:\actions-runner\_work\XPCO\XPCO\SC\Components\RemoteViewer\SmartClient\tst\zSmartClient_UnitTest\bin\x64\Debug\net472\zSmartClient_UnitTest.dll" adapterTypeName="executor://mstestadapter/v2" className="SmartClient_UnitTest.VideoOS.RemoteClient.GisMap.Utilities.GisUtilityTests" name="ToDenormalizedFieldOfView_0_5" />
    </UnitTest>
    <UnitTest name="RightButtonUp_ShouldNotChangeActiveInteractionState_WhenInteractionStateIsAddNewDevice" storage="d:\actions-runner\_work\xpco\xpco\sc\components\remoteviewer\smartclient\tst\zsmartclient_unittest\bin\x64\debug\net472\zsmartclient_unittest.dll" id="dfb5cf56-cecf-f905-a0de-98205eae9749">
      <TestCategory>
        <TestCategoryItem TestCategory="GisMap.MapControl" />
      </TestCategory>
      <Execution id="107e93fd-f076-4c0a-b830-83d677a2ccfc" />
      <TestMethod codeBase="D:\actions-runner\_work\XPCO\XPCO\SC\Components\RemoteViewer\SmartClient\tst\zSmartClient_UnitTest\bin\x64\Debug\net472\zSmartClient_UnitTest.dll" adapterTypeName="executor://mstestadapter/v2" className="SmartClient_UnitTest.VideoOS.RemoteClient.Plugin.GisMap.ThinkGeoMap.ThinkGeoMapControlTests" name="RightButtonUp_ShouldNotChangeActiveInteractionState_WhenInteractionStateIsAddNewDevice" />
    </UnitTest>
    <UnitTest name="SearchResultsReady_ShouldReturnAllResults_WhenSearchResultIdsAreUnique" storage="d:\actions-runner\_work\xpco\xpco\sc\components\remoteviewer\smartclient\tst\zsmartclient_unittest\bin\x64\debug\net472\zsmartclient_unittest.dll" id="7f31e1a8-eb37-a7f7-05cb-b001ed2dcb3c">
      <TestCategory>
        <TestCategoryItem TestCategory="SearchModels" />
      </TestCategory>
      <Execution id="97274934-dcb5-4767-bc72-1f35f841984d" />
      <TestMethod codeBase="D:\actions-runner\_work\XPCO\XPCO\SC\Components\RemoteViewer\SmartClient\tst\zSmartClient_UnitTest\bin\x64\Debug\net472\zSmartClient_UnitTest.dll" adapterTypeName="executor://mstestadapter/v2" className="SmartClient_UnitTest.VideoOS.RemoteClient.Plugin.CentralizedSearch.Models.SearchModelTests" name="SearchResultsReady_ShouldReturnAllResults_WhenSearchResultIdsAreUnique" />
    </UnitTest>
    <UnitTest name="AndOrSearchDefinitionToCornerRadiusMultiConverter_CallConvert_Or" storage="d:\actions-runner\_work\xpco\xpco\sc\components\remoteviewer\smartclient\tst\zsmartclient_unittest\bin\x64\debug\net472\zsmartclient_unittest.dll" id="c620d01b-a235-adbe-ef3b-c8f7cbb07bda">
      <TestCategory>
        <TestCategoryItem TestCategory="SearchConverter" />
      </TestCategory>
      <Execution id="ab79700d-d7f6-4786-9fe3-fe6c0b9c4988" />
      <TestMethod codeBase="D:\actions-runner\_work\XPCO\XPCO\SC\Components\RemoteViewer\SmartClient\tst\zSmartClient_UnitTest\bin\x64\Debug\net472\zSmartClient_UnitTest.dll" adapterTypeName="executor://mstestadapter/v2" className="SmartClient_UnitTest.VideoOS.RemoteClient.Plugin.CentralizedSearch.Views.Converters.AndOrSearchDefinitionMultiConverterTests" name="AndOrSearchDefinitionToCornerRadiusMultiConverter_CallConvert_Or" />
    </UnitTest>
    <UnitTest name="InputMapItem_ForceActivateAsync_InBuilding_Success" storage="d:\actions-runner\_work\xpco\xpco\sc\components\remoteviewer\smartclient\tst\zsmartclient_unittest\bin\x64\debug\net472\zsmartclient_unittest.dll" id="66fabd13-f03e-562d-f4ae-a70f6ebf368b">
      <TestCategory>
        <TestCategoryItem TestCategory="GisMapData.MapItem.Inputs" />
      </TestCategory>
      <Execution id="2ca9107a-35ce-415b-968a-5e21caf276f3" />
      <TestMethod codeBase="D:\actions-runner\_work\XPCO\XPCO\SC\Components\RemoteViewer\SmartClient\tst\zSmartClient_UnitTest\bin\x64\Debug\net472\zSmartClient_UnitTest.dll" adapterTypeName="executor://mstestadapter/v2" className="SmartClient_UnitTest.VideoOS.RemoteClient.GisMapData.MapItem.Inputs.InputMapItemTests" name="InputMapItem_ForceActivateAsync_InBuilding_Success" />
    </UnitTest>
    <UnitTest name="Deserialize_ShouldIncludeCombineTypeOr_WhenCombineTypeIsOrInXml" storage="d:\actions-runner\_work\xpco\xpco\sc\components\remoteviewer\smartclient\tst\zsmartclient_unittest\bin\x64\debug\net472\zsmartclient_unittest.dll" id="77328071-fcbe-8814-7b38-9b55da6b9e94">
      <TestCategory>
        <TestCategoryItem TestCategory="SearchSerialization" />
      </TestCategory>
      <Execution id="768cedc3-01c5-4dc7-b869-9fddd0f46fcb" />
      <TestMethod codeBase="D:\actions-runner\_work\XPCO\XPCO\SC\Components\RemoteViewer\SmartClient\tst\zSmartClient_UnitTest\bin\x64\Debug\net472\zSmartClient_UnitTest.dll" adapterTypeName="executor://mstestadapter/v2" className="SmartClient_UnitTest.VideoOS.RemoteClient.Plugin.CentralizedSearch.Models.Serialization.SearchSerializerTests" name="Deserialize_ShouldIncludeCombineTypeOr_WhenCombineTypeIsOrInXml" />
    </UnitTest>
    <UnitTest name="CalculateNewExtent_ShouldScaleEvenly_WhenWithinMaxInUpperRight" storage="d:\actions-runner\_work\xpco\xpco\sc\components\remoteviewer\smartclient\tst\zsmartclient_unittest\bin\x64\debug\net472\zsmartclient_unittest.dll" id="471a9d0c-0431-d46b-1459-094d77836e47">
      <TestCategory>
        <TestCategoryItem TestCategory="MipItemsUpdateStrategy" />
      </TestCategory>
      <Execution id="62e98e92-e146-4653-9c42-698ac113f2e0" />
      <TestMethod codeBase="D:\actions-runner\_work\XPCO\XPCO\SC\Components\RemoteViewer\SmartClient\tst\zSmartClient_UnitTest\bin\x64\Debug\net472\zSmartClient_UnitTest.dll" adapterTypeName="executor://mstestadapter/v2" className="SmartClient_UnitTest.VideoOS.RemoteClient.Plugin.GisMap.MIP.MipItemsUpdateStrategyTests" name="CalculateNewExtent_ShouldScaleEvenly_WhenWithinMaxInUpperRight" />
    </UnitTest>
    <UnitTest name="SearchResultsActionBarActions_CreateSnapshot_InvokeCommand_MultipleSnapshotsSucceeded_CorrectStatusTextShown" storage="d:\actions-runner\_work\xpco\xpco\sc\components\remoteviewer\smartclient\tst\zsmartclient_unittest\bin\x64\debug\net472\zsmartclient_unittest.dll" id="d2b63634-b2a8-712b-6997-a00fbcbd57df">
      <TestCategory>
        <TestCategoryItem TestCategory="SearchResultActionBarViewModel" />
      </TestCategory>
      <Execution id="6642a782-6ed5-4434-ac18-e26f99479811" />
      <TestMethod codeBase="D:\actions-runner\_work\XPCO\XPCO\SC\Components\RemoteViewer\SmartClient\tst\zSmartClient_UnitTest\bin\x64\Debug\net472\zSmartClient_UnitTest.dll" adapterTypeName="executor://mstestadapter/v2" className="SmartClient_UnitTest.VideoOS.RemoteClient.Plugin.CentralizedSearch.ViewModels.SearchResultsActionBarViewModelTest" name="SearchResultsActionBarActions_CreateSnapshot_InvokeCommand_MultipleSnapshotsSucceeded_CorrectStatusTextShown" />
    </UnitTest>
    <UnitTest name="AddToExportDevices_ShouldReturnCorrectResult (0,5,5)" storage="d:\actions-runner\_work\xpco\xpco\sc\components\remoteviewer\smartclient\tst\zsmartclient_unittest\bin\x64\debug\net472\zsmartclient_unittest.dll" id="f51cf9e2-cdcd-f8dd-962c-cbd4db2c5ec7">
      <TestCategory>
        <TestCategoryItem TestCategory="Managers" />
      </TestCategory>
      <Execution id="f2a2809c-0631-4728-af48-f031a2a7f89b" />
      <TestMethod codeBase="D:\actions-runner\_work\XPCO\XPCO\SC\Components\RemoteViewer\SmartClient\tst\zSmartClient_UnitTest\bin\x64\Debug\net472\zSmartClient_UnitTest.dll" adapterTypeName="executor://mstestadapter/v2" className="SmartClient_UnitTest.VideoOS.RemoteClient.Application.Managers.ExportManagerTests" name="AddToExportDevices_ShouldReturnCorrectResult" />
    </UnitTest>
    <UnitTest name="GetSnapshots_NoWritePermissionOnDirectory_Failure" storage="d:\actions-runner\_work\xpco\xpco\sc\components\remoteviewer\smartclient\tst\zsmartclient_unittest\bin\x64\debug\net472\zsmartclient_unittest.dll" id="6bd74aa1-066e-7f55-8ec9-3c760d2fdfa7">
      <TestCategory>
        <TestCategoryItem TestCategory="Search" />
      </TestCategory>
      <Execution id="8395df45-0b95-4c02-a1e0-51b66ecacda8" />
      <TestMethod codeBase="D:\actions-runner\_work\XPCO\XPCO\SC\Components\RemoteViewer\SmartClient\tst\zSmartClient_UnitTest\bin\x64\Debug\net472\zSmartClient_UnitTest.dll" adapterTypeName="executor://mstestadapter/v2" className="SmartClient_UnitTest.VideoOS.RemoteClient.Plugin.CentralizedSearch.ViewModels.Data.SnapshotHandlerTests" name="GetSnapshots_NoWritePermissionOnDirectory_Failure" />
    </UnitTest>
    <UnitTest name="HandleSetLayerFeatures_ShouldRaiseArgumentException_WhenInputKindAndNotInputLayerFeatures" storage="d:\actions-runner\_work\xpco\xpco\sc\components\remoteviewer\smartclient\tst\zsmartclient_unittest\bin\x64\debug\net472\zsmartclient_unittest.dll" id="ea6b211e-3258-7db9-8b82-11e88b9536ce">
      <TestCategory>
        <TestCategoryItem TestCategory="GisMapData.Handlers.LayerFeatures" />
      </TestCategory>
      <Execution id="b192d282-44c5-4800-ba0b-576289aecc16" />
      <TestMethod codeBase="D:\actions-runner\_work\XPCO\XPCO\SC\Components\RemoteViewer\SmartClient\tst\zSmartClient_UnitTest\bin\x64\Debug\net472\zSmartClient_UnitTest.dll" adapterTypeName="executor://mstestadapter/v2" className="SmartClient_UnitTest.VideoOS.RemoteClient.GisMapData.Handlers.LayerFeatures.InputLayerFeaturesHandlerTests" name="HandleSetLayerFeatures_ShouldRaiseArgumentException_WhenInputKindAndNotInputLayerFeatures" />
    </UnitTest>
    <UnitTest name="ShowAccessControlSystems_ShouldReturnTrue_WhenTwoACSystemsAvailable" storage="d:\actions-runner\_work\xpco\xpco\sc\components\remoteviewer\smartclient\tst\zsmartclient_unittest\bin\x64\debug\net472\zsmartclient_unittest.dll" id="2393804e-4c64-30b5-d8f4-67c3cee41ca1">
      <Execution id="ba05f580-7143-40f9-b40e-218b203c6f38" />
      <TestMethod codeBase="D:\actions-runner\_work\XPCO\XPCO\SC\Components\RemoteViewer\SmartClient\tst\zSmartClient_UnitTest\bin\x64\Debug\net472\zSmartClient_UnitTest.dll" adapterTypeName="executor://mstestadapter/v2" className="SmartClient_UnitTest.VideoOS.RemoteClient.AccessControl.ViewModel.CardholdersTabViewModelTests" name="ShowAccessControlSystems_ShouldReturnTrue_WhenTwoACSystemsAvailable" />
    </UnitTest>
    <UnitTest name="UserInfoDto_ShouldYieldSameValues_WhenRoundTripConverted" storage="d:\actions-runner\_work\xpco\xpco\sc\components\remoteviewer\smartclient\tst\zsmartclient_unittest\bin\x64\debug\net472\zsmartclient_unittest.dll" id="a721bda0-d060-fd7b-5877-e579358eb55b">
      <TestCategory>
        <TestCategoryItem TestCategory="RecorderProxyToDtoMapping" />
      </TestCategory>
      <Execution id="ced35aa0-7177-45b6-aa49-773cc695f2fe" />
      <TestMethod codeBase="D:\actions-runner\_work\XPCO\XPCO\SC\Components\RemoteViewer\SmartClient\tst\zSmartClient_UnitTest\bin\x64\Debug\net472\zSmartClient_UnitTest.dll" adapterTypeName="executor://mstestadapter/v2" className="VideoOS.Shared.ServerAPI.SOAP.RecorderClientMappingTests" name="UserInfoDto_ShouldYieldSameValues_WhenRoundTripConverted" />
    </UnitTest>
    <UnitTest name="Ctor_NullPassedToNotNullParameters_Failure" storage="d:\actions-runner\_work\xpco\xpco\sc\components\remoteviewer\smartclient\tst\zsmartclient_unittest\bin\x64\debug\net472\zsmartclient_unittest.dll" id="66234323-7949-a946-9adf-97375c9fed0b">
      <TestCategory>
        <TestCategoryItem TestCategory="SearchResultViewModels" />
      </TestCategory>
      <Execution id="fb787b96-6b38-4ee3-8945-6c8df7a52dfb" />
      <TestMethod codeBase="D:\actions-runner\_work\XPCO\XPCO\SC\Components\RemoteViewer\SmartClient\tst\zSmartClient_UnitTest\bin\x64\Debug\net472\zSmartClient_UnitTest.dll" adapterTypeName="executor://mstestadapter/v2" className="SmartClient_UnitTest.VideoOS.RemoteClient.Plugin.CentralizedSearch.ViewModels.SearchResultsViewModelTest" name="Ctor_NullPassedToNotNullParameters_Failure" />
    </UnitTest>
    <UnitTest name="SignUrl_WhereSignatureIsNull_ThrowException" storage="d:\actions-runner\_work\xpco\xpco\sc\components\remoteviewer\smartclient\tst\zsmartclient_unittest\bin\x64\debug\net472\zsmartclient_unittest.dll" id="8f5491df-5fca-1dbe-cd17-6a2db5019ce9">
      <Execution id="e0e42963-973b-4fa9-83e1-2fe22d92a285" />
      <TestMethod codeBase="D:\actions-runner\_work\XPCO\XPCO\SC\Components\RemoteViewer\SmartClient\tst\zSmartClient_UnitTest\bin\x64\Debug\net472\zSmartClient_UnitTest.dll" adapterTypeName="executor://mstestadapter/v2" className="SmartClient_UnitTest.VideoOS.RemoteClient.Plugin.GisMap.Utilities.GoogleApiUrlTest" name="SignUrl_WhereSignatureIsNull_ThrowException" />
    </UnitTest>
    <UnitTest name="SmartMapGoToPositionHandler_WhenLongitudeIsInvalid_ShouldWriteToLog" storage="d:\actions-runner\_work\xpco\xpco\sc\components\remoteviewer\smartclient\tst\zsmartclient_unittest\bin\x64\debug\net472\zsmartclient_unittest.dll" id="6fb4919f-9275-fa65-8704-748d9ebfe4e0">
      <Execution id="af2c7a14-cb02-40fc-a571-558cbdde7c52" />
      <TestMethod codeBase="D:\actions-runner\_work\XPCO\XPCO\SC\Components\RemoteViewer\SmartClient\tst\zSmartClient_UnitTest\bin\x64\Debug\net472\zSmartClient_UnitTest.dll" adapterTypeName="executor://mstestadapter/v2" className="SmartClient_UnitTest.VideoOS.RemoteClient.Plugin.GisMap.MIP.ContentHolderMipMessageManagerTests" name="SmartMapGoToPositionHandler_WhenLongitudeIsInvalid_ShouldWriteToLog" />
    </UnitTest>
    <UnitTest name="CameraMapItem_ForceActivateAsync_NotInBuilding_Success" storage="d:\actions-runner\_work\xpco\xpco\sc\components\remoteviewer\smartclient\tst\zsmartclient_unittest\bin\x64\debug\net472\zsmartclient_unittest.dll" id="d4872f30-d2e7-fc1d-f456-df3197080a48">
      <TestCategory>
        <TestCategoryItem TestCategory="GisMapMapItem" />
      </TestCategory>
      <Execution id="1ff262f2-62b2-4c3c-b535-8f6f958baca1" />
      <TestMethod codeBase="D:\actions-runner\_work\XPCO\XPCO\SC\Components\RemoteViewer\SmartClient\tst\zSmartClient_UnitTest\bin\x64\Debug\net472\zSmartClient_UnitTest.dll" adapterTypeName="executor://mstestadapter/v2" className="SmartClient_UnitTest.VideoOS.RemoteClient.GisMap.MapItem.MapItemTests" name="CameraMapItem_ForceActivateAsync_NotInBuilding_Success" />
    </UnitTest>
    <UnitTest name="Related_device_with_no_create_rights_not_added_when_in_edit_mode" storage="d:\actions-runner\_work\xpco\xpco\sc\components\remoteviewer\smartclient\tst\zsmartclient_unittest\bin\x64\debug\net472\zsmartclient_unittest.dll" id="368cb1e4-cb3a-71e3-96c7-b85f55f12c0c">
      <Execution id="a59d506d-3357-4cd2-bd31-adcc062daf12" />
      <TestMethod codeBase="D:\actions-runner\_work\XPCO\XPCO\SC\Components\RemoteViewer\SmartClient\tst\zSmartClient_UnitTest\bin\x64\Debug\net472\zSmartClient_UnitTest.dll" adapterTypeName="executor://mstestadapter/v2" className="SmartClient_UnitTest.VideoOS.RemoteClient.Application.Components.EvidenceLock.EvidenceLockRelatedDeviceRightsTests" name="Related_device_with_no_create_rights_not_added_when_in_edit_mode" />
    </UnitTest>
    <UnitTest name="Dispose_ClusterMarkersNotDisposed_WhenMarkerMovedToCache" storage="d:\actions-runner\_work\xpco\xpco\sc\components\remoteviewer\smartclient\tst\zsmartclient_unittest\bin\x64\debug\net472\zsmartclient_unittest.dll" id="a2585aed-0f0c-4b5a-b559-bb2fb6af779c">
      <TestCategory>
        <TestCategoryItem TestCategory="SmartMap.MapItemsOverlay" />
      </TestCategory>
      <Execution id="53f9e5e1-db58-4c06-8481-efaf43e840ef" />
      <TestMethod codeBase="D:\actions-runner\_work\XPCO\XPCO\SC\Components\RemoteViewer\SmartClient\tst\zSmartClient_UnitTest\bin\x64\Debug\net472\zSmartClient_UnitTest.dll" adapterTypeName="executor://mstestadapter/v2" className="SmartClient_UnitTest.VideoOS.RemoteClient.Plugin.GisMap.ThinkGeoMap.SpecializedOverlays.Overlays.MapItemsOverlayTests" name="Dispose_ClusterMarkersNotDisposed_WhenMarkerMovedToCache" />
    </UnitTest>
    <UnitTest name="PatrollingProfileListViewModel_DeleteProfileCommand" storage="d:\actions-runner\_work\xpco\xpco\sc\components\remoteviewer\smartclient\tst\zsmartclient_unittest\bin\x64\debug\net472\zsmartclient_unittest.dll" id="51482505-ca37-9cd6-7636-ffa697390b81">
      <Execution id="5c462d96-b0b4-48c2-83f0-ce20635720d0" />
      <TestMethod codeBase="D:\actions-runner\_work\XPCO\XPCO\SC\Components\RemoteViewer\SmartClient\tst\zSmartClient_UnitTest\bin\x64\Debug\net472\zSmartClient_UnitTest.dll" adapterTypeName="executor://mstestadapter/v2" className="SmartClient_UnitTest.VideoOS.RemoteClient.Application.UI.PtzPreset.PatrollingViewModel.PatrollingProfileListViewModelTest" name="PatrollingProfileListViewModel_DeleteProfileCommand" />
    </UnitTest>
    <UnitTest name="RequiredGuidProviderStrategies_ShouldHaveOneMd5Strategy_WhenEventServerIdsAreNonFipsCompliant" storage="d:\actions-runner\_work\xpco\xpco\sc\components\remoteviewer\smartclient\tst\zsmartclient_unittest\bin\x64\debug\net472\zsmartclient_unittest.dll" id="da008dea-21a3-bbc8-6446-27067c0278d2">
      <TestCategory>
        <TestCategoryItem TestCategory="AccessControl.Services" />
      </TestCategory>
      <Execution id="c575f712-9fc2-4859-9eff-2efa78434347" />
      <TestMethod codeBase="D:\actions-runner\_work\XPCO\XPCO\SC\Components\RemoteViewer\SmartClient\tst\zSmartClient_UnitTest\bin\x64\Debug\net472\zSmartClient_UnitTest.dll" adapterTypeName="executor://mstestadapter/v2" className="SmartClient_UnitTest.VideoOS.RemoteClient.AccessControl.Services.AccessControlGuidProviderTests" name="RequiredGuidProviderStrategies_ShouldHaveOneMd5Strategy_WhenEventServerIdsAreNonFipsCompliant" />
    </UnitTest>
    <UnitTest name="Decorate_ShouldRaiseMissingMethodException_WhenDecoratorUsesLayerVisibilityItemData" storage="d:\actions-runner\_work\xpco\xpco\sc\components\remoteviewer\smartclient\tst\zsmartclient_unittest\bin\x64\debug\net472\zsmartclient_unittest.dll" id="22f57bdb-c5ee-b53f-99a9-02334618ffe6">
      <TestCategory>
        <TestCategoryItem TestCategory="GisMap.LayerVisibilityItemDataChildrenToggleItemDecoratorTests" />
      </TestCategory>
      <Execution id="075620bb-01d4-4579-9a9b-c5f0666e323a" />
      <TestMethod codeBase="D:\actions-runner\_work\XPCO\XPCO\SC\Components\RemoteViewer\SmartClient\tst\zSmartClient_UnitTest\bin\x64\Debug\net472\zSmartClient_UnitTest.dll" adapterTypeName="executor://mstestadapter/v2" className="SmartClient_UnitTest.VideoOS.RemoteClient.Plugin.GisMap.ViewModels.LayersVisibility.Decorators.LayerVisibilityItemDataChildrenToggleItemDecoratorTests" name="Decorate_ShouldRaiseMissingMethodException_WhenDecoratorUsesLayerVisibilityItemData" />
    </UnitTest>
    <UnitTest name="FetchDeviceConfiguration_ShouldLoadFromServer_WhenCacheFileIsNotPresentAndFetchTypeIsOnlyCache" storage="d:\actions-runner\_work\xpco\xpco\sc\components\remoteviewer\smartclient\tst\zsmartclient_unittest\bin\x64\debug\net472\zsmartclient_unittest.dll" id="6d978bab-aad4-7287-6436-c0f917b175ca">
      <Execution id="c02de162-3558-4490-8dbf-715c6c92a18f" />
      <TestMethod codeBase="D:\actions-runner\_work\XPCO\XPCO\SC\Components\RemoteViewer\SmartClient\tst\zSmartClient_UnitTest\bin\x64\Debug\net472\zSmartClient_UnitTest.dll" adapterTypeName="executor://mstestadapter/v2" className="SmartClient_UnitTest.VideoOS.RemoteClient.Application.Controllers.Helpers.DeviceConfigurationFetcherTests" name="FetchDeviceConfiguration_ShouldLoadFromServer_WhenCacheFileIsNotPresentAndFetchTypeIsOnlyCache" />
    </UnitTest>
    <UnitTest name="RemoveCameraTest" storage="d:\actions-runner\_work\xpco\xpco\sc\components\remoteviewer\smartclient\tst\zsmartclient_unittest\bin\x64\debug\net472\zsmartclient_unittest.dll" id="2ed74c97-cc2b-13bf-aac4-2247c3b9fbc5">
      <Execution id="ba0b62c1-8ffb-4c99-88bc-1393c2e356d8" />
      <TestMethod codeBase="D:\actions-runner\_work\XPCO\XPCO\SC\Components\RemoteViewer\SmartClient\tst\zSmartClient_UnitTest\bin\x64\Debug\net472\zSmartClient_UnitTest.dll" adapterTypeName="executor://mstestadapter/v2" className="SmartClient_UnitTest.VideoOS.Shared.ServerAPI.IServerConfigurationTest" name="RemoveCameraTest" />
    </UnitTest>
    <UnitTest name="GetIsOpenStreetMapValid_ShouldReturnTrue_WhenGeographicLayerIsAvailableAndAlternativeServerIsEmpty" storage="d:\actions-runner\_work\xpco\xpco\sc\components\remoteviewer\smartclient\tst\zsmartclient_unittest\bin\x64\debug\net472\zsmartclient_unittest.dll" id="336b8482-3bf7-7f8c-61fa-1897c8b88bb6">
      <TestCategory>
        <TestCategoryItem TestCategory="GisMapData.Controllers.Osm" />
      </TestCategory>
      <Execution id="e6675994-4cd5-4cc3-ad2d-e333b8fd594b" />
      <TestMethod codeBase="D:\actions-runner\_work\XPCO\XPCO\SC\Components\RemoteViewer\SmartClient\tst\zSmartClient_UnitTest\bin\x64\Debug\net472\zSmartClient_UnitTest.dll" adapterTypeName="executor://mstestadapter/v2" className="SmartClient_UnitTest.VideoOS.RemoteClient.GisMapData.Controllers.Osm.GisMapOsmControllerTests" name="GetIsOpenStreetMapValid_ShouldReturnTrue_WhenGeographicLayerIsAvailableAndAlternativeServerIsEmpty" />
    </UnitTest>
    <UnitTest name="ValidateExportFormats_VideoClipFormat_ShouldReturnFailResult_PrePostTextsRequired" storage="d:\actions-runner\_work\xpco\xpco\sc\components\remoteviewer\smartclient\tst\zsmartclient_unittest\bin\x64\debug\net472\zsmartclient_unittest.dll" id="e9db157d-7d85-2810-0c2d-91345491fde3">
      <TestCategory>
        <TestCategoryItem TestCategory="Export" />
      </TestCategory>
      <Execution id="c55be118-bb76-4c20-bbf4-114766ffab5c" />
      <TestMethod codeBase="D:\actions-runner\_work\XPCO\XPCO\SC\Components\RemoteViewer\SmartClient\tst\zSmartClient_UnitTest\bin\x64\Debug\net472\zSmartClient_UnitTest.dll" adapterTypeName="executor://mstestadapter/v2" className="SmartClient_UnitTest.VideoOS.RemoteClient.Plugin.Export.ExportDataValidatorTests" name="ValidateExportFormats_VideoClipFormat_ShouldReturnFailResult_PrePostTextsRequired" />
    </UnitTest>
    <UnitTest name="GetOsmServerAddress_ShouldReturnAlternativeServerValue_WhenGeographicLayerIsUnavailable" storage="d:\actions-runner\_work\xpco\xpco\sc\components\remoteviewer\smartclient\tst\zsmartclient_unittest\bin\x64\debug\net472\zsmartclient_unittest.dll" id="738cbe03-e159-a418-8d3e-aaea3bd6f9f5">
      <TestCategory>
        <TestCategoryItem TestCategory="GisMapData.Controllers.Osm" />
      </TestCategory>
      <Execution id="89744d41-bd22-458e-9b8e-505c327a6b54" />
      <TestMethod codeBase="D:\actions-runner\_work\XPCO\XPCO\SC\Components\RemoteViewer\SmartClient\tst\zSmartClient_UnitTest\bin\x64\Debug\net472\zSmartClient_UnitTest.dll" adapterTypeName="executor://mstestadapter/v2" className="SmartClient_UnitTest.VideoOS.RemoteClient.GisMapData.Controllers.Osm.GisMapOsmControllerTests" name="GetOsmServerAddress_ShouldReturnAlternativeServerValue_WhenGeographicLayerIsUnavailable" />
    </UnitTest>
    <UnitTest name="ReorderLevels12to21_Success" storage="d:\actions-runner\_work\xpco\xpco\sc\components\remoteviewer\smartclient\tst\zsmartclient_unittest\bin\x64\debug\net472\zsmartclient_unittest.dll" id="e76554b4-34ba-70cf-dfc9-f4d63f94ac41">
      <TestCategory>
        <TestCategoryItem TestCategory="GisMapBuilding" />
      </TestCategory>
      <Execution id="e70a4f63-6343-46c4-970f-620a0eed3fa2" />
      <TestMethod codeBase="D:\actions-runner\_work\XPCO\XPCO\SC\Components\RemoteViewer\SmartClient\tst\zSmartClient_UnitTest\bin\x64\Debug\net472\zSmartClient_UnitTest.dll" adapterTypeName="executor://mstestadapter/v2" className="SmartClient_UnitTest.VideoOS.RemoteClient.GisMap.MapBuildingTests" name="ReorderLevels12to21_Success" />
    </UnitTest>
    <UnitTest name="MicrophoneIconStates_ShouldReturnMicrophoneIconStatesInAProperOrder_WhenCalled" storage="d:\actions-runner\_work\xpco\xpco\sc\components\remoteviewer\smartclient\tst\zsmartclient_unittest\bin\x64\debug\net472\zsmartclient_unittest.dll" id="cb1d8729-ed7e-3666-4cf6-433514c9d9a6">
      <TestCategory>
        <TestCategoryItem TestCategory="GisMapData.MicrophoneOemResourcesProviderTests" />
      </TestCategory>
      <Execution id="25a610c1-0f64-40a9-92fe-4873c137145d" />
      <TestMethod codeBase="D:\actions-runner\_work\XPCO\XPCO\SC\Components\RemoteViewer\SmartClient\tst\zSmartClient_UnitTest\bin\x64\Debug\net472\zSmartClient_UnitTest.dll" adapterTypeName="executor://mstestadapter/v2" className="SmartClient_UnitTest.VideoOS.RemoteClient.GisMapData.Resources.MicrophoneOemResourcesProviderTests" name="MicrophoneIconStates_ShouldReturnMicrophoneIconStatesInAProperOrder_WhenCalled" />
    </UnitTest>
    <UnitTest name="IsBackButtonVisible_MappedToViewModel_Success" storage="d:\actions-runner\_work\xpco\xpco\sc\components\remoteviewer\smartclient\tst\zsmartclient_unittest\bin\x64\debug\net472\zsmartclient_unittest.dll" id="a6949d64-370a-8be7-7bab-9ebfeb9ac327">
      <TestCategory>
        <TestCategoryItem TestCategory="GisMap.GisMapViewFacade" />
      </TestCategory>
      <Execution id="9853c4e2-3715-4c7d-b7eb-4afe2bec2054" />
      <TestMethod codeBase="D:\actions-runner\_work\XPCO\XPCO\SC\Components\RemoteViewer\SmartClient\tst\zSmartClient_UnitTest\bin\x64\Debug\net472\zSmartClient_UnitTest.dll" adapterTypeName="executor://mstestadapter/v2" className="SmartClient_UnitTest.VideoOS.RemoteClient.Plugin.GisMap.IoC.GisMapViewFacadeTests" name="IsBackButtonVisible_MappedToViewModel_Success" />
    </UnitTest>
    <UnitTest name="LoadBoundingShapes_RectangleShape_AddedToUIAndSizedCorrectly" storage="d:\actions-runner\_work\xpco\xpco\sc\components\remoteviewer\smartclient\tst\zsmartclient_unittest\bin\x64\debug\net472\zsmartclient_unittest.dll" id="d4781dc2-7c6c-059d-3535-c27ddbecee56">
      <Execution id="d1f3c8b0-5cba-427f-9cfd-5c425d0ae23d" />
      <TestMethod codeBase="D:\actions-runner\_work\XPCO\XPCO\SC\Components\RemoteViewer\SmartClient\tst\zSmartClient_UnitTest\bin\x64\Debug\net472\zSmartClient_UnitTest.dll" adapterTypeName="executor://mstestadapter/v2" className="SmartClient_UnitTest.VideoOS.RemoteClient.Plugin.CentralizedSearch.MIPPlugin.Results.VideoSearchResultUserControlTests" name="LoadBoundingShapes_RectangleShape_AddedToUIAndSizedCorrectly" />
    </UnitTest>
    <UnitTest name="RemoveDefinition_UnknownDefinition_NoChange" storage="d:\actions-runner\_work\xpco\xpco\sc\components\remoteviewer\smartclient\tst\zsmartclient_unittest\bin\x64\debug\net472\zsmartclient_unittest.dll" id="d4e46870-eb38-895f-fa8d-62938fc8e119">
      <TestCategory>
        <TestCategoryItem TestCategory="SearchModels" />
      </TestCategory>
      <Execution id="bf4ff078-d11a-443e-a922-060ef763908a" />
      <TestMethod codeBase="D:\actions-runner\_work\XPCO\XPCO\SC\Components\RemoteViewer\SmartClient\tst\zSmartClient_UnitTest\bin\x64\Debug\net472\zSmartClient_UnitTest.dll" adapterTypeName="executor://mstestadapter/v2" className="SmartClient_UnitTest.VideoOS.RemoteClient.Plugin.CentralizedSearch.Models.SearchModelTests" name="RemoveDefinition_UnknownDefinition_NoChange" />
    </UnitTest>
    <UnitTest name="SelectOptions_ShouldNotChangeSelectedComponent_WhenGivenOptionGroupWithNoCorrelatedComponent" storage="d:\actions-runner\_work\xpco\xpco\sc\components\remoteviewer\smartclient\tst\zsmartclient_unittest\bin\x64\debug\net472\zsmartclient_unittest.dll" id="5cd4b702-56a3-e460-79f3-24a1a68869f7">
      <Execution id="9d933d2c-9a35-496a-adf5-283c5bffa25f" />
      <TestMethod codeBase="D:\actions-runner\_work\XPCO\XPCO\SC\Components\RemoteViewer\SmartClient\tst\zSmartClient_UnitTest\bin\x64\Debug\net472\zSmartClient_UnitTest.dll" adapterTypeName="executor://mstestadapter/v2" className="SmartClient_UnitTest.VideoOS.RemoteClient.Application.UI.Settings.SettingsDialogViewModelTests" name="SelectOptions_ShouldNotChangeSelectedComponent_WhenGivenOptionGroupWithNoCorrelatedComponent" />
    </UnitTest>
    <UnitTest name="PtzSessionControllerInfoConstructorTest_From_PtzSessionInfo_Idle_User" storage="d:\actions-runner\_work\xpco\xpco\sc\components\remoteviewer\smartclient\tst\zsmartclient_unittest\bin\x64\debug\net472\zsmartclient_unittest.dll" id="e321a84a-46d6-5a10-48a6-04d6f541eeb1">
      <Execution id="faa918ce-5997-4a7e-9145-44ad27159cba" />
      <TestMethod codeBase="D:\actions-runner\_work\XPCO\XPCO\SC\Components\RemoteViewer\SmartClient\tst\zSmartClient_UnitTest\bin\x64\Debug\net472\zSmartClient_UnitTest.dll" adapterTypeName="executor://mstestadapter/v2" className="VideoOS.RemoteClient.Application.Controllers.UnitTest.PtzSessionControllerTest" name="PtzSessionControllerInfoConstructorTest_From_PtzSessionInfo_Idle_User" />
    </UnitTest>
    <UnitTest name="GetProductDisplayVersion_ShouldReturnDefault_WhenSmartClientVersionIsNull" storage="d:\actions-runner\_work\xpco\xpco\sc\components\remoteviewer\smartclient\tst\zsmartclient_unittest\bin\x64\debug\net472\zsmartclient_unittest.dll" id="a68fe85a-0571-5cf5-4ec4-cc94366f30ee">
      <Execution id="038f66cc-7333-49a4-9f37-c1724998c65a" />
      <TestMethod codeBase="D:\actions-runner\_work\XPCO\XPCO\SC\Components\RemoteViewer\SmartClient\tst\zSmartClient_UnitTest\bin\x64\Debug\net472\zSmartClient_UnitTest.dll" adapterTypeName="executor://mstestadapter/v2" className="SmartClient_UnitTest.VideoOS.RemoteClient.Application.Common.Telemetry.SCTelemetrySpecificsTests" name="GetProductDisplayVersion_ShouldReturnDefault_WhenSmartClientVersionIsNull" />
    </UnitTest>
    <UnitTest name="CanMoreRegionsBeAdded_ShouldReturnTrue_WhenMaximumRegionsAllowedIsNotReached" storage="d:\actions-runner\_work\xpco\xpco\sc\components\remoteviewer\smartclient\tst\zsmartclient_unittest\bin\x64\debug\net472\zsmartclient_unittest.dll" id="2be8ff91-530a-56da-c98c-d25f9ef28970">
      <TestCategory>
        <TestCategoryItem TestCategory="Search.Filters.ViewModels" />
      </TestCategory>
      <Execution id="e27fcad7-0e93-4866-b90f-db85651171e2" />
      <TestMethod codeBase="D:\actions-runner\_work\XPCO\XPCO\SC\Components\RemoteViewer\SmartClient\tst\zSmartClient_UnitTest\bin\x64\Debug\net472\zSmartClient_UnitTest.dll" adapterTypeName="executor://mstestadapter/v2" className="SmartClient_UnitTest.VideoOS.RemoteClient.Plugin.CentralizedSearch.MIPPlugin.Criteria.ViewModels.RegionSelectionCameraListItemHelperTests" name="CanMoreRegionsBeAdded_ShouldReturnTrue_WhenMaximumRegionsAllowedIsNotReached" />
    </UnitTest>
    <UnitTest name="SearchDefinitionSearchLogic_ValidateBehaviour" storage="d:\actions-runner\_work\xpco\xpco\sc\components\remoteviewer\smartclient\tst\zsmartclient_unittest\bin\x64\debug\net472\zsmartclient_unittest.dll" id="93642e15-5690-c906-3db0-8d1d5502773a">
      <TestCategory>
        <TestCategoryItem TestCategory="SearchModels" />
      </TestCategory>
      <Execution id="35b5d208-c15b-4ec7-81bb-16abc96b89de" />
      <TestMethod codeBase="D:\actions-runner\_work\XPCO\XPCO\SC\Components\RemoteViewer\SmartClient\tst\zSmartClient_UnitTest\bin\x64\Debug\net472\zSmartClient_UnitTest.dll" adapterTypeName="executor://mstestadapter/v2" className="SmartClient_UnitTest.VideoOS.RemoteClient.Plugin.CentralizedSearch.Models.SearchModelTests" name="SearchDefinitionSearchLogic_ValidateBehaviour" />
    </UnitTest>
    <UnitTest name="ShouldCameraListItemBeEnabledForCamera_ShouldReturnTrue" storage="d:\actions-runner\_work\xpco\xpco\sc\components\remoteviewer\smartclient\tst\zsmartclient_unittest\bin\x64\debug\net472\zsmartclient_unittest.dll" id="c179356e-fb95-bde9-7e42-099773116f5f">
      <TestCategory>
        <TestCategoryItem TestCategory="Search.Filters.ViewModels" />
      </TestCategory>
      <Execution id="1aae0702-eaca-4421-81bb-a1c0b17945f3" />
      <TestMethod codeBase="D:\actions-runner\_work\XPCO\XPCO\SC\Components\RemoteViewer\SmartClient\tst\zSmartClient_UnitTest\bin\x64\Debug\net472\zSmartClient_UnitTest.dll" adapterTypeName="executor://mstestadapter/v2" className="SmartClient_UnitTest.VideoOS.RemoteClient.Plugin.CentralizedSearch.MIPPlugin.Criteria.ViewModels.RegionSelectionCameraListItemHelperTests" name="ShouldCameraListItemBeEnabledForCamera_ShouldReturnTrue" />
    </UnitTest>
    <UnitTest name="PatrollingProfileViewModelTest_Save_CreateProfile_Failed" storage="d:\actions-runner\_work\xpco\xpco\sc\components\remoteviewer\smartclient\tst\zsmartclient_unittest\bin\x64\debug\net472\zsmartclient_unittest.dll" id="d3e820a3-4350-83fc-1d0e-9c98ed12693d">
      <Execution id="c90e849b-54a7-43fd-b8d5-560477d52527" />
      <TestMethod codeBase="D:\actions-runner\_work\XPCO\XPCO\SC\Components\RemoteViewer\SmartClient\tst\zSmartClient_UnitTest\bin\x64\Debug\net472\zSmartClient_UnitTest.dll" adapterTypeName="executor://mstestadapter/v2" className="SmartClient_UnitTest.VideoOS.RemoteClient.Application.UI.PtzPreset.PatrollingViewModel.PatrollingProfileViewModelTest" name="PatrollingProfileViewModelTest_Save_CreateProfile_Failed" />
    </UnitTest>
    <UnitTest name="SupportsDoubleClick_ShouldBeFalse_WhenInteractionStateIsNotNormalAndInSetupMode" storage="d:\actions-runner\_work\xpco\xpco\sc\components\remoteviewer\smartclient\tst\zsmartclient_unittest\bin\x64\debug\net472\zsmartclient_unittest.dll" id="b1b5a4b2-ef61-9282-6663-5d7233efeaab">
      <TestCategory>
        <TestCategoryItem TestCategory="GisMap.LinkMarker" />
      </TestCategory>
      <Execution id="705f68b8-2533-413b-a41a-a4bed73d9709" />
      <TestMethod codeBase="D:\actions-runner\_work\XPCO\XPCO\SC\Components\RemoteViewer\SmartClient\tst\zSmartClient_UnitTest\bin\x64\Debug\net472\zSmartClient_UnitTest.dll" adapterTypeName="executor://mstestadapter/v2" className="SmartClient_UnitTest.VideoOS.RemoteClient.Plugin.GisMap.ThinkGeoMap.Markers.LinkMarker.LinkMarkerTests" name="SupportsDoubleClick_ShouldBeFalse_WhenInteractionStateIsNotNormalAndInSetupMode" />
    </UnitTest>
    <UnitTest name="TryGetOsmServerTileAddress_ShouldReturnUri_WhenOsmServerIncludesOsmTileSuffix" storage="d:\actions-runner\_work\xpco\xpco\sc\components\remoteviewer\smartclient\tst\zsmartclient_unittest\bin\x64\debug\net472\zsmartclient_unittest.dll" id="b918b474-74ff-1345-54cb-cdaf09a7e1fc">
      <TestCategory>
        <TestCategoryItem TestCategory="GisMapData.Controllers.Osm" />
      </TestCategory>
      <Execution id="876a5be3-e330-4894-bddd-440d255a8188" />
      <TestMethod codeBase="D:\actions-runner\_work\XPCO\XPCO\SC\Components\RemoteViewer\SmartClient\tst\zSmartClient_UnitTest\bin\x64\Debug\net472\zSmartClient_UnitTest.dll" adapterTypeName="executor://mstestadapter/v2" className="SmartClient_UnitTest.VideoOS.RemoteClient.GisMapData.Controllers.Osm.GisMapOsmControllerTests" name="TryGetOsmServerTileAddress_ShouldReturnUri_WhenOsmServerIncludesOsmTileSuffix" />
    </UnitTest>
    <UnitTest name="ProvideValue_ShouldAlwaysReturnItself" storage="d:\actions-runner\_work\xpco\xpco\sc\components\remoteviewer\smartclient\tst\zsmartclient_unittest\bin\x64\debug\net472\zsmartclient_unittest.dll" id="e9210e25-ddb7-3ad7-3147-1b0286b3f5d2">
      <Execution id="8b5dea01-958b-456b-8e21-951f17ebf8ff" />
      <TestMethod codeBase="D:\actions-runner\_work\XPCO\XPCO\SC\Components\RemoteViewer\SmartClient\tst\zSmartClient_UnitTest\bin\x64\Debug\net472\zSmartClient_UnitTest.dll" adapterTypeName="executor://mstestadapter/v2" className="SmartClient_UnitTest.VideoOS.Common.UIThemes.ContentToTooltipTextConverterTests" name="ProvideValue_ShouldAlwaysReturnItself" />
    </UnitTest>
    <UnitTest name="ConvertGridMaskTestImageServerFormat" storage="d:\actions-runner\_work\xpco\xpco\sc\components\remoteviewer\smartclient\tst\zsmartclient_unittest\bin\x64\debug\net472\zsmartclient_unittest.dll" id="fdaa70b5-d6a7-4b1c-2dcb-1ad653aa4853">
      <Execution id="188088fd-6ce6-483c-8a3e-ca7466479428" />
      <TestMethod codeBase="D:\actions-runner\_work\XPCO\XPCO\SC\Components\RemoteViewer\SmartClient\tst\zSmartClient_UnitTest\bin\x64\Debug\net472\zSmartClient_UnitTest.dll" adapterTypeName="executor://mstestadapter/v2" className="SmartClient_UnitTest.VideoOS.RemoteClient.Application.Data.ContentTypes.CameraContentType.PrivacyMaskTest" name="ConvertGridMaskTestImageServerFormat" />
    </UnitTest>
    <UnitTest name="OnLayersRetrieved_ShouldSetComponentsOrdered_WhenLayersCollectionContainsOutput" storage="d:\actions-runner\_work\xpco\xpco\sc\components\remoteviewer\smartclient\tst\zsmartclient_unittest\bin\x64\debug\net472\zsmartclient_unittest.dll" id="55807824-53e4-23f9-def8-1210782703cc">
      <TestCategory>
        <TestCategoryItem TestCategory="GisMap.DeviceSelectorWindowViewModel" />
      </TestCategory>
      <Execution id="04b43734-47f1-4845-b8a9-85549d50d4df" />
      <TestMethod codeBase="D:\actions-runner\_work\XPCO\XPCO\SC\Components\RemoteViewer\SmartClient\tst\zSmartClient_UnitTest\bin\x64\Debug\net472\zSmartClient_UnitTest.dll" adapterTypeName="executor://mstestadapter/v2" className="SmartClient_UnitTest.VideoOS.RemoteClient.Plugin.GisMap.ViewModels.DeviceSelectorWindowViewModelTests" name="OnLayersRetrieved_ShouldSetComponentsOrdered_WhenLayersCollectionContainsOutput" />
    </UnitTest>
    <UnitTest name="SearchResultsActionBarActions_EditBookmark_MultipleResult_EditBookmarkInvoked" storage="d:\actions-runner\_work\xpco\xpco\sc\components\remoteviewer\smartclient\tst\zsmartclient_unittest\bin\x64\debug\net472\zsmartclient_unittest.dll" id="d5b83293-8848-4b1e-df37-68e69f1f794e">
      <TestCategory>
        <TestCategoryItem TestCategory="SearchResultActionBarViewModel" />
      </TestCategory>
      <Execution id="31395b8a-731d-43c0-b91d-5bc4097be892" />
      <TestMethod codeBase="D:\actions-runner\_work\XPCO\XPCO\SC\Components\RemoteViewer\SmartClient\tst\zSmartClient_UnitTest\bin\x64\Debug\net472\zSmartClient_UnitTest.dll" adapterTypeName="executor://mstestadapter/v2" className="SmartClient_UnitTest.VideoOS.RemoteClient.Plugin.CentralizedSearch.ViewModels.SearchResultsActionBarViewModelTest" name="SearchResultsActionBarActions_EditBookmark_MultipleResult_EditBookmarkInvoked" />
    </UnitTest>
    <UnitTest name="RemoveWorkroom_ShouldReturnFalse_WhenThereIsOnlyOneWorkroom" storage="d:\actions-runner\_work\xpco\xpco\sc\components\remoteviewer\smartclient\tst\zsmartclient_unittest\bin\x64\debug\net472\zsmartclient_unittest.dll" id="faece781-49e2-4e59-ebf9-bba502576c3c">
      <TestCategory>
        <TestCategoryItem TestCategory="WorkroomController" />
      </TestCategory>
      <Execution id="95e056be-a7d6-4d13-86d3-7ffa69f2b7b8" />
      <TestMethod codeBase="D:\actions-runner\_work\XPCO\XPCO\SC\Components\RemoteViewer\SmartClient\tst\zSmartClient_UnitTest\bin\x64\Debug\net472\zSmartClient_UnitTest.dll" adapterTypeName="executor://mstestadapter/v2" className="SmartClient_UnitTest.VideoOS.RemoteClient.Application.Controllers.WorkroomController.WorkroomControllerBaseTest" name="RemoveWorkroom_ShouldReturnFalse_WhenThereIsOnlyOneWorkroom" />
    </UnitTest>
    <UnitTest name="SetCustomPickerResult_Cancel_CustomIntervalOpenResetAndNoNotificationFired" storage="d:\actions-runner\_work\xpco\xpco\sc\components\remoteviewer\smartclient\tst\zsmartclient_unittest\bin\x64\debug\net472\zsmartclient_unittest.dll" id="698dd5ef-138e-eb6d-a408-c897a293bf7a">
      <TestCategory>
        <TestCategoryItem TestCategory="SearchViewModels" />
      </TestCategory>
      <Execution id="81512d9f-0be6-4b3a-a818-26fbf5655975" />
      <TestMethod codeBase="D:\actions-runner\_work\XPCO\XPCO\SC\Components\RemoteViewer\SmartClient\tst\zSmartClient_UnitTest\bin\x64\Debug\net472\zSmartClient_UnitTest.dll" adapterTypeName="executor://mstestadapter/v2" className="SmartClient_UnitTest.VideoOS.RemoteClient.Plugin.CentralizedSearch.ViewModels.SearchViewModelTests" name="SetCustomPickerResult_Cancel_CustomIntervalOpenResetAndNoNotificationFired" />
    </UnitTest>
    <UnitTest name="Deactivated_Success" storage="d:\actions-runner\_work\xpco\xpco\sc\components\remoteviewer\smartclient\tst\zsmartclient_unittest\bin\x64\debug\net472\zsmartclient_unittest.dll" id="c2ad7c56-01cc-4375-d0d2-2742c681c744">
      <TestCategory>
        <TestCategoryItem TestCategory="Search" />
      </TestCategory>
      <Execution id="23e67293-c307-4cdf-8a27-4b2bb95860e0" />
      <TestMethod codeBase="D:\actions-runner\_work\XPCO\XPCO\SC\Components\RemoteViewer\SmartClient\tst\zSmartClient_UnitTest\bin\x64\Debug\net472\zSmartClient_UnitTest.dll" adapterTypeName="executor://mstestadapter/v2" className="SmartClient_UnitTest.VideoOS.RemoteClient.Plugin.CentralizedSearch.CentralizedSearchContentHolderTests" name="Deactivated_Success" />
    </UnitTest>
    <UnitTest name="SupportsDoubleClick_ShouldBeFalse_WhenInteractionStateIsNotNormalAndNotInSetupMode" storage="d:\actions-runner\_work\xpco\xpco\sc\components\remoteviewer\smartclient\tst\zsmartclient_unittest\bin\x64\debug\net472\zsmartclient_unittest.dll" id="987edaa0-0a3b-cbb4-5b40-8112a4826bc5">
      <TestCategory>
        <TestCategoryItem TestCategory="GisMap.LinkMarker" />
      </TestCategory>
      <Execution id="3b41fb05-6f3d-4fed-91fd-fb44d9f1cc2e" />
      <TestMethod codeBase="D:\actions-runner\_work\XPCO\XPCO\SC\Components\RemoteViewer\SmartClient\tst\zSmartClient_UnitTest\bin\x64\Debug\net472\zSmartClient_UnitTest.dll" adapterTypeName="executor://mstestadapter/v2" className="SmartClient_UnitTest.VideoOS.RemoteClient.Plugin.GisMap.ThinkGeoMap.Markers.LinkMarker.LinkMarkerTests" name="SupportsDoubleClick_ShouldBeFalse_WhenInteractionStateIsNotNormalAndNotInSetupMode" />
    </UnitTest>
    <UnitTest name="Convert_ShouldReturnFalse_WhenParameterIsNull" storage="d:\actions-runner\_work\xpco\xpco\sc\components\remoteviewer\smartclient\tst\zsmartclient_unittest\bin\x64\debug\net472\zsmartclient_unittest.dll" id="bf71a57f-ee03-3700-bbbe-0a8bed916dfe">
      <TestCategory>
        <TestCategoryItem TestCategory="GisMap.InteractionStateConverter" />
      </TestCategory>
      <Execution id="168877b2-d636-4d17-9081-84ea5c4b531b" />
      <TestMethod codeBase="D:\actions-runner\_work\XPCO\XPCO\SC\Components\RemoteViewer\SmartClient\tst\zSmartClient_UnitTest\bin\x64\Debug\net472\zSmartClient_UnitTest.dll" adapterTypeName="executor://mstestadapter/v2" className="SmartClient_UnitTest.VideoOS.RemoteClient.Plugin.GisMap.View.InteractionStateConverterTests" name="Convert_ShouldReturnFalse_WhenParameterIsNull" />
    </UnitTest>
    <UnitTest name="Ctor_NullResourceManager_Throws" storage="d:\actions-runner\_work\xpco\xpco\sc\components\remoteviewer\smartclient\tst\zsmartclient_unittest\bin\x64\debug\net472\zsmartclient_unittest.dll" id="f948b06a-352e-85e9-1354-e9aec0364e60">
      <TestCategory>
        <TestCategoryItem TestCategory="SearchResultsAction" />
      </TestCategory>
      <Execution id="9709e7c9-38f7-4249-8543-f808d51294ea" />
      <TestMethod codeBase="D:\actions-runner\_work\XPCO\XPCO\SC\Components\RemoteViewer\SmartClient\tst\zSmartClient_UnitTest\bin\x64\Debug\net472\zSmartClient_UnitTest.dll" adapterTypeName="executor://mstestadapter/v2" className="SmartClient_UnitTest.VideoOS.RemoteClient.Plugin.CentralizedSearch.ViewModels.SearchResultsActionViewModelTests" name="Ctor_NullResourceManager_Throws" />
    </UnitTest>
    <UnitTest name="OnMarkerRightClicked_ShouldUseCrossTypeMenuItems_WhenInSetupModeAndMultipleItemsFromDifferentLayersAreSelected" storage="d:\actions-runner\_work\xpco\xpco\sc\components\remoteviewer\smartclient\tst\zsmartclient_unittest\bin\x64\debug\net472\zsmartclient_unittest.dll" id="ec512750-1b3e-ee37-48da-474be022f3c4">
      <TestCategory>
        <TestCategoryItem TestCategory="SmartMap.MapItemsOverlay" />
      </TestCategory>
      <Execution id="24f169eb-383c-4317-b21f-0805226ffcd7" />
      <TestMethod codeBase="D:\actions-runner\_work\XPCO\XPCO\SC\Components\RemoteViewer\SmartClient\tst\zSmartClient_UnitTest\bin\x64\Debug\net472\zSmartClient_UnitTest.dll" adapterTypeName="executor://mstestadapter/v2" className="SmartClient_UnitTest.VideoOS.RemoteClient.Plugin.GisMap.ThinkGeoMap.SpecializedOverlays.Overlays.MapItemsOverlayTests" name="OnMarkerRightClicked_ShouldUseCrossTypeMenuItems_WhenInSetupModeAndMultipleItemsFromDifferentLayersAreSelected" />
    </UnitTest>
    <UnitTest name="PtzSessionControllerInfo_UserChangedTest_Argument_Null_2" storage="d:\actions-runner\_work\xpco\xpco\sc\components\remoteviewer\smartclient\tst\zsmartclient_unittest\bin\x64\debug\net472\zsmartclient_unittest.dll" id="4ffbb65d-5283-caab-4ee9-d197524190bc">
      <Execution id="37760b6b-9254-4c34-a644-a2edc5322283" />
      <TestMethod codeBase="D:\actions-runner\_work\XPCO\XPCO\SC\Components\RemoteViewer\SmartClient\tst\zSmartClient_UnitTest\bin\x64\Debug\net472\zSmartClient_UnitTest.dll" adapterTypeName="executor://mstestadapter/v2" className="VideoOS.RemoteClient.Application.Controllers.UnitTest.PtzSessionControllerTest" name="PtzSessionControllerInfo_UserChangedTest_Argument_Null_2" />
    </UnitTest>
    <UnitTest name="Ctor_NullSearchResultDataList_Failure" storage="d:\actions-runner\_work\xpco\xpco\sc\components\remoteviewer\smartclient\tst\zsmartclient_unittest\bin\x64\debug\net472\zsmartclient_unittest.dll" id="61fff35a-1f51-c483-72f9-65b70f75c0e7">
      <TestCategory>
        <TestCategoryItem TestCategory="Search" />
      </TestCategory>
      <Execution id="e0d72a41-445a-49db-b6c8-464449b5fc82" />
      <TestMethod codeBase="D:\actions-runner\_work\XPCO\XPCO\SC\Components\RemoteViewer\SmartClient\tst\zSmartClient_UnitTest\bin\x64\Debug\net472\zSmartClient_UnitTest.dll" adapterTypeName="executor://mstestadapter/v2" className="SmartClient_UnitTest.VideoOS.RemoteClient.Plugin.CentralizedSearch.ViewModels.Data.SnapshotHandlerTests" name="Ctor_NullSearchResultDataList_Failure" />
    </UnitTest>
    <UnitTest name="PatrollingProfileViewModelTest_NameBeforeEdit" storage="d:\actions-runner\_work\xpco\xpco\sc\components\remoteviewer\smartclient\tst\zsmartclient_unittest\bin\x64\debug\net472\zsmartclient_unittest.dll" id="010d6867-68dc-06fa-3b39-c2d7f5b85291">
      <Execution id="fa17126a-1c77-46a3-a845-7bc5ddbea3bd" />
      <TestMethod codeBase="D:\actions-runner\_work\XPCO\XPCO\SC\Components\RemoteViewer\SmartClient\tst\zSmartClient_UnitTest\bin\x64\Debug\net472\zSmartClient_UnitTest.dll" adapterTypeName="executor://mstestadapter/v2" className="SmartClient_UnitTest.VideoOS.RemoteClient.Application.UI.PtzPreset.PatrollingViewModel.PatrollingProfileViewModelTest" name="PatrollingProfileViewModelTest_NameBeforeEdit" />
    </UnitTest>
    <UnitTest name="EndTimeWithPadding_ShouldBeSetToValueOfSearchResult" storage="d:\actions-runner\_work\xpco\xpco\sc\components\remoteviewer\smartclient\tst\zsmartclient_unittest\bin\x64\debug\net472\zsmartclient_unittest.dll" id="7cef2a09-ed80-a76c-b595-1833aff59ca7">
      <TestCategory>
        <TestCategoryItem TestCategory="Search.Wrappers" />
      </TestCategory>
      <Execution id="0b33a8a5-4c87-41ad-b4bb-30d0397b6eaa" />
      <TestMethod codeBase="D:\actions-runner\_work\XPCO\XPCO\SC\Components\RemoteViewer\SmartClient\tst\zSmartClient_UnitTest\bin\x64\Debug\net472\zSmartClient_UnitTest.dll" adapterTypeName="executor://mstestadapter/v2" className="SmartClient_UnitTest.VideoOS.RemoteClient.Plugin.CentralizedSearch.Models.Wrappers.SearchResultDataWrapperTests" name="EndTimeWithPadding_ShouldBeSetToValueOfSearchResult" />
    </UnitTest>
    <UnitTest name="ValidateExportFormats_SmartClientPlayerFormat_ShouldNotReturnFailResult_ExportPathIsTooLong_WhenLongPathsEnabled (c:\aaaaaaaaaaaaaaaaaaaaaaaaaaaaaaaaaaaaaaaaaaaaaaaaaaaaaaaaaaaaaaaaaaaaaaaaaaaaaaaaaaaaaaaaaaaaaaaaaaaaaaaaaaaaaaaaaaaaaaaaaaaaaaaaaaaaaaaaaaaaaaaaaaaaaaaaaaaaaaaaaaaaaaaaaaaaaaaaaaaaaaa\aaaaaaaaaaaaaaaaaaaaaaaaaaaaaaaaaaaaaaaaaaaaaaaaaaaaaaaaaaaaaaaaaaaaaaaaaaaaaaaaaaaaaaaaaaaaaaaaaaaaaaaaaaaaaaaaaaaaaaaaaaaaaaaaaaaaaaaaaaaaaaaaaaaaaaaaaaaaaaaaaaaaaaaaaaaaaaaaaaaaaaa)" storage="d:\actions-runner\_work\xpco\xpco\sc\components\remoteviewer\smartclient\tst\zsmartclient_unittest\bin\x64\debug\net472\zsmartclient_unittest.dll" id="03690dec-a251-8115-c3a7-9374da58537f">
      <TestCategory>
        <TestCategoryItem TestCategory="Export" />
      </TestCategory>
      <Execution id="e446cda9-4591-451f-9019-12ea78ba8dd1" />
      <TestMethod codeBase="D:\actions-runner\_work\XPCO\XPCO\SC\Components\RemoteViewer\SmartClient\tst\zSmartClient_UnitTest\bin\x64\Debug\net472\zSmartClient_UnitTest.dll" adapterTypeName="executor://mstestadapter/v2" className="SmartClient_UnitTest.VideoOS.RemoteClient.Plugin.Export.ExportDataValidatorTests" name="ValidateExportFormats_SmartClientPlayerFormat_ShouldNotReturnFailResult_ExportPathIsTooLong_WhenLongPathsEnabled" />
    </UnitTest>
    <UnitTest name="ToSafeName_SingleUnsafeName_Success" storage="d:\actions-runner\_work\xpco\xpco\sc\components\remoteviewer\smartclient\tst\zsmartclient_unittest\bin\x64\debug\net472\zsmartclient_unittest.dll" id="bd4280d2-c5d6-9ce8-8082-e33833fcfdb0">
      <Execution id="c42e2a76-28e8-47e4-9cc5-23aadb2b6f82" />
      <TestMethod codeBase="D:\actions-runner\_work\XPCO\XPCO\SC\Components\RemoteViewer\SmartClient\tst\zSmartClient_UnitTest\bin\x64\Debug\net472\zSmartClient_UnitTest.dll" adapterTypeName="executor://mstestadapter/v2" className="SmartClient_UnitTest.VideoOS.RemoteClient.Application.Common.Scripting.ReservedJavascriptKeywordsTests" name="ToSafeName_SingleUnsafeName_Success" />
    </UnitTest>
    <UnitTest name="ResolveGenericResultProperties_ShouldReturnOrderedProperties_WhenGivenCombinedSearchResults" storage="d:\actions-runner\_work\xpco\xpco\sc\components\remoteviewer\smartclient\tst\zsmartclient_unittest\bin\x64\debug\net472\zsmartclient_unittest.dll" id="9bd97529-6ca2-0a88-ecb8-dfa8925597ef">
      <TestCategory>
        <TestCategoryItem TestCategory="Search" />
      </TestCategory>
      <Execution id="c7bf1b13-8583-43e8-8f3d-2ce5f6c9dc57" />
      <TestMethod codeBase="D:\actions-runner\_work\XPCO\XPCO\SC\Components\RemoteViewer\SmartClient\tst\zSmartClient_UnitTest\bin\x64\Debug\net472\zSmartClient_UnitTest.dll" adapterTypeName="executor://mstestadapter/v2" className="SmartClient_UnitTest.VideoOS.RemoteClient.Plugin.CentralizedSearch.Utils.SearchResultDataWrapperExtensionsTests" name="ResolveGenericResultProperties_ShouldReturnOrderedProperties_WhenGivenCombinedSearchResults" />
    </UnitTest>
    <UnitTest name="SelectTemplate_NullItem_ReturnsPopupTemplate" storage="d:\actions-runner\_work\xpco\xpco\sc\components\remoteviewer\smartclient\tst\zsmartclient_unittest\bin\x64\debug\net472\zsmartclient_unittest.dll" id="da72df1e-3911-6673-65ef-dc8a157dd1ea">
      <TestCategory>
        <TestCategoryItem TestCategory="SearchViews" />
      </TestCategory>
      <Execution id="b2efddcb-cd22-4b5f-9161-f48cd03d9acf" />
      <TestMethod codeBase="D:\actions-runner\_work\XPCO\XPCO\SC\Components\RemoteViewer\SmartClient\tst\zSmartClient_UnitTest\bin\x64\Debug\net472\zSmartClient_UnitTest.dll" adapterTypeName="executor://mstestadapter/v2" className="SmartClient_UnitTest.VideoOS.RemoteClient.Plugin.CentralizedSearch.Views.AttributeEditControlTemplateSelectorTests" name="SelectTemplate_NullItem_ReturnsPopupTemplate" />
    </UnitTest>
    <UnitTest name="CloseDeviceSelectorUserControl_ShouldSetUserControlNull_Always" storage="d:\actions-runner\_work\xpco\xpco\sc\components\remoteviewer\smartclient\tst\zsmartclient_unittest\bin\x64\debug\net472\zsmartclient_unittest.dll" id="fbac2a6f-2233-86d4-ebd9-d19d11941509">
      <TestCategory>
        <TestCategoryItem TestCategory="GisMap.UI.DeviceSelectors.PanelComponents" />
      </TestCategory>
      <Execution id="bd7b73f9-cc30-4441-a17f-bfa0f6720506" />
      <TestMethod codeBase="D:\actions-runner\_work\XPCO\XPCO\SC\Components\RemoteViewer\SmartClient\tst\zSmartClient_UnitTest\bin\x64\Debug\net472\zSmartClient_UnitTest.dll" adapterTypeName="executor://mstestadapter/v2" className="SmartClient_UnitTest.VideoOS.RemoteClient.Plugin.GisMap.UI.DeviceSelectors.PanelComponents.DeviceSelectorPanelComponentTests" name="CloseDeviceSelectorUserControl_ShouldSetUserControlNull_Always" />
    </UnitTest>
    <UnitTest name="ActionBarPluginEnabled_SinglePluginWithNotEnoughRoom_PluginButtonPresentInOverflowMenu" storage="d:\actions-runner\_work\xpco\xpco\sc\components\remoteviewer\smartclient\tst\zsmartclient_unittest\bin\x64\debug\net472\zsmartclient_unittest.dll" id="6cf1d803-864d-f447-b323-57be8d42bea0">
      <TestCategory>
        <TestCategoryItem TestCategory="SearchViews" />
      </TestCategory>
      <Execution id="a8b5cc59-fc50-41aa-9a06-8d1b747ac45b" />
      <TestMethod codeBase="D:\actions-runner\_work\XPCO\XPCO\SC\Components\RemoteViewer\SmartClient\tst\zSmartClient_UnitTest\bin\x64\Debug\net472\zSmartClient_UnitTest.dll" adapterTypeName="executor://mstestadapter/v2" className="SmartClient_UnitTest.VideoOS.RemoteClient.Plugin.CentralizedSearch.Views.SearchResultActionBarViewTests" name="ActionBarPluginEnabled_SinglePluginWithNotEnoughRoom_PluginButtonPresentInOverflowMenu" />
    </UnitTest>
    <UnitTest name="Retrieve_InnerExceptionLogged" storage="d:\actions-runner\_work\xpco\xpco\sc\components\remoteviewer\smartclient\tst\zsmartclient_unittest\bin\x64\debug\net472\zsmartclient_unittest.dll" id="6ed649e1-03e1-4590-3da9-e33c23ab658c">
      <TestCategory>
        <TestCategoryItem TestCategory="MipItemsRetriever" />
      </TestCategory>
      <Execution id="ea6db4ee-27f3-444c-a43f-944256e63f31" />
      <TestMethod codeBase="D:\actions-runner\_work\XPCO\XPCO\SC\Components\RemoteViewer\SmartClient\tst\zSmartClient_UnitTest\bin\x64\Debug\net472\zSmartClient_UnitTest.dll" adapterTypeName="executor://mstestadapter/v2" className="SmartClient_UnitTest.VideoOS.RemoteClient.Plugin.GisMap.MIP.MipItemActionsCommunicatorTests" name="Retrieve_InnerExceptionLogged" />
    </UnitTest>
    <UnitTest name="OnSizeChanged_TilesRerendered" storage="d:\actions-runner\_work\xpco\xpco\sc\components\remoteviewer\smartclient\tst\zsmartclient_unittest\bin\x64\debug\net472\zsmartclient_unittest.dll" id="e81103cb-7818-2463-05b1-4325c5ff61c8">
      <TestCategory>
        <TestCategoryItem TestCategory="SearchControls" />
      </TestCategory>
      <Execution id="b8690785-d90d-45d3-9410-66c4a9ac2903" />
      <TestMethod codeBase="D:\actions-runner\_work\XPCO\XPCO\SC\Components\RemoteViewer\SmartClient\tst\zSmartClient_UnitTest\bin\x64\Debug\net472\zSmartClient_UnitTest.dll" adapterTypeName="executor://mstestadapter/v2" className="SmartClient_UnitTest.VideoOS.RemoteClient.Plugin.CentralizedSearch.Views.Controls.SearchResultDetailsControlTests" name="OnSizeChanged_TilesRerendered" />
    </UnitTest>
    <UnitTest name="GetDeviceData_ShouldReturnNotFoundDeviceData_WhenCameraKindAndNonExistingCameraId" storage="d:\actions-runner\_work\xpco\xpco\sc\components\remoteviewer\smartclient\tst\zsmartclient_unittest\bin\x64\debug\net472\zsmartclient_unittest.dll" id="81267ce3-6f9f-039a-6061-d6bf94b58293">
      <TestCategory>
        <TestCategoryItem TestCategory="GisMap.Controllers.Devices.MapItems" />
      </TestCategory>
      <Execution id="35aac9db-94e9-4686-8e41-6c393e1d6eaa" />
      <TestMethod codeBase="D:\actions-runner\_work\XPCO\XPCO\SC\Components\RemoteViewer\SmartClient\tst\zSmartClient_UnitTest\bin\x64\Debug\net472\zSmartClient_UnitTest.dll" adapterTypeName="executor://mstestadapter/v2" className="SmartClient_UnitTest.VideoOS.RemoteClient.Plugin.GisMap.Controllers.Devices.MapItems.DeviceDataControllerTests" name="GetDeviceData_ShouldReturnNotFoundDeviceData_WhenCameraKindAndNonExistingCameraId" />
    </UnitTest>
    <UnitTest name="PatrollingProfileListViewModel_AddProfileExecute_Name_Taken" storage="d:\actions-runner\_work\xpco\xpco\sc\components\remoteviewer\smartclient\tst\zsmartclient_unittest\bin\x64\debug\net472\zsmartclient_unittest.dll" id="b9ffa3f4-1f18-4167-4317-71e05fdcc916">
      <Execution id="cd53424e-55cf-4e0a-9f4c-8180418c731d" />
      <TestMethod codeBase="D:\actions-runner\_work\XPCO\XPCO\SC\Components\RemoteViewer\SmartClient\tst\zSmartClient_UnitTest\bin\x64\Debug\net472\zSmartClient_UnitTest.dll" adapterTypeName="executor://mstestadapter/v2" className="SmartClient_UnitTest.VideoOS.RemoteClient.Application.UI.PtzPreset.PatrollingViewModel.PatrollingProfileListViewModelTest" name="PatrollingProfileListViewModel_AddProfileExecute_Name_Taken" />
    </UnitTest>
    <UnitTest name="Instance_ShouldBeSingleton_WhenCalled" storage="d:\actions-runner\_work\xpco\xpco\sc\components\remoteviewer\smartclient\tst\zsmartclient_unittest\bin\x64\debug\net472\zsmartclient_unittest.dll" id="c852f0f2-cc0b-cd32-55ea-6f08f26c6103">
      <TestCategory>
        <TestCategoryItem TestCategory="GisMapData.CameraOemResourcesProviderTests" />
      </TestCategory>
      <Execution id="7bdbf899-a7a5-45da-8860-3b7ed062207b" />
      <TestMethod codeBase="D:\actions-runner\_work\XPCO\XPCO\SC\Components\RemoteViewer\SmartClient\tst\zSmartClient_UnitTest\bin\x64\Debug\net472\zSmartClient_UnitTest.dll" adapterTypeName="executor://mstestadapter/v2" className="SmartClient_UnitTest.VideoOS.RemoteClient.GisMapData.Resources.CameraOemResourcesProviderTests" name="Instance_ShouldBeSingleton_WhenCalled" />
    </UnitTest>
    <UnitTest name="IconTooltip_ShouldBeValid_WhenInteractionStateIsAddOutput" storage="d:\actions-runner\_work\xpco\xpco\sc\components\remoteviewer\smartclient\tst\zsmartclient_unittest\bin\x64\debug\net472\zsmartclient_unittest.dll" id="8baf1177-ddd8-e709-9da7-68dded36199a">
      <TestCategory>
        <TestCategoryItem TestCategory="GisMap.UI.DeviceSelectors.PanelComponents" />
      </TestCategory>
      <Execution id="b0246d83-be4e-4f9a-8f4b-fdd8af1f8731" />
      <TestMethod codeBase="D:\actions-runner\_work\XPCO\XPCO\SC\Components\RemoteViewer\SmartClient\tst\zSmartClient_UnitTest\bin\x64\Debug\net472\zSmartClient_UnitTest.dll" adapterTypeName="executor://mstestadapter/v2" className="SmartClient_UnitTest.VideoOS.RemoteClient.Plugin.GisMap.UI.DeviceSelectors.PanelComponents.DeviceSelectorPanelComponentTests" name="IconTooltip_ShouldBeValid_WhenInteractionStateIsAddOutput" />
    </UnitTest>
    <UnitTest name="ToUnsafeName_NullString_Success" storage="d:\actions-runner\_work\xpco\xpco\sc\components\remoteviewer\smartclient\tst\zsmartclient_unittest\bin\x64\debug\net472\zsmartclient_unittest.dll" id="a4ec8e4b-30aa-49df-138f-1971a7f8ca38">
      <Execution id="60d1233b-c5e1-4c92-97ab-8bf35fb00ace" />
      <TestMethod codeBase="D:\actions-runner\_work\XPCO\XPCO\SC\Components\RemoteViewer\SmartClient\tst\zSmartClient_UnitTest\bin\x64\Debug\net472\zSmartClient_UnitTest.dll" adapterTypeName="executor://mstestadapter/v2" className="SmartClient_UnitTest.VideoOS.RemoteClient.Application.Common.Scripting.ReservedJavascriptKeywordsTests" name="ToUnsafeName_NullString_Success" />
    </UnitTest>
    <UnitTest name="GisMapModel_AddBuilding_ServerFail_ErrorReported" storage="d:\actions-runner\_work\xpco\xpco\sc\components\remoteviewer\smartclient\tst\zsmartclient_unittest\bin\x64\debug\net472\zsmartclient_unittest.dll" id="98514a87-c9e9-a001-7d97-02b7ed802ee7">
      <TestCategory>
        <TestCategoryItem TestCategory="GisMapLayer" />
        <TestCategoryItem TestCategory="GisMapBuilding" />
      </TestCategory>
      <Execution id="ca7bddf9-86a5-415b-84f0-426512eb89ff" />
      <TestMethod codeBase="D:\actions-runner\_work\XPCO\XPCO\SC\Components\RemoteViewer\SmartClient\tst\zSmartClient_UnitTest\bin\x64\Debug\net472\zSmartClient_UnitTest.dll" adapterTypeName="executor://mstestadapter/v2" className="SmartClient_UnitTest.VideoOS.RemoteClient.GisMap.MapLayers.GisMapLayerTests" name="GisMapModel_AddBuilding_ServerFail_ErrorReported" />
    </UnitTest>
    <UnitTest name="Clear_ShouldClearIncludedViewItemsForSelectedView" storage="d:\actions-runner\_work\xpco\xpco\sc\components\remoteviewer\smartclient\tst\zsmartclient_unittest\bin\x64\debug\net472\zsmartclient_unittest.dll" id="4ac98c6c-183a-9821-4f8c-c314ab12e456">
      <TestCategory>
        <TestCategoryItem TestCategory="ApplicationController" />
      </TestCategory>
      <Execution id="1f7d46ec-56ef-4404-abbf-615ba6d3828d" />
      <TestMethod codeBase="D:\actions-runner\_work\XPCO\XPCO\SC\Components\RemoteViewer\SmartClient\tst\zSmartClient_UnitTest\bin\x64\Debug\net472\zSmartClient_UnitTest.dll" adapterTypeName="executor://mstestadapter/v2" className="VideoOS.RemoteClient.Application.Controllers.UnitTest.IncludedViewItemsTest" name="Clear_ShouldClearIncludedViewItemsForSelectedView" />
    </UnitTest>
    <UnitTest name="CreateDefinition_ThreeFiltersInCategory_ZeroFilterValuesAddedToSearchCriteria" storage="d:\actions-runner\_work\xpco\xpco\sc\components\remoteviewer\smartclient\tst\zsmartclient_unittest\bin\x64\debug\net472\zsmartclient_unittest.dll" id="788c7744-bd48-e28d-a864-bbd05271aa4c">
      <TestCategory>
        <TestCategoryItem TestCategory="SearchModels" />
      </TestCategory>
      <Execution id="0542fc3a-81a0-47ab-b918-4bc7943dad93" />
      <TestMethod codeBase="D:\actions-runner\_work\XPCO\XPCO\SC\Components\RemoteViewer\SmartClient\tst\zSmartClient_UnitTest\bin\x64\Debug\net472\zSmartClient_UnitTest.dll" adapterTypeName="executor://mstestadapter/v2" className="SmartClient_UnitTest.VideoOS.RemoteClient.Plugin.CentralizedSearch.Models.SearchModelTests" name="CreateDefinition_ThreeFiltersInCategory_ZeroFilterValuesAddedToSearchCriteria" />
    </UnitTest>
    <UnitTest name="LoadBoundingShapes_RectangleShapeWithNegativeWidth_NotAddedToUI" storage="d:\actions-runner\_work\xpco\xpco\sc\components\remoteviewer\smartclient\tst\zsmartclient_unittest\bin\x64\debug\net472\zsmartclient_unittest.dll" id="4cca1d5f-44b2-3473-1e35-1d77003b5df5">
      <Execution id="c628d1ad-4fa0-44f2-932c-3c52e5fed3f7" />
      <TestMethod codeBase="D:\actions-runner\_work\XPCO\XPCO\SC\Components\RemoteViewer\SmartClient\tst\zSmartClient_UnitTest\bin\x64\Debug\net472\zSmartClient_UnitTest.dll" adapterTypeName="executor://mstestadapter/v2" className="SmartClient_UnitTest.VideoOS.RemoteClient.Plugin.CentralizedSearch.MIPPlugin.Results.VideoSearchResultUserControlTests" name="LoadBoundingShapes_RectangleShapeWithNegativeWidth_NotAddedToUI" />
    </UnitTest>
    <UnitTest name="SidePanelToggleButtonIsVisible_DependingOnConditions (FullScreen,True,False,False)" storage="d:\actions-runner\_work\xpco\xpco\sc\components\remoteviewer\smartclient\tst\zsmartclient_unittest\bin\x64\debug\net472\zsmartclient_unittest.dll" id="449f9dee-f5b4-3847-0b97-06960a8176b4">
      <TestCategory>
        <TestCategoryItem TestCategory="WorkspaceToolbar" />
      </TestCategory>
      <Execution id="4c2212e5-80b6-4a57-b17d-04e0747e4963" />
      <TestMethod codeBase="D:\actions-runner\_work\XPCO\XPCO\SC\Components\RemoteViewer\SmartClient\tst\zSmartClient_UnitTest\bin\x64\Debug\net472\zSmartClient_UnitTest.dll" adapterTypeName="executor://mstestadapter/v2" className="SmartClient_UnitTest.VideoOS.RemoteClient.Application.UI.Content.WorkspaceToolbar.WorkspaceToolbarViewModelTests" name="SidePanelToggleButtonIsVisible_DependingOnConditions" />
    </UnitTest>
    <UnitTest name="IsDeviceSupported_ShouldReturnTrue_WhenCameraKind" storage="d:\actions-runner\_work\xpco\xpco\sc\components\remoteviewer\smartclient\tst\zsmartclient_unittest\bin\x64\debug\net472\zsmartclient_unittest.dll" id="7c485018-e81c-b9cc-ee22-382cb4b7a7c1">
      <TestCategory>
        <TestCategoryItem TestCategory="GisMap.Controllers.Devices" />
      </TestCategory>
      <Execution id="386ddb36-e33c-4d38-b775-7ea52be5ee23" />
      <TestMethod codeBase="D:\actions-runner\_work\XPCO\XPCO\SC\Components\RemoteViewer\SmartClient\tst\zSmartClient_UnitTest\bin\x64\Debug\net472\zSmartClient_UnitTest.dll" adapterTypeName="executor://mstestadapter/v2" className="SmartClient_UnitTest.VideoOS.RemoteClient.Plugin.GisMap.Controllers.Devices.DeviceControllerTests" name="IsDeviceSupported_ShouldReturnTrue_WhenCameraKind" />
    </UnitTest>
    <UnitTest name="DisplayErrorOnNotificationArea_UnknownDerivedFromSearchError_LoggingDisabled_Success" storage="d:\actions-runner\_work\xpco\xpco\sc\components\remoteviewer\smartclient\tst\zsmartclient_unittest\bin\x64\debug\net472\zsmartclient_unittest.dll" id="ab9ddcfe-5059-def5-d0f3-2a728312c36d">
      <TestCategory>
        <TestCategoryItem TestCategory="SearchViewModels" />
      </TestCategory>
      <Execution id="d2d79ecd-bf57-4e2c-b325-f864c0e74c92" />
      <TestMethod codeBase="D:\actions-runner\_work\XPCO\XPCO\SC\Components\RemoteViewer\SmartClient\tst\zSmartClient_UnitTest\bin\x64\Debug\net472\zSmartClient_UnitTest.dll" adapterTypeName="executor://mstestadapter/v2" className="SmartClient_UnitTest.VideoOS.RemoteClient.Plugin.CentralizedSearch.ViewModels.SearchViewModelTests" name="DisplayErrorOnNotificationArea_UnknownDerivedFromSearchError_LoggingDisabled_Success" />
    </UnitTest>
    <UnitTest name="GetBoundingShapesForMetadataObjectsAsync_ShouldIgnoreMetadataObject_WhenRequestedTimeIsOutsideMetadataTimespan" storage="d:\actions-runner\_work\xpco\xpco\sc\components\remoteviewer\smartclient\tst\zsmartclient_unittest\bin\x64\debug\net472\zsmartclient_unittest.dll" id="e0503f8a-eae1-c2d9-bbae-ed3d40256258">
      <Execution id="e45893cf-b5cb-4997-8deb-f4153b21bfaa" />
      <TestMethod codeBase="D:\actions-runner\_work\XPCO\XPCO\SC\Components\RemoteViewer\SmartClient\tst\zSmartClient_UnitTest\bin\x64\Debug\net472\zSmartClient_UnitTest.dll" adapterTypeName="executor://mstestadapter/v2" className="SmartClient_UnitTest.VideoOS.RemoteClient.Plugin.CentralizedSearch.Utils.MetadataUtilTests" name="GetBoundingShapesForMetadataObjectsAsync_ShouldIgnoreMetadataObject_WhenRequestedTimeIsOutsideMetadataTimespan" />
    </UnitTest>
    <UnitTest name="SupportsDoubleClick_ShouldBeTrue_WhenInteractionStateIsNewDevice" storage="d:\actions-runner\_work\xpco\xpco\sc\components\remoteviewer\smartclient\tst\zsmartclient_unittest\bin\x64\debug\net472\zsmartclient_unittest.dll" id="052697c7-c6ac-9c36-6e57-c8105d8c8917">
      <TestCategory>
        <TestCategoryItem TestCategory="GisMap.CameraMarker" />
      </TestCategory>
      <Execution id="16e7ef68-a9ea-4482-a25e-6e8e81ad25df" />
      <TestMethod codeBase="D:\actions-runner\_work\XPCO\XPCO\SC\Components\RemoteViewer\SmartClient\tst\zSmartClient_UnitTest\bin\x64\Debug\net472\zSmartClient_UnitTest.dll" adapterTypeName="executor://mstestadapter/v2" className="SmartClient_UnitTest.VideoOS.RemoteClient.Plugin.GisMap.ThinkGeoMap.Markers.DeviceMarkers.CameraMarker.CameraMarkerTests" name="SupportsDoubleClick_ShouldBeTrue_WhenInteractionStateIsNewDevice" />
    </UnitTest>
    <UnitTest name="False" storage="d:\actions-runner\_work\xpco\xpco\sc\components\remoteviewer\smartclient\tst\zsmartclient_unittest\bin\x64\debug\net472\zsmartclient_unittest.dll" id="208c7d14-25fa-d8f3-7f48-278c6762125d">
      <TestCategory>
        <TestCategoryItem TestCategory="WorkspaceToolbar" />
      </TestCategory>
      <Execution id="d725d3c8-cdc0-4546-8b1b-b331dbed3b47" />
      <TestMethod codeBase="D:\actions-runner\_work\XPCO\XPCO\SC\Components\RemoteViewer\SmartClient\tst\zSmartClient_UnitTest\bin\x64\Debug\net472\zSmartClient_UnitTest.dll" adapterTypeName="executor://mstestadapter/v2" className="SmartClient_UnitTest.VideoOS.RemoteClient.Application.Data.WorkspaceToolbar.WorkspaceToolbarItemMipPluginTests" name="BindingModelVisible_Matches_PluginInstanceVisible" />
    </UnitTest>
    <UnitTest name="MonitorState_Equal_Tests" storage="d:\actions-runner\_work\xpco\xpco\sc\components\remoteviewer\smartclient\tst\zsmartclient_unittest\bin\x64\debug\net472\zsmartclient_unittest.dll" id="ccbe9915-207e-f3b0-9e57-5dc3348b938c">
      <Execution id="181db113-8b94-4e59-953a-b3ea2062dbb6" />
      <TestMethod codeBase="D:\actions-runner\_work\XPCO\XPCO\SC\Components\RemoteViewer\SmartClient\tst\zSmartClient_UnitTest\bin\x64\Debug\net472\zSmartClient_UnitTest.dll" adapterTypeName="executor://mstestadapter/v2" className="SmartClient_UnitTest.VideoOS.RemoteClient.Data.VideoWall.MonitorStateTests" name="MonitorState_Equal_Tests" />
    </UnitTest>
    <UnitTest name="CreateCameraListItem_ShouldCreateEnabledCamera_WhenEnabledParameterIsTrue" storage="d:\actions-runner\_work\xpco\xpco\sc\components\remoteviewer\smartclient\tst\zsmartclient_unittest\bin\x64\debug\net472\zsmartclient_unittest.dll" id="14807a36-cb4f-9f35-8679-aa8746cf4c38">
      <TestCategory>
        <TestCategoryItem TestCategory="Search.Filters.ViewModels" />
      </TestCategory>
      <Execution id="82f8b2e7-64f1-4d91-8a83-bbd7f381837f" />
      <TestMethod codeBase="D:\actions-runner\_work\XPCO\XPCO\SC\Components\RemoteViewer\SmartClient\tst\zSmartClient_UnitTest\bin\x64\Debug\net472\zSmartClient_UnitTest.dll" adapterTypeName="executor://mstestadapter/v2" className="SmartClient_UnitTest.VideoOS.RemoteClient.Plugin.CentralizedSearch.MIPPlugin.Criteria.ViewModels.SmartSearchCameraListItemHelperTests" name="CreateCameraListItem_ShouldCreateEnabledCamera_WhenEnabledParameterIsTrue" />
    </UnitTest>
    <UnitTest name="Constructor_ShouldCallDecorate_WhenCalled" storage="d:\actions-runner\_work\xpco\xpco\sc\components\remoteviewer\smartclient\tst\zsmartclient_unittest\bin\x64\debug\net472\zsmartclient_unittest.dll" id="95462bd9-0187-1112-acdc-9a03ca385aa9">
      <TestCategory>
        <TestCategoryItem TestCategory="GisMap.DeviceSelectorWindow" />
      </TestCategory>
      <Execution id="8a77aa91-634a-4cf0-b47d-ab09eb3a0b84" />
      <TestMethod codeBase="D:\actions-runner\_work\XPCO\XPCO\SC\Components\RemoteViewer\SmartClient\tst\zSmartClient_UnitTest\bin\x64\Debug\net472\zSmartClient_UnitTest.dll" adapterTypeName="executor://mstestadapter/v2" className="SmartClient_UnitTest.VideoOS.RemoteClient.Plugin.GisMap.Windows.GisMapSetup.DeviceSelectors.DeviceSelectorWindowTests" name="Constructor_ShouldCallDecorate_WhenCalled" />
    </UnitTest>
    <UnitTest name="ResolveSearchDefinitions_ShouldReturnResultSearchDefinition_WhenCombinedSearchResultWithSingleSubResultAndNullSearchDefinitionsAreGiven" storage="d:\actions-runner\_work\xpco\xpco\sc\components\remoteviewer\smartclient\tst\zsmartclient_unittest\bin\x64\debug\net472\zsmartclient_unittest.dll" id="4efc28b2-fe1f-f63d-e78f-1c7f34702762">
      <TestCategory>
        <TestCategoryItem TestCategory="Search" />
      </TestCategory>
      <Execution id="c9b92c9a-5e1d-4782-a40a-06b580bb019c" />
      <TestMethod codeBase="D:\actions-runner\_work\XPCO\XPCO\SC\Components\RemoteViewer\SmartClient\tst\zSmartClient_UnitTest\bin\x64\Debug\net472\zSmartClient_UnitTest.dll" adapterTypeName="executor://mstestadapter/v2" className="SmartClient_UnitTest.VideoOS.RemoteClient.Plugin.CentralizedSearch.Utils.SearchResultDataWrapperExtensionsTests" name="ResolveSearchDefinitions_ShouldReturnResultSearchDefinition_WhenCombinedSearchResultWithSingleSubResultAndNullSearchDefinitionsAreGiven" />
    </UnitTest>
    <UnitTest name="ResolveSearchDefinitions_ShouldReturnResultSearchDefinitionInCorrectOrder_WhenCombinedSearchResultWithMultipleSubResultAndSearchDefinitionsContainingCorrectSearchDefinitionsAreGiven" storage="d:\actions-runner\_work\xpco\xpco\sc\components\remoteviewer\smartclient\tst\zsmartclient_unittest\bin\x64\debug\net472\zsmartclient_unittest.dll" id="b998ca9d-3c07-a9b0-e337-f1f0a1809e45">
      <TestCategory>
        <TestCategoryItem TestCategory="Search" />
      </TestCategory>
      <Execution id="078dc11f-d10e-4eb7-bbd3-f3dd5cf85f3f" />
      <TestMethod codeBase="D:\actions-runner\_work\XPCO\XPCO\SC\Components\RemoteViewer\SmartClient\tst\zSmartClient_UnitTest\bin\x64\Debug\net472\zSmartClient_UnitTest.dll" adapterTypeName="executor://mstestadapter/v2" className="SmartClient_UnitTest.VideoOS.RemoteClient.Plugin.CentralizedSearch.Utils.SearchResultDataWrapperExtensionsTests" name="ResolveSearchDefinitions_ShouldReturnResultSearchDefinitionInCorrectOrder_WhenCombinedSearchResultWithMultipleSubResultAndSearchDefinitionsContainingCorrectSearchDefinitionsAreGiven" />
    </UnitTest>
    <UnitTest name="BookmarkSearchTime_WithSearchStringInDifferentCases_ReturnCorrectBookmarkWithSearchStringInHeader (,True,False,False,False,SeArChStRiNg,,1)" storage="d:\actions-runner\_work\xpco\xpco\sc\components\remoteviewer\smartclient\tst\zsmartclient_unittest\bin\x64\debug\net472\zsmartclient_unittest.dll" id="1291d01e-bd85-b5f5-d3c1-6bce38753c19">
      <Execution id="04b85c59-4569-4e6e-bb94-474d518cfd2e" />
      <TestMethod codeBase="D:\actions-runner\_work\XPCO\XPCO\SC\Components\RemoteViewer\SmartClient\tst\zSmartClient_UnitTest\bin\x64\Debug\net472\zSmartClient_UnitTest.dll" adapterTypeName="executor://mstestadapter/v2" className="SmartClient_UnitTest.VideoOS.RemoteClient.Application.Data.Offline.UnitTest.BookmarkExportReaderTest" name="BookmarkSearchTime_WithSearchStringInDifferentCases_ReturnCorrectBookmarkWithSearchStringInHeader" />
    </UnitTest>
    <UnitTest name="TestForAssemblyCoverage" storage="d:\actions-runner\_work\xpco\xpco\sc\components\remoteviewer\smartclient\tst\zsmartclient_unittest\bin\x64\debug\net472\zsmartclient_unittest.dll" id="701d42cf-3ef2-9e45-4405-09554e002cc2">
      <Execution id="c2a19fb3-0b8f-4ba8-88ab-7b25316798c1" />
      <TestMethod codeBase="D:\actions-runner\_work\XPCO\XPCO\SC\Components\RemoteViewer\SmartClient\tst\zSmartClient_UnitTest\bin\x64\Debug\net472\zSmartClient_UnitTest.dll" adapterTypeName="executor://mstestadapter/v2" className="SmartClient_UnitTest.VideoOS.RemoteClient.Plugin.Matrix.UnitTest1" name="TestForAssemblyCoverage" />
    </UnitTest>
    <UnitTest name="AuthType_ShouldReturnNegotiate_WhenConstructedUsingWindowsDefault" storage="d:\actions-runner\_work\xpco\xpco\sc\components\remoteviewer\smartclient\tst\zsmartclient_unittest\bin\x64\debug\net472\zsmartclient_unittest.dll" id="3c6da4f1-e15b-e209-7afc-b41a7ac6ff10">
      <TestCategory>
        <TestCategoryItem TestCategory="Authentication.ClientCredentials" />
      </TestCategory>
      <Execution id="e191c39e-4774-43d0-9740-87051561c342" />
      <TestMethod codeBase="D:\actions-runner\_work\XPCO\XPCO\SC\Components\RemoteViewer\SmartClient\tst\zSmartClient_UnitTest\bin\x64\Debug\net472\zSmartClient_UnitTest.dll" adapterTypeName="executor://mstestadapter/v2" className="SmartClient_UnitTest.VideoOS.Shared.ServerAPI.ClientCredentialsTest" name="AuthType_ShouldReturnNegotiate_WhenConstructedUsingWindowsDefault" />
    </UnitTest>
    <UnitTest name="GetPartialDiffBetweenDictionaries_ShouldReturnCorrectValues (System.Collections.Generic.Dictionary`2[System.String,System.String],System.Collections.Generic.Dictionary`2[System.String,System.String],System.Collections.Generic.Dictionary`2[System.String,System.String])" storage="d:\actions-runner\_work\xpco\xpco\sc\components\remoteviewer\smartclient\tst\zsmartclient_unittest\bin\x64\debug\net472\zsmartclient_unittest.dll" id="9588ac24-d5e4-191a-112a-c7b4e16b7a61">
      <Execution id="0368eab6-f7a7-48da-a49e-f7da5fc4318a" />
      <TestMethod codeBase="D:\actions-runner\_work\XPCO\XPCO\SC\Components\RemoteViewer\SmartClient\tst\zSmartClient_UnitTest\bin\x64\Debug\net472\zSmartClient_UnitTest.dll" adapterTypeName="executor://mstestadapter/v2" className="SmartClient_UnitTest.VideoOS.RemoteClient.Application.Common.Telemetry.TelemetryBuilderTests" name="GetPartialDiffBetweenDictionaries_ShouldReturnCorrectValues" />
    </UnitTest>
    <UnitTest name="GetSubGroup_NewUser" storage="d:\actions-runner\_work\xpco\xpco\sc\components\remoteviewer\smartclient\tst\zsmartclient_unittest\bin\x64\debug\net472\zsmartclient_unittest.dll" id="dc622a34-8cc7-4600-a4f3-cf01b26ced88">
      <Execution id="bb17ce9f-16cb-47be-8d06-b88fc2c5d8e0" />
      <TestMethod codeBase="D:\actions-runner\_work\XPCO\XPCO\SC\Components\RemoteViewer\SmartClient\tst\zSmartClient_UnitTest\bin\x64\Debug\net472\zSmartClient_UnitTest.dll" adapterTypeName="executor://mstestadapter/v2" className="SmartClient_UnitTest.VideoOS.Shared.ViewGroupSerializationControllerTests" name="GetSubGroup_NewUser" />
    </UnitTest>
    <UnitTest name="ScWorkspaceStateChangedEvent_ShouldSetDeviceStateToMuted_WhenSwitchingToSetupMode" storage="d:\actions-runner\_work\xpco\xpco\sc\components\remoteviewer\smartclient\tst\zsmartclient_unittest\bin\x64\debug\net472\zsmartclient_unittest.dll" id="7bc82cbe-20de-caab-82e3-ab7c085d6916">
      <TestCategory>
        <TestCategoryItem TestCategory="GisMapData.MapLayers" />
      </TestCategory>
      <Execution id="a3e4e5c7-9144-4d4e-9f0f-b3fab5f7dc42" />
      <TestMethod codeBase="D:\actions-runner\_work\XPCO\XPCO\SC\Components\RemoteViewer\SmartClient\tst\zSmartClient_UnitTest\bin\x64\Debug\net472\zSmartClient_UnitTest.dll" adapterTypeName="executor://mstestadapter/v2" className="SmartClient_UnitTest.VideoOS.RemoteClient.GisMapData.MapLayers.MicrophoneItemsMapLayerTests" name="ScWorkspaceStateChangedEvent_ShouldSetDeviceStateToMuted_WhenSwitchingToSetupMode" />
    </UnitTest>
    <UnitTest name="InputMapItem_ForceActivateAsync_NotInBuilding_Success" storage="d:\actions-runner\_work\xpco\xpco\sc\components\remoteviewer\smartclient\tst\zsmartclient_unittest\bin\x64\debug\net472\zsmartclient_unittest.dll" id="49a421d1-e95e-714d-edf9-45ffcfd2a39e">
      <TestCategory>
        <TestCategoryItem TestCategory="GisMapData.MapItem.Inputs" />
      </TestCategory>
      <Execution id="a4b031ea-7906-486e-9a53-cb12d46c7fca" />
      <TestMethod codeBase="D:\actions-runner\_work\XPCO\XPCO\SC\Components\RemoteViewer\SmartClient\tst\zSmartClient_UnitTest\bin\x64\Debug\net472\zSmartClient_UnitTest.dll" adapterTypeName="executor://mstestadapter/v2" className="SmartClient_UnitTest.VideoOS.RemoteClient.GisMapData.MapItem.Inputs.InputMapItemTests" name="InputMapItem_ForceActivateAsync_NotInBuilding_Success" />
    </UnitTest>
    <UnitTest name="IsBasicUser_ShouldReturnFalse_WhenConstructedUsingWindows" storage="d:\actions-runner\_work\xpco\xpco\sc\components\remoteviewer\smartclient\tst\zsmartclient_unittest\bin\x64\debug\net472\zsmartclient_unittest.dll" id="98f27d45-2a93-357a-deeb-cbe956e4dc11">
      <TestCategory>
        <TestCategoryItem TestCategory="Authentication.ClientCredentials" />
      </TestCategory>
      <Execution id="0f38b39f-6484-4bbf-991b-27905be15b1c" />
      <TestMethod codeBase="D:\actions-runner\_work\XPCO\XPCO\SC\Components\RemoteViewer\SmartClient\tst\zSmartClient_UnitTest\bin\x64\Debug\net472\zSmartClient_UnitTest.dll" adapterTypeName="executor://mstestadapter/v2" className="SmartClient_UnitTest.VideoOS.Shared.ServerAPI.ClientCredentialsTest" name="IsBasicUser_ShouldReturnFalse_WhenConstructedUsingWindows" />
    </UnitTest>
    <UnitTest name="GetLayerFeatures_ShouldNotThrow_WhenLayersCollectionIsEmpty" storage="d:\actions-runner\_work\xpco\xpco\sc\components\remoteviewer\smartclient\tst\zsmartclient_unittest\bin\x64\debug\net472\zsmartclient_unittest.dll" id="d2a9174b-0e8a-f538-f842-cd59e66f5936">
      <TestCategory>
        <TestCategoryItem TestCategory="GisMapData.Controllers.LayerFeatures" />
      </TestCategory>
      <Execution id="ffe029a8-ae74-4f4b-ab2e-d7a27340d9fc" />
      <TestMethod codeBase="D:\actions-runner\_work\XPCO\XPCO\SC\Components\RemoteViewer\SmartClient\tst\zSmartClient_UnitTest\bin\x64\Debug\net472\zSmartClient_UnitTest.dll" adapterTypeName="executor://mstestadapter/v2" className="SmartClient_UnitTest.VideoOS.RemoteClient.GisMapData.Controllers.LayerFeatures.LayerFeaturesControllerTests" name="GetLayerFeatures_ShouldNotThrow_WhenLayersCollectionIsEmpty" />
    </UnitTest>
    <UnitTest name="PtzInfoViewModel_PtzNotCotrolledTest" storage="d:\actions-runner\_work\xpco\xpco\sc\components\remoteviewer\smartclient\tst\zsmartclient_unittest\bin\x64\debug\net472\zsmartclient_unittest.dll" id="c126ef38-de54-9d14-e11c-edf70abaf073">
      <Execution id="7ba78035-3ab8-469e-8c90-4dd1f17bc769" />
      <TestMethod codeBase="D:\actions-runner\_work\XPCO\XPCO\SC\Components\RemoteViewer\SmartClient\tst\zSmartClient_UnitTest\bin\x64\Debug\net472\zSmartClient_UnitTest.dll" adapterTypeName="executor://mstestadapter/v2" className="SmartClient_UnitTest.VideoOS.RemoteClient.Plugin.Map.WPFObjects.PtzInfoViewModelUnitTest" name="PtzInfoViewModel_PtzNotCotrolledTest" />
    </UnitTest>
    <UnitTest name="Ctor_NullLogger_Failure" storage="d:\actions-runner\_work\xpco\xpco\sc\components\remoteviewer\smartclient\tst\zsmartclient_unittest\bin\x64\debug\net472\zsmartclient_unittest.dll" id="3bf91338-9db5-e244-3437-2a694f10cdfe">
      <TestCategory>
        <TestCategoryItem TestCategory="Search" />
      </TestCategory>
      <Execution id="ca2a3328-5db1-498f-bae5-9fc8112b21be" />
      <TestMethod codeBase="D:\actions-runner\_work\XPCO\XPCO\SC\Components\RemoteViewer\SmartClient\tst\zSmartClient_UnitTest\bin\x64\Debug\net472\zSmartClient_UnitTest.dll" adapterTypeName="executor://mstestadapter/v2" className="SmartClient_UnitTest.VideoOS.RemoteClient.Plugin.CentralizedSearch.ViewModels.Data.SnapshotHandlerTests" name="Ctor_NullLogger_Failure" />
    </UnitTest>
    <UnitTest name="PtzPresetsMenuViewModel_PtzCotrolledByAnonymousTest" storage="d:\actions-runner\_work\xpco\xpco\sc\components\remoteviewer\smartclient\tst\zsmartclient_unittest\bin\x64\debug\net472\zsmartclient_unittest.dll" id="f6db960c-c26a-9ba9-bdda-2ac9e0b27970">
      <Execution id="3fba53df-69af-449d-97ca-7aab5c3e882f" />
      <TestMethod codeBase="D:\actions-runner\_work\XPCO\XPCO\SC\Components\RemoteViewer\SmartClient\tst\zSmartClient_UnitTest\bin\x64\Debug\net472\zSmartClient_UnitTest.dll" adapterTypeName="executor://mstestadapter/v2" className="SmartClient_UnitTest.VideoOS.RemoteClient.Application.Data.ContentTypes.CameraContentType.PtzPresetsMenuViewModelTest" name="PtzPresetsMenuViewModel_PtzCotrolledByAnonymousTest" />
    </UnitTest>
    <UnitTest name="UpdateAndSaveBuilding_Success" storage="d:\actions-runner\_work\xpco\xpco\sc\components\remoteviewer\smartclient\tst\zsmartclient_unittest\bin\x64\debug\net472\zsmartclient_unittest.dll" id="6abab9f6-2ccc-d047-2fba-1c19ca4d1351">
      <TestCategory>
        <TestCategoryItem TestCategory="GisMapBuilding" />
      </TestCategory>
      <Execution id="485e0475-c133-4513-9d78-db8b842ebb29" />
      <TestMethod codeBase="D:\actions-runner\_work\XPCO\XPCO\SC\Components\RemoteViewer\SmartClient\tst\zSmartClient_UnitTest\bin\x64\Debug\net472\zSmartClient_UnitTest.dll" adapterTypeName="executor://mstestadapter/v2" className="SmartClient_UnitTest.VideoOS.RemoteClient.GisMap.MapBuildingTests" name="UpdateAndSaveBuilding_Success" />
    </UnitTest>
    <UnitTest name="PatrollingStepViewModel_SelectPreset" storage="d:\actions-runner\_work\xpco\xpco\sc\components\remoteviewer\smartclient\tst\zsmartclient_unittest\bin\x64\debug\net472\zsmartclient_unittest.dll" id="0ae53827-c728-1e97-29dd-bbdf893d6166">
      <Execution id="e63bc800-96d9-4b27-9e8f-1edb0ee97a6f" />
      <TestMethod codeBase="D:\actions-runner\_work\XPCO\XPCO\SC\Components\RemoteViewer\SmartClient\tst\zSmartClient_UnitTest\bin\x64\Debug\net472\zSmartClient_UnitTest.dll" adapterTypeName="executor://mstestadapter/v2" className="SmartClient_UnitTest.VideoOS.RemoteClient.Application.UI.PtzPreset.PatrollingViewModel.PatrollingStepViewModelTest" name="PatrollingStepViewModel_SelectPreset" />
    </UnitTest>
    <UnitTest name="ActivatedOutputIconsId_ShouldReturnUnDeactivatedIconsInAProperOrder_WhenCalled" storage="d:\actions-runner\_work\xpco\xpco\sc\components\remoteviewer\smartclient\tst\zsmartclient_unittest\bin\x64\debug\net472\zsmartclient_unittest.dll" id="a27dcab4-fe50-bb56-8a65-057bfb64a1f4">
      <TestCategory>
        <TestCategoryItem TestCategory="GisMapData.OutputOemResourcesProviderTests" />
      </TestCategory>
      <Execution id="f12d8156-37d8-42a8-866d-8a034808cef8" />
      <TestMethod codeBase="D:\actions-runner\_work\XPCO\XPCO\SC\Components\RemoteViewer\SmartClient\tst\zSmartClient_UnitTest\bin\x64\Debug\net472\zSmartClient_UnitTest.dll" adapterTypeName="executor://mstestadapter/v2" className="SmartClient_UnitTest.VideoOS.RemoteClient.GisMapData.Resources.OutputOemResourcesProviderTests" name="ActivatedOutputIconsId_ShouldReturnUnDeactivatedIconsInAProperOrder_WhenCalled" />
    </UnitTest>
    <UnitTest name="GetSnapshots_InvalidSnapshotPath_Failure" storage="d:\actions-runner\_work\xpco\xpco\sc\components\remoteviewer\smartclient\tst\zsmartclient_unittest\bin\x64\debug\net472\zsmartclient_unittest.dll" id="89684484-4d0f-00a8-989b-9cbdfecf3e30">
      <TestCategory>
        <TestCategoryItem TestCategory="Search" />
      </TestCategory>
      <Execution id="a0216aab-4175-4d5f-9ac9-9e748821bd3f" />
      <TestMethod codeBase="D:\actions-runner\_work\XPCO\XPCO\SC\Components\RemoteViewer\SmartClient\tst\zSmartClient_UnitTest\bin\x64\Debug\net472\zSmartClient_UnitTest.dll" adapterTypeName="executor://mstestadapter/v2" className="SmartClient_UnitTest.VideoOS.RemoteClient.Plugin.CentralizedSearch.ViewModels.Data.SnapshotHandlerTests" name="GetSnapshots_InvalidSnapshotPath_Failure" />
    </UnitTest>
    <UnitTest name="HasMd5ProviderStrategy_ShouldReturnTrue_WhenSomeEventServerIdAreNonFipsCompliant" storage="d:\actions-runner\_work\xpco\xpco\sc\components\remoteviewer\smartclient\tst\zsmartclient_unittest\bin\x64\debug\net472\zsmartclient_unittest.dll" id="9c23bc24-c1ee-6f47-512c-5d239bfcd591">
      <TestCategory>
        <TestCategoryItem TestCategory="AccessControl.Services" />
      </TestCategory>
      <Execution id="2b020370-fe77-4c4c-8e36-6f6bee106140" />
      <TestMethod codeBase="D:\actions-runner\_work\XPCO\XPCO\SC\Components\RemoteViewer\SmartClient\tst\zSmartClient_UnitTest\bin\x64\Debug\net472\zSmartClient_UnitTest.dll" adapterTypeName="executor://mstestadapter/v2" className="SmartClient_UnitTest.VideoOS.RemoteClient.AccessControl.Services.AccessControlGuidProviderTests" name="HasMd5ProviderStrategy_ShouldReturnTrue_WhenSomeEventServerIdAreNonFipsCompliant" />
    </UnitTest>
    <UnitTest name="CreateCameraListItem_ShouldCreateNotEnabledCamera_WhenEnabledParameterIsFalse" storage="d:\actions-runner\_work\xpco\xpco\sc\components\remoteviewer\smartclient\tst\zsmartclient_unittest\bin\x64\debug\net472\zsmartclient_unittest.dll" id="4ccdfeb9-004d-3fe2-5c2e-c79ef1dd5941">
      <TestCategory>
        <TestCategoryItem TestCategory="Search.Filters.ViewModels" />
      </TestCategory>
      <Execution id="2cf884ab-b41a-41d1-ab27-606fbd4f708b" />
      <TestMethod codeBase="D:\actions-runner\_work\XPCO\XPCO\SC\Components\RemoteViewer\SmartClient\tst\zSmartClient_UnitTest\bin\x64\Debug\net472\zSmartClient_UnitTest.dll" adapterTypeName="executor://mstestadapter/v2" className="SmartClient_UnitTest.VideoOS.RemoteClient.Plugin.CentralizedSearch.MIPPlugin.Criteria.ViewModels.SmartSearchCameraListItemHelperTests" name="CreateCameraListItem_ShouldCreateNotEnabledCamera_WhenEnabledParameterIsFalse" />
    </UnitTest>
    <UnitTest name="SearchAction_LiveMode" storage="d:\actions-runner\_work\xpco\xpco\sc\components\remoteviewer\smartclient\tst\zsmartclient_unittest\bin\x64\debug\net472\zsmartclient_unittest.dll" id="bc3083b0-a3ea-e4f1-9c27-4c183b204440">
      <TestCategory>
        <TestCategoryItem TestCategory="ContentHolderToolbar" />
      </TestCategory>
      <Execution id="1883ba55-6e0a-4744-857c-f5a1b1106541" />
      <TestMethod codeBase="D:\actions-runner\_work\XPCO\XPCO\SC\Components\RemoteViewer\SmartClient\tst\zSmartClient_UnitTest\bin\x64\Debug\net472\zSmartClient_UnitTest.dll" adapterTypeName="executor://mstestadapter/v2" className="SmartClient_UnitTest.VideoOS.RemoteClient.Application.Data.ContentHolderToolbar.ToolBarItemSearchTests" name="SearchAction_LiveMode" />
    </UnitTest>
    <UnitTest name="DeviceIcons_ShouldReturnIconsInAProperOrder_WhenCalled" storage="d:\actions-runner\_work\xpco\xpco\sc\components\remoteviewer\smartclient\tst\zsmartclient_unittest\bin\x64\debug\net472\zsmartclient_unittest.dll" id="62930b8c-e45e-fc1a-2573-556c126ac982">
      <TestCategory>
        <TestCategoryItem TestCategory="GisMapData.MicrophoneOemResourcesProviderTests" />
      </TestCategory>
      <Execution id="b64b426e-a74d-409f-a8be-2df08099b19b" />
      <TestMethod codeBase="D:\actions-runner\_work\XPCO\XPCO\SC\Components\RemoteViewer\SmartClient\tst\zSmartClient_UnitTest\bin\x64\Debug\net472\zSmartClient_UnitTest.dll" adapterTypeName="executor://mstestadapter/v2" className="SmartClient_UnitTest.VideoOS.RemoteClient.GisMapData.Resources.MicrophoneOemResourcesProviderTests" name="DeviceIcons_ShouldReturnIconsInAProperOrder_WhenCalled" />
    </UnitTest>
    <UnitTest name="Constructor_ShouldRaiseArgumentNullException_WhenNextDeviceDataHandlerIsNull" storage="d:\actions-runner\_work\xpco\xpco\sc\components\remoteviewer\smartclient\tst\zsmartclient_unittest\bin\x64\debug\net472\zsmartclient_unittest.dll" id="3dd17c2d-4aaa-fdf7-41d3-a00ff3aff086">
      <TestCategory>
        <TestCategoryItem TestCategory="GisMap.Handlers.Devices.MapItems" />
      </TestCategory>
      <Execution id="11a9bdeb-bd10-48f5-be8d-53c6f5f1e941" />
      <TestMethod codeBase="D:\actions-runner\_work\XPCO\XPCO\SC\Components\RemoteViewer\SmartClient\tst\zSmartClient_UnitTest\bin\x64\Debug\net472\zSmartClient_UnitTest.dll" adapterTypeName="executor://mstestadapter/v2" className="SmartClient_UnitTest.VideoOS.RemoteClient.Plugin.GisMap.Handlers.Devices.MapItems.InputDataHandlerTests" name="Constructor_ShouldRaiseArgumentNullException_WhenNextDeviceDataHandlerIsNull" />
    </UnitTest>
    <UnitTest name="DateToStringConverter_SingleConvertBack_Fail" storage="d:\actions-runner\_work\xpco\xpco\sc\components\remoteviewer\smartclient\tst\zsmartclient_unittest\bin\x64\debug\net472\zsmartclient_unittest.dll" id="313c09e0-411a-75b7-e96b-3ca0dbd86c48">
      <TestCategory>
        <TestCategoryItem TestCategory="SearchConverter" />
      </TestCategory>
      <Execution id="e37b491f-2bd0-4b06-9068-905ae9e98087" />
      <TestMethod codeBase="D:\actions-runner\_work\XPCO\XPCO\SC\Components\RemoteViewer\SmartClient\tst\zSmartClient_UnitTest\bin\x64\Debug\net472\zSmartClient_UnitTest.dll" adapterTypeName="executor://mstestadapter/v2" className="SmartClient_UnitTest.VideoOS.RemoteClient.Plugin.CentralizedSearch.Views.Converters.DurationToStringConverterTests" name="DateToStringConverter_SingleConvertBack_Fail" />
    </UnitTest>
    <UnitTest name="GetClusters_ExcludeThenIncludeExcludedItems_NoChange" storage="d:\actions-runner\_work\xpco\xpco\sc\components\remoteviewer\smartclient\tst\zsmartclient_unittest\bin\x64\debug\net472\zsmartclient_unittest.dll" id="f680908c-3b4b-7b4d-7066-6e5fce7c0b27">
      <TestCategory>
        <TestCategoryItem TestCategory="GisMapIndex" />
      </TestCategory>
      <Execution id="25c00a6a-4d8e-4922-ac7b-a01e41f872ef" />
      <TestMethod codeBase="D:\actions-runner\_work\XPCO\XPCO\SC\Components\RemoteViewer\SmartClient\tst\zSmartClient_UnitTest\bin\x64\Debug\net472\zSmartClient_UnitTest.dll" adapterTypeName="executor://mstestadapter/v2" className="SmartClient_UnitTest.VideoOS.RemoteClient.GisMapData.Common.Indexer.BuildingsAwareIndexerTests" name="GetClusters_ExcludeThenIncludeExcludedItems_NoChange" />
    </UnitTest>
    <UnitTest name="CreateMenuItem_SetsIcons" storage="d:\actions-runner\_work\xpco\xpco\sc\components\remoteviewer\smartclient\tst\zsmartclient_unittest\bin\x64\debug\net472\zsmartclient_unittest.dll" id="a7ae775e-2c15-1f46-f93f-e37442fe54d1">
      <TestCategory>
        <TestCategoryItem TestCategory="GisMapMip" />
      </TestCategory>
      <Execution id="7ccb65b5-cc61-4a33-93cf-81b7cd3306dc" />
      <TestMethod codeBase="D:\actions-runner\_work\XPCO\XPCO\SC\Components\RemoteViewer\SmartClient\tst\zSmartClient_UnitTest\bin\x64\Debug\net472\zSmartClient_UnitTest.dll" adapterTypeName="executor://mstestadapter/v2" className="SmartClient_UnitTest.VideoOS.RemoteClient.Plugin.GisMap.ThinkGeoMap.ContextMenuUtils.MipItemActionsContextMenuTests" name="CreateMenuItem_SetsIcons" />
    </UnitTest>
    <UnitTest name="HandleGetDeviceData_ShouldReturnInputData_WhenInputKindAndExistingInputId" storage="d:\actions-runner\_work\xpco\xpco\sc\components\remoteviewer\smartclient\tst\zsmartclient_unittest\bin\x64\debug\net472\zsmartclient_unittest.dll" id="01f34d8e-771f-fa5c-163a-25421605a156">
      <TestCategory>
        <TestCategoryItem TestCategory="GisMap.Handlers.Devices.MapItems" />
      </TestCategory>
      <Execution id="be3be0f8-a2dd-4d4e-868d-21d77e925502" />
      <TestMethod codeBase="D:\actions-runner\_work\XPCO\XPCO\SC\Components\RemoteViewer\SmartClient\tst\zSmartClient_UnitTest\bin\x64\Debug\net472\zSmartClient_UnitTest.dll" adapterTypeName="executor://mstestadapter/v2" className="SmartClient_UnitTest.VideoOS.RemoteClient.Plugin.GisMap.Handlers.Devices.MapItems.InputDataHandlerTests" name="HandleGetDeviceData_ShouldReturnInputData_WhenInputKindAndExistingInputId" />
    </UnitTest>
    <UnitTest name="MarkerFactory_WhenMarkerDoesNotExistForMapItem_ShouldReturnNull" storage="d:\actions-runner\_work\xpco\xpco\sc\components\remoteviewer\smartclient\tst\zsmartclient_unittest\bin\x64\debug\net472\zsmartclient_unittest.dll" id="1908903c-8778-1771-d8eb-296b41bd1c8a">
      <TestCategory>
        <TestCategoryItem TestCategory="GisMap.MarkerFactory" />
      </TestCategory>
      <Execution id="38293c2c-19b0-4fc5-8b9c-f02074a79f0e" />
      <TestMethod codeBase="D:\actions-runner\_work\XPCO\XPCO\SC\Components\RemoteViewer\SmartClient\tst\zSmartClient_UnitTest\bin\x64\Debug\net472\zSmartClient_UnitTest.dll" adapterTypeName="executor://mstestadapter/v2" className="SmartClient_UnitTest.VideoOS.RemoteClient.Plugin.GisMap.IoC.MarkerFactoryTests" name="MarkerFactory_WhenMarkerDoesNotExistForMapItem_ShouldReturnNull" />
    </UnitTest>
    <UnitTest name="GetDefaultReportDestination_NullUserSettings_ReturnsDefaultFolder" storage="d:\actions-runner\_work\xpco\xpco\sc\components\remoteviewer\smartclient\tst\zsmartclient_unittest\bin\x64\debug\net472\zsmartclient_unittest.dll" id="a2c904bd-3f69-e9d9-0ae2-6c94ccb201e3">
      <TestCategory>
        <TestCategoryItem TestCategory="Search" />
      </TestCategory>
      <Execution id="a66d9917-3d91-47ed-aaf6-e28411f1233d" />
      <TestMethod codeBase="D:\actions-runner\_work\XPCO\XPCO\SC\Components\RemoteViewer\SmartClient\tst\zSmartClient_UnitTest\bin\x64\Debug\net472\zSmartClient_UnitTest.dll" adapterTypeName="executor://mstestadapter/v2" className="SmartClient_UnitTest.VideoOS.RemoteClient.Plugin.CentralizedSearch.ViewModels.SearchReportViewModelTests" name="GetDefaultReportDestination_NullUserSettings_ReturnsDefaultFolder" />
    </UnitTest>
    <UnitTest name="IncludeViewItemToggledEvent_ShouldAddViewItemToIncludedViewItems_WhenIncludedIsTrueOnContentHolderControl" storage="d:\actions-runner\_work\xpco\xpco\sc\components\remoteviewer\smartclient\tst\zsmartclient_unittest\bin\x64\debug\net472\zsmartclient_unittest.dll" id="31d5d148-0cd6-8d1e-0567-f1c07ae35162">
      <TestCategory>
        <TestCategoryItem TestCategory="ContentHolder" />
      </TestCategory>
      <Execution id="d4e455af-44c6-4dc5-84a2-7a069edfe5f3" />
      <TestMethod codeBase="D:\actions-runner\_work\XPCO\XPCO\SC\Components\RemoteViewer\SmartClient\tst\zSmartClient_UnitTest\bin\x64\Debug\net472\zSmartClient_UnitTest.dll" adapterTypeName="executor://mstestadapter/v2" className="SmartClient_UnitTest.VideoOS.RemoteClient.Application.Data.ContentTypes.ContentTypeBase.ContentHolderBaseTests" name="IncludeViewItemToggledEvent_ShouldAddViewItemToIncludedViewItems_WhenIncludedIsTrueOnContentHolderControl" />
    </UnitTest>
    <UnitTest name="IsSearchInProgressChanged_Success" storage="d:\actions-runner\_work\xpco\xpco\sc\components\remoteviewer\smartclient\tst\zsmartclient_unittest\bin\x64\debug\net472\zsmartclient_unittest.dll" id="27940d64-03df-8f28-2a77-22152c4e2bc7">
      <TestCategory>
        <TestCategoryItem TestCategory="SearchResultViewModels" />
      </TestCategory>
      <Execution id="660c332c-b86d-43d7-868f-7c16933a0609" />
      <TestMethod codeBase="D:\actions-runner\_work\XPCO\XPCO\SC\Components\RemoteViewer\SmartClient\tst\zSmartClient_UnitTest\bin\x64\Debug\net472\zSmartClient_UnitTest.dll" adapterTypeName="executor://mstestadapter/v2" className="SmartClient_UnitTest.VideoOS.RemoteClient.Plugin.CentralizedSearch.ViewModels.SearchResultsViewModelTest" name="IsSearchInProgressChanged_Success" />
    </UnitTest>
    <UnitTest name="ToSafeName_NullName_Failure" storage="d:\actions-runner\_work\xpco\xpco\sc\components\remoteviewer\smartclient\tst\zsmartclient_unittest\bin\x64\debug\net472\zsmartclient_unittest.dll" id="e288d304-5f35-f382-d06b-9b0ed9edf0e1">
      <Execution id="550439a0-f4e6-4392-a0b6-8a966f575cb7" />
      <TestMethod codeBase="D:\actions-runner\_work\XPCO\XPCO\SC\Components\RemoteViewer\SmartClient\tst\zSmartClient_UnitTest\bin\x64\Debug\net472\zSmartClient_UnitTest.dll" adapterTypeName="executor://mstestadapter/v2" className="SmartClient_UnitTest.VideoOS.RemoteClient.Application.Common.Scripting.ReservedJavascriptKeywordsTests" name="ToSafeName_NullName_Failure" />
    </UnitTest>
    <UnitTest name="GeNumberOfMonitors_GetResolution_ShouldReturnValidValue" storage="d:\actions-runner\_work\xpco\xpco\sc\components\remoteviewer\smartclient\tst\zsmartclient_unittest\bin\x64\debug\net472\zsmartclient_unittest.dll" id="82581c83-f8ac-d2d4-2282-bfb72f7ace78">
      <Execution id="bf98bfcf-5388-4086-8b86-3cc4d29d3d8f" />
      <TestMethod codeBase="D:\actions-runner\_work\XPCO\XPCO\SC\Components\RemoteViewer\SmartClient\tst\zSmartClient_UnitTest\bin\x64\Debug\net472\zSmartClient_UnitTest.dll" adapterTypeName="executor://mstestadapter/v2" className="SmartClient_UnitTest.VideoOS.RemoteClient.Application.Common.Telemetry.SCTelemetrySpecificsTests" name="GeNumberOfMonitors_GetResolution_ShouldReturnValidValue" />
    </UnitTest>
    <UnitTest name="TestImplicitOperator_Polygon_Success" storage="d:\actions-runner\_work\xpco\xpco\sc\components\remoteviewer\smartclient\tst\zsmartclient_unittest\bin\x64\debug\net472\zsmartclient_unittest.dll" id="521edd59-e00a-7fda-d2c0-b2558265b67a">
      <TestCategory>
        <TestCategoryItem TestCategory="GisMap" />
      </TestCategory>
      <Execution id="84bf2979-5fdd-4013-8f2b-7881a5ff1e0d" />
      <TestMethod codeBase="D:\actions-runner\_work\XPCO\XPCO\SC\Components\RemoteViewer\SmartClient\tst\zSmartClient_UnitTest\bin\x64\Debug\net472\zSmartClient_UnitTest.dll" adapterTypeName="executor://mstestadapter/v2" className="SmartClient_UnitTest.VideoOS.RemoteClient.GisMap.Common.MapPolygonTest" name="TestImplicitOperator_Polygon_Success" />
    </UnitTest>
    <UnitTest name="OnLayersRetrieved_ShouldSetComponentsToInput_WhenLayersCollectionContainsOutput" storage="d:\actions-runner\_work\xpco\xpco\sc\components\remoteviewer\smartclient\tst\zsmartclient_unittest\bin\x64\debug\net472\zsmartclient_unittest.dll" id="81839942-eab6-dd11-a06f-a19981ad17ba">
      <TestCategory>
        <TestCategoryItem TestCategory="GisMap.DeviceSelectorWindowViewModel" />
      </TestCategory>
      <Execution id="729cf9aa-d655-4506-b29c-d149bae99a88" />
      <TestMethod codeBase="D:\actions-runner\_work\XPCO\XPCO\SC\Components\RemoteViewer\SmartClient\tst\zSmartClient_UnitTest\bin\x64\Debug\net472\zSmartClient_UnitTest.dll" adapterTypeName="executor://mstestadapter/v2" className="SmartClient_UnitTest.VideoOS.RemoteClient.Plugin.GisMap.ViewModels.DeviceSelectorWindowViewModelTests" name="OnLayersRetrieved_ShouldSetComponentsToInput_WhenLayersCollectionContainsOutput" />
    </UnitTest>
    <UnitTest name="IsCurrentCenterEqualTo_ShouldReturnFalse_WhenValuesAreNotEqualWithinGivenPrecision" storage="d:\actions-runner\_work\xpco\xpco\sc\components\remoteviewer\smartclient\tst\zsmartclient_unittest\bin\x64\debug\net472\zsmartclient_unittest.dll" id="2a4b4823-fd60-1de2-7bef-a1adf9e470c2">
      <TestCategory>
        <TestCategoryItem TestCategory="MapExtentManager" />
      </TestCategory>
      <Execution id="7b6543dc-0fba-44d1-af9a-af83537c2d02" />
      <TestMethod codeBase="D:\actions-runner\_work\XPCO\XPCO\SC\Components\RemoteViewer\SmartClient\tst\zSmartClient_UnitTest\bin\x64\Debug\net472\zSmartClient_UnitTest.dll" adapterTypeName="executor://mstestadapter/v2" className="SmartClient_UnitTest.VideoOS.RemoteClient.Plugin.GisMap.ThinkGeoMap.Settings.ThinkGeoMapExtentManagerTests" name="IsCurrentCenterEqualTo_ShouldReturnFalse_WhenValuesAreNotEqualWithinGivenPrecision" />
    </UnitTest>
    <UnitTest name="NearestPossibleZoomLevel_ShouldReturnZoomLevel19_WhenScaleIsZoomLevel19" storage="d:\actions-runner\_work\xpco\xpco\sc\components\remoteviewer\smartclient\tst\zsmartclient_unittest\bin\x64\debug\net472\zsmartclient_unittest.dll" id="83492e0d-212b-a788-b283-557077b5c1d0">
      <TestCategory>
        <TestCategoryItem TestCategory="MapExtentManager" />
      </TestCategory>
      <Execution id="64f8cb4f-f0e8-4e9d-94a9-f0bbe2bedb5e" />
      <TestMethod codeBase="D:\actions-runner\_work\XPCO\XPCO\SC\Components\RemoteViewer\SmartClient\tst\zSmartClient_UnitTest\bin\x64\Debug\net472\zSmartClient_UnitTest.dll" adapterTypeName="executor://mstestadapter/v2" className="SmartClient_UnitTest.VideoOS.RemoteClient.Plugin.GisMap.ThinkGeoMap.Settings.ThinkGeoMapExtentManagerTests" name="NearestPossibleZoomLevel_ShouldReturnZoomLevel19_WhenScaleIsZoomLevel19" />
    </UnitTest>
    <UnitTest name="CreateDefinition_FireMultipleSearchResultsInOneEvent_SearchFinishedWithResults" storage="d:\actions-runner\_work\xpco\xpco\sc\components\remoteviewer\smartclient\tst\zsmartclient_unittest\bin\x64\debug\net472\zsmartclient_unittest.dll" id="16850f24-a3f3-b035-b0b3-7c99490a9542">
      <TestCategory>
        <TestCategoryItem TestCategory="SearchModels" />
      </TestCategory>
      <Execution id="a7a76706-0e8f-4bf1-8c74-ce24fd4a88f7" />
      <TestMethod codeBase="D:\actions-runner\_work\XPCO\XPCO\SC\Components\RemoteViewer\SmartClient\tst\zSmartClient_UnitTest\bin\x64\Debug\net472\zSmartClient_UnitTest.dll" adapterTypeName="executor://mstestadapter/v2" className="SmartClient_UnitTest.VideoOS.RemoteClient.Plugin.CentralizedSearch.Models.SearchModelTests" name="CreateDefinition_FireMultipleSearchResultsInOneEvent_SearchFinishedWithResults" />
    </UnitTest>
    <UnitTest name="FindSearchTemplatesAsync_Null_Failure" storage="d:\actions-runner\_work\xpco\xpco\sc\components\remoteviewer\smartclient\tst\zsmartclient_unittest\bin\x64\debug\net472\zsmartclient_unittest.dll" id="6463d51b-77d7-6acd-19d1-958e93231c67">
      <TestCategory>
        <TestCategoryItem TestCategory="SearchTemplatesService" />
      </TestCategory>
      <Execution id="94a58166-dc82-439b-a095-d2d501fad3ec" />
      <TestMethod codeBase="D:\actions-runner\_work\XPCO\XPCO\SC\Components\RemoteViewer\SmartClient\tst\zSmartClient_UnitTest\bin\x64\Debug\net472\zSmartClient_UnitTest.dll" adapterTypeName="executor://mstestadapter/v2" className="SmartClient_UnitTest.VideoOS.RemoteClient.Plugin.CentralizedSearch.SearchTemplates.Service.SearchTemplateServiceTests" name="FindSearchTemplatesAsync_Null_Failure" />
    </UnitTest>
    <UnitTest name="SmartMapGoToLocationHandler_WhenLocationCanNotBeFound_ShouldWriteToLog" storage="d:\actions-runner\_work\xpco\xpco\sc\components\remoteviewer\smartclient\tst\zsmartclient_unittest\bin\x64\debug\net472\zsmartclient_unittest.dll" id="4095d4e0-7747-4418-2cba-d8d1b699249f">
      <Execution id="c08400be-b9fb-4e1d-b1a3-d6c5265aa41d" />
      <TestMethod codeBase="D:\actions-runner\_work\XPCO\XPCO\SC\Components\RemoteViewer\SmartClient\tst\zSmartClient_UnitTest\bin\x64\Debug\net472\zSmartClient_UnitTest.dll" adapterTypeName="executor://mstestadapter/v2" className="SmartClient_UnitTest.VideoOS.RemoteClient.Plugin.GisMap.MIP.ContentHolderMipMessageManagerTests" name="SmartMapGoToLocationHandler_WhenLocationCanNotBeFound_ShouldWriteToLog" />
    </UnitTest>
    <UnitTest name="SearchResultCombineType_DefaultValue_And" storage="d:\actions-runner\_work\xpco\xpco\sc\components\remoteviewer\smartclient\tst\zsmartclient_unittest\bin\x64\debug\net472\zsmartclient_unittest.dll" id="cadbf7d4-d58e-eeac-6faf-7c00f5bba9ec">
      <TestCategory>
        <TestCategoryItem TestCategory="SearchViewModels" />
      </TestCategory>
      <Execution id="ae2d998e-aeb1-45ef-86fb-6b8e0da89733" />
      <TestMethod codeBase="D:\actions-runner\_work\XPCO\XPCO\SC\Components\RemoteViewer\SmartClient\tst\zSmartClient_UnitTest\bin\x64\Debug\net472\zSmartClient_UnitTest.dll" adapterTypeName="executor://mstestadapter/v2" className="SmartClient_UnitTest.VideoOS.RemoteClient.Plugin.CentralizedSearch.ViewModels.SearchViewModelTests" name="SearchResultCombineType_DefaultValue_And" />
    </UnitTest>
    <UnitTest name="AddSelectedCameras_TooManyCamerasMultiple_AddedUntilMaxAndWarningMessageDisplayed" storage="d:\actions-runner\_work\xpco\xpco\sc\components\remoteviewer\smartclient\tst\zsmartclient_unittest\bin\x64\debug\net472\zsmartclient_unittest.dll" id="4c079a3c-32b1-18a2-0888-498e65e1e695">
      <TestCategory>
        <TestCategoryItem TestCategory="SearchViewModels" />
      </TestCategory>
      <Execution id="cafd3cfe-3c59-4dd8-92e6-709764ba40c9" />
      <TestMethod codeBase="D:\actions-runner\_work\XPCO\XPCO\SC\Components\RemoteViewer\SmartClient\tst\zSmartClient_UnitTest\bin\x64\Debug\net472\zSmartClient_UnitTest.dll" adapterTypeName="executor://mstestadapter/v2" className="SmartClient_UnitTest.VideoOS.RemoteClient.Plugin.CentralizedSearch.ViewModels.SearchViewModelTests" name="AddSelectedCameras_TooManyCamerasMultiple_AddedUntilMaxAndWarningMessageDisplayed" />
    </UnitTest>
    <UnitTest name="GetSLC_ShouldReturnEmptyString_WhenLicenseIsNull" storage="d:\actions-runner\_work\xpco\xpco\sc\components\remoteviewer\smartclient\tst\zsmartclient_unittest\bin\x64\debug\net472\zsmartclient_unittest.dll" id="f64b2eb0-431a-6fbc-c692-f413cacfb737">
      <Execution id="4d4a75c3-41e9-4c82-a12b-5581b973ff20" />
      <TestMethod codeBase="D:\actions-runner\_work\XPCO\XPCO\SC\Components\RemoteViewer\SmartClient\tst\zSmartClient_UnitTest\bin\x64\Debug\net472\zSmartClient_UnitTest.dll" adapterTypeName="executor://mstestadapter/v2" className="SmartClient_UnitTest.VideoOS.RemoteClient.Application.Common.Telemetry.SCTelemetrySpecificsTests" name="GetSLC_ShouldReturnEmptyString_WhenLicenseIsNull" />
    </UnitTest>
    <UnitTest name="Toolbar_HasButtonsVisibleByDefault_WhenInLive" storage="d:\actions-runner\_work\xpco\xpco\sc\components\remoteviewer\smartclient\tst\zsmartclient_unittest\bin\x64\debug\net472\zsmartclient_unittest.dll" id="9a0ec1ee-717c-f9be-241c-4cf9cb866a4c">
      <TestCategory>
        <TestCategoryItem TestCategory="WorkspaceToolbar" />
      </TestCategory>
      <Execution id="9b52fc4f-86fc-4fc5-b8e0-d269bd9e3064" />
      <TestMethod codeBase="D:\actions-runner\_work\XPCO\XPCO\SC\Components\RemoteViewer\SmartClient\tst\zSmartClient_UnitTest\bin\x64\Debug\net472\zSmartClient_UnitTest.dll" adapterTypeName="executor://mstestadapter/v2" className="SmartClient_UnitTest.VideoOS.RemoteClient.Application.UI.Content.WorkspaceToolbar.WorkspaceToolbarViewModelTests" name="Toolbar_HasButtonsVisibleByDefault_WhenInLive" />
    </UnitTest>
    <UnitTest name="Initialize_ShouldAttachOptionChanged_WhenAllowOnlyFipsAlgorithmsIsTrueAndAllEventServerIdsAreFipsCompliant" storage="d:\actions-runner\_work\xpco\xpco\sc\components\remoteviewer\smartclient\tst\zsmartclient_unittest\bin\x64\debug\net472\zsmartclient_unittest.dll" id="c0d785e8-8864-98d5-b13c-b47a7d8658f2">
      <TestCategory>
        <TestCategoryItem TestCategory="AccessControl" />
      </TestCategory>
      <Execution id="b71dd0ce-8167-44b1-80d7-79104a966e62" />
      <TestMethod codeBase="D:\actions-runner\_work\XPCO\XPCO\SC\Components\RemoteViewer\SmartClient\tst\zSmartClient_UnitTest\bin\x64\Debug\net472\zSmartClient_UnitTest.dll" adapterTypeName="executor://mstestadapter/v2" className="SmartClient_UnitTest.VideoOS.RemoteClient.AccessControl.AccessControlManagerCoreTests" name="Initialize_ShouldAttachOptionChanged_WhenAllowOnlyFipsAlgorithmsIsTrueAndAllEventServerIdsAreFipsCompliant" />
    </UnitTest>
    <UnitTest name="GetBoundingShapesAsync_ShouldIgnoreNullBoundingShapesCollectionFromSubResults" storage="d:\actions-runner\_work\xpco\xpco\sc\components\remoteviewer\smartclient\tst\zsmartclient_unittest\bin\x64\debug\net472\zsmartclient_unittest.dll" id="ac8063fd-ec4b-484a-0383-753253f47780">
      <TestCategory>
        <TestCategoryItem TestCategory="Search.Wrappers" />
      </TestCategory>
      <Execution id="bd00c54b-c3f4-4ace-bf56-38e86f7655dc" />
      <TestMethod codeBase="D:\actions-runner\_work\XPCO\XPCO\SC\Components\RemoteViewer\SmartClient\tst\zSmartClient_UnitTest\bin\x64\Debug\net472\zSmartClient_UnitTest.dll" adapterTypeName="executor://mstestadapter/v2" className="SmartClient_UnitTest.VideoOS.RemoteClient.Plugin.CentralizedSearch.Models.Wrappers.CombinedSearchResultDataWrapperTests" name="GetBoundingShapesAsync_ShouldIgnoreNullBoundingShapesCollectionFromSubResults" />
    </UnitTest>
  </TestDefinitions>
  <TestEntries>
    <TestEntry testId="e671fc0c-9f3c-71e0-8b22-c4f68d735e7f" executionId="c6b4548c-54e1-43f8-aad2-e5a5f1d9bd75" testListId="8c84fa94-04c1-424b-9868-57a2d4851a1d" />
    <TestEntry testId="ee79b24f-9e89-909d-5cb1-d41ef45dcfd9" executionId="280aeca1-b1cb-41c1-ae9d-4968546e9571" testListId="8c84fa94-04c1-424b-9868-57a2d4851a1d" />
    <TestEntry testId="881744e7-6022-e700-6b80-eadb3836c4cd" executionId="7532480c-d61c-4e60-8696-0767e740dfc6" testListId="8c84fa94-04c1-424b-9868-57a2d4851a1d" />
    <TestEntry testId="6cf12226-4d60-3448-6119-955749ad1a56" executionId="993978f8-9799-4fb1-94c9-abde8dfd19e3" testListId="8c84fa94-04c1-424b-9868-57a2d4851a1d" />
    <TestEntry testId="46dd7f69-3eb9-c12b-fd9e-271331372eba" executionId="97b17620-4083-4820-bc1c-354e894c8d36" testListId="8c84fa94-04c1-424b-9868-57a2d4851a1d" />
    <TestEntry testId="47bead1c-a537-8842-47a7-b3ba583fe988" executionId="b41d4195-bd0c-468a-b99e-7a1dc36dd545" testListId="8c84fa94-04c1-424b-9868-57a2d4851a1d" />
    <TestEntry testId="c391d9c0-dcf3-3657-c2f3-5bd34c44ec5b" executionId="0ecdc5bf-d7ec-4f30-afaf-c3662f20b2f5" testListId="8c84fa94-04c1-424b-9868-57a2d4851a1d" />
    <TestEntry testId="e6de12d3-0261-772c-f490-e9dbb1bb9e62" executionId="3b794a3c-5a9f-482a-b5ad-2ff7c4c6c627" testListId="8c84fa94-04c1-424b-9868-57a2d4851a1d" />
    <TestEntry testId="a62f73f0-335e-a678-1617-1f76a60aab0f" executionId="caabd28e-f567-40d4-a448-7c8977d1f7c5" testListId="8c84fa94-04c1-424b-9868-57a2d4851a1d" />
    <TestEntry testId="b3f386a5-07aa-a732-a6bd-e0f6659489a9" executionId="de4474dd-5533-4567-93e9-a0ad57ee3986" testListId="8c84fa94-04c1-424b-9868-57a2d4851a1d" />
    <TestEntry testId="f18dd244-4a09-e214-2e8b-a1adb5d41997" executionId="adc3ac4d-b5a1-4bc1-80af-75e1bc1b825e" testListId="8c84fa94-04c1-424b-9868-57a2d4851a1d" />
    <TestEntry testId="8fb02973-b048-8216-b7ce-b352b4c4fa12" executionId="14b80f6b-1862-4deb-84e3-e3ddec865909" testListId="8c84fa94-04c1-424b-9868-57a2d4851a1d" />
    <TestEntry testId="6816708f-fdf2-3222-9491-91819f8c817b" executionId="392b210e-b75b-49a8-8166-72c723c3feea" testListId="8c84fa94-04c1-424b-9868-57a2d4851a1d" />
    <TestEntry testId="72e0aaef-b782-3799-5f94-2f93780a25bc" executionId="964199b4-3be6-46e9-852d-ca24306e565d" testListId="8c84fa94-04c1-424b-9868-57a2d4851a1d" />
    <TestEntry testId="3dff5113-fbc5-85c4-6443-3894194c92b8" executionId="daefebb9-e0b1-4fed-9667-eeb734d8c82e" testListId="8c84fa94-04c1-424b-9868-57a2d4851a1d" />
    <TestEntry testId="9e54b2cc-1227-f4b9-99d1-ff15db1cd685" executionId="ea30aed6-7162-4b22-8a08-d3d92f53760f" testListId="8c84fa94-04c1-424b-9868-57a2d4851a1d" />
    <TestEntry testId="ac8d1b70-d786-34c4-5f08-7e56322f2a79" executionId="3e5485ae-f508-4b26-8e8e-5fbb84a33ae8" testListId="8c84fa94-04c1-424b-9868-57a2d4851a1d" />
    <TestEntry testId="b3f5f35c-92f5-1335-49e4-d72ffb56774b" executionId="ce7ab9d2-3b11-40ed-818b-8523ccc68128" testListId="8c84fa94-04c1-424b-9868-57a2d4851a1d" />
    <TestEntry testId="9e654779-7c3a-a723-682e-e39ebed74684" executionId="7580da3e-9996-437c-bad5-5eaff48d1f38" testListId="8c84fa94-04c1-424b-9868-57a2d4851a1d" />
    <TestEntry testId="1fb4c865-1faa-3cb2-dba2-5caed6ef1c09" executionId="bb350d35-6fff-4e97-8771-b2d36ac40db1" testListId="8c84fa94-04c1-424b-9868-57a2d4851a1d" />
    <TestEntry testId="ba03e836-1476-7d35-ae0b-6b2da7f85509" executionId="6c27f0c6-7de1-4c0f-8127-4f8a3c34bb4d" testListId="8c84fa94-04c1-424b-9868-57a2d4851a1d" />
    <TestEntry testId="ea8f64f7-705b-0857-7b53-590a46740227" executionId="9fdcf8dd-957b-4433-925a-9835ee513b8c" testListId="8c84fa94-04c1-424b-9868-57a2d4851a1d" />
    <TestEntry testId="cf8b2ce3-17c9-1838-bf3d-cd93b522ea5f" executionId="50ab4ee9-6aa7-46ba-b102-07602a8b88ec" testListId="8c84fa94-04c1-424b-9868-57a2d4851a1d" />
    <TestEntry testId="cfadad16-7fef-9797-8a05-f69be03fa506" executionId="d6f24089-52b4-479d-b001-91459b416573" testListId="8c84fa94-04c1-424b-9868-57a2d4851a1d" />
    <TestEntry testId="33dd535d-bccc-f095-c4f3-483569c16d21" executionId="b469c00a-4aef-45c2-98bd-7c8859d910f3" testListId="8c84fa94-04c1-424b-9868-57a2d4851a1d" />
    <TestEntry testId="c9af20fb-019d-827e-06ad-7b6611074f36" executionId="2ed8909e-12be-40df-ad34-df923d91e4a6" testListId="8c84fa94-04c1-424b-9868-57a2d4851a1d" />
    <TestEntry testId="0a4e5b36-6578-df3d-cfd2-3d6ee660820a" executionId="9c9a0bda-4822-483a-93bb-d00cd5191981" testListId="8c84fa94-04c1-424b-9868-57a2d4851a1d" />
    <TestEntry testId="dc138ee9-21ff-a5b7-13f9-f62a771c926b" executionId="e46698cc-270b-4a92-9cb0-bdc3ab9f71df" testListId="8c84fa94-04c1-424b-9868-57a2d4851a1d" />
    <TestEntry testId="55807824-53e4-23f9-def8-1210782703cc" executionId="04b43734-47f1-4845-b8a9-85549d50d4df" testListId="8c84fa94-04c1-424b-9868-57a2d4851a1d" />
    <TestEntry testId="52643794-b083-7c0f-47d3-00e62a4cf8ea" executionId="5ce0ebfd-7268-43eb-b23a-75c920c36a64" testListId="8c84fa94-04c1-424b-9868-57a2d4851a1d" />
    <TestEntry testId="4e7ccc39-dfc0-cf1c-eb6a-128de9b59e45" executionId="052956a9-bd6a-4db8-8584-420e3f895b12" testListId="8c84fa94-04c1-424b-9868-57a2d4851a1d" />
    <TestEntry testId="ee53e0e4-b55d-0010-076b-5818fc51a7bf" executionId="496e4766-870e-4563-8dd3-74a01dc058a5" testListId="8c84fa94-04c1-424b-9868-57a2d4851a1d" />
    <TestEntry testId="1827dddb-e32e-3062-ab3d-687741a79313" executionId="9df3c1cc-5611-4110-b271-16b4c3b3f0e4" testListId="8c84fa94-04c1-424b-9868-57a2d4851a1d" />
    <TestEntry testId="903924a4-7ced-4d98-9edf-15f9a7cfa0d7" executionId="ac537d7b-d4b4-4cd1-b4df-4719f7d78374" testListId="8c84fa94-04c1-424b-9868-57a2d4851a1d" />
    <TestEntry testId="6463d51b-77d7-6acd-19d1-958e93231c67" executionId="94a58166-dc82-439b-a095-d2d501fad3ec" testListId="8c84fa94-04c1-424b-9868-57a2d4851a1d" />
    <TestEntry testId="52708fc0-86f2-693c-d699-4f89eda92f77" executionId="291abcf6-60fa-4651-8237-7621b633ead1" testListId="8c84fa94-04c1-424b-9868-57a2d4851a1d" />
    <TestEntry testId="9060f73f-d5fa-875e-8bed-572cba260200" executionId="558c0c0d-fc35-4bb1-94b1-0330ecaf4741" testListId="8c84fa94-04c1-424b-9868-57a2d4851a1d" />
    <TestEntry testId="343adaa4-a6b4-4217-fe91-ea0e91bd35db" executionId="93545bb2-691f-4c8a-8f0b-f37106166222" testListId="8c84fa94-04c1-424b-9868-57a2d4851a1d" />
    <TestEntry testId="0dee4a37-8d38-ef6d-98a5-3e594bce7f88" executionId="03ad8f3d-0612-444a-b401-f20b68cbc39b" testListId="8c84fa94-04c1-424b-9868-57a2d4851a1d" />
    <TestEntry testId="0e000a76-c424-1348-5a62-7f5cf04c0b5a" executionId="d7af5b59-672b-4aed-9af4-276ccb58fb31" testListId="8c84fa94-04c1-424b-9868-57a2d4851a1d" />
    <TestEntry testId="7b469b70-7a6f-7a92-2723-c93cd3a56c6f" executionId="1abe86a3-ff97-46a9-a391-ec5d6b331adf" testListId="8c84fa94-04c1-424b-9868-57a2d4851a1d" />
    <TestEntry testId="5175ef0f-a0f9-284b-e221-701056f8c5c0" executionId="f3a87954-137e-43b8-9f8f-886c504139bd" testListId="8c84fa94-04c1-424b-9868-57a2d4851a1d" />
    <TestEntry testId="3d676a9f-bbcb-bc89-c504-7e67ca06500e" executionId="b3291469-fdec-41d1-b256-4617b8832aaa" testListId="8c84fa94-04c1-424b-9868-57a2d4851a1d" />
    <TestEntry testId="c3f29bf2-4c11-11c6-eb66-4e32acc46d8c" executionId="f5a90471-d37a-48b3-bdf3-45c217252da8" testListId="8c84fa94-04c1-424b-9868-57a2d4851a1d" />
    <TestEntry testId="14084b93-5aba-08b1-aca1-53c6d97f4819" executionId="7e414d2c-e0f8-4fec-b7eb-7208f4f4c172" testListId="8c84fa94-04c1-424b-9868-57a2d4851a1d" />
    <TestEntry testId="a00003bd-aa50-3927-aba0-52fe02475d39" executionId="41623223-1496-4a5e-83db-16f1b8d4137b" testListId="8c84fa94-04c1-424b-9868-57a2d4851a1d" />
    <TestEntry testId="f16a12ad-889f-384d-d0eb-cbbdfad076fe" executionId="2b354aa1-6f1d-401c-bbaf-f229d3bb9738" testListId="8c84fa94-04c1-424b-9868-57a2d4851a1d" />
    <TestEntry testId="3ff67012-33f7-cd39-573d-f3e6ab37a120" executionId="de574bd0-eb3c-4f64-80d2-8089ffe9e9c7" testListId="8c84fa94-04c1-424b-9868-57a2d4851a1d" />
    <TestEntry testId="337537ae-5ca8-61cb-549e-269d84719921" executionId="7bbedb86-ee26-47b5-9cc2-dbe356b25472" testListId="8c84fa94-04c1-424b-9868-57a2d4851a1d" />
    <TestEntry testId="ecf13227-e49d-1db7-a97a-21cf256d2c96" executionId="f062905a-3cb9-40d6-b024-4ffba25f166f" testListId="8c84fa94-04c1-424b-9868-57a2d4851a1d" />
    <TestEntry testId="f484692c-fec3-a0b6-18ec-e828d80b67b7" executionId="7f3d2e09-168f-4518-b13a-e3dcde01b3b5" testListId="8c84fa94-04c1-424b-9868-57a2d4851a1d" />
    <TestEntry testId="45d1826c-1c27-e38c-1199-81f219410589" executionId="15d1c7fb-3312-4dfc-bc5b-1547930ea5b7" testListId="8c84fa94-04c1-424b-9868-57a2d4851a1d" />
    <TestEntry testId="e6354ff1-9ff3-d19c-6313-930a0e558467" executionId="036454a8-b3dc-43ea-9420-2150d3a72a87" testListId="8c84fa94-04c1-424b-9868-57a2d4851a1d" />
    <TestEntry testId="9029e935-145d-d5fd-fae9-96c860349038" executionId="7434dfc9-f5d2-4570-978c-280c2a7957ec" testListId="8c84fa94-04c1-424b-9868-57a2d4851a1d" />
    <TestEntry testId="3457bd27-1f00-b005-3af0-cc532182e652" executionId="73f5b885-8401-4ba5-8c39-bd8a319c750d" testListId="8c84fa94-04c1-424b-9868-57a2d4851a1d" />
    <TestEntry testId="e91df096-2318-b52c-fe1f-08261834359a" executionId="0c6f9588-8e15-4f03-9e7a-10282a95a36b" testListId="8c84fa94-04c1-424b-9868-57a2d4851a1d" />
    <TestEntry testId="2618920c-aa56-2790-77ca-5dcd9d1e0fd1" executionId="8f59241a-c78f-4ba5-85d9-27651867a82e" testListId="8c84fa94-04c1-424b-9868-57a2d4851a1d" />
    <TestEntry testId="31d5d148-0cd6-8d1e-0567-f1c07ae35162" executionId="d4e455af-44c6-4dc5-84a2-7a069edfe5f3" testListId="8c84fa94-04c1-424b-9868-57a2d4851a1d" />
    <TestEntry testId="10f7e539-95db-7d97-e660-3fdca86f07c0" executionId="6558b3c9-3923-4078-b27b-089d3715c4e0" testListId="8c84fa94-04c1-424b-9868-57a2d4851a1d" />
    <TestEntry testId="a721bda0-d060-fd7b-5877-e579358eb55b" executionId="ced35aa0-7177-45b6-aa49-773cc695f2fe" testListId="8c84fa94-04c1-424b-9868-57a2d4851a1d" />
    <TestEntry testId="fe59fd9d-eb33-67df-fe2b-87a233e68931" executionId="11accb6c-ac06-46ba-a277-35580dc73c34" testListId="8c84fa94-04c1-424b-9868-57a2d4851a1d" />
    <TestEntry testId="86c3c546-c6cf-be65-f34c-24ab64b4ab72" executionId="7383015a-5d9d-49df-b683-7766c27e575f" testListId="8c84fa94-04c1-424b-9868-57a2d4851a1d" />
    <TestEntry testId="8b851834-9d1b-52ee-4c1e-eca26c60010d" executionId="f3a7921d-961b-4bd2-b308-31d1680716f5" testListId="8c84fa94-04c1-424b-9868-57a2d4851a1d" />
    <TestEntry testId="65cfed84-d8b7-91f1-c7b3-2b30cf50cfed" executionId="49590fb2-c5bb-4150-82c0-75eed7aefb93" testListId="8c84fa94-04c1-424b-9868-57a2d4851a1d" />
    <TestEntry testId="ae1ed87e-08b0-6456-55b5-f1c7e9a80148" executionId="a0926877-af35-4780-b144-56d43b1e16a9" testListId="8c84fa94-04c1-424b-9868-57a2d4851a1d" />
    <TestEntry testId="526844e8-d693-bdcc-23f1-06de8a485eea" executionId="199ea80f-2944-4345-b97d-ceda3a2672ec" testListId="8c84fa94-04c1-424b-9868-57a2d4851a1d" />
    <TestEntry testId="b13c73e0-3d5f-8cb8-a883-f65f02f74154" executionId="1698307c-1243-4efb-a8ec-f91692d9697c" testListId="8c84fa94-04c1-424b-9868-57a2d4851a1d" />
    <TestEntry testId="3f8e6f27-c942-75f1-d43c-4f4dbc2ed891" executionId="6f69d795-80c9-43a6-ba66-4d25b12fac6e" testListId="8c84fa94-04c1-424b-9868-57a2d4851a1d" />
    <TestEntry testId="227dc5e8-fd61-64c5-c58b-a4363d10733d" executionId="b918b3c5-8e75-4e57-b73c-1fca02f6701f" testListId="8c84fa94-04c1-424b-9868-57a2d4851a1d" />
    <TestEntry testId="d9a71493-8a98-1ce2-4921-b216ae947c71" executionId="2ddeceaf-7634-47f8-9c04-9f8c20579947" testListId="8c84fa94-04c1-424b-9868-57a2d4851a1d" />
    <TestEntry testId="bc1d45b3-de40-0d4a-bd1b-d3b6d235d5d4" executionId="2cc2873c-2811-45eb-a69b-c16718369bc4" testListId="8c84fa94-04c1-424b-9868-57a2d4851a1d" />
    <TestEntry testId="814ca95b-3749-a755-e5cd-7c6f8bffd2b6" executionId="1f5d2681-83da-46cc-af2f-1300d8799654" testListId="8c84fa94-04c1-424b-9868-57a2d4851a1d" />
    <TestEntry testId="6bf98392-1073-05ae-8e9e-5a0aa6674b1b" executionId="d6423b78-043b-4f02-a6cd-29b4e7e404d1" testListId="8c84fa94-04c1-424b-9868-57a2d4851a1d" />
    <TestEntry testId="d47eb9ec-3b5d-0e31-8fe7-d1a0340bf1c0" executionId="73350d90-dab5-4722-a3c4-1d74356db649" testListId="8c84fa94-04c1-424b-9868-57a2d4851a1d" />
    <TestEntry testId="374542b4-887c-5193-c1b0-f2e6d543faf3" executionId="60c87785-fab5-460e-9804-474b677d1509" testListId="8c84fa94-04c1-424b-9868-57a2d4851a1d" />
    <TestEntry testId="03176de6-d0a5-5d83-9bd0-bdcb94c2ab49" executionId="9f67080d-093b-4610-ab9b-52f21b821d9a" testListId="8c84fa94-04c1-424b-9868-57a2d4851a1d" />
    <TestEntry testId="d7701d8e-231a-34c8-92a1-08bab8594154" executionId="0a27558a-ad08-4b6b-bc0e-90d52e339dd3" testListId="8c84fa94-04c1-424b-9868-57a2d4851a1d" />
    <TestEntry testId="45f53e24-e644-c161-a854-8f98e8cdbf61" executionId="9e3fc988-5e67-4d91-bfd0-1f45bbc481e4" testListId="8c84fa94-04c1-424b-9868-57a2d4851a1d" />
    <TestEntry testId="88e52a12-1a52-4078-5db4-c86ba1c3b447" executionId="8d4f3dcd-aa02-4d40-a962-50a3bee59b7c" testListId="8c84fa94-04c1-424b-9868-57a2d4851a1d" />
    <TestEntry testId="c179356e-fb95-bde9-7e42-099773116f5f" executionId="1aae0702-eaca-4421-81bb-a1c0b17945f3" testListId="8c84fa94-04c1-424b-9868-57a2d4851a1d" />
    <TestEntry testId="d267b36b-f7e7-25e9-6fde-c14a7c8d614c" executionId="119f5d67-51a5-462f-a607-c19e69b6378c" testListId="8c84fa94-04c1-424b-9868-57a2d4851a1d" />
    <TestEntry testId="574bf290-6995-ff93-7ee5-b70a6ace7d84" executionId="7c748d81-574d-4e1a-bf88-db52c712f55b" testListId="8c84fa94-04c1-424b-9868-57a2d4851a1d" />
    <TestEntry testId="b5ee2c9c-1f7c-6f06-e4ae-c68c87fb3f67" executionId="6bf3a00f-d79f-464f-885b-b2c10f21646c" testListId="8c84fa94-04c1-424b-9868-57a2d4851a1d" />
    <TestEntry testId="e0503f8a-eae1-c2d9-bbae-ed3d40256258" executionId="e45893cf-b5cb-4997-8deb-f4153b21bfaa" testListId="8c84fa94-04c1-424b-9868-57a2d4851a1d" />
    <TestEntry testId="d84399e7-2094-11f2-58a1-ad3cf8b39c94" executionId="ad94deb1-67ab-48c2-9f19-e155e01a6f19" testListId="8c84fa94-04c1-424b-9868-57a2d4851a1d" />
    <TestEntry testId="73bd23e6-7d5d-17da-f712-c442eb016e35" executionId="a1478383-d906-4ebe-bcb8-5209636f9544" testListId="8c84fa94-04c1-424b-9868-57a2d4851a1d" />
    <TestEntry testId="f472fa58-6e18-42be-4063-867fef6b02e5" executionId="85ff28a9-0e62-46bf-aec3-c3438c83c758" testListId="8c84fa94-04c1-424b-9868-57a2d4851a1d" />
    <TestEntry testId="63448ae4-3822-6161-d46b-a6dd1dfe44fd" executionId="b2280f8b-a230-4d4f-ab25-c03ac7d12410" testListId="8c84fa94-04c1-424b-9868-57a2d4851a1d" />
    <TestEntry testId="910648d0-f58e-b40c-710a-20818471b114" executionId="e5625208-ac88-47d7-97a3-ebdd9992fd31" testListId="8c84fa94-04c1-424b-9868-57a2d4851a1d" />
    <TestEntry testId="7ce02435-55dc-be77-8a7d-085f35894996" executionId="c30aa86e-c526-4c4c-8dd8-566bed71ea6c" testListId="8c84fa94-04c1-424b-9868-57a2d4851a1d" />
    <TestEntry testId="d0c51da7-1dd7-d068-f152-d898ea188859" executionId="ab15e7a4-a1b2-4c35-b29f-39eb10f97d5d" testListId="8c84fa94-04c1-424b-9868-57a2d4851a1d" />
    <TestEntry testId="8005e8bb-64fd-8f7e-b8b0-c5f3354ecb07" executionId="8b488cda-8793-4438-aad6-3d4a2e6a665a" testListId="8c84fa94-04c1-424b-9868-57a2d4851a1d" />
    <TestEntry testId="e27c79a9-96f0-c6eb-4cec-029a6b6b7927" executionId="4e959d3b-318c-4bfe-8f0c-c2f2151d56c7" testListId="8c84fa94-04c1-424b-9868-57a2d4851a1d" />
    <TestEntry testId="2f70380e-1d07-1023-936c-dd584dd81a70" executionId="81948de0-cbde-485e-b8c5-02fb4ad07e30" testListId="8c84fa94-04c1-424b-9868-57a2d4851a1d" />
    <TestEntry testId="a233d66c-f313-1e74-e181-b2dafdf7eda1" executionId="8638959c-95a6-4d2c-8c1b-ecc0905c4efd" testListId="8c84fa94-04c1-424b-9868-57a2d4851a1d" />
    <TestEntry testId="e998f77e-77b2-7e10-d8db-3813eb8031aa" executionId="8a7f028e-bd4c-4390-a100-e594c9f9af6c" testListId="8c84fa94-04c1-424b-9868-57a2d4851a1d" />
    <TestEntry testId="4efc28b2-fe1f-f63d-e78f-1c7f34702762" executionId="c9b92c9a-5e1d-4782-a40a-06b580bb019c" testListId="8c84fa94-04c1-424b-9868-57a2d4851a1d" />
    <TestEntry testId="eb8cc7fe-9fe8-0f19-c373-e4f56eaad478" executionId="e2252e5f-da91-45ca-b98e-64846589ab36" testListId="8c84fa94-04c1-424b-9868-57a2d4851a1d" />
    <TestEntry testId="f666c42d-aace-c940-638f-8ab4e58f4377" executionId="78bedfaa-ee1c-4928-b10c-adaafb610567" testListId="8c84fa94-04c1-424b-9868-57a2d4851a1d" />
    <TestEntry testId="4f0f0f05-4e54-c98a-97cd-1164c4d7679e" executionId="bc0bb12a-bd24-43ee-83c2-194dcee39c5f" testListId="8c84fa94-04c1-424b-9868-57a2d4851a1d" />
    <TestEntry testId="abb67912-1d6f-1304-0ce6-d0a01fbfb2dc" executionId="864701eb-c349-45d1-a960-f7d43a223bad" testListId="8c84fa94-04c1-424b-9868-57a2d4851a1d" />
    <TestEntry testId="e6a27a32-2825-5e2a-a774-c78b32a20322" executionId="1b8bda68-1f01-4487-b46b-ab0875eab7ed" testListId="8c84fa94-04c1-424b-9868-57a2d4851a1d" />
    <TestEntry testId="d8b08358-1787-7f72-e88b-c6b80ebec05d" executionId="6f88fd89-9854-429e-98e0-9035751468b9" testListId="8c84fa94-04c1-424b-9868-57a2d4851a1d" />
    <TestEntry testId="7e66b483-7a2b-eb7e-b3f4-08fdb2d87edb" executionId="6751838a-6512-4e37-bd26-60cb56e07ec3" testListId="8c84fa94-04c1-424b-9868-57a2d4851a1d" />
    <TestEntry testId="e998f77e-77b2-7e10-d8db-3813eb8031aa" executionId="2c850417-a9b8-4774-8b2e-7c6154a42276" testListId="8c84fa94-04c1-424b-9868-57a2d4851a1d" />
    <TestEntry testId="f64b2eb0-431a-6fbc-c692-f413cacfb737" executionId="4d4a75c3-41e9-4c82-a12b-5581b973ff20" testListId="8c84fa94-04c1-424b-9868-57a2d4851a1d" />
    <TestEntry testId="a0e10027-a764-ad05-f981-a17a6b93cae5" executionId="dc996ee1-8506-4bbd-8fe7-65cd16707f42" testListId="8c84fa94-04c1-424b-9868-57a2d4851a1d" />
    <TestEntry testId="d7ec089c-29ea-169c-5410-9af8ec475d2d" executionId="9104eae6-9c52-476e-90c9-48a9a03068d9" testListId="8c84fa94-04c1-424b-9868-57a2d4851a1d" />
    <TestEntry testId="b0e999aa-6f2d-cdfd-39f2-77fd8d2611be" executionId="78ca784e-230c-495a-8f9d-9fbcfda22e8f" testListId="8c84fa94-04c1-424b-9868-57a2d4851a1d" />
    <TestEntry testId="c26bcfcf-d6cf-eb3f-8de4-51157c9540bf" executionId="d495f8ef-7901-49ff-b9d1-da9d0dafbf7d" testListId="8c84fa94-04c1-424b-9868-57a2d4851a1d" />
    <TestEntry testId="d075e987-3000-b723-e176-5d1d494fc6f2" executionId="8c791f7b-047c-4043-a26f-09c82a18e93d" testListId="8c84fa94-04c1-424b-9868-57a2d4851a1d" />
    <TestEntry testId="0fc9e9bc-717c-57dc-ce36-115b2e3717aa" executionId="6cca26ab-3133-4ae2-8203-6b069e7fb1e3" testListId="8c84fa94-04c1-424b-9868-57a2d4851a1d" />
    <TestEntry testId="cd84e885-1918-e01a-687a-a984ec9c18f5" executionId="23b350c4-9ee7-405b-9bd9-085cfd35af6c" testListId="8c84fa94-04c1-424b-9868-57a2d4851a1d" />
    <TestEntry testId="3faa4dab-caeb-2298-7011-c6556cbbddc1" executionId="e666f627-7ae8-462f-b325-4d79959aaf4e" testListId="8c84fa94-04c1-424b-9868-57a2d4851a1d" />
    <TestEntry testId="fdf9438a-27a4-c417-e139-bbc64b5e5709" executionId="e9fe72b9-7b87-45b2-926c-215c481541e2" testListId="8c84fa94-04c1-424b-9868-57a2d4851a1d" />
    <TestEntry testId="da581dbd-fdf9-2018-b5c2-8286b59a8ac1" executionId="97b041ba-aafe-4e34-9a88-7ef73cb699a3" testListId="8c84fa94-04c1-424b-9868-57a2d4851a1d" />
    <TestEntry testId="d2403e41-fe85-53e9-35b9-5ba516826082" executionId="959dbd7e-b779-481a-a10a-36fd27d8d036" testListId="8c84fa94-04c1-424b-9868-57a2d4851a1d" />
    <TestEntry testId="cbd28a6e-603b-cdc1-8dd3-9bb5df99a9b4" executionId="3d73488b-0c26-4c3b-bc85-53f891da8915" testListId="8c84fa94-04c1-424b-9868-57a2d4851a1d" />
    <TestEntry testId="64bb4b70-7e25-7afc-6d81-0c3474ed7a2b" executionId="044352bc-4ddd-4be7-89e4-3abc270acfd4" testListId="8c84fa94-04c1-424b-9868-57a2d4851a1d" />
    <TestEntry testId="b7bca108-da6d-1f8c-7ea5-81ba3e07496a" executionId="924233cb-a700-4efb-a70d-e7f45aed494a" testListId="8c84fa94-04c1-424b-9868-57a2d4851a1d" />
    <TestEntry testId="568e27a2-2d92-2560-0d4d-7360cf22e5e8" executionId="3f008f89-0ef8-4e8b-acf2-9dcf6e7c9ffd" testListId="8c84fa94-04c1-424b-9868-57a2d4851a1d" />
    <TestEntry testId="299b8bc8-9ed0-5ee6-8aa2-46e5da15a4a2" executionId="f660e427-a4e2-4151-9a7f-e84fd3687a80" testListId="8c84fa94-04c1-424b-9868-57a2d4851a1d" />
    <TestEntry testId="76aaeca3-fba5-a4e3-743c-70ebeb58a048" executionId="4eee92c0-11d3-4fb7-b2b0-10a4957b237a" testListId="8c84fa94-04c1-424b-9868-57a2d4851a1d" />
    <TestEntry testId="52501ffb-ac7e-ad78-d1e0-6621a5b53480" executionId="83b971be-22d5-4255-81df-b9d18965779b" testListId="8c84fa94-04c1-424b-9868-57a2d4851a1d" />
    <TestEntry testId="a4234a76-75fb-b47f-57a5-6def17414cfd" executionId="14ab0d6d-12f3-42af-8677-4ca1e07258db" testListId="8c84fa94-04c1-424b-9868-57a2d4851a1d" />
    <TestEntry testId="895eb9fc-2343-3650-d2d8-97e69df3493b" executionId="4b87d294-6d14-437d-8062-f62b6806cb9b" testListId="8c84fa94-04c1-424b-9868-57a2d4851a1d" />
    <TestEntry testId="ca24c09d-a214-cd57-9506-eb63722a25cc" executionId="c765bca1-a186-4915-9619-a17d377e5650" testListId="8c84fa94-04c1-424b-9868-57a2d4851a1d" />
    <TestEntry testId="6f750899-6999-d05b-77b7-f266affebcca" executionId="072738c9-8f74-46f0-a7ca-779b3665c8d7" testListId="8c84fa94-04c1-424b-9868-57a2d4851a1d" />
    <TestEntry testId="de8654eb-af61-aa53-49f9-84c165fb21f5" executionId="e9690273-bb84-495c-8438-847610400dbe" testListId="8c84fa94-04c1-424b-9868-57a2d4851a1d" />
    <TestEntry testId="62bfa639-11d3-81b7-beea-8fc58ddae302" executionId="0733a6c2-84bb-46bc-beac-5e077d5d4d1a" testListId="8c84fa94-04c1-424b-9868-57a2d4851a1d" />
    <TestEntry testId="e0ddb94a-4c42-ee26-7803-7c8bb915b98c" executionId="ac7c5ccf-3671-466d-a7c2-c5f66400d3ef" testListId="8c84fa94-04c1-424b-9868-57a2d4851a1d" />
    <TestEntry testId="06afff30-aa98-f03f-ebfe-83961e8caf5d" executionId="05dbdada-1418-4bf4-a90c-4e48b5d883ae" testListId="8c84fa94-04c1-424b-9868-57a2d4851a1d" />
    <TestEntry testId="7cca3648-ef13-49f1-5ab9-9d7801242c93" executionId="43dba3c9-5ce7-41ff-9f81-353bfb02f6aa" testListId="8c84fa94-04c1-424b-9868-57a2d4851a1d" />
    <TestEntry testId="7df9b500-6856-6e35-de99-08c43bb682f1" executionId="4a765624-34ca-4a54-bcda-89d05d4cfe22" testListId="8c84fa94-04c1-424b-9868-57a2d4851a1d" />
    <TestEntry testId="6b9d0101-5179-e1bc-9826-482bb244b50e" executionId="8dc472d1-2fb3-47c1-a888-b87ba1768dd2" testListId="8c84fa94-04c1-424b-9868-57a2d4851a1d" />
    <TestEntry testId="c1d7928e-75c0-4c88-3fea-e132fd775b5e" executionId="2cec767b-a7f9-465a-a350-1e06e5cc6a06" testListId="8c84fa94-04c1-424b-9868-57a2d4851a1d" />
    <TestEntry testId="d3e820a3-4350-83fc-1d0e-9c98ed12693d" executionId="c90e849b-54a7-43fd-b8d5-560477d52527" testListId="8c84fa94-04c1-424b-9868-57a2d4851a1d" />
    <TestEntry testId="17c23f4a-d1aa-c7f2-4b0c-28e098799329" executionId="009db9e3-953f-494a-b855-c2141054a65d" testListId="8c84fa94-04c1-424b-9868-57a2d4851a1d" />
    <TestEntry testId="77d0e63a-0772-b03a-0b99-eeaeb962de64" executionId="bd35c5df-7cbf-4c8a-a4d6-3a8aed594667" testListId="8c84fa94-04c1-424b-9868-57a2d4851a1d" />
    <TestEntry testId="1dfcecbd-375a-81ed-2ce9-6d3e61013acd" executionId="7895f0d7-2feb-4fcc-a8b6-9197a43fb5a3" testListId="8c84fa94-04c1-424b-9868-57a2d4851a1d" />
    <TestEntry testId="0352ab5e-ef5f-b291-c33f-bb3ed2d6f909" executionId="26e2d704-0a12-4c83-9799-cfd18a92d220" testListId="8c84fa94-04c1-424b-9868-57a2d4851a1d" />
    <TestEntry testId="4857c902-d3db-1acf-7754-f8c2fceb17a8" executionId="30d2067e-99dc-4986-9e0f-7247e07ce02d" testListId="8c84fa94-04c1-424b-9868-57a2d4851a1d" />
    <TestEntry testId="4b94700f-6e5c-855d-b131-f805331c5a39" executionId="446c618c-34e9-4762-b90e-7734ea4bbbbf" testListId="8c84fa94-04c1-424b-9868-57a2d4851a1d" />
    <TestEntry testId="2e79e419-e74e-f445-7799-1adbaa35d399" executionId="eab21700-3ca5-4b0b-94cd-91a4e4997993" testListId="8c84fa94-04c1-424b-9868-57a2d4851a1d" />
    <TestEntry testId="fb9b6cec-ea3c-18e4-a458-d89d0dfaac9b" executionId="5099c1a9-de94-441e-93e2-f50a0f9d2905" testListId="8c84fa94-04c1-424b-9868-57a2d4851a1d" />
    <TestEntry testId="72855fe1-8be2-532b-4d86-61e95119c906" executionId="66f82755-9f3f-4626-a6b0-8eeb2471d288" testListId="8c84fa94-04c1-424b-9868-57a2d4851a1d" />
    <TestEntry testId="eabf48e5-196a-32f6-d385-edcb8e627a16" executionId="457a5abc-a2f2-42a2-b1e1-e5d4fc30c277" testListId="8c84fa94-04c1-424b-9868-57a2d4851a1d" />
    <TestEntry testId="6abab9f6-2ccc-d047-2fba-1c19ca4d1351" executionId="485e0475-c133-4513-9d78-db8b842ebb29" testListId="8c84fa94-04c1-424b-9868-57a2d4851a1d" />
    <TestEntry testId="bca73f19-3fcc-16d4-a031-f2f6afaf40ee" executionId="4b7f1a1c-c71c-4a0e-a917-8669c90f91fa" testListId="8c84fa94-04c1-424b-9868-57a2d4851a1d" />
    <TestEntry testId="08e5fbd3-af06-8bc6-9a21-3f68283f610d" executionId="9aada79f-7baf-4fe8-8e8e-2e14f156b4b9" testListId="8c84fa94-04c1-424b-9868-57a2d4851a1d" />
    <TestEntry testId="b87a1c99-d996-5e0b-a096-13dd2701c2c1" executionId="97bfdf9e-de81-4f14-b643-058ab2d0935c" testListId="8c84fa94-04c1-424b-9868-57a2d4851a1d" />
    <TestEntry testId="d6a182f6-1abb-4c06-28b1-3486154a7ed6" executionId="ffa141cb-2530-4458-bb20-4b72d5163ba3" testListId="8c84fa94-04c1-424b-9868-57a2d4851a1d" />
    <TestEntry testId="026dfb6f-c080-58ce-2d5a-796a4588997d" executionId="e528537c-e714-4588-9d26-16bed1fb9071" testListId="8c84fa94-04c1-424b-9868-57a2d4851a1d" />
    <TestEntry testId="29c77f9c-4048-1470-9159-cedbe420b5fd" executionId="74b2738b-322c-4f10-bfb2-fe3c88ace658" testListId="8c84fa94-04c1-424b-9868-57a2d4851a1d" />
    <TestEntry testId="449f9dee-f5b4-3847-0b97-06960a8176b4" executionId="4c2212e5-80b6-4a57-b17d-04e0747e4963" testListId="8c84fa94-04c1-424b-9868-57a2d4851a1d" />
    <TestEntry testId="3a37d654-c030-a07d-9c40-73fc97223ffe" executionId="bc433e2b-260f-49ce-a912-43df1596ec7e" testListId="8c84fa94-04c1-424b-9868-57a2d4851a1d" />
    <TestEntry testId="7800ded3-3f95-f40a-3aae-7b7a07c1c0ae" executionId="34ee8291-cb56-455d-982b-5423196027ed" testListId="8c84fa94-04c1-424b-9868-57a2d4851a1d" />
    <TestEntry testId="663795a0-d44e-108c-adbb-753bfdf4d621" executionId="43c75075-2256-4611-82a2-2461d9ca4542" testListId="8c84fa94-04c1-424b-9868-57a2d4851a1d" />
    <TestEntry testId="8901884e-5a64-e2c2-ebd4-9f1033556330" executionId="a3446030-418a-4630-b03e-eab65630f200" testListId="8c84fa94-04c1-424b-9868-57a2d4851a1d" />
    <TestEntry testId="c3727fbd-7b27-2b58-8aac-80b9993febce" executionId="d885d72f-99bd-4dd5-bda0-4c2e735304ef" testListId="8c84fa94-04c1-424b-9868-57a2d4851a1d" />
    <TestEntry testId="fe22a4f5-f49f-f59f-57fa-2e035d1a94ac" executionId="be27ce42-d376-463d-8265-983142ecbf5d" testListId="8c84fa94-04c1-424b-9868-57a2d4851a1d" />
    <TestEntry testId="9a38b1c7-2744-f7db-489b-6f81a442d11b" executionId="dd58ebf4-a4d3-4381-9e32-03bb260c66e2" testListId="8c84fa94-04c1-424b-9868-57a2d4851a1d" />
    <TestEntry testId="b89300df-44ea-f5d9-8c31-b46cc2e57c07" executionId="73c46b68-6a92-42ea-8389-33b06f84bdff" testListId="8c84fa94-04c1-424b-9868-57a2d4851a1d" />
    <TestEntry testId="bf38d087-b471-df6a-7d14-7824df80030c" executionId="57710d23-c53e-407b-b565-2092c5d1bc86" testListId="8c84fa94-04c1-424b-9868-57a2d4851a1d" />
    <TestEntry testId="199cdec6-ec51-273d-006c-9fb34f580f59" executionId="23d4de4c-1c41-4b56-821f-e2125a33e76c" testListId="8c84fa94-04c1-424b-9868-57a2d4851a1d" />
    <TestEntry testId="a0bf150c-e557-e095-022b-d649c58ba210" executionId="aa5b9bda-d3d8-4706-bd40-70e49481c03b" testListId="8c84fa94-04c1-424b-9868-57a2d4851a1d" />
    <TestEntry testId="2eb02be1-be5b-c75f-226f-8371b8170b9a" executionId="232cb71f-d4b8-4acb-a5c0-162e7b4569a5" testListId="8c84fa94-04c1-424b-9868-57a2d4851a1d" />
    <TestEntry testId="43ebd83e-9e77-e80a-e383-3f96bfb58151" executionId="cfa2a0f8-c3af-4fe7-ba1c-cb5416774777" testListId="8c84fa94-04c1-424b-9868-57a2d4851a1d" />
    <TestEntry testId="e3eaed0d-86bd-8f89-51b2-10bb869eeb76" executionId="002db4b6-3204-4b72-b68d-051e8ce66efa" testListId="8c84fa94-04c1-424b-9868-57a2d4851a1d" />
    <TestEntry testId="f52b7516-be31-9d30-cb41-04f4b2fe00bf" executionId="be39605b-6dc5-4d2c-baeb-4a9d8846a1d3" testListId="8c84fa94-04c1-424b-9868-57a2d4851a1d" />
    <TestEntry testId="471a9d0c-0431-d46b-1459-094d77836e47" executionId="62e98e92-e146-4653-9c42-698ac113f2e0" testListId="8c84fa94-04c1-424b-9868-57a2d4851a1d" />
    <TestEntry testId="37999a11-7cfa-34e4-a6d5-5a66aba3e122" executionId="1ea6fdc2-de2d-4943-9943-f4767e02fbbd" testListId="8c84fa94-04c1-424b-9868-57a2d4851a1d" />
    <TestEntry testId="c729309e-9f99-768d-510f-3057a1bf771b" executionId="1834164f-3a8e-4f92-b317-a898bc9f00f3" testListId="8c84fa94-04c1-424b-9868-57a2d4851a1d" />
    <TestEntry testId="63e96068-9f53-27fa-ddcd-94b9c2880dd5" executionId="14a2e784-9069-4577-b31a-2f80735dcbf6" testListId="8c84fa94-04c1-424b-9868-57a2d4851a1d" />
    <TestEntry testId="affa63ad-42e7-9452-c5a5-b0d4d8cb39a1" executionId="7d809d6b-c935-46c9-8bf8-f6c92e32e21b" testListId="8c84fa94-04c1-424b-9868-57a2d4851a1d" />
    <TestEntry testId="0d4811ec-9931-fb19-edc0-7bcc796825fb" executionId="97f26d4b-aba2-45d2-ba44-b872612516f0" testListId="8c84fa94-04c1-424b-9868-57a2d4851a1d" />
    <TestEntry testId="a480eb88-b28c-a072-8d06-d39cc9a234d7" executionId="b1a44705-57dd-4d75-a823-a30be293af1c" testListId="8c84fa94-04c1-424b-9868-57a2d4851a1d" />
    <TestEntry testId="6999d28b-b0a1-0e27-60a0-97e9ac879716" executionId="e36c4a4f-cab7-485b-b741-0f749ff039eb" testListId="8c84fa94-04c1-424b-9868-57a2d4851a1d" />
    <TestEntry testId="923f1aa7-880c-4c72-8f5e-a07409280a9b" executionId="a885b48e-bb70-43f9-9271-dbb87f44ccb0" testListId="8c84fa94-04c1-424b-9868-57a2d4851a1d" />
    <TestEntry testId="858fcac7-e389-8062-ee0a-81085946f8a2" executionId="b9b1cef7-d48d-4c3c-97bb-1fa92060b867" testListId="8c84fa94-04c1-424b-9868-57a2d4851a1d" />
    <TestEntry testId="4ab80538-8920-6bd3-f5bf-6a692e875394" executionId="b6d7ac34-30a6-49b8-933a-e312e79a7c66" testListId="8c84fa94-04c1-424b-9868-57a2d4851a1d" />
    <TestEntry testId="f80158fa-d75f-54b9-6b80-4f00a7c4aaf2" executionId="a9ceacc4-df9f-4db8-bfdb-060666ff18a5" testListId="8c84fa94-04c1-424b-9868-57a2d4851a1d" />
    <TestEntry testId="d8d8f61c-66c0-35aa-72e8-108d872447d5" executionId="3fddfae3-38f1-4be8-8a74-59f27422bbb1" testListId="8c84fa94-04c1-424b-9868-57a2d4851a1d" />
    <TestEntry testId="f655cfd1-db07-f37a-bdd0-c0091f35a2db" executionId="08bbbfbf-37c4-4558-a751-f9f9b0781200" testListId="8c84fa94-04c1-424b-9868-57a2d4851a1d" />
    <TestEntry testId="54a7733a-514e-04cf-6d1f-91eeef43fa83" executionId="a1922d5e-ec0f-428b-a9b7-c0f1e0cfe0d0" testListId="8c84fa94-04c1-424b-9868-57a2d4851a1d" />
    <TestEntry testId="d2a4e8f1-b2e6-68f0-1810-a5d540d2f7a3" executionId="aa634e48-a81d-4461-8751-ed120f28c492" testListId="8c84fa94-04c1-424b-9868-57a2d4851a1d" />
    <TestEntry testId="4aa175c2-c268-2aa8-a9f4-2e34c2367c47" executionId="98a6099d-f750-46d6-83c6-0d52ece4594b" testListId="8c84fa94-04c1-424b-9868-57a2d4851a1d" />
    <TestEntry testId="23e6b65b-70a8-06de-4fd2-1098c3da7047" executionId="404398d5-0a6a-48ba-a782-376c3406bcb0" testListId="8c84fa94-04c1-424b-9868-57a2d4851a1d" />
    <TestEntry testId="ddbacd2a-c40a-102c-db67-c9bb149b6b99" executionId="f56cba05-c33e-4d2e-a373-ed80733a9ac6" testListId="8c84fa94-04c1-424b-9868-57a2d4851a1d" />
    <TestEntry testId="1242f06f-0c87-0502-1a6f-b0f180763fd7" executionId="5314b4ea-6095-4901-87ee-6cfdca89a5dd" testListId="8c84fa94-04c1-424b-9868-57a2d4851a1d" />
    <TestEntry testId="d72e9a2a-9534-badd-5a74-22ef698e678e" executionId="234292c0-92e1-4090-bd27-c7969e06390e" testListId="8c84fa94-04c1-424b-9868-57a2d4851a1d" />
    <TestEntry testId="dd886858-691f-731d-ef45-b4933e1e6cbf" executionId="46711b4a-290c-4880-b9e8-131e7e1c8eca" testListId="8c84fa94-04c1-424b-9868-57a2d4851a1d" />
    <TestEntry testId="7b40f6f2-095c-b718-ce38-5d349c806839" executionId="8e0d456e-edc9-4bff-8ceb-39a48b6e81ec" testListId="8c84fa94-04c1-424b-9868-57a2d4851a1d" />
    <TestEntry testId="63135864-bbed-7d2f-1686-fca6f6a9f030" executionId="4bf38745-5100-45ec-bae8-5ee79f45e05b" testListId="8c84fa94-04c1-424b-9868-57a2d4851a1d" />
    <TestEntry testId="deaca624-52c0-c1cd-66a2-a22703cf16ef" executionId="458ec9a5-e8fc-4b92-a6ad-d5e2e60189be" testListId="8c84fa94-04c1-424b-9868-57a2d4851a1d" />
    <TestEntry testId="374a86fe-b697-52f4-06b9-ec8ef8d94c81" executionId="c4b5e29b-4a80-45f7-9f04-ab31f66e191c" testListId="8c84fa94-04c1-424b-9868-57a2d4851a1d" />
    <TestEntry testId="6cd11450-096a-ebc5-8d74-0d1afc1e5b1d" executionId="db7aacd9-f916-4a42-b2f0-8a218b94f621" testListId="8c84fa94-04c1-424b-9868-57a2d4851a1d" />
    <TestEntry testId="a23b4ce6-5a10-4f53-6d78-06dd8b92b431" executionId="4c771c90-ed60-4df7-bf0a-b61a135e931e" testListId="8c84fa94-04c1-424b-9868-57a2d4851a1d" />
    <TestEntry testId="da74414c-6059-a1d1-7697-c9f6a432ab01" executionId="4f656d46-ed20-4692-af59-f9d7638990b5" testListId="8c84fa94-04c1-424b-9868-57a2d4851a1d" />
    <TestEntry testId="a2585aed-0f0c-4b5a-b559-bb2fb6af779c" executionId="53f9e5e1-db58-4c06-8481-efaf43e840ef" testListId="8c84fa94-04c1-424b-9868-57a2d4851a1d" />
    <TestEntry testId="5e16f1a5-ac2f-de21-a1b1-de59b21f35bb" executionId="ce51dcf2-af48-41e9-aa4f-470c75f8a3c7" testListId="8c84fa94-04c1-424b-9868-57a2d4851a1d" />
    <TestEntry testId="f47f6c44-9fa8-d010-756e-7b3d112428c4" executionId="0f264e0f-273c-4607-8a84-5e1e06da9b9c" testListId="8c84fa94-04c1-424b-9868-57a2d4851a1d" />
    <TestEntry testId="19c9cf52-9433-0ae2-27f1-e1c0ebb67acf" executionId="baf8549d-5c5e-471c-bece-badf13a88c5c" testListId="8c84fa94-04c1-424b-9868-57a2d4851a1d" />
    <TestEntry testId="e310b5f1-c455-40bf-82e5-d008ba1db855" executionId="f28e1596-9a76-46c4-bac9-f2362701b77a" testListId="8c84fa94-04c1-424b-9868-57a2d4851a1d" />
    <TestEntry testId="533b05cc-a804-1759-db1f-d456efa129c0" executionId="5050018a-5f83-4c80-bdec-72143a7a3360" testListId="8c84fa94-04c1-424b-9868-57a2d4851a1d" />
    <TestEntry testId="edbdb0fc-44d8-43ee-8589-e03588652149" executionId="f30904b0-a108-4ac0-86f6-553e107c991c" testListId="8c84fa94-04c1-424b-9868-57a2d4851a1d" />
    <TestEntry testId="b95925c6-4417-d47a-19a9-e46062ab44bc" executionId="0e9287de-176d-445b-983c-06e514e5e3d3" testListId="8c84fa94-04c1-424b-9868-57a2d4851a1d" />
    <TestEntry testId="ff4c1a2e-8962-452c-b4bc-b163c724e109" executionId="fecaddf6-39a9-4602-a8a1-7c1fd7732976" testListId="8c84fa94-04c1-424b-9868-57a2d4851a1d" />
    <TestEntry testId="db2886ea-13dd-b03a-a528-49fda3ee9983" executionId="b8d2a48d-6318-4a61-9c6c-b93a47c2a9f4" testListId="8c84fa94-04c1-424b-9868-57a2d4851a1d" />
    <TestEntry testId="896580b1-84f1-933f-fef3-e601288590b2" executionId="f8f9aedc-22b9-4189-ae1d-7d8a37806796" testListId="8c84fa94-04c1-424b-9868-57a2d4851a1d" />
    <TestEntry testId="72ff64d9-b16e-e940-9856-804e7e3a62f9" executionId="d25d02a7-67cd-4001-8e94-1c686f8518f2" testListId="8c84fa94-04c1-424b-9868-57a2d4851a1d" />
    <TestEntry testId="2a44ed0f-e637-248d-7f45-7c53931a1bbe" executionId="0780db03-a46b-433f-bbf5-8a0aaeb2d212" testListId="8c84fa94-04c1-424b-9868-57a2d4851a1d" />
    <TestEntry testId="d6051bbc-d4c3-a2f2-5d50-05eb2d368bda" executionId="a6513c76-fcf4-4947-9fcd-494a05f9596d" testListId="8c84fa94-04c1-424b-9868-57a2d4851a1d" />
    <TestEntry testId="6260aeda-57ba-cb91-4a82-f4cbd7c152d7" executionId="d325569e-c408-4199-a64c-acca941ff3eb" testListId="8c84fa94-04c1-424b-9868-57a2d4851a1d" />
    <TestEntry testId="5b1daa6e-5313-bb62-6c77-c9a482eb7914" executionId="4484a346-2822-429d-9c71-a920af4947b9" testListId="8c84fa94-04c1-424b-9868-57a2d4851a1d" />
    <TestEntry testId="7f983a5e-5f3c-ed76-0115-273409a0ed19" executionId="df0db116-b85b-414c-8ea8-66c7a3e38d82" testListId="8c84fa94-04c1-424b-9868-57a2d4851a1d" />
    <TestEntry testId="1f86583b-e772-053b-5dde-1a3c6a164dcd" executionId="5ac2e2b5-086b-4b9f-84e0-54a096928237" testListId="8c84fa94-04c1-424b-9868-57a2d4851a1d" />
    <TestEntry testId="ab87a2ac-ff1e-bd5f-59b1-9c79c2ca68fe" executionId="b7180127-d9e8-4736-b7cb-b9ec54868470" testListId="8c84fa94-04c1-424b-9868-57a2d4851a1d" />
    <TestEntry testId="fc5fd650-f337-b166-89da-483c36c8a94d" executionId="c198c3ab-ca27-4e63-bb65-6a82bd7ec5de" testListId="8c84fa94-04c1-424b-9868-57a2d4851a1d" />
    <TestEntry testId="885a9095-1f49-3411-918f-5cf4108e4b7b" executionId="67ad44aa-f120-46dc-9e87-d455be27ef54" testListId="8c84fa94-04c1-424b-9868-57a2d4851a1d" />
    <TestEntry testId="2a89a08d-dc4f-9b66-c54a-43d74ab324c2" executionId="87d915ad-a21d-4f73-8422-ee9daee10c36" testListId="8c84fa94-04c1-424b-9868-57a2d4851a1d" />
    <TestEntry testId="929085e5-a3c9-9121-b306-acebdc919f57" executionId="4600f795-df59-49be-991a-da41bf2716a2" testListId="8c84fa94-04c1-424b-9868-57a2d4851a1d" />
    <TestEntry testId="e1f594ff-5c37-d66b-07f6-82e1c4cb1481" executionId="c2052e95-8eb6-4d77-aecb-b87fa288e1b0" testListId="8c84fa94-04c1-424b-9868-57a2d4851a1d" />
    <TestEntry testId="95263003-a60e-ad32-6d79-b2420a12e34b" executionId="9c3e185c-b952-4e82-8fd0-343a62b87142" testListId="8c84fa94-04c1-424b-9868-57a2d4851a1d" />
    <TestEntry testId="c16f8099-6dbb-2cba-9e36-c36b7b8492a9" executionId="9104b3b0-7964-4c83-b8d8-85c8780f14ed" testListId="8c84fa94-04c1-424b-9868-57a2d4851a1d" />
    <TestEntry testId="343a30d3-1c98-4af1-2d1b-916bd3f172bd" executionId="5f10699e-7d9e-4188-be4a-bdde10d75e95" testListId="8c84fa94-04c1-424b-9868-57a2d4851a1d" />
    <TestEntry testId="0a4e5b36-6578-df3d-cfd2-3d6ee660820a" executionId="f25cb088-1fe1-47d5-a387-3cbdf345c34c" testListId="8c84fa94-04c1-424b-9868-57a2d4851a1d" />
    <TestEntry testId="22a59367-a811-ccdf-0b6a-1dbe692127f9" executionId="6bd77da7-5460-445b-a659-a54db3468aec" testListId="8c84fa94-04c1-424b-9868-57a2d4851a1d" />
    <TestEntry testId="42206c17-853c-7b3a-7834-e4be8b79460f" executionId="8c9fcdad-cb9f-44e4-ad14-82d6f68582c7" testListId="8c84fa94-04c1-424b-9868-57a2d4851a1d" />
    <TestEntry testId="c3441c18-6d91-a3fc-0eb6-245d76a8e060" executionId="33caada3-fc21-4fcd-99ec-155742b71716" testListId="8c84fa94-04c1-424b-9868-57a2d4851a1d" />
    <TestEntry testId="9029e935-145d-d5fd-fae9-96c860349038" executionId="5b03a92f-5891-41ac-aa8b-ce837bf4c5a5" testListId="8c84fa94-04c1-424b-9868-57a2d4851a1d" />
    <TestEntry testId="f524f1c4-1318-ce7b-3939-10f70b1c9bd9" executionId="21d3e106-0f41-455b-9d73-e183b86d97b9" testListId="8c84fa94-04c1-424b-9868-57a2d4851a1d" />
    <TestEntry testId="34c107db-e9ce-df15-620e-0ed84eb2d0d6" executionId="da96dbd0-55b9-4bf8-b099-4bcb3273b1de" testListId="8c84fa94-04c1-424b-9868-57a2d4851a1d" />
    <TestEntry testId="731f7e19-89ff-c108-ad63-9eb46b5c0a59" executionId="a06ec668-5797-40af-9a8d-e36d9bf44584" testListId="8c84fa94-04c1-424b-9868-57a2d4851a1d" />
    <TestEntry testId="a03d49df-0221-3c4c-4d83-361bfb025c76" executionId="eff6ef04-4ed5-4165-82b6-9068717ce488" testListId="8c84fa94-04c1-424b-9868-57a2d4851a1d" />
    <TestEntry testId="1a4e885e-6ffc-c617-8987-ed7778452758" executionId="e29e7178-d2d3-4667-903a-7b20eddd289d" testListId="8c84fa94-04c1-424b-9868-57a2d4851a1d" />
    <TestEntry testId="bd4280d2-c5d6-9ce8-8082-e33833fcfdb0" executionId="c42e2a76-28e8-47e4-9cc5-23aadb2b6f82" testListId="8c84fa94-04c1-424b-9868-57a2d4851a1d" />
    <TestEntry testId="073071ee-a9ec-09b5-e762-5a4e8dd50939" executionId="2ad1d4ce-690c-486b-aefa-d0d17d71145b" testListId="8c84fa94-04c1-424b-9868-57a2d4851a1d" />
    <TestEntry testId="1bd47a22-fa5c-5334-c7fb-8e1b4053f662" executionId="d33ec0ed-2a97-4e9d-a6de-75d812dca028" testListId="8c84fa94-04c1-424b-9868-57a2d4851a1d" />
    <TestEntry testId="95462bd9-0187-1112-acdc-9a03ca385aa9" executionId="8a77aa91-634a-4cf0-b47d-ab09eb3a0b84" testListId="8c84fa94-04c1-424b-9868-57a2d4851a1d" />
    <TestEntry testId="7e5f1658-9579-80ac-0889-217afa2e8ebf" executionId="1c029c7b-5d13-4ae6-8127-9ddc900e9c30" testListId="8c84fa94-04c1-424b-9868-57a2d4851a1d" />
    <TestEntry testId="4f555e67-dae7-b67f-1beb-febf2b9b4968" executionId="b87f73fc-5eeb-43ec-9c6b-1ea9d9be6ca2" testListId="8c84fa94-04c1-424b-9868-57a2d4851a1d" />
    <TestEntry testId="2288a65b-0f46-66d4-26bb-35d3e0b13ae8" executionId="51dbf721-25cd-4449-b0e4-debe125316f7" testListId="8c84fa94-04c1-424b-9868-57a2d4851a1d" />
    <TestEntry testId="ecf00477-94a3-5251-4140-6240ac1b0b60" executionId="ca36cd62-347f-440d-8ea6-1999abe586f9" testListId="8c84fa94-04c1-424b-9868-57a2d4851a1d" />
    <TestEntry testId="134dc4da-478b-60fb-2dfc-b3d26508bd1a" executionId="b6316672-704a-4d5e-ad1d-0194959a59f0" testListId="8c84fa94-04c1-424b-9868-57a2d4851a1d" />
    <TestEntry testId="174bdb8c-ca63-6d38-8008-0e1813915a8c" executionId="45fa3c82-9b61-4f22-9da1-ab5e8c11a19a" testListId="8c84fa94-04c1-424b-9868-57a2d4851a1d" />
    <TestEntry testId="d2ac6e2c-d244-6600-ac41-33c9ad0aa47c" executionId="3470630d-c5e7-442e-b3d6-27648d6ac4fb" testListId="8c84fa94-04c1-424b-9868-57a2d4851a1d" />
    <TestEntry testId="1e268e1f-9f4f-f655-e5bb-e50feefd0bab" executionId="ab034455-9cea-497b-8b0f-2e5c2b0039b1" testListId="8c84fa94-04c1-424b-9868-57a2d4851a1d" />
    <TestEntry testId="7ceab3e2-a3b0-9c8f-80fc-83722cb5c583" executionId="95dd63fe-699f-48d6-8e0a-d25f482149a1" testListId="8c84fa94-04c1-424b-9868-57a2d4851a1d" />
    <TestEntry testId="5234d1ee-ef9d-50d7-130b-4f673d2d6420" executionId="d4bb6599-f908-476d-bab5-314a756d8d50" testListId="8c84fa94-04c1-424b-9868-57a2d4851a1d" />
    <TestEntry testId="b532dcb5-d46e-e627-c8a2-132588b28593" executionId="23c7d41c-90ef-4585-a4ff-6c408ab8bc03" testListId="8c84fa94-04c1-424b-9868-57a2d4851a1d" />
    <TestEntry testId="12e3f3e5-87cc-94c2-7b91-aad929301ec9" executionId="817b8bd0-6db4-47eb-b29a-9e953e4ed23c" testListId="8c84fa94-04c1-424b-9868-57a2d4851a1d" />
    <TestEntry testId="a890ab18-0d5c-e9a7-db4d-696ea60071f9" executionId="d54b1ecc-a227-4e56-9516-ee6b57d0c095" testListId="8c84fa94-04c1-424b-9868-57a2d4851a1d" />
    <TestEntry testId="1f36d00d-52dc-9505-27a0-fc9cb116fecb" executionId="3b3ecb8a-681d-44a8-b4b7-d5eae46f34cf" testListId="8c84fa94-04c1-424b-9868-57a2d4851a1d" />
    <TestEntry testId="c90acf43-beb9-9440-08e2-aeffc5687d1e" executionId="cd1b367c-a170-4ab9-9a69-68c677ae9fae" testListId="8c84fa94-04c1-424b-9868-57a2d4851a1d" />
    <TestEntry testId="a7b3a0a1-b567-86d1-d16a-ead40656c5fa" executionId="13f664dd-4bef-4d9c-93ce-72437731c907" testListId="8c84fa94-04c1-424b-9868-57a2d4851a1d" />
    <TestEntry testId="fbac2a6f-2233-86d4-ebd9-d19d11941509" executionId="bd7b73f9-cc30-4441-a17f-bfa0f6720506" testListId="8c84fa94-04c1-424b-9868-57a2d4851a1d" />
    <TestEntry testId="616c12d5-722e-e683-3114-c8a71232eef2" executionId="1e33ac4c-4de5-4021-aff7-91db0d63b3ae" testListId="8c84fa94-04c1-424b-9868-57a2d4851a1d" />
    <TestEntry testId="8558e7ab-4f92-48f5-6cd7-72956b247ea9" executionId="38ee0a90-ed4e-4327-8572-c2befe5bf34b" testListId="8c84fa94-04c1-424b-9868-57a2d4851a1d" />
    <TestEntry testId="84d3c143-14c2-3de5-71ff-f8eed6db60b1" executionId="6e36297b-0443-4b0c-a870-aedde81a2e5d" testListId="8c84fa94-04c1-424b-9868-57a2d4851a1d" />
    <TestEntry testId="30fe8312-9877-ebd0-79b2-11d30d1e5b58" executionId="7f6a1705-0149-4dfa-9a37-2a14269bb064" testListId="8c84fa94-04c1-424b-9868-57a2d4851a1d" />
    <TestEntry testId="bed8c8de-bd82-cb94-6967-81e34fce6907" executionId="806952dd-6963-4f3d-81f6-2757e7b7af92" testListId="8c84fa94-04c1-424b-9868-57a2d4851a1d" />
    <TestEntry testId="5ab2a160-0b3e-3ddc-61b5-6572c40a7f10" executionId="4731aad9-597f-4c8b-a078-de15138a38a7" testListId="8c84fa94-04c1-424b-9868-57a2d4851a1d" />
    <TestEntry testId="c01b7aad-2de6-9625-9d52-27adc6cc7bd7" executionId="cf94e9bb-5542-4f4f-8559-ecaacb2bfdb6" testListId="8c84fa94-04c1-424b-9868-57a2d4851a1d" />
    <TestEntry testId="ec15ac28-e259-9e0e-79de-b4c8ed950c52" executionId="d1194d49-65dc-4986-be9c-cf26a361c3f8" testListId="8c84fa94-04c1-424b-9868-57a2d4851a1d" />
    <TestEntry testId="3c716f34-734b-16bb-9f28-27f6b4a026ec" executionId="62805313-7113-4b9d-8743-623028ef4de0" testListId="8c84fa94-04c1-424b-9868-57a2d4851a1d" />
    <TestEntry testId="f7204c3a-a2f1-1bb5-2fa5-0b71c4b947a5" executionId="bef9039e-35b8-4e7e-bdd6-93a386f5690b" testListId="8c84fa94-04c1-424b-9868-57a2d4851a1d" />
    <TestEntry testId="e5973daf-eb52-605d-f256-024d8a961fe9" executionId="28bde825-1b6a-41cd-b9b1-81eaedfd49be" testListId="8c84fa94-04c1-424b-9868-57a2d4851a1d" />
    <TestEntry testId="c716e274-8d35-b2a1-4808-fe6779275a47" executionId="347376c3-2812-4d44-9604-95da9abc03ab" testListId="8c84fa94-04c1-424b-9868-57a2d4851a1d" />
    <TestEntry testId="fd7a9f23-20c6-7435-b6cf-fa7d550f66d0" executionId="05ddc306-4219-445c-9820-82edf02812e6" testListId="8c84fa94-04c1-424b-9868-57a2d4851a1d" />
    <TestEntry testId="310bd126-7eaa-5bf4-39f9-05d7e2e492eb" executionId="66945ee6-af75-40f5-b6dd-71b4175afad3" testListId="8c84fa94-04c1-424b-9868-57a2d4851a1d" />
    <TestEntry testId="e5d551bc-1dd2-666f-0864-398b71d25710" executionId="e1bd978f-6827-47d6-bae9-59ff7160ed00" testListId="8c84fa94-04c1-424b-9868-57a2d4851a1d" />
    <TestEntry testId="5be7c8bc-c613-0652-ed73-c4eee352182b" executionId="1dd4bf9f-db5c-4d21-b6cb-4708d4a7d608" testListId="8c84fa94-04c1-424b-9868-57a2d4851a1d" />
    <TestEntry testId="e833bb24-3fa7-84ca-0015-97d61c5799eb" executionId="e2e417d6-804d-4b19-a28d-e5bd9ff908e6" testListId="8c84fa94-04c1-424b-9868-57a2d4851a1d" />
    <TestEntry testId="c34f42eb-c62c-cd70-fefe-eae8d43a9ea6" executionId="98299d9d-7b2d-4c58-8f8c-0d5a442be3e4" testListId="8c84fa94-04c1-424b-9868-57a2d4851a1d" />
    <TestEntry testId="451bffc0-3ae5-2acf-fc45-f7a1232d7fdf" executionId="d0f57430-2b99-4db0-bb65-8a26375a3e29" testListId="8c84fa94-04c1-424b-9868-57a2d4851a1d" />
    <TestEntry testId="ed8d77e0-76a5-81b3-8198-30c2ee7d220a" executionId="8fa4e4d2-4c77-410a-bbf7-be0d1f810bad" testListId="8c84fa94-04c1-424b-9868-57a2d4851a1d" />
    <TestEntry testId="1e845a4d-c6af-6717-84e9-62ec3d2affe9" executionId="b7528c98-cb53-47b1-962e-22cfae97affd" testListId="8c84fa94-04c1-424b-9868-57a2d4851a1d" />
    <TestEntry testId="593594fc-46c9-b9c0-d561-0e066e80633b" executionId="1343b28d-0b7f-4376-af7f-4d16fa3ed197" testListId="8c84fa94-04c1-424b-9868-57a2d4851a1d" />
    <TestEntry testId="27f390ff-a294-3ac4-6f34-9d39f621e68b" executionId="ede21bca-357c-4beb-b48c-d344b5d09e53" testListId="8c84fa94-04c1-424b-9868-57a2d4851a1d" />
    <TestEntry testId="e2431222-69de-ae33-ddac-4a921de8419c" executionId="46b32952-242c-42b8-80c3-0ba05b1994d4" testListId="8c84fa94-04c1-424b-9868-57a2d4851a1d" />
    <TestEntry testId="80e1e452-82cf-b088-db40-d28f7d32c62d" executionId="e9da7c99-911e-48bb-92e7-a4c2898b6af6" testListId="8c84fa94-04c1-424b-9868-57a2d4851a1d" />
    <TestEntry testId="0ed09f5c-e815-112c-6aff-fe0dbd9b6f36" executionId="8ac32248-bd38-45e7-942f-c1dc6a7c40bc" testListId="8c84fa94-04c1-424b-9868-57a2d4851a1d" />
    <TestEntry testId="da72df1e-3911-6673-65ef-dc8a157dd1ea" executionId="b2efddcb-cd22-4b5f-9161-f48cd03d9acf" testListId="8c84fa94-04c1-424b-9868-57a2d4851a1d" />
    <TestEntry testId="b583fd3b-a208-f88c-adeb-f397f1f95808" executionId="81d82cfa-81ed-4589-8ff3-457d9ca5d996" testListId="8c84fa94-04c1-424b-9868-57a2d4851a1d" />
    <TestEntry testId="21a232b1-83c0-dfe7-7779-e914867076f2" executionId="2d50e1ec-cfd5-4798-abfb-5a7fd3e2007d" testListId="8c84fa94-04c1-424b-9868-57a2d4851a1d" />
    <TestEntry testId="2a5bdc9b-a4a1-6e5d-d8c0-74a33d9867c4" executionId="24434f35-d792-474a-82ba-3666569e7949" testListId="8c84fa94-04c1-424b-9868-57a2d4851a1d" />
    <TestEntry testId="9a1e0638-3454-96aa-be92-9d9c7a4bfa39" executionId="35ac0442-ed13-4f04-bc81-cd6f12463968" testListId="8c84fa94-04c1-424b-9868-57a2d4851a1d" />
    <TestEntry testId="9f080b69-ff73-e1e5-ebe4-dd30c3c983a4" executionId="adf7e7d7-1775-4a52-8b02-f6e7a377803a" testListId="8c84fa94-04c1-424b-9868-57a2d4851a1d" />
    <TestEntry testId="76c6e850-3966-de20-82b6-519095d891a6" executionId="30430a89-86d7-4022-baec-9f6cf141d76a" testListId="8c84fa94-04c1-424b-9868-57a2d4851a1d" />
    <TestEntry testId="d4287150-22c1-db59-46c8-b3a46f9472fc" executionId="8d0b0edc-767d-41c6-8e57-78d5ffe08d35" testListId="8c84fa94-04c1-424b-9868-57a2d4851a1d" />
    <TestEntry testId="6681258b-ffc2-f0da-0c92-25b111f465fa" executionId="e7acf694-1420-4fd8-8476-2933e21939f0" testListId="8c84fa94-04c1-424b-9868-57a2d4851a1d" />
    <TestEntry testId="2a8e52f2-e158-9e1f-e00b-d901637dc8ba" executionId="c47af19a-5842-4ad7-94d5-fbdf50437488" testListId="8c84fa94-04c1-424b-9868-57a2d4851a1d" />
    <TestEntry testId="e119e886-63ff-9e4b-f30c-287618dff31a" executionId="d22048b9-9aa7-4fe8-8783-c57a617abce5" testListId="8c84fa94-04c1-424b-9868-57a2d4851a1d" />
    <TestEntry testId="59991295-e7c5-ae1a-4d3d-515c29cc9e2b" executionId="e9deee08-7335-4a4a-bbec-25214e1c2af2" testListId="8c84fa94-04c1-424b-9868-57a2d4851a1d" />
    <TestEntry testId="0a4e5b36-6578-df3d-cfd2-3d6ee660820a" executionId="08ccc8c3-0dc1-4457-84cd-0c0d98fd0aa1" testListId="8c84fa94-04c1-424b-9868-57a2d4851a1d" />
    <TestEntry testId="c80c8876-22f6-262f-2179-9c2d308f50c4" executionId="ce6453ba-dc02-4898-9828-ae25cc74fcf8" testListId="8c84fa94-04c1-424b-9868-57a2d4851a1d" />
    <TestEntry testId="2d0e7e74-3dc2-b64e-e8df-81c281af4e3d" executionId="411d1c2a-6f1c-4983-9385-6328d60533bf" testListId="8c84fa94-04c1-424b-9868-57a2d4851a1d" />
    <TestEntry testId="4ded814a-816b-915a-dcce-433d1dc05ab0" executionId="391842f6-b550-495b-bdf4-2befa9cff893" testListId="8c84fa94-04c1-424b-9868-57a2d4851a1d" />
    <TestEntry testId="604833d7-d8a0-cb51-77cf-d5e2a38bc181" executionId="eac38202-b60f-4658-bac1-571c72fbd9c1" testListId="8c84fa94-04c1-424b-9868-57a2d4851a1d" />
    <TestEntry testId="092a5f5d-5e92-e7c2-e812-620b9e6c3275" executionId="3eac478e-135a-4cf9-8a45-91bbfb45f0c6" testListId="8c84fa94-04c1-424b-9868-57a2d4851a1d" />
    <TestEntry testId="bddb2a40-1daa-d4bf-c455-d8a073e5d8cf" executionId="d4a45463-c785-45fd-bb20-be4910fad1ea" testListId="8c84fa94-04c1-424b-9868-57a2d4851a1d" />
    <TestEntry testId="70311a0a-2853-d903-384a-e493017e2da4" executionId="420132d4-dfd8-4a6b-ac62-c4207c897430" testListId="8c84fa94-04c1-424b-9868-57a2d4851a1d" />
    <TestEntry testId="bf9b3a45-d909-447b-010d-271720cc6b13" executionId="545e177d-09dc-42da-824d-de5ea7698390" testListId="8c84fa94-04c1-424b-9868-57a2d4851a1d" />
    <TestEntry testId="3f089a4c-2d32-ba99-dedb-fa96b9528cb6" executionId="ac04a395-24dd-42b5-be59-962f1410c1a0" testListId="8c84fa94-04c1-424b-9868-57a2d4851a1d" />
    <TestEntry testId="f6d8789c-bf6f-a41e-00b0-0d3a9016c658" executionId="a7d6ea0b-6847-4805-9579-ccb25bad1a93" testListId="8c84fa94-04c1-424b-9868-57a2d4851a1d" />
    <TestEntry testId="432a45cf-3feb-7030-7c65-5254973ebb20" executionId="9543cf6e-babd-4c63-80b3-79e9352b2ef6" testListId="8c84fa94-04c1-424b-9868-57a2d4851a1d" />
    <TestEntry testId="6fee5694-49d5-a68c-4692-637882795255" executionId="1d398c3b-16c2-443a-818b-0a006630a1bc" testListId="8c84fa94-04c1-424b-9868-57a2d4851a1d" />
    <TestEntry testId="d02218a8-fae4-70d3-39b6-dbd98bfacc73" executionId="a49705d0-7fbf-46ef-8f3f-37e4dadd1821" testListId="8c84fa94-04c1-424b-9868-57a2d4851a1d" />
    <TestEntry testId="0fb4b7bb-e522-c3cc-c43e-c8a8d68a12cc" executionId="40256807-3d5d-41dd-9fb6-62168e68bd3a" testListId="8c84fa94-04c1-424b-9868-57a2d4851a1d" />
    <TestEntry testId="652759b5-622f-10aa-539b-69455d2a0fcb" executionId="9cc97924-2861-440e-b82c-3baa7350cbe2" testListId="8c84fa94-04c1-424b-9868-57a2d4851a1d" />
    <TestEntry testId="6fad06d6-6e6b-b6b2-c6ce-b133426e326c" executionId="4213869a-8745-4eab-ac86-8e03f21fde6a" testListId="8c84fa94-04c1-424b-9868-57a2d4851a1d" />
    <TestEntry testId="76f114f4-6a41-0573-26af-b718e6fbb07c" executionId="6f2d81e3-477a-4fbf-a63d-4debd7c1b23b" testListId="8c84fa94-04c1-424b-9868-57a2d4851a1d" />
    <TestEntry testId="401d2e62-9623-23c2-8f1c-f70d5a6debc1" executionId="bf0ab629-5f08-4a8e-ac18-c2255870c860" testListId="8c84fa94-04c1-424b-9868-57a2d4851a1d" />
    <TestEntry testId="fcc71f98-4fa9-3c89-a58d-cfe34dc4476c" executionId="c91dce63-1dd4-4166-b7b9-001fadcabcf3" testListId="8c84fa94-04c1-424b-9868-57a2d4851a1d" />
    <TestEntry testId="f91b226d-2b49-7c62-7356-ad2379db1ec6" executionId="a53683b4-25da-4040-9973-378313f9ff8d" testListId="8c84fa94-04c1-424b-9868-57a2d4851a1d" />
    <TestEntry testId="7303b39e-095c-d519-9482-2df53e696cb0" executionId="aadde4c9-aeb7-4962-b358-f178ad8d6ab8" testListId="8c84fa94-04c1-424b-9868-57a2d4851a1d" />
    <TestEntry testId="4f80de53-a9c2-6ff5-bbd6-96cbb2c56bea" executionId="02ebbe5e-f6ad-4c81-be6d-81212c15fc69" testListId="8c84fa94-04c1-424b-9868-57a2d4851a1d" />
    <TestEntry testId="37dfb702-000b-b79c-bfb4-f3293626a799" executionId="3222d3ba-cf96-4382-a470-7a81e17685a1" testListId="8c84fa94-04c1-424b-9868-57a2d4851a1d" />
    <TestEntry testId="ff572efe-33da-3147-c10c-1641937b78fe" executionId="a1022e9d-a7c9-410e-9be5-ebf6df7fbfce" testListId="8c84fa94-04c1-424b-9868-57a2d4851a1d" />
    <TestEntry testId="a112e5f5-c328-3fe0-6f6d-307e1fa97026" executionId="50aea967-2fc3-4879-ba39-53c3e29c3bfb" testListId="8c84fa94-04c1-424b-9868-57a2d4851a1d" />
    <TestEntry testId="02ca40da-1acc-291d-7447-d3e7fda89520" executionId="65bef957-d389-4d43-8ad8-32300d812dd8" testListId="8c84fa94-04c1-424b-9868-57a2d4851a1d" />
    <TestEntry testId="84b93a3f-06e6-2db5-d48c-76967b5d9e52" executionId="4a1d1b05-14b5-4326-a3ab-1aa6bc6f04c9" testListId="8c84fa94-04c1-424b-9868-57a2d4851a1d" />
    <TestEntry testId="0f92f552-4017-16fb-01c6-431cdb4f66b2" executionId="8f05c9d3-f0ab-4d68-ae91-721ae16e7c8b" testListId="8c84fa94-04c1-424b-9868-57a2d4851a1d" />
    <TestEntry testId="55521edb-a4b7-bc99-96a2-4a68c93fc884" executionId="ef67db36-e1c7-445a-bfaa-b8b3578d0bfe" testListId="8c84fa94-04c1-424b-9868-57a2d4851a1d" />
    <TestEntry testId="ef94c6fe-3d3c-a109-4351-ac27f971b64d" executionId="683b2296-f7d4-49a1-b58e-8439c8910b72" testListId="8c84fa94-04c1-424b-9868-57a2d4851a1d" />
    <TestEntry testId="9337e38c-4624-4f1b-786d-f8be59a53622" executionId="385923db-ecdb-47f7-8e74-d56a7da3ef6a" testListId="8c84fa94-04c1-424b-9868-57a2d4851a1d" />
    <TestEntry testId="fd55daeb-7419-55fa-3178-07b8b00e171d" executionId="d79f3879-f2fc-4536-9667-b2535605abbd" testListId="8c84fa94-04c1-424b-9868-57a2d4851a1d" />
    <TestEntry testId="5304ef5f-6f68-f464-023c-0e8f2792256b" executionId="65cde81c-a46d-44e4-a84b-d9d7bd6a76f1" testListId="8c84fa94-04c1-424b-9868-57a2d4851a1d" />
    <TestEntry testId="1869091f-40a7-b7a8-b1dc-92bece636d41" executionId="dc880114-a2f3-4bc9-9916-f125bdb3e76c" testListId="8c84fa94-04c1-424b-9868-57a2d4851a1d" />
    <TestEntry testId="b11ed0cb-92ec-eb39-adbe-7566a1ca86ed" executionId="fa481cff-5dc3-4912-bbd4-211add75e0c3" testListId="8c84fa94-04c1-424b-9868-57a2d4851a1d" />
    <TestEntry testId="f959810f-2600-c7c3-3e3a-8928298ba128" executionId="a605a770-1d06-4906-90c6-ef5d9c45aff1" testListId="8c84fa94-04c1-424b-9868-57a2d4851a1d" />
    <TestEntry testId="f6cae615-2487-dbea-6964-0ccca1418db3" executionId="592225d1-161b-4982-a4f2-49cee109b0ef" testListId="8c84fa94-04c1-424b-9868-57a2d4851a1d" />
    <TestEntry testId="07465ce7-6373-2a9f-806a-3101b38a9200" executionId="c6a97b70-b080-47e3-91e0-8a152bbea39e" testListId="8c84fa94-04c1-424b-9868-57a2d4851a1d" />
    <TestEntry testId="a96b347d-5d1c-d89b-916b-371c05303b3e" executionId="9b1239cc-6b0f-4d38-8c1a-866404c36ae4" testListId="8c84fa94-04c1-424b-9868-57a2d4851a1d" />
    <TestEntry testId="bcf3e398-10f5-c5db-c0c4-dde95790e302" executionId="c9c38ff2-bac2-4df3-a131-2ecb086b1630" testListId="8c84fa94-04c1-424b-9868-57a2d4851a1d" />
    <TestEntry testId="ea1b5845-13e0-a3f9-5ed1-720958ca2d0a" executionId="bb49b530-5bf1-404c-93ec-ad7056ce2196" testListId="8c84fa94-04c1-424b-9868-57a2d4851a1d" />
    <TestEntry testId="04c83cca-8782-2962-eccb-1c1b5d4d8166" executionId="8b7183c6-d966-4f72-9a83-7813766759a3" testListId="8c84fa94-04c1-424b-9868-57a2d4851a1d" />
    <TestEntry testId="6da1ad54-af03-13ff-88b0-777550297923" executionId="6c1c2d88-7104-42c3-aaae-521875330c6a" testListId="8c84fa94-04c1-424b-9868-57a2d4851a1d" />
    <TestEntry testId="776120a9-8caa-dd82-0111-de02703fa844" executionId="93ec57ed-36b5-42cd-be2a-207ff7564564" testListId="8c84fa94-04c1-424b-9868-57a2d4851a1d" />
    <TestEntry testId="f63c2d26-77b7-377e-2b59-219fb8f0f7b9" executionId="80bbfbb8-a992-46e9-9552-69f774b57fb6" testListId="8c84fa94-04c1-424b-9868-57a2d4851a1d" />
    <TestEntry testId="071ac8b1-07a6-4ae6-7403-5c16e58426a3" executionId="ebe1b3fb-6223-460a-842b-14d31324c5d7" testListId="8c84fa94-04c1-424b-9868-57a2d4851a1d" />
    <TestEntry testId="6de4aab5-2fa1-b939-34a5-199a14825407" executionId="b77c9a43-767b-4c97-8229-da48cb9465c2" testListId="8c84fa94-04c1-424b-9868-57a2d4851a1d" />
    <TestEntry testId="27a95cc0-3e4b-dbea-fc7f-0563168b8940" executionId="9bbbad15-ad70-4195-b474-63db108d685f" testListId="8c84fa94-04c1-424b-9868-57a2d4851a1d" />
    <TestEntry testId="80cc67c7-792e-07c8-c20a-98cfccf11348" executionId="558b1673-ba45-4d2e-b2c5-f442a8217555" testListId="8c84fa94-04c1-424b-9868-57a2d4851a1d" />
    <TestEntry testId="da8fd7da-175b-17d6-2b65-b1622f31efd6" executionId="f097ff44-bfb9-4957-ae77-404ca7d3bb7b" testListId="8c84fa94-04c1-424b-9868-57a2d4851a1d" />
    <TestEntry testId="f482a2f5-ee23-f9e4-c2fa-729d4fc94abb" executionId="a5723327-4313-47f1-a5e6-a79b122fd022" testListId="8c84fa94-04c1-424b-9868-57a2d4851a1d" />
    <TestEntry testId="224208d0-b60c-0e1e-7362-af15735beb49" executionId="6346f781-72af-40ee-bfe0-9fa31a72e82c" testListId="8c84fa94-04c1-424b-9868-57a2d4851a1d" />
    <TestEntry testId="fb732742-5469-4819-2a2e-a73e08e91605" executionId="ec907800-015c-4729-ba58-949d51bfd1c2" testListId="8c84fa94-04c1-424b-9868-57a2d4851a1d" />
    <TestEntry testId="fb9b27c6-d958-01c3-0bba-3a3e5a814ae8" executionId="a59f7d34-9c20-4b19-bec9-9f80eb6923b2" testListId="8c84fa94-04c1-424b-9868-57a2d4851a1d" />
    <TestEntry testId="6f067ff4-f915-05c2-a0a4-f5e23793ba9b" executionId="128b4bc4-8c27-49bd-a673-8f70b76d2bdc" testListId="8c84fa94-04c1-424b-9868-57a2d4851a1d" />
    <TestEntry testId="27438fb6-5317-1252-e840-ea85e2375f48" executionId="b1344344-96db-4278-a981-c5129e34023b" testListId="8c84fa94-04c1-424b-9868-57a2d4851a1d" />
    <TestEntry testId="9dcaedba-c848-3b00-d622-5c7b863dca11" executionId="937cf6a1-8b6c-4599-8f12-62a2746e1f0c" testListId="8c84fa94-04c1-424b-9868-57a2d4851a1d" />
    <TestEntry testId="b918b474-74ff-1345-54cb-cdaf09a7e1fc" executionId="876a5be3-e330-4894-bddd-440d255a8188" testListId="8c84fa94-04c1-424b-9868-57a2d4851a1d" />
    <TestEntry testId="3a7cd1b3-7650-7055-af1d-619a6bb401ba" executionId="4cd11e7f-0c50-4d43-9177-afa1541fb345" testListId="8c84fa94-04c1-424b-9868-57a2d4851a1d" />
    <TestEntry testId="f6513c15-778f-06ab-2b80-8faa11f30046" executionId="4b0e3b2b-a9ac-4d9e-abe2-cad1595da176" testListId="8c84fa94-04c1-424b-9868-57a2d4851a1d" />
    <TestEntry testId="c10d4fd4-740d-9f46-fe03-3b1c2cb7d5c2" executionId="07c52792-438b-4890-a3c8-c3fe5b9a89e1" testListId="8c84fa94-04c1-424b-9868-57a2d4851a1d" />
    <TestEntry testId="67ee2264-2350-9541-5091-2e559be75dbe" executionId="5783ecd1-3327-4532-b245-afef072935bd" testListId="8c84fa94-04c1-424b-9868-57a2d4851a1d" />
    <TestEntry testId="faf9bd45-1e34-2d61-de4a-11b39437c102" executionId="cb782c88-6b60-4505-aa60-034e1935f080" testListId="8c84fa94-04c1-424b-9868-57a2d4851a1d" />
    <TestEntry testId="4a1a2788-2d06-5b60-601c-3b966d1658c3" executionId="941cd402-0bcc-4298-ae94-8f97519aa2c0" testListId="8c84fa94-04c1-424b-9868-57a2d4851a1d" />
    <TestEntry testId="91ffcb1a-560f-f3c6-61e7-9aaab2d982dc" executionId="eccf0487-7df8-465e-98a2-126f4ec6a3d7" testListId="8c84fa94-04c1-424b-9868-57a2d4851a1d" />
    <TestEntry testId="3e27fb37-1b1d-4928-6472-96f4fe8cf3c8" executionId="09c716f8-3b6d-433b-8170-a536dd915a40" testListId="8c84fa94-04c1-424b-9868-57a2d4851a1d" />
    <TestEntry testId="d4a56e7d-608d-82d0-94be-2ee3ccb3dc5e" executionId="b1a69363-a292-43cf-8690-00f0034998fb" testListId="8c84fa94-04c1-424b-9868-57a2d4851a1d" />
    <TestEntry testId="680b5a30-8d08-87c3-1561-38e60980ac40" executionId="2905b265-efaf-4c51-a736-8104cd6549b7" testListId="8c84fa94-04c1-424b-9868-57a2d4851a1d" />
    <TestEntry testId="dafe6617-7d77-6bca-77a9-2080de8d8ac3" executionId="09cb93ef-40fd-42b6-aa26-907c4c528d22" testListId="8c84fa94-04c1-424b-9868-57a2d4851a1d" />
    <TestEntry testId="2a74f75f-14b3-bc86-2d45-d53566346d28" executionId="ae336463-437b-4d9b-b0f0-50d7fa8075da" testListId="8c84fa94-04c1-424b-9868-57a2d4851a1d" />
    <TestEntry testId="d9e596ab-93a9-7684-fb6f-71e1dbbc0c03" executionId="86a9c478-e043-4ad0-a2e8-08cc25880359" testListId="8c84fa94-04c1-424b-9868-57a2d4851a1d" />
    <TestEntry testId="f7818ee3-e956-b295-d253-9fdf096ceee7" executionId="be14c71c-e5ba-49eb-ad7c-551a53442d6f" testListId="8c84fa94-04c1-424b-9868-57a2d4851a1d" />
    <TestEntry testId="007b902b-e17d-c451-d588-1b1be6581913" executionId="d3575c1e-76e7-4844-b264-9680706418a6" testListId="8c84fa94-04c1-424b-9868-57a2d4851a1d" />
    <TestEntry testId="8f753e63-32d9-0333-cd9b-b93644536674" executionId="3ae3f1a8-debe-48f2-966a-b7f519a7578f" testListId="8c84fa94-04c1-424b-9868-57a2d4851a1d" />
    <TestEntry testId="076370ef-98dd-553b-4db5-16eb7626b01e" executionId="503e8e60-d0d3-45ac-bf27-dfac474f3def" testListId="8c84fa94-04c1-424b-9868-57a2d4851a1d" />
    <TestEntry testId="044f4a26-7cbd-7c3b-61fb-5e7facd7c43c" executionId="12cb51f1-f071-41f2-8591-76fb8cf77fa5" testListId="8c84fa94-04c1-424b-9868-57a2d4851a1d" />
    <TestEntry testId="cb294e8a-66b3-92e4-9b3b-b2ff0e864477" executionId="5d2b3680-9875-403a-9d65-ecdebb821317" testListId="8c84fa94-04c1-424b-9868-57a2d4851a1d" />
    <TestEntry testId="40de1517-d6a6-7e31-1713-862fa25a82b9" executionId="ddcc338d-8c4f-4335-b926-aa2fb1bbd1f3" testListId="8c84fa94-04c1-424b-9868-57a2d4851a1d" />
    <TestEntry testId="8f3c7e47-c7ba-15e0-4ea3-5c99da54e2cf" executionId="a36a728d-f743-487c-a68c-5ff9f00b17bf" testListId="8c84fa94-04c1-424b-9868-57a2d4851a1d" />
    <TestEntry testId="b802935f-0eb0-14ff-4c95-9725f194073b" executionId="50aefb46-ca9d-4fa0-a486-adef21fda1a6" testListId="8c84fa94-04c1-424b-9868-57a2d4851a1d" />
    <TestEntry testId="f386bd71-4890-9925-d3d2-7dcbf0b9febe" executionId="4841b2ab-2106-4fa6-a778-592b79dd32a0" testListId="8c84fa94-04c1-424b-9868-57a2d4851a1d" />
    <TestEntry testId="0882c6fe-e955-9a8a-eee5-7ae62c8b3178" executionId="baca5032-9cab-4f90-b9e3-272ce5a40d42" testListId="8c84fa94-04c1-424b-9868-57a2d4851a1d" />
    <TestEntry testId="4c20bf32-144e-f991-5a67-7f381a38b0ef" executionId="00d990c0-f3f5-4df0-9f27-683692c65e3f" testListId="8c84fa94-04c1-424b-9868-57a2d4851a1d" />
    <TestEntry testId="b788bde6-97e9-6ba8-c7c6-e8edebf2372e" executionId="4a3c97fa-6fd1-4622-bc24-d42c06a57e1b" testListId="8c84fa94-04c1-424b-9868-57a2d4851a1d" />
    <TestEntry testId="f680908c-3b4b-7b4d-7066-6e5fce7c0b27" executionId="25c00a6a-4d8e-4922-ac7b-a01e41f872ef" testListId="8c84fa94-04c1-424b-9868-57a2d4851a1d" />
    <TestEntry testId="6bd74aa1-066e-7f55-8ec9-3c760d2fdfa7" executionId="8395df45-0b95-4c02-a1e0-51b66ecacda8" testListId="8c84fa94-04c1-424b-9868-57a2d4851a1d" />
    <TestEntry testId="fefc1ca8-7f95-c638-84b7-b1c00b90c427" executionId="969597b1-0830-4bc8-bbc3-144ed733fa18" testListId="8c84fa94-04c1-424b-9868-57a2d4851a1d" />
    <TestEntry testId="2674b7c4-7076-fd3a-f5df-01507f4b862a" executionId="583e3c38-7b07-4e8e-b36c-87ca738ae887" testListId="8c84fa94-04c1-424b-9868-57a2d4851a1d" />
    <TestEntry testId="9f2c2791-650e-d7c8-970e-1310d2e32cdc" executionId="e9effc7e-e8a8-4f86-bc7e-da867c0d1912" testListId="8c84fa94-04c1-424b-9868-57a2d4851a1d" />
    <TestEntry testId="8b087bdb-e613-2682-1659-90f070e3535d" executionId="a6802479-15b0-4732-a4af-ed8c492860e0" testListId="8c84fa94-04c1-424b-9868-57a2d4851a1d" />
    <TestEntry testId="f4a64d46-5162-ebbc-c6d5-bf9ee224f0ba" executionId="207fdcdc-ec6f-4175-b3ba-420b3d1f1d7c" testListId="8c84fa94-04c1-424b-9868-57a2d4851a1d" />
    <TestEntry testId="475f68bd-aa4e-7080-1be5-54155a49acfc" executionId="41d96278-5046-4893-b917-bacc69c0c033" testListId="8c84fa94-04c1-424b-9868-57a2d4851a1d" />
    <TestEntry testId="64de8207-d2f2-0b11-e8d3-5f4ca79e44ca" executionId="fd96473e-699e-4677-937f-b55714add727" testListId="8c84fa94-04c1-424b-9868-57a2d4851a1d" />
    <TestEntry testId="376aa488-622a-ef3d-865f-34b9990a82be" executionId="ac43f369-1ce0-4c3f-a906-829ee79b2c7c" testListId="8c84fa94-04c1-424b-9868-57a2d4851a1d" />
    <TestEntry testId="028566f8-b92e-8888-84dd-3fb5690b9d88" executionId="a85ee475-1669-4b83-b40f-246efd84335a" testListId="8c84fa94-04c1-424b-9868-57a2d4851a1d" />
    <TestEntry testId="5f08cd58-65ec-6481-8a3e-55fd6d8233b0" executionId="ee4e6ae3-9769-4bc4-bf05-f60baf89f8b3" testListId="8c84fa94-04c1-424b-9868-57a2d4851a1d" />
    <TestEntry testId="db58b9a0-b265-e010-375f-3c8e68defc73" executionId="538d824a-2287-4b6d-a406-2efcb6723a9b" testListId="8c84fa94-04c1-424b-9868-57a2d4851a1d" />
    <TestEntry testId="0a4e5b36-6578-df3d-cfd2-3d6ee660820a" executionId="fc4ba33d-3124-4b03-95d2-3b451aeec4e4" testListId="8c84fa94-04c1-424b-9868-57a2d4851a1d" />
    <TestEntry testId="5f62afcf-78b1-cf27-ec49-8afca2d6fc38" executionId="da3442e7-f6e9-434b-b4e1-f093b440265f" testListId="8c84fa94-04c1-424b-9868-57a2d4851a1d" />
    <TestEntry testId="d628b9e8-ecd7-5880-2e1a-54156c671e9a" executionId="d81f7833-8146-4ce1-89b4-69b728b55604" testListId="8c84fa94-04c1-424b-9868-57a2d4851a1d" />
    <TestEntry testId="d4db1bde-02f2-af75-8dda-4a9596de1dfd" executionId="80d49323-f653-4665-b532-dc9d721a2313" testListId="8c84fa94-04c1-424b-9868-57a2d4851a1d" />
    <TestEntry testId="0fd90a39-90c9-a28c-8d05-c52712094258" executionId="641d48cf-7d30-4eb5-a875-f14f3654a4d6" testListId="8c84fa94-04c1-424b-9868-57a2d4851a1d" />
    <TestEntry testId="ba590efe-de31-f5db-8328-f1cc3382ad35" executionId="683c873f-1e9b-4aa6-87e3-2895cb5eebdd" testListId="8c84fa94-04c1-424b-9868-57a2d4851a1d" />
    <TestEntry testId="fb67ea71-6b78-1dc1-49b9-30224c6a1bae" executionId="9abc9a21-aaf2-44df-b3a4-f65b5c094c80" testListId="8c84fa94-04c1-424b-9868-57a2d4851a1d" />
    <TestEntry testId="56b7fe15-643b-5b55-8dfa-1ded6df183bf" executionId="ca099114-1bbd-49ee-adf0-8119fd4be5a4" testListId="8c84fa94-04c1-424b-9868-57a2d4851a1d" />
    <TestEntry testId="4ad3fc13-c11a-f5b6-2594-d08a3607b0ec" executionId="e47be1d8-1d28-45b0-bd64-bd5dea029b61" testListId="8c84fa94-04c1-424b-9868-57a2d4851a1d" />
    <TestEntry testId="daba4ba3-c0c2-8c2c-c76e-9c5fdbf89a9e" executionId="93f6b308-3ca4-472a-9249-923bfdebc2b3" testListId="8c84fa94-04c1-424b-9868-57a2d4851a1d" />
    <TestEntry testId="98e4ae88-2a6f-4ea6-fc3c-66faedd2526c" executionId="b1036bba-55d2-4abe-81b6-9c9837819775" testListId="8c84fa94-04c1-424b-9868-57a2d4851a1d" />
    <TestEntry testId="a6a5106e-d98b-7b36-c37f-52d3d3eccf9f" executionId="3e8b67dc-4417-4edf-b2dd-f0ca8621e737" testListId="8c84fa94-04c1-424b-9868-57a2d4851a1d" />
    <TestEntry testId="ece9c0c6-7f24-79de-902b-ae084a6701cb" executionId="b74c64be-2c2d-4f28-929a-d031c7d0c2c1" testListId="8c84fa94-04c1-424b-9868-57a2d4851a1d" />
    <TestEntry testId="2fac8697-42a0-e62c-c584-1a27c1834f8e" executionId="e7dfb6a7-0209-489a-82ab-5edbb2a1c9fb" testListId="8c84fa94-04c1-424b-9868-57a2d4851a1d" />
    <TestEntry testId="73c84d82-bb7d-01f8-8894-e9f1d48f8356" executionId="f5a2f3f1-4307-48b4-a213-420278855055" testListId="8c84fa94-04c1-424b-9868-57a2d4851a1d" />
    <TestEntry testId="94ba17e6-30fb-3cd3-1d80-21c645e8deb9" executionId="3eaac0cd-fd64-4fbb-ac6b-edbbf1d8f569" testListId="8c84fa94-04c1-424b-9868-57a2d4851a1d" />
    <TestEntry testId="9029e935-145d-d5fd-fae9-96c860349038" executionId="55525ee7-13f1-44c0-96b9-dfb7a2e635ec" testListId="8c84fa94-04c1-424b-9868-57a2d4851a1d" />
    <TestEntry testId="dbbcef65-1aa6-a5c1-32ef-04150022dcf1" executionId="140d4347-60f3-419d-b687-05a2247a6876" testListId="8c84fa94-04c1-424b-9868-57a2d4851a1d" />
    <TestEntry testId="f82ee61b-ae97-d19b-9f9c-9b68d981c021" executionId="deaa2f7a-f130-47c2-b324-993966e2277a" testListId="8c84fa94-04c1-424b-9868-57a2d4851a1d" />
    <TestEntry testId="7d900372-2011-73f8-033d-c6e57807e942" executionId="be36a4c5-1330-4846-829b-d54628a1f8aa" testListId="8c84fa94-04c1-424b-9868-57a2d4851a1d" />
    <TestEntry testId="0ca96c98-4279-a38d-8923-cfc233650b07" executionId="34ffcc6f-b2c6-4fa8-a416-d92ac2aa871a" testListId="8c84fa94-04c1-424b-9868-57a2d4851a1d" />
    <TestEntry testId="7b2ce89e-8bf2-0763-c57e-0285adbdcf5c" executionId="a1aeb084-dbc7-4a27-b54a-733a86734962" testListId="8c84fa94-04c1-424b-9868-57a2d4851a1d" />
    <TestEntry testId="208c7d14-25fa-d8f3-7f48-278c6762125d" executionId="d725d3c8-cdc0-4546-8b1b-b331dbed3b47" testListId="8c84fa94-04c1-424b-9868-57a2d4851a1d" />
    <TestEntry testId="e0e4a25c-da24-71c2-6a4d-30260f82e840" executionId="35e2e411-67d1-44c8-bb72-46ec896a80d7" testListId="8c84fa94-04c1-424b-9868-57a2d4851a1d" />
    <TestEntry testId="d8b647c6-ef54-f676-621e-8f04d1dc548d" executionId="c6ce7066-7946-43ad-96f8-62e22a31b175" testListId="8c84fa94-04c1-424b-9868-57a2d4851a1d" />
    <TestEntry testId="e998f77e-77b2-7e10-d8db-3813eb8031aa" executionId="5c9bb4bd-c724-45c3-9cf3-aec68719f830" testListId="8c84fa94-04c1-424b-9868-57a2d4851a1d" />
    <TestEntry testId="2f07bb8b-cd50-f2c2-1839-7178b31bc8e9" executionId="21cff21e-b61d-4697-ad1f-7294bac53220" testListId="8c84fa94-04c1-424b-9868-57a2d4851a1d" />
    <TestEntry testId="4b3691e7-07b6-0fb9-2d54-63140b399b3d" executionId="802f93be-c923-45c1-8d80-4a6e1e8abd36" testListId="8c84fa94-04c1-424b-9868-57a2d4851a1d" />
    <TestEntry testId="9029e935-145d-d5fd-fae9-96c860349038" executionId="97b0eec4-dbc1-4dfe-98f5-74759e59e139" testListId="8c84fa94-04c1-424b-9868-57a2d4851a1d" />
    <TestEntry testId="500812c7-2caf-0961-5585-75ab839884c8" executionId="1b809d9b-69b1-4e0b-8efd-fb4cfaebfee8" testListId="8c84fa94-04c1-424b-9868-57a2d4851a1d" />
    <TestEntry testId="91f26bca-4ab5-824b-aa90-84778c7aa540" executionId="ed2848d7-8c03-45b5-af01-492b355f3fa6" testListId="8c84fa94-04c1-424b-9868-57a2d4851a1d" />
    <TestEntry testId="50eff704-edc5-bb65-d2be-7ddc270e7a86" executionId="455911a5-2990-4e7a-a68b-9b9ca313c088" testListId="8c84fa94-04c1-424b-9868-57a2d4851a1d" />
    <TestEntry testId="2031c616-1edd-8f7a-639e-5fd173aaa18e" executionId="e3892525-909d-4d76-b818-f2d6df2641b7" testListId="8c84fa94-04c1-424b-9868-57a2d4851a1d" />
    <TestEntry testId="0a626f9c-1fcc-6ba0-e354-bb3374659d02" executionId="9a4f3047-05b1-45f6-87c1-89e8c537133a" testListId="8c84fa94-04c1-424b-9868-57a2d4851a1d" />
    <TestEntry testId="e571b35d-57ce-9cb9-ba77-a93c8415ec13" executionId="27217bcd-7516-4f61-bd9c-de28963f95ce" testListId="8c84fa94-04c1-424b-9868-57a2d4851a1d" />
    <TestEntry testId="1576a34d-4425-e758-2eec-5a2e4ef4d6ef" executionId="1044e277-0939-46e1-aad3-ef841294e8db" testListId="8c84fa94-04c1-424b-9868-57a2d4851a1d" />
    <TestEntry testId="01c01ca3-1cfc-215a-ffeb-b8e6d0ef2e1f" executionId="04661209-bad2-4675-8483-0bdc536ec31b" testListId="8c84fa94-04c1-424b-9868-57a2d4851a1d" />
    <TestEntry testId="6c5f61a4-ad87-32db-d53b-dc288f4c0d0f" executionId="758269f1-9de2-4ba9-80aa-66f7ea47edd5" testListId="8c84fa94-04c1-424b-9868-57a2d4851a1d" />
    <TestEntry testId="e998f77e-77b2-7e10-d8db-3813eb8031aa" executionId="81e6428e-008f-4f39-adc4-ff13dba10d3c" testListId="8c84fa94-04c1-424b-9868-57a2d4851a1d" />
    <TestEntry testId="7ca8a434-7012-c34d-5866-6521f620a2e4" executionId="9c0e2fd6-573b-46d0-a0d1-a09ba1afcb4c" testListId="8c84fa94-04c1-424b-9868-57a2d4851a1d" />
    <TestEntry testId="13e00d9f-1356-be26-5e63-c3874f003845" executionId="1cac4736-6b01-4213-8bc5-2196343ebe5a" testListId="8c84fa94-04c1-424b-9868-57a2d4851a1d" />
    <TestEntry testId="9040b640-fe7c-9575-9486-622077ffb232" executionId="b843ca12-2bbe-4de1-99a9-ee357e6f2df3" testListId="8c84fa94-04c1-424b-9868-57a2d4851a1d" />
    <TestEntry testId="38c61dcc-3a50-a0a7-0dea-c65fb41e4802" executionId="f0d47006-6fca-4b11-b4fb-8d6ea8c151ad" testListId="8c84fa94-04c1-424b-9868-57a2d4851a1d" />
    <TestEntry testId="c98efbf5-2f3d-50a2-5f38-9c6abe3c1c8e" executionId="837b02b9-082f-48b7-908d-bb0a59117b0c" testListId="8c84fa94-04c1-424b-9868-57a2d4851a1d" />
    <TestEntry testId="e5baebdf-dd33-61d2-8622-e7904797fee0" executionId="824a8b8a-01e4-4478-ace6-469cc674253e" testListId="8c84fa94-04c1-424b-9868-57a2d4851a1d" />
    <TestEntry testId="daa7dc49-f207-f73b-e691-533a5b8c5990" executionId="5d2032d5-6f4e-40b9-ab9b-c2f67c20616e" testListId="8c84fa94-04c1-424b-9868-57a2d4851a1d" />
    <TestEntry testId="947e66f8-3edd-6840-266f-9e5f8a6ffe6e" executionId="d0757986-08f6-4548-90e9-5d332e92ca90" testListId="8c84fa94-04c1-424b-9868-57a2d4851a1d" />
    <TestEntry testId="5660124e-2746-e525-af63-46d6c656faea" executionId="8997b61b-1e5f-48e3-8bb9-f478244e8d1f" testListId="8c84fa94-04c1-424b-9868-57a2d4851a1d" />
    <TestEntry testId="fcfe2bea-524e-b6f0-1644-957aeea21ce7" executionId="e5b97287-5736-4fe0-866a-90820450392a" testListId="8c84fa94-04c1-424b-9868-57a2d4851a1d" />
    <TestEntry testId="1435e2a2-bee2-1d2d-95b6-bab177d11e01" executionId="1b3ed738-4843-4391-89c7-9a663df5468e" testListId="8c84fa94-04c1-424b-9868-57a2d4851a1d" />
    <TestEntry testId="c22deb6e-f8ad-a898-d5fa-2612e0c2ea52" executionId="b6d216c4-c3e2-431b-b4d3-4aed2a3b5dd1" testListId="8c84fa94-04c1-424b-9868-57a2d4851a1d" />
    <TestEntry testId="c49afcd7-de27-7990-5754-d54f7b7c14ac" executionId="c35cb08d-0d8b-4287-ad06-c29959a52f70" testListId="8c84fa94-04c1-424b-9868-57a2d4851a1d" />
    <TestEntry testId="b1b5a4b2-ef61-9282-6663-5d7233efeaab" executionId="705f68b8-2533-413b-a41a-a4bed73d9709" testListId="8c84fa94-04c1-424b-9868-57a2d4851a1d" />
    <TestEntry testId="8c07f686-6c37-5afb-9e2e-861969346f9f" executionId="239ba87d-7c88-46c7-b694-fd01c1208144" testListId="8c84fa94-04c1-424b-9868-57a2d4851a1d" />
    <TestEntry testId="61fff35a-1f51-c483-72f9-65b70f75c0e7" executionId="e0d72a41-445a-49db-b6c8-464449b5fc82" testListId="8c84fa94-04c1-424b-9868-57a2d4851a1d" />
    <TestEntry testId="3011877c-371c-af3a-5f96-72aad6f976b4" executionId="a55b3868-6955-4b61-902f-60175b7bd3c3" testListId="8c84fa94-04c1-424b-9868-57a2d4851a1d" />
    <TestEntry testId="8ed2a60a-eeda-1585-64ac-27fd20cde828" executionId="3dadfb8c-518b-4d49-889f-cb1c806014f1" testListId="8c84fa94-04c1-424b-9868-57a2d4851a1d" />
    <TestEntry testId="23c856d5-b6c3-19f8-8013-074be7c600aa" executionId="479c514c-9fcb-4d6c-a9ac-b7fb95e71da3" testListId="8c84fa94-04c1-424b-9868-57a2d4851a1d" />
    <TestEntry testId="52ea9bfe-1874-02a6-4b0f-ab5154a2f6b0" executionId="5a4e73b5-17ef-4283-b905-990ca86964be" testListId="8c84fa94-04c1-424b-9868-57a2d4851a1d" />
    <TestEntry testId="582d8a38-a0ae-cfd9-0b4e-02b7216ac2ae" executionId="d873e7fb-e69f-4792-9fa6-b1a36d77cad7" testListId="8c84fa94-04c1-424b-9868-57a2d4851a1d" />
    <TestEntry testId="bcf60051-ecc6-b8b5-1879-3df57ae16566" executionId="f2792144-e6e1-4c68-8bc4-ddd05ea2b930" testListId="8c84fa94-04c1-424b-9868-57a2d4851a1d" />
    <TestEntry testId="57b504fd-2c7e-dcd2-d028-6f333f529539" executionId="0951f4c8-2ba4-4b8d-9d00-2020ca31a4d3" testListId="8c84fa94-04c1-424b-9868-57a2d4851a1d" />
    <TestEntry testId="843dae0b-b140-3d67-5588-10bfec2781a8" executionId="8a584df3-e75a-49e5-ba4e-0a57ac4b8aea" testListId="8c84fa94-04c1-424b-9868-57a2d4851a1d" />
    <TestEntry testId="90f737d2-bf89-5d2f-b28c-8cecebbed027" executionId="31bf1179-68b3-40ed-8116-0e5331979d48" testListId="8c84fa94-04c1-424b-9868-57a2d4851a1d" />
    <TestEntry testId="4e7c1dac-cca0-02a1-db28-32ba9bd6a0cf" executionId="c5d2ea71-caba-4b60-beac-1695a5057952" testListId="8c84fa94-04c1-424b-9868-57a2d4851a1d" />
    <TestEntry testId="8f59d74f-1387-b481-45ba-5b4638b6eca1" executionId="77aa834b-4483-4e4d-9b72-8db8689755b7" testListId="8c84fa94-04c1-424b-9868-57a2d4851a1d" />
    <TestEntry testId="56af3ae0-30c5-e2c9-265d-9763c2af0b14" executionId="ca0cee6e-b5c9-4a89-90cf-aa55a6ea750c" testListId="8c84fa94-04c1-424b-9868-57a2d4851a1d" />
    <TestEntry testId="6bac4380-8ca1-03ec-b0fa-87faadf2b614" executionId="ce2fa911-b47e-4949-be1b-3c40bc5760df" testListId="8c84fa94-04c1-424b-9868-57a2d4851a1d" />
    <TestEntry testId="86b5c5b9-f5c0-2dad-738f-2d685bd44644" executionId="73fccfa6-11ae-4e06-b3f1-572f440af4dd" testListId="8c84fa94-04c1-424b-9868-57a2d4851a1d" />
    <TestEntry testId="5725dc6b-38b3-44b7-6936-015732fd6b4c" executionId="d0c817fb-984b-4c7f-abe5-de7a0758b77f" testListId="8c84fa94-04c1-424b-9868-57a2d4851a1d" />
    <TestEntry testId="fcd118df-d28f-9914-22b6-30e2ce26737f" executionId="fdd7a641-85c8-4309-8ea4-6ef5cfb18844" testListId="8c84fa94-04c1-424b-9868-57a2d4851a1d" />
    <TestEntry testId="22f57bdb-c5ee-b53f-99a9-02334618ffe6" executionId="075620bb-01d4-4579-9a9b-c5f0666e323a" testListId="8c84fa94-04c1-424b-9868-57a2d4851a1d" />
    <TestEntry testId="1e0ec4a9-a03c-c4c9-74f7-c48ccb99f71e" executionId="dd8d2963-73c8-4001-9ce5-6e1cc30a4ecd" testListId="8c84fa94-04c1-424b-9868-57a2d4851a1d" />
    <TestEntry testId="7f459878-6a38-694e-ae10-2238a011c770" executionId="5f36418a-87aa-4bd5-b9c3-ecbeb176b60c" testListId="8c84fa94-04c1-424b-9868-57a2d4851a1d" />
    <TestEntry testId="234ad1b4-c3ca-386c-029e-422d8061eab6" executionId="bc375588-2821-4c6f-8598-ac4ce05be3cf" testListId="8c84fa94-04c1-424b-9868-57a2d4851a1d" />
    <TestEntry testId="d5b52bb5-55cf-dc85-f26b-7b0562d6b30f" executionId="f27a85fc-4eb0-4a26-99d1-1e2374cb6b96" testListId="8c84fa94-04c1-424b-9868-57a2d4851a1d" />
    <TestEntry testId="10a72da7-6e6a-e08f-6884-b1f500f16a56" executionId="f6b59e15-8688-43db-b083-1ec5291cb3a0" testListId="8c84fa94-04c1-424b-9868-57a2d4851a1d" />
    <TestEntry testId="f680908c-3b4b-7b4d-7066-6e5fce7c0b27" executionId="23df9c77-f6c9-4415-94e6-2aeacc9e2370" testListId="8c84fa94-04c1-424b-9868-57a2d4851a1d" />
    <TestEntry testId="bc3083b0-a3ea-e4f1-9c27-4c183b204440" executionId="1883ba55-6e0a-4744-857c-f5a1b1106541" testListId="8c84fa94-04c1-424b-9868-57a2d4851a1d" />
    <TestEntry testId="3adcd1f6-966f-7457-7e36-7976f4188830" executionId="8071fa06-8161-4f6a-bbd7-6f6f6f7db4df" testListId="8c84fa94-04c1-424b-9868-57a2d4851a1d" />
    <TestEntry testId="f0c6f445-2735-407d-8bd8-efde582fd792" executionId="f8f33bc0-80b6-4822-a769-fe1ce27db531" testListId="8c84fa94-04c1-424b-9868-57a2d4851a1d" />
    <TestEntry testId="98d6e5bd-b7db-7e62-faab-cf0ab9b4f07d" executionId="5975c449-e363-42f3-9cbc-f564e105962e" testListId="8c84fa94-04c1-424b-9868-57a2d4851a1d" />
    <TestEntry testId="d096cf54-9fe3-48d3-6b60-9dbe5862c472" executionId="9fb56069-7fd3-4289-b565-9b097143dc4e" testListId="8c84fa94-04c1-424b-9868-57a2d4851a1d" />
    <TestEntry testId="f680908c-3b4b-7b4d-7066-6e5fce7c0b27" executionId="f1ed349b-c970-41a1-bd5a-41fbd956f1bd" testListId="8c84fa94-04c1-424b-9868-57a2d4851a1d" />
    <TestEntry testId="7bc82cbe-20de-caab-82e3-ab7c085d6916" executionId="a3e4e5c7-9144-4d4e-9f0f-b3fab5f7dc42" testListId="8c84fa94-04c1-424b-9868-57a2d4851a1d" />
    <TestEntry testId="e0397ba9-9217-2c04-c95a-ff9b50a208f5" executionId="c7b3f318-62e2-4cfc-94da-a39022222a25" testListId="8c84fa94-04c1-424b-9868-57a2d4851a1d" />
    <TestEntry testId="7ca40658-07ed-4fea-d08c-7887f7c6e388" executionId="f96d6016-2ede-40c3-aa17-3fe7fb498f34" testListId="8c84fa94-04c1-424b-9868-57a2d4851a1d" />
    <TestEntry testId="c92b65c5-6961-9b98-a1f9-2c2587ff0054" executionId="2acac774-dfef-4dff-a100-ca85648861b9" testListId="8c84fa94-04c1-424b-9868-57a2d4851a1d" />
    <TestEntry testId="694752a6-f80f-3cf2-2854-db6d5b4b1e01" executionId="7dd690cd-7529-4d48-9496-39f2d99a830b" testListId="8c84fa94-04c1-424b-9868-57a2d4851a1d" />
    <TestEntry testId="a2769260-4eb7-daf9-b4d2-f155ed354d1b" executionId="5b5e82a9-876d-4d10-8fff-f6fed4bf98c0" testListId="8c84fa94-04c1-424b-9868-57a2d4851a1d" />
    <TestEntry testId="663c2ea1-d59f-cd44-9dca-0512735453ca" executionId="56d8e93c-632e-4aff-9f94-96d95ec260b4" testListId="8c84fa94-04c1-424b-9868-57a2d4851a1d" />
    <TestEntry testId="dc622a34-8cc7-4600-a4f3-cf01b26ced88" executionId="bb17ce9f-16cb-47be-8d06-b88fc2c5d8e0" testListId="8c84fa94-04c1-424b-9868-57a2d4851a1d" />
    <TestEntry testId="8a331f63-bf32-57ca-e19f-2c5fb3b70109" executionId="96e6e593-9c2f-4c9e-9aa4-21811d79446d" testListId="8c84fa94-04c1-424b-9868-57a2d4851a1d" />
    <TestEntry testId="cb3c2aec-6735-d3a0-5cab-578bcfb4d46d" executionId="6ea6aec8-6907-416c-b6f9-10fb110c89db" testListId="8c84fa94-04c1-424b-9868-57a2d4851a1d" />
    <TestEntry testId="4a5dc23b-ffe3-e948-472d-9d60d6e22bd4" executionId="2df70f13-173b-46af-85d9-1035c36b2de1" testListId="8c84fa94-04c1-424b-9868-57a2d4851a1d" />
    <TestEntry testId="96dce277-8e08-3c8a-12f9-10c2b51249cb" executionId="2154efc7-61fb-4da7-a5c7-8559df298f75" testListId="8c84fa94-04c1-424b-9868-57a2d4851a1d" />
    <TestEntry testId="f68d42a3-acec-6b53-6243-cbfed90e3b19" executionId="fcbcb96d-cd48-4323-87f3-ca08cb2df289" testListId="8c84fa94-04c1-424b-9868-57a2d4851a1d" />
    <TestEntry testId="8427d757-e615-3911-b8e1-c6a9d939c66c" executionId="c0c89f02-25e4-4c48-89a9-d14f048a5bdd" testListId="8c84fa94-04c1-424b-9868-57a2d4851a1d" />
    <TestEntry testId="df4fc108-b9f8-183e-9857-a0352a34d2c9" executionId="1d4786e6-7a3c-4e37-b193-6d3a650fcbad" testListId="8c84fa94-04c1-424b-9868-57a2d4851a1d" />
    <TestEntry testId="6ac3daf7-7d17-a19c-0567-b6e3340bf41b" executionId="d57f426d-c8ba-45a6-8d92-072f4e173a01" testListId="8c84fa94-04c1-424b-9868-57a2d4851a1d" />
    <TestEntry testId="bfdc2e11-573c-5747-26b0-0b571bfbb54c" executionId="79201bb2-ef57-4d29-a1bc-ce92de283e79" testListId="8c84fa94-04c1-424b-9868-57a2d4851a1d" />
    <TestEntry testId="f50ada7c-d947-8c69-ca9d-bb57a8cda16a" executionId="0a956f83-aa9d-4e69-9630-0b6a681d3bcc" testListId="8c84fa94-04c1-424b-9868-57a2d4851a1d" />
    <TestEntry testId="83492e0d-212b-a788-b283-557077b5c1d0" executionId="64f8cb4f-f0e8-4e9d-94a9-f0bbe2bedb5e" testListId="8c84fa94-04c1-424b-9868-57a2d4851a1d" />
    <TestEntry testId="207c734e-48ea-b6e3-83cc-3b0a65265019" executionId="aa5a9f8d-3933-42ec-9961-5b24a11b09ba" testListId="8c84fa94-04c1-424b-9868-57a2d4851a1d" />
    <TestEntry testId="2a7cf9dc-e9f0-7632-64c7-f92d98f50bd4" executionId="62a556e3-d7cd-46f6-b7c3-1a60ace12419" testListId="8c84fa94-04c1-424b-9868-57a2d4851a1d" />
    <TestEntry testId="229876bb-741e-424e-6d09-7576e2519ca6" executionId="f9a8c1d8-feb1-4e58-95d8-aa012a52bdda" testListId="8c84fa94-04c1-424b-9868-57a2d4851a1d" />
    <TestEntry testId="e5776fdb-2ce3-71cf-fd30-74705513040a" executionId="56c3495c-1029-4e6b-9a45-476e9ce4f76a" testListId="8c84fa94-04c1-424b-9868-57a2d4851a1d" />
    <TestEntry testId="add54532-7e20-f473-1fef-d0865cc9a84b" executionId="2a00833f-acf7-4e24-9b33-f92eb0e0372d" testListId="8c84fa94-04c1-424b-9868-57a2d4851a1d" />
    <TestEntry testId="c8bbc1da-c94e-b071-1c1c-4c9621410661" executionId="44b945e1-bfcb-414f-af19-ea73c60d0bfa" testListId="8c84fa94-04c1-424b-9868-57a2d4851a1d" />
    <TestEntry testId="eb1477a2-2fb7-b3cb-5428-9b4cc8d1e650" executionId="cea5c557-ac15-476b-9055-e3995910a27c" testListId="8c84fa94-04c1-424b-9868-57a2d4851a1d" />
    <TestEntry testId="bedf46db-baeb-e070-62c2-ab54242ce982" executionId="e3f20bdf-092c-4eb7-acb5-88dad8b196ca" testListId="8c84fa94-04c1-424b-9868-57a2d4851a1d" />
    <TestEntry testId="99ee5135-30d5-eb69-226f-d05fc552bf85" executionId="4411a806-eac4-4e14-95fc-e9cdbc369355" testListId="8c84fa94-04c1-424b-9868-57a2d4851a1d" />
    <TestEntry testId="f2b7929b-9477-2b09-878d-9dcd16e02623" executionId="5dac1603-4826-4022-8dbf-c642d0a3dee7" testListId="8c84fa94-04c1-424b-9868-57a2d4851a1d" />
    <TestEntry testId="45426788-53bd-fdd6-9e67-f15e7f5b5490" executionId="9571e1e5-4b2d-40bf-8ec3-fa8375d4e5fa" testListId="8c84fa94-04c1-424b-9868-57a2d4851a1d" />
    <TestEntry testId="88c2b0d8-15cc-99cf-0786-93c215c0f665" executionId="8d4ed50c-7880-4dd9-910f-6fc4a78108ee" testListId="8c84fa94-04c1-424b-9868-57a2d4851a1d" />
    <TestEntry testId="7ca171df-e98e-0a85-0373-bda8d8a6f93c" executionId="ae0aa8b5-fb30-4b8f-9e2e-33cfad3cee30" testListId="8c84fa94-04c1-424b-9868-57a2d4851a1d" />
    <TestEntry testId="9b11dd70-a212-4435-b232-2bb1537ea05b" executionId="0724eadf-e299-4c21-85a5-2bbd79c7e06b" testListId="8c84fa94-04c1-424b-9868-57a2d4851a1d" />
    <TestEntry testId="0a4e5b36-6578-df3d-cfd2-3d6ee660820a" executionId="ecb5b813-f0eb-4327-ab36-c2c6fc05469b" testListId="8c84fa94-04c1-424b-9868-57a2d4851a1d" />
    <TestEntry testId="62ccc5b1-eb5f-4644-e919-a3a7e7740785" executionId="e3ab0555-6064-45f7-905a-8b41d4861a02" testListId="8c84fa94-04c1-424b-9868-57a2d4851a1d" />
    <TestEntry testId="6e9ddeeb-8237-28ab-191f-f32e87858c27" executionId="05ead0ef-63e9-421f-9fc5-9b99c4e946f0" testListId="8c84fa94-04c1-424b-9868-57a2d4851a1d" />
    <TestEntry testId="926d43bc-6a30-b23f-6308-169a0af031e0" executionId="ec063e44-c075-4216-a97c-3232bd024f6d" testListId="8c84fa94-04c1-424b-9868-57a2d4851a1d" />
    <TestEntry testId="2b46e357-2d79-f0cc-72d8-c56a288a4a1d" executionId="e5b5ac58-4167-4de8-90c8-273975c8e228" testListId="8c84fa94-04c1-424b-9868-57a2d4851a1d" />
    <TestEntry testId="31b9ac86-ff3a-2d5f-32cb-aba7e18815ce" executionId="fbf63110-9647-4180-ab49-7d87653ead60" testListId="8c84fa94-04c1-424b-9868-57a2d4851a1d" />
    <TestEntry testId="37b7b1e5-9323-fb29-1885-37b5c9283b82" executionId="9f0b9f25-1132-4de3-b428-71e423e0a7a4" testListId="8c84fa94-04c1-424b-9868-57a2d4851a1d" />
    <TestEntry testId="02af0d15-e099-b0e6-50ad-6fe37219924b" executionId="c6bde5c8-9e57-4e35-b6ac-960bc252e998" testListId="8c84fa94-04c1-424b-9868-57a2d4851a1d" />
    <TestEntry testId="54665edf-a1f2-e9fe-2f83-fd5f97c5627f" executionId="772bd0ec-374e-407c-8864-6e2f1c4fc313" testListId="8c84fa94-04c1-424b-9868-57a2d4851a1d" />
    <TestEntry testId="e998f77e-77b2-7e10-d8db-3813eb8031aa" executionId="7c3e9b0f-f998-4743-b69f-62e5e0337feb" testListId="8c84fa94-04c1-424b-9868-57a2d4851a1d" />
    <TestEntry testId="b4d81ea5-4d96-f4f8-9a36-c8fa8d756925" executionId="03550c45-fb17-437e-9ba2-04e4471cec8d" testListId="8c84fa94-04c1-424b-9868-57a2d4851a1d" />
    <TestEntry testId="c6fc9995-4feb-7741-7b1f-15f47389f965" executionId="62377af7-b398-49fb-8987-f1fd396577b6" testListId="8c84fa94-04c1-424b-9868-57a2d4851a1d" />
    <TestEntry testId="3c8130e7-463f-39e3-1454-66e2409862a6" executionId="06e0d915-f949-4229-8bea-30a67025b011" testListId="8c84fa94-04c1-424b-9868-57a2d4851a1d" />
    <TestEntry testId="89928fee-575e-9986-6b1d-9005971a41e3" executionId="211ab035-9993-462f-b185-1d7fea934796" testListId="8c84fa94-04c1-424b-9868-57a2d4851a1d" />
    <TestEntry testId="c0babfb5-0c51-8e86-82e8-b342920c9494" executionId="aa62ea3d-ac2f-47ef-9ce6-dc9d36cbe237" testListId="8c84fa94-04c1-424b-9868-57a2d4851a1d" />
    <TestEntry testId="dc781f78-aa42-d9b1-8797-d2b3767e846c" executionId="6299339c-28c1-4b2d-9396-f848ff419397" testListId="8c84fa94-04c1-424b-9868-57a2d4851a1d" />
    <TestEntry testId="188f8c25-7b8a-3022-0d47-4b40a28cebbb" executionId="f21b4ca9-a93c-4d3d-a789-58b3cee9a2b2" testListId="8c84fa94-04c1-424b-9868-57a2d4851a1d" />
    <TestEntry testId="e02372be-e433-9cbf-ee9f-b1ebff6c1698" executionId="448873b3-87aa-45ab-a36e-ff6c28b90548" testListId="8c84fa94-04c1-424b-9868-57a2d4851a1d" />
    <TestEntry testId="c4234132-b84d-ff6e-5128-178403da1d67" executionId="2d756cf2-e5a2-4f8a-b859-c63fce6f2098" testListId="8c84fa94-04c1-424b-9868-57a2d4851a1d" />
    <TestEntry testId="ad2137f8-da12-9879-f4e4-b1576d0429b7" executionId="9d386468-00ab-4c6e-893e-9137c789c058" testListId="8c84fa94-04c1-424b-9868-57a2d4851a1d" />
    <TestEntry testId="2b4d39ea-1010-36f3-4fa9-2911297ae4a4" executionId="8d6672fa-c676-425f-8fe6-4860aade67b6" testListId="8c84fa94-04c1-424b-9868-57a2d4851a1d" />
    <TestEntry testId="55e4f137-ee25-d174-0329-0df4a0a2d62a" executionId="7d31fcbe-7fcd-4adc-8f01-e81f6dd786a0" testListId="8c84fa94-04c1-424b-9868-57a2d4851a1d" />
    <TestEntry testId="a39ae70d-c88f-1b05-e852-22bd9620ca7b" executionId="c9bf99e7-ab5a-46a9-a42d-9ba0d8397e3b" testListId="8c84fa94-04c1-424b-9868-57a2d4851a1d" />
    <TestEntry testId="0b48726b-7d83-90f3-a7e6-6509817ad105" executionId="a1192c59-ebc6-421c-ab92-6a3d6c38b6c1" testListId="8c84fa94-04c1-424b-9868-57a2d4851a1d" />
    <TestEntry testId="55b69ff1-41fd-5c44-e2a8-b279d7828993" executionId="7b09ac29-15a5-45b9-9d98-8f43c06980a4" testListId="8c84fa94-04c1-424b-9868-57a2d4851a1d" />
    <TestEntry testId="0431698b-89c7-961c-1219-e2a2171a4f5c" executionId="15050b07-c20e-40d1-a933-26783cfe5b1f" testListId="8c84fa94-04c1-424b-9868-57a2d4851a1d" />
    <TestEntry testId="af78caca-a27e-9e6b-678d-4aa454a90502" executionId="a651d3d7-30f7-4a1c-adca-b8c7d1827cb2" testListId="8c84fa94-04c1-424b-9868-57a2d4851a1d" />
    <TestEntry testId="9f58f9ac-c237-b302-81b2-6eb6c67dcabf" executionId="797fc97d-565e-4057-a52b-fe0b3f0b686c" testListId="8c84fa94-04c1-424b-9868-57a2d4851a1d" />
    <TestEntry testId="02a92acd-3e74-c832-568f-0225ec898104" executionId="e77c6a4b-6671-49c8-9603-b789928ef07f" testListId="8c84fa94-04c1-424b-9868-57a2d4851a1d" />
    <TestEntry testId="3df39c27-f4f5-5c42-c9cb-c9b3731ba9be" executionId="836171de-6bf2-4533-a435-1f81b712b8ef" testListId="8c84fa94-04c1-424b-9868-57a2d4851a1d" />
    <TestEntry testId="6bca5693-82fe-719f-17b6-6224c9668233" executionId="30ff04d7-b4db-403a-8d68-ce0408a7b5d7" testListId="8c84fa94-04c1-424b-9868-57a2d4851a1d" />
    <TestEntry testId="597f2f58-81bb-4d82-b5c8-d8c0619f1925" executionId="6378d79c-8c94-4da7-bb53-03419ff87d04" testListId="8c84fa94-04c1-424b-9868-57a2d4851a1d" />
    <TestEntry testId="5b1fb637-3ca1-9a80-d25d-3a01eede0458" executionId="deaea588-60e0-4c4c-844c-c5a62b9b5ad6" testListId="8c84fa94-04c1-424b-9868-57a2d4851a1d" />
    <TestEntry testId="6eb63bb3-0a07-3cfb-8d0a-86ee2a28be11" executionId="07c263ed-d398-45a5-98bb-80c8d42a8b11" testListId="8c84fa94-04c1-424b-9868-57a2d4851a1d" />
    <TestEntry testId="0a4e5b36-6578-df3d-cfd2-3d6ee660820a" executionId="72b89a4a-b579-477d-969b-6eb7eaa5535d" testListId="8c84fa94-04c1-424b-9868-57a2d4851a1d" />
    <TestEntry testId="c126ef38-de54-9d14-e11c-edf70abaf073" executionId="7ba78035-3ab8-469e-8c90-4dd1f17bc769" testListId="8c84fa94-04c1-424b-9868-57a2d4851a1d" />
    <TestEntry testId="a6f9c41f-5ed0-c96c-bb7f-fb5d30d812a5" executionId="906bfc6d-8dfa-4bce-a45f-f04ab334c8d7" testListId="8c84fa94-04c1-424b-9868-57a2d4851a1d" />
    <TestEntry testId="2f225332-0e21-75f7-07f4-8bdf7706d8a6" executionId="346bffe0-3295-4717-b185-ddabd1b0f8cc" testListId="8c84fa94-04c1-424b-9868-57a2d4851a1d" />
    <TestEntry testId="76f56124-31a2-88ce-2d55-72b9a34a85b7" executionId="9437a5d9-eb8e-4e79-a767-1fa9dd6b99d6" testListId="8c84fa94-04c1-424b-9868-57a2d4851a1d" />
    <TestEntry testId="cad8e770-6b34-3ed1-d5b9-aff90025f291" executionId="86dfd4d3-ed17-4a10-8f42-c5730c5d5575" testListId="8c84fa94-04c1-424b-9868-57a2d4851a1d" />
    <TestEntry testId="5ce1375e-46fd-90ff-af6f-56b477f36294" executionId="3b5bb67c-7471-4c8f-b0a5-2e7b4902ca65" testListId="8c84fa94-04c1-424b-9868-57a2d4851a1d" />
    <TestEntry testId="33331069-dc53-a636-5d65-773a4897854a" executionId="eda33aa5-91c7-4551-969f-daeee077df4e" testListId="8c84fa94-04c1-424b-9868-57a2d4851a1d" />
    <TestEntry testId="c2dd673d-ca57-2691-c104-7023a833ff11" executionId="4e573559-11f9-47b3-90b3-c6b02a56f518" testListId="8c84fa94-04c1-424b-9868-57a2d4851a1d" />
    <TestEntry testId="af1e35a2-62a8-4a4f-249d-2b9ad620f97f" executionId="fd1ce760-e56a-4c9c-b3bb-e38b32e179a9" testListId="8c84fa94-04c1-424b-9868-57a2d4851a1d" />
    <TestEntry testId="b2f0581d-5dcb-6a8a-df35-b5108915cfe4" executionId="770bac91-ef30-4d1e-8563-f817e908df2e" testListId="8c84fa94-04c1-424b-9868-57a2d4851a1d" />
    <TestEntry testId="6e8c0e78-ac96-07f6-2327-5c670bb6a7bf" executionId="bebc5585-7e59-4090-9014-426f5d048231" testListId="8c84fa94-04c1-424b-9868-57a2d4851a1d" />
    <TestEntry testId="a7e344e1-2528-5469-f149-8c729b6a9d91" executionId="ebf326a7-0b65-41ab-a2de-bbe9419508be" testListId="8c84fa94-04c1-424b-9868-57a2d4851a1d" />
    <TestEntry testId="1d64d188-2f85-c3c0-9756-83b6a2cd8474" executionId="203f65c1-0fce-40c6-a3e6-251c1997dbc5" testListId="8c84fa94-04c1-424b-9868-57a2d4851a1d" />
    <TestEntry testId="addbc64d-1bd3-678f-14d6-6dd2dda6bd02" executionId="ed3b5aa5-2c0e-4c56-b820-7870d1832cf0" testListId="8c84fa94-04c1-424b-9868-57a2d4851a1d" />
    <TestEntry testId="45e90a7e-78c2-d92a-c93a-505afc46f1ab" executionId="c52f9713-3668-43dd-bff3-643bdf420027" testListId="8c84fa94-04c1-424b-9868-57a2d4851a1d" />
    <TestEntry testId="85091bf5-79fb-de26-dea4-3270f148dbfd" executionId="4ce65ce2-7c43-44a7-ab69-d24e7390e60e" testListId="8c84fa94-04c1-424b-9868-57a2d4851a1d" />
    <TestEntry testId="17ba5638-6ea6-b4d6-f1bc-1949b3768658" executionId="b97b66a6-d491-456c-9585-294fd80a4e22" testListId="8c84fa94-04c1-424b-9868-57a2d4851a1d" />
    <TestEntry testId="abed422e-8ff0-5810-3b31-84bfdebdfcc3" executionId="c509e51f-40f3-477a-ba50-ac58ba88ea2f" testListId="8c84fa94-04c1-424b-9868-57a2d4851a1d" />
    <TestEntry testId="f33717b2-6c8e-2361-6ace-29e4108005a6" executionId="ab2ff00d-a54c-49d2-b20e-3b0746a354e7" testListId="8c84fa94-04c1-424b-9868-57a2d4851a1d" />
    <TestEntry testId="13877fd5-e79d-3ae7-6015-10213c2263cb" executionId="5d6ad6c7-ad8d-48a4-944c-cf7936980a91" testListId="8c84fa94-04c1-424b-9868-57a2d4851a1d" />
    <TestEntry testId="4a97d8d2-9fcf-7559-c175-69939d513efc" executionId="fed4a544-3307-4604-bd6d-ed93e1c30074" testListId="8c84fa94-04c1-424b-9868-57a2d4851a1d" />
    <TestEntry testId="549593cd-e3e2-290a-18b6-e153b1543b39" executionId="5923ff28-118e-4bde-8e1a-807747f504de" testListId="8c84fa94-04c1-424b-9868-57a2d4851a1d" />
    <TestEntry testId="2696c9e3-385a-1f49-5d53-6a80871ac3fe" executionId="7782e941-b8e4-446f-b6dc-22038285eed1" testListId="8c84fa94-04c1-424b-9868-57a2d4851a1d" />
    <TestEntry testId="9dce6ef1-0bfb-ffc5-b0e0-e06717bb70cf" executionId="0cd4badf-97a6-4a91-90d8-23bbf3061f2b" testListId="8c84fa94-04c1-424b-9868-57a2d4851a1d" />
    <TestEntry testId="efe4db7d-9fc9-dd9f-492e-e4ff6529fb1e" executionId="32143c33-f347-469b-b1fc-5cfec9d3f7a9" testListId="8c84fa94-04c1-424b-9868-57a2d4851a1d" />
    <TestEntry testId="c4ff8731-9813-5df7-e5dd-207c7cca1b16" executionId="d8577fba-014a-485c-b3d5-df2cace3963a" testListId="8c84fa94-04c1-424b-9868-57a2d4851a1d" />
    <TestEntry testId="2a4dd686-62ac-c714-9f30-f0d81a07f831" executionId="d43bd3dc-e7f4-404d-a548-4985ed7a9c8c" testListId="8c84fa94-04c1-424b-9868-57a2d4851a1d" />
    <TestEntry testId="a2942f2b-9678-3c30-9d53-cbabd8538e8a" executionId="04236ff0-dec8-411a-933e-e0ff630ad599" testListId="8c84fa94-04c1-424b-9868-57a2d4851a1d" />
    <TestEntry testId="c6be3c70-f05e-da41-cdde-2e744b71ec65" executionId="5c9e3425-f603-4746-9deb-ab3192e1091b" testListId="8c84fa94-04c1-424b-9868-57a2d4851a1d" />
    <TestEntry testId="4d11492e-27b0-719b-9344-aa3d6645e529" executionId="3ead3ba1-773e-4a55-9d20-a3459526d46f" testListId="8c84fa94-04c1-424b-9868-57a2d4851a1d" />
    <TestEntry testId="7863e25b-2679-2198-6c24-80dcdc161cf9" executionId="4a2464c4-c90b-4d61-9ac7-81e8f6ab6e58" testListId="8c84fa94-04c1-424b-9868-57a2d4851a1d" />
    <TestEntry testId="9636a1f1-1232-f981-d42a-36589836bff4" executionId="c272d498-ee27-4cb2-98b0-f3b31a7ed0e1" testListId="8c84fa94-04c1-424b-9868-57a2d4851a1d" />
    <TestEntry testId="88fa8516-0d21-8d70-a765-06ab5bfbd249" executionId="7f9982a8-8dfc-46ad-823b-74f5ac11567d" testListId="8c84fa94-04c1-424b-9868-57a2d4851a1d" />
    <TestEntry testId="1e94fe66-ebdd-242f-d52f-6bae60dddc8c" executionId="85bda2f9-49b7-42ff-99e0-0299481e0928" testListId="8c84fa94-04c1-424b-9868-57a2d4851a1d" />
    <TestEntry testId="0d816db9-c190-9338-49a3-bd0095232832" executionId="2cde844e-6160-4264-815b-5490a6f9d4fc" testListId="8c84fa94-04c1-424b-9868-57a2d4851a1d" />
    <TestEntry testId="18ccdda0-c082-96fc-d95c-7842b85332a3" executionId="52434845-9b25-4afa-a068-f2c3b93b31c9" testListId="8c84fa94-04c1-424b-9868-57a2d4851a1d" />
    <TestEntry testId="a45efc73-9982-c081-715a-b39f84b6a0cd" executionId="e9ae1f2c-2189-42c9-8775-73b86654c95f" testListId="8c84fa94-04c1-424b-9868-57a2d4851a1d" />
    <TestEntry testId="8711fcc3-eab8-86a0-2ca3-46b7c717fdd4" executionId="38f9b748-36ea-490f-989d-5a4b43e1636a" testListId="8c84fa94-04c1-424b-9868-57a2d4851a1d" />
    <TestEntry testId="f23cbfaa-bd0e-0a68-964c-aedac70dbd89" executionId="f9cbc3c4-7f46-447f-a9aa-21fb14aa84bf" testListId="8c84fa94-04c1-424b-9868-57a2d4851a1d" />
    <TestEntry testId="b475e3ab-bcbc-5954-7660-9f7524c4b9d5" executionId="22d46a29-c830-46d5-99e7-875b017fdee4" testListId="8c84fa94-04c1-424b-9868-57a2d4851a1d" />
    <TestEntry testId="d01a472c-8c79-6237-bbd9-99dcce00cbb8" executionId="f21a21ae-bcc0-4b65-8518-1bd69419fef7" testListId="8c84fa94-04c1-424b-9868-57a2d4851a1d" />
    <TestEntry testId="e7d7638f-db70-d29e-fb1f-5160e555e3cc" executionId="546fa90f-1b4a-4371-a0ff-83353fc34c8e" testListId="8c84fa94-04c1-424b-9868-57a2d4851a1d" />
    <TestEntry testId="9e8c2141-20ec-ba37-0f1b-2e2277c88211" executionId="fecf9f81-4720-4e02-9db1-9cdcef99b77c" testListId="8c84fa94-04c1-424b-9868-57a2d4851a1d" />
    <TestEntry testId="bebeb62d-71fa-2720-42c0-f4320951d2ce" executionId="9f7e1a4b-e1ca-4588-a1b3-14888191ded3" testListId="8c84fa94-04c1-424b-9868-57a2d4851a1d" />
    <TestEntry testId="08662725-81c0-39ee-21c2-6a500f721bcc" executionId="ae6f227e-07fc-438e-8f79-0af30447a743" testListId="8c84fa94-04c1-424b-9868-57a2d4851a1d" />
    <TestEntry testId="b023ed0a-de55-261e-b76b-b001235c2a21" executionId="57f4441e-6961-42c3-bebf-dbc38dd4e8d2" testListId="8c84fa94-04c1-424b-9868-57a2d4851a1d" />
    <TestEntry testId="e5d871b7-fc8e-4988-1624-5f0f63d734ec" executionId="3ca94eb8-40e6-46e2-b0e0-3639d9ecb413" testListId="8c84fa94-04c1-424b-9868-57a2d4851a1d" />
    <TestEntry testId="86196731-e240-8e80-a6e3-fc0d4e3d2f5c" executionId="f6b2f452-75c2-497e-997d-ac27a3ccfd9b" testListId="8c84fa94-04c1-424b-9868-57a2d4851a1d" />
    <TestEntry testId="0d68917f-e0c8-8b03-5d02-6e8d6b862245" executionId="6aba0fc4-8bec-4e4d-bf4f-8f1f81e95712" testListId="8c84fa94-04c1-424b-9868-57a2d4851a1d" />
    <TestEntry testId="cf8740b0-df8d-bf5f-0e36-f1c7c45fcdee" executionId="b37798e7-77a4-441b-822b-398ddb8d85aa" testListId="8c84fa94-04c1-424b-9868-57a2d4851a1d" />
    <TestEntry testId="1131d610-fdb8-bf14-5dd7-5607c21d80e3" executionId="c7f2c37c-e659-41b8-a097-122bc708e53b" testListId="8c84fa94-04c1-424b-9868-57a2d4851a1d" />
    <TestEntry testId="4af45186-897f-200d-9f00-a1608aaab093" executionId="976373aa-50da-4504-98bd-73af7a378515" testListId="8c84fa94-04c1-424b-9868-57a2d4851a1d" />
    <TestEntry testId="f8d3c854-1d0a-1d27-f1f9-7cfc35295620" executionId="1dfbd3a4-39fc-4d9e-86c9-3ac4821f35e2" testListId="8c84fa94-04c1-424b-9868-57a2d4851a1d" />
    <TestEntry testId="d7e4860d-7071-2952-a78b-70bcfc57bf72" executionId="5dc4df2e-ecda-4e4f-99dd-4ea2495b1447" testListId="8c84fa94-04c1-424b-9868-57a2d4851a1d" />
    <TestEntry testId="dc3b0316-49f0-426f-b38e-3bcd6e62bfdd" executionId="d6e51c32-523e-4ff5-9b98-bb38dad85491" testListId="8c84fa94-04c1-424b-9868-57a2d4851a1d" />
    <TestEntry testId="4aba77ec-b883-b9a3-2441-be573e48795b" executionId="050d8722-0962-4a9c-8a88-071462fcd3de" testListId="8c84fa94-04c1-424b-9868-57a2d4851a1d" />
    <TestEntry testId="086df0e0-5aad-7a70-c738-24f763045ce7" executionId="8d4e8862-fa20-4958-8148-01bd87b0e919" testListId="8c84fa94-04c1-424b-9868-57a2d4851a1d" />
    <TestEntry testId="57bd8ba2-a7b1-3773-dd72-99c3e39978da" executionId="3fc93bf5-d29a-4382-a8ce-b0d881cfe942" testListId="8c84fa94-04c1-424b-9868-57a2d4851a1d" />
    <TestEntry testId="41b6c041-6264-4714-8517-a042a107be15" executionId="cfcafaca-a319-464f-a25d-27d690b17c28" testListId="8c84fa94-04c1-424b-9868-57a2d4851a1d" />
    <TestEntry testId="f5dc02d2-c831-9a51-1ebc-8f8a343ea344" executionId="fa5628d3-5560-43e6-b940-e2e34aff02e0" testListId="8c84fa94-04c1-424b-9868-57a2d4851a1d" />
    <TestEntry testId="a8208005-f5a7-973c-33f3-44102c0d608d" executionId="1842375a-ea3d-48f0-a4e2-5d491c1f89eb" testListId="8c84fa94-04c1-424b-9868-57a2d4851a1d" />
    <TestEntry testId="112015e3-431e-b435-09f5-dc36bf2bbc1b" executionId="7cbaa087-26ab-4400-8fcd-10ce99cd64de" testListId="8c84fa94-04c1-424b-9868-57a2d4851a1d" />
    <TestEntry testId="047ae752-4baa-4950-c45b-96826b207ed0" executionId="b970ecdf-e9aa-47fb-be32-814e8ebea326" testListId="8c84fa94-04c1-424b-9868-57a2d4851a1d" />
    <TestEntry testId="ce2cf82c-5810-0ccc-465a-37da15418741" executionId="b8a7e1c7-a7b7-4e21-a14b-690ce43bac29" testListId="8c84fa94-04c1-424b-9868-57a2d4851a1d" />
    <TestEntry testId="dda1789b-98bf-2ab4-b6fb-aff5b89b7425" executionId="4f50a7f2-3e58-4eaf-8f2d-2f8fe7300541" testListId="8c84fa94-04c1-424b-9868-57a2d4851a1d" />
    <TestEntry testId="a28e9689-4e5e-848d-448b-9fc289af2ecb" executionId="7b8612f1-fe60-4dc7-b356-02ba54440c8a" testListId="8c84fa94-04c1-424b-9868-57a2d4851a1d" />
    <TestEntry testId="962aa215-0703-be2d-ae49-5fe79d594412" executionId="0be3f187-d32e-440a-8189-162581174e8d" testListId="8c84fa94-04c1-424b-9868-57a2d4851a1d" />
    <TestEntry testId="5e9a784a-512a-9e3c-4365-749c6efbd67e" executionId="c8a3fab4-d240-4a23-aee5-c5008b3bb526" testListId="8c84fa94-04c1-424b-9868-57a2d4851a1d" />
    <TestEntry testId="0af4332b-024f-1289-6f42-007e21f2be10" executionId="56d30175-e287-4530-ae59-471f0ca172c5" testListId="8c84fa94-04c1-424b-9868-57a2d4851a1d" />
    <TestEntry testId="c7b7da64-3485-b2c1-376a-4a2776f7bf98" executionId="760c080c-5768-4fb1-934f-f053fd4c1463" testListId="8c84fa94-04c1-424b-9868-57a2d4851a1d" />
    <TestEntry testId="5a8fb903-2861-1882-49ca-4356404c3995" executionId="0cc93335-1344-4337-afee-a240854a2621" testListId="8c84fa94-04c1-424b-9868-57a2d4851a1d" />
    <TestEntry testId="d6e18f4d-928d-faa8-fd00-f4b6e0b7623e" executionId="de761be2-141a-4f1b-ad1d-e427fc990b75" testListId="8c84fa94-04c1-424b-9868-57a2d4851a1d" />
    <TestEntry testId="fc2cbc5b-c2b1-3d19-f684-8de533e0344a" executionId="06c9c479-4dce-4272-904c-0bb4967e2d54" testListId="8c84fa94-04c1-424b-9868-57a2d4851a1d" />
    <TestEntry testId="1153276a-4acc-8389-9593-9aed2f86bdf6" executionId="34c306c2-f1fe-4834-82b9-12aa5b9415ed" testListId="8c84fa94-04c1-424b-9868-57a2d4851a1d" />
    <TestEntry testId="90f82d21-92dc-bc32-5511-a2c2549dad1d" executionId="310f9dcc-9f65-4727-9d87-b1433c27c1e0" testListId="8c84fa94-04c1-424b-9868-57a2d4851a1d" />
    <TestEntry testId="876c309e-bcb3-56f1-e371-740d48449c19" executionId="8ac5b83a-9d69-4990-974b-1c26bd4b2629" testListId="8c84fa94-04c1-424b-9868-57a2d4851a1d" />
    <TestEntry testId="0c50b0ff-2617-98bb-3217-a3a88ea54c14" executionId="5a42169d-466f-4f0a-b27c-9d402102fd18" testListId="8c84fa94-04c1-424b-9868-57a2d4851a1d" />
    <TestEntry testId="f7bcbf5e-0012-a0f0-d3f0-82ca6b14f5dd" executionId="5dfdd7e7-660e-4c66-93e5-9fe9c18a1b04" testListId="8c84fa94-04c1-424b-9868-57a2d4851a1d" />
    <TestEntry testId="a68d8bd1-83c1-7dcf-88ae-373561151afd" executionId="555ce0a9-3e7d-449c-bded-afcac4510674" testListId="8c84fa94-04c1-424b-9868-57a2d4851a1d" />
    <TestEntry testId="165e0853-e6ec-d7d3-2c96-375c649002cc" executionId="f0372e57-fcc2-40f1-897a-f0f8943fa908" testListId="8c84fa94-04c1-424b-9868-57a2d4851a1d" />
    <TestEntry testId="ac0bff77-e4ee-0120-d789-0cc06032e8d1" executionId="4f56be3e-e583-4428-9b5d-5ce31ca9d802" testListId="8c84fa94-04c1-424b-9868-57a2d4851a1d" />
    <TestEntry testId="d2f75ecd-c8ef-a49e-a7d9-9ac8db3c0867" executionId="30ddcba1-2e75-4773-aac4-bf8964c7ba7f" testListId="8c84fa94-04c1-424b-9868-57a2d4851a1d" />
    <TestEntry testId="9b69c053-abc5-671a-966c-e8011ea8926f" executionId="cf4965b5-a060-4ca0-9593-f8235383f33b" testListId="8c84fa94-04c1-424b-9868-57a2d4851a1d" />
    <TestEntry testId="184dde77-5a92-558e-ebbc-812bb20e2c0f" executionId="3986ae7b-41b3-4f77-af5c-84ab4015e79f" testListId="8c84fa94-04c1-424b-9868-57a2d4851a1d" />
    <TestEntry testId="e591cb66-07e5-1b9d-9e29-d469d485e69c" executionId="3c8f339d-5cf0-4ef4-9b58-3531aaca5bcd" testListId="8c84fa94-04c1-424b-9868-57a2d4851a1d" />
    <TestEntry testId="84b8f2a7-62b5-8ef3-473a-8f8892e8765c" executionId="9300e9f6-12e5-4c9b-b4b3-4c855d10b11d" testListId="8c84fa94-04c1-424b-9868-57a2d4851a1d" />
    <TestEntry testId="77cba9e9-3a3f-2b38-cfa1-fd20ef6dec97" executionId="2e278b0a-a6b0-4f6c-9dd5-4e99d783e952" testListId="8c84fa94-04c1-424b-9868-57a2d4851a1d" />
    <TestEntry testId="0a4bd700-62ec-92c2-9d2a-4cd013e53bcb" executionId="68d5f267-dad9-4c16-ae5a-60ea732ecc62" testListId="8c84fa94-04c1-424b-9868-57a2d4851a1d" />
    <TestEntry testId="dd6a6056-335a-e790-dd5c-836d1beab39a" executionId="d4dab2f5-cf3f-48ea-8830-d04c1afea027" testListId="8c84fa94-04c1-424b-9868-57a2d4851a1d" />
    <TestEntry testId="5effecc7-0d7c-71b0-4a5d-1b5e24448f32" executionId="b43edbfe-7eac-4251-9831-c9dc5d0c8944" testListId="8c84fa94-04c1-424b-9868-57a2d4851a1d" />
    <TestEntry testId="931ed933-de82-365f-5037-e2d1c5c2f2a2" executionId="21f7d804-65fb-4041-95c3-d14f094e0934" testListId="8c84fa94-04c1-424b-9868-57a2d4851a1d" />
    <TestEntry testId="131a26fa-18ee-ab45-1c25-e4348e5f16b7" executionId="3a695bed-cb58-4f3b-9db7-d2414eddf5b7" testListId="8c84fa94-04c1-424b-9868-57a2d4851a1d" />
    <TestEntry testId="79131a3d-642e-dea5-31f3-3e3bb8d72cf5" executionId="28a5b4d5-b5c4-495d-8bc8-20c41901943c" testListId="8c84fa94-04c1-424b-9868-57a2d4851a1d" />
    <TestEntry testId="eca2f5e0-8a90-6eb5-1db4-f1eb3f5fb4f4" executionId="afc1e4ab-aa0c-4a54-bc9b-303fa2a91ef2" testListId="8c84fa94-04c1-424b-9868-57a2d4851a1d" />
    <TestEntry testId="d7914310-2797-ff1f-ca17-4f5e247c4bf2" executionId="5f63cd84-a917-4df8-b6a2-406159f4af0c" testListId="8c84fa94-04c1-424b-9868-57a2d4851a1d" />
    <TestEntry testId="1e269b48-31d1-e9d9-6456-feb927b5229e" executionId="b551fcdb-dd6e-483a-9b0d-d9c57de7d6f2" testListId="8c84fa94-04c1-424b-9868-57a2d4851a1d" />
    <TestEntry testId="272037c0-f590-39e8-9884-c04de913150c" executionId="1f0932a4-33d2-48dc-9f69-b8254badd010" testListId="8c84fa94-04c1-424b-9868-57a2d4851a1d" />
    <TestEntry testId="9deaeb24-21b9-9f12-691a-fda61c229e90" executionId="7b46d8c1-34b1-498f-8a8f-78fbbcee675f" testListId="8c84fa94-04c1-424b-9868-57a2d4851a1d" />
    <TestEntry testId="f31307eb-7ac9-c75e-b886-051d44063f63" executionId="a1a1658b-a87c-4428-ac17-70ca25ae7216" testListId="8c84fa94-04c1-424b-9868-57a2d4851a1d" />
    <TestEntry testId="ce6e2ff3-4955-41da-37f3-e3853ebb6060" executionId="0a02f58a-420f-4dda-925d-7d13f5a7c554" testListId="8c84fa94-04c1-424b-9868-57a2d4851a1d" />
    <TestEntry testId="935f9d23-02e5-8e42-a5d2-10f08e3ce4fe" executionId="47a8a58f-206e-4af2-828c-769fb1a8c34f" testListId="8c84fa94-04c1-424b-9868-57a2d4851a1d" />
    <TestEntry testId="370610a6-40ac-68fd-6f42-3e5c99313cb3" executionId="fc746332-6b9c-4d2f-a018-df60f0cbf5b4" testListId="8c84fa94-04c1-424b-9868-57a2d4851a1d" />
    <TestEntry testId="5764435e-95eb-e757-9f1b-c59c8d326b1c" executionId="925b73bc-b9f1-4b26-8386-8cc6e439b21a" testListId="8c84fa94-04c1-424b-9868-57a2d4851a1d" />
    <TestEntry testId="8ccd7a8f-ef67-0ae3-b153-d3f9ffe8fcc3" executionId="48293843-f5a7-425f-9c38-5a268257e529" testListId="8c84fa94-04c1-424b-9868-57a2d4851a1d" />
    <TestEntry testId="4de4ebe7-83f6-7012-06a9-129e6a434184" executionId="394d136c-dd74-489a-868a-4104ccea4fc3" testListId="8c84fa94-04c1-424b-9868-57a2d4851a1d" />
    <TestEntry testId="048d6a52-6981-f00b-b420-3b6a2fb00ce8" executionId="58dcb23b-9fe3-45c5-b41a-17c9e4ae1d44" testListId="8c84fa94-04c1-424b-9868-57a2d4851a1d" />
    <TestEntry testId="c620d01b-a235-adbe-ef3b-c8f7cbb07bda" executionId="ab79700d-d7f6-4786-9fe3-fe6c0b9c4988" testListId="8c84fa94-04c1-424b-9868-57a2d4851a1d" />
    <TestEntry testId="a3a279c4-f3f7-95fe-94ce-1de6e3205e7e" executionId="0b542508-d9ff-46eb-b0df-8471dc2105ac" testListId="8c84fa94-04c1-424b-9868-57a2d4851a1d" />
    <TestEntry testId="5479df44-d54f-1884-c573-5213e20618b0" executionId="a9495b9d-c90e-4f7d-b868-0cc816ec4905" testListId="8c84fa94-04c1-424b-9868-57a2d4851a1d" />
    <TestEntry testId="737570f7-4183-1643-93e9-5894a6ee837f" executionId="918e60dd-352e-4d46-b3b1-7f18aac37db6" testListId="8c84fa94-04c1-424b-9868-57a2d4851a1d" />
    <TestEntry testId="8893b278-aa55-a685-d169-59d2e6a2a2db" executionId="207fb49a-b953-43aa-b3d2-769ee272e195" testListId="8c84fa94-04c1-424b-9868-57a2d4851a1d" />
    <TestEntry testId="5038381c-1ef8-8dbb-06ed-8a9f21662b0a" executionId="4b07e40f-9423-4100-b9a4-203c84c534e0" testListId="8c84fa94-04c1-424b-9868-57a2d4851a1d" />
    <TestEntry testId="2ea7f788-a228-7eb9-ef8c-629855bfb76d" executionId="da56e162-8567-49fe-8b4c-21bb0466c7bf" testListId="8c84fa94-04c1-424b-9868-57a2d4851a1d" />
    <TestEntry testId="5ed08d6e-1829-53d6-39c2-5824072e1015" executionId="dfbe36c2-8fa5-40e1-8fe1-a93aaf9b19a6" testListId="8c84fa94-04c1-424b-9868-57a2d4851a1d" />
    <TestEntry testId="8b769f83-03d1-54d2-bd91-c30ba7e579fb" executionId="3f185bcf-d00c-42a1-9a19-07af4ac3f432" testListId="8c84fa94-04c1-424b-9868-57a2d4851a1d" />
    <TestEntry testId="52b60312-f92a-489e-ac83-49b5962a1a66" executionId="c6a27f2f-ab07-430f-a49a-793113b047f8" testListId="8c84fa94-04c1-424b-9868-57a2d4851a1d" />
    <TestEntry testId="9ef40f5e-38f9-a518-38bf-9ae97100aebe" executionId="dbbef338-a6f7-49c1-8cd1-28632f16cb76" testListId="8c84fa94-04c1-424b-9868-57a2d4851a1d" />
    <TestEntry testId="cdb294e5-a11e-c1b8-28c0-e318e116348c" executionId="81f6f268-eea6-4f92-8d43-4d91044fd3f5" testListId="8c84fa94-04c1-424b-9868-57a2d4851a1d" />
    <TestEntry testId="157aad73-8765-1a18-20a7-9dff1712428b" executionId="34894f6f-87fe-4bea-a997-20889db5313c" testListId="8c84fa94-04c1-424b-9868-57a2d4851a1d" />
    <TestEntry testId="3dd075ba-7c20-36ac-fd3e-ad2d99db0844" executionId="7ec30eb1-6a1f-46c2-ad46-90652a74cdeb" testListId="8c84fa94-04c1-424b-9868-57a2d4851a1d" />
    <TestEntry testId="4ac98c6c-183a-9821-4f8c-c314ab12e456" executionId="1f7d46ec-56ef-4404-abbf-615ba6d3828d" testListId="8c84fa94-04c1-424b-9868-57a2d4851a1d" />
    <TestEntry testId="7cda1263-ac69-512e-7ac9-aa77b99959cd" executionId="bc93464f-ccfc-4715-a660-bafb9895a011" testListId="8c84fa94-04c1-424b-9868-57a2d4851a1d" />
    <TestEntry testId="bd651570-26ef-748e-338b-ea4a28651cdb" executionId="5ec9e36c-f61e-4da2-ad83-2496742120da" testListId="8c84fa94-04c1-424b-9868-57a2d4851a1d" />
    <TestEntry testId="a7a0d721-aaa5-74c0-69b6-e91fcbb08804" executionId="8965d00b-a8f8-40c7-8d11-5ef5aa21b483" testListId="8c84fa94-04c1-424b-9868-57a2d4851a1d" />
    <TestEntry testId="354575f3-258a-a333-c17e-93eec2bc0cc7" executionId="a7fa4826-1a53-47ce-be7f-414f7b6cb7fd" testListId="8c84fa94-04c1-424b-9868-57a2d4851a1d" />
    <TestEntry testId="19f414fb-e29e-e53a-f5c0-dddd8004a79d" executionId="1622ae50-2522-403c-b9a2-3896e2cf283a" testListId="8c84fa94-04c1-424b-9868-57a2d4851a1d" />
    <TestEntry testId="92da1333-fabd-2900-5a70-ee9fd98edfc4" executionId="190a05bf-8e19-4480-b63b-caf97cb78398" testListId="8c84fa94-04c1-424b-9868-57a2d4851a1d" />
    <TestEntry testId="a1232aab-9143-95b0-ed05-58af3d018f0d" executionId="7e5e5888-5a2a-43c2-81e1-c48eb90b2101" testListId="8c84fa94-04c1-424b-9868-57a2d4851a1d" />
    <TestEntry testId="ed7bec68-0198-a68e-a9fa-29c0dcede6d8" executionId="a32ef7f2-4aca-4a33-bc30-5f635906e72c" testListId="8c84fa94-04c1-424b-9868-57a2d4851a1d" />
    <TestEntry testId="7bbe3c7b-c7f6-b4cd-97f0-8c1f6db6c80e" executionId="bd3847fe-8d97-4231-a181-e83ad2c207c6" testListId="8c84fa94-04c1-424b-9868-57a2d4851a1d" />
    <TestEntry testId="4daaf6d7-7b46-8260-2000-7f96a4364f19" executionId="f18c7a89-e8d2-4853-aa00-ee4e8ae09cd4" testListId="8c84fa94-04c1-424b-9868-57a2d4851a1d" />
    <TestEntry testId="4fb20969-8818-625a-fe73-6165a97fd7c8" executionId="cfb88edf-643c-4d68-b787-fc4428bdc68d" testListId="8c84fa94-04c1-424b-9868-57a2d4851a1d" />
    <TestEntry testId="550475a3-cdd8-1a4c-8164-53657594f4b5" executionId="e764acb5-0523-4131-b80e-214532ea45fc" testListId="8c84fa94-04c1-424b-9868-57a2d4851a1d" />
    <TestEntry testId="c3476bd9-ab82-3913-af01-2849b9aa1d17" executionId="ea13f5fe-543d-4b92-94e2-6b91666c51bd" testListId="8c84fa94-04c1-424b-9868-57a2d4851a1d" />
    <TestEntry testId="8a8e4fe8-cc44-1592-1359-5f4e8b98044b" executionId="b2021410-cebf-4640-bc4c-6953072bf8bf" testListId="8c84fa94-04c1-424b-9868-57a2d4851a1d" />
    <TestEntry testId="1757e59b-40da-bd94-15dd-39f1d4194c31" executionId="26ce4a54-1f5a-4822-816c-3d9dafd85c60" testListId="8c84fa94-04c1-424b-9868-57a2d4851a1d" />
    <TestEntry testId="2fb66288-907e-6f79-7496-8522636043b2" executionId="099fb6e7-5a21-4fc3-8139-cd98bf3467ca" testListId="8c84fa94-04c1-424b-9868-57a2d4851a1d" />
    <TestEntry testId="b15c0dd5-d448-b8b2-12b9-2297f983e50d" executionId="40f9097d-d268-428f-81fa-b034038f0f52" testListId="8c84fa94-04c1-424b-9868-57a2d4851a1d" />
    <TestEntry testId="23557db4-cf2f-5c4a-81e2-b54970cb5a80" executionId="f9dc80b3-15a8-4e37-8c66-77c44bb558e8" testListId="8c84fa94-04c1-424b-9868-57a2d4851a1d" />
    <TestEntry testId="e998f77e-77b2-7e10-d8db-3813eb8031aa" executionId="b10441ef-23fb-47c0-8576-69848bae7ff2" testListId="8c84fa94-04c1-424b-9868-57a2d4851a1d" />
    <TestEntry testId="ae62f6d0-4efb-1563-b9f4-62dadf9c392c" executionId="41e46a73-8b3d-456d-b396-a277ee2e6720" testListId="8c84fa94-04c1-424b-9868-57a2d4851a1d" />
    <TestEntry testId="ed1eba09-8472-7b1b-0969-bd05029178c2" executionId="d0c2dafd-84d8-4971-bd15-57d1e2b57ed3" testListId="8c84fa94-04c1-424b-9868-57a2d4851a1d" />
    <TestEntry testId="f7312006-b3af-0869-4d9b-ec9b8e868889" executionId="7b6ac934-9ff4-464d-a22c-6e375fcb672a" testListId="8c84fa94-04c1-424b-9868-57a2d4851a1d" />
    <TestEntry testId="785adfea-b9ff-19b0-fdb3-0e5d5ad68924" executionId="4c7765ce-e0d9-4ac2-ae4a-21ff5d0e6166" testListId="8c84fa94-04c1-424b-9868-57a2d4851a1d" />
    <TestEntry testId="a66072e2-b1f7-196d-b793-cd24ef5c3a36" executionId="daaca1ff-f786-4c67-8c8f-fd28482acb07" testListId="8c84fa94-04c1-424b-9868-57a2d4851a1d" />
    <TestEntry testId="017cc019-8cef-3e6e-38b3-9860b15006c5" executionId="f3662e0e-38c2-4815-9522-7acb1bb63733" testListId="8c84fa94-04c1-424b-9868-57a2d4851a1d" />
    <TestEntry testId="e5b3b709-ebd8-5410-dfc8-207021a3b5a1" executionId="74f4d0de-b087-4121-8eda-10b0b31f7afd" testListId="8c84fa94-04c1-424b-9868-57a2d4851a1d" />
    <TestEntry testId="535a6c4c-9d95-551a-92bd-bde3b28a38d2" executionId="889a8f0e-4e47-4dc4-b1a8-bda5e655bbd1" testListId="8c84fa94-04c1-424b-9868-57a2d4851a1d" />
    <TestEntry testId="50ac9240-7e70-f521-a930-8425f2e1e8c4" executionId="46ae8cce-ef60-4ff0-a6bc-47570d9bbfa8" testListId="8c84fa94-04c1-424b-9868-57a2d4851a1d" />
    <TestEntry testId="5abecf11-14e8-1dec-27ca-77abbda42776" executionId="e9e3e8aa-5027-4da8-a2f6-43287bd8cedb" testListId="8c84fa94-04c1-424b-9868-57a2d4851a1d" />
    <TestEntry testId="197e6921-40ea-6a05-42eb-bd7a939f37cd" executionId="25d81e63-8ca6-4a62-806d-670236e72c2f" testListId="8c84fa94-04c1-424b-9868-57a2d4851a1d" />
    <TestEntry testId="a9befe17-1a37-48c6-1312-217259747307" executionId="508335ec-82de-4d95-ba1c-c816ca163e91" testListId="8c84fa94-04c1-424b-9868-57a2d4851a1d" />
    <TestEntry testId="e976302a-a37c-8679-9199-ce1bff08e845" executionId="57b31c1f-a6cc-4678-8ba0-45d099ad2da8" testListId="8c84fa94-04c1-424b-9868-57a2d4851a1d" />
    <TestEntry testId="6ec299cf-433f-6019-4dfb-ce39d2dfd94a" executionId="2c3eec67-9b77-4bd3-b093-56ad61020763" testListId="8c84fa94-04c1-424b-9868-57a2d4851a1d" />
    <TestEntry testId="ee5f0f9a-0e04-d5a2-b25f-f40f3b08b3de" executionId="a8ea583a-90e1-46b9-91a0-793241fd64d8" testListId="8c84fa94-04c1-424b-9868-57a2d4851a1d" />
    <TestEntry testId="52d5db23-51cb-3736-9800-a010b174438e" executionId="3a566c7b-f012-4c1f-bec2-d9cc7baf7e4a" testListId="8c84fa94-04c1-424b-9868-57a2d4851a1d" />
    <TestEntry testId="284b6dde-d469-e7b6-918d-53acf8f9cd77" executionId="396bd578-0276-4983-80dc-a77d63b80af5" testListId="8c84fa94-04c1-424b-9868-57a2d4851a1d" />
    <TestEntry testId="26cac981-fbd9-d7dc-6bf9-6e552986f888" executionId="8c818fbb-2b44-40d8-a8a2-a3f9fa164549" testListId="8c84fa94-04c1-424b-9868-57a2d4851a1d" />
    <TestEntry testId="a2c49861-8cfa-cfb9-a354-4ffbac34fc0c" executionId="1403daf4-06c6-42ab-80eb-d6eada073dfc" testListId="8c84fa94-04c1-424b-9868-57a2d4851a1d" />
    <TestEntry testId="c91a6029-2d3a-0f60-dab5-db888083c7c3" executionId="357aebe3-e6e2-45da-a4b0-d0491ec7c4ed" testListId="8c84fa94-04c1-424b-9868-57a2d4851a1d" />
    <TestEntry testId="103905f4-9b3f-baa3-099f-93a0f91d8394" executionId="3519d467-d14b-4ed5-9d3c-61ee50d5b634" testListId="8c84fa94-04c1-424b-9868-57a2d4851a1d" />
    <TestEntry testId="32ed77af-24ae-94bc-03f8-4122e838d29f" executionId="99a9db16-0f9f-4b5c-9f3d-b6d596d6ceeb" testListId="8c84fa94-04c1-424b-9868-57a2d4851a1d" />
    <TestEntry testId="1a438984-8e5e-2cb0-c251-969595afcd3b" executionId="df6baeb2-3a9d-44b1-af59-7903a1460a48" testListId="8c84fa94-04c1-424b-9868-57a2d4851a1d" />
    <TestEntry testId="63624589-6e81-4374-c68c-608870ab2423" executionId="0a6a4f3b-e943-4d68-aa2e-d88696a1fa16" testListId="8c84fa94-04c1-424b-9868-57a2d4851a1d" />
    <TestEntry testId="05cdc091-f2e6-9c3b-1f81-118e480d95e3" executionId="0c7b2ae1-a36e-4edd-9e58-304cde87d2ff" testListId="8c84fa94-04c1-424b-9868-57a2d4851a1d" />
    <TestEntry testId="a6949d64-370a-8be7-7bab-9ebfeb9ac327" executionId="9853c4e2-3715-4c7d-b7eb-4afe2bec2054" testListId="8c84fa94-04c1-424b-9868-57a2d4851a1d" />
    <TestEntry testId="0d6c642a-81af-572a-f3ab-8e4b1d302c6a" executionId="352a1f9b-d871-4624-9589-165c4e0250a7" testListId="8c84fa94-04c1-424b-9868-57a2d4851a1d" />
    <TestEntry testId="f107b2f8-e52e-2d8a-eafb-dc1e00450b6b" executionId="9f72cc84-67c7-4cd6-8f85-258aeaabd5c5" testListId="8c84fa94-04c1-424b-9868-57a2d4851a1d" />
    <TestEntry testId="69b3d945-2a1b-80c9-0ef7-10272f3bf7eb" executionId="7fbacc84-936c-4887-9c22-4a04442096c1" testListId="8c84fa94-04c1-424b-9868-57a2d4851a1d" />
    <TestEntry testId="f4c83ffd-478a-19b7-4825-b6d0081bab21" executionId="4e10f585-36d6-4f24-b9ef-721febb96638" testListId="8c84fa94-04c1-424b-9868-57a2d4851a1d" />
    <TestEntry testId="ed5d2d51-b6a2-01b7-2ce0-6c8ba87417c3" executionId="1c531dd1-5c92-47d9-9cdf-9080c9c446f0" testListId="8c84fa94-04c1-424b-9868-57a2d4851a1d" />
    <TestEntry testId="e5d0a93d-5262-e4d0-5f45-ee6b0db6945d" executionId="e2758f91-d349-48a5-a086-283e7b4e0cbf" testListId="8c84fa94-04c1-424b-9868-57a2d4851a1d" />
    <TestEntry testId="074ff88b-4399-26b0-d5af-74bb943b8f07" executionId="014b644a-963d-4e54-9c27-f524d5f842f7" testListId="8c84fa94-04c1-424b-9868-57a2d4851a1d" />
    <TestEntry testId="cb0b865d-639c-dd58-a3ea-f0a088ec0432" executionId="3cd343ee-f9bf-4d7f-a000-48def25bfc65" testListId="8c84fa94-04c1-424b-9868-57a2d4851a1d" />
    <TestEntry testId="d44210af-46ab-fec2-8d60-032381467d22" executionId="e06399d9-3140-4504-94af-ba08323dc80e" testListId="8c84fa94-04c1-424b-9868-57a2d4851a1d" />
    <TestEntry testId="47525e4b-96e7-dfdf-5445-9a26f7449bd8" executionId="bf15a5da-c6d5-422a-922c-1b6339b322d4" testListId="8c84fa94-04c1-424b-9868-57a2d4851a1d" />
    <TestEntry testId="dc096e9d-933e-6e98-213b-490659477502" executionId="0d4fa941-50aa-4621-a423-dc56fd66a6f1" testListId="8c84fa94-04c1-424b-9868-57a2d4851a1d" />
    <TestEntry testId="56b52fe7-501e-5059-ffb3-616a27cb0414" executionId="c32773ad-8f28-4ba1-ad27-eb2bdbec072c" testListId="8c84fa94-04c1-424b-9868-57a2d4851a1d" />
    <TestEntry testId="d971de1e-b31f-31c2-fa67-f30dd423d56b" executionId="c96adcc8-8760-49bc-99e6-937cfe9aaf73" testListId="8c84fa94-04c1-424b-9868-57a2d4851a1d" />
    <TestEntry testId="b18c5783-3346-0ed2-7230-790ae4df554b" executionId="3a56cecd-dd14-46f3-9532-03c83858ecb9" testListId="8c84fa94-04c1-424b-9868-57a2d4851a1d" />
    <TestEntry testId="a466016b-4a7a-12db-67a6-4d7bfdd8044c" executionId="bfb365af-ced2-45d7-846a-56b52bbae5e3" testListId="8c84fa94-04c1-424b-9868-57a2d4851a1d" />
    <TestEntry testId="edafcc43-4593-3e69-06bb-d94b360979cb" executionId="3844e7e0-68ae-4c48-89a8-4f52b50784fe" testListId="8c84fa94-04c1-424b-9868-57a2d4851a1d" />
    <TestEntry testId="102f1558-5f20-a6d5-8bb1-2bdfa2e7b50e" executionId="6c0a79a2-b63b-49d1-be55-d09bd83171ac" testListId="8c84fa94-04c1-424b-9868-57a2d4851a1d" />
    <TestEntry testId="2f100db4-2fb5-00e2-487e-75a3a7b6d272" executionId="f7a97df6-df0a-4e47-b03c-f0f4cf073840" testListId="8c84fa94-04c1-424b-9868-57a2d4851a1d" />
    <TestEntry testId="e9210e25-ddb7-3ad7-3147-1b0286b3f5d2" executionId="8b5dea01-958b-456b-8e21-951f17ebf8ff" testListId="8c84fa94-04c1-424b-9868-57a2d4851a1d" />
    <TestEntry testId="cd8ebcc2-066f-cdc6-6883-57e1205bcf51" executionId="23533a3b-74a3-4f1c-9b8f-7ee71d234291" testListId="8c84fa94-04c1-424b-9868-57a2d4851a1d" />
    <TestEntry testId="654dfcc7-b76a-e7bb-4995-363927b604e0" executionId="e7a79eb9-3422-4fe7-ab86-486b562b100a" testListId="8c84fa94-04c1-424b-9868-57a2d4851a1d" />
    <TestEntry testId="95bdcbe4-e420-deb8-8439-dbd680e08a25" executionId="88299627-9ec0-429f-9748-4b1e8dc37d70" testListId="8c84fa94-04c1-424b-9868-57a2d4851a1d" />
    <TestEntry testId="9e1c156c-7717-458a-15e2-7e227d19e93b" executionId="97966ddb-fb12-4973-b7d6-2eaa1478fbda" testListId="8c84fa94-04c1-424b-9868-57a2d4851a1d" />
    <TestEntry testId="4fbe1405-2b3d-d3ff-a663-0a6e5d9aa972" executionId="9ca1e0eb-f430-44f8-8c50-fe26993abcff" testListId="8c84fa94-04c1-424b-9868-57a2d4851a1d" />
    <TestEntry testId="999506c9-e472-e23b-a3ad-3d977990564e" executionId="4ab8fe47-bb04-40ac-a82d-4d03e31762a3" testListId="8c84fa94-04c1-424b-9868-57a2d4851a1d" />
    <TestEntry testId="b6f07467-7831-36e3-42f4-7ae0ac1fdc16" executionId="f8c9d6b5-f76c-4c6d-a24f-dc68ac0126ed" testListId="8c84fa94-04c1-424b-9868-57a2d4851a1d" />
    <TestEntry testId="b875a004-85a0-61f0-5a06-f872b9bf4ce4" executionId="c90a0b19-e327-417a-9be1-1a6b6229b802" testListId="8c84fa94-04c1-424b-9868-57a2d4851a1d" />
    <TestEntry testId="935f6e0f-c97b-5019-7e62-2a29c5b4df2c" executionId="656c9e42-fef7-4d98-b8e8-06ea360fdf94" testListId="8c84fa94-04c1-424b-9868-57a2d4851a1d" />
    <TestEntry testId="8ecade2b-3ad6-f16a-0138-df9b1b58928f" executionId="f1afd7c3-9961-4a17-83ef-f84270cc8c2b" testListId="8c84fa94-04c1-424b-9868-57a2d4851a1d" />
    <TestEntry testId="8e2c4cca-7551-4f11-2133-425fd4297ee4" executionId="59150adb-ac85-46ac-b58e-03d653405baf" testListId="8c84fa94-04c1-424b-9868-57a2d4851a1d" />
    <TestEntry testId="3bf91338-9db5-e244-3437-2a694f10cdfe" executionId="ca2a3328-5db1-498f-bae5-9fc8112b21be" testListId="8c84fa94-04c1-424b-9868-57a2d4851a1d" />
    <TestEntry testId="52f7905c-ef65-6a99-dc3b-01a6a292c041" executionId="194b4e2e-e345-4008-a2fa-bb0194ad9794" testListId="8c84fa94-04c1-424b-9868-57a2d4851a1d" />
    <TestEntry testId="2a4b4823-fd60-1de2-7bef-a1adf9e470c2" executionId="7b6543dc-0fba-44d1-af9a-af83537c2d02" testListId="8c84fa94-04c1-424b-9868-57a2d4851a1d" />
    <TestEntry testId="1ab5d979-4667-2003-c0dc-5c23807afc87" executionId="2aa2c2dd-49f7-4b4b-97dd-d1b83ab54c3a" testListId="8c84fa94-04c1-424b-9868-57a2d4851a1d" />
    <TestEntry testId="9060a50a-9771-de76-4b8f-daa876d7df09" executionId="87977f09-6e4e-4fc3-9826-f33e6d4e8c5a" testListId="8c84fa94-04c1-424b-9868-57a2d4851a1d" />
    <TestEntry testId="7693c0df-b71c-2c4d-9039-a2e154577900" executionId="41665c68-b05c-47f5-af8e-4e1db4a01c63" testListId="8c84fa94-04c1-424b-9868-57a2d4851a1d" />
    <TestEntry testId="4fb1e9eb-976d-db8c-6efc-0c953d97980e" executionId="d5e45709-4f4c-4a6a-8f4d-fe70c47d72a0" testListId="8c84fa94-04c1-424b-9868-57a2d4851a1d" />
    <TestEntry testId="2efbf2d6-dad1-cfe2-2063-c228f2b12aef" executionId="f883c80c-502b-476a-be87-d08fcbbc6984" testListId="8c84fa94-04c1-424b-9868-57a2d4851a1d" />
    <TestEntry testId="035a2e7c-4006-749c-7663-f769d610c2cb" executionId="688356ee-4e45-4f9d-b1fa-d6f9552b20d4" testListId="8c84fa94-04c1-424b-9868-57a2d4851a1d" />
    <TestEntry testId="44e92a95-de94-fe77-bf6a-bab8a099b9c8" executionId="4f65c6f9-3f53-42da-95fc-2f60e9b272fb" testListId="8c84fa94-04c1-424b-9868-57a2d4851a1d" />
    <TestEntry testId="cf688c28-2d6d-a793-dedf-06d48b63f6f1" executionId="b1c21348-5f00-45da-85d0-e346f2377479" testListId="8c84fa94-04c1-424b-9868-57a2d4851a1d" />
    <TestEntry testId="b58eb60e-3eb1-72c6-0301-c9875128ee4e" executionId="26c8e479-1d63-4a72-88c2-235429648fb4" testListId="8c84fa94-04c1-424b-9868-57a2d4851a1d" />
    <TestEntry testId="e46a3755-9d5c-ba11-e43a-121111b751e2" executionId="7301a943-853d-4730-ad87-fe7038bd5b15" testListId="8c84fa94-04c1-424b-9868-57a2d4851a1d" />
    <TestEntry testId="5a499a63-0d2f-5e8b-f84d-d4c0ec13dea2" executionId="db0d46ef-6343-402b-966b-8a727b7c1ccd" testListId="8c84fa94-04c1-424b-9868-57a2d4851a1d" />
    <TestEntry testId="96b04f8c-f777-c014-a499-dfe98011948d" executionId="0d94d686-faf1-4937-92aa-698a9ddfd87b" testListId="8c84fa94-04c1-424b-9868-57a2d4851a1d" />
    <TestEntry testId="f982a6b2-b7fa-97b9-3ee1-04eced2a82e8" executionId="88f3d321-f2f1-4239-b5c4-28f79dc5582e" testListId="8c84fa94-04c1-424b-9868-57a2d4851a1d" />
    <TestEntry testId="ff22d43a-17fa-db51-d7fd-2f5ea3ee7dbb" executionId="b688e18e-41a7-42cb-b686-ccd4882f784e" testListId="8c84fa94-04c1-424b-9868-57a2d4851a1d" />
    <TestEntry testId="d2b63634-b2a8-712b-6997-a00fbcbd57df" executionId="6642a782-6ed5-4434-ac18-e26f99479811" testListId="8c84fa94-04c1-424b-9868-57a2d4851a1d" />
    <TestEntry testId="1181cb63-0543-4806-6972-5950350789da" executionId="5b815889-099a-4008-8f94-b20026651945" testListId="8c84fa94-04c1-424b-9868-57a2d4851a1d" />
    <TestEntry testId="a159b604-532f-6996-d93d-757652430688" executionId="d5e683bb-b431-4f1d-9a06-48f90a41361d" testListId="8c84fa94-04c1-424b-9868-57a2d4851a1d" />
    <TestEntry testId="63b5e857-7c0f-1bfb-6bac-ed0592160bce" executionId="cb5195af-db81-4fba-8ef8-bd231718c651" testListId="8c84fa94-04c1-424b-9868-57a2d4851a1d" />
    <TestEntry testId="6ed649e1-03e1-4590-3da9-e33c23ab658c" executionId="ea6db4ee-27f3-444c-a43f-944256e63f31" testListId="8c84fa94-04c1-424b-9868-57a2d4851a1d" />
    <TestEntry testId="0a4e5b36-6578-df3d-cfd2-3d6ee660820a" executionId="f268a148-4e48-4266-a723-136bd362b40a" testListId="8c84fa94-04c1-424b-9868-57a2d4851a1d" />
    <TestEntry testId="60b3c6a0-382d-f239-6234-5e6df72cc9b2" executionId="96f32020-b1a2-4b6e-9d77-4eaf79bed773" testListId="8c84fa94-04c1-424b-9868-57a2d4851a1d" />
    <TestEntry testId="47de8f42-b82b-27c9-e6cb-af47f9988997" executionId="c1b38b78-c065-48a4-af0c-4014b341baa0" testListId="8c84fa94-04c1-424b-9868-57a2d4851a1d" />
    <TestEntry testId="bdaa8c04-85d7-4ee8-e951-82186f7309ad" executionId="de36c85b-387b-4371-aa2f-0b6f903edfe9" testListId="8c84fa94-04c1-424b-9868-57a2d4851a1d" />
    <TestEntry testId="3b4fccf6-70be-2d9b-f5f2-d6283b7fde7b" executionId="8ce42ae1-b63d-4af2-bff0-c88c9f93ad26" testListId="8c84fa94-04c1-424b-9868-57a2d4851a1d" />
    <TestEntry testId="b8dcd7c2-d643-4004-06b6-71dd24bea1c1" executionId="f500e8b8-9fe6-4cdf-b4f4-2dcd2ed901af" testListId="8c84fa94-04c1-424b-9868-57a2d4851a1d" />
    <TestEntry testId="8c7cfc0f-91dd-5926-50e6-959c77c2ec34" executionId="3e49b8ca-54b2-4483-bf91-e1b63bf35ec2" testListId="8c84fa94-04c1-424b-9868-57a2d4851a1d" />
    <TestEntry testId="4359d1f6-24c0-77e3-a295-f1f91acd7a66" executionId="47f91707-fac5-44e6-9621-b767a8579936" testListId="8c84fa94-04c1-424b-9868-57a2d4851a1d" />
    <TestEntry testId="101686f8-0bec-03ef-e5aa-8afcc05984fe" executionId="32e79c7d-7d3c-45f8-9422-ca0c7883a08b" testListId="8c84fa94-04c1-424b-9868-57a2d4851a1d" />
    <TestEntry testId="bdb27dac-eff0-8887-ff55-d405cca80355" executionId="509db632-7cb3-4342-8200-cff731a99742" testListId="8c84fa94-04c1-424b-9868-57a2d4851a1d" />
    <TestEntry testId="a786e6a0-7158-6a05-c54a-28647fb14bb7" executionId="ac28f225-5750-4dd0-88fd-51a17c3c80c0" testListId="8c84fa94-04c1-424b-9868-57a2d4851a1d" />
    <TestEntry testId="e297916a-d955-c1ee-c31e-2f68ca7e1b88" executionId="8eb4881c-3993-49e6-ae44-c918918693ba" testListId="8c84fa94-04c1-424b-9868-57a2d4851a1d" />
    <TestEntry testId="5876e8ec-2002-4245-4ea9-8cdb899ab34a" executionId="4c707c13-0856-45fe-a390-2105fef4d28b" testListId="8c84fa94-04c1-424b-9868-57a2d4851a1d" />
    <TestEntry testId="9029e935-145d-d5fd-fae9-96c860349038" executionId="b34aea18-763c-4bb7-8ed2-a002ef510ab4" testListId="8c84fa94-04c1-424b-9868-57a2d4851a1d" />
    <TestEntry testId="e76554b4-34ba-70cf-dfc9-f4d63f94ac41" executionId="e70a4f63-6343-46c4-970f-620a0eed3fa2" testListId="8c84fa94-04c1-424b-9868-57a2d4851a1d" />
    <TestEntry testId="03c0368b-e341-b507-4b7e-610a5973bcc4" executionId="923879f6-0617-411f-87a0-11c3c17283d3" testListId="8c84fa94-04c1-424b-9868-57a2d4851a1d" />
    <TestEntry testId="06d17b56-b174-7e5f-cf96-64396547a14e" executionId="3549d3c8-e2b8-4d55-ba84-8a9879abee41" testListId="8c84fa94-04c1-424b-9868-57a2d4851a1d" />
    <TestEntry testId="4203d4af-b5bf-b00b-9139-2a7c647d28e9" executionId="7ff81566-36e1-4165-97f2-8832a66d3d94" testListId="8c84fa94-04c1-424b-9868-57a2d4851a1d" />
    <TestEntry testId="f7f3f6a6-4ba1-e9bb-d8fc-f000e145af31" executionId="dc03d1d3-5c8d-4baf-b4c9-1c331ff9d12a" testListId="8c84fa94-04c1-424b-9868-57a2d4851a1d" />
    <TestEntry testId="bdfc4999-ccbe-91b3-0eb1-52f2f541ba00" executionId="5d0549e2-74cc-45a3-b521-787d7a6b4f11" testListId="8c84fa94-04c1-424b-9868-57a2d4851a1d" />
    <TestEntry testId="7899bcea-7118-cfa0-aa3f-14444c7eb8ac" executionId="ca910fb7-7b9e-46f3-81b2-c496584af905" testListId="8c84fa94-04c1-424b-9868-57a2d4851a1d" />
    <TestEntry testId="69d36869-4d47-77af-11ea-1700a11c2aa4" executionId="a62af58f-1b6b-4005-a8f6-54356ff0839c" testListId="8c84fa94-04c1-424b-9868-57a2d4851a1d" />
    <TestEntry testId="660d3fbc-11c9-2181-8c43-b82c5f6b1504" executionId="34a1dc45-0638-495d-96f2-b7a9458d6290" testListId="8c84fa94-04c1-424b-9868-57a2d4851a1d" />
    <TestEntry testId="14ce9c46-40b0-3cf1-b65d-94e20f3f850c" executionId="606d4074-903e-45af-9929-442675952c7b" testListId="8c84fa94-04c1-424b-9868-57a2d4851a1d" />
    <TestEntry testId="4ac44c86-bed3-2106-179e-e12e5a83e7dd" executionId="2b2ee04a-b394-4915-ab2b-c855de873fe4" testListId="8c84fa94-04c1-424b-9868-57a2d4851a1d" />
    <TestEntry testId="64c5fa93-8c90-e61b-c74e-24c3a14c685e" executionId="2c7ff9f4-90fd-41e4-97a0-16466c59108e" testListId="8c84fa94-04c1-424b-9868-57a2d4851a1d" />
    <TestEntry testId="6480e990-929e-4f74-6838-96e2b97d0c00" executionId="e54d77bb-da17-4e56-be02-85e4c9b28b02" testListId="8c84fa94-04c1-424b-9868-57a2d4851a1d" />
    <TestEntry testId="e9c28755-a991-4a05-f44d-1683b9f1f037" executionId="677df79c-b4e2-4fcb-addf-e40fb727c315" testListId="8c84fa94-04c1-424b-9868-57a2d4851a1d" />
    <TestEntry testId="7b7ac52a-fd20-eae1-4eee-941b2f9ad41c" executionId="8b5e8a7c-482d-473c-a02c-37a5b20486b8" testListId="8c84fa94-04c1-424b-9868-57a2d4851a1d" />
    <TestEntry testId="0a4e5b36-6578-df3d-cfd2-3d6ee660820a" executionId="813176dc-8155-4c2c-801a-32960d0d91fc" testListId="8c84fa94-04c1-424b-9868-57a2d4851a1d" />
    <TestEntry testId="49758d16-90af-426b-1c8f-f4b8f8b9a8ad" executionId="d469848a-a27d-4472-8b29-2d26bff44e51" testListId="8c84fa94-04c1-424b-9868-57a2d4851a1d" />
    <TestEntry testId="c6e098df-93ea-edd9-9f8d-a8296c3d60ed" executionId="9103b9d8-3b39-4880-ba0c-0d89528c756b" testListId="8c84fa94-04c1-424b-9868-57a2d4851a1d" />
    <TestEntry testId="d334a597-c565-285a-8550-3b9ea2cba29c" executionId="eedcff1e-2967-4f78-b581-d2f08b1b7771" testListId="8c84fa94-04c1-424b-9868-57a2d4851a1d" />
    <TestEntry testId="a0ce8b18-c0e1-b20c-c79e-d473edcc8518" executionId="05387017-4a53-4597-bac9-c835665ba637" testListId="8c84fa94-04c1-424b-9868-57a2d4851a1d" />
    <TestEntry testId="1ce67353-df26-d1bd-d2aa-05733d1ac693" executionId="7cea5db3-e879-4a29-a21a-2d00cf735d05" testListId="8c84fa94-04c1-424b-9868-57a2d4851a1d" />
    <TestEntry testId="5fbb5d38-d0c1-8683-ad00-378581dc683f" executionId="1457c42e-7ca7-47da-80a5-25be67ef33b9" testListId="8c84fa94-04c1-424b-9868-57a2d4851a1d" />
    <TestEntry testId="698dd5ef-138e-eb6d-a408-c897a293bf7a" executionId="81512d9f-0be6-4b3a-a818-26fbf5655975" testListId="8c84fa94-04c1-424b-9868-57a2d4851a1d" />
    <TestEntry testId="9aeccaa7-2271-ee00-99ac-96f3fa1164be" executionId="ea6e1403-1af5-486a-aa6e-5643e27180f7" testListId="8c84fa94-04c1-424b-9868-57a2d4851a1d" />
    <TestEntry testId="642e6019-2faa-a30d-dbaf-ea59f97e9c72" executionId="e4fe6640-e023-4a4b-acd2-7718d47d2c54" testListId="8c84fa94-04c1-424b-9868-57a2d4851a1d" />
    <TestEntry testId="ab974738-a590-83df-60ac-92b301ef7ab8" executionId="35bd237b-59a0-4a84-bf53-2899804c38b8" testListId="8c84fa94-04c1-424b-9868-57a2d4851a1d" />
    <TestEntry testId="b09a1385-ea97-6649-75a7-4f5d4ef865f4" executionId="9442aa71-b772-4ec7-ad82-c492fc1bb6dc" testListId="8c84fa94-04c1-424b-9868-57a2d4851a1d" />
    <TestEntry testId="4ef99c33-c023-cc35-d098-ffd6c1e453c8" executionId="7eb0c6e1-03ad-4b79-8f79-91652b3780b4" testListId="8c84fa94-04c1-424b-9868-57a2d4851a1d" />
    <TestEntry testId="92049893-c7c1-0d80-70d7-8d0471e997cf" executionId="7e4d0e7b-546b-45c9-af43-6188b81f3aed" testListId="8c84fa94-04c1-424b-9868-57a2d4851a1d" />
    <TestEntry testId="49457dc4-3aa6-62c6-38a6-fe0fa14f8508" executionId="87902474-fc7b-44a2-a72f-725a687928ae" testListId="8c84fa94-04c1-424b-9868-57a2d4851a1d" />
    <TestEntry testId="5770b0b5-2a66-8eb2-b129-73ab244ff2c9" executionId="f483f051-c878-4306-a75c-a0d9c776f11e" testListId="8c84fa94-04c1-424b-9868-57a2d4851a1d" />
    <TestEntry testId="9a20c48e-d269-b782-9e2c-26946688cee6" executionId="d1e8c0c7-3c33-4663-b431-4ea96480da4c" testListId="8c84fa94-04c1-424b-9868-57a2d4851a1d" />
    <TestEntry testId="54d37202-700f-6df9-4a02-04121275df7c" executionId="6556ca5c-44e0-47e9-8231-32df7c0c9251" testListId="8c84fa94-04c1-424b-9868-57a2d4851a1d" />
    <TestEntry testId="284a6b15-0a7d-d4a1-ae93-88897a496866" executionId="44b064e8-d958-445e-bf3e-638e336ffece" testListId="8c84fa94-04c1-424b-9868-57a2d4851a1d" />
    <TestEntry testId="c37e3ceb-4de2-f887-5ba0-5f1d4459693f" executionId="a4ea796d-b465-44c0-8e4a-b70ec1e3867b" testListId="8c84fa94-04c1-424b-9868-57a2d4851a1d" />
    <TestEntry testId="8baf1177-ddd8-e709-9da7-68dded36199a" executionId="b0246d83-be4e-4f9a-8f4b-fdd8af1f8731" testListId="8c84fa94-04c1-424b-9868-57a2d4851a1d" />
    <TestEntry testId="3369c6d4-ee50-9d6e-0705-4fc6884cc7fb" executionId="7b48db80-99b7-431a-8bfa-fecf758da5b9" testListId="8c84fa94-04c1-424b-9868-57a2d4851a1d" />
    <TestEntry testId="dff598f9-366f-62da-9c71-d860a04dd5cd" executionId="9e2ef959-52d0-4180-840b-606dd65fcb7f" testListId="8c84fa94-04c1-424b-9868-57a2d4851a1d" />
    <TestEntry testId="ae6abbbb-4f6b-840f-8d6f-dd6d967cb60f" executionId="5d209d3a-366d-48c0-bee1-9647c000131a" testListId="8c84fa94-04c1-424b-9868-57a2d4851a1d" />
    <TestEntry testId="13b2a1dd-d764-6ad5-a674-3e86cc761e8a" executionId="5ec2d9cc-974b-467f-b296-1b079a2f7f4a" testListId="8c84fa94-04c1-424b-9868-57a2d4851a1d" />
    <TestEntry testId="21153cd2-a7a5-1184-78bc-9992e32899dd" executionId="9103a0c0-da1b-4493-9589-a8890cc0e290" testListId="8c84fa94-04c1-424b-9868-57a2d4851a1d" />
    <TestEntry testId="fbe353e8-c445-3d4e-0596-dbc13a8e8e1e" executionId="3afb24e2-04d7-40ac-b98f-33a5a19909ee" testListId="8c84fa94-04c1-424b-9868-57a2d4851a1d" />
    <TestEntry testId="4beda25d-1245-bbb5-fb89-05aa7e1d42ca" executionId="8cf296dd-fcd2-428d-a8d9-3b2c74a5c70f" testListId="8c84fa94-04c1-424b-9868-57a2d4851a1d" />
    <TestEntry testId="55f2a393-6280-6aa0-15de-d20389e1fd9f" executionId="b7b503dc-b0e9-49af-a45f-3742847bab96" testListId="8c84fa94-04c1-424b-9868-57a2d4851a1d" />
    <TestEntry testId="790684f3-79cb-8225-0da5-fcb35e52e25a" executionId="cb080abc-65b6-4e48-9db8-ab2f0fd05106" testListId="8c84fa94-04c1-424b-9868-57a2d4851a1d" />
    <TestEntry testId="4a1694b5-7db1-bf67-dca4-8860f0f31e9d" executionId="75f7535d-11df-406c-a21f-7aea6c24dd64" testListId="8c84fa94-04c1-424b-9868-57a2d4851a1d" />
    <TestEntry testId="965562eb-8289-311d-8c35-1161a699ffcd" executionId="a30622c1-ae5a-4efb-abf4-7aec8410fa57" testListId="8c84fa94-04c1-424b-9868-57a2d4851a1d" />
    <TestEntry testId="2d9d257b-dc7a-dd0a-92c1-64a2f9201d0f" executionId="ee67f3ae-75f2-4354-a26a-ef67e8627ea0" testListId="8c84fa94-04c1-424b-9868-57a2d4851a1d" />
    <TestEntry testId="1b5117b5-2de0-24e5-94e2-f368e4d15b39" executionId="2a04801f-4543-44d6-b84f-2bef5ba5b8ef" testListId="8c84fa94-04c1-424b-9868-57a2d4851a1d" />
    <TestEntry testId="06412854-071a-034e-5a5f-ce51d467c3ae" executionId="3b85ef56-c658-40d7-8dc4-f7490cb61003" testListId="8c84fa94-04c1-424b-9868-57a2d4851a1d" />
    <TestEntry testId="b77b4041-c2a1-a348-dd99-14c2acc50a9c" executionId="9593f65b-eea9-476e-a4ac-0f42153033cf" testListId="8c84fa94-04c1-424b-9868-57a2d4851a1d" />
    <TestEntry testId="a2d013ca-7402-4f94-4ab9-860cc766f7d2" executionId="cd1c43ce-88c4-4b9f-9547-64a1a7a12f22" testListId="8c84fa94-04c1-424b-9868-57a2d4851a1d" />
    <TestEntry testId="3f3233bd-4893-b779-69f6-789d6f6a1d9a" executionId="dec375c7-38af-40f6-802e-d63f2a15698e" testListId="8c84fa94-04c1-424b-9868-57a2d4851a1d" />
    <TestEntry testId="64e7256a-b290-3467-22a6-88571ed2d255" executionId="cff54b69-792f-4763-866b-a24c9fa62982" testListId="8c84fa94-04c1-424b-9868-57a2d4851a1d" />
    <TestEntry testId="e858b755-e862-b910-8b81-43167ff825a3" executionId="4f30769b-8681-4abf-93f3-994108148184" testListId="8c84fa94-04c1-424b-9868-57a2d4851a1d" />
    <TestEntry testId="3147bc1a-6400-429f-1c8f-cd7dc6defaa1" executionId="22db6159-45b4-4919-b445-f639cb456060" testListId="8c84fa94-04c1-424b-9868-57a2d4851a1d" />
    <TestEntry testId="1326eca0-5707-a15c-4eaf-c5b6ab9d34ec" executionId="0402036b-38bd-4043-b654-06217c1e1977" testListId="8c84fa94-04c1-424b-9868-57a2d4851a1d" />
    <TestEntry testId="18d974d6-a642-8807-34d7-9a9c256df013" executionId="48269178-d56e-48ab-9385-5f0376635a8e" testListId="8c84fa94-04c1-424b-9868-57a2d4851a1d" />
    <TestEntry testId="eeeef62f-490f-22e7-a2d2-ec5886a54dce" executionId="6db6f4a1-76c4-4bb4-86bc-7557080f4dff" testListId="8c84fa94-04c1-424b-9868-57a2d4851a1d" />
    <TestEntry testId="2f6c3871-63b7-76a6-f56a-4c6dd0f4f467" executionId="a50bd0d5-fcb7-4e28-a363-015239767e9f" testListId="8c84fa94-04c1-424b-9868-57a2d4851a1d" />
    <TestEntry testId="4a2ca9ff-adc0-1722-277d-f773fee59568" executionId="f9689a18-05ad-416a-b611-48af6a09b6cd" testListId="8c84fa94-04c1-424b-9868-57a2d4851a1d" />
    <TestEntry testId="f680908c-3b4b-7b4d-7066-6e5fce7c0b27" executionId="9ae5fe58-7c97-4be5-8eae-aadd35d7af2c" testListId="8c84fa94-04c1-424b-9868-57a2d4851a1d" />
    <TestEntry testId="6041a665-a5c2-d6e3-acc3-d07918acde37" executionId="b08d97c3-1ff1-47c0-b06e-7729b7fe075f" testListId="8c84fa94-04c1-424b-9868-57a2d4851a1d" />
    <TestEntry testId="0b5a5a76-188a-3cd1-7ad8-530b93b01a49" executionId="026bb8db-3978-4e7c-8aa8-7b4e073b0a68" testListId="8c84fa94-04c1-424b-9868-57a2d4851a1d" />
    <TestEntry testId="01b97152-1f28-3a19-acee-e24e8fccadd4" executionId="e623db31-f35d-483b-a604-5d0d91437b3f" testListId="8c84fa94-04c1-424b-9868-57a2d4851a1d" />
    <TestEntry testId="58415a14-73c9-7515-7cc6-10b983611842" executionId="54213b25-231c-4cd4-aa0c-0284cf204545" testListId="8c84fa94-04c1-424b-9868-57a2d4851a1d" />
    <TestEntry testId="9029e935-145d-d5fd-fae9-96c860349038" executionId="cab42669-54b9-4547-8c74-164e5ba3d31b" testListId="8c84fa94-04c1-424b-9868-57a2d4851a1d" />
    <TestEntry testId="80e1e452-82cf-b088-db40-d28f7d32c62d" executionId="95d16c51-d25a-4bfb-807f-c82d474d0916" testListId="8c84fa94-04c1-424b-9868-57a2d4851a1d" />
    <TestEntry testId="cee32012-58c3-68f0-2859-0edd65456cf2" executionId="7ef3580b-0ada-4d26-992f-bdd8da3b2ed0" testListId="8c84fa94-04c1-424b-9868-57a2d4851a1d" />
    <TestEntry testId="239b3280-9e3f-daec-90e9-2d7422e5091c" executionId="6eb843d8-5f7d-4d02-8e3a-a1b532108cbf" testListId="8c84fa94-04c1-424b-9868-57a2d4851a1d" />
    <TestEntry testId="80faadd3-7ee5-fd40-aebd-98e719e96493" executionId="43723c38-1461-43a2-8af6-1e66592ce628" testListId="8c84fa94-04c1-424b-9868-57a2d4851a1d" />
    <TestEntry testId="cd274a06-2388-99e3-3a1d-9499479d5159" executionId="a2f53c95-08af-4d63-9db9-8810fa779441" testListId="8c84fa94-04c1-424b-9868-57a2d4851a1d" />
    <TestEntry testId="02670d69-ce2a-fe6d-73fd-2b66fd26f5d4" executionId="2d26f7f8-b284-4df0-b2d0-bbea551aa1f6" testListId="8c84fa94-04c1-424b-9868-57a2d4851a1d" />
    <TestEntry testId="8a54600b-ddfe-122f-8fbb-15179853629f" executionId="0b41530f-4440-4f45-903a-620fd63fbfb1" testListId="8c84fa94-04c1-424b-9868-57a2d4851a1d" />
    <TestEntry testId="a1160efa-2835-5d9d-5525-8de08fe1c5f9" executionId="68715df3-54f2-4120-b05a-b0b9526a8d32" testListId="8c84fa94-04c1-424b-9868-57a2d4851a1d" />
    <TestEntry testId="0edc3f32-14dd-b812-075b-a9e435bcc1ca" executionId="346a8c19-7581-4979-a5b3-6cda87267a5e" testListId="8c84fa94-04c1-424b-9868-57a2d4851a1d" />
    <TestEntry testId="eee00570-2c88-ed70-4bff-bb8eb4983fd1" executionId="2a97009a-7791-4434-bcc0-cfb9daf968fd" testListId="8c84fa94-04c1-424b-9868-57a2d4851a1d" />
    <TestEntry testId="f61a8a43-f371-24a0-5a58-6db210060a1a" executionId="24777bc9-1ee6-4f16-93f0-fedba35135e1" testListId="8c84fa94-04c1-424b-9868-57a2d4851a1d" />
    <TestEntry testId="6a069b88-27e1-e70c-13f9-4c619372c66b" executionId="e8fe95ca-3bf1-4e50-bd14-7716b9e23aa3" testListId="8c84fa94-04c1-424b-9868-57a2d4851a1d" />
    <TestEntry testId="361fc6c6-0e8b-67f9-3bea-df214e20d9d1" executionId="471dc709-2399-4fc9-8e03-5396742c5c96" testListId="8c84fa94-04c1-424b-9868-57a2d4851a1d" />
    <TestEntry testId="0a4e5b36-6578-df3d-cfd2-3d6ee660820a" executionId="2b326945-eac6-4594-a393-f5681f817921" testListId="8c84fa94-04c1-424b-9868-57a2d4851a1d" />
    <TestEntry testId="623a898d-977d-5b91-e1b8-7c6682d95502" executionId="0da516d7-3fc0-4bde-97a3-957d7fb52cde" testListId="8c84fa94-04c1-424b-9868-57a2d4851a1d" />
    <TestEntry testId="92df0312-a314-f2ad-872b-182bbef5a446" executionId="624b8482-2cc4-4e51-9283-acf6d3b17cc6" testListId="8c84fa94-04c1-424b-9868-57a2d4851a1d" />
    <TestEntry testId="36554cb2-1edf-a642-dc86-4d6ff7ede95e" executionId="1f5095ad-9490-44bb-b0f7-6eeecab59cf8" testListId="8c84fa94-04c1-424b-9868-57a2d4851a1d" />
    <TestEntry testId="0d43d95c-82c9-c386-cdd6-8d869ea0afd9" executionId="af4bf5a5-0e66-401d-a620-7e4ff9afa20b" testListId="8c84fa94-04c1-424b-9868-57a2d4851a1d" />
    <TestEntry testId="2c45a0c4-a819-6921-a82a-e9167bcfa09d" executionId="4ed2f9ed-a47e-4869-a96a-1ddeb4bfbaf0" testListId="8c84fa94-04c1-424b-9868-57a2d4851a1d" />
    <TestEntry testId="f680908c-3b4b-7b4d-7066-6e5fce7c0b27" executionId="c0d5c4ef-3c81-4f08-a41c-eb82be8a6f09" testListId="8c84fa94-04c1-424b-9868-57a2d4851a1d" />
    <TestEntry testId="d9d0601b-6afc-d56b-58cd-43bff45267f6" executionId="2b06902e-75e6-4ec9-84f6-cc30a5236115" testListId="8c84fa94-04c1-424b-9868-57a2d4851a1d" />
    <TestEntry testId="8ef9e844-3d1a-7964-caca-ab02c4eee36c" executionId="27959106-1bd3-4994-bbd5-a12993c5395c" testListId="8c84fa94-04c1-424b-9868-57a2d4851a1d" />
    <TestEntry testId="828aa887-d61e-2965-7b2f-bafe3c7dac25" executionId="ac766fa0-94f8-4b63-9f1c-f5efd6b0106b" testListId="8c84fa94-04c1-424b-9868-57a2d4851a1d" />
    <TestEntry testId="6247c776-b6f2-69b6-74d1-6fc24161e71e" executionId="489a89f7-c02e-45b6-bed9-ede26a2bf150" testListId="8c84fa94-04c1-424b-9868-57a2d4851a1d" />
    <TestEntry testId="ae852a8d-7ae4-98ec-f509-452d42fd042a" executionId="d03d0e38-2893-4aa1-b52d-d1232decdc04" testListId="8c84fa94-04c1-424b-9868-57a2d4851a1d" />
    <TestEntry testId="2e3adaa4-ba6e-d91b-783c-2bb11efe1b7a" executionId="fd8c41e7-d5df-40f9-8297-f91dc87ef132" testListId="8c84fa94-04c1-424b-9868-57a2d4851a1d" />
    <TestEntry testId="eaed56d6-5fe7-43a9-6be3-9e902b595505" executionId="40ae391c-58a8-494d-bcbb-07e089fd3841" testListId="8c84fa94-04c1-424b-9868-57a2d4851a1d" />
    <TestEntry testId="86d2f9a3-cd73-6e30-e154-d9542034e978" executionId="3a71b690-c84c-4e01-ab10-d9b74f62271e" testListId="8c84fa94-04c1-424b-9868-57a2d4851a1d" />
    <TestEntry testId="8f3be891-cc07-82e3-b944-406561072d26" executionId="2b092782-21f6-4526-a656-77ec8b117cf3" testListId="8c84fa94-04c1-424b-9868-57a2d4851a1d" />
    <TestEntry testId="01ab0198-4b7e-8a94-e88d-b1f770a7248f" executionId="f2ce02c5-9ebd-416f-88be-ca997719f32b" testListId="8c84fa94-04c1-424b-9868-57a2d4851a1d" />
    <TestEntry testId="b3439aa9-ae3f-b685-1de2-36964f947d35" executionId="de71b53b-988e-43a6-bc95-e83654b80013" testListId="8c84fa94-04c1-424b-9868-57a2d4851a1d" />
    <TestEntry testId="c1617589-7ab5-2785-7153-f5d42b13af57" executionId="20571aa6-e69a-41d4-a5a1-622bb8ab8c97" testListId="8c84fa94-04c1-424b-9868-57a2d4851a1d" />
    <TestEntry testId="4fb4182c-2a3f-97bb-507b-d3ceb3937b43" executionId="5799e946-ec63-44e6-86e4-6cc2008b28d4" testListId="8c84fa94-04c1-424b-9868-57a2d4851a1d" />
    <TestEntry testId="965fdcc0-0a63-658e-8232-27fc5f468c9d" executionId="48976c78-e4d4-4aed-b751-6fa6186e322a" testListId="8c84fa94-04c1-424b-9868-57a2d4851a1d" />
    <TestEntry testId="9f2f58ff-e9c2-3880-dcf4-b319d054c9c6" executionId="180a3d63-be89-454b-886f-9bbda2d7f59d" testListId="8c84fa94-04c1-424b-9868-57a2d4851a1d" />
    <TestEntry testId="c5afb81b-9473-e705-4713-ff021498a318" executionId="9c2145d3-aa65-4b4e-b290-8f7da28b0ddf" testListId="8c84fa94-04c1-424b-9868-57a2d4851a1d" />
    <TestEntry testId="015cbbb2-3ae8-0f0d-d16b-d3a0e1ee3da3" executionId="be8a8467-458e-4ed7-a7a8-02d7350e07bc" testListId="8c84fa94-04c1-424b-9868-57a2d4851a1d" />
    <TestEntry testId="3d65563e-5c93-99b0-3def-2e75403bb40e" executionId="3432edd7-02c6-4341-b29f-51072a98ddf6" testListId="8c84fa94-04c1-424b-9868-57a2d4851a1d" />
    <TestEntry testId="58baf932-aaa1-22e9-3f8a-ec584346b657" executionId="f5f93c96-6367-423b-9150-a88e56a05003" testListId="8c84fa94-04c1-424b-9868-57a2d4851a1d" />
    <TestEntry testId="c1c2bc59-f0a7-06da-8b9c-e5d38bba111a" executionId="d46a596b-d3dd-4c1b-9c84-754b30aeb891" testListId="8c84fa94-04c1-424b-9868-57a2d4851a1d" />
    <TestEntry testId="c56f457f-add8-fe75-61ba-d07e5ee3df6d" executionId="294e3ff8-678d-45f0-a8b4-994f129f36f0" testListId="8c84fa94-04c1-424b-9868-57a2d4851a1d" />
    <TestEntry testId="3cc1b7a3-6a23-5d4a-8d17-b87aa291e5cf" executionId="d3b2dea7-44e1-456c-b549-30245cb79dd6" testListId="8c84fa94-04c1-424b-9868-57a2d4851a1d" />
    <TestEntry testId="9aaaf4ba-8359-75df-6568-0739721a7d97" executionId="346b1169-a848-4de4-b4e0-a49b6f249c5a" testListId="8c84fa94-04c1-424b-9868-57a2d4851a1d" />
    <TestEntry testId="ac028d00-9e94-7167-70c4-eff006ef19bc" executionId="a4064a6b-0ff2-4ce2-9664-285776c3b584" testListId="8c84fa94-04c1-424b-9868-57a2d4851a1d" />
    <TestEntry testId="89935175-7a1b-8472-5162-947ab445be3b" executionId="a77ad829-fb74-4ec2-9ea8-a334d0e0e51b" testListId="8c84fa94-04c1-424b-9868-57a2d4851a1d" />
    <TestEntry testId="80485e03-b7b7-4e18-0bc2-2cf35c60e815" executionId="6a3ce98a-1c74-4dc2-9780-42f189c53169" testListId="8c84fa94-04c1-424b-9868-57a2d4851a1d" />
    <TestEntry testId="ca54778c-c4c5-e9c4-6078-1f6eb9837f98" executionId="94cff645-a755-4fd2-9445-fcf0694dc2cf" testListId="8c84fa94-04c1-424b-9868-57a2d4851a1d" />
    <TestEntry testId="93642e15-5690-c906-3db0-8d1d5502773a" executionId="35b5d208-c15b-4ec7-81bb-16abc96b89de" testListId="8c84fa94-04c1-424b-9868-57a2d4851a1d" />
    <TestEntry testId="97333588-528f-b816-eec2-32c062436864" executionId="118b1f81-29be-43ce-bc3f-86a6d3b7ef04" testListId="8c84fa94-04c1-424b-9868-57a2d4851a1d" />
    <TestEntry testId="76f9de2a-47c0-eaaa-3675-ac942aca2f32" executionId="f450cc2a-5bb3-4f6e-8e74-4c2cc84e4ccb" testListId="8c84fa94-04c1-424b-9868-57a2d4851a1d" />
    <TestEntry testId="5f513201-29bd-f30b-cd65-0841ae9bbb63" executionId="293ffaaa-44a4-44a1-9297-36686b0f1a38" testListId="8c84fa94-04c1-424b-9868-57a2d4851a1d" />
    <TestEntry testId="62a83c18-891b-449e-7f90-a5e43688fbf0" executionId="51df8660-e5a2-4dd7-8d85-f640b4e5fc80" testListId="8c84fa94-04c1-424b-9868-57a2d4851a1d" />
    <TestEntry testId="a2ceebde-d242-3694-fb90-e4ca65781850" executionId="eb87a548-dd14-4585-b583-130b0502d83a" testListId="8c84fa94-04c1-424b-9868-57a2d4851a1d" />
    <TestEntry testId="bbaeb53f-2674-b2c2-8841-ab6f6884b997" executionId="72eea7b3-5bc9-4a97-9afa-f93da3bf7c8a" testListId="8c84fa94-04c1-424b-9868-57a2d4851a1d" />
    <TestEntry testId="d35bc711-77c3-11d0-bc06-2b27557cb244" executionId="74947abd-8b00-4e3d-9a21-951a8bde02d2" testListId="8c84fa94-04c1-424b-9868-57a2d4851a1d" />
    <TestEntry testId="1b358bc1-458b-910a-26a9-b665d6fb08b0" executionId="9ac2ce53-1e04-424e-aef1-4d33d034d2fe" testListId="8c84fa94-04c1-424b-9868-57a2d4851a1d" />
    <TestEntry testId="e998f77e-77b2-7e10-d8db-3813eb8031aa" executionId="0e7c1908-7c13-47db-ab5c-86c34cb9eed3" testListId="8c84fa94-04c1-424b-9868-57a2d4851a1d" />
    <TestEntry testId="6d62f599-0f0c-18d4-6cc8-c03dee27684a" executionId="796122f2-4572-4330-aca8-83106ef6708b" testListId="8c84fa94-04c1-424b-9868-57a2d4851a1d" />
    <TestEntry testId="758ded00-253a-01de-65f8-b4892f2d016b" executionId="61acd575-7c5c-491b-84bc-42d5be385f60" testListId="8c84fa94-04c1-424b-9868-57a2d4851a1d" />
    <TestEntry testId="db35590a-caad-391c-4e81-fbc7dc664cab" executionId="46a929f2-35c2-4966-9685-493833b716dc" testListId="8c84fa94-04c1-424b-9868-57a2d4851a1d" />
    <TestEntry testId="ea3dc3ca-b9db-c951-f087-38b03fc1d7df" executionId="72721668-1383-43dd-838d-c4a5930ee8b0" testListId="8c84fa94-04c1-424b-9868-57a2d4851a1d" />
    <TestEntry testId="e0dfd89d-a08f-8cca-2e86-69c3531c6abb" executionId="7c69f51f-139e-4b3f-99e2-0ae0857f56fb" testListId="8c84fa94-04c1-424b-9868-57a2d4851a1d" />
    <TestEntry testId="0ae53827-c728-1e97-29dd-bbdf893d6166" executionId="e63bc800-96d9-4b27-9e8f-1edb0ee97a6f" testListId="8c84fa94-04c1-424b-9868-57a2d4851a1d" />
    <TestEntry testId="f6db960c-c26a-9ba9-bdda-2ac9e0b27970" executionId="3fba53df-69af-449d-97ca-7aab5c3e882f" testListId="8c84fa94-04c1-424b-9868-57a2d4851a1d" />
    <TestEntry testId="75190a91-bb67-9255-8853-c45d21832247" executionId="d43af13a-9988-46c2-8050-4e23cefc1491" testListId="8c84fa94-04c1-424b-9868-57a2d4851a1d" />
    <TestEntry testId="e36d83f9-6b5d-9305-3ea9-821cb3744fa4" executionId="35ff8af0-6322-42b9-a69e-81e514af2261" testListId="8c84fa94-04c1-424b-9868-57a2d4851a1d" />
    <TestEntry testId="305136ec-e536-ca06-24de-c6336ceb8a55" executionId="75a43f23-8264-40c3-bd1f-bf8e62d7c208" testListId="8c84fa94-04c1-424b-9868-57a2d4851a1d" />
    <TestEntry testId="cc482776-e68c-2c6f-b7ea-c8334df0cc99" executionId="b03240d0-c595-4688-9867-8bf6d3756a85" testListId="8c84fa94-04c1-424b-9868-57a2d4851a1d" />
    <TestEntry testId="9293549a-e4d8-25ee-0a7e-0a58daedfd4d" executionId="6cdcc95b-9e8f-49bf-8bf7-46908564b40f" testListId="8c84fa94-04c1-424b-9868-57a2d4851a1d" />
    <TestEntry testId="7e087806-67ee-93e5-99ce-89aefdf33c63" executionId="ba8c0287-9dcf-423b-b035-cdce04b3f977" testListId="8c84fa94-04c1-424b-9868-57a2d4851a1d" />
    <TestEntry testId="e55520ca-13b9-16e0-7c91-282920a34b8a" executionId="aca3a99b-493d-4f68-a68c-6ad0c2a35ba9" testListId="8c84fa94-04c1-424b-9868-57a2d4851a1d" />
    <TestEntry testId="aa5c4da8-abb1-5dab-502e-bd81c20e341d" executionId="c00036f5-802c-4abc-af78-72565bdf883f" testListId="8c84fa94-04c1-424b-9868-57a2d4851a1d" />
    <TestEntry testId="35fc3a4c-edd3-265e-4852-719b6a1e2df7" executionId="cacdde6b-f2d5-48ab-8288-0db903d83a61" testListId="8c84fa94-04c1-424b-9868-57a2d4851a1d" />
    <TestEntry testId="62930b8c-e45e-fc1a-2573-556c126ac982" executionId="b64b426e-a74d-409f-a8be-2df08099b19b" testListId="8c84fa94-04c1-424b-9868-57a2d4851a1d" />
    <TestEntry testId="bbcf692c-7333-592c-a07e-45efe599945b" executionId="c10a3372-7d05-498e-ad33-62bcfdc737d1" testListId="8c84fa94-04c1-424b-9868-57a2d4851a1d" />
    <TestEntry testId="f43e4ea6-dc47-ee70-a56d-6546d3877223" executionId="40fb8c87-94ba-4ef8-8025-b17a098cd757" testListId="8c84fa94-04c1-424b-9868-57a2d4851a1d" />
    <TestEntry testId="88071ce5-6a3f-f4ed-8ba6-7bfde6e1c46a" executionId="647ddae0-e69d-45ea-a4ba-ddf3c86b8cec" testListId="8c84fa94-04c1-424b-9868-57a2d4851a1d" />
    <TestEntry testId="2a52f03a-cddc-7860-41d6-2e4a73025212" executionId="4b7f8f48-ae5b-4f5c-8079-a6a49e8330d4" testListId="8c84fa94-04c1-424b-9868-57a2d4851a1d" />
    <TestEntry testId="965180e6-a25e-a55d-955c-d1e2d083f58f" executionId="4a475ab7-61db-4e82-ba90-07f4de33b763" testListId="8c84fa94-04c1-424b-9868-57a2d4851a1d" />
    <TestEntry testId="920a2918-af9a-e3ed-e910-d0d07bf9fed3" executionId="b3cb14a4-b6e3-4a52-92c8-917bb98d21db" testListId="8c84fa94-04c1-424b-9868-57a2d4851a1d" />
    <TestEntry testId="3377fc03-ebfb-5203-3a6a-1a517b97bfcd" executionId="d2bcf653-4658-40eb-bc53-57f0e485b264" testListId="8c84fa94-04c1-424b-9868-57a2d4851a1d" />
    <TestEntry testId="59d7ce5a-9242-f1c0-ee68-764d8def5314" executionId="f323ca6c-6244-4393-8d24-7d18d4c8e12f" testListId="8c84fa94-04c1-424b-9868-57a2d4851a1d" />
    <TestEntry testId="195cadae-c368-871e-b908-a48bf7f49ea5" executionId="d74da00c-33be-466a-8a38-0c0639d1178f" testListId="8c84fa94-04c1-424b-9868-57a2d4851a1d" />
    <TestEntry testId="971ae998-f6f4-2825-fcc4-633419b90bb1" executionId="77430396-c337-4a03-82be-cf89acad6c78" testListId="8c84fa94-04c1-424b-9868-57a2d4851a1d" />
    <TestEntry testId="42b5cf79-6dbd-73ce-f336-4c9a97122aad" executionId="ea8162d0-fb4d-4c50-b7eb-f8ee0c132e55" testListId="8c84fa94-04c1-424b-9868-57a2d4851a1d" />
    <TestEntry testId="91c02083-3eab-8cf1-1555-f235b60671d1" executionId="12f34d31-13b6-4b90-98ad-a090052034cc" testListId="8c84fa94-04c1-424b-9868-57a2d4851a1d" />
    <TestEntry testId="d640e950-edb7-4ec2-9af0-4b559a6b67cf" executionId="3c22f142-2f08-4d76-ab16-b9cf344a9680" testListId="8c84fa94-04c1-424b-9868-57a2d4851a1d" />
    <TestEntry testId="9a94a475-1b0f-e9b3-ba5e-634b89ce686f" executionId="2402b90a-918b-4262-ba88-c054df5f5454" testListId="8c84fa94-04c1-424b-9868-57a2d4851a1d" />
    <TestEntry testId="3215309a-c170-3a90-36e8-c896704e6333" executionId="6c8ff77f-6575-467c-824b-a5e257dee3b9" testListId="8c84fa94-04c1-424b-9868-57a2d4851a1d" />
    <TestEntry testId="010d6867-68dc-06fa-3b39-c2d7f5b85291" executionId="fa17126a-1c77-46a3-a845-7bc5ddbea3bd" testListId="8c84fa94-04c1-424b-9868-57a2d4851a1d" />
    <TestEntry testId="60c69ff5-89b2-197d-90c0-5219587cb80d" executionId="1b1ec9ee-3ae3-496c-bfc0-061f70b41255" testListId="8c84fa94-04c1-424b-9868-57a2d4851a1d" />
    <TestEntry testId="c5b82386-ac03-bc8b-608e-5bd976068876" executionId="ee15d4ed-6806-4f10-9604-af37dde15f58" testListId="8c84fa94-04c1-424b-9868-57a2d4851a1d" />
    <TestEntry testId="1079a229-fd63-4e8b-6131-749f5fa842df" executionId="cb838179-6945-4713-8341-3006eb094c9f" testListId="8c84fa94-04c1-424b-9868-57a2d4851a1d" />
    <TestEntry testId="2aeb0604-7864-ac0e-7483-a1a86a3f6f67" executionId="2917958a-fb76-4ed3-a05d-b8a03c73f1e7" testListId="8c84fa94-04c1-424b-9868-57a2d4851a1d" />
    <TestEntry testId="e136a8cd-3f63-a904-c5bb-437c3044bc59" executionId="b0f27fd2-bc76-44cc-89cd-ffa7bc504b83" testListId="8c84fa94-04c1-424b-9868-57a2d4851a1d" />
    <TestEntry testId="f0c5812c-630c-2912-6782-e7e51d2e4caa" executionId="c3504ba0-dfc7-4182-a5d0-5f502fed6af2" testListId="8c84fa94-04c1-424b-9868-57a2d4851a1d" />
    <TestEntry testId="14586c69-09d9-7b16-15c8-c6b5e4ea64f4" executionId="6277c111-c343-4a2e-acc1-ed6d5c4df1c5" testListId="8c84fa94-04c1-424b-9868-57a2d4851a1d" />
    <TestEntry testId="317e86cb-de5d-7ed1-da85-650314a8d400" executionId="abb52e31-c9c7-417e-893c-61c3ba5f4a65" testListId="8c84fa94-04c1-424b-9868-57a2d4851a1d" />
    <TestEntry testId="e1ce66f6-03d2-e28b-bcfb-64c1c424a716" executionId="4b523a00-6023-4a61-9217-88f2bf0962f1" testListId="8c84fa94-04c1-424b-9868-57a2d4851a1d" />
    <TestEntry testId="2f8a4bab-4df9-e4ff-fb91-be0d70ec975d" executionId="39379171-fa3f-4a21-bba4-300c7275299d" testListId="8c84fa94-04c1-424b-9868-57a2d4851a1d" />
    <TestEntry testId="f252f3f1-2ddc-5f57-0a09-9fe0a66fde7a" executionId="402fdd77-52ba-4a8d-93c8-f5e20bf282de" testListId="8c84fa94-04c1-424b-9868-57a2d4851a1d" />
    <TestEntry testId="e7e63149-c015-7b5a-f774-f0bcac9b808e" executionId="bd2b7417-31ac-41cd-9d28-93f7b1f50425" testListId="8c84fa94-04c1-424b-9868-57a2d4851a1d" />
    <TestEntry testId="03b9d988-af55-c02a-fb0b-6c811350a612" executionId="d2ad2751-94dc-4aa2-bc02-b09d1941ca53" testListId="8c84fa94-04c1-424b-9868-57a2d4851a1d" />
    <TestEntry testId="1ba3b9b4-ea19-f6d5-8589-707d8ab372fd" executionId="54cb8c8b-9a10-405a-ba01-07238224ccde" testListId="8c84fa94-04c1-424b-9868-57a2d4851a1d" />
    <TestEntry testId="edaf9c06-ff2c-62ed-be08-4c1afe57f05b" executionId="881f69ed-fdc2-4895-b85f-8b940b6f71af" testListId="8c84fa94-04c1-424b-9868-57a2d4851a1d" />
    <TestEntry testId="a90fcb60-5904-342b-4fdf-2acce1eecc2f" executionId="7e026bd7-1f9c-4a3b-8861-4d9fabb5b2de" testListId="8c84fa94-04c1-424b-9868-57a2d4851a1d" />
    <TestEntry testId="7fa4e74d-d917-b5cf-9ec9-cff6147ce87d" executionId="fac365bf-578a-4289-8926-2b23ddebc0b8" testListId="8c84fa94-04c1-424b-9868-57a2d4851a1d" />
    <TestEntry testId="95e53d06-c2c3-70e9-48e1-6d7859b93b61" executionId="50d5011c-50d3-49b5-98f0-f07bd0ee2fa1" testListId="8c84fa94-04c1-424b-9868-57a2d4851a1d" />
    <TestEntry testId="702b2a99-3d22-8fb5-d555-a5570edf1677" executionId="2d1d1ba3-9642-4842-b5a0-4d5b253328a6" testListId="8c84fa94-04c1-424b-9868-57a2d4851a1d" />
    <TestEntry testId="cbd1a592-fe49-5c6c-2e8b-2ba168c4038f" executionId="e6bb6c4b-b80a-46a2-95c8-7f20412bb36f" testListId="8c84fa94-04c1-424b-9868-57a2d4851a1d" />
    <TestEntry testId="aad983c5-8e27-f320-9ef1-f25fd06b1fff" executionId="1a5b8660-2afb-4a0a-b3a8-4589aa8c2613" testListId="8c84fa94-04c1-424b-9868-57a2d4851a1d" />
    <TestEntry testId="5b878309-5fba-ade9-5fb0-a0b0fe46423a" executionId="bcd94fae-7cbc-4560-a66c-77319c2acc38" testListId="8c84fa94-04c1-424b-9868-57a2d4851a1d" />
    <TestEntry testId="11e45243-c796-e305-ccb2-ad123da6b869" executionId="c7b46b24-8569-4aa1-b6ad-b522e9cf2fc9" testListId="8c84fa94-04c1-424b-9868-57a2d4851a1d" />
    <TestEntry testId="5f362ea2-3502-a9a4-859c-9b7a53373938" executionId="71494f3e-9cea-4aae-bc4b-382c5538a871" testListId="8c84fa94-04c1-424b-9868-57a2d4851a1d" />
    <TestEntry testId="13db29e1-271e-aab2-3bce-87640b8c6e48" executionId="adf360fb-2793-4a3a-9581-b549326a39bd" testListId="8c84fa94-04c1-424b-9868-57a2d4851a1d" />
    <TestEntry testId="51eb78b3-47f8-22f8-16bb-8f1455db269f" executionId="80515b6b-c9bf-4c50-95a5-32acc2be2987" testListId="8c84fa94-04c1-424b-9868-57a2d4851a1d" />
    <TestEntry testId="58078e76-fc8c-090d-f603-a4db3d83abcc" executionId="66997d59-20d5-4107-9983-9044262a2d03" testListId="8c84fa94-04c1-424b-9868-57a2d4851a1d" />
    <TestEntry testId="f84b750e-f7b1-dfa1-6239-ac206a9e1008" executionId="3abf0b32-c732-4d0e-a341-d4de9a29d458" testListId="8c84fa94-04c1-424b-9868-57a2d4851a1d" />
    <TestEntry testId="cb217fc0-412f-9e5e-8b31-b39324af2ee8" executionId="89537a75-eab3-45cb-9e36-733e0581a134" testListId="8c84fa94-04c1-424b-9868-57a2d4851a1d" />
    <TestEntry testId="f3077786-632a-26ad-8d51-86ff9f306fe4" executionId="c667dfea-eaf6-4a32-bcf4-9baf3160d384" testListId="8c84fa94-04c1-424b-9868-57a2d4851a1d" />
    <TestEntry testId="987edaa0-0a3b-cbb4-5b40-8112a4826bc5" executionId="3b41fb05-6f3d-4fed-91fd-fb44d9f1cc2e" testListId="8c84fa94-04c1-424b-9868-57a2d4851a1d" />
    <TestEntry testId="052697c7-c6ac-9c36-6e57-c8105d8c8917" executionId="16e7ef68-a9ea-4482-a25e-6e8e81ad25df" testListId="8c84fa94-04c1-424b-9868-57a2d4851a1d" />
    <TestEntry testId="9d33f831-b29f-950b-6dda-1dc9cfbec78f" executionId="7045bb0b-dcb4-43fc-908f-2371081eb485" testListId="8c84fa94-04c1-424b-9868-57a2d4851a1d" />
    <TestEntry testId="673f3e73-dfeb-8ed6-a405-443eef7a608a" executionId="b3c8a5b2-c555-47af-89d4-fcf134c7436e" testListId="8c84fa94-04c1-424b-9868-57a2d4851a1d" />
    <TestEntry testId="651e8dde-0b5e-5bed-5256-d6a71b2a59d0" executionId="9b8bd3f9-77ec-4130-9a00-1e56ae7276d0" testListId="8c84fa94-04c1-424b-9868-57a2d4851a1d" />
    <TestEntry testId="c2089cd7-1abb-31da-c4ba-3d9555a4f6a0" executionId="4a1bc3ff-7474-4ac4-92cb-5e15cb474d8f" testListId="8c84fa94-04c1-424b-9868-57a2d4851a1d" />
    <TestEntry testId="3439b9dc-7196-e05d-43e6-c0e2ac91454a" executionId="541deccf-e7c9-4d1d-8d65-b1e841782ab6" testListId="8c84fa94-04c1-424b-9868-57a2d4851a1d" />
    <TestEntry testId="98f27d45-2a93-357a-deeb-cbe956e4dc11" executionId="0f38b39f-6484-4bbf-991b-27905be15b1c" testListId="8c84fa94-04c1-424b-9868-57a2d4851a1d" />
    <TestEntry testId="20cd3c5b-85a9-064a-ae50-0db9b4c55966" executionId="eccf8f82-f63a-417e-bbf4-fc32aeb94dce" testListId="8c84fa94-04c1-424b-9868-57a2d4851a1d" />
    <TestEntry testId="56f5cfe7-c187-684a-c730-d4624e106c42" executionId="28a2bda7-0333-4eb6-a13e-c8a86a2f6506" testListId="8c84fa94-04c1-424b-9868-57a2d4851a1d" />
    <TestEntry testId="e5e298fb-304c-1a45-0e4a-b64258842db0" executionId="e35b5ca7-a368-47cf-8d47-7e90aa5959d0" testListId="8c84fa94-04c1-424b-9868-57a2d4851a1d" />
    <TestEntry testId="2be8ff91-530a-56da-c98c-d25f9ef28970" executionId="e27fcad7-0e93-4866-b90f-db85651171e2" testListId="8c84fa94-04c1-424b-9868-57a2d4851a1d" />
    <TestEntry testId="9f4edaad-99c4-2eb1-ba6c-f50887f230cb" executionId="f84f1183-2cb1-48b5-af21-4c3771ccd015" testListId="8c84fa94-04c1-424b-9868-57a2d4851a1d" />
    <TestEntry testId="626588a6-8954-1a80-be96-bc32494f9793" executionId="f05f4b93-cfbe-4359-8e07-cd5438944985" testListId="8c84fa94-04c1-424b-9868-57a2d4851a1d" />
    <TestEntry testId="8ad53d84-7b7f-42f1-3c0f-a181a1bcf187" executionId="3815fa4e-4d0e-43e9-b583-d5133ff1a013" testListId="8c84fa94-04c1-424b-9868-57a2d4851a1d" />
    <TestEntry testId="aa6b509d-ef33-e576-b983-961276c69241" executionId="8ce149fc-73b0-4db0-b045-8ff022366417" testListId="8c84fa94-04c1-424b-9868-57a2d4851a1d" />
    <TestEntry testId="80e60020-24f2-b8c1-7ee1-a8544259cfd1" executionId="51f3f380-2edd-4356-9ff5-02b7ca9e7489" testListId="8c84fa94-04c1-424b-9868-57a2d4851a1d" />
    <TestEntry testId="fdaa70b5-d6a7-4b1c-2dcb-1ad653aa4853" executionId="188088fd-6ce6-483c-8a3e-ca7466479428" testListId="8c84fa94-04c1-424b-9868-57a2d4851a1d" />
    <TestEntry testId="2b48bd6d-d40f-68da-88e6-66c25aa42362" executionId="ae5d6711-4103-4bab-94e7-17e8f1a02374" testListId="8c84fa94-04c1-424b-9868-57a2d4851a1d" />
    <TestEntry testId="dddb1835-bc62-9ecf-f6da-266a9e5d6d03" executionId="469c79c2-2c64-46c2-b6a2-1a579ab5afb7" testListId="8c84fa94-04c1-424b-9868-57a2d4851a1d" />
    <TestEntry testId="c733db05-5b7b-4d43-767f-ec9ea4306b0e" executionId="56432056-d7bc-4d64-92fb-65a9e4386648" testListId="8c84fa94-04c1-424b-9868-57a2d4851a1d" />
    <TestEntry testId="521edd59-e00a-7fda-d2c0-b2558265b67a" executionId="84bf2979-5fdd-4013-8f2b-7881a5ff1e0d" testListId="8c84fa94-04c1-424b-9868-57a2d4851a1d" />
    <TestEntry testId="787ee61a-eea4-f68b-10a6-56765d45d4e8" executionId="cc6561e3-9799-4779-9df0-b09af5edfd3d" testListId="8c84fa94-04c1-424b-9868-57a2d4851a1d" />
    <TestEntry testId="c1eeed7f-e4ec-7e8c-7de0-e6cd997c3f16" executionId="65506089-5df4-41b7-a5f1-5dc827565afe" testListId="8c84fa94-04c1-424b-9868-57a2d4851a1d" />
    <TestEntry testId="9f0f6d30-f426-c7af-d9b6-15317c05ddf1" executionId="36671c95-f20c-4b76-8045-8443295ca0bf" testListId="8c84fa94-04c1-424b-9868-57a2d4851a1d" />
    <TestEntry testId="f680908c-3b4b-7b4d-7066-6e5fce7c0b27" executionId="ba2bab4a-465b-4d9f-85aa-c4d14ac23569" testListId="8c84fa94-04c1-424b-9868-57a2d4851a1d" />
    <TestEntry testId="f086d804-d792-85ee-7f01-0c6bad93eebb" executionId="fb3a9b83-b844-45b1-ba2f-deef4dd3863e" testListId="8c84fa94-04c1-424b-9868-57a2d4851a1d" />
    <TestEntry testId="0d6f4d12-30c4-770e-7e76-c3c94335926a" executionId="be419648-3d30-4502-90bc-d0435d1feaa9" testListId="8c84fa94-04c1-424b-9868-57a2d4851a1d" />
    <TestEntry testId="17fe6ff4-b5d4-9e8c-2ff8-d274a9cc9666" executionId="8394f115-7a10-4bb2-98b3-74c764a40092" testListId="8c84fa94-04c1-424b-9868-57a2d4851a1d" />
    <TestEntry testId="1a507d86-1921-f620-6368-d6adb1877080" executionId="d683c141-995f-48b2-b96e-e9e7516f7737" testListId="8c84fa94-04c1-424b-9868-57a2d4851a1d" />
    <TestEntry testId="6754b662-82b1-e1e8-5fb7-5034b721677b" executionId="4ea2fa2e-857a-46ac-adc8-803abdf63b92" testListId="8c84fa94-04c1-424b-9868-57a2d4851a1d" />
    <TestEntry testId="0a4e5b36-6578-df3d-cfd2-3d6ee660820a" executionId="17ac43d4-099f-46df-8d28-dfb7b44951ae" testListId="8c84fa94-04c1-424b-9868-57a2d4851a1d" />
    <TestEntry testId="d77fa2b3-cd91-4a80-9070-a6c107df2662" executionId="7e8ddc51-dd68-4de9-adf8-f34eda3f0075" testListId="8c84fa94-04c1-424b-9868-57a2d4851a1d" />
    <TestEntry testId="f8f04b21-fad0-48a3-39ca-a5f162fe7d64" executionId="4c073bb1-2435-4abd-aa3c-5c0c39b2cb2b" testListId="8c84fa94-04c1-424b-9868-57a2d4851a1d" />
    <TestEntry testId="acb150f5-b42c-e1e1-4437-dd62b031592b" executionId="c10fe29e-64ba-4304-817e-c295904e1ce1" testListId="8c84fa94-04c1-424b-9868-57a2d4851a1d" />
    <TestEntry testId="0235937d-7835-1be7-a6de-aa25a4b10aac" executionId="5da5d1cc-d0d1-4310-9c39-acc3f505fe60" testListId="8c84fa94-04c1-424b-9868-57a2d4851a1d" />
    <TestEntry testId="5711c871-ad4e-1c97-b7af-50ef5d9eff82" executionId="60884297-5262-4629-92e9-cdf5e6ee90ac" testListId="8c84fa94-04c1-424b-9868-57a2d4851a1d" />
    <TestEntry testId="744b677d-0c71-fc1a-e1ca-cb97cabb4a84" executionId="60c5c753-3ba6-415e-9c7f-00db833b4314" testListId="8c84fa94-04c1-424b-9868-57a2d4851a1d" />
    <TestEntry testId="f4609267-8826-6634-3e91-b8471488e292" executionId="eb49cb56-c4be-4fc2-8b6e-c29d419432aa" testListId="8c84fa94-04c1-424b-9868-57a2d4851a1d" />
    <TestEntry testId="84796659-ba8c-65c7-7760-1f800728b555" executionId="213d4699-a642-4eb7-851e-509c82c1cea5" testListId="8c84fa94-04c1-424b-9868-57a2d4851a1d" />
    <TestEntry testId="6e48d542-e9b0-81b3-6d86-e61f8dff61ca" executionId="30480bda-c098-4951-ba9c-ec319f7b6c97" testListId="8c84fa94-04c1-424b-9868-57a2d4851a1d" />
    <TestEntry testId="15256628-10ab-395d-cdc0-982196f2d384" executionId="2a607a6d-3338-4e24-81af-5c1282c606fd" testListId="8c84fa94-04c1-424b-9868-57a2d4851a1d" />
    <TestEntry testId="95b39f8a-1d05-ef16-b7bc-9f5670cd4fdd" executionId="d781c41c-f730-4fb9-98d5-d0ad81870222" testListId="8c84fa94-04c1-424b-9868-57a2d4851a1d" />
    <TestEntry testId="37f14c37-5c5d-2aca-7f78-44d1e6498fe0" executionId="d49295c1-cec1-4699-9154-cb9a0ac286a2" testListId="8c84fa94-04c1-424b-9868-57a2d4851a1d" />
    <TestEntry testId="20b32a9d-1528-d876-b23d-11423094b46d" executionId="f905d239-d3e1-4f9f-b0fe-5b66a55bcdfb" testListId="8c84fa94-04c1-424b-9868-57a2d4851a1d" />
    <TestEntry testId="e998f77e-77b2-7e10-d8db-3813eb8031aa" executionId="d48be5f6-2264-435e-b55c-bc45c6342384" testListId="8c84fa94-04c1-424b-9868-57a2d4851a1d" />
    <TestEntry testId="55ff5278-ace4-0f2e-f8ad-9f5f257b511f" executionId="d8bd5d31-6e8e-4cef-aa0a-2ade4d73c941" testListId="8c84fa94-04c1-424b-9868-57a2d4851a1d" />
    <TestEntry testId="dce39246-34e9-ee17-be45-81df055ba9b7" executionId="68449b02-64e1-4f49-b3bd-8b4ceda65562" testListId="8c84fa94-04c1-424b-9868-57a2d4851a1d" />
    <TestEntry testId="22c14ae1-426d-20b6-6b98-6e6a9790adb4" executionId="05a56258-9d9c-44bd-8f72-4f1495b7ccfc" testListId="8c84fa94-04c1-424b-9868-57a2d4851a1d" />
    <TestEntry testId="4037f8f9-6ca0-fb62-ee52-1ab0cb3db5fb" executionId="c0fedda6-ce1d-490e-ab3a-405fc51765b2" testListId="8c84fa94-04c1-424b-9868-57a2d4851a1d" />
    <TestEntry testId="b4b53b4f-883e-94e0-fef4-aaf250b86eec" executionId="d341ba0f-1ff1-4832-bc57-dde1a6623ba0" testListId="8c84fa94-04c1-424b-9868-57a2d4851a1d" />
    <TestEntry testId="85b176e4-fb59-5c82-65b9-233680a9d61b" executionId="a564476d-2908-4b56-bc5a-bdf8a8fe079c" testListId="8c84fa94-04c1-424b-9868-57a2d4851a1d" />
    <TestEntry testId="1bcc3d33-eed0-82c1-06ce-172f567f9802" executionId="85f37884-2518-4397-a456-75781d55fc7b" testListId="8c84fa94-04c1-424b-9868-57a2d4851a1d" />
    <TestEntry testId="324b13ab-64d8-9667-f4d5-2b34c2ee361f" executionId="f38a96eb-70b3-4167-87f1-9df6a7710d27" testListId="8c84fa94-04c1-424b-9868-57a2d4851a1d" />
    <TestEntry testId="8d8eee96-464d-c577-6270-884494a6a9b2" executionId="e09e80e9-486f-4caa-a86b-42ca29727652" testListId="8c84fa94-04c1-424b-9868-57a2d4851a1d" />
    <TestEntry testId="d3a599a4-935b-da5b-b016-03413c57fddc" executionId="688b3c0e-cae0-4ff1-81a8-ea85dc9f5745" testListId="8c84fa94-04c1-424b-9868-57a2d4851a1d" />
    <TestEntry testId="8ffeda3d-e799-7be5-92e9-cd0ffd88ed12" executionId="0436aacd-c822-4526-91b7-90b4d9dbeead" testListId="8c84fa94-04c1-424b-9868-57a2d4851a1d" />
    <TestEntry testId="e6be9160-5cc6-c513-67c4-14d959e49ad9" executionId="4673415f-66d8-4291-9ecc-c8da178d3842" testListId="8c84fa94-04c1-424b-9868-57a2d4851a1d" />
    <TestEntry testId="29212116-6a0b-3ffd-ae50-19c86a9244cc" executionId="2d5ef97b-e0c6-46d0-84c9-7841d82f71f5" testListId="8c84fa94-04c1-424b-9868-57a2d4851a1d" />
    <TestEntry testId="e60bae60-c13a-330d-734d-4108f8865d47" executionId="90cef11b-05dd-49b9-b228-4762e4f8e704" testListId="8c84fa94-04c1-424b-9868-57a2d4851a1d" />
    <TestEntry testId="8717c557-1272-1ca3-c2f1-71d1819ddb50" executionId="354ee80b-4ab9-43c0-9f16-d74e600b3fb6" testListId="8c84fa94-04c1-424b-9868-57a2d4851a1d" />
    <TestEntry testId="e998f77e-77b2-7e10-d8db-3813eb8031aa" executionId="fd817ad9-0711-49de-9e39-060cf75a30d9" testListId="8c84fa94-04c1-424b-9868-57a2d4851a1d" />
    <TestEntry testId="39116a4a-80db-ce36-d47f-ad7c599fcdc1" executionId="efa5d685-34ea-4f14-b3eb-3dce48b0cf04" testListId="8c84fa94-04c1-424b-9868-57a2d4851a1d" />
    <TestEntry testId="2b33b0ae-9699-070c-729a-42132d028501" executionId="e6933465-70df-44da-919a-de4d2421a8a5" testListId="8c84fa94-04c1-424b-9868-57a2d4851a1d" />
    <TestEntry testId="20efb3d3-79c6-bd77-1370-aab1347bcb2b" executionId="adb0bc50-cfc6-49d2-93ec-4fdf43457005" testListId="8c84fa94-04c1-424b-9868-57a2d4851a1d" />
    <TestEntry testId="6ea25a13-961a-d8b8-8741-00e7f42d7603" executionId="5b3b03b2-58b1-4737-b285-bfbbb8f073fa" testListId="8c84fa94-04c1-424b-9868-57a2d4851a1d" />
    <TestEntry testId="57630e13-6376-5ac4-f876-8b3113252cf4" executionId="8d794309-8ae7-4ccf-b988-8347a4a6ed9f" testListId="8c84fa94-04c1-424b-9868-57a2d4851a1d" />
    <TestEntry testId="37ae04ae-6997-0ecf-07a1-64b6d7659569" executionId="97fef579-934f-427d-aa48-467a74a42c3a" testListId="8c84fa94-04c1-424b-9868-57a2d4851a1d" />
    <TestEntry testId="50437517-5fc5-21fb-fd24-7bb70ccad1c0" executionId="1b4cfbf6-11cf-4e0d-bc69-7ab09785a6f7" testListId="8c84fa94-04c1-424b-9868-57a2d4851a1d" />
    <TestEntry testId="d99b4f5e-d723-6b95-fc42-5b32d4349edc" executionId="e9964ee0-7d0f-44a4-9821-60e2740f89f9" testListId="8c84fa94-04c1-424b-9868-57a2d4851a1d" />
    <TestEntry testId="4ccdfeb9-004d-3fe2-5c2e-c79ef1dd5941" executionId="2cf884ab-b41a-41d1-ab27-606fbd4f708b" testListId="8c84fa94-04c1-424b-9868-57a2d4851a1d" />
    <TestEntry testId="c2ad7c56-01cc-4375-d0d2-2742c681c744" executionId="23e67293-c307-4cdf-8a27-4b2bb95860e0" testListId="8c84fa94-04c1-424b-9868-57a2d4851a1d" />
    <TestEntry testId="73f202f0-6b9c-f5c0-5b33-e4aa7777d3dd" executionId="82131c8e-6a50-4653-bc6c-fc50e2b2080e" testListId="8c84fa94-04c1-424b-9868-57a2d4851a1d" />
    <TestEntry testId="788c7744-bd48-e28d-a864-bbd05271aa4c" executionId="0542fc3a-81a0-47ab-b918-4bc7943dad93" testListId="8c84fa94-04c1-424b-9868-57a2d4851a1d" />
    <TestEntry testId="046e87a4-129e-e9d1-b689-ff12d71bb7aa" executionId="898f4456-5174-4c38-9506-dc4efa649d92" testListId="8c84fa94-04c1-424b-9868-57a2d4851a1d" />
    <TestEntry testId="84ba2f48-d35e-2565-b5d6-9096907c8416" executionId="65e2af2c-d24b-47f4-a6bd-4e2f40a84582" testListId="8c84fa94-04c1-424b-9868-57a2d4851a1d" />
    <TestEntry testId="7ed10e38-acaf-fb97-a236-10882c020ef0" executionId="132cddfe-767f-4b5d-8511-1db6abe32d37" testListId="8c84fa94-04c1-424b-9868-57a2d4851a1d" />
    <TestEntry testId="81128042-c745-b3dd-d6e9-cc3789c8a026" executionId="bd90cc59-3b12-46e5-b116-7a17a737e2e2" testListId="8c84fa94-04c1-424b-9868-57a2d4851a1d" />
    <TestEntry testId="49a421d1-e95e-714d-edf9-45ffcfd2a39e" executionId="a4b031ea-7906-486e-9a53-cb12d46c7fca" testListId="8c84fa94-04c1-424b-9868-57a2d4851a1d" />
    <TestEntry testId="3ca183c0-19b7-c862-e0ae-e783adb3e613" executionId="5f9d6e5f-d4d5-4b5c-a29a-040c4c9c2620" testListId="8c84fa94-04c1-424b-9868-57a2d4851a1d" />
    <TestEntry testId="ede7971d-d588-349a-0279-c271f7ada06e" executionId="195cf861-2ac4-4a4b-a05a-22903f899e55" testListId="8c84fa94-04c1-424b-9868-57a2d4851a1d" />
    <TestEntry testId="54f7979c-7440-2cc5-5665-679c43abe566" executionId="7dca3cab-b876-4d50-b9f1-87a129ed4bf2" testListId="8c84fa94-04c1-424b-9868-57a2d4851a1d" />
    <TestEntry testId="80e1e452-82cf-b088-db40-d28f7d32c62d" executionId="b99ecb66-f03d-4d11-9cd4-6c30988c3aae" testListId="8c84fa94-04c1-424b-9868-57a2d4851a1d" />
    <TestEntry testId="04187fa0-5851-9668-dfce-6611bb5be8f1" executionId="62f0b590-b265-4f12-a4d3-4a1e1a7ce0bd" testListId="8c84fa94-04c1-424b-9868-57a2d4851a1d" />
    <TestEntry testId="b2858415-8d80-7600-7fe5-6b1b7d183235" executionId="2a7c2f40-83b9-4ef6-b6f8-c88c00463f10" testListId="8c84fa94-04c1-424b-9868-57a2d4851a1d" />
    <TestEntry testId="a8f4b6d2-f49f-cfb1-a73f-419bc32fb67e" executionId="ceaddf2f-f27d-47d5-936c-5f8abb22eb9c" testListId="8c84fa94-04c1-424b-9868-57a2d4851a1d" />
    <TestEntry testId="e5ac7c8b-5d6c-e4aa-7715-b9b1e7a9023f" executionId="09260e8f-54e2-4606-b7ae-29ddde51d87f" testListId="8c84fa94-04c1-424b-9868-57a2d4851a1d" />
    <TestEntry testId="c3862469-efa6-2b47-619c-2ccf15cc9a36" executionId="8d2db5c7-015f-4d26-987d-39a501cef971" testListId="8c84fa94-04c1-424b-9868-57a2d4851a1d" />
    <TestEntry testId="b06788dc-a2be-9fbd-2a2a-6d94fe4b396d" executionId="701f86bf-f10c-4507-8d29-b89f9eaf3887" testListId="8c84fa94-04c1-424b-9868-57a2d4851a1d" />
    <TestEntry testId="4adcb6de-d6b1-ce7d-930d-8dcc82e4f478" executionId="aaca5fd7-8694-4da7-94dd-05befecaced4" testListId="8c84fa94-04c1-424b-9868-57a2d4851a1d" />
    <TestEntry testId="3440448b-f182-3326-b799-bc9fc2738adb" executionId="6a6ff3ee-b8c8-428e-833f-5683fdb35206" testListId="8c84fa94-04c1-424b-9868-57a2d4851a1d" />
    <TestEntry testId="e5f806d4-832f-52ef-8b31-b0825a471642" executionId="62a11308-a708-474c-b687-d2f7a89b8b78" testListId="8c84fa94-04c1-424b-9868-57a2d4851a1d" />
    <TestEntry testId="1b422f57-785f-39b3-2e48-19335b37060e" executionId="78a54593-81cf-48e3-9bca-a5e71076b48a" testListId="8c84fa94-04c1-424b-9868-57a2d4851a1d" />
    <TestEntry testId="f56fd28f-91dc-8b5a-3f0d-995472c1fd21" executionId="f9aad11a-3722-4a6a-b1dd-22d3a323436f" testListId="8c84fa94-04c1-424b-9868-57a2d4851a1d" />
    <TestEntry testId="9cb22239-8c05-3795-1d49-f4debbc5193e" executionId="4f457d84-024e-4399-b1b4-1a6601e28c45" testListId="8c84fa94-04c1-424b-9868-57a2d4851a1d" />
    <TestEntry testId="d39f566a-6448-5523-5e51-422943258ba3" executionId="da0e10e9-36fc-477d-81bb-aebca322bfff" testListId="8c84fa94-04c1-424b-9868-57a2d4851a1d" />
    <TestEntry testId="227dae21-47d4-ba20-0c10-f41a6c7e9f9c" executionId="a8b6e0ac-a2fe-46b6-8212-ab62ff319d21" testListId="8c84fa94-04c1-424b-9868-57a2d4851a1d" />
    <TestEntry testId="3396378a-9ca0-08c0-5632-b84c1a5adbad" executionId="a7cebe36-aaeb-4f50-9f75-b94a7d6d4228" testListId="8c84fa94-04c1-424b-9868-57a2d4851a1d" />
    <TestEntry testId="720fe66f-b8b5-d4e5-7a83-b546dcd33e63" executionId="cccc23bb-df84-43af-8f44-b21061038a5e" testListId="8c84fa94-04c1-424b-9868-57a2d4851a1d" />
    <TestEntry testId="8b541578-adaa-009d-fcd7-342c1711308d" executionId="2975d1b8-2e09-47c4-8bf8-de6cec52c36a" testListId="8c84fa94-04c1-424b-9868-57a2d4851a1d" />
    <TestEntry testId="79975695-e433-2a9b-026b-7999a642c311" executionId="01616973-6a49-42ca-bde1-36d18d697152" testListId="8c84fa94-04c1-424b-9868-57a2d4851a1d" />
    <TestEntry testId="dd098655-ce3b-b407-bc7d-fa88b3ed5381" executionId="798059e6-07e5-4ee7-a8a2-7542cad0a702" testListId="8c84fa94-04c1-424b-9868-57a2d4851a1d" />
    <TestEntry testId="e2466cfc-7e0f-fee8-93df-e8c746cb8a63" executionId="a4fa5d63-9b50-4470-9574-8a11b58159ad" testListId="8c84fa94-04c1-424b-9868-57a2d4851a1d" />
    <TestEntry testId="b0e10c91-c024-4a15-62c7-840e030250c4" executionId="5903c20a-5b0b-43a8-9529-61c6935d93c2" testListId="8c84fa94-04c1-424b-9868-57a2d4851a1d" />
    <TestEntry testId="d1eb0766-e5d9-4c32-2713-e353a5504dcf" executionId="c609964b-7224-4b6b-87f0-5ba008bededc" testListId="8c84fa94-04c1-424b-9868-57a2d4851a1d" />
    <TestEntry testId="53bc71ef-c08f-8372-fdf8-0535984f2d5b" executionId="5413b7c2-231a-45b1-a0ea-7e293882b48c" testListId="8c84fa94-04c1-424b-9868-57a2d4851a1d" />
    <TestEntry testId="6da29afb-8acf-3f8d-692b-690d3f268744" executionId="7e5edcba-5b93-4e37-a206-2fddae71dc8a" testListId="8c84fa94-04c1-424b-9868-57a2d4851a1d" />
    <TestEntry testId="c6214463-25ef-9b77-19c9-f227068e9681" executionId="6591292f-7c6d-4bb8-8916-d0c114385e4a" testListId="8c84fa94-04c1-424b-9868-57a2d4851a1d" />
    <TestEntry testId="2373c7df-8688-ecca-12e2-43612d6b960f" executionId="b654b659-cfb3-4845-8a93-7843b12fd2db" testListId="8c84fa94-04c1-424b-9868-57a2d4851a1d" />
    <TestEntry testId="c8112731-d8e1-83da-555e-fca9f813858c" executionId="ceebe247-1f8d-4fda-9f1d-07e9180119b3" testListId="8c84fa94-04c1-424b-9868-57a2d4851a1d" />
    <TestEntry testId="87f381e7-d9c3-dd59-a7de-147f1cb1e49c" executionId="01c910a2-de62-4eca-851c-35dfe9158572" testListId="8c84fa94-04c1-424b-9868-57a2d4851a1d" />
    <TestEntry testId="9c9fd855-69d4-9918-84e1-a8e0fcc2b097" executionId="2d6484e7-a16c-47a8-a6b5-787dc2c08d94" testListId="8c84fa94-04c1-424b-9868-57a2d4851a1d" />
    <TestEntry testId="cea1f122-04c5-bf3d-5adc-09ad4dc7f7c2" executionId="720bd387-6f15-45da-bfba-223bd9b6dfc0" testListId="8c84fa94-04c1-424b-9868-57a2d4851a1d" />
    <TestEntry testId="db0bdc8c-751d-0e6e-b46c-9ca8002153fd" executionId="0fe29f0f-d32d-4b97-920f-c4eecfae15ff" testListId="8c84fa94-04c1-424b-9868-57a2d4851a1d" />
    <TestEntry testId="780a8c0e-f11a-2814-e487-bc0747c662a2" executionId="d35b8ec3-5ee5-45f9-b979-2ab437da27a3" testListId="8c84fa94-04c1-424b-9868-57a2d4851a1d" />
    <TestEntry testId="417d2775-4be3-356c-d0c6-5cff4570afc9" executionId="405efa12-4d97-4e3e-a70f-2e8a68ee3c48" testListId="8c84fa94-04c1-424b-9868-57a2d4851a1d" />
    <TestEntry testId="00c9ed3e-1b96-abed-4b9f-a4e09fd426a6" executionId="a2a9e4cf-c9e2-4416-b845-9c2413baabf1" testListId="8c84fa94-04c1-424b-9868-57a2d4851a1d" />
    <TestEntry testId="3419854c-a58b-26c0-1755-df23f4de0fe4" executionId="511aeb94-9325-477f-8123-81598459c8a5" testListId="8c84fa94-04c1-424b-9868-57a2d4851a1d" />
    <TestEntry testId="c0bd9a37-5d67-88a0-bfcd-3be0c84b2355" executionId="808f0838-abe6-46c6-b37e-e93a4f4410ea" testListId="8c84fa94-04c1-424b-9868-57a2d4851a1d" />
    <TestEntry testId="c64dde4b-44bc-09e7-e376-39c843a2f827" executionId="d7d8ec05-88e7-4019-b3a0-21f808e4574d" testListId="8c84fa94-04c1-424b-9868-57a2d4851a1d" />
    <TestEntry testId="66234323-7949-a946-9adf-97375c9fed0b" executionId="fb787b96-6b38-4ee3-8945-6c8df7a52dfb" testListId="8c84fa94-04c1-424b-9868-57a2d4851a1d" />
    <TestEntry testId="8a1568a6-ad98-67e4-8764-7fa07b40b0f4" executionId="63103cc5-4048-471e-9072-087a3288ff5d" testListId="8c84fa94-04c1-424b-9868-57a2d4851a1d" />
    <TestEntry testId="7c80c5ff-8206-70cb-2a46-eb970cd4a208" executionId="2bea1179-e261-422e-8546-004ba79e6a8d" testListId="8c84fa94-04c1-424b-9868-57a2d4851a1d" />
    <TestEntry testId="eafedef4-77b0-0ba7-44ca-5ee1ec158773" executionId="305c3c31-4133-495d-8108-ed0a9f142dbd" testListId="8c84fa94-04c1-424b-9868-57a2d4851a1d" />
    <TestEntry testId="5803be46-e356-847f-cccc-58e283b812ae" executionId="022f0154-c78d-4ee5-a7a4-8d8ba87619e7" testListId="8c84fa94-04c1-424b-9868-57a2d4851a1d" />
    <TestEntry testId="f680908c-3b4b-7b4d-7066-6e5fce7c0b27" executionId="ba6cdff9-a8ab-475c-9325-8c24a2c2efc6" testListId="8c84fa94-04c1-424b-9868-57a2d4851a1d" />
    <TestEntry testId="b45956e1-d5fa-0cc5-9bb7-ea079e1e5f1e" executionId="fe638d84-9415-4167-961b-9a53939bf1d5" testListId="8c84fa94-04c1-424b-9868-57a2d4851a1d" />
    <TestEntry testId="62c0f445-e4f5-0b37-109b-e9362caf5a8c" executionId="dac29761-1fc8-4598-ba0b-aa3a3273a150" testListId="8c84fa94-04c1-424b-9868-57a2d4851a1d" />
    <TestEntry testId="bf71a57f-ee03-3700-bbbe-0a8bed916dfe" executionId="168877b2-d636-4d17-9081-84ea5c4b531b" testListId="8c84fa94-04c1-424b-9868-57a2d4851a1d" />
    <TestEntry testId="19146f14-6143-cfb7-4c8f-467081c697c0" executionId="11d4779b-f304-4a0a-a10c-db4fcd86eb2b" testListId="8c84fa94-04c1-424b-9868-57a2d4851a1d" />
    <TestEntry testId="7191513c-28f2-659c-e5d2-897223e1317f" executionId="0e732146-373b-4726-92cd-b2c33c161941" testListId="8c84fa94-04c1-424b-9868-57a2d4851a1d" />
    <TestEntry testId="a660afa4-f5aa-b923-9ed9-b3aed02ce38b" executionId="08f47c6a-1394-4d29-8c42-519aad823625" testListId="8c84fa94-04c1-424b-9868-57a2d4851a1d" />
    <TestEntry testId="bf66e757-0492-e485-8a4b-fc8c1a4bef3b" executionId="ad5b01ac-b4bf-4de9-9cd1-c2253c541375" testListId="8c84fa94-04c1-424b-9868-57a2d4851a1d" />
    <TestEntry testId="3beeed46-879f-7c95-5996-20291cefba2d" executionId="63f25609-3690-4a5d-b79d-488ef6903117" testListId="8c84fa94-04c1-424b-9868-57a2d4851a1d" />
    <TestEntry testId="a8f9d2e6-a062-909a-f825-43244fd288c9" executionId="3847d0c9-0693-41db-84af-41b94a4b1661" testListId="8c84fa94-04c1-424b-9868-57a2d4851a1d" />
    <TestEntry testId="e7c0b876-bbe6-d4df-1806-4ff85a920c2f" executionId="ed3a0161-d7a1-4bbd-96e5-b92e0a65059f" testListId="8c84fa94-04c1-424b-9868-57a2d4851a1d" />
    <TestEntry testId="a994a568-3e00-625c-a6cf-5145a11d5bf6" executionId="cc9ebe6c-8f2b-49ad-9800-116337727925" testListId="8c84fa94-04c1-424b-9868-57a2d4851a1d" />
    <TestEntry testId="2864b3eb-0ab6-4da0-5436-4c6f89cc4874" executionId="38d00558-fbd7-4d30-b441-41c37f5850fb" testListId="8c84fa94-04c1-424b-9868-57a2d4851a1d" />
    <TestEntry testId="995126b2-b089-a150-2dce-04198c8d17e0" executionId="7d7c2b63-b1a5-49a4-add4-7be2aeab634d" testListId="8c84fa94-04c1-424b-9868-57a2d4851a1d" />
    <TestEntry testId="3d282549-a7d7-f787-c093-a6611551ad0d" executionId="ed1eec2f-17b4-4916-90c1-cfd2ceaee7d0" testListId="8c84fa94-04c1-424b-9868-57a2d4851a1d" />
    <TestEntry testId="afde7264-8c54-4b55-3afb-8cc9db7bdd2c" executionId="ee7b01dc-f3bf-4506-aa86-6a3cc7487245" testListId="8c84fa94-04c1-424b-9868-57a2d4851a1d" />
    <TestEntry testId="95de192a-ea76-d295-f88b-c527532da98d" executionId="3de60263-be0c-4512-9a00-83af22ca97f0" testListId="8c84fa94-04c1-424b-9868-57a2d4851a1d" />
    <TestEntry testId="670e500e-5c39-dd47-a9de-bf38c3c1554c" executionId="d3aa2e3c-bc37-4d5a-863d-9acd5eae5645" testListId="8c84fa94-04c1-424b-9868-57a2d4851a1d" />
    <TestEntry testId="b6df7e61-5cd3-7534-d237-3d944ef5fa3d" executionId="b873c87f-6ae8-45da-a49e-a50cb36c563a" testListId="8c84fa94-04c1-424b-9868-57a2d4851a1d" />
    <TestEntry testId="aae708ca-94a3-f452-ba7c-adc8143fc2ae" executionId="5fc3f27c-2c6a-42ed-b7b1-9ad44c631313" testListId="8c84fa94-04c1-424b-9868-57a2d4851a1d" />
    <TestEntry testId="f948b06a-352e-85e9-1354-e9aec0364e60" executionId="9709e7c9-38f7-4249-8543-f808d51294ea" testListId="8c84fa94-04c1-424b-9868-57a2d4851a1d" />
    <TestEntry testId="c2f67433-8910-98a5-d9a8-3181ecfa6a6e" executionId="47e319bb-8a8c-453f-9387-1c3406c8f8fb" testListId="8c84fa94-04c1-424b-9868-57a2d4851a1d" />
    <TestEntry testId="95782b76-412a-a409-a816-e93155ca7714" executionId="6efa5365-e423-47e2-be5e-e6e440d0f72f" testListId="8c84fa94-04c1-424b-9868-57a2d4851a1d" />
    <TestEntry testId="3346e13c-f7e8-cb19-f9f1-938fc47b8c60" executionId="bd6b8c2c-9350-4590-bed1-102b017bce00" testListId="8c84fa94-04c1-424b-9868-57a2d4851a1d" />
    <TestEntry testId="7a75352d-c73e-5868-4a6f-939343fd10a2" executionId="93385f3d-13ef-43ca-9376-ba48ac389c37" testListId="8c84fa94-04c1-424b-9868-57a2d4851a1d" />
    <TestEntry testId="c5313a02-9751-5e36-b637-63c29c825679" executionId="49acd78b-863f-4338-b6c6-956b2952083c" testListId="8c84fa94-04c1-424b-9868-57a2d4851a1d" />
    <TestEntry testId="833aec2e-c0ac-4112-94cf-5fa375595a9e" executionId="b6991f13-a896-4bca-bee5-d0c34039f867" testListId="8c84fa94-04c1-424b-9868-57a2d4851a1d" />
    <TestEntry testId="5358a71c-808a-a4c2-6851-01de58a4759c" executionId="a841df25-b041-4538-8865-decb1fb1a30a" testListId="8c84fa94-04c1-424b-9868-57a2d4851a1d" />
    <TestEntry testId="3d7ba390-9a7b-bdaa-74a4-97118816f256" executionId="2c86aca6-725b-445a-9ad3-a529d3e5ecdd" testListId="8c84fa94-04c1-424b-9868-57a2d4851a1d" />
    <TestEntry testId="4927bb5b-1d8a-626c-1d59-507b7cca82e7" executionId="9230deba-b57f-488d-8a8c-3c52341ed950" testListId="8c84fa94-04c1-424b-9868-57a2d4851a1d" />
    <TestEntry testId="b5155b68-06cf-ff0d-b5a3-6677768f61c2" executionId="cba4f644-a167-4280-a1ab-4f17fbee2992" testListId="8c84fa94-04c1-424b-9868-57a2d4851a1d" />
    <TestEntry testId="6a9c6020-889e-b6db-aa72-939d2660cb16" executionId="a4b0e5ee-0981-4893-b3fb-0916da38d5b3" testListId="8c84fa94-04c1-424b-9868-57a2d4851a1d" />
    <TestEntry testId="54618795-0b49-cc31-65f0-11068addceea" executionId="7dcfa2ff-fb05-4cab-bdea-77fe106431d9" testListId="8c84fa94-04c1-424b-9868-57a2d4851a1d" />
    <TestEntry testId="31b52586-5789-6780-65c0-3c8320c10bb3" executionId="c1ed7e76-d415-474e-a354-89a8db1a05ad" testListId="8c84fa94-04c1-424b-9868-57a2d4851a1d" />
    <TestEntry testId="c6dda2cd-bb4c-abf6-4c9e-75c0a7c49325" executionId="e7368622-c6e4-4ce4-ae13-238c842f9a88" testListId="8c84fa94-04c1-424b-9868-57a2d4851a1d" />
    <TestEntry testId="6c2035c4-97e2-d122-0c36-23cf8131de7d" executionId="799dea9d-613e-417a-98a4-0161cce8993e" testListId="8c84fa94-04c1-424b-9868-57a2d4851a1d" />
    <TestEntry testId="19058fc1-17d3-cb6e-9eb7-bbf4a0d2890d" executionId="2a59e67c-eadb-4b70-9523-d9768392ff0f" testListId="8c84fa94-04c1-424b-9868-57a2d4851a1d" />
    <TestEntry testId="7d0d6edf-f56b-d148-3827-35b36e3e80c4" executionId="55213772-5809-43a7-a442-ba0d99fd29dc" testListId="8c84fa94-04c1-424b-9868-57a2d4851a1d" />
    <TestEntry testId="80e1e452-82cf-b088-db40-d28f7d32c62d" executionId="5bc9a2d7-67c1-42fc-b693-e78d9288602f" testListId="8c84fa94-04c1-424b-9868-57a2d4851a1d" />
    <TestEntry testId="a68fe85a-0571-5cf5-4ec4-cc94366f30ee" executionId="038f66cc-7333-49a4-9f37-c1724998c65a" testListId="8c84fa94-04c1-424b-9868-57a2d4851a1d" />
    <TestEntry testId="ff37e13a-ef96-a965-37b4-7e2b5b7bc7cd" executionId="ad3f6201-dc44-4432-8536-ba7f2442303c" testListId="8c84fa94-04c1-424b-9868-57a2d4851a1d" />
    <TestEntry testId="d33238ac-1e47-b12a-5f1e-c0efc2aabbf1" executionId="484a2af8-bf82-4f0e-a04d-d6a0325a4836" testListId="8c84fa94-04c1-424b-9868-57a2d4851a1d" />
    <TestEntry testId="9ccd04df-3e0c-6d9f-958b-55fa47ad0ff1" executionId="2e9dd6d3-ad72-410e-8a0c-46a6c572cf44" testListId="8c84fa94-04c1-424b-9868-57a2d4851a1d" />
    <TestEntry testId="fe7cc80a-38c0-8f78-ba29-abacfcc11533" executionId="f41cae89-39a8-4746-9c9e-5c7477cd1f0c" testListId="8c84fa94-04c1-424b-9868-57a2d4851a1d" />
    <TestEntry testId="fd11af71-a4c4-5921-60ab-2b01bfd9ee13" executionId="a98274c7-668b-429c-9982-637a6dd4db5e" testListId="8c84fa94-04c1-424b-9868-57a2d4851a1d" />
    <TestEntry testId="20e8ccab-a0f4-bc81-8521-21ef899c1e27" executionId="d02fbec1-8ac4-488a-b4b2-52b2e16b625a" testListId="8c84fa94-04c1-424b-9868-57a2d4851a1d" />
    <TestEntry testId="f7f1fade-22dc-b3ee-b4cb-477d416d63d2" executionId="c43792d9-4f30-48d8-8a0e-8d6ca4baa006" testListId="8c84fa94-04c1-424b-9868-57a2d4851a1d" />
    <TestEntry testId="5d25dc9f-b119-d464-f93e-42b850f6a1ac" executionId="f2d69d49-7f77-453e-a447-9bc44617900e" testListId="8c84fa94-04c1-424b-9868-57a2d4851a1d" />
    <TestEntry testId="a476d913-853e-9006-57bf-9e825d119810" executionId="baf3c907-584c-43ff-83d6-8cd65d51c624" testListId="8c84fa94-04c1-424b-9868-57a2d4851a1d" />
    <TestEntry testId="0d69c7de-0a79-1b02-2fcf-9739b7f2143b" executionId="8c2f2ae4-9235-438a-bfeb-c94b97a8bf53" testListId="8c84fa94-04c1-424b-9868-57a2d4851a1d" />
    <TestEntry testId="eccb1112-d77c-887e-87bf-b7f65298e1a6" executionId="9bc4b796-758b-4997-a048-c00856851793" testListId="8c84fa94-04c1-424b-9868-57a2d4851a1d" />
    <TestEntry testId="3d6545fc-4bd4-f8dd-090b-7fa4464a971d" executionId="d0ffaa3d-7d63-4902-a360-fa99acbdace3" testListId="8c84fa94-04c1-424b-9868-57a2d4851a1d" />
    <TestEntry testId="820765dc-029b-30df-a6e4-7e3395cecf69" executionId="ac06964d-f72b-4eb5-aac3-110978ab5929" testListId="8c84fa94-04c1-424b-9868-57a2d4851a1d" />
    <TestEntry testId="79597831-b508-5354-99c1-919eea66b36a" executionId="4bc99254-c024-483a-9bf7-f1572f183f1b" testListId="8c84fa94-04c1-424b-9868-57a2d4851a1d" />
    <TestEntry testId="b53cbe33-730e-fb6f-4fda-1e9679963edf" executionId="126acaef-e490-4aa3-89ff-d6f91cf4276a" testListId="8c84fa94-04c1-424b-9868-57a2d4851a1d" />
    <TestEntry testId="798f07f3-7aba-5c3c-bfdb-b4e160b73303" executionId="c5052c97-89d2-43bd-ad8b-bd30e79f5127" testListId="8c84fa94-04c1-424b-9868-57a2d4851a1d" />
    <TestEntry testId="f97a9c11-337a-9db0-c57e-d2aa1b5d357d" executionId="b9a950da-5da4-4e0d-b3eb-7f3ee26602ae" testListId="8c84fa94-04c1-424b-9868-57a2d4851a1d" />
    <TestEntry testId="e9871a8e-a7b1-7767-3712-747754e9915c" executionId="2b7b653d-340b-4461-846e-d858eee46566" testListId="8c84fa94-04c1-424b-9868-57a2d4851a1d" />
    <TestEntry testId="f8d72901-3af0-f1c6-f40b-6d20a887c21a" executionId="f58a01d1-0b03-455c-a400-7ba342fb49df" testListId="8c84fa94-04c1-424b-9868-57a2d4851a1d" />
    <TestEntry testId="27433e55-5768-6c79-0b23-c4648c647a81" executionId="598b6a73-7425-46d8-8e3d-dcade1732882" testListId="8c84fa94-04c1-424b-9868-57a2d4851a1d" />
    <TestEntry testId="2227d8a1-1292-2ada-1845-295f40381449" executionId="341c9cab-78a8-4fce-8745-d8bfa52975c6" testListId="8c84fa94-04c1-424b-9868-57a2d4851a1d" />
    <TestEntry testId="84735ce6-0802-6c3e-660b-0ce9dcdbafe2" executionId="637c7afb-32e8-43f6-9db9-eeaed37112ec" testListId="8c84fa94-04c1-424b-9868-57a2d4851a1d" />
    <TestEntry testId="f342c369-1b63-ac09-7592-3bbf19ea7792" executionId="335bf841-c60f-45f4-8bbe-c141bce15ee2" testListId="8c84fa94-04c1-424b-9868-57a2d4851a1d" />
    <TestEntry testId="de275d14-569b-3727-dc66-e87b528f415d" executionId="44be0561-1328-47d7-9aa7-ff2cf164cca3" testListId="8c84fa94-04c1-424b-9868-57a2d4851a1d" />
    <TestEntry testId="ac792034-f247-0505-126f-c91db503a0d1" executionId="9ac8e78c-f848-47b5-ab6c-97f3617a38ef" testListId="8c84fa94-04c1-424b-9868-57a2d4851a1d" />
    <TestEntry testId="bc03d8ec-092f-15f4-b2b5-81687d93c9f8" executionId="c70bebe1-4044-48d3-9f7d-f4316c69cb27" testListId="8c84fa94-04c1-424b-9868-57a2d4851a1d" />
    <TestEntry testId="ef7eb1a4-404f-fda1-15f0-bcd1e692326a" executionId="7269dfbf-df03-43b8-a123-2fb8734506e7" testListId="8c84fa94-04c1-424b-9868-57a2d4851a1d" />
    <TestEntry testId="6fb4919f-9275-fa65-8704-748d9ebfe4e0" executionId="af2c7a14-cb02-40fc-a571-558cbdde7c52" testListId="8c84fa94-04c1-424b-9868-57a2d4851a1d" />
    <TestEntry testId="27e4287b-6aa8-a5c7-2e9e-fe37ab9970d9" executionId="cee5743f-fe9b-4822-8788-a9069a985f65" testListId="8c84fa94-04c1-424b-9868-57a2d4851a1d" />
    <TestEntry testId="30f4ca0f-0cfa-0e61-edff-19f1044181dc" executionId="222f0184-d7af-41bd-a5ad-14d84d626d06" testListId="8c84fa94-04c1-424b-9868-57a2d4851a1d" />
    <TestEntry testId="59476004-430a-3b34-3bb3-3229ecde9f89" executionId="2bbd71c0-d4a2-4d7b-81bb-a0c1d9759280" testListId="8c84fa94-04c1-424b-9868-57a2d4851a1d" />
    <TestEntry testId="fb103779-d04c-1686-3285-367738634a78" executionId="f9be9f52-4557-4f6d-ad3d-1fc7c3d3245b" testListId="8c84fa94-04c1-424b-9868-57a2d4851a1d" />
    <TestEntry testId="37c23154-aec4-129b-8dc2-bb50808aef9e" executionId="791018c6-a5c8-4051-8fff-87ce71b3f1bb" testListId="8c84fa94-04c1-424b-9868-57a2d4851a1d" />
    <TestEntry testId="83ccd97a-3d39-ee6a-e0f8-f15f62764577" executionId="3415106f-2674-4c67-9c4c-4a85c0a2045d" testListId="8c84fa94-04c1-424b-9868-57a2d4851a1d" />
    <TestEntry testId="1ff412f4-a550-fccb-f616-ee490e039d87" executionId="0271836a-8ddb-4f8c-854d-8c61f8375360" testListId="8c84fa94-04c1-424b-9868-57a2d4851a1d" />
    <TestEntry testId="06671719-51c0-06b8-b1b7-8927e1da93cb" executionId="88fde677-1798-4ed6-92d2-3d6be7b8bca5" testListId="8c84fa94-04c1-424b-9868-57a2d4851a1d" />
    <TestEntry testId="c0259e91-f91b-42ff-6977-459d0c7782fd" executionId="b1fa8533-db42-47f9-b2eb-23384260c0dd" testListId="8c84fa94-04c1-424b-9868-57a2d4851a1d" />
    <TestEntry testId="2c8890ce-c89d-6a9e-b8c6-3ef6c4bffec5" executionId="5ea00dfe-ad8e-4715-9582-240273f9ff63" testListId="8c84fa94-04c1-424b-9868-57a2d4851a1d" />
    <TestEntry testId="4095d4e0-7747-4418-2cba-d8d1b699249f" executionId="c08400be-b9fb-4e1d-b1a3-d6c5265aa41d" testListId="8c84fa94-04c1-424b-9868-57a2d4851a1d" />
    <TestEntry testId="7487436c-f2c5-4df4-5b49-6474bc347b87" executionId="16d37d8b-3738-4342-b3d8-8e05502656f4" testListId="8c84fa94-04c1-424b-9868-57a2d4851a1d" />
    <TestEntry testId="59a4f4a0-e2da-d6b5-1323-31e33b78b21f" executionId="8cd6666e-fbe4-40b7-be3e-3ddf49dd0d10" testListId="8c84fa94-04c1-424b-9868-57a2d4851a1d" />
    <TestEntry testId="3d9fd783-1e00-5310-17a4-99bc84d5613e" executionId="ac199ab1-c88f-4d19-9575-ffe9d5eb6ea0" testListId="8c84fa94-04c1-424b-9868-57a2d4851a1d" />
    <TestEntry testId="3c6da4f1-e15b-e209-7afc-b41a7ac6ff10" executionId="e191c39e-4774-43d0-9740-87051561c342" testListId="8c84fa94-04c1-424b-9868-57a2d4851a1d" />
    <TestEntry testId="94665017-ba44-93eb-512e-f9565e558eb5" executionId="b4de17f1-3a75-4193-bf64-ac6a0f85f27c" testListId="8c84fa94-04c1-424b-9868-57a2d4851a1d" />
    <TestEntry testId="2b34fdd0-9f13-a5e7-cdd1-b024cdc0e042" executionId="660cd57b-4225-487d-ae51-94ec168e2f16" testListId="8c84fa94-04c1-424b-9868-57a2d4851a1d" />
    <TestEntry testId="cedacd39-cebe-080f-c95c-117129a33131" executionId="3f050615-0894-4302-b9f7-960d2d5a4913" testListId="8c84fa94-04c1-424b-9868-57a2d4851a1d" />
    <TestEntry testId="7f46d23c-5d7c-d0cd-6885-7066d3b47889" executionId="756c6f56-f48d-405a-ace9-fa53394284ff" testListId="8c84fa94-04c1-424b-9868-57a2d4851a1d" />
    <TestEntry testId="30200921-e950-e3ac-a65b-a4bfe480ca8a" executionId="5c39a9c2-0f20-4de6-8caa-850c74a267db" testListId="8c84fa94-04c1-424b-9868-57a2d4851a1d" />
    <TestEntry testId="82ab9888-0e8e-be7c-a27b-7d4882e76ad2" executionId="1cbb6d10-646a-49f9-9a4f-3a70822a5337" testListId="8c84fa94-04c1-424b-9868-57a2d4851a1d" />
    <TestEntry testId="127e2415-6090-4094-56d7-1fadf987188b" executionId="8a412f0b-8866-4b5d-9587-1e800514f110" testListId="8c84fa94-04c1-424b-9868-57a2d4851a1d" />
    <TestEntry testId="61db488c-fd57-8a4d-714e-e5d3bad8b45f" executionId="09ae5e18-abdf-4aad-9153-3a3569bd1779" testListId="8c84fa94-04c1-424b-9868-57a2d4851a1d" />
    <TestEntry testId="8f5491df-5fca-1dbe-cd17-6a2db5019ce9" executionId="e0e42963-973b-4fa9-83e1-2fe22d92a285" testListId="8c84fa94-04c1-424b-9868-57a2d4851a1d" />
    <TestEntry testId="e998f77e-77b2-7e10-d8db-3813eb8031aa" executionId="72139c1c-87f9-48cb-a856-88be3af19da9" testListId="8c84fa94-04c1-424b-9868-57a2d4851a1d" />
    <TestEntry testId="47224733-ad21-5fec-3afd-19ad43870d88" executionId="28eeb8e9-3745-40a4-8ae9-e49ed40e06d1" testListId="8c84fa94-04c1-424b-9868-57a2d4851a1d" />
    <TestEntry testId="53f5a1ce-14d4-a418-d0ff-8ef725db7d01" executionId="7d34d169-279c-436e-ae64-8a105928f50c" testListId="8c84fa94-04c1-424b-9868-57a2d4851a1d" />
    <TestEntry testId="f1e0caf2-26c1-7e52-0baf-d74ce88aa74e" executionId="5fd35628-fb26-488d-bea5-2b7f1b1d61c2" testListId="8c84fa94-04c1-424b-9868-57a2d4851a1d" />
    <TestEntry testId="03da6113-f0cb-2522-1d80-c9d47dcb71a8" executionId="64fd7964-004e-47a2-9064-76d32d512030" testListId="8c84fa94-04c1-424b-9868-57a2d4851a1d" />
    <TestEntry testId="f9180ab0-97a0-1d07-1493-896e111e86f4" executionId="4e312669-adde-4623-b343-14211651e472" testListId="8c84fa94-04c1-424b-9868-57a2d4851a1d" />
    <TestEntry testId="69a471d5-b0a2-5fd2-ad73-823b3f723b44" executionId="ac86490f-9994-4380-a695-e85b3d5d1ff4" testListId="8c84fa94-04c1-424b-9868-57a2d4851a1d" />
    <TestEntry testId="1fa1b181-5d22-26ea-7e52-cb77efe3c864" executionId="bb444d26-0b6d-4165-bfb6-640654ecb78a" testListId="8c84fa94-04c1-424b-9868-57a2d4851a1d" />
    <TestEntry testId="a8fe3325-ab25-7197-00a6-eb64a10d8cb7" executionId="c9935c85-04ac-494d-b883-606421f53afb" testListId="8c84fa94-04c1-424b-9868-57a2d4851a1d" />
    <TestEntry testId="e288d304-5f35-f382-d06b-9b0ed9edf0e1" executionId="550439a0-f4e6-4392-a0b6-8a966f575cb7" testListId="8c84fa94-04c1-424b-9868-57a2d4851a1d" />
    <TestEntry testId="652e2acd-4b9b-c94b-6cb4-ec087b7c4d43" executionId="4f642df6-3e58-493d-8048-44dad9524896" testListId="8c84fa94-04c1-424b-9868-57a2d4851a1d" />
    <TestEntry testId="78c19542-007c-6e74-a71b-b102247d98de" executionId="1911ce11-8e05-4c7b-a379-cf5197eed25b" testListId="8c84fa94-04c1-424b-9868-57a2d4851a1d" />
    <TestEntry testId="dfccc8b7-199c-9ea3-3acb-490aa9ca096b" executionId="981df0aa-0268-4273-b455-cebb78ac1769" testListId="8c84fa94-04c1-424b-9868-57a2d4851a1d" />
    <TestEntry testId="4556e3ff-7a50-1b95-c5b1-f10c7d15ff66" executionId="a58e0a39-548f-4f2e-a9a0-649788445542" testListId="8c84fa94-04c1-424b-9868-57a2d4851a1d" />
    <TestEntry testId="08b3ace1-45f6-6e1d-2bc1-52f8ecd0e63e" executionId="3fc6bcd8-1e17-4e66-8483-b0dada32810c" testListId="8c84fa94-04c1-424b-9868-57a2d4851a1d" />
    <TestEntry testId="b0824442-ef79-c269-aac7-84f27339359e" executionId="63485cae-212c-457d-b89f-a4839d1e7a90" testListId="8c84fa94-04c1-424b-9868-57a2d4851a1d" />
    <TestEntry testId="efcae59c-c765-a30f-3362-183bf9168666" executionId="d2d514f8-6c04-4606-bb31-7df93db4e9ef" testListId="8c84fa94-04c1-424b-9868-57a2d4851a1d" />
    <TestEntry testId="a8d5f143-40e9-2f91-37a6-26e5ad4ff867" executionId="9c616b20-fa13-4e39-861c-7fd85cdd994f" testListId="8c84fa94-04c1-424b-9868-57a2d4851a1d" />
    <TestEntry testId="91badbed-8323-8970-07a3-e3c2481d7a72" executionId="50940375-ae6c-4641-be17-93b13ff3d8c2" testListId="8c84fa94-04c1-424b-9868-57a2d4851a1d" />
    <TestEntry testId="a4ec8e4b-30aa-49df-138f-1971a7f8ca38" executionId="60d1233b-c5e1-4c92-97ab-8bf35fb00ace" testListId="8c84fa94-04c1-424b-9868-57a2d4851a1d" />
    <TestEntry testId="91a78aeb-428a-f6ff-e2d1-52651e1feb62" executionId="61b3ee2e-5b20-4ff9-932f-4dfac057e941" testListId="8c84fa94-04c1-424b-9868-57a2d4851a1d" />
    <TestEntry testId="beb419e5-5bec-3550-745e-1f14592b96f7" executionId="70bcd5c7-ea52-40ed-b269-212e6b3cd7cf" testListId="8c84fa94-04c1-424b-9868-57a2d4851a1d" />
    <TestEntry testId="90f79a7f-93e8-4862-4be1-6691fb292404" executionId="1da2ebc7-c651-42f4-bfff-9d04ea5c8acb" testListId="8c84fa94-04c1-424b-9868-57a2d4851a1d" />
    <TestEntry testId="830bf89f-dfc4-5715-2ff6-ae54ad42b242" executionId="85fea78f-c36b-4fa6-9d7f-3d729926ad24" testListId="8c84fa94-04c1-424b-9868-57a2d4851a1d" />
    <TestEntry testId="aad7f35a-646d-e848-06d9-3817cba16168" executionId="f3d7ee5f-2de1-470b-9cb4-94ddbad9b068" testListId="8c84fa94-04c1-424b-9868-57a2d4851a1d" />
    <TestEntry testId="88368492-ab90-c1cc-ed53-9c30bffbee67" executionId="08fdcf22-726b-47a9-8c9b-f47c80b0763f" testListId="8c84fa94-04c1-424b-9868-57a2d4851a1d" />
    <TestEntry testId="973652a4-37ac-8c5a-9df8-ff32f79b8968" executionId="b44311ce-4c2d-4f86-80eb-a8380d0d097e" testListId="8c84fa94-04c1-424b-9868-57a2d4851a1d" />
    <TestEntry testId="b9339d47-1b08-2f87-b4ed-bf554f7069bd" executionId="41d3c799-5c54-442c-88e7-e2c0f51884d3" testListId="8c84fa94-04c1-424b-9868-57a2d4851a1d" />
    <TestEntry testId="1b215d44-dc60-3855-41b7-391caaf25646" executionId="16df7354-7615-4429-aff9-ef3ec0e2e788" testListId="8c84fa94-04c1-424b-9868-57a2d4851a1d" />
    <TestEntry testId="b9c24147-fbc0-a069-bdd6-759f76e4ceca" executionId="bc0d8582-adf4-4b1e-bed7-06bfa639d0e0" testListId="8c84fa94-04c1-424b-9868-57a2d4851a1d" />
    <TestEntry testId="7a5350b3-34d1-bd37-e8d8-d06d15c440d2" executionId="248f6fe2-ebd4-45ac-9bef-93dc4a7e43de" testListId="8c84fa94-04c1-424b-9868-57a2d4851a1d" />
    <TestEntry testId="44e92960-87da-bcfa-c839-b0dd09a9d8ba" executionId="61e6a536-a039-4c71-a4b6-a4f2c5316bc9" testListId="8c84fa94-04c1-424b-9868-57a2d4851a1d" />
    <TestEntry testId="bd1c2cab-1265-633f-739a-62f24eef82f7" executionId="9104006d-2d4d-4a1e-8e39-fa494acfea36" testListId="8c84fa94-04c1-424b-9868-57a2d4851a1d" />
    <TestEntry testId="b228f7b3-2a35-5ed1-38ba-c95d5b6752e4" executionId="42e8782e-b62e-44b4-866b-323532ec6bcc" testListId="8c84fa94-04c1-424b-9868-57a2d4851a1d" />
    <TestEntry testId="bfbae833-a487-affd-e910-685bd64afc57" executionId="0f087c0f-ef90-4cc3-9966-8068c0b7883e" testListId="8c84fa94-04c1-424b-9868-57a2d4851a1d" />
    <TestEntry testId="194c53c7-91a0-a39c-19f4-75d99e8bf5f1" executionId="04f2e359-3277-41dc-8297-208b314a9fdf" testListId="8c84fa94-04c1-424b-9868-57a2d4851a1d" />
    <TestEntry testId="6242ad29-7e7c-5410-ba44-fa393248cc06" executionId="c5342aa9-9462-4428-815b-cc18f69a7e0a" testListId="8c84fa94-04c1-424b-9868-57a2d4851a1d" />
    <TestEntry testId="74b99f6c-f52d-e611-9fc2-7e56383e4299" executionId="62297037-c700-4631-a7c1-2f6fe75bdb35" testListId="8c84fa94-04c1-424b-9868-57a2d4851a1d" />
    <TestEntry testId="9f407d44-4f3f-f1b2-0cc2-8c4bc65e5f39" executionId="c68467db-c2d3-49ed-b1f9-f6e99bd25092" testListId="8c84fa94-04c1-424b-9868-57a2d4851a1d" />
    <TestEntry testId="0ff0e9cd-64a6-a486-b25c-40dba615fd2d" executionId="ed81ce47-c8fa-47b0-8828-513eebcbf3e2" testListId="8c84fa94-04c1-424b-9868-57a2d4851a1d" />
    <TestEntry testId="1991c578-2343-4df2-6af1-b0db3a798f44" executionId="a5086e5f-345b-4ae9-a677-10d356fd7277" testListId="8c84fa94-04c1-424b-9868-57a2d4851a1d" />
    <TestEntry testId="99a87674-ee88-dca5-48a5-598cbe7cb43b" executionId="c5e8b3e1-57cf-4987-b7be-60d3d1989124" testListId="8c84fa94-04c1-424b-9868-57a2d4851a1d" />
    <TestEntry testId="3013af1b-1881-534b-ca91-63b1a27651d6" executionId="9910772d-d41d-46d5-ac41-338ad076e99c" testListId="8c84fa94-04c1-424b-9868-57a2d4851a1d" />
    <TestEntry testId="d3a153fd-0e88-372e-ad4d-024de9ccde9a" executionId="e7defc2e-2cac-49b9-b862-7bd0cb409f4a" testListId="8c84fa94-04c1-424b-9868-57a2d4851a1d" />
    <TestEntry testId="f56230b0-cb3e-b433-0b22-beaca6317724" executionId="28fe088f-bae6-4330-93d0-072d9e2e58a7" testListId="8c84fa94-04c1-424b-9868-57a2d4851a1d" />
    <TestEntry testId="72a98ab7-40b5-c78d-22d4-3cffe98aa29f" executionId="f4f0307b-3c4e-47c4-8201-c0ff63558bc2" testListId="8c84fa94-04c1-424b-9868-57a2d4851a1d" />
    <TestEntry testId="6ee9d76c-102e-6b0c-a05d-d3b2cd96bee2" executionId="4adbff2c-8e8b-4eda-8d15-7a9ae715681d" testListId="8c84fa94-04c1-424b-9868-57a2d4851a1d" />
    <TestEntry testId="5f330a2c-7575-4b82-cdc2-dae925c0e744" executionId="dadc9067-54ec-4703-9a43-29ba59bbe494" testListId="8c84fa94-04c1-424b-9868-57a2d4851a1d" />
    <TestEntry testId="b1732416-dfe0-9e87-af0e-b787555e9f9f" executionId="936b1351-a88d-44ee-8c08-1ed32ddfb31b" testListId="8c84fa94-04c1-424b-9868-57a2d4851a1d" />
    <TestEntry testId="66fabd13-f03e-562d-f4ae-a70f6ebf368b" executionId="2ca9107a-35ce-415b-968a-5e21caf276f3" testListId="8c84fa94-04c1-424b-9868-57a2d4851a1d" />
    <TestEntry testId="b998ca9d-3c07-a9b0-e337-f1f0a1809e45" executionId="078dc11f-d10e-4eb7-bbd3-f3dd5cf85f3f" testListId="8c84fa94-04c1-424b-9868-57a2d4851a1d" />
    <TestEntry testId="30772405-8178-0ea1-63c6-a4f72d01f565" executionId="96802adb-17e4-4bbf-814f-844783a9665e" testListId="8c84fa94-04c1-424b-9868-57a2d4851a1d" />
    <TestEntry testId="c5f981d9-37f1-54c9-b862-4fbb2d02666f" executionId="1ef02527-7c18-4093-87e4-0c7f4705c6cb" testListId="8c84fa94-04c1-424b-9868-57a2d4851a1d" />
    <TestEntry testId="0049d7ff-34d0-b659-c849-7e7744f6d7ff" executionId="4613fba5-b61e-4799-957b-6bcf4fc74447" testListId="8c84fa94-04c1-424b-9868-57a2d4851a1d" />
    <TestEntry testId="e9e0e7d6-a421-cf24-61f6-b52746752039" executionId="18bab55e-166c-4b1c-a287-ea2749f37f6a" testListId="8c84fa94-04c1-424b-9868-57a2d4851a1d" />
    <TestEntry testId="e975a99c-1f61-f6af-a603-7683bb9bab62" executionId="67d1aab9-970e-4ccf-b2ce-700f79829052" testListId="8c84fa94-04c1-424b-9868-57a2d4851a1d" />
    <TestEntry testId="2a167ce1-2e85-c399-ed2a-4777d927b987" executionId="445b9aac-b6f8-4260-a5a5-5464b87f5de1" testListId="8c84fa94-04c1-424b-9868-57a2d4851a1d" />
    <TestEntry testId="9dcc893b-d6ef-d5e3-81ca-720cad492687" executionId="55e57454-448c-4447-99c2-29ec6bf1995b" testListId="8c84fa94-04c1-424b-9868-57a2d4851a1d" />
    <TestEntry testId="75ab4f71-3b38-2c11-9aa3-99e6e265b21d" executionId="1e13dce8-8153-4e2b-ae74-e6b43a70ff06" testListId="8c84fa94-04c1-424b-9868-57a2d4851a1d" />
    <TestEntry testId="85a2369e-6316-dbc2-97b3-7104e8e43977" executionId="2a17186a-4315-453f-8f44-dfc795120196" testListId="8c84fa94-04c1-424b-9868-57a2d4851a1d" />
    <TestEntry testId="24e7c2bb-215e-6687-9176-48e72f6cf85e" executionId="48ff43f9-06f0-4fb6-a1cc-65b5ebe479e8" testListId="8c84fa94-04c1-424b-9868-57a2d4851a1d" />
    <TestEntry testId="9b9f5855-551c-70f8-1e00-64a607e6089e" executionId="f76fd51d-d31a-409a-bb1e-dd978f248e37" testListId="8c84fa94-04c1-424b-9868-57a2d4851a1d" />
    <TestEntry testId="6cd2234b-585d-b823-54fb-25eb6199902f" executionId="c7733d69-89df-4656-879f-4569f543064b" testListId="8c84fa94-04c1-424b-9868-57a2d4851a1d" />
    <TestEntry testId="48a343bd-9a05-413c-06ca-9a257f76938b" executionId="ef4f6e81-e61e-4c41-bc59-8b78fb9ea49d" testListId="8c84fa94-04c1-424b-9868-57a2d4851a1d" />
    <TestEntry testId="e0f9e943-40a9-c69d-3157-2bda05edf6aa" executionId="02fa25bd-52be-4ff7-9cc8-9e6af88ee64a" testListId="8c84fa94-04c1-424b-9868-57a2d4851a1d" />
    <TestEntry testId="dd8d755a-3eba-5a94-2039-0ce20505a681" executionId="e1360c49-321d-4a7f-8af8-670a81c1f1ad" testListId="8c84fa94-04c1-424b-9868-57a2d4851a1d" />
    <TestEntry testId="54fe689a-094b-c2b1-eff8-7a88071b8275" executionId="a307e4dd-e356-4578-81b0-14d4a15dcce4" testListId="8c84fa94-04c1-424b-9868-57a2d4851a1d" />
    <TestEntry testId="96fc4cfc-b0cb-85d1-dba2-d547b6f8865a" executionId="0da9a21c-f947-4629-a982-791de6d774f7" testListId="8c84fa94-04c1-424b-9868-57a2d4851a1d" />
    <TestEntry testId="32fec1f9-c048-b0a8-7432-484e5a8663c8" executionId="ac59d98b-296b-4336-8b27-6007e40781b5" testListId="8c84fa94-04c1-424b-9868-57a2d4851a1d" />
    <TestEntry testId="cb536c37-af93-5a21-739a-c12d45516012" executionId="f7ca6ed1-f108-463e-b1a3-36ea4a8da206" testListId="8c84fa94-04c1-424b-9868-57a2d4851a1d" />
    <TestEntry testId="b7cfc484-cb4b-49fc-a4f0-d587f8a4ea1f" executionId="cf6aaab6-3c59-4ac5-98e8-76a013b00ed8" testListId="8c84fa94-04c1-424b-9868-57a2d4851a1d" />
    <TestEntry testId="788a6834-d7c6-3652-9af3-0c73bb9d6301" executionId="3f7990d6-59cc-4d40-97b5-d1962e556f08" testListId="8c84fa94-04c1-424b-9868-57a2d4851a1d" />
    <TestEntry testId="cadbf7d4-d58e-eeac-6faf-7c00f5bba9ec" executionId="ae2d998e-aeb1-45ef-86fb-6b8e0da89733" testListId="8c84fa94-04c1-424b-9868-57a2d4851a1d" />
    <TestEntry testId="dc5553ed-c8db-34b6-aa61-f33cd39a8ce9" executionId="7d09f137-8be8-45a0-ae54-6f4c83fc9c99" testListId="8c84fa94-04c1-424b-9868-57a2d4851a1d" />
    <TestEntry testId="c66f0344-0d06-e154-dea7-64ff1ea75851" executionId="9873ba20-834c-47af-8b23-64039af226fa" testListId="8c84fa94-04c1-424b-9868-57a2d4851a1d" />
    <TestEntry testId="7249d529-4797-4846-66f9-a36e8ab1d5c8" executionId="0ce9f6cd-1fb0-4a5b-abfb-9d34418230e2" testListId="8c84fa94-04c1-424b-9868-57a2d4851a1d" />
    <TestEntry testId="2f1a043d-2a10-79ca-c195-ea30a15eafce" executionId="e0abdaba-006e-4359-b41d-3cb7a3fe9c71" testListId="8c84fa94-04c1-424b-9868-57a2d4851a1d" />
    <TestEntry testId="5cd4b702-56a3-e460-79f3-24a1a68869f7" executionId="9d933d2c-9a35-496a-adf5-283c5bffa25f" testListId="8c84fa94-04c1-424b-9868-57a2d4851a1d" />
    <TestEntry testId="60bdbe1c-556f-ee06-0399-2842675c306a" executionId="a61bbc81-33b2-4f73-888e-6fad740f612f" testListId="8c84fa94-04c1-424b-9868-57a2d4851a1d" />
    <TestEntry testId="10efcc4c-555d-12e7-645e-f8f3c9a79e16" executionId="a296bb20-ee6b-485d-b7a1-49f97a16137a" testListId="8c84fa94-04c1-424b-9868-57a2d4851a1d" />
    <TestEntry testId="f4ab981e-0c0f-f2f3-f99e-665599b904ff" executionId="2f78c35b-33b5-4e53-924e-ddf0655a2be5" testListId="8c84fa94-04c1-424b-9868-57a2d4851a1d" />
    <TestEntry testId="2baa9530-1f3b-08c8-d90b-9f25fb854e03" executionId="29f27919-8d60-4492-9064-6f41f066f276" testListId="8c84fa94-04c1-424b-9868-57a2d4851a1d" />
    <TestEntry testId="dbcd5ac4-1055-621c-a685-f7e5c606ee46" executionId="bfb69716-5b60-46f2-b40e-8ed14c245e38" testListId="8c84fa94-04c1-424b-9868-57a2d4851a1d" />
    <TestEntry testId="4ead98c0-ed43-b791-ad04-b3743cb5d69b" executionId="c2840915-20d7-4c8e-9010-42d8f98d8733" testListId="8c84fa94-04c1-424b-9868-57a2d4851a1d" />
    <TestEntry testId="b4dcaf4b-c8a6-a3d6-898f-051609cb706b" executionId="e6fe58dc-d6cf-4739-a0c5-0c62442ace01" testListId="8c84fa94-04c1-424b-9868-57a2d4851a1d" />
    <TestEntry testId="e998f77e-77b2-7e10-d8db-3813eb8031aa" executionId="7a96f203-370a-4ac7-9737-2953d3ad2c11" testListId="8c84fa94-04c1-424b-9868-57a2d4851a1d" />
    <TestEntry testId="0ea16923-06ad-6887-3f6e-aa5fa78ff65a" executionId="77cf00e0-0b49-4a68-b4ea-0f9aab4fecfc" testListId="8c84fa94-04c1-424b-9868-57a2d4851a1d" />
    <TestEntry testId="fd527641-542a-2899-2dcd-c9ca191cdf52" executionId="158e67f9-56dc-4b9c-b9b2-85d985baa070" testListId="8c84fa94-04c1-424b-9868-57a2d4851a1d" />
    <TestEntry testId="7e1fdf53-1cce-0f14-6eba-6df4732e28ac" executionId="80db75b9-a01e-44b1-b3d1-ae5902efd095" testListId="8c84fa94-04c1-424b-9868-57a2d4851a1d" />
    <TestEntry testId="ab9ddcfe-5059-def5-d0f3-2a728312c36d" executionId="d2d79ecd-bf57-4e2c-b325-f864c0e74c92" testListId="8c84fa94-04c1-424b-9868-57a2d4851a1d" />
    <TestEntry testId="0a4e5b36-6578-df3d-cfd2-3d6ee660820a" executionId="3e6675d0-ce1f-40e6-aeb2-1675c390e995" testListId="8c84fa94-04c1-424b-9868-57a2d4851a1d" />
    <TestEntry testId="cd58fbcf-a8ec-7be0-672d-3675d644b67c" executionId="c689adaf-4d4b-4364-aca2-45952d0cdcbd" testListId="8c84fa94-04c1-424b-9868-57a2d4851a1d" />
    <TestEntry testId="62360bb2-0571-b412-04d5-fd14e8294ea1" executionId="59069afd-59ba-4f19-9f2f-f24e8086c175" testListId="8c84fa94-04c1-424b-9868-57a2d4851a1d" />
    <TestEntry testId="2720977a-3c1d-8925-ae8c-f10491ee0903" executionId="1f643dcc-6d36-4191-8cd9-6197b3f0e199" testListId="8c84fa94-04c1-424b-9868-57a2d4851a1d" />
    <TestEntry testId="1f8f2766-504d-6eef-54e8-b4e73b68637d" executionId="022526af-7faa-4143-9b22-8f886007ff08" testListId="8c84fa94-04c1-424b-9868-57a2d4851a1d" />
    <TestEntry testId="eb41b80f-fe87-ec26-1817-78a947446eac" executionId="2654a7c2-c826-4e0a-9eb5-99f10d5501fd" testListId="8c84fa94-04c1-424b-9868-57a2d4851a1d" />
    <TestEntry testId="06bd284b-d73d-920f-7739-efb670bc85e0" executionId="d35d8395-d283-4b17-817c-4b4be5f477e0" testListId="8c84fa94-04c1-424b-9868-57a2d4851a1d" />
    <TestEntry testId="dd25e118-a384-e666-07c3-e9a0431950f6" executionId="2a7f1ee8-0926-4fd9-92c1-6df6c9864d90" testListId="8c84fa94-04c1-424b-9868-57a2d4851a1d" />
    <TestEntry testId="847f64c7-3f64-8d01-6913-77b9ebb56919" executionId="0aa4af2e-840f-43cc-bef9-0c6bfc8cdb66" testListId="8c84fa94-04c1-424b-9868-57a2d4851a1d" />
    <TestEntry testId="4ac872cb-6eae-9e1a-7612-37a387bb363b" executionId="65555b4e-241c-4fff-9075-8a001db7599c" testListId="8c84fa94-04c1-424b-9868-57a2d4851a1d" />
    <TestEntry testId="165287bc-bef0-3870-c69b-a17243fed1fc" executionId="55412efe-6ecf-4708-8ab6-e5aa2d71a210" testListId="8c84fa94-04c1-424b-9868-57a2d4851a1d" />
    <TestEntry testId="1bb961de-3244-ec3d-ba9c-efd8693da7cb" executionId="9fd1c25d-f82e-4acf-8c73-69eefc044725" testListId="8c84fa94-04c1-424b-9868-57a2d4851a1d" />
    <TestEntry testId="7bad54ac-e807-b7de-c086-e2462b8bfb21" executionId="8b98ad1d-9586-42ee-b74d-215f3a67e794" testListId="8c84fa94-04c1-424b-9868-57a2d4851a1d" />
    <TestEntry testId="c4b0d9bd-4b80-996e-41b7-0bd28fc67a52" executionId="23c7bca2-b566-4359-8ec4-e20047f99c96" testListId="8c84fa94-04c1-424b-9868-57a2d4851a1d" />
    <TestEntry testId="f952c068-f034-3ff2-3bf8-7e5b673c1e64" executionId="eb7ba886-f87f-4803-a6d4-c0581c372d92" testListId="8c84fa94-04c1-424b-9868-57a2d4851a1d" />
    <TestEntry testId="8cc6d850-7864-120d-52a3-07064eb9831b" executionId="55e2b0dd-6c65-4ddb-ba3f-a5e631ef7568" testListId="8c84fa94-04c1-424b-9868-57a2d4851a1d" />
    <TestEntry testId="dacf30eb-2932-4de8-bb63-28183a1f0765" executionId="a1594427-8b9e-4298-addf-13b660e233ab" testListId="8c84fa94-04c1-424b-9868-57a2d4851a1d" />
    <TestEntry testId="fcfc9cad-5753-f6cc-59a6-f568d4caf2fd" executionId="d0685e18-8227-48b9-a2af-5b9dffa24234" testListId="8c84fa94-04c1-424b-9868-57a2d4851a1d" />
    <TestEntry testId="3ff6b5d8-f141-7a2b-08b3-b0a5923ed411" executionId="769ffad5-6825-43b0-99fd-2cc92cf287ff" testListId="8c84fa94-04c1-424b-9868-57a2d4851a1d" />
    <TestEntry testId="0daa0cf2-f08f-9af5-8f90-3afbe873dbac" executionId="ad867b55-16b0-44be-bb67-4c29ae44425a" testListId="8c84fa94-04c1-424b-9868-57a2d4851a1d" />
    <TestEntry testId="6c45a0dd-5772-753d-7493-6b1e41606871" executionId="0ddd6039-0cf9-4260-bc7b-a1f3ba424eb2" testListId="8c84fa94-04c1-424b-9868-57a2d4851a1d" />
    <TestEntry testId="8029d216-4010-3441-1bae-329046b8b3a9" executionId="0ce11b97-5b2c-4ad4-b5dd-57add4f112f3" testListId="8c84fa94-04c1-424b-9868-57a2d4851a1d" />
    <TestEntry testId="24643fe7-0bf9-5382-835f-f9f91ed814f3" executionId="eefbddb9-4e44-4cfe-9fdf-1eaa2d36229c" testListId="8c84fa94-04c1-424b-9868-57a2d4851a1d" />
    <TestEntry testId="6785fdff-345e-55ce-2159-cac1962fde04" executionId="eb82709b-a7c1-417d-9270-b16e07a1faea" testListId="8c84fa94-04c1-424b-9868-57a2d4851a1d" />
    <TestEntry testId="a2a193f8-3456-c024-ce2d-2ecfa84a29fd" executionId="09258eaa-52ab-46e3-93b3-8d55dbb0c60f" testListId="8c84fa94-04c1-424b-9868-57a2d4851a1d" />
    <TestEntry testId="be546a67-03cf-7dc5-701c-f28c8929b881" executionId="8008edcd-3b2d-455f-8c2b-85808a873959" testListId="8c84fa94-04c1-424b-9868-57a2d4851a1d" />
    <TestEntry testId="7b500be0-a5d4-b64a-b894-c5511ab58617" executionId="72d445e2-ea97-4b09-b60f-5afee8e133f3" testListId="8c84fa94-04c1-424b-9868-57a2d4851a1d" />
    <TestEntry testId="43d61832-991c-baec-6981-658713b1dd1b" executionId="a7091008-0130-43d2-b42a-0f15d121717e" testListId="8c84fa94-04c1-424b-9868-57a2d4851a1d" />
    <TestEntry testId="20b83e96-bb0c-eaa7-3f17-8420c76ddd7b" executionId="45d09081-9bba-403e-b348-17ed222ee55f" testListId="8c84fa94-04c1-424b-9868-57a2d4851a1d" />
    <TestEntry testId="0eacc291-f328-de4d-1a1f-8a8b3e1cccd7" executionId="1d1648a1-6291-4cad-a131-59466440269e" testListId="8c84fa94-04c1-424b-9868-57a2d4851a1d" />
    <TestEntry testId="80316af5-ff8d-d096-8b7d-158b3853fd75" executionId="047d0f1c-0a05-46ef-98f5-e28bccda34e3" testListId="8c84fa94-04c1-424b-9868-57a2d4851a1d" />
    <TestEntry testId="d87bb820-5df8-b7cb-0dc2-a51e231db935" executionId="eac3436a-9b54-4abe-b273-9fc8134349ad" testListId="8c84fa94-04c1-424b-9868-57a2d4851a1d" />
    <TestEntry testId="3f5e157c-fd88-4f5a-fa14-5f5e1b9a695a" executionId="a6daac5d-c87c-4892-affb-49915e2c54f5" testListId="8c84fa94-04c1-424b-9868-57a2d4851a1d" />
    <TestEntry testId="fab13144-dbad-5831-0a01-3cacac990e32" executionId="d2cc5edd-b9d4-4dfc-81e5-6eb63196fe79" testListId="8c84fa94-04c1-424b-9868-57a2d4851a1d" />
    <TestEntry testId="46396b06-522e-625a-1a2a-9f20be751983" executionId="b15f2f44-3d87-4dfd-be15-964d793d1f1d" testListId="8c84fa94-04c1-424b-9868-57a2d4851a1d" />
    <TestEntry testId="c0f6f50e-70bb-6ec7-7cb1-70b1c03dbf38" executionId="abd09e87-ec78-4a04-89db-5819bfbcc43a" testListId="8c84fa94-04c1-424b-9868-57a2d4851a1d" />
    <TestEntry testId="1ff772ea-316c-7a4b-bb91-f3ab3f44e05b" executionId="6d123c6e-c96f-4050-ae8a-e9dda0f926ae" testListId="8c84fa94-04c1-424b-9868-57a2d4851a1d" />
    <TestEntry testId="704f12b7-2603-a060-9466-3d44ec217344" executionId="5b07b0d6-cc0b-41fe-b89f-f66a1338ab3c" testListId="8c84fa94-04c1-424b-9868-57a2d4851a1d" />
    <TestEntry testId="7a16e0cb-4e01-7898-4d17-e4adaaac865e" executionId="c7941618-2f2c-46ec-b652-5de239712300" testListId="8c84fa94-04c1-424b-9868-57a2d4851a1d" />
    <TestEntry testId="c2a70a77-deae-9615-f302-cf5bc25a63ec" executionId="9ef1a02b-e0ca-429c-a62d-9d14280d8d81" testListId="8c84fa94-04c1-424b-9868-57a2d4851a1d" />
    <TestEntry testId="b1b8a305-1381-b18e-2bbc-3221c5d951a2" executionId="8e013501-3770-46b9-b585-5c13654db60c" testListId="8c84fa94-04c1-424b-9868-57a2d4851a1d" />
    <TestEntry testId="110c5f83-752f-57c6-1e06-5ba87b7d2a16" executionId="58966374-e554-4e08-8474-dc100d1b78fa" testListId="8c84fa94-04c1-424b-9868-57a2d4851a1d" />
    <TestEntry testId="efd25159-239b-fd92-436e-6007a499ebd4" executionId="e75c7f8f-2158-4160-96a3-fa0e10141e95" testListId="8c84fa94-04c1-424b-9868-57a2d4851a1d" />
    <TestEntry testId="71d3bf04-2f4b-0825-76a5-fe6f8626ce91" executionId="024891a9-2e02-46d3-9c1c-9776b5892d32" testListId="8c84fa94-04c1-424b-9868-57a2d4851a1d" />
    <TestEntry testId="537b2445-9bec-85ec-3d34-ba15ef73d25d" executionId="78ad951c-6ddf-4da9-8b71-3c38efa51351" testListId="8c84fa94-04c1-424b-9868-57a2d4851a1d" />
    <TestEntry testId="7279d631-5e65-263e-b126-502467fa7c3a" executionId="8e924e85-68cc-47fd-8f28-ddb0629ed1f8" testListId="8c84fa94-04c1-424b-9868-57a2d4851a1d" />
    <TestEntry testId="2833457c-1856-8c1e-4496-190a417e49d0" executionId="0f4bd672-d5f0-4783-8376-46e695c674a2" testListId="8c84fa94-04c1-424b-9868-57a2d4851a1d" />
    <TestEntry testId="ea5a4ea7-1d9c-b14b-b54d-c59f326749f2" executionId="4f3bd90c-e485-440c-9be6-a19b6b6347c8" testListId="8c84fa94-04c1-424b-9868-57a2d4851a1d" />
    <TestEntry testId="6e668805-e583-b333-030a-20aba32624a1" executionId="e75a409a-df6e-414a-9c0b-860532f63bab" testListId="8c84fa94-04c1-424b-9868-57a2d4851a1d" />
    <TestEntry testId="e56a4d58-0ff2-e6be-cab4-b17c9aa01d74" executionId="868e5971-6377-4587-bcec-b9e0c3bc4fc1" testListId="8c84fa94-04c1-424b-9868-57a2d4851a1d" />
    <TestEntry testId="bcd71d5d-281d-5d3b-7426-e01e3ca8b29e" executionId="aa24031c-05e5-493e-ac08-097ef302c415" testListId="8c84fa94-04c1-424b-9868-57a2d4851a1d" />
    <TestEntry testId="bd7d68bd-5950-0934-2e64-6a07c08a54b7" executionId="8f6e1da3-4c6e-4ebe-bdfa-a6d425fdf536" testListId="8c84fa94-04c1-424b-9868-57a2d4851a1d" />
    <TestEntry testId="647cadee-21ed-ea7f-d1b6-56ee51403b46" executionId="01cd23dc-80d3-44c0-8d3d-71e4dda3d1e8" testListId="8c84fa94-04c1-424b-9868-57a2d4851a1d" />
    <TestEntry testId="540a3b23-7cf4-4873-bac2-ebb7a9a2a9f2" executionId="1d619094-5468-4be0-8a54-0cc0f699a0a3" testListId="8c84fa94-04c1-424b-9868-57a2d4851a1d" />
    <TestEntry testId="880da315-51a5-facb-4f5d-0ceb4daad608" executionId="1b7bc35b-f56a-4e63-9391-3aee2fcde0f4" testListId="8c84fa94-04c1-424b-9868-57a2d4851a1d" />
    <TestEntry testId="97233566-784e-0a25-ecca-3d6658603571" executionId="52c7cf54-0d7d-44ce-8bc3-56b36f622f69" testListId="8c84fa94-04c1-424b-9868-57a2d4851a1d" />
    <TestEntry testId="a50d2941-a3c6-9371-026f-bc022ac6c222" executionId="917d6cad-f682-4a03-91f1-b34d9d8be8bf" testListId="8c84fa94-04c1-424b-9868-57a2d4851a1d" />
    <TestEntry testId="9d2adb93-4837-25dd-c5fc-bdfa01122682" executionId="319f3785-5109-453e-bf6a-eace5e686678" testListId="8c84fa94-04c1-424b-9868-57a2d4851a1d" />
    <TestEntry testId="8252077b-13bd-fcd5-946c-4ceaed8bb503" executionId="4eb7175e-1248-42d6-99f9-c994842c13bc" testListId="8c84fa94-04c1-424b-9868-57a2d4851a1d" />
    <TestEntry testId="29952541-0072-8c3b-e8db-a524fa1509da" executionId="749da271-e496-49f9-82a1-f827b09eda0a" testListId="8c84fa94-04c1-424b-9868-57a2d4851a1d" />
    <TestEntry testId="ed8ce939-1ecb-5339-ef24-908cae52144a" executionId="d088647d-0862-4c5b-824a-a0bfab518c98" testListId="8c84fa94-04c1-424b-9868-57a2d4851a1d" />
    <TestEntry testId="65ba2efa-0759-8a99-b7e3-1a551182172b" executionId="4bb98507-d0e5-41c7-8e47-4f77f1ec1db1" testListId="8c84fa94-04c1-424b-9868-57a2d4851a1d" />
    <TestEntry testId="ac3585d4-59ce-87ee-5312-f23049732097" executionId="c4ea0017-4746-4e95-a7a3-802f46ce7dec" testListId="8c84fa94-04c1-424b-9868-57a2d4851a1d" />
    <TestEntry testId="98c541d3-5d24-2401-7643-1e542884ed7a" executionId="838edd8f-127f-47b9-a48f-0d78a39cf29c" testListId="8c84fa94-04c1-424b-9868-57a2d4851a1d" />
    <TestEntry testId="93ef99d9-ca73-69ac-4d15-4561a881ee1d" executionId="d61b068d-e2c1-46d9-97f6-910841b6c4a4" testListId="8c84fa94-04c1-424b-9868-57a2d4851a1d" />
    <TestEntry testId="8f19814e-6231-9ee7-d114-fdf6c35f1f79" executionId="a0980337-c950-448f-a594-9609431a4991" testListId="8c84fa94-04c1-424b-9868-57a2d4851a1d" />
    <TestEntry testId="9aef69ad-5102-e920-d6a1-4c0ddf8b9303" executionId="ce13e7f8-68ab-42a9-814f-958ad96d7db5" testListId="8c84fa94-04c1-424b-9868-57a2d4851a1d" />
    <TestEntry testId="518a8b99-6420-184f-272c-7fecbc8732ca" executionId="21d3b994-a17f-4ece-b43d-124662df2040" testListId="8c84fa94-04c1-424b-9868-57a2d4851a1d" />
    <TestEntry testId="a82486f4-91e1-c778-be1c-6489525080cf" executionId="2b4547c3-5e15-4cfe-9900-8d5e5d55400e" testListId="8c84fa94-04c1-424b-9868-57a2d4851a1d" />
    <TestEntry testId="8d0f5bca-e5ea-0fcc-cf70-4bf5237286c3" executionId="0082a93a-4240-48be-8aff-bae122c8e386" testListId="8c84fa94-04c1-424b-9868-57a2d4851a1d" />
    <TestEntry testId="8a4d4995-3c1b-876f-b006-d12439f37a6d" executionId="72775482-8a57-4ee0-9f11-b521c28def2b" testListId="8c84fa94-04c1-424b-9868-57a2d4851a1d" />
    <TestEntry testId="ee3692c6-4239-b2e2-f69d-66ef9eb784ce" executionId="0d51c4fa-df1d-40a9-916f-a256f654c9f0" testListId="8c84fa94-04c1-424b-9868-57a2d4851a1d" />
    <TestEntry testId="cab07565-7102-ab00-4f85-136d84889f35" executionId="accdf9bd-4fc5-4b3a-b451-dd0b736cd28d" testListId="8c84fa94-04c1-424b-9868-57a2d4851a1d" />
    <TestEntry testId="eef2616b-2ca4-c350-22c0-5b72ecd848dd" executionId="49c023db-9b7e-4f77-bfb3-ba2884ea56de" testListId="8c84fa94-04c1-424b-9868-57a2d4851a1d" />
    <TestEntry testId="88eff823-fbf7-7507-7019-8e0b7f4937d4" executionId="1f9c27fb-ff74-4c8a-90fe-b16fd099e03a" testListId="8c84fa94-04c1-424b-9868-57a2d4851a1d" />
    <TestEntry testId="3204b6d4-271a-3c48-7f1c-1d8f9fa8fb2f" executionId="89ef1380-0da1-4339-b8be-b6a350966da2" testListId="8c84fa94-04c1-424b-9868-57a2d4851a1d" />
    <TestEntry testId="41ffe1b6-1bbb-2400-999f-02df2a743ad6" executionId="d04a21a8-a651-43bd-9571-0c7a454da66c" testListId="8c84fa94-04c1-424b-9868-57a2d4851a1d" />
    <TestEntry testId="bbef5494-4e92-f5fc-3633-d07397508d79" executionId="a38a9969-b20c-4558-965a-1028e0e78574" testListId="8c84fa94-04c1-424b-9868-57a2d4851a1d" />
    <TestEntry testId="74ee50b8-0598-e8ca-7e2f-330081ea45bc" executionId="8655143c-ce27-407f-ab6e-e0ff92a787dd" testListId="8c84fa94-04c1-424b-9868-57a2d4851a1d" />
    <TestEntry testId="c78705d8-4e54-e5cc-d7aa-358b1af77cf7" executionId="58d05f86-4ad8-42b2-b9cc-381390831f36" testListId="8c84fa94-04c1-424b-9868-57a2d4851a1d" />
    <TestEntry testId="15dcfbd5-f39d-5642-bf0e-0d9eb38e85f1" executionId="49a5f72c-d570-468e-9a74-87aa11035fd9" testListId="8c84fa94-04c1-424b-9868-57a2d4851a1d" />
    <TestEntry testId="97763cfc-7d38-77f7-1969-32e195ae413f" executionId="44eb6d6a-1a88-4e84-bee0-d18312709cf0" testListId="8c84fa94-04c1-424b-9868-57a2d4851a1d" />
    <TestEntry testId="55d96512-5a91-19ab-11b5-5b61e2c70e29" executionId="3a95b627-676a-44a8-ae38-c861a08cf834" testListId="8c84fa94-04c1-424b-9868-57a2d4851a1d" />
    <TestEntry testId="34f71d61-40e4-8716-5c83-5c84a7e66552" executionId="43c6dea5-36c1-4f5f-be23-90c3abefe9d9" testListId="8c84fa94-04c1-424b-9868-57a2d4851a1d" />
    <TestEntry testId="17891e0b-7823-7706-f334-6ca55cc2528c" executionId="b1d12b9a-d5af-43a0-8466-be5be00d05eb" testListId="8c84fa94-04c1-424b-9868-57a2d4851a1d" />
    <TestEntry testId="37275f45-b603-68a0-1bd8-9697e06c83fc" executionId="94302521-331e-48af-ab09-c4f169f36cda" testListId="8c84fa94-04c1-424b-9868-57a2d4851a1d" />
    <TestEntry testId="443c2399-34e1-f6f5-cccc-278f0b0d999a" executionId="d0d822ea-eb7d-4319-b134-1e17a200d0df" testListId="8c84fa94-04c1-424b-9868-57a2d4851a1d" />
    <TestEntry testId="c80f6705-aed7-e74b-8edd-9b2f7c5971b3" executionId="605434e5-e4f9-4957-a1de-c6b5f00494f7" testListId="8c84fa94-04c1-424b-9868-57a2d4851a1d" />
    <TestEntry testId="03362dc6-019e-7120-2944-4e9a1bc66b6d" executionId="da38d5fa-8bcc-41c5-8708-c790627c2667" testListId="8c84fa94-04c1-424b-9868-57a2d4851a1d" />
    <TestEntry testId="98a7490b-a0d5-3f84-ad1f-205206139c5a" executionId="b689da7b-8ebf-48ce-aceb-bcf8c256e45f" testListId="8c84fa94-04c1-424b-9868-57a2d4851a1d" />
    <TestEntry testId="5c9e3b97-385d-08ab-8be4-492336c43670" executionId="ea68cf01-9602-40f2-9626-1c78d56ca73c" testListId="8c84fa94-04c1-424b-9868-57a2d4851a1d" />
    <TestEntry testId="c122d3c0-e65a-97bc-0031-9b0adfb0a20b" executionId="b41edd07-9399-4d5c-8f5d-5c39f991c8f9" testListId="8c84fa94-04c1-424b-9868-57a2d4851a1d" />
    <TestEntry testId="82d78304-b48c-9515-7f8e-4adb71fd31ee" executionId="9d6e72ef-b3c5-409e-a53a-66b177a243c0" testListId="8c84fa94-04c1-424b-9868-57a2d4851a1d" />
    <TestEntry testId="0b44e872-d464-60e7-3348-83243bc0d155" executionId="6d555ddb-2c64-428c-80eb-09a98b2d7a73" testListId="8c84fa94-04c1-424b-9868-57a2d4851a1d" />
    <TestEntry testId="bab1654e-c8b6-f4c1-eb14-25680f0e8712" executionId="eaa43404-a4d9-4e8f-955c-05c257fee7c5" testListId="8c84fa94-04c1-424b-9868-57a2d4851a1d" />
    <TestEntry testId="e9266c48-cfc4-e144-1936-f643e910fdf5" executionId="c2e7bd7d-287b-4885-b61e-c2b3bb3f1089" testListId="8c84fa94-04c1-424b-9868-57a2d4851a1d" />
    <TestEntry testId="c8fe984c-75b4-9cd0-54a9-6f5de670d21e" executionId="0d5bfc37-df0a-4986-a292-3be52721e4ee" testListId="8c84fa94-04c1-424b-9868-57a2d4851a1d" />
    <TestEntry testId="f680908c-3b4b-7b4d-7066-6e5fce7c0b27" executionId="6949e263-b7e2-499a-8847-b0fd3978baa6" testListId="8c84fa94-04c1-424b-9868-57a2d4851a1d" />
    <TestEntry testId="8d3921c6-4c1a-b1d4-4584-3d6429a3707e" executionId="1a9ee908-99c2-498d-8a8b-e3ca57f3b2c4" testListId="8c84fa94-04c1-424b-9868-57a2d4851a1d" />
    <TestEntry testId="9436abbf-5e35-6c76-dd3c-5e8e30ea43e2" executionId="ce45fd7b-b4db-4568-83e6-652808e8c4f5" testListId="8c84fa94-04c1-424b-9868-57a2d4851a1d" />
    <TestEntry testId="074b42c5-f1ad-52e6-005b-319d157cb31a" executionId="c938fc5f-527e-43ed-ad5d-716d550c0d6f" testListId="8c84fa94-04c1-424b-9868-57a2d4851a1d" />
    <TestEntry testId="dae60964-6fd2-ce46-6ae5-e5c61041a0e8" executionId="4454b385-0579-4f7e-9cd6-3f67e3983028" testListId="8c84fa94-04c1-424b-9868-57a2d4851a1d" />
    <TestEntry testId="a6493ade-3aba-8e55-3d5b-e3a18089f41b" executionId="4f51ca9b-32eb-4d62-b240-5b1cc4a2f9b8" testListId="8c84fa94-04c1-424b-9868-57a2d4851a1d" />
    <TestEntry testId="f680908c-3b4b-7b4d-7066-6e5fce7c0b27" executionId="5e91a9d7-8ddf-42b8-80f9-2143a87e04c3" testListId="8c84fa94-04c1-424b-9868-57a2d4851a1d" />
    <TestEntry testId="a463440b-2916-b6c4-8a71-e3deeca8173f" executionId="939c8a32-2313-461a-9662-2953cb3e6756" testListId="8c84fa94-04c1-424b-9868-57a2d4851a1d" />
    <TestEntry testId="1038d0a8-74b6-4dd8-b766-1b08a5e0b707" executionId="89636382-b1e0-431c-bc02-d973b84fefd7" testListId="8c84fa94-04c1-424b-9868-57a2d4851a1d" />
    <TestEntry testId="f92d7d34-ac45-0e70-f396-9fcde6a3e066" executionId="d8cedaa4-9f49-43f8-87f0-550015915f0d" testListId="8c84fa94-04c1-424b-9868-57a2d4851a1d" />
    <TestEntry testId="aa78a0a1-2106-fb0e-c153-f9f2a07b5821" executionId="229fdb7f-56c6-4fd6-b986-e9acfff1c680" testListId="8c84fa94-04c1-424b-9868-57a2d4851a1d" />
    <TestEntry testId="c4920b28-249b-4562-1020-f303c8a65938" executionId="585d0b74-2c9e-4e11-a13b-eb305ed16451" testListId="8c84fa94-04c1-424b-9868-57a2d4851a1d" />
    <TestEntry testId="d9f777ed-3466-7c99-be02-84bb7ebbad4b" executionId="1ea5b17e-eb60-4712-b0ce-a73b4ccc3c70" testListId="8c84fa94-04c1-424b-9868-57a2d4851a1d" />
    <TestEntry testId="1b7a8e72-6c5b-1b1a-773c-d218457056e9" executionId="263e1024-52e1-4de3-ab22-f6c2c8ac263f" testListId="8c84fa94-04c1-424b-9868-57a2d4851a1d" />
    <TestEntry testId="3ab16e75-8a5c-b09f-3b52-52df61cf6c95" executionId="4f6722ee-4fe0-4419-a897-272d405f0943" testListId="8c84fa94-04c1-424b-9868-57a2d4851a1d" />
    <TestEntry testId="c277206d-3ad5-99fa-fd35-5b55265763de" executionId="92740a76-a863-4656-9fc6-7b201b595b05" testListId="8c84fa94-04c1-424b-9868-57a2d4851a1d" />
    <TestEntry testId="e998f77e-77b2-7e10-d8db-3813eb8031aa" executionId="69e91b62-0dc2-4ae8-84e8-d1345bcad838" testListId="8c84fa94-04c1-424b-9868-57a2d4851a1d" />
    <TestEntry testId="5c82a30b-ee73-73a7-ae23-b19a1b7c7820" executionId="18e345b1-4a5d-4165-a40e-9ca2499326fd" testListId="8c84fa94-04c1-424b-9868-57a2d4851a1d" />
    <TestEntry testId="c98d87e1-2599-14ad-dad8-186cb5a68eb4" executionId="5d657fcc-26ea-4e6d-b737-2deec2848e4b" testListId="8c84fa94-04c1-424b-9868-57a2d4851a1d" />
    <TestEntry testId="c3c8acd6-ab82-9706-0dfb-389b90288a20" executionId="10a4bbaf-5963-40de-9722-a47c34a74252" testListId="8c84fa94-04c1-424b-9868-57a2d4851a1d" />
    <TestEntry testId="af2a8788-f2d5-ea21-a188-f51e4691cee7" executionId="8883c252-62dd-4cec-8395-b764e2136c5c" testListId="8c84fa94-04c1-424b-9868-57a2d4851a1d" />
    <TestEntry testId="65f38f06-9057-2883-e0bd-60370f8d7d0d" executionId="4ebba926-f26f-4956-9344-005d3ad7ec3d" testListId="8c84fa94-04c1-424b-9868-57a2d4851a1d" />
    <TestEntry testId="885e02ef-e416-e860-c427-66861a1cef8a" executionId="00c08d57-c2e4-4255-adb9-9b6c2402e4fb" testListId="8c84fa94-04c1-424b-9868-57a2d4851a1d" />
    <TestEntry testId="08f82558-d98c-02af-8d5e-3581c5e98c4c" executionId="e10c310e-e7c3-43d9-8783-f76e7425b569" testListId="8c84fa94-04c1-424b-9868-57a2d4851a1d" />
    <TestEntry testId="80d36421-2cec-943f-7f34-60be14e9a632" executionId="97059809-e6f7-428e-ac52-9f2d8e9306eb" testListId="8c84fa94-04c1-424b-9868-57a2d4851a1d" />
    <TestEntry testId="9ee3310d-df68-3208-bd43-511bd668f4d5" executionId="ee32872e-453f-4a07-8e4d-2653d074cdd5" testListId="8c84fa94-04c1-424b-9868-57a2d4851a1d" />
    <TestEntry testId="b2d1fc86-5b6c-12c9-7390-a0eef3e963b8" executionId="add4bffe-7048-404d-8c0b-f4353eeaec7f" testListId="8c84fa94-04c1-424b-9868-57a2d4851a1d" />
    <TestEntry testId="743f0fe4-79cc-4cbd-b2f9-4683eb98d09d" executionId="5f9f404a-eb8e-4440-bba7-201456b74a82" testListId="8c84fa94-04c1-424b-9868-57a2d4851a1d" />
    <TestEntry testId="de09b4c2-8c85-fd07-a4bd-ac2ed052171a" executionId="3813bdad-1af6-4970-b946-61897cb2d523" testListId="8c84fa94-04c1-424b-9868-57a2d4851a1d" />
    <TestEntry testId="f4a81b1f-d65d-e48b-b006-18eab3f2b023" executionId="138e3866-71d5-4911-b9a1-e2af59c6ede3" testListId="8c84fa94-04c1-424b-9868-57a2d4851a1d" />
    <TestEntry testId="b6ee4187-2f4d-362e-5b8c-3b73aeaf5c65" executionId="f2bb1c7f-b02b-4f35-9010-33eb891a41d3" testListId="8c84fa94-04c1-424b-9868-57a2d4851a1d" />
    <TestEntry testId="6d90f09d-ac26-1a78-00bb-8e50418f096e" executionId="d7335bb1-9ebe-46e0-97df-ffb1d66c4cf4" testListId="8c84fa94-04c1-424b-9868-57a2d4851a1d" />
    <TestEntry testId="bc1eab18-b23a-a958-6a7b-2426121871d6" executionId="84f0baec-50df-4f13-a7a3-d2f8ae6d366f" testListId="8c84fa94-04c1-424b-9868-57a2d4851a1d" />
    <TestEntry testId="9a208f53-2994-a17f-1d39-9e17cb2164bd" executionId="7b6d54e9-13bb-4140-bdcb-3a57808eed2f" testListId="8c84fa94-04c1-424b-9868-57a2d4851a1d" />
    <TestEntry testId="e998f77e-77b2-7e10-d8db-3813eb8031aa" executionId="6663274a-8ff0-4bd4-8650-95553238c410" testListId="8c84fa94-04c1-424b-9868-57a2d4851a1d" />
    <TestEntry testId="701dc107-7f79-fab2-b18e-55df056f2ab4" executionId="b94ba157-cd7e-4ce8-9c7f-80f926f79251" testListId="8c84fa94-04c1-424b-9868-57a2d4851a1d" />
    <TestEntry testId="368cb1e4-cb3a-71e3-96c7-b85f55f12c0c" executionId="a59d506d-3357-4cd2-bd31-adcc062daf12" testListId="8c84fa94-04c1-424b-9868-57a2d4851a1d" />
    <TestEntry testId="dfe3fd2e-b517-b2eb-b2e2-30f7a11293dd" executionId="21a8e094-02fc-43e4-a64a-77a9405a3783" testListId="8c84fa94-04c1-424b-9868-57a2d4851a1d" />
    <TestEntry testId="1828ecd5-bb3e-6d98-809c-f913ae167b2a" executionId="7e646a7e-ea8d-4d11-8086-618b7a208ea6" testListId="8c84fa94-04c1-424b-9868-57a2d4851a1d" />
    <TestEntry testId="98514a87-c9e9-a001-7d97-02b7ed802ee7" executionId="ca7bddf9-86a5-415b-84f0-426512eb89ff" testListId="8c84fa94-04c1-424b-9868-57a2d4851a1d" />
    <TestEntry testId="1e878ee6-feaf-3437-9319-2c6ce9824817" executionId="9aaa9de2-70e7-4f57-9aef-c85c51d028dc" testListId="8c84fa94-04c1-424b-9868-57a2d4851a1d" />
    <TestEntry testId="8803b728-b3cd-d0f6-6a9a-d85dc1ecbb9f" executionId="6be78aee-df0c-49ee-a159-ca3e0364b6a3" testListId="8c84fa94-04c1-424b-9868-57a2d4851a1d" />
    <TestEntry testId="fd2f0a2f-32fb-8519-02c2-e506fea764d9" executionId="a3b124a7-af5d-4557-aff0-84ebc3ca26f5" testListId="8c84fa94-04c1-424b-9868-57a2d4851a1d" />
    <TestEntry testId="10dd7bf8-f28a-4f0c-1dc0-23b4c2def703" executionId="181bfe8b-e620-45df-aa61-740401a60e57" testListId="8c84fa94-04c1-424b-9868-57a2d4851a1d" />
    <TestEntry testId="d48c488e-fbbb-1e36-d1b4-d630148880b0" executionId="6250a400-4f24-42b9-9711-22edd887b71a" testListId="8c84fa94-04c1-424b-9868-57a2d4851a1d" />
    <TestEntry testId="cc0eb8f4-de0d-0d2a-a312-64bcc8b88edd" executionId="087eae23-85a1-46bf-81e4-c4619b6ca625" testListId="8c84fa94-04c1-424b-9868-57a2d4851a1d" />
    <TestEntry testId="e81103cb-7818-2463-05b1-4325c5ff61c8" executionId="b8690785-d90d-45d3-9410-66c4a9ac2903" testListId="8c84fa94-04c1-424b-9868-57a2d4851a1d" />
    <TestEntry testId="aaa1be74-2e34-5829-1e4e-488dd7c80429" executionId="9279aef2-a634-4147-b98d-a37527107830" testListId="8c84fa94-04c1-424b-9868-57a2d4851a1d" />
    <TestEntry testId="0ad4b394-46f3-87fb-eed4-e2c73091dff3" executionId="a1039fba-1fb7-423f-bc5a-51a43bcd74d3" testListId="8c84fa94-04c1-424b-9868-57a2d4851a1d" />
    <TestEntry testId="46662b5d-bee1-3465-212d-6cf5f23d5fcf" executionId="134f42b7-0622-4d65-b7a0-eed30648de7e" testListId="8c84fa94-04c1-424b-9868-57a2d4851a1d" />
    <TestEntry testId="9029e935-145d-d5fd-fae9-96c860349038" executionId="40255688-30a5-4eb7-aafb-99f46515d65c" testListId="8c84fa94-04c1-424b-9868-57a2d4851a1d" />
    <TestEntry testId="4be5efe6-8790-c0c6-bead-44c751febe9d" executionId="d05f4f16-4e55-45e1-aad7-f0fa0a38be60" testListId="8c84fa94-04c1-424b-9868-57a2d4851a1d" />
    <TestEntry testId="302e3c9b-71b6-ab55-127c-942ac34841ca" executionId="8e4582a8-fcbc-4d04-8a88-435e7a4c3c64" testListId="8c84fa94-04c1-424b-9868-57a2d4851a1d" />
    <TestEntry testId="31863e20-a64d-0b66-e341-1da2a444bd4d" executionId="94396119-f796-4932-9fdf-59d129b45f70" testListId="8c84fa94-04c1-424b-9868-57a2d4851a1d" />
    <TestEntry testId="313c09e0-411a-75b7-e96b-3ca0dbd86c48" executionId="e37b491f-2bd0-4b06-9068-905ae9e98087" testListId="8c84fa94-04c1-424b-9868-57a2d4851a1d" />
    <TestEntry testId="79e1afa4-43dc-dcc8-f757-ad97cc1a6215" executionId="ef3681ef-f7b3-4023-a421-76015233162c" testListId="8c84fa94-04c1-424b-9868-57a2d4851a1d" />
    <TestEntry testId="f19f66f7-3714-6457-44d8-9a0c3461226c" executionId="9f0469d2-217f-4d6d-b3f4-eb450f2b8caa" testListId="8c84fa94-04c1-424b-9868-57a2d4851a1d" />
    <TestEntry testId="1f3c2e70-43ac-a9e9-ce4b-d72a9af7f0f0" executionId="8a9a156c-b93c-42f7-88d3-d4c061ca6fad" testListId="8c84fa94-04c1-424b-9868-57a2d4851a1d" />
    <TestEntry testId="74bce2b8-452d-5f85-d604-2ca1701607c3" executionId="38966a4d-5b09-4cf7-a61d-76a4bbff4ec4" testListId="8c84fa94-04c1-424b-9868-57a2d4851a1d" />
    <TestEntry testId="f5cd0ea9-70e1-1cbd-01d3-fa2672fe0616" executionId="f240a292-8828-455e-8fff-26160e60a498" testListId="8c84fa94-04c1-424b-9868-57a2d4851a1d" />
    <TestEntry testId="2b65c344-0249-bf47-6c8a-07f52bcd6a60" executionId="c6fe8102-cf4e-48e2-94c4-7acd4b4dd995" testListId="8c84fa94-04c1-424b-9868-57a2d4851a1d" />
    <TestEntry testId="cdf3455a-ff33-49bd-8e27-f8c9df19be38" executionId="a7c2a654-5ea2-4962-b60e-4a4b1c2eec8c" testListId="8c84fa94-04c1-424b-9868-57a2d4851a1d" />
    <TestEntry testId="18369d63-550f-80cc-1769-12a3b1196b7b" executionId="5d5c9105-2259-48c9-ae3a-89f676f0c2c0" testListId="8c84fa94-04c1-424b-9868-57a2d4851a1d" />
    <TestEntry testId="7f31e1a8-eb37-a7f7-05cb-b001ed2dcb3c" executionId="97274934-dcb5-4767-bc72-1f35f841984d" testListId="8c84fa94-04c1-424b-9868-57a2d4851a1d" />
    <TestEntry testId="09064739-d6f3-b35b-43e1-f9b5634afbd3" executionId="60fc17b5-0b14-4d6b-8f58-197b4383fa03" testListId="8c84fa94-04c1-424b-9868-57a2d4851a1d" />
    <TestEntry testId="c0a6798f-9e7a-77b0-28d7-c43040f073db" executionId="1676a420-c72b-444f-a116-50711bcceb65" testListId="8c84fa94-04c1-424b-9868-57a2d4851a1d" />
    <TestEntry testId="9338997c-d9a9-672b-42cd-fbb543d1c72e" executionId="f51efc56-706f-433c-8799-796bdc69347e" testListId="8c84fa94-04c1-424b-9868-57a2d4851a1d" />
    <TestEntry testId="2e1f1a04-832c-f244-dd8a-e5aa199150f1" executionId="ef6f2559-56a8-4194-b6cd-1afd747b099a" testListId="8c84fa94-04c1-424b-9868-57a2d4851a1d" />
    <TestEntry testId="e36cf31f-4200-8205-4a12-8df912fdbdf1" executionId="92120143-3d91-46cc-93bb-00010ac24a83" testListId="8c84fa94-04c1-424b-9868-57a2d4851a1d" />
    <TestEntry testId="283d69c9-21df-936a-0efc-b10765e9b17c" executionId="fe2ed668-69b2-4038-ab1e-b55567e84ecc" testListId="8c84fa94-04c1-424b-9868-57a2d4851a1d" />
    <TestEntry testId="4190041e-4d7b-4cda-212b-4ae0c9029e36" executionId="bd04edfa-ed46-482f-874e-50d15c74fa7f" testListId="8c84fa94-04c1-424b-9868-57a2d4851a1d" />
    <TestEntry testId="01f34d8e-771f-fa5c-163a-25421605a156" executionId="be3be0f8-a2dd-4d4e-868d-21d77e925502" testListId="8c84fa94-04c1-424b-9868-57a2d4851a1d" />
    <TestEntry testId="95a21395-b040-7ff7-fe99-d443a657de60" executionId="7911468f-f2f5-462f-ad55-3febcf783bc7" testListId="8c84fa94-04c1-424b-9868-57a2d4851a1d" />
    <TestEntry testId="c5f889fe-34fb-e81d-4390-ab303a66ed0c" executionId="87f518bf-8501-47f5-8aba-2b56f51debe7" testListId="8c84fa94-04c1-424b-9868-57a2d4851a1d" />
    <TestEntry testId="b252d43e-f2d3-2b51-45af-2db3de66090b" executionId="275bd11f-f1d4-449d-b163-04ba89be8e70" testListId="8c84fa94-04c1-424b-9868-57a2d4851a1d" />
    <TestEntry testId="058170fd-69e2-a7d3-64d2-1a307243ea90" executionId="74b16abe-c7ec-48f2-90f3-9709e2ce55fe" testListId="8c84fa94-04c1-424b-9868-57a2d4851a1d" />
    <TestEntry testId="e6f18f4e-717d-7e35-b333-de26f141ac91" executionId="ee99881d-b254-47df-b594-0bca36ec2b77" testListId="8c84fa94-04c1-424b-9868-57a2d4851a1d" />
    <TestEntry testId="d381fedf-8c58-4a19-b08e-ee127d4421c9" executionId="8be53fa2-b825-4dd9-9476-bec2cecafc43" testListId="8c84fa94-04c1-424b-9868-57a2d4851a1d" />
    <TestEntry testId="00ac5168-01a9-aa78-532b-b6d6c419a156" executionId="bf3aa694-b8c1-4ade-a450-7f6511f5d4d0" testListId="8c84fa94-04c1-424b-9868-57a2d4851a1d" />
    <TestEntry testId="b7095fa5-4f07-bfb6-a358-0338e32383f9" executionId="f37dfd58-4f5e-4acf-9cdd-963dde85d784" testListId="8c84fa94-04c1-424b-9868-57a2d4851a1d" />
    <TestEntry testId="d4294147-b6f1-1dea-474b-6d1ef066918c" executionId="85c1d8cd-64b6-4ab6-a894-62e39cf4db19" testListId="8c84fa94-04c1-424b-9868-57a2d4851a1d" />
    <TestEntry testId="a5677ca9-068f-1409-b05b-617b1124d3e3" executionId="9528229a-f7a3-430b-8006-61cd0709926c" testListId="8c84fa94-04c1-424b-9868-57a2d4851a1d" />
    <TestEntry testId="8911612a-a11f-ae1d-ffaf-716d141c41ca" executionId="880489c1-747d-4bbf-ac43-85418cb78777" testListId="8c84fa94-04c1-424b-9868-57a2d4851a1d" />
    <TestEntry testId="43001655-6df0-fd55-49b4-09a30b307ee3" executionId="4f53a9ad-e91f-472b-b61c-bdcd13a4d339" testListId="8c84fa94-04c1-424b-9868-57a2d4851a1d" />
    <TestEntry testId="4c310887-8495-4e52-0457-4cbe13b9a200" executionId="c46db196-8f03-4814-b0b7-edc50807c55a" testListId="8c84fa94-04c1-424b-9868-57a2d4851a1d" />
    <TestEntry testId="cb7e0b0b-265a-1cd7-8d28-4bc375b72be8" executionId="6ab33ba3-6219-460e-a37c-a73086d5e8c5" testListId="8c84fa94-04c1-424b-9868-57a2d4851a1d" />
    <TestEntry testId="6447c994-5b95-325f-325b-e1016ffa29e1" executionId="c3cc6917-c9f3-4240-b9dd-04a1c5053f50" testListId="8c84fa94-04c1-424b-9868-57a2d4851a1d" />
    <TestEntry testId="fca611f3-84ae-9eb6-8d99-31763ce69bf9" executionId="33e0583a-8622-4720-acd0-56ab1eb1cfd0" testListId="8c84fa94-04c1-424b-9868-57a2d4851a1d" />
    <TestEntry testId="3f5ee2de-3b1b-0c75-47d5-11fe5a7f62f5" executionId="fbcc30cb-16fe-4de2-98e2-602311c79d8a" testListId="8c84fa94-04c1-424b-9868-57a2d4851a1d" />
    <TestEntry testId="77b1b206-b293-8add-d0dd-e8f3149cd45e" executionId="8c36a20f-1e5f-45b7-83c2-43a61a28b051" testListId="8c84fa94-04c1-424b-9868-57a2d4851a1d" />
    <TestEntry testId="7480cb9c-3d2a-334b-c8f7-266fc8075bc0" executionId="9e8ca410-9808-4ba4-b556-cb8d2b638945" testListId="8c84fa94-04c1-424b-9868-57a2d4851a1d" />
    <TestEntry testId="adafff31-7445-4899-a64a-9d78ba6fa82f" executionId="0b68e59b-03fe-4cc5-aa21-db5253517337" testListId="8c84fa94-04c1-424b-9868-57a2d4851a1d" />
    <TestEntry testId="caaa1ff0-9d50-8a88-cc0f-12986835057f" executionId="e82a580b-3ef6-4625-b7dd-8bad71d61af6" testListId="8c84fa94-04c1-424b-9868-57a2d4851a1d" />
    <TestEntry testId="f680908c-3b4b-7b4d-7066-6e5fce7c0b27" executionId="f4f39351-72d0-413f-a0a3-c3492eed0803" testListId="8c84fa94-04c1-424b-9868-57a2d4851a1d" />
    <TestEntry testId="74a5479e-3d8d-745b-8d0c-dc17a9c1c316" executionId="77883203-2253-4fcc-963a-79721355fe80" testListId="8c84fa94-04c1-424b-9868-57a2d4851a1d" />
    <TestEntry testId="56fde5b0-e4df-3dd0-b924-b3d8168ff571" executionId="01208f0f-0b97-4e9a-bb60-d89093e253be" testListId="8c84fa94-04c1-424b-9868-57a2d4851a1d" />
    <TestEntry testId="9bd36f2b-bb15-3fec-5cc0-8da29f15f2eb" executionId="be50878d-01be-4bf8-99cd-c9667be79a3f" testListId="8c84fa94-04c1-424b-9868-57a2d4851a1d" />
    <TestEntry testId="d1c49c69-fe5f-8257-84d6-6eb683f2a033" executionId="62c589fc-7769-44c0-bd6c-19a6903a8d23" testListId="8c84fa94-04c1-424b-9868-57a2d4851a1d" />
    <TestEntry testId="b518f299-3b00-cc5d-b78d-f3f85f49a757" executionId="f3912053-8625-4ff2-9ab1-c5c3c53260ff" testListId="8c84fa94-04c1-424b-9868-57a2d4851a1d" />
    <TestEntry testId="59d09cb9-f05a-ad0a-27b2-ae8fd67c3518" executionId="135583a3-75fa-43b6-b5b5-c95db06ffe0f" testListId="8c84fa94-04c1-424b-9868-57a2d4851a1d" />
    <TestEntry testId="0fc44201-8e69-82b3-88da-4213b7a1319c" executionId="68180ddf-8504-4291-bef8-806310600ae4" testListId="8c84fa94-04c1-424b-9868-57a2d4851a1d" />
    <TestEntry testId="f5d9ddfe-7809-e6c0-f589-d7f4a1e2a8af" executionId="e673de8f-1825-4a1c-ba6d-b21350eac272" testListId="8c84fa94-04c1-424b-9868-57a2d4851a1d" />
    <TestEntry testId="cdf55ccf-9363-1335-a916-7ffe8ada8675" executionId="98e70de3-21ab-44e3-b3cf-ac1fa41cc37b" testListId="8c84fa94-04c1-424b-9868-57a2d4851a1d" />
    <TestEntry testId="af9e36c7-6a97-f2e2-549f-4bcadfe1d626" executionId="a6059a41-219e-4516-8762-b197284d32f5" testListId="8c84fa94-04c1-424b-9868-57a2d4851a1d" />
    <TestEntry testId="2978490b-f335-bd98-3d44-ea762b2e8674" executionId="6db4ead6-c493-4f6b-b2af-2ab4b413bf83" testListId="8c84fa94-04c1-424b-9868-57a2d4851a1d" />
    <TestEntry testId="3e00ced7-c9ef-e081-8698-0bfc18ba5ea0" executionId="ef894c3c-a8e9-443f-9368-e4fbd1c683c9" testListId="8c84fa94-04c1-424b-9868-57a2d4851a1d" />
    <TestEntry testId="d77e07f4-f850-753d-8f8c-2c87b60f7fa6" executionId="62f0547f-3c31-4aec-8eb1-7248c72f9f74" testListId="8c84fa94-04c1-424b-9868-57a2d4851a1d" />
    <TestEntry testId="9e880996-cd5c-0f52-e791-ea181de9a9e4" executionId="eb2a147d-f926-47d1-91b6-ff847b5652dd" testListId="8c84fa94-04c1-424b-9868-57a2d4851a1d" />
    <TestEntry testId="e998f77e-77b2-7e10-d8db-3813eb8031aa" executionId="565de324-3df4-4b7d-a8f2-10f5b028d67c" testListId="8c84fa94-04c1-424b-9868-57a2d4851a1d" />
    <TestEntry testId="df3f8216-c259-3e39-24bc-16b94a530f01" executionId="c9a65577-613b-42bd-b116-476927c74002" testListId="8c84fa94-04c1-424b-9868-57a2d4851a1d" />
    <TestEntry testId="c619b254-8c86-c5cf-c771-3ea358787f56" executionId="1be5f5a5-e0a7-4090-bb9a-ddf2fefecc94" testListId="8c84fa94-04c1-424b-9868-57a2d4851a1d" />
    <TestEntry testId="1908903c-8778-1771-d8eb-296b41bd1c8a" executionId="38293c2c-19b0-4fc5-8b9c-f02074a79f0e" testListId="8c84fa94-04c1-424b-9868-57a2d4851a1d" />
    <TestEntry testId="bc299358-874f-d04a-92ad-e691bf3c092e" executionId="c56ddcb9-0031-4c6e-b176-e9440c05ade2" testListId="8c84fa94-04c1-424b-9868-57a2d4851a1d" />
    <TestEntry testId="ac8063fd-ec4b-484a-0383-753253f47780" executionId="bd00c54b-c3f4-4ace-bf56-38e86f7655dc" testListId="8c84fa94-04c1-424b-9868-57a2d4851a1d" />
    <TestEntry testId="9029e935-145d-d5fd-fae9-96c860349038" executionId="1937ce42-6ad2-4928-a14b-13362acf6fce" testListId="8c84fa94-04c1-424b-9868-57a2d4851a1d" />
    <TestEntry testId="eb5a9d83-2458-0842-7b16-6cd517958096" executionId="26a20dfe-4cb3-45dd-b4be-8da7f22de20b" testListId="8c84fa94-04c1-424b-9868-57a2d4851a1d" />
    <TestEntry testId="3ed7a399-d9a7-d9be-39f4-d877ad4e286e" executionId="df7a71d9-d99a-4e7d-9bc9-5347a783ee85" testListId="8c84fa94-04c1-424b-9868-57a2d4851a1d" />
    <TestEntry testId="a86403c6-a793-aab2-0ab7-ce467563d7d6" executionId="b0ccae23-758d-4265-8c88-dc9e319ae4f4" testListId="8c84fa94-04c1-424b-9868-57a2d4851a1d" />
    <TestEntry testId="3601e411-06fe-e014-7da4-87000446bebe" executionId="691a60e8-01d9-4b2e-8bf1-e39a3495b69e" testListId="8c84fa94-04c1-424b-9868-57a2d4851a1d" />
    <TestEntry testId="ebc58dfd-14b7-49e6-e46a-09a44593433d" executionId="893137ef-593a-4b7d-a620-18eead1ac699" testListId="8c84fa94-04c1-424b-9868-57a2d4851a1d" />
    <TestEntry testId="205d3986-407b-ed3e-b9d7-5c5108416447" executionId="c7719ec3-ee77-4f9f-ba15-83edf4f32f90" testListId="8c84fa94-04c1-424b-9868-57a2d4851a1d" />
    <TestEntry testId="4b81b8f4-db20-c853-b41f-b509d6abfb70" executionId="a897f8ed-3f50-477c-9bc8-f0eeff71c9f5" testListId="8c84fa94-04c1-424b-9868-57a2d4851a1d" />
    <TestEntry testId="736d5841-1c67-3c66-a8df-caf0433686aa" executionId="cc5a6ed6-6986-47ef-8ed8-e1888e468055" testListId="8c84fa94-04c1-424b-9868-57a2d4851a1d" />
    <TestEntry testId="8ac6bfd4-1fa8-6445-4d9e-b8a25f795922" executionId="2ec58bd6-1521-43c4-a102-764d0f9e3e24" testListId="8c84fa94-04c1-424b-9868-57a2d4851a1d" />
    <TestEntry testId="06bd11df-bf70-d0e2-a507-7181600bcc81" executionId="3fea1aad-d6ab-434f-b870-bc1e77f2c78c" testListId="8c84fa94-04c1-424b-9868-57a2d4851a1d" />
    <TestEntry testId="45464de9-2088-da3a-85ed-a8a4fecb083d" executionId="c5becd77-f3ce-4d0b-9cc8-9cc4d91bfd4d" testListId="8c84fa94-04c1-424b-9868-57a2d4851a1d" />
    <TestEntry testId="6f38fefe-03f5-0f1c-3a6a-8844abdc82dd" executionId="ce95b28a-51cf-4478-8f52-329dec9d0754" testListId="8c84fa94-04c1-424b-9868-57a2d4851a1d" />
    <TestEntry testId="c0728f95-ecc1-be8f-b46d-a960462fa608" executionId="d3b45735-e62c-4651-a2f6-5b95808a124b" testListId="8c84fa94-04c1-424b-9868-57a2d4851a1d" />
    <TestEntry testId="84b3e980-bdbe-5014-755b-538d50035c46" executionId="6f61db96-0f19-4f6e-b058-ed8563732724" testListId="8c84fa94-04c1-424b-9868-57a2d4851a1d" />
    <TestEntry testId="2b698e66-74fb-6c00-069a-969a34e3db3a" executionId="4df45b9a-e815-4e14-9f83-b249b1b7f144" testListId="8c84fa94-04c1-424b-9868-57a2d4851a1d" />
    <TestEntry testId="96e8936d-0390-58bc-a96b-c2ae29467c1e" executionId="d6a510b6-f58d-49f1-8b2e-6151aff2bce6" testListId="8c84fa94-04c1-424b-9868-57a2d4851a1d" />
    <TestEntry testId="0642a600-4a64-e9cb-eb5f-0984d3d228c6" executionId="6c7f128f-0a43-49e9-9706-6afa91747df9" testListId="8c84fa94-04c1-424b-9868-57a2d4851a1d" />
    <TestEntry testId="b99d652b-8f29-0344-acef-87a042a63281" executionId="84ff6bc9-01fa-472e-8baf-ef14c7d43cf6" testListId="8c84fa94-04c1-424b-9868-57a2d4851a1d" />
    <TestEntry testId="cd13bfee-f8b4-3d5e-a0f6-00049079c32f" executionId="f5f7db7d-6cde-443f-8dfc-293a1822e224" testListId="8c84fa94-04c1-424b-9868-57a2d4851a1d" />
    <TestEntry testId="199e5799-986d-710e-fa92-973a198651af" executionId="2f6c7ccf-aa40-4f71-a47f-b6cd1dc36a87" testListId="8c84fa94-04c1-424b-9868-57a2d4851a1d" />
    <TestEntry testId="07dba9c8-887e-44e6-63b8-7e227b9aaff8" executionId="d028ddca-19ec-42ab-9371-944412d6bb4b" testListId="8c84fa94-04c1-424b-9868-57a2d4851a1d" />
    <TestEntry testId="5da91449-988e-883d-873e-5998d198d64c" executionId="ce933a2f-f78b-4132-af70-128376cce3e9" testListId="8c84fa94-04c1-424b-9868-57a2d4851a1d" />
    <TestEntry testId="81267ce3-6f9f-039a-6061-d6bf94b58293" executionId="35aac9db-94e9-4686-8e41-6c393e1d6eaa" testListId="8c84fa94-04c1-424b-9868-57a2d4851a1d" />
    <TestEntry testId="e5b42656-0e77-c732-b59e-14f5dfdd136f" executionId="5dbe9cfa-ced4-4b10-8859-81e06ff54651" testListId="8c84fa94-04c1-424b-9868-57a2d4851a1d" />
    <TestEntry testId="55849d48-8f3f-820c-27fa-98e4f30a7358" executionId="fa709647-5b06-46d0-8963-e23344fbb0ce" testListId="8c84fa94-04c1-424b-9868-57a2d4851a1d" />
    <TestEntry testId="9029e935-145d-d5fd-fae9-96c860349038" executionId="04d2a5e7-1b40-4433-8b45-38553e3c0f7e" testListId="8c84fa94-04c1-424b-9868-57a2d4851a1d" />
    <TestEntry testId="e70bd816-d0ac-eace-44c7-520cb1bd1024" executionId="912c93c0-cf91-4e6a-bb28-8f770654acf1" testListId="8c84fa94-04c1-424b-9868-57a2d4851a1d" />
    <TestEntry testId="25e21b40-8b6b-75c0-de39-11c840b2c816" executionId="600a81d7-7e26-489d-a0d5-9ec30afb9395" testListId="8c84fa94-04c1-424b-9868-57a2d4851a1d" />
    <TestEntry testId="78819630-2935-1e63-9860-8c1336d44889" executionId="4ccb3418-4b00-48d9-a326-12e2399f9832" testListId="8c84fa94-04c1-424b-9868-57a2d4851a1d" />
    <TestEntry testId="c31b76c8-61cb-842b-101d-3527fdf73529" executionId="50803ad3-172f-4ca0-b93c-42a4b0190895" testListId="8c84fa94-04c1-424b-9868-57a2d4851a1d" />
    <TestEntry testId="c0b0990b-db80-5ada-cdd8-224bb5ed398a" executionId="23aa90da-0ab5-47ae-a82f-e83150b38a50" testListId="8c84fa94-04c1-424b-9868-57a2d4851a1d" />
    <TestEntry testId="4092a02b-aad1-4cd2-975c-e2b5b68e9e4b" executionId="d2643278-d59b-424e-a29f-daec7046b09d" testListId="8c84fa94-04c1-424b-9868-57a2d4851a1d" />
    <TestEntry testId="f710e014-90ce-d71f-9c5f-5c71e6c4af0c" executionId="f8046161-378d-45b3-ac0e-8f76a1d710d6" testListId="8c84fa94-04c1-424b-9868-57a2d4851a1d" />
    <TestEntry testId="ba697472-1eee-6276-10b8-517f33455021" executionId="10cdfd68-eb76-44aa-9436-3d35fce0bb99" testListId="8c84fa94-04c1-424b-9868-57a2d4851a1d" />
    <TestEntry testId="854a54be-59a6-d3a9-c68f-32fd5f490d07" executionId="f3112ab6-b733-4ce9-ab89-ac89aa819bd2" testListId="8c84fa94-04c1-424b-9868-57a2d4851a1d" />
    <TestEntry testId="4672bcf4-734d-4ad9-761e-d152a3dbb36b" executionId="507f0dd0-de60-4709-a015-d599a00a4622" testListId="8c84fa94-04c1-424b-9868-57a2d4851a1d" />
    <TestEntry testId="001c0c93-73e4-b3d7-1e2b-249f259f59d0" executionId="939a2d96-ae4d-4a38-8e44-5421bcada7b9" testListId="8c84fa94-04c1-424b-9868-57a2d4851a1d" />
    <TestEntry testId="3460e6f3-0dd6-9361-76e4-41731c8ee6fa" executionId="981b90c4-c359-48db-a9ef-c4cba27f3d51" testListId="8c84fa94-04c1-424b-9868-57a2d4851a1d" />
    <TestEntry testId="126ce091-c6ba-ecff-2f2d-3c69aa56bf21" executionId="ff0f8e30-8b9f-409c-937b-05542a75a744" testListId="8c84fa94-04c1-424b-9868-57a2d4851a1d" />
    <TestEntry testId="84cdc42c-8723-3f7f-aeea-e185addc7b1d" executionId="fb98e82f-1970-47ef-8f5b-c59b6920cace" testListId="8c84fa94-04c1-424b-9868-57a2d4851a1d" />
    <TestEntry testId="cb87cf1a-c232-cb4e-8509-02ba48adec73" executionId="7d219780-4980-412b-b6ef-e0754b525f22" testListId="8c84fa94-04c1-424b-9868-57a2d4851a1d" />
    <TestEntry testId="3483fd74-40ab-caaa-a1c3-b598cd24d905" executionId="c862e719-0511-486d-b0d5-557ff387b691" testListId="8c84fa94-04c1-424b-9868-57a2d4851a1d" />
    <TestEntry testId="0abf48ed-aa70-1dda-b2cb-ff714665e116" executionId="6fae0ac3-e32a-4fb9-9f42-a5e2b8575084" testListId="8c84fa94-04c1-424b-9868-57a2d4851a1d" />
    <TestEntry testId="e6dcebe5-b6cc-8c91-5e65-857f5572db4e" executionId="ff418489-7e96-4367-9938-a08ac5e5f990" testListId="8c84fa94-04c1-424b-9868-57a2d4851a1d" />
    <TestEntry testId="05f48571-d878-d35c-a36e-2898473abdf2" executionId="72743fe5-b1e0-4e38-83f2-669a10209bb8" testListId="8c84fa94-04c1-424b-9868-57a2d4851a1d" />
    <TestEntry testId="161a0e40-6dbd-cbdc-3714-f2442765e338" executionId="adfb9616-9eea-4f63-b127-d7f751f2505d" testListId="8c84fa94-04c1-424b-9868-57a2d4851a1d" />
    <TestEntry testId="51b24619-a3ed-9418-8456-52beb88978c3" executionId="03f4c9ee-613f-4221-a704-c44f4d3970c3" testListId="8c84fa94-04c1-424b-9868-57a2d4851a1d" />
    <TestEntry testId="f1c89d57-5156-c3cb-5004-8f710550b577" executionId="53e48a6c-ec66-4dfa-8842-c6c8fb85a385" testListId="8c84fa94-04c1-424b-9868-57a2d4851a1d" />
    <TestEntry testId="2d789d28-e6a7-138d-5118-90d326f34b7e" executionId="c63dbb89-98e8-4c07-858d-bc01fba33ad5" testListId="8c84fa94-04c1-424b-9868-57a2d4851a1d" />
    <TestEntry testId="d9cf4840-605e-c89a-3f41-61314ef11e52" executionId="66209598-0015-4f43-a99f-fbb259654923" testListId="8c84fa94-04c1-424b-9868-57a2d4851a1d" />
    <TestEntry testId="62ccd416-325f-fc18-4621-c0f70b480ec4" executionId="29093ff6-9778-44b9-b8f2-0b85dac75e06" testListId="8c84fa94-04c1-424b-9868-57a2d4851a1d" />
    <TestEntry testId="98f162c3-7789-0517-6acc-2e2623f261ea" executionId="f36072dd-5ce1-4849-bba0-e66a7d11585e" testListId="8c84fa94-04c1-424b-9868-57a2d4851a1d" />
    <TestEntry testId="0a273ad8-5b9b-36bf-ab85-61e3ea84486e" executionId="3c99a8db-fb12-434b-82b8-dc45f0c93000" testListId="8c84fa94-04c1-424b-9868-57a2d4851a1d" />
    <TestEntry testId="cf1b5120-2f82-9f5f-15f1-028f78b34222" executionId="226e6e67-ceeb-49d4-9a0b-a31a5af2fc15" testListId="8c84fa94-04c1-424b-9868-57a2d4851a1d" />
    <TestEntry testId="6c232766-0173-c070-73ea-ec002545c357" executionId="4554628a-2c33-41c6-baaf-be65e75cd136" testListId="8c84fa94-04c1-424b-9868-57a2d4851a1d" />
    <TestEntry testId="a8a50f03-3329-f171-e632-4989e995a587" executionId="2d6572fb-1ff3-4796-89d9-8fcc3e256958" testListId="8c84fa94-04c1-424b-9868-57a2d4851a1d" />
    <TestEntry testId="b6d0f186-52a1-85f5-8e22-24d46ac1ac11" executionId="8295ef05-4d3b-4e85-a7f9-ff04cd3588ed" testListId="8c84fa94-04c1-424b-9868-57a2d4851a1d" />
    <TestEntry testId="efaca709-8a13-6b06-ae96-68d58720423e" executionId="a02eca26-e294-4da4-bdea-2f55d12ec690" testListId="8c84fa94-04c1-424b-9868-57a2d4851a1d" />
    <TestEntry testId="81839942-eab6-dd11-a06f-a19981ad17ba" executionId="729cf9aa-d655-4506-b29c-d149bae99a88" testListId="8c84fa94-04c1-424b-9868-57a2d4851a1d" />
    <TestEntry testId="daf95640-1ecb-1c8c-09bc-d8c8490777c1" executionId="144b1411-66d8-4e91-afa5-1cea0ccb3362" testListId="8c84fa94-04c1-424b-9868-57a2d4851a1d" />
    <TestEntry testId="faece781-49e2-4e59-ebf9-bba502576c3c" executionId="95e056be-a7d6-4d13-86d3-7ffa69f2b7b8" testListId="8c84fa94-04c1-424b-9868-57a2d4851a1d" />
    <TestEntry testId="c8da5140-6bbf-d2bf-c522-f95e06d6a595" executionId="17d112ed-bd56-4326-95a7-09fac46c4dd2" testListId="8c84fa94-04c1-424b-9868-57a2d4851a1d" />
    <TestEntry testId="afb51d05-f3b7-7ba8-3b5a-420afd719c13" executionId="dbf6726d-28ae-4657-9af7-dd9f39f0b724" testListId="8c84fa94-04c1-424b-9868-57a2d4851a1d" />
    <TestEntry testId="a5f3c4e3-2515-5b34-ca88-e1bb40637adf" executionId="7171629f-4b56-41be-978c-020b554e3045" testListId="8c84fa94-04c1-424b-9868-57a2d4851a1d" />
    <TestEntry testId="40053e00-4502-6843-1f1d-ac2a3e574fe1" executionId="9e30ae1f-b593-453c-9f86-5fc27fde1834" testListId="8c84fa94-04c1-424b-9868-57a2d4851a1d" />
    <TestEntry testId="cd0b28bc-7718-797b-f022-800ca6ce22ba" executionId="bb597059-b65d-4bac-927c-f78ed1d36875" testListId="8c84fa94-04c1-424b-9868-57a2d4851a1d" />
    <TestEntry testId="dc2a73b2-537f-23c2-17dd-b62bfff2142a" executionId="3acab3ec-2ac1-4037-9a37-141c8723bd71" testListId="8c84fa94-04c1-424b-9868-57a2d4851a1d" />
    <TestEntry testId="a2522359-b2a2-5229-47e0-a441d8ac2c1e" executionId="52abd2c7-dfc5-4d9a-80dc-7f054aa586c9" testListId="8c84fa94-04c1-424b-9868-57a2d4851a1d" />
    <TestEntry testId="02e91707-aab1-0a11-fa7b-f648cd0fd36e" executionId="cf583bbf-6f7b-4d0a-99d9-0047b3ff3fb0" testListId="8c84fa94-04c1-424b-9868-57a2d4851a1d" />
    <TestEntry testId="2920c2e0-39a3-dd93-5693-d4ce08512159" executionId="fbc50bcf-6cf5-4043-bfe1-6dee7df97dfa" testListId="8c84fa94-04c1-424b-9868-57a2d4851a1d" />
    <TestEntry testId="acb1a3bd-713e-4d7a-4e0c-8e617e64d48b" executionId="078ed051-d235-430b-b7a0-2a67a983d1a5" testListId="8c84fa94-04c1-424b-9868-57a2d4851a1d" />
    <TestEntry testId="6800db71-c8bd-80f4-55c4-def277b5aa8f" executionId="5420ded6-c706-4de5-be4a-3b6ce061f19f" testListId="8c84fa94-04c1-424b-9868-57a2d4851a1d" />
    <TestEntry testId="7aa665c6-6d05-2641-5b0e-6f3ba4797370" executionId="b6fab790-dfa1-45fb-aaa9-094d407b12a0" testListId="8c84fa94-04c1-424b-9868-57a2d4851a1d" />
    <TestEntry testId="ccbe9915-207e-f3b0-9e57-5dc3348b938c" executionId="181db113-8b94-4e59-953a-b3ea2062dbb6" testListId="8c84fa94-04c1-424b-9868-57a2d4851a1d" />
    <TestEntry testId="198a7352-93d7-0944-f1ae-7a5a353fc2ea" executionId="7d0c20a5-dd85-4e3c-bb3c-f00e7f246ab1" testListId="8c84fa94-04c1-424b-9868-57a2d4851a1d" />
    <TestEntry testId="b6cb2108-bdbd-409f-1317-853c26dc4a4e" executionId="cb20dd3f-6f78-406e-9bee-cde05ed6b67a" testListId="8c84fa94-04c1-424b-9868-57a2d4851a1d" />
    <TestEntry testId="60b9be0e-76ba-0ec0-0f7c-3f59c1ff8d12" executionId="db104b7f-05a6-4881-8d7a-e04baf501f7f" testListId="8c84fa94-04c1-424b-9868-57a2d4851a1d" />
    <TestEntry testId="8655e08e-93f9-ea96-e1a5-f913a90803b9" executionId="f7cf2143-e3ee-4e9c-8da3-858bbc988473" testListId="8c84fa94-04c1-424b-9868-57a2d4851a1d" />
    <TestEntry testId="c4726943-b1e4-7dec-138b-79d3b9940013" executionId="42dae25c-c114-4136-b168-5dc564a82f6a" testListId="8c84fa94-04c1-424b-9868-57a2d4851a1d" />
    <TestEntry testId="5fef5e10-fc69-5d3e-4101-c050ab62c33a" executionId="98e573c8-cf94-4002-b2ee-03b5ef7b8af8" testListId="8c84fa94-04c1-424b-9868-57a2d4851a1d" />
    <TestEntry testId="16cbfe5e-7bb9-3462-1447-f565ffc95fc8" executionId="d0df60a3-5772-4e58-85c4-27ff4768697a" testListId="8c84fa94-04c1-424b-9868-57a2d4851a1d" />
    <TestEntry testId="2ebfe8ce-3c37-b151-62ae-982463586759" executionId="01b6db09-b0aa-458e-a3fa-b52bcac0bb69" testListId="8c84fa94-04c1-424b-9868-57a2d4851a1d" />
    <TestEntry testId="f680908c-3b4b-7b4d-7066-6e5fce7c0b27" executionId="ed86471f-c201-49a9-8853-e2d68b3d7056" testListId="8c84fa94-04c1-424b-9868-57a2d4851a1d" />
    <TestEntry testId="c44548aa-9337-8061-84b6-1037567d8f33" executionId="17f175b9-f1e9-4a38-b86c-f85ede2aa1e7" testListId="8c84fa94-04c1-424b-9868-57a2d4851a1d" />
    <TestEntry testId="41f04a9d-5df2-9e79-b05d-aaa6c4b08e60" executionId="75713969-0225-42b6-8b09-b5af62ff487d" testListId="8c84fa94-04c1-424b-9868-57a2d4851a1d" />
    <TestEntry testId="7ef6fc17-41f7-b6dd-5a72-5e5de8ea26a4" executionId="75f3777f-7d44-4bf9-b8c5-cb2d46453bcf" testListId="8c84fa94-04c1-424b-9868-57a2d4851a1d" />
    <TestEntry testId="19ae25b4-0231-fc97-1b8f-0232f3086906" executionId="ac42526c-3539-4016-b317-3f97db66ff5c" testListId="8c84fa94-04c1-424b-9868-57a2d4851a1d" />
    <TestEntry testId="a97eb8e2-cea3-70dd-d5ee-19b9b7f4e4bf" executionId="9af3157c-f04a-4357-add4-73cd702294f5" testListId="8c84fa94-04c1-424b-9868-57a2d4851a1d" />
    <TestEntry testId="84a40563-ae3e-05c4-e02d-b8d79f27ea48" executionId="a9221a3e-5a4f-424d-8713-73ee3efc90bb" testListId="8c84fa94-04c1-424b-9868-57a2d4851a1d" />
    <TestEntry testId="02b778e1-2711-1e32-4739-47c0e9b81d4d" executionId="d8725f5f-81a6-4788-b2bf-909a875a278c" testListId="8c84fa94-04c1-424b-9868-57a2d4851a1d" />
    <TestEntry testId="232f8949-7296-2b4c-d535-61493d92276d" executionId="21af7983-305b-4816-bffa-f9d5c80946e9" testListId="8c84fa94-04c1-424b-9868-57a2d4851a1d" />
    <TestEntry testId="03690dec-a251-8115-c3a7-9374da58537f" executionId="e446cda9-4591-451f-9019-12ea78ba8dd1" testListId="8c84fa94-04c1-424b-9868-57a2d4851a1d" />
    <TestEntry testId="80e1e452-82cf-b088-db40-d28f7d32c62d" executionId="bc799991-bc16-44cd-a576-b94df71c756f" testListId="8c84fa94-04c1-424b-9868-57a2d4851a1d" />
    <TestEntry testId="91d14b34-4712-1785-f0d4-572e813a795e" executionId="568e1522-dbbe-4a24-9a9c-f8806c1ac429" testListId="8c84fa94-04c1-424b-9868-57a2d4851a1d" />
    <TestEntry testId="adae62f9-2b72-4530-ee33-22d9b99a1467" executionId="d3da7d27-6318-4261-9113-5d95e9b49d3d" testListId="8c84fa94-04c1-424b-9868-57a2d4851a1d" />
    <TestEntry testId="043e653c-51c1-1e91-2072-c6aa4ad8dfeb" executionId="a6fdca39-8840-4be2-a0fb-3ce87ea862c8" testListId="8c84fa94-04c1-424b-9868-57a2d4851a1d" />
    <TestEntry testId="4b6fecb5-59c1-ea5f-e98e-45127e9005f6" executionId="4dcbfed3-10d5-4352-9ac8-d9fd0283aa9e" testListId="8c84fa94-04c1-424b-9868-57a2d4851a1d" />
    <TestEntry testId="b6fde623-a6bd-ca8b-1185-e73065d6312e" executionId="4f3a3b6c-c4b9-479e-89e7-9ef8d40e103f" testListId="8c84fa94-04c1-424b-9868-57a2d4851a1d" />
    <TestEntry testId="ebac5c23-cf94-d057-1e07-261b56c40f5f" executionId="a5753eb1-c03f-4baf-a6a8-61edd4ad1eb4" testListId="8c84fa94-04c1-424b-9868-57a2d4851a1d" />
    <TestEntry testId="a414dc23-7c3d-099a-1001-11be32d85424" executionId="9a373173-bc82-4d06-b414-07a79fd0dbb1" testListId="8c84fa94-04c1-424b-9868-57a2d4851a1d" />
    <TestEntry testId="b7dfb3e8-2e47-78f3-b474-5d161942d69f" executionId="67d4d1cd-33aa-49bc-9f5d-3db3f12312ba" testListId="8c84fa94-04c1-424b-9868-57a2d4851a1d" />
    <TestEntry testId="138f94fd-09a3-ac1a-466f-d3cf0cc3562a" executionId="1c672f42-6659-4b41-a44d-aba2223af2c5" testListId="8c84fa94-04c1-424b-9868-57a2d4851a1d" />
    <TestEntry testId="d02f35d6-61fd-fd34-88f9-5255843d0782" executionId="b7e3a736-5150-4929-ab8f-f1f25516e1ae" testListId="8c84fa94-04c1-424b-9868-57a2d4851a1d" />
    <TestEntry testId="2106a4d7-5b05-e5c0-8033-860c82b0ad6a" executionId="b949ae74-50f2-456e-87aa-b7a8c0d24743" testListId="8c84fa94-04c1-424b-9868-57a2d4851a1d" />
    <TestEntry testId="3682e780-aa17-fe02-e0c3-3a38eee876d9" executionId="6738f6ba-eeb2-4249-a480-ad733c0ded92" testListId="8c84fa94-04c1-424b-9868-57a2d4851a1d" />
    <TestEntry testId="6e09ad1b-dc7a-2da6-6085-ead018e4d60b" executionId="ea75ad24-1358-4c86-9249-ea9639e1a8fe" testListId="8c84fa94-04c1-424b-9868-57a2d4851a1d" />
    <TestEntry testId="e2a3c11c-1944-c086-d9fe-0c8ab6c0a314" executionId="008372d7-0169-4b7d-bfc8-3a9c768debd9" testListId="8c84fa94-04c1-424b-9868-57a2d4851a1d" />
    <TestEntry testId="e722e3a9-2981-c54f-b874-d266f762bbea" executionId="dd645226-0d9e-4452-8b1f-e116b6fc9c96" testListId="8c84fa94-04c1-424b-9868-57a2d4851a1d" />
    <TestEntry testId="4e201780-8be5-36cf-a6cd-fc75ae04350d" executionId="daf29895-b953-4afe-bdce-bd2f7930eeb2" testListId="8c84fa94-04c1-424b-9868-57a2d4851a1d" />
    <TestEntry testId="ac48ab08-0586-5064-3572-983965e5b6b6" executionId="43255b82-d0d7-42da-8c49-4a2c3a2148f3" testListId="8c84fa94-04c1-424b-9868-57a2d4851a1d" />
    <TestEntry testId="b00af7f0-604c-fe77-ba1c-c7a5845e3353" executionId="5e16c00c-d3b6-48af-9b88-54364371170d" testListId="8c84fa94-04c1-424b-9868-57a2d4851a1d" />
    <TestEntry testId="d4e46870-eb38-895f-fa8d-62938fc8e119" executionId="bf4ff078-d11a-443e-a922-060ef763908a" testListId="8c84fa94-04c1-424b-9868-57a2d4851a1d" />
    <TestEntry testId="92ffac32-345b-b5fe-0330-df7f8960df1b" executionId="a9d9038c-331c-40c4-ac55-37a4ccd15c61" testListId="8c84fa94-04c1-424b-9868-57a2d4851a1d" />
    <TestEntry testId="708fbd07-d518-bb6a-de51-1d178c785f47" executionId="825d5e27-6e4b-4ad9-9d35-2328ce586be4" testListId="8c84fa94-04c1-424b-9868-57a2d4851a1d" />
    <TestEntry testId="079450ee-9c67-b58c-8699-2a3c056c36d2" executionId="5d621a6d-d32a-4489-9442-93819bdaa159" testListId="8c84fa94-04c1-424b-9868-57a2d4851a1d" />
    <TestEntry testId="68a0cb09-28c6-2900-d9b8-f1de6e183f62" executionId="01115037-901c-4cb1-bf11-a94e22456c32" testListId="8c84fa94-04c1-424b-9868-57a2d4851a1d" />
    <TestEntry testId="c2441b73-f50b-2134-daff-42ee09341afb" executionId="e418f1f0-d1c4-404d-a2fc-720141c784dc" testListId="8c84fa94-04c1-424b-9868-57a2d4851a1d" />
    <TestEntry testId="076479ee-f448-9ceb-4230-0072b1a0e768" executionId="11eb91fe-856a-4177-aa21-952a36871781" testListId="8c84fa94-04c1-424b-9868-57a2d4851a1d" />
    <TestEntry testId="aa968540-b42d-3b72-16d5-0bf3327fa8b4" executionId="4ea6050f-9ada-440a-8c48-65f1378fa891" testListId="8c84fa94-04c1-424b-9868-57a2d4851a1d" />
    <TestEntry testId="03a16989-cfc5-ab34-8c7c-ef90806b02a7" executionId="cbde11aa-b920-460b-b21a-ba6a77123b19" testListId="8c84fa94-04c1-424b-9868-57a2d4851a1d" />
    <TestEntry testId="e00615fe-3a8d-1512-20d9-8abe6916016f" executionId="106da2ad-749c-4063-8cc8-71959e66b9c6" testListId="8c84fa94-04c1-424b-9868-57a2d4851a1d" />
    <TestEntry testId="8db91f9d-1fce-7008-7fb4-f88012013950" executionId="2b7bf6ff-3354-442a-95f3-e823d7782446" testListId="8c84fa94-04c1-424b-9868-57a2d4851a1d" />
    <TestEntry testId="0f2fab4c-9ed0-8156-9134-b17ff014dc4a" executionId="a8a966db-4cc5-4250-b710-c83b84beede4" testListId="8c84fa94-04c1-424b-9868-57a2d4851a1d" />
    <TestEntry testId="4ca2f8f4-021b-5238-c299-1b1fb7ab3fab" executionId="f2f4fbb9-4596-4308-918e-cbd887d12768" testListId="8c84fa94-04c1-424b-9868-57a2d4851a1d" />
    <TestEntry testId="e16392e0-b74b-20a1-bfd8-cf04cd22dc42" executionId="fae5b850-14b1-4b16-aa09-0f84fe78caab" testListId="8c84fa94-04c1-424b-9868-57a2d4851a1d" />
    <TestEntry testId="57c51b3e-0bbc-373f-47ab-9b946ca10dfa" executionId="83094611-4643-4a2c-a131-3faeb7c564d0" testListId="8c84fa94-04c1-424b-9868-57a2d4851a1d" />
    <TestEntry testId="9fe32e3c-1f4e-e7ac-2652-a48159917634" executionId="4ed74a48-aaac-4065-b606-e2ad34112d82" testListId="8c84fa94-04c1-424b-9868-57a2d4851a1d" />
    <TestEntry testId="c6c12d45-27fb-4bdb-9c70-a3598bb5e949" executionId="61cadbae-cde0-4bf5-ba0b-e159f13c5e5c" testListId="8c84fa94-04c1-424b-9868-57a2d4851a1d" />
    <TestEntry testId="dd385b74-b0ce-69dd-5bae-8f3c49a74f34" executionId="83ac2276-6e60-4729-a11b-a08e9741449b" testListId="8c84fa94-04c1-424b-9868-57a2d4851a1d" />
    <TestEntry testId="e9db157d-7d85-2810-0c2d-91345491fde3" executionId="c55be118-bb76-4c20-bbf4-114766ffab5c" testListId="8c84fa94-04c1-424b-9868-57a2d4851a1d" />
    <TestEntry testId="0f2e137e-89bc-52a2-1336-1a186e7f8485" executionId="62b45e2b-1cf0-4f13-9366-7468a57a79c4" testListId="8c84fa94-04c1-424b-9868-57a2d4851a1d" />
    <TestEntry testId="a565b306-850e-b284-c6c4-6f49c2eabf91" executionId="5d51f50d-6c29-4dea-888e-bc84102ef25c" testListId="8c84fa94-04c1-424b-9868-57a2d4851a1d" />
    <TestEntry testId="478d0236-e1c2-77c9-69c0-a72f12637e60" executionId="d5b8a4c9-c8a9-48db-8ba5-001d7d5b3ca8" testListId="8c84fa94-04c1-424b-9868-57a2d4851a1d" />
    <TestEntry testId="cf838b6b-7995-4cd7-4849-142f7382a183" executionId="3c4dca64-37bc-4edb-ba41-54e8a95e64c4" testListId="8c84fa94-04c1-424b-9868-57a2d4851a1d" />
    <TestEntry testId="0110325c-27e3-3325-4a17-71d49ff6f036" executionId="3738864e-6d6d-4e4d-998b-5dbedcdc4141" testListId="8c84fa94-04c1-424b-9868-57a2d4851a1d" />
    <TestEntry testId="ed1d90ee-8339-654e-30f1-a3356e61f489" executionId="28a3de0b-f33c-4a12-83e0-dfe0ffa26045" testListId="8c84fa94-04c1-424b-9868-57a2d4851a1d" />
    <TestEntry testId="63f12d9f-b048-76b8-264d-b989df0bfbca" executionId="7bdf6bb0-9ac1-45ce-9a5e-5ce966943f9b" testListId="8c84fa94-04c1-424b-9868-57a2d4851a1d" />
    <TestEntry testId="e8f3b5b9-78ec-f897-d51a-a5d2a544c215" executionId="2e39c9cc-e002-4fb7-a4be-7e6045eb0739" testListId="8c84fa94-04c1-424b-9868-57a2d4851a1d" />
    <TestEntry testId="ee325437-e5fe-a792-f60f-ba53523f3b7b" executionId="1e62bfe6-4449-4339-bf31-1e7bf3dd33fa" testListId="8c84fa94-04c1-424b-9868-57a2d4851a1d" />
    <TestEntry testId="e81278a0-f697-84b0-67b1-ed0b5035a30c" executionId="91a49648-5aee-434d-90b6-6ff8acff1521" testListId="8c84fa94-04c1-424b-9868-57a2d4851a1d" />
    <TestEntry testId="71b3373f-dea8-3cfe-2919-2c270031d8d7" executionId="a8134380-ddfe-418c-af78-b0fe9764e693" testListId="8c84fa94-04c1-424b-9868-57a2d4851a1d" />
    <TestEntry testId="65173ca9-ca7a-eecb-f51e-664ba3987e33" executionId="4859a212-b2d9-4cf4-ac56-b0931eb43cff" testListId="8c84fa94-04c1-424b-9868-57a2d4851a1d" />
    <TestEntry testId="8dd7c6d4-048f-e61d-123a-5b91a453390c" executionId="99f3aa12-20a1-4d1b-a6f1-5833221ee670" testListId="8c84fa94-04c1-424b-9868-57a2d4851a1d" />
    <TestEntry testId="eccebb4b-dd86-ffbc-9874-555886a9ecd8" executionId="1b3928dc-1b6c-4d01-854c-54380e01fa2c" testListId="8c84fa94-04c1-424b-9868-57a2d4851a1d" />
    <TestEntry testId="32413933-4aac-e1ed-206e-cfe25722fe12" executionId="18806314-3a29-4e11-b468-3af423384df9" testListId="8c84fa94-04c1-424b-9868-57a2d4851a1d" />
    <TestEntry testId="0c50efac-b8b6-9fec-2121-593589ddcef1" executionId="cc3abceb-83ac-4a32-b575-46fabf529400" testListId="8c84fa94-04c1-424b-9868-57a2d4851a1d" />
    <TestEntry testId="f7b5e73d-d725-7d90-231b-5a2bdb3de4fe" executionId="ce08e81a-2d2d-494d-8858-ea7f2645599b" testListId="8c84fa94-04c1-424b-9868-57a2d4851a1d" />
    <TestEntry testId="68b8744b-0d04-5ccf-e59d-98d1006236e5" executionId="d6a7c010-4765-45a8-810c-f75b284cabff" testListId="8c84fa94-04c1-424b-9868-57a2d4851a1d" />
    <TestEntry testId="3166ce8a-6864-b5e2-c1c8-2bea9adde082" executionId="3837104d-0fb7-4fc6-82ef-def477026063" testListId="8c84fa94-04c1-424b-9868-57a2d4851a1d" />
    <TestEntry testId="0acd9aea-66db-23f1-2f4e-7c9500451a5d" executionId="35368b52-04f5-4d78-a53c-12fd985134c0" testListId="8c84fa94-04c1-424b-9868-57a2d4851a1d" />
    <TestEntry testId="8781c4e8-8f6b-fc4e-fad2-e4adb8260be9" executionId="e74313cc-97aa-4078-8ec0-2325de957938" testListId="8c84fa94-04c1-424b-9868-57a2d4851a1d" />
    <TestEntry testId="64d2c8ef-e8dc-d27f-690f-41ed527ac20a" executionId="3a690a7a-ab7b-4d94-b77a-1d60967ffc05" testListId="8c84fa94-04c1-424b-9868-57a2d4851a1d" />
    <TestEntry testId="d921760b-a454-9186-7ea4-4c5612e00344" executionId="00962d9f-9ff8-499e-8d69-a0e28e87aaf3" testListId="8c84fa94-04c1-424b-9868-57a2d4851a1d" />
    <TestEntry testId="6005aa8f-bfed-16e6-eb0c-0e72997b485a" executionId="63ed1fef-8c77-4e9e-b257-1cc6eddc0522" testListId="8c84fa94-04c1-424b-9868-57a2d4851a1d" />
    <TestEntry testId="d8157b41-29f4-4a55-1811-3e5273ac9071" executionId="c08000b1-7f6a-4b13-a00f-048a547f3afe" testListId="8c84fa94-04c1-424b-9868-57a2d4851a1d" />
    <TestEntry testId="8bf4ac3f-d50d-8962-2b87-11176401d4e7" executionId="636720b2-5076-413b-af0b-17640854ff28" testListId="8c84fa94-04c1-424b-9868-57a2d4851a1d" />
    <TestEntry testId="5fe6e33e-4c74-05bc-98e6-058910f0ab96" executionId="ab5b0b00-e7a2-46a9-a7fd-1d54dc918485" testListId="8c84fa94-04c1-424b-9868-57a2d4851a1d" />
    <TestEntry testId="7cef2a09-ed80-a76c-b595-1833aff59ca7" executionId="0b33a8a5-4c87-41ad-b4bb-30d0397b6eaa" testListId="8c84fa94-04c1-424b-9868-57a2d4851a1d" />
    <TestEntry testId="ef92f893-79c7-0d51-127f-8470ebdbc768" executionId="fbbac7ea-b9ec-41b8-ba3f-8216452e5d7b" testListId="8c84fa94-04c1-424b-9868-57a2d4851a1d" />
    <TestEntry testId="8ff6a0dd-30dd-b7ad-a8c3-0633bc0cf3f8" executionId="a8bc4e09-97aa-41c6-9252-0e94b1ba25bb" testListId="8c84fa94-04c1-424b-9868-57a2d4851a1d" />
    <TestEntry testId="af1a0be1-93c9-d922-1b83-a62e257edad1" executionId="e7a49460-0f8b-48c4-98b8-00cf19179b16" testListId="8c84fa94-04c1-424b-9868-57a2d4851a1d" />
    <TestEntry testId="47884aeb-7497-b6ff-3c54-8cf7d508053b" executionId="48f6d9f6-d65a-4b84-94f6-f787db088697" testListId="8c84fa94-04c1-424b-9868-57a2d4851a1d" />
    <TestEntry testId="9029e935-145d-d5fd-fae9-96c860349038" executionId="c605b62b-94be-45ec-90cf-da0cd552244f" testListId="8c84fa94-04c1-424b-9868-57a2d4851a1d" />
    <TestEntry testId="9029e935-145d-d5fd-fae9-96c860349038" executionId="03d0fc97-a390-4a51-9597-893fdbcde03f" testListId="8c84fa94-04c1-424b-9868-57a2d4851a1d" />
    <TestEntry testId="e7e1ec7e-8e1e-7f8d-e3da-59506c852ed4" executionId="cfa87c48-76c3-4f7c-8897-8c20fd950502" testListId="8c84fa94-04c1-424b-9868-57a2d4851a1d" />
    <TestEntry testId="c8fac7fa-4b08-7ff4-1155-d669516586fe" executionId="4ffff798-5f11-4ac7-b796-d9771cfd2a07" testListId="8c84fa94-04c1-424b-9868-57a2d4851a1d" />
    <TestEntry testId="228d20c3-db2d-4eb9-0c15-bbc7ab7ead20" executionId="cc45ee7e-215f-488f-904b-b60442c59c33" testListId="8c84fa94-04c1-424b-9868-57a2d4851a1d" />
    <TestEntry testId="65ef895f-879d-2d2d-7aa0-966d606f5376" executionId="71205967-5d34-4ab3-977a-0f5c0584fef6" testListId="8c84fa94-04c1-424b-9868-57a2d4851a1d" />
    <TestEntry testId="611c2ae8-85c7-442b-a5ec-d38ddebdb9be" executionId="886eb20b-7856-43e7-90e7-8bdeea380e25" testListId="8c84fa94-04c1-424b-9868-57a2d4851a1d" />
    <TestEntry testId="369c6e4e-5e84-29f7-23b9-0a90869fcac4" executionId="1d1b5c55-f54c-49a4-925b-38a642257806" testListId="8c84fa94-04c1-424b-9868-57a2d4851a1d" />
    <TestEntry testId="baa96bb4-9a62-b146-14d8-03dbee056087" executionId="c84a9883-0b69-4034-918a-447cbbef8825" testListId="8c84fa94-04c1-424b-9868-57a2d4851a1d" />
    <TestEntry testId="a2a3a958-6508-e929-6708-500cc4e3cc3a" executionId="43dbdfd5-d99f-42d0-a59a-be3ca18306e8" testListId="8c84fa94-04c1-424b-9868-57a2d4851a1d" />
    <TestEntry testId="6bd5f4c7-c179-311a-1fc1-8d1f4fd89099" executionId="44f1a18e-4de9-4c22-b9b1-4ded5d4a748f" testListId="8c84fa94-04c1-424b-9868-57a2d4851a1d" />
    <TestEntry testId="16850f24-a3f3-b035-b0b3-7c99490a9542" executionId="a7a76706-0e8f-4bf1-8c74-ce24fd4a88f7" testListId="8c84fa94-04c1-424b-9868-57a2d4851a1d" />
    <TestEntry testId="07e2d80c-1c7c-425d-45d2-9a4739a86a66" executionId="0221a33c-79f9-448e-a9cd-0781971a1a4f" testListId="8c84fa94-04c1-424b-9868-57a2d4851a1d" />
    <TestEntry testId="d697ec40-0cdc-2a97-6199-7cace147591a" executionId="7d88adc6-3e94-4fd0-abf5-415d90d015f0" testListId="8c84fa94-04c1-424b-9868-57a2d4851a1d" />
    <TestEntry testId="7d3b3df9-6c4c-813c-3fe6-820682e70bdf" executionId="bc7e8bb5-e716-4739-918d-c94a61d805b0" testListId="8c84fa94-04c1-424b-9868-57a2d4851a1d" />
    <TestEntry testId="fc1071f1-9dc8-3652-9848-fa70b1167397" executionId="a602b678-b2b6-4596-9f36-c3dec14d3065" testListId="8c84fa94-04c1-424b-9868-57a2d4851a1d" />
    <TestEntry testId="d8e86d95-613e-e989-d6c8-a98a3e38c1b2" executionId="2ab56fa6-b9af-46ec-94f2-041f89975a61" testListId="8c84fa94-04c1-424b-9868-57a2d4851a1d" />
    <TestEntry testId="b4acbf62-a814-6c5c-b0cb-e93db772efce" executionId="22f1d1bb-2a85-477a-9f5c-e04bbcc0adc9" testListId="8c84fa94-04c1-424b-9868-57a2d4851a1d" />
    <TestEntry testId="6bcb61d5-27f5-0fda-d895-8ea5b1245aab" executionId="7fabdd03-5816-486e-a86f-097eee321afb" testListId="8c84fa94-04c1-424b-9868-57a2d4851a1d" />
    <TestEntry testId="f680908c-3b4b-7b4d-7066-6e5fce7c0b27" executionId="b5501fd3-7b71-452f-9580-5527f59d9d3b" testListId="8c84fa94-04c1-424b-9868-57a2d4851a1d" />
    <TestEntry testId="917a5570-b519-84b9-98e6-e30d662a605f" executionId="e6b13a94-03ae-4798-94d6-72585aa5274e" testListId="8c84fa94-04c1-424b-9868-57a2d4851a1d" />
    <TestEntry testId="a64a4521-eb75-1b0e-49ca-196652940e73" executionId="30c7e352-f68b-441d-9b95-f52629d2512c" testListId="8c84fa94-04c1-424b-9868-57a2d4851a1d" />
    <TestEntry testId="51482505-ca37-9cd6-7636-ffa697390b81" executionId="5c462d96-b0b4-48c2-83f0-ce20635720d0" testListId="8c84fa94-04c1-424b-9868-57a2d4851a1d" />
    <TestEntry testId="0b4d5c4e-e489-765d-d3a8-0ce9513428a5" executionId="9b8f16bb-b410-4bdf-b292-921f627635e9" testListId="8c84fa94-04c1-424b-9868-57a2d4851a1d" />
    <TestEntry testId="d15a2abd-55c2-7d70-0462-a973f8ec2ac3" executionId="675de034-d94e-4080-b09f-fd4e18ea7a3d" testListId="8c84fa94-04c1-424b-9868-57a2d4851a1d" />
    <TestEntry testId="34490af8-d3d6-7a91-eac4-416d37c4c03b" executionId="36c3aad3-bea1-4e3f-8bdd-4645ffbfab0e" testListId="8c84fa94-04c1-424b-9868-57a2d4851a1d" />
    <TestEntry testId="ab6a68a4-df8c-0feb-73f0-3750600e7308" executionId="b778927d-f472-4b0e-b2a5-567490e6eb5d" testListId="8c84fa94-04c1-424b-9868-57a2d4851a1d" />
    <TestEntry testId="de27c998-c190-9d93-e424-7870d21a123c" executionId="7e08b7da-c1e5-45ce-a8f0-dd87cd8a26d0" testListId="8c84fa94-04c1-424b-9868-57a2d4851a1d" />
    <TestEntry testId="ff39d078-db32-05c4-cda1-a2362a7ad157" executionId="e85fde29-551f-4375-b52b-9e4ab8ac50f6" testListId="8c84fa94-04c1-424b-9868-57a2d4851a1d" />
    <TestEntry testId="9a8b0630-7fe0-b955-d569-785b1cb3be21" executionId="da2e71d3-1826-4213-9d23-84492462c193" testListId="8c84fa94-04c1-424b-9868-57a2d4851a1d" />
    <TestEntry testId="7b5ff511-526b-7adf-f4f4-c89931ab0b4e" executionId="6d721505-9422-4d35-a16a-d95d984e2189" testListId="8c84fa94-04c1-424b-9868-57a2d4851a1d" />
    <TestEntry testId="e886f146-563d-6db0-f755-1724a8f2f2c8" executionId="e217f056-29d2-4986-a52f-fb6bf06ca5a3" testListId="8c84fa94-04c1-424b-9868-57a2d4851a1d" />
    <TestEntry testId="f4957e0d-8b3e-6f39-d235-00a44690d337" executionId="1c21da73-b4d3-4533-983d-ada858b00c5a" testListId="8c84fa94-04c1-424b-9868-57a2d4851a1d" />
    <TestEntry testId="13a4d90a-2e75-f52a-90e5-614716c51196" executionId="73144861-4dfa-449a-9814-0a847ef0091a" testListId="8c84fa94-04c1-424b-9868-57a2d4851a1d" />
    <TestEntry testId="4b4d5e86-475e-c148-8766-115d68041442" executionId="1d40af0f-b36e-4b63-918d-d70fb7147de4" testListId="8c84fa94-04c1-424b-9868-57a2d4851a1d" />
    <TestEntry testId="7e7082ae-fc95-11b5-f109-06c5d9d16b4c" executionId="468b5b73-01aa-430e-9bab-ec550dc246b5" testListId="8c84fa94-04c1-424b-9868-57a2d4851a1d" />
    <TestEntry testId="195570df-9817-b542-b94a-a76463a05b14" executionId="94d45398-1014-41fa-baaf-8821e179d703" testListId="8c84fa94-04c1-424b-9868-57a2d4851a1d" />
    <TestEntry testId="584617a4-8322-97bf-2a6c-744ce8c991ef" executionId="f4a640ef-6454-44df-be43-b1537a49b329" testListId="8c84fa94-04c1-424b-9868-57a2d4851a1d" />
    <TestEntry testId="3b017c71-375f-442c-f7b3-12802f145c64" executionId="405317cf-218a-4b25-a615-31a5698822b9" testListId="8c84fa94-04c1-424b-9868-57a2d4851a1d" />
    <TestEntry testId="fe6f2295-84a6-bdea-0225-d326e31ab62b" executionId="0610b2c3-9394-4e96-a8a8-c0394bcd4a68" testListId="8c84fa94-04c1-424b-9868-57a2d4851a1d" />
    <TestEntry testId="c30ded44-b30e-59c8-d179-eddc682c6ef5" executionId="1ec9fbfc-66d8-47d2-966f-7416f3ef297e" testListId="8c84fa94-04c1-424b-9868-57a2d4851a1d" />
    <TestEntry testId="df434b1a-bd33-b3a0-035c-8fb9149eaa0e" executionId="4ab9ae69-9310-4220-96b5-2b349b83aa2f" testListId="8c84fa94-04c1-424b-9868-57a2d4851a1d" />
    <TestEntry testId="ac29b4b5-8534-78d0-60ee-ce2fc38c2fe4" executionId="35cb9049-964a-48b2-808b-a488a4f52949" testListId="8c84fa94-04c1-424b-9868-57a2d4851a1d" />
    <TestEntry testId="c28e213e-317a-4527-5d0b-e1f50d0ea576" executionId="a709551c-de0c-4e56-9387-30ab8c3706f8" testListId="8c84fa94-04c1-424b-9868-57a2d4851a1d" />
    <TestEntry testId="3e265c80-d18d-ffa2-733c-86a2e1bcbc61" executionId="bf5b29ac-9417-40b0-a09c-719d07178cf5" testListId="8c84fa94-04c1-424b-9868-57a2d4851a1d" />
    <TestEntry testId="24c926a6-ee97-c276-700e-e9cf4f4112ef" executionId="f9c515b4-f9dd-40ba-9f6d-48392a436e56" testListId="8c84fa94-04c1-424b-9868-57a2d4851a1d" />
    <TestEntry testId="ca442d25-1d56-7ce4-2a08-3c581c8826e1" executionId="0e08a90a-74a3-4ad0-9640-21185eaa22f0" testListId="8c84fa94-04c1-424b-9868-57a2d4851a1d" />
    <TestEntry testId="6a53a4fc-af98-30a6-3b55-6aeeac9be0be" executionId="179c1720-0d16-4d95-afc2-0185f9cad8c9" testListId="8c84fa94-04c1-424b-9868-57a2d4851a1d" />
    <TestEntry testId="04268900-3302-a699-5943-bbf486b565e8" executionId="f55b1d24-1f5d-4b38-b10c-42c580771a23" testListId="8c84fa94-04c1-424b-9868-57a2d4851a1d" />
    <TestEntry testId="187ee319-c305-31ec-cc6d-df00e81417f3" executionId="87724c84-4b34-42ed-ba45-a129fc5f41c4" testListId="8c84fa94-04c1-424b-9868-57a2d4851a1d" />
    <TestEntry testId="87b58032-586b-2c99-8416-71ae0f8434e1" executionId="65aa9c1c-8cb5-45a0-ba91-21c16e6bcfa4" testListId="8c84fa94-04c1-424b-9868-57a2d4851a1d" />
    <TestEntry testId="403a78e4-c46e-adcb-e74a-7da90bcef733" executionId="d2028e16-a407-4f51-89be-061bc8848130" testListId="8c84fa94-04c1-424b-9868-57a2d4851a1d" />
    <TestEntry testId="89684484-4d0f-00a8-989b-9cbdfecf3e30" executionId="a0216aab-4175-4d5f-9ac9-9e748821bd3f" testListId="8c84fa94-04c1-424b-9868-57a2d4851a1d" />
    <TestEntry testId="e998f77e-77b2-7e10-d8db-3813eb8031aa" executionId="b602603b-3175-45e0-9822-693dd14bb187" testListId="8c84fa94-04c1-424b-9868-57a2d4851a1d" />
    <TestEntry testId="69439449-9ebe-29e2-c62e-065951471c5d" executionId="49853cfa-6edc-4502-9d4f-292f34e59435" testListId="8c84fa94-04c1-424b-9868-57a2d4851a1d" />
    <TestEntry testId="bc479aff-5943-50ba-916d-4ef25a516c49" executionId="e7f086af-3b47-48b4-a1f8-bd6a37920f36" testListId="8c84fa94-04c1-424b-9868-57a2d4851a1d" />
    <TestEntry testId="b00294e4-8686-0263-7a25-105dca27e462" executionId="b9a5a9a2-dbfd-4a4c-a706-6fcbeea41e3b" testListId="8c84fa94-04c1-424b-9868-57a2d4851a1d" />
    <TestEntry testId="61320e3d-b3bf-23f6-1c7c-0aea9f2fda01" executionId="f73221dc-0b08-4340-8bb8-d16fc0d112d5" testListId="8c84fa94-04c1-424b-9868-57a2d4851a1d" />
    <TestEntry testId="c15ffa78-e595-57a3-d2fc-5e6f27b46541" executionId="02bc3a43-b684-47d1-a78f-7f6df01c093a" testListId="8c84fa94-04c1-424b-9868-57a2d4851a1d" />
    <TestEntry testId="bfa2e036-0b0c-2621-93e6-fae23f6d7c6d" executionId="9e887928-2034-4ac0-9ce8-8620d88e881b" testListId="8c84fa94-04c1-424b-9868-57a2d4851a1d" />
    <TestEntry testId="4b7dc18b-d6d1-94cf-67c8-cfdd48ab9288" executionId="1a520b0e-7159-4699-b771-6877cd50c3db" testListId="8c84fa94-04c1-424b-9868-57a2d4851a1d" />
    <TestEntry testId="af2fff69-ede4-2bff-61e9-6a132589f2de" executionId="f744269d-3123-4c9a-98c4-53cb60bad700" testListId="8c84fa94-04c1-424b-9868-57a2d4851a1d" />
    <TestEntry testId="361cc772-0d75-885b-698f-f995fb066fc5" executionId="c5a3f2b6-d2f1-4f57-b678-9abc0906150a" testListId="8c84fa94-04c1-424b-9868-57a2d4851a1d" />
    <TestEntry testId="d90a523b-e1ac-2a8a-dd1a-2b2e05a4e8cb" executionId="63773d0a-aea8-463e-9905-fa36b1efb669" testListId="8c84fa94-04c1-424b-9868-57a2d4851a1d" />
    <TestEntry testId="f6638888-72f9-3abc-824d-07e5504a43a5" executionId="56b3e97e-77b2-4d95-96eb-e743e284785f" testListId="8c84fa94-04c1-424b-9868-57a2d4851a1d" />
    <TestEntry testId="1b048c4f-8dd0-574f-1458-26bf1df29b58" executionId="61c9fb4b-5507-4964-8266-c286851399b2" testListId="8c84fa94-04c1-424b-9868-57a2d4851a1d" />
    <TestEntry testId="47ac3dda-7749-2f44-950d-c0fd39257f55" executionId="4ed624b1-e472-43ec-b43b-a6d89fdd3e82" testListId="8c84fa94-04c1-424b-9868-57a2d4851a1d" />
    <TestEntry testId="5e38d847-a6e1-c044-80d4-91e6d7b293f2" executionId="faacf10e-a581-4ff4-800c-d385310ffc38" testListId="8c84fa94-04c1-424b-9868-57a2d4851a1d" />
    <TestEntry testId="628ededf-b510-91fa-7712-c59b72f0952a" executionId="cbc8728d-b103-4efb-8c46-9dd042746d81" testListId="8c84fa94-04c1-424b-9868-57a2d4851a1d" />
    <TestEntry testId="671ee35e-217f-e976-440a-afae3aff818a" executionId="e89b81bc-a8a5-4a43-a8e9-4d55e523a091" testListId="8c84fa94-04c1-424b-9868-57a2d4851a1d" />
    <TestEntry testId="fd462d91-75b7-b364-0ac2-28f926aa5acd" executionId="1cc059c3-2313-47c3-ba9e-60501e2094f4" testListId="8c84fa94-04c1-424b-9868-57a2d4851a1d" />
    <TestEntry testId="aa47cc05-cff7-e883-f784-0ec23d2be9d9" executionId="f5bebc43-321c-4d9b-b0ee-2ebbc36abd4b" testListId="8c84fa94-04c1-424b-9868-57a2d4851a1d" />
    <TestEntry testId="025863ce-ac84-e56c-d6b6-947b70b4b25d" executionId="2140182a-dea4-4c6e-b8ff-2eca09eb2697" testListId="8c84fa94-04c1-424b-9868-57a2d4851a1d" />
    <TestEntry testId="6847ebb6-e732-c391-be2d-0bdf0abaf563" executionId="06cf1ac2-7c95-4548-98e2-05dd4b7ea5ed" testListId="8c84fa94-04c1-424b-9868-57a2d4851a1d" />
    <TestEntry testId="a4ca9f4d-7da9-49ee-3144-e59fceacf949" executionId="4d739aa8-ef60-4ebc-a07a-74eb87f6bf93" testListId="8c84fa94-04c1-424b-9868-57a2d4851a1d" />
    <TestEntry testId="00898047-0053-d119-5ff1-919a14dc0313" executionId="778d1cea-85fe-4aa3-a6a7-389b225279eb" testListId="8c84fa94-04c1-424b-9868-57a2d4851a1d" />
    <TestEntry testId="701d42cf-3ef2-9e45-4405-09554e002cc2" executionId="c2a19fb3-0b8f-4ba8-88ab-7b25316798c1" testListId="8c84fa94-04c1-424b-9868-57a2d4851a1d" />
    <TestEntry testId="575a32bf-8dea-b537-a592-8290f971bf09" executionId="effef1f0-530d-44bf-bca4-5afe11fcdc30" testListId="8c84fa94-04c1-424b-9868-57a2d4851a1d" />
    <TestEntry testId="5bb54e26-c71e-f619-e4ab-387584c60929" executionId="53434599-9224-4108-b590-984bd8948218" testListId="8c84fa94-04c1-424b-9868-57a2d4851a1d" />
    <TestEntry testId="117fa8ef-1259-0f08-beca-cde4c7f00c30" executionId="337b6cac-5ae3-4e48-a6a0-30e3a86ed57b" testListId="8c84fa94-04c1-424b-9868-57a2d4851a1d" />
    <TestEntry testId="e2e868a3-fc1a-6808-398b-537acaa38f26" executionId="e182d49e-2d25-450b-bdf9-07b4a16cc85c" testListId="8c84fa94-04c1-424b-9868-57a2d4851a1d" />
    <TestEntry testId="05b0f889-f616-ccc3-759c-b71fe45243ee" executionId="594f420b-4bc6-45a5-ad9b-6a684f080cf6" testListId="8c84fa94-04c1-424b-9868-57a2d4851a1d" />
    <TestEntry testId="c9e65ace-67e8-aaf0-227a-cc6ee9b8878a" executionId="66e36d82-3719-4a8c-b077-2980b65e03f6" testListId="8c84fa94-04c1-424b-9868-57a2d4851a1d" />
    <TestEntry testId="96abbcdd-783c-a6e6-4e38-7f3dc42ebf4f" executionId="6dfeb023-77a1-4e30-a583-1736cbe6fbc4" testListId="8c84fa94-04c1-424b-9868-57a2d4851a1d" />
    <TestEntry testId="f7a4182b-ffd3-38f8-408e-5d4264f4f5e8" executionId="1e582a68-50f5-4bce-8591-3d5f869daf9f" testListId="8c84fa94-04c1-424b-9868-57a2d4851a1d" />
    <TestEntry testId="8b0909b5-769b-12ea-d91a-88a0ad4a6e48" executionId="2204cde3-8d0f-4714-affb-507e0ee096f2" testListId="8c84fa94-04c1-424b-9868-57a2d4851a1d" />
    <TestEntry testId="ee6192d4-4913-e5e7-42dd-becf117dbb37" executionId="915cac06-0fa1-44db-9377-10668e827882" testListId="8c84fa94-04c1-424b-9868-57a2d4851a1d" />
    <TestEntry testId="b9fc609a-8ca2-2be6-d0e9-1319545fa745" executionId="d2be6006-49e2-46bd-92ed-50e47b4c5876" testListId="8c84fa94-04c1-424b-9868-57a2d4851a1d" />
    <TestEntry testId="f7e9fd32-cda0-b4a7-03c5-d4f85abad026" executionId="a6ee70b8-9b34-4a56-bb72-71080db0342c" testListId="8c84fa94-04c1-424b-9868-57a2d4851a1d" />
    <TestEntry testId="135e5704-6a7d-41be-b6f0-09a10aa88b3e" executionId="2f322dd7-8206-409b-a6ba-2e8920541fcd" testListId="8c84fa94-04c1-424b-9868-57a2d4851a1d" />
    <TestEntry testId="a65d3f02-ca6d-a89f-9465-6c592d8f6d71" executionId="50fe67f8-d023-4d57-935a-4c5ef8d5846d" testListId="8c84fa94-04c1-424b-9868-57a2d4851a1d" />
    <TestEntry testId="e38866b9-8332-5f7b-d7b8-fb3e9c3d9029" executionId="9923ddd8-5f69-4a23-a860-18650ae6d395" testListId="8c84fa94-04c1-424b-9868-57a2d4851a1d" />
    <TestEntry testId="2e98d886-c9c5-7fb8-f647-7bfb037cf4a5" executionId="b81b35a3-d11f-47fa-9f98-872455303f8d" testListId="8c84fa94-04c1-424b-9868-57a2d4851a1d" />
    <TestEntry testId="9588ac24-d5e4-191a-112a-c7b4e16b7a61" executionId="0368eab6-f7a7-48da-a49e-f7da5fc4318a" testListId="8c84fa94-04c1-424b-9868-57a2d4851a1d" />
    <TestEntry testId="846a9eb5-5d29-1fe6-2752-1629db0ce419" executionId="e75d1ecf-5c1b-4749-8d1a-9354e7fb4d9e" testListId="8c84fa94-04c1-424b-9868-57a2d4851a1d" />
    <TestEntry testId="1ae4eff8-6b2f-6b05-41a0-15eb97967c7f" executionId="d21055f4-9a78-4f7d-bac5-0ca88602a926" testListId="8c84fa94-04c1-424b-9868-57a2d4851a1d" />
    <TestEntry testId="5fd3f98c-c6c1-c9ae-ace1-6e51d9ce104b" executionId="748c8e0f-de1c-4925-8fd7-77781e3fee7d" testListId="8c84fa94-04c1-424b-9868-57a2d4851a1d" />
    <TestEntry testId="d7aebc88-d17a-4418-cff4-f3007ce02d1e" executionId="7acedca3-b3e1-48a8-a56f-8c10b6e92f70" testListId="8c84fa94-04c1-424b-9868-57a2d4851a1d" />
    <TestEntry testId="e692b3e0-3f04-ab27-9ec5-4a69402a8875" executionId="46d46822-81c1-4155-9830-efcb9d8b90e7" testListId="8c84fa94-04c1-424b-9868-57a2d4851a1d" />
    <TestEntry testId="75b7a6d2-cb73-668d-0435-045642c36b2f" executionId="6638ff78-490b-4fe0-865a-471836c32b5a" testListId="8c84fa94-04c1-424b-9868-57a2d4851a1d" />
    <TestEntry testId="178f613b-e8c8-b623-2c5d-08d78665b8c9" executionId="f7489c8a-c9cf-43cc-a13a-a9fa60ded9b5" testListId="8c84fa94-04c1-424b-9868-57a2d4851a1d" />
    <TestEntry testId="6bb54fbb-dfac-5d0a-56dc-de94512d7ee7" executionId="fb6435b4-2924-4ccc-a7a4-31cd98c4a652" testListId="8c84fa94-04c1-424b-9868-57a2d4851a1d" />
    <TestEntry testId="88adc3c3-8805-8765-8e54-e11a02ee63c8" executionId="f8e63450-172c-46a0-9c56-2a69eb9ea084" testListId="8c84fa94-04c1-424b-9868-57a2d4851a1d" />
    <TestEntry testId="91bb0037-7fe2-0981-dce5-8270b853ee50" executionId="5e08511a-d004-40e9-b313-66a786afa564" testListId="8c84fa94-04c1-424b-9868-57a2d4851a1d" />
    <TestEntry testId="fe450cea-9ffb-3719-460a-cf60fe446421" executionId="2cdc605e-52f5-40b8-b546-0410b3648b44" testListId="8c84fa94-04c1-424b-9868-57a2d4851a1d" />
    <TestEntry testId="e518f34f-e56a-1614-f28f-2cc87eda4412" executionId="b31a9365-aea6-4e52-92ae-f28dc4d003eb" testListId="8c84fa94-04c1-424b-9868-57a2d4851a1d" />
    <TestEntry testId="87ce29ae-fa70-7faa-19b8-94e3041ec68c" executionId="133274d5-4074-43d8-afea-ee28346f09f1" testListId="8c84fa94-04c1-424b-9868-57a2d4851a1d" />
    <TestEntry testId="800f9645-615e-ad0a-a2cb-53e0d1e48385" executionId="e47095ef-2053-47a3-a7cd-206068a11f7e" testListId="8c84fa94-04c1-424b-9868-57a2d4851a1d" />
    <TestEntry testId="14807a36-cb4f-9f35-8679-aa8746cf4c38" executionId="82f8b2e7-64f1-4d91-8a83-bbd7f381837f" testListId="8c84fa94-04c1-424b-9868-57a2d4851a1d" />
    <TestEntry testId="6dc834ce-7990-c21f-5442-e578c180d56f" executionId="35044a3a-9e60-4551-92a9-31640b07b40c" testListId="8c84fa94-04c1-424b-9868-57a2d4851a1d" />
    <TestEntry testId="ae7f298e-edeb-46f5-3d43-4270f80b5ca8" executionId="57f54412-6925-4727-95da-5211e3429b6c" testListId="8c84fa94-04c1-424b-9868-57a2d4851a1d" />
    <TestEntry testId="332d7c0b-99e9-8913-1359-6d2df137b355" executionId="ff168afa-dea0-49e0-afd2-c5af23bc4098" testListId="8c84fa94-04c1-424b-9868-57a2d4851a1d" />
    <TestEntry testId="75abe4ea-20eb-3ee5-eee8-f4f3f43cc779" executionId="6cb0d0a6-9edc-4044-a14a-ba6c9f9f7d3c" testListId="8c84fa94-04c1-424b-9868-57a2d4851a1d" />
    <TestEntry testId="0a4e5b36-6578-df3d-cfd2-3d6ee660820a" executionId="ead540f1-5999-4d87-b742-a83fd19cb1d4" testListId="8c84fa94-04c1-424b-9868-57a2d4851a1d" />
    <TestEntry testId="a5317ab4-d180-d0ab-5f5b-a18f8fb41f6e" executionId="dc7613b6-4a69-4e4c-981d-63ebf1f9e10b" testListId="8c84fa94-04c1-424b-9868-57a2d4851a1d" />
    <TestEntry testId="6ebc1c3a-7886-6ea1-878f-b64af57e9527" executionId="996e9dea-a796-4a60-a6fb-7e588feeeea9" testListId="8c84fa94-04c1-424b-9868-57a2d4851a1d" />
    <TestEntry testId="b39b8640-a4cc-96cc-891a-64310b2030c3" executionId="78372f90-eff0-4bad-aeb6-55ce3c7c6377" testListId="8c84fa94-04c1-424b-9868-57a2d4851a1d" />
    <TestEntry testId="82581c83-f8ac-d2d4-2282-bfb72f7ace78" executionId="bf98bfcf-5388-4086-8b86-3cc4d29d3d8f" testListId="8c84fa94-04c1-424b-9868-57a2d4851a1d" />
    <TestEntry testId="9029e935-145d-d5fd-fae9-96c860349038" executionId="ce05d5be-def1-4cae-857d-88506c9cedec" testListId="8c84fa94-04c1-424b-9868-57a2d4851a1d" />
    <TestEntry testId="67dea1b0-7e98-e001-6bf4-02f00add95c5" executionId="ff5c1d4b-eb15-415d-a747-089db110b523" testListId="8c84fa94-04c1-424b-9868-57a2d4851a1d" />
    <TestEntry testId="7a648730-a880-ab42-6524-73337b3605fc" executionId="6e0c271f-0882-4daa-a47b-1009912e3836" testListId="8c84fa94-04c1-424b-9868-57a2d4851a1d" />
    <TestEntry testId="00f3f438-e702-19f0-4f30-bd3e4320eea7" executionId="cbde52d4-9ea1-4e9b-8a33-61c608225bc5" testListId="8c84fa94-04c1-424b-9868-57a2d4851a1d" />
    <TestEntry testId="9029e935-145d-d5fd-fae9-96c860349038" executionId="74504396-0d47-46af-afc4-eef4cd8ee34b" testListId="8c84fa94-04c1-424b-9868-57a2d4851a1d" />
    <TestEntry testId="0fea2cc1-51cc-e0fa-152a-f6a58ad22a37" executionId="21222852-1083-4f92-ba3b-a275fbc11e9e" testListId="8c84fa94-04c1-424b-9868-57a2d4851a1d" />
    <TestEntry testId="b063cbf8-fbea-b941-bdb6-591483cd4018" executionId="36c03149-f753-4354-bcb3-0b249e3d6d6f" testListId="8c84fa94-04c1-424b-9868-57a2d4851a1d" />
    <TestEntry testId="866f7855-bb2c-7de3-0df1-014de8905cab" executionId="c96e9b83-d522-4c98-96a9-ed4dfe9d34c5" testListId="8c84fa94-04c1-424b-9868-57a2d4851a1d" />
    <TestEntry testId="49c08253-b1e4-f17b-bbba-a7e45be6cbd0" executionId="2962fb53-31bc-406b-ab57-8507e2476b80" testListId="8c84fa94-04c1-424b-9868-57a2d4851a1d" />
    <TestEntry testId="45bd735f-7812-dc55-613d-6b72234baad1" executionId="ade1a309-0ed7-4480-a4f4-391536d2444d" testListId="8c84fa94-04c1-424b-9868-57a2d4851a1d" />
    <TestEntry testId="65b86002-200e-c55e-a53f-146aec337152" executionId="d379fb63-7477-4d29-9d55-59a09211ff6d" testListId="8c84fa94-04c1-424b-9868-57a2d4851a1d" />
    <TestEntry testId="cf2bce97-0784-515c-e2f5-b39bb123cf9f" executionId="ebd78c5c-cab3-4219-b5f0-409d89b63c34" testListId="8c84fa94-04c1-424b-9868-57a2d4851a1d" />
    <TestEntry testId="2e48f727-377d-16c5-c400-f5ba4ec6882c" executionId="740d7b16-91a8-435f-91cd-08df83d91322" testListId="8c84fa94-04c1-424b-9868-57a2d4851a1d" />
    <TestEntry testId="91ccec24-6878-75d9-83f5-29ad2ed9f604" executionId="3a9d5672-2a78-4db2-ac6a-ccceb7aea346" testListId="8c84fa94-04c1-424b-9868-57a2d4851a1d" />
    <TestEntry testId="fcff554d-34c8-97ff-ebce-88a9ec7d660a" executionId="5aeaa314-5c4d-4a09-b8ff-37f0a31b27c2" testListId="8c84fa94-04c1-424b-9868-57a2d4851a1d" />
    <TestEntry testId="7e7d56df-e811-fb96-c231-b34d18240573" executionId="4a3538ec-c751-4006-9da3-17ba36299d94" testListId="8c84fa94-04c1-424b-9868-57a2d4851a1d" />
    <TestEntry testId="4e54cb2c-d65b-9738-63c7-b5798acdd38c" executionId="c0f1d153-d06b-4c1b-a3e8-6001c032be49" testListId="8c84fa94-04c1-424b-9868-57a2d4851a1d" />
    <TestEntry testId="a6aa36e2-697d-2507-2a34-be6ba6cdbea9" executionId="2e021f06-5886-4afe-bb30-03e227a62239" testListId="8c84fa94-04c1-424b-9868-57a2d4851a1d" />
    <TestEntry testId="d5380333-0029-a673-b16f-5047c88c70d6" executionId="cfebe4f3-53db-4fc1-8ff9-65532a5117c6" testListId="8c84fa94-04c1-424b-9868-57a2d4851a1d" />
    <TestEntry testId="ffa5f9ad-66df-b9a8-3ecf-eff774a0ebee" executionId="d0262a73-d693-453d-9a8a-feda22c10d54" testListId="8c84fa94-04c1-424b-9868-57a2d4851a1d" />
    <TestEntry testId="84d62aca-a413-46a5-c8ba-3602e6cd8798" executionId="4dd4ae16-e6a7-4bae-a659-99598b3f9a5f" testListId="8c84fa94-04c1-424b-9868-57a2d4851a1d" />
    <TestEntry testId="59a60e54-e35c-c435-6281-92cda5ac809d" executionId="ff94b433-18b0-4efe-a9d2-5b1ff19af601" testListId="8c84fa94-04c1-424b-9868-57a2d4851a1d" />
    <TestEntry testId="454652c1-c285-915f-adae-d89d6726087e" executionId="ce62802d-6e20-43e7-a775-d0286d05ebd1" testListId="8c84fa94-04c1-424b-9868-57a2d4851a1d" />
    <TestEntry testId="8019e7cd-2b2b-285d-fe92-717617455fd4" executionId="6c0570a9-74fe-4ef5-8a25-da6710389653" testListId="8c84fa94-04c1-424b-9868-57a2d4851a1d" />
    <TestEntry testId="0a4e5b36-6578-df3d-cfd2-3d6ee660820a" executionId="abe06b6c-2720-473b-a917-1e8cd28681f5" testListId="8c84fa94-04c1-424b-9868-57a2d4851a1d" />
    <TestEntry testId="a3b47612-c41f-b6f9-cd26-71a4607bc51d" executionId="fe2f5202-3c1f-4cc4-88a3-7241da7dad20" testListId="8c84fa94-04c1-424b-9868-57a2d4851a1d" />
    <TestEntry testId="9029e935-145d-d5fd-fae9-96c860349038" executionId="8a7132c4-9522-43ab-b961-66ebd338e4e4" testListId="8c84fa94-04c1-424b-9868-57a2d4851a1d" />
    <TestEntry testId="24de239e-634e-94d1-f05a-2dd6d4c77c91" executionId="e6d20f15-49e8-4548-9143-3480c891cdbc" testListId="8c84fa94-04c1-424b-9868-57a2d4851a1d" />
    <TestEntry testId="f2392ab0-78ba-8d94-1e9f-3ff53d3d1da4" executionId="6eae1b52-47f3-4a04-90c4-911918005f01" testListId="8c84fa94-04c1-424b-9868-57a2d4851a1d" />
    <TestEntry testId="9091bca7-c5dc-fba1-fee5-e99fb48d96dc" executionId="c8ae0f28-23ce-4821-8896-e4d144276dd7" testListId="8c84fa94-04c1-424b-9868-57a2d4851a1d" />
    <TestEntry testId="113f0a6f-863e-d128-89b6-fd830e00edfd" executionId="cbc311da-abc8-4ad2-bf39-ed79e8c3b141" testListId="8c84fa94-04c1-424b-9868-57a2d4851a1d" />
    <TestEntry testId="0aa70671-374f-7770-8a94-a9ce6a48572f" executionId="53ad2091-800b-46e2-bcbb-b93c2f7a49e5" testListId="8c84fa94-04c1-424b-9868-57a2d4851a1d" />
    <TestEntry testId="4c079a3c-32b1-18a2-0888-498e65e1e695" executionId="cafd3cfe-3c59-4dd8-92e6-709764ba40c9" testListId="8c84fa94-04c1-424b-9868-57a2d4851a1d" />
    <TestEntry testId="40975595-da4a-f761-4446-28adcce54b50" executionId="8c4038a8-7cba-4d7d-b5b8-6b957ca722ad" testListId="8c84fa94-04c1-424b-9868-57a2d4851a1d" />
    <TestEntry testId="1cdbc1c1-e214-17d8-9ab0-1390398a8948" executionId="2cd4270d-01b9-4703-8acd-4a6e5cc9b3ac" testListId="8c84fa94-04c1-424b-9868-57a2d4851a1d" />
    <TestEntry testId="9cc6be48-d93e-7fa9-ac2d-151cc03c3ec0" executionId="447ce459-8f1e-4997-a113-75dfe7caceb0" testListId="8c84fa94-04c1-424b-9868-57a2d4851a1d" />
    <TestEntry testId="ec512750-1b3e-ee37-48da-474be022f3c4" executionId="24f169eb-383c-4317-b21f-0805226ffcd7" testListId="8c84fa94-04c1-424b-9868-57a2d4851a1d" />
    <TestEntry testId="0ba8e521-cdf8-1d32-c711-88b35489e15b" executionId="66108b25-32f0-4526-a4fa-a972e3b0a834" testListId="8c84fa94-04c1-424b-9868-57a2d4851a1d" />
    <TestEntry testId="2960add4-9952-f70d-dcad-c47d9da5fd58" executionId="cf3ab069-660d-4a30-9c4a-1e18f66f18e5" testListId="8c84fa94-04c1-424b-9868-57a2d4851a1d" />
    <TestEntry testId="a2a9cc5c-ea62-0899-d27a-81da48bb47d1" executionId="c28c3f28-8c41-4cc2-a5d2-79563c9b23f7" testListId="8c84fa94-04c1-424b-9868-57a2d4851a1d" />
    <TestEntry testId="1d30d716-63ba-8629-37de-621fcc2f5f57" executionId="9756db11-855d-4033-9816-56ad8f461adb" testListId="8c84fa94-04c1-424b-9868-57a2d4851a1d" />
    <TestEntry testId="56ff3fa9-0890-e06e-62f8-d4c54f830dfc" executionId="bc6ede63-00b5-4e93-a649-5c41bf3ff65e" testListId="8c84fa94-04c1-424b-9868-57a2d4851a1d" />
    <TestEntry testId="73ba8d8b-63f0-7559-fdd9-22c8ccb33146" executionId="e3cfaf66-23b9-461e-b54c-6d107707f4e7" testListId="8c84fa94-04c1-424b-9868-57a2d4851a1d" />
    <TestEntry testId="873b07ed-167b-fa39-bd63-4c1afd4d93c5" executionId="9b8450f6-487d-4883-93dd-b7bdb7a08b8d" testListId="8c84fa94-04c1-424b-9868-57a2d4851a1d" />
    <TestEntry testId="f27b2734-7e6c-c464-7643-e40625bfd46a" executionId="7adce16a-7b1f-4eab-87ae-aa622e88df0d" testListId="8c84fa94-04c1-424b-9868-57a2d4851a1d" />
    <TestEntry testId="53185803-f30d-3a94-55f9-276f689abca4" executionId="3e83b774-ac1f-484c-9ea2-eec5c1df49e8" testListId="8c84fa94-04c1-424b-9868-57a2d4851a1d" />
    <TestEntry testId="4a1a72a9-3748-b54f-9812-2fd52873801b" executionId="a4c5745b-a99a-4185-9828-c397f6ad9c5d" testListId="8c84fa94-04c1-424b-9868-57a2d4851a1d" />
    <TestEntry testId="a27dcab4-fe50-bb56-8a65-057bfb64a1f4" executionId="f12d8156-37d8-42a8-866d-8a034808cef8" testListId="8c84fa94-04c1-424b-9868-57a2d4851a1d" />
    <TestEntry testId="d64e21f7-4ea3-a5fe-a361-c369ca14a84e" executionId="e6e1e61f-a133-4f50-a63f-28061e729148" testListId="8c84fa94-04c1-424b-9868-57a2d4851a1d" />
    <TestEntry testId="311fde88-c34a-c749-87ef-d691bdbb01e5" executionId="6655fa47-71d7-4c2d-82dd-18cde51f8f77" testListId="8c84fa94-04c1-424b-9868-57a2d4851a1d" />
    <TestEntry testId="a6af3342-e82c-99d7-7280-f0bc3b6ef111" executionId="896867ac-0ae8-410b-b4bc-7bf92177c3de" testListId="8c84fa94-04c1-424b-9868-57a2d4851a1d" />
    <TestEntry testId="9a284a1d-156e-907f-d45e-bf23dce7a8b2" executionId="d71e8905-ce6b-45d6-aa19-91d0d3ff9193" testListId="8c84fa94-04c1-424b-9868-57a2d4851a1d" />
    <TestEntry testId="6e773555-d3bc-18e6-58f4-6a33d2e565e0" executionId="0eaaa6be-4d7e-45ea-b490-cb84ac4a98a1" testListId="8c84fa94-04c1-424b-9868-57a2d4851a1d" />
    <TestEntry testId="2d399f3a-cd79-9af4-db68-ab2622857a87" executionId="d53aaa4d-792a-47fc-bfb8-4f5a57bb857d" testListId="8c84fa94-04c1-424b-9868-57a2d4851a1d" />
    <TestEntry testId="a1f63b95-bed0-b504-3aa1-12bbb203c9f9" executionId="60f96659-6f21-4585-b8b3-f7506830b5ac" testListId="8c84fa94-04c1-424b-9868-57a2d4851a1d" />
    <TestEntry testId="57e42158-c478-d557-913f-3f7cb2a55e4f" executionId="4fbd6193-05c6-428b-b227-a7c03e3b74ed" testListId="8c84fa94-04c1-424b-9868-57a2d4851a1d" />
    <TestEntry testId="204823b6-de51-5dbf-961f-bc00c64fcbfd" executionId="bcf8383b-fa5c-4d58-be71-adaae016ded4" testListId="8c84fa94-04c1-424b-9868-57a2d4851a1d" />
    <TestEntry testId="3f349f22-910e-6467-945d-edabf65aa707" executionId="d132fa91-cf00-4faf-b875-abecb74cd397" testListId="8c84fa94-04c1-424b-9868-57a2d4851a1d" />
    <TestEntry testId="f41a40ab-384f-e635-88d2-0deb0549b00c" executionId="ad168b91-5eff-439a-ba7e-8f16f9f538c3" testListId="8c84fa94-04c1-424b-9868-57a2d4851a1d" />
    <TestEntry testId="dbc1a342-48a8-affa-8d55-c00e2654c55f" executionId="8a006884-c72d-4b1c-b9ab-6c160db6e574" testListId="8c84fa94-04c1-424b-9868-57a2d4851a1d" />
    <TestEntry testId="b960a51a-07ce-5c77-9c47-9b7d49f68b04" executionId="c4fc2541-046f-47f0-9677-b2da60c162f2" testListId="8c84fa94-04c1-424b-9868-57a2d4851a1d" />
    <TestEntry testId="400c5eaf-48ad-3c64-9e1d-3969836d1b6d" executionId="f487ff7b-3550-4247-8e7c-fe7cd355b409" testListId="8c84fa94-04c1-424b-9868-57a2d4851a1d" />
    <TestEntry testId="738cbe03-e159-a418-8d3e-aaea3bd6f9f5" executionId="89744d41-bd22-458e-9b8e-505c327a6b54" testListId="8c84fa94-04c1-424b-9868-57a2d4851a1d" />
    <TestEntry testId="eaa1d30c-5f58-30c3-2f20-3844e46318d4" executionId="ed1dc4df-0588-421f-ac3d-a1a727087030" testListId="8c84fa94-04c1-424b-9868-57a2d4851a1d" />
    <TestEntry testId="489bb6c1-57c4-1ecc-b27a-2b7660cd9960" executionId="975b17d3-bfc2-4dfa-a907-420f327f68bc" testListId="8c84fa94-04c1-424b-9868-57a2d4851a1d" />
    <TestEntry testId="618671da-f82c-c489-4e50-3ec438e9a9d0" executionId="8cb1690c-a399-47b3-9dc2-36719845019f" testListId="8c84fa94-04c1-424b-9868-57a2d4851a1d" />
    <TestEntry testId="18ef78f3-1eb2-cc48-74e1-3d0d69ec27f2" executionId="9925ede5-c969-4dca-90a0-fd9efef599bb" testListId="8c84fa94-04c1-424b-9868-57a2d4851a1d" />
    <TestEntry testId="d974494d-63ae-7806-8273-c958d7210490" executionId="2d7ac572-58c8-4afa-b042-9f9fdb1b314e" testListId="8c84fa94-04c1-424b-9868-57a2d4851a1d" />
    <TestEntry testId="9b908469-0451-8cb6-bea4-479be46ad482" executionId="23e84574-6751-46ae-8262-920788a90b27" testListId="8c84fa94-04c1-424b-9868-57a2d4851a1d" />
    <TestEntry testId="ed35a7f0-03d4-ea75-0507-862afb897619" executionId="c0ca7130-05c0-4015-9ee2-1e6a99be5549" testListId="8c84fa94-04c1-424b-9868-57a2d4851a1d" />
    <TestEntry testId="903b9858-a52e-2d97-0254-7f3a20fa6f17" executionId="338e58e3-bc57-4055-8542-f79cfeeda8d3" testListId="8c84fa94-04c1-424b-9868-57a2d4851a1d" />
    <TestEntry testId="1663762a-2500-b801-aa4a-60e46d01fc4b" executionId="ca449389-cc3d-4020-9d6d-2475c38ea45b" testListId="8c84fa94-04c1-424b-9868-57a2d4851a1d" />
    <TestEntry testId="905c94e4-bdc8-1fe6-5444-613a4eb6d1c7" executionId="a15edfce-23e4-4b67-aa3e-fefb237429d3" testListId="8c84fa94-04c1-424b-9868-57a2d4851a1d" />
    <TestEntry testId="7066e281-486d-b17e-901e-9424698e9f74" executionId="c1507ad2-ef03-4d6b-829e-7abde309e068" testListId="8c84fa94-04c1-424b-9868-57a2d4851a1d" />
    <TestEntry testId="336b8482-3bf7-7f8c-61fa-1897c8b88bb6" executionId="e6675994-4cd5-4cc3-ad2d-e333b8fd594b" testListId="8c84fa94-04c1-424b-9868-57a2d4851a1d" />
    <TestEntry testId="9c89c59d-b4e1-b0e6-38b6-740ac9ec96bd" executionId="a87b23f9-b004-464c-976e-37a0f31232ac" testListId="8c84fa94-04c1-424b-9868-57a2d4851a1d" />
    <TestEntry testId="eeed665d-fc4a-36d4-2080-835d14f41e2a" executionId="8ce26f44-3670-415f-83e8-150a74eac278" testListId="8c84fa94-04c1-424b-9868-57a2d4851a1d" />
    <TestEntry testId="283f9f13-cb3e-1218-3fcd-08b263d8e990" executionId="ea2fa14d-0737-44df-a50e-bc2e7daf1d04" testListId="8c84fa94-04c1-424b-9868-57a2d4851a1d" />
    <TestEntry testId="81fc8aa1-de6a-e087-adfe-af829f91bad7" executionId="83d385e6-b260-4e41-8984-ad593b302423" testListId="8c84fa94-04c1-424b-9868-57a2d4851a1d" />
    <TestEntry testId="d14ec128-bbfb-0096-f562-be494b986880" executionId="7cb0a24a-452c-45d6-adb8-fbcca20c3cb1" testListId="8c84fa94-04c1-424b-9868-57a2d4851a1d" />
    <TestEntry testId="e9caefce-c71e-206f-c8b4-a603b26c14bb" executionId="e4d34b32-89b1-4c33-aa7c-2640a10a1d8d" testListId="8c84fa94-04c1-424b-9868-57a2d4851a1d" />
    <TestEntry testId="91b2687b-d336-be96-6484-dd3e01d48bcc" executionId="5a7a67ed-46e7-4329-a78e-085edf79abfa" testListId="8c84fa94-04c1-424b-9868-57a2d4851a1d" />
    <TestEntry testId="0a4e5b36-6578-df3d-cfd2-3d6ee660820a" executionId="9db2313d-d8b3-4ed0-b004-1b5a0b3aea50" testListId="8c84fa94-04c1-424b-9868-57a2d4851a1d" />
    <TestEntry testId="9586cc92-f1bb-653a-bd17-70b79fb89f50" executionId="bac8661b-1c28-47b3-884b-5ef6209a9269" testListId="8c84fa94-04c1-424b-9868-57a2d4851a1d" />
    <TestEntry testId="bd985866-6108-57f7-ecf5-4c4e6d1eb163" executionId="168de208-b80b-41a6-aafc-98cfd8d7102d" testListId="8c84fa94-04c1-424b-9868-57a2d4851a1d" />
    <TestEntry testId="a6efae3b-3424-1b71-e217-c61e2ebc0907" executionId="881f8a51-3426-45e7-83f0-312fe7a0000f" testListId="8c84fa94-04c1-424b-9868-57a2d4851a1d" />
    <TestEntry testId="1995aa56-764e-e077-7015-d7ad96740ef7" executionId="ba2c8522-112d-41f1-b378-7ba8b9f39c58" testListId="8c84fa94-04c1-424b-9868-57a2d4851a1d" />
    <TestEntry testId="4ac17529-5b95-5a72-033f-f220f1f85e71" executionId="15175f33-b0b4-493d-85c7-55fadb04c615" testListId="8c84fa94-04c1-424b-9868-57a2d4851a1d" />
    <TestEntry testId="68eba393-9613-4207-7542-82e0b37e4100" executionId="ef813bcf-3fbc-454d-bc79-04ef0435d62a" testListId="8c84fa94-04c1-424b-9868-57a2d4851a1d" />
    <TestEntry testId="319e9db8-8f37-6739-0cbb-83eff6d39b32" executionId="4dfa07b5-c318-404a-9305-3271d0e3a1a4" testListId="8c84fa94-04c1-424b-9868-57a2d4851a1d" />
    <TestEntry testId="68273da4-d8f3-7604-23b1-9e7df4a52b5c" executionId="d075b9dc-a362-4960-a267-b9e97ec4dcff" testListId="8c84fa94-04c1-424b-9868-57a2d4851a1d" />
    <TestEntry testId="ef4e21c0-7da5-c60c-260f-ced0773f5f69" executionId="736f966f-9c92-4535-8632-a34db0d77b5b" testListId="8c84fa94-04c1-424b-9868-57a2d4851a1d" />
    <TestEntry testId="575af213-6f43-c554-7582-c09e43d49cdb" executionId="3428f935-c107-44b2-b8ff-3749926dc685" testListId="8c84fa94-04c1-424b-9868-57a2d4851a1d" />
    <TestEntry testId="2ee6bce4-4d10-a7ff-ad46-044be6c8e9a0" executionId="f0a6aa81-212b-4d86-9281-33ec4daeb190" testListId="8c84fa94-04c1-424b-9868-57a2d4851a1d" />
    <TestEntry testId="3def0511-4e40-2e00-f9b9-6bb18ace3fe8" executionId="60fa4c74-6b7e-4ed6-9105-75bde1bfca88" testListId="8c84fa94-04c1-424b-9868-57a2d4851a1d" />
    <TestEntry testId="16dbf6df-affd-54c4-6e12-ed2586e45ece" executionId="ecb37e19-4f77-4149-a1f6-eda605f57d44" testListId="8c84fa94-04c1-424b-9868-57a2d4851a1d" />
    <TestEntry testId="84fbc41b-f8b3-97c4-0d80-49164e74cf8a" executionId="79de02c5-c274-4edb-9ead-4aee74f47b9e" testListId="8c84fa94-04c1-424b-9868-57a2d4851a1d" />
    <TestEntry testId="a181eeb7-1c31-8890-a7e0-69f2adb601a4" executionId="b9671c32-1f3d-47f7-bcda-a3fb29751dca" testListId="8c84fa94-04c1-424b-9868-57a2d4851a1d" />
    <TestEntry testId="4d16c358-c29f-69ec-8ad9-4ed7ab30e526" executionId="4980cf8c-11db-4e65-bba4-002d5a0b6082" testListId="8c84fa94-04c1-424b-9868-57a2d4851a1d" />
    <TestEntry testId="faa83ec7-f24a-086a-e966-e8c82cf7330a" executionId="de34ca2c-e8e2-4795-91ed-1b3c8ea2c210" testListId="8c84fa94-04c1-424b-9868-57a2d4851a1d" />
    <TestEntry testId="4ffbb65d-5283-caab-4ee9-d197524190bc" executionId="37760b6b-9254-4c34-a644-a2edc5322283" testListId="8c84fa94-04c1-424b-9868-57a2d4851a1d" />
    <TestEntry testId="91423947-d9d3-4bfd-cfab-68c119421239" executionId="ab876927-b6ca-4336-8778-fbecfaf5b402" testListId="8c84fa94-04c1-424b-9868-57a2d4851a1d" />
    <TestEntry testId="63fb96d5-d28e-59d8-da39-0b1d1307a3be" executionId="bf1d2013-b386-4325-b166-1409e2f4df3f" testListId="8c84fa94-04c1-424b-9868-57a2d4851a1d" />
    <TestEntry testId="8afe4c58-19f6-dd1a-c67e-b2b4ee85f2ac" executionId="f117f19a-b864-405c-81e3-d8c6080fed04" testListId="8c84fa94-04c1-424b-9868-57a2d4851a1d" />
    <TestEntry testId="2b8f6313-6f64-c487-2e4c-3d07b5bd4159" executionId="517653aa-f3dd-414d-86e0-f935a13e5a6c" testListId="8c84fa94-04c1-424b-9868-57a2d4851a1d" />
    <TestEntry testId="11bc7ddd-0334-e311-f2a7-f381145ec805" executionId="dfbdee33-367c-46b7-902e-03eedd48bd70" testListId="8c84fa94-04c1-424b-9868-57a2d4851a1d" />
    <TestEntry testId="bb9524ad-acf8-1507-0ed6-9348671a86fe" executionId="6180414b-3023-4ec2-8123-0fff7719ad39" testListId="8c84fa94-04c1-424b-9868-57a2d4851a1d" />
    <TestEntry testId="90ade623-c933-13b0-3f87-d92db5a5c117" executionId="f0daa307-7441-4f3f-9d40-b32c4c6d53a2" testListId="8c84fa94-04c1-424b-9868-57a2d4851a1d" />
    <TestEntry testId="2c3cc6dd-0ecc-2298-ce4a-d064661bf1a0" executionId="74529fc8-9296-48ca-a6a3-acc733c33330" testListId="8c84fa94-04c1-424b-9868-57a2d4851a1d" />
    <TestEntry testId="0a4e5b36-6578-df3d-cfd2-3d6ee660820a" executionId="db03595c-eb3c-437f-b3c5-2301643ca158" testListId="8c84fa94-04c1-424b-9868-57a2d4851a1d" />
    <TestEntry testId="fbf1e532-d446-55e3-818a-b4fc676cabf8" executionId="d5c175cc-4e8b-461b-aac8-2852d15b5c99" testListId="8c84fa94-04c1-424b-9868-57a2d4851a1d" />
    <TestEntry testId="2111d8db-c64b-ce9e-32b3-88fa21541431" executionId="830ab479-bed2-4479-b096-679c48ef61a1" testListId="8c84fa94-04c1-424b-9868-57a2d4851a1d" />
    <TestEntry testId="0de77785-462a-9bb1-5b6c-6230796bd88d" executionId="7f32560d-d660-422f-84ca-f156873af93b" testListId="8c84fa94-04c1-424b-9868-57a2d4851a1d" />
    <TestEntry testId="b734b426-c8b0-ef6c-467b-1212971e7759" executionId="cdb211f4-0359-47d6-89c0-e44e52ff4dc5" testListId="8c84fa94-04c1-424b-9868-57a2d4851a1d" />
    <TestEntry testId="9029e935-145d-d5fd-fae9-96c860349038" executionId="0f2a0711-b0e8-429d-a68b-b8f2ccf3dbf7" testListId="8c84fa94-04c1-424b-9868-57a2d4851a1d" />
    <TestEntry testId="d6460871-04c1-69a0-835f-12db0d68e9bd" executionId="9d8f3821-c383-4e5d-b056-b5ed98020ad5" testListId="8c84fa94-04c1-424b-9868-57a2d4851a1d" />
    <TestEntry testId="ea6b211e-3258-7db9-8b82-11e88b9536ce" executionId="b192d282-44c5-4800-ba0b-576289aecc16" testListId="8c84fa94-04c1-424b-9868-57a2d4851a1d" />
    <TestEntry testId="78da3d90-e186-2eb8-9d50-1ad80ad9921b" executionId="58f6cbab-b85e-4549-b150-4969b78b0b2e" testListId="8c84fa94-04c1-424b-9868-57a2d4851a1d" />
    <TestEntry testId="2f96cc7e-229b-c021-6453-b884afd8bfc0" executionId="1ea5add3-1854-48df-ae46-79ea4cb17688" testListId="8c84fa94-04c1-424b-9868-57a2d4851a1d" />
    <TestEntry testId="9f2d8267-74f7-ee47-e40a-a9214d8b0149" executionId="2c24fe3b-173c-472a-8ad7-65adc27bcfea" testListId="8c84fa94-04c1-424b-9868-57a2d4851a1d" />
    <TestEntry testId="91442c7a-e900-c7e6-67e7-639e8a44931b" executionId="ac303c3d-4a5a-497a-b846-02429ab49db9" testListId="8c84fa94-04c1-424b-9868-57a2d4851a1d" />
    <TestEntry testId="be46907d-a173-13ad-6a6b-f04367a3abb5" executionId="56d25a2d-6590-4aca-96b3-c08e0a1e00d4" testListId="8c84fa94-04c1-424b-9868-57a2d4851a1d" />
    <TestEntry testId="27940d64-03df-8f28-2a77-22152c4e2bc7" executionId="660c332c-b86d-43d7-868f-7c16933a0609" testListId="8c84fa94-04c1-424b-9868-57a2d4851a1d" />
    <TestEntry testId="293008c2-9745-d477-0bc6-1ddbf5e8b276" executionId="6f712c93-8f84-445c-9c8d-e129152f5d84" testListId="8c84fa94-04c1-424b-9868-57a2d4851a1d" />
    <TestEntry testId="52eb6924-d5b6-63f8-57b6-c1258325ea0d" executionId="8b68f8cf-8a13-4e61-95a7-0854439cae72" testListId="8c84fa94-04c1-424b-9868-57a2d4851a1d" />
    <TestEntry testId="a54693d6-edca-b2f0-c9d1-6e253deb3c9c" executionId="b4fd3134-68c0-4b5d-9e4b-61754a4aca1f" testListId="8c84fa94-04c1-424b-9868-57a2d4851a1d" />
    <TestEntry testId="a9a49dd9-77fa-e02e-a80e-c665ef39753c" executionId="b1f3c2f0-69fd-4b8a-89bc-f9fabd9331d2" testListId="8c84fa94-04c1-424b-9868-57a2d4851a1d" />
    <TestEntry testId="90e28b3e-a0b2-cd0c-c5a2-021ebe10799d" executionId="3da8179a-8575-4219-94f5-9b98475a9bd9" testListId="8c84fa94-04c1-424b-9868-57a2d4851a1d" />
    <TestEntry testId="27664859-4d07-7aa6-2422-c69fa8d16b38" executionId="fe97d9c7-372b-4c38-bf9d-62bbdfe8af59" testListId="8c84fa94-04c1-424b-9868-57a2d4851a1d" />
    <TestEntry testId="80e1e452-82cf-b088-db40-d28f7d32c62d" executionId="52a1a88d-d284-434e-84af-fa4eac3ac07e" testListId="8c84fa94-04c1-424b-9868-57a2d4851a1d" />
    <TestEntry testId="00f0e371-214b-3362-fe49-cbc53292d7d9" executionId="52c5374a-042c-4e00-8597-37fbf01a43d9" testListId="8c84fa94-04c1-424b-9868-57a2d4851a1d" />
    <TestEntry testId="417be307-97e0-4052-1dcd-f4ea8d9db811" executionId="a81beb07-edab-4629-aa07-043bf71bb534" testListId="8c84fa94-04c1-424b-9868-57a2d4851a1d" />
    <TestEntry testId="d8aaa504-6178-a22d-3fb8-ce2b255c46bf" executionId="943f9249-3946-4d08-af91-e6528fa2831c" testListId="8c84fa94-04c1-424b-9868-57a2d4851a1d" />
    <TestEntry testId="326c0813-dde1-1e08-607c-dc55537bd92d" executionId="f5fbff7e-98a2-4c3a-85d1-55c518004503" testListId="8c84fa94-04c1-424b-9868-57a2d4851a1d" />
    <TestEntry testId="f192461d-c04b-ccd8-4669-21b5fa7a7ede" executionId="2800246a-abd6-4f7d-8f01-568d0e812ccf" testListId="8c84fa94-04c1-424b-9868-57a2d4851a1d" />
    <TestEntry testId="e36d7108-5c81-aaf4-329c-24a028699d61" executionId="b8f8bd05-16af-483a-9bc3-487546bf4fbc" testListId="8c84fa94-04c1-424b-9868-57a2d4851a1d" />
    <TestEntry testId="8c7ec482-bc88-8ad6-1098-ff19a10b5886" executionId="8ae1ad35-0a42-42a4-92be-68f129166abf" testListId="8c84fa94-04c1-424b-9868-57a2d4851a1d" />
    <TestEntry testId="0cc7d5be-9117-6a7b-5cf3-0699f110c80e" executionId="484e2f10-c629-4afd-9172-7794775409ef" testListId="8c84fa94-04c1-424b-9868-57a2d4851a1d" />
    <TestEntry testId="d6a59c85-6c58-584e-c43d-f10c50d7e1a2" executionId="519cab98-1b67-496b-89a7-8772ca68f9a2" testListId="8c84fa94-04c1-424b-9868-57a2d4851a1d" />
    <TestEntry testId="d054dd78-c223-2b18-9e0c-69480854f65f" executionId="0e6b01a9-55f9-4a26-9122-e55638f23726" testListId="8c84fa94-04c1-424b-9868-57a2d4851a1d" />
    <TestEntry testId="d7c6fd34-24a6-6d61-4f74-e11b861b527b" executionId="7f2a78b1-1993-45c7-aa21-d423089e3301" testListId="8c84fa94-04c1-424b-9868-57a2d4851a1d" />
    <TestEntry testId="6d237ca8-ac51-9a90-e310-d587619a886d" executionId="e5e674a5-2734-4df5-8d25-148b2bd0b1ed" testListId="8c84fa94-04c1-424b-9868-57a2d4851a1d" />
    <TestEntry testId="ebe31b64-a15f-5d1c-5a6d-837a5656ceb3" executionId="f2b249cd-166a-4677-8133-b1ff7d94ea1d" testListId="8c84fa94-04c1-424b-9868-57a2d4851a1d" />
    <TestEntry testId="f8f6e293-a84f-8369-75b0-8cd14fb32ce3" executionId="642f8287-1f1a-4a5d-97db-6f3760cff326" testListId="8c84fa94-04c1-424b-9868-57a2d4851a1d" />
    <TestEntry testId="5e565792-e4b8-6770-32ea-67c3fa2ad1ab" executionId="cf484c14-629a-4f21-9b6f-8ab27a2ae8f8" testListId="8c84fa94-04c1-424b-9868-57a2d4851a1d" />
    <TestEntry testId="7a29bb4c-872a-7722-5bfa-4ff03f288d37" executionId="01b835fe-ffca-46c4-8c45-0981b6ef5c46" testListId="8c84fa94-04c1-424b-9868-57a2d4851a1d" />
    <TestEntry testId="a29ab1db-8305-8d4c-4b34-cf235b407b90" executionId="3e65ac9e-5da9-44fa-aab9-c78426b9c388" testListId="8c84fa94-04c1-424b-9868-57a2d4851a1d" />
    <TestEntry testId="4008f5fb-3189-e45e-5cbf-2d8d6943a733" executionId="b9bd50b2-12b9-4229-9242-802d92a88b9b" testListId="8c84fa94-04c1-424b-9868-57a2d4851a1d" />
    <TestEntry testId="23c3222c-43bf-12ab-6d71-69f32f727a99" executionId="6ea8ea2f-78a7-44fa-879f-320c1414b0b9" testListId="8c84fa94-04c1-424b-9868-57a2d4851a1d" />
    <TestEntry testId="b747edf0-9262-f0c5-aca1-78a34402aa92" executionId="5a300866-b0a8-4655-914c-77a779f4c959" testListId="8c84fa94-04c1-424b-9868-57a2d4851a1d" />
    <TestEntry testId="e9263aa8-347f-0f52-1f4b-0a131d318784" executionId="da5bac52-cc64-4c52-ab8e-a761df65014a" testListId="8c84fa94-04c1-424b-9868-57a2d4851a1d" />
    <TestEntry testId="9121a1cd-2d02-27fe-e6a5-6751e2d93e61" executionId="33b36876-1359-4b18-9f1f-d74cd9620468" testListId="8c84fa94-04c1-424b-9868-57a2d4851a1d" />
    <TestEntry testId="05aeaa8c-7d80-f9e7-54a6-810812bf76ac" executionId="5e39f6a6-e7ab-4585-b818-68bffe664bee" testListId="8c84fa94-04c1-424b-9868-57a2d4851a1d" />
    <TestEntry testId="b292696a-1665-7718-2677-c233de8e9b49" executionId="5dd14e4a-ee10-437a-ac62-7788a11826f2" testListId="8c84fa94-04c1-424b-9868-57a2d4851a1d" />
    <TestEntry testId="80e1e452-82cf-b088-db40-d28f7d32c62d" executionId="4091ab37-1c0e-4113-b9e1-497dd63a0651" testListId="8c84fa94-04c1-424b-9868-57a2d4851a1d" />
    <TestEntry testId="863152b5-1e2c-356b-c14c-cd62911ba167" executionId="10dca586-2a5d-4c25-802d-41a95acfc8e7" testListId="8c84fa94-04c1-424b-9868-57a2d4851a1d" />
    <TestEntry testId="27f45b32-e46d-1c8f-ae71-a8a2f0519cb3" executionId="09917135-7011-4ed8-a6cb-9095097508e5" testListId="8c84fa94-04c1-424b-9868-57a2d4851a1d" />
    <TestEntry testId="9dc38d44-5d89-36d6-7b22-483d30b44b5f" executionId="a6dcbff2-7485-4289-80fe-1deb00738b9f" testListId="8c84fa94-04c1-424b-9868-57a2d4851a1d" />
    <TestEntry testId="1522f9c5-5447-f8a7-7916-026ac691e6f0" executionId="ee1e5b21-2a8a-44aa-be34-b8f2f8d0fab4" testListId="8c84fa94-04c1-424b-9868-57a2d4851a1d" />
    <TestEntry testId="0e8eb8b8-1a42-be54-07c1-244508590add" executionId="3117eccd-c518-4d55-8958-6e857c0c31b1" testListId="8c84fa94-04c1-424b-9868-57a2d4851a1d" />
    <TestEntry testId="cb533a58-4a71-8bf8-23d3-b894ae78ba25" executionId="a0bcc889-bca3-470b-ab45-9539059c5202" testListId="8c84fa94-04c1-424b-9868-57a2d4851a1d" />
    <TestEntry testId="4dadd341-55c4-2c66-0797-5674a8d63b8b" executionId="0ec8ca9d-dec2-43cc-a507-d6e7a437ca8b" testListId="8c84fa94-04c1-424b-9868-57a2d4851a1d" />
    <TestEntry testId="13732851-1316-f3ba-505c-1b7f66e1148d" executionId="8e7abfb7-513f-4ee6-8d96-bc62ae90cbdf" testListId="8c84fa94-04c1-424b-9868-57a2d4851a1d" />
    <TestEntry testId="5a96ab5f-7525-5e8b-4ceb-aece78f169bb" executionId="76ecc397-67fe-422f-a31a-3e8a23dfd9c0" testListId="8c84fa94-04c1-424b-9868-57a2d4851a1d" />
    <TestEntry testId="dfb5cf56-cecf-f905-a0de-98205eae9749" executionId="107e93fd-f076-4c0a-b830-83d677a2ccfc" testListId="8c84fa94-04c1-424b-9868-57a2d4851a1d" />
    <TestEntry testId="a93415ec-de36-b2ea-d5e2-6436a58b1c63" executionId="0c4ff25e-8472-4569-974f-f6d042939e71" testListId="8c84fa94-04c1-424b-9868-57a2d4851a1d" />
    <TestEntry testId="27435069-3b26-ac29-8504-ccee8722f11b" executionId="46c46b5f-b794-4fed-81b7-9654d43bad1f" testListId="8c84fa94-04c1-424b-9868-57a2d4851a1d" />
    <TestEntry testId="9c23bc24-c1ee-6f47-512c-5d239bfcd591" executionId="2b020370-fe77-4c4c-8e36-6f6bee106140" testListId="8c84fa94-04c1-424b-9868-57a2d4851a1d" />
    <TestEntry testId="ba333333-3cb8-334f-91af-f5ad79143e8f" executionId="81e8c50c-aa9a-487b-8d93-a5884463dfca" testListId="8c84fa94-04c1-424b-9868-57a2d4851a1d" />
    <TestEntry testId="da81eaec-1453-f24c-a30b-9b3f5e23a05c" executionId="2bfe46cc-66b5-4ab6-ba88-e61f5b5734fa" testListId="8c84fa94-04c1-424b-9868-57a2d4851a1d" />
    <TestEntry testId="9b54b5db-74ce-7f6e-1fd4-798a1baa40f1" executionId="9bc58eda-03e6-4649-8e83-827df00b66dd" testListId="8c84fa94-04c1-424b-9868-57a2d4851a1d" />
    <TestEntry testId="31ae9737-3293-daff-e7b1-357b7daf0b9b" executionId="9acb3e2a-85d0-4830-a9d4-8fd0fba98df9" testListId="8c84fa94-04c1-424b-9868-57a2d4851a1d" />
    <TestEntry testId="e63df314-54b1-32a3-73ac-881577d2c079" executionId="63720963-1a55-49a9-95ee-5dc2459d2cd9" testListId="8c84fa94-04c1-424b-9868-57a2d4851a1d" />
    <TestEntry testId="a31ae58a-ac3b-c32e-1d10-665517748c9e" executionId="c374cd4a-97de-43a9-8cb8-4ba05b67e143" testListId="8c84fa94-04c1-424b-9868-57a2d4851a1d" />
    <TestEntry testId="1a5d20b5-3e71-5ce5-a87e-e4e29bb0d7d5" executionId="e04c42e2-13d7-4bde-9181-98660c63bc01" testListId="8c84fa94-04c1-424b-9868-57a2d4851a1d" />
    <TestEntry testId="c38b7f29-0890-e425-1d35-d7b906d89816" executionId="bea9ccb9-6cee-4045-92a3-225c3219dd81" testListId="8c84fa94-04c1-424b-9868-57a2d4851a1d" />
    <TestEntry testId="e998f77e-77b2-7e10-d8db-3813eb8031aa" executionId="26165076-603f-49b8-a4f1-ab344b6ad6b9" testListId="8c84fa94-04c1-424b-9868-57a2d4851a1d" />
    <TestEntry testId="d4872f30-d2e7-fc1d-f456-df3197080a48" executionId="1ff262f2-62b2-4c3c-b535-8f6f958baca1" testListId="8c84fa94-04c1-424b-9868-57a2d4851a1d" />
    <TestEntry testId="907e6cbe-4234-cd51-c51e-c0122588864e" executionId="7aab79ca-0ede-41f3-9279-e1f87773434b" testListId="8c84fa94-04c1-424b-9868-57a2d4851a1d" />
    <TestEntry testId="f680908c-3b4b-7b4d-7066-6e5fce7c0b27" executionId="00d568d1-86cf-4df6-8282-950f8ea3ccce" testListId="8c84fa94-04c1-424b-9868-57a2d4851a1d" />
    <TestEntry testId="831c9d38-b235-c32d-79f4-dc554e18bb06" executionId="99dfa790-b2fb-4a98-adfe-a81713d95532" testListId="8c84fa94-04c1-424b-9868-57a2d4851a1d" />
    <TestEntry testId="1742c7aa-b082-d69c-8853-7ede68919ffd" executionId="abbfe7d5-669e-40a1-ba06-b94cb980f796" testListId="8c84fa94-04c1-424b-9868-57a2d4851a1d" />
    <TestEntry testId="b504ac94-d24b-65b3-ca37-c7d43c96a4da" executionId="025cb646-9d44-47df-a1ae-9b36551c1bf9" testListId="8c84fa94-04c1-424b-9868-57a2d4851a1d" />
    <TestEntry testId="3a31272a-a65c-0e34-46f8-f3357cdba23a" executionId="d6c01cc0-df2d-4bca-8b41-6b73ad1a8f66" testListId="8c84fa94-04c1-424b-9868-57a2d4851a1d" />
    <TestEntry testId="45576843-c696-061d-15e3-1a981d4c54b2" executionId="489fa72e-ce61-4bec-9554-1edd934797e0" testListId="8c84fa94-04c1-424b-9868-57a2d4851a1d" />
    <TestEntry testId="145e0ff6-94b3-8f9e-a3e6-3b43ce77eb33" executionId="f105f1f8-5051-4442-b5fd-0b6197fa8864" testListId="8c84fa94-04c1-424b-9868-57a2d4851a1d" />
    <TestEntry testId="80e1e452-82cf-b088-db40-d28f7d32c62d" executionId="be9875bb-5960-4e41-b827-41ac4a16ef86" testListId="8c84fa94-04c1-424b-9868-57a2d4851a1d" />
    <TestEntry testId="669fc029-8875-e129-8d0c-bd7a31bdd15f" executionId="99ea3a67-f0f9-4f6b-93a0-b52df8360c5e" testListId="8c84fa94-04c1-424b-9868-57a2d4851a1d" />
    <TestEntry testId="60f76d2a-8443-d6c5-ab49-4b19e96bdb7e" executionId="2ed851cb-1877-42d6-97a4-3108696b18f6" testListId="8c84fa94-04c1-424b-9868-57a2d4851a1d" />
    <TestEntry testId="24aad481-07c1-3aaa-142a-c2bdd14112ca" executionId="77b08005-2be1-4549-ac75-82b3e4cae91c" testListId="8c84fa94-04c1-424b-9868-57a2d4851a1d" />
    <TestEntry testId="1947d432-ac4e-8ff4-6a61-109d18cd0bdb" executionId="4f29c771-3810-4205-9b41-bc64ce46ddaa" testListId="8c84fa94-04c1-424b-9868-57a2d4851a1d" />
    <TestEntry testId="f5cc9535-b7e6-daa3-8b93-880b7a1798ad" executionId="63d9cbb9-847c-4370-9e85-f943253d61c4" testListId="8c84fa94-04c1-424b-9868-57a2d4851a1d" />
    <TestEntry testId="3fc559f5-bb13-876b-1485-1faebe02441c" executionId="4f359b60-cde2-4cba-80d7-268f93b683ab" testListId="8c84fa94-04c1-424b-9868-57a2d4851a1d" />
    <TestEntry testId="dd8ceee9-e0da-460a-3a9b-41ccef9e8e3e" executionId="04ecd0b9-6b5c-4297-aaf5-a8f380288f87" testListId="8c84fa94-04c1-424b-9868-57a2d4851a1d" />
    <TestEntry testId="d516c9f8-a086-c688-a8dc-fd4cd17c2bf6" executionId="9b82748f-6256-41c4-9c8f-455aa3a449d6" testListId="8c84fa94-04c1-424b-9868-57a2d4851a1d" />
    <TestEntry testId="2c1f07ec-ce8f-9b5e-788c-417096e2b9e1" executionId="36de05b8-1b0f-474f-a62b-bfd575d6d8f8" testListId="8c84fa94-04c1-424b-9868-57a2d4851a1d" />
    <TestEntry testId="c0d785e8-8864-98d5-b13c-b47a7d8658f2" executionId="b71dd0ce-8167-44b1-80d7-79104a966e62" testListId="8c84fa94-04c1-424b-9868-57a2d4851a1d" />
    <TestEntry testId="9d8dbace-9130-7ffd-4719-3c557ceeb743" executionId="08580a16-a407-41a8-b738-5466238f7076" testListId="8c84fa94-04c1-424b-9868-57a2d4851a1d" />
    <TestEntry testId="aa81343a-5273-d050-4734-4d568d0cd256" executionId="49dec232-8556-49c8-9be5-82dba55054df" testListId="8c84fa94-04c1-424b-9868-57a2d4851a1d" />
    <TestEntry testId="03169915-5e36-4862-8f40-5f0139419946" executionId="f0bedf58-cb56-4908-ae2a-1d69024fab97" testListId="8c84fa94-04c1-424b-9868-57a2d4851a1d" />
    <TestEntry testId="cb87ae3f-127d-d533-f5f1-ec7b4f65cbcc" executionId="657e6287-0868-43a8-92aa-ba06ea12c0a4" testListId="8c84fa94-04c1-424b-9868-57a2d4851a1d" />
    <TestEntry testId="6b0b8696-32c2-657c-f281-65444866a1da" executionId="25bbed1f-3dbd-4a4f-9a3d-03d4f6ffa64c" testListId="8c84fa94-04c1-424b-9868-57a2d4851a1d" />
    <TestEntry testId="17f82cf7-4d92-18c7-4ec3-228bc2e9056a" executionId="6a74884a-2e8c-43f4-b66c-5816a166cb17" testListId="8c84fa94-04c1-424b-9868-57a2d4851a1d" />
    <TestEntry testId="11ced5ad-842d-1524-f246-9d123f54e1e0" executionId="f8ea78e2-bbb4-46f2-bfa4-49f4a6f3cfb6" testListId="8c84fa94-04c1-424b-9868-57a2d4851a1d" />
    <TestEntry testId="e0d78dcd-5614-964a-05ab-ebe0da0d939b" executionId="b94ea166-7bfa-4c38-82e1-08d310649f68" testListId="8c84fa94-04c1-424b-9868-57a2d4851a1d" />
    <TestEntry testId="15f7fdde-30c5-c5bb-c91a-0ce0590214e2" executionId="15894a28-561d-4b7f-ac2c-1c7199805af0" testListId="8c84fa94-04c1-424b-9868-57a2d4851a1d" />
    <TestEntry testId="6cafc5ed-fe23-6238-885d-2059ca1b7427" executionId="dcd530d7-20d2-4c1a-abac-39feb919965d" testListId="8c84fa94-04c1-424b-9868-57a2d4851a1d" />
    <TestEntry testId="c31c0655-edc1-f75e-ad95-999fd95393d5" executionId="81a2f9ea-48fb-4667-9674-876fc4518e31" testListId="8c84fa94-04c1-424b-9868-57a2d4851a1d" />
    <TestEntry testId="4007ec22-794b-cf4d-bda6-76bc701e6452" executionId="9f01eb0d-6bc0-4ca7-8713-40fc366fc51d" testListId="8c84fa94-04c1-424b-9868-57a2d4851a1d" />
    <TestEntry testId="15776c9e-bed1-aa30-abbc-b85a9e95cf84" executionId="f1398535-75bd-4a35-9597-64511ec852e3" testListId="8c84fa94-04c1-424b-9868-57a2d4851a1d" />
    <TestEntry testId="8208e4be-3fed-2de3-3add-7c787e622e9d" executionId="de77f573-f775-412c-a122-02926c308ae8" testListId="8c84fa94-04c1-424b-9868-57a2d4851a1d" />
    <TestEntry testId="89633d51-0a7e-1e94-929d-ec9b25c6de3a" executionId="9efaf4a7-65d0-480c-ac20-9dc590977f75" testListId="8c84fa94-04c1-424b-9868-57a2d4851a1d" />
    <TestEntry testId="504360c9-285d-3030-32b3-a9a95cfffe51" executionId="ef381c14-d081-4dc6-9038-785aca28c59a" testListId="8c84fa94-04c1-424b-9868-57a2d4851a1d" />
    <TestEntry testId="3a384c62-a21e-fecb-daa1-7890a574eea7" executionId="775cb810-f77f-45cd-a8a7-76bfffff7eb9" testListId="8c84fa94-04c1-424b-9868-57a2d4851a1d" />
    <TestEntry testId="6ce0ebd1-2fbb-36d1-63ea-8fff8a05554e" executionId="8e1a1f14-88d9-46aa-9489-0c8c6603feda" testListId="8c84fa94-04c1-424b-9868-57a2d4851a1d" />
    <TestEntry testId="d84aea0e-76b6-55d2-4b7e-5e6eebfaed0e" executionId="4ac66dbb-b2bb-4386-b62a-f752950ae3e7" testListId="8c84fa94-04c1-424b-9868-57a2d4851a1d" />
    <TestEntry testId="17b36dbd-a0b1-7dd9-4d17-df2b3239cefc" executionId="96139f8a-200e-4aa7-aa27-a95a66f2d13c" testListId="8c84fa94-04c1-424b-9868-57a2d4851a1d" />
    <TestEntry testId="883ed386-0af3-88ca-5bd9-30da25d79f41" executionId="b3117a76-cb6c-4f7d-b6e0-d98d3abd846a" testListId="8c84fa94-04c1-424b-9868-57a2d4851a1d" />
    <TestEntry testId="8dbcc6f1-4cbd-986e-7ab0-4762c811a25e" executionId="73968f9a-4ee2-4c28-9108-2f8f400082a0" testListId="8c84fa94-04c1-424b-9868-57a2d4851a1d" />
    <TestEntry testId="bf3342cd-aa37-ec7a-aed8-02a15815d43f" executionId="974b7628-76d7-4c5e-b66a-d7f40e5fc4aa" testListId="8c84fa94-04c1-424b-9868-57a2d4851a1d" />
    <TestEntry testId="5d6c44db-c687-1340-5e99-d0beeace71f3" executionId="5dd1bc2e-ef35-4687-8566-4fe484f2fdc1" testListId="8c84fa94-04c1-424b-9868-57a2d4851a1d" />
    <TestEntry testId="1189299d-d6c8-7716-1cc1-5c418c696590" executionId="83e02e3c-2881-44de-b3af-01c6dede8e0c" testListId="8c84fa94-04c1-424b-9868-57a2d4851a1d" />
    <TestEntry testId="4cca1d5f-44b2-3473-1e35-1d77003b5df5" executionId="c628d1ad-4fa0-44f2-932c-3c52e5fed3f7" testListId="8c84fa94-04c1-424b-9868-57a2d4851a1d" />
    <TestEntry testId="f680908c-3b4b-7b4d-7066-6e5fce7c0b27" executionId="e1786c12-9d59-4c76-9dcc-aca06ed484d0" testListId="8c84fa94-04c1-424b-9868-57a2d4851a1d" />
    <TestEntry testId="c182b392-9fcc-95a2-7938-cd3b2c46ad54" executionId="da11c571-f0ee-4597-bbf9-ca726b3ed90c" testListId="8c84fa94-04c1-424b-9868-57a2d4851a1d" />
    <TestEntry testId="dbcf26cf-e43a-3a61-c59e-b7d73dca07b5" executionId="095d3f86-95a7-4fdc-b0e5-425a1678507b" testListId="8c84fa94-04c1-424b-9868-57a2d4851a1d" />
    <TestEntry testId="6235db2c-29a6-4a28-c065-7643ea0e2363" executionId="30581bef-9841-419f-b275-4835e0e1129b" testListId="8c84fa94-04c1-424b-9868-57a2d4851a1d" />
    <TestEntry testId="8f6cd5c2-e849-6c20-9267-83c3d531958e" executionId="a6489234-8bfb-4100-b353-5da3cb757efc" testListId="8c84fa94-04c1-424b-9868-57a2d4851a1d" />
    <TestEntry testId="83e5fe5b-931d-f217-a151-96bc1abdc89d" executionId="c2570b59-3976-421c-9c11-a0d14b5b19e1" testListId="8c84fa94-04c1-424b-9868-57a2d4851a1d" />
    <TestEntry testId="4552c7a0-9f71-d2b4-51c4-e785ac828b42" executionId="9dbb4f43-7eea-461f-a2dc-1639a37efbf4" testListId="8c84fa94-04c1-424b-9868-57a2d4851a1d" />
    <TestEntry testId="9febb6f2-deb2-94da-aa47-7dc5befd915e" executionId="34823c76-ebbd-4eb4-9e1c-b710f941ac54" testListId="8c84fa94-04c1-424b-9868-57a2d4851a1d" />
    <TestEntry testId="89439a20-c712-15bd-9c46-c5709b4b0f9d" executionId="ded8ba49-ec6a-4343-81ad-f0f39b582201" testListId="8c84fa94-04c1-424b-9868-57a2d4851a1d" />
    <TestEntry testId="7d70a72d-3886-6952-72a5-a740f2010644" executionId="6728d35c-b8ed-4f39-a8de-3e8d5f4fee9b" testListId="8c84fa94-04c1-424b-9868-57a2d4851a1d" />
    <TestEntry testId="d1148632-27af-a6b6-932c-c9e12abeebb9" executionId="868d942b-3f41-4323-abff-6152eb05e977" testListId="8c84fa94-04c1-424b-9868-57a2d4851a1d" />
    <TestEntry testId="aa8972af-4006-c6fd-4be2-6ab7cf64c83f" executionId="8965c255-c114-41ec-a93d-25479bd746ca" testListId="8c84fa94-04c1-424b-9868-57a2d4851a1d" />
    <TestEntry testId="8647f015-786e-4211-7702-95ed8f5c87dc" executionId="4fb8ba48-e1a8-463c-a26e-c38690470bf2" testListId="8c84fa94-04c1-424b-9868-57a2d4851a1d" />
    <TestEntry testId="9a0ec1ee-717c-f9be-241c-4cf9cb866a4c" executionId="9b52fc4f-86fc-4fc5-b8e0-d269bd9e3064" testListId="8c84fa94-04c1-424b-9868-57a2d4851a1d" />
    <TestEntry testId="e379db59-aec0-b3e4-c211-4083a6fbfae8" executionId="6c686520-386f-479b-aa27-a37f6e7131a8" testListId="8c84fa94-04c1-424b-9868-57a2d4851a1d" />
    <TestEntry testId="633b1573-6042-ec26-9f10-dd2e2dcea040" executionId="05978f8e-2a93-40da-b051-f9b5e94cbb79" testListId="8c84fa94-04c1-424b-9868-57a2d4851a1d" />
    <TestEntry testId="958a4635-0d5e-dda4-f61e-9578d9aa3b40" executionId="4908dda5-d20a-412a-991f-02d62385b56e" testListId="8c84fa94-04c1-424b-9868-57a2d4851a1d" />
    <TestEntry testId="5aee1987-ec48-787b-31d3-fe2a9e31e772" executionId="21834697-57ef-4a2a-bab2-a584cc609606" testListId="8c84fa94-04c1-424b-9868-57a2d4851a1d" />
    <TestEntry testId="f8eaf1dc-b859-6623-e5ad-974dd53ad456" executionId="2ecb16fb-2b8c-4670-a896-904252cbe14e" testListId="8c84fa94-04c1-424b-9868-57a2d4851a1d" />
    <TestEntry testId="c0fbebe8-662e-1768-fb63-e3fa6064e5a1" executionId="8ec8bd19-4b63-444b-95ef-932d47c0a657" testListId="8c84fa94-04c1-424b-9868-57a2d4851a1d" />
    <TestEntry testId="c435aae9-5b22-bdd0-e52d-6186cac6a468" executionId="8981940f-feef-4564-ad92-db6b449dc918" testListId="8c84fa94-04c1-424b-9868-57a2d4851a1d" />
    <TestEntry testId="7f664b57-7413-e68a-c6c0-a58e6b75f164" executionId="1bda3b0e-2971-4bb0-8a1e-99795cbfc747" testListId="8c84fa94-04c1-424b-9868-57a2d4851a1d" />
    <TestEntry testId="3a44bf9a-8ca0-1e46-e5d0-584bd0cbe223" executionId="1da37735-94bc-4723-9c7f-f01db7e565b8" testListId="8c84fa94-04c1-424b-9868-57a2d4851a1d" />
    <TestEntry testId="b77ab5c7-4e76-dc3e-b1c6-67decc6894df" executionId="abf8023e-07b1-490e-8443-a22ef1716053" testListId="8c84fa94-04c1-424b-9868-57a2d4851a1d" />
    <TestEntry testId="3a461286-4d9a-bb6f-bf27-81b491059d6a" executionId="5e821d03-7095-4217-867a-77ac10b0cb47" testListId="8c84fa94-04c1-424b-9868-57a2d4851a1d" />
    <TestEntry testId="727eace4-6f24-f89e-4093-133963eb0bdd" executionId="3b88ec6e-81f4-4465-b8ff-7492a95bda8d" testListId="8c84fa94-04c1-424b-9868-57a2d4851a1d" />
    <TestEntry testId="338ec46a-cbb9-1c81-1283-b774722703ea" executionId="0a5f0e7b-46f5-4d94-ab61-9a73b86dba0d" testListId="8c84fa94-04c1-424b-9868-57a2d4851a1d" />
    <TestEntry testId="b3aaeac2-8a8e-15b7-f149-450ef9d8d467" executionId="5f636939-adb1-4f9f-83bc-c12d5e886eb2" testListId="8c84fa94-04c1-424b-9868-57a2d4851a1d" />
    <TestEntry testId="0f3901de-ced3-95a2-d7b7-1fb73bba7570" executionId="ae617214-053d-459e-803f-83339c1cd8eb" testListId="8c84fa94-04c1-424b-9868-57a2d4851a1d" />
    <TestEntry testId="5b38455f-575a-f0bf-1374-9f24005465f7" executionId="ce3bd32a-98c1-48e0-9224-ff4a4086b181" testListId="8c84fa94-04c1-424b-9868-57a2d4851a1d" />
    <TestEntry testId="7a953664-98b1-285b-43a1-df248849d87e" executionId="6404b6ba-9915-4c86-9100-9a1cfc55e8c4" testListId="8c84fa94-04c1-424b-9868-57a2d4851a1d" />
    <TestEntry testId="2b46b6c4-bcde-6b7d-2664-3e89c49247f4" executionId="61bca970-2c95-4566-bf49-974e93dc0bd2" testListId="8c84fa94-04c1-424b-9868-57a2d4851a1d" />
    <TestEntry testId="dcedc9aa-0a2b-4f0d-afad-d14fe62fdbd7" executionId="09f7fa48-c161-4894-9653-d40524bbc805" testListId="8c84fa94-04c1-424b-9868-57a2d4851a1d" />
    <TestEntry testId="87907f38-5e5a-055c-b4ad-972d80a0d676" executionId="b97ab4c7-93e6-4b4c-baa8-8fcb24d87383" testListId="8c84fa94-04c1-424b-9868-57a2d4851a1d" />
    <TestEntry testId="5fd77bc3-628f-79b5-9bc7-14dea7ab0867" executionId="b76c1b88-54dc-4c45-9b8b-7721984d0f08" testListId="8c84fa94-04c1-424b-9868-57a2d4851a1d" />
    <TestEntry testId="6d978bab-aad4-7287-6436-c0f917b175ca" executionId="c02de162-3558-4490-8dbf-715c6c92a18f" testListId="8c84fa94-04c1-424b-9868-57a2d4851a1d" />
    <TestEntry testId="0a4e5b36-6578-df3d-cfd2-3d6ee660820a" executionId="e4cfab2e-815a-4637-b751-7a36028706a7" testListId="8c84fa94-04c1-424b-9868-57a2d4851a1d" />
    <TestEntry testId="532cb81a-df32-0fbd-c0b0-8629f10837bd" executionId="db7d6f82-d9ed-4c6b-be1f-524000102a8c" testListId="8c84fa94-04c1-424b-9868-57a2d4851a1d" />
    <TestEntry testId="c9679473-a3e5-7489-307e-ee6faf3a6896" executionId="f97dd2f7-4a52-454e-a282-ffb84f903698" testListId="8c84fa94-04c1-424b-9868-57a2d4851a1d" />
    <TestEntry testId="c6aa84d9-56b3-333b-31b6-309528e6353e" executionId="f769b895-35a1-464d-833c-8f92261ca7b0" testListId="8c84fa94-04c1-424b-9868-57a2d4851a1d" />
    <TestEntry testId="22f81f95-90ca-baa7-300b-797405eeaf34" executionId="7298d679-c49b-40ff-977d-a0ac6a4f561a" testListId="8c84fa94-04c1-424b-9868-57a2d4851a1d" />
    <TestEntry testId="708d048c-4fd9-557c-20db-ce75a712beed" executionId="f296c022-815c-413b-99e8-dd3b03733892" testListId="8c84fa94-04c1-424b-9868-57a2d4851a1d" />
    <TestEntry testId="0888e3f9-abd4-4799-6395-fe5ed75b869d" executionId="4e1b7bd4-df5e-4a79-b1f2-16c150b44230" testListId="8c84fa94-04c1-424b-9868-57a2d4851a1d" />
    <TestEntry testId="fab1182a-1ea1-5a85-a52f-fa7890fd3d44" executionId="cb691bef-07da-449b-814f-d3210a96cb34" testListId="8c84fa94-04c1-424b-9868-57a2d4851a1d" />
    <TestEntry testId="f2eafc92-05e6-6561-5ea1-9b5fc4ef5a32" executionId="5cee8738-bfaf-40af-a346-9e20a955eca0" testListId="8c84fa94-04c1-424b-9868-57a2d4851a1d" />
    <TestEntry testId="15d239ea-71aa-55f8-a2eb-41474406f678" executionId="245f59a4-e6b0-4c12-8922-514e29d4dec8" testListId="8c84fa94-04c1-424b-9868-57a2d4851a1d" />
    <TestEntry testId="771137e7-8711-d371-fedf-d100a6d214c7" executionId="211b8dc3-6dfb-40d1-88aa-2dd43beb3183" testListId="8c84fa94-04c1-424b-9868-57a2d4851a1d" />
    <TestEntry testId="f997409a-cc5a-67e4-b0e7-5e198ad107a1" executionId="c264465f-5dbe-4bb7-8e47-cfe02d693920" testListId="8c84fa94-04c1-424b-9868-57a2d4851a1d" />
    <TestEntry testId="1f23f407-ba0c-3271-0197-9ffb55ef110e" executionId="a914ff18-98f4-4668-93c5-bb7274f6eac5" testListId="8c84fa94-04c1-424b-9868-57a2d4851a1d" />
    <TestEntry testId="e76f4094-8dcd-5aeb-e147-a8a4e7a18b8c" executionId="d4486b8b-9a56-4da5-aaea-2706220c6387" testListId="8c84fa94-04c1-424b-9868-57a2d4851a1d" />
    <TestEntry testId="e0ca0f50-e0fe-3af6-65f6-228d57aa9d13" executionId="651d88ff-b061-45f4-9e50-a8e287ba2e22" testListId="8c84fa94-04c1-424b-9868-57a2d4851a1d" />
    <TestEntry testId="4e8d1cbd-b8ef-6778-0ee2-4c64d9b96b59" executionId="2434b11d-7627-44bb-9bc6-14a03b1a7c5d" testListId="8c84fa94-04c1-424b-9868-57a2d4851a1d" />
    <TestEntry testId="4acf2e12-f867-ff67-73aa-be136e127327" executionId="60475ec2-7a1a-4497-9241-ecd9f35f9553" testListId="8c84fa94-04c1-424b-9868-57a2d4851a1d" />
    <TestEntry testId="13753856-9a1f-9357-f48e-ccc42a00eb0c" executionId="25de8b31-5059-47ff-b8d3-f599dbc662ff" testListId="8c84fa94-04c1-424b-9868-57a2d4851a1d" />
    <TestEntry testId="e998f77e-77b2-7e10-d8db-3813eb8031aa" executionId="a2d5cf15-ac3f-47be-b668-ab236f7deccd" testListId="8c84fa94-04c1-424b-9868-57a2d4851a1d" />
    <TestEntry testId="f701d271-970d-88b5-079f-6601babfed26" executionId="c6da559c-fa9b-4c32-8390-ecf074940233" testListId="8c84fa94-04c1-424b-9868-57a2d4851a1d" />
    <TestEntry testId="383557df-ae77-e167-ffa1-ee8498a57d67" executionId="64835e2f-1c76-49d6-abce-f4162dca0a03" testListId="8c84fa94-04c1-424b-9868-57a2d4851a1d" />
    <TestEntry testId="86edbbe8-5149-0aa3-dcd3-1e89f5303917" executionId="0c5d8239-50f4-47a2-8ff3-d84e8f5354a2" testListId="8c84fa94-04c1-424b-9868-57a2d4851a1d" />
    <TestEntry testId="14f3ec32-0fa4-5f7a-4835-a25af4f36100" executionId="c5e280da-bb1f-4860-8564-6b6cb4c5e6f9" testListId="8c84fa94-04c1-424b-9868-57a2d4851a1d" />
    <TestEntry testId="64acf650-ab74-e994-39a9-4ff5a401cc98" executionId="d6093958-9679-4105-ab84-0f65fbd70c33" testListId="8c84fa94-04c1-424b-9868-57a2d4851a1d" />
    <TestEntry testId="0a4e5b36-6578-df3d-cfd2-3d6ee660820a" executionId="58fc953d-aaa5-470e-9a38-27ea414a3b65" testListId="8c84fa94-04c1-424b-9868-57a2d4851a1d" />
    <TestEntry testId="0a4e5b36-6578-df3d-cfd2-3d6ee660820a" executionId="be4e53d4-c8d2-4b9b-86f2-21f5a94f79ea" testListId="8c84fa94-04c1-424b-9868-57a2d4851a1d" />
    <TestEntry testId="3898ccc9-d005-6a67-598e-bc078f848ef1" executionId="88dc25fd-2e98-4c93-bacc-aeaed555c592" testListId="8c84fa94-04c1-424b-9868-57a2d4851a1d" />
    <TestEntry testId="10564402-f576-f83c-7508-dc98243ffb4b" executionId="0bb89f22-d103-4b2e-a7f1-cc0d8c5c44bd" testListId="8c84fa94-04c1-424b-9868-57a2d4851a1d" />
    <TestEntry testId="709c7513-9237-87e3-38c3-aa85300198a4" executionId="aed1d091-ae98-4d76-80d7-f9a4c64d8fd3" testListId="8c84fa94-04c1-424b-9868-57a2d4851a1d" />
    <TestEntry testId="d2a9174b-0e8a-f538-f842-cd59e66f5936" executionId="ffe029a8-ae74-4f4b-ab2e-d7a27340d9fc" testListId="8c84fa94-04c1-424b-9868-57a2d4851a1d" />
    <TestEntry testId="4b45c6e7-7f37-b930-8977-ed2b5f3bab07" executionId="feaff147-bb54-45ca-a263-d8a6447d9553" testListId="8c84fa94-04c1-424b-9868-57a2d4851a1d" />
    <TestEntry testId="81d4eeef-857b-5bf1-5cd0-3e8726c4f84c" executionId="887bf09a-ced1-4e39-a75a-b1eadd145746" testListId="8c84fa94-04c1-424b-9868-57a2d4851a1d" />
    <TestEntry testId="77328071-fcbe-8814-7b38-9b55da6b9e94" executionId="768cedc3-01c5-4dc7-b869-9fddd0f46fcb" testListId="8c84fa94-04c1-424b-9868-57a2d4851a1d" />
    <TestEntry testId="7b69f7ac-73d5-55bc-5045-f13549ae846c" executionId="817d34b2-6965-49bb-844b-1605fddfee17" testListId="8c84fa94-04c1-424b-9868-57a2d4851a1d" />
    <TestEntry testId="e072681a-a667-cb13-263c-17284bfd2cca" executionId="538f843f-d671-405c-ac59-ca72835568c2" testListId="8c84fa94-04c1-424b-9868-57a2d4851a1d" />
    <TestEntry testId="380c2d79-325d-3409-b945-e63fa33fc5f3" executionId="50c7c452-2067-4436-b582-ff2378643d87" testListId="8c84fa94-04c1-424b-9868-57a2d4851a1d" />
    <TestEntry testId="64807985-c509-c615-5e46-3ee5e8e0197e" executionId="064e55fa-f338-4103-806b-c5af53940b02" testListId="8c84fa94-04c1-424b-9868-57a2d4851a1d" />
    <TestEntry testId="df32f1cb-82fe-5f6f-2fce-2d11c090b877" executionId="5710c142-7b0c-400e-96d0-963b8e2288fe" testListId="8c84fa94-04c1-424b-9868-57a2d4851a1d" />
    <TestEntry testId="78ae1d5d-740b-66e6-7a5c-ade2279f3a28" executionId="9bdfdde3-1f22-4853-8b78-0dbda47e36c0" testListId="8c84fa94-04c1-424b-9868-57a2d4851a1d" />
    <TestEntry testId="d4781dc2-7c6c-059d-3535-c27ddbecee56" executionId="d1f3c8b0-5cba-427f-9cfd-5c425d0ae23d" testListId="8c84fa94-04c1-424b-9868-57a2d4851a1d" />
    <TestEntry testId="d099ba8f-3bb5-6902-b93b-2d0bd66877da" executionId="9f436c0c-ecc3-41df-954c-b2e6991f1869" testListId="8c84fa94-04c1-424b-9868-57a2d4851a1d" />
    <TestEntry testId="8338d7c2-18e7-4534-499f-88d705208b50" executionId="57c5cc7f-80fd-4cd6-8f6e-b2d2aaeac1bc" testListId="8c84fa94-04c1-424b-9868-57a2d4851a1d" />
    <TestEntry testId="5ffa61d1-ba0a-5c24-5f29-257815c65d94" executionId="674052c9-f1c6-48c7-9658-bc544a2cc9ca" testListId="8c84fa94-04c1-424b-9868-57a2d4851a1d" />
    <TestEntry testId="9dd385ef-b7c1-a45d-9dea-e00dc401f11c" executionId="716bb83a-966f-4e93-9cf3-f6a195b2b164" testListId="8c84fa94-04c1-424b-9868-57a2d4851a1d" />
    <TestEntry testId="0910d3e9-c4fa-4b0a-4db0-a2f6efd079c5" executionId="b80b0783-b158-4a13-9f17-5faa9d55dc2a" testListId="8c84fa94-04c1-424b-9868-57a2d4851a1d" />
    <TestEntry testId="a7073313-f063-a674-8d00-3ff21318e1ce" executionId="7c819a33-0989-4250-82e4-91e9aa9661d1" testListId="8c84fa94-04c1-424b-9868-57a2d4851a1d" />
    <TestEntry testId="b93013c3-d297-89cf-1fce-624bcbbbca6c" executionId="f72b4760-0a5f-454d-ae4c-f9ef3e87e107" testListId="8c84fa94-04c1-424b-9868-57a2d4851a1d" />
    <TestEntry testId="c0f25cd3-6ed3-eae8-438d-18b69791b31c" executionId="53486505-79c2-4a56-8782-42870b4aa409" testListId="8c84fa94-04c1-424b-9868-57a2d4851a1d" />
    <TestEntry testId="84f87709-ca75-b015-fe61-63a08c2421fb" executionId="7484c7f1-0590-40fa-b012-fec61ca1cd76" testListId="8c84fa94-04c1-424b-9868-57a2d4851a1d" />
    <TestEntry testId="35b5f995-b2f1-b0ad-4d21-7b40aa694ec8" executionId="983d3be2-1f13-4bc9-a0f8-408402acae67" testListId="8c84fa94-04c1-424b-9868-57a2d4851a1d" />
    <TestEntry testId="8fad5930-640a-f193-8986-d1e8191830e2" executionId="f0c426cf-e827-4d20-a74f-11a6899b2391" testListId="8c84fa94-04c1-424b-9868-57a2d4851a1d" />
    <TestEntry testId="f680908c-3b4b-7b4d-7066-6e5fce7c0b27" executionId="411c0268-c56b-4d4f-af49-6fb90e0668fc" testListId="8c84fa94-04c1-424b-9868-57a2d4851a1d" />
    <TestEntry testId="4fc92a95-da20-ab9b-15d1-74f6c3c27fe0" executionId="edd90a3d-f5a4-402e-84d0-bb613dff682f" testListId="8c84fa94-04c1-424b-9868-57a2d4851a1d" />
    <TestEntry testId="9029e935-145d-d5fd-fae9-96c860349038" executionId="b7492e42-e317-4144-b7ae-d973dadf1b2f" testListId="8c84fa94-04c1-424b-9868-57a2d4851a1d" />
    <TestEntry testId="cc634d85-ac00-a639-0e52-434691164702" executionId="c0e49e97-383e-4d36-9d10-35bd51b82ae0" testListId="8c84fa94-04c1-424b-9868-57a2d4851a1d" />
    <TestEntry testId="dacad55c-89db-4a83-ada9-6fb14502b91c" executionId="6b4a93d6-8b26-4101-bfc5-d6ddbd0f2c7a" testListId="8c84fa94-04c1-424b-9868-57a2d4851a1d" />
    <TestEntry testId="9a0fb96e-e4fc-b2c2-ba48-82a57235f1f3" executionId="7b34d163-4689-4357-af32-9efe7de69682" testListId="8c84fa94-04c1-424b-9868-57a2d4851a1d" />
    <TestEntry testId="b8af5950-498b-c4c9-4d6a-619dcb6074cf" executionId="5232fa36-20a2-4057-9581-71f57bf804d3" testListId="8c84fa94-04c1-424b-9868-57a2d4851a1d" />
    <TestEntry testId="3a1ea9f6-a18a-e117-50e1-2abd43b289e2" executionId="829d9e89-87dd-4d65-8398-104862dbde03" testListId="8c84fa94-04c1-424b-9868-57a2d4851a1d" />
    <TestEntry testId="da571dbb-0f8b-5648-4221-79651d811e25" executionId="b67ac1ea-e6cc-40c6-9915-29754ed5c091" testListId="8c84fa94-04c1-424b-9868-57a2d4851a1d" />
    <TestEntry testId="01eab79c-bc50-d06f-cdd9-f0cb405d3b66" executionId="2c6ecbb7-ae36-4db7-afc1-74741c60af9b" testListId="8c84fa94-04c1-424b-9868-57a2d4851a1d" />
    <TestEntry testId="d2bdec8a-ca9e-7ce3-8f9b-b4cc3a8ec042" executionId="be81c3c3-5f70-4840-9a5d-4c4d1c6167a9" testListId="8c84fa94-04c1-424b-9868-57a2d4851a1d" />
    <TestEntry testId="4fdd99bf-6905-0af0-30e5-6e050f489153" executionId="da41e860-ff44-4fcd-b81d-62c023705777" testListId="8c84fa94-04c1-424b-9868-57a2d4851a1d" />
    <TestEntry testId="0d8d7f88-cdb1-c8e3-59a9-3cff81206fb2" executionId="9f190eab-f3c5-4499-8739-98a717cff5ef" testListId="8c84fa94-04c1-424b-9868-57a2d4851a1d" />
    <TestEntry testId="c41fdcd8-e2bb-ccbb-e17c-f63252358ede" executionId="7bea565c-4c1a-44bb-a734-ae944d0ec827" testListId="8c84fa94-04c1-424b-9868-57a2d4851a1d" />
    <TestEntry testId="4729feb7-4741-1ecd-d16a-200494d70780" executionId="d5017344-bc2a-4942-9ef8-4f61d4b51127" testListId="8c84fa94-04c1-424b-9868-57a2d4851a1d" />
    <TestEntry testId="07ec7b90-4f80-77d6-d19d-abca75ed0c64" executionId="92ae5a21-5ecd-4fe9-a1d4-bba826e95b26" testListId="8c84fa94-04c1-424b-9868-57a2d4851a1d" />
    <TestEntry testId="97644baf-75da-2d1d-90ad-632f1839ba1c" executionId="f45b9348-0e98-4ee4-b5f6-898336e76bd3" testListId="8c84fa94-04c1-424b-9868-57a2d4851a1d" />
    <TestEntry testId="d15f2956-b0bb-0a02-ecca-d862db8848a6" executionId="6f578321-8192-461f-9eda-6ce24b9fa82a" testListId="8c84fa94-04c1-424b-9868-57a2d4851a1d" />
    <TestEntry testId="425d7941-e1e0-5212-c622-83e7ab8c692e" executionId="7361cd8d-9b39-42f2-8728-65c97b464840" testListId="8c84fa94-04c1-424b-9868-57a2d4851a1d" />
    <TestEntry testId="046c17a3-2693-b379-a8a6-25e6537747cf" executionId="a9709823-ca76-48dc-bc5c-97ac0b82c1fb" testListId="8c84fa94-04c1-424b-9868-57a2d4851a1d" />
    <TestEntry testId="9b54bf22-f513-708f-8279-2654a94cc1cf" executionId="3f921608-ecbb-43ae-8159-8dc683d92e98" testListId="8c84fa94-04c1-424b-9868-57a2d4851a1d" />
    <TestEntry testId="89b47aac-6f01-eda4-d247-3a79dc9d2cab" executionId="7377ba0a-330b-4399-91e9-0f503acdb6b0" testListId="8c84fa94-04c1-424b-9868-57a2d4851a1d" />
    <TestEntry testId="82925021-fc8d-b0e6-5578-b84c5fa8b18a" executionId="e13806ab-ab76-4c7c-88db-69a7f18d3ebd" testListId="8c84fa94-04c1-424b-9868-57a2d4851a1d" />
    <TestEntry testId="a2c904bd-3f69-e9d9-0ae2-6c94ccb201e3" executionId="a66d9917-3d91-47ed-aaf6-e28411f1233d" testListId="8c84fa94-04c1-424b-9868-57a2d4851a1d" />
    <TestEntry testId="b162402f-2c1b-0582-f67d-d6b489572737" executionId="17268d88-22f1-4efe-972f-7add3833a863" testListId="8c84fa94-04c1-424b-9868-57a2d4851a1d" />
    <TestEntry testId="c0d12a95-e15f-6166-5a13-d922c014e85f" executionId="b82ac061-e77a-4988-8183-1d91666c42c6" testListId="8c84fa94-04c1-424b-9868-57a2d4851a1d" />
    <TestEntry testId="0a4e5b36-6578-df3d-cfd2-3d6ee660820a" executionId="7eb67002-8319-4714-af60-a1132a1648be" testListId="8c84fa94-04c1-424b-9868-57a2d4851a1d" />
    <TestEntry testId="aab428ed-a31b-f1b7-b0cd-f341bed7d107" executionId="eaad5a51-d635-4c24-a8ec-7dffeefc0fa0" testListId="8c84fa94-04c1-424b-9868-57a2d4851a1d" />
    <TestEntry testId="1656f45b-677e-89a1-0f61-ab22cd78d2db" executionId="a78275f4-f6f1-4b1b-81e1-c4b13cce6d83" testListId="8c84fa94-04c1-424b-9868-57a2d4851a1d" />
    <TestEntry testId="9db4bf7e-3e99-c9d1-0a71-7ee3bc093993" executionId="624fc0a5-8131-4ec8-884b-1a9de02b9794" testListId="8c84fa94-04c1-424b-9868-57a2d4851a1d" />
    <TestEntry testId="d02a9bfe-ef70-0b80-6768-a063d853aefd" executionId="6a1abe2c-651a-4195-9855-5024c45db06b" testListId="8c84fa94-04c1-424b-9868-57a2d4851a1d" />
    <TestEntry testId="8d2c3378-22f0-b4e2-6833-c26077a86417" executionId="b9514349-da75-4333-87e9-b3dadc0f1076" testListId="8c84fa94-04c1-424b-9868-57a2d4851a1d" />
    <TestEntry testId="b7e1ee47-1435-7822-cf95-e3720fecc94e" executionId="1f7cddea-81ab-48ca-9157-334b6ca103e7" testListId="8c84fa94-04c1-424b-9868-57a2d4851a1d" />
    <TestEntry testId="cecff56d-f2c2-5f4f-f26a-46e190ce7353" executionId="920e7234-0a7c-4a76-ae17-4f4296af98fd" testListId="8c84fa94-04c1-424b-9868-57a2d4851a1d" />
    <TestEntry testId="13ba617e-c06d-6b6c-0709-611e06771ad4" executionId="62312fb7-fcb7-47e2-bd12-e04ea322334c" testListId="8c84fa94-04c1-424b-9868-57a2d4851a1d" />
    <TestEntry testId="a189583c-978a-c969-def3-f27770df3054" executionId="ec46c3e0-1e43-4665-9606-46fe6e22cd6a" testListId="8c84fa94-04c1-424b-9868-57a2d4851a1d" />
    <TestEntry testId="3417a0aa-0a1b-f490-3003-26e2483aac2f" executionId="ab22b142-5852-41b8-9f72-408f6b757b0a" testListId="8c84fa94-04c1-424b-9868-57a2d4851a1d" />
    <TestEntry testId="5004265f-fd28-da5b-c559-ead79e5384bf" executionId="185b7952-403a-4397-8972-6b06b9cea761" testListId="8c84fa94-04c1-424b-9868-57a2d4851a1d" />
    <TestEntry testId="b9ffa3f4-1f18-4167-4317-71e05fdcc916" executionId="cd53424e-55cf-4e0a-9f4c-8180418c731d" testListId="8c84fa94-04c1-424b-9868-57a2d4851a1d" />
    <TestEntry testId="2690c66e-1a17-c167-c5a2-9a34963b7540" executionId="ea8f7355-4e86-49c2-be5c-0efd863c2a15" testListId="8c84fa94-04c1-424b-9868-57a2d4851a1d" />
    <TestEntry testId="43a12b2e-14a7-1d5f-4fc9-a448b6cf0edd" executionId="c6de493d-1347-44f6-88e4-4ed895701559" testListId="8c84fa94-04c1-424b-9868-57a2d4851a1d" />
    <TestEntry testId="e26b2205-c180-7f1b-f046-b9155ed9b951" executionId="1ea6a4d0-f920-446e-87f0-0e1f03533a71" testListId="8c84fa94-04c1-424b-9868-57a2d4851a1d" />
    <TestEntry testId="221c6f5c-67df-3e64-4570-740aa30cf80e" executionId="0c2a8e4b-80ac-4ed9-a54f-ddc40540565e" testListId="8c84fa94-04c1-424b-9868-57a2d4851a1d" />
    <TestEntry testId="9029e935-145d-d5fd-fae9-96c860349038" executionId="890a34b8-ccfb-45c1-b9bf-27964fbced8b" testListId="8c84fa94-04c1-424b-9868-57a2d4851a1d" />
    <TestEntry testId="cefd37a3-357f-d082-971e-590f86c9275f" executionId="f240fd4e-cb4b-4358-a3f7-c41b20a8ffb2" testListId="8c84fa94-04c1-424b-9868-57a2d4851a1d" />
    <TestEntry testId="34b0562a-74f3-0cb2-347b-f7ebddcca606" executionId="633fc450-652a-4f6b-9bd3-8b3738e5364e" testListId="8c84fa94-04c1-424b-9868-57a2d4851a1d" />
    <TestEntry testId="b78c4a54-8a8a-cc80-cfbb-7be5b5023229" executionId="7981c103-9a05-46b8-9107-769bca3ccba7" testListId="8c84fa94-04c1-424b-9868-57a2d4851a1d" />
    <TestEntry testId="a6e357f5-5043-640f-dc7b-7f6d8536f9c8" executionId="8e21ae07-e215-4c1f-9043-3e2cec27966b" testListId="8c84fa94-04c1-424b-9868-57a2d4851a1d" />
    <TestEntry testId="f8c8d11d-62f5-abc3-7817-a973cfa3607a" executionId="8c2f05a5-782f-4e6b-958f-ce9d0d0ba7bc" testListId="8c84fa94-04c1-424b-9868-57a2d4851a1d" />
    <TestEntry testId="898a040b-fc5b-2cd2-659c-46113f65fe38" executionId="b2567177-0a07-42e8-87a0-5e75f9351a51" testListId="8c84fa94-04c1-424b-9868-57a2d4851a1d" />
    <TestEntry testId="42e0893f-9727-8df7-fab4-99edc06f1ca2" executionId="b80af9a8-125e-4bb1-85d0-a61d309a6708" testListId="8c84fa94-04c1-424b-9868-57a2d4851a1d" />
    <TestEntry testId="21be0112-22bc-28e4-3be0-7f0713407426" executionId="a3e823e9-0adb-45f5-9769-1c914d8a4ddf" testListId="8c84fa94-04c1-424b-9868-57a2d4851a1d" />
    <TestEntry testId="102b1376-858e-c079-f8d2-05ad7ca84e2b" executionId="664d482e-5a4a-422c-94ee-e237e9004f61" testListId="8c84fa94-04c1-424b-9868-57a2d4851a1d" />
    <TestEntry testId="a727049e-baa7-2030-caa3-50ce4db896ae" executionId="700c0fdc-5d1c-4b38-94ad-41323947569a" testListId="8c84fa94-04c1-424b-9868-57a2d4851a1d" />
    <TestEntry testId="1d2a1f8c-9df5-1e11-ff05-9be1bb8085db" executionId="e522ffd3-4818-4e0d-b1c2-de6fe4986d8f" testListId="8c84fa94-04c1-424b-9868-57a2d4851a1d" />
    <TestEntry testId="f5f2e97a-f5f8-6deb-42be-a32de8760af2" executionId="51da9a05-ecd1-487d-b332-6364edda19e0" testListId="8c84fa94-04c1-424b-9868-57a2d4851a1d" />
    <TestEntry testId="84f93f59-fd44-afa7-32df-18fcfc62c68f" executionId="15de4893-aadb-460c-9577-3ded4007b46b" testListId="8c84fa94-04c1-424b-9868-57a2d4851a1d" />
    <TestEntry testId="45b9039f-b96a-687f-1be5-e83ccd97ef2c" executionId="4fcf833d-faaf-4088-9df1-63942af257e9" testListId="8c84fa94-04c1-424b-9868-57a2d4851a1d" />
    <TestEntry testId="156bd96a-a805-e045-2ce9-1615a20e29fa" executionId="ce3c7fb6-f290-4b05-835b-4755da1f50a0" testListId="8c84fa94-04c1-424b-9868-57a2d4851a1d" />
    <TestEntry testId="f1b8d3af-7232-b482-4982-8c83d005f2cf" executionId="ff6a068e-3d35-40d0-8544-07826cac346e" testListId="8c84fa94-04c1-424b-9868-57a2d4851a1d" />
    <TestEntry testId="4586ccb8-434e-a6fb-3efe-7ae23e91a4a4" executionId="f3da57d9-7fb7-435c-8ba1-13555b19e01f" testListId="8c84fa94-04c1-424b-9868-57a2d4851a1d" />
    <TestEntry testId="efa5f5d5-e246-d31e-90ae-ee25a83e9147" executionId="a801fbd1-399a-487a-a383-1a994c9d1242" testListId="8c84fa94-04c1-424b-9868-57a2d4851a1d" />
    <TestEntry testId="0d83c1ac-5a73-d746-bd8b-9b4e86108c9b" executionId="9edb5787-6384-45f8-9c92-901101224fde" testListId="8c84fa94-04c1-424b-9868-57a2d4851a1d" />
    <TestEntry testId="c3ba5d7c-9bf9-1a13-3c27-8e6b50e0674e" executionId="6e6052ba-29f0-4c4c-8ca2-ec7aa2efd868" testListId="8c84fa94-04c1-424b-9868-57a2d4851a1d" />
    <TestEntry testId="957f9b92-e025-9215-a70c-c67cce904d02" executionId="67174d1f-568f-4715-9c76-159bf5d450a1" testListId="8c84fa94-04c1-424b-9868-57a2d4851a1d" />
    <TestEntry testId="f6b2dd1a-21fb-6c4a-e3a3-9cff7ca08b77" executionId="83d31f83-d9fb-46ad-a9a2-05f4b9a40279" testListId="8c84fa94-04c1-424b-9868-57a2d4851a1d" />
    <TestEntry testId="ae8385af-29cc-f7d5-51ff-84300db47ada" executionId="bf9060ef-94ef-4dcc-ad1c-e7e403dcfef4" testListId="8c84fa94-04c1-424b-9868-57a2d4851a1d" />
    <TestEntry testId="10a1b738-5399-5e92-e2ed-009c7ed9c454" executionId="cc69f003-a7c1-4bfd-9fbd-019a0b3b093d" testListId="8c84fa94-04c1-424b-9868-57a2d4851a1d" />
    <TestEntry testId="c852f0f2-cc0b-cd32-55ea-6f08f26c6103" executionId="7bdbf899-a7a5-45da-8860-3b7ed062207b" testListId="8c84fa94-04c1-424b-9868-57a2d4851a1d" />
    <TestEntry testId="da008dea-21a3-bbc8-6446-27067c0278d2" executionId="c575f712-9fc2-4859-9eff-2efa78434347" testListId="8c84fa94-04c1-424b-9868-57a2d4851a1d" />
    <TestEntry testId="5b36a0fc-0af7-9466-52bd-af4aae9184ca" executionId="be07f620-522d-46c3-90d4-6c8d18049c88" testListId="8c84fa94-04c1-424b-9868-57a2d4851a1d" />
    <TestEntry testId="862de922-2beb-921d-d13a-0b59aae77f6b" executionId="56fc74a6-427c-44cf-952c-6a22bf94d69c" testListId="8c84fa94-04c1-424b-9868-57a2d4851a1d" />
    <TestEntry testId="a316d943-455b-a96d-fb1b-0c24977fe437" executionId="658b31cb-873d-42d4-b972-fd707ad67208" testListId="8c84fa94-04c1-424b-9868-57a2d4851a1d" />
    <TestEntry testId="5a96435f-7bfb-674d-9228-2eed29df56f2" executionId="45115f36-fc82-4b59-ad3f-25839465f286" testListId="8c84fa94-04c1-424b-9868-57a2d4851a1d" />
    <TestEntry testId="7005b14c-73a9-8c05-e947-be79236b7645" executionId="bc582b22-11d9-42ef-b8d6-0a2c63c3aaae" testListId="8c84fa94-04c1-424b-9868-57a2d4851a1d" />
    <TestEntry testId="db90aeda-99d3-8862-c893-f6a75596efbc" executionId="1e7d3283-4fe1-4b14-ae10-925da14d02b6" testListId="8c84fa94-04c1-424b-9868-57a2d4851a1d" />
    <TestEntry testId="d0502605-3206-9613-21e3-72be815877fa" executionId="0048976c-e055-4c98-bcfa-e915994fff04" testListId="8c84fa94-04c1-424b-9868-57a2d4851a1d" />
    <TestEntry testId="62414311-f47b-f1ac-7284-9bb4f606ff0e" executionId="0cce00b3-357f-4e08-8e61-ef7d44225794" testListId="8c84fa94-04c1-424b-9868-57a2d4851a1d" />
    <TestEntry testId="f31e45eb-b31b-c8a0-0fd1-7b7c41d2f7a0" executionId="e9e66320-97b6-43a0-b9e6-086182d09c94" testListId="8c84fa94-04c1-424b-9868-57a2d4851a1d" />
    <TestEntry testId="eafd993c-1009-37c6-4ede-de325862c5a7" executionId="2d7551f2-67e3-4723-a0e7-7c234bae16f8" testListId="8c84fa94-04c1-424b-9868-57a2d4851a1d" />
    <TestEntry testId="86a445c9-5dff-52f1-c98f-77ae4a8bc915" executionId="53e04a73-5cd7-4697-a81a-9c7e0b5e161b" testListId="8c84fa94-04c1-424b-9868-57a2d4851a1d" />
    <TestEntry testId="a3df582b-9242-8550-dbc2-e8cf5432b6b2" executionId="733560e0-8808-4330-8b9b-324c8d40265a" testListId="8c84fa94-04c1-424b-9868-57a2d4851a1d" />
    <TestEntry testId="549a6411-d3e1-79bc-a090-6c2d81e9f120" executionId="cf319e75-e5b2-4ccf-bf04-0ecf8675e9fc" testListId="8c84fa94-04c1-424b-9868-57a2d4851a1d" />
    <TestEntry testId="7aa29abd-7d3e-a7dc-4d9c-0edf39d05bae" executionId="5b3f9cf9-510d-4e0e-8fc2-a2d70512f974" testListId="8c84fa94-04c1-424b-9868-57a2d4851a1d" />
    <TestEntry testId="834cde2d-9602-045a-ea86-c849382faa06" executionId="511b2c68-9905-4414-a40f-adb9d6746a4e" testListId="8c84fa94-04c1-424b-9868-57a2d4851a1d" />
    <TestEntry testId="11e32396-3f3f-284e-b683-2e3e119136e4" executionId="03782102-58a2-416e-9d50-4ab2c7b8ffbe" testListId="8c84fa94-04c1-424b-9868-57a2d4851a1d" />
    <TestEntry testId="dc0d2b36-aa1d-1594-0d6a-cf1fe6649772" executionId="db496f39-0bed-4a08-a27e-b8e9232519b7" testListId="8c84fa94-04c1-424b-9868-57a2d4851a1d" />
    <TestEntry testId="41d4421e-5dd5-6cec-027d-d4227fb48184" executionId="52bb2ad7-9ae7-4696-bd6e-35369482d1dd" testListId="8c84fa94-04c1-424b-9868-57a2d4851a1d" />
    <TestEntry testId="cfda1da7-2899-4bbe-17b2-c69d57b6f85d" executionId="08a93592-a43c-4abc-9e8f-c5e6d71c9c8c" testListId="8c84fa94-04c1-424b-9868-57a2d4851a1d" />
    <TestEntry testId="feb3bdce-3024-5a59-89ff-b1ebe27d119c" executionId="3d02d0e3-cbf9-45e2-8def-36d01cbe13a6" testListId="8c84fa94-04c1-424b-9868-57a2d4851a1d" />
    <TestEntry testId="0b37f41d-8f42-9020-28e4-8cbe84e05257" executionId="31ca9d41-bbaa-4757-8897-feee05989536" testListId="8c84fa94-04c1-424b-9868-57a2d4851a1d" />
    <TestEntry testId="3073894f-f138-694b-5154-436b92ff7cb8" executionId="e6e42da3-a69c-405e-9465-95f25201b409" testListId="8c84fa94-04c1-424b-9868-57a2d4851a1d" />
    <TestEntry testId="222612dc-51ac-9b64-f67c-78952b32c155" executionId="218114b3-d292-4264-8166-719d65f82995" testListId="8c84fa94-04c1-424b-9868-57a2d4851a1d" />
    <TestEntry testId="87830711-b32c-2c47-4ef6-67875858e949" executionId="08f18f35-da51-42ba-a661-3dd5e7300fcf" testListId="8c84fa94-04c1-424b-9868-57a2d4851a1d" />
    <TestEntry testId="0ce35179-5c3e-8d99-982b-1a911192d0c8" executionId="1c33922b-01ab-4331-8ec6-b248acbcdb28" testListId="8c84fa94-04c1-424b-9868-57a2d4851a1d" />
    <TestEntry testId="491df381-b5ce-67d7-d550-c29421a6f155" executionId="d5f43d9f-f3b0-4bb4-a5d4-1e0ecf55bb44" testListId="8c84fa94-04c1-424b-9868-57a2d4851a1d" />
    <TestEntry testId="780b91d2-0044-d042-dc26-f60de2f5b427" executionId="3358e0a7-fbf6-4b5b-aad3-d2397c904157" testListId="8c84fa94-04c1-424b-9868-57a2d4851a1d" />
    <TestEntry testId="4d525835-86fa-0619-e484-37026867a280" executionId="34dbb02f-7506-4883-b7e1-53c3c59ac8cd" testListId="8c84fa94-04c1-424b-9868-57a2d4851a1d" />
    <TestEntry testId="f680908c-3b4b-7b4d-7066-6e5fce7c0b27" executionId="624fa2fe-4b0b-4b0b-a7fa-7a35613c2fdf" testListId="8c84fa94-04c1-424b-9868-57a2d4851a1d" />
    <TestEntry testId="2670b347-ae46-c79b-6a32-846917e5ef9a" executionId="6a26407e-6a4d-4183-b815-e20b3be98096" testListId="8c84fa94-04c1-424b-9868-57a2d4851a1d" />
    <TestEntry testId="22c303b8-43d5-607e-1d1f-d8119ff03ede" executionId="1f28ce04-41c4-4b50-99de-f2677931e54b" testListId="8c84fa94-04c1-424b-9868-57a2d4851a1d" />
    <TestEntry testId="48d0aa96-83b2-ad6d-f963-8245525eabe9" executionId="8d8a0efe-ca3a-4eea-9504-7a427960abfc" testListId="8c84fa94-04c1-424b-9868-57a2d4851a1d" />
    <TestEntry testId="795c0b9d-f299-8ffa-d2ce-4bce515e128c" executionId="2d198169-c454-4651-bf5e-c09475ee8b26" testListId="8c84fa94-04c1-424b-9868-57a2d4851a1d" />
    <TestEntry testId="e321a84a-46d6-5a10-48a6-04d6f541eeb1" executionId="faa918ce-5997-4a7e-9145-44ad27159cba" testListId="8c84fa94-04c1-424b-9868-57a2d4851a1d" />
    <TestEntry testId="e7590a2a-9404-cfd8-85e4-42ebf7fee746" executionId="0a2bd07f-c75d-4baf-9e48-e884bad16b1b" testListId="8c84fa94-04c1-424b-9868-57a2d4851a1d" />
    <TestEntry testId="86e972ed-14c6-3ad2-ddf5-8b4f957f0006" executionId="3f140366-dfee-4ac7-8fdc-657d4c4bd0dc" testListId="8c84fa94-04c1-424b-9868-57a2d4851a1d" />
    <TestEntry testId="17258b23-ff23-da1c-73fb-351e418fb581" executionId="399200f9-3a84-4448-b37e-417919a3ebfa" testListId="8c84fa94-04c1-424b-9868-57a2d4851a1d" />
    <TestEntry testId="0cd872bf-1428-c181-b201-48c4c96402b3" executionId="e09e2100-44cd-44b9-bc8b-21a490d2621d" testListId="8c84fa94-04c1-424b-9868-57a2d4851a1d" />
    <TestEntry testId="38ec599c-8886-9abd-0e90-9384d2644f53" executionId="f90ab57b-5d66-4bde-9d02-bf6397f1a986" testListId="8c84fa94-04c1-424b-9868-57a2d4851a1d" />
    <TestEntry testId="21718b1b-f62a-37ac-fbeb-8c4d4d01bc07" executionId="935ce4a7-34c2-458e-b2cf-c269dc61bcc0" testListId="8c84fa94-04c1-424b-9868-57a2d4851a1d" />
    <TestEntry testId="3127eee9-b24b-38fc-7372-b6a7a8378a18" executionId="c89efa40-0503-41b4-994b-65ef06aeff13" testListId="8c84fa94-04c1-424b-9868-57a2d4851a1d" />
    <TestEntry testId="0c0629d0-f6ea-17eb-459f-54981f9ede50" executionId="90a59893-2d9e-4b36-9673-a54bd9185ffd" testListId="8c84fa94-04c1-424b-9868-57a2d4851a1d" />
    <TestEntry testId="e28ccd3c-119e-ea01-443c-a177bc7fcafe" executionId="b0dd646b-77e3-4a56-ad2f-4c61cadb0eeb" testListId="8c84fa94-04c1-424b-9868-57a2d4851a1d" />
    <TestEntry testId="ba253b92-69e3-4e4f-d52c-11bff46fb10e" executionId="6da824ae-48bf-437e-aa43-f44f5b7530bf" testListId="8c84fa94-04c1-424b-9868-57a2d4851a1d" />
    <TestEntry testId="782e99d7-36f7-67c7-e68d-cb6d91a4a048" executionId="0008ab5a-4517-4473-a952-44eae4d36498" testListId="8c84fa94-04c1-424b-9868-57a2d4851a1d" />
    <TestEntry testId="61c2e857-2ecc-1265-1a6e-d3f3e6eddf31" executionId="ae8f90dd-9757-46ff-ada5-72a834498e66" testListId="8c84fa94-04c1-424b-9868-57a2d4851a1d" />
    <TestEntry testId="ceb42b69-4329-8c68-9d19-b6fb1b9c3ef1" executionId="acb976ea-0432-479b-8e15-819cbfd32442" testListId="8c84fa94-04c1-424b-9868-57a2d4851a1d" />
    <TestEntry testId="2521704e-7859-65c2-160f-02af43e2aa44" executionId="8b5ae7ff-2fcb-4f4d-bc79-9bda92533c44" testListId="8c84fa94-04c1-424b-9868-57a2d4851a1d" />
    <TestEntry testId="a1ef0514-5d41-eded-e838-32de99602a54" executionId="a3edfd0e-8681-4cfc-b93a-daac03d8c54e" testListId="8c84fa94-04c1-424b-9868-57a2d4851a1d" />
    <TestEntry testId="fca58915-8fae-a999-eb21-fb7a250b2818" executionId="51d89474-3432-4667-af9f-cb120b8bddaa" testListId="8c84fa94-04c1-424b-9868-57a2d4851a1d" />
    <TestEntry testId="bf43b520-f013-6f88-54e2-4da33d00fc9f" executionId="12e3dae3-2c98-46ef-ac4f-029b053ae1f2" testListId="8c84fa94-04c1-424b-9868-57a2d4851a1d" />
    <TestEntry testId="8d265b40-4d86-0fef-5f08-51df41bf9c7a" executionId="9b1823c4-d0a5-4933-9ade-f25304a0c602" testListId="8c84fa94-04c1-424b-9868-57a2d4851a1d" />
    <TestEntry testId="aa1fb81d-7b98-7b44-90a1-fd0ecea840da" executionId="5a397758-c5a2-4b87-a605-92b81533be47" testListId="8c84fa94-04c1-424b-9868-57a2d4851a1d" />
    <TestEntry testId="78a6f3bc-f69b-adde-fc5c-c831994f27cb" executionId="ca51b72d-73a0-4b72-bf51-159d3e27c605" testListId="8c84fa94-04c1-424b-9868-57a2d4851a1d" />
    <TestEntry testId="c16412a0-c100-f8dd-8f2b-f63db635bf73" executionId="6d8bb841-f61d-4391-970d-316500cd6b9b" testListId="8c84fa94-04c1-424b-9868-57a2d4851a1d" />
    <TestEntry testId="c7772852-e1ce-5a56-9e2d-f376c5ee0d2f" executionId="a8e4c863-b23a-4504-a8bc-ddf16aa1509d" testListId="8c84fa94-04c1-424b-9868-57a2d4851a1d" />
    <TestEntry testId="ad0fb3f5-59c6-f38e-8f48-61ec61251228" executionId="57bd2a2f-c021-4457-870f-42c4425c08fd" testListId="8c84fa94-04c1-424b-9868-57a2d4851a1d" />
    <TestEntry testId="f8050766-a819-6e5a-f094-40b949fa7692" executionId="a8ac2221-26b2-43ba-827f-c24fe68e9ef9" testListId="8c84fa94-04c1-424b-9868-57a2d4851a1d" />
    <TestEntry testId="5b8ffd61-7472-5d07-a1e1-10f78205a31d" executionId="bf7d96a6-a9b9-4bff-81ae-2fc19b287f63" testListId="8c84fa94-04c1-424b-9868-57a2d4851a1d" />
    <TestEntry testId="d4e99847-3efa-a01b-10b2-9229e2250900" executionId="fc5146c5-a5c5-4806-8f11-945c7b3dae8f" testListId="8c84fa94-04c1-424b-9868-57a2d4851a1d" />
    <TestEntry testId="1cf78aaf-7e14-43de-6645-da2adf43991c" executionId="50cc526c-176d-4687-bb8e-6f9894f3b307" testListId="8c84fa94-04c1-424b-9868-57a2d4851a1d" />
    <TestEntry testId="7b0dc253-1a60-98fa-ca06-9217e1553108" executionId="81e5aedd-a54d-49fd-a01d-3f9acd68a85b" testListId="8c84fa94-04c1-424b-9868-57a2d4851a1d" />
    <TestEntry testId="77538764-96ab-d361-cc57-e43d65dc3ccd" executionId="1b17e59d-34e8-4caf-8e76-608184138536" testListId="8c84fa94-04c1-424b-9868-57a2d4851a1d" />
    <TestEntry testId="35fc797f-8043-748e-70a2-2388d5cb8d3d" executionId="86b67963-137d-45c6-bf38-42a9c3a27514" testListId="8c84fa94-04c1-424b-9868-57a2d4851a1d" />
    <TestEntry testId="7e6ab9bc-6be0-57ee-f082-006f13f3fda7" executionId="d188c197-d239-4fec-9ee6-935154cf01e9" testListId="8c84fa94-04c1-424b-9868-57a2d4851a1d" />
    <TestEntry testId="f51cf9e2-cdcd-f8dd-962c-cbd4db2c5ec7" executionId="f2a2809c-0631-4728-af48-f031a2a7f89b" testListId="8c84fa94-04c1-424b-9868-57a2d4851a1d" />
    <TestEntry testId="ab584460-bac9-0990-0924-68a8db1e4a1e" executionId="1b7767ab-4d38-4d34-8be5-be35d17585ed" testListId="8c84fa94-04c1-424b-9868-57a2d4851a1d" />
    <TestEntry testId="ff967a29-b052-9b02-d0d2-90cfa45b8b4f" executionId="e5af3d74-83cc-4be5-88c9-61b0388ea2d1" testListId="8c84fa94-04c1-424b-9868-57a2d4851a1d" />
    <TestEntry testId="cbb16c95-d728-15c5-f7f7-7aec1e98ffde" executionId="f28b5416-2c04-4cbf-bc2b-b80fcbd2917d" testListId="8c84fa94-04c1-424b-9868-57a2d4851a1d" />
    <TestEntry testId="0bc3c781-e5e2-4061-bcbc-7fa16190d596" executionId="90dfba36-6aaa-4382-af0c-d25cb1412754" testListId="8c84fa94-04c1-424b-9868-57a2d4851a1d" />
    <TestEntry testId="013b26f2-09bd-8917-4b17-0706864d4c14" executionId="53d3c155-b32d-4763-8701-8881743d3bd2" testListId="8c84fa94-04c1-424b-9868-57a2d4851a1d" />
    <TestEntry testId="bf7f705f-c3a5-d6a3-c61b-3ef06011aead" executionId="0dd173bd-e9bb-4c95-b5ce-a97d1e9a06a3" testListId="8c84fa94-04c1-424b-9868-57a2d4851a1d" />
    <TestEntry testId="5ff1d928-fddf-7f17-ef34-f8a1593f2a8d" executionId="cd4b306f-76dd-46e7-ab24-e62356ac28dc" testListId="8c84fa94-04c1-424b-9868-57a2d4851a1d" />
    <TestEntry testId="d7f3ae8c-bf97-f47d-48ab-b1fc5ef00c66" executionId="ac728648-0f82-4bf9-b73b-24b839ceca3a" testListId="8c84fa94-04c1-424b-9868-57a2d4851a1d" />
    <TestEntry testId="53c0737c-9e1d-a506-fd7e-f73a88cea37f" executionId="76379534-7b52-47d6-bf63-7aa9a163c086" testListId="8c84fa94-04c1-424b-9868-57a2d4851a1d" />
    <TestEntry testId="f680908c-3b4b-7b4d-7066-6e5fce7c0b27" executionId="e8df7619-427b-45cd-b825-378fd37f195a" testListId="8c84fa94-04c1-424b-9868-57a2d4851a1d" />
    <TestEntry testId="48054fb2-bd75-c8f4-21b2-fc21c0457ce0" executionId="9d34c4cc-cc49-415e-9b35-f63f1d7f8b98" testListId="8c84fa94-04c1-424b-9868-57a2d4851a1d" />
    <TestEntry testId="5fa2d48f-d59e-30ed-e88d-ec6e2699e6a0" executionId="b5160d2c-94a9-4290-817d-b521954d719a" testListId="8c84fa94-04c1-424b-9868-57a2d4851a1d" />
    <TestEntry testId="e087b5f0-3763-6f36-256a-40fa9b7a8fcb" executionId="22cfae53-ea64-4ffe-94c7-cac903a95358" testListId="8c84fa94-04c1-424b-9868-57a2d4851a1d" />
    <TestEntry testId="35fdccc0-c07e-b0f5-43ff-b8462db1e66e" executionId="ca6166d7-786e-4770-8f2d-45348b5ae46f" testListId="8c84fa94-04c1-424b-9868-57a2d4851a1d" />
    <TestEntry testId="f680908c-3b4b-7b4d-7066-6e5fce7c0b27" executionId="2d1240ee-ad43-43c3-b7d0-b48fb7562060" testListId="8c84fa94-04c1-424b-9868-57a2d4851a1d" />
    <TestEntry testId="abe5f6e4-096b-0a4b-7a9e-2ac4821bca20" executionId="ccf952ce-8fb3-487a-b4da-52a7851f96bc" testListId="8c84fa94-04c1-424b-9868-57a2d4851a1d" />
    <TestEntry testId="872d533c-7618-1f1f-1814-b113065309ba" executionId="a2a47184-7f94-46a0-8967-26d36894165c" testListId="8c84fa94-04c1-424b-9868-57a2d4851a1d" />
    <TestEntry testId="ee49bb23-cebf-abdf-0b3d-a9f5e1a1dc4f" executionId="ffb21b26-665e-4490-bef3-47528cadcd8a" testListId="8c84fa94-04c1-424b-9868-57a2d4851a1d" />
    <TestEntry testId="12b1647d-efe3-c366-079d-2236800d0935" executionId="bb1497cb-a586-4406-b074-f05ba8043239" testListId="8c84fa94-04c1-424b-9868-57a2d4851a1d" />
    <TestEntry testId="18372786-9c22-e3d6-04ef-6b4e808d181a" executionId="240bedcf-3cf6-4d28-b0a8-47cce8560db9" testListId="8c84fa94-04c1-424b-9868-57a2d4851a1d" />
    <TestEntry testId="cb1f6500-ecbe-a116-4190-78f304902ad9" executionId="a17a7faa-f991-45fe-982b-0c69e1adaa4e" testListId="8c84fa94-04c1-424b-9868-57a2d4851a1d" />
    <TestEntry testId="455c6da2-80f5-0fe8-cc92-891d7de0d2ac" executionId="87223ecb-bcec-4c83-af0f-8d9d261b1a36" testListId="8c84fa94-04c1-424b-9868-57a2d4851a1d" />
    <TestEntry testId="57d998ab-72e0-6699-7a67-4312514fd442" executionId="44cd0c38-6763-45eb-8891-866825a160c6" testListId="8c84fa94-04c1-424b-9868-57a2d4851a1d" />
    <TestEntry testId="93ea4899-517e-c6f1-21bb-544e5f026df8" executionId="bc0b38ff-6b21-4666-864d-c2bdd2b1bfcf" testListId="8c84fa94-04c1-424b-9868-57a2d4851a1d" />
    <TestEntry testId="5ff0df64-4714-54ce-b6d1-3a4063918e93" executionId="c4ff9dc8-3008-4ea6-ae05-ae8e9b3e0f94" testListId="8c84fa94-04c1-424b-9868-57a2d4851a1d" />
    <TestEntry testId="b0092946-2776-e7d9-62f7-adb16861e4a5" executionId="04101c2c-0da6-4494-a907-9709855131a7" testListId="8c84fa94-04c1-424b-9868-57a2d4851a1d" />
    <TestEntry testId="b89a6798-9691-5fa5-5f0c-53d6c5a0e9aa" executionId="e372b2f9-cd88-47ab-87fa-ff7e4eaf347d" testListId="8c84fa94-04c1-424b-9868-57a2d4851a1d" />
    <TestEntry testId="a11326b9-3454-b2a2-061f-4440307800dc" executionId="70f8b97f-2dc8-45f2-81f0-c176f05ffddb" testListId="8c84fa94-04c1-424b-9868-57a2d4851a1d" />
    <TestEntry testId="0df0cb69-797b-9ae4-83ed-e8c0cce4f5b0" executionId="d59ae693-d163-44b6-a183-42c3d25976d9" testListId="8c84fa94-04c1-424b-9868-57a2d4851a1d" />
    <TestEntry testId="cf366775-ad88-dfab-044d-7fd00fe030bf" executionId="4aeac24c-4b5e-48eb-a088-5b37689867ad" testListId="8c84fa94-04c1-424b-9868-57a2d4851a1d" />
    <TestEntry testId="411bf916-58a4-1dad-e0e6-3f86688192cf" executionId="fa72bd87-e789-4260-9bf6-fc48cf82cf87" testListId="8c84fa94-04c1-424b-9868-57a2d4851a1d" />
    <TestEntry testId="f3ca3914-805f-216b-f996-2070b3db31b7" executionId="b90767e4-9af7-4797-930a-9586853cbb3b" testListId="8c84fa94-04c1-424b-9868-57a2d4851a1d" />
    <TestEntry testId="06d7b27d-6e66-2e53-04a1-64a9308dafcb" executionId="a27ce81a-73a2-48c2-a4b0-b9ee425eb3d1" testListId="8c84fa94-04c1-424b-9868-57a2d4851a1d" />
    <TestEntry testId="d8c85228-fbef-6713-8b24-27f4eac58477" executionId="adea1cb7-0ff2-48f3-8d13-e9289e503bde" testListId="8c84fa94-04c1-424b-9868-57a2d4851a1d" />
    <TestEntry testId="3284ea6f-a6ad-01dc-f291-bda78cd8c320" executionId="e6f1ed31-e8e2-4bad-b7a3-fc80688678ab" testListId="8c84fa94-04c1-424b-9868-57a2d4851a1d" />
    <TestEntry testId="b380b0ee-9aa4-cd9d-29ce-2b0885fdf47b" executionId="49767386-4a59-4585-8d12-7baab7615203" testListId="8c84fa94-04c1-424b-9868-57a2d4851a1d" />
    <TestEntry testId="aaab9dde-be84-0ade-c90f-e582e149ad8f" executionId="9cbda49e-8ad4-4d7b-ad07-10e943385a24" testListId="8c84fa94-04c1-424b-9868-57a2d4851a1d" />
    <TestEntry testId="9225bf65-6a60-daf8-2288-dab2e9c23bc2" executionId="2bb044e7-8f18-4707-9112-30ba9f87b62b" testListId="8c84fa94-04c1-424b-9868-57a2d4851a1d" />
    <TestEntry testId="483cfce3-3ff7-5b57-4c23-5d8fbcaf1d0a" executionId="93a1dadd-1e9b-40f5-a7ab-a04fd0a06887" testListId="8c84fa94-04c1-424b-9868-57a2d4851a1d" />
    <TestEntry testId="b56ba348-15c5-c13d-2c63-319be0707c78" executionId="5544439d-1149-4577-bb3d-d9c50c3e11cc" testListId="8c84fa94-04c1-424b-9868-57a2d4851a1d" />
    <TestEntry testId="84f8043b-4691-c526-0edb-4d71ad8832d8" executionId="165ee8d5-81f7-4167-a2ae-9f800216a7b0" testListId="8c84fa94-04c1-424b-9868-57a2d4851a1d" />
    <TestEntry testId="842bf4ca-6371-3a8a-228b-d721ac1b9eb1" executionId="606f49e9-11cb-4dfa-a5b2-2463dde49b1a" testListId="8c84fa94-04c1-424b-9868-57a2d4851a1d" />
    <TestEntry testId="cc27b110-75f5-fa85-b001-d22c68a54aec" executionId="80d257ee-d309-41e1-8355-6e7d7f75a381" testListId="8c84fa94-04c1-424b-9868-57a2d4851a1d" />
    <TestEntry testId="28b18be3-0a42-80b2-dd31-6ed6fce84202" executionId="d8b99159-50d3-48d4-942b-35065afe88dc" testListId="8c84fa94-04c1-424b-9868-57a2d4851a1d" />
    <TestEntry testId="00f7a484-6e81-6caf-9969-08e5a26f96ea" executionId="263e405e-cb6d-4bc7-bb88-35b2cce3982a" testListId="8c84fa94-04c1-424b-9868-57a2d4851a1d" />
    <TestEntry testId="92a9af5f-4b73-82b6-5006-408d1559b096" executionId="e27d7361-742f-4ce9-be1b-75f276f18d4e" testListId="8c84fa94-04c1-424b-9868-57a2d4851a1d" />
    <TestEntry testId="945b4c83-9f91-b5d9-8e70-c736523c2f6f" executionId="340bb64d-3470-4cb3-a2ec-c0f4804eb5d8" testListId="8c84fa94-04c1-424b-9868-57a2d4851a1d" />
    <TestEntry testId="232e38bc-f1e6-d745-c4df-2efcf25dd919" executionId="1443ff28-c22d-4e28-a7ab-025561b49122" testListId="8c84fa94-04c1-424b-9868-57a2d4851a1d" />
    <TestEntry testId="3dd17c2d-4aaa-fdf7-41d3-a00ff3aff086" executionId="11a9bdeb-bd10-48f5-be8d-53c6f5f1e941" testListId="8c84fa94-04c1-424b-9868-57a2d4851a1d" />
    <TestEntry testId="9c5832f3-6c80-ca09-af3f-21dab48f2284" executionId="3e4a53b6-4912-42f0-b9d2-46d7db28e1cb" testListId="8c84fa94-04c1-424b-9868-57a2d4851a1d" />
    <TestEntry testId="df09f867-7de1-e38f-53d1-73f889393669" executionId="d27f1e42-9c2a-4438-851f-4356c0820e0d" testListId="8c84fa94-04c1-424b-9868-57a2d4851a1d" />
    <TestEntry testId="e8fbfc8d-82fa-6534-4e95-6007f14b30c3" executionId="00aeca67-fc0e-47fa-be1a-c4ff01cc29a5" testListId="8c84fa94-04c1-424b-9868-57a2d4851a1d" />
    <TestEntry testId="bb4bb142-b438-3655-29db-1dd962632a41" executionId="abd96d29-2184-4821-973b-fa0a2a334503" testListId="8c84fa94-04c1-424b-9868-57a2d4851a1d" />
    <TestEntry testId="9b197971-a4a0-f2e7-cf86-c42cab4fc0ac" executionId="6de3afec-aa44-4c00-9360-779d6829d9a6" testListId="8c84fa94-04c1-424b-9868-57a2d4851a1d" />
    <TestEntry testId="2716e864-2686-b94f-0317-399f0994a985" executionId="8e21e67a-baf6-4db5-ba91-02265b0de454" testListId="8c84fa94-04c1-424b-9868-57a2d4851a1d" />
    <TestEntry testId="3375033a-d5e6-72b6-24f8-d995495958e4" executionId="cf28e3fb-9a84-412f-b7aa-d7f316962547" testListId="8c84fa94-04c1-424b-9868-57a2d4851a1d" />
    <TestEntry testId="e2bc20ac-f49d-eabf-edc0-8474eb6a4a1c" executionId="a98e56cd-40c0-4f78-bc37-095374b0dd72" testListId="8c84fa94-04c1-424b-9868-57a2d4851a1d" />
    <TestEntry testId="e18e3570-53c3-3508-0442-177c4a2f785b" executionId="0f45bffd-7f6e-46e0-bc16-7aeb9f831348" testListId="8c84fa94-04c1-424b-9868-57a2d4851a1d" />
    <TestEntry testId="58207370-d2d3-1d5b-355d-7ed4a3b1c8b1" executionId="526ce660-08a3-477b-b9d1-2f662013db44" testListId="8c84fa94-04c1-424b-9868-57a2d4851a1d" />
    <TestEntry testId="47771962-fd80-aab3-ebc0-33717839eb97" executionId="bbd8fa22-1ecb-42c6-aad9-a6653a3fc097" testListId="8c84fa94-04c1-424b-9868-57a2d4851a1d" />
    <TestEntry testId="9245a3fe-e6e8-4a14-f7b3-94227339454e" executionId="83aebead-12ac-4bd6-82cd-7fdc61577592" testListId="8c84fa94-04c1-424b-9868-57a2d4851a1d" />
    <TestEntry testId="dbc60698-0cd7-03e9-b63e-13b29d5c84fe" executionId="b44e6371-5cf2-491c-acd2-8175cb9fd2d4" testListId="8c84fa94-04c1-424b-9868-57a2d4851a1d" />
    <TestEntry testId="47672882-b255-5356-2127-17a9bbfd997e" executionId="cde16673-7cde-4e5b-9113-b99a88e6e1db" testListId="8c84fa94-04c1-424b-9868-57a2d4851a1d" />
    <TestEntry testId="f144e82e-b1a8-81fa-ae3f-f634d720ce68" executionId="f50000c2-24c6-47ca-9d7d-45172c080c44" testListId="8c84fa94-04c1-424b-9868-57a2d4851a1d" />
    <TestEntry testId="3a324bfc-234e-c9df-2934-23de7ff42e44" executionId="83661bd7-1909-42b6-b54d-1ac2aa8b0362" testListId="8c84fa94-04c1-424b-9868-57a2d4851a1d" />
    <TestEntry testId="bc1a7ca7-c75d-3f41-ef6e-10d032a0855e" executionId="1a7f812e-6f1d-47a3-a973-66ed01d25cc5" testListId="8c84fa94-04c1-424b-9868-57a2d4851a1d" />
    <TestEntry testId="e07f5d01-bfa0-04f4-825e-59c493d5b5f5" executionId="42b78fc8-df0e-491e-87fc-d588d595438b" testListId="8c84fa94-04c1-424b-9868-57a2d4851a1d" />
    <TestEntry testId="3ce53063-c90f-436d-4a7d-2e3b5be274ef" executionId="82b88e25-9464-4ec5-b51c-023aae70ad17" testListId="8c84fa94-04c1-424b-9868-57a2d4851a1d" />
    <TestEntry testId="0d21c288-6b50-0b5f-f1c0-b66a8d9fbd36" executionId="3b0231de-94c5-47d9-8eec-efe972a7b7dd" testListId="8c84fa94-04c1-424b-9868-57a2d4851a1d" />
    <TestEntry testId="ebcc233a-fd3e-8478-fead-9ccf15ebc250" executionId="5a777aaa-fe46-4ee1-9944-5e2401bbd652" testListId="8c84fa94-04c1-424b-9868-57a2d4851a1d" />
    <TestEntry testId="d88de873-7cef-0143-495e-05b7d2b41757" executionId="f7609f61-7870-4bff-ad35-db404c7336ef" testListId="8c84fa94-04c1-424b-9868-57a2d4851a1d" />
    <TestEntry testId="98f1ad4a-6d3e-c8b6-e210-a1665c4899ea" executionId="614de431-7a92-4d66-85d0-2dc73a3a70bc" testListId="8c84fa94-04c1-424b-9868-57a2d4851a1d" />
    <TestEntry testId="63ba4f35-3e85-1d5a-7e8f-eadf238adc6d" executionId="fa0fc2f7-8761-493a-8815-cc0525c01aa5" testListId="8c84fa94-04c1-424b-9868-57a2d4851a1d" />
    <TestEntry testId="02e79180-7231-3946-3d30-86e386fbe7e5" executionId="3143e026-02ac-4b1d-a945-aa6580aa0202" testListId="8c84fa94-04c1-424b-9868-57a2d4851a1d" />
    <TestEntry testId="fb14c4a0-3abe-1800-58f2-38754bcd2463" executionId="4e2c33fc-4e1f-417a-b5b7-5758140211c1" testListId="8c84fa94-04c1-424b-9868-57a2d4851a1d" />
    <TestEntry testId="cb1d8729-ed7e-3666-4cf6-433514c9d9a6" executionId="25a610c1-0f64-40a9-92fe-4873c137145d" testListId="8c84fa94-04c1-424b-9868-57a2d4851a1d" />
    <TestEntry testId="949114ce-b635-6899-abf2-c4e97a411c85" executionId="63347175-718e-44dc-b885-7ff9ff70d5a3" testListId="8c84fa94-04c1-424b-9868-57a2d4851a1d" />
    <TestEntry testId="450403dd-612e-6c5e-cdd7-e2b614d0687c" executionId="60afa3e8-499b-43f3-ba68-c34803401db1" testListId="8c84fa94-04c1-424b-9868-57a2d4851a1d" />
    <TestEntry testId="67e6b479-6adc-62fc-07f6-d8999cdcc3cc" executionId="1193ab74-35f8-4caa-9d8c-53b7ea093d8a" testListId="8c84fa94-04c1-424b-9868-57a2d4851a1d" />
    <TestEntry testId="9029e935-145d-d5fd-fae9-96c860349038" executionId="a1651224-a836-4c18-ab07-b381856b6861" testListId="8c84fa94-04c1-424b-9868-57a2d4851a1d" />
    <TestEntry testId="c6bb27a1-5619-6a1e-cb9a-a062fa5050e7" executionId="51aba852-beab-440e-99f4-392fb31f1d3e" testListId="8c84fa94-04c1-424b-9868-57a2d4851a1d" />
    <TestEntry testId="dd9fef57-cc98-7ad4-c53a-0bf4ce117b29" executionId="b399262b-183a-4f68-876f-160d853318a0" testListId="8c84fa94-04c1-424b-9868-57a2d4851a1d" />
    <TestEntry testId="1a9497ea-544a-7067-529f-b7c94b2f8c7f" executionId="6e53f73a-cb80-4824-9492-57ffbe9c85ba" testListId="8c84fa94-04c1-424b-9868-57a2d4851a1d" />
    <TestEntry testId="7b659e8c-3001-c494-d28a-2939a6d49456" executionId="eb57a175-9d7c-4f15-9872-87caddb68e38" testListId="8c84fa94-04c1-424b-9868-57a2d4851a1d" />
    <TestEntry testId="6a126318-594d-0412-acf1-03ec27689761" executionId="61a7789d-7053-4c2a-9c11-23229cbfb310" testListId="8c84fa94-04c1-424b-9868-57a2d4851a1d" />
    <TestEntry testId="5ea77848-9cab-6829-7cc9-030d32485ccd" executionId="488d792f-12de-4b6e-a6a2-bb9223607c02" testListId="8c84fa94-04c1-424b-9868-57a2d4851a1d" />
    <TestEntry testId="7540b45d-6ef8-10a5-03bf-82e202908376" executionId="12acc02c-2cf2-4a98-9633-a4dd43347278" testListId="8c84fa94-04c1-424b-9868-57a2d4851a1d" />
    <TestEntry testId="c675d4e8-953d-dd95-1e7d-aaf53b345df4" executionId="da4c2329-c8e7-4d19-ab58-3c8bbf96fe7e" testListId="8c84fa94-04c1-424b-9868-57a2d4851a1d" />
    <TestEntry testId="9c84fcaa-119c-eb3e-55a7-125cbe865eba" executionId="5cecbea5-9fb6-46f5-8d79-923c036d4648" testListId="8c84fa94-04c1-424b-9868-57a2d4851a1d" />
    <TestEntry testId="d59c7867-81fa-72b0-e0e7-f75e74dd41dd" executionId="c5b8a010-35ed-40cc-a0bb-c6983bffcbf1" testListId="8c84fa94-04c1-424b-9868-57a2d4851a1d" />
    <TestEntry testId="3355c355-6b0a-3812-de70-8d7a8a005906" executionId="03e97f91-aace-495e-9873-ae03a57b0bfb" testListId="8c84fa94-04c1-424b-9868-57a2d4851a1d" />
    <TestEntry testId="406cee59-f4cd-7984-c0a3-27cb754058dc" executionId="dedbf09f-542c-4610-9f32-5d2e04736bb5" testListId="8c84fa94-04c1-424b-9868-57a2d4851a1d" />
    <TestEntry testId="ecb78db4-fbd8-8b6b-a357-e550309c3c9c" executionId="bbff96a6-b18e-4f2d-a231-579e96384cbf" testListId="8c84fa94-04c1-424b-9868-57a2d4851a1d" />
    <TestEntry testId="7ed35012-584a-2fe3-a716-cd0afc4bf24c" executionId="6508212e-6f5c-4209-aae4-ed7f2b6908bc" testListId="8c84fa94-04c1-424b-9868-57a2d4851a1d" />
    <TestEntry testId="00fca5c1-405d-b820-34ef-a1a0e9446a86" executionId="beedb9a6-7f38-469e-8a74-1ca6d9c19b36" testListId="8c84fa94-04c1-424b-9868-57a2d4851a1d" />
    <TestEntry testId="2393804e-4c64-30b5-d8f4-67c3cee41ca1" executionId="ba05f580-7143-40f9-b40e-218b203c6f38" testListId="8c84fa94-04c1-424b-9868-57a2d4851a1d" />
    <TestEntry testId="96d03a8b-2bb7-344f-928f-f0c6a7f00e22" executionId="c7f9e07c-599c-4ef0-a003-7794ef722657" testListId="8c84fa94-04c1-424b-9868-57a2d4851a1d" />
    <TestEntry testId="9d816285-0b59-6b20-cfe0-b3a6030c5ba5" executionId="8853db5b-0e72-47aa-971d-ae013d391b7a" testListId="8c84fa94-04c1-424b-9868-57a2d4851a1d" />
    <TestEntry testId="cc5bf0e8-1cf1-748c-6f30-7b7cfd04c1dc" executionId="be499b8a-5b79-4432-a10d-c29d9c55c861" testListId="8c84fa94-04c1-424b-9868-57a2d4851a1d" />
    <TestEntry testId="1c883c92-bef7-61b1-c07f-4369319c74ff" executionId="c253c8b5-77fd-4f5e-9b62-cea0a099c406" testListId="8c84fa94-04c1-424b-9868-57a2d4851a1d" />
    <TestEntry testId="f8edaabc-4dde-c771-27c5-00bf75b12606" executionId="b792d536-670d-4c0e-8002-b06a01f83a8d" testListId="8c84fa94-04c1-424b-9868-57a2d4851a1d" />
    <TestEntry testId="9029e935-145d-d5fd-fae9-96c860349038" executionId="f18eb8a9-11a4-48e1-aee7-c2fb75f1e13e" testListId="8c84fa94-04c1-424b-9868-57a2d4851a1d" />
    <TestEntry testId="63df17ff-7d87-8f4d-112e-c1a3760436bb" executionId="894cce7b-5958-449e-9ce1-0f9c6844ca1e" testListId="8c84fa94-04c1-424b-9868-57a2d4851a1d" />
    <TestEntry testId="db4646bf-024d-6e80-c8eb-b0bfdcf6a10a" executionId="f4d5d9a3-1d0d-4b7b-a1e6-edde4c87987e" testListId="8c84fa94-04c1-424b-9868-57a2d4851a1d" />
    <TestEntry testId="88b4d386-4c27-112e-bb74-c07845596dd9" executionId="ea90d568-d86b-47e8-b791-8254b8a2fc63" testListId="8c84fa94-04c1-424b-9868-57a2d4851a1d" />
    <TestEntry testId="593930ca-a7df-1408-b332-7a4bf0c72a54" executionId="fc4c434d-55d4-49a9-a717-c2c01aaea09e" testListId="8c84fa94-04c1-424b-9868-57a2d4851a1d" />
    <TestEntry testId="2ed74c97-cc2b-13bf-aac4-2247c3b9fbc5" executionId="ba0b62c1-8ffb-4c99-88bc-1393c2e356d8" testListId="8c84fa94-04c1-424b-9868-57a2d4851a1d" />
    <TestEntry testId="26493e2f-f09a-fd85-4932-ec0c6378d5e5" executionId="69ef01d9-8074-4714-a635-bce136f8b1c2" testListId="8c84fa94-04c1-424b-9868-57a2d4851a1d" />
    <TestEntry testId="2f768a08-79d1-a2fa-f632-631b61e890cb" executionId="c96dd6ef-1c27-4697-8175-9a5433b88e1d" testListId="8c84fa94-04c1-424b-9868-57a2d4851a1d" />
    <TestEntry testId="3d5c9967-0460-2f6a-3450-76146b434884" executionId="c79e80cf-3f54-4090-b9f4-ccf65300ac7f" testListId="8c84fa94-04c1-424b-9868-57a2d4851a1d" />
    <TestEntry testId="6a8a8393-b45c-5684-e668-393262a5478a" executionId="3e97093f-5b9e-47f7-b6eb-7223d9226c95" testListId="8c84fa94-04c1-424b-9868-57a2d4851a1d" />
    <TestEntry testId="b0add685-1c58-f35e-e4aa-57de22bf2774" executionId="4b14f911-864d-4037-b0df-6db1ad078570" testListId="8c84fa94-04c1-424b-9868-57a2d4851a1d" />
    <TestEntry testId="2ce1ff21-6093-7b3b-54d2-6773bfebe33a" executionId="c0424f19-34e8-411b-89a0-b946fe63ba66" testListId="8c84fa94-04c1-424b-9868-57a2d4851a1d" />
    <TestEntry testId="c91e348e-da6a-7f91-b16a-f6b11cfb0f4a" executionId="2869f6a9-1428-4185-b972-9d239c9cd5a3" testListId="8c84fa94-04c1-424b-9868-57a2d4851a1d" />
    <TestEntry testId="7c485018-e81c-b9cc-ee22-382cb4b7a7c1" executionId="386ddb36-e33c-4d38-b775-7ea52be5ee23" testListId="8c84fa94-04c1-424b-9868-57a2d4851a1d" />
    <TestEntry testId="390e2c5d-d097-3631-576d-cd317912483e" executionId="6aef5a42-a8a5-4aac-a350-ae51effe3c11" testListId="8c84fa94-04c1-424b-9868-57a2d4851a1d" />
    <TestEntry testId="f5719a53-45a7-6c3f-5ed7-93d8143fc0a6" executionId="f0e32902-5171-4df8-884f-bb3fa2976058" testListId="8c84fa94-04c1-424b-9868-57a2d4851a1d" />
    <TestEntry testId="7e90dd26-5432-8bfa-3839-6557709d9ac8" executionId="b275cbfe-082a-4260-a333-cad581855c33" testListId="8c84fa94-04c1-424b-9868-57a2d4851a1d" />
    <TestEntry testId="65a9b794-921a-eae9-026a-f733825b3d4a" executionId="005fcb8c-f84a-4fb4-aa0d-3a1c6154e3c1" testListId="8c84fa94-04c1-424b-9868-57a2d4851a1d" />
    <TestEntry testId="5af784fc-9243-ca85-aed0-526fe2586632" executionId="27a55efa-c8ed-4274-9a5f-912357245ceb" testListId="8c84fa94-04c1-424b-9868-57a2d4851a1d" />
    <TestEntry testId="d8b2b973-4ac7-3ca5-0bd3-f1fc5da91e4d" executionId="8234b4d8-02a2-4965-8e56-b8d482903bd2" testListId="8c84fa94-04c1-424b-9868-57a2d4851a1d" />
    <TestEntry testId="b1a54d71-5c4b-5e18-0c40-6a96ee3db5e8" executionId="55cfdece-ea7f-41d0-ba97-569665374ca6" testListId="8c84fa94-04c1-424b-9868-57a2d4851a1d" />
    <TestEntry testId="ed095898-1909-8564-6a3c-b8e3252b52c8" executionId="3c3c6c52-d1bc-4fc1-aa9b-3294124d90a1" testListId="8c84fa94-04c1-424b-9868-57a2d4851a1d" />
    <TestEntry testId="94358fa8-5ab7-9379-cdbb-784e07581698" executionId="f80ae1e6-3181-48da-8032-ee3c4ca5fec4" testListId="8c84fa94-04c1-424b-9868-57a2d4851a1d" />
    <TestEntry testId="87d4d6f3-e417-2505-d5bd-2afd34871ea6" executionId="e6a32458-2f0e-4842-a6f3-f905f96cd26e" testListId="8c84fa94-04c1-424b-9868-57a2d4851a1d" />
    <TestEntry testId="8c46d0ed-f3b9-c5f4-aaef-9879232f4518" executionId="33f62910-a34f-49b4-9990-206efd89c443" testListId="8c84fa94-04c1-424b-9868-57a2d4851a1d" />
    <TestEntry testId="4bc203d8-dd85-c0c7-a002-24dc9564ca84" executionId="814bfde7-43eb-4c7c-9261-c638896ecef2" testListId="8c84fa94-04c1-424b-9868-57a2d4851a1d" />
    <TestEntry testId="e0bc5994-1c1d-ed47-7ea9-5075ce14af91" executionId="118ccb93-422b-4dd7-a26b-763ea54c16ce" testListId="8c84fa94-04c1-424b-9868-57a2d4851a1d" />
    <TestEntry testId="63f149e4-246e-312e-204b-29ba70cef87d" executionId="c9643886-6c0a-41df-9b08-c0839bef4490" testListId="8c84fa94-04c1-424b-9868-57a2d4851a1d" />
    <TestEntry testId="3a9ca3f4-6530-4192-b910-778a279b21e0" executionId="d5ca6017-f970-4c81-83ec-935675306e02" testListId="8c84fa94-04c1-424b-9868-57a2d4851a1d" />
    <TestEntry testId="340145dc-4ce7-58f9-f34f-cf47939e6a08" executionId="062fbde4-afe2-429e-9875-cbf09399f852" testListId="8c84fa94-04c1-424b-9868-57a2d4851a1d" />
    <TestEntry testId="78964e11-1fbc-7f63-fecb-4ff3a281734b" executionId="ccf46134-ab5f-4048-881d-37ef856f89e1" testListId="8c84fa94-04c1-424b-9868-57a2d4851a1d" />
    <TestEntry testId="8ad35947-3018-f160-b80e-8c54c467a21a" executionId="efae633c-f196-4821-8f8e-cc0cb6d7ee9c" testListId="8c84fa94-04c1-424b-9868-57a2d4851a1d" />
    <TestEntry testId="21b483a6-27e8-bb30-b612-d3263e5cc6f1" executionId="0ad7b204-b6db-447d-bf13-5a24abfd08e7" testListId="8c84fa94-04c1-424b-9868-57a2d4851a1d" />
    <TestEntry testId="9bd97529-6ca2-0a88-ecb8-dfa8925597ef" executionId="c7bf1b13-8583-43e8-8f3d-2ce5f6c9dc57" testListId="8c84fa94-04c1-424b-9868-57a2d4851a1d" />
    <TestEntry testId="1d5225e4-5ff0-424d-ae91-6d7aa1287493" executionId="4a806023-8e26-4280-9b1d-111ee1eb0648" testListId="8c84fa94-04c1-424b-9868-57a2d4851a1d" />
    <TestEntry testId="14375da6-0c80-56ea-8d0d-fd5af8584025" executionId="67f33abe-314f-42f0-81e7-be1c8aca85fd" testListId="8c84fa94-04c1-424b-9868-57a2d4851a1d" />
    <TestEntry testId="fde63fcf-969d-dfa6-38ad-696fd5d00bc2" executionId="07a777b4-41f2-44d6-858a-77fb958f04a3" testListId="8c84fa94-04c1-424b-9868-57a2d4851a1d" />
    <TestEntry testId="2b329938-e3b1-01ad-a60f-47df5d0a331f" executionId="c8c87b2d-4131-4f77-b27c-b2c602f091a1" testListId="8c84fa94-04c1-424b-9868-57a2d4851a1d" />
    <TestEntry testId="b7e1027f-ab12-3a23-380e-a1ca4e90c2bf" executionId="572f6bbe-ffda-40eb-86e6-c9ee84e45a32" testListId="8c84fa94-04c1-424b-9868-57a2d4851a1d" />
    <TestEntry testId="80e1e452-82cf-b088-db40-d28f7d32c62d" executionId="a4502a7a-865b-46f3-9579-ce78585227e6" testListId="8c84fa94-04c1-424b-9868-57a2d4851a1d" />
    <TestEntry testId="1f280893-1f72-6f45-77a3-2457f07e9bd2" executionId="feaa5e60-bf76-4378-ac93-5d8a81692940" testListId="8c84fa94-04c1-424b-9868-57a2d4851a1d" />
    <TestEntry testId="8304cf81-7f4f-297c-5609-3851440a85fa" executionId="a42096b8-9b56-4cc3-9ec2-a7dbb468f61a" testListId="8c84fa94-04c1-424b-9868-57a2d4851a1d" />
    <TestEntry testId="e9b6f05b-8b63-04bd-4d02-75ef2000b3a9" executionId="3cb41a12-9d9d-4083-9a2a-c6a28779f2f9" testListId="8c84fa94-04c1-424b-9868-57a2d4851a1d" />
    <TestEntry testId="c453d029-07d1-c3a5-eeb3-4f67d3418e09" executionId="232cbb40-048b-4951-8ce9-2aea7c4abe9f" testListId="8c84fa94-04c1-424b-9868-57a2d4851a1d" />
    <TestEntry testId="ccc464e8-45ae-b4d4-a53d-f854db73b0a5" executionId="d51cbabb-084a-42e5-a59a-0a1fb6befee3" testListId="8c84fa94-04c1-424b-9868-57a2d4851a1d" />
    <TestEntry testId="b970da34-c722-c5ca-a09c-f43a81894d73" executionId="c74fb94a-1bb0-4cdf-9bb9-c4820267b3fd" testListId="8c84fa94-04c1-424b-9868-57a2d4851a1d" />
    <TestEntry testId="f212a945-9645-4128-b861-6596693a6fad" executionId="954d022d-7826-4668-9d8c-3fe237523392" testListId="8c84fa94-04c1-424b-9868-57a2d4851a1d" />
    <TestEntry testId="968967c1-9c91-5395-ae74-dba306913820" executionId="86c2c0ac-ff80-4883-a5cc-6a08ac74fe53" testListId="8c84fa94-04c1-424b-9868-57a2d4851a1d" />
    <TestEntry testId="e788a2d0-4486-022b-835a-f533cc3033d2" executionId="8b892b56-acab-45cb-a305-652b5f7e09e1" testListId="8c84fa94-04c1-424b-9868-57a2d4851a1d" />
    <TestEntry testId="233a6bed-ae00-b023-a337-828767e08ee8" executionId="4efd3b54-0406-46b9-83cf-f09b9d85e87e" testListId="8c84fa94-04c1-424b-9868-57a2d4851a1d" />
    <TestEntry testId="add162a8-f1ad-a5bc-d7cc-f7fa5d66acf8" executionId="39a71887-3a70-4640-8d0b-b359eb50bbab" testListId="8c84fa94-04c1-424b-9868-57a2d4851a1d" />
    <TestEntry testId="0aadc201-49e1-bf75-6608-564242125dc2" executionId="f9e5a8cd-4946-4f0a-a379-1594ca8d1815" testListId="8c84fa94-04c1-424b-9868-57a2d4851a1d" />
    <TestEntry testId="bc93f730-cf4f-b2fd-70c0-19446c70f746" executionId="2d00a0b7-c36d-4124-b77a-404630878649" testListId="8c84fa94-04c1-424b-9868-57a2d4851a1d" />
    <TestEntry testId="772d579c-1f25-0ecf-1421-f86f202fcaa5" executionId="5d2df5a7-f523-4dd9-bb4a-8fcac9584869" testListId="8c84fa94-04c1-424b-9868-57a2d4851a1d" />
    <TestEntry testId="149b064f-9ac3-44fb-3775-5acbf6f1cace" executionId="fe339f2f-afae-4b9f-bfdd-3f6129526e25" testListId="8c84fa94-04c1-424b-9868-57a2d4851a1d" />
    <TestEntry testId="a4f00ade-c810-bdc2-a419-06f9196522bd" executionId="3def802d-8c55-4224-8efd-2ebb48c2d764" testListId="8c84fa94-04c1-424b-9868-57a2d4851a1d" />
    <TestEntry testId="81b361c4-c965-939e-7e57-636c62f4161d" executionId="9ebb12d5-29b9-4712-b685-be96c338c475" testListId="8c84fa94-04c1-424b-9868-57a2d4851a1d" />
    <TestEntry testId="2ee134e1-115d-c1eb-9935-4d228f8143e5" executionId="9b5767d4-b13a-4266-813d-72fba29e38a7" testListId="8c84fa94-04c1-424b-9868-57a2d4851a1d" />
    <TestEntry testId="29cd7680-6529-be15-6bcd-e95b8579b607" executionId="44c8c2ff-e1f3-47b9-8290-7c5b40eddb69" testListId="8c84fa94-04c1-424b-9868-57a2d4851a1d" />
    <TestEntry testId="eaeacd17-7709-0ad4-3782-3c779da7e956" executionId="17bf7a09-f496-4d50-8f0f-a53b40cf5065" testListId="8c84fa94-04c1-424b-9868-57a2d4851a1d" />
    <TestEntry testId="c9640990-b6c9-dafb-a909-cdccd9fc41e7" executionId="72f3ab59-032c-443e-b2d8-d9378b104b3d" testListId="8c84fa94-04c1-424b-9868-57a2d4851a1d" />
    <TestEntry testId="1c3a0b3c-9d39-e423-34b0-23113deccc9a" executionId="6b7466af-aa38-4bb2-964c-7c57546523e1" testListId="8c84fa94-04c1-424b-9868-57a2d4851a1d" />
    <TestEntry testId="28b7e0ab-6c4a-f8e2-76d8-c7775c82dbd0" executionId="3c9c5d2e-47f6-4ce6-949b-2ad40a665e47" testListId="8c84fa94-04c1-424b-9868-57a2d4851a1d" />
    <TestEntry testId="79dc6ade-1fb5-e53a-3895-120821ee0ad1" executionId="afbd75e8-9377-4a87-a23d-e187cf2516fb" testListId="8c84fa94-04c1-424b-9868-57a2d4851a1d" />
    <TestEntry testId="fb699dcc-5e5e-47d1-e653-08665478eed9" executionId="b91176fb-6db3-4574-a1ad-929e1a9d3d8f" testListId="8c84fa94-04c1-424b-9868-57a2d4851a1d" />
    <TestEntry testId="a7ae775e-2c15-1f46-f93f-e37442fe54d1" executionId="7ccb65b5-cc61-4a33-93cf-81b7cd3306dc" testListId="8c84fa94-04c1-424b-9868-57a2d4851a1d" />
    <TestEntry testId="e998f77e-77b2-7e10-d8db-3813eb8031aa" executionId="9ed99bb2-eeb6-4939-999e-91503effcefa" testListId="8c84fa94-04c1-424b-9868-57a2d4851a1d" />
    <TestEntry testId="7e58be8f-9941-69cb-e59f-eb5323ed9f2d" executionId="7dedd4f9-9a7b-4ebb-bac5-e6c7f6f4ac67" testListId="8c84fa94-04c1-424b-9868-57a2d4851a1d" />
    <TestEntry testId="603c4aa1-d1a2-454e-a0ed-ef37e0b81ab7" executionId="fa3ace82-6c89-4cff-8990-32892440e6d5" testListId="8c84fa94-04c1-424b-9868-57a2d4851a1d" />
    <TestEntry testId="3787704c-f9e0-e566-1c87-02188e388c59" executionId="c28c5545-ee4d-4b2d-847b-e2762b25780d" testListId="8c84fa94-04c1-424b-9868-57a2d4851a1d" />
    <TestEntry testId="ef6e5d44-4248-113e-0569-ec93691b2771" executionId="89a746bb-e433-460c-b6fd-a5a94b4e2495" testListId="8c84fa94-04c1-424b-9868-57a2d4851a1d" />
    <TestEntry testId="d5b83293-8848-4b1e-df37-68e69f1f794e" executionId="31395b8a-731d-43c0-b91d-5bc4097be892" testListId="8c84fa94-04c1-424b-9868-57a2d4851a1d" />
    <TestEntry testId="d710cb6b-c383-23e9-04a7-380523480bf6" executionId="6ef8b7f1-b4b3-4b7d-aced-3ac6d619d805" testListId="8c84fa94-04c1-424b-9868-57a2d4851a1d" />
    <TestEntry testId="e998f77e-77b2-7e10-d8db-3813eb8031aa" executionId="e4b079d4-48b7-43e6-978d-1edb89c31a5c" testListId="8c84fa94-04c1-424b-9868-57a2d4851a1d" />
    <TestEntry testId="c845158a-13c6-a74d-17c8-bb3ff5beabf6" executionId="b54178de-26e0-42a3-8725-11426596d38c" testListId="8c84fa94-04c1-424b-9868-57a2d4851a1d" />
    <TestEntry testId="f680908c-3b4b-7b4d-7066-6e5fce7c0b27" executionId="1ae7e1ee-21ce-43b3-9327-bdf5b3ea3212" testListId="8c84fa94-04c1-424b-9868-57a2d4851a1d" />
    <TestEntry testId="dcdbbe69-ab49-7246-fc1b-b94cfe92e639" executionId="02773c45-3d0e-4616-8255-d3c8be46dd16" testListId="8c84fa94-04c1-424b-9868-57a2d4851a1d" />
    <TestEntry testId="1291d01e-bd85-b5f5-d3c1-6bce38753c19" executionId="04b85c59-4569-4e6e-bb94-474d518cfd2e" testListId="8c84fa94-04c1-424b-9868-57a2d4851a1d" />
    <TestEntry testId="b7e67eb3-5e37-470d-ad59-462ac69a420c" executionId="8afc4903-aa74-4f95-a51d-6b94fd88006a" testListId="8c84fa94-04c1-424b-9868-57a2d4851a1d" />
    <TestEntry testId="0181f0b9-73fd-f503-b29b-b3c042d24b5b" executionId="14aab0ca-3eee-4c03-a33b-f9c86b7484e7" testListId="8c84fa94-04c1-424b-9868-57a2d4851a1d" />
    <TestEntry testId="6cf1d803-864d-f447-b323-57be8d42bea0" executionId="a8b5cc59-fc50-41aa-9a06-8d1b747ac45b" testListId="8c84fa94-04c1-424b-9868-57a2d4851a1d" />
    <TestEntry testId="5837e4ca-1cc6-6c6e-80e5-27206d993c91" executionId="c39b1975-5e54-4a1c-869b-f592e70808d6" testListId="8c84fa94-04c1-424b-9868-57a2d4851a1d" />
    <TestEntry testId="3bd81b95-7261-7440-6f9b-0a040682a0f4" executionId="900c8247-afeb-46f5-a5d3-c69e74b0c64d" testListId="8c84fa94-04c1-424b-9868-57a2d4851a1d" />
    <TestEntry testId="7bc99a94-0c53-913f-78d1-d1b66b08b925" executionId="18a52b65-4eed-4151-b733-357a44e9034d" testListId="8c84fa94-04c1-424b-9868-57a2d4851a1d" />
  </TestEntries>
  <TestLists>
    <TestList name="Results Not in a List" id="8c84fa94-04c1-424b-9868-57a2d4851a1d" />
    <TestList name="All Loaded Results" id="19431567-8539-422a-85d7-44ee4e166bda" />
  </TestLists>
  <ResultSummary outcome="Completed">
    <Counters total="2394" executed="2391" passed="2391" failed="0" error="0" timeout="0" aborted="0" inconclusive="0" passedButRunAborted="0" notRunnable="0" notExecuted="0" disconnected="0" warning="0" completed="0" inProgress="0" pending="0" />
    <Output>
      <StdOut>Test 'SearchResultDetailsView_MouseDoubleClick_AnimationDisabled_DetailsViewRemovedFromDetailsViewControl' was skipped in the test run.&#xD;
Test 'SearchResultDetailsView_EscapeKey_AnimationDisabled_DetailsViewRemovedFromDetailsViewControl' was skipped in the test run.&#xD;
Test 'VideoResultSearchResult_ShouldOnlyHavePropertiesFromSecondContext_WhenSetTwiceWithoutThrowingOnTokenCancellation' was skipped in the test run.&#xD;
</StdOut>
    </Output>
  </ResultSummary>
</TestRun>