<?xml version="1.0" encoding="utf-8"?>
<TestRun id="f6fcb5e3-7193-42d1-aa6d-24d5bd97f7a1" name="DKSR-EFI-04$@DKSR-EFI-04 2023-12-22 09:32:20" runUser="NT AUTHORITY\NETWORK SERVICE" xmlns="http://microsoft.com/schemas/VisualStudio/TeamTest/2010">
  <Times creation="2023-12-22T09:32:20.7715359+01:00" queuing="2023-12-22T09:32:20.7715359+01:00" start="2023-12-22T09:32:19.4277804+01:00" finish="2023-12-22T09:32:21.1309123+01:00" />
  <TestSettings name="default" id="dc9ade35-a093-42ea-8493-7fd00c69d61c">
    <Deployment runDeploymentRoot="DKSR-EFI-04$_DKSR-EFI-04_2023-12-22_09_32_20" />
  </TestSettings>
  <Results>
    <UnitTestResult executionId="89bef696-b7db-4615-b68e-dc849f6c8e8a" testId="e386cf20-46f8-cfc9-41f3-6aa32c9d9d3f" testName="ReadXmlTestDifferentViewItemInformationThanUsedTo" computerName="DKSR-EFI-04" duration="00:00:00.0007783" startTime="2023-12-22T09:32:20.7559111+01:00" endTime="2023-12-22T09:32:20.7559111+01:00" testType="13cdc9d9-ddb5-4fa4-a97d-d965ccfc6d4b" outcome="Passed" testListId="8c84fa94-04c1-424b-9868-57a2d4851a1d" relativeResultsDirectory="89bef696-b7db-4615-b68e-dc849f6c8e8a" />
    <UnitTestResult executionId="74f4def1-0f29-4967-802e-8a1918631342" testId="16fde1ad-cd75-eb22-7e0e-f572cf191b53" testName="WriteXmlTestOneViewAndOneNestedGroupWithOneView" computerName="DKSR-EFI-04" duration="00:00:00.0067359" startTime="2023-12-22T09:32:20.7090349+01:00" endTime="2023-12-22T09:32:20.7246617+01:00" testType="13cdc9d9-ddb5-4fa4-a97d-d965ccfc6d4b" outcome="Passed" testListId="8c84fa94-04c1-424b-9868-57a2d4851a1d" relativeResultsDirectory="74f4def1-0f29-4967-802e-8a1918631342" />
    <UnitTestResult executionId="65466d4b-f66f-414d-8e0f-70ddbceff118" testId="34643078-7b2a-e2cc-a1a6-dacb454bf4c9" testName="ReadXmlTest" computerName="DKSR-EFI-04" duration="00:00:00.0159443" startTime="2023-12-22T09:32:20.7402892+01:00" endTime="2023-12-22T09:32:20.7559111+01:00" testType="13cdc9d9-ddb5-4fa4-a97d-d965ccfc6d4b" outcome="Passed" testListId="8c84fa94-04c1-424b-9868-57a2d4851a1d" relativeResultsDirectory="65466d4b-f66f-414d-8e0f-70ddbceff118" />
    <UnitTestResult executionId="b6649b17-bfb6-4dd1-80f5-ca015f052e9a" testId="c3df5bd9-b673-55a1-143d-75dae05920a2" testName="ChangeFieldsViewItem" computerName="DKSR-EFI-04" duration="00:00:00.0007106" startTime="2023-12-22T09:32:20.7871605+01:00" endTime="2023-12-22T09:32:20.7871605+01:00" testType="13cdc9d9-ddb5-4fa4-a97d-d965ccfc6d4b" outcome="Passed" testListId="8c84fa94-04c1-424b-9868-57a2d4851a1d" relativeResultsDirectory="b6649b17-bfb6-4dd1-80f5-ca015f052e9a" />
    <UnitTestResult executionId="278d3982-705b-4067-a293-52043e70a40e" testId="fa5a1cc8-9f51-6c04-e70e-f5fc9395a4f9" testName="ReadXmlTestViewWithOneViewItem" computerName="DKSR-EFI-04" duration="00:00:00.0035326" startTime="2023-12-22T09:32:20.8027865+01:00" endTime="2023-12-22T09:32:20.8027865+01:00" testType="13cdc9d9-ddb5-4fa4-a97d-d965ccfc6d4b" outcome="Passed" testListId="8c84fa94-04c1-424b-9868-57a2d4851a1d" relativeResultsDirectory="278d3982-705b-4067-a293-52043e70a40e" />
    <UnitTestResult executionId="913d0b64-a9ef-4573-8f2e-39aaef6e0c33" testId="4b9d9f0c-9b38-1d13-6714-cb28bca714c3" testName="IsSameLayoutTestDifferentLayout" computerName="DKSR-EFI-04" duration="00:00:00.0006202" startTime="2023-12-22T09:32:20.7871605+01:00" endTime="2023-12-22T09:32:20.7871605+01:00" testType="13cdc9d9-ddb5-4fa4-a97d-d965ccfc6d4b" outcome="Passed" testListId="8c84fa94-04c1-424b-9868-57a2d4851a1d" relativeResultsDirectory="913d0b64-a9ef-4573-8f2e-39aaef6e0c33" />
    <UnitTestResult executionId="babc9b19-dc5c-4cdc-bf0f-f6bc9d62d92c" testId="b34854e0-fe8f-c5d3-14fa-ce5f50885cac" testName="ReadXmlTestViewWithOneViewItemWithViewLayoutContainedinView" computerName="DKSR-EFI-04" duration="00:00:00.0006312" startTime="2023-12-22T09:32:20.8027865+01:00" endTime="2023-12-22T09:32:20.8027865+01:00" testType="13cdc9d9-ddb5-4fa4-a97d-d965ccfc6d4b" outcome="Passed" testListId="8c84fa94-04c1-424b-9868-57a2d4851a1d" relativeResultsDirectory="babc9b19-dc5c-4cdc-bf0f-f6bc9d62d92c" />
    <UnitTestResult executionId="a82cb5e8-ccc0-4ff8-825f-7b9139264c52" testId="ed1a813c-420a-dd3d-bb95-7b96443bfe6d" testName="WriteXmlTestCameraViewItem" computerName="DKSR-EFI-04" duration="00:00:00.0004493" startTime="2023-12-22T09:32:20.7871605+01:00" endTime="2023-12-22T09:32:20.7871605+01:00" testType="13cdc9d9-ddb5-4fa4-a97d-d965ccfc6d4b" outcome="Passed" testListId="8c84fa94-04c1-424b-9868-57a2d4851a1d" relativeResultsDirectory="a82cb5e8-ccc0-4ff8-825f-7b9139264c52" />
    <UnitTestResult executionId="dd239b46-6ed2-4b10-b35c-0ccb1fa13fea" testId="444003b6-f4d4-b6de-f730-9221151619de" testName="ReadXmlTestCameraViewItemWithShortcut" computerName="DKSR-EFI-04" duration="00:00:00.0004860" startTime="2023-12-22T09:32:20.7871605+01:00" endTime="2023-12-22T09:32:20.7871605+01:00" testType="13cdc9d9-ddb5-4fa4-a97d-d965ccfc6d4b" outcome="Passed" testListId="8c84fa94-04c1-424b-9868-57a2d4851a1d" relativeResultsDirectory="dd239b46-6ed2-4b10-b35c-0ccb1fa13fea" />
    <UnitTestResult executionId="a896a3e6-58fc-4844-8751-a9f250317ba7" testId="0a1fbe88-0bd8-43a0-b44e-81bbdcbf3065" testName="ReadXmlTestViewWithTwoViewItem" computerName="DKSR-EFI-04" duration="00:00:00.0036994" startTime="2023-12-22T09:32:20.8027865+01:00" endTime="2023-12-22T09:32:20.8027865+01:00" testType="13cdc9d9-ddb5-4fa4-a97d-d965ccfc6d4b" outcome="Passed" testListId="8c84fa94-04c1-424b-9868-57a2d4851a1d" relativeResultsDirectory="a896a3e6-58fc-4844-8751-a9f250317ba7" />
    <UnitTestResult executionId="bda1423a-f85e-4a15-b8ed-1ec80d161ea9" testId="2708b57d-7de0-293b-4425-8b550d8806bc" testName="ReadXmlTestViewWithOneViewItemWithViewLayoutContainedinViewAndAnotherProperty" computerName="DKSR-EFI-04" duration="00:00:00.0008492" startTime="2023-12-22T09:32:20.8027865+01:00" endTime="2023-12-22T09:32:20.8027865+01:00" testType="13cdc9d9-ddb5-4fa4-a97d-d965ccfc6d4b" outcome="Passed" testListId="8c84fa94-04c1-424b-9868-57a2d4851a1d" relativeResultsDirectory="bda1423a-f85e-4a15-b8ed-1ec80d161ea9" />
    <UnitTestResult executionId="1d0ebfa9-e34f-4792-8cf7-feb37e9bdf37" testId="072a0155-2067-4e26-505a-6080b93bbe51" testName="WriteXmlTestCameraViewItemWithShortcut" computerName="DKSR-EFI-04" duration="00:00:00.0005127" startTime="2023-12-22T09:32:20.7871605+01:00" endTime="2023-12-22T09:32:20.7871605+01:00" testType="13cdc9d9-ddb5-4fa4-a97d-d965ccfc6d4b" outcome="Passed" testListId="8c84fa94-04c1-424b-9868-57a2d4851a1d" relativeResultsDirectory="1d0ebfa9-e34f-4792-8cf7-feb37e9bdf37" />
    <UnitTestResult executionId="7291b13d-c055-46d1-90e3-642369fe8bfd" testId="3009834f-48c5-93b1-1975-6c9fdd4c9c1e" testName="WriteXmlFragmentTest" computerName="DKSR-EFI-04" duration="00:00:00.0010682" startTime="2023-12-22T09:32:20.7559111+01:00" endTime="2023-12-22T09:32:20.7559111+01:00" testType="13cdc9d9-ddb5-4fa4-a97d-d965ccfc6d4b" outcome="Passed" testListId="8c84fa94-04c1-424b-9868-57a2d4851a1d" relativeResultsDirectory="7291b13d-c055-46d1-90e3-642369fe8bfd" />
    <UnitTestResult executionId="48780b0f-9213-4a41-b779-49269758f89b" testId="ac0e059c-7636-36c4-78e0-2ee68dba2aae" testName="ReadXmlTestEmptyViewItem" computerName="DKSR-EFI-04" duration="00:00:00.0005226" startTime="2023-12-22T09:32:20.7871605+01:00" endTime="2023-12-22T09:32:20.7871605+01:00" testType="13cdc9d9-ddb5-4fa4-a97d-d965ccfc6d4b" outcome="Passed" testListId="8c84fa94-04c1-424b-9868-57a2d4851a1d" relativeResultsDirectory="48780b0f-9213-4a41-b779-49269758f89b" />
    <UnitTestResult executionId="1bfa41a9-82c2-4a47-9909-c8843ed8ee2a" testId="83aff7c1-40bd-24c4-b3c9-d698a20cc72f" testName="WriteXmlTestWithOneViewItem" computerName="DKSR-EFI-04" duration="00:00:00.0039587" startTime="2023-12-22T09:32:20.7871605+01:00" endTime="2023-12-22T09:32:20.8027865+01:00" testType="13cdc9d9-ddb5-4fa4-a97d-d965ccfc6d4b" outcome="Passed" testListId="8c84fa94-04c1-424b-9868-57a2d4851a1d" relativeResultsDirectory="1bfa41a9-82c2-4a47-9909-c8843ed8ee2a" />
    <UnitTestResult executionId="6d69e437-12f0-48cd-8079-55b3b7761efa" testId="fad81d5e-2adf-c097-4760-3355bbf0ac94" testName="ReadXmlTestCameraViewItem" computerName="DKSR-EFI-04" duration="00:00:00.0004630" startTime="2023-12-22T09:32:20.7871605+01:00" endTime="2023-12-22T09:32:20.7871605+01:00" testType="13cdc9d9-ddb5-4fa4-a97d-d965ccfc6d4b" outcome="Passed" testListId="8c84fa94-04c1-424b-9868-57a2d4851a1d" relativeResultsDirectory="6d69e437-12f0-48cd-8079-55b3b7761efa" />
    <UnitTestResult executionId="e21df34d-dfb4-433e-8585-759637e02019" testId="a37bd4b9-953d-bd2b-d932-7a0838cc96fb" testName="ChangeFieldsView" computerName="DKSR-EFI-04" duration="00:00:00.0040184" startTime="2023-12-22T09:32:20.8027865+01:00" endTime="2023-12-22T09:32:20.8184110+01:00" testType="13cdc9d9-ddb5-4fa4-a97d-d965ccfc6d4b" outcome="Passed" testListId="8c84fa94-04c1-424b-9868-57a2d4851a1d" relativeResultsDirectory="e21df34d-dfb4-433e-8585-759637e02019" />
    <UnitTestResult executionId="da3e81e9-b84a-440a-8e17-89405041be98" testId="fc44350a-c6bd-b1dd-a585-1b82a48d88a3" testName="WriteXmlTestMapViewITem" computerName="DKSR-EFI-04" duration="00:00:00.0003952" startTime="2023-12-22T09:32:20.7871605+01:00" endTime="2023-12-22T09:32:20.7871605+01:00" testType="13cdc9d9-ddb5-4fa4-a97d-d965ccfc6d4b" outcome="Passed" testListId="8c84fa94-04c1-424b-9868-57a2d4851a1d" relativeResultsDirectory="da3e81e9-b84a-440a-8e17-89405041be98" />
    <UnitTestResult executionId="2938e379-bb18-4314-a56e-36d9ca2db0dd" testId="45c9ddbc-d572-204b-1719-58d0ef915a96" testName="WriteXmlTestOneGroupWithTwoViews" computerName="DKSR-EFI-04" duration="00:00:00.0073201" startTime="2023-12-22T09:32:20.7715359+01:00" endTime="2023-12-22T09:32:20.7715359+01:00" testType="13cdc9d9-ddb5-4fa4-a97d-d965ccfc6d4b" outcome="Passed" testListId="8c84fa94-04c1-424b-9868-57a2d4851a1d" relativeResultsDirectory="2938e379-bb18-4314-a56e-36d9ca2db0dd" />
    <UnitTestResult executionId="3ecfea57-0cc7-4726-820e-36a8c9986620" testId="268e5f82-c5b3-c5f3-a6aa-2b49b901ccec" testName="WriteXmlTestOneViewAndOneNestedGroupWithOneViewWithOneNestedGroupWithOneView" computerName="DKSR-EFI-04" duration="00:00:00.0100930" startTime="2023-12-22T09:32:20.7246617+01:00" endTime="2023-12-22T09:32:20.7402892+01:00" testType="13cdc9d9-ddb5-4fa4-a97d-d965ccfc6d4b" outcome="Passed" testListId="8c84fa94-04c1-424b-9868-57a2d4851a1d" relativeResultsDirectory="3ecfea57-0cc7-4726-820e-36a8c9986620" />
    <UnitTestResult executionId="98f06d82-92a8-4465-9aed-07c0aeb2faf9" testId="5bb1cf2c-f20b-1b5a-ce23-f7e9f25d6c92" testName="WriteXmlTestEmpty" computerName="DKSR-EFI-04" duration="00:00:00.0004341" startTime="2023-12-22T09:32:20.7715359+01:00" endTime="2023-12-22T09:32:20.7715359+01:00" testType="13cdc9d9-ddb5-4fa4-a97d-d965ccfc6d4b" outcome="Passed" testListId="8c84fa94-04c1-424b-9868-57a2d4851a1d" relativeResultsDirectory="98f06d82-92a8-4465-9aed-07c0aeb2faf9" />
    <UnitTestResult executionId="e35c190d-628b-42da-97fd-ce184c1fb35b" testId="ca10539f-71a4-72f7-aa53-9bf064ce6ecc" testName="WriteXmlFragmentTest" computerName="DKSR-EFI-04" duration="00:00:00.0007651" startTime="2023-12-22T09:32:20.7871605+01:00" endTime="2023-12-22T09:32:20.7871605+01:00" testType="13cdc9d9-ddb5-4fa4-a97d-d965ccfc6d4b" outcome="Passed" testListId="8c84fa94-04c1-424b-9868-57a2d4851a1d" relativeResultsDirectory="e35c190d-628b-42da-97fd-ce184c1fb35b" />
    <UnitTestResult executionId="5b3cacb2-23a7-43e9-8ff1-defc6898604b" testId="c74185ea-3349-d3ea-9b83-50b171af2003" testName="IsSameLayoutTestDifferentLayoutSameCountOfItemsAndSameName" computerName="DKSR-EFI-04" duration="00:00:00.0004275" startTime="2023-12-22T09:32:20.7871605+01:00" endTime="2023-12-22T09:32:20.7871605+01:00" testType="13cdc9d9-ddb5-4fa4-a97d-d965ccfc6d4b" outcome="Passed" testListId="8c84fa94-04c1-424b-9868-57a2d4851a1d" relativeResultsDirectory="5b3cacb2-23a7-43e9-8ff1-defc6898604b" />
    <UnitTestResult executionId="ea5336ae-15d9-4bf7-893d-302134173d3a" testId="836e1af9-5246-a6cd-ab14-64ff798f6575" testName="WriteXmlFragmentTest" computerName="DKSR-EFI-04" duration="00:00:00.0039621" startTime="2023-12-22T09:32:20.8184110+01:00" endTime="2023-12-22T09:32:20.8184110+01:00" testType="13cdc9d9-ddb5-4fa4-a97d-d965ccfc6d4b" outcome="Passed" testListId="8c84fa94-04c1-424b-9868-57a2d4851a1d" relativeResultsDirectory="ea5336ae-15d9-4bf7-893d-302134173d3a" />
    <UnitTestResult executionId="36a84da2-d259-43df-b4b6-c15ed6a02e25" testId="4ccb33bc-104d-4019-2a41-182f5f4aa6af" testName="WriteXmlTestOneView" computerName="DKSR-EFI-04" duration="00:00:00.1044644" startTime="2023-12-22T09:32:20.5996600+01:00" endTime="2023-12-22T09:32:20.7090349+01:00" testType="13cdc9d9-ddb5-4fa4-a97d-d965ccfc6d4b" outcome="Passed" testListId="8c84fa94-04c1-424b-9868-57a2d4851a1d" relativeResultsDirectory="36a84da2-d259-43df-b4b6-c15ed6a02e25" />
    <UnitTestResult executionId="610f9464-dca2-469c-ae77-a6415e25f72b" testId="3c2f10f1-41c2-34a7-f428-69f8e1f2ef71" testName="WriteXmlFragmentTest" computerName="DKSR-EFI-04" duration="00:00:00.0007446" startTime="2023-12-22T09:32:20.7715359+01:00" endTime="2023-12-22T09:32:20.7715359+01:00" testType="13cdc9d9-ddb5-4fa4-a97d-d965ccfc6d4b" outcome="Passed" testListId="8c84fa94-04c1-424b-9868-57a2d4851a1d" relativeResultsDirectory="610f9464-dca2-469c-ae77-a6415e25f72b" />
    <UnitTestResult executionId="9282307f-a391-43bc-9019-d850e41aa925" testId="c40e0ee6-6a16-4ff7-a775-de7d92578ca2" testName="IsSameLayoutTest" computerName="DKSR-EFI-04" duration="00:00:00.0013946" startTime="2023-12-22T09:32:20.7871605+01:00" endTime="2023-12-22T09:32:20.7871605+01:00" testType="13cdc9d9-ddb5-4fa4-a97d-d965ccfc6d4b" outcome="Passed" testListId="8c84fa94-04c1-424b-9868-57a2d4851a1d" relativeResultsDirectory="9282307f-a391-43bc-9019-d850e41aa925" />
    <UnitTestResult executionId="6388ef15-671d-473c-aa92-f12e086ae4b9" testId="b6d71ab1-ac85-052f-e5bf-c13f776c4586" testName="ReadXmlTestMapViewITem" computerName="DKSR-EFI-04" duration="00:00:00.0004253" startTime="2023-12-22T09:32:20.7871605+01:00" endTime="2023-12-22T09:32:20.7871605+01:00" testType="13cdc9d9-ddb5-4fa4-a97d-d965ccfc6d4b" outcome="Passed" testListId="8c84fa94-04c1-424b-9868-57a2d4851a1d" relativeResultsDirectory="6388ef15-671d-473c-aa92-f12e086ae4b9" />
    <UnitTestResult executionId="ff632511-59a8-4be8-9823-777b4964a2d4" testId="97c3bf20-eaec-0b2a-c667-7fc82e5472b8" testName="WriteXmlTestEmptyViewItem" computerName="DKSR-EFI-04" duration="00:00:00.0006095" startTime="2023-12-22T09:32:20.7715359+01:00" endTime="2023-12-22T09:32:20.7871605+01:00" testType="13cdc9d9-ddb5-4fa4-a97d-d965ccfc6d4b" outcome="Passed" testListId="8c84fa94-04c1-424b-9868-57a2d4851a1d" relativeResultsDirectory="ff632511-59a8-4be8-9823-777b4964a2d4" />
    <UnitTestResult executionId="506d55e8-4584-4650-963d-ae10aa5293c6" testId="69ed9260-d33e-73af-f6b9-cc90e0f84e0c" testName="WriteXmlTestTwoViews" computerName="DKSR-EFI-04" duration="00:00:00.0080659" startTime="2023-12-22T09:32:20.7090349+01:00" endTime="2023-12-22T09:32:20.7090349+01:00" testType="13cdc9d9-ddb5-4fa4-a97d-d965ccfc6d4b" outcome="Passed" testListId="8c84fa94-04c1-424b-9868-57a2d4851a1d" relativeResultsDirectory="506d55e8-4584-4650-963d-ae10aa5293c6" />
    <UnitTestResult executionId="1b7a5977-4508-4a60-a417-640bb0c99262" testId="1cf66abb-96fb-35be-8990-de671f5387ef" testName="IsSameLayoutTestDifferentLayoutSameCountOfItems" computerName="DKSR-EFI-04" duration="00:00:00.0004316" startTime="2023-12-22T09:32:20.7871605+01:00" endTime="2023-12-22T09:32:20.7871605+01:00" testType="13cdc9d9-ddb5-4fa4-a97d-d965ccfc6d4b" outcome="Passed" testListId="8c84fa94-04c1-424b-9868-57a2d4851a1d" relativeResultsDirectory="1b7a5977-4508-4a60-a417-640bb0c99262" />
    <UnitTestResult executionId="9b33fddb-045f-42c5-a464-e1df5adf6b2d" testId="fc69b98d-1432-a585-898a-e551e33ccd0a" testName="ReadXmlTest" computerName="DKSR-EFI-04" duration="00:00:00.0100743" startTime="2023-12-22T09:32:20.7559111+01:00" endTime="2023-12-22T09:32:20.7559111+01:00" testType="13cdc9d9-ddb5-4fa4-a97d-d965ccfc6d4b" outcome="Passed" testListId="8c84fa94-04c1-424b-9868-57a2d4851a1d" relativeResultsDirectory="9b33fddb-045f-42c5-a464-e1df5adf6b2d" />
    <UnitTestResult executionId="7b9919f4-f64b-4ba9-9064-b5bd44d4ffda" testId="2126a02f-3adf-bded-79eb-a1be5f77bb99" testName="WriteXmlTestWithTwoViewItem" computerName="DKSR-EFI-04" duration="00:00:00.0038619" startTime="2023-12-22T09:32:20.8027865+01:00" endTime="2023-12-22T09:32:20.8027865+01:00" testType="13cdc9d9-ddb5-4fa4-a97d-d965ccfc6d4b" outcome="Passed" testListId="8c84fa94-04c1-424b-9868-57a2d4851a1d" relativeResultsDirectory="7b9919f4-f64b-4ba9-9064-b5bd44d4ffda" />
    <UnitTestResult executionId="fb3d8f9e-1116-4a38-9967-7c63c44e0ff9" testId="b334c523-2d5d-ac16-82f9-b0b6ae259d48" testName="WriteXmlTestEmpty" computerName="DKSR-EFI-04" duration="00:00:00.0221090" startTime="2023-12-22T09:32:20.4902824+01:00" endTime="2023-12-22T09:32:20.5840340+01:00" testType="13cdc9d9-ddb5-4fa4-a97d-d965ccfc6d4b" outcome="Passed" testListId="8c84fa94-04c1-424b-9868-57a2d4851a1d" relativeResultsDirectory="fb3d8f9e-1116-4a38-9967-7c63c44e0ff9" />
  </Results>
  <TestDefinitions>
    <UnitTest name="IsSameLayoutTest" storage="d:\actions-runner\_work\xpco\xpco\common\sc_sharedcomponent\components\dotnet\videoos.remoteclient.data\unittest\bin\debug\net47\videoos.remoteclient.data.unittest.dll" id="c40e0ee6-6a16-4ff7-a775-de7d92578ca2">
      <Execution id="9282307f-a391-43bc-9019-d850e41aa925" />
      <TestMethod codeBase="D:\actions-runner\_work\XPCO\XPCO\Common\SC_SharedComponent\Components\dotNet\VideoOS.RemoteClient.Data\unittest\bin\Debug\net47\VideoOS.RemoteClient.Data.UnitTest.dll" adapterTypeName="executor://mstestadapter/v2" className="VideoOS.RemoteClient.Data.UnitTest.ViewLayoutTest" name="IsSameLayoutTest" />
    </UnitTest>
    <UnitTest name="ReadXmlTestMapViewITem" storage="d:\actions-runner\_work\xpco\xpco\common\sc_sharedcomponent\components\dotnet\videoos.remoteclient.data\unittest\bin\debug\net47\videoos.remoteclient.data.unittest.dll" id="b6d71ab1-ac85-052f-e5bf-c13f776c4586">
      <Execution id="6388ef15-671d-473c-aa92-f12e086ae4b9" />
      <TestMethod codeBase="D:\actions-runner\_work\XPCO\XPCO\Common\SC_SharedComponent\Components\dotNet\VideoOS.RemoteClient.Data\unittest\bin\Debug\net47\VideoOS.RemoteClient.Data.UnitTest.dll" adapterTypeName="executor://mstestadapter/v2" className="VideoOS.RemoteClient.Data.UnitTest.ViewItemTest" name="ReadXmlTestMapViewITem" />
    </UnitTest>
    <UnitTest name="WriteXmlTestCameraViewItem" storage="d:\actions-runner\_work\xpco\xpco\common\sc_sharedcomponent\components\dotnet\videoos.remoteclient.data\unittest\bin\debug\net47\videoos.remoteclient.data.unittest.dll" id="ed1a813c-420a-dd3d-bb95-7b96443bfe6d">
      <Execution id="a82cb5e8-ccc0-4ff8-825f-7b9139264c52" />
      <TestMethod codeBase="D:\actions-runner\_work\XPCO\XPCO\Common\SC_SharedComponent\Components\dotNet\VideoOS.RemoteClient.Data\unittest\bin\Debug\net47\VideoOS.RemoteClient.Data.UnitTest.dll" adapterTypeName="executor://mstestadapter/v2" className="VideoOS.RemoteClient.Data.UnitTest.ViewItemTest" name="WriteXmlTestCameraViewItem" />
    </UnitTest>
    <UnitTest name="ChangeFieldsView" storage="d:\actions-runner\_work\xpco\xpco\common\sc_sharedcomponent\components\dotnet\videoos.remoteclient.data\unittest\bin\debug\net47\videoos.remoteclient.data.unittest.dll" id="a37bd4b9-953d-bd2b-d932-7a0838cc96fb">
      <Execution id="e21df34d-dfb4-433e-8585-759637e02019" />
      <TestMethod codeBase="D:\actions-runner\_work\XPCO\XPCO\Common\SC_SharedComponent\Components\dotNet\VideoOS.RemoteClient.Data\unittest\bin\Debug\net47\VideoOS.RemoteClient.Data.UnitTest.dll" adapterTypeName="executor://mstestadapter/v2" className="VideoOS.RemoteClient.Data.UnitTest.ViewTest" name="ChangeFieldsView" />
    </UnitTest>
    <UnitTest name="WriteXmlFragmentTest" storage="d:\actions-runner\_work\xpco\xpco\common\sc_sharedcomponent\components\dotnet\videoos.remoteclient.data\unittest\bin\debug\net47\videoos.remoteclient.data.unittest.dll" id="ca10539f-71a4-72f7-aa53-9bf064ce6ecc">
      <Execution id="e35c190d-628b-42da-97fd-ce184c1fb35b" />
      <TestMethod codeBase="D:\actions-runner\_work\XPCO\XPCO\Common\SC_SharedComponent\Components\dotNet\VideoOS.RemoteClient.Data\unittest\bin\Debug\net47\VideoOS.RemoteClient.Data.UnitTest.dll" adapterTypeName="executor://mstestadapter/v2" className="VideoOS.RemoteClient.Data.UnitTest.ViewItemTest" name="WriteXmlFragmentTest" />
    </UnitTest>
    <UnitTest name="WriteXmlTestOneGroupWithTwoViews" storage="d:\actions-runner\_work\xpco\xpco\common\sc_sharedcomponent\components\dotnet\videoos.remoteclient.data\unittest\bin\debug\net47\videoos.remoteclient.data.unittest.dll" id="45c9ddbc-d572-204b-1719-58d0ef915a96">
      <Execution id="2938e379-bb18-4314-a56e-36d9ca2db0dd" />
      <TestMethod codeBase="D:\actions-runner\_work\XPCO\XPCO\Common\SC_SharedComponent\Components\dotNet\VideoOS.RemoteClient.Data\unittest\bin\Debug\net47\VideoOS.RemoteClient.Data.UnitTest.dll" adapterTypeName="executor://mstestadapter/v2" className="VideoOS.RemoteClient.Data.UnitTest.ViewGroupTest" name="WriteXmlTestOneGroupWithTwoViews" />
    </UnitTest>
    <UnitTest name="WriteXmlFragmentTest" storage="d:\actions-runner\_work\xpco\xpco\common\sc_sharedcomponent\components\dotnet\videoos.remoteclient.data\unittest\bin\debug\net47\videoos.remoteclient.data.unittest.dll" id="3009834f-48c5-93b1-1975-6c9fdd4c9c1e">
      <Execution id="7291b13d-c055-46d1-90e3-642369fe8bfd" />
      <TestMethod codeBase="D:\actions-runner\_work\XPCO\XPCO\Common\SC_SharedComponent\Components\dotNet\VideoOS.RemoteClient.Data\unittest\bin\Debug\net47\VideoOS.RemoteClient.Data.UnitTest.dll" adapterTypeName="executor://mstestadapter/v2" className="VideoOS.RemoteClient.Data.UnitTest.GroupTest" name="WriteXmlFragmentTest" />
    </UnitTest>
    <UnitTest name="ReadXmlTestEmptyViewItem" storage="d:\actions-runner\_work\xpco\xpco\common\sc_sharedcomponent\components\dotnet\videoos.remoteclient.data\unittest\bin\debug\net47\videoos.remoteclient.data.unittest.dll" id="ac0e059c-7636-36c4-78e0-2ee68dba2aae">
      <Execution id="48780b0f-9213-4a41-b779-49269758f89b" />
      <TestMethod codeBase="D:\actions-runner\_work\XPCO\XPCO\Common\SC_SharedComponent\Components\dotNet\VideoOS.RemoteClient.Data\unittest\bin\Debug\net47\VideoOS.RemoteClient.Data.UnitTest.dll" adapterTypeName="executor://mstestadapter/v2" className="VideoOS.RemoteClient.Data.UnitTest.ViewItemTest" name="ReadXmlTestEmptyViewItem" />
    </UnitTest>
    <UnitTest name="WriteXmlTestMapViewITem" storage="d:\actions-runner\_work\xpco\xpco\common\sc_sharedcomponent\components\dotnet\videoos.remoteclient.data\unittest\bin\debug\net47\videoos.remoteclient.data.unittest.dll" id="fc44350a-c6bd-b1dd-a585-1b82a48d88a3">
      <Execution id="da3e81e9-b84a-440a-8e17-89405041be98" />
      <TestMethod codeBase="D:\actions-runner\_work\XPCO\XPCO\Common\SC_SharedComponent\Components\dotNet\VideoOS.RemoteClient.Data\unittest\bin\Debug\net47\VideoOS.RemoteClient.Data.UnitTest.dll" adapterTypeName="executor://mstestadapter/v2" className="VideoOS.RemoteClient.Data.UnitTest.ViewItemTest" name="WriteXmlTestMapViewITem" />
    </UnitTest>
    <UnitTest name="IsSameLayoutTestDifferentLayout" storage="d:\actions-runner\_work\xpco\xpco\common\sc_sharedcomponent\components\dotnet\videoos.remoteclient.data\unittest\bin\debug\net47\videoos.remoteclient.data.unittest.dll" id="4b9d9f0c-9b38-1d13-6714-cb28bca714c3">
      <Execution id="913d0b64-a9ef-4573-8f2e-39aaef6e0c33" />
      <TestMethod codeBase="D:\actions-runner\_work\XPCO\XPCO\Common\SC_SharedComponent\Components\dotNet\VideoOS.RemoteClient.Data\unittest\bin\Debug\net47\VideoOS.RemoteClient.Data.UnitTest.dll" adapterTypeName="executor://mstestadapter/v2" className="VideoOS.RemoteClient.Data.UnitTest.ViewLayoutTest" name="IsSameLayoutTestDifferentLayout" />
    </UnitTest>
    <UnitTest name="ReadXmlTest" storage="d:\actions-runner\_work\xpco\xpco\common\sc_sharedcomponent\components\dotnet\videoos.remoteclient.data\unittest\bin\debug\net47\videoos.remoteclient.data.unittest.dll" id="34643078-7b2a-e2cc-a1a6-dacb454bf4c9">
      <Execution id="65466d4b-f66f-414d-8e0f-70ddbceff118" />
      <TestMethod codeBase="D:\actions-runner\_work\XPCO\XPCO\Common\SC_SharedComponent\Components\dotNet\VideoOS.RemoteClient.Data\unittest\bin\Debug\net47\VideoOS.RemoteClient.Data.UnitTest.dll" adapterTypeName="executor://mstestadapter/v2" className="VideoOS.RemoteClient.Data.UnitTest.GroupTest" name="ReadXmlTest" />
    </UnitTest>
    <UnitTest name="ReadXmlTest" storage="d:\actions-runner\_work\xpco\xpco\common\sc_sharedcomponent\components\dotnet\videoos.remoteclient.data\unittest\bin\debug\net47\videoos.remoteclient.data.unittest.dll" id="fc69b98d-1432-a585-898a-e551e33ccd0a">
      <Execution id="9b33fddb-045f-42c5-a464-e1df5adf6b2d" />
      <TestMethod codeBase="D:\actions-runner\_work\XPCO\XPCO\Common\SC_SharedComponent\Components\dotNet\VideoOS.RemoteClient.Data\unittest\bin\Debug\net47\VideoOS.RemoteClient.Data.UnitTest.dll" adapterTypeName="executor://mstestadapter/v2" className="VideoOS.RemoteClient.Data.UnitTest.ViewGroupTest" name="ReadXmlTest" />
    </UnitTest>
    <UnitTest name="WriteXmlFragmentTest" storage="d:\actions-runner\_work\xpco\xpco\common\sc_sharedcomponent\components\dotnet\videoos.remoteclient.data\unittest\bin\debug\net47\videoos.remoteclient.data.unittest.dll" id="836e1af9-5246-a6cd-ab14-64ff798f6575">
      <Execution id="ea5336ae-15d9-4bf7-893d-302134173d3a" />
      <TestMethod codeBase="D:\actions-runner\_work\XPCO\XPCO\Common\SC_SharedComponent\Components\dotNet\VideoOS.RemoteClient.Data\unittest\bin\Debug\net47\VideoOS.RemoteClient.Data.UnitTest.dll" adapterTypeName="executor://mstestadapter/v2" className="VideoOS.RemoteClient.Data.UnitTest.ViewTest" name="WriteXmlFragmentTest" />
    </UnitTest>
    <UnitTest name="ReadXmlTestViewWithOneViewItemWithViewLayoutContainedinViewAndAnotherProperty" storage="d:\actions-runner\_work\xpco\xpco\common\sc_sharedcomponent\components\dotnet\videoos.remoteclient.data\unittest\bin\debug\net47\videoos.remoteclient.data.unittest.dll" id="2708b57d-7de0-293b-4425-8b550d8806bc">
      <Execution id="bda1423a-f85e-4a15-b8ed-1ec80d161ea9" />
      <TestMethod codeBase="D:\actions-runner\_work\XPCO\XPCO\Common\SC_SharedComponent\Components\dotNet\VideoOS.RemoteClient.Data\unittest\bin\Debug\net47\VideoOS.RemoteClient.Data.UnitTest.dll" adapterTypeName="executor://mstestadapter/v2" className="VideoOS.RemoteClient.Data.UnitTest.ViewTest" name="ReadXmlTestViewWithOneViewItemWithViewLayoutContainedinViewAndAnotherProperty" />
    </UnitTest>
    <UnitTest name="WriteXmlTestEmpty" storage="d:\actions-runner\_work\xpco\xpco\common\sc_sharedcomponent\components\dotnet\videoos.remoteclient.data\unittest\bin\debug\net47\videoos.remoteclient.data.unittest.dll" id="b334c523-2d5d-ac16-82f9-b0b6ae259d48">
      <Execution id="fb3d8f9e-1116-4a38-9967-7c63c44e0ff9" />
      <TestMethod codeBase="D:\actions-runner\_work\XPCO\XPCO\Common\SC_SharedComponent\Components\dotNet\VideoOS.RemoteClient.Data\unittest\bin\Debug\net47\VideoOS.RemoteClient.Data.UnitTest.dll" adapterTypeName="executor://mstestadapter/v2" className="VideoOS.RemoteClient.Data.UnitTest.GroupTest" name="WriteXmlTestEmpty" />
    </UnitTest>
    <UnitTest name="IsSameLayoutTestDifferentLayoutSameCountOfItemsAndSameName" storage="d:\actions-runner\_work\xpco\xpco\common\sc_sharedcomponent\components\dotnet\videoos.remoteclient.data\unittest\bin\debug\net47\videoos.remoteclient.data.unittest.dll" id="c74185ea-3349-d3ea-9b83-50b171af2003">
      <Execution id="5b3cacb2-23a7-43e9-8ff1-defc6898604b" />
      <TestMethod codeBase="D:\actions-runner\_work\XPCO\XPCO\Common\SC_SharedComponent\Components\dotNet\VideoOS.RemoteClient.Data\unittest\bin\Debug\net47\VideoOS.RemoteClient.Data.UnitTest.dll" adapterTypeName="executor://mstestadapter/v2" className="VideoOS.RemoteClient.Data.UnitTest.ViewLayoutTest" name="IsSameLayoutTestDifferentLayoutSameCountOfItemsAndSameName" />
    </UnitTest>
    <UnitTest name="WriteXmlTestOneViewAndOneNestedGroupWithOneView" storage="d:\actions-runner\_work\xpco\xpco\common\sc_sharedcomponent\components\dotnet\videoos.remoteclient.data\unittest\bin\debug\net47\videoos.remoteclient.data.unittest.dll" id="16fde1ad-cd75-eb22-7e0e-f572cf191b53">
      <Execution id="74f4def1-0f29-4967-802e-8a1918631342" />
      <TestMethod codeBase="D:\actions-runner\_work\XPCO\XPCO\Common\SC_SharedComponent\Components\dotNet\VideoOS.RemoteClient.Data\unittest\bin\Debug\net47\VideoOS.RemoteClient.Data.UnitTest.dll" adapterTypeName="executor://mstestadapter/v2" className="VideoOS.RemoteClient.Data.UnitTest.GroupTest" name="WriteXmlTestOneViewAndOneNestedGroupWithOneView" />
    </UnitTest>
    <UnitTest name="ChangeFieldsViewItem" storage="d:\actions-runner\_work\xpco\xpco\common\sc_sharedcomponent\components\dotnet\videoos.remoteclient.data\unittest\bin\debug\net47\videoos.remoteclient.data.unittest.dll" id="c3df5bd9-b673-55a1-143d-75dae05920a2">
      <Execution id="b6649b17-bfb6-4dd1-80f5-ca015f052e9a" />
      <TestMethod codeBase="D:\actions-runner\_work\XPCO\XPCO\Common\SC_SharedComponent\Components\dotNet\VideoOS.RemoteClient.Data\unittest\bin\Debug\net47\VideoOS.RemoteClient.Data.UnitTest.dll" adapterTypeName="executor://mstestadapter/v2" className="VideoOS.RemoteClient.Data.UnitTest.ViewItemTest" name="ChangeFieldsViewItem" />
    </UnitTest>
    <UnitTest name="WriteXmlTestWithTwoViewItem" storage="d:\actions-runner\_work\xpco\xpco\common\sc_sharedcomponent\components\dotnet\videoos.remoteclient.data\unittest\bin\debug\net47\videoos.remoteclient.data.unittest.dll" id="2126a02f-3adf-bded-79eb-a1be5f77bb99">
      <Execution id="7b9919f4-f64b-4ba9-9064-b5bd44d4ffda" />
      <TestMethod codeBase="D:\actions-runner\_work\XPCO\XPCO\Common\SC_SharedComponent\Components\dotNet\VideoOS.RemoteClient.Data\unittest\bin\Debug\net47\VideoOS.RemoteClient.Data.UnitTest.dll" adapterTypeName="executor://mstestadapter/v2" className="VideoOS.RemoteClient.Data.UnitTest.ViewTest" name="WriteXmlTestWithTwoViewItem" />
    </UnitTest>
    <UnitTest name="ReadXmlTestCameraViewItemWithShortcut" storage="d:\actions-runner\_work\xpco\xpco\common\sc_sharedcomponent\components\dotnet\videoos.remoteclient.data\unittest\bin\debug\net47\videoos.remoteclient.data.unittest.dll" id="444003b6-f4d4-b6de-f730-9221151619de">
      <Execution id="dd239b46-6ed2-4b10-b35c-0ccb1fa13fea" />
      <TestMethod codeBase="D:\actions-runner\_work\XPCO\XPCO\Common\SC_SharedComponent\Components\dotNet\VideoOS.RemoteClient.Data\unittest\bin\Debug\net47\VideoOS.RemoteClient.Data.UnitTest.dll" adapterTypeName="executor://mstestadapter/v2" className="VideoOS.RemoteClient.Data.UnitTest.ViewItemTest" name="ReadXmlTestCameraViewItemWithShortcut" />
    </UnitTest>
    <UnitTest name="ReadXmlTestDifferentViewItemInformationThanUsedTo" storage="d:\actions-runner\_work\xpco\xpco\common\sc_sharedcomponent\components\dotnet\videoos.remoteclient.data\unittest\bin\debug\net47\videoos.remoteclient.data.unittest.dll" id="e386cf20-46f8-cfc9-41f3-6aa32c9d9d3f">
      <Execution id="89bef696-b7db-4615-b68e-dc849f6c8e8a" />
      <TestMethod codeBase="D:\actions-runner\_work\XPCO\XPCO\Common\SC_SharedComponent\Components\dotNet\VideoOS.RemoteClient.Data\unittest\bin\Debug\net47\VideoOS.RemoteClient.Data.UnitTest.dll" adapterTypeName="executor://mstestadapter/v2" className="VideoOS.RemoteClient.Data.UnitTest.GroupTest" name="ReadXmlTestDifferentViewItemInformationThanUsedTo" />
    </UnitTest>
    <UnitTest name="ReadXmlTestViewWithTwoViewItem" storage="d:\actions-runner\_work\xpco\xpco\common\sc_sharedcomponent\components\dotnet\videoos.remoteclient.data\unittest\bin\debug\net47\videoos.remoteclient.data.unittest.dll" id="0a1fbe88-0bd8-43a0-b44e-81bbdcbf3065">
      <Execution id="a896a3e6-58fc-4844-8751-a9f250317ba7" />
      <TestMethod codeBase="D:\actions-runner\_work\XPCO\XPCO\Common\SC_SharedComponent\Components\dotNet\VideoOS.RemoteClient.Data\unittest\bin\Debug\net47\VideoOS.RemoteClient.Data.UnitTest.dll" adapterTypeName="executor://mstestadapter/v2" className="VideoOS.RemoteClient.Data.UnitTest.ViewTest" name="ReadXmlTestViewWithTwoViewItem" />
    </UnitTest>
    <UnitTest name="ReadXmlTestCameraViewItem" storage="d:\actions-runner\_work\xpco\xpco\common\sc_sharedcomponent\components\dotnet\videoos.remoteclient.data\unittest\bin\debug\net47\videoos.remoteclient.data.unittest.dll" id="fad81d5e-2adf-c097-4760-3355bbf0ac94">
      <Execution id="6d69e437-12f0-48cd-8079-55b3b7761efa" />
      <TestMethod codeBase="D:\actions-runner\_work\XPCO\XPCO\Common\SC_SharedComponent\Components\dotNet\VideoOS.RemoteClient.Data\unittest\bin\Debug\net47\VideoOS.RemoteClient.Data.UnitTest.dll" adapterTypeName="executor://mstestadapter/v2" className="VideoOS.RemoteClient.Data.UnitTest.ViewItemTest" name="ReadXmlTestCameraViewItem" />
    </UnitTest>
    <UnitTest name="WriteXmlTestCameraViewItemWithShortcut" storage="d:\actions-runner\_work\xpco\xpco\common\sc_sharedcomponent\components\dotnet\videoos.remoteclient.data\unittest\bin\debug\net47\videoos.remoteclient.data.unittest.dll" id="072a0155-2067-4e26-505a-6080b93bbe51">
      <Execution id="1d0ebfa9-e34f-4792-8cf7-feb37e9bdf37" />
      <TestMethod codeBase="D:\actions-runner\_work\XPCO\XPCO\Common\SC_SharedComponent\Components\dotNet\VideoOS.RemoteClient.Data\unittest\bin\Debug\net47\VideoOS.RemoteClient.Data.UnitTest.dll" adapterTypeName="executor://mstestadapter/v2" className="VideoOS.RemoteClient.Data.UnitTest.ViewItemTest" name="WriteXmlTestCameraViewItemWithShortcut" />
    </UnitTest>
    <UnitTest name="WriteXmlFragmentTest" storage="d:\actions-runner\_work\xpco\xpco\common\sc_sharedcomponent\components\dotnet\videoos.remoteclient.data\unittest\bin\debug\net47\videoos.remoteclient.data.unittest.dll" id="3c2f10f1-41c2-34a7-f428-69f8e1f2ef71">
      <Execution id="610f9464-dca2-469c-ae77-a6415e25f72b" />
      <TestMethod codeBase="D:\actions-runner\_work\XPCO\XPCO\Common\SC_SharedComponent\Components\dotNet\VideoOS.RemoteClient.Data\unittest\bin\Debug\net47\VideoOS.RemoteClient.Data.UnitTest.dll" adapterTypeName="executor://mstestadapter/v2" className="VideoOS.RemoteClient.Data.UnitTest.ViewGroupTest" name="WriteXmlFragmentTest" />
    </UnitTest>
    <UnitTest name="ReadXmlTestViewWithOneViewItem" storage="d:\actions-runner\_work\xpco\xpco\common\sc_sharedcomponent\components\dotnet\videoos.remoteclient.data\unittest\bin\debug\net47\videoos.remoteclient.data.unittest.dll" id="fa5a1cc8-9f51-6c04-e70e-f5fc9395a4f9">
      <Execution id="278d3982-705b-4067-a293-52043e70a40e" />
      <TestMethod codeBase="D:\actions-runner\_work\XPCO\XPCO\Common\SC_SharedComponent\Components\dotNet\VideoOS.RemoteClient.Data\unittest\bin\Debug\net47\VideoOS.RemoteClient.Data.UnitTest.dll" adapterTypeName="executor://mstestadapter/v2" className="VideoOS.RemoteClient.Data.UnitTest.ViewTest" name="ReadXmlTestViewWithOneViewItem" />
    </UnitTest>
    <UnitTest name="ReadXmlTestViewWithOneViewItemWithViewLayoutContainedinView" storage="d:\actions-runner\_work\xpco\xpco\common\sc_sharedcomponent\components\dotnet\videoos.remoteclient.data\unittest\bin\debug\net47\videoos.remoteclient.data.unittest.dll" id="b34854e0-fe8f-c5d3-14fa-ce5f50885cac">
      <Execution id="babc9b19-dc5c-4cdc-bf0f-f6bc9d62d92c" />
      <TestMethod codeBase="D:\actions-runner\_work\XPCO\XPCO\Common\SC_SharedComponent\Components\dotNet\VideoOS.RemoteClient.Data\unittest\bin\Debug\net47\VideoOS.RemoteClient.Data.UnitTest.dll" adapterTypeName="executor://mstestadapter/v2" className="VideoOS.RemoteClient.Data.UnitTest.ViewTest" name="ReadXmlTestViewWithOneViewItemWithViewLayoutContainedinView" />
    </UnitTest>
    <UnitTest name="WriteXmlTestTwoViews" storage="d:\actions-runner\_work\xpco\xpco\common\sc_sharedcomponent\components\dotnet\videoos.remoteclient.data\unittest\bin\debug\net47\videoos.remoteclient.data.unittest.dll" id="69ed9260-d33e-73af-f6b9-cc90e0f84e0c">
      <Execution id="506d55e8-4584-4650-963d-ae10aa5293c6" />
      <TestMethod codeBase="D:\actions-runner\_work\XPCO\XPCO\Common\SC_SharedComponent\Components\dotNet\VideoOS.RemoteClient.Data\unittest\bin\Debug\net47\VideoOS.RemoteClient.Data.UnitTest.dll" adapterTypeName="executor://mstestadapter/v2" className="VideoOS.RemoteClient.Data.UnitTest.GroupTest" name="WriteXmlTestTwoViews" />
    </UnitTest>
    <UnitTest name="WriteXmlTestOneView" storage="d:\actions-runner\_work\xpco\xpco\common\sc_sharedcomponent\components\dotnet\videoos.remoteclient.data\unittest\bin\debug\net47\videoos.remoteclient.data.unittest.dll" id="4ccb33bc-104d-4019-2a41-182f5f4aa6af">
      <Execution id="36a84da2-d259-43df-b4b6-c15ed6a02e25" />
      <TestMethod codeBase="D:\actions-runner\_work\XPCO\XPCO\Common\SC_SharedComponent\Components\dotNet\VideoOS.RemoteClient.Data\unittest\bin\Debug\net47\VideoOS.RemoteClient.Data.UnitTest.dll" adapterTypeName="executor://mstestadapter/v2" className="VideoOS.RemoteClient.Data.UnitTest.GroupTest" name="WriteXmlTestOneView" />
    </UnitTest>
    <UnitTest name="WriteXmlTestEmpty" storage="d:\actions-runner\_work\xpco\xpco\common\sc_sharedcomponent\components\dotnet\videoos.remoteclient.data\unittest\bin\debug\net47\videoos.remoteclient.data.unittest.dll" id="5bb1cf2c-f20b-1b5a-ce23-f7e9f25d6c92">
      <Execution id="98f06d82-92a8-4465-9aed-07c0aeb2faf9" />
      <TestMethod codeBase="D:\actions-runner\_work\XPCO\XPCO\Common\SC_SharedComponent\Components\dotNet\VideoOS.RemoteClient.Data\unittest\bin\Debug\net47\VideoOS.RemoteClient.Data.UnitTest.dll" adapterTypeName="executor://mstestadapter/v2" className="VideoOS.RemoteClient.Data.UnitTest.ViewGroupTest" name="WriteXmlTestEmpty" />
    </UnitTest>
    <UnitTest name="WriteXmlTestEmptyViewItem" storage="d:\actions-runner\_work\xpco\xpco\common\sc_sharedcomponent\components\dotnet\videoos.remoteclient.data\unittest\bin\debug\net47\videoos.remoteclient.data.unittest.dll" id="97c3bf20-eaec-0b2a-c667-7fc82e5472b8">
      <Execution id="ff632511-59a8-4be8-9823-777b4964a2d4" />
      <TestMethod codeBase="D:\actions-runner\_work\XPCO\XPCO\Common\SC_SharedComponent\Components\dotNet\VideoOS.RemoteClient.Data\unittest\bin\Debug\net47\VideoOS.RemoteClient.Data.UnitTest.dll" adapterTypeName="executor://mstestadapter/v2" className="VideoOS.RemoteClient.Data.UnitTest.ViewItemTest" name="WriteXmlTestEmptyViewItem" />
    </UnitTest>
    <UnitTest name="WriteXmlTestWithOneViewItem" storage="d:\actions-runner\_work\xpco\xpco\common\sc_sharedcomponent\components\dotnet\videoos.remoteclient.data\unittest\bin\debug\net47\videoos.remoteclient.data.unittest.dll" id="83aff7c1-40bd-24c4-b3c9-d698a20cc72f">
      <Execution id="1bfa41a9-82c2-4a47-9909-c8843ed8ee2a" />
      <TestMethod codeBase="D:\actions-runner\_work\XPCO\XPCO\Common\SC_SharedComponent\Components\dotNet\VideoOS.RemoteClient.Data\unittest\bin\Debug\net47\VideoOS.RemoteClient.Data.UnitTest.dll" adapterTypeName="executor://mstestadapter/v2" className="VideoOS.RemoteClient.Data.UnitTest.ViewTest" name="WriteXmlTestWithOneViewItem" />
    </UnitTest>
    <UnitTest name="WriteXmlTestOneViewAndOneNestedGroupWithOneViewWithOneNestedGroupWithOneView" storage="d:\actions-runner\_work\xpco\xpco\common\sc_sharedcomponent\components\dotnet\videoos.remoteclient.data\unittest\bin\debug\net47\videoos.remoteclient.data.unittest.dll" id="268e5f82-c5b3-c5f3-a6aa-2b49b901ccec">
      <Execution id="3ecfea57-0cc7-4726-820e-36a8c9986620" />
      <TestMethod codeBase="D:\actions-runner\_work\XPCO\XPCO\Common\SC_SharedComponent\Components\dotNet\VideoOS.RemoteClient.Data\unittest\bin\Debug\net47\VideoOS.RemoteClient.Data.UnitTest.dll" adapterTypeName="executor://mstestadapter/v2" className="VideoOS.RemoteClient.Data.UnitTest.GroupTest" name="WriteXmlTestOneViewAndOneNestedGroupWithOneViewWithOneNestedGroupWithOneView" />
    </UnitTest>
    <UnitTest name="IsSameLayoutTestDifferentLayoutSameCountOfItems" storage="d:\actions-runner\_work\xpco\xpco\common\sc_sharedcomponent\components\dotnet\videoos.remoteclient.data\unittest\bin\debug\net47\videoos.remoteclient.data.unittest.dll" id="1cf66abb-96fb-35be-8990-de671f5387ef">
      <Execution id="1b7a5977-4508-4a60-a417-640bb0c99262" />
      <TestMethod codeBase="D:\actions-runner\_work\XPCO\XPCO\Common\SC_SharedComponent\Components\dotNet\VideoOS.RemoteClient.Data\unittest\bin\Debug\net47\VideoOS.RemoteClient.Data.UnitTest.dll" adapterTypeName="executor://mstestadapter/v2" className="VideoOS.RemoteClient.Data.UnitTest.ViewLayoutTest" name="IsSameLayoutTestDifferentLayoutSameCountOfItems" />
    </UnitTest>
  </TestDefinitions>
  <TestEntries>
    <TestEntry testId="e386cf20-46f8-cfc9-41f3-6aa32c9d9d3f" executionId="89bef696-b7db-4615-b68e-dc849f6c8e8a" testListId="8c84fa94-04c1-424b-9868-57a2d4851a1d" />
    <TestEntry testId="16fde1ad-cd75-eb22-7e0e-f572cf191b53" executionId="74f4def1-0f29-4967-802e-8a1918631342" testListId="8c84fa94-04c1-424b-9868-57a2d4851a1d" />
    <TestEntry testId="34643078-7b2a-e2cc-a1a6-dacb454bf4c9" executionId="65466d4b-f66f-414d-8e0f-70ddbceff118" testListId="8c84fa94-04c1-424b-9868-57a2d4851a1d" />
    <TestEntry testId="c3df5bd9-b673-55a1-143d-75dae05920a2" executionId="b6649b17-bfb6-4dd1-80f5-ca015f052e9a" testListId="8c84fa94-04c1-424b-9868-57a2d4851a1d" />
    <TestEntry testId="fa5a1cc8-9f51-6c04-e70e-f5fc9395a4f9" executionId="278d3982-705b-4067-a293-52043e70a40e" testListId="8c84fa94-04c1-424b-9868-57a2d4851a1d" />
    <TestEntry testId="4b9d9f0c-9b38-1d13-6714-cb28bca714c3" executionId="913d0b64-a9ef-4573-8f2e-39aaef6e0c33" testListId="8c84fa94-04c1-424b-9868-57a2d4851a1d" />
    <TestEntry testId="b34854e0-fe8f-c5d3-14fa-ce5f50885cac" executionId="babc9b19-dc5c-4cdc-bf0f-f6bc9d62d92c" testListId="8c84fa94-04c1-424b-9868-57a2d4851a1d" />
    <TestEntry testId="ed1a813c-420a-dd3d-bb95-7b96443bfe6d" executionId="a82cb5e8-ccc0-4ff8-825f-7b9139264c52" testListId="8c84fa94-04c1-424b-9868-57a2d4851a1d" />
    <TestEntry testId="444003b6-f4d4-b6de-f730-9221151619de" executionId="dd239b46-6ed2-4b10-b35c-0ccb1fa13fea" testListId="8c84fa94-04c1-424b-9868-57a2d4851a1d" />
    <TestEntry testId="0a1fbe88-0bd8-43a0-b44e-81bbdcbf3065" executionId="a896a3e6-58fc-4844-8751-a9f250317ba7" testListId="8c84fa94-04c1-424b-9868-57a2d4851a1d" />
    <TestEntry testId="2708b57d-7de0-293b-4425-8b550d8806bc" executionId="bda1423a-f85e-4a15-b8ed-1ec80d161ea9" testListId="8c84fa94-04c1-424b-9868-57a2d4851a1d" />
    <TestEntry testId="072a0155-2067-4e26-505a-6080b93bbe51" executionId="1d0ebfa9-e34f-4792-8cf7-feb37e9bdf37" testListId="8c84fa94-04c1-424b-9868-57a2d4851a1d" />
    <TestEntry testId="3009834f-48c5-93b1-1975-6c9fdd4c9c1e" executionId="7291b13d-c055-46d1-90e3-642369fe8bfd" testListId="8c84fa94-04c1-424b-9868-57a2d4851a1d" />
    <TestEntry testId="ac0e059c-7636-36c4-78e0-2ee68dba2aae" executionId="48780b0f-9213-4a41-b779-49269758f89b" testListId="8c84fa94-04c1-424b-9868-57a2d4851a1d" />
    <TestEntry testId="83aff7c1-40bd-24c4-b3c9-d698a20cc72f" executionId="1bfa41a9-82c2-4a47-9909-c8843ed8ee2a" testListId="8c84fa94-04c1-424b-9868-57a2d4851a1d" />
    <TestEntry testId="fad81d5e-2adf-c097-4760-3355bbf0ac94" executionId="6d69e437-12f0-48cd-8079-55b3b7761efa" testListId="8c84fa94-04c1-424b-9868-57a2d4851a1d" />
    <TestEntry testId="a37bd4b9-953d-bd2b-d932-7a0838cc96fb" executionId="e21df34d-dfb4-433e-8585-759637e02019" testListId="8c84fa94-04c1-424b-9868-57a2d4851a1d" />
    <TestEntry testId="fc44350a-c6bd-b1dd-a585-1b82a48d88a3" executionId="da3e81e9-b84a-440a-8e17-89405041be98" testListId="8c84fa94-04c1-424b-9868-57a2d4851a1d" />
    <TestEntry testId="45c9ddbc-d572-204b-1719-58d0ef915a96" executionId="2938e379-bb18-4314-a56e-36d9ca2db0dd" testListId="8c84fa94-04c1-424b-9868-57a2d4851a1d" />
    <TestEntry testId="268e5f82-c5b3-c5f3-a6aa-2b49b901ccec" executionId="3ecfea57-0cc7-4726-820e-36a8c9986620" testListId="8c84fa94-04c1-424b-9868-57a2d4851a1d" />
    <TestEntry testId="5bb1cf2c-f20b-1b5a-ce23-f7e9f25d6c92" executionId="98f06d82-92a8-4465-9aed-07c0aeb2faf9" testListId="8c84fa94-04c1-424b-9868-57a2d4851a1d" />
    <TestEntry testId="ca10539f-71a4-72f7-aa53-9bf064ce6ecc" executionId="e35c190d-628b-42da-97fd-ce184c1fb35b" testListId="8c84fa94-04c1-424b-9868-57a2d4851a1d" />
    <TestEntry testId="c74185ea-3349-d3ea-9b83-50b171af2003" executionId="5b3cacb2-23a7-43e9-8ff1-defc6898604b" testListId="8c84fa94-04c1-424b-9868-57a2d4851a1d" />
    <TestEntry testId="836e1af9-5246-a6cd-ab14-64ff798f6575" executionId="ea5336ae-15d9-4bf7-893d-302134173d3a" testListId="8c84fa94-04c1-424b-9868-57a2d4851a1d" />
    <TestEntry testId="4ccb33bc-104d-4019-2a41-182f5f4aa6af" executionId="36a84da2-d259-43df-b4b6-c15ed6a02e25" testListId="8c84fa94-04c1-424b-9868-57a2d4851a1d" />
    <TestEntry testId="3c2f10f1-41c2-34a7-f428-69f8e1f2ef71" executionId="610f9464-dca2-469c-ae77-a6415e25f72b" testListId="8c84fa94-04c1-424b-9868-57a2d4851a1d" />
    <TestEntry testId="c40e0ee6-6a16-4ff7-a775-de7d92578ca2" executionId="9282307f-a391-43bc-9019-d850e41aa925" testListId="8c84fa94-04c1-424b-9868-57a2d4851a1d" />
    <TestEntry testId="b6d71ab1-ac85-052f-e5bf-c13f776c4586" executionId="6388ef15-671d-473c-aa92-f12e086ae4b9" testListId="8c84fa94-04c1-424b-9868-57a2d4851a1d" />
    <TestEntry testId="97c3bf20-eaec-0b2a-c667-7fc82e5472b8" executionId="ff632511-59a8-4be8-9823-777b4964a2d4" testListId="8c84fa94-04c1-424b-9868-57a2d4851a1d" />
    <TestEntry testId="69ed9260-d33e-73af-f6b9-cc90e0f84e0c" executionId="506d55e8-4584-4650-963d-ae10aa5293c6" testListId="8c84fa94-04c1-424b-9868-57a2d4851a1d" />
    <TestEntry testId="1cf66abb-96fb-35be-8990-de671f5387ef" executionId="1b7a5977-4508-4a60-a417-640bb0c99262" testListId="8c84fa94-04c1-424b-9868-57a2d4851a1d" />
    <TestEntry testId="fc69b98d-1432-a585-898a-e551e33ccd0a" executionId="9b33fddb-045f-42c5-a464-e1df5adf6b2d" testListId="8c84fa94-04c1-424b-9868-57a2d4851a1d" />
    <TestEntry testId="2126a02f-3adf-bded-79eb-a1be5f77bb99" executionId="7b9919f4-f64b-4ba9-9064-b5bd44d4ffda" testListId="8c84fa94-04c1-424b-9868-57a2d4851a1d" />
    <TestEntry testId="b334c523-2d5d-ac16-82f9-b0b6ae259d48" executionId="fb3d8f9e-1116-4a38-9967-7c63c44e0ff9" testListId="8c84fa94-04c1-424b-9868-57a2d4851a1d" />
  </TestEntries>
  <TestLists>
    <TestList name="Results Not in a List" id="8c84fa94-04c1-424b-9868-57a2d4851a1d" />
    <TestList name="All Loaded Results" id="19431567-8539-422a-85d7-44ee4e166bda" />
  </TestLists>
  <ResultSummary outcome="Completed">
    <Counters total="34" executed="34" passed="34" failed="0" error="0" timeout="0" aborted="0" inconclusive="0" passedButRunAborted="0" notRunnable="0" notExecuted="0" disconnected="0" warning="0" completed="0" inProgress="0" pending="0" />
  </ResultSummary>
</TestRun>