<?xml version="1.0" encoding="utf-8"?>
<TestRun id="02924f8b-8823-4bf2-9081-3b65f46c6e20" name="DKSR-EFI-04$@DKSR-EFI-04 2023-12-22 09:32:16" runUser="NT AUTHORITY\NETWORK SERVICE" xmlns="http://microsoft.com/schemas/VisualStudio/TeamTest/2010">
  <Times creation="2023-12-22T09:32:16.2871409+01:00" queuing="2023-12-22T09:32:16.2871409+01:00" start="2023-12-22T09:32:04.0683374+01:00" finish="2023-12-22T09:32:19.6934057+01:00" />
  <TestSettings name="default" id="847b385f-c182-445d-9cb7-5edf6d8d8f59">
    <Deployment runDeploymentRoot="DKSR-EFI-04$_DKSR-EFI-04_2023-12-22_09_32_16" />
  </TestSettings>
  <Results>
    <UnitTestResult executionId="c2aa2cb9-ab8a-4ce5-9adc-0c62d9111f3e" testId="7b2b6c46-ae60-f91a-17b9-500c095310d7" testName="ExcludeFromAboutBox_ShouldReturnTrue_WhenCalled" computerName="DKSR-EFI-04" duration="00:00:00.3940941" startTime="2023-12-22T09:32:14.8340077+01:00" endTime="2023-12-22T09:32:15.3183856+01:00" testType="13cdc9d9-ddb5-4fa4-a97d-d965ccfc6d4b" outcome="Passed" testListId="8c84fa94-04c1-424b-9868-57a2d4851a1d" relativeResultsDirectory="c2aa2cb9-ab8a-4ce5-9adc-0c62d9111f3e" />
    <UnitTestResult executionId="9e037e2b-b68d-4f40-a739-3aa3e6d988bd" testId="1fbae8a0-2536-7c8b-9d3e-537f2b3efdd9" testName="HandleException_ShouldReturnTrue_WhenArgumentIsCommunicationException" computerName="DKSR-EFI-04" duration="00:00:00.0024089" startTime="2023-12-22T09:32:15.7246398+01:00" endTime="2023-12-22T09:32:15.7246398+01:00" testType="13cdc9d9-ddb5-4fa4-a97d-d965ccfc6d4b" outcome="Passed" testListId="8c84fa94-04c1-424b-9868-57a2d4851a1d" relativeResultsDirectory="9e037e2b-b68d-4f40-a739-3aa3e6d988bd" />
    <UnitTestResult executionId="b033b178-20b8-4fe7-9751-84f5c60a3e55" testId="9a14a061-e745-3d91-8c10-2261249d4fa9" testName="ExcludeFromAboutBox_ShouldReturnTrue_WhenCalled" computerName="DKSR-EFI-04" duration="00:00:00.0001862" startTime="2023-12-22T09:32:18.7715256+01:00" endTime="2023-12-22T09:32:18.7715256+01:00" testType="13cdc9d9-ddb5-4fa4-a97d-d965ccfc6d4b" outcome="Passed" testListId="8c84fa94-04c1-424b-9868-57a2d4851a1d" relativeResultsDirectory="b033b178-20b8-4fe7-9751-84f5c60a3e55" />
    <UnitTestResult executionId="2b063e61-b25d-4fb5-8974-9107d527bbf5" testId="942e5e96-8a63-6722-efbe-6f6814a771b8" testName="GetAccessControlSystemManagerClone_ShouldNotBeSame_WhenICallThisFunctionWithNonNullAccessControlSystemManager" computerName="DKSR-EFI-04" duration="00:00:00.0008466" startTime="2023-12-22T09:32:16.2715138+01:00" endTime="2023-12-22T09:32:16.2715138+01:00" testType="13cdc9d9-ddb5-4fa4-a97d-d965ccfc6d4b" outcome="Passed" testListId="8c84fa94-04c1-424b-9868-57a2d4851a1d" relativeResultsDirectory="2b063e61-b25d-4fb5-8974-9107d527bbf5" />
    <UnitTestResult executionId="44af4c3b-781f-44f8-9ac1-66601bae9e40" testId="35846c0b-68e8-1675-a4c7-849a33b78682" testName="AddAccessControlSystemManagerToAccessControlSystemManagersDictionary_ShouldAddAccessControlSystemManagerToTheDictionary_WhenICallThisFunctionWithNonNullValues" computerName="DKSR-EFI-04" duration="00:00:00.0011895" startTime="2023-12-22T09:32:16.2715138+01:00" endTime="2023-12-22T09:32:16.2715138+01:00" testType="13cdc9d9-ddb5-4fa4-a97d-d965ccfc6d4b" outcome="Passed" testListId="8c84fa94-04c1-424b-9868-57a2d4851a1d" relativeResultsDirectory="44af4c3b-781f-44f8-9ac1-66601bae9e40" />
    <UnitTestResult executionId="6ffb6c23-e8f9-4c70-9b74-6ede21ce84dd" testId="97ca70a3-0067-2fa6-dab6-8a2a2696eb29" testName="Deselected_ShouldSetHasConfigurationChangesToFalse_WhenSomeConfigarationChangesPendingIsTrue" computerName="DKSR-EFI-04" duration="00:00:02.4851333" startTime="2023-12-22T09:32:16.2871409+01:00" endTime="2023-12-22T09:32:18.7715256+01:00" testType="13cdc9d9-ddb5-4fa4-a97d-d965ccfc6d4b" outcome="Passed" testListId="8c84fa94-04c1-424b-9868-57a2d4851a1d" relativeResultsDirectory="6ffb6c23-e8f9-4c70-9b74-6ede21ce84dd" />
    <UnitTestResult executionId="7a277917-6044-442d-a87a-32bd31d66d18" testId="a3d1370e-10e1-af9e-4826-7b722f5714de" testName="HandleException_ShouldReturnFalse_WhenArgumentIsException" computerName="DKSR-EFI-04" duration="00:00:00.0029359" startTime="2023-12-22T09:32:15.7246398+01:00" endTime="2023-12-22T09:32:15.7402631+01:00" testType="13cdc9d9-ddb5-4fa4-a97d-d965ccfc6d4b" outcome="Passed" testListId="8c84fa94-04c1-424b-9868-57a2d4851a1d" relativeResultsDirectory="7a277917-6044-442d-a87a-32bd31d66d18" />
    <UnitTestResult executionId="e6b055fb-1a5b-4e2d-91d0-5bd47975c74b" testId="e9a0c6a6-fa61-f3dc-da3c-2e399d9a8202" testName="GetAccessControlSystemManager_ShouldHaveSameID_WhenICallGetAccessControlSystemManagerWithNonNullValues" computerName="DKSR-EFI-04" duration="00:00:00.0006628" startTime="2023-12-22T09:32:16.2715138+01:00" endTime="2023-12-22T09:32:16.2715138+01:00" testType="13cdc9d9-ddb5-4fa4-a97d-d965ccfc6d4b" outcome="Passed" testListId="8c84fa94-04c1-424b-9868-57a2d4851a1d" relativeResultsDirectory="e6b055fb-1a5b-4e2d-91d0-5bd47975c74b" />
    <UnitTestResult executionId="9db69a6a-c17d-4490-9304-c2d0fb2fcf3e" testId="8b219a5f-213c-600e-e58f-4d3230e776cc" testName="HandleException_ShouldReturnTrue_WhenArgumentIsTimeoutException" computerName="DKSR-EFI-04" duration="00:00:00.3132281" startTime="2023-12-22T09:32:15.4121344+01:00" endTime="2023-12-22T09:32:15.7246398+01:00" testType="13cdc9d9-ddb5-4fa4-a97d-d965ccfc6d4b" outcome="Passed" testListId="8c84fa94-04c1-424b-9868-57a2d4851a1d" relativeResultsDirectory="9db69a6a-c17d-4490-9304-c2d0fb2fcf3e" />
    <UnitTestResult executionId="a7b0be93-a260-49a4-acb5-abb5c8d880d2" testId="2c4111cb-8bdb-ff12-e59c-5838e13971c9" testName="HandleException_ShouldReturnTrue_WhenArgumentIsCommonCommandFaultException" computerName="DKSR-EFI-04" duration="00:00:00.0009127" startTime="2023-12-22T09:32:15.7246398+01:00" endTime="2023-12-22T09:32:15.7246398+01:00" testType="13cdc9d9-ddb5-4fa4-a97d-d965ccfc6d4b" outcome="Passed" testListId="8c84fa94-04c1-424b-9868-57a2d4851a1d" relativeResultsDirectory="a7b0be93-a260-49a4-acb5-abb5c8d880d2" />
    <UnitTestResult executionId="5870c854-c9bc-4c85-9843-4f120f46db8f" testId="705e356b-8940-384f-655d-7d3ce75cdb17" testName="GetAccessControlSystemManager_ShouldNotBeEqual_WhenICallGetAccessControlSystemManagerWithNonNullValues" computerName="DKSR-EFI-04" duration="00:00:00.0003424" startTime="2023-12-22T09:32:16.2871409+01:00" endTime="2023-12-22T09:32:16.2871409+01:00" testType="13cdc9d9-ddb5-4fa4-a97d-d965ccfc6d4b" outcome="Passed" testListId="8c84fa94-04c1-424b-9868-57a2d4851a1d" relativeResultsDirectory="5870c854-c9bc-4c85-9843-4f120f46db8f" />
    <UnitTestResult executionId="4ae6eea7-cb5e-48c0-adda-61f7e3d1442e" testId="3c9291bc-9b6c-67ec-29ed-f3e60cf579dc" testName="GetAccessControlSystemManagerClone_ShouldHaveSameID_WhenICallThisFunctionWithNonNullAccessControlSystemManager" computerName="DKSR-EFI-04" duration="00:00:00.3763399" startTime="2023-12-22T09:32:15.7402631+01:00" endTime="2023-12-22T09:32:16.2402659+01:00" testType="13cdc9d9-ddb5-4fa4-a97d-d965ccfc6d4b" outcome="Passed" testListId="8c84fa94-04c1-424b-9868-57a2d4851a1d" relativeResultsDirectory="4ae6eea7-cb5e-48c0-adda-61f7e3d1442e" />
  </Results>
  <TestDefinitions>
    <UnitTest name="GetAccessControlSystemManager_ShouldNotBeEqual_WhenICallGetAccessControlSystemManagerWithNonNullValues" storage="d:\actions-runner\_work\xpco\xpco\accesscontrol\plugin\videoos.accesscontrol.plugin.unittest\bin\debug\videoos.accesscontrol.plugin.unittest.dll" id="705e356b-8940-384f-655d-7d3ce75cdb17">
      <Execution id="5870c854-c9bc-4c85-9843-4f120f46db8f" />
      <TestMethod codeBase="D:\actions-runner\_work\XPCO\XPCO\AccessControl\Plugin\VideoOS.AccessControl.Plugin.UnitTest\bin\Debug\VideoOS.AccessControl.Plugin.UnitTest.dll" adapterTypeName="executor://mstestadapter/v1" className="VideoOS.AccessControl.Plugin.UnitTest.AccessControlPlugInItemManagerTests" name="GetAccessControlSystemManager_ShouldNotBeEqual_WhenICallGetAccessControlSystemManagerWithNonNullValues" />
    </UnitTest>
    <UnitTest name="HandleException_ShouldReturnFalse_WhenArgumentIsException" storage="d:\actions-runner\_work\xpco\xpco\accesscontrol\plugin\videoos.accesscontrol.plugin.unittest\bin\debug\videoos.accesscontrol.plugin.unittest.dll" id="a3d1370e-10e1-af9e-4826-7b722f5714de">
      <Execution id="7a277917-6044-442d-a87a-32bd31d66d18" />
      <TestMethod codeBase="D:\actions-runner\_work\XPCO\XPCO\AccessControl\Plugin\VideoOS.AccessControl.Plugin.UnitTest\bin\Debug\VideoOS.AccessControl.Plugin.UnitTest.dll" adapterTypeName="executor://mstestadapter/v1" className="VideoOS.AccessControl.Plugin.UnitTest.AccessControlClientExceptionHandlerTests" name="HandleException_ShouldReturnFalse_WhenArgumentIsException" />
    </UnitTest>
    <UnitTest name="Deselected_ShouldSetHasConfigurationChangesToFalse_WhenSomeConfigarationChangesPendingIsTrue" storage="d:\actions-runner\_work\xpco\xpco\accesscontrol\plugin\videoos.accesscontrol.plugin.unittest\bin\debug\videoos.accesscontrol.plugin.unittest.dll" id="97ca70a3-0067-2fa6-dab6-8a2a2696eb29">
      <Execution id="6ffb6c23-e8f9-4c70-9b74-6ede21ce84dd" />
      <TestMethod codeBase="D:\actions-runner\_work\XPCO\XPCO\AccessControl\Plugin\VideoOS.AccessControl.Plugin.UnitTest\bin\Debug\VideoOS.AccessControl.Plugin.UnitTest.dll" adapterTypeName="executor://mstestadapter/v1" className="VideoOS.AccessControl.Plugin.UnitTest.UI.DetailUserControlsTests.AccessControlDetailUserControlTests" name="Deselected_ShouldSetHasConfigurationChangesToFalse_WhenSomeConfigarationChangesPendingIsTrue" />
    </UnitTest>
    <UnitTest name="HandleException_ShouldReturnTrue_WhenArgumentIsCommunicationException" storage="d:\actions-runner\_work\xpco\xpco\accesscontrol\plugin\videoos.accesscontrol.plugin.unittest\bin\debug\videoos.accesscontrol.plugin.unittest.dll" id="1fbae8a0-2536-7c8b-9d3e-537f2b3efdd9">
      <Execution id="9e037e2b-b68d-4f40-a739-3aa3e6d988bd" />
      <TestMethod codeBase="D:\actions-runner\_work\XPCO\XPCO\AccessControl\Plugin\VideoOS.AccessControl.Plugin.UnitTest\bin\Debug\VideoOS.AccessControl.Plugin.UnitTest.dll" adapterTypeName="executor://mstestadapter/v1" className="VideoOS.AccessControl.Plugin.UnitTest.AccessControlClientExceptionHandlerTests" name="HandleException_ShouldReturnTrue_WhenArgumentIsCommunicationException" />
    </UnitTest>
    <UnitTest name="ExcludeFromAboutBox_ShouldReturnTrue_WhenCalled" storage="d:\actions-runner\_work\xpco\xpco\accesscontrol\plugin\videoos.accesscontrol.plugin.unittest\bin\debug\videoos.accesscontrol.plugin.unittest.dll" id="7b2b6c46-ae60-f91a-17b9-500c095310d7">
      <Execution id="c2aa2cb9-ab8a-4ce5-9adc-0c62d9111f3e" />
      <TestMethod codeBase="D:\actions-runner\_work\XPCO\XPCO\AccessControl\Plugin\VideoOS.AccessControl.Plugin.UnitTest\bin\Debug\VideoOS.AccessControl.Plugin.UnitTest.dll" adapterTypeName="executor://mstestadapter/v1" className="VideoOS.AccessControl.Plugin.UnitTest.AccessControlAdminPluginDefinitionTests" name="ExcludeFromAboutBox_ShouldReturnTrue_WhenCalled" />
    </UnitTest>
    <UnitTest name="GetAccessControlSystemManagerClone_ShouldNotBeSame_WhenICallThisFunctionWithNonNullAccessControlSystemManager" storage="d:\actions-runner\_work\xpco\xpco\accesscontrol\plugin\videoos.accesscontrol.plugin.unittest\bin\debug\videoos.accesscontrol.plugin.unittest.dll" id="942e5e96-8a63-6722-efbe-6f6814a771b8">
      <Execution id="2b063e61-b25d-4fb5-8974-9107d527bbf5" />
      <TestMethod codeBase="D:\actions-runner\_work\XPCO\XPCO\AccessControl\Plugin\VideoOS.AccessControl.Plugin.UnitTest\bin\Debug\VideoOS.AccessControl.Plugin.UnitTest.dll" adapterTypeName="executor://mstestadapter/v1" className="VideoOS.AccessControl.Plugin.UnitTest.AccessControlPlugInItemManagerTests" name="GetAccessControlSystemManagerClone_ShouldNotBeSame_WhenICallThisFunctionWithNonNullAccessControlSystemManager" />
    </UnitTest>
    <UnitTest name="HandleException_ShouldReturnTrue_WhenArgumentIsCommonCommandFaultException" storage="d:\actions-runner\_work\xpco\xpco\accesscontrol\plugin\videoos.accesscontrol.plugin.unittest\bin\debug\videoos.accesscontrol.plugin.unittest.dll" id="2c4111cb-8bdb-ff12-e59c-5838e13971c9">
      <Execution id="a7b0be93-a260-49a4-acb5-abb5c8d880d2" />
      <TestMethod codeBase="D:\actions-runner\_work\XPCO\XPCO\AccessControl\Plugin\VideoOS.AccessControl.Plugin.UnitTest\bin\Debug\VideoOS.AccessControl.Plugin.UnitTest.dll" adapterTypeName="executor://mstestadapter/v1" className="VideoOS.AccessControl.Plugin.UnitTest.AccessControlClientExceptionHandlerTests" name="HandleException_ShouldReturnTrue_WhenArgumentIsCommonCommandFaultException" />
    </UnitTest>
    <UnitTest name="GetAccessControlSystemManager_ShouldHaveSameID_WhenICallGetAccessControlSystemManagerWithNonNullValues" storage="d:\actions-runner\_work\xpco\xpco\accesscontrol\plugin\videoos.accesscontrol.plugin.unittest\bin\debug\videoos.accesscontrol.plugin.unittest.dll" id="e9a0c6a6-fa61-f3dc-da3c-2e399d9a8202">
      <Execution id="e6b055fb-1a5b-4e2d-91d0-5bd47975c74b" />
      <TestMethod codeBase="D:\actions-runner\_work\XPCO\XPCO\AccessControl\Plugin\VideoOS.AccessControl.Plugin.UnitTest\bin\Debug\VideoOS.AccessControl.Plugin.UnitTest.dll" adapterTypeName="executor://mstestadapter/v1" className="VideoOS.AccessControl.Plugin.UnitTest.AccessControlPlugInItemManagerTests" name="GetAccessControlSystemManager_ShouldHaveSameID_WhenICallGetAccessControlSystemManagerWithNonNullValues" />
    </UnitTest>
    <UnitTest name="AddAccessControlSystemManagerToAccessControlSystemManagersDictionary_ShouldAddAccessControlSystemManagerToTheDictionary_WhenICallThisFunctionWithNonNullValues" storage="d:\actions-runner\_work\xpco\xpco\accesscontrol\plugin\videoos.accesscontrol.plugin.unittest\bin\debug\videoos.accesscontrol.plugin.unittest.dll" id="35846c0b-68e8-1675-a4c7-849a33b78682">
      <Execution id="44af4c3b-781f-44f8-9ac1-66601bae9e40" />
      <TestMethod codeBase="D:\actions-runner\_work\XPCO\XPCO\AccessControl\Plugin\VideoOS.AccessControl.Plugin.UnitTest\bin\Debug\VideoOS.AccessControl.Plugin.UnitTest.dll" adapterTypeName="executor://mstestadapter/v1" className="VideoOS.AccessControl.Plugin.UnitTest.AccessControlPlugInItemManagerTests" name="AddAccessControlSystemManagerToAccessControlSystemManagersDictionary_ShouldAddAccessControlSystemManagerToTheDictionary_WhenICallThisFunctionWithNonNullValues" />
    </UnitTest>
    <UnitTest name="HandleException_ShouldReturnTrue_WhenArgumentIsTimeoutException" storage="d:\actions-runner\_work\xpco\xpco\accesscontrol\plugin\videoos.accesscontrol.plugin.unittest\bin\debug\videoos.accesscontrol.plugin.unittest.dll" id="8b219a5f-213c-600e-e58f-4d3230e776cc">
      <Execution id="9db69a6a-c17d-4490-9304-c2d0fb2fcf3e" />
      <TestMethod codeBase="D:\actions-runner\_work\XPCO\XPCO\AccessControl\Plugin\VideoOS.AccessControl.Plugin.UnitTest\bin\Debug\VideoOS.AccessControl.Plugin.UnitTest.dll" adapterTypeName="executor://mstestadapter/v1" className="VideoOS.AccessControl.Plugin.UnitTest.AccessControlClientExceptionHandlerTests" name="HandleException_ShouldReturnTrue_WhenArgumentIsTimeoutException" />
    </UnitTest>
    <UnitTest name="ExcludeFromAboutBox_ShouldReturnTrue_WhenCalled" storage="d:\actions-runner\_work\xpco\xpco\accesscontrol\plugin\videoos.accesscontrol.plugin.unittest\bin\debug\videoos.accesscontrol.plugin.unittest.dll" id="9a14a061-e745-3d91-8c10-2261249d4fa9">
      <Execution id="b033b178-20b8-4fe7-9751-84f5c60a3e55" />
      <TestMethod codeBase="D:\actions-runner\_work\XPCO\XPCO\AccessControl\Plugin\VideoOS.AccessControl.Plugin.UnitTest\bin\Debug\VideoOS.AccessControl.Plugin.UnitTest.dll" adapterTypeName="executor://mstestadapter/v1" className="VideoOS.AccessControl.Plugin.UnitTest.ItemIntegration.PlugInDefinitionTests" name="ExcludeFromAboutBox_ShouldReturnTrue_WhenCalled" />
    </UnitTest>
    <UnitTest name="GetAccessControlSystemManagerClone_ShouldHaveSameID_WhenICallThisFunctionWithNonNullAccessControlSystemManager" storage="d:\actions-runner\_work\xpco\xpco\accesscontrol\plugin\videoos.accesscontrol.plugin.unittest\bin\debug\videoos.accesscontrol.plugin.unittest.dll" id="3c9291bc-9b6c-67ec-29ed-f3e60cf579dc">
      <Execution id="4ae6eea7-cb5e-48c0-adda-61f7e3d1442e" />
      <TestMethod codeBase="D:\actions-runner\_work\XPCO\XPCO\AccessControl\Plugin\VideoOS.AccessControl.Plugin.UnitTest\bin\Debug\VideoOS.AccessControl.Plugin.UnitTest.dll" adapterTypeName="executor://mstestadapter/v1" className="VideoOS.AccessControl.Plugin.UnitTest.AccessControlPlugInItemManagerTests" name="GetAccessControlSystemManagerClone_ShouldHaveSameID_WhenICallThisFunctionWithNonNullAccessControlSystemManager" />
    </UnitTest>
  </TestDefinitions>
  <TestEntries>
    <TestEntry testId="7b2b6c46-ae60-f91a-17b9-500c095310d7" executionId="c2aa2cb9-ab8a-4ce5-9adc-0c62d9111f3e" testListId="8c84fa94-04c1-424b-9868-57a2d4851a1d" />
    <TestEntry testId="1fbae8a0-2536-7c8b-9d3e-537f2b3efdd9" executionId="9e037e2b-b68d-4f40-a739-3aa3e6d988bd" testListId="8c84fa94-04c1-424b-9868-57a2d4851a1d" />
    <TestEntry testId="9a14a061-e745-3d91-8c10-2261249d4fa9" executionId="b033b178-20b8-4fe7-9751-84f5c60a3e55" testListId="8c84fa94-04c1-424b-9868-57a2d4851a1d" />
    <TestEntry testId="942e5e96-8a63-6722-efbe-6f6814a771b8" executionId="2b063e61-b25d-4fb5-8974-9107d527bbf5" testListId="8c84fa94-04c1-424b-9868-57a2d4851a1d" />
    <TestEntry testId="35846c0b-68e8-1675-a4c7-849a33b78682" executionId="44af4c3b-781f-44f8-9ac1-66601bae9e40" testListId="8c84fa94-04c1-424b-9868-57a2d4851a1d" />
    <TestEntry testId="97ca70a3-0067-2fa6-dab6-8a2a2696eb29" executionId="6ffb6c23-e8f9-4c70-9b74-6ede21ce84dd" testListId="8c84fa94-04c1-424b-9868-57a2d4851a1d" />
    <TestEntry testId="a3d1370e-10e1-af9e-4826-7b722f5714de" executionId="7a277917-6044-442d-a87a-32bd31d66d18" testListId="8c84fa94-04c1-424b-9868-57a2d4851a1d" />
    <TestEntry testId="e9a0c6a6-fa61-f3dc-da3c-2e399d9a8202" executionId="e6b055fb-1a5b-4e2d-91d0-5bd47975c74b" testListId="8c84fa94-04c1-424b-9868-57a2d4851a1d" />
    <TestEntry testId="8b219a5f-213c-600e-e58f-4d3230e776cc" executionId="9db69a6a-c17d-4490-9304-c2d0fb2fcf3e" testListId="8c84fa94-04c1-424b-9868-57a2d4851a1d" />
    <TestEntry testId="2c4111cb-8bdb-ff12-e59c-5838e13971c9" executionId="a7b0be93-a260-49a4-acb5-abb5c8d880d2" testListId="8c84fa94-04c1-424b-9868-57a2d4851a1d" />
    <TestEntry testId="705e356b-8940-384f-655d-7d3ce75cdb17" executionId="5870c854-c9bc-4c85-9843-4f120f46db8f" testListId="8c84fa94-04c1-424b-9868-57a2d4851a1d" />
    <TestEntry testId="3c9291bc-9b6c-67ec-29ed-f3e60cf579dc" executionId="4ae6eea7-cb5e-48c0-adda-61f7e3d1442e" testListId="8c84fa94-04c1-424b-9868-57a2d4851a1d" />
  </TestEntries>
  <TestLists>
    <TestList name="Results Not in a List" id="8c84fa94-04c1-424b-9868-57a2d4851a1d" />
    <TestList name="All Loaded Results" id="19431567-8539-422a-85d7-44ee4e166bda" />
  </TestLists>
  <ResultSummary outcome="Completed">
    <Counters total="12" executed="12" passed="12" failed="0" error="0" timeout="0" aborted="0" inconclusive="0" passedButRunAborted="0" notRunnable="0" notExecuted="0" disconnected="0" warning="0" completed="0" inProgress="0" pending="0" />
  </ResultSummary>
</TestRun>