<?xml version="1.0" encoding="utf-8"?>
<TestRun id="c5b34924-ce1c-47d7-a8d0-9050f92ea8c0" name="DKSR-EFI-04$@DKSR-EFI-04 2023-12-22 09:34:50" runUser="NT AUTHORITY\NETWORK SERVICE" xmlns="http://microsoft.com/schemas/VisualStudio/TeamTest/2010">
  <Times creation="2023-12-22T09:34:50.6316390+01:00" queuing="2023-12-22T09:34:50.6316390+01:00" start="2023-12-22T09:34:40.9597163+01:00" finish="2023-12-22T09:34:50.6785139+01:00" />
  <TestSettings name="default" id="84e2f29e-6009-4fac-873a-38d5c63d4da2">
    <Deployment runDeploymentRoot="DKSR-EFI-04$_DKSR-EFI-04_2023-12-22_09_34_50" />
  </TestSettings>
  <Results>
    <UnitTestResult executionId="27294230-37dc-49c3-90cf-425c01f227d2" testId="ba737bf2-26d8-fa0d-867c-09db73389ae6" testName="RemoveInstallLogs_UnauthorizedAccessExceptionShouldBeHandled" computerName="DKSR-EFI-04" duration="00:00:00.0041277" startTime="2023-12-22T09:34:50.1160112+01:00" endTime="2023-12-22T09:34:50.1160112+01:00" testType="13cdc9d9-ddb5-4fa4-a97d-d965ccfc6d4b" outcome="Passed" testListId="8c84fa94-04c1-424b-9868-57a2d4851a1d" relativeResultsDirectory="27294230-37dc-49c3-90cf-425c01f227d2" />
    <UnitTestResult executionId="109da8ba-2bda-4659-a182-0b6874fd5921" testId="998b15bd-6da4-1653-7677-a77513fca24f" testName="RemoveInstallLogs_ShouldRemoveInstallLogFilesSuccessfully" computerName="DKSR-EFI-04" duration="00:00:00.3962898" startTime="2023-12-22T09:34:49.5066347+01:00" endTime="2023-12-22T09:34:49.9753845+01:00" testType="13cdc9d9-ddb5-4fa4-a97d-d965ccfc6d4b" outcome="Passed" testListId="8c84fa94-04c1-424b-9868-57a2d4851a1d" relativeResultsDirectory="109da8ba-2bda-4659-a182-0b6874fd5921" />
    <UnitTestResult executionId="4b785130-5ab9-4631-9a4e-5aea327ffc61" testId="c2c6cdae-74a8-4717-359b-0b3ddfeffba5" testName="RemoveInstallLogs_SecurityExceptionShouldBeHandled" computerName="DKSR-EFI-04" duration="00:00:00.0030610" startTime="2023-12-22T09:34:50.1003862+01:00" endTime="2023-12-22T09:34:50.1003862+01:00" testType="13cdc9d9-ddb5-4fa4-a97d-d965ccfc6d4b" outcome="Passed" testListId="8c84fa94-04c1-424b-9868-57a2d4851a1d" relativeResultsDirectory="4b785130-5ab9-4631-9a4e-5aea327ffc61" />
    <UnitTestResult executionId="1d3f5f49-b037-4608-9e28-747ccb7a0fd3" testId="5b7a429c-a488-a53e-c1ef-55c70adb2f3f" testName="RemoveInstallLogs_IOExceptionShouldBeHandled" computerName="DKSR-EFI-04" duration="00:00:00.0101810" startTime="2023-12-22T09:34:50.0847621+01:00" endTime="2023-12-22T09:34:50.1003862+01:00" testType="13cdc9d9-ddb5-4fa4-a97d-d965ccfc6d4b" outcome="Passed" testListId="8c84fa94-04c1-424b-9868-57a2d4851a1d" relativeResultsDirectory="1d3f5f49-b037-4608-9e28-747ccb7a0fd3" />
  </Results>
  <TestDefinitions>
    <UnitTest name="RemoveInstallLogs_SecurityExceptionShouldBeHandled" storage="d:\actions-runner\_work\xpco\xpco\installerframework\videoos.installer.logging.unittests\bin\debug\videoos.installer.logging.unittests.dll" id="c2c6cdae-74a8-4717-359b-0b3ddfeffba5">
      <Execution id="4b785130-5ab9-4631-9a4e-5aea327ffc61" />
      <TestMethod codeBase="D:\actions-runner\_work\XPCO\XPCO\InstallerFramework\VideoOS.Installer.Logging.UnitTests\bin\Debug\VideoOS.Installer.Logging.UnitTests.dll" adapterTypeName="executor://mstestadapter/v1" className="VideoOS.Installer.Logging.UnitTests.LogManagerUnitTest" name="RemoveInstallLogs_SecurityExceptionShouldBeHandled" />
    </UnitTest>
    <UnitTest name="RemoveInstallLogs_ShouldRemoveInstallLogFilesSuccessfully" storage="d:\actions-runner\_work\xpco\xpco\installerframework\videoos.installer.logging.unittests\bin\debug\videoos.installer.logging.unittests.dll" id="998b15bd-6da4-1653-7677-a77513fca24f">
      <Execution id="109da8ba-2bda-4659-a182-0b6874fd5921" />
      <TestMethod codeBase="D:\actions-runner\_work\XPCO\XPCO\InstallerFramework\VideoOS.Installer.Logging.UnitTests\bin\Debug\VideoOS.Installer.Logging.UnitTests.dll" adapterTypeName="executor://mstestadapter/v1" className="VideoOS.Installer.Logging.UnitTests.LogManagerUnitTest" name="RemoveInstallLogs_ShouldRemoveInstallLogFilesSuccessfully" />
    </UnitTest>
    <UnitTest name="RemoveInstallLogs_UnauthorizedAccessExceptionShouldBeHandled" storage="d:\actions-runner\_work\xpco\xpco\installerframework\videoos.installer.logging.unittests\bin\debug\videoos.installer.logging.unittests.dll" id="ba737bf2-26d8-fa0d-867c-09db73389ae6">
      <Execution id="27294230-37dc-49c3-90cf-425c01f227d2" />
      <TestMethod codeBase="D:\actions-runner\_work\XPCO\XPCO\InstallerFramework\VideoOS.Installer.Logging.UnitTests\bin\Debug\VideoOS.Installer.Logging.UnitTests.dll" adapterTypeName="executor://mstestadapter/v1" className="VideoOS.Installer.Logging.UnitTests.LogManagerUnitTest" name="RemoveInstallLogs_UnauthorizedAccessExceptionShouldBeHandled" />
    </UnitTest>
    <UnitTest name="RemoveInstallLogs_IOExceptionShouldBeHandled" storage="d:\actions-runner\_work\xpco\xpco\installerframework\videoos.installer.logging.unittests\bin\debug\videoos.installer.logging.unittests.dll" id="5b7a429c-a488-a53e-c1ef-55c70adb2f3f">
      <Execution id="1d3f5f49-b037-4608-9e28-747ccb7a0fd3" />
      <TestMethod codeBase="D:\actions-runner\_work\XPCO\XPCO\InstallerFramework\VideoOS.Installer.Logging.UnitTests\bin\Debug\VideoOS.Installer.Logging.UnitTests.dll" adapterTypeName="executor://mstestadapter/v1" className="VideoOS.Installer.Logging.UnitTests.LogManagerUnitTest" name="RemoveInstallLogs_IOExceptionShouldBeHandled" />
    </UnitTest>
  </TestDefinitions>
  <TestEntries>
    <TestEntry testId="ba737bf2-26d8-fa0d-867c-09db73389ae6" executionId="27294230-37dc-49c3-90cf-425c01f227d2" testListId="8c84fa94-04c1-424b-9868-57a2d4851a1d" />
    <TestEntry testId="998b15bd-6da4-1653-7677-a77513fca24f" executionId="109da8ba-2bda-4659-a182-0b6874fd5921" testListId="8c84fa94-04c1-424b-9868-57a2d4851a1d" />
    <TestEntry testId="c2c6cdae-74a8-4717-359b-0b3ddfeffba5" executionId="4b785130-5ab9-4631-9a4e-5aea327ffc61" testListId="8c84fa94-04c1-424b-9868-57a2d4851a1d" />
    <TestEntry testId="5b7a429c-a488-a53e-c1ef-55c70adb2f3f" executionId="1d3f5f49-b037-4608-9e28-747ccb7a0fd3" testListId="8c84fa94-04c1-424b-9868-57a2d4851a1d" />
  </TestEntries>
  <TestLists>
    <TestList name="Results Not in a List" id="8c84fa94-04c1-424b-9868-57a2d4851a1d" />
    <TestList name="All Loaded Results" id="19431567-8539-422a-85d7-44ee4e166bda" />
  </TestLists>
  <ResultSummary outcome="Completed">
    <Counters total="4" executed="4" passed="4" failed="0" error="0" timeout="0" aborted="0" inconclusive="0" passedButRunAborted="0" notRunnable="0" notExecuted="0" disconnected="0" warning="0" completed="0" inProgress="0" pending="0" />
  </ResultSummary>
</TestRun>