<?xml version="1.0" encoding="utf-8"?>
<TestRun id="34654582-aa9e-451e-8fe1-d53ec815fdbe" name="DKSR-EFI-04$@DKSR-EFI-04 2023-12-22 09:32:25" runUser="NT AUTHORITY\NETWORK SERVICE" xmlns="http://microsoft.com/schemas/VisualStudio/TeamTest/2010">
  <Times creation="2023-12-22T09:32:25.1778058+01:00" queuing="2023-12-22T09:32:25.1778058+01:00" start="2023-12-22T09:32:23.3496733+01:00" finish="2023-12-22T09:32:25.6309327+01:00" />
  <TestSettings name="default" id="243ae503-12bf-46ef-bfd3-586a2770984b">
    <Deployment runDeploymentRoot="DKSR-EFI-04$_DKSR-EFI-04_2023-12-22_09_32_25" />
  </TestSettings>
  <Results>
    <UnitTestResult executionId="b2a2a78e-5b27-4d50-a71f-57468a547510" testId="c40e0ee6-6a16-4ff7-a775-de7d92578ca2" testName="IsSameLayoutTest" computerName="DKSR-EFI-04" duration="00:00:00.0009442" startTime="2023-12-22T09:32:25.1174581+01:00" endTime="2023-12-22T09:32:25.1186001+01:00" testType="13cdc9d9-ddb5-4fa4-a97d-d965ccfc6d4b" outcome="Passed" testListId="8c84fa94-04c1-424b-9868-57a2d4851a1d" relativeResultsDirectory="b2a2a78e-5b27-4d50-a71f-57468a547510" />
    <UnitTestResult executionId="e86a66a0-f5c4-473d-b198-d0bf696d9cc1" testId="2126a02f-3adf-bded-79eb-a1be5f77bb99" testName="WriteXmlTestWithTwoViewItem" computerName="DKSR-EFI-04" duration="00:00:00.0633471" startTime="2023-12-22T09:32:25.1293809+01:00" endTime="2023-12-22T09:32:25.1928450+01:00" testType="13cdc9d9-ddb5-4fa4-a97d-d965ccfc6d4b" outcome="Passed" testListId="8c84fa94-04c1-424b-9868-57a2d4851a1d" relativeResultsDirectory="e86a66a0-f5c4-473d-b198-d0bf696d9cc1" />
    <UnitTestResult executionId="4a62befb-135b-4c6b-aae8-d64e7f8cd6c3" testId="34643078-7b2a-e2cc-a1a6-dacb454bf4c9" testName="ReadXmlTest" computerName="DKSR-EFI-04" duration="00:00:00.0125534" startTime="2023-12-22T09:32:25.0271511+01:00" endTime="2023-12-22T09:32:25.0398588+01:00" testType="13cdc9d9-ddb5-4fa4-a97d-d965ccfc6d4b" outcome="Passed" testListId="8c84fa94-04c1-424b-9868-57a2d4851a1d" relativeResultsDirectory="4a62befb-135b-4c6b-aae8-d64e7f8cd6c3" />
    <UnitTestResult executionId="1cd61f8a-9ae2-4f4c-a334-db202a353119" testId="83aff7c1-40bd-24c4-b3c9-d698a20cc72f" testName="WriteXmlTestWithOneViewItem" computerName="DKSR-EFI-04" duration="00:00:00.0034538" startTime="2023-12-22T09:32:25.1200790+01:00" endTime="2023-12-22T09:32:25.1237443+01:00" testType="13cdc9d9-ddb5-4fa4-a97d-d965ccfc6d4b" outcome="Passed" testListId="8c84fa94-04c1-424b-9868-57a2d4851a1d" relativeResultsDirectory="1cd61f8a-9ae2-4f4c-a334-db202a353119" />
    <UnitTestResult executionId="c83ec38f-45ec-4c2e-9636-b3abe856ab43" testId="a37bd4b9-953d-bd2b-d932-7a0838cc96fb" testName="ChangeFieldsView" computerName="DKSR-EFI-04" duration="00:00:00.0164483" startTime="2023-12-22T09:32:25.1965780+01:00" endTime="2023-12-22T09:32:25.2131576+01:00" testType="13cdc9d9-ddb5-4fa4-a97d-d965ccfc6d4b" outcome="Passed" testListId="8c84fa94-04c1-424b-9868-57a2d4851a1d" relativeResultsDirectory="c83ec38f-45ec-4c2e-9636-b3abe856ab43" />
    <UnitTestResult executionId="8063aa26-e155-4799-ad84-68ac9b27354a" testId="b34854e0-fe8f-c5d3-14fa-ce5f50885cac" testName="ReadXmlTestViewWithOneViewItemWithViewLayoutContainedinView" computerName="DKSR-EFI-04" duration="00:00:00.0005013" startTime="2023-12-22T09:32:25.1279729+01:00" endTime="2023-12-22T09:32:25.1285701+01:00" testType="13cdc9d9-ddb5-4fa4-a97d-d965ccfc6d4b" outcome="Passed" testListId="8c84fa94-04c1-424b-9868-57a2d4851a1d" relativeResultsDirectory="8063aa26-e155-4799-ad84-68ac9b27354a" />
    <UnitTestResult executionId="4456013d-dad0-414e-9e6f-de05c5201069" testId="b6d71ab1-ac85-052f-e5bf-c13f776c4586" testName="ReadXmlTestMapViewITem" computerName="DKSR-EFI-04" duration="00:00:00.0003209" startTime="2023-12-22T09:32:25.1157635+01:00" endTime="2023-12-22T09:32:25.1161646+01:00" testType="13cdc9d9-ddb5-4fa4-a97d-d965ccfc6d4b" outcome="Passed" testListId="8c84fa94-04c1-424b-9868-57a2d4851a1d" relativeResultsDirectory="4456013d-dad0-414e-9e6f-de05c5201069" />
    <UnitTestResult executionId="70d908b0-a016-43be-9768-b2f7a4bd5d36" testId="1cf66abb-96fb-35be-8990-de671f5387ef" testName="IsSameLayoutTestDifferentLayoutSameCountOfItems" computerName="DKSR-EFI-04" duration="00:00:00.0003129" startTime="2023-12-22T09:32:25.1191958+01:00" endTime="2023-12-22T09:32:25.1195877+01:00" testType="13cdc9d9-ddb5-4fa4-a97d-d965ccfc6d4b" outcome="Passed" testListId="8c84fa94-04c1-424b-9868-57a2d4851a1d" relativeResultsDirectory="70d908b0-a016-43be-9768-b2f7a4bd5d36" />
    <UnitTestResult executionId="a5e12c8c-874f-4623-be18-73600f6315d7" testId="268e5f82-c5b3-c5f3-a6aa-2b49b901ccec" testName="WriteXmlTestOneViewAndOneNestedGroupWithOneViewWithOneNestedGroupWithOneView" computerName="DKSR-EFI-04" duration="00:00:00.0090239" startTime="2023-12-22T09:32:25.0179059+01:00" endTime="2023-12-22T09:32:25.0270835+01:00" testType="13cdc9d9-ddb5-4fa4-a97d-d965ccfc6d4b" outcome="Passed" testListId="8c84fa94-04c1-424b-9868-57a2d4851a1d" relativeResultsDirectory="a5e12c8c-874f-4623-be18-73600f6315d7" />
    <UnitTestResult executionId="15079510-2062-4c1f-a055-1a29ffbe6d63" testId="3c2f10f1-41c2-34a7-f428-69f8e1f2ef71" testName="WriteXmlFragmentTest" computerName="DKSR-EFI-04" duration="00:00:00.0004716" startTime="2023-12-22T09:32:25.1098154+01:00" endTime="2023-12-22T09:32:25.1104086+01:00" testType="13cdc9d9-ddb5-4fa4-a97d-d965ccfc6d4b" outcome="Passed" testListId="8c84fa94-04c1-424b-9868-57a2d4851a1d" relativeResultsDirectory="15079510-2062-4c1f-a055-1a29ffbe6d63" />
    <UnitTestResult executionId="f54085b0-3843-4568-af94-9bafab73dc9b" testId="fc69b98d-1432-a585-898a-e551e33ccd0a" testName="ReadXmlTest" computerName="DKSR-EFI-04" duration="00:00:00.0112685" startTime="2023-12-22T09:32:25.0417337+01:00" endTime="2023-12-22T09:32:25.0532320+01:00" testType="13cdc9d9-ddb5-4fa4-a97d-d965ccfc6d4b" outcome="Passed" testListId="8c84fa94-04c1-424b-9868-57a2d4851a1d" relativeResultsDirectory="f54085b0-3843-4568-af94-9bafab73dc9b" />
    <UnitTestResult executionId="fa97e910-ac2d-4eb3-89a9-16c8c707aade" testId="16fde1ad-cd75-eb22-7e0e-f572cf191b53" testName="WriteXmlTestOneViewAndOneNestedGroupWithOneView" computerName="DKSR-EFI-04" duration="00:00:00.0061520" startTime="2023-12-22T09:32:25.0115437+01:00" endTime="2023-12-22T09:32:25.0178362+01:00" testType="13cdc9d9-ddb5-4fa4-a97d-d965ccfc6d4b" outcome="Passed" testListId="8c84fa94-04c1-424b-9868-57a2d4851a1d" relativeResultsDirectory="fa97e910-ac2d-4eb3-89a9-16c8c707aade" />
    <UnitTestResult executionId="c4209607-a60d-4477-bd99-8654b2786c3e" testId="4ccb33bc-104d-4019-2a41-182f5f4aa6af" testName="WriteXmlTestOneView" computerName="DKSR-EFI-04" duration="00:00:00.1891631" startTime="2023-12-22T09:32:24.8144448+01:00" endTime="2023-12-22T09:32:25.0038325+01:00" testType="13cdc9d9-ddb5-4fa4-a97d-d965ccfc6d4b" outcome="Passed" testListId="8c84fa94-04c1-424b-9868-57a2d4851a1d" relativeResultsDirectory="c4209607-a60d-4477-bd99-8654b2786c3e" />
    <UnitTestResult executionId="95b25d1c-7154-4ea5-8ef9-cf839cbf8efe" testId="45c9ddbc-d572-204b-1719-58d0ef915a96" testName="WriteXmlTestOneGroupWithTwoViews" computerName="DKSR-EFI-04" duration="00:00:00.0064297" startTime="2023-12-22T09:32:25.1032219+01:00" endTime="2023-12-22T09:32:25.1097610+01:00" testType="13cdc9d9-ddb5-4fa4-a97d-d965ccfc6d4b" outcome="Passed" testListId="8c84fa94-04c1-424b-9868-57a2d4851a1d" relativeResultsDirectory="95b25d1c-7154-4ea5-8ef9-cf839cbf8efe" />
    <UnitTestResult executionId="b5b13dfe-1683-46ce-9a91-82f7543ef895" testId="5bb1cf2c-f20b-1b5a-ce23-f7e9f25d6c92" testName="WriteXmlTestEmpty" computerName="DKSR-EFI-04" duration="00:00:00.0002762" startTime="2023-12-22T09:32:25.1027258+01:00" endTime="2023-12-22T09:32:25.1031631+01:00" testType="13cdc9d9-ddb5-4fa4-a97d-d965ccfc6d4b" outcome="Passed" testListId="8c84fa94-04c1-424b-9868-57a2d4851a1d" relativeResultsDirectory="b5b13dfe-1683-46ce-9a91-82f7543ef895" />
    <UnitTestResult executionId="bf09c19e-f263-44ff-b0ec-366b4a5b71dd" testId="ac0e059c-7636-36c4-78e0-2ee68dba2aae" testName="ReadXmlTestEmptyViewItem" computerName="DKSR-EFI-04" duration="00:00:00.0004036" startTime="2023-12-22T09:32:25.1111333+01:00" endTime="2023-12-22T09:32:25.1116326+01:00" testType="13cdc9d9-ddb5-4fa4-a97d-d965ccfc6d4b" outcome="Passed" testListId="8c84fa94-04c1-424b-9868-57a2d4851a1d" relativeResultsDirectory="bf09c19e-f263-44ff-b0ec-366b4a5b71dd" />
    <UnitTestResult executionId="9ca6560a-033b-4bd5-a8d3-07171eb0b729" testId="072a0155-2067-4e26-505a-6080b93bbe51" testName="WriteXmlTestCameraViewItemWithShortcut" computerName="DKSR-EFI-04" duration="00:00:00.0003021" startTime="2023-12-22T09:32:25.1125892+01:00" endTime="2023-12-22T09:32:25.1129889+01:00" testType="13cdc9d9-ddb5-4fa4-a97d-d965ccfc6d4b" outcome="Passed" testListId="8c84fa94-04c1-424b-9868-57a2d4851a1d" relativeResultsDirectory="9ca6560a-033b-4bd5-a8d3-07171eb0b729" />
    <UnitTestResult executionId="da424006-7aec-4935-9ba5-f33c5176637c" testId="69ed9260-d33e-73af-f6b9-cc90e0f84e0c" testName="WriteXmlTestTwoViews" computerName="DKSR-EFI-04" duration="00:00:00.0073831" startTime="2023-12-22T09:32:25.0039413+01:00" endTime="2023-12-22T09:32:25.0114776+01:00" testType="13cdc9d9-ddb5-4fa4-a97d-d965ccfc6d4b" outcome="Passed" testListId="8c84fa94-04c1-424b-9868-57a2d4851a1d" relativeResultsDirectory="da424006-7aec-4935-9ba5-f33c5176637c" />
    <UnitTestResult executionId="5957357e-e7bf-4b19-8582-1a2a82de60e9" testId="fa5a1cc8-9f51-6c04-e70e-f5fc9395a4f9" testName="ReadXmlTestViewWithOneViewItem" computerName="DKSR-EFI-04" duration="00:00:00.0031317" startTime="2023-12-22T09:32:25.1247013+01:00" endTime="2023-12-22T09:32:25.1279389+01:00" testType="13cdc9d9-ddb5-4fa4-a97d-d965ccfc6d4b" outcome="Passed" testListId="8c84fa94-04c1-424b-9868-57a2d4851a1d" relativeResultsDirectory="5957357e-e7bf-4b19-8582-1a2a82de60e9" />
    <UnitTestResult executionId="d84928a0-edd5-402c-be8d-cc040f7b13a4" testId="836e1af9-5246-a6cd-ab14-64ff798f6575" testName="WriteXmlFragmentTest" computerName="DKSR-EFI-04" duration="00:00:00.0035480" startTime="2023-12-22T09:32:25.2132342+01:00" endTime="2023-12-22T09:32:25.2178190+01:00" testType="13cdc9d9-ddb5-4fa4-a97d-d965ccfc6d4b" outcome="Passed" testListId="8c84fa94-04c1-424b-9868-57a2d4851a1d" relativeResultsDirectory="d84928a0-edd5-402c-be8d-cc040f7b13a4" />
    <UnitTestResult executionId="e3be0c53-2610-41f8-a74f-ae0a151a830c" testId="444003b6-f4d4-b6de-f730-9221151619de" testName="ReadXmlTestCameraViewItemWithShortcut" computerName="DKSR-EFI-04" duration="00:00:00.0003439" startTime="2023-12-22T09:32:25.1130222+01:00" endTime="2023-12-22T09:32:25.1134480+01:00" testType="13cdc9d9-ddb5-4fa4-a97d-d965ccfc6d4b" outcome="Passed" testListId="8c84fa94-04c1-424b-9868-57a2d4851a1d" relativeResultsDirectory="e3be0c53-2610-41f8-a74f-ae0a151a830c" />
    <UnitTestResult executionId="c9701f69-6fe6-4a17-8ace-73556f092837" testId="4b9d9f0c-9b38-1d13-6714-cb28bca714c3" testName="IsSameLayoutTestDifferentLayout" computerName="DKSR-EFI-04" duration="00:00:00.0004284" startTime="2023-12-22T09:32:25.1186423+01:00" endTime="2023-12-22T09:32:25.1191563+01:00" testType="13cdc9d9-ddb5-4fa4-a97d-d965ccfc6d4b" outcome="Passed" testListId="8c84fa94-04c1-424b-9868-57a2d4851a1d" relativeResultsDirectory="c9701f69-6fe6-4a17-8ace-73556f092837" />
    <UnitTestResult executionId="d280e131-9a94-4806-a985-8f15531aa4a7" testId="3009834f-48c5-93b1-1975-6c9fdd4c9c1e" testName="WriteXmlFragmentTest" computerName="DKSR-EFI-04" duration="00:00:00.0006282" startTime="2023-12-22T09:32:25.0407902+01:00" endTime="2023-12-22T09:32:25.0416967+01:00" testType="13cdc9d9-ddb5-4fa4-a97d-d965ccfc6d4b" outcome="Passed" testListId="8c84fa94-04c1-424b-9868-57a2d4851a1d" relativeResultsDirectory="d280e131-9a94-4806-a985-8f15531aa4a7" />
    <UnitTestResult executionId="1958409b-8f8f-410f-9b63-0f79f3a68cc2" testId="e386cf20-46f8-cfc9-41f3-6aa32c9d9d3f" testName="ReadXmlTestDifferentViewItemInformationThanUsedTo" computerName="DKSR-EFI-04" duration="00:00:00.0006770" startTime="2023-12-22T09:32:25.0399351+01:00" endTime="2023-12-22T09:32:25.0407443+01:00" testType="13cdc9d9-ddb5-4fa4-a97d-d965ccfc6d4b" outcome="Passed" testListId="8c84fa94-04c1-424b-9868-57a2d4851a1d" relativeResultsDirectory="1958409b-8f8f-410f-9b63-0f79f3a68cc2" />
    <UnitTestResult executionId="11f33732-56fd-4d4b-900c-d0d9e571e212" testId="b334c523-2d5d-ac16-82f9-b0b6ae259d48" testName="WriteXmlTestEmpty" computerName="DKSR-EFI-04" duration="00:00:00.0331238" startTime="2023-12-22T09:32:24.7304991+01:00" endTime="2023-12-22T09:32:24.7849271+01:00" testType="13cdc9d9-ddb5-4fa4-a97d-d965ccfc6d4b" outcome="Passed" testListId="8c84fa94-04c1-424b-9868-57a2d4851a1d" relativeResultsDirectory="11f33732-56fd-4d4b-900c-d0d9e571e212" />
    <UnitTestResult executionId="30328321-c42d-4efc-9158-7fb6fb6eba86" testId="fc44350a-c6bd-b1dd-a585-1b82a48d88a3" testName="WriteXmlTestMapViewITem" computerName="DKSR-EFI-04" duration="00:00:00.0003298" startTime="2023-12-22T09:32:25.1152682+01:00" endTime="2023-12-22T09:32:25.1157209+01:00" testType="13cdc9d9-ddb5-4fa4-a97d-d965ccfc6d4b" outcome="Passed" testListId="8c84fa94-04c1-424b-9868-57a2d4851a1d" relativeResultsDirectory="30328321-c42d-4efc-9158-7fb6fb6eba86" />
    <UnitTestResult executionId="b7d23583-6266-487a-a42b-75eabcf6db91" testId="0a1fbe88-0bd8-43a0-b44e-81bbdcbf3065" testName="ReadXmlTestViewWithTwoViewItem" computerName="DKSR-EFI-04" duration="00:00:00.0034659" startTime="2023-12-22T09:32:25.1929133+01:00" endTime="2023-12-22T09:32:25.1965268+01:00" testType="13cdc9d9-ddb5-4fa4-a97d-d965ccfc6d4b" outcome="Passed" testListId="8c84fa94-04c1-424b-9868-57a2d4851a1d" relativeResultsDirectory="b7d23583-6266-487a-a42b-75eabcf6db91" />
    <UnitTestResult executionId="c2f1d5d6-ab3f-4f8a-8756-abcf999cd994" testId="c74185ea-3349-d3ea-9b83-50b171af2003" testName="IsSameLayoutTestDifferentLayoutSameCountOfItemsAndSameName" computerName="DKSR-EFI-04" duration="00:00:00.0003444" startTime="2023-12-22T09:32:25.1196170+01:00" endTime="2023-12-22T09:32:25.1200481+01:00" testType="13cdc9d9-ddb5-4fa4-a97d-d965ccfc6d4b" outcome="Passed" testListId="8c84fa94-04c1-424b-9868-57a2d4851a1d" relativeResultsDirectory="c2f1d5d6-ab3f-4f8a-8756-abcf999cd994" />
    <UnitTestResult executionId="27ae2439-8e8b-4a42-a7ff-fdffbd40e0a6" testId="ed1a813c-420a-dd3d-bb95-7b96443bfe6d" testName="WriteXmlTestCameraViewItem" computerName="DKSR-EFI-04" duration="00:00:00.0003221" startTime="2023-12-22T09:32:25.1116675+01:00" endTime="2023-12-22T09:32:25.1120778+01:00" testType="13cdc9d9-ddb5-4fa4-a97d-d965ccfc6d4b" outcome="Passed" testListId="8c84fa94-04c1-424b-9868-57a2d4851a1d" relativeResultsDirectory="27ae2439-8e8b-4a42-a7ff-fdffbd40e0a6" />
    <UnitTestResult executionId="d4de350d-1461-4958-ad89-c06c2c417c17" testId="97c3bf20-eaec-0b2a-c667-7fc82e5472b8" testName="WriteXmlTestEmptyViewItem" computerName="DKSR-EFI-04" duration="00:00:00.0003902" startTime="2023-12-22T09:32:25.1104537+01:00" endTime="2023-12-22T09:32:25.1110907+01:00" testType="13cdc9d9-ddb5-4fa4-a97d-d965ccfc6d4b" outcome="Passed" testListId="8c84fa94-04c1-424b-9868-57a2d4851a1d" relativeResultsDirectory="d4de350d-1461-4958-ad89-c06c2c417c17" />
    <UnitTestResult executionId="2770341f-f86b-4476-bd78-1e081d24359a" testId="fad81d5e-2adf-c097-4760-3355bbf0ac94" testName="ReadXmlTestCameraViewItem" computerName="DKSR-EFI-04" duration="00:00:00.0003539" startTime="2023-12-22T09:32:25.1121113+01:00" endTime="2023-12-22T09:32:25.1125501+01:00" testType="13cdc9d9-ddb5-4fa4-a97d-d965ccfc6d4b" outcome="Passed" testListId="8c84fa94-04c1-424b-9868-57a2d4851a1d" relativeResultsDirectory="2770341f-f86b-4476-bd78-1e081d24359a" />
    <UnitTestResult executionId="5348ef41-aaa9-491e-ad56-218e3fa054b3" testId="ca10539f-71a4-72f7-aa53-9bf064ce6ecc" testName="WriteXmlFragmentTest" computerName="DKSR-EFI-04" duration="00:00:00.0005083" startTime="2023-12-22T09:32:25.1168240+01:00" endTime="2023-12-22T09:32:25.1174192+01:00" testType="13cdc9d9-ddb5-4fa4-a97d-d965ccfc6d4b" outcome="Passed" testListId="8c84fa94-04c1-424b-9868-57a2d4851a1d" relativeResultsDirectory="5348ef41-aaa9-491e-ad56-218e3fa054b3" />
    <UnitTestResult executionId="8d449451-c207-44d6-ad5d-25a72755a19e" testId="2708b57d-7de0-293b-4425-8b550d8806bc" testName="ReadXmlTestViewWithOneViewItemWithViewLayoutContainedinViewAndAnotherProperty" computerName="DKSR-EFI-04" duration="00:00:00.0006490" startTime="2023-12-22T09:32:25.1286035+01:00" endTime="2023-12-22T09:32:25.1293428+01:00" testType="13cdc9d9-ddb5-4fa4-a97d-d965ccfc6d4b" outcome="Passed" testListId="8c84fa94-04c1-424b-9868-57a2d4851a1d" relativeResultsDirectory="8d449451-c207-44d6-ad5d-25a72755a19e" />
    <UnitTestResult executionId="6536aecd-6b9f-435d-b793-0b4a2efb01b5" testId="c3df5bd9-b673-55a1-143d-75dae05920a2" testName="ChangeFieldsViewItem" computerName="DKSR-EFI-04" duration="00:00:00.0005055" startTime="2023-12-22T09:32:25.1162022+01:00" endTime="2023-12-22T09:32:25.1167904+01:00" testType="13cdc9d9-ddb5-4fa4-a97d-d965ccfc6d4b" outcome="Passed" testListId="8c84fa94-04c1-424b-9868-57a2d4851a1d" relativeResultsDirectory="6536aecd-6b9f-435d-b793-0b4a2efb01b5" />
  </Results>
  <TestDefinitions>
    <UnitTest name="IsSameLayoutTest" storage="d:\actions-runner\_work\xpco\xpco\allsolutions\..\common\sc_sharedcomponent\components\dotnet\videoos.remoteclient.data\unittest\bin\debug\net6.0-windows\videoos.remoteclient.data.unittest.dll" id="c40e0ee6-6a16-4ff7-a775-de7d92578ca2">
      <Execution id="b2a2a78e-5b27-4d50-a71f-57468a547510" />
      <TestMethod codeBase="D:\actions-runner\_work\XPCO\XPCO\AllSolutions\..\Common\SC_SharedComponent\Components\dotNet\VideoOS.RemoteClient.Data\unittest\bin\Debug\net6.0-windows\VideoOS.RemoteClient.Data.UnitTest.dll" adapterTypeName="executor://mstestadapter/v2" className="VideoOS.RemoteClient.Data.UnitTest.ViewLayoutTest" name="IsSameLayoutTest" />
    </UnitTest>
    <UnitTest name="ReadXmlTestMapViewITem" storage="d:\actions-runner\_work\xpco\xpco\allsolutions\..\common\sc_sharedcomponent\components\dotnet\videoos.remoteclient.data\unittest\bin\debug\net6.0-windows\videoos.remoteclient.data.unittest.dll" id="b6d71ab1-ac85-052f-e5bf-c13f776c4586">
      <Execution id="4456013d-dad0-414e-9e6f-de05c5201069" />
      <TestMethod codeBase="D:\actions-runner\_work\XPCO\XPCO\AllSolutions\..\Common\SC_SharedComponent\Components\dotNet\VideoOS.RemoteClient.Data\unittest\bin\Debug\net6.0-windows\VideoOS.RemoteClient.Data.UnitTest.dll" adapterTypeName="executor://mstestadapter/v2" className="VideoOS.RemoteClient.Data.UnitTest.ViewItemTest" name="ReadXmlTestMapViewITem" />
    </UnitTest>
    <UnitTest name="WriteXmlTestCameraViewItem" storage="d:\actions-runner\_work\xpco\xpco\allsolutions\..\common\sc_sharedcomponent\components\dotnet\videoos.remoteclient.data\unittest\bin\debug\net6.0-windows\videoos.remoteclient.data.unittest.dll" id="ed1a813c-420a-dd3d-bb95-7b96443bfe6d">
      <Execution id="27ae2439-8e8b-4a42-a7ff-fdffbd40e0a6" />
      <TestMethod codeBase="D:\actions-runner\_work\XPCO\XPCO\AllSolutions\..\Common\SC_SharedComponent\Components\dotNet\VideoOS.RemoteClient.Data\unittest\bin\Debug\net6.0-windows\VideoOS.RemoteClient.Data.UnitTest.dll" adapterTypeName="executor://mstestadapter/v2" className="VideoOS.RemoteClient.Data.UnitTest.ViewItemTest" name="WriteXmlTestCameraViewItem" />
    </UnitTest>
    <UnitTest name="ChangeFieldsView" storage="d:\actions-runner\_work\xpco\xpco\allsolutions\..\common\sc_sharedcomponent\components\dotnet\videoos.remoteclient.data\unittest\bin\debug\net6.0-windows\videoos.remoteclient.data.unittest.dll" id="a37bd4b9-953d-bd2b-d932-7a0838cc96fb">
      <Execution id="c83ec38f-45ec-4c2e-9636-b3abe856ab43" />
      <TestMethod codeBase="D:\actions-runner\_work\XPCO\XPCO\AllSolutions\..\Common\SC_SharedComponent\Components\dotNet\VideoOS.RemoteClient.Data\unittest\bin\Debug\net6.0-windows\VideoOS.RemoteClient.Data.UnitTest.dll" adapterTypeName="executor://mstestadapter/v2" className="VideoOS.RemoteClient.Data.UnitTest.ViewTest" name="ChangeFieldsView" />
    </UnitTest>
    <UnitTest name="WriteXmlFragmentTest" storage="d:\actions-runner\_work\xpco\xpco\allsolutions\..\common\sc_sharedcomponent\components\dotnet\videoos.remoteclient.data\unittest\bin\debug\net6.0-windows\videoos.remoteclient.data.unittest.dll" id="ca10539f-71a4-72f7-aa53-9bf064ce6ecc">
      <Execution id="5348ef41-aaa9-491e-ad56-218e3fa054b3" />
      <TestMethod codeBase="D:\actions-runner\_work\XPCO\XPCO\AllSolutions\..\Common\SC_SharedComponent\Components\dotNet\VideoOS.RemoteClient.Data\unittest\bin\Debug\net6.0-windows\VideoOS.RemoteClient.Data.UnitTest.dll" adapterTypeName="executor://mstestadapter/v2" className="VideoOS.RemoteClient.Data.UnitTest.ViewItemTest" name="WriteXmlFragmentTest" />
    </UnitTest>
    <UnitTest name="WriteXmlTestOneGroupWithTwoViews" storage="d:\actions-runner\_work\xpco\xpco\allsolutions\..\common\sc_sharedcomponent\components\dotnet\videoos.remoteclient.data\unittest\bin\debug\net6.0-windows\videoos.remoteclient.data.unittest.dll" id="45c9ddbc-d572-204b-1719-58d0ef915a96">
      <Execution id="95b25d1c-7154-4ea5-8ef9-cf839cbf8efe" />
      <TestMethod codeBase="D:\actions-runner\_work\XPCO\XPCO\AllSolutions\..\Common\SC_SharedComponent\Components\dotNet\VideoOS.RemoteClient.Data\unittest\bin\Debug\net6.0-windows\VideoOS.RemoteClient.Data.UnitTest.dll" adapterTypeName="executor://mstestadapter/v2" className="VideoOS.RemoteClient.Data.UnitTest.ViewGroupTest" name="WriteXmlTestOneGroupWithTwoViews" />
    </UnitTest>
    <UnitTest name="WriteXmlFragmentTest" storage="d:\actions-runner\_work\xpco\xpco\allsolutions\..\common\sc_sharedcomponent\components\dotnet\videoos.remoteclient.data\unittest\bin\debug\net6.0-windows\videoos.remoteclient.data.unittest.dll" id="3009834f-48c5-93b1-1975-6c9fdd4c9c1e">
      <Execution id="d280e131-9a94-4806-a985-8f15531aa4a7" />
      <TestMethod codeBase="D:\actions-runner\_work\XPCO\XPCO\AllSolutions\..\Common\SC_SharedComponent\Components\dotNet\VideoOS.RemoteClient.Data\unittest\bin\Debug\net6.0-windows\VideoOS.RemoteClient.Data.UnitTest.dll" adapterTypeName="executor://mstestadapter/v2" className="VideoOS.RemoteClient.Data.UnitTest.GroupTest" name="WriteXmlFragmentTest" />
    </UnitTest>
    <UnitTest name="ReadXmlTestEmptyViewItem" storage="d:\actions-runner\_work\xpco\xpco\allsolutions\..\common\sc_sharedcomponent\components\dotnet\videoos.remoteclient.data\unittest\bin\debug\net6.0-windows\videoos.remoteclient.data.unittest.dll" id="ac0e059c-7636-36c4-78e0-2ee68dba2aae">
      <Execution id="bf09c19e-f263-44ff-b0ec-366b4a5b71dd" />
      <TestMethod codeBase="D:\actions-runner\_work\XPCO\XPCO\AllSolutions\..\Common\SC_SharedComponent\Components\dotNet\VideoOS.RemoteClient.Data\unittest\bin\Debug\net6.0-windows\VideoOS.RemoteClient.Data.UnitTest.dll" adapterTypeName="executor://mstestadapter/v2" className="VideoOS.RemoteClient.Data.UnitTest.ViewItemTest" name="ReadXmlTestEmptyViewItem" />
    </UnitTest>
    <UnitTest name="WriteXmlTestMapViewITem" storage="d:\actions-runner\_work\xpco\xpco\allsolutions\..\common\sc_sharedcomponent\components\dotnet\videoos.remoteclient.data\unittest\bin\debug\net6.0-windows\videoos.remoteclient.data.unittest.dll" id="fc44350a-c6bd-b1dd-a585-1b82a48d88a3">
      <Execution id="30328321-c42d-4efc-9158-7fb6fb6eba86" />
      <TestMethod codeBase="D:\actions-runner\_work\XPCO\XPCO\AllSolutions\..\Common\SC_SharedComponent\Components\dotNet\VideoOS.RemoteClient.Data\unittest\bin\Debug\net6.0-windows\VideoOS.RemoteClient.Data.UnitTest.dll" adapterTypeName="executor://mstestadapter/v2" className="VideoOS.RemoteClient.Data.UnitTest.ViewItemTest" name="WriteXmlTestMapViewITem" />
    </UnitTest>
    <UnitTest name="IsSameLayoutTestDifferentLayout" storage="d:\actions-runner\_work\xpco\xpco\allsolutions\..\common\sc_sharedcomponent\components\dotnet\videoos.remoteclient.data\unittest\bin\debug\net6.0-windows\videoos.remoteclient.data.unittest.dll" id="4b9d9f0c-9b38-1d13-6714-cb28bca714c3">
      <Execution id="c9701f69-6fe6-4a17-8ace-73556f092837" />
      <TestMethod codeBase="D:\actions-runner\_work\XPCO\XPCO\AllSolutions\..\Common\SC_SharedComponent\Components\dotNet\VideoOS.RemoteClient.Data\unittest\bin\Debug\net6.0-windows\VideoOS.RemoteClient.Data.UnitTest.dll" adapterTypeName="executor://mstestadapter/v2" className="VideoOS.RemoteClient.Data.UnitTest.ViewLayoutTest" name="IsSameLayoutTestDifferentLayout" />
    </UnitTest>
    <UnitTest name="ReadXmlTest" storage="d:\actions-runner\_work\xpco\xpco\allsolutions\..\common\sc_sharedcomponent\components\dotnet\videoos.remoteclient.data\unittest\bin\debug\net6.0-windows\videoos.remoteclient.data.unittest.dll" id="34643078-7b2a-e2cc-a1a6-dacb454bf4c9">
      <Execution id="4a62befb-135b-4c6b-aae8-d64e7f8cd6c3" />
      <TestMethod codeBase="D:\actions-runner\_work\XPCO\XPCO\AllSolutions\..\Common\SC_SharedComponent\Components\dotNet\VideoOS.RemoteClient.Data\unittest\bin\Debug\net6.0-windows\VideoOS.RemoteClient.Data.UnitTest.dll" adapterTypeName="executor://mstestadapter/v2" className="VideoOS.RemoteClient.Data.UnitTest.GroupTest" name="ReadXmlTest" />
    </UnitTest>
    <UnitTest name="ReadXmlTest" storage="d:\actions-runner\_work\xpco\xpco\allsolutions\..\common\sc_sharedcomponent\components\dotnet\videoos.remoteclient.data\unittest\bin\debug\net6.0-windows\videoos.remoteclient.data.unittest.dll" id="fc69b98d-1432-a585-898a-e551e33ccd0a">
      <Execution id="f54085b0-3843-4568-af94-9bafab73dc9b" />
      <TestMethod codeBase="D:\actions-runner\_work\XPCO\XPCO\AllSolutions\..\Common\SC_SharedComponent\Components\dotNet\VideoOS.RemoteClient.Data\unittest\bin\Debug\net6.0-windows\VideoOS.RemoteClient.Data.UnitTest.dll" adapterTypeName="executor://mstestadapter/v2" className="VideoOS.RemoteClient.Data.UnitTest.ViewGroupTest" name="ReadXmlTest" />
    </UnitTest>
    <UnitTest name="WriteXmlFragmentTest" storage="d:\actions-runner\_work\xpco\xpco\allsolutions\..\common\sc_sharedcomponent\components\dotnet\videoos.remoteclient.data\unittest\bin\debug\net6.0-windows\videoos.remoteclient.data.unittest.dll" id="836e1af9-5246-a6cd-ab14-64ff798f6575">
      <Execution id="d84928a0-edd5-402c-be8d-cc040f7b13a4" />
      <TestMethod codeBase="D:\actions-runner\_work\XPCO\XPCO\AllSolutions\..\Common\SC_SharedComponent\Components\dotNet\VideoOS.RemoteClient.Data\unittest\bin\Debug\net6.0-windows\VideoOS.RemoteClient.Data.UnitTest.dll" adapterTypeName="executor://mstestadapter/v2" className="VideoOS.RemoteClient.Data.UnitTest.ViewTest" name="WriteXmlFragmentTest" />
    </UnitTest>
    <UnitTest name="ReadXmlTestViewWithOneViewItemWithViewLayoutContainedinViewAndAnotherProperty" storage="d:\actions-runner\_work\xpco\xpco\allsolutions\..\common\sc_sharedcomponent\components\dotnet\videoos.remoteclient.data\unittest\bin\debug\net6.0-windows\videoos.remoteclient.data.unittest.dll" id="2708b57d-7de0-293b-4425-8b550d8806bc">
      <Execution id="8d449451-c207-44d6-ad5d-25a72755a19e" />
      <TestMethod codeBase="D:\actions-runner\_work\XPCO\XPCO\AllSolutions\..\Common\SC_SharedComponent\Components\dotNet\VideoOS.RemoteClient.Data\unittest\bin\Debug\net6.0-windows\VideoOS.RemoteClient.Data.UnitTest.dll" adapterTypeName="executor://mstestadapter/v2" className="VideoOS.RemoteClient.Data.UnitTest.ViewTest" name="ReadXmlTestViewWithOneViewItemWithViewLayoutContainedinViewAndAnotherProperty" />
    </UnitTest>
    <UnitTest name="WriteXmlTestEmpty" storage="d:\actions-runner\_work\xpco\xpco\allsolutions\..\common\sc_sharedcomponent\components\dotnet\videoos.remoteclient.data\unittest\bin\debug\net6.0-windows\videoos.remoteclient.data.unittest.dll" id="b334c523-2d5d-ac16-82f9-b0b6ae259d48">
      <Execution id="11f33732-56fd-4d4b-900c-d0d9e571e212" />
      <TestMethod codeBase="D:\actions-runner\_work\XPCO\XPCO\AllSolutions\..\Common\SC_SharedComponent\Components\dotNet\VideoOS.RemoteClient.Data\unittest\bin\Debug\net6.0-windows\VideoOS.RemoteClient.Data.UnitTest.dll" adapterTypeName="executor://mstestadapter/v2" className="VideoOS.RemoteClient.Data.UnitTest.GroupTest" name="WriteXmlTestEmpty" />
    </UnitTest>
    <UnitTest name="IsSameLayoutTestDifferentLayoutSameCountOfItemsAndSameName" storage="d:\actions-runner\_work\xpco\xpco\allsolutions\..\common\sc_sharedcomponent\components\dotnet\videoos.remoteclient.data\unittest\bin\debug\net6.0-windows\videoos.remoteclient.data.unittest.dll" id="c74185ea-3349-d3ea-9b83-50b171af2003">
      <Execution id="c2f1d5d6-ab3f-4f8a-8756-abcf999cd994" />
      <TestMethod codeBase="D:\actions-runner\_work\XPCO\XPCO\AllSolutions\..\Common\SC_SharedComponent\Components\dotNet\VideoOS.RemoteClient.Data\unittest\bin\Debug\net6.0-windows\VideoOS.RemoteClient.Data.UnitTest.dll" adapterTypeName="executor://mstestadapter/v2" className="VideoOS.RemoteClient.Data.UnitTest.ViewLayoutTest" name="IsSameLayoutTestDifferentLayoutSameCountOfItemsAndSameName" />
    </UnitTest>
    <UnitTest name="WriteXmlTestOneViewAndOneNestedGroupWithOneView" storage="d:\actions-runner\_work\xpco\xpco\allsolutions\..\common\sc_sharedcomponent\components\dotnet\videoos.remoteclient.data\unittest\bin\debug\net6.0-windows\videoos.remoteclient.data.unittest.dll" id="16fde1ad-cd75-eb22-7e0e-f572cf191b53">
      <Execution id="fa97e910-ac2d-4eb3-89a9-16c8c707aade" />
      <TestMethod codeBase="D:\actions-runner\_work\XPCO\XPCO\AllSolutions\..\Common\SC_SharedComponent\Components\dotNet\VideoOS.RemoteClient.Data\unittest\bin\Debug\net6.0-windows\VideoOS.RemoteClient.Data.UnitTest.dll" adapterTypeName="executor://mstestadapter/v2" className="VideoOS.RemoteClient.Data.UnitTest.GroupTest" name="WriteXmlTestOneViewAndOneNestedGroupWithOneView" />
    </UnitTest>
    <UnitTest name="ChangeFieldsViewItem" storage="d:\actions-runner\_work\xpco\xpco\allsolutions\..\common\sc_sharedcomponent\components\dotnet\videoos.remoteclient.data\unittest\bin\debug\net6.0-windows\videoos.remoteclient.data.unittest.dll" id="c3df5bd9-b673-55a1-143d-75dae05920a2">
      <Execution id="6536aecd-6b9f-435d-b793-0b4a2efb01b5" />
      <TestMethod codeBase="D:\actions-runner\_work\XPCO\XPCO\AllSolutions\..\Common\SC_SharedComponent\Components\dotNet\VideoOS.RemoteClient.Data\unittest\bin\Debug\net6.0-windows\VideoOS.RemoteClient.Data.UnitTest.dll" adapterTypeName="executor://mstestadapter/v2" className="VideoOS.RemoteClient.Data.UnitTest.ViewItemTest" name="ChangeFieldsViewItem" />
    </UnitTest>
    <UnitTest name="WriteXmlTestWithTwoViewItem" storage="d:\actions-runner\_work\xpco\xpco\allsolutions\..\common\sc_sharedcomponent\components\dotnet\videoos.remoteclient.data\unittest\bin\debug\net6.0-windows\videoos.remoteclient.data.unittest.dll" id="2126a02f-3adf-bded-79eb-a1be5f77bb99">
      <Execution id="e86a66a0-f5c4-473d-b198-d0bf696d9cc1" />
      <TestMethod codeBase="D:\actions-runner\_work\XPCO\XPCO\AllSolutions\..\Common\SC_SharedComponent\Components\dotNet\VideoOS.RemoteClient.Data\unittest\bin\Debug\net6.0-windows\VideoOS.RemoteClient.Data.UnitTest.dll" adapterTypeName="executor://mstestadapter/v2" className="VideoOS.RemoteClient.Data.UnitTest.ViewTest" name="WriteXmlTestWithTwoViewItem" />
    </UnitTest>
    <UnitTest name="ReadXmlTestCameraViewItemWithShortcut" storage="d:\actions-runner\_work\xpco\xpco\allsolutions\..\common\sc_sharedcomponent\components\dotnet\videoos.remoteclient.data\unittest\bin\debug\net6.0-windows\videoos.remoteclient.data.unittest.dll" id="444003b6-f4d4-b6de-f730-9221151619de">
      <Execution id="e3be0c53-2610-41f8-a74f-ae0a151a830c" />
      <TestMethod codeBase="D:\actions-runner\_work\XPCO\XPCO\AllSolutions\..\Common\SC_SharedComponent\Components\dotNet\VideoOS.RemoteClient.Data\unittest\bin\Debug\net6.0-windows\VideoOS.RemoteClient.Data.UnitTest.dll" adapterTypeName="executor://mstestadapter/v2" className="VideoOS.RemoteClient.Data.UnitTest.ViewItemTest" name="ReadXmlTestCameraViewItemWithShortcut" />
    </UnitTest>
    <UnitTest name="ReadXmlTestDifferentViewItemInformationThanUsedTo" storage="d:\actions-runner\_work\xpco\xpco\allsolutions\..\common\sc_sharedcomponent\components\dotnet\videoos.remoteclient.data\unittest\bin\debug\net6.0-windows\videoos.remoteclient.data.unittest.dll" id="e386cf20-46f8-cfc9-41f3-6aa32c9d9d3f">
      <Execution id="1958409b-8f8f-410f-9b63-0f79f3a68cc2" />
      <TestMethod codeBase="D:\actions-runner\_work\XPCO\XPCO\AllSolutions\..\Common\SC_SharedComponent\Components\dotNet\VideoOS.RemoteClient.Data\unittest\bin\Debug\net6.0-windows\VideoOS.RemoteClient.Data.UnitTest.dll" adapterTypeName="executor://mstestadapter/v2" className="VideoOS.RemoteClient.Data.UnitTest.GroupTest" name="ReadXmlTestDifferentViewItemInformationThanUsedTo" />
    </UnitTest>
    <UnitTest name="ReadXmlTestViewWithTwoViewItem" storage="d:\actions-runner\_work\xpco\xpco\allsolutions\..\common\sc_sharedcomponent\components\dotnet\videoos.remoteclient.data\unittest\bin\debug\net6.0-windows\videoos.remoteclient.data.unittest.dll" id="0a1fbe88-0bd8-43a0-b44e-81bbdcbf3065">
      <Execution id="b7d23583-6266-487a-a42b-75eabcf6db91" />
      <TestMethod codeBase="D:\actions-runner\_work\XPCO\XPCO\AllSolutions\..\Common\SC_SharedComponent\Components\dotNet\VideoOS.RemoteClient.Data\unittest\bin\Debug\net6.0-windows\VideoOS.RemoteClient.Data.UnitTest.dll" adapterTypeName="executor://mstestadapter/v2" className="VideoOS.RemoteClient.Data.UnitTest.ViewTest" name="ReadXmlTestViewWithTwoViewItem" />
    </UnitTest>
    <UnitTest name="ReadXmlTestCameraViewItem" storage="d:\actions-runner\_work\xpco\xpco\allsolutions\..\common\sc_sharedcomponent\components\dotnet\videoos.remoteclient.data\unittest\bin\debug\net6.0-windows\videoos.remoteclient.data.unittest.dll" id="fad81d5e-2adf-c097-4760-3355bbf0ac94">
      <Execution id="2770341f-f86b-4476-bd78-1e081d24359a" />
      <TestMethod codeBase="D:\actions-runner\_work\XPCO\XPCO\AllSolutions\..\Common\SC_SharedComponent\Components\dotNet\VideoOS.RemoteClient.Data\unittest\bin\Debug\net6.0-windows\VideoOS.RemoteClient.Data.UnitTest.dll" adapterTypeName="executor://mstestadapter/v2" className="VideoOS.RemoteClient.Data.UnitTest.ViewItemTest" name="ReadXmlTestCameraViewItem" />
    </UnitTest>
    <UnitTest name="WriteXmlTestCameraViewItemWithShortcut" storage="d:\actions-runner\_work\xpco\xpco\allsolutions\..\common\sc_sharedcomponent\components\dotnet\videoos.remoteclient.data\unittest\bin\debug\net6.0-windows\videoos.remoteclient.data.unittest.dll" id="072a0155-2067-4e26-505a-6080b93bbe51">
      <Execution id="9ca6560a-033b-4bd5-a8d3-07171eb0b729" />
      <TestMethod codeBase="D:\actions-runner\_work\XPCO\XPCO\AllSolutions\..\Common\SC_SharedComponent\Components\dotNet\VideoOS.RemoteClient.Data\unittest\bin\Debug\net6.0-windows\VideoOS.RemoteClient.Data.UnitTest.dll" adapterTypeName="executor://mstestadapter/v2" className="VideoOS.RemoteClient.Data.UnitTest.ViewItemTest" name="WriteXmlTestCameraViewItemWithShortcut" />
    </UnitTest>
    <UnitTest name="WriteXmlFragmentTest" storage="d:\actions-runner\_work\xpco\xpco\allsolutions\..\common\sc_sharedcomponent\components\dotnet\videoos.remoteclient.data\unittest\bin\debug\net6.0-windows\videoos.remoteclient.data.unittest.dll" id="3c2f10f1-41c2-34a7-f428-69f8e1f2ef71">
      <Execution id="15079510-2062-4c1f-a055-1a29ffbe6d63" />
      <TestMethod codeBase="D:\actions-runner\_work\XPCO\XPCO\AllSolutions\..\Common\SC_SharedComponent\Components\dotNet\VideoOS.RemoteClient.Data\unittest\bin\Debug\net6.0-windows\VideoOS.RemoteClient.Data.UnitTest.dll" adapterTypeName="executor://mstestadapter/v2" className="VideoOS.RemoteClient.Data.UnitTest.ViewGroupTest" name="WriteXmlFragmentTest" />
    </UnitTest>
    <UnitTest name="ReadXmlTestViewWithOneViewItem" storage="d:\actions-runner\_work\xpco\xpco\allsolutions\..\common\sc_sharedcomponent\components\dotnet\videoos.remoteclient.data\unittest\bin\debug\net6.0-windows\videoos.remoteclient.data.unittest.dll" id="fa5a1cc8-9f51-6c04-e70e-f5fc9395a4f9">
      <Execution id="5957357e-e7bf-4b19-8582-1a2a82de60e9" />
      <TestMethod codeBase="D:\actions-runner\_work\XPCO\XPCO\AllSolutions\..\Common\SC_SharedComponent\Components\dotNet\VideoOS.RemoteClient.Data\unittest\bin\Debug\net6.0-windows\VideoOS.RemoteClient.Data.UnitTest.dll" adapterTypeName="executor://mstestadapter/v2" className="VideoOS.RemoteClient.Data.UnitTest.ViewTest" name="ReadXmlTestViewWithOneViewItem" />
    </UnitTest>
    <UnitTest name="ReadXmlTestViewWithOneViewItemWithViewLayoutContainedinView" storage="d:\actions-runner\_work\xpco\xpco\allsolutions\..\common\sc_sharedcomponent\components\dotnet\videoos.remoteclient.data\unittest\bin\debug\net6.0-windows\videoos.remoteclient.data.unittest.dll" id="b34854e0-fe8f-c5d3-14fa-ce5f50885cac">
      <Execution id="8063aa26-e155-4799-ad84-68ac9b27354a" />
      <TestMethod codeBase="D:\actions-runner\_work\XPCO\XPCO\AllSolutions\..\Common\SC_SharedComponent\Components\dotNet\VideoOS.RemoteClient.Data\unittest\bin\Debug\net6.0-windows\VideoOS.RemoteClient.Data.UnitTest.dll" adapterTypeName="executor://mstestadapter/v2" className="VideoOS.RemoteClient.Data.UnitTest.ViewTest" name="ReadXmlTestViewWithOneViewItemWithViewLayoutContainedinView" />
    </UnitTest>
    <UnitTest name="WriteXmlTestTwoViews" storage="d:\actions-runner\_work\xpco\xpco\allsolutions\..\common\sc_sharedcomponent\components\dotnet\videoos.remoteclient.data\unittest\bin\debug\net6.0-windows\videoos.remoteclient.data.unittest.dll" id="69ed9260-d33e-73af-f6b9-cc90e0f84e0c">
      <Execution id="da424006-7aec-4935-9ba5-f33c5176637c" />
      <TestMethod codeBase="D:\actions-runner\_work\XPCO\XPCO\AllSolutions\..\Common\SC_SharedComponent\Components\dotNet\VideoOS.RemoteClient.Data\unittest\bin\Debug\net6.0-windows\VideoOS.RemoteClient.Data.UnitTest.dll" adapterTypeName="executor://mstestadapter/v2" className="VideoOS.RemoteClient.Data.UnitTest.GroupTest" name="WriteXmlTestTwoViews" />
    </UnitTest>
    <UnitTest name="WriteXmlTestOneView" storage="d:\actions-runner\_work\xpco\xpco\allsolutions\..\common\sc_sharedcomponent\components\dotnet\videoos.remoteclient.data\unittest\bin\debug\net6.0-windows\videoos.remoteclient.data.unittest.dll" id="4ccb33bc-104d-4019-2a41-182f5f4aa6af">
      <Execution id="c4209607-a60d-4477-bd99-8654b2786c3e" />
      <TestMethod codeBase="D:\actions-runner\_work\XPCO\XPCO\AllSolutions\..\Common\SC_SharedComponent\Components\dotNet\VideoOS.RemoteClient.Data\unittest\bin\Debug\net6.0-windows\VideoOS.RemoteClient.Data.UnitTest.dll" adapterTypeName="executor://mstestadapter/v2" className="VideoOS.RemoteClient.Data.UnitTest.GroupTest" name="WriteXmlTestOneView" />
    </UnitTest>
    <UnitTest name="WriteXmlTestEmpty" storage="d:\actions-runner\_work\xpco\xpco\allsolutions\..\common\sc_sharedcomponent\components\dotnet\videoos.remoteclient.data\unittest\bin\debug\net6.0-windows\videoos.remoteclient.data.unittest.dll" id="5bb1cf2c-f20b-1b5a-ce23-f7e9f25d6c92">
      <Execution id="b5b13dfe-1683-46ce-9a91-82f7543ef895" />
      <TestMethod codeBase="D:\actions-runner\_work\XPCO\XPCO\AllSolutions\..\Common\SC_SharedComponent\Components\dotNet\VideoOS.RemoteClient.Data\unittest\bin\Debug\net6.0-windows\VideoOS.RemoteClient.Data.UnitTest.dll" adapterTypeName="executor://mstestadapter/v2" className="VideoOS.RemoteClient.Data.UnitTest.ViewGroupTest" name="WriteXmlTestEmpty" />
    </UnitTest>
    <UnitTest name="WriteXmlTestEmptyViewItem" storage="d:\actions-runner\_work\xpco\xpco\allsolutions\..\common\sc_sharedcomponent\components\dotnet\videoos.remoteclient.data\unittest\bin\debug\net6.0-windows\videoos.remoteclient.data.unittest.dll" id="97c3bf20-eaec-0b2a-c667-7fc82e5472b8">
      <Execution id="d4de350d-1461-4958-ad89-c06c2c417c17" />
      <TestMethod codeBase="D:\actions-runner\_work\XPCO\XPCO\AllSolutions\..\Common\SC_SharedComponent\Components\dotNet\VideoOS.RemoteClient.Data\unittest\bin\Debug\net6.0-windows\VideoOS.RemoteClient.Data.UnitTest.dll" adapterTypeName="executor://mstestadapter/v2" className="VideoOS.RemoteClient.Data.UnitTest.ViewItemTest" name="WriteXmlTestEmptyViewItem" />
    </UnitTest>
    <UnitTest name="WriteXmlTestWithOneViewItem" storage="d:\actions-runner\_work\xpco\xpco\allsolutions\..\common\sc_sharedcomponent\components\dotnet\videoos.remoteclient.data\unittest\bin\debug\net6.0-windows\videoos.remoteclient.data.unittest.dll" id="83aff7c1-40bd-24c4-b3c9-d698a20cc72f">
      <Execution id="1cd61f8a-9ae2-4f4c-a334-db202a353119" />
      <TestMethod codeBase="D:\actions-runner\_work\XPCO\XPCO\AllSolutions\..\Common\SC_SharedComponent\Components\dotNet\VideoOS.RemoteClient.Data\unittest\bin\Debug\net6.0-windows\VideoOS.RemoteClient.Data.UnitTest.dll" adapterTypeName="executor://mstestadapter/v2" className="VideoOS.RemoteClient.Data.UnitTest.ViewTest" name="WriteXmlTestWithOneViewItem" />
    </UnitTest>
    <UnitTest name="WriteXmlTestOneViewAndOneNestedGroupWithOneViewWithOneNestedGroupWithOneView" storage="d:\actions-runner\_work\xpco\xpco\allsolutions\..\common\sc_sharedcomponent\components\dotnet\videoos.remoteclient.data\unittest\bin\debug\net6.0-windows\videoos.remoteclient.data.unittest.dll" id="268e5f82-c5b3-c5f3-a6aa-2b49b901ccec">
      <Execution id="a5e12c8c-874f-4623-be18-73600f6315d7" />
      <TestMethod codeBase="D:\actions-runner\_work\XPCO\XPCO\AllSolutions\..\Common\SC_SharedComponent\Components\dotNet\VideoOS.RemoteClient.Data\unittest\bin\Debug\net6.0-windows\VideoOS.RemoteClient.Data.UnitTest.dll" adapterTypeName="executor://mstestadapter/v2" className="VideoOS.RemoteClient.Data.UnitTest.GroupTest" name="WriteXmlTestOneViewAndOneNestedGroupWithOneViewWithOneNestedGroupWithOneView" />
    </UnitTest>
    <UnitTest name="IsSameLayoutTestDifferentLayoutSameCountOfItems" storage="d:\actions-runner\_work\xpco\xpco\allsolutions\..\common\sc_sharedcomponent\components\dotnet\videoos.remoteclient.data\unittest\bin\debug\net6.0-windows\videoos.remoteclient.data.unittest.dll" id="1cf66abb-96fb-35be-8990-de671f5387ef">
      <Execution id="70d908b0-a016-43be-9768-b2f7a4bd5d36" />
      <TestMethod codeBase="D:\actions-runner\_work\XPCO\XPCO\AllSolutions\..\Common\SC_SharedComponent\Components\dotNet\VideoOS.RemoteClient.Data\unittest\bin\Debug\net6.0-windows\VideoOS.RemoteClient.Data.UnitTest.dll" adapterTypeName="executor://mstestadapter/v2" className="VideoOS.RemoteClient.Data.UnitTest.ViewLayoutTest" name="IsSameLayoutTestDifferentLayoutSameCountOfItems" />
    </UnitTest>
  </TestDefinitions>
  <TestEntries>
    <TestEntry testId="c40e0ee6-6a16-4ff7-a775-de7d92578ca2" executionId="b2a2a78e-5b27-4d50-a71f-57468a547510" testListId="8c84fa94-04c1-424b-9868-57a2d4851a1d" />
    <TestEntry testId="2126a02f-3adf-bded-79eb-a1be5f77bb99" executionId="e86a66a0-f5c4-473d-b198-d0bf696d9cc1" testListId="8c84fa94-04c1-424b-9868-57a2d4851a1d" />
    <TestEntry testId="34643078-7b2a-e2cc-a1a6-dacb454bf4c9" executionId="4a62befb-135b-4c6b-aae8-d64e7f8cd6c3" testListId="8c84fa94-04c1-424b-9868-57a2d4851a1d" />
    <TestEntry testId="83aff7c1-40bd-24c4-b3c9-d698a20cc72f" executionId="1cd61f8a-9ae2-4f4c-a334-db202a353119" testListId="8c84fa94-04c1-424b-9868-57a2d4851a1d" />
    <TestEntry testId="a37bd4b9-953d-bd2b-d932-7a0838cc96fb" executionId="c83ec38f-45ec-4c2e-9636-b3abe856ab43" testListId="8c84fa94-04c1-424b-9868-57a2d4851a1d" />
    <TestEntry testId="b34854e0-fe8f-c5d3-14fa-ce5f50885cac" executionId="8063aa26-e155-4799-ad84-68ac9b27354a" testListId="8c84fa94-04c1-424b-9868-57a2d4851a1d" />
    <TestEntry testId="b6d71ab1-ac85-052f-e5bf-c13f776c4586" executionId="4456013d-dad0-414e-9e6f-de05c5201069" testListId="8c84fa94-04c1-424b-9868-57a2d4851a1d" />
    <TestEntry testId="1cf66abb-96fb-35be-8990-de671f5387ef" executionId="70d908b0-a016-43be-9768-b2f7a4bd5d36" testListId="8c84fa94-04c1-424b-9868-57a2d4851a1d" />
    <TestEntry testId="268e5f82-c5b3-c5f3-a6aa-2b49b901ccec" executionId="a5e12c8c-874f-4623-be18-73600f6315d7" testListId="8c84fa94-04c1-424b-9868-57a2d4851a1d" />
    <TestEntry testId="3c2f10f1-41c2-34a7-f428-69f8e1f2ef71" executionId="15079510-2062-4c1f-a055-1a29ffbe6d63" testListId="8c84fa94-04c1-424b-9868-57a2d4851a1d" />
    <TestEntry testId="fc69b98d-1432-a585-898a-e551e33ccd0a" executionId="f54085b0-3843-4568-af94-9bafab73dc9b" testListId="8c84fa94-04c1-424b-9868-57a2d4851a1d" />
    <TestEntry testId="16fde1ad-cd75-eb22-7e0e-f572cf191b53" executionId="fa97e910-ac2d-4eb3-89a9-16c8c707aade" testListId="8c84fa94-04c1-424b-9868-57a2d4851a1d" />
    <TestEntry testId="4ccb33bc-104d-4019-2a41-182f5f4aa6af" executionId="c4209607-a60d-4477-bd99-8654b2786c3e" testListId="8c84fa94-04c1-424b-9868-57a2d4851a1d" />
    <TestEntry testId="45c9ddbc-d572-204b-1719-58d0ef915a96" executionId="95b25d1c-7154-4ea5-8ef9-cf839cbf8efe" testListId="8c84fa94-04c1-424b-9868-57a2d4851a1d" />
    <TestEntry testId="5bb1cf2c-f20b-1b5a-ce23-f7e9f25d6c92" executionId="b5b13dfe-1683-46ce-9a91-82f7543ef895" testListId="8c84fa94-04c1-424b-9868-57a2d4851a1d" />
    <TestEntry testId="ac0e059c-7636-36c4-78e0-2ee68dba2aae" executionId="bf09c19e-f263-44ff-b0ec-366b4a5b71dd" testListId="8c84fa94-04c1-424b-9868-57a2d4851a1d" />
    <TestEntry testId="072a0155-2067-4e26-505a-6080b93bbe51" executionId="9ca6560a-033b-4bd5-a8d3-07171eb0b729" testListId="8c84fa94-04c1-424b-9868-57a2d4851a1d" />
    <TestEntry testId="69ed9260-d33e-73af-f6b9-cc90e0f84e0c" executionId="da424006-7aec-4935-9ba5-f33c5176637c" testListId="8c84fa94-04c1-424b-9868-57a2d4851a1d" />
    <TestEntry testId="fa5a1cc8-9f51-6c04-e70e-f5fc9395a4f9" executionId="5957357e-e7bf-4b19-8582-1a2a82de60e9" testListId="8c84fa94-04c1-424b-9868-57a2d4851a1d" />
    <TestEntry testId="836e1af9-5246-a6cd-ab14-64ff798f6575" executionId="d84928a0-edd5-402c-be8d-cc040f7b13a4" testListId="8c84fa94-04c1-424b-9868-57a2d4851a1d" />
    <TestEntry testId="444003b6-f4d4-b6de-f730-9221151619de" executionId="e3be0c53-2610-41f8-a74f-ae0a151a830c" testListId="8c84fa94-04c1-424b-9868-57a2d4851a1d" />
    <TestEntry testId="4b9d9f0c-9b38-1d13-6714-cb28bca714c3" executionId="c9701f69-6fe6-4a17-8ace-73556f092837" testListId="8c84fa94-04c1-424b-9868-57a2d4851a1d" />
    <TestEntry testId="3009834f-48c5-93b1-1975-6c9fdd4c9c1e" executionId="d280e131-9a94-4806-a985-8f15531aa4a7" testListId="8c84fa94-04c1-424b-9868-57a2d4851a1d" />
    <TestEntry testId="e386cf20-46f8-cfc9-41f3-6aa32c9d9d3f" executionId="1958409b-8f8f-410f-9b63-0f79f3a68cc2" testListId="8c84fa94-04c1-424b-9868-57a2d4851a1d" />
    <TestEntry testId="b334c523-2d5d-ac16-82f9-b0b6ae259d48" executionId="11f33732-56fd-4d4b-900c-d0d9e571e212" testListId="8c84fa94-04c1-424b-9868-57a2d4851a1d" />
    <TestEntry testId="fc44350a-c6bd-b1dd-a585-1b82a48d88a3" executionId="30328321-c42d-4efc-9158-7fb6fb6eba86" testListId="8c84fa94-04c1-424b-9868-57a2d4851a1d" />
    <TestEntry testId="0a1fbe88-0bd8-43a0-b44e-81bbdcbf3065" executionId="b7d23583-6266-487a-a42b-75eabcf6db91" testListId="8c84fa94-04c1-424b-9868-57a2d4851a1d" />
    <TestEntry testId="c74185ea-3349-d3ea-9b83-50b171af2003" executionId="c2f1d5d6-ab3f-4f8a-8756-abcf999cd994" testListId="8c84fa94-04c1-424b-9868-57a2d4851a1d" />
    <TestEntry testId="ed1a813c-420a-dd3d-bb95-7b96443bfe6d" executionId="27ae2439-8e8b-4a42-a7ff-fdffbd40e0a6" testListId="8c84fa94-04c1-424b-9868-57a2d4851a1d" />
    <TestEntry testId="97c3bf20-eaec-0b2a-c667-7fc82e5472b8" executionId="d4de350d-1461-4958-ad89-c06c2c417c17" testListId="8c84fa94-04c1-424b-9868-57a2d4851a1d" />
    <TestEntry testId="fad81d5e-2adf-c097-4760-3355bbf0ac94" executionId="2770341f-f86b-4476-bd78-1e081d24359a" testListId="8c84fa94-04c1-424b-9868-57a2d4851a1d" />
    <TestEntry testId="ca10539f-71a4-72f7-aa53-9bf064ce6ecc" executionId="5348ef41-aaa9-491e-ad56-218e3fa054b3" testListId="8c84fa94-04c1-424b-9868-57a2d4851a1d" />
    <TestEntry testId="2708b57d-7de0-293b-4425-8b550d8806bc" executionId="8d449451-c207-44d6-ad5d-25a72755a19e" testListId="8c84fa94-04c1-424b-9868-57a2d4851a1d" />
    <TestEntry testId="c3df5bd9-b673-55a1-143d-75dae05920a2" executionId="6536aecd-6b9f-435d-b793-0b4a2efb01b5" testListId="8c84fa94-04c1-424b-9868-57a2d4851a1d" />
  </TestEntries>
  <TestLists>
    <TestList name="Results Not in a List" id="8c84fa94-04c1-424b-9868-57a2d4851a1d" />
    <TestList name="All Loaded Results" id="19431567-8539-422a-85d7-44ee4e166bda" />
  </TestLists>
  <ResultSummary outcome="Completed">
    <Counters total="34" executed="34" passed="34" failed="0" error="0" timeout="0" aborted="0" inconclusive="0" passedButRunAborted="0" notRunnable="0" notExecuted="0" disconnected="0" warning="0" completed="0" inProgress="0" pending="0" />
  </ResultSummary>
</TestRun>