<?xml version="1.0" encoding="utf-8"?>
<TestRun id="d020dd13-deb1-4663-b4d5-3dfbf7c78f0b" name="DKSR-EFI-04$@DKSR-EFI-04 2023-12-22 09:32:19" runUser="NT AUTHORITY\NETWORK SERVICE" xmlns="http://microsoft.com/schemas/VisualStudio/TeamTest/2010">
  <Times creation="2023-12-22T09:32:19.5527809+01:00" queuing="2023-12-22T09:32:19.5527809+01:00" start="2023-12-22T09:32:13.0058770+01:00" finish="2023-12-22T09:32:26.8809390+01:00" />
  <TestSettings name="default" id="d3a40e86-0ac3-4610-8933-f99c066f7871">
    <Deployment runDeploymentRoot="DKSR-EFI-04$_DKSR-EFI-04_2023-12-22_09_32_19" />
  </TestSettings>
  <Results>
    <UnitTestResult executionId="03b765e1-8f3d-4103-a675-2975718e1ff8" testId="a38f318c-38a4-d4a2-7cd6-89ce972230c4" testName="When_BatchingControllerRunning_AndGetRecentEventsReturnsEventsmultipleTimes_WeWriteDebugLogForAll" computerName="DKSR-EFI-04" duration="00:00:04.0320533" startTime="2023-12-22T09:32:22.6148676+01:00" endTime="2023-12-22T09:32:26.6474011+01:00" testType="13cdc9d9-ddb5-4fa4-a97d-d965ccfc6d4b" outcome="Passed" testListId="8c84fa94-04c1-424b-9868-57a2d4851a1d" relativeResultsDirectory="03b765e1-8f3d-4103-a675-2975718e1ff8" />
    <UnitTestResult executionId="815cf71c-dd5f-4e2c-80da-8ad722061d4b" testId="252f35f7-299e-7faf-1b71-f5f2d8e88afa" testName="Given_Nothing_When_EventReceiverGetsAConnectionStateChangedToOffline_Then_ItSendsCorrespondingEventToCloud" computerName="DKSR-EFI-04" duration="00:00:00.0030555" startTime="2023-12-22T09:32:26.6854349+01:00" endTime="2023-12-22T09:32:26.6886228+01:00" testType="13cdc9d9-ddb5-4fa4-a97d-d965ccfc6d4b" outcome="Passed" testListId="8c84fa94-04c1-424b-9868-57a2d4851a1d" relativeResultsDirectory="815cf71c-dd5f-4e2c-80da-8ad722061d4b" />
    <UnitTestResult executionId="484af85f-c936-4ba1-bc9c-367fdc498c2e" testId="90a66bee-bb8f-2ac7-1fb3-ba169ecd17de" testName="Given_Events_When_TranslateEvents_Then_ARequestIncludingTheCloudMessageIsReturned" computerName="DKSR-EFI-04" duration="00:00:00.0205912" startTime="2023-12-22T09:32:26.6479769+01:00" endTime="2023-12-22T09:32:26.6689160+01:00" testType="13cdc9d9-ddb5-4fa4-a97d-d965ccfc6d4b" outcome="Passed" testListId="8c84fa94-04c1-424b-9868-57a2d4851a1d" relativeResultsDirectory="484af85f-c936-4ba1-bc9c-367fdc498c2e" />
    <UnitTestResult executionId="a372d00f-c27b-42a8-8fd5-2988d29914fd" testId="4e43cfd6-fdc2-79df-0935-adb9c2e804cf" testName="Given_SomeEventsReceived_When_DiscardEvents_Then_NoEventsAreReturned" computerName="DKSR-EFI-04" duration="00:00:00.0013482" startTime="2023-12-22T09:32:26.6776353+01:00" endTime="2023-12-22T09:32:26.6791318+01:00" testType="13cdc9d9-ddb5-4fa4-a97d-d965ccfc6d4b" outcome="Passed" testListId="8c84fa94-04c1-424b-9868-57a2d4851a1d" relativeResultsDirectory="a372d00f-c27b-42a8-8fd5-2988d29914fd" />
    <UnitTestResult executionId="ca10ea70-78e8-4fe4-b18e-d856d14856b5" testId="07fd4fbe-fdea-3c20-171e-9cea3b9a5da4" testName="When_BatchingControllerRunning_AndGetRecentEventsReturnsEventsOnlyOnce_WeOnlyWriteDebugLogOnce" computerName="DKSR-EFI-04" duration="00:00:03.0680603" startTime="2023-12-22T09:32:19.5454989+01:00" endTime="2023-12-22T09:32:22.6139449+01:00" testType="13cdc9d9-ddb5-4fa4-a97d-d965ccfc6d4b" outcome="Passed" testListId="8c84fa94-04c1-424b-9868-57a2d4851a1d" relativeResultsDirectory="ca10ea70-78e8-4fe4-b18e-d856d14856b5" />
    <UnitTestResult executionId="b181dc20-9423-4c27-8541-326645ad7e86" testId="89aeb9c4-3c73-8523-47d8-ff9eae863358" testName="Given_EmptyEventsList_When_TranslateEvents_Then_AnExceptionIsThrown" computerName="DKSR-EFI-04" duration="00:00:00.0021099" startTime="2023-12-22T09:32:26.6689922+01:00" endTime="2023-12-22T09:32:26.6713432+01:00" testType="13cdc9d9-ddb5-4fa4-a97d-d965ccfc6d4b" outcome="Passed" testListId="8c84fa94-04c1-424b-9868-57a2d4851a1d" relativeResultsDirectory="b181dc20-9423-4c27-8541-326645ad7e86" />
    <UnitTestResult executionId="e4c7e011-6e1d-47d0-ae32-cf252da8d2ba" testId="43fe8736-af39-3d33-e0ff-0618278728da" testName="Given_Nothing_When_EventReceiverGetsAConnectionStateChangedToDelayed_Then_NoEventIsSentToCloud" computerName="DKSR-EFI-04" duration="00:00:00.0021725" startTime="2023-12-22T09:32:26.6886737+01:00" endTime="2023-12-22T09:32:26.6920327+01:00" testType="13cdc9d9-ddb5-4fa4-a97d-d965ccfc6d4b" outcome="Passed" testListId="8c84fa94-04c1-424b-9868-57a2d4851a1d" relativeResultsDirectory="e4c7e011-6e1d-47d0-ae32-cf252da8d2ba" />
    <UnitTestResult executionId="5cf959af-127c-4171-895f-26ef0f4798f6" testId="201c4ed5-9200-0d77-bf79-5574c7412572" testName="Given_EventsReceived_When_GetRecentEvents_Then_TheReceivedEventsArereturned" computerName="DKSR-EFI-04" duration="00:00:00.0058055" startTime="2023-12-22T09:32:26.6715072+01:00" endTime="2023-12-22T09:32:26.6775750+01:00" testType="13cdc9d9-ddb5-4fa4-a97d-d965ccfc6d4b" outcome="Passed" testListId="8c84fa94-04c1-424b-9868-57a2d4851a1d" relativeResultsDirectory="5cf959af-127c-4171-895f-26ef0f4798f6" />
    <UnitTestResult executionId="cf790e07-28aa-47b4-8a56-fd5c2e833188" testId="ca9a9552-e357-4e01-5f7e-3aa37925b64e" testName="Given_Nothing_When_EventReceiverGetsAConnectionStateChangedToOnline_Then_ItSendsCorrespondingEventToCloud" computerName="DKSR-EFI-04" duration="00:00:00.0059448" startTime="2023-12-22T09:32:26.6791917+01:00" endTime="2023-12-22T09:32:26.6853757+01:00" testType="13cdc9d9-ddb5-4fa4-a97d-d965ccfc6d4b" outcome="Passed" testListId="8c84fa94-04c1-424b-9868-57a2d4851a1d" relativeResultsDirectory="cf790e07-28aa-47b4-8a56-fd5c2e833188" />
    <UnitTestResult executionId="b4b16d18-a9c3-451f-b8b2-90e44447a66b" testId="4f396190-d39c-0c63-5aaa-4d98c97bd1d8" testName="When_BatchingControllerRunning_AndNoEventsAreInQueue_WeNeverStartNewTasks" computerName="DKSR-EFI-04" duration="00:00:05.1234949" startTime="2023-12-22T09:32:14.3773064+01:00" endTime="2023-12-22T09:32:19.5253694+01:00" testType="13cdc9d9-ddb5-4fa4-a97d-d965ccfc6d4b" outcome="Passed" testListId="8c84fa94-04c1-424b-9868-57a2d4851a1d" relativeResultsDirectory="b4b16d18-a9c3-451f-b8b2-90e44447a66b" />
  </Results>
  <TestDefinitions>
    <UnitTest name="When_BatchingControllerRunning_AndGetRecentEventsReturnsEventsOnlyOnce_WeOnlyWriteDebugLogOnce" storage="d:\actions-runner\_work\xpco\xpco\allsolutions\..\cloudconnector\binaries\videoos.cloudconnector.eventrouter.unittest\bin\debug\net6.0-windows\videoos.cloudconnector.eventrouter.unittest.dll" id="07fd4fbe-fdea-3c20-171e-9cea3b9a5da4">
      <Execution id="ca10ea70-78e8-4fe4-b18e-d856d14856b5" />
      <TestMethod codeBase="D:\actions-runner\_work\XPCO\XPCO\AllSolutions\..\CloudConnector\Binaries\VideoOS.CloudConnector.EventRouter.UnitTest\bin\Debug\net6.0-windows\VideoOS.CloudConnector.EventRouter.UnitTest.dll" adapterTypeName="executor://mstestadapter/v2" className="VideoOS.CloudConnector.EventRouter.UnitTest.BatchingControllerTests" name="When_BatchingControllerRunning_AndGetRecentEventsReturnsEventsOnlyOnce_WeOnlyWriteDebugLogOnce" />
    </UnitTest>
    <UnitTest name="Given_EmptyEventsList_When_TranslateEvents_Then_AnExceptionIsThrown" storage="d:\actions-runner\_work\xpco\xpco\allsolutions\..\cloudconnector\binaries\videoos.cloudconnector.eventrouter.unittest\bin\debug\net6.0-windows\videoos.cloudconnector.eventrouter.unittest.dll" id="89aeb9c4-3c73-8523-47d8-ff9eae863358">
      <Execution id="b181dc20-9423-4c27-8541-326645ad7e86" />
      <TestMethod codeBase="D:\actions-runner\_work\XPCO\XPCO\AllSolutions\..\CloudConnector\Binaries\VideoOS.CloudConnector.EventRouter.UnitTest\bin\Debug\net6.0-windows\VideoOS.CloudConnector.EventRouter.UnitTest.dll" adapterTypeName="executor://mstestadapter/v2" className="VideoOS.CloudConnector.EventRouter.UnitTest.CloudEventMessageTranslatorTests" name="Given_EmptyEventsList_When_TranslateEvents_Then_AnExceptionIsThrown" />
    </UnitTest>
    <UnitTest name="When_BatchingControllerRunning_AndGetRecentEventsReturnsEventsmultipleTimes_WeWriteDebugLogForAll" storage="d:\actions-runner\_work\xpco\xpco\allsolutions\..\cloudconnector\binaries\videoos.cloudconnector.eventrouter.unittest\bin\debug\net6.0-windows\videoos.cloudconnector.eventrouter.unittest.dll" id="a38f318c-38a4-d4a2-7cd6-89ce972230c4">
      <Execution id="03b765e1-8f3d-4103-a675-2975718e1ff8" />
      <TestMethod codeBase="D:\actions-runner\_work\XPCO\XPCO\AllSolutions\..\CloudConnector\Binaries\VideoOS.CloudConnector.EventRouter.UnitTest\bin\Debug\net6.0-windows\VideoOS.CloudConnector.EventRouter.UnitTest.dll" adapterTypeName="executor://mstestadapter/v2" className="VideoOS.CloudConnector.EventRouter.UnitTest.BatchingControllerTests" name="When_BatchingControllerRunning_AndGetRecentEventsReturnsEventsmultipleTimes_WeWriteDebugLogForAll" />
    </UnitTest>
    <UnitTest name="When_BatchingControllerRunning_AndNoEventsAreInQueue_WeNeverStartNewTasks" storage="d:\actions-runner\_work\xpco\xpco\allsolutions\..\cloudconnector\binaries\videoos.cloudconnector.eventrouter.unittest\bin\debug\net6.0-windows\videoos.cloudconnector.eventrouter.unittest.dll" id="4f396190-d39c-0c63-5aaa-4d98c97bd1d8">
      <Execution id="b4b16d18-a9c3-451f-b8b2-90e44447a66b" />
      <TestMethod codeBase="D:\actions-runner\_work\XPCO\XPCO\AllSolutions\..\CloudConnector\Binaries\VideoOS.CloudConnector.EventRouter.UnitTest\bin\Debug\net6.0-windows\VideoOS.CloudConnector.EventRouter.UnitTest.dll" adapterTypeName="executor://mstestadapter/v2" className="VideoOS.CloudConnector.EventRouter.UnitTest.BatchingControllerTests" name="When_BatchingControllerRunning_AndNoEventsAreInQueue_WeNeverStartNewTasks" />
    </UnitTest>
    <UnitTest name="Given_Events_When_TranslateEvents_Then_ARequestIncludingTheCloudMessageIsReturned" storage="d:\actions-runner\_work\xpco\xpco\allsolutions\..\cloudconnector\binaries\videoos.cloudconnector.eventrouter.unittest\bin\debug\net6.0-windows\videoos.cloudconnector.eventrouter.unittest.dll" id="90a66bee-bb8f-2ac7-1fb3-ba169ecd17de">
      <Execution id="484af85f-c936-4ba1-bc9c-367fdc498c2e" />
      <TestMethod codeBase="D:\actions-runner\_work\XPCO\XPCO\AllSolutions\..\CloudConnector\Binaries\VideoOS.CloudConnector.EventRouter.UnitTest\bin\Debug\net6.0-windows\VideoOS.CloudConnector.EventRouter.UnitTest.dll" adapterTypeName="executor://mstestadapter/v2" className="VideoOS.CloudConnector.EventRouter.UnitTest.CloudEventMessageTranslatorTests" name="Given_Events_When_TranslateEvents_Then_ARequestIncludingTheCloudMessageIsReturned" />
    </UnitTest>
    <UnitTest name="Given_Nothing_When_EventReceiverGetsAConnectionStateChangedToOnline_Then_ItSendsCorrespondingEventToCloud" storage="d:\actions-runner\_work\xpco\xpco\allsolutions\..\cloudconnector\binaries\videoos.cloudconnector.eventrouter.unittest\bin\debug\net6.0-windows\videoos.cloudconnector.eventrouter.unittest.dll" id="ca9a9552-e357-4e01-5f7e-3aa37925b64e">
      <Execution id="cf790e07-28aa-47b4-8a56-fd5c2e833188" />
      <TestMethod codeBase="D:\actions-runner\_work\XPCO\XPCO\AllSolutions\..\CloudConnector\Binaries\VideoOS.CloudConnector.EventRouter.UnitTest\bin\Debug\net6.0-windows\VideoOS.CloudConnector.EventRouter.UnitTest.dll" adapterTypeName="executor://mstestadapter/v2" className="VideoOS.CloudConnector.EventRouter.UnitTest.EventReceiverTest" name="Given_Nothing_When_EventReceiverGetsAConnectionStateChangedToOnline_Then_ItSendsCorrespondingEventToCloud" />
    </UnitTest>
    <UnitTest name="Given_EventsReceived_When_GetRecentEvents_Then_TheReceivedEventsArereturned" storage="d:\actions-runner\_work\xpco\xpco\allsolutions\..\cloudconnector\binaries\videoos.cloudconnector.eventrouter.unittest\bin\debug\net6.0-windows\videoos.cloudconnector.eventrouter.unittest.dll" id="201c4ed5-9200-0d77-bf79-5574c7412572">
      <Execution id="5cf959af-127c-4171-895f-26ef0f4798f6" />
      <TestMethod codeBase="D:\actions-runner\_work\XPCO\XPCO\AllSolutions\..\CloudConnector\Binaries\VideoOS.CloudConnector.EventRouter.UnitTest\bin\Debug\net6.0-windows\VideoOS.CloudConnector.EventRouter.UnitTest.dll" adapterTypeName="executor://mstestadapter/v2" className="VideoOS.CloudConnector.EventRouter.UnitTest.EventQueueTests" name="Given_EventsReceived_When_GetRecentEvents_Then_TheReceivedEventsArereturned" />
    </UnitTest>
    <UnitTest name="Given_Nothing_When_EventReceiverGetsAConnectionStateChangedToDelayed_Then_NoEventIsSentToCloud" storage="d:\actions-runner\_work\xpco\xpco\allsolutions\..\cloudconnector\binaries\videoos.cloudconnector.eventrouter.unittest\bin\debug\net6.0-windows\videoos.cloudconnector.eventrouter.unittest.dll" id="43fe8736-af39-3d33-e0ff-0618278728da">
      <Execution id="e4c7e011-6e1d-47d0-ae32-cf252da8d2ba" />
      <TestMethod codeBase="D:\actions-runner\_work\XPCO\XPCO\AllSolutions\..\CloudConnector\Binaries\VideoOS.CloudConnector.EventRouter.UnitTest\bin\Debug\net6.0-windows\VideoOS.CloudConnector.EventRouter.UnitTest.dll" adapterTypeName="executor://mstestadapter/v2" className="VideoOS.CloudConnector.EventRouter.UnitTest.EventReceiverTest" name="Given_Nothing_When_EventReceiverGetsAConnectionStateChangedToDelayed_Then_NoEventIsSentToCloud" />
    </UnitTest>
    <UnitTest name="Given_Nothing_When_EventReceiverGetsAConnectionStateChangedToOffline_Then_ItSendsCorrespondingEventToCloud" storage="d:\actions-runner\_work\xpco\xpco\allsolutions\..\cloudconnector\binaries\videoos.cloudconnector.eventrouter.unittest\bin\debug\net6.0-windows\videoos.cloudconnector.eventrouter.unittest.dll" id="252f35f7-299e-7faf-1b71-f5f2d8e88afa">
      <Execution id="815cf71c-dd5f-4e2c-80da-8ad722061d4b" />
      <TestMethod codeBase="D:\actions-runner\_work\XPCO\XPCO\AllSolutions\..\CloudConnector\Binaries\VideoOS.CloudConnector.EventRouter.UnitTest\bin\Debug\net6.0-windows\VideoOS.CloudConnector.EventRouter.UnitTest.dll" adapterTypeName="executor://mstestadapter/v2" className="VideoOS.CloudConnector.EventRouter.UnitTest.EventReceiverTest" name="Given_Nothing_When_EventReceiverGetsAConnectionStateChangedToOffline_Then_ItSendsCorrespondingEventToCloud" />
    </UnitTest>
    <UnitTest name="Given_SomeEventsReceived_When_DiscardEvents_Then_NoEventsAreReturned" storage="d:\actions-runner\_work\xpco\xpco\allsolutions\..\cloudconnector\binaries\videoos.cloudconnector.eventrouter.unittest\bin\debug\net6.0-windows\videoos.cloudconnector.eventrouter.unittest.dll" id="4e43cfd6-fdc2-79df-0935-adb9c2e804cf">
      <Execution id="a372d00f-c27b-42a8-8fd5-2988d29914fd" />
      <TestMethod codeBase="D:\actions-runner\_work\XPCO\XPCO\AllSolutions\..\CloudConnector\Binaries\VideoOS.CloudConnector.EventRouter.UnitTest\bin\Debug\net6.0-windows\VideoOS.CloudConnector.EventRouter.UnitTest.dll" adapterTypeName="executor://mstestadapter/v2" className="VideoOS.CloudConnector.EventRouter.UnitTest.EventQueueTests" name="Given_SomeEventsReceived_When_DiscardEvents_Then_NoEventsAreReturned" />
    </UnitTest>
  </TestDefinitions>
  <TestEntries>
    <TestEntry testId="a38f318c-38a4-d4a2-7cd6-89ce972230c4" executionId="03b765e1-8f3d-4103-a675-2975718e1ff8" testListId="8c84fa94-04c1-424b-9868-57a2d4851a1d" />
    <TestEntry testId="252f35f7-299e-7faf-1b71-f5f2d8e88afa" executionId="815cf71c-dd5f-4e2c-80da-8ad722061d4b" testListId="8c84fa94-04c1-424b-9868-57a2d4851a1d" />
    <TestEntry testId="90a66bee-bb8f-2ac7-1fb3-ba169ecd17de" executionId="484af85f-c936-4ba1-bc9c-367fdc498c2e" testListId="8c84fa94-04c1-424b-9868-57a2d4851a1d" />
    <TestEntry testId="4e43cfd6-fdc2-79df-0935-adb9c2e804cf" executionId="a372d00f-c27b-42a8-8fd5-2988d29914fd" testListId="8c84fa94-04c1-424b-9868-57a2d4851a1d" />
    <TestEntry testId="07fd4fbe-fdea-3c20-171e-9cea3b9a5da4" executionId="ca10ea70-78e8-4fe4-b18e-d856d14856b5" testListId="8c84fa94-04c1-424b-9868-57a2d4851a1d" />
    <TestEntry testId="89aeb9c4-3c73-8523-47d8-ff9eae863358" executionId="b181dc20-9423-4c27-8541-326645ad7e86" testListId="8c84fa94-04c1-424b-9868-57a2d4851a1d" />
    <TestEntry testId="43fe8736-af39-3d33-e0ff-0618278728da" executionId="e4c7e011-6e1d-47d0-ae32-cf252da8d2ba" testListId="8c84fa94-04c1-424b-9868-57a2d4851a1d" />
    <TestEntry testId="201c4ed5-9200-0d77-bf79-5574c7412572" executionId="5cf959af-127c-4171-895f-26ef0f4798f6" testListId="8c84fa94-04c1-424b-9868-57a2d4851a1d" />
    <TestEntry testId="ca9a9552-e357-4e01-5f7e-3aa37925b64e" executionId="cf790e07-28aa-47b4-8a56-fd5c2e833188" testListId="8c84fa94-04c1-424b-9868-57a2d4851a1d" />
    <TestEntry testId="4f396190-d39c-0c63-5aaa-4d98c97bd1d8" executionId="b4b16d18-a9c3-451f-b8b2-90e44447a66b" testListId="8c84fa94-04c1-424b-9868-57a2d4851a1d" />
  </TestEntries>
  <TestLists>
    <TestList name="Results Not in a List" id="8c84fa94-04c1-424b-9868-57a2d4851a1d" />
    <TestList name="All Loaded Results" id="19431567-8539-422a-85d7-44ee4e166bda" />
  </TestLists>
  <ResultSummary outcome="Completed">
    <Counters total="10" executed="10" passed="10" failed="0" error="0" timeout="0" aborted="0" inconclusive="0" passedButRunAborted="0" notRunnable="0" notExecuted="0" disconnected="0" warning="0" completed="0" inProgress="0" pending="0" />
  </ResultSummary>
</TestRun>