<?xml version="1.0" encoding="utf-8"?>
<TestRun id="376ace5b-003c-48f8-80b0-32bbf0a8227f" name="DKSR-EFI-04$@DKSR-EFI-04 2023-12-22 09:34:04" runUser="NT AUTHORITY\NETWORK SERVICE" xmlns="http://microsoft.com/schemas/VisualStudio/TeamTest/2010">
  <Times creation="2023-12-22T09:34:04.7407839+01:00" queuing="2023-12-22T09:34:04.7407839+01:00" start="2023-12-22T09:33:53.8344790+01:00" finish="2023-12-22T09:34:11.7408172+01:00" />
  <TestSettings name="default" id="31cf1155-5f44-4558-a3e1-24fd42df2706">
    <Deployment runDeploymentRoot="DKSR-EFI-04$_DKSR-EFI-04_2023-12-22_09_34_04" />
  </TestSettings>
  <Results>
    <UnitTestResult executionId="e0dfdcaf-c4eb-4ac4-8d33-c83025ac8907" testId="85b0ad5f-b0e8-2ae3-a5c8-e0e7f1a8ff9f" testName="EventTypeViewModel_HasIsReadOnlyEqualToTrue_WhenEventRetentionIsReadOnly" computerName="DKSR-EFI-04" duration="00:00:00.0058917" startTime="2023-12-22T09:34:10.2408102+01:00" endTime="2023-12-22T09:34:10.2564363+01:00" testType="13cdc9d9-ddb5-4fa4-a97d-d965ccfc6d4b" outcome="Passed" testListId="8c84fa94-04c1-424b-9868-57a2d4851a1d" relativeResultsDirectory="e0dfdcaf-c4eb-4ac4-8d33-c83025ac8907" />
    <UnitTestResult executionId="98806c88-4a21-4752-9ec0-f0d837505719" testId="c1018fe6-9ff7-9f9f-2975-df3022bc1d9d" testName="EventTypeOrderExtensions_OrdersEventTypeGroupsFirstByPredefinedThenByNameForMixedGroups_WhenPredefinedSortOrder" computerName="DKSR-EFI-04" duration="00:00:00.0025209" startTime="2023-12-22T09:34:10.1626854+01:00" endTime="2023-12-22T09:34:10.1783106+01:00" testType="13cdc9d9-ddb5-4fa4-a97d-d965ccfc6d4b" outcome="Passed" testListId="8c84fa94-04c1-424b-9868-57a2d4851a1d" relativeResultsDirectory="98806c88-4a21-4752-9ec0-f0d837505719" />
    <UnitTestResult executionId="8b4a385d-213d-49a4-9cd1-3fc7adf5a5bd" testId="4d929168-c253-c255-a5e2-44692162a75a" testName="AlarmsAndEventsOptionsDialogPlugin_ReturnsNullConfigurationReportPropertiesForEventRetention_WhenEventTypesAreNull" computerName="DKSR-EFI-04" duration="00:00:00.0064869" startTime="2023-12-22T09:34:09.9595583+01:00" endTime="2023-12-22T09:34:09.9751864+01:00" testType="13cdc9d9-ddb5-4fa4-a97d-d965ccfc6d4b" outcome="Passed" testListId="8c84fa94-04c1-424b-9868-57a2d4851a1d" relativeResultsDirectory="8b4a385d-213d-49a4-9cd1-3fc7adf5a5bd" />
    <UnitTestResult executionId="3a667040-2b46-4920-8e33-5c6e6f46f3b8" testId="9dc15ba8-3da1-ef4e-0465-53503e1bcd31" testName="AlarmsAndEventsOptionsDialogPlugin_ReturnsFalse_WhenSaveChangesAndSetGeneralSettingsCallFails" computerName="DKSR-EFI-04" duration="00:00:00.0673266" startTime="2023-12-22T09:34:09.5689319+01:00" endTime="2023-12-22T09:34:09.6314352+01:00" testType="13cdc9d9-ddb5-4fa4-a97d-d965ccfc6d4b" outcome="Passed" testListId="8c84fa94-04c1-424b-9868-57a2d4851a1d" relativeResultsDirectory="3a667040-2b46-4920-8e33-5c6e6f46f3b8" />
    <UnitTestResult executionId="7fd097b1-fd7b-42be-8f72-ac7c64ded6f8" testId="451aa4f5-77c8-8ca9-c6d5-b596c901fab3" testName="EventTypeViewModel_HasIsReadOnlyEqualToFalse_WhenEventRetentionIsNull" computerName="DKSR-EFI-04" duration="00:00:00.0015874" startTime="2023-12-22T09:34:10.2251860+01:00" endTime="2023-12-22T09:34:10.2251860+01:00" testType="13cdc9d9-ddb5-4fa4-a97d-d965ccfc6d4b" outcome="Passed" testListId="8c84fa94-04c1-424b-9868-57a2d4851a1d" relativeResultsDirectory="7fd097b1-fd7b-42be-8f72-ac7c64ded6f8" />
    <UnitTestResult executionId="16603a96-e400-4a16-bd08-e854f78bb088" testId="3b201806-0f6e-3741-889c-4a92a2ce88ad" testName="AlarmDefItemUserControl_HasEnableCheckBoxEqualToTrue_WhenUserHasDisabledAccessGlobal" computerName="DKSR-EFI-04" duration="00:00:00.0401453" startTime="2023-12-22T09:34:06.3189151+01:00" endTime="2023-12-22T09:34:06.3501675+01:00" testType="13cdc9d9-ddb5-4fa4-a97d-d965ccfc6d4b" outcome="Passed" testListId="8c84fa94-04c1-424b-9868-57a2d4851a1d" relativeResultsDirectory="16603a96-e400-4a16-bd08-e854f78bb088" />
    <UnitTestResult executionId="6f85f1c1-632b-4f5f-a470-f2b0715b6986" testId="4c4677b2-84b8-4c08-9166-0925873c7248" testName="EventGroupViewModel_HasEventTypesOrderedUsingNaturalSorting_WhenByDefault" computerName="DKSR-EFI-04" duration="00:00:00.0077073" startTime="2023-12-22T09:34:10.4439360+01:00" endTime="2023-12-22T09:34:10.4439360+01:00" testType="13cdc9d9-ddb5-4fa4-a97d-d965ccfc6d4b" outcome="Passed" testListId="8c84fa94-04c1-424b-9868-57a2d4851a1d" relativeResultsDirectory="6f85f1c1-632b-4f5f-a470-f2b0715b6986" />
    <UnitTestResult executionId="994b2e03-ce9a-49c8-a483-96b6067934a8" testId="db6cb18d-54d6-6340-783d-efb28448ea1e" testName="AlarmsAndEventsViewModel_IsLoading_WhenTaskIsIncomplete" computerName="DKSR-EFI-04" duration="00:00:00.0101951" startTime="2023-12-22T09:34:10.4751879+01:00" endTime="2023-12-22T09:34:10.4751879+01:00" testType="13cdc9d9-ddb5-4fa4-a97d-d965ccfc6d4b" outcome="Passed" testListId="8c84fa94-04c1-424b-9868-57a2d4851a1d" relativeResultsDirectory="994b2e03-ce9a-49c8-a483-96b6067934a8" />
    <UnitTestResult executionId="1744d661-f7d5-48e7-b430-19c917e6f938" testId="f4b09a43-5c91-97ec-3844-a4230abfa598" testName="AlarmsAndEventsOptionsDialogPlugin_ReturnsNullConfigurationReportPropertiesForEventRetention_WhenEventRetentionsAreNull" computerName="DKSR-EFI-04" duration="00:00:00.0062233" startTime="2023-12-22T09:34:09.9751864+01:00" endTime="2023-12-22T09:34:09.9751864+01:00" testType="13cdc9d9-ddb5-4fa4-a97d-d965ccfc6d4b" outcome="Passed" testListId="8c84fa94-04c1-424b-9868-57a2d4851a1d" relativeResultsDirectory="1744d661-f7d5-48e7-b430-19c917e6f938" />
    <UnitTestResult executionId="d6bad9ae-b34e-46b5-bf78-4d64e276a208" testId="1b0efad3-a9ed-d5bc-e358-ca5505e2a5f0" testName="EventGroupViewModel_ThrowsArgumentNullException_WhenEventTypesAreNull" computerName="DKSR-EFI-04" duration="00:00:00.0019396" startTime="2023-12-22T09:34:10.2876859+01:00" endTime="2023-12-22T09:34:10.2876859+01:00" testType="13cdc9d9-ddb5-4fa4-a97d-d965ccfc6d4b" outcome="Passed" testListId="8c84fa94-04c1-424b-9868-57a2d4851a1d" relativeResultsDirectory="d6bad9ae-b34e-46b5-bf78-4d64e276a208" />
    <UnitTestResult executionId="76fda121-239e-4481-93ec-907591630c7a" testId="226901fa-85eb-1ee1-766b-f8c234130f81" testName="EventGroupViewModel_NotThrowsException_WhenEventRetentionsAreNull" computerName="DKSR-EFI-04" duration="00:00:00.0033427" startTime="2023-12-22T09:34:10.2876859+01:00" endTime="2023-12-22T09:34:10.3033111+01:00" testType="13cdc9d9-ddb5-4fa4-a97d-d965ccfc6d4b" outcome="Passed" testListId="8c84fa94-04c1-424b-9868-57a2d4851a1d" relativeResultsDirectory="76fda121-239e-4481-93ec-907591630c7a" />
    <UnitTestResult executionId="38238392-4a00-4178-8135-dc12e3962afe" testId="c25a54f9-6357-e4b3-4529-e91b4c07433d" testName="AlarmDataSettingsUserControl_ThrowsUnauthorizedAccessException_WhenValidateContentWithoutWriteAccessGlobal" computerName="DKSR-EFI-04" duration="00:00:02.2302513" startTime="2023-12-22T09:34:03.7251524+01:00" endTime="2023-12-22T09:34:05.9595395+01:00" testType="13cdc9d9-ddb5-4fa4-a97d-d965ccfc6d4b" outcome="Passed" testListId="8c84fa94-04c1-424b-9868-57a2d4851a1d" relativeResultsDirectory="38238392-4a00-4178-8135-dc12e3962afe" />
    <UnitTestResult executionId="57f5a7d1-a6dd-4df6-810e-2b6b44fa5618" testId="9c0085b6-2212-0fcd-15ac-536422b8cabc" testName="AlarmsAndEventsOptionsDialogPlugin_ReturnsAlarmSettingsLogSettingsAndEventRetention_WhenGetConfigurationReportSections" computerName="DKSR-EFI-04" duration="00:00:00.0764612" startTime="2023-12-22T09:34:09.6783083+01:00" endTime="2023-12-22T09:34:09.7564335+01:00" testType="13cdc9d9-ddb5-4fa4-a97d-d965ccfc6d4b" outcome="Passed" testListId="8c84fa94-04c1-424b-9868-57a2d4851a1d" relativeResultsDirectory="57f5a7d1-a6dd-4df6-810e-2b6b44fa5618" />
    <UnitTestResult executionId="ed55f7b6-3fbc-48ac-9727-dfa0916c5b79" testId="4af2bc29-2734-ef6c-5497-594f8a1a81b6" testName="EventTypeViewModel_ThrowsArgumentOutOfRangeException_WhenRetentionDaysIsLessThanMinusOne" computerName="DKSR-EFI-04" duration="00:00:00.0024717" startTime="2023-12-22T09:34:10.2095625+01:00" endTime="2023-12-22T09:34:10.2251860+01:00" testType="13cdc9d9-ddb5-4fa4-a97d-d965ccfc6d4b" outcome="Passed" testListId="8c84fa94-04c1-424b-9868-57a2d4851a1d" relativeResultsDirectory="ed55f7b6-3fbc-48ac-9727-dfa0916c5b79" />
    <UnitTestResult executionId="2744777a-40e4-4ac6-8447-c5f38f2f5558" testId="e58aa09e-9a01-baa6-fd21-f900c234b985" testName="EventTypeOrderExtensions_OrdersEventTypeGroupsUsingNaturalSortingForNonBuiltInGroups_WhenPredefinedSortOrder" computerName="DKSR-EFI-04" duration="00:00:00.0054027" startTime="2023-12-22T09:34:10.1783106+01:00" endTime="2023-12-22T09:34:10.1783106+01:00" testType="13cdc9d9-ddb5-4fa4-a97d-d965ccfc6d4b" outcome="Passed" testListId="8c84fa94-04c1-424b-9868-57a2d4851a1d" relativeResultsDirectory="2744777a-40e4-4ac6-8447-c5f38f2f5558" />
    <UnitTestResult executionId="b332601e-e406-4c8c-b332-4fcdca4985b9" testId="938bfaa8-11dd-c0db-13fc-c9c61c9e6221" testName="EventTypeViewModel_RestrictsValueToShortMaxValue_WhenLargerNumberHasBeenEntered" computerName="DKSR-EFI-04" duration="00:00:00.0016935" startTime="2023-12-22T09:34:10.2720604+01:00" endTime="2023-12-22T09:34:10.2720604+01:00" testType="13cdc9d9-ddb5-4fa4-a97d-d965ccfc6d4b" outcome="Passed" testListId="8c84fa94-04c1-424b-9868-57a2d4851a1d" relativeResultsDirectory="b332601e-e406-4c8c-b332-4fcdca4985b9" />
    <UnitTestResult executionId="4f2b6bf9-c944-45b6-88f7-92a897ae0ffb" testId="57a17993-0a5b-0d9d-f592-61bde7cc84bf" testName="AlarmsAndEventsViewModel_UpdatesEventGroupsDefaultRetention_WhenSettingValueAtIndex0" computerName="DKSR-EFI-04" duration="00:00:00.0078427" startTime="2023-12-22T09:34:10.5376884+01:00" endTime="2023-12-22T09:34:10.5376884+01:00" testType="13cdc9d9-ddb5-4fa4-a97d-d965ccfc6d4b" outcome="Passed" testListId="8c84fa94-04c1-424b-9868-57a2d4851a1d" relativeResultsDirectory="4f2b6bf9-c944-45b6-88f7-92a897ae0ffb" />
    <UnitTestResult executionId="56667b96-ee58-4ad0-8ae0-aff391d1cf7a" testId="39209d7a-cc5e-94a3-c44e-2932ac004089" testName="EventGroupViewModel_ThrowsArgumentNullException_WhenRetentionValuesAreNull" computerName="DKSR-EFI-04" duration="00:00:00.0030846" startTime="2023-12-22T09:34:10.2876859+01:00" endTime="2023-12-22T09:34:10.2876859+01:00" testType="13cdc9d9-ddb5-4fa4-a97d-d965ccfc6d4b" outcome="Passed" testListId="8c84fa94-04c1-424b-9868-57a2d4851a1d" relativeResultsDirectory="56667b96-ee58-4ad0-8ae0-aff391d1cf7a" />
    <UnitTestResult executionId="6a4b7274-ad52-4d58-8c0f-eb799c323762" testId="8f54cfcc-6bab-bc3e-0c3c-a79b783a3304" testName="AlarmsAndEventsOptionsDialogPlugin_ReturnsNull_WhenGetConfigurationReportPropertiesForAlarmSettingsAndGeneralSettingsIsNull" computerName="DKSR-EFI-04" duration="00:00:00.0095746" startTime="2023-12-22T09:34:09.7564335+01:00" endTime="2023-12-22T09:34:09.7720583+01:00" testType="13cdc9d9-ddb5-4fa4-a97d-d965ccfc6d4b" outcome="Passed" testListId="8c84fa94-04c1-424b-9868-57a2d4851a1d" relativeResultsDirectory="6a4b7274-ad52-4d58-8c0f-eb799c323762" />
    <UnitTestResult executionId="065b4945-1a03-48be-8d33-22ca614364e2" testId="b12c13a0-5f31-b27f-427e-c57e714805a2" testName="AlarmsAndEventsOptionsDialogPlugin_ReturnsConfigurationReportPropertiesForEventRetentionContainingAllEventRetentions_WhenAllEventRetentiontionsAreSet" computerName="DKSR-EFI-04" duration="00:00:00.1017474" startTime="2023-12-22T09:34:09.9908099+01:00" endTime="2023-12-22T09:34:10.0845598+01:00" testType="13cdc9d9-ddb5-4fa4-a97d-d965ccfc6d4b" outcome="Passed" testListId="8c84fa94-04c1-424b-9868-57a2d4851a1d" relativeResultsDirectory="065b4945-1a03-48be-8d33-22ca614364e2" />
    <UnitTestResult executionId="d21ef74e-c12c-4014-b2c5-cc32141da4e7" testId="8a6e0d9c-6369-bec6-116b-0067f3ea2a8c" testName="EventGroupViewModel_IsExpanded_WhenEventTypesAreEmptyAndHasBeenToggled (True,False)" computerName="DKSR-EFI-04" duration="00:00:00.0024490" startTime="2023-12-22T09:34:10.4283114+01:00" endTime="2023-12-22T09:34:10.4283114+01:00" testType="13cdc9d9-ddb5-4fa4-a97d-d965ccfc6d4b" outcome="Passed" testListId="8c84fa94-04c1-424b-9868-57a2d4851a1d" relativeResultsDirectory="d21ef74e-c12c-4014-b2c5-cc32141da4e7" />
    <UnitTestResult executionId="eb972814-c951-4599-89f5-98b53b9e6dfb" testId="5e1073f1-f156-719b-6c9f-77cc43c97e0d" testName="AlarmsAndEventsOptionsDialogPlugin_ReturnsTrue_WhenSaveChangesAndChangesAreSavedWithoutErrors" computerName="DKSR-EFI-04" duration="00:00:00.0369830" startTime="2023-12-22T09:34:09.6314352+01:00" endTime="2023-12-22T09:34:09.6783083+01:00" testType="13cdc9d9-ddb5-4fa4-a97d-d965ccfc6d4b" outcome="Passed" testListId="8c84fa94-04c1-424b-9868-57a2d4851a1d" relativeResultsDirectory="eb972814-c951-4599-89f5-98b53b9e6dfb" />
    <UnitTestResult executionId="c56e1d37-eca2-4711-bad7-da909a31d50c" testId="3dbdd863-b06b-d42c-7528-a0c4e937420d" testName="AlarmsAndEventsViewModel_HasLoadErrorEqualToTrue_IfTasksReturnNull" computerName="DKSR-EFI-04" duration="00:00:00.0080811" startTime="2023-12-22T09:34:10.4908117+01:00" endTime="2023-12-22T09:34:10.5064369+01:00" testType="13cdc9d9-ddb5-4fa4-a97d-d965ccfc6d4b" outcome="Passed" testListId="8c84fa94-04c1-424b-9868-57a2d4851a1d" relativeResultsDirectory="c56e1d37-eca2-4711-bad7-da909a31d50c" />
    <UnitTestResult executionId="60df41c6-bba0-47ea-961a-3d9d6c3cfde3" testId="af53e87e-e2dd-c03d-04cf-33cf3c5e757c" testName="AlarmsAndEventsViewModel_NotIncludesDefaultInEventGroupRetentions_WhenGetEventRetentions" computerName="DKSR-EFI-04" duration="00:00:00.0234974" startTime="2023-12-22T09:34:10.5376884+01:00" endTime="2023-12-22T09:34:10.5689374+01:00" testType="13cdc9d9-ddb5-4fa4-a97d-d965ccfc6d4b" outcome="Passed" testListId="8c84fa94-04c1-424b-9868-57a2d4851a1d" relativeResultsDirectory="60df41c6-bba0-47ea-961a-3d9d6c3cfde3" />
    <UnitTestResult executionId="e81e1349-d0a5-477e-a11a-fa937aaa3daf" testId="bc64b7e4-a721-3a53-9712-eb42a9557c57" testName="AlarmsAndEventsOptionsDialogPlugin_NotThrowsException_WhenGetConfigurationReportPropertiesForEventRetentionWithNonUniqueEventTypeAndEventGroupNames" computerName="DKSR-EFI-04" duration="00:00:00.0177546" startTime="2023-12-22T09:34:10.1314345+01:00" endTime="2023-12-22T09:34:10.1626854+01:00" testType="13cdc9d9-ddb5-4fa4-a97d-d965ccfc6d4b" outcome="Passed" testListId="8c84fa94-04c1-424b-9868-57a2d4851a1d" relativeResultsDirectory="e81e1349-d0a5-477e-a11a-fa937aaa3daf" />
    <UnitTestResult executionId="786be6b6-6463-41ea-94c9-8e9235f97255" testId="6ef6e584-a7ad-3f17-cf51-3c16480c7e43" testName="EventTypeViewModel_HasSelectedRetentionEqualToValueMinusOne_WhenEventRetentionIsNull" computerName="DKSR-EFI-04" duration="00:00:00.0029648" startTime="2023-12-22T09:34:10.2251860+01:00" endTime="2023-12-22T09:34:10.2251860+01:00" testType="13cdc9d9-ddb5-4fa4-a97d-d965ccfc6d4b" outcome="Passed" testListId="8c84fa94-04c1-424b-9868-57a2d4851a1d" relativeResultsDirectory="786be6b6-6463-41ea-94c9-8e9235f97255" />
    <UnitTestResult executionId="a137d55c-6f6f-4be3-a52d-b735fb4c3615" testId="889532ba-2a9c-a1b7-6886-cfb5250c3dbd" testName="EventGroupViewModel_IsExpanded_WhenEventTypesAreEmptyAndHasBeenToggled (False,True)" computerName="DKSR-EFI-04" duration="00:00:00.0068303" startTime="2023-12-22T09:34:10.3033111+01:00" endTime="2023-12-22T09:34:10.4126858+01:00" testType="13cdc9d9-ddb5-4fa4-a97d-d965ccfc6d4b" outcome="Passed" testListId="8c84fa94-04c1-424b-9868-57a2d4851a1d" relativeResultsDirectory="a137d55c-6f6f-4be3-a52d-b735fb4c3615" />
    <UnitTestResult executionId="c377b127-d9de-46f9-946c-21f90743f37c" testId="1bb89f6f-9fbe-04dd-9547-dbd39b825925" testName="EventTypeViewModel_HasChangesEqualToTrue_WhenNewValueIsSet" computerName="DKSR-EFI-04" duration="00:00:00.0010039" startTime="2023-12-22T09:34:10.2564363+01:00" endTime="2023-12-22T09:34:10.2564363+01:00" testType="13cdc9d9-ddb5-4fa4-a97d-d965ccfc6d4b" outcome="Passed" testListId="8c84fa94-04c1-424b-9868-57a2d4851a1d" relativeResultsDirectory="c377b127-d9de-46f9-946c-21f90743f37c" />
    <UnitTestResult executionId="428c7616-06d2-47d1-ab11-10e133fd5a2d" testId="3f33eab1-d8c7-28df-4a52-a9affb8a5a90" testName="EventGroupViewModel_IsNotExpanded_WhenByDefault" computerName="DKSR-EFI-04" duration="00:00:00.0048217" startTime="2023-12-22T09:34:10.3033111+01:00" endTime="2023-12-22T09:34:10.3033111+01:00" testType="13cdc9d9-ddb5-4fa4-a97d-d965ccfc6d4b" outcome="Passed" testListId="8c84fa94-04c1-424b-9868-57a2d4851a1d" relativeResultsDirectory="428c7616-06d2-47d1-ab11-10e133fd5a2d" />
    <UnitTestResult executionId="2bb0d1c2-e329-4ce6-81e8-c895da3df6e2" testId="f0ad5408-782e-4d72-a7a4-0d94ab4ce22b" testName="SoundSettingsUserControl_ThrowsUnauthorizedAccessException_WhenRemoveSoundWithoutWriteAccessGlobal" computerName="DKSR-EFI-04" duration="00:00:00.0063618" startTime="2023-12-22T09:34:06.3970411+01:00" endTime="2023-12-22T09:34:06.4126675+01:00" testType="13cdc9d9-ddb5-4fa4-a97d-d965ccfc6d4b" outcome="Passed" testListId="8c84fa94-04c1-424b-9868-57a2d4851a1d" relativeResultsDirectory="2bb0d1c2-e329-4ce6-81e8-c895da3df6e2" />
    <UnitTestResult executionId="fca6ac80-41ac-4176-ac75-c5fb9773448c" testId="77fdc9ab-29e9-12ee-ab7f-a3df3aea10fe" testName="AddedRemovedUpdatedHelper_ReturnsAdded_WhenNotInServer" computerName="DKSR-EFI-04" duration="00:00:00.0064230" startTime="2023-12-22T09:34:03.7095273+01:00" endTime="2023-12-22T09:34:03.7095273+01:00" testType="13cdc9d9-ddb5-4fa4-a97d-d965ccfc6d4b" outcome="Passed" testListId="8c84fa94-04c1-424b-9868-57a2d4851a1d" relativeResultsDirectory="fca6ac80-41ac-4176-ac75-c5fb9773448c" />
    <UnitTestResult executionId="037a432c-07ed-49af-a415-0f0b25085917" testId="252c9755-4638-36c9-dab0-81ecd1106e30" testName="AlarmsAndEventsViewModel_HasLoadErrorEqualToFalse_WhenTasksAreCompleteAndNotNull" computerName="DKSR-EFI-04" duration="00:00:00.0096111" startTime="2023-12-22T09:34:10.5220895+01:00" endTime="2023-12-22T09:34:10.5220895+01:00" testType="13cdc9d9-ddb5-4fa4-a97d-d965ccfc6d4b" outcome="Passed" testListId="8c84fa94-04c1-424b-9868-57a2d4851a1d" relativeResultsDirectory="037a432c-07ed-49af-a415-0f0b25085917" />
    <UnitTestResult executionId="89252050-927b-444e-b33a-62a1114d6cc4" testId="02095ee7-85de-163c-11dc-a32453653cc4" testName="EventGroupViewModel_HasChanges_WhenValueHasBeenChanged" computerName="DKSR-EFI-04" duration="00:00:00.0039254" startTime="2023-12-22T09:34:10.4283114+01:00" endTime="2023-12-22T09:34:10.4283114+01:00" testType="13cdc9d9-ddb5-4fa4-a97d-d965ccfc6d4b" outcome="Passed" testListId="8c84fa94-04c1-424b-9868-57a2d4851a1d" relativeResultsDirectory="89252050-927b-444e-b33a-62a1114d6cc4" />
    <UnitTestResult executionId="dc4db892-941b-41f0-ac7d-fb458a0c26f2" testId="39ecc4d3-233a-438d-94de-9f2ebffced0d" testName="EventTypeViewModel_ThrowsArgumentNullException_WhenRetentionValuesAreNull" computerName="DKSR-EFI-04" duration="00:00:00.0012870" startTime="2023-12-22T09:34:10.2251860+01:00" endTime="2023-12-22T09:34:10.2251860+01:00" testType="13cdc9d9-ddb5-4fa4-a97d-d965ccfc6d4b" outcome="Passed" testListId="8c84fa94-04c1-424b-9868-57a2d4851a1d" relativeResultsDirectory="dc4db892-941b-41f0-ac7d-fb458a0c26f2" />
    <UnitTestResult executionId="215e9bae-72b4-49a6-a8cd-8e4a20a3de2d" testId="7d3dc5ee-473e-cf0d-3422-f54c4dc6e71e" testName="AlarmsAndEventsOptionsDialogPlugin_ThrowsArgumentNullException_WhenConfigurationManagerIsNull" computerName="DKSR-EFI-04" duration="00:00:00.0357946" startTime="2023-12-22T09:34:06.4126675+01:00" endTime="2023-12-22T09:34:06.4595395+01:00" testType="13cdc9d9-ddb5-4fa4-a97d-d965ccfc6d4b" outcome="Passed" testListId="8c84fa94-04c1-424b-9868-57a2d4851a1d" relativeResultsDirectory="215e9bae-72b4-49a6-a8cd-8e4a20a3de2d" />
    <UnitTestResult executionId="93ec8d12-893f-41b5-ab65-919e733ee370" testId="6d1933ae-b92e-3bae-c970-774e7b959cd3" testName="ToStringList_ReturnsCorrectResult_OnData" computerName="DKSR-EFI-04" duration="00:00:00.0976631" startTime="2023-12-22T09:34:03.1782765+01:00" endTime="2023-12-22T09:34:03.6314029+01:00" testType="13cdc9d9-ddb5-4fa4-a97d-d965ccfc6d4b" outcome="Passed" testListId="8c84fa94-04c1-424b-9868-57a2d4851a1d" relativeResultsDirectory="93ec8d12-893f-41b5-ab65-919e733ee370" />
    <UnitTestResult executionId="f5cbcbd8-93a4-48e9-819e-67a71043bf18" testId="f1cc9811-4ca5-651c-1429-2f048be27c36" testName="AlarmsAndEventsOptionsDialogPlugin_ReturnsTrue_WhenSaveChangesWithoutChanges" computerName="DKSR-EFI-04" duration="00:00:02.6409409" startTime="2023-12-22T09:34:06.4595395+01:00" endTime="2023-12-22T09:34:09.1001800+01:00" testType="13cdc9d9-ddb5-4fa4-a97d-d965ccfc6d4b" outcome="Passed" testListId="8c84fa94-04c1-424b-9868-57a2d4851a1d" relativeResultsDirectory="f5cbcbd8-93a4-48e9-819e-67a71043bf18" />
    <UnitTestResult executionId="61b629ca-3221-49a3-8f1b-26b5bfc1377d" testId="942ddf51-9994-ac87-5f80-39016b665ea0" testName="EventTypeViewModel_HasChangesEqualToFalse_WhenNewValueIsNotANumber" computerName="DKSR-EFI-04" duration="00:00:00.0016307" startTime="2023-12-22T09:34:10.2564363+01:00" endTime="2023-12-22T09:34:10.2720604+01:00" testType="13cdc9d9-ddb5-4fa4-a97d-d965ccfc6d4b" outcome="Passed" testListId="8c84fa94-04c1-424b-9868-57a2d4851a1d" relativeResultsDirectory="61b629ca-3221-49a3-8f1b-26b5bfc1377d" />
    <UnitTestResult executionId="7509561f-8227-4c60-8ae8-a1e971c983f0" testId="c14ecbf6-789d-f26f-4a7f-bd04d008cc92" testName="AddedRemovedUpdatedHelper_ReturnsOther_WhenNotAddedOrRemoved" computerName="DKSR-EFI-04" duration="00:00:00.0003973" startTime="2023-12-22T09:34:03.7251524+01:00" endTime="2023-12-22T09:34:03.7251524+01:00" testType="13cdc9d9-ddb5-4fa4-a97d-d965ccfc6d4b" outcome="Passed" testListId="8c84fa94-04c1-424b-9868-57a2d4851a1d" relativeResultsDirectory="7509561f-8227-4c60-8ae8-a1e971c983f0" />
    <UnitTestResult executionId="62502875-9fe5-4d4e-940c-0fd728764349" testId="81ed2ef4-529d-2aa0-c455-58267e1d27d9" testName="AlarmsAndEventsViewModel_AppliesDefaultRetentionValues_WhenResetRetentionValues" computerName="DKSR-EFI-04" duration="00:00:00.0279009" startTime="2023-12-22T09:34:10.6158122+01:00" endTime="2023-12-22T09:34:10.6314374+01:00" testType="13cdc9d9-ddb5-4fa4-a97d-d965ccfc6d4b" outcome="Passed" testListId="8c84fa94-04c1-424b-9868-57a2d4851a1d" relativeResultsDirectory="62502875-9fe5-4d4e-940c-0fd728764349" />
    <UnitTestResult executionId="044cc16d-ee2e-45e3-8164-9c289e44863f" testId="9b127709-bc2e-56fe-80a6-ddb607729c4d" testName="AlarmsAndEventsViewModel_ReturnsObjectEquivalentToInputParameter_WhenGetEventRetentions" computerName="DKSR-EFI-04" duration="00:00:00.0370555" startTime="2023-12-22T09:34:10.5689374+01:00" endTime="2023-12-22T09:34:10.6001891+01:00" testType="13cdc9d9-ddb5-4fa4-a97d-d965ccfc6d4b" outcome="Passed" testListId="8c84fa94-04c1-424b-9868-57a2d4851a1d" relativeResultsDirectory="044cc16d-ee2e-45e3-8164-9c289e44863f" />
    <UnitTestResult executionId="0990d889-a2d5-42dd-95c7-ef41466a19b2" testId="2e37cd8f-3bc6-2f24-56b5-0468d61a5571" testName="AlarmDefItemManager_HasEmptyAlarmDefItems_WhenUserHasNoReadAccessGlobalOrUserHasNoWriteAccessGlobal" computerName="DKSR-EFI-04" duration="00:00:00.1361801" startTime="2023-12-22T09:34:05.9595395+01:00" endTime="2023-12-22T09:34:06.1001652+01:00" testType="13cdc9d9-ddb5-4fa4-a97d-d965ccfc6d4b" outcome="Passed" testListId="8c84fa94-04c1-424b-9868-57a2d4851a1d" relativeResultsDirectory="0990d889-a2d5-42dd-95c7-ef41466a19b2" />
    <UnitTestResult executionId="becd679a-ca41-4d68-b404-aff3e70336be" testId="742cc462-cb47-f8ec-767d-aee58dd90155" testName="AlarmsAndEventsOptionsDialogPlugin_ReturnFalse_WhenSaveChangesAndEventRetentionsCallFails" computerName="DKSR-EFI-04" duration="00:00:00.0837458" startTime="2023-12-22T09:34:09.4751823+01:00" endTime="2023-12-22T09:34:09.5689319+01:00" testType="13cdc9d9-ddb5-4fa4-a97d-d965ccfc6d4b" outcome="Passed" testListId="8c84fa94-04c1-424b-9868-57a2d4851a1d" relativeResultsDirectory="becd679a-ca41-4d68-b404-aff3e70336be" />
    <UnitTestResult executionId="aa22932a-b8ba-4130-a8df-e8b9cbb89847" testId="b2afae55-f082-c979-1e5f-faf0a79fc878" testName="AlarmsAndEventsOptionsDialogPlugin_ReturnsTrueAndShowsNotAllowedDialog_WhenSaveChangesWithChangesButUserDoesNotHaveAdminRights" computerName="DKSR-EFI-04" duration="00:00:00.3195964" startTime="2023-12-22T09:34:09.1001800+01:00" endTime="2023-12-22T09:34:09.4283045+01:00" testType="13cdc9d9-ddb5-4fa4-a97d-d965ccfc6d4b" outcome="Passed" testListId="8c84fa94-04c1-424b-9868-57a2d4851a1d" relativeResultsDirectory="aa22932a-b8ba-4130-a8df-e8b9cbb89847" />
    <UnitTestResult executionId="d4bae36e-0c31-4adf-953b-68de4d78ab43" testId="69dc3628-a1cf-8c61-6a77-b1641f2b1a27" testName="EventTypeViewModel_HasChangesEqualToFalse_WhenByDefault" computerName="DKSR-EFI-04" duration="00:00:00.0023712" startTime="2023-12-22T09:34:10.2564363+01:00" endTime="2023-12-22T09:34:10.2564363+01:00" testType="13cdc9d9-ddb5-4fa4-a97d-d965ccfc6d4b" outcome="Passed" testListId="8c84fa94-04c1-424b-9868-57a2d4851a1d" relativeResultsDirectory="d4bae36e-0c31-4adf-953b-68de4d78ab43" />
    <UnitTestResult executionId="9d7f41b9-f09c-4450-be94-07b1fd5a4966" testId="ac619e13-2eed-7937-76cb-9a5c57878a49" testName="EventGroupViewModel_RestrictsNewValueToShortMaxValue_WhenLargerNumberHasBeenEntered" computerName="DKSR-EFI-04" duration="00:00:00.0019166" startTime="2023-12-22T09:34:10.4595635+01:00" endTime="2023-12-22T09:34:10.4751879+01:00" testType="13cdc9d9-ddb5-4fa4-a97d-d965ccfc6d4b" outcome="Passed" testListId="8c84fa94-04c1-424b-9868-57a2d4851a1d" relativeResultsDirectory="9d7f41b9-f09c-4450-be94-07b1fd5a4966" />
    <UnitTestResult executionId="b5f9113e-6ea3-478d-ad43-2075d365029b" testId="e7295e8b-a6c3-4da5-1f6e-81687e6b414b" testName="EventGroupViewModel_ContainsOneMoreElementInRetentionValues_WhenPreviouslyNonExistingValueHasBeenSet" computerName="DKSR-EFI-04" duration="00:00:00.0042520" startTime="2023-12-22T09:34:10.4595635+01:00" endTime="2023-12-22T09:34:10.4595635+01:00" testType="13cdc9d9-ddb5-4fa4-a97d-d965ccfc6d4b" outcome="Passed" testListId="8c84fa94-04c1-424b-9868-57a2d4851a1d" relativeResultsDirectory="b5f9113e-6ea3-478d-ad43-2075d365029b" />
    <UnitTestResult executionId="4fb54425-9c3d-4cad-986b-fcad00e2e890" testId="a193c55f-7b3f-242c-e10c-350513dfe792" testName="AlarmsAndEventsOptionsDialogPlugin_ReturnsConfigurationReportPropertiesForEventRetentionWithoutEventTypeRetentions_WhenRetentiontionsAreOmitted" computerName="DKSR-EFI-04" duration="00:00:00.0152531" startTime="2023-12-22T09:34:10.1158102+01:00" endTime="2023-12-22T09:34:10.1314345+01:00" testType="13cdc9d9-ddb5-4fa4-a97d-d965ccfc6d4b" outcome="Passed" testListId="8c84fa94-04c1-424b-9868-57a2d4851a1d" relativeResultsDirectory="4fb54425-9c3d-4cad-986b-fcad00e2e890" />
    <UnitTestResult executionId="71032d20-5785-4399-b24f-b19855111610" testId="935a00fb-3f5c-6175-7370-1e2583f4110b" testName="AlarmsAndEventsViewModel_IsNotLoading_WhenTasksAreCompleteAndNotNull" computerName="DKSR-EFI-04" duration="00:00:00.0103897" startTime="2023-12-22T09:34:10.5064369+01:00" endTime="2023-12-22T09:34:10.5220895+01:00" testType="13cdc9d9-ddb5-4fa4-a97d-d965ccfc6d4b" outcome="Passed" testListId="8c84fa94-04c1-424b-9868-57a2d4851a1d" relativeResultsDirectory="71032d20-5785-4399-b24f-b19855111610" />
    <UnitTestResult executionId="8b365cae-a74e-44f7-bbc9-126537dbc415" testId="dcf5fc6e-e17c-a14f-5d0d-86d582eace3e" testName="EventTypeViewModel_HasIsReadOnlyEqualToFalse_WhenEventRetentionIsNotReadOnly" computerName="DKSR-EFI-04" duration="00:00:00.0022292" startTime="2023-12-22T09:34:10.2564363+01:00" endTime="2023-12-22T09:34:10.2564363+01:00" testType="13cdc9d9-ddb5-4fa4-a97d-d965ccfc6d4b" outcome="Passed" testListId="8c84fa94-04c1-424b-9868-57a2d4851a1d" relativeResultsDirectory="8b365cae-a74e-44f7-bbc9-126537dbc415" />
    <UnitTestResult executionId="cc959cf7-c3ac-4b41-95e8-aabd5b0acaf1" testId="d03df60d-4055-b510-1083-ca07e9b41fd4" testName="EventTypeViewModel_NotThrows_WhenRetentionDaysIsMinusOne" computerName="DKSR-EFI-04" duration="00:00:00.0041505" startTime="2023-12-22T09:34:10.2095625+01:00" endTime="2023-12-22T09:34:10.2095625+01:00" testType="13cdc9d9-ddb5-4fa4-a97d-d965ccfc6d4b" outcome="Passed" testListId="8c84fa94-04c1-424b-9868-57a2d4851a1d" relativeResultsDirectory="cc959cf7-c3ac-4b41-95e8-aabd5b0acaf1" />
    <UnitTestResult executionId="c19f6f71-3014-4c1c-933b-6cddceb9f3ca" testId="2fe2be31-3c08-e4c6-b886-7ac4cf088203" testName="AlarmsAndEventsViewModel_IsNotLoading_WhenTaskIsComplete" computerName="DKSR-EFI-04" duration="00:00:00.0085994" startTime="2023-12-22T09:34:10.4908117+01:00" endTime="2023-12-22T09:34:10.4908117+01:00" testType="13cdc9d9-ddb5-4fa4-a97d-d965ccfc6d4b" outcome="Passed" testListId="8c84fa94-04c1-424b-9868-57a2d4851a1d" relativeResultsDirectory="c19f6f71-3014-4c1c-933b-6cddceb9f3ca" />
    <UnitTestResult executionId="4a0e5143-2166-4c71-adc1-fef42cb50a40" testId="df4e9d73-0bd2-a35b-cdc3-f0dccae63719" testName="SoundSettingsUserControl_ThrowsUnauthorizedAccessException_WhenAddSoundWithoutWriteAccessGlobal" computerName="DKSR-EFI-04" duration="00:00:00.0318027" startTime="2023-12-22T09:34:06.3657898+01:00" endTime="2023-12-22T09:34:06.3970411+01:00" testType="13cdc9d9-ddb5-4fa4-a97d-d965ccfc6d4b" outcome="Passed" testListId="8c84fa94-04c1-424b-9868-57a2d4851a1d" relativeResultsDirectory="4a0e5143-2166-4c71-adc1-fef42cb50a40" />
    <UnitTestResult executionId="3c7c6400-ad7f-4eaf-ac34-b9e3cce1a9d6" testId="0b06c950-9cbd-d546-feef-d04c21762783" testName="AlarmsAndEventsOptionsDialogPlugin_ReturnsConfigurationReportPropertiesForLogSettingsContainingLogSettings_WhenGeneralSettingsIsNotNull" computerName="DKSR-EFI-04" duration="00:00:00.0039421" startTime="2023-12-22T09:34:09.9439340+01:00" endTime="2023-12-22T09:34:09.9439340+01:00" testType="13cdc9d9-ddb5-4fa4-a97d-d965ccfc6d4b" outcome="Passed" testListId="8c84fa94-04c1-424b-9868-57a2d4851a1d" relativeResultsDirectory="3c7c6400-ad7f-4eaf-ac34-b9e3cce1a9d6" />
    <UnitTestResult executionId="9eb97088-99a9-48ea-a6b6-47a1eed2be59" testId="4c19c481-c76f-a744-a3e1-cc63d83aba5a" testName="AlarmsAndEventsOptionsDialogPlugin_ReturnsTrueAndShowsNotAllowedDialog_WhenSaveChangesWithChangesButUserIsNotAllowedToEdit" computerName="DKSR-EFI-04" duration="00:00:00.0310514" startTime="2023-12-22T09:34:09.4439324+01:00" endTime="2023-12-22T09:34:09.4751823+01:00" testType="13cdc9d9-ddb5-4fa4-a97d-d965ccfc6d4b" outcome="Passed" testListId="8c84fa94-04c1-424b-9868-57a2d4851a1d" relativeResultsDirectory="9eb97088-99a9-48ea-a6b6-47a1eed2be59" />
    <UnitTestResult executionId="a3dbf6d4-a8b3-4c89-a661-cdc6959ccdfc" testId="b14ce6d0-1f73-ba39-2f59-f3f202956215" testName="AddedRemovedUpdatedHelper_ReturnsEmptyHashsets_WhenEmpty" computerName="DKSR-EFI-04" duration="00:00:00.0099846" startTime="2023-12-22T09:34:03.6939035+01:00" endTime="2023-12-22T09:34:03.7095273+01:00" testType="13cdc9d9-ddb5-4fa4-a97d-d965ccfc6d4b" outcome="Passed" testListId="8c84fa94-04c1-424b-9868-57a2d4851a1d" relativeResultsDirectory="a3dbf6d4-a8b3-4c89-a661-cdc6959ccdfc" />
    <UnitTestResult executionId="6603504f-b18f-459d-a114-d3cd86be8ae3" testId="e0f65d1e-a4b9-9f8a-9ef6-cfe7503432e8" testName="AlarmsAndEventsOptionsDialogPlugin_ReturnsConfigurationReportPropertiesWithoutReadOnlyOnes_WhenGetConfigurationReportPropertiesForEventRetention" computerName="DKSR-EFI-04" duration="00:00:00.0280755" startTime="2023-12-22T09:34:10.0845598+01:00" endTime="2023-12-22T09:34:10.1158102+01:00" testType="13cdc9d9-ddb5-4fa4-a97d-d965ccfc6d4b" outcome="Passed" testListId="8c84fa94-04c1-424b-9868-57a2d4851a1d" relativeResultsDirectory="6603504f-b18f-459d-a114-d3cd86be8ae3" />
    <UnitTestResult executionId="e670cadf-c1ad-4235-9fd8-7ee52d44cb3f" testId="fe42d2c4-78d4-3309-1b07-1eb4478b0e1c" testName="AlarmsAndEventsOptionsDialogPlugin_ReturnsConfigurationReportPropertiesForAlarmSettingsContainingAlarmSettings_WhenGeneralSettingsIsNotNull" computerName="DKSR-EFI-04" duration="00:00:00.1620430" startTime="2023-12-22T09:34:09.7720583+01:00" endTime="2023-12-22T09:34:09.9283090+01:00" testType="13cdc9d9-ddb5-4fa4-a97d-d965ccfc6d4b" outcome="Passed" testListId="8c84fa94-04c1-424b-9868-57a2d4851a1d" relativeResultsDirectory="e670cadf-c1ad-4235-9fd8-7ee52d44cb3f" />
    <UnitTestResult executionId="75dfd2a8-7d58-4d48-8d80-b74c20cb3dd5" testId="e1f788f9-e00a-b368-872f-871bacb380be" testName="AlarmsAndEventsViewModel_HasChanges_WhenResetRetentionValues" computerName="DKSR-EFI-04" duration="00:00:00.0211204" startTime="2023-12-22T09:34:10.6314374+01:00" endTime="2023-12-22T09:34:10.6626883+01:00" testType="13cdc9d9-ddb5-4fa4-a97d-d965ccfc6d4b" outcome="Passed" testListId="8c84fa94-04c1-424b-9868-57a2d4851a1d" relativeResultsDirectory="75dfd2a8-7d58-4d48-8d80-b74c20cb3dd5" />
    <UnitTestResult executionId="e8e8742f-47a0-410d-a9a9-9efd31c0ce4d" testId="03a79091-d479-ae57-5b69-8903b4b089b2" testName="EventGroupViewModel_ReturnsCurrentlySelectedRetention_WhenGetEventRetention" computerName="DKSR-EFI-04" duration="00:00:00.0053581" startTime="2023-12-22T09:34:10.4439360+01:00" endTime="2023-12-22T09:34:10.4595635+01:00" testType="13cdc9d9-ddb5-4fa4-a97d-d965ccfc6d4b" outcome="Passed" testListId="8c84fa94-04c1-424b-9868-57a2d4851a1d" relativeResultsDirectory="e8e8742f-47a0-410d-a9a9-9efd31c0ce4d" />
    <UnitTestResult executionId="f15061a3-79f0-4546-84a3-0b4f1e3915f2" testId="ccee0ea2-523b-2e9d-a505-1f43f91af32a" testName="EventGroupViewModel_NotHasChanges_WhenValueDidNotChange" computerName="DKSR-EFI-04" duration="00:00:00.0045946" startTime="2023-12-22T09:34:10.4283114+01:00" endTime="2023-12-22T09:34:10.4439360+01:00" testType="13cdc9d9-ddb5-4fa4-a97d-d965ccfc6d4b" outcome="Passed" testListId="8c84fa94-04c1-424b-9868-57a2d4851a1d" relativeResultsDirectory="f15061a3-79f0-4546-84a3-0b4f1e3915f2" />
    <UnitTestResult executionId="07289fb3-f805-4b9c-890e-820dbe496c42" testId="19873527-5803-b025-b607-d4e8b6deee72" testName="EventTypeViewModel_ThrowsArgumentNullException_WhenEventTypeIsNull" computerName="DKSR-EFI-04" duration="00:00:00.0042288" startTime="2023-12-22T09:34:10.1939365+01:00" endTime="2023-12-22T09:34:10.1939365+01:00" testType="13cdc9d9-ddb5-4fa4-a97d-d965ccfc6d4b" outcome="Passed" testListId="8c84fa94-04c1-424b-9868-57a2d4851a1d" relativeResultsDirectory="07289fb3-f805-4b9c-890e-820dbe496c42" />
    <UnitTestResult executionId="3fc674a1-a558-44c0-9d97-71999d5fc428" testId="a752b09a-2266-9a15-6a84-7c190e591728" testName="SoundSettingsItemManager_ReturnsTrue_WhenValidateAndSaveUserControlWithWriteAccessGlobal" computerName="DKSR-EFI-04" duration="00:00:00.0007851" startTime="2023-12-22T09:34:06.3657898+01:00" endTime="2023-12-22T09:34:06.3657898+01:00" testType="13cdc9d9-ddb5-4fa4-a97d-d965ccfc6d4b" outcome="Passed" testListId="8c84fa94-04c1-424b-9868-57a2d4851a1d" relativeResultsDirectory="3fc674a1-a558-44c0-9d97-71999d5fc428" />
    <UnitTestResult executionId="e87953c0-85fd-40d8-a592-1128f4ef4af2" testId="f97d43c0-ac2d-4b2d-27e7-c1f3e48e6fe4" testName="EventGroupViewModel_ThrowsArgumentNullException_WhenEventTypeGroupIsNull" computerName="DKSR-EFI-04" duration="00:00:00.0051049" startTime="2023-12-22T09:34:10.2720604+01:00" endTime="2023-12-22T09:34:10.2720604+01:00" testType="13cdc9d9-ddb5-4fa4-a97d-d965ccfc6d4b" outcome="Passed" testListId="8c84fa94-04c1-424b-9868-57a2d4851a1d" relativeResultsDirectory="e87953c0-85fd-40d8-a592-1128f4ef4af2" />
    <UnitTestResult executionId="43b16a13-b3b8-4818-87d1-7c335dedc744" testId="dfff9ea8-9865-aebe-88b8-a63133983d30" testName="EventTypeOrderExtensions_OrdersEventTypesUsingNaturalSorting_WhenNaturalSortOrder" computerName="DKSR-EFI-04" duration="00:00:00.0053100" startTime="2023-12-22T09:34:10.1783106+01:00" endTime="2023-12-22T09:34:10.1939365+01:00" testType="13cdc9d9-ddb5-4fa4-a97d-d965ccfc6d4b" outcome="Passed" testListId="8c84fa94-04c1-424b-9868-57a2d4851a1d" relativeResultsDirectory="43b16a13-b3b8-4818-87d1-7c335dedc744" />
    <UnitTestResult executionId="5f120a6c-f680-4b29-b1ed-1e65c24d3a77" testId="ef11c8f2-d99c-1df9-268d-43a49b9ae3ca" testName="SoundSettingsItemManager_ThrowsUnauthorizedAccessException_WhenValidateAndSaveUserControlWithoutWriteAccessGlobal" computerName="DKSR-EFI-04" duration="00:00:00.0027255" startTime="2023-12-22T09:34:06.3657898+01:00" endTime="2023-12-22T09:34:06.3657898+01:00" testType="13cdc9d9-ddb5-4fa4-a97d-d965ccfc6d4b" outcome="Passed" testListId="8c84fa94-04c1-424b-9868-57a2d4851a1d" relativeResultsDirectory="5f120a6c-f680-4b29-b1ed-1e65c24d3a77" />
    <UnitTestResult executionId="1840a9b0-930f-4426-8f22-19ecbff24b78" testId="529f6781-dc80-8b31-9185-07fefabf4137" testName="AlarmDefItemUserControl_ThrowsUnauthorizedAccessException_WhenValidateContentWithoutWriteAccessGlobal" computerName="DKSR-EFI-04" duration="00:00:00.1985182" startTime="2023-12-22T09:34:06.1157905+01:00" endTime="2023-12-22T09:34:06.3189151+01:00" testType="13cdc9d9-ddb5-4fa4-a97d-d965ccfc6d4b" outcome="Passed" testListId="8c84fa94-04c1-424b-9868-57a2d4851a1d" relativeResultsDirectory="1840a9b0-930f-4426-8f22-19ecbff24b78" />
    <UnitTestResult executionId="59307fc0-666d-447b-a15d-82b5d6f7157c" testId="f41035db-5cf4-c360-4eac-4f5f4650f728" testName="EventGroupViewModel_ThrowsArgumentOutOfRangeException_WhenRetentionIsNegative" computerName="DKSR-EFI-04" duration="00:00:00.0036265" startTime="2023-12-22T09:34:10.2720604+01:00" endTime="2023-12-22T09:34:10.2876859+01:00" testType="13cdc9d9-ddb5-4fa4-a97d-d965ccfc6d4b" outcome="Passed" testListId="8c84fa94-04c1-424b-9868-57a2d4851a1d" relativeResultsDirectory="59307fc0-666d-447b-a15d-82b5d6f7157c" />
    <UnitTestResult executionId="06e200ad-ce3f-4ec6-b8c5-3bb083c5b9b3" testId="e1ac22a7-79ea-687e-b52c-4f6d47251fae" testName="AddedRemovedUpdatedHelper_ReturnsRemoved_WhenNotInClient" computerName="DKSR-EFI-04" duration="00:00:00.0004093" startTime="2023-12-22T09:34:03.7251524+01:00" endTime="2023-12-22T09:34:03.7251524+01:00" testType="13cdc9d9-ddb5-4fa4-a97d-d965ccfc6d4b" outcome="Passed" testListId="8c84fa94-04c1-424b-9868-57a2d4851a1d" relativeResultsDirectory="06e200ad-ce3f-4ec6-b8c5-3bb083c5b9b3" />
    <UnitTestResult executionId="39775aa8-26b1-474d-9fe3-0c05382291c3" testId="f53a846c-5679-f9ef-6f09-24bfbbe7fe91" testName="AlarmsAndEventsOptionsDialogPlugin_ReturnsNullConfigurationReportPropertiesForLogSetting_WhenGeneralSettingsIsNull" computerName="DKSR-EFI-04" duration="00:00:00.0021843" startTime="2023-12-22T09:34:09.9283090+01:00" endTime="2023-12-22T09:34:09.9283090+01:00" testType="13cdc9d9-ddb5-4fa4-a97d-d965ccfc6d4b" outcome="Passed" testListId="8c84fa94-04c1-424b-9868-57a2d4851a1d" relativeResultsDirectory="39775aa8-26b1-474d-9fe3-0c05382291c3" />
    <UnitTestResult executionId="8e056430-6c0a-451b-bc53-ef4036a4c01d" testId="6e1ea880-19b7-dce0-bcfe-901243108ade" testName="EventTypeOrderExtensions_OrdersEventTypeGroupsInPredefinedOrderForBuiltInGroups_WhenPredefinedSortOrder" computerName="DKSR-EFI-04" duration="00:00:00.0040619" startTime="2023-12-22T09:34:10.1626854+01:00" endTime="2023-12-22T09:34:10.1626854+01:00" testType="13cdc9d9-ddb5-4fa4-a97d-d965ccfc6d4b" outcome="Passed" testListId="8c84fa94-04c1-424b-9868-57a2d4851a1d" relativeResultsDirectory="8e056430-6c0a-451b-bc53-ef4036a4c01d" />
    <UnitTestResult executionId="b747de58-fac4-4ea6-944d-032246c0c0d8" testId="5269931c-1ae1-b446-9c42-618e052d2d03" testName="AlarmsAndEventsOptionsDialogPlugin_ReturnsNullConfigurationReportPropertiesForEventRetention_WhenEventGroupsAreNull" computerName="DKSR-EFI-04" duration="00:00:00.0117701" startTime="2023-12-22T09:34:09.9439340+01:00" endTime="2023-12-22T09:34:09.9595583+01:00" testType="13cdc9d9-ddb5-4fa4-a97d-d965ccfc6d4b" outcome="Passed" testListId="8c84fa94-04c1-424b-9868-57a2d4851a1d" relativeResultsDirectory="b747de58-fac4-4ea6-944d-032246c0c0d8" />
  </Results>
  <TestDefinitions>
    <UnitTest name="AlarmsAndEventsViewModel_IsNotLoading_WhenTasksAreCompleteAndNotNull" storage="d:\actions-runner\_work\xpco\xpco\eventserver\alarmplugin\components\central\videoos.eventserver.alarmplugin.admin.unittest\bin\debug\videoos.eventserver.alarmplugin.admin.unittest.dll" id="935a00fb-3f5c-6175-7370-1e2583f4110b">
      <Execution id="71032d20-5785-4399-b24f-b19855111610" />
      <TestMethod codeBase="D:\actions-runner\_work\XPCO\XPCO\EventServer\AlarmPlugin\Components\Central\VideoOS.EventServer.AlarmPlugin.Admin.UnitTest\bin\Debug\VideoOS.EventServer.AlarmPlugin.Admin.UnitTest.dll" adapterTypeName="executor://mstestadapter/v2" className="VideoOS.EventServer.AlarmPlugin.Admin.UnitTest.Admin.Options.AlarmsAndEventsViewModelTest" name="AlarmsAndEventsViewModel_IsNotLoading_WhenTasksAreCompleteAndNotNull" />
    </UnitTest>
    <UnitTest name="EventGroupViewModel_NotThrowsException_WhenEventRetentionsAreNull" storage="d:\actions-runner\_work\xpco\xpco\eventserver\alarmplugin\components\central\videoos.eventserver.alarmplugin.admin.unittest\bin\debug\videoos.eventserver.alarmplugin.admin.unittest.dll" id="226901fa-85eb-1ee1-766b-f8c234130f81">
      <Execution id="76fda121-239e-4481-93ec-907591630c7a" />
      <TestMethod codeBase="D:\actions-runner\_work\XPCO\XPCO\EventServer\AlarmPlugin\Components\Central\VideoOS.EventServer.AlarmPlugin.Admin.UnitTest\bin\Debug\VideoOS.EventServer.AlarmPlugin.Admin.UnitTest.dll" adapterTypeName="executor://mstestadapter/v2" className="VideoOS.EventServer.AlarmPlugin.Admin.UnitTest.Admin.Options.EventGroupViewModelTests" name="EventGroupViewModel_NotThrowsException_WhenEventRetentionsAreNull" />
    </UnitTest>
    <UnitTest name="AlarmDefItemUserControl_ThrowsUnauthorizedAccessException_WhenValidateContentWithoutWriteAccessGlobal" storage="d:\actions-runner\_work\xpco\xpco\eventserver\alarmplugin\components\central\videoos.eventserver.alarmplugin.admin.unittest\bin\debug\videoos.eventserver.alarmplugin.admin.unittest.dll" id="529f6781-dc80-8b31-9185-07fefabf4137">
      <Execution id="1840a9b0-930f-4426-8f22-19ecbff24b78" />
      <TestMethod codeBase="D:\actions-runner\_work\XPCO\XPCO\EventServer\AlarmPlugin\Components\Central\VideoOS.EventServer.AlarmPlugin.Admin.UnitTest\bin\Debug\VideoOS.EventServer.AlarmPlugin.Admin.UnitTest.dll" adapterTypeName="executor://mstestadapter/v2" className="VideoOS.EventServer.AlarmPlugin.Admin.UnitTest.Admin.AlarmDefItemUserControlTests" name="AlarmDefItemUserControl_ThrowsUnauthorizedAccessException_WhenValidateContentWithoutWriteAccessGlobal" />
    </UnitTest>
    <UnitTest name="AlarmsAndEventsOptionsDialogPlugin_ReturnsConfigurationReportPropertiesForAlarmSettingsContainingAlarmSettings_WhenGeneralSettingsIsNotNull" storage="d:\actions-runner\_work\xpco\xpco\eventserver\alarmplugin\components\central\videoos.eventserver.alarmplugin.admin.unittest\bin\debug\videoos.eventserver.alarmplugin.admin.unittest.dll" id="fe42d2c4-78d4-3309-1b07-1eb4478b0e1c">
      <Execution id="e670cadf-c1ad-4235-9fd8-7ee52d44cb3f" />
      <TestMethod codeBase="D:\actions-runner\_work\XPCO\XPCO\EventServer\AlarmPlugin\Components\Central\VideoOS.EventServer.AlarmPlugin.Admin.UnitTest\bin\Debug\VideoOS.EventServer.AlarmPlugin.Admin.UnitTest.dll" adapterTypeName="executor://mstestadapter/v2" className="VideoOS.EventServer.AlarmPlugin.Admin.UnitTest.Admin.Options.AlarmsAndEventsOptionsDialogPluginTests" name="AlarmsAndEventsOptionsDialogPlugin_ReturnsConfigurationReportPropertiesForAlarmSettingsContainingAlarmSettings_WhenGeneralSettingsIsNotNull" />
    </UnitTest>
    <UnitTest name="AlarmsAndEventsViewModel_IsNotLoading_WhenTaskIsComplete" storage="d:\actions-runner\_work\xpco\xpco\eventserver\alarmplugin\components\central\videoos.eventserver.alarmplugin.admin.unittest\bin\debug\videoos.eventserver.alarmplugin.admin.unittest.dll" id="2fe2be31-3c08-e4c6-b886-7ac4cf088203">
      <Execution id="c19f6f71-3014-4c1c-933b-6cddceb9f3ca" />
      <TestMethod codeBase="D:\actions-runner\_work\XPCO\XPCO\EventServer\AlarmPlugin\Components\Central\VideoOS.EventServer.AlarmPlugin.Admin.UnitTest\bin\Debug\VideoOS.EventServer.AlarmPlugin.Admin.UnitTest.dll" adapterTypeName="executor://mstestadapter/v2" className="VideoOS.EventServer.AlarmPlugin.Admin.UnitTest.Admin.Options.AlarmsAndEventsViewModelTest" name="AlarmsAndEventsViewModel_IsNotLoading_WhenTaskIsComplete" />
    </UnitTest>
    <UnitTest name="AlarmsAndEventsOptionsDialogPlugin_ReturnsNull_WhenGetConfigurationReportPropertiesForAlarmSettingsAndGeneralSettingsIsNull" storage="d:\actions-runner\_work\xpco\xpco\eventserver\alarmplugin\components\central\videoos.eventserver.alarmplugin.admin.unittest\bin\debug\videoos.eventserver.alarmplugin.admin.unittest.dll" id="8f54cfcc-6bab-bc3e-0c3c-a79b783a3304">
      <Execution id="6a4b7274-ad52-4d58-8c0f-eb799c323762" />
      <TestMethod codeBase="D:\actions-runner\_work\XPCO\XPCO\EventServer\AlarmPlugin\Components\Central\VideoOS.EventServer.AlarmPlugin.Admin.UnitTest\bin\Debug\VideoOS.EventServer.AlarmPlugin.Admin.UnitTest.dll" adapterTypeName="executor://mstestadapter/v2" className="VideoOS.EventServer.AlarmPlugin.Admin.UnitTest.Admin.Options.AlarmsAndEventsOptionsDialogPluginTests" name="AlarmsAndEventsOptionsDialogPlugin_ReturnsNull_WhenGetConfigurationReportPropertiesForAlarmSettingsAndGeneralSettingsIsNull" />
    </UnitTest>
    <UnitTest name="AlarmsAndEventsOptionsDialogPlugin_ReturnsNullConfigurationReportPropertiesForEventRetention_WhenEventGroupsAreNull" storage="d:\actions-runner\_work\xpco\xpco\eventserver\alarmplugin\components\central\videoos.eventserver.alarmplugin.admin.unittest\bin\debug\videoos.eventserver.alarmplugin.admin.unittest.dll" id="5269931c-1ae1-b446-9c42-618e052d2d03">
      <Execution id="b747de58-fac4-4ea6-944d-032246c0c0d8" />
      <TestMethod codeBase="D:\actions-runner\_work\XPCO\XPCO\EventServer\AlarmPlugin\Components\Central\VideoOS.EventServer.AlarmPlugin.Admin.UnitTest\bin\Debug\VideoOS.EventServer.AlarmPlugin.Admin.UnitTest.dll" adapterTypeName="executor://mstestadapter/v2" className="VideoOS.EventServer.AlarmPlugin.Admin.UnitTest.Admin.Options.AlarmsAndEventsOptionsDialogPluginTests" name="AlarmsAndEventsOptionsDialogPlugin_ReturnsNullConfigurationReportPropertiesForEventRetention_WhenEventGroupsAreNull" />
    </UnitTest>
    <UnitTest name="EventGroupViewModel_ThrowsArgumentNullException_WhenEventTypeGroupIsNull" storage="d:\actions-runner\_work\xpco\xpco\eventserver\alarmplugin\components\central\videoos.eventserver.alarmplugin.admin.unittest\bin\debug\videoos.eventserver.alarmplugin.admin.unittest.dll" id="f97d43c0-ac2d-4b2d-27e7-c1f3e48e6fe4">
      <Execution id="e87953c0-85fd-40d8-a592-1128f4ef4af2" />
      <TestMethod codeBase="D:\actions-runner\_work\XPCO\XPCO\EventServer\AlarmPlugin\Components\Central\VideoOS.EventServer.AlarmPlugin.Admin.UnitTest\bin\Debug\VideoOS.EventServer.AlarmPlugin.Admin.UnitTest.dll" adapterTypeName="executor://mstestadapter/v2" className="VideoOS.EventServer.AlarmPlugin.Admin.UnitTest.Admin.Options.EventGroupViewModelTests" name="EventGroupViewModel_ThrowsArgumentNullException_WhenEventTypeGroupIsNull" />
    </UnitTest>
    <UnitTest name="EventTypeViewModel_HasChangesEqualToFalse_WhenByDefault" storage="d:\actions-runner\_work\xpco\xpco\eventserver\alarmplugin\components\central\videoos.eventserver.alarmplugin.admin.unittest\bin\debug\videoos.eventserver.alarmplugin.admin.unittest.dll" id="69dc3628-a1cf-8c61-6a77-b1641f2b1a27">
      <Execution id="d4bae36e-0c31-4adf-953b-68de4d78ab43" />
      <TestMethod codeBase="D:\actions-runner\_work\XPCO\XPCO\EventServer\AlarmPlugin\Components\Central\VideoOS.EventServer.AlarmPlugin.Admin.UnitTest\bin\Debug\VideoOS.EventServer.AlarmPlugin.Admin.UnitTest.dll" adapterTypeName="executor://mstestadapter/v2" className="VideoOS.EventServer.AlarmPlugin.Admin.UnitTest.Admin.Options.EventTypeViewModelTests" name="EventTypeViewModel_HasChangesEqualToFalse_WhenByDefault" />
    </UnitTest>
    <UnitTest name="EventTypeViewModel_HasIsReadOnlyEqualToFalse_WhenEventRetentionIsNull" storage="d:\actions-runner\_work\xpco\xpco\eventserver\alarmplugin\components\central\videoos.eventserver.alarmplugin.admin.unittest\bin\debug\videoos.eventserver.alarmplugin.admin.unittest.dll" id="451aa4f5-77c8-8ca9-c6d5-b596c901fab3">
      <Execution id="7fd097b1-fd7b-42be-8f72-ac7c64ded6f8" />
      <TestMethod codeBase="D:\actions-runner\_work\XPCO\XPCO\EventServer\AlarmPlugin\Components\Central\VideoOS.EventServer.AlarmPlugin.Admin.UnitTest\bin\Debug\VideoOS.EventServer.AlarmPlugin.Admin.UnitTest.dll" adapterTypeName="executor://mstestadapter/v2" className="VideoOS.EventServer.AlarmPlugin.Admin.UnitTest.Admin.Options.EventTypeViewModelTests" name="EventTypeViewModel_HasIsReadOnlyEqualToFalse_WhenEventRetentionIsNull" />
    </UnitTest>
    <UnitTest name="AlarmsAndEventsOptionsDialogPlugin_ReturnsFalse_WhenSaveChangesAndSetGeneralSettingsCallFails" storage="d:\actions-runner\_work\xpco\xpco\eventserver\alarmplugin\components\central\videoos.eventserver.alarmplugin.admin.unittest\bin\debug\videoos.eventserver.alarmplugin.admin.unittest.dll" id="9dc15ba8-3da1-ef4e-0465-53503e1bcd31">
      <Execution id="3a667040-2b46-4920-8e33-5c6e6f46f3b8" />
      <TestMethod codeBase="D:\actions-runner\_work\XPCO\XPCO\EventServer\AlarmPlugin\Components\Central\VideoOS.EventServer.AlarmPlugin.Admin.UnitTest\bin\Debug\VideoOS.EventServer.AlarmPlugin.Admin.UnitTest.dll" adapterTypeName="executor://mstestadapter/v2" className="VideoOS.EventServer.AlarmPlugin.Admin.UnitTest.Admin.Options.AlarmsAndEventsOptionsDialogPluginTests" name="AlarmsAndEventsOptionsDialogPlugin_ReturnsFalse_WhenSaveChangesAndSetGeneralSettingsCallFails" />
    </UnitTest>
    <UnitTest name="EventTypeViewModel_HasIsReadOnlyEqualToTrue_WhenEventRetentionIsReadOnly" storage="d:\actions-runner\_work\xpco\xpco\eventserver\alarmplugin\components\central\videoos.eventserver.alarmplugin.admin.unittest\bin\debug\videoos.eventserver.alarmplugin.admin.unittest.dll" id="85b0ad5f-b0e8-2ae3-a5c8-e0e7f1a8ff9f">
      <Execution id="e0dfdcaf-c4eb-4ac4-8d33-c83025ac8907" />
      <TestMethod codeBase="D:\actions-runner\_work\XPCO\XPCO\EventServer\AlarmPlugin\Components\Central\VideoOS.EventServer.AlarmPlugin.Admin.UnitTest\bin\Debug\VideoOS.EventServer.AlarmPlugin.Admin.UnitTest.dll" adapterTypeName="executor://mstestadapter/v2" className="VideoOS.EventServer.AlarmPlugin.Admin.UnitTest.Admin.Options.EventTypeViewModelTests" name="EventTypeViewModel_HasIsReadOnlyEqualToTrue_WhenEventRetentionIsReadOnly" />
    </UnitTest>
    <UnitTest name="AlarmsAndEventsOptionsDialogPlugin_ReturnsTrueAndShowsNotAllowedDialog_WhenSaveChangesWithChangesButUserIsNotAllowedToEdit" storage="d:\actions-runner\_work\xpco\xpco\eventserver\alarmplugin\components\central\videoos.eventserver.alarmplugin.admin.unittest\bin\debug\videoos.eventserver.alarmplugin.admin.unittest.dll" id="4c19c481-c76f-a744-a3e1-cc63d83aba5a">
      <Execution id="9eb97088-99a9-48ea-a6b6-47a1eed2be59" />
      <TestMethod codeBase="D:\actions-runner\_work\XPCO\XPCO\EventServer\AlarmPlugin\Components\Central\VideoOS.EventServer.AlarmPlugin.Admin.UnitTest\bin\Debug\VideoOS.EventServer.AlarmPlugin.Admin.UnitTest.dll" adapterTypeName="executor://mstestadapter/v2" className="VideoOS.EventServer.AlarmPlugin.Admin.UnitTest.Admin.Options.AlarmsAndEventsOptionsDialogPluginTests" name="AlarmsAndEventsOptionsDialogPlugin_ReturnsTrueAndShowsNotAllowedDialog_WhenSaveChangesWithChangesButUserIsNotAllowedToEdit" />
    </UnitTest>
    <UnitTest name="EventTypeViewModel_HasChangesEqualToTrue_WhenNewValueIsSet" storage="d:\actions-runner\_work\xpco\xpco\eventserver\alarmplugin\components\central\videoos.eventserver.alarmplugin.admin.unittest\bin\debug\videoos.eventserver.alarmplugin.admin.unittest.dll" id="1bb89f6f-9fbe-04dd-9547-dbd39b825925">
      <Execution id="c377b127-d9de-46f9-946c-21f90743f37c" />
      <TestMethod codeBase="D:\actions-runner\_work\XPCO\XPCO\EventServer\AlarmPlugin\Components\Central\VideoOS.EventServer.AlarmPlugin.Admin.UnitTest\bin\Debug\VideoOS.EventServer.AlarmPlugin.Admin.UnitTest.dll" adapterTypeName="executor://mstestadapter/v2" className="VideoOS.EventServer.AlarmPlugin.Admin.UnitTest.Admin.Options.EventTypeViewModelTests" name="EventTypeViewModel_HasChangesEqualToTrue_WhenNewValueIsSet" />
    </UnitTest>
    <UnitTest name="AlarmsAndEventsOptionsDialogPlugin_ReturnsNullConfigurationReportPropertiesForLogSetting_WhenGeneralSettingsIsNull" storage="d:\actions-runner\_work\xpco\xpco\eventserver\alarmplugin\components\central\videoos.eventserver.alarmplugin.admin.unittest\bin\debug\videoos.eventserver.alarmplugin.admin.unittest.dll" id="f53a846c-5679-f9ef-6f09-24bfbbe7fe91">
      <Execution id="39775aa8-26b1-474d-9fe3-0c05382291c3" />
      <TestMethod codeBase="D:\actions-runner\_work\XPCO\XPCO\EventServer\AlarmPlugin\Components\Central\VideoOS.EventServer.AlarmPlugin.Admin.UnitTest\bin\Debug\VideoOS.EventServer.AlarmPlugin.Admin.UnitTest.dll" adapterTypeName="executor://mstestadapter/v2" className="VideoOS.EventServer.AlarmPlugin.Admin.UnitTest.Admin.Options.AlarmsAndEventsOptionsDialogPluginTests" name="AlarmsAndEventsOptionsDialogPlugin_ReturnsNullConfigurationReportPropertiesForLogSetting_WhenGeneralSettingsIsNull" />
    </UnitTest>
    <UnitTest name="AlarmsAndEventsOptionsDialogPlugin_ReturnFalse_WhenSaveChangesAndEventRetentionsCallFails" storage="d:\actions-runner\_work\xpco\xpco\eventserver\alarmplugin\components\central\videoos.eventserver.alarmplugin.admin.unittest\bin\debug\videoos.eventserver.alarmplugin.admin.unittest.dll" id="742cc462-cb47-f8ec-767d-aee58dd90155">
      <Execution id="becd679a-ca41-4d68-b404-aff3e70336be" />
      <TestMethod codeBase="D:\actions-runner\_work\XPCO\XPCO\EventServer\AlarmPlugin\Components\Central\VideoOS.EventServer.AlarmPlugin.Admin.UnitTest\bin\Debug\VideoOS.EventServer.AlarmPlugin.Admin.UnitTest.dll" adapterTypeName="executor://mstestadapter/v2" className="VideoOS.EventServer.AlarmPlugin.Admin.UnitTest.Admin.Options.AlarmsAndEventsOptionsDialogPluginTests" name="AlarmsAndEventsOptionsDialogPlugin_ReturnFalse_WhenSaveChangesAndEventRetentionsCallFails" />
    </UnitTest>
    <UnitTest name="EventTypeViewModel_NotThrows_WhenRetentionDaysIsMinusOne" storage="d:\actions-runner\_work\xpco\xpco\eventserver\alarmplugin\components\central\videoos.eventserver.alarmplugin.admin.unittest\bin\debug\videoos.eventserver.alarmplugin.admin.unittest.dll" id="d03df60d-4055-b510-1083-ca07e9b41fd4">
      <Execution id="cc959cf7-c3ac-4b41-95e8-aabd5b0acaf1" />
      <TestMethod codeBase="D:\actions-runner\_work\XPCO\XPCO\EventServer\AlarmPlugin\Components\Central\VideoOS.EventServer.AlarmPlugin.Admin.UnitTest\bin\Debug\VideoOS.EventServer.AlarmPlugin.Admin.UnitTest.dll" adapterTypeName="executor://mstestadapter/v2" className="VideoOS.EventServer.AlarmPlugin.Admin.UnitTest.Admin.Options.EventTypeViewModelTests" name="EventTypeViewModel_NotThrows_WhenRetentionDaysIsMinusOne" />
    </UnitTest>
    <UnitTest name="SoundSettingsUserControl_ThrowsUnauthorizedAccessException_WhenAddSoundWithoutWriteAccessGlobal" storage="d:\actions-runner\_work\xpco\xpco\eventserver\alarmplugin\components\central\videoos.eventserver.alarmplugin.admin.unittest\bin\debug\videoos.eventserver.alarmplugin.admin.unittest.dll" id="df4e9d73-0bd2-a35b-cdc3-f0dccae63719">
      <Execution id="4a0e5143-2166-4c71-adc1-fef42cb50a40" />
      <TestMethod codeBase="D:\actions-runner\_work\XPCO\XPCO\EventServer\AlarmPlugin\Components\Central\VideoOS.EventServer.AlarmPlugin.Admin.UnitTest\bin\Debug\VideoOS.EventServer.AlarmPlugin.Admin.UnitTest.dll" adapterTypeName="executor://mstestadapter/v2" className="VideoOS.EventServer.AlarmPlugin.Admin.UnitTest.Admin.SoundSettingsUserControlTests" name="SoundSettingsUserControl_ThrowsUnauthorizedAccessException_WhenAddSoundWithoutWriteAccessGlobal" />
    </UnitTest>
    <UnitTest name="EventGroupViewModel_ThrowsArgumentOutOfRangeException_WhenRetentionIsNegative" storage="d:\actions-runner\_work\xpco\xpco\eventserver\alarmplugin\components\central\videoos.eventserver.alarmplugin.admin.unittest\bin\debug\videoos.eventserver.alarmplugin.admin.unittest.dll" id="f41035db-5cf4-c360-4eac-4f5f4650f728">
      <Execution id="59307fc0-666d-447b-a15d-82b5d6f7157c" />
      <TestMethod codeBase="D:\actions-runner\_work\XPCO\XPCO\EventServer\AlarmPlugin\Components\Central\VideoOS.EventServer.AlarmPlugin.Admin.UnitTest\bin\Debug\VideoOS.EventServer.AlarmPlugin.Admin.UnitTest.dll" adapterTypeName="executor://mstestadapter/v2" className="VideoOS.EventServer.AlarmPlugin.Admin.UnitTest.Admin.Options.EventGroupViewModelTests" name="EventGroupViewModel_ThrowsArgumentOutOfRangeException_WhenRetentionIsNegative" />
    </UnitTest>
    <UnitTest name="EventTypeViewModel_ThrowsArgumentOutOfRangeException_WhenRetentionDaysIsLessThanMinusOne" storage="d:\actions-runner\_work\xpco\xpco\eventserver\alarmplugin\components\central\videoos.eventserver.alarmplugin.admin.unittest\bin\debug\videoos.eventserver.alarmplugin.admin.unittest.dll" id="4af2bc29-2734-ef6c-5497-594f8a1a81b6">
      <Execution id="ed55f7b6-3fbc-48ac-9727-dfa0916c5b79" />
      <TestMethod codeBase="D:\actions-runner\_work\XPCO\XPCO\EventServer\AlarmPlugin\Components\Central\VideoOS.EventServer.AlarmPlugin.Admin.UnitTest\bin\Debug\VideoOS.EventServer.AlarmPlugin.Admin.UnitTest.dll" adapterTypeName="executor://mstestadapter/v2" className="VideoOS.EventServer.AlarmPlugin.Admin.UnitTest.Admin.Options.EventTypeViewModelTests" name="EventTypeViewModel_ThrowsArgumentOutOfRangeException_WhenRetentionDaysIsLessThanMinusOne" />
    </UnitTest>
    <UnitTest name="EventTypeViewModel_RestrictsValueToShortMaxValue_WhenLargerNumberHasBeenEntered" storage="d:\actions-runner\_work\xpco\xpco\eventserver\alarmplugin\components\central\videoos.eventserver.alarmplugin.admin.unittest\bin\debug\videoos.eventserver.alarmplugin.admin.unittest.dll" id="938bfaa8-11dd-c0db-13fc-c9c61c9e6221">
      <Execution id="b332601e-e406-4c8c-b332-4fcdca4985b9" />
      <TestMethod codeBase="D:\actions-runner\_work\XPCO\XPCO\EventServer\AlarmPlugin\Components\Central\VideoOS.EventServer.AlarmPlugin.Admin.UnitTest\bin\Debug\VideoOS.EventServer.AlarmPlugin.Admin.UnitTest.dll" adapterTypeName="executor://mstestadapter/v2" className="VideoOS.EventServer.AlarmPlugin.Admin.UnitTest.Admin.Options.EventTypeViewModelTests" name="EventTypeViewModel_RestrictsValueToShortMaxValue_WhenLargerNumberHasBeenEntered" />
    </UnitTest>
    <UnitTest name="EventGroupViewModel_NotHasChanges_WhenValueDidNotChange" storage="d:\actions-runner\_work\xpco\xpco\eventserver\alarmplugin\components\central\videoos.eventserver.alarmplugin.admin.unittest\bin\debug\videoos.eventserver.alarmplugin.admin.unittest.dll" id="ccee0ea2-523b-2e9d-a505-1f43f91af32a">
      <Execution id="f15061a3-79f0-4546-84a3-0b4f1e3915f2" />
      <TestMethod codeBase="D:\actions-runner\_work\XPCO\XPCO\EventServer\AlarmPlugin\Components\Central\VideoOS.EventServer.AlarmPlugin.Admin.UnitTest\bin\Debug\VideoOS.EventServer.AlarmPlugin.Admin.UnitTest.dll" adapterTypeName="executor://mstestadapter/v2" className="VideoOS.EventServer.AlarmPlugin.Admin.UnitTest.Admin.Options.EventGroupViewModelTests" name="EventGroupViewModel_NotHasChanges_WhenValueDidNotChange" />
    </UnitTest>
    <UnitTest name="EventTypeOrderExtensions_OrdersEventTypeGroupsInPredefinedOrderForBuiltInGroups_WhenPredefinedSortOrder" storage="d:\actions-runner\_work\xpco\xpco\eventserver\alarmplugin\components\central\videoos.eventserver.alarmplugin.admin.unittest\bin\debug\videoos.eventserver.alarmplugin.admin.unittest.dll" id="6e1ea880-19b7-dce0-bcfe-901243108ade">
      <Execution id="8e056430-6c0a-451b-bc53-ef4036a4c01d" />
      <TestMethod codeBase="D:\actions-runner\_work\XPCO\XPCO\EventServer\AlarmPlugin\Components\Central\VideoOS.EventServer.AlarmPlugin.Admin.UnitTest\bin\Debug\VideoOS.EventServer.AlarmPlugin.Admin.UnitTest.dll" adapterTypeName="executor://mstestadapter/v2" className="VideoOS.EventServer.AlarmPlugin.Admin.UnitTest.Admin.Options.EventTypeOrderExtensionsTests" name="EventTypeOrderExtensions_OrdersEventTypeGroupsInPredefinedOrderForBuiltInGroups_WhenPredefinedSortOrder" />
    </UnitTest>
    <UnitTest name="SoundSettingsItemManager_ThrowsUnauthorizedAccessException_WhenValidateAndSaveUserControlWithoutWriteAccessGlobal" storage="d:\actions-runner\_work\xpco\xpco\eventserver\alarmplugin\components\central\videoos.eventserver.alarmplugin.admin.unittest\bin\debug\videoos.eventserver.alarmplugin.admin.unittest.dll" id="ef11c8f2-d99c-1df9-268d-43a49b9ae3ca">
      <Execution id="5f120a6c-f680-4b29-b1ed-1e65c24d3a77" />
      <TestMethod codeBase="D:\actions-runner\_work\XPCO\XPCO\EventServer\AlarmPlugin\Components\Central\VideoOS.EventServer.AlarmPlugin.Admin.UnitTest\bin\Debug\VideoOS.EventServer.AlarmPlugin.Admin.UnitTest.dll" adapterTypeName="executor://mstestadapter/v2" className="VideoOS.EventServer.AlarmPlugin.Admin.UnitTest.Admin.SoundSettingsItemManagerTests" name="SoundSettingsItemManager_ThrowsUnauthorizedAccessException_WhenValidateAndSaveUserControlWithoutWriteAccessGlobal" />
    </UnitTest>
    <UnitTest name="EventGroupViewModel_HasChanges_WhenValueHasBeenChanged" storage="d:\actions-runner\_work\xpco\xpco\eventserver\alarmplugin\components\central\videoos.eventserver.alarmplugin.admin.unittest\bin\debug\videoos.eventserver.alarmplugin.admin.unittest.dll" id="02095ee7-85de-163c-11dc-a32453653cc4">
      <Execution id="89252050-927b-444e-b33a-62a1114d6cc4" />
      <TestMethod codeBase="D:\actions-runner\_work\XPCO\XPCO\EventServer\AlarmPlugin\Components\Central\VideoOS.EventServer.AlarmPlugin.Admin.UnitTest\bin\Debug\VideoOS.EventServer.AlarmPlugin.Admin.UnitTest.dll" adapterTypeName="executor://mstestadapter/v2" className="VideoOS.EventServer.AlarmPlugin.Admin.UnitTest.Admin.Options.EventGroupViewModelTests" name="EventGroupViewModel_HasChanges_WhenValueHasBeenChanged" />
    </UnitTest>
    <UnitTest name="EventGroupViewModel_ThrowsArgumentNullException_WhenRetentionValuesAreNull" storage="d:\actions-runner\_work\xpco\xpco\eventserver\alarmplugin\components\central\videoos.eventserver.alarmplugin.admin.unittest\bin\debug\videoos.eventserver.alarmplugin.admin.unittest.dll" id="39209d7a-cc5e-94a3-c44e-2932ac004089">
      <Execution id="56667b96-ee58-4ad0-8ae0-aff391d1cf7a" />
      <TestMethod codeBase="D:\actions-runner\_work\XPCO\XPCO\EventServer\AlarmPlugin\Components\Central\VideoOS.EventServer.AlarmPlugin.Admin.UnitTest\bin\Debug\VideoOS.EventServer.AlarmPlugin.Admin.UnitTest.dll" adapterTypeName="executor://mstestadapter/v2" className="VideoOS.EventServer.AlarmPlugin.Admin.UnitTest.Admin.Options.EventGroupViewModelTests" name="EventGroupViewModel_ThrowsArgumentNullException_WhenRetentionValuesAreNull" />
    </UnitTest>
    <UnitTest name="EventGroupViewModel_RestrictsNewValueToShortMaxValue_WhenLargerNumberHasBeenEntered" storage="d:\actions-runner\_work\xpco\xpco\eventserver\alarmplugin\components\central\videoos.eventserver.alarmplugin.admin.unittest\bin\debug\videoos.eventserver.alarmplugin.admin.unittest.dll" id="ac619e13-2eed-7937-76cb-9a5c57878a49">
      <Execution id="9d7f41b9-f09c-4450-be94-07b1fd5a4966" />
      <TestMethod codeBase="D:\actions-runner\_work\XPCO\XPCO\EventServer\AlarmPlugin\Components\Central\VideoOS.EventServer.AlarmPlugin.Admin.UnitTest\bin\Debug\VideoOS.EventServer.AlarmPlugin.Admin.UnitTest.dll" adapterTypeName="executor://mstestadapter/v2" className="VideoOS.EventServer.AlarmPlugin.Admin.UnitTest.Admin.Options.EventGroupViewModelTests" name="EventGroupViewModel_RestrictsNewValueToShortMaxValue_WhenLargerNumberHasBeenEntered" />
    </UnitTest>
    <UnitTest name="AlarmsAndEventsOptionsDialogPlugin_ReturnsConfigurationReportPropertiesForLogSettingsContainingLogSettings_WhenGeneralSettingsIsNotNull" storage="d:\actions-runner\_work\xpco\xpco\eventserver\alarmplugin\components\central\videoos.eventserver.alarmplugin.admin.unittest\bin\debug\videoos.eventserver.alarmplugin.admin.unittest.dll" id="0b06c950-9cbd-d546-feef-d04c21762783">
      <Execution id="3c7c6400-ad7f-4eaf-ac34-b9e3cce1a9d6" />
      <TestMethod codeBase="D:\actions-runner\_work\XPCO\XPCO\EventServer\AlarmPlugin\Components\Central\VideoOS.EventServer.AlarmPlugin.Admin.UnitTest\bin\Debug\VideoOS.EventServer.AlarmPlugin.Admin.UnitTest.dll" adapterTypeName="executor://mstestadapter/v2" className="VideoOS.EventServer.AlarmPlugin.Admin.UnitTest.Admin.Options.AlarmsAndEventsOptionsDialogPluginTests" name="AlarmsAndEventsOptionsDialogPlugin_ReturnsConfigurationReportPropertiesForLogSettingsContainingLogSettings_WhenGeneralSettingsIsNotNull" />
    </UnitTest>
    <UnitTest name="AlarmsAndEventsViewModel_IsLoading_WhenTaskIsIncomplete" storage="d:\actions-runner\_work\xpco\xpco\eventserver\alarmplugin\components\central\videoos.eventserver.alarmplugin.admin.unittest\bin\debug\videoos.eventserver.alarmplugin.admin.unittest.dll" id="db6cb18d-54d6-6340-783d-efb28448ea1e">
      <Execution id="994b2e03-ce9a-49c8-a483-96b6067934a8" />
      <TestMethod codeBase="D:\actions-runner\_work\XPCO\XPCO\EventServer\AlarmPlugin\Components\Central\VideoOS.EventServer.AlarmPlugin.Admin.UnitTest\bin\Debug\VideoOS.EventServer.AlarmPlugin.Admin.UnitTest.dll" adapterTypeName="executor://mstestadapter/v2" className="VideoOS.EventServer.AlarmPlugin.Admin.UnitTest.Admin.Options.AlarmsAndEventsViewModelTest" name="AlarmsAndEventsViewModel_IsLoading_WhenTaskIsIncomplete" />
    </UnitTest>
    <UnitTest name="EventTypeViewModel_ThrowsArgumentNullException_WhenEventTypeIsNull" storage="d:\actions-runner\_work\xpco\xpco\eventserver\alarmplugin\components\central\videoos.eventserver.alarmplugin.admin.unittest\bin\debug\videoos.eventserver.alarmplugin.admin.unittest.dll" id="19873527-5803-b025-b607-d4e8b6deee72">
      <Execution id="07289fb3-f805-4b9c-890e-820dbe496c42" />
      <TestMethod codeBase="D:\actions-runner\_work\XPCO\XPCO\EventServer\AlarmPlugin\Components\Central\VideoOS.EventServer.AlarmPlugin.Admin.UnitTest\bin\Debug\VideoOS.EventServer.AlarmPlugin.Admin.UnitTest.dll" adapterTypeName="executor://mstestadapter/v2" className="VideoOS.EventServer.AlarmPlugin.Admin.UnitTest.Admin.Options.EventTypeViewModelTests" name="EventTypeViewModel_ThrowsArgumentNullException_WhenEventTypeIsNull" />
    </UnitTest>
    <UnitTest name="AlarmsAndEventsOptionsDialogPlugin_ReturnsTrue_WhenSaveChangesWithoutChanges" storage="d:\actions-runner\_work\xpco\xpco\eventserver\alarmplugin\components\central\videoos.eventserver.alarmplugin.admin.unittest\bin\debug\videoos.eventserver.alarmplugin.admin.unittest.dll" id="f1cc9811-4ca5-651c-1429-2f048be27c36">
      <Execution id="f5cbcbd8-93a4-48e9-819e-67a71043bf18" />
      <TestMethod codeBase="D:\actions-runner\_work\XPCO\XPCO\EventServer\AlarmPlugin\Components\Central\VideoOS.EventServer.AlarmPlugin.Admin.UnitTest\bin\Debug\VideoOS.EventServer.AlarmPlugin.Admin.UnitTest.dll" adapterTypeName="executor://mstestadapter/v2" className="VideoOS.EventServer.AlarmPlugin.Admin.UnitTest.Admin.Options.AlarmsAndEventsOptionsDialogPluginTests" name="AlarmsAndEventsOptionsDialogPlugin_ReturnsTrue_WhenSaveChangesWithoutChanges" />
    </UnitTest>
    <UnitTest name="EventTypeOrderExtensions_OrdersEventTypeGroupsUsingNaturalSortingForNonBuiltInGroups_WhenPredefinedSortOrder" storage="d:\actions-runner\_work\xpco\xpco\eventserver\alarmplugin\components\central\videoos.eventserver.alarmplugin.admin.unittest\bin\debug\videoos.eventserver.alarmplugin.admin.unittest.dll" id="e58aa09e-9a01-baa6-fd21-f900c234b985">
      <Execution id="2744777a-40e4-4ac6-8447-c5f38f2f5558" />
      <TestMethod codeBase="D:\actions-runner\_work\XPCO\XPCO\EventServer\AlarmPlugin\Components\Central\VideoOS.EventServer.AlarmPlugin.Admin.UnitTest\bin\Debug\VideoOS.EventServer.AlarmPlugin.Admin.UnitTest.dll" adapterTypeName="executor://mstestadapter/v2" className="VideoOS.EventServer.AlarmPlugin.Admin.UnitTest.Admin.Options.EventTypeOrderExtensionsTests" name="EventTypeOrderExtensions_OrdersEventTypeGroupsUsingNaturalSortingForNonBuiltInGroups_WhenPredefinedSortOrder" />
    </UnitTest>
    <UnitTest name="EventTypeViewModel_HasSelectedRetentionEqualToValueMinusOne_WhenEventRetentionIsNull" storage="d:\actions-runner\_work\xpco\xpco\eventserver\alarmplugin\components\central\videoos.eventserver.alarmplugin.admin.unittest\bin\debug\videoos.eventserver.alarmplugin.admin.unittest.dll" id="6ef6e584-a7ad-3f17-cf51-3c16480c7e43">
      <Execution id="786be6b6-6463-41ea-94c9-8e9235f97255" />
      <TestMethod codeBase="D:\actions-runner\_work\XPCO\XPCO\EventServer\AlarmPlugin\Components\Central\VideoOS.EventServer.AlarmPlugin.Admin.UnitTest\bin\Debug\VideoOS.EventServer.AlarmPlugin.Admin.UnitTest.dll" adapterTypeName="executor://mstestadapter/v2" className="VideoOS.EventServer.AlarmPlugin.Admin.UnitTest.Admin.Options.EventTypeViewModelTests" name="EventTypeViewModel_HasSelectedRetentionEqualToValueMinusOne_WhenEventRetentionIsNull" />
    </UnitTest>
    <UnitTest name="EventGroupViewModel_ThrowsArgumentNullException_WhenEventTypesAreNull" storage="d:\actions-runner\_work\xpco\xpco\eventserver\alarmplugin\components\central\videoos.eventserver.alarmplugin.admin.unittest\bin\debug\videoos.eventserver.alarmplugin.admin.unittest.dll" id="1b0efad3-a9ed-d5bc-e358-ca5505e2a5f0">
      <Execution id="d6bad9ae-b34e-46b5-bf78-4d64e276a208" />
      <TestMethod codeBase="D:\actions-runner\_work\XPCO\XPCO\EventServer\AlarmPlugin\Components\Central\VideoOS.EventServer.AlarmPlugin.Admin.UnitTest\bin\Debug\VideoOS.EventServer.AlarmPlugin.Admin.UnitTest.dll" adapterTypeName="executor://mstestadapter/v2" className="VideoOS.EventServer.AlarmPlugin.Admin.UnitTest.Admin.Options.EventGroupViewModelTests" name="EventGroupViewModel_ThrowsArgumentNullException_WhenEventTypesAreNull" />
    </UnitTest>
    <UnitTest name="EventGroupViewModel_ReturnsCurrentlySelectedRetention_WhenGetEventRetention" storage="d:\actions-runner\_work\xpco\xpco\eventserver\alarmplugin\components\central\videoos.eventserver.alarmplugin.admin.unittest\bin\debug\videoos.eventserver.alarmplugin.admin.unittest.dll" id="03a79091-d479-ae57-5b69-8903b4b089b2">
      <Execution id="e8e8742f-47a0-410d-a9a9-9efd31c0ce4d" />
      <TestMethod codeBase="D:\actions-runner\_work\XPCO\XPCO\EventServer\AlarmPlugin\Components\Central\VideoOS.EventServer.AlarmPlugin.Admin.UnitTest\bin\Debug\VideoOS.EventServer.AlarmPlugin.Admin.UnitTest.dll" adapterTypeName="executor://mstestadapter/v2" className="VideoOS.EventServer.AlarmPlugin.Admin.UnitTest.Admin.Options.EventGroupViewModelTests" name="EventGroupViewModel_ReturnsCurrentlySelectedRetention_WhenGetEventRetention" />
    </UnitTest>
    <UnitTest name="AlarmsAndEventsOptionsDialogPlugin_NotThrowsException_WhenGetConfigurationReportPropertiesForEventRetentionWithNonUniqueEventTypeAndEventGroupNames" storage="d:\actions-runner\_work\xpco\xpco\eventserver\alarmplugin\components\central\videoos.eventserver.alarmplugin.admin.unittest\bin\debug\videoos.eventserver.alarmplugin.admin.unittest.dll" id="bc64b7e4-a721-3a53-9712-eb42a9557c57">
      <Execution id="e81e1349-d0a5-477e-a11a-fa937aaa3daf" />
      <TestMethod codeBase="D:\actions-runner\_work\XPCO\XPCO\EventServer\AlarmPlugin\Components\Central\VideoOS.EventServer.AlarmPlugin.Admin.UnitTest\bin\Debug\VideoOS.EventServer.AlarmPlugin.Admin.UnitTest.dll" adapterTypeName="executor://mstestadapter/v2" className="VideoOS.EventServer.AlarmPlugin.Admin.UnitTest.Admin.Options.AlarmsAndEventsOptionsDialogPluginTests" name="AlarmsAndEventsOptionsDialogPlugin_NotThrowsException_WhenGetConfigurationReportPropertiesForEventRetentionWithNonUniqueEventTypeAndEventGroupNames" />
    </UnitTest>
    <UnitTest name="AlarmsAndEventsOptionsDialogPlugin_ReturnsConfigurationReportPropertiesForEventRetentionWithoutEventTypeRetentions_WhenRetentiontionsAreOmitted" storage="d:\actions-runner\_work\xpco\xpco\eventserver\alarmplugin\components\central\videoos.eventserver.alarmplugin.admin.unittest\bin\debug\videoos.eventserver.alarmplugin.admin.unittest.dll" id="a193c55f-7b3f-242c-e10c-350513dfe792">
      <Execution id="4fb54425-9c3d-4cad-986b-fcad00e2e890" />
      <TestMethod codeBase="D:\actions-runner\_work\XPCO\XPCO\EventServer\AlarmPlugin\Components\Central\VideoOS.EventServer.AlarmPlugin.Admin.UnitTest\bin\Debug\VideoOS.EventServer.AlarmPlugin.Admin.UnitTest.dll" adapterTypeName="executor://mstestadapter/v2" className="VideoOS.EventServer.AlarmPlugin.Admin.UnitTest.Admin.Options.AlarmsAndEventsOptionsDialogPluginTests" name="AlarmsAndEventsOptionsDialogPlugin_ReturnsConfigurationReportPropertiesForEventRetentionWithoutEventTypeRetentions_WhenRetentiontionsAreOmitted" />
    </UnitTest>
    <UnitTest name="AlarmsAndEventsViewModel_HasLoadErrorEqualToTrue_IfTasksReturnNull" storage="d:\actions-runner\_work\xpco\xpco\eventserver\alarmplugin\components\central\videoos.eventserver.alarmplugin.admin.unittest\bin\debug\videoos.eventserver.alarmplugin.admin.unittest.dll" id="3dbdd863-b06b-d42c-7528-a0c4e937420d">
      <Execution id="c56e1d37-eca2-4711-bad7-da909a31d50c" />
      <TestMethod codeBase="D:\actions-runner\_work\XPCO\XPCO\EventServer\AlarmPlugin\Components\Central\VideoOS.EventServer.AlarmPlugin.Admin.UnitTest\bin\Debug\VideoOS.EventServer.AlarmPlugin.Admin.UnitTest.dll" adapterTypeName="executor://mstestadapter/v2" className="VideoOS.EventServer.AlarmPlugin.Admin.UnitTest.Admin.Options.AlarmsAndEventsViewModelTest" name="AlarmsAndEventsViewModel_HasLoadErrorEqualToTrue_IfTasksReturnNull" />
    </UnitTest>
    <UnitTest name="AlarmsAndEventsOptionsDialogPlugin_ReturnsTrue_WhenSaveChangesAndChangesAreSavedWithoutErrors" storage="d:\actions-runner\_work\xpco\xpco\eventserver\alarmplugin\components\central\videoos.eventserver.alarmplugin.admin.unittest\bin\debug\videoos.eventserver.alarmplugin.admin.unittest.dll" id="5e1073f1-f156-719b-6c9f-77cc43c97e0d">
      <Execution id="eb972814-c951-4599-89f5-98b53b9e6dfb" />
      <TestMethod codeBase="D:\actions-runner\_work\XPCO\XPCO\EventServer\AlarmPlugin\Components\Central\VideoOS.EventServer.AlarmPlugin.Admin.UnitTest\bin\Debug\VideoOS.EventServer.AlarmPlugin.Admin.UnitTest.dll" adapterTypeName="executor://mstestadapter/v2" className="VideoOS.EventServer.AlarmPlugin.Admin.UnitTest.Admin.Options.AlarmsAndEventsOptionsDialogPluginTests" name="AlarmsAndEventsOptionsDialogPlugin_ReturnsTrue_WhenSaveChangesAndChangesAreSavedWithoutErrors" />
    </UnitTest>
    <UnitTest name="AlarmsAndEventsOptionsDialogPlugin_ReturnsNullConfigurationReportPropertiesForEventRetention_WhenEventRetentionsAreNull" storage="d:\actions-runner\_work\xpco\xpco\eventserver\alarmplugin\components\central\videoos.eventserver.alarmplugin.admin.unittest\bin\debug\videoos.eventserver.alarmplugin.admin.unittest.dll" id="f4b09a43-5c91-97ec-3844-a4230abfa598">
      <Execution id="1744d661-f7d5-48e7-b430-19c917e6f938" />
      <TestMethod codeBase="D:\actions-runner\_work\XPCO\XPCO\EventServer\AlarmPlugin\Components\Central\VideoOS.EventServer.AlarmPlugin.Admin.UnitTest\bin\Debug\VideoOS.EventServer.AlarmPlugin.Admin.UnitTest.dll" adapterTypeName="executor://mstestadapter/v2" className="VideoOS.EventServer.AlarmPlugin.Admin.UnitTest.Admin.Options.AlarmsAndEventsOptionsDialogPluginTests" name="AlarmsAndEventsOptionsDialogPlugin_ReturnsNullConfigurationReportPropertiesForEventRetention_WhenEventRetentionsAreNull" />
    </UnitTest>
    <UnitTest name="ToStringList_ReturnsCorrectResult_OnData" storage="d:\actions-runner\_work\xpco\xpco\eventserver\alarmplugin\components\central\videoos.eventserver.alarmplugin.admin.unittest\bin\debug\videoos.eventserver.alarmplugin.admin.unittest.dll" id="6d1933ae-b92e-3bae-c970-774e7b959cd3">
      <Execution id="93ec8d12-893f-41b5-ab65-919e733ee370" />
      <TestMethod codeBase="D:\actions-runner\_work\XPCO\XPCO\EventServer\AlarmPlugin\Components\Central\VideoOS.EventServer.AlarmPlugin.Admin.UnitTest\bin\Debug\VideoOS.EventServer.AlarmPlugin.Admin.UnitTest.dll" adapterTypeName="executor://mstestadapter/v2" className="VideoOS.EventServer.AlarmPlugin.Admin.UnitTest.Util.IEnumerableExtensionsTests" name="ToStringList_ReturnsCorrectResult_OnData" />
    </UnitTest>
    <UnitTest name="AddedRemovedUpdatedHelper_ReturnsRemoved_WhenNotInClient" storage="d:\actions-runner\_work\xpco\xpco\eventserver\alarmplugin\components\central\videoos.eventserver.alarmplugin.admin.unittest\bin\debug\videoos.eventserver.alarmplugin.admin.unittest.dll" id="e1ac22a7-79ea-687e-b52c-4f6d47251fae">
      <Execution id="06e200ad-ce3f-4ec6-b8c5-3bb083c5b9b3" />
      <TestMethod codeBase="D:\actions-runner\_work\XPCO\XPCO\EventServer\AlarmPlugin\Components\Central\VideoOS.EventServer.AlarmPlugin.Admin.UnitTest\bin\Debug\VideoOS.EventServer.AlarmPlugin.Admin.UnitTest.dll" adapterTypeName="executor://mstestadapter/v2" className="VideoOS.EventServer.AlarmPlugin.Admin.UnitTest.Admin.AddedRemovedOtherHelperTests" name="AddedRemovedUpdatedHelper_ReturnsRemoved_WhenNotInClient" />
    </UnitTest>
    <UnitTest name="AlarmDataSettingsUserControl_ThrowsUnauthorizedAccessException_WhenValidateContentWithoutWriteAccessGlobal" storage="d:\actions-runner\_work\xpco\xpco\eventserver\alarmplugin\components\central\videoos.eventserver.alarmplugin.admin.unittest\bin\debug\videoos.eventserver.alarmplugin.admin.unittest.dll" id="c25a54f9-6357-e4b3-4529-e91b4c07433d">
      <Execution id="38238392-4a00-4178-8135-dc12e3962afe" />
      <TestMethod codeBase="D:\actions-runner\_work\XPCO\XPCO\EventServer\AlarmPlugin\Components\Central\VideoOS.EventServer.AlarmPlugin.Admin.UnitTest\bin\Debug\VideoOS.EventServer.AlarmPlugin.Admin.UnitTest.dll" adapterTypeName="executor://mstestadapter/v2" className="VideoOS.EventServer.AlarmPlugin.Admin.UnitTest.Admin.AlarmDataSettingsUserControlTests" name="AlarmDataSettingsUserControl_ThrowsUnauthorizedAccessException_WhenValidateContentWithoutWriteAccessGlobal" />
    </UnitTest>
    <UnitTest name="EventGroupViewModel_IsExpanded_WhenEventTypesAreEmptyAndHasBeenToggled (False,True)" storage="d:\actions-runner\_work\xpco\xpco\eventserver\alarmplugin\components\central\videoos.eventserver.alarmplugin.admin.unittest\bin\debug\videoos.eventserver.alarmplugin.admin.unittest.dll" id="889532ba-2a9c-a1b7-6886-cfb5250c3dbd">
      <Execution id="a137d55c-6f6f-4be3-a52d-b735fb4c3615" />
      <TestMethod codeBase="D:\actions-runner\_work\XPCO\XPCO\EventServer\AlarmPlugin\Components\Central\VideoOS.EventServer.AlarmPlugin.Admin.UnitTest\bin\Debug\VideoOS.EventServer.AlarmPlugin.Admin.UnitTest.dll" adapterTypeName="executor://mstestadapter/v2" className="VideoOS.EventServer.AlarmPlugin.Admin.UnitTest.Admin.Options.EventGroupViewModelTests" name="EventGroupViewModel_IsExpanded_WhenEventTypesAreEmptyAndHasBeenToggled" />
    </UnitTest>
    <UnitTest name="EventTypeViewModel_ThrowsArgumentNullException_WhenRetentionValuesAreNull" storage="d:\actions-runner\_work\xpco\xpco\eventserver\alarmplugin\components\central\videoos.eventserver.alarmplugin.admin.unittest\bin\debug\videoos.eventserver.alarmplugin.admin.unittest.dll" id="39ecc4d3-233a-438d-94de-9f2ebffced0d">
      <Execution id="dc4db892-941b-41f0-ac7d-fb458a0c26f2" />
      <TestMethod codeBase="D:\actions-runner\_work\XPCO\XPCO\EventServer\AlarmPlugin\Components\Central\VideoOS.EventServer.AlarmPlugin.Admin.UnitTest\bin\Debug\VideoOS.EventServer.AlarmPlugin.Admin.UnitTest.dll" adapterTypeName="executor://mstestadapter/v2" className="VideoOS.EventServer.AlarmPlugin.Admin.UnitTest.Admin.Options.EventTypeViewModelTests" name="EventTypeViewModel_ThrowsArgumentNullException_WhenRetentionValuesAreNull" />
    </UnitTest>
    <UnitTest name="EventTypeViewModel_HasIsReadOnlyEqualToFalse_WhenEventRetentionIsNotReadOnly" storage="d:\actions-runner\_work\xpco\xpco\eventserver\alarmplugin\components\central\videoos.eventserver.alarmplugin.admin.unittest\bin\debug\videoos.eventserver.alarmplugin.admin.unittest.dll" id="dcf5fc6e-e17c-a14f-5d0d-86d582eace3e">
      <Execution id="8b365cae-a74e-44f7-bbc9-126537dbc415" />
      <TestMethod codeBase="D:\actions-runner\_work\XPCO\XPCO\EventServer\AlarmPlugin\Components\Central\VideoOS.EventServer.AlarmPlugin.Admin.UnitTest\bin\Debug\VideoOS.EventServer.AlarmPlugin.Admin.UnitTest.dll" adapterTypeName="executor://mstestadapter/v2" className="VideoOS.EventServer.AlarmPlugin.Admin.UnitTest.Admin.Options.EventTypeViewModelTests" name="EventTypeViewModel_HasIsReadOnlyEqualToFalse_WhenEventRetentionIsNotReadOnly" />
    </UnitTest>
    <UnitTest name="EventGroupViewModel_HasEventTypesOrderedUsingNaturalSorting_WhenByDefault" storage="d:\actions-runner\_work\xpco\xpco\eventserver\alarmplugin\components\central\videoos.eventserver.alarmplugin.admin.unittest\bin\debug\videoos.eventserver.alarmplugin.admin.unittest.dll" id="4c4677b2-84b8-4c08-9166-0925873c7248">
      <Execution id="6f85f1c1-632b-4f5f-a470-f2b0715b6986" />
      <TestMethod codeBase="D:\actions-runner\_work\XPCO\XPCO\EventServer\AlarmPlugin\Components\Central\VideoOS.EventServer.AlarmPlugin.Admin.UnitTest\bin\Debug\VideoOS.EventServer.AlarmPlugin.Admin.UnitTest.dll" adapterTypeName="executor://mstestadapter/v2" className="VideoOS.EventServer.AlarmPlugin.Admin.UnitTest.Admin.Options.EventGroupViewModelTests" name="EventGroupViewModel_HasEventTypesOrderedUsingNaturalSorting_WhenByDefault" />
    </UnitTest>
    <UnitTest name="EventTypeOrderExtensions_OrdersEventTypesUsingNaturalSorting_WhenNaturalSortOrder" storage="d:\actions-runner\_work\xpco\xpco\eventserver\alarmplugin\components\central\videoos.eventserver.alarmplugin.admin.unittest\bin\debug\videoos.eventserver.alarmplugin.admin.unittest.dll" id="dfff9ea8-9865-aebe-88b8-a63133983d30">
      <Execution id="43b16a13-b3b8-4818-87d1-7c335dedc744" />
      <TestMethod codeBase="D:\actions-runner\_work\XPCO\XPCO\EventServer\AlarmPlugin\Components\Central\VideoOS.EventServer.AlarmPlugin.Admin.UnitTest\bin\Debug\VideoOS.EventServer.AlarmPlugin.Admin.UnitTest.dll" adapterTypeName="executor://mstestadapter/v2" className="VideoOS.EventServer.AlarmPlugin.Admin.UnitTest.Admin.Options.EventTypeOrderExtensionsTests" name="EventTypeOrderExtensions_OrdersEventTypesUsingNaturalSorting_WhenNaturalSortOrder" />
    </UnitTest>
    <UnitTest name="AlarmsAndEventsViewModel_NotIncludesDefaultInEventGroupRetentions_WhenGetEventRetentions" storage="d:\actions-runner\_work\xpco\xpco\eventserver\alarmplugin\components\central\videoos.eventserver.alarmplugin.admin.unittest\bin\debug\videoos.eventserver.alarmplugin.admin.unittest.dll" id="af53e87e-e2dd-c03d-04cf-33cf3c5e757c">
      <Execution id="60df41c6-bba0-47ea-961a-3d9d6c3cfde3" />
      <TestMethod codeBase="D:\actions-runner\_work\XPCO\XPCO\EventServer\AlarmPlugin\Components\Central\VideoOS.EventServer.AlarmPlugin.Admin.UnitTest\bin\Debug\VideoOS.EventServer.AlarmPlugin.Admin.UnitTest.dll" adapterTypeName="executor://mstestadapter/v2" className="VideoOS.EventServer.AlarmPlugin.Admin.UnitTest.Admin.Options.AlarmsAndEventsViewModelTest" name="AlarmsAndEventsViewModel_NotIncludesDefaultInEventGroupRetentions_WhenGetEventRetentions" />
    </UnitTest>
    <UnitTest name="AlarmsAndEventsOptionsDialogPlugin_ReturnsAlarmSettingsLogSettingsAndEventRetention_WhenGetConfigurationReportSections" storage="d:\actions-runner\_work\xpco\xpco\eventserver\alarmplugin\components\central\videoos.eventserver.alarmplugin.admin.unittest\bin\debug\videoos.eventserver.alarmplugin.admin.unittest.dll" id="9c0085b6-2212-0fcd-15ac-536422b8cabc">
      <Execution id="57f5a7d1-a6dd-4df6-810e-2b6b44fa5618" />
      <TestMethod codeBase="D:\actions-runner\_work\XPCO\XPCO\EventServer\AlarmPlugin\Components\Central\VideoOS.EventServer.AlarmPlugin.Admin.UnitTest\bin\Debug\VideoOS.EventServer.AlarmPlugin.Admin.UnitTest.dll" adapterTypeName="executor://mstestadapter/v2" className="VideoOS.EventServer.AlarmPlugin.Admin.UnitTest.Admin.Options.AlarmsAndEventsOptionsDialogPluginTests" name="AlarmsAndEventsOptionsDialogPlugin_ReturnsAlarmSettingsLogSettingsAndEventRetention_WhenGetConfigurationReportSections" />
    </UnitTest>
    <UnitTest name="AlarmsAndEventsOptionsDialogPlugin_ThrowsArgumentNullException_WhenConfigurationManagerIsNull" storage="d:\actions-runner\_work\xpco\xpco\eventserver\alarmplugin\components\central\videoos.eventserver.alarmplugin.admin.unittest\bin\debug\videoos.eventserver.alarmplugin.admin.unittest.dll" id="7d3dc5ee-473e-cf0d-3422-f54c4dc6e71e">
      <Execution id="215e9bae-72b4-49a6-a8cd-8e4a20a3de2d" />
      <TestMethod codeBase="D:\actions-runner\_work\XPCO\XPCO\EventServer\AlarmPlugin\Components\Central\VideoOS.EventServer.AlarmPlugin.Admin.UnitTest\bin\Debug\VideoOS.EventServer.AlarmPlugin.Admin.UnitTest.dll" adapterTypeName="executor://mstestadapter/v2" className="VideoOS.EventServer.AlarmPlugin.Admin.UnitTest.Admin.Options.AlarmsAndEventsOptionsDialogPluginTests" name="AlarmsAndEventsOptionsDialogPlugin_ThrowsArgumentNullException_WhenConfigurationManagerIsNull" />
    </UnitTest>
    <UnitTest name="EventTypeViewModel_HasChangesEqualToFalse_WhenNewValueIsNotANumber" storage="d:\actions-runner\_work\xpco\xpco\eventserver\alarmplugin\components\central\videoos.eventserver.alarmplugin.admin.unittest\bin\debug\videoos.eventserver.alarmplugin.admin.unittest.dll" id="942ddf51-9994-ac87-5f80-39016b665ea0">
      <Execution id="61b629ca-3221-49a3-8f1b-26b5bfc1377d" />
      <TestMethod codeBase="D:\actions-runner\_work\XPCO\XPCO\EventServer\AlarmPlugin\Components\Central\VideoOS.EventServer.AlarmPlugin.Admin.UnitTest\bin\Debug\VideoOS.EventServer.AlarmPlugin.Admin.UnitTest.dll" adapterTypeName="executor://mstestadapter/v2" className="VideoOS.EventServer.AlarmPlugin.Admin.UnitTest.Admin.Options.EventTypeViewModelTests" name="EventTypeViewModel_HasChangesEqualToFalse_WhenNewValueIsNotANumber" />
    </UnitTest>
    <UnitTest name="EventGroupViewModel_ContainsOneMoreElementInRetentionValues_WhenPreviouslyNonExistingValueHasBeenSet" storage="d:\actions-runner\_work\xpco\xpco\eventserver\alarmplugin\components\central\videoos.eventserver.alarmplugin.admin.unittest\bin\debug\videoos.eventserver.alarmplugin.admin.unittest.dll" id="e7295e8b-a6c3-4da5-1f6e-81687e6b414b">
      <Execution id="b5f9113e-6ea3-478d-ad43-2075d365029b" />
      <TestMethod codeBase="D:\actions-runner\_work\XPCO\XPCO\EventServer\AlarmPlugin\Components\Central\VideoOS.EventServer.AlarmPlugin.Admin.UnitTest\bin\Debug\VideoOS.EventServer.AlarmPlugin.Admin.UnitTest.dll" adapterTypeName="executor://mstestadapter/v2" className="VideoOS.EventServer.AlarmPlugin.Admin.UnitTest.Admin.Options.EventGroupViewModelTests" name="EventGroupViewModel_ContainsOneMoreElementInRetentionValues_WhenPreviouslyNonExistingValueHasBeenSet" />
    </UnitTest>
    <UnitTest name="AlarmsAndEventsOptionsDialogPlugin_ReturnsConfigurationReportPropertiesWithoutReadOnlyOnes_WhenGetConfigurationReportPropertiesForEventRetention" storage="d:\actions-runner\_work\xpco\xpco\eventserver\alarmplugin\components\central\videoos.eventserver.alarmplugin.admin.unittest\bin\debug\videoos.eventserver.alarmplugin.admin.unittest.dll" id="e0f65d1e-a4b9-9f8a-9ef6-cfe7503432e8">
      <Execution id="6603504f-b18f-459d-a114-d3cd86be8ae3" />
      <TestMethod codeBase="D:\actions-runner\_work\XPCO\XPCO\EventServer\AlarmPlugin\Components\Central\VideoOS.EventServer.AlarmPlugin.Admin.UnitTest\bin\Debug\VideoOS.EventServer.AlarmPlugin.Admin.UnitTest.dll" adapterTypeName="executor://mstestadapter/v2" className="VideoOS.EventServer.AlarmPlugin.Admin.UnitTest.Admin.Options.AlarmsAndEventsOptionsDialogPluginTests" name="AlarmsAndEventsOptionsDialogPlugin_ReturnsConfigurationReportPropertiesWithoutReadOnlyOnes_WhenGetConfigurationReportPropertiesForEventRetention" />
    </UnitTest>
    <UnitTest name="AlarmsAndEventsViewModel_AppliesDefaultRetentionValues_WhenResetRetentionValues" storage="d:\actions-runner\_work\xpco\xpco\eventserver\alarmplugin\components\central\videoos.eventserver.alarmplugin.admin.unittest\bin\debug\videoos.eventserver.alarmplugin.admin.unittest.dll" id="81ed2ef4-529d-2aa0-c455-58267e1d27d9">
      <Execution id="62502875-9fe5-4d4e-940c-0fd728764349" />
      <TestMethod codeBase="D:\actions-runner\_work\XPCO\XPCO\EventServer\AlarmPlugin\Components\Central\VideoOS.EventServer.AlarmPlugin.Admin.UnitTest\bin\Debug\VideoOS.EventServer.AlarmPlugin.Admin.UnitTest.dll" adapterTypeName="executor://mstestadapter/v2" className="VideoOS.EventServer.AlarmPlugin.Admin.UnitTest.Admin.Options.AlarmsAndEventsViewModelTest" name="AlarmsAndEventsViewModel_AppliesDefaultRetentionValues_WhenResetRetentionValues" />
    </UnitTest>
    <UnitTest name="AddedRemovedUpdatedHelper_ReturnsAdded_WhenNotInServer" storage="d:\actions-runner\_work\xpco\xpco\eventserver\alarmplugin\components\central\videoos.eventserver.alarmplugin.admin.unittest\bin\debug\videoos.eventserver.alarmplugin.admin.unittest.dll" id="77fdc9ab-29e9-12ee-ab7f-a3df3aea10fe">
      <Execution id="fca6ac80-41ac-4176-ac75-c5fb9773448c" />
      <TestMethod codeBase="D:\actions-runner\_work\XPCO\XPCO\EventServer\AlarmPlugin\Components\Central\VideoOS.EventServer.AlarmPlugin.Admin.UnitTest\bin\Debug\VideoOS.EventServer.AlarmPlugin.Admin.UnitTest.dll" adapterTypeName="executor://mstestadapter/v2" className="VideoOS.EventServer.AlarmPlugin.Admin.UnitTest.Admin.AddedRemovedOtherHelperTests" name="AddedRemovedUpdatedHelper_ReturnsAdded_WhenNotInServer" />
    </UnitTest>
    <UnitTest name="AlarmsAndEventsOptionsDialogPlugin_ReturnsConfigurationReportPropertiesForEventRetentionContainingAllEventRetentions_WhenAllEventRetentiontionsAreSet" storage="d:\actions-runner\_work\xpco\xpco\eventserver\alarmplugin\components\central\videoos.eventserver.alarmplugin.admin.unittest\bin\debug\videoos.eventserver.alarmplugin.admin.unittest.dll" id="b12c13a0-5f31-b27f-427e-c57e714805a2">
      <Execution id="065b4945-1a03-48be-8d33-22ca614364e2" />
      <TestMethod codeBase="D:\actions-runner\_work\XPCO\XPCO\EventServer\AlarmPlugin\Components\Central\VideoOS.EventServer.AlarmPlugin.Admin.UnitTest\bin\Debug\VideoOS.EventServer.AlarmPlugin.Admin.UnitTest.dll" adapterTypeName="executor://mstestadapter/v2" className="VideoOS.EventServer.AlarmPlugin.Admin.UnitTest.Admin.Options.AlarmsAndEventsOptionsDialogPluginTests" name="AlarmsAndEventsOptionsDialogPlugin_ReturnsConfigurationReportPropertiesForEventRetentionContainingAllEventRetentions_WhenAllEventRetentiontionsAreSet" />
    </UnitTest>
    <UnitTest name="SoundSettingsItemManager_ReturnsTrue_WhenValidateAndSaveUserControlWithWriteAccessGlobal" storage="d:\actions-runner\_work\xpco\xpco\eventserver\alarmplugin\components\central\videoos.eventserver.alarmplugin.admin.unittest\bin\debug\videoos.eventserver.alarmplugin.admin.unittest.dll" id="a752b09a-2266-9a15-6a84-7c190e591728">
      <Execution id="3fc674a1-a558-44c0-9d97-71999d5fc428" />
      <TestMethod codeBase="D:\actions-runner\_work\XPCO\XPCO\EventServer\AlarmPlugin\Components\Central\VideoOS.EventServer.AlarmPlugin.Admin.UnitTest\bin\Debug\VideoOS.EventServer.AlarmPlugin.Admin.UnitTest.dll" adapterTypeName="executor://mstestadapter/v2" className="VideoOS.EventServer.AlarmPlugin.Admin.UnitTest.Admin.SoundSettingsItemManagerTests" name="SoundSettingsItemManager_ReturnsTrue_WhenValidateAndSaveUserControlWithWriteAccessGlobal" />
    </UnitTest>
    <UnitTest name="SoundSettingsUserControl_ThrowsUnauthorizedAccessException_WhenRemoveSoundWithoutWriteAccessGlobal" storage="d:\actions-runner\_work\xpco\xpco\eventserver\alarmplugin\components\central\videoos.eventserver.alarmplugin.admin.unittest\bin\debug\videoos.eventserver.alarmplugin.admin.unittest.dll" id="f0ad5408-782e-4d72-a7a4-0d94ab4ce22b">
      <Execution id="2bb0d1c2-e329-4ce6-81e8-c895da3df6e2" />
      <TestMethod codeBase="D:\actions-runner\_work\XPCO\XPCO\EventServer\AlarmPlugin\Components\Central\VideoOS.EventServer.AlarmPlugin.Admin.UnitTest\bin\Debug\VideoOS.EventServer.AlarmPlugin.Admin.UnitTest.dll" adapterTypeName="executor://mstestadapter/v2" className="VideoOS.EventServer.AlarmPlugin.Admin.UnitTest.Admin.SoundSettingsUserControlTests" name="SoundSettingsUserControl_ThrowsUnauthorizedAccessException_WhenRemoveSoundWithoutWriteAccessGlobal" />
    </UnitTest>
    <UnitTest name="AlarmsAndEventsViewModel_HasLoadErrorEqualToFalse_WhenTasksAreCompleteAndNotNull" storage="d:\actions-runner\_work\xpco\xpco\eventserver\alarmplugin\components\central\videoos.eventserver.alarmplugin.admin.unittest\bin\debug\videoos.eventserver.alarmplugin.admin.unittest.dll" id="252c9755-4638-36c9-dab0-81ecd1106e30">
      <Execution id="037a432c-07ed-49af-a415-0f0b25085917" />
      <TestMethod codeBase="D:\actions-runner\_work\XPCO\XPCO\EventServer\AlarmPlugin\Components\Central\VideoOS.EventServer.AlarmPlugin.Admin.UnitTest\bin\Debug\VideoOS.EventServer.AlarmPlugin.Admin.UnitTest.dll" adapterTypeName="executor://mstestadapter/v2" className="VideoOS.EventServer.AlarmPlugin.Admin.UnitTest.Admin.Options.AlarmsAndEventsViewModelTest" name="AlarmsAndEventsViewModel_HasLoadErrorEqualToFalse_WhenTasksAreCompleteAndNotNull" />
    </UnitTest>
    <UnitTest name="EventTypeOrderExtensions_OrdersEventTypeGroupsFirstByPredefinedThenByNameForMixedGroups_WhenPredefinedSortOrder" storage="d:\actions-runner\_work\xpco\xpco\eventserver\alarmplugin\components\central\videoos.eventserver.alarmplugin.admin.unittest\bin\debug\videoos.eventserver.alarmplugin.admin.unittest.dll" id="c1018fe6-9ff7-9f9f-2975-df3022bc1d9d">
      <Execution id="98806c88-4a21-4752-9ec0-f0d837505719" />
      <TestMethod codeBase="D:\actions-runner\_work\XPCO\XPCO\EventServer\AlarmPlugin\Components\Central\VideoOS.EventServer.AlarmPlugin.Admin.UnitTest\bin\Debug\VideoOS.EventServer.AlarmPlugin.Admin.UnitTest.dll" adapterTypeName="executor://mstestadapter/v2" className="VideoOS.EventServer.AlarmPlugin.Admin.UnitTest.Admin.Options.EventTypeOrderExtensionsTests" name="EventTypeOrderExtensions_OrdersEventTypeGroupsFirstByPredefinedThenByNameForMixedGroups_WhenPredefinedSortOrder" />
    </UnitTest>
    <UnitTest name="AlarmsAndEventsViewModel_ReturnsObjectEquivalentToInputParameter_WhenGetEventRetentions" storage="d:\actions-runner\_work\xpco\xpco\eventserver\alarmplugin\components\central\videoos.eventserver.alarmplugin.admin.unittest\bin\debug\videoos.eventserver.alarmplugin.admin.unittest.dll" id="9b127709-bc2e-56fe-80a6-ddb607729c4d">
      <Execution id="044cc16d-ee2e-45e3-8164-9c289e44863f" />
      <TestMethod codeBase="D:\actions-runner\_work\XPCO\XPCO\EventServer\AlarmPlugin\Components\Central\VideoOS.EventServer.AlarmPlugin.Admin.UnitTest\bin\Debug\VideoOS.EventServer.AlarmPlugin.Admin.UnitTest.dll" adapterTypeName="executor://mstestadapter/v2" className="VideoOS.EventServer.AlarmPlugin.Admin.UnitTest.Admin.Options.AlarmsAndEventsViewModelTest" name="AlarmsAndEventsViewModel_ReturnsObjectEquivalentToInputParameter_WhenGetEventRetentions" />
    </UnitTest>
    <UnitTest name="AlarmsAndEventsOptionsDialogPlugin_ReturnsNullConfigurationReportPropertiesForEventRetention_WhenEventTypesAreNull" storage="d:\actions-runner\_work\xpco\xpco\eventserver\alarmplugin\components\central\videoos.eventserver.alarmplugin.admin.unittest\bin\debug\videoos.eventserver.alarmplugin.admin.unittest.dll" id="4d929168-c253-c255-a5e2-44692162a75a">
      <Execution id="8b4a385d-213d-49a4-9cd1-3fc7adf5a5bd" />
      <TestMethod codeBase="D:\actions-runner\_work\XPCO\XPCO\EventServer\AlarmPlugin\Components\Central\VideoOS.EventServer.AlarmPlugin.Admin.UnitTest\bin\Debug\VideoOS.EventServer.AlarmPlugin.Admin.UnitTest.dll" adapterTypeName="executor://mstestadapter/v2" className="VideoOS.EventServer.AlarmPlugin.Admin.UnitTest.Admin.Options.AlarmsAndEventsOptionsDialogPluginTests" name="AlarmsAndEventsOptionsDialogPlugin_ReturnsNullConfigurationReportPropertiesForEventRetention_WhenEventTypesAreNull" />
    </UnitTest>
    <UnitTest name="EventGroupViewModel_IsExpanded_WhenEventTypesAreEmptyAndHasBeenToggled (True,False)" storage="d:\actions-runner\_work\xpco\xpco\eventserver\alarmplugin\components\central\videoos.eventserver.alarmplugin.admin.unittest\bin\debug\videoos.eventserver.alarmplugin.admin.unittest.dll" id="8a6e0d9c-6369-bec6-116b-0067f3ea2a8c">
      <Execution id="d21ef74e-c12c-4014-b2c5-cc32141da4e7" />
      <TestMethod codeBase="D:\actions-runner\_work\XPCO\XPCO\EventServer\AlarmPlugin\Components\Central\VideoOS.EventServer.AlarmPlugin.Admin.UnitTest\bin\Debug\VideoOS.EventServer.AlarmPlugin.Admin.UnitTest.dll" adapterTypeName="executor://mstestadapter/v2" className="VideoOS.EventServer.AlarmPlugin.Admin.UnitTest.Admin.Options.EventGroupViewModelTests" name="EventGroupViewModel_IsExpanded_WhenEventTypesAreEmptyAndHasBeenToggled" />
    </UnitTest>
    <UnitTest name="AlarmsAndEventsViewModel_UpdatesEventGroupsDefaultRetention_WhenSettingValueAtIndex0" storage="d:\actions-runner\_work\xpco\xpco\eventserver\alarmplugin\components\central\videoos.eventserver.alarmplugin.admin.unittest\bin\debug\videoos.eventserver.alarmplugin.admin.unittest.dll" id="57a17993-0a5b-0d9d-f592-61bde7cc84bf">
      <Execution id="4f2b6bf9-c944-45b6-88f7-92a897ae0ffb" />
      <TestMethod codeBase="D:\actions-runner\_work\XPCO\XPCO\EventServer\AlarmPlugin\Components\Central\VideoOS.EventServer.AlarmPlugin.Admin.UnitTest\bin\Debug\VideoOS.EventServer.AlarmPlugin.Admin.UnitTest.dll" adapterTypeName="executor://mstestadapter/v2" className="VideoOS.EventServer.AlarmPlugin.Admin.UnitTest.Admin.Options.AlarmsAndEventsViewModelTest" name="AlarmsAndEventsViewModel_UpdatesEventGroupsDefaultRetention_WhenSettingValueAtIndex0" />
    </UnitTest>
    <UnitTest name="AlarmsAndEventsOptionsDialogPlugin_ReturnsTrueAndShowsNotAllowedDialog_WhenSaveChangesWithChangesButUserDoesNotHaveAdminRights" storage="d:\actions-runner\_work\xpco\xpco\eventserver\alarmplugin\components\central\videoos.eventserver.alarmplugin.admin.unittest\bin\debug\videoos.eventserver.alarmplugin.admin.unittest.dll" id="b2afae55-f082-c979-1e5f-faf0a79fc878">
      <Execution id="aa22932a-b8ba-4130-a8df-e8b9cbb89847" />
      <TestMethod codeBase="D:\actions-runner\_work\XPCO\XPCO\EventServer\AlarmPlugin\Components\Central\VideoOS.EventServer.AlarmPlugin.Admin.UnitTest\bin\Debug\VideoOS.EventServer.AlarmPlugin.Admin.UnitTest.dll" adapterTypeName="executor://mstestadapter/v2" className="VideoOS.EventServer.AlarmPlugin.Admin.UnitTest.Admin.Options.AlarmsAndEventsOptionsDialogPluginTests" name="AlarmsAndEventsOptionsDialogPlugin_ReturnsTrueAndShowsNotAllowedDialog_WhenSaveChangesWithChangesButUserDoesNotHaveAdminRights" />
    </UnitTest>
    <UnitTest name="AlarmDefItemUserControl_HasEnableCheckBoxEqualToTrue_WhenUserHasDisabledAccessGlobal" storage="d:\actions-runner\_work\xpco\xpco\eventserver\alarmplugin\components\central\videoos.eventserver.alarmplugin.admin.unittest\bin\debug\videoos.eventserver.alarmplugin.admin.unittest.dll" id="3b201806-0f6e-3741-889c-4a92a2ce88ad">
      <Execution id="16603a96-e400-4a16-bd08-e854f78bb088" />
      <TestMethod codeBase="D:\actions-runner\_work\XPCO\XPCO\EventServer\AlarmPlugin\Components\Central\VideoOS.EventServer.AlarmPlugin.Admin.UnitTest\bin\Debug\VideoOS.EventServer.AlarmPlugin.Admin.UnitTest.dll" adapterTypeName="executor://mstestadapter/v2" className="VideoOS.EventServer.AlarmPlugin.Admin.UnitTest.Admin.AlarmDefItemUserControlTests" name="AlarmDefItemUserControl_HasEnableCheckBoxEqualToTrue_WhenUserHasDisabledAccessGlobal" />
    </UnitTest>
    <UnitTest name="EventGroupViewModel_IsNotExpanded_WhenByDefault" storage="d:\actions-runner\_work\xpco\xpco\eventserver\alarmplugin\components\central\videoos.eventserver.alarmplugin.admin.unittest\bin\debug\videoos.eventserver.alarmplugin.admin.unittest.dll" id="3f33eab1-d8c7-28df-4a52-a9affb8a5a90">
      <Execution id="428c7616-06d2-47d1-ab11-10e133fd5a2d" />
      <TestMethod codeBase="D:\actions-runner\_work\XPCO\XPCO\EventServer\AlarmPlugin\Components\Central\VideoOS.EventServer.AlarmPlugin.Admin.UnitTest\bin\Debug\VideoOS.EventServer.AlarmPlugin.Admin.UnitTest.dll" adapterTypeName="executor://mstestadapter/v2" className="VideoOS.EventServer.AlarmPlugin.Admin.UnitTest.Admin.Options.EventGroupViewModelTests" name="EventGroupViewModel_IsNotExpanded_WhenByDefault" />
    </UnitTest>
    <UnitTest name="AlarmsAndEventsViewModel_HasChanges_WhenResetRetentionValues" storage="d:\actions-runner\_work\xpco\xpco\eventserver\alarmplugin\components\central\videoos.eventserver.alarmplugin.admin.unittest\bin\debug\videoos.eventserver.alarmplugin.admin.unittest.dll" id="e1f788f9-e00a-b368-872f-871bacb380be">
      <Execution id="75dfd2a8-7d58-4d48-8d80-b74c20cb3dd5" />
      <TestMethod codeBase="D:\actions-runner\_work\XPCO\XPCO\EventServer\AlarmPlugin\Components\Central\VideoOS.EventServer.AlarmPlugin.Admin.UnitTest\bin\Debug\VideoOS.EventServer.AlarmPlugin.Admin.UnitTest.dll" adapterTypeName="executor://mstestadapter/v2" className="VideoOS.EventServer.AlarmPlugin.Admin.UnitTest.Admin.Options.AlarmsAndEventsViewModelTest" name="AlarmsAndEventsViewModel_HasChanges_WhenResetRetentionValues" />
    </UnitTest>
    <UnitTest name="AddedRemovedUpdatedHelper_ReturnsOther_WhenNotAddedOrRemoved" storage="d:\actions-runner\_work\xpco\xpco\eventserver\alarmplugin\components\central\videoos.eventserver.alarmplugin.admin.unittest\bin\debug\videoos.eventserver.alarmplugin.admin.unittest.dll" id="c14ecbf6-789d-f26f-4a7f-bd04d008cc92">
      <Execution id="7509561f-8227-4c60-8ae8-a1e971c983f0" />
      <TestMethod codeBase="D:\actions-runner\_work\XPCO\XPCO\EventServer\AlarmPlugin\Components\Central\VideoOS.EventServer.AlarmPlugin.Admin.UnitTest\bin\Debug\VideoOS.EventServer.AlarmPlugin.Admin.UnitTest.dll" adapterTypeName="executor://mstestadapter/v2" className="VideoOS.EventServer.AlarmPlugin.Admin.UnitTest.Admin.AddedRemovedOtherHelperTests" name="AddedRemovedUpdatedHelper_ReturnsOther_WhenNotAddedOrRemoved" />
    </UnitTest>
    <UnitTest name="AddedRemovedUpdatedHelper_ReturnsEmptyHashsets_WhenEmpty" storage="d:\actions-runner\_work\xpco\xpco\eventserver\alarmplugin\components\central\videoos.eventserver.alarmplugin.admin.unittest\bin\debug\videoos.eventserver.alarmplugin.admin.unittest.dll" id="b14ce6d0-1f73-ba39-2f59-f3f202956215">
      <Execution id="a3dbf6d4-a8b3-4c89-a661-cdc6959ccdfc" />
      <TestMethod codeBase="D:\actions-runner\_work\XPCO\XPCO\EventServer\AlarmPlugin\Components\Central\VideoOS.EventServer.AlarmPlugin.Admin.UnitTest\bin\Debug\VideoOS.EventServer.AlarmPlugin.Admin.UnitTest.dll" adapterTypeName="executor://mstestadapter/v2" className="VideoOS.EventServer.AlarmPlugin.Admin.UnitTest.Admin.AddedRemovedOtherHelperTests" name="AddedRemovedUpdatedHelper_ReturnsEmptyHashsets_WhenEmpty" />
    </UnitTest>
    <UnitTest name="AlarmDefItemManager_HasEmptyAlarmDefItems_WhenUserHasNoReadAccessGlobalOrUserHasNoWriteAccessGlobal" storage="d:\actions-runner\_work\xpco\xpco\eventserver\alarmplugin\components\central\videoos.eventserver.alarmplugin.admin.unittest\bin\debug\videoos.eventserver.alarmplugin.admin.unittest.dll" id="2e37cd8f-3bc6-2f24-56b5-0468d61a5571">
      <Execution id="0990d889-a2d5-42dd-95c7-ef41466a19b2" />
      <TestMethod codeBase="D:\actions-runner\_work\XPCO\XPCO\EventServer\AlarmPlugin\Components\Central\VideoOS.EventServer.AlarmPlugin.Admin.UnitTest\bin\Debug\VideoOS.EventServer.AlarmPlugin.Admin.UnitTest.dll" adapterTypeName="executor://mstestadapter/v2" className="VideoOS.EventServer.AlarmPlugin.Admin.UnitTest.Admin.AlarmDefItemManagerTests" name="AlarmDefItemManager_HasEmptyAlarmDefItems_WhenUserHasNoReadAccessGlobalOrUserHasNoWriteAccessGlobal" />
    </UnitTest>
  </TestDefinitions>
  <TestEntries>
    <TestEntry testId="85b0ad5f-b0e8-2ae3-a5c8-e0e7f1a8ff9f" executionId="e0dfdcaf-c4eb-4ac4-8d33-c83025ac8907" testListId="8c84fa94-04c1-424b-9868-57a2d4851a1d" />
    <TestEntry testId="c1018fe6-9ff7-9f9f-2975-df3022bc1d9d" executionId="98806c88-4a21-4752-9ec0-f0d837505719" testListId="8c84fa94-04c1-424b-9868-57a2d4851a1d" />
    <TestEntry testId="4d929168-c253-c255-a5e2-44692162a75a" executionId="8b4a385d-213d-49a4-9cd1-3fc7adf5a5bd" testListId="8c84fa94-04c1-424b-9868-57a2d4851a1d" />
    <TestEntry testId="9dc15ba8-3da1-ef4e-0465-53503e1bcd31" executionId="3a667040-2b46-4920-8e33-5c6e6f46f3b8" testListId="8c84fa94-04c1-424b-9868-57a2d4851a1d" />
    <TestEntry testId="451aa4f5-77c8-8ca9-c6d5-b596c901fab3" executionId="7fd097b1-fd7b-42be-8f72-ac7c64ded6f8" testListId="8c84fa94-04c1-424b-9868-57a2d4851a1d" />
    <TestEntry testId="3b201806-0f6e-3741-889c-4a92a2ce88ad" executionId="16603a96-e400-4a16-bd08-e854f78bb088" testListId="8c84fa94-04c1-424b-9868-57a2d4851a1d" />
    <TestEntry testId="4c4677b2-84b8-4c08-9166-0925873c7248" executionId="6f85f1c1-632b-4f5f-a470-f2b0715b6986" testListId="8c84fa94-04c1-424b-9868-57a2d4851a1d" />
    <TestEntry testId="db6cb18d-54d6-6340-783d-efb28448ea1e" executionId="994b2e03-ce9a-49c8-a483-96b6067934a8" testListId="8c84fa94-04c1-424b-9868-57a2d4851a1d" />
    <TestEntry testId="f4b09a43-5c91-97ec-3844-a4230abfa598" executionId="1744d661-f7d5-48e7-b430-19c917e6f938" testListId="8c84fa94-04c1-424b-9868-57a2d4851a1d" />
    <TestEntry testId="1b0efad3-a9ed-d5bc-e358-ca5505e2a5f0" executionId="d6bad9ae-b34e-46b5-bf78-4d64e276a208" testListId="8c84fa94-04c1-424b-9868-57a2d4851a1d" />
    <TestEntry testId="226901fa-85eb-1ee1-766b-f8c234130f81" executionId="76fda121-239e-4481-93ec-907591630c7a" testListId="8c84fa94-04c1-424b-9868-57a2d4851a1d" />
    <TestEntry testId="c25a54f9-6357-e4b3-4529-e91b4c07433d" executionId="38238392-4a00-4178-8135-dc12e3962afe" testListId="8c84fa94-04c1-424b-9868-57a2d4851a1d" />
    <TestEntry testId="9c0085b6-2212-0fcd-15ac-536422b8cabc" executionId="57f5a7d1-a6dd-4df6-810e-2b6b44fa5618" testListId="8c84fa94-04c1-424b-9868-57a2d4851a1d" />
    <TestEntry testId="4af2bc29-2734-ef6c-5497-594f8a1a81b6" executionId="ed55f7b6-3fbc-48ac-9727-dfa0916c5b79" testListId="8c84fa94-04c1-424b-9868-57a2d4851a1d" />
    <TestEntry testId="e58aa09e-9a01-baa6-fd21-f900c234b985" executionId="2744777a-40e4-4ac6-8447-c5f38f2f5558" testListId="8c84fa94-04c1-424b-9868-57a2d4851a1d" />
    <TestEntry testId="938bfaa8-11dd-c0db-13fc-c9c61c9e6221" executionId="b332601e-e406-4c8c-b332-4fcdca4985b9" testListId="8c84fa94-04c1-424b-9868-57a2d4851a1d" />
    <TestEntry testId="57a17993-0a5b-0d9d-f592-61bde7cc84bf" executionId="4f2b6bf9-c944-45b6-88f7-92a897ae0ffb" testListId="8c84fa94-04c1-424b-9868-57a2d4851a1d" />
    <TestEntry testId="39209d7a-cc5e-94a3-c44e-2932ac004089" executionId="56667b96-ee58-4ad0-8ae0-aff391d1cf7a" testListId="8c84fa94-04c1-424b-9868-57a2d4851a1d" />
    <TestEntry testId="8f54cfcc-6bab-bc3e-0c3c-a79b783a3304" executionId="6a4b7274-ad52-4d58-8c0f-eb799c323762" testListId="8c84fa94-04c1-424b-9868-57a2d4851a1d" />
    <TestEntry testId="b12c13a0-5f31-b27f-427e-c57e714805a2" executionId="065b4945-1a03-48be-8d33-22ca614364e2" testListId="8c84fa94-04c1-424b-9868-57a2d4851a1d" />
    <TestEntry testId="8a6e0d9c-6369-bec6-116b-0067f3ea2a8c" executionId="d21ef74e-c12c-4014-b2c5-cc32141da4e7" testListId="8c84fa94-04c1-424b-9868-57a2d4851a1d" />
    <TestEntry testId="5e1073f1-f156-719b-6c9f-77cc43c97e0d" executionId="eb972814-c951-4599-89f5-98b53b9e6dfb" testListId="8c84fa94-04c1-424b-9868-57a2d4851a1d" />
    <TestEntry testId="3dbdd863-b06b-d42c-7528-a0c4e937420d" executionId="c56e1d37-eca2-4711-bad7-da909a31d50c" testListId="8c84fa94-04c1-424b-9868-57a2d4851a1d" />
    <TestEntry testId="af53e87e-e2dd-c03d-04cf-33cf3c5e757c" executionId="60df41c6-bba0-47ea-961a-3d9d6c3cfde3" testListId="8c84fa94-04c1-424b-9868-57a2d4851a1d" />
    <TestEntry testId="bc64b7e4-a721-3a53-9712-eb42a9557c57" executionId="e81e1349-d0a5-477e-a11a-fa937aaa3daf" testListId="8c84fa94-04c1-424b-9868-57a2d4851a1d" />
    <TestEntry testId="6ef6e584-a7ad-3f17-cf51-3c16480c7e43" executionId="786be6b6-6463-41ea-94c9-8e9235f97255" testListId="8c84fa94-04c1-424b-9868-57a2d4851a1d" />
    <TestEntry testId="889532ba-2a9c-a1b7-6886-cfb5250c3dbd" executionId="a137d55c-6f6f-4be3-a52d-b735fb4c3615" testListId="8c84fa94-04c1-424b-9868-57a2d4851a1d" />
    <TestEntry testId="1bb89f6f-9fbe-04dd-9547-dbd39b825925" executionId="c377b127-d9de-46f9-946c-21f90743f37c" testListId="8c84fa94-04c1-424b-9868-57a2d4851a1d" />
    <TestEntry testId="3f33eab1-d8c7-28df-4a52-a9affb8a5a90" executionId="428c7616-06d2-47d1-ab11-10e133fd5a2d" testListId="8c84fa94-04c1-424b-9868-57a2d4851a1d" />
    <TestEntry testId="f0ad5408-782e-4d72-a7a4-0d94ab4ce22b" executionId="2bb0d1c2-e329-4ce6-81e8-c895da3df6e2" testListId="8c84fa94-04c1-424b-9868-57a2d4851a1d" />
    <TestEntry testId="77fdc9ab-29e9-12ee-ab7f-a3df3aea10fe" executionId="fca6ac80-41ac-4176-ac75-c5fb9773448c" testListId="8c84fa94-04c1-424b-9868-57a2d4851a1d" />
    <TestEntry testId="252c9755-4638-36c9-dab0-81ecd1106e30" executionId="037a432c-07ed-49af-a415-0f0b25085917" testListId="8c84fa94-04c1-424b-9868-57a2d4851a1d" />
    <TestEntry testId="02095ee7-85de-163c-11dc-a32453653cc4" executionId="89252050-927b-444e-b33a-62a1114d6cc4" testListId="8c84fa94-04c1-424b-9868-57a2d4851a1d" />
    <TestEntry testId="39ecc4d3-233a-438d-94de-9f2ebffced0d" executionId="dc4db892-941b-41f0-ac7d-fb458a0c26f2" testListId="8c84fa94-04c1-424b-9868-57a2d4851a1d" />
    <TestEntry testId="7d3dc5ee-473e-cf0d-3422-f54c4dc6e71e" executionId="215e9bae-72b4-49a6-a8cd-8e4a20a3de2d" testListId="8c84fa94-04c1-424b-9868-57a2d4851a1d" />
    <TestEntry testId="6d1933ae-b92e-3bae-c970-774e7b959cd3" executionId="93ec8d12-893f-41b5-ab65-919e733ee370" testListId="8c84fa94-04c1-424b-9868-57a2d4851a1d" />
    <TestEntry testId="f1cc9811-4ca5-651c-1429-2f048be27c36" executionId="f5cbcbd8-93a4-48e9-819e-67a71043bf18" testListId="8c84fa94-04c1-424b-9868-57a2d4851a1d" />
    <TestEntry testId="942ddf51-9994-ac87-5f80-39016b665ea0" executionId="61b629ca-3221-49a3-8f1b-26b5bfc1377d" testListId="8c84fa94-04c1-424b-9868-57a2d4851a1d" />
    <TestEntry testId="c14ecbf6-789d-f26f-4a7f-bd04d008cc92" executionId="7509561f-8227-4c60-8ae8-a1e971c983f0" testListId="8c84fa94-04c1-424b-9868-57a2d4851a1d" />
    <TestEntry testId="81ed2ef4-529d-2aa0-c455-58267e1d27d9" executionId="62502875-9fe5-4d4e-940c-0fd728764349" testListId="8c84fa94-04c1-424b-9868-57a2d4851a1d" />
    <TestEntry testId="9b127709-bc2e-56fe-80a6-ddb607729c4d" executionId="044cc16d-ee2e-45e3-8164-9c289e44863f" testListId="8c84fa94-04c1-424b-9868-57a2d4851a1d" />
    <TestEntry testId="2e37cd8f-3bc6-2f24-56b5-0468d61a5571" executionId="0990d889-a2d5-42dd-95c7-ef41466a19b2" testListId="8c84fa94-04c1-424b-9868-57a2d4851a1d" />
    <TestEntry testId="742cc462-cb47-f8ec-767d-aee58dd90155" executionId="becd679a-ca41-4d68-b404-aff3e70336be" testListId="8c84fa94-04c1-424b-9868-57a2d4851a1d" />
    <TestEntry testId="b2afae55-f082-c979-1e5f-faf0a79fc878" executionId="aa22932a-b8ba-4130-a8df-e8b9cbb89847" testListId="8c84fa94-04c1-424b-9868-57a2d4851a1d" />
    <TestEntry testId="69dc3628-a1cf-8c61-6a77-b1641f2b1a27" executionId="d4bae36e-0c31-4adf-953b-68de4d78ab43" testListId="8c84fa94-04c1-424b-9868-57a2d4851a1d" />
    <TestEntry testId="ac619e13-2eed-7937-76cb-9a5c57878a49" executionId="9d7f41b9-f09c-4450-be94-07b1fd5a4966" testListId="8c84fa94-04c1-424b-9868-57a2d4851a1d" />
    <TestEntry testId="e7295e8b-a6c3-4da5-1f6e-81687e6b414b" executionId="b5f9113e-6ea3-478d-ad43-2075d365029b" testListId="8c84fa94-04c1-424b-9868-57a2d4851a1d" />
    <TestEntry testId="a193c55f-7b3f-242c-e10c-350513dfe792" executionId="4fb54425-9c3d-4cad-986b-fcad00e2e890" testListId="8c84fa94-04c1-424b-9868-57a2d4851a1d" />
    <TestEntry testId="935a00fb-3f5c-6175-7370-1e2583f4110b" executionId="71032d20-5785-4399-b24f-b19855111610" testListId="8c84fa94-04c1-424b-9868-57a2d4851a1d" />
    <TestEntry testId="dcf5fc6e-e17c-a14f-5d0d-86d582eace3e" executionId="8b365cae-a74e-44f7-bbc9-126537dbc415" testListId="8c84fa94-04c1-424b-9868-57a2d4851a1d" />
    <TestEntry testId="d03df60d-4055-b510-1083-ca07e9b41fd4" executionId="cc959cf7-c3ac-4b41-95e8-aabd5b0acaf1" testListId="8c84fa94-04c1-424b-9868-57a2d4851a1d" />
    <TestEntry testId="2fe2be31-3c08-e4c6-b886-7ac4cf088203" executionId="c19f6f71-3014-4c1c-933b-6cddceb9f3ca" testListId="8c84fa94-04c1-424b-9868-57a2d4851a1d" />
    <TestEntry testId="df4e9d73-0bd2-a35b-cdc3-f0dccae63719" executionId="4a0e5143-2166-4c71-adc1-fef42cb50a40" testListId="8c84fa94-04c1-424b-9868-57a2d4851a1d" />
    <TestEntry testId="0b06c950-9cbd-d546-feef-d04c21762783" executionId="3c7c6400-ad7f-4eaf-ac34-b9e3cce1a9d6" testListId="8c84fa94-04c1-424b-9868-57a2d4851a1d" />
    <TestEntry testId="4c19c481-c76f-a744-a3e1-cc63d83aba5a" executionId="9eb97088-99a9-48ea-a6b6-47a1eed2be59" testListId="8c84fa94-04c1-424b-9868-57a2d4851a1d" />
    <TestEntry testId="b14ce6d0-1f73-ba39-2f59-f3f202956215" executionId="a3dbf6d4-a8b3-4c89-a661-cdc6959ccdfc" testListId="8c84fa94-04c1-424b-9868-57a2d4851a1d" />
    <TestEntry testId="e0f65d1e-a4b9-9f8a-9ef6-cfe7503432e8" executionId="6603504f-b18f-459d-a114-d3cd86be8ae3" testListId="8c84fa94-04c1-424b-9868-57a2d4851a1d" />
    <TestEntry testId="fe42d2c4-78d4-3309-1b07-1eb4478b0e1c" executionId="e670cadf-c1ad-4235-9fd8-7ee52d44cb3f" testListId="8c84fa94-04c1-424b-9868-57a2d4851a1d" />
    <TestEntry testId="e1f788f9-e00a-b368-872f-871bacb380be" executionId="75dfd2a8-7d58-4d48-8d80-b74c20cb3dd5" testListId="8c84fa94-04c1-424b-9868-57a2d4851a1d" />
    <TestEntry testId="03a79091-d479-ae57-5b69-8903b4b089b2" executionId="e8e8742f-47a0-410d-a9a9-9efd31c0ce4d" testListId="8c84fa94-04c1-424b-9868-57a2d4851a1d" />
    <TestEntry testId="ccee0ea2-523b-2e9d-a505-1f43f91af32a" executionId="f15061a3-79f0-4546-84a3-0b4f1e3915f2" testListId="8c84fa94-04c1-424b-9868-57a2d4851a1d" />
    <TestEntry testId="19873527-5803-b025-b607-d4e8b6deee72" executionId="07289fb3-f805-4b9c-890e-820dbe496c42" testListId="8c84fa94-04c1-424b-9868-57a2d4851a1d" />
    <TestEntry testId="a752b09a-2266-9a15-6a84-7c190e591728" executionId="3fc674a1-a558-44c0-9d97-71999d5fc428" testListId="8c84fa94-04c1-424b-9868-57a2d4851a1d" />
    <TestEntry testId="f97d43c0-ac2d-4b2d-27e7-c1f3e48e6fe4" executionId="e87953c0-85fd-40d8-a592-1128f4ef4af2" testListId="8c84fa94-04c1-424b-9868-57a2d4851a1d" />
    <TestEntry testId="dfff9ea8-9865-aebe-88b8-a63133983d30" executionId="43b16a13-b3b8-4818-87d1-7c335dedc744" testListId="8c84fa94-04c1-424b-9868-57a2d4851a1d" />
    <TestEntry testId="ef11c8f2-d99c-1df9-268d-43a49b9ae3ca" executionId="5f120a6c-f680-4b29-b1ed-1e65c24d3a77" testListId="8c84fa94-04c1-424b-9868-57a2d4851a1d" />
    <TestEntry testId="529f6781-dc80-8b31-9185-07fefabf4137" executionId="1840a9b0-930f-4426-8f22-19ecbff24b78" testListId="8c84fa94-04c1-424b-9868-57a2d4851a1d" />
    <TestEntry testId="f41035db-5cf4-c360-4eac-4f5f4650f728" executionId="59307fc0-666d-447b-a15d-82b5d6f7157c" testListId="8c84fa94-04c1-424b-9868-57a2d4851a1d" />
    <TestEntry testId="e1ac22a7-79ea-687e-b52c-4f6d47251fae" executionId="06e200ad-ce3f-4ec6-b8c5-3bb083c5b9b3" testListId="8c84fa94-04c1-424b-9868-57a2d4851a1d" />
    <TestEntry testId="f53a846c-5679-f9ef-6f09-24bfbbe7fe91" executionId="39775aa8-26b1-474d-9fe3-0c05382291c3" testListId="8c84fa94-04c1-424b-9868-57a2d4851a1d" />
    <TestEntry testId="6e1ea880-19b7-dce0-bcfe-901243108ade" executionId="8e056430-6c0a-451b-bc53-ef4036a4c01d" testListId="8c84fa94-04c1-424b-9868-57a2d4851a1d" />
    <TestEntry testId="5269931c-1ae1-b446-9c42-618e052d2d03" executionId="b747de58-fac4-4ea6-944d-032246c0c0d8" testListId="8c84fa94-04c1-424b-9868-57a2d4851a1d" />
  </TestEntries>
  <TestLists>
    <TestList name="Results Not in a List" id="8c84fa94-04c1-424b-9868-57a2d4851a1d" />
    <TestList name="All Loaded Results" id="19431567-8539-422a-85d7-44ee4e166bda" />
  </TestLists>
  <ResultSummary outcome="Completed">
    <Counters total="72" executed="72" passed="72" failed="0" error="0" timeout="0" aborted="0" inconclusive="0" passedButRunAborted="0" notRunnable="0" notExecuted="0" disconnected="0" warning="0" completed="0" inProgress="0" pending="0" />
  </ResultSummary>
</TestRun>