<?xml version="1.0" encoding="utf-8"?>
<TestRun id="895e3a49-89d5-4a7c-b0a2-90dce1159006" name="DKSR-EFI-04$@DKSR-EFI-04 2023-12-22 09:33:26" runUser="NT AUTHORITY\NETWORK SERVICE" xmlns="http://microsoft.com/schemas/VisualStudio/TeamTest/2010">
  <Times creation="2023-12-22T09:33:26.1780947+01:00" queuing="2023-12-22T09:33:26.1780947+01:00" start="2023-12-22T09:33:16.7561725+01:00" finish="2023-12-22T09:33:28.7874830+01:00" />
  <TestSettings name="default" id="b303497b-1f7d-4eda-89d8-622653052fdb">
    <Deployment runDeploymentRoot="DKSR-EFI-04$_DKSR-EFI-04_2023-12-22_09_33_26" />
  </TestSettings>
  <Results>
    <UnitTestResult executionId="584ee946-f9a0-4fc0-b4b7-8df25ea422ed" testId="1fecf0ba-7482-34f9-6a6a-7750db2d034d" testName="CheckAndModifyUri_NonStandardUri_UnsecureNotAllowed_SecureNotAvailable_ThrowsInvalidOperationException" computerName="DKSR-EFI-04" duration="00:00:00.0007003" startTime="2023-12-22T09:33:26.7718479+01:00" endTime="2023-12-22T09:33:26.7718479+01:00" testType="13cdc9d9-ddb5-4fa4-a97d-d965ccfc6d4b" outcome="Passed" testListId="8c84fa94-04c1-424b-9868-57a2d4851a1d" relativeResultsDirectory="584ee946-f9a0-4fc0-b4b7-8df25ea422ed" />
    <UnitTestResult executionId="88e4a0f2-e3af-4ae2-a847-8d9d254afa79" testId="c4b6c8d0-f1eb-5111-203f-5ec41ad9f087" testName="ModifyUri_NonStandardUri_UnsecureNotAllowed_SecureAvailable_ModifiedToHttps_PortUnchanged" computerName="DKSR-EFI-04" duration="00:00:00.0002960" startTime="2023-12-22T09:33:26.8187210+01:00" endTime="2023-12-22T09:33:26.8187210+01:00" testType="13cdc9d9-ddb5-4fa4-a97d-d965ccfc6d4b" outcome="Passed" testListId="8c84fa94-04c1-424b-9868-57a2d4851a1d" relativeResultsDirectory="88e4a0f2-e3af-4ae2-a847-8d9d254afa79" />
    <UnitTestResult executionId="bd0d0e86-21ea-4179-a6a7-740cbf354c5d" testId="5e4e1f01-c541-2c46-a0e5-cc0c027ac125" testName="Construct_InvalidILog_Throws_ArgumentNullException" computerName="DKSR-EFI-04" startTime="2023-12-22T09:33:26.2405947+01:00" endTime="2023-12-22T09:33:26.2405947+01:00" testType="13cdc9d9-ddb5-4fa4-a97d-d965ccfc6d4b" outcome="NotExecuted" testListId="8c84fa94-04c1-424b-9868-57a2d4851a1d" relativeResultsDirectory="bd0d0e86-21ea-4179-a6a7-740cbf354c5d">
      <Output></Output>
    </UnitTestResult>
    <UnitTestResult executionId="7481e89d-153d-44bf-926b-ac09b2d36a1c" testId="e3ceee5e-219f-17bf-3f31-876ca9e890d6" testName="NavigationUIItem_ConstructorTest_IdNull" computerName="DKSR-EFI-04" duration="00:00:00.0005769" startTime="2023-12-22T09:33:26.8968462+01:00" endTime="2023-12-22T09:33:26.8968462+01:00" testType="13cdc9d9-ddb5-4fa4-a97d-d965ccfc6d4b" outcome="Passed" testListId="8c84fa94-04c1-424b-9868-57a2d4851a1d" relativeResultsDirectory="7481e89d-153d-44bf-926b-ac09b2d36a1c" />
    <UnitTestResult executionId="5b1c7a4e-21fa-4534-bae0-784a868dc826" testId="3cb603d9-f76d-e264-f98b-b33e5519a664" testName="Constructor_NullILog_ThrowsArgumentNullException" computerName="DKSR-EFI-04" duration="00:00:00.0007759" startTime="2023-12-22T09:33:26.6468446+01:00" endTime="2023-12-22T09:33:26.6468446+01:00" testType="13cdc9d9-ddb5-4fa4-a97d-d965ccfc6d4b" outcome="Passed" testListId="8c84fa94-04c1-424b-9868-57a2d4851a1d" relativeResultsDirectory="5b1c7a4e-21fa-4534-bae0-784a868dc826" />
    <UnitTestResult executionId="ae9597f7-29df-4883-b889-a73d2653e029" testId="36865be7-deea-626d-e523-6d3ff2fdc30e" testName="CreateUri_UrlNoSchemePortNot80_SchemeBecomesHttps" computerName="DKSR-EFI-04" duration="00:00:00.0002733" startTime="2023-12-22T09:33:26.7249695+01:00" endTime="2023-12-22T09:33:26.7249695+01:00" testType="13cdc9d9-ddb5-4fa4-a97d-d965ccfc6d4b" outcome="Passed" testListId="8c84fa94-04c1-424b-9868-57a2d4851a1d" relativeResultsDirectory="ae9597f7-29df-4883-b889-a73d2653e029" />
    <UnitTestResult executionId="1f1e76ab-ad15-44c0-9a1e-1b2ea83f682d" testId="50f2dfd2-26a2-52d2-d1e0-b3064cc0d92f" testName="NavigationUIItem_ConstructorTest_IdEmpty" computerName="DKSR-EFI-04" duration="00:00:00.0005500" startTime="2023-12-22T09:33:26.9124716+01:00" endTime="2023-12-22T09:33:26.9124716+01:00" testType="13cdc9d9-ddb5-4fa4-a97d-d965ccfc6d4b" outcome="Passed" testListId="8c84fa94-04c1-424b-9868-57a2d4851a1d" relativeResultsDirectory="1f1e76ab-ad15-44c0-9a1e-1b2ea83f682d" />
    <UnitTestResult executionId="41c9d9ae-8bb1-498a-9808-2b339401648d" testId="7e985e5f-484a-9096-c375-d40c01dba003" testName="ConnectionInfo_CredentialsWindows_WithDomain" computerName="DKSR-EFI-04" duration="00:00:00.0018198" startTime="2023-12-22T09:33:26.5062195+01:00" endTime="2023-12-22T09:33:26.5062195+01:00" testType="13cdc9d9-ddb5-4fa4-a97d-d965ccfc6d4b" outcome="Passed" testListId="8c84fa94-04c1-424b-9868-57a2d4851a1d" relativeResultsDirectory="41c9d9ae-8bb1-498a-9808-2b339401648d" />
    <UnitTestResult executionId="7714d1b2-24cc-4cfb-9c95-ef0e9498a86d" testId="4c733873-7574-3cd3-d492-7861e25965da" testName="AuthenticationBasic_SetProperties_Success" computerName="DKSR-EFI-04" duration="00:00:00.0005628" startTime="2023-12-22T09:33:26.1624681+01:00" endTime="2023-12-22T09:33:26.1624681+01:00" testType="13cdc9d9-ddb5-4fa4-a97d-d965ccfc6d4b" outcome="Passed" testListId="8c84fa94-04c1-424b-9868-57a2d4851a1d" relativeResultsDirectory="7714d1b2-24cc-4cfb-9c95-ef0e9498a86d" />
    <UnitTestResult executionId="e932c4e2-6003-4fc1-a143-30b1cf702ec3" testId="2bac4cdb-69ac-8eb1-de18-9a7127d3ebdc" testName="ConnectionInfo_ExternalId_Null_Throws_ArgumentNullException" computerName="DKSR-EFI-04" duration="00:00:00.0012875" startTime="2023-12-22T09:33:26.5687193+01:00" endTime="2023-12-22T09:33:26.5687193+01:00" testType="13cdc9d9-ddb5-4fa4-a97d-d965ccfc6d4b" outcome="Passed" testListId="8c84fa94-04c1-424b-9868-57a2d4851a1d" relativeResultsDirectory="e932c4e2-6003-4fc1-a143-30b1cf702ec3" />
    <UnitTestResult executionId="36edeb91-78bd-4696-8107-5aa61ed8abbc" testId="a229abc5-14d6-faad-eb7a-68a8f4eb3c81" testName="ForceModifyUri_NonStandard_IsSecure_ThrowsInvalidOperationException" computerName="DKSR-EFI-04" duration="00:00:00.0006957" startTime="2023-12-22T09:33:26.8343470+01:00" endTime="2023-12-22T09:33:26.8343470+01:00" testType="13cdc9d9-ddb5-4fa4-a97d-d965ccfc6d4b" outcome="Passed" testListId="8c84fa94-04c1-424b-9868-57a2d4851a1d" relativeResultsDirectory="36edeb91-78bd-4696-8107-5aa61ed8abbc" />
    <UnitTestResult executionId="3db9fcf6-8c91-4380-93a7-a20c205d1b40" testId="e16c14b3-135b-767c-45b8-c930afb7ff57" testName="IsSecureConnection_ReturnsInvalidIdpServer_Throws_InvalidOperationException" computerName="DKSR-EFI-04" startTime="2023-12-22T09:33:26.2405947+01:00" endTime="2023-12-22T09:33:26.2405947+01:00" testType="13cdc9d9-ddb5-4fa4-a97d-d965ccfc6d4b" outcome="NotExecuted" testListId="8c84fa94-04c1-424b-9868-57a2d4851a1d" relativeResultsDirectory="3db9fcf6-8c91-4380-93a7-a20c205d1b40">
      <Output></Output>
    </UnitTestResult>
    <UnitTestResult executionId="b09e01e3-9700-4826-9383-cc72a3a89aa1" testId="d804f483-9b98-5d7d-ddfe-a15d08999d0f" testName="ManagementClientVmoClientFactory_CreateServerConnection_OAuth_BasicUser_Success" computerName="DKSR-EFI-04" duration="00:00:00.0011660" startTime="2023-12-22T09:33:28.0843537+01:00" endTime="2023-12-22T09:33:28.0843537+01:00" testType="13cdc9d9-ddb5-4fa4-a97d-d965ccfc6d4b" outcome="Passed" testListId="8c84fa94-04c1-424b-9868-57a2d4851a1d" relativeResultsDirectory="b09e01e3-9700-4826-9383-cc72a3a89aa1" />
    <UnitTestResult executionId="00975115-1fed-42d5-8ff3-4e028a274e58" testId="3fbd4032-3d08-3c4f-3516-654c1a3f2001" testName="CreateProxyUsingLocalTokenCache_ConstructUsingExternalProviderConstructor_ReturnsExpected" computerName="DKSR-EFI-04" duration="00:00:00.0006462" startTime="2023-12-22T09:33:27.8499763+01:00" endTime="2023-12-22T09:33:27.8499763+01:00" testType="13cdc9d9-ddb5-4fa4-a97d-d965ccfc6d4b" outcome="Passed" testListId="8c84fa94-04c1-424b-9868-57a2d4851a1d" relativeResultsDirectory="00975115-1fed-42d5-8ff3-4e028a274e58" />
    <UnitTestResult executionId="c49f8cfd-4596-45b2-b65b-b2dc6efb74f7" testId="29262371-340f-e5cc-cd3a-01410ee22776" testName="Construct_InvalidILocalUserOptions_Throws_ArgumentNullException" computerName="DKSR-EFI-04" startTime="2023-12-22T09:33:26.2405947+01:00" endTime="2023-12-22T09:33:26.2405947+01:00" testType="13cdc9d9-ddb5-4fa4-a97d-d965ccfc6d4b" outcome="NotExecuted" testListId="8c84fa94-04c1-424b-9868-57a2d4851a1d" relativeResultsDirectory="c49f8cfd-4596-45b2-b65b-b2dc6efb74f7">
      <Output></Output>
    </UnitTestResult>
    <UnitTestResult executionId="a747e5eb-e97f-42af-951d-391b36d62170" testId="4bfb1c51-cefe-843a-c8a5-3e7bae7770f9" testName="CheckAndModifyUri_StandardUri_UnsecureAllowed_NoEndpointsAvailable_ThrowsInvalidOperationException" computerName="DKSR-EFI-04" duration="00:00:00.0051029" startTime="2023-12-22T09:33:26.6937195+01:00" endTime="2023-12-22T09:33:26.6937195+01:00" testType="13cdc9d9-ddb5-4fa4-a97d-d965ccfc6d4b" outcome="Passed" testListId="8c84fa94-04c1-424b-9868-57a2d4851a1d" relativeResultsDirectory="a747e5eb-e97f-42af-951d-391b36d62170" />
    <UnitTestResult executionId="24bdaaf2-d19a-4c8c-a49a-d863da572bd8" testId="5f5a3ee1-a5fc-743f-75a0-b7afe0b05451" testName="CreateUri_HttpUrl_SchemeRemainsHttp" computerName="DKSR-EFI-04" duration="00:00:00.0036173" startTime="2023-12-22T09:33:26.7093456+01:00" endTime="2023-12-22T09:33:26.7093456+01:00" testType="13cdc9d9-ddb5-4fa4-a97d-d965ccfc6d4b" outcome="Passed" testListId="8c84fa94-04c1-424b-9868-57a2d4851a1d" relativeResultsDirectory="24bdaaf2-d19a-4c8c-a49a-d863da572bd8" />
    <UnitTestResult executionId="2ec97b64-21e6-4fe5-b788-6974721c8d55" testId="5a849e52-71ae-3f90-8ce0-f4ae4137f49b" testName="IsSecureConnection_HasValidIdpServer_WithValidCertificate_Returns_True" computerName="DKSR-EFI-04" startTime="2023-12-22T09:33:26.2405947+01:00" endTime="2023-12-22T09:33:26.2405947+01:00" testType="13cdc9d9-ddb5-4fa4-a97d-d965ccfc6d4b" outcome="NotExecuted" testListId="8c84fa94-04c1-424b-9868-57a2d4851a1d" relativeResultsDirectory="2ec97b64-21e6-4fe5-b788-6974721c8d55">
      <Output></Output>
    </UnitTestResult>
    <UnitTestResult executionId="2ddd79fb-b0a3-4738-8ae9-e7bb008ce247" testId="1102ab3c-96f9-0a2e-47c1-9d16015364b3" testName="NavigationUIItemCollection_GetUIElementsXml" computerName="DKSR-EFI-04" duration="00:00:00.0218041" startTime="2023-12-22T09:33:26.9124716+01:00" endTime="2023-12-22T09:33:26.9280954+01:00" testType="13cdc9d9-ddb5-4fa4-a97d-d965ccfc6d4b" outcome="Passed" testListId="8c84fa94-04c1-424b-9868-57a2d4851a1d" relativeResultsDirectory="2ddd79fb-b0a3-4738-8ae9-e7bb008ce247" />
    <UnitTestResult executionId="0cb00cd3-2ea5-4b39-8eb5-a0d8eadf2848" testId="45866eeb-fcd0-1520-450b-777e9542eb97" testName="ModifyUri_NullUri_ThrowsArgumentNullException" computerName="DKSR-EFI-04" duration="00:00:00.0008797" startTime="2023-12-22T09:33:26.6937195+01:00" endTime="2023-12-22T09:33:26.6937195+01:00" testType="13cdc9d9-ddb5-4fa4-a97d-d965ccfc6d4b" outcome="Passed" testListId="8c84fa94-04c1-424b-9868-57a2d4851a1d" relativeResultsDirectory="0cb00cd3-2ea5-4b39-8eb5-a0d8eadf2848" />
    <UnitTestResult executionId="d65111bc-9415-40b1-92d0-3cb48a2d691d" testId="b0b90fda-da1b-ec85-e376-7226be0a67a9" testName="Launch_NullUri_ThrowsArgumentNullException" computerName="DKSR-EFI-04" duration="00:00:00.0010026" startTime="2023-12-22T09:33:26.8812222+01:00" endTime="2023-12-22T09:33:26.8812222+01:00" testType="13cdc9d9-ddb5-4fa4-a97d-d965ccfc6d4b" outcome="Passed" testListId="8c84fa94-04c1-424b-9868-57a2d4851a1d" relativeResultsDirectory="d65111bc-9415-40b1-92d0-3cb48a2d691d" />
    <UnitTestResult executionId="b688e26f-889b-4df5-a478-04c0b8200294" testId="1d11affc-3ca4-e9d6-5a51-0191d615dc9c" testName="CreateProxyUsingLocalTokenCache_OAuthAuthenticationSecure_ReturnsExpected" computerName="DKSR-EFI-04" duration="00:00:00.0011508" startTime="2023-12-22T09:33:27.8499763+01:00" endTime="2023-12-22T09:33:27.8499763+01:00" testType="13cdc9d9-ddb5-4fa4-a97d-d965ccfc6d4b" outcome="Passed" testListId="8c84fa94-04c1-424b-9868-57a2d4851a1d" relativeResultsDirectory="b688e26f-889b-4df5-a478-04c0b8200294" />
    <UnitTestResult executionId="edd0ad8d-d9c0-4aa9-be3f-8490bba1d12c" testId="bd1f22e6-c95c-b879-1bdf-1f4da04f29c5" testName="NavigationUIItemCollection_FromXml" computerName="DKSR-EFI-04" duration="00:00:00.5462171" startTime="2023-12-22T09:33:26.9280954+01:00" endTime="2023-12-22T09:33:27.4749749+01:00" testType="13cdc9d9-ddb5-4fa4-a97d-d965ccfc6d4b" outcome="Passed" testListId="8c84fa94-04c1-424b-9868-57a2d4851a1d" relativeResultsDirectory="edd0ad8d-d9c0-4aa9-be3f-8490bba1d12c" />
    <UnitTestResult executionId="ac4375c3-96c1-4f1f-86b8-47e26857cd2b" testId="1d7b482c-f724-8982-d63d-0d78e4450acf" testName="ForceModifyUri_NonStandardPort80_IsSecure_ThrowsInvalidOperationException" computerName="DKSR-EFI-04" duration="00:00:00.0006110" startTime="2023-12-22T09:33:26.8343470+01:00" endTime="2023-12-22T09:33:26.8343470+01:00" testType="13cdc9d9-ddb5-4fa4-a97d-d965ccfc6d4b" outcome="Passed" testListId="8c84fa94-04c1-424b-9868-57a2d4851a1d" relativeResultsDirectory="ac4375c3-96c1-4f1f-86b8-47e26857cd2b" />
    <UnitTestResult executionId="c61f256a-61d6-4e4e-a963-1032732500f8" testId="9efd9cea-6d02-0c40-586a-6dffdfc13515" testName="CheckAndModifyUri_StandardUri_UnsecureNotAllowed_SecureNotAvailable_ThrowsInvalidOperationException" computerName="DKSR-EFI-04" duration="00:00:00.0007599" startTime="2023-12-22T09:33:26.7562193+01:00" endTime="2023-12-22T09:33:26.7562193+01:00" testType="13cdc9d9-ddb5-4fa4-a97d-d965ccfc6d4b" outcome="Passed" testListId="8c84fa94-04c1-424b-9868-57a2d4851a1d" relativeResultsDirectory="c61f256a-61d6-4e4e-a963-1032732500f8" />
    <UnitTestResult executionId="5d713d44-e974-4fc9-a717-071ceba67b81" testId="74e0cc28-84a6-3c81-b793-79495d48edbb" testName="CreateUri_FtpUrl_ThrowsInvalidOperationException" computerName="DKSR-EFI-04" duration="00:00:00.0007358" startTime="2023-12-22T09:33:26.7249695+01:00" endTime="2023-12-22T09:33:26.7249695+01:00" testType="13cdc9d9-ddb5-4fa4-a97d-d965ccfc6d4b" outcome="Passed" testListId="8c84fa94-04c1-424b-9868-57a2d4851a1d" relativeResultsDirectory="5d713d44-e974-4fc9-a717-071ceba67b81" />
    <UnitTestResult executionId="e0c733f2-f621-41fa-9c5e-491fe644ce20" testId="6fd84c98-adb6-91d7-3874-3c1c1792d00e" testName="IsSiteWorking_ValidSecureEndpoint_ReturnsTrue" computerName="DKSR-EFI-04" duration="00:00:00.0002473" startTime="2023-12-22T09:33:26.8655965+01:00" endTime="2023-12-22T09:33:26.8655965+01:00" testType="13cdc9d9-ddb5-4fa4-a97d-d965ccfc6d4b" outcome="Passed" testListId="8c84fa94-04c1-424b-9868-57a2d4851a1d" relativeResultsDirectory="e0c733f2-f621-41fa-9c5e-491fe644ce20" />
    <UnitTestResult executionId="1491cd15-3de4-401e-9619-b5567f5f6cca" testId="b404b103-5177-62f2-98ae-e7ccf19ad686" testName="ModifyUri_NonStandardUri_UnsecureAllowedUnknown_SecureAvailable_ModifiedToHttps_PortUnchanged" computerName="DKSR-EFI-04" duration="00:00:00.0002610" startTime="2023-12-22T09:33:26.8187210+01:00" endTime="2023-12-22T09:33:26.8187210+01:00" testType="13cdc9d9-ddb5-4fa4-a97d-d965ccfc6d4b" outcome="Passed" testListId="8c84fa94-04c1-424b-9868-57a2d4851a1d" relativeResultsDirectory="1491cd15-3de4-401e-9619-b5567f5f6cca" />
    <UnitTestResult executionId="ffe38673-f77e-435b-94fb-5ca7ddfbe1d3" testId="0f254138-f8b2-1aee-a171-e7224fd4f996" testName="AuthenticationWindowsDefault_SetEnabled_Throws_InvalidOperationException" computerName="DKSR-EFI-04" duration="00:00:00.0005248" startTime="2023-12-22T09:33:26.1312193+01:00" endTime="2023-12-22T09:33:26.1312193+01:00" testType="13cdc9d9-ddb5-4fa4-a97d-d965ccfc6d4b" outcome="Passed" testListId="8c84fa94-04c1-424b-9868-57a2d4851a1d" relativeResultsDirectory="ffe38673-f77e-435b-94fb-5ca7ddfbe1d3" />
    <UnitTestResult executionId="2e269ea9-4fd2-4df5-991d-332e870e7644" testId="83171bb5-cfa8-7135-d67e-62149eec0cce" testName="CreateUri_UrlNoSchemeAndNoPort_SchemeBecomesHttp" computerName="DKSR-EFI-04" duration="00:00:00.0003181" startTime="2023-12-22T09:33:26.7405956+01:00" endTime="2023-12-22T09:33:26.7405956+01:00" testType="13cdc9d9-ddb5-4fa4-a97d-d965ccfc6d4b" outcome="Passed" testListId="8c84fa94-04c1-424b-9868-57a2d4851a1d" relativeResultsDirectory="2e269ea9-4fd2-4df5-991d-332e870e7644" />
    <UnitTestResult executionId="0cbef6be-cd76-4373-91ba-5128d9403c1b" testId="26c64eb7-ed3b-dc54-848e-0c4d46207108" testName="CheckAndModifyUri_StandardUri_UnsecureNotAllowed_NoEndpointsAvailable_ThrowsInvalidOperationException" computerName="DKSR-EFI-04" duration="00:00:00.0006685" startTime="2023-12-22T09:33:26.7093456+01:00" endTime="2023-12-22T09:33:26.7093456+01:00" testType="13cdc9d9-ddb5-4fa4-a97d-d965ccfc6d4b" outcome="Passed" testListId="8c84fa94-04c1-424b-9868-57a2d4851a1d" relativeResultsDirectory="0cbef6be-cd76-4373-91ba-5128d9403c1b" />
    <UnitTestResult executionId="287678af-dbb2-4429-80f4-499a72c9fa1b" testId="c57cd4f6-65d6-f6f1-409f-66e2a5261342" testName="CreateProxyUsingLocalTokenCache_LegacyBasicAuthentication_ReturnsExpected" computerName="DKSR-EFI-04" duration="00:00:00.0023105" startTime="2023-12-22T09:33:27.8343522+01:00" endTime="2023-12-22T09:33:27.8343522+01:00" testType="13cdc9d9-ddb5-4fa4-a97d-d965ccfc6d4b" outcome="Passed" testListId="8c84fa94-04c1-424b-9868-57a2d4851a1d" relativeResultsDirectory="287678af-dbb2-4429-80f4-499a72c9fa1b" />
    <UnitTestResult executionId="819fa395-8b1d-40c2-8caa-f14544b15519" testId="25c62ab8-bb69-9f5c-5778-177bc92e7dd8" testName="ManagementClientVmoClientFactory_CreateServerConnection_Legacy_WindowsUser_Success" computerName="DKSR-EFI-04" duration="00:00:00.0042181" startTime="2023-12-22T09:33:28.0843537+01:00" endTime="2023-12-22T09:33:28.0843537+01:00" testType="13cdc9d9-ddb5-4fa4-a97d-d965ccfc6d4b" outcome="Passed" testListId="8c84fa94-04c1-424b-9868-57a2d4851a1d" relativeResultsDirectory="819fa395-8b1d-40c2-8caa-f14544b15519" />
    <UnitTestResult executionId="04a7bfc7-fcaa-4dce-ab93-5a43412c78e3" testId="ec31e27f-e823-a010-9420-6ae794d97d67" testName="AuthenticationWindowsDefault_SetProperties_Success" computerName="DKSR-EFI-04" duration="00:00:00.0005538" startTime="2023-12-22T09:33:26.1468435+01:00" endTime="2023-12-22T09:33:26.1468435+01:00" testType="13cdc9d9-ddb5-4fa4-a97d-d965ccfc6d4b" outcome="Passed" testListId="8c84fa94-04c1-424b-9868-57a2d4851a1d" relativeResultsDirectory="04a7bfc7-fcaa-4dce-ab93-5a43412c78e3" />
    <UnitTestResult executionId="e25b1edf-a446-4698-b984-790f9e8cc86a" testId="08541754-5275-56b1-09aa-40306d648c32" testName="CreateUri_Null_ThrowsArgumentNullException" computerName="DKSR-EFI-04" duration="00:00:00.0008603" startTime="2023-12-22T09:33:26.6624698+01:00" endTime="2023-12-22T09:33:26.6624698+01:00" testType="13cdc9d9-ddb5-4fa4-a97d-d965ccfc6d4b" outcome="Passed" testListId="8c84fa94-04c1-424b-9868-57a2d4851a1d" relativeResultsDirectory="e25b1edf-a446-4698-b984-790f9e8cc86a" />
    <UnitTestResult executionId="aa1e965a-9f93-43f0-8d73-2eac36f77ee4" testId="ad2140c3-8f15-c657-2164-d6af73c12167" testName="ModifyUri_StandardUri_UnsecureAllowed_SecureAndUnsecureNotAvailable_ThrowsInvalidOperationException" computerName="DKSR-EFI-04" duration="00:00:00.0006900" startTime="2023-12-22T09:33:26.8030970+01:00" endTime="2023-12-22T09:33:26.8030970+01:00" testType="13cdc9d9-ddb5-4fa4-a97d-d965ccfc6d4b" outcome="Passed" testListId="8c84fa94-04c1-424b-9868-57a2d4851a1d" relativeResultsDirectory="aa1e965a-9f93-43f0-8d73-2eac36f77ee4" />
    <UnitTestResult executionId="835d69ce-5de8-4660-83b9-b0f89df5f48e" testId="2f4be414-8bb7-0eb4-1eb0-6e94c6d18845" testName="ModifyUri_NonStandardUri_UnsecureAllowed_SecureAvailable_ModifiedToHttps_PortUnchanged" computerName="DKSR-EFI-04" duration="00:00:00.0002805" startTime="2023-12-22T09:33:26.8030970+01:00" endTime="2023-12-22T09:33:26.8030970+01:00" testType="13cdc9d9-ddb5-4fa4-a97d-d965ccfc6d4b" outcome="Passed" testListId="8c84fa94-04c1-424b-9868-57a2d4851a1d" relativeResultsDirectory="835d69ce-5de8-4660-83b9-b0f89df5f48e" />
    <UnitTestResult executionId="7862efef-4dc7-4b25-94a3-161c12c11135" testId="c4541f8b-dde0-be7b-f78b-1360b39572aa" testName="ConnectionInfo_UserDomain_NameBasicUserNoDomain_BasicPrefix" computerName="DKSR-EFI-04" duration="00:00:00.0011100" startTime="2023-12-22T09:33:26.5374694+01:00" endTime="2023-12-22T09:33:26.5374694+01:00" testType="13cdc9d9-ddb5-4fa4-a97d-d965ccfc6d4b" outcome="Passed" testListId="8c84fa94-04c1-424b-9868-57a2d4851a1d" relativeResultsDirectory="7862efef-4dc7-4b25-94a3-161c12c11135" />
    <UnitTestResult executionId="d9aee989-7dbe-4e01-91cb-875cdb87f618" testId="607e264c-58f4-3824-0df8-ab35da7f0f85" testName="SplitDomainAndUserName_ReturnsUserName_OnOriginaluserNameContainingDomainName" computerName="DKSR-EFI-04" duration="00:00:00.0001870" startTime="2023-12-22T09:33:26.2718439+01:00" endTime="2023-12-22T09:33:26.2718439+01:00" testType="13cdc9d9-ddb5-4fa4-a97d-d965ccfc6d4b" outcome="Passed" testListId="8c84fa94-04c1-424b-9868-57a2d4851a1d" relativeResultsDirectory="d9aee989-7dbe-4e01-91cb-875cdb87f618" />
    <UnitTestResult executionId="8a0e8627-46eb-4313-a246-b53728be8f1e" testId="33a270e3-4464-8331-7308-8c9587104102" testName="Construct_InvalidIIdpServerValidation_Throws_ArgumentNullException" computerName="DKSR-EFI-04" startTime="2023-12-22T09:33:26.2405947+01:00" endTime="2023-12-22T09:33:26.2405947+01:00" testType="13cdc9d9-ddb5-4fa4-a97d-d965ccfc6d4b" outcome="NotExecuted" testListId="8c84fa94-04c1-424b-9868-57a2d4851a1d" relativeResultsDirectory="8a0e8627-46eb-4313-a246-b53728be8f1e">
      <Output></Output>
    </UnitTestResult>
    <UnitTestResult executionId="2346460e-0d67-4f7a-ae11-5b50aadc01cf" testId="ba18892e-8a76-5b0e-12d4-900358093a64" testName="IsSiteWorking_NullUri_ThrowsArgumentNullException" computerName="DKSR-EFI-04" duration="00:00:00.0007688" startTime="2023-12-22T09:33:26.8655965+01:00" endTime="2023-12-22T09:33:26.8655965+01:00" testType="13cdc9d9-ddb5-4fa4-a97d-d965ccfc6d4b" outcome="Passed" testListId="8c84fa94-04c1-424b-9868-57a2d4851a1d" relativeResultsDirectory="2346460e-0d67-4f7a-ae11-5b50aadc01cf" />
    <UnitTestResult executionId="4d606805-09db-4ea9-8f14-c8ab51695c42" testId="92b11ede-0ff2-0666-834d-f31bf491e1ad" testName="CreateProxyUsingLocalTokenCache_OAuthAuthenticationUnsecure_ReturnsExpected" computerName="DKSR-EFI-04" duration="00:00:00.0051351" startTime="2023-12-22T09:33:27.8499763+01:00" endTime="2023-12-22T09:33:27.8499763+01:00" testType="13cdc9d9-ddb5-4fa4-a97d-d965ccfc6d4b" outcome="Passed" testListId="8c84fa94-04c1-424b-9868-57a2d4851a1d" relativeResultsDirectory="4d606805-09db-4ea9-8f14-c8ab51695c42" />
    <UnitTestResult executionId="804ec103-0343-4c8a-9df0-54660d5303c8" testId="8ef983da-a7ca-d365-4fe5-63d03285d220" testName="IsSecureConnection_WindowsDefaultAuthenticationType_Returns_False" computerName="DKSR-EFI-04" duration="00:00:00.0001335" startTime="2023-12-22T09:33:26.2249691+01:00" endTime="2023-12-22T09:33:26.2249691+01:00" testType="13cdc9d9-ddb5-4fa4-a97d-d965ccfc6d4b" outcome="Passed" testListId="8c84fa94-04c1-424b-9868-57a2d4851a1d" relativeResultsDirectory="804ec103-0343-4c8a-9df0-54660d5303c8" />
    <UnitTestResult executionId="1e137dab-ad89-4ab4-914c-36ae5af6a127" testId="496db5bc-916c-46f7-18fc-9d9a682f60b4" testName="AuthenticationExternal_SetProperties_Success" computerName="DKSR-EFI-04" duration="00:00:00.0056126" startTime="2023-12-22T09:33:26.1312193+01:00" endTime="2023-12-22T09:33:26.1468435+01:00" testType="13cdc9d9-ddb5-4fa4-a97d-d965ccfc6d4b" outcome="Passed" testListId="8c84fa94-04c1-424b-9868-57a2d4851a1d" relativeResultsDirectory="1e137dab-ad89-4ab4-914c-36ae5af6a127" />
    <UnitTestResult executionId="200064c0-c098-4cea-a8cb-b19e180c852d" testId="6f6e3771-107c-fb64-0026-d223abe1f17f" testName="IsSecureConnection_HasValidIdpServer_WithInvalidCertificate_EventRaisedUserSaidNo_Throws_InvalidOperationException" computerName="DKSR-EFI-04" startTime="2023-12-22T09:33:26.2562196+01:00" endTime="2023-12-22T09:33:26.2562196+01:00" testType="13cdc9d9-ddb5-4fa4-a97d-d965ccfc6d4b" outcome="NotExecuted" testListId="8c84fa94-04c1-424b-9868-57a2d4851a1d" relativeResultsDirectory="200064c0-c098-4cea-a8cb-b19e180c852d">
      <Output></Output>
    </UnitTestResult>
    <UnitTestResult executionId="7b40871f-6b3f-4d19-8cae-d2fa8377bf50" testId="0387106e-e6d4-1f56-5fe0-0e4dde9074ec" testName="ConnectionInfo_CredentialsBasicUser_AnyDomain_Success" computerName="DKSR-EFI-04" duration="00:00:00.0012998" startTime="2023-12-22T09:33:26.4905939+01:00" endTime="2023-12-22T09:33:26.4905939+01:00" testType="13cdc9d9-ddb5-4fa4-a97d-d965ccfc6d4b" outcome="Passed" testListId="8c84fa94-04c1-424b-9868-57a2d4851a1d" relativeResultsDirectory="7b40871f-6b3f-4d19-8cae-d2fa8377bf50" />
    <UnitTestResult executionId="d563a363-40e7-46e1-9aec-330656b22c48" testId="e55cd44c-b6ed-79c3-e36c-4d6408611b9d" testName="IsSecureConnection_HasValidIdpServer_WithInvalidCertificate_EventRaisedUserSaidYes_Returns_False" computerName="DKSR-EFI-04" startTime="2023-12-22T09:33:26.2562196+01:00" endTime="2023-12-22T09:33:26.2562196+01:00" testType="13cdc9d9-ddb5-4fa4-a97d-d965ccfc6d4b" outcome="NotExecuted" testListId="8c84fa94-04c1-424b-9868-57a2d4851a1d" relativeResultsDirectory="d563a363-40e7-46e1-9aec-330656b22c48">
      <Output></Output>
    </UnitTestResult>
    <UnitTestResult executionId="3b1b1c36-7aaa-474a-a208-2b628646f4f8" testId="4ad75899-796a-abd6-35ad-8073482ecdef" testName="AuthenticationWindows_SetName_Throws_InvalidOperationException" computerName="DKSR-EFI-04" duration="00:00:00.0008569" startTime="2023-12-22T09:33:26.0999678+01:00" endTime="2023-12-22T09:33:26.0999678+01:00" testType="13cdc9d9-ddb5-4fa4-a97d-d965ccfc6d4b" outcome="Passed" testListId="8c84fa94-04c1-424b-9868-57a2d4851a1d" relativeResultsDirectory="3b1b1c36-7aaa-474a-a208-2b628646f4f8" />
    <UnitTestResult executionId="4f711d13-ea8a-49c5-9b06-623ab4b02161" testId="fa7fde75-cd83-4464-0874-b48accbf7fec" testName="AuthenticationBasic_SetName_Throws_InvalidOperationException" computerName="DKSR-EFI-04" duration="00:00:00.0620197" startTime="2023-12-22T09:33:25.6312141+01:00" endTime="2023-12-22T09:33:26.0374679+01:00" testType="13cdc9d9-ddb5-4fa4-a97d-d965ccfc6d4b" outcome="Passed" testListId="8c84fa94-04c1-424b-9868-57a2d4851a1d" relativeResultsDirectory="4f711d13-ea8a-49c5-9b06-623ab4b02161" />
    <UnitTestResult executionId="ca41c087-21c0-4903-bd9e-452e6aeb5e00" testId="c6328905-9aef-d0d3-cff7-3108fce8ec23" testName="CreateTokenCache_NullConnectionInfo_ThrowsArgumentNullException" computerName="DKSR-EFI-04" duration="00:00:00.0014125" startTime="2023-12-22T09:33:26.6468446+01:00" endTime="2023-12-22T09:33:26.6468446+01:00" testType="13cdc9d9-ddb5-4fa4-a97d-d965ccfc6d4b" outcome="Passed" testListId="8c84fa94-04c1-424b-9868-57a2d4851a1d" relativeResultsDirectory="ca41c087-21c0-4903-bd9e-452e6aeb5e00" />
    <UnitTestResult executionId="6314223a-3962-40ff-bd32-34aef7fb80bd" testId="d2f0b88b-0018-b250-a84c-47db88e75e25" testName="ForceModifyUri_HttpPort443_IsSecure_ModifiedToHttpsPort443" computerName="DKSR-EFI-04" duration="00:00:00.0002671" startTime="2023-12-22T09:33:26.8655965+01:00" endTime="2023-12-22T09:33:26.8655965+01:00" testType="13cdc9d9-ddb5-4fa4-a97d-d965ccfc6d4b" outcome="Passed" testListId="8c84fa94-04c1-424b-9868-57a2d4851a1d" relativeResultsDirectory="6314223a-3962-40ff-bd32-34aef7fb80bd" />
    <UnitTestResult executionId="33ff239c-208a-4f8d-ba2a-1b7da00c4741" testId="521e0bd7-2ba5-23a1-ca86-576a75ae9e60" testName="ModifyUri_StandardUri_UnsecureNotAllowed_SecureNotAvailable_ThrowsInvalidOperationException" computerName="DKSR-EFI-04" duration="00:00:00.0006306" startTime="2023-12-22T09:33:26.8030970+01:00" endTime="2023-12-22T09:33:26.8030970+01:00" testType="13cdc9d9-ddb5-4fa4-a97d-d965ccfc6d4b" outcome="Passed" testListId="8c84fa94-04c1-424b-9868-57a2d4851a1d" relativeResultsDirectory="33ff239c-208a-4f8d-ba2a-1b7da00c4741" />
    <UnitTestResult executionId="6c7a638c-1650-4b0e-97d6-40edc90077a1" testId="32d28584-0537-c70d-e8aa-25733a860578" testName="Launch_InvalidSecureEndpoint_InvalidUnsecureEndpoint_ThrowsInvalidOperationException" computerName="DKSR-EFI-04" duration="00:00:00.0007321" startTime="2023-12-22T09:33:26.8812222+01:00" endTime="2023-12-22T09:33:26.8812222+01:00" testType="13cdc9d9-ddb5-4fa4-a97d-d965ccfc6d4b" outcome="Passed" testListId="8c84fa94-04c1-424b-9868-57a2d4851a1d" relativeResultsDirectory="6c7a638c-1650-4b0e-97d6-40edc90077a1" />
    <UnitTestResult executionId="98414a12-a4dd-4806-adb7-ffb315bb8ad2" testId="bf284477-3e5d-6487-cefd-ea665e8499d4" testName="ForceModifyUri_NonStandard_IsNotSecure_ThrowsInvalidOperationException" computerName="DKSR-EFI-04" duration="00:00:00.0006174" startTime="2023-12-22T09:33:26.8343470+01:00" endTime="2023-12-22T09:33:26.8343470+01:00" testType="13cdc9d9-ddb5-4fa4-a97d-d965ccfc6d4b" outcome="Passed" testListId="8c84fa94-04c1-424b-9868-57a2d4851a1d" relativeResultsDirectory="98414a12-a4dd-4806-adb7-ffb315bb8ad2" />
    <UnitTestResult executionId="02e996ed-e7b7-4e19-a674-79704c713a9f" testId="31300cfa-948f-6587-4c9f-75a92c14e676" testName="CreateProxyUsingLocalTokenCache_LegacyWindowsAuthentication_ReturnsExpected" computerName="DKSR-EFI-04" duration="00:00:00.2382362" startTime="2023-12-22T09:33:27.5999781+01:00" endTime="2023-12-22T09:33:27.8343522+01:00" testType="13cdc9d9-ddb5-4fa4-a97d-d965ccfc6d4b" outcome="Passed" testListId="8c84fa94-04c1-424b-9868-57a2d4851a1d" relativeResultsDirectory="02e996ed-e7b7-4e19-a674-79704c713a9f" />
    <UnitTestResult executionId="5a43e997-5cc7-4ec5-bb31-e3c9696d82b0" testId="69675426-29e4-5ede-637d-98f11c37f0e3" testName="AuthenticationBasic_SetEnabled_Throws_InvalidOperationException" computerName="DKSR-EFI-04" duration="00:00:00.0006407" startTime="2023-12-22T09:33:26.1312193+01:00" endTime="2023-12-22T09:33:26.1312193+01:00" testType="13cdc9d9-ddb5-4fa4-a97d-d965ccfc6d4b" outcome="Passed" testListId="8c84fa94-04c1-424b-9868-57a2d4851a1d" relativeResultsDirectory="5a43e997-5cc7-4ec5-bb31-e3c9696d82b0" />
    <UnitTestResult executionId="5f023c67-9658-43d8-93fd-79355588f436" testId="de4b1423-e255-a65a-3864-14b0d1d3eac4" testName="ConnectionInfo_IsSecure_NoServerType_Disabled" computerName="DKSR-EFI-04" duration="00:00:00.0017142" startTime="2023-12-22T09:33:26.5530950+01:00" endTime="2023-12-22T09:33:26.5530950+01:00" testType="13cdc9d9-ddb5-4fa4-a97d-d965ccfc6d4b" outcome="Passed" testListId="8c84fa94-04c1-424b-9868-57a2d4851a1d" relativeResultsDirectory="5f023c67-9658-43d8-93fd-79355588f436" />
    <UnitTestResult executionId="5a6b3a1a-53bf-4ecb-9b70-489590ba8d2b" testId="25cb5479-afc6-8e56-e98b-c3d34bf27d5a" testName="ManagementClientVmoClientFactory_CreateServerConnection_NullTokenCacheArgument_IgnoresServiceContainer" computerName="DKSR-EFI-04" duration="00:00:00.0013829" startTime="2023-12-22T09:33:28.0999781+01:00" endTime="2023-12-22T09:33:28.1156048+01:00" testType="13cdc9d9-ddb5-4fa4-a97d-d965ccfc6d4b" outcome="Passed" testListId="8c84fa94-04c1-424b-9868-57a2d4851a1d" relativeResultsDirectory="5a6b3a1a-53bf-4ecb-9b70-489590ba8d2b" />
    <UnitTestResult executionId="097fe7f4-3f8d-43a5-ac8d-ae50dfbe54fb" testId="762aea99-9366-243d-f857-209c23474477" testName="CheckAndModifyUri_NonStandardUri_UnsecureAllowed_SecureNotAvailable_ModifiedToHttp_PortUnchanged" computerName="DKSR-EFI-04" duration="00:00:00.0003385" startTime="2023-12-22T09:33:26.7718479+01:00" endTime="2023-12-22T09:33:26.7718479+01:00" testType="13cdc9d9-ddb5-4fa4-a97d-d965ccfc6d4b" outcome="Passed" testListId="8c84fa94-04c1-424b-9868-57a2d4851a1d" relativeResultsDirectory="097fe7f4-3f8d-43a5-ac8d-ae50dfbe54fb" />
    <UnitTestResult executionId="76dabf70-3daf-43d2-b6bd-0b34c64935d9" testId="6df96be3-2224-cf70-766a-cec7c6d5a0f4" testName="ConnectionInfo_IsSecure_Disabled" computerName="DKSR-EFI-04" duration="00:00:00.0016912" startTime="2023-12-22T09:33:26.5530950+01:00" endTime="2023-12-22T09:33:26.5530950+01:00" testType="13cdc9d9-ddb5-4fa4-a97d-d965ccfc6d4b" outcome="Passed" testListId="8c84fa94-04c1-424b-9868-57a2d4851a1d" relativeResultsDirectory="76dabf70-3daf-43d2-b6bd-0b34c64935d9" />
    <UnitTestResult executionId="d69e8635-e07a-4d81-b9e3-f3bcfd76d63d" testId="16eacdb0-eb71-ae97-4a3c-e46c0504dfdb" testName="ManagementClientVmoClientFactory_CreateServerConnection_OAuth_DefaultWindowsUser_Success" computerName="DKSR-EFI-04" duration="00:00:00.0016042" startTime="2023-12-22T09:33:28.0687297+01:00" endTime="2023-12-22T09:33:28.0843537+01:00" testType="13cdc9d9-ddb5-4fa4-a97d-d965ccfc6d4b" outcome="Passed" testListId="8c84fa94-04c1-424b-9868-57a2d4851a1d" relativeResultsDirectory="d69e8635-e07a-4d81-b9e3-f3bcfd76d63d" />
    <UnitTestResult executionId="7953e7b1-9fcc-4b99-b7cc-d901b298482c" testId="86774911-7405-609c-5e99-f959badd2976" testName="CreateUri_HttpUrlPort443_SchemeRemainsHttp_PortRemains443" computerName="DKSR-EFI-04" duration="00:00:00.0002655" startTime="2023-12-22T09:33:26.7249695+01:00" endTime="2023-12-22T09:33:26.7249695+01:00" testType="13cdc9d9-ddb5-4fa4-a97d-d965ccfc6d4b" outcome="Passed" testListId="8c84fa94-04c1-424b-9868-57a2d4851a1d" relativeResultsDirectory="7953e7b1-9fcc-4b99-b7cc-d901b298482c" />
    <UnitTestResult executionId="0178c6cb-e4d2-4dac-b2af-d69ed4c66d77" testId="7fd4ef15-6251-e96e-37c0-6f41e323517b" testName="CheckAndModifyUri_NonStandardUri_UnsecureAllowed_NoEndpointsAvailable_ThrowsInvalidOperationException" computerName="DKSR-EFI-04" duration="00:00:00.0006904" startTime="2023-12-22T09:33:26.7093456+01:00" endTime="2023-12-22T09:33:26.7093456+01:00" testType="13cdc9d9-ddb5-4fa4-a97d-d965ccfc6d4b" outcome="Passed" testListId="8c84fa94-04c1-424b-9868-57a2d4851a1d" relativeResultsDirectory="0178c6cb-e4d2-4dac-b2af-d69ed4c66d77" />
    <UnitTestResult executionId="298be02a-6441-4613-a0c8-873b8003f531" testId="a8e9316d-6671-6e15-640c-59c7a10f97bf" testName="ConnectionInfo_NullProviderId_Success" computerName="DKSR-EFI-04" duration="00:00:00.0004706" startTime="2023-12-22T09:33:26.5687193+01:00" endTime="2023-12-22T09:33:26.5687193+01:00" testType="13cdc9d9-ddb5-4fa4-a97d-d965ccfc6d4b" outcome="Passed" testListId="8c84fa94-04c1-424b-9868-57a2d4851a1d" relativeResultsDirectory="298be02a-6441-4613-a0c8-873b8003f531" />
    <UnitTestResult executionId="88082092-438a-4f80-8d4d-a60b1d136d2d" testId="27634e61-fac0-1807-efd6-391b8a22f716" testName="ManagementClientVmoClientFactory_CreateServerConnection_NullConnectionInfoWithTokenCache_Throws_ArgumentNullException" computerName="DKSR-EFI-04" duration="00:00:00.0015065" startTime="2023-12-22T09:33:27.9281017+01:00" endTime="2023-12-22T09:33:27.9281017+01:00" testType="13cdc9d9-ddb5-4fa4-a97d-d965ccfc6d4b" outcome="Passed" testListId="8c84fa94-04c1-424b-9868-57a2d4851a1d" relativeResultsDirectory="88082092-438a-4f80-8d4d-a60b1d136d2d" />
    <UnitTestResult executionId="a85a11a0-5602-48d8-8ab7-cd5b0728135d" testId="49634520-442e-81d6-01bb-bbb969e8cd8b" testName="IsSiteWorking_InvalidSecureEndpoint_ValidUnsecureEndpoint_ReturnTrue" computerName="DKSR-EFI-04" duration="00:00:00.0003310" startTime="2023-12-22T09:33:26.8655965+01:00" endTime="2023-12-22T09:33:26.8655965+01:00" testType="13cdc9d9-ddb5-4fa4-a97d-d965ccfc6d4b" outcome="Passed" testListId="8c84fa94-04c1-424b-9868-57a2d4851a1d" relativeResultsDirectory="a85a11a0-5602-48d8-8ab7-cd5b0728135d" />
    <UnitTestResult executionId="16e89bfa-f333-4a89-813a-a2ff81709e44" testId="f26f2ee1-c8b2-c1e8-ce20-e3dba3d55d34" testName="IsSecureConnection_BasicAuthenticationType_Returns_True" computerName="DKSR-EFI-04" duration="00:00:00.0001663" startTime="2023-12-22T09:33:26.2249691+01:00" endTime="2023-12-22T09:33:26.2249691+01:00" testType="13cdc9d9-ddb5-4fa4-a97d-d965ccfc6d4b" outcome="Passed" testListId="8c84fa94-04c1-424b-9868-57a2d4851a1d" relativeResultsDirectory="16e89bfa-f333-4a89-813a-a2ff81709e44" />
    <UnitTestResult executionId="923d547a-a245-4746-bbd3-9487918f4aa1" testId="85eeee45-b09c-948f-1836-b74ce7199311" testName="ConnectionInfo_CredentialsWindows_NoDomain" computerName="DKSR-EFI-04" duration="00:00:00.0014318" startTime="2023-12-22T09:33:26.5062195+01:00" endTime="2023-12-22T09:33:26.5062195+01:00" testType="13cdc9d9-ddb5-4fa4-a97d-d965ccfc6d4b" outcome="Passed" testListId="8c84fa94-04c1-424b-9868-57a2d4851a1d" relativeResultsDirectory="923d547a-a245-4746-bbd3-9487918f4aa1" />
    <UnitTestResult executionId="4bbd6c1a-f225-484f-bc86-90925372a953" testId="80edee6d-c67c-9872-3559-c1114ff20a0b" testName="Constructor_NullIHttpGet_ThrowsArgumentNullException" computerName="DKSR-EFI-04" duration="00:00:00.0007235" startTime="2023-12-22T09:33:26.6468446+01:00" endTime="2023-12-22T09:33:26.6468446+01:00" testType="13cdc9d9-ddb5-4fa4-a97d-d965ccfc6d4b" outcome="Passed" testListId="8c84fa94-04c1-424b-9868-57a2d4851a1d" relativeResultsDirectory="4bbd6c1a-f225-484f-bc86-90925372a953" />
    <UnitTestResult executionId="ef41a34a-2ae4-42c9-aea6-a96724489945" testId="c142b063-e199-7869-01c9-d651472231bc" testName="Construct_InvalidParamTokenSettings_Null_ThrowsArgumentNullException" computerName="DKSR-EFI-04" duration="00:00:00.0481860" startTime="2023-12-22T09:33:26.5687193+01:00" endTime="2023-12-22T09:33:26.6315742+01:00" testType="13cdc9d9-ddb5-4fa4-a97d-d965ccfc6d4b" outcome="Passed" testListId="8c84fa94-04c1-424b-9868-57a2d4851a1d" relativeResultsDirectory="ef41a34a-2ae4-42c9-aea6-a96724489945" />
    <UnitTestResult executionId="d8d03f4b-fc5d-4537-a9b4-8cf93e986295" testId="983af164-2fd9-e739-c91a-8796e3167f4c" testName="IsSecureConnection_WindowsAuthenticationType_Returns_False" computerName="DKSR-EFI-04" duration="00:00:00.0003105" startTime="2023-12-22T09:33:26.2249691+01:00" endTime="2023-12-22T09:33:26.2249691+01:00" testType="13cdc9d9-ddb5-4fa4-a97d-d965ccfc6d4b" outcome="Passed" testListId="8c84fa94-04c1-424b-9868-57a2d4851a1d" relativeResultsDirectory="d8d03f4b-fc5d-4537-a9b4-8cf93e986295" />
    <UnitTestResult executionId="161438c7-9656-4ea7-a403-f008f5caef49" testId="c40eaa6b-b6f0-075c-1f63-1cd683070e03" testName="IsSecureConnection_HasValidIdpServer_WithInvalidCertificate_UserNotAskedWhetherUnsecure_Throws_InvalidOperationException" computerName="DKSR-EFI-04" startTime="2023-12-22T09:33:26.2562196+01:00" endTime="2023-12-22T09:33:26.2562196+01:00" testType="13cdc9d9-ddb5-4fa4-a97d-d965ccfc6d4b" outcome="NotExecuted" testListId="8c84fa94-04c1-424b-9868-57a2d4851a1d" relativeResultsDirectory="161438c7-9656-4ea7-a403-f008f5caef49">
      <Output></Output>
    </UnitTestResult>
    <UnitTestResult executionId="d7bcbae9-c089-43fe-ab21-5fbb63b046e0" testId="a7816d57-3ae3-1109-f4bd-8c4b2f740479" testName="AuthenticationExternal_CopyConstructor_NullBaseAuth_Throws_ArgumentNullException" computerName="DKSR-EFI-04" duration="00:00:00.0012926" startTime="2023-12-22T09:33:26.1780947+01:00" endTime="2023-12-22T09:33:26.1937167+01:00" testType="13cdc9d9-ddb5-4fa4-a97d-d965ccfc6d4b" outcome="Passed" testListId="8c84fa94-04c1-424b-9868-57a2d4851a1d" relativeResultsDirectory="d7bcbae9-c089-43fe-ab21-5fbb63b046e0" />
    <UnitTestResult executionId="bea68d0a-0191-44a7-b081-4fd7f315aec7" testId="6a6298ee-afee-edde-17b3-16a4f8417d02" testName="NavigationUIItem_ConstructorTest_ToolTipNull" computerName="DKSR-EFI-04" duration="00:00:00.0005555" startTime="2023-12-22T09:33:26.8968462+01:00" endTime="2023-12-22T09:33:26.8968462+01:00" testType="13cdc9d9-ddb5-4fa4-a97d-d965ccfc6d4b" outcome="Passed" testListId="8c84fa94-04c1-424b-9868-57a2d4851a1d" relativeResultsDirectory="bea68d0a-0191-44a7-b081-4fd7f315aec7" />
    <UnitTestResult executionId="721a3649-0eb1-43a0-addd-c95053c95784" testId="d1598403-e77a-6d53-0bb6-4e1bb408453f" testName="ManagementClientVmoClientFactory_CreateServerConnection_OAuth_WindowsUser_Success" computerName="DKSR-EFI-04" duration="00:00:00.0015308" startTime="2023-12-22T09:33:28.0843537+01:00" endTime="2023-12-22T09:33:28.0843537+01:00" testType="13cdc9d9-ddb5-4fa4-a97d-d965ccfc6d4b" outcome="Passed" testListId="8c84fa94-04c1-424b-9868-57a2d4851a1d" relativeResultsDirectory="721a3649-0eb1-43a0-addd-c95053c95784" />
    <UnitTestResult executionId="6bfefaf9-6e5d-4b10-95cb-729088d5f528" testId="d20ebdfa-e5c2-385a-702e-2ceff3e1fae4" testName="SplitDomainAndUserName_ReturnsEmptyStringAsDomain_OnOriginaluserNameWithoutDomainName" computerName="DKSR-EFI-04" duration="00:00:00.0001538" startTime="2023-12-22T09:33:26.2718439+01:00" endTime="2023-12-22T09:33:26.2718439+01:00" testType="13cdc9d9-ddb5-4fa4-a97d-d965ccfc6d4b" outcome="Passed" testListId="8c84fa94-04c1-424b-9868-57a2d4851a1d" relativeResultsDirectory="6bfefaf9-6e5d-4b10-95cb-729088d5f528" />
    <UnitTestResult executionId="2076cbba-2cd5-440e-a388-00e6ccb6f9c7" testId="70ca23f4-0222-9ebc-9174-f3f810b706d1" testName="IsSecureConnection_HasValidIdpServer_WithInvalidCertificate_UserSaidNoToUnsecure_Throws_InvalidOperationException" computerName="DKSR-EFI-04" startTime="2023-12-22T09:33:26.2562196+01:00" endTime="2023-12-22T09:33:26.2562196+01:00" testType="13cdc9d9-ddb5-4fa4-a97d-d965ccfc6d4b" outcome="NotExecuted" testListId="8c84fa94-04c1-424b-9868-57a2d4851a1d" relativeResultsDirectory="2076cbba-2cd5-440e-a388-00e6ccb6f9c7">
      <Output></Output>
    </UnitTestResult>
    <UnitTestResult executionId="b7b32fa7-8fcc-4097-9099-39c2fa6c0613" testId="05e7b940-0e72-1d5a-ca2e-bf345481244d" testName="ForceModifyUri_NonStandardPort443_IsNotSecure_ThrowsInvalidOperationException" computerName="DKSR-EFI-04" duration="00:00:00.0005912" startTime="2023-12-22T09:33:26.8343470+01:00" endTime="2023-12-22T09:33:26.8343470+01:00" testType="13cdc9d9-ddb5-4fa4-a97d-d965ccfc6d4b" outcome="Passed" testListId="8c84fa94-04c1-424b-9868-57a2d4851a1d" relativeResultsDirectory="b7b32fa7-8fcc-4097-9099-39c2fa6c0613" />
    <UnitTestResult executionId="d4052347-cc43-4d07-8b06-026ccabef033" testId="bcb3e5bf-1452-c941-032f-340f83cb1390" testName="ConnectionInfo_UserDomain_NameBasicUserInvalidDomain_BasicPrefix" computerName="DKSR-EFI-04" duration="00:00:00.0007939" startTime="2023-12-22T09:33:26.5374694+01:00" endTime="2023-12-22T09:33:26.5374694+01:00" testType="13cdc9d9-ddb5-4fa4-a97d-d965ccfc6d4b" outcome="Passed" testListId="8c84fa94-04c1-424b-9868-57a2d4851a1d" relativeResultsDirectory="d4052347-cc43-4d07-8b06-026ccabef033" />
    <UnitTestResult executionId="071f602a-14ca-4a32-9895-99e33c59df0f" testId="467d6231-c728-4a82-dbc9-92fa3394068d" testName="IsSecureConnection_HasValidIdpServer_WithInvalidCertificate_UnsecureNotAvailable_Throws_InvalidOperationException" computerName="DKSR-EFI-04" startTime="2023-12-22T09:33:26.2405947+01:00" endTime="2023-12-22T09:33:26.2405947+01:00" testType="13cdc9d9-ddb5-4fa4-a97d-d965ccfc6d4b" outcome="NotExecuted" testListId="8c84fa94-04c1-424b-9868-57a2d4851a1d" relativeResultsDirectory="071f602a-14ca-4a32-9895-99e33c59df0f">
      <Output></Output>
    </UnitTestResult>
    <UnitTestResult executionId="fd5b1433-4027-4a25-91e6-271bf5bd5816" testId="71a6d589-1c8e-fb28-bc4c-ac97c2a54c82" testName="CheckAndModifyUri_NonStandardUri_UnsecureAllowedUnknown_SecureNotAvailable_ThrowsInvalidOperationException" computerName="DKSR-EFI-04" duration="00:00:00.0006286" startTime="2023-12-22T09:33:26.7718479+01:00" endTime="2023-12-22T09:33:26.7718479+01:00" testType="13cdc9d9-ddb5-4fa4-a97d-d965ccfc6d4b" outcome="Passed" testListId="8c84fa94-04c1-424b-9868-57a2d4851a1d" relativeResultsDirectory="fd5b1433-4027-4a25-91e6-271bf5bd5816" />
    <UnitTestResult executionId="d6df863b-65a8-40a4-8ff0-16bb9e9c03b2" testId="ccae6f29-2598-051a-9376-5b68ce8a55da" testName="IsSiteWorking_InvalidSecureEndpoint_InvalidUnsecureEndpoint_ReturnsFalse" computerName="DKSR-EFI-04" duration="00:00:00.0003196" startTime="2023-12-22T09:33:26.8655965+01:00" endTime="2023-12-22T09:33:26.8655965+01:00" testType="13cdc9d9-ddb5-4fa4-a97d-d965ccfc6d4b" outcome="Passed" testListId="8c84fa94-04c1-424b-9868-57a2d4851a1d" relativeResultsDirectory="d6df863b-65a8-40a4-8ff0-16bb9e9c03b2" />
    <UnitTestResult executionId="dbd82e3d-66ea-4fc6-8138-b74c4b352895" testId="4fe95093-cf52-99c2-c054-30a33159d39a" testName="IsSecureConnection_InvalidAuthenticationType_Unknown_Throws_InvalidOperationException" computerName="DKSR-EFI-04" duration="00:00:00.0196971" startTime="2023-12-22T09:33:26.1937167+01:00" endTime="2023-12-22T09:33:26.2249691+01:00" testType="13cdc9d9-ddb5-4fa4-a97d-d965ccfc6d4b" outcome="Passed" testListId="8c84fa94-04c1-424b-9868-57a2d4851a1d" relativeResultsDirectory="dbd82e3d-66ea-4fc6-8138-b74c4b352895" />
    <UnitTestResult executionId="03cd567b-279f-4058-b740-0343ebd2e224" testId="3e89202e-4b38-26ba-5e26-f9eac87fb8d5" testName="NavigationUIItem_ConstructorTest" computerName="DKSR-EFI-04" duration="00:00:00.0024878" startTime="2023-12-22T09:33:26.8812222+01:00" endTime="2023-12-22T09:33:26.8968462+01:00" testType="13cdc9d9-ddb5-4fa4-a97d-d965ccfc6d4b" outcome="Passed" testListId="8c84fa94-04c1-424b-9868-57a2d4851a1d" relativeResultsDirectory="03cd567b-279f-4058-b740-0343ebd2e224" />
    <UnitTestResult executionId="e09f4c06-aea2-4e6a-9634-b55d04249fd2" testId="b357cec5-9348-a910-a5f1-cbb5e29620f7" testName="AuthenticationWindows_SetProperties_Success" computerName="DKSR-EFI-04" duration="00:00:00.0005816" startTime="2023-12-22T09:33:26.1468435+01:00" endTime="2023-12-22T09:33:26.1468435+01:00" testType="13cdc9d9-ddb5-4fa4-a97d-d965ccfc6d4b" outcome="Passed" testListId="8c84fa94-04c1-424b-9868-57a2d4851a1d" relativeResultsDirectory="e09f4c06-aea2-4e6a-9634-b55d04249fd2" />
    <UnitTestResult executionId="0e363e73-5e00-4104-ad74-e9facff4c253" testId="c308abad-42f1-9653-b3ae-91990189ecc2" testName="ManagementClientVmoClientFactory_CreateServerConnection_NullConnectionInfo_Throws_ArgumentNullException" computerName="DKSR-EFI-04" duration="00:00:00.0533333" startTime="2023-12-22T09:33:27.8656033+01:00" endTime="2023-12-22T09:33:27.9281017+01:00" testType="13cdc9d9-ddb5-4fa4-a97d-d965ccfc6d4b" outcome="Passed" testListId="8c84fa94-04c1-424b-9868-57a2d4851a1d" relativeResultsDirectory="0e363e73-5e00-4104-ad74-e9facff4c253" />
    <UnitTestResult executionId="bdf3eddd-1497-4b66-8453-8b5c82280572" testId="9b4571d3-94be-8396-3f3a-dc81da7fcb17" testName="ManagementClientVmoClientFactory_CreateClient_Legacy_Matches_CreateServerConnection" computerName="DKSR-EFI-04" duration="00:00:00.0018502" startTime="2023-12-22T09:33:28.0687297+01:00" endTime="2023-12-22T09:33:28.0687297+01:00" testType="13cdc9d9-ddb5-4fa4-a97d-d965ccfc6d4b" outcome="Passed" testListId="8c84fa94-04c1-424b-9868-57a2d4851a1d" relativeResultsDirectory="bdf3eddd-1497-4b66-8453-8b5c82280572" />
    <UnitTestResult executionId="ebf89594-a72d-42af-9929-8aec63f49b08" testId="101b843b-9236-09c6-4c42-d92338a86350" testName="CheckAndModifyUri_NonStandardUri_UnsecureNotAllowed_NoEndpointsAvailable_ThrowsInvalidOperationException" computerName="DKSR-EFI-04" duration="00:00:00.0006821" startTime="2023-12-22T09:33:26.7093456+01:00" endTime="2023-12-22T09:33:26.7093456+01:00" testType="13cdc9d9-ddb5-4fa4-a97d-d965ccfc6d4b" outcome="Passed" testListId="8c84fa94-04c1-424b-9868-57a2d4851a1d" relativeResultsDirectory="ebf89594-a72d-42af-9929-8aec63f49b08" />
    <UnitTestResult executionId="89c2aaeb-312b-4501-ac6c-c1f2d76e4315" testId="7eb4fb4e-e669-c037-5ee1-67d9cd36274e" testName="CheckAndModifyUri_StandardUri_InvalidCertificateNotAllowed_InvalidCertificate_ModifiedToHttpPort80" computerName="DKSR-EFI-04" duration="00:00:00.0003242" startTime="2023-12-22T09:33:26.7874703+01:00" endTime="2023-12-22T09:33:26.7874703+01:00" testType="13cdc9d9-ddb5-4fa4-a97d-d965ccfc6d4b" outcome="Passed" testListId="8c84fa94-04c1-424b-9868-57a2d4851a1d" relativeResultsDirectory="89c2aaeb-312b-4501-ac6c-c1f2d76e4315" />
    <UnitTestResult executionId="5f174eec-d2fe-49c0-9d21-8f807eed17c5" testId="d6accb42-5ea7-a836-68de-0cf126387104" testName="AuthenticationWindowsDefault_SetName_Throws_InvalidOperationException" computerName="DKSR-EFI-04" duration="00:00:00.0009628" startTime="2023-12-22T09:33:26.1155934+01:00" endTime="2023-12-22T09:33:26.1312193+01:00" testType="13cdc9d9-ddb5-4fa4-a97d-d965ccfc6d4b" outcome="Passed" testListId="8c84fa94-04c1-424b-9868-57a2d4851a1d" relativeResultsDirectory="5f174eec-d2fe-49c0-9d21-8f807eed17c5" />
    <UnitTestResult executionId="1fb29083-12fe-48da-99c4-eb9a98c7e0f0" testId="611b34d9-f854-9d54-0d0e-c015a266cb27" testName="ConnectionInfo_CredentialsBasicUser_NoDomain_Success" computerName="DKSR-EFI-04" duration="00:00:00.2148934" startTime="2023-12-22T09:33:26.2718439+01:00" endTime="2023-12-22T09:33:26.4905939+01:00" testType="13cdc9d9-ddb5-4fa4-a97d-d965ccfc6d4b" outcome="Passed" testListId="8c84fa94-04c1-424b-9868-57a2d4851a1d" relativeResultsDirectory="1fb29083-12fe-48da-99c4-eb9a98c7e0f0" />
    <UnitTestResult executionId="50354cd8-091a-47ef-8661-24f137fee40c" testId="813e029c-7a23-45c4-1999-05dff8078381" testName="ForceModifyUri_InvalidScheme_IsNotSecure_ModifiedToHttpPort80" computerName="DKSR-EFI-04" duration="00:00:00.0003214" startTime="2023-12-22T09:33:26.8343470+01:00" endTime="2023-12-22T09:33:26.8343470+01:00" testType="13cdc9d9-ddb5-4fa4-a97d-d965ccfc6d4b" outcome="Passed" testListId="8c84fa94-04c1-424b-9868-57a2d4851a1d" relativeResultsDirectory="50354cd8-091a-47ef-8661-24f137fee40c" />
    <UnitTestResult executionId="8afaeb68-09b9-4934-80fe-bb3641f96d67" testId="2b5e0382-2c87-d8f8-e053-15db290cc55a" testName="CheckAndModifyUri_StandardUri_UnsecureAllowedUnknown_SecureAvailable_ModifiedToHttpsPort443" computerName="DKSR-EFI-04" duration="00:00:00.0002730" startTime="2023-12-22T09:33:26.7562193+01:00" endTime="2023-12-22T09:33:26.7562193+01:00" testType="13cdc9d9-ddb5-4fa4-a97d-d965ccfc6d4b" outcome="Passed" testListId="8c84fa94-04c1-424b-9868-57a2d4851a1d" relativeResultsDirectory="8afaeb68-09b9-4934-80fe-bb3641f96d67" />
    <UnitTestResult executionId="7242a551-7464-4f0b-8e1f-1ca82feecc8c" testId="6cb5a6bf-8d92-51ef-abdd-91adc0c746f7" testName="AuthenticationExternal_CopyConstructor_Success" computerName="DKSR-EFI-04" duration="00:00:00.0006299" startTime="2023-12-22T09:33:26.1624681+01:00" endTime="2023-12-22T09:33:26.1780947+01:00" testType="13cdc9d9-ddb5-4fa4-a97d-d965ccfc6d4b" outcome="Passed" testListId="8c84fa94-04c1-424b-9868-57a2d4851a1d" relativeResultsDirectory="7242a551-7464-4f0b-8e1f-1ca82feecc8c" />
    <UnitTestResult executionId="49787b34-d8ff-4e19-9baf-511cf1b1c02b" testId="f5fdd7e6-f9e2-d55e-2c9c-87cb25adfd70" testName="ModifyUri_StandardUri_UnsecureAllowed_SecureAvailable_ModifiedToHttpsPort443" computerName="DKSR-EFI-04" duration="00:00:00.0002851" startTime="2023-12-22T09:33:26.7874703+01:00" endTime="2023-12-22T09:33:26.7874703+01:00" testType="13cdc9d9-ddb5-4fa4-a97d-d965ccfc6d4b" outcome="Passed" testListId="8c84fa94-04c1-424b-9868-57a2d4851a1d" relativeResultsDirectory="49787b34-d8ff-4e19-9baf-511cf1b1c02b" />
    <UnitTestResult executionId="1adfef87-2e42-4411-86a7-0d46e7338b9f" testId="84afa4cb-76a7-e223-2ddd-251750d55d5a" testName="ForceModifyUri_HttpsPort80_IsNotSecure_ModifiedToHttpPort80" computerName="DKSR-EFI-04" duration="00:00:00.0002835" startTime="2023-12-22T09:33:26.8499717+01:00" endTime="2023-12-22T09:33:26.8499717+01:00" testType="13cdc9d9-ddb5-4fa4-a97d-d965ccfc6d4b" outcome="Passed" testListId="8c84fa94-04c1-424b-9868-57a2d4851a1d" relativeResultsDirectory="1adfef87-2e42-4411-86a7-0d46e7338b9f" />
    <UnitTestResult executionId="1378edcf-e015-400a-b9df-65f18177620f" testId="6db1ee2e-960d-a9a0-6d38-4566b6c7ff9a" testName="CreateUri_EmptyString_ThrowsArgumentNullException" computerName="DKSR-EFI-04" duration="00:00:00.0007076" startTime="2023-12-22T09:33:26.6780966+01:00" endTime="2023-12-22T09:33:26.6780966+01:00" testType="13cdc9d9-ddb5-4fa4-a97d-d965ccfc6d4b" outcome="Passed" testListId="8c84fa94-04c1-424b-9868-57a2d4851a1d" relativeResultsDirectory="1378edcf-e015-400a-b9df-65f18177620f" />
    <UnitTestResult executionId="02008819-9a3e-4320-acfd-ba5e59df96c3" testId="26ade9a1-dc54-3a3f-a8fe-0e2a3df1ab8b" testName="ForceModifyUri_HttpsPort443_IsNotSecure_ModifiedToHttpPort80" computerName="DKSR-EFI-04" duration="00:00:00.0002851" startTime="2023-12-22T09:33:26.8499717+01:00" endTime="2023-12-22T09:33:26.8499717+01:00" testType="13cdc9d9-ddb5-4fa4-a97d-d965ccfc6d4b" outcome="Passed" testListId="8c84fa94-04c1-424b-9868-57a2d4851a1d" relativeResultsDirectory="02008819-9a3e-4320-acfd-ba5e59df96c3" />
    <UnitTestResult executionId="337517e8-9a77-40e7-bdfe-077a6776207d" testId="46a1fce3-bae2-7a9d-e315-d7bd027ab104" testName="ForceModifyUri_HttpsPort80_IsSecure_ModifiedToHttpsPort443" computerName="DKSR-EFI-04" duration="00:00:00.0004515" startTime="2023-12-22T09:33:26.8499717+01:00" endTime="2023-12-22T09:33:26.8499717+01:00" testType="13cdc9d9-ddb5-4fa4-a97d-d965ccfc6d4b" outcome="Passed" testListId="8c84fa94-04c1-424b-9868-57a2d4851a1d" relativeResultsDirectory="337517e8-9a77-40e7-bdfe-077a6776207d" />
    <UnitTestResult executionId="c7245a03-3be7-4d22-b3e2-f560af7cbbd0" testId="a96676e4-87db-1a62-eb74-f8ae966e7bc4" testName="ForceModifyUri_NonStandardHttps_IsNotSecure_ModifiedToHttp_PortUnchanged" computerName="DKSR-EFI-04" duration="00:00:00.0002900" startTime="2023-12-22T09:33:26.8499717+01:00" endTime="2023-12-22T09:33:26.8499717+01:00" testType="13cdc9d9-ddb5-4fa4-a97d-d965ccfc6d4b" outcome="Passed" testListId="8c84fa94-04c1-424b-9868-57a2d4851a1d" relativeResultsDirectory="c7245a03-3be7-4d22-b3e2-f560af7cbbd0" />
    <UnitTestResult executionId="388b214b-bf61-4104-9efc-7531f9681dfe" testId="33e82e10-d8f6-f106-56f3-206b1addb9ac" testName="ConnectionInfo_ExternalId_EmptyString_Throws_ArgumentNullException" computerName="DKSR-EFI-04" duration="00:00:00.0006622" startTime="2023-12-22T09:33:26.5687193+01:00" endTime="2023-12-22T09:33:26.5687193+01:00" testType="13cdc9d9-ddb5-4fa4-a97d-d965ccfc6d4b" outcome="Passed" testListId="8c84fa94-04c1-424b-9868-57a2d4851a1d" relativeResultsDirectory="388b214b-bf61-4104-9efc-7531f9681dfe" />
    <UnitTestResult executionId="cd2997cb-534e-4aee-897b-318f7b995dc8" testId="02d9d575-32ef-a54b-0fea-5b4261a7323a" testName="ModifyUri_NonStandardUri_UnsecureAllowed_SecureNotAvailable_ModifiedToHttp_PortUnchanged" computerName="DKSR-EFI-04" duration="00:00:00.0002754" startTime="2023-12-22T09:33:26.8187210+01:00" endTime="2023-12-22T09:33:26.8187210+01:00" testType="13cdc9d9-ddb5-4fa4-a97d-d965ccfc6d4b" outcome="Passed" testListId="8c84fa94-04c1-424b-9868-57a2d4851a1d" relativeResultsDirectory="cd2997cb-534e-4aee-897b-318f7b995dc8" />
    <UnitTestResult executionId="8940c9c7-615e-4d1e-bc1e-462e023ae5e3" testId="e0a14c59-193b-c8c1-4325-b16b92b6892f" testName="ModifyUri_StandardUri_UnsecureNotAllowed_SecureAvailable_ModifiedToHttpsPort443" computerName="DKSR-EFI-04" duration="00:00:00.0002532" startTime="2023-12-22T09:33:26.7874703+01:00" endTime="2023-12-22T09:33:26.7874703+01:00" testType="13cdc9d9-ddb5-4fa4-a97d-d965ccfc6d4b" outcome="Passed" testListId="8c84fa94-04c1-424b-9868-57a2d4851a1d" relativeResultsDirectory="8940c9c7-615e-4d1e-bc1e-462e023ae5e3" />
    <UnitTestResult executionId="955ca50e-9333-49e0-ba09-5cb00e5f8965" testId="91de0cd7-9a50-3db6-7130-0a5d5748dd70" testName="CheckAndModifyUri_NonStandardUri_UnsecureNotAllowed_SecureAvailable_ModifiedToHttps_PortUnchanged" computerName="DKSR-EFI-04" duration="00:00:00.0002812" startTime="2023-12-22T09:33:26.7562193+01:00" endTime="2023-12-22T09:33:26.7718479+01:00" testType="13cdc9d9-ddb5-4fa4-a97d-d965ccfc6d4b" outcome="Passed" testListId="8c84fa94-04c1-424b-9868-57a2d4851a1d" relativeResultsDirectory="955ca50e-9333-49e0-ba09-5cb00e5f8965" />
    <UnitTestResult executionId="01f7ae19-f466-4510-859f-7c3e9283790b" testId="6f2b7f5a-3a0e-6508-54fb-f1ad8a3c844d" testName="ConnectionInfo_UserDomain_NameBasicUserWithDomain_BasicPrefix" computerName="DKSR-EFI-04" duration="00:00:00.0007570" startTime="2023-12-22T09:33:26.5374694+01:00" endTime="2023-12-22T09:33:26.5374694+01:00" testType="13cdc9d9-ddb5-4fa4-a97d-d965ccfc6d4b" outcome="Passed" testListId="8c84fa94-04c1-424b-9868-57a2d4851a1d" relativeResultsDirectory="01f7ae19-f466-4510-859f-7c3e9283790b" />
    <UnitTestResult executionId="25f7666e-35e1-4131-b4c8-2de1c6552649" testId="007fd9bd-5d79-ece7-0cba-74f6dca89e1a" testName="CheckAndModifyUri_StandardUri_UnsecureNotAllowed_SecureAvailable_ModifiedToHttpsPort443" computerName="DKSR-EFI-04" duration="00:00:00.0002998" startTime="2023-12-22T09:33:26.7405956+01:00" endTime="2023-12-22T09:33:26.7405956+01:00" testType="13cdc9d9-ddb5-4fa4-a97d-d965ccfc6d4b" outcome="Passed" testListId="8c84fa94-04c1-424b-9868-57a2d4851a1d" relativeResultsDirectory="25f7666e-35e1-4131-b4c8-2de1c6552649" />
    <UnitTestResult executionId="aaf053b3-36bf-4479-a381-580100dae58c" testId="e172b8ff-96d8-30bc-4d63-70af1eaaf6b1" testName="ModifyUri_NonStandardUri_UnsecureAllowedUnknown_SecureNotAvailable_ThrowsInvalidOperationException" computerName="DKSR-EFI-04" duration="00:00:00.0006672" startTime="2023-12-22T09:33:26.8187210+01:00" endTime="2023-12-22T09:33:26.8187210+01:00" testType="13cdc9d9-ddb5-4fa4-a97d-d965ccfc6d4b" outcome="Passed" testListId="8c84fa94-04c1-424b-9868-57a2d4851a1d" relativeResultsDirectory="aaf053b3-36bf-4479-a381-580100dae58c" />
    <UnitTestResult executionId="9e53ff63-d279-458f-860e-409aea36f80a" testId="2ec5e289-4884-3c72-7b93-6d1e8fa1df39" testName="IsSecureConnection_HasValidIdpServer_WithInvalidCertificate_UserSaidYesToUnsecure_Returns_False" computerName="DKSR-EFI-04" startTime="2023-12-22T09:33:26.2562196+01:00" endTime="2023-12-22T09:33:26.2562196+01:00" testType="13cdc9d9-ddb5-4fa4-a97d-d965ccfc6d4b" outcome="NotExecuted" testListId="8c84fa94-04c1-424b-9868-57a2d4851a1d" relativeResultsDirectory="9e53ff63-d279-458f-860e-409aea36f80a">
      <Output></Output>
    </UnitTestResult>
    <UnitTestResult executionId="8d191d55-51ed-4680-9176-8cdd5d3a30f9" testId="7f786156-69fc-d1d2-db19-9a0d8f507673" testName="IsSiteWorking_ValidSecureEndpoint_InvalidCertificateNotAllowed_ValidUnsecureEndpoint_ReturnsTrue" computerName="DKSR-EFI-04" duration="00:00:00.0002554" startTime="2023-12-22T09:33:26.8812222+01:00" endTime="2023-12-22T09:33:26.8812222+01:00" testType="13cdc9d9-ddb5-4fa4-a97d-d965ccfc6d4b" outcome="Passed" testListId="8c84fa94-04c1-424b-9868-57a2d4851a1d" relativeResultsDirectory="8d191d55-51ed-4680-9176-8cdd5d3a30f9" />
    <UnitTestResult executionId="46ea16ac-30c7-43ae-a7db-19e55c763316" testId="7a8b3238-6432-2977-b3b0-f80b57f64697" testName="SplitDomainAndUserName_ReturnsUserName_OnOriginaluserNameWithoutDomainName" computerName="DKSR-EFI-04" duration="00:00:00.0001416" startTime="2023-12-22T09:33:26.2718439+01:00" endTime="2023-12-22T09:33:26.2718439+01:00" testType="13cdc9d9-ddb5-4fa4-a97d-d965ccfc6d4b" outcome="Passed" testListId="8c84fa94-04c1-424b-9868-57a2d4851a1d" relativeResultsDirectory="46ea16ac-30c7-43ae-a7db-19e55c763316" />
    <UnitTestResult executionId="48292cec-aafa-4052-a7a9-ffecd19d7e42" testId="9ce72897-6c54-d188-4ee2-e77d77f64518" testName="CreateProxyUsingLocalTokenCache_LegacyWindowsDefaultAuthentication_ReturnsExpected" computerName="DKSR-EFI-04" duration="00:00:00.0021030" startTime="2023-12-22T09:33:27.8343522+01:00" endTime="2023-12-22T09:33:27.8499763+01:00" testType="13cdc9d9-ddb5-4fa4-a97d-d965ccfc6d4b" outcome="Passed" testListId="8c84fa94-04c1-424b-9868-57a2d4851a1d" relativeResultsDirectory="48292cec-aafa-4052-a7a9-ffecd19d7e42" />
    <UnitTestResult executionId="d7fe45d9-3048-4d32-9583-1b6c6aa72137" testId="f5bcff7f-e72c-5178-7d8f-3de54315c06d" testName="ModifyUri_StandardUri_UnsecureAllowedUnknown_SecureAvailable_ModifiedToHttpsPort443" computerName="DKSR-EFI-04" duration="00:00:00.0002335" startTime="2023-12-22T09:33:26.7874703+01:00" endTime="2023-12-22T09:33:26.7874703+01:00" testType="13cdc9d9-ddb5-4fa4-a97d-d965ccfc6d4b" outcome="Passed" testListId="8c84fa94-04c1-424b-9868-57a2d4851a1d" relativeResultsDirectory="d7fe45d9-3048-4d32-9583-1b6c6aa72137" />
    <UnitTestResult executionId="9e8c522b-0064-4461-9bc5-b44fbc20279a" testId="7104a889-b79a-d893-298b-896452e9bda9" testName="Launch_ValidSecureEndpoint_InvalidUnsecureEndpoint_InvalidCertificate_ThrowsInvalidOperationException" computerName="DKSR-EFI-04" duration="00:00:00.0006948" startTime="2023-12-22T09:33:26.8812222+01:00" endTime="2023-12-22T09:33:26.8812222+01:00" testType="13cdc9d9-ddb5-4fa4-a97d-d965ccfc6d4b" outcome="Passed" testListId="8c84fa94-04c1-424b-9868-57a2d4851a1d" relativeResultsDirectory="9e8c522b-0064-4461-9bc5-b44fbc20279a" />
    <UnitTestResult executionId="e6dad325-d7a7-4159-9621-0070b2159823" testId="12493952-e579-aeea-17b2-3484f013f437" testName="ForceModifyUri_HttpPort443_IsNotSecure_ModifiedToHttpPort80" computerName="DKSR-EFI-04" duration="00:00:00.0002911" startTime="2023-12-22T09:33:26.8499717+01:00" endTime="2023-12-22T09:33:26.8499717+01:00" testType="13cdc9d9-ddb5-4fa4-a97d-d965ccfc6d4b" outcome="Passed" testListId="8c84fa94-04c1-424b-9868-57a2d4851a1d" relativeResultsDirectory="e6dad325-d7a7-4159-9621-0070b2159823" />
    <UnitTestResult executionId="c719c0ee-145f-4f1e-a13d-eccbcca8bf4c" testId="b68cd444-c91f-251d-c429-03651fe16df7" testName="ModifyUri_StandardUri_UnsecureAllowed_SecureNotAvailable_ModifiedToHttpPort80" computerName="DKSR-EFI-04" duration="00:00:00.0002915" startTime="2023-12-22T09:33:26.8030970+01:00" endTime="2023-12-22T09:33:26.8030970+01:00" testType="13cdc9d9-ddb5-4fa4-a97d-d965ccfc6d4b" outcome="Passed" testListId="8c84fa94-04c1-424b-9868-57a2d4851a1d" relativeResultsDirectory="c719c0ee-145f-4f1e-a13d-eccbcca8bf4c" />
    <UnitTestResult executionId="0abcba7c-d727-46b8-8d69-a441d0dd66f7" testId="34e32585-8feb-bc22-802b-fe955d108fc4" testName="ConnectionInfo_IsSecure_Enabled" computerName="DKSR-EFI-04" duration="00:00:00.0014251" startTime="2023-12-22T09:33:26.5530950+01:00" endTime="2023-12-22T09:33:26.5687193+01:00" testType="13cdc9d9-ddb5-4fa4-a97d-d965ccfc6d4b" outcome="Passed" testListId="8c84fa94-04c1-424b-9868-57a2d4851a1d" relativeResultsDirectory="0abcba7c-d727-46b8-8d69-a441d0dd66f7" />
    <UnitTestResult executionId="78ad1834-cb78-4a67-933c-c0c479d28970" testId="13b32a55-5122-74b1-faaa-1fa1f13be9e8" testName="ModifyUri_StandardUri_UnsecureAllowedUnknown_SecureNotAvailable_ThrowsInvalidOperationException" computerName="DKSR-EFI-04" duration="00:00:00.0005850" startTime="2023-12-22T09:33:26.8030970+01:00" endTime="2023-12-22T09:33:26.8030970+01:00" testType="13cdc9d9-ddb5-4fa4-a97d-d965ccfc6d4b" outcome="Passed" testListId="8c84fa94-04c1-424b-9868-57a2d4851a1d" relativeResultsDirectory="78ad1834-cb78-4a67-933c-c0c479d28970" />
    <UnitTestResult executionId="296cb41e-7109-479c-9955-c36f5fb76b1a" testId="9885189a-2deb-53cf-9ad7-03eadd0ab8d5" testName="NavigationUIItem_ConstructorTest_TextNull" computerName="DKSR-EFI-04" duration="00:00:00.0006533" startTime="2023-12-22T09:33:26.8968462+01:00" endTime="2023-12-22T09:33:26.8968462+01:00" testType="13cdc9d9-ddb5-4fa4-a97d-d965ccfc6d4b" outcome="Passed" testListId="8c84fa94-04c1-424b-9868-57a2d4851a1d" relativeResultsDirectory="296cb41e-7109-479c-9955-c36f5fb76b1a" />
    <UnitTestResult executionId="3356b972-8363-4b1a-afae-62af4c4b7ee9" testId="932232c0-7688-1343-4bbc-84d2f7184e06" testName="CheckAndModifyUri_StandardUri_UnsecureAllowed_SecureNotAvailable_ModifiedToHttpPort80" computerName="DKSR-EFI-04" duration="00:00:00.0005885" startTime="2023-12-22T09:33:26.7562193+01:00" endTime="2023-12-22T09:33:26.7562193+01:00" testType="13cdc9d9-ddb5-4fa4-a97d-d965ccfc6d4b" outcome="Passed" testListId="8c84fa94-04c1-424b-9868-57a2d4851a1d" relativeResultsDirectory="3356b972-8363-4b1a-afae-62af4c4b7ee9" />
    <UnitTestResult executionId="f4c1cfc5-260e-4cd7-b528-5bc0ec069b31" testId="fc8629c6-1944-c18c-339a-2f2afb74520f" testName="CreateUri_HttpsUrlPort80_SchemeRemainsHttps_PortRemains80" computerName="DKSR-EFI-04" duration="00:00:00.0002642" startTime="2023-12-22T09:33:26.7249695+01:00" endTime="2023-12-22T09:33:26.7249695+01:00" testType="13cdc9d9-ddb5-4fa4-a97d-d965ccfc6d4b" outcome="Passed" testListId="8c84fa94-04c1-424b-9868-57a2d4851a1d" relativeResultsDirectory="f4c1cfc5-260e-4cd7-b528-5bc0ec069b31" />
    <UnitTestResult executionId="78674c0f-7807-4260-9abf-7c3272abe8d0" testId="eea90ef0-a3fc-7bb6-cee2-31b8be7f9bb9" testName="CheckAndModifyUri_NonStandardUri_UnsecureAllowedUnknown_SecureAvailable_ModifiedToHttps_PortUnchanged" computerName="DKSR-EFI-04" duration="00:00:00.0002912" startTime="2023-12-22T09:33:26.7718479+01:00" endTime="2023-12-22T09:33:26.7718479+01:00" testType="13cdc9d9-ddb5-4fa4-a97d-d965ccfc6d4b" outcome="Passed" testListId="8c84fa94-04c1-424b-9868-57a2d4851a1d" relativeResultsDirectory="78674c0f-7807-4260-9abf-7c3272abe8d0" />
    <UnitTestResult executionId="9c4f830c-3885-4d52-9a46-79d76562542f" testId="4d91fb62-e0eb-2465-f21d-a551d08bdd62" testName="SplitDomainAndUserName_ReturnsDomain_OnOriginaluserNameContainingDomainName" computerName="DKSR-EFI-04" duration="00:00:00.0012182" startTime="2023-12-22T09:33:26.2562196+01:00" endTime="2023-12-22T09:33:26.2718439+01:00" testType="13cdc9d9-ddb5-4fa4-a97d-d965ccfc6d4b" outcome="Passed" testListId="8c84fa94-04c1-424b-9868-57a2d4851a1d" relativeResultsDirectory="9c4f830c-3885-4d52-9a46-79d76562542f" />
    <UnitTestResult executionId="1e3e9bf2-fa8f-4d93-9925-ef4c403464a8" testId="3796ebab-a062-692f-40e4-13fa39c4526e" testName="CheckAndModifyUri_StandardUri_InvalidCertificateAllowed_InvalidCertificate_ModifiedToHttpsPort443" computerName="DKSR-EFI-04" duration="00:00:00.0002986" startTime="2023-12-22T09:33:26.7874703+01:00" endTime="2023-12-22T09:33:26.7874703+01:00" testType="13cdc9d9-ddb5-4fa4-a97d-d965ccfc6d4b" outcome="Passed" testListId="8c84fa94-04c1-424b-9868-57a2d4851a1d" relativeResultsDirectory="1e3e9bf2-fa8f-4d93-9925-ef4c403464a8" />
    <UnitTestResult executionId="f3a74018-93ea-4efb-a844-7bc58d403333" testId="3303bebb-e7cf-a4f0-e210-2db2223e68db" testName="CreateUri_UrlNoSchemePort80_SchemeBecomesHttp" computerName="DKSR-EFI-04" duration="00:00:00.0010120" startTime="2023-12-22T09:33:26.7249695+01:00" endTime="2023-12-22T09:33:26.7249695+01:00" testType="13cdc9d9-ddb5-4fa4-a97d-d965ccfc6d4b" outcome="Passed" testListId="8c84fa94-04c1-424b-9868-57a2d4851a1d" relativeResultsDirectory="f3a74018-93ea-4efb-a844-7bc58d403333" />
    <UnitTestResult executionId="884c79f3-4860-4a41-ad53-bb8b0d26d61f" testId="08f803e8-273c-b7bb-534b-02f4c09469cb" testName="ForceModifyUri_HttpPort80_IsSecure_ModifiedToHttpsPort443" computerName="DKSR-EFI-04" duration="00:00:00.0002704" startTime="2023-12-22T09:33:26.8499717+01:00" endTime="2023-12-22T09:33:26.8499717+01:00" testType="13cdc9d9-ddb5-4fa4-a97d-d965ccfc6d4b" outcome="Passed" testListId="8c84fa94-04c1-424b-9868-57a2d4851a1d" relativeResultsDirectory="884c79f3-4860-4a41-ad53-bb8b0d26d61f" />
    <UnitTestResult executionId="ac085b61-d149-4080-85bb-ceca15d57dde" testId="e30ce444-dd9a-6cf3-6d15-08a91c767ab5" testName="CheckAndModifyUri_StandardUri_UnsecureAllowedUnknown_SecureNotAvailable_ThrowsInvalidOperationException" computerName="DKSR-EFI-04" duration="00:00:00.0007556" startTime="2023-12-22T09:33:26.7562193+01:00" endTime="2023-12-22T09:33:26.7562193+01:00" testType="13cdc9d9-ddb5-4fa4-a97d-d965ccfc6d4b" outcome="Passed" testListId="8c84fa94-04c1-424b-9868-57a2d4851a1d" relativeResultsDirectory="ac085b61-d149-4080-85bb-ceca15d57dde" />
    <UnitTestResult executionId="51864ef8-54b7-4d92-b231-83a5ec8c975b" testId="8320b8dc-a4db-7002-91f5-bc51b8562105" testName="Constructor_NullILocalUserOptions_ThrowsArgumentNullException" computerName="DKSR-EFI-04" duration="00:00:00.0009968" startTime="2023-12-22T09:33:26.6468446+01:00" endTime="2023-12-22T09:33:26.6468446+01:00" testType="13cdc9d9-ddb5-4fa4-a97d-d965ccfc6d4b" outcome="Passed" testListId="8c84fa94-04c1-424b-9868-57a2d4851a1d" relativeResultsDirectory="51864ef8-54b7-4d92-b231-83a5ec8c975b" />
    <UnitTestResult executionId="03bf4284-89b4-4c0b-adea-89e4d862f3b4" testId="f87cc64e-244f-af17-b932-1e37b461c1c6" testName="ConnectionInfo_CredentialsWindowsDefault_NoCredentials" computerName="DKSR-EFI-04" duration="00:00:00.0234895" startTime="2023-12-22T09:33:26.5062195+01:00" endTime="2023-12-22T09:33:26.5374694+01:00" testType="13cdc9d9-ddb5-4fa4-a97d-d965ccfc6d4b" outcome="Passed" testListId="8c84fa94-04c1-424b-9868-57a2d4851a1d" relativeResultsDirectory="03bf4284-89b4-4c0b-adea-89e4d862f3b4" />
    <UnitTestResult executionId="744cdddb-6201-4266-8e79-41de6e1f1327" testId="690ff4ae-2361-e0f9-b41e-ccd40b9404f5" testName="CreateProxyUsingLocalTokenCache_ConnectionInfoParamNull_Throws_ArgumentNullException" computerName="DKSR-EFI-04" duration="00:00:00.1016390" startTime="2023-12-22T09:33:27.4906005+01:00" endTime="2023-12-22T09:33:27.5843517+01:00" testType="13cdc9d9-ddb5-4fa4-a97d-d965ccfc6d4b" outcome="Passed" testListId="8c84fa94-04c1-424b-9868-57a2d4851a1d" relativeResultsDirectory="744cdddb-6201-4266-8e79-41de6e1f1327" />
    <UnitTestResult executionId="b61e2b6f-228e-438d-ae31-2a982422ae4b" testId="621bc5ee-dd49-4881-7b2f-3fe06f5fb404" testName="ManagementClientVmoClientFactory_CreateClient_OAuth_Matches_CreateServerConnection" computerName="DKSR-EFI-04" duration="00:00:00.1168857" startTime="2023-12-22T09:33:27.9437249+01:00" endTime="2023-12-22T09:33:28.0687297+01:00" testType="13cdc9d9-ddb5-4fa4-a97d-d965ccfc6d4b" outcome="Passed" testListId="8c84fa94-04c1-424b-9868-57a2d4851a1d" relativeResultsDirectory="b61e2b6f-228e-438d-ae31-2a982422ae4b" />
    <UnitTestResult executionId="e7403dbc-ddd5-46b7-9a77-6c37c4646627" testId="2c33cd95-644c-4b79-0bb1-e6c4b2fa157e" testName="NavigationUIItem_ConstructorTest_TextEmpty" computerName="DKSR-EFI-04" duration="00:00:00.0005886" startTime="2023-12-22T09:33:26.8968462+01:00" endTime="2023-12-22T09:33:26.9124716+01:00" testType="13cdc9d9-ddb5-4fa4-a97d-d965ccfc6d4b" outcome="Passed" testListId="8c84fa94-04c1-424b-9868-57a2d4851a1d" relativeResultsDirectory="e7403dbc-ddd5-46b7-9a77-6c37c4646627" />
    <UnitTestResult executionId="ebd69c35-15f3-4879-ab2b-4c457ad079db" testId="b09b7c2a-e698-3e5c-68cc-3f0adf4b32e6" testName="CreateUri_HttpsUrl_SchemeRemainsHttps" computerName="DKSR-EFI-04" duration="00:00:00.0002722" startTime="2023-12-22T09:33:26.7093456+01:00" endTime="2023-12-22T09:33:26.7249695+01:00" testType="13cdc9d9-ddb5-4fa4-a97d-d965ccfc6d4b" outcome="Passed" testListId="8c84fa94-04c1-424b-9868-57a2d4851a1d" relativeResultsDirectory="ebd69c35-15f3-4879-ab2b-4c457ad079db" />
    <UnitTestResult executionId="d224b22c-c633-437f-b89a-043466d07f17" testId="e332c220-ffa2-6618-10ac-5cd2afcfd3f3" testName="ManagementClientVmoClientFactory_CreateServerConnection_Legacy_DefaultWindowsUser_Success" computerName="DKSR-EFI-04" duration="00:00:00.0011112" startTime="2023-12-22T09:33:28.0999781+01:00" endTime="2023-12-22T09:33:28.0999781+01:00" testType="13cdc9d9-ddb5-4fa4-a97d-d965ccfc6d4b" outcome="Passed" testListId="8c84fa94-04c1-424b-9868-57a2d4851a1d" relativeResultsDirectory="d224b22c-c633-437f-b89a-043466d07f17" />
    <UnitTestResult executionId="a41dbf08-d7da-4ff6-96cb-427a628aaf3f" testId="b75100ed-445e-c76a-0f91-96408ac0616d" testName="Construct_InvalidAuthenticationType_Throws_ArgumentException" computerName="DKSR-EFI-04" duration="00:00:00.0013996" startTime="2023-12-22T09:33:26.1937167+01:00" endTime="2023-12-22T09:33:26.1937167+01:00" testType="13cdc9d9-ddb5-4fa4-a97d-d965ccfc6d4b" outcome="Passed" testListId="8c84fa94-04c1-424b-9868-57a2d4851a1d" relativeResultsDirectory="a41dbf08-d7da-4ff6-96cb-427a628aaf3f" />
    <UnitTestResult executionId="4a583367-ebd9-43d7-858d-fd33d2aa0c10" testId="bd1667f5-f5f0-e2de-e899-3057e6998622" testName="NavigationUIItem_ConstructorTest_ParentIdNull" computerName="DKSR-EFI-04" duration="00:00:00.0005954" startTime="2023-12-22T09:33:26.8968462+01:00" endTime="2023-12-22T09:33:26.8968462+01:00" testType="13cdc9d9-ddb5-4fa4-a97d-d965ccfc6d4b" outcome="Passed" testListId="8c84fa94-04c1-424b-9868-57a2d4851a1d" relativeResultsDirectory="4a583367-ebd9-43d7-858d-fd33d2aa0c10" />
    <UnitTestResult executionId="2ae420a2-654b-45ca-8bdc-46d6355c9f42" testId="f3e70e22-e265-eee1-1de8-7832a1b290f6" testName="IsSecureConnection_InvalidUri_Null_Throws_ArgumentNullException" computerName="DKSR-EFI-04" duration="00:00:00.0011268" startTime="2023-12-22T09:33:26.1937167+01:00" endTime="2023-12-22T09:33:26.1937167+01:00" testType="13cdc9d9-ddb5-4fa4-a97d-d965ccfc6d4b" outcome="Passed" testListId="8c84fa94-04c1-424b-9868-57a2d4851a1d" relativeResultsDirectory="2ae420a2-654b-45ca-8bdc-46d6355c9f42" />
    <UnitTestResult executionId="6159730f-f50b-4097-ba58-1cfd7a737c94" testId="7c762d09-a0a1-0395-844e-b94ed4c8d502" testName="ManagementClientVmoClientFactory_NullServiceContainer_Throws_ArgumentNullException" computerName="DKSR-EFI-04" duration="00:00:00.0010449" startTime="2023-12-22T09:33:27.8656033+01:00" endTime="2023-12-22T09:33:27.8656033+01:00" testType="13cdc9d9-ddb5-4fa4-a97d-d965ccfc6d4b" outcome="Passed" testListId="8c84fa94-04c1-424b-9868-57a2d4851a1d" relativeResultsDirectory="6159730f-f50b-4097-ba58-1cfd7a737c94" />
    <UnitTestResult executionId="50ba905c-3243-451b-b10c-fdc5e2309f42" testId="0d17b475-7ade-bcf0-6893-8f4578eb23fa" testName="ManagementClientVmoClientFactory_CreateServerConnection_Legacy_BasicUser_Success" computerName="DKSR-EFI-04" duration="00:00:00.0015665" startTime="2023-12-22T09:33:28.0999781+01:00" endTime="2023-12-22T09:33:28.0999781+01:00" testType="13cdc9d9-ddb5-4fa4-a97d-d965ccfc6d4b" outcome="Passed" testListId="8c84fa94-04c1-424b-9868-57a2d4851a1d" relativeResultsDirectory="50ba905c-3243-451b-b10c-fdc5e2309f42" />
    <UnitTestResult executionId="e79368a3-8dd1-4fcb-8537-7fdf3ed8f4dd" testId="748fee11-580e-a2b6-a72f-ba13ab560355" testName="ForceModifyUri_InvalidScheme_IsSecure_ModifiedToHttpsPort443" computerName="DKSR-EFI-04" duration="00:00:00.0002931" startTime="2023-12-22T09:33:26.8187210+01:00" endTime="2023-12-22T09:33:26.8187210+01:00" testType="13cdc9d9-ddb5-4fa4-a97d-d965ccfc6d4b" outcome="Passed" testListId="8c84fa94-04c1-424b-9868-57a2d4851a1d" relativeResultsDirectory="e79368a3-8dd1-4fcb-8537-7fdf3ed8f4dd" />
    <UnitTestResult executionId="353c3760-cf6a-453c-9d09-4362b88f0b8d" testId="5d474c19-dcd1-d3a6-68bd-70874cb774e8" testName="ForceModifyUri_NullUri_ThrowsArgumentNullException" computerName="DKSR-EFI-04" duration="00:00:00.0007506" startTime="2023-12-22T09:33:26.6937195+01:00" endTime="2023-12-22T09:33:26.6937195+01:00" testType="13cdc9d9-ddb5-4fa4-a97d-d965ccfc6d4b" outcome="Passed" testListId="8c84fa94-04c1-424b-9868-57a2d4851a1d" relativeResultsDirectory="353c3760-cf6a-453c-9d09-4362b88f0b8d" />
    <UnitTestResult executionId="32bb93bb-054a-4fe5-954e-a10c7d4c6007" testId="725c9b7f-e504-99ff-34e5-c8bf30db6e60" testName="ForceModifyUri_NonStandardHttp_IsSecure_ModifiedToHttps_PortUnchanged" computerName="DKSR-EFI-04" duration="00:00:00.0002907" startTime="2023-12-22T09:33:26.8343470+01:00" endTime="2023-12-22T09:33:26.8343470+01:00" testType="13cdc9d9-ddb5-4fa4-a97d-d965ccfc6d4b" outcome="Passed" testListId="8c84fa94-04c1-424b-9868-57a2d4851a1d" relativeResultsDirectory="32bb93bb-054a-4fe5-954e-a10c7d4c6007" />
    <UnitTestResult executionId="34f758d9-cf00-46f6-8849-bd4bbb77db67" testId="f7e9f355-4287-ab9b-d142-21f9e7aa869a" testName="ConnectionInfo_ProviderId_Success" computerName="DKSR-EFI-04" duration="00:00:00.0008521" startTime="2023-12-22T09:33:26.5687193+01:00" endTime="2023-12-22T09:33:26.5687193+01:00" testType="13cdc9d9-ddb5-4fa4-a97d-d965ccfc6d4b" outcome="Passed" testListId="8c84fa94-04c1-424b-9868-57a2d4851a1d" relativeResultsDirectory="34f758d9-cf00-46f6-8849-bd4bbb77db67" />
    <UnitTestResult executionId="8020936c-bab6-4007-9e48-cc14564b7b90" testId="17e745ec-50f3-edbf-6ef2-de8d30e1affe" testName="ConnectionInfo_UserDomain_NameWindowsUserWithDomain" computerName="DKSR-EFI-04" duration="00:00:00.0011137" startTime="2023-12-22T09:33:26.5374694+01:00" endTime="2023-12-22T09:33:26.5530950+01:00" testType="13cdc9d9-ddb5-4fa4-a97d-d965ccfc6d4b" outcome="Passed" testListId="8c84fa94-04c1-424b-9868-57a2d4851a1d" relativeResultsDirectory="8020936c-bab6-4007-9e48-cc14564b7b90" />
    <UnitTestResult executionId="a4a12d59-abd7-4659-94b4-0bd030c5fea7" testId="351a88b4-5f89-ae26-6335-2f01588d988c" testName="CheckAndModifyUri_StandardUri_UnsecureAllowed_SecureAvailable_ModifiedToHttpsPort443" computerName="DKSR-EFI-04" duration="00:00:00.0020163" startTime="2023-12-22T09:33:26.7405956+01:00" endTime="2023-12-22T09:33:26.7405956+01:00" testType="13cdc9d9-ddb5-4fa4-a97d-d965ccfc6d4b" outcome="Passed" testListId="8c84fa94-04c1-424b-9868-57a2d4851a1d" relativeResultsDirectory="a4a12d59-abd7-4659-94b4-0bd030c5fea7" />
    <UnitTestResult executionId="9db82e60-d5d1-4dc6-990d-d33e88c254aa" testId="f3758893-da6f-34c9-9d4a-616a192ce427" testName="CheckAndModifyUri_StandardUri_InvalidCertificate_ModifiedToHttpPort80" computerName="DKSR-EFI-04" duration="00:00:00.0003981" startTime="2023-12-22T09:33:26.7718479+01:00" endTime="2023-12-22T09:33:26.7874703+01:00" testType="13cdc9d9-ddb5-4fa4-a97d-d965ccfc6d4b" outcome="Passed" testListId="8c84fa94-04c1-424b-9868-57a2d4851a1d" relativeResultsDirectory="9db82e60-d5d1-4dc6-990d-d33e88c254aa" />
    <UnitTestResult executionId="e35a3e84-8958-4c62-9f6e-35c141eebcd1" testId="9846bc81-bfb1-305c-3e48-2f2dff2b66a8" testName="IsSiteWorking_ValidSecureEndpoint_InvalidCertificateNotAllowed_InvalidUnsecureEndpoint_ReturnsFalse" computerName="DKSR-EFI-04" duration="00:00:00.0003135" startTime="2023-12-22T09:33:26.8655965+01:00" endTime="2023-12-22T09:33:26.8812222+01:00" testType="13cdc9d9-ddb5-4fa4-a97d-d965ccfc6d4b" outcome="Passed" testListId="8c84fa94-04c1-424b-9868-57a2d4851a1d" relativeResultsDirectory="e35a3e84-8958-4c62-9f6e-35c141eebcd1" />
    <UnitTestResult executionId="985ca666-80d2-4f4e-a0e2-44e6386d1e58" testId="502135c9-53e3-fce0-5ca4-225441760e67" testName="CheckAndModifyUri_NonStandardUri_UnsecureAllowed_SecureAvailable_ModifiedToHttps_PortUnchanged" computerName="DKSR-EFI-04" duration="00:00:00.0002898" startTime="2023-12-22T09:33:26.7562193+01:00" endTime="2023-12-22T09:33:26.7562193+01:00" testType="13cdc9d9-ddb5-4fa4-a97d-d965ccfc6d4b" outcome="Passed" testListId="8c84fa94-04c1-424b-9868-57a2d4851a1d" relativeResultsDirectory="985ca666-80d2-4f4e-a0e2-44e6386d1e58" />
    <UnitTestResult executionId="1346b74a-e648-460a-831a-092ad64527d1" testId="a523c830-0702-34eb-830f-dfa41cad7af7" testName="AuthenticationWindows_SetEnabled_Throws_InvalidOperationException" computerName="DKSR-EFI-04" duration="00:00:00.0005188" startTime="2023-12-22T09:33:26.1312193+01:00" endTime="2023-12-22T09:33:26.1312193+01:00" testType="13cdc9d9-ddb5-4fa4-a97d-d965ccfc6d4b" outcome="Passed" testListId="8c84fa94-04c1-424b-9868-57a2d4851a1d" relativeResultsDirectory="1346b74a-e648-460a-831a-092ad64527d1" />
    <UnitTestResult executionId="ee0453e1-3539-4da3-bfbe-8a02f10aa3e5" testId="d07ebc18-0f13-a5bc-a913-ab59f0ee71a2" testName="TestTabPluginInEventArgs" computerName="DKSR-EFI-04" duration="00:00:00.0019330" startTime="2023-12-22T09:33:27.8656033+01:00" endTime="2023-12-22T09:33:27.8656033+01:00" testType="13cdc9d9-ddb5-4fa4-a97d-d965ccfc6d4b" outcome="Passed" testListId="8c84fa94-04c1-424b-9868-57a2d4851a1d" relativeResultsDirectory="ee0453e1-3539-4da3-bfbe-8a02f10aa3e5" />
    <UnitTestResult executionId="8cd3e722-68ec-43c4-abdd-32740e8a6df6" testId="3cb3ecbe-2b14-b6d6-0849-b07234eee1dc" testName="CheckAndModifyUri_NullUri_ThrowsArgumentNullException" computerName="DKSR-EFI-04" duration="00:00:00.0011269" startTime="2023-12-22T09:33:26.6780966+01:00" endTime="2023-12-22T09:33:26.6780966+01:00" testType="13cdc9d9-ddb5-4fa4-a97d-d965ccfc6d4b" outcome="Passed" testListId="8c84fa94-04c1-424b-9868-57a2d4851a1d" relativeResultsDirectory="8cd3e722-68ec-43c4-abdd-32740e8a6df6" />
    <UnitTestResult executionId="811019e0-4540-4406-a51a-a5034c7678f0" testId="daad95c9-43d7-9880-f0b7-8f15941d6fcb" testName="ModifyUri_NonStandardUri_UnsecureNotAllowed_SecureNotAvailable_ThrowsInvalidOperationException" computerName="DKSR-EFI-04" duration="00:00:00.0006706" startTime="2023-12-22T09:33:26.8187210+01:00" endTime="2023-12-22T09:33:26.8187210+01:00" testType="13cdc9d9-ddb5-4fa4-a97d-d965ccfc6d4b" outcome="Passed" testListId="8c84fa94-04c1-424b-9868-57a2d4851a1d" relativeResultsDirectory="811019e0-4540-4406-a51a-a5034c7678f0" />
    <UnitTestResult executionId="40fec0e2-cc42-457b-902f-7fee0f3a1b5d" testId="cfc8e92c-b9df-05dc-ba8b-b047d6a9788e" testName="IsSecureConnection_WindowsDefaultAuthenticationType_InvokesRetrieveLocalUserOptions_Returns_False" computerName="DKSR-EFI-04" duration="00:00:00.0008672" startTime="2023-12-22T09:33:26.2249691+01:00" endTime="2023-12-22T09:33:26.2249691+01:00" testType="13cdc9d9-ddb5-4fa4-a97d-d965ccfc6d4b" outcome="Passed" testListId="8c84fa94-04c1-424b-9868-57a2d4851a1d" relativeResultsDirectory="40fec0e2-cc42-457b-902f-7fee0f3a1b5d" />
    <UnitTestResult executionId="a0752024-385e-46b8-80a1-09e312a0c831" testId="d2dcdcc5-5a8e-848f-a248-4edbb03f3d3c" testName="ConnectionInfo_UserDomain_NameWindowsUserNoDomain" computerName="DKSR-EFI-04" duration="00:00:00.0010344" startTime="2023-12-22T09:33:26.5530950+01:00" endTime="2023-12-22T09:33:26.5530950+01:00" testType="13cdc9d9-ddb5-4fa4-a97d-d965ccfc6d4b" outcome="Passed" testListId="8c84fa94-04c1-424b-9868-57a2d4851a1d" relativeResultsDirectory="a0752024-385e-46b8-80a1-09e312a0c831" />
  </Results>
  <TestDefinitions>
    <UnitTest name="NavigationUIItem_ConstructorTest_TextEmpty" storage="d:\actions-runner\_work\xpco\xpco\corporate\videoos.administration.client.unittests\bin\x64\debug\videoos.administration.client.unittests.dll" id="2c33cd95-644c-4b79-0bb1-e6c4b2fa157e">
      <Execution id="e7403dbc-ddd5-46b7-9a77-6c37c4646627" />
      <TestMethod codeBase="D:\actions-runner\_work\XPCO\XPCO\Corporate\VideoOS.Administration.Client.UnitTests\bin\x64\Debug\VideoOS.Administration.Client.UnitTests.dll" adapterTypeName="executor://mstestadapter/v2" className="VideoOS.Administration.Client.UnitTests.NavigationUIItemUnitTest" name="NavigationUIItem_ConstructorTest_TextEmpty" />
    </UnitTest>
    <UnitTest name="AuthenticationWindowsDefault_SetProperties_Success" storage="d:\actions-runner\_work\xpco\xpco\corporate\videoos.administration.client.unittests\bin\x64\debug\videoos.administration.client.unittests.dll" id="ec31e27f-e823-a010-9420-6ae794d97d67">
      <TestCategory>
        <TestCategoryItem TestCategory="AuthenticationInfoTests" />
      </TestCategory>
      <Execution id="04a7bfc7-fcaa-4dce-ab93-5a43412c78e3" />
      <TestMethod codeBase="D:\actions-runner\_work\XPCO\XPCO\Corporate\VideoOS.Administration.Client.UnitTests\bin\x64\Debug\VideoOS.Administration.Client.UnitTests.dll" adapterTypeName="executor://mstestadapter/v2" className="VideoOS.Common.Integration.UnitTests.AuthenticationInfoTests" name="AuthenticationWindowsDefault_SetProperties_Success" />
    </UnitTest>
    <UnitTest name="IsSecureConnection_InvalidUri_Null_Throws_ArgumentNullException" storage="d:\actions-runner\_work\xpco\xpco\corporate\videoos.administration.client.unittests\bin\x64\debug\videoos.administration.client.unittests.dll" id="f3e70e22-e265-eee1-1de8-7832a1b290f6">
      <Execution id="2ae420a2-654b-45ca-8bdc-46d6355c9f42" />
      <TestMethod codeBase="D:\actions-runner\_work\XPCO\XPCO\Corporate\VideoOS.Administration.Client.UnitTests\bin\x64\Debug\VideoOS.Administration.Client.UnitTests.dll" adapterTypeName="executor://mstestadapter/v2" className="VideoOS.Common.Integration.UnitTests.ServerValidation.LegacyConnectionInfoTests" name="IsSecureConnection_InvalidUri_Null_Throws_ArgumentNullException" />
    </UnitTest>
    <UnitTest name="CheckAndModifyUri_NonStandardUri_UnsecureAllowed_NoEndpointsAvailable_ThrowsInvalidOperationException" storage="d:\actions-runner\_work\xpco\xpco\corporate\videoos.administration.client.unittests\bin\x64\debug\videoos.administration.client.unittests.dll" id="7fd4ef15-6251-e96e-37c0-6f41e323517b">
      <TestCategory>
        <TestCategoryItem TestCategory="UriHandler" />
      </TestCategory>
      <Execution id="0178c6cb-e4d2-4dac-b2af-d69ed4c66d77" />
      <TestMethod codeBase="D:\actions-runner\_work\XPCO\XPCO\Corporate\VideoOS.Administration.Client.UnitTests\bin\x64\Debug\VideoOS.Administration.Client.UnitTests.dll" adapterTypeName="executor://mstestadapter/v2" className="VideoOS.Administration.Client.UnitTests.UriHandlerUnitTests" name="CheckAndModifyUri_NonStandardUri_UnsecureAllowed_NoEndpointsAvailable_ThrowsInvalidOperationException" />
    </UnitTest>
    <UnitTest name="CreateUri_FtpUrl_ThrowsInvalidOperationException" storage="d:\actions-runner\_work\xpco\xpco\corporate\videoos.administration.client.unittests\bin\x64\debug\videoos.administration.client.unittests.dll" id="74e0cc28-84a6-3c81-b793-79495d48edbb">
      <TestCategory>
        <TestCategoryItem TestCategory="UriHandler" />
      </TestCategory>
      <Execution id="5d713d44-e974-4fc9-a717-071ceba67b81" />
      <TestMethod codeBase="D:\actions-runner\_work\XPCO\XPCO\Corporate\VideoOS.Administration.Client.UnitTests\bin\x64\Debug\VideoOS.Administration.Client.UnitTests.dll" adapterTypeName="executor://mstestadapter/v2" className="VideoOS.Administration.Client.UnitTests.UriHandlerUnitTests" name="CreateUri_FtpUrl_ThrowsInvalidOperationException" />
    </UnitTest>
    <UnitTest name="IsSecureConnection_HasValidIdpServer_WithInvalidCertificate_UserNotAskedWhetherUnsecure_Throws_InvalidOperationException" storage="d:\actions-runner\_work\xpco\xpco\corporate\videoos.administration.client.unittests\bin\x64\debug\videoos.administration.client.unittests.dll" id="c40eaa6b-b6f0-075c-1f63-1cd683070e03">
      <TestCategory>
        <TestCategoryItem TestCategory="Server Validation" />
      </TestCategory>
      <Execution id="161438c7-9656-4ea7-a403-f008f5caef49" />
      <TestMethod codeBase="D:\actions-runner\_work\XPCO\XPCO\Corporate\VideoOS.Administration.Client.UnitTests\bin\x64\Debug\VideoOS.Administration.Client.UnitTests.dll" adapterTypeName="executor://mstestadapter/v2" className="VideoOS.Common.Integration.UnitTests.ServerValidation.ServerConnectionInfoTests" name="IsSecureConnection_HasValidIdpServer_WithInvalidCertificate_UserNotAskedWhetherUnsecure_Throws_InvalidOperationException" />
    </UnitTest>
    <UnitTest name="ForceModifyUri_HttpsPort80_IsSecure_ModifiedToHttpsPort443" storage="d:\actions-runner\_work\xpco\xpco\corporate\videoos.administration.client.unittests\bin\x64\debug\videoos.administration.client.unittests.dll" id="46a1fce3-bae2-7a9d-e315-d7bd027ab104">
      <TestCategory>
        <TestCategoryItem TestCategory="UriHandler" />
      </TestCategory>
      <Execution id="337517e8-9a77-40e7-bdfe-077a6776207d" />
      <TestMethod codeBase="D:\actions-runner\_work\XPCO\XPCO\Corporate\VideoOS.Administration.Client.UnitTests\bin\x64\Debug\VideoOS.Administration.Client.UnitTests.dll" adapterTypeName="executor://mstestadapter/v2" className="VideoOS.Administration.Client.UnitTests.UriHandlerUnitTests" name="ForceModifyUri_HttpsPort80_IsSecure_ModifiedToHttpsPort443" />
    </UnitTest>
    <UnitTest name="ManagementClientVmoClientFactory_CreateServerConnection_Legacy_WindowsUser_Success" storage="d:\actions-runner\_work\xpco\xpco\corporate\videoos.administration.client.unittests\bin\x64\debug\videoos.administration.client.unittests.dll" id="25c62ab8-bb69-9f5c-5778-177bc92e7dd8">
      <TestCategory>
        <TestCategoryItem TestCategory="ManagementClientVmoClientFactoryTests" />
      </TestCategory>
      <Execution id="819fa395-8b1d-40c2-8caa-f14544b15519" />
      <TestMethod codeBase="D:\actions-runner\_work\XPCO\XPCO\Corporate\VideoOS.Administration.Client.UnitTests\bin\x64\Debug\VideoOS.Administration.Client.UnitTests.dll" adapterTypeName="executor://mstestadapter/v2" className="VideoOS.Administration.Client.UnitTests.ManagementClientVmoClientFactoryTests" name="ManagementClientVmoClientFactory_CreateServerConnection_Legacy_WindowsUser_Success" />
    </UnitTest>
    <UnitTest name="TestTabPluginInEventArgs" storage="d:\actions-runner\_work\xpco\xpco\corporate\videoos.administration.client.unittests\bin\x64\debug\videoos.administration.client.unittests.dll" id="d07ebc18-0f13-a5bc-a913-ab59f0ee71a2">
      <Execution id="ee0453e1-3539-4da3-bfbe-8a02f10aa3e5" />
      <TestMethod codeBase="D:\actions-runner\_work\XPCO\XPCO\Corporate\VideoOS.Administration.Client.UnitTests\bin\x64\Debug\VideoOS.Administration.Client.UnitTests.dll" adapterTypeName="executor://mstestadapter/v2" className="VideoOS.Administration.Client.UnitTests.FrameworkTest" name="TestTabPluginInEventArgs" />
    </UnitTest>
    <UnitTest name="ForceModifyUri_NonStandard_IsNotSecure_ThrowsInvalidOperationException" storage="d:\actions-runner\_work\xpco\xpco\corporate\videoos.administration.client.unittests\bin\x64\debug\videoos.administration.client.unittests.dll" id="bf284477-3e5d-6487-cefd-ea665e8499d4">
      <TestCategory>
        <TestCategoryItem TestCategory="UriHandler" />
      </TestCategory>
      <Execution id="98414a12-a4dd-4806-adb7-ffb315bb8ad2" />
      <TestMethod codeBase="D:\actions-runner\_work\XPCO\XPCO\Corporate\VideoOS.Administration.Client.UnitTests\bin\x64\Debug\VideoOS.Administration.Client.UnitTests.dll" adapterTypeName="executor://mstestadapter/v2" className="VideoOS.Administration.Client.UnitTests.UriHandlerUnitTests" name="ForceModifyUri_NonStandard_IsNotSecure_ThrowsInvalidOperationException" />
    </UnitTest>
    <UnitTest name="ConnectionInfo_CredentialsBasicUser_NoDomain_Success" storage="d:\actions-runner\_work\xpco\xpco\corporate\videoos.administration.client.unittests\bin\x64\debug\videoos.administration.client.unittests.dll" id="611b34d9-f854-9d54-0d0e-c015a266cb27">
      <Execution id="1fb29083-12fe-48da-99c4-eb9a98c7e0f0" />
      <TestMethod codeBase="D:\actions-runner\_work\XPCO\XPCO\Corporate\VideoOS.Administration.Client.UnitTests\bin\x64\Debug\VideoOS.Administration.Client.UnitTests.dll" adapterTypeName="executor://mstestadapter/v2" className="VideoOS.Common.Integration.UnitTests.Login.ConnectionInfoTests" name="ConnectionInfo_CredentialsBasicUser_NoDomain_Success" />
    </UnitTest>
    <UnitTest name="ModifyUri_NonStandardUri_UnsecureAllowed_SecureNotAvailable_ModifiedToHttp_PortUnchanged" storage="d:\actions-runner\_work\xpco\xpco\corporate\videoos.administration.client.unittests\bin\x64\debug\videoos.administration.client.unittests.dll" id="02d9d575-32ef-a54b-0fea-5b4261a7323a">
      <TestCategory>
        <TestCategoryItem TestCategory="UriHandler" />
      </TestCategory>
      <Execution id="cd2997cb-534e-4aee-897b-318f7b995dc8" />
      <TestMethod codeBase="D:\actions-runner\_work\XPCO\XPCO\Corporate\VideoOS.Administration.Client.UnitTests\bin\x64\Debug\VideoOS.Administration.Client.UnitTests.dll" adapterTypeName="executor://mstestadapter/v2" className="VideoOS.Administration.Client.UnitTests.UriHandlerUnitTests" name="ModifyUri_NonStandardUri_UnsecureAllowed_SecureNotAvailable_ModifiedToHttp_PortUnchanged" />
    </UnitTest>
    <UnitTest name="CheckAndModifyUri_StandardUri_UnsecureAllowed_SecureNotAvailable_ModifiedToHttpPort80" storage="d:\actions-runner\_work\xpco\xpco\corporate\videoos.administration.client.unittests\bin\x64\debug\videoos.administration.client.unittests.dll" id="932232c0-7688-1343-4bbc-84d2f7184e06">
      <TestCategory>
        <TestCategoryItem TestCategory="UriHandler" />
      </TestCategory>
      <Execution id="3356b972-8363-4b1a-afae-62af4c4b7ee9" />
      <TestMethod codeBase="D:\actions-runner\_work\XPCO\XPCO\Corporate\VideoOS.Administration.Client.UnitTests\bin\x64\Debug\VideoOS.Administration.Client.UnitTests.dll" adapterTypeName="executor://mstestadapter/v2" className="VideoOS.Administration.Client.UnitTests.UriHandlerUnitTests" name="CheckAndModifyUri_StandardUri_UnsecureAllowed_SecureNotAvailable_ModifiedToHttpPort80" />
    </UnitTest>
    <UnitTest name="CheckAndModifyUri_StandardUri_UnsecureNotAllowed_SecureNotAvailable_ThrowsInvalidOperationException" storage="d:\actions-runner\_work\xpco\xpco\corporate\videoos.administration.client.unittests\bin\x64\debug\videoos.administration.client.unittests.dll" id="9efd9cea-6d02-0c40-586a-6dffdfc13515">
      <TestCategory>
        <TestCategoryItem TestCategory="UriHandler" />
      </TestCategory>
      <Execution id="c61f256a-61d6-4e4e-a963-1032732500f8" />
      <TestMethod codeBase="D:\actions-runner\_work\XPCO\XPCO\Corporate\VideoOS.Administration.Client.UnitTests\bin\x64\Debug\VideoOS.Administration.Client.UnitTests.dll" adapterTypeName="executor://mstestadapter/v2" className="VideoOS.Administration.Client.UnitTests.UriHandlerUnitTests" name="CheckAndModifyUri_StandardUri_UnsecureNotAllowed_SecureNotAvailable_ThrowsInvalidOperationException" />
    </UnitTest>
    <UnitTest name="AuthenticationWindows_SetEnabled_Throws_InvalidOperationException" storage="d:\actions-runner\_work\xpco\xpco\corporate\videoos.administration.client.unittests\bin\x64\debug\videoos.administration.client.unittests.dll" id="a523c830-0702-34eb-830f-dfa41cad7af7">
      <TestCategory>
        <TestCategoryItem TestCategory="AuthenticationInfoTests" />
      </TestCategory>
      <Execution id="1346b74a-e648-460a-831a-092ad64527d1" />
      <TestMethod codeBase="D:\actions-runner\_work\XPCO\XPCO\Corporate\VideoOS.Administration.Client.UnitTests\bin\x64\Debug\VideoOS.Administration.Client.UnitTests.dll" adapterTypeName="executor://mstestadapter/v2" className="VideoOS.Common.Integration.UnitTests.AuthenticationInfoTests" name="AuthenticationWindows_SetEnabled_Throws_InvalidOperationException" />
    </UnitTest>
    <UnitTest name="AuthenticationWindows_SetName_Throws_InvalidOperationException" storage="d:\actions-runner\_work\xpco\xpco\corporate\videoos.administration.client.unittests\bin\x64\debug\videoos.administration.client.unittests.dll" id="4ad75899-796a-abd6-35ad-8073482ecdef">
      <TestCategory>
        <TestCategoryItem TestCategory="AuthenticationInfoTests" />
      </TestCategory>
      <Execution id="3b1b1c36-7aaa-474a-a208-2b628646f4f8" />
      <TestMethod codeBase="D:\actions-runner\_work\XPCO\XPCO\Corporate\VideoOS.Administration.Client.UnitTests\bin\x64\Debug\VideoOS.Administration.Client.UnitTests.dll" adapterTypeName="executor://mstestadapter/v2" className="VideoOS.Common.Integration.UnitTests.AuthenticationInfoTests" name="AuthenticationWindows_SetName_Throws_InvalidOperationException" />
    </UnitTest>
    <UnitTest name="ConnectionInfo_ExternalId_EmptyString_Throws_ArgumentNullException" storage="d:\actions-runner\_work\xpco\xpco\corporate\videoos.administration.client.unittests\bin\x64\debug\videoos.administration.client.unittests.dll" id="33e82e10-d8f6-f106-56f3-206b1addb9ac">
      <Execution id="388b214b-bf61-4104-9efc-7531f9681dfe" />
      <TestMethod codeBase="D:\actions-runner\_work\XPCO\XPCO\Corporate\VideoOS.Administration.Client.UnitTests\bin\x64\Debug\VideoOS.Administration.Client.UnitTests.dll" adapterTypeName="executor://mstestadapter/v2" className="VideoOS.Common.Integration.UnitTests.Login.ConnectionInfoTests" name="ConnectionInfo_ExternalId_EmptyString_Throws_ArgumentNullException" />
    </UnitTest>
    <UnitTest name="Launch_InvalidSecureEndpoint_InvalidUnsecureEndpoint_ThrowsInvalidOperationException" storage="d:\actions-runner\_work\xpco\xpco\corporate\videoos.administration.client.unittests\bin\x64\debug\videoos.administration.client.unittests.dll" id="32d28584-0537-c70d-e8aa-25733a860578">
      <TestCategory>
        <TestCategoryItem TestCategory="UriHandler" />
      </TestCategory>
      <Execution id="6c7a638c-1650-4b0e-97d6-40edc90077a1" />
      <TestMethod codeBase="D:\actions-runner\_work\XPCO\XPCO\Corporate\VideoOS.Administration.Client.UnitTests\bin\x64\Debug\VideoOS.Administration.Client.UnitTests.dll" adapterTypeName="executor://mstestadapter/v2" className="VideoOS.Administration.Client.UnitTests.UriHandlerUnitTests" name="Launch_InvalidSecureEndpoint_InvalidUnsecureEndpoint_ThrowsInvalidOperationException" />
    </UnitTest>
    <UnitTest name="IsSecureConnection_HasValidIdpServer_WithInvalidCertificate_UserSaidNoToUnsecure_Throws_InvalidOperationException" storage="d:\actions-runner\_work\xpco\xpco\corporate\videoos.administration.client.unittests\bin\x64\debug\videoos.administration.client.unittests.dll" id="70ca23f4-0222-9ebc-9174-f3f810b706d1">
      <TestCategory>
        <TestCategoryItem TestCategory="Server Validation" />
      </TestCategory>
      <Execution id="2076cbba-2cd5-440e-a388-00e6ccb6f9c7" />
      <TestMethod codeBase="D:\actions-runner\_work\XPCO\XPCO\Corporate\VideoOS.Administration.Client.UnitTests\bin\x64\Debug\VideoOS.Administration.Client.UnitTests.dll" adapterTypeName="executor://mstestadapter/v2" className="VideoOS.Common.Integration.UnitTests.ServerValidation.ServerConnectionInfoTests" name="IsSecureConnection_HasValidIdpServer_WithInvalidCertificate_UserSaidNoToUnsecure_Throws_InvalidOperationException" />
    </UnitTest>
    <UnitTest name="ConnectionInfo_CredentialsWindowsDefault_NoCredentials" storage="d:\actions-runner\_work\xpco\xpco\corporate\videoos.administration.client.unittests\bin\x64\debug\videoos.administration.client.unittests.dll" id="f87cc64e-244f-af17-b932-1e37b461c1c6">
      <Execution id="03bf4284-89b4-4c0b-adea-89e4d862f3b4" />
      <TestMethod codeBase="D:\actions-runner\_work\XPCO\XPCO\Corporate\VideoOS.Administration.Client.UnitTests\bin\x64\Debug\VideoOS.Administration.Client.UnitTests.dll" adapterTypeName="executor://mstestadapter/v2" className="VideoOS.Common.Integration.UnitTests.Login.ConnectionInfoTests" name="ConnectionInfo_CredentialsWindowsDefault_NoCredentials" />
    </UnitTest>
    <UnitTest name="CreateUri_UrlNoSchemePortNot80_SchemeBecomesHttps" storage="d:\actions-runner\_work\xpco\xpco\corporate\videoos.administration.client.unittests\bin\x64\debug\videoos.administration.client.unittests.dll" id="36865be7-deea-626d-e523-6d3ff2fdc30e">
      <TestCategory>
        <TestCategoryItem TestCategory="UriHandler" />
      </TestCategory>
      <Execution id="ae9597f7-29df-4883-b889-a73d2653e029" />
      <TestMethod codeBase="D:\actions-runner\_work\XPCO\XPCO\Corporate\VideoOS.Administration.Client.UnitTests\bin\x64\Debug\VideoOS.Administration.Client.UnitTests.dll" adapterTypeName="executor://mstestadapter/v2" className="VideoOS.Administration.Client.UnitTests.UriHandlerUnitTests" name="CreateUri_UrlNoSchemePortNot80_SchemeBecomesHttps" />
    </UnitTest>
    <UnitTest name="IsSecureConnection_WindowsAuthenticationType_Returns_False" storage="d:\actions-runner\_work\xpco\xpco\corporate\videoos.administration.client.unittests\bin\x64\debug\videoos.administration.client.unittests.dll" id="983af164-2fd9-e739-c91a-8796e3167f4c">
      <Execution id="d8d03f4b-fc5d-4537-a9b4-8cf93e986295" />
      <TestMethod codeBase="D:\actions-runner\_work\XPCO\XPCO\Corporate\VideoOS.Administration.Client.UnitTests\bin\x64\Debug\VideoOS.Administration.Client.UnitTests.dll" adapterTypeName="executor://mstestadapter/v2" className="VideoOS.Common.Integration.UnitTests.ServerValidation.LegacyConnectionInfoTests" name="IsSecureConnection_WindowsAuthenticationType_Returns_False" />
    </UnitTest>
    <UnitTest name="Launch_ValidSecureEndpoint_InvalidUnsecureEndpoint_InvalidCertificate_ThrowsInvalidOperationException" storage="d:\actions-runner\_work\xpco\xpco\corporate\videoos.administration.client.unittests\bin\x64\debug\videoos.administration.client.unittests.dll" id="7104a889-b79a-d893-298b-896452e9bda9">
      <TestCategory>
        <TestCategoryItem TestCategory="UriHandler" />
      </TestCategory>
      <Execution id="9e8c522b-0064-4461-9bc5-b44fbc20279a" />
      <TestMethod codeBase="D:\actions-runner\_work\XPCO\XPCO\Corporate\VideoOS.Administration.Client.UnitTests\bin\x64\Debug\VideoOS.Administration.Client.UnitTests.dll" adapterTypeName="executor://mstestadapter/v2" className="VideoOS.Administration.Client.UnitTests.UriHandlerUnitTests" name="Launch_ValidSecureEndpoint_InvalidUnsecureEndpoint_InvalidCertificate_ThrowsInvalidOperationException" />
    </UnitTest>
    <UnitTest name="IsSiteWorking_ValidSecureEndpoint_InvalidCertificateNotAllowed_InvalidUnsecureEndpoint_ReturnsFalse" storage="d:\actions-runner\_work\xpco\xpco\corporate\videoos.administration.client.unittests\bin\x64\debug\videoos.administration.client.unittests.dll" id="9846bc81-bfb1-305c-3e48-2f2dff2b66a8">
      <TestCategory>
        <TestCategoryItem TestCategory="UriHandler" />
      </TestCategory>
      <Execution id="e35a3e84-8958-4c62-9f6e-35c141eebcd1" />
      <TestMethod codeBase="D:\actions-runner\_work\XPCO\XPCO\Corporate\VideoOS.Administration.Client.UnitTests\bin\x64\Debug\VideoOS.Administration.Client.UnitTests.dll" adapterTypeName="executor://mstestadapter/v2" className="VideoOS.Administration.Client.UnitTests.UriHandlerUnitTests" name="IsSiteWorking_ValidSecureEndpoint_InvalidCertificateNotAllowed_InvalidUnsecureEndpoint_ReturnsFalse" />
    </UnitTest>
    <UnitTest name="ConnectionInfo_UserDomain_NameBasicUserInvalidDomain_BasicPrefix" storage="d:\actions-runner\_work\xpco\xpco\corporate\videoos.administration.client.unittests\bin\x64\debug\videoos.administration.client.unittests.dll" id="bcb3e5bf-1452-c941-032f-340f83cb1390">
      <Execution id="d4052347-cc43-4d07-8b06-026ccabef033" />
      <TestMethod codeBase="D:\actions-runner\_work\XPCO\XPCO\Corporate\VideoOS.Administration.Client.UnitTests\bin\x64\Debug\VideoOS.Administration.Client.UnitTests.dll" adapterTypeName="executor://mstestadapter/v2" className="VideoOS.Common.Integration.UnitTests.Login.ConnectionInfoTests" name="ConnectionInfo_UserDomain_NameBasicUserInvalidDomain_BasicPrefix" />
    </UnitTest>
    <UnitTest name="ManagementClientVmoClientFactory_CreateServerConnection_NullConnectionInfoWithTokenCache_Throws_ArgumentNullException" storage="d:\actions-runner\_work\xpco\xpco\corporate\videoos.administration.client.unittests\bin\x64\debug\videoos.administration.client.unittests.dll" id="27634e61-fac0-1807-efd6-391b8a22f716">
      <TestCategory>
        <TestCategoryItem TestCategory="ManagementClientVmoClientFactoryTests" />
      </TestCategory>
      <Execution id="88082092-438a-4f80-8d4d-a60b1d136d2d" />
      <TestMethod codeBase="D:\actions-runner\_work\XPCO\XPCO\Corporate\VideoOS.Administration.Client.UnitTests\bin\x64\Debug\VideoOS.Administration.Client.UnitTests.dll" adapterTypeName="executor://mstestadapter/v2" className="VideoOS.Administration.Client.UnitTests.ManagementClientVmoClientFactoryTests" name="ManagementClientVmoClientFactory_CreateServerConnection_NullConnectionInfoWithTokenCache_Throws_ArgumentNullException" />
    </UnitTest>
    <UnitTest name="ForceModifyUri_NonStandardHttps_IsNotSecure_ModifiedToHttp_PortUnchanged" storage="d:\actions-runner\_work\xpco\xpco\corporate\videoos.administration.client.unittests\bin\x64\debug\videoos.administration.client.unittests.dll" id="a96676e4-87db-1a62-eb74-f8ae966e7bc4">
      <TestCategory>
        <TestCategoryItem TestCategory="UriHandler" />
      </TestCategory>
      <Execution id="c7245a03-3be7-4d22-b3e2-f560af7cbbd0" />
      <TestMethod codeBase="D:\actions-runner\_work\XPCO\XPCO\Corporate\VideoOS.Administration.Client.UnitTests\bin\x64\Debug\VideoOS.Administration.Client.UnitTests.dll" adapterTypeName="executor://mstestadapter/v2" className="VideoOS.Administration.Client.UnitTests.UriHandlerUnitTests" name="ForceModifyUri_NonStandardHttps_IsNotSecure_ModifiedToHttp_PortUnchanged" />
    </UnitTest>
    <UnitTest name="NavigationUIItem_ConstructorTest_TextNull" storage="d:\actions-runner\_work\xpco\xpco\corporate\videoos.administration.client.unittests\bin\x64\debug\videoos.administration.client.unittests.dll" id="9885189a-2deb-53cf-9ad7-03eadd0ab8d5">
      <Execution id="296cb41e-7109-479c-9955-c36f5fb76b1a" />
      <TestMethod codeBase="D:\actions-runner\_work\XPCO\XPCO\Corporate\VideoOS.Administration.Client.UnitTests\bin\x64\Debug\VideoOS.Administration.Client.UnitTests.dll" adapterTypeName="executor://mstestadapter/v2" className="VideoOS.Administration.Client.UnitTests.NavigationUIItemUnitTest" name="NavigationUIItem_ConstructorTest_TextNull" />
    </UnitTest>
    <UnitTest name="Construct_InvalidIIdpServerValidation_Throws_ArgumentNullException" storage="d:\actions-runner\_work\xpco\xpco\corporate\videoos.administration.client.unittests\bin\x64\debug\videoos.administration.client.unittests.dll" id="33a270e3-4464-8331-7308-8c9587104102">
      <TestCategory>
        <TestCategoryItem TestCategory="Server Validation" />
      </TestCategory>
      <Execution id="8a0e8627-46eb-4313-a246-b53728be8f1e" />
      <TestMethod codeBase="D:\actions-runner\_work\XPCO\XPCO\Corporate\VideoOS.Administration.Client.UnitTests\bin\x64\Debug\VideoOS.Administration.Client.UnitTests.dll" adapterTypeName="executor://mstestadapter/v2" className="VideoOS.Common.Integration.UnitTests.ServerValidation.ServerConnectionInfoTests" name="Construct_InvalidIIdpServerValidation_Throws_ArgumentNullException" />
    </UnitTest>
    <UnitTest name="IsSecureConnection_HasValidIdpServer_WithInvalidCertificate_EventRaisedUserSaidYes_Returns_False" storage="d:\actions-runner\_work\xpco\xpco\corporate\videoos.administration.client.unittests\bin\x64\debug\videoos.administration.client.unittests.dll" id="e55cd44c-b6ed-79c3-e36c-4d6408611b9d">
      <TestCategory>
        <TestCategoryItem TestCategory="Server Validation" />
      </TestCategory>
      <Execution id="d563a363-40e7-46e1-9aec-330656b22c48" />
      <TestMethod codeBase="D:\actions-runner\_work\XPCO\XPCO\Corporate\VideoOS.Administration.Client.UnitTests\bin\x64\Debug\VideoOS.Administration.Client.UnitTests.dll" adapterTypeName="executor://mstestadapter/v2" className="VideoOS.Common.Integration.UnitTests.ServerValidation.ServerConnectionInfoTests" name="IsSecureConnection_HasValidIdpServer_WithInvalidCertificate_EventRaisedUserSaidYes_Returns_False" />
    </UnitTest>
    <UnitTest name="CreateProxyUsingLocalTokenCache_OAuthAuthenticationSecure_ReturnsExpected" storage="d:\actions-runner\_work\xpco\xpco\corporate\videoos.administration.client.unittests\bin\x64\debug\videoos.administration.client.unittests.dll" id="1d11affc-3ca4-e9d6-5a51-0191d615dc9c">
      <TestCategory>
        <TestCategoryItem TestCategory="ServerProxyManagerFactory" />
      </TestCategory>
      <Execution id="b688e26f-889b-4df5-a478-04c0b8200294" />
      <TestMethod codeBase="D:\actions-runner\_work\XPCO\XPCO\Corporate\VideoOS.Administration.Client.UnitTests\bin\x64\Debug\VideoOS.Administration.Client.UnitTests.dll" adapterTypeName="executor://mstestadapter/v2" className="VideoOS.Administration.Client.UnitTests.ServerProxyManagerFactoryTests" name="CreateProxyUsingLocalTokenCache_OAuthAuthenticationSecure_ReturnsExpected" />
    </UnitTest>
    <UnitTest name="IsSecureConnection_HasValidIdpServer_WithInvalidCertificate_UnsecureNotAvailable_Throws_InvalidOperationException" storage="d:\actions-runner\_work\xpco\xpco\corporate\videoos.administration.client.unittests\bin\x64\debug\videoos.administration.client.unittests.dll" id="467d6231-c728-4a82-dbc9-92fa3394068d">
      <TestCategory>
        <TestCategoryItem TestCategory="Server Validation" />
      </TestCategory>
      <Execution id="071f602a-14ca-4a32-9895-99e33c59df0f" />
      <TestMethod codeBase="D:\actions-runner\_work\XPCO\XPCO\Corporate\VideoOS.Administration.Client.UnitTests\bin\x64\Debug\VideoOS.Administration.Client.UnitTests.dll" adapterTypeName="executor://mstestadapter/v2" className="VideoOS.Common.Integration.UnitTests.ServerValidation.ServerConnectionInfoTests" name="IsSecureConnection_HasValidIdpServer_WithInvalidCertificate_UnsecureNotAvailable_Throws_InvalidOperationException" />
    </UnitTest>
    <UnitTest name="Construct_InvalidILog_Throws_ArgumentNullException" storage="d:\actions-runner\_work\xpco\xpco\corporate\videoos.administration.client.unittests\bin\x64\debug\videoos.administration.client.unittests.dll" id="5e4e1f01-c541-2c46-a0e5-cc0c027ac125">
      <TestCategory>
        <TestCategoryItem TestCategory="Server Validation" />
      </TestCategory>
      <Execution id="bd0d0e86-21ea-4179-a6a7-740cbf354c5d" />
      <TestMethod codeBase="D:\actions-runner\_work\XPCO\XPCO\Corporate\VideoOS.Administration.Client.UnitTests\bin\x64\Debug\VideoOS.Administration.Client.UnitTests.dll" adapterTypeName="executor://mstestadapter/v2" className="VideoOS.Common.Integration.UnitTests.ServerValidation.ServerConnectionInfoTests" name="Construct_InvalidILog_Throws_ArgumentNullException" />
    </UnitTest>
    <UnitTest name="ForceModifyUri_NonStandardHttp_IsSecure_ModifiedToHttps_PortUnchanged" storage="d:\actions-runner\_work\xpco\xpco\corporate\videoos.administration.client.unittests\bin\x64\debug\videoos.administration.client.unittests.dll" id="725c9b7f-e504-99ff-34e5-c8bf30db6e60">
      <TestCategory>
        <TestCategoryItem TestCategory="UriHandler" />
      </TestCategory>
      <Execution id="32bb93bb-054a-4fe5-954e-a10c7d4c6007" />
      <TestMethod codeBase="D:\actions-runner\_work\XPCO\XPCO\Corporate\VideoOS.Administration.Client.UnitTests\bin\x64\Debug\VideoOS.Administration.Client.UnitTests.dll" adapterTypeName="executor://mstestadapter/v2" className="VideoOS.Administration.Client.UnitTests.UriHandlerUnitTests" name="ForceModifyUri_NonStandardHttp_IsSecure_ModifiedToHttps_PortUnchanged" />
    </UnitTest>
    <UnitTest name="IsSiteWorking_InvalidSecureEndpoint_InvalidUnsecureEndpoint_ReturnsFalse" storage="d:\actions-runner\_work\xpco\xpco\corporate\videoos.administration.client.unittests\bin\x64\debug\videoos.administration.client.unittests.dll" id="ccae6f29-2598-051a-9376-5b68ce8a55da">
      <TestCategory>
        <TestCategoryItem TestCategory="UriHandler" />
      </TestCategory>
      <Execution id="d6df863b-65a8-40a4-8ff0-16bb9e9c03b2" />
      <TestMethod codeBase="D:\actions-runner\_work\XPCO\XPCO\Corporate\VideoOS.Administration.Client.UnitTests\bin\x64\Debug\VideoOS.Administration.Client.UnitTests.dll" adapterTypeName="executor://mstestadapter/v2" className="VideoOS.Administration.Client.UnitTests.UriHandlerUnitTests" name="IsSiteWorking_InvalidSecureEndpoint_InvalidUnsecureEndpoint_ReturnsFalse" />
    </UnitTest>
    <UnitTest name="ManagementClientVmoClientFactory_CreateServerConnection_OAuth_DefaultWindowsUser_Success" storage="d:\actions-runner\_work\xpco\xpco\corporate\videoos.administration.client.unittests\bin\x64\debug\videoos.administration.client.unittests.dll" id="16eacdb0-eb71-ae97-4a3c-e46c0504dfdb">
      <TestCategory>
        <TestCategoryItem TestCategory="ManagementClientVmoClientFactoryTests" />
      </TestCategory>
      <Execution id="d69e8635-e07a-4d81-b9e3-f3bcfd76d63d" />
      <TestMethod codeBase="D:\actions-runner\_work\XPCO\XPCO\Corporate\VideoOS.Administration.Client.UnitTests\bin\x64\Debug\VideoOS.Administration.Client.UnitTests.dll" adapterTypeName="executor://mstestadapter/v2" className="VideoOS.Administration.Client.UnitTests.ManagementClientVmoClientFactoryTests" name="ManagementClientVmoClientFactory_CreateServerConnection_OAuth_DefaultWindowsUser_Success" />
    </UnitTest>
    <UnitTest name="CheckAndModifyUri_NonStandardUri_UnsecureAllowedUnknown_SecureNotAvailable_ThrowsInvalidOperationException" storage="d:\actions-runner\_work\xpco\xpco\corporate\videoos.administration.client.unittests\bin\x64\debug\videoos.administration.client.unittests.dll" id="71a6d589-1c8e-fb28-bc4c-ac97c2a54c82">
      <TestCategory>
        <TestCategoryItem TestCategory="UriHandler" />
      </TestCategory>
      <Execution id="fd5b1433-4027-4a25-91e6-271bf5bd5816" />
      <TestMethod codeBase="D:\actions-runner\_work\XPCO\XPCO\Corporate\VideoOS.Administration.Client.UnitTests\bin\x64\Debug\VideoOS.Administration.Client.UnitTests.dll" adapterTypeName="executor://mstestadapter/v2" className="VideoOS.Administration.Client.UnitTests.UriHandlerUnitTests" name="CheckAndModifyUri_NonStandardUri_UnsecureAllowedUnknown_SecureNotAvailable_ThrowsInvalidOperationException" />
    </UnitTest>
    <UnitTest name="SplitDomainAndUserName_ReturnsDomain_OnOriginaluserNameContainingDomainName" storage="d:\actions-runner\_work\xpco\xpco\corporate\videoos.administration.client.unittests\bin\x64\debug\videoos.administration.client.unittests.dll" id="4d91fb62-e0eb-2465-f21d-a551d08bdd62">
      <TestCategory>
        <TestCategoryItem TestCategory="ConnectionInfo" />
      </TestCategory>
      <Execution id="9c4f830c-3885-4d52-9a46-79d76562542f" />
      <TestMethod codeBase="D:\actions-runner\_work\XPCO\XPCO\Corporate\VideoOS.Administration.Client.UnitTests\bin\x64\Debug\VideoOS.Administration.Client.UnitTests.dll" adapterTypeName="executor://mstestadapter/v2" className="VideoOS.Common.Integration.UnitTests.Login.ConnectionInfoTests" name="SplitDomainAndUserName_ReturnsDomain_OnOriginaluserNameContainingDomainName" />
    </UnitTest>
    <UnitTest name="CreateProxyUsingLocalTokenCache_LegacyBasicAuthentication_ReturnsExpected" storage="d:\actions-runner\_work\xpco\xpco\corporate\videoos.administration.client.unittests\bin\x64\debug\videoos.administration.client.unittests.dll" id="c57cd4f6-65d6-f6f1-409f-66e2a5261342">
      <TestCategory>
        <TestCategoryItem TestCategory="ServerProxyManagerFactory" />
      </TestCategory>
      <Execution id="287678af-dbb2-4429-80f4-499a72c9fa1b" />
      <TestMethod codeBase="D:\actions-runner\_work\XPCO\XPCO\Corporate\VideoOS.Administration.Client.UnitTests\bin\x64\Debug\VideoOS.Administration.Client.UnitTests.dll" adapterTypeName="executor://mstestadapter/v2" className="VideoOS.Administration.Client.UnitTests.ServerProxyManagerFactoryTests" name="CreateProxyUsingLocalTokenCache_LegacyBasicAuthentication_ReturnsExpected" />
    </UnitTest>
    <UnitTest name="ModifyUri_StandardUri_UnsecureAllowed_SecureAvailable_ModifiedToHttpsPort443" storage="d:\actions-runner\_work\xpco\xpco\corporate\videoos.administration.client.unittests\bin\x64\debug\videoos.administration.client.unittests.dll" id="f5fdd7e6-f9e2-d55e-2c9c-87cb25adfd70">
      <TestCategory>
        <TestCategoryItem TestCategory="UriHandler" />
      </TestCategory>
      <Execution id="49787b34-d8ff-4e19-9baf-511cf1b1c02b" />
      <TestMethod codeBase="D:\actions-runner\_work\XPCO\XPCO\Corporate\VideoOS.Administration.Client.UnitTests\bin\x64\Debug\VideoOS.Administration.Client.UnitTests.dll" adapterTypeName="executor://mstestadapter/v2" className="VideoOS.Administration.Client.UnitTests.UriHandlerUnitTests" name="ModifyUri_StandardUri_UnsecureAllowed_SecureAvailable_ModifiedToHttpsPort443" />
    </UnitTest>
    <UnitTest name="SplitDomainAndUserName_ReturnsUserName_OnOriginaluserNameWithoutDomainName" storage="d:\actions-runner\_work\xpco\xpco\corporate\videoos.administration.client.unittests\bin\x64\debug\videoos.administration.client.unittests.dll" id="7a8b3238-6432-2977-b3b0-f80b57f64697">
      <TestCategory>
        <TestCategoryItem TestCategory="ConnectionInfo" />
      </TestCategory>
      <Execution id="46ea16ac-30c7-43ae-a7db-19e55c763316" />
      <TestMethod codeBase="D:\actions-runner\_work\XPCO\XPCO\Corporate\VideoOS.Administration.Client.UnitTests\bin\x64\Debug\VideoOS.Administration.Client.UnitTests.dll" adapterTypeName="executor://mstestadapter/v2" className="VideoOS.Common.Integration.UnitTests.Login.ConnectionInfoTests" name="SplitDomainAndUserName_ReturnsUserName_OnOriginaluserNameWithoutDomainName" />
    </UnitTest>
    <UnitTest name="CreateUri_HttpsUrlPort80_SchemeRemainsHttps_PortRemains80" storage="d:\actions-runner\_work\xpco\xpco\corporate\videoos.administration.client.unittests\bin\x64\debug\videoos.administration.client.unittests.dll" id="fc8629c6-1944-c18c-339a-2f2afb74520f">
      <TestCategory>
        <TestCategoryItem TestCategory="UriHandler" />
      </TestCategory>
      <Execution id="f4c1cfc5-260e-4cd7-b528-5bc0ec069b31" />
      <TestMethod codeBase="D:\actions-runner\_work\XPCO\XPCO\Corporate\VideoOS.Administration.Client.UnitTests\bin\x64\Debug\VideoOS.Administration.Client.UnitTests.dll" adapterTypeName="executor://mstestadapter/v2" className="VideoOS.Administration.Client.UnitTests.UriHandlerUnitTests" name="CreateUri_HttpsUrlPort80_SchemeRemainsHttps_PortRemains80" />
    </UnitTest>
    <UnitTest name="CreateProxyUsingLocalTokenCache_OAuthAuthenticationUnsecure_ReturnsExpected" storage="d:\actions-runner\_work\xpco\xpco\corporate\videoos.administration.client.unittests\bin\x64\debug\videoos.administration.client.unittests.dll" id="92b11ede-0ff2-0666-834d-f31bf491e1ad">
      <TestCategory>
        <TestCategoryItem TestCategory="ServerProxyManagerFactory" />
      </TestCategory>
      <Execution id="4d606805-09db-4ea9-8f14-c8ab51695c42" />
      <TestMethod codeBase="D:\actions-runner\_work\XPCO\XPCO\Corporate\VideoOS.Administration.Client.UnitTests\bin\x64\Debug\VideoOS.Administration.Client.UnitTests.dll" adapterTypeName="executor://mstestadapter/v2" className="VideoOS.Administration.Client.UnitTests.ServerProxyManagerFactoryTests" name="CreateProxyUsingLocalTokenCache_OAuthAuthenticationUnsecure_ReturnsExpected" />
    </UnitTest>
    <UnitTest name="ConnectionInfo_UserDomain_NameWindowsUserWithDomain" storage="d:\actions-runner\_work\xpco\xpco\corporate\videoos.administration.client.unittests\bin\x64\debug\videoos.administration.client.unittests.dll" id="17e745ec-50f3-edbf-6ef2-de8d30e1affe">
      <Execution id="8020936c-bab6-4007-9e48-cc14564b7b90" />
      <TestMethod codeBase="D:\actions-runner\_work\XPCO\XPCO\Corporate\VideoOS.Administration.Client.UnitTests\bin\x64\Debug\VideoOS.Administration.Client.UnitTests.dll" adapterTypeName="executor://mstestadapter/v2" className="VideoOS.Common.Integration.UnitTests.Login.ConnectionInfoTests" name="ConnectionInfo_UserDomain_NameWindowsUserWithDomain" />
    </UnitTest>
    <UnitTest name="ModifyUri_StandardUri_UnsecureAllowed_SecureNotAvailable_ModifiedToHttpPort80" storage="d:\actions-runner\_work\xpco\xpco\corporate\videoos.administration.client.unittests\bin\x64\debug\videoos.administration.client.unittests.dll" id="b68cd444-c91f-251d-c429-03651fe16df7">
      <TestCategory>
        <TestCategoryItem TestCategory="UriHandler" />
      </TestCategory>
      <Execution id="c719c0ee-145f-4f1e-a13d-eccbcca8bf4c" />
      <TestMethod codeBase="D:\actions-runner\_work\XPCO\XPCO\Corporate\VideoOS.Administration.Client.UnitTests\bin\x64\Debug\VideoOS.Administration.Client.UnitTests.dll" adapterTypeName="executor://mstestadapter/v2" className="VideoOS.Administration.Client.UnitTests.UriHandlerUnitTests" name="ModifyUri_StandardUri_UnsecureAllowed_SecureNotAvailable_ModifiedToHttpPort80" />
    </UnitTest>
    <UnitTest name="IsSecureConnection_BasicAuthenticationType_Returns_True" storage="d:\actions-runner\_work\xpco\xpco\corporate\videoos.administration.client.unittests\bin\x64\debug\videoos.administration.client.unittests.dll" id="f26f2ee1-c8b2-c1e8-ce20-e3dba3d55d34">
      <Execution id="16e89bfa-f333-4a89-813a-a2ff81709e44" />
      <TestMethod codeBase="D:\actions-runner\_work\XPCO\XPCO\Corporate\VideoOS.Administration.Client.UnitTests\bin\x64\Debug\VideoOS.Administration.Client.UnitTests.dll" adapterTypeName="executor://mstestadapter/v2" className="VideoOS.Common.Integration.UnitTests.ServerValidation.LegacyConnectionInfoTests" name="IsSecureConnection_BasicAuthenticationType_Returns_True" />
    </UnitTest>
    <UnitTest name="CheckAndModifyUri_NonStandardUri_UnsecureAllowedUnknown_SecureAvailable_ModifiedToHttps_PortUnchanged" storage="d:\actions-runner\_work\xpco\xpco\corporate\videoos.administration.client.unittests\bin\x64\debug\videoos.administration.client.unittests.dll" id="eea90ef0-a3fc-7bb6-cee2-31b8be7f9bb9">
      <TestCategory>
        <TestCategoryItem TestCategory="UriHandler" />
      </TestCategory>
      <Execution id="78674c0f-7807-4260-9abf-7c3272abe8d0" />
      <TestMethod codeBase="D:\actions-runner\_work\XPCO\XPCO\Corporate\VideoOS.Administration.Client.UnitTests\bin\x64\Debug\VideoOS.Administration.Client.UnitTests.dll" adapterTypeName="executor://mstestadapter/v2" className="VideoOS.Administration.Client.UnitTests.UriHandlerUnitTests" name="CheckAndModifyUri_NonStandardUri_UnsecureAllowedUnknown_SecureAvailable_ModifiedToHttps_PortUnchanged" />
    </UnitTest>
    <UnitTest name="ManagementClientVmoClientFactory_CreateServerConnection_Legacy_DefaultWindowsUser_Success" storage="d:\actions-runner\_work\xpco\xpco\corporate\videoos.administration.client.unittests\bin\x64\debug\videoos.administration.client.unittests.dll" id="e332c220-ffa2-6618-10ac-5cd2afcfd3f3">
      <TestCategory>
        <TestCategoryItem TestCategory="ManagementClientVmoClientFactoryTests" />
      </TestCategory>
      <Execution id="d224b22c-c633-437f-b89a-043466d07f17" />
      <TestMethod codeBase="D:\actions-runner\_work\XPCO\XPCO\Corporate\VideoOS.Administration.Client.UnitTests\bin\x64\Debug\VideoOS.Administration.Client.UnitTests.dll" adapterTypeName="executor://mstestadapter/v2" className="VideoOS.Administration.Client.UnitTests.ManagementClientVmoClientFactoryTests" name="ManagementClientVmoClientFactory_CreateServerConnection_Legacy_DefaultWindowsUser_Success" />
    </UnitTest>
    <UnitTest name="Launch_NullUri_ThrowsArgumentNullException" storage="d:\actions-runner\_work\xpco\xpco\corporate\videoos.administration.client.unittests\bin\x64\debug\videoos.administration.client.unittests.dll" id="b0b90fda-da1b-ec85-e376-7226be0a67a9">
      <TestCategory>
        <TestCategoryItem TestCategory="UriHandler" />
      </TestCategory>
      <Execution id="d65111bc-9415-40b1-92d0-3cb48a2d691d" />
      <TestMethod codeBase="D:\actions-runner\_work\XPCO\XPCO\Corporate\VideoOS.Administration.Client.UnitTests\bin\x64\Debug\VideoOS.Administration.Client.UnitTests.dll" adapterTypeName="executor://mstestadapter/v2" className="VideoOS.Administration.Client.UnitTests.UriHandlerUnitTests" name="Launch_NullUri_ThrowsArgumentNullException" />
    </UnitTest>
    <UnitTest name="ModifyUri_NullUri_ThrowsArgumentNullException" storage="d:\actions-runner\_work\xpco\xpco\corporate\videoos.administration.client.unittests\bin\x64\debug\videoos.administration.client.unittests.dll" id="45866eeb-fcd0-1520-450b-777e9542eb97">
      <TestCategory>
        <TestCategoryItem TestCategory="UriHandler" />
      </TestCategory>
      <Execution id="0cb00cd3-2ea5-4b39-8eb5-a0d8eadf2848" />
      <TestMethod codeBase="D:\actions-runner\_work\XPCO\XPCO\Corporate\VideoOS.Administration.Client.UnitTests\bin\x64\Debug\VideoOS.Administration.Client.UnitTests.dll" adapterTypeName="executor://mstestadapter/v2" className="VideoOS.Administration.Client.UnitTests.UriHandlerUnitTests" name="ModifyUri_NullUri_ThrowsArgumentNullException" />
    </UnitTest>
    <UnitTest name="CreateUri_Null_ThrowsArgumentNullException" storage="d:\actions-runner\_work\xpco\xpco\corporate\videoos.administration.client.unittests\bin\x64\debug\videoos.administration.client.unittests.dll" id="08541754-5275-56b1-09aa-40306d648c32">
      <TestCategory>
        <TestCategoryItem TestCategory="UriHandler" />
      </TestCategory>
      <Execution id="e25b1edf-a446-4698-b984-790f9e8cc86a" />
      <TestMethod codeBase="D:\actions-runner\_work\XPCO\XPCO\Corporate\VideoOS.Administration.Client.UnitTests\bin\x64\Debug\VideoOS.Administration.Client.UnitTests.dll" adapterTypeName="executor://mstestadapter/v2" className="VideoOS.Administration.Client.UnitTests.UriHandlerUnitTests" name="CreateUri_Null_ThrowsArgumentNullException" />
    </UnitTest>
    <UnitTest name="AuthenticationExternal_CopyConstructor_NullBaseAuth_Throws_ArgumentNullException" storage="d:\actions-runner\_work\xpco\xpco\corporate\videoos.administration.client.unittests\bin\x64\debug\videoos.administration.client.unittests.dll" id="a7816d57-3ae3-1109-f4bd-8c4b2f740479">
      <TestCategory>
        <TestCategoryItem TestCategory="AuthenticationInfoTests" />
      </TestCategory>
      <Execution id="d7bcbae9-c089-43fe-ab21-5fbb63b046e0" />
      <TestMethod codeBase="D:\actions-runner\_work\XPCO\XPCO\Corporate\VideoOS.Administration.Client.UnitTests\bin\x64\Debug\VideoOS.Administration.Client.UnitTests.dll" adapterTypeName="executor://mstestadapter/v2" className="VideoOS.Common.Integration.UnitTests.AuthenticationInfoTests" name="AuthenticationExternal_CopyConstructor_NullBaseAuth_Throws_ArgumentNullException" />
    </UnitTest>
    <UnitTest name="CheckAndModifyUri_StandardUri_InvalidCertificateAllowed_InvalidCertificate_ModifiedToHttpsPort443" storage="d:\actions-runner\_work\xpco\xpco\corporate\videoos.administration.client.unittests\bin\x64\debug\videoos.administration.client.unittests.dll" id="3796ebab-a062-692f-40e4-13fa39c4526e">
      <TestCategory>
        <TestCategoryItem TestCategory="UriHandler" />
      </TestCategory>
      <Execution id="1e3e9bf2-fa8f-4d93-9925-ef4c403464a8" />
      <TestMethod codeBase="D:\actions-runner\_work\XPCO\XPCO\Corporate\VideoOS.Administration.Client.UnitTests\bin\x64\Debug\VideoOS.Administration.Client.UnitTests.dll" adapterTypeName="executor://mstestadapter/v2" className="VideoOS.Administration.Client.UnitTests.UriHandlerUnitTests" name="CheckAndModifyUri_StandardUri_InvalidCertificateAllowed_InvalidCertificate_ModifiedToHttpsPort443" />
    </UnitTest>
    <UnitTest name="AuthenticationBasic_SetName_Throws_InvalidOperationException" storage="d:\actions-runner\_work\xpco\xpco\corporate\videoos.administration.client.unittests\bin\x64\debug\videoos.administration.client.unittests.dll" id="fa7fde75-cd83-4464-0874-b48accbf7fec">
      <TestCategory>
        <TestCategoryItem TestCategory="AuthenticationInfoTests" />
      </TestCategory>
      <Execution id="4f711d13-ea8a-49c5-9b06-623ab4b02161" />
      <TestMethod codeBase="D:\actions-runner\_work\XPCO\XPCO\Corporate\VideoOS.Administration.Client.UnitTests\bin\x64\Debug\VideoOS.Administration.Client.UnitTests.dll" adapterTypeName="executor://mstestadapter/v2" className="VideoOS.Common.Integration.UnitTests.AuthenticationInfoTests" name="AuthenticationBasic_SetName_Throws_InvalidOperationException" />
    </UnitTest>
    <UnitTest name="NavigationUIItem_ConstructorTest_IdEmpty" storage="d:\actions-runner\_work\xpco\xpco\corporate\videoos.administration.client.unittests\bin\x64\debug\videoos.administration.client.unittests.dll" id="50f2dfd2-26a2-52d2-d1e0-b3064cc0d92f">
      <Execution id="1f1e76ab-ad15-44c0-9a1e-1b2ea83f682d" />
      <TestMethod codeBase="D:\actions-runner\_work\XPCO\XPCO\Corporate\VideoOS.Administration.Client.UnitTests\bin\x64\Debug\VideoOS.Administration.Client.UnitTests.dll" adapterTypeName="executor://mstestadapter/v2" className="VideoOS.Administration.Client.UnitTests.NavigationUIItemUnitTest" name="NavigationUIItem_ConstructorTest_IdEmpty" />
    </UnitTest>
    <UnitTest name="CreateProxyUsingLocalTokenCache_LegacyWindowsAuthentication_ReturnsExpected" storage="d:\actions-runner\_work\xpco\xpco\corporate\videoos.administration.client.unittests\bin\x64\debug\videoos.administration.client.unittests.dll" id="31300cfa-948f-6587-4c9f-75a92c14e676">
      <TestCategory>
        <TestCategoryItem TestCategory="ServerProxyManagerFactory" />
      </TestCategory>
      <Execution id="02e996ed-e7b7-4e19-a674-79704c713a9f" />
      <TestMethod codeBase="D:\actions-runner\_work\XPCO\XPCO\Corporate\VideoOS.Administration.Client.UnitTests\bin\x64\Debug\VideoOS.Administration.Client.UnitTests.dll" adapterTypeName="executor://mstestadapter/v2" className="VideoOS.Administration.Client.UnitTests.ServerProxyManagerFactoryTests" name="CreateProxyUsingLocalTokenCache_LegacyWindowsAuthentication_ReturnsExpected" />
    </UnitTest>
    <UnitTest name="ModifyUri_StandardUri_UnsecureAllowedUnknown_SecureAvailable_ModifiedToHttpsPort443" storage="d:\actions-runner\_work\xpco\xpco\corporate\videoos.administration.client.unittests\bin\x64\debug\videoos.administration.client.unittests.dll" id="f5bcff7f-e72c-5178-7d8f-3de54315c06d">
      <TestCategory>
        <TestCategoryItem TestCategory="UriHandler" />
      </TestCategory>
      <Execution id="d7fe45d9-3048-4d32-9583-1b6c6aa72137" />
      <TestMethod codeBase="D:\actions-runner\_work\XPCO\XPCO\Corporate\VideoOS.Administration.Client.UnitTests\bin\x64\Debug\VideoOS.Administration.Client.UnitTests.dll" adapterTypeName="executor://mstestadapter/v2" className="VideoOS.Administration.Client.UnitTests.UriHandlerUnitTests" name="ModifyUri_StandardUri_UnsecureAllowedUnknown_SecureAvailable_ModifiedToHttpsPort443" />
    </UnitTest>
    <UnitTest name="ManagementClientVmoClientFactory_CreateServerConnection_NullConnectionInfo_Throws_ArgumentNullException" storage="d:\actions-runner\_work\xpco\xpco\corporate\videoos.administration.client.unittests\bin\x64\debug\videoos.administration.client.unittests.dll" id="c308abad-42f1-9653-b3ae-91990189ecc2">
      <TestCategory>
        <TestCategoryItem TestCategory="ManagementClientVmoClientFactoryTests" />
      </TestCategory>
      <Execution id="0e363e73-5e00-4104-ad74-e9facff4c253" />
      <TestMethod codeBase="D:\actions-runner\_work\XPCO\XPCO\Corporate\VideoOS.Administration.Client.UnitTests\bin\x64\Debug\VideoOS.Administration.Client.UnitTests.dll" adapterTypeName="executor://mstestadapter/v2" className="VideoOS.Administration.Client.UnitTests.ManagementClientVmoClientFactoryTests" name="ManagementClientVmoClientFactory_CreateServerConnection_NullConnectionInfo_Throws_ArgumentNullException" />
    </UnitTest>
    <UnitTest name="ConnectionInfo_NullProviderId_Success" storage="d:\actions-runner\_work\xpco\xpco\corporate\videoos.administration.client.unittests\bin\x64\debug\videoos.administration.client.unittests.dll" id="a8e9316d-6671-6e15-640c-59c7a10f97bf">
      <Execution id="298be02a-6441-4613-a0c8-873b8003f531" />
      <TestMethod codeBase="D:\actions-runner\_work\XPCO\XPCO\Corporate\VideoOS.Administration.Client.UnitTests\bin\x64\Debug\VideoOS.Administration.Client.UnitTests.dll" adapterTypeName="executor://mstestadapter/v2" className="VideoOS.Common.Integration.UnitTests.Login.ConnectionInfoTests" name="ConnectionInfo_NullProviderId_Success" />
    </UnitTest>
    <UnitTest name="ModifyUri_NonStandardUri_UnsecureAllowedUnknown_SecureAvailable_ModifiedToHttps_PortUnchanged" storage="d:\actions-runner\_work\xpco\xpco\corporate\videoos.administration.client.unittests\bin\x64\debug\videoos.administration.client.unittests.dll" id="b404b103-5177-62f2-98ae-e7ccf19ad686">
      <TestCategory>
        <TestCategoryItem TestCategory="UriHandler" />
      </TestCategory>
      <Execution id="1491cd15-3de4-401e-9619-b5567f5f6cca" />
      <TestMethod codeBase="D:\actions-runner\_work\XPCO\XPCO\Corporate\VideoOS.Administration.Client.UnitTests\bin\x64\Debug\VideoOS.Administration.Client.UnitTests.dll" adapterTypeName="executor://mstestadapter/v2" className="VideoOS.Administration.Client.UnitTests.UriHandlerUnitTests" name="ModifyUri_NonStandardUri_UnsecureAllowedUnknown_SecureAvailable_ModifiedToHttps_PortUnchanged" />
    </UnitTest>
    <UnitTest name="ManagementClientVmoClientFactory_CreateClient_OAuth_Matches_CreateServerConnection" storage="d:\actions-runner\_work\xpco\xpco\corporate\videoos.administration.client.unittests\bin\x64\debug\videoos.administration.client.unittests.dll" id="621bc5ee-dd49-4881-7b2f-3fe06f5fb404">
      <TestCategory>
        <TestCategoryItem TestCategory="ManagementClientVmoClientFactoryTests" />
      </TestCategory>
      <Execution id="b61e2b6f-228e-438d-ae31-2a982422ae4b" />
      <TestMethod codeBase="D:\actions-runner\_work\XPCO\XPCO\Corporate\VideoOS.Administration.Client.UnitTests\bin\x64\Debug\VideoOS.Administration.Client.UnitTests.dll" adapterTypeName="executor://mstestadapter/v2" className="VideoOS.Administration.Client.UnitTests.ManagementClientVmoClientFactoryTests" name="ManagementClientVmoClientFactory_CreateClient_OAuth_Matches_CreateServerConnection" />
    </UnitTest>
    <UnitTest name="IsSecureConnection_HasValidIdpServer_WithInvalidCertificate_UserSaidYesToUnsecure_Returns_False" storage="d:\actions-runner\_work\xpco\xpco\corporate\videoos.administration.client.unittests\bin\x64\debug\videoos.administration.client.unittests.dll" id="2ec5e289-4884-3c72-7b93-6d1e8fa1df39">
      <TestCategory>
        <TestCategoryItem TestCategory="Server Validation" />
      </TestCategory>
      <Execution id="9e53ff63-d279-458f-860e-409aea36f80a" />
      <TestMethod codeBase="D:\actions-runner\_work\XPCO\XPCO\Corporate\VideoOS.Administration.Client.UnitTests\bin\x64\Debug\VideoOS.Administration.Client.UnitTests.dll" adapterTypeName="executor://mstestadapter/v2" className="VideoOS.Common.Integration.UnitTests.ServerValidation.ServerConnectionInfoTests" name="IsSecureConnection_HasValidIdpServer_WithInvalidCertificate_UserSaidYesToUnsecure_Returns_False" />
    </UnitTest>
    <UnitTest name="ConnectionInfo_CredentialsWindows_NoDomain" storage="d:\actions-runner\_work\xpco\xpco\corporate\videoos.administration.client.unittests\bin\x64\debug\videoos.administration.client.unittests.dll" id="85eeee45-b09c-948f-1836-b74ce7199311">
      <Execution id="923d547a-a245-4746-bbd3-9487918f4aa1" />
      <TestMethod codeBase="D:\actions-runner\_work\XPCO\XPCO\Corporate\VideoOS.Administration.Client.UnitTests\bin\x64\Debug\VideoOS.Administration.Client.UnitTests.dll" adapterTypeName="executor://mstestadapter/v2" className="VideoOS.Common.Integration.UnitTests.Login.ConnectionInfoTests" name="ConnectionInfo_CredentialsWindows_NoDomain" />
    </UnitTest>
    <UnitTest name="CheckAndModifyUri_NonStandardUri_UnsecureNotAllowed_SecureAvailable_ModifiedToHttps_PortUnchanged" storage="d:\actions-runner\_work\xpco\xpco\corporate\videoos.administration.client.unittests\bin\x64\debug\videoos.administration.client.unittests.dll" id="91de0cd7-9a50-3db6-7130-0a5d5748dd70">
      <TestCategory>
        <TestCategoryItem TestCategory="UriHandler" />
      </TestCategory>
      <Execution id="955ca50e-9333-49e0-ba09-5cb00e5f8965" />
      <TestMethod codeBase="D:\actions-runner\_work\XPCO\XPCO\Corporate\VideoOS.Administration.Client.UnitTests\bin\x64\Debug\VideoOS.Administration.Client.UnitTests.dll" adapterTypeName="executor://mstestadapter/v2" className="VideoOS.Administration.Client.UnitTests.UriHandlerUnitTests" name="CheckAndModifyUri_NonStandardUri_UnsecureNotAllowed_SecureAvailable_ModifiedToHttps_PortUnchanged" />
    </UnitTest>
    <UnitTest name="IsSecureConnection_InvalidAuthenticationType_Unknown_Throws_InvalidOperationException" storage="d:\actions-runner\_work\xpco\xpco\corporate\videoos.administration.client.unittests\bin\x64\debug\videoos.administration.client.unittests.dll" id="4fe95093-cf52-99c2-c054-30a33159d39a">
      <Execution id="dbd82e3d-66ea-4fc6-8138-b74c4b352895" />
      <TestMethod codeBase="D:\actions-runner\_work\XPCO\XPCO\Corporate\VideoOS.Administration.Client.UnitTests\bin\x64\Debug\VideoOS.Administration.Client.UnitTests.dll" adapterTypeName="executor://mstestadapter/v2" className="VideoOS.Common.Integration.UnitTests.ServerValidation.LegacyConnectionInfoTests" name="IsSecureConnection_InvalidAuthenticationType_Unknown_Throws_InvalidOperationException" />
    </UnitTest>
    <UnitTest name="ConnectionInfo_CredentialsBasicUser_AnyDomain_Success" storage="d:\actions-runner\_work\xpco\xpco\corporate\videoos.administration.client.unittests\bin\x64\debug\videoos.administration.client.unittests.dll" id="0387106e-e6d4-1f56-5fe0-0e4dde9074ec">
      <Execution id="7b40871f-6b3f-4d19-8cae-d2fa8377bf50" />
      <TestMethod codeBase="D:\actions-runner\_work\XPCO\XPCO\Corporate\VideoOS.Administration.Client.UnitTests\bin\x64\Debug\VideoOS.Administration.Client.UnitTests.dll" adapterTypeName="executor://mstestadapter/v2" className="VideoOS.Common.Integration.UnitTests.Login.ConnectionInfoTests" name="ConnectionInfo_CredentialsBasicUser_AnyDomain_Success" />
    </UnitTest>
    <UnitTest name="NavigationUIItemCollection_FromXml" storage="d:\actions-runner\_work\xpco\xpco\corporate\videoos.administration.client.unittests\bin\x64\debug\videoos.administration.client.unittests.dll" id="bd1f22e6-c95c-b879-1bdf-1f4da04f29c5">
      <Execution id="edd0ad8d-d9c0-4aa9-be3f-8490bba1d12c" />
      <TestMethod codeBase="D:\actions-runner\_work\XPCO\XPCO\Corporate\VideoOS.Administration.Client.UnitTests\bin\x64\Debug\VideoOS.Administration.Client.UnitTests.dll" adapterTypeName="executor://mstestadapter/v2" className="VideoOS.Administration.Client.UnitTests.NavigationUIItemUnitTest" name="NavigationUIItemCollection_FromXml" />
    </UnitTest>
    <UnitTest name="Constructor_NullILog_ThrowsArgumentNullException" storage="d:\actions-runner\_work\xpco\xpco\corporate\videoos.administration.client.unittests\bin\x64\debug\videoos.administration.client.unittests.dll" id="3cb603d9-f76d-e264-f98b-b33e5519a664">
      <TestCategory>
        <TestCategoryItem TestCategory="UriHandler" />
      </TestCategory>
      <Execution id="5b1c7a4e-21fa-4534-bae0-784a868dc826" />
      <TestMethod codeBase="D:\actions-runner\_work\XPCO\XPCO\Corporate\VideoOS.Administration.Client.UnitTests\bin\x64\Debug\VideoOS.Administration.Client.UnitTests.dll" adapterTypeName="executor://mstestadapter/v2" className="VideoOS.Administration.Client.UnitTests.UriHandlerUnitTests" name="Constructor_NullILog_ThrowsArgumentNullException" />
    </UnitTest>
    <UnitTest name="IsSiteWorking_NullUri_ThrowsArgumentNullException" storage="d:\actions-runner\_work\xpco\xpco\corporate\videoos.administration.client.unittests\bin\x64\debug\videoos.administration.client.unittests.dll" id="ba18892e-8a76-5b0e-12d4-900358093a64">
      <TestCategory>
        <TestCategoryItem TestCategory="UriHandler" />
      </TestCategory>
      <Execution id="2346460e-0d67-4f7a-ae11-5b50aadc01cf" />
      <TestMethod codeBase="D:\actions-runner\_work\XPCO\XPCO\Corporate\VideoOS.Administration.Client.UnitTests\bin\x64\Debug\VideoOS.Administration.Client.UnitTests.dll" adapterTypeName="executor://mstestadapter/v2" className="VideoOS.Administration.Client.UnitTests.UriHandlerUnitTests" name="IsSiteWorking_NullUri_ThrowsArgumentNullException" />
    </UnitTest>
    <UnitTest name="CreateUri_UrlNoSchemeAndNoPort_SchemeBecomesHttp" storage="d:\actions-runner\_work\xpco\xpco\corporate\videoos.administration.client.unittests\bin\x64\debug\videoos.administration.client.unittests.dll" id="83171bb5-cfa8-7135-d67e-62149eec0cce">
      <TestCategory>
        <TestCategoryItem TestCategory="UriHandler" />
      </TestCategory>
      <Execution id="2e269ea9-4fd2-4df5-991d-332e870e7644" />
      <TestMethod codeBase="D:\actions-runner\_work\XPCO\XPCO\Corporate\VideoOS.Administration.Client.UnitTests\bin\x64\Debug\VideoOS.Administration.Client.UnitTests.dll" adapterTypeName="executor://mstestadapter/v2" className="VideoOS.Administration.Client.UnitTests.UriHandlerUnitTests" name="CreateUri_UrlNoSchemeAndNoPort_SchemeBecomesHttp" />
    </UnitTest>
    <UnitTest name="IsSecureConnection_WindowsDefaultAuthenticationType_Returns_False" storage="d:\actions-runner\_work\xpco\xpco\corporate\videoos.administration.client.unittests\bin\x64\debug\videoos.administration.client.unittests.dll" id="8ef983da-a7ca-d365-4fe5-63d03285d220">
      <Execution id="804ec103-0343-4c8a-9df0-54660d5303c8" />
      <TestMethod codeBase="D:\actions-runner\_work\XPCO\XPCO\Corporate\VideoOS.Administration.Client.UnitTests\bin\x64\Debug\VideoOS.Administration.Client.UnitTests.dll" adapterTypeName="executor://mstestadapter/v2" className="VideoOS.Common.Integration.UnitTests.ServerValidation.LegacyConnectionInfoTests" name="IsSecureConnection_WindowsDefaultAuthenticationType_Returns_False" />
    </UnitTest>
    <UnitTest name="AuthenticationBasic_SetEnabled_Throws_InvalidOperationException" storage="d:\actions-runner\_work\xpco\xpco\corporate\videoos.administration.client.unittests\bin\x64\debug\videoos.administration.client.unittests.dll" id="69675426-29e4-5ede-637d-98f11c37f0e3">
      <TestCategory>
        <TestCategoryItem TestCategory="AuthenticationInfoTests" />
      </TestCategory>
      <Execution id="5a43e997-5cc7-4ec5-bb31-e3c9696d82b0" />
      <TestMethod codeBase="D:\actions-runner\_work\XPCO\XPCO\Corporate\VideoOS.Administration.Client.UnitTests\bin\x64\Debug\VideoOS.Administration.Client.UnitTests.dll" adapterTypeName="executor://mstestadapter/v2" className="VideoOS.Common.Integration.UnitTests.AuthenticationInfoTests" name="AuthenticationBasic_SetEnabled_Throws_InvalidOperationException" />
    </UnitTest>
    <UnitTest name="AuthenticationBasic_SetProperties_Success" storage="d:\actions-runner\_work\xpco\xpco\corporate\videoos.administration.client.unittests\bin\x64\debug\videoos.administration.client.unittests.dll" id="4c733873-7574-3cd3-d492-7861e25965da">
      <TestCategory>
        <TestCategoryItem TestCategory="AuthenticationInfoTests" />
      </TestCategory>
      <Execution id="7714d1b2-24cc-4cfb-9c95-ef0e9498a86d" />
      <TestMethod codeBase="D:\actions-runner\_work\XPCO\XPCO\Corporate\VideoOS.Administration.Client.UnitTests\bin\x64\Debug\VideoOS.Administration.Client.UnitTests.dll" adapterTypeName="executor://mstestadapter/v2" className="VideoOS.Common.Integration.UnitTests.AuthenticationInfoTests" name="AuthenticationBasic_SetProperties_Success" />
    </UnitTest>
    <UnitTest name="AuthenticationExternal_CopyConstructor_Success" storage="d:\actions-runner\_work\xpco\xpco\corporate\videoos.administration.client.unittests\bin\x64\debug\videoos.administration.client.unittests.dll" id="6cb5a6bf-8d92-51ef-abdd-91adc0c746f7">
      <TestCategory>
        <TestCategoryItem TestCategory="AuthenticationInfoTests" />
      </TestCategory>
      <Execution id="7242a551-7464-4f0b-8e1f-1ca82feecc8c" />
      <TestMethod codeBase="D:\actions-runner\_work\XPCO\XPCO\Corporate\VideoOS.Administration.Client.UnitTests\bin\x64\Debug\VideoOS.Administration.Client.UnitTests.dll" adapterTypeName="executor://mstestadapter/v2" className="VideoOS.Common.Integration.UnitTests.AuthenticationInfoTests" name="AuthenticationExternal_CopyConstructor_Success" />
    </UnitTest>
    <UnitTest name="ConnectionInfo_CredentialsWindows_WithDomain" storage="d:\actions-runner\_work\xpco\xpco\corporate\videoos.administration.client.unittests\bin\x64\debug\videoos.administration.client.unittests.dll" id="7e985e5f-484a-9096-c375-d40c01dba003">
      <Execution id="41c9d9ae-8bb1-498a-9808-2b339401648d" />
      <TestMethod codeBase="D:\actions-runner\_work\XPCO\XPCO\Corporate\VideoOS.Administration.Client.UnitTests\bin\x64\Debug\VideoOS.Administration.Client.UnitTests.dll" adapterTypeName="executor://mstestadapter/v2" className="VideoOS.Common.Integration.UnitTests.Login.ConnectionInfoTests" name="ConnectionInfo_CredentialsWindows_WithDomain" />
    </UnitTest>
    <UnitTest name="SplitDomainAndUserName_ReturnsEmptyStringAsDomain_OnOriginaluserNameWithoutDomainName" storage="d:\actions-runner\_work\xpco\xpco\corporate\videoos.administration.client.unittests\bin\x64\debug\videoos.administration.client.unittests.dll" id="d20ebdfa-e5c2-385a-702e-2ceff3e1fae4">
      <TestCategory>
        <TestCategoryItem TestCategory="ConnectionInfo" />
      </TestCategory>
      <Execution id="6bfefaf9-6e5d-4b10-95cb-729088d5f528" />
      <TestMethod codeBase="D:\actions-runner\_work\XPCO\XPCO\Corporate\VideoOS.Administration.Client.UnitTests\bin\x64\Debug\VideoOS.Administration.Client.UnitTests.dll" adapterTypeName="executor://mstestadapter/v2" className="VideoOS.Common.Integration.UnitTests.Login.ConnectionInfoTests" name="SplitDomainAndUserName_ReturnsEmptyStringAsDomain_OnOriginaluserNameWithoutDomainName" />
    </UnitTest>
    <UnitTest name="AuthenticationWindowsDefault_SetEnabled_Throws_InvalidOperationException" storage="d:\actions-runner\_work\xpco\xpco\corporate\videoos.administration.client.unittests\bin\x64\debug\videoos.administration.client.unittests.dll" id="0f254138-f8b2-1aee-a171-e7224fd4f996">
      <TestCategory>
        <TestCategoryItem TestCategory="AuthenticationInfoTests" />
      </TestCategory>
      <Execution id="ffe38673-f77e-435b-94fb-5ca7ddfbe1d3" />
      <TestMethod codeBase="D:\actions-runner\_work\XPCO\XPCO\Corporate\VideoOS.Administration.Client.UnitTests\bin\x64\Debug\VideoOS.Administration.Client.UnitTests.dll" adapterTypeName="executor://mstestadapter/v2" className="VideoOS.Common.Integration.UnitTests.AuthenticationInfoTests" name="AuthenticationWindowsDefault_SetEnabled_Throws_InvalidOperationException" />
    </UnitTest>
    <UnitTest name="ForceModifyUri_HttpPort443_IsNotSecure_ModifiedToHttpPort80" storage="d:\actions-runner\_work\xpco\xpco\corporate\videoos.administration.client.unittests\bin\x64\debug\videoos.administration.client.unittests.dll" id="12493952-e579-aeea-17b2-3484f013f437">
      <TestCategory>
        <TestCategoryItem TestCategory="UriHandler" />
      </TestCategory>
      <Execution id="e6dad325-d7a7-4159-9621-0070b2159823" />
      <TestMethod codeBase="D:\actions-runner\_work\XPCO\XPCO\Corporate\VideoOS.Administration.Client.UnitTests\bin\x64\Debug\VideoOS.Administration.Client.UnitTests.dll" adapterTypeName="executor://mstestadapter/v2" className="VideoOS.Administration.Client.UnitTests.UriHandlerUnitTests" name="ForceModifyUri_HttpPort443_IsNotSecure_ModifiedToHttpPort80" />
    </UnitTest>
    <UnitTest name="ForceModifyUri_NonStandard_IsSecure_ThrowsInvalidOperationException" storage="d:\actions-runner\_work\xpco\xpco\corporate\videoos.administration.client.unittests\bin\x64\debug\videoos.administration.client.unittests.dll" id="a229abc5-14d6-faad-eb7a-68a8f4eb3c81">
      <TestCategory>
        <TestCategoryItem TestCategory="UriHandler" />
      </TestCategory>
      <Execution id="36edeb91-78bd-4696-8107-5aa61ed8abbc" />
      <TestMethod codeBase="D:\actions-runner\_work\XPCO\XPCO\Corporate\VideoOS.Administration.Client.UnitTests\bin\x64\Debug\VideoOS.Administration.Client.UnitTests.dll" adapterTypeName="executor://mstestadapter/v2" className="VideoOS.Administration.Client.UnitTests.UriHandlerUnitTests" name="ForceModifyUri_NonStandard_IsSecure_ThrowsInvalidOperationException" />
    </UnitTest>
    <UnitTest name="ConnectionInfo_UserDomain_NameWindowsUserNoDomain" storage="d:\actions-runner\_work\xpco\xpco\corporate\videoos.administration.client.unittests\bin\x64\debug\videoos.administration.client.unittests.dll" id="d2dcdcc5-5a8e-848f-a248-4edbb03f3d3c">
      <Execution id="a0752024-385e-46b8-80a1-09e312a0c831" />
      <TestMethod codeBase="D:\actions-runner\_work\XPCO\XPCO\Corporate\VideoOS.Administration.Client.UnitTests\bin\x64\Debug\VideoOS.Administration.Client.UnitTests.dll" adapterTypeName="executor://mstestadapter/v2" className="VideoOS.Common.Integration.UnitTests.Login.ConnectionInfoTests" name="ConnectionInfo_UserDomain_NameWindowsUserNoDomain" />
    </UnitTest>
    <UnitTest name="Constructor_NullILocalUserOptions_ThrowsArgumentNullException" storage="d:\actions-runner\_work\xpco\xpco\corporate\videoos.administration.client.unittests\bin\x64\debug\videoos.administration.client.unittests.dll" id="8320b8dc-a4db-7002-91f5-bc51b8562105">
      <TestCategory>
        <TestCategoryItem TestCategory="UriHandler" />
      </TestCategory>
      <Execution id="51864ef8-54b7-4d92-b231-83a5ec8c975b" />
      <TestMethod codeBase="D:\actions-runner\_work\XPCO\XPCO\Corporate\VideoOS.Administration.Client.UnitTests\bin\x64\Debug\VideoOS.Administration.Client.UnitTests.dll" adapterTypeName="executor://mstestadapter/v2" className="VideoOS.Administration.Client.UnitTests.UriHandlerUnitTests" name="Constructor_NullILocalUserOptions_ThrowsArgumentNullException" />
    </UnitTest>
    <UnitTest name="ModifyUri_NonStandardUri_UnsecureNotAllowed_SecureNotAvailable_ThrowsInvalidOperationException" storage="d:\actions-runner\_work\xpco\xpco\corporate\videoos.administration.client.unittests\bin\x64\debug\videoos.administration.client.unittests.dll" id="daad95c9-43d7-9880-f0b7-8f15941d6fcb">
      <TestCategory>
        <TestCategoryItem TestCategory="UriHandler" />
      </TestCategory>
      <Execution id="811019e0-4540-4406-a51a-a5034c7678f0" />
      <TestMethod codeBase="D:\actions-runner\_work\XPCO\XPCO\Corporate\VideoOS.Administration.Client.UnitTests\bin\x64\Debug\VideoOS.Administration.Client.UnitTests.dll" adapterTypeName="executor://mstestadapter/v2" className="VideoOS.Administration.Client.UnitTests.UriHandlerUnitTests" name="ModifyUri_NonStandardUri_UnsecureNotAllowed_SecureNotAvailable_ThrowsInvalidOperationException" />
    </UnitTest>
    <UnitTest name="AuthenticationWindows_SetProperties_Success" storage="d:\actions-runner\_work\xpco\xpco\corporate\videoos.administration.client.unittests\bin\x64\debug\videoos.administration.client.unittests.dll" id="b357cec5-9348-a910-a5f1-cbb5e29620f7">
      <TestCategory>
        <TestCategoryItem TestCategory="AuthenticationInfoTests" />
      </TestCategory>
      <Execution id="e09f4c06-aea2-4e6a-9634-b55d04249fd2" />
      <TestMethod codeBase="D:\actions-runner\_work\XPCO\XPCO\Corporate\VideoOS.Administration.Client.UnitTests\bin\x64\Debug\VideoOS.Administration.Client.UnitTests.dll" adapterTypeName="executor://mstestadapter/v2" className="VideoOS.Common.Integration.UnitTests.AuthenticationInfoTests" name="AuthenticationWindows_SetProperties_Success" />
    </UnitTest>
    <UnitTest name="IsSiteWorking_ValidSecureEndpoint_ReturnsTrue" storage="d:\actions-runner\_work\xpco\xpco\corporate\videoos.administration.client.unittests\bin\x64\debug\videoos.administration.client.unittests.dll" id="6fd84c98-adb6-91d7-3874-3c1c1792d00e">
      <TestCategory>
        <TestCategoryItem TestCategory="UriHandler" />
      </TestCategory>
      <Execution id="e0c733f2-f621-41fa-9c5e-491fe644ce20" />
      <TestMethod codeBase="D:\actions-runner\_work\XPCO\XPCO\Corporate\VideoOS.Administration.Client.UnitTests\bin\x64\Debug\VideoOS.Administration.Client.UnitTests.dll" adapterTypeName="executor://mstestadapter/v2" className="VideoOS.Administration.Client.UnitTests.UriHandlerUnitTests" name="IsSiteWorking_ValidSecureEndpoint_ReturnsTrue" />
    </UnitTest>
    <UnitTest name="CheckAndModifyUri_NonStandardUri_UnsecureNotAllowed_NoEndpointsAvailable_ThrowsInvalidOperationException" storage="d:\actions-runner\_work\xpco\xpco\corporate\videoos.administration.client.unittests\bin\x64\debug\videoos.administration.client.unittests.dll" id="101b843b-9236-09c6-4c42-d92338a86350">
      <TestCategory>
        <TestCategoryItem TestCategory="UriHandler" />
      </TestCategory>
      <Execution id="ebf89594-a72d-42af-9929-8aec63f49b08" />
      <TestMethod codeBase="D:\actions-runner\_work\XPCO\XPCO\Corporate\VideoOS.Administration.Client.UnitTests\bin\x64\Debug\VideoOS.Administration.Client.UnitTests.dll" adapterTypeName="executor://mstestadapter/v2" className="VideoOS.Administration.Client.UnitTests.UriHandlerUnitTests" name="CheckAndModifyUri_NonStandardUri_UnsecureNotAllowed_NoEndpointsAvailable_ThrowsInvalidOperationException" />
    </UnitTest>
    <UnitTest name="ManagementClientVmoClientFactory_CreateServerConnection_Legacy_BasicUser_Success" storage="d:\actions-runner\_work\xpco\xpco\corporate\videoos.administration.client.unittests\bin\x64\debug\videoos.administration.client.unittests.dll" id="0d17b475-7ade-bcf0-6893-8f4578eb23fa">
      <TestCategory>
        <TestCategoryItem TestCategory="ManagementClientVmoClientFactoryTests" />
      </TestCategory>
      <Execution id="50ba905c-3243-451b-b10c-fdc5e2309f42" />
      <TestMethod codeBase="D:\actions-runner\_work\XPCO\XPCO\Corporate\VideoOS.Administration.Client.UnitTests\bin\x64\Debug\VideoOS.Administration.Client.UnitTests.dll" adapterTypeName="executor://mstestadapter/v2" className="VideoOS.Administration.Client.UnitTests.ManagementClientVmoClientFactoryTests" name="ManagementClientVmoClientFactory_CreateServerConnection_Legacy_BasicUser_Success" />
    </UnitTest>
    <UnitTest name="ModifyUri_StandardUri_UnsecureAllowedUnknown_SecureNotAvailable_ThrowsInvalidOperationException" storage="d:\actions-runner\_work\xpco\xpco\corporate\videoos.administration.client.unittests\bin\x64\debug\videoos.administration.client.unittests.dll" id="13b32a55-5122-74b1-faaa-1fa1f13be9e8">
      <TestCategory>
        <TestCategoryItem TestCategory="UriHandler" />
      </TestCategory>
      <Execution id="78ad1834-cb78-4a67-933c-c0c479d28970" />
      <TestMethod codeBase="D:\actions-runner\_work\XPCO\XPCO\Corporate\VideoOS.Administration.Client.UnitTests\bin\x64\Debug\VideoOS.Administration.Client.UnitTests.dll" adapterTypeName="executor://mstestadapter/v2" className="VideoOS.Administration.Client.UnitTests.UriHandlerUnitTests" name="ModifyUri_StandardUri_UnsecureAllowedUnknown_SecureNotAvailable_ThrowsInvalidOperationException" />
    </UnitTest>
    <UnitTest name="CheckAndModifyUri_NullUri_ThrowsArgumentNullException" storage="d:\actions-runner\_work\xpco\xpco\corporate\videoos.administration.client.unittests\bin\x64\debug\videoos.administration.client.unittests.dll" id="3cb3ecbe-2b14-b6d6-0849-b07234eee1dc">
      <TestCategory>
        <TestCategoryItem TestCategory="UriHandler" />
      </TestCategory>
      <Execution id="8cd3e722-68ec-43c4-abdd-32740e8a6df6" />
      <TestMethod codeBase="D:\actions-runner\_work\XPCO\XPCO\Corporate\VideoOS.Administration.Client.UnitTests\bin\x64\Debug\VideoOS.Administration.Client.UnitTests.dll" adapterTypeName="executor://mstestadapter/v2" className="VideoOS.Administration.Client.UnitTests.UriHandlerUnitTests" name="CheckAndModifyUri_NullUri_ThrowsArgumentNullException" />
    </UnitTest>
    <UnitTest name="NavigationUIItem_ConstructorTest_ParentIdNull" storage="d:\actions-runner\_work\xpco\xpco\corporate\videoos.administration.client.unittests\bin\x64\debug\videoos.administration.client.unittests.dll" id="bd1667f5-f5f0-e2de-e899-3057e6998622">
      <Execution id="4a583367-ebd9-43d7-858d-fd33d2aa0c10" />
      <TestMethod codeBase="D:\actions-runner\_work\XPCO\XPCO\Corporate\VideoOS.Administration.Client.UnitTests\bin\x64\Debug\VideoOS.Administration.Client.UnitTests.dll" adapterTypeName="executor://mstestadapter/v2" className="VideoOS.Administration.Client.UnitTests.NavigationUIItemUnitTest" name="NavigationUIItem_ConstructorTest_ParentIdNull" />
    </UnitTest>
    <UnitTest name="CreateUri_HttpsUrl_SchemeRemainsHttps" storage="d:\actions-runner\_work\xpco\xpco\corporate\videoos.administration.client.unittests\bin\x64\debug\videoos.administration.client.unittests.dll" id="b09b7c2a-e698-3e5c-68cc-3f0adf4b32e6">
      <TestCategory>
        <TestCategoryItem TestCategory="UriHandler" />
      </TestCategory>
      <Execution id="ebd69c35-15f3-4879-ab2b-4c457ad079db" />
      <TestMethod codeBase="D:\actions-runner\_work\XPCO\XPCO\Corporate\VideoOS.Administration.Client.UnitTests\bin\x64\Debug\VideoOS.Administration.Client.UnitTests.dll" adapterTypeName="executor://mstestadapter/v2" className="VideoOS.Administration.Client.UnitTests.UriHandlerUnitTests" name="CreateUri_HttpsUrl_SchemeRemainsHttps" />
    </UnitTest>
    <UnitTest name="CreateProxyUsingLocalTokenCache_ConstructUsingExternalProviderConstructor_ReturnsExpected" storage="d:\actions-runner\_work\xpco\xpco\corporate\videoos.administration.client.unittests\bin\x64\debug\videoos.administration.client.unittests.dll" id="3fbd4032-3d08-3c4f-3516-654c1a3f2001">
      <TestCategory>
        <TestCategoryItem TestCategory="ServerProxyManagerFactory" />
      </TestCategory>
      <Execution id="00975115-1fed-42d5-8ff3-4e028a274e58" />
      <TestMethod codeBase="D:\actions-runner\_work\XPCO\XPCO\Corporate\VideoOS.Administration.Client.UnitTests\bin\x64\Debug\VideoOS.Administration.Client.UnitTests.dll" adapterTypeName="executor://mstestadapter/v2" className="VideoOS.Administration.Client.UnitTests.ServerProxyManagerFactoryTests" name="CreateProxyUsingLocalTokenCache_ConstructUsingExternalProviderConstructor_ReturnsExpected" />
    </UnitTest>
    <UnitTest name="CreateUri_UrlNoSchemePort80_SchemeBecomesHttp" storage="d:\actions-runner\_work\xpco\xpco\corporate\videoos.administration.client.unittests\bin\x64\debug\videoos.administration.client.unittests.dll" id="3303bebb-e7cf-a4f0-e210-2db2223e68db">
      <TestCategory>
        <TestCategoryItem TestCategory="UriHandler" />
      </TestCategory>
      <Execution id="f3a74018-93ea-4efb-a844-7bc58d403333" />
      <TestMethod codeBase="D:\actions-runner\_work\XPCO\XPCO\Corporate\VideoOS.Administration.Client.UnitTests\bin\x64\Debug\VideoOS.Administration.Client.UnitTests.dll" adapterTypeName="executor://mstestadapter/v2" className="VideoOS.Administration.Client.UnitTests.UriHandlerUnitTests" name="CreateUri_UrlNoSchemePort80_SchemeBecomesHttp" />
    </UnitTest>
    <UnitTest name="IsSecureConnection_HasValidIdpServer_WithValidCertificate_Returns_True" storage="d:\actions-runner\_work\xpco\xpco\corporate\videoos.administration.client.unittests\bin\x64\debug\videoos.administration.client.unittests.dll" id="5a849e52-71ae-3f90-8ce0-f4ae4137f49b">
      <TestCategory>
        <TestCategoryItem TestCategory="Server Validation" />
      </TestCategory>
      <Execution id="2ec97b64-21e6-4fe5-b788-6974721c8d55" />
      <TestMethod codeBase="D:\actions-runner\_work\XPCO\XPCO\Corporate\VideoOS.Administration.Client.UnitTests\bin\x64\Debug\VideoOS.Administration.Client.UnitTests.dll" adapterTypeName="executor://mstestadapter/v2" className="VideoOS.Common.Integration.UnitTests.ServerValidation.ServerConnectionInfoTests" name="IsSecureConnection_HasValidIdpServer_WithValidCertificate_Returns_True" />
    </UnitTest>
    <UnitTest name="SplitDomainAndUserName_ReturnsUserName_OnOriginaluserNameContainingDomainName" storage="d:\actions-runner\_work\xpco\xpco\corporate\videoos.administration.client.unittests\bin\x64\debug\videoos.administration.client.unittests.dll" id="607e264c-58f4-3824-0df8-ab35da7f0f85">
      <TestCategory>
        <TestCategoryItem TestCategory="ConnectionInfo" />
      </TestCategory>
      <Execution id="d9aee989-7dbe-4e01-91cb-875cdb87f618" />
      <TestMethod codeBase="D:\actions-runner\_work\XPCO\XPCO\Corporate\VideoOS.Administration.Client.UnitTests\bin\x64\Debug\VideoOS.Administration.Client.UnitTests.dll" adapterTypeName="executor://mstestadapter/v2" className="VideoOS.Common.Integration.UnitTests.Login.ConnectionInfoTests" name="SplitDomainAndUserName_ReturnsUserName_OnOriginaluserNameContainingDomainName" />
    </UnitTest>
    <UnitTest name="CreateUri_EmptyString_ThrowsArgumentNullException" storage="d:\actions-runner\_work\xpco\xpco\corporate\videoos.administration.client.unittests\bin\x64\debug\videoos.administration.client.unittests.dll" id="6db1ee2e-960d-a9a0-6d38-4566b6c7ff9a">
      <TestCategory>
        <TestCategoryItem TestCategory="UriHandler" />
      </TestCategory>
      <Execution id="1378edcf-e015-400a-b9df-65f18177620f" />
      <TestMethod codeBase="D:\actions-runner\_work\XPCO\XPCO\Corporate\VideoOS.Administration.Client.UnitTests\bin\x64\Debug\VideoOS.Administration.Client.UnitTests.dll" adapterTypeName="executor://mstestadapter/v2" className="VideoOS.Administration.Client.UnitTests.UriHandlerUnitTests" name="CreateUri_EmptyString_ThrowsArgumentNullException" />
    </UnitTest>
    <UnitTest name="ModifyUri_StandardUri_UnsecureNotAllowed_SecureNotAvailable_ThrowsInvalidOperationException" storage="d:\actions-runner\_work\xpco\xpco\corporate\videoos.administration.client.unittests\bin\x64\debug\videoos.administration.client.unittests.dll" id="521e0bd7-2ba5-23a1-ca86-576a75ae9e60">
      <TestCategory>
        <TestCategoryItem TestCategory="UriHandler" />
      </TestCategory>
      <Execution id="33ff239c-208a-4f8d-ba2a-1b7da00c4741" />
      <TestMethod codeBase="D:\actions-runner\_work\XPCO\XPCO\Corporate\VideoOS.Administration.Client.UnitTests\bin\x64\Debug\VideoOS.Administration.Client.UnitTests.dll" adapterTypeName="executor://mstestadapter/v2" className="VideoOS.Administration.Client.UnitTests.UriHandlerUnitTests" name="ModifyUri_StandardUri_UnsecureNotAllowed_SecureNotAvailable_ThrowsInvalidOperationException" />
    </UnitTest>
    <UnitTest name="Constructor_NullIHttpGet_ThrowsArgumentNullException" storage="d:\actions-runner\_work\xpco\xpco\corporate\videoos.administration.client.unittests\bin\x64\debug\videoos.administration.client.unittests.dll" id="80edee6d-c67c-9872-3559-c1114ff20a0b">
      <TestCategory>
        <TestCategoryItem TestCategory="UriHandler" />
      </TestCategory>
      <Execution id="4bbd6c1a-f225-484f-bc86-90925372a953" />
      <TestMethod codeBase="D:\actions-runner\_work\XPCO\XPCO\Corporate\VideoOS.Administration.Client.UnitTests\bin\x64\Debug\VideoOS.Administration.Client.UnitTests.dll" adapterTypeName="executor://mstestadapter/v2" className="VideoOS.Administration.Client.UnitTests.UriHandlerUnitTests" name="Constructor_NullIHttpGet_ThrowsArgumentNullException" />
    </UnitTest>
    <UnitTest name="NavigationUIItem_ConstructorTest_ToolTipNull" storage="d:\actions-runner\_work\xpco\xpco\corporate\videoos.administration.client.unittests\bin\x64\debug\videoos.administration.client.unittests.dll" id="6a6298ee-afee-edde-17b3-16a4f8417d02">
      <Execution id="bea68d0a-0191-44a7-b081-4fd7f315aec7" />
      <TestMethod codeBase="D:\actions-runner\_work\XPCO\XPCO\Corporate\VideoOS.Administration.Client.UnitTests\bin\x64\Debug\VideoOS.Administration.Client.UnitTests.dll" adapterTypeName="executor://mstestadapter/v2" className="VideoOS.Administration.Client.UnitTests.NavigationUIItemUnitTest" name="NavigationUIItem_ConstructorTest_ToolTipNull" />
    </UnitTest>
    <UnitTest name="CheckAndModifyUri_StandardUri_InvalidCertificate_ModifiedToHttpPort80" storage="d:\actions-runner\_work\xpco\xpco\corporate\videoos.administration.client.unittests\bin\x64\debug\videoos.administration.client.unittests.dll" id="f3758893-da6f-34c9-9d4a-616a192ce427">
      <TestCategory>
        <TestCategoryItem TestCategory="UriHandler" />
      </TestCategory>
      <Execution id="9db82e60-d5d1-4dc6-990d-d33e88c254aa" />
      <TestMethod codeBase="D:\actions-runner\_work\XPCO\XPCO\Corporate\VideoOS.Administration.Client.UnitTests\bin\x64\Debug\VideoOS.Administration.Client.UnitTests.dll" adapterTypeName="executor://mstestadapter/v2" className="VideoOS.Administration.Client.UnitTests.UriHandlerUnitTests" name="CheckAndModifyUri_StandardUri_InvalidCertificate_ModifiedToHttpPort80" />
    </UnitTest>
    <UnitTest name="CheckAndModifyUri_StandardUri_UnsecureNotAllowed_NoEndpointsAvailable_ThrowsInvalidOperationException" storage="d:\actions-runner\_work\xpco\xpco\corporate\videoos.administration.client.unittests\bin\x64\debug\videoos.administration.client.unittests.dll" id="26c64eb7-ed3b-dc54-848e-0c4d46207108">
      <TestCategory>
        <TestCategoryItem TestCategory="UriHandler" />
      </TestCategory>
      <Execution id="0cbef6be-cd76-4373-91ba-5128d9403c1b" />
      <TestMethod codeBase="D:\actions-runner\_work\XPCO\XPCO\Corporate\VideoOS.Administration.Client.UnitTests\bin\x64\Debug\VideoOS.Administration.Client.UnitTests.dll" adapterTypeName="executor://mstestadapter/v2" className="VideoOS.Administration.Client.UnitTests.UriHandlerUnitTests" name="CheckAndModifyUri_StandardUri_UnsecureNotAllowed_NoEndpointsAvailable_ThrowsInvalidOperationException" />
    </UnitTest>
    <UnitTest name="ConnectionInfo_IsSecure_NoServerType_Disabled" storage="d:\actions-runner\_work\xpco\xpco\corporate\videoos.administration.client.unittests\bin\x64\debug\videoos.administration.client.unittests.dll" id="de4b1423-e255-a65a-3864-14b0d1d3eac4">
      <Execution id="5f023c67-9658-43d8-93fd-79355588f436" />
      <TestMethod codeBase="D:\actions-runner\_work\XPCO\XPCO\Corporate\VideoOS.Administration.Client.UnitTests\bin\x64\Debug\VideoOS.Administration.Client.UnitTests.dll" adapterTypeName="executor://mstestadapter/v2" className="VideoOS.Common.Integration.UnitTests.Login.ConnectionInfoTests" name="ConnectionInfo_IsSecure_NoServerType_Disabled" />
    </UnitTest>
    <UnitTest name="ForceModifyUri_NonStandardPort80_IsSecure_ThrowsInvalidOperationException" storage="d:\actions-runner\_work\xpco\xpco\corporate\videoos.administration.client.unittests\bin\x64\debug\videoos.administration.client.unittests.dll" id="1d7b482c-f724-8982-d63d-0d78e4450acf">
      <TestCategory>
        <TestCategoryItem TestCategory="UriHandler" />
      </TestCategory>
      <Execution id="ac4375c3-96c1-4f1f-86b8-47e26857cd2b" />
      <TestMethod codeBase="D:\actions-runner\_work\XPCO\XPCO\Corporate\VideoOS.Administration.Client.UnitTests\bin\x64\Debug\VideoOS.Administration.Client.UnitTests.dll" adapterTypeName="executor://mstestadapter/v2" className="VideoOS.Administration.Client.UnitTests.UriHandlerUnitTests" name="ForceModifyUri_NonStandardPort80_IsSecure_ThrowsInvalidOperationException" />
    </UnitTest>
    <UnitTest name="Construct_InvalidAuthenticationType_Throws_ArgumentException" storage="d:\actions-runner\_work\xpco\xpco\corporate\videoos.administration.client.unittests\bin\x64\debug\videoos.administration.client.unittests.dll" id="b75100ed-445e-c76a-0f91-96408ac0616d">
      <Execution id="a41dbf08-d7da-4ff6-96cb-427a628aaf3f" />
      <TestMethod codeBase="D:\actions-runner\_work\XPCO\XPCO\Corporate\VideoOS.Administration.Client.UnitTests\bin\x64\Debug\VideoOS.Administration.Client.UnitTests.dll" adapterTypeName="executor://mstestadapter/v2" className="VideoOS.Common.Integration.UnitTests.ServerValidation.LegacyConnectionInfoTests" name="Construct_InvalidAuthenticationType_Throws_ArgumentException" />
    </UnitTest>
    <UnitTest name="ManagementClientVmoClientFactory_CreateServerConnection_OAuth_WindowsUser_Success" storage="d:\actions-runner\_work\xpco\xpco\corporate\videoos.administration.client.unittests\bin\x64\debug\videoos.administration.client.unittests.dll" id="d1598403-e77a-6d53-0bb6-4e1bb408453f">
      <TestCategory>
        <TestCategoryItem TestCategory="ManagementClientVmoClientFactoryTests" />
      </TestCategory>
      <Execution id="721a3649-0eb1-43a0-addd-c95053c95784" />
      <TestMethod codeBase="D:\actions-runner\_work\XPCO\XPCO\Corporate\VideoOS.Administration.Client.UnitTests\bin\x64\Debug\VideoOS.Administration.Client.UnitTests.dll" adapterTypeName="executor://mstestadapter/v2" className="VideoOS.Administration.Client.UnitTests.ManagementClientVmoClientFactoryTests" name="ManagementClientVmoClientFactory_CreateServerConnection_OAuth_WindowsUser_Success" />
    </UnitTest>
    <UnitTest name="CheckAndModifyUri_StandardUri_UnsecureNotAllowed_SecureAvailable_ModifiedToHttpsPort443" storage="d:\actions-runner\_work\xpco\xpco\corporate\videoos.administration.client.unittests\bin\x64\debug\videoos.administration.client.unittests.dll" id="007fd9bd-5d79-ece7-0cba-74f6dca89e1a">
      <TestCategory>
        <TestCategoryItem TestCategory="UriHandler" />
      </TestCategory>
      <Execution id="25f7666e-35e1-4131-b4c8-2de1c6552649" />
      <TestMethod codeBase="D:\actions-runner\_work\XPCO\XPCO\Corporate\VideoOS.Administration.Client.UnitTests\bin\x64\Debug\VideoOS.Administration.Client.UnitTests.dll" adapterTypeName="executor://mstestadapter/v2" className="VideoOS.Administration.Client.UnitTests.UriHandlerUnitTests" name="CheckAndModifyUri_StandardUri_UnsecureNotAllowed_SecureAvailable_ModifiedToHttpsPort443" />
    </UnitTest>
    <UnitTest name="CheckAndModifyUri_NonStandardUri_UnsecureNotAllowed_SecureNotAvailable_ThrowsInvalidOperationException" storage="d:\actions-runner\_work\xpco\xpco\corporate\videoos.administration.client.unittests\bin\x64\debug\videoos.administration.client.unittests.dll" id="1fecf0ba-7482-34f9-6a6a-7750db2d034d">
      <TestCategory>
        <TestCategoryItem TestCategory="UriHandler" />
      </TestCategory>
      <Execution id="584ee946-f9a0-4fc0-b4b7-8df25ea422ed" />
      <TestMethod codeBase="D:\actions-runner\_work\XPCO\XPCO\Corporate\VideoOS.Administration.Client.UnitTests\bin\x64\Debug\VideoOS.Administration.Client.UnitTests.dll" adapterTypeName="executor://mstestadapter/v2" className="VideoOS.Administration.Client.UnitTests.UriHandlerUnitTests" name="CheckAndModifyUri_NonStandardUri_UnsecureNotAllowed_SecureNotAvailable_ThrowsInvalidOperationException" />
    </UnitTest>
    <UnitTest name="ForceModifyUri_HttpsPort443_IsNotSecure_ModifiedToHttpPort80" storage="d:\actions-runner\_work\xpco\xpco\corporate\videoos.administration.client.unittests\bin\x64\debug\videoos.administration.client.unittests.dll" id="26ade9a1-dc54-3a3f-a8fe-0e2a3df1ab8b">
      <TestCategory>
        <TestCategoryItem TestCategory="UriHandler" />
      </TestCategory>
      <Execution id="02008819-9a3e-4320-acfd-ba5e59df96c3" />
      <TestMethod codeBase="D:\actions-runner\_work\XPCO\XPCO\Corporate\VideoOS.Administration.Client.UnitTests\bin\x64\Debug\VideoOS.Administration.Client.UnitTests.dll" adapterTypeName="executor://mstestadapter/v2" className="VideoOS.Administration.Client.UnitTests.UriHandlerUnitTests" name="ForceModifyUri_HttpsPort443_IsNotSecure_ModifiedToHttpPort80" />
    </UnitTest>
    <UnitTest name="NavigationUIItemCollection_GetUIElementsXml" storage="d:\actions-runner\_work\xpco\xpco\corporate\videoos.administration.client.unittests\bin\x64\debug\videoos.administration.client.unittests.dll" id="1102ab3c-96f9-0a2e-47c1-9d16015364b3">
      <Execution id="2ddd79fb-b0a3-4738-8ae9-e7bb008ce247" />
      <TestMethod codeBase="D:\actions-runner\_work\XPCO\XPCO\Corporate\VideoOS.Administration.Client.UnitTests\bin\x64\Debug\VideoOS.Administration.Client.UnitTests.dll" adapterTypeName="executor://mstestadapter/v2" className="VideoOS.Administration.Client.UnitTests.NavigationUIItemUnitTest" name="NavigationUIItemCollection_GetUIElementsXml" />
    </UnitTest>
    <UnitTest name="ForceModifyUri_NullUri_ThrowsArgumentNullException" storage="d:\actions-runner\_work\xpco\xpco\corporate\videoos.administration.client.unittests\bin\x64\debug\videoos.administration.client.unittests.dll" id="5d474c19-dcd1-d3a6-68bd-70874cb774e8">
      <TestCategory>
        <TestCategoryItem TestCategory="UriHandler" />
      </TestCategory>
      <Execution id="353c3760-cf6a-453c-9d09-4362b88f0b8d" />
      <TestMethod codeBase="D:\actions-runner\_work\XPCO\XPCO\Corporate\VideoOS.Administration.Client.UnitTests\bin\x64\Debug\VideoOS.Administration.Client.UnitTests.dll" adapterTypeName="executor://mstestadapter/v2" className="VideoOS.Administration.Client.UnitTests.UriHandlerUnitTests" name="ForceModifyUri_NullUri_ThrowsArgumentNullException" />
    </UnitTest>
    <UnitTest name="ManagementClientVmoClientFactory_CreateServerConnection_NullTokenCacheArgument_IgnoresServiceContainer" storage="d:\actions-runner\_work\xpco\xpco\corporate\videoos.administration.client.unittests\bin\x64\debug\videoos.administration.client.unittests.dll" id="25cb5479-afc6-8e56-e98b-c3d34bf27d5a">
      <TestCategory>
        <TestCategoryItem TestCategory="ManagementClientVmoClientFactoryTests" />
      </TestCategory>
      <Execution id="5a6b3a1a-53bf-4ecb-9b70-489590ba8d2b" />
      <TestMethod codeBase="D:\actions-runner\_work\XPCO\XPCO\Corporate\VideoOS.Administration.Client.UnitTests\bin\x64\Debug\VideoOS.Administration.Client.UnitTests.dll" adapterTypeName="executor://mstestadapter/v2" className="VideoOS.Administration.Client.UnitTests.ManagementClientVmoClientFactoryTests" name="ManagementClientVmoClientFactory_CreateServerConnection_NullTokenCacheArgument_IgnoresServiceContainer" />
    </UnitTest>
    <UnitTest name="ModifyUri_NonStandardUri_UnsecureNotAllowed_SecureAvailable_ModifiedToHttps_PortUnchanged" storage="d:\actions-runner\_work\xpco\xpco\corporate\videoos.administration.client.unittests\bin\x64\debug\videoos.administration.client.unittests.dll" id="c4b6c8d0-f1eb-5111-203f-5ec41ad9f087">
      <TestCategory>
        <TestCategoryItem TestCategory="UriHandler" />
      </TestCategory>
      <Execution id="88e4a0f2-e3af-4ae2-a847-8d9d254afa79" />
      <TestMethod codeBase="D:\actions-runner\_work\XPCO\XPCO\Corporate\VideoOS.Administration.Client.UnitTests\bin\x64\Debug\VideoOS.Administration.Client.UnitTests.dll" adapterTypeName="executor://mstestadapter/v2" className="VideoOS.Administration.Client.UnitTests.UriHandlerUnitTests" name="ModifyUri_NonStandardUri_UnsecureNotAllowed_SecureAvailable_ModifiedToHttps_PortUnchanged" />
    </UnitTest>
    <UnitTest name="CreateProxyUsingLocalTokenCache_LegacyWindowsDefaultAuthentication_ReturnsExpected" storage="d:\actions-runner\_work\xpco\xpco\corporate\videoos.administration.client.unittests\bin\x64\debug\videoos.administration.client.unittests.dll" id="9ce72897-6c54-d188-4ee2-e77d77f64518">
      <TestCategory>
        <TestCategoryItem TestCategory="ServerProxyManagerFactory" />
      </TestCategory>
      <Execution id="48292cec-aafa-4052-a7a9-ffecd19d7e42" />
      <TestMethod codeBase="D:\actions-runner\_work\XPCO\XPCO\Corporate\VideoOS.Administration.Client.UnitTests\bin\x64\Debug\VideoOS.Administration.Client.UnitTests.dll" adapterTypeName="executor://mstestadapter/v2" className="VideoOS.Administration.Client.UnitTests.ServerProxyManagerFactoryTests" name="CreateProxyUsingLocalTokenCache_LegacyWindowsDefaultAuthentication_ReturnsExpected" />
    </UnitTest>
    <UnitTest name="ConnectionInfo_UserDomain_NameBasicUserNoDomain_BasicPrefix" storage="d:\actions-runner\_work\xpco\xpco\corporate\videoos.administration.client.unittests\bin\x64\debug\videoos.administration.client.unittests.dll" id="c4541f8b-dde0-be7b-f78b-1360b39572aa">
      <Execution id="7862efef-4dc7-4b25-94a3-161c12c11135" />
      <TestMethod codeBase="D:\actions-runner\_work\XPCO\XPCO\Corporate\VideoOS.Administration.Client.UnitTests\bin\x64\Debug\VideoOS.Administration.Client.UnitTests.dll" adapterTypeName="executor://mstestadapter/v2" className="VideoOS.Common.Integration.UnitTests.Login.ConnectionInfoTests" name="ConnectionInfo_UserDomain_NameBasicUserNoDomain_BasicPrefix" />
    </UnitTest>
    <UnitTest name="AuthenticationWindowsDefault_SetName_Throws_InvalidOperationException" storage="d:\actions-runner\_work\xpco\xpco\corporate\videoos.administration.client.unittests\bin\x64\debug\videoos.administration.client.unittests.dll" id="d6accb42-5ea7-a836-68de-0cf126387104">
      <TestCategory>
        <TestCategoryItem TestCategory="AuthenticationInfoTests" />
      </TestCategory>
      <Execution id="5f174eec-d2fe-49c0-9d21-8f807eed17c5" />
      <TestMethod codeBase="D:\actions-runner\_work\XPCO\XPCO\Corporate\VideoOS.Administration.Client.UnitTests\bin\x64\Debug\VideoOS.Administration.Client.UnitTests.dll" adapterTypeName="executor://mstestadapter/v2" className="VideoOS.Common.Integration.UnitTests.AuthenticationInfoTests" name="AuthenticationWindowsDefault_SetName_Throws_InvalidOperationException" />
    </UnitTest>
    <UnitTest name="CheckAndModifyUri_NonStandardUri_UnsecureAllowed_SecureAvailable_ModifiedToHttps_PortUnchanged" storage="d:\actions-runner\_work\xpco\xpco\corporate\videoos.administration.client.unittests\bin\x64\debug\videoos.administration.client.unittests.dll" id="502135c9-53e3-fce0-5ca4-225441760e67">
      <TestCategory>
        <TestCategoryItem TestCategory="UriHandler" />
      </TestCategory>
      <Execution id="985ca666-80d2-4f4e-a0e2-44e6386d1e58" />
      <TestMethod codeBase="D:\actions-runner\_work\XPCO\XPCO\Corporate\VideoOS.Administration.Client.UnitTests\bin\x64\Debug\VideoOS.Administration.Client.UnitTests.dll" adapterTypeName="executor://mstestadapter/v2" className="VideoOS.Administration.Client.UnitTests.UriHandlerUnitTests" name="CheckAndModifyUri_NonStandardUri_UnsecureAllowed_SecureAvailable_ModifiedToHttps_PortUnchanged" />
    </UnitTest>
    <UnitTest name="IsSiteWorking_InvalidSecureEndpoint_ValidUnsecureEndpoint_ReturnTrue" storage="d:\actions-runner\_work\xpco\xpco\corporate\videoos.administration.client.unittests\bin\x64\debug\videoos.administration.client.unittests.dll" id="49634520-442e-81d6-01bb-bbb969e8cd8b">
      <TestCategory>
        <TestCategoryItem TestCategory="UriHandler" />
      </TestCategory>
      <Execution id="a85a11a0-5602-48d8-8ab7-cd5b0728135d" />
      <TestMethod codeBase="D:\actions-runner\_work\XPCO\XPCO\Corporate\VideoOS.Administration.Client.UnitTests\bin\x64\Debug\VideoOS.Administration.Client.UnitTests.dll" adapterTypeName="executor://mstestadapter/v2" className="VideoOS.Administration.Client.UnitTests.UriHandlerUnitTests" name="IsSiteWorking_InvalidSecureEndpoint_ValidUnsecureEndpoint_ReturnTrue" />
    </UnitTest>
    <UnitTest name="ModifyUri_NonStandardUri_UnsecureAllowedUnknown_SecureNotAvailable_ThrowsInvalidOperationException" storage="d:\actions-runner\_work\xpco\xpco\corporate\videoos.administration.client.unittests\bin\x64\debug\videoos.administration.client.unittests.dll" id="e172b8ff-96d8-30bc-4d63-70af1eaaf6b1">
      <TestCategory>
        <TestCategoryItem TestCategory="UriHandler" />
      </TestCategory>
      <Execution id="aaf053b3-36bf-4479-a381-580100dae58c" />
      <TestMethod codeBase="D:\actions-runner\_work\XPCO\XPCO\Corporate\VideoOS.Administration.Client.UnitTests\bin\x64\Debug\VideoOS.Administration.Client.UnitTests.dll" adapterTypeName="executor://mstestadapter/v2" className="VideoOS.Administration.Client.UnitTests.UriHandlerUnitTests" name="ModifyUri_NonStandardUri_UnsecureAllowedUnknown_SecureNotAvailable_ThrowsInvalidOperationException" />
    </UnitTest>
    <UnitTest name="CheckAndModifyUri_NonStandardUri_UnsecureAllowed_SecureNotAvailable_ModifiedToHttp_PortUnchanged" storage="d:\actions-runner\_work\xpco\xpco\corporate\videoos.administration.client.unittests\bin\x64\debug\videoos.administration.client.unittests.dll" id="762aea99-9366-243d-f857-209c23474477">
      <TestCategory>
        <TestCategoryItem TestCategory="UriHandler" />
      </TestCategory>
      <Execution id="097fe7f4-3f8d-43a5-ac8d-ae50dfbe54fb" />
      <TestMethod codeBase="D:\actions-runner\_work\XPCO\XPCO\Corporate\VideoOS.Administration.Client.UnitTests\bin\x64\Debug\VideoOS.Administration.Client.UnitTests.dll" adapterTypeName="executor://mstestadapter/v2" className="VideoOS.Administration.Client.UnitTests.UriHandlerUnitTests" name="CheckAndModifyUri_NonStandardUri_UnsecureAllowed_SecureNotAvailable_ModifiedToHttp_PortUnchanged" />
    </UnitTest>
    <UnitTest name="CheckAndModifyUri_StandardUri_UnsecureAllowed_NoEndpointsAvailable_ThrowsInvalidOperationException" storage="d:\actions-runner\_work\xpco\xpco\corporate\videoos.administration.client.unittests\bin\x64\debug\videoos.administration.client.unittests.dll" id="4bfb1c51-cefe-843a-c8a5-3e7bae7770f9">
      <TestCategory>
        <TestCategoryItem TestCategory="UriHandler" />
      </TestCategory>
      <Execution id="a747e5eb-e97f-42af-951d-391b36d62170" />
      <TestMethod codeBase="D:\actions-runner\_work\XPCO\XPCO\Corporate\VideoOS.Administration.Client.UnitTests\bin\x64\Debug\VideoOS.Administration.Client.UnitTests.dll" adapterTypeName="executor://mstestadapter/v2" className="VideoOS.Administration.Client.UnitTests.UriHandlerUnitTests" name="CheckAndModifyUri_StandardUri_UnsecureAllowed_NoEndpointsAvailable_ThrowsInvalidOperationException" />
    </UnitTest>
    <UnitTest name="CheckAndModifyUri_StandardUri_UnsecureAllowed_SecureAvailable_ModifiedToHttpsPort443" storage="d:\actions-runner\_work\xpco\xpco\corporate\videoos.administration.client.unittests\bin\x64\debug\videoos.administration.client.unittests.dll" id="351a88b4-5f89-ae26-6335-2f01588d988c">
      <TestCategory>
        <TestCategoryItem TestCategory="UriHandler" />
      </TestCategory>
      <Execution id="a4a12d59-abd7-4659-94b4-0bd030c5fea7" />
      <TestMethod codeBase="D:\actions-runner\_work\XPCO\XPCO\Corporate\VideoOS.Administration.Client.UnitTests\bin\x64\Debug\VideoOS.Administration.Client.UnitTests.dll" adapterTypeName="executor://mstestadapter/v2" className="VideoOS.Administration.Client.UnitTests.UriHandlerUnitTests" name="CheckAndModifyUri_StandardUri_UnsecureAllowed_SecureAvailable_ModifiedToHttpsPort443" />
    </UnitTest>
    <UnitTest name="ForceModifyUri_InvalidScheme_IsSecure_ModifiedToHttpsPort443" storage="d:\actions-runner\_work\xpco\xpco\corporate\videoos.administration.client.unittests\bin\x64\debug\videoos.administration.client.unittests.dll" id="748fee11-580e-a2b6-a72f-ba13ab560355">
      <TestCategory>
        <TestCategoryItem TestCategory="UriHandler" />
      </TestCategory>
      <Execution id="e79368a3-8dd1-4fcb-8537-7fdf3ed8f4dd" />
      <TestMethod codeBase="D:\actions-runner\_work\XPCO\XPCO\Corporate\VideoOS.Administration.Client.UnitTests\bin\x64\Debug\VideoOS.Administration.Client.UnitTests.dll" adapterTypeName="executor://mstestadapter/v2" className="VideoOS.Administration.Client.UnitTests.UriHandlerUnitTests" name="ForceModifyUri_InvalidScheme_IsSecure_ModifiedToHttpsPort443" />
    </UnitTest>
    <UnitTest name="ManagementClientVmoClientFactory_CreateServerConnection_OAuth_BasicUser_Success" storage="d:\actions-runner\_work\xpco\xpco\corporate\videoos.administration.client.unittests\bin\x64\debug\videoos.administration.client.unittests.dll" id="d804f483-9b98-5d7d-ddfe-a15d08999d0f">
      <TestCategory>
        <TestCategoryItem TestCategory="ManagementClientVmoClientFactoryTests" />
      </TestCategory>
      <Execution id="b09e01e3-9700-4826-9383-cc72a3a89aa1" />
      <TestMethod codeBase="D:\actions-runner\_work\XPCO\XPCO\Corporate\VideoOS.Administration.Client.UnitTests\bin\x64\Debug\VideoOS.Administration.Client.UnitTests.dll" adapterTypeName="executor://mstestadapter/v2" className="VideoOS.Administration.Client.UnitTests.ManagementClientVmoClientFactoryTests" name="ManagementClientVmoClientFactory_CreateServerConnection_OAuth_BasicUser_Success" />
    </UnitTest>
    <UnitTest name="ModifyUri_NonStandardUri_UnsecureAllowed_SecureAvailable_ModifiedToHttps_PortUnchanged" storage="d:\actions-runner\_work\xpco\xpco\corporate\videoos.administration.client.unittests\bin\x64\debug\videoos.administration.client.unittests.dll" id="2f4be414-8bb7-0eb4-1eb0-6e94c6d18845">
      <TestCategory>
        <TestCategoryItem TestCategory="UriHandler" />
      </TestCategory>
      <Execution id="835d69ce-5de8-4660-83b9-b0f89df5f48e" />
      <TestMethod codeBase="D:\actions-runner\_work\XPCO\XPCO\Corporate\VideoOS.Administration.Client.UnitTests\bin\x64\Debug\VideoOS.Administration.Client.UnitTests.dll" adapterTypeName="executor://mstestadapter/v2" className="VideoOS.Administration.Client.UnitTests.UriHandlerUnitTests" name="ModifyUri_NonStandardUri_UnsecureAllowed_SecureAvailable_ModifiedToHttps_PortUnchanged" />
    </UnitTest>
    <UnitTest name="ModifyUri_StandardUri_UnsecureNotAllowed_SecureAvailable_ModifiedToHttpsPort443" storage="d:\actions-runner\_work\xpco\xpco\corporate\videoos.administration.client.unittests\bin\x64\debug\videoos.administration.client.unittests.dll" id="e0a14c59-193b-c8c1-4325-b16b92b6892f">
      <TestCategory>
        <TestCategoryItem TestCategory="UriHandler" />
      </TestCategory>
      <Execution id="8940c9c7-615e-4d1e-bc1e-462e023ae5e3" />
      <TestMethod codeBase="D:\actions-runner\_work\XPCO\XPCO\Corporate\VideoOS.Administration.Client.UnitTests\bin\x64\Debug\VideoOS.Administration.Client.UnitTests.dll" adapterTypeName="executor://mstestadapter/v2" className="VideoOS.Administration.Client.UnitTests.UriHandlerUnitTests" name="ModifyUri_StandardUri_UnsecureNotAllowed_SecureAvailable_ModifiedToHttpsPort443" />
    </UnitTest>
    <UnitTest name="ManagementClientVmoClientFactory_NullServiceContainer_Throws_ArgumentNullException" storage="d:\actions-runner\_work\xpco\xpco\corporate\videoos.administration.client.unittests\bin\x64\debug\videoos.administration.client.unittests.dll" id="7c762d09-a0a1-0395-844e-b94ed4c8d502">
      <TestCategory>
        <TestCategoryItem TestCategory="ManagementClientVmoClientFactoryTests" />
      </TestCategory>
      <Execution id="6159730f-f50b-4097-ba58-1cfd7a737c94" />
      <TestMethod codeBase="D:\actions-runner\_work\XPCO\XPCO\Corporate\VideoOS.Administration.Client.UnitTests\bin\x64\Debug\VideoOS.Administration.Client.UnitTests.dll" adapterTypeName="executor://mstestadapter/v2" className="VideoOS.Administration.Client.UnitTests.ManagementClientVmoClientFactoryTests" name="ManagementClientVmoClientFactory_NullServiceContainer_Throws_ArgumentNullException" />
    </UnitTest>
    <UnitTest name="ConnectionInfo_UserDomain_NameBasicUserWithDomain_BasicPrefix" storage="d:\actions-runner\_work\xpco\xpco\corporate\videoos.administration.client.unittests\bin\x64\debug\videoos.administration.client.unittests.dll" id="6f2b7f5a-3a0e-6508-54fb-f1ad8a3c844d">
      <Execution id="01f7ae19-f466-4510-859f-7c3e9283790b" />
      <TestMethod codeBase="D:\actions-runner\_work\XPCO\XPCO\Corporate\VideoOS.Administration.Client.UnitTests\bin\x64\Debug\VideoOS.Administration.Client.UnitTests.dll" adapterTypeName="executor://mstestadapter/v2" className="VideoOS.Common.Integration.UnitTests.Login.ConnectionInfoTests" name="ConnectionInfo_UserDomain_NameBasicUserWithDomain_BasicPrefix" />
    </UnitTest>
    <UnitTest name="NavigationUIItem_ConstructorTest_IdNull" storage="d:\actions-runner\_work\xpco\xpco\corporate\videoos.administration.client.unittests\bin\x64\debug\videoos.administration.client.unittests.dll" id="e3ceee5e-219f-17bf-3f31-876ca9e890d6">
      <Execution id="7481e89d-153d-44bf-926b-ac09b2d36a1c" />
      <TestMethod codeBase="D:\actions-runner\_work\XPCO\XPCO\Corporate\VideoOS.Administration.Client.UnitTests\bin\x64\Debug\VideoOS.Administration.Client.UnitTests.dll" adapterTypeName="executor://mstestadapter/v2" className="VideoOS.Administration.Client.UnitTests.NavigationUIItemUnitTest" name="NavigationUIItem_ConstructorTest_IdNull" />
    </UnitTest>
    <UnitTest name="ManagementClientVmoClientFactory_CreateClient_Legacy_Matches_CreateServerConnection" storage="d:\actions-runner\_work\xpco\xpco\corporate\videoos.administration.client.unittests\bin\x64\debug\videoos.administration.client.unittests.dll" id="9b4571d3-94be-8396-3f3a-dc81da7fcb17">
      <TestCategory>
        <TestCategoryItem TestCategory="ManagementClientVmoClientFactoryTests" />
      </TestCategory>
      <Execution id="bdf3eddd-1497-4b66-8453-8b5c82280572" />
      <TestMethod codeBase="D:\actions-runner\_work\XPCO\XPCO\Corporate\VideoOS.Administration.Client.UnitTests\bin\x64\Debug\VideoOS.Administration.Client.UnitTests.dll" adapterTypeName="executor://mstestadapter/v2" className="VideoOS.Administration.Client.UnitTests.ManagementClientVmoClientFactoryTests" name="ManagementClientVmoClientFactory_CreateClient_Legacy_Matches_CreateServerConnection" />
    </UnitTest>
    <UnitTest name="ConnectionInfo_ExternalId_Null_Throws_ArgumentNullException" storage="d:\actions-runner\_work\xpco\xpco\corporate\videoos.administration.client.unittests\bin\x64\debug\videoos.administration.client.unittests.dll" id="2bac4cdb-69ac-8eb1-de18-9a7127d3ebdc">
      <Execution id="e932c4e2-6003-4fc1-a143-30b1cf702ec3" />
      <TestMethod codeBase="D:\actions-runner\_work\XPCO\XPCO\Corporate\VideoOS.Administration.Client.UnitTests\bin\x64\Debug\VideoOS.Administration.Client.UnitTests.dll" adapterTypeName="executor://mstestadapter/v2" className="VideoOS.Common.Integration.UnitTests.Login.ConnectionInfoTests" name="ConnectionInfo_ExternalId_Null_Throws_ArgumentNullException" />
    </UnitTest>
    <UnitTest name="IsSiteWorking_ValidSecureEndpoint_InvalidCertificateNotAllowed_ValidUnsecureEndpoint_ReturnsTrue" storage="d:\actions-runner\_work\xpco\xpco\corporate\videoos.administration.client.unittests\bin\x64\debug\videoos.administration.client.unittests.dll" id="7f786156-69fc-d1d2-db19-9a0d8f507673">
      <TestCategory>
        <TestCategoryItem TestCategory="UriHandler" />
      </TestCategory>
      <Execution id="8d191d55-51ed-4680-9176-8cdd5d3a30f9" />
      <TestMethod codeBase="D:\actions-runner\_work\XPCO\XPCO\Corporate\VideoOS.Administration.Client.UnitTests\bin\x64\Debug\VideoOS.Administration.Client.UnitTests.dll" adapterTypeName="executor://mstestadapter/v2" className="VideoOS.Administration.Client.UnitTests.UriHandlerUnitTests" name="IsSiteWorking_ValidSecureEndpoint_InvalidCertificateNotAllowed_ValidUnsecureEndpoint_ReturnsTrue" />
    </UnitTest>
    <UnitTest name="CheckAndModifyUri_StandardUri_InvalidCertificateNotAllowed_InvalidCertificate_ModifiedToHttpPort80" storage="d:\actions-runner\_work\xpco\xpco\corporate\videoos.administration.client.unittests\bin\x64\debug\videoos.administration.client.unittests.dll" id="7eb4fb4e-e669-c037-5ee1-67d9cd36274e">
      <TestCategory>
        <TestCategoryItem TestCategory="UriHandler" />
      </TestCategory>
      <Execution id="89c2aaeb-312b-4501-ac6c-c1f2d76e4315" />
      <TestMethod codeBase="D:\actions-runner\_work\XPCO\XPCO\Corporate\VideoOS.Administration.Client.UnitTests\bin\x64\Debug\VideoOS.Administration.Client.UnitTests.dll" adapterTypeName="executor://mstestadapter/v2" className="VideoOS.Administration.Client.UnitTests.UriHandlerUnitTests" name="CheckAndModifyUri_StandardUri_InvalidCertificateNotAllowed_InvalidCertificate_ModifiedToHttpPort80" />
    </UnitTest>
    <UnitTest name="ConnectionInfo_IsSecure_Enabled" storage="d:\actions-runner\_work\xpco\xpco\corporate\videoos.administration.client.unittests\bin\x64\debug\videoos.administration.client.unittests.dll" id="34e32585-8feb-bc22-802b-fe955d108fc4">
      <Execution id="0abcba7c-d727-46b8-8d69-a441d0dd66f7" />
      <TestMethod codeBase="D:\actions-runner\_work\XPCO\XPCO\Corporate\VideoOS.Administration.Client.UnitTests\bin\x64\Debug\VideoOS.Administration.Client.UnitTests.dll" adapterTypeName="executor://mstestadapter/v2" className="VideoOS.Common.Integration.UnitTests.Login.ConnectionInfoTests" name="ConnectionInfo_IsSecure_Enabled" />
    </UnitTest>
    <UnitTest name="IsSecureConnection_WindowsDefaultAuthenticationType_InvokesRetrieveLocalUserOptions_Returns_False" storage="d:\actions-runner\_work\xpco\xpco\corporate\videoos.administration.client.unittests\bin\x64\debug\videoos.administration.client.unittests.dll" id="cfc8e92c-b9df-05dc-ba8b-b047d6a9788e">
      <Execution id="40fec0e2-cc42-457b-902f-7fee0f3a1b5d" />
      <TestMethod codeBase="D:\actions-runner\_work\XPCO\XPCO\Corporate\VideoOS.Administration.Client.UnitTests\bin\x64\Debug\VideoOS.Administration.Client.UnitTests.dll" adapterTypeName="executor://mstestadapter/v2" className="VideoOS.Common.Integration.UnitTests.ServerValidation.LegacyConnectionInfoTests" name="IsSecureConnection_WindowsDefaultAuthenticationType_InvokesRetrieveLocalUserOptions_Returns_False" />
    </UnitTest>
    <UnitTest name="ConnectionInfo_ProviderId_Success" storage="d:\actions-runner\_work\xpco\xpco\corporate\videoos.administration.client.unittests\bin\x64\debug\videoos.administration.client.unittests.dll" id="f7e9f355-4287-ab9b-d142-21f9e7aa869a">
      <Execution id="34f758d9-cf00-46f6-8849-bd4bbb77db67" />
      <TestMethod codeBase="D:\actions-runner\_work\XPCO\XPCO\Corporate\VideoOS.Administration.Client.UnitTests\bin\x64\Debug\VideoOS.Administration.Client.UnitTests.dll" adapterTypeName="executor://mstestadapter/v2" className="VideoOS.Common.Integration.UnitTests.Login.ConnectionInfoTests" name="ConnectionInfo_ProviderId_Success" />
    </UnitTest>
    <UnitTest name="CheckAndModifyUri_StandardUri_UnsecureAllowedUnknown_SecureNotAvailable_ThrowsInvalidOperationException" storage="d:\actions-runner\_work\xpco\xpco\corporate\videoos.administration.client.unittests\bin\x64\debug\videoos.administration.client.unittests.dll" id="e30ce444-dd9a-6cf3-6d15-08a91c767ab5">
      <TestCategory>
        <TestCategoryItem TestCategory="UriHandler" />
      </TestCategory>
      <Execution id="ac085b61-d149-4080-85bb-ceca15d57dde" />
      <TestMethod codeBase="D:\actions-runner\_work\XPCO\XPCO\Corporate\VideoOS.Administration.Client.UnitTests\bin\x64\Debug\VideoOS.Administration.Client.UnitTests.dll" adapterTypeName="executor://mstestadapter/v2" className="VideoOS.Administration.Client.UnitTests.UriHandlerUnitTests" name="CheckAndModifyUri_StandardUri_UnsecureAllowedUnknown_SecureNotAvailable_ThrowsInvalidOperationException" />
    </UnitTest>
    <UnitTest name="CreateTokenCache_NullConnectionInfo_ThrowsArgumentNullException" storage="d:\actions-runner\_work\xpco\xpco\corporate\videoos.administration.client.unittests\bin\x64\debug\videoos.administration.client.unittests.dll" id="c6328905-9aef-d0d3-cff7-3108fce8ec23">
      <Execution id="ca41c087-21c0-4903-bd9e-452e6aeb5e00" />
      <TestMethod codeBase="D:\actions-runner\_work\XPCO\XPCO\Corporate\VideoOS.Administration.Client.UnitTests\bin\x64\Debug\VideoOS.Administration.Client.UnitTests.dll" adapterTypeName="executor://mstestadapter/v2" className="VideoOS.Administration.Client.UnitTests.ManagementClientTokenCacheFactoryTests" name="CreateTokenCache_NullConnectionInfo_ThrowsArgumentNullException" />
    </UnitTest>
    <UnitTest name="ForceModifyUri_HttpsPort80_IsNotSecure_ModifiedToHttpPort80" storage="d:\actions-runner\_work\xpco\xpco\corporate\videoos.administration.client.unittests\bin\x64\debug\videoos.administration.client.unittests.dll" id="84afa4cb-76a7-e223-2ddd-251750d55d5a">
      <TestCategory>
        <TestCategoryItem TestCategory="UriHandler" />
      </TestCategory>
      <Execution id="1adfef87-2e42-4411-86a7-0d46e7338b9f" />
      <TestMethod codeBase="D:\actions-runner\_work\XPCO\XPCO\Corporate\VideoOS.Administration.Client.UnitTests\bin\x64\Debug\VideoOS.Administration.Client.UnitTests.dll" adapterTypeName="executor://mstestadapter/v2" className="VideoOS.Administration.Client.UnitTests.UriHandlerUnitTests" name="ForceModifyUri_HttpsPort80_IsNotSecure_ModifiedToHttpPort80" />
    </UnitTest>
    <UnitTest name="CreateProxyUsingLocalTokenCache_ConnectionInfoParamNull_Throws_ArgumentNullException" storage="d:\actions-runner\_work\xpco\xpco\corporate\videoos.administration.client.unittests\bin\x64\debug\videoos.administration.client.unittests.dll" id="690ff4ae-2361-e0f9-b41e-ccd40b9404f5">
      <TestCategory>
        <TestCategoryItem TestCategory="ServerProxyManagerFactory" />
      </TestCategory>
      <Execution id="744cdddb-6201-4266-8e79-41de6e1f1327" />
      <TestMethod codeBase="D:\actions-runner\_work\XPCO\XPCO\Corporate\VideoOS.Administration.Client.UnitTests\bin\x64\Debug\VideoOS.Administration.Client.UnitTests.dll" adapterTypeName="executor://mstestadapter/v2" className="VideoOS.Administration.Client.UnitTests.ServerProxyManagerFactoryTests" name="CreateProxyUsingLocalTokenCache_ConnectionInfoParamNull_Throws_ArgumentNullException" />
    </UnitTest>
    <UnitTest name="CheckAndModifyUri_StandardUri_UnsecureAllowedUnknown_SecureAvailable_ModifiedToHttpsPort443" storage="d:\actions-runner\_work\xpco\xpco\corporate\videoos.administration.client.unittests\bin\x64\debug\videoos.administration.client.unittests.dll" id="2b5e0382-2c87-d8f8-e053-15db290cc55a">
      <TestCategory>
        <TestCategoryItem TestCategory="UriHandler" />
      </TestCategory>
      <Execution id="8afaeb68-09b9-4934-80fe-bb3641f96d67" />
      <TestMethod codeBase="D:\actions-runner\_work\XPCO\XPCO\Corporate\VideoOS.Administration.Client.UnitTests\bin\x64\Debug\VideoOS.Administration.Client.UnitTests.dll" adapterTypeName="executor://mstestadapter/v2" className="VideoOS.Administration.Client.UnitTests.UriHandlerUnitTests" name="CheckAndModifyUri_StandardUri_UnsecureAllowedUnknown_SecureAvailable_ModifiedToHttpsPort443" />
    </UnitTest>
    <UnitTest name="AuthenticationExternal_SetProperties_Success" storage="d:\actions-runner\_work\xpco\xpco\corporate\videoos.administration.client.unittests\bin\x64\debug\videoos.administration.client.unittests.dll" id="496db5bc-916c-46f7-18fc-9d9a682f60b4">
      <TestCategory>
        <TestCategoryItem TestCategory="AuthenticationInfoTests" />
      </TestCategory>
      <Execution id="1e137dab-ad89-4ab4-914c-36ae5af6a127" />
      <TestMethod codeBase="D:\actions-runner\_work\XPCO\XPCO\Corporate\VideoOS.Administration.Client.UnitTests\bin\x64\Debug\VideoOS.Administration.Client.UnitTests.dll" adapterTypeName="executor://mstestadapter/v2" className="VideoOS.Common.Integration.UnitTests.AuthenticationInfoTests" name="AuthenticationExternal_SetProperties_Success" />
    </UnitTest>
    <UnitTest name="ForceModifyUri_NonStandardPort443_IsNotSecure_ThrowsInvalidOperationException" storage="d:\actions-runner\_work\xpco\xpco\corporate\videoos.administration.client.unittests\bin\x64\debug\videoos.administration.client.unittests.dll" id="05e7b940-0e72-1d5a-ca2e-bf345481244d">
      <TestCategory>
        <TestCategoryItem TestCategory="UriHandler" />
      </TestCategory>
      <Execution id="b7b32fa7-8fcc-4097-9099-39c2fa6c0613" />
      <TestMethod codeBase="D:\actions-runner\_work\XPCO\XPCO\Corporate\VideoOS.Administration.Client.UnitTests\bin\x64\Debug\VideoOS.Administration.Client.UnitTests.dll" adapterTypeName="executor://mstestadapter/v2" className="VideoOS.Administration.Client.UnitTests.UriHandlerUnitTests" name="ForceModifyUri_NonStandardPort443_IsNotSecure_ThrowsInvalidOperationException" />
    </UnitTest>
    <UnitTest name="IsSecureConnection_HasValidIdpServer_WithInvalidCertificate_EventRaisedUserSaidNo_Throws_InvalidOperationException" storage="d:\actions-runner\_work\xpco\xpco\corporate\videoos.administration.client.unittests\bin\x64\debug\videoos.administration.client.unittests.dll" id="6f6e3771-107c-fb64-0026-d223abe1f17f">
      <TestCategory>
        <TestCategoryItem TestCategory="Server Validation" />
      </TestCategory>
      <Execution id="200064c0-c098-4cea-a8cb-b19e180c852d" />
      <TestMethod codeBase="D:\actions-runner\_work\XPCO\XPCO\Corporate\VideoOS.Administration.Client.UnitTests\bin\x64\Debug\VideoOS.Administration.Client.UnitTests.dll" adapterTypeName="executor://mstestadapter/v2" className="VideoOS.Common.Integration.UnitTests.ServerValidation.ServerConnectionInfoTests" name="IsSecureConnection_HasValidIdpServer_WithInvalidCertificate_EventRaisedUserSaidNo_Throws_InvalidOperationException" />
    </UnitTest>
    <UnitTest name="CreateUri_HttpUrlPort443_SchemeRemainsHttp_PortRemains443" storage="d:\actions-runner\_work\xpco\xpco\corporate\videoos.administration.client.unittests\bin\x64\debug\videoos.administration.client.unittests.dll" id="86774911-7405-609c-5e99-f959badd2976">
      <TestCategory>
        <TestCategoryItem TestCategory="UriHandler" />
      </TestCategory>
      <Execution id="7953e7b1-9fcc-4b99-b7cc-d901b298482c" />
      <TestMethod codeBase="D:\actions-runner\_work\XPCO\XPCO\Corporate\VideoOS.Administration.Client.UnitTests\bin\x64\Debug\VideoOS.Administration.Client.UnitTests.dll" adapterTypeName="executor://mstestadapter/v2" className="VideoOS.Administration.Client.UnitTests.UriHandlerUnitTests" name="CreateUri_HttpUrlPort443_SchemeRemainsHttp_PortRemains443" />
    </UnitTest>
    <UnitTest name="NavigationUIItem_ConstructorTest" storage="d:\actions-runner\_work\xpco\xpco\corporate\videoos.administration.client.unittests\bin\x64\debug\videoos.administration.client.unittests.dll" id="3e89202e-4b38-26ba-5e26-f9eac87fb8d5">
      <Execution id="03cd567b-279f-4058-b740-0343ebd2e224" />
      <TestMethod codeBase="D:\actions-runner\_work\XPCO\XPCO\Corporate\VideoOS.Administration.Client.UnitTests\bin\x64\Debug\VideoOS.Administration.Client.UnitTests.dll" adapterTypeName="executor://mstestadapter/v2" className="VideoOS.Administration.Client.UnitTests.NavigationUIItemUnitTest" name="NavigationUIItem_ConstructorTest" />
    </UnitTest>
    <UnitTest name="Construct_InvalidParamTokenSettings_Null_ThrowsArgumentNullException" storage="d:\actions-runner\_work\xpco\xpco\corporate\videoos.administration.client.unittests\bin\x64\debug\videoos.administration.client.unittests.dll" id="c142b063-e199-7869-01c9-d651472231bc">
      <Execution id="ef41a34a-2ae4-42c9-aea6-a96724489945" />
      <TestMethod codeBase="D:\actions-runner\_work\XPCO\XPCO\Corporate\VideoOS.Administration.Client.UnitTests\bin\x64\Debug\VideoOS.Administration.Client.UnitTests.dll" adapterTypeName="executor://mstestadapter/v2" className="VideoOS.Administration.Client.UnitTests.ManagementClientTokenCacheFactoryTests" name="Construct_InvalidParamTokenSettings_Null_ThrowsArgumentNullException" />
    </UnitTest>
    <UnitTest name="ForceModifyUri_InvalidScheme_IsNotSecure_ModifiedToHttpPort80" storage="d:\actions-runner\_work\xpco\xpco\corporate\videoos.administration.client.unittests\bin\x64\debug\videoos.administration.client.unittests.dll" id="813e029c-7a23-45c4-1999-05dff8078381">
      <TestCategory>
        <TestCategoryItem TestCategory="UriHandler" />
      </TestCategory>
      <Execution id="50354cd8-091a-47ef-8661-24f137fee40c" />
      <TestMethod codeBase="D:\actions-runner\_work\XPCO\XPCO\Corporate\VideoOS.Administration.Client.UnitTests\bin\x64\Debug\VideoOS.Administration.Client.UnitTests.dll" adapterTypeName="executor://mstestadapter/v2" className="VideoOS.Administration.Client.UnitTests.UriHandlerUnitTests" name="ForceModifyUri_InvalidScheme_IsNotSecure_ModifiedToHttpPort80" />
    </UnitTest>
    <UnitTest name="ConnectionInfo_IsSecure_Disabled" storage="d:\actions-runner\_work\xpco\xpco\corporate\videoos.administration.client.unittests\bin\x64\debug\videoos.administration.client.unittests.dll" id="6df96be3-2224-cf70-766a-cec7c6d5a0f4">
      <Execution id="76dabf70-3daf-43d2-b6bd-0b34c64935d9" />
      <TestMethod codeBase="D:\actions-runner\_work\XPCO\XPCO\Corporate\VideoOS.Administration.Client.UnitTests\bin\x64\Debug\VideoOS.Administration.Client.UnitTests.dll" adapterTypeName="executor://mstestadapter/v2" className="VideoOS.Common.Integration.UnitTests.Login.ConnectionInfoTests" name="ConnectionInfo_IsSecure_Disabled" />
    </UnitTest>
    <UnitTest name="ForceModifyUri_HttpPort443_IsSecure_ModifiedToHttpsPort443" storage="d:\actions-runner\_work\xpco\xpco\corporate\videoos.administration.client.unittests\bin\x64\debug\videoos.administration.client.unittests.dll" id="d2f0b88b-0018-b250-a84c-47db88e75e25">
      <TestCategory>
        <TestCategoryItem TestCategory="UriHandler" />
      </TestCategory>
      <Execution id="6314223a-3962-40ff-bd32-34aef7fb80bd" />
      <TestMethod codeBase="D:\actions-runner\_work\XPCO\XPCO\Corporate\VideoOS.Administration.Client.UnitTests\bin\x64\Debug\VideoOS.Administration.Client.UnitTests.dll" adapterTypeName="executor://mstestadapter/v2" className="VideoOS.Administration.Client.UnitTests.UriHandlerUnitTests" name="ForceModifyUri_HttpPort443_IsSecure_ModifiedToHttpsPort443" />
    </UnitTest>
    <UnitTest name="ModifyUri_StandardUri_UnsecureAllowed_SecureAndUnsecureNotAvailable_ThrowsInvalidOperationException" storage="d:\actions-runner\_work\xpco\xpco\corporate\videoos.administration.client.unittests\bin\x64\debug\videoos.administration.client.unittests.dll" id="ad2140c3-8f15-c657-2164-d6af73c12167">
      <TestCategory>
        <TestCategoryItem TestCategory="UriHandler" />
      </TestCategory>
      <Execution id="aa1e965a-9f93-43f0-8d73-2eac36f77ee4" />
      <TestMethod codeBase="D:\actions-runner\_work\XPCO\XPCO\Corporate\VideoOS.Administration.Client.UnitTests\bin\x64\Debug\VideoOS.Administration.Client.UnitTests.dll" adapterTypeName="executor://mstestadapter/v2" className="VideoOS.Administration.Client.UnitTests.UriHandlerUnitTests" name="ModifyUri_StandardUri_UnsecureAllowed_SecureAndUnsecureNotAvailable_ThrowsInvalidOperationException" />
    </UnitTest>
    <UnitTest name="IsSecureConnection_ReturnsInvalidIdpServer_Throws_InvalidOperationException" storage="d:\actions-runner\_work\xpco\xpco\corporate\videoos.administration.client.unittests\bin\x64\debug\videoos.administration.client.unittests.dll" id="e16c14b3-135b-767c-45b8-c930afb7ff57">
      <TestCategory>
        <TestCategoryItem TestCategory="Server Validation" />
      </TestCategory>
      <Execution id="3db9fcf6-8c91-4380-93a7-a20c205d1b40" />
      <TestMethod codeBase="D:\actions-runner\_work\XPCO\XPCO\Corporate\VideoOS.Administration.Client.UnitTests\bin\x64\Debug\VideoOS.Administration.Client.UnitTests.dll" adapterTypeName="executor://mstestadapter/v2" className="VideoOS.Common.Integration.UnitTests.ServerValidation.ServerConnectionInfoTests" name="IsSecureConnection_ReturnsInvalidIdpServer_Throws_InvalidOperationException" />
    </UnitTest>
    <UnitTest name="Construct_InvalidILocalUserOptions_Throws_ArgumentNullException" storage="d:\actions-runner\_work\xpco\xpco\corporate\videoos.administration.client.unittests\bin\x64\debug\videoos.administration.client.unittests.dll" id="29262371-340f-e5cc-cd3a-01410ee22776">
      <TestCategory>
        <TestCategoryItem TestCategory="Server Validation" />
      </TestCategory>
      <Execution id="c49f8cfd-4596-45b2-b65b-b2dc6efb74f7" />
      <TestMethod codeBase="D:\actions-runner\_work\XPCO\XPCO\Corporate\VideoOS.Administration.Client.UnitTests\bin\x64\Debug\VideoOS.Administration.Client.UnitTests.dll" adapterTypeName="executor://mstestadapter/v2" className="VideoOS.Common.Integration.UnitTests.ServerValidation.ServerConnectionInfoTests" name="Construct_InvalidILocalUserOptions_Throws_ArgumentNullException" />
    </UnitTest>
    <UnitTest name="ForceModifyUri_HttpPort80_IsSecure_ModifiedToHttpsPort443" storage="d:\actions-runner\_work\xpco\xpco\corporate\videoos.administration.client.unittests\bin\x64\debug\videoos.administration.client.unittests.dll" id="08f803e8-273c-b7bb-534b-02f4c09469cb">
      <TestCategory>
        <TestCategoryItem TestCategory="UriHandler" />
      </TestCategory>
      <Execution id="884c79f3-4860-4a41-ad53-bb8b0d26d61f" />
      <TestMethod codeBase="D:\actions-runner\_work\XPCO\XPCO\Corporate\VideoOS.Administration.Client.UnitTests\bin\x64\Debug\VideoOS.Administration.Client.UnitTests.dll" adapterTypeName="executor://mstestadapter/v2" className="VideoOS.Administration.Client.UnitTests.UriHandlerUnitTests" name="ForceModifyUri_HttpPort80_IsSecure_ModifiedToHttpsPort443" />
    </UnitTest>
    <UnitTest name="CreateUri_HttpUrl_SchemeRemainsHttp" storage="d:\actions-runner\_work\xpco\xpco\corporate\videoos.administration.client.unittests\bin\x64\debug\videoos.administration.client.unittests.dll" id="5f5a3ee1-a5fc-743f-75a0-b7afe0b05451">
      <TestCategory>
        <TestCategoryItem TestCategory="UriHandler" />
      </TestCategory>
      <Execution id="24bdaaf2-d19a-4c8c-a49a-d863da572bd8" />
      <TestMethod codeBase="D:\actions-runner\_work\XPCO\XPCO\Corporate\VideoOS.Administration.Client.UnitTests\bin\x64\Debug\VideoOS.Administration.Client.UnitTests.dll" adapterTypeName="executor://mstestadapter/v2" className="VideoOS.Administration.Client.UnitTests.UriHandlerUnitTests" name="CreateUri_HttpUrl_SchemeRemainsHttp" />
    </UnitTest>
  </TestDefinitions>
  <TestEntries>
    <TestEntry testId="1fecf0ba-7482-34f9-6a6a-7750db2d034d" executionId="584ee946-f9a0-4fc0-b4b7-8df25ea422ed" testListId="8c84fa94-04c1-424b-9868-57a2d4851a1d" />
    <TestEntry testId="c4b6c8d0-f1eb-5111-203f-5ec41ad9f087" executionId="88e4a0f2-e3af-4ae2-a847-8d9d254afa79" testListId="8c84fa94-04c1-424b-9868-57a2d4851a1d" />
    <TestEntry testId="5e4e1f01-c541-2c46-a0e5-cc0c027ac125" executionId="bd0d0e86-21ea-4179-a6a7-740cbf354c5d" testListId="8c84fa94-04c1-424b-9868-57a2d4851a1d" />
    <TestEntry testId="e3ceee5e-219f-17bf-3f31-876ca9e890d6" executionId="7481e89d-153d-44bf-926b-ac09b2d36a1c" testListId="8c84fa94-04c1-424b-9868-57a2d4851a1d" />
    <TestEntry testId="3cb603d9-f76d-e264-f98b-b33e5519a664" executionId="5b1c7a4e-21fa-4534-bae0-784a868dc826" testListId="8c84fa94-04c1-424b-9868-57a2d4851a1d" />
    <TestEntry testId="36865be7-deea-626d-e523-6d3ff2fdc30e" executionId="ae9597f7-29df-4883-b889-a73d2653e029" testListId="8c84fa94-04c1-424b-9868-57a2d4851a1d" />
    <TestEntry testId="50f2dfd2-26a2-52d2-d1e0-b3064cc0d92f" executionId="1f1e76ab-ad15-44c0-9a1e-1b2ea83f682d" testListId="8c84fa94-04c1-424b-9868-57a2d4851a1d" />
    <TestEntry testId="7e985e5f-484a-9096-c375-d40c01dba003" executionId="41c9d9ae-8bb1-498a-9808-2b339401648d" testListId="8c84fa94-04c1-424b-9868-57a2d4851a1d" />
    <TestEntry testId="4c733873-7574-3cd3-d492-7861e25965da" executionId="7714d1b2-24cc-4cfb-9c95-ef0e9498a86d" testListId="8c84fa94-04c1-424b-9868-57a2d4851a1d" />
    <TestEntry testId="2bac4cdb-69ac-8eb1-de18-9a7127d3ebdc" executionId="e932c4e2-6003-4fc1-a143-30b1cf702ec3" testListId="8c84fa94-04c1-424b-9868-57a2d4851a1d" />
    <TestEntry testId="a229abc5-14d6-faad-eb7a-68a8f4eb3c81" executionId="36edeb91-78bd-4696-8107-5aa61ed8abbc" testListId="8c84fa94-04c1-424b-9868-57a2d4851a1d" />
    <TestEntry testId="e16c14b3-135b-767c-45b8-c930afb7ff57" executionId="3db9fcf6-8c91-4380-93a7-a20c205d1b40" testListId="8c84fa94-04c1-424b-9868-57a2d4851a1d" />
    <TestEntry testId="d804f483-9b98-5d7d-ddfe-a15d08999d0f" executionId="b09e01e3-9700-4826-9383-cc72a3a89aa1" testListId="8c84fa94-04c1-424b-9868-57a2d4851a1d" />
    <TestEntry testId="3fbd4032-3d08-3c4f-3516-654c1a3f2001" executionId="00975115-1fed-42d5-8ff3-4e028a274e58" testListId="8c84fa94-04c1-424b-9868-57a2d4851a1d" />
    <TestEntry testId="29262371-340f-e5cc-cd3a-01410ee22776" executionId="c49f8cfd-4596-45b2-b65b-b2dc6efb74f7" testListId="8c84fa94-04c1-424b-9868-57a2d4851a1d" />
    <TestEntry testId="4bfb1c51-cefe-843a-c8a5-3e7bae7770f9" executionId="a747e5eb-e97f-42af-951d-391b36d62170" testListId="8c84fa94-04c1-424b-9868-57a2d4851a1d" />
    <TestEntry testId="5f5a3ee1-a5fc-743f-75a0-b7afe0b05451" executionId="24bdaaf2-d19a-4c8c-a49a-d863da572bd8" testListId="8c84fa94-04c1-424b-9868-57a2d4851a1d" />
    <TestEntry testId="5a849e52-71ae-3f90-8ce0-f4ae4137f49b" executionId="2ec97b64-21e6-4fe5-b788-6974721c8d55" testListId="8c84fa94-04c1-424b-9868-57a2d4851a1d" />
    <TestEntry testId="1102ab3c-96f9-0a2e-47c1-9d16015364b3" executionId="2ddd79fb-b0a3-4738-8ae9-e7bb008ce247" testListId="8c84fa94-04c1-424b-9868-57a2d4851a1d" />
    <TestEntry testId="45866eeb-fcd0-1520-450b-777e9542eb97" executionId="0cb00cd3-2ea5-4b39-8eb5-a0d8eadf2848" testListId="8c84fa94-04c1-424b-9868-57a2d4851a1d" />
    <TestEntry testId="b0b90fda-da1b-ec85-e376-7226be0a67a9" executionId="d65111bc-9415-40b1-92d0-3cb48a2d691d" testListId="8c84fa94-04c1-424b-9868-57a2d4851a1d" />
    <TestEntry testId="1d11affc-3ca4-e9d6-5a51-0191d615dc9c" executionId="b688e26f-889b-4df5-a478-04c0b8200294" testListId="8c84fa94-04c1-424b-9868-57a2d4851a1d" />
    <TestEntry testId="bd1f22e6-c95c-b879-1bdf-1f4da04f29c5" executionId="edd0ad8d-d9c0-4aa9-be3f-8490bba1d12c" testListId="8c84fa94-04c1-424b-9868-57a2d4851a1d" />
    <TestEntry testId="1d7b482c-f724-8982-d63d-0d78e4450acf" executionId="ac4375c3-96c1-4f1f-86b8-47e26857cd2b" testListId="8c84fa94-04c1-424b-9868-57a2d4851a1d" />
    <TestEntry testId="9efd9cea-6d02-0c40-586a-6dffdfc13515" executionId="c61f256a-61d6-4e4e-a963-1032732500f8" testListId="8c84fa94-04c1-424b-9868-57a2d4851a1d" />
    <TestEntry testId="74e0cc28-84a6-3c81-b793-79495d48edbb" executionId="5d713d44-e974-4fc9-a717-071ceba67b81" testListId="8c84fa94-04c1-424b-9868-57a2d4851a1d" />
    <TestEntry testId="6fd84c98-adb6-91d7-3874-3c1c1792d00e" executionId="e0c733f2-f621-41fa-9c5e-491fe644ce20" testListId="8c84fa94-04c1-424b-9868-57a2d4851a1d" />
    <TestEntry testId="b404b103-5177-62f2-98ae-e7ccf19ad686" executionId="1491cd15-3de4-401e-9619-b5567f5f6cca" testListId="8c84fa94-04c1-424b-9868-57a2d4851a1d" />
    <TestEntry testId="0f254138-f8b2-1aee-a171-e7224fd4f996" executionId="ffe38673-f77e-435b-94fb-5ca7ddfbe1d3" testListId="8c84fa94-04c1-424b-9868-57a2d4851a1d" />
    <TestEntry testId="83171bb5-cfa8-7135-d67e-62149eec0cce" executionId="2e269ea9-4fd2-4df5-991d-332e870e7644" testListId="8c84fa94-04c1-424b-9868-57a2d4851a1d" />
    <TestEntry testId="26c64eb7-ed3b-dc54-848e-0c4d46207108" executionId="0cbef6be-cd76-4373-91ba-5128d9403c1b" testListId="8c84fa94-04c1-424b-9868-57a2d4851a1d" />
    <TestEntry testId="c57cd4f6-65d6-f6f1-409f-66e2a5261342" executionId="287678af-dbb2-4429-80f4-499a72c9fa1b" testListId="8c84fa94-04c1-424b-9868-57a2d4851a1d" />
    <TestEntry testId="25c62ab8-bb69-9f5c-5778-177bc92e7dd8" executionId="819fa395-8b1d-40c2-8caa-f14544b15519" testListId="8c84fa94-04c1-424b-9868-57a2d4851a1d" />
    <TestEntry testId="ec31e27f-e823-a010-9420-6ae794d97d67" executionId="04a7bfc7-fcaa-4dce-ab93-5a43412c78e3" testListId="8c84fa94-04c1-424b-9868-57a2d4851a1d" />
    <TestEntry testId="08541754-5275-56b1-09aa-40306d648c32" executionId="e25b1edf-a446-4698-b984-790f9e8cc86a" testListId="8c84fa94-04c1-424b-9868-57a2d4851a1d" />
    <TestEntry testId="ad2140c3-8f15-c657-2164-d6af73c12167" executionId="aa1e965a-9f93-43f0-8d73-2eac36f77ee4" testListId="8c84fa94-04c1-424b-9868-57a2d4851a1d" />
    <TestEntry testId="2f4be414-8bb7-0eb4-1eb0-6e94c6d18845" executionId="835d69ce-5de8-4660-83b9-b0f89df5f48e" testListId="8c84fa94-04c1-424b-9868-57a2d4851a1d" />
    <TestEntry testId="c4541f8b-dde0-be7b-f78b-1360b39572aa" executionId="7862efef-4dc7-4b25-94a3-161c12c11135" testListId="8c84fa94-04c1-424b-9868-57a2d4851a1d" />
    <TestEntry testId="607e264c-58f4-3824-0df8-ab35da7f0f85" executionId="d9aee989-7dbe-4e01-91cb-875cdb87f618" testListId="8c84fa94-04c1-424b-9868-57a2d4851a1d" />
    <TestEntry testId="33a270e3-4464-8331-7308-8c9587104102" executionId="8a0e8627-46eb-4313-a246-b53728be8f1e" testListId="8c84fa94-04c1-424b-9868-57a2d4851a1d" />
    <TestEntry testId="ba18892e-8a76-5b0e-12d4-900358093a64" executionId="2346460e-0d67-4f7a-ae11-5b50aadc01cf" testListId="8c84fa94-04c1-424b-9868-57a2d4851a1d" />
    <TestEntry testId="92b11ede-0ff2-0666-834d-f31bf491e1ad" executionId="4d606805-09db-4ea9-8f14-c8ab51695c42" testListId="8c84fa94-04c1-424b-9868-57a2d4851a1d" />
    <TestEntry testId="8ef983da-a7ca-d365-4fe5-63d03285d220" executionId="804ec103-0343-4c8a-9df0-54660d5303c8" testListId="8c84fa94-04c1-424b-9868-57a2d4851a1d" />
    <TestEntry testId="496db5bc-916c-46f7-18fc-9d9a682f60b4" executionId="1e137dab-ad89-4ab4-914c-36ae5af6a127" testListId="8c84fa94-04c1-424b-9868-57a2d4851a1d" />
    <TestEntry testId="6f6e3771-107c-fb64-0026-d223abe1f17f" executionId="200064c0-c098-4cea-a8cb-b19e180c852d" testListId="8c84fa94-04c1-424b-9868-57a2d4851a1d" />
    <TestEntry testId="0387106e-e6d4-1f56-5fe0-0e4dde9074ec" executionId="7b40871f-6b3f-4d19-8cae-d2fa8377bf50" testListId="8c84fa94-04c1-424b-9868-57a2d4851a1d" />
    <TestEntry testId="e55cd44c-b6ed-79c3-e36c-4d6408611b9d" executionId="d563a363-40e7-46e1-9aec-330656b22c48" testListId="8c84fa94-04c1-424b-9868-57a2d4851a1d" />
    <TestEntry testId="4ad75899-796a-abd6-35ad-8073482ecdef" executionId="3b1b1c36-7aaa-474a-a208-2b628646f4f8" testListId="8c84fa94-04c1-424b-9868-57a2d4851a1d" />
    <TestEntry testId="fa7fde75-cd83-4464-0874-b48accbf7fec" executionId="4f711d13-ea8a-49c5-9b06-623ab4b02161" testListId="8c84fa94-04c1-424b-9868-57a2d4851a1d" />
    <TestEntry testId="c6328905-9aef-d0d3-cff7-3108fce8ec23" executionId="ca41c087-21c0-4903-bd9e-452e6aeb5e00" testListId="8c84fa94-04c1-424b-9868-57a2d4851a1d" />
    <TestEntry testId="d2f0b88b-0018-b250-a84c-47db88e75e25" executionId="6314223a-3962-40ff-bd32-34aef7fb80bd" testListId="8c84fa94-04c1-424b-9868-57a2d4851a1d" />
    <TestEntry testId="521e0bd7-2ba5-23a1-ca86-576a75ae9e60" executionId="33ff239c-208a-4f8d-ba2a-1b7da00c4741" testListId="8c84fa94-04c1-424b-9868-57a2d4851a1d" />
    <TestEntry testId="32d28584-0537-c70d-e8aa-25733a860578" executionId="6c7a638c-1650-4b0e-97d6-40edc90077a1" testListId="8c84fa94-04c1-424b-9868-57a2d4851a1d" />
    <TestEntry testId="bf284477-3e5d-6487-cefd-ea665e8499d4" executionId="98414a12-a4dd-4806-adb7-ffb315bb8ad2" testListId="8c84fa94-04c1-424b-9868-57a2d4851a1d" />
    <TestEntry testId="31300cfa-948f-6587-4c9f-75a92c14e676" executionId="02e996ed-e7b7-4e19-a674-79704c713a9f" testListId="8c84fa94-04c1-424b-9868-57a2d4851a1d" />
    <TestEntry testId="69675426-29e4-5ede-637d-98f11c37f0e3" executionId="5a43e997-5cc7-4ec5-bb31-e3c9696d82b0" testListId="8c84fa94-04c1-424b-9868-57a2d4851a1d" />
    <TestEntry testId="de4b1423-e255-a65a-3864-14b0d1d3eac4" executionId="5f023c67-9658-43d8-93fd-79355588f436" testListId="8c84fa94-04c1-424b-9868-57a2d4851a1d" />
    <TestEntry testId="25cb5479-afc6-8e56-e98b-c3d34bf27d5a" executionId="5a6b3a1a-53bf-4ecb-9b70-489590ba8d2b" testListId="8c84fa94-04c1-424b-9868-57a2d4851a1d" />
    <TestEntry testId="762aea99-9366-243d-f857-209c23474477" executionId="097fe7f4-3f8d-43a5-ac8d-ae50dfbe54fb" testListId="8c84fa94-04c1-424b-9868-57a2d4851a1d" />
    <TestEntry testId="6df96be3-2224-cf70-766a-cec7c6d5a0f4" executionId="76dabf70-3daf-43d2-b6bd-0b34c64935d9" testListId="8c84fa94-04c1-424b-9868-57a2d4851a1d" />
    <TestEntry testId="16eacdb0-eb71-ae97-4a3c-e46c0504dfdb" executionId="d69e8635-e07a-4d81-b9e3-f3bcfd76d63d" testListId="8c84fa94-04c1-424b-9868-57a2d4851a1d" />
    <TestEntry testId="86774911-7405-609c-5e99-f959badd2976" executionId="7953e7b1-9fcc-4b99-b7cc-d901b298482c" testListId="8c84fa94-04c1-424b-9868-57a2d4851a1d" />
    <TestEntry testId="7fd4ef15-6251-e96e-37c0-6f41e323517b" executionId="0178c6cb-e4d2-4dac-b2af-d69ed4c66d77" testListId="8c84fa94-04c1-424b-9868-57a2d4851a1d" />
    <TestEntry testId="a8e9316d-6671-6e15-640c-59c7a10f97bf" executionId="298be02a-6441-4613-a0c8-873b8003f531" testListId="8c84fa94-04c1-424b-9868-57a2d4851a1d" />
    <TestEntry testId="27634e61-fac0-1807-efd6-391b8a22f716" executionId="88082092-438a-4f80-8d4d-a60b1d136d2d" testListId="8c84fa94-04c1-424b-9868-57a2d4851a1d" />
    <TestEntry testId="49634520-442e-81d6-01bb-bbb969e8cd8b" executionId="a85a11a0-5602-48d8-8ab7-cd5b0728135d" testListId="8c84fa94-04c1-424b-9868-57a2d4851a1d" />
    <TestEntry testId="f26f2ee1-c8b2-c1e8-ce20-e3dba3d55d34" executionId="16e89bfa-f333-4a89-813a-a2ff81709e44" testListId="8c84fa94-04c1-424b-9868-57a2d4851a1d" />
    <TestEntry testId="85eeee45-b09c-948f-1836-b74ce7199311" executionId="923d547a-a245-4746-bbd3-9487918f4aa1" testListId="8c84fa94-04c1-424b-9868-57a2d4851a1d" />
    <TestEntry testId="80edee6d-c67c-9872-3559-c1114ff20a0b" executionId="4bbd6c1a-f225-484f-bc86-90925372a953" testListId="8c84fa94-04c1-424b-9868-57a2d4851a1d" />
    <TestEntry testId="c142b063-e199-7869-01c9-d651472231bc" executionId="ef41a34a-2ae4-42c9-aea6-a96724489945" testListId="8c84fa94-04c1-424b-9868-57a2d4851a1d" />
    <TestEntry testId="983af164-2fd9-e739-c91a-8796e3167f4c" executionId="d8d03f4b-fc5d-4537-a9b4-8cf93e986295" testListId="8c84fa94-04c1-424b-9868-57a2d4851a1d" />
    <TestEntry testId="c40eaa6b-b6f0-075c-1f63-1cd683070e03" executionId="161438c7-9656-4ea7-a403-f008f5caef49" testListId="8c84fa94-04c1-424b-9868-57a2d4851a1d" />
    <TestEntry testId="a7816d57-3ae3-1109-f4bd-8c4b2f740479" executionId="d7bcbae9-c089-43fe-ab21-5fbb63b046e0" testListId="8c84fa94-04c1-424b-9868-57a2d4851a1d" />
    <TestEntry testId="6a6298ee-afee-edde-17b3-16a4f8417d02" executionId="bea68d0a-0191-44a7-b081-4fd7f315aec7" testListId="8c84fa94-04c1-424b-9868-57a2d4851a1d" />
    <TestEntry testId="d1598403-e77a-6d53-0bb6-4e1bb408453f" executionId="721a3649-0eb1-43a0-addd-c95053c95784" testListId="8c84fa94-04c1-424b-9868-57a2d4851a1d" />
    <TestEntry testId="d20ebdfa-e5c2-385a-702e-2ceff3e1fae4" executionId="6bfefaf9-6e5d-4b10-95cb-729088d5f528" testListId="8c84fa94-04c1-424b-9868-57a2d4851a1d" />
    <TestEntry testId="70ca23f4-0222-9ebc-9174-f3f810b706d1" executionId="2076cbba-2cd5-440e-a388-00e6ccb6f9c7" testListId="8c84fa94-04c1-424b-9868-57a2d4851a1d" />
    <TestEntry testId="05e7b940-0e72-1d5a-ca2e-bf345481244d" executionId="b7b32fa7-8fcc-4097-9099-39c2fa6c0613" testListId="8c84fa94-04c1-424b-9868-57a2d4851a1d" />
    <TestEntry testId="bcb3e5bf-1452-c941-032f-340f83cb1390" executionId="d4052347-cc43-4d07-8b06-026ccabef033" testListId="8c84fa94-04c1-424b-9868-57a2d4851a1d" />
    <TestEntry testId="467d6231-c728-4a82-dbc9-92fa3394068d" executionId="071f602a-14ca-4a32-9895-99e33c59df0f" testListId="8c84fa94-04c1-424b-9868-57a2d4851a1d" />
    <TestEntry testId="71a6d589-1c8e-fb28-bc4c-ac97c2a54c82" executionId="fd5b1433-4027-4a25-91e6-271bf5bd5816" testListId="8c84fa94-04c1-424b-9868-57a2d4851a1d" />
    <TestEntry testId="ccae6f29-2598-051a-9376-5b68ce8a55da" executionId="d6df863b-65a8-40a4-8ff0-16bb9e9c03b2" testListId="8c84fa94-04c1-424b-9868-57a2d4851a1d" />
    <TestEntry testId="4fe95093-cf52-99c2-c054-30a33159d39a" executionId="dbd82e3d-66ea-4fc6-8138-b74c4b352895" testListId="8c84fa94-04c1-424b-9868-57a2d4851a1d" />
    <TestEntry testId="3e89202e-4b38-26ba-5e26-f9eac87fb8d5" executionId="03cd567b-279f-4058-b740-0343ebd2e224" testListId="8c84fa94-04c1-424b-9868-57a2d4851a1d" />
    <TestEntry testId="b357cec5-9348-a910-a5f1-cbb5e29620f7" executionId="e09f4c06-aea2-4e6a-9634-b55d04249fd2" testListId="8c84fa94-04c1-424b-9868-57a2d4851a1d" />
    <TestEntry testId="c308abad-42f1-9653-b3ae-91990189ecc2" executionId="0e363e73-5e00-4104-ad74-e9facff4c253" testListId="8c84fa94-04c1-424b-9868-57a2d4851a1d" />
    <TestEntry testId="9b4571d3-94be-8396-3f3a-dc81da7fcb17" executionId="bdf3eddd-1497-4b66-8453-8b5c82280572" testListId="8c84fa94-04c1-424b-9868-57a2d4851a1d" />
    <TestEntry testId="101b843b-9236-09c6-4c42-d92338a86350" executionId="ebf89594-a72d-42af-9929-8aec63f49b08" testListId="8c84fa94-04c1-424b-9868-57a2d4851a1d" />
    <TestEntry testId="7eb4fb4e-e669-c037-5ee1-67d9cd36274e" executionId="89c2aaeb-312b-4501-ac6c-c1f2d76e4315" testListId="8c84fa94-04c1-424b-9868-57a2d4851a1d" />
    <TestEntry testId="d6accb42-5ea7-a836-68de-0cf126387104" executionId="5f174eec-d2fe-49c0-9d21-8f807eed17c5" testListId="8c84fa94-04c1-424b-9868-57a2d4851a1d" />
    <TestEntry testId="611b34d9-f854-9d54-0d0e-c015a266cb27" executionId="1fb29083-12fe-48da-99c4-eb9a98c7e0f0" testListId="8c84fa94-04c1-424b-9868-57a2d4851a1d" />
    <TestEntry testId="813e029c-7a23-45c4-1999-05dff8078381" executionId="50354cd8-091a-47ef-8661-24f137fee40c" testListId="8c84fa94-04c1-424b-9868-57a2d4851a1d" />
    <TestEntry testId="2b5e0382-2c87-d8f8-e053-15db290cc55a" executionId="8afaeb68-09b9-4934-80fe-bb3641f96d67" testListId="8c84fa94-04c1-424b-9868-57a2d4851a1d" />
    <TestEntry testId="6cb5a6bf-8d92-51ef-abdd-91adc0c746f7" executionId="7242a551-7464-4f0b-8e1f-1ca82feecc8c" testListId="8c84fa94-04c1-424b-9868-57a2d4851a1d" />
    <TestEntry testId="f5fdd7e6-f9e2-d55e-2c9c-87cb25adfd70" executionId="49787b34-d8ff-4e19-9baf-511cf1b1c02b" testListId="8c84fa94-04c1-424b-9868-57a2d4851a1d" />
    <TestEntry testId="84afa4cb-76a7-e223-2ddd-251750d55d5a" executionId="1adfef87-2e42-4411-86a7-0d46e7338b9f" testListId="8c84fa94-04c1-424b-9868-57a2d4851a1d" />
    <TestEntry testId="6db1ee2e-960d-a9a0-6d38-4566b6c7ff9a" executionId="1378edcf-e015-400a-b9df-65f18177620f" testListId="8c84fa94-04c1-424b-9868-57a2d4851a1d" />
    <TestEntry testId="26ade9a1-dc54-3a3f-a8fe-0e2a3df1ab8b" executionId="02008819-9a3e-4320-acfd-ba5e59df96c3" testListId="8c84fa94-04c1-424b-9868-57a2d4851a1d" />
    <TestEntry testId="46a1fce3-bae2-7a9d-e315-d7bd027ab104" executionId="337517e8-9a77-40e7-bdfe-077a6776207d" testListId="8c84fa94-04c1-424b-9868-57a2d4851a1d" />
    <TestEntry testId="a96676e4-87db-1a62-eb74-f8ae966e7bc4" executionId="c7245a03-3be7-4d22-b3e2-f560af7cbbd0" testListId="8c84fa94-04c1-424b-9868-57a2d4851a1d" />
    <TestEntry testId="33e82e10-d8f6-f106-56f3-206b1addb9ac" executionId="388b214b-bf61-4104-9efc-7531f9681dfe" testListId="8c84fa94-04c1-424b-9868-57a2d4851a1d" />
    <TestEntry testId="02d9d575-32ef-a54b-0fea-5b4261a7323a" executionId="cd2997cb-534e-4aee-897b-318f7b995dc8" testListId="8c84fa94-04c1-424b-9868-57a2d4851a1d" />
    <TestEntry testId="e0a14c59-193b-c8c1-4325-b16b92b6892f" executionId="8940c9c7-615e-4d1e-bc1e-462e023ae5e3" testListId="8c84fa94-04c1-424b-9868-57a2d4851a1d" />
    <TestEntry testId="91de0cd7-9a50-3db6-7130-0a5d5748dd70" executionId="955ca50e-9333-49e0-ba09-5cb00e5f8965" testListId="8c84fa94-04c1-424b-9868-57a2d4851a1d" />
    <TestEntry testId="6f2b7f5a-3a0e-6508-54fb-f1ad8a3c844d" executionId="01f7ae19-f466-4510-859f-7c3e9283790b" testListId="8c84fa94-04c1-424b-9868-57a2d4851a1d" />
    <TestEntry testId="007fd9bd-5d79-ece7-0cba-74f6dca89e1a" executionId="25f7666e-35e1-4131-b4c8-2de1c6552649" testListId="8c84fa94-04c1-424b-9868-57a2d4851a1d" />
    <TestEntry testId="e172b8ff-96d8-30bc-4d63-70af1eaaf6b1" executionId="aaf053b3-36bf-4479-a381-580100dae58c" testListId="8c84fa94-04c1-424b-9868-57a2d4851a1d" />
    <TestEntry testId="2ec5e289-4884-3c72-7b93-6d1e8fa1df39" executionId="9e53ff63-d279-458f-860e-409aea36f80a" testListId="8c84fa94-04c1-424b-9868-57a2d4851a1d" />
    <TestEntry testId="7f786156-69fc-d1d2-db19-9a0d8f507673" executionId="8d191d55-51ed-4680-9176-8cdd5d3a30f9" testListId="8c84fa94-04c1-424b-9868-57a2d4851a1d" />
    <TestEntry testId="7a8b3238-6432-2977-b3b0-f80b57f64697" executionId="46ea16ac-30c7-43ae-a7db-19e55c763316" testListId="8c84fa94-04c1-424b-9868-57a2d4851a1d" />
    <TestEntry testId="9ce72897-6c54-d188-4ee2-e77d77f64518" executionId="48292cec-aafa-4052-a7a9-ffecd19d7e42" testListId="8c84fa94-04c1-424b-9868-57a2d4851a1d" />
    <TestEntry testId="f5bcff7f-e72c-5178-7d8f-3de54315c06d" executionId="d7fe45d9-3048-4d32-9583-1b6c6aa72137" testListId="8c84fa94-04c1-424b-9868-57a2d4851a1d" />
    <TestEntry testId="7104a889-b79a-d893-298b-896452e9bda9" executionId="9e8c522b-0064-4461-9bc5-b44fbc20279a" testListId="8c84fa94-04c1-424b-9868-57a2d4851a1d" />
    <TestEntry testId="12493952-e579-aeea-17b2-3484f013f437" executionId="e6dad325-d7a7-4159-9621-0070b2159823" testListId="8c84fa94-04c1-424b-9868-57a2d4851a1d" />
    <TestEntry testId="b68cd444-c91f-251d-c429-03651fe16df7" executionId="c719c0ee-145f-4f1e-a13d-eccbcca8bf4c" testListId="8c84fa94-04c1-424b-9868-57a2d4851a1d" />
    <TestEntry testId="34e32585-8feb-bc22-802b-fe955d108fc4" executionId="0abcba7c-d727-46b8-8d69-a441d0dd66f7" testListId="8c84fa94-04c1-424b-9868-57a2d4851a1d" />
    <TestEntry testId="13b32a55-5122-74b1-faaa-1fa1f13be9e8" executionId="78ad1834-cb78-4a67-933c-c0c479d28970" testListId="8c84fa94-04c1-424b-9868-57a2d4851a1d" />
    <TestEntry testId="9885189a-2deb-53cf-9ad7-03eadd0ab8d5" executionId="296cb41e-7109-479c-9955-c36f5fb76b1a" testListId="8c84fa94-04c1-424b-9868-57a2d4851a1d" />
    <TestEntry testId="932232c0-7688-1343-4bbc-84d2f7184e06" executionId="3356b972-8363-4b1a-afae-62af4c4b7ee9" testListId="8c84fa94-04c1-424b-9868-57a2d4851a1d" />
    <TestEntry testId="fc8629c6-1944-c18c-339a-2f2afb74520f" executionId="f4c1cfc5-260e-4cd7-b528-5bc0ec069b31" testListId="8c84fa94-04c1-424b-9868-57a2d4851a1d" />
    <TestEntry testId="eea90ef0-a3fc-7bb6-cee2-31b8be7f9bb9" executionId="78674c0f-7807-4260-9abf-7c3272abe8d0" testListId="8c84fa94-04c1-424b-9868-57a2d4851a1d" />
    <TestEntry testId="4d91fb62-e0eb-2465-f21d-a551d08bdd62" executionId="9c4f830c-3885-4d52-9a46-79d76562542f" testListId="8c84fa94-04c1-424b-9868-57a2d4851a1d" />
    <TestEntry testId="3796ebab-a062-692f-40e4-13fa39c4526e" executionId="1e3e9bf2-fa8f-4d93-9925-ef4c403464a8" testListId="8c84fa94-04c1-424b-9868-57a2d4851a1d" />
    <TestEntry testId="3303bebb-e7cf-a4f0-e210-2db2223e68db" executionId="f3a74018-93ea-4efb-a844-7bc58d403333" testListId="8c84fa94-04c1-424b-9868-57a2d4851a1d" />
    <TestEntry testId="08f803e8-273c-b7bb-534b-02f4c09469cb" executionId="884c79f3-4860-4a41-ad53-bb8b0d26d61f" testListId="8c84fa94-04c1-424b-9868-57a2d4851a1d" />
    <TestEntry testId="e30ce444-dd9a-6cf3-6d15-08a91c767ab5" executionId="ac085b61-d149-4080-85bb-ceca15d57dde" testListId="8c84fa94-04c1-424b-9868-57a2d4851a1d" />
    <TestEntry testId="8320b8dc-a4db-7002-91f5-bc51b8562105" executionId="51864ef8-54b7-4d92-b231-83a5ec8c975b" testListId="8c84fa94-04c1-424b-9868-57a2d4851a1d" />
    <TestEntry testId="f87cc64e-244f-af17-b932-1e37b461c1c6" executionId="03bf4284-89b4-4c0b-adea-89e4d862f3b4" testListId="8c84fa94-04c1-424b-9868-57a2d4851a1d" />
    <TestEntry testId="690ff4ae-2361-e0f9-b41e-ccd40b9404f5" executionId="744cdddb-6201-4266-8e79-41de6e1f1327" testListId="8c84fa94-04c1-424b-9868-57a2d4851a1d" />
    <TestEntry testId="621bc5ee-dd49-4881-7b2f-3fe06f5fb404" executionId="b61e2b6f-228e-438d-ae31-2a982422ae4b" testListId="8c84fa94-04c1-424b-9868-57a2d4851a1d" />
    <TestEntry testId="2c33cd95-644c-4b79-0bb1-e6c4b2fa157e" executionId="e7403dbc-ddd5-46b7-9a77-6c37c4646627" testListId="8c84fa94-04c1-424b-9868-57a2d4851a1d" />
    <TestEntry testId="b09b7c2a-e698-3e5c-68cc-3f0adf4b32e6" executionId="ebd69c35-15f3-4879-ab2b-4c457ad079db" testListId="8c84fa94-04c1-424b-9868-57a2d4851a1d" />
    <TestEntry testId="e332c220-ffa2-6618-10ac-5cd2afcfd3f3" executionId="d224b22c-c633-437f-b89a-043466d07f17" testListId="8c84fa94-04c1-424b-9868-57a2d4851a1d" />
    <TestEntry testId="b75100ed-445e-c76a-0f91-96408ac0616d" executionId="a41dbf08-d7da-4ff6-96cb-427a628aaf3f" testListId="8c84fa94-04c1-424b-9868-57a2d4851a1d" />
    <TestEntry testId="bd1667f5-f5f0-e2de-e899-3057e6998622" executionId="4a583367-ebd9-43d7-858d-fd33d2aa0c10" testListId="8c84fa94-04c1-424b-9868-57a2d4851a1d" />
    <TestEntry testId="f3e70e22-e265-eee1-1de8-7832a1b290f6" executionId="2ae420a2-654b-45ca-8bdc-46d6355c9f42" testListId="8c84fa94-04c1-424b-9868-57a2d4851a1d" />
    <TestEntry testId="7c762d09-a0a1-0395-844e-b94ed4c8d502" executionId="6159730f-f50b-4097-ba58-1cfd7a737c94" testListId="8c84fa94-04c1-424b-9868-57a2d4851a1d" />
    <TestEntry testId="0d17b475-7ade-bcf0-6893-8f4578eb23fa" executionId="50ba905c-3243-451b-b10c-fdc5e2309f42" testListId="8c84fa94-04c1-424b-9868-57a2d4851a1d" />
    <TestEntry testId="748fee11-580e-a2b6-a72f-ba13ab560355" executionId="e79368a3-8dd1-4fcb-8537-7fdf3ed8f4dd" testListId="8c84fa94-04c1-424b-9868-57a2d4851a1d" />
    <TestEntry testId="5d474c19-dcd1-d3a6-68bd-70874cb774e8" executionId="353c3760-cf6a-453c-9d09-4362b88f0b8d" testListId="8c84fa94-04c1-424b-9868-57a2d4851a1d" />
    <TestEntry testId="725c9b7f-e504-99ff-34e5-c8bf30db6e60" executionId="32bb93bb-054a-4fe5-954e-a10c7d4c6007" testListId="8c84fa94-04c1-424b-9868-57a2d4851a1d" />
    <TestEntry testId="f7e9f355-4287-ab9b-d142-21f9e7aa869a" executionId="34f758d9-cf00-46f6-8849-bd4bbb77db67" testListId="8c84fa94-04c1-424b-9868-57a2d4851a1d" />
    <TestEntry testId="17e745ec-50f3-edbf-6ef2-de8d30e1affe" executionId="8020936c-bab6-4007-9e48-cc14564b7b90" testListId="8c84fa94-04c1-424b-9868-57a2d4851a1d" />
    <TestEntry testId="351a88b4-5f89-ae26-6335-2f01588d988c" executionId="a4a12d59-abd7-4659-94b4-0bd030c5fea7" testListId="8c84fa94-04c1-424b-9868-57a2d4851a1d" />
    <TestEntry testId="f3758893-da6f-34c9-9d4a-616a192ce427" executionId="9db82e60-d5d1-4dc6-990d-d33e88c254aa" testListId="8c84fa94-04c1-424b-9868-57a2d4851a1d" />
    <TestEntry testId="9846bc81-bfb1-305c-3e48-2f2dff2b66a8" executionId="e35a3e84-8958-4c62-9f6e-35c141eebcd1" testListId="8c84fa94-04c1-424b-9868-57a2d4851a1d" />
    <TestEntry testId="502135c9-53e3-fce0-5ca4-225441760e67" executionId="985ca666-80d2-4f4e-a0e2-44e6386d1e58" testListId="8c84fa94-04c1-424b-9868-57a2d4851a1d" />
    <TestEntry testId="a523c830-0702-34eb-830f-dfa41cad7af7" executionId="1346b74a-e648-460a-831a-092ad64527d1" testListId="8c84fa94-04c1-424b-9868-57a2d4851a1d" />
    <TestEntry testId="d07ebc18-0f13-a5bc-a913-ab59f0ee71a2" executionId="ee0453e1-3539-4da3-bfbe-8a02f10aa3e5" testListId="8c84fa94-04c1-424b-9868-57a2d4851a1d" />
    <TestEntry testId="3cb3ecbe-2b14-b6d6-0849-b07234eee1dc" executionId="8cd3e722-68ec-43c4-abdd-32740e8a6df6" testListId="8c84fa94-04c1-424b-9868-57a2d4851a1d" />
    <TestEntry testId="daad95c9-43d7-9880-f0b7-8f15941d6fcb" executionId="811019e0-4540-4406-a51a-a5034c7678f0" testListId="8c84fa94-04c1-424b-9868-57a2d4851a1d" />
    <TestEntry testId="cfc8e92c-b9df-05dc-ba8b-b047d6a9788e" executionId="40fec0e2-cc42-457b-902f-7fee0f3a1b5d" testListId="8c84fa94-04c1-424b-9868-57a2d4851a1d" />
    <TestEntry testId="d2dcdcc5-5a8e-848f-a248-4edbb03f3d3c" executionId="a0752024-385e-46b8-80a1-09e312a0c831" testListId="8c84fa94-04c1-424b-9868-57a2d4851a1d" />
  </TestEntries>
  <TestLists>
    <TestList name="Results Not in a List" id="8c84fa94-04c1-424b-9868-57a2d4851a1d" />
    <TestList name="All Loaded Results" id="19431567-8539-422a-85d7-44ee4e166bda" />
  </TestLists>
  <ResultSummary outcome="Completed">
    <Counters total="153" executed="142" passed="142" failed="0" error="0" timeout="0" aborted="0" inconclusive="0" passedButRunAborted="0" notRunnable="0" notExecuted="0" disconnected="0" warning="0" completed="0" inProgress="0" pending="0" />
    <Output>
      <StdOut>Test 'Construct_InvalidIIdpServerValidation_Throws_ArgumentNullException' was skipped in the test run.&#xD;
Test 'Construct_InvalidILocalUserOptions_Throws_ArgumentNullException' was skipped in the test run.&#xD;
Test 'Construct_InvalidILog_Throws_ArgumentNullException' was skipped in the test run.&#xD;
Test 'IsSecureConnection_ReturnsInvalidIdpServer_Throws_InvalidOperationException' was skipped in the test run.&#xD;
Test 'IsSecureConnection_HasValidIdpServer_WithValidCertificate_Returns_True' was skipped in the test run.&#xD;
Test 'IsSecureConnection_HasValidIdpServer_WithInvalidCertificate_UnsecureNotAvailable_Throws_InvalidOperationException' was skipped in the test run.&#xD;
Test 'IsSecureConnection_HasValidIdpServer_WithInvalidCertificate_UserNotAskedWhetherUnsecure_Throws_InvalidOperationException' was skipped in the test run.&#xD;
Test 'IsSecureConnection_HasValidIdpServer_WithInvalidCertificate_UserSaidNoToUnsecure_Throws_InvalidOperationException' was skipped in the test run.&#xD;
Test 'IsSecureConnection_HasValidIdpServer_WithInvalidCertificate_UserSaidYesToUnsecure_Returns_False' was skipped in the test run.&#xD;
Test 'IsSecureConnection_HasValidIdpServer_WithInvalidCertificate_EventRaisedUserSaidNo_Throws_InvalidOperationException' was skipped in the test run.&#xD;
Test 'IsSecureConnection_HasValidIdpServer_WithInvalidCertificate_EventRaisedUserSaidYes_Returns_False' was skipped in the test run.&#xD;
</StdOut>
    </Output>
  </ResultSummary>
</TestRun>