<?xml version="1.0" encoding="utf-8"?>
<TestRun id="307722c0-4f52-46a2-be7d-2d62ff399ea1" name="DKSR-EFI-04$@DKSR-EFI-04 2023-12-22 09:32:56" runUser="NT AUTHORITY\NETWORK SERVICE" xmlns="http://microsoft.com/schemas/VisualStudio/TeamTest/2010">
  <Times creation="2023-12-22T09:32:56.0060745+01:00" queuing="2023-12-22T09:32:56.0060745+01:00" start="2023-12-22T09:32:45.7872760+01:00" finish="2023-12-22T09:33:11.2248954+01:00" />
  <TestSettings name="default" id="1e91acaa-9dec-4315-89b3-ebf03924dc49">
    <Deployment runDeploymentRoot="DKSR-EFI-04$_DKSR-EFI-04_2023-12-22_09_32_56" />
  </TestSettings>
  <Results>
    <UnitTestResult executionId="4970e4cd-aba0-4419-9b51-6a90dc0b595d" testId="e18621e8-da82-d8f4-e7c7-a10340d5d9a4" testName="PluginEvent_Repository_Registered" computerName="DKSR-EFI-04" duration="00:00:00.0003394" startTime="2023-12-22T09:33:08.0530064+01:00" endTime="2023-12-22T09:33:08.0530064+01:00" testType="13cdc9d9-ddb5-4fa4-a97d-d965ccfc6d4b" outcome="Passed" testListId="8c84fa94-04c1-424b-9868-57a2d4851a1d" relativeResultsDirectory="4970e4cd-aba0-4419-9b51-6a90dc0b595d" />
    <UnitTestResult executionId="62ac592a-f944-425c-a4ec-1c35f306d929" testId="85b0eff5-6a5c-21aa-74b2-7eac2da376a1" testName="PatrollingProfile_RemoveStep" computerName="DKSR-EFI-04" duration="00:00:00.0017714" startTime="2023-12-22T09:33:07.9592540+01:00" endTime="2023-12-22T09:33:07.9592540+01:00" testType="13cdc9d9-ddb5-4fa4-a97d-d965ccfc6d4b" outcome="Passed" testListId="8c84fa94-04c1-424b-9868-57a2d4851a1d" relativeResultsDirectory="62ac592a-f944-425c-a4ec-1c35f306d929" />
    <UnitTestResult executionId="61e479a0-b004-44d4-a7a3-5aeee52faf33" testId="3623f466-d4ac-1751-80f5-d2ef70422e3d" testName="ServerConnection_Constructor_Null_Password" computerName="DKSR-EFI-04" duration="00:00:00.0006382" startTime="2023-12-22T09:33:10.1155144+01:00" endTime="2023-12-22T09:33:10.1155144+01:00" testType="13cdc9d9-ddb5-4fa4-a97d-d965ccfc6d4b" outcome="Passed" testListId="8c84fa94-04c1-424b-9868-57a2d4851a1d" relativeResultsDirectory="61e479a0-b004-44d4-a7a3-5aeee52faf33" />
    <UnitTestResult executionId="f116d00a-36dc-4e9e-9a8b-7845d0d649e3" testId="8f734c84-010b-fd88-9118-98e3804d5b92" testName="Grid_SetSpecificRegion_CorectAxis" computerName="DKSR-EFI-04" duration="00:00:00.0012835" startTime="2023-12-22T09:33:07.2248786+01:00" endTime="2023-12-22T09:33:07.2405019+01:00" testType="13cdc9d9-ddb5-4fa4-a97d-d965ccfc6d4b" outcome="Passed" testListId="8c84fa94-04c1-424b-9868-57a2d4851a1d" relativeResultsDirectory="f116d00a-36dc-4e9e-9a8b-7845d0d649e3" />
    <UnitTestResult executionId="b6366982-8394-4c03-93c3-74db33d9ea97" testId="e1b655f7-192d-33c2-0a45-0074494ab772" testName="GetIdpInfo_GivenAddressWithoutOAuthSupported_ShouldThrow" computerName="DKSR-EFI-04" duration="00:00:00.0041281" startTime="2023-12-22T09:32:58.5529632+01:00" endTime="2023-12-22T09:32:58.5685868+01:00" testType="13cdc9d9-ddb5-4fa4-a97d-d965ccfc6d4b" outcome="Passed" testListId="8c84fa94-04c1-424b-9868-57a2d4851a1d" relativeResultsDirectory="b6366982-8394-4c03-93c3-74db33d9ea97" />
    <UnitTestResult executionId="d017af37-ddc5-4975-9929-110a4b551e40" testId="88db907c-2729-b881-7e27-60f3def562f7" testName="ServerVersionConstructor_ShortString_Failure" computerName="DKSR-EFI-04" duration="00:00:00.0006665" startTime="2023-12-22T09:32:55.9435725+01:00" endTime="2023-12-22T09:32:55.9435725+01:00" testType="13cdc9d9-ddb5-4fa4-a97d-d965ccfc6d4b" outcome="Passed" testListId="8c84fa94-04c1-424b-9868-57a2d4851a1d" relativeResultsDirectory="d017af37-ddc5-4975-9929-110a4b551e40" />
    <UnitTestResult executionId="de7295cc-6d39-4783-bf8b-a14c187da405" testId="76bdfff2-86bb-a4a4-4cd3-f83db04d8dac" testName="PatrollingProfile_InsertStepAt_Create_PatrollingStep_Position" computerName="DKSR-EFI-04" duration="00:00:00.0011888" startTime="2023-12-22T09:33:07.9123796+01:00" endTime="2023-12-22T09:33:07.9123796+01:00" testType="13cdc9d9-ddb5-4fa4-a97d-d965ccfc6d4b" outcome="Passed" testListId="8c84fa94-04c1-424b-9868-57a2d4851a1d" relativeResultsDirectory="de7295cc-6d39-4783-bf8b-a14c187da405" />
    <UnitTestResult executionId="75255ae5-df97-4ecb-857a-e2afe83a22c5" testId="9f791b44-66ed-81cb-a905-2468ae287f4b" testName="Monitor_ActivateCameras_ApplyCamerasToMonitorViewCalled" computerName="DKSR-EFI-04" duration="00:00:00.0508180" startTime="2023-12-22T09:33:07.5998823+01:00" endTime="2023-12-22T09:33:07.6467535+01:00" testType="13cdc9d9-ddb5-4fa4-a97d-d965ccfc6d4b" outcome="Passed" testListId="8c84fa94-04c1-424b-9868-57a2d4851a1d" relativeResultsDirectory="75255ae5-df97-4ecb-857a-e2afe83a22c5" />
    <UnitTestResult executionId="ab034493-bc27-47ef-8a35-bfd1138e3bd4" testId="91f8128f-bf3b-28e3-f019-7c15bf28820b" testName="MIPObjectGroup_Constructor_DefaultValuesCorrect" computerName="DKSR-EFI-04" duration="00:00:00.0020297" startTime="2023-12-22T09:33:07.5217518+01:00" endTime="2023-12-22T09:33:07.5217518+01:00" testType="13cdc9d9-ddb5-4fa4-a97d-d965ccfc6d4b" outcome="Passed" testListId="8c84fa94-04c1-424b-9868-57a2d4851a1d" relativeResultsDirectory="ab034493-bc27-47ef-8a35-bfd1138e3bd4" />
    <UnitTestResult executionId="62fb6dcf-83c9-4f6f-9319-dc213c1bb2c4" testId="649e9608-c087-e678-8053-b4978cc56299" testName="RecordingServer_Add_Hardware_Failed_Deleted" computerName="DKSR-EFI-04" duration="00:00:00.0007125" startTime="2023-12-22T09:33:08.2717570+01:00" endTime="2023-12-22T09:33:08.2717570+01:00" testType="13cdc9d9-ddb5-4fa4-a97d-d965ccfc6d4b" outcome="Passed" testListId="8c84fa94-04c1-424b-9868-57a2d4851a1d" relativeResultsDirectory="62fb6dcf-83c9-4f6f-9319-dc213c1bb2c4" />
    <UnitTestResult executionId="e4e4b74f-8e66-4376-9468-b9c3eb5687e7" testId="bb68a4f3-b961-a1ba-aa1d-980c85fccb0d" testName="ManagementServer_AttachChildSite_Called" computerName="DKSR-EFI-04" duration="00:00:00.0032055" startTime="2023-12-22T09:33:07.3030034+01:00" endTime="2023-12-22T09:33:07.3186277+01:00" testType="13cdc9d9-ddb5-4fa4-a97d-d965ccfc6d4b" outcome="Passed" testListId="8c84fa94-04c1-424b-9868-57a2d4851a1d" relativeResultsDirectory="e4e4b74f-8e66-4376-9468-b9c3eb5687e7" />
    <UnitTestResult executionId="8439186d-77f7-4a72-a5ac-c09529d56e6c" testId="66fcdc1b-950f-7a55-01b9-2759d9aabe60" testName="BasicUser_Constructor_CheckForVersion_6_0_and_throws" computerName="DKSR-EFI-04" duration="00:00:00.0011039" startTime="2023-12-22T09:33:06.8030000+01:00" endTime="2023-12-22T09:33:06.8030000+01:00" testType="13cdc9d9-ddb5-4fa4-a97d-d965ccfc6d4b" outcome="Passed" testListId="8c84fa94-04c1-424b-9868-57a2d4851a1d" relativeResultsDirectory="8439186d-77f7-4a72-a5ac-c09529d56e6c" />
    <UnitTestResult executionId="d788eeae-9e87-49e2-b828-9299a67b0755" testId="2e7ddda3-0753-ee69-12f3-a89221333475" testName="ServerConnection_Constructor_Null_TokenCache" computerName="DKSR-EFI-04" duration="00:00:00.0005869" startTime="2023-12-22T09:33:10.0998907+01:00" endTime="2023-12-22T09:33:10.0998907+01:00" testType="13cdc9d9-ddb5-4fa4-a97d-d965ccfc6d4b" outcome="Passed" testListId="8c84fa94-04c1-424b-9868-57a2d4851a1d" relativeResultsDirectory="d788eeae-9e87-49e2-b828-9299a67b0755" />
    <UnitTestResult executionId="8b3e6d0b-bbf5-4af4-b8b8-2d60b6810764" testId="d7333a12-6de8-7f02-ecd3-085b65d7577a" testName="PublicViewGroup_Repository_Registered" computerName="DKSR-EFI-04" duration="00:00:00.0003217" startTime="2023-12-22T09:33:08.0998820+01:00" endTime="2023-12-22T09:33:08.0998820+01:00" testType="13cdc9d9-ddb5-4fa4-a97d-d965ccfc6d4b" outcome="Passed" testListId="8c84fa94-04c1-424b-9868-57a2d4851a1d" relativeResultsDirectory="8b3e6d0b-bbf5-4af4-b8b8-2d60b6810764" />
    <UnitTestResult executionId="ea9b345b-7927-4532-b349-4736e24d9122" testId="74227176-8c7a-ec65-bd11-5456d1514c33" testName="TaskRepairing_Refresh_Success" computerName="DKSR-EFI-04" duration="00:00:00.0002510" startTime="2023-12-22T09:33:09.5061387+01:00" endTime="2023-12-22T09:33:09.5061387+01:00" testType="13cdc9d9-ddb5-4fa4-a97d-d965ccfc6d4b" outcome="Passed" testListId="8c84fa94-04c1-424b-9868-57a2d4851a1d" relativeResultsDirectory="ea9b345b-7927-4532-b349-4736e24d9122" />
    <UnitTestResult executionId="d4daff3d-ed5c-4d65-a058-79fb669341d3" testId="897de007-5843-f6bb-7109-f6694e9c9718" testName="ServerConnection_GetNetworkCredential" computerName="DKSR-EFI-04" duration="00:00:00.0006799" startTime="2023-12-22T09:33:10.1155144+01:00" endTime="2023-12-22T09:33:10.1155144+01:00" testType="13cdc9d9-ddb5-4fa4-a97d-d965ccfc6d4b" outcome="Passed" testListId="8c84fa94-04c1-424b-9868-57a2d4851a1d" relativeResultsDirectory="d4daff3d-ed5c-4d65-a058-79fb669341d3" />
    <UnitTestResult executionId="5af232e2-8e7f-4252-b61e-c9b3e6b94c6f" testId="1bce7956-e646-34df-076d-ce535ac6241f" testName="Construct_InvalidParam_Site_Null_Throws_ArgumentNullException" computerName="DKSR-EFI-04" duration="00:00:00.0006588" startTime="2023-12-22T09:33:10.5686418+01:00" endTime="2023-12-22T09:33:10.5686418+01:00" testType="13cdc9d9-ddb5-4fa4-a97d-d965ccfc6d4b" outcome="Passed" testListId="8c84fa94-04c1-424b-9868-57a2d4851a1d" relativeResultsDirectory="5af232e2-8e7f-4252-b61e-c9b3e6b94c6f" />
    <UnitTestResult executionId="332d9579-77cc-4cf1-a80e-17ccc639a5e9" testId="2c70923f-ca66-aba3-db7c-df9c2aa9f052" testName="GetFastestIdpInfo_GivenAddressWithoutOAuth_ShouldReturnNull" computerName="DKSR-EFI-04" duration="00:00:00.0051940" startTime="2023-12-22T09:33:00.6935970+01:00" endTime="2023-12-22T09:33:00.7092214+01:00" testType="13cdc9d9-ddb5-4fa4-a97d-d965ccfc6d4b" outcome="Passed" testListId="8c84fa94-04c1-424b-9868-57a2d4851a1d" relativeResultsDirectory="332d9579-77cc-4cf1-a80e-17ccc639a5e9" />
    <UnitTestResult executionId="e024e367-096e-4b83-8476-39cd420474de" testId="8f991ec0-049a-f3d3-1a97-4d913c1d59ea" testName="CameraDevice_TruncateStorage_WithRecorderId_Success" computerName="DKSR-EFI-04" duration="00:00:00.0021053" startTime="2023-12-22T09:33:08.1311321+01:00" endTime="2023-12-22T09:33:08.1311321+01:00" testType="13cdc9d9-ddb5-4fa4-a97d-d965ccfc6d4b" outcome="Passed" testListId="8c84fa94-04c1-424b-9868-57a2d4851a1d" relativeResultsDirectory="e024e367-096e-4b83-8476-39cd420474de" />
    <UnitTestResult executionId="1fdf4bb1-2622-4106-969d-e9289d5123cb" testId="2df11082-086c-4938-fcb5-70372619bdc8" testName="GetHighPriorityError_GivenUnsecureConnectionNotAllowedException_ReturnsUnsecureConnectionNotAllowedException" computerName="DKSR-EFI-04" duration="00:00:00.0124932" startTime="2023-12-22T09:32:56.7092013+01:00" endTime="2023-12-22T09:32:56.7248284+01:00" testType="13cdc9d9-ddb5-4fa4-a97d-d965ccfc6d4b" outcome="Passed" testListId="8c84fa94-04c1-424b-9868-57a2d4851a1d" relativeResultsDirectory="1fdf4bb1-2622-4106-969d-e9289d5123cb" />
    <UnitTestResult executionId="a9e80aa6-fda5-4be6-97b5-6dcedf09cc53" testId="8dc42fe5-e680-bdfd-5002-668002897b77" testName="TaskAddIdpAdmin_StartNew_Success" computerName="DKSR-EFI-04" duration="00:00:00.0008922" startTime="2023-12-22T09:33:08.8655105+01:00" endTime="2023-12-22T09:33:08.8655105+01:00" testType="13cdc9d9-ddb5-4fa4-a97d-d965ccfc6d4b" outcome="Passed" testListId="8c84fa94-04c1-424b-9868-57a2d4851a1d" relativeResultsDirectory="a9e80aa6-fda5-4be6-97b5-6dcedf09cc53" />
    <UnitTestResult executionId="91025e83-ba66-4400-87c6-36224f02a46b" testId="ba740a17-cde2-0541-90ea-5e112d7c1b67" testName="Management_Server_Load_Functions_Test" computerName="DKSR-EFI-04" duration="00:00:00.0161367" startTime="2023-12-22T09:33:07.2405019+01:00" endTime="2023-12-22T09:33:07.2561267+01:00" testType="13cdc9d9-ddb5-4fa4-a97d-d965ccfc6d4b" outcome="Passed" testListId="8c84fa94-04c1-424b-9868-57a2d4851a1d" relativeResultsDirectory="91025e83-ba66-4400-87c6-36224f02a46b" />
    <UnitTestResult executionId="391433c7-d433-4be0-8359-cfb3d59169a0" testId="a2b94d8f-bc5d-7cd3-30ac-b7de6576e0d9" testName="MIPAction_Refresh_Success" computerName="DKSR-EFI-04" duration="00:00:00.0003663" startTime="2023-12-22T09:33:07.4592515+01:00" endTime="2023-12-22T09:33:07.4592515+01:00" testType="13cdc9d9-ddb5-4fa4-a97d-d965ccfc6d4b" outcome="Passed" testListId="8c84fa94-04c1-424b-9868-57a2d4851a1d" relativeResultsDirectory="391433c7-d433-4be0-8359-cfb3d59169a0" />
    <UnitTestResult executionId="e72b5b61-76f7-43fa-92c6-7f08bd7ad4ec" testId="58c75aeb-e3ba-43a5-37a3-4faf9ce396c2" testName="TaskTruncateDeviceStorage_Refresh_Success" computerName="DKSR-EFI-04" duration="00:00:00.0005288" startTime="2023-12-22T09:33:09.5530125+01:00" endTime="2023-12-22T09:33:09.5530125+01:00" testType="13cdc9d9-ddb5-4fa4-a97d-d965ccfc6d4b" outcome="Passed" testListId="8c84fa94-04c1-424b-9868-57a2d4851a1d" relativeResultsDirectory="e72b5b61-76f7-43fa-92c6-7f08bd7ad4ec" />
    <UnitTestResult executionId="beb42b5f-1136-40f7-a11f-2932b8b71eec" testId="c9754ef7-454d-f20a-ba8a-9bb48b22c987" testName="SmartClientProfile_Repository_Registered" computerName="DKSR-EFI-04" duration="00:00:00.0002886" startTime="2023-12-22T09:33:06.9123737+01:00" endTime="2023-12-22T09:33:06.9123737+01:00" testType="13cdc9d9-ddb5-4fa4-a97d-d965ccfc6d4b" outcome="Passed" testListId="8c84fa94-04c1-424b-9868-57a2d4851a1d" relativeResultsDirectory="beb42b5f-1136-40f7-a11f-2932b8b71eec" />
    <UnitTestResult executionId="31b101cd-fff2-4748-9ddf-330e15c110e3" testId="b7b8e73e-c0c7-02a5-30ae-4effac23b9d0" testName="Create_GivenAddressAndCredentials_ShouldSuccess" computerName="DKSR-EFI-04" duration="00:00:00.0096625" startTime="2023-12-22T09:32:56.1154481+01:00" endTime="2023-12-22T09:32:56.1310769+01:00" testType="13cdc9d9-ddb5-4fa4-a97d-d965ccfc6d4b" outcome="Passed" testListId="8c84fa94-04c1-424b-9868-57a2d4851a1d" relativeResultsDirectory="31b101cd-fff2-4748-9ddf-330e15c110e3" />
    <UnitTestResult executionId="abad2bcc-31de-4d73-a2f6-6ee0e109e095" testId="8a13bd06-e39c-34b9-1589-dab6fc542cdc" testName="MIPDeviceEvent_Constructor_DefaultValuesCorrect" computerName="DKSR-EFI-04" duration="00:00:00.0018188" startTime="2023-12-22T09:33:07.4592515+01:00" endTime="2023-12-22T09:33:07.4592515+01:00" testType="13cdc9d9-ddb5-4fa4-a97d-d965ccfc6d4b" outcome="Passed" testListId="8c84fa94-04c1-424b-9868-57a2d4851a1d" relativeResultsDirectory="abad2bcc-31de-4d73-a2f6-6ee0e109e095" />
    <UnitTestResult executionId="8f004f14-869f-4494-8e57-4b23af8483e9" testId="f9ad11b2-10fa-d297-cda1-cf93f159844d" testName="RecordingStorage_Set_As_Default_Failed_Not_Created" computerName="DKSR-EFI-04" duration="00:00:00.0008003" startTime="2023-12-22T09:33:08.3342582+01:00" endTime="2023-12-22T09:33:08.3342582+01:00" testType="13cdc9d9-ddb5-4fa4-a97d-d965ccfc6d4b" outcome="Passed" testListId="8c84fa94-04c1-424b-9868-57a2d4851a1d" relativeResultsDirectory="8f004f14-869f-4494-8e57-4b23af8483e9" />
    <UnitTestResult executionId="8a185eff-c1f4-4a18-bdb5-0ab7e2f1da79" testId="636c8cf1-44d5-1cf4-3a85-1d64e2d2ce55" testName="Contains_GivenAnyConfiguredAddressAndConnectedSite_ShouldSuccess" computerName="DKSR-EFI-04" duration="00:00:00.0004167" startTime="2023-12-22T09:33:06.3342471+01:00" endTime="2023-12-22T09:33:06.3342471+01:00" testType="13cdc9d9-ddb5-4fa4-a97d-d965ccfc6d4b" outcome="Passed" testListId="8c84fa94-04c1-424b-9868-57a2d4851a1d" relativeResultsDirectory="8a185eff-c1f4-4a18-bdb5-0ab7e2f1da79" />
    <UnitTestResult executionId="a0ea6729-247e-4bed-b808-5a157aa70c00" testId="fc918322-f4bb-489c-e6f9-317234a62a30" testName="VideoWallPreset_Constructor_DefaultValuesCorrect" computerName="DKSR-EFI-04" duration="00:00:00.0019244" startTime="2023-12-22T09:33:09.7092628+01:00" endTime="2023-12-22T09:33:09.7092628+01:00" testType="13cdc9d9-ddb5-4fa4-a97d-d965ccfc6d4b" outcome="Passed" testListId="8c84fa94-04c1-424b-9868-57a2d4851a1d" relativeResultsDirectory="a0ea6729-247e-4bed-b808-5a157aa70c00" />
    <UnitTestResult executionId="052afe37-c4e6-45bf-a459-ac4e5e1dfacb" testId="41552e2f-c955-e627-479f-7829b8de2b6c" testName="FailoverServer_Constructor_DefaultValuesCorrect" computerName="DKSR-EFI-04" duration="00:00:00.0019511" startTime="2023-12-22T09:33:07.1311246+01:00" endTime="2023-12-22T09:33:07.1311246+01:00" testType="13cdc9d9-ddb5-4fa4-a97d-d965ccfc6d4b" outcome="Passed" testListId="8c84fa94-04c1-424b-9868-57a2d4851a1d" relativeResultsDirectory="052afe37-c4e6-45bf-a459-ac4e5e1dfacb" />
    <UnitTestResult executionId="5f474b39-bb89-43cd-a7b7-b2e7804a0df0" testId="0f84e6ef-2cf8-7465-e4b9-ad003c4d190d" testName="MIPObject_Constructor_Repositories_DefaultValuesCorrect" computerName="DKSR-EFI-04" duration="00:00:00.0018371" startTime="2023-12-22T09:33:07.5061284+01:00" endTime="2023-12-22T09:33:07.5061284+01:00" testType="13cdc9d9-ddb5-4fa4-a97d-d965ccfc6d4b" outcome="Passed" testListId="8c84fa94-04c1-424b-9868-57a2d4851a1d" relativeResultsDirectory="5f474b39-bb89-43cd-a7b7-b2e7804a0df0" />
    <UnitTestResult executionId="7eecf722-1d25-44d5-b52b-b4bfb0f4d0a8" testId="80097625-e003-6f69-9b6c-cb7eeead4cc8" testName="MarkedData_Constructor_DefaultValuesCorrect" computerName="DKSR-EFI-04" duration="00:00:00.0019355" startTime="2023-12-22T09:33:07.3811267+01:00" endTime="2023-12-22T09:33:07.3811267+01:00" testType="13cdc9d9-ddb5-4fa4-a97d-d965ccfc6d4b" outcome="Passed" testListId="8c84fa94-04c1-424b-9868-57a2d4851a1d" relativeResultsDirectory="7eecf722-1d25-44d5-b52b-b4bfb0f4d0a8" />
    <UnitTestResult executionId="b355429d-c9f7-45cc-97eb-173f19c9ece3" testId="dee1b8cc-1096-72d2-755b-0a72b4d39e1a" testName="GenericRepositoryTestConstructor" computerName="DKSR-EFI-04" duration="00:00:00.0005461" startTime="2023-12-22T09:33:09.8186383+01:00" endTime="2023-12-22T09:33:09.8186383+01:00" testType="13cdc9d9-ddb5-4fa4-a97d-d965ccfc6d4b" outcome="Passed" testListId="8c84fa94-04c1-424b-9868-57a2d4851a1d" relativeResultsDirectory="b355429d-c9f7-45cc-97eb-173f19c9ece3" />
    <UnitTestResult executionId="833dc8b7-fbca-4122-a547-c63caaec48f3" testId="94b148ad-9c83-a554-8c3e-b246b0575830" testName="BasicUser_Constructor_Password_Empty_Check" computerName="DKSR-EFI-04" duration="00:00:00.0006490" startTime="2023-12-22T09:33:06.8498751+01:00" endTime="2023-12-22T09:33:06.8498751+01:00" testType="13cdc9d9-ddb5-4fa4-a97d-d965ccfc6d4b" outcome="Passed" testListId="8c84fa94-04c1-424b-9868-57a2d4851a1d" relativeResultsDirectory="833dc8b7-fbca-4122-a547-c63caaec48f3" />
    <UnitTestResult executionId="9f4683da-f965-4d55-81a8-18cf276a597d" testId="66f41b99-9bb5-3922-2d4c-8267bfe83112" testName="Monitor_Constructor_DefaultValuesCorrect" computerName="DKSR-EFI-04" duration="00:00:00.0199126" startTime="2023-12-22T09:33:07.5530046+01:00" endTime="2023-12-22T09:33:07.5842564+01:00" testType="13cdc9d9-ddb5-4fa4-a97d-d965ccfc6d4b" outcome="Passed" testListId="8c84fa94-04c1-424b-9868-57a2d4851a1d" relativeResultsDirectory="9f4683da-f965-4d55-81a8-18cf276a597d" />
    <UnitTestResult executionId="429bd5c6-083b-4ec9-a103-02932690fd50" testId="9b0a46c5-cc0f-583d-4f43-3b9ec7a0262e" testName="AxisTunnelServer_Repository_Registered" computerName="DKSR-EFI-04" duration="00:00:00.0003769" startTime="2023-12-22T09:33:06.7717503+01:00" endTime="2023-12-22T09:33:06.7717503+01:00" testType="13cdc9d9-ddb5-4fa4-a97d-d965ccfc6d4b" outcome="Passed" testListId="8c84fa94-04c1-424b-9868-57a2d4851a1d" relativeResultsDirectory="429bd5c6-083b-4ec9-a103-02932690fd50" />
    <UnitTestResult executionId="a29383b9-ffa9-45e8-bf73-00a6bcd31761" testId="e247e8aa-c917-f9e1-ee41-625673010644" testName="TrustedIssuer_DeleteOnUnsupportedVersion_Throws" computerName="DKSR-EFI-04" duration="00:00:00.0008160" startTime="2023-12-22T09:33:09.6623887+01:00" endTime="2023-12-22T09:33:09.6623887+01:00" testType="13cdc9d9-ddb5-4fa4-a97d-d965ccfc6d4b" outcome="Passed" testListId="8c84fa94-04c1-424b-9868-57a2d4851a1d" relativeResultsDirectory="a29383b9-ffa9-45e8-bf73-00a6bcd31761" />
    <UnitTestResult executionId="d70832ff-ad5f-4c6f-8dc8-e3503a3b57dc" testId="8829447c-f146-4b1c-a29d-e03146092a4c" testName="ThrowExceptionIfProtocolIsNotAllowed_SecureProtocol_NonSecureAllowed_DoesNothing" computerName="DKSR-EFI-04" duration="00:00:00.0005996" startTime="2023-12-22T09:32:58.4904626+01:00" endTime="2023-12-22T09:32:58.4904626+01:00" testType="13cdc9d9-ddb5-4fa4-a97d-d965ccfc6d4b" outcome="Passed" testListId="8c84fa94-04c1-424b-9868-57a2d4851a1d" relativeResultsDirectory="d70832ff-ad5f-4c6f-8dc8-e3503a3b57dc" />
    <UnitTestResult executionId="bcad75aa-4fe6-47b4-831e-d4d9ce733d8a" testId="2d3a935e-1e65-2fb9-dab5-366dee814adc" testName="Hardware_ReadPassword_NotCreated_Throws" computerName="DKSR-EFI-04" duration="00:00:00.0004595" startTime="2023-12-22T09:33:08.2248813+01:00" endTime="2023-12-22T09:33:08.2248813+01:00" testType="13cdc9d9-ddb5-4fa4-a97d-d965ccfc6d4b" outcome="Passed" testListId="8c84fa94-04c1-424b-9868-57a2d4851a1d" relativeResultsDirectory="bcad75aa-4fe6-47b4-831e-d4d9ce733d8a" />
    <UnitTestResult executionId="91425da9-5b9f-42f1-bb38-b40625cd8c7a" testId="c2241e49-2a49-a88a-fedb-dfc1e2f71515" testName="Recorder_Refresh_Success" computerName="DKSR-EFI-04" duration="00:00:00.0007559" startTime="2023-12-22T09:33:08.2405076+01:00" endTime="2023-12-22T09:33:08.2405076+01:00" testType="13cdc9d9-ddb5-4fa4-a97d-d965ccfc6d4b" outcome="Passed" testListId="8c84fa94-04c1-424b-9868-57a2d4851a1d" relativeResultsDirectory="91425da9-5b9f-42f1-bb38-b40625cd8c7a" />
    <UnitTestResult executionId="f5c6f3bb-4280-4c65-af15-7399ef63bb09" testId="b2785c08-75dc-57da-3386-935b0d2e5e99" testName="TestGenericRepositoryFunctionsCanReturnByTypeAndByIds" computerName="DKSR-EFI-04" duration="00:00:00.0110541" startTime="2023-12-22T09:33:09.8811396+01:00" endTime="2023-12-22T09:33:09.8967651+01:00" testType="13cdc9d9-ddb5-4fa4-a97d-d965ccfc6d4b" outcome="Passed" testListId="8c84fa94-04c1-424b-9868-57a2d4851a1d" relativeResultsDirectory="f5c6f3bb-4280-4c65-af15-7399ef63bb09" />
    <UnitTestResult executionId="8286778b-75e8-4dd8-917e-7560eb5790eb" testId="5aea37a5-f0f1-77ae-5f92-fdafccaf4e6f" testName="Hardware_Refresh_Success" computerName="DKSR-EFI-04" duration="00:00:00.0020117" startTime="2023-12-22T09:33:08.1936328+01:00" endTime="2023-12-22T09:33:08.1936328+01:00" testType="13cdc9d9-ddb5-4fa4-a97d-d965ccfc6d4b" outcome="Passed" testListId="8c84fa94-04c1-424b-9868-57a2d4851a1d" relativeResultsDirectory="8286778b-75e8-4dd8-917e-7560eb5790eb" />
    <UnitTestResult executionId="b5564b46-475b-4916-a18d-8dc46afc91a4" testId="90df41f2-1eff-541d-10e4-135b682b043b" testName="Management_Repository_Registered" computerName="DKSR-EFI-04" duration="00:00:00.0003110" startTime="2023-12-22T09:33:07.2717549+01:00" endTime="2023-12-22T09:33:07.2717549+01:00" testType="13cdc9d9-ddb5-4fa4-a97d-d965ccfc6d4b" outcome="Passed" testListId="8c84fa94-04c1-424b-9868-57a2d4851a1d" relativeResultsDirectory="b5564b46-475b-4916-a18d-8dc46afc91a4" />
    <UnitTestResult executionId="207a22af-baae-48d6-919a-ec4c947541b8" testId="492a74e5-0879-8c47-fe63-f774f5fb0dd6" testName="PatrollingProfile_InsertStepAt_Existing_PatrollingStep_Invalid_Position" computerName="DKSR-EFI-04" duration="00:00:00.0008345" startTime="2023-12-22T09:33:07.8967560+01:00" endTime="2023-12-22T09:33:07.8967560+01:00" testType="13cdc9d9-ddb5-4fa4-a97d-d965ccfc6d4b" outcome="Passed" testListId="8c84fa94-04c1-424b-9868-57a2d4851a1d" relativeResultsDirectory="207a22af-baae-48d6-919a-ec4c947541b8" />
    <UnitTestResult executionId="be2ba320-13cd-42bd-8104-eb39ca0b6bc5" testId="6e8d1193-f5e0-5129-ea68-cfedce5facb1" testName="Grid_RemoveSpecificCellSecond_CorrectCellRemoved" computerName="DKSR-EFI-04" duration="00:00:00.0002102" startTime="2023-12-22T09:33:07.2405019+01:00" endTime="2023-12-22T09:33:07.2405019+01:00" testType="13cdc9d9-ddb5-4fa4-a97d-d965ccfc6d4b" outcome="Passed" testListId="8c84fa94-04c1-424b-9868-57a2d4851a1d" relativeResultsDirectory="be2ba320-13cd-42bd-8104-eb39ca0b6bc5" />
    <UnitTestResult executionId="5e1e4d31-a821-40ce-871e-363dbb59fbb0" testId="a637af31-d7de-7209-5a6a-9a493eeba333" testName="MarkedData_Update_Failed_Not_Created" computerName="DKSR-EFI-04" duration="00:00:00.0007104" startTime="2023-12-22T09:33:07.4123780+01:00" endTime="2023-12-22T09:33:07.4123780+01:00" testType="13cdc9d9-ddb5-4fa4-a97d-d965ccfc6d4b" outcome="Passed" testListId="8c84fa94-04c1-424b-9868-57a2d4851a1d" relativeResultsDirectory="5e1e4d31-a821-40ce-871e-363dbb59fbb0" />
    <UnitTestResult executionId="d10b2e45-9f0b-451a-bcf0-be189f370335" testId="8adb5451-300e-1035-cfd7-2dbc14dbf050" testName="ExceptionConverter_GetConnectionConvertedException_MessageSecurityException_WithIdpInnerException" computerName="DKSR-EFI-04" duration="00:00:00.0007366" startTime="2023-12-22T09:33:09.9748902+01:00" endTime="2023-12-22T09:33:09.9748902+01:00" testType="13cdc9d9-ddb5-4fa4-a97d-d965ccfc6d4b" outcome="Passed" testListId="8c84fa94-04c1-424b-9868-57a2d4851a1d" relativeResultsDirectory="d10b2e45-9f0b-451a-bcf0-be189f370335" />
    <UnitTestResult executionId="74009da3-1ef0-46f9-8451-c33649edeb9b" testId="e79b213e-079c-c334-53d1-ca179024ad9e" testName="ProxyClientServiceBase_CallWithRetry_NoRetry_FaultException" computerName="DKSR-EFI-04" duration="00:00:00.0014308" startTime="2023-12-22T09:33:10.0061418+01:00" endTime="2023-12-22T09:33:10.0061418+01:00" testType="13cdc9d9-ddb5-4fa4-a97d-d965ccfc6d4b" outcome="Passed" testListId="8c84fa94-04c1-424b-9868-57a2d4851a1d" relativeResultsDirectory="74009da3-1ef0-46f9-8451-c33649edeb9b" />
    <UnitTestResult executionId="49199bf2-f30e-4dac-a059-7b2e33e2f56d" testId="46b522aa-ca89-4fe7-ec76-8cae48a8ed03" testName="ManagementServer_RefreshLicenseCache_Before_v133_NotSupported" computerName="DKSR-EFI-04" duration="00:00:00.0010366" startTime="2023-12-22T09:33:07.3811267+01:00" endTime="2023-12-22T09:33:07.3811267+01:00" testType="13cdc9d9-ddb5-4fa4-a97d-d965ccfc6d4b" outcome="Passed" testListId="8c84fa94-04c1-424b-9868-57a2d4851a1d" relativeResultsDirectory="49199bf2-f30e-4dac-a059-7b2e33e2f56d" />
    <UnitTestResult executionId="e1259ff3-f5b8-4d10-aa24-d7947fdf29cc" testId="00359fdf-0a4b-6178-4ca6-973d86cbac25" testName="GenericRepositoryTestGetObjectRelationsServerCalledAlways" computerName="DKSR-EFI-04" duration="00:00:00.0014256" startTime="2023-12-22T09:33:09.8498888+01:00" endTime="2023-12-22T09:33:09.8498888+01:00" testType="13cdc9d9-ddb5-4fa4-a97d-d965ccfc6d4b" outcome="Passed" testListId="8c84fa94-04c1-424b-9868-57a2d4851a1d" relativeResultsDirectory="e1259ff3-f5b8-4d10-aa24-d7947fdf29cc" />
    <UnitTestResult executionId="dd274ff9-5ce0-45ad-800a-39d160536dc4" testId="d5ebba80-46b1-4b69-1317-862388d0bc03" testName="TryConnect_GivenBrokenServerConnection_ShouldDisposeAndReturnNull" computerName="DKSR-EFI-04" duration="00:00:00.0057175" startTime="2023-12-22T09:33:06.3967478+01:00" endTime="2023-12-22T09:33:06.3967478+01:00" testType="13cdc9d9-ddb5-4fa4-a97d-d965ccfc6d4b" outcome="Passed" testListId="8c84fa94-04c1-424b-9868-57a2d4851a1d" relativeResultsDirectory="dd274ff9-5ce0-45ad-800a-39d160536dc4" />
    <UnitTestResult executionId="a9e7c7f5-2a1a-4618-93f5-ef36b965ed8e" testId="ee46a3e8-e849-987e-2550-c7c3c8bdca18" testName="Master_UpdateCustomProperties_NotCreated_InvalidOperationException" computerName="DKSR-EFI-04" duration="00:00:00.0006583" startTime="2023-12-22T09:33:08.6155072+01:00" endTime="2023-12-22T09:33:08.6155072+01:00" testType="13cdc9d9-ddb5-4fa4-a97d-d965ccfc6d4b" outcome="Passed" testListId="8c84fa94-04c1-424b-9868-57a2d4851a1d" relativeResultsDirectory="a9e7c7f5-2a1a-4618-93f5-ef36b965ed8e" />
    <UnitTestResult executionId="5cf512f2-e9c9-463e-8e03-1752dd3e61cb" testId="401a1f20-82fe-301f-debe-f547843d43dc" testName="GetSiteConnectionResult_GivenHttpsAddressInRegistryAndAllHttpsAddresses_ShouldFail" computerName="DKSR-EFI-04" duration="00:00:00.0046097" startTime="2023-12-22T09:32:56.9748280+01:00" endTime="2023-12-22T09:32:56.9748280+01:00" testType="13cdc9d9-ddb5-4fa4-a97d-d965ccfc6d4b" outcome="Passed" testListId="8c84fa94-04c1-424b-9868-57a2d4851a1d" relativeResultsDirectory="5cf512f2-e9c9-463e-8e03-1752dd3e61cb" />
    <UnitTestResult executionId="aff4ddf2-b448-4fc2-a8c7-80e96ff979f2" testId="20dc1a2e-8954-e203-e1bb-7c9c3a0f31b8" testName="CalendarTimeProfile_CustomProperties_CheckForVersion_7_0_and_throws" computerName="DKSR-EFI-04" duration="00:00:00.0006926" startTime="2023-12-22T09:33:09.5998886+01:00" endTime="2023-12-22T09:33:09.5998886+01:00" testType="13cdc9d9-ddb5-4fa4-a97d-d965ccfc6d4b" outcome="Passed" testListId="8c84fa94-04c1-424b-9868-57a2d4851a1d" relativeResultsDirectory="aff4ddf2-b448-4fc2-a8c7-80e96ff979f2" />
    <UnitTestResult executionId="936f4802-d187-44af-905b-9d4e9b61cdb2" testId="06b893ad-dedc-35b5-9313-faacbf4e9a3c" testName="Role_Copy_Role_Check_Null_Name" computerName="DKSR-EFI-04" duration="00:00:00.0005973" startTime="2023-12-22T09:33:08.4748834+01:00" endTime="2023-12-22T09:33:08.4748834+01:00" testType="13cdc9d9-ddb5-4fa4-a97d-d965ccfc6d4b" outcome="Passed" testListId="8c84fa94-04c1-424b-9868-57a2d4851a1d" relativeResultsDirectory="936f4802-d187-44af-905b-9d4e9b61cdb2" />
    <UnitTestResult executionId="adbf0d27-a30b-4b1d-ae76-8dd81462dbc9" testId="ec57f8ed-3691-0757-37f7-3c4dbe3bc6e9" testName="ManagementClientProfile_Repository_Registered" computerName="DKSR-EFI-04" duration="00:00:00.0003082" startTime="2023-12-22T09:33:06.9123737+01:00" endTime="2023-12-22T09:33:06.9123737+01:00" testType="13cdc9d9-ddb5-4fa4-a97d-d965ccfc6d4b" outcome="Passed" testListId="8c84fa94-04c1-424b-9868-57a2d4851a1d" relativeResultsDirectory="adbf0d27-a30b-4b1d-ae76-8dd81462dbc9" />
    <UnitTestResult executionId="01beaa0b-a975-4447-9900-f259ed6559b7" testId="e474cf49-3b10-7d2f-29c0-7ecb4b93b331" testName="PatrollingProfile_Constructor_AllDefaultValues" computerName="DKSR-EFI-04" duration="00:00:00.0394607" startTime="2023-12-22T09:33:07.6936293+01:00" endTime="2023-12-22T09:33:07.7248791+01:00" testType="13cdc9d9-ddb5-4fa4-a97d-d965ccfc6d4b" outcome="Passed" testListId="8c84fa94-04c1-424b-9868-57a2d4851a1d" relativeResultsDirectory="01beaa0b-a975-4447-9900-f259ed6559b7" />
    <UnitTestResult executionId="eaf9733e-cb55-4bd3-be71-aad7e119ec30" testId="b24e63e5-ed1c-f5a8-17ea-47dc25bf0e3a" testName="GenericRepositoryTestGetObjectByIdCacheUsed" computerName="DKSR-EFI-04" duration="00:00:00.0013816" startTime="2023-12-22T09:33:09.8342647+01:00" endTime="2023-12-22T09:33:09.8342647+01:00" testType="13cdc9d9-ddb5-4fa4-a97d-d965ccfc6d4b" outcome="Passed" testListId="8c84fa94-04c1-424b-9868-57a2d4851a1d" relativeResultsDirectory="eaf9733e-cb55-4bd3-be71-aad7e119ec30" />
    <UnitTestResult executionId="9d14c862-f723-409b-8292-0f7dd3d67995" testId="1212d1b4-9de3-2c00-0810-5d71d78ff7e3" testName="FilterHttpAddresses_GivenHttpsAndHttpAddresses_ShouldReturnOnlyHttpAddresses" computerName="DKSR-EFI-04" duration="00:00:00.0015747" startTime="2023-12-22T09:32:56.5998304+01:00" endTime="2023-12-22T09:32:56.6154502+01:00" testType="13cdc9d9-ddb5-4fa4-a97d-d965ccfc6d4b" outcome="Passed" testListId="8c84fa94-04c1-424b-9868-57a2d4851a1d" relativeResultsDirectory="9d14c862-f723-409b-8292-0f7dd3d67995" />
    <UnitTestResult executionId="a27b6091-f0a8-4b56-a4f6-b046794c736b" testId="b6d9d478-8ef2-92db-c5f4-aeaad5b52df1" testName="Role_Add_Member_Check_User_Exists" computerName="DKSR-EFI-04" duration="00:00:00.0011196" startTime="2023-12-22T09:33:08.4905086+01:00" endTime="2023-12-22T09:33:08.5061330+01:00" testType="13cdc9d9-ddb5-4fa4-a97d-d965ccfc6d4b" outcome="Passed" testListId="8c84fa94-04c1-424b-9868-57a2d4851a1d" relativeResultsDirectory="a27b6091-f0a8-4b56-a4f6-b046794c736b" />
    <UnitTestResult executionId="81e0be0e-ee4d-4353-893d-0fc5a2432325" testId="2bf87ab2-6a88-0eb9-8c82-d8448e22b6b4" testName="FailoverServer_Delete_Success" computerName="DKSR-EFI-04" duration="00:00:00.0006090" startTime="2023-12-22T09:33:07.5373792+01:00" endTime="2023-12-22T09:33:07.5373792+01:00" testType="13cdc9d9-ddb5-4fa4-a97d-d965ccfc6d4b" outcome="Passed" testListId="8c84fa94-04c1-424b-9868-57a2d4851a1d" relativeResultsDirectory="81e0be0e-ee4d-4353-893d-0fc5a2432325" />
    <UnitTestResult executionId="02a72c93-5bf1-449b-97b8-5a31361c94b2" testId="c1c48864-8599-68e8-5d78-5aaae964fd46" testName="MIPEvent_Create_Success" computerName="DKSR-EFI-04" duration="00:00:00.0002835" startTime="2023-12-22T09:33:07.4905025+01:00" endTime="2023-12-22T09:33:07.4905025+01:00" testType="13cdc9d9-ddb5-4fa4-a97d-d965ccfc6d4b" outcome="Passed" testListId="8c84fa94-04c1-424b-9868-57a2d4851a1d" relativeResultsDirectory="02a72c93-5bf1-449b-97b8-5a31361c94b2" />
    <UnitTestResult executionId="8b973211-45b6-4f69-9698-f124d72c6777" testId="7830b5c8-a7fb-22af-0a4e-64c1e036d283" testName="Grid_Constructor_Full_Grid" computerName="DKSR-EFI-04" duration="00:00:00.0010901" startTime="2023-12-22T09:33:07.1780013+01:00" endTime="2023-12-22T09:33:07.1780013+01:00" testType="13cdc9d9-ddb5-4fa4-a97d-d965ccfc6d4b" outcome="Passed" testListId="8c84fa94-04c1-424b-9868-57a2d4851a1d" relativeResultsDirectory="8b973211-45b6-4f69-9698-f124d72c6777" />
    <UnitTestResult executionId="ef0db163-c67c-4ae4-a64c-8057a96ae13a" testId="5bc44261-4f4a-1ed9-1c4e-bb8b05d777c9" testName="CameraDevice_ChangeRecordingStorage_Fail_Not_Created" computerName="DKSR-EFI-04" duration="00:00:00.0006794" startTime="2023-12-22T09:33:08.1467574+01:00" endTime="2023-12-22T09:33:08.1467574+01:00" testType="13cdc9d9-ddb5-4fa4-a97d-d965ccfc6d4b" outcome="Passed" testListId="8c84fa94-04c1-424b-9868-57a2d4851a1d" relativeResultsDirectory="ef0db163-c67c-4ae4-a64c-8057a96ae13a" />
    <UnitTestResult executionId="113b9552-55a7-438c-9b7e-903b5a078193" testId="1b1a3e14-bc58-609a-ae96-8b367819b99d" testName="PatrollingProfile_MoveStepToLast" computerName="DKSR-EFI-04" duration="00:00:00.0014965" startTime="2023-12-22T09:33:07.9905066+01:00" endTime="2023-12-22T09:33:07.9905066+01:00" testType="13cdc9d9-ddb5-4fa4-a97d-d965ccfc6d4b" outcome="Passed" testListId="8c84fa94-04c1-424b-9868-57a2d4851a1d" relativeResultsDirectory="113b9552-55a7-438c-9b7e-903b5a078193" />
    <UnitTestResult executionId="53502157-e7fe-4638-b1f3-e54d8212725f" testId="36afe47d-d059-aecd-61ee-8f7c215c87bd" testName="ArchiveStorage_Move_Storage_Success" computerName="DKSR-EFI-04" duration="00:00:00.0283715" startTime="2023-12-22T09:33:06.6780007+01:00" endTime="2023-12-22T09:33:06.7092500+01:00" testType="13cdc9d9-ddb5-4fa4-a97d-d965ccfc6d4b" outcome="Passed" testListId="8c84fa94-04c1-424b-9868-57a2d4851a1d" relativeResultsDirectory="53502157-e7fe-4638-b1f3-e54d8212725f" />
    <UnitTestResult executionId="3707c79f-cb00-4771-bb5c-6976ebb091b6" testId="306ed4e8-4ab8-4787-b5e2-af3193c255e6" testName="SunClockTimeProfile_CustomProperties_CheckForVersion_6_1_and_throws" computerName="DKSR-EFI-04" duration="00:00:00.0007836" startTime="2023-12-22T09:33:09.6311388+01:00" endTime="2023-12-22T09:33:09.6311388+01:00" testType="13cdc9d9-ddb5-4fa4-a97d-d965ccfc6d4b" outcome="Passed" testListId="8c84fa94-04c1-424b-9868-57a2d4851a1d" relativeResultsDirectory="3707c79f-cb00-4771-bb5c-6976ebb091b6" />
    <UnitTestResult executionId="8c2a7661-bed3-45d6-938c-1e421057e2dc" testId="8f54b6a8-45c1-5b67-46cd-96c92afde143" testName="Monitor_CreateWithId_CheckVersionNotCalled" computerName="DKSR-EFI-04" duration="00:00:00.0004676" startTime="2023-12-22T09:33:07.5998823+01:00" endTime="2023-12-22T09:33:07.5998823+01:00" testType="13cdc9d9-ddb5-4fa4-a97d-d965ccfc6d4b" outcome="Passed" testListId="8c84fa94-04c1-424b-9868-57a2d4851a1d" relativeResultsDirectory="8c2a7661-bed3-45d6-938c-1e421057e2dc" />
    <UnitTestResult executionId="97879362-0b53-4a3b-9d4b-8150df8a40a5" testId="455c7ea6-44fe-ef1f-ec74-2e3bb517d295" testName="ManagementServer_DetachChildSite_NonChild_ArgumentException" computerName="DKSR-EFI-04" duration="00:00:00.0015343" startTime="2023-12-22T09:33:07.3186277+01:00" endTime="2023-12-22T09:33:07.3186277+01:00" testType="13cdc9d9-ddb5-4fa4-a97d-d965ccfc6d4b" outcome="Passed" testListId="8c84fa94-04c1-424b-9868-57a2d4851a1d" relativeResultsDirectory="97879362-0b53-4a3b-9d4b-8150df8a40a5" />
    <UnitTestResult executionId="c183b371-c40b-4254-b656-8aa6815616da" testId="54f7c0f2-efd1-544c-ad47-2520376458fa" testName="ViewItem_Refresh_Success" computerName="DKSR-EFI-04" duration="00:00:00.0003201" startTime="2023-12-22T09:33:09.7717631+01:00" endTime="2023-12-22T09:33:09.7717631+01:00" testType="13cdc9d9-ddb5-4fa4-a97d-d965ccfc6d4b" outcome="Passed" testListId="8c84fa94-04c1-424b-9868-57a2d4851a1d" relativeResultsDirectory="c183b371-c40b-4254-b656-8aa6815616da" />
    <UnitTestResult executionId="df597a5c-5d94-4fb1-a833-6f5eb6cae713" testId="29308019-0c56-dbff-6050-2c7cd2ff9cc5" testName="VideoWall_Update_Success" computerName="DKSR-EFI-04" duration="00:00:00.0004352" startTime="2023-12-22T09:33:09.7562219+01:00" endTime="2023-12-22T09:33:09.7562219+01:00" testType="13cdc9d9-ddb5-4fa4-a97d-d965ccfc6d4b" outcome="Passed" testListId="8c84fa94-04c1-424b-9868-57a2d4851a1d" relativeResultsDirectory="df597a5c-5d94-4fb1-a833-6f5eb6cae713" />
    <UnitTestResult executionId="9507f848-df4f-4899-8d7d-a8eee8dafc54" testId="33858dc9-42c2-5e2d-8ce9-1ed3df9afac2" testName="RecordingStorage_Repository_Registered" computerName="DKSR-EFI-04" duration="00:00:00.0002710" startTime="2023-12-22T09:33:08.3030060+01:00" endTime="2023-12-22T09:33:08.3030060+01:00" testType="13cdc9d9-ddb5-4fa4-a97d-d965ccfc6d4b" outcome="Passed" testListId="8c84fa94-04c1-424b-9868-57a2d4851a1d" relativeResultsDirectory="9507f848-df4f-4899-8d7d-a8eee8dafc54" />
    <UnitTestResult executionId="20e95e13-c25a-4f20-8efd-147ec2a1de8f" testId="217af38c-4cb1-d200-9bd6-d154fb61e27a" testName="Hardware_ChangePassword_Before_v101_NotSupported" computerName="DKSR-EFI-04" duration="00:00:00.0007226" startTime="2023-12-22T09:33:08.2248813+01:00" endTime="2023-12-22T09:33:08.2248813+01:00" testType="13cdc9d9-ddb5-4fa4-a97d-d965ccfc6d4b" outcome="Passed" testListId="8c84fa94-04c1-424b-9868-57a2d4851a1d" relativeResultsDirectory="20e95e13-c25a-4f20-8efd-147ec2a1de8f" />
    <UnitTestResult executionId="0a0d48fb-4262-4d6a-b2a1-8243a344d7a8" testId="4adbe814-547b-0771-4a5e-b3225b955797" testName="RecordingStorage_Get_Using_Devices_Failed_Not_Supported" computerName="DKSR-EFI-04" duration="00:00:00.0007301" startTime="2023-12-22T09:33:08.4123833+01:00" endTime="2023-12-22T09:33:08.4123833+01:00" testType="13cdc9d9-ddb5-4fa4-a97d-d965ccfc6d4b" outcome="Passed" testListId="8c84fa94-04c1-424b-9868-57a2d4851a1d" relativeResultsDirectory="0a0d48fb-4262-4d6a-b2a1-8243a344d7a8" />
    <UnitTestResult executionId="0f8941e9-8920-4686-9a43-38481eca0cd4" testId="3993f582-ab07-6b66-a956-017495c6b425" testName="BasicOwnerInfo_Repository_Registered" computerName="DKSR-EFI-04" duration="00:00:00.0002740" startTime="2023-12-22T09:33:06.8342507+01:00" endTime="2023-12-22T09:33:06.8342507+01:00" testType="13cdc9d9-ddb5-4fa4-a97d-d965ccfc6d4b" outcome="Passed" testListId="8c84fa94-04c1-424b-9868-57a2d4851a1d" relativeResultsDirectory="0f8941e9-8920-4686-9a43-38481eca0cd4" />
    <UnitTestResult executionId="33dc0154-331b-4e75-a004-f6dae04e9aac" testId="b1fd4340-361a-4dd9-b3c8-06f45d84d249" testName="GetUserDomainNameOrEmpty_MissingUserName_ReturnsEmpty" computerName="DKSR-EFI-04" duration="00:00:00.0003030" startTime="2023-12-22T09:32:58.5060882+01:00" endTime="2023-12-22T09:32:58.5060882+01:00" testType="13cdc9d9-ddb5-4fa4-a97d-d965ccfc6d4b" outcome="Passed" testListId="8c84fa94-04c1-424b-9868-57a2d4851a1d" relativeResultsDirectory="33dc0154-331b-4e75-a004-f6dae04e9aac" />
    <UnitTestResult executionId="7d57358f-b9f6-4726-8206-e1dba9c78cf1" testId="55877fc3-44b1-335f-53a1-3ab0dd05460f" testName="SystemDashboardConfigurationuration_Delete_Failed_Not_Created" computerName="DKSR-EFI-04" duration="00:00:00.0006675" startTime="2023-12-22T09:33:08.7092595+01:00" endTime="2023-12-22T09:33:08.7092595+01:00" testType="13cdc9d9-ddb5-4fa4-a97d-d965ccfc6d4b" outcome="Passed" testListId="8c84fa94-04c1-424b-9868-57a2d4851a1d" relativeResultsDirectory="7d57358f-b9f6-4726-8206-e1dba9c78cf1" />
    <UnitTestResult executionId="f058635e-6abf-437e-8dd7-02ff7b91141f" testId="69d6bb0f-c78f-6cd9-826a-48efd0d9f637" testName="PublicViewGroup_Refresh_Success" computerName="DKSR-EFI-04" duration="00:00:00.0002613" startTime="2023-12-22T09:33:08.0998820+01:00" endTime="2023-12-22T09:33:08.0998820+01:00" testType="13cdc9d9-ddb5-4fa4-a97d-d965ccfc6d4b" outcome="Passed" testListId="8c84fa94-04c1-424b-9868-57a2d4851a1d" relativeResultsDirectory="f058635e-6abf-437e-8dd7-02ff7b91141f" />
    <UnitTestResult executionId="b8f88e7f-4004-4b64-b116-f94cb94e721f" testId="57fef621-c869-d76a-b1c4-750e9f34bcf8" testName="BasicOwnerInfo_Constructor_Id_Empty_Guid_Check" computerName="DKSR-EFI-04" duration="00:00:00.0013823" startTime="2023-12-22T09:33:06.8030000+01:00" endTime="2023-12-22T09:33:06.8030000+01:00" testType="13cdc9d9-ddb5-4fa4-a97d-d965ccfc6d4b" outcome="Passed" testListId="8c84fa94-04c1-424b-9868-57a2d4851a1d" relativeResultsDirectory="b8f88e7f-4004-4b64-b116-f94cb94e721f" />
    <UnitTestResult executionId="08c3d1b7-2b28-4a8f-9733-895e68ea3e40" testId="d219936a-3b1e-ce7e-8656-d907b99e333c" testName="SystemDashboardConfigurationuration_Delete_Success" computerName="DKSR-EFI-04" duration="00:00:00.0003595" startTime="2023-12-22T09:33:08.6936346+01:00" endTime="2023-12-22T09:33:08.6936346+01:00" testType="13cdc9d9-ddb5-4fa4-a97d-d965ccfc6d4b" outcome="Passed" testListId="8c84fa94-04c1-424b-9868-57a2d4851a1d" relativeResultsDirectory="08c3d1b7-2b28-4a8f-9733-895e68ea3e40" />
    <UnitTestResult executionId="30a4f2cb-f7e0-44f1-b0e0-7995d49aeb3b" testId="7c949f43-1781-41d4-86a9-9d3ee7be83b7" testName="ServerConnection_Constructor_Null_Argument_ServerName" computerName="DKSR-EFI-04" duration="00:00:00.0012013" startTime="2023-12-22T09:33:10.0842648+01:00" endTime="2023-12-22T09:33:10.0842648+01:00" testType="13cdc9d9-ddb5-4fa4-a97d-d965ccfc6d4b" outcome="Passed" testListId="8c84fa94-04c1-424b-9868-57a2d4851a1d" relativeResultsDirectory="30a4f2cb-f7e0-44f1-b0e0-7995d49aeb3b" />
    <UnitTestResult executionId="3e1bef0d-ba09-46de-9517-d04a80e43e32" testId="50884d10-5dca-df52-024a-9f31c65fe588" testName="VideoWallPreset_LoadMonitorPresets_CheckForVersion_7_0_and_throws" computerName="DKSR-EFI-04" duration="00:00:00.0016640" startTime="2023-12-22T09:33:09.7405151+01:00" endTime="2023-12-22T09:33:09.7405151+01:00" testType="13cdc9d9-ddb5-4fa4-a97d-d965ccfc6d4b" outcome="Passed" testListId="8c84fa94-04c1-424b-9868-57a2d4851a1d" relativeResultsDirectory="3e1bef0d-ba09-46de-9517-d04a80e43e32" />
    <UnitTestResult executionId="364f615b-078e-4dfe-85b0-611d302e02e2" testId="6057cecb-7fa2-d0f0-8911-1a80596ef49b" testName="ServerVersionConstructor_CompareToObjRight_Success" computerName="DKSR-EFI-04" duration="00:00:00.0001895" startTime="2023-12-22T09:32:56.0216994+01:00" endTime="2023-12-22T09:32:56.0216994+01:00" testType="13cdc9d9-ddb5-4fa4-a97d-d965ccfc6d4b" outcome="Passed" testListId="8c84fa94-04c1-424b-9868-57a2d4851a1d" relativeResultsDirectory="364f615b-078e-4dfe-85b0-611d302e02e2" />
    <UnitTestResult executionId="38333d40-7ae7-4255-a342-ab16c75a56b9" testId="5c7e266f-ebe6-8af8-65c3-7f7a98788def" testName="GetFastestIdpInfo_GivenWorkingAddress_ShouldReturnIdpInfo" computerName="DKSR-EFI-04" duration="00:00:02.1018435" startTime="2023-12-22T09:32:58.5998380+01:00" endTime="2023-12-22T09:33:00.6935970+01:00" testType="13cdc9d9-ddb5-4fa4-a97d-d965ccfc6d4b" outcome="Passed" testListId="8c84fa94-04c1-424b-9868-57a2d4851a1d" relativeResultsDirectory="38333d40-7ae7-4255-a342-ab16c75a56b9" />
    <UnitTestResult executionId="f614b58d-2b57-44af-915a-77a3f5f75633" testId="e3f1d3c8-0311-824e-8050-95178be5e52c" testName="ArchiveStorage_Repository_Registered" computerName="DKSR-EFI-04" duration="00:00:00.0129256" startTime="2023-12-22T09:33:06.6623736+01:00" endTime="2023-12-22T09:33:06.6623736+01:00" testType="13cdc9d9-ddb5-4fa4-a97d-d965ccfc6d4b" outcome="Passed" testListId="8c84fa94-04c1-424b-9868-57a2d4851a1d" relativeResultsDirectory="f614b58d-2b57-44af-915a-77a3f5f75633" />
    <UnitTestResult executionId="1827e9b5-7969-4152-b2ae-19aac9d3a1f6" testId="0b19701d-b92d-a51b-6f73-de7c1f1becfa" testName="Role_Add_Basic_User_Member_Check_Basic_User_Created" computerName="DKSR-EFI-04" duration="00:00:00.0006936" startTime="2023-12-22T09:33:08.5061330+01:00" endTime="2023-12-22T09:33:08.5061330+01:00" testType="13cdc9d9-ddb5-4fa4-a97d-d965ccfc6d4b" outcome="Passed" testListId="8c84fa94-04c1-424b-9868-57a2d4851a1d" relativeResultsDirectory="1827e9b5-7969-4152-b2ae-19aac9d3a1f6" />
    <UnitTestResult executionId="bff6f06d-7fff-48e9-a14a-247e469afe41" testId="78adf058-2432-8838-f7fc-3dd894e13527" testName="PerformanceStateRuleConfiguration_IsDeleted_Success" computerName="DKSR-EFI-04" duration="00:00:00.0002834" startTime="2023-12-22T09:33:08.0530064+01:00" endTime="2023-12-22T09:33:08.0530064+01:00" testType="13cdc9d9-ddb5-4fa4-a97d-d965ccfc6d4b" outcome="Passed" testListId="8c84fa94-04c1-424b-9868-57a2d4851a1d" relativeResultsDirectory="bff6f06d-7fff-48e9-a14a-247e469afe41" />
    <UnitTestResult executionId="0435ec3b-c4ba-4f01-9226-c84d43c15ae6" testId="f28ba87e-8e56-6e33-8b13-a84a00ffab9e" testName="MIPObject_Update_Success" computerName="DKSR-EFI-04" duration="00:00:00.0007032" startTime="2023-12-22T09:33:07.5373792+01:00" endTime="2023-12-22T09:33:07.5373792+01:00" testType="13cdc9d9-ddb5-4fa4-a97d-d965ccfc6d4b" outcome="Passed" testListId="8c84fa94-04c1-424b-9868-57a2d4851a1d" relativeResultsDirectory="0435ec3b-c4ba-4f01-9226-c84d43c15ae6" />
    <UnitTestResult executionId="8cff2305-43a8-40e7-a970-a0860cf5503a" testId="9256e2c2-15b3-2564-cc37-ead6fb45b681" testName="PatrollingProfile_InsertStepFirst_Create_PatrollingStep_With_WaitTime" computerName="DKSR-EFI-04" duration="00:00:00.0010698" startTime="2023-12-22T09:33:07.9280078+01:00" endTime="2023-12-22T09:33:07.9280078+01:00" testType="13cdc9d9-ddb5-4fa4-a97d-d965ccfc6d4b" outcome="Passed" testListId="8c84fa94-04c1-424b-9868-57a2d4851a1d" relativeResultsDirectory="8cff2305-43a8-40e7-a970-a0860cf5503a" />
    <UnitTestResult executionId="a69a91a1-ab17-43f3-a3b7-c0419a330ff5" testId="2b7cdd19-68fb-61e7-6100-64674f7fc65a" testName="TaskAddHardware_StartNew_Success" computerName="DKSR-EFI-04" duration="00:00:00.0099745" startTime="2023-12-22T09:33:08.8498846+01:00" endTime="2023-12-22T09:33:08.8498846+01:00" testType="13cdc9d9-ddb5-4fa4-a97d-d965ccfc6d4b" outcome="Passed" testListId="8c84fa94-04c1-424b-9868-57a2d4851a1d" relativeResultsDirectory="a69a91a1-ab17-43f3-a3b7-c0419a330ff5" />
    <UnitTestResult executionId="3f0e0b0f-6b90-4775-908f-869d73fb5b77" testId="58080360-2f6c-9e91-26b5-fffbb103c02b" testName="PerformanceStateRuleConfiguration_Update_CheckVersionCalled" computerName="DKSR-EFI-04" duration="00:00:00.0003130" startTime="2023-12-22T09:33:08.0217557+01:00" endTime="2023-12-22T09:33:08.0217557+01:00" testType="13cdc9d9-ddb5-4fa4-a97d-d965ccfc6d4b" outcome="Passed" testListId="8c84fa94-04c1-424b-9868-57a2d4851a1d" relativeResultsDirectory="3f0e0b0f-6b90-4775-908f-869d73fb5b77" />
    <UnitTestResult executionId="5d6b4eca-6158-4d7e-921e-c55e58d8f782" testId="b425d510-a5ac-97dc-9358-45146422c096" testName="InputDeviceGroup_Refresh_Success" computerName="DKSR-EFI-04" duration="00:00:00.0017245" startTime="2023-12-22T09:33:06.9905021+01:00" endTime="2023-12-22T09:33:06.9905021+01:00" testType="13cdc9d9-ddb5-4fa4-a97d-d965ccfc6d4b" outcome="Passed" testListId="8c84fa94-04c1-424b-9868-57a2d4851a1d" relativeResultsDirectory="5d6b4eca-6158-4d7e-921e-c55e58d8f782" />
    <UnitTestResult executionId="a67df090-3624-4f47-b658-480f0404185c" testId="d89ad491-5c2e-e008-fce8-2af40ce03b05" testName="VideoWallPreset_Repository_Registered" computerName="DKSR-EFI-04" duration="00:00:00.0004426" startTime="2023-12-22T09:33:09.7248892+01:00" endTime="2023-12-22T09:33:09.7248892+01:00" testType="13cdc9d9-ddb5-4fa4-a97d-d965ccfc6d4b" outcome="Passed" testListId="8c84fa94-04c1-424b-9868-57a2d4851a1d" relativeResultsDirectory="a67df090-3624-4f47-b658-480f0404185c" />
    <UnitTestResult executionId="1619d95d-9e6e-482c-81d1-dd0db2b41c0f" testId="7d8e673d-4a14-e470-af53-d998a85b6b1b" testName="Role_Enum_Member_Success" computerName="DKSR-EFI-04" duration="00:00:00.0010721" startTime="2023-12-22T09:33:08.5373822+01:00" endTime="2023-12-22T09:33:08.5373822+01:00" testType="13cdc9d9-ddb5-4fa4-a97d-d965ccfc6d4b" outcome="Passed" testListId="8c84fa94-04c1-424b-9868-57a2d4851a1d" relativeResultsDirectory="1619d95d-9e6e-482c-81d1-dd0db2b41c0f" />
    <UnitTestResult executionId="de412677-b01e-4c9c-8d56-964221569040" testId="fb9aa8e0-4570-1d25-abf0-3e9070058471" testName="TaskHardwareScan_StartNew_Success" computerName="DKSR-EFI-04" duration="00:00:00.0058310" startTime="2023-12-22T09:33:10.0686404+01:00" endTime="2023-12-22T09:33:10.0686404+01:00" testType="13cdc9d9-ddb5-4fa4-a97d-d965ccfc6d4b" outcome="Passed" testListId="8c84fa94-04c1-424b-9868-57a2d4851a1d" relativeResultsDirectory="de412677-b01e-4c9c-8d56-964221569040" />
    <UnitTestResult executionId="f8162836-7bbb-47fa-bda5-655d5f645b20" testId="4853f1aa-7050-d8c1-613d-9333d3d8a4c8" testName="CalendarTimeProfile_Create60WithId_NotSupportedException" computerName="DKSR-EFI-04" duration="00:00:00.0007260" startTime="2023-12-22T09:33:09.5842627+01:00" endTime="2023-12-22T09:33:09.5842627+01:00" testType="13cdc9d9-ddb5-4fa4-a97d-d965ccfc6d4b" outcome="Passed" testListId="8c84fa94-04c1-424b-9868-57a2d4851a1d" relativeResultsDirectory="f8162836-7bbb-47fa-bda5-655d5f645b20" />
    <UnitTestResult executionId="986bab8c-9712-4abb-882c-834a03009151" testId="82f55bc6-3ab2-a6f7-27bf-31183dca4c25" testName="CameraDevice_Repository_Registered" computerName="DKSR-EFI-04" duration="00:00:00.0002990" startTime="2023-12-22T09:33:08.1155068+01:00" endTime="2023-12-22T09:33:08.1155068+01:00" testType="13cdc9d9-ddb5-4fa4-a97d-d965ccfc6d4b" outcome="Passed" testListId="8c84fa94-04c1-424b-9868-57a2d4851a1d" relativeResultsDirectory="986bab8c-9712-4abb-882c-834a03009151" />
    <UnitTestResult executionId="430f1710-aa81-45d7-b9a3-f2f38ad9de10" testId="879649e9-00d0-e07e-9f37-91f11e61fd61" testName="TaskAddHardware_Create_61_NotSupported" computerName="DKSR-EFI-04" duration="00:00:00.0008145" startTime="2023-12-22T09:33:08.8655105+01:00" endTime="2023-12-22T09:33:08.8655105+01:00" testType="13cdc9d9-ddb5-4fa4-a97d-d965ccfc6d4b" outcome="Passed" testListId="8c84fa94-04c1-424b-9868-57a2d4851a1d" relativeResultsDirectory="430f1710-aa81-45d7-b9a3-f2f38ad9de10" />
    <UnitTestResult executionId="4c2bb0f3-d5f8-4880-b1df-f471a14ddcf4" testId="52cda113-38e8-f06b-d5fa-4f71f6ad4b58" testName="BasicOwnerInfo_Create_Success" computerName="DKSR-EFI-04" duration="00:00:00.0004561" startTime="2023-12-22T09:33:06.8030000+01:00" endTime="2023-12-22T09:33:06.8030000+01:00" testType="13cdc9d9-ddb5-4fa4-a97d-d965ccfc6d4b" outcome="Passed" testListId="8c84fa94-04c1-424b-9868-57a2d4851a1d" relativeResultsDirectory="4c2bb0f3-d5f8-4880-b1df-f471a14ddcf4" />
    <UnitTestResult executionId="9f19a2d6-b22e-47eb-9a16-cfcc93b93e9a" testId="9fb13209-5497-c932-ef08-cafb61cad12c" testName="SunClockTimeProfile_Delete_Success" computerName="DKSR-EFI-04" duration="00:00:00.0002151" startTime="2023-12-22T09:33:09.6155117+01:00" endTime="2023-12-22T09:33:09.6155117+01:00" testType="13cdc9d9-ddb5-4fa4-a97d-d965ccfc6d4b" outcome="Passed" testListId="8c84fa94-04c1-424b-9868-57a2d4851a1d" relativeResultsDirectory="9f19a2d6-b22e-47eb-9a16-cfcc93b93e9a" />
    <UnitTestResult executionId="375ea954-3dad-4ce6-a20c-daee95da3b2f" testId="d46c4055-95a7-9cda-629d-2b64d730453b" testName="Role_Create_Success" computerName="DKSR-EFI-04" duration="00:00:00.0004213" startTime="2023-12-22T09:33:08.4592582+01:00" endTime="2023-12-22T09:33:08.4592582+01:00" testType="13cdc9d9-ddb5-4fa4-a97d-d965ccfc6d4b" outcome="Passed" testListId="8c84fa94-04c1-424b-9868-57a2d4851a1d" relativeResultsDirectory="375ea954-3dad-4ce6-a20c-daee95da3b2f" />
    <UnitTestResult executionId="a184c4d9-e9eb-4bd6-afce-5127fb4a3f7b" testId="9cbdd936-2c0a-78c4-1d35-3e19fb817af9" testName="BasicUser_Delete_CheckVersionCalled" computerName="DKSR-EFI-04" duration="00:00:00.0002684" startTime="2023-12-22T09:33:06.8811271+01:00" endTime="2023-12-22T09:33:06.8811271+01:00" testType="13cdc9d9-ddb5-4fa4-a97d-d965ccfc6d4b" outcome="Passed" testListId="8c84fa94-04c1-424b-9868-57a2d4851a1d" relativeResultsDirectory="a184c4d9-e9eb-4bd6-afce-5127fb4a3f7b" />
    <UnitTestResult executionId="132ace26-0a2b-4319-86fa-23a1a8b8c69d" testId="6ee7430e-6644-e8e9-f660-9955ce2e66a5" testName="VmoObject_Constructor_PropertiesInitialized" computerName="DKSR-EFI-04" duration="00:00:00.0006194" startTime="2023-12-22T09:33:09.9123896+01:00" endTime="2023-12-22T09:33:09.9123896+01:00" testType="13cdc9d9-ddb5-4fa4-a97d-d965ccfc6d4b" outcome="Passed" testListId="8c84fa94-04c1-424b-9868-57a2d4851a1d" relativeResultsDirectory="132ace26-0a2b-4319-86fa-23a1a8b8c69d" />
    <UnitTestResult executionId="904b731e-a6b5-4669-9d72-e7112a6bd8c3" testId="48484679-1803-a931-3e10-bbde51565c4b" testName="SystemDashboardConfiguration_Create_CheckVersionCalled" computerName="DKSR-EFI-04" duration="00:00:00.0006021" startTime="2023-12-22T09:33:08.6467582+01:00" endTime="2023-12-22T09:33:08.6467582+01:00" testType="13cdc9d9-ddb5-4fa4-a97d-d965ccfc6d4b" outcome="Passed" testListId="8c84fa94-04c1-424b-9868-57a2d4851a1d" relativeResultsDirectory="904b731e-a6b5-4669-9d72-e7112a6bd8c3" />
    <UnitTestResult executionId="24a5333d-b883-4b1d-b021-8392b27d719b" testId="1c3fd06c-4be6-237d-b5c9-1b78608b5943" testName="RecordingStorage_Update_Success" computerName="DKSR-EFI-04" duration="00:00:00.0009234" startTime="2023-12-22T09:33:08.2873837+01:00" endTime="2023-12-22T09:33:08.2873837+01:00" testType="13cdc9d9-ddb5-4fa4-a97d-d965ccfc6d4b" outcome="Passed" testListId="8c84fa94-04c1-424b-9868-57a2d4851a1d" relativeResultsDirectory="24a5333d-b883-4b1d-b021-8392b27d719b" />
    <UnitTestResult executionId="23b2efd7-bb11-4c17-a0a1-de0a6f7a9457" testId="517ca138-1dd8-b0e7-76c3-f592dfda3263" testName="FailoverServerGroup_Refresh_Failed" computerName="DKSR-EFI-04" duration="00:00:00.0006566" startTime="2023-12-22T09:33:07.0530005+01:00" endTime="2023-12-22T09:33:07.0530005+01:00" testType="13cdc9d9-ddb5-4fa4-a97d-d965ccfc6d4b" outcome="Passed" testListId="8c84fa94-04c1-424b-9868-57a2d4851a1d" relativeResultsDirectory="23b2efd7-bb11-4c17-a0a1-de0a6f7a9457" />
    <UnitTestResult executionId="6af5638d-f4b7-4a73-85e9-9f62222e0cd2" testId="f8fb4dbe-dacd-5b1a-0a09-a413bbeec29a" testName="MIPDeviceEvent_Update_Success" computerName="DKSR-EFI-04" duration="00:00:00.0004583" startTime="2023-12-22T09:33:07.4748777+01:00" endTime="2023-12-22T09:33:07.4748777+01:00" testType="13cdc9d9-ddb5-4fa4-a97d-d965ccfc6d4b" outcome="Passed" testListId="8c84fa94-04c1-424b-9868-57a2d4851a1d" relativeResultsDirectory="6af5638d-f4b7-4a73-85e9-9f62222e0cd2" />
    <UnitTestResult executionId="ac031f11-dcbd-474d-a1ed-818982ea3cab" testId="d434d68d-18fc-8132-4808-443cc1726358" testName="VideoWall_Constructor_DefaultValuesCorrect" computerName="DKSR-EFI-04" duration="00:00:00.0031086" startTime="2023-12-22T09:33:09.7405151+01:00" endTime="2023-12-22T09:33:09.7405151+01:00" testType="13cdc9d9-ddb5-4fa4-a97d-d965ccfc6d4b" outcome="Passed" testListId="8c84fa94-04c1-424b-9868-57a2d4851a1d" relativeResultsDirectory="ac031f11-dcbd-474d-a1ed-818982ea3cab" />
    <UnitTestResult executionId="6158c40b-c851-4e17-ad30-d8d07d5dc650" testId="690cbf78-1a1d-a694-9528-0af1dedad634" testName="ViewItem_Clear_Success" computerName="DKSR-EFI-04" duration="00:00:00.0024347" startTime="2023-12-22T09:33:09.7717631+01:00" endTime="2023-12-22T09:33:09.7717631+01:00" testType="13cdc9d9-ddb5-4fa4-a97d-d965ccfc6d4b" outcome="Passed" testListId="8c84fa94-04c1-424b-9868-57a2d4851a1d" relativeResultsDirectory="6158c40b-c851-4e17-ad30-d8d07d5dc650" />
    <UnitTestResult executionId="ae6351d9-7652-4b75-9e55-7380a230ae55" testId="39c5c78d-df2a-f4d2-455d-c8de32a898b1" testName="RuleSource_Update_CheckVersionCalled" computerName="DKSR-EFI-04" duration="00:00:00.0002991" startTime="2023-12-22T09:33:08.5530080+01:00" endTime="2023-12-22T09:33:08.5530080+01:00" testType="13cdc9d9-ddb5-4fa4-a97d-d965ccfc6d4b" outcome="Passed" testListId="8c84fa94-04c1-424b-9868-57a2d4851a1d" relativeResultsDirectory="ae6351d9-7652-4b75-9e55-7380a230ae55" />
    <UnitTestResult executionId="a0c975c2-19f6-4889-8841-6a38cc004f1b" testId="6f80ac3e-eac4-eeb8-eaa8-93987001cc45" testName="BasicUser_Change_Password_Success" computerName="DKSR-EFI-04" duration="00:00:00.0012436" startTime="2023-12-22T09:33:06.8811271+01:00" endTime="2023-12-22T09:33:06.8811271+01:00" testType="13cdc9d9-ddb5-4fa4-a97d-d965ccfc6d4b" outcome="Passed" testListId="8c84fa94-04c1-424b-9868-57a2d4851a1d" relativeResultsDirectory="a0c975c2-19f6-4889-8841-6a38cc004f1b" />
    <UnitTestResult executionId="f225633f-1d56-4f49-8ff9-20cf095010fd" testId="ea6dc23d-6a5a-fd7d-fef0-f6ad533702fd" testName="MIPAction_Create_Success" computerName="DKSR-EFI-04" duration="00:00:00.0003637" startTime="2023-12-22T09:33:07.4436268+01:00" endTime="2023-12-22T09:33:07.4436268+01:00" testType="13cdc9d9-ddb5-4fa4-a97d-d965ccfc6d4b" outcome="Passed" testListId="8c84fa94-04c1-424b-9868-57a2d4851a1d" relativeResultsDirectory="f225633f-1d56-4f49-8ff9-20cf095010fd" />
    <UnitTestResult executionId="c7e102f2-b072-4271-a1f4-713d5c0955b2" testId="b07a5ed1-d6bb-13a6-b422-6e852334dd2a" testName="BasicOwnerInfo_Refresh_Success" computerName="DKSR-EFI-04" duration="00:00:00.0003878" startTime="2023-12-22T09:33:06.8186253+01:00" endTime="2023-12-22T09:33:06.8186253+01:00" testType="13cdc9d9-ddb5-4fa4-a97d-d965ccfc6d4b" outcome="Passed" testListId="8c84fa94-04c1-424b-9868-57a2d4851a1d" relativeResultsDirectory="c7e102f2-b072-4271-a1f4-713d5c0955b2" />
    <UnitTestResult executionId="21f5ae64-2598-4b65-a8aa-56861068c675" testId="40725980-b3de-fec9-75c7-5020f7573bd0" testName="ManagementServer_QueueAutomaticActivation_Before_v100_NotSupported" computerName="DKSR-EFI-04" duration="00:00:00.0009763" startTime="2023-12-22T09:33:07.3811267+01:00" endTime="2023-12-22T09:33:07.3811267+01:00" testType="13cdc9d9-ddb5-4fa4-a97d-d965ccfc6d4b" outcome="Passed" testListId="8c84fa94-04c1-424b-9868-57a2d4851a1d" relativeResultsDirectory="21f5ae64-2598-4b65-a8aa-56861068c675" />
    <UnitTestResult executionId="f6d2a775-daad-449e-a11c-b8571f3b4140" testId="41297554-dd65-6291-2e76-e9ec0992caf3" testName="Monitor_ApplyViewItemsXml_ApplyViewItemXmlsToMonitorViewCalled" computerName="DKSR-EFI-04" duration="00:00:00.0020712" startTime="2023-12-22T09:33:07.6623770+01:00" endTime="2023-12-22T09:33:07.6623770+01:00" testType="13cdc9d9-ddb5-4fa4-a97d-d965ccfc6d4b" outcome="Passed" testListId="8c84fa94-04c1-424b-9868-57a2d4851a1d" relativeResultsDirectory="f6d2a775-daad-449e-a11c-b8571f3b4140" />
    <UnitTestResult executionId="378f6355-9a30-48b0-9fc3-f7ba1801b992" testId="c0bda018-1d62-7dbf-3681-e315be3567e6" testName="GetIdpInfo_GivenNullAddress_ShouldThrow" computerName="DKSR-EFI-04" duration="00:00:00.0169812" startTime="2023-12-22T09:32:58.5217095+01:00" endTime="2023-12-22T09:32:58.5373370+01:00" testType="13cdc9d9-ddb5-4fa4-a97d-d965ccfc6d4b" outcome="Passed" testListId="8c84fa94-04c1-424b-9868-57a2d4851a1d" relativeResultsDirectory="378f6355-9a30-48b0-9fc3-f7ba1801b992" />
    <UnitTestResult executionId="359213d8-df5d-4460-b1a9-3a0f7cac3bab" testId="1c118b49-f895-c3f8-f965-3d9049fd2277" testName="RecordingStorage_ChangeEncryptionMethod_Failed_Wrong_Method_Unknown" computerName="DKSR-EFI-04" duration="00:00:00.0007822" startTime="2023-12-22T09:33:08.3655089+01:00" endTime="2023-12-22T09:33:08.3655089+01:00" testType="13cdc9d9-ddb5-4fa4-a97d-d965ccfc6d4b" outcome="Passed" testListId="8c84fa94-04c1-424b-9868-57a2d4851a1d" relativeResultsDirectory="359213d8-df5d-4460-b1a9-3a0f7cac3bab" />
    <UnitTestResult executionId="8d0e5016-dcfe-410d-835a-d12823f66fa6" testId="b9bb0503-6bf0-7661-9f64-3d0a8f4df1d1" testName="GetHighPriorityError_GivenVmoUnauthorizedAccessException_ReturnsVmoUnauthorizedAccessException" computerName="DKSR-EFI-04" duration="00:00:00.0085280" startTime="2023-12-22T09:32:56.7248284+01:00" endTime="2023-12-22T09:32:56.7248284+01:00" testType="13cdc9d9-ddb5-4fa4-a97d-d965ccfc6d4b" outcome="Passed" testListId="8c84fa94-04c1-424b-9868-57a2d4851a1d" relativeResultsDirectory="8d0e5016-dcfe-410d-835a-d12823f66fa6" />
    <UnitTestResult executionId="b527d5f2-16c5-4fa0-ae70-378c5eb3498b" testId="0945cec8-9df8-c925-31b3-e54c187435b0" testName="MonitorPreset_Repository_Registered" computerName="DKSR-EFI-04" duration="00:00:00.0003023" startTime="2023-12-22T09:33:07.5530046+01:00" endTime="2023-12-22T09:33:07.5530046+01:00" testType="13cdc9d9-ddb5-4fa4-a97d-d965ccfc6d4b" outcome="Passed" testListId="8c84fa94-04c1-424b-9868-57a2d4851a1d" relativeResultsDirectory="b527d5f2-16c5-4fa0-ae70-378c5eb3498b" />
    <UnitTestResult executionId="9132d980-084f-4f72-aca8-d17b6c94123e" testId="bda9fca7-5845-4298-cc74-0f0e10d066c3" testName="MarkedData_Refresh_Failed_Deleted" computerName="DKSR-EFI-04" duration="00:00:00.0006044" startTime="2023-12-22T09:33:07.4280039+01:00" endTime="2023-12-22T09:33:07.4280039+01:00" testType="13cdc9d9-ddb5-4fa4-a97d-d965ccfc6d4b" outcome="Passed" testListId="8c84fa94-04c1-424b-9868-57a2d4851a1d" relativeResultsDirectory="9132d980-084f-4f72-aca8-d17b6c94123e" />
    <UnitTestResult executionId="b63aa279-deb9-4c17-80a9-cf81f5f1b614" testId="90d415cb-4395-97f2-c868-ee564cc45376" testName="Role_Remove_Member_Check_Object_Created" computerName="DKSR-EFI-04" duration="00:00:00.0006468" startTime="2023-12-22T09:33:08.5217583+01:00" endTime="2023-12-22T09:33:08.5217583+01:00" testType="13cdc9d9-ddb5-4fa4-a97d-d965ccfc6d4b" outcome="Passed" testListId="8c84fa94-04c1-424b-9868-57a2d4851a1d" relativeResultsDirectory="b63aa279-deb9-4c17-80a9-cf81f5f1b614" />
    <UnitTestResult executionId="aa60ab65-aaa6-4376-853a-d042816c2ade" testId="0b53b766-19fe-124b-7c75-909322adc18f" testName="CameraDeviceGroup_Refresh_Failed" computerName="DKSR-EFI-04" duration="00:00:00.0010169" startTime="2023-12-22T09:33:07.0061277+01:00" endTime="2023-12-22T09:33:07.0061277+01:00" testType="13cdc9d9-ddb5-4fa4-a97d-d965ccfc6d4b" outcome="Passed" testListId="8c84fa94-04c1-424b-9868-57a2d4851a1d" relativeResultsDirectory="aa60ab65-aaa6-4376-853a-d042816c2ade" />
    <UnitTestResult executionId="566723c2-9488-4bbe-9e87-4779bab8d3eb" testId="5bd0612f-9958-1d70-b197-2f1e354c84c6" testName="ExceptionConverter_GetConnectionConvertedException_CommunicationException" computerName="DKSR-EFI-04" duration="00:00:00.0002021" startTime="2023-12-22T09:33:09.9748902+01:00" endTime="2023-12-22T09:33:09.9748902+01:00" testType="13cdc9d9-ddb5-4fa4-a97d-d965ccfc6d4b" outcome="Passed" testListId="8c84fa94-04c1-424b-9868-57a2d4851a1d" relativeResultsDirectory="566723c2-9488-4bbe-9e87-4779bab8d3eb" />
    <UnitTestResult executionId="90e5fa6e-665b-4490-a1f5-61e01c107eb5" testId="097d52c4-8a10-666a-109f-0d544c215bc3" testName="PatrollingProfile_InsertStepAt_Create_PatrollingStep_With_ExpectedTransitionTime" computerName="DKSR-EFI-04" duration="00:00:00.0005943" startTime="2023-12-22T09:33:07.8967560+01:00" endTime="2023-12-22T09:33:07.8967560+01:00" testType="13cdc9d9-ddb5-4fa4-a97d-d965ccfc6d4b" outcome="Passed" testListId="8c84fa94-04c1-424b-9868-57a2d4851a1d" relativeResultsDirectory="90e5fa6e-665b-4490-a1f5-61e01c107eb5" />
    <UnitTestResult executionId="509cf918-7831-4138-9054-f014ae3e5938" testId="b53800a6-c30a-b14a-00eb-e7ed3eb06cd9" testName="OutputDeviceGroup_Refresh_Success" computerName="DKSR-EFI-04" duration="00:00:00.0016231" startTime="2023-12-22T09:33:07.0061277+01:00" endTime="2023-12-22T09:33:07.0061277+01:00" testType="13cdc9d9-ddb5-4fa4-a97d-d965ccfc6d4b" outcome="Passed" testListId="8c84fa94-04c1-424b-9868-57a2d4851a1d" relativeResultsDirectory="509cf918-7831-4138-9054-f014ae3e5938" />
    <UnitTestResult executionId="3bd54225-930e-4bbf-a0b8-cdaeeeb8eee0" testId="49bd72f9-7c1c-bc4d-47d0-e23c03c0f452" testName="PatrollingProfile_InsertStepLast_Create_PatrollingStep_With_ExpectedTransitionTime" computerName="DKSR-EFI-04" duration="00:00:00.0006497" startTime="2023-12-22T09:33:07.9592540+01:00" endTime="2023-12-22T09:33:07.9592540+01:00" testType="13cdc9d9-ddb5-4fa4-a97d-d965ccfc6d4b" outcome="Passed" testListId="8c84fa94-04c1-424b-9868-57a2d4851a1d" relativeResultsDirectory="3bd54225-930e-4bbf-a0b8-cdaeeeb8eee0" />
    <UnitTestResult executionId="14e38956-4d59-4ca3-b5fe-d5ff4a6ea2c1" testId="0d831f72-5237-2649-7089-eec004509eb7" testName="PrivateViewGroupp_Constructor_DefaultValuesCorrect" computerName="DKSR-EFI-04" duration="00:00:00.0020181" startTime="2023-12-22T09:33:08.0530064+01:00" endTime="2023-12-22T09:33:08.0686324+01:00" testType="13cdc9d9-ddb5-4fa4-a97d-d965ccfc6d4b" outcome="Passed" testListId="8c84fa94-04c1-424b-9868-57a2d4851a1d" relativeResultsDirectory="14e38956-4d59-4ca3-b5fe-d5ff4a6ea2c1" />
    <UnitTestResult executionId="dfdc10af-0dab-436a-bf85-e64355b6a3ce" testId="0994a0aa-12d5-3225-bdd7-86480d5dfd50" testName="GetSiteConnectionResult_SiteConnectionInfoWindows_Null" computerName="DKSR-EFI-04" duration="00:00:00.0151575" startTime="2023-12-22T09:32:56.7873275+01:00" endTime="2023-12-22T09:32:56.8029521+01:00" testType="13cdc9d9-ddb5-4fa4-a97d-d965ccfc6d4b" outcome="Passed" testListId="8c84fa94-04c1-424b-9868-57a2d4851a1d" relativeResultsDirectory="dfdc10af-0dab-436a-bf85-e64355b6a3ce" />
    <UnitTestResult executionId="6a5e7794-721c-4e0f-8d91-273884c2aa59" testId="07e7c456-853c-aa19-eabd-829ddd29ec4f" testName="ManagementServer_FullSiteSynchronization_Called" computerName="DKSR-EFI-04" duration="00:00:00.0011480" startTime="2023-12-22T09:33:07.3498761+01:00" endTime="2023-12-22T09:33:07.3498761+01:00" testType="13cdc9d9-ddb5-4fa4-a97d-d965ccfc6d4b" outcome="Passed" testListId="8c84fa94-04c1-424b-9868-57a2d4851a1d" relativeResultsDirectory="6a5e7794-721c-4e0f-8d91-273884c2aa59" />
    <UnitTestResult executionId="876c007f-6791-44fd-9937-9b5a0346cdb6" testId="f6a68fb8-1ea9-ecef-606f-0cd2ae03d268" testName="CameraDevice_Update_NotSupported" computerName="DKSR-EFI-04" duration="00:00:00.0006979" startTime="2023-12-22T09:33:08.1155068+01:00" endTime="2023-12-22T09:33:08.1155068+01:00" testType="13cdc9d9-ddb5-4fa4-a97d-d965ccfc6d4b" outcome="Passed" testListId="8c84fa94-04c1-424b-9868-57a2d4851a1d" relativeResultsDirectory="876c007f-6791-44fd-9937-9b5a0346cdb6" />
    <UnitTestResult executionId="7db2eb65-4e8f-486d-bd0b-505f7cdc9b11" testId="6d82d209-43db-3b1b-490e-86537a8b8ff9" testName="View_Delete_Success" computerName="DKSR-EFI-04" duration="00:00:00.0004133" startTime="2023-12-22T09:33:09.8030126+01:00" endTime="2023-12-22T09:33:09.8030126+01:00" testType="13cdc9d9-ddb5-4fa4-a97d-d965ccfc6d4b" outcome="Passed" testListId="8c84fa94-04c1-424b-9868-57a2d4851a1d" relativeResultsDirectory="7db2eb65-4e8f-486d-bd0b-505f7cdc9b11" />
    <UnitTestResult executionId="55997d4e-fca3-401b-b338-a12073675e7b" testId="8340f6de-4c20-dead-1b31-669793dc9602" testName="SystemDashboardConfiguration_Constructor_DefaultValuesCorrect" computerName="DKSR-EFI-04" duration="00:00:00.0033148" startTime="2023-12-22T09:33:08.6311344+01:00" endTime="2023-12-22T09:33:08.6311344+01:00" testType="13cdc9d9-ddb5-4fa4-a97d-d965ccfc6d4b" outcome="Passed" testListId="8c84fa94-04c1-424b-9868-57a2d4851a1d" relativeResultsDirectory="55997d4e-fca3-401b-b338-a12073675e7b" />
    <UnitTestResult executionId="021bb4d7-3080-4323-80a4-7d634963caf4" testId="ef88800e-b3c3-e8f0-8825-047d4ee8f588" testName="ArchiveStorage_Update_Success" computerName="DKSR-EFI-04" duration="00:00:00.0022688" startTime="2023-12-22T09:33:06.6155000+01:00" endTime="2023-12-22T09:33:06.6155000+01:00" testType="13cdc9d9-ddb5-4fa4-a97d-d965ccfc6d4b" outcome="Passed" testListId="8c84fa94-04c1-424b-9868-57a2d4851a1d" relativeResultsDirectory="021bb4d7-3080-4323-80a4-7d634963caf4" />
    <UnitTestResult executionId="83658f26-d931-422b-8091-5022e313b1c4" testId="8e5b3b2d-d576-7b21-70fc-c6981a8f9328" testName="InputDevice_Repository_Registered" computerName="DKSR-EFI-04" duration="00:00:00.0009618" startTime="2023-12-22T09:33:08.1623819+01:00" endTime="2023-12-22T09:33:08.1623819+01:00" testType="13cdc9d9-ddb5-4fa4-a97d-d965ccfc6d4b" outcome="Passed" testListId="8c84fa94-04c1-424b-9868-57a2d4851a1d" relativeResultsDirectory="83658f26-d931-422b-8091-5022e313b1c4" />
    <UnitTestResult executionId="a53e83e2-8ac6-4152-bf38-136eb855807b" testId="0a66eda9-75bb-6b4a-d541-6ca26a48d00d" testName="PatrollingProfile_Load_Schema_Test" computerName="DKSR-EFI-04" duration="00:00:00.0003825" startTime="2023-12-22T09:33:07.9905066+01:00" endTime="2023-12-22T09:33:07.9905066+01:00" testType="13cdc9d9-ddb5-4fa4-a97d-d965ccfc6d4b" outcome="Passed" testListId="8c84fa94-04c1-424b-9868-57a2d4851a1d" relativeResultsDirectory="a53e83e2-8ac6-4152-bf38-136eb855807b" />
    <UnitTestResult executionId="c771dfc4-a3ed-494d-a8c9-a5e178ba7ccb" testId="0d941a8f-5acf-3904-bc13-7b093784f788" testName="GetSiteConnection_Windows_GivenSiteVersionNull_ShouldExecuteLegacyFlow" computerName="DKSR-EFI-04" duration="00:00:00.0110907" startTime="2023-12-22T09:32:58.4592149+01:00" endTime="2023-12-22T09:32:58.4592149+01:00" testType="13cdc9d9-ddb5-4fa4-a97d-d965ccfc6d4b" outcome="Passed" testListId="8c84fa94-04c1-424b-9868-57a2d4851a1d" relativeResultsDirectory="c771dfc4-a3ed-494d-a8c9-a5e178ba7ccb" />
    <UnitTestResult executionId="1b915b6f-61d4-487e-bac5-10fb62db9f0e" testId="21da7965-2df6-0853-1b3d-be7597e928c8" testName="RetentionOptionRoleRelation_Constructor_Name_Null_Check" computerName="DKSR-EFI-04" duration="00:00:00.0007009" startTime="2023-12-22T09:33:08.4123833+01:00" endTime="2023-12-22T09:33:08.4123833+01:00" testType="13cdc9d9-ddb5-4fa4-a97d-d965ccfc6d4b" outcome="Passed" testListId="8c84fa94-04c1-424b-9868-57a2d4851a1d" relativeResultsDirectory="1b915b6f-61d4-487e-bac5-10fb62db9f0e" />
    <UnitTestResult executionId="cda4fb4e-454d-42cf-8256-57d8a3e6bca1" testId="4285fd6d-70cc-5c54-5511-75da11b36e5d" testName="GetUserDomainNameOrEmpty_NullDomainValidUser_ReturnsUsername" computerName="DKSR-EFI-04" duration="00:00:00.0003667" startTime="2023-12-22T09:32:58.5217095+01:00" endTime="2023-12-22T09:32:58.5217095+01:00" testType="13cdc9d9-ddb5-4fa4-a97d-d965ccfc6d4b" outcome="Passed" testListId="8c84fa94-04c1-424b-9868-57a2d4851a1d" relativeResultsDirectory="cda4fb4e-454d-42cf-8256-57d8a3e6bca1" />
    <UnitTestResult executionId="cd473b62-fa83-4d7c-bb41-846b6f97a692" testId="250ef372-dc6c-93f8-2f5c-4af7a713cf94" testName="ServerConnection_Copy" computerName="DKSR-EFI-04" duration="00:00:00.0008963" startTime="2023-12-22T09:33:10.5530199+01:00" endTime="2023-12-22T09:33:10.5530199+01:00" testType="13cdc9d9-ddb5-4fa4-a97d-d965ccfc6d4b" outcome="Passed" testListId="8c84fa94-04c1-424b-9868-57a2d4851a1d" relativeResultsDirectory="cd473b62-fa83-4d7c-bb41-846b6f97a692" />
    <UnitTestResult executionId="2828418f-47ef-4307-b875-1096701e9057" testId="49e96d57-3a14-4851-43de-a595576d1802" testName="TryConnectLegacyAsUser_GivenSuccess_ShouldReturnVmoClient" computerName="DKSR-EFI-04" duration="00:00:00.0082692" startTime="2023-12-22T09:33:06.4748747+01:00" endTime="2023-12-22T09:33:06.4904995+01:00" testType="13cdc9d9-ddb5-4fa4-a97d-d965ccfc6d4b" outcome="Passed" testListId="8c84fa94-04c1-424b-9868-57a2d4851a1d" relativeResultsDirectory="2828418f-47ef-4307-b875-1096701e9057" />
    <UnitTestResult executionId="6121da21-ace4-4f1e-9798-673a25f23c89" testId="2b2d08c0-1ed0-80a3-cceb-b096ae85fa44" testName="RecordingStorage_Get_Storage_Information_Success" computerName="DKSR-EFI-04" duration="00:00:00.0013371" startTime="2023-12-22T09:33:08.3030060+01:00" endTime="2023-12-22T09:33:08.3030060+01:00" testType="13cdc9d9-ddb5-4fa4-a97d-d965ccfc6d4b" outcome="Passed" testListId="8c84fa94-04c1-424b-9868-57a2d4851a1d" relativeResultsDirectory="6121da21-ace4-4f1e-9798-673a25f23c89" />
    <UnitTestResult executionId="51e13d5f-1260-400e-9c95-89b02570ae32" testId="e72ac251-d925-9985-beec-39c7f2b52b72" testName="GetSiteConnectionResultTokenExchange_VersionBelow233_Throws" computerName="DKSR-EFI-04" duration="00:00:00.0017114" startTime="2023-12-22T09:32:58.1467089+01:00" endTime="2023-12-22T09:32:58.1467089+01:00" testType="13cdc9d9-ddb5-4fa4-a97d-d965ccfc6d4b" outcome="Passed" testListId="8c84fa94-04c1-424b-9868-57a2d4851a1d" relativeResultsDirectory="51e13d5f-1260-400e-9c95-89b02570ae32" />
    <UnitTestResult executionId="1de427d3-3764-4548-80b4-e559e2bdbe08" testId="61fba1f4-ecd2-a747-23e6-e2296369ef48" testName="Role_Enum_MembersExtended_Success" computerName="DKSR-EFI-04" duration="00:00:00.0015176" startTime="2023-12-22T09:33:08.5373822+01:00" endTime="2023-12-22T09:33:08.5373822+01:00" testType="13cdc9d9-ddb5-4fa4-a97d-d965ccfc6d4b" outcome="Passed" testListId="8c84fa94-04c1-424b-9868-57a2d4851a1d" relativeResultsDirectory="1de427d3-3764-4548-80b4-e559e2bdbe08" />
    <UnitTestResult executionId="2e4be516-6051-45f0-bd1b-88ddc9ebd265" testId="6a4ec7d9-a5ab-e6de-fe9f-73f7c5d8809b" testName="FailoverServer_Delete_Success" computerName="DKSR-EFI-04" duration="00:00:00.0005708" startTime="2023-12-22T09:33:07.1467497+01:00" endTime="2023-12-22T09:33:07.1467497+01:00" testType="13cdc9d9-ddb5-4fa4-a97d-d965ccfc6d4b" outcome="Passed" testListId="8c84fa94-04c1-424b-9868-57a2d4851a1d" relativeResultsDirectory="2e4be516-6051-45f0-bd1b-88ddc9ebd265" />
    <UnitTestResult executionId="f26576c3-9826-49d5-b9e8-f589931bdb68" testId="6215978e-7b5d-4ed4-2e61-1f34c5a3a86a" testName="PerformanceStateRuleConfiguration_IsDirty_Success" computerName="DKSR-EFI-04" duration="00:00:00.0002603" startTime="2023-12-22T09:33:08.0530064+01:00" endTime="2023-12-22T09:33:08.0530064+01:00" testType="13cdc9d9-ddb5-4fa4-a97d-d965ccfc6d4b" outcome="Passed" testListId="8c84fa94-04c1-424b-9868-57a2d4851a1d" relativeResultsDirectory="f26576c3-9826-49d5-b9e8-f589931bdb68" />
    <UnitTestResult executionId="f4da8103-2b88-43d1-a3fd-1d5617b2485c" testId="69cc2c09-f8ab-7cbb-c62b-f09178b77057" testName="FailoverServerGroup_Constructor_Name_Null_Check" computerName="DKSR-EFI-04" duration="00:00:00.0007042" startTime="2023-12-22T09:33:07.0373759+01:00" endTime="2023-12-22T09:33:07.0373759+01:00" testType="13cdc9d9-ddb5-4fa4-a97d-d965ccfc6d4b" outcome="Passed" testListId="8c84fa94-04c1-424b-9868-57a2d4851a1d" relativeResultsDirectory="f4da8103-2b88-43d1-a3fd-1d5617b2485c" />
    <UnitTestResult executionId="6471aead-6bc5-4e44-acd7-08070dcc0031" testId="87c72546-d4ba-d2aa-7335-441f05ebc56a" testName="TaskSetEncryptionPassword_Refresh_Success" computerName="DKSR-EFI-04" duration="00:00:00.0005723" startTime="2023-12-22T09:33:09.5530125+01:00" endTime="2023-12-22T09:33:09.5530125+01:00" testType="13cdc9d9-ddb5-4fa4-a97d-d965ccfc6d4b" outcome="Passed" testListId="8c84fa94-04c1-424b-9868-57a2d4851a1d" relativeResultsDirectory="6471aead-6bc5-4e44-acd7-08070dcc0031" />
    <UnitTestResult executionId="7e876847-cc67-4ad9-af14-4505a73978b7" testId="3d7bf430-8953-e8e1-3a2f-1fe15bae42a4" testName="MIPEvent_Refresh_Success" computerName="DKSR-EFI-04" duration="00:00:00.0002167" startTime="2023-12-22T09:33:07.5061284+01:00" endTime="2023-12-22T09:33:07.5061284+01:00" testType="13cdc9d9-ddb5-4fa4-a97d-d965ccfc6d4b" outcome="Passed" testListId="8c84fa94-04c1-424b-9868-57a2d4851a1d" relativeResultsDirectory="7e876847-cc67-4ad9-af14-4505a73978b7" />
    <UnitTestResult executionId="492f570c-cf7c-403d-9709-3e8067abc6ad" testId="a207ba8b-c394-7870-bbd5-3bb5925679e9" testName="RuleSource_Update_Failed_Not_Created" computerName="DKSR-EFI-04" duration="00:00:00.0008139" startTime="2023-12-22T09:33:08.5530080+01:00" endTime="2023-12-22T09:33:08.5530080+01:00" testType="13cdc9d9-ddb5-4fa4-a97d-d965ccfc6d4b" outcome="Passed" testListId="8c84fa94-04c1-424b-9868-57a2d4851a1d" relativeResultsDirectory="492f570c-cf7c-403d-9709-3e8067abc6ad" />
    <UnitTestResult executionId="698ab46d-78dc-4ee6-8a1e-265ce8dbd427" testId="b2c883f9-e50a-9024-4ba0-581b622c8824" testName="RecordingStorage_EnableEncryption_Failed_Wrong_Method_Unknown" computerName="DKSR-EFI-04" duration="00:00:00.0008117" startTime="2023-12-22T09:33:08.3498813+01:00" endTime="2023-12-22T09:33:08.3498813+01:00" testType="13cdc9d9-ddb5-4fa4-a97d-d965ccfc6d4b" outcome="Passed" testListId="8c84fa94-04c1-424b-9868-57a2d4851a1d" relativeResultsDirectory="698ab46d-78dc-4ee6-8a1e-265ce8dbd427" />
    <UnitTestResult executionId="0942a225-308d-417f-bf99-f15c4dc85656" testId="c6542e85-9b3f-7672-00a9-5f09c0c1d8b9" testName="IsAddressSchemeAllowed_Http_AllowHttp_False" computerName="DKSR-EFI-04" duration="00:00:00.0001638" startTime="2023-12-22T09:32:56.5998304+01:00" endTime="2023-12-22T09:32:56.5998304+01:00" testType="13cdc9d9-ddb5-4fa4-a97d-d965ccfc6d4b" outcome="Passed" testListId="8c84fa94-04c1-424b-9868-57a2d4851a1d" relativeResultsDirectory="0942a225-308d-417f-bf99-f15c4dc85656" />
    <UnitTestResult executionId="e157ab2d-b717-4780-9eaf-10876c23c040" testId="a2f09d51-5e4f-ca37-d7ac-19fd446a6c3c" testName="ManagementServer_DetachMasterSite_Called" computerName="DKSR-EFI-04" duration="00:00:00.0015394" startTime="2023-12-22T09:33:07.3498761+01:00" endTime="2023-12-22T09:33:07.3498761+01:00" testType="13cdc9d9-ddb5-4fa4-a97d-d965ccfc6d4b" outcome="Passed" testListId="8c84fa94-04c1-424b-9868-57a2d4851a1d" relativeResultsDirectory="e157ab2d-b717-4780-9eaf-10876c23c040" />
    <UnitTestResult executionId="58e954bf-d4ed-4fa3-bec3-f38e27d40a7e" testId="f6ddaa47-5ed2-258b-1c24-a7265cc14223" testName="SystemDashboardConfigurationuration_Undo_Success" computerName="DKSR-EFI-04" duration="00:00:00.0002757" startTime="2023-12-22T09:33:08.7092595+01:00" endTime="2023-12-22T09:33:08.7092595+01:00" testType="13cdc9d9-ddb5-4fa4-a97d-d965ccfc6d4b" outcome="Passed" testListId="8c84fa94-04c1-424b-9868-57a2d4851a1d" relativeResultsDirectory="58e954bf-d4ed-4fa3-bec3-f38e27d40a7e" />
    <UnitTestResult executionId="f6d27042-5ec2-4c15-abaf-8b97a15c0111" testId="21d4548a-83b7-bb31-7152-3926e45192a1" testName="Grid_ClearRegion_Success" computerName="DKSR-EFI-04" duration="00:00:00.0011645" startTime="2023-12-22T09:33:07.1936274+01:00" endTime="2023-12-22T09:33:07.1936274+01:00" testType="13cdc9d9-ddb5-4fa4-a97d-d965ccfc6d4b" outcome="Passed" testListId="8c84fa94-04c1-424b-9868-57a2d4851a1d" relativeResultsDirectory="f6d27042-5ec2-4c15-abaf-8b97a15c0111" />
    <UnitTestResult executionId="b4af2bc5-c71c-40b8-a260-13b6f231bdb1" testId="e27dd799-5251-d044-8121-fa542199b541" testName="FailoverServer_Repository_Registered" computerName="DKSR-EFI-04" duration="00:00:00.0004612" startTime="2023-12-22T09:33:07.1623759+01:00" endTime="2023-12-22T09:33:07.1623759+01:00" testType="13cdc9d9-ddb5-4fa4-a97d-d965ccfc6d4b" outcome="Passed" testListId="8c84fa94-04c1-424b-9868-57a2d4851a1d" relativeResultsDirectory="b4af2bc5-c71c-40b8-a260-13b6f231bdb1" />
    <UnitTestResult executionId="f252e1de-5b95-47ed-b952-447d33debcbf" testId="41359944-1b64-186b-7087-a470bed2994d" testName="GenericRepositoryTestUpdateObject" computerName="DKSR-EFI-04" duration="00:00:00.0009954" startTime="2023-12-22T09:33:09.8811396+01:00" endTime="2023-12-22T09:33:09.8811396+01:00" testType="13cdc9d9-ddb5-4fa4-a97d-d965ccfc6d4b" outcome="Passed" testListId="8c84fa94-04c1-424b-9868-57a2d4851a1d" relativeResultsDirectory="f252e1de-5b95-47ed-b952-447d33debcbf" />
    <UnitTestResult executionId="1a3381ee-e9b6-4d48-a3c7-cf08de7cc0df" testId="eb7abcdf-4edc-43d5-2925-69a90945f9a5" testName="RecordingStorage_Create_Success_Constructor" computerName="DKSR-EFI-04" duration="00:00:00.0008146" startTime="2023-12-22T09:33:08.2873837+01:00" endTime="2023-12-22T09:33:08.2873837+01:00" testType="13cdc9d9-ddb5-4fa4-a97d-d965ccfc6d4b" outcome="Passed" testListId="8c84fa94-04c1-424b-9868-57a2d4851a1d" relativeResultsDirectory="1a3381ee-e9b6-4d48-a3c7-cf08de7cc0df" />
    <UnitTestResult executionId="7c10852d-03dd-4622-9313-f0ba839d9c46" testId="e03ff53e-5f52-05d1-7a0e-f766f53821c3" testName="Constructor_NullSiteAddressCache_Throws" computerName="DKSR-EFI-04" duration="00:00:00.0007464" startTime="2023-12-22T09:32:58.1467089+01:00" endTime="2023-12-22T09:32:58.1467089+01:00" testType="13cdc9d9-ddb5-4fa4-a97d-d965ccfc6d4b" outcome="Passed" testListId="8c84fa94-04c1-424b-9868-57a2d4851a1d" relativeResultsDirectory="7c10852d-03dd-4622-9313-f0ba839d9c46" />
    <UnitTestResult executionId="fb0c390b-0295-4b01-a89d-38c0c4f72584" testId="f7653ad6-d347-b69c-b224-cedc4fa0a6e0" testName="BasicUser_Refresh_CheckVersionCalled" computerName="DKSR-EFI-04" duration="00:00:00.0002670" startTime="2023-12-22T09:33:06.8811271+01:00" endTime="2023-12-22T09:33:06.8811271+01:00" testType="13cdc9d9-ddb5-4fa4-a97d-d965ccfc6d4b" outcome="Passed" testListId="8c84fa94-04c1-424b-9868-57a2d4851a1d" relativeResultsDirectory="fb0c390b-0295-4b01-a89d-38c0c4f72584" />
    <UnitTestResult executionId="6b38b513-b573-4af8-99db-d4e2ec11b866" testId="98895487-e543-858e-a04b-ff97ec968ee8" testName="Role_Constructor_Name_Null_Check" computerName="DKSR-EFI-04" duration="00:00:00.0006786" startTime="2023-12-22T09:33:08.4592582+01:00" endTime="2023-12-22T09:33:08.4592582+01:00" testType="13cdc9d9-ddb5-4fa4-a97d-d965ccfc6d4b" outcome="Passed" testListId="8c84fa94-04c1-424b-9868-57a2d4851a1d" relativeResultsDirectory="6b38b513-b573-4af8-99db-d4e2ec11b866" />
    <UnitTestResult executionId="82229368-3a37-4755-ae47-0a0a6934d9a5" testId="4cc3729f-2a03-8494-013d-7c52d12c167c" testName="MIPObject_Create_Success" computerName="DKSR-EFI-04" duration="00:00:00.0009886" startTime="2023-12-22T09:33:07.5217518+01:00" endTime="2023-12-22T09:33:07.5217518+01:00" testType="13cdc9d9-ddb5-4fa4-a97d-d965ccfc6d4b" outcome="Passed" testListId="8c84fa94-04c1-424b-9868-57a2d4851a1d" relativeResultsDirectory="82229368-3a37-4755-ae47-0a0a6934d9a5" />
    <UnitTestResult executionId="b97e60af-2727-4be5-85e4-e1babc344402" testId="b4533e69-d8d9-25d6-b6dc-21f7ef2e7a21" testName="BasicUser_Change_Password_CheckVersionCalled" computerName="DKSR-EFI-04" duration="00:00:00.0013897" startTime="2023-12-22T09:33:06.8967491+01:00" endTime="2023-12-22T09:33:06.8967491+01:00" testType="13cdc9d9-ddb5-4fa4-a97d-d965ccfc6d4b" outcome="Passed" testListId="8c84fa94-04c1-424b-9868-57a2d4851a1d" relativeResultsDirectory="b97e60af-2727-4be5-85e4-e1babc344402" />
    <UnitTestResult executionId="16075125-2f49-4fac-9f42-6bba21c35829" testId="9f592cba-0952-e385-4ea5-ce4a77667e71" testName="Role_Remove_Member_Check_Null_Name" computerName="DKSR-EFI-04" duration="00:00:00.0006432" startTime="2023-12-22T09:33:08.5217583+01:00" endTime="2023-12-22T09:33:08.5217583+01:00" testType="13cdc9d9-ddb5-4fa4-a97d-d965ccfc6d4b" outcome="Passed" testListId="8c84fa94-04c1-424b-9868-57a2d4851a1d" relativeResultsDirectory="16075125-2f49-4fac-9f42-6bba21c35829" />
    <UnitTestResult executionId="73636c21-0e09-4bf0-b79d-c0799edeb07d" testId="3df92da4-13c2-77c3-4f95-4187fe50fc93" testName="RecordingStorage_DisableEncryption_Success" computerName="DKSR-EFI-04" duration="00:00:00.0022862" startTime="2023-12-22T09:33:08.3498813+01:00" endTime="2023-12-22T09:33:08.3498813+01:00" testType="13cdc9d9-ddb5-4fa4-a97d-d965ccfc6d4b" outcome="Passed" testListId="8c84fa94-04c1-424b-9868-57a2d4851a1d" relativeResultsDirectory="73636c21-0e09-4bf0-b79d-c0799edeb07d" />
    <UnitTestResult executionId="97295144-3583-462e-b1e4-cf40d3f3083e" testId="dbafdc1b-9898-eef4-0460-5a2eeb86c952" testName="GenericRepositoryTestGetObjectByIdServerCalled" computerName="DKSR-EFI-04" duration="00:00:00.0037259" startTime="2023-12-22T09:33:09.8186383+01:00" endTime="2023-12-22T09:33:09.8186383+01:00" testType="13cdc9d9-ddb5-4fa4-a97d-d965ccfc6d4b" outcome="Passed" testListId="8c84fa94-04c1-424b-9868-57a2d4851a1d" relativeResultsDirectory="97295144-3583-462e-b1e4-cf40d3f3083e" />
    <UnitTestResult executionId="09241074-7963-4f73-942d-dd902051ef24" testId="de5b2105-bebe-9397-259c-8a948661ebc8" testName="MicrophoneDeviceGroup_Refresh_Success" computerName="DKSR-EFI-04" duration="00:00:00.0015706" startTime="2023-12-22T09:33:06.9280011+01:00" endTime="2023-12-22T09:33:06.9280011+01:00" testType="13cdc9d9-ddb5-4fa4-a97d-d965ccfc6d4b" outcome="Passed" testListId="8c84fa94-04c1-424b-9868-57a2d4851a1d" relativeResultsDirectory="09241074-7963-4f73-942d-dd902051ef24" />
    <UnitTestResult executionId="568e316f-65fb-4d0a-b06f-9e4a83aad1f5" testId="1ff3f87e-5174-56eb-2851-3625b34adab2" testName="ArchiveStorage_Refresh_Success" computerName="DKSR-EFI-04" duration="00:00:00.0040213" startTime="2023-12-22T09:33:06.6311232+01:00" endTime="2023-12-22T09:33:06.6311232+01:00" testType="13cdc9d9-ddb5-4fa4-a97d-d965ccfc6d4b" outcome="Passed" testListId="8c84fa94-04c1-424b-9868-57a2d4851a1d" relativeResultsDirectory="568e316f-65fb-4d0a-b06f-9e4a83aad1f5" />
    <UnitTestResult executionId="ec9f7dee-e254-4841-8624-bee4d19e2114" testId="da461f26-5d63-523f-2d23-b341fc1ad023" testName="ServerVersionConstructor_Version_Success" computerName="DKSR-EFI-04" duration="00:00:00.0004314" startTime="2023-12-22T09:32:55.9748259+01:00" endTime="2023-12-22T09:32:55.9748259+01:00" testType="13cdc9d9-ddb5-4fa4-a97d-d965ccfc6d4b" outcome="Passed" testListId="8c84fa94-04c1-424b-9868-57a2d4851a1d" relativeResultsDirectory="ec9f7dee-e254-4841-8624-bee4d19e2114" />
    <UnitTestResult executionId="0f766370-b15f-406e-854b-602b3a8a5e1c" testId="3637a376-ae9a-e528-afaf-e1ca2276f010" testName="Monitor_RemoveCameras_RemoveCamerasFromMonitorViewCalled" computerName="DKSR-EFI-04" duration="00:00:00.0049802" startTime="2023-12-22T09:33:07.6780053+01:00" endTime="2023-12-22T09:33:07.6780053+01:00" testType="13cdc9d9-ddb5-4fa4-a97d-d965ccfc6d4b" outcome="Passed" testListId="8c84fa94-04c1-424b-9868-57a2d4851a1d" relativeResultsDirectory="0f766370-b15f-406e-854b-602b3a8a5e1c" />
    <UnitTestResult executionId="ee36f601-21c3-4c81-aa92-2b369be6e3b1" testId="ee53f2c9-6261-406d-51ad-1fcd3a16a3e3" testName="RecordingStorage_Validate_Encryption_Password_Failed_Not_Created" computerName="DKSR-EFI-04" duration="00:00:00.0011313" startTime="2023-12-22T09:33:08.3186315+01:00" endTime="2023-12-22T09:33:08.3342582+01:00" testType="13cdc9d9-ddb5-4fa4-a97d-d965ccfc6d4b" outcome="Passed" testListId="8c84fa94-04c1-424b-9868-57a2d4851a1d" relativeResultsDirectory="ee36f601-21c3-4c81-aa92-2b369be6e3b1" />
    <UnitTestResult executionId="c2183e5c-a312-431b-90cf-b6237cc01149" testId="2baf0449-377b-035c-e243-2b7e59fc8d84" testName="TaskMoveRecordingStorage_Refresh_Success" computerName="DKSR-EFI-04" duration="00:00:00.0009678" startTime="2023-12-22T09:33:09.5061387+01:00" endTime="2023-12-22T09:33:09.5061387+01:00" testType="13cdc9d9-ddb5-4fa4-a97d-d965ccfc6d4b" outcome="Passed" testListId="8c84fa94-04c1-424b-9868-57a2d4851a1d" relativeResultsDirectory="c2183e5c-a312-431b-90cf-b6237cc01149" />
    <UnitTestResult executionId="895eccaf-e49f-43c1-ba39-0ff32540e183" testId="080dfb13-5944-cd0b-e84c-37ce02f84942" testName="Construct_Credentials_InvalidParam_Credentials_Null_Throws_ArgumentNullException" computerName="DKSR-EFI-04" duration="00:00:00.0006630" startTime="2023-12-22T09:33:10.5842667+01:00" endTime="2023-12-22T09:33:10.5842667+01:00" testType="13cdc9d9-ddb5-4fa4-a97d-d965ccfc6d4b" outcome="Passed" testListId="8c84fa94-04c1-424b-9868-57a2d4851a1d" relativeResultsDirectory="895eccaf-e49f-43c1-ba39-0ff32540e183" />
    <UnitTestResult executionId="720bd68d-d37d-4f1e-aa61-685c78c222b7" testId="4127c2ae-510a-766f-bc62-5c6f833bc370" testName="ServerVersionConstructor_NullString_Failure" computerName="DKSR-EFI-04" duration="00:00:00.0068575" startTime="2023-12-22T09:32:55.9279479+01:00" endTime="2023-12-22T09:32:55.9435725+01:00" testType="13cdc9d9-ddb5-4fa4-a97d-d965ccfc6d4b" outcome="Passed" testListId="8c84fa94-04c1-424b-9868-57a2d4851a1d" relativeResultsDirectory="720bd68d-d37d-4f1e-aa61-685c78c222b7" />
    <UnitTestResult executionId="ab20aaf5-419a-4dcf-8675-d8fed60f2e1c" testId="cd382ab1-e2ee-ffb7-3531-a0e2f5183e84" testName="PatrollingProfile_MoveStepDown" computerName="DKSR-EFI-04" duration="00:00:00.0012751" startTime="2023-12-22T09:33:07.9748807+01:00" endTime="2023-12-22T09:33:07.9748807+01:00" testType="13cdc9d9-ddb5-4fa4-a97d-d965ccfc6d4b" outcome="Passed" testListId="8c84fa94-04c1-424b-9868-57a2d4851a1d" relativeResultsDirectory="ab20aaf5-419a-4dcf-8675-d8fed60f2e1c" />
    <UnitTestResult executionId="ec81a040-cfeb-40c7-b54e-6dff997a823a" testId="3171cdd5-293f-c248-7c47-d16494845ebd" testName="RetentionOptionRoleRelation_Update_CheckVersionCalled" computerName="DKSR-EFI-04" duration="00:00:00.0003031" startTime="2023-12-22T09:33:08.4280072+01:00" endTime="2023-12-22T09:33:08.4280072+01:00" testType="13cdc9d9-ddb5-4fa4-a97d-d965ccfc6d4b" outcome="Passed" testListId="8c84fa94-04c1-424b-9868-57a2d4851a1d" relativeResultsDirectory="ec81a040-cfeb-40c7-b54e-6dff997a823a" />
    <UnitTestResult executionId="5e92c1fc-b949-47d6-88b7-ff8a6d2dad7e" testId="2c0839de-ff81-2b83-f3c2-eaf0dc01b659" testName="Hardware_ChangePassword_Deleted_Throws" computerName="DKSR-EFI-04" duration="00:00:00.0004441" startTime="2023-12-22T09:33:08.2248813+01:00" endTime="2023-12-22T09:33:08.2248813+01:00" testType="13cdc9d9-ddb5-4fa4-a97d-d965ccfc6d4b" outcome="Passed" testListId="8c84fa94-04c1-424b-9868-57a2d4851a1d" relativeResultsDirectory="5e92c1fc-b949-47d6-88b7-ff8a6d2dad7e" />
    <UnitTestResult executionId="fde75b46-d442-4a5e-a745-6dbe8e879331" testId="38e2ddd4-5f85-e174-be72-83671ff805af" testName="BasicUser_Update_CheckVersionCalled" computerName="DKSR-EFI-04" duration="00:00:00.0002716" startTime="2023-12-22T09:33:06.8655013+01:00" endTime="2023-12-22T09:33:06.8655013+01:00" testType="13cdc9d9-ddb5-4fa4-a97d-d965ccfc6d4b" outcome="Passed" testListId="8c84fa94-04c1-424b-9868-57a2d4851a1d" relativeResultsDirectory="fde75b46-d442-4a5e-a745-6dbe8e879331" />
    <UnitTestResult executionId="b2f85185-ed7e-4982-816c-8e5d71e0517a" testId="bef83212-6bad-8152-ef96-0154e1cac447" testName="TrustedIssuer_Create_Success" computerName="DKSR-EFI-04" duration="00:00:00.0004183" startTime="2023-12-22T09:33:09.6467628+01:00" endTime="2023-12-22T09:33:09.6467628+01:00" testType="13cdc9d9-ddb5-4fa4-a97d-d965ccfc6d4b" outcome="Passed" testListId="8c84fa94-04c1-424b-9868-57a2d4851a1d" relativeResultsDirectory="b2f85185-ed7e-4982-816c-8e5d71e0517a" />
    <UnitTestResult executionId="a2cedba0-cce1-4af5-9c35-8fbbc5ff276d" testId="79cd81df-a953-0c7a-7dbb-aca4faf3adca" testName="ValidateSchemas_AllowUnsecure_False" computerName="DKSR-EFI-04" duration="00:00:00.0609851" startTime="2023-12-22T09:32:56.5217017+01:00" endTime="2023-12-22T09:32:56.5842048+01:00" testType="13cdc9d9-ddb5-4fa4-a97d-d965ccfc6d4b" outcome="Passed" testListId="8c84fa94-04c1-424b-9868-57a2d4851a1d" relativeResultsDirectory="a2cedba0-cce1-4af5-9c35-8fbbc5ff276d" />
    <UnitTestResult executionId="11bd4485-6dbb-4cc1-b972-68add6c1c6f7" testId="0164cef1-95ba-6930-5c07-4c9c0b44555e" testName="RecordingStorage_Get_Using_Devices_Success" computerName="DKSR-EFI-04" duration="00:00:00.0013243" startTime="2023-12-22T09:33:08.3967575+01:00" endTime="2023-12-22T09:33:08.3967575+01:00" testType="13cdc9d9-ddb5-4fa4-a97d-d965ccfc6d4b" outcome="Passed" testListId="8c84fa94-04c1-424b-9868-57a2d4851a1d" relativeResultsDirectory="11bd4485-6dbb-4cc1-b972-68add6c1c6f7" />
    <UnitTestResult executionId="84f7d74e-fe47-45d0-ab56-0e53fd939753" testId="d18b828b-83e0-f5de-35a3-f92ddfa81b52" testName="TestGenericRepositoryFunctionsCorrectlyHandlesNullCollections" computerName="DKSR-EFI-04" duration="00:00:00.0003918" startTime="2023-12-22T09:33:09.8967651+01:00" endTime="2023-12-22T09:33:09.8967651+01:00" testType="13cdc9d9-ddb5-4fa4-a97d-d965ccfc6d4b" outcome="Passed" testListId="8c84fa94-04c1-424b-9868-57a2d4851a1d" relativeResultsDirectory="84f7d74e-fe47-45d0-ab56-0e53fd939753" />
    <UnitTestResult executionId="62cd537b-4c8d-43ce-9a72-4db5d5adcebe" testId="4e186ccf-43d2-fe09-3c86-001af9030f39" testName="BasicUser_Delete_Success" computerName="DKSR-EFI-04" duration="00:00:00.0003559" startTime="2023-12-22T09:33:06.8811271+01:00" endTime="2023-12-22T09:33:06.8811271+01:00" testType="13cdc9d9-ddb5-4fa4-a97d-d965ccfc6d4b" outcome="Passed" testListId="8c84fa94-04c1-424b-9868-57a2d4851a1d" relativeResultsDirectory="62cd537b-4c8d-43ce-9a72-4db5d5adcebe" />
    <UnitTestResult executionId="5f4908dd-8f06-4714-a7e8-692a4acea2e5" testId="403a0570-0c5c-fce8-76b2-b5ee2a87100a" testName="PatrollingProfile_InsertStepLast_Create_PatrollingStep_Default" computerName="DKSR-EFI-04" duration="00:00:00.0010766" startTime="2023-12-22T09:33:07.9436302+01:00" endTime="2023-12-22T09:33:07.9436302+01:00" testType="13cdc9d9-ddb5-4fa4-a97d-d965ccfc6d4b" outcome="Passed" testListId="8c84fa94-04c1-424b-9868-57a2d4851a1d" relativeResultsDirectory="5f4908dd-8f06-4714-a7e8-692a4acea2e5" />
    <UnitTestResult executionId="53408aff-93a4-43e5-ac37-53489226aab7" testId="417144aa-4122-7ec4-01c5-f3e4baa6fbc3" testName="Master_Refresh_NotCreated_InvalidOperationException" computerName="DKSR-EFI-04" duration="00:00:00.0017501" startTime="2023-12-22T09:33:08.6155072+01:00" endTime="2023-12-22T09:33:08.6155072+01:00" testType="13cdc9d9-ddb5-4fa4-a97d-d965ccfc6d4b" outcome="Passed" testListId="8c84fa94-04c1-424b-9868-57a2d4851a1d" relativeResultsDirectory="53408aff-93a4-43e5-ac37-53489226aab7" />
    <UnitTestResult executionId="7041fd91-27cf-450d-97cf-906fa7de2761" testId="64aecdcb-21c2-1171-3222-86b25eba11ec" testName="Hardware_ReadPassword_Deleted_Throws" computerName="DKSR-EFI-04" duration="00:00:00.0005683" startTime="2023-12-22T09:33:08.2248813+01:00" endTime="2023-12-22T09:33:08.2248813+01:00" testType="13cdc9d9-ddb5-4fa4-a97d-d965ccfc6d4b" outcome="Passed" testListId="8c84fa94-04c1-424b-9868-57a2d4851a1d" relativeResultsDirectory="7041fd91-27cf-450d-97cf-906fa7de2761" />
    <UnitTestResult executionId="8a0084f2-7edb-42f0-861b-b60f9649bd7e" testId="1679c0bf-524e-8e1e-0635-301a75b89d57" testName="GenericRepositoryTestRefreshObjectInternal" computerName="DKSR-EFI-04" duration="00:00:00.0011836" startTime="2023-12-22T09:33:09.8655152+01:00" endTime="2023-12-22T09:33:09.8655152+01:00" testType="13cdc9d9-ddb5-4fa4-a97d-d965ccfc6d4b" outcome="Passed" testListId="8c84fa94-04c1-424b-9868-57a2d4851a1d" relativeResultsDirectory="8a0084f2-7edb-42f0-861b-b60f9649bd7e" />
    <UnitTestResult executionId="febc711f-27f9-4845-9b7b-25d172645147" testId="441cf653-313f-f6d1-f093-d6acedfeeb83" testName="Construct_InvalidParam_ISiteConnectionInfoWindows_Null_Throws_ArgumentNullException" computerName="DKSR-EFI-04" duration="00:00:00.0011352" startTime="2023-12-22T09:33:10.5530199+01:00" endTime="2023-12-22T09:33:10.5530199+01:00" testType="13cdc9d9-ddb5-4fa4-a97d-d965ccfc6d4b" outcome="Passed" testListId="8c84fa94-04c1-424b-9868-57a2d4851a1d" relativeResultsDirectory="febc711f-27f9-4845-9b7b-25d172645147" />
    <UnitTestResult executionId="2694db13-d1e1-445f-a2cb-1b9b83d17af7" testId="2c38395a-4ae2-4ef1-d06a-e281e5a5ad81" testName="ChildSite_UpdateCustomProperties_NotCreated_InvalidOperationException" computerName="DKSR-EFI-04" duration="00:00:00.0008584" startTime="2023-12-22T09:33:08.6155072+01:00" endTime="2023-12-22T09:33:08.6155072+01:00" testType="13cdc9d9-ddb5-4fa4-a97d-d965ccfc6d4b" outcome="Passed" testListId="8c84fa94-04c1-424b-9868-57a2d4851a1d" relativeResultsDirectory="2694db13-d1e1-445f-a2cb-1b9b83d17af7" />
    <UnitTestResult executionId="7fb11836-8ff1-421a-8eac-b024d9f54eca" testId="09865c3a-326d-3062-49a7-b21c41b9b775" testName="RecordingStorage_Get_Using_Devices_Failed_Not_Created" computerName="DKSR-EFI-04" duration="00:00:00.0007237" startTime="2023-12-22T09:33:08.3967575+01:00" endTime="2023-12-22T09:33:08.3967575+01:00" testType="13cdc9d9-ddb5-4fa4-a97d-d965ccfc6d4b" outcome="Passed" testListId="8c84fa94-04c1-424b-9868-57a2d4851a1d" relativeResultsDirectory="7fb11836-8ff1-421a-8eac-b024d9f54eca" />
    <UnitTestResult executionId="1a21b3f2-c058-4319-bd12-ade3f7184aab" testId="918fa556-14c5-9569-4a3f-5f6e71e560a3" testName="TaskHardwareScan_Cleanup_61_NotSupported" computerName="DKSR-EFI-04" duration="00:00:00.0008521" startTime="2023-12-22T09:33:10.0842648+01:00" endTime="2023-12-22T09:33:10.0842648+01:00" testType="13cdc9d9-ddb5-4fa4-a97d-d965ccfc6d4b" outcome="Passed" testListId="8c84fa94-04c1-424b-9868-57a2d4851a1d" relativeResultsDirectory="1a21b3f2-c058-4319-bd12-ade3f7184aab" />
    <UnitTestResult executionId="2320de69-ddcd-4a28-bc55-513ed2037a15" testId="fe4dfb19-6f25-bbb5-21c9-95ea5ad94ab0" testName="CameraDevice_RequestEdgeStorageRetrieval_Success" computerName="DKSR-EFI-04" duration="00:00:00.0022303" startTime="2023-12-22T09:33:08.1467574+01:00" endTime="2023-12-22T09:33:08.1467574+01:00" testType="13cdc9d9-ddb5-4fa4-a97d-d965ccfc6d4b" outcome="Passed" testListId="8c84fa94-04c1-424b-9868-57a2d4851a1d" relativeResultsDirectory="2320de69-ddcd-4a28-bc55-513ed2037a15" />
    <UnitTestResult executionId="cba36a24-11a4-47b7-baf2-edfa62bc2b87" testId="0222e21b-1a35-baf8-8f24-adad49fcc125" testName="TaskDeleteArchiveStorage_StartNew_Success" computerName="DKSR-EFI-04" duration="00:00:00.0017383" startTime="2023-12-22T09:33:09.4436370+01:00" endTime="2023-12-22T09:33:09.4436370+01:00" testType="13cdc9d9-ddb5-4fa4-a97d-d965ccfc6d4b" outcome="Passed" testListId="8c84fa94-04c1-424b-9868-57a2d4851a1d" relativeResultsDirectory="cba36a24-11a4-47b7-baf2-edfa62bc2b87" />
    <UnitTestResult executionId="467077b5-7122-4543-82a0-d2f5db392e82" testId="16014445-361f-ce5b-f5be-c3aa5c55e580" testName="VideoWall_CreateWithId_CheckVersionNotCalled" computerName="DKSR-EFI-04" duration="00:00:00.0004228" startTime="2023-12-22T09:33:09.7562219+01:00" endTime="2023-12-22T09:33:09.7562219+01:00" testType="13cdc9d9-ddb5-4fa4-a97d-d965ccfc6d4b" outcome="Passed" testListId="8c84fa94-04c1-424b-9868-57a2d4851a1d" relativeResultsDirectory="467077b5-7122-4543-82a0-d2f5db392e82" />
    <UnitTestResult executionId="d20b5e3c-a566-4384-840d-f4f0099150a1" testId="70aae99a-6b7c-87f8-e77e-e87c4ee8f965" testName="MIPDeviceEvent_Create_Success" computerName="DKSR-EFI-04" duration="00:00:00.0003822" startTime="2023-12-22T09:33:07.4748777+01:00" endTime="2023-12-22T09:33:07.4748777+01:00" testType="13cdc9d9-ddb5-4fa4-a97d-d965ccfc6d4b" outcome="Passed" testListId="8c84fa94-04c1-424b-9868-57a2d4851a1d" relativeResultsDirectory="d20b5e3c-a566-4384-840d-f4f0099150a1" />
    <UnitTestResult executionId="d54f5ee1-bb4c-4645-b3f5-0c2ab1bcb82c" testId="0d218ffa-5085-6186-2e38-741ff30a50b9" testName="UserDefinedEvent_Refresh_Success" computerName="DKSR-EFI-04" duration="00:00:00.0003414" startTime="2023-12-22T09:33:09.6780125+01:00" endTime="2023-12-22T09:33:09.6936386+01:00" testType="13cdc9d9-ddb5-4fa4-a97d-d965ccfc6d4b" outcome="Passed" testListId="8c84fa94-04c1-424b-9868-57a2d4851a1d" relativeResultsDirectory="d54f5ee1-bb4c-4645-b3f5-0c2ab1bcb82c" />
    <UnitTestResult executionId="df80fafc-eafd-41eb-b06c-27c413a7eccf" testId="ce51b1ac-d3e0-8c7d-b676-f333c3596a54" testName="GetFastestIdpInfo_GivenManyAddresses_ShouldReturnFastestReachableIdpInfo" computerName="DKSR-EFI-04" duration="00:00:02.0474507" startTime="2023-12-22T09:33:00.7092214+01:00" endTime="2023-12-22T09:33:02.7561061+01:00" testType="13cdc9d9-ddb5-4fa4-a97d-d965ccfc6d4b" outcome="Passed" testListId="8c84fa94-04c1-424b-9868-57a2d4851a1d" relativeResultsDirectory="df80fafc-eafd-41eb-b06c-27c413a7eccf" />
    <UnitTestResult executionId="b72f386a-c5f3-483f-ade4-445637716886" testId="31ac0d35-4ee8-68ea-f233-efa6522b64b9" testName="TrustedIssuer_UpdateOnUnsupportedVersion_Throws" computerName="DKSR-EFI-04" duration="00:00:00.0008233" startTime="2023-12-22T09:33:09.6623887+01:00" endTime="2023-12-22T09:33:09.6623887+01:00" testType="13cdc9d9-ddb5-4fa4-a97d-d965ccfc6d4b" outcome="Passed" testListId="8c84fa94-04c1-424b-9868-57a2d4851a1d" relativeResultsDirectory="b72f386a-c5f3-483f-ade4-445637716886" />
    <UnitTestResult executionId="3d1550c2-486e-4511-9795-297b2a0a2d64" testId="ca92dbbf-1df1-63ef-7a70-b0debe369e3e" testName="TryGetPropertyValue_NullableType_ReturnsCorrectValue" computerName="DKSR-EFI-04" duration="00:00:00.0040697" startTime="2023-12-22T09:33:10.0217649+01:00" endTime="2023-12-22T09:33:10.0217649+01:00" testType="13cdc9d9-ddb5-4fa4-a97d-d965ccfc6d4b" outcome="Passed" testListId="8c84fa94-04c1-424b-9868-57a2d4851a1d" relativeResultsDirectory="3d1550c2-486e-4511-9795-297b2a0a2d64" />
    <UnitTestResult executionId="c29e2ea7-f9a0-4bba-b20c-f6bb52cdf2fe" testId="a9b4057e-adb3-6fcd-cf37-ded7c2ccdc6f" testName="Grid_DecreaseGridSize_GridCleared" computerName="DKSR-EFI-04" duration="00:00:00.0007661" startTime="2023-12-22T09:33:07.2092499+01:00" endTime="2023-12-22T09:33:07.2092499+01:00" testType="13cdc9d9-ddb5-4fa4-a97d-d965ccfc6d4b" outcome="Passed" testListId="8c84fa94-04c1-424b-9868-57a2d4851a1d" relativeResultsDirectory="c29e2ea7-f9a0-4bba-b20c-f6bb52cdf2fe" />
    <UnitTestResult executionId="abfd7e51-270b-4ca2-9ff6-c605a64d56cb" testId="67a7be4e-cdc4-c136-f975-9b7c19eac636" testName="ManagementServer_AttachMasterSite_ArgumentException" computerName="DKSR-EFI-04" duration="00:00:00.0014859" startTime="2023-12-22T09:33:07.3342529+01:00" endTime="2023-12-22T09:33:07.3342529+01:00" testType="13cdc9d9-ddb5-4fa4-a97d-d965ccfc6d4b" outcome="Passed" testListId="8c84fa94-04c1-424b-9868-57a2d4851a1d" relativeResultsDirectory="abfd7e51-270b-4ca2-9ff6-c605a64d56cb" />
    <UnitTestResult executionId="e2fb2f43-7837-433b-a953-e159db665a06" testId="7fc25b4c-7a44-8747-306b-6270bd640883" testName="TryConnectLegacy_GivenBrokenServerConnection_ShouldDisposeAndReturnNull" computerName="DKSR-EFI-04" duration="00:00:00.0031307" startTime="2023-12-22T09:33:06.4592491+01:00" endTime="2023-12-22T09:33:06.4748747+01:00" testType="13cdc9d9-ddb5-4fa4-a97d-d965ccfc6d4b" outcome="Passed" testListId="8c84fa94-04c1-424b-9868-57a2d4851a1d" relativeResultsDirectory="e2fb2f43-7837-433b-a953-e159db665a06" />
    <UnitTestResult executionId="936b4a0c-42e8-4aaa-a5c7-ba6e4e4a558b" testId="181cf575-df74-dcfd-8990-f51d9a015474" testName="GetFastestIdpInfo_GivenEmptyAddresses_ShouldThrow" computerName="DKSR-EFI-04" duration="00:00:00.0011286" startTime="2023-12-22T09:32:58.5842103+01:00" endTime="2023-12-22T09:32:58.5998380+01:00" testType="13cdc9d9-ddb5-4fa4-a97d-d965ccfc6d4b" outcome="Passed" testListId="8c84fa94-04c1-424b-9868-57a2d4851a1d" relativeResultsDirectory="936b4a0c-42e8-4aaa-a5c7-ba6e4e4a558b" />
    <UnitTestResult executionId="a0eb5c21-02c1-4490-ad99-d4ee13c203dd" testId="ce931e4e-388d-7d52-650e-1dc96ba7f0f6" testName="TrustedIssuer_Refresh_Success" computerName="DKSR-EFI-04" duration="00:00:00.0003993" startTime="2023-12-22T09:33:09.6467628+01:00" endTime="2023-12-22T09:33:09.6467628+01:00" testType="13cdc9d9-ddb5-4fa4-a97d-d965ccfc6d4b" outcome="Passed" testListId="8c84fa94-04c1-424b-9868-57a2d4851a1d" relativeResultsDirectory="a0eb5c21-02c1-4490-ad99-d4ee13c203dd" />
    <UnitTestResult executionId="0490da85-ab13-4064-8f93-76ffdcb13c1b" testId="2229dfa1-ebc3-5755-43a4-0911c049e219" testName="Role_Add_Member_Success" computerName="DKSR-EFI-04" duration="00:00:00.0031509" startTime="2023-12-22T09:33:08.4905086+01:00" endTime="2023-12-22T09:33:08.4905086+01:00" testType="13cdc9d9-ddb5-4fa4-a97d-d965ccfc6d4b" outcome="Passed" testListId="8c84fa94-04c1-424b-9868-57a2d4851a1d" relativeResultsDirectory="0490da85-ab13-4064-8f93-76ffdcb13c1b" />
    <UnitTestResult executionId="1b634c50-c4cd-46c6-9d66-25d7d4bf1fc4" testId="cbf50a76-c1d6-e3d2-04f2-a9504eb28170" testName="GetIdpInfo_GivenErrorResponseFromIdpServerValidationLongTimeout_ShouldThrow" computerName="DKSR-EFI-04" duration="00:00:00.0038504" startTime="2023-12-22T09:32:58.5529632+01:00" endTime="2023-12-22T09:32:58.5529632+01:00" testType="13cdc9d9-ddb5-4fa4-a97d-d965ccfc6d4b" outcome="Passed" testListId="8c84fa94-04c1-424b-9868-57a2d4851a1d" relativeResultsDirectory="1b634c50-c4cd-46c6-9d66-25d7d4bf1fc4" />
    <UnitTestResult executionId="7f22059a-1bf2-402d-b531-fec304812384" testId="dda735d1-04db-3037-b385-6b7e0e70d7ee" testName="Management_Refresh_Success" computerName="DKSR-EFI-04" duration="00:00:00.0012706" startTime="2023-12-22T09:33:07.2873801+01:00" endTime="2023-12-22T09:33:07.2873801+01:00" testType="13cdc9d9-ddb5-4fa4-a97d-d965ccfc6d4b" outcome="Passed" testListId="8c84fa94-04c1-424b-9868-57a2d4851a1d" relativeResultsDirectory="7f22059a-1bf2-402d-b531-fec304812384" />
    <UnitTestResult executionId="0e000258-af3c-477c-b0ba-dbd230bd4f8f" testId="fbc45ece-f16d-2d7e-2b07-81328d0bcc76" testName="Role_Remove_Basic_User_Member_Check_Null_Name" computerName="DKSR-EFI-04" duration="00:00:00.0006228" startTime="2023-12-22T09:33:08.5217583+01:00" endTime="2023-12-22T09:33:08.5217583+01:00" testType="13cdc9d9-ddb5-4fa4-a97d-d965ccfc6d4b" outcome="Passed" testListId="8c84fa94-04c1-424b-9868-57a2d4851a1d" relativeResultsDirectory="0e000258-af3c-477c-b0ba-dbd230bd4f8f" />
    <UnitTestResult executionId="795306c5-9ef4-4415-ab24-02660d3f268d" testId="dacedd72-550d-d1bf-d9a6-5d170c95ba1b" testName="MarkedData_Create_Success" computerName="DKSR-EFI-04" duration="00:00:00.0018670" startTime="2023-12-22T09:33:07.3811267+01:00" endTime="2023-12-22T09:33:07.3967549+01:00" testType="13cdc9d9-ddb5-4fa4-a97d-d965ccfc6d4b" outcome="Passed" testListId="8c84fa94-04c1-424b-9868-57a2d4851a1d" relativeResultsDirectory="795306c5-9ef4-4415-ab24-02660d3f268d" />
    <UnitTestResult executionId="fa7786ae-3315-4b9e-b01c-6bf3239efe81" testId="6fdb1f54-f66c-cc3b-e747-47c628e57388" testName="VideoWall_Refresh_Success" computerName="DKSR-EFI-04" duration="00:00:00.0003206" startTime="2023-12-22T09:33:09.7562219+01:00" endTime="2023-12-22T09:33:09.7562219+01:00" testType="13cdc9d9-ddb5-4fa4-a97d-d965ccfc6d4b" outcome="Passed" testListId="8c84fa94-04c1-424b-9868-57a2d4851a1d" relativeResultsDirectory="fa7786ae-3315-4b9e-b01c-6bf3239efe81" />
    <UnitTestResult executionId="93b83646-4a9d-4b01-824d-0e52d7459319" testId="4987760f-7302-a52e-874a-cfbc41b706cf" testName="RecordingStorage_Get_Storage_Information_Failed_Not_Created" computerName="DKSR-EFI-04" duration="00:00:00.0009282" startTime="2023-12-22T09:33:08.3186315+01:00" endTime="2023-12-22T09:33:08.3186315+01:00" testType="13cdc9d9-ddb5-4fa4-a97d-d965ccfc6d4b" outcome="Passed" testListId="8c84fa94-04c1-424b-9868-57a2d4851a1d" relativeResultsDirectory="93b83646-4a9d-4b01-824d-0e52d7459319" />
    <UnitTestResult executionId="5f4d7610-8689-41fd-8fe5-199fd61286fa" testId="19358055-3a08-b321-ab76-b52ffb253ea3" testName="PrivateViewGroup_Delete_Success" computerName="DKSR-EFI-04" duration="00:00:00.0002433" startTime="2023-12-22T09:33:08.0842563+01:00" endTime="2023-12-22T09:33:08.0842563+01:00" testType="13cdc9d9-ddb5-4fa4-a97d-d965ccfc6d4b" outcome="Passed" testListId="8c84fa94-04c1-424b-9868-57a2d4851a1d" relativeResultsDirectory="5f4d7610-8689-41fd-8fe5-199fd61286fa" />
    <UnitTestResult executionId="d8cd53c8-16a1-4aa1-b059-e3a3c9be7c95" testId="63a057b8-d93a-9977-b1b4-fa071e73ba32" testName="FailoverServerGroup_Delete_Success" computerName="DKSR-EFI-04" duration="00:00:00.0004812" startTime="2023-12-22T09:33:07.0530005+01:00" endTime="2023-12-22T09:33:07.0530005+01:00" testType="13cdc9d9-ddb5-4fa4-a97d-d965ccfc6d4b" outcome="Passed" testListId="8c84fa94-04c1-424b-9868-57a2d4851a1d" relativeResultsDirectory="d8cd53c8-16a1-4aa1-b059-e3a3c9be7c95" />
    <UnitTestResult executionId="485fe191-6aca-41a9-ba9f-da3f477ee275" testId="456cfd78-0a00-198c-3ebc-ed4c019c4ad7" testName="MarkedData_Delete_Failed_Not_Created" computerName="DKSR-EFI-04" duration="00:00:00.0006122" startTime="2023-12-22T09:33:07.4280039+01:00" endTime="2023-12-22T09:33:07.4280039+01:00" testType="13cdc9d9-ddb5-4fa4-a97d-d965ccfc6d4b" outcome="Passed" testListId="8c84fa94-04c1-424b-9868-57a2d4851a1d" relativeResultsDirectory="485fe191-6aca-41a9-ba9f-da3f477ee275" />
    <UnitTestResult executionId="7161dcae-4c70-4765-9024-4e7bdcf87813" testId="066db0e8-7c2f-2450-7b03-19ea9406f013" testName="MIPObject_Refresh_Success" computerName="DKSR-EFI-04" duration="00:00:00.0006336" startTime="2023-12-22T09:33:07.5373792+01:00" endTime="2023-12-22T09:33:07.5373792+01:00" testType="13cdc9d9-ddb5-4fa4-a97d-d965ccfc6d4b" outcome="Passed" testListId="8c84fa94-04c1-424b-9868-57a2d4851a1d" relativeResultsDirectory="7161dcae-4c70-4765-9024-4e7bdcf87813" />
    <UnitTestResult executionId="ebd5544d-fa2b-49d7-bd8e-128bd28e62e6" testId="a76e7ffb-bf22-99c0-a6dc-ec511ac01fd2" testName="TaskRepairing_InternalCreate_Success" computerName="DKSR-EFI-04" duration="00:00:00.0011782" startTime="2023-12-22T09:33:09.5061387+01:00" endTime="2023-12-22T09:33:09.5061387+01:00" testType="13cdc9d9-ddb5-4fa4-a97d-d965ccfc6d4b" outcome="Passed" testListId="8c84fa94-04c1-424b-9868-57a2d4851a1d" relativeResultsDirectory="ebd5544d-fa2b-49d7-bd8e-128bd28e62e6" />
    <UnitTestResult executionId="8836b8c2-6dc7-4ea1-9fa8-f6b86164cc8c" testId="42e62a98-6817-8d63-2160-7b6bbc0c9cea" testName="GetFastestIdpInfo_GivenNullAddresses_ShouldThrow" computerName="DKSR-EFI-04" duration="00:00:00.0051200" startTime="2023-12-22T09:32:58.5842103+01:00" endTime="2023-12-22T09:32:58.5842103+01:00" testType="13cdc9d9-ddb5-4fa4-a97d-d965ccfc6d4b" outcome="Passed" testListId="8c84fa94-04c1-424b-9868-57a2d4851a1d" relativeResultsDirectory="8836b8c2-6dc7-4ea1-9fa8-f6b86164cc8c" />
    <UnitTestResult executionId="2162f2e9-772c-46d5-bb1c-9d4ff935318f" testId="f84a7119-08ac-5d8d-bd12-7860ff77976c" testName="CalendarTimeProfile_Create60WithId_CheckVersionCalled" computerName="DKSR-EFI-04" duration="00:00:00.0002356" startTime="2023-12-22T09:33:09.5842627+01:00" endTime="2023-12-22T09:33:09.5842627+01:00" testType="13cdc9d9-ddb5-4fa4-a97d-d965ccfc6d4b" outcome="Passed" testListId="8c84fa94-04c1-424b-9868-57a2d4851a1d" relativeResultsDirectory="2162f2e9-772c-46d5-bb1c-9d4ff935318f" />
    <UnitTestResult executionId="8aa0ac2d-d724-40c7-80cf-6b6f97a539e6" testId="baf17b1e-6bf7-46c2-00f9-e86fec5c4340" testName="CameraDevice_ChangeRecordingStorage_Fail_When_Deleted" computerName="DKSR-EFI-04" duration="00:00:00.0006986" startTime="2023-12-22T09:33:08.1467574+01:00" endTime="2023-12-22T09:33:08.1467574+01:00" testType="13cdc9d9-ddb5-4fa4-a97d-d965ccfc6d4b" outcome="Passed" testListId="8c84fa94-04c1-424b-9868-57a2d4851a1d" relativeResultsDirectory="8aa0ac2d-d724-40c7-80cf-6b6f97a539e6" />
    <UnitTestResult executionId="df6cc4c0-1876-4b5e-822b-c0735eec9c42" testId="4dc71277-993b-f2e8-9fe2-1d9087352aa3" testName="RetentionOptionRoleRelation_Constructor_Property_Null_Check" computerName="DKSR-EFI-04" duration="00:00:00.0006384" startTime="2023-12-22T09:33:08.4123833+01:00" endTime="2023-12-22T09:33:08.4123833+01:00" testType="13cdc9d9-ddb5-4fa4-a97d-d965ccfc6d4b" outcome="Passed" testListId="8c84fa94-04c1-424b-9868-57a2d4851a1d" relativeResultsDirectory="df6cc4c0-1876-4b5e-822b-c0735eec9c42" />
    <UnitTestResult executionId="78f6458f-0ba1-41e5-b7ab-05446353a641" testId="8c655826-7bfe-6611-a31b-c1c71d90f459" testName="TaskDeleteIdpUser_StartNew_Success" computerName="DKSR-EFI-04" duration="00:00:00.0008885" startTime="2023-12-22T09:33:09.4592627+01:00" endTime="2023-12-22T09:33:09.4592627+01:00" testType="13cdc9d9-ddb5-4fa4-a97d-d965ccfc6d4b" outcome="Passed" testListId="8c84fa94-04c1-424b-9868-57a2d4851a1d" relativeResultsDirectory="78f6458f-0ba1-41e5-b7ab-05446353a641" />
    <UnitTestResult executionId="3e517e9e-c88a-4acb-bfe8-5a403c5eec42" testId="0a1b016b-3e45-4017-464a-fe98f0c6ccb8" testName="PerformanceStateRuleConfiguration_Refresh_Success" computerName="DKSR-EFI-04" duration="00:00:00.0005084" startTime="2023-12-22T09:33:08.0217557+01:00" endTime="2023-12-22T09:33:08.0217557+01:00" testType="13cdc9d9-ddb5-4fa4-a97d-d965ccfc6d4b" outcome="Passed" testListId="8c84fa94-04c1-424b-9868-57a2d4851a1d" relativeResultsDirectory="3e517e9e-c88a-4acb-bfe8-5a403c5eec42" />
    <UnitTestResult executionId="ffc85db1-0b06-4db1-85c8-900ababba8d1" testId="477e32b3-1599-d40a-d8bc-a1ca5fcfbec3" testName="FailoverServer_Create_Success" computerName="DKSR-EFI-04" duration="00:00:00.0006843" startTime="2023-12-22T09:33:07.1311246+01:00" endTime="2023-12-22T09:33:07.1311246+01:00" testType="13cdc9d9-ddb5-4fa4-a97d-d965ccfc6d4b" outcome="Passed" testListId="8c84fa94-04c1-424b-9868-57a2d4851a1d" relativeResultsDirectory="ffc85db1-0b06-4db1-85c8-900ababba8d1" />
    <UnitTestResult executionId="695ecbad-feec-4a95-b21f-ae98a648943d" testId="b7241b1c-5cc3-ccaf-39f0-606a89437376" testName="ExceptionConverter_GetConnectionConvertedException_EndpointNotFoundException" computerName="DKSR-EFI-04" duration="00:00:00.0006632" startTime="2023-12-22T09:33:09.9592649+01:00" endTime="2023-12-22T09:33:09.9592649+01:00" testType="13cdc9d9-ddb5-4fa4-a97d-d965ccfc6d4b" outcome="Passed" testListId="8c84fa94-04c1-424b-9868-57a2d4851a1d" relativeResultsDirectory="695ecbad-feec-4a95-b21f-ae98a648943d" />
    <UnitTestResult executionId="bb1db6d0-d7f2-4fe1-bfa2-4c2b6a619114" testId="d9fbc08d-a618-6a45-6259-18cefeadfcd3" testName="PrivateViewGroup_ConstructorWithParent_DefaultValuesCorrect" computerName="DKSR-EFI-04" duration="00:00:00.0006486" startTime="2023-12-22T09:33:08.0686324+01:00" endTime="2023-12-22T09:33:08.0686324+01:00" testType="13cdc9d9-ddb5-4fa4-a97d-d965ccfc6d4b" outcome="Passed" testListId="8c84fa94-04c1-424b-9868-57a2d4851a1d" relativeResultsDirectory="bb1db6d0-d7f2-4fe1-bfa2-4c2b6a619114" />
    <UnitTestResult executionId="8e79c6f5-d9f5-4da2-a341-de928e2ad369" testId="4b1c9fd5-c55e-1ac7-c247-da8b5bc22cfd" testName="BasicUser_Create_Success" computerName="DKSR-EFI-04" duration="00:00:00.0004104" startTime="2023-12-22T09:33:06.8655013+01:00" endTime="2023-12-22T09:33:06.8655013+01:00" testType="13cdc9d9-ddb5-4fa4-a97d-d965ccfc6d4b" outcome="Passed" testListId="8c84fa94-04c1-424b-9868-57a2d4851a1d" relativeResultsDirectory="8e79c6f5-d9f5-4da2-a341-de928e2ad369" />
    <UnitTestResult executionId="2ed8801d-de03-4ee0-971d-0055e58ba3c8" testId="6a3b15fd-8992-dcb6-1e1e-0dcb1a0e3361" testName="ProxyClientServiceBase_CallWithRetry_NoRetry_CommunicationException_IdentityServerTokenExceptionInner" computerName="DKSR-EFI-04" duration="00:00:00.0005299" startTime="2023-12-22T09:33:09.9905159+01:00" endTime="2023-12-22T09:33:10.0061418+01:00" testType="13cdc9d9-ddb5-4fa4-a97d-d965ccfc6d4b" outcome="Passed" testListId="8c84fa94-04c1-424b-9868-57a2d4851a1d" relativeResultsDirectory="2ed8801d-de03-4ee0-971d-0055e58ba3c8" />
    <UnitTestResult executionId="33caa60f-dc20-4883-95b0-45645d7370cd" testId="8c919fb2-e426-f681-7eea-a918e962357f" testName="Monitor_Create_CheckVersionNotCalled" computerName="DKSR-EFI-04" duration="00:00:00.0002718" startTime="2023-12-22T09:33:07.5998823+01:00" endTime="2023-12-22T09:33:07.5998823+01:00" testType="13cdc9d9-ddb5-4fa4-a97d-d965ccfc6d4b" outcome="Passed" testListId="8c84fa94-04c1-424b-9868-57a2d4851a1d" relativeResultsDirectory="33caa60f-dc20-4883-95b0-45645d7370cd" />
    <UnitTestResult executionId="3ab9ea8d-e25b-4bf1-89cf-e959b91e7f9a" testId="24d1b82b-a890-7a9c-2f4f-4ff21d01978b" testName="Hardware_Update_Success" computerName="DKSR-EFI-04" duration="00:00:00.0004333" startTime="2023-12-22T09:33:08.2092565+01:00" endTime="2023-12-22T09:33:08.2092565+01:00" testType="13cdc9d9-ddb5-4fa4-a97d-d965ccfc6d4b" outcome="Passed" testListId="8c84fa94-04c1-424b-9868-57a2d4851a1d" relativeResultsDirectory="3ab9ea8d-e25b-4bf1-89cf-e959b91e7f9a" />
    <UnitTestResult executionId="1f1a7611-fc7a-4302-8a17-a2da490f0c20" testId="4e34a0c7-e0a8-2828-4378-635974a2dcbc" testName="PatrollingProfile_RemoveStepAt" computerName="DKSR-EFI-04" duration="00:00:00.0012569" startTime="2023-12-22T09:33:07.9748807+01:00" endTime="2023-12-22T09:33:07.9748807+01:00" testType="13cdc9d9-ddb5-4fa4-a97d-d965ccfc6d4b" outcome="Passed" testListId="8c84fa94-04c1-424b-9868-57a2d4851a1d" relativeResultsDirectory="1f1a7611-fc7a-4302-8a17-a2da490f0c20" />
    <UnitTestResult executionId="41d76e55-c14a-4e8a-95aa-8feedc7a53d8" testId="717c9c26-348a-7136-592c-3e0c4dc8d603" testName="TrustedIssuer_Delete_Success" computerName="DKSR-EFI-04" duration="00:00:00.0003534" startTime="2023-12-22T09:33:09.6467628+01:00" endTime="2023-12-22T09:33:09.6467628+01:00" testType="13cdc9d9-ddb5-4fa4-a97d-d965ccfc6d4b" outcome="Passed" testListId="8c84fa94-04c1-424b-9868-57a2d4851a1d" relativeResultsDirectory="41d76e55-c14a-4e8a-95aa-8feedc7a53d8" />
    <UnitTestResult executionId="cda6805b-3d9b-422f-92d0-a7b8e7bba4f3" testId="5e51178d-c090-6fd7-c27f-04e3e74bd42f" testName="RecordingStorage_EnableEncryption_Failed_Wrong_Method_None" computerName="DKSR-EFI-04" duration="00:00:00.0009695" startTime="2023-12-22T09:33:08.3498813+01:00" endTime="2023-12-22T09:33:08.3498813+01:00" testType="13cdc9d9-ddb5-4fa4-a97d-d965ccfc6d4b" outcome="Passed" testListId="8c84fa94-04c1-424b-9868-57a2d4851a1d" relativeResultsDirectory="cda6805b-3d9b-422f-92d0-a7b8e7bba4f3" />
    <UnitTestResult executionId="02d23ba8-aebd-4415-a124-d4b495d3a263" testId="3aa7df36-11fe-1cc4-e0ce-8bf81be0287a" testName="PrivateViewGroup_Refresh_Success" computerName="DKSR-EFI-04" duration="00:00:00.0002515" startTime="2023-12-22T09:33:08.0842563+01:00" endTime="2023-12-22T09:33:08.0842563+01:00" testType="13cdc9d9-ddb5-4fa4-a97d-d965ccfc6d4b" outcome="Passed" testListId="8c84fa94-04c1-424b-9868-57a2d4851a1d" relativeResultsDirectory="02d23ba8-aebd-4415-a124-d4b495d3a263" />
    <UnitTestResult executionId="24e9b037-a5c4-45ac-9f19-614486256163" testId="dd74fdb8-50db-17b8-59ef-fa8a5d70c0e7" testName="GetSiteConnectionResult_GivenHttpAddresses_ShouldReturnFastestSucccess" computerName="DKSR-EFI-04" duration="00:00:01.0679954" startTime="2023-12-22T09:32:57.0373275+01:00" endTime="2023-12-22T09:32:58.0998342+01:00" testType="13cdc9d9-ddb5-4fa4-a97d-d965ccfc6d4b" outcome="Passed" testListId="8c84fa94-04c1-424b-9868-57a2d4851a1d" relativeResultsDirectory="24e9b037-a5c4-45ac-9f19-614486256163" />
    <UnitTestResult executionId="17a912f4-b254-446e-b62b-311a2fce6186" testId="89bee59c-4106-05e2-1fd8-4908668b357f" testName="Construct_ValidInstance_WithCorrectAncestory_Success" computerName="DKSR-EFI-04" duration="00:00:00.0007023" startTime="2023-12-22T09:33:10.6311427+01:00" endTime="2023-12-22T09:33:10.6311427+01:00" testType="13cdc9d9-ddb5-4fa4-a97d-d965ccfc6d4b" outcome="Passed" testListId="8c84fa94-04c1-424b-9868-57a2d4851a1d" relativeResultsDirectory="17a912f4-b254-446e-b62b-311a2fce6186" />
    <UnitTestResult executionId="be60b5f7-3ed4-4a02-9770-2a9bddabbd11" testId="9a27e1bb-32db-df63-a1f2-721797c755e4" testName="SunClockTimeProfile_Create_Success_Constructor" computerName="DKSR-EFI-04" duration="00:00:00.0002079" startTime="2023-12-22T09:33:09.5998886+01:00" endTime="2023-12-22T09:33:09.5998886+01:00" testType="13cdc9d9-ddb5-4fa4-a97d-d965ccfc6d4b" outcome="Passed" testListId="8c84fa94-04c1-424b-9868-57a2d4851a1d" relativeResultsDirectory="be60b5f7-3ed4-4a02-9770-2a9bddabbd11" />
    <UnitTestResult executionId="aa798e9d-c890-4928-b216-0917e274cbcb" testId="de740a7f-1805-ccbb-beb5-ab87db04a4da" testName="Construct_InvalidParam_ISiteAddressCache_Null_Throws_ArgumentNullException" computerName="DKSR-EFI-04" duration="00:00:00.0123943" startTime="2023-12-22T09:33:10.6000036+01:00" endTime="2023-12-22T09:33:10.6155198+01:00" testType="13cdc9d9-ddb5-4fa4-a97d-d965ccfc6d4b" outcome="Passed" testListId="8c84fa94-04c1-424b-9868-57a2d4851a1d" relativeResultsDirectory="aa798e9d-c890-4928-b216-0917e274cbcb" />
    <UnitTestResult executionId="40f9dffb-0373-4eeb-ae8d-9a314068aee1" testId="77c7e0b0-ebdf-3c04-24e4-82649849c9bf" testName="MIPDeviceEvent_Delete_Success" computerName="DKSR-EFI-04" duration="00:00:00.0003502" startTime="2023-12-22T09:33:07.4748777+01:00" endTime="2023-12-22T09:33:07.4748777+01:00" testType="13cdc9d9-ddb5-4fa4-a97d-d965ccfc6d4b" outcome="Passed" testListId="8c84fa94-04c1-424b-9868-57a2d4851a1d" relativeResultsDirectory="40f9dffb-0373-4eeb-ae8d-9a314068aee1" />
    <UnitTestResult executionId="ad42855e-61d0-436b-b272-9891a004f466" testId="49897fa8-afbf-aa8f-42ea-750e9df55079" testName="DeviceGroup_Repository_Registered" computerName="DKSR-EFI-04" duration="00:00:00.0008402" startTime="2023-12-22T09:33:07.0220271+01:00" endTime="2023-12-22T09:33:07.0220271+01:00" testType="13cdc9d9-ddb5-4fa4-a97d-d965ccfc6d4b" outcome="Passed" testListId="8c84fa94-04c1-424b-9868-57a2d4851a1d" relativeResultsDirectory="ad42855e-61d0-436b-b272-9891a004f466" />
    <UnitTestResult executionId="5cd68654-4ec0-4c3a-9209-286e3b445522" testId="9b3efce4-69d6-977f-0853-0434039b24ee" testName="Add_DuplicateItem_ShouldPreventAddingDuplicateItem" computerName="DKSR-EFI-04" duration="00:00:00.0026757" startTime="2023-12-22T09:33:05.8498700+01:00" endTime="2023-12-22T09:33:05.8498700+01:00" testType="13cdc9d9-ddb5-4fa4-a97d-d965ccfc6d4b" outcome="Passed" testListId="8c84fa94-04c1-424b-9868-57a2d4851a1d" relativeResultsDirectory="5cd68654-4ec0-4c3a-9209-286e3b445522" />
    <UnitTestResult executionId="527b9c4e-564b-46ce-92f2-e2ac9be8803b" testId="8e085391-7266-03a5-da23-786ae9cb2280" testName="TaskMoveArchiveStorage_StartNew_Success" computerName="DKSR-EFI-04" duration="00:00:00.0041670" startTime="2023-12-22T09:33:09.4905127+01:00" endTime="2023-12-22T09:33:09.4905127+01:00" testType="13cdc9d9-ddb5-4fa4-a97d-d965ccfc6d4b" outcome="Passed" testListId="8c84fa94-04c1-424b-9868-57a2d4851a1d" relativeResultsDirectory="527b9c4e-564b-46ce-92f2-e2ac9be8803b" />
    <UnitTestResult executionId="597867a3-88a5-4a00-8389-8bbe986a311c" testId="30706899-717f-9653-8d60-4d7641499993" testName="FailoverServerGroup_Refresh_Success" computerName="DKSR-EFI-04" duration="00:00:00.0003775" startTime="2023-12-22T09:33:07.0530005+01:00" endTime="2023-12-22T09:33:07.0530005+01:00" testType="13cdc9d9-ddb5-4fa4-a97d-d965ccfc6d4b" outcome="Passed" testListId="8c84fa94-04c1-424b-9868-57a2d4851a1d" relativeResultsDirectory="597867a3-88a5-4a00-8389-8bbe986a311c" />
    <UnitTestResult executionId="38ddce5f-fdff-4f30-b66e-61ad49e15435" testId="e68c940d-e42a-1511-394e-a4faeeffa642" testName="ProxyClientServiceBase_CallWithRetry_NoRetry_CommunicationException_IdpInner" computerName="DKSR-EFI-04" duration="00:00:00.0005920" startTime="2023-12-22T09:33:09.9905159+01:00" endTime="2023-12-22T09:33:09.9905159+01:00" testType="13cdc9d9-ddb5-4fa4-a97d-d965ccfc6d4b" outcome="Passed" testListId="8c84fa94-04c1-424b-9868-57a2d4851a1d" relativeResultsDirectory="38ddce5f-fdff-4f30-b66e-61ad49e15435" />
    <UnitTestResult executionId="9ec27845-1148-4cdf-881a-8265105a8d6f" testId="b91687bc-370b-e22f-08aa-c38e05c6cc39" testName="MarkedData_IsCreated_Success" computerName="DKSR-EFI-04" duration="00:00:00.0001872" startTime="2023-12-22T09:33:07.4436268+01:00" endTime="2023-12-22T09:33:07.4436268+01:00" testType="13cdc9d9-ddb5-4fa4-a97d-d965ccfc6d4b" outcome="Passed" testListId="8c84fa94-04c1-424b-9868-57a2d4851a1d" relativeResultsDirectory="9ec27845-1148-4cdf-881a-8265105a8d6f" />
    <UnitTestResult executionId="8808cf04-f910-42c9-a098-b6866c759962" testId="af500a3c-0d31-8f0c-a63f-7fc02c720397" testName="ErrorResultInstance_ThrowsIfNotFailed" computerName="DKSR-EFI-04" duration="00:00:00.0025956" startTime="2023-12-22T09:33:08.8811356+01:00" endTime="2023-12-22T09:33:08.8811356+01:00" testType="13cdc9d9-ddb5-4fa4-a97d-d965ccfc6d4b" outcome="Passed" testListId="8c84fa94-04c1-424b-9868-57a2d4851a1d" relativeResultsDirectory="8808cf04-f910-42c9-a098-b6866c759962" />
    <UnitTestResult executionId="107a11f7-47d0-4a78-94b4-9c500200e5dc" testId="4ecdbed6-4bdb-5c2b-34a1-a0870150b3ae" testName="ServerConnection_Constructor_TokenCache_UseHttps" computerName="DKSR-EFI-04" duration="00:00:00.0004460" startTime="2023-12-22T09:33:10.1155144+01:00" endTime="2023-12-22T09:33:10.1155144+01:00" testType="13cdc9d9-ddb5-4fa4-a97d-d965ccfc6d4b" outcome="Passed" testListId="8c84fa94-04c1-424b-9868-57a2d4851a1d" relativeResultsDirectory="107a11f7-47d0-4a78-94b4-9c500200e5dc" />
    <UnitTestResult executionId="3b649080-93bf-47f8-b3cb-50bfc2692b2b" testId="b247fba0-e363-fcb5-810e-690d53f50937" testName="Get_GivenSiteAddress_ShouldSuccess" computerName="DKSR-EFI-04" duration="00:00:00.0005314" startTime="2023-12-22T09:33:06.3342471+01:00" endTime="2023-12-22T09:33:06.3342471+01:00" testType="13cdc9d9-ddb5-4fa4-a97d-d965ccfc6d4b" outcome="Passed" testListId="8c84fa94-04c1-424b-9868-57a2d4851a1d" relativeResultsDirectory="3b649080-93bf-47f8-b3cb-50bfc2692b2b" />
    <UnitTestResult executionId="938fcfc1-7f22-4aed-a02c-14f45bffc551" testId="c57beb0f-eec2-daf6-57e9-e2c0bb410564" testName="PublicViewGroup_Constructor_DefaultValuesCorrect" computerName="DKSR-EFI-04" duration="00:00:00.0015668" startTime="2023-12-22T09:33:08.0842563+01:00" endTime="2023-12-22T09:33:08.0842563+01:00" testType="13cdc9d9-ddb5-4fa4-a97d-d965ccfc6d4b" outcome="Passed" testListId="8c84fa94-04c1-424b-9868-57a2d4851a1d" relativeResultsDirectory="938fcfc1-7f22-4aed-a02c-14f45bffc551" />
    <UnitTestResult executionId="00bcb835-a167-423d-9641-59defb0dd742" testId="e72460b8-2893-9db9-3f53-70b769bacc12" testName="MarkedData_Undo_Success" computerName="DKSR-EFI-04" duration="00:00:00.0003574" startTime="2023-12-22T09:33:07.4436268+01:00" endTime="2023-12-22T09:33:07.4436268+01:00" testType="13cdc9d9-ddb5-4fa4-a97d-d965ccfc6d4b" outcome="Passed" testListId="8c84fa94-04c1-424b-9868-57a2d4851a1d" relativeResultsDirectory="00bcb835-a167-423d-9641-59defb0dd742" />
    <UnitTestResult executionId="8a3373b9-043e-4e62-af30-226870a9dc41" testId="32d7e112-5303-3e82-5d1d-df2f1030e0c6" testName="BasicUser_Repository_Registered" computerName="DKSR-EFI-04" duration="00:00:00.0002966" startTime="2023-12-22T09:33:06.8811271+01:00" endTime="2023-12-22T09:33:06.8811271+01:00" testType="13cdc9d9-ddb5-4fa4-a97d-d965ccfc6d4b" outcome="Passed" testListId="8c84fa94-04c1-424b-9868-57a2d4851a1d" relativeResultsDirectory="8a3373b9-043e-4e62-af30-226870a9dc41" />
    <UnitTestResult executionId="403704d9-ebdf-4df1-883e-8de7bf382416" testId="49273068-e6d8-4813-444d-2ffb84d5db72" testName="MonitorPreset_Update_Success" computerName="DKSR-EFI-04" duration="00:00:00.0012488" startTime="2023-12-22T09:33:07.5530046+01:00" endTime="2023-12-22T09:33:07.5530046+01:00" testType="13cdc9d9-ddb5-4fa4-a97d-d965ccfc6d4b" outcome="Passed" testListId="8c84fa94-04c1-424b-9868-57a2d4851a1d" relativeResultsDirectory="403704d9-ebdf-4df1-883e-8de7bf382416" />
    <UnitTestResult executionId="ef43f82b-c196-426c-a962-d14f2092117a" testId="9324354b-f535-aa3c-e7a7-348593b2dfd3" testName="Role_Repository_Registered" computerName="DKSR-EFI-04" duration="00:00:00.0002836" startTime="2023-12-22T09:33:08.4748834+01:00" endTime="2023-12-22T09:33:08.4748834+01:00" testType="13cdc9d9-ddb5-4fa4-a97d-d965ccfc6d4b" outcome="Passed" testListId="8c84fa94-04c1-424b-9868-57a2d4851a1d" relativeResultsDirectory="ef43f82b-c196-426c-a962-d14f2092117a" />
    <UnitTestResult executionId="d3256acd-2aff-48be-9105-9169ea22f95d" testId="a40cf24a-04d2-9bac-a015-be3a4fe9912d" testName="AxisOneClickCamera_Refresh_Success" computerName="DKSR-EFI-04" duration="00:00:00.0006068" startTime="2023-12-22T09:33:06.7561240+01:00" endTime="2023-12-22T09:33:06.7561240+01:00" testType="13cdc9d9-ddb5-4fa4-a97d-d965ccfc6d4b" outcome="Passed" testListId="8c84fa94-04c1-424b-9868-57a2d4851a1d" relativeResultsDirectory="d3256acd-2aff-48be-9105-9169ea22f95d" />
    <UnitTestResult executionId="eeaeff4a-2869-4f93-befd-c906042d883e" testId="9b2afd55-c02b-e416-db3f-24907f14c47d" testName="Construct_InvalidParam_IClientTokenSettings_Null_Throws_ArgumentNullException" computerName="DKSR-EFI-04" duration="00:00:00.0006689" startTime="2023-12-22T09:33:10.6311427+01:00" endTime="2023-12-22T09:33:10.6311427+01:00" testType="13cdc9d9-ddb5-4fa4-a97d-d965ccfc6d4b" outcome="Passed" testListId="8c84fa94-04c1-424b-9868-57a2d4851a1d" relativeResultsDirectory="eeaeff4a-2869-4f93-befd-c906042d883e" />
    <UnitTestResult executionId="8d723b39-d2f2-45a8-8b65-ef9653e44810" testId="654824da-831c-dce2-815c-052433d506ed" testName="PatrollingProfile_InsertStepFirst_Create_PatrollingStep_With_ExpectedTransitionTime" computerName="DKSR-EFI-04" duration="00:00:00.0008345" startTime="2023-12-22T09:33:07.9280078+01:00" endTime="2023-12-22T09:33:07.9280078+01:00" testType="13cdc9d9-ddb5-4fa4-a97d-d965ccfc6d4b" outcome="Passed" testListId="8c84fa94-04c1-424b-9868-57a2d4851a1d" relativeResultsDirectory="8d723b39-d2f2-45a8-8b65-ef9653e44810" />
    <UnitTestResult executionId="d8b052d6-e2af-409d-9099-956ce517f511" testId="e245b214-fe82-d416-72b8-33d224c8af24" testName="Grid_Constructor_Null_Grid" computerName="DKSR-EFI-04" duration="00:00:00.0037244" startTime="2023-12-22T09:33:07.1623759+01:00" endTime="2023-12-22T09:33:07.1780013+01:00" testType="13cdc9d9-ddb5-4fa4-a97d-d965ccfc6d4b" outcome="Passed" testListId="8c84fa94-04c1-424b-9868-57a2d4851a1d" relativeResultsDirectory="d8b052d6-e2af-409d-9099-956ce517f511" />
    <UnitTestResult executionId="00246e1f-5216-48c4-9378-1417f9aee880" testId="ea3462a5-ce30-2e6d-29ba-8f2f8f7032e2" testName="TaskAddHardware_Refresh_Success" computerName="DKSR-EFI-04" duration="00:00:00.1224197" startTime="2023-12-22T09:33:08.7248847+01:00" endTime="2023-12-22T09:33:08.8498846+01:00" testType="13cdc9d9-ddb5-4fa4-a97d-d965ccfc6d4b" outcome="Passed" testListId="8c84fa94-04c1-424b-9868-57a2d4851a1d" relativeResultsDirectory="00246e1f-5216-48c4-9378-1417f9aee880" />
    <UnitTestResult executionId="36943d5c-b572-4896-a94c-3ad295c67ada" testId="a17ff5e3-f1d2-d696-57d7-c12b7744d935" testName="MIPAction_Delete_Success" computerName="DKSR-EFI-04" duration="00:00:00.0003337" startTime="2023-12-22T09:33:07.4592515+01:00" endTime="2023-12-22T09:33:07.4592515+01:00" testType="13cdc9d9-ddb5-4fa4-a97d-d965ccfc6d4b" outcome="Passed" testListId="8c84fa94-04c1-424b-9868-57a2d4851a1d" relativeResultsDirectory="36943d5c-b572-4896-a94c-3ad295c67ada" />
    <UnitTestResult executionId="2925efb8-f107-476f-bf7d-f095ceb4bc3d" testId="9f58e3bf-ac9c-8be5-958b-fc524fae0cfd" testName="FailoverServer_Refresh_Success" computerName="DKSR-EFI-04" duration="00:00:00.0006095" startTime="2023-12-22T09:33:07.1467497+01:00" endTime="2023-12-22T09:33:07.1467497+01:00" testType="13cdc9d9-ddb5-4fa4-a97d-d965ccfc6d4b" outcome="Passed" testListId="8c84fa94-04c1-424b-9868-57a2d4851a1d" relativeResultsDirectory="2925efb8-f107-476f-bf7d-f095ceb4bc3d" />
    <UnitTestResult executionId="ea09bb9f-d596-4287-97c0-fd25214d7ed3" testId="71c415b8-c9ea-aeb7-723c-5122b9e2f843" testName="Hardware_Driver_Version_Construct_Device_Pack_Driver3" computerName="DKSR-EFI-04" duration="00:00:00.0002066" startTime="2023-12-22T09:33:08.1936328+01:00" endTime="2023-12-22T09:33:08.1936328+01:00" testType="13cdc9d9-ddb5-4fa4-a97d-d965ccfc6d4b" outcome="Passed" testListId="8c84fa94-04c1-424b-9868-57a2d4851a1d" relativeResultsDirectory="ea09bb9f-d596-4287-97c0-fd25214d7ed3" />
    <UnitTestResult executionId="b566cf14-390c-468b-b020-3aa18575234c" testId="b4652afc-4fcd-2143-f22d-6d9008cbb2c2" testName="CameraDevice_Update_Success" computerName="DKSR-EFI-04" duration="00:00:00.0004585" startTime="2023-12-22T09:33:08.1155068+01:00" endTime="2023-12-22T09:33:08.1155068+01:00" testType="13cdc9d9-ddb5-4fa4-a97d-d965ccfc6d4b" outcome="Passed" testListId="8c84fa94-04c1-424b-9868-57a2d4851a1d" relativeResultsDirectory="b566cf14-390c-468b-b020-3aa18575234c" />
    <UnitTestResult executionId="45f124e2-742b-48da-9f4f-459482a930f5" testId="7679e6da-7885-d983-ad70-f7b5efe86762" testName="SunClockTimeProfile_Constructor_DefaultValuesCorrect" computerName="DKSR-EFI-04" duration="00:00:00.0013567" startTime="2023-12-22T09:33:09.5998886+01:00" endTime="2023-12-22T09:33:09.5998886+01:00" testType="13cdc9d9-ddb5-4fa4-a97d-d965ccfc6d4b" outcome="Passed" testListId="8c84fa94-04c1-424b-9868-57a2d4851a1d" relativeResultsDirectory="45f124e2-742b-48da-9f4f-459482a930f5" />
    <UnitTestResult executionId="1e48ed8d-88ad-4670-81ea-b7a82a80ec40" testId="59de5694-4dc9-6ebd-759a-ba187ea8ed25" testName="Monitor_Create_Success" computerName="DKSR-EFI-04" duration="00:00:00.0004373" startTime="2023-12-22T09:33:07.5842564+01:00" endTime="2023-12-22T09:33:07.5842564+01:00" testType="13cdc9d9-ddb5-4fa4-a97d-d965ccfc6d4b" outcome="Passed" testListId="8c84fa94-04c1-424b-9868-57a2d4851a1d" relativeResultsDirectory="1e48ed8d-88ad-4670-81ea-b7a82a80ec40" />
    <UnitTestResult executionId="30e1c5b1-811c-4ede-a771-d24306c8c171" testId="74cc6748-3958-77fa-7f29-670d020f8cd3" testName="MarkedData_Create_Success_By_Reference" computerName="DKSR-EFI-04" duration="00:00:00.0083722" startTime="2023-12-22T09:33:07.3967549+01:00" endTime="2023-12-22T09:33:07.3967549+01:00" testType="13cdc9d9-ddb5-4fa4-a97d-d965ccfc6d4b" outcome="Passed" testListId="8c84fa94-04c1-424b-9868-57a2d4851a1d" relativeResultsDirectory="30e1c5b1-811c-4ede-a771-d24306c8c171" />
    <UnitTestResult executionId="ce0473da-a149-4dc8-a7a6-dbb1588e4423" testId="894802e4-a232-e078-bf9e-8dc2e44887a3" testName="GetSiteConnection_Windows_GivenLegacySiteVersion_ShouldExecuteLegacyFlow" computerName="DKSR-EFI-04" duration="00:00:00.0082342" startTime="2023-12-22T09:32:58.4592149+01:00" endTime="2023-12-22T09:32:58.4748366+01:00" testType="13cdc9d9-ddb5-4fa4-a97d-d965ccfc6d4b" outcome="Passed" testListId="8c84fa94-04c1-424b-9868-57a2d4851a1d" relativeResultsDirectory="ce0473da-a149-4dc8-a7a6-dbb1588e4423" />
    <UnitTestResult executionId="b835a4be-86fa-4918-8eb4-b715add76fb6" testId="b306b4b4-b01e-e83f-8bed-abc820a675c9" testName="PatrollingProfile_InsertStepFirst_Create_PatrollingStep_Position" computerName="DKSR-EFI-04" duration="00:00:00.0007681" startTime="2023-12-22T09:33:07.9436302+01:00" endTime="2023-12-22T09:33:07.9436302+01:00" testType="13cdc9d9-ddb5-4fa4-a97d-d965ccfc6d4b" outcome="Passed" testListId="8c84fa94-04c1-424b-9868-57a2d4851a1d" relativeResultsDirectory="b835a4be-86fa-4918-8eb4-b715add76fb6" />
    <UnitTestResult executionId="7b394082-e38f-4d2e-8cba-a05456f0f883" testId="ea67a0fc-dde3-352d-2bea-8f11bc8a4ff8" testName="Recorder_Get_Recorder_Information" computerName="DKSR-EFI-04" duration="00:00:00.0013698" startTime="2023-12-22T09:33:08.2561309+01:00" endTime="2023-12-22T09:33:08.2561309+01:00" testType="13cdc9d9-ddb5-4fa4-a97d-d965ccfc6d4b" outcome="Passed" testListId="8c84fa94-04c1-424b-9868-57a2d4851a1d" relativeResultsDirectory="7b394082-e38f-4d2e-8cba-a05456f0f883" />
    <UnitTestResult executionId="046daea1-80d6-4a26-b827-bdce67966009" testId="2dc98344-da0e-fe46-b7e2-1421af8e5b1d" testName="VideoWall_Create_Success" computerName="DKSR-EFI-04" duration="00:00:00.0003505" startTime="2023-12-22T09:33:09.7405151+01:00" endTime="2023-12-22T09:33:09.7405151+01:00" testType="13cdc9d9-ddb5-4fa4-a97d-d965ccfc6d4b" outcome="Passed" testListId="8c84fa94-04c1-424b-9868-57a2d4851a1d" relativeResultsDirectory="046daea1-80d6-4a26-b827-bdce67966009" />
    <UnitTestResult executionId="f57db40b-a697-4c4c-920b-09ef9bf1f317" testId="fe3da681-5f9a-8b89-e373-7218102e7415" testName="UserDefinedEvent_Trigger_Success" computerName="DKSR-EFI-04" duration="00:00:00.0010036" startTime="2023-12-22T09:33:09.7092628+01:00" endTime="2023-12-22T09:33:09.7092628+01:00" testType="13cdc9d9-ddb5-4fa4-a97d-d965ccfc6d4b" outcome="Passed" testListId="8c84fa94-04c1-424b-9868-57a2d4851a1d" relativeResultsDirectory="f57db40b-a697-4c4c-920b-09ef9bf1f317" />
    <UnitTestResult executionId="a10c40a4-04ed-4583-9e2d-7b303506080b" testId="18444128-ff49-6655-1b67-01150c5bdcfa" testName="Constructor_SiteVmoConnector_Null" computerName="DKSR-EFI-04" duration="00:00:00.0041624" startTime="2023-12-22T09:32:56.7717031+01:00" endTime="2023-12-22T09:32:56.7717031+01:00" testType="13cdc9d9-ddb5-4fa4-a97d-d965ccfc6d4b" outcome="Passed" testListId="8c84fa94-04c1-424b-9868-57a2d4851a1d" relativeResultsDirectory="a10c40a4-04ed-4583-9e2d-7b303506080b" />
    <UnitTestResult executionId="9730350a-02ee-4d11-b5ac-a435d5ffae4a" testId="2e4724a5-2b7b-eb65-ebd9-ad0253c0844b" testName="MIPEvent_Trigger_Success" computerName="DKSR-EFI-04" duration="00:00:00.0012478" startTime="2023-12-22T09:33:07.5061284+01:00" endTime="2023-12-22T09:33:07.5061284+01:00" testType="13cdc9d9-ddb5-4fa4-a97d-d965ccfc6d4b" outcome="Passed" testListId="8c84fa94-04c1-424b-9868-57a2d4851a1d" relativeResultsDirectory="9730350a-02ee-4d11-b5ac-a435d5ffae4a" />
    <UnitTestResult executionId="62bde4af-b670-49ad-9421-4e61c96217cf" testId="aec10309-d900-227d-602e-24d8260a96b8" testName="MicrophoneDevice_Repository_Registered" computerName="DKSR-EFI-04" duration="00:00:00.0009371" startTime="2023-12-22T09:33:08.1780064+01:00" endTime="2023-12-22T09:33:08.1780064+01:00" testType="13cdc9d9-ddb5-4fa4-a97d-d965ccfc6d4b" outcome="Passed" testListId="8c84fa94-04c1-424b-9868-57a2d4851a1d" relativeResultsDirectory="62bde4af-b670-49ad-9421-4e61c96217cf" />
    <UnitTestResult executionId="38d30507-8f45-4947-bac0-099ad0bfd2d3" testId="22a1ee5b-9030-e5bc-e843-195f986e0da9" testName="Hardware_Refresh_Fail_Not_Created" computerName="DKSR-EFI-04" duration="00:00:00.0005592" startTime="2023-12-22T09:33:08.2092565+01:00" endTime="2023-12-22T09:33:08.2092565+01:00" testType="13cdc9d9-ddb5-4fa4-a97d-d965ccfc6d4b" outcome="Passed" testListId="8c84fa94-04c1-424b-9868-57a2d4851a1d" relativeResultsDirectory="38d30507-8f45-4947-bac0-099ad0bfd2d3" />
    <UnitTestResult executionId="4d2b5eff-0f90-420d-a8a9-e012b56a94a4" testId="ef727d84-0446-236e-df91-a9083a3b0329" testName="CameraDevice_RequestEdgeStorageRetrieval_Fail_NotSupported" computerName="DKSR-EFI-04" duration="00:00:00.0007856" startTime="2023-12-22T09:33:08.1623819+01:00" endTime="2023-12-22T09:33:08.1623819+01:00" testType="13cdc9d9-ddb5-4fa4-a97d-d965ccfc6d4b" outcome="Passed" testListId="8c84fa94-04c1-424b-9868-57a2d4851a1d" relativeResultsDirectory="4d2b5eff-0f90-420d-a8a9-e012b56a94a4" />
    <UnitTestResult executionId="19a8c357-469b-4d84-b105-7fd8f37066a0" testId="a05996ef-7279-5ce2-e8f8-194e08545129" testName="ProxyClientServiceBase_CallWithRetry_Retry_MessageSecurityException" computerName="DKSR-EFI-04" duration="00:00:00.0004334" startTime="2023-12-22T09:33:10.0061418+01:00" endTime="2023-12-22T09:33:10.0061418+01:00" testType="13cdc9d9-ddb5-4fa4-a97d-d965ccfc6d4b" outcome="Passed" testListId="8c84fa94-04c1-424b-9868-57a2d4851a1d" relativeResultsDirectory="19a8c357-469b-4d84-b105-7fd8f37066a0" />
    <UnitTestResult executionId="3da4939f-4089-46b7-86b6-eec14cd68ba8" testId="114491a9-f586-f63d-d65f-b97c13dfa1c7" testName="GetUserDomainNameOrEmpty_MissingDomain_ReturnsUsername" computerName="DKSR-EFI-04" duration="00:00:00.0004036" startTime="2023-12-22T09:32:58.5060882+01:00" endTime="2023-12-22T09:32:58.5060882+01:00" testType="13cdc9d9-ddb5-4fa4-a97d-d965ccfc6d4b" outcome="Passed" testListId="8c84fa94-04c1-424b-9868-57a2d4851a1d" relativeResultsDirectory="3da4939f-4089-46b7-86b6-eec14cd68ba8" />
    <UnitTestResult executionId="703ea7b5-3073-47e9-bf31-e11d65a9de92" testId="8ca3fe5c-1fec-38cc-139e-5cda860a37d9" testName="ManagementServer_DetachChildSite_Called" computerName="DKSR-EFI-04" duration="00:00:00.0014638" startTime="2023-12-22T09:33:07.3342529+01:00" endTime="2023-12-22T09:33:07.3342529+01:00" testType="13cdc9d9-ddb5-4fa4-a97d-d965ccfc6d4b" outcome="Passed" testListId="8c84fa94-04c1-424b-9868-57a2d4851a1d" relativeResultsDirectory="703ea7b5-3073-47e9-bf31-e11d65a9de92" />
    <UnitTestResult executionId="436ce8d3-54b4-43b4-832a-6f5d4200a273" testId="e3b647fe-2086-1066-486c-69dd1615e14b" testName="ServerVersionConstructor_Clone_Success" computerName="DKSR-EFI-04" duration="00:00:00.0004262" startTime="2023-12-22T09:32:55.9904474+01:00" endTime="2023-12-22T09:32:55.9904474+01:00" testType="13cdc9d9-ddb5-4fa4-a97d-d965ccfc6d4b" outcome="Passed" testListId="8c84fa94-04c1-424b-9868-57a2d4851a1d" relativeResultsDirectory="436ce8d3-54b4-43b4-832a-6f5d4200a273" />
    <UnitTestResult executionId="a1f43d3f-794b-4dd3-845a-d95917008e62" testId="77094078-2d38-3195-3ad3-88b3615b784b" testName="Constructor_SiteAddressCache_Null" computerName="DKSR-EFI-04" duration="00:00:00.0058978" startTime="2023-12-22T09:32:56.7560779+01:00" endTime="2023-12-22T09:32:56.7717031+01:00" testType="13cdc9d9-ddb5-4fa4-a97d-d965ccfc6d4b" outcome="Passed" testListId="8c84fa94-04c1-424b-9868-57a2d4851a1d" relativeResultsDirectory="a1f43d3f-794b-4dd3-845a-d95917008e62" />
    <UnitTestResult executionId="491bccfa-ce33-4e5f-85f1-94b47713fafa" testId="327aea0b-7715-048c-8303-ec05c9eff0d2" testName="Construct_InvalidParam_ISiteVmoConnector_Null_Throws_ArgumentNullException" computerName="DKSR-EFI-04" duration="00:00:00.0011584" startTime="2023-12-22T09:33:10.6000036+01:00" endTime="2023-12-22T09:33:10.6000036+01:00" testType="13cdc9d9-ddb5-4fa4-a97d-d965ccfc6d4b" outcome="Passed" testListId="8c84fa94-04c1-424b-9868-57a2d4851a1d" relativeResultsDirectory="491bccfa-ce33-4e5f-85f1-94b47713fafa" />
    <UnitTestResult executionId="9982f544-133e-48db-bd8b-aa9274043f2d" testId="3f0e4010-1ce0-bc63-b2c7-bf6fc4116d03" testName="Role_Remove_Basic_User_Member_Check_Created" computerName="DKSR-EFI-04" duration="00:00:00.0006518" startTime="2023-12-22T09:33:08.5373822+01:00" endTime="2023-12-22T09:33:08.5373822+01:00" testType="13cdc9d9-ddb5-4fa4-a97d-d965ccfc6d4b" outcome="Passed" testListId="8c84fa94-04c1-424b-9868-57a2d4851a1d" relativeResultsDirectory="9982f544-133e-48db-bd8b-aa9274043f2d" />
    <UnitTestResult executionId="25053b49-0af4-4c25-b1cd-a93681c01fd7" testId="d0554a0e-ba26-a264-8235-a5c7a498e16c" testName="Role_Copy_Role_Success" computerName="DKSR-EFI-04" duration="00:00:00.0016849" startTime="2023-12-22T09:33:08.4748834+01:00" endTime="2023-12-22T09:33:08.4748834+01:00" testType="13cdc9d9-ddb5-4fa4-a97d-d965ccfc6d4b" outcome="Passed" testListId="8c84fa94-04c1-424b-9868-57a2d4851a1d" relativeResultsDirectory="25053b49-0af4-4c25-b1cd-a93681c01fd7" />
    <UnitTestResult executionId="ad9df276-d7d1-4049-a067-ff11c663becb" testId="96eb4e0c-1d26-4061-6cc8-97843949af2c" testName="Construct_Credentials_AllowUnsecure_ForceLegacy_Success" computerName="DKSR-EFI-04" duration="00:00:00.0005479" startTime="2023-12-22T09:33:10.5842667+01:00" endTime="2023-12-22T09:33:10.5842667+01:00" testType="13cdc9d9-ddb5-4fa4-a97d-d965ccfc6d4b" outcome="Passed" testListId="8c84fa94-04c1-424b-9868-57a2d4851a1d" relativeResultsDirectory="ad9df276-d7d1-4049-a067-ff11c663becb" />
    <UnitTestResult executionId="ffbe0eef-7cea-4735-b75f-24f20c922745" testId="8434aa07-b153-cfc3-0803-deaef20fe631" testName="GenericRepositoryTestRefreshObjectNoResultFromServer" computerName="DKSR-EFI-04" duration="00:00:00.0012592" startTime="2023-12-22T09:33:09.8498888+01:00" endTime="2023-12-22T09:33:09.8498888+01:00" testType="13cdc9d9-ddb5-4fa4-a97d-d965ccfc6d4b" outcome="Passed" testListId="8c84fa94-04c1-424b-9868-57a2d4851a1d" relativeResultsDirectory="ffbe0eef-7cea-4735-b75f-24f20c922745" />
    <UnitTestResult executionId="077336dd-e5f2-48a3-8edc-28d943d95585" testId="da970e99-5d30-665b-42e2-538320b2de65" testName="PublicViewGroup_Create_Success" computerName="DKSR-EFI-04" duration="00:00:00.0002700" startTime="2023-12-22T09:33:08.0998820+01:00" endTime="2023-12-22T09:33:08.0998820+01:00" testType="13cdc9d9-ddb5-4fa4-a97d-d965ccfc6d4b" outcome="Passed" testListId="8c84fa94-04c1-424b-9868-57a2d4851a1d" relativeResultsDirectory="077336dd-e5f2-48a3-8edc-28d943d95585" />
    <UnitTestResult executionId="d9b54ab6-94b0-450c-8c15-f35e7a9a64e5" testId="5df9c454-7cbe-bd55-0211-06b8f20caa18" testName="PatrollingProfile_InsertStepAt_Existing_PatrollingStep" computerName="DKSR-EFI-04" duration="00:00:00.0008594" startTime="2023-12-22T09:33:07.8967560+01:00" endTime="2023-12-22T09:33:07.8967560+01:00" testType="13cdc9d9-ddb5-4fa4-a97d-d965ccfc6d4b" outcome="Passed" testListId="8c84fa94-04c1-424b-9868-57a2d4851a1d" relativeResultsDirectory="d9b54ab6-94b0-450c-8c15-f35e7a9a64e5" />
    <UnitTestResult executionId="ad4f1378-1a6c-4ebd-923d-53bafe0ca6aa" testId="045e707a-1078-b7cb-3af0-c83024c5a95c" testName="BasicOwnerInfo_Delete_Success" computerName="DKSR-EFI-04" duration="00:00:00.0003466" startTime="2023-12-22T09:33:06.8186253+01:00" endTime="2023-12-22T09:33:06.8342507+01:00" testType="13cdc9d9-ddb5-4fa4-a97d-d965ccfc6d4b" outcome="Passed" testListId="8c84fa94-04c1-424b-9868-57a2d4851a1d" relativeResultsDirectory="ad4f1378-1a6c-4ebd-923d-53bafe0ca6aa" />
    <UnitTestResult executionId="d1b40980-c2f4-41b3-92e3-947f628bb940" testId="d30d87eb-042e-a85c-750c-9fab31b27443" testName="ManagementServer_AttachChildSite_ArgumentException" computerName="DKSR-EFI-04" duration="00:00:00.0015115" startTime="2023-12-22T09:33:07.3030034+01:00" endTime="2023-12-22T09:33:07.3030034+01:00" testType="13cdc9d9-ddb5-4fa4-a97d-d965ccfc6d4b" outcome="Passed" testListId="8c84fa94-04c1-424b-9868-57a2d4851a1d" relativeResultsDirectory="d1b40980-c2f4-41b3-92e3-947f628bb940" />
    <UnitTestResult executionId="153e1677-9f6f-43a4-a006-c0aed76f5595" testId="780f1c78-3334-7d95-b52a-8b53ce1e56a1" testName="PatrollingProfile_Load_Numbered_Schema_Test" computerName="DKSR-EFI-04" duration="00:00:00.0006521" startTime="2023-12-22T09:33:07.9905066+01:00" endTime="2023-12-22T09:33:08.0061290+01:00" testType="13cdc9d9-ddb5-4fa4-a97d-d965ccfc6d4b" outcome="Passed" testListId="8c84fa94-04c1-424b-9868-57a2d4851a1d" relativeResultsDirectory="153e1677-9f6f-43a4-a006-c0aed76f5595" />
    <UnitTestResult executionId="1aab7adf-32cc-4c75-a989-51a29624e596" testId="41a35dad-985c-ac1c-02d5-c9410322a770" testName="TaskHardwareScan_Create_10_NotSupported" computerName="DKSR-EFI-04" duration="00:00:00.0007482" startTime="2023-12-22T09:33:10.0686404+01:00" endTime="2023-12-22T09:33:10.0842648+01:00" testType="13cdc9d9-ddb5-4fa4-a97d-d965ccfc6d4b" outcome="Passed" testListId="8c84fa94-04c1-424b-9868-57a2d4851a1d" relativeResultsDirectory="1aab7adf-32cc-4c75-a989-51a29624e596" />
    <UnitTestResult executionId="2708a0c6-b2c0-4f13-a1f3-9fd2b53218f7" testId="769dd84a-9fda-bf63-7d8c-498ec36290b9" testName="View_Constructor_DefaultValuesCorrect" computerName="DKSR-EFI-04" duration="00:00:00.0027352" startTime="2023-12-22T09:33:09.7873899+01:00" endTime="2023-12-22T09:33:09.7873899+01:00" testType="13cdc9d9-ddb5-4fa4-a97d-d965ccfc6d4b" outcome="Passed" testListId="8c84fa94-04c1-424b-9868-57a2d4851a1d" relativeResultsDirectory="2708a0c6-b2c0-4f13-a1f3-9fd2b53218f7" />
    <UnitTestResult executionId="630b44e2-c968-4aba-ac16-7e4f355dbc8c" testId="34084c98-44ea-3f8b-2d78-c59969fd8398" testName="CameraDevice_Refresh_Success" computerName="DKSR-EFI-04" duration="00:00:00.0014625" startTime="2023-12-22T09:33:08.0998820+01:00" endTime="2023-12-22T09:33:08.1155068+01:00" testType="13cdc9d9-ddb5-4fa4-a97d-d965ccfc6d4b" outcome="Passed" testListId="8c84fa94-04c1-424b-9868-57a2d4851a1d" relativeResultsDirectory="630b44e2-c968-4aba-ac16-7e4f355dbc8c" />
    <UnitTestResult executionId="359bd290-ee33-4d38-a5db-07d7e1eb7230" testId="f286f172-7e8c-bc8d-99b5-b1e12f8b2bb3" testName="TestGenericRepositoryFunctionsCorrectlyHandlesEmptyCollections" computerName="DKSR-EFI-04" duration="00:00:00.0004033" startTime="2023-12-22T09:33:09.9123896+01:00" endTime="2023-12-22T09:33:09.9123896+01:00" testType="13cdc9d9-ddb5-4fa4-a97d-d965ccfc6d4b" outcome="Passed" testListId="8c84fa94-04c1-424b-9868-57a2d4851a1d" relativeResultsDirectory="359bd290-ee33-4d38-a5db-07d7e1eb7230" />
    <UnitTestResult executionId="d09d1991-a62e-413b-920a-d0aea541d71b" testId="4e539b83-0404-b8fb-a4fe-bd24e445763d" testName="AxisTunnelServer_Constructor_DefaultValuesCorrect" computerName="DKSR-EFI-04" duration="00:00:00.0010494" startTime="2023-12-22T09:33:06.7561240+01:00" endTime="2023-12-22T09:33:06.7717503+01:00" testType="13cdc9d9-ddb5-4fa4-a97d-d965ccfc6d4b" outcome="Passed" testListId="8c84fa94-04c1-424b-9868-57a2d4851a1d" relativeResultsDirectory="d09d1991-a62e-413b-920a-d0aea541d71b" />
    <UnitTestResult executionId="bda981a2-b441-4cea-9d0a-2eb8a5f619bc" testId="bca36cb2-2744-9a6e-ec74-38d95204b268" testName="PatrollingProfile_MoveStepUp" computerName="DKSR-EFI-04" duration="00:00:00.0013749" startTime="2023-12-22T09:33:07.9748807+01:00" endTime="2023-12-22T09:33:07.9748807+01:00" testType="13cdc9d9-ddb5-4fa4-a97d-d965ccfc6d4b" outcome="Passed" testListId="8c84fa94-04c1-424b-9868-57a2d4851a1d" relativeResultsDirectory="bda981a2-b441-4cea-9d0a-2eb8a5f619bc" />
    <UnitTestResult executionId="b7b8fae4-231c-4f41-b42a-62c43b96e8fc" testId="a4ed0c38-0862-ecfc-a696-dc15c911602c" testName="PerformanceStateRuleConfiguration_IsCreated_Success" computerName="DKSR-EFI-04" duration="00:00:00.0002385" startTime="2023-12-22T09:33:08.0530064+01:00" endTime="2023-12-22T09:33:08.0530064+01:00" testType="13cdc9d9-ddb5-4fa4-a97d-d965ccfc6d4b" outcome="Passed" testListId="8c84fa94-04c1-424b-9868-57a2d4851a1d" relativeResultsDirectory="b7b8fae4-231c-4f41-b42a-62c43b96e8fc" />
    <UnitTestResult executionId="37af6285-f0d9-4de4-82b6-203ec629138a" testId="34c7acda-0d62-3aa1-e07d-ecf994bc8301" testName="VideoWall_Delete_Success" computerName="DKSR-EFI-04" duration="00:00:00.0003236" startTime="2023-12-22T09:33:09.7562219+01:00" endTime="2023-12-22T09:33:09.7562219+01:00" testType="13cdc9d9-ddb5-4fa4-a97d-d965ccfc6d4b" outcome="Passed" testListId="8c84fa94-04c1-424b-9868-57a2d4851a1d" relativeResultsDirectory="37af6285-f0d9-4de4-82b6-203ec629138a" />
    <UnitTestResult executionId="66cf1c6e-839e-4a04-878e-e95df886d811" testId="c5328cb2-b885-8b14-28e8-5a9ee0576b7c" testName="Grid_IncreaseGridSize_NumberOfCellsIncreased" computerName="DKSR-EFI-04" duration="00:00:00.0049143" startTime="2023-12-22T09:33:07.1936274+01:00" endTime="2023-12-22T09:33:07.1936274+01:00" testType="13cdc9d9-ddb5-4fa4-a97d-d965ccfc6d4b" outcome="Passed" testListId="8c84fa94-04c1-424b-9868-57a2d4851a1d" relativeResultsDirectory="66cf1c6e-839e-4a04-878e-e95df886d811" />
    <UnitTestResult executionId="f6baa056-cc46-4a41-9c3f-da0b25a9a0f4" testId="b9900db2-cbc2-5c6d-13e9-f7f0df19cf48" testName="BasicUser_Change_Password_Check_Null_Password" computerName="DKSR-EFI-04" duration="00:00:00.0007215" startTime="2023-12-22T09:33:06.8967491+01:00" endTime="2023-12-22T09:33:06.8967491+01:00" testType="13cdc9d9-ddb5-4fa4-a97d-d965ccfc6d4b" outcome="Passed" testListId="8c84fa94-04c1-424b-9868-57a2d4851a1d" relativeResultsDirectory="f6baa056-cc46-4a41-9c3f-da0b25a9a0f4" />
    <UnitTestResult executionId="e0d3d669-996f-45ba-b626-d84e552b4d92" testId="742bdb62-f7ec-73a4-9e58-b719ceb66e15" testName="TaskDeleteIdpAdmin_StartNew_Success" computerName="DKSR-EFI-04" duration="00:00:00.0008405" startTime="2023-12-22T09:33:09.4592627+01:00" endTime="2023-12-22T09:33:09.4592627+01:00" testType="13cdc9d9-ddb5-4fa4-a97d-d965ccfc6d4b" outcome="Passed" testListId="8c84fa94-04c1-424b-9868-57a2d4851a1d" relativeResultsDirectory="e0d3d669-996f-45ba-b626-d84e552b4d92" />
    <UnitTestResult executionId="cbaf542c-173b-47ec-b8b6-4181eaa13ef8" testId="8b60bca8-7666-8662-8a35-c7683a064812" testName="TrustedIssuer_Create_CheckVersionCalled" computerName="DKSR-EFI-04" duration="00:00:00.0003577" startTime="2023-12-22T09:33:09.6467628+01:00" endTime="2023-12-22T09:33:09.6467628+01:00" testType="13cdc9d9-ddb5-4fa4-a97d-d965ccfc6d4b" outcome="Passed" testListId="8c84fa94-04c1-424b-9868-57a2d4851a1d" relativeResultsDirectory="cbaf542c-173b-47ec-b8b6-4181eaa13ef8" />
    <UnitTestResult executionId="883f103c-0638-4e2e-9f28-7cb2c0452c29" testId="1feeeda9-0aa0-2e35-e610-29bad728254c" testName="CameraDevice_RequestEdgeStorageRetrieval_Fail_Not_Created" computerName="DKSR-EFI-04" duration="00:00:00.0007554" startTime="2023-12-22T09:33:08.1467574+01:00" endTime="2023-12-22T09:33:08.1623819+01:00" testType="13cdc9d9-ddb5-4fa4-a97d-d965ccfc6d4b" outcome="Passed" testListId="8c84fa94-04c1-424b-9868-57a2d4851a1d" relativeResultsDirectory="883f103c-0638-4e2e-9f28-7cb2c0452c29" />
    <UnitTestResult executionId="a6cf8025-abbf-4386-a98c-451ab1c46887" testId="3389043b-e51f-9966-6a46-1df0f5e9e992" testName="PrivateViewGroup_Repository_Registered" computerName="DKSR-EFI-04" duration="00:00:00.0003086" startTime="2023-12-22T09:33:08.0842563+01:00" endTime="2023-12-22T09:33:08.0842563+01:00" testType="13cdc9d9-ddb5-4fa4-a97d-d965ccfc6d4b" outcome="Passed" testListId="8c84fa94-04c1-424b-9868-57a2d4851a1d" relativeResultsDirectory="a6cf8025-abbf-4386-a98c-451ab1c46887" />
    <UnitTestResult executionId="02cbc683-841f-4d6e-8ff4-05dd87df14d2" testId="a07fcde9-c61e-0639-2b44-52456ea11e7b" testName="MIPDeviceEvent_Repository_Registered" computerName="DKSR-EFI-04" duration="00:00:00.0005248" startTime="2023-12-22T09:33:07.4748777+01:00" endTime="2023-12-22T09:33:07.4748777+01:00" testType="13cdc9d9-ddb5-4fa4-a97d-d965ccfc6d4b" outcome="Passed" testListId="8c84fa94-04c1-424b-9868-57a2d4851a1d" relativeResultsDirectory="02cbc683-841f-4d6e-8ff4-05dd87df14d2" />
    <UnitTestResult executionId="7a27d06a-0570-438f-820f-96d88343b813" testId="246122c6-ee39-3a60-a746-b4c72482e1eb" testName="ServerVersionConstructor_Version_Failure" computerName="DKSR-EFI-04" duration="00:00:00.0007098" startTime="2023-12-22T09:32:55.9748259+01:00" endTime="2023-12-22T09:32:55.9748259+01:00" testType="13cdc9d9-ddb5-4fa4-a97d-d965ccfc6d4b" outcome="Passed" testListId="8c84fa94-04c1-424b-9868-57a2d4851a1d" relativeResultsDirectory="7a27d06a-0570-438f-820f-96d88343b813" />
    <UnitTestResult executionId="a2304ebf-189f-48f1-93aa-8b9fd3012e33" testId="1503451f-c367-e6f7-efcd-1d7c7d1cd27d" testName="ServerVersionConstructor_CompareToObjLeft_Success" computerName="DKSR-EFI-04" duration="00:00:00.0003694" startTime="2023-12-22T09:32:56.0216994+01:00" endTime="2023-12-22T09:32:56.0216994+01:00" testType="13cdc9d9-ddb5-4fa4-a97d-d965ccfc6d4b" outcome="Passed" testListId="8c84fa94-04c1-424b-9868-57a2d4851a1d" relativeResultsDirectory="a2304ebf-189f-48f1-93aa-8b9fd3012e33" />
    <UnitTestResult executionId="53086df8-1def-45ad-95d2-22d09cf343d0" testId="d2fb9de0-5e4f-ac12-aa83-8550f95e5a01" testName="GenericRepositoryTestGetObjectByIdsServerCalled" computerName="DKSR-EFI-04" duration="00:00:00.0024711" startTime="2023-12-22T09:33:09.8498888+01:00" endTime="2023-12-22T09:33:09.8498888+01:00" testType="13cdc9d9-ddb5-4fa4-a97d-d965ccfc6d4b" outcome="Passed" testListId="8c84fa94-04c1-424b-9868-57a2d4851a1d" relativeResultsDirectory="53086df8-1def-45ad-95d2-22d09cf343d0" />
    <UnitTestResult executionId="23c62da5-ee1d-4ca5-a76a-114f6394de8a" testId="c94caaa0-3d95-fc6f-ccef-52f8da2c21a2" testName="ViewItem_Repository_Registered" computerName="DKSR-EFI-04" duration="00:00:00.0002961" startTime="2023-12-22T09:33:09.7717631+01:00" endTime="2023-12-22T09:33:09.7717631+01:00" testType="13cdc9d9-ddb5-4fa4-a97d-d965ccfc6d4b" outcome="Passed" testListId="8c84fa94-04c1-424b-9868-57a2d4851a1d" relativeResultsDirectory="23c62da5-ee1d-4ca5-a76a-114f6394de8a" />
    <UnitTestResult executionId="539672d7-d810-44b2-b8c7-27a2f6ea9bd3" testId="c6cfc3cd-c751-0fb3-251a-e99db7d16f3b" testName="Monitor_Delete_Success" computerName="DKSR-EFI-04" duration="00:00:00.0004040" startTime="2023-12-22T09:33:07.5842564+01:00" endTime="2023-12-22T09:33:07.5842564+01:00" testType="13cdc9d9-ddb5-4fa4-a97d-d965ccfc6d4b" outcome="Passed" testListId="8c84fa94-04c1-424b-9868-57a2d4851a1d" relativeResultsDirectory="539672d7-d810-44b2-b8c7-27a2f6ea9bd3" />
    <UnitTestResult executionId="ae7f9871-47a8-47a0-b894-eefdb9926185" testId="3aa893ce-4359-816b-56b8-816f5f5650c5" testName="AxisTunnelServer_Create_Success" computerName="DKSR-EFI-04" duration="00:00:00.0003625" startTime="2023-12-22T09:33:06.7717503+01:00" endTime="2023-12-22T09:33:06.7717503+01:00" testType="13cdc9d9-ddb5-4fa4-a97d-d965ccfc6d4b" outcome="Passed" testListId="8c84fa94-04c1-424b-9868-57a2d4851a1d" relativeResultsDirectory="ae7f9871-47a8-47a0-b894-eefdb9926185" />
    <UnitTestResult executionId="33f7bcb4-eead-4f9d-8f7f-3596b9b525d5" testId="17b4e27e-b862-2aa2-3b9c-1e7aef46601c" testName="ProxyClientServiceBase_CallWithRetry_NoRetry_MessageSecurityException_IdpInner" computerName="DKSR-EFI-04" duration="00:00:00.0005767" startTime="2023-12-22T09:33:10.0061418+01:00" endTime="2023-12-22T09:33:10.0061418+01:00" testType="13cdc9d9-ddb5-4fa4-a97d-d965ccfc6d4b" outcome="Passed" testListId="8c84fa94-04c1-424b-9868-57a2d4851a1d" relativeResultsDirectory="33f7bcb4-eead-4f9d-8f7f-3596b9b525d5" />
    <UnitTestResult executionId="87d898de-525e-4b33-b777-86e40a74a875" testId="b4b2ce78-ea17-2c67-91b1-d5289405da01" testName="RecordingStorage_Move_Storage_Success" computerName="DKSR-EFI-04" duration="00:00:00.0022545" startTime="2023-12-22T09:33:08.3186315+01:00" endTime="2023-12-22T09:33:08.3186315+01:00" testType="13cdc9d9-ddb5-4fa4-a97d-d965ccfc6d4b" outcome="Passed" testListId="8c84fa94-04c1-424b-9868-57a2d4851a1d" relativeResultsDirectory="87d898de-525e-4b33-b777-86e40a74a875" />
    <UnitTestResult executionId="14981652-8da6-4316-9394-cc9cd6c0e9fc" testId="ca57744d-4eec-5673-06cd-124c8e5c613d" testName="TryConnectLegacyAsUser_GivenBrokenServerConnection_ShouldDisposeAndReturnNull" computerName="DKSR-EFI-04" duration="00:00:00.0043102" startTime="2023-12-22T09:33:06.4904995+01:00" endTime="2023-12-22T09:33:06.4904995+01:00" testType="13cdc9d9-ddb5-4fa4-a97d-d965ccfc6d4b" outcome="Passed" testListId="8c84fa94-04c1-424b-9868-57a2d4851a1d" relativeResultsDirectory="14981652-8da6-4316-9394-cc9cd6c0e9fc" />
    <UnitTestResult executionId="5d7e755d-bbea-40ad-a7f4-5a583441d249" testId="4acfaa27-13fd-6086-cc4f-f32451bf9a40" testName="ServerVersionConstructor_CompareToRight_Success" computerName="DKSR-EFI-04" duration="00:00:00.0001794" startTime="2023-12-22T09:32:56.0060745+01:00" endTime="2023-12-22T09:32:56.0060745+01:00" testType="13cdc9d9-ddb5-4fa4-a97d-d965ccfc6d4b" outcome="Passed" testListId="8c84fa94-04c1-424b-9868-57a2d4851a1d" relativeResultsDirectory="5d7e755d-bbea-40ad-a7f4-5a583441d249" />
    <UnitTestResult executionId="a818a400-0294-4e59-a446-9d5b076a05b4" testId="aae780d8-556f-5079-aa6b-e21d457492e9" testName="AddVmoClient_GivenValid_ShouldReturnSuccess" computerName="DKSR-EFI-04" duration="00:00:00.0009627" startTime="2023-12-22T09:32:58.3967111+01:00" endTime="2023-12-22T09:32:58.3967111+01:00" testType="13cdc9d9-ddb5-4fa4-a97d-d965ccfc6d4b" outcome="Passed" testListId="8c84fa94-04c1-424b-9868-57a2d4851a1d" relativeResultsDirectory="a818a400-0294-4e59-a446-9d5b076a05b4" />
    <UnitTestResult executionId="8b11297c-d662-4d5f-b1c8-c4fb340d057c" testId="049a46f8-17e3-1e45-9757-3437f732b6aa" testName="UserDefinedEvent_Create_CheckVersionNotCalled" computerName="DKSR-EFI-04" duration="00:00:00.0002332" startTime="2023-12-22T09:33:09.6936386+01:00" endTime="2023-12-22T09:33:09.6936386+01:00" testType="13cdc9d9-ddb5-4fa4-a97d-d965ccfc6d4b" outcome="Passed" testListId="8c84fa94-04c1-424b-9868-57a2d4851a1d" relativeResultsDirectory="8b11297c-d662-4d5f-b1c8-c4fb340d057c" />
    <UnitTestResult executionId="6a28eb06-df7d-40a1-ae01-2e7a85d3f537" testId="4be8e7d7-bca8-9397-e404-43302107cf04" testName="ProxyClientServiceBase_CallWithRetry_Retry_ObjectDisposedException" computerName="DKSR-EFI-04" duration="00:00:00.0005327" startTime="2023-12-22T09:33:10.0217649+01:00" endTime="2023-12-22T09:33:10.0217649+01:00" testType="13cdc9d9-ddb5-4fa4-a97d-d965ccfc6d4b" outcome="Passed" testListId="8c84fa94-04c1-424b-9868-57a2d4851a1d" relativeResultsDirectory="6a28eb06-df7d-40a1-ae01-2e7a85d3f537" />
    <UnitTestResult executionId="e700b6a4-03c1-4f1a-8a61-5eb216548f2d" testId="a7741fc5-35a5-4ccd-597a-5b3467b4e24f" testName="Monitor_ApplyLayout_ApplyLayoutCalled" computerName="DKSR-EFI-04" duration="00:00:00.0019938" startTime="2023-12-22T09:33:07.6623770+01:00" endTime="2023-12-22T09:33:07.6623770+01:00" testType="13cdc9d9-ddb5-4fa4-a97d-d965ccfc6d4b" outcome="Passed" testListId="8c84fa94-04c1-424b-9868-57a2d4851a1d" relativeResultsDirectory="e700b6a4-03c1-4f1a-8a61-5eb216548f2d" />
    <UnitTestResult executionId="34f9f954-ea64-4976-9fde-af3100ac8e87" testId="31fa5d0d-5e74-d1c8-d0a2-8911646c8331" testName="ResolveUICulture_ReturnThreadCurrentUICulture_WhenCurrentUICultureNotSet" computerName="DKSR-EFI-04" duration="00:00:00.0012210" startTime="2023-12-22T09:33:09.9123896+01:00" endTime="2023-12-22T09:33:09.9123896+01:00" testType="13cdc9d9-ddb5-4fa4-a97d-d965ccfc6d4b" outcome="Passed" testListId="8c84fa94-04c1-424b-9868-57a2d4851a1d" relativeResultsDirectory="34f9f954-ea64-4976-9fde-af3100ac8e87" />
    <UnitTestResult executionId="c27f38c1-14bc-426a-a657-d5c388017c94" testId="fe15a62a-41ec-bf64-64fd-c9c26c4f9b53" testName="RecordingStorage_Set_As_Default_Success" computerName="DKSR-EFI-04" duration="00:00:00.0012147" startTime="2023-12-22T09:33:08.3342582+01:00" endTime="2023-12-22T09:33:08.3342582+01:00" testType="13cdc9d9-ddb5-4fa4-a97d-d965ccfc6d4b" outcome="Passed" testListId="8c84fa94-04c1-424b-9868-57a2d4851a1d" relativeResultsDirectory="c27f38c1-14bc-426a-a657-d5c388017c94" />
    <UnitTestResult executionId="46138c3d-cae7-470c-a83e-a5d1f4bbdbbb" testId="732503f7-8bcf-26ff-34de-71c5b627ff61" testName="RetentionOptionRoleRelation_Refresh_Success" computerName="DKSR-EFI-04" duration="00:00:00.0004033" startTime="2023-12-22T09:33:08.4280072+01:00" endTime="2023-12-22T09:33:08.4280072+01:00" testType="13cdc9d9-ddb5-4fa4-a97d-d965ccfc6d4b" outcome="Passed" testListId="8c84fa94-04c1-424b-9868-57a2d4851a1d" relativeResultsDirectory="46138c3d-cae7-470c-a83e-a5d1f4bbdbbb" />
    <UnitTestResult executionId="8096fd32-bfa6-4725-a1c3-571b15f395cf" testId="f8fd1a06-1ab8-77ad-0b71-ac8f592c9bca" testName="Grid_Constructor_Empty_Grid" computerName="DKSR-EFI-04" duration="00:00:00.0001729" startTime="2023-12-22T09:33:07.1780013+01:00" endTime="2023-12-22T09:33:07.1780013+01:00" testType="13cdc9d9-ddb5-4fa4-a97d-d965ccfc6d4b" outcome="Passed" testListId="8c84fa94-04c1-424b-9868-57a2d4851a1d" relativeResultsDirectory="8096fd32-bfa6-4725-a1c3-571b15f395cf" />
    <UnitTestResult executionId="02f37dd3-589b-47d4-8fd4-05c541a05708" testId="8c36f616-16a9-da46-946a-1b91a8d4936b" testName="PatrollingProfile_InsertStepLast_Existing_PatrollingStep_Position" computerName="DKSR-EFI-04" duration="00:00:00.0007552" startTime="2023-12-22T09:33:07.9592540+01:00" endTime="2023-12-22T09:33:07.9592540+01:00" testType="13cdc9d9-ddb5-4fa4-a97d-d965ccfc6d4b" outcome="Passed" testListId="8c84fa94-04c1-424b-9868-57a2d4851a1d" relativeResultsDirectory="02f37dd3-589b-47d4-8fd4-05c541a05708" />
    <UnitTestResult executionId="994348b5-1916-4960-8c0f-0fda07eb8ed8" testId="9ec86789-853d-b24c-4277-85751b82010a" testName="FailoverServer_GetHardwareDrivers_Before_v70_NotSupported" computerName="DKSR-EFI-04" duration="00:00:00.0031855" startTime="2023-12-22T09:33:07.1623759+01:00" endTime="2023-12-22T09:33:07.1623759+01:00" testType="13cdc9d9-ddb5-4fa4-a97d-d965ccfc6d4b" outcome="Passed" testListId="8c84fa94-04c1-424b-9868-57a2d4851a1d" relativeResultsDirectory="994348b5-1916-4960-8c0f-0fda07eb8ed8" />
    <UnitTestResult executionId="cac899df-f722-4e6b-b1ad-89444ce746c3" testId="244393d8-045b-80c6-1620-1dfde66bcfa9" testName="SunClockTimeProfile_Create60WithId_NotSupportedException" computerName="DKSR-EFI-04" duration="00:00:00.0006493" startTime="2023-12-22T09:33:09.6311388+01:00" endTime="2023-12-22T09:33:09.6311388+01:00" testType="13cdc9d9-ddb5-4fa4-a97d-d965ccfc6d4b" outcome="Passed" testListId="8c84fa94-04c1-424b-9868-57a2d4851a1d" relativeResultsDirectory="cac899df-f722-4e6b-b1ad-89444ce746c3" />
    <UnitTestResult executionId="99cbe085-f900-40d5-af19-50266a5c4810" testId="b83be294-6532-01c7-4f9a-6a7ef7b4b6ba" testName="PatrollingProfile_InsertStepAt_Existing_PatrollingStep_Position" computerName="DKSR-EFI-04" duration="00:00:00.0047413" startTime="2023-12-22T09:33:07.9123796+01:00" endTime="2023-12-22T09:33:07.9123796+01:00" testType="13cdc9d9-ddb5-4fa4-a97d-d965ccfc6d4b" outcome="Passed" testListId="8c84fa94-04c1-424b-9868-57a2d4851a1d" relativeResultsDirectory="99cbe085-f900-40d5-af19-50266a5c4810" />
    <UnitTestResult executionId="df14bce9-d52e-4640-bdd7-b1d370ca2e4f" testId="926fe379-e3d5-bd41-aae6-1a5da790924c" testName="IsAddressSchemeAllowed_Https_AllowHttp_True" computerName="DKSR-EFI-04" duration="00:00:00.0001566" startTime="2023-12-22T09:32:56.5998304+01:00" endTime="2023-12-22T09:32:56.5998304+01:00" testType="13cdc9d9-ddb5-4fa4-a97d-d965ccfc6d4b" outcome="Passed" testListId="8c84fa94-04c1-424b-9868-57a2d4851a1d" relativeResultsDirectory="df14bce9-d52e-4640-bdd7-b1d370ca2e4f" />
    <UnitTestResult executionId="29e7e9a1-ac77-442a-8343-8c5bdaeb4e24" testId="c5ea9001-faff-713a-6960-29bbe6404bb8" testName="MetadataDeviceGroup_Refresh_Success" computerName="DKSR-EFI-04" duration="00:00:00.0016138" startTime="2023-12-22T09:33:06.9280011+01:00" endTime="2023-12-22T09:33:06.9280011+01:00" testType="13cdc9d9-ddb5-4fa4-a97d-d965ccfc6d4b" outcome="Passed" testListId="8c84fa94-04c1-424b-9868-57a2d4851a1d" relativeResultsDirectory="29e7e9a1-ac77-442a-8343-8c5bdaeb4e24" />
    <UnitTestResult executionId="0dc42773-6234-411a-8d16-4ce96ce4491e" testId="03073659-99be-6052-26fb-ff548c6aaf88" testName="Grid_SetRegionHeighthOutOfBounds_Exception" computerName="DKSR-EFI-04" duration="00:00:00.0005029" startTime="2023-12-22T09:33:07.2248786+01:00" endTime="2023-12-22T09:33:07.2248786+01:00" testType="13cdc9d9-ddb5-4fa4-a97d-d965ccfc6d4b" outcome="Passed" testListId="8c84fa94-04c1-424b-9868-57a2d4851a1d" relativeResultsDirectory="0dc42773-6234-411a-8d16-4ce96ce4491e" />
    <UnitTestResult executionId="fa891f7e-a883-4600-a1e8-b70a55ed6ab8" testId="c489ee98-ff2e-4034-318b-ece3c1d11ad4" testName="RecordingStorage_Refresh_Success" computerName="DKSR-EFI-04" duration="00:00:00.0006037" startTime="2023-12-22T09:33:08.2873837+01:00" endTime="2023-12-22T09:33:08.3030060+01:00" testType="13cdc9d9-ddb5-4fa4-a97d-d965ccfc6d4b" outcome="Passed" testListId="8c84fa94-04c1-424b-9868-57a2d4851a1d" relativeResultsDirectory="fa891f7e-a883-4600-a1e8-b70a55ed6ab8" />
    <UnitTestResult executionId="e46f046a-5e45-457a-bb1f-f9e32f1c6b5d" testId="ddf551cb-b112-7f3f-cb8d-7b0e12283f64" testName="GetSiteConnection_Windows_GivenOauthSiteVersion_ShouldExecuteOauthFlow" computerName="DKSR-EFI-04" duration="00:00:00.0056844" startTime="2023-12-22T09:32:58.4748366+01:00" endTime="2023-12-22T09:32:58.4748366+01:00" testType="13cdc9d9-ddb5-4fa4-a97d-d965ccfc6d4b" outcome="Passed" testListId="8c84fa94-04c1-424b-9868-57a2d4851a1d" relativeResultsDirectory="e46f046a-5e45-457a-bb1f-f9e32f1c6b5d" />
    <UnitTestResult executionId="b6600626-14d7-4864-bc63-b4c26f2ade24" testId="d8d53a51-1958-4529-819e-62ca5a99122f" testName="GetHighPriorityError_GivenInvalidServerIdException_ReturnsInvalidServerIdException" computerName="DKSR-EFI-04" duration="00:00:00.0374069" startTime="2023-12-22T09:32:56.6154502+01:00" endTime="2023-12-22T09:32:56.6467017+01:00" testType="13cdc9d9-ddb5-4fa4-a97d-d965ccfc6d4b" outcome="Passed" testListId="8c84fa94-04c1-424b-9868-57a2d4851a1d" relativeResultsDirectory="b6600626-14d7-4864-bc63-b4c26f2ade24" />
    <UnitTestResult executionId="1a0ed57b-03fa-4ff1-906d-25b2b4708a5c" testId="d83cffc9-2dc1-227b-0dd2-716cea056551" testName="ServerConnection_Constructor_Null_Argument_serverName2" computerName="DKSR-EFI-04" duration="00:00:00.0129534" startTime="2023-12-22T09:33:10.0842648+01:00" endTime="2023-12-22T09:33:10.0998907+01:00" testType="13cdc9d9-ddb5-4fa4-a97d-d965ccfc6d4b" outcome="Passed" testListId="8c84fa94-04c1-424b-9868-57a2d4851a1d" relativeResultsDirectory="1a0ed57b-03fa-4ff1-906d-25b2b4708a5c" />
    <UnitTestResult executionId="77804430-647a-42ab-b9d5-c9a51a78de15" testId="8649b6a0-70dc-0290-bdeb-a37467c14379" testName="BasicUser_Update_Success" computerName="DKSR-EFI-04" duration="00:00:00.0004309" startTime="2023-12-22T09:33:06.8655013+01:00" endTime="2023-12-22T09:33:06.8655013+01:00" testType="13cdc9d9-ddb5-4fa4-a97d-d965ccfc6d4b" outcome="Passed" testListId="8c84fa94-04c1-424b-9868-57a2d4851a1d" relativeResultsDirectory="77804430-647a-42ab-b9d5-c9a51a78de15" />
    <UnitTestResult executionId="8ffbe5b6-cb33-4df0-b4ce-249fa7b3b3aa" testId="ee43794d-5b26-f495-2efa-6d0f046df9d0" testName="UserDefinedEvent_Create_Success" computerName="DKSR-EFI-04" duration="00:00:00.0004398" startTime="2023-12-22T09:33:09.6780125+01:00" endTime="2023-12-22T09:33:09.6780125+01:00" testType="13cdc9d9-ddb5-4fa4-a97d-d965ccfc6d4b" outcome="Passed" testListId="8c84fa94-04c1-424b-9868-57a2d4851a1d" relativeResultsDirectory="8ffbe5b6-cb33-4df0-b4ce-249fa7b3b3aa" />
    <UnitTestResult executionId="53a7324c-a904-404d-9a94-8c5492c24c64" testId="d433d02d-b564-5e39-ce00-89571e93216a" testName="MarkedData_Delete_Failed_Deleted" computerName="DKSR-EFI-04" duration="00:00:00.0006097" startTime="2023-12-22T09:33:07.4280039+01:00" endTime="2023-12-22T09:33:07.4280039+01:00" testType="13cdc9d9-ddb5-4fa4-a97d-d965ccfc6d4b" outcome="Passed" testListId="8c84fa94-04c1-424b-9868-57a2d4851a1d" relativeResultsDirectory="53a7324c-a904-404d-9a94-8c5492c24c64" />
    <UnitTestResult executionId="3433a455-4db7-4e9b-8ab5-1a8cee064408" testId="f2eaa386-a8fa-c21f-c458-7f12c1c3dd16" testName="RuleSource_Undo_Success" computerName="DKSR-EFI-04" duration="00:00:00.0002920" startTime="2023-12-22T09:33:08.5842578+01:00" endTime="2023-12-22T09:33:08.5842578+01:00" testType="13cdc9d9-ddb5-4fa4-a97d-d965ccfc6d4b" outcome="Passed" testListId="8c84fa94-04c1-424b-9868-57a2d4851a1d" relativeResultsDirectory="3433a455-4db7-4e9b-8ab5-1a8cee064408" />
    <UnitTestResult executionId="13be39ad-2587-4055-ad3a-1cc9f42af7d8" testId="9f0df0f6-d02a-0b4b-fdc2-c46f08b92130" testName="BasicUser_Constructor_Password_Null_Check" computerName="DKSR-EFI-04" duration="00:00:00.0005998" startTime="2023-12-22T09:33:06.8342507+01:00" endTime="2023-12-22T09:33:06.8342507+01:00" testType="13cdc9d9-ddb5-4fa4-a97d-d965ccfc6d4b" outcome="Passed" testListId="8c84fa94-04c1-424b-9868-57a2d4851a1d" relativeResultsDirectory="13be39ad-2587-4055-ad3a-1cc9f42af7d8" />
    <UnitTestResult executionId="8ea2fa3f-c5b1-4eb8-a43d-9dddc510847e" testId="9b7a8739-3bd6-92dc-ebfd-c59dde439192" testName="RuleSource_Delete_Success" computerName="DKSR-EFI-04" duration="00:00:00.0004103" startTime="2023-12-22T09:33:08.5686329+01:00" endTime="2023-12-22T09:33:08.5686329+01:00" testType="13cdc9d9-ddb5-4fa4-a97d-d965ccfc6d4b" outcome="Passed" testListId="8c84fa94-04c1-424b-9868-57a2d4851a1d" relativeResultsDirectory="8ea2fa3f-c5b1-4eb8-a43d-9dddc510847e" />
    <UnitTestResult executionId="8e4bf893-083b-498b-b4de-e1c2a225d16b" testId="911a754b-4a21-7213-ab66-37b764b44fff" testName="Create_GivenAddressAndTokenCache_ShouldSuccess" computerName="DKSR-EFI-04" duration="00:00:00.3717800" startTime="2023-12-22T09:32:56.1310769+01:00" endTime="2023-12-22T09:32:56.5060781+01:00" testType="13cdc9d9-ddb5-4fa4-a97d-d965ccfc6d4b" outcome="Passed" testListId="8c84fa94-04c1-424b-9868-57a2d4851a1d" relativeResultsDirectory="8e4bf893-083b-498b-b4de-e1c2a225d16b" />
    <UnitTestResult executionId="5e9c8cd1-3a9a-4be1-8398-04114f9b57bc" testId="9a35ab4f-024c-c452-7677-7895f6a830fe" testName="CalendarTimeProfile_Create_Success_Constructor" computerName="DKSR-EFI-04" duration="00:00:00.0003678" startTime="2023-12-22T09:33:09.5686390+01:00" endTime="2023-12-22T09:33:09.5686390+01:00" testType="13cdc9d9-ddb5-4fa4-a97d-d965ccfc6d4b" outcome="Passed" testListId="8c84fa94-04c1-424b-9868-57a2d4851a1d" relativeResultsDirectory="5e9c8cd1-3a9a-4be1-8398-04114f9b57bc" />
    <UnitTestResult executionId="7b55d008-f5b8-4412-a61a-2869a4d16fb9" testId="1b818508-1e11-83dd-34ff-777ab01b676a" testName="TryGetPropertyValue_Guid_EmptyString_ThrowsFormatException" computerName="DKSR-EFI-04" duration="00:00:00.0015584" startTime="2023-12-22T09:33:10.0530153+01:00" endTime="2023-12-22T09:33:10.0530153+01:00" testType="13cdc9d9-ddb5-4fa4-a97d-d965ccfc6d4b" outcome="Passed" testListId="8c84fa94-04c1-424b-9868-57a2d4851a1d" relativeResultsDirectory="7b55d008-f5b8-4412-a61a-2869a4d16fb9" />
    <UnitTestResult executionId="85289fcd-ff71-44b1-a346-6a362594b552" testId="3661ba45-91b7-bddd-f619-009a609052d9" testName="GetSiteConnectionResultTokenExchange_NullInput_Throws" computerName="DKSR-EFI-04" duration="00:00:00.0017745" startTime="2023-12-22T09:32:58.1467089+01:00" endTime="2023-12-22T09:32:58.1467089+01:00" testType="13cdc9d9-ddb5-4fa4-a97d-d965ccfc6d4b" outcome="Passed" testListId="8c84fa94-04c1-424b-9868-57a2d4851a1d" relativeResultsDirectory="85289fcd-ff71-44b1-a346-6a362594b552" />
    <UnitTestResult executionId="60fe3a8b-27f2-484e-a6c8-06f9cffec171" testId="142f3b3a-0646-9d8d-6da9-6000595864a3" testName="PerformanceStateRuleConfig_Create_CheckVersionCalled" computerName="DKSR-EFI-04" duration="00:00:00.0004798" startTime="2023-12-22T09:33:08.0061290+01:00" endTime="2023-12-22T09:33:08.0061290+01:00" testType="13cdc9d9-ddb5-4fa4-a97d-d965ccfc6d4b" outcome="Passed" testListId="8c84fa94-04c1-424b-9868-57a2d4851a1d" relativeResultsDirectory="60fe3a8b-27f2-484e-a6c8-06f9cffec171" />
    <UnitTestResult executionId="511bf06e-c8e7-4a89-a12f-eaa336744564" testId="57cbc2d1-15e4-6c52-cd5a-f956ea4b46d2" testName="MarkedData_Refresh_Success" computerName="DKSR-EFI-04" duration="00:00:00.0017785" startTime="2023-12-22T09:33:07.4123780+01:00" endTime="2023-12-22T09:33:07.4123780+01:00" testType="13cdc9d9-ddb5-4fa4-a97d-d965ccfc6d4b" outcome="Passed" testListId="8c84fa94-04c1-424b-9868-57a2d4851a1d" relativeResultsDirectory="511bf06e-c8e7-4a89-a12f-eaa336744564" />
    <UnitTestResult executionId="145cf949-b750-4d9b-a741-5f4500697dff" testId="3b57340c-2aad-3c76-3047-e04f27bcda97" testName="ServerVersionConstructor_LongString_Failure" computerName="DKSR-EFI-04" duration="00:00:00.0010284" startTime="2023-12-22T09:32:55.9435725+01:00" endTime="2023-12-22T09:32:55.9435725+01:00" testType="13cdc9d9-ddb5-4fa4-a97d-d965ccfc6d4b" outcome="Passed" testListId="8c84fa94-04c1-424b-9868-57a2d4851a1d" relativeResultsDirectory="145cf949-b750-4d9b-a741-5f4500697dff" />
    <UnitTestResult executionId="eec402cb-0673-4e94-bdfd-ccfed593f5c2" testId="d1627e90-8df2-671c-332a-ec497aadd1e4" testName="Grid_SetRegionXBelowValid_Exception" computerName="DKSR-EFI-04" duration="00:00:00.0011794" startTime="2023-12-22T09:33:07.2092499+01:00" endTime="2023-12-22T09:33:07.2092499+01:00" testType="13cdc9d9-ddb5-4fa4-a97d-d965ccfc6d4b" outcome="Passed" testListId="8c84fa94-04c1-424b-9868-57a2d4851a1d" relativeResultsDirectory="eec402cb-0673-4e94-bdfd-ccfed593f5c2" />
    <UnitTestResult executionId="09d06aa7-1e7a-419d-a4cf-3060c106598f" testId="5c71673c-87bc-73db-2cb1-13a53b14e2f5" testName="MIPObject_Delete_Failed" computerName="DKSR-EFI-04" duration="00:00:00.0008766" startTime="2023-12-22T09:33:07.5373792+01:00" endTime="2023-12-22T09:33:07.5530046+01:00" testType="13cdc9d9-ddb5-4fa4-a97d-d965ccfc6d4b" outcome="Passed" testListId="8c84fa94-04c1-424b-9868-57a2d4851a1d" relativeResultsDirectory="09d06aa7-1e7a-419d-a4cf-3060c106598f" />
    <UnitTestResult executionId="bb0c1e99-c7e5-4d6a-a2fd-0c59a692e213" testId="edde5423-110b-0c3e-e075-ce5d75904558" testName="ProxyClientServiceBase_CallWithRetry_Retry_CommunicationException" computerName="DKSR-EFI-04" duration="00:00:00.0021558" startTime="2023-12-22T09:33:09.9905159+01:00" endTime="2023-12-22T09:33:09.9905159+01:00" testType="13cdc9d9-ddb5-4fa4-a97d-d965ccfc6d4b" outcome="Passed" testListId="8c84fa94-04c1-424b-9868-57a2d4851a1d" relativeResultsDirectory="bb0c1e99-c7e5-4d6a-a2fd-0c59a692e213" />
    <UnitTestResult executionId="a1066c93-6042-4e9c-8368-854fa0590b34" testId="51e6c5f4-f402-0d0d-7b84-4f05983bcacd" testName="RetentionOptionRoleRelation_Delete_CheckVersionCalled" computerName="DKSR-EFI-04" duration="00:00:00.0002916" startTime="2023-12-22T09:33:08.4436324+01:00" endTime="2023-12-22T09:33:08.4436324+01:00" testType="13cdc9d9-ddb5-4fa4-a97d-d965ccfc6d4b" outcome="Passed" testListId="8c84fa94-04c1-424b-9868-57a2d4851a1d" relativeResultsDirectory="a1066c93-6042-4e9c-8368-854fa0590b34" />
    <UnitTestResult executionId="cb8a17bb-a049-4512-ad1b-d6a29a2a92a2" testId="0af3213e-059e-26ef-5d31-73b906060b62" testName="GenericRepositoryTestCreateObject" computerName="DKSR-EFI-04" duration="00:00:00.0014536" startTime="2023-12-22T09:33:09.8655152+01:00" endTime="2023-12-22T09:33:09.8655152+01:00" testType="13cdc9d9-ddb5-4fa4-a97d-d965ccfc6d4b" outcome="Passed" testListId="8c84fa94-04c1-424b-9868-57a2d4851a1d" relativeResultsDirectory="cb8a17bb-a049-4512-ad1b-d6a29a2a92a2" />
    <UnitTestResult executionId="78be8ce3-c320-46a0-b099-d06285da2fec" testId="f419f841-c256-af4c-f845-5eea6a82f98f" testName="MIPAction_Update_Success" computerName="DKSR-EFI-04" duration="00:00:00.0004500" startTime="2023-12-22T09:33:07.4436268+01:00" endTime="2023-12-22T09:33:07.4592515+01:00" testType="13cdc9d9-ddb5-4fa4-a97d-d965ccfc6d4b" outcome="Passed" testListId="8c84fa94-04c1-424b-9868-57a2d4851a1d" relativeResultsDirectory="78be8ce3-c320-46a0-b099-d06285da2fec" />
    <UnitTestResult executionId="cc3c1fd2-8e24-42cd-970a-2b6ab6fd0300" testId="50519408-910f-6c62-3606-ad9ca319f245" testName="FailoverServerGroup_Repository_Registered" computerName="DKSR-EFI-04" duration="00:00:00.0002957" startTime="2023-12-22T09:33:07.0686267+01:00" endTime="2023-12-22T09:33:07.0686267+01:00" testType="13cdc9d9-ddb5-4fa4-a97d-d965ccfc6d4b" outcome="Passed" testListId="8c84fa94-04c1-424b-9868-57a2d4851a1d" relativeResultsDirectory="cc3c1fd2-8e24-42cd-970a-2b6ab6fd0300" />
    <UnitTestResult executionId="ff21490a-349b-4757-878a-aa6a48e1c560" testId="06b558f2-559a-6a2e-336b-64ac3a80bb27" testName="Grid_SetRegionWidthOutOfBounds_Exception" computerName="DKSR-EFI-04" duration="00:00:00.0004929" startTime="2023-12-22T09:33:07.2248786+01:00" endTime="2023-12-22T09:33:07.2248786+01:00" testType="13cdc9d9-ddb5-4fa4-a97d-d965ccfc6d4b" outcome="Passed" testListId="8c84fa94-04c1-424b-9868-57a2d4851a1d" relativeResultsDirectory="ff21490a-349b-4757-878a-aa6a48e1c560" />
    <UnitTestResult executionId="05665c4d-b6a8-4844-815b-1c6e9d26be9a" testId="3ef8df55-4649-93c3-3be6-7324a0162458" testName="SystemDashboardConfigurationuration_Refresh_Failed_Not_Created" computerName="DKSR-EFI-04" duration="00:00:00.0006633" startTime="2023-12-22T09:33:08.6936346+01:00" endTime="2023-12-22T09:33:08.6936346+01:00" testType="13cdc9d9-ddb5-4fa4-a97d-d965ccfc6d4b" outcome="Passed" testListId="8c84fa94-04c1-424b-9868-57a2d4851a1d" relativeResultsDirectory="05665c4d-b6a8-4844-815b-1c6e9d26be9a" />
    <UnitTestResult executionId="fdef88f8-df2b-4ae1-9235-449df22c8bf9" testId="8cf52a1b-446c-c1b4-7c71-1db62d7b987a" testName="GetSiteConnectionResult_GivenAllHttpsAddresses_ShouldFail" computerName="DKSR-EFI-04" duration="00:00:00.1517437" startTime="2023-12-22T09:32:56.8185780+01:00" endTime="2023-12-22T09:32:56.9748280+01:00" testType="13cdc9d9-ddb5-4fa4-a97d-d965ccfc6d4b" outcome="Passed" testListId="8c84fa94-04c1-424b-9868-57a2d4851a1d" relativeResultsDirectory="fdef88f8-df2b-4ae1-9235-449df22c8bf9" />
    <UnitTestResult executionId="5945a733-2db3-44b5-a8cd-1eaf44a14a99" testId="93fa63ad-3f38-28ad-287e-6a435e151fef" testName="RuleSource_Constructor_DefaultValuesCorrect" computerName="DKSR-EFI-04" duration="00:00:00.0014248" startTime="2023-12-22T09:33:08.5373822+01:00" endTime="2023-12-22T09:33:08.5373822+01:00" testType="13cdc9d9-ddb5-4fa4-a97d-d965ccfc6d4b" outcome="Passed" testListId="8c84fa94-04c1-424b-9868-57a2d4851a1d" relativeResultsDirectory="5945a733-2db3-44b5-a8cd-1eaf44a14a99" />
    <UnitTestResult executionId="b9b382d6-0e13-42bb-ad26-1890af462947" testId="ba1bb513-dbfb-d771-2804-731667304b59" testName="TaskTruncateDeviceStorage_StartNew_Success" computerName="DKSR-EFI-04" duration="00:00:00.0023565" startTime="2023-12-22T09:33:09.5530125+01:00" endTime="2023-12-22T09:33:09.5530125+01:00" testType="13cdc9d9-ddb5-4fa4-a97d-d965ccfc6d4b" outcome="Passed" testListId="8c84fa94-04c1-424b-9868-57a2d4851a1d" relativeResultsDirectory="b9b382d6-0e13-42bb-ad26-1890af462947" />
    <UnitTestResult executionId="37ac714b-d27d-457c-8eb5-2627f61c20b2" testId="520513bf-cd52-b18c-44b8-4cbd75cbbbf4" testName="PerformanceStateRuleConfiguration_Update_Success" computerName="DKSR-EFI-04" duration="00:00:00.0004831" startTime="2023-12-22T09:33:08.0061290+01:00" endTime="2023-12-22T09:33:08.0217557+01:00" testType="13cdc9d9-ddb5-4fa4-a97d-d965ccfc6d4b" outcome="Passed" testListId="8c84fa94-04c1-424b-9868-57a2d4851a1d" relativeResultsDirectory="37ac714b-d27d-457c-8eb5-2627f61c20b2" />
    <UnitTestResult executionId="9e2c982b-5000-4013-a22d-dd4d23e91fdb" testId="d56df8d1-b4dd-66b8-e573-75c4fe9c07e2" testName="PatrollingProfile_InsertStepLast_Create_PatrollingStep_With_WaitTime" computerName="DKSR-EFI-04" duration="00:00:00.0006576" startTime="2023-12-22T09:33:07.9436302+01:00" endTime="2023-12-22T09:33:07.9436302+01:00" testType="13cdc9d9-ddb5-4fa4-a97d-d965ccfc6d4b" outcome="Passed" testListId="8c84fa94-04c1-424b-9868-57a2d4851a1d" relativeResultsDirectory="9e2c982b-5000-4013-a22d-dd4d23e91fdb" />
    <UnitTestResult executionId="4d960320-041b-4a5f-8cd4-356d4cd7d50f" testId="aa4067e8-b28a-52d2-8bdf-f8f50f58c26a" testName="RetentionOptionRoleRelation_Refresh_CheckVersionCalled" computerName="DKSR-EFI-04" duration="00:00:00.0002881" startTime="2023-12-22T09:33:08.4436324+01:00" endTime="2023-12-22T09:33:08.4436324+01:00" testType="13cdc9d9-ddb5-4fa4-a97d-d965ccfc6d4b" outcome="Passed" testListId="8c84fa94-04c1-424b-9868-57a2d4851a1d" relativeResultsDirectory="4d960320-041b-4a5f-8cd4-356d4cd7d50f" />
    <UnitTestResult executionId="52e2bc2a-2cbf-4db7-a08d-c3011e7cc0e5" testId="a9b67831-d0b6-ce7b-0668-e76067964e4d" testName="Server_Version_Equality_Operators" computerName="DKSR-EFI-04" duration="00:00:00.0007161" startTime="2023-12-22T09:33:08.5998841+01:00" endTime="2023-12-22T09:33:08.5998841+01:00" testType="13cdc9d9-ddb5-4fa4-a97d-d965ccfc6d4b" outcome="Passed" testListId="8c84fa94-04c1-424b-9868-57a2d4851a1d" relativeResultsDirectory="52e2bc2a-2cbf-4db7-a08d-c3011e7cc0e5" />
    <UnitTestResult executionId="a069a572-850f-4b16-81c4-ea6cf0287e43" testId="ed9dbcd4-caa1-444f-55d7-c156a57c23d0" testName="ViewLayout_Repository_Registered" computerName="DKSR-EFI-04" duration="00:00:00.0010942" startTime="2023-12-22T09:33:09.7717631+01:00" endTime="2023-12-22T09:33:09.7717631+01:00" testType="13cdc9d9-ddb5-4fa4-a97d-d965ccfc6d4b" outcome="Passed" testListId="8c84fa94-04c1-424b-9868-57a2d4851a1d" relativeResultsDirectory="a069a572-850f-4b16-81c4-ea6cf0287e43" />
    <UnitTestResult executionId="b53e3b77-48a6-470d-b054-80c6e3fa26bf" testId="8206c280-0d3d-737c-88c6-fad1fd582b8e" testName="Count_UnderHeavyLoad_ShouldSuccess" computerName="DKSR-EFI-04" duration="00:00:00.0289306" startTime="2023-12-22T09:33:06.2873722+01:00" endTime="2023-12-22T09:33:06.3186212+01:00" testType="13cdc9d9-ddb5-4fa4-a97d-d965ccfc6d4b" outcome="Passed" testListId="8c84fa94-04c1-424b-9868-57a2d4851a1d" relativeResultsDirectory="b53e3b77-48a6-470d-b054-80c6e3fa26bf" />
    <UnitTestResult executionId="d8a93f78-9d51-4e63-b134-9a92cb2943d9" testId="4aeaa612-27af-a67f-7e10-8ef819c871f1" testName="Monitor_MonitorState_MonitorStateCalled" computerName="DKSR-EFI-04" duration="00:00:00.0017594" startTime="2023-12-22T09:33:07.6623770+01:00" endTime="2023-12-22T09:33:07.6780053+01:00" testType="13cdc9d9-ddb5-4fa4-a97d-d965ccfc6d4b" outcome="Passed" testListId="8c84fa94-04c1-424b-9868-57a2d4851a1d" relativeResultsDirectory="d8a93f78-9d51-4e63-b134-9a92cb2943d9" />
    <UnitTestResult executionId="6aa96c76-7064-488e-bde0-68cbfcabaa79" testId="f42b2b5c-a8df-13cb-58e2-834e91a6ba9d" testName="TryGetPropertyValue_NullableType_IsNull_ReturnsNull" computerName="DKSR-EFI-04" duration="00:00:00.0002412" startTime="2023-12-22T09:33:10.0217649+01:00" endTime="2023-12-22T09:33:10.0217649+01:00" testType="13cdc9d9-ddb5-4fa4-a97d-d965ccfc6d4b" outcome="Passed" testListId="8c84fa94-04c1-424b-9868-57a2d4851a1d" relativeResultsDirectory="6aa96c76-7064-488e-bde0-68cbfcabaa79" />
    <UnitTestResult executionId="6c0ed1a2-1b06-4432-a78c-99e3c269a59e" testId="bb547e80-4431-20f5-dfd2-c93c21e69917" testName="Construct_InvalidParam_TokenCache_Null_Throws_ArgumentNullException" computerName="DKSR-EFI-04" duration="00:00:00.0005836" startTime="2023-12-22T09:33:10.5686418+01:00" endTime="2023-12-22T09:33:10.5686418+01:00" testType="13cdc9d9-ddb5-4fa4-a97d-d965ccfc6d4b" outcome="Passed" testListId="8c84fa94-04c1-424b-9868-57a2d4851a1d" relativeResultsDirectory="6c0ed1a2-1b06-4432-a78c-99e3c269a59e" />
    <UnitTestResult executionId="eb15f5e7-6f3a-4c80-ba92-3140c60ed0aa" testId="54299e2e-2bdc-a7d3-8471-535442134787" testName="TryGetPropertyValue_Enum_ReturnsCorrectValue" computerName="DKSR-EFI-04" duration="00:00:00.0002288" startTime="2023-12-22T09:33:10.0373905+01:00" endTime="2023-12-22T09:33:10.0373905+01:00" testType="13cdc9d9-ddb5-4fa4-a97d-d965ccfc6d4b" outcome="Passed" testListId="8c84fa94-04c1-424b-9868-57a2d4851a1d" relativeResultsDirectory="eb15f5e7-6f3a-4c80-ba92-3140c60ed0aa" />
    <UnitTestResult executionId="3ff8d7ab-db94-459f-bcf6-7e20f107a85f" testId="07361177-b4ca-8f15-ac56-847d5ab031b9" testName="VideoWall_Create_CheckVersionNotCalled" computerName="DKSR-EFI-04" duration="00:00:00.0002393" startTime="2023-12-22T09:33:09.7562219+01:00" endTime="2023-12-22T09:33:09.7562219+01:00" testType="13cdc9d9-ddb5-4fa4-a97d-d965ccfc6d4b" outcome="Passed" testListId="8c84fa94-04c1-424b-9868-57a2d4851a1d" relativeResultsDirectory="3ff8d7ab-db94-459f-bcf6-7e20f107a85f" />
    <UnitTestResult executionId="aae60978-feaa-4cb8-ba49-5c9abefec043" testId="fe26576b-edfb-c4fa-aee1-7a159320955b" testName="ErrorResultInstance_ReturnsCachedValue" computerName="DKSR-EFI-04" duration="00:00:00.0018495" startTime="2023-12-22T09:33:09.4123867+01:00" endTime="2023-12-22T09:33:09.4123867+01:00" testType="13cdc9d9-ddb5-4fa4-a97d-d965ccfc6d4b" outcome="Passed" testListId="8c84fa94-04c1-424b-9868-57a2d4851a1d" relativeResultsDirectory="aae60978-feaa-4cb8-ba49-5c9abefec043" />
    <UnitTestResult executionId="d1850b0c-5b30-450d-828a-03eabf965253" testId="9415680d-8603-0d49-0291-4a7f9126ab00" testName="ServerVersionConstructor_CompareToObjWrongObj_Failure" computerName="DKSR-EFI-04" duration="00:00:00.0007773" startTime="2023-12-22T09:32:56.0216994+01:00" endTime="2023-12-22T09:32:56.0216994+01:00" testType="13cdc9d9-ddb5-4fa4-a97d-d965ccfc6d4b" outcome="Passed" testListId="8c84fa94-04c1-424b-9868-57a2d4851a1d" relativeResultsDirectory="d1850b0c-5b30-450d-828a-03eabf965253" />
    <UnitTestResult executionId="9e8a3916-4980-46bf-8d59-17711d1edb78" testId="4b945afa-f16d-050a-710d-9b6a97aaf365" testName="ArchiveStorage_Move_Storage_Failed_Not_Created" computerName="DKSR-EFI-04" duration="00:00:00.0010623" startTime="2023-12-22T09:33:06.7092500+01:00" endTime="2023-12-22T09:33:06.7092500+01:00" testType="13cdc9d9-ddb5-4fa4-a97d-d965ccfc6d4b" outcome="Passed" testListId="8c84fa94-04c1-424b-9868-57a2d4851a1d" relativeResultsDirectory="9e8a3916-4980-46bf-8d59-17711d1edb78" />
    <UnitTestResult executionId="ff513556-b3e0-411d-87f9-bd82aa7d7ef8" testId="eeba400a-7a60-e166-4842-f46ea9e2cb9a" testName="Construct_InvalidParam_ISiteTokenCacheStore_Null_Throws_ArgumentNullException" computerName="DKSR-EFI-04" duration="00:00:00.0007902" startTime="2023-12-22T09:33:10.6311427+01:00" endTime="2023-12-22T09:33:10.6311427+01:00" testType="13cdc9d9-ddb5-4fa4-a97d-d965ccfc6d4b" outcome="Passed" testListId="8c84fa94-04c1-424b-9868-57a2d4851a1d" relativeResultsDirectory="ff513556-b3e0-411d-87f9-bd82aa7d7ef8" />
    <UnitTestResult executionId="2da34c8c-48b3-4f09-a42b-11c35cb7f273" testId="fee2ed2c-cc88-8403-cc84-518da17c5c01" testName="ArchiveStorage_Delete_Success" computerName="DKSR-EFI-04" duration="00:00:00.0036225" startTime="2023-12-22T09:33:06.6311232+01:00" endTime="2023-12-22T09:33:06.6467482+01:00" testType="13cdc9d9-ddb5-4fa4-a97d-d965ccfc6d4b" outcome="Passed" testListId="8c84fa94-04c1-424b-9868-57a2d4851a1d" relativeResultsDirectory="2da34c8c-48b3-4f09-a42b-11c35cb7f273" />
    <UnitTestResult executionId="98cadfab-f20c-4055-98a0-0883962469b7" testId="3959849f-9671-d647-a5c5-47d877b5d47b" testName="BasicUser_Constructor_Username_Null_Check" computerName="DKSR-EFI-04" duration="00:00:00.0006658" startTime="2023-12-22T09:33:06.8342507+01:00" endTime="2023-12-22T09:33:06.8342507+01:00" testType="13cdc9d9-ddb5-4fa4-a97d-d965ccfc6d4b" outcome="Passed" testListId="8c84fa94-04c1-424b-9868-57a2d4851a1d" relativeResultsDirectory="98cadfab-f20c-4055-98a0-0883962469b7" />
    <UnitTestResult executionId="d1c73f9c-848b-4b8f-bb8d-d6e405b4c560" testId="db7d6672-a2e3-9784-8e5c-4f89f75796ff" testName="Role_Constructor_DefaultValuesCorrect" computerName="DKSR-EFI-04" duration="00:00:00.0018694" startTime="2023-12-22T09:33:08.4436324+01:00" endTime="2023-12-22T09:33:08.4436324+01:00" testType="13cdc9d9-ddb5-4fa4-a97d-d965ccfc6d4b" outcome="Passed" testListId="8c84fa94-04c1-424b-9868-57a2d4851a1d" relativeResultsDirectory="d1c73f9c-848b-4b8f-bb8d-d6e405b4c560" />
    <UnitTestResult executionId="b9af5f9c-9bcf-4546-8045-cc78f33a23c8" testId="dbb49c07-debe-73ff-d467-5e80dec57b2c" testName="CameraDevice_RequestEdgeStorageRetrieval_Fail_When_Deleted" computerName="DKSR-EFI-04" duration="00:00:00.0006817" startTime="2023-12-22T09:33:08.1623819+01:00" endTime="2023-12-22T09:33:08.1623819+01:00" testType="13cdc9d9-ddb5-4fa4-a97d-d965ccfc6d4b" outcome="Passed" testListId="8c84fa94-04c1-424b-9868-57a2d4851a1d" relativeResultsDirectory="b9af5f9c-9bcf-4546-8045-cc78f33a23c8" />
    <UnitTestResult executionId="b6773944-278f-49e3-8afa-4757b2daf939" testId="58da7965-4a74-1430-e7bb-9ed117b03005" testName="VideoWallPreset_Delete_Success" computerName="DKSR-EFI-04" duration="00:00:00.0003680" startTime="2023-12-22T09:33:09.7248892+01:00" endTime="2023-12-22T09:33:09.7248892+01:00" testType="13cdc9d9-ddb5-4fa4-a97d-d965ccfc6d4b" outcome="Passed" testListId="8c84fa94-04c1-424b-9868-57a2d4851a1d" relativeResultsDirectory="b6773944-278f-49e3-8afa-4757b2daf939" />
    <UnitTestResult executionId="04529244-0071-41d9-942d-bcd13bbb4014" testId="9710df04-3445-ef7d-baab-9ac95d0f726b" testName="ServerVersionConstructor_CompareToNull_Success" computerName="DKSR-EFI-04" duration="00:00:00.0001940" startTime="2023-12-22T09:32:56.0216994+01:00" endTime="2023-12-22T09:32:56.0216994+01:00" testType="13cdc9d9-ddb5-4fa4-a97d-d965ccfc6d4b" outcome="Passed" testListId="8c84fa94-04c1-424b-9868-57a2d4851a1d" relativeResultsDirectory="04529244-0071-41d9-942d-bcd13bbb4014" />
    <UnitTestResult executionId="7c69beeb-f1db-4455-b072-9247870c0bde" testId="f1468078-d704-e46e-8b9b-dc06c9238da1" testName="AxisOneClickCamera_Update_Success" computerName="DKSR-EFI-04" duration="00:00:00.0006734" startTime="2023-12-22T09:33:06.7561240+01:00" endTime="2023-12-22T09:33:06.7561240+01:00" testType="13cdc9d9-ddb5-4fa4-a97d-d965ccfc6d4b" outcome="Passed" testListId="8c84fa94-04c1-424b-9868-57a2d4851a1d" relativeResultsDirectory="7c69beeb-f1db-4455-b072-9247870c0bde" />
    <UnitTestResult executionId="916c31fc-ec23-45f1-87b5-8d0257f69504" testId="35b84984-78cf-6bdf-2214-b04c09db7bfa" testName="ExceptionConverter_GetConnectionConvertedException_ServerTooBusyException" computerName="DKSR-EFI-04" duration="00:00:00.0003169" startTime="2023-12-22T09:33:09.9592649+01:00" endTime="2023-12-22T09:33:09.9592649+01:00" testType="13cdc9d9-ddb5-4fa4-a97d-d965ccfc6d4b" outcome="Passed" testListId="8c84fa94-04c1-424b-9868-57a2d4851a1d" relativeResultsDirectory="916c31fc-ec23-45f1-87b5-8d0257f69504" />
    <UnitTestResult executionId="48f4ef6a-cb04-451b-8f5f-32ea31317a8a" testId="28a4ee6c-34d9-2fd6-6b5a-164c72fa026f" testName="Remove_UnderHeavyLoad_ShouldSuccess" computerName="DKSR-EFI-04" duration="00:00:00.0768328" startTime="2023-12-22T09:33:06.2092464+01:00" endTime="2023-12-22T09:33:06.2717481+01:00" testType="13cdc9d9-ddb5-4fa4-a97d-d965ccfc6d4b" outcome="Passed" testListId="8c84fa94-04c1-424b-9868-57a2d4851a1d" relativeResultsDirectory="48f4ef6a-cb04-451b-8f5f-32ea31317a8a" />
    <UnitTestResult executionId="802806f9-1fdc-4030-bc88-21fabb767af2" testId="cda36453-4b03-8814-c9dc-788a92f4f459" testName="CalendarTimeProfile_Refresh_Success" computerName="DKSR-EFI-04" duration="00:00:00.0003333" startTime="2023-12-22T09:33:09.5842627+01:00" endTime="2023-12-22T09:33:09.5842627+01:00" testType="13cdc9d9-ddb5-4fa4-a97d-d965ccfc6d4b" outcome="Passed" testListId="8c84fa94-04c1-424b-9868-57a2d4851a1d" relativeResultsDirectory="802806f9-1fdc-4030-bc88-21fabb767af2" />
    <UnitTestResult executionId="e1728a00-9ae9-413c-89e4-3e064d4b529f" testId="adfaf1b6-ee9a-a854-6d91-40b24a39395c" testName="GetSiteConnection_Windows_GivenForceLegacy_ShouldExecuteLegacyFlow" computerName="DKSR-EFI-04" duration="00:00:00.0267055" startTime="2023-12-22T09:32:58.4279618+01:00" endTime="2023-12-22T09:32:58.4435858+01:00" testType="13cdc9d9-ddb5-4fa4-a97d-d965ccfc6d4b" outcome="Passed" testListId="8c84fa94-04c1-424b-9868-57a2d4851a1d" relativeResultsDirectory="e1728a00-9ae9-413c-89e4-3e064d4b529f" />
    <UnitTestResult executionId="4e4b310c-2beb-4a5d-a33a-d5c36b7cafe5" testId="981d099c-a855-fea2-130c-49ac1d54a0cd" testName="GetSiteConnection_TokenExchange_Success" computerName="DKSR-EFI-04" duration="00:00:00.0035124" startTime="2023-12-22T09:32:58.4904626+01:00" endTime="2023-12-22T09:32:58.4904626+01:00" testType="13cdc9d9-ddb5-4fa4-a97d-d965ccfc6d4b" outcome="Passed" testListId="8c84fa94-04c1-424b-9868-57a2d4851a1d" relativeResultsDirectory="4e4b310c-2beb-4a5d-a33a-d5c36b7cafe5" />
    <UnitTestResult executionId="49a59d5a-6104-46cf-94b4-415ea606edc6" testId="c9d609cf-4d27-f250-53f5-5cb651ce0b09" testName="CalendarTimeProfile_Create60_CheckVersionNotCalled" computerName="DKSR-EFI-04" duration="00:00:00.0002306" startTime="2023-12-22T09:33:09.5842627+01:00" endTime="2023-12-22T09:33:09.5842627+01:00" testType="13cdc9d9-ddb5-4fa4-a97d-d965ccfc6d4b" outcome="Passed" testListId="8c84fa94-04c1-424b-9868-57a2d4851a1d" relativeResultsDirectory="49a59d5a-6104-46cf-94b4-415ea606edc6" />
    <UnitTestResult executionId="69181d83-d6f4-45b9-9ac2-fbde943721d0" testId="a2977a04-6cec-57ad-10ef-4f31b921c6d8" testName="RuleSource_IsDeleted_Success" computerName="DKSR-EFI-04" duration="00:00:00.0018861" startTime="2023-12-22T09:33:08.5842578+01:00" endTime="2023-12-22T09:33:08.5842578+01:00" testType="13cdc9d9-ddb5-4fa4-a97d-d965ccfc6d4b" outcome="Passed" testListId="8c84fa94-04c1-424b-9868-57a2d4851a1d" relativeResultsDirectory="69181d83-d6f4-45b9-9ac2-fbde943721d0" />
    <UnitTestResult executionId="7cf8af58-7f01-4172-af2d-e0d9d828b01c" testId="e7efe658-69d3-442d-ec61-af51932cbb49" testName="BasicOwnerInfo_Constructor_Name_Null_Check" computerName="DKSR-EFI-04" duration="00:00:00.0008691" startTime="2023-12-22T09:33:06.7873746+01:00" endTime="2023-12-22T09:33:06.7873746+01:00" testType="13cdc9d9-ddb5-4fa4-a97d-d965ccfc6d4b" outcome="Passed" testListId="8c84fa94-04c1-424b-9868-57a2d4851a1d" relativeResultsDirectory="7cf8af58-7f01-4172-af2d-e0d9d828b01c" />
    <UnitTestResult executionId="1d898445-1110-4583-8814-0cbfeb31f044" testId="9bb7c27e-9a34-4552-854e-dc6bf5c0fa3a" testName="SunClockTimeProfile_Create60WithId_CheckVersionCalled" computerName="DKSR-EFI-04" duration="00:00:00.0002796" startTime="2023-12-22T09:33:09.6155117+01:00" endTime="2023-12-22T09:33:09.6155117+01:00" testType="13cdc9d9-ddb5-4fa4-a97d-d965ccfc6d4b" outcome="Passed" testListId="8c84fa94-04c1-424b-9868-57a2d4851a1d" relativeResultsDirectory="1d898445-1110-4583-8814-0cbfeb31f044" />
    <UnitTestResult executionId="8664f5ad-6732-4369-835b-8c6bd529cdd9" testId="39b1d282-7fce-bb85-3639-bd7e02b0961e" testName="PatrollingProfile_InsertStepLast_Existing_PatrollingStep" computerName="DKSR-EFI-04" duration="00:00:00.0006669" startTime="2023-12-22T09:33:07.9592540+01:00" endTime="2023-12-22T09:33:07.9592540+01:00" testType="13cdc9d9-ddb5-4fa4-a97d-d965ccfc6d4b" outcome="Passed" testListId="8c84fa94-04c1-424b-9868-57a2d4851a1d" relativeResultsDirectory="8664f5ad-6732-4369-835b-8c6bd529cdd9" />
    <UnitTestResult executionId="b9cc6d9a-6ae3-4199-83e6-807aa29d2794" testId="a1073d09-b49c-177d-de24-5b64ae518ddb" testName="FailoverServerGroup_Update_Failed" computerName="DKSR-EFI-04" duration="00:00:00.0007114" startTime="2023-12-22T09:33:07.0530005+01:00" endTime="2023-12-22T09:33:07.0530005+01:00" testType="13cdc9d9-ddb5-4fa4-a97d-d965ccfc6d4b" outcome="Passed" testListId="8c84fa94-04c1-424b-9868-57a2d4851a1d" relativeResultsDirectory="b9cc6d9a-6ae3-4199-83e6-807aa29d2794" />
    <UnitTestResult executionId="e3c67333-3cbb-45ee-b412-3ad70a695116" testId="404e3838-d6fc-fd6e-2256-77937d70f531" testName="ManagementServer_HasOverallPermission_Before_v121_NotSupported" computerName="DKSR-EFI-04" duration="00:00:00.0020196" startTime="2023-12-22T09:33:07.3655020+01:00" endTime="2023-12-22T09:33:07.3811267+01:00" testType="13cdc9d9-ddb5-4fa4-a97d-d965ccfc6d4b" outcome="Passed" testListId="8c84fa94-04c1-424b-9868-57a2d4851a1d" relativeResultsDirectory="e3c67333-3cbb-45ee-b412-3ad70a695116" />
    <UnitTestResult executionId="e1ee9820-89e9-4b1b-9cdf-7e744108d9a1" testId="c2703aff-9383-46f6-4b8c-211e5be5b6cd" testName="Grid_Initilize_CellsPopulated" computerName="DKSR-EFI-04" duration="00:00:00.0031562" startTime="2023-12-22T09:33:07.2092499+01:00" endTime="2023-12-22T09:33:07.2092499+01:00" testType="13cdc9d9-ddb5-4fa4-a97d-d965ccfc6d4b" outcome="Passed" testListId="8c84fa94-04c1-424b-9868-57a2d4851a1d" relativeResultsDirectory="e1ee9820-89e9-4b1b-9cdf-7e744108d9a1" />
    <UnitTestResult executionId="e59ee10e-b927-4338-be1e-eb99e8bd57ce" testId="16cb513f-1296-dccb-4302-b40b54e4775b" testName="Role_Update_Success" computerName="DKSR-EFI-04" duration="00:00:00.0004321" startTime="2023-12-22T09:33:08.4592582+01:00" endTime="2023-12-22T09:33:08.4592582+01:00" testType="13cdc9d9-ddb5-4fa4-a97d-d965ccfc6d4b" outcome="Passed" testListId="8c84fa94-04c1-424b-9868-57a2d4851a1d" relativeResultsDirectory="e59ee10e-b927-4338-be1e-eb99e8bd57ce" />
    <UnitTestResult executionId="2d2df768-fee1-4573-b0e0-012983bbcab7" testId="cc3404cc-2e23-f743-55fd-da836acdabab" testName="SystemDashboardConfigurationuration_Refresh_CheckVersionCalled" computerName="DKSR-EFI-04" duration="00:00:00.0003852" startTime="2023-12-22T09:33:08.6936346+01:00" endTime="2023-12-22T09:33:08.6936346+01:00" testType="13cdc9d9-ddb5-4fa4-a97d-d965ccfc6d4b" outcome="Passed" testListId="8c84fa94-04c1-424b-9868-57a2d4851a1d" relativeResultsDirectory="2d2df768-fee1-4573-b0e0-012983bbcab7" />
    <UnitTestResult executionId="6145e4bf-b91e-4c5e-aece-7528297ab1c5" testId="5ae99c0d-f5b2-ad2f-5e91-f0916eac7d0c" testName="ManagementServer_AttachChildSite_ArgumentNullException" computerName="DKSR-EFI-04" duration="00:00:00.0008236" startTime="2023-12-22T09:33:07.3030034+01:00" endTime="2023-12-22T09:33:07.3030034+01:00" testType="13cdc9d9-ddb5-4fa4-a97d-d965ccfc6d4b" outcome="Passed" testListId="8c84fa94-04c1-424b-9868-57a2d4851a1d" relativeResultsDirectory="6145e4bf-b91e-4c5e-aece-7528297ab1c5" />
    <UnitTestResult executionId="54424ce9-e7f5-4e96-8e53-6cb4a59bbcab" testId="cba3cbb8-c82e-c21d-6400-b6073f3aa082" testName="ClientProfile_Repository_Registered" computerName="DKSR-EFI-04" duration="00:00:00.0006635" startTime="2023-12-22T09:33:06.9123737+01:00" endTime="2023-12-22T09:33:06.9123737+01:00" testType="13cdc9d9-ddb5-4fa4-a97d-d965ccfc6d4b" outcome="Passed" testListId="8c84fa94-04c1-424b-9868-57a2d4851a1d" relativeResultsDirectory="54424ce9-e7f5-4e96-8e53-6cb4a59bbcab" />
    <UnitTestResult executionId="f10a3d74-7617-4f83-a7cb-5f4656e776bb" testId="55fa85c5-d123-5ca6-f67f-cf7f03326489" testName="ServerVersionConstructor_NegativeMinor_Failure" computerName="DKSR-EFI-04" duration="00:00:00.0006223" startTime="2023-12-22T09:32:55.9591976+01:00" endTime="2023-12-22T09:32:55.9591976+01:00" testType="13cdc9d9-ddb5-4fa4-a97d-d965ccfc6d4b" outcome="Passed" testListId="8c84fa94-04c1-424b-9868-57a2d4851a1d" relativeResultsDirectory="f10a3d74-7617-4f83-a7cb-5f4656e776bb" />
    <UnitTestResult executionId="f95561b7-577e-47e4-a7a4-725bae08ea98" testId="96d5500d-c84d-e9d1-9989-81ab8d34a29e" testName="TaskDeleteIdpUser_Refresh_Success" computerName="DKSR-EFI-04" duration="00:00:00.0006982" startTime="2023-12-22T09:33:09.4592627+01:00" endTime="2023-12-22T09:33:09.4592627+01:00" testType="13cdc9d9-ddb5-4fa4-a97d-d965ccfc6d4b" outcome="Passed" testListId="8c84fa94-04c1-424b-9868-57a2d4851a1d" relativeResultsDirectory="f95561b7-577e-47e4-a7a4-725bae08ea98" />
    <UnitTestResult executionId="2dc653f3-ee18-432c-b02d-6211ecdad24a" testId="28ef425e-1be4-3ea6-ca19-a900f3f2a486" testName="ManagementServer_CreateReference_ArgumentNullException" computerName="DKSR-EFI-04" duration="00:00:00.0029309" startTime="2023-12-22T09:33:07.3498761+01:00" endTime="2023-12-22T09:33:07.3498761+01:00" testType="13cdc9d9-ddb5-4fa4-a97d-d965ccfc6d4b" outcome="Passed" testListId="8c84fa94-04c1-424b-9868-57a2d4851a1d" relativeResultsDirectory="2dc653f3-ee18-432c-b02d-6211ecdad24a" />
    <UnitTestResult executionId="d7c0a7b6-311e-415b-9323-b22e2e01c695" testId="208e6dd8-4ae7-1b16-34b8-d602c5c0a84f" testName="Grid_ClearAll_Success" computerName="DKSR-EFI-04" duration="00:00:00.0008112" startTime="2023-12-22T09:33:07.1780013+01:00" endTime="2023-12-22T09:33:07.1936274+01:00" testType="13cdc9d9-ddb5-4fa4-a97d-d965ccfc6d4b" outcome="Passed" testListId="8c84fa94-04c1-424b-9868-57a2d4851a1d" relativeResultsDirectory="d7c0a7b6-311e-415b-9323-b22e2e01c695" />
    <UnitTestResult executionId="2868b37a-93d0-4531-9894-4b852253b317" testId="1b1ce6e1-41fe-6737-86b4-4413fa96b0b5" testName="ChildSite_Refresh_NotCreated_InvalidOperationException" computerName="DKSR-EFI-04" duration="00:00:00.0018238" startTime="2023-12-22T09:33:08.5998841+01:00" endTime="2023-12-22T09:33:08.5998841+01:00" testType="13cdc9d9-ddb5-4fa4-a97d-d965ccfc6d4b" outcome="Passed" testListId="8c84fa94-04c1-424b-9868-57a2d4851a1d" relativeResultsDirectory="2868b37a-93d0-4531-9894-4b852253b317" />
    <UnitTestResult executionId="995e7d73-62cc-4a73-89f4-2b1371ca5de6" testId="ec17200e-ab59-1085-baef-4f43de14be21" testName="RecordingStorage_ChangeEncryptionPassword_Success" computerName="DKSR-EFI-04" duration="00:00:00.0021544" startTime="2023-12-22T09:33:08.3655089+01:00" endTime="2023-12-22T09:33:08.3655089+01:00" testType="13cdc9d9-ddb5-4fa4-a97d-d965ccfc6d4b" outcome="Passed" testListId="8c84fa94-04c1-424b-9868-57a2d4851a1d" relativeResultsDirectory="995e7d73-62cc-4a73-89f4-2b1371ca5de6" />
    <UnitTestResult executionId="550ab972-d30b-4a03-be8b-23b94754119e" testId="ac7166d5-6ed9-af93-adae-df1837157d22" testName="GenericRepositoryTestGetObjectByIdsCacheTest" computerName="DKSR-EFI-04" duration="00:00:00.0026120" startTime="2023-12-22T09:33:09.8498888+01:00" endTime="2023-12-22T09:33:09.8498888+01:00" testType="13cdc9d9-ddb5-4fa4-a97d-d965ccfc6d4b" outcome="Passed" testListId="8c84fa94-04c1-424b-9868-57a2d4851a1d" relativeResultsDirectory="550ab972-d30b-4a03-be8b-23b94754119e" />
    <UnitTestResult executionId="59e37d1d-70e4-4834-bfeb-9ce4de84c7ce" testId="0e4bce62-7c99-c2be-4d7c-40c43ae1e05c" testName="PatrollingProfile_InsertStepAt_Create_PatrollingStep_With_WaitTime" computerName="DKSR-EFI-04" duration="00:00:00.0005992" startTime="2023-12-22T09:33:07.8967560+01:00" endTime="2023-12-22T09:33:07.8967560+01:00" testType="13cdc9d9-ddb5-4fa4-a97d-d965ccfc6d4b" outcome="Passed" testListId="8c84fa94-04c1-424b-9868-57a2d4851a1d" relativeResultsDirectory="59e37d1d-70e4-4834-bfeb-9ce4de84c7ce" />
    <UnitTestResult executionId="5b6063e5-7d98-41d5-9877-783b3d5f64b0" testId="41f6c7e0-8c95-404f-3027-8dd2cba17e11" testName="MIPEvent_Repository_Registered" computerName="DKSR-EFI-04" duration="00:00:00.0003023" startTime="2023-12-22T09:33:07.5061284+01:00" endTime="2023-12-22T09:33:07.5061284+01:00" testType="13cdc9d9-ddb5-4fa4-a97d-d965ccfc6d4b" outcome="Passed" testListId="8c84fa94-04c1-424b-9868-57a2d4851a1d" relativeResultsDirectory="5b6063e5-7d98-41d5-9877-783b3d5f64b0" />
    <UnitTestResult executionId="57a8bc2e-b910-4025-8fe7-509c7045332d" testId="7e845520-152f-bc7f-2198-97309fd64061" testName="GetIdpInfo_GivenWorkingAddress_ShouldReturnIdpInfo" computerName="DKSR-EFI-04" duration="00:00:00.0040590" startTime="2023-12-22T09:32:58.5685868+01:00" endTime="2023-12-22T09:32:58.5685868+01:00" testType="13cdc9d9-ddb5-4fa4-a97d-d965ccfc6d4b" outcome="Passed" testListId="8c84fa94-04c1-424b-9868-57a2d4851a1d" relativeResultsDirectory="57a8bc2e-b910-4025-8fe7-509c7045332d" />
    <UnitTestResult executionId="feac16f2-b034-46b7-83d0-aa730f2d6250" testId="c7c83ba8-def8-6d7f-b8f5-6cdb6210cbab" testName="BasicOwnerInfo_Update_Success" computerName="DKSR-EFI-04" duration="00:00:00.0009569" startTime="2023-12-22T09:33:06.8186253+01:00" endTime="2023-12-22T09:33:06.8186253+01:00" testType="13cdc9d9-ddb5-4fa4-a97d-d965ccfc6d4b" outcome="Passed" testListId="8c84fa94-04c1-424b-9868-57a2d4851a1d" relativeResultsDirectory="feac16f2-b034-46b7-83d0-aa730f2d6250" />
    <UnitTestResult executionId="3910740b-23d9-4352-a1b5-d0f622eecd36" testId="964d90a7-eafe-a3dd-426c-46d174d14182" testName="PerformanceStateRuleConfig_Create_Success" computerName="DKSR-EFI-04" duration="00:00:00.0002611" startTime="2023-12-22T09:33:08.0061290+01:00" endTime="2023-12-22T09:33:08.0061290+01:00" testType="13cdc9d9-ddb5-4fa4-a97d-d965ccfc6d4b" outcome="Passed" testListId="8c84fa94-04c1-424b-9868-57a2d4851a1d" relativeResultsDirectory="3910740b-23d9-4352-a1b5-d0f622eecd36" />
    <UnitTestResult executionId="889d57ae-b94d-42fb-a781-75979ff335b9" testId="2c12e70b-d5f6-a96d-830d-14474c8e0d92" testName="BasicOwnerInfo_Create_CheckVersionCalled" computerName="DKSR-EFI-04" duration="00:00:00.0003116" startTime="2023-12-22T09:33:06.8186253+01:00" endTime="2023-12-22T09:33:06.8186253+01:00" testType="13cdc9d9-ddb5-4fa4-a97d-d965ccfc6d4b" outcome="Passed" testListId="8c84fa94-04c1-424b-9868-57a2d4851a1d" relativeResultsDirectory="889d57ae-b94d-42fb-a781-75979ff335b9" />
    <UnitTestResult executionId="66f7f8e4-0b2a-464e-b5f6-307ab4aeb369" testId="fceb9d29-7da0-1e6c-c8a8-820c7f40d746" testName="ArchiveStorage_Enable_Framerate_Reduction_Success" computerName="DKSR-EFI-04" duration="00:00:00.0042053" startTime="2023-12-22T09:33:06.7092500+01:00" endTime="2023-12-22T09:33:06.7248735+01:00" testType="13cdc9d9-ddb5-4fa4-a97d-d965ccfc6d4b" outcome="Passed" testListId="8c84fa94-04c1-424b-9868-57a2d4851a1d" relativeResultsDirectory="66f7f8e4-0b2a-464e-b5f6-307ab4aeb369" />
    <UnitTestResult executionId="11a10614-dd66-4f0c-92c4-a13d9b86c659" testId="29446125-ae7b-a74f-3fea-d4cdf704ae46" testName="RetentionOptionRoleRelation_Create_Success" computerName="DKSR-EFI-04" duration="00:00:00.0004454" startTime="2023-12-22T09:33:08.4280072+01:00" endTime="2023-12-22T09:33:08.4280072+01:00" testType="13cdc9d9-ddb5-4fa4-a97d-d965ccfc6d4b" outcome="Passed" testListId="8c84fa94-04c1-424b-9868-57a2d4851a1d" relativeResultsDirectory="11a10614-dd66-4f0c-92c4-a13d9b86c659" />
    <UnitTestResult executionId="77a2de8b-9dcf-4d6a-b453-6f608221ada9" testId="e162973a-6b58-87ba-a821-f51b2b4c682d" testName="ExceptionConverter_GetConnectionConvertedException_SecurityNegotiationException" computerName="DKSR-EFI-04" duration="00:00:00.0003000" startTime="2023-12-22T09:33:09.9748902+01:00" endTime="2023-12-22T09:33:09.9748902+01:00" testType="13cdc9d9-ddb5-4fa4-a97d-d965ccfc6d4b" outcome="Passed" testListId="8c84fa94-04c1-424b-9868-57a2d4851a1d" relativeResultsDirectory="77a2de8b-9dcf-4d6a-b453-6f608221ada9" />
    <UnitTestResult executionId="8cad0556-208d-49c7-afb5-919302c14f59" testId="b3723662-aaa9-a79e-aed2-f54da002b392" testName="Construct_InvalidParam_ISiteConnectionInfoTokenExchange_Null_Throws_ArgumentNullException" computerName="DKSR-EFI-04" duration="00:00:00.0008807" startTime="2023-12-22T09:33:10.5530199+01:00" endTime="2023-12-22T09:33:10.5530199+01:00" testType="13cdc9d9-ddb5-4fa4-a97d-d965ccfc6d4b" outcome="Passed" testListId="8c84fa94-04c1-424b-9868-57a2d4851a1d" relativeResultsDirectory="8cad0556-208d-49c7-afb5-919302c14f59" />
    <UnitTestResult executionId="b7551160-1b68-4a4c-9b7c-341d36aa3095" testId="98fff030-53c1-c04c-47fb-82b4ef74e4d8" testName="SystemDashboardConfigurationuration_IsDeleted_Success" computerName="DKSR-EFI-04" duration="00:00:00.0002587" startTime="2023-12-22T09:33:08.7248847+01:00" endTime="2023-12-22T09:33:08.7248847+01:00" testType="13cdc9d9-ddb5-4fa4-a97d-d965ccfc6d4b" outcome="Passed" testListId="8c84fa94-04c1-424b-9868-57a2d4851a1d" relativeResultsDirectory="b7551160-1b68-4a4c-9b7c-341d36aa3095" />
    <UnitTestResult executionId="70671807-1846-4b2a-9ae2-9d241b9a56c4" testId="146e684e-5ac9-f0ec-1f58-c3178bb318b4" testName="FailoverServer_Delete_Failed" computerName="DKSR-EFI-04" duration="00:00:00.0008761" startTime="2023-12-22T09:33:07.1623759+01:00" endTime="2023-12-22T09:33:07.1623759+01:00" testType="13cdc9d9-ddb5-4fa4-a97d-d965ccfc6d4b" outcome="Passed" testListId="8c84fa94-04c1-424b-9868-57a2d4851a1d" relativeResultsDirectory="70671807-1846-4b2a-9ae2-9d241b9a56c4" />
    <UnitTestResult executionId="51fbd087-0bf3-4c19-bec9-97d8e5ef3924" testId="dff86f00-adf8-0959-76ac-186ea08e59bd" testName="Contains_GivenConfiguredAddressesAndConnectedSite_ShouldSuccess" computerName="DKSR-EFI-04" duration="00:00:00.0009607" startTime="2023-12-22T09:33:06.3342471+01:00" endTime="2023-12-22T09:33:06.3342471+01:00" testType="13cdc9d9-ddb5-4fa4-a97d-d965ccfc6d4b" outcome="Passed" testListId="8c84fa94-04c1-424b-9868-57a2d4851a1d" relativeResultsDirectory="51fbd087-0bf3-4c19-bec9-97d8e5ef3924" />
    <UnitTestResult executionId="9e9ae312-d633-49e7-ac6d-6032f4c4aa6b" testId="c6f92aec-e5b3-197a-7c28-b2847414641d" testName="PatrollingProfile_InsertStepAt_Create_PatrollingStep_Invalid_Position" computerName="DKSR-EFI-04" duration="00:00:00.0009160" startTime="2023-12-22T09:33:07.8967560+01:00" endTime="2023-12-22T09:33:07.8967560+01:00" testType="13cdc9d9-ddb5-4fa4-a97d-d965ccfc6d4b" outcome="Passed" testListId="8c84fa94-04c1-424b-9868-57a2d4851a1d" relativeResultsDirectory="9e9ae312-d633-49e7-ac6d-6032f4c4aa6b" />
    <UnitTestResult executionId="207eef1c-4a59-4d65-bae4-11824c46c4f8" testId="b09990a8-046d-47f5-364b-4a48dd9d650f" testName="PerformanceStateRuleConfiguration_Delete_Success" computerName="DKSR-EFI-04" duration="00:00:00.0005387" startTime="2023-12-22T09:33:08.0373811+01:00" endTime="2023-12-22T09:33:08.0373811+01:00" testType="13cdc9d9-ddb5-4fa4-a97d-d965ccfc6d4b" outcome="Passed" testListId="8c84fa94-04c1-424b-9868-57a2d4851a1d" relativeResultsDirectory="207eef1c-4a59-4d65-bae4-11824c46c4f8" />
    <UnitTestResult executionId="f7931218-7fa4-4898-82b0-481ebcffe918" testId="0be9096d-8606-eb90-db7e-1ff2f6d67641" testName="BasicUser_Constructor_Username_Empty_Check" computerName="DKSR-EFI-04" duration="00:00:00.0005208" startTime="2023-12-22T09:33:06.8498751+01:00" endTime="2023-12-22T09:33:06.8498751+01:00" testType="13cdc9d9-ddb5-4fa4-a97d-d965ccfc6d4b" outcome="Passed" testListId="8c84fa94-04c1-424b-9868-57a2d4851a1d" relativeResultsDirectory="f7931218-7fa4-4898-82b0-481ebcffe918" />
    <UnitTestResult executionId="04ac5c59-63b8-4679-843a-8d5bcb0187fb" testId="75fbb975-8fbd-9b46-1732-d0df17d45bc2" testName="BasicOwnerInfo_Constructor_Property_Null_Check" computerName="DKSR-EFI-04" duration="00:00:00.0010929" startTime="2023-12-22T09:33:06.7873746+01:00" endTime="2023-12-22T09:33:06.7873746+01:00" testType="13cdc9d9-ddb5-4fa4-a97d-d965ccfc6d4b" outcome="Passed" testListId="8c84fa94-04c1-424b-9868-57a2d4851a1d" relativeResultsDirectory="04ac5c59-63b8-4679-843a-8d5bcb0187fb" />
    <UnitTestResult executionId="d3121a94-d846-446e-9776-d3f866ec0668" testId="e1626575-e055-6258-c63a-1ed2106a1fc3" testName="TaskDeleteRecordingStorage_StartNew_Success" computerName="DKSR-EFI-04" duration="00:00:00.0014030" startTime="2023-12-22T09:33:09.4748867+01:00" endTime="2023-12-22T09:33:09.4748867+01:00" testType="13cdc9d9-ddb5-4fa4-a97d-d965ccfc6d4b" outcome="Passed" testListId="8c84fa94-04c1-424b-9868-57a2d4851a1d" relativeResultsDirectory="d3121a94-d846-446e-9776-d3f866ec0668" />
    <UnitTestResult executionId="323d1263-816f-49c6-9d11-ebcb76cc2ea2" testId="1275c074-db08-31bd-05ad-06c9229297a2" testName="VideoWallPreset_Create_CheckVersionNotCalled" computerName="DKSR-EFI-04" duration="00:00:00.0002789" startTime="2023-12-22T09:33:09.7248892+01:00" endTime="2023-12-22T09:33:09.7248892+01:00" testType="13cdc9d9-ddb5-4fa4-a97d-d965ccfc6d4b" outcome="Passed" testListId="8c84fa94-04c1-424b-9868-57a2d4851a1d" relativeResultsDirectory="323d1263-816f-49c6-9d11-ebcb76cc2ea2" />
    <UnitTestResult executionId="a58b76a3-25ce-4d9e-b636-9dd227d37003" testId="77c25885-f498-e269-7a67-0cba22b75ab1" testName="ManagementServer_CreateReference_Called" computerName="DKSR-EFI-04" duration="00:00:00.0022650" startTime="2023-12-22T09:33:07.3655020+01:00" endTime="2023-12-22T09:33:07.3655020+01:00" testType="13cdc9d9-ddb5-4fa4-a97d-d965ccfc6d4b" outcome="Passed" testListId="8c84fa94-04c1-424b-9868-57a2d4851a1d" relativeResultsDirectory="a58b76a3-25ce-4d9e-b636-9dd227d37003" />
    <UnitTestResult executionId="f54b4076-e755-4bd1-926d-5e86962244ce" testId="aeab3429-d90c-d2f2-7b84-011732585310" testName="ExceptionConverter_GetConnectionConvertedException_TimeoutException" computerName="DKSR-EFI-04" duration="00:00:00.0006446" startTime="2023-12-22T09:33:09.9280141+01:00" endTime="2023-12-22T09:33:09.9280141+01:00" testType="13cdc9d9-ddb5-4fa4-a97d-d965ccfc6d4b" outcome="Passed" testListId="8c84fa94-04c1-424b-9868-57a2d4851a1d" relativeResultsDirectory="f54b4076-e755-4bd1-926d-5e86962244ce" />
    <UnitTestResult executionId="58b170da-3acb-4202-8e28-696907f45e4a" testId="aebd2ed3-500b-7ed7-3035-495460774e8c" testName="PerformanceStateRuleConfig_Constructor_DefaultValuesCorrect" computerName="DKSR-EFI-04" duration="00:00:00.0019725" startTime="2023-12-22T09:33:08.0061290+01:00" endTime="2023-12-22T09:33:08.0061290+01:00" testType="13cdc9d9-ddb5-4fa4-a97d-d965ccfc6d4b" outcome="Passed" testListId="8c84fa94-04c1-424b-9868-57a2d4851a1d" relativeResultsDirectory="58b170da-3acb-4202-8e28-696907f45e4a" />
    <UnitTestResult executionId="50fc5fe5-7665-4213-b9fd-ee0be0e1e8cb" testId="26ab51dc-344f-9cf6-c2e3-523f0b7e8ae6" testName="ExceptionConverter_GetConnectionConvertedException_Idp_ChangePasswordException" computerName="DKSR-EFI-04" duration="00:00:00.0006980" startTime="2023-12-22T09:33:09.9905159+01:00" endTime="2023-12-22T09:33:09.9905159+01:00" testType="13cdc9d9-ddb5-4fa4-a97d-d965ccfc6d4b" outcome="Passed" testListId="8c84fa94-04c1-424b-9868-57a2d4851a1d" relativeResultsDirectory="50fc5fe5-7665-4213-b9fd-ee0be0e1e8cb" />
    <UnitTestResult executionId="ac6bd56c-17fb-443f-8b0f-bd8f5d6ce932" testId="68c61d83-4cf3-ff70-7a7c-31b35c4affbf" testName="RecordingStorage_Constructor_DefaultValuesCorrect" computerName="DKSR-EFI-04" duration="00:00:00.0051166" startTime="2023-12-22T09:33:08.2873837+01:00" endTime="2023-12-22T09:33:08.2873837+01:00" testType="13cdc9d9-ddb5-4fa4-a97d-d965ccfc6d4b" outcome="Passed" testListId="8c84fa94-04c1-424b-9868-57a2d4851a1d" relativeResultsDirectory="ac6bd56c-17fb-443f-8b0f-bd8f5d6ce932" />
    <UnitTestResult executionId="4a8dac1e-247a-4feb-ac45-7391042af18f" testId="d9079d90-2920-f566-8909-0fb0a7a3a358" testName="ServerVersionConstructor_String_Success" computerName="DKSR-EFI-04" duration="00:00:00.0119506" startTime="2023-12-22T09:32:55.1935700+01:00" endTime="2023-12-22T09:32:55.8341979+01:00" testType="13cdc9d9-ddb5-4fa4-a97d-d965ccfc6d4b" outcome="Passed" testListId="8c84fa94-04c1-424b-9868-57a2d4851a1d" relativeResultsDirectory="4a8dac1e-247a-4feb-ac45-7391042af18f" />
    <UnitTestResult executionId="224682b1-5a04-4eb2-868a-225ecf55bda8" testId="92d0f24d-161a-5161-4318-378530da0fea" testName="Role_Add_Member_Check_Null_Name" computerName="DKSR-EFI-04" duration="00:00:00.0006300" startTime="2023-12-22T09:33:08.4905086+01:00" endTime="2023-12-22T09:33:08.4905086+01:00" testType="13cdc9d9-ddb5-4fa4-a97d-d965ccfc6d4b" outcome="Passed" testListId="8c84fa94-04c1-424b-9868-57a2d4851a1d" relativeResultsDirectory="224682b1-5a04-4eb2-868a-225ecf55bda8" />
    <UnitTestResult executionId="c7261cb6-6daa-44de-9a8b-cd563dd2ccf6" testId="f089828d-f028-71d5-48d2-b0fdefe19ce6" testName="RetentionOptionRoleRelation_Repository_Registered" computerName="DKSR-EFI-04" duration="00:00:00.0003105" startTime="2023-12-22T09:33:08.4436324+01:00" endTime="2023-12-22T09:33:08.4436324+01:00" testType="13cdc9d9-ddb5-4fa4-a97d-d965ccfc6d4b" outcome="Passed" testListId="8c84fa94-04c1-424b-9868-57a2d4851a1d" relativeResultsDirectory="c7261cb6-6daa-44de-9a8b-cd563dd2ccf6" />
    <UnitTestResult executionId="2e1cf716-afb3-411b-836a-10a6e628993e" testId="894cf9d9-cb78-1f17-1cd8-2c154e26811a" testName="TaskMoveRecordingStorage_StartNew_Success" computerName="DKSR-EFI-04" duration="00:00:00.0029048" startTime="2023-12-22T09:33:09.5061387+01:00" endTime="2023-12-22T09:33:09.5061387+01:00" testType="13cdc9d9-ddb5-4fa4-a97d-d965ccfc6d4b" outcome="Passed" testListId="8c84fa94-04c1-424b-9868-57a2d4851a1d" relativeResultsDirectory="2e1cf716-afb3-411b-836a-10a6e628993e" />
    <UnitTestResult executionId="d82107f5-9872-4fc5-8f46-31b9690440a3" testId="8aef9341-89d7-79ce-fb7c-7252b900e1b1" testName="SystemDashboardConfigurationuration_Update_Success" computerName="DKSR-EFI-04" duration="00:00:00.0004960" startTime="2023-12-22T09:33:08.6780099+01:00" endTime="2023-12-22T09:33:08.6780099+01:00" testType="13cdc9d9-ddb5-4fa4-a97d-d965ccfc6d4b" outcome="Passed" testListId="8c84fa94-04c1-424b-9868-57a2d4851a1d" relativeResultsDirectory="d82107f5-9872-4fc5-8f46-31b9690440a3" />
    <UnitTestResult executionId="f1238da2-3ad3-414e-a408-74d965ad0850" testId="9762f51b-0731-ac64-23c9-24a2c8ccaa73" testName="ManagementClientProfile_Constructor_DefaultValuesCorrect" computerName="DKSR-EFI-04" duration="00:00:00.0029167" startTime="2023-12-22T09:33:06.8967491+01:00" endTime="2023-12-22T09:33:06.8967491+01:00" testType="13cdc9d9-ddb5-4fa4-a97d-d965ccfc6d4b" outcome="Passed" testListId="8c84fa94-04c1-424b-9868-57a2d4851a1d" relativeResultsDirectory="f1238da2-3ad3-414e-a408-74d965ad0850" />
    <UnitTestResult executionId="535df716-14b1-4036-bf9f-b68e78abcf11" testId="9c0e9757-d51c-1e1e-437e-30ab9c6fdc3d" testName="Construct_Credentials_ValidInstance_Success" computerName="DKSR-EFI-04" duration="00:00:00.0001829" startTime="2023-12-22T09:33:10.5842667+01:00" endTime="2023-12-22T09:33:10.5842667+01:00" testType="13cdc9d9-ddb5-4fa4-a97d-d965ccfc6d4b" outcome="Passed" testListId="8c84fa94-04c1-424b-9868-57a2d4851a1d" relativeResultsDirectory="535df716-14b1-4036-bf9f-b68e78abcf11" />
    <UnitTestResult executionId="c2d73fda-48bf-445f-8a45-b8ef2a859c98" testId="064663ac-a267-a696-51c0-fe929e47366c" testName="SunClockTimeProfile_Create_CustomId_Success_Constructor" computerName="DKSR-EFI-04" duration="00:00:00.0006589" startTime="2023-12-22T09:33:09.5998886+01:00" endTime="2023-12-22T09:33:09.5998886+01:00" testType="13cdc9d9-ddb5-4fa4-a97d-d965ccfc6d4b" outcome="Passed" testListId="8c84fa94-04c1-424b-9868-57a2d4851a1d" relativeResultsDirectory="c2d73fda-48bf-445f-8a45-b8ef2a859c98" />
    <UnitTestResult executionId="3ff8a832-c286-484b-a548-9719f8fe4b1c" testId="15c29022-eb79-9121-034c-c0cba1cf6806" testName="Construct_AllowUnsecure_ForceLegacy_Success" computerName="DKSR-EFI-04" duration="00:00:00.0001745" startTime="2023-12-22T09:33:10.5842667+01:00" endTime="2023-12-22T09:33:10.5842667+01:00" testType="13cdc9d9-ddb5-4fa4-a97d-d965ccfc6d4b" outcome="Passed" testListId="8c84fa94-04c1-424b-9868-57a2d4851a1d" relativeResultsDirectory="3ff8a832-c286-484b-a548-9719f8fe4b1c" />
    <UnitTestResult executionId="1fe65cbe-ce9c-4006-afe7-cfbbfb7a31a3" testId="85e92233-ab5f-a807-b135-7f0ed876ac93" testName="RecordingStorage_Delete_Success" computerName="DKSR-EFI-04" duration="00:00:00.0005703" startTime="2023-12-22T09:33:08.3030060+01:00" endTime="2023-12-22T09:33:08.3030060+01:00" testType="13cdc9d9-ddb5-4fa4-a97d-d965ccfc6d4b" outcome="Passed" testListId="8c84fa94-04c1-424b-9868-57a2d4851a1d" relativeResultsDirectory="1fe65cbe-ce9c-4006-afe7-cfbbfb7a31a3" />
    <UnitTestResult executionId="b598df15-0e94-4395-8f6b-2c4d6047fd38" testId="23a8ef88-55d0-31a3-400b-f46cbe18e1f6" testName="PatrollingProfile_Preset_Constructor_Argument_Empty" computerName="DKSR-EFI-04" duration="00:00:00.0006297" startTime="2023-12-22T09:33:07.8811301+01:00" endTime="2023-12-22T09:33:07.8811301+01:00" testType="13cdc9d9-ddb5-4fa4-a97d-d965ccfc6d4b" outcome="Passed" testListId="8c84fa94-04c1-424b-9868-57a2d4851a1d" relativeResultsDirectory="b598df15-0e94-4395-8f6b-2c4d6047fd38">
      <Output>
        <StdOut>Debug Trace:&#xD;
Fail: Parameter 'id' cannot be empty.</StdOut>
      </Output>
    </UnitTestResult>
    <UnitTestResult executionId="26971859-50d1-4a69-a3c6-3284c1ee5796" testId="d30553d3-7866-d34b-040a-85c642571e10" testName="MarkedData_Refresh_Failed_Deleted_On_Server" computerName="DKSR-EFI-04" duration="00:00:00.0010988" startTime="2023-12-22T09:33:07.4280039+01:00" endTime="2023-12-22T09:33:07.4280039+01:00" testType="13cdc9d9-ddb5-4fa4-a97d-d965ccfc6d4b" outcome="Passed" testListId="8c84fa94-04c1-424b-9868-57a2d4851a1d" relativeResultsDirectory="26971859-50d1-4a69-a3c6-3284c1ee5796" />
    <UnitTestResult executionId="c899d28b-1261-4ab6-989a-704b06b9e82c" testId="5efdc212-2009-f999-3bbc-821570f59095" testName="View_Refresh_Success" computerName="DKSR-EFI-04" duration="00:00:00.0004035" startTime="2023-12-22T09:33:09.8030126+01:00" endTime="2023-12-22T09:33:09.8030126+01:00" testType="13cdc9d9-ddb5-4fa4-a97d-d965ccfc6d4b" outcome="Passed" testListId="8c84fa94-04c1-424b-9868-57a2d4851a1d" relativeResultsDirectory="c899d28b-1261-4ab6-989a-704b06b9e82c" />
    <UnitTestResult executionId="0350d465-74c7-4886-a0ed-df8fe2c7dd87" testId="7e49d211-33c9-5592-25e4-c124dfa62afe" testName="Add_UniqueItemsUnderHeavyLoad_ShouldSuccess" computerName="DKSR-EFI-04" duration="00:00:00.1992179" startTime="2023-12-22T09:33:05.8498700+01:00" endTime="2023-12-22T09:33:06.0529950+01:00" testType="13cdc9d9-ddb5-4fa4-a97d-d965ccfc6d4b" outcome="Passed" testListId="8c84fa94-04c1-424b-9868-57a2d4851a1d" relativeResultsDirectory="0350d465-74c7-4886-a0ed-df8fe2c7dd87">
      <Output>
        <StdOut>SiteTokenCacheStore has been called by 2000 threads in parallel!</StdOut>
      </Output>
    </UnitTestResult>
    <UnitTestResult executionId="e39848e7-5e99-4b59-9a27-9588a5765fa3" testId="485b9188-c62d-b34d-a495-06f19d4b268e" testName="ServerVersionConstructor_Equals_Success" computerName="DKSR-EFI-04" duration="00:00:00.0030932" startTime="2023-12-22T09:32:56.0373240+01:00" endTime="2023-12-22T09:32:56.0373240+01:00" testType="13cdc9d9-ddb5-4fa4-a97d-d965ccfc6d4b" outcome="Passed" testListId="8c84fa94-04c1-424b-9868-57a2d4851a1d" relativeResultsDirectory="e39848e7-5e99-4b59-9a27-9588a5765fa3" />
    <UnitTestResult executionId="419a5a94-9b10-4d7a-a135-6d9f9cff5fd2" testId="e6a5bd7b-7405-fc6a-b5bc-378f43c18431" testName="MIPObject_Repository_Registered" computerName="DKSR-EFI-04" duration="00:00:00.0004416" startTime="2023-12-22T09:33:07.5530046+01:00" endTime="2023-12-22T09:33:07.5530046+01:00" testType="13cdc9d9-ddb5-4fa4-a97d-d965ccfc6d4b" outcome="Passed" testListId="8c84fa94-04c1-424b-9868-57a2d4851a1d" relativeResultsDirectory="419a5a94-9b10-4d7a-a135-6d9f9cff5fd2" />
    <UnitTestResult executionId="cc42b7a7-a726-4529-88be-ed0d4e02f59d" testId="2910f1bf-3a00-47d4-ed05-f81c81996069" testName="ThrowExceptionIfProtocolIsNotAllowed_SecureProtocol_NonSecureNotAllowed_DoesNothing" computerName="DKSR-EFI-04" duration="00:00:00.0002211" startTime="2023-12-22T09:32:58.4904626+01:00" endTime="2023-12-22T09:32:58.5060882+01:00" testType="13cdc9d9-ddb5-4fa4-a97d-d965ccfc6d4b" outcome="Passed" testListId="8c84fa94-04c1-424b-9868-57a2d4851a1d" relativeResultsDirectory="cc42b7a7-a726-4529-88be-ed0d4e02f59d" />
    <UnitTestResult executionId="428bdf2d-e465-473f-b463-053675bf14dc" testId="8695aac4-bad9-8a51-7f35-4933b6ca92ab" testName="AddSiteVersion_GivenIdpSupportedVersion_ShouldReturnFail" computerName="DKSR-EFI-04" duration="00:00:00.0003360" startTime="2023-12-22T09:32:58.3967111+01:00" endTime="2023-12-22T09:32:58.3967111+01:00" testType="13cdc9d9-ddb5-4fa4-a97d-d965ccfc6d4b" outcome="Passed" testListId="8c84fa94-04c1-424b-9868-57a2d4851a1d" relativeResultsDirectory="428bdf2d-e465-473f-b463-053675bf14dc" />
    <UnitTestResult executionId="3a563117-3907-412f-9a25-91280fc72259" testId="4bf84d6a-9747-e23e-9edd-c36a80376ba8" testName="TaskMoveDevice_StartNew_Success" computerName="DKSR-EFI-04" duration="00:00:00.0031355" startTime="2023-12-22T09:33:09.4905127+01:00" endTime="2023-12-22T09:33:09.4905127+01:00" testType="13cdc9d9-ddb5-4fa4-a97d-d965ccfc6d4b" outcome="Passed" testListId="8c84fa94-04c1-424b-9868-57a2d4851a1d" relativeResultsDirectory="3a563117-3907-412f-9a25-91280fc72259" />
    <UnitTestResult executionId="3a3d64a4-a75d-42a2-b051-b7f770915df8" testId="9d6412cb-3a50-3068-8962-8836b07f370a" testName="PatrollingProfile_InsertStepFirst_Existing_PatrollingStep" computerName="DKSR-EFI-04" duration="00:00:00.0019777" startTime="2023-12-22T09:33:07.9280078+01:00" endTime="2023-12-22T09:33:07.9280078+01:00" testType="13cdc9d9-ddb5-4fa4-a97d-d965ccfc6d4b" outcome="Passed" testListId="8c84fa94-04c1-424b-9868-57a2d4851a1d" relativeResultsDirectory="3a3d64a4-a75d-42a2-b051-b7f770915df8" />
    <UnitTestResult executionId="5439c52a-6fa5-4165-9b58-3d888830d641" testId="d3620e51-7eec-32f0-d524-de91a027a0fe" testName="ServerVersionConstructor_CompareToObjNull_Success" computerName="DKSR-EFI-04" duration="00:00:00.0001452" startTime="2023-12-22T09:32:56.0216994+01:00" endTime="2023-12-22T09:32:56.0216994+01:00" testType="13cdc9d9-ddb5-4fa4-a97d-d965ccfc6d4b" outcome="Passed" testListId="8c84fa94-04c1-424b-9868-57a2d4851a1d" relativeResultsDirectory="5439c52a-6fa5-4165-9b58-3d888830d641" />
    <UnitTestResult executionId="2371bfe7-b414-49e9-90f1-1b64f9e3323a" testId="3491f7c4-65eb-27da-c18b-89f7c7994d19" testName="VideoWallPreset_Activate_Success" computerName="DKSR-EFI-04" duration="00:00:00.0012365" startTime="2023-12-22T09:33:09.7405151+01:00" endTime="2023-12-22T09:33:09.7405151+01:00" testType="13cdc9d9-ddb5-4fa4-a97d-d965ccfc6d4b" outcome="Passed" testListId="8c84fa94-04c1-424b-9868-57a2d4851a1d" relativeResultsDirectory="2371bfe7-b414-49e9-90f1-1b64f9e3323a" />
    <UnitTestResult executionId="b9193493-2a3e-4406-ad87-fee34551ece3" testId="6c5d3f2e-9daa-5438-2561-cee1896b95d6" testName="RecordingStorage_ChangeEncryptionMethod_Failed_Wrong_Method_None" computerName="DKSR-EFI-04" duration="00:00:00.0007824" startTime="2023-12-22T09:33:08.3655089+01:00" endTime="2023-12-22T09:33:08.3655089+01:00" testType="13cdc9d9-ddb5-4fa4-a97d-d965ccfc6d4b" outcome="Passed" testListId="8c84fa94-04c1-424b-9868-57a2d4851a1d" relativeResultsDirectory="b9193493-2a3e-4406-ad87-fee34551ece3" />
    <UnitTestResult executionId="427d3c08-8813-4a92-ab17-6623c7ffc73a" testId="0507bcc1-e4fc-1936-fe78-283dd5cecc14" testName="BasicOwnerInfo_Constructor_DefaultValuesCorrect" computerName="DKSR-EFI-04" duration="00:00:00.0046394" startTime="2023-12-22T09:33:06.7717503+01:00" endTime="2023-12-22T09:33:06.7873746+01:00" testType="13cdc9d9-ddb5-4fa4-a97d-d965ccfc6d4b" outcome="Passed" testListId="8c84fa94-04c1-424b-9868-57a2d4851a1d" relativeResultsDirectory="427d3c08-8813-4a92-ab17-6623c7ffc73a" />
    <UnitTestResult executionId="f48cbd70-4ce1-405a-aef9-44a921af2d86" testId="224d534a-c7ce-6b8e-cecf-4848b863b783" testName="ServerConnection_Constructor_TokenCache_Success_ServerAddress" computerName="DKSR-EFI-04" duration="00:00:00.0004379" startTime="2023-12-22T09:33:10.5530199+01:00" endTime="2023-12-22T09:33:10.5530199+01:00" testType="13cdc9d9-ddb5-4fa4-a97d-d965ccfc6d4b" outcome="Passed" testListId="8c84fa94-04c1-424b-9868-57a2d4851a1d" relativeResultsDirectory="f48cbd70-4ce1-405a-aef9-44a921af2d86" />
    <UnitTestResult executionId="b7dc1f45-0b64-4b34-9daa-0022135874fe" testId="f66333dc-734c-f6ea-92b2-7e230c56eaf2" testName="Recorder_Update_Success" computerName="DKSR-EFI-04" duration="00:00:00.0033143" startTime="2023-12-22T09:33:08.2405076+01:00" endTime="2023-12-22T09:33:08.2405076+01:00" testType="13cdc9d9-ddb5-4fa4-a97d-d965ccfc6d4b" outcome="Passed" testListId="8c84fa94-04c1-424b-9868-57a2d4851a1d" relativeResultsDirectory="b7dc1f45-0b64-4b34-9daa-0022135874fe" />
    <UnitTestResult executionId="b8db59e7-3242-4bb4-9d73-ef16ff18c44c" testId="aa36675d-2939-7ced-ac01-eb4d23340b43" testName="GenericRepositoryTestGetObjectsByIdWithPolymorphicVmoType" computerName="DKSR-EFI-04" duration="00:00:00.0059749" startTime="2023-12-22T09:33:09.8342647+01:00" endTime="2023-12-22T09:33:09.8342647+01:00" testType="13cdc9d9-ddb5-4fa4-a97d-d965ccfc6d4b" outcome="Passed" testListId="8c84fa94-04c1-424b-9868-57a2d4851a1d" relativeResultsDirectory="b8db59e7-3242-4bb4-9d73-ef16ff18c44c" />
    <UnitTestResult executionId="944bde6f-0abf-46f2-976e-e1c94777d18a" testId="e91a2775-b182-a50c-7252-43091e065330" testName="Constructor_NullSiteIdpConnector_Throws" computerName="DKSR-EFI-04" duration="00:00:00.0007232" startTime="2023-12-22T09:32:58.1154597+01:00" endTime="2023-12-22T09:32:58.1154597+01:00" testType="13cdc9d9-ddb5-4fa4-a97d-d965ccfc6d4b" outcome="Passed" testListId="8c84fa94-04c1-424b-9868-57a2d4851a1d" relativeResultsDirectory="944bde6f-0abf-46f2-976e-e1c94777d18a" />
    <UnitTestResult executionId="deec1285-a40c-4d7f-a1c2-4f634a24356c" testId="37d71308-1b21-c7c0-c2b2-27c84f2da2ff" testName="TrustedIssuer_CtorOnUnsupportedVersion_Throws" computerName="DKSR-EFI-04" duration="00:00:00.0009718" startTime="2023-12-22T09:33:09.6623887+01:00" endTime="2023-12-22T09:33:09.6623887+01:00" testType="13cdc9d9-ddb5-4fa4-a97d-d965ccfc6d4b" outcome="Passed" testListId="8c84fa94-04c1-424b-9868-57a2d4851a1d" relativeResultsDirectory="deec1285-a40c-4d7f-a1c2-4f634a24356c" />
    <UnitTestResult executionId="43b743af-ba83-4b57-9a95-bc95f187a9bf" testId="378d50bb-6943-77d7-94c0-8b61b54fab44" testName="AxisTunnelServer_Refresh_Success" computerName="DKSR-EFI-04" duration="00:00:00.0003023" startTime="2023-12-22T09:33:06.7717503+01:00" endTime="2023-12-22T09:33:06.7717503+01:00" testType="13cdc9d9-ddb5-4fa4-a97d-d965ccfc6d4b" outcome="Passed" testListId="8c84fa94-04c1-424b-9868-57a2d4851a1d" relativeResultsDirectory="43b743af-ba83-4b57-9a95-bc95f187a9bf" />
    <UnitTestResult executionId="c14e3399-3604-4dbb-aee2-f1dc09d32e35" testId="d33ba304-66b6-f88b-a31f-3dda70fdcb3b" testName="CameraDevice_PrebufferInMemory_Before_v102_NotSupported" computerName="DKSR-EFI-04" duration="00:00:00.0008776" startTime="2023-12-22T09:33:08.1623819+01:00" endTime="2023-12-22T09:33:08.1623819+01:00" testType="13cdc9d9-ddb5-4fa4-a97d-d965ccfc6d4b" outcome="Passed" testListId="8c84fa94-04c1-424b-9868-57a2d4851a1d" relativeResultsDirectory="c14e3399-3604-4dbb-aee2-f1dc09d32e35" />
    <UnitTestResult executionId="a2e607af-e3aa-4507-85b6-c51d602522ed" testId="6a6b3d60-b93a-8958-6b62-7ecff6d37770" testName="BasicUser_Constructor_DefaultValuesCorrect" computerName="DKSR-EFI-04" duration="00:00:00.0020163" startTime="2023-12-22T09:33:06.8342507+01:00" endTime="2023-12-22T09:33:06.8342507+01:00" testType="13cdc9d9-ddb5-4fa4-a97d-d965ccfc6d4b" outcome="Passed" testListId="8c84fa94-04c1-424b-9868-57a2d4851a1d" relativeResultsDirectory="a2e607af-e3aa-4507-85b6-c51d602522ed" />
    <UnitTestResult executionId="305eb1a5-681c-4e87-af2a-904bcd326723" testId="68266fb4-2736-ba71-a128-a9e39c1f393d" testName="FailoverServer_Update_Failed" computerName="DKSR-EFI-04" duration="00:00:00.0007798" startTime="2023-12-22T09:33:07.1467497+01:00" endTime="2023-12-22T09:33:07.1467497+01:00" testType="13cdc9d9-ddb5-4fa4-a97d-d965ccfc6d4b" outcome="Passed" testListId="8c84fa94-04c1-424b-9868-57a2d4851a1d" relativeResultsDirectory="305eb1a5-681c-4e87-af2a-904bcd326723" />
    <UnitTestResult executionId="6a7db7e8-d66c-4f42-b0f5-fa9f6b6b8935" testId="00618716-4f82-1a4a-b0f3-2af10c61bf40" testName="PatrollingProfile_InsertStepAt_Create_PatrollingStep_Default" computerName="DKSR-EFI-04" duration="00:00:00.0059043" startTime="2023-12-22T09:33:07.8811301+01:00" endTime="2023-12-22T09:33:07.8967560+01:00" testType="13cdc9d9-ddb5-4fa4-a97d-d965ccfc6d4b" outcome="Passed" testListId="8c84fa94-04c1-424b-9868-57a2d4851a1d" relativeResultsDirectory="6a7db7e8-d66c-4f42-b0f5-fa9f6b6b8935" />
    <UnitTestResult executionId="1ef0f5b7-f30b-4186-9fc3-0f4fe1c4504f" testId="e59d293c-5af8-002c-e55c-1398367fa479" testName="ArchiveStorage_Get_Storage_Information_Failed_Not_Created" computerName="DKSR-EFI-04" duration="00:00:00.0012291" startTime="2023-12-22T09:33:06.6780007+01:00" endTime="2023-12-22T09:33:06.6780007+01:00" testType="13cdc9d9-ddb5-4fa4-a97d-d965ccfc6d4b" outcome="Passed" testListId="8c84fa94-04c1-424b-9868-57a2d4851a1d" relativeResultsDirectory="1ef0f5b7-f30b-4186-9fc3-0f4fe1c4504f" />
    <UnitTestResult executionId="c54ea3ac-fc79-4895-b536-f5186d21cbbe" testId="c9676883-a38f-18af-1659-9e55996244a0" testName="ManagementServer_DetachChildSite_NonCreated_ArgumentException" computerName="DKSR-EFI-04" duration="00:00:00.0008671" startTime="2023-12-22T09:33:07.3342529+01:00" endTime="2023-12-22T09:33:07.3342529+01:00" testType="13cdc9d9-ddb5-4fa4-a97d-d965ccfc6d4b" outcome="Passed" testListId="8c84fa94-04c1-424b-9868-57a2d4851a1d" relativeResultsDirectory="c54ea3ac-fc79-4895-b536-f5186d21cbbe" />
    <UnitTestResult executionId="b6b1fd59-57d8-407e-8001-91336b139e8c" testId="82ce7b74-9478-cbc0-ced6-3cff3fae756f" testName="Construct_InvalidParam_ISiteIdpConnector_Null_Throws_ArgumentNullException" computerName="DKSR-EFI-04" duration="00:00:00.0007846" startTime="2023-12-22T09:33:10.6155198+01:00" endTime="2023-12-22T09:33:10.6155198+01:00" testType="13cdc9d9-ddb5-4fa4-a97d-d965ccfc6d4b" outcome="Passed" testListId="8c84fa94-04c1-424b-9868-57a2d4851a1d" relativeResultsDirectory="b6b1fd59-57d8-407e-8001-91336b139e8c" />
    <UnitTestResult executionId="0da61c87-1695-4153-9d50-2a4ade794077" testId="4ad5e067-b37b-b19f-cb70-41cd0b41d20d" testName="CurrentUICulture_IsDefaultNull" computerName="DKSR-EFI-04" duration="00:00:00.0003088" startTime="2023-12-22T09:33:09.9123896+01:00" endTime="2023-12-22T09:33:09.9123896+01:00" testType="13cdc9d9-ddb5-4fa4-a97d-d965ccfc6d4b" outcome="Passed" testListId="8c84fa94-04c1-424b-9868-57a2d4851a1d" relativeResultsDirectory="0da61c87-1695-4153-9d50-2a4ade794077" />
    <UnitTestResult executionId="72151566-d1ba-42da-90e5-f2de649da318" testId="a7e854b3-ad0c-30c9-739e-808a4e52d5c7" testName="ArchiveStorage_Undo_IsDirty_Schedule" computerName="DKSR-EFI-04" duration="00:00:00.0048546" startTime="2023-12-22T09:33:06.6467482+01:00" endTime="2023-12-22T09:33:06.6467482+01:00" testType="13cdc9d9-ddb5-4fa4-a97d-d965ccfc6d4b" outcome="Passed" testListId="8c84fa94-04c1-424b-9868-57a2d4851a1d" relativeResultsDirectory="72151566-d1ba-42da-90e5-f2de649da318" />
    <UnitTestResult executionId="49d995f9-87e9-4ebd-9b52-d388c17bbb49" testId="1db94274-6592-8d13-818e-4085419651f2" testName="Grid_RemoveNonExistingRegion_NotRemoved" computerName="DKSR-EFI-04" duration="00:00:00.0001640" startTime="2023-12-22T09:33:07.2405019+01:00" endTime="2023-12-22T09:33:07.2405019+01:00" testType="13cdc9d9-ddb5-4fa4-a97d-d965ccfc6d4b" outcome="Passed" testListId="8c84fa94-04c1-424b-9868-57a2d4851a1d" relativeResultsDirectory="49d995f9-87e9-4ebd-9b52-d388c17bbb49" />
    <UnitTestResult executionId="dff77d9f-8c2d-4cca-b48f-6fcc18b0ab72" testId="9f2f9eb7-af09-d3bf-f77f-90b9601a7cf2" testName="CameraDevice_ChangeRecordingStorage_Success" computerName="DKSR-EFI-04" duration="00:00:00.0019267" startTime="2023-12-22T09:33:08.1467574+01:00" endTime="2023-12-22T09:33:08.1467574+01:00" testType="13cdc9d9-ddb5-4fa4-a97d-d965ccfc6d4b" outcome="Passed" testListId="8c84fa94-04c1-424b-9868-57a2d4851a1d" relativeResultsDirectory="dff77d9f-8c2d-4cca-b48f-6fcc18b0ab72" />
    <UnitTestResult executionId="fd8c1286-22d7-4501-b311-b670db1af4b1" testId="c7cf3afc-da46-c52b-1bae-d663fd25ee50" testName="GetHighPriorityError_GivenIdpOfflineExceptionForNonLegacySite_ReturnsIdpOfflineException" computerName="DKSR-EFI-04" duration="00:00:00.0087483" startTime="2023-12-22T09:32:56.6779527+01:00" endTime="2023-12-22T09:32:56.6935767+01:00" testType="13cdc9d9-ddb5-4fa4-a97d-d965ccfc6d4b" outcome="Passed" testListId="8c84fa94-04c1-424b-9868-57a2d4851a1d" relativeResultsDirectory="fd8c1286-22d7-4501-b311-b670db1af4b1" />
    <UnitTestResult executionId="59b4f39b-b0bd-4478-9253-8e1a7488ce2b" testId="e0c9131b-164e-efd9-9c38-343bf3724bdf" testName="RecordingServer_CustomProperties_CheckForVersion_7_0_and_throws" computerName="DKSR-EFI-04" duration="00:00:00.0013734" startTime="2023-12-22T09:33:08.2717570+01:00" endTime="2023-12-22T09:33:08.2717570+01:00" testType="13cdc9d9-ddb5-4fa4-a97d-d965ccfc6d4b" outcome="Passed" testListId="8c84fa94-04c1-424b-9868-57a2d4851a1d" relativeResultsDirectory="59b4f39b-b0bd-4478-9253-8e1a7488ce2b" />
    <UnitTestResult executionId="552bf3f2-e0dc-47b0-b5d7-c50d1568a214" testId="8552ab44-7a6f-6aba-f3c7-d5e39cdc2d87" testName="BasicUser_Create_CheckVersionCalled" computerName="DKSR-EFI-04" duration="00:00:00.0002381" startTime="2023-12-22T09:33:06.8655013+01:00" endTime="2023-12-22T09:33:06.8655013+01:00" testType="13cdc9d9-ddb5-4fa4-a97d-d965ccfc6d4b" outcome="Passed" testListId="8c84fa94-04c1-424b-9868-57a2d4851a1d" relativeResultsDirectory="552bf3f2-e0dc-47b0-b5d7-c50d1568a214" />
    <UnitTestResult executionId="6ed864bb-1183-4392-926a-516fa39fc663" testId="6b089662-2016-7712-224f-126a27819896" testName="AxisOneClickCamera_Delete_Success" computerName="DKSR-EFI-04" duration="00:00:00.0004729" startTime="2023-12-22T09:33:06.7561240+01:00" endTime="2023-12-22T09:33:06.7561240+01:00" testType="13cdc9d9-ddb5-4fa4-a97d-d965ccfc6d4b" outcome="Passed" testListId="8c84fa94-04c1-424b-9868-57a2d4851a1d" relativeResultsDirectory="6ed864bb-1183-4392-926a-516fa39fc663" />
    <UnitTestResult executionId="f0de1873-b861-4b32-b2d5-abcc3643cc89" testId="fbdae986-4ae4-5444-a733-69376521dbb0" testName="ServerVersionConstructor_CompareToLeft_Success" computerName="DKSR-EFI-04" duration="00:00:00.0002097" startTime="2023-12-22T09:32:56.0060745+01:00" endTime="2023-12-22T09:32:56.0060745+01:00" testType="13cdc9d9-ddb5-4fa4-a97d-d965ccfc6d4b" outcome="Passed" testListId="8c84fa94-04c1-424b-9868-57a2d4851a1d" relativeResultsDirectory="f0de1873-b861-4b32-b2d5-abcc3643cc89" />
    <UnitTestResult executionId="c2ccccba-1f3b-4ccb-9d56-4fe65e8f31f7" testId="4567a1c4-1bd7-7288-bf70-4855f07c61e8" testName="View_Create_CreateViewCalled" computerName="DKSR-EFI-04" duration="00:00:00.0033557" startTime="2023-12-22T09:33:09.7873899+01:00" endTime="2023-12-22T09:33:09.8030126+01:00" testType="13cdc9d9-ddb5-4fa4-a97d-d965ccfc6d4b" outcome="Passed" testListId="8c84fa94-04c1-424b-9868-57a2d4851a1d" relativeResultsDirectory="c2ccccba-1f3b-4ccb-9d56-4fe65e8f31f7" />
    <UnitTestResult executionId="eae05f2b-2b5d-407c-82a9-f6eece1a7c25" testId="e86b9db9-4670-4b28-7c8c-971e2f19065c" testName="BasicOwnerInfo_Update_CheckVersionCalled" computerName="DKSR-EFI-04" duration="00:00:00.0002645" startTime="2023-12-22T09:33:06.8186253+01:00" endTime="2023-12-22T09:33:06.8186253+01:00" testType="13cdc9d9-ddb5-4fa4-a97d-d965ccfc6d4b" outcome="Passed" testListId="8c84fa94-04c1-424b-9868-57a2d4851a1d" relativeResultsDirectory="eae05f2b-2b5d-407c-82a9-f6eece1a7c25" />
    <UnitTestResult executionId="5a6cf541-d681-44c1-b92b-9b7cc29e5eff" testId="52987dea-b52d-f465-e0cb-edc918fc88d7" testName="ChildSite_Synchronize_NotCreated_InvalidOperationException" computerName="DKSR-EFI-04" duration="00:00:00.0007618" startTime="2023-12-22T09:33:08.5998841+01:00" endTime="2023-12-22T09:33:08.5998841+01:00" testType="13cdc9d9-ddb5-4fa4-a97d-d965ccfc6d4b" outcome="Passed" testListId="8c84fa94-04c1-424b-9868-57a2d4851a1d" relativeResultsDirectory="5a6cf541-d681-44c1-b92b-9b7cc29e5eff" />
    <UnitTestResult executionId="6a4ba52e-5ab5-43ab-9c42-28b65c4fbb3d" testId="11e0343a-5aeb-3b8a-34d7-36ce686e83d9" testName="SpeakerDeviceGroup_Refresh_Success" computerName="DKSR-EFI-04" duration="00:00:00.0017768" startTime="2023-12-22T09:33:06.9748757+01:00" endTime="2023-12-22T09:33:06.9905021+01:00" testType="13cdc9d9-ddb5-4fa4-a97d-d965ccfc6d4b" outcome="Passed" testListId="8c84fa94-04c1-424b-9868-57a2d4851a1d" relativeResultsDirectory="6a4ba52e-5ab5-43ab-9c42-28b65c4fbb3d" />
    <UnitTestResult executionId="b352d0e3-73bb-471b-9a82-3434bcd143c6" testId="aaeff64a-1245-4b01-fe37-e9fe35f38008" testName="GetSiteConnection_TokenExchange_GivenNull_ShouldThrow" computerName="DKSR-EFI-04" duration="00:00:00.0013181" startTime="2023-12-22T09:32:58.4904626+01:00" endTime="2023-12-22T09:32:58.4904626+01:00" testType="13cdc9d9-ddb5-4fa4-a97d-d965ccfc6d4b" outcome="Passed" testListId="8c84fa94-04c1-424b-9868-57a2d4851a1d" relativeResultsDirectory="b352d0e3-73bb-471b-9a82-3434bcd143c6" />
    <UnitTestResult executionId="89a99e96-09ee-4993-9f01-a09d9ada667c" testId="50ccfab2-c8b8-e6d6-b76d-97f3c7335a90" testName="RuleSource_Refresh_CheckVersionCalled" computerName="DKSR-EFI-04" duration="00:00:00.0002865" startTime="2023-12-22T09:33:08.5686329+01:00" endTime="2023-12-22T09:33:08.5686329+01:00" testType="13cdc9d9-ddb5-4fa4-a97d-d965ccfc6d4b" outcome="Passed" testListId="8c84fa94-04c1-424b-9868-57a2d4851a1d" relativeResultsDirectory="89a99e96-09ee-4993-9f01-a09d9ada667c" />
    <UnitTestResult executionId="e8ce05f1-e604-436c-9101-24c78bb69e50" testId="0c16100a-4fab-7919-1d30-b7832fad41be" testName="TryConnect_GivenUnexpectedServerId_ShouldDisconnectDisposeAllAndReturnNull" computerName="DKSR-EFI-04" duration="00:00:00.0499057" startTime="2023-12-22T09:33:06.3967478+01:00" endTime="2023-12-22T09:33:06.4592491+01:00" testType="13cdc9d9-ddb5-4fa4-a97d-d965ccfc6d4b" outcome="Passed" testListId="8c84fa94-04c1-424b-9868-57a2d4851a1d" relativeResultsDirectory="e8ce05f1-e604-436c-9101-24c78bb69e50" />
    <UnitTestResult executionId="b8856fbd-9e1d-4d05-aa78-ad421a91f258" testId="83a62253-90b7-191a-fd01-3d530c76a1cb" testName="PatrollingProfile_Preset_Constructor_Argument_Null" computerName="DKSR-EFI-04" duration="00:00:00.1347724" startTime="2023-12-22T09:33:07.7248791+01:00" endTime="2023-12-22T09:33:07.8655050+01:00" testType="13cdc9d9-ddb5-4fa4-a97d-d965ccfc6d4b" outcome="Passed" testListId="8c84fa94-04c1-424b-9868-57a2d4851a1d" relativeResultsDirectory="b8856fbd-9e1d-4d05-aa78-ad421a91f258">
      <Output>
        <StdOut>Debug Trace:&#xD;
Fail: Parameter 'id' cannot be null.</StdOut>
      </Output>
    </UnitTestResult>
    <UnitTestResult executionId="5a7046f6-7662-4863-b441-cdcc2b10b2a6" testId="1f73194b-cfd3-f9ab-41d8-a850a2bc1d50" testName="Grid_GetGridAsString_Success" computerName="DKSR-EFI-04" duration="00:00:00.0017687" startTime="2023-12-22T09:33:07.1936274+01:00" endTime="2023-12-22T09:33:07.1936274+01:00" testType="13cdc9d9-ddb5-4fa4-a97d-d965ccfc6d4b" outcome="Passed" testListId="8c84fa94-04c1-424b-9868-57a2d4851a1d" relativeResultsDirectory="5a7046f6-7662-4863-b441-cdcc2b10b2a6" />
    <UnitTestResult executionId="a5ab5258-738b-4961-a4ee-30721043b209" testId="68e731de-5d12-96a6-4b0f-1c9f167f33b3" testName="RetentionOptionRoleRelation_Delete_Success" computerName="DKSR-EFI-04" duration="00:00:00.0003823" startTime="2023-12-22T09:33:08.4436324+01:00" endTime="2023-12-22T09:33:08.4436324+01:00" testType="13cdc9d9-ddb5-4fa4-a97d-d965ccfc6d4b" outcome="Passed" testListId="8c84fa94-04c1-424b-9868-57a2d4851a1d" relativeResultsDirectory="a5ab5258-738b-4961-a4ee-30721043b209" />
    <UnitTestResult executionId="2fbb9ba8-2065-4f02-b9e7-c4d297493851" testId="3a056f9a-ce33-e199-b4c8-cb178b5331e7" testName="GetIdpInfo_GivenErrorResponseFromIdpServerValidation_ShouldThrow" computerName="DKSR-EFI-04" duration="00:00:00.0063664" startTime="2023-12-22T09:32:58.5373370+01:00" endTime="2023-12-22T09:32:58.5529632+01:00" testType="13cdc9d9-ddb5-4fa4-a97d-d965ccfc6d4b" outcome="Passed" testListId="8c84fa94-04c1-424b-9868-57a2d4851a1d" relativeResultsDirectory="2fbb9ba8-2065-4f02-b9e7-c4d297493851" />
    <UnitTestResult executionId="e8a10132-d58d-4375-b482-5375fcf29e6c" testId="0adbbfdf-6eaa-cf6b-4f0d-6ad2e0f1aa5a" testName="PatrollingProfile_Preset_Constructor_Argument_Guid_Empty" computerName="DKSR-EFI-04" duration="00:00:00.0005466" startTime="2023-12-22T09:33:07.8811301+01:00" endTime="2023-12-22T09:33:07.8811301+01:00" testType="13cdc9d9-ddb5-4fa4-a97d-d965ccfc6d4b" outcome="Passed" testListId="8c84fa94-04c1-424b-9868-57a2d4851a1d" relativeResultsDirectory="e8a10132-d58d-4375-b482-5375fcf29e6c">
      <Output>
        <StdOut>Debug Trace:&#xD;
Fail: Parameter 'id' cannot be empty guid.</StdOut>
      </Output>
    </UnitTestResult>
    <UnitTestResult executionId="68d49973-e2cb-405c-ad89-505caed6b056" testId="8e1341ff-880d-370d-6a92-4e8d951452f2" testName="IsAddressSchemeAllowed_Http_AllowHttp_True" computerName="DKSR-EFI-04" duration="00:00:00.0001690" startTime="2023-12-22T09:32:56.5998304+01:00" endTime="2023-12-22T09:32:56.5998304+01:00" testType="13cdc9d9-ddb5-4fa4-a97d-d965ccfc6d4b" outcome="Passed" testListId="8c84fa94-04c1-424b-9868-57a2d4851a1d" relativeResultsDirectory="68d49973-e2cb-405c-ad89-505caed6b056" />
    <UnitTestResult executionId="7110849e-bc23-4fd8-820e-8893b25263c9" testId="d883f116-18c6-76d8-0fae-0e113ca85148" testName="TryGetPropertyValue_NullableType_NotExist_ReturnsNull" computerName="DKSR-EFI-04" duration="00:00:00.0001844" startTime="2023-12-22T09:33:10.0373905+01:00" endTime="2023-12-22T09:33:10.0373905+01:00" testType="13cdc9d9-ddb5-4fa4-a97d-d965ccfc6d4b" outcome="Passed" testListId="8c84fa94-04c1-424b-9868-57a2d4851a1d" relativeResultsDirectory="7110849e-bc23-4fd8-820e-8893b25263c9" />
    <UnitTestResult executionId="7778641d-455d-4cc6-b29c-4cee735ccd30" testId="28bcafb2-125c-2190-aeb9-78e3e150b00b" testName="TryGetPropertyValue_NonNullableType_ReturnsCorrectValue" computerName="DKSR-EFI-04" duration="00:00:00.0001944" startTime="2023-12-22T09:33:10.0373905+01:00" endTime="2023-12-22T09:33:10.0373905+01:00" testType="13cdc9d9-ddb5-4fa4-a97d-d965ccfc6d4b" outcome="Passed" testListId="8c84fa94-04c1-424b-9868-57a2d4851a1d" relativeResultsDirectory="7778641d-455d-4cc6-b29c-4cee735ccd30" />
    <UnitTestResult executionId="44bd8d86-d9d1-4222-88e6-5d0ba2b0bb66" testId="dcbbeaa9-e8e4-7fc4-4202-c31cfa0a2356" testName="TaskRequestEdgeStorage_StartNew_CheckForVersion_6_0_and_throws" computerName="DKSR-EFI-04" duration="00:00:00.0009883" startTime="2023-12-22T09:33:09.5373889+01:00" endTime="2023-12-22T09:33:09.5373889+01:00" testType="13cdc9d9-ddb5-4fa4-a97d-d965ccfc6d4b" outcome="Passed" testListId="8c84fa94-04c1-424b-9868-57a2d4851a1d" relativeResultsDirectory="44bd8d86-d9d1-4222-88e6-5d0ba2b0bb66" />
    <UnitTestResult executionId="15390ca6-0812-4ce9-8379-0e1d88456245" testId="1b35c96d-3503-3642-f460-ec108a601a23" testName="CameraDevice_TruncateStorage_Fail_When_Deleted" computerName="DKSR-EFI-04" duration="00:00:00.0006751" startTime="2023-12-22T09:33:08.1311321+01:00" endTime="2023-12-22T09:33:08.1311321+01:00" testType="13cdc9d9-ddb5-4fa4-a97d-d965ccfc6d4b" outcome="Passed" testListId="8c84fa94-04c1-424b-9868-57a2d4851a1d" relativeResultsDirectory="15390ca6-0812-4ce9-8379-0e1d88456245" />
    <UnitTestResult executionId="158afc4a-aa8e-491c-be94-25f7e69c9ad8" testId="75a03c35-ee62-94d4-b7e1-73fa3a012bb6" testName="ErrorResultInstance_XML" computerName="DKSR-EFI-04" duration="00:00:00.0252790" startTime="2023-12-22T09:33:09.4123867+01:00" endTime="2023-12-22T09:33:09.4436370+01:00" testType="13cdc9d9-ddb5-4fa4-a97d-d965ccfc6d4b" outcome="Passed" testListId="8c84fa94-04c1-424b-9868-57a2d4851a1d" relativeResultsDirectory="158afc4a-aa8e-491c-be94-25f7e69c9ad8" />
    <UnitTestResult executionId="68d1cafc-d57a-4093-8944-8bd9f368660c" testId="b95ba2c6-6bdd-e7c3-6bf9-a13e36c71b64" testName="Create_GivenAddress_ShouldSuccess" computerName="DKSR-EFI-04" duration="00:00:00.0578749" startTime="2023-12-22T09:32:56.0529494+01:00" endTime="2023-12-22T09:32:56.1154481+01:00" testType="13cdc9d9-ddb5-4fa4-a97d-d965ccfc6d4b" outcome="Passed" testListId="8c84fa94-04c1-424b-9868-57a2d4851a1d" relativeResultsDirectory="68d1cafc-d57a-4093-8944-8bd9f368660c" />
    <UnitTestResult executionId="e8a76fe8-06b5-4193-bde6-e68dff12fcc8" testId="1f0ce369-a846-ff85-ad28-49ffb4cacb47" testName="SystemDashboardConfigurationuration_Update_Failed_Not_Created" computerName="DKSR-EFI-04" duration="00:00:00.0007163" startTime="2023-12-22T09:33:08.6780099+01:00" endTime="2023-12-22T09:33:08.6780099+01:00" testType="13cdc9d9-ddb5-4fa4-a97d-d965ccfc6d4b" outcome="Passed" testListId="8c84fa94-04c1-424b-9868-57a2d4851a1d" relativeResultsDirectory="e8a76fe8-06b5-4193-bde6-e68dff12fcc8" />
    <UnitTestResult executionId="091f947c-793e-44b7-8149-479fcbc11940" testId="a222126a-0bc4-156a-67e5-d6bfe410cb10" testName="PerformanceStateRuleConfig_Constructor_CheckForVersion_7_0_and_throws" computerName="DKSR-EFI-04" duration="00:00:00.0007136" startTime="2023-12-22T09:33:08.0061290+01:00" endTime="2023-12-22T09:33:08.0061290+01:00" testType="13cdc9d9-ddb5-4fa4-a97d-d965ccfc6d4b" outcome="Passed" testListId="8c84fa94-04c1-424b-9868-57a2d4851a1d" relativeResultsDirectory="091f947c-793e-44b7-8149-479fcbc11940" />
    <UnitTestResult executionId="3cfda770-38ff-4824-876d-55a5f7276c5c" testId="53bb92b4-8123-4864-4981-3b9bf05b122a" testName="SystemDashboardConfigurationuration_IsCreated_Success" computerName="DKSR-EFI-04" duration="00:00:00.0002154" startTime="2023-12-22T09:33:08.7092595+01:00" endTime="2023-12-22T09:33:08.7092595+01:00" testType="13cdc9d9-ddb5-4fa4-a97d-d965ccfc6d4b" outcome="Passed" testListId="8c84fa94-04c1-424b-9868-57a2d4851a1d" relativeResultsDirectory="3cfda770-38ff-4824-876d-55a5f7276c5c" />
    <UnitTestResult executionId="6623ddd0-d971-476f-8157-d6e4d6de2323" testId="66e296b5-257f-384e-8ec6-e459694bc099" testName="Role_Remove_Member_Check_Empty_Name" computerName="DKSR-EFI-04" duration="00:00:00.0005996" startTime="2023-12-22T09:33:08.5217583+01:00" endTime="2023-12-22T09:33:08.5217583+01:00" testType="13cdc9d9-ddb5-4fa4-a97d-d965ccfc6d4b" outcome="Passed" testListId="8c84fa94-04c1-424b-9868-57a2d4851a1d" relativeResultsDirectory="6623ddd0-d971-476f-8157-d6e4d6de2323" />
    <UnitTestResult executionId="b54f14b9-d29a-465f-95c0-68a812177964" testId="9b9df5c4-ac1f-687a-8743-530e222364a1" testName="MarkedData_Update_Failed_Deleted" computerName="DKSR-EFI-04" duration="00:00:00.0015173" startTime="2023-12-22T09:33:07.4123780+01:00" endTime="2023-12-22T09:33:07.4123780+01:00" testType="13cdc9d9-ddb5-4fa4-a97d-d965ccfc6d4b" outcome="Passed" testListId="8c84fa94-04c1-424b-9868-57a2d4851a1d" relativeResultsDirectory="b54f14b9-d29a-465f-95c0-68a812177964" />
    <UnitTestResult executionId="09b7a349-b46f-4f93-ac83-b6b6bcad8a8d" testId="652e0c69-c7de-792b-da2f-5cb63a833d3c" testName="VideoWallPreset_CreateWithId_CheckVersionNotCalled" computerName="DKSR-EFI-04" duration="00:00:00.0004719" startTime="2023-12-22T09:33:09.7248892+01:00" endTime="2023-12-22T09:33:09.7248892+01:00" testType="13cdc9d9-ddb5-4fa4-a97d-d965ccfc6d4b" outcome="Passed" testListId="8c84fa94-04c1-424b-9868-57a2d4851a1d" relativeResultsDirectory="09b7a349-b46f-4f93-ac83-b6b6bcad8a8d" />
    <UnitTestResult executionId="f482f29d-3248-4f15-9cca-c9cf2aafbe23" testId="c01094ff-8b8e-79ac-7234-50131d524627" testName="InputDeviceGroup_Refresh_Failed" computerName="DKSR-EFI-04" duration="00:00:00.0009540" startTime="2023-12-22T09:33:07.0220271+01:00" endTime="2023-12-22T09:33:07.0220271+01:00" testType="13cdc9d9-ddb5-4fa4-a97d-d965ccfc6d4b" outcome="Passed" testListId="8c84fa94-04c1-424b-9868-57a2d4851a1d" relativeResultsDirectory="f482f29d-3248-4f15-9cca-c9cf2aafbe23" />
    <UnitTestResult executionId="6de57765-c153-44c2-94ee-0d347b920e1e" testId="aee2cb27-63f5-026c-1dec-a424ba76f6b0" testName="CameraDevice_TruncateStorage_Fail_Not_Created" computerName="DKSR-EFI-04" duration="00:00:00.0007079" startTime="2023-12-22T09:33:08.1311321+01:00" endTime="2023-12-22T09:33:08.1311321+01:00" testType="13cdc9d9-ddb5-4fa4-a97d-d965ccfc6d4b" outcome="Passed" testListId="8c84fa94-04c1-424b-9868-57a2d4851a1d" relativeResultsDirectory="6de57765-c153-44c2-94ee-0d347b920e1e" />
    <UnitTestResult executionId="393facbd-b5cc-43f6-8b1c-9ab020fe559a" testId="424d850d-59b2-3bdf-a9a5-7ffbdde0a011" testName="ThrowExceptionIfProtocolIsNotAllowed_NonSecureProtocol_NonSecureNotAllowed_Throws" computerName="DKSR-EFI-04" duration="00:00:00.0007253" startTime="2023-12-22T09:32:58.5060882+01:00" endTime="2023-12-22T09:32:58.5060882+01:00" testType="13cdc9d9-ddb5-4fa4-a97d-d965ccfc6d4b" outcome="Passed" testListId="8c84fa94-04c1-424b-9868-57a2d4851a1d" relativeResultsDirectory="393facbd-b5cc-43f6-8b1c-9ab020fe559a" />
    <UnitTestResult executionId="7c3396c3-20b1-4f3a-bb3f-ca74f1477316" testId="874fb058-d459-71f6-7f28-264ff1842a7b" testName="ArchiveStorage_Enable_Framerate_Reduction_Failed_Not_Created" computerName="DKSR-EFI-04" duration="00:00:00.0008712" startTime="2023-12-22T09:33:06.7248735+01:00" endTime="2023-12-22T09:33:06.7248735+01:00" testType="13cdc9d9-ddb5-4fa4-a97d-d965ccfc6d4b" outcome="Passed" testListId="8c84fa94-04c1-424b-9868-57a2d4851a1d" relativeResultsDirectory="7c3396c3-20b1-4f3a-bb3f-ca74f1477316" />
    <UnitTestResult executionId="17fa4587-03eb-46ef-bcea-e03919048d58" testId="11c49146-971a-8022-58c8-ad28e7cf0573" testName="PerformanceStateRuleConfiguration_Delete_CheckVersionCalled" computerName="DKSR-EFI-04" duration="00:00:00.0003215" startTime="2023-12-22T09:33:08.0373811+01:00" endTime="2023-12-22T09:33:08.0373811+01:00" testType="13cdc9d9-ddb5-4fa4-a97d-d965ccfc6d4b" outcome="Passed" testListId="8c84fa94-04c1-424b-9868-57a2d4851a1d" relativeResultsDirectory="17fa4587-03eb-46ef-bcea-e03919048d58" />
    <UnitTestResult executionId="ac78c97c-caa9-4bd0-af58-d7f40b550a18" testId="3509a51a-9506-3a6c-aa40-072e733eab5c" testName="Constructor_NullSiteTokenCacheStore_Throws" computerName="DKSR-EFI-04" duration="00:00:00.0170641" startTime="2023-12-22T09:32:58.0998342+01:00" endTime="2023-12-22T09:32:58.1154597+01:00" testType="13cdc9d9-ddb5-4fa4-a97d-d965ccfc6d4b" outcome="Passed" testListId="8c84fa94-04c1-424b-9868-57a2d4851a1d" relativeResultsDirectory="ac78c97c-caa9-4bd0-af58-d7f40b550a18" />
    <UnitTestResult executionId="ab2545e4-3935-4e68-87a0-898d2afa1078" testId="a1508e5b-b7e0-713a-e15c-9cf9da9bc7a0" testName="TaskMoveDevice_Refresh_Success" computerName="DKSR-EFI-04" duration="00:00:00.0009505" startTime="2023-12-22T09:33:09.4905127+01:00" endTime="2023-12-22T09:33:09.4905127+01:00" testType="13cdc9d9-ddb5-4fa4-a97d-d965ccfc6d4b" outcome="Passed" testListId="8c84fa94-04c1-424b-9868-57a2d4851a1d" relativeResultsDirectory="ab2545e4-3935-4e68-87a0-898d2afa1078" />
    <UnitTestResult executionId="ec780bf4-e5b9-4b81-9ead-0622f330a0e5" testId="0c64b581-38a4-caff-299e-f356f8d99811" testName="Grid_GridSizeChanged_ChangeEvent" computerName="DKSR-EFI-04" duration="00:00:00.0009972" startTime="2023-12-22T09:33:07.2248786+01:00" endTime="2023-12-22T09:33:07.2248786+01:00" testType="13cdc9d9-ddb5-4fa4-a97d-d965ccfc6d4b" outcome="Passed" testListId="8c84fa94-04c1-424b-9868-57a2d4851a1d" relativeResultsDirectory="ec780bf4-e5b9-4b81-9ead-0622f330a0e5" />
    <UnitTestResult executionId="df9f670a-f749-4fe2-a5da-41dedb6462f6" testId="b88b2309-9255-236b-c47c-da5f68e4cad0" testName="View_ApplyView_Success" computerName="DKSR-EFI-04" duration="00:00:00.0024381" startTime="2023-12-22T09:33:09.8030126+01:00" endTime="2023-12-22T09:33:09.8186383+01:00" testType="13cdc9d9-ddb5-4fa4-a97d-d965ccfc6d4b" outcome="Passed" testListId="8c84fa94-04c1-424b-9868-57a2d4851a1d" relativeResultsDirectory="df9f670a-f749-4fe2-a5da-41dedb6462f6" />
    <UnitTestResult executionId="8e94aac8-5006-4600-980e-8acde9d26468" testId="6f0b8c98-8588-07f7-166d-268e8ae0533d" testName="GetSiteConnectionResultTokenExchange_WorkingAddress_Success" computerName="DKSR-EFI-04" duration="00:00:00.1765901" startTime="2023-12-22T09:32:58.2092077+01:00" endTime="2023-12-22T09:32:58.3810832+01:00" testType="13cdc9d9-ddb5-4fa4-a97d-d965ccfc6d4b" outcome="Passed" testListId="8c84fa94-04c1-424b-9868-57a2d4851a1d" relativeResultsDirectory="8e94aac8-5006-4600-980e-8acde9d26468" />
    <UnitTestResult executionId="cfee58ac-797d-408a-9feb-336d3ef58631" testId="2c74afdc-bea1-9c06-212b-c70212a9f1d4" testName="RuleSource_Delete_CheckVersionCalled" computerName="DKSR-EFI-04" duration="00:00:00.0003280" startTime="2023-12-22T09:33:08.5686329+01:00" endTime="2023-12-22T09:33:08.5842578+01:00" testType="13cdc9d9-ddb5-4fa4-a97d-d965ccfc6d4b" outcome="Passed" testListId="8c84fa94-04c1-424b-9868-57a2d4851a1d" relativeResultsDirectory="cfee58ac-797d-408a-9feb-336d3ef58631" />
    <UnitTestResult executionId="42d0e58c-2372-4461-834c-b4f5fd526189" testId="585e2002-8755-95f2-a9ec-6b79daa0b869" testName="GetUserDomainNameOrEmpty_UserNameWithDomain_ReturnsUserDomainName" computerName="DKSR-EFI-04" duration="00:00:00.0003908" startTime="2023-12-22T09:32:58.5217095+01:00" endTime="2023-12-22T09:32:58.5217095+01:00" testType="13cdc9d9-ddb5-4fa4-a97d-d965ccfc6d4b" outcome="Passed" testListId="8c84fa94-04c1-424b-9868-57a2d4851a1d" relativeResultsDirectory="42d0e58c-2372-4461-834c-b4f5fd526189" />
    <UnitTestResult executionId="524559db-da0b-4bc9-931a-f2573d8fc21b" testId="75145f8e-0455-b248-30a8-e0ed6e4ecd17" testName="GetSiteConnectionResultTokenExchange_StoreContainsValidTokenCache_Success" computerName="DKSR-EFI-04" duration="00:00:00.0149800" startTime="2023-12-22T09:32:58.1623327+01:00" endTime="2023-12-22T09:32:58.1779586+01:00" testType="13cdc9d9-ddb5-4fa4-a97d-d965ccfc6d4b" outcome="Passed" testListId="8c84fa94-04c1-424b-9868-57a2d4851a1d" relativeResultsDirectory="524559db-da0b-4bc9-931a-f2573d8fc21b" />
    <UnitTestResult executionId="4531cd8f-158d-4ef6-8979-907e6b9c8888" testId="6c5d1332-af3b-91c1-59bc-8fe9b87ba72d" testName="PatrollingProfile_InsertStepLast_Create_PatrollingStep_Position" computerName="DKSR-EFI-04" duration="00:00:00.0010201" startTime="2023-12-22T09:33:07.9592540+01:00" endTime="2023-12-22T09:33:07.9592540+01:00" testType="13cdc9d9-ddb5-4fa4-a97d-d965ccfc6d4b" outcome="Passed" testListId="8c84fa94-04c1-424b-9868-57a2d4851a1d" relativeResultsDirectory="4531cd8f-158d-4ef6-8979-907e6b9c8888" />
    <UnitTestResult executionId="043be155-c616-4b77-8d26-b5ba16ee3b3a" testId="b8692529-639e-0a48-d506-beeb3b242f4b" testName="Constructor_NullSiteVmoConnector_Throws" computerName="DKSR-EFI-04" duration="00:00:00.0007667" startTime="2023-12-22T09:32:58.1310844+01:00" endTime="2023-12-22T09:32:58.1310844+01:00" testType="13cdc9d9-ddb5-4fa4-a97d-d965ccfc6d4b" outcome="Passed" testListId="8c84fa94-04c1-424b-9868-57a2d4851a1d" relativeResultsDirectory="043be155-c616-4b77-8d26-b5ba16ee3b3a" />
    <UnitTestResult executionId="f3a183c0-d56b-44e9-844d-61916e6777b0" testId="134754e0-c445-e969-35d8-c17e9cb798f9" testName="Role_Remove_Member_Success" computerName="DKSR-EFI-04" duration="00:00:00.0023467" startTime="2023-12-22T09:33:08.5061330+01:00" endTime="2023-12-22T09:33:08.5061330+01:00" testType="13cdc9d9-ddb5-4fa4-a97d-d965ccfc6d4b" outcome="Passed" testListId="8c84fa94-04c1-424b-9868-57a2d4851a1d" relativeResultsDirectory="f3a183c0-d56b-44e9-844d-61916e6777b0" />
    <UnitTestResult executionId="fca10c34-f321-4c21-9583-abba6b2dd306" testId="a97654da-5e07-39e0-b469-69e6b597d6b0" testName="RecordingServer_GetHardwareDrivers_Before_v70_NotSupported" computerName="DKSR-EFI-04" duration="00:00:00.0014418" startTime="2023-12-22T09:33:08.2717570+01:00" endTime="2023-12-22T09:33:08.2717570+01:00" testType="13cdc9d9-ddb5-4fa4-a97d-d965ccfc6d4b" outcome="Passed" testListId="8c84fa94-04c1-424b-9868-57a2d4851a1d" relativeResultsDirectory="fca10c34-f321-4c21-9583-abba6b2dd306" />
    <UnitTestResult executionId="6d3ab1d0-819a-44bf-8c4b-095cb49225e0" testId="ea347c4f-af5a-5f96-7af2-0ce648034b9f" testName="SunClockTimeProfile_Update_Success" computerName="DKSR-EFI-04" duration="00:00:00.0002445" startTime="2023-12-22T09:33:09.6155117+01:00" endTime="2023-12-22T09:33:09.6155117+01:00" testType="13cdc9d9-ddb5-4fa4-a97d-d965ccfc6d4b" outcome="Passed" testListId="8c84fa94-04c1-424b-9868-57a2d4851a1d" relativeResultsDirectory="6d3ab1d0-819a-44bf-8c4b-095cb49225e0" />
    <UnitTestResult executionId="5c070f4e-541c-4b64-b86c-d894339e068b" testId="350c0104-75ee-9274-4375-18df5781cfd1" testName="ServerVersionConstructor_CompareTo_Success" computerName="DKSR-EFI-04" duration="00:00:00.0015205" startTime="2023-12-22T09:32:55.9904474+01:00" endTime="2023-12-22T09:32:56.0060745+01:00" testType="13cdc9d9-ddb5-4fa4-a97d-d965ccfc6d4b" outcome="Passed" testListId="8c84fa94-04c1-424b-9868-57a2d4851a1d" relativeResultsDirectory="5c070f4e-541c-4b64-b86c-d894339e068b" />
    <UnitTestResult executionId="9ad79d45-9fc4-468c-a052-c20bada79ae4" testId="1d85d0e8-8781-260e-9ed2-e40595d46c9f" testName="ManagementServer_AttachMasterSite_ArgumentNullException" computerName="DKSR-EFI-04" duration="00:00:00.0007690" startTime="2023-12-22T09:33:07.3342529+01:00" endTime="2023-12-22T09:33:07.3342529+01:00" testType="13cdc9d9-ddb5-4fa4-a97d-d965ccfc6d4b" outcome="Passed" testListId="8c84fa94-04c1-424b-9868-57a2d4851a1d" relativeResultsDirectory="9ad79d45-9fc4-468c-a052-c20bada79ae4" />
    <UnitTestResult executionId="09fb1730-665f-48a0-9198-51d062f1ee41" testId="1ecd105e-2dcb-d94c-5f8d-c4ecd1569d10" testName="BasicUser_Refresh_Success" computerName="DKSR-EFI-04" duration="00:00:00.0004093" startTime="2023-12-22T09:33:06.8655013+01:00" endTime="2023-12-22T09:33:06.8655013+01:00" testType="13cdc9d9-ddb5-4fa4-a97d-d965ccfc6d4b" outcome="Passed" testListId="8c84fa94-04c1-424b-9868-57a2d4851a1d" relativeResultsDirectory="09fb1730-665f-48a0-9198-51d062f1ee41" />
    <UnitTestResult executionId="2ed7fd2e-4843-45c7-8ebd-bfd960ea0e5b" testId="94f1ccd6-2121-5005-43d8-710e8c3b75fd" testName="View_Repository_Registered" computerName="DKSR-EFI-04" duration="00:00:00.0002948" startTime="2023-12-22T09:33:09.8030126+01:00" endTime="2023-12-22T09:33:09.8030126+01:00" testType="13cdc9d9-ddb5-4fa4-a97d-d965ccfc6d4b" outcome="Passed" testListId="8c84fa94-04c1-424b-9868-57a2d4851a1d" relativeResultsDirectory="2ed7fd2e-4843-45c7-8ebd-bfd960ea0e5b" />
    <UnitTestResult executionId="ede4789b-3260-425c-b48e-b0c5e3d8028b" testId="898e84ca-52b2-d7b4-f355-dab1d051561f" testName="MIPDeviceEvent_Trigger_Success" computerName="DKSR-EFI-04" duration="00:00:00.0073460" startTime="2023-12-22T09:33:07.4748777+01:00" endTime="2023-12-22T09:33:07.4905025+01:00" testType="13cdc9d9-ddb5-4fa4-a97d-d965ccfc6d4b" outcome="Passed" testListId="8c84fa94-04c1-424b-9868-57a2d4851a1d" relativeResultsDirectory="ede4789b-3260-425c-b48e-b0c5e3d8028b" />
    <UnitTestResult executionId="554dbb14-10c0-4402-8f5f-4f0d197b4716" testId="75093d28-afc2-dcbc-1e64-b17e205f8071" testName="RuleSource_Delete_Failed_Not_Created" computerName="DKSR-EFI-04" duration="00:00:00.0007096" startTime="2023-12-22T09:33:08.5686329+01:00" endTime="2023-12-22T09:33:08.5686329+01:00" testType="13cdc9d9-ddb5-4fa4-a97d-d965ccfc6d4b" outcome="Passed" testListId="8c84fa94-04c1-424b-9868-57a2d4851a1d" relativeResultsDirectory="554dbb14-10c0-4402-8f5f-4f0d197b4716" />
    <UnitTestResult executionId="d765abb3-ae8f-4200-a7ae-00c6f8dbe9da" testId="257cf2f0-17f1-f096-f603-e5f4a87a7a66" testName="UserDefinedEvent_Delete_Success" computerName="DKSR-EFI-04" duration="00:00:00.0003670" startTime="2023-12-22T09:33:09.6936386+01:00" endTime="2023-12-22T09:33:09.6936386+01:00" testType="13cdc9d9-ddb5-4fa4-a97d-d965ccfc6d4b" outcome="Passed" testListId="8c84fa94-04c1-424b-9868-57a2d4851a1d" relativeResultsDirectory="d765abb3-ae8f-4200-a7ae-00c6f8dbe9da" />
    <UnitTestResult executionId="99a50702-d673-4e7d-a0f4-afa8089cf882" testId="9715e153-c64f-2ff6-9d3f-d357619df217" testName="RetentionOptionRoleRelation_Update_Success" computerName="DKSR-EFI-04" duration="00:00:00.0005792" startTime="2023-12-22T09:33:08.4280072+01:00" endTime="2023-12-22T09:33:08.4280072+01:00" testType="13cdc9d9-ddb5-4fa4-a97d-d965ccfc6d4b" outcome="Passed" testListId="8c84fa94-04c1-424b-9868-57a2d4851a1d" relativeResultsDirectory="99a50702-d673-4e7d-a0f4-afa8089cf882" />
    <UnitTestResult executionId="1598ff7e-5acd-4799-8096-6b1822620bda" testId="68c60ae4-795d-f7b2-0ddd-0853c559d68d" testName="MIPEvent_Constructor_DefaultValuesCorrect" computerName="DKSR-EFI-04" duration="00:00:00.0015599" startTime="2023-12-22T09:33:07.4905025+01:00" endTime="2023-12-22T09:33:07.4905025+01:00" testType="13cdc9d9-ddb5-4fa4-a97d-d965ccfc6d4b" outcome="Passed" testListId="8c84fa94-04c1-424b-9868-57a2d4851a1d" relativeResultsDirectory="1598ff7e-5acd-4799-8096-6b1822620bda" />
    <UnitTestResult executionId="285de918-fad1-481f-a2cf-d8e3fc7b4e85" testId="ad872773-ffb1-b6b0-ead4-dcdd8501a927" testName="GenericRepositoryTestDeleteObjectById" computerName="DKSR-EFI-04" duration="00:00:00.0015482" startTime="2023-12-22T09:33:09.8811396+01:00" endTime="2023-12-22T09:33:09.8811396+01:00" testType="13cdc9d9-ddb5-4fa4-a97d-d965ccfc6d4b" outcome="Passed" testListId="8c84fa94-04c1-424b-9868-57a2d4851a1d" relativeResultsDirectory="285de918-fad1-481f-a2cf-d8e3fc7b4e85" />
    <UnitTestResult executionId="f2e4c9a9-d027-4644-b01a-f9ae9b3d5e0f" testId="b76fa9ce-3932-58b8-1089-79062413d8f0" testName="RuleSource_Create_Success" computerName="DKSR-EFI-04" duration="00:00:00.0002196" startTime="2023-12-22T09:33:08.5530080+01:00" endTime="2023-12-22T09:33:08.5530080+01:00" testType="13cdc9d9-ddb5-4fa4-a97d-d965ccfc6d4b" outcome="Passed" testListId="8c84fa94-04c1-424b-9868-57a2d4851a1d" relativeResultsDirectory="f2e4c9a9-d027-4644-b01a-f9ae9b3d5e0f" />
    <UnitTestResult executionId="e3579f15-18be-4592-9335-b9f07a5e4230" testId="582181db-ae03-28f2-7a66-c23be8ad57d6" testName="BasicUser_Change_Password_Check_Empty_Password" computerName="DKSR-EFI-04" duration="00:00:00.0006413" startTime="2023-12-22T09:33:06.8967491+01:00" endTime="2023-12-22T09:33:06.8967491+01:00" testType="13cdc9d9-ddb5-4fa4-a97d-d965ccfc6d4b" outcome="Passed" testListId="8c84fa94-04c1-424b-9868-57a2d4851a1d" relativeResultsDirectory="e3579f15-18be-4592-9335-b9f07a5e4230" />
    <UnitTestResult executionId="e2ed73e9-1b7f-4121-9935-90914246ffab" testId="af08d03d-ec36-120e-ae6b-f661270ea5d2" testName="ServerVersionConstructor_Greater_Success" computerName="DKSR-EFI-04" duration="00:00:00.0003065" startTime="2023-12-22T09:32:56.0373240+01:00" endTime="2023-12-22T09:32:56.0373240+01:00" testType="13cdc9d9-ddb5-4fa4-a97d-d965ccfc6d4b" outcome="Passed" testListId="8c84fa94-04c1-424b-9868-57a2d4851a1d" relativeResultsDirectory="e2ed73e9-1b7f-4121-9935-90914246ffab" />
    <UnitTestResult executionId="aa5968b2-eb5d-4019-8f8b-aee3126341f9" testId="be2f73ac-4a3f-8988-554f-912985cbd633" testName="ServerConnection_Constructor_Null_UserName" computerName="DKSR-EFI-04" duration="00:00:00.0006562" startTime="2023-12-22T09:33:10.0998907+01:00" endTime="2023-12-22T09:33:10.0998907+01:00" testType="13cdc9d9-ddb5-4fa4-a97d-d965ccfc6d4b" outcome="Passed" testListId="8c84fa94-04c1-424b-9868-57a2d4851a1d" relativeResultsDirectory="aa5968b2-eb5d-4019-8f8b-aee3126341f9" />
    <UnitTestResult executionId="381a8918-775d-47ed-8699-a1cd3a9e5774" testId="6706d411-8cf1-f762-631a-95a0ad7cba2a" testName="Repairing_Refresh_Success" computerName="DKSR-EFI-04" duration="00:00:00.0002498" startTime="2023-12-22T09:33:08.8811356+01:00" endTime="2023-12-22T09:33:08.8811356+01:00" testType="13cdc9d9-ddb5-4fa4-a97d-d965ccfc6d4b" outcome="Passed" testListId="8c84fa94-04c1-424b-9868-57a2d4851a1d" relativeResultsDirectory="381a8918-775d-47ed-8699-a1cd3a9e5774" />
    <UnitTestResult executionId="b176afec-54c3-4885-af8f-bfa2f4a0aa17" testId="f9a2b92a-d1c8-03c1-1004-54d544c6ff74" testName="MIPDeviceEvent_Refresh_Success" computerName="DKSR-EFI-04" duration="00:00:00.0003429" startTime="2023-12-22T09:33:07.4748777+01:00" endTime="2023-12-22T09:33:07.4748777+01:00" testType="13cdc9d9-ddb5-4fa4-a97d-d965ccfc6d4b" outcome="Passed" testListId="8c84fa94-04c1-424b-9868-57a2d4851a1d" relativeResultsDirectory="b176afec-54c3-4885-af8f-bfa2f4a0aa17" />
    <UnitTestResult executionId="c60979b0-c5b5-48a6-9caa-161a7d70bc64" testId="2fb9a74d-c291-8fa6-00a3-37dde4e921f9" testName="ArchiveStorage_Disable_Framerate_Reduction_Success" computerName="DKSR-EFI-04" duration="00:00:00.0006982" startTime="2023-12-22T09:33:06.7248735+01:00" endTime="2023-12-22T09:33:06.7248735+01:00" testType="13cdc9d9-ddb5-4fa4-a97d-d965ccfc6d4b" outcome="Passed" testListId="8c84fa94-04c1-424b-9868-57a2d4851a1d" relativeResultsDirectory="c60979b0-c5b5-48a6-9caa-161a7d70bc64" />
    <UnitTestResult executionId="3c31c19e-d2eb-4127-908e-3580162915b7" testId="2394a7b7-06f6-8e31-4cff-ec678de5dfbb" testName="Management_IsDirty_Work_With_ServerAddress" computerName="DKSR-EFI-04" duration="00:00:00.0150929" startTime="2023-12-22T09:33:07.2873801+01:00" endTime="2023-12-22T09:33:07.3030034+01:00" testType="13cdc9d9-ddb5-4fa4-a97d-d965ccfc6d4b" outcome="Passed" testListId="8c84fa94-04c1-424b-9868-57a2d4851a1d" relativeResultsDirectory="3c31c19e-d2eb-4127-908e-3580162915b7" />
    <UnitTestResult executionId="78db8c5b-8aa1-4cfb-8483-889b843f4900" testId="3fec8e3f-9699-85ec-6f9e-ca6647d23711" testName="VideoWallPreset_Create_Success" computerName="DKSR-EFI-04" duration="00:00:00.0003947" startTime="2023-12-22T09:33:09.7092628+01:00" endTime="2023-12-22T09:33:09.7092628+01:00" testType="13cdc9d9-ddb5-4fa4-a97d-d965ccfc6d4b" outcome="Passed" testListId="8c84fa94-04c1-424b-9868-57a2d4851a1d" relativeResultsDirectory="78db8c5b-8aa1-4cfb-8483-889b843f4900" />
    <UnitTestResult executionId="3e7ae416-9e6c-4c4c-98a1-a16bf1f6c28d" testId="ad8a643c-35da-9049-8612-6bdc5d70646a" testName="RecordingStorage_ChangeEncryptionMethod_Success" computerName="DKSR-EFI-04" duration="00:00:00.0023132" startTime="2023-12-22T09:33:08.3498813+01:00" endTime="2023-12-22T09:33:08.3655089+01:00" testType="13cdc9d9-ddb5-4fa4-a97d-d965ccfc6d4b" outcome="Passed" testListId="8c84fa94-04c1-424b-9868-57a2d4851a1d" relativeResultsDirectory="3e7ae416-9e6c-4c4c-98a1-a16bf1f6c28d" />
    <UnitTestResult executionId="f508d26d-5f53-49d0-9dc2-320e94e0f8c1" testId="4253ed18-a2a7-1788-0d1b-413834040b11" testName="GetUserDomainNameOrEmpty_NullArgument_ReturnsEmpty" computerName="DKSR-EFI-04" duration="00:00:00.0003826" startTime="2023-12-22T09:32:58.5060882+01:00" endTime="2023-12-22T09:32:58.5060882+01:00" testType="13cdc9d9-ddb5-4fa4-a97d-d965ccfc6d4b" outcome="Passed" testListId="8c84fa94-04c1-424b-9868-57a2d4851a1d" relativeResultsDirectory="f508d26d-5f53-49d0-9dc2-320e94e0f8c1" />
    <UnitTestResult executionId="80b9be3b-470c-4821-b3cd-6f7b1cb9891a" testId="338a195f-2c39-6b8b-d9ad-b68c001e358f" testName="PrivateViewGroup_Create_Success" computerName="DKSR-EFI-04" duration="00:00:00.0003098" startTime="2023-12-22T09:33:08.0686324+01:00" endTime="2023-12-22T09:33:08.0686324+01:00" testType="13cdc9d9-ddb5-4fa4-a97d-d965ccfc6d4b" outcome="Passed" testListId="8c84fa94-04c1-424b-9868-57a2d4851a1d" relativeResultsDirectory="80b9be3b-470c-4821-b3cd-6f7b1cb9891a" />
    <UnitTestResult executionId="99cce5cc-0854-4e42-bed0-e73fe66cbe3a" testId="9d8d570c-a692-dd03-4204-ed158bb865f2" testName="Add_DuplicateItemsUnderHeavyLoad_ShouldSuccess" computerName="DKSR-EFI-04" duration="00:00:00.1437403" startTime="2023-12-22T09:33:06.0529950+01:00" endTime="2023-12-22T09:33:06.1936229+01:00" testType="13cdc9d9-ddb5-4fa4-a97d-d965ccfc6d4b" outcome="Passed" testListId="8c84fa94-04c1-424b-9868-57a2d4851a1d" relativeResultsDirectory="99cce5cc-0854-4e42-bed0-e73fe66cbe3a">
      <Output>
        <StdOut>SiteTokenCacheStore has been called by 2000 threads in parallel!</StdOut>
      </Output>
    </UnitTestResult>
    <UnitTestResult executionId="99a78a46-cf55-4489-8573-62569688b4fa" testId="cd56fb93-0eed-d776-b4a6-7b72246fd8a6" testName="RuleSource_Refresh_Failed_Not_Created" computerName="DKSR-EFI-04" duration="00:00:00.0006461" startTime="2023-12-22T09:33:08.5686329+01:00" endTime="2023-12-22T09:33:08.5686329+01:00" testType="13cdc9d9-ddb5-4fa4-a97d-d965ccfc6d4b" outcome="Passed" testListId="8c84fa94-04c1-424b-9868-57a2d4851a1d" relativeResultsDirectory="99a78a46-cf55-4489-8573-62569688b4fa" />
    <UnitTestResult executionId="dbc8dddf-4fcc-4aca-a09f-a2ca8fb55eed" testId="860e6e1e-f978-c906-7cf5-a51951f71e12" testName="VideoWall_Repository_Registered" computerName="DKSR-EFI-04" duration="00:00:00.0003066" startTime="2023-12-22T09:33:09.7562219+01:00" endTime="2023-12-22T09:33:09.7562219+01:00" testType="13cdc9d9-ddb5-4fa4-a97d-d965ccfc6d4b" outcome="Passed" testListId="8c84fa94-04c1-424b-9868-57a2d4851a1d" relativeResultsDirectory="dbc8dddf-4fcc-4aca-a09f-a2ca8fb55eed" />
    <UnitTestResult executionId="e8dc6ce0-adc0-4fa3-862d-c07a842bbf37" testId="2c176343-2ae4-d7de-fa6b-eec7318e8490" testName="FailoverServer_Constructor_Repositories_DefaultValuesCorrect" computerName="DKSR-EFI-04" duration="00:00:00.0593709" startTime="2023-12-22T09:33:07.0686267+01:00" endTime="2023-12-22T09:33:07.1311246+01:00" testType="13cdc9d9-ddb5-4fa4-a97d-d965ccfc6d4b" outcome="Passed" testListId="8c84fa94-04c1-424b-9868-57a2d4851a1d" relativeResultsDirectory="e8dc6ce0-adc0-4fa3-862d-c07a842bbf37" />
    <UnitTestResult executionId="718e0b64-1938-4cba-93f4-0a7600d31f07" testId="14ed280b-e0d1-ac05-a52b-80f44809c7e5" testName="TrustedIssuer_Constructor_DefaultValuesCorrect" computerName="DKSR-EFI-04" duration="00:00:00.0022107" startTime="2023-12-22T09:33:09.6311388+01:00" endTime="2023-12-22T09:33:09.6467628+01:00" testType="13cdc9d9-ddb5-4fa4-a97d-d965ccfc6d4b" outcome="Passed" testListId="8c84fa94-04c1-424b-9868-57a2d4851a1d" relativeResultsDirectory="718e0b64-1938-4cba-93f4-0a7600d31f07" />
    <UnitTestResult executionId="de083e18-9146-489a-84f4-916cda9452d0" testId="722d9eec-0ab4-46ca-c561-68fe91ad8831" testName="CalendarTimeProfile_Create_Failed_Constructor" computerName="DKSR-EFI-04" duration="00:00:00.0008726" startTime="2023-12-22T09:33:09.5686390+01:00" endTime="2023-12-22T09:33:09.5686390+01:00" testType="13cdc9d9-ddb5-4fa4-a97d-d965ccfc6d4b" outcome="Passed" testListId="8c84fa94-04c1-424b-9868-57a2d4851a1d" relativeResultsDirectory="de083e18-9146-489a-84f4-916cda9452d0" />
    <UnitTestResult executionId="56b55b85-8c9d-4c10-aac5-f4832c70493a" testId="d35d9174-3024-2cb1-9f52-4e964b2e5d27" testName="UserDefinedEvent_CreateWithId_CheckVersionCalled" computerName="DKSR-EFI-04" duration="00:00:00.0004479" startTime="2023-12-22T09:33:09.6936386+01:00" endTime="2023-12-22T09:33:09.6936386+01:00" testType="13cdc9d9-ddb5-4fa4-a97d-d965ccfc6d4b" outcome="Passed" testListId="8c84fa94-04c1-424b-9868-57a2d4851a1d" relativeResultsDirectory="56b55b85-8c9d-4c10-aac5-f4832c70493a" />
    <UnitTestResult executionId="67a9119e-ef49-42d0-9092-313228a658e6" testId="b9612d27-d96d-4885-bd23-09fc7118f418" testName="GenericRepositoryTestRefreshObject" computerName="DKSR-EFI-04" duration="00:00:00.0013771" startTime="2023-12-22T09:33:09.8655152+01:00" endTime="2023-12-22T09:33:09.8655152+01:00" testType="13cdc9d9-ddb5-4fa4-a97d-d965ccfc6d4b" outcome="Passed" testListId="8c84fa94-04c1-424b-9868-57a2d4851a1d" relativeResultsDirectory="67a9119e-ef49-42d0-9092-313228a658e6" />
    <UnitTestResult executionId="2512da25-5534-495b-b59c-b2ec50b10e53" testId="0cdeff38-5fa8-db73-cd08-612bf167b15b" testName="Role_Copy_Role_Check_Object_Created" computerName="DKSR-EFI-04" duration="00:00:00.0007141" startTime="2023-12-22T09:33:08.4748834+01:00" endTime="2023-12-22T09:33:08.4748834+01:00" testType="13cdc9d9-ddb5-4fa4-a97d-d965ccfc6d4b" outcome="Passed" testListId="8c84fa94-04c1-424b-9868-57a2d4851a1d" relativeResultsDirectory="2512da25-5534-495b-b59c-b2ec50b10e53" />
    <UnitTestResult executionId="e83d2378-3841-4df0-806e-0c7ae0b94310" testId="e81bf28d-1d67-5144-faff-39e857f5365a" testName="SunClockTimeProfile_Repository_Registered" computerName="DKSR-EFI-04" duration="00:00:00.0002884" startTime="2023-12-22T09:33:09.6311388+01:00" endTime="2023-12-22T09:33:09.6311388+01:00" testType="13cdc9d9-ddb5-4fa4-a97d-d965ccfc6d4b" outcome="Passed" testListId="8c84fa94-04c1-424b-9868-57a2d4851a1d" relativeResultsDirectory="e83d2378-3841-4df0-806e-0c7ae0b94310" />
    <UnitTestResult executionId="8526fea1-b370-4b7b-b45a-9280f5a7b90c" testId="046311e7-00c1-ef6d-f09a-d62fc09a26ed" testName="RecordingStorage_EnableEncryption_Success" computerName="DKSR-EFI-04" duration="00:00:00.0041254" startTime="2023-12-22T09:33:08.3342582+01:00" endTime="2023-12-22T09:33:08.3498813+01:00" testType="13cdc9d9-ddb5-4fa4-a97d-d965ccfc6d4b" outcome="Passed" testListId="8c84fa94-04c1-424b-9868-57a2d4851a1d" relativeResultsDirectory="8526fea1-b370-4b7b-b45a-9280f5a7b90c" />
    <UnitTestResult executionId="cd4b0b7d-ffa0-46bd-8ae2-0f1e9c750fd9" testId="1b1c96a6-b8c1-c201-3b0f-d6f5700369b2" testName="AddSiteAddressWithError_GivenSomeSiteError_ShouldReturnFail" computerName="DKSR-EFI-04" duration="00:00:00.0003476" startTime="2023-12-22T09:32:58.3967111+01:00" endTime="2023-12-22T09:32:58.3967111+01:00" testType="13cdc9d9-ddb5-4fa4-a97d-d965ccfc6d4b" outcome="Passed" testListId="8c84fa94-04c1-424b-9868-57a2d4851a1d" relativeResultsDirectory="cd4b0b7d-ffa0-46bd-8ae2-0f1e9c750fd9" />
    <UnitTestResult executionId="7ac7d10c-6b51-41b0-893b-0344c0bb5e0f" testId="24aeb25f-b6c2-eb3a-e230-1fad8652d704" testName="Role_Add_Member_Check_Empty_Name" computerName="DKSR-EFI-04" duration="00:00:00.0005577" startTime="2023-12-22T09:33:08.4905086+01:00" endTime="2023-12-22T09:33:08.4905086+01:00" testType="13cdc9d9-ddb5-4fa4-a97d-d965ccfc6d4b" outcome="Passed" testListId="8c84fa94-04c1-424b-9868-57a2d4851a1d" relativeResultsDirectory="7ac7d10c-6b51-41b0-893b-0344c0bb5e0f" />
    <UnitTestResult executionId="df9b09a3-69e3-45c8-85ca-221be6b1647a" testId="54c0c21f-ed1b-2af3-77f7-54ea00863b1c" testName="GetHighPriorityError_GivenUnauthorizedException_ReturnsUnauthorizedException" computerName="DKSR-EFI-04" duration="00:00:00.0094423" startTime="2023-12-22T09:32:56.6467017+01:00" endTime="2023-12-22T09:32:56.6623275+01:00" testType="13cdc9d9-ddb5-4fa4-a97d-d965ccfc6d4b" outcome="Passed" testListId="8c84fa94-04c1-424b-9868-57a2d4851a1d" relativeResultsDirectory="df9b09a3-69e3-45c8-85ca-221be6b1647a" />
    <UnitTestResult executionId="37961f30-06c0-491d-a46f-ca266a4fe107" testId="37b7d620-ba49-b91e-8675-23dcbd72253a" testName="TaskSetEncryptionMethod_Refresh_Success" computerName="DKSR-EFI-04" duration="00:00:00.0012098" startTime="2023-12-22T09:33:09.5373889+01:00" endTime="2023-12-22T09:33:09.5373889+01:00" testType="13cdc9d9-ddb5-4fa4-a97d-d965ccfc6d4b" outcome="Passed" testListId="8c84fa94-04c1-424b-9868-57a2d4851a1d" relativeResultsDirectory="37961f30-06c0-491d-a46f-ca266a4fe107" />
    <UnitTestResult executionId="5b403d43-f1ac-4f15-840f-db7fb3147090" testId="2c7b457d-328f-f734-f24b-2c2c8c1db3bc" testName="Construct_InvalidParam_ITokenCacheList_Null_Throws_ArgumentNullException" computerName="DKSR-EFI-04" duration="00:00:00.0026045" startTime="2023-12-22T09:33:10.6000036+01:00" endTime="2023-12-22T09:33:10.6000036+01:00" testType="13cdc9d9-ddb5-4fa4-a97d-d965ccfc6d4b" outcome="Passed" testListId="8c84fa94-04c1-424b-9868-57a2d4851a1d" relativeResultsDirectory="5b403d43-f1ac-4f15-840f-db7fb3147090" />
    <UnitTestResult executionId="457f7d50-7801-4a12-96ce-921a95155dcf" testId="eddbc32c-5ae9-6e27-1da2-1af9dc211e1d" testName="PublicViewGroup_ConstructorWithParent_DefaultValuesCorrect" computerName="DKSR-EFI-04" duration="00:00:00.0006588" startTime="2023-12-22T09:33:08.0842563+01:00" endTime="2023-12-22T09:33:08.0842563+01:00" testType="13cdc9d9-ddb5-4fa4-a97d-d965ccfc6d4b" outcome="Passed" testListId="8c84fa94-04c1-424b-9868-57a2d4851a1d" relativeResultsDirectory="457f7d50-7801-4a12-96ce-921a95155dcf" />
    <UnitTestResult executionId="77dbe199-6e34-4183-8cca-3a46a5706150" testId="93e4a723-abf2-7296-c980-e896e8dda35e" testName="PerformanceStateRuleConfiguration_Refresh_Failed_Not_Created" computerName="DKSR-EFI-04" duration="00:00:00.0007568" startTime="2023-12-22T09:33:08.0217557+01:00" endTime="2023-12-22T09:33:08.0373811+01:00" testType="13cdc9d9-ddb5-4fa4-a97d-d965ccfc6d4b" outcome="Passed" testListId="8c84fa94-04c1-424b-9868-57a2d4851a1d" relativeResultsDirectory="77dbe199-6e34-4183-8cca-3a46a5706150" />
    <UnitTestResult executionId="5c6a97eb-724b-4538-b81d-3f88571cca65" testId="fc81f98e-fdf1-98e3-0f80-614f002dc04c" testName="RetentionOptionRoleRelation_Constructor_CheckForVersion_6_0_and_throws" computerName="DKSR-EFI-04" duration="00:00:00.0007321" startTime="2023-12-22T09:33:08.4280072+01:00" endTime="2023-12-22T09:33:08.4280072+01:00" testType="13cdc9d9-ddb5-4fa4-a97d-d965ccfc6d4b" outcome="Passed" testListId="8c84fa94-04c1-424b-9868-57a2d4851a1d" relativeResultsDirectory="5c6a97eb-724b-4538-b81d-3f88571cca65" />
    <UnitTestResult executionId="1ac63cc4-2d27-4151-a83a-1da190b1433a" testId="56664e51-8a57-337b-0f92-b756a8f3bab6" testName="Role_Constructor_Username_Empty_Check" computerName="DKSR-EFI-04" duration="00:00:00.0006429" startTime="2023-12-22T09:33:08.4592582+01:00" endTime="2023-12-22T09:33:08.4592582+01:00" testType="13cdc9d9-ddb5-4fa4-a97d-d965ccfc6d4b" outcome="Passed" testListId="8c84fa94-04c1-424b-9868-57a2d4851a1d" relativeResultsDirectory="1ac63cc4-2d27-4151-a83a-1da190b1433a" />
    <UnitTestResult executionId="0e62fffc-f767-4827-b00f-85438ad0b25a" testId="b4286873-47af-f3c2-5fa5-1bbf4bab42bb" testName="Role_Add_Member_Check_Object_Created" computerName="DKSR-EFI-04" duration="00:00:00.0005975" startTime="2023-12-22T09:33:08.4905086+01:00" endTime="2023-12-22T09:33:08.4905086+01:00" testType="13cdc9d9-ddb5-4fa4-a97d-d965ccfc6d4b" outcome="Passed" testListId="8c84fa94-04c1-424b-9868-57a2d4851a1d" relativeResultsDirectory="0e62fffc-f767-4827-b00f-85438ad0b25a" />
    <UnitTestResult executionId="adfd3346-5c92-42ea-bc3d-e01e069bc90f" testId="a6de70da-8b03-e5d6-e50f-ff3c496e3221" testName="MIPEvent_Delete_Success" computerName="DKSR-EFI-04" duration="00:00:00.0002090" startTime="2023-12-22T09:33:07.5061284+01:00" endTime="2023-12-22T09:33:07.5061284+01:00" testType="13cdc9d9-ddb5-4fa4-a97d-d965ccfc6d4b" outcome="Passed" testListId="8c84fa94-04c1-424b-9868-57a2d4851a1d" relativeResultsDirectory="adfd3346-5c92-42ea-bc3d-e01e069bc90f" />
    <UnitTestResult executionId="5d887ccb-e679-46a6-96c5-89c8283b762d" testId="13131b13-639a-5807-c874-cdd3aa66cf32" testName="ArchiveStorage_Disable_Framerate_Reduction_Failed_Not_Created" computerName="DKSR-EFI-04" duration="00:00:00.0008493" startTime="2023-12-22T09:33:06.7248735+01:00" endTime="2023-12-22T09:33:06.7248735+01:00" testType="13cdc9d9-ddb5-4fa4-a97d-d965ccfc6d4b" outcome="Passed" testListId="8c84fa94-04c1-424b-9868-57a2d4851a1d" relativeResultsDirectory="5d887ccb-e679-46a6-96c5-89c8283b762d" />
    <UnitTestResult executionId="b184763e-9bdb-4e2c-b976-6c95c8e5d889" testId="c572b7bd-5e96-7829-9221-aa192cce769e" testName="FailoverServerGroup_Update_Success" computerName="DKSR-EFI-04" duration="00:00:00.0005201" startTime="2023-12-22T09:33:07.0373759+01:00" endTime="2023-12-22T09:33:07.0373759+01:00" testType="13cdc9d9-ddb5-4fa4-a97d-d965ccfc6d4b" outcome="Passed" testListId="8c84fa94-04c1-424b-9868-57a2d4851a1d" relativeResultsDirectory="b184763e-9bdb-4e2c-b976-6c95c8e5d889" />
    <UnitTestResult executionId="39620444-afbd-4687-bdf8-c8a9b263f297" testId="3e63c740-e191-e5df-c5a2-bb5eb679c233" testName="GetIdpInfoOrError_GivenManyAddresses_ShouldReturnIdpInfoOrErrorForEveryAddress" computerName="DKSR-EFI-04" duration="00:00:02.0526049" startTime="2023-12-22T09:33:02.7561061+01:00" endTime="2023-12-22T09:33:04.8029912+01:00" testType="13cdc9d9-ddb5-4fa4-a97d-d965ccfc6d4b" outcome="Passed" testListId="8c84fa94-04c1-424b-9868-57a2d4851a1d" relativeResultsDirectory="39620444-afbd-4687-bdf8-c8a9b263f297" />
    <UnitTestResult executionId="6fc858f5-443d-4ccb-adb1-6a7ef52fa8dc" testId="d2131bb2-ad92-b7d1-d3a3-b98c60e9ed91" testName="ManagementServer_CreateReference_ArgumentException_DeviceDeleted" computerName="DKSR-EFI-04" duration="00:00:00.0012425" startTime="2023-12-22T09:33:07.3655020+01:00" endTime="2023-12-22T09:33:07.3655020+01:00" testType="13cdc9d9-ddb5-4fa4-a97d-d965ccfc6d4b" outcome="Passed" testListId="8c84fa94-04c1-424b-9868-57a2d4851a1d" relativeResultsDirectory="6fc858f5-443d-4ccb-adb1-6a7ef52fa8dc" />
    <UnitTestResult executionId="94a9660a-d608-4bc7-a8f8-635ef02c5568" testId="4fe26442-d718-6d01-8cf8-76e1e758a998" testName="ServerConnection_Proxies" computerName="DKSR-EFI-04" duration="00:00:00.4212227" startTime="2023-12-22T09:33:10.1311409+01:00" endTime="2023-12-22T09:33:10.5530199+01:00" testType="13cdc9d9-ddb5-4fa4-a97d-d965ccfc6d4b" outcome="Passed" testListId="8c84fa94-04c1-424b-9868-57a2d4851a1d" relativeResultsDirectory="94a9660a-d608-4bc7-a8f8-635ef02c5568" />
    <UnitTestResult executionId="b5df7596-3dc6-4a27-978d-6e76b83fe906" testId="e03a47bb-30de-67b9-989a-670956feb5c4" testName="Hardware_ReadPassword_Before_v101_NotSupported" computerName="DKSR-EFI-04" duration="00:00:00.0007590" startTime="2023-12-22T09:33:08.2092565+01:00" endTime="2023-12-22T09:33:08.2092565+01:00" testType="13cdc9d9-ddb5-4fa4-a97d-d965ccfc6d4b" outcome="Passed" testListId="8c84fa94-04c1-424b-9868-57a2d4851a1d" relativeResultsDirectory="b5df7596-3dc6-4a27-978d-6e76b83fe906" />
    <UnitTestResult executionId="e8967c48-968c-4323-be19-d7162389b635" testId="54c3cb7c-2822-846e-42e4-23ede85ae7b9" testName="GenericRepositoryTestAddToCache" computerName="DKSR-EFI-04" duration="00:00:00.0022549" startTime="2023-12-22T09:33:09.8655152+01:00" endTime="2023-12-22T09:33:09.8655152+01:00" testType="13cdc9d9-ddb5-4fa4-a97d-d965ccfc6d4b" outcome="Passed" testListId="8c84fa94-04c1-424b-9868-57a2d4851a1d" relativeResultsDirectory="e8967c48-968c-4323-be19-d7162389b635" />
    <UnitTestResult executionId="7b13192d-1383-4869-a947-629918fa30ee" testId="afa616d9-414a-d726-c2ae-2716e8be02af" testName="ProxyClientServiceBase_CallWithRetry_Retry_EndpointNotFoundException" computerName="DKSR-EFI-04" duration="00:00:00.0004137" startTime="2023-12-22T09:33:10.0061418+01:00" endTime="2023-12-22T09:33:10.0061418+01:00" testType="13cdc9d9-ddb5-4fa4-a97d-d965ccfc6d4b" outcome="Passed" testListId="8c84fa94-04c1-424b-9868-57a2d4851a1d" relativeResultsDirectory="7b13192d-1383-4869-a947-629918fa30ee" />
    <UnitTestResult executionId="f9f19143-eb75-4f00-8b68-7760fe180232" testId="d097418a-284a-0f48-b120-88f843d12853" testName="TaskRequestEdgeStorage_StartNew_Success" computerName="DKSR-EFI-04" duration="00:00:00.0122361" startTime="2023-12-22T09:33:09.5217642+01:00" endTime="2023-12-22T09:33:09.5373889+01:00" testType="13cdc9d9-ddb5-4fa4-a97d-d965ccfc6d4b" outcome="Passed" testListId="8c84fa94-04c1-424b-9868-57a2d4851a1d" relativeResultsDirectory="f9f19143-eb75-4f00-8b68-7760fe180232" />
    <UnitTestResult executionId="4f9c61f5-7cae-444a-a301-b02775ff8e01" testId="1d9cbc37-070f-fd8e-71a3-88a4d86979c3" testName="MIPObject_Refresh_Failed" computerName="DKSR-EFI-04" duration="00:00:00.0008232" startTime="2023-12-22T09:33:07.5373792+01:00" endTime="2023-12-22T09:33:07.5373792+01:00" testType="13cdc9d9-ddb5-4fa4-a97d-d965ccfc6d4b" outcome="Passed" testListId="8c84fa94-04c1-424b-9868-57a2d4851a1d" relativeResultsDirectory="4f9c61f5-7cae-444a-a301-b02775ff8e01" />
    <UnitTestResult executionId="181beaf5-07df-4faa-890c-a68fc63e9262" testId="ac768ee7-b9a1-a822-a15e-d21c960fee16" testName="Construct_AllowUnsecure_DoNotForceLegacy_Success" computerName="DKSR-EFI-04" duration="00:00:00.0004822" startTime="2023-12-22T09:33:10.5842667+01:00" endTime="2023-12-22T09:33:10.5842667+01:00" testType="13cdc9d9-ddb5-4fa4-a97d-d965ccfc6d4b" outcome="Passed" testListId="8c84fa94-04c1-424b-9868-57a2d4851a1d" relativeResultsDirectory="181beaf5-07df-4faa-890c-a68fc63e9262" />
    <UnitTestResult executionId="5340afca-0276-4504-8091-be83e3501068" testId="6eea6688-c562-2d57-43e8-db5123d547c4" testName="Monitor_Refresh_Success" computerName="DKSR-EFI-04" duration="00:00:00.0003652" startTime="2023-12-22T09:33:07.5842564+01:00" endTime="2023-12-22T09:33:07.5842564+01:00" testType="13cdc9d9-ddb5-4fa4-a97d-d965ccfc6d4b" outcome="Passed" testListId="8c84fa94-04c1-424b-9868-57a2d4851a1d" relativeResultsDirectory="5340afca-0276-4504-8091-be83e3501068" />
    <UnitTestResult executionId="4e45bf61-a118-4225-bbb8-b2e3fa3360c4" testId="5acbb9da-93ae-c12d-c335-8bbbd2b53611" testName="UserDefinedEvent_Repository_Registered" computerName="DKSR-EFI-04" duration="00:00:00.0002904" startTime="2023-12-22T09:33:09.6936386+01:00" endTime="2023-12-22T09:33:09.6936386+01:00" testType="13cdc9d9-ddb5-4fa4-a97d-d965ccfc6d4b" outcome="Passed" testListId="8c84fa94-04c1-424b-9868-57a2d4851a1d" relativeResultsDirectory="4e45bf61-a118-4225-bbb8-b2e3fa3360c4" />
    <UnitTestResult executionId="d9979bb6-81fa-4fd3-84b3-7e644d5e2e5f" testId="0e018444-eb66-48a3-4c38-0d19c6a941fa" testName="Construct_Success" computerName="DKSR-EFI-04" duration="00:00:00.0003900" startTime="2023-12-22T09:33:10.5686418+01:00" endTime="2023-12-22T09:33:10.5686418+01:00" testType="13cdc9d9-ddb5-4fa4-a97d-d965ccfc6d4b" outcome="Passed" testListId="8c84fa94-04c1-424b-9868-57a2d4851a1d" relativeResultsDirectory="d9979bb6-81fa-4fd3-84b3-7e644d5e2e5f" />
    <UnitTestResult executionId="782f8b67-8567-460e-b65f-4d70dbc866e5" testId="4399ec1d-2c9d-f6f6-8e33-880ef9e97bed" testName="CameraDeviceGroup_Refresh_Success" computerName="DKSR-EFI-04" duration="00:00:00.0038751" startTime="2023-12-22T09:33:06.9123737+01:00" endTime="2023-12-22T09:33:06.9280011+01:00" testType="13cdc9d9-ddb5-4fa4-a97d-d965ccfc6d4b" outcome="Passed" testListId="8c84fa94-04c1-424b-9868-57a2d4851a1d" relativeResultsDirectory="782f8b67-8567-460e-b65f-4d70dbc866e5" />
    <UnitTestResult executionId="bc9a8ea5-7829-4274-9b0d-61d7dcc10f73" testId="fddc68b9-38b3-f313-9510-e8e9def595c4" testName="ArchiveStorage_Create_CheckVersionNotCalled" computerName="DKSR-EFI-04" duration="00:00:00.0005102" startTime="2023-12-22T09:33:06.6467482+01:00" endTime="2023-12-22T09:33:06.6467482+01:00" testType="13cdc9d9-ddb5-4fa4-a97d-d965ccfc6d4b" outcome="Passed" testListId="8c84fa94-04c1-424b-9868-57a2d4851a1d" relativeResultsDirectory="bc9a8ea5-7829-4274-9b0d-61d7dcc10f73" />
    <UnitTestResult executionId="089f4d7a-4d26-4861-8e30-f095175940c4" testId="f333f71a-0e07-3c5a-f7fc-8c8e0562fb78" testName="Grid_RemoveSpecificCellFirst_CorrectCellRemoved" computerName="DKSR-EFI-04" duration="00:00:00.0002170" startTime="2023-12-22T09:33:07.2405019+01:00" endTime="2023-12-22T09:33:07.2405019+01:00" testType="13cdc9d9-ddb5-4fa4-a97d-d965ccfc6d4b" outcome="Passed" testListId="8c84fa94-04c1-424b-9868-57a2d4851a1d" relativeResultsDirectory="089f4d7a-4d26-4861-8e30-f095175940c4" />
    <UnitTestResult executionId="02b915bc-1231-4275-8aba-7399d198667b" testId="cf980ff0-658a-cea3-568e-ae6607f09bd5" testName="PatrollingProfile_MoveStepToPosition" computerName="DKSR-EFI-04" duration="00:00:00.0017541" startTime="2023-12-22T09:33:07.9748807+01:00" endTime="2023-12-22T09:33:07.9748807+01:00" testType="13cdc9d9-ddb5-4fa4-a97d-d965ccfc6d4b" outcome="Passed" testListId="8c84fa94-04c1-424b-9868-57a2d4851a1d" relativeResultsDirectory="02b915bc-1231-4275-8aba-7399d198667b" />
    <UnitTestResult executionId="b0245ac7-180d-41ce-a2c4-d2af9f2eae38" testId="4799bfb0-c70d-907b-5842-639add0089be" testName="MarkedData_Delete_Success" computerName="DKSR-EFI-04" duration="00:00:00.0001855" startTime="2023-12-22T09:33:07.4280039+01:00" endTime="2023-12-22T09:33:07.4280039+01:00" testType="13cdc9d9-ddb5-4fa4-a97d-d965ccfc6d4b" outcome="Passed" testListId="8c84fa94-04c1-424b-9868-57a2d4851a1d" relativeResultsDirectory="b0245ac7-180d-41ce-a2c4-d2af9f2eae38" />
    <UnitTestResult executionId="1fe8f309-8aa1-4245-afbe-d541abe9c95b" testId="5d5cb737-2ea3-b37c-74d8-eefd4d68fec6" testName="CalendarTimeProfile_Create_Failed_Constructor_Empty_CustomId" computerName="DKSR-EFI-04" duration="00:00:00.0006705" startTime="2023-12-22T09:33:09.5686390+01:00" endTime="2023-12-22T09:33:09.5842627+01:00" testType="13cdc9d9-ddb5-4fa4-a97d-d965ccfc6d4b" outcome="Passed" testListId="8c84fa94-04c1-424b-9868-57a2d4851a1d" relativeResultsDirectory="1fe8f309-8aa1-4245-afbe-d541abe9c95b" />
    <UnitTestResult executionId="7ed9b910-aa87-421c-9c2e-72193b84732b" testId="197baa87-69c6-9254-8ebc-832756747901" testName="TrustedIssuer_Update_Success" computerName="DKSR-EFI-04" duration="00:00:00.0004316" startTime="2023-12-22T09:33:09.6467628+01:00" endTime="2023-12-22T09:33:09.6467628+01:00" testType="13cdc9d9-ddb5-4fa4-a97d-d965ccfc6d4b" outcome="Passed" testListId="8c84fa94-04c1-424b-9868-57a2d4851a1d" relativeResultsDirectory="7ed9b910-aa87-421c-9c2e-72193b84732b" />
    <UnitTestResult executionId="e5d91caa-97aa-421a-b276-63883efe7663" testId="2ab3c9d9-d100-821a-7e89-307c50783177" testName="TaskDeleteRecordingStorage_Refresh_Success" computerName="DKSR-EFI-04" duration="00:00:00.0010277" startTime="2023-12-22T09:33:09.4592627+01:00" endTime="2023-12-22T09:33:09.4592627+01:00" testType="13cdc9d9-ddb5-4fa4-a97d-d965ccfc6d4b" outcome="Passed" testListId="8c84fa94-04c1-424b-9868-57a2d4851a1d" relativeResultsDirectory="e5d91caa-97aa-421a-b276-63883efe7663" />
    <UnitTestResult executionId="a97c97e7-171c-44ca-a165-f88c27972ebf" testId="549fe4d6-0246-94be-ca82-d07edb107e05" testName="View_Update_Success" computerName="DKSR-EFI-04" duration="00:00:00.0010492" startTime="2023-12-22T09:33:09.8030126+01:00" endTime="2023-12-22T09:33:09.8030126+01:00" testType="13cdc9d9-ddb5-4fa4-a97d-d965ccfc6d4b" outcome="Passed" testListId="8c84fa94-04c1-424b-9868-57a2d4851a1d" relativeResultsDirectory="a97c97e7-171c-44ca-a165-f88c27972ebf" />
    <UnitTestResult executionId="2b4c3493-84f6-4f0f-bc79-b449a802419a" testId="5e64e319-d992-561d-8412-0461abee9d0b" testName="Hardware_Repository_Registered" computerName="DKSR-EFI-04" duration="00:00:00.0002913" startTime="2023-12-22T09:33:08.2092565+01:00" endTime="2023-12-22T09:33:08.2092565+01:00" testType="13cdc9d9-ddb5-4fa4-a97d-d965ccfc6d4b" outcome="Passed" testListId="8c84fa94-04c1-424b-9868-57a2d4851a1d" relativeResultsDirectory="2b4c3493-84f6-4f0f-bc79-b449a802419a" />
    <UnitTestResult executionId="7e88f5fc-7ef6-4cfa-82b1-d51cbfbffb7f" testId="c7e5d5e9-661c-276b-e145-65420ac61563" testName="Constructor_GivenNullSiteConnectorLegacy_ShouldThrow" computerName="DKSR-EFI-04" duration="00:00:00.0045754" startTime="2023-12-22T09:32:58.4123362+01:00" endTime="2023-12-22T09:32:58.4123362+01:00" testType="13cdc9d9-ddb5-4fa4-a97d-d965ccfc6d4b" outcome="Passed" testListId="8c84fa94-04c1-424b-9868-57a2d4851a1d" relativeResultsDirectory="7e88f5fc-7ef6-4cfa-82b1-d51cbfbffb7f" />
    <UnitTestResult executionId="0f2150b6-4102-4693-8669-c795a1908260" testId="e35af84d-5253-a0b3-676b-d8c1702fd0f7" testName="MetadataDeviceGroup_Refresh_Failed" computerName="DKSR-EFI-04" duration="00:00:00.0010066" startTime="2023-12-22T09:33:07.0220271+01:00" endTime="2023-12-22T09:33:07.0220271+01:00" testType="13cdc9d9-ddb5-4fa4-a97d-d965ccfc6d4b" outcome="Passed" testListId="8c84fa94-04c1-424b-9868-57a2d4851a1d" relativeResultsDirectory="0f2150b6-4102-4693-8669-c795a1908260" />
    <UnitTestResult executionId="5e126f10-fc98-46b7-ae54-35b672cfb056" testId="8a636da5-22db-276f-fd70-904a4559cd55" testName="SystemDashboardConfigurationuration_Delete_CheckVersionCalled" computerName="DKSR-EFI-04" duration="00:00:00.0002890" startTime="2023-12-22T09:33:08.7092595+01:00" endTime="2023-12-22T09:33:08.7092595+01:00" testType="13cdc9d9-ddb5-4fa4-a97d-d965ccfc6d4b" outcome="Passed" testListId="8c84fa94-04c1-424b-9868-57a2d4851a1d" relativeResultsDirectory="5e126f10-fc98-46b7-ae54-35b672cfb056" />
    <UnitTestResult executionId="a45339a9-34c6-499f-b3cd-c18255a019f2" testId="edf2c8a0-6d40-88f3-48ea-7c49d85edc7b" testName="RuleSource_Refresh_Success" computerName="DKSR-EFI-04" duration="00:00:00.0004351" startTime="2023-12-22T09:33:08.5686329+01:00" endTime="2023-12-22T09:33:08.5686329+01:00" testType="13cdc9d9-ddb5-4fa4-a97d-d965ccfc6d4b" outcome="Passed" testListId="8c84fa94-04c1-424b-9868-57a2d4851a1d" relativeResultsDirectory="a45339a9-34c6-499f-b3cd-c18255a019f2" />
    <UnitTestResult executionId="3f773a7e-713e-41e6-ae86-e1be0f8464cb" testId="6ce42f26-15a1-aba4-5c4e-9513306aaa1b" testName="PerformanceStateRuleConfiguration_Delete_Failed_Not_Created" computerName="DKSR-EFI-04" duration="00:00:00.0011936" startTime="2023-12-22T09:33:08.0373811+01:00" endTime="2023-12-22T09:33:08.0373811+01:00" testType="13cdc9d9-ddb5-4fa4-a97d-d965ccfc6d4b" outcome="Passed" testListId="8c84fa94-04c1-424b-9868-57a2d4851a1d" relativeResultsDirectory="3f773a7e-713e-41e6-ae86-e1be0f8464cb" />
    <UnitTestResult executionId="841af8f1-8cb0-4c86-a233-317dd3757838" testId="1a64560e-6964-f5f3-5442-f6f38b03cc18" testName="Hardware_Refresh_Fail_When_Deleted" computerName="DKSR-EFI-04" duration="00:00:00.0004638" startTime="2023-12-22T09:33:08.2092565+01:00" endTime="2023-12-22T09:33:08.2092565+01:00" testType="13cdc9d9-ddb5-4fa4-a97d-d965ccfc6d4b" outcome="Passed" testListId="8c84fa94-04c1-424b-9868-57a2d4851a1d" relativeResultsDirectory="841af8f1-8cb0-4c86-a233-317dd3757838" />
    <UnitTestResult executionId="2c8f4d0a-badf-4a1a-8465-d34faf717558" testId="323c1e95-295f-2abd-382b-8461123241f1" testName="RuleSource_IsDirty_Success" computerName="DKSR-EFI-04" duration="00:00:00.0002524" startTime="2023-12-22T09:33:08.5842578+01:00" endTime="2023-12-22T09:33:08.5842578+01:00" testType="13cdc9d9-ddb5-4fa4-a97d-d965ccfc6d4b" outcome="Passed" testListId="8c84fa94-04c1-424b-9868-57a2d4851a1d" relativeResultsDirectory="2c8f4d0a-badf-4a1a-8465-d34faf717558" />
    <UnitTestResult executionId="6c85d493-5711-4812-8df5-8ce7d8965ef5" testId="0d1a5cb9-1901-53db-c399-c908262a6a8d" testName="TryConnect_GivenSuccess_ShouldReturnVmoClient" computerName="DKSR-EFI-04" duration="00:00:00.0461670" startTime="2023-12-22T09:33:06.3498741+01:00" endTime="2023-12-22T09:33:06.3967478+01:00" testType="13cdc9d9-ddb5-4fa4-a97d-d965ccfc6d4b" outcome="Passed" testListId="8c84fa94-04c1-424b-9868-57a2d4851a1d" relativeResultsDirectory="6c85d493-5711-4812-8df5-8ce7d8965ef5" />
    <UnitTestResult executionId="8671124b-622f-40f0-b46c-f8ac9abcae61" testId="2a2a2615-0585-1266-11cf-6b74cf7aa87e" testName="TimeProfile_Repository_Registered" computerName="DKSR-EFI-04" duration="00:00:00.0003277" startTime="2023-12-22T09:33:09.6311388+01:00" endTime="2023-12-22T09:33:09.6311388+01:00" testType="13cdc9d9-ddb5-4fa4-a97d-d965ccfc6d4b" outcome="Passed" testListId="8c84fa94-04c1-424b-9868-57a2d4851a1d" relativeResultsDirectory="8671124b-622f-40f0-b46c-f8ac9abcae61" />
    <UnitTestResult executionId="2317bc22-13bf-4e1a-a736-3e9ecbc13d96" testId="70e36072-81c2-7190-db47-935bbfedb920" testName="Role_Add_Basic_User_Member_Check_User_Exists" computerName="DKSR-EFI-04" duration="00:00:00.0008947" startTime="2023-12-22T09:33:08.5061330+01:00" endTime="2023-12-22T09:33:08.5061330+01:00" testType="13cdc9d9-ddb5-4fa4-a97d-d965ccfc6d4b" outcome="Passed" testListId="8c84fa94-04c1-424b-9868-57a2d4851a1d" relativeResultsDirectory="2317bc22-13bf-4e1a-a736-3e9ecbc13d96" />
    <UnitTestResult executionId="90aeaa3c-8dce-41b9-9895-6624c8f30104" testId="1f9ff2ea-de1d-1069-20f3-d4507fda1972" testName="Hardware_Driver_Version_Construct_Device_Pack_Driver" computerName="DKSR-EFI-04" duration="00:00:00.0041054" startTime="2023-12-22T09:33:08.1780064+01:00" endTime="2023-12-22T09:33:08.1936328+01:00" testType="13cdc9d9-ddb5-4fa4-a97d-d965ccfc6d4b" outcome="Passed" testListId="8c84fa94-04c1-424b-9868-57a2d4851a1d" relativeResultsDirectory="90aeaa3c-8dce-41b9-9895-6624c8f30104" />
    <UnitTestResult executionId="d19ca807-2964-4ab9-8d8d-44a87ab20be4" testId="6d227c01-5ef3-195c-1f2c-d26a9beb98a5" testName="Hardware_ChangePassword_NotCreated_Throws" computerName="DKSR-EFI-04" duration="00:00:00.0003773" startTime="2023-12-22T09:33:08.2248813+01:00" endTime="2023-12-22T09:33:08.2248813+01:00" testType="13cdc9d9-ddb5-4fa4-a97d-d965ccfc6d4b" outcome="Passed" testListId="8c84fa94-04c1-424b-9868-57a2d4851a1d" relativeResultsDirectory="d19ca807-2964-4ab9-8d8d-44a87ab20be4" />
    <UnitTestResult executionId="d2b59991-17d2-408c-8591-f15aa72c165f" testId="17fc8860-2b38-4ff9-4cd1-df0ba112a282" testName="MarkedData_Refresh_Failed_Not_Created" computerName="DKSR-EFI-04" duration="00:00:00.0006146" startTime="2023-12-22T09:33:07.4123780+01:00" endTime="2023-12-22T09:33:07.4123780+01:00" testType="13cdc9d9-ddb5-4fa4-a97d-d965ccfc6d4b" outcome="Passed" testListId="8c84fa94-04c1-424b-9868-57a2d4851a1d" relativeResultsDirectory="d2b59991-17d2-408c-8591-f15aa72c165f" />
    <UnitTestResult executionId="0c666950-b490-4f21-9b16-24d935115ab2" testId="f0e6cec2-f5ab-7a25-7a3c-b2ab816b90b0" testName="CameraDevice_Refresh_Fail_Not_Created" computerName="DKSR-EFI-04" duration="00:00:00.0007358" startTime="2023-12-22T09:33:08.1155068+01:00" endTime="2023-12-22T09:33:08.1155068+01:00" testType="13cdc9d9-ddb5-4fa4-a97d-d965ccfc6d4b" outcome="Passed" testListId="8c84fa94-04c1-424b-9868-57a2d4851a1d" relativeResultsDirectory="0c666950-b490-4f21-9b16-24d935115ab2" />
    <UnitTestResult executionId="74c37c51-99cd-492b-a805-f60a4e2e5f73" testId="6d38dc57-e716-1916-fa31-eb339b7781ce" testName="PublicViewGroup_Delete_Success" computerName="DKSR-EFI-04" duration="00:00:00.0002606" startTime="2023-12-22T09:33:08.0998820+01:00" endTime="2023-12-22T09:33:08.0998820+01:00" testType="13cdc9d9-ddb5-4fa4-a97d-d965ccfc6d4b" outcome="Passed" testListId="8c84fa94-04c1-424b-9868-57a2d4851a1d" relativeResultsDirectory="74c37c51-99cd-492b-a805-f60a4e2e5f73" />
    <UnitTestResult executionId="36ab28cd-1a2a-4ffd-adf6-e59c56b06f69" testId="6247ab59-74eb-cf84-482a-a583f6e11e0c" testName="FailoverServer_Update_Success" computerName="DKSR-EFI-04" duration="00:00:00.0005655" startTime="2023-12-22T09:33:07.1311246+01:00" endTime="2023-12-22T09:33:07.1311246+01:00" testType="13cdc9d9-ddb5-4fa4-a97d-d965ccfc6d4b" outcome="Passed" testListId="8c84fa94-04c1-424b-9868-57a2d4851a1d" relativeResultsDirectory="36ab28cd-1a2a-4ffd-adf6-e59c56b06f69" />
    <UnitTestResult executionId="e2231695-2a9c-4e9e-a5c1-c7ff2a2eca20" testId="ba974f5f-9411-20b3-a2dc-bb1aa9a6b6b6" testName="Construct_Full_Success" computerName="DKSR-EFI-04" duration="00:00:00.0004570" startTime="2023-12-22T09:33:10.6311427+01:00" endTime="2023-12-22T09:33:10.6311427+01:00" testType="13cdc9d9-ddb5-4fa4-a97d-d965ccfc6d4b" outcome="Passed" testListId="8c84fa94-04c1-424b-9868-57a2d4851a1d" relativeResultsDirectory="e2231695-2a9c-4e9e-a5c1-c7ff2a2eca20" />
    <UnitTestResult executionId="340d7f92-48a4-4127-bd04-6fbbf2f92c80" testId="75fbe025-64e2-7254-74f6-abca888227d1" testName="SystemDashboardConfigurationuration_Update_CheckVersionCalled" computerName="DKSR-EFI-04" duration="00:00:00.0002851" startTime="2023-12-22T09:33:08.6780099+01:00" endTime="2023-12-22T09:33:08.6780099+01:00" testType="13cdc9d9-ddb5-4fa4-a97d-d965ccfc6d4b" outcome="Passed" testListId="8c84fa94-04c1-424b-9868-57a2d4851a1d" relativeResultsDirectory="340d7f92-48a4-4127-bd04-6fbbf2f92c80" />
    <UnitTestResult executionId="e3382f3b-3cd4-4e0e-8959-8e7298a4257c" testId="9dc2f839-86a3-d3c2-71cd-8f639f6b00a4" testName="Role_Add_Basic_User_Member_Check_Null" computerName="DKSR-EFI-04" duration="00:00:00.0005014" startTime="2023-12-22T09:33:08.5061330+01:00" endTime="2023-12-22T09:33:08.5061330+01:00" testType="13cdc9d9-ddb5-4fa4-a97d-d965ccfc6d4b" outcome="Passed" testListId="8c84fa94-04c1-424b-9868-57a2d4851a1d" relativeResultsDirectory="e3382f3b-3cd4-4e0e-8959-8e7298a4257c" />
    <UnitTestResult executionId="a71d4fb5-99c7-4b2a-be65-6f1bf946d686" testId="a8b2ad7f-d16a-06bb-ce68-4f9c44900dc6" testName="RuleSource_Constructor_CheckForVersion_7_0_and_throws" computerName="DKSR-EFI-04" duration="00:00:00.0007739" startTime="2023-12-22T09:33:08.5373822+01:00" endTime="2023-12-22T09:33:08.5530080+01:00" testType="13cdc9d9-ddb5-4fa4-a97d-d965ccfc6d4b" outcome="Passed" testListId="8c84fa94-04c1-424b-9868-57a2d4851a1d" relativeResultsDirectory="a71d4fb5-99c7-4b2a-be65-6f1bf946d686" />
    <UnitTestResult executionId="d346f2a1-861f-4970-9276-126ec4e4109e" testId="feb30980-9ed1-4c3c-52d8-e49bb0409ac3" testName="ExceptionConverter_GetConnectionConvertedException_MessageSecurityException" computerName="DKSR-EFI-04" duration="00:00:00.0002960" startTime="2023-12-22T09:33:09.9748902+01:00" endTime="2023-12-22T09:33:09.9748902+01:00" testType="13cdc9d9-ddb5-4fa4-a97d-d965ccfc6d4b" outcome="Passed" testListId="8c84fa94-04c1-424b-9868-57a2d4851a1d" relativeResultsDirectory="d346f2a1-861f-4970-9276-126ec4e4109e" />
    <UnitTestResult executionId="dbc3e89c-bfcf-4464-a3f8-86c0f50dbafe" testId="c76877d1-d4d5-fd49-62f3-8d22b1b0fc75" testName="UserDefinedEvent_CreateWithId_CheckForVersion_7_0_and_throws" computerName="DKSR-EFI-04" duration="00:00:00.0025704" startTime="2023-12-22T09:33:09.6936386+01:00" endTime="2023-12-22T09:33:09.6936386+01:00" testType="13cdc9d9-ddb5-4fa4-a97d-d965ccfc6d4b" outcome="Passed" testListId="8c84fa94-04c1-424b-9868-57a2d4851a1d" relativeResultsDirectory="dbc3e89c-bfcf-4464-a3f8-86c0f50dbafe" />
    <UnitTestResult executionId="1ca5023a-6e7c-46fb-a736-8381fae06ab5" testId="343b2b64-0be3-4bf7-adf7-59ae0dcb4692" testName="RecordingStorage_Create_CheckVersionNotCalled" computerName="DKSR-EFI-04" duration="00:00:00.0002908" startTime="2023-12-22T09:33:08.3030060+01:00" endTime="2023-12-22T09:33:08.3030060+01:00" testType="13cdc9d9-ddb5-4fa4-a97d-d965ccfc6d4b" outcome="Passed" testListId="8c84fa94-04c1-424b-9868-57a2d4851a1d" relativeResultsDirectory="1ca5023a-6e7c-46fb-a736-8381fae06ab5" />
    <UnitTestResult executionId="edfeb887-b01a-4ec5-acfa-834a02fc975c" testId="acfe2752-9929-f7a5-f06b-9a3f6d2df54f" testName="TaskHardwareScan_Refresh_Success" computerName="DKSR-EFI-04" duration="00:00:00.0024656" startTime="2023-12-22T09:33:10.0686404+01:00" endTime="2023-12-22T09:33:10.0686404+01:00" testType="13cdc9d9-ddb5-4fa4-a97d-d965ccfc6d4b" outcome="Passed" testListId="8c84fa94-04c1-424b-9868-57a2d4851a1d" relativeResultsDirectory="edfeb887-b01a-4ec5-acfa-834a02fc975c" />
    <UnitTestResult executionId="911f0630-a6c5-4957-b8da-4256c88eca74" testId="725da74e-2346-5830-4c52-cfe52338caef" testName="ValidateSchemas_ISiteConnectionInfoBase_Null_Empty_Result" computerName="DKSR-EFI-04" duration="00:00:00.0115443" startTime="2023-12-22T09:32:56.5060781+01:00" endTime="2023-12-22T09:32:56.5217017+01:00" testType="13cdc9d9-ddb5-4fa4-a97d-d965ccfc6d4b" outcome="Passed" testListId="8c84fa94-04c1-424b-9868-57a2d4851a1d" relativeResultsDirectory="911f0630-a6c5-4957-b8da-4256c88eca74" />
    <UnitTestResult executionId="30b933cf-c5bf-4c8f-9136-f1acab07ee45" testId="abd55ea4-f6a3-38da-3aa2-cfee7dc0596c" testName="ExceptionConverter_GetConnectionConvertedException_ExceptionNull" computerName="DKSR-EFI-04" duration="00:00:00.0020042" startTime="2023-12-22T09:33:09.9123896+01:00" endTime="2023-12-22T09:33:09.9280141+01:00" testType="13cdc9d9-ddb5-4fa4-a97d-d965ccfc6d4b" outcome="Passed" testListId="8c84fa94-04c1-424b-9868-57a2d4851a1d" relativeResultsDirectory="30b933cf-c5bf-4c8f-9136-f1acab07ee45" />
    <UnitTestResult executionId="324bb65c-2105-4c77-b76e-edaeea97e587" testId="9384124d-6144-2e47-91ea-db45b3627c9a" testName="GetIdpInfoOrError_GivenManyAddressesWaitForHttps_ShouldReturnSuccessHttpsIdpInfo" computerName="DKSR-EFI-04" duration="00:00:01.0266332" startTime="2023-12-22T09:33:04.8186151+01:00" endTime="2023-12-22T09:33:05.8498700+01:00" testType="13cdc9d9-ddb5-4fa4-a97d-d965ccfc6d4b" outcome="Passed" testListId="8c84fa94-04c1-424b-9868-57a2d4851a1d" relativeResultsDirectory="324bb65c-2105-4c77-b76e-edaeea97e587" />
    <UnitTestResult executionId="2f79dff5-9ff6-4b6c-a94a-144c9d50da1d" testId="42ad3664-86e7-20f3-acc9-bcaa9b7564d1" testName="MIPEvent_Update_Success" computerName="DKSR-EFI-04" duration="00:00:00.0002476" startTime="2023-12-22T09:33:07.5061284+01:00" endTime="2023-12-22T09:33:07.5061284+01:00" testType="13cdc9d9-ddb5-4fa4-a97d-d965ccfc6d4b" outcome="Passed" testListId="8c84fa94-04c1-424b-9868-57a2d4851a1d" relativeResultsDirectory="2f79dff5-9ff6-4b6c-a94a-144c9d50da1d" />
    <UnitTestResult executionId="fd454b77-e7c8-470c-b766-63acf272ce6b" testId="3e2d5ffd-cdb1-47e2-9eb1-edf9fd7fb46d" testName="MarkedData_IsDeleted_Success" computerName="DKSR-EFI-04" duration="00:00:00.0002073" startTime="2023-12-22T09:33:07.4436268+01:00" endTime="2023-12-22T09:33:07.4436268+01:00" testType="13cdc9d9-ddb5-4fa4-a97d-d965ccfc6d4b" outcome="Passed" testListId="8c84fa94-04c1-424b-9868-57a2d4851a1d" relativeResultsDirectory="fd454b77-e7c8-470c-b766-63acf272ce6b" />
    <UnitTestResult executionId="81df0f31-772b-4a46-9152-d5731016b028" testId="70996f40-1fc9-1245-1717-ca1f3cbfb6ac" testName="Hardware_Driver_Version_Construct_Interconnected_Product" computerName="DKSR-EFI-04" duration="00:00:00.0001957" startTime="2023-12-22T09:33:08.1936328+01:00" endTime="2023-12-22T09:33:08.1936328+01:00" testType="13cdc9d9-ddb5-4fa4-a97d-d965ccfc6d4b" outcome="Passed" testListId="8c84fa94-04c1-424b-9868-57a2d4851a1d" relativeResultsDirectory="81df0f31-772b-4a46-9152-d5731016b028" />
    <UnitTestResult executionId="1a7baba4-fd25-455a-9b9c-e4af4db6a823" testId="3e70b084-5656-d633-3a88-af533ceb55dd" testName="Master_Synchronize_NotCreated_InvalidOperationException" computerName="DKSR-EFI-04" duration="00:00:00.0007109" startTime="2023-12-22T09:33:08.6155072+01:00" endTime="2023-12-22T09:33:08.6155072+01:00" testType="13cdc9d9-ddb5-4fa4-a97d-d965ccfc6d4b" outcome="Passed" testListId="8c84fa94-04c1-424b-9868-57a2d4851a1d" relativeResultsDirectory="1a7baba4-fd25-455a-9b9c-e4af4db6a823" />
    <UnitTestResult executionId="d638b4b5-dc6d-45c5-b2f7-746a09992228" testId="0585b760-df55-b1f8-64b7-3a68e2bec584" testName="RetentionOptionRoleRelation_Create_CheckVersionCalled" computerName="DKSR-EFI-04" duration="00:00:00.0002948" startTime="2023-12-22T09:33:08.4280072+01:00" endTime="2023-12-22T09:33:08.4280072+01:00" testType="13cdc9d9-ddb5-4fa4-a97d-d965ccfc6d4b" outcome="Passed" testListId="8c84fa94-04c1-424b-9868-57a2d4851a1d" relativeResultsDirectory="d638b4b5-dc6d-45c5-b2f7-746a09992228" />
    <UnitTestResult executionId="6bd6fb55-e09e-4131-a705-5da7ec66599f" testId="3a4137d2-5af2-1a66-ab1f-681236e1f7e9" testName="MIPAction_Constructor_DefaultValuesCorrect" computerName="DKSR-EFI-04" duration="00:00:00.0013219" startTime="2023-12-22T09:33:07.4436268+01:00" endTime="2023-12-22T09:33:07.4436268+01:00" testType="13cdc9d9-ddb5-4fa4-a97d-d965ccfc6d4b" outcome="Passed" testListId="8c84fa94-04c1-424b-9868-57a2d4851a1d" relativeResultsDirectory="6bd6fb55-e09e-4131-a705-5da7ec66599f" />
    <UnitTestResult executionId="cb6325a8-13f6-4efd-9347-2bf020722976" testId="de2cc32a-0146-54ce-9e6b-d3aabc11ccf5" testName="ErrorResultInstance_NonXML" computerName="DKSR-EFI-04" duration="00:00:00.3998069" startTime="2023-12-22T09:33:08.8811356+01:00" endTime="2023-12-22T09:33:09.2873871+01:00" testType="13cdc9d9-ddb5-4fa4-a97d-d965ccfc6d4b" outcome="Passed" testListId="8c84fa94-04c1-424b-9868-57a2d4851a1d" relativeResultsDirectory="cb6325a8-13f6-4efd-9347-2bf020722976" />
    <UnitTestResult executionId="204e99e0-160d-4849-8363-9127f0e68dab" testId="27419a8a-3663-5bd2-0ace-4a8da03cddaf" testName="TryGetPropertyValue_Guid_NonEmptyString_ReturnsGuid" computerName="DKSR-EFI-04" duration="00:00:00.0016257" startTime="2023-12-22T09:33:10.0530153+01:00" endTime="2023-12-22T09:33:10.0530153+01:00" testType="13cdc9d9-ddb5-4fa4-a97d-d965ccfc6d4b" outcome="Passed" testListId="8c84fa94-04c1-424b-9868-57a2d4851a1d" relativeResultsDirectory="204e99e0-160d-4849-8363-9127f0e68dab" />
    <UnitTestResult executionId="9595fb16-f5a9-480d-b7fc-bb75ab7c9fec" testId="5886e0ac-60e4-e8a0-59b9-173f39736232" testName="Contains_GivenConnectedAddress_ShouldSuccess" computerName="DKSR-EFI-04" duration="00:00:00.0010365" startTime="2023-12-22T09:33:06.3186212+01:00" endTime="2023-12-22T09:33:06.3186212+01:00" testType="13cdc9d9-ddb5-4fa4-a97d-d965ccfc6d4b" outcome="Passed" testListId="8c84fa94-04c1-424b-9868-57a2d4851a1d" relativeResultsDirectory="9595fb16-f5a9-480d-b7fc-bb75ab7c9fec" />
    <UnitTestResult executionId="bb0e8ea6-1827-41c5-befd-4c4fc4d01ccc" testId="1830429d-a50e-f24b-1de0-c7821602f1c8" testName="ChildSite_SetMarkInconsistent_NotCreated_InvalidOperationException" computerName="DKSR-EFI-04" duration="00:00:00.0008570" startTime="2023-12-22T09:33:08.5998841+01:00" endTime="2023-12-22T09:33:08.5998841+01:00" testType="13cdc9d9-ddb5-4fa4-a97d-d965ccfc6d4b" outcome="Passed" testListId="8c84fa94-04c1-424b-9868-57a2d4851a1d" relativeResultsDirectory="bb0e8ea6-1827-41c5-befd-4c4fc4d01ccc" />
    <UnitTestResult executionId="909f3660-2966-4844-85aa-92c1848db7be" testId="6a5b4741-e6cb-bd09-2b79-ec90fc784e12" testName="TrustedIssuer_Repository_Registered" computerName="DKSR-EFI-04" duration="00:00:00.0003301" startTime="2023-12-22T09:33:09.6780125+01:00" endTime="2023-12-22T09:33:09.6780125+01:00" testType="13cdc9d9-ddb5-4fa4-a97d-d965ccfc6d4b" outcome="Passed" testListId="8c84fa94-04c1-424b-9868-57a2d4851a1d" relativeResultsDirectory="909f3660-2966-4844-85aa-92c1848db7be" />
    <UnitTestResult executionId="e7924cb2-e2c0-4012-9390-c375680eaefe" testId="d1267b9f-28dc-2cfc-8416-edad06813463" testName="TryGetPropertyValue_NonNullableType_NotExist_ReturnsDefaultValue" computerName="DKSR-EFI-04" duration="00:00:00.0001588" startTime="2023-12-22T09:33:10.0373905+01:00" endTime="2023-12-22T09:33:10.0373905+01:00" testType="13cdc9d9-ddb5-4fa4-a97d-d965ccfc6d4b" outcome="Passed" testListId="8c84fa94-04c1-424b-9868-57a2d4851a1d" relativeResultsDirectory="e7924cb2-e2c0-4012-9390-c375680eaefe" />
    <UnitTestResult executionId="d1fdd10e-5c9c-4d1c-9b4a-e0a1416524ba" testId="719f80c9-bcdc-f6e8-1240-71ef24b45079" testName="SunClockTimeProfile_Create_Failed_Constructor" computerName="DKSR-EFI-04" duration="00:00:00.0003340" startTime="2023-12-22T09:33:09.6155117+01:00" endTime="2023-12-22T09:33:09.6155117+01:00" testType="13cdc9d9-ddb5-4fa4-a97d-d965ccfc6d4b" outcome="Passed" testListId="8c84fa94-04c1-424b-9868-57a2d4851a1d" relativeResultsDirectory="d1fdd10e-5c9c-4d1c-9b4a-e0a1416524ba" />
    <UnitTestResult executionId="216517f7-0245-4b24-a267-db0395739859" testId="c6d2604d-7793-5f04-808d-0a0653039d8d" testName="Get_GivenAnyConfiguredAddressAndConnectedSite_ShouldSuccess" computerName="DKSR-EFI-04" duration="00:00:00.0004584" startTime="2023-12-22T09:33:06.3342471+01:00" endTime="2023-12-22T09:33:06.3342471+01:00" testType="13cdc9d9-ddb5-4fa4-a97d-d965ccfc6d4b" outcome="Passed" testListId="8c84fa94-04c1-424b-9868-57a2d4851a1d" relativeResultsDirectory="216517f7-0245-4b24-a267-db0395739859" />
    <UnitTestResult executionId="2929ad43-41aa-4b0f-87f1-891027e6da54" testId="92f6d237-149c-e18a-4244-5b7b84e809f3" testName="Role_Delete_Success" computerName="DKSR-EFI-04" duration="00:00:00.0003176" startTime="2023-12-22T09:33:08.4748834+01:00" endTime="2023-12-22T09:33:08.4748834+01:00" testType="13cdc9d9-ddb5-4fa4-a97d-d965ccfc6d4b" outcome="Passed" testListId="8c84fa94-04c1-424b-9868-57a2d4851a1d" relativeResultsDirectory="2929ad43-41aa-4b0f-87f1-891027e6da54" />
    <UnitTestResult executionId="53d0fdfa-a12d-49cd-8cf6-fc1d918d4962" testId="a10509ab-f6fe-317e-d36d-69ea64c44be3" testName="TaskAddIdpAdmin_Refresh_Success" computerName="DKSR-EFI-04" duration="00:00:00.0008089" startTime="2023-12-22T09:33:08.8655105+01:00" endTime="2023-12-22T09:33:08.8655105+01:00" testType="13cdc9d9-ddb5-4fa4-a97d-d965ccfc6d4b" outcome="Passed" testListId="8c84fa94-04c1-424b-9868-57a2d4851a1d" relativeResultsDirectory="53d0fdfa-a12d-49cd-8cf6-fc1d918d4962" />
    <UnitTestResult executionId="bd45f65b-77e7-4368-aa82-c5a507c3f91c" testId="840d7e9b-a2ca-f306-6a5e-c780c2ea8bbc" testName="PerformanceStateRuleConfiguration_Undo_Success" computerName="DKSR-EFI-04" duration="00:00:00.0003347" startTime="2023-12-22T09:33:08.0530064+01:00" endTime="2023-12-22T09:33:08.0530064+01:00" testType="13cdc9d9-ddb5-4fa4-a97d-d965ccfc6d4b" outcome="Passed" testListId="8c84fa94-04c1-424b-9868-57a2d4851a1d" relativeResultsDirectory="bd45f65b-77e7-4368-aa82-c5a507c3f91c" />
    <UnitTestResult executionId="3bbf12c7-1326-40ad-8d45-9f4e1ae747b2" testId="84b2bd28-ee06-f48d-2e7d-0466ff313383" testName="ArchiveStorage_Constructor_DefaultValuesCorrect" computerName="DKSR-EFI-04" duration="00:00:00.0898718" startTime="2023-12-22T09:33:06.5061239+01:00" endTime="2023-12-22T09:33:06.5998745+01:00" testType="13cdc9d9-ddb5-4fa4-a97d-d965ccfc6d4b" outcome="Passed" testListId="8c84fa94-04c1-424b-9868-57a2d4851a1d" relativeResultsDirectory="3bbf12c7-1326-40ad-8d45-9f4e1ae747b2" />
    <UnitTestResult executionId="4fe57fea-9144-43cc-8aae-48c4e3d46e5e" testId="5373db25-0e0f-9f54-026a-a5838164bd0a" testName="Grid_SetRegionYBelowValid_Exception" computerName="DKSR-EFI-04" duration="00:00:00.0005092" startTime="2023-12-22T09:33:07.2092499+01:00" endTime="2023-12-22T09:33:07.2092499+01:00" testType="13cdc9d9-ddb5-4fa4-a97d-d965ccfc6d4b" outcome="Passed" testListId="8c84fa94-04c1-424b-9868-57a2d4851a1d" relativeResultsDirectory="4fe57fea-9144-43cc-8aae-48c4e3d46e5e" />
    <UnitTestResult executionId="e91b0690-e581-4483-a73c-a73551ccdfe7" testId="a30d82e3-d5db-d2a0-02c3-1f769a14f7a4" testName="CalendarTimeProfile_Delete_Success" computerName="DKSR-EFI-04" duration="00:00:00.0003169" startTime="2023-12-22T09:33:09.5842627+01:00" endTime="2023-12-22T09:33:09.5842627+01:00" testType="13cdc9d9-ddb5-4fa4-a97d-d965ccfc6d4b" outcome="Passed" testListId="8c84fa94-04c1-424b-9868-57a2d4851a1d" relativeResultsDirectory="e91b0690-e581-4483-a73c-a73551ccdfe7" />
    <UnitTestResult executionId="de3ac70c-4040-43f6-b8b2-9aa24dae0032" testId="e13b8db9-dc87-e9c1-3e6a-5c36a8c2318f" testName="Monitor_ActivateCamerasWithLayout_ApplyCamerasAndLayoutToMonitorViewCalled" computerName="DKSR-EFI-04" duration="00:00:00.0035571" startTime="2023-12-22T09:33:07.6467535+01:00" endTime="2023-12-22T09:33:07.6623770+01:00" testType="13cdc9d9-ddb5-4fa4-a97d-d965ccfc6d4b" outcome="Passed" testListId="8c84fa94-04c1-424b-9868-57a2d4851a1d" relativeResultsDirectory="de3ac70c-4040-43f6-b8b2-9aa24dae0032" />
    <UnitTestResult executionId="daf71ac5-e022-4cbc-b4fd-62cb328dfb09" testId="31d2aefd-e947-37df-b8f1-8e0d6dcc3845" testName="TrustedIssuer_RefreshOnUnsupportedVersion_Throws" computerName="DKSR-EFI-04" duration="00:00:00.0007426" startTime="2023-12-22T09:33:09.6623887+01:00" endTime="2023-12-22T09:33:09.6623887+01:00" testType="13cdc9d9-ddb5-4fa4-a97d-d965ccfc6d4b" outcome="Passed" testListId="8c84fa94-04c1-424b-9868-57a2d4851a1d" relativeResultsDirectory="daf71ac5-e022-4cbc-b4fd-62cb328dfb09" />
    <UnitTestResult executionId="0bc3b328-5502-4c30-87d1-eafdcb793583" testId="dba05cc8-439b-0f64-7bd1-fd8fe74dca4b" testName="RuleSource_IsCreated_Success" computerName="DKSR-EFI-04" duration="00:00:00.0002401" startTime="2023-12-22T09:33:08.5842578+01:00" endTime="2023-12-22T09:33:08.5842578+01:00" testType="13cdc9d9-ddb5-4fa4-a97d-d965ccfc6d4b" outcome="Passed" testListId="8c84fa94-04c1-424b-9868-57a2d4851a1d" relativeResultsDirectory="0bc3b328-5502-4c30-87d1-eafdcb793583" />
    <UnitTestResult executionId="cb88d762-89e3-46e8-9ca2-46d469084afc" testId="31f79dc2-9bca-ec9b-2795-435b2b714967" testName="Role_Refresh_Success" computerName="DKSR-EFI-04" duration="00:00:00.0003416" startTime="2023-12-22T09:33:08.4592582+01:00" endTime="2023-12-22T09:33:08.4592582+01:00" testType="13cdc9d9-ddb5-4fa4-a97d-d965ccfc6d4b" outcome="Passed" testListId="8c84fa94-04c1-424b-9868-57a2d4851a1d" relativeResultsDirectory="cb88d762-89e3-46e8-9ca2-46d469084afc" />
    <UnitTestResult executionId="ce9bf60c-65f2-4793-a332-78c7a33cbdbf" testId="ea54672f-d80d-e87d-2113-75f571b1f270" testName="GetSiteConnectionResultTokenExchange_StoreContainsInvalidTokenCache_ShouldRemoveItFromStore" computerName="DKSR-EFI-04" duration="00:00:00.0221933" startTime="2023-12-22T09:32:58.1779586+01:00" endTime="2023-12-22T09:32:58.2092077+01:00" testType="13cdc9d9-ddb5-4fa4-a97d-d965ccfc6d4b" outcome="Passed" testListId="8c84fa94-04c1-424b-9868-57a2d4851a1d" relativeResultsDirectory="ce9bf60c-65f2-4793-a332-78c7a33cbdbf" />
    <UnitTestResult executionId="ec4d31be-f473-405e-9935-5372df423178" testId="58683d2f-19fa-251e-90dc-e7c7a4170567" testName="Hardware_Update_Before_v70_NotSupported" computerName="DKSR-EFI-04" duration="00:00:00.0006437" startTime="2023-12-22T09:33:08.2092565+01:00" endTime="2023-12-22T09:33:08.2092565+01:00" testType="13cdc9d9-ddb5-4fa4-a97d-d965ccfc6d4b" outcome="Passed" testListId="8c84fa94-04c1-424b-9868-57a2d4851a1d" relativeResultsDirectory="ec4d31be-f473-405e-9935-5372df423178" />
    <UnitTestResult executionId="5c54b605-ab9c-45f8-8fd3-0fad2dd397ec" testId="24f9ee2c-b14d-9e29-5425-8dd2572fa7c4" testName="ExceptionConverter_GetConnectionConvertedException_Idp_LockedOutException" computerName="DKSR-EFI-04" duration="00:00:00.0006020" startTime="2023-12-22T09:33:09.9748902+01:00" endTime="2023-12-22T09:33:09.9905159+01:00" testType="13cdc9d9-ddb5-4fa4-a97d-d965ccfc6d4b" outcome="Passed" testListId="8c84fa94-04c1-424b-9868-57a2d4851a1d" relativeResultsDirectory="5c54b605-ab9c-45f8-8fd3-0fad2dd397ec" />
    <UnitTestResult executionId="73789e89-b14e-47e4-94f0-7d3ac4dd8847" testId="df4ff3c1-650e-910f-5097-47f4252b8b5e" testName="Role_Copy_Role_Check_Empty_Name" computerName="DKSR-EFI-04" duration="00:00:00.0006713" startTime="2023-12-22T09:33:08.4748834+01:00" endTime="2023-12-22T09:33:08.4905086+01:00" testType="13cdc9d9-ddb5-4fa4-a97d-d965ccfc6d4b" outcome="Passed" testListId="8c84fa94-04c1-424b-9868-57a2d4851a1d" relativeResultsDirectory="73789e89-b14e-47e4-94f0-7d3ac4dd8847" />
    <UnitTestResult executionId="e8e9d26a-6c5f-40a5-8bf9-516c288d7dca" testId="9a790be3-4e58-f6d5-ba0a-28c4f994c0b7" testName="Get_GivenConfiguredAddressesAndConnectedSite_ShouldSuccess" computerName="DKSR-EFI-04" duration="00:00:00.0008956" startTime="2023-12-22T09:33:06.3342471+01:00" endTime="2023-12-22T09:33:06.3342471+01:00" testType="13cdc9d9-ddb5-4fa4-a97d-d965ccfc6d4b" outcome="Passed" testListId="8c84fa94-04c1-424b-9868-57a2d4851a1d" relativeResultsDirectory="e8e9d26a-6c5f-40a5-8bf9-516c288d7dca" />
    <UnitTestResult executionId="381de37b-212a-4f14-93b2-e1bdf1ff0293" testId="462588c4-f379-0c6a-74ed-ba455d85852e" testName="GenericRepositoryTestGetObjectFromCache" computerName="DKSR-EFI-04" duration="00:00:00.0021316" startTime="2023-12-22T09:33:09.8811396+01:00" endTime="2023-12-22T09:33:09.8811396+01:00" testType="13cdc9d9-ddb5-4fa4-a97d-d965ccfc6d4b" outcome="Passed" testListId="8c84fa94-04c1-424b-9868-57a2d4851a1d" relativeResultsDirectory="381de37b-212a-4f14-93b2-e1bdf1ff0293" />
    <UnitTestResult executionId="aaafb3d7-7658-4fd0-b6b9-f59a9d69f832" testId="156b4fa6-3984-821f-9411-f6545248be61" testName="CalendarTimeProfile_Constructor_DefaultValuesCorrect" computerName="DKSR-EFI-04" duration="00:00:00.0018180" startTime="2023-12-22T09:33:09.5686390+01:00" endTime="2023-12-22T09:33:09.5686390+01:00" testType="13cdc9d9-ddb5-4fa4-a97d-d965ccfc6d4b" outcome="Passed" testListId="8c84fa94-04c1-424b-9868-57a2d4851a1d" relativeResultsDirectory="aaafb3d7-7658-4fd0-b6b9-f59a9d69f832" />
    <UnitTestResult executionId="184aefc0-fa38-4b6b-8b6e-df45b7ebb1d3" testId="cc624a1a-7f69-5930-0aad-f31365ddf34a" testName="ExceptionConverter_GetConnectionConvertedException_MessageSecurityException_WithInnerException" computerName="DKSR-EFI-04" duration="00:00:00.0003581" startTime="2023-12-22T09:33:09.9748902+01:00" endTime="2023-12-22T09:33:09.9748902+01:00" testType="13cdc9d9-ddb5-4fa4-a97d-d965ccfc6d4b" outcome="Passed" testListId="8c84fa94-04c1-424b-9868-57a2d4851a1d" relativeResultsDirectory="184aefc0-fa38-4b6b-8b6e-df45b7ebb1d3" />
    <UnitTestResult executionId="579e9768-8eab-4ec8-a071-b5f965de32ed" testId="cf1d76bd-7090-076c-6692-f1dc7942f270" testName="AxisOneClickCamera_Create_Success" computerName="DKSR-EFI-04" duration="00:00:00.0019302" startTime="2023-12-22T09:33:06.7405004+01:00" endTime="2023-12-22T09:33:06.7405004+01:00" testType="13cdc9d9-ddb5-4fa4-a97d-d965ccfc6d4b" outcome="Passed" testListId="8c84fa94-04c1-424b-9868-57a2d4851a1d" relativeResultsDirectory="579e9768-8eab-4ec8-a071-b5f965de32ed" />
    <UnitTestResult executionId="89733958-e8dd-4cee-af1e-f8eb0c47ab02" testId="f393049b-fe76-1e12-208d-2ed18ae35e2b" testName="ProxyClientServiceBase_CallWithRetry_NoRetry_SecurityNegotiationException" computerName="DKSR-EFI-04" duration="00:00:00.0005909" startTime="2023-12-22T09:33:10.0061418+01:00" endTime="2023-12-22T09:33:10.0061418+01:00" testType="13cdc9d9-ddb5-4fa4-a97d-d965ccfc6d4b" outcome="Passed" testListId="8c84fa94-04c1-424b-9868-57a2d4851a1d" relativeResultsDirectory="89733958-e8dd-4cee-af1e-f8eb0c47ab02" />
    <UnitTestResult executionId="37bac9cd-77a9-432b-8385-d58701e13115" testId="8fa917f0-e0d5-1266-3777-8f39996fe500" testName="Construct_InvalidParam_Site_Null_Throws_ArgumentNullException" computerName="DKSR-EFI-04" duration="00:00:00.0005940" startTime="2023-12-22T09:33:10.5686418+01:00" endTime="2023-12-22T09:33:10.5686418+01:00" testType="13cdc9d9-ddb5-4fa4-a97d-d965ccfc6d4b" outcome="Passed" testListId="8c84fa94-04c1-424b-9868-57a2d4851a1d" relativeResultsDirectory="37bac9cd-77a9-432b-8385-d58701e13115" />
    <UnitTestResult executionId="700304bd-794b-4a25-826e-aab4fc5a49ff" testId="22a6dc78-fbc2-b014-461f-87e2386d6269" testName="RecordingStorage_Validate_Encryption_Password_Success" computerName="DKSR-EFI-04" duration="00:00:00.0015830" startTime="2023-12-22T09:33:08.3186315+01:00" endTime="2023-12-22T09:33:08.3186315+01:00" testType="13cdc9d9-ddb5-4fa4-a97d-d965ccfc6d4b" outcome="Passed" testListId="8c84fa94-04c1-424b-9868-57a2d4851a1d" relativeResultsDirectory="700304bd-794b-4a25-826e-aab4fc5a49ff" />
    <UnitTestResult executionId="52cab401-1122-451e-85b0-70b87f9f7718" testId="27cd4120-ea1b-2625-e99e-bbb925727055" testName="AxisTunnelServer_Update_Success" computerName="DKSR-EFI-04" duration="00:00:00.0003673" startTime="2023-12-22T09:33:06.7717503+01:00" endTime="2023-12-22T09:33:06.7717503+01:00" testType="13cdc9d9-ddb5-4fa4-a97d-d965ccfc6d4b" outcome="Passed" testListId="8c84fa94-04c1-424b-9868-57a2d4851a1d" relativeResultsDirectory="52cab401-1122-451e-85b0-70b87f9f7718" />
    <UnitTestResult executionId="2dde55be-e5e0-451e-9366-1a231fed1c05" testId="26f9e5d4-5858-646c-c437-55028eedaaf3" testName="PatrollingProfile_InsertStepFirst_Existing_PatrollingStep_Position" computerName="DKSR-EFI-04" duration="00:00:00.0007671" startTime="2023-12-22T09:33:07.9436302+01:00" endTime="2023-12-22T09:33:07.9436302+01:00" testType="13cdc9d9-ddb5-4fa4-a97d-d965ccfc6d4b" outcome="Passed" testListId="8c84fa94-04c1-424b-9868-57a2d4851a1d" relativeResultsDirectory="2dde55be-e5e0-451e-9366-1a231fed1c05" />
    <UnitTestResult executionId="b4a50ade-de91-47dd-b583-61dd95c6cb62" testId="743c4efa-12f6-d52f-0129-8d1b422eba8f" testName="View_Clear_Success" computerName="DKSR-EFI-04" duration="00:00:00.0014500" startTime="2023-12-22T09:33:09.8186383+01:00" endTime="2023-12-22T09:33:09.8186383+01:00" testType="13cdc9d9-ddb5-4fa4-a97d-d965ccfc6d4b" outcome="Passed" testListId="8c84fa94-04c1-424b-9868-57a2d4851a1d" relativeResultsDirectory="b4a50ade-de91-47dd-b583-61dd95c6cb62" />
    <UnitTestResult executionId="6284efbc-cd87-4056-be23-9793cf64397e" testId="22305020-6199-e54c-ad68-f1aadfca8210" testName="ServerConnection_Constructor_TokenCache_Success_DefaultSettings" computerName="DKSR-EFI-04" duration="00:00:00.0039502" startTime="2023-12-22T09:33:10.1155144+01:00" endTime="2023-12-22T09:33:10.1155144+01:00" testType="13cdc9d9-ddb5-4fa4-a97d-d965ccfc6d4b" outcome="Passed" testListId="8c84fa94-04c1-424b-9868-57a2d4851a1d" relativeResultsDirectory="6284efbc-cd87-4056-be23-9793cf64397e" />
    <UnitTestResult executionId="ddd4640b-9ce4-409e-85a6-12dd087fae1a" testId="dd8694ec-fc30-7bec-b122-aa378591b358" testName="ResolveUICulture_ReturnFixedCurrentUICulture_WhenCurrentUICultureIsSet" computerName="DKSR-EFI-04" duration="00:00:00.0004746" startTime="2023-12-22T09:33:09.9123896+01:00" endTime="2023-12-22T09:33:09.9123896+01:00" testType="13cdc9d9-ddb5-4fa4-a97d-d965ccfc6d4b" outcome="Passed" testListId="8c84fa94-04c1-424b-9868-57a2d4851a1d" relativeResultsDirectory="ddd4640b-9ce4-409e-85a6-12dd087fae1a" />
    <UnitTestResult executionId="e6d8d7f7-1246-4a18-9af5-922451637fd1" testId="4d978fde-d2e4-7575-3eed-9dc58ed9998c" testName="ViewItem_Update_Success" computerName="DKSR-EFI-04" duration="00:00:00.0016183" startTime="2023-12-22T09:33:09.7562219+01:00" endTime="2023-12-22T09:33:09.7717631+01:00" testType="13cdc9d9-ddb5-4fa4-a97d-d965ccfc6d4b" outcome="Passed" testListId="8c84fa94-04c1-424b-9868-57a2d4851a1d" relativeResultsDirectory="e6d8d7f7-1246-4a18-9af5-922451637fd1" />
    <UnitTestResult executionId="b86d6d66-902f-4282-af09-8818cdd9afe4" testId="2b4dbf29-e6af-2960-d730-081d563f6630" testName="FailoverServerGroup_Constructor_DefaultValuesCorrect" computerName="DKSR-EFI-04" duration="00:00:00.0025192" startTime="2023-12-22T09:33:07.0373759+01:00" endTime="2023-12-22T09:33:07.0373759+01:00" testType="13cdc9d9-ddb5-4fa4-a97d-d965ccfc6d4b" outcome="Passed" testListId="8c84fa94-04c1-424b-9868-57a2d4851a1d" relativeResultsDirectory="b86d6d66-902f-4282-af09-8818cdd9afe4" />
    <UnitTestResult executionId="d45da8e2-02e5-48ff-85ac-740081a4c427" testId="9d170ca7-07b6-b2c8-0ded-d6e1bb43097c" testName="PrivateViewGroup_Constructor_Name_Null_Check" computerName="DKSR-EFI-04" duration="00:00:00.0006740" startTime="2023-12-22T09:33:08.0686324+01:00" endTime="2023-12-22T09:33:08.0686324+01:00" testType="13cdc9d9-ddb5-4fa4-a97d-d965ccfc6d4b" outcome="Passed" testListId="8c84fa94-04c1-424b-9868-57a2d4851a1d" relativeResultsDirectory="d45da8e2-02e5-48ff-85ac-740081a4c427" />
    <UnitTestResult executionId="e23d3e52-1c39-462d-8b6e-c6f6a09242de" testId="850c56f6-ec9e-0b01-b9be-31c9b8aac49f" testName="CameraDevice_TruncateStorage_Success" computerName="DKSR-EFI-04" duration="00:00:00.0023611" startTime="2023-12-22T09:33:08.1311321+01:00" endTime="2023-12-22T09:33:08.1311321+01:00" testType="13cdc9d9-ddb5-4fa4-a97d-d965ccfc6d4b" outcome="Passed" testListId="8c84fa94-04c1-424b-9868-57a2d4851a1d" relativeResultsDirectory="e23d3e52-1c39-462d-8b6e-c6f6a09242de" />
    <UnitTestResult executionId="f2c482d3-7d52-4d7a-aa27-a5b93cd85f3f" testId="3f6a259a-e1b2-b047-675c-86a55ef507cd" testName="SpeakerDeviceGroup_Refresh_Failed" computerName="DKSR-EFI-04" duration="00:00:00.0009173" startTime="2023-12-22T09:33:07.0220271+01:00" endTime="2023-12-22T09:33:07.0220271+01:00" testType="13cdc9d9-ddb5-4fa4-a97d-d965ccfc6d4b" outcome="Passed" testListId="8c84fa94-04c1-424b-9868-57a2d4851a1d" relativeResultsDirectory="f2c482d3-7d52-4d7a-aa27-a5b93cd85f3f" />
    <UnitTestResult executionId="fa9cf86c-0c81-477a-9353-85f909022352" testId="bcc7d418-2829-7a12-ef40-28fb4ce007aa" testName="CalendarTimeProfile_Update_Success" computerName="DKSR-EFI-04" duration="00:00:00.0004358" startTime="2023-12-22T09:33:09.5842627+01:00" endTime="2023-12-22T09:33:09.5842627+01:00" testType="13cdc9d9-ddb5-4fa4-a97d-d965ccfc6d4b" outcome="Passed" testListId="8c84fa94-04c1-424b-9868-57a2d4851a1d" relativeResultsDirectory="fa9cf86c-0c81-477a-9353-85f909022352" />
    <UnitTestResult executionId="5b535c01-e13f-4a0d-a0ff-5e620d47397a" testId="5efb6865-8b6b-60bf-8eaf-eaa558141503" testName="OutputDevice_Repository_Registered" computerName="DKSR-EFI-04" duration="00:00:00.0009600" startTime="2023-12-22T09:33:08.1780064+01:00" endTime="2023-12-22T09:33:08.1780064+01:00" testType="13cdc9d9-ddb5-4fa4-a97d-d965ccfc6d4b" outcome="Passed" testListId="8c84fa94-04c1-424b-9868-57a2d4851a1d" relativeResultsDirectory="5b535c01-e13f-4a0d-a0ff-5e620d47397a" />
    <UnitTestResult executionId="67f0f919-ddc1-414a-8c8d-34321dbc56e9" testId="6ccb17ad-4b69-52f4-3d64-f02851102017" testName="AxisTunnelServer_Delete_Success" computerName="DKSR-EFI-04" duration="00:00:00.0004502" startTime="2023-12-22T09:33:06.7717503+01:00" endTime="2023-12-22T09:33:06.7717503+01:00" testType="13cdc9d9-ddb5-4fa4-a97d-d965ccfc6d4b" outcome="Passed" testListId="8c84fa94-04c1-424b-9868-57a2d4851a1d" relativeResultsDirectory="67f0f919-ddc1-414a-8c8d-34321dbc56e9" />
    <UnitTestResult executionId="c38ae88e-f79f-4b63-ba92-536c13a61551" testId="56117679-a60b-55ff-9cc5-bd989b95e2a3" testName="OutputDeviceGroup_Refresh_Failed" computerName="DKSR-EFI-04" duration="00:00:00.0010894" startTime="2023-12-22T09:33:07.0220271+01:00" endTime="2023-12-22T09:33:07.0220271+01:00" testType="13cdc9d9-ddb5-4fa4-a97d-d965ccfc6d4b" outcome="Passed" testListId="8c84fa94-04c1-424b-9868-57a2d4851a1d" relativeResultsDirectory="c38ae88e-f79f-4b63-ba92-536c13a61551" />
    <UnitTestResult executionId="6f35089b-fb9a-4d2c-9631-0399875bf7d6" testId="2dd8d6a2-00d9-80fa-20cd-56a988793cbb" testName="FailoverServerGroup_Create_Success" computerName="DKSR-EFI-04" duration="00:00:00.0004709" startTime="2023-12-22T09:33:07.0373759+01:00" endTime="2023-12-22T09:33:07.0373759+01:00" testType="13cdc9d9-ddb5-4fa4-a97d-d965ccfc6d4b" outcome="Passed" testListId="8c84fa94-04c1-424b-9868-57a2d4851a1d" relativeResultsDirectory="6f35089b-fb9a-4d2c-9631-0399875bf7d6" />
    <UnitTestResult executionId="e95ea3d5-5477-444b-a978-41c42c632bc3" testId="df997f73-3ae4-d044-e17e-3699e0991a68" testName="Remove_SameItemTwice_ShouldSuccess" computerName="DKSR-EFI-04" duration="00:00:00.0007238" startTime="2023-12-22T09:33:06.1936229+01:00" endTime="2023-12-22T09:33:06.1936229+01:00" testType="13cdc9d9-ddb5-4fa4-a97d-d965ccfc6d4b" outcome="Passed" testListId="8c84fa94-04c1-424b-9868-57a2d4851a1d" relativeResultsDirectory="e95ea3d5-5477-444b-a978-41c42c632bc3" />
    <UnitTestResult executionId="df457a98-16e9-443b-b5a6-78c5804036ec" testId="551670e8-c4e5-0f0a-9154-0d710f6e9517" testName="SystemDashboardConfigurationuration_IsDirty_Success" computerName="DKSR-EFI-04" duration="00:00:00.0002213" startTime="2023-12-22T09:33:08.7092595+01:00" endTime="2023-12-22T09:33:08.7092595+01:00" testType="13cdc9d9-ddb5-4fa4-a97d-d965ccfc6d4b" outcome="Passed" testListId="8c84fa94-04c1-424b-9868-57a2d4851a1d" relativeResultsDirectory="df457a98-16e9-443b-b5a6-78c5804036ec" />
    <UnitTestResult executionId="793c1b8d-0e70-4a32-a2d1-606d1e234b96" testId="8570fdae-a30e-700e-4461-5f4669654249" testName="RuleSource_Update_Success" computerName="DKSR-EFI-04" duration="00:00:00.0005646" startTime="2023-12-22T09:33:08.5530080+01:00" endTime="2023-12-22T09:33:08.5530080+01:00" testType="13cdc9d9-ddb5-4fa4-a97d-d965ccfc6d4b" outcome="Passed" testListId="8c84fa94-04c1-424b-9868-57a2d4851a1d" relativeResultsDirectory="793c1b8d-0e70-4a32-a2d1-606d1e234b96" />
    <UnitTestResult executionId="3d2e2380-d382-4261-909b-2715f8a65121" testId="ab8f770d-13cc-175d-1811-f6d3fd48a4fc" testName="ManagementServer_AttachMasterSite_Called" computerName="DKSR-EFI-04" duration="00:00:00.0020889" startTime="2023-12-22T09:33:07.3342529+01:00" endTime="2023-12-22T09:33:07.3498761+01:00" testType="13cdc9d9-ddb5-4fa4-a97d-d965ccfc6d4b" outcome="Passed" testListId="8c84fa94-04c1-424b-9868-57a2d4851a1d" relativeResultsDirectory="3d2e2380-d382-4261-909b-2715f8a65121" />
    <UnitTestResult executionId="a01f4fa1-4f35-43ef-98c7-c8cb6b5c8c75" testId="e25121b3-b4d1-3721-64e9-8d8b5c315127" testName="ExceptionConverter_GetConnectionConvertedException_CommunicationException_Derived" computerName="DKSR-EFI-04" duration="00:00:00.0003127" startTime="2023-12-22T09:33:09.9748902+01:00" endTime="2023-12-22T09:33:09.9748902+01:00" testType="13cdc9d9-ddb5-4fa4-a97d-d965ccfc6d4b" outcome="Passed" testListId="8c84fa94-04c1-424b-9868-57a2d4851a1d" relativeResultsDirectory="a01f4fa1-4f35-43ef-98c7-c8cb6b5c8c75" />
    <UnitTestResult executionId="b0df6c80-79ea-4f2b-a8d9-b4454a3b38d3" testId="a9942bf9-ad80-f9e6-0ebd-05117b305a07" testName="BasicOwnerInfo_Delete_CheckVersionCalled" computerName="DKSR-EFI-04" duration="00:00:00.0002444" startTime="2023-12-22T09:33:06.8342507+01:00" endTime="2023-12-22T09:33:06.8342507+01:00" testType="13cdc9d9-ddb5-4fa4-a97d-d965ccfc6d4b" outcome="Passed" testListId="8c84fa94-04c1-424b-9868-57a2d4851a1d" relativeResultsDirectory="b0df6c80-79ea-4f2b-a8d9-b4454a3b38d3" />
    <UnitTestResult executionId="5f878bcc-a2eb-4cd4-8fc9-8bb00a421ccf" testId="ea4efef3-0f34-a49f-40d1-0a7ff0989172" testName="Monitor_Update_Success" computerName="DKSR-EFI-04" duration="00:00:00.0004764" startTime="2023-12-22T09:33:07.5842564+01:00" endTime="2023-12-22T09:33:07.5842564+01:00" testType="13cdc9d9-ddb5-4fa4-a97d-d965ccfc6d4b" outcome="Passed" testListId="8c84fa94-04c1-424b-9868-57a2d4851a1d" relativeResultsDirectory="5f878bcc-a2eb-4cd4-8fc9-8bb00a421ccf" />
    <UnitTestResult executionId="7e5b812e-de82-45e1-ac0b-af04c69ca14a" testId="2b58c7ad-d6f1-b833-8ddd-93d42f9b19bc" testName="ServerVersionConstructor_NegativeRevision_Failure" computerName="DKSR-EFI-04" duration="00:00:00.0005745" startTime="2023-12-22T09:32:55.9591976+01:00" endTime="2023-12-22T09:32:55.9591976+01:00" testType="13cdc9d9-ddb5-4fa4-a97d-d965ccfc6d4b" outcome="Passed" testListId="8c84fa94-04c1-424b-9868-57a2d4851a1d" relativeResultsDirectory="7e5b812e-de82-45e1-ac0b-af04c69ca14a" />
    <UnitTestResult executionId="d3b63a42-2dff-46c3-80d3-a046abb5bd91" testId="5ea7cb00-b892-f1fd-b62e-cc236ff5ad70" testName="ManagementServer_DetachChildSite_ArgumentNullException" computerName="DKSR-EFI-04" duration="00:00:00.0014279" startTime="2023-12-22T09:33:07.3186277+01:00" endTime="2023-12-22T09:33:07.3186277+01:00" testType="13cdc9d9-ddb5-4fa4-a97d-d965ccfc6d4b" outcome="Passed" testListId="8c84fa94-04c1-424b-9868-57a2d4851a1d" relativeResultsDirectory="d3b63a42-2dff-46c3-80d3-a046abb5bd91" />
    <UnitTestResult executionId="07c13b17-ca48-4702-9cef-9bd27ed4df20" testId="25a5ab42-4069-42e8-44fe-e6aa176b4883" testName="BasicUser_Constructor_CheckForVersion_6_0_and_throws" computerName="DKSR-EFI-04" duration="00:00:00.0007049" startTime="2023-12-22T09:33:06.8498751+01:00" endTime="2023-12-22T09:33:06.8498751+01:00" testType="13cdc9d9-ddb5-4fa4-a97d-d965ccfc6d4b" outcome="Passed" testListId="8c84fa94-04c1-424b-9868-57a2d4851a1d" relativeResultsDirectory="07c13b17-ca48-4702-9cef-9bd27ed4df20" />
    <UnitTestResult executionId="1300bde7-0021-45c1-a081-7a6fa6976ebb" testId="197237f7-590e-67dd-1857-7966b8744641" testName="TryGetPropertyValue_Enum_NotExist_ReturnsDefaultValue" computerName="DKSR-EFI-04" duration="00:00:00.0041009" startTime="2023-12-22T09:33:10.0373905+01:00" endTime="2023-12-22T09:33:10.0373905+01:00" testType="13cdc9d9-ddb5-4fa4-a97d-d965ccfc6d4b" outcome="Passed" testListId="8c84fa94-04c1-424b-9868-57a2d4851a1d" relativeResultsDirectory="1300bde7-0021-45c1-a081-7a6fa6976ebb" />
    <UnitTestResult executionId="ace1cdec-c052-43f3-bda4-c79dc377b99c" testId="8a800ddd-8838-3308-4cf6-d393b15715b7" testName="ThrowExceptionIfProtocolIsNotAllowed_NonSecureProtocol_NonSecureAllowed_DoesNothing" computerName="DKSR-EFI-04" duration="00:00:00.0002223" startTime="2023-12-22T09:32:58.5060882+01:00" endTime="2023-12-22T09:32:58.5060882+01:00" testType="13cdc9d9-ddb5-4fa4-a97d-d965ccfc6d4b" outcome="Passed" testListId="8c84fa94-04c1-424b-9868-57a2d4851a1d" relativeResultsDirectory="ace1cdec-c052-43f3-bda4-c79dc377b99c" />
    <UnitTestResult executionId="5a019fa3-a4cb-4301-8932-2e587d396dbd" testId="e9f1c1b3-1720-4319-f203-5b4b4c0ae31e" testName="Recorder_Repository_Registered" computerName="DKSR-EFI-04" duration="00:00:00.0002824" startTime="2023-12-22T09:33:08.2561309+01:00" endTime="2023-12-22T09:33:08.2561309+01:00" testType="13cdc9d9-ddb5-4fa4-a97d-d965ccfc6d4b" outcome="Passed" testListId="8c84fa94-04c1-424b-9868-57a2d4851a1d" relativeResultsDirectory="5a019fa3-a4cb-4301-8932-2e587d396dbd" />
    <UnitTestResult executionId="de4d97c1-fab9-4cb9-9881-678352174a3c" testId="9f0539bf-ce45-b539-b660-e1feb45dcbd7" testName="GetSiteConnectionResult_GivenWorkingHttpAddressInRegistry_ShouldTryOnlyThatAddressAndReturnSucccess" computerName="DKSR-EFI-04" duration="00:00:00.0459403" startTime="2023-12-22T09:32:56.9748280+01:00" endTime="2023-12-22T09:32:57.0217029+01:00" testType="13cdc9d9-ddb5-4fa4-a97d-d965ccfc6d4b" outcome="Passed" testListId="8c84fa94-04c1-424b-9868-57a2d4851a1d" relativeResultsDirectory="de4d97c1-fab9-4cb9-9881-678352174a3c" />
    <UnitTestResult executionId="20c52caa-2906-4e64-817b-f66d60dcd7e4" testId="1ca8cc07-4e6e-b881-0a4e-6e0b13bdb304" testName="BasicUser_Change_Password_Check_Object_Created" computerName="DKSR-EFI-04" duration="00:00:00.0007073" startTime="2023-12-22T09:33:06.8811271+01:00" endTime="2023-12-22T09:33:06.8967491+01:00" testType="13cdc9d9-ddb5-4fa4-a97d-d965ccfc6d4b" outcome="Passed" testListId="8c84fa94-04c1-424b-9868-57a2d4851a1d" relativeResultsDirectory="20c52caa-2906-4e64-817b-f66d60dcd7e4" />
    <UnitTestResult executionId="7ef54c86-4a1c-4fcb-897d-c75ef8ff65a6" testId="99040f86-22f7-5e2f-b0c0-fc6c603f2df3" testName="TryConnectLegacy_GivenUnexpectedServerId_ShouldDisconnectDisposeAllAndReturnNull" computerName="DKSR-EFI-04" duration="00:00:00.0074180" startTime="2023-12-22T09:33:06.4748747+01:00" endTime="2023-12-22T09:33:06.4748747+01:00" testType="13cdc9d9-ddb5-4fa4-a97d-d965ccfc6d4b" outcome="Passed" testListId="8c84fa94-04c1-424b-9868-57a2d4851a1d" relativeResultsDirectory="7ef54c86-4a1c-4fcb-897d-c75ef8ff65a6" />
    <UnitTestResult executionId="c7ddfef9-e4db-456c-b6ff-b9739ff6e3ab" testId="916ee6c4-db86-01ee-dceb-fc3733d78c0f" testName="BasicOwnerInfo_Constructor_Order_Empty_Check" computerName="DKSR-EFI-04" duration="00:00:00.0010341" startTime="2023-12-22T09:33:06.8030000+01:00" endTime="2023-12-22T09:33:06.8030000+01:00" testType="13cdc9d9-ddb5-4fa4-a97d-d965ccfc6d4b" outcome="Passed" testListId="8c84fa94-04c1-424b-9868-57a2d4851a1d" relativeResultsDirectory="c7ddfef9-e4db-456c-b6ff-b9739ff6e3ab" />
    <UnitTestResult executionId="73bc4ffc-96fb-4ba8-8d1e-70a79f8072f0" testId="7f79b5d5-b81f-6e95-52cd-d60a51ecbad9" testName="MarkedData_Update_Success" computerName="DKSR-EFI-04" duration="00:00:00.0012997" startTime="2023-12-22T09:33:07.3967549+01:00" endTime="2023-12-22T09:33:07.4123780+01:00" testType="13cdc9d9-ddb5-4fa4-a97d-d965ccfc6d4b" outcome="Passed" testListId="8c84fa94-04c1-424b-9868-57a2d4851a1d" relativeResultsDirectory="73bc4ffc-96fb-4ba8-8d1e-70a79f8072f0" />
    <UnitTestResult executionId="1ad754b6-eef1-41a1-989a-997fe40145a1" testId="e0abc56f-7d42-6359-24f3-9a5cc4c951e3" testName="Role_Remove_Member_No_Exception_If_User_Not_Exists" computerName="DKSR-EFI-04" duration="00:00:00.0005436" startTime="2023-12-22T09:33:08.5217583+01:00" endTime="2023-12-22T09:33:08.5217583+01:00" testType="13cdc9d9-ddb5-4fa4-a97d-d965ccfc6d4b" outcome="Passed" testListId="8c84fa94-04c1-424b-9868-57a2d4851a1d" relativeResultsDirectory="1ad754b6-eef1-41a1-989a-997fe40145a1" />
    <UnitTestResult executionId="261ff5a3-9a52-4fc8-b394-6de4a1f97fab" testId="991a207f-8218-8e85-a46c-6261735a3316" testName="ServerVersionConstructor_NegativeMajor_Failure" computerName="DKSR-EFI-04" duration="00:00:00.0023757" startTime="2023-12-22T09:32:55.9591976+01:00" endTime="2023-12-22T09:32:55.9591976+01:00" testType="13cdc9d9-ddb5-4fa4-a97d-d965ccfc6d4b" outcome="Passed" testListId="8c84fa94-04c1-424b-9868-57a2d4851a1d" relativeResultsDirectory="261ff5a3-9a52-4fc8-b394-6de4a1f97fab" />
    <UnitTestResult executionId="2ff7c421-ba6a-4b20-b57a-9d965430d942" testId="05c947a0-95bd-ca71-a66e-7291db4595b9" testName="GetIdpInfo_GivenAddressAndCancellationRequest_ShouldCancel" computerName="DKSR-EFI-04" duration="00:00:00.0096866" startTime="2023-12-22T09:32:58.5685868+01:00" endTime="2023-12-22T09:32:58.5842103+01:00" testType="13cdc9d9-ddb5-4fa4-a97d-d965ccfc6d4b" outcome="Passed" testListId="8c84fa94-04c1-424b-9868-57a2d4851a1d" relativeResultsDirectory="2ff7c421-ba6a-4b20-b57a-9d965430d942" />
    <UnitTestResult executionId="2146b9cb-51dc-4171-b063-a8a0f766ae32" testId="d8e00839-07fc-237d-a5d8-f9e9120c6d7f" testName="Hardware_Driver_Version_Construct_Device_Pack_Driver2" computerName="DKSR-EFI-04" duration="00:00:00.0002311" startTime="2023-12-22T09:33:08.1936328+01:00" endTime="2023-12-22T09:33:08.1936328+01:00" testType="13cdc9d9-ddb5-4fa4-a97d-d965ccfc6d4b" outcome="Passed" testListId="8c84fa94-04c1-424b-9868-57a2d4851a1d" relativeResultsDirectory="2146b9cb-51dc-4171-b063-a8a0f766ae32" />
    <UnitTestResult executionId="23bb642c-fa93-4e1e-b9d0-471649231eb6" testId="6ac14754-ba3b-e9e4-7cf6-f99baa850490" testName="AddAddressesWithInvalidScheme_GivenInvalidAddressOnly_ShouldReturnFail" computerName="DKSR-EFI-04" duration="00:00:00.0004915" startTime="2023-12-22T09:32:58.3810832+01:00" endTime="2023-12-22T09:32:58.3810832+01:00" testType="13cdc9d9-ddb5-4fa4-a97d-d965ccfc6d4b" outcome="Passed" testListId="8c84fa94-04c1-424b-9868-57a2d4851a1d" relativeResultsDirectory="23bb642c-fa93-4e1e-b9d0-471649231eb6" />
    <UnitTestResult executionId="d0f58b49-67ca-4f48-bd33-4ff0d7ad4071" testId="58be467a-6654-0e35-1e10-a4374a8d6062" testName="FailoverServer_Constructor_RecordingServerServiceId_Null_Check" computerName="DKSR-EFI-04" duration="00:00:00.0008451" startTime="2023-12-22T09:33:07.1311246+01:00" endTime="2023-12-22T09:33:07.1311246+01:00" testType="13cdc9d9-ddb5-4fa4-a97d-d965ccfc6d4b" outcome="Passed" testListId="8c84fa94-04c1-424b-9868-57a2d4851a1d" relativeResultsDirectory="d0f58b49-67ca-4f48-bd33-4ff0d7ad4071" />
    <UnitTestResult executionId="38732059-2f27-4ea9-9d2b-e44439d676bb" testId="592f1381-1b1e-d339-7eb0-253d41ee0dc5" testName="SystemDashboardConfigurationuration_Refresh_Success" computerName="DKSR-EFI-04" duration="00:00:00.0004694" startTime="2023-12-22T09:33:08.6936346+01:00" endTime="2023-12-22T09:33:08.6936346+01:00" testType="13cdc9d9-ddb5-4fa4-a97d-d965ccfc6d4b" outcome="Passed" testListId="8c84fa94-04c1-424b-9868-57a2d4851a1d" relativeResultsDirectory="38732059-2f27-4ea9-9d2b-e44439d676bb" />
    <UnitTestResult executionId="f177c9b3-f725-4cba-b9fb-9b8d5317f5a4" testId="33bf6601-a349-59bb-09bd-db35fdc456d8" testName="StorageInformation_WithoutAnyTablesWithData_DefaultValue" computerName="DKSR-EFI-04" duration="00:00:00.0057316" startTime="2023-12-22T09:33:10.0530153+01:00" endTime="2023-12-22T09:33:10.0530153+01:00" testType="13cdc9d9-ddb5-4fa4-a97d-d965ccfc6d4b" outcome="Passed" testListId="8c84fa94-04c1-424b-9868-57a2d4851a1d" relativeResultsDirectory="f177c9b3-f725-4cba-b9fb-9b8d5317f5a4" />
    <UnitTestResult executionId="fd35eba2-f2f7-471c-a5ad-56bede62feed" testId="6c9335fb-eb25-994a-5a75-b57264e3a6ac" testName="TryConnectLegacy_GivenSuccess_ShouldReturnVmoClient" computerName="DKSR-EFI-04" duration="00:00:00.0072324" startTime="2023-12-22T09:33:06.4592491+01:00" endTime="2023-12-22T09:33:06.4592491+01:00" testType="13cdc9d9-ddb5-4fa4-a97d-d965ccfc6d4b" outcome="Passed" testListId="8c84fa94-04c1-424b-9868-57a2d4851a1d" relativeResultsDirectory="fd35eba2-f2f7-471c-a5ad-56bede62feed" />
    <UnitTestResult executionId="88aca49f-64d7-4943-8d3a-98bd7a9afb7c" testId="578b66cf-7c0f-d4f3-e487-f16b179e6e14" testName="PublicViewGroup_Constructor_Name_Null_Check" computerName="DKSR-EFI-04" duration="00:00:00.0006437" startTime="2023-12-22T09:33:08.0842563+01:00" endTime="2023-12-22T09:33:08.0842563+01:00" testType="13cdc9d9-ddb5-4fa4-a97d-d965ccfc6d4b" outcome="Passed" testListId="8c84fa94-04c1-424b-9868-57a2d4851a1d" relativeResultsDirectory="88aca49f-64d7-4943-8d3a-98bd7a9afb7c" />
    <UnitTestResult executionId="fd801dcf-b875-4e63-b95c-5754354d2e79" testId="37cd8d03-e1c8-ddea-a38c-7816c97e5aa0" testName="ServerVersionConstructor_GreaterOrEqual_Success" computerName="DKSR-EFI-04" duration="00:00:00.0004445" startTime="2023-12-22T09:32:56.0529494+01:00" endTime="2023-12-22T09:32:56.0529494+01:00" testType="13cdc9d9-ddb5-4fa4-a97d-d965ccfc6d4b" outcome="Passed" testListId="8c84fa94-04c1-424b-9868-57a2d4851a1d" relativeResultsDirectory="fd801dcf-b875-4e63-b95c-5754354d2e79" />
    <UnitTestResult executionId="b0882fbd-0ead-4f38-8159-2e97c246138d" testId="825874b1-d7aa-3f36-6cf4-311e96f43c2f" testName="GetHighPriorityError_GivenForbiddenException_ReturnsForbiddenException" computerName="DKSR-EFI-04" duration="00:00:00.0174959" startTime="2023-12-22T09:32:56.6623275+01:00" endTime="2023-12-22T09:32:56.6779527+01:00" testType="13cdc9d9-ddb5-4fa4-a97d-d965ccfc6d4b" outcome="Passed" testListId="8c84fa94-04c1-424b-9868-57a2d4851a1d" relativeResultsDirectory="b0882fbd-0ead-4f38-8159-2e97c246138d" />
    <UnitTestResult executionId="4aa39815-9e72-430c-9679-9473679eec7f" testId="7d742982-add9-28eb-7559-102170fb1882" testName="TaskArchiving_InternalCreate_Success" computerName="DKSR-EFI-04" duration="00:00:00.0010808" startTime="2023-12-22T09:33:08.8811356+01:00" endTime="2023-12-22T09:33:08.8811356+01:00" testType="13cdc9d9-ddb5-4fa4-a97d-d965ccfc6d4b" outcome="Passed" testListId="8c84fa94-04c1-424b-9868-57a2d4851a1d" relativeResultsDirectory="4aa39815-9e72-430c-9679-9473679eec7f" />
    <UnitTestResult executionId="348f2c0b-6e59-4e10-9bb5-97b91d8a5092" testId="4a4d9501-6b9c-d98c-f56b-97acb3a1a103" testName="Grid_InsertSameRegion_NotInserted" computerName="DKSR-EFI-04" duration="00:00:00.0001719" startTime="2023-12-22T09:33:07.2405019+01:00" endTime="2023-12-22T09:33:07.2405019+01:00" testType="13cdc9d9-ddb5-4fa4-a97d-d965ccfc6d4b" outcome="Passed" testListId="8c84fa94-04c1-424b-9868-57a2d4851a1d" relativeResultsDirectory="348f2c0b-6e59-4e10-9bb5-97b91d8a5092" />
    <UnitTestResult executionId="ba430a40-57c8-4d81-9ceb-27177f1539c0" testId="17a67cf2-951a-4ded-a6f8-60f2333f5a18" testName="GetSiteConnectionResultTokenExchange_AllHttpAddressesAndNotAllowHttp_Fail" computerName="DKSR-EFI-04" duration="00:00:00.0075407" startTime="2023-12-22T09:32:58.1467089+01:00" endTime="2023-12-22T09:32:58.1623327+01:00" testType="13cdc9d9-ddb5-4fa4-a97d-d965ccfc6d4b" outcome="Passed" testListId="8c84fa94-04c1-424b-9868-57a2d4851a1d" relativeResultsDirectory="ba430a40-57c8-4d81-9ceb-27177f1539c0" />
    <UnitTestResult executionId="8c17ca0b-4a62-44e8-8203-eebe0f631a50" testId="9ef9d6a5-0f89-100e-3120-b37de812220f" testName="TaskRequestEdgeStorage_Refresh_Success" computerName="DKSR-EFI-04" duration="00:00:00.0015422" startTime="2023-12-22T09:33:09.5061387+01:00" endTime="2023-12-22T09:33:09.5217642+01:00" testType="13cdc9d9-ddb5-4fa4-a97d-d965ccfc6d4b" outcome="Passed" testListId="8c84fa94-04c1-424b-9868-57a2d4851a1d" relativeResultsDirectory="8c17ca0b-4a62-44e8-8203-eebe0f631a50" />
    <UnitTestResult executionId="96376452-317d-41e8-be8c-6650f30cd09b" testId="03c3979f-1540-1292-3feb-1eb1dca1645f" testName="AxisOneClickCamera_Constructor_DefaultValuesCorrect" computerName="DKSR-EFI-04" duration="00:00:00.0127287" startTime="2023-12-22T09:33:06.7248735+01:00" endTime="2023-12-22T09:33:06.7405004+01:00" testType="13cdc9d9-ddb5-4fa4-a97d-d965ccfc6d4b" outcome="Passed" testListId="8c84fa94-04c1-424b-9868-57a2d4851a1d" relativeResultsDirectory="96376452-317d-41e8-be8c-6650f30cd09b" />
    <UnitTestResult executionId="91e247e9-c9b2-478b-9d51-fe4a950ec103" testId="1631baa5-9f8e-cd43-391f-bd6c48e5df61" testName="CalendarTimeProfile_Repository_Registered" computerName="DKSR-EFI-04" duration="00:00:00.0003100" startTime="2023-12-22T09:33:09.5998886+01:00" endTime="2023-12-22T09:33:09.5998886+01:00" testType="13cdc9d9-ddb5-4fa4-a97d-d965ccfc6d4b" outcome="Passed" testListId="8c84fa94-04c1-424b-9868-57a2d4851a1d" relativeResultsDirectory="91e247e9-c9b2-478b-9d51-fe4a950ec103" />
    <UnitTestResult executionId="26cf7315-d563-4f1d-b183-d40069189b5b" testId="dd161ebe-5efc-a6b2-49d8-a26b980caef2" testName="TaskSetEncryptionMethod_StartNew_Success" computerName="DKSR-EFI-04" duration="00:00:00.0055035" startTime="2023-12-22T09:33:09.5373889+01:00" endTime="2023-12-22T09:33:09.5530125+01:00" testType="13cdc9d9-ddb5-4fa4-a97d-d965ccfc6d4b" outcome="Passed" testListId="8c84fa94-04c1-424b-9868-57a2d4851a1d" relativeResultsDirectory="26cf7315-d563-4f1d-b183-d40069189b5b" />
    <UnitTestResult executionId="2ff7989d-5b9a-45b9-aa8b-72831bf423f1" testId="90d24614-d5fb-3703-283e-d3349071d86f" testName="ViewLayout_UpdateCustomProperties_PropertiesSaved" computerName="DKSR-EFI-04" duration="00:00:00.0045856" startTime="2023-12-22T09:33:09.7873899+01:00" endTime="2023-12-22T09:33:09.7873899+01:00" testType="13cdc9d9-ddb5-4fa4-a97d-d965ccfc6d4b" outcome="Passed" testListId="8c84fa94-04c1-424b-9868-57a2d4851a1d" relativeResultsDirectory="2ff7989d-5b9a-45b9-aa8b-72831bf423f1" />
    <UnitTestResult executionId="23432669-35ac-4300-8cda-c5c667148cc0" testId="62d8fab5-ff76-4fb1-de87-1f64f6a438e1" testName="MIPObject_Constructor_DefaultValuesCorrect" computerName="DKSR-EFI-04" duration="00:00:00.0012833" startTime="2023-12-22T09:33:07.5217518+01:00" endTime="2023-12-22T09:33:07.5217518+01:00" testType="13cdc9d9-ddb5-4fa4-a97d-d965ccfc6d4b" outcome="Passed" testListId="8c84fa94-04c1-424b-9868-57a2d4851a1d" relativeResultsDirectory="23432669-35ac-4300-8cda-c5c667148cc0" />
    <UnitTestResult executionId="57052765-6bd5-4fe2-ac37-a165db871c11" testId="2831d34d-42eb-1c85-a174-a1b3b1f5bc8c" testName="TaskDeleteIdpAdmin_Refresh_Success" computerName="DKSR-EFI-04" duration="00:00:00.0007338" startTime="2023-12-22T09:33:09.4592627+01:00" endTime="2023-12-22T09:33:09.4592627+01:00" testType="13cdc9d9-ddb5-4fa4-a97d-d965ccfc6d4b" outcome="Passed" testListId="8c84fa94-04c1-424b-9868-57a2d4851a1d" relativeResultsDirectory="57052765-6bd5-4fe2-ac37-a165db871c11" />
    <UnitTestResult executionId="664fc634-a133-4fe4-996b-d3d3a43654b3" testId="a4263f00-cdbf-b301-109b-a87ad30f69f1" testName="ProxyClientServiceBase_CallWithRetry_NoRetry_UnknownException" computerName="DKSR-EFI-04" duration="00:00:00.0005028" startTime="2023-12-22T09:33:10.0217649+01:00" endTime="2023-12-22T09:33:10.0217649+01:00" testType="13cdc9d9-ddb5-4fa4-a97d-d965ccfc6d4b" outcome="Passed" testListId="8c84fa94-04c1-424b-9868-57a2d4851a1d" relativeResultsDirectory="664fc634-a133-4fe4-996b-d3d3a43654b3" />
    <UnitTestResult executionId="76f07811-cf80-42ce-bfe6-aeea7bd356e9" testId="ef7ede63-3b8a-d738-a6f5-5406c4c50b46" testName="MonitorPreset_Refresh_Success" computerName="DKSR-EFI-04" duration="00:00:00.0006590" startTime="2023-12-22T09:33:07.5530046+01:00" endTime="2023-12-22T09:33:07.5530046+01:00" testType="13cdc9d9-ddb5-4fa4-a97d-d965ccfc6d4b" outcome="Passed" testListId="8c84fa94-04c1-424b-9868-57a2d4851a1d" relativeResultsDirectory="76f07811-cf80-42ce-bfe6-aeea7bd356e9" />
    <UnitTestResult executionId="a6619c8c-6ba2-4a92-b178-87ce4c237474" testId="bb86fea9-7da6-130a-f030-ab2f12efbf97" testName="FailoverServerGroup_ConstructorWithParent_DefaultValuesCorrect" computerName="DKSR-EFI-04" duration="00:00:00.0005962" startTime="2023-12-22T09:33:07.0373759+01:00" endTime="2023-12-22T09:33:07.0373759+01:00" testType="13cdc9d9-ddb5-4fa4-a97d-d965ccfc6d4b" outcome="Passed" testListId="8c84fa94-04c1-424b-9868-57a2d4851a1d" relativeResultsDirectory="a6619c8c-6ba2-4a92-b178-87ce4c237474" />
    <UnitTestResult executionId="ed23bdb0-b5d2-4cb9-a005-e063c415f150" testId="b910e38f-69a8-b424-3d33-d20131ab1948" testName="Grid_FillAll_Success" computerName="DKSR-EFI-04" duration="00:00:00.0024530" startTime="2023-12-22T09:33:07.1780013+01:00" endTime="2023-12-22T09:33:07.1780013+01:00" testType="13cdc9d9-ddb5-4fa4-a97d-d965ccfc6d4b" outcome="Passed" testListId="8c84fa94-04c1-424b-9868-57a2d4851a1d" relativeResultsDirectory="ed23bdb0-b5d2-4cb9-a005-e063c415f150" />
    <UnitTestResult executionId="834ca26e-cb43-4e3e-93e4-bb8ad0461990" testId="5cc4f7a1-fc05-ad19-6f74-4756de5fc614" testName="Constructor_GivenNullSiteConnectorOAuth_ShouldThrow" computerName="DKSR-EFI-04" duration="00:00:00.0047525" startTime="2023-12-22T09:32:58.3967111+01:00" endTime="2023-12-22T09:32:58.4123362+01:00" testType="13cdc9d9-ddb5-4fa4-a97d-d965ccfc6d4b" outcome="Passed" testListId="8c84fa94-04c1-424b-9868-57a2d4851a1d" relativeResultsDirectory="834ca26e-cb43-4e3e-93e4-bb8ad0461990" />
    <UnitTestResult executionId="8246cbb1-f256-4e4d-a23d-978481a72f85" testId="b60f3791-8411-dd00-0dc7-0028c0393bed" testName="MetadataDevice_Repository_Registered" computerName="DKSR-EFI-04" duration="00:00:00.0009639" startTime="2023-12-22T09:33:08.1780064+01:00" endTime="2023-12-22T09:33:08.1780064+01:00" testType="13cdc9d9-ddb5-4fa4-a97d-d965ccfc6d4b" outcome="Passed" testListId="8c84fa94-04c1-424b-9868-57a2d4851a1d" relativeResultsDirectory="8246cbb1-f256-4e4d-a23d-978481a72f85" />
    <UnitTestResult executionId="d3901e1d-bd50-4af0-95c8-9d830d8c8adb" testId="27b51024-8539-93fa-9d5d-982c0ad3d02a" testName="FailoverServer_Refresh_Failed" computerName="DKSR-EFI-04" duration="00:00:00.0008323" startTime="2023-12-22T09:33:07.1467497+01:00" endTime="2023-12-22T09:33:07.1467497+01:00" testType="13cdc9d9-ddb5-4fa4-a97d-d965ccfc6d4b" outcome="Passed" testListId="8c84fa94-04c1-424b-9868-57a2d4851a1d" relativeResultsDirectory="d3901e1d-bd50-4af0-95c8-9d830d8c8adb" />
    <UnitTestResult executionId="f945a00c-eaf4-4dae-aecd-b6cc47338124" testId="04bf2fb8-7598-994c-b5b5-2f5e87f4a0b4" testName="ManagementServer_CreateReference_ArgumentException_DeviceNotCreated" computerName="DKSR-EFI-04" duration="00:00:00.0019471" startTime="2023-12-22T09:33:07.3655020+01:00" endTime="2023-12-22T09:33:07.3655020+01:00" testType="13cdc9d9-ddb5-4fa4-a97d-d965ccfc6d4b" outcome="Passed" testListId="8c84fa94-04c1-424b-9868-57a2d4851a1d" relativeResultsDirectory="f945a00c-eaf4-4dae-aecd-b6cc47338124" />
    <UnitTestResult executionId="0990d641-b59b-4b02-9917-c5f17fd248f3" testId="b63b0257-57f4-c0a1-7d73-1ecf4d6aae48" testName="TaskDeleteArchiveStorage_Refresh_Success" computerName="DKSR-EFI-04" duration="00:00:00.0012957" startTime="2023-12-22T09:33:09.4436370+01:00" endTime="2023-12-22T09:33:09.4436370+01:00" testType="13cdc9d9-ddb5-4fa4-a97d-d965ccfc6d4b" outcome="Passed" testListId="8c84fa94-04c1-424b-9868-57a2d4851a1d" relativeResultsDirectory="0990d641-b59b-4b02-9917-c5f17fd248f3" />
    <UnitTestResult executionId="6e7434a6-82ea-44cd-bf16-31570ccb4199" testId="5800465d-46a5-5773-cf9a-3a02d11bfc1d" testName="RuleSource_Create_CheckVersionCalled" computerName="DKSR-EFI-04" duration="00:00:00.0004566" startTime="2023-12-22T09:33:08.5530080+01:00" endTime="2023-12-22T09:33:08.5530080+01:00" testType="13cdc9d9-ddb5-4fa4-a97d-d965ccfc6d4b" outcome="Passed" testListId="8c84fa94-04c1-424b-9868-57a2d4851a1d" relativeResultsDirectory="6e7434a6-82ea-44cd-bf16-31570ccb4199" />
    <UnitTestResult executionId="bee494d5-0693-47d0-a802-2c6df587239a" testId="bb873d99-d2ac-ba90-f328-04a24d707bcd" testName="Construct_InvalidParam_ClientId_Null_Throws_ArgumentNullException" computerName="DKSR-EFI-04" duration="00:00:00.0008789" startTime="2023-12-22T09:33:10.6000036+01:00" endTime="2023-12-22T09:33:10.6000036+01:00" testType="13cdc9d9-ddb5-4fa4-a97d-d965ccfc6d4b" outcome="Passed" testListId="8c84fa94-04c1-424b-9868-57a2d4851a1d" relativeResultsDirectory="bee494d5-0693-47d0-a802-2c6df587239a" />
    <UnitTestResult executionId="a606d838-c495-4285-822b-50427db8b557" testId="0ebe1128-9d18-fd18-cb20-dde5231be97c" testName="PrivateViewGroupp_Update_Success" computerName="DKSR-EFI-04" duration="00:00:00.0002728" startTime="2023-12-22T09:33:08.0686324+01:00" endTime="2023-12-22T09:33:08.0686324+01:00" testType="13cdc9d9-ddb5-4fa4-a97d-d965ccfc6d4b" outcome="Passed" testListId="8c84fa94-04c1-424b-9868-57a2d4851a1d" relativeResultsDirectory="a606d838-c495-4285-822b-50427db8b557" />
    <UnitTestResult executionId="da9d6a97-9422-4fe1-9a36-38368a2a85b0" testId="5c387d2c-df71-396e-fabc-f8fb7380fc52" testName="FailoverServerGroup_Delete_Failed" computerName="DKSR-EFI-04" duration="00:00:00.0006695" startTime="2023-12-22T09:33:07.0530005+01:00" endTime="2023-12-22T09:33:07.0530005+01:00" testType="13cdc9d9-ddb5-4fa4-a97d-d965ccfc6d4b" outcome="Passed" testListId="8c84fa94-04c1-424b-9868-57a2d4851a1d" relativeResultsDirectory="da9d6a97-9422-4fe1-9a36-38368a2a85b0" />
    <UnitTestResult executionId="bb33a8ee-57e4-4d66-84d5-746f6975d817" testId="0a125d4c-5bf7-88a7-f84d-9193442e4879" testName="SystemDashboardConfiguration_Create_Success" computerName="DKSR-EFI-04" duration="00:00:00.0002393" startTime="2023-12-22T09:33:08.6467582+01:00" endTime="2023-12-22T09:33:08.6467582+01:00" testType="13cdc9d9-ddb5-4fa4-a97d-d965ccfc6d4b" outcome="Passed" testListId="8c84fa94-04c1-424b-9868-57a2d4851a1d" relativeResultsDirectory="bb33a8ee-57e4-4d66-84d5-746f6975d817" />
    <UnitTestResult executionId="6d9d1fa7-c5e5-4246-80fb-49b486699364" testId="fcf06cc3-5bec-4324-e2a1-7a52c5df1685" testName="GenericRepositoryTestDeleteObject" computerName="DKSR-EFI-04" duration="00:00:00.0012742" startTime="2023-12-22T09:33:09.8811396+01:00" endTime="2023-12-22T09:33:09.8811396+01:00" testType="13cdc9d9-ddb5-4fa4-a97d-d965ccfc6d4b" outcome="Passed" testListId="8c84fa94-04c1-424b-9868-57a2d4851a1d" relativeResultsDirectory="6d9d1fa7-c5e5-4246-80fb-49b486699364" />
    <UnitTestResult executionId="408f512b-d138-4f81-afd0-744ffdb2ef44" testId="0ebfe791-6b4d-a3b8-5330-d32bda8e413d" testName="MicrophoneDeviceGroup_Refresh_Failed" computerName="DKSR-EFI-04" duration="00:00:00.0009138" startTime="2023-12-22T09:33:07.0061277+01:00" endTime="2023-12-22T09:33:07.0061277+01:00" testType="13cdc9d9-ddb5-4fa4-a97d-d965ccfc6d4b" outcome="Passed" testListId="8c84fa94-04c1-424b-9868-57a2d4851a1d" relativeResultsDirectory="408f512b-d138-4f81-afd0-744ffdb2ef44" />
    <UnitTestResult executionId="25627091-81c0-4070-881e-c7d1711772c7" testId="cbc4e3f4-c2e5-4325-1d8b-6b9e1501ec5b" testName="PublicViewGroup_Update_Success" computerName="DKSR-EFI-04" duration="00:00:00.0002675" startTime="2023-12-22T09:33:08.0998820+01:00" endTime="2023-12-22T09:33:08.0998820+01:00" testType="13cdc9d9-ddb5-4fa4-a97d-d965ccfc6d4b" outcome="Passed" testListId="8c84fa94-04c1-424b-9868-57a2d4851a1d" relativeResultsDirectory="25627091-81c0-4070-881e-c7d1711772c7" />
    <UnitTestResult executionId="65883e3b-63de-48af-b484-d996b4d1d3a0" testId="ee1a676b-cacd-4065-d8c6-a676503afcba" testName="Constructor_NullIdpCientTokenSettings_Throws" computerName="DKSR-EFI-04" duration="00:00:00.0007612" startTime="2023-12-22T09:32:58.1310844+01:00" endTime="2023-12-22T09:32:58.1310844+01:00" testType="13cdc9d9-ddb5-4fa4-a97d-d965ccfc6d4b" outcome="Passed" testListId="8c84fa94-04c1-424b-9868-57a2d4851a1d" relativeResultsDirectory="65883e3b-63de-48af-b484-d996b4d1d3a0" />
    <UnitTestResult executionId="233eea61-6a00-4977-9c6a-26f91abef03f" testId="a8a4d357-c8cd-8240-8b9c-a04d7fb1a6f1" testName="TaskSetEncryptionPassword_StartNew_Success" computerName="DKSR-EFI-04" duration="00:00:00.0017700" startTime="2023-12-22T09:33:09.5530125+01:00" endTime="2023-12-22T09:33:09.5530125+01:00" testType="13cdc9d9-ddb5-4fa4-a97d-d965ccfc6d4b" outcome="Passed" testListId="8c84fa94-04c1-424b-9868-57a2d4851a1d" relativeResultsDirectory="233eea61-6a00-4977-9c6a-26f91abef03f" />
    <UnitTestResult executionId="93c86953-e497-4764-9ebe-fbe9497ba0b2" testId="ad0762eb-2871-a25a-9561-8a26158a456a" testName="VideoWallPreset_Refresh_Success" computerName="DKSR-EFI-04" duration="00:00:00.0003712" startTime="2023-12-22T09:33:09.7248892+01:00" endTime="2023-12-22T09:33:09.7248892+01:00" testType="13cdc9d9-ddb5-4fa4-a97d-d965ccfc6d4b" outcome="Passed" testListId="8c84fa94-04c1-424b-9868-57a2d4851a1d" relativeResultsDirectory="93c86953-e497-4764-9ebe-fbe9497ba0b2" />
    <UnitTestResult executionId="0ce64718-ea13-4a4c-a8aa-64f1bd8a72a2" testId="0241de9d-d2ad-9933-0ddf-20f7878a8d1b" testName="MIPObject_Update_Failed" computerName="DKSR-EFI-04" duration="00:00:00.0009550" startTime="2023-12-22T09:33:07.5373792+01:00" endTime="2023-12-22T09:33:07.5373792+01:00" testType="13cdc9d9-ddb5-4fa4-a97d-d965ccfc6d4b" outcome="Passed" testListId="8c84fa94-04c1-424b-9868-57a2d4851a1d" relativeResultsDirectory="0ce64718-ea13-4a4c-a8aa-64f1bd8a72a2" />
    <UnitTestResult executionId="158c544a-9036-4c15-a0fd-731826b5bec7" testId="4eb7a735-cb75-4247-7c48-62ad82d6a9cb" testName="GenericRepositoryTestGetObjectByIdRefreshCache" computerName="DKSR-EFI-04" duration="00:00:00.0012908" startTime="2023-12-22T09:33:09.8342647+01:00" endTime="2023-12-22T09:33:09.8342647+01:00" testType="13cdc9d9-ddb5-4fa4-a97d-d965ccfc6d4b" outcome="Passed" testListId="8c84fa94-04c1-424b-9868-57a2d4851a1d" relativeResultsDirectory="158c544a-9036-4c15-a0fd-731826b5bec7" />
    <UnitTestResult executionId="4d4951cd-e186-45a5-946f-814dbcba3924" testId="14bb50f4-a8ae-a89c-1d94-dba9d90b4290" testName="MIPAction_Repository_Registered" computerName="DKSR-EFI-04" duration="00:00:00.0003097" startTime="2023-12-22T09:33:07.4592515+01:00" endTime="2023-12-22T09:33:07.4592515+01:00" testType="13cdc9d9-ddb5-4fa4-a97d-d965ccfc6d4b" outcome="Passed" testListId="8c84fa94-04c1-424b-9868-57a2d4851a1d" relativeResultsDirectory="4d4951cd-e186-45a5-946f-814dbcba3924" />
    <UnitTestResult executionId="2a30f5b8-ceef-446f-9aa2-7f2080e69d8e" testId="fe2d2916-4015-7346-a520-79becf82a5b0" testName="MarkedData_IsDirty_Success" computerName="DKSR-EFI-04" duration="00:00:00.0006788" startTime="2023-12-22T09:33:07.4280039+01:00" endTime="2023-12-22T09:33:07.4436268+01:00" testType="13cdc9d9-ddb5-4fa4-a97d-d965ccfc6d4b" outcome="Passed" testListId="8c84fa94-04c1-424b-9868-57a2d4851a1d" relativeResultsDirectory="2a30f5b8-ceef-446f-9aa2-7f2080e69d8e" />
    <UnitTestResult executionId="3bb34b90-62dc-4277-8e58-9633e2ffa86c" testId="029aee69-d04b-5a49-9992-2e4ba2ae7f37" testName="SunClockTimeProfile_Create_Failed_Constructor_Empty_CustomId" computerName="DKSR-EFI-04" duration="00:00:00.0006585" startTime="2023-12-22T09:33:09.6155117+01:00" endTime="2023-12-22T09:33:09.6155117+01:00" testType="13cdc9d9-ddb5-4fa4-a97d-d965ccfc6d4b" outcome="Passed" testListId="8c84fa94-04c1-424b-9868-57a2d4851a1d" relativeResultsDirectory="3bb34b90-62dc-4277-8e58-9633e2ffa86c" />
    <UnitTestResult executionId="8e9dbe03-75ce-439b-b8cc-4f18b1fa1980" testId="c1f3d5eb-3123-e2ad-c9ac-66930017d9fb" testName="PerformanceStateRuleConfiguration_Update_Failed_Not_Created" computerName="DKSR-EFI-04" duration="00:00:00.0007312" startTime="2023-12-22T09:33:08.0217557+01:00" endTime="2023-12-22T09:33:08.0217557+01:00" testType="13cdc9d9-ddb5-4fa4-a97d-d965ccfc6d4b" outcome="Passed" testListId="8c84fa94-04c1-424b-9868-57a2d4851a1d" relativeResultsDirectory="8e9dbe03-75ce-439b-b8cc-4f18b1fa1980" />
    <UnitTestResult executionId="cf7b4899-f9b4-4964-91c1-652c94e750b2" testId="a8602185-c69f-60f3-f0b2-cecb67753975" testName="RetentionOptionRoleRelation_Constructor_DefaultValuesCorrect" computerName="DKSR-EFI-04" duration="00:00:00.0016795" startTime="2023-12-22T09:33:08.4123833+01:00" endTime="2023-12-22T09:33:08.4123833+01:00" testType="13cdc9d9-ddb5-4fa4-a97d-d965ccfc6d4b" outcome="Passed" testListId="8c84fa94-04c1-424b-9868-57a2d4851a1d" relativeResultsDirectory="cf7b4899-f9b4-4964-91c1-652c94e750b2" />
    <UnitTestResult executionId="9f3b308c-5c6b-4eae-b26b-f2bca0bebd5b" testId="27bb0846-204f-2736-e20f-7a35a54e4e90" testName="PatrollingProfile_MoveStepToFirst" computerName="DKSR-EFI-04" duration="00:00:00.0013338" startTime="2023-12-22T09:33:07.9905066+01:00" endTime="2023-12-22T09:33:07.9905066+01:00" testType="13cdc9d9-ddb5-4fa4-a97d-d965ccfc6d4b" outcome="Passed" testListId="8c84fa94-04c1-424b-9868-57a2d4851a1d" relativeResultsDirectory="9f3b308c-5c6b-4eae-b26b-f2bca0bebd5b" />
    <UnitTestResult executionId="66981671-9568-4fbb-9d3e-f85bd779bea8" testId="0f54e9f8-d53f-7a88-d50c-8501da97b547" testName="BasicUser_Constructor_Custom_Id_Empty_Guid_Check" computerName="DKSR-EFI-04" duration="00:00:00.0008749" startTime="2023-12-22T09:33:06.8498751+01:00" endTime="2023-12-22T09:33:06.8498751+01:00" testType="13cdc9d9-ddb5-4fa4-a97d-d965ccfc6d4b" outcome="Passed" testListId="8c84fa94-04c1-424b-9868-57a2d4851a1d" relativeResultsDirectory="66981671-9568-4fbb-9d3e-f85bd779bea8" />
    <UnitTestResult executionId="3f19681b-a67f-443e-81cc-0a34648089d2" testId="b775d07a-4cd6-b069-16d2-d61d8fe62088" testName="AxisOneClickCamera_Repository_Registered" computerName="DKSR-EFI-04" duration="00:00:00.0002890" startTime="2023-12-22T09:33:06.7561240+01:00" endTime="2023-12-22T09:33:06.7561240+01:00" testType="13cdc9d9-ddb5-4fa4-a97d-d965ccfc6d4b" outcome="Passed" testListId="8c84fa94-04c1-424b-9868-57a2d4851a1d" relativeResultsDirectory="3f19681b-a67f-443e-81cc-0a34648089d2" />
    <UnitTestResult executionId="3d7cee63-4ded-41e8-8cf4-f9f706c66764" testId="be4db557-6c72-5208-cef7-e179c3349be6" testName="SunClockTimeProfile_Create_CheckVersionNotCalled" computerName="DKSR-EFI-04" duration="00:00:00.0002450" startTime="2023-12-22T09:33:09.6311388+01:00" endTime="2023-12-22T09:33:09.6311388+01:00" testType="13cdc9d9-ddb5-4fa4-a97d-d965ccfc6d4b" outcome="Passed" testListId="8c84fa94-04c1-424b-9868-57a2d4851a1d" relativeResultsDirectory="3d7cee63-4ded-41e8-8cf4-f9f706c66764" />
    <UnitTestResult executionId="dad9793f-4ac3-4726-9960-566c7f9c376c" testId="dc017a34-6942-f8ec-11c4-4b57c0a33f6b" testName="SunClockTimeProfile_Refresh_Success" computerName="DKSR-EFI-04" duration="00:00:00.0002268" startTime="2023-12-22T09:33:09.6155117+01:00" endTime="2023-12-22T09:33:09.6155117+01:00" testType="13cdc9d9-ddb5-4fa4-a97d-d965ccfc6d4b" outcome="Passed" testListId="8c84fa94-04c1-424b-9868-57a2d4851a1d" relativeResultsDirectory="dad9793f-4ac3-4726-9960-566c7f9c376c" />
    <UnitTestResult executionId="6a658a6c-e410-4634-9e29-5ea6a81c36bb" testId="f6c8533d-6871-e620-3a15-7deaf7edd4e3" testName="GetHighPriorityError_GivenUserNamePasswordException_ReturnsUserNamePasswordException" computerName="DKSR-EFI-04" duration="00:00:00.0090016" startTime="2023-12-22T09:32:56.7404505+01:00" endTime="2023-12-22T09:32:56.7404505+01:00" testType="13cdc9d9-ddb5-4fa4-a97d-d965ccfc6d4b" outcome="Passed" testListId="8c84fa94-04c1-424b-9868-57a2d4851a1d" relativeResultsDirectory="6a658a6c-e410-4634-9e29-5ea6a81c36bb" />
    <UnitTestResult executionId="b2999b21-c5e7-4ed5-b95d-e91c5068a874" testId="1fca15cf-fb76-e220-7a95-4e1dd47337bd" testName="VideoWallPreset_Update_Success" computerName="DKSR-EFI-04" duration="00:00:00.0004893" startTime="2023-12-22T09:33:09.7092628+01:00" endTime="2023-12-22T09:33:09.7092628+01:00" testType="13cdc9d9-ddb5-4fa4-a97d-d965ccfc6d4b" outcome="Passed" testListId="8c84fa94-04c1-424b-9868-57a2d4851a1d" relativeResultsDirectory="b2999b21-c5e7-4ed5-b95d-e91c5068a874" />
    <UnitTestResult executionId="20c34cf6-d3cd-4b29-8dde-941f6d40f00d" testId="562c91ce-558a-6235-594f-9dd29fb2762c" testName="SpeakerDevice_Repository_Registered" computerName="DKSR-EFI-04" duration="00:00:00.0009621" startTime="2023-12-22T09:33:08.1780064+01:00" endTime="2023-12-22T09:33:08.1780064+01:00" testType="13cdc9d9-ddb5-4fa4-a97d-d965ccfc6d4b" outcome="Passed" testListId="8c84fa94-04c1-424b-9868-57a2d4851a1d" relativeResultsDirectory="20c34cf6-d3cd-4b29-8dde-941f6d40f00d" />
    <UnitTestResult executionId="64ab34e1-d685-4974-a41f-22c944bfe11d" testId="721a22df-dcb2-fd19-7a7f-fbe5b1222744" testName="Management_Update_Success" computerName="DKSR-EFI-04" duration="00:00:00.0011708" startTime="2023-12-22T09:33:07.2717549+01:00" endTime="2023-12-22T09:33:07.2873801+01:00" testType="13cdc9d9-ddb5-4fa4-a97d-d965ccfc6d4b" outcome="Passed" testListId="8c84fa94-04c1-424b-9868-57a2d4851a1d" relativeResultsDirectory="64ab34e1-d685-4974-a41f-22c944bfe11d" />
    <UnitTestResult executionId="99f36f19-62fe-419e-9c8c-03d82452d738" testId="169c0340-68cf-7e65-35ef-4e909c9252f9" testName="GetHighPriorityError_GivenIdpOfflineExceptionForLegacySite_DoesNotReturnIdpOfflineException" computerName="DKSR-EFI-04" duration="00:00:00.0092633" startTime="2023-12-22T09:32:56.6935767+01:00" endTime="2023-12-22T09:32:56.7092013+01:00" testType="13cdc9d9-ddb5-4fa4-a97d-d965ccfc6d4b" outcome="Passed" testListId="8c84fa94-04c1-424b-9868-57a2d4851a1d" relativeResultsDirectory="99f36f19-62fe-419e-9c8c-03d82452d738" />
    <UnitTestResult executionId="b9f1f33f-cee3-417e-8cf3-f9c5a312f31c" testId="feb61cc2-d8a7-1010-6b57-b4f5136be797" testName="PerformanceStateRuleConfiguration_Refresh_CheckVersionCalled" computerName="DKSR-EFI-04" duration="00:00:00.0003098" startTime="2023-12-22T09:33:08.0217557+01:00" endTime="2023-12-22T09:33:08.0217557+01:00" testType="13cdc9d9-ddb5-4fa4-a97d-d965ccfc6d4b" outcome="Passed" testListId="8c84fa94-04c1-424b-9868-57a2d4851a1d" relativeResultsDirectory="b9f1f33f-cee3-417e-8cf3-f9c5a312f31c" />
    <UnitTestResult executionId="059bfc62-0815-4b3e-83fd-5d090ff63381" testId="4257a0ea-891d-1bd7-bbc5-e7f7415f87d3" testName="PatrollingProfile_InsertStepFirst_Create_PatrollingStep_Default" computerName="DKSR-EFI-04" duration="00:00:00.0020568" startTime="2023-12-22T09:33:07.9280078+01:00" endTime="2023-12-22T09:33:07.9280078+01:00" testType="13cdc9d9-ddb5-4fa4-a97d-d965ccfc6d4b" outcome="Passed" testListId="8c84fa94-04c1-424b-9868-57a2d4851a1d" relativeResultsDirectory="059bfc62-0815-4b3e-83fd-5d090ff63381" />
    <UnitTestResult executionId="bfceb910-5f81-438e-ba9a-a85ec180f55a" testId="3b07bab6-79ae-1097-0ffb-cd3b66159f8a" testName="SmartClientProfile_Constructor_DefaultValuesCorrect" computerName="DKSR-EFI-04" duration="00:00:00.0011656" startTime="2023-12-22T09:33:06.9123737+01:00" endTime="2023-12-22T09:33:06.9123737+01:00" testType="13cdc9d9-ddb5-4fa4-a97d-d965ccfc6d4b" outcome="Passed" testListId="8c84fa94-04c1-424b-9868-57a2d4851a1d" relativeResultsDirectory="bfceb910-5f81-438e-ba9a-a85ec180f55a" />
    <UnitTestResult executionId="df5ce68f-8087-4b91-896e-323e678e96f4" testId="41b278f2-92eb-a92d-9fbd-d70cb8578d79" testName="TryConnectLegacyAsUser_GivenUnexpectedServerId_ShouldDisconnectDisposeAllAndReturnNull" computerName="DKSR-EFI-04" duration="00:00:00.0094717" startTime="2023-12-22T09:33:06.4904995+01:00" endTime="2023-12-22T09:33:06.5061239+01:00" testType="13cdc9d9-ddb5-4fa4-a97d-d965ccfc6d4b" outcome="Passed" testListId="8c84fa94-04c1-424b-9868-57a2d4851a1d" relativeResultsDirectory="df5ce68f-8087-4b91-896e-323e678e96f4" />
    <UnitTestResult executionId="a5a98732-7553-4e23-aaa3-98e2567b5d37" testId="f9b6dd49-5c73-188b-8a88-af3d94f9c65a" testName="RecordingStorage_Move_Storage_Failed_Not_Created" computerName="DKSR-EFI-04" duration="00:00:00.0010377" startTime="2023-12-22T09:33:08.3186315+01:00" endTime="2023-12-22T09:33:08.3186315+01:00" testType="13cdc9d9-ddb5-4fa4-a97d-d965ccfc6d4b" outcome="Passed" testListId="8c84fa94-04c1-424b-9868-57a2d4851a1d" relativeResultsDirectory="a5a98732-7553-4e23-aaa3-98e2567b5d37" />
    <UnitTestResult executionId="2bff0d45-e5af-490b-b86e-dacaa9ec8263" testId="fb501942-fd1c-8085-ebe3-88733ae59551" testName="ArchiveStorage_Create_Success_Constructor" computerName="DKSR-EFI-04" duration="00:00:00.0099497" startTime="2023-12-22T09:33:06.5998745+01:00" endTime="2023-12-22T09:33:06.6155000+01:00" testType="13cdc9d9-ddb5-4fa4-a97d-d965ccfc6d4b" outcome="Passed" testListId="8c84fa94-04c1-424b-9868-57a2d4851a1d" relativeResultsDirectory="2bff0d45-e5af-490b-b86e-dacaa9ec8263" />
    <UnitTestResult executionId="be25e7e1-3bb6-41f2-902b-88ab08b6699b" testId="4806cae8-8634-8ad0-07cf-c99145fe57aa" testName="SystemDashboardConfiguration_Constructor_CheckForVersion_7_0_and_throws" computerName="DKSR-EFI-04" duration="00:00:00.0007967" startTime="2023-12-22T09:33:08.6311344+01:00" endTime="2023-12-22T09:33:08.6311344+01:00" testType="13cdc9d9-ddb5-4fa4-a97d-d965ccfc6d4b" outcome="Passed" testListId="8c84fa94-04c1-424b-9868-57a2d4851a1d" relativeResultsDirectory="be25e7e1-3bb6-41f2-902b-88ab08b6699b" />
    <UnitTestResult executionId="92c1bc1a-030f-4112-a01d-594c7d655efd" testId="e7217958-3636-f395-52b6-2a4b70ef9c4d" testName="GetHighPriorityError_GivenNotExpectedException_ReturnsNull" computerName="DKSR-EFI-04" duration="00:00:00.0083191" startTime="2023-12-22T09:32:56.7404505+01:00" endTime="2023-12-22T09:32:56.7560779+01:00" testType="13cdc9d9-ddb5-4fa4-a97d-d965ccfc6d4b" outcome="Passed" testListId="8c84fa94-04c1-424b-9868-57a2d4851a1d" relativeResultsDirectory="92c1bc1a-030f-4112-a01d-594c7d655efd" />
    <UnitTestResult executionId="51fbc8f0-e3de-484e-af9c-27219c2a41fe" testId="14306806-5df6-e412-4f79-2dc2e069e389" testName="TrustedIssuer_CreateOnUnsupportedVersion_Throws" computerName="DKSR-EFI-04" duration="00:00:00.0007739" startTime="2023-12-22T09:33:09.6623887+01:00" endTime="2023-12-22T09:33:09.6623887+01:00" testType="13cdc9d9-ddb5-4fa4-a97d-d965ccfc6d4b" outcome="Passed" testListId="8c84fa94-04c1-424b-9868-57a2d4851a1d" relativeResultsDirectory="51fbc8f0-e3de-484e-af9c-27219c2a41fe" />
    <UnitTestResult executionId="32c15200-bb06-47cc-b0dd-8d7238ec1024" testId="24ad50bb-6e27-832d-0a0f-be7509b4fa1b" testName="ExceptionConverter_GetConnectionConvertedException_FaultException" computerName="DKSR-EFI-04" duration="00:00:00.0319581" startTime="2023-12-22T09:33:09.9280141+01:00" endTime="2023-12-22T09:33:09.9592649+01:00" testType="13cdc9d9-ddb5-4fa4-a97d-d965ccfc6d4b" outcome="Passed" testListId="8c84fa94-04c1-424b-9868-57a2d4851a1d" relativeResultsDirectory="32c15200-bb06-47cc-b0dd-8d7238ec1024" />
    <UnitTestResult executionId="69ca6d4b-e8be-42af-a5b8-e4336cb6aa84" testId="65725e40-3717-e9de-609c-7f4189d0ecf1" testName="CalendarTimeProfile_Create_CustomId_Success_Constructor" computerName="DKSR-EFI-04" duration="00:00:00.0006455" startTime="2023-12-22T09:33:09.5686390+01:00" endTime="2023-12-22T09:33:09.5686390+01:00" testType="13cdc9d9-ddb5-4fa4-a97d-d965ccfc6d4b" outcome="Passed" testListId="8c84fa94-04c1-424b-9868-57a2d4851a1d" relativeResultsDirectory="69ca6d4b-e8be-42af-a5b8-e4336cb6aa84" />
    <UnitTestResult executionId="034167ab-0344-4eec-a9ed-d914a6613dae" testId="5a788199-1038-fa03-e2a7-ded98421a2e7" testName="GetSiteConnection_Windows_GivenNull_ShouldThrow" computerName="DKSR-EFI-04" duration="00:00:00.0014875" startTime="2023-12-22T09:32:58.4123362+01:00" endTime="2023-12-22T09:32:58.4279618+01:00" testType="13cdc9d9-ddb5-4fa4-a97d-d965ccfc6d4b" outcome="Passed" testListId="8c84fa94-04c1-424b-9868-57a2d4851a1d" relativeResultsDirectory="034167ab-0344-4eec-a9ed-d914a6613dae" />
    <UnitTestResult executionId="98d54583-3aed-4798-8ca5-ecff3b3c1065" testId="813ee3ab-9f5c-5aff-3f96-107a9c99f824" testName="TaskAddHardware_Cleanup_61_NotSupported" computerName="DKSR-EFI-04" duration="00:00:00.0013675" startTime="2023-12-22T09:33:08.8655105+01:00" endTime="2023-12-22T09:33:08.8655105+01:00" testType="13cdc9d9-ddb5-4fa4-a97d-d965ccfc6d4b" outcome="Passed" testListId="8c84fa94-04c1-424b-9868-57a2d4851a1d" relativeResultsDirectory="98d54583-3aed-4798-8ca5-ecff3b3c1065" />
    <UnitTestResult executionId="9307360b-6fcf-42fc-ac6d-8f8f4cf79ab2" testId="053e887e-5fd9-26c1-4bc9-6178b6f5a4c8" testName="FilterHttpAddresses_GivenOnlyHttpsAddresses_ShouldReturnEmptyCollection" computerName="DKSR-EFI-04" duration="00:00:00.0025205" startTime="2023-12-22T09:32:56.5998304+01:00" endTime="2023-12-22T09:32:56.5998304+01:00" testType="13cdc9d9-ddb5-4fa4-a97d-d965ccfc6d4b" outcome="Passed" testListId="8c84fa94-04c1-424b-9868-57a2d4851a1d" relativeResultsDirectory="9307360b-6fcf-42fc-ac6d-8f8f4cf79ab2" />
    <UnitTestResult executionId="1e7f3fd9-a076-41d8-a8d0-c92acf6f390f" testId="573d4913-3c20-fc10-3a7e-f205ffb2ffe5" testName="ServerVersionConstructor_Less_Success" computerName="DKSR-EFI-04" duration="00:00:00.0004072" startTime="2023-12-22T09:32:56.0373240+01:00" endTime="2023-12-22T09:32:56.0373240+01:00" testType="13cdc9d9-ddb5-4fa4-a97d-d965ccfc6d4b" outcome="Passed" testListId="8c84fa94-04c1-424b-9868-57a2d4851a1d" relativeResultsDirectory="1e7f3fd9-a076-41d8-a8d0-c92acf6f390f" />
    <UnitTestResult executionId="75e47b9d-4fa8-4546-87f4-c6c096e1092a" testId="b394d5ed-12cd-965f-67db-52cb448440db" testName="Monitor_Repository_Registered" computerName="DKSR-EFI-04" duration="00:00:00.0002827" startTime="2023-12-22T09:33:07.5998823+01:00" endTime="2023-12-22T09:33:07.5998823+01:00" testType="13cdc9d9-ddb5-4fa4-a97d-d965ccfc6d4b" outcome="Passed" testListId="8c84fa94-04c1-424b-9868-57a2d4851a1d" relativeResultsDirectory="75e47b9d-4fa8-4546-87f4-c6c096e1092a" />
    <UnitTestResult executionId="286db659-7b05-4bcc-b10f-b69d3ecc92d2" testId="231663dc-17a0-f2cf-d0a3-b9d590ad675e" testName="Get_GivenSiteId_ShouldSuccess" computerName="DKSR-EFI-04" duration="00:00:00.0014731" startTime="2023-12-22T09:33:06.3186212+01:00" endTime="2023-12-22T09:33:06.3186212+01:00" testType="13cdc9d9-ddb5-4fa4-a97d-d965ccfc6d4b" outcome="Passed" testListId="8c84fa94-04c1-424b-9868-57a2d4851a1d" relativeResultsDirectory="286db659-7b05-4bcc-b10f-b69d3ecc92d2" />
    <UnitTestResult executionId="7b81f228-526a-46cd-9aae-9b349f5c5725" testId="a3c14e62-c027-c89c-b304-e34b4c3eb8c0" testName="Grid_GridSizeNotDefined_Exception" computerName="DKSR-EFI-04" duration="00:00:00.0004857" startTime="2023-12-22T09:33:07.2248786+01:00" endTime="2023-12-22T09:33:07.2248786+01:00" testType="13cdc9d9-ddb5-4fa4-a97d-d965ccfc6d4b" outcome="Passed" testListId="8c84fa94-04c1-424b-9868-57a2d4851a1d" relativeResultsDirectory="7b81f228-526a-46cd-9aae-9b349f5c5725" />
    <UnitTestResult executionId="4e3db67d-38c2-4736-bde0-2e97a92fde4e" testId="cd2f5fd7-e901-e2bd-ca31-e39da680a9b6" testName="UserDefinedEvent_Constructor_DefaultValuesCorrect" computerName="DKSR-EFI-04" duration="00:00:00.0014486" startTime="2023-12-22T09:33:09.6780125+01:00" endTime="2023-12-22T09:33:09.6780125+01:00" testType="13cdc9d9-ddb5-4fa4-a97d-d965ccfc6d4b" outcome="Passed" testListId="8c84fa94-04c1-424b-9868-57a2d4851a1d" relativeResultsDirectory="4e3db67d-38c2-4736-bde0-2e97a92fde4e" />
    <UnitTestResult executionId="27964146-7c4e-4c9c-9e67-c7bde4db448a" testId="f1a01f5b-d1c2-a047-aa46-885719da5593" testName="ValidateSchemas_AllowUnsecure_True" computerName="DKSR-EFI-04" duration="00:00:00.0008700" startTime="2023-12-22T09:32:56.5842048+01:00" endTime="2023-12-22T09:32:56.5842048+01:00" testType="13cdc9d9-ddb5-4fa4-a97d-d965ccfc6d4b" outcome="Passed" testListId="8c84fa94-04c1-424b-9868-57a2d4851a1d" relativeResultsDirectory="27964146-7c4e-4c9c-9e67-c7bde4db448a" />
    <UnitTestResult executionId="4442296c-e698-42c5-8767-4c8142d0e272" testId="950e39ec-c1b7-542e-8809-1780fb99f205" testName="IsAddressSchemeAllowed_Https_AllowHttp_False" computerName="DKSR-EFI-04" duration="00:00:00.0001582" startTime="2023-12-22T09:32:56.5998304+01:00" endTime="2023-12-22T09:32:56.5998304+01:00" testType="13cdc9d9-ddb5-4fa4-a97d-d965ccfc6d4b" outcome="Passed" testListId="8c84fa94-04c1-424b-9868-57a2d4851a1d" relativeResultsDirectory="4442296c-e698-42c5-8767-4c8142d0e272" />
    <UnitTestResult executionId="f5cb9121-f9f0-478c-aea7-8c6c2ac0edb1" testId="994ed121-b384-2e00-1da4-c31e8e407b0a" testName="RecordingServer_Add_Hardware_Success" computerName="DKSR-EFI-04" duration="00:00:00.0025125" startTime="2023-12-22T09:33:08.2717570+01:00" endTime="2023-12-22T09:33:08.2717570+01:00" testType="13cdc9d9-ddb5-4fa4-a97d-d965ccfc6d4b" outcome="Passed" testListId="8c84fa94-04c1-424b-9868-57a2d4851a1d" relativeResultsDirectory="f5cb9121-f9f0-478c-aea7-8c6c2ac0edb1" />
    <UnitTestResult executionId="4c375f1d-b314-4a6f-9973-e91ebd600e63" testId="3244763e-b7ce-8722-ad9f-d1c345273589" testName="CameraDevice_Refresh_Fail_When_Deleted" computerName="DKSR-EFI-04" duration="00:00:00.0007275" startTime="2023-12-22T09:33:08.1155068+01:00" endTime="2023-12-22T09:33:08.1155068+01:00" testType="13cdc9d9-ddb5-4fa4-a97d-d965ccfc6d4b" outcome="Passed" testListId="8c84fa94-04c1-424b-9868-57a2d4851a1d" relativeResultsDirectory="4c375f1d-b314-4a6f-9973-e91ebd600e63" />
    <UnitTestResult executionId="0b45d156-4a51-47da-ab04-48f9f2c0fdd0" testId="699824b7-e064-add7-e59c-6df79878b90f" testName="UserDefinedEvent_Update_Success" computerName="DKSR-EFI-04" duration="00:00:00.0005416" startTime="2023-12-22T09:33:09.6780125+01:00" endTime="2023-12-22T09:33:09.6780125+01:00" testType="13cdc9d9-ddb5-4fa4-a97d-d965ccfc6d4b" outcome="Passed" testListId="8c84fa94-04c1-424b-9868-57a2d4851a1d" relativeResultsDirectory="0b45d156-4a51-47da-ab04-48f9f2c0fdd0" />
    <UnitTestResult executionId="457c558c-dbe9-48f4-ad6e-fdf5410e2acf" testId="875afcfd-e10d-a2e8-e510-4f03d448d8ad" testName="ArchiveStorage_Get_Storage_Information_Success" computerName="DKSR-EFI-04" duration="00:00:00.0012727" startTime="2023-12-22T09:33:06.6780007+01:00" endTime="2023-12-22T09:33:06.6780007+01:00" testType="13cdc9d9-ddb5-4fa4-a97d-d965ccfc6d4b" outcome="Passed" testListId="8c84fa94-04c1-424b-9868-57a2d4851a1d" relativeResultsDirectory="457c558c-dbe9-48f4-ad6e-fdf5410e2acf" />
    <UnitTestResult executionId="49e487d1-ae38-4bf7-b44a-8c10e658e265" testId="7f6db608-8c47-4d83-9b48-007bb299c7ea" testName="Contains_GivenSiteId_ShouldSuccess" computerName="DKSR-EFI-04" duration="00:00:00.0002968" startTime="2023-12-22T09:33:06.3186212+01:00" endTime="2023-12-22T09:33:06.3186212+01:00" testType="13cdc9d9-ddb5-4fa4-a97d-d965ccfc6d4b" outcome="Passed" testListId="8c84fa94-04c1-424b-9868-57a2d4851a1d" relativeResultsDirectory="49e487d1-ae38-4bf7-b44a-8c10e658e265" />
    <UnitTestResult executionId="b2ae002d-c301-4ff0-8606-4eac874f801a" testId="ebef56bb-4a93-6ee6-dc36-391fde0761f0" testName="TaskMoveArchiveStorage_Refresh_Success" computerName="DKSR-EFI-04" duration="00:00:00.0009439" startTime="2023-12-22T09:33:09.4748867+01:00" endTime="2023-12-22T09:33:09.4748867+01:00" testType="13cdc9d9-ddb5-4fa4-a97d-d965ccfc6d4b" outcome="Passed" testListId="8c84fa94-04c1-424b-9868-57a2d4851a1d" relativeResultsDirectory="b2ae002d-c301-4ff0-8606-4eac874f801a" />
    <UnitTestResult executionId="9ff8af31-4a0b-4ccf-8efd-82954dc2c097" testId="06a715e6-5375-46b9-9b2d-665d5cc7acd6" testName="BasicOwnerInfo_Refresh_CheckVersionCalled" computerName="DKSR-EFI-04" duration="00:00:00.0002378" startTime="2023-12-22T09:33:06.8186253+01:00" endTime="2023-12-22T09:33:06.8186253+01:00" testType="13cdc9d9-ddb5-4fa4-a97d-d965ccfc6d4b" outcome="Passed" testListId="8c84fa94-04c1-424b-9868-57a2d4851a1d" relativeResultsDirectory="9ff8af31-4a0b-4ccf-8efd-82954dc2c097" />
  </Results>
  <TestDefinitions>
    <UnitTest name="SmartClientProfile_Constructor_DefaultValuesCorrect" storage="d:\actions-runner\_work\xpco\xpco\corporate\commonapi\videoos.management.vmoclient.unittests\bin\debug\net472\videoos.management.vmoclient.unittests.dll" id="3b07bab6-79ae-1097-0ffb-cd3b66159f8a">
      <Execution id="bfceb910-5f81-438e-ba9a-a85ec180f55a" />
      <TestMethod codeBase="D:\actions-runner\_work\XPCO\XPCO\Corporate\CommonAPI\VideoOS.Management.VmoClient.UnitTests\bin\Debug\net472\VideoOS.Management.VmoClient.UnitTests.dll" adapterTypeName="executor://mstestadapter/v2" className="VideoOS.Management.VmoClient.UnitTests.ClientProfileSmartClientTest" name="SmartClientProfile_Constructor_DefaultValuesCorrect" />
    </UnitTest>
    <UnitTest name="Get_GivenSiteId_ShouldSuccess" storage="d:\actions-runner\_work\xpco\xpco\corporate\commonapi\videoos.management.vmoclient.unittests\bin\debug\net472\videoos.management.vmoclient.unittests.dll" id="231663dc-17a0-f2cf-d0a3-b9d590ad675e">
      <Execution id="286db659-7b05-4bcc-b10f-b69d3ecc92d2" />
      <TestMethod codeBase="D:\actions-runner\_work\XPCO\XPCO\Corporate\CommonAPI\VideoOS.Management.VmoClient.UnitTests\bin\Debug\net472\VideoOS.Management.VmoClient.UnitTests.dll" adapterTypeName="executor://mstestadapter/v2" className="VideoOS.Management.VmoClient.UnitTests.SiteTokenCacheStoreTests" name="Get_GivenSiteId_ShouldSuccess" />
    </UnitTest>
    <UnitTest name="ServerVersionConstructor_CompareTo_Success" storage="d:\actions-runner\_work\xpco\xpco\corporate\commonapi\videoos.management.vmoclient.unittests\bin\debug\net472\videoos.management.vmoclient.unittests.dll" id="350c0104-75ee-9274-4375-18df5781cfd1">
      <TestCategory>
        <TestCategoryItem TestCategory="Server Version" />
      </TestCategory>
      <Execution id="5c070f4e-541c-4b64-b86c-d894339e068b" />
      <TestMethod codeBase="D:\actions-runner\_work\XPCO\XPCO\Corporate\CommonAPI\VideoOS.Management.VmoClient.UnitTests\bin\Debug\net472\VideoOS.Management.VmoClient.UnitTests.dll" adapterTypeName="executor://mstestadapter/v2" className="VideoOS.Management.VmoClient.Tests.ServerVersionTests" name="ServerVersionConstructor_CompareTo_Success" />
    </UnitTest>
    <UnitTest name="TaskMoveRecordingStorage_StartNew_Success" storage="d:\actions-runner\_work\xpco\xpco\corporate\commonapi\videoos.management.vmoclient.unittests\bin\debug\net472\videoos.management.vmoclient.unittests.dll" id="894cf9d9-cb78-1f17-1cd8-2c154e26811a">
      <Execution id="2e1cf716-afb3-411b-836a-10a6e628993e" />
      <TestMethod codeBase="D:\actions-runner\_work\XPCO\XPCO\Corporate\CommonAPI\VideoOS.Management.VmoClient.UnitTests\bin\Debug\net472\VideoOS.Management.VmoClient.UnitTests.dll" adapterTypeName="executor://mstestadapter/v2" className="VideoOS.Management.VmoClient.UnitTests.TaskMoveRecordingStorageTest" name="TaskMoveRecordingStorage_StartNew_Success" />
    </UnitTest>
    <UnitTest name="Role_Delete_Success" storage="d:\actions-runner\_work\xpco\xpco\corporate\commonapi\videoos.management.vmoclient.unittests\bin\debug\net472\videoos.management.vmoclient.unittests.dll" id="92f6d237-149c-e18a-4244-5b7b84e809f3">
      <Execution id="2929ad43-41aa-4b0f-87f1-891027e6da54" />
      <TestMethod codeBase="D:\actions-runner\_work\XPCO\XPCO\Corporate\CommonAPI\VideoOS.Management.VmoClient.UnitTests\bin\Debug\net472\VideoOS.Management.VmoClient.UnitTests.dll" adapterTypeName="executor://mstestadapter/v2" className="VideoOS.Management.VmoClient.UnitTests.RoleTest" name="Role_Delete_Success" />
    </UnitTest>
    <UnitTest name="PatrollingProfile_RemoveStepAt" storage="d:\actions-runner\_work\xpco\xpco\corporate\commonapi\videoos.management.vmoclient.unittests\bin\debug\net472\videoos.management.vmoclient.unittests.dll" id="4e34a0c7-e0a8-2828-4378-635974a2dcbc">
      <TestCategory>
        <TestCategoryItem TestCategory="Patrolling Profile" />
      </TestCategory>
      <Execution id="1f1a7611-fc7a-4302-8a17-a2da490f0c20" />
      <TestMethod codeBase="D:\actions-runner\_work\XPCO\XPCO\Corporate\CommonAPI\VideoOS.Management.VmoClient.UnitTests\bin\Debug\net472\VideoOS.Management.VmoClient.UnitTests.dll" adapterTypeName="executor://mstestadapter/v2" className="VideoOS.Management.VmoClient.UnitTests.PatrollingProfileTest" name="PatrollingProfile_RemoveStepAt" />
    </UnitTest>
    <UnitTest name="VideoWall_Repository_Registered" storage="d:\actions-runner\_work\xpco\xpco\corporate\commonapi\videoos.management.vmoclient.unittests\bin\debug\net472\videoos.management.vmoclient.unittests.dll" id="860e6e1e-f978-c906-7cf5-a51951f71e12">
      <Execution id="dbc8dddf-4fcc-4aca-a09f-a2ca8fb55eed" />
      <TestMethod codeBase="D:\actions-runner\_work\XPCO\XPCO\Corporate\CommonAPI\VideoOS.Management.VmoClient.UnitTests\bin\Debug\net472\VideoOS.Management.VmoClient.UnitTests.dll" adapterTypeName="executor://mstestadapter/v2" className="VideoOS.Management.VmoClient.UnitTests.VideoWallTest" name="VideoWall_Repository_Registered" />
    </UnitTest>
    <UnitTest name="PerformanceStateRuleConfiguration_Update_Success" storage="d:\actions-runner\_work\xpco\xpco\corporate\commonapi\videoos.management.vmoclient.unittests\bin\debug\net472\videoos.management.vmoclient.unittests.dll" id="520513bf-cd52-b18c-44b8-4cbd75cbbbf4">
      <Execution id="37ac714b-d27d-457c-8eb5-2627f61c20b2" />
      <TestMethod codeBase="D:\actions-runner\_work\XPCO\XPCO\Corporate\CommonAPI\VideoOS.Management.VmoClient.UnitTests\bin\Debug\net472\VideoOS.Management.VmoClient.UnitTests.dll" adapterTypeName="executor://mstestadapter/v2" className="VideoOS.Management.VmoClient.UnitTests.PerformanceStateRuleConfigTest" name="PerformanceStateRuleConfiguration_Update_Success" />
    </UnitTest>
    <UnitTest name="AddVmoClient_GivenValid_ShouldReturnSuccess" storage="d:\actions-runner\_work\xpco\xpco\corporate\commonapi\videoos.management.vmoclient.unittests\bin\debug\net472\videoos.management.vmoclient.unittests.dll" id="aae780d8-556f-5079-aa6b-e21d457492e9">
      <Execution id="a818a400-0294-4e59-a446-9d5b076a05b4" />
      <TestMethod codeBase="D:\actions-runner\_work\XPCO\XPCO\Corporate\CommonAPI\VideoOS.Management.VmoClient.UnitTests\bin\Debug\net472\VideoOS.Management.VmoClient.UnitTests.dll" adapterTypeName="executor://mstestadapter/v2" className="VideoOS.Management.VmoClient.UnitTests.SiteConnectorResultBuilderTests" name="AddVmoClient_GivenValid_ShouldReturnSuccess" />
    </UnitTest>
    <UnitTest name="RecordingStorage_Get_Using_Devices_Failed_Not_Created" storage="d:\actions-runner\_work\xpco\xpco\corporate\commonapi\videoos.management.vmoclient.unittests\bin\debug\net472\videoos.management.vmoclient.unittests.dll" id="09865c3a-326d-3062-49a7-b21c41b9b775">
      <Execution id="7fb11836-8ff1-421a-8eac-b024d9f54eca" />
      <TestMethod codeBase="D:\actions-runner\_work\XPCO\XPCO\Corporate\CommonAPI\VideoOS.Management.VmoClient.UnitTests\bin\Debug\net472\VideoOS.Management.VmoClient.UnitTests.dll" adapterTypeName="executor://mstestadapter/v2" className="VideoOS.Management.VmoClient.UnitTests.RecordingStorageTest" name="RecordingStorage_Get_Using_Devices_Failed_Not_Created" />
    </UnitTest>
    <UnitTest name="PatrollingProfile_Constructor_AllDefaultValues" storage="d:\actions-runner\_work\xpco\xpco\corporate\commonapi\videoos.management.vmoclient.unittests\bin\debug\net472\videoos.management.vmoclient.unittests.dll" id="e474cf49-3b10-7d2f-29c0-7ecb4b93b331">
      <TestCategory>
        <TestCategoryItem TestCategory="Patrolling Profile" />
      </TestCategory>
      <Execution id="01beaa0b-a975-4447-9900-f259ed6559b7" />
      <TestMethod codeBase="D:\actions-runner\_work\XPCO\XPCO\Corporate\CommonAPI\VideoOS.Management.VmoClient.UnitTests\bin\Debug\net472\VideoOS.Management.VmoClient.UnitTests.dll" adapterTypeName="executor://mstestadapter/v2" className="VideoOS.Management.VmoClient.UnitTests.PatrollingProfileTest" name="PatrollingProfile_Constructor_AllDefaultValues" />
    </UnitTest>
    <UnitTest name="ManagementServer_HasOverallPermission_Before_v121_NotSupported" storage="d:\actions-runner\_work\xpco\xpco\corporate\commonapi\videoos.management.vmoclient.unittests\bin\debug\net472\videoos.management.vmoclient.unittests.dll" id="404e3838-d6fc-fd6e-2256-77937d70f531">
      <Execution id="e3c67333-3cbb-45ee-b412-3ad70a695116" />
      <TestMethod codeBase="D:\actions-runner\_work\XPCO\XPCO\Corporate\CommonAPI\VideoOS.Management.VmoClient.UnitTests\bin\Debug\net472\VideoOS.Management.VmoClient.UnitTests.dll" adapterTypeName="executor://mstestadapter/v2" className="VideoOS.Management.VmoClient.UnitTests.ManagementServerTest" name="ManagementServer_HasOverallPermission_Before_v121_NotSupported" />
    </UnitTest>
    <UnitTest name="BasicOwnerInfo_Refresh_Success" storage="d:\actions-runner\_work\xpco\xpco\corporate\commonapi\videoos.management.vmoclient.unittests\bin\debug\net472\videoos.management.vmoclient.unittests.dll" id="b07a5ed1-d6bb-13a6-b422-6e852334dd2a">
      <Execution id="c7e102f2-b072-4271-a1f4-713d5c0955b2" />
      <TestMethod codeBase="D:\actions-runner\_work\XPCO\XPCO\Corporate\CommonAPI\VideoOS.Management.VmoClient.UnitTests\bin\Debug\net472\VideoOS.Management.VmoClient.UnitTests.dll" adapterTypeName="executor://mstestadapter/v2" className="VideoOS.Management.VmoClient.UnitTests.BasicOwnerInfoTest" name="BasicOwnerInfo_Refresh_Success" />
    </UnitTest>
    <UnitTest name="CameraDevice_TruncateStorage_Fail_When_Deleted" storage="d:\actions-runner\_work\xpco\xpco\corporate\commonapi\videoos.management.vmoclient.unittests\bin\debug\net472\videoos.management.vmoclient.unittests.dll" id="1b35c96d-3503-3642-f460-ec108a601a23">
      <Execution id="15390ca6-0812-4ce9-8379-0e1d88456245" />
      <TestMethod codeBase="D:\actions-runner\_work\XPCO\XPCO\Corporate\CommonAPI\VideoOS.Management.VmoClient.UnitTests\bin\Debug\net472\VideoOS.Management.VmoClient.UnitTests.dll" adapterTypeName="executor://mstestadapter/v2" className="VideoOS.Management.VmoClient.UnitTests.CameraDeviceTest" name="CameraDevice_TruncateStorage_Fail_When_Deleted" />
    </UnitTest>
    <UnitTest name="ErrorResultInstance_ReturnsCachedValue" storage="d:\actions-runner\_work\xpco\xpco\corporate\commonapi\videoos.management.vmoclient.unittests\bin\debug\net472\videoos.management.vmoclient.unittests.dll" id="fe26576b-edfb-c4fa-aee1-7a159320955b">
      <Execution id="aae60978-feaa-4cb8-ba49-5c9abefec043" />
      <TestMethod codeBase="D:\actions-runner\_work\XPCO\XPCO\Corporate\CommonAPI\VideoOS.Management.VmoClient.UnitTests\bin\Debug\net472\VideoOS.Management.VmoClient.UnitTests.dll" adapterTypeName="executor://mstestadapter/v2" className="VideoOS.Management.VmoClient.UnitTests.TaskAsyncTaskTest" name="ErrorResultInstance_ReturnsCachedValue" />
    </UnitTest>
    <UnitTest name="SystemDashboardConfigurationuration_Update_Success" storage="d:\actions-runner\_work\xpco\xpco\corporate\commonapi\videoos.management.vmoclient.unittests\bin\debug\net472\videoos.management.vmoclient.unittests.dll" id="8aef9341-89d7-79ce-fb7c-7252b900e1b1">
      <Execution id="d82107f5-9872-4fc5-8f46-31b9690440a3" />
      <TestMethod codeBase="D:\actions-runner\_work\XPCO\XPCO\Corporate\CommonAPI\VideoOS.Management.VmoClient.UnitTests\bin\Debug\net472\VideoOS.Management.VmoClient.UnitTests.dll" adapterTypeName="executor://mstestadapter/v2" className="VideoOS.Management.VmoClient.UnitTests.SystemDashboardConfigTest" name="SystemDashboardConfigurationuration_Update_Success" />
    </UnitTest>
    <UnitTest name="VideoWall_CreateWithId_CheckVersionNotCalled" storage="d:\actions-runner\_work\xpco\xpco\corporate\commonapi\videoos.management.vmoclient.unittests\bin\debug\net472\videoos.management.vmoclient.unittests.dll" id="16014445-361f-ce5b-f5be-c3aa5c55e580">
      <Execution id="467077b5-7122-4543-82a0-d2f5db392e82" />
      <TestMethod codeBase="D:\actions-runner\_work\XPCO\XPCO\Corporate\CommonAPI\VideoOS.Management.VmoClient.UnitTests\bin\Debug\net472\VideoOS.Management.VmoClient.UnitTests.dll" adapterTypeName="executor://mstestadapter/v2" className="VideoOS.Management.VmoClient.UnitTests.VideoWallTest" name="VideoWall_CreateWithId_CheckVersionNotCalled" />
    </UnitTest>
    <UnitTest name="MarkedData_IsDirty_Success" storage="d:\actions-runner\_work\xpco\xpco\corporate\commonapi\videoos.management.vmoclient.unittests\bin\debug\net472\videoos.management.vmoclient.unittests.dll" id="fe2d2916-4015-7346-a520-79becf82a5b0">
      <Execution id="2a30f5b8-ceef-446f-9aa2-7f2080e69d8e" />
      <TestMethod codeBase="D:\actions-runner\_work\XPCO\XPCO\Corporate\CommonAPI\VideoOS.Management.VmoClient.UnitTests\bin\Debug\net472\VideoOS.Management.VmoClient.UnitTests.dll" adapterTypeName="executor://mstestadapter/v2" className="VideoOS.Management.VmoClient.UnitTests.MarkedDataTest" name="MarkedData_IsDirty_Success" />
    </UnitTest>
    <UnitTest name="TaskRequestEdgeStorage_StartNew_Success" storage="d:\actions-runner\_work\xpco\xpco\corporate\commonapi\videoos.management.vmoclient.unittests\bin\debug\net472\videoos.management.vmoclient.unittests.dll" id="d097418a-284a-0f48-b120-88f843d12853">
      <Execution id="f9f19143-eb75-4f00-8b68-7760fe180232" />
      <TestMethod codeBase="D:\actions-runner\_work\XPCO\XPCO\Corporate\CommonAPI\VideoOS.Management.VmoClient.UnitTests\bin\Debug\net472\VideoOS.Management.VmoClient.UnitTests.dll" adapterTypeName="executor://mstestadapter/v2" className="VideoOS.Management.VmoClient.UnitTests.TaskRequestEdgeStorageTest" name="TaskRequestEdgeStorage_StartNew_Success" />
    </UnitTest>
    <UnitTest name="CalendarTimeProfile_Refresh_Success" storage="d:\actions-runner\_work\xpco\xpco\corporate\commonapi\videoos.management.vmoclient.unittests\bin\debug\net472\videoos.management.vmoclient.unittests.dll" id="cda36453-4b03-8814-c9dc-788a92f4f459">
      <Execution id="802806f9-1fdc-4030-bc88-21fabb767af2" />
      <TestMethod codeBase="D:\actions-runner\_work\XPCO\XPCO\Corporate\CommonAPI\VideoOS.Management.VmoClient.UnitTests\bin\Debug\net472\VideoOS.Management.VmoClient.UnitTests.dll" adapterTypeName="executor://mstestadapter/v2" className="VideoOS.Management.VmoClient.UnitTests.CalendarTimeProfileTest" name="CalendarTimeProfile_Refresh_Success" />
    </UnitTest>
    <UnitTest name="Monitor_MonitorState_MonitorStateCalled" storage="d:\actions-runner\_work\xpco\xpco\corporate\commonapi\videoos.management.vmoclient.unittests\bin\debug\net472\videoos.management.vmoclient.unittests.dll" id="4aeaa612-27af-a67f-7e10-8ef819c871f1">
      <Execution id="d8a93f78-9d51-4e63-b134-9a92cb2943d9" />
      <TestMethod codeBase="D:\actions-runner\_work\XPCO\XPCO\Corporate\CommonAPI\VideoOS.Management.VmoClient.UnitTests\bin\Debug\net472\VideoOS.Management.VmoClient.UnitTests.dll" adapterTypeName="executor://mstestadapter/v2" className="VideoOS.Management.VmoClient.UnitTests.MonitorTest" name="Monitor_MonitorState_MonitorStateCalled" />
    </UnitTest>
    <UnitTest name="RuleSource_Update_CheckVersionCalled" storage="d:\actions-runner\_work\xpco\xpco\corporate\commonapi\videoos.management.vmoclient.unittests\bin\debug\net472\videoos.management.vmoclient.unittests.dll" id="39c5c78d-df2a-f4d2-455d-c8de32a898b1">
      <Execution id="ae6351d9-7652-4b75-9e55-7380a230ae55" />
      <TestMethod codeBase="D:\actions-runner\_work\XPCO\XPCO\Corporate\CommonAPI\VideoOS.Management.VmoClient.UnitTests\bin\Debug\net472\VideoOS.Management.VmoClient.UnitTests.dll" adapterTypeName="executor://mstestadapter/v2" className="VideoOS.Management.VmoClient.UnitTests.RuleSourceTest" name="RuleSource_Update_CheckVersionCalled" />
    </UnitTest>
    <UnitTest name="CalendarTimeProfile_Create_CustomId_Success_Constructor" storage="d:\actions-runner\_work\xpco\xpco\corporate\commonapi\videoos.management.vmoclient.unittests\bin\debug\net472\videoos.management.vmoclient.unittests.dll" id="65725e40-3717-e9de-609c-7f4189d0ecf1">
      <Execution id="69ca6d4b-e8be-42af-a5b8-e4336cb6aa84" />
      <TestMethod codeBase="D:\actions-runner\_work\XPCO\XPCO\Corporate\CommonAPI\VideoOS.Management.VmoClient.UnitTests\bin\Debug\net472\VideoOS.Management.VmoClient.UnitTests.dll" adapterTypeName="executor://mstestadapter/v2" className="VideoOS.Management.VmoClient.UnitTests.CalendarTimeProfileTest" name="CalendarTimeProfile_Create_CustomId_Success_Constructor" />
    </UnitTest>
    <UnitTest name="RecordingServer_Add_Hardware_Success" storage="d:\actions-runner\_work\xpco\xpco\corporate\commonapi\videoos.management.vmoclient.unittests\bin\debug\net472\videoos.management.vmoclient.unittests.dll" id="994ed121-b384-2e00-1da4-c31e8e407b0a">
      <Execution id="f5cb9121-f9f0-478c-aea7-8c6c2ac0edb1" />
      <TestMethod codeBase="D:\actions-runner\_work\XPCO\XPCO\Corporate\CommonAPI\VideoOS.Management.VmoClient.UnitTests\bin\Debug\net472\VideoOS.Management.VmoClient.UnitTests.dll" adapterTypeName="executor://mstestadapter/v2" className="VideoOS.Management.VmoClient.UnitTests.RecordingServerTest" name="RecordingServer_Add_Hardware_Success" />
    </UnitTest>
    <UnitTest name="Constructor_GivenNullSiteConnectorOAuth_ShouldThrow" storage="d:\actions-runner\_work\xpco\xpco\corporate\commonapi\videoos.management.vmoclient.unittests\bin\debug\net472\videoos.management.vmoclient.unittests.dll" id="5cc4f7a1-fc05-ad19-6f74-4756de5fc614">
      <Execution id="834ca26e-cb43-4e3e-93e4-bb8ad0461990" />
      <TestMethod codeBase="D:\actions-runner\_work\XPCO\XPCO\Corporate\CommonAPI\VideoOS.Management.VmoClient.UnitTests\bin\Debug\net472\VideoOS.Management.VmoClient.UnitTests.dll" adapterTypeName="executor://mstestadapter/v2" className="VideoOS.Management.VmoClient.UnitTests.SiteConnectorTest" name="Constructor_GivenNullSiteConnectorOAuth_ShouldThrow" />
    </UnitTest>
    <UnitTest name="ManagementServer_AttachMasterSite_ArgumentNullException" storage="d:\actions-runner\_work\xpco\xpco\corporate\commonapi\videoos.management.vmoclient.unittests\bin\debug\net472\videoos.management.vmoclient.unittests.dll" id="1d85d0e8-8781-260e-9ed2-e40595d46c9f">
      <Execution id="9ad79d45-9fc4-468c-a052-c20bada79ae4" />
      <TestMethod codeBase="D:\actions-runner\_work\XPCO\XPCO\Corporate\CommonAPI\VideoOS.Management.VmoClient.UnitTests\bin\Debug\net472\VideoOS.Management.VmoClient.UnitTests.dll" adapterTypeName="executor://mstestadapter/v2" className="VideoOS.Management.VmoClient.UnitTests.ManagementServerTest" name="ManagementServer_AttachMasterSite_ArgumentNullException" />
    </UnitTest>
    <UnitTest name="SunClockTimeProfile_Delete_Success" storage="d:\actions-runner\_work\xpco\xpco\corporate\commonapi\videoos.management.vmoclient.unittests\bin\debug\net472\videoos.management.vmoclient.unittests.dll" id="9fb13209-5497-c932-ef08-cafb61cad12c">
      <Execution id="9f19a2d6-b22e-47eb-9a16-cfcc93b93e9a" />
      <TestMethod codeBase="D:\actions-runner\_work\XPCO\XPCO\Corporate\CommonAPI\VideoOS.Management.VmoClient.UnitTests\bin\Debug\net472\VideoOS.Management.VmoClient.UnitTests.dll" adapterTypeName="executor://mstestadapter/v2" className="VideoOS.Management.VmoClient.UnitTests.SunClockTimeProfileTest" name="SunClockTimeProfile_Delete_Success" />
    </UnitTest>
    <UnitTest name="MarkedData_Refresh_Failed_Deleted_On_Server" storage="d:\actions-runner\_work\xpco\xpco\corporate\commonapi\videoos.management.vmoclient.unittests\bin\debug\net472\videoos.management.vmoclient.unittests.dll" id="d30553d3-7866-d34b-040a-85c642571e10">
      <Execution id="26971859-50d1-4a69-a3c6-3284c1ee5796" />
      <TestMethod codeBase="D:\actions-runner\_work\XPCO\XPCO\Corporate\CommonAPI\VideoOS.Management.VmoClient.UnitTests\bin\Debug\net472\VideoOS.Management.VmoClient.UnitTests.dll" adapterTypeName="executor://mstestadapter/v2" className="VideoOS.Management.VmoClient.UnitTests.MarkedDataTest" name="MarkedData_Refresh_Failed_Deleted_On_Server" />
    </UnitTest>
    <UnitTest name="GetIdpInfo_GivenWorkingAddress_ShouldReturnIdpInfo" storage="d:\actions-runner\_work\xpco\xpco\corporate\commonapi\videoos.management.vmoclient.unittests\bin\debug\net472\videoos.management.vmoclient.unittests.dll" id="7e845520-152f-bc7f-2198-97309fd64061">
      <Execution id="57a8bc2e-b910-4025-8fe7-509c7045332d" />
      <TestMethod codeBase="D:\actions-runner\_work\XPCO\XPCO\Corporate\CommonAPI\VideoOS.Management.VmoClient.UnitTests\bin\Debug\net472\VideoOS.Management.VmoClient.UnitTests.dll" adapterTypeName="executor://mstestadapter/v2" className="VideoOS.Management.VmoClient.UnitTests.SiteIdpConnectorTests" name="GetIdpInfo_GivenWorkingAddress_ShouldReturnIdpInfo" />
    </UnitTest>
    <UnitTest name="MIPObject_Update_Success" storage="d:\actions-runner\_work\xpco\xpco\corporate\commonapi\videoos.management.vmoclient.unittests\bin\debug\net472\videoos.management.vmoclient.unittests.dll" id="f28ba87e-8e56-6e33-8b13-a84a00ffab9e">
      <Execution id="0435ec3b-c4ba-4f01-9226-c84d43c15ae6" />
      <TestMethod codeBase="D:\actions-runner\_work\XPCO\XPCO\Corporate\CommonAPI\VideoOS.Management.VmoClient.UnitTests\bin\Debug\net472\VideoOS.Management.VmoClient.UnitTests.dll" adapterTypeName="executor://mstestadapter/v2" className="VideoOS.Management.VmoClient.UnitTests.MIPObjectTest" name="MIPObject_Update_Success" />
    </UnitTest>
    <UnitTest name="PerformanceStateRuleConfig_Constructor_CheckForVersion_7_0_and_throws" storage="d:\actions-runner\_work\xpco\xpco\corporate\commonapi\videoos.management.vmoclient.unittests\bin\debug\net472\videoos.management.vmoclient.unittests.dll" id="a222126a-0bc4-156a-67e5-d6bfe410cb10">
      <Execution id="091f947c-793e-44b7-8149-479fcbc11940" />
      <TestMethod codeBase="D:\actions-runner\_work\XPCO\XPCO\Corporate\CommonAPI\VideoOS.Management.VmoClient.UnitTests\bin\Debug\net472\VideoOS.Management.VmoClient.UnitTests.dll" adapterTypeName="executor://mstestadapter/v2" className="VideoOS.Management.VmoClient.UnitTests.PerformanceStateRuleConfigTest" name="PerformanceStateRuleConfig_Constructor_CheckForVersion_7_0_and_throws" />
    </UnitTest>
    <UnitTest name="TryGetPropertyValue_NonNullableType_NotExist_ReturnsDefaultValue" storage="d:\actions-runner\_work\xpco\xpco\corporate\commonapi\videoos.management.vmoclient.unittests\bin\debug\net472\videoos.management.vmoclient.unittests.dll" id="d1267b9f-28dc-2cfc-8416-edad06813463">
      <Execution id="e7924cb2-e2c0-4012-9390-c375680eaefe" />
      <TestMethod codeBase="D:\actions-runner\_work\XPCO\XPCO\Corporate\CommonAPI\VideoOS.Management.VmoClient.UnitTests\bin\Debug\net472\VideoOS.Management.VmoClient.UnitTests.dll" adapterTypeName="executor://mstestadapter/v2" className="VideoOS.Management.VmoClient.UnitTests.Framework.VmoPropertyCollectionTest" name="TryGetPropertyValue_NonNullableType_NotExist_ReturnsDefaultValue" />
    </UnitTest>
    <UnitTest name="Management_Update_Success" storage="d:\actions-runner\_work\xpco\xpco\corporate\commonapi\videoos.management.vmoclient.unittests\bin\debug\net472\videoos.management.vmoclient.unittests.dll" id="721a22df-dcb2-fd19-7a7f-fbe5b1222744">
      <Execution id="64ab34e1-d685-4974-a41f-22c944bfe11d" />
      <TestMethod codeBase="D:\actions-runner\_work\XPCO\XPCO\Corporate\CommonAPI\VideoOS.Management.VmoClient.UnitTests\bin\Debug\net472\VideoOS.Management.VmoClient.UnitTests.dll" adapterTypeName="executor://mstestadapter/v2" className="VideoOS.Management.VmoClient.UnitTests.ManagementServerTest" name="Management_Update_Success" />
    </UnitTest>
    <UnitTest name="SystemDashboardConfigurationuration_Refresh_Failed_Not_Created" storage="d:\actions-runner\_work\xpco\xpco\corporate\commonapi\videoos.management.vmoclient.unittests\bin\debug\net472\videoos.management.vmoclient.unittests.dll" id="3ef8df55-4649-93c3-3be6-7324a0162458">
      <Execution id="05665c4d-b6a8-4844-815b-1c6e9d26be9a" />
      <TestMethod codeBase="D:\actions-runner\_work\XPCO\XPCO\Corporate\CommonAPI\VideoOS.Management.VmoClient.UnitTests\bin\Debug\net472\VideoOS.Management.VmoClient.UnitTests.dll" adapterTypeName="executor://mstestadapter/v2" className="VideoOS.Management.VmoClient.UnitTests.SystemDashboardConfigTest" name="SystemDashboardConfigurationuration_Refresh_Failed_Not_Created" />
    </UnitTest>
    <UnitTest name="SystemDashboardConfigurationuration_IsCreated_Success" storage="d:\actions-runner\_work\xpco\xpco\corporate\commonapi\videoos.management.vmoclient.unittests\bin\debug\net472\videoos.management.vmoclient.unittests.dll" id="53bb92b4-8123-4864-4981-3b9bf05b122a">
      <Execution id="3cfda770-38ff-4824-876d-55a5f7276c5c" />
      <TestMethod codeBase="D:\actions-runner\_work\XPCO\XPCO\Corporate\CommonAPI\VideoOS.Management.VmoClient.UnitTests\bin\Debug\net472\VideoOS.Management.VmoClient.UnitTests.dll" adapterTypeName="executor://mstestadapter/v2" className="VideoOS.Management.VmoClient.UnitTests.SystemDashboardConfigTest" name="SystemDashboardConfigurationuration_IsCreated_Success" />
    </UnitTest>
    <UnitTest name="Grid_RemoveNonExistingRegion_NotRemoved" storage="d:\actions-runner\_work\xpco\xpco\corporate\commonapi\videoos.management.vmoclient.unittests\bin\debug\net472\videoos.management.vmoclient.unittests.dll" id="1db94274-6592-8d13-818e-4085419651f2">
      <TestCategory>
        <TestCategoryItem TestCategory="Grid" />
      </TestCategory>
      <Execution id="49d995f9-87e9-4ebd-9b52-d388c17bbb49" />
      <TestMethod codeBase="D:\actions-runner\_work\XPCO\XPCO\Corporate\CommonAPI\VideoOS.Management.VmoClient.UnitTests\bin\Debug\net472\VideoOS.Management.VmoClient.UnitTests.dll" adapterTypeName="executor://mstestadapter/v2" className="VideoOS.Management.VmoClient.UnitTests.GridTest" name="Grid_RemoveNonExistingRegion_NotRemoved" />
    </UnitTest>
    <UnitTest name="CalendarTimeProfile_CustomProperties_CheckForVersion_7_0_and_throws" storage="d:\actions-runner\_work\xpco\xpco\corporate\commonapi\videoos.management.vmoclient.unittests\bin\debug\net472\videoos.management.vmoclient.unittests.dll" id="20dc1a2e-8954-e203-e1bb-7c9c3a0f31b8">
      <Execution id="aff4ddf2-b448-4fc2-a8c7-80e96ff979f2" />
      <TestMethod codeBase="D:\actions-runner\_work\XPCO\XPCO\Corporate\CommonAPI\VideoOS.Management.VmoClient.UnitTests\bin\Debug\net472\VideoOS.Management.VmoClient.UnitTests.dll" adapterTypeName="executor://mstestadapter/v2" className="VideoOS.Management.VmoClient.UnitTests.CalendarTimeProfileTest" name="CalendarTimeProfile_CustomProperties_CheckForVersion_7_0_and_throws" />
    </UnitTest>
    <UnitTest name="GenericRepositoryTestGetObjectByIdsCacheTest" storage="d:\actions-runner\_work\xpco\xpco\corporate\commonapi\videoos.management.vmoclient.unittests\bin\debug\net472\videoos.management.vmoclient.unittests.dll" id="ac7166d5-6ed9-af93-adae-df1837157d22">
      <Execution id="550ab972-d30b-4a03-be8b-23b94754119e" />
      <TestMethod codeBase="D:\actions-runner\_work\XPCO\XPCO\Corporate\CommonAPI\VideoOS.Management.VmoClient.UnitTests\bin\Debug\net472\VideoOS.Management.VmoClient.UnitTests.dll" adapterTypeName="executor://mstestadapter/v2" className="VideoOS.Management.VmoClient.UnitTests.GenericRepositoryTest" name="GenericRepositoryTestGetObjectByIdsCacheTest" />
    </UnitTest>
    <UnitTest name="VmoObject_Constructor_PropertiesInitialized" storage="d:\actions-runner\_work\xpco\xpco\corporate\commonapi\videoos.management.vmoclient.unittests\bin\debug\net472\videoos.management.vmoclient.unittests.dll" id="6ee7430e-6644-e8e9-f660-9955ce2e66a5">
      <Execution id="132ace26-0a2b-4319-86fa-23a1a8b8c69d" />
      <TestMethod codeBase="D:\actions-runner\_work\XPCO\XPCO\Corporate\CommonAPI\VideoOS.Management.VmoClient.UnitTests\bin\Debug\net472\VideoOS.Management.VmoClient.UnitTests.dll" adapterTypeName="executor://mstestadapter/v2" className="VideoOS.Management.VmoClient.UnitTests.VmoObjectTest" name="VmoObject_Constructor_PropertiesInitialized" />
    </UnitTest>
    <UnitTest name="RetentionOptionRoleRelation_Repository_Registered" storage="d:\actions-runner\_work\xpco\xpco\corporate\commonapi\videoos.management.vmoclient.unittests\bin\debug\net472\videoos.management.vmoclient.unittests.dll" id="f089828d-f028-71d5-48d2-b0fdefe19ce6">
      <Execution id="c7261cb6-6daa-44de-9a8b-cd563dd2ccf6" />
      <TestMethod codeBase="D:\actions-runner\_work\XPCO\XPCO\Corporate\CommonAPI\VideoOS.Management.VmoClient.UnitTests\bin\Debug\net472\VideoOS.Management.VmoClient.UnitTests.dll" adapterTypeName="executor://mstestadapter/v2" className="VideoOS.Management.VmoClient.UnitTests.RetentionOptionRoleRelationTest" name="RetentionOptionRoleRelation_Repository_Registered" />
    </UnitTest>
    <UnitTest name="TrustedIssuer_Constructor_DefaultValuesCorrect" storage="d:\actions-runner\_work\xpco\xpco\corporate\commonapi\videoos.management.vmoclient.unittests\bin\debug\net472\videoos.management.vmoclient.unittests.dll" id="14ed280b-e0d1-ac05-a52b-80f44809c7e5">
      <Execution id="718e0b64-1938-4cba-93f4-0a7600d31f07" />
      <TestMethod codeBase="D:\actions-runner\_work\XPCO\XPCO\Corporate\CommonAPI\VideoOS.Management.VmoClient.UnitTests\bin\Debug\net472\VideoOS.Management.VmoClient.UnitTests.dll" adapterTypeName="executor://mstestadapter/v2" className="VideoOS.Management.VmoClient.UnitTests.TrustedIssuerTest" name="TrustedIssuer_Constructor_DefaultValuesCorrect" />
    </UnitTest>
    <UnitTest name="MIPEvent_Constructor_DefaultValuesCorrect" storage="d:\actions-runner\_work\xpco\xpco\corporate\commonapi\videoos.management.vmoclient.unittests\bin\debug\net472\videoos.management.vmoclient.unittests.dll" id="68c60ae4-795d-f7b2-0ddd-0853c559d68d">
      <Execution id="1598ff7e-5acd-4799-8096-6b1822620bda" />
      <TestMethod codeBase="D:\actions-runner\_work\XPCO\XPCO\Corporate\CommonAPI\VideoOS.Management.VmoClient.UnitTests\bin\Debug\net472\VideoOS.Management.VmoClient.UnitTests.dll" adapterTypeName="executor://mstestadapter/v2" className="VideoOS.Management.VmoClient.UnitTests.MIPEventTest" name="MIPEvent_Constructor_DefaultValuesCorrect" />
    </UnitTest>
    <UnitTest name="RetentionOptionRoleRelation_Constructor_DefaultValuesCorrect" storage="d:\actions-runner\_work\xpco\xpco\corporate\commonapi\videoos.management.vmoclient.unittests\bin\debug\net472\videoos.management.vmoclient.unittests.dll" id="a8602185-c69f-60f3-f0b2-cecb67753975">
      <Execution id="cf7b4899-f9b4-4964-91c1-652c94e750b2" />
      <TestMethod codeBase="D:\actions-runner\_work\XPCO\XPCO\Corporate\CommonAPI\VideoOS.Management.VmoClient.UnitTests\bin\Debug\net472\VideoOS.Management.VmoClient.UnitTests.dll" adapterTypeName="executor://mstestadapter/v2" className="VideoOS.Management.VmoClient.UnitTests.RetentionOptionRoleRelationTest" name="RetentionOptionRoleRelation_Constructor_DefaultValuesCorrect" />
    </UnitTest>
    <UnitTest name="RuleSource_Refresh_CheckVersionCalled" storage="d:\actions-runner\_work\xpco\xpco\corporate\commonapi\videoos.management.vmoclient.unittests\bin\debug\net472\videoos.management.vmoclient.unittests.dll" id="50ccfab2-c8b8-e6d6-b76d-97f3c7335a90">
      <Execution id="89a99e96-09ee-4993-9f01-a09d9ada667c" />
      <TestMethod codeBase="D:\actions-runner\_work\XPCO\XPCO\Corporate\CommonAPI\VideoOS.Management.VmoClient.UnitTests\bin\Debug\net472\VideoOS.Management.VmoClient.UnitTests.dll" adapterTypeName="executor://mstestadapter/v2" className="VideoOS.Management.VmoClient.UnitTests.RuleSourceTest" name="RuleSource_Refresh_CheckVersionCalled" />
    </UnitTest>
    <UnitTest name="MarkedData_Constructor_DefaultValuesCorrect" storage="d:\actions-runner\_work\xpco\xpco\corporate\commonapi\videoos.management.vmoclient.unittests\bin\debug\net472\videoos.management.vmoclient.unittests.dll" id="80097625-e003-6f69-9b6c-cb7eeead4cc8">
      <Execution id="7eecf722-1d25-44d5-b52b-b4bfb0f4d0a8" />
      <TestMethod codeBase="D:\actions-runner\_work\XPCO\XPCO\Corporate\CommonAPI\VideoOS.Management.VmoClient.UnitTests\bin\Debug\net472\VideoOS.Management.VmoClient.UnitTests.dll" adapterTypeName="executor://mstestadapter/v2" className="VideoOS.Management.VmoClient.UnitTests.MarkedDataTest" name="MarkedData_Constructor_DefaultValuesCorrect" />
    </UnitTest>
    <UnitTest name="ManagementServer_AttachChildSite_Called" storage="d:\actions-runner\_work\xpco\xpco\corporate\commonapi\videoos.management.vmoclient.unittests\bin\debug\net472\videoos.management.vmoclient.unittests.dll" id="bb68a4f3-b961-a1ba-aa1d-980c85fccb0d">
      <Execution id="e4e4b74f-8e66-4376-9468-b9c3eb5687e7" />
      <TestMethod codeBase="D:\actions-runner\_work\XPCO\XPCO\Corporate\CommonAPI\VideoOS.Management.VmoClient.UnitTests\bin\Debug\net472\VideoOS.Management.VmoClient.UnitTests.dll" adapterTypeName="executor://mstestadapter/v2" className="VideoOS.Management.VmoClient.UnitTests.ManagementServerTest" name="ManagementServer_AttachChildSite_Called" />
    </UnitTest>
    <UnitTest name="VideoWallPreset_Activate_Success" storage="d:\actions-runner\_work\xpco\xpco\corporate\commonapi\videoos.management.vmoclient.unittests\bin\debug\net472\videoos.management.vmoclient.unittests.dll" id="3491f7c4-65eb-27da-c18b-89f7c7994d19">
      <Execution id="2371bfe7-b414-49e9-90f1-1b64f9e3323a" />
      <TestMethod codeBase="D:\actions-runner\_work\XPCO\XPCO\Corporate\CommonAPI\VideoOS.Management.VmoClient.UnitTests\bin\Debug\net472\VideoOS.Management.VmoClient.UnitTests.dll" adapterTypeName="executor://mstestadapter/v2" className="VideoOS.Management.VmoClient.UnitTests.VideoWallPresetTest" name="VideoWallPreset_Activate_Success" />
    </UnitTest>
    <UnitTest name="SunClockTimeProfile_CustomProperties_CheckForVersion_6_1_and_throws" storage="d:\actions-runner\_work\xpco\xpco\corporate\commonapi\videoos.management.vmoclient.unittests\bin\debug\net472\videoos.management.vmoclient.unittests.dll" id="306ed4e8-4ab8-4787-b5e2-af3193c255e6">
      <Execution id="3707c79f-cb00-4771-bb5c-6976ebb091b6" />
      <TestMethod codeBase="D:\actions-runner\_work\XPCO\XPCO\Corporate\CommonAPI\VideoOS.Management.VmoClient.UnitTests\bin\Debug\net472\VideoOS.Management.VmoClient.UnitTests.dll" adapterTypeName="executor://mstestadapter/v2" className="VideoOS.Management.VmoClient.UnitTests.SunClockTimeProfileTest" name="SunClockTimeProfile_CustomProperties_CheckForVersion_6_1_and_throws" />
    </UnitTest>
    <UnitTest name="TryConnectLegacyAsUser_GivenSuccess_ShouldReturnVmoClient" storage="d:\actions-runner\_work\xpco\xpco\corporate\commonapi\videoos.management.vmoclient.unittests\bin\debug\net472\videoos.management.vmoclient.unittests.dll" id="49e96d57-3a14-4851-43de-a595576d1802">
      <Execution id="2828418f-47ef-4307-b875-1096701e9057" />
      <TestMethod codeBase="D:\actions-runner\_work\XPCO\XPCO\Corporate\CommonAPI\VideoOS.Management.VmoClient.UnitTests\bin\Debug\net472\VideoOS.Management.VmoClient.UnitTests.dll" adapterTypeName="executor://mstestadapter/v2" className="VideoOS.Management.VmoClient.UnitTests.SiteVmoConnectorTests" name="TryConnectLegacyAsUser_GivenSuccess_ShouldReturnVmoClient" />
    </UnitTest>
    <UnitTest name="ThrowExceptionIfProtocolIsNotAllowed_NonSecureProtocol_NonSecureNotAllowed_Throws" storage="d:\actions-runner\_work\xpco\xpco\corporate\commonapi\videoos.management.vmoclient.unittests\bin\debug\net472\videoos.management.vmoclient.unittests.dll" id="424d850d-59b2-3bdf-a9a5-7ffbdde0a011">
      <Execution id="393facbd-b5cc-43f6-8b1c-9ab020fe559a" />
      <TestMethod codeBase="D:\actions-runner\_work\XPCO\XPCO\Corporate\CommonAPI\VideoOS.Management.VmoClient.UnitTests\bin\Debug\net472\VideoOS.Management.VmoClient.UnitTests.dll" adapterTypeName="executor://mstestadapter/v2" className="VideoOS.Management.VmoClient.UnitTests.SiteConnectorTest" name="ThrowExceptionIfProtocolIsNotAllowed_NonSecureProtocol_NonSecureNotAllowed_Throws" />
    </UnitTest>
    <UnitTest name="Monitor_Update_Success" storage="d:\actions-runner\_work\xpco\xpco\corporate\commonapi\videoos.management.vmoclient.unittests\bin\debug\net472\videoos.management.vmoclient.unittests.dll" id="ea4efef3-0f34-a49f-40d1-0a7ff0989172">
      <Execution id="5f878bcc-a2eb-4cd4-8fc9-8bb00a421ccf" />
      <TestMethod codeBase="D:\actions-runner\_work\XPCO\XPCO\Corporate\CommonAPI\VideoOS.Management.VmoClient.UnitTests\bin\Debug\net472\VideoOS.Management.VmoClient.UnitTests.dll" adapterTypeName="executor://mstestadapter/v2" className="VideoOS.Management.VmoClient.UnitTests.MonitorTest" name="Monitor_Update_Success" />
    </UnitTest>
    <UnitTest name="Master_Refresh_NotCreated_InvalidOperationException" storage="d:\actions-runner\_work\xpco\xpco\corporate\commonapi\videoos.management.vmoclient.unittests\bin\debug\net472\videoos.management.vmoclient.unittests.dll" id="417144aa-4122-7ec4-01c5-f3e4baa6fbc3">
      <Execution id="53408aff-93a4-43e5-ac37-53489226aab7" />
      <TestMethod codeBase="D:\actions-runner\_work\XPCO\XPCO\Corporate\CommonAPI\VideoOS.Management.VmoClient.UnitTests\bin\Debug\net472\VideoOS.Management.VmoClient.UnitTests.dll" adapterTypeName="executor://mstestadapter/v2" className="VideoOS.Management.VmoClient.UnitTests.MasterSiteTest" name="Master_Refresh_NotCreated_InvalidOperationException" />
    </UnitTest>
    <UnitTest name="ServerVersionConstructor_Version_Success" storage="d:\actions-runner\_work\xpco\xpco\corporate\commonapi\videoos.management.vmoclient.unittests\bin\debug\net472\videoos.management.vmoclient.unittests.dll" id="da461f26-5d63-523f-2d23-b341fc1ad023">
      <TestCategory>
        <TestCategoryItem TestCategory="Server Version" />
      </TestCategory>
      <Execution id="ec9f7dee-e254-4841-8624-bee4d19e2114" />
      <TestMethod codeBase="D:\actions-runner\_work\XPCO\XPCO\Corporate\CommonAPI\VideoOS.Management.VmoClient.UnitTests\bin\Debug\net472\VideoOS.Management.VmoClient.UnitTests.dll" adapterTypeName="executor://mstestadapter/v2" className="VideoOS.Management.VmoClient.Tests.ServerVersionTests" name="ServerVersionConstructor_Version_Success" />
    </UnitTest>
    <UnitTest name="GetUserDomainNameOrEmpty_NullArgument_ReturnsEmpty" storage="d:\actions-runner\_work\xpco\xpco\corporate\commonapi\videoos.management.vmoclient.unittests\bin\debug\net472\videoos.management.vmoclient.unittests.dll" id="4253ed18-a2a7-1788-0d1b-413834040b11">
      <Execution id="f508d26d-5f53-49d0-9dc2-320e94e0f8c1" />
      <TestMethod codeBase="D:\actions-runner\_work\XPCO\XPCO\Corporate\CommonAPI\VideoOS.Management.VmoClient.UnitTests\bin\Debug\net472\VideoOS.Management.VmoClient.UnitTests.dll" adapterTypeName="executor://mstestadapter/v2" className="VideoOS.Management.VmoClient.UnitTests.SiteConnectorTest" name="GetUserDomainNameOrEmpty_NullArgument_ReturnsEmpty" />
    </UnitTest>
    <UnitTest name="SystemDashboardConfigurationuration_Delete_Failed_Not_Created" storage="d:\actions-runner\_work\xpco\xpco\corporate\commonapi\videoos.management.vmoclient.unittests\bin\debug\net472\videoos.management.vmoclient.unittests.dll" id="55877fc3-44b1-335f-53a1-3ab0dd05460f">
      <Execution id="7d57358f-b9f6-4726-8206-e1dba9c78cf1" />
      <TestMethod codeBase="D:\actions-runner\_work\XPCO\XPCO\Corporate\CommonAPI\VideoOS.Management.VmoClient.UnitTests\bin\Debug\net472\VideoOS.Management.VmoClient.UnitTests.dll" adapterTypeName="executor://mstestadapter/v2" className="VideoOS.Management.VmoClient.UnitTests.SystemDashboardConfigTest" name="SystemDashboardConfigurationuration_Delete_Failed_Not_Created" />
    </UnitTest>
    <UnitTest name="TaskMoveRecordingStorage_Refresh_Success" storage="d:\actions-runner\_work\xpco\xpco\corporate\commonapi\videoos.management.vmoclient.unittests\bin\debug\net472\videoos.management.vmoclient.unittests.dll" id="2baf0449-377b-035c-e243-2b7e59fc8d84">
      <Execution id="c2183e5c-a312-431b-90cf-b6237cc01149" />
      <TestMethod codeBase="D:\actions-runner\_work\XPCO\XPCO\Corporate\CommonAPI\VideoOS.Management.VmoClient.UnitTests\bin\Debug\net472\VideoOS.Management.VmoClient.UnitTests.dll" adapterTypeName="executor://mstestadapter/v2" className="VideoOS.Management.VmoClient.UnitTests.TaskMoveRecordingStorageTest" name="TaskMoveRecordingStorage_Refresh_Success" />
    </UnitTest>
    <UnitTest name="PatrollingProfile_InsertStepAt_Existing_PatrollingStep_Invalid_Position" storage="d:\actions-runner\_work\xpco\xpco\corporate\commonapi\videoos.management.vmoclient.unittests\bin\debug\net472\videoos.management.vmoclient.unittests.dll" id="492a74e5-0879-8c47-fe63-f774f5fb0dd6">
      <TestCategory>
        <TestCategoryItem TestCategory="Patrolling Profile" />
      </TestCategory>
      <Execution id="207a22af-baae-48d6-919a-ec4c947541b8" />
      <TestMethod codeBase="D:\actions-runner\_work\XPCO\XPCO\Corporate\CommonAPI\VideoOS.Management.VmoClient.UnitTests\bin\Debug\net472\VideoOS.Management.VmoClient.UnitTests.dll" adapterTypeName="executor://mstestadapter/v2" className="VideoOS.Management.VmoClient.UnitTests.PatrollingProfileTest" name="PatrollingProfile_InsertStepAt_Existing_PatrollingStep_Invalid_Position" />
    </UnitTest>
    <UnitTest name="RuleSource_Update_Failed_Not_Created" storage="d:\actions-runner\_work\xpco\xpco\corporate\commonapi\videoos.management.vmoclient.unittests\bin\debug\net472\videoos.management.vmoclient.unittests.dll" id="a207ba8b-c394-7870-bbd5-3bb5925679e9">
      <Execution id="492f570c-cf7c-403d-9709-3e8067abc6ad" />
      <TestMethod codeBase="D:\actions-runner\_work\XPCO\XPCO\Corporate\CommonAPI\VideoOS.Management.VmoClient.UnitTests\bin\Debug\net472\VideoOS.Management.VmoClient.UnitTests.dll" adapterTypeName="executor://mstestadapter/v2" className="VideoOS.Management.VmoClient.UnitTests.RuleSourceTest" name="RuleSource_Update_Failed_Not_Created" />
    </UnitTest>
    <UnitTest name="VideoWallPreset_Create_CheckVersionNotCalled" storage="d:\actions-runner\_work\xpco\xpco\corporate\commonapi\videoos.management.vmoclient.unittests\bin\debug\net472\videoos.management.vmoclient.unittests.dll" id="1275c074-db08-31bd-05ad-06c9229297a2">
      <Execution id="323d1263-816f-49c6-9d11-ebcb76cc2ea2" />
      <TestMethod codeBase="D:\actions-runner\_work\XPCO\XPCO\Corporate\CommonAPI\VideoOS.Management.VmoClient.UnitTests\bin\Debug\net472\VideoOS.Management.VmoClient.UnitTests.dll" adapterTypeName="executor://mstestadapter/v2" className="VideoOS.Management.VmoClient.UnitTests.VideoWallPresetTest" name="VideoWallPreset_Create_CheckVersionNotCalled" />
    </UnitTest>
    <UnitTest name="SunClockTimeProfile_Create_CheckVersionNotCalled" storage="d:\actions-runner\_work\xpco\xpco\corporate\commonapi\videoos.management.vmoclient.unittests\bin\debug\net472\videoos.management.vmoclient.unittests.dll" id="be4db557-6c72-5208-cef7-e179c3349be6">
      <Execution id="3d7cee63-4ded-41e8-8cf4-f9f706c66764" />
      <TestMethod codeBase="D:\actions-runner\_work\XPCO\XPCO\Corporate\CommonAPI\VideoOS.Management.VmoClient.UnitTests\bin\Debug\net472\VideoOS.Management.VmoClient.UnitTests.dll" adapterTypeName="executor://mstestadapter/v2" className="VideoOS.Management.VmoClient.UnitTests.SunClockTimeProfileTest" name="SunClockTimeProfile_Create_CheckVersionNotCalled" />
    </UnitTest>
    <UnitTest name="MIPEvent_Repository_Registered" storage="d:\actions-runner\_work\xpco\xpco\corporate\commonapi\videoos.management.vmoclient.unittests\bin\debug\net472\videoos.management.vmoclient.unittests.dll" id="41f6c7e0-8c95-404f-3027-8dd2cba17e11">
      <Execution id="5b6063e5-7d98-41d5-9877-783b3d5f64b0" />
      <TestMethod codeBase="D:\actions-runner\_work\XPCO\XPCO\Corporate\CommonAPI\VideoOS.Management.VmoClient.UnitTests\bin\Debug\net472\VideoOS.Management.VmoClient.UnitTests.dll" adapterTypeName="executor://mstestadapter/v2" className="VideoOS.Management.VmoClient.UnitTests.MIPEventTest" name="MIPEvent_Repository_Registered" />
    </UnitTest>
    <UnitTest name="FilterHttpAddresses_GivenHttpsAndHttpAddresses_ShouldReturnOnlyHttpAddresses" storage="d:\actions-runner\_work\xpco\xpco\corporate\commonapi\videoos.management.vmoclient.unittests\bin\debug\net472\videoos.management.vmoclient.unittests.dll" id="1212d1b4-9de3-2c00-0810-5d71d78ff7e3">
      <TestCategory>
        <TestCategoryItem TestCategory="Vmo Site Connection Tests" />
      </TestCategory>
      <Execution id="9d14c862-f723-409b-8292-0f7dd3d67995" />
      <TestMethod codeBase="D:\actions-runner\_work\XPCO\XPCO\Corporate\CommonAPI\VideoOS.Management.VmoClient.UnitTests\bin\Debug\net472\VideoOS.Management.VmoClient.UnitTests.dll" adapterTypeName="executor://mstestadapter/v2" className="VideoOS.Management.VmoClient.UnitTests.SiteAddressValidatorTest" name="FilterHttpAddresses_GivenHttpsAndHttpAddresses_ShouldReturnOnlyHttpAddresses" />
    </UnitTest>
    <UnitTest name="PatrollingProfile_InsertStepAt_Existing_PatrollingStep_Position" storage="d:\actions-runner\_work\xpco\xpco\corporate\commonapi\videoos.management.vmoclient.unittests\bin\debug\net472\videoos.management.vmoclient.unittests.dll" id="b83be294-6532-01c7-4f9a-6a7ef7b4b6ba">
      <TestCategory>
        <TestCategoryItem TestCategory="Patrolling Profile" />
      </TestCategory>
      <Execution id="99cbe085-f900-40d5-af19-50266a5c4810" />
      <TestMethod codeBase="D:\actions-runner\_work\XPCO\XPCO\Corporate\CommonAPI\VideoOS.Management.VmoClient.UnitTests\bin\Debug\net472\VideoOS.Management.VmoClient.UnitTests.dll" adapterTypeName="executor://mstestadapter/v2" className="VideoOS.Management.VmoClient.UnitTests.PatrollingProfileTest" name="PatrollingProfile_InsertStepAt_Existing_PatrollingStep_Position" />
    </UnitTest>
    <UnitTest name="Grid_SetSpecificRegion_CorectAxis" storage="d:\actions-runner\_work\xpco\xpco\corporate\commonapi\videoos.management.vmoclient.unittests\bin\debug\net472\videoos.management.vmoclient.unittests.dll" id="8f734c84-010b-fd88-9118-98e3804d5b92">
      <TestCategory>
        <TestCategoryItem TestCategory="Grid" />
      </TestCategory>
      <Execution id="f116d00a-36dc-4e9e-9a8b-7845d0d649e3" />
      <TestMethod codeBase="D:\actions-runner\_work\XPCO\XPCO\Corporate\CommonAPI\VideoOS.Management.VmoClient.UnitTests\bin\Debug\net472\VideoOS.Management.VmoClient.UnitTests.dll" adapterTypeName="executor://mstestadapter/v2" className="VideoOS.Management.VmoClient.UnitTests.GridTest" name="Grid_SetSpecificRegion_CorectAxis" />
    </UnitTest>
    <UnitTest name="GetSiteConnectionResultTokenExchange_StoreContainsInvalidTokenCache_ShouldRemoveItFromStore" storage="d:\actions-runner\_work\xpco\xpco\corporate\commonapi\videoos.management.vmoclient.unittests\bin\debug\net472\videoos.management.vmoclient.unittests.dll" id="ea54672f-d80d-e87d-2113-75f571b1f270">
      <TestCategory>
        <TestCategoryItem TestCategory="Vmo Site Connection Tests" />
      </TestCategory>
      <Execution id="ce9bf60c-65f2-4793-a332-78c7a33cbdbf" />
      <TestMethod codeBase="D:\actions-runner\_work\XPCO\XPCO\Corporate\CommonAPI\VideoOS.Management.VmoClient.UnitTests\bin\Debug\net472\VideoOS.Management.VmoClient.UnitTests.dll" adapterTypeName="executor://mstestadapter/v2" className="VideoOS.Management.VmoClient.UnitTests.SiteConnectorOAuthTest" name="GetSiteConnectionResultTokenExchange_StoreContainsInvalidTokenCache_ShouldRemoveItFromStore" />
    </UnitTest>
    <UnitTest name="BasicUser_Constructor_DefaultValuesCorrect" storage="d:\actions-runner\_work\xpco\xpco\corporate\commonapi\videoos.management.vmoclient.unittests\bin\debug\net472\videoos.management.vmoclient.unittests.dll" id="6a6b3d60-b93a-8958-6b62-7ecff6d37770">
      <Execution id="a2e607af-e3aa-4507-85b6-c51d602522ed" />
      <TestMethod codeBase="D:\actions-runner\_work\XPCO\XPCO\Corporate\CommonAPI\VideoOS.Management.VmoClient.UnitTests\bin\Debug\net472\VideoOS.Management.VmoClient.UnitTests.dll" adapterTypeName="executor://mstestadapter/v2" className="VideoOS.Management.VmoClient.UnitTests.BasicUserTest" name="BasicUser_Constructor_DefaultValuesCorrect" />
    </UnitTest>
    <UnitTest name="Repairing_Refresh_Success" storage="d:\actions-runner\_work\xpco\xpco\corporate\commonapi\videoos.management.vmoclient.unittests\bin\debug\net472\videoos.management.vmoclient.unittests.dll" id="6706d411-8cf1-f762-631a-95a0ad7cba2a">
      <Execution id="381a8918-775d-47ed-8699-a1cd3a9e5774" />
      <TestMethod codeBase="D:\actions-runner\_work\XPCO\XPCO\Corporate\CommonAPI\VideoOS.Management.VmoClient.UnitTests\bin\Debug\net472\VideoOS.Management.VmoClient.UnitTests.dll" adapterTypeName="executor://mstestadapter/v2" className="VideoOS.Management.VmoClient.UnitTests.TaskArchivingTest" name="Repairing_Refresh_Success" />
    </UnitTest>
    <UnitTest name="TryGetPropertyValue_NonNullableType_ReturnsCorrectValue" storage="d:\actions-runner\_work\xpco\xpco\corporate\commonapi\videoos.management.vmoclient.unittests\bin\debug\net472\videoos.management.vmoclient.unittests.dll" id="28bcafb2-125c-2190-aeb9-78e3e150b00b">
      <Execution id="7778641d-455d-4cc6-b29c-4cee735ccd30" />
      <TestMethod codeBase="D:\actions-runner\_work\XPCO\XPCO\Corporate\CommonAPI\VideoOS.Management.VmoClient.UnitTests\bin\Debug\net472\VideoOS.Management.VmoClient.UnitTests.dll" adapterTypeName="executor://mstestadapter/v2" className="VideoOS.Management.VmoClient.UnitTests.Framework.VmoPropertyCollectionTest" name="TryGetPropertyValue_NonNullableType_ReturnsCorrectValue" />
    </UnitTest>
    <UnitTest name="VideoWall_Constructor_DefaultValuesCorrect" storage="d:\actions-runner\_work\xpco\xpco\corporate\commonapi\videoos.management.vmoclient.unittests\bin\debug\net472\videoos.management.vmoclient.unittests.dll" id="d434d68d-18fc-8132-4808-443cc1726358">
      <Execution id="ac031f11-dcbd-474d-a1ed-818982ea3cab" />
      <TestMethod codeBase="D:\actions-runner\_work\XPCO\XPCO\Corporate\CommonAPI\VideoOS.Management.VmoClient.UnitTests\bin\Debug\net472\VideoOS.Management.VmoClient.UnitTests.dll" adapterTypeName="executor://mstestadapter/v2" className="VideoOS.Management.VmoClient.UnitTests.VideoWallTest" name="VideoWall_Constructor_DefaultValuesCorrect" />
    </UnitTest>
    <UnitTest name="BasicUser_Constructor_Password_Empty_Check" storage="d:\actions-runner\_work\xpco\xpco\corporate\commonapi\videoos.management.vmoclient.unittests\bin\debug\net472\videoos.management.vmoclient.unittests.dll" id="94b148ad-9c83-a554-8c3e-b246b0575830">
      <Execution id="833dc8b7-fbca-4122-a547-c63caaec48f3" />
      <TestMethod codeBase="D:\actions-runner\_work\XPCO\XPCO\Corporate\CommonAPI\VideoOS.Management.VmoClient.UnitTests\bin\Debug\net472\VideoOS.Management.VmoClient.UnitTests.dll" adapterTypeName="executor://mstestadapter/v2" className="VideoOS.Management.VmoClient.UnitTests.BasicUserTest" name="BasicUser_Constructor_Password_Empty_Check" />
    </UnitTest>
    <UnitTest name="TrustedIssuer_Create_Success" storage="d:\actions-runner\_work\xpco\xpco\corporate\commonapi\videoos.management.vmoclient.unittests\bin\debug\net472\videoos.management.vmoclient.unittests.dll" id="bef83212-6bad-8152-ef96-0154e1cac447">
      <Execution id="b2f85185-ed7e-4982-816c-8e5d71e0517a" />
      <TestMethod codeBase="D:\actions-runner\_work\XPCO\XPCO\Corporate\CommonAPI\VideoOS.Management.VmoClient.UnitTests\bin\Debug\net472\VideoOS.Management.VmoClient.UnitTests.dll" adapterTypeName="executor://mstestadapter/v2" className="VideoOS.Management.VmoClient.UnitTests.TrustedIssuerTest" name="TrustedIssuer_Create_Success" />
    </UnitTest>
    <UnitTest name="TaskDeleteArchiveStorage_Refresh_Success" storage="d:\actions-runner\_work\xpco\xpco\corporate\commonapi\videoos.management.vmoclient.unittests\bin\debug\net472\videoos.management.vmoclient.unittests.dll" id="b63b0257-57f4-c0a1-7d73-1ecf4d6aae48">
      <Execution id="0990d641-b59b-4b02-9917-c5f17fd248f3" />
      <TestMethod codeBase="D:\actions-runner\_work\XPCO\XPCO\Corporate\CommonAPI\VideoOS.Management.VmoClient.UnitTests\bin\Debug\net472\VideoOS.Management.VmoClient.UnitTests.dll" adapterTypeName="executor://mstestadapter/v2" className="VideoOS.Management.VmoClient.UnitTests.TaskDeleteArchiveStorageTest" name="TaskDeleteArchiveStorage_Refresh_Success" />
    </UnitTest>
    <UnitTest name="PatrollingProfile_InsertStepFirst_Existing_PatrollingStep" storage="d:\actions-runner\_work\xpco\xpco\corporate\commonapi\videoos.management.vmoclient.unittests\bin\debug\net472\videoos.management.vmoclient.unittests.dll" id="9d6412cb-3a50-3068-8962-8836b07f370a">
      <TestCategory>
        <TestCategoryItem TestCategory="Patrolling Profile" />
      </TestCategory>
      <Execution id="3a3d64a4-a75d-42a2-b051-b7f770915df8" />
      <TestMethod codeBase="D:\actions-runner\_work\XPCO\XPCO\Corporate\CommonAPI\VideoOS.Management.VmoClient.UnitTests\bin\Debug\net472\VideoOS.Management.VmoClient.UnitTests.dll" adapterTypeName="executor://mstestadapter/v2" className="VideoOS.Management.VmoClient.UnitTests.PatrollingProfileTest" name="PatrollingProfile_InsertStepFirst_Existing_PatrollingStep" />
    </UnitTest>
    <UnitTest name="Construct_InvalidParam_ISiteIdpConnector_Null_Throws_ArgumentNullException" storage="d:\actions-runner\_work\xpco\xpco\corporate\commonapi\videoos.management.vmoclient.unittests\bin\debug\net472\videoos.management.vmoclient.unittests.dll" id="82ce7b74-9478-cbc0-ced6-3cff3fae756f">
      <TestCategory>
        <TestCategoryItem TestCategory="Vmo Site Connection Tests" />
      </TestCategory>
      <Execution id="b6b1fd59-57d8-407e-8001-91336b139e8c" />
      <TestMethod codeBase="D:\actions-runner\_work\XPCO\XPCO\Corporate\CommonAPI\VideoOS.Management.VmoClient.UnitTests\bin\Debug\net472\VideoOS.Management.VmoClient.UnitTests.dll" adapterTypeName="executor://mstestadapter/v2" className="VideoOS.Management.VmoClient.UnitTests.Connection.SiteConnectorFactoryTests" name="Construct_InvalidParam_ISiteIdpConnector_Null_Throws_ArgumentNullException" />
    </UnitTest>
    <UnitTest name="PerformanceStateRuleConfig_Constructor_DefaultValuesCorrect" storage="d:\actions-runner\_work\xpco\xpco\corporate\commonapi\videoos.management.vmoclient.unittests\bin\debug\net472\videoos.management.vmoclient.unittests.dll" id="aebd2ed3-500b-7ed7-3035-495460774e8c">
      <Execution id="58b170da-3acb-4202-8e28-696907f45e4a" />
      <TestMethod codeBase="D:\actions-runner\_work\XPCO\XPCO\Corporate\CommonAPI\VideoOS.Management.VmoClient.UnitTests\bin\Debug\net472\VideoOS.Management.VmoClient.UnitTests.dll" adapterTypeName="executor://mstestadapter/v2" className="VideoOS.Management.VmoClient.UnitTests.PerformanceStateRuleConfigTest" name="PerformanceStateRuleConfig_Constructor_DefaultValuesCorrect" />
    </UnitTest>
    <UnitTest name="ManagementServer_FullSiteSynchronization_Called" storage="d:\actions-runner\_work\xpco\xpco\corporate\commonapi\videoos.management.vmoclient.unittests\bin\debug\net472\videoos.management.vmoclient.unittests.dll" id="07e7c456-853c-aa19-eabd-829ddd29ec4f">
      <Execution id="6a5e7794-721c-4e0f-8d91-273884c2aa59" />
      <TestMethod codeBase="D:\actions-runner\_work\XPCO\XPCO\Corporate\CommonAPI\VideoOS.Management.VmoClient.UnitTests\bin\Debug\net472\VideoOS.Management.VmoClient.UnitTests.dll" adapterTypeName="executor://mstestadapter/v2" className="VideoOS.Management.VmoClient.UnitTests.ManagementServerTest" name="ManagementServer_FullSiteSynchronization_Called" />
    </UnitTest>
    <UnitTest name="Role_Copy_Role_Check_Empty_Name" storage="d:\actions-runner\_work\xpco\xpco\corporate\commonapi\videoos.management.vmoclient.unittests\bin\debug\net472\videoos.management.vmoclient.unittests.dll" id="df4ff3c1-650e-910f-5097-47f4252b8b5e">
      <Execution id="73789e89-b14e-47e4-94f0-7d3ac4dd8847" />
      <TestMethod codeBase="D:\actions-runner\_work\XPCO\XPCO\Corporate\CommonAPI\VideoOS.Management.VmoClient.UnitTests\bin\Debug\net472\VideoOS.Management.VmoClient.UnitTests.dll" adapterTypeName="executor://mstestadapter/v2" className="VideoOS.Management.VmoClient.UnitTests.RoleTest" name="Role_Copy_Role_Check_Empty_Name" />
    </UnitTest>
    <UnitTest name="TaskAddHardware_Cleanup_61_NotSupported" storage="d:\actions-runner\_work\xpco\xpco\corporate\commonapi\videoos.management.vmoclient.unittests\bin\debug\net472\videoos.management.vmoclient.unittests.dll" id="813ee3ab-9f5c-5aff-3f96-107a9c99f824">
      <Execution id="98d54583-3aed-4798-8ca5-ecff3b3c1065" />
      <TestMethod codeBase="D:\actions-runner\_work\XPCO\XPCO\Corporate\CommonAPI\VideoOS.Management.VmoClient.UnitTests\bin\Debug\net472\VideoOS.Management.VmoClient.UnitTests.dll" adapterTypeName="executor://mstestadapter/v2" className="VideoOS.Management.VmoClient.UnitTests.TaskAddHardwareTest" name="TaskAddHardware_Cleanup_61_NotSupported" />
    </UnitTest>
    <UnitTest name="TaskHardwareScan_Refresh_Success" storage="d:\actions-runner\_work\xpco\xpco\corporate\commonapi\videoos.management.vmoclient.unittests\bin\debug\net472\videoos.management.vmoclient.unittests.dll" id="acfe2752-9929-f7a5-f06b-9a3f6d2df54f">
      <Execution id="edfeb887-b01a-4ec5-acfa-834a02fc975c" />
      <TestMethod codeBase="D:\actions-runner\_work\XPCO\XPCO\Corporate\CommonAPI\VideoOS.Management.VmoClient.UnitTests\bin\Debug\net472\VideoOS.Management.VmoClient.UnitTests.dll" adapterTypeName="executor://mstestadapter/v2" className="VideoOS.Management.VmoClient.UnitTests.EntityTest.TaskHardwareScanTest" name="TaskHardwareScan_Refresh_Success" />
    </UnitTest>
    <UnitTest name="UserDefinedEvent_Update_Success" storage="d:\actions-runner\_work\xpco\xpco\corporate\commonapi\videoos.management.vmoclient.unittests\bin\debug\net472\videoos.management.vmoclient.unittests.dll" id="699824b7-e064-add7-e59c-6df79878b90f">
      <Execution id="0b45d156-4a51-47da-ab04-48f9f2c0fdd0" />
      <TestMethod codeBase="D:\actions-runner\_work\XPCO\XPCO\Corporate\CommonAPI\VideoOS.Management.VmoClient.UnitTests\bin\Debug\net472\VideoOS.Management.VmoClient.UnitTests.dll" adapterTypeName="executor://mstestadapter/v2" className="VideoOS.Management.VmoClient.UnitTests.UserDefinedEventTest" name="UserDefinedEvent_Update_Success" />
    </UnitTest>
    <UnitTest name="Get_GivenConfiguredAddressesAndConnectedSite_ShouldSuccess" storage="d:\actions-runner\_work\xpco\xpco\corporate\commonapi\videoos.management.vmoclient.unittests\bin\debug\net472\videoos.management.vmoclient.unittests.dll" id="9a790be3-4e58-f6d5-ba0a-28c4f994c0b7">
      <Execution id="e8e9d26a-6c5f-40a5-8bf9-516c288d7dca" />
      <TestMethod codeBase="D:\actions-runner\_work\XPCO\XPCO\Corporate\CommonAPI\VideoOS.Management.VmoClient.UnitTests\bin\Debug\net472\VideoOS.Management.VmoClient.UnitTests.dll" adapterTypeName="executor://mstestadapter/v2" className="VideoOS.Management.VmoClient.UnitTests.SiteTokenCacheStoreTests" name="Get_GivenConfiguredAddressesAndConnectedSite_ShouldSuccess" />
    </UnitTest>
    <UnitTest name="Construct_InvalidParam_ISiteTokenCacheStore_Null_Throws_ArgumentNullException" storage="d:\actions-runner\_work\xpco\xpco\corporate\commonapi\videoos.management.vmoclient.unittests\bin\debug\net472\videoos.management.vmoclient.unittests.dll" id="eeba400a-7a60-e166-4842-f46ea9e2cb9a">
      <TestCategory>
        <TestCategoryItem TestCategory="Vmo Site Connection Tests" />
      </TestCategory>
      <Execution id="ff513556-b3e0-411d-87f9-bd82aa7d7ef8" />
      <TestMethod codeBase="D:\actions-runner\_work\XPCO\XPCO\Corporate\CommonAPI\VideoOS.Management.VmoClient.UnitTests\bin\Debug\net472\VideoOS.Management.VmoClient.UnitTests.dll" adapterTypeName="executor://mstestadapter/v2" className="VideoOS.Management.VmoClient.UnitTests.Connection.SiteConnectorFactoryTests" name="Construct_InvalidParam_ISiteTokenCacheStore_Null_Throws_ArgumentNullException" />
    </UnitTest>
    <UnitTest name="ServerConnection_Constructor_Null_Argument_ServerName" storage="d:\actions-runner\_work\xpco\xpco\corporate\commonapi\videoos.management.vmoclient.unittests\bin\debug\net472\videoos.management.vmoclient.unittests.dll" id="7c949f43-1781-41d4-86a9-9d3ee7be83b7">
      <TestCategory>
        <TestCategoryItem TestCategory="Vmo Site Connection Tests" />
      </TestCategory>
      <Execution id="30a4f2cb-f7e0-44f1-b0e0-7995d49aeb3b" />
      <TestMethod codeBase="D:\actions-runner\_work\XPCO\XPCO\Corporate\CommonAPI\VideoOS.Management.VmoClient.UnitTests\bin\Debug\net472\VideoOS.Management.VmoClient.UnitTests.dll" adapterTypeName="executor://mstestadapter/v2" className="VideoOS.Management.VmoClient.UnitTests.Connection.ServerConnectionTest" name="ServerConnection_Constructor_Null_Argument_ServerName" />
    </UnitTest>
    <UnitTest name="ManagementClientProfile_Constructor_DefaultValuesCorrect" storage="d:\actions-runner\_work\xpco\xpco\corporate\commonapi\videoos.management.vmoclient.unittests\bin\debug\net472\videoos.management.vmoclient.unittests.dll" id="9762f51b-0731-ac64-23c9-24a2c8ccaa73">
      <Execution id="f1238da2-3ad3-414e-a408-74d965ad0850" />
      <TestMethod codeBase="D:\actions-runner\_work\XPCO\XPCO\Corporate\CommonAPI\VideoOS.Management.VmoClient.UnitTests\bin\Debug\net472\VideoOS.Management.VmoClient.UnitTests.dll" adapterTypeName="executor://mstestadapter/v2" className="VideoOS.Management.VmoClient.UnitTests.ClientProfileManagementClientTest" name="ManagementClientProfile_Constructor_DefaultValuesCorrect" />
    </UnitTest>
    <UnitTest name="RecordingStorage_EnableEncryption_Failed_Wrong_Method_None" storage="d:\actions-runner\_work\xpco\xpco\corporate\commonapi\videoos.management.vmoclient.unittests\bin\debug\net472\videoos.management.vmoclient.unittests.dll" id="5e51178d-c090-6fd7-c27f-04e3e74bd42f">
      <Execution id="cda6805b-3d9b-422f-92d0-a7b8e7bba4f3" />
      <TestMethod codeBase="D:\actions-runner\_work\XPCO\XPCO\Corporate\CommonAPI\VideoOS.Management.VmoClient.UnitTests\bin\Debug\net472\VideoOS.Management.VmoClient.UnitTests.dll" adapterTypeName="executor://mstestadapter/v2" className="VideoOS.Management.VmoClient.UnitTests.RecordingStorageTest" name="RecordingStorage_EnableEncryption_Failed_Wrong_Method_None" />
    </UnitTest>
    <UnitTest name="RecordingServer_GetHardwareDrivers_Before_v70_NotSupported" storage="d:\actions-runner\_work\xpco\xpco\corporate\commonapi\videoos.management.vmoclient.unittests\bin\debug\net472\videoos.management.vmoclient.unittests.dll" id="a97654da-5e07-39e0-b469-69e6b597d6b0">
      <Execution id="fca10c34-f321-4c21-9583-abba6b2dd306" />
      <TestMethod codeBase="D:\actions-runner\_work\XPCO\XPCO\Corporate\CommonAPI\VideoOS.Management.VmoClient.UnitTests\bin\Debug\net472\VideoOS.Management.VmoClient.UnitTests.dll" adapterTypeName="executor://mstestadapter/v2" className="VideoOS.Management.VmoClient.UnitTests.RecordingServerTest" name="RecordingServer_GetHardwareDrivers_Before_v70_NotSupported" />
    </UnitTest>
    <UnitTest name="Role_Add_Member_Check_Object_Created" storage="d:\actions-runner\_work\xpco\xpco\corporate\commonapi\videoos.management.vmoclient.unittests\bin\debug\net472\videoos.management.vmoclient.unittests.dll" id="b4286873-47af-f3c2-5fa5-1bbf4bab42bb">
      <Execution id="0e62fffc-f767-4827-b00f-85438ad0b25a" />
      <TestMethod codeBase="D:\actions-runner\_work\XPCO\XPCO\Corporate\CommonAPI\VideoOS.Management.VmoClient.UnitTests\bin\Debug\net472\VideoOS.Management.VmoClient.UnitTests.dll" adapterTypeName="executor://mstestadapter/v2" className="VideoOS.Management.VmoClient.UnitTests.RoleTest" name="Role_Add_Member_Check_Object_Created" />
    </UnitTest>
    <UnitTest name="FailoverServerGroup_Constructor_DefaultValuesCorrect" storage="d:\actions-runner\_work\xpco\xpco\corporate\commonapi\videoos.management.vmoclient.unittests\bin\debug\net472\videoos.management.vmoclient.unittests.dll" id="2b4dbf29-e6af-2960-d730-081d563f6630">
      <Execution id="b86d6d66-902f-4282-af09-8818cdd9afe4" />
      <TestMethod codeBase="D:\actions-runner\_work\XPCO\XPCO\Corporate\CommonAPI\VideoOS.Management.VmoClient.UnitTests\bin\Debug\net472\VideoOS.Management.VmoClient.UnitTests.dll" adapterTypeName="executor://mstestadapter/v2" className="VideoOS.Management.VmoClient.UnitTests.FailoverServerGroupTest" name="FailoverServerGroup_Constructor_DefaultValuesCorrect" />
    </UnitTest>
    <UnitTest name="Monitor_ApplyLayout_ApplyLayoutCalled" storage="d:\actions-runner\_work\xpco\xpco\corporate\commonapi\videoos.management.vmoclient.unittests\bin\debug\net472\videoos.management.vmoclient.unittests.dll" id="a7741fc5-35a5-4ccd-597a-5b3467b4e24f">
      <Execution id="e700b6a4-03c1-4f1a-8a61-5eb216548f2d" />
      <TestMethod codeBase="D:\actions-runner\_work\XPCO\XPCO\Corporate\CommonAPI\VideoOS.Management.VmoClient.UnitTests\bin\Debug\net472\VideoOS.Management.VmoClient.UnitTests.dll" adapterTypeName="executor://mstestadapter/v2" className="VideoOS.Management.VmoClient.UnitTests.MonitorTest" name="Monitor_ApplyLayout_ApplyLayoutCalled" />
    </UnitTest>
    <UnitTest name="Remove_UnderHeavyLoad_ShouldSuccess" storage="d:\actions-runner\_work\xpco\xpco\corporate\commonapi\videoos.management.vmoclient.unittests\bin\debug\net472\videoos.management.vmoclient.unittests.dll" id="28a4ee6c-34d9-2fd6-6b5a-164c72fa026f">
      <Execution id="48f4ef6a-cb04-451b-8f5f-32ea31317a8a" />
      <TestMethod codeBase="D:\actions-runner\_work\XPCO\XPCO\Corporate\CommonAPI\VideoOS.Management.VmoClient.UnitTests\bin\Debug\net472\VideoOS.Management.VmoClient.UnitTests.dll" adapterTypeName="executor://mstestadapter/v2" className="VideoOS.Management.VmoClient.UnitTests.SiteTokenCacheStoreTests" name="Remove_UnderHeavyLoad_ShouldSuccess" />
    </UnitTest>
    <UnitTest name="Get_GivenSiteAddress_ShouldSuccess" storage="d:\actions-runner\_work\xpco\xpco\corporate\commonapi\videoos.management.vmoclient.unittests\bin\debug\net472\videoos.management.vmoclient.unittests.dll" id="b247fba0-e363-fcb5-810e-690d53f50937">
      <Execution id="3b649080-93bf-47f8-b3cb-50bfc2692b2b" />
      <TestMethod codeBase="D:\actions-runner\_work\XPCO\XPCO\Corporate\CommonAPI\VideoOS.Management.VmoClient.UnitTests\bin\Debug\net472\VideoOS.Management.VmoClient.UnitTests.dll" adapterTypeName="executor://mstestadapter/v2" className="VideoOS.Management.VmoClient.UnitTests.SiteTokenCacheStoreTests" name="Get_GivenSiteAddress_ShouldSuccess" />
    </UnitTest>
    <UnitTest name="MIPEvent_Trigger_Success" storage="d:\actions-runner\_work\xpco\xpco\corporate\commonapi\videoos.management.vmoclient.unittests\bin\debug\net472\videoos.management.vmoclient.unittests.dll" id="2e4724a5-2b7b-eb65-ebd9-ad0253c0844b">
      <Execution id="9730350a-02ee-4d11-b5ac-a435d5ffae4a" />
      <TestMethod codeBase="D:\actions-runner\_work\XPCO\XPCO\Corporate\CommonAPI\VideoOS.Management.VmoClient.UnitTests\bin\Debug\net472\VideoOS.Management.VmoClient.UnitTests.dll" adapterTypeName="executor://mstestadapter/v2" className="VideoOS.Management.VmoClient.UnitTests.MIPEventTest" name="MIPEvent_Trigger_Success" />
    </UnitTest>
    <UnitTest name="GetFastestIdpInfo_GivenManyAddresses_ShouldReturnFastestReachableIdpInfo" storage="d:\actions-runner\_work\xpco\xpco\corporate\commonapi\videoos.management.vmoclient.unittests\bin\debug\net472\videoos.management.vmoclient.unittests.dll" id="ce51b1ac-d3e0-8c7d-b676-f333c3596a54">
      <Execution id="df80fafc-eafd-41eb-b06c-27c413a7eccf" />
      <TestMethod codeBase="D:\actions-runner\_work\XPCO\XPCO\Corporate\CommonAPI\VideoOS.Management.VmoClient.UnitTests\bin\Debug\net472\VideoOS.Management.VmoClient.UnitTests.dll" adapterTypeName="executor://mstestadapter/v2" className="VideoOS.Management.VmoClient.UnitTests.SiteIdpConnectorTests" name="GetFastestIdpInfo_GivenManyAddresses_ShouldReturnFastestReachableIdpInfo" />
    </UnitTest>
    <UnitTest name="GenericRepositoryTestGetObjectByIdCacheUsed" storage="d:\actions-runner\_work\xpco\xpco\corporate\commonapi\videoos.management.vmoclient.unittests\bin\debug\net472\videoos.management.vmoclient.unittests.dll" id="b24e63e5-ed1c-f5a8-17ea-47dc25bf0e3a">
      <Execution id="eaf9733e-cb55-4bd3-be71-aad7e119ec30" />
      <TestMethod codeBase="D:\actions-runner\_work\XPCO\XPCO\Corporate\CommonAPI\VideoOS.Management.VmoClient.UnitTests\bin\Debug\net472\VideoOS.Management.VmoClient.UnitTests.dll" adapterTypeName="executor://mstestadapter/v2" className="VideoOS.Management.VmoClient.UnitTests.GenericRepositoryTest" name="GenericRepositoryTestGetObjectByIdCacheUsed" />
    </UnitTest>
    <UnitTest name="RetentionOptionRoleRelation_Update_Success" storage="d:\actions-runner\_work\xpco\xpco\corporate\commonapi\videoos.management.vmoclient.unittests\bin\debug\net472\videoos.management.vmoclient.unittests.dll" id="9715e153-c64f-2ff6-9d3f-d357619df217">
      <Execution id="99a50702-d673-4e7d-a0f4-afa8089cf882" />
      <TestMethod codeBase="D:\actions-runner\_work\XPCO\XPCO\Corporate\CommonAPI\VideoOS.Management.VmoClient.UnitTests\bin\Debug\net472\VideoOS.Management.VmoClient.UnitTests.dll" adapterTypeName="executor://mstestadapter/v2" className="VideoOS.Management.VmoClient.UnitTests.RetentionOptionRoleRelationTest" name="RetentionOptionRoleRelation_Update_Success" />
    </UnitTest>
    <UnitTest name="Server_Version_Equality_Operators" storage="d:\actions-runner\_work\xpco\xpco\corporate\commonapi\videoos.management.vmoclient.unittests\bin\debug\net472\videoos.management.vmoclient.unittests.dll" id="a9b67831-d0b6-ce7b-0668-e76067964e4d">
      <Execution id="52e2bc2a-2cbf-4db7-a08d-c3011e7cc0e5" />
      <TestMethod codeBase="D:\actions-runner\_work\XPCO\XPCO\Corporate\CommonAPI\VideoOS.Management.VmoClient.UnitTests\bin\Debug\net472\VideoOS.Management.VmoClient.UnitTests.dll" adapterTypeName="executor://mstestadapter/v2" className="VideoOS.Management.VmoClient.UnitTests.ServerVersionTest" name="Server_Version_Equality_Operators" />
    </UnitTest>
    <UnitTest name="ServerVersionConstructor_CompareToObjWrongObj_Failure" storage="d:\actions-runner\_work\xpco\xpco\corporate\commonapi\videoos.management.vmoclient.unittests\bin\debug\net472\videoos.management.vmoclient.unittests.dll" id="9415680d-8603-0d49-0291-4a7f9126ab00">
      <TestCategory>
        <TestCategoryItem TestCategory="Server Version" />
      </TestCategory>
      <Execution id="d1850b0c-5b30-450d-828a-03eabf965253" />
      <TestMethod codeBase="D:\actions-runner\_work\XPCO\XPCO\Corporate\CommonAPI\VideoOS.Management.VmoClient.UnitTests\bin\Debug\net472\VideoOS.Management.VmoClient.UnitTests.dll" adapterTypeName="executor://mstestadapter/v2" className="VideoOS.Management.VmoClient.Tests.ServerVersionTests" name="ServerVersionConstructor_CompareToObjWrongObj_Failure" />
    </UnitTest>
    <UnitTest name="GetHighPriorityError_GivenInvalidServerIdException_ReturnsInvalidServerIdException" storage="d:\actions-runner\_work\xpco\xpco\corporate\commonapi\videoos.management.vmoclient.unittests\bin\debug\net472\videoos.management.vmoclient.unittests.dll" id="d8d53a51-1958-4529-819e-62ca5a99122f">
      <Execution id="b6600626-14d7-4864-bc63-b4c26f2ade24" />
      <TestMethod codeBase="D:\actions-runner\_work\XPCO\XPCO\Corporate\CommonAPI\VideoOS.Management.VmoClient.UnitTests\bin\Debug\net472\VideoOS.Management.VmoClient.UnitTests.dll" adapterTypeName="executor://mstestadapter/v2" className="VideoOS.Management.VmoClient.UnitTests.SiteConnectorExceptionHandlerTests" name="GetHighPriorityError_GivenInvalidServerIdException_ReturnsInvalidServerIdException" />
    </UnitTest>
    <UnitTest name="PerformanceStateRuleConfiguration_Refresh_Success" storage="d:\actions-runner\_work\xpco\xpco\corporate\commonapi\videoos.management.vmoclient.unittests\bin\debug\net472\videoos.management.vmoclient.unittests.dll" id="0a1b016b-3e45-4017-464a-fe98f0c6ccb8">
      <Execution id="3e517e9e-c88a-4acb-bfe8-5a403c5eec42" />
      <TestMethod codeBase="D:\actions-runner\_work\XPCO\XPCO\Corporate\CommonAPI\VideoOS.Management.VmoClient.UnitTests\bin\Debug\net472\VideoOS.Management.VmoClient.UnitTests.dll" adapterTypeName="executor://mstestadapter/v2" className="VideoOS.Management.VmoClient.UnitTests.PerformanceStateRuleConfigTest" name="PerformanceStateRuleConfiguration_Refresh_Success" />
    </UnitTest>
    <UnitTest name="Role_Create_Success" storage="d:\actions-runner\_work\xpco\xpco\corporate\commonapi\videoos.management.vmoclient.unittests\bin\debug\net472\videoos.management.vmoclient.unittests.dll" id="d46c4055-95a7-9cda-629d-2b64d730453b">
      <Execution id="375ea954-3dad-4ce6-a20c-daee95da3b2f" />
      <TestMethod codeBase="D:\actions-runner\_work\XPCO\XPCO\Corporate\CommonAPI\VideoOS.Management.VmoClient.UnitTests\bin\Debug\net472\VideoOS.Management.VmoClient.UnitTests.dll" adapterTypeName="executor://mstestadapter/v2" className="VideoOS.Management.VmoClient.UnitTests.RoleTest" name="Role_Create_Success" />
    </UnitTest>
    <UnitTest name="OutputDevice_Repository_Registered" storage="d:\actions-runner\_work\xpco\xpco\corporate\commonapi\videoos.management.vmoclient.unittests\bin\debug\net472\videoos.management.vmoclient.unittests.dll" id="5efb6865-8b6b-60bf-8eaf-eaa558141503">
      <Execution id="5b535c01-e13f-4a0d-a0ff-5e620d47397a" />
      <TestMethod codeBase="D:\actions-runner\_work\XPCO\XPCO\Corporate\CommonAPI\VideoOS.Management.VmoClient.UnitTests\bin\Debug\net472\VideoOS.Management.VmoClient.UnitTests.dll" adapterTypeName="executor://mstestadapter/v2" className="VideoOS.Management.VmoClient.UnitTests.OutputDeviceTest" name="OutputDevice_Repository_Registered" />
    </UnitTest>
    <UnitTest name="TaskMoveDevice_StartNew_Success" storage="d:\actions-runner\_work\xpco\xpco\corporate\commonapi\videoos.management.vmoclient.unittests\bin\debug\net472\videoos.management.vmoclient.unittests.dll" id="4bf84d6a-9747-e23e-9edd-c36a80376ba8">
      <Execution id="3a563117-3907-412f-9a25-91280fc72259" />
      <TestMethod codeBase="D:\actions-runner\_work\XPCO\XPCO\Corporate\CommonAPI\VideoOS.Management.VmoClient.UnitTests\bin\Debug\net472\VideoOS.Management.VmoClient.UnitTests.dll" adapterTypeName="executor://mstestadapter/v2" className="VideoOS.Management.VmoClient.UnitTests.TaskMoveDeviceTest" name="TaskMoveDevice_StartNew_Success" />
    </UnitTest>
    <UnitTest name="TaskAddHardware_Refresh_Success" storage="d:\actions-runner\_work\xpco\xpco\corporate\commonapi\videoos.management.vmoclient.unittests\bin\debug\net472\videoos.management.vmoclient.unittests.dll" id="ea3462a5-ce30-2e6d-29ba-8f2f8f7032e2">
      <Execution id="00246e1f-5216-48c4-9378-1417f9aee880" />
      <TestMethod codeBase="D:\actions-runner\_work\XPCO\XPCO\Corporate\CommonAPI\VideoOS.Management.VmoClient.UnitTests\bin\Debug\net472\VideoOS.Management.VmoClient.UnitTests.dll" adapterTypeName="executor://mstestadapter/v2" className="VideoOS.Management.VmoClient.UnitTests.TaskAddHardwareTest" name="TaskAddHardware_Refresh_Success" />
    </UnitTest>
    <UnitTest name="ExceptionConverter_GetConnectionConvertedException_CommunicationException" storage="d:\actions-runner\_work\xpco\xpco\corporate\commonapi\videoos.management.vmoclient.unittests\bin\debug\net472\videoos.management.vmoclient.unittests.dll" id="5bd0612f-9958-1d70-b197-2f1e354c84c6">
      <Execution id="566723c2-9488-4bbe-9e87-4779bab8d3eb" />
      <TestMethod codeBase="D:\actions-runner\_work\XPCO\XPCO\Corporate\CommonAPI\VideoOS.Management.VmoClient.UnitTests\bin\Debug\net472\VideoOS.Management.VmoClient.UnitTests.dll" adapterTypeName="executor://mstestadapter/v2" className="VideoOS.Management.VmoClient.UnitTests.Utils.ExceptionConverterTest" name="ExceptionConverter_GetConnectionConvertedException_CommunicationException" />
    </UnitTest>
    <UnitTest name="BasicUser_Change_Password_Check_Null_Password" storage="d:\actions-runner\_work\xpco\xpco\corporate\commonapi\videoos.management.vmoclient.unittests\bin\debug\net472\videoos.management.vmoclient.unittests.dll" id="b9900db2-cbc2-5c6d-13e9-f7f0df19cf48">
      <Execution id="f6baa056-cc46-4a41-9c3f-da0b25a9a0f4" />
      <TestMethod codeBase="D:\actions-runner\_work\XPCO\XPCO\Corporate\CommonAPI\VideoOS.Management.VmoClient.UnitTests\bin\Debug\net472\VideoOS.Management.VmoClient.UnitTests.dll" adapterTypeName="executor://mstestadapter/v2" className="VideoOS.Management.VmoClient.UnitTests.BasicUserTest" name="BasicUser_Change_Password_Check_Null_Password" />
    </UnitTest>
    <UnitTest name="SystemDashboardConfigurationuration_Delete_Success" storage="d:\actions-runner\_work\xpco\xpco\corporate\commonapi\videoos.management.vmoclient.unittests\bin\debug\net472\videoos.management.vmoclient.unittests.dll" id="d219936a-3b1e-ce7e-8656-d907b99e333c">
      <Execution id="08c3d1b7-2b28-4a8f-9733-895e68ea3e40" />
      <TestMethod codeBase="D:\actions-runner\_work\XPCO\XPCO\Corporate\CommonAPI\VideoOS.Management.VmoClient.UnitTests\bin\Debug\net472\VideoOS.Management.VmoClient.UnitTests.dll" adapterTypeName="executor://mstestadapter/v2" className="VideoOS.Management.VmoClient.UnitTests.SystemDashboardConfigTest" name="SystemDashboardConfigurationuration_Delete_Success" />
    </UnitTest>
    <UnitTest name="RecordingStorage_ChangeEncryptionMethod_Failed_Wrong_Method_Unknown" storage="d:\actions-runner\_work\xpco\xpco\corporate\commonapi\videoos.management.vmoclient.unittests\bin\debug\net472\videoos.management.vmoclient.unittests.dll" id="1c118b49-f895-c3f8-f965-3d9049fd2277">
      <Execution id="359213d8-df5d-4460-b1a9-3a0f7cac3bab" />
      <TestMethod codeBase="D:\actions-runner\_work\XPCO\XPCO\Corporate\CommonAPI\VideoOS.Management.VmoClient.UnitTests\bin\Debug\net472\VideoOS.Management.VmoClient.UnitTests.dll" adapterTypeName="executor://mstestadapter/v2" className="VideoOS.Management.VmoClient.UnitTests.RecordingStorageTest" name="RecordingStorage_ChangeEncryptionMethod_Failed_Wrong_Method_Unknown" />
    </UnitTest>
    <UnitTest name="ArchiveStorage_Update_Success" storage="d:\actions-runner\_work\xpco\xpco\corporate\commonapi\videoos.management.vmoclient.unittests\bin\debug\net472\videoos.management.vmoclient.unittests.dll" id="ef88800e-b3c3-e8f0-8825-047d4ee8f588">
      <Execution id="021bb4d7-3080-4323-80a4-7d634963caf4" />
      <TestMethod codeBase="D:\actions-runner\_work\XPCO\XPCO\Corporate\CommonAPI\VideoOS.Management.VmoClient.UnitTests\bin\Debug\net472\VideoOS.Management.VmoClient.UnitTests.dll" adapterTypeName="executor://mstestadapter/v2" className="VideoOS.Management.VmoClient.UnitTests.ArchiveStorageTest" name="ArchiveStorage_Update_Success" />
    </UnitTest>
    <UnitTest name="VideoWall_Update_Success" storage="d:\actions-runner\_work\xpco\xpco\corporate\commonapi\videoos.management.vmoclient.unittests\bin\debug\net472\videoos.management.vmoclient.unittests.dll" id="29308019-0c56-dbff-6050-2c7cd2ff9cc5">
      <Execution id="df597a5c-5d94-4fb1-a833-6f5eb6cae713" />
      <TestMethod codeBase="D:\actions-runner\_work\XPCO\XPCO\Corporate\CommonAPI\VideoOS.Management.VmoClient.UnitTests\bin\Debug\net472\VideoOS.Management.VmoClient.UnitTests.dll" adapterTypeName="executor://mstestadapter/v2" className="VideoOS.Management.VmoClient.UnitTests.VideoWallTest" name="VideoWall_Update_Success" />
    </UnitTest>
    <UnitTest name="VideoWall_Create_Success" storage="d:\actions-runner\_work\xpco\xpco\corporate\commonapi\videoos.management.vmoclient.unittests\bin\debug\net472\videoos.management.vmoclient.unittests.dll" id="2dc98344-da0e-fe46-b7e2-1421af8e5b1d">
      <Execution id="046daea1-80d6-4a26-b827-bdce67966009" />
      <TestMethod codeBase="D:\actions-runner\_work\XPCO\XPCO\Corporate\CommonAPI\VideoOS.Management.VmoClient.UnitTests\bin\Debug\net472\VideoOS.Management.VmoClient.UnitTests.dll" adapterTypeName="executor://mstestadapter/v2" className="VideoOS.Management.VmoClient.UnitTests.VideoWallTest" name="VideoWall_Create_Success" />
    </UnitTest>
    <UnitTest name="View_Delete_Success" storage="d:\actions-runner\_work\xpco\xpco\corporate\commonapi\videoos.management.vmoclient.unittests\bin\debug\net472\videoos.management.vmoclient.unittests.dll" id="6d82d209-43db-3b1b-490e-86537a8b8ff9">
      <Execution id="7db2eb65-4e8f-486d-bd0b-505f7cdc9b11" />
      <TestMethod codeBase="D:\actions-runner\_work\XPCO\XPCO\Corporate\CommonAPI\VideoOS.Management.VmoClient.UnitTests\bin\Debug\net472\VideoOS.Management.VmoClient.UnitTests.dll" adapterTypeName="executor://mstestadapter/v2" className="VideoOS.Management.VmoClient.UnitTests.ViewTest" name="View_Delete_Success" />
    </UnitTest>
    <UnitTest name="Get_GivenAnyConfiguredAddressAndConnectedSite_ShouldSuccess" storage="d:\actions-runner\_work\xpco\xpco\corporate\commonapi\videoos.management.vmoclient.unittests\bin\debug\net472\videoos.management.vmoclient.unittests.dll" id="c6d2604d-7793-5f04-808d-0a0653039d8d">
      <Execution id="216517f7-0245-4b24-a267-db0395739859" />
      <TestMethod codeBase="D:\actions-runner\_work\XPCO\XPCO\Corporate\CommonAPI\VideoOS.Management.VmoClient.UnitTests\bin\Debug\net472\VideoOS.Management.VmoClient.UnitTests.dll" adapterTypeName="executor://mstestadapter/v2" className="VideoOS.Management.VmoClient.UnitTests.SiteTokenCacheStoreTests" name="Get_GivenAnyConfiguredAddressAndConnectedSite_ShouldSuccess" />
    </UnitTest>
    <UnitTest name="MarkedData_Delete_Success" storage="d:\actions-runner\_work\xpco\xpco\corporate\commonapi\videoos.management.vmoclient.unittests\bin\debug\net472\videoos.management.vmoclient.unittests.dll" id="4799bfb0-c70d-907b-5842-639add0089be">
      <Execution id="b0245ac7-180d-41ce-a2c4-d2af9f2eae38" />
      <TestMethod codeBase="D:\actions-runner\_work\XPCO\XPCO\Corporate\CommonAPI\VideoOS.Management.VmoClient.UnitTests\bin\Debug\net472\VideoOS.Management.VmoClient.UnitTests.dll" adapterTypeName="executor://mstestadapter/v2" className="VideoOS.Management.VmoClient.UnitTests.MarkedDataTest" name="MarkedData_Delete_Success" />
    </UnitTest>
    <UnitTest name="ArchiveStorage_Disable_Framerate_Reduction_Failed_Not_Created" storage="d:\actions-runner\_work\xpco\xpco\corporate\commonapi\videoos.management.vmoclient.unittests\bin\debug\net472\videoos.management.vmoclient.unittests.dll" id="13131b13-639a-5807-c874-cdd3aa66cf32">
      <Execution id="5d887ccb-e679-46a6-96c5-89c8283b762d" />
      <TestMethod codeBase="D:\actions-runner\_work\XPCO\XPCO\Corporate\CommonAPI\VideoOS.Management.VmoClient.UnitTests\bin\Debug\net472\VideoOS.Management.VmoClient.UnitTests.dll" adapterTypeName="executor://mstestadapter/v2" className="VideoOS.Management.VmoClient.UnitTests.ArchiveStorageTest" name="ArchiveStorage_Disable_Framerate_Reduction_Failed_Not_Created" />
    </UnitTest>
    <UnitTest name="ManagementServer_CreateReference_ArgumentException_DeviceNotCreated" storage="d:\actions-runner\_work\xpco\xpco\corporate\commonapi\videoos.management.vmoclient.unittests\bin\debug\net472\videoos.management.vmoclient.unittests.dll" id="04bf2fb8-7598-994c-b5b5-2f5e87f4a0b4">
      <Execution id="f945a00c-eaf4-4dae-aecd-b6cc47338124" />
      <TestMethod codeBase="D:\actions-runner\_work\XPCO\XPCO\Corporate\CommonAPI\VideoOS.Management.VmoClient.UnitTests\bin\Debug\net472\VideoOS.Management.VmoClient.UnitTests.dll" adapterTypeName="executor://mstestadapter/v2" className="VideoOS.Management.VmoClient.UnitTests.ManagementServerTest" name="ManagementServer_CreateReference_ArgumentException_DeviceNotCreated" />
    </UnitTest>
    <UnitTest name="FailoverServerGroup_Update_Success" storage="d:\actions-runner\_work\xpco\xpco\corporate\commonapi\videoos.management.vmoclient.unittests\bin\debug\net472\videoos.management.vmoclient.unittests.dll" id="c572b7bd-5e96-7829-9221-aa192cce769e">
      <Execution id="b184763e-9bdb-4e2c-b976-6c95c8e5d889" />
      <TestMethod codeBase="D:\actions-runner\_work\XPCO\XPCO\Corporate\CommonAPI\VideoOS.Management.VmoClient.UnitTests\bin\Debug\net472\VideoOS.Management.VmoClient.UnitTests.dll" adapterTypeName="executor://mstestadapter/v2" className="VideoOS.Management.VmoClient.UnitTests.FailoverServerGroupTest" name="FailoverServerGroup_Update_Success" />
    </UnitTest>
    <UnitTest name="VideoWallPreset_LoadMonitorPresets_CheckForVersion_7_0_and_throws" storage="d:\actions-runner\_work\xpco\xpco\corporate\commonapi\videoos.management.vmoclient.unittests\bin\debug\net472\videoos.management.vmoclient.unittests.dll" id="50884d10-5dca-df52-024a-9f31c65fe588">
      <Execution id="3e1bef0d-ba09-46de-9517-d04a80e43e32" />
      <TestMethod codeBase="D:\actions-runner\_work\XPCO\XPCO\Corporate\CommonAPI\VideoOS.Management.VmoClient.UnitTests\bin\Debug\net472\VideoOS.Management.VmoClient.UnitTests.dll" adapterTypeName="executor://mstestadapter/v2" className="VideoOS.Management.VmoClient.UnitTests.VideoWallPresetTest" name="VideoWallPreset_LoadMonitorPresets_CheckForVersion_7_0_and_throws" />
    </UnitTest>
    <UnitTest name="TaskHardwareScan_Cleanup_61_NotSupported" storage="d:\actions-runner\_work\xpco\xpco\corporate\commonapi\videoos.management.vmoclient.unittests\bin\debug\net472\videoos.management.vmoclient.unittests.dll" id="918fa556-14c5-9569-4a3f-5f6e71e560a3">
      <Execution id="1a21b3f2-c058-4319-bd12-ade3f7184aab" />
      <TestMethod codeBase="D:\actions-runner\_work\XPCO\XPCO\Corporate\CommonAPI\VideoOS.Management.VmoClient.UnitTests\bin\Debug\net472\VideoOS.Management.VmoClient.UnitTests.dll" adapterTypeName="executor://mstestadapter/v2" className="VideoOS.Management.VmoClient.UnitTests.EntityTest.TaskHardwareScanTest" name="TaskHardwareScan_Cleanup_61_NotSupported" />
    </UnitTest>
    <UnitTest name="Role_Copy_Role_Success" storage="d:\actions-runner\_work\xpco\xpco\corporate\commonapi\videoos.management.vmoclient.unittests\bin\debug\net472\videoos.management.vmoclient.unittests.dll" id="d0554a0e-ba26-a264-8235-a5c7a498e16c">
      <Execution id="25053b49-0af4-4c25-b1cd-a93681c01fd7" />
      <TestMethod codeBase="D:\actions-runner\_work\XPCO\XPCO\Corporate\CommonAPI\VideoOS.Management.VmoClient.UnitTests\bin\Debug\net472\VideoOS.Management.VmoClient.UnitTests.dll" adapterTypeName="executor://mstestadapter/v2" className="VideoOS.Management.VmoClient.UnitTests.RoleTest" name="Role_Copy_Role_Success" />
    </UnitTest>
    <UnitTest name="Construct_InvalidParam_Site_Null_Throws_ArgumentNullException" storage="d:\actions-runner\_work\xpco\xpco\corporate\commonapi\videoos.management.vmoclient.unittests\bin\debug\net472\videoos.management.vmoclient.unittests.dll" id="8fa917f0-e0d5-1266-3777-8f39996fe500">
      <TestCategory>
        <TestCategoryItem TestCategory="Vmo Site Connection Tests" />
      </TestCategory>
      <Execution id="37bac9cd-77a9-432b-8385-d58701e13115" />
      <TestMethod codeBase="D:\actions-runner\_work\XPCO\XPCO\Corporate\CommonAPI\VideoOS.Management.VmoClient.UnitTests\bin\Debug\net472\VideoOS.Management.VmoClient.UnitTests.dll" adapterTypeName="executor://mstestadapter/v2" className="VideoOS.Management.VmoClient.UnitTests.Connection.SiteConnectionInfoWindowsTests" name="Construct_InvalidParam_Site_Null_Throws_ArgumentNullException" />
    </UnitTest>
    <UnitTest name="PatrollingProfile_MoveStepToLast" storage="d:\actions-runner\_work\xpco\xpco\corporate\commonapi\videoos.management.vmoclient.unittests\bin\debug\net472\videoos.management.vmoclient.unittests.dll" id="1b1a3e14-bc58-609a-ae96-8b367819b99d">
      <TestCategory>
        <TestCategoryItem TestCategory="Patrolling Profile" />
      </TestCategory>
      <Execution id="113b9552-55a7-438c-9b7e-903b5a078193" />
      <TestMethod codeBase="D:\actions-runner\_work\XPCO\XPCO\Corporate\CommonAPI\VideoOS.Management.VmoClient.UnitTests\bin\Debug\net472\VideoOS.Management.VmoClient.UnitTests.dll" adapterTypeName="executor://mstestadapter/v2" className="VideoOS.Management.VmoClient.UnitTests.PatrollingProfileTest" name="PatrollingProfile_MoveStepToLast" />
    </UnitTest>
    <UnitTest name="ManagementServer_CreateReference_ArgumentNullException" storage="d:\actions-runner\_work\xpco\xpco\corporate\commonapi\videoos.management.vmoclient.unittests\bin\debug\net472\videoos.management.vmoclient.unittests.dll" id="28ef425e-1be4-3ea6-ca19-a900f3f2a486">
      <Execution id="2dc653f3-ee18-432c-b02d-6211ecdad24a" />
      <TestMethod codeBase="D:\actions-runner\_work\XPCO\XPCO\Corporate\CommonAPI\VideoOS.Management.VmoClient.UnitTests\bin\Debug\net472\VideoOS.Management.VmoClient.UnitTests.dll" adapterTypeName="executor://mstestadapter/v2" className="VideoOS.Management.VmoClient.UnitTests.ManagementServerTest" name="ManagementServer_CreateReference_ArgumentNullException" />
    </UnitTest>
    <UnitTest name="ManagementServer_AttachChildSite_ArgumentNullException" storage="d:\actions-runner\_work\xpco\xpco\corporate\commonapi\videoos.management.vmoclient.unittests\bin\debug\net472\videoos.management.vmoclient.unittests.dll" id="5ae99c0d-f5b2-ad2f-5e91-f0916eac7d0c">
      <Execution id="6145e4bf-b91e-4c5e-aece-7528297ab1c5" />
      <TestMethod codeBase="D:\actions-runner\_work\XPCO\XPCO\Corporate\CommonAPI\VideoOS.Management.VmoClient.UnitTests\bin\Debug\net472\VideoOS.Management.VmoClient.UnitTests.dll" adapterTypeName="executor://mstestadapter/v2" className="VideoOS.Management.VmoClient.UnitTests.ManagementServerTest" name="ManagementServer_AttachChildSite_ArgumentNullException" />
    </UnitTest>
    <UnitTest name="GetUserDomainNameOrEmpty_MissingDomain_ReturnsUsername" storage="d:\actions-runner\_work\xpco\xpco\corporate\commonapi\videoos.management.vmoclient.unittests\bin\debug\net472\videoos.management.vmoclient.unittests.dll" id="114491a9-f586-f63d-d65f-b97c13dfa1c7">
      <Execution id="3da4939f-4089-46b7-86b6-eec14cd68ba8" />
      <TestMethod codeBase="D:\actions-runner\_work\XPCO\XPCO\Corporate\CommonAPI\VideoOS.Management.VmoClient.UnitTests\bin\Debug\net472\VideoOS.Management.VmoClient.UnitTests.dll" adapterTypeName="executor://mstestadapter/v2" className="VideoOS.Management.VmoClient.UnitTests.SiteConnectorTest" name="GetUserDomainNameOrEmpty_MissingDomain_ReturnsUsername" />
    </UnitTest>
    <UnitTest name="SystemDashboardConfigurationuration_Undo_Success" storage="d:\actions-runner\_work\xpco\xpco\corporate\commonapi\videoos.management.vmoclient.unittests\bin\debug\net472\videoos.management.vmoclient.unittests.dll" id="f6ddaa47-5ed2-258b-1c24-a7265cc14223">
      <Execution id="58e954bf-d4ed-4fa3-bec3-f38e27d40a7e" />
      <TestMethod codeBase="D:\actions-runner\_work\XPCO\XPCO\Corporate\CommonAPI\VideoOS.Management.VmoClient.UnitTests\bin\Debug\net472\VideoOS.Management.VmoClient.UnitTests.dll" adapterTypeName="executor://mstestadapter/v2" className="VideoOS.Management.VmoClient.UnitTests.SystemDashboardConfigTest" name="SystemDashboardConfigurationuration_Undo_Success" />
    </UnitTest>
    <UnitTest name="ServerVersionConstructor_CompareToNull_Success" storage="d:\actions-runner\_work\xpco\xpco\corporate\commonapi\videoos.management.vmoclient.unittests\bin\debug\net472\videoos.management.vmoclient.unittests.dll" id="9710df04-3445-ef7d-baab-9ac95d0f726b">
      <TestCategory>
        <TestCategoryItem TestCategory="Server Version" />
      </TestCategory>
      <Execution id="04529244-0071-41d9-942d-bcd13bbb4014" />
      <TestMethod codeBase="D:\actions-runner\_work\XPCO\XPCO\Corporate\CommonAPI\VideoOS.Management.VmoClient.UnitTests\bin\Debug\net472\VideoOS.Management.VmoClient.UnitTests.dll" adapterTypeName="executor://mstestadapter/v2" className="VideoOS.Management.VmoClient.Tests.ServerVersionTests" name="ServerVersionConstructor_CompareToNull_Success" />
    </UnitTest>
    <UnitTest name="BasicOwnerInfo_Update_Success" storage="d:\actions-runner\_work\xpco\xpco\corporate\commonapi\videoos.management.vmoclient.unittests\bin\debug\net472\videoos.management.vmoclient.unittests.dll" id="c7c83ba8-def8-6d7f-b8f5-6cdb6210cbab">
      <Execution id="feac16f2-b034-46b7-83d0-aa730f2d6250" />
      <TestMethod codeBase="D:\actions-runner\_work\XPCO\XPCO\Corporate\CommonAPI\VideoOS.Management.VmoClient.UnitTests\bin\Debug\net472\VideoOS.Management.VmoClient.UnitTests.dll" adapterTypeName="executor://mstestadapter/v2" className="VideoOS.Management.VmoClient.UnitTests.BasicOwnerInfoTest" name="BasicOwnerInfo_Update_Success" />
    </UnitTest>
    <UnitTest name="BasicUser_Constructor_Username_Empty_Check" storage="d:\actions-runner\_work\xpco\xpco\corporate\commonapi\videoos.management.vmoclient.unittests\bin\debug\net472\videoos.management.vmoclient.unittests.dll" id="0be9096d-8606-eb90-db7e-1ff2f6d67641">
      <Execution id="f7931218-7fa4-4898-82b0-481ebcffe918" />
      <TestMethod codeBase="D:\actions-runner\_work\XPCO\XPCO\Corporate\CommonAPI\VideoOS.Management.VmoClient.UnitTests\bin\Debug\net472\VideoOS.Management.VmoClient.UnitTests.dll" adapterTypeName="executor://mstestadapter/v2" className="VideoOS.Management.VmoClient.UnitTests.BasicUserTest" name="BasicUser_Constructor_Username_Empty_Check" />
    </UnitTest>
    <UnitTest name="Role_Remove_Member_Check_Null_Name" storage="d:\actions-runner\_work\xpco\xpco\corporate\commonapi\videoos.management.vmoclient.unittests\bin\debug\net472\videoos.management.vmoclient.unittests.dll" id="9f592cba-0952-e385-4ea5-ce4a77667e71">
      <Execution id="16075125-2f49-4fac-9f42-6bba21c35829" />
      <TestMethod codeBase="D:\actions-runner\_work\XPCO\XPCO\Corporate\CommonAPI\VideoOS.Management.VmoClient.UnitTests\bin\Debug\net472\VideoOS.Management.VmoClient.UnitTests.dll" adapterTypeName="executor://mstestadapter/v2" className="VideoOS.Management.VmoClient.UnitTests.RoleTest" name="Role_Remove_Member_Check_Null_Name" />
    </UnitTest>
    <UnitTest name="RecordingStorage_Validate_Encryption_Password_Failed_Not_Created" storage="d:\actions-runner\_work\xpco\xpco\corporate\commonapi\videoos.management.vmoclient.unittests\bin\debug\net472\videoos.management.vmoclient.unittests.dll" id="ee53f2c9-6261-406d-51ad-1fcd3a16a3e3">
      <Execution id="ee36f601-21c3-4c81-aa92-2b369be6e3b1" />
      <TestMethod codeBase="D:\actions-runner\_work\XPCO\XPCO\Corporate\CommonAPI\VideoOS.Management.VmoClient.UnitTests\bin\Debug\net472\VideoOS.Management.VmoClient.UnitTests.dll" adapterTypeName="executor://mstestadapter/v2" className="VideoOS.Management.VmoClient.UnitTests.RecordingStorageTest" name="RecordingStorage_Validate_Encryption_Password_Failed_Not_Created" />
    </UnitTest>
    <UnitTest name="Role_Remove_Basic_User_Member_Check_Null_Name" storage="d:\actions-runner\_work\xpco\xpco\corporate\commonapi\videoos.management.vmoclient.unittests\bin\debug\net472\videoos.management.vmoclient.unittests.dll" id="fbc45ece-f16d-2d7e-2b07-81328d0bcc76">
      <Execution id="0e000258-af3c-477c-b0ba-dbd230bd4f8f" />
      <TestMethod codeBase="D:\actions-runner\_work\XPCO\XPCO\Corporate\CommonAPI\VideoOS.Management.VmoClient.UnitTests\bin\Debug\net472\VideoOS.Management.VmoClient.UnitTests.dll" adapterTypeName="executor://mstestadapter/v2" className="VideoOS.Management.VmoClient.UnitTests.RoleTest" name="Role_Remove_Basic_User_Member_Check_Null_Name" />
    </UnitTest>
    <UnitTest name="UserDefinedEvent_CreateWithId_CheckVersionCalled" storage="d:\actions-runner\_work\xpco\xpco\corporate\commonapi\videoos.management.vmoclient.unittests\bin\debug\net472\videoos.management.vmoclient.unittests.dll" id="d35d9174-3024-2cb1-9f52-4e964b2e5d27">
      <Execution id="56b55b85-8c9d-4c10-aac5-f4832c70493a" />
      <TestMethod codeBase="D:\actions-runner\_work\XPCO\XPCO\Corporate\CommonAPI\VideoOS.Management.VmoClient.UnitTests\bin\Debug\net472\VideoOS.Management.VmoClient.UnitTests.dll" adapterTypeName="executor://mstestadapter/v2" className="VideoOS.Management.VmoClient.UnitTests.UserDefinedEventTest" name="UserDefinedEvent_CreateWithId_CheckVersionCalled" />
    </UnitTest>
    <UnitTest name="SunClockTimeProfile_Update_Success" storage="d:\actions-runner\_work\xpco\xpco\corporate\commonapi\videoos.management.vmoclient.unittests\bin\debug\net472\videoos.management.vmoclient.unittests.dll" id="ea347c4f-af5a-5f96-7af2-0ce648034b9f">
      <Execution id="6d3ab1d0-819a-44bf-8c4b-095cb49225e0" />
      <TestMethod codeBase="D:\actions-runner\_work\XPCO\XPCO\Corporate\CommonAPI\VideoOS.Management.VmoClient.UnitTests\bin\Debug\net472\VideoOS.Management.VmoClient.UnitTests.dll" adapterTypeName="executor://mstestadapter/v2" className="VideoOS.Management.VmoClient.UnitTests.SunClockTimeProfileTest" name="SunClockTimeProfile_Update_Success" />
    </UnitTest>
    <UnitTest name="Constructor_NullSiteVmoConnector_Throws" storage="d:\actions-runner\_work\xpco\xpco\corporate\commonapi\videoos.management.vmoclient.unittests\bin\debug\net472\videoos.management.vmoclient.unittests.dll" id="b8692529-639e-0a48-d506-beeb3b242f4b">
      <TestCategory>
        <TestCategoryItem TestCategory="Vmo Site Connection Tests" />
      </TestCategory>
      <Execution id="043be155-c616-4b77-8d26-b5ba16ee3b3a" />
      <TestMethod codeBase="D:\actions-runner\_work\XPCO\XPCO\Corporate\CommonAPI\VideoOS.Management.VmoClient.UnitTests\bin\Debug\net472\VideoOS.Management.VmoClient.UnitTests.dll" adapterTypeName="executor://mstestadapter/v2" className="VideoOS.Management.VmoClient.UnitTests.SiteConnectorOAuthTest" name="Constructor_NullSiteVmoConnector_Throws" />
    </UnitTest>
    <UnitTest name="GetSiteConnectionResult_GivenAllHttpsAddresses_ShouldFail" storage="d:\actions-runner\_work\xpco\xpco\corporate\commonapi\videoos.management.vmoclient.unittests\bin\debug\net472\videoos.management.vmoclient.unittests.dll" id="8cf52a1b-446c-c1b4-7c71-1db62d7b987a">
      <Execution id="fdef88f8-df2b-4ae1-9235-449df22c8bf9" />
      <TestMethod codeBase="D:\actions-runner\_work\XPCO\XPCO\Corporate\CommonAPI\VideoOS.Management.VmoClient.UnitTests\bin\Debug\net472\VideoOS.Management.VmoClient.UnitTests.dll" adapterTypeName="executor://mstestadapter/v2" className="VideoOS.Management.VmoClient.UnitTests.SiteConnectorLegacyTests" name="GetSiteConnectionResult_GivenAllHttpsAddresses_ShouldFail" />
    </UnitTest>
    <UnitTest name="View_Clear_Success" storage="d:\actions-runner\_work\xpco\xpco\corporate\commonapi\videoos.management.vmoclient.unittests\bin\debug\net472\videoos.management.vmoclient.unittests.dll" id="743c4efa-12f6-d52f-0129-8d1b422eba8f">
      <Execution id="b4a50ade-de91-47dd-b583-61dd95c6cb62" />
      <TestMethod codeBase="D:\actions-runner\_work\XPCO\XPCO\Corporate\CommonAPI\VideoOS.Management.VmoClient.UnitTests\bin\Debug\net472\VideoOS.Management.VmoClient.UnitTests.dll" adapterTypeName="executor://mstestadapter/v2" className="VideoOS.Management.VmoClient.UnitTests.ViewTest" name="View_Clear_Success" />
    </UnitTest>
    <UnitTest name="Construct_InvalidParam_ISiteConnectionInfoWindows_Null_Throws_ArgumentNullException" storage="d:\actions-runner\_work\xpco\xpco\corporate\commonapi\videoos.management.vmoclient.unittests\bin\debug\net472\videoos.management.vmoclient.unittests.dll" id="441cf653-313f-f6d1-f093-d6acedfeeb83">
      <TestCategory>
        <TestCategoryItem TestCategory="Vmo Site Connection Tests" />
      </TestCategory>
      <Execution id="febc711f-27f9-4845-9b7b-25d172645147" />
      <TestMethod codeBase="D:\actions-runner\_work\XPCO\XPCO\Corporate\CommonAPI\VideoOS.Management.VmoClient.UnitTests\bin\Debug\net472\VideoOS.Management.VmoClient.UnitTests.dll" adapterTypeName="executor://mstestadapter/v2" className="VideoOS.Management.VmoClient.UnitTests.Connection.SiteConnectionInfoTests" name="Construct_InvalidParam_ISiteConnectionInfoWindows_Null_Throws_ArgumentNullException" />
    </UnitTest>
    <UnitTest name="PerformanceStateRuleConfiguration_Refresh_Failed_Not_Created" storage="d:\actions-runner\_work\xpco\xpco\corporate\commonapi\videoos.management.vmoclient.unittests\bin\debug\net472\videoos.management.vmoclient.unittests.dll" id="93e4a723-abf2-7296-c980-e896e8dda35e">
      <Execution id="77dbe199-6e34-4183-8cca-3a46a5706150" />
      <TestMethod codeBase="D:\actions-runner\_work\XPCO\XPCO\Corporate\CommonAPI\VideoOS.Management.VmoClient.UnitTests\bin\Debug\net472\VideoOS.Management.VmoClient.UnitTests.dll" adapterTypeName="executor://mstestadapter/v2" className="VideoOS.Management.VmoClient.UnitTests.PerformanceStateRuleConfigTest" name="PerformanceStateRuleConfiguration_Refresh_Failed_Not_Created" />
    </UnitTest>
    <UnitTest name="FailoverServer_Update_Success" storage="d:\actions-runner\_work\xpco\xpco\corporate\commonapi\videoos.management.vmoclient.unittests\bin\debug\net472\videoos.management.vmoclient.unittests.dll" id="6247ab59-74eb-cf84-482a-a583f6e11e0c">
      <Execution id="36ab28cd-1a2a-4ffd-adf6-e59c56b06f69" />
      <TestMethod codeBase="D:\actions-runner\_work\XPCO\XPCO\Corporate\CommonAPI\VideoOS.Management.VmoClient.UnitTests\bin\Debug\net472\VideoOS.Management.VmoClient.UnitTests.dll" adapterTypeName="executor://mstestadapter/v2" className="VideoOS.Management.VmoClient.UnitTests.FailoverServerTest" name="FailoverServer_Update_Success" />
    </UnitTest>
    <UnitTest name="PatrollingProfile_MoveStepDown" storage="d:\actions-runner\_work\xpco\xpco\corporate\commonapi\videoos.management.vmoclient.unittests\bin\debug\net472\videoos.management.vmoclient.unittests.dll" id="cd382ab1-e2ee-ffb7-3531-a0e2f5183e84">
      <TestCategory>
        <TestCategoryItem TestCategory="Patrolling Profile" />
      </TestCategory>
      <Execution id="ab20aaf5-419a-4dcf-8675-d8fed60f2e1c" />
      <TestMethod codeBase="D:\actions-runner\_work\XPCO\XPCO\Corporate\CommonAPI\VideoOS.Management.VmoClient.UnitTests\bin\Debug\net472\VideoOS.Management.VmoClient.UnitTests.dll" adapterTypeName="executor://mstestadapter/v2" className="VideoOS.Management.VmoClient.UnitTests.PatrollingProfileTest" name="PatrollingProfile_MoveStepDown" />
    </UnitTest>
    <UnitTest name="FailoverServerGroup_ConstructorWithParent_DefaultValuesCorrect" storage="d:\actions-runner\_work\xpco\xpco\corporate\commonapi\videoos.management.vmoclient.unittests\bin\debug\net472\videoos.management.vmoclient.unittests.dll" id="bb86fea9-7da6-130a-f030-ab2f12efbf97">
      <Execution id="a6619c8c-6ba2-4a92-b178-87ce4c237474" />
      <TestMethod codeBase="D:\actions-runner\_work\XPCO\XPCO\Corporate\CommonAPI\VideoOS.Management.VmoClient.UnitTests\bin\Debug\net472\VideoOS.Management.VmoClient.UnitTests.dll" adapterTypeName="executor://mstestadapter/v2" className="VideoOS.Management.VmoClient.UnitTests.FailoverServerGroupTest" name="FailoverServerGroup_ConstructorWithParent_DefaultValuesCorrect" />
    </UnitTest>
    <UnitTest name="Add_DuplicateItemsUnderHeavyLoad_ShouldSuccess" storage="d:\actions-runner\_work\xpco\xpco\corporate\commonapi\videoos.management.vmoclient.unittests\bin\debug\net472\videoos.management.vmoclient.unittests.dll" id="9d8d570c-a692-dd03-4204-ed158bb865f2">
      <Execution id="99cce5cc-0854-4e42-bed0-e73fe66cbe3a" />
      <TestMethod codeBase="D:\actions-runner\_work\XPCO\XPCO\Corporate\CommonAPI\VideoOS.Management.VmoClient.UnitTests\bin\Debug\net472\VideoOS.Management.VmoClient.UnitTests.dll" adapterTypeName="executor://mstestadapter/v2" className="VideoOS.Management.VmoClient.UnitTests.SiteTokenCacheStoreTests" name="Add_DuplicateItemsUnderHeavyLoad_ShouldSuccess" />
    </UnitTest>
    <UnitTest name="ServerVersionConstructor_Greater_Success" storage="d:\actions-runner\_work\xpco\xpco\corporate\commonapi\videoos.management.vmoclient.unittests\bin\debug\net472\videoos.management.vmoclient.unittests.dll" id="af08d03d-ec36-120e-ae6b-f661270ea5d2">
      <TestCategory>
        <TestCategoryItem TestCategory="Server Version" />
      </TestCategory>
      <Execution id="e2ed73e9-1b7f-4121-9935-90914246ffab" />
      <TestMethod codeBase="D:\actions-runner\_work\XPCO\XPCO\Corporate\CommonAPI\VideoOS.Management.VmoClient.UnitTests\bin\Debug\net472\VideoOS.Management.VmoClient.UnitTests.dll" adapterTypeName="executor://mstestadapter/v2" className="VideoOS.Management.VmoClient.Tests.ServerVersionTests" name="ServerVersionConstructor_Greater_Success" />
    </UnitTest>
    <UnitTest name="PrivateViewGroup_Create_Success" storage="d:\actions-runner\_work\xpco\xpco\corporate\commonapi\videoos.management.vmoclient.unittests\bin\debug\net472\videoos.management.vmoclient.unittests.dll" id="338a195f-2c39-6b8b-d9ad-b68c001e358f">
      <Execution id="80b9be3b-470c-4821-b3cd-6f7b1cb9891a" />
      <TestMethod codeBase="D:\actions-runner\_work\XPCO\XPCO\Corporate\CommonAPI\VideoOS.Management.VmoClient.UnitTests\bin\Debug\net472\VideoOS.Management.VmoClient.UnitTests.dll" adapterTypeName="executor://mstestadapter/v2" className="VideoOS.Management.VmoClient.UnitTests.PrivateViewGroupTest" name="PrivateViewGroup_Create_Success" />
    </UnitTest>
    <UnitTest name="GetSiteConnectionResult_SiteConnectionInfoWindows_Null" storage="d:\actions-runner\_work\xpco\xpco\corporate\commonapi\videoos.management.vmoclient.unittests\bin\debug\net472\videoos.management.vmoclient.unittests.dll" id="0994a0aa-12d5-3225-bdd7-86480d5dfd50">
      <Execution id="dfdc10af-0dab-436a-bf85-e64355b6a3ce" />
      <TestMethod codeBase="D:\actions-runner\_work\XPCO\XPCO\Corporate\CommonAPI\VideoOS.Management.VmoClient.UnitTests\bin\Debug\net472\VideoOS.Management.VmoClient.UnitTests.dll" adapterTypeName="executor://mstestadapter/v2" className="VideoOS.Management.VmoClient.UnitTests.SiteConnectorLegacyTests" name="GetSiteConnectionResult_SiteConnectionInfoWindows_Null" />
    </UnitTest>
    <UnitTest name="PerformanceStateRuleConfiguration_Refresh_CheckVersionCalled" storage="d:\actions-runner\_work\xpco\xpco\corporate\commonapi\videoos.management.vmoclient.unittests\bin\debug\net472\videoos.management.vmoclient.unittests.dll" id="feb61cc2-d8a7-1010-6b57-b4f5136be797">
      <Execution id="b9f1f33f-cee3-417e-8cf3-f9c5a312f31c" />
      <TestMethod codeBase="D:\actions-runner\_work\XPCO\XPCO\Corporate\CommonAPI\VideoOS.Management.VmoClient.UnitTests\bin\Debug\net472\VideoOS.Management.VmoClient.UnitTests.dll" adapterTypeName="executor://mstestadapter/v2" className="VideoOS.Management.VmoClient.UnitTests.PerformanceStateRuleConfigTest" name="PerformanceStateRuleConfiguration_Refresh_CheckVersionCalled" />
    </UnitTest>
    <UnitTest name="Construct_InvalidParam_ITokenCacheList_Null_Throws_ArgumentNullException" storage="d:\actions-runner\_work\xpco\xpco\corporate\commonapi\videoos.management.vmoclient.unittests\bin\debug\net472\videoos.management.vmoclient.unittests.dll" id="2c7b457d-328f-f734-f24b-2c2c8c1db3bc">
      <TestCategory>
        <TestCategoryItem TestCategory="Vmo Site Connection Tests" />
      </TestCategory>
      <Execution id="5b403d43-f1ac-4f15-840f-db7fb3147090" />
      <TestMethod codeBase="D:\actions-runner\_work\XPCO\XPCO\Corporate\CommonAPI\VideoOS.Management.VmoClient.UnitTests\bin\Debug\net472\VideoOS.Management.VmoClient.UnitTests.dll" adapterTypeName="executor://mstestadapter/v2" className="VideoOS.Management.VmoClient.UnitTests.Connection.SiteConnectorFactoryTests" name="Construct_InvalidParam_ITokenCacheList_Null_Throws_ArgumentNullException" />
    </UnitTest>
    <UnitTest name="CameraDevice_TruncateStorage_WithRecorderId_Success" storage="d:\actions-runner\_work\xpco\xpco\corporate\commonapi\videoos.management.vmoclient.unittests\bin\debug\net472\videoos.management.vmoclient.unittests.dll" id="8f991ec0-049a-f3d3-1a97-4d913c1d59ea">
      <Execution id="e024e367-096e-4b83-8476-39cd420474de" />
      <TestMethod codeBase="D:\actions-runner\_work\XPCO\XPCO\Corporate\CommonAPI\VideoOS.Management.VmoClient.UnitTests\bin\Debug\net472\VideoOS.Management.VmoClient.UnitTests.dll" adapterTypeName="executor://mstestadapter/v2" className="VideoOS.Management.VmoClient.UnitTests.CameraDeviceTest" name="CameraDevice_TruncateStorage_WithRecorderId_Success" />
    </UnitTest>
    <UnitTest name="TryConnect_GivenBrokenServerConnection_ShouldDisposeAndReturnNull" storage="d:\actions-runner\_work\xpco\xpco\corporate\commonapi\videoos.management.vmoclient.unittests\bin\debug\net472\videoos.management.vmoclient.unittests.dll" id="d5ebba80-46b1-4b69-1317-862388d0bc03">
      <Execution id="dd274ff9-5ce0-45ad-800a-39d160536dc4" />
      <TestMethod codeBase="D:\actions-runner\_work\XPCO\XPCO\Corporate\CommonAPI\VideoOS.Management.VmoClient.UnitTests\bin\Debug\net472\VideoOS.Management.VmoClient.UnitTests.dll" adapterTypeName="executor://mstestadapter/v2" className="VideoOS.Management.VmoClient.UnitTests.SiteVmoConnectorTests" name="TryConnect_GivenBrokenServerConnection_ShouldDisposeAndReturnNull" />
    </UnitTest>
    <UnitTest name="GetHighPriorityError_GivenForbiddenException_ReturnsForbiddenException" storage="d:\actions-runner\_work\xpco\xpco\corporate\commonapi\videoos.management.vmoclient.unittests\bin\debug\net472\videoos.management.vmoclient.unittests.dll" id="825874b1-d7aa-3f36-6cf4-311e96f43c2f">
      <Execution id="b0882fbd-0ead-4f38-8159-2e97c246138d" />
      <TestMethod codeBase="D:\actions-runner\_work\XPCO\XPCO\Corporate\CommonAPI\VideoOS.Management.VmoClient.UnitTests\bin\Debug\net472\VideoOS.Management.VmoClient.UnitTests.dll" adapterTypeName="executor://mstestadapter/v2" className="VideoOS.Management.VmoClient.UnitTests.SiteConnectorExceptionHandlerTests" name="GetHighPriorityError_GivenForbiddenException_ReturnsForbiddenException" />
    </UnitTest>
    <UnitTest name="PublicViewGroup_Create_Success" storage="d:\actions-runner\_work\xpco\xpco\corporate\commonapi\videoos.management.vmoclient.unittests\bin\debug\net472\videoos.management.vmoclient.unittests.dll" id="da970e99-5d30-665b-42e2-538320b2de65">
      <Execution id="077336dd-e5f2-48a3-8edc-28d943d95585" />
      <TestMethod codeBase="D:\actions-runner\_work\XPCO\XPCO\Corporate\CommonAPI\VideoOS.Management.VmoClient.UnitTests\bin\Debug\net472\VideoOS.Management.VmoClient.UnitTests.dll" adapterTypeName="executor://mstestadapter/v2" className="VideoOS.Management.VmoClient.UnitTests.PublicViewGroupTest" name="PublicViewGroup_Create_Success" />
    </UnitTest>
    <UnitTest name="Role_Add_Basic_User_Member_Check_Basic_User_Created" storage="d:\actions-runner\_work\xpco\xpco\corporate\commonapi\videoos.management.vmoclient.unittests\bin\debug\net472\videoos.management.vmoclient.unittests.dll" id="0b19701d-b92d-a51b-6f73-de7c1f1becfa">
      <Execution id="1827e9b5-7969-4152-b2ae-19aac9d3a1f6" />
      <TestMethod codeBase="D:\actions-runner\_work\XPCO\XPCO\Corporate\CommonAPI\VideoOS.Management.VmoClient.UnitTests\bin\Debug\net472\VideoOS.Management.VmoClient.UnitTests.dll" adapterTypeName="executor://mstestadapter/v2" className="VideoOS.Management.VmoClient.UnitTests.RoleTest" name="Role_Add_Basic_User_Member_Check_Basic_User_Created" />
    </UnitTest>
    <UnitTest name="RecordingServer_Add_Hardware_Failed_Deleted" storage="d:\actions-runner\_work\xpco\xpco\corporate\commonapi\videoos.management.vmoclient.unittests\bin\debug\net472\videoos.management.vmoclient.unittests.dll" id="649e9608-c087-e678-8053-b4978cc56299">
      <Execution id="62fb6dcf-83c9-4f6f-9319-dc213c1bb2c4" />
      <TestMethod codeBase="D:\actions-runner\_work\XPCO\XPCO\Corporate\CommonAPI\VideoOS.Management.VmoClient.UnitTests\bin\Debug\net472\VideoOS.Management.VmoClient.UnitTests.dll" adapterTypeName="executor://mstestadapter/v2" className="VideoOS.Management.VmoClient.UnitTests.RecordingServerTest" name="RecordingServer_Add_Hardware_Failed_Deleted" />
    </UnitTest>
    <UnitTest name="PatrollingProfile_Preset_Constructor_Argument_Empty" storage="d:\actions-runner\_work\xpco\xpco\corporate\commonapi\videoos.management.vmoclient.unittests\bin\debug\net472\videoos.management.vmoclient.unittests.dll" id="23a8ef88-55d0-31a3-400b-f46cbe18e1f6">
      <TestCategory>
        <TestCategoryItem TestCategory="Patrolling Profile" />
      </TestCategory>
      <Execution id="b598df15-0e94-4395-8f6b-2c4d6047fd38" />
      <TestMethod codeBase="D:\actions-runner\_work\XPCO\XPCO\Corporate\CommonAPI\VideoOS.Management.VmoClient.UnitTests\bin\Debug\net472\VideoOS.Management.VmoClient.UnitTests.dll" adapterTypeName="executor://mstestadapter/v2" className="VideoOS.Management.VmoClient.UnitTests.PatrollingProfileTest" name="PatrollingProfile_Preset_Constructor_Argument_Empty" />
    </UnitTest>
    <UnitTest name="Master_Synchronize_NotCreated_InvalidOperationException" storage="d:\actions-runner\_work\xpco\xpco\corporate\commonapi\videoos.management.vmoclient.unittests\bin\debug\net472\videoos.management.vmoclient.unittests.dll" id="3e70b084-5656-d633-3a88-af533ceb55dd">
      <Execution id="1a7baba4-fd25-455a-9b9c-e4af4db6a823" />
      <TestMethod codeBase="D:\actions-runner\_work\XPCO\XPCO\Corporate\CommonAPI\VideoOS.Management.VmoClient.UnitTests\bin\Debug\net472\VideoOS.Management.VmoClient.UnitTests.dll" adapterTypeName="executor://mstestadapter/v2" className="VideoOS.Management.VmoClient.UnitTests.MasterSiteTest" name="Master_Synchronize_NotCreated_InvalidOperationException" />
    </UnitTest>
    <UnitTest name="BasicOwnerInfo_Constructor_Order_Empty_Check" storage="d:\actions-runner\_work\xpco\xpco\corporate\commonapi\videoos.management.vmoclient.unittests\bin\debug\net472\videoos.management.vmoclient.unittests.dll" id="916ee6c4-db86-01ee-dceb-fc3733d78c0f">
      <Execution id="c7ddfef9-e4db-456c-b6ff-b9739ff6e3ab" />
      <TestMethod codeBase="D:\actions-runner\_work\XPCO\XPCO\Corporate\CommonAPI\VideoOS.Management.VmoClient.UnitTests\bin\Debug\net472\VideoOS.Management.VmoClient.UnitTests.dll" adapterTypeName="executor://mstestadapter/v2" className="VideoOS.Management.VmoClient.UnitTests.BasicOwnerInfoTest" name="BasicOwnerInfo_Constructor_Order_Empty_Check" />
    </UnitTest>
    <UnitTest name="PatrollingProfile_InsertStepLast_Existing_PatrollingStep" storage="d:\actions-runner\_work\xpco\xpco\corporate\commonapi\videoos.management.vmoclient.unittests\bin\debug\net472\videoos.management.vmoclient.unittests.dll" id="39b1d282-7fce-bb85-3639-bd7e02b0961e">
      <TestCategory>
        <TestCategoryItem TestCategory="Patrolling Profile" />
      </TestCategory>
      <Execution id="8664f5ad-6732-4369-835b-8c6bd529cdd9" />
      <TestMethod codeBase="D:\actions-runner\_work\XPCO\XPCO\Corporate\CommonAPI\VideoOS.Management.VmoClient.UnitTests\bin\Debug\net472\VideoOS.Management.VmoClient.UnitTests.dll" adapterTypeName="executor://mstestadapter/v2" className="VideoOS.Management.VmoClient.UnitTests.PatrollingProfileTest" name="PatrollingProfile_InsertStepLast_Existing_PatrollingStep" />
    </UnitTest>
    <UnitTest name="Constructor_NullSiteTokenCacheStore_Throws" storage="d:\actions-runner\_work\xpco\xpco\corporate\commonapi\videoos.management.vmoclient.unittests\bin\debug\net472\videoos.management.vmoclient.unittests.dll" id="3509a51a-9506-3a6c-aa40-072e733eab5c">
      <TestCategory>
        <TestCategoryItem TestCategory="Vmo Site Connection Tests" />
      </TestCategory>
      <Execution id="ac78c97c-caa9-4bd0-af58-d7f40b550a18" />
      <TestMethod codeBase="D:\actions-runner\_work\XPCO\XPCO\Corporate\CommonAPI\VideoOS.Management.VmoClient.UnitTests\bin\Debug\net472\VideoOS.Management.VmoClient.UnitTests.dll" adapterTypeName="executor://mstestadapter/v2" className="VideoOS.Management.VmoClient.UnitTests.SiteConnectorOAuthTest" name="Constructor_NullSiteTokenCacheStore_Throws" />
    </UnitTest>
    <UnitTest name="TrustedIssuer_Refresh_Success" storage="d:\actions-runner\_work\xpco\xpco\corporate\commonapi\videoos.management.vmoclient.unittests\bin\debug\net472\videoos.management.vmoclient.unittests.dll" id="ce931e4e-388d-7d52-650e-1dc96ba7f0f6">
      <Execution id="a0eb5c21-02c1-4490-ad99-d4ee13c203dd" />
      <TestMethod codeBase="D:\actions-runner\_work\XPCO\XPCO\Corporate\CommonAPI\VideoOS.Management.VmoClient.UnitTests\bin\Debug\net472\VideoOS.Management.VmoClient.UnitTests.dll" adapterTypeName="executor://mstestadapter/v2" className="VideoOS.Management.VmoClient.UnitTests.TrustedIssuerTest" name="TrustedIssuer_Refresh_Success" />
    </UnitTest>
    <UnitTest name="IsAddressSchemeAllowed_Http_AllowHttp_False" storage="d:\actions-runner\_work\xpco\xpco\corporate\commonapi\videoos.management.vmoclient.unittests\bin\debug\net472\videoos.management.vmoclient.unittests.dll" id="c6542e85-9b3f-7672-00a9-5f09c0c1d8b9">
      <TestCategory>
        <TestCategoryItem TestCategory="Vmo Site Connection Tests" />
      </TestCategory>
      <Execution id="0942a225-308d-417f-bf99-f15c4dc85656" />
      <TestMethod codeBase="D:\actions-runner\_work\XPCO\XPCO\Corporate\CommonAPI\VideoOS.Management.VmoClient.UnitTests\bin\Debug\net472\VideoOS.Management.VmoClient.UnitTests.dll" adapterTypeName="executor://mstestadapter/v2" className="VideoOS.Management.VmoClient.UnitTests.SiteAddressValidatorTest" name="IsAddressSchemeAllowed_Http_AllowHttp_False" />
    </UnitTest>
    <UnitTest name="FailoverServerGroup_Refresh_Success" storage="d:\actions-runner\_work\xpco\xpco\corporate\commonapi\videoos.management.vmoclient.unittests\bin\debug\net472\videoos.management.vmoclient.unittests.dll" id="30706899-717f-9653-8d60-4d7641499993">
      <Execution id="597867a3-88a5-4a00-8389-8bbe986a311c" />
      <TestMethod codeBase="D:\actions-runner\_work\XPCO\XPCO\Corporate\CommonAPI\VideoOS.Management.VmoClient.UnitTests\bin\Debug\net472\VideoOS.Management.VmoClient.UnitTests.dll" adapterTypeName="executor://mstestadapter/v2" className="VideoOS.Management.VmoClient.UnitTests.FailoverServerGroupTest" name="FailoverServerGroup_Refresh_Success" />
    </UnitTest>
    <UnitTest name="BasicOwnerInfo_Delete_CheckVersionCalled" storage="d:\actions-runner\_work\xpco\xpco\corporate\commonapi\videoos.management.vmoclient.unittests\bin\debug\net472\videoos.management.vmoclient.unittests.dll" id="a9942bf9-ad80-f9e6-0ebd-05117b305a07">
      <Execution id="b0df6c80-79ea-4f2b-a8d9-b4454a3b38d3" />
      <TestMethod codeBase="D:\actions-runner\_work\XPCO\XPCO\Corporate\CommonAPI\VideoOS.Management.VmoClient.UnitTests\bin\Debug\net472\VideoOS.Management.VmoClient.UnitTests.dll" adapterTypeName="executor://mstestadapter/v2" className="VideoOS.Management.VmoClient.UnitTests.BasicOwnerInfoTest" name="BasicOwnerInfo_Delete_CheckVersionCalled" />
    </UnitTest>
    <UnitTest name="ProxyClientServiceBase_CallWithRetry_Retry_CommunicationException" storage="d:\actions-runner\_work\xpco\xpco\corporate\commonapi\videoos.management.vmoclient.unittests\bin\debug\net472\videoos.management.vmoclient.unittests.dll" id="edde5423-110b-0c3e-e075-ce5d75904558">
      <Execution id="bb0c1e99-c7e5-4d6a-a2fd-0c59a692e213" />
      <TestMethod codeBase="D:\actions-runner\_work\XPCO\XPCO\Corporate\CommonAPI\VideoOS.Management.VmoClient.UnitTests\bin\Debug\net472\VideoOS.Management.VmoClient.UnitTests.dll" adapterTypeName="executor://mstestadapter/v2" className="VideoOS.Management.VmoClient.UnitTests.Framework.ProxyClientServiceBaseTest" name="ProxyClientServiceBase_CallWithRetry_Retry_CommunicationException" />
    </UnitTest>
    <UnitTest name="PerformanceStateRuleConfiguration_Undo_Success" storage="d:\actions-runner\_work\xpco\xpco\corporate\commonapi\videoos.management.vmoclient.unittests\bin\debug\net472\videoos.management.vmoclient.unittests.dll" id="840d7e9b-a2ca-f306-6a5e-c780c2ea8bbc">
      <Execution id="bd45f65b-77e7-4368-aa82-c5a507c3f91c" />
      <TestMethod codeBase="D:\actions-runner\_work\XPCO\XPCO\Corporate\CommonAPI\VideoOS.Management.VmoClient.UnitTests\bin\Debug\net472\VideoOS.Management.VmoClient.UnitTests.dll" adapterTypeName="executor://mstestadapter/v2" className="VideoOS.Management.VmoClient.UnitTests.PerformanceStateRuleConfigTest" name="PerformanceStateRuleConfiguration_Undo_Success" />
    </UnitTest>
    <UnitTest name="TryConnectLegacy_GivenSuccess_ShouldReturnVmoClient" storage="d:\actions-runner\_work\xpco\xpco\corporate\commonapi\videoos.management.vmoclient.unittests\bin\debug\net472\videoos.management.vmoclient.unittests.dll" id="6c9335fb-eb25-994a-5a75-b57264e3a6ac">
      <Execution id="fd35eba2-f2f7-471c-a5ad-56bede62feed" />
      <TestMethod codeBase="D:\actions-runner\_work\XPCO\XPCO\Corporate\CommonAPI\VideoOS.Management.VmoClient.UnitTests\bin\Debug\net472\VideoOS.Management.VmoClient.UnitTests.dll" adapterTypeName="executor://mstestadapter/v2" className="VideoOS.Management.VmoClient.UnitTests.SiteVmoConnectorTests" name="TryConnectLegacy_GivenSuccess_ShouldReturnVmoClient" />
    </UnitTest>
    <UnitTest name="MIPObject_Refresh_Failed" storage="d:\actions-runner\_work\xpco\xpco\corporate\commonapi\videoos.management.vmoclient.unittests\bin\debug\net472\videoos.management.vmoclient.unittests.dll" id="1d9cbc37-070f-fd8e-71a3-88a4d86979c3">
      <Execution id="4f9c61f5-7cae-444a-a301-b02775ff8e01" />
      <TestMethod codeBase="D:\actions-runner\_work\XPCO\XPCO\Corporate\CommonAPI\VideoOS.Management.VmoClient.UnitTests\bin\Debug\net472\VideoOS.Management.VmoClient.UnitTests.dll" adapterTypeName="executor://mstestadapter/v2" className="VideoOS.Management.VmoClient.UnitTests.MIPObjectTest" name="MIPObject_Refresh_Failed" />
    </UnitTest>
    <UnitTest name="MarkedData_Create_Success_By_Reference" storage="d:\actions-runner\_work\xpco\xpco\corporate\commonapi\videoos.management.vmoclient.unittests\bin\debug\net472\videoos.management.vmoclient.unittests.dll" id="74cc6748-3958-77fa-7f29-670d020f8cd3">
      <Execution id="30e1c5b1-811c-4ede-a771-d24306c8c171" />
      <TestMethod codeBase="D:\actions-runner\_work\XPCO\XPCO\Corporate\CommonAPI\VideoOS.Management.VmoClient.UnitTests\bin\Debug\net472\VideoOS.Management.VmoClient.UnitTests.dll" adapterTypeName="executor://mstestadapter/v2" className="VideoOS.Management.VmoClient.UnitTests.MarkedDataTest" name="MarkedData_Create_Success_By_Reference" />
    </UnitTest>
    <UnitTest name="MIPObject_Update_Failed" storage="d:\actions-runner\_work\xpco\xpco\corporate\commonapi\videoos.management.vmoclient.unittests\bin\debug\net472\videoos.management.vmoclient.unittests.dll" id="0241de9d-d2ad-9933-0ddf-20f7878a8d1b">
      <Execution id="0ce64718-ea13-4a4c-a8aa-64f1bd8a72a2" />
      <TestMethod codeBase="D:\actions-runner\_work\XPCO\XPCO\Corporate\CommonAPI\VideoOS.Management.VmoClient.UnitTests\bin\Debug\net472\VideoOS.Management.VmoClient.UnitTests.dll" adapterTypeName="executor://mstestadapter/v2" className="VideoOS.Management.VmoClient.UnitTests.MIPObjectTest" name="MIPObject_Update_Failed" />
    </UnitTest>
    <UnitTest name="ManagementServer_QueueAutomaticActivation_Before_v100_NotSupported" storage="d:\actions-runner\_work\xpco\xpco\corporate\commonapi\videoos.management.vmoclient.unittests\bin\debug\net472\videoos.management.vmoclient.unittests.dll" id="40725980-b3de-fec9-75c7-5020f7573bd0">
      <Execution id="21f5ae64-2598-4b65-a8aa-56861068c675" />
      <TestMethod codeBase="D:\actions-runner\_work\XPCO\XPCO\Corporate\CommonAPI\VideoOS.Management.VmoClient.UnitTests\bin\Debug\net472\VideoOS.Management.VmoClient.UnitTests.dll" adapterTypeName="executor://mstestadapter/v2" className="VideoOS.Management.VmoClient.UnitTests.ManagementServerTest" name="ManagementServer_QueueAutomaticActivation_Before_v100_NotSupported" />
    </UnitTest>
    <UnitTest name="TaskMoveDevice_Refresh_Success" storage="d:\actions-runner\_work\xpco\xpco\corporate\commonapi\videoos.management.vmoclient.unittests\bin\debug\net472\videoos.management.vmoclient.unittests.dll" id="a1508e5b-b7e0-713a-e15c-9cf9da9bc7a0">
      <Execution id="ab2545e4-3935-4e68-87a0-898d2afa1078" />
      <TestMethod codeBase="D:\actions-runner\_work\XPCO\XPCO\Corporate\CommonAPI\VideoOS.Management.VmoClient.UnitTests\bin\Debug\net472\VideoOS.Management.VmoClient.UnitTests.dll" adapterTypeName="executor://mstestadapter/v2" className="VideoOS.Management.VmoClient.UnitTests.TaskMoveDeviceTest" name="TaskMoveDevice_Refresh_Success" />
    </UnitTest>
    <UnitTest name="View_ApplyView_Success" storage="d:\actions-runner\_work\xpco\xpco\corporate\commonapi\videoos.management.vmoclient.unittests\bin\debug\net472\videoos.management.vmoclient.unittests.dll" id="b88b2309-9255-236b-c47c-da5f68e4cad0">
      <Execution id="df9f670a-f749-4fe2-a5da-41dedb6462f6" />
      <TestMethod codeBase="D:\actions-runner\_work\XPCO\XPCO\Corporate\CommonAPI\VideoOS.Management.VmoClient.UnitTests\bin\Debug\net472\VideoOS.Management.VmoClient.UnitTests.dll" adapterTypeName="executor://mstestadapter/v2" className="VideoOS.Management.VmoClient.UnitTests.ViewTest" name="View_ApplyView_Success" />
    </UnitTest>
    <UnitTest name="TaskDeleteArchiveStorage_StartNew_Success" storage="d:\actions-runner\_work\xpco\xpco\corporate\commonapi\videoos.management.vmoclient.unittests\bin\debug\net472\videoos.management.vmoclient.unittests.dll" id="0222e21b-1a35-baf8-8f24-adad49fcc125">
      <Execution id="cba36a24-11a4-47b7-baf2-edfa62bc2b87" />
      <TestMethod codeBase="D:\actions-runner\_work\XPCO\XPCO\Corporate\CommonAPI\VideoOS.Management.VmoClient.UnitTests\bin\Debug\net472\VideoOS.Management.VmoClient.UnitTests.dll" adapterTypeName="executor://mstestadapter/v2" className="VideoOS.Management.VmoClient.UnitTests.TaskDeleteArchiveStorageTest" name="TaskDeleteArchiveStorage_StartNew_Success" />
    </UnitTest>
    <UnitTest name="ManagementClientProfile_Repository_Registered" storage="d:\actions-runner\_work\xpco\xpco\corporate\commonapi\videoos.management.vmoclient.unittests\bin\debug\net472\videoos.management.vmoclient.unittests.dll" id="ec57f8ed-3691-0757-37f7-3c4dbe3bc6e9">
      <Execution id="adbf0d27-a30b-4b1d-ae76-8dd81462dbc9" />
      <TestMethod codeBase="D:\actions-runner\_work\XPCO\XPCO\Corporate\CommonAPI\VideoOS.Management.VmoClient.UnitTests\bin\Debug\net472\VideoOS.Management.VmoClient.UnitTests.dll" adapterTypeName="executor://mstestadapter/v2" className="VideoOS.Management.VmoClient.UnitTests.ClientProfileManagementClientTest" name="ManagementClientProfile_Repository_Registered" />
    </UnitTest>
    <UnitTest name="GetSiteConnectionResult_GivenWorkingHttpAddressInRegistry_ShouldTryOnlyThatAddressAndReturnSucccess" storage="d:\actions-runner\_work\xpco\xpco\corporate\commonapi\videoos.management.vmoclient.unittests\bin\debug\net472\videoos.management.vmoclient.unittests.dll" id="9f0539bf-ce45-b539-b660-e1feb45dcbd7">
      <Execution id="de4d97c1-fab9-4cb9-9881-678352174a3c" />
      <TestMethod codeBase="D:\actions-runner\_work\XPCO\XPCO\Corporate\CommonAPI\VideoOS.Management.VmoClient.UnitTests\bin\Debug\net472\VideoOS.Management.VmoClient.UnitTests.dll" adapterTypeName="executor://mstestadapter/v2" className="VideoOS.Management.VmoClient.UnitTests.SiteConnectorLegacyTests" name="GetSiteConnectionResult_GivenWorkingHttpAddressInRegistry_ShouldTryOnlyThatAddressAndReturnSucccess" />
    </UnitTest>
    <UnitTest name="BasicUser_Constructor_CheckForVersion_6_0_and_throws" storage="d:\actions-runner\_work\xpco\xpco\corporate\commonapi\videoos.management.vmoclient.unittests\bin\debug\net472\videoos.management.vmoclient.unittests.dll" id="66fcdc1b-950f-7a55-01b9-2759d9aabe60">
      <Execution id="8439186d-77f7-4a72-a5ac-c09529d56e6c" />
      <TestMethod codeBase="D:\actions-runner\_work\XPCO\XPCO\Corporate\CommonAPI\VideoOS.Management.VmoClient.UnitTests\bin\Debug\net472\VideoOS.Management.VmoClient.UnitTests.dll" adapterTypeName="executor://mstestadapter/v2" className="VideoOS.Management.VmoClient.UnitTests.BasicOwnerInfoTest" name="BasicUser_Constructor_CheckForVersion_6_0_and_throws" />
    </UnitTest>
    <UnitTest name="ProxyClientServiceBase_CallWithRetry_NoRetry_FaultException" storage="d:\actions-runner\_work\xpco\xpco\corporate\commonapi\videoos.management.vmoclient.unittests\bin\debug\net472\videoos.management.vmoclient.unittests.dll" id="e79b213e-079c-c334-53d1-ca179024ad9e">
      <Execution id="74009da3-1ef0-46f9-8451-c33649edeb9b" />
      <TestMethod codeBase="D:\actions-runner\_work\XPCO\XPCO\Corporate\CommonAPI\VideoOS.Management.VmoClient.UnitTests\bin\Debug\net472\VideoOS.Management.VmoClient.UnitTests.dll" adapterTypeName="executor://mstestadapter/v2" className="VideoOS.Management.VmoClient.UnitTests.Framework.ProxyClientServiceBaseTest" name="ProxyClientServiceBase_CallWithRetry_NoRetry_FaultException" />
    </UnitTest>
    <UnitTest name="TryGetPropertyValue_NullableType_IsNull_ReturnsNull" storage="d:\actions-runner\_work\xpco\xpco\corporate\commonapi\videoos.management.vmoclient.unittests\bin\debug\net472\videoos.management.vmoclient.unittests.dll" id="f42b2b5c-a8df-13cb-58e2-834e91a6ba9d">
      <Execution id="6aa96c76-7064-488e-bde0-68cbfcabaa79" />
      <TestMethod codeBase="D:\actions-runner\_work\XPCO\XPCO\Corporate\CommonAPI\VideoOS.Management.VmoClient.UnitTests\bin\Debug\net472\VideoOS.Management.VmoClient.UnitTests.dll" adapterTypeName="executor://mstestadapter/v2" className="VideoOS.Management.VmoClient.UnitTests.Framework.VmoPropertyCollectionTest" name="TryGetPropertyValue_NullableType_IsNull_ReturnsNull" />
    </UnitTest>
    <UnitTest name="Grid_SetRegionWidthOutOfBounds_Exception" storage="d:\actions-runner\_work\xpco\xpco\corporate\commonapi\videoos.management.vmoclient.unittests\bin\debug\net472\videoos.management.vmoclient.unittests.dll" id="06b558f2-559a-6a2e-336b-64ac3a80bb27">
      <TestCategory>
        <TestCategoryItem TestCategory="Grid" />
      </TestCategory>
      <Execution id="ff21490a-349b-4757-878a-aa6a48e1c560" />
      <TestMethod codeBase="D:\actions-runner\_work\XPCO\XPCO\Corporate\CommonAPI\VideoOS.Management.VmoClient.UnitTests\bin\Debug\net472\VideoOS.Management.VmoClient.UnitTests.dll" adapterTypeName="executor://mstestadapter/v2" className="VideoOS.Management.VmoClient.UnitTests.GridTest" name="Grid_SetRegionWidthOutOfBounds_Exception" />
    </UnitTest>
    <UnitTest name="CameraDevice_Update_Success" storage="d:\actions-runner\_work\xpco\xpco\corporate\commonapi\videoos.management.vmoclient.unittests\bin\debug\net472\videoos.management.vmoclient.unittests.dll" id="b4652afc-4fcd-2143-f22d-6d9008cbb2c2">
      <Execution id="b566cf14-390c-468b-b020-3aa18575234c" />
      <TestMethod codeBase="D:\actions-runner\_work\XPCO\XPCO\Corporate\CommonAPI\VideoOS.Management.VmoClient.UnitTests\bin\Debug\net472\VideoOS.Management.VmoClient.UnitTests.dll" adapterTypeName="executor://mstestadapter/v2" className="VideoOS.Management.VmoClient.UnitTests.CameraDeviceTest" name="CameraDevice_Update_Success" />
    </UnitTest>
    <UnitTest name="PrivateViewGroup_Delete_Success" storage="d:\actions-runner\_work\xpco\xpco\corporate\commonapi\videoos.management.vmoclient.unittests\bin\debug\net472\videoos.management.vmoclient.unittests.dll" id="19358055-3a08-b321-ab76-b52ffb253ea3">
      <Execution id="5f4d7610-8689-41fd-8fe5-199fd61286fa" />
      <TestMethod codeBase="D:\actions-runner\_work\XPCO\XPCO\Corporate\CommonAPI\VideoOS.Management.VmoClient.UnitTests\bin\Debug\net472\VideoOS.Management.VmoClient.UnitTests.dll" adapterTypeName="executor://mstestadapter/v2" className="VideoOS.Management.VmoClient.UnitTests.PrivateViewGroupTest" name="PrivateViewGroup_Delete_Success" />
    </UnitTest>
    <UnitTest name="Grid_ClearAll_Success" storage="d:\actions-runner\_work\xpco\xpco\corporate\commonapi\videoos.management.vmoclient.unittests\bin\debug\net472\videoos.management.vmoclient.unittests.dll" id="208e6dd8-4ae7-1b16-34b8-d602c5c0a84f">
      <TestCategory>
        <TestCategoryItem TestCategory="Grid" />
      </TestCategory>
      <Execution id="d7c0a7b6-311e-415b-9323-b22e2e01c695" />
      <TestMethod codeBase="D:\actions-runner\_work\XPCO\XPCO\Corporate\CommonAPI\VideoOS.Management.VmoClient.UnitTests\bin\Debug\net472\VideoOS.Management.VmoClient.UnitTests.dll" adapterTypeName="executor://mstestadapter/v2" className="VideoOS.Management.VmoClient.UnitTests.GridTest" name="Grid_ClearAll_Success" />
    </UnitTest>
    <UnitTest name="ExceptionConverter_GetConnectionConvertedException_MessageSecurityException" storage="d:\actions-runner\_work\xpco\xpco\corporate\commonapi\videoos.management.vmoclient.unittests\bin\debug\net472\videoos.management.vmoclient.unittests.dll" id="feb30980-9ed1-4c3c-52d8-e49bb0409ac3">
      <Execution id="d346f2a1-861f-4970-9276-126ec4e4109e" />
      <TestMethod codeBase="D:\actions-runner\_work\XPCO\XPCO\Corporate\CommonAPI\VideoOS.Management.VmoClient.UnitTests\bin\Debug\net472\VideoOS.Management.VmoClient.UnitTests.dll" adapterTypeName="executor://mstestadapter/v2" className="VideoOS.Management.VmoClient.UnitTests.Utils.ExceptionConverterTest" name="ExceptionConverter_GetConnectionConvertedException_MessageSecurityException" />
    </UnitTest>
    <UnitTest name="ArchiveStorage_Create_Success_Constructor" storage="d:\actions-runner\_work\xpco\xpco\corporate\commonapi\videoos.management.vmoclient.unittests\bin\debug\net472\videoos.management.vmoclient.unittests.dll" id="fb501942-fd1c-8085-ebe3-88733ae59551">
      <Execution id="2bff0d45-e5af-490b-b86e-dacaa9ec8263" />
      <TestMethod codeBase="D:\actions-runner\_work\XPCO\XPCO\Corporate\CommonAPI\VideoOS.Management.VmoClient.UnitTests\bin\Debug\net472\VideoOS.Management.VmoClient.UnitTests.dll" adapterTypeName="executor://mstestadapter/v2" className="VideoOS.Management.VmoClient.UnitTests.ArchiveStorageTest" name="ArchiveStorage_Create_Success_Constructor" />
    </UnitTest>
    <UnitTest name="Role_Remove_Basic_User_Member_Check_Created" storage="d:\actions-runner\_work\xpco\xpco\corporate\commonapi\videoos.management.vmoclient.unittests\bin\debug\net472\videoos.management.vmoclient.unittests.dll" id="3f0e4010-1ce0-bc63-b2c7-bf6fc4116d03">
      <Execution id="9982f544-133e-48db-bd8b-aa9274043f2d" />
      <TestMethod codeBase="D:\actions-runner\_work\XPCO\XPCO\Corporate\CommonAPI\VideoOS.Management.VmoClient.UnitTests\bin\Debug\net472\VideoOS.Management.VmoClient.UnitTests.dll" adapterTypeName="executor://mstestadapter/v2" className="VideoOS.Management.VmoClient.UnitTests.RoleTest" name="Role_Remove_Basic_User_Member_Check_Created" />
    </UnitTest>
    <UnitTest name="OutputDeviceGroup_Refresh_Failed" storage="d:\actions-runner\_work\xpco\xpco\corporate\commonapi\videoos.management.vmoclient.unittests\bin\debug\net472\videoos.management.vmoclient.unittests.dll" id="56117679-a60b-55ff-9cc5-bd989b95e2a3">
      <Execution id="c38ae88e-f79f-4b63-ba92-536c13a61551" />
      <TestMethod codeBase="D:\actions-runner\_work\XPCO\XPCO\Corporate\CommonAPI\VideoOS.Management.VmoClient.UnitTests\bin\Debug\net472\VideoOS.Management.VmoClient.UnitTests.dll" adapterTypeName="executor://mstestadapter/v2" className="VideoOS.Management.VmoClient.UnitTests.DeviceGroupTest" name="OutputDeviceGroup_Refresh_Failed" />
    </UnitTest>
    <UnitTest name="BasicOwnerInfo_Constructor_Id_Empty_Guid_Check" storage="d:\actions-runner\_work\xpco\xpco\corporate\commonapi\videoos.management.vmoclient.unittests\bin\debug\net472\videoos.management.vmoclient.unittests.dll" id="57fef621-c869-d76a-b1c4-750e9f34bcf8">
      <Execution id="b8f88e7f-4004-4b64-b116-f94cb94e721f" />
      <TestMethod codeBase="D:\actions-runner\_work\XPCO\XPCO\Corporate\CommonAPI\VideoOS.Management.VmoClient.UnitTests\bin\Debug\net472\VideoOS.Management.VmoClient.UnitTests.dll" adapterTypeName="executor://mstestadapter/v2" className="VideoOS.Management.VmoClient.UnitTests.BasicOwnerInfoTest" name="BasicOwnerInfo_Constructor_Id_Empty_Guid_Check" />
    </UnitTest>
    <UnitTest name="Create_GivenAddress_ShouldSuccess" storage="d:\actions-runner\_work\xpco\xpco\corporate\commonapi\videoos.management.vmoclient.unittests\bin\debug\net472\videoos.management.vmoclient.unittests.dll" id="b95ba2c6-6bdd-e7c3-6bf9-a13e36c71b64">
      <Execution id="68d1cafc-d57a-4093-8944-8bd9f368660c" />
      <TestMethod codeBase="D:\actions-runner\_work\XPCO\XPCO\Corporate\CommonAPI\VideoOS.Management.VmoClient.UnitTests\bin\Debug\net472\VideoOS.Management.VmoClient.UnitTests.dll" adapterTypeName="executor://mstestadapter/v2" className="VideoOS.Management.VmoClient.UnitTests.ServerConnectionFactoryTests" name="Create_GivenAddress_ShouldSuccess" />
    </UnitTest>
    <UnitTest name="TaskTruncateDeviceStorage_StartNew_Success" storage="d:\actions-runner\_work\xpco\xpco\corporate\commonapi\videoos.management.vmoclient.unittests\bin\debug\net472\videoos.management.vmoclient.unittests.dll" id="ba1bb513-dbfb-d771-2804-731667304b59">
      <Execution id="b9b382d6-0e13-42bb-ad26-1890af462947" />
      <TestMethod codeBase="D:\actions-runner\_work\XPCO\XPCO\Corporate\CommonAPI\VideoOS.Management.VmoClient.UnitTests\bin\Debug\net472\VideoOS.Management.VmoClient.UnitTests.dll" adapterTypeName="executor://mstestadapter/v2" className="VideoOS.Management.VmoClient.UnitTests.TaskTruncateDeviceStorageTest" name="TaskTruncateDeviceStorage_StartNew_Success" />
    </UnitTest>
    <UnitTest name="ArchiveStorage_Repository_Registered" storage="d:\actions-runner\_work\xpco\xpco\corporate\commonapi\videoos.management.vmoclient.unittests\bin\debug\net472\videoos.management.vmoclient.unittests.dll" id="e3f1d3c8-0311-824e-8050-95178be5e52c">
      <Execution id="f614b58d-2b57-44af-915a-77a3f5f75633" />
      <TestMethod codeBase="D:\actions-runner\_work\XPCO\XPCO\Corporate\CommonAPI\VideoOS.Management.VmoClient.UnitTests\bin\Debug\net472\VideoOS.Management.VmoClient.UnitTests.dll" adapterTypeName="executor://mstestadapter/v2" className="VideoOS.Management.VmoClient.UnitTests.ArchiveStorageTest" name="ArchiveStorage_Repository_Registered" />
    </UnitTest>
    <UnitTest name="ManagementServer_AttachMasterSite_ArgumentException" storage="d:\actions-runner\_work\xpco\xpco\corporate\commonapi\videoos.management.vmoclient.unittests\bin\debug\net472\videoos.management.vmoclient.unittests.dll" id="67a7be4e-cdc4-c136-f975-9b7c19eac636">
      <Execution id="abfd7e51-270b-4ca2-9ff6-c605a64d56cb" />
      <TestMethod codeBase="D:\actions-runner\_work\XPCO\XPCO\Corporate\CommonAPI\VideoOS.Management.VmoClient.UnitTests\bin\Debug\net472\VideoOS.Management.VmoClient.UnitTests.dll" adapterTypeName="executor://mstestadapter/v2" className="VideoOS.Management.VmoClient.UnitTests.ManagementServerTest" name="ManagementServer_AttachMasterSite_ArgumentException" />
    </UnitTest>
    <UnitTest name="GenericRepositoryTestGetObjectsByIdWithPolymorphicVmoType" storage="d:\actions-runner\_work\xpco\xpco\corporate\commonapi\videoos.management.vmoclient.unittests\bin\debug\net472\videoos.management.vmoclient.unittests.dll" id="aa36675d-2939-7ced-ac01-eb4d23340b43">
      <Execution id="b8db59e7-3242-4bb4-9d73-ef16ff18c44c" />
      <TestMethod codeBase="D:\actions-runner\_work\XPCO\XPCO\Corporate\CommonAPI\VideoOS.Management.VmoClient.UnitTests\bin\Debug\net472\VideoOS.Management.VmoClient.UnitTests.dll" adapterTypeName="executor://mstestadapter/v2" className="VideoOS.Management.VmoClient.UnitTests.GenericRepositoryTest" name="GenericRepositoryTestGetObjectsByIdWithPolymorphicVmoType" />
    </UnitTest>
    <UnitTest name="AxisTunnelServer_Delete_Success" storage="d:\actions-runner\_work\xpco\xpco\corporate\commonapi\videoos.management.vmoclient.unittests\bin\debug\net472\videoos.management.vmoclient.unittests.dll" id="6ccb17ad-4b69-52f4-3d64-f02851102017">
      <Execution id="67f0f919-ddc1-414a-8c8d-34321dbc56e9" />
      <TestMethod codeBase="D:\actions-runner\_work\XPCO\XPCO\Corporate\CommonAPI\VideoOS.Management.VmoClient.UnitTests\bin\Debug\net472\VideoOS.Management.VmoClient.UnitTests.dll" adapterTypeName="executor://mstestadapter/v2" className="VideoOS.Management.VmoClient.UnitTests.AxisTunnelServerTest" name="AxisTunnelServer_Delete_Success" />
    </UnitTest>
    <UnitTest name="ManagementServer_DetachChildSite_Called" storage="d:\actions-runner\_work\xpco\xpco\corporate\commonapi\videoos.management.vmoclient.unittests\bin\debug\net472\videoos.management.vmoclient.unittests.dll" id="8ca3fe5c-1fec-38cc-139e-5cda860a37d9">
      <Execution id="703ea7b5-3073-47e9-bf31-e11d65a9de92" />
      <TestMethod codeBase="D:\actions-runner\_work\XPCO\XPCO\Corporate\CommonAPI\VideoOS.Management.VmoClient.UnitTests\bin\Debug\net472\VideoOS.Management.VmoClient.UnitTests.dll" adapterTypeName="executor://mstestadapter/v2" className="VideoOS.Management.VmoClient.UnitTests.ManagementServerTest" name="ManagementServer_DetachChildSite_Called" />
    </UnitTest>
    <UnitTest name="Add_DuplicateItem_ShouldPreventAddingDuplicateItem" storage="d:\actions-runner\_work\xpco\xpco\corporate\commonapi\videoos.management.vmoclient.unittests\bin\debug\net472\videoos.management.vmoclient.unittests.dll" id="9b3efce4-69d6-977f-0853-0434039b24ee">
      <Execution id="5cd68654-4ec0-4c3a-9209-286e3b445522" />
      <TestMethod codeBase="D:\actions-runner\_work\XPCO\XPCO\Corporate\CommonAPI\VideoOS.Management.VmoClient.UnitTests\bin\Debug\net472\VideoOS.Management.VmoClient.UnitTests.dll" adapterTypeName="executor://mstestadapter/v2" className="VideoOS.Management.VmoClient.UnitTests.SiteTokenCacheStoreTests" name="Add_DuplicateItem_ShouldPreventAddingDuplicateItem" />
    </UnitTest>
    <UnitTest name="Role_Remove_Member_No_Exception_If_User_Not_Exists" storage="d:\actions-runner\_work\xpco\xpco\corporate\commonapi\videoos.management.vmoclient.unittests\bin\debug\net472\videoos.management.vmoclient.unittests.dll" id="e0abc56f-7d42-6359-24f3-9a5cc4c951e3">
      <Execution id="1ad754b6-eef1-41a1-989a-997fe40145a1" />
      <TestMethod codeBase="D:\actions-runner\_work\XPCO\XPCO\Corporate\CommonAPI\VideoOS.Management.VmoClient.UnitTests\bin\Debug\net472\VideoOS.Management.VmoClient.UnitTests.dll" adapterTypeName="executor://mstestadapter/v2" className="VideoOS.Management.VmoClient.UnitTests.RoleTest" name="Role_Remove_Member_No_Exception_If_User_Not_Exists" />
    </UnitTest>
    <UnitTest name="ExceptionConverter_GetConnectionConvertedException_MessageSecurityException_WithInnerException" storage="d:\actions-runner\_work\xpco\xpco\corporate\commonapi\videoos.management.vmoclient.unittests\bin\debug\net472\videoos.management.vmoclient.unittests.dll" id="cc624a1a-7f69-5930-0aad-f31365ddf34a">
      <Execution id="184aefc0-fa38-4b6b-8b6e-df45b7ebb1d3" />
      <TestMethod codeBase="D:\actions-runner\_work\XPCO\XPCO\Corporate\CommonAPI\VideoOS.Management.VmoClient.UnitTests\bin\Debug\net472\VideoOS.Management.VmoClient.UnitTests.dll" adapterTypeName="executor://mstestadapter/v2" className="VideoOS.Management.VmoClient.UnitTests.Utils.ExceptionConverterTest" name="ExceptionConverter_GetConnectionConvertedException_MessageSecurityException_WithInnerException" />
    </UnitTest>
    <UnitTest name="BasicOwnerInfo_Create_CheckVersionCalled" storage="d:\actions-runner\_work\xpco\xpco\corporate\commonapi\videoos.management.vmoclient.unittests\bin\debug\net472\videoos.management.vmoclient.unittests.dll" id="2c12e70b-d5f6-a96d-830d-14474c8e0d92">
      <Execution id="889d57ae-b94d-42fb-a781-75979ff335b9" />
      <TestMethod codeBase="D:\actions-runner\_work\XPCO\XPCO\Corporate\CommonAPI\VideoOS.Management.VmoClient.UnitTests\bin\Debug\net472\VideoOS.Management.VmoClient.UnitTests.dll" adapterTypeName="executor://mstestadapter/v2" className="VideoOS.Management.VmoClient.UnitTests.BasicOwnerInfoTest" name="BasicOwnerInfo_Create_CheckVersionCalled" />
    </UnitTest>
    <UnitTest name="ServerVersionConstructor_ShortString_Failure" storage="d:\actions-runner\_work\xpco\xpco\corporate\commonapi\videoos.management.vmoclient.unittests\bin\debug\net472\videoos.management.vmoclient.unittests.dll" id="88db907c-2729-b881-7e27-60f3def562f7">
      <TestCategory>
        <TestCategoryItem TestCategory="Server Version" />
      </TestCategory>
      <Execution id="d017af37-ddc5-4975-9929-110a4b551e40" />
      <TestMethod codeBase="D:\actions-runner\_work\XPCO\XPCO\Corporate\CommonAPI\VideoOS.Management.VmoClient.UnitTests\bin\Debug\net472\VideoOS.Management.VmoClient.UnitTests.dll" adapterTypeName="executor://mstestadapter/v2" className="VideoOS.Management.VmoClient.Tests.ServerVersionTests" name="ServerVersionConstructor_ShortString_Failure" />
    </UnitTest>
    <UnitTest name="PatrollingProfile_MoveStepToPosition" storage="d:\actions-runner\_work\xpco\xpco\corporate\commonapi\videoos.management.vmoclient.unittests\bin\debug\net472\videoos.management.vmoclient.unittests.dll" id="cf980ff0-658a-cea3-568e-ae6607f09bd5">
      <TestCategory>
        <TestCategoryItem TestCategory="Patrolling Profile" />
      </TestCategory>
      <Execution id="02b915bc-1231-4275-8aba-7399d198667b" />
      <TestMethod codeBase="D:\actions-runner\_work\XPCO\XPCO\Corporate\CommonAPI\VideoOS.Management.VmoClient.UnitTests\bin\Debug\net472\VideoOS.Management.VmoClient.UnitTests.dll" adapterTypeName="executor://mstestadapter/v2" className="VideoOS.Management.VmoClient.UnitTests.PatrollingProfileTest" name="PatrollingProfile_MoveStepToPosition" />
    </UnitTest>
    <UnitTest name="MIPAction_Constructor_DefaultValuesCorrect" storage="d:\actions-runner\_work\xpco\xpco\corporate\commonapi\videoos.management.vmoclient.unittests\bin\debug\net472\videoos.management.vmoclient.unittests.dll" id="3a4137d2-5af2-1a66-ab1f-681236e1f7e9">
      <Execution id="6bd6fb55-e09e-4131-a705-5da7ec66599f" />
      <TestMethod codeBase="D:\actions-runner\_work\XPCO\XPCO\Corporate\CommonAPI\VideoOS.Management.VmoClient.UnitTests\bin\Debug\net472\VideoOS.Management.VmoClient.UnitTests.dll" adapterTypeName="executor://mstestadapter/v2" className="VideoOS.Management.VmoClient.UnitTests.MIPActionTest" name="MIPAction_Constructor_DefaultValuesCorrect" />
    </UnitTest>
    <UnitTest name="PerformanceStateRuleConfiguration_Update_CheckVersionCalled" storage="d:\actions-runner\_work\xpco\xpco\corporate\commonapi\videoos.management.vmoclient.unittests\bin\debug\net472\videoos.management.vmoclient.unittests.dll" id="58080360-2f6c-9e91-26b5-fffbb103c02b">
      <Execution id="3f0e0b0f-6b90-4775-908f-869d73fb5b77" />
      <TestMethod codeBase="D:\actions-runner\_work\XPCO\XPCO\Corporate\CommonAPI\VideoOS.Management.VmoClient.UnitTests\bin\Debug\net472\VideoOS.Management.VmoClient.UnitTests.dll" adapterTypeName="executor://mstestadapter/v2" className="VideoOS.Management.VmoClient.UnitTests.PerformanceStateRuleConfigTest" name="PerformanceStateRuleConfiguration_Update_CheckVersionCalled" />
    </UnitTest>
    <UnitTest name="OutputDeviceGroup_Refresh_Success" storage="d:\actions-runner\_work\xpco\xpco\corporate\commonapi\videoos.management.vmoclient.unittests\bin\debug\net472\videoos.management.vmoclient.unittests.dll" id="b53800a6-c30a-b14a-00eb-e7ed3eb06cd9">
      <Execution id="509cf918-7831-4138-9054-f014ae3e5938" />
      <TestMethod codeBase="D:\actions-runner\_work\XPCO\XPCO\Corporate\CommonAPI\VideoOS.Management.VmoClient.UnitTests\bin\Debug\net472\VideoOS.Management.VmoClient.UnitTests.dll" adapterTypeName="executor://mstestadapter/v2" className="VideoOS.Management.VmoClient.UnitTests.DeviceGroupTest" name="OutputDeviceGroup_Refresh_Success" />
    </UnitTest>
    <UnitTest name="RuleSource_IsCreated_Success" storage="d:\actions-runner\_work\xpco\xpco\corporate\commonapi\videoos.management.vmoclient.unittests\bin\debug\net472\videoos.management.vmoclient.unittests.dll" id="dba05cc8-439b-0f64-7bd1-fd8fe74dca4b">
      <Execution id="0bc3b328-5502-4c30-87d1-eafdcb793583" />
      <TestMethod codeBase="D:\actions-runner\_work\XPCO\XPCO\Corporate\CommonAPI\VideoOS.Management.VmoClient.UnitTests\bin\Debug\net472\VideoOS.Management.VmoClient.UnitTests.dll" adapterTypeName="executor://mstestadapter/v2" className="VideoOS.Management.VmoClient.UnitTests.RuleSourceTest" name="RuleSource_IsCreated_Success" />
    </UnitTest>
    <UnitTest name="VideoWall_Create_CheckVersionNotCalled" storage="d:\actions-runner\_work\xpco\xpco\corporate\commonapi\videoos.management.vmoclient.unittests\bin\debug\net472\videoos.management.vmoclient.unittests.dll" id="07361177-b4ca-8f15-ac56-847d5ab031b9">
      <Execution id="3ff8d7ab-db94-459f-bcf6-7e20f107a85f" />
      <TestMethod codeBase="D:\actions-runner\_work\XPCO\XPCO\Corporate\CommonAPI\VideoOS.Management.VmoClient.UnitTests\bin\Debug\net472\VideoOS.Management.VmoClient.UnitTests.dll" adapterTypeName="executor://mstestadapter/v2" className="VideoOS.Management.VmoClient.UnitTests.VideoWallTest" name="VideoWall_Create_CheckVersionNotCalled" />
    </UnitTest>
    <UnitTest name="SunClockTimeProfile_Create_Failed_Constructor_Empty_CustomId" storage="d:\actions-runner\_work\xpco\xpco\corporate\commonapi\videoos.management.vmoclient.unittests\bin\debug\net472\videoos.management.vmoclient.unittests.dll" id="029aee69-d04b-5a49-9992-2e4ba2ae7f37">
      <Execution id="3bb34b90-62dc-4277-8e58-9633e2ffa86c" />
      <TestMethod codeBase="D:\actions-runner\_work\XPCO\XPCO\Corporate\CommonAPI\VideoOS.Management.VmoClient.UnitTests\bin\Debug\net472\VideoOS.Management.VmoClient.UnitTests.dll" adapterTypeName="executor://mstestadapter/v2" className="VideoOS.Management.VmoClient.UnitTests.SunClockTimeProfileTest" name="SunClockTimeProfile_Create_Failed_Constructor_Empty_CustomId" />
    </UnitTest>
    <UnitTest name="MicrophoneDeviceGroup_Refresh_Failed" storage="d:\actions-runner\_work\xpco\xpco\corporate\commonapi\videoos.management.vmoclient.unittests\bin\debug\net472\videoos.management.vmoclient.unittests.dll" id="0ebfe791-6b4d-a3b8-5330-d32bda8e413d">
      <Execution id="408f512b-d138-4f81-afd0-744ffdb2ef44" />
      <TestMethod codeBase="D:\actions-runner\_work\XPCO\XPCO\Corporate\CommonAPI\VideoOS.Management.VmoClient.UnitTests\bin\Debug\net472\VideoOS.Management.VmoClient.UnitTests.dll" adapterTypeName="executor://mstestadapter/v2" className="VideoOS.Management.VmoClient.UnitTests.DeviceGroupTest" name="MicrophoneDeviceGroup_Refresh_Failed" />
    </UnitTest>
    <UnitTest name="ServerVersionConstructor_NullString_Failure" storage="d:\actions-runner\_work\xpco\xpco\corporate\commonapi\videoos.management.vmoclient.unittests\bin\debug\net472\videoos.management.vmoclient.unittests.dll" id="4127c2ae-510a-766f-bc62-5c6f833bc370">
      <TestCategory>
        <TestCategoryItem TestCategory="Server Version" />
      </TestCategory>
      <Execution id="720bd68d-d37d-4f1e-aa61-685c78c222b7" />
      <TestMethod codeBase="D:\actions-runner\_work\XPCO\XPCO\Corporate\CommonAPI\VideoOS.Management.VmoClient.UnitTests\bin\Debug\net472\VideoOS.Management.VmoClient.UnitTests.dll" adapterTypeName="executor://mstestadapter/v2" className="VideoOS.Management.VmoClient.Tests.ServerVersionTests" name="ServerVersionConstructor_NullString_Failure" />
    </UnitTest>
    <UnitTest name="TaskRequestEdgeStorage_Refresh_Success" storage="d:\actions-runner\_work\xpco\xpco\corporate\commonapi\videoos.management.vmoclient.unittests\bin\debug\net472\videoos.management.vmoclient.unittests.dll" id="9ef9d6a5-0f89-100e-3120-b37de812220f">
      <Execution id="8c17ca0b-4a62-44e8-8203-eebe0f631a50" />
      <TestMethod codeBase="D:\actions-runner\_work\XPCO\XPCO\Corporate\CommonAPI\VideoOS.Management.VmoClient.UnitTests\bin\Debug\net472\VideoOS.Management.VmoClient.UnitTests.dll" adapterTypeName="executor://mstestadapter/v2" className="VideoOS.Management.VmoClient.UnitTests.TaskRequestEdgeStorageTest" name="TaskRequestEdgeStorage_Refresh_Success" />
    </UnitTest>
    <UnitTest name="FailoverServerGroup_Delete_Success" storage="d:\actions-runner\_work\xpco\xpco\corporate\commonapi\videoos.management.vmoclient.unittests\bin\debug\net472\videoos.management.vmoclient.unittests.dll" id="63a057b8-d93a-9977-b1b4-fa071e73ba32">
      <Execution id="d8cd53c8-16a1-4aa1-b059-e3a3c9be7c95" />
      <TestMethod codeBase="D:\actions-runner\_work\XPCO\XPCO\Corporate\CommonAPI\VideoOS.Management.VmoClient.UnitTests\bin\Debug\net472\VideoOS.Management.VmoClient.UnitTests.dll" adapterTypeName="executor://mstestadapter/v2" className="VideoOS.Management.VmoClient.UnitTests.FailoverServerGroupTest" name="FailoverServerGroup_Delete_Success" />
    </UnitTest>
    <UnitTest name="SystemDashboardConfigurationuration_Update_Failed_Not_Created" storage="d:\actions-runner\_work\xpco\xpco\corporate\commonapi\videoos.management.vmoclient.unittests\bin\debug\net472\videoos.management.vmoclient.unittests.dll" id="1f0ce369-a846-ff85-ad28-49ffb4cacb47">
      <Execution id="e8a76fe8-06b5-4193-bde6-e68dff12fcc8" />
      <TestMethod codeBase="D:\actions-runner\_work\XPCO\XPCO\Corporate\CommonAPI\VideoOS.Management.VmoClient.UnitTests\bin\Debug\net472\VideoOS.Management.VmoClient.UnitTests.dll" adapterTypeName="executor://mstestadapter/v2" className="VideoOS.Management.VmoClient.UnitTests.SystemDashboardConfigTest" name="SystemDashboardConfigurationuration_Update_Failed_Not_Created" />
    </UnitTest>
    <UnitTest name="MetadataDeviceGroup_Refresh_Failed" storage="d:\actions-runner\_work\xpco\xpco\corporate\commonapi\videoos.management.vmoclient.unittests\bin\debug\net472\videoos.management.vmoclient.unittests.dll" id="e35af84d-5253-a0b3-676b-d8c1702fd0f7">
      <Execution id="0f2150b6-4102-4693-8669-c795a1908260" />
      <TestMethod codeBase="D:\actions-runner\_work\XPCO\XPCO\Corporate\CommonAPI\VideoOS.Management.VmoClient.UnitTests\bin\Debug\net472\VideoOS.Management.VmoClient.UnitTests.dll" adapterTypeName="executor://mstestadapter/v2" className="VideoOS.Management.VmoClient.UnitTests.DeviceGroupTest" name="MetadataDeviceGroup_Refresh_Failed" />
    </UnitTest>
    <UnitTest name="ServerVersionConstructor_CompareToObjRight_Success" storage="d:\actions-runner\_work\xpco\xpco\corporate\commonapi\videoos.management.vmoclient.unittests\bin\debug\net472\videoos.management.vmoclient.unittests.dll" id="6057cecb-7fa2-d0f0-8911-1a80596ef49b">
      <TestCategory>
        <TestCategoryItem TestCategory="Server Version" />
      </TestCategory>
      <Execution id="364f615b-078e-4dfe-85b0-611d302e02e2" />
      <TestMethod codeBase="D:\actions-runner\_work\XPCO\XPCO\Corporate\CommonAPI\VideoOS.Management.VmoClient.UnitTests\bin\Debug\net472\VideoOS.Management.VmoClient.UnitTests.dll" adapterTypeName="executor://mstestadapter/v2" className="VideoOS.Management.VmoClient.Tests.ServerVersionTests" name="ServerVersionConstructor_CompareToObjRight_Success" />
    </UnitTest>
    <UnitTest name="SmartClientProfile_Repository_Registered" storage="d:\actions-runner\_work\xpco\xpco\corporate\commonapi\videoos.management.vmoclient.unittests\bin\debug\net472\videoos.management.vmoclient.unittests.dll" id="c9754ef7-454d-f20a-ba8a-9bb48b22c987">
      <Execution id="beb42b5f-1136-40f7-a11f-2932b8b71eec" />
      <TestMethod codeBase="D:\actions-runner\_work\XPCO\XPCO\Corporate\CommonAPI\VideoOS.Management.VmoClient.UnitTests\bin\Debug\net472\VideoOS.Management.VmoClient.UnitTests.dll" adapterTypeName="executor://mstestadapter/v2" className="VideoOS.Management.VmoClient.UnitTests.ClientProfileSmartClientTest" name="SmartClientProfile_Repository_Registered" />
    </UnitTest>
    <UnitTest name="ProxyClientServiceBase_CallWithRetry_NoRetry_UnknownException" storage="d:\actions-runner\_work\xpco\xpco\corporate\commonapi\videoos.management.vmoclient.unittests\bin\debug\net472\videoos.management.vmoclient.unittests.dll" id="a4263f00-cdbf-b301-109b-a87ad30f69f1">
      <Execution id="664fc634-a133-4fe4-996b-d3d3a43654b3" />
      <TestMethod codeBase="D:\actions-runner\_work\XPCO\XPCO\Corporate\CommonAPI\VideoOS.Management.VmoClient.UnitTests\bin\Debug\net472\VideoOS.Management.VmoClient.UnitTests.dll" adapterTypeName="executor://mstestadapter/v2" className="VideoOS.Management.VmoClient.UnitTests.Framework.ProxyClientServiceBaseTest" name="ProxyClientServiceBase_CallWithRetry_NoRetry_UnknownException" />
    </UnitTest>
    <UnitTest name="ServerVersionConstructor_GreaterOrEqual_Success" storage="d:\actions-runner\_work\xpco\xpco\corporate\commonapi\videoos.management.vmoclient.unittests\bin\debug\net472\videoos.management.vmoclient.unittests.dll" id="37cd8d03-e1c8-ddea-a38c-7816c97e5aa0">
      <TestCategory>
        <TestCategoryItem TestCategory="Server Version" />
      </TestCategory>
      <Execution id="fd801dcf-b875-4e63-b95c-5754354d2e79" />
      <TestMethod codeBase="D:\actions-runner\_work\XPCO\XPCO\Corporate\CommonAPI\VideoOS.Management.VmoClient.UnitTests\bin\Debug\net472\VideoOS.Management.VmoClient.UnitTests.dll" adapterTypeName="executor://mstestadapter/v2" className="VideoOS.Management.VmoClient.Tests.ServerVersionTests" name="ServerVersionConstructor_GreaterOrEqual_Success" />
    </UnitTest>
    <UnitTest name="Grid_Constructor_Full_Grid" storage="d:\actions-runner\_work\xpco\xpco\corporate\commonapi\videoos.management.vmoclient.unittests\bin\debug\net472\videoos.management.vmoclient.unittests.dll" id="7830b5c8-a7fb-22af-0a4e-64c1e036d283">
      <TestCategory>
        <TestCategoryItem TestCategory="Grid" />
      </TestCategory>
      <Execution id="8b973211-45b6-4f69-9698-f124d72c6777" />
      <TestMethod codeBase="D:\actions-runner\_work\XPCO\XPCO\Corporate\CommonAPI\VideoOS.Management.VmoClient.UnitTests\bin\Debug\net472\VideoOS.Management.VmoClient.UnitTests.dll" adapterTypeName="executor://mstestadapter/v2" className="VideoOS.Management.VmoClient.UnitTests.GridTest" name="Grid_Constructor_Full_Grid" />
    </UnitTest>
    <UnitTest name="GenericRepositoryTestGetObjectRelationsServerCalledAlways" storage="d:\actions-runner\_work\xpco\xpco\corporate\commonapi\videoos.management.vmoclient.unittests\bin\debug\net472\videoos.management.vmoclient.unittests.dll" id="00359fdf-0a4b-6178-4ca6-973d86cbac25">
      <Execution id="e1259ff3-f5b8-4d10-aa24-d7947fdf29cc" />
      <TestMethod codeBase="D:\actions-runner\_work\XPCO\XPCO\Corporate\CommonAPI\VideoOS.Management.VmoClient.UnitTests\bin\Debug\net472\VideoOS.Management.VmoClient.UnitTests.dll" adapterTypeName="executor://mstestadapter/v2" className="VideoOS.Management.VmoClient.UnitTests.GenericRepositoryTest" name="GenericRepositoryTestGetObjectRelationsServerCalledAlways" />
    </UnitTest>
    <UnitTest name="CameraDevice_ChangeRecordingStorage_Success" storage="d:\actions-runner\_work\xpco\xpco\corporate\commonapi\videoos.management.vmoclient.unittests\bin\debug\net472\videoos.management.vmoclient.unittests.dll" id="9f2f9eb7-af09-d3bf-f77f-90b9601a7cf2">
      <Execution id="dff77d9f-8c2d-4cca-b48f-6fcc18b0ab72" />
      <TestMethod codeBase="D:\actions-runner\_work\XPCO\XPCO\Corporate\CommonAPI\VideoOS.Management.VmoClient.UnitTests\bin\Debug\net472\VideoOS.Management.VmoClient.UnitTests.dll" adapterTypeName="executor://mstestadapter/v2" className="VideoOS.Management.VmoClient.UnitTests.CameraDeviceTest" name="CameraDevice_ChangeRecordingStorage_Success" />
    </UnitTest>
    <UnitTest name="GetIdpInfo_GivenNullAddress_ShouldThrow" storage="d:\actions-runner\_work\xpco\xpco\corporate\commonapi\videoos.management.vmoclient.unittests\bin\debug\net472\videoos.management.vmoclient.unittests.dll" id="c0bda018-1d62-7dbf-3681-e315be3567e6">
      <Execution id="378f6355-9a30-48b0-9fc3-f7ba1801b992" />
      <TestMethod codeBase="D:\actions-runner\_work\XPCO\XPCO\Corporate\CommonAPI\VideoOS.Management.VmoClient.UnitTests\bin\Debug\net472\VideoOS.Management.VmoClient.UnitTests.dll" adapterTypeName="executor://mstestadapter/v2" className="VideoOS.Management.VmoClient.UnitTests.SiteIdpConnectorTests" name="GetIdpInfo_GivenNullAddress_ShouldThrow" />
    </UnitTest>
    <UnitTest name="PrivateViewGroup_ConstructorWithParent_DefaultValuesCorrect" storage="d:\actions-runner\_work\xpco\xpco\corporate\commonapi\videoos.management.vmoclient.unittests\bin\debug\net472\videoos.management.vmoclient.unittests.dll" id="d9fbc08d-a618-6a45-6259-18cefeadfcd3">
      <Execution id="bb1db6d0-d7f2-4fe1-bfa2-4c2b6a619114" />
      <TestMethod codeBase="D:\actions-runner\_work\XPCO\XPCO\Corporate\CommonAPI\VideoOS.Management.VmoClient.UnitTests\bin\Debug\net472\VideoOS.Management.VmoClient.UnitTests.dll" adapterTypeName="executor://mstestadapter/v2" className="VideoOS.Management.VmoClient.UnitTests.PrivateViewGroupTest" name="PrivateViewGroup_ConstructorWithParent_DefaultValuesCorrect" />
    </UnitTest>
    <UnitTest name="MonitorPreset_Refresh_Success" storage="d:\actions-runner\_work\xpco\xpco\corporate\commonapi\videoos.management.vmoclient.unittests\bin\debug\net472\videoos.management.vmoclient.unittests.dll" id="ef7ede63-3b8a-d738-a6f5-5406c4c50b46">
      <Execution id="76f07811-cf80-42ce-bfe6-aeea7bd356e9" />
      <TestMethod codeBase="D:\actions-runner\_work\XPCO\XPCO\Corporate\CommonAPI\VideoOS.Management.VmoClient.UnitTests\bin\Debug\net472\VideoOS.Management.VmoClient.UnitTests.dll" adapterTypeName="executor://mstestadapter/v2" className="VideoOS.Management.VmoClient.UnitTests.MonitorPresetTest" name="MonitorPreset_Refresh_Success" />
    </UnitTest>
    <UnitTest name="MIPAction_Repository_Registered" storage="d:\actions-runner\_work\xpco\xpco\corporate\commonapi\videoos.management.vmoclient.unittests\bin\debug\net472\videoos.management.vmoclient.unittests.dll" id="14bb50f4-a8ae-a89c-1d94-dba9d90b4290">
      <Execution id="4d4951cd-e186-45a5-946f-814dbcba3924" />
      <TestMethod codeBase="D:\actions-runner\_work\XPCO\XPCO\Corporate\CommonAPI\VideoOS.Management.VmoClient.UnitTests\bin\Debug\net472\VideoOS.Management.VmoClient.UnitTests.dll" adapterTypeName="executor://mstestadapter/v2" className="VideoOS.Management.VmoClient.UnitTests.MIPActionTest" name="MIPAction_Repository_Registered" />
    </UnitTest>
    <UnitTest name="MIPDeviceEvent_Update_Success" storage="d:\actions-runner\_work\xpco\xpco\corporate\commonapi\videoos.management.vmoclient.unittests\bin\debug\net472\videoos.management.vmoclient.unittests.dll" id="f8fb4dbe-dacd-5b1a-0a09-a413bbeec29a">
      <Execution id="6af5638d-f4b7-4a73-85e9-9f62222e0cd2" />
      <TestMethod codeBase="D:\actions-runner\_work\XPCO\XPCO\Corporate\CommonAPI\VideoOS.Management.VmoClient.UnitTests\bin\Debug\net472\VideoOS.Management.VmoClient.UnitTests.dll" adapterTypeName="executor://mstestadapter/v2" className="VideoOS.Management.VmoClient.UnitTests.MIPDeviceEventTest" name="MIPDeviceEvent_Update_Success" />
    </UnitTest>
    <UnitTest name="Monitor_Constructor_DefaultValuesCorrect" storage="d:\actions-runner\_work\xpco\xpco\corporate\commonapi\videoos.management.vmoclient.unittests\bin\debug\net472\videoos.management.vmoclient.unittests.dll" id="66f41b99-9bb5-3922-2d4c-8267bfe83112">
      <Execution id="9f4683da-f965-4d55-81a8-18cf276a597d" />
      <TestMethod codeBase="D:\actions-runner\_work\XPCO\XPCO\Corporate\CommonAPI\VideoOS.Management.VmoClient.UnitTests\bin\Debug\net472\VideoOS.Management.VmoClient.UnitTests.dll" adapterTypeName="executor://mstestadapter/v2" className="VideoOS.Management.VmoClient.UnitTests.MonitorTest" name="Monitor_Constructor_DefaultValuesCorrect" />
    </UnitTest>
    <UnitTest name="PerformanceStateRuleConfiguration_Update_Failed_Not_Created" storage="d:\actions-runner\_work\xpco\xpco\corporate\commonapi\videoos.management.vmoclient.unittests\bin\debug\net472\videoos.management.vmoclient.unittests.dll" id="c1f3d5eb-3123-e2ad-c9ac-66930017d9fb">
      <Execution id="8e9dbe03-75ce-439b-b8cc-4f18b1fa1980" />
      <TestMethod codeBase="D:\actions-runner\_work\XPCO\XPCO\Corporate\CommonAPI\VideoOS.Management.VmoClient.UnitTests\bin\Debug\net472\VideoOS.Management.VmoClient.UnitTests.dll" adapterTypeName="executor://mstestadapter/v2" className="VideoOS.Management.VmoClient.UnitTests.PerformanceStateRuleConfigTest" name="PerformanceStateRuleConfiguration_Update_Failed_Not_Created" />
    </UnitTest>
    <UnitTest name="TaskAddIdpAdmin_StartNew_Success" storage="d:\actions-runner\_work\xpco\xpco\corporate\commonapi\videoos.management.vmoclient.unittests\bin\debug\net472\videoos.management.vmoclient.unittests.dll" id="8dc42fe5-e680-bdfd-5002-668002897b77">
      <Execution id="a9e80aa6-fda5-4be6-97b5-6dcedf09cc53" />
      <TestMethod codeBase="D:\actions-runner\_work\XPCO\XPCO\Corporate\CommonAPI\VideoOS.Management.VmoClient.UnitTests\bin\Debug\net472\VideoOS.Management.VmoClient.UnitTests.dll" adapterTypeName="executor://mstestadapter/v2" className="VideoOS.Management.VmoClient.UnitTests.TaskAddIdpAdminTest" name="TaskAddIdpAdmin_StartNew_Success" />
    </UnitTest>
    <UnitTest name="SystemDashboardConfigurationuration_IsDeleted_Success" storage="d:\actions-runner\_work\xpco\xpco\corporate\commonapi\videoos.management.vmoclient.unittests\bin\debug\net472\videoos.management.vmoclient.unittests.dll" id="98fff030-53c1-c04c-47fb-82b4ef74e4d8">
      <Execution id="b7551160-1b68-4a4c-9b7c-341d36aa3095" />
      <TestMethod codeBase="D:\actions-runner\_work\XPCO\XPCO\Corporate\CommonAPI\VideoOS.Management.VmoClient.UnitTests\bin\Debug\net472\VideoOS.Management.VmoClient.UnitTests.dll" adapterTypeName="executor://mstestadapter/v2" className="VideoOS.Management.VmoClient.UnitTests.SystemDashboardConfigTest" name="SystemDashboardConfigurationuration_IsDeleted_Success" />
    </UnitTest>
    <UnitTest name="SunClockTimeProfile_Create60WithId_NotSupportedException" storage="d:\actions-runner\_work\xpco\xpco\corporate\commonapi\videoos.management.vmoclient.unittests\bin\debug\net472\videoos.management.vmoclient.unittests.dll" id="244393d8-045b-80c6-1620-1dfde66bcfa9">
      <Execution id="cac899df-f722-4e6b-b1ad-89444ce746c3" />
      <TestMethod codeBase="D:\actions-runner\_work\XPCO\XPCO\Corporate\CommonAPI\VideoOS.Management.VmoClient.UnitTests\bin\Debug\net472\VideoOS.Management.VmoClient.UnitTests.dll" adapterTypeName="executor://mstestadapter/v2" className="VideoOS.Management.VmoClient.UnitTests.SunClockTimeProfileTest" name="SunClockTimeProfile_Create60WithId_NotSupportedException" />
    </UnitTest>
    <UnitTest name="RecordingStorage_Move_Storage_Failed_Not_Created" storage="d:\actions-runner\_work\xpco\xpco\corporate\commonapi\videoos.management.vmoclient.unittests\bin\debug\net472\videoos.management.vmoclient.unittests.dll" id="f9b6dd49-5c73-188b-8a88-af3d94f9c65a">
      <Execution id="a5a98732-7553-4e23-aaa3-98e2567b5d37" />
      <TestMethod codeBase="D:\actions-runner\_work\XPCO\XPCO\Corporate\CommonAPI\VideoOS.Management.VmoClient.UnitTests\bin\Debug\net472\VideoOS.Management.VmoClient.UnitTests.dll" adapterTypeName="executor://mstestadapter/v2" className="VideoOS.Management.VmoClient.UnitTests.RecordingStorageTest" name="RecordingStorage_Move_Storage_Failed_Not_Created" />
    </UnitTest>
    <UnitTest name="GetSiteConnectionResultTokenExchange_StoreContainsValidTokenCache_Success" storage="d:\actions-runner\_work\xpco\xpco\corporate\commonapi\videoos.management.vmoclient.unittests\bin\debug\net472\videoos.management.vmoclient.unittests.dll" id="75145f8e-0455-b248-30a8-e0ed6e4ecd17">
      <TestCategory>
        <TestCategoryItem TestCategory="Vmo Site Connection Tests" />
      </TestCategory>
      <Execution id="524559db-da0b-4bc9-931a-f2573d8fc21b" />
      <TestMethod codeBase="D:\actions-runner\_work\XPCO\XPCO\Corporate\CommonAPI\VideoOS.Management.VmoClient.UnitTests\bin\Debug\net472\VideoOS.Management.VmoClient.UnitTests.dll" adapterTypeName="executor://mstestadapter/v2" className="VideoOS.Management.VmoClient.UnitTests.SiteConnectorOAuthTest" name="GetSiteConnectionResultTokenExchange_StoreContainsValidTokenCache_Success" />
    </UnitTest>
    <UnitTest name="MicrophoneDeviceGroup_Refresh_Success" storage="d:\actions-runner\_work\xpco\xpco\corporate\commonapi\videoos.management.vmoclient.unittests\bin\debug\net472\videoos.management.vmoclient.unittests.dll" id="de5b2105-bebe-9397-259c-8a948661ebc8">
      <Execution id="09241074-7963-4f73-942d-dd902051ef24" />
      <TestMethod codeBase="D:\actions-runner\_work\XPCO\XPCO\Corporate\CommonAPI\VideoOS.Management.VmoClient.UnitTests\bin\Debug\net472\VideoOS.Management.VmoClient.UnitTests.dll" adapterTypeName="executor://mstestadapter/v2" className="VideoOS.Management.VmoClient.UnitTests.DeviceGroupTest" name="MicrophoneDeviceGroup_Refresh_Success" />
    </UnitTest>
    <UnitTest name="BasicUser_Change_Password_CheckVersionCalled" storage="d:\actions-runner\_work\xpco\xpco\corporate\commonapi\videoos.management.vmoclient.unittests\bin\debug\net472\videoos.management.vmoclient.unittests.dll" id="b4533e69-d8d9-25d6-b6dc-21f7ef2e7a21">
      <Execution id="b97e60af-2727-4be5-85e4-e1babc344402" />
      <TestMethod codeBase="D:\actions-runner\_work\XPCO\XPCO\Corporate\CommonAPI\VideoOS.Management.VmoClient.UnitTests\bin\Debug\net472\VideoOS.Management.VmoClient.UnitTests.dll" adapterTypeName="executor://mstestadapter/v2" className="VideoOS.Management.VmoClient.UnitTests.BasicUserTest" name="BasicUser_Change_Password_CheckVersionCalled" />
    </UnitTest>
    <UnitTest name="UserDefinedEvent_Constructor_DefaultValuesCorrect" storage="d:\actions-runner\_work\xpco\xpco\corporate\commonapi\videoos.management.vmoclient.unittests\bin\debug\net472\videoos.management.vmoclient.unittests.dll" id="cd2f5fd7-e901-e2bd-ca31-e39da680a9b6">
      <Execution id="4e3db67d-38c2-4736-bde0-2e97a92fde4e" />
      <TestMethod codeBase="D:\actions-runner\_work\XPCO\XPCO\Corporate\CommonAPI\VideoOS.Management.VmoClient.UnitTests\bin\Debug\net472\VideoOS.Management.VmoClient.UnitTests.dll" adapterTypeName="executor://mstestadapter/v2" className="VideoOS.Management.VmoClient.UnitTests.UserDefinedEventTest" name="UserDefinedEvent_Constructor_DefaultValuesCorrect" />
    </UnitTest>
    <UnitTest name="SystemDashboardConfigurationuration_IsDirty_Success" storage="d:\actions-runner\_work\xpco\xpco\corporate\commonapi\videoos.management.vmoclient.unittests\bin\debug\net472\videoos.management.vmoclient.unittests.dll" id="551670e8-c4e5-0f0a-9154-0d710f6e9517">
      <Execution id="df457a98-16e9-443b-b5a6-78c5804036ec" />
      <TestMethod codeBase="D:\actions-runner\_work\XPCO\XPCO\Corporate\CommonAPI\VideoOS.Management.VmoClient.UnitTests\bin\Debug\net472\VideoOS.Management.VmoClient.UnitTests.dll" adapterTypeName="executor://mstestadapter/v2" className="VideoOS.Management.VmoClient.UnitTests.SystemDashboardConfigTest" name="SystemDashboardConfigurationuration_IsDirty_Success" />
    </UnitTest>
    <UnitTest name="MicrophoneDevice_Repository_Registered" storage="d:\actions-runner\_work\xpco\xpco\corporate\commonapi\videoos.management.vmoclient.unittests\bin\debug\net472\videoos.management.vmoclient.unittests.dll" id="aec10309-d900-227d-602e-24d8260a96b8">
      <Execution id="62bde4af-b670-49ad-9421-4e61c96217cf" />
      <TestMethod codeBase="D:\actions-runner\_work\XPCO\XPCO\Corporate\CommonAPI\VideoOS.Management.VmoClient.UnitTests\bin\Debug\net472\VideoOS.Management.VmoClient.UnitTests.dll" adapterTypeName="executor://mstestadapter/v2" className="VideoOS.Management.VmoClient.UnitTests.MicrophoneDeviceTest" name="MicrophoneDevice_Repository_Registered" />
    </UnitTest>
    <UnitTest name="UserDefinedEvent_CreateWithId_CheckForVersion_7_0_and_throws" storage="d:\actions-runner\_work\xpco\xpco\corporate\commonapi\videoos.management.vmoclient.unittests\bin\debug\net472\videoos.management.vmoclient.unittests.dll" id="c76877d1-d4d5-fd49-62f3-8d22b1b0fc75">
      <Execution id="dbc3e89c-bfcf-4464-a3f8-86c0f50dbafe" />
      <TestMethod codeBase="D:\actions-runner\_work\XPCO\XPCO\Corporate\CommonAPI\VideoOS.Management.VmoClient.UnitTests\bin\Debug\net472\VideoOS.Management.VmoClient.UnitTests.dll" adapterTypeName="executor://mstestadapter/v2" className="VideoOS.Management.VmoClient.UnitTests.UserDefinedEventTest" name="UserDefinedEvent_CreateWithId_CheckForVersion_7_0_and_throws" />
    </UnitTest>
    <UnitTest name="GetHighPriorityError_GivenUnauthorizedException_ReturnsUnauthorizedException" storage="d:\actions-runner\_work\xpco\xpco\corporate\commonapi\videoos.management.vmoclient.unittests\bin\debug\net472\videoos.management.vmoclient.unittests.dll" id="54c0c21f-ed1b-2af3-77f7-54ea00863b1c">
      <Execution id="df9b09a3-69e3-45c8-85ca-221be6b1647a" />
      <TestMethod codeBase="D:\actions-runner\_work\XPCO\XPCO\Corporate\CommonAPI\VideoOS.Management.VmoClient.UnitTests\bin\Debug\net472\VideoOS.Management.VmoClient.UnitTests.dll" adapterTypeName="executor://mstestadapter/v2" className="VideoOS.Management.VmoClient.UnitTests.SiteConnectorExceptionHandlerTests" name="GetHighPriorityError_GivenUnauthorizedException_ReturnsUnauthorizedException" />
    </UnitTest>
    <UnitTest name="ServerConnection_Constructor_Null_UserName" storage="d:\actions-runner\_work\xpco\xpco\corporate\commonapi\videoos.management.vmoclient.unittests\bin\debug\net472\videoos.management.vmoclient.unittests.dll" id="be2f73ac-4a3f-8988-554f-912985cbd633">
      <TestCategory>
        <TestCategoryItem TestCategory="Vmo Site Connection Tests" />
      </TestCategory>
      <Execution id="aa5968b2-eb5d-4019-8f8b-aee3126341f9" />
      <TestMethod codeBase="D:\actions-runner\_work\XPCO\XPCO\Corporate\CommonAPI\VideoOS.Management.VmoClient.UnitTests\bin\Debug\net472\VideoOS.Management.VmoClient.UnitTests.dll" adapterTypeName="executor://mstestadapter/v2" className="VideoOS.Management.VmoClient.UnitTests.Connection.ServerConnectionTest" name="ServerConnection_Constructor_Null_UserName" />
    </UnitTest>
    <UnitTest name="VideoWallPreset_Create_Success" storage="d:\actions-runner\_work\xpco\xpco\corporate\commonapi\videoos.management.vmoclient.unittests\bin\debug\net472\videoos.management.vmoclient.unittests.dll" id="3fec8e3f-9699-85ec-6f9e-ca6647d23711">
      <Execution id="78db8c5b-8aa1-4cfb-8483-889b843f4900" />
      <TestMethod codeBase="D:\actions-runner\_work\XPCO\XPCO\Corporate\CommonAPI\VideoOS.Management.VmoClient.UnitTests\bin\Debug\net472\VideoOS.Management.VmoClient.UnitTests.dll" adapterTypeName="executor://mstestadapter/v2" className="VideoOS.Management.VmoClient.UnitTests.VideoWallPresetTest" name="VideoWallPreset_Create_Success" />
    </UnitTest>
    <UnitTest name="Grid_ClearRegion_Success" storage="d:\actions-runner\_work\xpco\xpco\corporate\commonapi\videoos.management.vmoclient.unittests\bin\debug\net472\videoos.management.vmoclient.unittests.dll" id="21d4548a-83b7-bb31-7152-3926e45192a1">
      <TestCategory>
        <TestCategoryItem TestCategory="Grid" />
      </TestCategory>
      <Execution id="f6d27042-5ec2-4c15-abaf-8b97a15c0111" />
      <TestMethod codeBase="D:\actions-runner\_work\XPCO\XPCO\Corporate\CommonAPI\VideoOS.Management.VmoClient.UnitTests\bin\Debug\net472\VideoOS.Management.VmoClient.UnitTests.dll" adapterTypeName="executor://mstestadapter/v2" className="VideoOS.Management.VmoClient.UnitTests.GridTest" name="Grid_ClearRegion_Success" />
    </UnitTest>
    <UnitTest name="SystemDashboardConfigurationuration_Refresh_CheckVersionCalled" storage="d:\actions-runner\_work\xpco\xpco\corporate\commonapi\videoos.management.vmoclient.unittests\bin\debug\net472\videoos.management.vmoclient.unittests.dll" id="cc3404cc-2e23-f743-55fd-da836acdabab">
      <Execution id="2d2df768-fee1-4573-b0e0-012983bbcab7" />
      <TestMethod codeBase="D:\actions-runner\_work\XPCO\XPCO\Corporate\CommonAPI\VideoOS.Management.VmoClient.UnitTests\bin\Debug\net472\VideoOS.Management.VmoClient.UnitTests.dll" adapterTypeName="executor://mstestadapter/v2" className="VideoOS.Management.VmoClient.UnitTests.SystemDashboardConfigTest" name="SystemDashboardConfigurationuration_Refresh_CheckVersionCalled" />
    </UnitTest>
    <UnitTest name="ServerVersionConstructor_CompareToRight_Success" storage="d:\actions-runner\_work\xpco\xpco\corporate\commonapi\videoos.management.vmoclient.unittests\bin\debug\net472\videoos.management.vmoclient.unittests.dll" id="4acfaa27-13fd-6086-cc4f-f32451bf9a40">
      <TestCategory>
        <TestCategoryItem TestCategory="Server Version" />
      </TestCategory>
      <Execution id="5d7e755d-bbea-40ad-a7f4-5a583441d249" />
      <TestMethod codeBase="D:\actions-runner\_work\XPCO\XPCO\Corporate\CommonAPI\VideoOS.Management.VmoClient.UnitTests\bin\Debug\net472\VideoOS.Management.VmoClient.UnitTests.dll" adapterTypeName="executor://mstestadapter/v2" className="VideoOS.Management.VmoClient.Tests.ServerVersionTests" name="ServerVersionConstructor_CompareToRight_Success" />
    </UnitTest>
    <UnitTest name="VideoWallPreset_CreateWithId_CheckVersionNotCalled" storage="d:\actions-runner\_work\xpco\xpco\corporate\commonapi\videoos.management.vmoclient.unittests\bin\debug\net472\videoos.management.vmoclient.unittests.dll" id="652e0c69-c7de-792b-da2f-5cb63a833d3c">
      <Execution id="09b7a349-b46f-4f93-ac83-b6b6bcad8a8d" />
      <TestMethod codeBase="D:\actions-runner\_work\XPCO\XPCO\Corporate\CommonAPI\VideoOS.Management.VmoClient.UnitTests\bin\Debug\net472\VideoOS.Management.VmoClient.UnitTests.dll" adapterTypeName="executor://mstestadapter/v2" className="VideoOS.Management.VmoClient.UnitTests.VideoWallPresetTest" name="VideoWallPreset_CreateWithId_CheckVersionNotCalled" />
    </UnitTest>
    <UnitTest name="CalendarTimeProfile_Create_Success_Constructor" storage="d:\actions-runner\_work\xpco\xpco\corporate\commonapi\videoos.management.vmoclient.unittests\bin\debug\net472\videoos.management.vmoclient.unittests.dll" id="9a35ab4f-024c-c452-7677-7895f6a830fe">
      <Execution id="5e9c8cd1-3a9a-4be1-8398-04114f9b57bc" />
      <TestMethod codeBase="D:\actions-runner\_work\XPCO\XPCO\Corporate\CommonAPI\VideoOS.Management.VmoClient.UnitTests\bin\Debug\net472\VideoOS.Management.VmoClient.UnitTests.dll" adapterTypeName="executor://mstestadapter/v2" className="VideoOS.Management.VmoClient.UnitTests.CalendarTimeProfileTest" name="CalendarTimeProfile_Create_Success_Constructor" />
    </UnitTest>
    <UnitTest name="ThrowExceptionIfProtocolIsNotAllowed_SecureProtocol_NonSecureAllowed_DoesNothing" storage="d:\actions-runner\_work\xpco\xpco\corporate\commonapi\videoos.management.vmoclient.unittests\bin\debug\net472\videoos.management.vmoclient.unittests.dll" id="8829447c-f146-4b1c-a29d-e03146092a4c">
      <Execution id="d70832ff-ad5f-4c6f-8dc8-e3503a3b57dc" />
      <TestMethod codeBase="D:\actions-runner\_work\XPCO\XPCO\Corporate\CommonAPI\VideoOS.Management.VmoClient.UnitTests\bin\Debug\net472\VideoOS.Management.VmoClient.UnitTests.dll" adapterTypeName="executor://mstestadapter/v2" className="VideoOS.Management.VmoClient.UnitTests.SiteConnectorTest" name="ThrowExceptionIfProtocolIsNotAllowed_SecureProtocol_NonSecureAllowed_DoesNothing" />
    </UnitTest>
    <UnitTest name="MIPObject_Constructor_DefaultValuesCorrect" storage="d:\actions-runner\_work\xpco\xpco\corporate\commonapi\videoos.management.vmoclient.unittests\bin\debug\net472\videoos.management.vmoclient.unittests.dll" id="62d8fab5-ff76-4fb1-de87-1f64f6a438e1">
      <Execution id="23432669-35ac-4300-8cda-c5c667148cc0" />
      <TestMethod codeBase="D:\actions-runner\_work\XPCO\XPCO\Corporate\CommonAPI\VideoOS.Management.VmoClient.UnitTests\bin\Debug\net472\VideoOS.Management.VmoClient.UnitTests.dll" adapterTypeName="executor://mstestadapter/v2" className="VideoOS.Management.VmoClient.UnitTests.MIPObjectTest" name="MIPObject_Constructor_DefaultValuesCorrect" />
    </UnitTest>
    <UnitTest name="Role_Add_Member_Success" storage="d:\actions-runner\_work\xpco\xpco\corporate\commonapi\videoos.management.vmoclient.unittests\bin\debug\net472\videoos.management.vmoclient.unittests.dll" id="2229dfa1-ebc3-5755-43a4-0911c049e219">
      <Execution id="0490da85-ab13-4064-8f93-76ffdcb13c1b" />
      <TestMethod codeBase="D:\actions-runner\_work\XPCO\XPCO\Corporate\CommonAPI\VideoOS.Management.VmoClient.UnitTests\bin\Debug\net472\VideoOS.Management.VmoClient.UnitTests.dll" adapterTypeName="executor://mstestadapter/v2" className="VideoOS.Management.VmoClient.UnitTests.RoleTest" name="Role_Add_Member_Success" />
    </UnitTest>
    <UnitTest name="ArchiveStorage_Get_Storage_Information_Success" storage="d:\actions-runner\_work\xpco\xpco\corporate\commonapi\videoos.management.vmoclient.unittests\bin\debug\net472\videoos.management.vmoclient.unittests.dll" id="875afcfd-e10d-a2e8-e510-4f03d448d8ad">
      <Execution id="457c558c-dbe9-48f4-ad6e-fdf5410e2acf" />
      <TestMethod codeBase="D:\actions-runner\_work\XPCO\XPCO\Corporate\CommonAPI\VideoOS.Management.VmoClient.UnitTests\bin\Debug\net472\VideoOS.Management.VmoClient.UnitTests.dll" adapterTypeName="executor://mstestadapter/v2" className="VideoOS.Management.VmoClient.UnitTests.ArchiveStorageTest" name="ArchiveStorage_Get_Storage_Information_Success" />
    </UnitTest>
    <UnitTest name="BasicUser_Constructor_Username_Null_Check" storage="d:\actions-runner\_work\xpco\xpco\corporate\commonapi\videoos.management.vmoclient.unittests\bin\debug\net472\videoos.management.vmoclient.unittests.dll" id="3959849f-9671-d647-a5c5-47d877b5d47b">
      <Execution id="98cadfab-f20c-4055-98a0-0883962469b7" />
      <TestMethod codeBase="D:\actions-runner\_work\XPCO\XPCO\Corporate\CommonAPI\VideoOS.Management.VmoClient.UnitTests\bin\Debug\net472\VideoOS.Management.VmoClient.UnitTests.dll" adapterTypeName="executor://mstestadapter/v2" className="VideoOS.Management.VmoClient.UnitTests.BasicUserTest" name="BasicUser_Constructor_Username_Null_Check" />
    </UnitTest>
    <UnitTest name="TrustedIssuer_RefreshOnUnsupportedVersion_Throws" storage="d:\actions-runner\_work\xpco\xpco\corporate\commonapi\videoos.management.vmoclient.unittests\bin\debug\net472\videoos.management.vmoclient.unittests.dll" id="31d2aefd-e947-37df-b8f1-8e0d6dcc3845">
      <Execution id="daf71ac5-e022-4cbc-b4fd-62cb328dfb09" />
      <TestMethod codeBase="D:\actions-runner\_work\XPCO\XPCO\Corporate\CommonAPI\VideoOS.Management.VmoClient.UnitTests\bin\Debug\net472\VideoOS.Management.VmoClient.UnitTests.dll" adapterTypeName="executor://mstestadapter/v2" className="VideoOS.Management.VmoClient.UnitTests.TrustedIssuerTest" name="TrustedIssuer_RefreshOnUnsupportedVersion_Throws" />
    </UnitTest>
    <UnitTest name="GenericRepositoryTestConstructor" storage="d:\actions-runner\_work\xpco\xpco\corporate\commonapi\videoos.management.vmoclient.unittests\bin\debug\net472\videoos.management.vmoclient.unittests.dll" id="dee1b8cc-1096-72d2-755b-0a72b4d39e1a">
      <Execution id="b355429d-c9f7-45cc-97eb-173f19c9ece3" />
      <TestMethod codeBase="D:\actions-runner\_work\XPCO\XPCO\Corporate\CommonAPI\VideoOS.Management.VmoClient.UnitTests\bin\Debug\net472\VideoOS.Management.VmoClient.UnitTests.dll" adapterTypeName="executor://mstestadapter/v2" className="VideoOS.Management.VmoClient.UnitTests.GenericRepositoryTest" name="GenericRepositoryTestConstructor" />
    </UnitTest>
    <UnitTest name="TryGetPropertyValue_Enum_ReturnsCorrectValue" storage="d:\actions-runner\_work\xpco\xpco\corporate\commonapi\videoos.management.vmoclient.unittests\bin\debug\net472\videoos.management.vmoclient.unittests.dll" id="54299e2e-2bdc-a7d3-8471-535442134787">
      <Execution id="eb15f5e7-6f3a-4c80-ba92-3140c60ed0aa" />
      <TestMethod codeBase="D:\actions-runner\_work\XPCO\XPCO\Corporate\CommonAPI\VideoOS.Management.VmoClient.UnitTests\bin\Debug\net472\VideoOS.Management.VmoClient.UnitTests.dll" adapterTypeName="executor://mstestadapter/v2" className="VideoOS.Management.VmoClient.UnitTests.Framework.VmoPropertyCollectionTest" name="TryGetPropertyValue_Enum_ReturnsCorrectValue" />
    </UnitTest>
    <UnitTest name="TestGenericRepositoryFunctionsCorrectlyHandlesNullCollections" storage="d:\actions-runner\_work\xpco\xpco\corporate\commonapi\videoos.management.vmoclient.unittests\bin\debug\net472\videoos.management.vmoclient.unittests.dll" id="d18b828b-83e0-f5de-35a3-f92ddfa81b52">
      <Execution id="84f7d74e-fe47-45d0-ab56-0e53fd939753" />
      <TestMethod codeBase="D:\actions-runner\_work\XPCO\XPCO\Corporate\CommonAPI\VideoOS.Management.VmoClient.UnitTests\bin\Debug\net472\VideoOS.Management.VmoClient.UnitTests.dll" adapterTypeName="executor://mstestadapter/v2" className="VideoOS.Management.VmoClient.UnitTests.GenericRepositoryTest" name="TestGenericRepositoryFunctionsCorrectlyHandlesNullCollections" />
    </UnitTest>
    <UnitTest name="RetentionOptionRoleRelation_Refresh_Success" storage="d:\actions-runner\_work\xpco\xpco\corporate\commonapi\videoos.management.vmoclient.unittests\bin\debug\net472\videoos.management.vmoclient.unittests.dll" id="732503f7-8bcf-26ff-34de-71c5b627ff61">
      <Execution id="46138c3d-cae7-470c-a83e-a5d1f4bbdbbb" />
      <TestMethod codeBase="D:\actions-runner\_work\XPCO\XPCO\Corporate\CommonAPI\VideoOS.Management.VmoClient.UnitTests\bin\Debug\net472\VideoOS.Management.VmoClient.UnitTests.dll" adapterTypeName="executor://mstestadapter/v2" className="VideoOS.Management.VmoClient.UnitTests.RetentionOptionRoleRelationTest" name="RetentionOptionRoleRelation_Refresh_Success" />
    </UnitTest>
    <UnitTest name="CalendarTimeProfile_Create_Failed_Constructor_Empty_CustomId" storage="d:\actions-runner\_work\xpco\xpco\corporate\commonapi\videoos.management.vmoclient.unittests\bin\debug\net472\videoos.management.vmoclient.unittests.dll" id="5d5cb737-2ea3-b37c-74d8-eefd4d68fec6">
      <Execution id="1fe8f309-8aa1-4245-afbe-d541abe9c95b" />
      <TestMethod codeBase="D:\actions-runner\_work\XPCO\XPCO\Corporate\CommonAPI\VideoOS.Management.VmoClient.UnitTests\bin\Debug\net472\VideoOS.Management.VmoClient.UnitTests.dll" adapterTypeName="executor://mstestadapter/v2" className="VideoOS.Management.VmoClient.UnitTests.CalendarTimeProfileTest" name="CalendarTimeProfile_Create_Failed_Constructor_Empty_CustomId" />
    </UnitTest>
    <UnitTest name="Grid_FillAll_Success" storage="d:\actions-runner\_work\xpco\xpco\corporate\commonapi\videoos.management.vmoclient.unittests\bin\debug\net472\videoos.management.vmoclient.unittests.dll" id="b910e38f-69a8-b424-3d33-d20131ab1948">
      <TestCategory>
        <TestCategoryItem TestCategory="Grid" />
      </TestCategory>
      <Execution id="ed23bdb0-b5d2-4cb9-a005-e063c415f150" />
      <TestMethod codeBase="D:\actions-runner\_work\XPCO\XPCO\Corporate\CommonAPI\VideoOS.Management.VmoClient.UnitTests\bin\Debug\net472\VideoOS.Management.VmoClient.UnitTests.dll" adapterTypeName="executor://mstestadapter/v2" className="VideoOS.Management.VmoClient.UnitTests.GridTest" name="Grid_FillAll_Success" />
    </UnitTest>
    <UnitTest name="CameraDevice_Refresh_Success" storage="d:\actions-runner\_work\xpco\xpco\corporate\commonapi\videoos.management.vmoclient.unittests\bin\debug\net472\videoos.management.vmoclient.unittests.dll" id="34084c98-44ea-3f8b-2d78-c59969fd8398">
      <Execution id="630b44e2-c968-4aba-ac16-7e4f355dbc8c" />
      <TestMethod codeBase="D:\actions-runner\_work\XPCO\XPCO\Corporate\CommonAPI\VideoOS.Management.VmoClient.UnitTests\bin\Debug\net472\VideoOS.Management.VmoClient.UnitTests.dll" adapterTypeName="executor://mstestadapter/v2" className="VideoOS.Management.VmoClient.UnitTests.CameraDeviceTest" name="CameraDevice_Refresh_Success" />
    </UnitTest>
    <UnitTest name="Create_GivenAddressAndCredentials_ShouldSuccess" storage="d:\actions-runner\_work\xpco\xpco\corporate\commonapi\videoos.management.vmoclient.unittests\bin\debug\net472\videoos.management.vmoclient.unittests.dll" id="b7b8e73e-c0c7-02a5-30ae-4effac23b9d0">
      <Execution id="31b101cd-fff2-4748-9ddf-330e15c110e3" />
      <TestMethod codeBase="D:\actions-runner\_work\XPCO\XPCO\Corporate\CommonAPI\VideoOS.Management.VmoClient.UnitTests\bin\Debug\net472\VideoOS.Management.VmoClient.UnitTests.dll" adapterTypeName="executor://mstestadapter/v2" className="VideoOS.Management.VmoClient.UnitTests.ServerConnectionFactoryTests" name="Create_GivenAddressAndCredentials_ShouldSuccess" />
    </UnitTest>
    <UnitTest name="GetIdpInfo_GivenErrorResponseFromIdpServerValidation_ShouldThrow" storage="d:\actions-runner\_work\xpco\xpco\corporate\commonapi\videoos.management.vmoclient.unittests\bin\debug\net472\videoos.management.vmoclient.unittests.dll" id="3a056f9a-ce33-e199-b4c8-cb178b5331e7">
      <Execution id="2fbb9ba8-2065-4f02-b9e7-c4d297493851" />
      <TestMethod codeBase="D:\actions-runner\_work\XPCO\XPCO\Corporate\CommonAPI\VideoOS.Management.VmoClient.UnitTests\bin\Debug\net472\VideoOS.Management.VmoClient.UnitTests.dll" adapterTypeName="executor://mstestadapter/v2" className="VideoOS.Management.VmoClient.UnitTests.SiteIdpConnectorTests" name="GetIdpInfo_GivenErrorResponseFromIdpServerValidation_ShouldThrow" />
    </UnitTest>
    <UnitTest name="FailoverServer_GetHardwareDrivers_Before_v70_NotSupported" storage="d:\actions-runner\_work\xpco\xpco\corporate\commonapi\videoos.management.vmoclient.unittests\bin\debug\net472\videoos.management.vmoclient.unittests.dll" id="9ec86789-853d-b24c-4277-85751b82010a">
      <Execution id="994348b5-1916-4960-8c0f-0fda07eb8ed8" />
      <TestMethod codeBase="D:\actions-runner\_work\XPCO\XPCO\Corporate\CommonAPI\VideoOS.Management.VmoClient.UnitTests\bin\Debug\net472\VideoOS.Management.VmoClient.UnitTests.dll" adapterTypeName="executor://mstestadapter/v2" className="VideoOS.Management.VmoClient.UnitTests.FailoverServerTest" name="FailoverServer_GetHardwareDrivers_Before_v70_NotSupported" />
    </UnitTest>
    <UnitTest name="CalendarTimeProfile_Update_Success" storage="d:\actions-runner\_work\xpco\xpco\corporate\commonapi\videoos.management.vmoclient.unittests\bin\debug\net472\videoos.management.vmoclient.unittests.dll" id="bcc7d418-2829-7a12-ef40-28fb4ce007aa">
      <Execution id="fa9cf86c-0c81-477a-9353-85f909022352" />
      <TestMethod codeBase="D:\actions-runner\_work\XPCO\XPCO\Corporate\CommonAPI\VideoOS.Management.VmoClient.UnitTests\bin\Debug\net472\VideoOS.Management.VmoClient.UnitTests.dll" adapterTypeName="executor://mstestadapter/v2" className="VideoOS.Management.VmoClient.UnitTests.CalendarTimeProfileTest" name="CalendarTimeProfile_Update_Success" />
    </UnitTest>
    <UnitTest name="Recorder_Refresh_Success" storage="d:\actions-runner\_work\xpco\xpco\corporate\commonapi\videoos.management.vmoclient.unittests\bin\debug\net472\videoos.management.vmoclient.unittests.dll" id="c2241e49-2a49-a88a-fedb-dfc1e2f71515">
      <Execution id="91425da9-5b9f-42f1-bb38-b40625cd8c7a" />
      <TestMethod codeBase="D:\actions-runner\_work\XPCO\XPCO\Corporate\CommonAPI\VideoOS.Management.VmoClient.UnitTests\bin\Debug\net472\VideoOS.Management.VmoClient.UnitTests.dll" adapterTypeName="executor://mstestadapter/v2" className="VideoOS.Management.VmoClient.UnitTests.RecordingServerTest" name="Recorder_Refresh_Success" />
    </UnitTest>
    <UnitTest name="GetSiteConnectionResultTokenExchange_AllHttpAddressesAndNotAllowHttp_Fail" storage="d:\actions-runner\_work\xpco\xpco\corporate\commonapi\videoos.management.vmoclient.unittests\bin\debug\net472\videoos.management.vmoclient.unittests.dll" id="17a67cf2-951a-4ded-a6f8-60f2333f5a18">
      <TestCategory>
        <TestCategoryItem TestCategory="Vmo Site Connection Tests" />
      </TestCategory>
      <Execution id="ba430a40-57c8-4d81-9ceb-27177f1539c0" />
      <TestMethod codeBase="D:\actions-runner\_work\XPCO\XPCO\Corporate\CommonAPI\VideoOS.Management.VmoClient.UnitTests\bin\Debug\net472\VideoOS.Management.VmoClient.UnitTests.dll" adapterTypeName="executor://mstestadapter/v2" className="VideoOS.Management.VmoClient.UnitTests.SiteConnectorOAuthTest" name="GetSiteConnectionResultTokenExchange_AllHttpAddressesAndNotAllowHttp_Fail" />
    </UnitTest>
    <UnitTest name="RecordingStorage_EnableEncryption_Failed_Wrong_Method_Unknown" storage="d:\actions-runner\_work\xpco\xpco\corporate\commonapi\videoos.management.vmoclient.unittests\bin\debug\net472\videoos.management.vmoclient.unittests.dll" id="b2c883f9-e50a-9024-4ba0-581b622c8824">
      <Execution id="698ab46d-78dc-4ee6-8a1e-265ce8dbd427" />
      <TestMethod codeBase="D:\actions-runner\_work\XPCO\XPCO\Corporate\CommonAPI\VideoOS.Management.VmoClient.UnitTests\bin\Debug\net472\VideoOS.Management.VmoClient.UnitTests.dll" adapterTypeName="executor://mstestadapter/v2" className="VideoOS.Management.VmoClient.UnitTests.RecordingStorageTest" name="RecordingStorage_EnableEncryption_Failed_Wrong_Method_Unknown" />
    </UnitTest>
    <UnitTest name="ChildSite_SetMarkInconsistent_NotCreated_InvalidOperationException" storage="d:\actions-runner\_work\xpco\xpco\corporate\commonapi\videoos.management.vmoclient.unittests\bin\debug\net472\videoos.management.vmoclient.unittests.dll" id="1830429d-a50e-f24b-1de0-c7821602f1c8">
      <Execution id="bb0e8ea6-1827-41c5-befd-4c4fc4d01ccc" />
      <TestMethod codeBase="D:\actions-runner\_work\XPCO\XPCO\Corporate\CommonAPI\VideoOS.Management.VmoClient.UnitTests\bin\Debug\net472\VideoOS.Management.VmoClient.UnitTests.dll" adapterTypeName="executor://mstestadapter/v2" className="VideoOS.Management.VmoClient.UnitTests.ChildSiteTest" name="ChildSite_SetMarkInconsistent_NotCreated_InvalidOperationException" />
    </UnitTest>
    <UnitTest name="ExceptionConverter_GetConnectionConvertedException_FaultException" storage="d:\actions-runner\_work\xpco\xpco\corporate\commonapi\videoos.management.vmoclient.unittests\bin\debug\net472\videoos.management.vmoclient.unittests.dll" id="24ad50bb-6e27-832d-0a0f-be7509b4fa1b">
      <Execution id="32c15200-bb06-47cc-b0dd-8d7238ec1024" />
      <TestMethod codeBase="D:\actions-runner\_work\XPCO\XPCO\Corporate\CommonAPI\VideoOS.Management.VmoClient.UnitTests\bin\Debug\net472\VideoOS.Management.VmoClient.UnitTests.dll" adapterTypeName="executor://mstestadapter/v2" className="VideoOS.Management.VmoClient.UnitTests.Utils.ExceptionConverterTest" name="ExceptionConverter_GetConnectionConvertedException_FaultException" />
    </UnitTest>
    <UnitTest name="MarkedData_Update_Failed_Deleted" storage="d:\actions-runner\_work\xpco\xpco\corporate\commonapi\videoos.management.vmoclient.unittests\bin\debug\net472\videoos.management.vmoclient.unittests.dll" id="9b9df5c4-ac1f-687a-8743-530e222364a1">
      <Execution id="b54f14b9-d29a-465f-95c0-68a812177964" />
      <TestMethod codeBase="D:\actions-runner\_work\XPCO\XPCO\Corporate\CommonAPI\VideoOS.Management.VmoClient.UnitTests\bin\Debug\net472\VideoOS.Management.VmoClient.UnitTests.dll" adapterTypeName="executor://mstestadapter/v2" className="VideoOS.Management.VmoClient.UnitTests.MarkedDataTest" name="MarkedData_Update_Failed_Deleted" />
    </UnitTest>
    <UnitTest name="PatrollingProfile_Load_Numbered_Schema_Test" storage="d:\actions-runner\_work\xpco\xpco\corporate\commonapi\videoos.management.vmoclient.unittests\bin\debug\net472\videoos.management.vmoclient.unittests.dll" id="780f1c78-3334-7d95-b52a-8b53ce1e56a1">
      <TestCategory>
        <TestCategoryItem TestCategory="Patrolling Profile" />
      </TestCategory>
      <Execution id="153e1677-9f6f-43a4-a006-c0aed76f5595" />
      <TestMethod codeBase="D:\actions-runner\_work\XPCO\XPCO\Corporate\CommonAPI\VideoOS.Management.VmoClient.UnitTests\bin\Debug\net472\VideoOS.Management.VmoClient.UnitTests.dll" adapterTypeName="executor://mstestadapter/v2" className="VideoOS.Management.VmoClient.UnitTests.PatrollingProfileTest" name="PatrollingProfile_Load_Numbered_Schema_Test" />
    </UnitTest>
    <UnitTest name="ManagementServer_AttachMasterSite_Called" storage="d:\actions-runner\_work\xpco\xpco\corporate\commonapi\videoos.management.vmoclient.unittests\bin\debug\net472\videoos.management.vmoclient.unittests.dll" id="ab8f770d-13cc-175d-1811-f6d3fd48a4fc">
      <Execution id="3d2e2380-d382-4261-909b-2715f8a65121" />
      <TestMethod codeBase="D:\actions-runner\_work\XPCO\XPCO\Corporate\CommonAPI\VideoOS.Management.VmoClient.UnitTests\bin\Debug\net472\VideoOS.Management.VmoClient.UnitTests.dll" adapterTypeName="executor://mstestadapter/v2" className="VideoOS.Management.VmoClient.UnitTests.ManagementServerTest" name="ManagementServer_AttachMasterSite_Called" />
    </UnitTest>
    <UnitTest name="ThrowExceptionIfProtocolIsNotAllowed_NonSecureProtocol_NonSecureAllowed_DoesNothing" storage="d:\actions-runner\_work\xpco\xpco\corporate\commonapi\videoos.management.vmoclient.unittests\bin\debug\net472\videoos.management.vmoclient.unittests.dll" id="8a800ddd-8838-3308-4cf6-d393b15715b7">
      <Execution id="ace1cdec-c052-43f3-bda4-c79dc377b99c" />
      <TestMethod codeBase="D:\actions-runner\_work\XPCO\XPCO\Corporate\CommonAPI\VideoOS.Management.VmoClient.UnitTests\bin\Debug\net472\VideoOS.Management.VmoClient.UnitTests.dll" adapterTypeName="executor://mstestadapter/v2" className="VideoOS.Management.VmoClient.UnitTests.SiteConnectorTest" name="ThrowExceptionIfProtocolIsNotAllowed_NonSecureProtocol_NonSecureAllowed_DoesNothing" />
    </UnitTest>
    <UnitTest name="Hardware_ChangePassword_NotCreated_Throws" storage="d:\actions-runner\_work\xpco\xpco\corporate\commonapi\videoos.management.vmoclient.unittests\bin\debug\net472\videoos.management.vmoclient.unittests.dll" id="6d227c01-5ef3-195c-1f2c-d26a9beb98a5">
      <Execution id="d19ca807-2964-4ab9-8d8d-44a87ab20be4" />
      <TestMethod codeBase="D:\actions-runner\_work\XPCO\XPCO\Corporate\CommonAPI\VideoOS.Management.VmoClient.UnitTests\bin\Debug\net472\VideoOS.Management.VmoClient.UnitTests.dll" adapterTypeName="executor://mstestadapter/v2" className="VideoOS.Management.VmoClient.UnitTests.HardwareTest" name="Hardware_ChangePassword_NotCreated_Throws" />
    </UnitTest>
    <UnitTest name="Grid_Constructor_Empty_Grid" storage="d:\actions-runner\_work\xpco\xpco\corporate\commonapi\videoos.management.vmoclient.unittests\bin\debug\net472\videoos.management.vmoclient.unittests.dll" id="f8fd1a06-1ab8-77ad-0b71-ac8f592c9bca">
      <TestCategory>
        <TestCategoryItem TestCategory="Grid" />
      </TestCategory>
      <Execution id="8096fd32-bfa6-4725-a1c3-571b15f395cf" />
      <TestMethod codeBase="D:\actions-runner\_work\XPCO\XPCO\Corporate\CommonAPI\VideoOS.Management.VmoClient.UnitTests\bin\Debug\net472\VideoOS.Management.VmoClient.UnitTests.dll" adapterTypeName="executor://mstestadapter/v2" className="VideoOS.Management.VmoClient.UnitTests.GridTest" name="Grid_Constructor_Empty_Grid" />
    </UnitTest>
    <UnitTest name="TryGetPropertyValue_Guid_NonEmptyString_ReturnsGuid" storage="d:\actions-runner\_work\xpco\xpco\corporate\commonapi\videoos.management.vmoclient.unittests\bin\debug\net472\videoos.management.vmoclient.unittests.dll" id="27419a8a-3663-5bd2-0ace-4a8da03cddaf">
      <Execution id="204e99e0-160d-4849-8363-9127f0e68dab" />
      <TestMethod codeBase="D:\actions-runner\_work\XPCO\XPCO\Corporate\CommonAPI\VideoOS.Management.VmoClient.UnitTests\bin\Debug\net472\VideoOS.Management.VmoClient.UnitTests.dll" adapterTypeName="executor://mstestadapter/v2" className="VideoOS.Management.VmoClient.UnitTests.Framework.VmoPropertyCollectionTest" name="TryGetPropertyValue_Guid_NonEmptyString_ReturnsGuid" />
    </UnitTest>
    <UnitTest name="UserDefinedEvent_Repository_Registered" storage="d:\actions-runner\_work\xpco\xpco\corporate\commonapi\videoos.management.vmoclient.unittests\bin\debug\net472\videoos.management.vmoclient.unittests.dll" id="5acbb9da-93ae-c12d-c335-8bbbd2b53611">
      <Execution id="4e45bf61-a118-4225-bbb8-b2e3fa3360c4" />
      <TestMethod codeBase="D:\actions-runner\_work\XPCO\XPCO\Corporate\CommonAPI\VideoOS.Management.VmoClient.UnitTests\bin\Debug\net472\VideoOS.Management.VmoClient.UnitTests.dll" adapterTypeName="executor://mstestadapter/v2" className="VideoOS.Management.VmoClient.UnitTests.UserDefinedEventTest" name="UserDefinedEvent_Repository_Registered" />
    </UnitTest>
    <UnitTest name="GetHighPriorityError_GivenUnsecureConnectionNotAllowedException_ReturnsUnsecureConnectionNotAllowedException" storage="d:\actions-runner\_work\xpco\xpco\corporate\commonapi\videoos.management.vmoclient.unittests\bin\debug\net472\videoos.management.vmoclient.unittests.dll" id="2df11082-086c-4938-fcb5-70372619bdc8">
      <Execution id="1fdf4bb1-2622-4106-969d-e9289d5123cb" />
      <TestMethod codeBase="D:\actions-runner\_work\XPCO\XPCO\Corporate\CommonAPI\VideoOS.Management.VmoClient.UnitTests\bin\Debug\net472\VideoOS.Management.VmoClient.UnitTests.dll" adapterTypeName="executor://mstestadapter/v2" className="VideoOS.Management.VmoClient.UnitTests.SiteConnectorExceptionHandlerTests" name="GetHighPriorityError_GivenUnsecureConnectionNotAllowedException_ReturnsUnsecureConnectionNotAllowedException" />
    </UnitTest>
    <UnitTest name="MIPEvent_Delete_Success" storage="d:\actions-runner\_work\xpco\xpco\corporate\commonapi\videoos.management.vmoclient.unittests\bin\debug\net472\videoos.management.vmoclient.unittests.dll" id="a6de70da-8b03-e5d6-e50f-ff3c496e3221">
      <Execution id="adfd3346-5c92-42ea-bc3d-e01e069bc90f" />
      <TestMethod codeBase="D:\actions-runner\_work\XPCO\XPCO\Corporate\CommonAPI\VideoOS.Management.VmoClient.UnitTests\bin\Debug\net472\VideoOS.Management.VmoClient.UnitTests.dll" adapterTypeName="executor://mstestadapter/v2" className="VideoOS.Management.VmoClient.UnitTests.MIPEventTest" name="MIPEvent_Delete_Success" />
    </UnitTest>
    <UnitTest name="RuleSource_IsDirty_Success" storage="d:\actions-runner\_work\xpco\xpco\corporate\commonapi\videoos.management.vmoclient.unittests\bin\debug\net472\videoos.management.vmoclient.unittests.dll" id="323c1e95-295f-2abd-382b-8461123241f1">
      <Execution id="2c8f4d0a-badf-4a1a-8465-d34faf717558" />
      <TestMethod codeBase="D:\actions-runner\_work\XPCO\XPCO\Corporate\CommonAPI\VideoOS.Management.VmoClient.UnitTests\bin\Debug\net472\VideoOS.Management.VmoClient.UnitTests.dll" adapterTypeName="executor://mstestadapter/v2" className="VideoOS.Management.VmoClient.UnitTests.RuleSourceTest" name="RuleSource_IsDirty_Success" />
    </UnitTest>
    <UnitTest name="UserDefinedEvent_Trigger_Success" storage="d:\actions-runner\_work\xpco\xpco\corporate\commonapi\videoos.management.vmoclient.unittests\bin\debug\net472\videoos.management.vmoclient.unittests.dll" id="fe3da681-5f9a-8b89-e373-7218102e7415">
      <Execution id="f57db40b-a697-4c4c-920b-09ef9bf1f317" />
      <TestMethod codeBase="D:\actions-runner\_work\XPCO\XPCO\Corporate\CommonAPI\VideoOS.Management.VmoClient.UnitTests\bin\Debug\net472\VideoOS.Management.VmoClient.UnitTests.dll" adapterTypeName="executor://mstestadapter/v2" className="VideoOS.Management.VmoClient.UnitTests.UserDefinedEventTest" name="UserDefinedEvent_Trigger_Success" />
    </UnitTest>
    <UnitTest name="MIPEvent_Update_Success" storage="d:\actions-runner\_work\xpco\xpco\corporate\commonapi\videoos.management.vmoclient.unittests\bin\debug\net472\videoos.management.vmoclient.unittests.dll" id="42ad3664-86e7-20f3-acc9-bcaa9b7564d1">
      <Execution id="2f79dff5-9ff6-4b6c-a94a-144c9d50da1d" />
      <TestMethod codeBase="D:\actions-runner\_work\XPCO\XPCO\Corporate\CommonAPI\VideoOS.Management.VmoClient.UnitTests\bin\Debug\net472\VideoOS.Management.VmoClient.UnitTests.dll" adapterTypeName="executor://mstestadapter/v2" className="VideoOS.Management.VmoClient.UnitTests.MIPEventTest" name="MIPEvent_Update_Success" />
    </UnitTest>
    <UnitTest name="Constructor_NullIdpCientTokenSettings_Throws" storage="d:\actions-runner\_work\xpco\xpco\corporate\commonapi\videoos.management.vmoclient.unittests\bin\debug\net472\videoos.management.vmoclient.unittests.dll" id="ee1a676b-cacd-4065-d8c6-a676503afcba">
      <TestCategory>
        <TestCategoryItem TestCategory="Vmo Site Connection Tests" />
      </TestCategory>
      <Execution id="65883e3b-63de-48af-b484-d996b4d1d3a0" />
      <TestMethod codeBase="D:\actions-runner\_work\XPCO\XPCO\Corporate\CommonAPI\VideoOS.Management.VmoClient.UnitTests\bin\Debug\net472\VideoOS.Management.VmoClient.UnitTests.dll" adapterTypeName="executor://mstestadapter/v2" className="VideoOS.Management.VmoClient.UnitTests.SiteConnectorOAuthTest" name="Constructor_NullIdpCientTokenSettings_Throws" />
    </UnitTest>
    <UnitTest name="RetentionOptionRoleRelation_Delete_Success" storage="d:\actions-runner\_work\xpco\xpco\corporate\commonapi\videoos.management.vmoclient.unittests\bin\debug\net472\videoos.management.vmoclient.unittests.dll" id="68e731de-5d12-96a6-4b0f-1c9f167f33b3">
      <Execution id="a5ab5258-738b-4961-a4ee-30721043b209" />
      <TestMethod codeBase="D:\actions-runner\_work\XPCO\XPCO\Corporate\CommonAPI\VideoOS.Management.VmoClient.UnitTests\bin\Debug\net472\VideoOS.Management.VmoClient.UnitTests.dll" adapterTypeName="executor://mstestadapter/v2" className="VideoOS.Management.VmoClient.UnitTests.RetentionOptionRoleRelationTest" name="RetentionOptionRoleRelation_Delete_Success" />
    </UnitTest>
    <UnitTest name="FailoverServer_Create_Success" storage="d:\actions-runner\_work\xpco\xpco\corporate\commonapi\videoos.management.vmoclient.unittests\bin\debug\net472\videoos.management.vmoclient.unittests.dll" id="477e32b3-1599-d40a-d8bc-a1ca5fcfbec3">
      <Execution id="ffc85db1-0b06-4db1-85c8-900ababba8d1" />
      <TestMethod codeBase="D:\actions-runner\_work\XPCO\XPCO\Corporate\CommonAPI\VideoOS.Management.VmoClient.UnitTests\bin\Debug\net472\VideoOS.Management.VmoClient.UnitTests.dll" adapterTypeName="executor://mstestadapter/v2" className="VideoOS.Management.VmoClient.UnitTests.FailoverServerTest" name="FailoverServer_Create_Success" />
    </UnitTest>
    <UnitTest name="BasicUser_Repository_Registered" storage="d:\actions-runner\_work\xpco\xpco\corporate\commonapi\videoos.management.vmoclient.unittests\bin\debug\net472\videoos.management.vmoclient.unittests.dll" id="32d7e112-5303-3e82-5d1d-df2f1030e0c6">
      <Execution id="8a3373b9-043e-4e62-af30-226870a9dc41" />
      <TestMethod codeBase="D:\actions-runner\_work\XPCO\XPCO\Corporate\CommonAPI\VideoOS.Management.VmoClient.UnitTests\bin\Debug\net472\VideoOS.Management.VmoClient.UnitTests.dll" adapterTypeName="executor://mstestadapter/v2" className="VideoOS.Management.VmoClient.UnitTests.BasicUserTest" name="BasicUser_Repository_Registered" />
    </UnitTest>
    <UnitTest name="TaskDeleteRecordingStorage_Refresh_Success" storage="d:\actions-runner\_work\xpco\xpco\corporate\commonapi\videoos.management.vmoclient.unittests\bin\debug\net472\videoos.management.vmoclient.unittests.dll" id="2ab3c9d9-d100-821a-7e89-307c50783177">
      <Execution id="e5d91caa-97aa-421a-b276-63883efe7663" />
      <TestMethod codeBase="D:\actions-runner\_work\XPCO\XPCO\Corporate\CommonAPI\VideoOS.Management.VmoClient.UnitTests\bin\Debug\net472\VideoOS.Management.VmoClient.UnitTests.dll" adapterTypeName="executor://mstestadapter/v2" className="VideoOS.Management.VmoClient.UnitTests.TaskDeleteRecordingStorageTest" name="TaskDeleteRecordingStorage_Refresh_Success" />
    </UnitTest>
    <UnitTest name="Monitor_Create_Success" storage="d:\actions-runner\_work\xpco\xpco\corporate\commonapi\videoos.management.vmoclient.unittests\bin\debug\net472\videoos.management.vmoclient.unittests.dll" id="59de5694-4dc9-6ebd-759a-ba187ea8ed25">
      <Execution id="1e48ed8d-88ad-4670-81ea-b7a82a80ec40" />
      <TestMethod codeBase="D:\actions-runner\_work\XPCO\XPCO\Corporate\CommonAPI\VideoOS.Management.VmoClient.UnitTests\bin\Debug\net472\VideoOS.Management.VmoClient.UnitTests.dll" adapterTypeName="executor://mstestadapter/v2" className="VideoOS.Management.VmoClient.UnitTests.MonitorTest" name="Monitor_Create_Success" />
    </UnitTest>
    <UnitTest name="PublicViewGroup_Refresh_Success" storage="d:\actions-runner\_work\xpco\xpco\corporate\commonapi\videoos.management.vmoclient.unittests\bin\debug\net472\videoos.management.vmoclient.unittests.dll" id="69d6bb0f-c78f-6cd9-826a-48efd0d9f637">
      <Execution id="f058635e-6abf-437e-8dd7-02ff7b91141f" />
      <TestMethod codeBase="D:\actions-runner\_work\XPCO\XPCO\Corporate\CommonAPI\VideoOS.Management.VmoClient.UnitTests\bin\Debug\net472\VideoOS.Management.VmoClient.UnitTests.dll" adapterTypeName="executor://mstestadapter/v2" className="VideoOS.Management.VmoClient.UnitTests.PublicViewGroupTest" name="PublicViewGroup_Refresh_Success" />
    </UnitTest>
    <UnitTest name="MIPEvent_Refresh_Success" storage="d:\actions-runner\_work\xpco\xpco\corporate\commonapi\videoos.management.vmoclient.unittests\bin\debug\net472\videoos.management.vmoclient.unittests.dll" id="3d7bf430-8953-e8e1-3a2f-1fe15bae42a4">
      <Execution id="7e876847-cc67-4ad9-af14-4505a73978b7" />
      <TestMethod codeBase="D:\actions-runner\_work\XPCO\XPCO\Corporate\CommonAPI\VideoOS.Management.VmoClient.UnitTests\bin\Debug\net472\VideoOS.Management.VmoClient.UnitTests.dll" adapterTypeName="executor://mstestadapter/v2" className="VideoOS.Management.VmoClient.UnitTests.MIPEventTest" name="MIPEvent_Refresh_Success" />
    </UnitTest>
    <UnitTest name="ChildSite_Refresh_NotCreated_InvalidOperationException" storage="d:\actions-runner\_work\xpco\xpco\corporate\commonapi\videoos.management.vmoclient.unittests\bin\debug\net472\videoos.management.vmoclient.unittests.dll" id="1b1ce6e1-41fe-6737-86b4-4413fa96b0b5">
      <Execution id="2868b37a-93d0-4531-9894-4b852253b317" />
      <TestMethod codeBase="D:\actions-runner\_work\XPCO\XPCO\Corporate\CommonAPI\VideoOS.Management.VmoClient.UnitTests\bin\Debug\net472\VideoOS.Management.VmoClient.UnitTests.dll" adapterTypeName="executor://mstestadapter/v2" className="VideoOS.Management.VmoClient.UnitTests.ChildSiteTest" name="ChildSite_Refresh_NotCreated_InvalidOperationException" />
    </UnitTest>
    <UnitTest name="BasicUser_Create_Success" storage="d:\actions-runner\_work\xpco\xpco\corporate\commonapi\videoos.management.vmoclient.unittests\bin\debug\net472\videoos.management.vmoclient.unittests.dll" id="4b1c9fd5-c55e-1ac7-c247-da8b5bc22cfd">
      <Execution id="8e79c6f5-d9f5-4da2-a341-de928e2ad369" />
      <TestMethod codeBase="D:\actions-runner\_work\XPCO\XPCO\Corporate\CommonAPI\VideoOS.Management.VmoClient.UnitTests\bin\Debug\net472\VideoOS.Management.VmoClient.UnitTests.dll" adapterTypeName="executor://mstestadapter/v2" className="VideoOS.Management.VmoClient.UnitTests.BasicUserTest" name="BasicUser_Create_Success" />
    </UnitTest>
    <UnitTest name="Monitor_Create_CheckVersionNotCalled" storage="d:\actions-runner\_work\xpco\xpco\corporate\commonapi\videoos.management.vmoclient.unittests\bin\debug\net472\videoos.management.vmoclient.unittests.dll" id="8c919fb2-e426-f681-7eea-a918e962357f">
      <Execution id="33caa60f-dc20-4883-95b0-45645d7370cd" />
      <TestMethod codeBase="D:\actions-runner\_work\XPCO\XPCO\Corporate\CommonAPI\VideoOS.Management.VmoClient.UnitTests\bin\Debug\net472\VideoOS.Management.VmoClient.UnitTests.dll" adapterTypeName="executor://mstestadapter/v2" className="VideoOS.Management.VmoClient.UnitTests.MonitorTest" name="Monitor_Create_CheckVersionNotCalled" />
    </UnitTest>
    <UnitTest name="Count_UnderHeavyLoad_ShouldSuccess" storage="d:\actions-runner\_work\xpco\xpco\corporate\commonapi\videoos.management.vmoclient.unittests\bin\debug\net472\videoos.management.vmoclient.unittests.dll" id="8206c280-0d3d-737c-88c6-fad1fd582b8e">
      <Execution id="b53e3b77-48a6-470d-b054-80c6e3fa26bf" />
      <TestMethod codeBase="D:\actions-runner\_work\XPCO\XPCO\Corporate\CommonAPI\VideoOS.Management.VmoClient.UnitTests\bin\Debug\net472\VideoOS.Management.VmoClient.UnitTests.dll" adapterTypeName="executor://mstestadapter/v2" className="VideoOS.Management.VmoClient.UnitTests.SiteTokenCacheStoreTests" name="Count_UnderHeavyLoad_ShouldSuccess" />
    </UnitTest>
    <UnitTest name="TryGetPropertyValue_NullableType_ReturnsCorrectValue" storage="d:\actions-runner\_work\xpco\xpco\corporate\commonapi\videoos.management.vmoclient.unittests\bin\debug\net472\videoos.management.vmoclient.unittests.dll" id="ca92dbbf-1df1-63ef-7a70-b0debe369e3e">
      <Execution id="3d1550c2-486e-4511-9795-297b2a0a2d64" />
      <TestMethod codeBase="D:\actions-runner\_work\XPCO\XPCO\Corporate\CommonAPI\VideoOS.Management.VmoClient.UnitTests\bin\Debug\net472\VideoOS.Management.VmoClient.UnitTests.dll" adapterTypeName="executor://mstestadapter/v2" className="VideoOS.Management.VmoClient.UnitTests.Framework.VmoPropertyCollectionTest" name="TryGetPropertyValue_NullableType_ReturnsCorrectValue" />
    </UnitTest>
    <UnitTest name="TaskHardwareScan_Create_10_NotSupported" storage="d:\actions-runner\_work\xpco\xpco\corporate\commonapi\videoos.management.vmoclient.unittests\bin\debug\net472\videoos.management.vmoclient.unittests.dll" id="41a35dad-985c-ac1c-02d5-c9410322a770">
      <Execution id="1aab7adf-32cc-4c75-a989-51a29624e596" />
      <TestMethod codeBase="D:\actions-runner\_work\XPCO\XPCO\Corporate\CommonAPI\VideoOS.Management.VmoClient.UnitTests\bin\Debug\net472\VideoOS.Management.VmoClient.UnitTests.dll" adapterTypeName="executor://mstestadapter/v2" className="VideoOS.Management.VmoClient.UnitTests.EntityTest.TaskHardwareScanTest" name="TaskHardwareScan_Create_10_NotSupported" />
    </UnitTest>
    <UnitTest name="RecordingStorage_Set_As_Default_Success" storage="d:\actions-runner\_work\xpco\xpco\corporate\commonapi\videoos.management.vmoclient.unittests\bin\debug\net472\videoos.management.vmoclient.unittests.dll" id="fe15a62a-41ec-bf64-64fd-c9c26c4f9b53">
      <Execution id="c27f38c1-14bc-426a-a657-d5c388017c94" />
      <TestMethod codeBase="D:\actions-runner\_work\XPCO\XPCO\Corporate\CommonAPI\VideoOS.Management.VmoClient.UnitTests\bin\Debug\net472\VideoOS.Management.VmoClient.UnitTests.dll" adapterTypeName="executor://mstestadapter/v2" className="VideoOS.Management.VmoClient.UnitTests.RecordingStorageTest" name="RecordingStorage_Set_As_Default_Success" />
    </UnitTest>
    <UnitTest name="PatrollingProfile_InsertStepAt_Create_PatrollingStep_Invalid_Position" storage="d:\actions-runner\_work\xpco\xpco\corporate\commonapi\videoos.management.vmoclient.unittests\bin\debug\net472\videoos.management.vmoclient.unittests.dll" id="c6f92aec-e5b3-197a-7c28-b2847414641d">
      <TestCategory>
        <TestCategoryItem TestCategory="Patrolling Profile" />
      </TestCategory>
      <Execution id="9e9ae312-d633-49e7-ac6d-6032f4c4aa6b" />
      <TestMethod codeBase="D:\actions-runner\_work\XPCO\XPCO\Corporate\CommonAPI\VideoOS.Management.VmoClient.UnitTests\bin\Debug\net472\VideoOS.Management.VmoClient.UnitTests.dll" adapterTypeName="executor://mstestadapter/v2" className="VideoOS.Management.VmoClient.UnitTests.PatrollingProfileTest" name="PatrollingProfile_InsertStepAt_Create_PatrollingStep_Invalid_Position" />
    </UnitTest>
    <UnitTest name="ErrorResultInstance_NonXML" storage="d:\actions-runner\_work\xpco\xpco\corporate\commonapi\videoos.management.vmoclient.unittests\bin\debug\net472\videoos.management.vmoclient.unittests.dll" id="de2cc32a-0146-54ce-9e6b-d3aabc11ccf5">
      <Execution id="cb6325a8-13f6-4efd-9347-2bf020722976" />
      <TestMethod codeBase="D:\actions-runner\_work\XPCO\XPCO\Corporate\CommonAPI\VideoOS.Management.VmoClient.UnitTests\bin\Debug\net472\VideoOS.Management.VmoClient.UnitTests.dll" adapterTypeName="executor://mstestadapter/v2" className="VideoOS.Management.VmoClient.UnitTests.TaskAsyncTaskTest" name="ErrorResultInstance_NonXML" />
    </UnitTest>
    <UnitTest name="PatrollingProfile_InsertStepFirst_Existing_PatrollingStep_Position" storage="d:\actions-runner\_work\xpco\xpco\corporate\commonapi\videoos.management.vmoclient.unittests\bin\debug\net472\videoos.management.vmoclient.unittests.dll" id="26f9e5d4-5858-646c-c437-55028eedaaf3">
      <TestCategory>
        <TestCategoryItem TestCategory="Patrolling Profile" />
      </TestCategory>
      <Execution id="2dde55be-e5e0-451e-9366-1a231fed1c05" />
      <TestMethod codeBase="D:\actions-runner\_work\XPCO\XPCO\Corporate\CommonAPI\VideoOS.Management.VmoClient.UnitTests\bin\Debug\net472\VideoOS.Management.VmoClient.UnitTests.dll" adapterTypeName="executor://mstestadapter/v2" className="VideoOS.Management.VmoClient.UnitTests.PatrollingProfileTest" name="PatrollingProfile_InsertStepFirst_Existing_PatrollingStep_Position" />
    </UnitTest>
    <UnitTest name="GetSiteConnection_Windows_GivenNull_ShouldThrow" storage="d:\actions-runner\_work\xpco\xpco\corporate\commonapi\videoos.management.vmoclient.unittests\bin\debug\net472\videoos.management.vmoclient.unittests.dll" id="5a788199-1038-fa03-e2a7-ded98421a2e7">
      <Execution id="034167ab-0344-4eec-a9ed-d914a6613dae" />
      <TestMethod codeBase="D:\actions-runner\_work\XPCO\XPCO\Corporate\CommonAPI\VideoOS.Management.VmoClient.UnitTests\bin\Debug\net472\VideoOS.Management.VmoClient.UnitTests.dll" adapterTypeName="executor://mstestadapter/v2" className="VideoOS.Management.VmoClient.UnitTests.SiteConnectorTest" name="GetSiteConnection_Windows_GivenNull_ShouldThrow" />
    </UnitTest>
    <UnitTest name="PerformanceStateRuleConfiguration_Delete_Failed_Not_Created" storage="d:\actions-runner\_work\xpco\xpco\corporate\commonapi\videoos.management.vmoclient.unittests\bin\debug\net472\videoos.management.vmoclient.unittests.dll" id="6ce42f26-15a1-aba4-5c4e-9513306aaa1b">
      <Execution id="3f773a7e-713e-41e6-ae86-e1be0f8464cb" />
      <TestMethod codeBase="D:\actions-runner\_work\XPCO\XPCO\Corporate\CommonAPI\VideoOS.Management.VmoClient.UnitTests\bin\Debug\net472\VideoOS.Management.VmoClient.UnitTests.dll" adapterTypeName="executor://mstestadapter/v2" className="VideoOS.Management.VmoClient.UnitTests.PerformanceStateRuleConfigTest" name="PerformanceStateRuleConfiguration_Delete_Failed_Not_Created" />
    </UnitTest>
    <UnitTest name="MarkedData_Delete_Failed_Not_Created" storage="d:\actions-runner\_work\xpco\xpco\corporate\commonapi\videoos.management.vmoclient.unittests\bin\debug\net472\videoos.management.vmoclient.unittests.dll" id="456cfd78-0a00-198c-3ebc-ed4c019c4ad7">
      <Execution id="485fe191-6aca-41a9-ba9f-da3f477ee275" />
      <TestMethod codeBase="D:\actions-runner\_work\XPCO\XPCO\Corporate\CommonAPI\VideoOS.Management.VmoClient.UnitTests\bin\Debug\net472\VideoOS.Management.VmoClient.UnitTests.dll" adapterTypeName="executor://mstestadapter/v2" className="VideoOS.Management.VmoClient.UnitTests.MarkedDataTest" name="MarkedData_Delete_Failed_Not_Created" />
    </UnitTest>
    <UnitTest name="Monitor_Repository_Registered" storage="d:\actions-runner\_work\xpco\xpco\corporate\commonapi\videoos.management.vmoclient.unittests\bin\debug\net472\videoos.management.vmoclient.unittests.dll" id="b394d5ed-12cd-965f-67db-52cb448440db">
      <Execution id="75e47b9d-4fa8-4546-87f4-c6c096e1092a" />
      <TestMethod codeBase="D:\actions-runner\_work\XPCO\XPCO\Corporate\CommonAPI\VideoOS.Management.VmoClient.UnitTests\bin\Debug\net472\VideoOS.Management.VmoClient.UnitTests.dll" adapterTypeName="executor://mstestadapter/v2" className="VideoOS.Management.VmoClient.UnitTests.MonitorTest" name="Monitor_Repository_Registered" />
    </UnitTest>
    <UnitTest name="TaskDeleteIdpUser_StartNew_Success" storage="d:\actions-runner\_work\xpco\xpco\corporate\commonapi\videoos.management.vmoclient.unittests\bin\debug\net472\videoos.management.vmoclient.unittests.dll" id="8c655826-7bfe-6611-a31b-c1c71d90f459">
      <Execution id="78f6458f-0ba1-41e5-b7ab-05446353a641" />
      <TestMethod codeBase="D:\actions-runner\_work\XPCO\XPCO\Corporate\CommonAPI\VideoOS.Management.VmoClient.UnitTests\bin\Debug\net472\VideoOS.Management.VmoClient.UnitTests.dll" adapterTypeName="executor://mstestadapter/v2" className="VideoOS.Management.VmoClient.UnitTests.TaskDeleteIdpUserTest" name="TaskDeleteIdpUser_StartNew_Success" />
    </UnitTest>
    <UnitTest name="Construct_InvalidParam_ClientId_Null_Throws_ArgumentNullException" storage="d:\actions-runner\_work\xpco\xpco\corporate\commonapi\videoos.management.vmoclient.unittests\bin\debug\net472\videoos.management.vmoclient.unittests.dll" id="bb873d99-d2ac-ba90-f328-04a24d707bcd">
      <TestCategory>
        <TestCategoryItem TestCategory="Vmo Site Connection Tests" />
      </TestCategory>
      <Execution id="bee494d5-0693-47d0-a802-2c6df587239a" />
      <TestMethod codeBase="D:\actions-runner\_work\XPCO\XPCO\Corporate\CommonAPI\VideoOS.Management.VmoClient.UnitTests\bin\Debug\net472\VideoOS.Management.VmoClient.UnitTests.dll" adapterTypeName="executor://mstestadapter/v2" className="VideoOS.Management.VmoClient.UnitTests.Connection.SiteConnectorFactoryTests" name="Construct_InvalidParam_ClientId_Null_Throws_ArgumentNullException" />
    </UnitTest>
    <UnitTest name="ServerConnection_GetNetworkCredential" storage="d:\actions-runner\_work\xpco\xpco\corporate\commonapi\videoos.management.vmoclient.unittests\bin\debug\net472\videoos.management.vmoclient.unittests.dll" id="897de007-5843-f6bb-7109-f6694e9c9718">
      <TestCategory>
        <TestCategoryItem TestCategory="Vmo Site Connection Tests" />
      </TestCategory>
      <Execution id="d4daff3d-ed5c-4d65-a058-79fb669341d3" />
      <TestMethod codeBase="D:\actions-runner\_work\XPCO\XPCO\Corporate\CommonAPI\VideoOS.Management.VmoClient.UnitTests\bin\Debug\net472\VideoOS.Management.VmoClient.UnitTests.dll" adapterTypeName="executor://mstestadapter/v2" className="VideoOS.Management.VmoClient.UnitTests.Connection.ServerConnectionTest" name="ServerConnection_GetNetworkCredential" />
    </UnitTest>
    <UnitTest name="PatrollingProfile_MoveStepUp" storage="d:\actions-runner\_work\xpco\xpco\corporate\commonapi\videoos.management.vmoclient.unittests\bin\debug\net472\videoos.management.vmoclient.unittests.dll" id="bca36cb2-2744-9a6e-ec74-38d95204b268">
      <TestCategory>
        <TestCategoryItem TestCategory="Patrolling Profile" />
      </TestCategory>
      <Execution id="bda981a2-b441-4cea-9d0a-2eb8a5f619bc" />
      <TestMethod codeBase="D:\actions-runner\_work\XPCO\XPCO\Corporate\CommonAPI\VideoOS.Management.VmoClient.UnitTests\bin\Debug\net472\VideoOS.Management.VmoClient.UnitTests.dll" adapterTypeName="executor://mstestadapter/v2" className="VideoOS.Management.VmoClient.UnitTests.PatrollingProfileTest" name="PatrollingProfile_MoveStepUp" />
    </UnitTest>
    <UnitTest name="GetFastestIdpInfo_GivenWorkingAddress_ShouldReturnIdpInfo" storage="d:\actions-runner\_work\xpco\xpco\corporate\commonapi\videoos.management.vmoclient.unittests\bin\debug\net472\videoos.management.vmoclient.unittests.dll" id="5c7e266f-ebe6-8af8-65c3-7f7a98788def">
      <Execution id="38333d40-7ae7-4255-a342-ab16c75a56b9" />
      <TestMethod codeBase="D:\actions-runner\_work\XPCO\XPCO\Corporate\CommonAPI\VideoOS.Management.VmoClient.UnitTests\bin\Debug\net472\VideoOS.Management.VmoClient.UnitTests.dll" adapterTypeName="executor://mstestadapter/v2" className="VideoOS.Management.VmoClient.UnitTests.SiteIdpConnectorTests" name="GetFastestIdpInfo_GivenWorkingAddress_ShouldReturnIdpInfo" />
    </UnitTest>
    <UnitTest name="GetIdpInfoOrError_GivenManyAddressesWaitForHttps_ShouldReturnSuccessHttpsIdpInfo" storage="d:\actions-runner\_work\xpco\xpco\corporate\commonapi\videoos.management.vmoclient.unittests\bin\debug\net472\videoos.management.vmoclient.unittests.dll" id="9384124d-6144-2e47-91ea-db45b3627c9a">
      <Execution id="324bb65c-2105-4c77-b76e-edaeea97e587" />
      <TestMethod codeBase="D:\actions-runner\_work\XPCO\XPCO\Corporate\CommonAPI\VideoOS.Management.VmoClient.UnitTests\bin\Debug\net472\VideoOS.Management.VmoClient.UnitTests.dll" adapterTypeName="executor://mstestadapter/v2" className="VideoOS.Management.VmoClient.UnitTests.SiteIdpConnectorTests" name="GetIdpInfoOrError_GivenManyAddressesWaitForHttps_ShouldReturnSuccessHttpsIdpInfo" />
    </UnitTest>
    <UnitTest name="ArchiveStorage_Move_Storage_Failed_Not_Created" storage="d:\actions-runner\_work\xpco\xpco\corporate\commonapi\videoos.management.vmoclient.unittests\bin\debug\net472\videoos.management.vmoclient.unittests.dll" id="4b945afa-f16d-050a-710d-9b6a97aaf365">
      <Execution id="9e8a3916-4980-46bf-8d59-17711d1edb78" />
      <TestMethod codeBase="D:\actions-runner\_work\XPCO\XPCO\Corporate\CommonAPI\VideoOS.Management.VmoClient.UnitTests\bin\Debug\net472\VideoOS.Management.VmoClient.UnitTests.dll" adapterTypeName="executor://mstestadapter/v2" className="VideoOS.Management.VmoClient.UnitTests.ArchiveStorageTest" name="ArchiveStorage_Move_Storage_Failed_Not_Created" />
    </UnitTest>
    <UnitTest name="IsAddressSchemeAllowed_Http_AllowHttp_True" storage="d:\actions-runner\_work\xpco\xpco\corporate\commonapi\videoos.management.vmoclient.unittests\bin\debug\net472\videoos.management.vmoclient.unittests.dll" id="8e1341ff-880d-370d-6a92-4e8d951452f2">
      <TestCategory>
        <TestCategoryItem TestCategory="Vmo Site Connection Tests" />
      </TestCategory>
      <Execution id="68d49973-e2cb-405c-ad89-505caed6b056" />
      <TestMethod codeBase="D:\actions-runner\_work\XPCO\XPCO\Corporate\CommonAPI\VideoOS.Management.VmoClient.UnitTests\bin\Debug\net472\VideoOS.Management.VmoClient.UnitTests.dll" adapterTypeName="executor://mstestadapter/v2" className="VideoOS.Management.VmoClient.UnitTests.SiteAddressValidatorTest" name="IsAddressSchemeAllowed_Http_AllowHttp_True" />
    </UnitTest>
    <UnitTest name="VideoWallPreset_Repository_Registered" storage="d:\actions-runner\_work\xpco\xpco\corporate\commonapi\videoos.management.vmoclient.unittests\bin\debug\net472\videoos.management.vmoclient.unittests.dll" id="d89ad491-5c2e-e008-fce8-2af40ce03b05">
      <Execution id="a67df090-3624-4f47-b658-480f0404185c" />
      <TestMethod codeBase="D:\actions-runner\_work\XPCO\XPCO\Corporate\CommonAPI\VideoOS.Management.VmoClient.UnitTests\bin\Debug\net472\VideoOS.Management.VmoClient.UnitTests.dll" adapterTypeName="executor://mstestadapter/v2" className="VideoOS.Management.VmoClient.UnitTests.VideoWallPresetTest" name="VideoWallPreset_Repository_Registered" />
    </UnitTest>
    <UnitTest name="TaskTruncateDeviceStorage_Refresh_Success" storage="d:\actions-runner\_work\xpco\xpco\corporate\commonapi\videoos.management.vmoclient.unittests\bin\debug\net472\videoos.management.vmoclient.unittests.dll" id="58c75aeb-e3ba-43a5-37a3-4faf9ce396c2">
      <Execution id="e72b5b61-76f7-43fa-92c6-7f08bd7ad4ec" />
      <TestMethod codeBase="D:\actions-runner\_work\XPCO\XPCO\Corporate\CommonAPI\VideoOS.Management.VmoClient.UnitTests\bin\Debug\net472\VideoOS.Management.VmoClient.UnitTests.dll" adapterTypeName="executor://mstestadapter/v2" className="VideoOS.Management.VmoClient.UnitTests.TaskTruncateDeviceStorageTest" name="TaskTruncateDeviceStorage_Refresh_Success" />
    </UnitTest>
    <UnitTest name="GetSiteConnection_TokenExchange_Success" storage="d:\actions-runner\_work\xpco\xpco\corporate\commonapi\videoos.management.vmoclient.unittests\bin\debug\net472\videoos.management.vmoclient.unittests.dll" id="981d099c-a855-fea2-130c-49ac1d54a0cd">
      <Execution id="4e4b310c-2beb-4a5d-a33a-d5c36b7cafe5" />
      <TestMethod codeBase="D:\actions-runner\_work\XPCO\XPCO\Corporate\CommonAPI\VideoOS.Management.VmoClient.UnitTests\bin\Debug\net472\VideoOS.Management.VmoClient.UnitTests.dll" adapterTypeName="executor://mstestadapter/v2" className="VideoOS.Management.VmoClient.UnitTests.SiteConnectorTest" name="GetSiteConnection_TokenExchange_Success" />
    </UnitTest>
    <UnitTest name="VideoWallPreset_Delete_Success" storage="d:\actions-runner\_work\xpco\xpco\corporate\commonapi\videoos.management.vmoclient.unittests\bin\debug\net472\videoos.management.vmoclient.unittests.dll" id="58da7965-4a74-1430-e7bb-9ed117b03005">
      <Execution id="b6773944-278f-49e3-8afa-4757b2daf939" />
      <TestMethod codeBase="D:\actions-runner\_work\XPCO\XPCO\Corporate\CommonAPI\VideoOS.Management.VmoClient.UnitTests\bin\Debug\net472\VideoOS.Management.VmoClient.UnitTests.dll" adapterTypeName="executor://mstestadapter/v2" className="VideoOS.Management.VmoClient.UnitTests.VideoWallPresetTest" name="VideoWallPreset_Delete_Success" />
    </UnitTest>
    <UnitTest name="RecordingStorage_Get_Storage_Information_Success" storage="d:\actions-runner\_work\xpco\xpco\corporate\commonapi\videoos.management.vmoclient.unittests\bin\debug\net472\videoos.management.vmoclient.unittests.dll" id="2b2d08c0-1ed0-80a3-cceb-b096ae85fa44">
      <Execution id="6121da21-ace4-4f1e-9798-673a25f23c89" />
      <TestMethod codeBase="D:\actions-runner\_work\XPCO\XPCO\Corporate\CommonAPI\VideoOS.Management.VmoClient.UnitTests\bin\Debug\net472\VideoOS.Management.VmoClient.UnitTests.dll" adapterTypeName="executor://mstestadapter/v2" className="VideoOS.Management.VmoClient.UnitTests.RecordingStorageTest" name="RecordingStorage_Get_Storage_Information_Success" />
    </UnitTest>
    <UnitTest name="CameraDevice_RequestEdgeStorageRetrieval_Fail_Not_Created" storage="d:\actions-runner\_work\xpco\xpco\corporate\commonapi\videoos.management.vmoclient.unittests\bin\debug\net472\videoos.management.vmoclient.unittests.dll" id="1feeeda9-0aa0-2e35-e610-29bad728254c">
      <Execution id="883f103c-0638-4e2e-9f28-7cb2c0452c29" />
      <TestMethod codeBase="D:\actions-runner\_work\XPCO\XPCO\Corporate\CommonAPI\VideoOS.Management.VmoClient.UnitTests\bin\Debug\net472\VideoOS.Management.VmoClient.UnitTests.dll" adapterTypeName="executor://mstestadapter/v2" className="VideoOS.Management.VmoClient.UnitTests.CameraDeviceTest" name="CameraDevice_RequestEdgeStorageRetrieval_Fail_Not_Created" />
    </UnitTest>
    <UnitTest name="Monitor_ApplyViewItemsXml_ApplyViewItemXmlsToMonitorViewCalled" storage="d:\actions-runner\_work\xpco\xpco\corporate\commonapi\videoos.management.vmoclient.unittests\bin\debug\net472\videoos.management.vmoclient.unittests.dll" id="41297554-dd65-6291-2e76-e9ec0992caf3">
      <Execution id="f6d2a775-daad-449e-a11c-b8571f3b4140" />
      <TestMethod codeBase="D:\actions-runner\_work\XPCO\XPCO\Corporate\CommonAPI\VideoOS.Management.VmoClient.UnitTests\bin\Debug\net472\VideoOS.Management.VmoClient.UnitTests.dll" adapterTypeName="executor://mstestadapter/v2" className="VideoOS.Management.VmoClient.UnitTests.MonitorTest" name="Monitor_ApplyViewItemsXml_ApplyViewItemXmlsToMonitorViewCalled" />
    </UnitTest>
    <UnitTest name="Role_Enum_Member_Success" storage="d:\actions-runner\_work\xpco\xpco\corporate\commonapi\videoos.management.vmoclient.unittests\bin\debug\net472\videoos.management.vmoclient.unittests.dll" id="7d8e673d-4a14-e470-af53-d998a85b6b1b">
      <Execution id="1619d95d-9e6e-482c-81d1-dd0db2b41c0f" />
      <TestMethod codeBase="D:\actions-runner\_work\XPCO\XPCO\Corporate\CommonAPI\VideoOS.Management.VmoClient.UnitTests\bin\Debug\net472\VideoOS.Management.VmoClient.UnitTests.dll" adapterTypeName="executor://mstestadapter/v2" className="VideoOS.Management.VmoClient.UnitTests.RoleTest" name="Role_Enum_Member_Success" />
    </UnitTest>
    <UnitTest name="Recorder_Update_Success" storage="d:\actions-runner\_work\xpco\xpco\corporate\commonapi\videoos.management.vmoclient.unittests\bin\debug\net472\videoos.management.vmoclient.unittests.dll" id="f66333dc-734c-f6ea-92b2-7e230c56eaf2">
      <Execution id="b7dc1f45-0b64-4b34-9daa-0022135874fe" />
      <TestMethod codeBase="D:\actions-runner\_work\XPCO\XPCO\Corporate\CommonAPI\VideoOS.Management.VmoClient.UnitTests\bin\Debug\net472\VideoOS.Management.VmoClient.UnitTests.dll" adapterTypeName="executor://mstestadapter/v2" className="VideoOS.Management.VmoClient.UnitTests.RecordingServerTest" name="Recorder_Update_Success" />
    </UnitTest>
    <UnitTest name="Hardware_Refresh_Fail_Not_Created" storage="d:\actions-runner\_work\xpco\xpco\corporate\commonapi\videoos.management.vmoclient.unittests\bin\debug\net472\videoos.management.vmoclient.unittests.dll" id="22a1ee5b-9030-e5bc-e843-195f986e0da9">
      <Execution id="38d30507-8f45-4947-bac0-099ad0bfd2d3" />
      <TestMethod codeBase="D:\actions-runner\_work\XPCO\XPCO\Corporate\CommonAPI\VideoOS.Management.VmoClient.UnitTests\bin\Debug\net472\VideoOS.Management.VmoClient.UnitTests.dll" adapterTypeName="executor://mstestadapter/v2" className="VideoOS.Management.VmoClient.UnitTests.HardwareTest" name="Hardware_Refresh_Fail_Not_Created" />
    </UnitTest>
    <UnitTest name="Role_Remove_Member_Success" storage="d:\actions-runner\_work\xpco\xpco\corporate\commonapi\videoos.management.vmoclient.unittests\bin\debug\net472\videoos.management.vmoclient.unittests.dll" id="134754e0-c445-e969-35d8-c17e9cb798f9">
      <Execution id="f3a183c0-d56b-44e9-844d-61916e6777b0" />
      <TestMethod codeBase="D:\actions-runner\_work\XPCO\XPCO\Corporate\CommonAPI\VideoOS.Management.VmoClient.UnitTests\bin\Debug\net472\VideoOS.Management.VmoClient.UnitTests.dll" adapterTypeName="executor://mstestadapter/v2" className="VideoOS.Management.VmoClient.UnitTests.RoleTest" name="Role_Remove_Member_Success" />
    </UnitTest>
    <UnitTest name="RecordingStorage_Repository_Registered" storage="d:\actions-runner\_work\xpco\xpco\corporate\commonapi\videoos.management.vmoclient.unittests\bin\debug\net472\videoos.management.vmoclient.unittests.dll" id="33858dc9-42c2-5e2d-8ce9-1ed3df9afac2">
      <Execution id="9507f848-df4f-4899-8d7d-a8eee8dafc54" />
      <TestMethod codeBase="D:\actions-runner\_work\XPCO\XPCO\Corporate\CommonAPI\VideoOS.Management.VmoClient.UnitTests\bin\Debug\net472\VideoOS.Management.VmoClient.UnitTests.dll" adapterTypeName="executor://mstestadapter/v2" className="VideoOS.Management.VmoClient.UnitTests.RecordingStorageTest" name="RecordingStorage_Repository_Registered" />
    </UnitTest>
    <UnitTest name="RecordingStorage_Delete_Success" storage="d:\actions-runner\_work\xpco\xpco\corporate\commonapi\videoos.management.vmoclient.unittests\bin\debug\net472\videoos.management.vmoclient.unittests.dll" id="85e92233-ab5f-a807-b135-7f0ed876ac93">
      <Execution id="1fe65cbe-ce9c-4006-afe7-cfbbfb7a31a3" />
      <TestMethod codeBase="D:\actions-runner\_work\XPCO\XPCO\Corporate\CommonAPI\VideoOS.Management.VmoClient.UnitTests\bin\Debug\net472\VideoOS.Management.VmoClient.UnitTests.dll" adapterTypeName="executor://mstestadapter/v2" className="VideoOS.Management.VmoClient.UnitTests.RecordingStorageTest" name="RecordingStorage_Delete_Success" />
    </UnitTest>
    <UnitTest name="ExceptionConverter_GetConnectionConvertedException_Idp_ChangePasswordException" storage="d:\actions-runner\_work\xpco\xpco\corporate\commonapi\videoos.management.vmoclient.unittests\bin\debug\net472\videoos.management.vmoclient.unittests.dll" id="26ab51dc-344f-9cf6-c2e3-523f0b7e8ae6">
      <Execution id="50fc5fe5-7665-4213-b9fd-ee0be0e1e8cb" />
      <TestMethod codeBase="D:\actions-runner\_work\XPCO\XPCO\Corporate\CommonAPI\VideoOS.Management.VmoClient.UnitTests\bin\Debug\net472\VideoOS.Management.VmoClient.UnitTests.dll" adapterTypeName="executor://mstestadapter/v2" className="VideoOS.Management.VmoClient.UnitTests.Utils.ExceptionConverterTest" name="ExceptionConverter_GetConnectionConvertedException_Idp_ChangePasswordException" />
    </UnitTest>
    <UnitTest name="FailoverServerGroup_Update_Failed" storage="d:\actions-runner\_work\xpco\xpco\corporate\commonapi\videoos.management.vmoclient.unittests\bin\debug\net472\videoos.management.vmoclient.unittests.dll" id="a1073d09-b49c-177d-de24-5b64ae518ddb">
      <Execution id="b9cc6d9a-6ae3-4199-83e6-807aa29d2794" />
      <TestMethod codeBase="D:\actions-runner\_work\XPCO\XPCO\Corporate\CommonAPI\VideoOS.Management.VmoClient.UnitTests\bin\Debug\net472\VideoOS.Management.VmoClient.UnitTests.dll" adapterTypeName="executor://mstestadapter/v2" className="VideoOS.Management.VmoClient.UnitTests.FailoverServerGroupTest" name="FailoverServerGroup_Update_Failed" />
    </UnitTest>
    <UnitTest name="GetUserDomainNameOrEmpty_UserNameWithDomain_ReturnsUserDomainName" storage="d:\actions-runner\_work\xpco\xpco\corporate\commonapi\videoos.management.vmoclient.unittests\bin\debug\net472\videoos.management.vmoclient.unittests.dll" id="585e2002-8755-95f2-a9ec-6b79daa0b869">
      <Execution id="42d0e58c-2372-4461-834c-b4f5fd526189" />
      <TestMethod codeBase="D:\actions-runner\_work\XPCO\XPCO\Corporate\CommonAPI\VideoOS.Management.VmoClient.UnitTests\bin\Debug\net472\VideoOS.Management.VmoClient.UnitTests.dll" adapterTypeName="executor://mstestadapter/v2" className="VideoOS.Management.VmoClient.UnitTests.SiteConnectorTest" name="GetUserDomainNameOrEmpty_UserNameWithDomain_ReturnsUserDomainName" />
    </UnitTest>
    <UnitTest name="FilterHttpAddresses_GivenOnlyHttpsAddresses_ShouldReturnEmptyCollection" storage="d:\actions-runner\_work\xpco\xpco\corporate\commonapi\videoos.management.vmoclient.unittests\bin\debug\net472\videoos.management.vmoclient.unittests.dll" id="053e887e-5fd9-26c1-4bc9-6178b6f5a4c8">
      <TestCategory>
        <TestCategoryItem TestCategory="Vmo Site Connection Tests" />
      </TestCategory>
      <Execution id="9307360b-6fcf-42fc-ac6d-8f8f4cf79ab2" />
      <TestMethod codeBase="D:\actions-runner\_work\XPCO\XPCO\Corporate\CommonAPI\VideoOS.Management.VmoClient.UnitTests\bin\Debug\net472\VideoOS.Management.VmoClient.UnitTests.dll" adapterTypeName="executor://mstestadapter/v2" className="VideoOS.Management.VmoClient.UnitTests.SiteAddressValidatorTest" name="FilterHttpAddresses_GivenOnlyHttpsAddresses_ShouldReturnEmptyCollection" />
    </UnitTest>
    <UnitTest name="BasicUser_Update_Success" storage="d:\actions-runner\_work\xpco\xpco\corporate\commonapi\videoos.management.vmoclient.unittests\bin\debug\net472\videoos.management.vmoclient.unittests.dll" id="8649b6a0-70dc-0290-bdeb-a37467c14379">
      <Execution id="77804430-647a-42ab-b9d5-c9a51a78de15" />
      <TestMethod codeBase="D:\actions-runner\_work\XPCO\XPCO\Corporate\CommonAPI\VideoOS.Management.VmoClient.UnitTests\bin\Debug\net472\VideoOS.Management.VmoClient.UnitTests.dll" adapterTypeName="executor://mstestadapter/v2" className="VideoOS.Management.VmoClient.UnitTests.BasicUserTest" name="BasicUser_Update_Success" />
    </UnitTest>
    <UnitTest name="GenericRepositoryTestAddToCache" storage="d:\actions-runner\_work\xpco\xpco\corporate\commonapi\videoos.management.vmoclient.unittests\bin\debug\net472\videoos.management.vmoclient.unittests.dll" id="54c3cb7c-2822-846e-42e4-23ede85ae7b9">
      <Execution id="e8967c48-968c-4323-be19-d7162389b635" />
      <TestMethod codeBase="D:\actions-runner\_work\XPCO\XPCO\Corporate\CommonAPI\VideoOS.Management.VmoClient.UnitTests\bin\Debug\net472\VideoOS.Management.VmoClient.UnitTests.dll" adapterTypeName="executor://mstestadapter/v2" className="VideoOS.Management.VmoClient.UnitTests.GenericRepositoryTest" name="GenericRepositoryTestAddToCache" />
    </UnitTest>
    <UnitTest name="StorageInformation_WithoutAnyTablesWithData_DefaultValue" storage="d:\actions-runner\_work\xpco\xpco\corporate\commonapi\videoos.management.vmoclient.unittests\bin\debug\net472\videoos.management.vmoclient.unittests.dll" id="33bf6601-a349-59bb-09bd-db35fdc456d8">
      <Execution id="f177c9b3-f725-4cba-b9fb-9b8d5317f5a4" />
      <TestMethod codeBase="D:\actions-runner\_work\XPCO\XPCO\Corporate\CommonAPI\VideoOS.Management.VmoClient.UnitTests\bin\Debug\net472\VideoOS.Management.VmoClient.UnitTests.dll" adapterTypeName="executor://mstestadapter/v2" className="VideoOS.Management.VmoClient.UnitTests.EntityTest.StorageInformationTest" name="StorageInformation_WithoutAnyTablesWithData_DefaultValue" />
    </UnitTest>
    <UnitTest name="BasicOwnerInfo_Refresh_CheckVersionCalled" storage="d:\actions-runner\_work\xpco\xpco\corporate\commonapi\videoos.management.vmoclient.unittests\bin\debug\net472\videoos.management.vmoclient.unittests.dll" id="06a715e6-5375-46b9-9b2d-665d5cc7acd6">
      <Execution id="9ff8af31-4a0b-4ccf-8efd-82954dc2c097" />
      <TestMethod codeBase="D:\actions-runner\_work\XPCO\XPCO\Corporate\CommonAPI\VideoOS.Management.VmoClient.UnitTests\bin\Debug\net472\VideoOS.Management.VmoClient.UnitTests.dll" adapterTypeName="executor://mstestadapter/v2" className="VideoOS.Management.VmoClient.UnitTests.BasicOwnerInfoTest" name="BasicOwnerInfo_Refresh_CheckVersionCalled" />
    </UnitTest>
    <UnitTest name="Hardware_Driver_Version_Construct_Device_Pack_Driver2" storage="d:\actions-runner\_work\xpco\xpco\corporate\commonapi\videoos.management.vmoclient.unittests\bin\debug\net472\videoos.management.vmoclient.unittests.dll" id="d8e00839-07fc-237d-a5d8-f9e9120c6d7f">
      <Execution id="2146b9cb-51dc-4171-b063-a8a0f766ae32" />
      <TestMethod codeBase="D:\actions-runner\_work\XPCO\XPCO\Corporate\CommonAPI\VideoOS.Management.VmoClient.UnitTests\bin\Debug\net472\VideoOS.Management.VmoClient.UnitTests.dll" adapterTypeName="executor://mstestadapter/v2" className="VideoOS.Management.VmoClient.UnitTests.HardwareDriverVersionTest" name="Hardware_Driver_Version_Construct_Device_Pack_Driver2" />
    </UnitTest>
    <UnitTest name="ViewItem_Refresh_Success" storage="d:\actions-runner\_work\xpco\xpco\corporate\commonapi\videoos.management.vmoclient.unittests\bin\debug\net472\videoos.management.vmoclient.unittests.dll" id="54f7c0f2-efd1-544c-ad47-2520376458fa">
      <Execution id="c183b371-c40b-4254-b656-8aa6815616da" />
      <TestMethod codeBase="D:\actions-runner\_work\XPCO\XPCO\Corporate\CommonAPI\VideoOS.Management.VmoClient.UnitTests\bin\Debug\net472\VideoOS.Management.VmoClient.UnitTests.dll" adapterTypeName="executor://mstestadapter/v2" className="VideoOS.Management.VmoClient.UnitTests.ViewItemTest" name="ViewItem_Refresh_Success" />
    </UnitTest>
    <UnitTest name="RecordingStorage_Refresh_Success" storage="d:\actions-runner\_work\xpco\xpco\corporate\commonapi\videoos.management.vmoclient.unittests\bin\debug\net472\videoos.management.vmoclient.unittests.dll" id="c489ee98-ff2e-4034-318b-ece3c1d11ad4">
      <Execution id="fa891f7e-a883-4600-a1e8-b70a55ed6ab8" />
      <TestMethod codeBase="D:\actions-runner\_work\XPCO\XPCO\Corporate\CommonAPI\VideoOS.Management.VmoClient.UnitTests\bin\Debug\net472\VideoOS.Management.VmoClient.UnitTests.dll" adapterTypeName="executor://mstestadapter/v2" className="VideoOS.Management.VmoClient.UnitTests.RecordingStorageTest" name="RecordingStorage_Refresh_Success" />
    </UnitTest>
    <UnitTest name="ServerConnection_Constructor_TokenCache_Success_DefaultSettings" storage="d:\actions-runner\_work\xpco\xpco\corporate\commonapi\videoos.management.vmoclient.unittests\bin\debug\net472\videoos.management.vmoclient.unittests.dll" id="22305020-6199-e54c-ad68-f1aadfca8210">
      <TestCategory>
        <TestCategoryItem TestCategory="Vmo Site Connection Tests" />
      </TestCategory>
      <Execution id="6284efbc-cd87-4056-be23-9793cf64397e" />
      <TestMethod codeBase="D:\actions-runner\_work\XPCO\XPCO\Corporate\CommonAPI\VideoOS.Management.VmoClient.UnitTests\bin\Debug\net472\VideoOS.Management.VmoClient.UnitTests.dll" adapterTypeName="executor://mstestadapter/v2" className="VideoOS.Management.VmoClient.UnitTests.Connection.ServerConnectionTest" name="ServerConnection_Constructor_TokenCache_Success_DefaultSettings" />
    </UnitTest>
    <UnitTest name="GetHighPriorityError_GivenUserNamePasswordException_ReturnsUserNamePasswordException" storage="d:\actions-runner\_work\xpco\xpco\corporate\commonapi\videoos.management.vmoclient.unittests\bin\debug\net472\videoos.management.vmoclient.unittests.dll" id="f6c8533d-6871-e620-3a15-7deaf7edd4e3">
      <Execution id="6a658a6c-e410-4634-9e29-5ea6a81c36bb" />
      <TestMethod codeBase="D:\actions-runner\_work\XPCO\XPCO\Corporate\CommonAPI\VideoOS.Management.VmoClient.UnitTests\bin\Debug\net472\VideoOS.Management.VmoClient.UnitTests.dll" adapterTypeName="executor://mstestadapter/v2" className="VideoOS.Management.VmoClient.UnitTests.SiteConnectorExceptionHandlerTests" name="GetHighPriorityError_GivenUserNamePasswordException_ReturnsUserNamePasswordException" />
    </UnitTest>
    <UnitTest name="PatrollingProfile_InsertStepLast_Existing_PatrollingStep_Position" storage="d:\actions-runner\_work\xpco\xpco\corporate\commonapi\videoos.management.vmoclient.unittests\bin\debug\net472\videoos.management.vmoclient.unittests.dll" id="8c36f616-16a9-da46-946a-1b91a8d4936b">
      <TestCategory>
        <TestCategoryItem TestCategory="Patrolling Profile" />
      </TestCategory>
      <Execution id="02f37dd3-589b-47d4-8fd4-05c541a05708" />
      <TestMethod codeBase="D:\actions-runner\_work\XPCO\XPCO\Corporate\CommonAPI\VideoOS.Management.VmoClient.UnitTests\bin\Debug\net472\VideoOS.Management.VmoClient.UnitTests.dll" adapterTypeName="executor://mstestadapter/v2" className="VideoOS.Management.VmoClient.UnitTests.PatrollingProfileTest" name="PatrollingProfile_InsertStepLast_Existing_PatrollingStep_Position" />
    </UnitTest>
    <UnitTest name="MarkedData_Refresh_Failed_Not_Created" storage="d:\actions-runner\_work\xpco\xpco\corporate\commonapi\videoos.management.vmoclient.unittests\bin\debug\net472\videoos.management.vmoclient.unittests.dll" id="17fc8860-2b38-4ff9-4cd1-df0ba112a282">
      <Execution id="d2b59991-17d2-408c-8591-f15aa72c165f" />
      <TestMethod codeBase="D:\actions-runner\_work\XPCO\XPCO\Corporate\CommonAPI\VideoOS.Management.VmoClient.UnitTests\bin\Debug\net472\VideoOS.Management.VmoClient.UnitTests.dll" adapterTypeName="executor://mstestadapter/v2" className="VideoOS.Management.VmoClient.UnitTests.MarkedDataTest" name="MarkedData_Refresh_Failed_Not_Created" />
    </UnitTest>
    <UnitTest name="SystemDashboardConfigurationuration_Delete_CheckVersionCalled" storage="d:\actions-runner\_work\xpco\xpco\corporate\commonapi\videoos.management.vmoclient.unittests\bin\debug\net472\videoos.management.vmoclient.unittests.dll" id="8a636da5-22db-276f-fd70-904a4559cd55">
      <Execution id="5e126f10-fc98-46b7-ae54-35b672cfb056" />
      <TestMethod codeBase="D:\actions-runner\_work\XPCO\XPCO\Corporate\CommonAPI\VideoOS.Management.VmoClient.UnitTests\bin\Debug\net472\VideoOS.Management.VmoClient.UnitTests.dll" adapterTypeName="executor://mstestadapter/v2" className="VideoOS.Management.VmoClient.UnitTests.SystemDashboardConfigTest" name="SystemDashboardConfigurationuration_Delete_CheckVersionCalled" />
    </UnitTest>
    <UnitTest name="BasicUser_Change_Password_Check_Empty_Password" storage="d:\actions-runner\_work\xpco\xpco\corporate\commonapi\videoos.management.vmoclient.unittests\bin\debug\net472\videoos.management.vmoclient.unittests.dll" id="582181db-ae03-28f2-7a66-c23be8ad57d6">
      <Execution id="e3579f15-18be-4592-9335-b9f07a5e4230" />
      <TestMethod codeBase="D:\actions-runner\_work\XPCO\XPCO\Corporate\CommonAPI\VideoOS.Management.VmoClient.UnitTests\bin\Debug\net472\VideoOS.Management.VmoClient.UnitTests.dll" adapterTypeName="executor://mstestadapter/v2" className="VideoOS.Management.VmoClient.UnitTests.BasicUserTest" name="BasicUser_Change_Password_Check_Empty_Password" />
    </UnitTest>
    <UnitTest name="ServerVersionConstructor_Clone_Success" storage="d:\actions-runner\_work\xpco\xpco\corporate\commonapi\videoos.management.vmoclient.unittests\bin\debug\net472\videoos.management.vmoclient.unittests.dll" id="e3b647fe-2086-1066-486c-69dd1615e14b">
      <TestCategory>
        <TestCategoryItem TestCategory="Server Version" />
      </TestCategory>
      <Execution id="436ce8d3-54b4-43b4-832a-6f5d4200a273" />
      <TestMethod codeBase="D:\actions-runner\_work\XPCO\XPCO\Corporate\CommonAPI\VideoOS.Management.VmoClient.UnitTests\bin\Debug\net472\VideoOS.Management.VmoClient.UnitTests.dll" adapterTypeName="executor://mstestadapter/v2" className="VideoOS.Management.VmoClient.Tests.ServerVersionTests" name="ServerVersionConstructor_Clone_Success" />
    </UnitTest>
    <UnitTest name="ValidateSchemas_AllowUnsecure_True" storage="d:\actions-runner\_work\xpco\xpco\corporate\commonapi\videoos.management.vmoclient.unittests\bin\debug\net472\videoos.management.vmoclient.unittests.dll" id="f1a01f5b-d1c2-a047-aa46-885719da5593">
      <TestCategory>
        <TestCategoryItem TestCategory="Vmo Site Connection Tests" />
      </TestCategory>
      <Execution id="27964146-7c4e-4c9c-9e67-c7bde4db448a" />
      <TestMethod codeBase="D:\actions-runner\_work\XPCO\XPCO\Corporate\CommonAPI\VideoOS.Management.VmoClient.UnitTests\bin\Debug\net472\VideoOS.Management.VmoClient.UnitTests.dll" adapterTypeName="executor://mstestadapter/v2" className="VideoOS.Management.VmoClient.UnitTests.SiteAddressValidatorTest" name="ValidateSchemas_AllowUnsecure_True" />
    </UnitTest>
    <UnitTest name="ExceptionConverter_GetConnectionConvertedException_EndpointNotFoundException" storage="d:\actions-runner\_work\xpco\xpco\corporate\commonapi\videoos.management.vmoclient.unittests\bin\debug\net472\videoos.management.vmoclient.unittests.dll" id="b7241b1c-5cc3-ccaf-39f0-606a89437376">
      <Execution id="695ecbad-feec-4a95-b21f-ae98a648943d" />
      <TestMethod codeBase="D:\actions-runner\_work\XPCO\XPCO\Corporate\CommonAPI\VideoOS.Management.VmoClient.UnitTests\bin\Debug\net472\VideoOS.Management.VmoClient.UnitTests.dll" adapterTypeName="executor://mstestadapter/v2" className="VideoOS.Management.VmoClient.UnitTests.Utils.ExceptionConverterTest" name="ExceptionConverter_GetConnectionConvertedException_EndpointNotFoundException" />
    </UnitTest>
    <UnitTest name="AddSiteAddressWithError_GivenSomeSiteError_ShouldReturnFail" storage="d:\actions-runner\_work\xpco\xpco\corporate\commonapi\videoos.management.vmoclient.unittests\bin\debug\net472\videoos.management.vmoclient.unittests.dll" id="1b1c96a6-b8c1-c201-3b0f-d6f5700369b2">
      <Execution id="cd4b0b7d-ffa0-46bd-8ae2-0f1e9c750fd9" />
      <TestMethod codeBase="D:\actions-runner\_work\XPCO\XPCO\Corporate\CommonAPI\VideoOS.Management.VmoClient.UnitTests\bin\Debug\net472\VideoOS.Management.VmoClient.UnitTests.dll" adapterTypeName="executor://mstestadapter/v2" className="VideoOS.Management.VmoClient.UnitTests.SiteConnectorResultBuilderTests" name="AddSiteAddressWithError_GivenSomeSiteError_ShouldReturnFail" />
    </UnitTest>
    <UnitTest name="PerformanceStateRuleConfiguration_Delete_Success" storage="d:\actions-runner\_work\xpco\xpco\corporate\commonapi\videoos.management.vmoclient.unittests\bin\debug\net472\videoos.management.vmoclient.unittests.dll" id="b09990a8-046d-47f5-364b-4a48dd9d650f">
      <Execution id="207eef1c-4a59-4d65-bae4-11824c46c4f8" />
      <TestMethod codeBase="D:\actions-runner\_work\XPCO\XPCO\Corporate\CommonAPI\VideoOS.Management.VmoClient.UnitTests\bin\Debug\net472\VideoOS.Management.VmoClient.UnitTests.dll" adapterTypeName="executor://mstestadapter/v2" className="VideoOS.Management.VmoClient.UnitTests.PerformanceStateRuleConfigTest" name="PerformanceStateRuleConfiguration_Delete_Success" />
    </UnitTest>
    <UnitTest name="PatrollingProfile_MoveStepToFirst" storage="d:\actions-runner\_work\xpco\xpco\corporate\commonapi\videoos.management.vmoclient.unittests\bin\debug\net472\videoos.management.vmoclient.unittests.dll" id="27bb0846-204f-2736-e20f-7a35a54e4e90">
      <TestCategory>
        <TestCategoryItem TestCategory="Patrolling Profile" />
      </TestCategory>
      <Execution id="9f3b308c-5c6b-4eae-b26b-f2bca0bebd5b" />
      <TestMethod codeBase="D:\actions-runner\_work\XPCO\XPCO\Corporate\CommonAPI\VideoOS.Management.VmoClient.UnitTests\bin\Debug\net472\VideoOS.Management.VmoClient.UnitTests.dll" adapterTypeName="executor://mstestadapter/v2" className="VideoOS.Management.VmoClient.UnitTests.PatrollingProfileTest" name="PatrollingProfile_MoveStepToFirst" />
    </UnitTest>
    <UnitTest name="ManagementServer_CreateReference_Called" storage="d:\actions-runner\_work\xpco\xpco\corporate\commonapi\videoos.management.vmoclient.unittests\bin\debug\net472\videoos.management.vmoclient.unittests.dll" id="77c25885-f498-e269-7a67-0cba22b75ab1">
      <Execution id="a58b76a3-25ce-4d9e-b636-9dd227d37003" />
      <TestMethod codeBase="D:\actions-runner\_work\XPCO\XPCO\Corporate\CommonAPI\VideoOS.Management.VmoClient.UnitTests\bin\Debug\net472\VideoOS.Management.VmoClient.UnitTests.dll" adapterTypeName="executor://mstestadapter/v2" className="VideoOS.Management.VmoClient.UnitTests.ManagementServerTest" name="ManagementServer_CreateReference_Called" />
    </UnitTest>
    <UnitTest name="ProxyClientServiceBase_CallWithRetry_NoRetry_CommunicationException_IdpInner" storage="d:\actions-runner\_work\xpco\xpco\corporate\commonapi\videoos.management.vmoclient.unittests\bin\debug\net472\videoos.management.vmoclient.unittests.dll" id="e68c940d-e42a-1511-394e-a4faeeffa642">
      <Execution id="38ddce5f-fdff-4f30-b66e-61ad49e15435" />
      <TestMethod codeBase="D:\actions-runner\_work\XPCO\XPCO\Corporate\CommonAPI\VideoOS.Management.VmoClient.UnitTests\bin\Debug\net472\VideoOS.Management.VmoClient.UnitTests.dll" adapterTypeName="executor://mstestadapter/v2" className="VideoOS.Management.VmoClient.UnitTests.Framework.ProxyClientServiceBaseTest" name="ProxyClientServiceBase_CallWithRetry_NoRetry_CommunicationException_IdpInner" />
    </UnitTest>
    <UnitTest name="MIPObject_Constructor_Repositories_DefaultValuesCorrect" storage="d:\actions-runner\_work\xpco\xpco\corporate\commonapi\videoos.management.vmoclient.unittests\bin\debug\net472\videoos.management.vmoclient.unittests.dll" id="0f84e6ef-2cf8-7465-e4b9-ad003c4d190d">
      <Execution id="5f474b39-bb89-43cd-a7b7-b2e7804a0df0" />
      <TestMethod codeBase="D:\actions-runner\_work\XPCO\XPCO\Corporate\CommonAPI\VideoOS.Management.VmoClient.UnitTests\bin\Debug\net472\VideoOS.Management.VmoClient.UnitTests.dll" adapterTypeName="executor://mstestadapter/v2" className="VideoOS.Management.VmoClient.UnitTests.MIPObjectTest" name="MIPObject_Constructor_Repositories_DefaultValuesCorrect" />
    </UnitTest>
    <UnitTest name="RuleSource_Undo_Success" storage="d:\actions-runner\_work\xpco\xpco\corporate\commonapi\videoos.management.vmoclient.unittests\bin\debug\net472\videoos.management.vmoclient.unittests.dll" id="f2eaa386-a8fa-c21f-c458-7f12c1c3dd16">
      <Execution id="3433a455-4db7-4e9b-8ab5-1a8cee064408" />
      <TestMethod codeBase="D:\actions-runner\_work\XPCO\XPCO\Corporate\CommonAPI\VideoOS.Management.VmoClient.UnitTests\bin\Debug\net472\VideoOS.Management.VmoClient.UnitTests.dll" adapterTypeName="executor://mstestadapter/v2" className="VideoOS.Management.VmoClient.UnitTests.RuleSourceTest" name="RuleSource_Undo_Success" />
    </UnitTest>
    <UnitTest name="PatrollingProfile_InsertStepLast_Create_PatrollingStep_With_ExpectedTransitionTime" storage="d:\actions-runner\_work\xpco\xpco\corporate\commonapi\videoos.management.vmoclient.unittests\bin\debug\net472\videoos.management.vmoclient.unittests.dll" id="49bd72f9-7c1c-bc4d-47d0-e23c03c0f452">
      <TestCategory>
        <TestCategoryItem TestCategory="Patrolling Profile" />
      </TestCategory>
      <Execution id="3bd54225-930e-4bbf-a0b8-cdaeeeb8eee0" />
      <TestMethod codeBase="D:\actions-runner\_work\XPCO\XPCO\Corporate\CommonAPI\VideoOS.Management.VmoClient.UnitTests\bin\Debug\net472\VideoOS.Management.VmoClient.UnitTests.dll" adapterTypeName="executor://mstestadapter/v2" className="VideoOS.Management.VmoClient.UnitTests.PatrollingProfileTest" name="PatrollingProfile_InsertStepLast_Create_PatrollingStep_With_ExpectedTransitionTime" />
    </UnitTest>
    <UnitTest name="CalendarTimeProfile_Constructor_DefaultValuesCorrect" storage="d:\actions-runner\_work\xpco\xpco\corporate\commonapi\videoos.management.vmoclient.unittests\bin\debug\net472\videoos.management.vmoclient.unittests.dll" id="156b4fa6-3984-821f-9411-f6545248be61">
      <Execution id="aaafb3d7-7658-4fd0-b6b9-f59a9d69f832" />
      <TestMethod codeBase="D:\actions-runner\_work\XPCO\XPCO\Corporate\CommonAPI\VideoOS.Management.VmoClient.UnitTests\bin\Debug\net472\VideoOS.Management.VmoClient.UnitTests.dll" adapterTypeName="executor://mstestadapter/v2" className="VideoOS.Management.VmoClient.UnitTests.CalendarTimeProfileTest" name="CalendarTimeProfile_Constructor_DefaultValuesCorrect" />
    </UnitTest>
    <UnitTest name="IsAddressSchemeAllowed_Https_AllowHttp_True" storage="d:\actions-runner\_work\xpco\xpco\corporate\commonapi\videoos.management.vmoclient.unittests\bin\debug\net472\videoos.management.vmoclient.unittests.dll" id="926fe379-e3d5-bd41-aae6-1a5da790924c">
      <TestCategory>
        <TestCategoryItem TestCategory="Vmo Site Connection Tests" />
      </TestCategory>
      <Execution id="df14bce9-d52e-4640-bdd7-b1d370ca2e4f" />
      <TestMethod codeBase="D:\actions-runner\_work\XPCO\XPCO\Corporate\CommonAPI\VideoOS.Management.VmoClient.UnitTests\bin\Debug\net472\VideoOS.Management.VmoClient.UnitTests.dll" adapterTypeName="executor://mstestadapter/v2" className="VideoOS.Management.VmoClient.UnitTests.SiteAddressValidatorTest" name="IsAddressSchemeAllowed_Https_AllowHttp_True" />
    </UnitTest>
    <UnitTest name="FailoverServerGroup_Constructor_Name_Null_Check" storage="d:\actions-runner\_work\xpco\xpco\corporate\commonapi\videoos.management.vmoclient.unittests\bin\debug\net472\videoos.management.vmoclient.unittests.dll" id="69cc2c09-f8ab-7cbb-c62b-f09178b77057">
      <Execution id="f4da8103-2b88-43d1-a3fd-1d5617b2485c" />
      <TestMethod codeBase="D:\actions-runner\_work\XPCO\XPCO\Corporate\CommonAPI\VideoOS.Management.VmoClient.UnitTests\bin\Debug\net472\VideoOS.Management.VmoClient.UnitTests.dll" adapterTypeName="executor://mstestadapter/v2" className="VideoOS.Management.VmoClient.UnitTests.FailoverServerGroupTest" name="FailoverServerGroup_Constructor_Name_Null_Check" />
    </UnitTest>
    <UnitTest name="PatrollingProfile_InsertStepAt_Create_PatrollingStep_Position" storage="d:\actions-runner\_work\xpco\xpco\corporate\commonapi\videoos.management.vmoclient.unittests\bin\debug\net472\videoos.management.vmoclient.unittests.dll" id="76bdfff2-86bb-a4a4-4cd3-f83db04d8dac">
      <TestCategory>
        <TestCategoryItem TestCategory="Patrolling Profile" />
      </TestCategory>
      <Execution id="de7295cc-6d39-4783-bf8b-a14c187da405" />
      <TestMethod codeBase="D:\actions-runner\_work\XPCO\XPCO\Corporate\CommonAPI\VideoOS.Management.VmoClient.UnitTests\bin\Debug\net472\VideoOS.Management.VmoClient.UnitTests.dll" adapterTypeName="executor://mstestadapter/v2" className="VideoOS.Management.VmoClient.UnitTests.PatrollingProfileTest" name="PatrollingProfile_InsertStepAt_Create_PatrollingStep_Position" />
    </UnitTest>
    <UnitTest name="PerformanceStateRuleConfiguration_IsDeleted_Success" storage="d:\actions-runner\_work\xpco\xpco\corporate\commonapi\videoos.management.vmoclient.unittests\bin\debug\net472\videoos.management.vmoclient.unittests.dll" id="78adf058-2432-8838-f7fc-3dd894e13527">
      <Execution id="bff6f06d-7fff-48e9-a14a-247e469afe41" />
      <TestMethod codeBase="D:\actions-runner\_work\XPCO\XPCO\Corporate\CommonAPI\VideoOS.Management.VmoClient.UnitTests\bin\Debug\net472\VideoOS.Management.VmoClient.UnitTests.dll" adapterTypeName="executor://mstestadapter/v2" className="VideoOS.Management.VmoClient.UnitTests.PerformanceStateRuleConfigTest" name="PerformanceStateRuleConfiguration_IsDeleted_Success" />
    </UnitTest>
    <UnitTest name="AxisOneClickCamera_Refresh_Success" storage="d:\actions-runner\_work\xpco\xpco\corporate\commonapi\videoos.management.vmoclient.unittests\bin\debug\net472\videoos.management.vmoclient.unittests.dll" id="a40cf24a-04d2-9bac-a015-be3a4fe9912d">
      <Execution id="d3256acd-2aff-48be-9105-9169ea22f95d" />
      <TestMethod codeBase="D:\actions-runner\_work\XPCO\XPCO\Corporate\CommonAPI\VideoOS.Management.VmoClient.UnitTests\bin\Debug\net472\VideoOS.Management.VmoClient.UnitTests.dll" adapterTypeName="executor://mstestadapter/v2" className="VideoOS.Management.VmoClient.UnitTests.AxisOneClickCameraTest" name="AxisOneClickCamera_Refresh_Success" />
    </UnitTest>
    <UnitTest name="BasicOwnerInfo_Constructor_Property_Null_Check" storage="d:\actions-runner\_work\xpco\xpco\corporate\commonapi\videoos.management.vmoclient.unittests\bin\debug\net472\videoos.management.vmoclient.unittests.dll" id="75fbb975-8fbd-9b46-1732-d0df17d45bc2">
      <Execution id="04ac5c59-63b8-4679-843a-8d5bcb0187fb" />
      <TestMethod codeBase="D:\actions-runner\_work\XPCO\XPCO\Corporate\CommonAPI\VideoOS.Management.VmoClient.UnitTests\bin\Debug\net472\VideoOS.Management.VmoClient.UnitTests.dll" adapterTypeName="executor://mstestadapter/v2" className="VideoOS.Management.VmoClient.UnitTests.BasicOwnerInfoTest" name="BasicOwnerInfo_Constructor_Property_Null_Check" />
    </UnitTest>
    <UnitTest name="BasicUser_Change_Password_Check_Object_Created" storage="d:\actions-runner\_work\xpco\xpco\corporate\commonapi\videoos.management.vmoclient.unittests\bin\debug\net472\videoos.management.vmoclient.unittests.dll" id="1ca8cc07-4e6e-b881-0a4e-6e0b13bdb304">
      <Execution id="20c52caa-2906-4e64-817b-f66d60dcd7e4" />
      <TestMethod codeBase="D:\actions-runner\_work\XPCO\XPCO\Corporate\CommonAPI\VideoOS.Management.VmoClient.UnitTests\bin\Debug\net472\VideoOS.Management.VmoClient.UnitTests.dll" adapterTypeName="executor://mstestadapter/v2" className="VideoOS.Management.VmoClient.UnitTests.BasicUserTest" name="BasicUser_Change_Password_Check_Object_Created" />
    </UnitTest>
    <UnitTest name="SunClockTimeProfile_Create_CustomId_Success_Constructor" storage="d:\actions-runner\_work\xpco\xpco\corporate\commonapi\videoos.management.vmoclient.unittests\bin\debug\net472\videoos.management.vmoclient.unittests.dll" id="064663ac-a267-a696-51c0-fe929e47366c">
      <Execution id="c2d73fda-48bf-445f-8a45-b8ef2a859c98" />
      <TestMethod codeBase="D:\actions-runner\_work\XPCO\XPCO\Corporate\CommonAPI\VideoOS.Management.VmoClient.UnitTests\bin\Debug\net472\VideoOS.Management.VmoClient.UnitTests.dll" adapterTypeName="executor://mstestadapter/v2" className="VideoOS.Management.VmoClient.UnitTests.SunClockTimeProfileTest" name="SunClockTimeProfile_Create_CustomId_Success_Constructor" />
    </UnitTest>
    <UnitTest name="FailoverServer_Constructor_Repositories_DefaultValuesCorrect" storage="d:\actions-runner\_work\xpco\xpco\corporate\commonapi\videoos.management.vmoclient.unittests\bin\debug\net472\videoos.management.vmoclient.unittests.dll" id="2c176343-2ae4-d7de-fa6b-eec7318e8490">
      <Execution id="e8dc6ce0-adc0-4fa3-862d-c07a842bbf37" />
      <TestMethod codeBase="D:\actions-runner\_work\XPCO\XPCO\Corporate\CommonAPI\VideoOS.Management.VmoClient.UnitTests\bin\Debug\net472\VideoOS.Management.VmoClient.UnitTests.dll" adapterTypeName="executor://mstestadapter/v2" className="VideoOS.Management.VmoClient.UnitTests.FailoverServerTest" name="FailoverServer_Constructor_Repositories_DefaultValuesCorrect" />
    </UnitTest>
    <UnitTest name="ArchiveStorage_Get_Storage_Information_Failed_Not_Created" storage="d:\actions-runner\_work\xpco\xpco\corporate\commonapi\videoos.management.vmoclient.unittests\bin\debug\net472\videoos.management.vmoclient.unittests.dll" id="e59d293c-5af8-002c-e55c-1398367fa479">
      <Execution id="1ef0f5b7-f30b-4186-9fc3-0f4fe1c4504f" />
      <TestMethod codeBase="D:\actions-runner\_work\XPCO\XPCO\Corporate\CommonAPI\VideoOS.Management.VmoClient.UnitTests\bin\Debug\net472\VideoOS.Management.VmoClient.UnitTests.dll" adapterTypeName="executor://mstestadapter/v2" className="VideoOS.Management.VmoClient.UnitTests.ArchiveStorageTest" name="ArchiveStorage_Get_Storage_Information_Failed_Not_Created" />
    </UnitTest>
    <UnitTest name="Hardware_Refresh_Fail_When_Deleted" storage="d:\actions-runner\_work\xpco\xpco\corporate\commonapi\videoos.management.vmoclient.unittests\bin\debug\net472\videoos.management.vmoclient.unittests.dll" id="1a64560e-6964-f5f3-5442-f6f38b03cc18">
      <Execution id="841af8f1-8cb0-4c86-a233-317dd3757838" />
      <TestMethod codeBase="D:\actions-runner\_work\XPCO\XPCO\Corporate\CommonAPI\VideoOS.Management.VmoClient.UnitTests\bin\Debug\net472\VideoOS.Management.VmoClient.UnitTests.dll" adapterTypeName="executor://mstestadapter/v2" className="VideoOS.Management.VmoClient.UnitTests.HardwareTest" name="Hardware_Refresh_Fail_When_Deleted" />
    </UnitTest>
    <UnitTest name="Construct_Success" storage="d:\actions-runner\_work\xpco\xpco\corporate\commonapi\videoos.management.vmoclient.unittests\bin\debug\net472\videoos.management.vmoclient.unittests.dll" id="0e018444-eb66-48a3-4c38-0d19c6a941fa">
      <TestCategory>
        <TestCategoryItem TestCategory="Vmo Site Connection Tests" />
      </TestCategory>
      <Execution id="d9979bb6-81fa-4fd3-84b3-7e644d5e2e5f" />
      <TestMethod codeBase="D:\actions-runner\_work\XPCO\XPCO\Corporate\CommonAPI\VideoOS.Management.VmoClient.UnitTests\bin\Debug\net472\VideoOS.Management.VmoClient.UnitTests.dll" adapterTypeName="executor://mstestadapter/v2" className="VideoOS.Management.VmoClient.UnitTests.Connection.SiteConnectionInfoTokenExchangeTests" name="Construct_Success" />
    </UnitTest>
    <UnitTest name="MarkedData_Refresh_Failed_Deleted" storage="d:\actions-runner\_work\xpco\xpco\corporate\commonapi\videoos.management.vmoclient.unittests\bin\debug\net472\videoos.management.vmoclient.unittests.dll" id="bda9fca7-5845-4298-cc74-0f0e10d066c3">
      <Execution id="9132d980-084f-4f72-aca8-d17b6c94123e" />
      <TestMethod codeBase="D:\actions-runner\_work\XPCO\XPCO\Corporate\CommonAPI\VideoOS.Management.VmoClient.UnitTests\bin\Debug\net472\VideoOS.Management.VmoClient.UnitTests.dll" adapterTypeName="executor://mstestadapter/v2" className="VideoOS.Management.VmoClient.UnitTests.MarkedDataTest" name="MarkedData_Refresh_Failed_Deleted" />
    </UnitTest>
    <UnitTest name="CurrentUICulture_IsDefaultNull" storage="d:\actions-runner\_work\xpco\xpco\corporate\commonapi\videoos.management.vmoclient.unittests\bin\debug\net472\videoos.management.vmoclient.unittests.dll" id="4ad5e067-b37b-b19f-cb70-41cd0b41d20d">
      <Execution id="0da61c87-1695-4153-9d50-2a4ade794077" />
      <TestMethod codeBase="D:\actions-runner\_work\XPCO\XPCO\Corporate\CommonAPI\VideoOS.Management.VmoClient.UnitTests\bin\Debug\net472\VideoOS.Management.VmoClient.UnitTests.dll" adapterTypeName="executor://mstestadapter/v2" className="VideoOS.Management.VmoClient.UnitTests.VmoClientEnvironmentUnitTests" name="CurrentUICulture_IsDefaultNull" />
    </UnitTest>
    <UnitTest name="ValidateSchemas_AllowUnsecure_False" storage="d:\actions-runner\_work\xpco\xpco\corporate\commonapi\videoos.management.vmoclient.unittests\bin\debug\net472\videoos.management.vmoclient.unittests.dll" id="79cd81df-a953-0c7a-7dbb-aca4faf3adca">
      <TestCategory>
        <TestCategoryItem TestCategory="Vmo Site Connection Tests" />
      </TestCategory>
      <Execution id="a2cedba0-cce1-4af5-9c35-8fbbc5ff276d" />
      <TestMethod codeBase="D:\actions-runner\_work\XPCO\XPCO\Corporate\CommonAPI\VideoOS.Management.VmoClient.UnitTests\bin\Debug\net472\VideoOS.Management.VmoClient.UnitTests.dll" adapterTypeName="executor://mstestadapter/v2" className="VideoOS.Management.VmoClient.UnitTests.SiteAddressValidatorTest" name="ValidateSchemas_AllowUnsecure_False" />
    </UnitTest>
    <UnitTest name="TaskAddHardware_StartNew_Success" storage="d:\actions-runner\_work\xpco\xpco\corporate\commonapi\videoos.management.vmoclient.unittests\bin\debug\net472\videoos.management.vmoclient.unittests.dll" id="2b7cdd19-68fb-61e7-6100-64674f7fc65a">
      <Execution id="a69a91a1-ab17-43f3-a3b7-c0419a330ff5" />
      <TestMethod codeBase="D:\actions-runner\_work\XPCO\XPCO\Corporate\CommonAPI\VideoOS.Management.VmoClient.UnitTests\bin\Debug\net472\VideoOS.Management.VmoClient.UnitTests.dll" adapterTypeName="executor://mstestadapter/v2" className="VideoOS.Management.VmoClient.UnitTests.TaskAddHardwareTest" name="TaskAddHardware_StartNew_Success" />
    </UnitTest>
    <UnitTest name="FailoverServer_Refresh_Failed" storage="d:\actions-runner\_work\xpco\xpco\corporate\commonapi\videoos.management.vmoclient.unittests\bin\debug\net472\videoos.management.vmoclient.unittests.dll" id="27b51024-8539-93fa-9d5d-982c0ad3d02a">
      <Execution id="d3901e1d-bd50-4af0-95c8-9d830d8c8adb" />
      <TestMethod codeBase="D:\actions-runner\_work\XPCO\XPCO\Corporate\CommonAPI\VideoOS.Management.VmoClient.UnitTests\bin\Debug\net472\VideoOS.Management.VmoClient.UnitTests.dll" adapterTypeName="executor://mstestadapter/v2" className="VideoOS.Management.VmoClient.UnitTests.FailoverServerTest" name="FailoverServer_Refresh_Failed" />
    </UnitTest>
    <UnitTest name="MIPDeviceEvent_Trigger_Success" storage="d:\actions-runner\_work\xpco\xpco\corporate\commonapi\videoos.management.vmoclient.unittests\bin\debug\net472\videoos.management.vmoclient.unittests.dll" id="898e84ca-52b2-d7b4-f355-dab1d051561f">
      <Execution id="ede4789b-3260-425c-b48e-b0c5e3d8028b" />
      <TestMethod codeBase="D:\actions-runner\_work\XPCO\XPCO\Corporate\CommonAPI\VideoOS.Management.VmoClient.UnitTests\bin\Debug\net472\VideoOS.Management.VmoClient.UnitTests.dll" adapterTypeName="executor://mstestadapter/v2" className="VideoOS.Management.VmoClient.UnitTests.MIPDeviceEventTest" name="MIPDeviceEvent_Trigger_Success" />
    </UnitTest>
    <UnitTest name="GenericRepositoryTestUpdateObject" storage="d:\actions-runner\_work\xpco\xpco\corporate\commonapi\videoos.management.vmoclient.unittests\bin\debug\net472\videoos.management.vmoclient.unittests.dll" id="41359944-1b64-186b-7087-a470bed2994d">
      <Execution id="f252e1de-5b95-47ed-b952-447d33debcbf" />
      <TestMethod codeBase="D:\actions-runner\_work\XPCO\XPCO\Corporate\CommonAPI\VideoOS.Management.VmoClient.UnitTests\bin\Debug\net472\VideoOS.Management.VmoClient.UnitTests.dll" adapterTypeName="executor://mstestadapter/v2" className="VideoOS.Management.VmoClient.UnitTests.GenericRepositoryTest" name="GenericRepositoryTestUpdateObject" />
    </UnitTest>
    <UnitTest name="TryConnectLegacyAsUser_GivenUnexpectedServerId_ShouldDisconnectDisposeAllAndReturnNull" storage="d:\actions-runner\_work\xpco\xpco\corporate\commonapi\videoos.management.vmoclient.unittests\bin\debug\net472\videoos.management.vmoclient.unittests.dll" id="41b278f2-92eb-a92d-9fbd-d70cb8578d79">
      <Execution id="df5ce68f-8087-4b91-896e-323e678e96f4" />
      <TestMethod codeBase="D:\actions-runner\_work\XPCO\XPCO\Corporate\CommonAPI\VideoOS.Management.VmoClient.UnitTests\bin\Debug\net472\VideoOS.Management.VmoClient.UnitTests.dll" adapterTypeName="executor://mstestadapter/v2" className="VideoOS.Management.VmoClient.UnitTests.SiteVmoConnectorTests" name="TryConnectLegacyAsUser_GivenUnexpectedServerId_ShouldDisconnectDisposeAllAndReturnNull" />
    </UnitTest>
    <UnitTest name="View_Update_Success" storage="d:\actions-runner\_work\xpco\xpco\corporate\commonapi\videoos.management.vmoclient.unittests\bin\debug\net472\videoos.management.vmoclient.unittests.dll" id="549fe4d6-0246-94be-ca82-d07edb107e05">
      <Execution id="a97c97e7-171c-44ca-a165-f88c27972ebf" />
      <TestMethod codeBase="D:\actions-runner\_work\XPCO\XPCO\Corporate\CommonAPI\VideoOS.Management.VmoClient.UnitTests\bin\Debug\net472\VideoOS.Management.VmoClient.UnitTests.dll" adapterTypeName="executor://mstestadapter/v2" className="VideoOS.Management.VmoClient.UnitTests.ViewTest" name="View_Update_Success" />
    </UnitTest>
    <UnitTest name="GetFastestIdpInfo_GivenAddressWithoutOAuth_ShouldReturnNull" storage="d:\actions-runner\_work\xpco\xpco\corporate\commonapi\videoos.management.vmoclient.unittests\bin\debug\net472\videoos.management.vmoclient.unittests.dll" id="2c70923f-ca66-aba3-db7c-df9c2aa9f052">
      <Execution id="332d9579-77cc-4cf1-a80e-17ccc639a5e9" />
      <TestMethod codeBase="D:\actions-runner\_work\XPCO\XPCO\Corporate\CommonAPI\VideoOS.Management.VmoClient.UnitTests\bin\Debug\net472\VideoOS.Management.VmoClient.UnitTests.dll" adapterTypeName="executor://mstestadapter/v2" className="VideoOS.Management.VmoClient.UnitTests.SiteIdpConnectorTests" name="GetFastestIdpInfo_GivenAddressWithoutOAuth_ShouldReturnNull" />
    </UnitTest>
    <UnitTest name="CameraDevice_Refresh_Fail_When_Deleted" storage="d:\actions-runner\_work\xpco\xpco\corporate\commonapi\videoos.management.vmoclient.unittests\bin\debug\net472\videoos.management.vmoclient.unittests.dll" id="3244763e-b7ce-8722-ad9f-d1c345273589">
      <Execution id="4c375f1d-b314-4a6f-9973-e91ebd600e63" />
      <TestMethod codeBase="D:\actions-runner\_work\XPCO\XPCO\Corporate\CommonAPI\VideoOS.Management.VmoClient.UnitTests\bin\Debug\net472\VideoOS.Management.VmoClient.UnitTests.dll" adapterTypeName="executor://mstestadapter/v2" className="VideoOS.Management.VmoClient.UnitTests.CameraDeviceTest" name="CameraDevice_Refresh_Fail_When_Deleted" />
    </UnitTest>
    <UnitTest name="Grid_GridSizeNotDefined_Exception" storage="d:\actions-runner\_work\xpco\xpco\corporate\commonapi\videoos.management.vmoclient.unittests\bin\debug\net472\videoos.management.vmoclient.unittests.dll" id="a3c14e62-c027-c89c-b304-e34b4c3eb8c0">
      <TestCategory>
        <TestCategoryItem TestCategory="Grid" />
      </TestCategory>
      <Execution id="7b81f228-526a-46cd-9aae-9b349f5c5725" />
      <TestMethod codeBase="D:\actions-runner\_work\XPCO\XPCO\Corporate\CommonAPI\VideoOS.Management.VmoClient.UnitTests\bin\Debug\net472\VideoOS.Management.VmoClient.UnitTests.dll" adapterTypeName="executor://mstestadapter/v2" className="VideoOS.Management.VmoClient.UnitTests.GridTest" name="Grid_GridSizeNotDefined_Exception" />
    </UnitTest>
    <UnitTest name="MIPAction_Update_Success" storage="d:\actions-runner\_work\xpco\xpco\corporate\commonapi\videoos.management.vmoclient.unittests\bin\debug\net472\videoos.management.vmoclient.unittests.dll" id="f419f841-c256-af4c-f845-5eea6a82f98f">
      <Execution id="78be8ce3-c320-46a0-b099-d06285da2fec" />
      <TestMethod codeBase="D:\actions-runner\_work\XPCO\XPCO\Corporate\CommonAPI\VideoOS.Management.VmoClient.UnitTests\bin\Debug\net472\VideoOS.Management.VmoClient.UnitTests.dll" adapterTypeName="executor://mstestadapter/v2" className="VideoOS.Management.VmoClient.UnitTests.MIPActionTest" name="MIPAction_Update_Success" />
    </UnitTest>
    <UnitTest name="TimeProfile_Repository_Registered" storage="d:\actions-runner\_work\xpco\xpco\corporate\commonapi\videoos.management.vmoclient.unittests\bin\debug\net472\videoos.management.vmoclient.unittests.dll" id="2a2a2615-0585-1266-11cf-6b74cf7aa87e">
      <Execution id="8671124b-622f-40f0-b46c-f8ac9abcae61" />
      <TestMethod codeBase="D:\actions-runner\_work\XPCO\XPCO\Corporate\CommonAPI\VideoOS.Management.VmoClient.UnitTests\bin\Debug\net472\VideoOS.Management.VmoClient.UnitTests.dll" adapterTypeName="executor://mstestadapter/v2" className="VideoOS.Management.VmoClient.UnitTests.TimeProfileTest" name="TimeProfile_Repository_Registered" />
    </UnitTest>
    <UnitTest name="CameraDevice_ChangeRecordingStorage_Fail_When_Deleted" storage="d:\actions-runner\_work\xpco\xpco\corporate\commonapi\videoos.management.vmoclient.unittests\bin\debug\net472\videoos.management.vmoclient.unittests.dll" id="baf17b1e-6bf7-46c2-00f9-e86fec5c4340">
      <Execution id="8aa0ac2d-d724-40c7-80cf-6b6f97a539e6" />
      <TestMethod codeBase="D:\actions-runner\_work\XPCO\XPCO\Corporate\CommonAPI\VideoOS.Management.VmoClient.UnitTests\bin\Debug\net472\VideoOS.Management.VmoClient.UnitTests.dll" adapterTypeName="executor://mstestadapter/v2" className="VideoOS.Management.VmoClient.UnitTests.CameraDeviceTest" name="CameraDevice_ChangeRecordingStorage_Fail_When_Deleted" />
    </UnitTest>
    <UnitTest name="ServerVersionConstructor_Less_Success" storage="d:\actions-runner\_work\xpco\xpco\corporate\commonapi\videoos.management.vmoclient.unittests\bin\debug\net472\videoos.management.vmoclient.unittests.dll" id="573d4913-3c20-fc10-3a7e-f205ffb2ffe5">
      <TestCategory>
        <TestCategoryItem TestCategory="Server Version" />
      </TestCategory>
      <Execution id="1e7f3fd9-a076-41d8-a8d0-c92acf6f390f" />
      <TestMethod codeBase="D:\actions-runner\_work\XPCO\XPCO\Corporate\CommonAPI\VideoOS.Management.VmoClient.UnitTests\bin\Debug\net472\VideoOS.Management.VmoClient.UnitTests.dll" adapterTypeName="executor://mstestadapter/v2" className="VideoOS.Management.VmoClient.Tests.ServerVersionTests" name="ServerVersionConstructor_Less_Success" />
    </UnitTest>
    <UnitTest name="PatrollingProfile_InsertStepAt_Create_PatrollingStep_With_ExpectedTransitionTime" storage="d:\actions-runner\_work\xpco\xpco\corporate\commonapi\videoos.management.vmoclient.unittests\bin\debug\net472\videoos.management.vmoclient.unittests.dll" id="097d52c4-8a10-666a-109f-0d544c215bc3">
      <TestCategory>
        <TestCategoryItem TestCategory="Patrolling Profile" />
      </TestCategory>
      <Execution id="90e5fa6e-665b-4490-a1f5-61e01c107eb5" />
      <TestMethod codeBase="D:\actions-runner\_work\XPCO\XPCO\Corporate\CommonAPI\VideoOS.Management.VmoClient.UnitTests\bin\Debug\net472\VideoOS.Management.VmoClient.UnitTests.dll" adapterTypeName="executor://mstestadapter/v2" className="VideoOS.Management.VmoClient.UnitTests.PatrollingProfileTest" name="PatrollingProfile_InsertStepAt_Create_PatrollingStep_With_ExpectedTransitionTime" />
    </UnitTest>
    <UnitTest name="CalendarTimeProfile_Create60WithId_NotSupportedException" storage="d:\actions-runner\_work\xpco\xpco\corporate\commonapi\videoos.management.vmoclient.unittests\bin\debug\net472\videoos.management.vmoclient.unittests.dll" id="4853f1aa-7050-d8c1-613d-9333d3d8a4c8">
      <Execution id="f8162836-7bbb-47fa-bda5-655d5f645b20" />
      <TestMethod codeBase="D:\actions-runner\_work\XPCO\XPCO\Corporate\CommonAPI\VideoOS.Management.VmoClient.UnitTests\bin\Debug\net472\VideoOS.Management.VmoClient.UnitTests.dll" adapterTypeName="executor://mstestadapter/v2" className="VideoOS.Management.VmoClient.UnitTests.CalendarTimeProfileTest" name="CalendarTimeProfile_Create60WithId_NotSupportedException" />
    </UnitTest>
    <UnitTest name="SystemDashboardConfiguration_Create_Success" storage="d:\actions-runner\_work\xpco\xpco\corporate\commonapi\videoos.management.vmoclient.unittests\bin\debug\net472\videoos.management.vmoclient.unittests.dll" id="0a125d4c-5bf7-88a7-f84d-9193442e4879">
      <Execution id="bb33a8ee-57e4-4d66-84d5-746f6975d817" />
      <TestMethod codeBase="D:\actions-runner\_work\XPCO\XPCO\Corporate\CommonAPI\VideoOS.Management.VmoClient.UnitTests\bin\Debug\net472\VideoOS.Management.VmoClient.UnitTests.dll" adapterTypeName="executor://mstestadapter/v2" className="VideoOS.Management.VmoClient.UnitTests.SystemDashboardConfigTest" name="SystemDashboardConfiguration_Create_Success" />
    </UnitTest>
    <UnitTest name="AxisTunnelServer_Update_Success" storage="d:\actions-runner\_work\xpco\xpco\corporate\commonapi\videoos.management.vmoclient.unittests\bin\debug\net472\videoos.management.vmoclient.unittests.dll" id="27cd4120-ea1b-2625-e99e-bbb925727055">
      <Execution id="52cab401-1122-451e-85b0-70b87f9f7718" />
      <TestMethod codeBase="D:\actions-runner\_work\XPCO\XPCO\Corporate\CommonAPI\VideoOS.Management.VmoClient.UnitTests\bin\Debug\net472\VideoOS.Management.VmoClient.UnitTests.dll" adapterTypeName="executor://mstestadapter/v2" className="VideoOS.Management.VmoClient.UnitTests.AxisTunnelServerTest" name="AxisTunnelServer_Update_Success" />
    </UnitTest>
    <UnitTest name="GetHighPriorityError_GivenIdpOfflineExceptionForLegacySite_DoesNotReturnIdpOfflineException" storage="d:\actions-runner\_work\xpco\xpco\corporate\commonapi\videoos.management.vmoclient.unittests\bin\debug\net472\videoos.management.vmoclient.unittests.dll" id="169c0340-68cf-7e65-35ef-4e909c9252f9">
      <Execution id="99f36f19-62fe-419e-9c8c-03d82452d738" />
      <TestMethod codeBase="D:\actions-runner\_work\XPCO\XPCO\Corporate\CommonAPI\VideoOS.Management.VmoClient.UnitTests\bin\Debug\net472\VideoOS.Management.VmoClient.UnitTests.dll" adapterTypeName="executor://mstestadapter/v2" className="VideoOS.Management.VmoClient.UnitTests.SiteConnectorExceptionHandlerTests" name="GetHighPriorityError_GivenIdpOfflineExceptionForLegacySite_DoesNotReturnIdpOfflineException" />
    </UnitTest>
    <UnitTest name="CalendarTimeProfile_Create60_CheckVersionNotCalled" storage="d:\actions-runner\_work\xpco\xpco\corporate\commonapi\videoos.management.vmoclient.unittests\bin\debug\net472\videoos.management.vmoclient.unittests.dll" id="c9d609cf-4d27-f250-53f5-5cb651ce0b09">
      <Execution id="49a59d5a-6104-46cf-94b4-415ea606edc6" />
      <TestMethod codeBase="D:\actions-runner\_work\XPCO\XPCO\Corporate\CommonAPI\VideoOS.Management.VmoClient.UnitTests\bin\Debug\net472\VideoOS.Management.VmoClient.UnitTests.dll" adapterTypeName="executor://mstestadapter/v2" className="VideoOS.Management.VmoClient.UnitTests.CalendarTimeProfileTest" name="CalendarTimeProfile_Create60_CheckVersionNotCalled" />
    </UnitTest>
    <UnitTest name="MIPObject_Delete_Failed" storage="d:\actions-runner\_work\xpco\xpco\corporate\commonapi\videoos.management.vmoclient.unittests\bin\debug\net472\videoos.management.vmoclient.unittests.dll" id="5c71673c-87bc-73db-2cb1-13a53b14e2f5">
      <Execution id="09d06aa7-1e7a-419d-a4cf-3060c106598f" />
      <TestMethod codeBase="D:\actions-runner\_work\XPCO\XPCO\Corporate\CommonAPI\VideoOS.Management.VmoClient.UnitTests\bin\Debug\net472\VideoOS.Management.VmoClient.UnitTests.dll" adapterTypeName="executor://mstestadapter/v2" className="VideoOS.Management.VmoClient.UnitTests.MIPObjectTest" name="MIPObject_Delete_Failed" />
    </UnitTest>
    <UnitTest name="Recorder_Get_Recorder_Information" storage="d:\actions-runner\_work\xpco\xpco\corporate\commonapi\videoos.management.vmoclient.unittests\bin\debug\net472\videoos.management.vmoclient.unittests.dll" id="ea67a0fc-dde3-352d-2bea-8f11bc8a4ff8">
      <Execution id="7b394082-e38f-4d2e-8cba-a05456f0f883" />
      <TestMethod codeBase="D:\actions-runner\_work\XPCO\XPCO\Corporate\CommonAPI\VideoOS.Management.VmoClient.UnitTests\bin\Debug\net472\VideoOS.Management.VmoClient.UnitTests.dll" adapterTypeName="executor://mstestadapter/v2" className="VideoOS.Management.VmoClient.UnitTests.RecordingServerTest" name="Recorder_Get_Recorder_Information" />
    </UnitTest>
    <UnitTest name="Master_UpdateCustomProperties_NotCreated_InvalidOperationException" storage="d:\actions-runner\_work\xpco\xpco\corporate\commonapi\videoos.management.vmoclient.unittests\bin\debug\net472\videoos.management.vmoclient.unittests.dll" id="ee46a3e8-e849-987e-2550-c7c3c8bdca18">
      <Execution id="a9e7c7f5-2a1a-4618-93f5-ef36b965ed8e" />
      <TestMethod codeBase="D:\actions-runner\_work\XPCO\XPCO\Corporate\CommonAPI\VideoOS.Management.VmoClient.UnitTests\bin\Debug\net472\VideoOS.Management.VmoClient.UnitTests.dll" adapterTypeName="executor://mstestadapter/v2" className="VideoOS.Management.VmoClient.UnitTests.MasterSiteTest" name="Master_UpdateCustomProperties_NotCreated_InvalidOperationException" />
    </UnitTest>
    <UnitTest name="FailoverServer_Constructor_RecordingServerServiceId_Null_Check" storage="d:\actions-runner\_work\xpco\xpco\corporate\commonapi\videoos.management.vmoclient.unittests\bin\debug\net472\videoos.management.vmoclient.unittests.dll" id="58be467a-6654-0e35-1e10-a4374a8d6062">
      <Execution id="d0f58b49-67ca-4f48-bd33-4ff0d7ad4071" />
      <TestMethod codeBase="D:\actions-runner\_work\XPCO\XPCO\Corporate\CommonAPI\VideoOS.Management.VmoClient.UnitTests\bin\Debug\net472\VideoOS.Management.VmoClient.UnitTests.dll" adapterTypeName="executor://mstestadapter/v2" className="VideoOS.Management.VmoClient.UnitTests.FailoverServerTest" name="FailoverServer_Constructor_RecordingServerServiceId_Null_Check" />
    </UnitTest>
    <UnitTest name="ExceptionConverter_GetConnectionConvertedException_Idp_LockedOutException" storage="d:\actions-runner\_work\xpco\xpco\corporate\commonapi\videoos.management.vmoclient.unittests\bin\debug\net472\videoos.management.vmoclient.unittests.dll" id="24f9ee2c-b14d-9e29-5425-8dd2572fa7c4">
      <Execution id="5c54b605-ab9c-45f8-8fd3-0fad2dd397ec" />
      <TestMethod codeBase="D:\actions-runner\_work\XPCO\XPCO\Corporate\CommonAPI\VideoOS.Management.VmoClient.UnitTests\bin\Debug\net472\VideoOS.Management.VmoClient.UnitTests.dll" adapterTypeName="executor://mstestadapter/v2" className="VideoOS.Management.VmoClient.UnitTests.Utils.ExceptionConverterTest" name="ExceptionConverter_GetConnectionConvertedException_Idp_LockedOutException" />
    </UnitTest>
    <UnitTest name="Constructor_SiteAddressCache_Null" storage="d:\actions-runner\_work\xpco\xpco\corporate\commonapi\videoos.management.vmoclient.unittests\bin\debug\net472\videoos.management.vmoclient.unittests.dll" id="77094078-2d38-3195-3ad3-88b3615b784b">
      <Execution id="a1f43d3f-794b-4dd3-845a-d95917008e62" />
      <TestMethod codeBase="D:\actions-runner\_work\XPCO\XPCO\Corporate\CommonAPI\VideoOS.Management.VmoClient.UnitTests\bin\Debug\net472\VideoOS.Management.VmoClient.UnitTests.dll" adapterTypeName="executor://mstestadapter/v2" className="VideoOS.Management.VmoClient.UnitTests.SiteConnectorLegacyTests" name="Constructor_SiteAddressCache_Null" />
    </UnitTest>
    <UnitTest name="View_Repository_Registered" storage="d:\actions-runner\_work\xpco\xpco\corporate\commonapi\videoos.management.vmoclient.unittests\bin\debug\net472\videoos.management.vmoclient.unittests.dll" id="94f1ccd6-2121-5005-43d8-710e8c3b75fd">
      <Execution id="2ed7fd2e-4843-45c7-8ebd-bfd960ea0e5b" />
      <TestMethod codeBase="D:\actions-runner\_work\XPCO\XPCO\Corporate\CommonAPI\VideoOS.Management.VmoClient.UnitTests\bin\Debug\net472\VideoOS.Management.VmoClient.UnitTests.dll" adapterTypeName="executor://mstestadapter/v2" className="VideoOS.Management.VmoClient.UnitTests.ViewTest" name="View_Repository_Registered" />
    </UnitTest>
    <UnitTest name="PatrollingProfile_Preset_Constructor_Argument_Guid_Empty" storage="d:\actions-runner\_work\xpco\xpco\corporate\commonapi\videoos.management.vmoclient.unittests\bin\debug\net472\videoos.management.vmoclient.unittests.dll" id="0adbbfdf-6eaa-cf6b-4f0d-6ad2e0f1aa5a">
      <TestCategory>
        <TestCategoryItem TestCategory="Patrolling Profile" />
      </TestCategory>
      <Execution id="e8a10132-d58d-4375-b482-5375fcf29e6c" />
      <TestMethod codeBase="D:\actions-runner\_work\XPCO\XPCO\Corporate\CommonAPI\VideoOS.Management.VmoClient.UnitTests\bin\Debug\net472\VideoOS.Management.VmoClient.UnitTests.dll" adapterTypeName="executor://mstestadapter/v2" className="VideoOS.Management.VmoClient.UnitTests.PatrollingProfileTest" name="PatrollingProfile_Preset_Constructor_Argument_Guid_Empty" />
    </UnitTest>
    <UnitTest name="Role_Constructor_DefaultValuesCorrect" storage="d:\actions-runner\_work\xpco\xpco\corporate\commonapi\videoos.management.vmoclient.unittests\bin\debug\net472\videoos.management.vmoclient.unittests.dll" id="db7d6672-a2e3-9784-8e5c-4f89f75796ff">
      <Execution id="d1c73f9c-848b-4b8f-bb8d-d6e405b4c560" />
      <TestMethod codeBase="D:\actions-runner\_work\XPCO\XPCO\Corporate\CommonAPI\VideoOS.Management.VmoClient.UnitTests\bin\Debug\net472\VideoOS.Management.VmoClient.UnitTests.dll" adapterTypeName="executor://mstestadapter/v2" className="VideoOS.Management.VmoClient.UnitTests.RoleTest" name="Role_Constructor_DefaultValuesCorrect" />
    </UnitTest>
    <UnitTest name="GetHighPriorityError_GivenVmoUnauthorizedAccessException_ReturnsVmoUnauthorizedAccessException" storage="d:\actions-runner\_work\xpco\xpco\corporate\commonapi\videoos.management.vmoclient.unittests\bin\debug\net472\videoos.management.vmoclient.unittests.dll" id="b9bb0503-6bf0-7661-9f64-3d0a8f4df1d1">
      <Execution id="8d0e5016-dcfe-410d-835a-d12823f66fa6" />
      <TestMethod codeBase="D:\actions-runner\_work\XPCO\XPCO\Corporate\CommonAPI\VideoOS.Management.VmoClient.UnitTests\bin\Debug\net472\VideoOS.Management.VmoClient.UnitTests.dll" adapterTypeName="executor://mstestadapter/v2" className="VideoOS.Management.VmoClient.UnitTests.SiteConnectorExceptionHandlerTests" name="GetHighPriorityError_GivenVmoUnauthorizedAccessException_ReturnsVmoUnauthorizedAccessException" />
    </UnitTest>
    <UnitTest name="Hardware_ReadPassword_NotCreated_Throws" storage="d:\actions-runner\_work\xpco\xpco\corporate\commonapi\videoos.management.vmoclient.unittests\bin\debug\net472\videoos.management.vmoclient.unittests.dll" id="2d3a935e-1e65-2fb9-dab5-366dee814adc">
      <Execution id="bcad75aa-4fe6-47b4-831e-d4d9ce733d8a" />
      <TestMethod codeBase="D:\actions-runner\_work\XPCO\XPCO\Corporate\CommonAPI\VideoOS.Management.VmoClient.UnitTests\bin\Debug\net472\VideoOS.Management.VmoClient.UnitTests.dll" adapterTypeName="executor://mstestadapter/v2" className="VideoOS.Management.VmoClient.UnitTests.HardwareTest" name="Hardware_ReadPassword_NotCreated_Throws" />
    </UnitTest>
    <UnitTest name="TaskMoveArchiveStorage_StartNew_Success" storage="d:\actions-runner\_work\xpco\xpco\corporate\commonapi\videoos.management.vmoclient.unittests\bin\debug\net472\videoos.management.vmoclient.unittests.dll" id="8e085391-7266-03a5-da23-786ae9cb2280">
      <Execution id="527b9c4e-564b-46ce-92f2-e2ac9be8803b" />
      <TestMethod codeBase="D:\actions-runner\_work\XPCO\XPCO\Corporate\CommonAPI\VideoOS.Management.VmoClient.UnitTests\bin\Debug\net472\VideoOS.Management.VmoClient.UnitTests.dll" adapterTypeName="executor://mstestadapter/v2" className="VideoOS.Management.VmoClient.UnitTests.TaskMoveArchiveStorageTest" name="TaskMoveArchiveStorage_StartNew_Success" />
    </UnitTest>
    <UnitTest name="ResolveUICulture_ReturnFixedCurrentUICulture_WhenCurrentUICultureIsSet" storage="d:\actions-runner\_work\xpco\xpco\corporate\commonapi\videoos.management.vmoclient.unittests\bin\debug\net472\videoos.management.vmoclient.unittests.dll" id="dd8694ec-fc30-7bec-b122-aa378591b358">
      <Execution id="ddd4640b-9ce4-409e-85a6-12dd087fae1a" />
      <TestMethod codeBase="D:\actions-runner\_work\XPCO\XPCO\Corporate\CommonAPI\VideoOS.Management.VmoClient.UnitTests\bin\Debug\net472\VideoOS.Management.VmoClient.UnitTests.dll" adapterTypeName="executor://mstestadapter/v2" className="VideoOS.Management.VmoClient.UnitTests.VmoClientEnvironmentUnitTests" name="ResolveUICulture_ReturnFixedCurrentUICulture_WhenCurrentUICultureIsSet" />
    </UnitTest>
    <UnitTest name="PrivateViewGroupp_Update_Success" storage="d:\actions-runner\_work\xpco\xpco\corporate\commonapi\videoos.management.vmoclient.unittests\bin\debug\net472\videoos.management.vmoclient.unittests.dll" id="0ebe1128-9d18-fd18-cb20-dde5231be97c">
      <Execution id="a606d838-c495-4285-822b-50427db8b557" />
      <TestMethod codeBase="D:\actions-runner\_work\XPCO\XPCO\Corporate\CommonAPI\VideoOS.Management.VmoClient.UnitTests\bin\Debug\net472\VideoOS.Management.VmoClient.UnitTests.dll" adapterTypeName="executor://mstestadapter/v2" className="VideoOS.Management.VmoClient.UnitTests.PrivateViewGroupTest" name="PrivateViewGroupp_Update_Success" />
    </UnitTest>
    <UnitTest name="FailoverServer_Delete_Success" storage="d:\actions-runner\_work\xpco\xpco\corporate\commonapi\videoos.management.vmoclient.unittests\bin\debug\net472\videoos.management.vmoclient.unittests.dll" id="6a4ec7d9-a5ab-e6de-fe9f-73f7c5d8809b">
      <Execution id="2e4be516-6051-45f0-bd1b-88ddc9ebd265" />
      <TestMethod codeBase="D:\actions-runner\_work\XPCO\XPCO\Corporate\CommonAPI\VideoOS.Management.VmoClient.UnitTests\bin\Debug\net472\VideoOS.Management.VmoClient.UnitTests.dll" adapterTypeName="executor://mstestadapter/v2" className="VideoOS.Management.VmoClient.UnitTests.FailoverServerTest" name="FailoverServer_Delete_Success" />
    </UnitTest>
    <UnitTest name="RecordingStorage_ChangeEncryptionMethod_Failed_Wrong_Method_None" storage="d:\actions-runner\_work\xpco\xpco\corporate\commonapi\videoos.management.vmoclient.unittests\bin\debug\net472\videoos.management.vmoclient.unittests.dll" id="6c5d3f2e-9daa-5438-2561-cee1896b95d6">
      <Execution id="b9193493-2a3e-4406-ad87-fee34551ece3" />
      <TestMethod codeBase="D:\actions-runner\_work\XPCO\XPCO\Corporate\CommonAPI\VideoOS.Management.VmoClient.UnitTests\bin\Debug\net472\VideoOS.Management.VmoClient.UnitTests.dll" adapterTypeName="executor://mstestadapter/v2" className="VideoOS.Management.VmoClient.UnitTests.RecordingStorageTest" name="RecordingStorage_ChangeEncryptionMethod_Failed_Wrong_Method_None" />
    </UnitTest>
    <UnitTest name="ErrorResultInstance_XML" storage="d:\actions-runner\_work\xpco\xpco\corporate\commonapi\videoos.management.vmoclient.unittests\bin\debug\net472\videoos.management.vmoclient.unittests.dll" id="75a03c35-ee62-94d4-b7e1-73fa3a012bb6">
      <Execution id="158afc4a-aa8e-491c-be94-25f7e69c9ad8" />
      <TestMethod codeBase="D:\actions-runner\_work\XPCO\XPCO\Corporate\CommonAPI\VideoOS.Management.VmoClient.UnitTests\bin\Debug\net472\VideoOS.Management.VmoClient.UnitTests.dll" adapterTypeName="executor://mstestadapter/v2" className="VideoOS.Management.VmoClient.UnitTests.TaskAsyncTaskTest" name="ErrorResultInstance_XML" />
    </UnitTest>
    <UnitTest name="ProxyClientServiceBase_CallWithRetry_Retry_ObjectDisposedException" storage="d:\actions-runner\_work\xpco\xpco\corporate\commonapi\videoos.management.vmoclient.unittests\bin\debug\net472\videoos.management.vmoclient.unittests.dll" id="4be8e7d7-bca8-9397-e404-43302107cf04">
      <Execution id="6a28eb06-df7d-40a1-ae01-2e7a85d3f537" />
      <TestMethod codeBase="D:\actions-runner\_work\XPCO\XPCO\Corporate\CommonAPI\VideoOS.Management.VmoClient.UnitTests\bin\Debug\net472\VideoOS.Management.VmoClient.UnitTests.dll" adapterTypeName="executor://mstestadapter/v2" className="VideoOS.Management.VmoClient.UnitTests.Framework.ProxyClientServiceBaseTest" name="ProxyClientServiceBase_CallWithRetry_Retry_ObjectDisposedException" />
    </UnitTest>
    <UnitTest name="ProxyClientServiceBase_CallWithRetry_NoRetry_SecurityNegotiationException" storage="d:\actions-runner\_work\xpco\xpco\corporate\commonapi\videoos.management.vmoclient.unittests\bin\debug\net472\videoos.management.vmoclient.unittests.dll" id="f393049b-fe76-1e12-208d-2ed18ae35e2b">
      <Execution id="89733958-e8dd-4cee-af1e-f8eb0c47ab02" />
      <TestMethod codeBase="D:\actions-runner\_work\XPCO\XPCO\Corporate\CommonAPI\VideoOS.Management.VmoClient.UnitTests\bin\Debug\net472\VideoOS.Management.VmoClient.UnitTests.dll" adapterTypeName="executor://mstestadapter/v2" className="VideoOS.Management.VmoClient.UnitTests.Framework.ProxyClientServiceBaseTest" name="ProxyClientServiceBase_CallWithRetry_NoRetry_SecurityNegotiationException" />
    </UnitTest>
    <UnitTest name="MIPObject_Repository_Registered" storage="d:\actions-runner\_work\xpco\xpco\corporate\commonapi\videoos.management.vmoclient.unittests\bin\debug\net472\videoos.management.vmoclient.unittests.dll" id="e6a5bd7b-7405-fc6a-b5bc-378f43c18431">
      <Execution id="419a5a94-9b10-4d7a-a135-6d9f9cff5fd2" />
      <TestMethod codeBase="D:\actions-runner\_work\XPCO\XPCO\Corporate\CommonAPI\VideoOS.Management.VmoClient.UnitTests\bin\Debug\net472\VideoOS.Management.VmoClient.UnitTests.dll" adapterTypeName="executor://mstestadapter/v2" className="VideoOS.Management.VmoClient.UnitTests.MIPObjectTest" name="MIPObject_Repository_Registered" />
    </UnitTest>
    <UnitTest name="RuleSource_IsDeleted_Success" storage="d:\actions-runner\_work\xpco\xpco\corporate\commonapi\videoos.management.vmoclient.unittests\bin\debug\net472\videoos.management.vmoclient.unittests.dll" id="a2977a04-6cec-57ad-10ef-4f31b921c6d8">
      <Execution id="69181d83-d6f4-45b9-9ac2-fbde943721d0" />
      <TestMethod codeBase="D:\actions-runner\_work\XPCO\XPCO\Corporate\CommonAPI\VideoOS.Management.VmoClient.UnitTests\bin\Debug\net472\VideoOS.Management.VmoClient.UnitTests.dll" adapterTypeName="executor://mstestadapter/v2" className="VideoOS.Management.VmoClient.UnitTests.RuleSourceTest" name="RuleSource_IsDeleted_Success" />
    </UnitTest>
    <UnitTest name="Add_UniqueItemsUnderHeavyLoad_ShouldSuccess" storage="d:\actions-runner\_work\xpco\xpco\corporate\commonapi\videoos.management.vmoclient.unittests\bin\debug\net472\videoos.management.vmoclient.unittests.dll" id="7e49d211-33c9-5592-25e4-c124dfa62afe">
      <Execution id="0350d465-74c7-4886-a0ed-df8fe2c7dd87" />
      <TestMethod codeBase="D:\actions-runner\_work\XPCO\XPCO\Corporate\CommonAPI\VideoOS.Management.VmoClient.UnitTests\bin\Debug\net472\VideoOS.Management.VmoClient.UnitTests.dll" adapterTypeName="executor://mstestadapter/v2" className="VideoOS.Management.VmoClient.UnitTests.SiteTokenCacheStoreTests" name="Add_UniqueItemsUnderHeavyLoad_ShouldSuccess" />
    </UnitTest>
    <UnitTest name="GetIdpInfo_GivenErrorResponseFromIdpServerValidationLongTimeout_ShouldThrow" storage="d:\actions-runner\_work\xpco\xpco\corporate\commonapi\videoos.management.vmoclient.unittests\bin\debug\net472\videoos.management.vmoclient.unittests.dll" id="cbf50a76-c1d6-e3d2-04f2-a9504eb28170">
      <Execution id="1b634c50-c4cd-46c6-9d66-25d7d4bf1fc4" />
      <TestMethod codeBase="D:\actions-runner\_work\XPCO\XPCO\Corporate\CommonAPI\VideoOS.Management.VmoClient.UnitTests\bin\Debug\net472\VideoOS.Management.VmoClient.UnitTests.dll" adapterTypeName="executor://mstestadapter/v2" className="VideoOS.Management.VmoClient.UnitTests.SiteIdpConnectorTests" name="GetIdpInfo_GivenErrorResponseFromIdpServerValidationLongTimeout_ShouldThrow" />
    </UnitTest>
    <UnitTest name="PatrollingProfile_InsertStepFirst_Create_PatrollingStep_Position" storage="d:\actions-runner\_work\xpco\xpco\corporate\commonapi\videoos.management.vmoclient.unittests\bin\debug\net472\videoos.management.vmoclient.unittests.dll" id="b306b4b4-b01e-e83f-8bed-abc820a675c9">
      <TestCategory>
        <TestCategoryItem TestCategory="Patrolling Profile" />
      </TestCategory>
      <Execution id="b835a4be-86fa-4918-8eb4-b715add76fb6" />
      <TestMethod codeBase="D:\actions-runner\_work\XPCO\XPCO\Corporate\CommonAPI\VideoOS.Management.VmoClient.UnitTests\bin\Debug\net472\VideoOS.Management.VmoClient.UnitTests.dll" adapterTypeName="executor://mstestadapter/v2" className="VideoOS.Management.VmoClient.UnitTests.PatrollingProfileTest" name="PatrollingProfile_InsertStepFirst_Create_PatrollingStep_Position" />
    </UnitTest>
    <UnitTest name="Construct_Credentials_AllowUnsecure_ForceLegacy_Success" storage="d:\actions-runner\_work\xpco\xpco\corporate\commonapi\videoos.management.vmoclient.unittests\bin\debug\net472\videoos.management.vmoclient.unittests.dll" id="96eb4e0c-1d26-4061-6cc8-97843949af2c">
      <TestCategory>
        <TestCategoryItem TestCategory="Vmo Site Connection Tests" />
      </TestCategory>
      <Execution id="ad9df276-d7d1-4049-a067-ff11c663becb" />
      <TestMethod codeBase="D:\actions-runner\_work\XPCO\XPCO\Corporate\CommonAPI\VideoOS.Management.VmoClient.UnitTests\bin\Debug\net472\VideoOS.Management.VmoClient.UnitTests.dll" adapterTypeName="executor://mstestadapter/v2" className="VideoOS.Management.VmoClient.UnitTests.Connection.SiteConnectionInfoWindowsTests" name="Construct_Credentials_AllowUnsecure_ForceLegacy_Success" />
    </UnitTest>
    <UnitTest name="ArchiveStorage_Undo_IsDirty_Schedule" storage="d:\actions-runner\_work\xpco\xpco\corporate\commonapi\videoos.management.vmoclient.unittests\bin\debug\net472\videoos.management.vmoclient.unittests.dll" id="a7e854b3-ad0c-30c9-739e-808a4e52d5c7">
      <Execution id="72151566-d1ba-42da-90e5-f2de649da318" />
      <TestMethod codeBase="D:\actions-runner\_work\XPCO\XPCO\Corporate\CommonAPI\VideoOS.Management.VmoClient.UnitTests\bin\Debug\net472\VideoOS.Management.VmoClient.UnitTests.dll" adapterTypeName="executor://mstestadapter/v2" className="VideoOS.Management.VmoClient.UnitTests.ArchiveStorageTest" name="ArchiveStorage_Undo_IsDirty_Schedule" />
    </UnitTest>
    <UnitTest name="RuleSource_Constructor_CheckForVersion_7_0_and_throws" storage="d:\actions-runner\_work\xpco\xpco\corporate\commonapi\videoos.management.vmoclient.unittests\bin\debug\net472\videoos.management.vmoclient.unittests.dll" id="a8b2ad7f-d16a-06bb-ce68-4f9c44900dc6">
      <Execution id="a71d4fb5-99c7-4b2a-be65-6f1bf946d686" />
      <TestMethod codeBase="D:\actions-runner\_work\XPCO\XPCO\Corporate\CommonAPI\VideoOS.Management.VmoClient.UnitTests\bin\Debug\net472\VideoOS.Management.VmoClient.UnitTests.dll" adapterTypeName="executor://mstestadapter/v2" className="VideoOS.Management.VmoClient.UnitTests.RuleSourceTest" name="RuleSource_Constructor_CheckForVersion_7_0_and_throws" />
    </UnitTest>
    <UnitTest name="BasicUser_Change_Password_Success" storage="d:\actions-runner\_work\xpco\xpco\corporate\commonapi\videoos.management.vmoclient.unittests\bin\debug\net472\videoos.management.vmoclient.unittests.dll" id="6f80ac3e-eac4-eeb8-eaa8-93987001cc45">
      <Execution id="a0c975c2-19f6-4889-8841-6a38cc004f1b" />
      <TestMethod codeBase="D:\actions-runner\_work\XPCO\XPCO\Corporate\CommonAPI\VideoOS.Management.VmoClient.UnitTests\bin\Debug\net472\VideoOS.Management.VmoClient.UnitTests.dll" adapterTypeName="executor://mstestadapter/v2" className="VideoOS.Management.VmoClient.UnitTests.BasicUserTest" name="BasicUser_Change_Password_Success" />
    </UnitTest>
    <UnitTest name="ServerVersionConstructor_NegativeMajor_Failure" storage="d:\actions-runner\_work\xpco\xpco\corporate\commonapi\videoos.management.vmoclient.unittests\bin\debug\net472\videoos.management.vmoclient.unittests.dll" id="991a207f-8218-8e85-a46c-6261735a3316">
      <TestCategory>
        <TestCategoryItem TestCategory="Server Version" />
      </TestCategory>
      <Execution id="261ff5a3-9a52-4fc8-b394-6de4a1f97fab" />
      <TestMethod codeBase="D:\actions-runner\_work\XPCO\XPCO\Corporate\CommonAPI\VideoOS.Management.VmoClient.UnitTests\bin\Debug\net472\VideoOS.Management.VmoClient.UnitTests.dll" adapterTypeName="executor://mstestadapter/v2" className="VideoOS.Management.VmoClient.Tests.ServerVersionTests" name="ServerVersionConstructor_NegativeMajor_Failure" />
    </UnitTest>
    <UnitTest name="GetSiteConnectionResultTokenExchange_NullInput_Throws" storage="d:\actions-runner\_work\xpco\xpco\corporate\commonapi\videoos.management.vmoclient.unittests\bin\debug\net472\videoos.management.vmoclient.unittests.dll" id="3661ba45-91b7-bddd-f619-009a609052d9">
      <TestCategory>
        <TestCategoryItem TestCategory="Vmo Site Connection Tests" />
      </TestCategory>
      <Execution id="85289fcd-ff71-44b1-a346-6a362594b552" />
      <TestMethod codeBase="D:\actions-runner\_work\XPCO\XPCO\Corporate\CommonAPI\VideoOS.Management.VmoClient.UnitTests\bin\Debug\net472\VideoOS.Management.VmoClient.UnitTests.dll" adapterTypeName="executor://mstestadapter/v2" className="VideoOS.Management.VmoClient.UnitTests.SiteConnectorOAuthTest" name="GetSiteConnectionResultTokenExchange_NullInput_Throws" />
    </UnitTest>
    <UnitTest name="ManagementServer_RefreshLicenseCache_Before_v133_NotSupported" storage="d:\actions-runner\_work\xpco\xpco\corporate\commonapi\videoos.management.vmoclient.unittests\bin\debug\net472\videoos.management.vmoclient.unittests.dll" id="46b522aa-ca89-4fe7-ec76-8cae48a8ed03">
      <Execution id="49199bf2-f30e-4dac-a059-7b2e33e2f56d" />
      <TestMethod codeBase="D:\actions-runner\_work\XPCO\XPCO\Corporate\CommonAPI\VideoOS.Management.VmoClient.UnitTests\bin\Debug\net472\VideoOS.Management.VmoClient.UnitTests.dll" adapterTypeName="executor://mstestadapter/v2" className="VideoOS.Management.VmoClient.UnitTests.ManagementServerTest" name="ManagementServer_RefreshLicenseCache_Before_v133_NotSupported" />
    </UnitTest>
    <UnitTest name="TryConnect_GivenSuccess_ShouldReturnVmoClient" storage="d:\actions-runner\_work\xpco\xpco\corporate\commonapi\videoos.management.vmoclient.unittests\bin\debug\net472\videoos.management.vmoclient.unittests.dll" id="0d1a5cb9-1901-53db-c399-c908262a6a8d">
      <Execution id="6c85d493-5711-4812-8df5-8ce7d8965ef5" />
      <TestMethod codeBase="D:\actions-runner\_work\XPCO\XPCO\Corporate\CommonAPI\VideoOS.Management.VmoClient.UnitTests\bin\Debug\net472\VideoOS.Management.VmoClient.UnitTests.dll" adapterTypeName="executor://mstestadapter/v2" className="VideoOS.Management.VmoClient.UnitTests.SiteVmoConnectorTests" name="TryConnect_GivenSuccess_ShouldReturnVmoClient" />
    </UnitTest>
    <UnitTest name="Construct_AllowUnsecure_DoNotForceLegacy_Success" storage="d:\actions-runner\_work\xpco\xpco\corporate\commonapi\videoos.management.vmoclient.unittests\bin\debug\net472\videoos.management.vmoclient.unittests.dll" id="ac768ee7-b9a1-a822-a15e-d21c960fee16">
      <TestCategory>
        <TestCategoryItem TestCategory="Vmo Site Connection Tests" />
      </TestCategory>
      <Execution id="181beaf5-07df-4faa-890c-a68fc63e9262" />
      <TestMethod codeBase="D:\actions-runner\_work\XPCO\XPCO\Corporate\CommonAPI\VideoOS.Management.VmoClient.UnitTests\bin\Debug\net472\VideoOS.Management.VmoClient.UnitTests.dll" adapterTypeName="executor://mstestadapter/v2" className="VideoOS.Management.VmoClient.UnitTests.Connection.SiteConnectionInfoWindowsTests" name="Construct_AllowUnsecure_DoNotForceLegacy_Success" />
    </UnitTest>
    <UnitTest name="PrivateViewGroup_Refresh_Success" storage="d:\actions-runner\_work\xpco\xpco\corporate\commonapi\videoos.management.vmoclient.unittests\bin\debug\net472\videoos.management.vmoclient.unittests.dll" id="3aa7df36-11fe-1cc4-e0ce-8bf81be0287a">
      <Execution id="02d23ba8-aebd-4415-a124-d4b495d3a263" />
      <TestMethod codeBase="D:\actions-runner\_work\XPCO\XPCO\Corporate\CommonAPI\VideoOS.Management.VmoClient.UnitTests\bin\Debug\net472\VideoOS.Management.VmoClient.UnitTests.dll" adapterTypeName="executor://mstestadapter/v2" className="VideoOS.Management.VmoClient.UnitTests.PrivateViewGroupTest" name="PrivateViewGroup_Refresh_Success" />
    </UnitTest>
    <UnitTest name="AxisOneClickCamera_Create_Success" storage="d:\actions-runner\_work\xpco\xpco\corporate\commonapi\videoos.management.vmoclient.unittests\bin\debug\net472\videoos.management.vmoclient.unittests.dll" id="cf1d76bd-7090-076c-6692-f1dc7942f270">
      <Execution id="579e9768-8eab-4ec8-a071-b5f965de32ed" />
      <TestMethod codeBase="D:\actions-runner\_work\XPCO\XPCO\Corporate\CommonAPI\VideoOS.Management.VmoClient.UnitTests\bin\Debug\net472\VideoOS.Management.VmoClient.UnitTests.dll" adapterTypeName="executor://mstestadapter/v2" className="VideoOS.Management.VmoClient.UnitTests.AxisOneClickCameraTest" name="AxisOneClickCamera_Create_Success" />
    </UnitTest>
    <UnitTest name="PrivateViewGroup_Repository_Registered" storage="d:\actions-runner\_work\xpco\xpco\corporate\commonapi\videoos.management.vmoclient.unittests\bin\debug\net472\videoos.management.vmoclient.unittests.dll" id="3389043b-e51f-9966-6a46-1df0f5e9e992">
      <Execution id="a6cf8025-abbf-4386-a98c-451ab1c46887" />
      <TestMethod codeBase="D:\actions-runner\_work\XPCO\XPCO\Corporate\CommonAPI\VideoOS.Management.VmoClient.UnitTests\bin\Debug\net472\VideoOS.Management.VmoClient.UnitTests.dll" adapterTypeName="executor://mstestadapter/v2" className="VideoOS.Management.VmoClient.UnitTests.PrivateViewGroupTest" name="PrivateViewGroup_Repository_Registered" />
    </UnitTest>
    <UnitTest name="BasicUser_Update_CheckVersionCalled" storage="d:\actions-runner\_work\xpco\xpco\corporate\commonapi\videoos.management.vmoclient.unittests\bin\debug\net472\videoos.management.vmoclient.unittests.dll" id="38e2ddd4-5f85-e174-be72-83671ff805af">
      <Execution id="fde75b46-d442-4a5e-a745-6dbe8e879331" />
      <TestMethod codeBase="D:\actions-runner\_work\XPCO\XPCO\Corporate\CommonAPI\VideoOS.Management.VmoClient.UnitTests\bin\Debug\net472\VideoOS.Management.VmoClient.UnitTests.dll" adapterTypeName="executor://mstestadapter/v2" className="VideoOS.Management.VmoClient.UnitTests.BasicUserTest" name="BasicUser_Update_CheckVersionCalled" />
    </UnitTest>
    <UnitTest name="ValidateSchemas_ISiteConnectionInfoBase_Null_Empty_Result" storage="d:\actions-runner\_work\xpco\xpco\corporate\commonapi\videoos.management.vmoclient.unittests\bin\debug\net472\videoos.management.vmoclient.unittests.dll" id="725da74e-2346-5830-4c52-cfe52338caef">
      <TestCategory>
        <TestCategoryItem TestCategory="Vmo Site Connection Tests" />
      </TestCategory>
      <Execution id="911f0630-a6c5-4957-b8da-4256c88eca74" />
      <TestMethod codeBase="D:\actions-runner\_work\XPCO\XPCO\Corporate\CommonAPI\VideoOS.Management.VmoClient.UnitTests\bin\Debug\net472\VideoOS.Management.VmoClient.UnitTests.dll" adapterTypeName="executor://mstestadapter/v2" className="VideoOS.Management.VmoClient.UnitTests.SiteAddressValidatorTest" name="ValidateSchemas_ISiteConnectionInfoBase_Null_Empty_Result" />
    </UnitTest>
    <UnitTest name="BasicOwnerInfo_Constructor_Name_Null_Check" storage="d:\actions-runner\_work\xpco\xpco\corporate\commonapi\videoos.management.vmoclient.unittests\bin\debug\net472\videoos.management.vmoclient.unittests.dll" id="e7efe658-69d3-442d-ec61-af51932cbb49">
      <Execution id="7cf8af58-7f01-4172-af2d-e0d9d828b01c" />
      <TestMethod codeBase="D:\actions-runner\_work\XPCO\XPCO\Corporate\CommonAPI\VideoOS.Management.VmoClient.UnitTests\bin\Debug\net472\VideoOS.Management.VmoClient.UnitTests.dll" adapterTypeName="executor://mstestadapter/v2" className="VideoOS.Management.VmoClient.UnitTests.BasicOwnerInfoTest" name="BasicOwnerInfo_Constructor_Name_Null_Check" />
    </UnitTest>
    <UnitTest name="RecordingServer_CustomProperties_CheckForVersion_7_0_and_throws" storage="d:\actions-runner\_work\xpco\xpco\corporate\commonapi\videoos.management.vmoclient.unittests\bin\debug\net472\videoos.management.vmoclient.unittests.dll" id="e0c9131b-164e-efd9-9c38-343bf3724bdf">
      <Execution id="59b4f39b-b0bd-4478-9253-8e1a7488ce2b" />
      <TestMethod codeBase="D:\actions-runner\_work\XPCO\XPCO\Corporate\CommonAPI\VideoOS.Management.VmoClient.UnitTests\bin\Debug\net472\VideoOS.Management.VmoClient.UnitTests.dll" adapterTypeName="executor://mstestadapter/v2" className="VideoOS.Management.VmoClient.UnitTests.RecordingServerTest" name="RecordingServer_CustomProperties_CheckForVersion_7_0_and_throws" />
    </UnitTest>
    <UnitTest name="Role_Add_Member_Check_Empty_Name" storage="d:\actions-runner\_work\xpco\xpco\corporate\commonapi\videoos.management.vmoclient.unittests\bin\debug\net472\videoos.management.vmoclient.unittests.dll" id="24aeb25f-b6c2-eb3a-e230-1fad8652d704">
      <Execution id="7ac7d10c-6b51-41b0-893b-0344c0bb5e0f" />
      <TestMethod codeBase="D:\actions-runner\_work\XPCO\XPCO\Corporate\CommonAPI\VideoOS.Management.VmoClient.UnitTests\bin\Debug\net472\VideoOS.Management.VmoClient.UnitTests.dll" adapterTypeName="executor://mstestadapter/v2" className="VideoOS.Management.VmoClient.UnitTests.RoleTest" name="Role_Add_Member_Check_Empty_Name" />
    </UnitTest>
    <UnitTest name="SunClockTimeProfile_Create_Success_Constructor" storage="d:\actions-runner\_work\xpco\xpco\corporate\commonapi\videoos.management.vmoclient.unittests\bin\debug\net472\videoos.management.vmoclient.unittests.dll" id="9a27e1bb-32db-df63-a1f2-721797c755e4">
      <Execution id="be60b5f7-3ed4-4a02-9770-2a9bddabbd11" />
      <TestMethod codeBase="D:\actions-runner\_work\XPCO\XPCO\Corporate\CommonAPI\VideoOS.Management.VmoClient.UnitTests\bin\Debug\net472\VideoOS.Management.VmoClient.UnitTests.dll" adapterTypeName="executor://mstestadapter/v2" className="VideoOS.Management.VmoClient.UnitTests.SunClockTimeProfileTest" name="SunClockTimeProfile_Create_Success_Constructor" />
    </UnitTest>
    <UnitTest name="ViewItem_Update_Success" storage="d:\actions-runner\_work\xpco\xpco\corporate\commonapi\videoos.management.vmoclient.unittests\bin\debug\net472\videoos.management.vmoclient.unittests.dll" id="4d978fde-d2e4-7575-3eed-9dc58ed9998c">
      <Execution id="e6d8d7f7-1246-4a18-9af5-922451637fd1" />
      <TestMethod codeBase="D:\actions-runner\_work\XPCO\XPCO\Corporate\CommonAPI\VideoOS.Management.VmoClient.UnitTests\bin\Debug\net472\VideoOS.Management.VmoClient.UnitTests.dll" adapterTypeName="executor://mstestadapter/v2" className="VideoOS.Management.VmoClient.UnitTests.ViewItemTest" name="ViewItem_Update_Success" />
    </UnitTest>
    <UnitTest name="GenericRepositoryTestCreateObject" storage="d:\actions-runner\_work\xpco\xpco\corporate\commonapi\videoos.management.vmoclient.unittests\bin\debug\net472\videoos.management.vmoclient.unittests.dll" id="0af3213e-059e-26ef-5d31-73b906060b62">
      <Execution id="cb8a17bb-a049-4512-ad1b-d6a29a2a92a2" />
      <TestMethod codeBase="D:\actions-runner\_work\XPCO\XPCO\Corporate\CommonAPI\VideoOS.Management.VmoClient.UnitTests\bin\Debug\net472\VideoOS.Management.VmoClient.UnitTests.dll" adapterTypeName="executor://mstestadapter/v2" className="VideoOS.Management.VmoClient.UnitTests.GenericRepositoryTest" name="GenericRepositoryTestCreateObject" />
    </UnitTest>
    <UnitTest name="Hardware_Driver_Version_Construct_Device_Pack_Driver3" storage="d:\actions-runner\_work\xpco\xpco\corporate\commonapi\videoos.management.vmoclient.unittests\bin\debug\net472\videoos.management.vmoclient.unittests.dll" id="71c415b8-c9ea-aeb7-723c-5122b9e2f843">
      <Execution id="ea09bb9f-d596-4287-97c0-fd25214d7ed3" />
      <TestMethod codeBase="D:\actions-runner\_work\XPCO\XPCO\Corporate\CommonAPI\VideoOS.Management.VmoClient.UnitTests\bin\Debug\net472\VideoOS.Management.VmoClient.UnitTests.dll" adapterTypeName="executor://mstestadapter/v2" className="VideoOS.Management.VmoClient.UnitTests.HardwareDriverVersionTest" name="Hardware_Driver_Version_Construct_Device_Pack_Driver3" />
    </UnitTest>
    <UnitTest name="MIPObjectGroup_Constructor_DefaultValuesCorrect" storage="d:\actions-runner\_work\xpco\xpco\corporate\commonapi\videoos.management.vmoclient.unittests\bin\debug\net472\videoos.management.vmoclient.unittests.dll" id="91f8128f-bf3b-28e3-f019-7c15bf28820b">
      <Execution id="ab034493-bc27-47ef-8a35-bfd1138e3bd4" />
      <TestMethod codeBase="D:\actions-runner\_work\XPCO\XPCO\Corporate\CommonAPI\VideoOS.Management.VmoClient.UnitTests\bin\Debug\net472\VideoOS.Management.VmoClient.UnitTests.dll" adapterTypeName="executor://mstestadapter/v2" className="VideoOS.Management.VmoClient.UnitTests.MIPObjectTest" name="MIPObjectGroup_Constructor_DefaultValuesCorrect" />
    </UnitTest>
    <UnitTest name="TaskMoveArchiveStorage_Refresh_Success" storage="d:\actions-runner\_work\xpco\xpco\corporate\commonapi\videoos.management.vmoclient.unittests\bin\debug\net472\videoos.management.vmoclient.unittests.dll" id="ebef56bb-4a93-6ee6-dc36-391fde0761f0">
      <Execution id="b2ae002d-c301-4ff0-8606-4eac874f801a" />
      <TestMethod codeBase="D:\actions-runner\_work\XPCO\XPCO\Corporate\CommonAPI\VideoOS.Management.VmoClient.UnitTests\bin\Debug\net472\VideoOS.Management.VmoClient.UnitTests.dll" adapterTypeName="executor://mstestadapter/v2" className="VideoOS.Management.VmoClient.UnitTests.TaskMoveArchiveStorageTest" name="TaskMoveArchiveStorage_Refresh_Success" />
    </UnitTest>
    <UnitTest name="ExceptionConverter_GetConnectionConvertedException_CommunicationException_Derived" storage="d:\actions-runner\_work\xpco\xpco\corporate\commonapi\videoos.management.vmoclient.unittests\bin\debug\net472\videoos.management.vmoclient.unittests.dll" id="e25121b3-b4d1-3721-64e9-8d8b5c315127">
      <Execution id="a01f4fa1-4f35-43ef-98c7-c8cb6b5c8c75" />
      <TestMethod codeBase="D:\actions-runner\_work\XPCO\XPCO\Corporate\CommonAPI\VideoOS.Management.VmoClient.UnitTests\bin\Debug\net472\VideoOS.Management.VmoClient.UnitTests.dll" adapterTypeName="executor://mstestadapter/v2" className="VideoOS.Management.VmoClient.UnitTests.Utils.ExceptionConverterTest" name="ExceptionConverter_GetConnectionConvertedException_CommunicationException_Derived" />
    </UnitTest>
    <UnitTest name="RuleSource_Create_CheckVersionCalled" storage="d:\actions-runner\_work\xpco\xpco\corporate\commonapi\videoos.management.vmoclient.unittests\bin\debug\net472\videoos.management.vmoclient.unittests.dll" id="5800465d-46a5-5773-cf9a-3a02d11bfc1d">
      <Execution id="6e7434a6-82ea-44cd-bf16-31570ccb4199" />
      <TestMethod codeBase="D:\actions-runner\_work\XPCO\XPCO\Corporate\CommonAPI\VideoOS.Management.VmoClient.UnitTests\bin\Debug\net472\VideoOS.Management.VmoClient.UnitTests.dll" adapterTypeName="executor://mstestadapter/v2" className="VideoOS.Management.VmoClient.UnitTests.RuleSourceTest" name="RuleSource_Create_CheckVersionCalled" />
    </UnitTest>
    <UnitTest name="Monitor_Refresh_Success" storage="d:\actions-runner\_work\xpco\xpco\corporate\commonapi\videoos.management.vmoclient.unittests\bin\debug\net472\videoos.management.vmoclient.unittests.dll" id="6eea6688-c562-2d57-43e8-db5123d547c4">
      <Execution id="5340afca-0276-4504-8091-be83e3501068" />
      <TestMethod codeBase="D:\actions-runner\_work\XPCO\XPCO\Corporate\CommonAPI\VideoOS.Management.VmoClient.UnitTests\bin\Debug\net472\VideoOS.Management.VmoClient.UnitTests.dll" adapterTypeName="executor://mstestadapter/v2" className="VideoOS.Management.VmoClient.UnitTests.MonitorTest" name="Monitor_Refresh_Success" />
    </UnitTest>
    <UnitTest name="GetSiteConnectionResult_GivenHttpAddresses_ShouldReturnFastestSucccess" storage="d:\actions-runner\_work\xpco\xpco\corporate\commonapi\videoos.management.vmoclient.unittests\bin\debug\net472\videoos.management.vmoclient.unittests.dll" id="dd74fdb8-50db-17b8-59ef-fa8a5d70c0e7">
      <Execution id="24e9b037-a5c4-45ac-9f19-614486256163" />
      <TestMethod codeBase="D:\actions-runner\_work\XPCO\XPCO\Corporate\CommonAPI\VideoOS.Management.VmoClient.UnitTests\bin\Debug\net472\VideoOS.Management.VmoClient.UnitTests.dll" adapterTypeName="executor://mstestadapter/v2" className="VideoOS.Management.VmoClient.UnitTests.SiteConnectorLegacyTests" name="GetSiteConnectionResult_GivenHttpAddresses_ShouldReturnFastestSucccess" />
    </UnitTest>
    <UnitTest name="ViewItem_Repository_Registered" storage="d:\actions-runner\_work\xpco\xpco\corporate\commonapi\videoos.management.vmoclient.unittests\bin\debug\net472\videoos.management.vmoclient.unittests.dll" id="c94caaa0-3d95-fc6f-ccef-52f8da2c21a2">
      <Execution id="23c62da5-ee1d-4ca5-a76a-114f6394de8a" />
      <TestMethod codeBase="D:\actions-runner\_work\XPCO\XPCO\Corporate\CommonAPI\VideoOS.Management.VmoClient.UnitTests\bin\Debug\net472\VideoOS.Management.VmoClient.UnitTests.dll" adapterTypeName="executor://mstestadapter/v2" className="VideoOS.Management.VmoClient.UnitTests.ViewItemTest" name="ViewItem_Repository_Registered" />
    </UnitTest>
    <UnitTest name="Recorder_Repository_Registered" storage="d:\actions-runner\_work\xpco\xpco\corporate\commonapi\videoos.management.vmoclient.unittests\bin\debug\net472\videoos.management.vmoclient.unittests.dll" id="e9f1c1b3-1720-4319-f203-5b4b4c0ae31e">
      <Execution id="5a019fa3-a4cb-4301-8932-2e587d396dbd" />
      <TestMethod codeBase="D:\actions-runner\_work\XPCO\XPCO\Corporate\CommonAPI\VideoOS.Management.VmoClient.UnitTests\bin\Debug\net472\VideoOS.Management.VmoClient.UnitTests.dll" adapterTypeName="executor://mstestadapter/v2" className="VideoOS.Management.VmoClient.UnitTests.RecordingServerTest" name="Recorder_Repository_Registered" />
    </UnitTest>
    <UnitTest name="Role_Copy_Role_Check_Object_Created" storage="d:\actions-runner\_work\xpco\xpco\corporate\commonapi\videoos.management.vmoclient.unittests\bin\debug\net472\videoos.management.vmoclient.unittests.dll" id="0cdeff38-5fa8-db73-cd08-612bf167b15b">
      <Execution id="2512da25-5534-495b-b59c-b2ec50b10e53" />
      <TestMethod codeBase="D:\actions-runner\_work\XPCO\XPCO\Corporate\CommonAPI\VideoOS.Management.VmoClient.UnitTests\bin\Debug\net472\VideoOS.Management.VmoClient.UnitTests.dll" adapterTypeName="executor://mstestadapter/v2" className="VideoOS.Management.VmoClient.UnitTests.RoleTest" name="Role_Copy_Role_Check_Object_Created" />
    </UnitTest>
    <UnitTest name="GenericRepositoryTestGetObjectByIdsServerCalled" storage="d:\actions-runner\_work\xpco\xpco\corporate\commonapi\videoos.management.vmoclient.unittests\bin\debug\net472\videoos.management.vmoclient.unittests.dll" id="d2fb9de0-5e4f-ac12-aa83-8550f95e5a01">
      <Execution id="53086df8-1def-45ad-95d2-22d09cf343d0" />
      <TestMethod codeBase="D:\actions-runner\_work\XPCO\XPCO\Corporate\CommonAPI\VideoOS.Management.VmoClient.UnitTests\bin\Debug\net472\VideoOS.Management.VmoClient.UnitTests.dll" adapterTypeName="executor://mstestadapter/v2" className="VideoOS.Management.VmoClient.UnitTests.GenericRepositoryTest" name="GenericRepositoryTestGetObjectByIdsServerCalled" />
    </UnitTest>
    <UnitTest name="SystemDashboardConfiguration_Constructor_CheckForVersion_7_0_and_throws" storage="d:\actions-runner\_work\xpco\xpco\corporate\commonapi\videoos.management.vmoclient.unittests\bin\debug\net472\videoos.management.vmoclient.unittests.dll" id="4806cae8-8634-8ad0-07cf-c99145fe57aa">
      <Execution id="be25e7e1-3bb6-41f2-902b-88ab08b6699b" />
      <TestMethod codeBase="D:\actions-runner\_work\XPCO\XPCO\Corporate\CommonAPI\VideoOS.Management.VmoClient.UnitTests\bin\Debug\net472\VideoOS.Management.VmoClient.UnitTests.dll" adapterTypeName="executor://mstestadapter/v2" className="VideoOS.Management.VmoClient.UnitTests.SystemDashboardConfigTest" name="SystemDashboardConfiguration_Constructor_CheckForVersion_7_0_and_throws" />
    </UnitTest>
    <UnitTest name="FailoverServer_Refresh_Success" storage="d:\actions-runner\_work\xpco\xpco\corporate\commonapi\videoos.management.vmoclient.unittests\bin\debug\net472\videoos.management.vmoclient.unittests.dll" id="9f58e3bf-ac9c-8be5-958b-fc524fae0cfd">
      <Execution id="2925efb8-f107-476f-bf7d-f095ceb4bc3d" />
      <TestMethod codeBase="D:\actions-runner\_work\XPCO\XPCO\Corporate\CommonAPI\VideoOS.Management.VmoClient.UnitTests\bin\Debug\net472\VideoOS.Management.VmoClient.UnitTests.dll" adapterTypeName="executor://mstestadapter/v2" className="VideoOS.Management.VmoClient.UnitTests.FailoverServerTest" name="FailoverServer_Refresh_Success" />
    </UnitTest>
    <UnitTest name="CameraDevice_RequestEdgeStorageRetrieval_Fail_NotSupported" storage="d:\actions-runner\_work\xpco\xpco\corporate\commonapi\videoos.management.vmoclient.unittests\bin\debug\net472\videoos.management.vmoclient.unittests.dll" id="ef727d84-0446-236e-df91-a9083a3b0329">
      <Execution id="4d2b5eff-0f90-420d-a8a9-e012b56a94a4" />
      <TestMethod codeBase="D:\actions-runner\_work\XPCO\XPCO\Corporate\CommonAPI\VideoOS.Management.VmoClient.UnitTests\bin\Debug\net472\VideoOS.Management.VmoClient.UnitTests.dll" adapterTypeName="executor://mstestadapter/v2" className="VideoOS.Management.VmoClient.UnitTests.CameraDeviceTest" name="CameraDevice_RequestEdgeStorageRetrieval_Fail_NotSupported" />
    </UnitTest>
    <UnitTest name="MIPObject_Refresh_Success" storage="d:\actions-runner\_work\xpco\xpco\corporate\commonapi\videoos.management.vmoclient.unittests\bin\debug\net472\videoos.management.vmoclient.unittests.dll" id="066db0e8-7c2f-2450-7b03-19ea9406f013">
      <Execution id="7161dcae-4c70-4765-9024-4e7bdcf87813" />
      <TestMethod codeBase="D:\actions-runner\_work\XPCO\XPCO\Corporate\CommonAPI\VideoOS.Management.VmoClient.UnitTests\bin\Debug\net472\VideoOS.Management.VmoClient.UnitTests.dll" adapterTypeName="executor://mstestadapter/v2" className="VideoOS.Management.VmoClient.UnitTests.MIPObjectTest" name="MIPObject_Refresh_Success" />
    </UnitTest>
    <UnitTest name="AxisOneClickCamera_Update_Success" storage="d:\actions-runner\_work\xpco\xpco\corporate\commonapi\videoos.management.vmoclient.unittests\bin\debug\net472\videoos.management.vmoclient.unittests.dll" id="f1468078-d704-e46e-8b9b-dc06c9238da1">
      <Execution id="7c69beeb-f1db-4455-b072-9247870c0bde" />
      <TestMethod codeBase="D:\actions-runner\_work\XPCO\XPCO\Corporate\CommonAPI\VideoOS.Management.VmoClient.UnitTests\bin\Debug\net472\VideoOS.Management.VmoClient.UnitTests.dll" adapterTypeName="executor://mstestadapter/v2" className="VideoOS.Management.VmoClient.UnitTests.AxisOneClickCameraTest" name="AxisOneClickCamera_Update_Success" />
    </UnitTest>
    <UnitTest name="PublicViewGroup_Constructor_Name_Null_Check" storage="d:\actions-runner\_work\xpco\xpco\corporate\commonapi\videoos.management.vmoclient.unittests\bin\debug\net472\videoos.management.vmoclient.unittests.dll" id="578b66cf-7c0f-d4f3-e487-f16b179e6e14">
      <Execution id="88aca49f-64d7-4943-8d3a-98bd7a9afb7c" />
      <TestMethod codeBase="D:\actions-runner\_work\XPCO\XPCO\Corporate\CommonAPI\VideoOS.Management.VmoClient.UnitTests\bin\Debug\net472\VideoOS.Management.VmoClient.UnitTests.dll" adapterTypeName="executor://mstestadapter/v2" className="VideoOS.Management.VmoClient.UnitTests.PublicViewGroupTest" name="PublicViewGroup_Constructor_Name_Null_Check" />
    </UnitTest>
    <UnitTest name="RetentionOptionRoleRelation_Update_CheckVersionCalled" storage="d:\actions-runner\_work\xpco\xpco\corporate\commonapi\videoos.management.vmoclient.unittests\bin\debug\net472\videoos.management.vmoclient.unittests.dll" id="3171cdd5-293f-c248-7c47-d16494845ebd">
      <Execution id="ec81a040-cfeb-40c7-b54e-6dff997a823a" />
      <TestMethod codeBase="D:\actions-runner\_work\XPCO\XPCO\Corporate\CommonAPI\VideoOS.Management.VmoClient.UnitTests\bin\Debug\net472\VideoOS.Management.VmoClient.UnitTests.dll" adapterTypeName="executor://mstestadapter/v2" className="VideoOS.Management.VmoClient.UnitTests.RetentionOptionRoleRelationTest" name="RetentionOptionRoleRelation_Update_CheckVersionCalled" />
    </UnitTest>
    <UnitTest name="RecordingStorage_Get_Using_Devices_Success" storage="d:\actions-runner\_work\xpco\xpco\corporate\commonapi\videoos.management.vmoclient.unittests\bin\debug\net472\videoos.management.vmoclient.unittests.dll" id="0164cef1-95ba-6930-5c07-4c9c0b44555e">
      <Execution id="11bd4485-6dbb-4cc1-b972-68add6c1c6f7" />
      <TestMethod codeBase="D:\actions-runner\_work\XPCO\XPCO\Corporate\CommonAPI\VideoOS.Management.VmoClient.UnitTests\bin\Debug\net472\VideoOS.Management.VmoClient.UnitTests.dll" adapterTypeName="executor://mstestadapter/v2" className="VideoOS.Management.VmoClient.UnitTests.RecordingStorageTest" name="RecordingStorage_Get_Using_Devices_Success" />
    </UnitTest>
    <UnitTest name="GetSiteConnectionResult_GivenHttpsAddressInRegistryAndAllHttpsAddresses_ShouldFail" storage="d:\actions-runner\_work\xpco\xpco\corporate\commonapi\videoos.management.vmoclient.unittests\bin\debug\net472\videoos.management.vmoclient.unittests.dll" id="401a1f20-82fe-301f-debe-f547843d43dc">
      <Execution id="5cf512f2-e9c9-463e-8e03-1752dd3e61cb" />
      <TestMethod codeBase="D:\actions-runner\_work\XPCO\XPCO\Corporate\CommonAPI\VideoOS.Management.VmoClient.UnitTests\bin\Debug\net472\VideoOS.Management.VmoClient.UnitTests.dll" adapterTypeName="executor://mstestadapter/v2" className="VideoOS.Management.VmoClient.UnitTests.SiteConnectorLegacyTests" name="GetSiteConnectionResult_GivenHttpsAddressInRegistryAndAllHttpsAddresses_ShouldFail" />
    </UnitTest>
    <UnitTest name="ManagementServer_AttachChildSite_ArgumentException" storage="d:\actions-runner\_work\xpco\xpco\corporate\commonapi\videoos.management.vmoclient.unittests\bin\debug\net472\videoos.management.vmoclient.unittests.dll" id="d30d87eb-042e-a85c-750c-9fab31b27443">
      <Execution id="d1b40980-c2f4-41b3-92e3-947f628bb940" />
      <TestMethod codeBase="D:\actions-runner\_work\XPCO\XPCO\Corporate\CommonAPI\VideoOS.Management.VmoClient.UnitTests\bin\Debug\net472\VideoOS.Management.VmoClient.UnitTests.dll" adapterTypeName="executor://mstestadapter/v2" className="VideoOS.Management.VmoClient.UnitTests.ManagementServerTest" name="ManagementServer_AttachChildSite_ArgumentException" />
    </UnitTest>
    <UnitTest name="RecordingStorage_Get_Storage_Information_Failed_Not_Created" storage="d:\actions-runner\_work\xpco\xpco\corporate\commonapi\videoos.management.vmoclient.unittests\bin\debug\net472\videoos.management.vmoclient.unittests.dll" id="4987760f-7302-a52e-874a-cfbc41b706cf">
      <Execution id="93b83646-4a9d-4b01-824d-0e52d7459319" />
      <TestMethod codeBase="D:\actions-runner\_work\XPCO\XPCO\Corporate\CommonAPI\VideoOS.Management.VmoClient.UnitTests\bin\Debug\net472\VideoOS.Management.VmoClient.UnitTests.dll" adapterTypeName="executor://mstestadapter/v2" className="VideoOS.Management.VmoClient.UnitTests.RecordingStorageTest" name="RecordingStorage_Get_Storage_Information_Failed_Not_Created" />
    </UnitTest>
    <UnitTest name="RecordingStorage_Create_CheckVersionNotCalled" storage="d:\actions-runner\_work\xpco\xpco\corporate\commonapi\videoos.management.vmoclient.unittests\bin\debug\net472\videoos.management.vmoclient.unittests.dll" id="343b2b64-0be3-4bf7-adf7-59ae0dcb4692">
      <Execution id="1ca5023a-6e7c-46fb-a736-8381fae06ab5" />
      <TestMethod codeBase="D:\actions-runner\_work\XPCO\XPCO\Corporate\CommonAPI\VideoOS.Management.VmoClient.UnitTests\bin\Debug\net472\VideoOS.Management.VmoClient.UnitTests.dll" adapterTypeName="executor://mstestadapter/v2" className="VideoOS.Management.VmoClient.UnitTests.RecordingStorageTest" name="RecordingStorage_Create_CheckVersionNotCalled" />
    </UnitTest>
    <UnitTest name="ViewItem_Clear_Success" storage="d:\actions-runner\_work\xpco\xpco\corporate\commonapi\videoos.management.vmoclient.unittests\bin\debug\net472\videoos.management.vmoclient.unittests.dll" id="690cbf78-1a1d-a694-9528-0af1dedad634">
      <Execution id="6158c40b-c851-4e17-ad30-d8d07d5dc650" />
      <TestMethod codeBase="D:\actions-runner\_work\XPCO\XPCO\Corporate\CommonAPI\VideoOS.Management.VmoClient.UnitTests\bin\Debug\net472\VideoOS.Management.VmoClient.UnitTests.dll" adapterTypeName="executor://mstestadapter/v2" className="VideoOS.Management.VmoClient.UnitTests.ViewItemTest" name="ViewItem_Clear_Success" />
    </UnitTest>
    <UnitTest name="TaskRequestEdgeStorage_StartNew_CheckForVersion_6_0_and_throws" storage="d:\actions-runner\_work\xpco\xpco\corporate\commonapi\videoos.management.vmoclient.unittests\bin\debug\net472\videoos.management.vmoclient.unittests.dll" id="dcbbeaa9-e8e4-7fc4-4202-c31cfa0a2356">
      <Execution id="44bd8d86-d9d1-4222-88e6-5d0ba2b0bb66" />
      <TestMethod codeBase="D:\actions-runner\_work\XPCO\XPCO\Corporate\CommonAPI\VideoOS.Management.VmoClient.UnitTests\bin\Debug\net472\VideoOS.Management.VmoClient.UnitTests.dll" adapterTypeName="executor://mstestadapter/v2" className="VideoOS.Management.VmoClient.UnitTests.TaskRequestEdgeStorageTest" name="TaskRequestEdgeStorage_StartNew_CheckForVersion_6_0_and_throws" />
    </UnitTest>
    <UnitTest name="MIPDeviceEvent_Repository_Registered" storage="d:\actions-runner\_work\xpco\xpco\corporate\commonapi\videoos.management.vmoclient.unittests\bin\debug\net472\videoos.management.vmoclient.unittests.dll" id="a07fcde9-c61e-0639-2b44-52456ea11e7b">
      <Execution id="02cbc683-841f-4d6e-8ff4-05dd87df14d2" />
      <TestMethod codeBase="D:\actions-runner\_work\XPCO\XPCO\Corporate\CommonAPI\VideoOS.Management.VmoClient.UnitTests\bin\Debug\net472\VideoOS.Management.VmoClient.UnitTests.dll" adapterTypeName="executor://mstestadapter/v2" className="VideoOS.Management.VmoClient.UnitTests.MIPDeviceEventTest" name="MIPDeviceEvent_Repository_Registered" />
    </UnitTest>
    <UnitTest name="RuleSource_Create_Success" storage="d:\actions-runner\_work\xpco\xpco\corporate\commonapi\videoos.management.vmoclient.unittests\bin\debug\net472\videoos.management.vmoclient.unittests.dll" id="b76fa9ce-3932-58b8-1089-79062413d8f0">
      <Execution id="f2e4c9a9-d027-4644-b01a-f9ae9b3d5e0f" />
      <TestMethod codeBase="D:\actions-runner\_work\XPCO\XPCO\Corporate\CommonAPI\VideoOS.Management.VmoClient.UnitTests\bin\Debug\net472\VideoOS.Management.VmoClient.UnitTests.dll" adapterTypeName="executor://mstestadapter/v2" className="VideoOS.Management.VmoClient.UnitTests.RuleSourceTest" name="RuleSource_Create_Success" />
    </UnitTest>
    <UnitTest name="VideoWallPreset_Constructor_DefaultValuesCorrect" storage="d:\actions-runner\_work\xpco\xpco\corporate\commonapi\videoos.management.vmoclient.unittests\bin\debug\net472\videoos.management.vmoclient.unittests.dll" id="fc918322-f4bb-489c-e6f9-317234a62a30">
      <Execution id="a0ea6729-247e-4bed-b808-5a157aa70c00" />
      <TestMethod codeBase="D:\actions-runner\_work\XPCO\XPCO\Corporate\CommonAPI\VideoOS.Management.VmoClient.UnitTests\bin\Debug\net472\VideoOS.Management.VmoClient.UnitTests.dll" adapterTypeName="executor://mstestadapter/v2" className="VideoOS.Management.VmoClient.UnitTests.VideoWallPresetTest" name="VideoWallPreset_Constructor_DefaultValuesCorrect" />
    </UnitTest>
    <UnitTest name="PerformanceStateRuleConfiguration_IsCreated_Success" storage="d:\actions-runner\_work\xpco\xpco\corporate\commonapi\videoos.management.vmoclient.unittests\bin\debug\net472\videoos.management.vmoclient.unittests.dll" id="a4ed0c38-0862-ecfc-a696-dc15c911602c">
      <Execution id="b7b8fae4-231c-4f41-b42a-62c43b96e8fc" />
      <TestMethod codeBase="D:\actions-runner\_work\XPCO\XPCO\Corporate\CommonAPI\VideoOS.Management.VmoClient.UnitTests\bin\Debug\net472\VideoOS.Management.VmoClient.UnitTests.dll" adapterTypeName="executor://mstestadapter/v2" className="VideoOS.Management.VmoClient.UnitTests.PerformanceStateRuleConfigTest" name="PerformanceStateRuleConfiguration_IsCreated_Success" />
    </UnitTest>
    <UnitTest name="GenericRepositoryTestGetObjectByIdServerCalled" storage="d:\actions-runner\_work\xpco\xpco\corporate\commonapi\videoos.management.vmoclient.unittests\bin\debug\net472\videoos.management.vmoclient.unittests.dll" id="dbafdc1b-9898-eef4-0460-5a2eeb86c952">
      <Execution id="97295144-3583-462e-b1e4-cf40d3f3083e" />
      <TestMethod codeBase="D:\actions-runner\_work\XPCO\XPCO\Corporate\CommonAPI\VideoOS.Management.VmoClient.UnitTests\bin\Debug\net472\VideoOS.Management.VmoClient.UnitTests.dll" adapterTypeName="executor://mstestadapter/v2" className="VideoOS.Management.VmoClient.UnitTests.GenericRepositoryTest" name="GenericRepositoryTestGetObjectByIdServerCalled" />
    </UnitTest>
    <UnitTest name="Role_Enum_MembersExtended_Success" storage="d:\actions-runner\_work\xpco\xpco\corporate\commonapi\videoos.management.vmoclient.unittests\bin\debug\net472\videoos.management.vmoclient.unittests.dll" id="61fba1f4-ecd2-a747-23e6-e2296369ef48">
      <Execution id="1de427d3-3764-4548-80b4-e559e2bdbe08" />
      <TestMethod codeBase="D:\actions-runner\_work\XPCO\XPCO\Corporate\CommonAPI\VideoOS.Management.VmoClient.UnitTests\bin\Debug\net472\VideoOS.Management.VmoClient.UnitTests.dll" adapterTypeName="executor://mstestadapter/v2" className="VideoOS.Management.VmoClient.UnitTests.RoleTest" name="Role_Enum_MembersExtended_Success" />
    </UnitTest>
    <UnitTest name="Role_Add_Basic_User_Member_Check_User_Exists" storage="d:\actions-runner\_work\xpco\xpco\corporate\commonapi\videoos.management.vmoclient.unittests\bin\debug\net472\videoos.management.vmoclient.unittests.dll" id="70e36072-81c2-7190-db47-935bbfedb920">
      <Execution id="2317bc22-13bf-4e1a-a736-3e9ecbc13d96" />
      <TestMethod codeBase="D:\actions-runner\_work\XPCO\XPCO\Corporate\CommonAPI\VideoOS.Management.VmoClient.UnitTests\bin\Debug\net472\VideoOS.Management.VmoClient.UnitTests.dll" adapterTypeName="executor://mstestadapter/v2" className="VideoOS.Management.VmoClient.UnitTests.RoleTest" name="Role_Add_Basic_User_Member_Check_User_Exists" />
    </UnitTest>
    <UnitTest name="BasicOwnerInfo_Repository_Registered" storage="d:\actions-runner\_work\xpco\xpco\corporate\commonapi\videoos.management.vmoclient.unittests\bin\debug\net472\videoos.management.vmoclient.unittests.dll" id="3993f582-ab07-6b66-a956-017495c6b425">
      <Execution id="0f8941e9-8920-4686-9a43-38481eca0cd4" />
      <TestMethod codeBase="D:\actions-runner\_work\XPCO\XPCO\Corporate\CommonAPI\VideoOS.Management.VmoClient.UnitTests\bin\Debug\net472\VideoOS.Management.VmoClient.UnitTests.dll" adapterTypeName="executor://mstestadapter/v2" className="VideoOS.Management.VmoClient.UnitTests.BasicOwnerInfoTest" name="BasicOwnerInfo_Repository_Registered" />
    </UnitTest>
    <UnitTest name="ServerConnection_Constructor_Null_Password" storage="d:\actions-runner\_work\xpco\xpco\corporate\commonapi\videoos.management.vmoclient.unittests\bin\debug\net472\videoos.management.vmoclient.unittests.dll" id="3623f466-d4ac-1751-80f5-d2ef70422e3d">
      <TestCategory>
        <TestCategoryItem TestCategory="Vmo Site Connection Tests" />
      </TestCategory>
      <Execution id="61e479a0-b004-44d4-a7a3-5aeee52faf33" />
      <TestMethod codeBase="D:\actions-runner\_work\XPCO\XPCO\Corporate\CommonAPI\VideoOS.Management.VmoClient.UnitTests\bin\Debug\net472\VideoOS.Management.VmoClient.UnitTests.dll" adapterTypeName="executor://mstestadapter/v2" className="VideoOS.Management.VmoClient.UnitTests.Connection.ServerConnectionTest" name="ServerConnection_Constructor_Null_Password" />
    </UnitTest>
    <UnitTest name="CameraDevice_Repository_Registered" storage="d:\actions-runner\_work\xpco\xpco\corporate\commonapi\videoos.management.vmoclient.unittests\bin\debug\net472\videoos.management.vmoclient.unittests.dll" id="82f55bc6-3ab2-a6f7-27bf-31183dca4c25">
      <Execution id="986bab8c-9712-4abb-882c-834a03009151" />
      <TestMethod codeBase="D:\actions-runner\_work\XPCO\XPCO\Corporate\CommonAPI\VideoOS.Management.VmoClient.UnitTests\bin\Debug\net472\VideoOS.Management.VmoClient.UnitTests.dll" adapterTypeName="executor://mstestadapter/v2" className="VideoOS.Management.VmoClient.UnitTests.CameraDeviceTest" name="CameraDevice_Repository_Registered" />
    </UnitTest>
    <UnitTest name="Monitor_Delete_Success" storage="d:\actions-runner\_work\xpco\xpco\corporate\commonapi\videoos.management.vmoclient.unittests\bin\debug\net472\videoos.management.vmoclient.unittests.dll" id="c6cfc3cd-c751-0fb3-251a-e99db7d16f3b">
      <Execution id="539672d7-d810-44b2-b8c7-27a2f6ea9bd3" />
      <TestMethod codeBase="D:\actions-runner\_work\XPCO\XPCO\Corporate\CommonAPI\VideoOS.Management.VmoClient.UnitTests\bin\Debug\net472\VideoOS.Management.VmoClient.UnitTests.dll" adapterTypeName="executor://mstestadapter/v2" className="VideoOS.Management.VmoClient.UnitTests.MonitorTest" name="Monitor_Delete_Success" />
    </UnitTest>
    <UnitTest name="FailoverServerGroup_Delete_Failed" storage="d:\actions-runner\_work\xpco\xpco\corporate\commonapi\videoos.management.vmoclient.unittests\bin\debug\net472\videoos.management.vmoclient.unittests.dll" id="5c387d2c-df71-396e-fabc-f8fb7380fc52">
      <Execution id="da9d6a97-9422-4fe1-9a36-38368a2a85b0" />
      <TestMethod codeBase="D:\actions-runner\_work\XPCO\XPCO\Corporate\CommonAPI\VideoOS.Management.VmoClient.UnitTests\bin\Debug\net472\VideoOS.Management.VmoClient.UnitTests.dll" adapterTypeName="executor://mstestadapter/v2" className="VideoOS.Management.VmoClient.UnitTests.FailoverServerGroupTest" name="FailoverServerGroup_Delete_Failed" />
    </UnitTest>
    <UnitTest name="MIPDeviceEvent_Delete_Success" storage="d:\actions-runner\_work\xpco\xpco\corporate\commonapi\videoos.management.vmoclient.unittests\bin\debug\net472\videoos.management.vmoclient.unittests.dll" id="77c7e0b0-ebdf-3c04-24e4-82649849c9bf">
      <Execution id="40f9dffb-0373-4eeb-ae8d-9a314068aee1" />
      <TestMethod codeBase="D:\actions-runner\_work\XPCO\XPCO\Corporate\CommonAPI\VideoOS.Management.VmoClient.UnitTests\bin\Debug\net472\VideoOS.Management.VmoClient.UnitTests.dll" adapterTypeName="executor://mstestadapter/v2" className="VideoOS.Management.VmoClient.UnitTests.MIPDeviceEventTest" name="MIPDeviceEvent_Delete_Success" />
    </UnitTest>
    <UnitTest name="TryGetPropertyValue_Guid_EmptyString_ThrowsFormatException" storage="d:\actions-runner\_work\xpco\xpco\corporate\commonapi\videoos.management.vmoclient.unittests\bin\debug\net472\videoos.management.vmoclient.unittests.dll" id="1b818508-1e11-83dd-34ff-777ab01b676a">
      <Execution id="7b55d008-f5b8-4412-a61a-2869a4d16fb9" />
      <TestMethod codeBase="D:\actions-runner\_work\XPCO\XPCO\Corporate\CommonAPI\VideoOS.Management.VmoClient.UnitTests\bin\Debug\net472\VideoOS.Management.VmoClient.UnitTests.dll" adapterTypeName="executor://mstestadapter/v2" className="VideoOS.Management.VmoClient.UnitTests.Framework.VmoPropertyCollectionTest" name="TryGetPropertyValue_Guid_EmptyString_ThrowsFormatException" />
    </UnitTest>
    <UnitTest name="ExceptionConverter_GetConnectionConvertedException_MessageSecurityException_WithIdpInnerException" storage="d:\actions-runner\_work\xpco\xpco\corporate\commonapi\videoos.management.vmoclient.unittests\bin\debug\net472\videoos.management.vmoclient.unittests.dll" id="8adb5451-300e-1035-cfd7-2dbc14dbf050">
      <Execution id="d10b2e45-9f0b-451a-bcf0-be189f370335" />
      <TestMethod codeBase="D:\actions-runner\_work\XPCO\XPCO\Corporate\CommonAPI\VideoOS.Management.VmoClient.UnitTests\bin\Debug\net472\VideoOS.Management.VmoClient.UnitTests.dll" adapterTypeName="executor://mstestadapter/v2" className="VideoOS.Management.VmoClient.UnitTests.Utils.ExceptionConverterTest" name="ExceptionConverter_GetConnectionConvertedException_MessageSecurityException_WithIdpInnerException" />
    </UnitTest>
    <UnitTest name="Construct_Credentials_ValidInstance_Success" storage="d:\actions-runner\_work\xpco\xpco\corporate\commonapi\videoos.management.vmoclient.unittests\bin\debug\net472\videoos.management.vmoclient.unittests.dll" id="9c0e9757-d51c-1e1e-437e-30ab9c6fdc3d">
      <TestCategory>
        <TestCategoryItem TestCategory="Vmo Site Connection Tests" />
      </TestCategory>
      <Execution id="535df716-14b1-4036-bf9f-b68e78abcf11" />
      <TestMethod codeBase="D:\actions-runner\_work\XPCO\XPCO\Corporate\CommonAPI\VideoOS.Management.VmoClient.UnitTests\bin\Debug\net472\VideoOS.Management.VmoClient.UnitTests.dll" adapterTypeName="executor://mstestadapter/v2" className="VideoOS.Management.VmoClient.UnitTests.Connection.SiteConnectionInfoWindowsTests" name="Construct_Credentials_ValidInstance_Success" />
    </UnitTest>
    <UnitTest name="MetadataDeviceGroup_Refresh_Success" storage="d:\actions-runner\_work\xpco\xpco\corporate\commonapi\videoos.management.vmoclient.unittests\bin\debug\net472\videoos.management.vmoclient.unittests.dll" id="c5ea9001-faff-713a-6960-29bbe6404bb8">
      <Execution id="29e7e9a1-ac77-442a-8343-8c5bdaeb4e24" />
      <TestMethod codeBase="D:\actions-runner\_work\XPCO\XPCO\Corporate\CommonAPI\VideoOS.Management.VmoClient.UnitTests\bin\Debug\net472\VideoOS.Management.VmoClient.UnitTests.dll" adapterTypeName="executor://mstestadapter/v2" className="VideoOS.Management.VmoClient.UnitTests.DeviceGroupTest" name="MetadataDeviceGroup_Refresh_Success" />
    </UnitTest>
    <UnitTest name="CameraDevice_Update_NotSupported" storage="d:\actions-runner\_work\xpco\xpco\corporate\commonapi\videoos.management.vmoclient.unittests\bin\debug\net472\videoos.management.vmoclient.unittests.dll" id="f6a68fb8-1ea9-ecef-606f-0cd2ae03d268">
      <Execution id="876c007f-6791-44fd-9937-9b5a0346cdb6" />
      <TestMethod codeBase="D:\actions-runner\_work\XPCO\XPCO\Corporate\CommonAPI\VideoOS.Management.VmoClient.UnitTests\bin\Debug\net472\VideoOS.Management.VmoClient.UnitTests.dll" adapterTypeName="executor://mstestadapter/v2" className="VideoOS.Management.VmoClient.UnitTests.CameraDeviceTest" name="CameraDevice_Update_NotSupported" />
    </UnitTest>
    <UnitTest name="GenericRepositoryTestGetObjectByIdRefreshCache" storage="d:\actions-runner\_work\xpco\xpco\corporate\commonapi\videoos.management.vmoclient.unittests\bin\debug\net472\videoos.management.vmoclient.unittests.dll" id="4eb7a735-cb75-4247-7c48-62ad82d6a9cb">
      <Execution id="158c544a-9036-4c15-a0fd-731826b5bec7" />
      <TestMethod codeBase="D:\actions-runner\_work\XPCO\XPCO\Corporate\CommonAPI\VideoOS.Management.VmoClient.UnitTests\bin\Debug\net472\VideoOS.Management.VmoClient.UnitTests.dll" adapterTypeName="executor://mstestadapter/v2" className="VideoOS.Management.VmoClient.UnitTests.GenericRepositoryTest" name="GenericRepositoryTestGetObjectByIdRefreshCache" />
    </UnitTest>
    <UnitTest name="RetentionOptionRoleRelation_Constructor_Property_Null_Check" storage="d:\actions-runner\_work\xpco\xpco\corporate\commonapi\videoos.management.vmoclient.unittests\bin\debug\net472\videoos.management.vmoclient.unittests.dll" id="4dc71277-993b-f2e8-9fe2-1d9087352aa3">
      <Execution id="df6cc4c0-1876-4b5e-822b-c0735eec9c42" />
      <TestMethod codeBase="D:\actions-runner\_work\XPCO\XPCO\Corporate\CommonAPI\VideoOS.Management.VmoClient.UnitTests\bin\Debug\net472\VideoOS.Management.VmoClient.UnitTests.dll" adapterTypeName="executor://mstestadapter/v2" className="VideoOS.Management.VmoClient.UnitTests.RetentionOptionRoleRelationTest" name="RetentionOptionRoleRelation_Constructor_Property_Null_Check" />
    </UnitTest>
    <UnitTest name="SpeakerDevice_Repository_Registered" storage="d:\actions-runner\_work\xpco\xpco\corporate\commonapi\videoos.management.vmoclient.unittests\bin\debug\net472\videoos.management.vmoclient.unittests.dll" id="562c91ce-558a-6235-594f-9dd29fb2762c">
      <Execution id="20c34cf6-d3cd-4b29-8dde-941f6d40f00d" />
      <TestMethod codeBase="D:\actions-runner\_work\XPCO\XPCO\Corporate\CommonAPI\VideoOS.Management.VmoClient.UnitTests\bin\Debug\net472\VideoOS.Management.VmoClient.UnitTests.dll" adapterTypeName="executor://mstestadapter/v2" className="VideoOS.Management.VmoClient.UnitTests.SpeakerDeviceTest" name="SpeakerDevice_Repository_Registered" />
    </UnitTest>
    <UnitTest name="PatrollingProfile_InsertStepFirst_Create_PatrollingStep_Default" storage="d:\actions-runner\_work\xpco\xpco\corporate\commonapi\videoos.management.vmoclient.unittests\bin\debug\net472\videoos.management.vmoclient.unittests.dll" id="4257a0ea-891d-1bd7-bbc5-e7f7415f87d3">
      <TestCategory>
        <TestCategoryItem TestCategory="Patrolling Profile" />
      </TestCategory>
      <Execution id="059bfc62-0815-4b3e-83fd-5d090ff63381" />
      <TestMethod codeBase="D:\actions-runner\_work\XPCO\XPCO\Corporate\CommonAPI\VideoOS.Management.VmoClient.UnitTests\bin\Debug\net472\VideoOS.Management.VmoClient.UnitTests.dll" adapterTypeName="executor://mstestadapter/v2" className="VideoOS.Management.VmoClient.UnitTests.PatrollingProfileTest" name="PatrollingProfile_InsertStepFirst_Create_PatrollingStep_Default" />
    </UnitTest>
    <UnitTest name="TrustedIssuer_Update_Success" storage="d:\actions-runner\_work\xpco\xpco\corporate\commonapi\videoos.management.vmoclient.unittests\bin\debug\net472\videoos.management.vmoclient.unittests.dll" id="197baa87-69c6-9254-8ebc-832756747901">
      <Execution id="7ed9b910-aa87-421c-9c2e-72193b84732b" />
      <TestMethod codeBase="D:\actions-runner\_work\XPCO\XPCO\Corporate\CommonAPI\VideoOS.Management.VmoClient.UnitTests\bin\Debug\net472\VideoOS.Management.VmoClient.UnitTests.dll" adapterTypeName="executor://mstestadapter/v2" className="VideoOS.Management.VmoClient.UnitTests.TrustedIssuerTest" name="TrustedIssuer_Update_Success" />
    </UnitTest>
    <UnitTest name="ArchiveStorage_Delete_Success" storage="d:\actions-runner\_work\xpco\xpco\corporate\commonapi\videoos.management.vmoclient.unittests\bin\debug\net472\videoos.management.vmoclient.unittests.dll" id="fee2ed2c-cc88-8403-cc84-518da17c5c01">
      <Execution id="2da34c8c-48b3-4f09-a42b-11c35cb7f273" />
      <TestMethod codeBase="D:\actions-runner\_work\XPCO\XPCO\Corporate\CommonAPI\VideoOS.Management.VmoClient.UnitTests\bin\Debug\net472\VideoOS.Management.VmoClient.UnitTests.dll" adapterTypeName="executor://mstestadapter/v2" className="VideoOS.Management.VmoClient.UnitTests.ArchiveStorageTest" name="ArchiveStorage_Delete_Success" />
    </UnitTest>
    <UnitTest name="MIPDeviceEvent_Create_Success" storage="d:\actions-runner\_work\xpco\xpco\corporate\commonapi\videoos.management.vmoclient.unittests\bin\debug\net472\videoos.management.vmoclient.unittests.dll" id="70aae99a-6b7c-87f8-e77e-e87c4ee8f965">
      <Execution id="d20b5e3c-a566-4384-840d-f4f0099150a1" />
      <TestMethod codeBase="D:\actions-runner\_work\XPCO\XPCO\Corporate\CommonAPI\VideoOS.Management.VmoClient.UnitTests\bin\Debug\net472\VideoOS.Management.VmoClient.UnitTests.dll" adapterTypeName="executor://mstestadapter/v2" className="VideoOS.Management.VmoClient.UnitTests.MIPDeviceEventTest" name="MIPDeviceEvent_Create_Success" />
    </UnitTest>
    <UnitTest name="Management_Refresh_Success" storage="d:\actions-runner\_work\xpco\xpco\corporate\commonapi\videoos.management.vmoclient.unittests\bin\debug\net472\videoos.management.vmoclient.unittests.dll" id="dda735d1-04db-3037-b385-6b7e0e70d7ee">
      <Execution id="7f22059a-1bf2-402d-b531-fec304812384" />
      <TestMethod codeBase="D:\actions-runner\_work\XPCO\XPCO\Corporate\CommonAPI\VideoOS.Management.VmoClient.UnitTests\bin\Debug\net472\VideoOS.Management.VmoClient.UnitTests.dll" adapterTypeName="executor://mstestadapter/v2" className="VideoOS.Management.VmoClient.UnitTests.ManagementServerTest" name="Management_Refresh_Success" />
    </UnitTest>
    <UnitTest name="ManagementServer_DetachChildSite_NonChild_ArgumentException" storage="d:\actions-runner\_work\xpco\xpco\corporate\commonapi\videoos.management.vmoclient.unittests\bin\debug\net472\videoos.management.vmoclient.unittests.dll" id="455c7ea6-44fe-ef1f-ec74-2e3bb517d295">
      <Execution id="97879362-0b53-4a3b-9d4b-8150df8a40a5" />
      <TestMethod codeBase="D:\actions-runner\_work\XPCO\XPCO\Corporate\CommonAPI\VideoOS.Management.VmoClient.UnitTests\bin\Debug\net472\VideoOS.Management.VmoClient.UnitTests.dll" adapterTypeName="executor://mstestadapter/v2" className="VideoOS.Management.VmoClient.UnitTests.ManagementServerTest" name="ManagementServer_DetachChildSite_NonChild_ArgumentException" />
    </UnitTest>
    <UnitTest name="SunClockTimeProfile_Refresh_Success" storage="d:\actions-runner\_work\xpco\xpco\corporate\commonapi\videoos.management.vmoclient.unittests\bin\debug\net472\videoos.management.vmoclient.unittests.dll" id="dc017a34-6942-f8ec-11c4-4b57c0a33f6b">
      <Execution id="dad9793f-4ac3-4726-9960-566c7f9c376c" />
      <TestMethod codeBase="D:\actions-runner\_work\XPCO\XPCO\Corporate\CommonAPI\VideoOS.Management.VmoClient.UnitTests\bin\Debug\net472\VideoOS.Management.VmoClient.UnitTests.dll" adapterTypeName="executor://mstestadapter/v2" className="VideoOS.Management.VmoClient.UnitTests.SunClockTimeProfileTest" name="SunClockTimeProfile_Refresh_Success" />
    </UnitTest>
    <UnitTest name="RuleSource_Refresh_Failed_Not_Created" storage="d:\actions-runner\_work\xpco\xpco\corporate\commonapi\videoos.management.vmoclient.unittests\bin\debug\net472\videoos.management.vmoclient.unittests.dll" id="cd56fb93-0eed-d776-b4a6-7b72246fd8a6">
      <Execution id="99a78a46-cf55-4489-8573-62569688b4fa" />
      <TestMethod codeBase="D:\actions-runner\_work\XPCO\XPCO\Corporate\CommonAPI\VideoOS.Management.VmoClient.UnitTests\bin\Debug\net472\VideoOS.Management.VmoClient.UnitTests.dll" adapterTypeName="executor://mstestadapter/v2" className="VideoOS.Management.VmoClient.UnitTests.RuleSourceTest" name="RuleSource_Refresh_Failed_Not_Created" />
    </UnitTest>
    <UnitTest name="ChildSite_Synchronize_NotCreated_InvalidOperationException" storage="d:\actions-runner\_work\xpco\xpco\corporate\commonapi\videoos.management.vmoclient.unittests\bin\debug\net472\videoos.management.vmoclient.unittests.dll" id="52987dea-b52d-f465-e0cb-edc918fc88d7">
      <Execution id="5a6cf541-d681-44c1-b92b-9b7cc29e5eff" />
      <TestMethod codeBase="D:\actions-runner\_work\XPCO\XPCO\Corporate\CommonAPI\VideoOS.Management.VmoClient.UnitTests\bin\Debug\net472\VideoOS.Management.VmoClient.UnitTests.dll" adapterTypeName="executor://mstestadapter/v2" className="VideoOS.Management.VmoClient.UnitTests.ChildSiteTest" name="ChildSite_Synchronize_NotCreated_InvalidOperationException" />
    </UnitTest>
    <UnitTest name="Hardware_ChangePassword_Deleted_Throws" storage="d:\actions-runner\_work\xpco\xpco\corporate\commonapi\videoos.management.vmoclient.unittests\bin\debug\net472\videoos.management.vmoclient.unittests.dll" id="2c0839de-ff81-2b83-f3c2-eaf0dc01b659">
      <Execution id="5e92c1fc-b949-47d6-88b7-ff8a6d2dad7e" />
      <TestMethod codeBase="D:\actions-runner\_work\XPCO\XPCO\Corporate\CommonAPI\VideoOS.Management.VmoClient.UnitTests\bin\Debug\net472\VideoOS.Management.VmoClient.UnitTests.dll" adapterTypeName="executor://mstestadapter/v2" className="VideoOS.Management.VmoClient.UnitTests.HardwareTest" name="Hardware_ChangePassword_Deleted_Throws" />
    </UnitTest>
    <UnitTest name="AxisOneClickCamera_Constructor_DefaultValuesCorrect" storage="d:\actions-runner\_work\xpco\xpco\corporate\commonapi\videoos.management.vmoclient.unittests\bin\debug\net472\videoos.management.vmoclient.unittests.dll" id="03c3979f-1540-1292-3feb-1eb1dca1645f">
      <Execution id="96376452-317d-41e8-be8c-6650f30cd09b" />
      <TestMethod codeBase="D:\actions-runner\_work\XPCO\XPCO\Corporate\CommonAPI\VideoOS.Management.VmoClient.UnitTests\bin\Debug\net472\VideoOS.Management.VmoClient.UnitTests.dll" adapterTypeName="executor://mstestadapter/v2" className="VideoOS.Management.VmoClient.UnitTests.AxisOneClickCameraTest" name="AxisOneClickCamera_Constructor_DefaultValuesCorrect" />
    </UnitTest>
    <UnitTest name="ArchiveStorage_Enable_Framerate_Reduction_Success" storage="d:\actions-runner\_work\xpco\xpco\corporate\commonapi\videoos.management.vmoclient.unittests\bin\debug\net472\videoos.management.vmoclient.unittests.dll" id="fceb9d29-7da0-1e6c-c8a8-820c7f40d746">
      <Execution id="66f7f8e4-0b2a-464e-b5f6-307ab4aeb369" />
      <TestMethod codeBase="D:\actions-runner\_work\XPCO\XPCO\Corporate\CommonAPI\VideoOS.Management.VmoClient.UnitTests\bin\Debug\net472\VideoOS.Management.VmoClient.UnitTests.dll" adapterTypeName="executor://mstestadapter/v2" className="VideoOS.Management.VmoClient.UnitTests.ArchiveStorageTest" name="ArchiveStorage_Enable_Framerate_Reduction_Success" />
    </UnitTest>
    <UnitTest name="ProxyClientServiceBase_CallWithRetry_Retry_EndpointNotFoundException" storage="d:\actions-runner\_work\xpco\xpco\corporate\commonapi\videoos.management.vmoclient.unittests\bin\debug\net472\videoos.management.vmoclient.unittests.dll" id="afa616d9-414a-d726-c2ae-2716e8be02af">
      <Execution id="7b13192d-1383-4869-a947-629918fa30ee" />
      <TestMethod codeBase="D:\actions-runner\_work\XPCO\XPCO\Corporate\CommonAPI\VideoOS.Management.VmoClient.UnitTests\bin\Debug\net472\VideoOS.Management.VmoClient.UnitTests.dll" adapterTypeName="executor://mstestadapter/v2" className="VideoOS.Management.VmoClient.UnitTests.Framework.ProxyClientServiceBaseTest" name="ProxyClientServiceBase_CallWithRetry_Retry_EndpointNotFoundException" />
    </UnitTest>
    <UnitTest name="TryConnectLegacyAsUser_GivenBrokenServerConnection_ShouldDisposeAndReturnNull" storage="d:\actions-runner\_work\xpco\xpco\corporate\commonapi\videoos.management.vmoclient.unittests\bin\debug\net472\videoos.management.vmoclient.unittests.dll" id="ca57744d-4eec-5673-06cd-124c8e5c613d">
      <Execution id="14981652-8da6-4316-9394-cc9cd6c0e9fc" />
      <TestMethod codeBase="D:\actions-runner\_work\XPCO\XPCO\Corporate\CommonAPI\VideoOS.Management.VmoClient.UnitTests\bin\Debug\net472\VideoOS.Management.VmoClient.UnitTests.dll" adapterTypeName="executor://mstestadapter/v2" className="VideoOS.Management.VmoClient.UnitTests.SiteVmoConnectorTests" name="TryConnectLegacyAsUser_GivenBrokenServerConnection_ShouldDisposeAndReturnNull" />
    </UnitTest>
    <UnitTest name="GetIdpInfo_GivenAddressWithoutOAuthSupported_ShouldThrow" storage="d:\actions-runner\_work\xpco\xpco\corporate\commonapi\videoos.management.vmoclient.unittests\bin\debug\net472\videoos.management.vmoclient.unittests.dll" id="e1b655f7-192d-33c2-0a45-0074494ab772">
      <Execution id="b6366982-8394-4c03-93c3-74db33d9ea97" />
      <TestMethod codeBase="D:\actions-runner\_work\XPCO\XPCO\Corporate\CommonAPI\VideoOS.Management.VmoClient.UnitTests\bin\Debug\net472\VideoOS.Management.VmoClient.UnitTests.dll" adapterTypeName="executor://mstestadapter/v2" className="VideoOS.Management.VmoClient.UnitTests.SiteIdpConnectorTests" name="GetIdpInfo_GivenAddressWithoutOAuthSupported_ShouldThrow" />
    </UnitTest>
    <UnitTest name="RecordingStorage_Update_Success" storage="d:\actions-runner\_work\xpco\xpco\corporate\commonapi\videoos.management.vmoclient.unittests\bin\debug\net472\videoos.management.vmoclient.unittests.dll" id="1c3fd06c-4be6-237d-b5c9-1b78608b5943">
      <Execution id="24a5333d-b883-4b1d-b021-8392b27d719b" />
      <TestMethod codeBase="D:\actions-runner\_work\XPCO\XPCO\Corporate\CommonAPI\VideoOS.Management.VmoClient.UnitTests\bin\Debug\net472\VideoOS.Management.VmoClient.UnitTests.dll" adapterTypeName="executor://mstestadapter/v2" className="VideoOS.Management.VmoClient.UnitTests.RecordingStorageTest" name="RecordingStorage_Update_Success" />
    </UnitTest>
    <UnitTest name="CameraDevice_PrebufferInMemory_Before_v102_NotSupported" storage="d:\actions-runner\_work\xpco\xpco\corporate\commonapi\videoos.management.vmoclient.unittests\bin\debug\net472\videoos.management.vmoclient.unittests.dll" id="d33ba304-66b6-f88b-a31f-3dda70fdcb3b">
      <Execution id="c14e3399-3604-4dbb-aee2-f1dc09d32e35" />
      <TestMethod codeBase="D:\actions-runner\_work\XPCO\XPCO\Corporate\CommonAPI\VideoOS.Management.VmoClient.UnitTests\bin\Debug\net472\VideoOS.Management.VmoClient.UnitTests.dll" adapterTypeName="executor://mstestadapter/v2" className="VideoOS.Management.VmoClient.UnitTests.CameraDeviceTest" name="CameraDevice_PrebufferInMemory_Before_v102_NotSupported" />
    </UnitTest>
    <UnitTest name="AxisOneClickCamera_Repository_Registered" storage="d:\actions-runner\_work\xpco\xpco\corporate\commonapi\videoos.management.vmoclient.unittests\bin\debug\net472\videoos.management.vmoclient.unittests.dll" id="b775d07a-4cd6-b069-16d2-d61d8fe62088">
      <Execution id="3f19681b-a67f-443e-81cc-0a34648089d2" />
      <TestMethod codeBase="D:\actions-runner\_work\XPCO\XPCO\Corporate\CommonAPI\VideoOS.Management.VmoClient.UnitTests\bin\Debug\net472\VideoOS.Management.VmoClient.UnitTests.dll" adapterTypeName="executor://mstestadapter/v2" className="VideoOS.Management.VmoClient.UnitTests.AxisOneClickCameraTest" name="AxisOneClickCamera_Repository_Registered" />
    </UnitTest>
    <UnitTest name="MonitorPreset_Update_Success" storage="d:\actions-runner\_work\xpco\xpco\corporate\commonapi\videoos.management.vmoclient.unittests\bin\debug\net472\videoos.management.vmoclient.unittests.dll" id="49273068-e6d8-4813-444d-2ffb84d5db72">
      <Execution id="403704d9-ebdf-4df1-883e-8de7bf382416" />
      <TestMethod codeBase="D:\actions-runner\_work\XPCO\XPCO\Corporate\CommonAPI\VideoOS.Management.VmoClient.UnitTests\bin\Debug\net472\VideoOS.Management.VmoClient.UnitTests.dll" adapterTypeName="executor://mstestadapter/v2" className="VideoOS.Management.VmoClient.UnitTests.MonitorPresetTest" name="MonitorPreset_Update_Success" />
    </UnitTest>
    <UnitTest name="BasicOwnerInfo_Constructor_DefaultValuesCorrect" storage="d:\actions-runner\_work\xpco\xpco\corporate\commonapi\videoos.management.vmoclient.unittests\bin\debug\net472\videoos.management.vmoclient.unittests.dll" id="0507bcc1-e4fc-1936-fe78-283dd5cecc14">
      <Execution id="427d3c08-8813-4a92-ab17-6623c7ffc73a" />
      <TestMethod codeBase="D:\actions-runner\_work\XPCO\XPCO\Corporate\CommonAPI\VideoOS.Management.VmoClient.UnitTests\bin\Debug\net472\VideoOS.Management.VmoClient.UnitTests.dll" adapterTypeName="executor://mstestadapter/v2" className="VideoOS.Management.VmoClient.UnitTests.BasicOwnerInfoTest" name="BasicOwnerInfo_Constructor_DefaultValuesCorrect" />
    </UnitTest>
    <UnitTest name="Construct_InvalidParam_ISiteAddressCache_Null_Throws_ArgumentNullException" storage="d:\actions-runner\_work\xpco\xpco\corporate\commonapi\videoos.management.vmoclient.unittests\bin\debug\net472\videoos.management.vmoclient.unittests.dll" id="de740a7f-1805-ccbb-beb5-ab87db04a4da">
      <TestCategory>
        <TestCategoryItem TestCategory="Vmo Site Connection Tests" />
      </TestCategory>
      <Execution id="aa798e9d-c890-4928-b216-0917e274cbcb" />
      <TestMethod codeBase="D:\actions-runner\_work\XPCO\XPCO\Corporate\CommonAPI\VideoOS.Management.VmoClient.UnitTests\bin\Debug\net472\VideoOS.Management.VmoClient.UnitTests.dll" adapterTypeName="executor://mstestadapter/v2" className="VideoOS.Management.VmoClient.UnitTests.Connection.SiteConnectorFactoryTests" name="Construct_InvalidParam_ISiteAddressCache_Null_Throws_ArgumentNullException" />
    </UnitTest>
    <UnitTest name="TestGenericRepositoryFunctionsCorrectlyHandlesEmptyCollections" storage="d:\actions-runner\_work\xpco\xpco\corporate\commonapi\videoos.management.vmoclient.unittests\bin\debug\net472\videoos.management.vmoclient.unittests.dll" id="f286f172-7e8c-bc8d-99b5-b1e12f8b2bb3">
      <Execution id="359bd290-ee33-4d38-a5db-07d7e1eb7230" />
      <TestMethod codeBase="D:\actions-runner\_work\XPCO\XPCO\Corporate\CommonAPI\VideoOS.Management.VmoClient.UnitTests\bin\Debug\net472\VideoOS.Management.VmoClient.UnitTests.dll" adapterTypeName="executor://mstestadapter/v2" className="VideoOS.Management.VmoClient.UnitTests.GenericRepositoryTest" name="TestGenericRepositoryFunctionsCorrectlyHandlesEmptyCollections" />
    </UnitTest>
    <UnitTest name="PatrollingProfile_InsertStepLast_Create_PatrollingStep_Default" storage="d:\actions-runner\_work\xpco\xpco\corporate\commonapi\videoos.management.vmoclient.unittests\bin\debug\net472\videoos.management.vmoclient.unittests.dll" id="403a0570-0c5c-fce8-76b2-b5ee2a87100a">
      <TestCategory>
        <TestCategoryItem TestCategory="Patrolling Profile" />
      </TestCategory>
      <Execution id="5f4908dd-8f06-4714-a7e8-692a4acea2e5" />
      <TestMethod codeBase="D:\actions-runner\_work\XPCO\XPCO\Corporate\CommonAPI\VideoOS.Management.VmoClient.UnitTests\bin\Debug\net472\VideoOS.Management.VmoClient.UnitTests.dll" adapterTypeName="executor://mstestadapter/v2" className="VideoOS.Management.VmoClient.UnitTests.PatrollingProfileTest" name="PatrollingProfile_InsertStepLast_Create_PatrollingStep_Default" />
    </UnitTest>
    <UnitTest name="CameraDevice_RequestEdgeStorageRetrieval_Fail_When_Deleted" storage="d:\actions-runner\_work\xpco\xpco\corporate\commonapi\videoos.management.vmoclient.unittests\bin\debug\net472\videoos.management.vmoclient.unittests.dll" id="dbb49c07-debe-73ff-d467-5e80dec57b2c">
      <Execution id="b9af5f9c-9bcf-4546-8045-cc78f33a23c8" />
      <TestMethod codeBase="D:\actions-runner\_work\XPCO\XPCO\Corporate\CommonAPI\VideoOS.Management.VmoClient.UnitTests\bin\Debug\net472\VideoOS.Management.VmoClient.UnitTests.dll" adapterTypeName="executor://mstestadapter/v2" className="VideoOS.Management.VmoClient.UnitTests.CameraDeviceTest" name="CameraDevice_RequestEdgeStorageRetrieval_Fail_When_Deleted" />
    </UnitTest>
    <UnitTest name="Constructor_GivenNullSiteConnectorLegacy_ShouldThrow" storage="d:\actions-runner\_work\xpco\xpco\corporate\commonapi\videoos.management.vmoclient.unittests\bin\debug\net472\videoos.management.vmoclient.unittests.dll" id="c7e5d5e9-661c-276b-e145-65420ac61563">
      <Execution id="7e88f5fc-7ef6-4cfa-82b1-d51cbfbffb7f" />
      <TestMethod codeBase="D:\actions-runner\_work\XPCO\XPCO\Corporate\CommonAPI\VideoOS.Management.VmoClient.UnitTests\bin\Debug\net472\VideoOS.Management.VmoClient.UnitTests.dll" adapterTypeName="executor://mstestadapter/v2" className="VideoOS.Management.VmoClient.UnitTests.SiteConnectorTest" name="Constructor_GivenNullSiteConnectorLegacy_ShouldThrow" />
    </UnitTest>
    <UnitTest name="MIPAction_Delete_Success" storage="d:\actions-runner\_work\xpco\xpco\corporate\commonapi\videoos.management.vmoclient.unittests\bin\debug\net472\videoos.management.vmoclient.unittests.dll" id="a17ff5e3-f1d2-d696-57d7-c12b7744d935">
      <Execution id="36943d5c-b572-4896-a94c-3ad295c67ada" />
      <TestMethod codeBase="D:\actions-runner\_work\XPCO\XPCO\Corporate\CommonAPI\VideoOS.Management.VmoClient.UnitTests\bin\Debug\net472\VideoOS.Management.VmoClient.UnitTests.dll" adapterTypeName="executor://mstestadapter/v2" className="VideoOS.Management.VmoClient.UnitTests.MIPActionTest" name="MIPAction_Delete_Success" />
    </UnitTest>
    <UnitTest name="GetIdpInfo_GivenAddressAndCancellationRequest_ShouldCancel" storage="d:\actions-runner\_work\xpco\xpco\corporate\commonapi\videoos.management.vmoclient.unittests\bin\debug\net472\videoos.management.vmoclient.unittests.dll" id="05c947a0-95bd-ca71-a66e-7291db4595b9">
      <Execution id="2ff7c421-ba6a-4b20-b57a-9d965430d942" />
      <TestMethod codeBase="D:\actions-runner\_work\XPCO\XPCO\Corporate\CommonAPI\VideoOS.Management.VmoClient.UnitTests\bin\Debug\net472\VideoOS.Management.VmoClient.UnitTests.dll" adapterTypeName="executor://mstestadapter/v2" className="VideoOS.Management.VmoClient.UnitTests.SiteIdpConnectorTests" name="GetIdpInfo_GivenAddressAndCancellationRequest_ShouldCancel" />
    </UnitTest>
    <UnitTest name="BasicUser_Refresh_CheckVersionCalled" storage="d:\actions-runner\_work\xpco\xpco\corporate\commonapi\videoos.management.vmoclient.unittests\bin\debug\net472\videoos.management.vmoclient.unittests.dll" id="f7653ad6-d347-b69c-b224-cedc4fa0a6e0">
      <Execution id="fb0c390b-0295-4b01-a89d-38c0c4f72584" />
      <TestMethod codeBase="D:\actions-runner\_work\XPCO\XPCO\Corporate\CommonAPI\VideoOS.Management.VmoClient.UnitTests\bin\Debug\net472\VideoOS.Management.VmoClient.UnitTests.dll" adapterTypeName="executor://mstestadapter/v2" className="VideoOS.Management.VmoClient.UnitTests.BasicUserTest" name="BasicUser_Refresh_CheckVersionCalled" />
    </UnitTest>
    <UnitTest name="GenericRepositoryTestGetObjectFromCache" storage="d:\actions-runner\_work\xpco\xpco\corporate\commonapi\videoos.management.vmoclient.unittests\bin\debug\net472\videoos.management.vmoclient.unittests.dll" id="462588c4-f379-0c6a-74ed-ba455d85852e">
      <Execution id="381de37b-212a-4f14-93b2-e1bdf1ff0293" />
      <TestMethod codeBase="D:\actions-runner\_work\XPCO\XPCO\Corporate\CommonAPI\VideoOS.Management.VmoClient.UnitTests\bin\Debug\net472\VideoOS.Management.VmoClient.UnitTests.dll" adapterTypeName="executor://mstestadapter/v2" className="VideoOS.Management.VmoClient.UnitTests.GenericRepositoryTest" name="GenericRepositoryTestGetObjectFromCache" />
    </UnitTest>
    <UnitTest name="ServerConnection_Constructor_TokenCache_UseHttps" storage="d:\actions-runner\_work\xpco\xpco\corporate\commonapi\videoos.management.vmoclient.unittests\bin\debug\net472\videoos.management.vmoclient.unittests.dll" id="4ecdbed6-4bdb-5c2b-34a1-a0870150b3ae">
      <TestCategory>
        <TestCategoryItem TestCategory="Vmo Site Connection Tests" />
      </TestCategory>
      <Execution id="107a11f7-47d0-4a78-94b4-9c500200e5dc" />
      <TestMethod codeBase="D:\actions-runner\_work\XPCO\XPCO\Corporate\CommonAPI\VideoOS.Management.VmoClient.UnitTests\bin\Debug\net472\VideoOS.Management.VmoClient.UnitTests.dll" adapterTypeName="executor://mstestadapter/v2" className="VideoOS.Management.VmoClient.UnitTests.Connection.ServerConnectionTest" name="ServerConnection_Constructor_TokenCache_UseHttps" />
    </UnitTest>
    <UnitTest name="Hardware_Repository_Registered" storage="d:\actions-runner\_work\xpco\xpco\corporate\commonapi\videoos.management.vmoclient.unittests\bin\debug\net472\videoos.management.vmoclient.unittests.dll" id="5e64e319-d992-561d-8412-0461abee9d0b">
      <Execution id="2b4c3493-84f6-4f0f-bc79-b449a802419a" />
      <TestMethod codeBase="D:\actions-runner\_work\XPCO\XPCO\Corporate\CommonAPI\VideoOS.Management.VmoClient.UnitTests\bin\Debug\net472\VideoOS.Management.VmoClient.UnitTests.dll" adapterTypeName="executor://mstestadapter/v2" className="VideoOS.Management.VmoClient.UnitTests.HardwareTest" name="Hardware_Repository_Registered" />
    </UnitTest>
    <UnitTest name="ServerConnection_Copy" storage="d:\actions-runner\_work\xpco\xpco\corporate\commonapi\videoos.management.vmoclient.unittests\bin\debug\net472\videoos.management.vmoclient.unittests.dll" id="250ef372-dc6c-93f8-2f5c-4af7a713cf94">
      <TestCategory>
        <TestCategoryItem TestCategory="Vmo Site Connection Tests" />
      </TestCategory>
      <Execution id="cd473b62-fa83-4d7c-bb41-846b6f97a692" />
      <TestMethod codeBase="D:\actions-runner\_work\XPCO\XPCO\Corporate\CommonAPI\VideoOS.Management.VmoClient.UnitTests\bin\Debug\net472\VideoOS.Management.VmoClient.UnitTests.dll" adapterTypeName="executor://mstestadapter/v2" className="VideoOS.Management.VmoClient.UnitTests.Connection.ServerConnectionTest" name="ServerConnection_Copy" />
    </UnitTest>
    <UnitTest name="TaskArchiving_InternalCreate_Success" storage="d:\actions-runner\_work\xpco\xpco\corporate\commonapi\videoos.management.vmoclient.unittests\bin\debug\net472\videoos.management.vmoclient.unittests.dll" id="7d742982-add9-28eb-7559-102170fb1882">
      <Execution id="4aa39815-9e72-430c-9679-9473679eec7f" />
      <TestMethod codeBase="D:\actions-runner\_work\XPCO\XPCO\Corporate\CommonAPI\VideoOS.Management.VmoClient.UnitTests\bin\Debug\net472\VideoOS.Management.VmoClient.UnitTests.dll" adapterTypeName="executor://mstestadapter/v2" className="VideoOS.Management.VmoClient.UnitTests.TaskArchivingTest" name="TaskArchiving_InternalCreate_Success" />
    </UnitTest>
    <UnitTest name="GetSiteConnection_TokenExchange_GivenNull_ShouldThrow" storage="d:\actions-runner\_work\xpco\xpco\corporate\commonapi\videoos.management.vmoclient.unittests\bin\debug\net472\videoos.management.vmoclient.unittests.dll" id="aaeff64a-1245-4b01-fe37-e9fe35f38008">
      <Execution id="b352d0e3-73bb-471b-9a82-3434bcd143c6" />
      <TestMethod codeBase="D:\actions-runner\_work\XPCO\XPCO\Corporate\CommonAPI\VideoOS.Management.VmoClient.UnitTests\bin\Debug\net472\VideoOS.Management.VmoClient.UnitTests.dll" adapterTypeName="executor://mstestadapter/v2" className="VideoOS.Management.VmoClient.UnitTests.SiteConnectorTest" name="GetSiteConnection_TokenExchange_GivenNull_ShouldThrow" />
    </UnitTest>
    <UnitTest name="FailoverServer_Update_Failed" storage="d:\actions-runner\_work\xpco\xpco\corporate\commonapi\videoos.management.vmoclient.unittests\bin\debug\net472\videoos.management.vmoclient.unittests.dll" id="68266fb4-2736-ba71-a128-a9e39c1f393d">
      <Execution id="305eb1a5-681c-4e87-af2a-904bcd326723" />
      <TestMethod codeBase="D:\actions-runner\_work\XPCO\XPCO\Corporate\CommonAPI\VideoOS.Management.VmoClient.UnitTests\bin\Debug\net472\VideoOS.Management.VmoClient.UnitTests.dll" adapterTypeName="executor://mstestadapter/v2" className="VideoOS.Management.VmoClient.UnitTests.FailoverServerTest" name="FailoverServer_Update_Failed" />
    </UnitTest>
    <UnitTest name="BasicOwnerInfo_Update_CheckVersionCalled" storage="d:\actions-runner\_work\xpco\xpco\corporate\commonapi\videoos.management.vmoclient.unittests\bin\debug\net472\videoos.management.vmoclient.unittests.dll" id="e86b9db9-4670-4b28-7c8c-971e2f19065c">
      <Execution id="eae05f2b-2b5d-407c-82a9-f6eece1a7c25" />
      <TestMethod codeBase="D:\actions-runner\_work\XPCO\XPCO\Corporate\CommonAPI\VideoOS.Management.VmoClient.UnitTests\bin\Debug\net472\VideoOS.Management.VmoClient.UnitTests.dll" adapterTypeName="executor://mstestadapter/v2" className="VideoOS.Management.VmoClient.UnitTests.BasicOwnerInfoTest" name="BasicOwnerInfo_Update_CheckVersionCalled" />
    </UnitTest>
    <UnitTest name="RecordingStorage_Constructor_DefaultValuesCorrect" storage="d:\actions-runner\_work\xpco\xpco\corporate\commonapi\videoos.management.vmoclient.unittests\bin\debug\net472\videoos.management.vmoclient.unittests.dll" id="68c61d83-4cf3-ff70-7a7c-31b35c4affbf">
      <Execution id="ac6bd56c-17fb-443f-8b0f-bd8f5d6ce932" />
      <TestMethod codeBase="D:\actions-runner\_work\XPCO\XPCO\Corporate\CommonAPI\VideoOS.Management.VmoClient.UnitTests\bin\Debug\net472\VideoOS.Management.VmoClient.UnitTests.dll" adapterTypeName="executor://mstestadapter/v2" className="VideoOS.Management.VmoClient.UnitTests.RecordingStorageTest" name="RecordingStorage_Constructor_DefaultValuesCorrect" />
    </UnitTest>
    <UnitTest name="BasicOwnerInfo_Delete_Success" storage="d:\actions-runner\_work\xpco\xpco\corporate\commonapi\videoos.management.vmoclient.unittests\bin\debug\net472\videoos.management.vmoclient.unittests.dll" id="045e707a-1078-b7cb-3af0-c83024c5a95c">
      <Execution id="ad4f1378-1a6c-4ebd-923d-53bafe0ca6aa" />
      <TestMethod codeBase="D:\actions-runner\_work\XPCO\XPCO\Corporate\CommonAPI\VideoOS.Management.VmoClient.UnitTests\bin\Debug\net472\VideoOS.Management.VmoClient.UnitTests.dll" adapterTypeName="executor://mstestadapter/v2" className="VideoOS.Management.VmoClient.UnitTests.BasicOwnerInfoTest" name="BasicOwnerInfo_Delete_Success" />
    </UnitTest>
    <UnitTest name="ChildSite_UpdateCustomProperties_NotCreated_InvalidOperationException" storage="d:\actions-runner\_work\xpco\xpco\corporate\commonapi\videoos.management.vmoclient.unittests\bin\debug\net472\videoos.management.vmoclient.unittests.dll" id="2c38395a-4ae2-4ef1-d06a-e281e5a5ad81">
      <Execution id="2694db13-d1e1-445f-a2cb-1b9b83d17af7" />
      <TestMethod codeBase="D:\actions-runner\_work\XPCO\XPCO\Corporate\CommonAPI\VideoOS.Management.VmoClient.UnitTests\bin\Debug\net472\VideoOS.Management.VmoClient.UnitTests.dll" adapterTypeName="executor://mstestadapter/v2" className="VideoOS.Management.VmoClient.UnitTests.ChildSiteTest" name="ChildSite_UpdateCustomProperties_NotCreated_InvalidOperationException" />
    </UnitTest>
    <UnitTest name="RetentionOptionRoleRelation_Refresh_CheckVersionCalled" storage="d:\actions-runner\_work\xpco\xpco\corporate\commonapi\videoos.management.vmoclient.unittests\bin\debug\net472\videoos.management.vmoclient.unittests.dll" id="aa4067e8-b28a-52d2-8bdf-f8f50f58c26a">
      <Execution id="4d960320-041b-4a5f-8cd4-356d4cd7d50f" />
      <TestMethod codeBase="D:\actions-runner\_work\XPCO\XPCO\Corporate\CommonAPI\VideoOS.Management.VmoClient.UnitTests\bin\Debug\net472\VideoOS.Management.VmoClient.UnitTests.dll" adapterTypeName="executor://mstestadapter/v2" className="VideoOS.Management.VmoClient.UnitTests.RetentionOptionRoleRelationTest" name="RetentionOptionRoleRelation_Refresh_CheckVersionCalled" />
    </UnitTest>
    <UnitTest name="MIPObject_Create_Success" storage="d:\actions-runner\_work\xpco\xpco\corporate\commonapi\videoos.management.vmoclient.unittests\bin\debug\net472\videoos.management.vmoclient.unittests.dll" id="4cc3729f-2a03-8494-013d-7c52d12c167c">
      <Execution id="82229368-3a37-4755-ae47-0a0a6934d9a5" />
      <TestMethod codeBase="D:\actions-runner\_work\XPCO\XPCO\Corporate\CommonAPI\VideoOS.Management.VmoClient.UnitTests\bin\Debug\net472\VideoOS.Management.VmoClient.UnitTests.dll" adapterTypeName="executor://mstestadapter/v2" className="VideoOS.Management.VmoClient.UnitTests.MIPObjectTest" name="MIPObject_Create_Success" />
    </UnitTest>
    <UnitTest name="Grid_InsertSameRegion_NotInserted" storage="d:\actions-runner\_work\xpco\xpco\corporate\commonapi\videoos.management.vmoclient.unittests\bin\debug\net472\videoos.management.vmoclient.unittests.dll" id="4a4d9501-6b9c-d98c-f56b-97acb3a1a103">
      <TestCategory>
        <TestCategoryItem TestCategory="Grid" />
      </TestCategory>
      <Execution id="348f2c0b-6e59-4e10-9bb5-97b91d8a5092" />
      <TestMethod codeBase="D:\actions-runner\_work\XPCO\XPCO\Corporate\CommonAPI\VideoOS.Management.VmoClient.UnitTests\bin\Debug\net472\VideoOS.Management.VmoClient.UnitTests.dll" adapterTypeName="executor://mstestadapter/v2" className="VideoOS.Management.VmoClient.UnitTests.GridTest" name="Grid_InsertSameRegion_NotInserted" />
    </UnitTest>
    <UnitTest name="ServerVersionConstructor_Equals_Success" storage="d:\actions-runner\_work\xpco\xpco\corporate\commonapi\videoos.management.vmoclient.unittests\bin\debug\net472\videoos.management.vmoclient.unittests.dll" id="485b9188-c62d-b34d-a495-06f19d4b268e">
      <TestCategory>
        <TestCategoryItem TestCategory="Server Version" />
      </TestCategory>
      <Execution id="e39848e7-5e99-4b59-9a27-9588a5765fa3" />
      <TestMethod codeBase="D:\actions-runner\_work\XPCO\XPCO\Corporate\CommonAPI\VideoOS.Management.VmoClient.UnitTests\bin\Debug\net472\VideoOS.Management.VmoClient.UnitTests.dll" adapterTypeName="executor://mstestadapter/v2" className="VideoOS.Management.VmoClient.Tests.ServerVersionTests" name="ServerVersionConstructor_Equals_Success" />
    </UnitTest>
    <UnitTest name="InputDevice_Repository_Registered" storage="d:\actions-runner\_work\xpco\xpco\corporate\commonapi\videoos.management.vmoclient.unittests\bin\debug\net472\videoos.management.vmoclient.unittests.dll" id="8e5b3b2d-d576-7b21-70fc-c6981a8f9328">
      <Execution id="83658f26-d931-422b-8091-5022e313b1c4" />
      <TestMethod codeBase="D:\actions-runner\_work\XPCO\XPCO\Corporate\CommonAPI\VideoOS.Management.VmoClient.UnitTests\bin\Debug\net472\VideoOS.Management.VmoClient.UnitTests.dll" adapterTypeName="executor://mstestadapter/v2" className="VideoOS.Management.VmoClient.UnitTests.InputDeviceTest" name="InputDevice_Repository_Registered" />
    </UnitTest>
    <UnitTest name="Monitor_CreateWithId_CheckVersionNotCalled" storage="d:\actions-runner\_work\xpco\xpco\corporate\commonapi\videoos.management.vmoclient.unittests\bin\debug\net472\videoos.management.vmoclient.unittests.dll" id="8f54b6a8-45c1-5b67-46cd-96c92afde143">
      <Execution id="8c2a7661-bed3-45d6-938c-1e421057e2dc" />
      <TestMethod codeBase="D:\actions-runner\_work\XPCO\XPCO\Corporate\CommonAPI\VideoOS.Management.VmoClient.UnitTests\bin\Debug\net472\VideoOS.Management.VmoClient.UnitTests.dll" adapterTypeName="executor://mstestadapter/v2" className="VideoOS.Management.VmoClient.UnitTests.MonitorTest" name="Monitor_CreateWithId_CheckVersionNotCalled" />
    </UnitTest>
    <UnitTest name="CameraDeviceGroup_Refresh_Success" storage="d:\actions-runner\_work\xpco\xpco\corporate\commonapi\videoos.management.vmoclient.unittests\bin\debug\net472\videoos.management.vmoclient.unittests.dll" id="4399ec1d-2c9d-f6f6-8e33-880ef9e97bed">
      <Execution id="782f8b67-8567-460e-b65f-4d70dbc866e5" />
      <TestMethod codeBase="D:\actions-runner\_work\XPCO\XPCO\Corporate\CommonAPI\VideoOS.Management.VmoClient.UnitTests\bin\Debug\net472\VideoOS.Management.VmoClient.UnitTests.dll" adapterTypeName="executor://mstestadapter/v2" className="VideoOS.Management.VmoClient.UnitTests.DeviceGroupTest" name="CameraDeviceGroup_Refresh_Success" />
    </UnitTest>
    <UnitTest name="View_Refresh_Success" storage="d:\actions-runner\_work\xpco\xpco\corporate\commonapi\videoos.management.vmoclient.unittests\bin\debug\net472\videoos.management.vmoclient.unittests.dll" id="5efdc212-2009-f999-3bbc-821570f59095">
      <Execution id="c899d28b-1261-4ab6-989a-704b06b9e82c" />
      <TestMethod codeBase="D:\actions-runner\_work\XPCO\XPCO\Corporate\CommonAPI\VideoOS.Management.VmoClient.UnitTests\bin\Debug\net472\VideoOS.Management.VmoClient.UnitTests.dll" adapterTypeName="executor://mstestadapter/v2" className="VideoOS.Management.VmoClient.UnitTests.ViewTest" name="View_Refresh_Success" />
    </UnitTest>
    <UnitTest name="GetSiteConnection_Windows_GivenForceLegacy_ShouldExecuteLegacyFlow" storage="d:\actions-runner\_work\xpco\xpco\corporate\commonapi\videoos.management.vmoclient.unittests\bin\debug\net472\videoos.management.vmoclient.unittests.dll" id="adfaf1b6-ee9a-a854-6d91-40b24a39395c">
      <Execution id="e1728a00-9ae9-413c-89e4-3e064d4b529f" />
      <TestMethod codeBase="D:\actions-runner\_work\XPCO\XPCO\Corporate\CommonAPI\VideoOS.Management.VmoClient.UnitTests\bin\Debug\net472\VideoOS.Management.VmoClient.UnitTests.dll" adapterTypeName="executor://mstestadapter/v2" className="VideoOS.Management.VmoClient.UnitTests.SiteConnectorTest" name="GetSiteConnection_Windows_GivenForceLegacy_ShouldExecuteLegacyFlow" />
    </UnitTest>
    <UnitTest name="ManagementServer_DetachChildSite_NonCreated_ArgumentException" storage="d:\actions-runner\_work\xpco\xpco\corporate\commonapi\videoos.management.vmoclient.unittests\bin\debug\net472\videoos.management.vmoclient.unittests.dll" id="c9676883-a38f-18af-1659-9e55996244a0">
      <Execution id="c54ea3ac-fc79-4895-b536-f5186d21cbbe" />
      <TestMethod codeBase="D:\actions-runner\_work\XPCO\XPCO\Corporate\CommonAPI\VideoOS.Management.VmoClient.UnitTests\bin\Debug\net472\VideoOS.Management.VmoClient.UnitTests.dll" adapterTypeName="executor://mstestadapter/v2" className="VideoOS.Management.VmoClient.UnitTests.ManagementServerTest" name="ManagementServer_DetachChildSite_NonCreated_ArgumentException" />
    </UnitTest>
    <UnitTest name="PatrollingProfile_InsertStepAt_Create_PatrollingStep_Default" storage="d:\actions-runner\_work\xpco\xpco\corporate\commonapi\videoos.management.vmoclient.unittests\bin\debug\net472\videoos.management.vmoclient.unittests.dll" id="00618716-4f82-1a4a-b0f3-2af10c61bf40">
      <TestCategory>
        <TestCategoryItem TestCategory="Patrolling Profile" />
      </TestCategory>
      <Execution id="6a7db7e8-d66c-4f42-b0f5-fa9f6b6b8935" />
      <TestMethod codeBase="D:\actions-runner\_work\XPCO\XPCO\Corporate\CommonAPI\VideoOS.Management.VmoClient.UnitTests\bin\Debug\net472\VideoOS.Management.VmoClient.UnitTests.dll" adapterTypeName="executor://mstestadapter/v2" className="VideoOS.Management.VmoClient.UnitTests.PatrollingProfileTest" name="PatrollingProfile_InsertStepAt_Create_PatrollingStep_Default" />
    </UnitTest>
    <UnitTest name="Construct_ValidInstance_WithCorrectAncestory_Success" storage="d:\actions-runner\_work\xpco\xpco\corporate\commonapi\videoos.management.vmoclient.unittests\bin\debug\net472\videoos.management.vmoclient.unittests.dll" id="89bee59c-4106-05e2-1fd8-4908668b357f">
      <TestCategory>
        <TestCategoryItem TestCategory="Vmo Site Connection Tests" />
      </TestCategory>
      <Execution id="17a912f4-b254-446e-b62b-311a2fce6186" />
      <TestMethod codeBase="D:\actions-runner\_work\XPCO\XPCO\Corporate\CommonAPI\VideoOS.Management.VmoClient.UnitTests\bin\Debug\net472\VideoOS.Management.VmoClient.UnitTests.dll" adapterTypeName="executor://mstestadapter/v2" className="VideoOS.Management.VmoClient.UnitTests.Connection.SiteConnectorFactoryTests" name="Construct_ValidInstance_WithCorrectAncestory_Success" />
    </UnitTest>
    <UnitTest name="ServerVersionConstructor_String_Success" storage="d:\actions-runner\_work\xpco\xpco\corporate\commonapi\videoos.management.vmoclient.unittests\bin\debug\net472\videoos.management.vmoclient.unittests.dll" id="d9079d90-2920-f566-8909-0fb0a7a3a358">
      <TestCategory>
        <TestCategoryItem TestCategory="Server Version" />
      </TestCategory>
      <Execution id="4a8dac1e-247a-4feb-ac45-7391042af18f" />
      <TestMethod codeBase="D:\actions-runner\_work\XPCO\XPCO\Corporate\CommonAPI\VideoOS.Management.VmoClient.UnitTests\bin\Debug\net472\VideoOS.Management.VmoClient.UnitTests.dll" adapterTypeName="executor://mstestadapter/v2" className="VideoOS.Management.VmoClient.Tests.ServerVersionTests" name="ServerVersionConstructor_String_Success" />
    </UnitTest>
    <UnitTest name="PatrollingProfile_RemoveStep" storage="d:\actions-runner\_work\xpco\xpco\corporate\commonapi\videoos.management.vmoclient.unittests\bin\debug\net472\videoos.management.vmoclient.unittests.dll" id="85b0eff5-6a5c-21aa-74b2-7eac2da376a1">
      <TestCategory>
        <TestCategoryItem TestCategory="Patrolling Profile" />
      </TestCategory>
      <Execution id="62ac592a-f944-425c-a4ec-1c35f306d929" />
      <TestMethod codeBase="D:\actions-runner\_work\XPCO\XPCO\Corporate\CommonAPI\VideoOS.Management.VmoClient.UnitTests\bin\Debug\net472\VideoOS.Management.VmoClient.UnitTests.dll" adapterTypeName="executor://mstestadapter/v2" className="VideoOS.Management.VmoClient.UnitTests.PatrollingProfileTest" name="PatrollingProfile_RemoveStep" />
    </UnitTest>
    <UnitTest name="Hardware_Update_Before_v70_NotSupported" storage="d:\actions-runner\_work\xpco\xpco\corporate\commonapi\videoos.management.vmoclient.unittests\bin\debug\net472\videoos.management.vmoclient.unittests.dll" id="58683d2f-19fa-251e-90dc-e7c7a4170567">
      <Execution id="ec4d31be-f473-405e-9935-5372df423178" />
      <TestMethod codeBase="D:\actions-runner\_work\XPCO\XPCO\Corporate\CommonAPI\VideoOS.Management.VmoClient.UnitTests\bin\Debug\net472\VideoOS.Management.VmoClient.UnitTests.dll" adapterTypeName="executor://mstestadapter/v2" className="VideoOS.Management.VmoClient.UnitTests.HardwareTest" name="Hardware_Update_Before_v70_NotSupported" />
    </UnitTest>
    <UnitTest name="MarkedData_IsDeleted_Success" storage="d:\actions-runner\_work\xpco\xpco\corporate\commonapi\videoos.management.vmoclient.unittests\bin\debug\net472\videoos.management.vmoclient.unittests.dll" id="3e2d5ffd-cdb1-47e2-9eb1-edf9fd7fb46d">
      <Execution id="fd454b77-e7c8-470c-b766-63acf272ce6b" />
      <TestMethod codeBase="D:\actions-runner\_work\XPCO\XPCO\Corporate\CommonAPI\VideoOS.Management.VmoClient.UnitTests\bin\Debug\net472\VideoOS.Management.VmoClient.UnitTests.dll" adapterTypeName="executor://mstestadapter/v2" className="VideoOS.Management.VmoClient.UnitTests.MarkedDataTest" name="MarkedData_IsDeleted_Success" />
    </UnitTest>
    <UnitTest name="TaskSetEncryptionPassword_Refresh_Success" storage="d:\actions-runner\_work\xpco\xpco\corporate\commonapi\videoos.management.vmoclient.unittests\bin\debug\net472\videoos.management.vmoclient.unittests.dll" id="87c72546-d4ba-d2aa-7335-441f05ebc56a">
      <Execution id="6471aead-6bc5-4e44-acd7-08070dcc0031" />
      <TestMethod codeBase="D:\actions-runner\_work\XPCO\XPCO\Corporate\CommonAPI\VideoOS.Management.VmoClient.UnitTests\bin\Debug\net472\VideoOS.Management.VmoClient.UnitTests.dll" adapterTypeName="executor://mstestadapter/v2" className="VideoOS.Management.VmoClient.UnitTests.TaskSetEncryptionPasswordTest" name="TaskSetEncryptionPassword_Refresh_Success" />
    </UnitTest>
    <UnitTest name="Grid_RemoveSpecificCellFirst_CorrectCellRemoved" storage="d:\actions-runner\_work\xpco\xpco\corporate\commonapi\videoos.management.vmoclient.unittests\bin\debug\net472\videoos.management.vmoclient.unittests.dll" id="f333f71a-0e07-3c5a-f7fc-8c8e0562fb78">
      <TestCategory>
        <TestCategoryItem TestCategory="Grid" />
      </TestCategory>
      <Execution id="089f4d7a-4d26-4861-8e30-f095175940c4" />
      <TestMethod codeBase="D:\actions-runner\_work\XPCO\XPCO\Corporate\CommonAPI\VideoOS.Management.VmoClient.UnitTests\bin\Debug\net472\VideoOS.Management.VmoClient.UnitTests.dll" adapterTypeName="executor://mstestadapter/v2" className="VideoOS.Management.VmoClient.UnitTests.GridTest" name="Grid_RemoveSpecificCellFirst_CorrectCellRemoved" />
    </UnitTest>
    <UnitTest name="ServerVersionConstructor_CompareToLeft_Success" storage="d:\actions-runner\_work\xpco\xpco\corporate\commonapi\videoos.management.vmoclient.unittests\bin\debug\net472\videoos.management.vmoclient.unittests.dll" id="fbdae986-4ae4-5444-a733-69376521dbb0">
      <TestCategory>
        <TestCategoryItem TestCategory="Server Version" />
      </TestCategory>
      <Execution id="f0de1873-b861-4b32-b2d5-abcc3643cc89" />
      <TestMethod codeBase="D:\actions-runner\_work\XPCO\XPCO\Corporate\CommonAPI\VideoOS.Management.VmoClient.UnitTests\bin\Debug\net472\VideoOS.Management.VmoClient.UnitTests.dll" adapterTypeName="executor://mstestadapter/v2" className="VideoOS.Management.VmoClient.Tests.ServerVersionTests" name="ServerVersionConstructor_CompareToLeft_Success" />
    </UnitTest>
    <UnitTest name="ArchiveStorage_Constructor_DefaultValuesCorrect" storage="d:\actions-runner\_work\xpco\xpco\corporate\commonapi\videoos.management.vmoclient.unittests\bin\debug\net472\videoos.management.vmoclient.unittests.dll" id="84b2bd28-ee06-f48d-2e7d-0466ff313383">
      <Execution id="3bbf12c7-1326-40ad-8d45-9f4e1ae747b2" />
      <TestMethod codeBase="D:\actions-runner\_work\XPCO\XPCO\Corporate\CommonAPI\VideoOS.Management.VmoClient.UnitTests\bin\Debug\net472\VideoOS.Management.VmoClient.UnitTests.dll" adapterTypeName="executor://mstestadapter/v2" className="VideoOS.Management.VmoClient.UnitTests.ArchiveStorageTest" name="ArchiveStorage_Constructor_DefaultValuesCorrect" />
    </UnitTest>
    <UnitTest name="TaskDeleteRecordingStorage_StartNew_Success" storage="d:\actions-runner\_work\xpco\xpco\corporate\commonapi\videoos.management.vmoclient.unittests\bin\debug\net472\videoos.management.vmoclient.unittests.dll" id="e1626575-e055-6258-c63a-1ed2106a1fc3">
      <Execution id="d3121a94-d846-446e-9776-d3f866ec0668" />
      <TestMethod codeBase="D:\actions-runner\_work\XPCO\XPCO\Corporate\CommonAPI\VideoOS.Management.VmoClient.UnitTests\bin\Debug\net472\VideoOS.Management.VmoClient.UnitTests.dll" adapterTypeName="executor://mstestadapter/v2" className="VideoOS.Management.VmoClient.UnitTests.TaskDeleteRecordingStorageTest" name="TaskDeleteRecordingStorage_StartNew_Success" />
    </UnitTest>
    <UnitTest name="SpeakerDeviceGroup_Refresh_Failed" storage="d:\actions-runner\_work\xpco\xpco\corporate\commonapi\videoos.management.vmoclient.unittests\bin\debug\net472\videoos.management.vmoclient.unittests.dll" id="3f6a259a-e1b2-b047-675c-86a55ef507cd">
      <Execution id="f2c482d3-7d52-4d7a-aa27-a5b93cd85f3f" />
      <TestMethod codeBase="D:\actions-runner\_work\XPCO\XPCO\Corporate\CommonAPI\VideoOS.Management.VmoClient.UnitTests\bin\Debug\net472\VideoOS.Management.VmoClient.UnitTests.dll" adapterTypeName="executor://mstestadapter/v2" className="VideoOS.Management.VmoClient.UnitTests.DeviceGroupTest" name="SpeakerDeviceGroup_Refresh_Failed" />
    </UnitTest>
    <UnitTest name="ArchiveStorage_Enable_Framerate_Reduction_Failed_Not_Created" storage="d:\actions-runner\_work\xpco\xpco\corporate\commonapi\videoos.management.vmoclient.unittests\bin\debug\net472\videoos.management.vmoclient.unittests.dll" id="874fb058-d459-71f6-7f28-264ff1842a7b">
      <Execution id="7c3396c3-20b1-4f3a-bb3f-ca74f1477316" />
      <TestMethod codeBase="D:\actions-runner\_work\XPCO\XPCO\Corporate\CommonAPI\VideoOS.Management.VmoClient.UnitTests\bin\Debug\net472\VideoOS.Management.VmoClient.UnitTests.dll" adapterTypeName="executor://mstestadapter/v2" className="VideoOS.Management.VmoClient.UnitTests.ArchiveStorageTest" name="ArchiveStorage_Enable_Framerate_Reduction_Failed_Not_Created" />
    </UnitTest>
    <UnitTest name="Construct_AllowUnsecure_ForceLegacy_Success" storage="d:\actions-runner\_work\xpco\xpco\corporate\commonapi\videoos.management.vmoclient.unittests\bin\debug\net472\videoos.management.vmoclient.unittests.dll" id="15c29022-eb79-9121-034c-c0cba1cf6806">
      <TestCategory>
        <TestCategoryItem TestCategory="Vmo Site Connection Tests" />
      </TestCategory>
      <Execution id="3ff8a832-c286-484b-a548-9719f8fe4b1c" />
      <TestMethod codeBase="D:\actions-runner\_work\XPCO\XPCO\Corporate\CommonAPI\VideoOS.Management.VmoClient.UnitTests\bin\Debug\net472\VideoOS.Management.VmoClient.UnitTests.dll" adapterTypeName="executor://mstestadapter/v2" className="VideoOS.Management.VmoClient.UnitTests.Connection.SiteConnectionInfoWindowsTests" name="Construct_AllowUnsecure_ForceLegacy_Success" />
    </UnitTest>
    <UnitTest name="RecordingStorage_EnableEncryption_Success" storage="d:\actions-runner\_work\xpco\xpco\corporate\commonapi\videoos.management.vmoclient.unittests\bin\debug\net472\videoos.management.vmoclient.unittests.dll" id="046311e7-00c1-ef6d-f09a-d62fc09a26ed">
      <Execution id="8526fea1-b370-4b7b-b45a-9280f5a7b90c" />
      <TestMethod codeBase="D:\actions-runner\_work\XPCO\XPCO\Corporate\CommonAPI\VideoOS.Management.VmoClient.UnitTests\bin\Debug\net472\VideoOS.Management.VmoClient.UnitTests.dll" adapterTypeName="executor://mstestadapter/v2" className="VideoOS.Management.VmoClient.UnitTests.RecordingStorageTest" name="RecordingStorage_EnableEncryption_Success" />
    </UnitTest>
    <UnitTest name="VideoWallPreset_Refresh_Success" storage="d:\actions-runner\_work\xpco\xpco\corporate\commonapi\videoos.management.vmoclient.unittests\bin\debug\net472\videoos.management.vmoclient.unittests.dll" id="ad0762eb-2871-a25a-9561-8a26158a456a">
      <Execution id="93c86953-e497-4764-9ebe-fbe9497ba0b2" />
      <TestMethod codeBase="D:\actions-runner\_work\XPCO\XPCO\Corporate\CommonAPI\VideoOS.Management.VmoClient.UnitTests\bin\Debug\net472\VideoOS.Management.VmoClient.UnitTests.dll" adapterTypeName="executor://mstestadapter/v2" className="VideoOS.Management.VmoClient.UnitTests.VideoWallPresetTest" name="VideoWallPreset_Refresh_Success" />
    </UnitTest>
    <UnitTest name="Grid_DecreaseGridSize_GridCleared" storage="d:\actions-runner\_work\xpco\xpco\corporate\commonapi\videoos.management.vmoclient.unittests\bin\debug\net472\videoos.management.vmoclient.unittests.dll" id="a9b4057e-adb3-6fcd-cf37-ded7c2ccdc6f">
      <TestCategory>
        <TestCategoryItem TestCategory="Grid" />
      </TestCategory>
      <Execution id="c29e2ea7-f9a0-4bba-b20c-f6bb52cdf2fe" />
      <TestMethod codeBase="D:\actions-runner\_work\XPCO\XPCO\Corporate\CommonAPI\VideoOS.Management.VmoClient.UnitTests\bin\Debug\net472\VideoOS.Management.VmoClient.UnitTests.dll" adapterTypeName="executor://mstestadapter/v2" className="VideoOS.Management.VmoClient.UnitTests.GridTest" name="Grid_DecreaseGridSize_GridCleared" />
    </UnitTest>
    <UnitTest name="TrustedIssuer_Delete_Success" storage="d:\actions-runner\_work\xpco\xpco\corporate\commonapi\videoos.management.vmoclient.unittests\bin\debug\net472\videoos.management.vmoclient.unittests.dll" id="717c9c26-348a-7136-592c-3e0c4dc8d603">
      <Execution id="41d76e55-c14a-4e8a-95aa-8feedc7a53d8" />
      <TestMethod codeBase="D:\actions-runner\_work\XPCO\XPCO\Corporate\CommonAPI\VideoOS.Management.VmoClient.UnitTests\bin\Debug\net472\VideoOS.Management.VmoClient.UnitTests.dll" adapterTypeName="executor://mstestadapter/v2" className="VideoOS.Management.VmoClient.UnitTests.TrustedIssuerTest" name="TrustedIssuer_Delete_Success" />
    </UnitTest>
    <UnitTest name="SunClockTimeProfile_Repository_Registered" storage="d:\actions-runner\_work\xpco\xpco\corporate\commonapi\videoos.management.vmoclient.unittests\bin\debug\net472\videoos.management.vmoclient.unittests.dll" id="e81bf28d-1d67-5144-faff-39e857f5365a">
      <Execution id="e83d2378-3841-4df0-806e-0c7ae0b94310" />
      <TestMethod codeBase="D:\actions-runner\_work\XPCO\XPCO\Corporate\CommonAPI\VideoOS.Management.VmoClient.UnitTests\bin\Debug\net472\VideoOS.Management.VmoClient.UnitTests.dll" adapterTypeName="executor://mstestadapter/v2" className="VideoOS.Management.VmoClient.UnitTests.SunClockTimeProfileTest" name="SunClockTimeProfile_Repository_Registered" />
    </UnitTest>
    <UnitTest name="Grid_Initilize_CellsPopulated" storage="d:\actions-runner\_work\xpco\xpco\corporate\commonapi\videoos.management.vmoclient.unittests\bin\debug\net472\videoos.management.vmoclient.unittests.dll" id="c2703aff-9383-46f6-4b8c-211e5be5b6cd">
      <TestCategory>
        <TestCategoryItem TestCategory="Grid" />
      </TestCategory>
      <Execution id="e1ee9820-89e9-4b1b-9cdf-7e744108d9a1" />
      <TestMethod codeBase="D:\actions-runner\_work\XPCO\XPCO\Corporate\CommonAPI\VideoOS.Management.VmoClient.UnitTests\bin\Debug\net472\VideoOS.Management.VmoClient.UnitTests.dll" adapterTypeName="executor://mstestadapter/v2" className="VideoOS.Management.VmoClient.UnitTests.GridTest" name="Grid_Initilize_CellsPopulated" />
    </UnitTest>
    <UnitTest name="TaskAddIdpAdmin_Refresh_Success" storage="d:\actions-runner\_work\xpco\xpco\corporate\commonapi\videoos.management.vmoclient.unittests\bin\debug\net472\videoos.management.vmoclient.unittests.dll" id="a10509ab-f6fe-317e-d36d-69ea64c44be3">
      <Execution id="53d0fdfa-a12d-49cd-8cf6-fc1d918d4962" />
      <TestMethod codeBase="D:\actions-runner\_work\XPCO\XPCO\Corporate\CommonAPI\VideoOS.Management.VmoClient.UnitTests\bin\Debug\net472\VideoOS.Management.VmoClient.UnitTests.dll" adapterTypeName="executor://mstestadapter/v2" className="VideoOS.Management.VmoClient.UnitTests.TaskAddIdpAdminTest" name="TaskAddIdpAdmin_Refresh_Success" />
    </UnitTest>
    <UnitTest name="AxisTunnelServer_Repository_Registered" storage="d:\actions-runner\_work\xpco\xpco\corporate\commonapi\videoos.management.vmoclient.unittests\bin\debug\net472\videoos.management.vmoclient.unittests.dll" id="9b0a46c5-cc0f-583d-4f43-3b9ec7a0262e">
      <Execution id="429bd5c6-083b-4ec9-a103-02932690fd50" />
      <TestMethod codeBase="D:\actions-runner\_work\XPCO\XPCO\Corporate\CommonAPI\VideoOS.Management.VmoClient.UnitTests\bin\Debug\net472\VideoOS.Management.VmoClient.UnitTests.dll" adapterTypeName="executor://mstestadapter/v2" className="VideoOS.Management.VmoClient.UnitTests.AxisTunnelServerTest" name="AxisTunnelServer_Repository_Registered" />
    </UnitTest>
    <UnitTest name="Grid_SetRegionXBelowValid_Exception" storage="d:\actions-runner\_work\xpco\xpco\corporate\commonapi\videoos.management.vmoclient.unittests\bin\debug\net472\videoos.management.vmoclient.unittests.dll" id="d1627e90-8df2-671c-332a-ec497aadd1e4">
      <TestCategory>
        <TestCategoryItem TestCategory="Grid" />
      </TestCategory>
      <Execution id="eec402cb-0673-4e94-bdfd-ccfed593f5c2" />
      <TestMethod codeBase="D:\actions-runner\_work\XPCO\XPCO\Corporate\CommonAPI\VideoOS.Management.VmoClient.UnitTests\bin\Debug\net472\VideoOS.Management.VmoClient.UnitTests.dll" adapterTypeName="executor://mstestadapter/v2" className="VideoOS.Management.VmoClient.UnitTests.GridTest" name="Grid_SetRegionXBelowValid_Exception" />
    </UnitTest>
    <UnitTest name="RetentionOptionRoleRelation_Create_Success" storage="d:\actions-runner\_work\xpco\xpco\corporate\commonapi\videoos.management.vmoclient.unittests\bin\debug\net472\videoos.management.vmoclient.unittests.dll" id="29446125-ae7b-a74f-3fea-d4cdf704ae46">
      <Execution id="11a10614-dd66-4f0c-92c4-a13d9b86c659" />
      <TestMethod codeBase="D:\actions-runner\_work\XPCO\XPCO\Corporate\CommonAPI\VideoOS.Management.VmoClient.UnitTests\bin\Debug\net472\VideoOS.Management.VmoClient.UnitTests.dll" adapterTypeName="executor://mstestadapter/v2" className="VideoOS.Management.VmoClient.UnitTests.RetentionOptionRoleRelationTest" name="RetentionOptionRoleRelation_Create_Success" />
    </UnitTest>
    <UnitTest name="MarkedData_Update_Failed_Not_Created" storage="d:\actions-runner\_work\xpco\xpco\corporate\commonapi\videoos.management.vmoclient.unittests\bin\debug\net472\videoos.management.vmoclient.unittests.dll" id="a637af31-d7de-7209-5a6a-9a493eeba333">
      <Execution id="5e1e4d31-a821-40ce-871e-363dbb59fbb0" />
      <TestMethod codeBase="D:\actions-runner\_work\XPCO\XPCO\Corporate\CommonAPI\VideoOS.Management.VmoClient.UnitTests\bin\Debug\net472\VideoOS.Management.VmoClient.UnitTests.dll" adapterTypeName="executor://mstestadapter/v2" className="VideoOS.Management.VmoClient.UnitTests.MarkedDataTest" name="MarkedData_Update_Failed_Not_Created" />
    </UnitTest>
    <UnitTest name="UserDefinedEvent_Refresh_Success" storage="d:\actions-runner\_work\xpco\xpco\corporate\commonapi\videoos.management.vmoclient.unittests\bin\debug\net472\videoos.management.vmoclient.unittests.dll" id="0d218ffa-5085-6186-2e38-741ff30a50b9">
      <Execution id="d54f5ee1-bb4c-4645-b3f5-0c2ab1bcb82c" />
      <TestMethod codeBase="D:\actions-runner\_work\XPCO\XPCO\Corporate\CommonAPI\VideoOS.Management.VmoClient.UnitTests\bin\Debug\net472\VideoOS.Management.VmoClient.UnitTests.dll" adapterTypeName="executor://mstestadapter/v2" className="VideoOS.Management.VmoClient.UnitTests.UserDefinedEventTest" name="UserDefinedEvent_Refresh_Success" />
    </UnitTest>
    <UnitTest name="ViewLayout_Repository_Registered" storage="d:\actions-runner\_work\xpco\xpco\corporate\commonapi\videoos.management.vmoclient.unittests\bin\debug\net472\videoos.management.vmoclient.unittests.dll" id="ed9dbcd4-caa1-444f-55d7-c156a57c23d0">
      <Execution id="a069a572-850f-4b16-81c4-ea6cf0287e43" />
      <TestMethod codeBase="D:\actions-runner\_work\XPCO\XPCO\Corporate\CommonAPI\VideoOS.Management.VmoClient.UnitTests\bin\Debug\net472\VideoOS.Management.VmoClient.UnitTests.dll" adapterTypeName="executor://mstestadapter/v2" className="VideoOS.Management.VmoClient.UnitTests.ViewLayoutTest" name="ViewLayout_Repository_Registered" />
    </UnitTest>
    <UnitTest name="GetHighPriorityError_GivenNotExpectedException_ReturnsNull" storage="d:\actions-runner\_work\xpco\xpco\corporate\commonapi\videoos.management.vmoclient.unittests\bin\debug\net472\videoos.management.vmoclient.unittests.dll" id="e7217958-3636-f395-52b6-2a4b70ef9c4d">
      <Execution id="92c1bc1a-030f-4112-a01d-594c7d655efd" />
      <TestMethod codeBase="D:\actions-runner\_work\XPCO\XPCO\Corporate\CommonAPI\VideoOS.Management.VmoClient.UnitTests\bin\Debug\net472\VideoOS.Management.VmoClient.UnitTests.dll" adapterTypeName="executor://mstestadapter/v2" className="VideoOS.Management.VmoClient.UnitTests.SiteConnectorExceptionHandlerTests" name="GetHighPriorityError_GivenNotExpectedException_ReturnsNull" />
    </UnitTest>
    <UnitTest name="ManagementServer_DetachMasterSite_Called" storage="d:\actions-runner\_work\xpco\xpco\corporate\commonapi\videoos.management.vmoclient.unittests\bin\debug\net472\videoos.management.vmoclient.unittests.dll" id="a2f09d51-5e4f-ca37-d7ac-19fd446a6c3c">
      <Execution id="e157ab2d-b717-4780-9eaf-10876c23c040" />
      <TestMethod codeBase="D:\actions-runner\_work\XPCO\XPCO\Corporate\CommonAPI\VideoOS.Management.VmoClient.UnitTests\bin\Debug\net472\VideoOS.Management.VmoClient.UnitTests.dll" adapterTypeName="executor://mstestadapter/v2" className="VideoOS.Management.VmoClient.UnitTests.ManagementServerTest" name="ManagementServer_DetachMasterSite_Called" />
    </UnitTest>
    <UnitTest name="Role_Remove_Member_Check_Empty_Name" storage="d:\actions-runner\_work\xpco\xpco\corporate\commonapi\videoos.management.vmoclient.unittests\bin\debug\net472\videoos.management.vmoclient.unittests.dll" id="66e296b5-257f-384e-8ec6-e459694bc099">
      <Execution id="6623ddd0-d971-476f-8157-d6e4d6de2323" />
      <TestMethod codeBase="D:\actions-runner\_work\XPCO\XPCO\Corporate\CommonAPI\VideoOS.Management.VmoClient.UnitTests\bin\Debug\net472\VideoOS.Management.VmoClient.UnitTests.dll" adapterTypeName="executor://mstestadapter/v2" className="VideoOS.Management.VmoClient.UnitTests.RoleTest" name="Role_Remove_Member_Check_Empty_Name" />
    </UnitTest>
    <UnitTest name="GetFastestIdpInfo_GivenNullAddresses_ShouldThrow" storage="d:\actions-runner\_work\xpco\xpco\corporate\commonapi\videoos.management.vmoclient.unittests\bin\debug\net472\videoos.management.vmoclient.unittests.dll" id="42e62a98-6817-8d63-2160-7b6bbc0c9cea">
      <Execution id="8836b8c2-6dc7-4ea1-9fa8-f6b86164cc8c" />
      <TestMethod codeBase="D:\actions-runner\_work\XPCO\XPCO\Corporate\CommonAPI\VideoOS.Management.VmoClient.UnitTests\bin\Debug\net472\VideoOS.Management.VmoClient.UnitTests.dll" adapterTypeName="executor://mstestadapter/v2" className="VideoOS.Management.VmoClient.UnitTests.SiteIdpConnectorTests" name="GetFastestIdpInfo_GivenNullAddresses_ShouldThrow" />
    </UnitTest>
    <UnitTest name="CameraDevice_TruncateStorage_Fail_Not_Created" storage="d:\actions-runner\_work\xpco\xpco\corporate\commonapi\videoos.management.vmoclient.unittests\bin\debug\net472\videoos.management.vmoclient.unittests.dll" id="aee2cb27-63f5-026c-1dec-a424ba76f6b0">
      <Execution id="6de57765-c153-44c2-94ee-0d347b920e1e" />
      <TestMethod codeBase="D:\actions-runner\_work\XPCO\XPCO\Corporate\CommonAPI\VideoOS.Management.VmoClient.UnitTests\bin\Debug\net472\VideoOS.Management.VmoClient.UnitTests.dll" adapterTypeName="executor://mstestadapter/v2" className="VideoOS.Management.VmoClient.UnitTests.CameraDeviceTest" name="CameraDevice_TruncateStorage_Fail_Not_Created" />
    </UnitTest>
    <UnitTest name="TaskDeleteIdpAdmin_StartNew_Success" storage="d:\actions-runner\_work\xpco\xpco\corporate\commonapi\videoos.management.vmoclient.unittests\bin\debug\net472\videoos.management.vmoclient.unittests.dll" id="742bdb62-f7ec-73a4-9e58-b719ceb66e15">
      <Execution id="e0d3d669-996f-45ba-b626-d84e552b4d92" />
      <TestMethod codeBase="D:\actions-runner\_work\XPCO\XPCO\Corporate\CommonAPI\VideoOS.Management.VmoClient.UnitTests\bin\Debug\net472\VideoOS.Management.VmoClient.UnitTests.dll" adapterTypeName="executor://mstestadapter/v2" className="VideoOS.Management.VmoClient.UnitTests.TaskDeleteIdpAdminTest" name="TaskDeleteIdpAdmin_StartNew_Success" />
    </UnitTest>
    <UnitTest name="DeviceGroup_Repository_Registered" storage="d:\actions-runner\_work\xpco\xpco\corporate\commonapi\videoos.management.vmoclient.unittests\bin\debug\net472\videoos.management.vmoclient.unittests.dll" id="49897fa8-afbf-aa8f-42ea-750e9df55079">
      <Execution id="ad42855e-61d0-436b-b272-9891a004f466" />
      <TestMethod codeBase="D:\actions-runner\_work\XPCO\XPCO\Corporate\CommonAPI\VideoOS.Management.VmoClient.UnitTests\bin\Debug\net472\VideoOS.Management.VmoClient.UnitTests.dll" adapterTypeName="executor://mstestadapter/v2" className="VideoOS.Management.VmoClient.UnitTests.DeviceGroupTest" name="DeviceGroup_Repository_Registered" />
    </UnitTest>
    <UnitTest name="FailoverServerGroup_Create_Success" storage="d:\actions-runner\_work\xpco\xpco\corporate\commonapi\videoos.management.vmoclient.unittests\bin\debug\net472\videoos.management.vmoclient.unittests.dll" id="2dd8d6a2-00d9-80fa-20cd-56a988793cbb">
      <Execution id="6f35089b-fb9a-4d2c-9631-0399875bf7d6" />
      <TestMethod codeBase="D:\actions-runner\_work\XPCO\XPCO\Corporate\CommonAPI\VideoOS.Management.VmoClient.UnitTests\bin\Debug\net472\VideoOS.Management.VmoClient.UnitTests.dll" adapterTypeName="executor://mstestadapter/v2" className="VideoOS.Management.VmoClient.UnitTests.FailoverServerGroupTest" name="FailoverServerGroup_Create_Success" />
    </UnitTest>
    <UnitTest name="Role_Repository_Registered" storage="d:\actions-runner\_work\xpco\xpco\corporate\commonapi\videoos.management.vmoclient.unittests\bin\debug\net472\videoos.management.vmoclient.unittests.dll" id="9324354b-f535-aa3c-e7a7-348593b2dfd3">
      <Execution id="ef43f82b-c196-426c-a962-d14f2092117a" />
      <TestMethod codeBase="D:\actions-runner\_work\XPCO\XPCO\Corporate\CommonAPI\VideoOS.Management.VmoClient.UnitTests\bin\Debug\net472\VideoOS.Management.VmoClient.UnitTests.dll" adapterTypeName="executor://mstestadapter/v2" className="VideoOS.Management.VmoClient.UnitTests.RoleTest" name="Role_Repository_Registered" />
    </UnitTest>
    <UnitTest name="TaskAddHardware_Create_61_NotSupported" storage="d:\actions-runner\_work\xpco\xpco\corporate\commonapi\videoos.management.vmoclient.unittests\bin\debug\net472\videoos.management.vmoclient.unittests.dll" id="879649e9-00d0-e07e-9f37-91f11e61fd61">
      <Execution id="430f1710-aa81-45d7-b9a3-f2f38ad9de10" />
      <TestMethod codeBase="D:\actions-runner\_work\XPCO\XPCO\Corporate\CommonAPI\VideoOS.Management.VmoClient.UnitTests\bin\Debug\net472\VideoOS.Management.VmoClient.UnitTests.dll" adapterTypeName="executor://mstestadapter/v2" className="VideoOS.Management.VmoClient.UnitTests.TaskAddHardwareTest" name="TaskAddHardware_Create_61_NotSupported" />
    </UnitTest>
    <UnitTest name="Hardware_ReadPassword_Before_v101_NotSupported" storage="d:\actions-runner\_work\xpco\xpco\corporate\commonapi\videoos.management.vmoclient.unittests\bin\debug\net472\videoos.management.vmoclient.unittests.dll" id="e03a47bb-30de-67b9-989a-670956feb5c4">
      <Execution id="b5df7596-3dc6-4a27-978d-6e76b83fe906" />
      <TestMethod codeBase="D:\actions-runner\_work\XPCO\XPCO\Corporate\CommonAPI\VideoOS.Management.VmoClient.UnitTests\bin\Debug\net472\VideoOS.Management.VmoClient.UnitTests.dll" adapterTypeName="executor://mstestadapter/v2" className="VideoOS.Management.VmoClient.UnitTests.HardwareTest" name="Hardware_ReadPassword_Before_v101_NotSupported" />
    </UnitTest>
    <UnitTest name="CalendarTimeProfile_Delete_Success" storage="d:\actions-runner\_work\xpco\xpco\corporate\commonapi\videoos.management.vmoclient.unittests\bin\debug\net472\videoos.management.vmoclient.unittests.dll" id="a30d82e3-d5db-d2a0-02c3-1f769a14f7a4">
      <Execution id="e91b0690-e581-4483-a73c-a73551ccdfe7" />
      <TestMethod codeBase="D:\actions-runner\_work\XPCO\XPCO\Corporate\CommonAPI\VideoOS.Management.VmoClient.UnitTests\bin\Debug\net472\VideoOS.Management.VmoClient.UnitTests.dll" adapterTypeName="executor://mstestadapter/v2" className="VideoOS.Management.VmoClient.UnitTests.CalendarTimeProfileTest" name="CalendarTimeProfile_Delete_Success" />
    </UnitTest>
    <UnitTest name="Monitor_RemoveCameras_RemoveCamerasFromMonitorViewCalled" storage="d:\actions-runner\_work\xpco\xpco\corporate\commonapi\videoos.management.vmoclient.unittests\bin\debug\net472\videoos.management.vmoclient.unittests.dll" id="3637a376-ae9a-e528-afaf-e1ca2276f010">
      <Execution id="0f766370-b15f-406e-854b-602b3a8a5e1c" />
      <TestMethod codeBase="D:\actions-runner\_work\XPCO\XPCO\Corporate\CommonAPI\VideoOS.Management.VmoClient.UnitTests\bin\Debug\net472\VideoOS.Management.VmoClient.UnitTests.dll" adapterTypeName="executor://mstestadapter/v2" className="VideoOS.Management.VmoClient.UnitTests.MonitorTest" name="Monitor_RemoveCameras_RemoveCamerasFromMonitorViewCalled" />
    </UnitTest>
    <UnitTest name="RetentionOptionRoleRelation_Constructor_CheckForVersion_6_0_and_throws" storage="d:\actions-runner\_work\xpco\xpco\corporate\commonapi\videoos.management.vmoclient.unittests\bin\debug\net472\videoos.management.vmoclient.unittests.dll" id="fc81f98e-fdf1-98e3-0f80-614f002dc04c">
      <Execution id="5c6a97eb-724b-4538-b81d-3f88571cca65" />
      <TestMethod codeBase="D:\actions-runner\_work\XPCO\XPCO\Corporate\CommonAPI\VideoOS.Management.VmoClient.UnitTests\bin\Debug\net472\VideoOS.Management.VmoClient.UnitTests.dll" adapterTypeName="executor://mstestadapter/v2" className="VideoOS.Management.VmoClient.UnitTests.RetentionOptionRoleRelationTest" name="RetentionOptionRoleRelation_Constructor_CheckForVersion_6_0_and_throws" />
    </UnitTest>
    <UnitTest name="Monitor_ActivateCameras_ApplyCamerasToMonitorViewCalled" storage="d:\actions-runner\_work\xpco\xpco\corporate\commonapi\videoos.management.vmoclient.unittests\bin\debug\net472\videoos.management.vmoclient.unittests.dll" id="9f791b44-66ed-81cb-a905-2468ae287f4b">
      <Execution id="75255ae5-df97-4ecb-857a-e2afe83a22c5" />
      <TestMethod codeBase="D:\actions-runner\_work\XPCO\XPCO\Corporate\CommonAPI\VideoOS.Management.VmoClient.UnitTests\bin\Debug\net472\VideoOS.Management.VmoClient.UnitTests.dll" adapterTypeName="executor://mstestadapter/v2" className="VideoOS.Management.VmoClient.UnitTests.MonitorTest" name="Monitor_ActivateCameras_ApplyCamerasToMonitorViewCalled" />
    </UnitTest>
    <UnitTest name="GetUserDomainNameOrEmpty_MissingUserName_ReturnsEmpty" storage="d:\actions-runner\_work\xpco\xpco\corporate\commonapi\videoos.management.vmoclient.unittests\bin\debug\net472\videoos.management.vmoclient.unittests.dll" id="b1fd4340-361a-4dd9-b3c8-06f45d84d249">
      <Execution id="33dc0154-331b-4e75-a004-f6dae04e9aac" />
      <TestMethod codeBase="D:\actions-runner\_work\XPCO\XPCO\Corporate\CommonAPI\VideoOS.Management.VmoClient.UnitTests\bin\Debug\net472\VideoOS.Management.VmoClient.UnitTests.dll" adapterTypeName="executor://mstestadapter/v2" className="VideoOS.Management.VmoClient.UnitTests.SiteConnectorTest" name="GetUserDomainNameOrEmpty_MissingUserName_ReturnsEmpty" />
    </UnitTest>
    <UnitTest name="GetSiteConnection_Windows_GivenSiteVersionNull_ShouldExecuteLegacyFlow" storage="d:\actions-runner\_work\xpco\xpco\corporate\commonapi\videoos.management.vmoclient.unittests\bin\debug\net472\videoos.management.vmoclient.unittests.dll" id="0d941a8f-5acf-3904-bc13-7b093784f788">
      <Execution id="c771dfc4-a3ed-494d-a8c9-a5e178ba7ccb" />
      <TestMethod codeBase="D:\actions-runner\_work\XPCO\XPCO\Corporate\CommonAPI\VideoOS.Management.VmoClient.UnitTests\bin\Debug\net472\VideoOS.Management.VmoClient.UnitTests.dll" adapterTypeName="executor://mstestadapter/v2" className="VideoOS.Management.VmoClient.UnitTests.SiteConnectorTest" name="GetSiteConnection_Windows_GivenSiteVersionNull_ShouldExecuteLegacyFlow" />
    </UnitTest>
    <UnitTest name="Role_Copy_Role_Check_Null_Name" storage="d:\actions-runner\_work\xpco\xpco\corporate\commonapi\videoos.management.vmoclient.unittests\bin\debug\net472\videoos.management.vmoclient.unittests.dll" id="06b893ad-dedc-35b5-9313-faacbf4e9a3c">
      <Execution id="936f4802-d187-44af-905b-9d4e9b61cdb2" />
      <TestMethod codeBase="D:\actions-runner\_work\XPCO\XPCO\Corporate\CommonAPI\VideoOS.Management.VmoClient.UnitTests\bin\Debug\net472\VideoOS.Management.VmoClient.UnitTests.dll" adapterTypeName="executor://mstestadapter/v2" className="VideoOS.Management.VmoClient.UnitTests.RoleTest" name="Role_Copy_Role_Check_Null_Name" />
    </UnitTest>
    <UnitTest name="MetadataDevice_Repository_Registered" storage="d:\actions-runner\_work\xpco\xpco\corporate\commonapi\videoos.management.vmoclient.unittests\bin\debug\net472\videoos.management.vmoclient.unittests.dll" id="b60f3791-8411-dd00-0dc7-0028c0393bed">
      <Execution id="8246cbb1-f256-4e4d-a23d-978481a72f85" />
      <TestMethod codeBase="D:\actions-runner\_work\XPCO\XPCO\Corporate\CommonAPI\VideoOS.Management.VmoClient.UnitTests\bin\Debug\net472\VideoOS.Management.VmoClient.UnitTests.dll" adapterTypeName="executor://mstestadapter/v2" className="VideoOS.Management.VmoClient.UnitTests.MetadataDeviceTest" name="MetadataDevice_Repository_Registered" />
    </UnitTest>
    <UnitTest name="AxisTunnelServer_Create_Success" storage="d:\actions-runner\_work\xpco\xpco\corporate\commonapi\videoos.management.vmoclient.unittests\bin\debug\net472\videoos.management.vmoclient.unittests.dll" id="3aa893ce-4359-816b-56b8-816f5f5650c5">
      <Execution id="ae7f9871-47a8-47a0-b894-eefdb9926185" />
      <TestMethod codeBase="D:\actions-runner\_work\XPCO\XPCO\Corporate\CommonAPI\VideoOS.Management.VmoClient.UnitTests\bin\Debug\net472\VideoOS.Management.VmoClient.UnitTests.dll" adapterTypeName="executor://mstestadapter/v2" className="VideoOS.Management.VmoClient.UnitTests.AxisTunnelServerTest" name="AxisTunnelServer_Create_Success" />
    </UnitTest>
    <UnitTest name="PatrollingProfile_Preset_Constructor_Argument_Null" storage="d:\actions-runner\_work\xpco\xpco\corporate\commonapi\videoos.management.vmoclient.unittests\bin\debug\net472\videoos.management.vmoclient.unittests.dll" id="83a62253-90b7-191a-fd01-3d530c76a1cb">
      <TestCategory>
        <TestCategoryItem TestCategory="Patrolling Profile" />
      </TestCategory>
      <Execution id="b8856fbd-9e1d-4d05-aa78-ad421a91f258" />
      <TestMethod codeBase="D:\actions-runner\_work\XPCO\XPCO\Corporate\CommonAPI\VideoOS.Management.VmoClient.UnitTests\bin\Debug\net472\VideoOS.Management.VmoClient.UnitTests.dll" adapterTypeName="executor://mstestadapter/v2" className="VideoOS.Management.VmoClient.UnitTests.PatrollingProfileTest" name="PatrollingProfile_Preset_Constructor_Argument_Null" />
    </UnitTest>
    <UnitTest name="GenericRepositoryTestDeleteObjectById" storage="d:\actions-runner\_work\xpco\xpco\corporate\commonapi\videoos.management.vmoclient.unittests\bin\debug\net472\videoos.management.vmoclient.unittests.dll" id="ad872773-ffb1-b6b0-ead4-dcdd8501a927">
      <Execution id="285de918-fad1-481f-a2cf-d8e3fc7b4e85" />
      <TestMethod codeBase="D:\actions-runner\_work\XPCO\XPCO\Corporate\CommonAPI\VideoOS.Management.VmoClient.UnitTests\bin\Debug\net472\VideoOS.Management.VmoClient.UnitTests.dll" adapterTypeName="executor://mstestadapter/v2" className="VideoOS.Management.VmoClient.UnitTests.GenericRepositoryTest" name="GenericRepositoryTestDeleteObjectById" />
    </UnitTest>
    <UnitTest name="BasicUser_Refresh_Success" storage="d:\actions-runner\_work\xpco\xpco\corporate\commonapi\videoos.management.vmoclient.unittests\bin\debug\net472\videoos.management.vmoclient.unittests.dll" id="1ecd105e-2dcb-d94c-5f8d-c4ecd1569d10">
      <Execution id="09fb1730-665f-48a0-9198-51d062f1ee41" />
      <TestMethod codeBase="D:\actions-runner\_work\XPCO\XPCO\Corporate\CommonAPI\VideoOS.Management.VmoClient.UnitTests\bin\Debug\net472\VideoOS.Management.VmoClient.UnitTests.dll" adapterTypeName="executor://mstestadapter/v2" className="VideoOS.Management.VmoClient.UnitTests.BasicUserTest" name="BasicUser_Refresh_Success" />
    </UnitTest>
    <UnitTest name="ServerConnection_Constructor_Null_TokenCache" storage="d:\actions-runner\_work\xpco\xpco\corporate\commonapi\videoos.management.vmoclient.unittests\bin\debug\net472\videoos.management.vmoclient.unittests.dll" id="2e7ddda3-0753-ee69-12f3-a89221333475">
      <TestCategory>
        <TestCategoryItem TestCategory="Vmo Site Connection Tests" />
      </TestCategory>
      <Execution id="d788eeae-9e87-49e2-b828-9299a67b0755" />
      <TestMethod codeBase="D:\actions-runner\_work\XPCO\XPCO\Corporate\CommonAPI\VideoOS.Management.VmoClient.UnitTests\bin\Debug\net472\VideoOS.Management.VmoClient.UnitTests.dll" adapterTypeName="executor://mstestadapter/v2" className="VideoOS.Management.VmoClient.UnitTests.Connection.ServerConnectionTest" name="ServerConnection_Constructor_Null_TokenCache" />
    </UnitTest>
    <UnitTest name="CameraDevice_RequestEdgeStorageRetrieval_Success" storage="d:\actions-runner\_work\xpco\xpco\corporate\commonapi\videoos.management.vmoclient.unittests\bin\debug\net472\videoos.management.vmoclient.unittests.dll" id="fe4dfb19-6f25-bbb5-21c9-95ea5ad94ab0">
      <Execution id="2320de69-ddcd-4a28-bc55-513ed2037a15" />
      <TestMethod codeBase="D:\actions-runner\_work\XPCO\XPCO\Corporate\CommonAPI\VideoOS.Management.VmoClient.UnitTests\bin\Debug\net472\VideoOS.Management.VmoClient.UnitTests.dll" adapterTypeName="executor://mstestadapter/v2" className="VideoOS.Management.VmoClient.UnitTests.CameraDeviceTest" name="CameraDevice_RequestEdgeStorageRetrieval_Success" />
    </UnitTest>
    <UnitTest name="MIPDeviceEvent_Constructor_DefaultValuesCorrect" storage="d:\actions-runner\_work\xpco\xpco\corporate\commonapi\videoos.management.vmoclient.unittests\bin\debug\net472\videoos.management.vmoclient.unittests.dll" id="8a13bd06-e39c-34b9-1589-dab6fc542cdc">
      <Execution id="abad2bcc-31de-4d73-a2f6-6ee0e109e095" />
      <TestMethod codeBase="D:\actions-runner\_work\XPCO\XPCO\Corporate\CommonAPI\VideoOS.Management.VmoClient.UnitTests\bin\Debug\net472\VideoOS.Management.VmoClient.UnitTests.dll" adapterTypeName="executor://mstestadapter/v2" className="VideoOS.Management.VmoClient.UnitTests.MIPDeviceEventTest" name="MIPDeviceEvent_Constructor_DefaultValuesCorrect" />
    </UnitTest>
    <UnitTest name="MarkedData_Delete_Failed_Deleted" storage="d:\actions-runner\_work\xpco\xpco\corporate\commonapi\videoos.management.vmoclient.unittests\bin\debug\net472\videoos.management.vmoclient.unittests.dll" id="d433d02d-b564-5e39-ce00-89571e93216a">
      <Execution id="53a7324c-a904-404d-9a94-8c5492c24c64" />
      <TestMethod codeBase="D:\actions-runner\_work\XPCO\XPCO\Corporate\CommonAPI\VideoOS.Management.VmoClient.UnitTests\bin\Debug\net472\VideoOS.Management.VmoClient.UnitTests.dll" adapterTypeName="executor://mstestadapter/v2" className="VideoOS.Management.VmoClient.UnitTests.MarkedDataTest" name="MarkedData_Delete_Failed_Deleted" />
    </UnitTest>
    <UnitTest name="MIPAction_Refresh_Success" storage="d:\actions-runner\_work\xpco\xpco\corporate\commonapi\videoos.management.vmoclient.unittests\bin\debug\net472\videoos.management.vmoclient.unittests.dll" id="a2b94d8f-bc5d-7cd3-30ac-b7de6576e0d9">
      <Execution id="391433c7-d433-4be0-8359-cfb3d59169a0" />
      <TestMethod codeBase="D:\actions-runner\_work\XPCO\XPCO\Corporate\CommonAPI\VideoOS.Management.VmoClient.UnitTests\bin\Debug\net472\VideoOS.Management.VmoClient.UnitTests.dll" adapterTypeName="executor://mstestadapter/v2" className="VideoOS.Management.VmoClient.UnitTests.MIPActionTest" name="MIPAction_Refresh_Success" />
    </UnitTest>
    <UnitTest name="Construct_InvalidParam_TokenCache_Null_Throws_ArgumentNullException" storage="d:\actions-runner\_work\xpco\xpco\corporate\commonapi\videoos.management.vmoclient.unittests\bin\debug\net472\videoos.management.vmoclient.unittests.dll" id="bb547e80-4431-20f5-dfd2-c93c21e69917">
      <TestCategory>
        <TestCategoryItem TestCategory="Vmo Site Connection Tests" />
      </TestCategory>
      <Execution id="6c0ed1a2-1b06-4432-a78c-99e3c269a59e" />
      <TestMethod codeBase="D:\actions-runner\_work\XPCO\XPCO\Corporate\CommonAPI\VideoOS.Management.VmoClient.UnitTests\bin\Debug\net472\VideoOS.Management.VmoClient.UnitTests.dll" adapterTypeName="executor://mstestadapter/v2" className="VideoOS.Management.VmoClient.UnitTests.Connection.SiteConnectionInfoTokenExchangeTests" name="Construct_InvalidParam_TokenCache_Null_Throws_ArgumentNullException" />
    </UnitTest>
    <UnitTest name="MIPAction_Create_Success" storage="d:\actions-runner\_work\xpco\xpco\corporate\commonapi\videoos.management.vmoclient.unittests\bin\debug\net472\videoos.management.vmoclient.unittests.dll" id="ea6dc23d-6a5a-fd7d-fef0-f6ad533702fd">
      <Execution id="f225633f-1d56-4f49-8ff9-20cf095010fd" />
      <TestMethod codeBase="D:\actions-runner\_work\XPCO\XPCO\Corporate\CommonAPI\VideoOS.Management.VmoClient.UnitTests\bin\Debug\net472\VideoOS.Management.VmoClient.UnitTests.dll" adapterTypeName="executor://mstestadapter/v2" className="VideoOS.Management.VmoClient.UnitTests.MIPActionTest" name="MIPAction_Create_Success" />
    </UnitTest>
    <UnitTest name="SunClockTimeProfile_Constructor_DefaultValuesCorrect" storage="d:\actions-runner\_work\xpco\xpco\corporate\commonapi\videoos.management.vmoclient.unittests\bin\debug\net472\videoos.management.vmoclient.unittests.dll" id="7679e6da-7885-d983-ad70-f7b5efe86762">
      <Execution id="45f124e2-742b-48da-9f4f-459482a930f5" />
      <TestMethod codeBase="D:\actions-runner\_work\XPCO\XPCO\Corporate\CommonAPI\VideoOS.Management.VmoClient.UnitTests\bin\Debug\net472\VideoOS.Management.VmoClient.UnitTests.dll" adapterTypeName="executor://mstestadapter/v2" className="VideoOS.Management.VmoClient.UnitTests.SunClockTimeProfileTest" name="SunClockTimeProfile_Constructor_DefaultValuesCorrect" />
    </UnitTest>
    <UnitTest name="RecordingStorage_ChangeEncryptionMethod_Success" storage="d:\actions-runner\_work\xpco\xpco\corporate\commonapi\videoos.management.vmoclient.unittests\bin\debug\net472\videoos.management.vmoclient.unittests.dll" id="ad8a643c-35da-9049-8612-6bdc5d70646a">
      <Execution id="3e7ae416-9e6c-4c4c-98a1-a16bf1f6c28d" />
      <TestMethod codeBase="D:\actions-runner\_work\XPCO\XPCO\Corporate\CommonAPI\VideoOS.Management.VmoClient.UnitTests\bin\Debug\net472\VideoOS.Management.VmoClient.UnitTests.dll" adapterTypeName="executor://mstestadapter/v2" className="VideoOS.Management.VmoClient.UnitTests.RecordingStorageTest" name="RecordingStorage_ChangeEncryptionMethod_Success" />
    </UnitTest>
    <UnitTest name="CameraDeviceGroup_Refresh_Failed" storage="d:\actions-runner\_work\xpco\xpco\corporate\commonapi\videoos.management.vmoclient.unittests\bin\debug\net472\videoos.management.vmoclient.unittests.dll" id="0b53b766-19fe-124b-7c75-909322adc18f">
      <Execution id="aa60ab65-aaa6-4376-853a-d042816c2ade" />
      <TestMethod codeBase="D:\actions-runner\_work\XPCO\XPCO\Corporate\CommonAPI\VideoOS.Management.VmoClient.UnitTests\bin\Debug\net472\VideoOS.Management.VmoClient.UnitTests.dll" adapterTypeName="executor://mstestadapter/v2" className="VideoOS.Management.VmoClient.UnitTests.DeviceGroupTest" name="CameraDeviceGroup_Refresh_Failed" />
    </UnitTest>
    <UnitTest name="SunClockTimeProfile_Create60WithId_CheckVersionCalled" storage="d:\actions-runner\_work\xpco\xpco\corporate\commonapi\videoos.management.vmoclient.unittests\bin\debug\net472\videoos.management.vmoclient.unittests.dll" id="9bb7c27e-9a34-4552-854e-dc6bf5c0fa3a">
      <Execution id="1d898445-1110-4583-8814-0cbfeb31f044" />
      <TestMethod codeBase="D:\actions-runner\_work\XPCO\XPCO\Corporate\CommonAPI\VideoOS.Management.VmoClient.UnitTests\bin\Debug\net472\VideoOS.Management.VmoClient.UnitTests.dll" adapterTypeName="executor://mstestadapter/v2" className="VideoOS.Management.VmoClient.UnitTests.SunClockTimeProfileTest" name="SunClockTimeProfile_Create60WithId_CheckVersionCalled" />
    </UnitTest>
    <UnitTest name="AxisTunnelServer_Refresh_Success" storage="d:\actions-runner\_work\xpco\xpco\corporate\commonapi\videoos.management.vmoclient.unittests\bin\debug\net472\videoos.management.vmoclient.unittests.dll" id="378d50bb-6943-77d7-94c0-8b61b54fab44">
      <Execution id="43b743af-ba83-4b57-9a95-bc95f187a9bf" />
      <TestMethod codeBase="D:\actions-runner\_work\XPCO\XPCO\Corporate\CommonAPI\VideoOS.Management.VmoClient.UnitTests\bin\Debug\net472\VideoOS.Management.VmoClient.UnitTests.dll" adapterTypeName="executor://mstestadapter/v2" className="VideoOS.Management.VmoClient.UnitTests.AxisTunnelServerTest" name="AxisTunnelServer_Refresh_Success" />
    </UnitTest>
    <UnitTest name="PatrollingProfile_InsertStepFirst_Create_PatrollingStep_With_WaitTime" storage="d:\actions-runner\_work\xpco\xpco\corporate\commonapi\videoos.management.vmoclient.unittests\bin\debug\net472\videoos.management.vmoclient.unittests.dll" id="9256e2c2-15b3-2564-cc37-ead6fb45b681">
      <TestCategory>
        <TestCategoryItem TestCategory="Patrolling Profile" />
      </TestCategory>
      <Execution id="8cff2305-43a8-40e7-a970-a0860cf5503a" />
      <TestMethod codeBase="D:\actions-runner\_work\XPCO\XPCO\Corporate\CommonAPI\VideoOS.Management.VmoClient.UnitTests\bin\Debug\net472\VideoOS.Management.VmoClient.UnitTests.dll" adapterTypeName="executor://mstestadapter/v2" className="VideoOS.Management.VmoClient.UnitTests.PatrollingProfileTest" name="PatrollingProfile_InsertStepFirst_Create_PatrollingStep_With_WaitTime" />
    </UnitTest>
    <UnitTest name="PublicViewGroup_Delete_Success" storage="d:\actions-runner\_work\xpco\xpco\corporate\commonapi\videoos.management.vmoclient.unittests\bin\debug\net472\videoos.management.vmoclient.unittests.dll" id="6d38dc57-e716-1916-fa31-eb339b7781ce">
      <Execution id="74c37c51-99cd-492b-a805-f60a4e2e5f73" />
      <TestMethod codeBase="D:\actions-runner\_work\XPCO\XPCO\Corporate\CommonAPI\VideoOS.Management.VmoClient.UnitTests\bin\Debug\net472\VideoOS.Management.VmoClient.UnitTests.dll" adapterTypeName="executor://mstestadapter/v2" className="VideoOS.Management.VmoClient.UnitTests.PublicViewGroupTest" name="PublicViewGroup_Delete_Success" />
    </UnitTest>
    <UnitTest name="ServerVersionConstructor_NegativeRevision_Failure" storage="d:\actions-runner\_work\xpco\xpco\corporate\commonapi\videoos.management.vmoclient.unittests\bin\debug\net472\videoos.management.vmoclient.unittests.dll" id="2b58c7ad-d6f1-b833-8ddd-93d42f9b19bc">
      <TestCategory>
        <TestCategoryItem TestCategory="Server Version" />
      </TestCategory>
      <Execution id="7e5b812e-de82-45e1-ac0b-af04c69ca14a" />
      <TestMethod codeBase="D:\actions-runner\_work\XPCO\XPCO\Corporate\CommonAPI\VideoOS.Management.VmoClient.UnitTests\bin\Debug\net472\VideoOS.Management.VmoClient.UnitTests.dll" adapterTypeName="executor://mstestadapter/v2" className="VideoOS.Management.VmoClient.Tests.ServerVersionTests" name="ServerVersionConstructor_NegativeRevision_Failure" />
    </UnitTest>
    <UnitTest name="ArchiveStorage_Move_Storage_Success" storage="d:\actions-runner\_work\xpco\xpco\corporate\commonapi\videoos.management.vmoclient.unittests\bin\debug\net472\videoos.management.vmoclient.unittests.dll" id="36afe47d-d059-aecd-61ee-8f7c215c87bd">
      <Execution id="53502157-e7fe-4638-b1f3-e54d8212725f" />
      <TestMethod codeBase="D:\actions-runner\_work\XPCO\XPCO\Corporate\CommonAPI\VideoOS.Management.VmoClient.UnitTests\bin\Debug\net472\VideoOS.Management.VmoClient.UnitTests.dll" adapterTypeName="executor://mstestadapter/v2" className="VideoOS.Management.VmoClient.UnitTests.ArchiveStorageTest" name="ArchiveStorage_Move_Storage_Success" />
    </UnitTest>
    <UnitTest name="IsAddressSchemeAllowed_Https_AllowHttp_False" storage="d:\actions-runner\_work\xpco\xpco\corporate\commonapi\videoos.management.vmoclient.unittests\bin\debug\net472\videoos.management.vmoclient.unittests.dll" id="950e39ec-c1b7-542e-8809-1780fb99f205">
      <TestCategory>
        <TestCategoryItem TestCategory="Vmo Site Connection Tests" />
      </TestCategory>
      <Execution id="4442296c-e698-42c5-8767-4c8142d0e272" />
      <TestMethod codeBase="D:\actions-runner\_work\XPCO\XPCO\Corporate\CommonAPI\VideoOS.Management.VmoClient.UnitTests\bin\Debug\net472\VideoOS.Management.VmoClient.UnitTests.dll" adapterTypeName="executor://mstestadapter/v2" className="VideoOS.Management.VmoClient.UnitTests.SiteAddressValidatorTest" name="IsAddressSchemeAllowed_Https_AllowHttp_False" />
    </UnitTest>
    <UnitTest name="ProxyClientServiceBase_CallWithRetry_Retry_MessageSecurityException" storage="d:\actions-runner\_work\xpco\xpco\corporate\commonapi\videoos.management.vmoclient.unittests\bin\debug\net472\videoos.management.vmoclient.unittests.dll" id="a05996ef-7279-5ce2-e8f8-194e08545129">
      <Execution id="19a8c357-469b-4d84-b105-7fd8f37066a0" />
      <TestMethod codeBase="D:\actions-runner\_work\XPCO\XPCO\Corporate\CommonAPI\VideoOS.Management.VmoClient.UnitTests\bin\Debug\net472\VideoOS.Management.VmoClient.UnitTests.dll" adapterTypeName="executor://mstestadapter/v2" className="VideoOS.Management.VmoClient.UnitTests.Framework.ProxyClientServiceBaseTest" name="ProxyClientServiceBase_CallWithRetry_Retry_MessageSecurityException" />
    </UnitTest>
    <UnitTest name="ServerConnection_Proxies" storage="d:\actions-runner\_work\xpco\xpco\corporate\commonapi\videoos.management.vmoclient.unittests\bin\debug\net472\videoos.management.vmoclient.unittests.dll" id="4fe26442-d718-6d01-8cf8-76e1e758a998">
      <TestCategory>
        <TestCategoryItem TestCategory="Vmo Site Connection Tests" />
      </TestCategory>
      <Execution id="94a9660a-d608-4bc7-a8f8-635ef02c5568" />
      <TestMethod codeBase="D:\actions-runner\_work\XPCO\XPCO\Corporate\CommonAPI\VideoOS.Management.VmoClient.UnitTests\bin\Debug\net472\VideoOS.Management.VmoClient.UnitTests.dll" adapterTypeName="executor://mstestadapter/v2" className="VideoOS.Management.VmoClient.UnitTests.Connection.ServerConnectionTest" name="ServerConnection_Proxies" />
    </UnitTest>
    <UnitTest name="FailoverServer_Delete_Success" storage="d:\actions-runner\_work\xpco\xpco\corporate\commonapi\videoos.management.vmoclient.unittests\bin\debug\net472\videoos.management.vmoclient.unittests.dll" id="2bf87ab2-6a88-0eb9-8c82-d8448e22b6b4">
      <Execution id="81e0be0e-ee4d-4353-893d-0fc5a2432325" />
      <TestMethod codeBase="D:\actions-runner\_work\XPCO\XPCO\Corporate\CommonAPI\VideoOS.Management.VmoClient.UnitTests\bin\Debug\net472\VideoOS.Management.VmoClient.UnitTests.dll" adapterTypeName="executor://mstestadapter/v2" className="VideoOS.Management.VmoClient.UnitTests.MIPObjectTest" name="FailoverServer_Delete_Success" />
    </UnitTest>
    <UnitTest name="ServerVersionConstructor_NegativeMinor_Failure" storage="d:\actions-runner\_work\xpco\xpco\corporate\commonapi\videoos.management.vmoclient.unittests\bin\debug\net472\videoos.management.vmoclient.unittests.dll" id="55fa85c5-d123-5ca6-f67f-cf7f03326489">
      <TestCategory>
        <TestCategoryItem TestCategory="Server Version" />
      </TestCategory>
      <Execution id="f10a3d74-7617-4f83-a7cb-5f4656e776bb" />
      <TestMethod codeBase="D:\actions-runner\_work\XPCO\XPCO\Corporate\CommonAPI\VideoOS.Management.VmoClient.UnitTests\bin\Debug\net472\VideoOS.Management.VmoClient.UnitTests.dll" adapterTypeName="executor://mstestadapter/v2" className="VideoOS.Management.VmoClient.Tests.ServerVersionTests" name="ServerVersionConstructor_NegativeMinor_Failure" />
    </UnitTest>
    <UnitTest name="VideoWall_Refresh_Success" storage="d:\actions-runner\_work\xpco\xpco\corporate\commonapi\videoos.management.vmoclient.unittests\bin\debug\net472\videoos.management.vmoclient.unittests.dll" id="6fdb1f54-f66c-cc3b-e747-47c628e57388">
      <Execution id="fa7786ae-3315-4b9e-b01c-6bf3239efe81" />
      <TestMethod codeBase="D:\actions-runner\_work\XPCO\XPCO\Corporate\CommonAPI\VideoOS.Management.VmoClient.UnitTests\bin\Debug\net472\VideoOS.Management.VmoClient.UnitTests.dll" adapterTypeName="executor://mstestadapter/v2" className="VideoOS.Management.VmoClient.UnitTests.VideoWallTest" name="VideoWall_Refresh_Success" />
    </UnitTest>
    <UnitTest name="TaskHardwareScan_StartNew_Success" storage="d:\actions-runner\_work\xpco\xpco\corporate\commonapi\videoos.management.vmoclient.unittests\bin\debug\net472\videoos.management.vmoclient.unittests.dll" id="fb9aa8e0-4570-1d25-abf0-3e9070058471">
      <Execution id="de412677-b01e-4c9c-8d56-964221569040" />
      <TestMethod codeBase="D:\actions-runner\_work\XPCO\XPCO\Corporate\CommonAPI\VideoOS.Management.VmoClient.UnitTests\bin\Debug\net472\VideoOS.Management.VmoClient.UnitTests.dll" adapterTypeName="executor://mstestadapter/v2" className="VideoOS.Management.VmoClient.UnitTests.EntityTest.TaskHardwareScanTest" name="TaskHardwareScan_StartNew_Success" />
    </UnitTest>
    <UnitTest name="PublicViewGroup_Update_Success" storage="d:\actions-runner\_work\xpco\xpco\corporate\commonapi\videoos.management.vmoclient.unittests\bin\debug\net472\videoos.management.vmoclient.unittests.dll" id="cbc4e3f4-c2e5-4325-1d8b-6b9e1501ec5b">
      <Execution id="25627091-81c0-4070-881e-c7d1711772c7" />
      <TestMethod codeBase="D:\actions-runner\_work\XPCO\XPCO\Corporate\CommonAPI\VideoOS.Management.VmoClient.UnitTests\bin\Debug\net472\VideoOS.Management.VmoClient.UnitTests.dll" adapterTypeName="executor://mstestadapter/v2" className="VideoOS.Management.VmoClient.UnitTests.PublicViewGroupTest" name="PublicViewGroup_Update_Success" />
    </UnitTest>
    <UnitTest name="TrustedIssuer_Create_CheckVersionCalled" storage="d:\actions-runner\_work\xpco\xpco\corporate\commonapi\videoos.management.vmoclient.unittests\bin\debug\net472\videoos.management.vmoclient.unittests.dll" id="8b60bca8-7666-8662-8a35-c7683a064812">
      <Execution id="cbaf542c-173b-47ec-b8b6-4181eaa13ef8" />
      <TestMethod codeBase="D:\actions-runner\_work\XPCO\XPCO\Corporate\CommonAPI\VideoOS.Management.VmoClient.UnitTests\bin\Debug\net472\VideoOS.Management.VmoClient.UnitTests.dll" adapterTypeName="executor://mstestadapter/v2" className="VideoOS.Management.VmoClient.UnitTests.TrustedIssuerTest" name="TrustedIssuer_Create_CheckVersionCalled" />
    </UnitTest>
    <UnitTest name="CameraDevice_Refresh_Fail_Not_Created" storage="d:\actions-runner\_work\xpco\xpco\corporate\commonapi\videoos.management.vmoclient.unittests\bin\debug\net472\videoos.management.vmoclient.unittests.dll" id="f0e6cec2-f5ab-7a25-7a3c-b2ab816b90b0">
      <Execution id="0c666950-b490-4f21-9b16-24d935115ab2" />
      <TestMethod codeBase="D:\actions-runner\_work\XPCO\XPCO\Corporate\CommonAPI\VideoOS.Management.VmoClient.UnitTests\bin\Debug\net472\VideoOS.Management.VmoClient.UnitTests.dll" adapterTypeName="executor://mstestadapter/v2" className="VideoOS.Management.VmoClient.UnitTests.CameraDeviceTest" name="CameraDevice_Refresh_Fail_Not_Created" />
    </UnitTest>
    <UnitTest name="PatrollingProfile_InsertStepAt_Existing_PatrollingStep" storage="d:\actions-runner\_work\xpco\xpco\corporate\commonapi\videoos.management.vmoclient.unittests\bin\debug\net472\videoos.management.vmoclient.unittests.dll" id="5df9c454-7cbe-bd55-0211-06b8f20caa18">
      <TestCategory>
        <TestCategoryItem TestCategory="Patrolling Profile" />
      </TestCategory>
      <Execution id="d9b54ab6-94b0-450c-8c15-f35e7a9a64e5" />
      <TestMethod codeBase="D:\actions-runner\_work\XPCO\XPCO\Corporate\CommonAPI\VideoOS.Management.VmoClient.UnitTests\bin\Debug\net472\VideoOS.Management.VmoClient.UnitTests.dll" adapterTypeName="executor://mstestadapter/v2" className="VideoOS.Management.VmoClient.UnitTests.PatrollingProfileTest" name="PatrollingProfile_InsertStepAt_Existing_PatrollingStep" />
    </UnitTest>
    <UnitTest name="GenericRepositoryTestRefreshObjectInternal" storage="d:\actions-runner\_work\xpco\xpco\corporate\commonapi\videoos.management.vmoclient.unittests\bin\debug\net472\videoos.management.vmoclient.unittests.dll" id="1679c0bf-524e-8e1e-0635-301a75b89d57">
      <Execution id="8a0084f2-7edb-42f0-861b-b60f9649bd7e" />
      <TestMethod codeBase="D:\actions-runner\_work\XPCO\XPCO\Corporate\CommonAPI\VideoOS.Management.VmoClient.UnitTests\bin\Debug\net472\VideoOS.Management.VmoClient.UnitTests.dll" adapterTypeName="executor://mstestadapter/v2" className="VideoOS.Management.VmoClient.UnitTests.GenericRepositoryTest" name="GenericRepositoryTestRefreshObjectInternal" />
    </UnitTest>
    <UnitTest name="View_Create_CreateViewCalled" storage="d:\actions-runner\_work\xpco\xpco\corporate\commonapi\videoos.management.vmoclient.unittests\bin\debug\net472\videoos.management.vmoclient.unittests.dll" id="4567a1c4-1bd7-7288-bf70-4855f07c61e8">
      <Execution id="c2ccccba-1f3b-4ccb-9d56-4fe65e8f31f7" />
      <TestMethod codeBase="D:\actions-runner\_work\XPCO\XPCO\Corporate\CommonAPI\VideoOS.Management.VmoClient.UnitTests\bin\Debug\net472\VideoOS.Management.VmoClient.UnitTests.dll" adapterTypeName="executor://mstestadapter/v2" className="VideoOS.Management.VmoClient.UnitTests.ViewTest" name="View_Create_CreateViewCalled" />
    </UnitTest>
    <UnitTest name="Constructor_SiteVmoConnector_Null" storage="d:\actions-runner\_work\xpco\xpco\corporate\commonapi\videoos.management.vmoclient.unittests\bin\debug\net472\videoos.management.vmoclient.unittests.dll" id="18444128-ff49-6655-1b67-01150c5bdcfa">
      <Execution id="a10c40a4-04ed-4583-9e2d-7b303506080b" />
      <TestMethod codeBase="D:\actions-runner\_work\XPCO\XPCO\Corporate\CommonAPI\VideoOS.Management.VmoClient.UnitTests\bin\Debug\net472\VideoOS.Management.VmoClient.UnitTests.dll" adapterTypeName="executor://mstestadapter/v2" className="VideoOS.Management.VmoClient.UnitTests.SiteConnectorLegacyTests" name="Constructor_SiteVmoConnector_Null" />
    </UnitTest>
    <UnitTest name="AxisOneClickCamera_Delete_Success" storage="d:\actions-runner\_work\xpco\xpco\corporate\commonapi\videoos.management.vmoclient.unittests\bin\debug\net472\videoos.management.vmoclient.unittests.dll" id="6b089662-2016-7712-224f-126a27819896">
      <Execution id="6ed864bb-1183-4392-926a-516fa39fc663" />
      <TestMethod codeBase="D:\actions-runner\_work\XPCO\XPCO\Corporate\CommonAPI\VideoOS.Management.VmoClient.UnitTests\bin\Debug\net472\VideoOS.Management.VmoClient.UnitTests.dll" adapterTypeName="executor://mstestadapter/v2" className="VideoOS.Management.VmoClient.UnitTests.AxisOneClickCameraTest" name="AxisOneClickCamera_Delete_Success" />
    </UnitTest>
    <UnitTest name="Hardware_Refresh_Success" storage="d:\actions-runner\_work\xpco\xpco\corporate\commonapi\videoos.management.vmoclient.unittests\bin\debug\net472\videoos.management.vmoclient.unittests.dll" id="5aea37a5-f0f1-77ae-5f92-fdafccaf4e6f">
      <Execution id="8286778b-75e8-4dd8-917e-7560eb5790eb" />
      <TestMethod codeBase="D:\actions-runner\_work\XPCO\XPCO\Corporate\CommonAPI\VideoOS.Management.VmoClient.UnitTests\bin\Debug\net472\VideoOS.Management.VmoClient.UnitTests.dll" adapterTypeName="executor://mstestadapter/v2" className="VideoOS.Management.VmoClient.UnitTests.HardwareTest" name="Hardware_Refresh_Success" />
    </UnitTest>
    <UnitTest name="GetSiteConnectionResultTokenExchange_VersionBelow233_Throws" storage="d:\actions-runner\_work\xpco\xpco\corporate\commonapi\videoos.management.vmoclient.unittests\bin\debug\net472\videoos.management.vmoclient.unittests.dll" id="e72ac251-d925-9985-beec-39c7f2b52b72">
      <TestCategory>
        <TestCategoryItem TestCategory="Vmo Site Connection Tests" />
      </TestCategory>
      <Execution id="51e13d5f-1260-400e-9c95-89b02570ae32" />
      <TestMethod codeBase="D:\actions-runner\_work\XPCO\XPCO\Corporate\CommonAPI\VideoOS.Management.VmoClient.UnitTests\bin\Debug\net472\VideoOS.Management.VmoClient.UnitTests.dll" adapterTypeName="executor://mstestadapter/v2" className="VideoOS.Management.VmoClient.UnitTests.SiteConnectorOAuthTest" name="GetSiteConnectionResultTokenExchange_VersionBelow233_Throws" />
    </UnitTest>
    <UnitTest name="CalendarTimeProfile_Create60WithId_CheckVersionCalled" storage="d:\actions-runner\_work\xpco\xpco\corporate\commonapi\videoos.management.vmoclient.unittests\bin\debug\net472\videoos.management.vmoclient.unittests.dll" id="f84a7119-08ac-5d8d-bd12-7860ff77976c">
      <Execution id="2162f2e9-772c-46d5-bb1c-9d4ff935318f" />
      <TestMethod codeBase="D:\actions-runner\_work\XPCO\XPCO\Corporate\CommonAPI\VideoOS.Management.VmoClient.UnitTests\bin\Debug\net472\VideoOS.Management.VmoClient.UnitTests.dll" adapterTypeName="executor://mstestadapter/v2" className="VideoOS.Management.VmoClient.UnitTests.CalendarTimeProfileTest" name="CalendarTimeProfile_Create60WithId_CheckVersionCalled" />
    </UnitTest>
    <UnitTest name="ExceptionConverter_GetConnectionConvertedException_ExceptionNull" storage="d:\actions-runner\_work\xpco\xpco\corporate\commonapi\videoos.management.vmoclient.unittests\bin\debug\net472\videoos.management.vmoclient.unittests.dll" id="abd55ea4-f6a3-38da-3aa2-cfee7dc0596c">
      <Execution id="30b933cf-c5bf-4c8f-9136-f1acab07ee45" />
      <TestMethod codeBase="D:\actions-runner\_work\XPCO\XPCO\Corporate\CommonAPI\VideoOS.Management.VmoClient.UnitTests\bin\Debug\net472\VideoOS.Management.VmoClient.UnitTests.dll" adapterTypeName="executor://mstestadapter/v2" className="VideoOS.Management.VmoClient.UnitTests.Utils.ExceptionConverterTest" name="ExceptionConverter_GetConnectionConvertedException_ExceptionNull" />
    </UnitTest>
    <UnitTest name="ExceptionConverter_GetConnectionConvertedException_SecurityNegotiationException" storage="d:\actions-runner\_work\xpco\xpco\corporate\commonapi\videoos.management.vmoclient.unittests\bin\debug\net472\videoos.management.vmoclient.unittests.dll" id="e162973a-6b58-87ba-a821-f51b2b4c682d">
      <Execution id="77a2de8b-9dcf-4d6a-b453-6f608221ada9" />
      <TestMethod codeBase="D:\actions-runner\_work\XPCO\XPCO\Corporate\CommonAPI\VideoOS.Management.VmoClient.UnitTests\bin\Debug\net472\VideoOS.Management.VmoClient.UnitTests.dll" adapterTypeName="executor://mstestadapter/v2" className="VideoOS.Management.VmoClient.UnitTests.Utils.ExceptionConverterTest" name="ExceptionConverter_GetConnectionConvertedException_SecurityNegotiationException" />
    </UnitTest>
    <UnitTest name="Grid_Constructor_Null_Grid" storage="d:\actions-runner\_work\xpco\xpco\corporate\commonapi\videoos.management.vmoclient.unittests\bin\debug\net472\videoos.management.vmoclient.unittests.dll" id="e245b214-fe82-d416-72b8-33d224c8af24">
      <TestCategory>
        <TestCategoryItem TestCategory="Grid" />
      </TestCategory>
      <Execution id="d8b052d6-e2af-409d-9099-956ce517f511" />
      <TestMethod codeBase="D:\actions-runner\_work\XPCO\XPCO\Corporate\CommonAPI\VideoOS.Management.VmoClient.UnitTests\bin\Debug\net472\VideoOS.Management.VmoClient.UnitTests.dll" adapterTypeName="executor://mstestadapter/v2" className="VideoOS.Management.VmoClient.UnitTests.GridTest" name="Grid_Constructor_Null_Grid" />
    </UnitTest>
    <UnitTest name="Role_Remove_Member_Check_Object_Created" storage="d:\actions-runner\_work\xpco\xpco\corporate\commonapi\videoos.management.vmoclient.unittests\bin\debug\net472\videoos.management.vmoclient.unittests.dll" id="90d415cb-4395-97f2-c868-ee564cc45376">
      <Execution id="b63aa279-deb9-4c17-80a9-cf81f5f1b614" />
      <TestMethod codeBase="D:\actions-runner\_work\XPCO\XPCO\Corporate\CommonAPI\VideoOS.Management.VmoClient.UnitTests\bin\Debug\net472\VideoOS.Management.VmoClient.UnitTests.dll" adapterTypeName="executor://mstestadapter/v2" className="VideoOS.Management.VmoClient.UnitTests.RoleTest" name="Role_Remove_Member_Check_Object_Created" />
    </UnitTest>
    <UnitTest name="RetentionOptionRoleRelation_Constructor_Name_Null_Check" storage="d:\actions-runner\_work\xpco\xpco\corporate\commonapi\videoos.management.vmoclient.unittests\bin\debug\net472\videoos.management.vmoclient.unittests.dll" id="21da7965-2df6-0853-1b3d-be7597e928c8">
      <Execution id="1b915b6f-61d4-487e-bac5-10fb62db9f0e" />
      <TestMethod codeBase="D:\actions-runner\_work\XPCO\XPCO\Corporate\CommonAPI\VideoOS.Management.VmoClient.UnitTests\bin\Debug\net472\VideoOS.Management.VmoClient.UnitTests.dll" adapterTypeName="executor://mstestadapter/v2" className="VideoOS.Management.VmoClient.UnitTests.RetentionOptionRoleRelationTest" name="RetentionOptionRoleRelation_Constructor_Name_Null_Check" />
    </UnitTest>
    <UnitTest name="Role_Add_Member_Check_User_Exists" storage="d:\actions-runner\_work\xpco\xpco\corporate\commonapi\videoos.management.vmoclient.unittests\bin\debug\net472\videoos.management.vmoclient.unittests.dll" id="b6d9d478-8ef2-92db-c5f4-aeaad5b52df1">
      <Execution id="a27b6091-f0a8-4b56-a4f6-b046794c736b" />
      <TestMethod codeBase="D:\actions-runner\_work\XPCO\XPCO\Corporate\CommonAPI\VideoOS.Management.VmoClient.UnitTests\bin\Debug\net472\VideoOS.Management.VmoClient.UnitTests.dll" adapterTypeName="executor://mstestadapter/v2" className="VideoOS.Management.VmoClient.UnitTests.RoleTest" name="Role_Add_Member_Check_User_Exists" />
    </UnitTest>
    <UnitTest name="RecordingStorage_Create_Success_Constructor" storage="d:\actions-runner\_work\xpco\xpco\corporate\commonapi\videoos.management.vmoclient.unittests\bin\debug\net472\videoos.management.vmoclient.unittests.dll" id="eb7abcdf-4edc-43d5-2925-69a90945f9a5">
      <Execution id="1a3381ee-e9b6-4d48-a3c7-cf08de7cc0df" />
      <TestMethod codeBase="D:\actions-runner\_work\XPCO\XPCO\Corporate\CommonAPI\VideoOS.Management.VmoClient.UnitTests\bin\Debug\net472\VideoOS.Management.VmoClient.UnitTests.dll" adapterTypeName="executor://mstestadapter/v2" className="VideoOS.Management.VmoClient.UnitTests.RecordingStorageTest" name="RecordingStorage_Create_Success_Constructor" />
    </UnitTest>
    <UnitTest name="TryConnectLegacy_GivenBrokenServerConnection_ShouldDisposeAndReturnNull" storage="d:\actions-runner\_work\xpco\xpco\corporate\commonapi\videoos.management.vmoclient.unittests\bin\debug\net472\videoos.management.vmoclient.unittests.dll" id="7fc25b4c-7a44-8747-306b-6270bd640883">
      <Execution id="e2fb2f43-7837-433b-a953-e159db665a06" />
      <TestMethod codeBase="D:\actions-runner\_work\XPCO\XPCO\Corporate\CommonAPI\VideoOS.Management.VmoClient.UnitTests\bin\Debug\net472\VideoOS.Management.VmoClient.UnitTests.dll" adapterTypeName="executor://mstestadapter/v2" className="VideoOS.Management.VmoClient.UnitTests.SiteVmoConnectorTests" name="TryConnectLegacy_GivenBrokenServerConnection_ShouldDisposeAndReturnNull" />
    </UnitTest>
    <UnitTest name="TaskDeleteIdpAdmin_Refresh_Success" storage="d:\actions-runner\_work\xpco\xpco\corporate\commonapi\videoos.management.vmoclient.unittests\bin\debug\net472\videoos.management.vmoclient.unittests.dll" id="2831d34d-42eb-1c85-a174-a1b3b1f5bc8c">
      <Execution id="57052765-6bd5-4fe2-ac37-a165db871c11" />
      <TestMethod codeBase="D:\actions-runner\_work\XPCO\XPCO\Corporate\CommonAPI\VideoOS.Management.VmoClient.UnitTests\bin\Debug\net472\VideoOS.Management.VmoClient.UnitTests.dll" adapterTypeName="executor://mstestadapter/v2" className="VideoOS.Management.VmoClient.UnitTests.TaskDeleteIdpAdminTest" name="TaskDeleteIdpAdmin_Refresh_Success" />
    </UnitTest>
    <UnitTest name="GetSiteConnectionResultTokenExchange_WorkingAddress_Success" storage="d:\actions-runner\_work\xpco\xpco\corporate\commonapi\videoos.management.vmoclient.unittests\bin\debug\net472\videoos.management.vmoclient.unittests.dll" id="6f0b8c98-8588-07f7-166d-268e8ae0533d">
      <TestCategory>
        <TestCategoryItem TestCategory="Vmo Site Connection Tests" />
      </TestCategory>
      <Execution id="8e94aac8-5006-4600-980e-8acde9d26468" />
      <TestMethod codeBase="D:\actions-runner\_work\XPCO\XPCO\Corporate\CommonAPI\VideoOS.Management.VmoClient.UnitTests\bin\Debug\net472\VideoOS.Management.VmoClient.UnitTests.dll" adapterTypeName="executor://mstestadapter/v2" className="VideoOS.Management.VmoClient.UnitTests.SiteConnectorOAuthTest" name="GetSiteConnectionResultTokenExchange_WorkingAddress_Success" />
    </UnitTest>
    <UnitTest name="Grid_IncreaseGridSize_NumberOfCellsIncreased" storage="d:\actions-runner\_work\xpco\xpco\corporate\commonapi\videoos.management.vmoclient.unittests\bin\debug\net472\videoos.management.vmoclient.unittests.dll" id="c5328cb2-b885-8b14-28e8-5a9ee0576b7c">
      <TestCategory>
        <TestCategoryItem TestCategory="Grid" />
      </TestCategory>
      <Execution id="66cf1c6e-839e-4a04-878e-e95df886d811" />
      <TestMethod codeBase="D:\actions-runner\_work\XPCO\XPCO\Corporate\CommonAPI\VideoOS.Management.VmoClient.UnitTests\bin\Debug\net472\VideoOS.Management.VmoClient.UnitTests.dll" adapterTypeName="executor://mstestadapter/v2" className="VideoOS.Management.VmoClient.UnitTests.GridTest" name="Grid_IncreaseGridSize_NumberOfCellsIncreased" />
    </UnitTest>
    <UnitTest name="CalendarTimeProfile_Repository_Registered" storage="d:\actions-runner\_work\xpco\xpco\corporate\commonapi\videoos.management.vmoclient.unittests\bin\debug\net472\videoos.management.vmoclient.unittests.dll" id="1631baa5-9f8e-cd43-391f-bd6c48e5df61">
      <Execution id="91e247e9-c9b2-478b-9d51-fe4a950ec103" />
      <TestMethod codeBase="D:\actions-runner\_work\XPCO\XPCO\Corporate\CommonAPI\VideoOS.Management.VmoClient.UnitTests\bin\Debug\net472\VideoOS.Management.VmoClient.UnitTests.dll" adapterTypeName="executor://mstestadapter/v2" className="VideoOS.Management.VmoClient.UnitTests.CalendarTimeProfileTest" name="CalendarTimeProfile_Repository_Registered" />
    </UnitTest>
    <UnitTest name="Contains_GivenConfiguredAddressesAndConnectedSite_ShouldSuccess" storage="d:\actions-runner\_work\xpco\xpco\corporate\commonapi\videoos.management.vmoclient.unittests\bin\debug\net472\videoos.management.vmoclient.unittests.dll" id="dff86f00-adf8-0959-76ac-186ea08e59bd">
      <Execution id="51fbd087-0bf3-4c19-bec9-97d8e5ef3924" />
      <TestMethod codeBase="D:\actions-runner\_work\XPCO\XPCO\Corporate\CommonAPI\VideoOS.Management.VmoClient.UnitTests\bin\Debug\net472\VideoOS.Management.VmoClient.UnitTests.dll" adapterTypeName="executor://mstestadapter/v2" className="VideoOS.Management.VmoClient.UnitTests.SiteTokenCacheStoreTests" name="Contains_GivenConfiguredAddressesAndConnectedSite_ShouldSuccess" />
    </UnitTest>
    <UnitTest name="BasicUser_Create_CheckVersionCalled" storage="d:\actions-runner\_work\xpco\xpco\corporate\commonapi\videoos.management.vmoclient.unittests\bin\debug\net472\videoos.management.vmoclient.unittests.dll" id="8552ab44-7a6f-6aba-f3c7-d5e39cdc2d87">
      <Execution id="552bf3f2-e0dc-47b0-b5d7-c50d1568a214" />
      <TestMethod codeBase="D:\actions-runner\_work\XPCO\XPCO\Corporate\CommonAPI\VideoOS.Management.VmoClient.UnitTests\bin\Debug\net472\VideoOS.Management.VmoClient.UnitTests.dll" adapterTypeName="executor://mstestadapter/v2" className="VideoOS.Management.VmoClient.UnitTests.BasicUserTest" name="BasicUser_Create_CheckVersionCalled" />
    </UnitTest>
    <UnitTest name="Role_Constructor_Name_Null_Check" storage="d:\actions-runner\_work\xpco\xpco\corporate\commonapi\videoos.management.vmoclient.unittests\bin\debug\net472\videoos.management.vmoclient.unittests.dll" id="98895487-e543-858e-a04b-ff97ec968ee8">
      <Execution id="6b38b513-b573-4af8-99db-d4e2ec11b866" />
      <TestMethod codeBase="D:\actions-runner\_work\XPCO\XPCO\Corporate\CommonAPI\VideoOS.Management.VmoClient.UnitTests\bin\Debug\net472\VideoOS.Management.VmoClient.UnitTests.dll" adapterTypeName="executor://mstestadapter/v2" className="VideoOS.Management.VmoClient.UnitTests.RoleTest" name="Role_Constructor_Name_Null_Check" />
    </UnitTest>
    <UnitTest name="PatrollingProfile_InsertStepLast_Create_PatrollingStep_Position" storage="d:\actions-runner\_work\xpco\xpco\corporate\commonapi\videoos.management.vmoclient.unittests\bin\debug\net472\videoos.management.vmoclient.unittests.dll" id="6c5d1332-af3b-91c1-59bc-8fe9b87ba72d">
      <TestCategory>
        <TestCategoryItem TestCategory="Patrolling Profile" />
      </TestCategory>
      <Execution id="4531cd8f-158d-4ef6-8979-907e6b9c8888" />
      <TestMethod codeBase="D:\actions-runner\_work\XPCO\XPCO\Corporate\CommonAPI\VideoOS.Management.VmoClient.UnitTests\bin\Debug\net472\VideoOS.Management.VmoClient.UnitTests.dll" adapterTypeName="executor://mstestadapter/v2" className="VideoOS.Management.VmoClient.UnitTests.PatrollingProfileTest" name="PatrollingProfile_InsertStepLast_Create_PatrollingStep_Position" />
    </UnitTest>
    <UnitTest name="PatrollingProfile_InsertStepFirst_Create_PatrollingStep_With_ExpectedTransitionTime" storage="d:\actions-runner\_work\xpco\xpco\corporate\commonapi\videoos.management.vmoclient.unittests\bin\debug\net472\videoos.management.vmoclient.unittests.dll" id="654824da-831c-dce2-815c-052433d506ed">
      <TestCategory>
        <TestCategoryItem TestCategory="Patrolling Profile" />
      </TestCategory>
      <Execution id="8d723b39-d2f2-45a8-8b65-ef9653e44810" />
      <TestMethod codeBase="D:\actions-runner\_work\XPCO\XPCO\Corporate\CommonAPI\VideoOS.Management.VmoClient.UnitTests\bin\Debug\net472\VideoOS.Management.VmoClient.UnitTests.dll" adapterTypeName="executor://mstestadapter/v2" className="VideoOS.Management.VmoClient.UnitTests.PatrollingProfileTest" name="PatrollingProfile_InsertStepFirst_Create_PatrollingStep_With_ExpectedTransitionTime" />
    </UnitTest>
    <UnitTest name="Role_Constructor_Username_Empty_Check" storage="d:\actions-runner\_work\xpco\xpco\corporate\commonapi\videoos.management.vmoclient.unittests\bin\debug\net472\videoos.management.vmoclient.unittests.dll" id="56664e51-8a57-337b-0f92-b756a8f3bab6">
      <Execution id="1ac63cc4-2d27-4151-a83a-1da190b1433a" />
      <TestMethod codeBase="D:\actions-runner\_work\XPCO\XPCO\Corporate\CommonAPI\VideoOS.Management.VmoClient.UnitTests\bin\Debug\net472\VideoOS.Management.VmoClient.UnitTests.dll" adapterTypeName="executor://mstestadapter/v2" className="VideoOS.Management.VmoClient.UnitTests.RoleTest" name="Role_Constructor_Username_Empty_Check" />
    </UnitTest>
    <UnitTest name="ExceptionConverter_GetConnectionConvertedException_TimeoutException" storage="d:\actions-runner\_work\xpco\xpco\corporate\commonapi\videoos.management.vmoclient.unittests\bin\debug\net472\videoos.management.vmoclient.unittests.dll" id="aeab3429-d90c-d2f2-7b84-011732585310">
      <Execution id="f54b4076-e755-4bd1-926d-5e86962244ce" />
      <TestMethod codeBase="D:\actions-runner\_work\XPCO\XPCO\Corporate\CommonAPI\VideoOS.Management.VmoClient.UnitTests\bin\Debug\net472\VideoOS.Management.VmoClient.UnitTests.dll" adapterTypeName="executor://mstestadapter/v2" className="VideoOS.Management.VmoClient.UnitTests.Utils.ExceptionConverterTest" name="ExceptionConverter_GetConnectionConvertedException_TimeoutException" />
    </UnitTest>
    <UnitTest name="TaskRepairing_Refresh_Success" storage="d:\actions-runner\_work\xpco\xpco\corporate\commonapi\videoos.management.vmoclient.unittests\bin\debug\net472\videoos.management.vmoclient.unittests.dll" id="74227176-8c7a-ec65-bd11-5456d1514c33">
      <Execution id="ea9b345b-7927-4532-b349-4736e24d9122" />
      <TestMethod codeBase="D:\actions-runner\_work\XPCO\XPCO\Corporate\CommonAPI\VideoOS.Management.VmoClient.UnitTests\bin\Debug\net472\VideoOS.Management.VmoClient.UnitTests.dll" adapterTypeName="executor://mstestadapter/v2" className="VideoOS.Management.VmoClient.UnitTests.TaskRepairingTest" name="TaskRepairing_Refresh_Success" />
    </UnitTest>
    <UnitTest name="UserDefinedEvent_Create_CheckVersionNotCalled" storage="d:\actions-runner\_work\xpco\xpco\corporate\commonapi\videoos.management.vmoclient.unittests\bin\debug\net472\videoos.management.vmoclient.unittests.dll" id="049a46f8-17e3-1e45-9757-3437f732b6aa">
      <Execution id="8b11297c-d662-4d5f-b1c8-c4fb340d057c" />
      <TestMethod codeBase="D:\actions-runner\_work\XPCO\XPCO\Corporate\CommonAPI\VideoOS.Management.VmoClient.UnitTests\bin\Debug\net472\VideoOS.Management.VmoClient.UnitTests.dll" adapterTypeName="executor://mstestadapter/v2" className="VideoOS.Management.VmoClient.UnitTests.UserDefinedEventTest" name="UserDefinedEvent_Create_CheckVersionNotCalled" />
    </UnitTest>
    <UnitTest name="View_Constructor_DefaultValuesCorrect" storage="d:\actions-runner\_work\xpco\xpco\corporate\commonapi\videoos.management.vmoclient.unittests\bin\debug\net472\videoos.management.vmoclient.unittests.dll" id="769dd84a-9fda-bf63-7d8c-498ec36290b9">
      <Execution id="2708a0c6-b2c0-4f13-a1f3-9fd2b53218f7" />
      <TestMethod codeBase="D:\actions-runner\_work\XPCO\XPCO\Corporate\CommonAPI\VideoOS.Management.VmoClient.UnitTests\bin\Debug\net472\VideoOS.Management.VmoClient.UnitTests.dll" adapterTypeName="executor://mstestadapter/v2" className="VideoOS.Management.VmoClient.UnitTests.ViewTest" name="View_Constructor_DefaultValuesCorrect" />
    </UnitTest>
    <UnitTest name="CalendarTimeProfile_Create_Failed_Constructor" storage="d:\actions-runner\_work\xpco\xpco\corporate\commonapi\videoos.management.vmoclient.unittests\bin\debug\net472\videoos.management.vmoclient.unittests.dll" id="722d9eec-0ab4-46ca-c561-68fe91ad8831">
      <Execution id="de083e18-9146-489a-84f4-916cda9452d0" />
      <TestMethod codeBase="D:\actions-runner\_work\XPCO\XPCO\Corporate\CommonAPI\VideoOS.Management.VmoClient.UnitTests\bin\Debug\net472\VideoOS.Management.VmoClient.UnitTests.dll" adapterTypeName="executor://mstestadapter/v2" className="VideoOS.Management.VmoClient.UnitTests.CalendarTimeProfileTest" name="CalendarTimeProfile_Create_Failed_Constructor" />
    </UnitTest>
    <UnitTest name="Construct_Full_Success" storage="d:\actions-runner\_work\xpco\xpco\corporate\commonapi\videoos.management.vmoclient.unittests\bin\debug\net472\videoos.management.vmoclient.unittests.dll" id="ba974f5f-9411-20b3-a2dc-bb1aa9a6b6b6">
      <TestCategory>
        <TestCategoryItem TestCategory="Vmo Site Connection Tests" />
      </TestCategory>
      <Execution id="e2231695-2a9c-4e9e-a5c1-c7ff2a2eca20" />
      <TestMethod codeBase="D:\actions-runner\_work\XPCO\XPCO\Corporate\CommonAPI\VideoOS.Management.VmoClient.UnitTests\bin\Debug\net472\VideoOS.Management.VmoClient.UnitTests.dll" adapterTypeName="executor://mstestadapter/v2" className="VideoOS.Management.VmoClient.UnitTests.Connection.SiteConnectorFactoryTests" name="Construct_Full_Success" />
    </UnitTest>
    <UnitTest name="RetentionOptionRoleRelation_Create_CheckVersionCalled" storage="d:\actions-runner\_work\xpco\xpco\corporate\commonapi\videoos.management.vmoclient.unittests\bin\debug\net472\videoos.management.vmoclient.unittests.dll" id="0585b760-df55-b1f8-64b7-3a68e2bec584">
      <Execution id="d638b4b5-dc6d-45c5-b2f7-746a09992228" />
      <TestMethod codeBase="D:\actions-runner\_work\XPCO\XPCO\Corporate\CommonAPI\VideoOS.Management.VmoClient.UnitTests\bin\Debug\net472\VideoOS.Management.VmoClient.UnitTests.dll" adapterTypeName="executor://mstestadapter/v2" className="VideoOS.Management.VmoClient.UnitTests.RetentionOptionRoleRelationTest" name="RetentionOptionRoleRelation_Create_CheckVersionCalled" />
    </UnitTest>
    <UnitTest name="Role_Update_Success" storage="d:\actions-runner\_work\xpco\xpco\corporate\commonapi\videoos.management.vmoclient.unittests\bin\debug\net472\videoos.management.vmoclient.unittests.dll" id="16cb513f-1296-dccb-4302-b40b54e4775b">
      <Execution id="e59ee10e-b927-4338-be1e-eb99e8bd57ce" />
      <TestMethod codeBase="D:\actions-runner\_work\XPCO\XPCO\Corporate\CommonAPI\VideoOS.Management.VmoClient.UnitTests\bin\Debug\net472\VideoOS.Management.VmoClient.UnitTests.dll" adapterTypeName="executor://mstestadapter/v2" className="VideoOS.Management.VmoClient.UnitTests.RoleTest" name="Role_Update_Success" />
    </UnitTest>
    <UnitTest name="TrustedIssuer_CreateOnUnsupportedVersion_Throws" storage="d:\actions-runner\_work\xpco\xpco\corporate\commonapi\videoos.management.vmoclient.unittests\bin\debug\net472\videoos.management.vmoclient.unittests.dll" id="14306806-5df6-e412-4f79-2dc2e069e389">
      <Execution id="51fbc8f0-e3de-484e-af9c-27219c2a41fe" />
      <TestMethod codeBase="D:\actions-runner\_work\XPCO\XPCO\Corporate\CommonAPI\VideoOS.Management.VmoClient.UnitTests\bin\Debug\net472\VideoOS.Management.VmoClient.UnitTests.dll" adapterTypeName="executor://mstestadapter/v2" className="VideoOS.Management.VmoClient.UnitTests.TrustedIssuerTest" name="TrustedIssuer_CreateOnUnsupportedVersion_Throws" />
    </UnitTest>
    <UnitTest name="FailoverServer_Delete_Failed" storage="d:\actions-runner\_work\xpco\xpco\corporate\commonapi\videoos.management.vmoclient.unittests\bin\debug\net472\videoos.management.vmoclient.unittests.dll" id="146e684e-5ac9-f0ec-1f58-c3178bb318b4">
      <Execution id="70671807-1846-4b2a-9ae2-9d241b9a56c4" />
      <TestMethod codeBase="D:\actions-runner\_work\XPCO\XPCO\Corporate\CommonAPI\VideoOS.Management.VmoClient.UnitTests\bin\Debug\net472\VideoOS.Management.VmoClient.UnitTests.dll" adapterTypeName="executor://mstestadapter/v2" className="VideoOS.Management.VmoClient.UnitTests.FailoverServerTest" name="FailoverServer_Delete_Failed" />
    </UnitTest>
    <UnitTest name="RecordingStorage_Set_As_Default_Failed_Not_Created" storage="d:\actions-runner\_work\xpco\xpco\corporate\commonapi\videoos.management.vmoclient.unittests\bin\debug\net472\videoos.management.vmoclient.unittests.dll" id="f9ad11b2-10fa-d297-cda1-cf93f159844d">
      <Execution id="8f004f14-869f-4494-8e57-4b23af8483e9" />
      <TestMethod codeBase="D:\actions-runner\_work\XPCO\XPCO\Corporate\CommonAPI\VideoOS.Management.VmoClient.UnitTests\bin\Debug\net472\VideoOS.Management.VmoClient.UnitTests.dll" adapterTypeName="executor://mstestadapter/v2" className="VideoOS.Management.VmoClient.UnitTests.RecordingStorageTest" name="RecordingStorage_Set_As_Default_Failed_Not_Created" />
    </UnitTest>
    <UnitTest name="ArchiveStorage_Create_CheckVersionNotCalled" storage="d:\actions-runner\_work\xpco\xpco\corporate\commonapi\videoos.management.vmoclient.unittests\bin\debug\net472\videoos.management.vmoclient.unittests.dll" id="fddc68b9-38b3-f313-9510-e8e9def595c4">
      <Execution id="bc9a8ea5-7829-4274-9b0d-61d7dcc10f73" />
      <TestMethod codeBase="D:\actions-runner\_work\XPCO\XPCO\Corporate\CommonAPI\VideoOS.Management.VmoClient.UnitTests\bin\Debug\net472\VideoOS.Management.VmoClient.UnitTests.dll" adapterTypeName="executor://mstestadapter/v2" className="VideoOS.Management.VmoClient.UnitTests.ArchiveStorageTest" name="ArchiveStorage_Create_CheckVersionNotCalled" />
    </UnitTest>
    <UnitTest name="PerformanceStateRuleConfig_Create_Success" storage="d:\actions-runner\_work\xpco\xpco\corporate\commonapi\videoos.management.vmoclient.unittests\bin\debug\net472\videoos.management.vmoclient.unittests.dll" id="964d90a7-eafe-a3dd-426c-46d174d14182">
      <Execution id="3910740b-23d9-4352-a1b5-d0f622eecd36" />
      <TestMethod codeBase="D:\actions-runner\_work\XPCO\XPCO\Corporate\CommonAPI\VideoOS.Management.VmoClient.UnitTests\bin\Debug\net472\VideoOS.Management.VmoClient.UnitTests.dll" adapterTypeName="executor://mstestadapter/v2" className="VideoOS.Management.VmoClient.UnitTests.PerformanceStateRuleConfigTest" name="PerformanceStateRuleConfig_Create_Success" />
    </UnitTest>
    <UnitTest name="RuleSource_Update_Success" storage="d:\actions-runner\_work\xpco\xpco\corporate\commonapi\videoos.management.vmoclient.unittests\bin\debug\net472\videoos.management.vmoclient.unittests.dll" id="8570fdae-a30e-700e-4461-5f4669654249">
      <Execution id="793c1b8d-0e70-4a32-a2d1-606d1e234b96" />
      <TestMethod codeBase="D:\actions-runner\_work\XPCO\XPCO\Corporate\CommonAPI\VideoOS.Management.VmoClient.UnitTests\bin\Debug\net472\VideoOS.Management.VmoClient.UnitTests.dll" adapterTypeName="executor://mstestadapter/v2" className="VideoOS.Management.VmoClient.UnitTests.RuleSourceTest" name="RuleSource_Update_Success" />
    </UnitTest>
    <UnitTest name="RuleSource_Delete_Success" storage="d:\actions-runner\_work\xpco\xpco\corporate\commonapi\videoos.management.vmoclient.unittests\bin\debug\net472\videoos.management.vmoclient.unittests.dll" id="9b7a8739-3bd6-92dc-ebfd-c59dde439192">
      <Execution id="8ea2fa3f-c5b1-4eb8-a43d-9dddc510847e" />
      <TestMethod codeBase="D:\actions-runner\_work\XPCO\XPCO\Corporate\CommonAPI\VideoOS.Management.VmoClient.UnitTests\bin\Debug\net472\VideoOS.Management.VmoClient.UnitTests.dll" adapterTypeName="executor://mstestadapter/v2" className="VideoOS.Management.VmoClient.UnitTests.RuleSourceTest" name="RuleSource_Delete_Success" />
    </UnitTest>
    <UnitTest name="Constructor_NullSiteAddressCache_Throws" storage="d:\actions-runner\_work\xpco\xpco\corporate\commonapi\videoos.management.vmoclient.unittests\bin\debug\net472\videoos.management.vmoclient.unittests.dll" id="e03ff53e-5f52-05d1-7a0e-f766f53821c3">
      <TestCategory>
        <TestCategoryItem TestCategory="Vmo Site Connection Tests" />
      </TestCategory>
      <Execution id="7c10852d-03dd-4622-9313-f0ba839d9c46" />
      <TestMethod codeBase="D:\actions-runner\_work\XPCO\XPCO\Corporate\CommonAPI\VideoOS.Management.VmoClient.UnitTests\bin\Debug\net472\VideoOS.Management.VmoClient.UnitTests.dll" adapterTypeName="executor://mstestadapter/v2" className="VideoOS.Management.VmoClient.UnitTests.SiteConnectorOAuthTest" name="Constructor_NullSiteAddressCache_Throws" />
    </UnitTest>
    <UnitTest name="UserDefinedEvent_Create_Success" storage="d:\actions-runner\_work\xpco\xpco\corporate\commonapi\videoos.management.vmoclient.unittests\bin\debug\net472\videoos.management.vmoclient.unittests.dll" id="ee43794d-5b26-f495-2efa-6d0f046df9d0">
      <Execution id="8ffbe5b6-cb33-4df0-b4ce-249fa7b3b3aa" />
      <TestMethod codeBase="D:\actions-runner\_work\XPCO\XPCO\Corporate\CommonAPI\VideoOS.Management.VmoClient.UnitTests\bin\Debug\net472\VideoOS.Management.VmoClient.UnitTests.dll" adapterTypeName="executor://mstestadapter/v2" className="VideoOS.Management.VmoClient.UnitTests.UserDefinedEventTest" name="UserDefinedEvent_Create_Success" />
    </UnitTest>
    <UnitTest name="ServerVersionConstructor_CompareToObjNull_Success" storage="d:\actions-runner\_work\xpco\xpco\corporate\commonapi\videoos.management.vmoclient.unittests\bin\debug\net472\videoos.management.vmoclient.unittests.dll" id="d3620e51-7eec-32f0-d524-de91a027a0fe">
      <TestCategory>
        <TestCategoryItem TestCategory="Server Version" />
      </TestCategory>
      <Execution id="5439c52a-6fa5-4165-9b58-3d888830d641" />
      <TestMethod codeBase="D:\actions-runner\_work\XPCO\XPCO\Corporate\CommonAPI\VideoOS.Management.VmoClient.UnitTests\bin\Debug\net472\VideoOS.Management.VmoClient.UnitTests.dll" adapterTypeName="executor://mstestadapter/v2" className="VideoOS.Management.VmoClient.Tests.ServerVersionTests" name="ServerVersionConstructor_CompareToObjNull_Success" />
    </UnitTest>
    <UnitTest name="PerformanceStateRuleConfig_Create_CheckVersionCalled" storage="d:\actions-runner\_work\xpco\xpco\corporate\commonapi\videoos.management.vmoclient.unittests\bin\debug\net472\videoos.management.vmoclient.unittests.dll" id="142f3b3a-0646-9d8d-6da9-6000595864a3">
      <Execution id="60fe3a8b-27f2-484e-a6c8-06f9cffec171" />
      <TestMethod codeBase="D:\actions-runner\_work\XPCO\XPCO\Corporate\CommonAPI\VideoOS.Management.VmoClient.UnitTests\bin\Debug\net472\VideoOS.Management.VmoClient.UnitTests.dll" adapterTypeName="executor://mstestadapter/v2" className="VideoOS.Management.VmoClient.UnitTests.PerformanceStateRuleConfigTest" name="PerformanceStateRuleConfig_Create_CheckVersionCalled" />
    </UnitTest>
    <UnitTest name="TaskSetEncryptionPassword_StartNew_Success" storage="d:\actions-runner\_work\xpco\xpco\corporate\commonapi\videoos.management.vmoclient.unittests\bin\debug\net472\videoos.management.vmoclient.unittests.dll" id="a8a4d357-c8cd-8240-8b9c-a04d7fb1a6f1">
      <Execution id="233eea61-6a00-4977-9c6a-26f91abef03f" />
      <TestMethod codeBase="D:\actions-runner\_work\XPCO\XPCO\Corporate\CommonAPI\VideoOS.Management.VmoClient.UnitTests\bin\Debug\net472\VideoOS.Management.VmoClient.UnitTests.dll" adapterTypeName="executor://mstestadapter/v2" className="VideoOS.Management.VmoClient.UnitTests.TaskSetEncryptionPasswordTest" name="TaskSetEncryptionPassword_StartNew_Success" />
    </UnitTest>
    <UnitTest name="CameraDevice_TruncateStorage_Success" storage="d:\actions-runner\_work\xpco\xpco\corporate\commonapi\videoos.management.vmoclient.unittests\bin\debug\net472\videoos.management.vmoclient.unittests.dll" id="850c56f6-ec9e-0b01-b9be-31c9b8aac49f">
      <Execution id="e23d3e52-1c39-462d-8b6e-c6f6a09242de" />
      <TestMethod codeBase="D:\actions-runner\_work\XPCO\XPCO\Corporate\CommonAPI\VideoOS.Management.VmoClient.UnitTests\bin\Debug\net472\VideoOS.Management.VmoClient.UnitTests.dll" adapterTypeName="executor://mstestadapter/v2" className="VideoOS.Management.VmoClient.UnitTests.CameraDeviceTest" name="CameraDevice_TruncateStorage_Success" />
    </UnitTest>
    <UnitTest name="BasicUser_Constructor_CheckForVersion_6_0_and_throws" storage="d:\actions-runner\_work\xpco\xpco\corporate\commonapi\videoos.management.vmoclient.unittests\bin\debug\net472\videoos.management.vmoclient.unittests.dll" id="25a5ab42-4069-42e8-44fe-e6aa176b4883">
      <Execution id="07c13b17-ca48-4702-9cef-9bd27ed4df20" />
      <TestMethod codeBase="D:\actions-runner\_work\XPCO\XPCO\Corporate\CommonAPI\VideoOS.Management.VmoClient.UnitTests\bin\Debug\net472\VideoOS.Management.VmoClient.UnitTests.dll" adapterTypeName="executor://mstestadapter/v2" className="VideoOS.Management.VmoClient.UnitTests.BasicUserTest" name="BasicUser_Constructor_CheckForVersion_6_0_and_throws" />
    </UnitTest>
    <UnitTest name="Grid_GetGridAsString_Success" storage="d:\actions-runner\_work\xpco\xpco\corporate\commonapi\videoos.management.vmoclient.unittests\bin\debug\net472\videoos.management.vmoclient.unittests.dll" id="1f73194b-cfd3-f9ab-41d8-a850a2bc1d50">
      <TestCategory>
        <TestCategoryItem TestCategory="Grid" />
      </TestCategory>
      <Execution id="5a7046f6-7662-4863-b441-cdcc2b10b2a6" />
      <TestMethod codeBase="D:\actions-runner\_work\XPCO\XPCO\Corporate\CommonAPI\VideoOS.Management.VmoClient.UnitTests\bin\Debug\net472\VideoOS.Management.VmoClient.UnitTests.dll" adapterTypeName="executor://mstestadapter/v2" className="VideoOS.Management.VmoClient.UnitTests.GridTest" name="Grid_GetGridAsString_Success" />
    </UnitTest>
    <UnitTest name="TrustedIssuer_CtorOnUnsupportedVersion_Throws" storage="d:\actions-runner\_work\xpco\xpco\corporate\commonapi\videoos.management.vmoclient.unittests\bin\debug\net472\videoos.management.vmoclient.unittests.dll" id="37d71308-1b21-c7c0-c2b2-27c84f2da2ff">
      <Execution id="deec1285-a40c-4d7f-a1c2-4f634a24356c" />
      <TestMethod codeBase="D:\actions-runner\_work\XPCO\XPCO\Corporate\CommonAPI\VideoOS.Management.VmoClient.UnitTests\bin\Debug\net472\VideoOS.Management.VmoClient.UnitTests.dll" adapterTypeName="executor://mstestadapter/v2" className="VideoOS.Management.VmoClient.UnitTests.TrustedIssuerTest" name="TrustedIssuer_CtorOnUnsupportedVersion_Throws" />
    </UnitTest>
    <UnitTest name="Grid_RemoveSpecificCellSecond_CorrectCellRemoved" storage="d:\actions-runner\_work\xpco\xpco\corporate\commonapi\videoos.management.vmoclient.unittests\bin\debug\net472\videoos.management.vmoclient.unittests.dll" id="6e8d1193-f5e0-5129-ea68-cfedce5facb1">
      <TestCategory>
        <TestCategoryItem TestCategory="Grid" />
      </TestCategory>
      <Execution id="be2ba320-13cd-42bd-8104-eb39ca0b6bc5" />
      <TestMethod codeBase="D:\actions-runner\_work\XPCO\XPCO\Corporate\CommonAPI\VideoOS.Management.VmoClient.UnitTests\bin\Debug\net472\VideoOS.Management.VmoClient.UnitTests.dll" adapterTypeName="executor://mstestadapter/v2" className="VideoOS.Management.VmoClient.UnitTests.GridTest" name="Grid_RemoveSpecificCellSecond_CorrectCellRemoved" />
    </UnitTest>
    <UnitTest name="RuleSource_Refresh_Success" storage="d:\actions-runner\_work\xpco\xpco\corporate\commonapi\videoos.management.vmoclient.unittests\bin\debug\net472\videoos.management.vmoclient.unittests.dll" id="edf2c8a0-6d40-88f3-48ea-7c49d85edc7b">
      <Execution id="a45339a9-34c6-499f-b3cd-c18255a019f2" />
      <TestMethod codeBase="D:\actions-runner\_work\XPCO\XPCO\Corporate\CommonAPI\VideoOS.Management.VmoClient.UnitTests\bin\Debug\net472\VideoOS.Management.VmoClient.UnitTests.dll" adapterTypeName="executor://mstestadapter/v2" className="VideoOS.Management.VmoClient.UnitTests.RuleSourceTest" name="RuleSource_Refresh_Success" />
    </UnitTest>
    <UnitTest name="GetIdpInfoOrError_GivenManyAddresses_ShouldReturnIdpInfoOrErrorForEveryAddress" storage="d:\actions-runner\_work\xpco\xpco\corporate\commonapi\videoos.management.vmoclient.unittests\bin\debug\net472\videoos.management.vmoclient.unittests.dll" id="3e63c740-e191-e5df-c5a2-bb5eb679c233">
      <Execution id="39620444-afbd-4687-bdf8-c8a9b263f297" />
      <TestMethod codeBase="D:\actions-runner\_work\XPCO\XPCO\Corporate\CommonAPI\VideoOS.Management.VmoClient.UnitTests\bin\Debug\net472\VideoOS.Management.VmoClient.UnitTests.dll" adapterTypeName="executor://mstestadapter/v2" className="VideoOS.Management.VmoClient.UnitTests.SiteIdpConnectorTests" name="GetIdpInfoOrError_GivenManyAddresses_ShouldReturnIdpInfoOrErrorForEveryAddress" />
    </UnitTest>
    <UnitTest name="Grid_SetRegionHeighthOutOfBounds_Exception" storage="d:\actions-runner\_work\xpco\xpco\corporate\commonapi\videoos.management.vmoclient.unittests\bin\debug\net472\videoos.management.vmoclient.unittests.dll" id="03073659-99be-6052-26fb-ff548c6aaf88">
      <TestCategory>
        <TestCategoryItem TestCategory="Grid" />
      </TestCategory>
      <Execution id="0dc42773-6234-411a-8d16-4ce96ce4491e" />
      <TestMethod codeBase="D:\actions-runner\_work\XPCO\XPCO\Corporate\CommonAPI\VideoOS.Management.VmoClient.UnitTests\bin\Debug\net472\VideoOS.Management.VmoClient.UnitTests.dll" adapterTypeName="executor://mstestadapter/v2" className="VideoOS.Management.VmoClient.UnitTests.GridTest" name="Grid_SetRegionHeighthOutOfBounds_Exception" />
    </UnitTest>
    <UnitTest name="InputDeviceGroup_Refresh_Success" storage="d:\actions-runner\_work\xpco\xpco\corporate\commonapi\videoos.management.vmoclient.unittests\bin\debug\net472\videoos.management.vmoclient.unittests.dll" id="b425d510-a5ac-97dc-9358-45146422c096">
      <Execution id="5d6b4eca-6158-4d7e-921e-c55e58d8f782" />
      <TestMethod codeBase="D:\actions-runner\_work\XPCO\XPCO\Corporate\CommonAPI\VideoOS.Management.VmoClient.UnitTests\bin\Debug\net472\VideoOS.Management.VmoClient.UnitTests.dll" adapterTypeName="executor://mstestadapter/v2" className="VideoOS.Management.VmoClient.UnitTests.DeviceGroupTest" name="InputDeviceGroup_Refresh_Success" />
    </UnitTest>
    <UnitTest name="RecordingStorage_Validate_Encryption_Password_Success" storage="d:\actions-runner\_work\xpco\xpco\corporate\commonapi\videoos.management.vmoclient.unittests\bin\debug\net472\videoos.management.vmoclient.unittests.dll" id="22a6dc78-fbc2-b014-461f-87e2386d6269">
      <Execution id="700304bd-794b-4a25-826e-aab4fc5a49ff" />
      <TestMethod codeBase="D:\actions-runner\_work\XPCO\XPCO\Corporate\CommonAPI\VideoOS.Management.VmoClient.UnitTests\bin\Debug\net472\VideoOS.Management.VmoClient.UnitTests.dll" adapterTypeName="executor://mstestadapter/v2" className="VideoOS.Management.VmoClient.UnitTests.RecordingStorageTest" name="RecordingStorage_Validate_Encryption_Password_Success" />
    </UnitTest>
    <UnitTest name="RuleSource_Delete_Failed_Not_Created" storage="d:\actions-runner\_work\xpco\xpco\corporate\commonapi\videoos.management.vmoclient.unittests\bin\debug\net472\videoos.management.vmoclient.unittests.dll" id="75093d28-afc2-dcbc-1e64-b17e205f8071">
      <Execution id="554dbb14-10c0-4402-8f5f-4f0d197b4716" />
      <TestMethod codeBase="D:\actions-runner\_work\XPCO\XPCO\Corporate\CommonAPI\VideoOS.Management.VmoClient.UnitTests\bin\Debug\net472\VideoOS.Management.VmoClient.UnitTests.dll" adapterTypeName="executor://mstestadapter/v2" className="VideoOS.Management.VmoClient.UnitTests.RuleSourceTest" name="RuleSource_Delete_Failed_Not_Created" />
    </UnitTest>
    <UnitTest name="PatrollingProfile_Load_Schema_Test" storage="d:\actions-runner\_work\xpco\xpco\corporate\commonapi\videoos.management.vmoclient.unittests\bin\debug\net472\videoos.management.vmoclient.unittests.dll" id="0a66eda9-75bb-6b4a-d541-6ca26a48d00d">
      <TestCategory>
        <TestCategoryItem TestCategory="Patrolling Profile" />
      </TestCategory>
      <Execution id="a53e83e2-8ac6-4152-bf38-136eb855807b" />
      <TestMethod codeBase="D:\actions-runner\_work\XPCO\XPCO\Corporate\CommonAPI\VideoOS.Management.VmoClient.UnitTests\bin\Debug\net472\VideoOS.Management.VmoClient.UnitTests.dll" adapterTypeName="executor://mstestadapter/v2" className="VideoOS.Management.VmoClient.UnitTests.PatrollingProfileTest" name="PatrollingProfile_Load_Schema_Test" />
    </UnitTest>
    <UnitTest name="TryConnect_GivenUnexpectedServerId_ShouldDisconnectDisposeAllAndReturnNull" storage="d:\actions-runner\_work\xpco\xpco\corporate\commonapi\videoos.management.vmoclient.unittests\bin\debug\net472\videoos.management.vmoclient.unittests.dll" id="0c16100a-4fab-7919-1d30-b7832fad41be">
      <Execution id="e8ce05f1-e604-436c-9101-24c78bb69e50" />
      <TestMethod codeBase="D:\actions-runner\_work\XPCO\XPCO\Corporate\CommonAPI\VideoOS.Management.VmoClient.UnitTests\bin\Debug\net472\VideoOS.Management.VmoClient.UnitTests.dll" adapterTypeName="executor://mstestadapter/v2" className="VideoOS.Management.VmoClient.UnitTests.SiteVmoConnectorTests" name="TryConnect_GivenUnexpectedServerId_ShouldDisconnectDisposeAllAndReturnNull" />
    </UnitTest>
    <UnitTest name="RuleSource_Constructor_DefaultValuesCorrect" storage="d:\actions-runner\_work\xpco\xpco\corporate\commonapi\videoos.management.vmoclient.unittests\bin\debug\net472\videoos.management.vmoclient.unittests.dll" id="93fa63ad-3f38-28ad-287e-6a435e151fef">
      <Execution id="5945a733-2db3-44b5-a8cd-1eaf44a14a99" />
      <TestMethod codeBase="D:\actions-runner\_work\XPCO\XPCO\Corporate\CommonAPI\VideoOS.Management.VmoClient.UnitTests\bin\Debug\net472\VideoOS.Management.VmoClient.UnitTests.dll" adapterTypeName="executor://mstestadapter/v2" className="VideoOS.Management.VmoClient.UnitTests.RuleSourceTest" name="RuleSource_Constructor_DefaultValuesCorrect" />
    </UnitTest>
    <UnitTest name="TryGetPropertyValue_NullableType_NotExist_ReturnsNull" storage="d:\actions-runner\_work\xpco\xpco\corporate\commonapi\videoos.management.vmoclient.unittests\bin\debug\net472\videoos.management.vmoclient.unittests.dll" id="d883f116-18c6-76d8-0fae-0e113ca85148">
      <Execution id="7110849e-bc23-4fd8-820e-8893b25263c9" />
      <TestMethod codeBase="D:\actions-runner\_work\XPCO\XPCO\Corporate\CommonAPI\VideoOS.Management.VmoClient.UnitTests\bin\Debug\net472\VideoOS.Management.VmoClient.UnitTests.dll" adapterTypeName="executor://mstestadapter/v2" className="VideoOS.Management.VmoClient.UnitTests.Framework.VmoPropertyCollectionTest" name="TryGetPropertyValue_NullableType_NotExist_ReturnsNull" />
    </UnitTest>
    <UnitTest name="GetHighPriorityError_GivenIdpOfflineExceptionForNonLegacySite_ReturnsIdpOfflineException" storage="d:\actions-runner\_work\xpco\xpco\corporate\commonapi\videoos.management.vmoclient.unittests\bin\debug\net472\videoos.management.vmoclient.unittests.dll" id="c7cf3afc-da46-c52b-1bae-d663fd25ee50">
      <Execution id="fd8c1286-22d7-4501-b311-b670db1af4b1" />
      <TestMethod codeBase="D:\actions-runner\_work\XPCO\XPCO\Corporate\CommonAPI\VideoOS.Management.VmoClient.UnitTests\bin\Debug\net472\VideoOS.Management.VmoClient.UnitTests.dll" adapterTypeName="executor://mstestadapter/v2" className="VideoOS.Management.VmoClient.UnitTests.SiteConnectorExceptionHandlerTests" name="GetHighPriorityError_GivenIdpOfflineExceptionForNonLegacySite_ReturnsIdpOfflineException" />
    </UnitTest>
    <UnitTest name="PluginEvent_Repository_Registered" storage="d:\actions-runner\_work\xpco\xpco\corporate\commonapi\videoos.management.vmoclient.unittests\bin\debug\net472\videoos.management.vmoclient.unittests.dll" id="e18621e8-da82-d8f4-e7c7-a10340d5d9a4">
      <Execution id="4970e4cd-aba0-4419-9b51-6a90dc0b595d" />
      <TestMethod codeBase="D:\actions-runner\_work\XPCO\XPCO\Corporate\CommonAPI\VideoOS.Management.VmoClient.UnitTests\bin\Debug\net472\VideoOS.Management.VmoClient.UnitTests.dll" adapterTypeName="executor://mstestadapter/v2" className="VideoOS.Management.VmoClient.UnitTests.PluginEventTest" name="PluginEvent_Repository_Registered" />
    </UnitTest>
    <UnitTest name="PrivateViewGroup_Constructor_Name_Null_Check" storage="d:\actions-runner\_work\xpco\xpco\corporate\commonapi\videoos.management.vmoclient.unittests\bin\debug\net472\videoos.management.vmoclient.unittests.dll" id="9d170ca7-07b6-b2c8-0ded-d6e1bb43097c">
      <Execution id="d45da8e2-02e5-48ff-85ac-740081a4c427" />
      <TestMethod codeBase="D:\actions-runner\_work\XPCO\XPCO\Corporate\CommonAPI\VideoOS.Management.VmoClient.UnitTests\bin\Debug\net472\VideoOS.Management.VmoClient.UnitTests.dll" adapterTypeName="executor://mstestadapter/v2" className="VideoOS.Management.VmoClient.UnitTests.PrivateViewGroupTest" name="PrivateViewGroup_Constructor_Name_Null_Check" />
    </UnitTest>
    <UnitTest name="CameraDevice_ChangeRecordingStorage_Fail_Not_Created" storage="d:\actions-runner\_work\xpco\xpco\corporate\commonapi\videoos.management.vmoclient.unittests\bin\debug\net472\videoos.management.vmoclient.unittests.dll" id="5bc44261-4f4a-1ed9-1c4e-bb8b05d777c9">
      <Execution id="ef0db163-c67c-4ae4-a64c-8057a96ae13a" />
      <TestMethod codeBase="D:\actions-runner\_work\XPCO\XPCO\Corporate\CommonAPI\VideoOS.Management.VmoClient.UnitTests\bin\Debug\net472\VideoOS.Management.VmoClient.UnitTests.dll" adapterTypeName="executor://mstestadapter/v2" className="VideoOS.Management.VmoClient.UnitTests.CameraDeviceTest" name="CameraDevice_ChangeRecordingStorage_Fail_Not_Created" />
    </UnitTest>
    <UnitTest name="Management_IsDirty_Work_With_ServerAddress" storage="d:\actions-runner\_work\xpco\xpco\corporate\commonapi\videoos.management.vmoclient.unittests\bin\debug\net472\videoos.management.vmoclient.unittests.dll" id="2394a7b7-06f6-8e31-4cff-ec678de5dfbb">
      <Execution id="3c31c19e-d2eb-4127-908e-3580162915b7" />
      <TestMethod codeBase="D:\actions-runner\_work\XPCO\XPCO\Corporate\CommonAPI\VideoOS.Management.VmoClient.UnitTests\bin\Debug\net472\VideoOS.Management.VmoClient.UnitTests.dll" adapterTypeName="executor://mstestadapter/v2" className="VideoOS.Management.VmoClient.UnitTests.ManagementServerTest" name="Management_IsDirty_Work_With_ServerAddress" />
    </UnitTest>
    <UnitTest name="ProxyClientServiceBase_CallWithRetry_NoRetry_MessageSecurityException_IdpInner" storage="d:\actions-runner\_work\xpco\xpco\corporate\commonapi\videoos.management.vmoclient.unittests\bin\debug\net472\videoos.management.vmoclient.unittests.dll" id="17b4e27e-b862-2aa2-3b9c-1e7aef46601c">
      <Execution id="33f7bcb4-eead-4f9d-8f7f-3596b9b525d5" />
      <TestMethod codeBase="D:\actions-runner\_work\XPCO\XPCO\Corporate\CommonAPI\VideoOS.Management.VmoClient.UnitTests\bin\Debug\net472\VideoOS.Management.VmoClient.UnitTests.dll" adapterTypeName="executor://mstestadapter/v2" className="VideoOS.Management.VmoClient.UnitTests.Framework.ProxyClientServiceBaseTest" name="ProxyClientServiceBase_CallWithRetry_NoRetry_MessageSecurityException_IdpInner" />
    </UnitTest>
    <UnitTest name="FailoverServerGroup_Refresh_Failed" storage="d:\actions-runner\_work\xpco\xpco\corporate\commonapi\videoos.management.vmoclient.unittests\bin\debug\net472\videoos.management.vmoclient.unittests.dll" id="517ca138-1dd8-b0e7-76c3-f592dfda3263">
      <Execution id="23b2efd7-bb11-4c17-a0a1-de0a6f7a9457" />
      <TestMethod codeBase="D:\actions-runner\_work\XPCO\XPCO\Corporate\CommonAPI\VideoOS.Management.VmoClient.UnitTests\bin\Debug\net472\VideoOS.Management.VmoClient.UnitTests.dll" adapterTypeName="executor://mstestadapter/v2" className="VideoOS.Management.VmoClient.UnitTests.FailoverServerGroupTest" name="FailoverServerGroup_Refresh_Failed" />
    </UnitTest>
    <UnitTest name="Construct_InvalidParam_ISiteVmoConnector_Null_Throws_ArgumentNullException" storage="d:\actions-runner\_work\xpco\xpco\corporate\commonapi\videoos.management.vmoclient.unittests\bin\debug\net472\videoos.management.vmoclient.unittests.dll" id="327aea0b-7715-048c-8303-ec05c9eff0d2">
      <TestCategory>
        <TestCategoryItem TestCategory="Vmo Site Connection Tests" />
      </TestCategory>
      <Execution id="491bccfa-ce33-4e5f-85f1-94b47713fafa" />
      <TestMethod codeBase="D:\actions-runner\_work\XPCO\XPCO\Corporate\CommonAPI\VideoOS.Management.VmoClient.UnitTests\bin\Debug\net472\VideoOS.Management.VmoClient.UnitTests.dll" adapterTypeName="executor://mstestadapter/v2" className="VideoOS.Management.VmoClient.UnitTests.Connection.SiteConnectorFactoryTests" name="Construct_InvalidParam_ISiteVmoConnector_Null_Throws_ArgumentNullException" />
    </UnitTest>
    <UnitTest name="TryConnectLegacy_GivenUnexpectedServerId_ShouldDisconnectDisposeAllAndReturnNull" storage="d:\actions-runner\_work\xpco\xpco\corporate\commonapi\videoos.management.vmoclient.unittests\bin\debug\net472\videoos.management.vmoclient.unittests.dll" id="99040f86-22f7-5e2f-b0c0-fc6c603f2df3">
      <Execution id="7ef54c86-4a1c-4fcb-897d-c75ef8ff65a6" />
      <TestMethod codeBase="D:\actions-runner\_work\XPCO\XPCO\Corporate\CommonAPI\VideoOS.Management.VmoClient.UnitTests\bin\Debug\net472\VideoOS.Management.VmoClient.UnitTests.dll" adapterTypeName="executor://mstestadapter/v2" className="VideoOS.Management.VmoClient.UnitTests.SiteVmoConnectorTests" name="TryConnectLegacy_GivenUnexpectedServerId_ShouldDisconnectDisposeAllAndReturnNull" />
    </UnitTest>
    <UnitTest name="Hardware_Driver_Version_Construct_Device_Pack_Driver" storage="d:\actions-runner\_work\xpco\xpco\corporate\commonapi\videoos.management.vmoclient.unittests\bin\debug\net472\videoos.management.vmoclient.unittests.dll" id="1f9ff2ea-de1d-1069-20f3-d4507fda1972">
      <Execution id="90aeaa3c-8dce-41b9-9895-6624c8f30104" />
      <TestMethod codeBase="D:\actions-runner\_work\XPCO\XPCO\Corporate\CommonAPI\VideoOS.Management.VmoClient.UnitTests\bin\Debug\net472\VideoOS.Management.VmoClient.UnitTests.dll" adapterTypeName="executor://mstestadapter/v2" className="VideoOS.Management.VmoClient.UnitTests.HardwareDriverVersionTest" name="Hardware_Driver_Version_Construct_Device_Pack_Driver" />
    </UnitTest>
    <UnitTest name="Create_GivenAddressAndTokenCache_ShouldSuccess" storage="d:\actions-runner\_work\xpco\xpco\corporate\commonapi\videoos.management.vmoclient.unittests\bin\debug\net472\videoos.management.vmoclient.unittests.dll" id="911a754b-4a21-7213-ab66-37b764b44fff">
      <Execution id="8e4bf893-083b-498b-b4de-e1c2a225d16b" />
      <TestMethod codeBase="D:\actions-runner\_work\XPCO\XPCO\Corporate\CommonAPI\VideoOS.Management.VmoClient.UnitTests\bin\Debug\net472\VideoOS.Management.VmoClient.UnitTests.dll" adapterTypeName="executor://mstestadapter/v2" className="VideoOS.Management.VmoClient.UnitTests.ServerConnectionFactoryTests" name="Create_GivenAddressAndTokenCache_ShouldSuccess" />
    </UnitTest>
    <UnitTest name="Construct_InvalidParam_Site_Null_Throws_ArgumentNullException" storage="d:\actions-runner\_work\xpco\xpco\corporate\commonapi\videoos.management.vmoclient.unittests\bin\debug\net472\videoos.management.vmoclient.unittests.dll" id="1bce7956-e646-34df-076d-ce535ac6241f">
      <TestCategory>
        <TestCategoryItem TestCategory="Vmo Site Connection Tests" />
      </TestCategory>
      <Execution id="5af232e2-8e7f-4252-b61e-c9b3e6b94c6f" />
      <TestMethod codeBase="D:\actions-runner\_work\XPCO\XPCO\Corporate\CommonAPI\VideoOS.Management.VmoClient.UnitTests\bin\Debug\net472\VideoOS.Management.VmoClient.UnitTests.dll" adapterTypeName="executor://mstestadapter/v2" className="VideoOS.Management.VmoClient.UnitTests.Connection.SiteConnectionInfoTokenExchangeTests" name="Construct_InvalidParam_Site_Null_Throws_ArgumentNullException" />
    </UnitTest>
    <UnitTest name="BasicUser_Delete_Success" storage="d:\actions-runner\_work\xpco\xpco\corporate\commonapi\videoos.management.vmoclient.unittests\bin\debug\net472\videoos.management.vmoclient.unittests.dll" id="4e186ccf-43d2-fe09-3c86-001af9030f39">
      <Execution id="62cd537b-4c8d-43ce-9a72-4db5d5adcebe" />
      <TestMethod codeBase="D:\actions-runner\_work\XPCO\XPCO\Corporate\CommonAPI\VideoOS.Management.VmoClient.UnitTests\bin\Debug\net472\VideoOS.Management.VmoClient.UnitTests.dll" adapterTypeName="executor://mstestadapter/v2" className="VideoOS.Management.VmoClient.UnitTests.BasicUserTest" name="BasicUser_Delete_Success" />
    </UnitTest>
    <UnitTest name="PublicViewGroup_Constructor_DefaultValuesCorrect" storage="d:\actions-runner\_work\xpco\xpco\corporate\commonapi\videoos.management.vmoclient.unittests\bin\debug\net472\videoos.management.vmoclient.unittests.dll" id="c57beb0f-eec2-daf6-57e9-e2c0bb410564">
      <Execution id="938fcfc1-7f22-4aed-a02c-14f45bffc551" />
      <TestMethod codeBase="D:\actions-runner\_work\XPCO\XPCO\Corporate\CommonAPI\VideoOS.Management.VmoClient.UnitTests\bin\Debug\net472\VideoOS.Management.VmoClient.UnitTests.dll" adapterTypeName="executor://mstestadapter/v2" className="VideoOS.Management.VmoClient.UnitTests.PublicViewGroupTest" name="PublicViewGroup_Constructor_DefaultValuesCorrect" />
    </UnitTest>
    <UnitTest name="SpeakerDeviceGroup_Refresh_Success" storage="d:\actions-runner\_work\xpco\xpco\corporate\commonapi\videoos.management.vmoclient.unittests\bin\debug\net472\videoos.management.vmoclient.unittests.dll" id="11e0343a-5aeb-3b8a-34d7-36ce686e83d9">
      <Execution id="6a4ba52e-5ab5-43ab-9c42-28b65c4fbb3d" />
      <TestMethod codeBase="D:\actions-runner\_work\XPCO\XPCO\Corporate\CommonAPI\VideoOS.Management.VmoClient.UnitTests\bin\Debug\net472\VideoOS.Management.VmoClient.UnitTests.dll" adapterTypeName="executor://mstestadapter/v2" className="VideoOS.Management.VmoClient.UnitTests.DeviceGroupTest" name="SpeakerDeviceGroup_Refresh_Success" />
    </UnitTest>
    <UnitTest name="TaskRepairing_InternalCreate_Success" storage="d:\actions-runner\_work\xpco\xpco\corporate\commonapi\videoos.management.vmoclient.unittests\bin\debug\net472\videoos.management.vmoclient.unittests.dll" id="a76e7ffb-bf22-99c0-a6dc-ec511ac01fd2">
      <Execution id="ebd5544d-fa2b-49d7-bd8e-128bd28e62e6" />
      <TestMethod codeBase="D:\actions-runner\_work\XPCO\XPCO\Corporate\CommonAPI\VideoOS.Management.VmoClient.UnitTests\bin\Debug\net472\VideoOS.Management.VmoClient.UnitTests.dll" adapterTypeName="executor://mstestadapter/v2" className="VideoOS.Management.VmoClient.UnitTests.TaskRepairingTest" name="TaskRepairing_InternalCreate_Success" />
    </UnitTest>
    <UnitTest name="GetSiteConnection_Windows_GivenOauthSiteVersion_ShouldExecuteOauthFlow" storage="d:\actions-runner\_work\xpco\xpco\corporate\commonapi\videoos.management.vmoclient.unittests\bin\debug\net472\videoos.management.vmoclient.unittests.dll" id="ddf551cb-b112-7f3f-cb8d-7b0e12283f64">
      <Execution id="e46f046a-5e45-457a-bb1f-f9e32f1c6b5d" />
      <TestMethod codeBase="D:\actions-runner\_work\XPCO\XPCO\Corporate\CommonAPI\VideoOS.Management.VmoClient.UnitTests\bin\Debug\net472\VideoOS.Management.VmoClient.UnitTests.dll" adapterTypeName="executor://mstestadapter/v2" className="VideoOS.Management.VmoClient.UnitTests.SiteConnectorTest" name="GetSiteConnection_Windows_GivenOauthSiteVersion_ShouldExecuteOauthFlow" />
    </UnitTest>
    <UnitTest name="MarkedData_Update_Success" storage="d:\actions-runner\_work\xpco\xpco\corporate\commonapi\videoos.management.vmoclient.unittests\bin\debug\net472\videoos.management.vmoclient.unittests.dll" id="7f79b5d5-b81f-6e95-52cd-d60a51ecbad9">
      <Execution id="73bc4ffc-96fb-4ba8-8d1e-70a79f8072f0" />
      <TestMethod codeBase="D:\actions-runner\_work\XPCO\XPCO\Corporate\CommonAPI\VideoOS.Management.VmoClient.UnitTests\bin\Debug\net472\VideoOS.Management.VmoClient.UnitTests.dll" adapterTypeName="executor://mstestadapter/v2" className="VideoOS.Management.VmoClient.UnitTests.MarkedDataTest" name="MarkedData_Update_Success" />
    </UnitTest>
    <UnitTest name="Role_Add_Basic_User_Member_Check_Null" storage="d:\actions-runner\_work\xpco\xpco\corporate\commonapi\videoos.management.vmoclient.unittests\bin\debug\net472\videoos.management.vmoclient.unittests.dll" id="9dc2f839-86a3-d3c2-71cd-8f639f6b00a4">
      <Execution id="e3382f3b-3cd4-4e0e-8959-8e7298a4257c" />
      <TestMethod codeBase="D:\actions-runner\_work\XPCO\XPCO\Corporate\CommonAPI\VideoOS.Management.VmoClient.UnitTests\bin\Debug\net472\VideoOS.Management.VmoClient.UnitTests.dll" adapterTypeName="executor://mstestadapter/v2" className="VideoOS.Management.VmoClient.UnitTests.RoleTest" name="Role_Add_Basic_User_Member_Check_Null" />
    </UnitTest>
    <UnitTest name="FailoverServer_Repository_Registered" storage="d:\actions-runner\_work\xpco\xpco\corporate\commonapi\videoos.management.vmoclient.unittests\bin\debug\net472\videoos.management.vmoclient.unittests.dll" id="e27dd799-5251-d044-8121-fa542199b541">
      <Execution id="b4af2bc5-c71c-40b8-a260-13b6f231bdb1" />
      <TestMethod codeBase="D:\actions-runner\_work\XPCO\XPCO\Corporate\CommonAPI\VideoOS.Management.VmoClient.UnitTests\bin\Debug\net472\VideoOS.Management.VmoClient.UnitTests.dll" adapterTypeName="executor://mstestadapter/v2" className="VideoOS.Management.VmoClient.UnitTests.FailoverServerTest" name="FailoverServer_Repository_Registered" />
    </UnitTest>
    <UnitTest name="TaskDeleteIdpUser_Refresh_Success" storage="d:\actions-runner\_work\xpco\xpco\corporate\commonapi\videoos.management.vmoclient.unittests\bin\debug\net472\videoos.management.vmoclient.unittests.dll" id="96d5500d-c84d-e9d1-9989-81ab8d34a29e">
      <Execution id="f95561b7-577e-47e4-a7a4-725bae08ea98" />
      <TestMethod codeBase="D:\actions-runner\_work\XPCO\XPCO\Corporate\CommonAPI\VideoOS.Management.VmoClient.UnitTests\bin\Debug\net472\VideoOS.Management.VmoClient.UnitTests.dll" adapterTypeName="executor://mstestadapter/v2" className="VideoOS.Management.VmoClient.UnitTests.TaskDeleteIdpUserTest" name="TaskDeleteIdpUser_Refresh_Success" />
    </UnitTest>
    <UnitTest name="MIPDeviceEvent_Refresh_Success" storage="d:\actions-runner\_work\xpco\xpco\corporate\commonapi\videoos.management.vmoclient.unittests\bin\debug\net472\videoos.management.vmoclient.unittests.dll" id="f9a2b92a-d1c8-03c1-1004-54d544c6ff74">
      <Execution id="b176afec-54c3-4885-af8f-bfa2f4a0aa17" />
      <TestMethod codeBase="D:\actions-runner\_work\XPCO\XPCO\Corporate\CommonAPI\VideoOS.Management.VmoClient.UnitTests\bin\Debug\net472\VideoOS.Management.VmoClient.UnitTests.dll" adapterTypeName="executor://mstestadapter/v2" className="VideoOS.Management.VmoClient.UnitTests.MIPDeviceEventTest" name="MIPDeviceEvent_Refresh_Success" />
    </UnitTest>
    <UnitTest name="InputDeviceGroup_Refresh_Failed" storage="d:\actions-runner\_work\xpco\xpco\corporate\commonapi\videoos.management.vmoclient.unittests\bin\debug\net472\videoos.management.vmoclient.unittests.dll" id="c01094ff-8b8e-79ac-7234-50131d524627">
      <Execution id="f482f29d-3248-4f15-9cca-c9cf2aafbe23" />
      <TestMethod codeBase="D:\actions-runner\_work\XPCO\XPCO\Corporate\CommonAPI\VideoOS.Management.VmoClient.UnitTests\bin\Debug\net472\VideoOS.Management.VmoClient.UnitTests.dll" adapterTypeName="executor://mstestadapter/v2" className="VideoOS.Management.VmoClient.UnitTests.DeviceGroupTest" name="InputDeviceGroup_Refresh_Failed" />
    </UnitTest>
    <UnitTest name="Construct_InvalidParam_ISiteConnectionInfoTokenExchange_Null_Throws_ArgumentNullException" storage="d:\actions-runner\_work\xpco\xpco\corporate\commonapi\videoos.management.vmoclient.unittests\bin\debug\net472\videoos.management.vmoclient.unittests.dll" id="b3723662-aaa9-a79e-aed2-f54da002b392">
      <TestCategory>
        <TestCategoryItem TestCategory="Vmo Site Connection Tests" />
      </TestCategory>
      <Execution id="8cad0556-208d-49c7-afb5-919302c14f59" />
      <TestMethod codeBase="D:\actions-runner\_work\XPCO\XPCO\Corporate\CommonAPI\VideoOS.Management.VmoClient.UnitTests\bin\Debug\net472\VideoOS.Management.VmoClient.UnitTests.dll" adapterTypeName="executor://mstestadapter/v2" className="VideoOS.Management.VmoClient.UnitTests.Connection.SiteConnectionInfoTests" name="Construct_InvalidParam_ISiteConnectionInfoTokenExchange_Null_Throws_ArgumentNullException" />
    </UnitTest>
    <UnitTest name="SystemDashboardConfiguration_Create_CheckVersionCalled" storage="d:\actions-runner\_work\xpco\xpco\corporate\commonapi\videoos.management.vmoclient.unittests\bin\debug\net472\videoos.management.vmoclient.unittests.dll" id="48484679-1803-a931-3e10-bbde51565c4b">
      <Execution id="904b731e-a6b5-4669-9d72-e7112a6bd8c3" />
      <TestMethod codeBase="D:\actions-runner\_work\XPCO\XPCO\Corporate\CommonAPI\VideoOS.Management.VmoClient.UnitTests\bin\Debug\net472\VideoOS.Management.VmoClient.UnitTests.dll" adapterTypeName="executor://mstestadapter/v2" className="VideoOS.Management.VmoClient.UnitTests.SystemDashboardConfigTest" name="SystemDashboardConfiguration_Create_CheckVersionCalled" />
    </UnitTest>
    <UnitTest name="PublicViewGroup_ConstructorWithParent_DefaultValuesCorrect" storage="d:\actions-runner\_work\xpco\xpco\corporate\commonapi\videoos.management.vmoclient.unittests\bin\debug\net472\videoos.management.vmoclient.unittests.dll" id="eddbc32c-5ae9-6e27-1da2-1af9dc211e1d">
      <Execution id="457f7d50-7801-4a12-96ce-921a95155dcf" />
      <TestMethod codeBase="D:\actions-runner\_work\XPCO\XPCO\Corporate\CommonAPI\VideoOS.Management.VmoClient.UnitTests\bin\Debug\net472\VideoOS.Management.VmoClient.UnitTests.dll" adapterTypeName="executor://mstestadapter/v2" className="VideoOS.Management.VmoClient.UnitTests.PublicViewGroupTest" name="PublicViewGroup_ConstructorWithParent_DefaultValuesCorrect" />
    </UnitTest>
    <UnitTest name="Monitor_ActivateCamerasWithLayout_ApplyCamerasAndLayoutToMonitorViewCalled" storage="d:\actions-runner\_work\xpco\xpco\corporate\commonapi\videoos.management.vmoclient.unittests\bin\debug\net472\videoos.management.vmoclient.unittests.dll" id="e13b8db9-dc87-e9c1-3e6a-5c36a8c2318f">
      <Execution id="de3ac70c-4040-43f6-b8b2-9aa24dae0032" />
      <TestMethod codeBase="D:\actions-runner\_work\XPCO\XPCO\Corporate\CommonAPI\VideoOS.Management.VmoClient.UnitTests\bin\Debug\net472\VideoOS.Management.VmoClient.UnitTests.dll" adapterTypeName="executor://mstestadapter/v2" className="VideoOS.Management.VmoClient.UnitTests.MonitorTest" name="Monitor_ActivateCamerasWithLayout_ApplyCamerasAndLayoutToMonitorViewCalled" />
    </UnitTest>
    <UnitTest name="ServerConnection_Constructor_Null_Argument_serverName2" storage="d:\actions-runner\_work\xpco\xpco\corporate\commonapi\videoos.management.vmoclient.unittests\bin\debug\net472\videoos.management.vmoclient.unittests.dll" id="d83cffc9-2dc1-227b-0dd2-716cea056551">
      <TestCategory>
        <TestCategoryItem TestCategory="Vmo Site Connection Tests" />
      </TestCategory>
      <Execution id="1a0ed57b-03fa-4ff1-906d-25b2b4708a5c" />
      <TestMethod codeBase="D:\actions-runner\_work\XPCO\XPCO\Corporate\CommonAPI\VideoOS.Management.VmoClient.UnitTests\bin\Debug\net472\VideoOS.Management.VmoClient.UnitTests.dll" adapterTypeName="executor://mstestadapter/v2" className="VideoOS.Management.VmoClient.UnitTests.Connection.ServerConnectionTest" name="ServerConnection_Constructor_Null_Argument_serverName2" />
    </UnitTest>
    <UnitTest name="PatrollingProfile_InsertStepLast_Create_PatrollingStep_With_WaitTime" storage="d:\actions-runner\_work\xpco\xpco\corporate\commonapi\videoos.management.vmoclient.unittests\bin\debug\net472\videoos.management.vmoclient.unittests.dll" id="d56df8d1-b4dd-66b8-e573-75c4fe9c07e2">
      <TestCategory>
        <TestCategoryItem TestCategory="Patrolling Profile" />
      </TestCategory>
      <Execution id="9e2c982b-5000-4013-a22d-dd4d23e91fdb" />
      <TestMethod codeBase="D:\actions-runner\_work\XPCO\XPCO\Corporate\CommonAPI\VideoOS.Management.VmoClient.UnitTests\bin\Debug\net472\VideoOS.Management.VmoClient.UnitTests.dll" adapterTypeName="executor://mstestadapter/v2" className="VideoOS.Management.VmoClient.UnitTests.PatrollingProfileTest" name="PatrollingProfile_InsertStepLast_Create_PatrollingStep_With_WaitTime" />
    </UnitTest>
    <UnitTest name="Construct_InvalidParam_IClientTokenSettings_Null_Throws_ArgumentNullException" storage="d:\actions-runner\_work\xpco\xpco\corporate\commonapi\videoos.management.vmoclient.unittests\bin\debug\net472\videoos.management.vmoclient.unittests.dll" id="9b2afd55-c02b-e416-db3f-24907f14c47d">
      <TestCategory>
        <TestCategoryItem TestCategory="Vmo Site Connection Tests" />
      </TestCategory>
      <Execution id="eeaeff4a-2869-4f93-befd-c906042d883e" />
      <TestMethod codeBase="D:\actions-runner\_work\XPCO\XPCO\Corporate\CommonAPI\VideoOS.Management.VmoClient.UnitTests\bin\Debug\net472\VideoOS.Management.VmoClient.UnitTests.dll" adapterTypeName="executor://mstestadapter/v2" className="VideoOS.Management.VmoClient.UnitTests.Connection.SiteConnectorFactoryTests" name="Construct_InvalidParam_IClientTokenSettings_Null_Throws_ArgumentNullException" />
    </UnitTest>
    <UnitTest name="RecordingStorage_DisableEncryption_Success" storage="d:\actions-runner\_work\xpco\xpco\corporate\commonapi\videoos.management.vmoclient.unittests\bin\debug\net472\videoos.management.vmoclient.unittests.dll" id="3df92da4-13c2-77c3-4f95-4187fe50fc93">
      <Execution id="73636c21-0e09-4bf0-b79d-c0799edeb07d" />
      <TestMethod codeBase="D:\actions-runner\_work\XPCO\XPCO\Corporate\CommonAPI\VideoOS.Management.VmoClient.UnitTests\bin\Debug\net472\VideoOS.Management.VmoClient.UnitTests.dll" adapterTypeName="executor://mstestadapter/v2" className="VideoOS.Management.VmoClient.UnitTests.RecordingStorageTest" name="RecordingStorage_DisableEncryption_Success" />
    </UnitTest>
    <UnitTest name="ManagementServer_CreateReference_ArgumentException_DeviceDeleted" storage="d:\actions-runner\_work\xpco\xpco\corporate\commonapi\videoos.management.vmoclient.unittests\bin\debug\net472\videoos.management.vmoclient.unittests.dll" id="d2131bb2-ad92-b7d1-d3a3-b98c60e9ed91">
      <Execution id="6fc858f5-443d-4ccb-adb1-6a7ef52fa8dc" />
      <TestMethod codeBase="D:\actions-runner\_work\XPCO\XPCO\Corporate\CommonAPI\VideoOS.Management.VmoClient.UnitTests\bin\Debug\net472\VideoOS.Management.VmoClient.UnitTests.dll" adapterTypeName="executor://mstestadapter/v2" className="VideoOS.Management.VmoClient.UnitTests.ManagementServerTest" name="ManagementServer_CreateReference_ArgumentException_DeviceDeleted" />
    </UnitTest>
    <UnitTest name="Role_Refresh_Success" storage="d:\actions-runner\_work\xpco\xpco\corporate\commonapi\videoos.management.vmoclient.unittests\bin\debug\net472\videoos.management.vmoclient.unittests.dll" id="31f79dc2-9bca-ec9b-2795-435b2b714967">
      <Execution id="cb88d762-89e3-46e8-9ca2-46d469084afc" />
      <TestMethod codeBase="D:\actions-runner\_work\XPCO\XPCO\Corporate\CommonAPI\VideoOS.Management.VmoClient.UnitTests\bin\Debug\net472\VideoOS.Management.VmoClient.UnitTests.dll" adapterTypeName="executor://mstestadapter/v2" className="VideoOS.Management.VmoClient.UnitTests.RoleTest" name="Role_Refresh_Success" />
    </UnitTest>
    <UnitTest name="TryGetPropertyValue_Enum_NotExist_ReturnsDefaultValue" storage="d:\actions-runner\_work\xpco\xpco\corporate\commonapi\videoos.management.vmoclient.unittests\bin\debug\net472\videoos.management.vmoclient.unittests.dll" id="197237f7-590e-67dd-1857-7966b8744641">
      <Execution id="1300bde7-0021-45c1-a081-7a6fa6976ebb" />
      <TestMethod codeBase="D:\actions-runner\_work\XPCO\XPCO\Corporate\CommonAPI\VideoOS.Management.VmoClient.UnitTests\bin\Debug\net472\VideoOS.Management.VmoClient.UnitTests.dll" adapterTypeName="executor://mstestadapter/v2" className="VideoOS.Management.VmoClient.UnitTests.Framework.VmoPropertyCollectionTest" name="TryGetPropertyValue_Enum_NotExist_ReturnsDefaultValue" />
    </UnitTest>
    <UnitTest name="RuleSource_Delete_CheckVersionCalled" storage="d:\actions-runner\_work\xpco\xpco\corporate\commonapi\videoos.management.vmoclient.unittests\bin\debug\net472\videoos.management.vmoclient.unittests.dll" id="2c74afdc-bea1-9c06-212b-c70212a9f1d4">
      <Execution id="cfee58ac-797d-408a-9feb-336d3ef58631" />
      <TestMethod codeBase="D:\actions-runner\_work\XPCO\XPCO\Corporate\CommonAPI\VideoOS.Management.VmoClient.UnitTests\bin\Debug\net472\VideoOS.Management.VmoClient.UnitTests.dll" adapterTypeName="executor://mstestadapter/v2" className="VideoOS.Management.VmoClient.UnitTests.RuleSourceTest" name="RuleSource_Delete_CheckVersionCalled" />
    </UnitTest>
    <UnitTest name="RetentionOptionRoleRelation_Delete_CheckVersionCalled" storage="d:\actions-runner\_work\xpco\xpco\corporate\commonapi\videoos.management.vmoclient.unittests\bin\debug\net472\videoos.management.vmoclient.unittests.dll" id="51e6c5f4-f402-0d0d-7b84-4f05983bcacd">
      <Execution id="a1066c93-6042-4e9c-8368-854fa0590b34" />
      <TestMethod codeBase="D:\actions-runner\_work\XPCO\XPCO\Corporate\CommonAPI\VideoOS.Management.VmoClient.UnitTests\bin\Debug\net472\VideoOS.Management.VmoClient.UnitTests.dll" adapterTypeName="executor://mstestadapter/v2" className="VideoOS.Management.VmoClient.UnitTests.RetentionOptionRoleRelationTest" name="RetentionOptionRoleRelation_Delete_CheckVersionCalled" />
    </UnitTest>
    <UnitTest name="ExceptionConverter_GetConnectionConvertedException_ServerTooBusyException" storage="d:\actions-runner\_work\xpco\xpco\corporate\commonapi\videoos.management.vmoclient.unittests\bin\debug\net472\videoos.management.vmoclient.unittests.dll" id="35b84984-78cf-6bdf-2214-b04c09db7bfa">
      <Execution id="916c31fc-ec23-45f1-87b5-8d0257f69504" />
      <TestMethod codeBase="D:\actions-runner\_work\XPCO\XPCO\Corporate\CommonAPI\VideoOS.Management.VmoClient.UnitTests\bin\Debug\net472\VideoOS.Management.VmoClient.UnitTests.dll" adapterTypeName="executor://mstestadapter/v2" className="VideoOS.Management.VmoClient.UnitTests.Utils.ExceptionConverterTest" name="ExceptionConverter_GetConnectionConvertedException_ServerTooBusyException" />
    </UnitTest>
    <UnitTest name="ServerConnection_Constructor_TokenCache_Success_ServerAddress" storage="d:\actions-runner\_work\xpco\xpco\corporate\commonapi\videoos.management.vmoclient.unittests\bin\debug\net472\videoos.management.vmoclient.unittests.dll" id="224d534a-c7ce-6b8e-cecf-4848b863b783">
      <TestCategory>
        <TestCategoryItem TestCategory="Vmo Site Connection Tests" />
      </TestCategory>
      <Execution id="f48cbd70-4ce1-405a-aef9-44a921af2d86" />
      <TestMethod codeBase="D:\actions-runner\_work\XPCO\XPCO\Corporate\CommonAPI\VideoOS.Management.VmoClient.UnitTests\bin\Debug\net472\VideoOS.Management.VmoClient.UnitTests.dll" adapterTypeName="executor://mstestadapter/v2" className="VideoOS.Management.VmoClient.UnitTests.Connection.ServerConnectionTest" name="ServerConnection_Constructor_TokenCache_Success_ServerAddress" />
    </UnitTest>
    <UnitTest name="Contains_GivenSiteId_ShouldSuccess" storage="d:\actions-runner\_work\xpco\xpco\corporate\commonapi\videoos.management.vmoclient.unittests\bin\debug\net472\videoos.management.vmoclient.unittests.dll" id="7f6db608-8c47-4d83-9b48-007bb299c7ea">
      <Execution id="49e487d1-ae38-4bf7-b44a-8c10e658e265" />
      <TestMethod codeBase="D:\actions-runner\_work\XPCO\XPCO\Corporate\CommonAPI\VideoOS.Management.VmoClient.UnitTests\bin\Debug\net472\VideoOS.Management.VmoClient.UnitTests.dll" adapterTypeName="executor://mstestadapter/v2" className="VideoOS.Management.VmoClient.UnitTests.SiteTokenCacheStoreTests" name="Contains_GivenSiteId_ShouldSuccess" />
    </UnitTest>
    <UnitTest name="GetUserDomainNameOrEmpty_NullDomainValidUser_ReturnsUsername" storage="d:\actions-runner\_work\xpco\xpco\corporate\commonapi\videoos.management.vmoclient.unittests\bin\debug\net472\videoos.management.vmoclient.unittests.dll" id="4285fd6d-70cc-5c54-5511-75da11b36e5d">
      <Execution id="cda4fb4e-454d-42cf-8256-57d8a3e6bca1" />
      <TestMethod codeBase="D:\actions-runner\_work\XPCO\XPCO\Corporate\CommonAPI\VideoOS.Management.VmoClient.UnitTests\bin\Debug\net472\VideoOS.Management.VmoClient.UnitTests.dll" adapterTypeName="executor://mstestadapter/v2" className="VideoOS.Management.VmoClient.UnitTests.SiteConnectorTest" name="GetUserDomainNameOrEmpty_NullDomainValidUser_ReturnsUsername" />
    </UnitTest>
    <UnitTest name="FailoverServer_Constructor_DefaultValuesCorrect" storage="d:\actions-runner\_work\xpco\xpco\corporate\commonapi\videoos.management.vmoclient.unittests\bin\debug\net472\videoos.management.vmoclient.unittests.dll" id="41552e2f-c955-e627-479f-7829b8de2b6c">
      <Execution id="052afe37-c4e6-45bf-a459-ac4e5e1dfacb" />
      <TestMethod codeBase="D:\actions-runner\_work\XPCO\XPCO\Corporate\CommonAPI\VideoOS.Management.VmoClient.UnitTests\bin\Debug\net472\VideoOS.Management.VmoClient.UnitTests.dll" adapterTypeName="executor://mstestadapter/v2" className="VideoOS.Management.VmoClient.UnitTests.FailoverServerTest" name="FailoverServer_Constructor_DefaultValuesCorrect" />
    </UnitTest>
    <UnitTest name="PerformanceStateRuleConfiguration_Delete_CheckVersionCalled" storage="d:\actions-runner\_work\xpco\xpco\corporate\commonapi\videoos.management.vmoclient.unittests\bin\debug\net472\videoos.management.vmoclient.unittests.dll" id="11c49146-971a-8022-58c8-ad28e7cf0573">
      <Execution id="17fa4587-03eb-46ef-bcea-e03919048d58" />
      <TestMethod codeBase="D:\actions-runner\_work\XPCO\XPCO\Corporate\CommonAPI\VideoOS.Management.VmoClient.UnitTests\bin\Debug\net472\VideoOS.Management.VmoClient.UnitTests.dll" adapterTypeName="executor://mstestadapter/v2" className="VideoOS.Management.VmoClient.UnitTests.PerformanceStateRuleConfigTest" name="PerformanceStateRuleConfiguration_Delete_CheckVersionCalled" />
    </UnitTest>
    <UnitTest name="TrustedIssuer_Repository_Registered" storage="d:\actions-runner\_work\xpco\xpco\corporate\commonapi\videoos.management.vmoclient.unittests\bin\debug\net472\videoos.management.vmoclient.unittests.dll" id="6a5b4741-e6cb-bd09-2b79-ec90fc784e12">
      <Execution id="909f3660-2966-4844-85aa-92c1848db7be" />
      <TestMethod codeBase="D:\actions-runner\_work\XPCO\XPCO\Corporate\CommonAPI\VideoOS.Management.VmoClient.UnitTests\bin\Debug\net472\VideoOS.Management.VmoClient.UnitTests.dll" adapterTypeName="executor://mstestadapter/v2" className="VideoOS.Management.VmoClient.UnitTests.TrustedIssuerTest" name="TrustedIssuer_Repository_Registered" />
    </UnitTest>
    <UnitTest name="SystemDashboardConfigurationuration_Update_CheckVersionCalled" storage="d:\actions-runner\_work\xpco\xpco\corporate\commonapi\videoos.management.vmoclient.unittests\bin\debug\net472\videoos.management.vmoclient.unittests.dll" id="75fbe025-64e2-7254-74f6-abca888227d1">
      <Execution id="340d7f92-48a4-4127-bd04-6fbbf2f92c80" />
      <TestMethod codeBase="D:\actions-runner\_work\XPCO\XPCO\Corporate\CommonAPI\VideoOS.Management.VmoClient.UnitTests\bin\Debug\net472\VideoOS.Management.VmoClient.UnitTests.dll" adapterTypeName="executor://mstestadapter/v2" className="VideoOS.Management.VmoClient.UnitTests.SystemDashboardConfigTest" name="SystemDashboardConfigurationuration_Update_CheckVersionCalled" />
    </UnitTest>
    <UnitTest name="GetSiteConnection_Windows_GivenLegacySiteVersion_ShouldExecuteLegacyFlow" storage="d:\actions-runner\_work\xpco\xpco\corporate\commonapi\videoos.management.vmoclient.unittests\bin\debug\net472\videoos.management.vmoclient.unittests.dll" id="894802e4-a232-e078-bf9e-8dc2e44887a3">
      <Execution id="ce0473da-a149-4dc8-a7a6-dbb1588e4423" />
      <TestMethod codeBase="D:\actions-runner\_work\XPCO\XPCO\Corporate\CommonAPI\VideoOS.Management.VmoClient.UnitTests\bin\Debug\net472\VideoOS.Management.VmoClient.UnitTests.dll" adapterTypeName="executor://mstestadapter/v2" className="VideoOS.Management.VmoClient.UnitTests.SiteConnectorTest" name="GetSiteConnection_Windows_GivenLegacySiteVersion_ShouldExecuteLegacyFlow" />
    </UnitTest>
    <UnitTest name="GenericRepositoryTestRefreshObjectNoResultFromServer" storage="d:\actions-runner\_work\xpco\xpco\corporate\commonapi\videoos.management.vmoclient.unittests\bin\debug\net472\videoos.management.vmoclient.unittests.dll" id="8434aa07-b153-cfc3-0803-deaef20fe631">
      <Execution id="ffbe0eef-7cea-4735-b75f-24f20c922745" />
      <TestMethod codeBase="D:\actions-runner\_work\XPCO\XPCO\Corporate\CommonAPI\VideoOS.Management.VmoClient.UnitTests\bin\Debug\net472\VideoOS.Management.VmoClient.UnitTests.dll" adapterTypeName="executor://mstestadapter/v2" className="VideoOS.Management.VmoClient.UnitTests.GenericRepositoryTest" name="GenericRepositoryTestRefreshObjectNoResultFromServer" />
    </UnitTest>
    <UnitTest name="Grid_SetRegionYBelowValid_Exception" storage="d:\actions-runner\_work\xpco\xpco\corporate\commonapi\videoos.management.vmoclient.unittests\bin\debug\net472\videoos.management.vmoclient.unittests.dll" id="5373db25-0e0f-9f54-026a-a5838164bd0a">
      <TestCategory>
        <TestCategoryItem TestCategory="Grid" />
      </TestCategory>
      <Execution id="4fe57fea-9144-43cc-8aae-48c4e3d46e5e" />
      <TestMethod codeBase="D:\actions-runner\_work\XPCO\XPCO\Corporate\CommonAPI\VideoOS.Management.VmoClient.UnitTests\bin\Debug\net472\VideoOS.Management.VmoClient.UnitTests.dll" adapterTypeName="executor://mstestadapter/v2" className="VideoOS.Management.VmoClient.UnitTests.GridTest" name="Grid_SetRegionYBelowValid_Exception" />
    </UnitTest>
    <UnitTest name="RecordingStorage_Move_Storage_Success" storage="d:\actions-runner\_work\xpco\xpco\corporate\commonapi\videoos.management.vmoclient.unittests\bin\debug\net472\videoos.management.vmoclient.unittests.dll" id="b4b2ce78-ea17-2c67-91b1-d5289405da01">
      <Execution id="87d898de-525e-4b33-b777-86e40a74a875" />
      <TestMethod codeBase="D:\actions-runner\_work\XPCO\XPCO\Corporate\CommonAPI\VideoOS.Management.VmoClient.UnitTests\bin\Debug\net472\VideoOS.Management.VmoClient.UnitTests.dll" adapterTypeName="executor://mstestadapter/v2" className="VideoOS.Management.VmoClient.UnitTests.RecordingStorageTest" name="RecordingStorage_Move_Storage_Success" />
    </UnitTest>
    <UnitTest name="AddAddressesWithInvalidScheme_GivenInvalidAddressOnly_ShouldReturnFail" storage="d:\actions-runner\_work\xpco\xpco\corporate\commonapi\videoos.management.vmoclient.unittests\bin\debug\net472\videoos.management.vmoclient.unittests.dll" id="6ac14754-ba3b-e9e4-7cf6-f99baa850490">
      <Execution id="23bb642c-fa93-4e1e-b9d0-471649231eb6" />
      <TestMethod codeBase="D:\actions-runner\_work\XPCO\XPCO\Corporate\CommonAPI\VideoOS.Management.VmoClient.UnitTests\bin\Debug\net472\VideoOS.Management.VmoClient.UnitTests.dll" adapterTypeName="executor://mstestadapter/v2" className="VideoOS.Management.VmoClient.UnitTests.SiteConnectorResultBuilderTests" name="AddAddressesWithInvalidScheme_GivenInvalidAddressOnly_ShouldReturnFail" />
    </UnitTest>
    <UnitTest name="Constructor_NullSiteIdpConnector_Throws" storage="d:\actions-runner\_work\xpco\xpco\corporate\commonapi\videoos.management.vmoclient.unittests\bin\debug\net472\videoos.management.vmoclient.unittests.dll" id="e91a2775-b182-a50c-7252-43091e065330">
      <TestCategory>
        <TestCategoryItem TestCategory="Vmo Site Connection Tests" />
      </TestCategory>
      <Execution id="944bde6f-0abf-46f2-976e-e1c94777d18a" />
      <TestMethod codeBase="D:\actions-runner\_work\XPCO\XPCO\Corporate\CommonAPI\VideoOS.Management.VmoClient.UnitTests\bin\Debug\net472\VideoOS.Management.VmoClient.UnitTests.dll" adapterTypeName="executor://mstestadapter/v2" className="VideoOS.Management.VmoClient.UnitTests.SiteConnectorOAuthTest" name="Constructor_NullSiteIdpConnector_Throws" />
    </UnitTest>
    <UnitTest name="PerformanceStateRuleConfiguration_IsDirty_Success" storage="d:\actions-runner\_work\xpco\xpco\corporate\commonapi\videoos.management.vmoclient.unittests\bin\debug\net472\videoos.management.vmoclient.unittests.dll" id="6215978e-7b5d-4ed4-2e61-1f34c5a3a86a">
      <Execution id="f26576c3-9826-49d5-b9e8-f589931bdb68" />
      <TestMethod codeBase="D:\actions-runner\_work\XPCO\XPCO\Corporate\CommonAPI\VideoOS.Management.VmoClient.UnitTests\bin\Debug\net472\VideoOS.Management.VmoClient.UnitTests.dll" adapterTypeName="executor://mstestadapter/v2" className="VideoOS.Management.VmoClient.UnitTests.PerformanceStateRuleConfigTest" name="PerformanceStateRuleConfiguration_IsDirty_Success" />
    </UnitTest>
    <UnitTest name="Role_Add_Member_Check_Null_Name" storage="d:\actions-runner\_work\xpco\xpco\corporate\commonapi\videoos.management.vmoclient.unittests\bin\debug\net472\videoos.management.vmoclient.unittests.dll" id="92d0f24d-161a-5161-4318-378530da0fea">
      <Execution id="224682b1-5a04-4eb2-868a-225ecf55bda8" />
      <TestMethod codeBase="D:\actions-runner\_work\XPCO\XPCO\Corporate\CommonAPI\VideoOS.Management.VmoClient.UnitTests\bin\Debug\net472\VideoOS.Management.VmoClient.UnitTests.dll" adapterTypeName="executor://mstestadapter/v2" className="VideoOS.Management.VmoClient.UnitTests.RoleTest" name="Role_Add_Member_Check_Null_Name" />
    </UnitTest>
    <UnitTest name="Contains_GivenAnyConfiguredAddressAndConnectedSite_ShouldSuccess" storage="d:\actions-runner\_work\xpco\xpco\corporate\commonapi\videoos.management.vmoclient.unittests\bin\debug\net472\videoos.management.vmoclient.unittests.dll" id="636c8cf1-44d5-1cf4-3a85-1d64e2d2ce55">
      <Execution id="8a185eff-c1f4-4a18-bdb5-0ab7e2f1da79" />
      <TestMethod codeBase="D:\actions-runner\_work\XPCO\XPCO\Corporate\CommonAPI\VideoOS.Management.VmoClient.UnitTests\bin\Debug\net472\VideoOS.Management.VmoClient.UnitTests.dll" adapterTypeName="executor://mstestadapter/v2" className="VideoOS.Management.VmoClient.UnitTests.SiteTokenCacheStoreTests" name="Contains_GivenAnyConfiguredAddressAndConnectedSite_ShouldSuccess" />
    </UnitTest>
    <UnitTest name="RecordingStorage_Get_Using_Devices_Failed_Not_Supported" storage="d:\actions-runner\_work\xpco\xpco\corporate\commonapi\videoos.management.vmoclient.unittests\bin\debug\net472\videoos.management.vmoclient.unittests.dll" id="4adbe814-547b-0771-4a5e-b3225b955797">
      <Execution id="0a0d48fb-4262-4d6a-b2a1-8243a344d7a8" />
      <TestMethod codeBase="D:\actions-runner\_work\XPCO\XPCO\Corporate\CommonAPI\VideoOS.Management.VmoClient.UnitTests\bin\Debug\net472\VideoOS.Management.VmoClient.UnitTests.dll" adapterTypeName="executor://mstestadapter/v2" className="VideoOS.Management.VmoClient.UnitTests.RecordingStorageTest" name="RecordingStorage_Get_Using_Devices_Failed_Not_Supported" />
    </UnitTest>
    <UnitTest name="ResolveUICulture_ReturnThreadCurrentUICulture_WhenCurrentUICultureNotSet" storage="d:\actions-runner\_work\xpco\xpco\corporate\commonapi\videoos.management.vmoclient.unittests\bin\debug\net472\videoos.management.vmoclient.unittests.dll" id="31fa5d0d-5e74-d1c8-d0a2-8911646c8331">
      <Execution id="34f9f954-ea64-4976-9fde-af3100ac8e87" />
      <TestMethod codeBase="D:\actions-runner\_work\XPCO\XPCO\Corporate\CommonAPI\VideoOS.Management.VmoClient.UnitTests\bin\Debug\net472\VideoOS.Management.VmoClient.UnitTests.dll" adapterTypeName="executor://mstestadapter/v2" className="VideoOS.Management.VmoClient.UnitTests.VmoClientEnvironmentUnitTests" name="ResolveUICulture_ReturnThreadCurrentUICulture_WhenCurrentUICultureNotSet" />
    </UnitTest>
    <UnitTest name="Construct_Credentials_InvalidParam_Credentials_Null_Throws_ArgumentNullException" storage="d:\actions-runner\_work\xpco\xpco\corporate\commonapi\videoos.management.vmoclient.unittests\bin\debug\net472\videoos.management.vmoclient.unittests.dll" id="080dfb13-5944-cd0b-e84c-37ce02f84942">
      <TestCategory>
        <TestCategoryItem TestCategory="Vmo Site Connection Tests" />
      </TestCategory>
      <Execution id="895eccaf-e49f-43c1-ba39-0ff32540e183" />
      <TestMethod codeBase="D:\actions-runner\_work\XPCO\XPCO\Corporate\CommonAPI\VideoOS.Management.VmoClient.UnitTests\bin\Debug\net472\VideoOS.Management.VmoClient.UnitTests.dll" adapterTypeName="executor://mstestadapter/v2" className="VideoOS.Management.VmoClient.UnitTests.Connection.SiteConnectionInfoWindowsTests" name="Construct_Credentials_InvalidParam_Credentials_Null_Throws_ArgumentNullException" />
    </UnitTest>
    <UnitTest name="SystemDashboardConfigurationuration_Refresh_Success" storage="d:\actions-runner\_work\xpco\xpco\corporate\commonapi\videoos.management.vmoclient.unittests\bin\debug\net472\videoos.management.vmoclient.unittests.dll" id="592f1381-1b1e-d339-7eb0-253d41ee0dc5">
      <Execution id="38732059-2f27-4ea9-9d2b-e44439d676bb" />
      <TestMethod codeBase="D:\actions-runner\_work\XPCO\XPCO\Corporate\CommonAPI\VideoOS.Management.VmoClient.UnitTests\bin\Debug\net472\VideoOS.Management.VmoClient.UnitTests.dll" adapterTypeName="executor://mstestadapter/v2" className="VideoOS.Management.VmoClient.UnitTests.SystemDashboardConfigTest" name="SystemDashboardConfigurationuration_Refresh_Success" />
    </UnitTest>
    <UnitTest name="TestGenericRepositoryFunctionsCanReturnByTypeAndByIds" storage="d:\actions-runner\_work\xpco\xpco\corporate\commonapi\videoos.management.vmoclient.unittests\bin\debug\net472\videoos.management.vmoclient.unittests.dll" id="b2785c08-75dc-57da-3386-935b0d2e5e99">
      <Execution id="f5c6f3bb-4280-4c65-af15-7399ef63bb09" />
      <TestMethod codeBase="D:\actions-runner\_work\XPCO\XPCO\Corporate\CommonAPI\VideoOS.Management.VmoClient.UnitTests\bin\Debug\net472\VideoOS.Management.VmoClient.UnitTests.dll" adapterTypeName="executor://mstestadapter/v2" className="VideoOS.Management.VmoClient.UnitTests.GenericRepositoryTest" name="TestGenericRepositoryFunctionsCanReturnByTypeAndByIds" />
    </UnitTest>
    <UnitTest name="Hardware_ReadPassword_Deleted_Throws" storage="d:\actions-runner\_work\xpco\xpco\corporate\commonapi\videoos.management.vmoclient.unittests\bin\debug\net472\videoos.management.vmoclient.unittests.dll" id="64aecdcb-21c2-1171-3222-86b25eba11ec">
      <Execution id="7041fd91-27cf-450d-97cf-906fa7de2761" />
      <TestMethod codeBase="D:\actions-runner\_work\XPCO\XPCO\Corporate\CommonAPI\VideoOS.Management.VmoClient.UnitTests\bin\Debug\net472\VideoOS.Management.VmoClient.UnitTests.dll" adapterTypeName="executor://mstestadapter/v2" className="VideoOS.Management.VmoClient.UnitTests.HardwareTest" name="Hardware_ReadPassword_Deleted_Throws" />
    </UnitTest>
    <UnitTest name="Hardware_Driver_Version_Construct_Interconnected_Product" storage="d:\actions-runner\_work\xpco\xpco\corporate\commonapi\videoos.management.vmoclient.unittests\bin\debug\net472\videoos.management.vmoclient.unittests.dll" id="70996f40-1fc9-1245-1717-ca1f3cbfb6ac">
      <Execution id="81df0f31-772b-4a46-9152-d5731016b028" />
      <TestMethod codeBase="D:\actions-runner\_work\XPCO\XPCO\Corporate\CommonAPI\VideoOS.Management.VmoClient.UnitTests\bin\Debug\net472\VideoOS.Management.VmoClient.UnitTests.dll" adapterTypeName="executor://mstestadapter/v2" className="VideoOS.Management.VmoClient.UnitTests.HardwareDriverVersionTest" name="Hardware_Driver_Version_Construct_Interconnected_Product" />
    </UnitTest>
    <UnitTest name="MIPEvent_Create_Success" storage="d:\actions-runner\_work\xpco\xpco\corporate\commonapi\videoos.management.vmoclient.unittests\bin\debug\net472\videoos.management.vmoclient.unittests.dll" id="c1c48864-8599-68e8-5d78-5aaae964fd46">
      <Execution id="02a72c93-5bf1-449b-97b8-5a31361c94b2" />
      <TestMethod codeBase="D:\actions-runner\_work\XPCO\XPCO\Corporate\CommonAPI\VideoOS.Management.VmoClient.UnitTests\bin\Debug\net472\VideoOS.Management.VmoClient.UnitTests.dll" adapterTypeName="executor://mstestadapter/v2" className="VideoOS.Management.VmoClient.UnitTests.MIPEventTest" name="MIPEvent_Create_Success" />
    </UnitTest>
    <UnitTest name="AddSiteVersion_GivenIdpSupportedVersion_ShouldReturnFail" storage="d:\actions-runner\_work\xpco\xpco\corporate\commonapi\videoos.management.vmoclient.unittests\bin\debug\net472\videoos.management.vmoclient.unittests.dll" id="8695aac4-bad9-8a51-7f35-4933b6ca92ab">
      <Execution id="428bdf2d-e465-473f-b463-053675bf14dc" />
      <TestMethod codeBase="D:\actions-runner\_work\XPCO\XPCO\Corporate\CommonAPI\VideoOS.Management.VmoClient.UnitTests\bin\Debug\net472\VideoOS.Management.VmoClient.UnitTests.dll" adapterTypeName="executor://mstestadapter/v2" className="VideoOS.Management.VmoClient.UnitTests.SiteConnectorResultBuilderTests" name="AddSiteVersion_GivenIdpSupportedVersion_ShouldReturnFail" />
    </UnitTest>
    <UnitTest name="BasicOwnerInfo_Create_Success" storage="d:\actions-runner\_work\xpco\xpco\corporate\commonapi\videoos.management.vmoclient.unittests\bin\debug\net472\videoos.management.vmoclient.unittests.dll" id="52cda113-38e8-f06b-d5fa-4f71f6ad4b58">
      <Execution id="4c2bb0f3-d5f8-4880-b1df-f471a14ddcf4" />
      <TestMethod codeBase="D:\actions-runner\_work\XPCO\XPCO\Corporate\CommonAPI\VideoOS.Management.VmoClient.UnitTests\bin\Debug\net472\VideoOS.Management.VmoClient.UnitTests.dll" adapterTypeName="executor://mstestadapter/v2" className="VideoOS.Management.VmoClient.UnitTests.BasicOwnerInfoTest" name="BasicOwnerInfo_Create_Success" />
    </UnitTest>
    <UnitTest name="Grid_GridSizeChanged_ChangeEvent" storage="d:\actions-runner\_work\xpco\xpco\corporate\commonapi\videoos.management.vmoclient.unittests\bin\debug\net472\videoos.management.vmoclient.unittests.dll" id="0c64b581-38a4-caff-299e-f356f8d99811">
      <TestCategory>
        <TestCategoryItem TestCategory="Grid" />
      </TestCategory>
      <Execution id="ec780bf4-e5b9-4b81-9ead-0622f330a0e5" />
      <TestMethod codeBase="D:\actions-runner\_work\XPCO\XPCO\Corporate\CommonAPI\VideoOS.Management.VmoClient.UnitTests\bin\Debug\net472\VideoOS.Management.VmoClient.UnitTests.dll" adapterTypeName="executor://mstestadapter/v2" className="VideoOS.Management.VmoClient.UnitTests.GridTest" name="Grid_GridSizeChanged_ChangeEvent" />
    </UnitTest>
    <UnitTest name="TaskSetEncryptionMethod_StartNew_Success" storage="d:\actions-runner\_work\xpco\xpco\corporate\commonapi\videoos.management.vmoclient.unittests\bin\debug\net472\videoos.management.vmoclient.unittests.dll" id="dd161ebe-5efc-a6b2-49d8-a26b980caef2">
      <Execution id="26cf7315-d563-4f1d-b183-d40069189b5b" />
      <TestMethod codeBase="D:\actions-runner\_work\XPCO\XPCO\Corporate\CommonAPI\VideoOS.Management.VmoClient.UnitTests\bin\Debug\net472\VideoOS.Management.VmoClient.UnitTests.dll" adapterTypeName="executor://mstestadapter/v2" className="VideoOS.Management.VmoClient.UnitTests.TaskSetEncryptionMethodTest" name="TaskSetEncryptionMethod_StartNew_Success" />
    </UnitTest>
    <UnitTest name="BasicUser_Constructor_Password_Null_Check" storage="d:\actions-runner\_work\xpco\xpco\corporate\commonapi\videoos.management.vmoclient.unittests\bin\debug\net472\videoos.management.vmoclient.unittests.dll" id="9f0df0f6-d02a-0b4b-fdc2-c46f08b92130">
      <Execution id="13be39ad-2587-4055-ad3a-1cc9f42af7d8" />
      <TestMethod codeBase="D:\actions-runner\_work\XPCO\XPCO\Corporate\CommonAPI\VideoOS.Management.VmoClient.UnitTests\bin\Debug\net472\VideoOS.Management.VmoClient.UnitTests.dll" adapterTypeName="executor://mstestadapter/v2" className="VideoOS.Management.VmoClient.UnitTests.BasicUserTest" name="BasicUser_Constructor_Password_Null_Check" />
    </UnitTest>
    <UnitTest name="Contains_GivenConnectedAddress_ShouldSuccess" storage="d:\actions-runner\_work\xpco\xpco\corporate\commonapi\videoos.management.vmoclient.unittests\bin\debug\net472\videoos.management.vmoclient.unittests.dll" id="5886e0ac-60e4-e8a0-59b9-173f39736232">
      <Execution id="9595fb16-f5a9-480d-b7fc-bb75ab7c9fec" />
      <TestMethod codeBase="D:\actions-runner\_work\XPCO\XPCO\Corporate\CommonAPI\VideoOS.Management.VmoClient.UnitTests\bin\Debug\net472\VideoOS.Management.VmoClient.UnitTests.dll" adapterTypeName="executor://mstestadapter/v2" className="VideoOS.Management.VmoClient.UnitTests.SiteTokenCacheStoreTests" name="Contains_GivenConnectedAddress_ShouldSuccess" />
    </UnitTest>
    <UnitTest name="VideoWall_Delete_Success" storage="d:\actions-runner\_work\xpco\xpco\corporate\commonapi\videoos.management.vmoclient.unittests\bin\debug\net472\videoos.management.vmoclient.unittests.dll" id="34c7acda-0d62-3aa1-e07d-ecf994bc8301">
      <Execution id="37af6285-f0d9-4de4-82b6-203ec629138a" />
      <TestMethod codeBase="D:\actions-runner\_work\XPCO\XPCO\Corporate\CommonAPI\VideoOS.Management.VmoClient.UnitTests\bin\Debug\net472\VideoOS.Management.VmoClient.UnitTests.dll" adapterTypeName="executor://mstestadapter/v2" className="VideoOS.Management.VmoClient.UnitTests.VideoWallTest" name="VideoWall_Delete_Success" />
    </UnitTest>
    <UnitTest name="VideoWallPreset_Update_Success" storage="d:\actions-runner\_work\xpco\xpco\corporate\commonapi\videoos.management.vmoclient.unittests\bin\debug\net472\videoos.management.vmoclient.unittests.dll" id="1fca15cf-fb76-e220-7a95-4e1dd47337bd">
      <Execution id="b2999b21-c5e7-4ed5-b95d-e91c5068a874" />
      <TestMethod codeBase="D:\actions-runner\_work\XPCO\XPCO\Corporate\CommonAPI\VideoOS.Management.VmoClient.UnitTests\bin\Debug\net472\VideoOS.Management.VmoClient.UnitTests.dll" adapterTypeName="executor://mstestadapter/v2" className="VideoOS.Management.VmoClient.UnitTests.VideoWallPresetTest" name="VideoWallPreset_Update_Success" />
    </UnitTest>
    <UnitTest name="MarkedData_IsCreated_Success" storage="d:\actions-runner\_work\xpco\xpco\corporate\commonapi\videoos.management.vmoclient.unittests\bin\debug\net472\videoos.management.vmoclient.unittests.dll" id="b91687bc-370b-e22f-08aa-c38e05c6cc39">
      <Execution id="9ec27845-1148-4cdf-881a-8265105a8d6f" />
      <TestMethod codeBase="D:\actions-runner\_work\XPCO\XPCO\Corporate\CommonAPI\VideoOS.Management.VmoClient.UnitTests\bin\Debug\net472\VideoOS.Management.VmoClient.UnitTests.dll" adapterTypeName="executor://mstestadapter/v2" className="VideoOS.Management.VmoClient.UnitTests.MarkedDataTest" name="MarkedData_IsCreated_Success" />
    </UnitTest>
    <UnitTest name="MonitorPreset_Repository_Registered" storage="d:\actions-runner\_work\xpco\xpco\corporate\commonapi\videoos.management.vmoclient.unittests\bin\debug\net472\videoos.management.vmoclient.unittests.dll" id="0945cec8-9df8-c925-31b3-e54c187435b0">
      <Execution id="b527d5f2-16c5-4fa0-ae70-378c5eb3498b" />
      <TestMethod codeBase="D:\actions-runner\_work\XPCO\XPCO\Corporate\CommonAPI\VideoOS.Management.VmoClient.UnitTests\bin\Debug\net472\VideoOS.Management.VmoClient.UnitTests.dll" adapterTypeName="executor://mstestadapter/v2" className="VideoOS.Management.VmoClient.UnitTests.MonitorPresetTest" name="MonitorPreset_Repository_Registered" />
    </UnitTest>
    <UnitTest name="Hardware_ChangePassword_Before_v101_NotSupported" storage="d:\actions-runner\_work\xpco\xpco\corporate\commonapi\videoos.management.vmoclient.unittests\bin\debug\net472\videoos.management.vmoclient.unittests.dll" id="217af38c-4cb1-d200-9bd6-d154fb61e27a">
      <Execution id="20e95e13-c25a-4f20-8efd-147ec2a1de8f" />
      <TestMethod codeBase="D:\actions-runner\_work\XPCO\XPCO\Corporate\CommonAPI\VideoOS.Management.VmoClient.UnitTests\bin\Debug\net472\VideoOS.Management.VmoClient.UnitTests.dll" adapterTypeName="executor://mstestadapter/v2" className="VideoOS.Management.VmoClient.UnitTests.HardwareTest" name="Hardware_ChangePassword_Before_v101_NotSupported" />
    </UnitTest>
    <UnitTest name="ServerVersionConstructor_Version_Failure" storage="d:\actions-runner\_work\xpco\xpco\corporate\commonapi\videoos.management.vmoclient.unittests\bin\debug\net472\videoos.management.vmoclient.unittests.dll" id="246122c6-ee39-3a60-a746-b4c72482e1eb">
      <TestCategory>
        <TestCategoryItem TestCategory="Server Version" />
      </TestCategory>
      <Execution id="7a27d06a-0570-438f-820f-96d88343b813" />
      <TestMethod codeBase="D:\actions-runner\_work\XPCO\XPCO\Corporate\CommonAPI\VideoOS.Management.VmoClient.UnitTests\bin\Debug\net472\VideoOS.Management.VmoClient.UnitTests.dll" adapterTypeName="executor://mstestadapter/v2" className="VideoOS.Management.VmoClient.Tests.ServerVersionTests" name="ServerVersionConstructor_Version_Failure" />
    </UnitTest>
    <UnitTest name="PublicViewGroup_Repository_Registered" storage="d:\actions-runner\_work\xpco\xpco\corporate\commonapi\videoos.management.vmoclient.unittests\bin\debug\net472\videoos.management.vmoclient.unittests.dll" id="d7333a12-6de8-7f02-ecd3-085b65d7577a">
      <Execution id="8b3e6d0b-bbf5-4af4-b8b8-2d60b6810764" />
      <TestMethod codeBase="D:\actions-runner\_work\XPCO\XPCO\Corporate\CommonAPI\VideoOS.Management.VmoClient.UnitTests\bin\Debug\net472\VideoOS.Management.VmoClient.UnitTests.dll" adapterTypeName="executor://mstestadapter/v2" className="VideoOS.Management.VmoClient.UnitTests.PublicViewGroupTest" name="PublicViewGroup_Repository_Registered" />
    </UnitTest>
    <UnitTest name="PatrollingProfile_InsertStepAt_Create_PatrollingStep_With_WaitTime" storage="d:\actions-runner\_work\xpco\xpco\corporate\commonapi\videoos.management.vmoclient.unittests\bin\debug\net472\videoos.management.vmoclient.unittests.dll" id="0e4bce62-7c99-c2be-4d7c-40c43ae1e05c">
      <TestCategory>
        <TestCategoryItem TestCategory="Patrolling Profile" />
      </TestCategory>
      <Execution id="59e37d1d-70e4-4834-bfeb-9ce4de84c7ce" />
      <TestMethod codeBase="D:\actions-runner\_work\XPCO\XPCO\Corporate\CommonAPI\VideoOS.Management.VmoClient.UnitTests\bin\Debug\net472\VideoOS.Management.VmoClient.UnitTests.dll" adapterTypeName="executor://mstestadapter/v2" className="VideoOS.Management.VmoClient.UnitTests.PatrollingProfileTest" name="PatrollingProfile_InsertStepAt_Create_PatrollingStep_With_WaitTime" />
    </UnitTest>
    <UnitTest name="ThrowExceptionIfProtocolIsNotAllowed_SecureProtocol_NonSecureNotAllowed_DoesNothing" storage="d:\actions-runner\_work\xpco\xpco\corporate\commonapi\videoos.management.vmoclient.unittests\bin\debug\net472\videoos.management.vmoclient.unittests.dll" id="2910f1bf-3a00-47d4-ed05-f81c81996069">
      <Execution id="cc42b7a7-a726-4529-88be-ed0d4e02f59d" />
      <TestMethod codeBase="D:\actions-runner\_work\XPCO\XPCO\Corporate\CommonAPI\VideoOS.Management.VmoClient.UnitTests\bin\Debug\net472\VideoOS.Management.VmoClient.UnitTests.dll" adapterTypeName="executor://mstestadapter/v2" className="VideoOS.Management.VmoClient.UnitTests.SiteConnectorTest" name="ThrowExceptionIfProtocolIsNotAllowed_SecureProtocol_NonSecureNotAllowed_DoesNothing" />
    </UnitTest>
    <UnitTest name="PrivateViewGroupp_Constructor_DefaultValuesCorrect" storage="d:\actions-runner\_work\xpco\xpco\corporate\commonapi\videoos.management.vmoclient.unittests\bin\debug\net472\videoos.management.vmoclient.unittests.dll" id="0d831f72-5237-2649-7089-eec004509eb7">
      <Execution id="14e38956-4d59-4ca3-b5fe-d5ff4a6ea2c1" />
      <TestMethod codeBase="D:\actions-runner\_work\XPCO\XPCO\Corporate\CommonAPI\VideoOS.Management.VmoClient.UnitTests\bin\Debug\net472\VideoOS.Management.VmoClient.UnitTests.dll" adapterTypeName="executor://mstestadapter/v2" className="VideoOS.Management.VmoClient.UnitTests.PrivateViewGroupTest" name="PrivateViewGroupp_Constructor_DefaultValuesCorrect" />
    </UnitTest>
    <UnitTest name="FailoverServerGroup_Repository_Registered" storage="d:\actions-runner\_work\xpco\xpco\corporate\commonapi\videoos.management.vmoclient.unittests\bin\debug\net472\videoos.management.vmoclient.unittests.dll" id="50519408-910f-6c62-3606-ad9ca319f245">
      <Execution id="cc3c1fd2-8e24-42cd-970a-2b6ab6fd0300" />
      <TestMethod codeBase="D:\actions-runner\_work\XPCO\XPCO\Corporate\CommonAPI\VideoOS.Management.VmoClient.UnitTests\bin\Debug\net472\VideoOS.Management.VmoClient.UnitTests.dll" adapterTypeName="executor://mstestadapter/v2" className="VideoOS.Management.VmoClient.UnitTests.FailoverServerGroupTest" name="FailoverServerGroup_Repository_Registered" />
    </UnitTest>
    <UnitTest name="ArchiveStorage_Disable_Framerate_Reduction_Success" storage="d:\actions-runner\_work\xpco\xpco\corporate\commonapi\videoos.management.vmoclient.unittests\bin\debug\net472\videoos.management.vmoclient.unittests.dll" id="2fb9a74d-c291-8fa6-00a3-37dde4e921f9">
      <Execution id="c60979b0-c5b5-48a6-9caa-161a7d70bc64" />
      <TestMethod codeBase="D:\actions-runner\_work\XPCO\XPCO\Corporate\CommonAPI\VideoOS.Management.VmoClient.UnitTests\bin\Debug\net472\VideoOS.Management.VmoClient.UnitTests.dll" adapterTypeName="executor://mstestadapter/v2" className="VideoOS.Management.VmoClient.UnitTests.ArchiveStorageTest" name="ArchiveStorage_Disable_Framerate_Reduction_Success" />
    </UnitTest>
    <UnitTest name="SunClockTimeProfile_Create_Failed_Constructor" storage="d:\actions-runner\_work\xpco\xpco\corporate\commonapi\videoos.management.vmoclient.unittests\bin\debug\net472\videoos.management.vmoclient.unittests.dll" id="719f80c9-bcdc-f6e8-1240-71ef24b45079">
      <Execution id="d1fdd10e-5c9c-4d1c-9b4a-e0a1416524ba" />
      <TestMethod codeBase="D:\actions-runner\_work\XPCO\XPCO\Corporate\CommonAPI\VideoOS.Management.VmoClient.UnitTests\bin\Debug\net472\VideoOS.Management.VmoClient.UnitTests.dll" adapterTypeName="executor://mstestadapter/v2" className="VideoOS.Management.VmoClient.UnitTests.SunClockTimeProfileTest" name="SunClockTimeProfile_Create_Failed_Constructor" />
    </UnitTest>
    <UnitTest name="MarkedData_Create_Success" storage="d:\actions-runner\_work\xpco\xpco\corporate\commonapi\videoos.management.vmoclient.unittests\bin\debug\net472\videoos.management.vmoclient.unittests.dll" id="dacedd72-550d-d1bf-d9a6-5d170c95ba1b">
      <Execution id="795306c5-9ef4-4415-ab24-02660d3f268d" />
      <TestMethod codeBase="D:\actions-runner\_work\XPCO\XPCO\Corporate\CommonAPI\VideoOS.Management.VmoClient.UnitTests\bin\Debug\net472\VideoOS.Management.VmoClient.UnitTests.dll" adapterTypeName="executor://mstestadapter/v2" className="VideoOS.Management.VmoClient.UnitTests.MarkedDataTest" name="MarkedData_Create_Success" />
    </UnitTest>
    <UnitTest name="BasicUser_Delete_CheckVersionCalled" storage="d:\actions-runner\_work\xpco\xpco\corporate\commonapi\videoos.management.vmoclient.unittests\bin\debug\net472\videoos.management.vmoclient.unittests.dll" id="9cbdd936-2c0a-78c4-1d35-3e19fb817af9">
      <Execution id="a184c4d9-e9eb-4bd6-afce-5127fb4a3f7b" />
      <TestMethod codeBase="D:\actions-runner\_work\XPCO\XPCO\Corporate\CommonAPI\VideoOS.Management.VmoClient.UnitTests\bin\Debug\net472\VideoOS.Management.VmoClient.UnitTests.dll" adapterTypeName="executor://mstestadapter/v2" className="VideoOS.Management.VmoClient.UnitTests.BasicUserTest" name="BasicUser_Delete_CheckVersionCalled" />
    </UnitTest>
    <UnitTest name="Management_Repository_Registered" storage="d:\actions-runner\_work\xpco\xpco\corporate\commonapi\videoos.management.vmoclient.unittests\bin\debug\net472\videoos.management.vmoclient.unittests.dll" id="90df41f2-1eff-541d-10e4-135b682b043b">
      <Execution id="b5564b46-475b-4916-a18d-8dc46afc91a4" />
      <TestMethod codeBase="D:\actions-runner\_work\XPCO\XPCO\Corporate\CommonAPI\VideoOS.Management.VmoClient.UnitTests\bin\Debug\net472\VideoOS.Management.VmoClient.UnitTests.dll" adapterTypeName="executor://mstestadapter/v2" className="VideoOS.Management.VmoClient.UnitTests.ManagementServerTest" name="Management_Repository_Registered" />
    </UnitTest>
    <UnitTest name="RecordingStorage_ChangeEncryptionPassword_Success" storage="d:\actions-runner\_work\xpco\xpco\corporate\commonapi\videoos.management.vmoclient.unittests\bin\debug\net472\videoos.management.vmoclient.unittests.dll" id="ec17200e-ab59-1085-baef-4f43de14be21">
      <Execution id="995e7d73-62cc-4a73-89f4-2b1371ca5de6" />
      <TestMethod codeBase="D:\actions-runner\_work\XPCO\XPCO\Corporate\CommonAPI\VideoOS.Management.VmoClient.UnitTests\bin\Debug\net472\VideoOS.Management.VmoClient.UnitTests.dll" adapterTypeName="executor://mstestadapter/v2" className="VideoOS.Management.VmoClient.UnitTests.RecordingStorageTest" name="RecordingStorage_ChangeEncryptionPassword_Success" />
    </UnitTest>
    <UnitTest name="GenericRepositoryTestRefreshObject" storage="d:\actions-runner\_work\xpco\xpco\corporate\commonapi\videoos.management.vmoclient.unittests\bin\debug\net472\videoos.management.vmoclient.unittests.dll" id="b9612d27-d96d-4885-bd23-09fc7118f418">
      <Execution id="67a9119e-ef49-42d0-9092-313228a658e6" />
      <TestMethod codeBase="D:\actions-runner\_work\XPCO\XPCO\Corporate\CommonAPI\VideoOS.Management.VmoClient.UnitTests\bin\Debug\net472\VideoOS.Management.VmoClient.UnitTests.dll" adapterTypeName="executor://mstestadapter/v2" className="VideoOS.Management.VmoClient.UnitTests.GenericRepositoryTest" name="GenericRepositoryTestRefreshObject" />
    </UnitTest>
    <UnitTest name="SystemDashboardConfiguration_Constructor_DefaultValuesCorrect" storage="d:\actions-runner\_work\xpco\xpco\corporate\commonapi\videoos.management.vmoclient.unittests\bin\debug\net472\videoos.management.vmoclient.unittests.dll" id="8340f6de-4c20-dead-1b31-669793dc9602">
      <Execution id="55997d4e-fca3-401b-b338-a12073675e7b" />
      <TestMethod codeBase="D:\actions-runner\_work\XPCO\XPCO\Corporate\CommonAPI\VideoOS.Management.VmoClient.UnitTests\bin\Debug\net472\VideoOS.Management.VmoClient.UnitTests.dll" adapterTypeName="executor://mstestadapter/v2" className="VideoOS.Management.VmoClient.UnitTests.SystemDashboardConfigTest" name="SystemDashboardConfiguration_Constructor_DefaultValuesCorrect" />
    </UnitTest>
    <UnitTest name="ServerVersionConstructor_CompareToObjLeft_Success" storage="d:\actions-runner\_work\xpco\xpco\corporate\commonapi\videoos.management.vmoclient.unittests\bin\debug\net472\videoos.management.vmoclient.unittests.dll" id="1503451f-c367-e6f7-efcd-1d7c7d1cd27d">
      <TestCategory>
        <TestCategoryItem TestCategory="Server Version" />
      </TestCategory>
      <Execution id="a2304ebf-189f-48f1-93aa-8b9fd3012e33" />
      <TestMethod codeBase="D:\actions-runner\_work\XPCO\XPCO\Corporate\CommonAPI\VideoOS.Management.VmoClient.UnitTests\bin\Debug\net472\VideoOS.Management.VmoClient.UnitTests.dll" adapterTypeName="executor://mstestadapter/v2" className="VideoOS.Management.VmoClient.Tests.ServerVersionTests" name="ServerVersionConstructor_CompareToObjLeft_Success" />
    </UnitTest>
    <UnitTest name="MarkedData_Refresh_Success" storage="d:\actions-runner\_work\xpco\xpco\corporate\commonapi\videoos.management.vmoclient.unittests\bin\debug\net472\videoos.management.vmoclient.unittests.dll" id="57cbc2d1-15e4-6c52-cd5a-f956ea4b46d2">
      <Execution id="511bf06e-c8e7-4a89-a12f-eaa336744564" />
      <TestMethod codeBase="D:\actions-runner\_work\XPCO\XPCO\Corporate\CommonAPI\VideoOS.Management.VmoClient.UnitTests\bin\Debug\net472\VideoOS.Management.VmoClient.UnitTests.dll" adapterTypeName="executor://mstestadapter/v2" className="VideoOS.Management.VmoClient.UnitTests.MarkedDataTest" name="MarkedData_Refresh_Success" />
    </UnitTest>
    <UnitTest name="ErrorResultInstance_ThrowsIfNotFailed" storage="d:\actions-runner\_work\xpco\xpco\corporate\commonapi\videoos.management.vmoclient.unittests\bin\debug\net472\videoos.management.vmoclient.unittests.dll" id="af500a3c-0d31-8f0c-a63f-7fc02c720397">
      <Execution id="8808cf04-f910-42c9-a098-b6866c759962" />
      <TestMethod codeBase="D:\actions-runner\_work\XPCO\XPCO\Corporate\CommonAPI\VideoOS.Management.VmoClient.UnitTests\bin\Debug\net472\VideoOS.Management.VmoClient.UnitTests.dll" adapterTypeName="executor://mstestadapter/v2" className="VideoOS.Management.VmoClient.UnitTests.TaskAsyncTaskTest" name="ErrorResultInstance_ThrowsIfNotFailed" />
    </UnitTest>
    <UnitTest name="TrustedIssuer_DeleteOnUnsupportedVersion_Throws" storage="d:\actions-runner\_work\xpco\xpco\corporate\commonapi\videoos.management.vmoclient.unittests\bin\debug\net472\videoos.management.vmoclient.unittests.dll" id="e247e8aa-c917-f9e1-ee41-625673010644">
      <Execution id="a29383b9-ffa9-45e8-bf73-00a6bcd31761" />
      <TestMethod codeBase="D:\actions-runner\_work\XPCO\XPCO\Corporate\CommonAPI\VideoOS.Management.VmoClient.UnitTests\bin\Debug\net472\VideoOS.Management.VmoClient.UnitTests.dll" adapterTypeName="executor://mstestadapter/v2" className="VideoOS.Management.VmoClient.UnitTests.TrustedIssuerTest" name="TrustedIssuer_DeleteOnUnsupportedVersion_Throws" />
    </UnitTest>
    <UnitTest name="BasicUser_Constructor_Custom_Id_Empty_Guid_Check" storage="d:\actions-runner\_work\xpco\xpco\corporate\commonapi\videoos.management.vmoclient.unittests\bin\debug\net472\videoos.management.vmoclient.unittests.dll" id="0f54e9f8-d53f-7a88-d50c-8501da97b547">
      <Execution id="66981671-9568-4fbb-9d3e-f85bd779bea8" />
      <TestMethod codeBase="D:\actions-runner\_work\XPCO\XPCO\Corporate\CommonAPI\VideoOS.Management.VmoClient.UnitTests\bin\Debug\net472\VideoOS.Management.VmoClient.UnitTests.dll" adapterTypeName="executor://mstestadapter/v2" className="VideoOS.Management.VmoClient.UnitTests.BasicUserTest" name="BasicUser_Constructor_Custom_Id_Empty_Guid_Check" />
    </UnitTest>
    <UnitTest name="GetFastestIdpInfo_GivenEmptyAddresses_ShouldThrow" storage="d:\actions-runner\_work\xpco\xpco\corporate\commonapi\videoos.management.vmoclient.unittests\bin\debug\net472\videoos.management.vmoclient.unittests.dll" id="181cf575-df74-dcfd-8990-f51d9a015474">
      <Execution id="936b4a0c-42e8-4aaa-a5c7-ba6e4e4a558b" />
      <TestMethod codeBase="D:\actions-runner\_work\XPCO\XPCO\Corporate\CommonAPI\VideoOS.Management.VmoClient.UnitTests\bin\Debug\net472\VideoOS.Management.VmoClient.UnitTests.dll" adapterTypeName="executor://mstestadapter/v2" className="VideoOS.Management.VmoClient.UnitTests.SiteIdpConnectorTests" name="GetFastestIdpInfo_GivenEmptyAddresses_ShouldThrow" />
    </UnitTest>
    <UnitTest name="AxisTunnelServer_Constructor_DefaultValuesCorrect" storage="d:\actions-runner\_work\xpco\xpco\corporate\commonapi\videoos.management.vmoclient.unittests\bin\debug\net472\videoos.management.vmoclient.unittests.dll" id="4e539b83-0404-b8fb-a4fe-bd24e445763d">
      <Execution id="d09d1991-a62e-413b-920a-d0aea541d71b" />
      <TestMethod codeBase="D:\actions-runner\_work\XPCO\XPCO\Corporate\CommonAPI\VideoOS.Management.VmoClient.UnitTests\bin\Debug\net472\VideoOS.Management.VmoClient.UnitTests.dll" adapterTypeName="executor://mstestadapter/v2" className="VideoOS.Management.VmoClient.UnitTests.AxisTunnelServerTest" name="AxisTunnelServer_Constructor_DefaultValuesCorrect" />
    </UnitTest>
    <UnitTest name="ManagementServer_DetachChildSite_ArgumentNullException" storage="d:\actions-runner\_work\xpco\xpco\corporate\commonapi\videoos.management.vmoclient.unittests\bin\debug\net472\videoos.management.vmoclient.unittests.dll" id="5ea7cb00-b892-f1fd-b62e-cc236ff5ad70">
      <Execution id="d3b63a42-2dff-46c3-80d3-a046abb5bd91" />
      <TestMethod codeBase="D:\actions-runner\_work\XPCO\XPCO\Corporate\CommonAPI\VideoOS.Management.VmoClient.UnitTests\bin\Debug\net472\VideoOS.Management.VmoClient.UnitTests.dll" adapterTypeName="executor://mstestadapter/v2" className="VideoOS.Management.VmoClient.UnitTests.ManagementServerTest" name="ManagementServer_DetachChildSite_ArgumentNullException" />
    </UnitTest>
    <UnitTest name="ViewLayout_UpdateCustomProperties_PropertiesSaved" storage="d:\actions-runner\_work\xpco\xpco\corporate\commonapi\videoos.management.vmoclient.unittests\bin\debug\net472\videoos.management.vmoclient.unittests.dll" id="90d24614-d5fb-3703-283e-d3349071d86f">
      <Execution id="2ff7989d-5b9a-45b9-aa8b-72831bf423f1" />
      <TestMethod codeBase="D:\actions-runner\_work\XPCO\XPCO\Corporate\CommonAPI\VideoOS.Management.VmoClient.UnitTests\bin\Debug\net472\VideoOS.Management.VmoClient.UnitTests.dll" adapterTypeName="executor://mstestadapter/v2" className="VideoOS.Management.VmoClient.UnitTests.ViewLayoutTest" name="ViewLayout_UpdateCustomProperties_PropertiesSaved" />
    </UnitTest>
    <UnitTest name="ServerVersionConstructor_LongString_Failure" storage="d:\actions-runner\_work\xpco\xpco\corporate\commonapi\videoos.management.vmoclient.unittests\bin\debug\net472\videoos.management.vmoclient.unittests.dll" id="3b57340c-2aad-3c76-3047-e04f27bcda97">
      <TestCategory>
        <TestCategoryItem TestCategory="Server Version" />
      </TestCategory>
      <Execution id="145cf949-b750-4d9b-a741-5f4500697dff" />
      <TestMethod codeBase="D:\actions-runner\_work\XPCO\XPCO\Corporate\CommonAPI\VideoOS.Management.VmoClient.UnitTests\bin\Debug\net472\VideoOS.Management.VmoClient.UnitTests.dll" adapterTypeName="executor://mstestadapter/v2" className="VideoOS.Management.VmoClient.Tests.ServerVersionTests" name="ServerVersionConstructor_LongString_Failure" />
    </UnitTest>
    <UnitTest name="ArchiveStorage_Refresh_Success" storage="d:\actions-runner\_work\xpco\xpco\corporate\commonapi\videoos.management.vmoclient.unittests\bin\debug\net472\videoos.management.vmoclient.unittests.dll" id="1ff3f87e-5174-56eb-2851-3625b34adab2">
      <Execution id="568e316f-65fb-4d0a-b06f-9e4a83aad1f5" />
      <TestMethod codeBase="D:\actions-runner\_work\XPCO\XPCO\Corporate\CommonAPI\VideoOS.Management.VmoClient.UnitTests\bin\Debug\net472\VideoOS.Management.VmoClient.UnitTests.dll" adapterTypeName="executor://mstestadapter/v2" className="VideoOS.Management.VmoClient.UnitTests.ArchiveStorageTest" name="ArchiveStorage_Refresh_Success" />
    </UnitTest>
    <UnitTest name="TaskSetEncryptionMethod_Refresh_Success" storage="d:\actions-runner\_work\xpco\xpco\corporate\commonapi\videoos.management.vmoclient.unittests\bin\debug\net472\videoos.management.vmoclient.unittests.dll" id="37b7d620-ba49-b91e-8675-23dcbd72253a">
      <Execution id="37961f30-06c0-491d-a46f-ca266a4fe107" />
      <TestMethod codeBase="D:\actions-runner\_work\XPCO\XPCO\Corporate\CommonAPI\VideoOS.Management.VmoClient.UnitTests\bin\Debug\net472\VideoOS.Management.VmoClient.UnitTests.dll" adapterTypeName="executor://mstestadapter/v2" className="VideoOS.Management.VmoClient.UnitTests.TaskSetEncryptionMethodTest" name="TaskSetEncryptionMethod_Refresh_Success" />
    </UnitTest>
    <UnitTest name="TrustedIssuer_UpdateOnUnsupportedVersion_Throws" storage="d:\actions-runner\_work\xpco\xpco\corporate\commonapi\videoos.management.vmoclient.unittests\bin\debug\net472\videoos.management.vmoclient.unittests.dll" id="31ac0d35-4ee8-68ea-f233-efa6522b64b9">
      <Execution id="b72f386a-c5f3-483f-ade4-445637716886" />
      <TestMethod codeBase="D:\actions-runner\_work\XPCO\XPCO\Corporate\CommonAPI\VideoOS.Management.VmoClient.UnitTests\bin\Debug\net472\VideoOS.Management.VmoClient.UnitTests.dll" adapterTypeName="executor://mstestadapter/v2" className="VideoOS.Management.VmoClient.UnitTests.TrustedIssuerTest" name="TrustedIssuer_UpdateOnUnsupportedVersion_Throws" />
    </UnitTest>
    <UnitTest name="MarkedData_Undo_Success" storage="d:\actions-runner\_work\xpco\xpco\corporate\commonapi\videoos.management.vmoclient.unittests\bin\debug\net472\videoos.management.vmoclient.unittests.dll" id="e72460b8-2893-9db9-3f53-70b769bacc12">
      <Execution id="00bcb835-a167-423d-9641-59defb0dd742" />
      <TestMethod codeBase="D:\actions-runner\_work\XPCO\XPCO\Corporate\CommonAPI\VideoOS.Management.VmoClient.UnitTests\bin\Debug\net472\VideoOS.Management.VmoClient.UnitTests.dll" adapterTypeName="executor://mstestadapter/v2" className="VideoOS.Management.VmoClient.UnitTests.MarkedDataTest" name="MarkedData_Undo_Success" />
    </UnitTest>
    <UnitTest name="UserDefinedEvent_Delete_Success" storage="d:\actions-runner\_work\xpco\xpco\corporate\commonapi\videoos.management.vmoclient.unittests\bin\debug\net472\videoos.management.vmoclient.unittests.dll" id="257cf2f0-17f1-f096-f603-e5f4a87a7a66">
      <Execution id="d765abb3-ae8f-4200-a7ae-00c6f8dbe9da" />
      <TestMethod codeBase="D:\actions-runner\_work\XPCO\XPCO\Corporate\CommonAPI\VideoOS.Management.VmoClient.UnitTests\bin\Debug\net472\VideoOS.Management.VmoClient.UnitTests.dll" adapterTypeName="executor://mstestadapter/v2" className="VideoOS.Management.VmoClient.UnitTests.UserDefinedEventTest" name="UserDefinedEvent_Delete_Success" />
    </UnitTest>
    <UnitTest name="GenericRepositoryTestDeleteObject" storage="d:\actions-runner\_work\xpco\xpco\corporate\commonapi\videoos.management.vmoclient.unittests\bin\debug\net472\videoos.management.vmoclient.unittests.dll" id="fcf06cc3-5bec-4324-e2a1-7a52c5df1685">
      <Execution id="6d9d1fa7-c5e5-4246-80fb-49b486699364" />
      <TestMethod codeBase="D:\actions-runner\_work\XPCO\XPCO\Corporate\CommonAPI\VideoOS.Management.VmoClient.UnitTests\bin\Debug\net472\VideoOS.Management.VmoClient.UnitTests.dll" adapterTypeName="executor://mstestadapter/v2" className="VideoOS.Management.VmoClient.UnitTests.GenericRepositoryTest" name="GenericRepositoryTestDeleteObject" />
    </UnitTest>
    <UnitTest name="Hardware_Update_Success" storage="d:\actions-runner\_work\xpco\xpco\corporate\commonapi\videoos.management.vmoclient.unittests\bin\debug\net472\videoos.management.vmoclient.unittests.dll" id="24d1b82b-a890-7a9c-2f4f-4ff21d01978b">
      <Execution id="3ab9ea8d-e25b-4bf1-89cf-e959b91e7f9a" />
      <TestMethod codeBase="D:\actions-runner\_work\XPCO\XPCO\Corporate\CommonAPI\VideoOS.Management.VmoClient.UnitTests\bin\Debug\net472\VideoOS.Management.VmoClient.UnitTests.dll" adapterTypeName="executor://mstestadapter/v2" className="VideoOS.Management.VmoClient.UnitTests.HardwareTest" name="Hardware_Update_Success" />
    </UnitTest>
    <UnitTest name="ClientProfile_Repository_Registered" storage="d:\actions-runner\_work\xpco\xpco\corporate\commonapi\videoos.management.vmoclient.unittests\bin\debug\net472\videoos.management.vmoclient.unittests.dll" id="cba3cbb8-c82e-c21d-6400-b6073f3aa082">
      <Execution id="54424ce9-e7f5-4e96-8e53-6cb4a59bbcab" />
      <TestMethod codeBase="D:\actions-runner\_work\XPCO\XPCO\Corporate\CommonAPI\VideoOS.Management.VmoClient.UnitTests\bin\Debug\net472\VideoOS.Management.VmoClient.UnitTests.dll" adapterTypeName="executor://mstestadapter/v2" className="VideoOS.Management.VmoClient.UnitTests.ClientProfileTest" name="ClientProfile_Repository_Registered" />
    </UnitTest>
    <UnitTest name="Remove_SameItemTwice_ShouldSuccess" storage="d:\actions-runner\_work\xpco\xpco\corporate\commonapi\videoos.management.vmoclient.unittests\bin\debug\net472\videoos.management.vmoclient.unittests.dll" id="df997f73-3ae4-d044-e17e-3699e0991a68">
      <Execution id="e95ea3d5-5477-444b-a978-41c42c632bc3" />
      <TestMethod codeBase="D:\actions-runner\_work\XPCO\XPCO\Corporate\CommonAPI\VideoOS.Management.VmoClient.UnitTests\bin\Debug\net472\VideoOS.Management.VmoClient.UnitTests.dll" adapterTypeName="executor://mstestadapter/v2" className="VideoOS.Management.VmoClient.UnitTests.SiteTokenCacheStoreTests" name="Remove_SameItemTwice_ShouldSuccess" />
    </UnitTest>
    <UnitTest name="Management_Server_Load_Functions_Test" storage="d:\actions-runner\_work\xpco\xpco\corporate\commonapi\videoos.management.vmoclient.unittests\bin\debug\net472\videoos.management.vmoclient.unittests.dll" id="ba740a17-cde2-0541-90ea-5e112d7c1b67">
      <Execution id="91025e83-ba66-4400-87c6-36224f02a46b" />
      <TestMethod codeBase="D:\actions-runner\_work\XPCO\XPCO\Corporate\CommonAPI\VideoOS.Management.VmoClient.UnitTests\bin\Debug\net472\VideoOS.Management.VmoClient.UnitTests.dll" adapterTypeName="executor://mstestadapter/v2" className="VideoOS.Management.VmoClient.UnitTests.ManagementServerTest" name="Management_Server_Load_Functions_Test" />
    </UnitTest>
    <UnitTest name="ProxyClientServiceBase_CallWithRetry_NoRetry_CommunicationException_IdentityServerTokenExceptionInner" storage="d:\actions-runner\_work\xpco\xpco\corporate\commonapi\videoos.management.vmoclient.unittests\bin\debug\net472\videoos.management.vmoclient.unittests.dll" id="6a3b15fd-8992-dcb6-1e1e-0dcb1a0e3361">
      <Execution id="2ed8801d-de03-4ee0-971d-0055e58ba3c8" />
      <TestMethod codeBase="D:\actions-runner\_work\XPCO\XPCO\Corporate\CommonAPI\VideoOS.Management.VmoClient.UnitTests\bin\Debug\net472\VideoOS.Management.VmoClient.UnitTests.dll" adapterTypeName="executor://mstestadapter/v2" className="VideoOS.Management.VmoClient.UnitTests.Framework.ProxyClientServiceBaseTest" name="ProxyClientServiceBase_CallWithRetry_NoRetry_CommunicationException_IdentityServerTokenExceptionInner" />
    </UnitTest>
  </TestDefinitions>
  <TestEntries>
    <TestEntry testId="e18621e8-da82-d8f4-e7c7-a10340d5d9a4" executionId="4970e4cd-aba0-4419-9b51-6a90dc0b595d" testListId="8c84fa94-04c1-424b-9868-57a2d4851a1d" />
    <TestEntry testId="85b0eff5-6a5c-21aa-74b2-7eac2da376a1" executionId="62ac592a-f944-425c-a4ec-1c35f306d929" testListId="8c84fa94-04c1-424b-9868-57a2d4851a1d" />
    <TestEntry testId="3623f466-d4ac-1751-80f5-d2ef70422e3d" executionId="61e479a0-b004-44d4-a7a3-5aeee52faf33" testListId="8c84fa94-04c1-424b-9868-57a2d4851a1d" />
    <TestEntry testId="8f734c84-010b-fd88-9118-98e3804d5b92" executionId="f116d00a-36dc-4e9e-9a8b-7845d0d649e3" testListId="8c84fa94-04c1-424b-9868-57a2d4851a1d" />
    <TestEntry testId="e1b655f7-192d-33c2-0a45-0074494ab772" executionId="b6366982-8394-4c03-93c3-74db33d9ea97" testListId="8c84fa94-04c1-424b-9868-57a2d4851a1d" />
    <TestEntry testId="88db907c-2729-b881-7e27-60f3def562f7" executionId="d017af37-ddc5-4975-9929-110a4b551e40" testListId="8c84fa94-04c1-424b-9868-57a2d4851a1d" />
    <TestEntry testId="76bdfff2-86bb-a4a4-4cd3-f83db04d8dac" executionId="de7295cc-6d39-4783-bf8b-a14c187da405" testListId="8c84fa94-04c1-424b-9868-57a2d4851a1d" />
    <TestEntry testId="9f791b44-66ed-81cb-a905-2468ae287f4b" executionId="75255ae5-df97-4ecb-857a-e2afe83a22c5" testListId="8c84fa94-04c1-424b-9868-57a2d4851a1d" />
    <TestEntry testId="91f8128f-bf3b-28e3-f019-7c15bf28820b" executionId="ab034493-bc27-47ef-8a35-bfd1138e3bd4" testListId="8c84fa94-04c1-424b-9868-57a2d4851a1d" />
    <TestEntry testId="649e9608-c087-e678-8053-b4978cc56299" executionId="62fb6dcf-83c9-4f6f-9319-dc213c1bb2c4" testListId="8c84fa94-04c1-424b-9868-57a2d4851a1d" />
    <TestEntry testId="bb68a4f3-b961-a1ba-aa1d-980c85fccb0d" executionId="e4e4b74f-8e66-4376-9468-b9c3eb5687e7" testListId="8c84fa94-04c1-424b-9868-57a2d4851a1d" />
    <TestEntry testId="66fcdc1b-950f-7a55-01b9-2759d9aabe60" executionId="8439186d-77f7-4a72-a5ac-c09529d56e6c" testListId="8c84fa94-04c1-424b-9868-57a2d4851a1d" />
    <TestEntry testId="2e7ddda3-0753-ee69-12f3-a89221333475" executionId="d788eeae-9e87-49e2-b828-9299a67b0755" testListId="8c84fa94-04c1-424b-9868-57a2d4851a1d" />
    <TestEntry testId="d7333a12-6de8-7f02-ecd3-085b65d7577a" executionId="8b3e6d0b-bbf5-4af4-b8b8-2d60b6810764" testListId="8c84fa94-04c1-424b-9868-57a2d4851a1d" />
    <TestEntry testId="74227176-8c7a-ec65-bd11-5456d1514c33" executionId="ea9b345b-7927-4532-b349-4736e24d9122" testListId="8c84fa94-04c1-424b-9868-57a2d4851a1d" />
    <TestEntry testId="897de007-5843-f6bb-7109-f6694e9c9718" executionId="d4daff3d-ed5c-4d65-a058-79fb669341d3" testListId="8c84fa94-04c1-424b-9868-57a2d4851a1d" />
    <TestEntry testId="1bce7956-e646-34df-076d-ce535ac6241f" executionId="5af232e2-8e7f-4252-b61e-c9b3e6b94c6f" testListId="8c84fa94-04c1-424b-9868-57a2d4851a1d" />
    <TestEntry testId="2c70923f-ca66-aba3-db7c-df9c2aa9f052" executionId="332d9579-77cc-4cf1-a80e-17ccc639a5e9" testListId="8c84fa94-04c1-424b-9868-57a2d4851a1d" />
    <TestEntry testId="8f991ec0-049a-f3d3-1a97-4d913c1d59ea" executionId="e024e367-096e-4b83-8476-39cd420474de" testListId="8c84fa94-04c1-424b-9868-57a2d4851a1d" />
    <TestEntry testId="2df11082-086c-4938-fcb5-70372619bdc8" executionId="1fdf4bb1-2622-4106-969d-e9289d5123cb" testListId="8c84fa94-04c1-424b-9868-57a2d4851a1d" />
    <TestEntry testId="8dc42fe5-e680-bdfd-5002-668002897b77" executionId="a9e80aa6-fda5-4be6-97b5-6dcedf09cc53" testListId="8c84fa94-04c1-424b-9868-57a2d4851a1d" />
    <TestEntry testId="ba740a17-cde2-0541-90ea-5e112d7c1b67" executionId="91025e83-ba66-4400-87c6-36224f02a46b" testListId="8c84fa94-04c1-424b-9868-57a2d4851a1d" />
    <TestEntry testId="a2b94d8f-bc5d-7cd3-30ac-b7de6576e0d9" executionId="391433c7-d433-4be0-8359-cfb3d59169a0" testListId="8c84fa94-04c1-424b-9868-57a2d4851a1d" />
    <TestEntry testId="58c75aeb-e3ba-43a5-37a3-4faf9ce396c2" executionId="e72b5b61-76f7-43fa-92c6-7f08bd7ad4ec" testListId="8c84fa94-04c1-424b-9868-57a2d4851a1d" />
    <TestEntry testId="c9754ef7-454d-f20a-ba8a-9bb48b22c987" executionId="beb42b5f-1136-40f7-a11f-2932b8b71eec" testListId="8c84fa94-04c1-424b-9868-57a2d4851a1d" />
    <TestEntry testId="b7b8e73e-c0c7-02a5-30ae-4effac23b9d0" executionId="31b101cd-fff2-4748-9ddf-330e15c110e3" testListId="8c84fa94-04c1-424b-9868-57a2d4851a1d" />
    <TestEntry testId="8a13bd06-e39c-34b9-1589-dab6fc542cdc" executionId="abad2bcc-31de-4d73-a2f6-6ee0e109e095" testListId="8c84fa94-04c1-424b-9868-57a2d4851a1d" />
    <TestEntry testId="f9ad11b2-10fa-d297-cda1-cf93f159844d" executionId="8f004f14-869f-4494-8e57-4b23af8483e9" testListId="8c84fa94-04c1-424b-9868-57a2d4851a1d" />
    <TestEntry testId="636c8cf1-44d5-1cf4-3a85-1d64e2d2ce55" executionId="8a185eff-c1f4-4a18-bdb5-0ab7e2f1da79" testListId="8c84fa94-04c1-424b-9868-57a2d4851a1d" />
    <TestEntry testId="fc918322-f4bb-489c-e6f9-317234a62a30" executionId="a0ea6729-247e-4bed-b808-5a157aa70c00" testListId="8c84fa94-04c1-424b-9868-57a2d4851a1d" />
    <TestEntry testId="41552e2f-c955-e627-479f-7829b8de2b6c" executionId="052afe37-c4e6-45bf-a459-ac4e5e1dfacb" testListId="8c84fa94-04c1-424b-9868-57a2d4851a1d" />
    <TestEntry testId="0f84e6ef-2cf8-7465-e4b9-ad003c4d190d" executionId="5f474b39-bb89-43cd-a7b7-b2e7804a0df0" testListId="8c84fa94-04c1-424b-9868-57a2d4851a1d" />
    <TestEntry testId="80097625-e003-6f69-9b6c-cb7eeead4cc8" executionId="7eecf722-1d25-44d5-b52b-b4bfb0f4d0a8" testListId="8c84fa94-04c1-424b-9868-57a2d4851a1d" />
    <TestEntry testId="dee1b8cc-1096-72d2-755b-0a72b4d39e1a" executionId="b355429d-c9f7-45cc-97eb-173f19c9ece3" testListId="8c84fa94-04c1-424b-9868-57a2d4851a1d" />
    <TestEntry testId="94b148ad-9c83-a554-8c3e-b246b0575830" executionId="833dc8b7-fbca-4122-a547-c63caaec48f3" testListId="8c84fa94-04c1-424b-9868-57a2d4851a1d" />
    <TestEntry testId="66f41b99-9bb5-3922-2d4c-8267bfe83112" executionId="9f4683da-f965-4d55-81a8-18cf276a597d" testListId="8c84fa94-04c1-424b-9868-57a2d4851a1d" />
    <TestEntry testId="9b0a46c5-cc0f-583d-4f43-3b9ec7a0262e" executionId="429bd5c6-083b-4ec9-a103-02932690fd50" testListId="8c84fa94-04c1-424b-9868-57a2d4851a1d" />
    <TestEntry testId="e247e8aa-c917-f9e1-ee41-625673010644" executionId="a29383b9-ffa9-45e8-bf73-00a6bcd31761" testListId="8c84fa94-04c1-424b-9868-57a2d4851a1d" />
    <TestEntry testId="8829447c-f146-4b1c-a29d-e03146092a4c" executionId="d70832ff-ad5f-4c6f-8dc8-e3503a3b57dc" testListId="8c84fa94-04c1-424b-9868-57a2d4851a1d" />
    <TestEntry testId="2d3a935e-1e65-2fb9-dab5-366dee814adc" executionId="bcad75aa-4fe6-47b4-831e-d4d9ce733d8a" testListId="8c84fa94-04c1-424b-9868-57a2d4851a1d" />
    <TestEntry testId="c2241e49-2a49-a88a-fedb-dfc1e2f71515" executionId="91425da9-5b9f-42f1-bb38-b40625cd8c7a" testListId="8c84fa94-04c1-424b-9868-57a2d4851a1d" />
    <TestEntry testId="b2785c08-75dc-57da-3386-935b0d2e5e99" executionId="f5c6f3bb-4280-4c65-af15-7399ef63bb09" testListId="8c84fa94-04c1-424b-9868-57a2d4851a1d" />
    <TestEntry testId="5aea37a5-f0f1-77ae-5f92-fdafccaf4e6f" executionId="8286778b-75e8-4dd8-917e-7560eb5790eb" testListId="8c84fa94-04c1-424b-9868-57a2d4851a1d" />
    <TestEntry testId="90df41f2-1eff-541d-10e4-135b682b043b" executionId="b5564b46-475b-4916-a18d-8dc46afc91a4" testListId="8c84fa94-04c1-424b-9868-57a2d4851a1d" />
    <TestEntry testId="492a74e5-0879-8c47-fe63-f774f5fb0dd6" executionId="207a22af-baae-48d6-919a-ec4c947541b8" testListId="8c84fa94-04c1-424b-9868-57a2d4851a1d" />
    <TestEntry testId="6e8d1193-f5e0-5129-ea68-cfedce5facb1" executionId="be2ba320-13cd-42bd-8104-eb39ca0b6bc5" testListId="8c84fa94-04c1-424b-9868-57a2d4851a1d" />
    <TestEntry testId="a637af31-d7de-7209-5a6a-9a493eeba333" executionId="5e1e4d31-a821-40ce-871e-363dbb59fbb0" testListId="8c84fa94-04c1-424b-9868-57a2d4851a1d" />
    <TestEntry testId="8adb5451-300e-1035-cfd7-2dbc14dbf050" executionId="d10b2e45-9f0b-451a-bcf0-be189f370335" testListId="8c84fa94-04c1-424b-9868-57a2d4851a1d" />
    <TestEntry testId="e79b213e-079c-c334-53d1-ca179024ad9e" executionId="74009da3-1ef0-46f9-8451-c33649edeb9b" testListId="8c84fa94-04c1-424b-9868-57a2d4851a1d" />
    <TestEntry testId="46b522aa-ca89-4fe7-ec76-8cae48a8ed03" executionId="49199bf2-f30e-4dac-a059-7b2e33e2f56d" testListId="8c84fa94-04c1-424b-9868-57a2d4851a1d" />
    <TestEntry testId="00359fdf-0a4b-6178-4ca6-973d86cbac25" executionId="e1259ff3-f5b8-4d10-aa24-d7947fdf29cc" testListId="8c84fa94-04c1-424b-9868-57a2d4851a1d" />
    <TestEntry testId="d5ebba80-46b1-4b69-1317-862388d0bc03" executionId="dd274ff9-5ce0-45ad-800a-39d160536dc4" testListId="8c84fa94-04c1-424b-9868-57a2d4851a1d" />
    <TestEntry testId="ee46a3e8-e849-987e-2550-c7c3c8bdca18" executionId="a9e7c7f5-2a1a-4618-93f5-ef36b965ed8e" testListId="8c84fa94-04c1-424b-9868-57a2d4851a1d" />
    <TestEntry testId="401a1f20-82fe-301f-debe-f547843d43dc" executionId="5cf512f2-e9c9-463e-8e03-1752dd3e61cb" testListId="8c84fa94-04c1-424b-9868-57a2d4851a1d" />
    <TestEntry testId="20dc1a2e-8954-e203-e1bb-7c9c3a0f31b8" executionId="aff4ddf2-b448-4fc2-a8c7-80e96ff979f2" testListId="8c84fa94-04c1-424b-9868-57a2d4851a1d" />
    <TestEntry testId="06b893ad-dedc-35b5-9313-faacbf4e9a3c" executionId="936f4802-d187-44af-905b-9d4e9b61cdb2" testListId="8c84fa94-04c1-424b-9868-57a2d4851a1d" />
    <TestEntry testId="ec57f8ed-3691-0757-37f7-3c4dbe3bc6e9" executionId="adbf0d27-a30b-4b1d-ae76-8dd81462dbc9" testListId="8c84fa94-04c1-424b-9868-57a2d4851a1d" />
    <TestEntry testId="e474cf49-3b10-7d2f-29c0-7ecb4b93b331" executionId="01beaa0b-a975-4447-9900-f259ed6559b7" testListId="8c84fa94-04c1-424b-9868-57a2d4851a1d" />
    <TestEntry testId="b24e63e5-ed1c-f5a8-17ea-47dc25bf0e3a" executionId="eaf9733e-cb55-4bd3-be71-aad7e119ec30" testListId="8c84fa94-04c1-424b-9868-57a2d4851a1d" />
    <TestEntry testId="1212d1b4-9de3-2c00-0810-5d71d78ff7e3" executionId="9d14c862-f723-409b-8292-0f7dd3d67995" testListId="8c84fa94-04c1-424b-9868-57a2d4851a1d" />
    <TestEntry testId="b6d9d478-8ef2-92db-c5f4-aeaad5b52df1" executionId="a27b6091-f0a8-4b56-a4f6-b046794c736b" testListId="8c84fa94-04c1-424b-9868-57a2d4851a1d" />
    <TestEntry testId="2bf87ab2-6a88-0eb9-8c82-d8448e22b6b4" executionId="81e0be0e-ee4d-4353-893d-0fc5a2432325" testListId="8c84fa94-04c1-424b-9868-57a2d4851a1d" />
    <TestEntry testId="c1c48864-8599-68e8-5d78-5aaae964fd46" executionId="02a72c93-5bf1-449b-97b8-5a31361c94b2" testListId="8c84fa94-04c1-424b-9868-57a2d4851a1d" />
    <TestEntry testId="7830b5c8-a7fb-22af-0a4e-64c1e036d283" executionId="8b973211-45b6-4f69-9698-f124d72c6777" testListId="8c84fa94-04c1-424b-9868-57a2d4851a1d" />
    <TestEntry testId="5bc44261-4f4a-1ed9-1c4e-bb8b05d777c9" executionId="ef0db163-c67c-4ae4-a64c-8057a96ae13a" testListId="8c84fa94-04c1-424b-9868-57a2d4851a1d" />
    <TestEntry testId="1b1a3e14-bc58-609a-ae96-8b367819b99d" executionId="113b9552-55a7-438c-9b7e-903b5a078193" testListId="8c84fa94-04c1-424b-9868-57a2d4851a1d" />
    <TestEntry testId="36afe47d-d059-aecd-61ee-8f7c215c87bd" executionId="53502157-e7fe-4638-b1f3-e54d8212725f" testListId="8c84fa94-04c1-424b-9868-57a2d4851a1d" />
    <TestEntry testId="306ed4e8-4ab8-4787-b5e2-af3193c255e6" executionId="3707c79f-cb00-4771-bb5c-6976ebb091b6" testListId="8c84fa94-04c1-424b-9868-57a2d4851a1d" />
    <TestEntry testId="8f54b6a8-45c1-5b67-46cd-96c92afde143" executionId="8c2a7661-bed3-45d6-938c-1e421057e2dc" testListId="8c84fa94-04c1-424b-9868-57a2d4851a1d" />
    <TestEntry testId="455c7ea6-44fe-ef1f-ec74-2e3bb517d295" executionId="97879362-0b53-4a3b-9d4b-8150df8a40a5" testListId="8c84fa94-04c1-424b-9868-57a2d4851a1d" />
    <TestEntry testId="54f7c0f2-efd1-544c-ad47-2520376458fa" executionId="c183b371-c40b-4254-b656-8aa6815616da" testListId="8c84fa94-04c1-424b-9868-57a2d4851a1d" />
    <TestEntry testId="29308019-0c56-dbff-6050-2c7cd2ff9cc5" executionId="df597a5c-5d94-4fb1-a833-6f5eb6cae713" testListId="8c84fa94-04c1-424b-9868-57a2d4851a1d" />
    <TestEntry testId="33858dc9-42c2-5e2d-8ce9-1ed3df9afac2" executionId="9507f848-df4f-4899-8d7d-a8eee8dafc54" testListId="8c84fa94-04c1-424b-9868-57a2d4851a1d" />
    <TestEntry testId="217af38c-4cb1-d200-9bd6-d154fb61e27a" executionId="20e95e13-c25a-4f20-8efd-147ec2a1de8f" testListId="8c84fa94-04c1-424b-9868-57a2d4851a1d" />
    <TestEntry testId="4adbe814-547b-0771-4a5e-b3225b955797" executionId="0a0d48fb-4262-4d6a-b2a1-8243a344d7a8" testListId="8c84fa94-04c1-424b-9868-57a2d4851a1d" />
    <TestEntry testId="3993f582-ab07-6b66-a956-017495c6b425" executionId="0f8941e9-8920-4686-9a43-38481eca0cd4" testListId="8c84fa94-04c1-424b-9868-57a2d4851a1d" />
    <TestEntry testId="b1fd4340-361a-4dd9-b3c8-06f45d84d249" executionId="33dc0154-331b-4e75-a004-f6dae04e9aac" testListId="8c84fa94-04c1-424b-9868-57a2d4851a1d" />
    <TestEntry testId="55877fc3-44b1-335f-53a1-3ab0dd05460f" executionId="7d57358f-b9f6-4726-8206-e1dba9c78cf1" testListId="8c84fa94-04c1-424b-9868-57a2d4851a1d" />
    <TestEntry testId="69d6bb0f-c78f-6cd9-826a-48efd0d9f637" executionId="f058635e-6abf-437e-8dd7-02ff7b91141f" testListId="8c84fa94-04c1-424b-9868-57a2d4851a1d" />
    <TestEntry testId="57fef621-c869-d76a-b1c4-750e9f34bcf8" executionId="b8f88e7f-4004-4b64-b116-f94cb94e721f" testListId="8c84fa94-04c1-424b-9868-57a2d4851a1d" />
    <TestEntry testId="d219936a-3b1e-ce7e-8656-d907b99e333c" executionId="08c3d1b7-2b28-4a8f-9733-895e68ea3e40" testListId="8c84fa94-04c1-424b-9868-57a2d4851a1d" />
    <TestEntry testId="7c949f43-1781-41d4-86a9-9d3ee7be83b7" executionId="30a4f2cb-f7e0-44f1-b0e0-7995d49aeb3b" testListId="8c84fa94-04c1-424b-9868-57a2d4851a1d" />
    <TestEntry testId="50884d10-5dca-df52-024a-9f31c65fe588" executionId="3e1bef0d-ba09-46de-9517-d04a80e43e32" testListId="8c84fa94-04c1-424b-9868-57a2d4851a1d" />
    <TestEntry testId="6057cecb-7fa2-d0f0-8911-1a80596ef49b" executionId="364f615b-078e-4dfe-85b0-611d302e02e2" testListId="8c84fa94-04c1-424b-9868-57a2d4851a1d" />
    <TestEntry testId="5c7e266f-ebe6-8af8-65c3-7f7a98788def" executionId="38333d40-7ae7-4255-a342-ab16c75a56b9" testListId="8c84fa94-04c1-424b-9868-57a2d4851a1d" />
    <TestEntry testId="e3f1d3c8-0311-824e-8050-95178be5e52c" executionId="f614b58d-2b57-44af-915a-77a3f5f75633" testListId="8c84fa94-04c1-424b-9868-57a2d4851a1d" />
    <TestEntry testId="0b19701d-b92d-a51b-6f73-de7c1f1becfa" executionId="1827e9b5-7969-4152-b2ae-19aac9d3a1f6" testListId="8c84fa94-04c1-424b-9868-57a2d4851a1d" />
    <TestEntry testId="78adf058-2432-8838-f7fc-3dd894e13527" executionId="bff6f06d-7fff-48e9-a14a-247e469afe41" testListId="8c84fa94-04c1-424b-9868-57a2d4851a1d" />
    <TestEntry testId="f28ba87e-8e56-6e33-8b13-a84a00ffab9e" executionId="0435ec3b-c4ba-4f01-9226-c84d43c15ae6" testListId="8c84fa94-04c1-424b-9868-57a2d4851a1d" />
    <TestEntry testId="9256e2c2-15b3-2564-cc37-ead6fb45b681" executionId="8cff2305-43a8-40e7-a970-a0860cf5503a" testListId="8c84fa94-04c1-424b-9868-57a2d4851a1d" />
    <TestEntry testId="2b7cdd19-68fb-61e7-6100-64674f7fc65a" executionId="a69a91a1-ab17-43f3-a3b7-c0419a330ff5" testListId="8c84fa94-04c1-424b-9868-57a2d4851a1d" />
    <TestEntry testId="58080360-2f6c-9e91-26b5-fffbb103c02b" executionId="3f0e0b0f-6b90-4775-908f-869d73fb5b77" testListId="8c84fa94-04c1-424b-9868-57a2d4851a1d" />
    <TestEntry testId="b425d510-a5ac-97dc-9358-45146422c096" executionId="5d6b4eca-6158-4d7e-921e-c55e58d8f782" testListId="8c84fa94-04c1-424b-9868-57a2d4851a1d" />
    <TestEntry testId="d89ad491-5c2e-e008-fce8-2af40ce03b05" executionId="a67df090-3624-4f47-b658-480f0404185c" testListId="8c84fa94-04c1-424b-9868-57a2d4851a1d" />
    <TestEntry testId="7d8e673d-4a14-e470-af53-d998a85b6b1b" executionId="1619d95d-9e6e-482c-81d1-dd0db2b41c0f" testListId="8c84fa94-04c1-424b-9868-57a2d4851a1d" />
    <TestEntry testId="fb9aa8e0-4570-1d25-abf0-3e9070058471" executionId="de412677-b01e-4c9c-8d56-964221569040" testListId="8c84fa94-04c1-424b-9868-57a2d4851a1d" />
    <TestEntry testId="4853f1aa-7050-d8c1-613d-9333d3d8a4c8" executionId="f8162836-7bbb-47fa-bda5-655d5f645b20" testListId="8c84fa94-04c1-424b-9868-57a2d4851a1d" />
    <TestEntry testId="82f55bc6-3ab2-a6f7-27bf-31183dca4c25" executionId="986bab8c-9712-4abb-882c-834a03009151" testListId="8c84fa94-04c1-424b-9868-57a2d4851a1d" />
    <TestEntry testId="879649e9-00d0-e07e-9f37-91f11e61fd61" executionId="430f1710-aa81-45d7-b9a3-f2f38ad9de10" testListId="8c84fa94-04c1-424b-9868-57a2d4851a1d" />
    <TestEntry testId="52cda113-38e8-f06b-d5fa-4f71f6ad4b58" executionId="4c2bb0f3-d5f8-4880-b1df-f471a14ddcf4" testListId="8c84fa94-04c1-424b-9868-57a2d4851a1d" />
    <TestEntry testId="9fb13209-5497-c932-ef08-cafb61cad12c" executionId="9f19a2d6-b22e-47eb-9a16-cfcc93b93e9a" testListId="8c84fa94-04c1-424b-9868-57a2d4851a1d" />
    <TestEntry testId="d46c4055-95a7-9cda-629d-2b64d730453b" executionId="375ea954-3dad-4ce6-a20c-daee95da3b2f" testListId="8c84fa94-04c1-424b-9868-57a2d4851a1d" />
    <TestEntry testId="9cbdd936-2c0a-78c4-1d35-3e19fb817af9" executionId="a184c4d9-e9eb-4bd6-afce-5127fb4a3f7b" testListId="8c84fa94-04c1-424b-9868-57a2d4851a1d" />
    <TestEntry testId="6ee7430e-6644-e8e9-f660-9955ce2e66a5" executionId="132ace26-0a2b-4319-86fa-23a1a8b8c69d" testListId="8c84fa94-04c1-424b-9868-57a2d4851a1d" />
    <TestEntry testId="48484679-1803-a931-3e10-bbde51565c4b" executionId="904b731e-a6b5-4669-9d72-e7112a6bd8c3" testListId="8c84fa94-04c1-424b-9868-57a2d4851a1d" />
    <TestEntry testId="1c3fd06c-4be6-237d-b5c9-1b78608b5943" executionId="24a5333d-b883-4b1d-b021-8392b27d719b" testListId="8c84fa94-04c1-424b-9868-57a2d4851a1d" />
    <TestEntry testId="517ca138-1dd8-b0e7-76c3-f592dfda3263" executionId="23b2efd7-bb11-4c17-a0a1-de0a6f7a9457" testListId="8c84fa94-04c1-424b-9868-57a2d4851a1d" />
    <TestEntry testId="f8fb4dbe-dacd-5b1a-0a09-a413bbeec29a" executionId="6af5638d-f4b7-4a73-85e9-9f62222e0cd2" testListId="8c84fa94-04c1-424b-9868-57a2d4851a1d" />
    <TestEntry testId="d434d68d-18fc-8132-4808-443cc1726358" executionId="ac031f11-dcbd-474d-a1ed-818982ea3cab" testListId="8c84fa94-04c1-424b-9868-57a2d4851a1d" />
    <TestEntry testId="690cbf78-1a1d-a694-9528-0af1dedad634" executionId="6158c40b-c851-4e17-ad30-d8d07d5dc650" testListId="8c84fa94-04c1-424b-9868-57a2d4851a1d" />
    <TestEntry testId="39c5c78d-df2a-f4d2-455d-c8de32a898b1" executionId="ae6351d9-7652-4b75-9e55-7380a230ae55" testListId="8c84fa94-04c1-424b-9868-57a2d4851a1d" />
    <TestEntry testId="6f80ac3e-eac4-eeb8-eaa8-93987001cc45" executionId="a0c975c2-19f6-4889-8841-6a38cc004f1b" testListId="8c84fa94-04c1-424b-9868-57a2d4851a1d" />
    <TestEntry testId="ea6dc23d-6a5a-fd7d-fef0-f6ad533702fd" executionId="f225633f-1d56-4f49-8ff9-20cf095010fd" testListId="8c84fa94-04c1-424b-9868-57a2d4851a1d" />
    <TestEntry testId="b07a5ed1-d6bb-13a6-b422-6e852334dd2a" executionId="c7e102f2-b072-4271-a1f4-713d5c0955b2" testListId="8c84fa94-04c1-424b-9868-57a2d4851a1d" />
    <TestEntry testId="40725980-b3de-fec9-75c7-5020f7573bd0" executionId="21f5ae64-2598-4b65-a8aa-56861068c675" testListId="8c84fa94-04c1-424b-9868-57a2d4851a1d" />
    <TestEntry testId="41297554-dd65-6291-2e76-e9ec0992caf3" executionId="f6d2a775-daad-449e-a11c-b8571f3b4140" testListId="8c84fa94-04c1-424b-9868-57a2d4851a1d" />
    <TestEntry testId="c0bda018-1d62-7dbf-3681-e315be3567e6" executionId="378f6355-9a30-48b0-9fc3-f7ba1801b992" testListId="8c84fa94-04c1-424b-9868-57a2d4851a1d" />
    <TestEntry testId="1c118b49-f895-c3f8-f965-3d9049fd2277" executionId="359213d8-df5d-4460-b1a9-3a0f7cac3bab" testListId="8c84fa94-04c1-424b-9868-57a2d4851a1d" />
    <TestEntry testId="b9bb0503-6bf0-7661-9f64-3d0a8f4df1d1" executionId="8d0e5016-dcfe-410d-835a-d12823f66fa6" testListId="8c84fa94-04c1-424b-9868-57a2d4851a1d" />
    <TestEntry testId="0945cec8-9df8-c925-31b3-e54c187435b0" executionId="b527d5f2-16c5-4fa0-ae70-378c5eb3498b" testListId="8c84fa94-04c1-424b-9868-57a2d4851a1d" />
    <TestEntry testId="bda9fca7-5845-4298-cc74-0f0e10d066c3" executionId="9132d980-084f-4f72-aca8-d17b6c94123e" testListId="8c84fa94-04c1-424b-9868-57a2d4851a1d" />
    <TestEntry testId="90d415cb-4395-97f2-c868-ee564cc45376" executionId="b63aa279-deb9-4c17-80a9-cf81f5f1b614" testListId="8c84fa94-04c1-424b-9868-57a2d4851a1d" />
    <TestEntry testId="0b53b766-19fe-124b-7c75-909322adc18f" executionId="aa60ab65-aaa6-4376-853a-d042816c2ade" testListId="8c84fa94-04c1-424b-9868-57a2d4851a1d" />
    <TestEntry testId="5bd0612f-9958-1d70-b197-2f1e354c84c6" executionId="566723c2-9488-4bbe-9e87-4779bab8d3eb" testListId="8c84fa94-04c1-424b-9868-57a2d4851a1d" />
    <TestEntry testId="097d52c4-8a10-666a-109f-0d544c215bc3" executionId="90e5fa6e-665b-4490-a1f5-61e01c107eb5" testListId="8c84fa94-04c1-424b-9868-57a2d4851a1d" />
    <TestEntry testId="b53800a6-c30a-b14a-00eb-e7ed3eb06cd9" executionId="509cf918-7831-4138-9054-f014ae3e5938" testListId="8c84fa94-04c1-424b-9868-57a2d4851a1d" />
    <TestEntry testId="49bd72f9-7c1c-bc4d-47d0-e23c03c0f452" executionId="3bd54225-930e-4bbf-a0b8-cdaeeeb8eee0" testListId="8c84fa94-04c1-424b-9868-57a2d4851a1d" />
    <TestEntry testId="0d831f72-5237-2649-7089-eec004509eb7" executionId="14e38956-4d59-4ca3-b5fe-d5ff4a6ea2c1" testListId="8c84fa94-04c1-424b-9868-57a2d4851a1d" />
    <TestEntry testId="0994a0aa-12d5-3225-bdd7-86480d5dfd50" executionId="dfdc10af-0dab-436a-bf85-e64355b6a3ce" testListId="8c84fa94-04c1-424b-9868-57a2d4851a1d" />
    <TestEntry testId="07e7c456-853c-aa19-eabd-829ddd29ec4f" executionId="6a5e7794-721c-4e0f-8d91-273884c2aa59" testListId="8c84fa94-04c1-424b-9868-57a2d4851a1d" />
    <TestEntry testId="f6a68fb8-1ea9-ecef-606f-0cd2ae03d268" executionId="876c007f-6791-44fd-9937-9b5a0346cdb6" testListId="8c84fa94-04c1-424b-9868-57a2d4851a1d" />
    <TestEntry testId="6d82d209-43db-3b1b-490e-86537a8b8ff9" executionId="7db2eb65-4e8f-486d-bd0b-505f7cdc9b11" testListId="8c84fa94-04c1-424b-9868-57a2d4851a1d" />
    <TestEntry testId="8340f6de-4c20-dead-1b31-669793dc9602" executionId="55997d4e-fca3-401b-b338-a12073675e7b" testListId="8c84fa94-04c1-424b-9868-57a2d4851a1d" />
    <TestEntry testId="ef88800e-b3c3-e8f0-8825-047d4ee8f588" executionId="021bb4d7-3080-4323-80a4-7d634963caf4" testListId="8c84fa94-04c1-424b-9868-57a2d4851a1d" />
    <TestEntry testId="8e5b3b2d-d576-7b21-70fc-c6981a8f9328" executionId="83658f26-d931-422b-8091-5022e313b1c4" testListId="8c84fa94-04c1-424b-9868-57a2d4851a1d" />
    <TestEntry testId="0a66eda9-75bb-6b4a-d541-6ca26a48d00d" executionId="a53e83e2-8ac6-4152-bf38-136eb855807b" testListId="8c84fa94-04c1-424b-9868-57a2d4851a1d" />
    <TestEntry testId="0d941a8f-5acf-3904-bc13-7b093784f788" executionId="c771dfc4-a3ed-494d-a8c9-a5e178ba7ccb" testListId="8c84fa94-04c1-424b-9868-57a2d4851a1d" />
    <TestEntry testId="21da7965-2df6-0853-1b3d-be7597e928c8" executionId="1b915b6f-61d4-487e-bac5-10fb62db9f0e" testListId="8c84fa94-04c1-424b-9868-57a2d4851a1d" />
    <TestEntry testId="4285fd6d-70cc-5c54-5511-75da11b36e5d" executionId="cda4fb4e-454d-42cf-8256-57d8a3e6bca1" testListId="8c84fa94-04c1-424b-9868-57a2d4851a1d" />
    <TestEntry testId="250ef372-dc6c-93f8-2f5c-4af7a713cf94" executionId="cd473b62-fa83-4d7c-bb41-846b6f97a692" testListId="8c84fa94-04c1-424b-9868-57a2d4851a1d" />
    <TestEntry testId="49e96d57-3a14-4851-43de-a595576d1802" executionId="2828418f-47ef-4307-b875-1096701e9057" testListId="8c84fa94-04c1-424b-9868-57a2d4851a1d" />
    <TestEntry testId="2b2d08c0-1ed0-80a3-cceb-b096ae85fa44" executionId="6121da21-ace4-4f1e-9798-673a25f23c89" testListId="8c84fa94-04c1-424b-9868-57a2d4851a1d" />
    <TestEntry testId="e72ac251-d925-9985-beec-39c7f2b52b72" executionId="51e13d5f-1260-400e-9c95-89b02570ae32" testListId="8c84fa94-04c1-424b-9868-57a2d4851a1d" />
    <TestEntry testId="61fba1f4-ecd2-a747-23e6-e2296369ef48" executionId="1de427d3-3764-4548-80b4-e559e2bdbe08" testListId="8c84fa94-04c1-424b-9868-57a2d4851a1d" />
    <TestEntry testId="6a4ec7d9-a5ab-e6de-fe9f-73f7c5d8809b" executionId="2e4be516-6051-45f0-bd1b-88ddc9ebd265" testListId="8c84fa94-04c1-424b-9868-57a2d4851a1d" />
    <TestEntry testId="6215978e-7b5d-4ed4-2e61-1f34c5a3a86a" executionId="f26576c3-9826-49d5-b9e8-f589931bdb68" testListId="8c84fa94-04c1-424b-9868-57a2d4851a1d" />
    <TestEntry testId="69cc2c09-f8ab-7cbb-c62b-f09178b77057" executionId="f4da8103-2b88-43d1-a3fd-1d5617b2485c" testListId="8c84fa94-04c1-424b-9868-57a2d4851a1d" />
    <TestEntry testId="87c72546-d4ba-d2aa-7335-441f05ebc56a" executionId="6471aead-6bc5-4e44-acd7-08070dcc0031" testListId="8c84fa94-04c1-424b-9868-57a2d4851a1d" />
    <TestEntry testId="3d7bf430-8953-e8e1-3a2f-1fe15bae42a4" executionId="7e876847-cc67-4ad9-af14-4505a73978b7" testListId="8c84fa94-04c1-424b-9868-57a2d4851a1d" />
    <TestEntry testId="a207ba8b-c394-7870-bbd5-3bb5925679e9" executionId="492f570c-cf7c-403d-9709-3e8067abc6ad" testListId="8c84fa94-04c1-424b-9868-57a2d4851a1d" />
    <TestEntry testId="b2c883f9-e50a-9024-4ba0-581b622c8824" executionId="698ab46d-78dc-4ee6-8a1e-265ce8dbd427" testListId="8c84fa94-04c1-424b-9868-57a2d4851a1d" />
    <TestEntry testId="c6542e85-9b3f-7672-00a9-5f09c0c1d8b9" executionId="0942a225-308d-417f-bf99-f15c4dc85656" testListId="8c84fa94-04c1-424b-9868-57a2d4851a1d" />
    <TestEntry testId="a2f09d51-5e4f-ca37-d7ac-19fd446a6c3c" executionId="e157ab2d-b717-4780-9eaf-10876c23c040" testListId="8c84fa94-04c1-424b-9868-57a2d4851a1d" />
    <TestEntry testId="f6ddaa47-5ed2-258b-1c24-a7265cc14223" executionId="58e954bf-d4ed-4fa3-bec3-f38e27d40a7e" testListId="8c84fa94-04c1-424b-9868-57a2d4851a1d" />
    <TestEntry testId="21d4548a-83b7-bb31-7152-3926e45192a1" executionId="f6d27042-5ec2-4c15-abaf-8b97a15c0111" testListId="8c84fa94-04c1-424b-9868-57a2d4851a1d" />
    <TestEntry testId="e27dd799-5251-d044-8121-fa542199b541" executionId="b4af2bc5-c71c-40b8-a260-13b6f231bdb1" testListId="8c84fa94-04c1-424b-9868-57a2d4851a1d" />
    <TestEntry testId="41359944-1b64-186b-7087-a470bed2994d" executionId="f252e1de-5b95-47ed-b952-447d33debcbf" testListId="8c84fa94-04c1-424b-9868-57a2d4851a1d" />
    <TestEntry testId="eb7abcdf-4edc-43d5-2925-69a90945f9a5" executionId="1a3381ee-e9b6-4d48-a3c7-cf08de7cc0df" testListId="8c84fa94-04c1-424b-9868-57a2d4851a1d" />
    <TestEntry testId="e03ff53e-5f52-05d1-7a0e-f766f53821c3" executionId="7c10852d-03dd-4622-9313-f0ba839d9c46" testListId="8c84fa94-04c1-424b-9868-57a2d4851a1d" />
    <TestEntry testId="f7653ad6-d347-b69c-b224-cedc4fa0a6e0" executionId="fb0c390b-0295-4b01-a89d-38c0c4f72584" testListId="8c84fa94-04c1-424b-9868-57a2d4851a1d" />
    <TestEntry testId="98895487-e543-858e-a04b-ff97ec968ee8" executionId="6b38b513-b573-4af8-99db-d4e2ec11b866" testListId="8c84fa94-04c1-424b-9868-57a2d4851a1d" />
    <TestEntry testId="4cc3729f-2a03-8494-013d-7c52d12c167c" executionId="82229368-3a37-4755-ae47-0a0a6934d9a5" testListId="8c84fa94-04c1-424b-9868-57a2d4851a1d" />
    <TestEntry testId="b4533e69-d8d9-25d6-b6dc-21f7ef2e7a21" executionId="b97e60af-2727-4be5-85e4-e1babc344402" testListId="8c84fa94-04c1-424b-9868-57a2d4851a1d" />
    <TestEntry testId="9f592cba-0952-e385-4ea5-ce4a77667e71" executionId="16075125-2f49-4fac-9f42-6bba21c35829" testListId="8c84fa94-04c1-424b-9868-57a2d4851a1d" />
    <TestEntry testId="3df92da4-13c2-77c3-4f95-4187fe50fc93" executionId="73636c21-0e09-4bf0-b79d-c0799edeb07d" testListId="8c84fa94-04c1-424b-9868-57a2d4851a1d" />
    <TestEntry testId="dbafdc1b-9898-eef4-0460-5a2eeb86c952" executionId="97295144-3583-462e-b1e4-cf40d3f3083e" testListId="8c84fa94-04c1-424b-9868-57a2d4851a1d" />
    <TestEntry testId="de5b2105-bebe-9397-259c-8a948661ebc8" executionId="09241074-7963-4f73-942d-dd902051ef24" testListId="8c84fa94-04c1-424b-9868-57a2d4851a1d" />
    <TestEntry testId="1ff3f87e-5174-56eb-2851-3625b34adab2" executionId="568e316f-65fb-4d0a-b06f-9e4a83aad1f5" testListId="8c84fa94-04c1-424b-9868-57a2d4851a1d" />
    <TestEntry testId="da461f26-5d63-523f-2d23-b341fc1ad023" executionId="ec9f7dee-e254-4841-8624-bee4d19e2114" testListId="8c84fa94-04c1-424b-9868-57a2d4851a1d" />
    <TestEntry testId="3637a376-ae9a-e528-afaf-e1ca2276f010" executionId="0f766370-b15f-406e-854b-602b3a8a5e1c" testListId="8c84fa94-04c1-424b-9868-57a2d4851a1d" />
    <TestEntry testId="ee53f2c9-6261-406d-51ad-1fcd3a16a3e3" executionId="ee36f601-21c3-4c81-aa92-2b369be6e3b1" testListId="8c84fa94-04c1-424b-9868-57a2d4851a1d" />
    <TestEntry testId="2baf0449-377b-035c-e243-2b7e59fc8d84" executionId="c2183e5c-a312-431b-90cf-b6237cc01149" testListId="8c84fa94-04c1-424b-9868-57a2d4851a1d" />
    <TestEntry testId="080dfb13-5944-cd0b-e84c-37ce02f84942" executionId="895eccaf-e49f-43c1-ba39-0ff32540e183" testListId="8c84fa94-04c1-424b-9868-57a2d4851a1d" />
    <TestEntry testId="4127c2ae-510a-766f-bc62-5c6f833bc370" executionId="720bd68d-d37d-4f1e-aa61-685c78c222b7" testListId="8c84fa94-04c1-424b-9868-57a2d4851a1d" />
    <TestEntry testId="cd382ab1-e2ee-ffb7-3531-a0e2f5183e84" executionId="ab20aaf5-419a-4dcf-8675-d8fed60f2e1c" testListId="8c84fa94-04c1-424b-9868-57a2d4851a1d" />
    <TestEntry testId="3171cdd5-293f-c248-7c47-d16494845ebd" executionId="ec81a040-cfeb-40c7-b54e-6dff997a823a" testListId="8c84fa94-04c1-424b-9868-57a2d4851a1d" />
    <TestEntry testId="2c0839de-ff81-2b83-f3c2-eaf0dc01b659" executionId="5e92c1fc-b949-47d6-88b7-ff8a6d2dad7e" testListId="8c84fa94-04c1-424b-9868-57a2d4851a1d" />
    <TestEntry testId="38e2ddd4-5f85-e174-be72-83671ff805af" executionId="fde75b46-d442-4a5e-a745-6dbe8e879331" testListId="8c84fa94-04c1-424b-9868-57a2d4851a1d" />
    <TestEntry testId="bef83212-6bad-8152-ef96-0154e1cac447" executionId="b2f85185-ed7e-4982-816c-8e5d71e0517a" testListId="8c84fa94-04c1-424b-9868-57a2d4851a1d" />
    <TestEntry testId="79cd81df-a953-0c7a-7dbb-aca4faf3adca" executionId="a2cedba0-cce1-4af5-9c35-8fbbc5ff276d" testListId="8c84fa94-04c1-424b-9868-57a2d4851a1d" />
    <TestEntry testId="0164cef1-95ba-6930-5c07-4c9c0b44555e" executionId="11bd4485-6dbb-4cc1-b972-68add6c1c6f7" testListId="8c84fa94-04c1-424b-9868-57a2d4851a1d" />
    <TestEntry testId="d18b828b-83e0-f5de-35a3-f92ddfa81b52" executionId="84f7d74e-fe47-45d0-ab56-0e53fd939753" testListId="8c84fa94-04c1-424b-9868-57a2d4851a1d" />
    <TestEntry testId="4e186ccf-43d2-fe09-3c86-001af9030f39" executionId="62cd537b-4c8d-43ce-9a72-4db5d5adcebe" testListId="8c84fa94-04c1-424b-9868-57a2d4851a1d" />
    <TestEntry testId="403a0570-0c5c-fce8-76b2-b5ee2a87100a" executionId="5f4908dd-8f06-4714-a7e8-692a4acea2e5" testListId="8c84fa94-04c1-424b-9868-57a2d4851a1d" />
    <TestEntry testId="417144aa-4122-7ec4-01c5-f3e4baa6fbc3" executionId="53408aff-93a4-43e5-ac37-53489226aab7" testListId="8c84fa94-04c1-424b-9868-57a2d4851a1d" />
    <TestEntry testId="64aecdcb-21c2-1171-3222-86b25eba11ec" executionId="7041fd91-27cf-450d-97cf-906fa7de2761" testListId="8c84fa94-04c1-424b-9868-57a2d4851a1d" />
    <TestEntry testId="1679c0bf-524e-8e1e-0635-301a75b89d57" executionId="8a0084f2-7edb-42f0-861b-b60f9649bd7e" testListId="8c84fa94-04c1-424b-9868-57a2d4851a1d" />
    <TestEntry testId="441cf653-313f-f6d1-f093-d6acedfeeb83" executionId="febc711f-27f9-4845-9b7b-25d172645147" testListId="8c84fa94-04c1-424b-9868-57a2d4851a1d" />
    <TestEntry testId="2c38395a-4ae2-4ef1-d06a-e281e5a5ad81" executionId="2694db13-d1e1-445f-a2cb-1b9b83d17af7" testListId="8c84fa94-04c1-424b-9868-57a2d4851a1d" />
    <TestEntry testId="09865c3a-326d-3062-49a7-b21c41b9b775" executionId="7fb11836-8ff1-421a-8eac-b024d9f54eca" testListId="8c84fa94-04c1-424b-9868-57a2d4851a1d" />
    <TestEntry testId="918fa556-14c5-9569-4a3f-5f6e71e560a3" executionId="1a21b3f2-c058-4319-bd12-ade3f7184aab" testListId="8c84fa94-04c1-424b-9868-57a2d4851a1d" />
    <TestEntry testId="fe4dfb19-6f25-bbb5-21c9-95ea5ad94ab0" executionId="2320de69-ddcd-4a28-bc55-513ed2037a15" testListId="8c84fa94-04c1-424b-9868-57a2d4851a1d" />
    <TestEntry testId="0222e21b-1a35-baf8-8f24-adad49fcc125" executionId="cba36a24-11a4-47b7-baf2-edfa62bc2b87" testListId="8c84fa94-04c1-424b-9868-57a2d4851a1d" />
    <TestEntry testId="16014445-361f-ce5b-f5be-c3aa5c55e580" executionId="467077b5-7122-4543-82a0-d2f5db392e82" testListId="8c84fa94-04c1-424b-9868-57a2d4851a1d" />
    <TestEntry testId="70aae99a-6b7c-87f8-e77e-e87c4ee8f965" executionId="d20b5e3c-a566-4384-840d-f4f0099150a1" testListId="8c84fa94-04c1-424b-9868-57a2d4851a1d" />
    <TestEntry testId="0d218ffa-5085-6186-2e38-741ff30a50b9" executionId="d54f5ee1-bb4c-4645-b3f5-0c2ab1bcb82c" testListId="8c84fa94-04c1-424b-9868-57a2d4851a1d" />
    <TestEntry testId="ce51b1ac-d3e0-8c7d-b676-f333c3596a54" executionId="df80fafc-eafd-41eb-b06c-27c413a7eccf" testListId="8c84fa94-04c1-424b-9868-57a2d4851a1d" />
    <TestEntry testId="31ac0d35-4ee8-68ea-f233-efa6522b64b9" executionId="b72f386a-c5f3-483f-ade4-445637716886" testListId="8c84fa94-04c1-424b-9868-57a2d4851a1d" />
    <TestEntry testId="ca92dbbf-1df1-63ef-7a70-b0debe369e3e" executionId="3d1550c2-486e-4511-9795-297b2a0a2d64" testListId="8c84fa94-04c1-424b-9868-57a2d4851a1d" />
    <TestEntry testId="a9b4057e-adb3-6fcd-cf37-ded7c2ccdc6f" executionId="c29e2ea7-f9a0-4bba-b20c-f6bb52cdf2fe" testListId="8c84fa94-04c1-424b-9868-57a2d4851a1d" />
    <TestEntry testId="67a7be4e-cdc4-c136-f975-9b7c19eac636" executionId="abfd7e51-270b-4ca2-9ff6-c605a64d56cb" testListId="8c84fa94-04c1-424b-9868-57a2d4851a1d" />
    <TestEntry testId="7fc25b4c-7a44-8747-306b-6270bd640883" executionId="e2fb2f43-7837-433b-a953-e159db665a06" testListId="8c84fa94-04c1-424b-9868-57a2d4851a1d" />
    <TestEntry testId="181cf575-df74-dcfd-8990-f51d9a015474" executionId="936b4a0c-42e8-4aaa-a5c7-ba6e4e4a558b" testListId="8c84fa94-04c1-424b-9868-57a2d4851a1d" />
    <TestEntry testId="ce931e4e-388d-7d52-650e-1dc96ba7f0f6" executionId="a0eb5c21-02c1-4490-ad99-d4ee13c203dd" testListId="8c84fa94-04c1-424b-9868-57a2d4851a1d" />
    <TestEntry testId="2229dfa1-ebc3-5755-43a4-0911c049e219" executionId="0490da85-ab13-4064-8f93-76ffdcb13c1b" testListId="8c84fa94-04c1-424b-9868-57a2d4851a1d" />
    <TestEntry testId="cbf50a76-c1d6-e3d2-04f2-a9504eb28170" executionId="1b634c50-c4cd-46c6-9d66-25d7d4bf1fc4" testListId="8c84fa94-04c1-424b-9868-57a2d4851a1d" />
    <TestEntry testId="dda735d1-04db-3037-b385-6b7e0e70d7ee" executionId="7f22059a-1bf2-402d-b531-fec304812384" testListId="8c84fa94-04c1-424b-9868-57a2d4851a1d" />
    <TestEntry testId="fbc45ece-f16d-2d7e-2b07-81328d0bcc76" executionId="0e000258-af3c-477c-b0ba-dbd230bd4f8f" testListId="8c84fa94-04c1-424b-9868-57a2d4851a1d" />
    <TestEntry testId="dacedd72-550d-d1bf-d9a6-5d170c95ba1b" executionId="795306c5-9ef4-4415-ab24-02660d3f268d" testListId="8c84fa94-04c1-424b-9868-57a2d4851a1d" />
    <TestEntry testId="6fdb1f54-f66c-cc3b-e747-47c628e57388" executionId="fa7786ae-3315-4b9e-b01c-6bf3239efe81" testListId="8c84fa94-04c1-424b-9868-57a2d4851a1d" />
    <TestEntry testId="4987760f-7302-a52e-874a-cfbc41b706cf" executionId="93b83646-4a9d-4b01-824d-0e52d7459319" testListId="8c84fa94-04c1-424b-9868-57a2d4851a1d" />
    <TestEntry testId="19358055-3a08-b321-ab76-b52ffb253ea3" executionId="5f4d7610-8689-41fd-8fe5-199fd61286fa" testListId="8c84fa94-04c1-424b-9868-57a2d4851a1d" />
    <TestEntry testId="63a057b8-d93a-9977-b1b4-fa071e73ba32" executionId="d8cd53c8-16a1-4aa1-b059-e3a3c9be7c95" testListId="8c84fa94-04c1-424b-9868-57a2d4851a1d" />
    <TestEntry testId="456cfd78-0a00-198c-3ebc-ed4c019c4ad7" executionId="485fe191-6aca-41a9-ba9f-da3f477ee275" testListId="8c84fa94-04c1-424b-9868-57a2d4851a1d" />
    <TestEntry testId="066db0e8-7c2f-2450-7b03-19ea9406f013" executionId="7161dcae-4c70-4765-9024-4e7bdcf87813" testListId="8c84fa94-04c1-424b-9868-57a2d4851a1d" />
    <TestEntry testId="a76e7ffb-bf22-99c0-a6dc-ec511ac01fd2" executionId="ebd5544d-fa2b-49d7-bd8e-128bd28e62e6" testListId="8c84fa94-04c1-424b-9868-57a2d4851a1d" />
    <TestEntry testId="42e62a98-6817-8d63-2160-7b6bbc0c9cea" executionId="8836b8c2-6dc7-4ea1-9fa8-f6b86164cc8c" testListId="8c84fa94-04c1-424b-9868-57a2d4851a1d" />
    <TestEntry testId="f84a7119-08ac-5d8d-bd12-7860ff77976c" executionId="2162f2e9-772c-46d5-bb1c-9d4ff935318f" testListId="8c84fa94-04c1-424b-9868-57a2d4851a1d" />
    <TestEntry testId="baf17b1e-6bf7-46c2-00f9-e86fec5c4340" executionId="8aa0ac2d-d724-40c7-80cf-6b6f97a539e6" testListId="8c84fa94-04c1-424b-9868-57a2d4851a1d" />
    <TestEntry testId="4dc71277-993b-f2e8-9fe2-1d9087352aa3" executionId="df6cc4c0-1876-4b5e-822b-c0735eec9c42" testListId="8c84fa94-04c1-424b-9868-57a2d4851a1d" />
    <TestEntry testId="8c655826-7bfe-6611-a31b-c1c71d90f459" executionId="78f6458f-0ba1-41e5-b7ab-05446353a641" testListId="8c84fa94-04c1-424b-9868-57a2d4851a1d" />
    <TestEntry testId="0a1b016b-3e45-4017-464a-fe98f0c6ccb8" executionId="3e517e9e-c88a-4acb-bfe8-5a403c5eec42" testListId="8c84fa94-04c1-424b-9868-57a2d4851a1d" />
    <TestEntry testId="477e32b3-1599-d40a-d8bc-a1ca5fcfbec3" executionId="ffc85db1-0b06-4db1-85c8-900ababba8d1" testListId="8c84fa94-04c1-424b-9868-57a2d4851a1d" />
    <TestEntry testId="b7241b1c-5cc3-ccaf-39f0-606a89437376" executionId="695ecbad-feec-4a95-b21f-ae98a648943d" testListId="8c84fa94-04c1-424b-9868-57a2d4851a1d" />
    <TestEntry testId="d9fbc08d-a618-6a45-6259-18cefeadfcd3" executionId="bb1db6d0-d7f2-4fe1-bfa2-4c2b6a619114" testListId="8c84fa94-04c1-424b-9868-57a2d4851a1d" />
    <TestEntry testId="4b1c9fd5-c55e-1ac7-c247-da8b5bc22cfd" executionId="8e79c6f5-d9f5-4da2-a341-de928e2ad369" testListId="8c84fa94-04c1-424b-9868-57a2d4851a1d" />
    <TestEntry testId="6a3b15fd-8992-dcb6-1e1e-0dcb1a0e3361" executionId="2ed8801d-de03-4ee0-971d-0055e58ba3c8" testListId="8c84fa94-04c1-424b-9868-57a2d4851a1d" />
    <TestEntry testId="8c919fb2-e426-f681-7eea-a918e962357f" executionId="33caa60f-dc20-4883-95b0-45645d7370cd" testListId="8c84fa94-04c1-424b-9868-57a2d4851a1d" />
    <TestEntry testId="24d1b82b-a890-7a9c-2f4f-4ff21d01978b" executionId="3ab9ea8d-e25b-4bf1-89cf-e959b91e7f9a" testListId="8c84fa94-04c1-424b-9868-57a2d4851a1d" />
    <TestEntry testId="4e34a0c7-e0a8-2828-4378-635974a2dcbc" executionId="1f1a7611-fc7a-4302-8a17-a2da490f0c20" testListId="8c84fa94-04c1-424b-9868-57a2d4851a1d" />
    <TestEntry testId="717c9c26-348a-7136-592c-3e0c4dc8d603" executionId="41d76e55-c14a-4e8a-95aa-8feedc7a53d8" testListId="8c84fa94-04c1-424b-9868-57a2d4851a1d" />
    <TestEntry testId="5e51178d-c090-6fd7-c27f-04e3e74bd42f" executionId="cda6805b-3d9b-422f-92d0-a7b8e7bba4f3" testListId="8c84fa94-04c1-424b-9868-57a2d4851a1d" />
    <TestEntry testId="3aa7df36-11fe-1cc4-e0ce-8bf81be0287a" executionId="02d23ba8-aebd-4415-a124-d4b495d3a263" testListId="8c84fa94-04c1-424b-9868-57a2d4851a1d" />
    <TestEntry testId="dd74fdb8-50db-17b8-59ef-fa8a5d70c0e7" executionId="24e9b037-a5c4-45ac-9f19-614486256163" testListId="8c84fa94-04c1-424b-9868-57a2d4851a1d" />
    <TestEntry testId="89bee59c-4106-05e2-1fd8-4908668b357f" executionId="17a912f4-b254-446e-b62b-311a2fce6186" testListId="8c84fa94-04c1-424b-9868-57a2d4851a1d" />
    <TestEntry testId="9a27e1bb-32db-df63-a1f2-721797c755e4" executionId="be60b5f7-3ed4-4a02-9770-2a9bddabbd11" testListId="8c84fa94-04c1-424b-9868-57a2d4851a1d" />
    <TestEntry testId="de740a7f-1805-ccbb-beb5-ab87db04a4da" executionId="aa798e9d-c890-4928-b216-0917e274cbcb" testListId="8c84fa94-04c1-424b-9868-57a2d4851a1d" />
    <TestEntry testId="77c7e0b0-ebdf-3c04-24e4-82649849c9bf" executionId="40f9dffb-0373-4eeb-ae8d-9a314068aee1" testListId="8c84fa94-04c1-424b-9868-57a2d4851a1d" />
    <TestEntry testId="49897fa8-afbf-aa8f-42ea-750e9df55079" executionId="ad42855e-61d0-436b-b272-9891a004f466" testListId="8c84fa94-04c1-424b-9868-57a2d4851a1d" />
    <TestEntry testId="9b3efce4-69d6-977f-0853-0434039b24ee" executionId="5cd68654-4ec0-4c3a-9209-286e3b445522" testListId="8c84fa94-04c1-424b-9868-57a2d4851a1d" />
    <TestEntry testId="8e085391-7266-03a5-da23-786ae9cb2280" executionId="527b9c4e-564b-46ce-92f2-e2ac9be8803b" testListId="8c84fa94-04c1-424b-9868-57a2d4851a1d" />
    <TestEntry testId="30706899-717f-9653-8d60-4d7641499993" executionId="597867a3-88a5-4a00-8389-8bbe986a311c" testListId="8c84fa94-04c1-424b-9868-57a2d4851a1d" />
    <TestEntry testId="e68c940d-e42a-1511-394e-a4faeeffa642" executionId="38ddce5f-fdff-4f30-b66e-61ad49e15435" testListId="8c84fa94-04c1-424b-9868-57a2d4851a1d" />
    <TestEntry testId="b91687bc-370b-e22f-08aa-c38e05c6cc39" executionId="9ec27845-1148-4cdf-881a-8265105a8d6f" testListId="8c84fa94-04c1-424b-9868-57a2d4851a1d" />
    <TestEntry testId="af500a3c-0d31-8f0c-a63f-7fc02c720397" executionId="8808cf04-f910-42c9-a098-b6866c759962" testListId="8c84fa94-04c1-424b-9868-57a2d4851a1d" />
    <TestEntry testId="4ecdbed6-4bdb-5c2b-34a1-a0870150b3ae" executionId="107a11f7-47d0-4a78-94b4-9c500200e5dc" testListId="8c84fa94-04c1-424b-9868-57a2d4851a1d" />
    <TestEntry testId="b247fba0-e363-fcb5-810e-690d53f50937" executionId="3b649080-93bf-47f8-b3cb-50bfc2692b2b" testListId="8c84fa94-04c1-424b-9868-57a2d4851a1d" />
    <TestEntry testId="c57beb0f-eec2-daf6-57e9-e2c0bb410564" executionId="938fcfc1-7f22-4aed-a02c-14f45bffc551" testListId="8c84fa94-04c1-424b-9868-57a2d4851a1d" />
    <TestEntry testId="e72460b8-2893-9db9-3f53-70b769bacc12" executionId="00bcb835-a167-423d-9641-59defb0dd742" testListId="8c84fa94-04c1-424b-9868-57a2d4851a1d" />
    <TestEntry testId="32d7e112-5303-3e82-5d1d-df2f1030e0c6" executionId="8a3373b9-043e-4e62-af30-226870a9dc41" testListId="8c84fa94-04c1-424b-9868-57a2d4851a1d" />
    <TestEntry testId="49273068-e6d8-4813-444d-2ffb84d5db72" executionId="403704d9-ebdf-4df1-883e-8de7bf382416" testListId="8c84fa94-04c1-424b-9868-57a2d4851a1d" />
    <TestEntry testId="9324354b-f535-aa3c-e7a7-348593b2dfd3" executionId="ef43f82b-c196-426c-a962-d14f2092117a" testListId="8c84fa94-04c1-424b-9868-57a2d4851a1d" />
    <TestEntry testId="a40cf24a-04d2-9bac-a015-be3a4fe9912d" executionId="d3256acd-2aff-48be-9105-9169ea22f95d" testListId="8c84fa94-04c1-424b-9868-57a2d4851a1d" />
    <TestEntry testId="9b2afd55-c02b-e416-db3f-24907f14c47d" executionId="eeaeff4a-2869-4f93-befd-c906042d883e" testListId="8c84fa94-04c1-424b-9868-57a2d4851a1d" />
    <TestEntry testId="654824da-831c-dce2-815c-052433d506ed" executionId="8d723b39-d2f2-45a8-8b65-ef9653e44810" testListId="8c84fa94-04c1-424b-9868-57a2d4851a1d" />
    <TestEntry testId="e245b214-fe82-d416-72b8-33d224c8af24" executionId="d8b052d6-e2af-409d-9099-956ce517f511" testListId="8c84fa94-04c1-424b-9868-57a2d4851a1d" />
    <TestEntry testId="ea3462a5-ce30-2e6d-29ba-8f2f8f7032e2" executionId="00246e1f-5216-48c4-9378-1417f9aee880" testListId="8c84fa94-04c1-424b-9868-57a2d4851a1d" />
    <TestEntry testId="a17ff5e3-f1d2-d696-57d7-c12b7744d935" executionId="36943d5c-b572-4896-a94c-3ad295c67ada" testListId="8c84fa94-04c1-424b-9868-57a2d4851a1d" />
    <TestEntry testId="9f58e3bf-ac9c-8be5-958b-fc524fae0cfd" executionId="2925efb8-f107-476f-bf7d-f095ceb4bc3d" testListId="8c84fa94-04c1-424b-9868-57a2d4851a1d" />
    <TestEntry testId="71c415b8-c9ea-aeb7-723c-5122b9e2f843" executionId="ea09bb9f-d596-4287-97c0-fd25214d7ed3" testListId="8c84fa94-04c1-424b-9868-57a2d4851a1d" />
    <TestEntry testId="b4652afc-4fcd-2143-f22d-6d9008cbb2c2" executionId="b566cf14-390c-468b-b020-3aa18575234c" testListId="8c84fa94-04c1-424b-9868-57a2d4851a1d" />
    <TestEntry testId="7679e6da-7885-d983-ad70-f7b5efe86762" executionId="45f124e2-742b-48da-9f4f-459482a930f5" testListId="8c84fa94-04c1-424b-9868-57a2d4851a1d" />
    <TestEntry testId="59de5694-4dc9-6ebd-759a-ba187ea8ed25" executionId="1e48ed8d-88ad-4670-81ea-b7a82a80ec40" testListId="8c84fa94-04c1-424b-9868-57a2d4851a1d" />
    <TestEntry testId="74cc6748-3958-77fa-7f29-670d020f8cd3" executionId="30e1c5b1-811c-4ede-a771-d24306c8c171" testListId="8c84fa94-04c1-424b-9868-57a2d4851a1d" />
    <TestEntry testId="894802e4-a232-e078-bf9e-8dc2e44887a3" executionId="ce0473da-a149-4dc8-a7a6-dbb1588e4423" testListId="8c84fa94-04c1-424b-9868-57a2d4851a1d" />
    <TestEntry testId="b306b4b4-b01e-e83f-8bed-abc820a675c9" executionId="b835a4be-86fa-4918-8eb4-b715add76fb6" testListId="8c84fa94-04c1-424b-9868-57a2d4851a1d" />
    <TestEntry testId="ea67a0fc-dde3-352d-2bea-8f11bc8a4ff8" executionId="7b394082-e38f-4d2e-8cba-a05456f0f883" testListId="8c84fa94-04c1-424b-9868-57a2d4851a1d" />
    <TestEntry testId="2dc98344-da0e-fe46-b7e2-1421af8e5b1d" executionId="046daea1-80d6-4a26-b827-bdce67966009" testListId="8c84fa94-04c1-424b-9868-57a2d4851a1d" />
    <TestEntry testId="fe3da681-5f9a-8b89-e373-7218102e7415" executionId="f57db40b-a697-4c4c-920b-09ef9bf1f317" testListId="8c84fa94-04c1-424b-9868-57a2d4851a1d" />
    <TestEntry testId="18444128-ff49-6655-1b67-01150c5bdcfa" executionId="a10c40a4-04ed-4583-9e2d-7b303506080b" testListId="8c84fa94-04c1-424b-9868-57a2d4851a1d" />
    <TestEntry testId="2e4724a5-2b7b-eb65-ebd9-ad0253c0844b" executionId="9730350a-02ee-4d11-b5ac-a435d5ffae4a" testListId="8c84fa94-04c1-424b-9868-57a2d4851a1d" />
    <TestEntry testId="aec10309-d900-227d-602e-24d8260a96b8" executionId="62bde4af-b670-49ad-9421-4e61c96217cf" testListId="8c84fa94-04c1-424b-9868-57a2d4851a1d" />
    <TestEntry testId="22a1ee5b-9030-e5bc-e843-195f986e0da9" executionId="38d30507-8f45-4947-bac0-099ad0bfd2d3" testListId="8c84fa94-04c1-424b-9868-57a2d4851a1d" />
    <TestEntry testId="ef727d84-0446-236e-df91-a9083a3b0329" executionId="4d2b5eff-0f90-420d-a8a9-e012b56a94a4" testListId="8c84fa94-04c1-424b-9868-57a2d4851a1d" />
    <TestEntry testId="a05996ef-7279-5ce2-e8f8-194e08545129" executionId="19a8c357-469b-4d84-b105-7fd8f37066a0" testListId="8c84fa94-04c1-424b-9868-57a2d4851a1d" />
    <TestEntry testId="114491a9-f586-f63d-d65f-b97c13dfa1c7" executionId="3da4939f-4089-46b7-86b6-eec14cd68ba8" testListId="8c84fa94-04c1-424b-9868-57a2d4851a1d" />
    <TestEntry testId="8ca3fe5c-1fec-38cc-139e-5cda860a37d9" executionId="703ea7b5-3073-47e9-bf31-e11d65a9de92" testListId="8c84fa94-04c1-424b-9868-57a2d4851a1d" />
    <TestEntry testId="e3b647fe-2086-1066-486c-69dd1615e14b" executionId="436ce8d3-54b4-43b4-832a-6f5d4200a273" testListId="8c84fa94-04c1-424b-9868-57a2d4851a1d" />
    <TestEntry testId="77094078-2d38-3195-3ad3-88b3615b784b" executionId="a1f43d3f-794b-4dd3-845a-d95917008e62" testListId="8c84fa94-04c1-424b-9868-57a2d4851a1d" />
    <TestEntry testId="327aea0b-7715-048c-8303-ec05c9eff0d2" executionId="491bccfa-ce33-4e5f-85f1-94b47713fafa" testListId="8c84fa94-04c1-424b-9868-57a2d4851a1d" />
    <TestEntry testId="3f0e4010-1ce0-bc63-b2c7-bf6fc4116d03" executionId="9982f544-133e-48db-bd8b-aa9274043f2d" testListId="8c84fa94-04c1-424b-9868-57a2d4851a1d" />
    <TestEntry testId="d0554a0e-ba26-a264-8235-a5c7a498e16c" executionId="25053b49-0af4-4c25-b1cd-a93681c01fd7" testListId="8c84fa94-04c1-424b-9868-57a2d4851a1d" />
    <TestEntry testId="96eb4e0c-1d26-4061-6cc8-97843949af2c" executionId="ad9df276-d7d1-4049-a067-ff11c663becb" testListId="8c84fa94-04c1-424b-9868-57a2d4851a1d" />
    <TestEntry testId="8434aa07-b153-cfc3-0803-deaef20fe631" executionId="ffbe0eef-7cea-4735-b75f-24f20c922745" testListId="8c84fa94-04c1-424b-9868-57a2d4851a1d" />
    <TestEntry testId="da970e99-5d30-665b-42e2-538320b2de65" executionId="077336dd-e5f2-48a3-8edc-28d943d95585" testListId="8c84fa94-04c1-424b-9868-57a2d4851a1d" />
    <TestEntry testId="5df9c454-7cbe-bd55-0211-06b8f20caa18" executionId="d9b54ab6-94b0-450c-8c15-f35e7a9a64e5" testListId="8c84fa94-04c1-424b-9868-57a2d4851a1d" />
    <TestEntry testId="045e707a-1078-b7cb-3af0-c83024c5a95c" executionId="ad4f1378-1a6c-4ebd-923d-53bafe0ca6aa" testListId="8c84fa94-04c1-424b-9868-57a2d4851a1d" />
    <TestEntry testId="d30d87eb-042e-a85c-750c-9fab31b27443" executionId="d1b40980-c2f4-41b3-92e3-947f628bb940" testListId="8c84fa94-04c1-424b-9868-57a2d4851a1d" />
    <TestEntry testId="780f1c78-3334-7d95-b52a-8b53ce1e56a1" executionId="153e1677-9f6f-43a4-a006-c0aed76f5595" testListId="8c84fa94-04c1-424b-9868-57a2d4851a1d" />
    <TestEntry testId="41a35dad-985c-ac1c-02d5-c9410322a770" executionId="1aab7adf-32cc-4c75-a989-51a29624e596" testListId="8c84fa94-04c1-424b-9868-57a2d4851a1d" />
    <TestEntry testId="769dd84a-9fda-bf63-7d8c-498ec36290b9" executionId="2708a0c6-b2c0-4f13-a1f3-9fd2b53218f7" testListId="8c84fa94-04c1-424b-9868-57a2d4851a1d" />
    <TestEntry testId="34084c98-44ea-3f8b-2d78-c59969fd8398" executionId="630b44e2-c968-4aba-ac16-7e4f355dbc8c" testListId="8c84fa94-04c1-424b-9868-57a2d4851a1d" />
    <TestEntry testId="f286f172-7e8c-bc8d-99b5-b1e12f8b2bb3" executionId="359bd290-ee33-4d38-a5db-07d7e1eb7230" testListId="8c84fa94-04c1-424b-9868-57a2d4851a1d" />
    <TestEntry testId="4e539b83-0404-b8fb-a4fe-bd24e445763d" executionId="d09d1991-a62e-413b-920a-d0aea541d71b" testListId="8c84fa94-04c1-424b-9868-57a2d4851a1d" />
    <TestEntry testId="bca36cb2-2744-9a6e-ec74-38d95204b268" executionId="bda981a2-b441-4cea-9d0a-2eb8a5f619bc" testListId="8c84fa94-04c1-424b-9868-57a2d4851a1d" />
    <TestEntry testId="a4ed0c38-0862-ecfc-a696-dc15c911602c" executionId="b7b8fae4-231c-4f41-b42a-62c43b96e8fc" testListId="8c84fa94-04c1-424b-9868-57a2d4851a1d" />
    <TestEntry testId="34c7acda-0d62-3aa1-e07d-ecf994bc8301" executionId="37af6285-f0d9-4de4-82b6-203ec629138a" testListId="8c84fa94-04c1-424b-9868-57a2d4851a1d" />
    <TestEntry testId="c5328cb2-b885-8b14-28e8-5a9ee0576b7c" executionId="66cf1c6e-839e-4a04-878e-e95df886d811" testListId="8c84fa94-04c1-424b-9868-57a2d4851a1d" />
    <TestEntry testId="b9900db2-cbc2-5c6d-13e9-f7f0df19cf48" executionId="f6baa056-cc46-4a41-9c3f-da0b25a9a0f4" testListId="8c84fa94-04c1-424b-9868-57a2d4851a1d" />
    <TestEntry testId="742bdb62-f7ec-73a4-9e58-b719ceb66e15" executionId="e0d3d669-996f-45ba-b626-d84e552b4d92" testListId="8c84fa94-04c1-424b-9868-57a2d4851a1d" />
    <TestEntry testId="8b60bca8-7666-8662-8a35-c7683a064812" executionId="cbaf542c-173b-47ec-b8b6-4181eaa13ef8" testListId="8c84fa94-04c1-424b-9868-57a2d4851a1d" />
    <TestEntry testId="1feeeda9-0aa0-2e35-e610-29bad728254c" executionId="883f103c-0638-4e2e-9f28-7cb2c0452c29" testListId="8c84fa94-04c1-424b-9868-57a2d4851a1d" />
    <TestEntry testId="3389043b-e51f-9966-6a46-1df0f5e9e992" executionId="a6cf8025-abbf-4386-a98c-451ab1c46887" testListId="8c84fa94-04c1-424b-9868-57a2d4851a1d" />
    <TestEntry testId="a07fcde9-c61e-0639-2b44-52456ea11e7b" executionId="02cbc683-841f-4d6e-8ff4-05dd87df14d2" testListId="8c84fa94-04c1-424b-9868-57a2d4851a1d" />
    <TestEntry testId="246122c6-ee39-3a60-a746-b4c72482e1eb" executionId="7a27d06a-0570-438f-820f-96d88343b813" testListId="8c84fa94-04c1-424b-9868-57a2d4851a1d" />
    <TestEntry testId="1503451f-c367-e6f7-efcd-1d7c7d1cd27d" executionId="a2304ebf-189f-48f1-93aa-8b9fd3012e33" testListId="8c84fa94-04c1-424b-9868-57a2d4851a1d" />
    <TestEntry testId="d2fb9de0-5e4f-ac12-aa83-8550f95e5a01" executionId="53086df8-1def-45ad-95d2-22d09cf343d0" testListId="8c84fa94-04c1-424b-9868-57a2d4851a1d" />
    <TestEntry testId="c94caaa0-3d95-fc6f-ccef-52f8da2c21a2" executionId="23c62da5-ee1d-4ca5-a76a-114f6394de8a" testListId="8c84fa94-04c1-424b-9868-57a2d4851a1d" />
    <TestEntry testId="c6cfc3cd-c751-0fb3-251a-e99db7d16f3b" executionId="539672d7-d810-44b2-b8c7-27a2f6ea9bd3" testListId="8c84fa94-04c1-424b-9868-57a2d4851a1d" />
    <TestEntry testId="3aa893ce-4359-816b-56b8-816f5f5650c5" executionId="ae7f9871-47a8-47a0-b894-eefdb9926185" testListId="8c84fa94-04c1-424b-9868-57a2d4851a1d" />
    <TestEntry testId="17b4e27e-b862-2aa2-3b9c-1e7aef46601c" executionId="33f7bcb4-eead-4f9d-8f7f-3596b9b525d5" testListId="8c84fa94-04c1-424b-9868-57a2d4851a1d" />
    <TestEntry testId="b4b2ce78-ea17-2c67-91b1-d5289405da01" executionId="87d898de-525e-4b33-b777-86e40a74a875" testListId="8c84fa94-04c1-424b-9868-57a2d4851a1d" />
    <TestEntry testId="ca57744d-4eec-5673-06cd-124c8e5c613d" executionId="14981652-8da6-4316-9394-cc9cd6c0e9fc" testListId="8c84fa94-04c1-424b-9868-57a2d4851a1d" />
    <TestEntry testId="4acfaa27-13fd-6086-cc4f-f32451bf9a40" executionId="5d7e755d-bbea-40ad-a7f4-5a583441d249" testListId="8c84fa94-04c1-424b-9868-57a2d4851a1d" />
    <TestEntry testId="aae780d8-556f-5079-aa6b-e21d457492e9" executionId="a818a400-0294-4e59-a446-9d5b076a05b4" testListId="8c84fa94-04c1-424b-9868-57a2d4851a1d" />
    <TestEntry testId="049a46f8-17e3-1e45-9757-3437f732b6aa" executionId="8b11297c-d662-4d5f-b1c8-c4fb340d057c" testListId="8c84fa94-04c1-424b-9868-57a2d4851a1d" />
    <TestEntry testId="4be8e7d7-bca8-9397-e404-43302107cf04" executionId="6a28eb06-df7d-40a1-ae01-2e7a85d3f537" testListId="8c84fa94-04c1-424b-9868-57a2d4851a1d" />
    <TestEntry testId="a7741fc5-35a5-4ccd-597a-5b3467b4e24f" executionId="e700b6a4-03c1-4f1a-8a61-5eb216548f2d" testListId="8c84fa94-04c1-424b-9868-57a2d4851a1d" />
    <TestEntry testId="31fa5d0d-5e74-d1c8-d0a2-8911646c8331" executionId="34f9f954-ea64-4976-9fde-af3100ac8e87" testListId="8c84fa94-04c1-424b-9868-57a2d4851a1d" />
    <TestEntry testId="fe15a62a-41ec-bf64-64fd-c9c26c4f9b53" executionId="c27f38c1-14bc-426a-a657-d5c388017c94" testListId="8c84fa94-04c1-424b-9868-57a2d4851a1d" />
    <TestEntry testId="732503f7-8bcf-26ff-34de-71c5b627ff61" executionId="46138c3d-cae7-470c-a83e-a5d1f4bbdbbb" testListId="8c84fa94-04c1-424b-9868-57a2d4851a1d" />
    <TestEntry testId="f8fd1a06-1ab8-77ad-0b71-ac8f592c9bca" executionId="8096fd32-bfa6-4725-a1c3-571b15f395cf" testListId="8c84fa94-04c1-424b-9868-57a2d4851a1d" />
    <TestEntry testId="8c36f616-16a9-da46-946a-1b91a8d4936b" executionId="02f37dd3-589b-47d4-8fd4-05c541a05708" testListId="8c84fa94-04c1-424b-9868-57a2d4851a1d" />
    <TestEntry testId="9ec86789-853d-b24c-4277-85751b82010a" executionId="994348b5-1916-4960-8c0f-0fda07eb8ed8" testListId="8c84fa94-04c1-424b-9868-57a2d4851a1d" />
    <TestEntry testId="244393d8-045b-80c6-1620-1dfde66bcfa9" executionId="cac899df-f722-4e6b-b1ad-89444ce746c3" testListId="8c84fa94-04c1-424b-9868-57a2d4851a1d" />
    <TestEntry testId="b83be294-6532-01c7-4f9a-6a7ef7b4b6ba" executionId="99cbe085-f900-40d5-af19-50266a5c4810" testListId="8c84fa94-04c1-424b-9868-57a2d4851a1d" />
    <TestEntry testId="926fe379-e3d5-bd41-aae6-1a5da790924c" executionId="df14bce9-d52e-4640-bdd7-b1d370ca2e4f" testListId="8c84fa94-04c1-424b-9868-57a2d4851a1d" />
    <TestEntry testId="c5ea9001-faff-713a-6960-29bbe6404bb8" executionId="29e7e9a1-ac77-442a-8343-8c5bdaeb4e24" testListId="8c84fa94-04c1-424b-9868-57a2d4851a1d" />
    <TestEntry testId="03073659-99be-6052-26fb-ff548c6aaf88" executionId="0dc42773-6234-411a-8d16-4ce96ce4491e" testListId="8c84fa94-04c1-424b-9868-57a2d4851a1d" />
    <TestEntry testId="c489ee98-ff2e-4034-318b-ece3c1d11ad4" executionId="fa891f7e-a883-4600-a1e8-b70a55ed6ab8" testListId="8c84fa94-04c1-424b-9868-57a2d4851a1d" />
    <TestEntry testId="ddf551cb-b112-7f3f-cb8d-7b0e12283f64" executionId="e46f046a-5e45-457a-bb1f-f9e32f1c6b5d" testListId="8c84fa94-04c1-424b-9868-57a2d4851a1d" />
    <TestEntry testId="d8d53a51-1958-4529-819e-62ca5a99122f" executionId="b6600626-14d7-4864-bc63-b4c26f2ade24" testListId="8c84fa94-04c1-424b-9868-57a2d4851a1d" />
    <TestEntry testId="d83cffc9-2dc1-227b-0dd2-716cea056551" executionId="1a0ed57b-03fa-4ff1-906d-25b2b4708a5c" testListId="8c84fa94-04c1-424b-9868-57a2d4851a1d" />
    <TestEntry testId="8649b6a0-70dc-0290-bdeb-a37467c14379" executionId="77804430-647a-42ab-b9d5-c9a51a78de15" testListId="8c84fa94-04c1-424b-9868-57a2d4851a1d" />
    <TestEntry testId="ee43794d-5b26-f495-2efa-6d0f046df9d0" executionId="8ffbe5b6-cb33-4df0-b4ce-249fa7b3b3aa" testListId="8c84fa94-04c1-424b-9868-57a2d4851a1d" />
    <TestEntry testId="d433d02d-b564-5e39-ce00-89571e93216a" executionId="53a7324c-a904-404d-9a94-8c5492c24c64" testListId="8c84fa94-04c1-424b-9868-57a2d4851a1d" />
    <TestEntry testId="f2eaa386-a8fa-c21f-c458-7f12c1c3dd16" executionId="3433a455-4db7-4e9b-8ab5-1a8cee064408" testListId="8c84fa94-04c1-424b-9868-57a2d4851a1d" />
    <TestEntry testId="9f0df0f6-d02a-0b4b-fdc2-c46f08b92130" executionId="13be39ad-2587-4055-ad3a-1cc9f42af7d8" testListId="8c84fa94-04c1-424b-9868-57a2d4851a1d" />
    <TestEntry testId="9b7a8739-3bd6-92dc-ebfd-c59dde439192" executionId="8ea2fa3f-c5b1-4eb8-a43d-9dddc510847e" testListId="8c84fa94-04c1-424b-9868-57a2d4851a1d" />
    <TestEntry testId="911a754b-4a21-7213-ab66-37b764b44fff" executionId="8e4bf893-083b-498b-b4de-e1c2a225d16b" testListId="8c84fa94-04c1-424b-9868-57a2d4851a1d" />
    <TestEntry testId="9a35ab4f-024c-c452-7677-7895f6a830fe" executionId="5e9c8cd1-3a9a-4be1-8398-04114f9b57bc" testListId="8c84fa94-04c1-424b-9868-57a2d4851a1d" />
    <TestEntry testId="1b818508-1e11-83dd-34ff-777ab01b676a" executionId="7b55d008-f5b8-4412-a61a-2869a4d16fb9" testListId="8c84fa94-04c1-424b-9868-57a2d4851a1d" />
    <TestEntry testId="3661ba45-91b7-bddd-f619-009a609052d9" executionId="85289fcd-ff71-44b1-a346-6a362594b552" testListId="8c84fa94-04c1-424b-9868-57a2d4851a1d" />
    <TestEntry testId="142f3b3a-0646-9d8d-6da9-6000595864a3" executionId="60fe3a8b-27f2-484e-a6c8-06f9cffec171" testListId="8c84fa94-04c1-424b-9868-57a2d4851a1d" />
    <TestEntry testId="57cbc2d1-15e4-6c52-cd5a-f956ea4b46d2" executionId="511bf06e-c8e7-4a89-a12f-eaa336744564" testListId="8c84fa94-04c1-424b-9868-57a2d4851a1d" />
    <TestEntry testId="3b57340c-2aad-3c76-3047-e04f27bcda97" executionId="145cf949-b750-4d9b-a741-5f4500697dff" testListId="8c84fa94-04c1-424b-9868-57a2d4851a1d" />
    <TestEntry testId="d1627e90-8df2-671c-332a-ec497aadd1e4" executionId="eec402cb-0673-4e94-bdfd-ccfed593f5c2" testListId="8c84fa94-04c1-424b-9868-57a2d4851a1d" />
    <TestEntry testId="5c71673c-87bc-73db-2cb1-13a53b14e2f5" executionId="09d06aa7-1e7a-419d-a4cf-3060c106598f" testListId="8c84fa94-04c1-424b-9868-57a2d4851a1d" />
    <TestEntry testId="edde5423-110b-0c3e-e075-ce5d75904558" executionId="bb0c1e99-c7e5-4d6a-a2fd-0c59a692e213" testListId="8c84fa94-04c1-424b-9868-57a2d4851a1d" />
    <TestEntry testId="51e6c5f4-f402-0d0d-7b84-4f05983bcacd" executionId="a1066c93-6042-4e9c-8368-854fa0590b34" testListId="8c84fa94-04c1-424b-9868-57a2d4851a1d" />
    <TestEntry testId="0af3213e-059e-26ef-5d31-73b906060b62" executionId="cb8a17bb-a049-4512-ad1b-d6a29a2a92a2" testListId="8c84fa94-04c1-424b-9868-57a2d4851a1d" />
    <TestEntry testId="f419f841-c256-af4c-f845-5eea6a82f98f" executionId="78be8ce3-c320-46a0-b099-d06285da2fec" testListId="8c84fa94-04c1-424b-9868-57a2d4851a1d" />
    <TestEntry testId="50519408-910f-6c62-3606-ad9ca319f245" executionId="cc3c1fd2-8e24-42cd-970a-2b6ab6fd0300" testListId="8c84fa94-04c1-424b-9868-57a2d4851a1d" />
    <TestEntry testId="06b558f2-559a-6a2e-336b-64ac3a80bb27" executionId="ff21490a-349b-4757-878a-aa6a48e1c560" testListId="8c84fa94-04c1-424b-9868-57a2d4851a1d" />
    <TestEntry testId="3ef8df55-4649-93c3-3be6-7324a0162458" executionId="05665c4d-b6a8-4844-815b-1c6e9d26be9a" testListId="8c84fa94-04c1-424b-9868-57a2d4851a1d" />
    <TestEntry testId="8cf52a1b-446c-c1b4-7c71-1db62d7b987a" executionId="fdef88f8-df2b-4ae1-9235-449df22c8bf9" testListId="8c84fa94-04c1-424b-9868-57a2d4851a1d" />
    <TestEntry testId="93fa63ad-3f38-28ad-287e-6a435e151fef" executionId="5945a733-2db3-44b5-a8cd-1eaf44a14a99" testListId="8c84fa94-04c1-424b-9868-57a2d4851a1d" />
    <TestEntry testId="ba1bb513-dbfb-d771-2804-731667304b59" executionId="b9b382d6-0e13-42bb-ad26-1890af462947" testListId="8c84fa94-04c1-424b-9868-57a2d4851a1d" />
    <TestEntry testId="520513bf-cd52-b18c-44b8-4cbd75cbbbf4" executionId="37ac714b-d27d-457c-8eb5-2627f61c20b2" testListId="8c84fa94-04c1-424b-9868-57a2d4851a1d" />
    <TestEntry testId="d56df8d1-b4dd-66b8-e573-75c4fe9c07e2" executionId="9e2c982b-5000-4013-a22d-dd4d23e91fdb" testListId="8c84fa94-04c1-424b-9868-57a2d4851a1d" />
    <TestEntry testId="aa4067e8-b28a-52d2-8bdf-f8f50f58c26a" executionId="4d960320-041b-4a5f-8cd4-356d4cd7d50f" testListId="8c84fa94-04c1-424b-9868-57a2d4851a1d" />
    <TestEntry testId="a9b67831-d0b6-ce7b-0668-e76067964e4d" executionId="52e2bc2a-2cbf-4db7-a08d-c3011e7cc0e5" testListId="8c84fa94-04c1-424b-9868-57a2d4851a1d" />
    <TestEntry testId="ed9dbcd4-caa1-444f-55d7-c156a57c23d0" executionId="a069a572-850f-4b16-81c4-ea6cf0287e43" testListId="8c84fa94-04c1-424b-9868-57a2d4851a1d" />
    <TestEntry testId="8206c280-0d3d-737c-88c6-fad1fd582b8e" executionId="b53e3b77-48a6-470d-b054-80c6e3fa26bf" testListId="8c84fa94-04c1-424b-9868-57a2d4851a1d" />
    <TestEntry testId="4aeaa612-27af-a67f-7e10-8ef819c871f1" executionId="d8a93f78-9d51-4e63-b134-9a92cb2943d9" testListId="8c84fa94-04c1-424b-9868-57a2d4851a1d" />
    <TestEntry testId="f42b2b5c-a8df-13cb-58e2-834e91a6ba9d" executionId="6aa96c76-7064-488e-bde0-68cbfcabaa79" testListId="8c84fa94-04c1-424b-9868-57a2d4851a1d" />
    <TestEntry testId="bb547e80-4431-20f5-dfd2-c93c21e69917" executionId="6c0ed1a2-1b06-4432-a78c-99e3c269a59e" testListId="8c84fa94-04c1-424b-9868-57a2d4851a1d" />
    <TestEntry testId="54299e2e-2bdc-a7d3-8471-535442134787" executionId="eb15f5e7-6f3a-4c80-ba92-3140c60ed0aa" testListId="8c84fa94-04c1-424b-9868-57a2d4851a1d" />
    <TestEntry testId="07361177-b4ca-8f15-ac56-847d5ab031b9" executionId="3ff8d7ab-db94-459f-bcf6-7e20f107a85f" testListId="8c84fa94-04c1-424b-9868-57a2d4851a1d" />
    <TestEntry testId="fe26576b-edfb-c4fa-aee1-7a159320955b" executionId="aae60978-feaa-4cb8-ba49-5c9abefec043" testListId="8c84fa94-04c1-424b-9868-57a2d4851a1d" />
    <TestEntry testId="9415680d-8603-0d49-0291-4a7f9126ab00" executionId="d1850b0c-5b30-450d-828a-03eabf965253" testListId="8c84fa94-04c1-424b-9868-57a2d4851a1d" />
    <TestEntry testId="4b945afa-f16d-050a-710d-9b6a97aaf365" executionId="9e8a3916-4980-46bf-8d59-17711d1edb78" testListId="8c84fa94-04c1-424b-9868-57a2d4851a1d" />
    <TestEntry testId="eeba400a-7a60-e166-4842-f46ea9e2cb9a" executionId="ff513556-b3e0-411d-87f9-bd82aa7d7ef8" testListId="8c84fa94-04c1-424b-9868-57a2d4851a1d" />
    <TestEntry testId="fee2ed2c-cc88-8403-cc84-518da17c5c01" executionId="2da34c8c-48b3-4f09-a42b-11c35cb7f273" testListId="8c84fa94-04c1-424b-9868-57a2d4851a1d" />
    <TestEntry testId="3959849f-9671-d647-a5c5-47d877b5d47b" executionId="98cadfab-f20c-4055-98a0-0883962469b7" testListId="8c84fa94-04c1-424b-9868-57a2d4851a1d" />
    <TestEntry testId="db7d6672-a2e3-9784-8e5c-4f89f75796ff" executionId="d1c73f9c-848b-4b8f-bb8d-d6e405b4c560" testListId="8c84fa94-04c1-424b-9868-57a2d4851a1d" />
    <TestEntry testId="dbb49c07-debe-73ff-d467-5e80dec57b2c" executionId="b9af5f9c-9bcf-4546-8045-cc78f33a23c8" testListId="8c84fa94-04c1-424b-9868-57a2d4851a1d" />
    <TestEntry testId="58da7965-4a74-1430-e7bb-9ed117b03005" executionId="b6773944-278f-49e3-8afa-4757b2daf939" testListId="8c84fa94-04c1-424b-9868-57a2d4851a1d" />
    <TestEntry testId="9710df04-3445-ef7d-baab-9ac95d0f726b" executionId="04529244-0071-41d9-942d-bcd13bbb4014" testListId="8c84fa94-04c1-424b-9868-57a2d4851a1d" />
    <TestEntry testId="f1468078-d704-e46e-8b9b-dc06c9238da1" executionId="7c69beeb-f1db-4455-b072-9247870c0bde" testListId="8c84fa94-04c1-424b-9868-57a2d4851a1d" />
    <TestEntry testId="35b84984-78cf-6bdf-2214-b04c09db7bfa" executionId="916c31fc-ec23-45f1-87b5-8d0257f69504" testListId="8c84fa94-04c1-424b-9868-57a2d4851a1d" />
    <TestEntry testId="28a4ee6c-34d9-2fd6-6b5a-164c72fa026f" executionId="48f4ef6a-cb04-451b-8f5f-32ea31317a8a" testListId="8c84fa94-04c1-424b-9868-57a2d4851a1d" />
    <TestEntry testId="cda36453-4b03-8814-c9dc-788a92f4f459" executionId="802806f9-1fdc-4030-bc88-21fabb767af2" testListId="8c84fa94-04c1-424b-9868-57a2d4851a1d" />
    <TestEntry testId="adfaf1b6-ee9a-a854-6d91-40b24a39395c" executionId="e1728a00-9ae9-413c-89e4-3e064d4b529f" testListId="8c84fa94-04c1-424b-9868-57a2d4851a1d" />
    <TestEntry testId="981d099c-a855-fea2-130c-49ac1d54a0cd" executionId="4e4b310c-2beb-4a5d-a33a-d5c36b7cafe5" testListId="8c84fa94-04c1-424b-9868-57a2d4851a1d" />
    <TestEntry testId="c9d609cf-4d27-f250-53f5-5cb651ce0b09" executionId="49a59d5a-6104-46cf-94b4-415ea606edc6" testListId="8c84fa94-04c1-424b-9868-57a2d4851a1d" />
    <TestEntry testId="a2977a04-6cec-57ad-10ef-4f31b921c6d8" executionId="69181d83-d6f4-45b9-9ac2-fbde943721d0" testListId="8c84fa94-04c1-424b-9868-57a2d4851a1d" />
    <TestEntry testId="e7efe658-69d3-442d-ec61-af51932cbb49" executionId="7cf8af58-7f01-4172-af2d-e0d9d828b01c" testListId="8c84fa94-04c1-424b-9868-57a2d4851a1d" />
    <TestEntry testId="9bb7c27e-9a34-4552-854e-dc6bf5c0fa3a" executionId="1d898445-1110-4583-8814-0cbfeb31f044" testListId="8c84fa94-04c1-424b-9868-57a2d4851a1d" />
    <TestEntry testId="39b1d282-7fce-bb85-3639-bd7e02b0961e" executionId="8664f5ad-6732-4369-835b-8c6bd529cdd9" testListId="8c84fa94-04c1-424b-9868-57a2d4851a1d" />
    <TestEntry testId="a1073d09-b49c-177d-de24-5b64ae518ddb" executionId="b9cc6d9a-6ae3-4199-83e6-807aa29d2794" testListId="8c84fa94-04c1-424b-9868-57a2d4851a1d" />
    <TestEntry testId="404e3838-d6fc-fd6e-2256-77937d70f531" executionId="e3c67333-3cbb-45ee-b412-3ad70a695116" testListId="8c84fa94-04c1-424b-9868-57a2d4851a1d" />
    <TestEntry testId="c2703aff-9383-46f6-4b8c-211e5be5b6cd" executionId="e1ee9820-89e9-4b1b-9cdf-7e744108d9a1" testListId="8c84fa94-04c1-424b-9868-57a2d4851a1d" />
    <TestEntry testId="16cb513f-1296-dccb-4302-b40b54e4775b" executionId="e59ee10e-b927-4338-be1e-eb99e8bd57ce" testListId="8c84fa94-04c1-424b-9868-57a2d4851a1d" />
    <TestEntry testId="cc3404cc-2e23-f743-55fd-da836acdabab" executionId="2d2df768-fee1-4573-b0e0-012983bbcab7" testListId="8c84fa94-04c1-424b-9868-57a2d4851a1d" />
    <TestEntry testId="5ae99c0d-f5b2-ad2f-5e91-f0916eac7d0c" executionId="6145e4bf-b91e-4c5e-aece-7528297ab1c5" testListId="8c84fa94-04c1-424b-9868-57a2d4851a1d" />
    <TestEntry testId="cba3cbb8-c82e-c21d-6400-b6073f3aa082" executionId="54424ce9-e7f5-4e96-8e53-6cb4a59bbcab" testListId="8c84fa94-04c1-424b-9868-57a2d4851a1d" />
    <TestEntry testId="55fa85c5-d123-5ca6-f67f-cf7f03326489" executionId="f10a3d74-7617-4f83-a7cb-5f4656e776bb" testListId="8c84fa94-04c1-424b-9868-57a2d4851a1d" />
    <TestEntry testId="96d5500d-c84d-e9d1-9989-81ab8d34a29e" executionId="f95561b7-577e-47e4-a7a4-725bae08ea98" testListId="8c84fa94-04c1-424b-9868-57a2d4851a1d" />
    <TestEntry testId="28ef425e-1be4-3ea6-ca19-a900f3f2a486" executionId="2dc653f3-ee18-432c-b02d-6211ecdad24a" testListId="8c84fa94-04c1-424b-9868-57a2d4851a1d" />
    <TestEntry testId="208e6dd8-4ae7-1b16-34b8-d602c5c0a84f" executionId="d7c0a7b6-311e-415b-9323-b22e2e01c695" testListId="8c84fa94-04c1-424b-9868-57a2d4851a1d" />
    <TestEntry testId="1b1ce6e1-41fe-6737-86b4-4413fa96b0b5" executionId="2868b37a-93d0-4531-9894-4b852253b317" testListId="8c84fa94-04c1-424b-9868-57a2d4851a1d" />
    <TestEntry testId="ec17200e-ab59-1085-baef-4f43de14be21" executionId="995e7d73-62cc-4a73-89f4-2b1371ca5de6" testListId="8c84fa94-04c1-424b-9868-57a2d4851a1d" />
    <TestEntry testId="ac7166d5-6ed9-af93-adae-df1837157d22" executionId="550ab972-d30b-4a03-be8b-23b94754119e" testListId="8c84fa94-04c1-424b-9868-57a2d4851a1d" />
    <TestEntry testId="0e4bce62-7c99-c2be-4d7c-40c43ae1e05c" executionId="59e37d1d-70e4-4834-bfeb-9ce4de84c7ce" testListId="8c84fa94-04c1-424b-9868-57a2d4851a1d" />
    <TestEntry testId="41f6c7e0-8c95-404f-3027-8dd2cba17e11" executionId="5b6063e5-7d98-41d5-9877-783b3d5f64b0" testListId="8c84fa94-04c1-424b-9868-57a2d4851a1d" />
    <TestEntry testId="7e845520-152f-bc7f-2198-97309fd64061" executionId="57a8bc2e-b910-4025-8fe7-509c7045332d" testListId="8c84fa94-04c1-424b-9868-57a2d4851a1d" />
    <TestEntry testId="c7c83ba8-def8-6d7f-b8f5-6cdb6210cbab" executionId="feac16f2-b034-46b7-83d0-aa730f2d6250" testListId="8c84fa94-04c1-424b-9868-57a2d4851a1d" />
    <TestEntry testId="964d90a7-eafe-a3dd-426c-46d174d14182" executionId="3910740b-23d9-4352-a1b5-d0f622eecd36" testListId="8c84fa94-04c1-424b-9868-57a2d4851a1d" />
    <TestEntry testId="2c12e70b-d5f6-a96d-830d-14474c8e0d92" executionId="889d57ae-b94d-42fb-a781-75979ff335b9" testListId="8c84fa94-04c1-424b-9868-57a2d4851a1d" />
    <TestEntry testId="fceb9d29-7da0-1e6c-c8a8-820c7f40d746" executionId="66f7f8e4-0b2a-464e-b5f6-307ab4aeb369" testListId="8c84fa94-04c1-424b-9868-57a2d4851a1d" />
    <TestEntry testId="29446125-ae7b-a74f-3fea-d4cdf704ae46" executionId="11a10614-dd66-4f0c-92c4-a13d9b86c659" testListId="8c84fa94-04c1-424b-9868-57a2d4851a1d" />
    <TestEntry testId="e162973a-6b58-87ba-a821-f51b2b4c682d" executionId="77a2de8b-9dcf-4d6a-b453-6f608221ada9" testListId="8c84fa94-04c1-424b-9868-57a2d4851a1d" />
    <TestEntry testId="b3723662-aaa9-a79e-aed2-f54da002b392" executionId="8cad0556-208d-49c7-afb5-919302c14f59" testListId="8c84fa94-04c1-424b-9868-57a2d4851a1d" />
    <TestEntry testId="98fff030-53c1-c04c-47fb-82b4ef74e4d8" executionId="b7551160-1b68-4a4c-9b7c-341d36aa3095" testListId="8c84fa94-04c1-424b-9868-57a2d4851a1d" />
    <TestEntry testId="146e684e-5ac9-f0ec-1f58-c3178bb318b4" executionId="70671807-1846-4b2a-9ae2-9d241b9a56c4" testListId="8c84fa94-04c1-424b-9868-57a2d4851a1d" />
    <TestEntry testId="dff86f00-adf8-0959-76ac-186ea08e59bd" executionId="51fbd087-0bf3-4c19-bec9-97d8e5ef3924" testListId="8c84fa94-04c1-424b-9868-57a2d4851a1d" />
    <TestEntry testId="c6f92aec-e5b3-197a-7c28-b2847414641d" executionId="9e9ae312-d633-49e7-ac6d-6032f4c4aa6b" testListId="8c84fa94-04c1-424b-9868-57a2d4851a1d" />
    <TestEntry testId="b09990a8-046d-47f5-364b-4a48dd9d650f" executionId="207eef1c-4a59-4d65-bae4-11824c46c4f8" testListId="8c84fa94-04c1-424b-9868-57a2d4851a1d" />
    <TestEntry testId="0be9096d-8606-eb90-db7e-1ff2f6d67641" executionId="f7931218-7fa4-4898-82b0-481ebcffe918" testListId="8c84fa94-04c1-424b-9868-57a2d4851a1d" />
    <TestEntry testId="75fbb975-8fbd-9b46-1732-d0df17d45bc2" executionId="04ac5c59-63b8-4679-843a-8d5bcb0187fb" testListId="8c84fa94-04c1-424b-9868-57a2d4851a1d" />
    <TestEntry testId="e1626575-e055-6258-c63a-1ed2106a1fc3" executionId="d3121a94-d846-446e-9776-d3f866ec0668" testListId="8c84fa94-04c1-424b-9868-57a2d4851a1d" />
    <TestEntry testId="1275c074-db08-31bd-05ad-06c9229297a2" executionId="323d1263-816f-49c6-9d11-ebcb76cc2ea2" testListId="8c84fa94-04c1-424b-9868-57a2d4851a1d" />
    <TestEntry testId="77c25885-f498-e269-7a67-0cba22b75ab1" executionId="a58b76a3-25ce-4d9e-b636-9dd227d37003" testListId="8c84fa94-04c1-424b-9868-57a2d4851a1d" />
    <TestEntry testId="aeab3429-d90c-d2f2-7b84-011732585310" executionId="f54b4076-e755-4bd1-926d-5e86962244ce" testListId="8c84fa94-04c1-424b-9868-57a2d4851a1d" />
    <TestEntry testId="aebd2ed3-500b-7ed7-3035-495460774e8c" executionId="58b170da-3acb-4202-8e28-696907f45e4a" testListId="8c84fa94-04c1-424b-9868-57a2d4851a1d" />
    <TestEntry testId="26ab51dc-344f-9cf6-c2e3-523f0b7e8ae6" executionId="50fc5fe5-7665-4213-b9fd-ee0be0e1e8cb" testListId="8c84fa94-04c1-424b-9868-57a2d4851a1d" />
    <TestEntry testId="68c61d83-4cf3-ff70-7a7c-31b35c4affbf" executionId="ac6bd56c-17fb-443f-8b0f-bd8f5d6ce932" testListId="8c84fa94-04c1-424b-9868-57a2d4851a1d" />
    <TestEntry testId="d9079d90-2920-f566-8909-0fb0a7a3a358" executionId="4a8dac1e-247a-4feb-ac45-7391042af18f" testListId="8c84fa94-04c1-424b-9868-57a2d4851a1d" />
    <TestEntry testId="92d0f24d-161a-5161-4318-378530da0fea" executionId="224682b1-5a04-4eb2-868a-225ecf55bda8" testListId="8c84fa94-04c1-424b-9868-57a2d4851a1d" />
    <TestEntry testId="f089828d-f028-71d5-48d2-b0fdefe19ce6" executionId="c7261cb6-6daa-44de-9a8b-cd563dd2ccf6" testListId="8c84fa94-04c1-424b-9868-57a2d4851a1d" />
    <TestEntry testId="894cf9d9-cb78-1f17-1cd8-2c154e26811a" executionId="2e1cf716-afb3-411b-836a-10a6e628993e" testListId="8c84fa94-04c1-424b-9868-57a2d4851a1d" />
    <TestEntry testId="8aef9341-89d7-79ce-fb7c-7252b900e1b1" executionId="d82107f5-9872-4fc5-8f46-31b9690440a3" testListId="8c84fa94-04c1-424b-9868-57a2d4851a1d" />
    <TestEntry testId="9762f51b-0731-ac64-23c9-24a2c8ccaa73" executionId="f1238da2-3ad3-414e-a408-74d965ad0850" testListId="8c84fa94-04c1-424b-9868-57a2d4851a1d" />
    <TestEntry testId="9c0e9757-d51c-1e1e-437e-30ab9c6fdc3d" executionId="535df716-14b1-4036-bf9f-b68e78abcf11" testListId="8c84fa94-04c1-424b-9868-57a2d4851a1d" />
    <TestEntry testId="064663ac-a267-a696-51c0-fe929e47366c" executionId="c2d73fda-48bf-445f-8a45-b8ef2a859c98" testListId="8c84fa94-04c1-424b-9868-57a2d4851a1d" />
    <TestEntry testId="15c29022-eb79-9121-034c-c0cba1cf6806" executionId="3ff8a832-c286-484b-a548-9719f8fe4b1c" testListId="8c84fa94-04c1-424b-9868-57a2d4851a1d" />
    <TestEntry testId="85e92233-ab5f-a807-b135-7f0ed876ac93" executionId="1fe65cbe-ce9c-4006-afe7-cfbbfb7a31a3" testListId="8c84fa94-04c1-424b-9868-57a2d4851a1d" />
    <TestEntry testId="23a8ef88-55d0-31a3-400b-f46cbe18e1f6" executionId="b598df15-0e94-4395-8f6b-2c4d6047fd38" testListId="8c84fa94-04c1-424b-9868-57a2d4851a1d" />
    <TestEntry testId="d30553d3-7866-d34b-040a-85c642571e10" executionId="26971859-50d1-4a69-a3c6-3284c1ee5796" testListId="8c84fa94-04c1-424b-9868-57a2d4851a1d" />
    <TestEntry testId="5efdc212-2009-f999-3bbc-821570f59095" executionId="c899d28b-1261-4ab6-989a-704b06b9e82c" testListId="8c84fa94-04c1-424b-9868-57a2d4851a1d" />
    <TestEntry testId="7e49d211-33c9-5592-25e4-c124dfa62afe" executionId="0350d465-74c7-4886-a0ed-df8fe2c7dd87" testListId="8c84fa94-04c1-424b-9868-57a2d4851a1d" />
    <TestEntry testId="485b9188-c62d-b34d-a495-06f19d4b268e" executionId="e39848e7-5e99-4b59-9a27-9588a5765fa3" testListId="8c84fa94-04c1-424b-9868-57a2d4851a1d" />
    <TestEntry testId="e6a5bd7b-7405-fc6a-b5bc-378f43c18431" executionId="419a5a94-9b10-4d7a-a135-6d9f9cff5fd2" testListId="8c84fa94-04c1-424b-9868-57a2d4851a1d" />
    <TestEntry testId="2910f1bf-3a00-47d4-ed05-f81c81996069" executionId="cc42b7a7-a726-4529-88be-ed0d4e02f59d" testListId="8c84fa94-04c1-424b-9868-57a2d4851a1d" />
    <TestEntry testId="8695aac4-bad9-8a51-7f35-4933b6ca92ab" executionId="428bdf2d-e465-473f-b463-053675bf14dc" testListId="8c84fa94-04c1-424b-9868-57a2d4851a1d" />
    <TestEntry testId="4bf84d6a-9747-e23e-9edd-c36a80376ba8" executionId="3a563117-3907-412f-9a25-91280fc72259" testListId="8c84fa94-04c1-424b-9868-57a2d4851a1d" />
    <TestEntry testId="9d6412cb-3a50-3068-8962-8836b07f370a" executionId="3a3d64a4-a75d-42a2-b051-b7f770915df8" testListId="8c84fa94-04c1-424b-9868-57a2d4851a1d" />
    <TestEntry testId="d3620e51-7eec-32f0-d524-de91a027a0fe" executionId="5439c52a-6fa5-4165-9b58-3d888830d641" testListId="8c84fa94-04c1-424b-9868-57a2d4851a1d" />
    <TestEntry testId="3491f7c4-65eb-27da-c18b-89f7c7994d19" executionId="2371bfe7-b414-49e9-90f1-1b64f9e3323a" testListId="8c84fa94-04c1-424b-9868-57a2d4851a1d" />
    <TestEntry testId="6c5d3f2e-9daa-5438-2561-cee1896b95d6" executionId="b9193493-2a3e-4406-ad87-fee34551ece3" testListId="8c84fa94-04c1-424b-9868-57a2d4851a1d" />
    <TestEntry testId="0507bcc1-e4fc-1936-fe78-283dd5cecc14" executionId="427d3c08-8813-4a92-ab17-6623c7ffc73a" testListId="8c84fa94-04c1-424b-9868-57a2d4851a1d" />
    <TestEntry testId="224d534a-c7ce-6b8e-cecf-4848b863b783" executionId="f48cbd70-4ce1-405a-aef9-44a921af2d86" testListId="8c84fa94-04c1-424b-9868-57a2d4851a1d" />
    <TestEntry testId="f66333dc-734c-f6ea-92b2-7e230c56eaf2" executionId="b7dc1f45-0b64-4b34-9daa-0022135874fe" testListId="8c84fa94-04c1-424b-9868-57a2d4851a1d" />
    <TestEntry testId="aa36675d-2939-7ced-ac01-eb4d23340b43" executionId="b8db59e7-3242-4bb4-9d73-ef16ff18c44c" testListId="8c84fa94-04c1-424b-9868-57a2d4851a1d" />
    <TestEntry testId="e91a2775-b182-a50c-7252-43091e065330" executionId="944bde6f-0abf-46f2-976e-e1c94777d18a" testListId="8c84fa94-04c1-424b-9868-57a2d4851a1d" />
    <TestEntry testId="37d71308-1b21-c7c0-c2b2-27c84f2da2ff" executionId="deec1285-a40c-4d7f-a1c2-4f634a24356c" testListId="8c84fa94-04c1-424b-9868-57a2d4851a1d" />
    <TestEntry testId="378d50bb-6943-77d7-94c0-8b61b54fab44" executionId="43b743af-ba83-4b57-9a95-bc95f187a9bf" testListId="8c84fa94-04c1-424b-9868-57a2d4851a1d" />
    <TestEntry testId="d33ba304-66b6-f88b-a31f-3dda70fdcb3b" executionId="c14e3399-3604-4dbb-aee2-f1dc09d32e35" testListId="8c84fa94-04c1-424b-9868-57a2d4851a1d" />
    <TestEntry testId="6a6b3d60-b93a-8958-6b62-7ecff6d37770" executionId="a2e607af-e3aa-4507-85b6-c51d602522ed" testListId="8c84fa94-04c1-424b-9868-57a2d4851a1d" />
    <TestEntry testId="68266fb4-2736-ba71-a128-a9e39c1f393d" executionId="305eb1a5-681c-4e87-af2a-904bcd326723" testListId="8c84fa94-04c1-424b-9868-57a2d4851a1d" />
    <TestEntry testId="00618716-4f82-1a4a-b0f3-2af10c61bf40" executionId="6a7db7e8-d66c-4f42-b0f5-fa9f6b6b8935" testListId="8c84fa94-04c1-424b-9868-57a2d4851a1d" />
    <TestEntry testId="e59d293c-5af8-002c-e55c-1398367fa479" executionId="1ef0f5b7-f30b-4186-9fc3-0f4fe1c4504f" testListId="8c84fa94-04c1-424b-9868-57a2d4851a1d" />
    <TestEntry testId="c9676883-a38f-18af-1659-9e55996244a0" executionId="c54ea3ac-fc79-4895-b536-f5186d21cbbe" testListId="8c84fa94-04c1-424b-9868-57a2d4851a1d" />
    <TestEntry testId="82ce7b74-9478-cbc0-ced6-3cff3fae756f" executionId="b6b1fd59-57d8-407e-8001-91336b139e8c" testListId="8c84fa94-04c1-424b-9868-57a2d4851a1d" />
    <TestEntry testId="4ad5e067-b37b-b19f-cb70-41cd0b41d20d" executionId="0da61c87-1695-4153-9d50-2a4ade794077" testListId="8c84fa94-04c1-424b-9868-57a2d4851a1d" />
    <TestEntry testId="a7e854b3-ad0c-30c9-739e-808a4e52d5c7" executionId="72151566-d1ba-42da-90e5-f2de649da318" testListId="8c84fa94-04c1-424b-9868-57a2d4851a1d" />
    <TestEntry testId="1db94274-6592-8d13-818e-4085419651f2" executionId="49d995f9-87e9-4ebd-9b52-d388c17bbb49" testListId="8c84fa94-04c1-424b-9868-57a2d4851a1d" />
    <TestEntry testId="9f2f9eb7-af09-d3bf-f77f-90b9601a7cf2" executionId="dff77d9f-8c2d-4cca-b48f-6fcc18b0ab72" testListId="8c84fa94-04c1-424b-9868-57a2d4851a1d" />
    <TestEntry testId="c7cf3afc-da46-c52b-1bae-d663fd25ee50" executionId="fd8c1286-22d7-4501-b311-b670db1af4b1" testListId="8c84fa94-04c1-424b-9868-57a2d4851a1d" />
    <TestEntry testId="e0c9131b-164e-efd9-9c38-343bf3724bdf" executionId="59b4f39b-b0bd-4478-9253-8e1a7488ce2b" testListId="8c84fa94-04c1-424b-9868-57a2d4851a1d" />
    <TestEntry testId="8552ab44-7a6f-6aba-f3c7-d5e39cdc2d87" executionId="552bf3f2-e0dc-47b0-b5d7-c50d1568a214" testListId="8c84fa94-04c1-424b-9868-57a2d4851a1d" />
    <TestEntry testId="6b089662-2016-7712-224f-126a27819896" executionId="6ed864bb-1183-4392-926a-516fa39fc663" testListId="8c84fa94-04c1-424b-9868-57a2d4851a1d" />
    <TestEntry testId="fbdae986-4ae4-5444-a733-69376521dbb0" executionId="f0de1873-b861-4b32-b2d5-abcc3643cc89" testListId="8c84fa94-04c1-424b-9868-57a2d4851a1d" />
    <TestEntry testId="4567a1c4-1bd7-7288-bf70-4855f07c61e8" executionId="c2ccccba-1f3b-4ccb-9d56-4fe65e8f31f7" testListId="8c84fa94-04c1-424b-9868-57a2d4851a1d" />
    <TestEntry testId="e86b9db9-4670-4b28-7c8c-971e2f19065c" executionId="eae05f2b-2b5d-407c-82a9-f6eece1a7c25" testListId="8c84fa94-04c1-424b-9868-57a2d4851a1d" />
    <TestEntry testId="52987dea-b52d-f465-e0cb-edc918fc88d7" executionId="5a6cf541-d681-44c1-b92b-9b7cc29e5eff" testListId="8c84fa94-04c1-424b-9868-57a2d4851a1d" />
    <TestEntry testId="11e0343a-5aeb-3b8a-34d7-36ce686e83d9" executionId="6a4ba52e-5ab5-43ab-9c42-28b65c4fbb3d" testListId="8c84fa94-04c1-424b-9868-57a2d4851a1d" />
    <TestEntry testId="aaeff64a-1245-4b01-fe37-e9fe35f38008" executionId="b352d0e3-73bb-471b-9a82-3434bcd143c6" testListId="8c84fa94-04c1-424b-9868-57a2d4851a1d" />
    <TestEntry testId="50ccfab2-c8b8-e6d6-b76d-97f3c7335a90" executionId="89a99e96-09ee-4993-9f01-a09d9ada667c" testListId="8c84fa94-04c1-424b-9868-57a2d4851a1d" />
    <TestEntry testId="0c16100a-4fab-7919-1d30-b7832fad41be" executionId="e8ce05f1-e604-436c-9101-24c78bb69e50" testListId="8c84fa94-04c1-424b-9868-57a2d4851a1d" />
    <TestEntry testId="83a62253-90b7-191a-fd01-3d530c76a1cb" executionId="b8856fbd-9e1d-4d05-aa78-ad421a91f258" testListId="8c84fa94-04c1-424b-9868-57a2d4851a1d" />
    <TestEntry testId="1f73194b-cfd3-f9ab-41d8-a850a2bc1d50" executionId="5a7046f6-7662-4863-b441-cdcc2b10b2a6" testListId="8c84fa94-04c1-424b-9868-57a2d4851a1d" />
    <TestEntry testId="68e731de-5d12-96a6-4b0f-1c9f167f33b3" executionId="a5ab5258-738b-4961-a4ee-30721043b209" testListId="8c84fa94-04c1-424b-9868-57a2d4851a1d" />
    <TestEntry testId="3a056f9a-ce33-e199-b4c8-cb178b5331e7" executionId="2fbb9ba8-2065-4f02-b9e7-c4d297493851" testListId="8c84fa94-04c1-424b-9868-57a2d4851a1d" />
    <TestEntry testId="0adbbfdf-6eaa-cf6b-4f0d-6ad2e0f1aa5a" executionId="e8a10132-d58d-4375-b482-5375fcf29e6c" testListId="8c84fa94-04c1-424b-9868-57a2d4851a1d" />
    <TestEntry testId="8e1341ff-880d-370d-6a92-4e8d951452f2" executionId="68d49973-e2cb-405c-ad89-505caed6b056" testListId="8c84fa94-04c1-424b-9868-57a2d4851a1d" />
    <TestEntry testId="d883f116-18c6-76d8-0fae-0e113ca85148" executionId="7110849e-bc23-4fd8-820e-8893b25263c9" testListId="8c84fa94-04c1-424b-9868-57a2d4851a1d" />
    <TestEntry testId="28bcafb2-125c-2190-aeb9-78e3e150b00b" executionId="7778641d-455d-4cc6-b29c-4cee735ccd30" testListId="8c84fa94-04c1-424b-9868-57a2d4851a1d" />
    <TestEntry testId="dcbbeaa9-e8e4-7fc4-4202-c31cfa0a2356" executionId="44bd8d86-d9d1-4222-88e6-5d0ba2b0bb66" testListId="8c84fa94-04c1-424b-9868-57a2d4851a1d" />
    <TestEntry testId="1b35c96d-3503-3642-f460-ec108a601a23" executionId="15390ca6-0812-4ce9-8379-0e1d88456245" testListId="8c84fa94-04c1-424b-9868-57a2d4851a1d" />
    <TestEntry testId="75a03c35-ee62-94d4-b7e1-73fa3a012bb6" executionId="158afc4a-aa8e-491c-be94-25f7e69c9ad8" testListId="8c84fa94-04c1-424b-9868-57a2d4851a1d" />
    <TestEntry testId="b95ba2c6-6bdd-e7c3-6bf9-a13e36c71b64" executionId="68d1cafc-d57a-4093-8944-8bd9f368660c" testListId="8c84fa94-04c1-424b-9868-57a2d4851a1d" />
    <TestEntry testId="1f0ce369-a846-ff85-ad28-49ffb4cacb47" executionId="e8a76fe8-06b5-4193-bde6-e68dff12fcc8" testListId="8c84fa94-04c1-424b-9868-57a2d4851a1d" />
    <TestEntry testId="a222126a-0bc4-156a-67e5-d6bfe410cb10" executionId="091f947c-793e-44b7-8149-479fcbc11940" testListId="8c84fa94-04c1-424b-9868-57a2d4851a1d" />
    <TestEntry testId="53bb92b4-8123-4864-4981-3b9bf05b122a" executionId="3cfda770-38ff-4824-876d-55a5f7276c5c" testListId="8c84fa94-04c1-424b-9868-57a2d4851a1d" />
    <TestEntry testId="66e296b5-257f-384e-8ec6-e459694bc099" executionId="6623ddd0-d971-476f-8157-d6e4d6de2323" testListId="8c84fa94-04c1-424b-9868-57a2d4851a1d" />
    <TestEntry testId="9b9df5c4-ac1f-687a-8743-530e222364a1" executionId="b54f14b9-d29a-465f-95c0-68a812177964" testListId="8c84fa94-04c1-424b-9868-57a2d4851a1d" />
    <TestEntry testId="652e0c69-c7de-792b-da2f-5cb63a833d3c" executionId="09b7a349-b46f-4f93-ac83-b6b6bcad8a8d" testListId="8c84fa94-04c1-424b-9868-57a2d4851a1d" />
    <TestEntry testId="c01094ff-8b8e-79ac-7234-50131d524627" executionId="f482f29d-3248-4f15-9cca-c9cf2aafbe23" testListId="8c84fa94-04c1-424b-9868-57a2d4851a1d" />
    <TestEntry testId="aee2cb27-63f5-026c-1dec-a424ba76f6b0" executionId="6de57765-c153-44c2-94ee-0d347b920e1e" testListId="8c84fa94-04c1-424b-9868-57a2d4851a1d" />
    <TestEntry testId="424d850d-59b2-3bdf-a9a5-7ffbdde0a011" executionId="393facbd-b5cc-43f6-8b1c-9ab020fe559a" testListId="8c84fa94-04c1-424b-9868-57a2d4851a1d" />
    <TestEntry testId="874fb058-d459-71f6-7f28-264ff1842a7b" executionId="7c3396c3-20b1-4f3a-bb3f-ca74f1477316" testListId="8c84fa94-04c1-424b-9868-57a2d4851a1d" />
    <TestEntry testId="11c49146-971a-8022-58c8-ad28e7cf0573" executionId="17fa4587-03eb-46ef-bcea-e03919048d58" testListId="8c84fa94-04c1-424b-9868-57a2d4851a1d" />
    <TestEntry testId="3509a51a-9506-3a6c-aa40-072e733eab5c" executionId="ac78c97c-caa9-4bd0-af58-d7f40b550a18" testListId="8c84fa94-04c1-424b-9868-57a2d4851a1d" />
    <TestEntry testId="a1508e5b-b7e0-713a-e15c-9cf9da9bc7a0" executionId="ab2545e4-3935-4e68-87a0-898d2afa1078" testListId="8c84fa94-04c1-424b-9868-57a2d4851a1d" />
    <TestEntry testId="0c64b581-38a4-caff-299e-f356f8d99811" executionId="ec780bf4-e5b9-4b81-9ead-0622f330a0e5" testListId="8c84fa94-04c1-424b-9868-57a2d4851a1d" />
    <TestEntry testId="b88b2309-9255-236b-c47c-da5f68e4cad0" executionId="df9f670a-f749-4fe2-a5da-41dedb6462f6" testListId="8c84fa94-04c1-424b-9868-57a2d4851a1d" />
    <TestEntry testId="6f0b8c98-8588-07f7-166d-268e8ae0533d" executionId="8e94aac8-5006-4600-980e-8acde9d26468" testListId="8c84fa94-04c1-424b-9868-57a2d4851a1d" />
    <TestEntry testId="2c74afdc-bea1-9c06-212b-c70212a9f1d4" executionId="cfee58ac-797d-408a-9feb-336d3ef58631" testListId="8c84fa94-04c1-424b-9868-57a2d4851a1d" />
    <TestEntry testId="585e2002-8755-95f2-a9ec-6b79daa0b869" executionId="42d0e58c-2372-4461-834c-b4f5fd526189" testListId="8c84fa94-04c1-424b-9868-57a2d4851a1d" />
    <TestEntry testId="75145f8e-0455-b248-30a8-e0ed6e4ecd17" executionId="524559db-da0b-4bc9-931a-f2573d8fc21b" testListId="8c84fa94-04c1-424b-9868-57a2d4851a1d" />
    <TestEntry testId="6c5d1332-af3b-91c1-59bc-8fe9b87ba72d" executionId="4531cd8f-158d-4ef6-8979-907e6b9c8888" testListId="8c84fa94-04c1-424b-9868-57a2d4851a1d" />
    <TestEntry testId="b8692529-639e-0a48-d506-beeb3b242f4b" executionId="043be155-c616-4b77-8d26-b5ba16ee3b3a" testListId="8c84fa94-04c1-424b-9868-57a2d4851a1d" />
    <TestEntry testId="134754e0-c445-e969-35d8-c17e9cb798f9" executionId="f3a183c0-d56b-44e9-844d-61916e6777b0" testListId="8c84fa94-04c1-424b-9868-57a2d4851a1d" />
    <TestEntry testId="a97654da-5e07-39e0-b469-69e6b597d6b0" executionId="fca10c34-f321-4c21-9583-abba6b2dd306" testListId="8c84fa94-04c1-424b-9868-57a2d4851a1d" />
    <TestEntry testId="ea347c4f-af5a-5f96-7af2-0ce648034b9f" executionId="6d3ab1d0-819a-44bf-8c4b-095cb49225e0" testListId="8c84fa94-04c1-424b-9868-57a2d4851a1d" />
    <TestEntry testId="350c0104-75ee-9274-4375-18df5781cfd1" executionId="5c070f4e-541c-4b64-b86c-d894339e068b" testListId="8c84fa94-04c1-424b-9868-57a2d4851a1d" />
    <TestEntry testId="1d85d0e8-8781-260e-9ed2-e40595d46c9f" executionId="9ad79d45-9fc4-468c-a052-c20bada79ae4" testListId="8c84fa94-04c1-424b-9868-57a2d4851a1d" />
    <TestEntry testId="1ecd105e-2dcb-d94c-5f8d-c4ecd1569d10" executionId="09fb1730-665f-48a0-9198-51d062f1ee41" testListId="8c84fa94-04c1-424b-9868-57a2d4851a1d" />
    <TestEntry testId="94f1ccd6-2121-5005-43d8-710e8c3b75fd" executionId="2ed7fd2e-4843-45c7-8ebd-bfd960ea0e5b" testListId="8c84fa94-04c1-424b-9868-57a2d4851a1d" />
    <TestEntry testId="898e84ca-52b2-d7b4-f355-dab1d051561f" executionId="ede4789b-3260-425c-b48e-b0c5e3d8028b" testListId="8c84fa94-04c1-424b-9868-57a2d4851a1d" />
    <TestEntry testId="75093d28-afc2-dcbc-1e64-b17e205f8071" executionId="554dbb14-10c0-4402-8f5f-4f0d197b4716" testListId="8c84fa94-04c1-424b-9868-57a2d4851a1d" />
    <TestEntry testId="257cf2f0-17f1-f096-f603-e5f4a87a7a66" executionId="d765abb3-ae8f-4200-a7ae-00c6f8dbe9da" testListId="8c84fa94-04c1-424b-9868-57a2d4851a1d" />
    <TestEntry testId="9715e153-c64f-2ff6-9d3f-d357619df217" executionId="99a50702-d673-4e7d-a0f4-afa8089cf882" testListId="8c84fa94-04c1-424b-9868-57a2d4851a1d" />
    <TestEntry testId="68c60ae4-795d-f7b2-0ddd-0853c559d68d" executionId="1598ff7e-5acd-4799-8096-6b1822620bda" testListId="8c84fa94-04c1-424b-9868-57a2d4851a1d" />
    <TestEntry testId="ad872773-ffb1-b6b0-ead4-dcdd8501a927" executionId="285de918-fad1-481f-a2cf-d8e3fc7b4e85" testListId="8c84fa94-04c1-424b-9868-57a2d4851a1d" />
    <TestEntry testId="b76fa9ce-3932-58b8-1089-79062413d8f0" executionId="f2e4c9a9-d027-4644-b01a-f9ae9b3d5e0f" testListId="8c84fa94-04c1-424b-9868-57a2d4851a1d" />
    <TestEntry testId="582181db-ae03-28f2-7a66-c23be8ad57d6" executionId="e3579f15-18be-4592-9335-b9f07a5e4230" testListId="8c84fa94-04c1-424b-9868-57a2d4851a1d" />
    <TestEntry testId="af08d03d-ec36-120e-ae6b-f661270ea5d2" executionId="e2ed73e9-1b7f-4121-9935-90914246ffab" testListId="8c84fa94-04c1-424b-9868-57a2d4851a1d" />
    <TestEntry testId="be2f73ac-4a3f-8988-554f-912985cbd633" executionId="aa5968b2-eb5d-4019-8f8b-aee3126341f9" testListId="8c84fa94-04c1-424b-9868-57a2d4851a1d" />
    <TestEntry testId="6706d411-8cf1-f762-631a-95a0ad7cba2a" executionId="381a8918-775d-47ed-8699-a1cd3a9e5774" testListId="8c84fa94-04c1-424b-9868-57a2d4851a1d" />
    <TestEntry testId="f9a2b92a-d1c8-03c1-1004-54d544c6ff74" executionId="b176afec-54c3-4885-af8f-bfa2f4a0aa17" testListId="8c84fa94-04c1-424b-9868-57a2d4851a1d" />
    <TestEntry testId="2fb9a74d-c291-8fa6-00a3-37dde4e921f9" executionId="c60979b0-c5b5-48a6-9caa-161a7d70bc64" testListId="8c84fa94-04c1-424b-9868-57a2d4851a1d" />
    <TestEntry testId="2394a7b7-06f6-8e31-4cff-ec678de5dfbb" executionId="3c31c19e-d2eb-4127-908e-3580162915b7" testListId="8c84fa94-04c1-424b-9868-57a2d4851a1d" />
    <TestEntry testId="3fec8e3f-9699-85ec-6f9e-ca6647d23711" executionId="78db8c5b-8aa1-4cfb-8483-889b843f4900" testListId="8c84fa94-04c1-424b-9868-57a2d4851a1d" />
    <TestEntry testId="ad8a643c-35da-9049-8612-6bdc5d70646a" executionId="3e7ae416-9e6c-4c4c-98a1-a16bf1f6c28d" testListId="8c84fa94-04c1-424b-9868-57a2d4851a1d" />
    <TestEntry testId="4253ed18-a2a7-1788-0d1b-413834040b11" executionId="f508d26d-5f53-49d0-9dc2-320e94e0f8c1" testListId="8c84fa94-04c1-424b-9868-57a2d4851a1d" />
    <TestEntry testId="338a195f-2c39-6b8b-d9ad-b68c001e358f" executionId="80b9be3b-470c-4821-b3cd-6f7b1cb9891a" testListId="8c84fa94-04c1-424b-9868-57a2d4851a1d" />
    <TestEntry testId="9d8d570c-a692-dd03-4204-ed158bb865f2" executionId="99cce5cc-0854-4e42-bed0-e73fe66cbe3a" testListId="8c84fa94-04c1-424b-9868-57a2d4851a1d" />
    <TestEntry testId="cd56fb93-0eed-d776-b4a6-7b72246fd8a6" executionId="99a78a46-cf55-4489-8573-62569688b4fa" testListId="8c84fa94-04c1-424b-9868-57a2d4851a1d" />
    <TestEntry testId="860e6e1e-f978-c906-7cf5-a51951f71e12" executionId="dbc8dddf-4fcc-4aca-a09f-a2ca8fb55eed" testListId="8c84fa94-04c1-424b-9868-57a2d4851a1d" />
    <TestEntry testId="2c176343-2ae4-d7de-fa6b-eec7318e8490" executionId="e8dc6ce0-adc0-4fa3-862d-c07a842bbf37" testListId="8c84fa94-04c1-424b-9868-57a2d4851a1d" />
    <TestEntry testId="14ed280b-e0d1-ac05-a52b-80f44809c7e5" executionId="718e0b64-1938-4cba-93f4-0a7600d31f07" testListId="8c84fa94-04c1-424b-9868-57a2d4851a1d" />
    <TestEntry testId="722d9eec-0ab4-46ca-c561-68fe91ad8831" executionId="de083e18-9146-489a-84f4-916cda9452d0" testListId="8c84fa94-04c1-424b-9868-57a2d4851a1d" />
    <TestEntry testId="d35d9174-3024-2cb1-9f52-4e964b2e5d27" executionId="56b55b85-8c9d-4c10-aac5-f4832c70493a" testListId="8c84fa94-04c1-424b-9868-57a2d4851a1d" />
    <TestEntry testId="b9612d27-d96d-4885-bd23-09fc7118f418" executionId="67a9119e-ef49-42d0-9092-313228a658e6" testListId="8c84fa94-04c1-424b-9868-57a2d4851a1d" />
    <TestEntry testId="0cdeff38-5fa8-db73-cd08-612bf167b15b" executionId="2512da25-5534-495b-b59c-b2ec50b10e53" testListId="8c84fa94-04c1-424b-9868-57a2d4851a1d" />
    <TestEntry testId="e81bf28d-1d67-5144-faff-39e857f5365a" executionId="e83d2378-3841-4df0-806e-0c7ae0b94310" testListId="8c84fa94-04c1-424b-9868-57a2d4851a1d" />
    <TestEntry testId="046311e7-00c1-ef6d-f09a-d62fc09a26ed" executionId="8526fea1-b370-4b7b-b45a-9280f5a7b90c" testListId="8c84fa94-04c1-424b-9868-57a2d4851a1d" />
    <TestEntry testId="1b1c96a6-b8c1-c201-3b0f-d6f5700369b2" executionId="cd4b0b7d-ffa0-46bd-8ae2-0f1e9c750fd9" testListId="8c84fa94-04c1-424b-9868-57a2d4851a1d" />
    <TestEntry testId="24aeb25f-b6c2-eb3a-e230-1fad8652d704" executionId="7ac7d10c-6b51-41b0-893b-0344c0bb5e0f" testListId="8c84fa94-04c1-424b-9868-57a2d4851a1d" />
    <TestEntry testId="54c0c21f-ed1b-2af3-77f7-54ea00863b1c" executionId="df9b09a3-69e3-45c8-85ca-221be6b1647a" testListId="8c84fa94-04c1-424b-9868-57a2d4851a1d" />
    <TestEntry testId="37b7d620-ba49-b91e-8675-23dcbd72253a" executionId="37961f30-06c0-491d-a46f-ca266a4fe107" testListId="8c84fa94-04c1-424b-9868-57a2d4851a1d" />
    <TestEntry testId="2c7b457d-328f-f734-f24b-2c2c8c1db3bc" executionId="5b403d43-f1ac-4f15-840f-db7fb3147090" testListId="8c84fa94-04c1-424b-9868-57a2d4851a1d" />
    <TestEntry testId="eddbc32c-5ae9-6e27-1da2-1af9dc211e1d" executionId="457f7d50-7801-4a12-96ce-921a95155dcf" testListId="8c84fa94-04c1-424b-9868-57a2d4851a1d" />
    <TestEntry testId="93e4a723-abf2-7296-c980-e896e8dda35e" executionId="77dbe199-6e34-4183-8cca-3a46a5706150" testListId="8c84fa94-04c1-424b-9868-57a2d4851a1d" />
    <TestEntry testId="fc81f98e-fdf1-98e3-0f80-614f002dc04c" executionId="5c6a97eb-724b-4538-b81d-3f88571cca65" testListId="8c84fa94-04c1-424b-9868-57a2d4851a1d" />
    <TestEntry testId="56664e51-8a57-337b-0f92-b756a8f3bab6" executionId="1ac63cc4-2d27-4151-a83a-1da190b1433a" testListId="8c84fa94-04c1-424b-9868-57a2d4851a1d" />
    <TestEntry testId="b4286873-47af-f3c2-5fa5-1bbf4bab42bb" executionId="0e62fffc-f767-4827-b00f-85438ad0b25a" testListId="8c84fa94-04c1-424b-9868-57a2d4851a1d" />
    <TestEntry testId="a6de70da-8b03-e5d6-e50f-ff3c496e3221" executionId="adfd3346-5c92-42ea-bc3d-e01e069bc90f" testListId="8c84fa94-04c1-424b-9868-57a2d4851a1d" />
    <TestEntry testId="13131b13-639a-5807-c874-cdd3aa66cf32" executionId="5d887ccb-e679-46a6-96c5-89c8283b762d" testListId="8c84fa94-04c1-424b-9868-57a2d4851a1d" />
    <TestEntry testId="c572b7bd-5e96-7829-9221-aa192cce769e" executionId="b184763e-9bdb-4e2c-b976-6c95c8e5d889" testListId="8c84fa94-04c1-424b-9868-57a2d4851a1d" />
    <TestEntry testId="3e63c740-e191-e5df-c5a2-bb5eb679c233" executionId="39620444-afbd-4687-bdf8-c8a9b263f297" testListId="8c84fa94-04c1-424b-9868-57a2d4851a1d" />
    <TestEntry testId="d2131bb2-ad92-b7d1-d3a3-b98c60e9ed91" executionId="6fc858f5-443d-4ccb-adb1-6a7ef52fa8dc" testListId="8c84fa94-04c1-424b-9868-57a2d4851a1d" />
    <TestEntry testId="4fe26442-d718-6d01-8cf8-76e1e758a998" executionId="94a9660a-d608-4bc7-a8f8-635ef02c5568" testListId="8c84fa94-04c1-424b-9868-57a2d4851a1d" />
    <TestEntry testId="e03a47bb-30de-67b9-989a-670956feb5c4" executionId="b5df7596-3dc6-4a27-978d-6e76b83fe906" testListId="8c84fa94-04c1-424b-9868-57a2d4851a1d" />
    <TestEntry testId="54c3cb7c-2822-846e-42e4-23ede85ae7b9" executionId="e8967c48-968c-4323-be19-d7162389b635" testListId="8c84fa94-04c1-424b-9868-57a2d4851a1d" />
    <TestEntry testId="afa616d9-414a-d726-c2ae-2716e8be02af" executionId="7b13192d-1383-4869-a947-629918fa30ee" testListId="8c84fa94-04c1-424b-9868-57a2d4851a1d" />
    <TestEntry testId="d097418a-284a-0f48-b120-88f843d12853" executionId="f9f19143-eb75-4f00-8b68-7760fe180232" testListId="8c84fa94-04c1-424b-9868-57a2d4851a1d" />
    <TestEntry testId="1d9cbc37-070f-fd8e-71a3-88a4d86979c3" executionId="4f9c61f5-7cae-444a-a301-b02775ff8e01" testListId="8c84fa94-04c1-424b-9868-57a2d4851a1d" />
    <TestEntry testId="ac768ee7-b9a1-a822-a15e-d21c960fee16" executionId="181beaf5-07df-4faa-890c-a68fc63e9262" testListId="8c84fa94-04c1-424b-9868-57a2d4851a1d" />
    <TestEntry testId="6eea6688-c562-2d57-43e8-db5123d547c4" executionId="5340afca-0276-4504-8091-be83e3501068" testListId="8c84fa94-04c1-424b-9868-57a2d4851a1d" />
    <TestEntry testId="5acbb9da-93ae-c12d-c335-8bbbd2b53611" executionId="4e45bf61-a118-4225-bbb8-b2e3fa3360c4" testListId="8c84fa94-04c1-424b-9868-57a2d4851a1d" />
    <TestEntry testId="0e018444-eb66-48a3-4c38-0d19c6a941fa" executionId="d9979bb6-81fa-4fd3-84b3-7e644d5e2e5f" testListId="8c84fa94-04c1-424b-9868-57a2d4851a1d" />
    <TestEntry testId="4399ec1d-2c9d-f6f6-8e33-880ef9e97bed" executionId="782f8b67-8567-460e-b65f-4d70dbc866e5" testListId="8c84fa94-04c1-424b-9868-57a2d4851a1d" />
    <TestEntry testId="fddc68b9-38b3-f313-9510-e8e9def595c4" executionId="bc9a8ea5-7829-4274-9b0d-61d7dcc10f73" testListId="8c84fa94-04c1-424b-9868-57a2d4851a1d" />
    <TestEntry testId="f333f71a-0e07-3c5a-f7fc-8c8e0562fb78" executionId="089f4d7a-4d26-4861-8e30-f095175940c4" testListId="8c84fa94-04c1-424b-9868-57a2d4851a1d" />
    <TestEntry testId="cf980ff0-658a-cea3-568e-ae6607f09bd5" executionId="02b915bc-1231-4275-8aba-7399d198667b" testListId="8c84fa94-04c1-424b-9868-57a2d4851a1d" />
    <TestEntry testId="4799bfb0-c70d-907b-5842-639add0089be" executionId="b0245ac7-180d-41ce-a2c4-d2af9f2eae38" testListId="8c84fa94-04c1-424b-9868-57a2d4851a1d" />
    <TestEntry testId="5d5cb737-2ea3-b37c-74d8-eefd4d68fec6" executionId="1fe8f309-8aa1-4245-afbe-d541abe9c95b" testListId="8c84fa94-04c1-424b-9868-57a2d4851a1d" />
    <TestEntry testId="197baa87-69c6-9254-8ebc-832756747901" executionId="7ed9b910-aa87-421c-9c2e-72193b84732b" testListId="8c84fa94-04c1-424b-9868-57a2d4851a1d" />
    <TestEntry testId="2ab3c9d9-d100-821a-7e89-307c50783177" executionId="e5d91caa-97aa-421a-b276-63883efe7663" testListId="8c84fa94-04c1-424b-9868-57a2d4851a1d" />
    <TestEntry testId="549fe4d6-0246-94be-ca82-d07edb107e05" executionId="a97c97e7-171c-44ca-a165-f88c27972ebf" testListId="8c84fa94-04c1-424b-9868-57a2d4851a1d" />
    <TestEntry testId="5e64e319-d992-561d-8412-0461abee9d0b" executionId="2b4c3493-84f6-4f0f-bc79-b449a802419a" testListId="8c84fa94-04c1-424b-9868-57a2d4851a1d" />
    <TestEntry testId="c7e5d5e9-661c-276b-e145-65420ac61563" executionId="7e88f5fc-7ef6-4cfa-82b1-d51cbfbffb7f" testListId="8c84fa94-04c1-424b-9868-57a2d4851a1d" />
    <TestEntry testId="e35af84d-5253-a0b3-676b-d8c1702fd0f7" executionId="0f2150b6-4102-4693-8669-c795a1908260" testListId="8c84fa94-04c1-424b-9868-57a2d4851a1d" />
    <TestEntry testId="8a636da5-22db-276f-fd70-904a4559cd55" executionId="5e126f10-fc98-46b7-ae54-35b672cfb056" testListId="8c84fa94-04c1-424b-9868-57a2d4851a1d" />
    <TestEntry testId="edf2c8a0-6d40-88f3-48ea-7c49d85edc7b" executionId="a45339a9-34c6-499f-b3cd-c18255a019f2" testListId="8c84fa94-04c1-424b-9868-57a2d4851a1d" />
    <TestEntry testId="6ce42f26-15a1-aba4-5c4e-9513306aaa1b" executionId="3f773a7e-713e-41e6-ae86-e1be0f8464cb" testListId="8c84fa94-04c1-424b-9868-57a2d4851a1d" />
    <TestEntry testId="1a64560e-6964-f5f3-5442-f6f38b03cc18" executionId="841af8f1-8cb0-4c86-a233-317dd3757838" testListId="8c84fa94-04c1-424b-9868-57a2d4851a1d" />
    <TestEntry testId="323c1e95-295f-2abd-382b-8461123241f1" executionId="2c8f4d0a-badf-4a1a-8465-d34faf717558" testListId="8c84fa94-04c1-424b-9868-57a2d4851a1d" />
    <TestEntry testId="0d1a5cb9-1901-53db-c399-c908262a6a8d" executionId="6c85d493-5711-4812-8df5-8ce7d8965ef5" testListId="8c84fa94-04c1-424b-9868-57a2d4851a1d" />
    <TestEntry testId="2a2a2615-0585-1266-11cf-6b74cf7aa87e" executionId="8671124b-622f-40f0-b46c-f8ac9abcae61" testListId="8c84fa94-04c1-424b-9868-57a2d4851a1d" />
    <TestEntry testId="70e36072-81c2-7190-db47-935bbfedb920" executionId="2317bc22-13bf-4e1a-a736-3e9ecbc13d96" testListId="8c84fa94-04c1-424b-9868-57a2d4851a1d" />
    <TestEntry testId="1f9ff2ea-de1d-1069-20f3-d4507fda1972" executionId="90aeaa3c-8dce-41b9-9895-6624c8f30104" testListId="8c84fa94-04c1-424b-9868-57a2d4851a1d" />
    <TestEntry testId="6d227c01-5ef3-195c-1f2c-d26a9beb98a5" executionId="d19ca807-2964-4ab9-8d8d-44a87ab20be4" testListId="8c84fa94-04c1-424b-9868-57a2d4851a1d" />
    <TestEntry testId="17fc8860-2b38-4ff9-4cd1-df0ba112a282" executionId="d2b59991-17d2-408c-8591-f15aa72c165f" testListId="8c84fa94-04c1-424b-9868-57a2d4851a1d" />
    <TestEntry testId="f0e6cec2-f5ab-7a25-7a3c-b2ab816b90b0" executionId="0c666950-b490-4f21-9b16-24d935115ab2" testListId="8c84fa94-04c1-424b-9868-57a2d4851a1d" />
    <TestEntry testId="6d38dc57-e716-1916-fa31-eb339b7781ce" executionId="74c37c51-99cd-492b-a805-f60a4e2e5f73" testListId="8c84fa94-04c1-424b-9868-57a2d4851a1d" />
    <TestEntry testId="6247ab59-74eb-cf84-482a-a583f6e11e0c" executionId="36ab28cd-1a2a-4ffd-adf6-e59c56b06f69" testListId="8c84fa94-04c1-424b-9868-57a2d4851a1d" />
    <TestEntry testId="ba974f5f-9411-20b3-a2dc-bb1aa9a6b6b6" executionId="e2231695-2a9c-4e9e-a5c1-c7ff2a2eca20" testListId="8c84fa94-04c1-424b-9868-57a2d4851a1d" />
    <TestEntry testId="75fbe025-64e2-7254-74f6-abca888227d1" executionId="340d7f92-48a4-4127-bd04-6fbbf2f92c80" testListId="8c84fa94-04c1-424b-9868-57a2d4851a1d" />
    <TestEntry testId="9dc2f839-86a3-d3c2-71cd-8f639f6b00a4" executionId="e3382f3b-3cd4-4e0e-8959-8e7298a4257c" testListId="8c84fa94-04c1-424b-9868-57a2d4851a1d" />
    <TestEntry testId="a8b2ad7f-d16a-06bb-ce68-4f9c44900dc6" executionId="a71d4fb5-99c7-4b2a-be65-6f1bf946d686" testListId="8c84fa94-04c1-424b-9868-57a2d4851a1d" />
    <TestEntry testId="feb30980-9ed1-4c3c-52d8-e49bb0409ac3" executionId="d346f2a1-861f-4970-9276-126ec4e4109e" testListId="8c84fa94-04c1-424b-9868-57a2d4851a1d" />
    <TestEntry testId="c76877d1-d4d5-fd49-62f3-8d22b1b0fc75" executionId="dbc3e89c-bfcf-4464-a3f8-86c0f50dbafe" testListId="8c84fa94-04c1-424b-9868-57a2d4851a1d" />
    <TestEntry testId="343b2b64-0be3-4bf7-adf7-59ae0dcb4692" executionId="1ca5023a-6e7c-46fb-a736-8381fae06ab5" testListId="8c84fa94-04c1-424b-9868-57a2d4851a1d" />
    <TestEntry testId="acfe2752-9929-f7a5-f06b-9a3f6d2df54f" executionId="edfeb887-b01a-4ec5-acfa-834a02fc975c" testListId="8c84fa94-04c1-424b-9868-57a2d4851a1d" />
    <TestEntry testId="725da74e-2346-5830-4c52-cfe52338caef" executionId="911f0630-a6c5-4957-b8da-4256c88eca74" testListId="8c84fa94-04c1-424b-9868-57a2d4851a1d" />
    <TestEntry testId="abd55ea4-f6a3-38da-3aa2-cfee7dc0596c" executionId="30b933cf-c5bf-4c8f-9136-f1acab07ee45" testListId="8c84fa94-04c1-424b-9868-57a2d4851a1d" />
    <TestEntry testId="9384124d-6144-2e47-91ea-db45b3627c9a" executionId="324bb65c-2105-4c77-b76e-edaeea97e587" testListId="8c84fa94-04c1-424b-9868-57a2d4851a1d" />
    <TestEntry testId="42ad3664-86e7-20f3-acc9-bcaa9b7564d1" executionId="2f79dff5-9ff6-4b6c-a94a-144c9d50da1d" testListId="8c84fa94-04c1-424b-9868-57a2d4851a1d" />
    <TestEntry testId="3e2d5ffd-cdb1-47e2-9eb1-edf9fd7fb46d" executionId="fd454b77-e7c8-470c-b766-63acf272ce6b" testListId="8c84fa94-04c1-424b-9868-57a2d4851a1d" />
    <TestEntry testId="70996f40-1fc9-1245-1717-ca1f3cbfb6ac" executionId="81df0f31-772b-4a46-9152-d5731016b028" testListId="8c84fa94-04c1-424b-9868-57a2d4851a1d" />
    <TestEntry testId="3e70b084-5656-d633-3a88-af533ceb55dd" executionId="1a7baba4-fd25-455a-9b9c-e4af4db6a823" testListId="8c84fa94-04c1-424b-9868-57a2d4851a1d" />
    <TestEntry testId="0585b760-df55-b1f8-64b7-3a68e2bec584" executionId="d638b4b5-dc6d-45c5-b2f7-746a09992228" testListId="8c84fa94-04c1-424b-9868-57a2d4851a1d" />
    <TestEntry testId="3a4137d2-5af2-1a66-ab1f-681236e1f7e9" executionId="6bd6fb55-e09e-4131-a705-5da7ec66599f" testListId="8c84fa94-04c1-424b-9868-57a2d4851a1d" />
    <TestEntry testId="de2cc32a-0146-54ce-9e6b-d3aabc11ccf5" executionId="cb6325a8-13f6-4efd-9347-2bf020722976" testListId="8c84fa94-04c1-424b-9868-57a2d4851a1d" />
    <TestEntry testId="27419a8a-3663-5bd2-0ace-4a8da03cddaf" executionId="204e99e0-160d-4849-8363-9127f0e68dab" testListId="8c84fa94-04c1-424b-9868-57a2d4851a1d" />
    <TestEntry testId="5886e0ac-60e4-e8a0-59b9-173f39736232" executionId="9595fb16-f5a9-480d-b7fc-bb75ab7c9fec" testListId="8c84fa94-04c1-424b-9868-57a2d4851a1d" />
    <TestEntry testId="1830429d-a50e-f24b-1de0-c7821602f1c8" executionId="bb0e8ea6-1827-41c5-befd-4c4fc4d01ccc" testListId="8c84fa94-04c1-424b-9868-57a2d4851a1d" />
    <TestEntry testId="6a5b4741-e6cb-bd09-2b79-ec90fc784e12" executionId="909f3660-2966-4844-85aa-92c1848db7be" testListId="8c84fa94-04c1-424b-9868-57a2d4851a1d" />
    <TestEntry testId="d1267b9f-28dc-2cfc-8416-edad06813463" executionId="e7924cb2-e2c0-4012-9390-c375680eaefe" testListId="8c84fa94-04c1-424b-9868-57a2d4851a1d" />
    <TestEntry testId="719f80c9-bcdc-f6e8-1240-71ef24b45079" executionId="d1fdd10e-5c9c-4d1c-9b4a-e0a1416524ba" testListId="8c84fa94-04c1-424b-9868-57a2d4851a1d" />
    <TestEntry testId="c6d2604d-7793-5f04-808d-0a0653039d8d" executionId="216517f7-0245-4b24-a267-db0395739859" testListId="8c84fa94-04c1-424b-9868-57a2d4851a1d" />
    <TestEntry testId="92f6d237-149c-e18a-4244-5b7b84e809f3" executionId="2929ad43-41aa-4b0f-87f1-891027e6da54" testListId="8c84fa94-04c1-424b-9868-57a2d4851a1d" />
    <TestEntry testId="a10509ab-f6fe-317e-d36d-69ea64c44be3" executionId="53d0fdfa-a12d-49cd-8cf6-fc1d918d4962" testListId="8c84fa94-04c1-424b-9868-57a2d4851a1d" />
    <TestEntry testId="840d7e9b-a2ca-f306-6a5e-c780c2ea8bbc" executionId="bd45f65b-77e7-4368-aa82-c5a507c3f91c" testListId="8c84fa94-04c1-424b-9868-57a2d4851a1d" />
    <TestEntry testId="84b2bd28-ee06-f48d-2e7d-0466ff313383" executionId="3bbf12c7-1326-40ad-8d45-9f4e1ae747b2" testListId="8c84fa94-04c1-424b-9868-57a2d4851a1d" />
    <TestEntry testId="5373db25-0e0f-9f54-026a-a5838164bd0a" executionId="4fe57fea-9144-43cc-8aae-48c4e3d46e5e" testListId="8c84fa94-04c1-424b-9868-57a2d4851a1d" />
    <TestEntry testId="a30d82e3-d5db-d2a0-02c3-1f769a14f7a4" executionId="e91b0690-e581-4483-a73c-a73551ccdfe7" testListId="8c84fa94-04c1-424b-9868-57a2d4851a1d" />
    <TestEntry testId="e13b8db9-dc87-e9c1-3e6a-5c36a8c2318f" executionId="de3ac70c-4040-43f6-b8b2-9aa24dae0032" testListId="8c84fa94-04c1-424b-9868-57a2d4851a1d" />
    <TestEntry testId="31d2aefd-e947-37df-b8f1-8e0d6dcc3845" executionId="daf71ac5-e022-4cbc-b4fd-62cb328dfb09" testListId="8c84fa94-04c1-424b-9868-57a2d4851a1d" />
    <TestEntry testId="dba05cc8-439b-0f64-7bd1-fd8fe74dca4b" executionId="0bc3b328-5502-4c30-87d1-eafdcb793583" testListId="8c84fa94-04c1-424b-9868-57a2d4851a1d" />
    <TestEntry testId="31f79dc2-9bca-ec9b-2795-435b2b714967" executionId="cb88d762-89e3-46e8-9ca2-46d469084afc" testListId="8c84fa94-04c1-424b-9868-57a2d4851a1d" />
    <TestEntry testId="ea54672f-d80d-e87d-2113-75f571b1f270" executionId="ce9bf60c-65f2-4793-a332-78c7a33cbdbf" testListId="8c84fa94-04c1-424b-9868-57a2d4851a1d" />
    <TestEntry testId="58683d2f-19fa-251e-90dc-e7c7a4170567" executionId="ec4d31be-f473-405e-9935-5372df423178" testListId="8c84fa94-04c1-424b-9868-57a2d4851a1d" />
    <TestEntry testId="24f9ee2c-b14d-9e29-5425-8dd2572fa7c4" executionId="5c54b605-ab9c-45f8-8fd3-0fad2dd397ec" testListId="8c84fa94-04c1-424b-9868-57a2d4851a1d" />
    <TestEntry testId="df4ff3c1-650e-910f-5097-47f4252b8b5e" executionId="73789e89-b14e-47e4-94f0-7d3ac4dd8847" testListId="8c84fa94-04c1-424b-9868-57a2d4851a1d" />
    <TestEntry testId="9a790be3-4e58-f6d5-ba0a-28c4f994c0b7" executionId="e8e9d26a-6c5f-40a5-8bf9-516c288d7dca" testListId="8c84fa94-04c1-424b-9868-57a2d4851a1d" />
    <TestEntry testId="462588c4-f379-0c6a-74ed-ba455d85852e" executionId="381de37b-212a-4f14-93b2-e1bdf1ff0293" testListId="8c84fa94-04c1-424b-9868-57a2d4851a1d" />
    <TestEntry testId="156b4fa6-3984-821f-9411-f6545248be61" executionId="aaafb3d7-7658-4fd0-b6b9-f59a9d69f832" testListId="8c84fa94-04c1-424b-9868-57a2d4851a1d" />
    <TestEntry testId="cc624a1a-7f69-5930-0aad-f31365ddf34a" executionId="184aefc0-fa38-4b6b-8b6e-df45b7ebb1d3" testListId="8c84fa94-04c1-424b-9868-57a2d4851a1d" />
    <TestEntry testId="cf1d76bd-7090-076c-6692-f1dc7942f270" executionId="579e9768-8eab-4ec8-a071-b5f965de32ed" testListId="8c84fa94-04c1-424b-9868-57a2d4851a1d" />
    <TestEntry testId="f393049b-fe76-1e12-208d-2ed18ae35e2b" executionId="89733958-e8dd-4cee-af1e-f8eb0c47ab02" testListId="8c84fa94-04c1-424b-9868-57a2d4851a1d" />
    <TestEntry testId="8fa917f0-e0d5-1266-3777-8f39996fe500" executionId="37bac9cd-77a9-432b-8385-d58701e13115" testListId="8c84fa94-04c1-424b-9868-57a2d4851a1d" />
    <TestEntry testId="22a6dc78-fbc2-b014-461f-87e2386d6269" executionId="700304bd-794b-4a25-826e-aab4fc5a49ff" testListId="8c84fa94-04c1-424b-9868-57a2d4851a1d" />
    <TestEntry testId="27cd4120-ea1b-2625-e99e-bbb925727055" executionId="52cab401-1122-451e-85b0-70b87f9f7718" testListId="8c84fa94-04c1-424b-9868-57a2d4851a1d" />
    <TestEntry testId="26f9e5d4-5858-646c-c437-55028eedaaf3" executionId="2dde55be-e5e0-451e-9366-1a231fed1c05" testListId="8c84fa94-04c1-424b-9868-57a2d4851a1d" />
    <TestEntry testId="743c4efa-12f6-d52f-0129-8d1b422eba8f" executionId="b4a50ade-de91-47dd-b583-61dd95c6cb62" testListId="8c84fa94-04c1-424b-9868-57a2d4851a1d" />
    <TestEntry testId="22305020-6199-e54c-ad68-f1aadfca8210" executionId="6284efbc-cd87-4056-be23-9793cf64397e" testListId="8c84fa94-04c1-424b-9868-57a2d4851a1d" />
    <TestEntry testId="dd8694ec-fc30-7bec-b122-aa378591b358" executionId="ddd4640b-9ce4-409e-85a6-12dd087fae1a" testListId="8c84fa94-04c1-424b-9868-57a2d4851a1d" />
    <TestEntry testId="4d978fde-d2e4-7575-3eed-9dc58ed9998c" executionId="e6d8d7f7-1246-4a18-9af5-922451637fd1" testListId="8c84fa94-04c1-424b-9868-57a2d4851a1d" />
    <TestEntry testId="2b4dbf29-e6af-2960-d730-081d563f6630" executionId="b86d6d66-902f-4282-af09-8818cdd9afe4" testListId="8c84fa94-04c1-424b-9868-57a2d4851a1d" />
    <TestEntry testId="9d170ca7-07b6-b2c8-0ded-d6e1bb43097c" executionId="d45da8e2-02e5-48ff-85ac-740081a4c427" testListId="8c84fa94-04c1-424b-9868-57a2d4851a1d" />
    <TestEntry testId="850c56f6-ec9e-0b01-b9be-31c9b8aac49f" executionId="e23d3e52-1c39-462d-8b6e-c6f6a09242de" testListId="8c84fa94-04c1-424b-9868-57a2d4851a1d" />
    <TestEntry testId="3f6a259a-e1b2-b047-675c-86a55ef507cd" executionId="f2c482d3-7d52-4d7a-aa27-a5b93cd85f3f" testListId="8c84fa94-04c1-424b-9868-57a2d4851a1d" />
    <TestEntry testId="bcc7d418-2829-7a12-ef40-28fb4ce007aa" executionId="fa9cf86c-0c81-477a-9353-85f909022352" testListId="8c84fa94-04c1-424b-9868-57a2d4851a1d" />
    <TestEntry testId="5efb6865-8b6b-60bf-8eaf-eaa558141503" executionId="5b535c01-e13f-4a0d-a0ff-5e620d47397a" testListId="8c84fa94-04c1-424b-9868-57a2d4851a1d" />
    <TestEntry testId="6ccb17ad-4b69-52f4-3d64-f02851102017" executionId="67f0f919-ddc1-414a-8c8d-34321dbc56e9" testListId="8c84fa94-04c1-424b-9868-57a2d4851a1d" />
    <TestEntry testId="56117679-a60b-55ff-9cc5-bd989b95e2a3" executionId="c38ae88e-f79f-4b63-ba92-536c13a61551" testListId="8c84fa94-04c1-424b-9868-57a2d4851a1d" />
    <TestEntry testId="2dd8d6a2-00d9-80fa-20cd-56a988793cbb" executionId="6f35089b-fb9a-4d2c-9631-0399875bf7d6" testListId="8c84fa94-04c1-424b-9868-57a2d4851a1d" />
    <TestEntry testId="df997f73-3ae4-d044-e17e-3699e0991a68" executionId="e95ea3d5-5477-444b-a978-41c42c632bc3" testListId="8c84fa94-04c1-424b-9868-57a2d4851a1d" />
    <TestEntry testId="551670e8-c4e5-0f0a-9154-0d710f6e9517" executionId="df457a98-16e9-443b-b5a6-78c5804036ec" testListId="8c84fa94-04c1-424b-9868-57a2d4851a1d" />
    <TestEntry testId="8570fdae-a30e-700e-4461-5f4669654249" executionId="793c1b8d-0e70-4a32-a2d1-606d1e234b96" testListId="8c84fa94-04c1-424b-9868-57a2d4851a1d" />
    <TestEntry testId="ab8f770d-13cc-175d-1811-f6d3fd48a4fc" executionId="3d2e2380-d382-4261-909b-2715f8a65121" testListId="8c84fa94-04c1-424b-9868-57a2d4851a1d" />
    <TestEntry testId="e25121b3-b4d1-3721-64e9-8d8b5c315127" executionId="a01f4fa1-4f35-43ef-98c7-c8cb6b5c8c75" testListId="8c84fa94-04c1-424b-9868-57a2d4851a1d" />
    <TestEntry testId="a9942bf9-ad80-f9e6-0ebd-05117b305a07" executionId="b0df6c80-79ea-4f2b-a8d9-b4454a3b38d3" testListId="8c84fa94-04c1-424b-9868-57a2d4851a1d" />
    <TestEntry testId="ea4efef3-0f34-a49f-40d1-0a7ff0989172" executionId="5f878bcc-a2eb-4cd4-8fc9-8bb00a421ccf" testListId="8c84fa94-04c1-424b-9868-57a2d4851a1d" />
    <TestEntry testId="2b58c7ad-d6f1-b833-8ddd-93d42f9b19bc" executionId="7e5b812e-de82-45e1-ac0b-af04c69ca14a" testListId="8c84fa94-04c1-424b-9868-57a2d4851a1d" />
    <TestEntry testId="5ea7cb00-b892-f1fd-b62e-cc236ff5ad70" executionId="d3b63a42-2dff-46c3-80d3-a046abb5bd91" testListId="8c84fa94-04c1-424b-9868-57a2d4851a1d" />
    <TestEntry testId="25a5ab42-4069-42e8-44fe-e6aa176b4883" executionId="07c13b17-ca48-4702-9cef-9bd27ed4df20" testListId="8c84fa94-04c1-424b-9868-57a2d4851a1d" />
    <TestEntry testId="197237f7-590e-67dd-1857-7966b8744641" executionId="1300bde7-0021-45c1-a081-7a6fa6976ebb" testListId="8c84fa94-04c1-424b-9868-57a2d4851a1d" />
    <TestEntry testId="8a800ddd-8838-3308-4cf6-d393b15715b7" executionId="ace1cdec-c052-43f3-bda4-c79dc377b99c" testListId="8c84fa94-04c1-424b-9868-57a2d4851a1d" />
    <TestEntry testId="e9f1c1b3-1720-4319-f203-5b4b4c0ae31e" executionId="5a019fa3-a4cb-4301-8932-2e587d396dbd" testListId="8c84fa94-04c1-424b-9868-57a2d4851a1d" />
    <TestEntry testId="9f0539bf-ce45-b539-b660-e1feb45dcbd7" executionId="de4d97c1-fab9-4cb9-9881-678352174a3c" testListId="8c84fa94-04c1-424b-9868-57a2d4851a1d" />
    <TestEntry testId="1ca8cc07-4e6e-b881-0a4e-6e0b13bdb304" executionId="20c52caa-2906-4e64-817b-f66d60dcd7e4" testListId="8c84fa94-04c1-424b-9868-57a2d4851a1d" />
    <TestEntry testId="99040f86-22f7-5e2f-b0c0-fc6c603f2df3" executionId="7ef54c86-4a1c-4fcb-897d-c75ef8ff65a6" testListId="8c84fa94-04c1-424b-9868-57a2d4851a1d" />
    <TestEntry testId="916ee6c4-db86-01ee-dceb-fc3733d78c0f" executionId="c7ddfef9-e4db-456c-b6ff-b9739ff6e3ab" testListId="8c84fa94-04c1-424b-9868-57a2d4851a1d" />
    <TestEntry testId="7f79b5d5-b81f-6e95-52cd-d60a51ecbad9" executionId="73bc4ffc-96fb-4ba8-8d1e-70a79f8072f0" testListId="8c84fa94-04c1-424b-9868-57a2d4851a1d" />
    <TestEntry testId="e0abc56f-7d42-6359-24f3-9a5cc4c951e3" executionId="1ad754b6-eef1-41a1-989a-997fe40145a1" testListId="8c84fa94-04c1-424b-9868-57a2d4851a1d" />
    <TestEntry testId="991a207f-8218-8e85-a46c-6261735a3316" executionId="261ff5a3-9a52-4fc8-b394-6de4a1f97fab" testListId="8c84fa94-04c1-424b-9868-57a2d4851a1d" />
    <TestEntry testId="05c947a0-95bd-ca71-a66e-7291db4595b9" executionId="2ff7c421-ba6a-4b20-b57a-9d965430d942" testListId="8c84fa94-04c1-424b-9868-57a2d4851a1d" />
    <TestEntry testId="d8e00839-07fc-237d-a5d8-f9e9120c6d7f" executionId="2146b9cb-51dc-4171-b063-a8a0f766ae32" testListId="8c84fa94-04c1-424b-9868-57a2d4851a1d" />
    <TestEntry testId="6ac14754-ba3b-e9e4-7cf6-f99baa850490" executionId="23bb642c-fa93-4e1e-b9d0-471649231eb6" testListId="8c84fa94-04c1-424b-9868-57a2d4851a1d" />
    <TestEntry testId="58be467a-6654-0e35-1e10-a4374a8d6062" executionId="d0f58b49-67ca-4f48-bd33-4ff0d7ad4071" testListId="8c84fa94-04c1-424b-9868-57a2d4851a1d" />
    <TestEntry testId="592f1381-1b1e-d339-7eb0-253d41ee0dc5" executionId="38732059-2f27-4ea9-9d2b-e44439d676bb" testListId="8c84fa94-04c1-424b-9868-57a2d4851a1d" />
    <TestEntry testId="33bf6601-a349-59bb-09bd-db35fdc456d8" executionId="f177c9b3-f725-4cba-b9fb-9b8d5317f5a4" testListId="8c84fa94-04c1-424b-9868-57a2d4851a1d" />
    <TestEntry testId="6c9335fb-eb25-994a-5a75-b57264e3a6ac" executionId="fd35eba2-f2f7-471c-a5ad-56bede62feed" testListId="8c84fa94-04c1-424b-9868-57a2d4851a1d" />
    <TestEntry testId="578b66cf-7c0f-d4f3-e487-f16b179e6e14" executionId="88aca49f-64d7-4943-8d3a-98bd7a9afb7c" testListId="8c84fa94-04c1-424b-9868-57a2d4851a1d" />
    <TestEntry testId="37cd8d03-e1c8-ddea-a38c-7816c97e5aa0" executionId="fd801dcf-b875-4e63-b95c-5754354d2e79" testListId="8c84fa94-04c1-424b-9868-57a2d4851a1d" />
    <TestEntry testId="825874b1-d7aa-3f36-6cf4-311e96f43c2f" executionId="b0882fbd-0ead-4f38-8159-2e97c246138d" testListId="8c84fa94-04c1-424b-9868-57a2d4851a1d" />
    <TestEntry testId="7d742982-add9-28eb-7559-102170fb1882" executionId="4aa39815-9e72-430c-9679-9473679eec7f" testListId="8c84fa94-04c1-424b-9868-57a2d4851a1d" />
    <TestEntry testId="4a4d9501-6b9c-d98c-f56b-97acb3a1a103" executionId="348f2c0b-6e59-4e10-9bb5-97b91d8a5092" testListId="8c84fa94-04c1-424b-9868-57a2d4851a1d" />
    <TestEntry testId="17a67cf2-951a-4ded-a6f8-60f2333f5a18" executionId="ba430a40-57c8-4d81-9ceb-27177f1539c0" testListId="8c84fa94-04c1-424b-9868-57a2d4851a1d" />
    <TestEntry testId="9ef9d6a5-0f89-100e-3120-b37de812220f" executionId="8c17ca0b-4a62-44e8-8203-eebe0f631a50" testListId="8c84fa94-04c1-424b-9868-57a2d4851a1d" />
    <TestEntry testId="03c3979f-1540-1292-3feb-1eb1dca1645f" executionId="96376452-317d-41e8-be8c-6650f30cd09b" testListId="8c84fa94-04c1-424b-9868-57a2d4851a1d" />
    <TestEntry testId="1631baa5-9f8e-cd43-391f-bd6c48e5df61" executionId="91e247e9-c9b2-478b-9d51-fe4a950ec103" testListId="8c84fa94-04c1-424b-9868-57a2d4851a1d" />
    <TestEntry testId="dd161ebe-5efc-a6b2-49d8-a26b980caef2" executionId="26cf7315-d563-4f1d-b183-d40069189b5b" testListId="8c84fa94-04c1-424b-9868-57a2d4851a1d" />
    <TestEntry testId="90d24614-d5fb-3703-283e-d3349071d86f" executionId="2ff7989d-5b9a-45b9-aa8b-72831bf423f1" testListId="8c84fa94-04c1-424b-9868-57a2d4851a1d" />
    <TestEntry testId="62d8fab5-ff76-4fb1-de87-1f64f6a438e1" executionId="23432669-35ac-4300-8cda-c5c667148cc0" testListId="8c84fa94-04c1-424b-9868-57a2d4851a1d" />
    <TestEntry testId="2831d34d-42eb-1c85-a174-a1b3b1f5bc8c" executionId="57052765-6bd5-4fe2-ac37-a165db871c11" testListId="8c84fa94-04c1-424b-9868-57a2d4851a1d" />
    <TestEntry testId="a4263f00-cdbf-b301-109b-a87ad30f69f1" executionId="664fc634-a133-4fe4-996b-d3d3a43654b3" testListId="8c84fa94-04c1-424b-9868-57a2d4851a1d" />
    <TestEntry testId="ef7ede63-3b8a-d738-a6f5-5406c4c50b46" executionId="76f07811-cf80-42ce-bfe6-aeea7bd356e9" testListId="8c84fa94-04c1-424b-9868-57a2d4851a1d" />
    <TestEntry testId="bb86fea9-7da6-130a-f030-ab2f12efbf97" executionId="a6619c8c-6ba2-4a92-b178-87ce4c237474" testListId="8c84fa94-04c1-424b-9868-57a2d4851a1d" />
    <TestEntry testId="b910e38f-69a8-b424-3d33-d20131ab1948" executionId="ed23bdb0-b5d2-4cb9-a005-e063c415f150" testListId="8c84fa94-04c1-424b-9868-57a2d4851a1d" />
    <TestEntry testId="5cc4f7a1-fc05-ad19-6f74-4756de5fc614" executionId="834ca26e-cb43-4e3e-93e4-bb8ad0461990" testListId="8c84fa94-04c1-424b-9868-57a2d4851a1d" />
    <TestEntry testId="b60f3791-8411-dd00-0dc7-0028c0393bed" executionId="8246cbb1-f256-4e4d-a23d-978481a72f85" testListId="8c84fa94-04c1-424b-9868-57a2d4851a1d" />
    <TestEntry testId="27b51024-8539-93fa-9d5d-982c0ad3d02a" executionId="d3901e1d-bd50-4af0-95c8-9d830d8c8adb" testListId="8c84fa94-04c1-424b-9868-57a2d4851a1d" />
    <TestEntry testId="04bf2fb8-7598-994c-b5b5-2f5e87f4a0b4" executionId="f945a00c-eaf4-4dae-aecd-b6cc47338124" testListId="8c84fa94-04c1-424b-9868-57a2d4851a1d" />
    <TestEntry testId="b63b0257-57f4-c0a1-7d73-1ecf4d6aae48" executionId="0990d641-b59b-4b02-9917-c5f17fd248f3" testListId="8c84fa94-04c1-424b-9868-57a2d4851a1d" />
    <TestEntry testId="5800465d-46a5-5773-cf9a-3a02d11bfc1d" executionId="6e7434a6-82ea-44cd-bf16-31570ccb4199" testListId="8c84fa94-04c1-424b-9868-57a2d4851a1d" />
    <TestEntry testId="bb873d99-d2ac-ba90-f328-04a24d707bcd" executionId="bee494d5-0693-47d0-a802-2c6df587239a" testListId="8c84fa94-04c1-424b-9868-57a2d4851a1d" />
    <TestEntry testId="0ebe1128-9d18-fd18-cb20-dde5231be97c" executionId="a606d838-c495-4285-822b-50427db8b557" testListId="8c84fa94-04c1-424b-9868-57a2d4851a1d" />
    <TestEntry testId="5c387d2c-df71-396e-fabc-f8fb7380fc52" executionId="da9d6a97-9422-4fe1-9a36-38368a2a85b0" testListId="8c84fa94-04c1-424b-9868-57a2d4851a1d" />
    <TestEntry testId="0a125d4c-5bf7-88a7-f84d-9193442e4879" executionId="bb33a8ee-57e4-4d66-84d5-746f6975d817" testListId="8c84fa94-04c1-424b-9868-57a2d4851a1d" />
    <TestEntry testId="fcf06cc3-5bec-4324-e2a1-7a52c5df1685" executionId="6d9d1fa7-c5e5-4246-80fb-49b486699364" testListId="8c84fa94-04c1-424b-9868-57a2d4851a1d" />
    <TestEntry testId="0ebfe791-6b4d-a3b8-5330-d32bda8e413d" executionId="408f512b-d138-4f81-afd0-744ffdb2ef44" testListId="8c84fa94-04c1-424b-9868-57a2d4851a1d" />
    <TestEntry testId="cbc4e3f4-c2e5-4325-1d8b-6b9e1501ec5b" executionId="25627091-81c0-4070-881e-c7d1711772c7" testListId="8c84fa94-04c1-424b-9868-57a2d4851a1d" />
    <TestEntry testId="ee1a676b-cacd-4065-d8c6-a676503afcba" executionId="65883e3b-63de-48af-b484-d996b4d1d3a0" testListId="8c84fa94-04c1-424b-9868-57a2d4851a1d" />
    <TestEntry testId="a8a4d357-c8cd-8240-8b9c-a04d7fb1a6f1" executionId="233eea61-6a00-4977-9c6a-26f91abef03f" testListId="8c84fa94-04c1-424b-9868-57a2d4851a1d" />
    <TestEntry testId="ad0762eb-2871-a25a-9561-8a26158a456a" executionId="93c86953-e497-4764-9ebe-fbe9497ba0b2" testListId="8c84fa94-04c1-424b-9868-57a2d4851a1d" />
    <TestEntry testId="0241de9d-d2ad-9933-0ddf-20f7878a8d1b" executionId="0ce64718-ea13-4a4c-a8aa-64f1bd8a72a2" testListId="8c84fa94-04c1-424b-9868-57a2d4851a1d" />
    <TestEntry testId="4eb7a735-cb75-4247-7c48-62ad82d6a9cb" executionId="158c544a-9036-4c15-a0fd-731826b5bec7" testListId="8c84fa94-04c1-424b-9868-57a2d4851a1d" />
    <TestEntry testId="14bb50f4-a8ae-a89c-1d94-dba9d90b4290" executionId="4d4951cd-e186-45a5-946f-814dbcba3924" testListId="8c84fa94-04c1-424b-9868-57a2d4851a1d" />
    <TestEntry testId="fe2d2916-4015-7346-a520-79becf82a5b0" executionId="2a30f5b8-ceef-446f-9aa2-7f2080e69d8e" testListId="8c84fa94-04c1-424b-9868-57a2d4851a1d" />
    <TestEntry testId="029aee69-d04b-5a49-9992-2e4ba2ae7f37" executionId="3bb34b90-62dc-4277-8e58-9633e2ffa86c" testListId="8c84fa94-04c1-424b-9868-57a2d4851a1d" />
    <TestEntry testId="c1f3d5eb-3123-e2ad-c9ac-66930017d9fb" executionId="8e9dbe03-75ce-439b-b8cc-4f18b1fa1980" testListId="8c84fa94-04c1-424b-9868-57a2d4851a1d" />
    <TestEntry testId="a8602185-c69f-60f3-f0b2-cecb67753975" executionId="cf7b4899-f9b4-4964-91c1-652c94e750b2" testListId="8c84fa94-04c1-424b-9868-57a2d4851a1d" />
    <TestEntry testId="27bb0846-204f-2736-e20f-7a35a54e4e90" executionId="9f3b308c-5c6b-4eae-b26b-f2bca0bebd5b" testListId="8c84fa94-04c1-424b-9868-57a2d4851a1d" />
    <TestEntry testId="0f54e9f8-d53f-7a88-d50c-8501da97b547" executionId="66981671-9568-4fbb-9d3e-f85bd779bea8" testListId="8c84fa94-04c1-424b-9868-57a2d4851a1d" />
    <TestEntry testId="b775d07a-4cd6-b069-16d2-d61d8fe62088" executionId="3f19681b-a67f-443e-81cc-0a34648089d2" testListId="8c84fa94-04c1-424b-9868-57a2d4851a1d" />
    <TestEntry testId="be4db557-6c72-5208-cef7-e179c3349be6" executionId="3d7cee63-4ded-41e8-8cf4-f9f706c66764" testListId="8c84fa94-04c1-424b-9868-57a2d4851a1d" />
    <TestEntry testId="dc017a34-6942-f8ec-11c4-4b57c0a33f6b" executionId="dad9793f-4ac3-4726-9960-566c7f9c376c" testListId="8c84fa94-04c1-424b-9868-57a2d4851a1d" />
    <TestEntry testId="f6c8533d-6871-e620-3a15-7deaf7edd4e3" executionId="6a658a6c-e410-4634-9e29-5ea6a81c36bb" testListId="8c84fa94-04c1-424b-9868-57a2d4851a1d" />
    <TestEntry testId="1fca15cf-fb76-e220-7a95-4e1dd47337bd" executionId="b2999b21-c5e7-4ed5-b95d-e91c5068a874" testListId="8c84fa94-04c1-424b-9868-57a2d4851a1d" />
    <TestEntry testId="562c91ce-558a-6235-594f-9dd29fb2762c" executionId="20c34cf6-d3cd-4b29-8dde-941f6d40f00d" testListId="8c84fa94-04c1-424b-9868-57a2d4851a1d" />
    <TestEntry testId="721a22df-dcb2-fd19-7a7f-fbe5b1222744" executionId="64ab34e1-d685-4974-a41f-22c944bfe11d" testListId="8c84fa94-04c1-424b-9868-57a2d4851a1d" />
    <TestEntry testId="169c0340-68cf-7e65-35ef-4e909c9252f9" executionId="99f36f19-62fe-419e-9c8c-03d82452d738" testListId="8c84fa94-04c1-424b-9868-57a2d4851a1d" />
    <TestEntry testId="feb61cc2-d8a7-1010-6b57-b4f5136be797" executionId="b9f1f33f-cee3-417e-8cf3-f9c5a312f31c" testListId="8c84fa94-04c1-424b-9868-57a2d4851a1d" />
    <TestEntry testId="4257a0ea-891d-1bd7-bbc5-e7f7415f87d3" executionId="059bfc62-0815-4b3e-83fd-5d090ff63381" testListId="8c84fa94-04c1-424b-9868-57a2d4851a1d" />
    <TestEntry testId="3b07bab6-79ae-1097-0ffb-cd3b66159f8a" executionId="bfceb910-5f81-438e-ba9a-a85ec180f55a" testListId="8c84fa94-04c1-424b-9868-57a2d4851a1d" />
    <TestEntry testId="41b278f2-92eb-a92d-9fbd-d70cb8578d79" executionId="df5ce68f-8087-4b91-896e-323e678e96f4" testListId="8c84fa94-04c1-424b-9868-57a2d4851a1d" />
    <TestEntry testId="f9b6dd49-5c73-188b-8a88-af3d94f9c65a" executionId="a5a98732-7553-4e23-aaa3-98e2567b5d37" testListId="8c84fa94-04c1-424b-9868-57a2d4851a1d" />
    <TestEntry testId="fb501942-fd1c-8085-ebe3-88733ae59551" executionId="2bff0d45-e5af-490b-b86e-dacaa9ec8263" testListId="8c84fa94-04c1-424b-9868-57a2d4851a1d" />
    <TestEntry testId="4806cae8-8634-8ad0-07cf-c99145fe57aa" executionId="be25e7e1-3bb6-41f2-902b-88ab08b6699b" testListId="8c84fa94-04c1-424b-9868-57a2d4851a1d" />
    <TestEntry testId="e7217958-3636-f395-52b6-2a4b70ef9c4d" executionId="92c1bc1a-030f-4112-a01d-594c7d655efd" testListId="8c84fa94-04c1-424b-9868-57a2d4851a1d" />
    <TestEntry testId="14306806-5df6-e412-4f79-2dc2e069e389" executionId="51fbc8f0-e3de-484e-af9c-27219c2a41fe" testListId="8c84fa94-04c1-424b-9868-57a2d4851a1d" />
    <TestEntry testId="24ad50bb-6e27-832d-0a0f-be7509b4fa1b" executionId="32c15200-bb06-47cc-b0dd-8d7238ec1024" testListId="8c84fa94-04c1-424b-9868-57a2d4851a1d" />
    <TestEntry testId="65725e40-3717-e9de-609c-7f4189d0ecf1" executionId="69ca6d4b-e8be-42af-a5b8-e4336cb6aa84" testListId="8c84fa94-04c1-424b-9868-57a2d4851a1d" />
    <TestEntry testId="5a788199-1038-fa03-e2a7-ded98421a2e7" executionId="034167ab-0344-4eec-a9ed-d914a6613dae" testListId="8c84fa94-04c1-424b-9868-57a2d4851a1d" />
    <TestEntry testId="813ee3ab-9f5c-5aff-3f96-107a9c99f824" executionId="98d54583-3aed-4798-8ca5-ecff3b3c1065" testListId="8c84fa94-04c1-424b-9868-57a2d4851a1d" />
    <TestEntry testId="053e887e-5fd9-26c1-4bc9-6178b6f5a4c8" executionId="9307360b-6fcf-42fc-ac6d-8f8f4cf79ab2" testListId="8c84fa94-04c1-424b-9868-57a2d4851a1d" />
    <TestEntry testId="573d4913-3c20-fc10-3a7e-f205ffb2ffe5" executionId="1e7f3fd9-a076-41d8-a8d0-c92acf6f390f" testListId="8c84fa94-04c1-424b-9868-57a2d4851a1d" />
    <TestEntry testId="b394d5ed-12cd-965f-67db-52cb448440db" executionId="75e47b9d-4fa8-4546-87f4-c6c096e1092a" testListId="8c84fa94-04c1-424b-9868-57a2d4851a1d" />
    <TestEntry testId="231663dc-17a0-f2cf-d0a3-b9d590ad675e" executionId="286db659-7b05-4bcc-b10f-b69d3ecc92d2" testListId="8c84fa94-04c1-424b-9868-57a2d4851a1d" />
    <TestEntry testId="a3c14e62-c027-c89c-b304-e34b4c3eb8c0" executionId="7b81f228-526a-46cd-9aae-9b349f5c5725" testListId="8c84fa94-04c1-424b-9868-57a2d4851a1d" />
    <TestEntry testId="cd2f5fd7-e901-e2bd-ca31-e39da680a9b6" executionId="4e3db67d-38c2-4736-bde0-2e97a92fde4e" testListId="8c84fa94-04c1-424b-9868-57a2d4851a1d" />
    <TestEntry testId="f1a01f5b-d1c2-a047-aa46-885719da5593" executionId="27964146-7c4e-4c9c-9e67-c7bde4db448a" testListId="8c84fa94-04c1-424b-9868-57a2d4851a1d" />
    <TestEntry testId="950e39ec-c1b7-542e-8809-1780fb99f205" executionId="4442296c-e698-42c5-8767-4c8142d0e272" testListId="8c84fa94-04c1-424b-9868-57a2d4851a1d" />
    <TestEntry testId="994ed121-b384-2e00-1da4-c31e8e407b0a" executionId="f5cb9121-f9f0-478c-aea7-8c6c2ac0edb1" testListId="8c84fa94-04c1-424b-9868-57a2d4851a1d" />
    <TestEntry testId="3244763e-b7ce-8722-ad9f-d1c345273589" executionId="4c375f1d-b314-4a6f-9973-e91ebd600e63" testListId="8c84fa94-04c1-424b-9868-57a2d4851a1d" />
    <TestEntry testId="699824b7-e064-add7-e59c-6df79878b90f" executionId="0b45d156-4a51-47da-ab04-48f9f2c0fdd0" testListId="8c84fa94-04c1-424b-9868-57a2d4851a1d" />
    <TestEntry testId="875afcfd-e10d-a2e8-e510-4f03d448d8ad" executionId="457c558c-dbe9-48f4-ad6e-fdf5410e2acf" testListId="8c84fa94-04c1-424b-9868-57a2d4851a1d" />
    <TestEntry testId="7f6db608-8c47-4d83-9b48-007bb299c7ea" executionId="49e487d1-ae38-4bf7-b44a-8c10e658e265" testListId="8c84fa94-04c1-424b-9868-57a2d4851a1d" />
    <TestEntry testId="ebef56bb-4a93-6ee6-dc36-391fde0761f0" executionId="b2ae002d-c301-4ff0-8606-4eac874f801a" testListId="8c84fa94-04c1-424b-9868-57a2d4851a1d" />
    <TestEntry testId="06a715e6-5375-46b9-9b2d-665d5cc7acd6" executionId="9ff8af31-4a0b-4ccf-8efd-82954dc2c097" testListId="8c84fa94-04c1-424b-9868-57a2d4851a1d" />
  </TestEntries>
  <TestLists>
    <TestList name="Results Not in a List" id="8c84fa94-04c1-424b-9868-57a2d4851a1d" />
    <TestList name="All Loaded Results" id="19431567-8539-422a-85d7-44ee4e166bda" />
  </TestLists>
  <ResultSummary outcome="Completed">
    <Counters total="768" executed="768" passed="768" failed="0" error="0" timeout="0" aborted="0" inconclusive="0" passedButRunAborted="0" notRunnable="0" notExecuted="0" disconnected="0" warning="0" completed="0" inProgress="0" pending="0" />
  </ResultSummary>
</TestRun>