<?xml version="1.0" encoding="utf-8"?>
<TestRun id="33a8f112-d126-4003-88f6-6d4058f307ff" name="DKSR-EFI-04$@DKSR-EFI-04 2023-12-22 09:32:15" runUser="NT AUTHORITY\NETWORK SERVICE" xmlns="http://microsoft.com/schemas/VisualStudio/TeamTest/2010">
  <Times creation="2023-12-22T09:32:15.7871366+01:00" queuing="2023-12-22T09:32:15.7871366+01:00" start="2023-12-22T09:32:11.2402418+01:00" finish="2023-12-22T09:32:32.2247131+01:00" />
  <TestSettings name="default" id="51972404-4859-4ac1-a60a-175375b0ac61">
    <Deployment runDeploymentRoot="DKSR-EFI-04$_DKSR-EFI-04_2023-12-22_09_32_15" />
  </TestSettings>
  <Results>
    <UnitTestResult executionId="12694217-ede5-408e-9f01-d64ac04e8c4b" testId="47daeb57-2014-f1c9-6c5f-e67193f787c4" testName="Sign_ShouldNotThrow_WhenSigningHttpResponseHeaders" computerName="DKSR-EFI-04" duration="00:00:00.0005986" startTime="2023-12-22T09:32:18.8988483+01:00" endTime="2023-12-22T09:32:18.8995326+01:00" testType="13cdc9d9-ddb5-4fa4-a97d-d965ccfc6d4b" outcome="Passed" testListId="8c84fa94-04c1-424b-9868-57a2d4851a1d" relativeResultsDirectory="12694217-ede5-408e-9f01-d64ac04e8c4b" />
    <UnitTestResult executionId="a32a4a89-dd32-4e94-8a40-7eb17cd1e472" testId="d0294298-a0fc-2965-cdff-b85c13b06cc6" testName="Receive_ShouldThrowAnError_WhenConnectHasNotBeenCalledToEstablishAConnection" computerName="DKSR-EFI-04" duration="00:00:00.0044147" startTime="2023-12-22T09:32:15.7827475+01:00" endTime="2023-12-22T09:32:15.7873709+01:00" testType="13cdc9d9-ddb5-4fa4-a97d-d965ccfc6d4b" outcome="Passed" testListId="8c84fa94-04c1-424b-9868-57a2d4851a1d" relativeResultsDirectory="a32a4a89-dd32-4e94-8a40-7eb17cd1e472" />
    <UnitTestResult executionId="ba76d887-181d-442c-ae1b-7c1596a88727" testId="b1f3496d-e419-205e-6706-f661dfd3ea2b" testName="SendWithRetry_ShouldDelayRemainingTime_WhenServerErrorIsSentWithDelay" computerName="DKSR-EFI-04" startTime="2023-12-22T09:32:19.4111624+01:00" endTime="2023-12-22T09:32:19.4117112+01:00" testType="13cdc9d9-ddb5-4fa4-a97d-d965ccfc6d4b" outcome="NotExecuted" testListId="8c84fa94-04c1-424b-9868-57a2d4851a1d" relativeResultsDirectory="ba76d887-181d-442c-ae1b-7c1596a88727">
      <Output></Output>
    </UnitTestResult>
    <UnitTestResult executionId="83862876-16f7-41d6-9f61-1ceeb013dd50" testId="fa38a724-05f1-0bb7-abaa-d690000fb28b" testName="Sign_ShouldNotThrow_WhenSigningHttpResponseHeadersFromMultipleThreads" computerName="DKSR-EFI-04" duration="00:00:00.0246382" startTime="2023-12-22T09:32:18.8995720+01:00" endTime="2023-12-22T09:32:18.9243820+01:00" testType="13cdc9d9-ddb5-4fa4-a97d-d965ccfc6d4b" outcome="Passed" testListId="8c84fa94-04c1-424b-9868-57a2d4851a1d" relativeResultsDirectory="83862876-16f7-41d6-9f61-1ceeb013dd50" />
    <UnitTestResult executionId="c2721f85-fae7-4e71-9f74-17f45bcc4ce4" testId="66a90f76-f49a-9f0e-21c4-45c0abf2dd5b" testName="Constructor_ShouldThrowAnArgumentNullException_GivenHttpClientFactoryIsNull" computerName="DKSR-EFI-04" duration="00:00:00.0027226" startTime="2023-12-22T09:32:18.9353752+01:00" endTime="2023-12-22T09:32:18.9382507+01:00" testType="13cdc9d9-ddb5-4fa4-a97d-d965ccfc6d4b" outcome="Passed" testListId="8c84fa94-04c1-424b-9868-57a2d4851a1d" relativeResultsDirectory="c2721f85-fae7-4e71-9f74-17f45bcc4ce4" />
    <UnitTestResult executionId="bb8eb1d5-6f6b-415d-b92d-d8e7d26907f1" testId="0b5113b0-5ae8-d40c-a3bd-37bfe6c2125d" testName="Start_ShouldCloudAuthenticatorException_WhenRefreshAwsCredentialsFailsWithExpectedExceptions (Newtonsoft.Json.JsonReaderException)" computerName="DKSR-EFI-04" duration="00:00:00.0173554" startTime="2023-12-22T09:32:14.6236363+01:00" endTime="2023-12-22T09:32:15.4530532+01:00" testType="13cdc9d9-ddb5-4fa4-a97d-d965ccfc6d4b" outcome="Passed" testListId="8c84fa94-04c1-424b-9868-57a2d4851a1d" relativeResultsDirectory="bb8eb1d5-6f6b-415d-b92d-d8e7d26907f1" />
    <UnitTestResult executionId="03b8bc8a-e962-41b0-85b6-6cb9e5ac6021" testId="9d86bafa-68c1-20ad-fa1a-925f05b66b27" testName="SendWithRetry_ShouldRetryUntillTimeout_WhenCalled" computerName="DKSR-EFI-04" duration="00:00:00.1904213" startTime="2023-12-22T09:32:19.2204640+01:00" endTime="2023-12-22T09:32:19.4110978+01:00" testType="13cdc9d9-ddb5-4fa4-a97d-d965ccfc6d4b" outcome="Passed" testListId="8c84fa94-04c1-424b-9868-57a2d4851a1d" relativeResultsDirectory="03b8bc8a-e962-41b0-85b6-6cb9e5ac6021" />
    <UnitTestResult executionId="94b986a3-607e-43db-a029-d6338f120294" testId="df9733d3-3d1b-4ae9-ee93-47dafb9bb990" testName="Given_ConnectASyncWithRenewConnectionIntervel_When_IntervalTimeout_Then_ConnectionIsRenewed" computerName="DKSR-EFI-04" duration="00:00:03.1085055" startTime="2023-12-22T09:32:15.7874409+01:00" endTime="2023-12-22T09:32:18.8961979+01:00" testType="13cdc9d9-ddb5-4fa4-a97d-d965ccfc6d4b" outcome="Passed" testListId="8c84fa94-04c1-424b-9868-57a2d4851a1d" relativeResultsDirectory="94b986a3-607e-43db-a029-d6338f120294" />
    <UnitTestResult executionId="94b4f9ff-ee74-4302-ba00-80680069567c" testId="4a067bf9-bdb8-038e-a99b-affc1fae0a36" testName="Given_EventSenderTimesOut_When_SendingHeartBeats_Then_AHeartBeatAttemptIsMadeWithSpecifiedIntervals" computerName="DKSR-EFI-04" startTime="2023-12-22T09:32:31.9398389+01:00" endTime="2023-12-22T09:32:31.9399402+01:00" testType="13cdc9d9-ddb5-4fa4-a97d-d965ccfc6d4b" outcome="NotExecuted" testListId="8c84fa94-04c1-424b-9868-57a2d4851a1d" relativeResultsDirectory="94b4f9ff-ee74-4302-ba00-80680069567c">
      <Output></Output>
    </UnitTestResult>
    <UnitTestResult executionId="01aff9c0-a678-484c-a801-b649934d47dd" testId="e84bfe3c-8666-91b8-93bb-71e9ea946785" testName="ConnectApiGateway_ShoudReconnect_WhenConnectionFails" computerName="DKSR-EFI-04" duration="00:00:00.5494144" startTime="2023-12-22T09:32:20.3363946+01:00" endTime="2023-12-22T09:32:20.8859522+01:00" testType="13cdc9d9-ddb5-4fa4-a97d-d965ccfc6d4b" outcome="Passed" testListId="8c84fa94-04c1-424b-9868-57a2d4851a1d" relativeResultsDirectory="01aff9c0-a678-484c-a801-b649934d47dd" />
    <UnitTestResult executionId="e9fd2a62-da6f-40f3-bc49-4986e56afb39" testId="e7da7ce0-10be-e210-b20b-c2931fae9de9" testName="Send_ShouldThrowAnErrorWhenTheResponseWasNotSuccessful" computerName="DKSR-EFI-04" duration="00:00:00.0083220" startTime="2023-12-22T09:32:18.9965501+01:00" endTime="2023-12-22T09:32:19.0050439+01:00" testType="13cdc9d9-ddb5-4fa4-a97d-d965ccfc6d4b" outcome="Passed" testListId="8c84fa94-04c1-424b-9868-57a2d4851a1d" relativeResultsDirectory="e9fd2a62-da6f-40f3-bc49-4986e56afb39" />
    <UnitTestResult executionId="e5c5851d-ed8e-4904-ace8-7b7972e4c51f" testId="6b3b171f-6e84-0f66-cf32-53e50e738615" testName="ConnectCloudCommunicator_ShouldSendSystemReadyOnlyOnce_WhenMultipleReconnectsToCloud" computerName="DKSR-EFI-04" duration="00:00:00.0569632" startTime="2023-12-22T09:32:19.6148354+01:00" endTime="2023-12-22T09:32:19.6719584+01:00" testType="13cdc9d9-ddb5-4fa4-a97d-d965ccfc6d4b" outcome="Passed" testListId="8c84fa94-04c1-424b-9868-57a2d4851a1d" relativeResultsDirectory="e5c5851d-ed8e-4904-ace8-7b7972e4c51f" />
    <UnitTestResult executionId="c8701e58-2bf0-4a80-9df7-2aaa8466f849" testId="6e7c2e76-84cf-8fbc-eb67-1fa21dd46ad9" testName="Constructor_ShouldThrowAnArgumentNullException_GivenConfigurationQueryModelIsNull" computerName="DKSR-EFI-04" duration="00:00:00.0126209" startTime="2023-12-22T09:32:19.4678029+01:00" endTime="2023-12-22T09:32:19.4805774+01:00" testType="13cdc9d9-ddb5-4fa4-a97d-d965ccfc6d4b" outcome="Passed" testListId="8c84fa94-04c1-424b-9868-57a2d4851a1d" relativeResultsDirectory="c8701e58-2bf0-4a80-9df7-2aaa8466f849" />
    <UnitTestResult executionId="1a989def-070a-400c-bc02-599a8c490507" testId="936dee91-4002-1882-243f-6851010d1b3b" testName="ConnectApiGateway_ShoudLog1Error_When3ConnectionFailsWithSameException" computerName="DKSR-EFI-04" duration="00:00:01.7597972" startTime="2023-12-22T09:32:20.8860118+01:00" endTime="2023-12-22T09:32:22.6459557+01:00" testType="13cdc9d9-ddb5-4fa4-a97d-d965ccfc6d4b" outcome="Passed" testListId="8c84fa94-04c1-424b-9868-57a2d4851a1d" relativeResultsDirectory="1a989def-070a-400c-bc02-599a8c490507" />
    <UnitTestResult executionId="6d8c8a8b-3c0e-4cb7-9174-55b347c5dc34" testId="0640d355-86cc-2b5d-c04f-728b3402c30f" testName="Given_Nothing_When_SendEvent_Then_EventMessageIsSentToTheCloud (VideoOS.CloudConnector.Interfaces.CloudConnectorEventType)" computerName="DKSR-EFI-04" duration="00:00:00.0341238" startTime="2023-12-22T09:32:24.7670724+01:00" endTime="2023-12-22T09:32:24.8274411+01:00" testType="13cdc9d9-ddb5-4fa4-a97d-d965ccfc6d4b" outcome="Passed" testListId="8c84fa94-04c1-424b-9868-57a2d4851a1d" relativeResultsDirectory="6d8c8a8b-3c0e-4cb7-9174-55b347c5dc34" />
    <UnitTestResult executionId="4b40b9d1-f975-4297-8058-f62ea0276308" testId="5658ff27-d72f-4a4a-cf6a-3b796b9a39db" testName="Connect_ShouldThrowAnErrorWhenWebSocketReturnsErrorResponse" computerName="DKSR-EFI-04" duration="00:00:00.0073415" startTime="2023-12-22T09:32:15.7383562+01:00" endTime="2023-12-22T09:32:15.7459258+01:00" testType="13cdc9d9-ddb5-4fa4-a97d-d965ccfc6d4b" outcome="Passed" testListId="8c84fa94-04c1-424b-9868-57a2d4851a1d" relativeResultsDirectory="4b40b9d1-f975-4297-8058-f62ea0276308" />
    <UnitTestResult executionId="01d2d546-6201-45b8-be81-ec7df7a5829e" testId="add6ae43-1276-a325-39a0-3beba1ebe186" testName="ConnectApiGateway_ShouldProcessMessageAndSendResponse_WhenMessageIsReceived" computerName="DKSR-EFI-04" duration="00:00:00.0630054" startTime="2023-12-22T09:32:24.4146695+01:00" endTime="2023-12-22T09:32:24.4778073+01:00" testType="13cdc9d9-ddb5-4fa4-a97d-d965ccfc6d4b" outcome="Passed" testListId="8c84fa94-04c1-424b-9868-57a2d4851a1d" relativeResultsDirectory="01d2d546-6201-45b8-be81-ec7df7a5829e" />
    <UnitTestResult executionId="5256e948-b03e-4ba0-8cab-8144f0a82061" testId="e757385c-e078-9438-7933-3720e564503c" testName="Constructor_ShouldThrowAnArgumentNullException_GivenRequestSignerIsNull" computerName="DKSR-EFI-04" duration="00:00:00.0191821" startTime="2023-12-22T09:32:15.6545536+01:00" endTime="2023-12-22T09:32:15.6741920+01:00" testType="13cdc9d9-ddb5-4fa4-a97d-d965ccfc6d4b" outcome="Passed" testListId="8c84fa94-04c1-424b-9868-57a2d4851a1d" relativeResultsDirectory="5256e948-b03e-4ba0-8cab-8144f0a82061" />
    <UnitTestResult executionId="364b3e50-8e41-4056-b5a8-b1749e51d035" testId="46dcd9df-e07e-4557-4be4-67ffc1eac6b4" testName="ConnectCloudCommunicator_ShouldBeginSendingHeartbeat_WhenConfiguredAndSystemReady (1,True)" computerName="DKSR-EFI-04" duration="00:00:00.0517846" startTime="2023-12-22T09:32:19.6733057+01:00" endTime="2023-12-22T09:32:19.7255808+01:00" testType="13cdc9d9-ddb5-4fa4-a97d-d965ccfc6d4b" outcome="Passed" testListId="8c84fa94-04c1-424b-9868-57a2d4851a1d" relativeResultsDirectory="364b3e50-8e41-4056-b5a8-b1749e51d035" />
    <UnitTestResult executionId="47ba199d-353d-4884-9fd8-8c6f2ebefb59" testId="1105107b-d2ff-5226-c7ee-632de05291d8" testName="Given_ExponentialBackoffRetryPolicy_When_GetTimeOut_Then_CorrectValuesAreReceived (1000,1)" computerName="DKSR-EFI-04" duration="00:00:00.0000063" startTime="2023-12-22T09:32:31.9411307+01:00" endTime="2023-12-22T09:32:31.9424557+01:00" testType="13cdc9d9-ddb5-4fa4-a97d-d965ccfc6d4b" outcome="Passed" testListId="8c84fa94-04c1-424b-9868-57a2d4851a1d" relativeResultsDirectory="47ba199d-353d-4884-9fd8-8c6f2ebefb59" />
    <UnitTestResult executionId="2f3d9268-f9e1-49e2-acff-24cbf067c865" testId="e2b14d8d-ab65-b189-79bf-c804eec37058" testName="Given_EventSenderSometimesReturnsErrors_When_SendingHeartbeats_Then_TheChangedErrorStateShouldBeLoggedOnce" computerName="DKSR-EFI-04" duration="00:00:07.1116171" startTime="2023-12-22T09:32:24.8275023+01:00" endTime="2023-12-22T09:32:31.9393886+01:00" testType="13cdc9d9-ddb5-4fa4-a97d-d965ccfc6d4b" outcome="Passed" testListId="8c84fa94-04c1-424b-9868-57a2d4851a1d" relativeResultsDirectory="2f3d9268-f9e1-49e2-acff-24cbf067c865" />
    <UnitTestResult executionId="05f0aff1-db9a-4894-9d86-45a02063aaa5" testId="0ae7f1de-4151-67cc-af1a-d186a3f52998" testName="Constructor_ShouldThrowAnArgumentNullException_GivenMessageProcessorIsNull" computerName="DKSR-EFI-04" duration="00:00:00.0130752" startTime="2023-12-22T09:32:19.4806412+01:00" endTime="2023-12-22T09:32:19.4938828+01:00" testType="13cdc9d9-ddb5-4fa4-a97d-d965ccfc6d4b" outcome="Passed" testListId="8c84fa94-04c1-424b-9868-57a2d4851a1d" relativeResultsDirectory="05f0aff1-db9a-4894-9d86-45a02063aaa5" />
    <UnitTestResult executionId="fa06a47b-6be6-4b86-abac-716b3a05a5a1" testId="7eca2616-da2e-fb14-4749-07b230416b98" testName="Connect_ShouldConnectToUri" computerName="DKSR-EFI-04" duration="00:00:00.0518565" startTime="2023-12-22T09:32:15.6861968+01:00" endTime="2023-12-22T09:32:15.7382699+01:00" testType="13cdc9d9-ddb5-4fa4-a97d-d965ccfc6d4b" outcome="Passed" testListId="8c84fa94-04c1-424b-9868-57a2d4851a1d" relativeResultsDirectory="fa06a47b-6be6-4b86-abac-716b3a05a5a1" />
    <UnitTestResult executionId="e731aabd-841d-4b17-b815-cce8c7236ff2" testId="c1b10c62-43d1-f459-6504-1ca43b782b67" testName="ConnectApiGateway_ShoudReconnect_WhenStartingCloudClientFails" computerName="DKSR-EFI-04" duration="00:00:00.5274367" startTime="2023-12-22T09:32:19.8087587+01:00" endTime="2023-12-22T09:32:20.3363356+01:00" testType="13cdc9d9-ddb5-4fa4-a97d-d965ccfc6d4b" outcome="Passed" testListId="8c84fa94-04c1-424b-9868-57a2d4851a1d" relativeResultsDirectory="e731aabd-841d-4b17-b815-cce8c7236ff2" />
    <UnitTestResult executionId="7d5fa753-e594-4880-9542-1e85a69d1748" testId="c9babceb-800d-3bc6-5dda-a07aae10df28" testName="ConnectApiGateway_ShouldLog1ErrorAndNotSend_WhenProcessingFails" computerName="DKSR-EFI-04" duration="00:00:00.0761593" startTime="2023-12-22T09:32:24.6906949+01:00" endTime="2023-12-22T09:32:24.7670010+01:00" testType="13cdc9d9-ddb5-4fa4-a97d-d965ccfc6d4b" outcome="Passed" testListId="8c84fa94-04c1-424b-9868-57a2d4851a1d" relativeResultsDirectory="7d5fa753-e594-4880-9542-1e85a69d1748" />
    <UnitTestResult executionId="d3898a81-68b2-444f-975b-7852d7b69e56" testId="f8a79dd8-8155-712b-eacd-927a953c0426" testName="ConnectApiGateway_ShouldProcess5MessagesAnd5SendResponses_When5MessagesAreReceived" computerName="DKSR-EFI-04" duration="00:00:00.2126494" startTime="2023-12-22T09:32:24.4778638+01:00" endTime="2023-12-22T09:32:24.6906383+01:00" testType="13cdc9d9-ddb5-4fa4-a97d-d965ccfc6d4b" outcome="Passed" testListId="8c84fa94-04c1-424b-9868-57a2d4851a1d" relativeResultsDirectory="d3898a81-68b2-444f-975b-7852d7b69e56" />
    <UnitTestResult executionId="e34163a7-dce6-4379-ba2e-63fdf3f36bd3" testId="b1f9f815-f099-6076-230d-ebd778218076" testName="ConnectCloudCommunicator_ShouldBeginSendingHeartbeat_WhenConfiguredAndSystemReady (0,False)" computerName="DKSR-EFI-04" duration="00:00:00.0547637" startTime="2023-12-22T09:32:19.7256715+01:00" endTime="2023-12-22T09:32:19.7806705+01:00" testType="13cdc9d9-ddb5-4fa4-a97d-d965ccfc6d4b" outcome="Passed" testListId="8c84fa94-04c1-424b-9868-57a2d4851a1d" relativeResultsDirectory="e34163a7-dce6-4379-ba2e-63fdf3f36bd3" />
    <UnitTestResult executionId="afb0452d-03d5-4e76-a2ad-c0093d2caa88" testId="aecd3a75-4668-6cb8-2323-e8a701c65680" testName="Constructor_ShouldThrowAnArgumentNullException_GivenCloudClientIsNull" computerName="DKSR-EFI-04" duration="00:00:00.0112750" startTime="2023-12-22T09:32:19.4939585+01:00" endTime="2023-12-22T09:32:19.5054055+01:00" testType="13cdc9d9-ddb5-4fa4-a97d-d965ccfc6d4b" outcome="Passed" testListId="8c84fa94-04c1-424b-9868-57a2d4851a1d" relativeResultsDirectory="afb0452d-03d5-4e76-a2ad-c0093d2caa88" />
    <UnitTestResult executionId="2cb15125-4435-4986-bd95-4a4a6de9ced1" testId="0640d355-86cc-2b5d-c04f-728b3402c30f" testName="Given_Nothing_When_SendEvent_Then_EventMessageIsSentToTheCloud (VideoOS.CloudConnector.Interfaces.CloudConnectorEventType)" computerName="DKSR-EFI-04" duration="00:00:00.0082265" startTime="2023-12-22T09:32:24.7670724+01:00" endTime="2023-12-22T09:32:24.8274411+01:00" testType="13cdc9d9-ddb5-4fa4-a97d-d965ccfc6d4b" outcome="Passed" testListId="8c84fa94-04c1-424b-9868-57a2d4851a1d" relativeResultsDirectory="2cb15125-4435-4986-bd95-4a4a6de9ced1" />
    <UnitTestResult executionId="094b05d4-16be-484b-8d39-257b0cee6780" testId="46123340-bcff-b46f-e262-7695bcc5bcfb" testName="Send_ShouldSendOneResponseIncludingSignedHeaders_WhenCalled" computerName="DKSR-EFI-04" duration="00:00:00.0580437" startTime="2023-12-22T09:32:18.9383030+01:00" endTime="2023-12-22T09:32:18.9964784+01:00" testType="13cdc9d9-ddb5-4fa4-a97d-d965ccfc6d4b" outcome="Passed" testListId="8c84fa94-04c1-424b-9868-57a2d4851a1d" relativeResultsDirectory="094b05d4-16be-484b-8d39-257b0cee6780" />
    <UnitTestResult executionId="680758bf-ee59-47d9-ba96-52020a087068" testId="fb86576f-228e-ef6f-2063-79c973b902a9" testName="Given_EventSenderTimesOutOccasionally_When_SendingHeartBeats_Then_AHeartBeatAttemptIsMadeWithSpecifiedIntervals" computerName="DKSR-EFI-04" startTime="2023-12-22T09:32:31.9399678+01:00" endTime="2023-12-22T09:32:31.9400073+01:00" testType="13cdc9d9-ddb5-4fa4-a97d-d965ccfc6d4b" outcome="NotExecuted" testListId="8c84fa94-04c1-424b-9868-57a2d4851a1d" relativeResultsDirectory="680758bf-ee59-47d9-ba96-52020a087068">
      <Output></Output>
    </UnitTestResult>
    <UnitTestResult executionId="3b934e68-c0d3-4b0c-9327-1f2a2d470d95" testId="57e3fd3f-0c96-ccda-f2e5-c58081e2a0f0" testName="Constructor_ShouldThrowAnArgumentNullException_GivenClientWebSocketFactoryIsNull" computerName="DKSR-EFI-04" duration="00:00:00.0038479" startTime="2023-12-22T09:32:15.6820886+01:00" endTime="2023-12-22T09:32:15.6861330+01:00" testType="13cdc9d9-ddb5-4fa4-a97d-d965ccfc6d4b" outcome="Passed" testListId="8c84fa94-04c1-424b-9868-57a2d4851a1d" relativeResultsDirectory="3b934e68-c0d3-4b0c-9327-1f2a2d470d95" />
    <UnitTestResult executionId="6cc590ff-dfd5-4bc4-86ca-c6c7b4aeada3" testId="75dc9d8f-7bb5-9bbe-753b-cfd87a56349e" testName="Given_ExponentialBackoffRetryPolicy_When_GetTimeOut_Then_CorrectValuesAreReceived (1000,6)" computerName="DKSR-EFI-04" duration="00:00:00.0008434" startTime="2023-12-22T09:32:31.9400238+01:00" endTime="2023-12-22T09:32:31.9410992+01:00" testType="13cdc9d9-ddb5-4fa4-a97d-d965ccfc6d4b" outcome="Passed" testListId="8c84fa94-04c1-424b-9868-57a2d4851a1d" relativeResultsDirectory="6cc590ff-dfd5-4bc4-86ca-c6c7b4aeada3" />
    <UnitTestResult executionId="fba6216b-3a21-4a11-97a7-03d72f966205" testId="4c8a4036-8e03-2f26-7b95-ca078f1ba1ba" testName="SendWithRetry_ShouldRetrySendOneResponseUntilSuccess_WhenCalled (GatewayTimeout)" computerName="DKSR-EFI-04" duration="00:00:00.0677390" startTime="2023-12-22T09:32:19.0051111+01:00" endTime="2023-12-22T09:32:19.0763012+01:00" testType="13cdc9d9-ddb5-4fa4-a97d-d965ccfc6d4b" outcome="Passed" testListId="8c84fa94-04c1-424b-9868-57a2d4851a1d" relativeResultsDirectory="fba6216b-3a21-4a11-97a7-03d72f966205" />
    <UnitTestResult executionId="b1625be9-6755-4a63-b8cb-6e6797492fde" testId="bc60ff28-650a-a579-c8aa-3e3411b3a0bd" testName="Connect_ShouldThrowAnErrorWhenWebSocketFailsToConnect" computerName="DKSR-EFI-04" duration="00:00:00.0081576" startTime="2023-12-22T09:32:15.7742275+01:00" endTime="2023-12-22T09:32:15.7826583+01:00" testType="13cdc9d9-ddb5-4fa4-a97d-d965ccfc6d4b" outcome="Passed" testListId="8c84fa94-04c1-424b-9868-57a2d4851a1d" relativeResultsDirectory="b1625be9-6755-4a63-b8cb-6e6797492fde" />
    <UnitTestResult executionId="2865e8df-6d8f-45cb-a7e1-d7006c94670e" testId="46d70fee-079c-8ebc-4f76-c762d7deb942" testName="Sign_ShouldReturnSignHeaders_WhenSuccessfully" computerName="DKSR-EFI-04" duration="00:00:00.0945497" startTime="2023-12-22T09:32:15.5594982+01:00" endTime="2023-12-22T09:32:15.6544630+01:00" testType="13cdc9d9-ddb5-4fa4-a97d-d965ccfc6d4b" outcome="Passed" testListId="8c84fa94-04c1-424b-9868-57a2d4851a1d" relativeResultsDirectory="2865e8df-6d8f-45cb-a7e1-d7006c94670e" />
    <UnitTestResult executionId="7d718eb4-1b02-4ca1-a4a3-f02463bab8f1" testId="f04a2af6-b28f-9055-96ba-1c7eab524b30" testName="Constructor_ShouldThrowAnArgumentNullException_GivenRequestSignerIsNull" computerName="DKSR-EFI-04" duration="00:00:00.0105503" startTime="2023-12-22T09:32:18.9244527+01:00" endTime="2023-12-22T09:32:18.9353073+01:00" testType="13cdc9d9-ddb5-4fa4-a97d-d965ccfc6d4b" outcome="Passed" testListId="8c84fa94-04c1-424b-9868-57a2d4851a1d" relativeResultsDirectory="7d718eb4-1b02-4ca1-a4a3-f02463bab8f1" />
    <UnitTestResult executionId="11b1743d-5791-430f-9fef-72127f321ec5" testId="09e09d60-3bb4-79d7-53bf-48816b378b26" testName="ConnectApiGateway_ShoudReconnect_WhenDisconnected" computerName="DKSR-EFI-04" duration="00:00:00.0973081" startTime="2023-12-22T09:32:24.3171538+01:00" endTime="2023-12-22T09:32:24.4146143+01:00" testType="13cdc9d9-ddb5-4fa4-a97d-d965ccfc6d4b" outcome="Passed" testListId="8c84fa94-04c1-424b-9868-57a2d4851a1d" relativeResultsDirectory="11b1743d-5791-430f-9fef-72127f321ec5" />
    <UnitTestResult executionId="20b6cc39-c9fc-4acf-88b1-59e0fad7982b" testId="30b1db7e-1ce8-1806-195b-865cb9ee9b72" testName="Constructor_ShouldThrowAnArgumentNullException_GivenSiteIdIsNull" computerName="DKSR-EFI-04" duration="00:00:00.0075167" startTime="2023-12-22T09:32:15.6742711+01:00" endTime="2023-12-22T09:32:15.6819970+01:00" testType="13cdc9d9-ddb5-4fa4-a97d-d965ccfc6d4b" outcome="Passed" testListId="8c84fa94-04c1-424b-9868-57a2d4851a1d" relativeResultsDirectory="20b6cc39-c9fc-4acf-88b1-59e0fad7982b" />
    <UnitTestResult executionId="607bf62a-34d9-4136-b5a7-32b279454342" testId="c3886460-3cbb-1428-9f34-bc7b12a0b5fb" testName="ConnectApiGateway_ShoudLog3Errors_When3ConnectionFailsWithDifferentExceptions" computerName="DKSR-EFI-04" duration="00:00:01.6704625" startTime="2023-12-22T09:32:22.6460446+01:00" endTime="2023-12-22T09:32:24.3166642+01:00" testType="13cdc9d9-ddb5-4fa4-a97d-d965ccfc6d4b" outcome="Passed" testListId="8c84fa94-04c1-424b-9868-57a2d4851a1d" relativeResultsDirectory="607bf62a-34d9-4136-b5a7-32b279454342" />
    <UnitTestResult executionId="a4b19188-6789-4acf-bc55-848dd4611207" testId="b672605d-a9fb-41ca-8878-983ad4673dfc" testName="Constructor_ShouldThrowAnArgumentNullException_GivenCloudEnpointIsNull" computerName="DKSR-EFI-04" duration="00:00:00.0248045" startTime="2023-12-22T09:32:19.5054657+01:00" endTime="2023-12-22T09:32:19.5304442+01:00" testType="13cdc9d9-ddb5-4fa4-a97d-d965ccfc6d4b" outcome="Passed" testListId="8c84fa94-04c1-424b-9868-57a2d4851a1d" relativeResultsDirectory="a4b19188-6789-4acf-bc55-848dd4611207" />
    <UnitTestResult executionId="f2710f01-a995-48d1-9af9-63a249b3433b" testId="67a5c9ea-09d1-0920-5ee2-3928649b0b01" testName="Start_ShouldLogSucces_WhenCredentialsCacheIsCreatedSuccessfully" computerName="DKSR-EFI-04" duration="00:00:00.0966360" startTime="2023-12-22T09:32:15.4624018+01:00" endTime="2023-12-22T09:32:15.5593264+01:00" testType="13cdc9d9-ddb5-4fa4-a97d-d965ccfc6d4b" outcome="Passed" testListId="8c84fa94-04c1-424b-9868-57a2d4851a1d" relativeResultsDirectory="f2710f01-a995-48d1-9af9-63a249b3433b" />
    <UnitTestResult executionId="f38cf1b3-a899-4625-ae99-5e13ae79e312" testId="66ad7266-d8ea-fa6f-1263-33969e927662" testName="Constructor_ShouldThrowAnArgumentNullException_GivenLoggerIsNull" computerName="DKSR-EFI-04" duration="00:00:00.0556962" startTime="2023-12-22T09:32:19.4117603+01:00" endTime="2023-12-22T09:32:19.4677401+01:00" testType="13cdc9d9-ddb5-4fa4-a97d-d965ccfc6d4b" outcome="Passed" testListId="8c84fa94-04c1-424b-9868-57a2d4851a1d" relativeResultsDirectory="f38cf1b3-a899-4625-ae99-5e13ae79e312" />
    <UnitTestResult executionId="bbe4cce4-0f11-4930-9c11-8b2c5a00bc89" testId="0640d355-86cc-2b5d-c04f-728b3402c30f" testName="Given_Nothing_When_SendEvent_Then_EventMessageIsSentToTheCloud (VideoOS.CloudConnector.Interfaces.CloudConnectorEventType)" computerName="DKSR-EFI-04" duration="00:00:00.0091536" startTime="2023-12-22T09:32:24.7670724+01:00" endTime="2023-12-22T09:32:24.8274411+01:00" testType="13cdc9d9-ddb5-4fa4-a97d-d965ccfc6d4b" outcome="Passed" testListId="8c84fa94-04c1-424b-9868-57a2d4851a1d" relativeResultsDirectory="bbe4cce4-0f11-4930-9c11-8b2c5a00bc89" />
    <UnitTestResult executionId="e1ab7753-ed9d-417c-b165-08ea749b1be9" testId="0640d355-86cc-2b5d-c04f-728b3402c30f" testName="Given_Nothing_When_SendEvent_Then_EventMessageIsSentToTheCloud (VideoOS.CloudConnector.Interfaces.CloudConnectorEventType)" computerName="DKSR-EFI-04" duration="00:00:00.0084249" startTime="2023-12-22T09:32:24.7670724+01:00" endTime="2023-12-22T09:32:24.8274411+01:00" testType="13cdc9d9-ddb5-4fa4-a97d-d965ccfc6d4b" outcome="Passed" testListId="8c84fa94-04c1-424b-9868-57a2d4851a1d" relativeResultsDirectory="e1ab7753-ed9d-417c-b165-08ea749b1be9" />
    <UnitTestResult executionId="8fa4595d-3dee-404f-b497-46d7f007dd1c" testId="21a08dff-5b0e-2d6e-92d7-273057bebdc4" testName="Sign_ShouldNotThrow_WhenSigningWebsocketConnectHeaders" computerName="DKSR-EFI-04" duration="00:00:00.0016849" startTime="2023-12-22T09:32:18.8967438+01:00" endTime="2023-12-22T09:32:18.8988006+01:00" testType="13cdc9d9-ddb5-4fa4-a97d-d965ccfc6d4b" outcome="Passed" testListId="8c84fa94-04c1-424b-9868-57a2d4851a1d" relativeResultsDirectory="8fa4595d-3dee-404f-b497-46d7f007dd1c" />
    <UnitTestResult executionId="e76444d3-c670-48c8-8c05-45817c2a4317" testId="aafcf3f4-3ace-f887-640b-e3eaf93d5e49" testName="ConnectCloudCommunicator_ShouldSendSystemReady_WhenFirstTimeConnectedToCloud" computerName="DKSR-EFI-04" duration="00:00:00.0840982" startTime="2023-12-22T09:32:19.5305081+01:00" endTime="2023-12-22T09:32:19.6147627+01:00" testType="13cdc9d9-ddb5-4fa4-a97d-d965ccfc6d4b" outcome="Passed" testListId="8c84fa94-04c1-424b-9868-57a2d4851a1d" relativeResultsDirectory="e76444d3-c670-48c8-8c05-45817c2a4317" />
    <UnitTestResult executionId="2357be40-c707-45ce-9f59-7448952872e3" testId="f08879e5-2d7d-50da-a7d2-8012ce1c6fe9" testName="SendWithRetry_ShouldRetrySendOneResponseUntilSuccess_WhenCalled (TooManyRequests)" computerName="DKSR-EFI-04" duration="00:00:00.1424029" startTime="2023-12-22T09:32:19.0763751+01:00" endTime="2023-12-22T09:32:19.2190162+01:00" testType="13cdc9d9-ddb5-4fa4-a97d-d965ccfc6d4b" outcome="Passed" testListId="8c84fa94-04c1-424b-9868-57a2d4851a1d" relativeResultsDirectory="2357be40-c707-45ce-9f59-7448952872e3" />
    <UnitTestResult executionId="1fd0c2ab-4ab3-457a-9ac1-d3a796f49e55" testId="0b5113b0-5ae8-d40c-a3bd-37bfe6c2125d" testName="Start_ShouldCloudAuthenticatorException_WhenRefreshAwsCredentialsFailsWithExpectedExceptions (System.Net.Http.HttpRequestException)" computerName="DKSR-EFI-04" duration="00:00:00.7748286" startTime="2023-12-22T09:32:14.6236363+01:00" endTime="2023-12-22T09:32:15.4530532+01:00" testType="13cdc9d9-ddb5-4fa4-a97d-d965ccfc6d4b" outcome="Passed" testListId="8c84fa94-04c1-424b-9868-57a2d4851a1d" relativeResultsDirectory="1fd0c2ab-4ab3-457a-9ac1-d3a796f49e55" />
    <UnitTestResult executionId="d8dfd2ef-6ddb-43c1-895e-c9900a799736" testId="dfbb60b1-a1df-6969-154a-9c8172ca4419" testName="ConnectToApiGateway_ShouldStopWithoutErrors_GivenTokenIsCancelledDuringConnect" computerName="DKSR-EFI-04" duration="00:00:00.0277895" startTime="2023-12-22T09:32:19.7807419+01:00" endTime="2023-12-22T09:32:19.8086929+01:00" testType="13cdc9d9-ddb5-4fa4-a97d-d965ccfc6d4b" outcome="Passed" testListId="8c84fa94-04c1-424b-9868-57a2d4851a1d" relativeResultsDirectory="d8dfd2ef-6ddb-43c1-895e-c9900a799736" />
  </Results>
  <TestDefinitions>
    <UnitTest name="Constructor_ShouldThrowAnArgumentNullException_GivenRequestSignerIsNull" storage="d:\actions-runner\_work\xpco\xpco\allsolutions\..\cloudconnector\binaries\videoos.cloudconnector.cloudcommunicator.unittest\bin\debug\net6.0-windows\videoos.cloudconnector.cloudcommunicator.unittest.dll" id="f04a2af6-b28f-9055-96ba-1c7eab524b30">
      <Execution id="7d718eb4-1b02-4ca1-a4a3-f02463bab8f1" />
      <TestMethod codeBase="D:\actions-runner\_work\XPCO\XPCO\AllSolutions\..\CloudConnector\Binaries\VideoOS.CloudConnector.CloudCommunicator.UnitTest\bin\Debug\net6.0-windows\VideoOS.CloudConnector.CloudCommunicator.UnitTest.dll" adapterTypeName="executor://mstestadapter/v2" className="VideoOS.CloudConnector.CloudCommunicator.UnitTest.AWSResponderTest" name="Constructor_ShouldThrowAnArgumentNullException_GivenRequestSignerIsNull" />
    </UnitTest>
    <UnitTest name="Constructor_ShouldThrowAnArgumentNullException_GivenSiteIdIsNull" storage="d:\actions-runner\_work\xpco\xpco\allsolutions\..\cloudconnector\binaries\videoos.cloudconnector.cloudcommunicator.unittest\bin\debug\net6.0-windows\videoos.cloudconnector.cloudcommunicator.unittest.dll" id="30b1db7e-1ce8-1806-195b-865cb9ee9b72">
      <Execution id="20b6cc39-c9fc-4acf-88b1-59e0fad7982b" />
      <TestMethod codeBase="D:\actions-runner\_work\XPCO\XPCO\AllSolutions\..\CloudConnector\Binaries\VideoOS.CloudConnector.CloudCommunicator.UnitTest\bin\Debug\net6.0-windows\VideoOS.CloudConnector.CloudCommunicator.UnitTest.dll" adapterTypeName="executor://mstestadapter/v2" className="VideoOS.CloudConnector.CloudCommunicator.UnitTest.AWSReceiverTest" name="Constructor_ShouldThrowAnArgumentNullException_GivenSiteIdIsNull" />
    </UnitTest>
    <UnitTest name="ConnectApiGateway_ShouldProcessMessageAndSendResponse_WhenMessageIsReceived" storage="d:\actions-runner\_work\xpco\xpco\allsolutions\..\cloudconnector\binaries\videoos.cloudconnector.cloudcommunicator.unittest\bin\debug\net6.0-windows\videoos.cloudconnector.cloudcommunicator.unittest.dll" id="add6ae43-1276-a325-39a0-3beba1ebe186">
      <Execution id="01d2d546-6201-45b8-be81-ec7df7a5829e" />
      <TestMethod codeBase="D:\actions-runner\_work\XPCO\XPCO\AllSolutions\..\CloudConnector\Binaries\VideoOS.CloudConnector.CloudCommunicator.UnitTest\bin\Debug\net6.0-windows\VideoOS.CloudConnector.CloudCommunicator.UnitTest.dll" adapterTypeName="executor://mstestadapter/v2" className="VideoOS.CloudConnector.CloudCommunicator.UnitTest.CloudCommunicatorTest" name="ConnectApiGateway_ShouldProcessMessageAndSendResponse_WhenMessageIsReceived" />
    </UnitTest>
    <UnitTest name="ConnectApiGateway_ShoudReconnect_WhenStartingCloudClientFails" storage="d:\actions-runner\_work\xpco\xpco\allsolutions\..\cloudconnector\binaries\videoos.cloudconnector.cloudcommunicator.unittest\bin\debug\net6.0-windows\videoos.cloudconnector.cloudcommunicator.unittest.dll" id="c1b10c62-43d1-f459-6504-1ca43b782b67">
      <Execution id="e731aabd-841d-4b17-b815-cce8c7236ff2" />
      <TestMethod codeBase="D:\actions-runner\_work\XPCO\XPCO\AllSolutions\..\CloudConnector\Binaries\VideoOS.CloudConnector.CloudCommunicator.UnitTest\bin\Debug\net6.0-windows\VideoOS.CloudConnector.CloudCommunicator.UnitTest.dll" adapterTypeName="executor://mstestadapter/v2" className="VideoOS.CloudConnector.CloudCommunicator.UnitTest.CloudCommunicatorTest" name="ConnectApiGateway_ShoudReconnect_WhenStartingCloudClientFails" />
    </UnitTest>
    <UnitTest name="ConnectApiGateway_ShoudLog3Errors_When3ConnectionFailsWithDifferentExceptions" storage="d:\actions-runner\_work\xpco\xpco\allsolutions\..\cloudconnector\binaries\videoos.cloudconnector.cloudcommunicator.unittest\bin\debug\net6.0-windows\videoos.cloudconnector.cloudcommunicator.unittest.dll" id="c3886460-3cbb-1428-9f34-bc7b12a0b5fb">
      <Execution id="607bf62a-34d9-4136-b5a7-32b279454342" />
      <TestMethod codeBase="D:\actions-runner\_work\XPCO\XPCO\AllSolutions\..\CloudConnector\Binaries\VideoOS.CloudConnector.CloudCommunicator.UnitTest\bin\Debug\net6.0-windows\VideoOS.CloudConnector.CloudCommunicator.UnitTest.dll" adapterTypeName="executor://mstestadapter/v2" className="VideoOS.CloudConnector.CloudCommunicator.UnitTest.CloudCommunicatorTest" name="ConnectApiGateway_ShoudLog3Errors_When3ConnectionFailsWithDifferentExceptions" />
    </UnitTest>
    <UnitTest name="ConnectCloudCommunicator_ShouldBeginSendingHeartbeat_WhenConfiguredAndSystemReady (1,True)" storage="d:\actions-runner\_work\xpco\xpco\allsolutions\..\cloudconnector\binaries\videoos.cloudconnector.cloudcommunicator.unittest\bin\debug\net6.0-windows\videoos.cloudconnector.cloudcommunicator.unittest.dll" id="46dcd9df-e07e-4557-4be4-67ffc1eac6b4">
      <Execution id="364b3e50-8e41-4056-b5a8-b1749e51d035" />
      <TestMethod codeBase="D:\actions-runner\_work\XPCO\XPCO\AllSolutions\..\CloudConnector\Binaries\VideoOS.CloudConnector.CloudCommunicator.UnitTest\bin\Debug\net6.0-windows\VideoOS.CloudConnector.CloudCommunicator.UnitTest.dll" adapterTypeName="executor://mstestadapter/v2" className="VideoOS.CloudConnector.CloudCommunicator.UnitTest.CloudCommunicatorTest" name="ConnectCloudCommunicator_ShouldBeginSendingHeartbeat_WhenConfiguredAndSystemReady" />
    </UnitTest>
    <UnitTest name="Start_ShouldLogSucces_WhenCredentialsCacheIsCreatedSuccessfully" storage="d:\actions-runner\_work\xpco\xpco\allsolutions\..\cloudconnector\binaries\videoos.cloudconnector.cloudcommunicator.unittest\bin\debug\net6.0-windows\videoos.cloudconnector.cloudcommunicator.unittest.dll" id="67a5c9ea-09d1-0920-5ee2-3928649b0b01">
      <Execution id="f2710f01-a995-48d1-9af9-63a249b3433b" />
      <TestMethod codeBase="D:\actions-runner\_work\XPCO\XPCO\AllSolutions\..\CloudConnector\Binaries\VideoOS.CloudConnector.CloudCommunicator.UnitTest\bin\Debug\net6.0-windows\VideoOS.CloudConnector.CloudCommunicator.UnitTest.dll" adapterTypeName="executor://mstestadapter/v2" className="VideoOS.CloudConnector.CloudCommunicator.UnitTest.AWSAuthenticatorTests" name="Start_ShouldLogSucces_WhenCredentialsCacheIsCreatedSuccessfully" />
    </UnitTest>
    <UnitTest name="SendWithRetry_ShouldRetrySendOneResponseUntilSuccess_WhenCalled (GatewayTimeout)" storage="d:\actions-runner\_work\xpco\xpco\allsolutions\..\cloudconnector\binaries\videoos.cloudconnector.cloudcommunicator.unittest\bin\debug\net6.0-windows\videoos.cloudconnector.cloudcommunicator.unittest.dll" id="4c8a4036-8e03-2f26-7b95-ca078f1ba1ba">
      <Execution id="fba6216b-3a21-4a11-97a7-03d72f966205" />
      <TestMethod codeBase="D:\actions-runner\_work\XPCO\XPCO\AllSolutions\..\CloudConnector\Binaries\VideoOS.CloudConnector.CloudCommunicator.UnitTest\bin\Debug\net6.0-windows\VideoOS.CloudConnector.CloudCommunicator.UnitTest.dll" adapterTypeName="executor://mstestadapter/v2" className="VideoOS.CloudConnector.CloudCommunicator.UnitTest.AWSResponderTest" name="SendWithRetry_ShouldRetrySendOneResponseUntilSuccess_WhenCalled" />
    </UnitTest>
    <UnitTest name="Receive_ShouldThrowAnError_WhenConnectHasNotBeenCalledToEstablishAConnection" storage="d:\actions-runner\_work\xpco\xpco\allsolutions\..\cloudconnector\binaries\videoos.cloudconnector.cloudcommunicator.unittest\bin\debug\net6.0-windows\videoos.cloudconnector.cloudcommunicator.unittest.dll" id="d0294298-a0fc-2965-cdff-b85c13b06cc6">
      <Execution id="a32a4a89-dd32-4e94-8a40-7eb17cd1e472" />
      <TestMethod codeBase="D:\actions-runner\_work\XPCO\XPCO\AllSolutions\..\CloudConnector\Binaries\VideoOS.CloudConnector.CloudCommunicator.UnitTest\bin\Debug\net6.0-windows\VideoOS.CloudConnector.CloudCommunicator.UnitTest.dll" adapterTypeName="executor://mstestadapter/v2" className="VideoOS.CloudConnector.CloudCommunicator.UnitTest.AWSReceiverTest" name="Receive_ShouldThrowAnError_WhenConnectHasNotBeenCalledToEstablishAConnection" />
    </UnitTest>
    <UnitTest name="Sign_ShouldReturnSignHeaders_WhenSuccessfully" storage="d:\actions-runner\_work\xpco\xpco\allsolutions\..\cloudconnector\binaries\videoos.cloudconnector.cloudcommunicator.unittest\bin\debug\net6.0-windows\videoos.cloudconnector.cloudcommunicator.unittest.dll" id="46d70fee-079c-8ebc-4f76-c762d7deb942">
      <Execution id="2865e8df-6d8f-45cb-a7e1-d7006c94670e" />
      <TestMethod codeBase="D:\actions-runner\_work\XPCO\XPCO\AllSolutions\..\CloudConnector\Binaries\VideoOS.CloudConnector.CloudCommunicator.UnitTest\bin\Debug\net6.0-windows\VideoOS.CloudConnector.CloudCommunicator.UnitTest.dll" adapterTypeName="executor://mstestadapter/v2" className="VideoOS.CloudConnector.CloudCommunicator.UnitTest.AWSAuthenticatorTests" name="Sign_ShouldReturnSignHeaders_WhenSuccessfully" />
    </UnitTest>
    <UnitTest name="Sign_ShouldNotThrow_WhenSigningWebsocketConnectHeaders" storage="d:\actions-runner\_work\xpco\xpco\allsolutions\..\cloudconnector\binaries\videoos.cloudconnector.cloudcommunicator.unittest\bin\debug\net6.0-windows\videoos.cloudconnector.cloudcommunicator.unittest.dll" id="21a08dff-5b0e-2d6e-92d7-273057bebdc4">
      <Execution id="8fa4595d-3dee-404f-b497-46d7f007dd1c" />
      <TestMethod codeBase="D:\actions-runner\_work\XPCO\XPCO\AllSolutions\..\CloudConnector\Binaries\VideoOS.CloudConnector.CloudCommunicator.UnitTest\bin\Debug\net6.0-windows\VideoOS.CloudConnector.CloudCommunicator.UnitTest.dll" adapterTypeName="executor://mstestadapter/v2" className="VideoOS.CloudConnector.CloudCommunicator.UnitTest.AWSRequestSignerTest" name="Sign_ShouldNotThrow_WhenSigningWebsocketConnectHeaders" />
    </UnitTest>
    <UnitTest name="ConnectApiGateway_ShoudReconnect_WhenConnectionFails" storage="d:\actions-runner\_work\xpco\xpco\allsolutions\..\cloudconnector\binaries\videoos.cloudconnector.cloudcommunicator.unittest\bin\debug\net6.0-windows\videoos.cloudconnector.cloudcommunicator.unittest.dll" id="e84bfe3c-8666-91b8-93bb-71e9ea946785">
      <Execution id="01aff9c0-a678-484c-a801-b649934d47dd" />
      <TestMethod codeBase="D:\actions-runner\_work\XPCO\XPCO\AllSolutions\..\CloudConnector\Binaries\VideoOS.CloudConnector.CloudCommunicator.UnitTest\bin\Debug\net6.0-windows\VideoOS.CloudConnector.CloudCommunicator.UnitTest.dll" adapterTypeName="executor://mstestadapter/v2" className="VideoOS.CloudConnector.CloudCommunicator.UnitTest.CloudCommunicatorTest" name="ConnectApiGateway_ShoudReconnect_WhenConnectionFails" />
    </UnitTest>
    <UnitTest name="ConnectApiGateway_ShoudReconnect_WhenDisconnected" storage="d:\actions-runner\_work\xpco\xpco\allsolutions\..\cloudconnector\binaries\videoos.cloudconnector.cloudcommunicator.unittest\bin\debug\net6.0-windows\videoos.cloudconnector.cloudcommunicator.unittest.dll" id="09e09d60-3bb4-79d7-53bf-48816b378b26">
      <Execution id="11b1743d-5791-430f-9fef-72127f321ec5" />
      <TestMethod codeBase="D:\actions-runner\_work\XPCO\XPCO\AllSolutions\..\CloudConnector\Binaries\VideoOS.CloudConnector.CloudCommunicator.UnitTest\bin\Debug\net6.0-windows\VideoOS.CloudConnector.CloudCommunicator.UnitTest.dll" adapterTypeName="executor://mstestadapter/v2" className="VideoOS.CloudConnector.CloudCommunicator.UnitTest.CloudCommunicatorTest" name="ConnectApiGateway_ShoudReconnect_WhenDisconnected" />
    </UnitTest>
    <UnitTest name="ConnectApiGateway_ShouldLog1ErrorAndNotSend_WhenProcessingFails" storage="d:\actions-runner\_work\xpco\xpco\allsolutions\..\cloudconnector\binaries\videoos.cloudconnector.cloudcommunicator.unittest\bin\debug\net6.0-windows\videoos.cloudconnector.cloudcommunicator.unittest.dll" id="c9babceb-800d-3bc6-5dda-a07aae10df28">
      <Execution id="7d5fa753-e594-4880-9542-1e85a69d1748" />
      <TestMethod codeBase="D:\actions-runner\_work\XPCO\XPCO\AllSolutions\..\CloudConnector\Binaries\VideoOS.CloudConnector.CloudCommunicator.UnitTest\bin\Debug\net6.0-windows\VideoOS.CloudConnector.CloudCommunicator.UnitTest.dll" adapterTypeName="executor://mstestadapter/v2" className="VideoOS.CloudConnector.CloudCommunicator.UnitTest.CloudCommunicatorTest" name="ConnectApiGateway_ShouldLog1ErrorAndNotSend_WhenProcessingFails" />
    </UnitTest>
    <UnitTest name="ConnectCloudCommunicator_ShouldBeginSendingHeartbeat_WhenConfiguredAndSystemReady (0,False)" storage="d:\actions-runner\_work\xpco\xpco\allsolutions\..\cloudconnector\binaries\videoos.cloudconnector.cloudcommunicator.unittest\bin\debug\net6.0-windows\videoos.cloudconnector.cloudcommunicator.unittest.dll" id="b1f9f815-f099-6076-230d-ebd778218076">
      <Execution id="e34163a7-dce6-4379-ba2e-63fdf3f36bd3" />
      <TestMethod codeBase="D:\actions-runner\_work\XPCO\XPCO\AllSolutions\..\CloudConnector\Binaries\VideoOS.CloudConnector.CloudCommunicator.UnitTest\bin\Debug\net6.0-windows\VideoOS.CloudConnector.CloudCommunicator.UnitTest.dll" adapterTypeName="executor://mstestadapter/v2" className="VideoOS.CloudConnector.CloudCommunicator.UnitTest.CloudCommunicatorTest" name="ConnectCloudCommunicator_ShouldBeginSendingHeartbeat_WhenConfiguredAndSystemReady" />
    </UnitTest>
    <UnitTest name="Given_ExponentialBackoffRetryPolicy_When_GetTimeOut_Then_CorrectValuesAreReceived (1000,1)" storage="d:\actions-runner\_work\xpco\xpco\allsolutions\..\cloudconnector\binaries\videoos.cloudconnector.cloudcommunicator.unittest\bin\debug\net6.0-windows\videoos.cloudconnector.cloudcommunicator.unittest.dll" id="1105107b-d2ff-5226-c7ee-632de05291d8">
      <Execution id="47ba199d-353d-4884-9fd8-8c6f2ebefb59" />
      <TestMethod codeBase="D:\actions-runner\_work\XPCO\XPCO\AllSolutions\..\CloudConnector\Binaries\VideoOS.CloudConnector.CloudCommunicator.UnitTest\bin\Debug\net6.0-windows\VideoOS.CloudConnector.CloudCommunicator.UnitTest.dll" adapterTypeName="executor://mstestadapter/v2" className="VideoOS.CloudConnector.CloudCommunicator.UnitTest.RetryPolicyTest" name="Given_ExponentialBackoffRetryPolicy_When_GetTimeOut_Then_CorrectValuesAreReceived" />
    </UnitTest>
    <UnitTest name="Constructor_ShouldThrowAnArgumentNullException_GivenClientWebSocketFactoryIsNull" storage="d:\actions-runner\_work\xpco\xpco\allsolutions\..\cloudconnector\binaries\videoos.cloudconnector.cloudcommunicator.unittest\bin\debug\net6.0-windows\videoos.cloudconnector.cloudcommunicator.unittest.dll" id="57e3fd3f-0c96-ccda-f2e5-c58081e2a0f0">
      <Execution id="3b934e68-c0d3-4b0c-9327-1f2a2d470d95" />
      <TestMethod codeBase="D:\actions-runner\_work\XPCO\XPCO\AllSolutions\..\CloudConnector\Binaries\VideoOS.CloudConnector.CloudCommunicator.UnitTest\bin\Debug\net6.0-windows\VideoOS.CloudConnector.CloudCommunicator.UnitTest.dll" adapterTypeName="executor://mstestadapter/v2" className="VideoOS.CloudConnector.CloudCommunicator.UnitTest.AWSReceiverTest" name="Constructor_ShouldThrowAnArgumentNullException_GivenClientWebSocketFactoryIsNull" />
    </UnitTest>
    <UnitTest name="Given_EventSenderSometimesReturnsErrors_When_SendingHeartbeats_Then_TheChangedErrorStateShouldBeLoggedOnce" storage="d:\actions-runner\_work\xpco\xpco\allsolutions\..\cloudconnector\binaries\videoos.cloudconnector.cloudcommunicator.unittest\bin\debug\net6.0-windows\videoos.cloudconnector.cloudcommunicator.unittest.dll" id="e2b14d8d-ab65-b189-79bf-c804eec37058">
      <Execution id="2f3d9268-f9e1-49e2-acff-24cbf067c865" />
      <TestMethod codeBase="D:\actions-runner\_work\XPCO\XPCO\AllSolutions\..\CloudConnector\Binaries\VideoOS.CloudConnector.CloudCommunicator.UnitTest\bin\Debug\net6.0-windows\VideoOS.CloudConnector.CloudCommunicator.UnitTest.dll" adapterTypeName="executor://mstestadapter/v2" className="VideoOS.CloudConnector.CloudCommunicator.UnitTest.CloudConnectorHeartbeatTest" name="Given_EventSenderSometimesReturnsErrors_When_SendingHeartbeats_Then_TheChangedErrorStateShouldBeLoggedOnce" />
    </UnitTest>
    <UnitTest name="Given_ConnectASyncWithRenewConnectionIntervel_When_IntervalTimeout_Then_ConnectionIsRenewed" storage="d:\actions-runner\_work\xpco\xpco\allsolutions\..\cloudconnector\binaries\videoos.cloudconnector.cloudcommunicator.unittest\bin\debug\net6.0-windows\videoos.cloudconnector.cloudcommunicator.unittest.dll" id="df9733d3-3d1b-4ae9-ee93-47dafb9bb990">
      <Execution id="94b986a3-607e-43db-a029-d6338f120294" />
      <TestMethod codeBase="D:\actions-runner\_work\XPCO\XPCO\AllSolutions\..\CloudConnector\Binaries\VideoOS.CloudConnector.CloudCommunicator.UnitTest\bin\Debug\net6.0-windows\VideoOS.CloudConnector.CloudCommunicator.UnitTest.dll" adapterTypeName="executor://mstestadapter/v2" className="VideoOS.CloudConnector.CloudCommunicator.UnitTest.AWSReceiverTest" name="Given_ConnectASyncWithRenewConnectionIntervel_When_IntervalTimeout_Then_ConnectionIsRenewed" />
    </UnitTest>
    <UnitTest name="Connect_ShouldConnectToUri" storage="d:\actions-runner\_work\xpco\xpco\allsolutions\..\cloudconnector\binaries\videoos.cloudconnector.cloudcommunicator.unittest\bin\debug\net6.0-windows\videoos.cloudconnector.cloudcommunicator.unittest.dll" id="7eca2616-da2e-fb14-4749-07b230416b98">
      <Execution id="fa06a47b-6be6-4b86-abac-716b3a05a5a1" />
      <TestMethod codeBase="D:\actions-runner\_work\XPCO\XPCO\AllSolutions\..\CloudConnector\Binaries\VideoOS.CloudConnector.CloudCommunicator.UnitTest\bin\Debug\net6.0-windows\VideoOS.CloudConnector.CloudCommunicator.UnitTest.dll" adapterTypeName="executor://mstestadapter/v2" className="VideoOS.CloudConnector.CloudCommunicator.UnitTest.AWSReceiverTest" name="Connect_ShouldConnectToUri" />
    </UnitTest>
    <UnitTest name="ConnectCloudCommunicator_ShouldSendSystemReadyOnlyOnce_WhenMultipleReconnectsToCloud" storage="d:\actions-runner\_work\xpco\xpco\allsolutions\..\cloudconnector\binaries\videoos.cloudconnector.cloudcommunicator.unittest\bin\debug\net6.0-windows\videoos.cloudconnector.cloudcommunicator.unittest.dll" id="6b3b171f-6e84-0f66-cf32-53e50e738615">
      <Execution id="e5c5851d-ed8e-4904-ace8-7b7972e4c51f" />
      <TestMethod codeBase="D:\actions-runner\_work\XPCO\XPCO\AllSolutions\..\CloudConnector\Binaries\VideoOS.CloudConnector.CloudCommunicator.UnitTest\bin\Debug\net6.0-windows\VideoOS.CloudConnector.CloudCommunicator.UnitTest.dll" adapterTypeName="executor://mstestadapter/v2" className="VideoOS.CloudConnector.CloudCommunicator.UnitTest.CloudCommunicatorTest" name="ConnectCloudCommunicator_ShouldSendSystemReadyOnlyOnce_WhenMultipleReconnectsToCloud" />
    </UnitTest>
    <UnitTest name="Constructor_ShouldThrowAnArgumentNullException_GivenHttpClientFactoryIsNull" storage="d:\actions-runner\_work\xpco\xpco\allsolutions\..\cloudconnector\binaries\videoos.cloudconnector.cloudcommunicator.unittest\bin\debug\net6.0-windows\videoos.cloudconnector.cloudcommunicator.unittest.dll" id="66a90f76-f49a-9f0e-21c4-45c0abf2dd5b">
      <Execution id="c2721f85-fae7-4e71-9f74-17f45bcc4ce4" />
      <TestMethod codeBase="D:\actions-runner\_work\XPCO\XPCO\AllSolutions\..\CloudConnector\Binaries\VideoOS.CloudConnector.CloudCommunicator.UnitTest\bin\Debug\net6.0-windows\VideoOS.CloudConnector.CloudCommunicator.UnitTest.dll" adapterTypeName="executor://mstestadapter/v2" className="VideoOS.CloudConnector.CloudCommunicator.UnitTest.AWSResponderTest" name="Constructor_ShouldThrowAnArgumentNullException_GivenHttpClientFactoryIsNull" />
    </UnitTest>
    <UnitTest name="Constructor_ShouldThrowAnArgumentNullException_GivenLoggerIsNull" storage="d:\actions-runner\_work\xpco\xpco\allsolutions\..\cloudconnector\binaries\videoos.cloudconnector.cloudcommunicator.unittest\bin\debug\net6.0-windows\videoos.cloudconnector.cloudcommunicator.unittest.dll" id="66ad7266-d8ea-fa6f-1263-33969e927662">
      <Execution id="f38cf1b3-a899-4625-ae99-5e13ae79e312" />
      <TestMethod codeBase="D:\actions-runner\_work\XPCO\XPCO\AllSolutions\..\CloudConnector\Binaries\VideoOS.CloudConnector.CloudCommunicator.UnitTest\bin\Debug\net6.0-windows\VideoOS.CloudConnector.CloudCommunicator.UnitTest.dll" adapterTypeName="executor://mstestadapter/v2" className="VideoOS.CloudConnector.CloudCommunicator.UnitTest.CloudCommunicatorTest" name="Constructor_ShouldThrowAnArgumentNullException_GivenLoggerIsNull" />
    </UnitTest>
    <UnitTest name="Constructor_ShouldThrowAnArgumentNullException_GivenCloudEnpointIsNull" storage="d:\actions-runner\_work\xpco\xpco\allsolutions\..\cloudconnector\binaries\videoos.cloudconnector.cloudcommunicator.unittest\bin\debug\net6.0-windows\videoos.cloudconnector.cloudcommunicator.unittest.dll" id="b672605d-a9fb-41ca-8878-983ad4673dfc">
      <Execution id="a4b19188-6789-4acf-bc55-848dd4611207" />
      <TestMethod codeBase="D:\actions-runner\_work\XPCO\XPCO\AllSolutions\..\CloudConnector\Binaries\VideoOS.CloudConnector.CloudCommunicator.UnitTest\bin\Debug\net6.0-windows\VideoOS.CloudConnector.CloudCommunicator.UnitTest.dll" adapterTypeName="executor://mstestadapter/v2" className="VideoOS.CloudConnector.CloudCommunicator.UnitTest.CloudCommunicatorTest" name="Constructor_ShouldThrowAnArgumentNullException_GivenCloudEnpointIsNull" />
    </UnitTest>
    <UnitTest name="Send_ShouldSendOneResponseIncludingSignedHeaders_WhenCalled" storage="d:\actions-runner\_work\xpco\xpco\allsolutions\..\cloudconnector\binaries\videoos.cloudconnector.cloudcommunicator.unittest\bin\debug\net6.0-windows\videoos.cloudconnector.cloudcommunicator.unittest.dll" id="46123340-bcff-b46f-e262-7695bcc5bcfb">
      <Execution id="094b05d4-16be-484b-8d39-257b0cee6780" />
      <TestMethod codeBase="D:\actions-runner\_work\XPCO\XPCO\AllSolutions\..\CloudConnector\Binaries\VideoOS.CloudConnector.CloudCommunicator.UnitTest\bin\Debug\net6.0-windows\VideoOS.CloudConnector.CloudCommunicator.UnitTest.dll" adapterTypeName="executor://mstestadapter/v2" className="VideoOS.CloudConnector.CloudCommunicator.UnitTest.AWSResponderTest" name="Send_ShouldSendOneResponseIncludingSignedHeaders_WhenCalled" />
    </UnitTest>
    <UnitTest name="Constructor_ShouldThrowAnArgumentNullException_GivenCloudClientIsNull" storage="d:\actions-runner\_work\xpco\xpco\allsolutions\..\cloudconnector\binaries\videoos.cloudconnector.cloudcommunicator.unittest\bin\debug\net6.0-windows\videoos.cloudconnector.cloudcommunicator.unittest.dll" id="aecd3a75-4668-6cb8-2323-e8a701c65680">
      <Execution id="afb0452d-03d5-4e76-a2ad-c0093d2caa88" />
      <TestMethod codeBase="D:\actions-runner\_work\XPCO\XPCO\AllSolutions\..\CloudConnector\Binaries\VideoOS.CloudConnector.CloudCommunicator.UnitTest\bin\Debug\net6.0-windows\VideoOS.CloudConnector.CloudCommunicator.UnitTest.dll" adapterTypeName="executor://mstestadapter/v2" className="VideoOS.CloudConnector.CloudCommunicator.UnitTest.CloudCommunicatorTest" name="Constructor_ShouldThrowAnArgumentNullException_GivenCloudClientIsNull" />
    </UnitTest>
    <UnitTest name="Sign_ShouldNotThrow_WhenSigningHttpResponseHeadersFromMultipleThreads" storage="d:\actions-runner\_work\xpco\xpco\allsolutions\..\cloudconnector\binaries\videoos.cloudconnector.cloudcommunicator.unittest\bin\debug\net6.0-windows\videoos.cloudconnector.cloudcommunicator.unittest.dll" id="fa38a724-05f1-0bb7-abaa-d690000fb28b">
      <Execution id="83862876-16f7-41d6-9f61-1ceeb013dd50" />
      <TestMethod codeBase="D:\actions-runner\_work\XPCO\XPCO\AllSolutions\..\CloudConnector\Binaries\VideoOS.CloudConnector.CloudCommunicator.UnitTest\bin\Debug\net6.0-windows\VideoOS.CloudConnector.CloudCommunicator.UnitTest.dll" adapterTypeName="executor://mstestadapter/v2" className="VideoOS.CloudConnector.CloudCommunicator.UnitTest.AWSRequestSignerTest" name="Sign_ShouldNotThrow_WhenSigningHttpResponseHeadersFromMultipleThreads" />
    </UnitTest>
    <UnitTest name="SendWithRetry_ShouldRetrySendOneResponseUntilSuccess_WhenCalled (TooManyRequests)" storage="d:\actions-runner\_work\xpco\xpco\allsolutions\..\cloudconnector\binaries\videoos.cloudconnector.cloudcommunicator.unittest\bin\debug\net6.0-windows\videoos.cloudconnector.cloudcommunicator.unittest.dll" id="f08879e5-2d7d-50da-a7d2-8012ce1c6fe9">
      <Execution id="2357be40-c707-45ce-9f59-7448952872e3" />
      <TestMethod codeBase="D:\actions-runner\_work\XPCO\XPCO\AllSolutions\..\CloudConnector\Binaries\VideoOS.CloudConnector.CloudCommunicator.UnitTest\bin\Debug\net6.0-windows\VideoOS.CloudConnector.CloudCommunicator.UnitTest.dll" adapterTypeName="executor://mstestadapter/v2" className="VideoOS.CloudConnector.CloudCommunicator.UnitTest.AWSResponderTest" name="SendWithRetry_ShouldRetrySendOneResponseUntilSuccess_WhenCalled" />
    </UnitTest>
    <UnitTest name="Given_Nothing_When_SendEvent_Then_EventMessageIsSentToTheCloud" storage="d:\actions-runner\_work\xpco\xpco\allsolutions\..\cloudconnector\binaries\videoos.cloudconnector.cloudcommunicator.unittest\bin\debug\net6.0-windows\videoos.cloudconnector.cloudcommunicator.unittest.dll" id="0640d355-86cc-2b5d-c04f-728b3402c30f">
      <Execution id="6d8c8a8b-3c0e-4cb7-9174-55b347c5dc34" />
      <TestMethod codeBase="D:\actions-runner\_work\XPCO\XPCO\AllSolutions\..\CloudConnector\Binaries\VideoOS.CloudConnector.CloudCommunicator.UnitTest\bin\Debug\net6.0-windows\VideoOS.CloudConnector.CloudCommunicator.UnitTest.dll" adapterTypeName="executor://mstestadapter/v2" className="VideoOS.CloudConnector.CloudCommunicator.UnitTest.CloudConnectorCloudEventSenderTest" name="Given_Nothing_When_SendEvent_Then_EventMessageIsSentToTheCloud" />
    </UnitTest>
    <UnitTest name="Constructor_ShouldThrowAnArgumentNullException_GivenConfigurationQueryModelIsNull" storage="d:\actions-runner\_work\xpco\xpco\allsolutions\..\cloudconnector\binaries\videoos.cloudconnector.cloudcommunicator.unittest\bin\debug\net6.0-windows\videoos.cloudconnector.cloudcommunicator.unittest.dll" id="6e7c2e76-84cf-8fbc-eb67-1fa21dd46ad9">
      <Execution id="c8701e58-2bf0-4a80-9df7-2aaa8466f849" />
      <TestMethod codeBase="D:\actions-runner\_work\XPCO\XPCO\AllSolutions\..\CloudConnector\Binaries\VideoOS.CloudConnector.CloudCommunicator.UnitTest\bin\Debug\net6.0-windows\VideoOS.CloudConnector.CloudCommunicator.UnitTest.dll" adapterTypeName="executor://mstestadapter/v2" className="VideoOS.CloudConnector.CloudCommunicator.UnitTest.CloudCommunicatorTest" name="Constructor_ShouldThrowAnArgumentNullException_GivenConfigurationQueryModelIsNull" />
    </UnitTest>
    <UnitTest name="Send_ShouldThrowAnErrorWhenTheResponseWasNotSuccessful" storage="d:\actions-runner\_work\xpco\xpco\allsolutions\..\cloudconnector\binaries\videoos.cloudconnector.cloudcommunicator.unittest\bin\debug\net6.0-windows\videoos.cloudconnector.cloudcommunicator.unittest.dll" id="e7da7ce0-10be-e210-b20b-c2931fae9de9">
      <Execution id="e9fd2a62-da6f-40f3-bc49-4986e56afb39" />
      <TestMethod codeBase="D:\actions-runner\_work\XPCO\XPCO\AllSolutions\..\CloudConnector\Binaries\VideoOS.CloudConnector.CloudCommunicator.UnitTest\bin\Debug\net6.0-windows\VideoOS.CloudConnector.CloudCommunicator.UnitTest.dll" adapterTypeName="executor://mstestadapter/v2" className="VideoOS.CloudConnector.CloudCommunicator.UnitTest.AWSResponderTest" name="Send_ShouldThrowAnErrorWhenTheResponseWasNotSuccessful" />
    </UnitTest>
    <UnitTest name="ConnectCloudCommunicator_ShouldSendSystemReady_WhenFirstTimeConnectedToCloud" storage="d:\actions-runner\_work\xpco\xpco\allsolutions\..\cloudconnector\binaries\videoos.cloudconnector.cloudcommunicator.unittest\bin\debug\net6.0-windows\videoos.cloudconnector.cloudcommunicator.unittest.dll" id="aafcf3f4-3ace-f887-640b-e3eaf93d5e49">
      <Execution id="e76444d3-c670-48c8-8c05-45817c2a4317" />
      <TestMethod codeBase="D:\actions-runner\_work\XPCO\XPCO\AllSolutions\..\CloudConnector\Binaries\VideoOS.CloudConnector.CloudCommunicator.UnitTest\bin\Debug\net6.0-windows\VideoOS.CloudConnector.CloudCommunicator.UnitTest.dll" adapterTypeName="executor://mstestadapter/v2" className="VideoOS.CloudConnector.CloudCommunicator.UnitTest.CloudCommunicatorTest" name="ConnectCloudCommunicator_ShouldSendSystemReady_WhenFirstTimeConnectedToCloud" />
    </UnitTest>
    <UnitTest name="Given_EventSenderTimesOutOccasionally_When_SendingHeartBeats_Then_AHeartBeatAttemptIsMadeWithSpecifiedIntervals" storage="d:\actions-runner\_work\xpco\xpco\allsolutions\..\cloudconnector\binaries\videoos.cloudconnector.cloudcommunicator.unittest\bin\debug\net6.0-windows\videoos.cloudconnector.cloudcommunicator.unittest.dll" id="fb86576f-228e-ef6f-2063-79c973b902a9">
      <Execution id="680758bf-ee59-47d9-ba96-52020a087068" />
      <TestMethod codeBase="D:\actions-runner\_work\XPCO\XPCO\AllSolutions\..\CloudConnector\Binaries\VideoOS.CloudConnector.CloudCommunicator.UnitTest\bin\Debug\net6.0-windows\VideoOS.CloudConnector.CloudCommunicator.UnitTest.dll" adapterTypeName="executor://mstestadapter/v2" className="VideoOS.CloudConnector.CloudCommunicator.UnitTest.CloudConnectorHeartbeatTest" name="Given_EventSenderTimesOutOccasionally_When_SendingHeartBeats_Then_AHeartBeatAttemptIsMadeWithSpecifiedIntervals" />
    </UnitTest>
    <UnitTest name="Given_ExponentialBackoffRetryPolicy_When_GetTimeOut_Then_CorrectValuesAreReceived (1000,6)" storage="d:\actions-runner\_work\xpco\xpco\allsolutions\..\cloudconnector\binaries\videoos.cloudconnector.cloudcommunicator.unittest\bin\debug\net6.0-windows\videoos.cloudconnector.cloudcommunicator.unittest.dll" id="75dc9d8f-7bb5-9bbe-753b-cfd87a56349e">
      <Execution id="6cc590ff-dfd5-4bc4-86ca-c6c7b4aeada3" />
      <TestMethod codeBase="D:\actions-runner\_work\XPCO\XPCO\AllSolutions\..\CloudConnector\Binaries\VideoOS.CloudConnector.CloudCommunicator.UnitTest\bin\Debug\net6.0-windows\VideoOS.CloudConnector.CloudCommunicator.UnitTest.dll" adapterTypeName="executor://mstestadapter/v2" className="VideoOS.CloudConnector.CloudCommunicator.UnitTest.RetryPolicyTest" name="Given_ExponentialBackoffRetryPolicy_When_GetTimeOut_Then_CorrectValuesAreReceived" />
    </UnitTest>
    <UnitTest name="SendWithRetry_ShouldDelayRemainingTime_WhenServerErrorIsSentWithDelay" storage="d:\actions-runner\_work\xpco\xpco\allsolutions\..\cloudconnector\binaries\videoos.cloudconnector.cloudcommunicator.unittest\bin\debug\net6.0-windows\videoos.cloudconnector.cloudcommunicator.unittest.dll" id="b1f3496d-e419-205e-6706-f661dfd3ea2b">
      <Execution id="ba76d887-181d-442c-ae1b-7c1596a88727" />
      <TestMethod codeBase="D:\actions-runner\_work\XPCO\XPCO\AllSolutions\..\CloudConnector\Binaries\VideoOS.CloudConnector.CloudCommunicator.UnitTest\bin\Debug\net6.0-windows\VideoOS.CloudConnector.CloudCommunicator.UnitTest.dll" adapterTypeName="executor://mstestadapter/v2" className="VideoOS.CloudConnector.CloudCommunicator.UnitTest.AWSResponderTest" name="SendWithRetry_ShouldDelayRemainingTime_WhenServerErrorIsSentWithDelay" />
    </UnitTest>
    <UnitTest name="Sign_ShouldNotThrow_WhenSigningHttpResponseHeaders" storage="d:\actions-runner\_work\xpco\xpco\allsolutions\..\cloudconnector\binaries\videoos.cloudconnector.cloudcommunicator.unittest\bin\debug\net6.0-windows\videoos.cloudconnector.cloudcommunicator.unittest.dll" id="47daeb57-2014-f1c9-6c5f-e67193f787c4">
      <Execution id="12694217-ede5-408e-9f01-d64ac04e8c4b" />
      <TestMethod codeBase="D:\actions-runner\_work\XPCO\XPCO\AllSolutions\..\CloudConnector\Binaries\VideoOS.CloudConnector.CloudCommunicator.UnitTest\bin\Debug\net6.0-windows\VideoOS.CloudConnector.CloudCommunicator.UnitTest.dll" adapterTypeName="executor://mstestadapter/v2" className="VideoOS.CloudConnector.CloudCommunicator.UnitTest.AWSRequestSignerTest" name="Sign_ShouldNotThrow_WhenSigningHttpResponseHeaders" />
    </UnitTest>
    <UnitTest name="SendWithRetry_ShouldRetryUntillTimeout_WhenCalled" storage="d:\actions-runner\_work\xpco\xpco\allsolutions\..\cloudconnector\binaries\videoos.cloudconnector.cloudcommunicator.unittest\bin\debug\net6.0-windows\videoos.cloudconnector.cloudcommunicator.unittest.dll" id="9d86bafa-68c1-20ad-fa1a-925f05b66b27">
      <Execution id="03b8bc8a-e962-41b0-85b6-6cb9e5ac6021" />
      <TestMethod codeBase="D:\actions-runner\_work\XPCO\XPCO\AllSolutions\..\CloudConnector\Binaries\VideoOS.CloudConnector.CloudCommunicator.UnitTest\bin\Debug\net6.0-windows\VideoOS.CloudConnector.CloudCommunicator.UnitTest.dll" adapterTypeName="executor://mstestadapter/v2" className="VideoOS.CloudConnector.CloudCommunicator.UnitTest.AWSResponderTest" name="SendWithRetry_ShouldRetryUntillTimeout_WhenCalled" />
    </UnitTest>
    <UnitTest name="Constructor_ShouldThrowAnArgumentNullException_GivenRequestSignerIsNull" storage="d:\actions-runner\_work\xpco\xpco\allsolutions\..\cloudconnector\binaries\videoos.cloudconnector.cloudcommunicator.unittest\bin\debug\net6.0-windows\videoos.cloudconnector.cloudcommunicator.unittest.dll" id="e757385c-e078-9438-7933-3720e564503c">
      <Execution id="5256e948-b03e-4ba0-8cab-8144f0a82061" />
      <TestMethod codeBase="D:\actions-runner\_work\XPCO\XPCO\AllSolutions\..\CloudConnector\Binaries\VideoOS.CloudConnector.CloudCommunicator.UnitTest\bin\Debug\net6.0-windows\VideoOS.CloudConnector.CloudCommunicator.UnitTest.dll" adapterTypeName="executor://mstestadapter/v2" className="VideoOS.CloudConnector.CloudCommunicator.UnitTest.AWSReceiverTest" name="Constructor_ShouldThrowAnArgumentNullException_GivenRequestSignerIsNull" />
    </UnitTest>
    <UnitTest name="ConnectApiGateway_ShoudLog1Error_When3ConnectionFailsWithSameException" storage="d:\actions-runner\_work\xpco\xpco\allsolutions\..\cloudconnector\binaries\videoos.cloudconnector.cloudcommunicator.unittest\bin\debug\net6.0-windows\videoos.cloudconnector.cloudcommunicator.unittest.dll" id="936dee91-4002-1882-243f-6851010d1b3b">
      <Execution id="1a989def-070a-400c-bc02-599a8c490507" />
      <TestMethod codeBase="D:\actions-runner\_work\XPCO\XPCO\AllSolutions\..\CloudConnector\Binaries\VideoOS.CloudConnector.CloudCommunicator.UnitTest\bin\Debug\net6.0-windows\VideoOS.CloudConnector.CloudCommunicator.UnitTest.dll" adapterTypeName="executor://mstestadapter/v2" className="VideoOS.CloudConnector.CloudCommunicator.UnitTest.CloudCommunicatorTest" name="ConnectApiGateway_ShoudLog1Error_When3ConnectionFailsWithSameException" />
    </UnitTest>
    <UnitTest name="Constructor_ShouldThrowAnArgumentNullException_GivenMessageProcessorIsNull" storage="d:\actions-runner\_work\xpco\xpco\allsolutions\..\cloudconnector\binaries\videoos.cloudconnector.cloudcommunicator.unittest\bin\debug\net6.0-windows\videoos.cloudconnector.cloudcommunicator.unittest.dll" id="0ae7f1de-4151-67cc-af1a-d186a3f52998">
      <Execution id="05f0aff1-db9a-4894-9d86-45a02063aaa5" />
      <TestMethod codeBase="D:\actions-runner\_work\XPCO\XPCO\AllSolutions\..\CloudConnector\Binaries\VideoOS.CloudConnector.CloudCommunicator.UnitTest\bin\Debug\net6.0-windows\VideoOS.CloudConnector.CloudCommunicator.UnitTest.dll" adapterTypeName="executor://mstestadapter/v2" className="VideoOS.CloudConnector.CloudCommunicator.UnitTest.CloudCommunicatorTest" name="Constructor_ShouldThrowAnArgumentNullException_GivenMessageProcessorIsNull" />
    </UnitTest>
    <UnitTest name="ConnectToApiGateway_ShouldStopWithoutErrors_GivenTokenIsCancelledDuringConnect" storage="d:\actions-runner\_work\xpco\xpco\allsolutions\..\cloudconnector\binaries\videoos.cloudconnector.cloudcommunicator.unittest\bin\debug\net6.0-windows\videoos.cloudconnector.cloudcommunicator.unittest.dll" id="dfbb60b1-a1df-6969-154a-9c8172ca4419">
      <Execution id="d8dfd2ef-6ddb-43c1-895e-c9900a799736" />
      <TestMethod codeBase="D:\actions-runner\_work\XPCO\XPCO\AllSolutions\..\CloudConnector\Binaries\VideoOS.CloudConnector.CloudCommunicator.UnitTest\bin\Debug\net6.0-windows\VideoOS.CloudConnector.CloudCommunicator.UnitTest.dll" adapterTypeName="executor://mstestadapter/v2" className="VideoOS.CloudConnector.CloudCommunicator.UnitTest.CloudCommunicatorTest" name="ConnectToApiGateway_ShouldStopWithoutErrors_GivenTokenIsCancelledDuringConnect" />
    </UnitTest>
    <UnitTest name="Connect_ShouldThrowAnErrorWhenWebSocketFailsToConnect" storage="d:\actions-runner\_work\xpco\xpco\allsolutions\..\cloudconnector\binaries\videoos.cloudconnector.cloudcommunicator.unittest\bin\debug\net6.0-windows\videoos.cloudconnector.cloudcommunicator.unittest.dll" id="bc60ff28-650a-a579-c8aa-3e3411b3a0bd">
      <Execution id="b1625be9-6755-4a63-b8cb-6e6797492fde" />
      <TestMethod codeBase="D:\actions-runner\_work\XPCO\XPCO\AllSolutions\..\CloudConnector\Binaries\VideoOS.CloudConnector.CloudCommunicator.UnitTest\bin\Debug\net6.0-windows\VideoOS.CloudConnector.CloudCommunicator.UnitTest.dll" adapterTypeName="executor://mstestadapter/v2" className="VideoOS.CloudConnector.CloudCommunicator.UnitTest.AWSReceiverTest" name="Connect_ShouldThrowAnErrorWhenWebSocketFailsToConnect" />
    </UnitTest>
    <UnitTest name="Start_ShouldCloudAuthenticatorException_WhenRefreshAwsCredentialsFailsWithExpectedExceptions" storage="d:\actions-runner\_work\xpco\xpco\allsolutions\..\cloudconnector\binaries\videoos.cloudconnector.cloudcommunicator.unittest\bin\debug\net6.0-windows\videoos.cloudconnector.cloudcommunicator.unittest.dll" id="0b5113b0-5ae8-d40c-a3bd-37bfe6c2125d">
      <Execution id="1fd0c2ab-4ab3-457a-9ac1-d3a796f49e55" />
      <TestMethod codeBase="D:\actions-runner\_work\XPCO\XPCO\AllSolutions\..\CloudConnector\Binaries\VideoOS.CloudConnector.CloudCommunicator.UnitTest\bin\Debug\net6.0-windows\VideoOS.CloudConnector.CloudCommunicator.UnitTest.dll" adapterTypeName="executor://mstestadapter/v2" className="VideoOS.CloudConnector.CloudCommunicator.UnitTest.AWSAuthenticatorTests" name="Start_ShouldCloudAuthenticatorException_WhenRefreshAwsCredentialsFailsWithExpectedExceptions" />
    </UnitTest>
    <UnitTest name="Given_EventSenderTimesOut_When_SendingHeartBeats_Then_AHeartBeatAttemptIsMadeWithSpecifiedIntervals" storage="d:\actions-runner\_work\xpco\xpco\allsolutions\..\cloudconnector\binaries\videoos.cloudconnector.cloudcommunicator.unittest\bin\debug\net6.0-windows\videoos.cloudconnector.cloudcommunicator.unittest.dll" id="4a067bf9-bdb8-038e-a99b-affc1fae0a36">
      <Execution id="94b4f9ff-ee74-4302-ba00-80680069567c" />
      <TestMethod codeBase="D:\actions-runner\_work\XPCO\XPCO\AllSolutions\..\CloudConnector\Binaries\VideoOS.CloudConnector.CloudCommunicator.UnitTest\bin\Debug\net6.0-windows\VideoOS.CloudConnector.CloudCommunicator.UnitTest.dll" adapterTypeName="executor://mstestadapter/v2" className="VideoOS.CloudConnector.CloudCommunicator.UnitTest.CloudConnectorHeartbeatTest" name="Given_EventSenderTimesOut_When_SendingHeartBeats_Then_AHeartBeatAttemptIsMadeWithSpecifiedIntervals" />
    </UnitTest>
    <UnitTest name="ConnectApiGateway_ShouldProcess5MessagesAnd5SendResponses_When5MessagesAreReceived" storage="d:\actions-runner\_work\xpco\xpco\allsolutions\..\cloudconnector\binaries\videoos.cloudconnector.cloudcommunicator.unittest\bin\debug\net6.0-windows\videoos.cloudconnector.cloudcommunicator.unittest.dll" id="f8a79dd8-8155-712b-eacd-927a953c0426">
      <Execution id="d3898a81-68b2-444f-975b-7852d7b69e56" />
      <TestMethod codeBase="D:\actions-runner\_work\XPCO\XPCO\AllSolutions\..\CloudConnector\Binaries\VideoOS.CloudConnector.CloudCommunicator.UnitTest\bin\Debug\net6.0-windows\VideoOS.CloudConnector.CloudCommunicator.UnitTest.dll" adapterTypeName="executor://mstestadapter/v2" className="VideoOS.CloudConnector.CloudCommunicator.UnitTest.CloudCommunicatorTest" name="ConnectApiGateway_ShouldProcess5MessagesAnd5SendResponses_When5MessagesAreReceived" />
    </UnitTest>
    <UnitTest name="Connect_ShouldThrowAnErrorWhenWebSocketReturnsErrorResponse" storage="d:\actions-runner\_work\xpco\xpco\allsolutions\..\cloudconnector\binaries\videoos.cloudconnector.cloudcommunicator.unittest\bin\debug\net6.0-windows\videoos.cloudconnector.cloudcommunicator.unittest.dll" id="5658ff27-d72f-4a4a-cf6a-3b796b9a39db">
      <Execution id="4b40b9d1-f975-4297-8058-f62ea0276308" />
      <TestMethod codeBase="D:\actions-runner\_work\XPCO\XPCO\AllSolutions\..\CloudConnector\Binaries\VideoOS.CloudConnector.CloudCommunicator.UnitTest\bin\Debug\net6.0-windows\VideoOS.CloudConnector.CloudCommunicator.UnitTest.dll" adapterTypeName="executor://mstestadapter/v2" className="VideoOS.CloudConnector.CloudCommunicator.UnitTest.AWSReceiverTest" name="Connect_ShouldThrowAnErrorWhenWebSocketReturnsErrorResponse" />
    </UnitTest>
  </TestDefinitions>
  <TestEntries>
    <TestEntry testId="47daeb57-2014-f1c9-6c5f-e67193f787c4" executionId="12694217-ede5-408e-9f01-d64ac04e8c4b" testListId="8c84fa94-04c1-424b-9868-57a2d4851a1d" />
    <TestEntry testId="d0294298-a0fc-2965-cdff-b85c13b06cc6" executionId="a32a4a89-dd32-4e94-8a40-7eb17cd1e472" testListId="8c84fa94-04c1-424b-9868-57a2d4851a1d" />
    <TestEntry testId="b1f3496d-e419-205e-6706-f661dfd3ea2b" executionId="ba76d887-181d-442c-ae1b-7c1596a88727" testListId="8c84fa94-04c1-424b-9868-57a2d4851a1d" />
    <TestEntry testId="fa38a724-05f1-0bb7-abaa-d690000fb28b" executionId="83862876-16f7-41d6-9f61-1ceeb013dd50" testListId="8c84fa94-04c1-424b-9868-57a2d4851a1d" />
    <TestEntry testId="66a90f76-f49a-9f0e-21c4-45c0abf2dd5b" executionId="c2721f85-fae7-4e71-9f74-17f45bcc4ce4" testListId="8c84fa94-04c1-424b-9868-57a2d4851a1d" />
    <TestEntry testId="0b5113b0-5ae8-d40c-a3bd-37bfe6c2125d" executionId="bb8eb1d5-6f6b-415d-b92d-d8e7d26907f1" testListId="8c84fa94-04c1-424b-9868-57a2d4851a1d" />
    <TestEntry testId="9d86bafa-68c1-20ad-fa1a-925f05b66b27" executionId="03b8bc8a-e962-41b0-85b6-6cb9e5ac6021" testListId="8c84fa94-04c1-424b-9868-57a2d4851a1d" />
    <TestEntry testId="df9733d3-3d1b-4ae9-ee93-47dafb9bb990" executionId="94b986a3-607e-43db-a029-d6338f120294" testListId="8c84fa94-04c1-424b-9868-57a2d4851a1d" />
    <TestEntry testId="4a067bf9-bdb8-038e-a99b-affc1fae0a36" executionId="94b4f9ff-ee74-4302-ba00-80680069567c" testListId="8c84fa94-04c1-424b-9868-57a2d4851a1d" />
    <TestEntry testId="e84bfe3c-8666-91b8-93bb-71e9ea946785" executionId="01aff9c0-a678-484c-a801-b649934d47dd" testListId="8c84fa94-04c1-424b-9868-57a2d4851a1d" />
    <TestEntry testId="e7da7ce0-10be-e210-b20b-c2931fae9de9" executionId="e9fd2a62-da6f-40f3-bc49-4986e56afb39" testListId="8c84fa94-04c1-424b-9868-57a2d4851a1d" />
    <TestEntry testId="6b3b171f-6e84-0f66-cf32-53e50e738615" executionId="e5c5851d-ed8e-4904-ace8-7b7972e4c51f" testListId="8c84fa94-04c1-424b-9868-57a2d4851a1d" />
    <TestEntry testId="6e7c2e76-84cf-8fbc-eb67-1fa21dd46ad9" executionId="c8701e58-2bf0-4a80-9df7-2aaa8466f849" testListId="8c84fa94-04c1-424b-9868-57a2d4851a1d" />
    <TestEntry testId="936dee91-4002-1882-243f-6851010d1b3b" executionId="1a989def-070a-400c-bc02-599a8c490507" testListId="8c84fa94-04c1-424b-9868-57a2d4851a1d" />
    <TestEntry testId="0640d355-86cc-2b5d-c04f-728b3402c30f" executionId="6d8c8a8b-3c0e-4cb7-9174-55b347c5dc34" testListId="8c84fa94-04c1-424b-9868-57a2d4851a1d" />
    <TestEntry testId="5658ff27-d72f-4a4a-cf6a-3b796b9a39db" executionId="4b40b9d1-f975-4297-8058-f62ea0276308" testListId="8c84fa94-04c1-424b-9868-57a2d4851a1d" />
    <TestEntry testId="add6ae43-1276-a325-39a0-3beba1ebe186" executionId="01d2d546-6201-45b8-be81-ec7df7a5829e" testListId="8c84fa94-04c1-424b-9868-57a2d4851a1d" />
    <TestEntry testId="e757385c-e078-9438-7933-3720e564503c" executionId="5256e948-b03e-4ba0-8cab-8144f0a82061" testListId="8c84fa94-04c1-424b-9868-57a2d4851a1d" />
    <TestEntry testId="46dcd9df-e07e-4557-4be4-67ffc1eac6b4" executionId="364b3e50-8e41-4056-b5a8-b1749e51d035" testListId="8c84fa94-04c1-424b-9868-57a2d4851a1d" />
    <TestEntry testId="1105107b-d2ff-5226-c7ee-632de05291d8" executionId="47ba199d-353d-4884-9fd8-8c6f2ebefb59" testListId="8c84fa94-04c1-424b-9868-57a2d4851a1d" />
    <TestEntry testId="e2b14d8d-ab65-b189-79bf-c804eec37058" executionId="2f3d9268-f9e1-49e2-acff-24cbf067c865" testListId="8c84fa94-04c1-424b-9868-57a2d4851a1d" />
    <TestEntry testId="0ae7f1de-4151-67cc-af1a-d186a3f52998" executionId="05f0aff1-db9a-4894-9d86-45a02063aaa5" testListId="8c84fa94-04c1-424b-9868-57a2d4851a1d" />
    <TestEntry testId="7eca2616-da2e-fb14-4749-07b230416b98" executionId="fa06a47b-6be6-4b86-abac-716b3a05a5a1" testListId="8c84fa94-04c1-424b-9868-57a2d4851a1d" />
    <TestEntry testId="c1b10c62-43d1-f459-6504-1ca43b782b67" executionId="e731aabd-841d-4b17-b815-cce8c7236ff2" testListId="8c84fa94-04c1-424b-9868-57a2d4851a1d" />
    <TestEntry testId="c9babceb-800d-3bc6-5dda-a07aae10df28" executionId="7d5fa753-e594-4880-9542-1e85a69d1748" testListId="8c84fa94-04c1-424b-9868-57a2d4851a1d" />
    <TestEntry testId="f8a79dd8-8155-712b-eacd-927a953c0426" executionId="d3898a81-68b2-444f-975b-7852d7b69e56" testListId="8c84fa94-04c1-424b-9868-57a2d4851a1d" />
    <TestEntry testId="b1f9f815-f099-6076-230d-ebd778218076" executionId="e34163a7-dce6-4379-ba2e-63fdf3f36bd3" testListId="8c84fa94-04c1-424b-9868-57a2d4851a1d" />
    <TestEntry testId="aecd3a75-4668-6cb8-2323-e8a701c65680" executionId="afb0452d-03d5-4e76-a2ad-c0093d2caa88" testListId="8c84fa94-04c1-424b-9868-57a2d4851a1d" />
    <TestEntry testId="0640d355-86cc-2b5d-c04f-728b3402c30f" executionId="2cb15125-4435-4986-bd95-4a4a6de9ced1" testListId="8c84fa94-04c1-424b-9868-57a2d4851a1d" />
    <TestEntry testId="46123340-bcff-b46f-e262-7695bcc5bcfb" executionId="094b05d4-16be-484b-8d39-257b0cee6780" testListId="8c84fa94-04c1-424b-9868-57a2d4851a1d" />
    <TestEntry testId="fb86576f-228e-ef6f-2063-79c973b902a9" executionId="680758bf-ee59-47d9-ba96-52020a087068" testListId="8c84fa94-04c1-424b-9868-57a2d4851a1d" />
    <TestEntry testId="57e3fd3f-0c96-ccda-f2e5-c58081e2a0f0" executionId="3b934e68-c0d3-4b0c-9327-1f2a2d470d95" testListId="8c84fa94-04c1-424b-9868-57a2d4851a1d" />
    <TestEntry testId="75dc9d8f-7bb5-9bbe-753b-cfd87a56349e" executionId="6cc590ff-dfd5-4bc4-86ca-c6c7b4aeada3" testListId="8c84fa94-04c1-424b-9868-57a2d4851a1d" />
    <TestEntry testId="4c8a4036-8e03-2f26-7b95-ca078f1ba1ba" executionId="fba6216b-3a21-4a11-97a7-03d72f966205" testListId="8c84fa94-04c1-424b-9868-57a2d4851a1d" />
    <TestEntry testId="bc60ff28-650a-a579-c8aa-3e3411b3a0bd" executionId="b1625be9-6755-4a63-b8cb-6e6797492fde" testListId="8c84fa94-04c1-424b-9868-57a2d4851a1d" />
    <TestEntry testId="46d70fee-079c-8ebc-4f76-c762d7deb942" executionId="2865e8df-6d8f-45cb-a7e1-d7006c94670e" testListId="8c84fa94-04c1-424b-9868-57a2d4851a1d" />
    <TestEntry testId="f04a2af6-b28f-9055-96ba-1c7eab524b30" executionId="7d718eb4-1b02-4ca1-a4a3-f02463bab8f1" testListId="8c84fa94-04c1-424b-9868-57a2d4851a1d" />
    <TestEntry testId="09e09d60-3bb4-79d7-53bf-48816b378b26" executionId="11b1743d-5791-430f-9fef-72127f321ec5" testListId="8c84fa94-04c1-424b-9868-57a2d4851a1d" />
    <TestEntry testId="30b1db7e-1ce8-1806-195b-865cb9ee9b72" executionId="20b6cc39-c9fc-4acf-88b1-59e0fad7982b" testListId="8c84fa94-04c1-424b-9868-57a2d4851a1d" />
    <TestEntry testId="c3886460-3cbb-1428-9f34-bc7b12a0b5fb" executionId="607bf62a-34d9-4136-b5a7-32b279454342" testListId="8c84fa94-04c1-424b-9868-57a2d4851a1d" />
    <TestEntry testId="b672605d-a9fb-41ca-8878-983ad4673dfc" executionId="a4b19188-6789-4acf-bc55-848dd4611207" testListId="8c84fa94-04c1-424b-9868-57a2d4851a1d" />
    <TestEntry testId="67a5c9ea-09d1-0920-5ee2-3928649b0b01" executionId="f2710f01-a995-48d1-9af9-63a249b3433b" testListId="8c84fa94-04c1-424b-9868-57a2d4851a1d" />
    <TestEntry testId="66ad7266-d8ea-fa6f-1263-33969e927662" executionId="f38cf1b3-a899-4625-ae99-5e13ae79e312" testListId="8c84fa94-04c1-424b-9868-57a2d4851a1d" />
    <TestEntry testId="0640d355-86cc-2b5d-c04f-728b3402c30f" executionId="bbe4cce4-0f11-4930-9c11-8b2c5a00bc89" testListId="8c84fa94-04c1-424b-9868-57a2d4851a1d" />
    <TestEntry testId="0640d355-86cc-2b5d-c04f-728b3402c30f" executionId="e1ab7753-ed9d-417c-b165-08ea749b1be9" testListId="8c84fa94-04c1-424b-9868-57a2d4851a1d" />
    <TestEntry testId="21a08dff-5b0e-2d6e-92d7-273057bebdc4" executionId="8fa4595d-3dee-404f-b497-46d7f007dd1c" testListId="8c84fa94-04c1-424b-9868-57a2d4851a1d" />
    <TestEntry testId="aafcf3f4-3ace-f887-640b-e3eaf93d5e49" executionId="e76444d3-c670-48c8-8c05-45817c2a4317" testListId="8c84fa94-04c1-424b-9868-57a2d4851a1d" />
    <TestEntry testId="f08879e5-2d7d-50da-a7d2-8012ce1c6fe9" executionId="2357be40-c707-45ce-9f59-7448952872e3" testListId="8c84fa94-04c1-424b-9868-57a2d4851a1d" />
    <TestEntry testId="0b5113b0-5ae8-d40c-a3bd-37bfe6c2125d" executionId="1fd0c2ab-4ab3-457a-9ac1-d3a796f49e55" testListId="8c84fa94-04c1-424b-9868-57a2d4851a1d" />
    <TestEntry testId="dfbb60b1-a1df-6969-154a-9c8172ca4419" executionId="d8dfd2ef-6ddb-43c1-895e-c9900a799736" testListId="8c84fa94-04c1-424b-9868-57a2d4851a1d" />
  </TestEntries>
  <TestLists>
    <TestList name="Results Not in a List" id="8c84fa94-04c1-424b-9868-57a2d4851a1d" />
    <TestList name="All Loaded Results" id="19431567-8539-422a-85d7-44ee4e166bda" />
  </TestLists>
  <ResultSummary outcome="Completed">
    <Counters total="50" executed="47" passed="47" failed="0" error="0" timeout="0" aborted="0" inconclusive="0" passedButRunAborted="0" notRunnable="0" notExecuted="0" disconnected="0" warning="0" completed="0" inProgress="0" pending="0" />
    <Output>
      <StdOut>Test 'SendWithRetry_ShouldDelayRemainingTime_WhenServerErrorIsSentWithDelay' was skipped in the test run.&#xD;
Test 'Given_EventSenderTimesOut_When_SendingHeartBeats_Then_AHeartBeatAttemptIsMadeWithSpecifiedIntervals' was skipped in the test run.&#xD;
Test 'Given_EventSenderTimesOutOccasionally_When_SendingHeartBeats_Then_AHeartBeatAttemptIsMadeWithSpecifiedIntervals' was skipped in the test run.&#xD;
</StdOut>
    </Output>
  </ResultSummary>
</TestRun>