<?xml version="1.0" encoding="utf-8"?>
<TestRun id="22910b5d-f9d9-4a61-8ea1-364d5eca11c7" name="DKSR-EFI-04$@DKSR-EFI-04 2023-12-22 09:35:06" runUser="NT AUTHORITY\NETWORK SERVICE" xmlns="http://microsoft.com/schemas/VisualStudio/TeamTest/2010">
  <Times creation="2023-12-22T09:35:06.0379713+01:00" queuing="2023-12-22T09:35:06.0379713+01:00" start="2023-12-22T09:34:55.9285418+01:00" finish="2023-12-22T09:35:29.4755892+01:00" />
  <TestSettings name="default" id="c6840bbd-79c0-40ac-9dab-ee11b4e3b14c">
    <Deployment runDeploymentRoot="DKSR-EFI-04$_DKSR-EFI-04_2023-12-22_09_35_06" />
  </TestSettings>
  <Results>
    <UnitTestResult executionId="4a1e6ade-184a-4120-8787-b896663e513e" testId="9617b6cc-73f3-9d59-f2da-862ee903bd8c" testName="CallAsync_ShouldThrowCommunicationServiceException_WhenFuncThrowsExpectedException (System.ServiceModel.CommunicationException)" computerName="DKSR-EFI-04" duration="00:00:00.0048096" startTime="2023-12-22T09:35:06.0379713+01:00" endTime="2023-12-22T09:35:06.1473443+01:00" testType="13cdc9d9-ddb5-4fa4-a97d-d965ccfc6d4b" outcome="Passed" testListId="8c84fa94-04c1-424b-9868-57a2d4851a1d" relativeResultsDirectory="4a1e6ade-184a-4120-8787-b896663e513e" />
    <UnitTestResult executionId="d6f79f97-0316-49ee-a455-9ce85288aa3e" testId="e771bc46-6417-b43e-afec-8d68fd676ce1" testName="RegisterCategoryAsync_ShouldPassCorrectParams" computerName="DKSR-EFI-04" duration="00:00:00.5516214" startTime="2023-12-22T09:35:12.4755016+01:00" endTime="2023-12-22T09:35:13.0223792+01:00" testType="13cdc9d9-ddb5-4fa4-a97d-d965ccfc6d4b" outcome="Passed" testListId="8c84fa94-04c1-424b-9868-57a2d4851a1d" relativeResultsDirectory="d6f79f97-0316-49ee-a455-9ce85288aa3e" />
    <UnitTestResult executionId="9b34ae97-7467-467e-aa0f-dc584b1f5870" testId="b26ef1a0-ca7c-5175-29dd-e3e02c9d2b2e" testName="ExtractMessagesFromXml_ShouldSetCorrectVersion (TestFiles\TestXMLs\CombinedGroups48.xml,12.0.2)" computerName="DKSR-EFI-04" duration="00:00:00.0027039" startTime="2023-12-22T09:35:20.6630433+01:00" endTime="2023-12-22T09:35:20.6630433+01:00" testType="13cdc9d9-ddb5-4fa4-a97d-d965ccfc6d4b" outcome="Passed" testListId="8c84fa94-04c1-424b-9868-57a2d4851a1d" relativeResultsDirectory="9b34ae97-7467-467e-aa0f-dc584b1f5870">
      <Output>
        <StdOut>en-US</StdOut>
      </Output>
    </UnitTestResult>
    <UnitTestResult executionId="204ce8a9-7d43-40de-919c-931c61f2bbd5" testId="839d2cfc-e75d-f020-6f81-04dfe00ec40e" testName="ExtractMessagesFromXml_ShouldSetCorrectLogTypeOnEntry (MapNavigationServerChanged,Audit)" computerName="DKSR-EFI-04" duration="00:00:00.0033160" startTime="2023-12-22T09:35:20.4599181+01:00" endTime="2023-12-22T09:35:20.4599181+01:00" testType="13cdc9d9-ddb5-4fa4-a97d-d965ccfc6d4b" outcome="Passed" testListId="8c84fa94-04c1-424b-9868-57a2d4851a1d" relativeResultsDirectory="204ce8a9-7d43-40de-919c-931c61f2bbd5">
      <Output>
        <StdOut>en-US</StdOut>
      </Output>
    </UnitTestResult>
    <UnitTestResult executionId="69056156-8b30-4d5a-88db-a91d384c049a" testId="5568778f-0158-0285-fa35-319d0b4f764e" testName="StartQuerySessionTokenAsync_ShouldUseCorrectFilters" computerName="DKSR-EFI-04" duration="00:00:00.0115239" startTime="2023-12-22T09:35:24.7724410+01:00" endTime="2023-12-22T09:35:24.7880652+01:00" testType="13cdc9d9-ddb5-4fa4-a97d-d965ccfc6d4b" outcome="Passed" testListId="8c84fa94-04c1-424b-9868-57a2d4851a1d" relativeResultsDirectory="69056156-8b30-4d5a-88db-a91d384c049a" />
    <UnitTestResult executionId="ef691eb1-8bb8-428f-b44c-b003d2c602f9" testId="ce2d18e0-6ebb-4810-6841-4de51ae1651c" testName="Create_ShouldSetEndpointAddressFromRegisteredServices_IfMIPEnvironmentIsInitialized" computerName="DKSR-EFI-04" duration="00:00:00.0197819" startTime="2023-12-22T09:35:28.8193379+01:00" endTime="2023-12-22T09:35:28.8505859+01:00" testType="13cdc9d9-ddb5-4fa4-a97d-d965ccfc6d4b" outcome="Passed" testListId="8c84fa94-04c1-424b-9868-57a2d4851a1d" relativeResultsDirectory="ef691eb1-8bb8-428f-b44c-b003d2c602f9" />
    <UnitTestResult executionId="99c6a625-dea1-4367-93a5-6ec92f7ad1d7" testId="1c619f85-d91b-ea60-2757-6679c81d96dc" testName="DoUploadCultureFile_ShouldReturnFalse_IfRegistrationFails" computerName="DKSR-EFI-04" duration="00:00:00.0047039" startTime="2023-12-22T09:35:22.6318045+01:00" endTime="2023-12-22T09:35:22.6474303+01:00" testType="13cdc9d9-ddb5-4fa4-a97d-d965ccfc6d4b" outcome="Passed" testListId="8c84fa94-04c1-424b-9868-57a2d4851a1d" relativeResultsDirectory="99c6a625-dea1-4367-93a5-6ec92f7ad1d7" />
    <UnitTestResult executionId="a6352766-6f37-4a1f-8120-69616835d161" testId="bb6f7b91-945f-b496-b78b-57eb63b9763f" testName="CallAsync_ShouldNotRecreateClient_WhenNoExceptionsThrown" computerName="DKSR-EFI-04" duration="00:00:00.0153117" startTime="2023-12-22T09:35:06.3348459+01:00" endTime="2023-12-22T09:35:06.3504697+01:00" testType="13cdc9d9-ddb5-4fa4-a97d-d965ccfc6d4b" outcome="Passed" testListId="8c84fa94-04c1-424b-9868-57a2d4851a1d" relativeResultsDirectory="a6352766-6f37-4a1f-8120-69616835d161" />
    <UnitTestResult executionId="baf7f6ce-51fe-4e00-85f5-d482baf290d9" testId="b23c055a-115b-f4d2-24a2-c22528b67dba" testName="ExtractMessagesFromXml_ShouldSetCorrectCategoryOnEntry (ExportBegun,Export)" computerName="DKSR-EFI-04" duration="00:00:00.0053549" startTime="2023-12-22T09:35:20.7411699+01:00" endTime="2023-12-22T09:35:20.7411699+01:00" testType="13cdc9d9-ddb5-4fa4-a97d-d965ccfc6d4b" outcome="Passed" testListId="8c84fa94-04c1-424b-9868-57a2d4851a1d" relativeResultsDirectory="baf7f6ce-51fe-4e00-85f5-d482baf290d9">
      <Output>
        <StdOut>en-US</StdOut>
      </Output>
    </UnitTestResult>
    <UnitTestResult executionId="9147ce9c-0933-4a0a-823f-eb0a168e002b" testId="01d14afd-25f5-291d-8634-feb90cef42b3" testName="RegisterLegacyLogMessagesAsync_ShouldPassCorrectParams" computerName="DKSR-EFI-04" duration="00:00:00.4043494" startTime="2023-12-22T09:35:14.3348863+01:00" endTime="2023-12-22T09:35:14.7411382+01:00" testType="13cdc9d9-ddb5-4fa4-a97d-d965ccfc6d4b" outcome="Passed" testListId="8c84fa94-04c1-424b-9868-57a2d4851a1d" relativeResultsDirectory="9147ce9c-0933-4a0a-823f-eb0a168e002b" />
    <UnitTestResult executionId="9e75196b-3871-4bc4-a3f9-96f3f265b96a" testId="22ec705d-08b4-1246-93f7-3ae9421d40cf" testName="Create_ShouldSetEndpointAddressUsingLogServerUri_IfMIPEnvironmentIsNotInitializedAndUriIsGiven" computerName="DKSR-EFI-04" duration="00:00:00.0051232" startTime="2023-12-22T09:35:28.2880867+01:00" endTime="2023-12-22T09:35:28.2880867+01:00" testType="13cdc9d9-ddb5-4fa4-a97d-d965ccfc6d4b" outcome="Passed" testListId="8c84fa94-04c1-424b-9868-57a2d4851a1d" relativeResultsDirectory="9e75196b-3871-4bc4-a3f9-96f3f265b96a" />
    <UnitTestResult executionId="1f845a47-2c7a-44d0-988d-8c99eea8e973" testId="8edee7b7-26f0-8660-7c2c-d2a8f9901f02" testName="DoUploadCultureFile_ShouldReturnTrue_IfRegistrationSucceeds" computerName="DKSR-EFI-04" duration="00:00:00.1758906" startTime="2023-12-22T09:35:22.6786793+01:00" endTime="2023-12-22T09:35:22.8505548+01:00" testType="13cdc9d9-ddb5-4fa4-a97d-d965ccfc6d4b" outcome="Passed" testListId="8c84fa94-04c1-424b-9868-57a2d4851a1d" relativeResultsDirectory="1f845a47-2c7a-44d0-988d-8c99eea8e973">
      <Output>
        <StdOut>en-US</StdOut>
      </Output>
    </UnitTestResult>
    <UnitTestResult executionId="fa0f60ab-a61f-42d1-a180-f5466f3cfcfc" testId="d12f19f0-2377-0b81-6775-97d89862ddb4" testName="DoUploadCultureFile_ShouldRegisterWithTokenValidation_IfUserIsBasicUser" computerName="DKSR-EFI-04" duration="00:00:00.5725165" startTime="2023-12-22T09:35:22.9130561+01:00" endTime="2023-12-22T09:35:23.4911841+01:00" testType="13cdc9d9-ddb5-4fa4-a97d-d965ccfc6d4b" outcome="Passed" testListId="8c84fa94-04c1-424b-9868-57a2d4851a1d" relativeResultsDirectory="fa0f60ab-a61f-42d1-a180-f5466f3cfcfc">
      <Output>
        <StdOut>en-US</StdOut>
      </Output>
    </UnitTestResult>
    <UnitTestResult executionId="b38c6235-8cf4-4c37-82db-afa1723dfe31" testId="c63998ff-057d-127a-a599-7bd00fbae3de" testName="ExtractMessagesFromXml_ShouldSetCorrectCategoryOnEntry (MapNavigationServerChanged,)" computerName="DKSR-EFI-04" duration="00:00:00.0019887" startTime="2023-12-22T09:35:20.7724186+01:00" endTime="2023-12-22T09:35:20.7880461+01:00" testType="13cdc9d9-ddb5-4fa4-a97d-d965ccfc6d4b" outcome="Passed" testListId="8c84fa94-04c1-424b-9868-57a2d4851a1d" relativeResultsDirectory="b38c6235-8cf4-4c37-82db-afa1723dfe31">
      <Output>
        <StdOut>en-US</StdOut>
      </Output>
    </UnitTestResult>
    <UnitTestResult executionId="2f9a735b-ff35-4e50-878d-f3bb4f9c2140" testId="34e137e8-304a-9ff8-1905-6ddd28de6345" testName="DoUploadCultureFiles_ShouldReturnTrue_IfRegistrationFails" computerName="DKSR-EFI-04" duration="00:00:00.0220414" startTime="2023-12-22T09:35:23.8036836+01:00" endTime="2023-12-22T09:35:23.8349340+01:00" testType="13cdc9d9-ddb5-4fa4-a97d-d965ccfc6d4b" outcome="Passed" testListId="8c84fa94-04c1-424b-9868-57a2d4851a1d" relativeResultsDirectory="2f9a735b-ff35-4e50-878d-f3bb4f9c2140" />
    <UnitTestResult executionId="a1bbc4c4-07bc-46ba-b3b9-5b19b4f1b0b0" testId="6b738107-d14a-ccb5-66a7-02b527511cb9" testName="DoUploadCultureFiles_ShouldReturnTrue_WhenDoUploadCultureFileAsyncIsCalled" computerName="DKSR-EFI-04" duration="00:00:00.0294721" startTime="2023-12-22T09:35:22.6005530+01:00" endTime="2023-12-22T09:35:22.6318045+01:00" testType="13cdc9d9-ddb5-4fa4-a97d-d965ccfc6d4b" outcome="Passed" testListId="8c84fa94-04c1-424b-9868-57a2d4851a1d" relativeResultsDirectory="a1bbc4c4-07bc-46ba-b3b9-5b19b4f1b0b0" />
    <UnitTestResult executionId="9b46c6b7-a5f3-4816-884f-87c99be2beea" testId="670a5985-b1d4-84ed-1197-21514b4e468f" testName="DoUploadCultureFile_ShouldReturnFalse_IfFileIsNull" computerName="DKSR-EFI-04" duration="00:00:01.7116766" startTime="2023-12-22T09:35:20.8817957+01:00" endTime="2023-12-22T09:35:22.6005530+01:00" testType="13cdc9d9-ddb5-4fa4-a97d-d965ccfc6d4b" outcome="Passed" testListId="8c84fa94-04c1-424b-9868-57a2d4851a1d" relativeResultsDirectory="9b46c6b7-a5f3-4816-884f-87c99be2beea" />
    <UnitTestResult executionId="6328e5eb-41e6-4bb4-b738-5903995b25bd" testId="bcfcd220-0633-2a7a-a358-b24f28ae5a72" testName="Config_LogWriterClientBindingOpenTimeoutCanBeConfiguredFromAppSettings" computerName="DKSR-EFI-04" duration="00:00:00.0091424" startTime="2023-12-22T09:35:28.8662127+01:00" endTime="2023-12-22T09:35:28.8818371+01:00" testType="13cdc9d9-ddb5-4fa4-a97d-d965ccfc6d4b" outcome="Passed" testListId="8c84fa94-04c1-424b-9868-57a2d4851a1d" relativeResultsDirectory="6328e5eb-41e6-4bb4-b738-5903995b25bd" />
    <UnitTestResult executionId="5571d325-147a-466a-a617-926e5cddd896" testId="7e96b009-8ba0-c755-7d30-7f328804b614" testName="RegisterLegacyLogMessagesTokenAsync_ShouldPassCorrectParams" computerName="DKSR-EFI-04" duration="00:00:00.0378291" startTime="2023-12-22T09:35:14.7411382+01:00" endTime="2023-12-22T09:35:14.7723888+01:00" testType="13cdc9d9-ddb5-4fa4-a97d-d965ccfc6d4b" outcome="Passed" testListId="8c84fa94-04c1-424b-9868-57a2d4851a1d" relativeResultsDirectory="5571d325-147a-466a-a617-926e5cddd896" />
    <UnitTestResult executionId="9d764dc8-3c93-46bc-b86b-fdf0bcfd164f" testId="df5bf18e-4764-6f88-4a5a-f2abba3536b3" testName="Create_ShouldThrowInvalidOperationException_IfMIPEnvironmentIsNotInitializedAndUriIsNotGiven" computerName="DKSR-EFI-04" duration="00:00:00.0090787" startTime="2023-12-22T09:35:28.8037112+01:00" endTime="2023-12-22T09:35:28.8193379+01:00" testType="13cdc9d9-ddb5-4fa4-a97d-d965ccfc6d4b" outcome="Passed" testListId="8c84fa94-04c1-424b-9868-57a2d4851a1d" relativeResultsDirectory="9d764dc8-3c93-46bc-b86b-fdf0bcfd164f" />
    <UnitTestResult executionId="eea27d6f-db6f-4a53-a15f-c5b3fbd5b851" testId="5440beed-f4da-5c54-5eab-04f5d48242b3" testName="ExtractMessagesFromXml_ShouldSetCorrectSourceTypeOnEntry (TestFiles\TestXMLs\Simple9.xml,LPRListsAdd,)" computerName="DKSR-EFI-04" duration="00:00:00.0009750" startTime="2023-12-22T09:35:20.8349200+01:00" endTime="2023-12-22T09:35:20.8349200+01:00" testType="13cdc9d9-ddb5-4fa4-a97d-d965ccfc6d4b" outcome="Passed" testListId="8c84fa94-04c1-424b-9868-57a2d4851a1d" relativeResultsDirectory="eea27d6f-db6f-4a53-a15f-c5b3fbd5b851">
      <Output>
        <StdOut>en-US</StdOut>
      </Output>
    </UnitTestResult>
    <UnitTestResult executionId="ee239848-7c9f-4527-b715-6b31f4c5867e" testId="9be429ed-7966-1558-1657-ef41e01e86b9" testName="Config_LogReaderClientBindingReceiveTimeoutCanBeConfiguredFromAppSettings" computerName="DKSR-EFI-04" duration="00:00:00.0413768" startTime="2023-12-22T09:35:28.6474611+01:00" endTime="2023-12-22T09:35:28.6943362+01:00" testType="13cdc9d9-ddb5-4fa4-a97d-d965ccfc6d4b" outcome="Passed" testListId="8c84fa94-04c1-424b-9868-57a2d4851a1d" relativeResultsDirectory="ee239848-7c9f-4527-b715-6b31f4c5867e" />
    <UnitTestResult executionId="8b61715e-1283-4ce4-a433-6193435feec8" testId="a9befe5e-a1fe-4335-a2a4-b001dfe290b4" testName="Create_ShouldSetCredentialsToLoginSettingsNetworkCredentials_IfMIPEnvironmentIsInitialized" computerName="DKSR-EFI-04" duration="00:00:01.8840589" startTime="2023-12-22T09:35:26.1943247+01:00" endTime="2023-12-22T09:35:28.0693340+01:00" testType="13cdc9d9-ddb5-4fa4-a97d-d965ccfc6d4b" outcome="Passed" testListId="8c84fa94-04c1-424b-9868-57a2d4851a1d" relativeResultsDirectory="8b61715e-1283-4ce4-a433-6193435feec8" />
    <UnitTestResult executionId="dbb7fe54-0c2a-470d-a5a8-592426972ad0" testId="ef0c6ab2-43d5-3d91-1f2c-f2e69a8694fc" testName="ToLogMessages_ShouldTransformEntriesToLogMessages_WithCorrectMessageText" computerName="DKSR-EFI-04" duration="00:00:00.0051174" startTime="2023-12-22T09:35:26.1786996+01:00" endTime="2023-12-22T09:35:26.1786996+01:00" testType="13cdc9d9-ddb5-4fa4-a97d-d965ccfc6d4b" outcome="Passed" testListId="8c84fa94-04c1-424b-9868-57a2d4851a1d" relativeResultsDirectory="dbb7fe54-0c2a-470d-a5a8-592426972ad0" />
    <UnitTestResult executionId="024b7ebf-9424-4ae6-b707-4f98e76c147c" testId="d27e985f-2267-0a49-87ad-5eb3ad9a770e" testName="ExtractMessagesFromXml_ShouldSetCorrectLogTypeOnEntry (ExportBegun,System)" computerName="DKSR-EFI-04" duration="00:00:00.0096943" startTime="2023-12-22T09:35:20.1317914+01:00" endTime="2023-12-22T09:35:20.4442921+01:00" testType="13cdc9d9-ddb5-4fa4-a97d-d965ccfc6d4b" outcome="Passed" testListId="8c84fa94-04c1-424b-9868-57a2d4851a1d" relativeResultsDirectory="024b7ebf-9424-4ae6-b707-4f98e76c147c">
      <Output>
        <StdOut>en-US</StdOut>
      </Output>
    </UnitTestResult>
    <UnitTestResult executionId="ebe30933-9c2e-4214-acb5-3532bf5b6c14" testId="67f28808-ddff-e982-aee0-d9b5dbc005e2" testName="CallAsync_ShouldRetryCallCountTimes_WhenFuncThrowsCommunicationException" computerName="DKSR-EFI-04" duration="00:00:00.1509155" startTime="2023-12-22T09:35:06.1629702+01:00" endTime="2023-12-22T09:35:06.3192202+01:00" testType="13cdc9d9-ddb5-4fa4-a97d-d965ccfc6d4b" outcome="Passed" testListId="8c84fa94-04c1-424b-9868-57a2d4851a1d" relativeResultsDirectory="ebe30933-9c2e-4214-acb5-3532bf5b6c14" />
    <UnitTestResult executionId="b2bfbaee-80d3-4b45-86ef-bdf24e23b4e5" testId="66a36c9d-488e-cd9d-ffa8-da2feeea8136" testName="FetchAuditLoglinesTokenAsync_ShouldUseCorrectQuerySessionId_AfterStartQuerySessionAsync" computerName="DKSR-EFI-04" duration="00:00:00.1735967" startTime="2023-12-22T09:35:25.1161938+01:00" endTime="2023-12-22T09:35:25.2880674+01:00" testType="13cdc9d9-ddb5-4fa4-a97d-d965ccfc6d4b" outcome="Passed" testListId="8c84fa94-04c1-424b-9868-57a2d4851a1d" relativeResultsDirectory="b2bfbaee-80d3-4b45-86ef-bdf24e23b4e5" />
    <UnitTestResult executionId="6fd0e0d1-8a65-494a-a1eb-d16567dbb4cc" testId="22a87947-cdd9-4a2f-100a-e5ec8ff12ee0" testName="ExtractMessagesFromXml_ShouldReturnExpectedNumberOfSourceTypes (TestFiles\TestXMLs\CombinedGroups48.xml,7)" computerName="DKSR-EFI-04" duration="00:00:00.0415225" startTime="2023-12-22T09:35:20.6005446+01:00" endTime="2023-12-22T09:35:20.6317937+01:00" testType="13cdc9d9-ddb5-4fa4-a97d-d965ccfc6d4b" outcome="Passed" testListId="8c84fa94-04c1-424b-9868-57a2d4851a1d" relativeResultsDirectory="6fd0e0d1-8a65-494a-a1eb-d16567dbb4cc">
      <Output>
        <StdOut>en-US</StdOut>
      </Output>
    </UnitTestResult>
    <UnitTestResult executionId="c745423d-88d1-4c8b-9083-a015b24b5318" testId="b4c67156-b25e-38b0-705c-d5a9b034170b" testName="ExtractMessagesFromXml_ShouldSetCorrectCulture (TestFiles\TestXMLs\SimpleKR9.xml,ko-KR)" computerName="DKSR-EFI-04" duration="00:00:00.0054542" startTime="2023-12-22T09:35:20.7255460+01:00" endTime="2023-12-22T09:35:20.7255460+01:00" testType="13cdc9d9-ddb5-4fa4-a97d-d965ccfc6d4b" outcome="Passed" testListId="8c84fa94-04c1-424b-9868-57a2d4851a1d" relativeResultsDirectory="c745423d-88d1-4c8b-9083-a015b24b5318">
      <Output>
        <StdOut>ko-KR</StdOut>
      </Output>
    </UnitTestResult>
    <UnitTestResult executionId="066dd262-9c9c-465c-b04d-469fdbb91798" testId="bca8daf8-450d-5dd2-5d1b-77cc155869d6" testName="ExtractMessagesFromXml_ShouldSetCorrectSourceTypeOnEntry (TestFiles\TestXMLs\SimpleKR9.xml,LPREventSearch,LPR)" computerName="DKSR-EFI-04" duration="00:00:00.0272694" startTime="2023-12-22T09:35:20.8505456+01:00" endTime="2023-12-22T09:35:20.8661721+01:00" testType="13cdc9d9-ddb5-4fa4-a97d-d965ccfc6d4b" outcome="Passed" testListId="8c84fa94-04c1-424b-9868-57a2d4851a1d" relativeResultsDirectory="066dd262-9c9c-465c-b04d-469fdbb91798">
      <Output>
        <StdOut>ko-KR</StdOut>
      </Output>
    </UnitTestResult>
    <UnitTestResult executionId="16100d4d-d9a7-4ea0-95ca-114852e6da1b" testId="b86f95fe-b8eb-93b5-85ac-c4b377aa3ab2" testName="CallAsync_ShouldRethrowException_WhenFuncThrowsUnexpectedException" computerName="DKSR-EFI-04" duration="00:00:00.0028578" startTime="2023-12-22T09:35:06.1629702+01:00" endTime="2023-12-22T09:35:06.1629702+01:00" testType="13cdc9d9-ddb5-4fa4-a97d-d965ccfc6d4b" outcome="Passed" testListId="8c84fa94-04c1-424b-9868-57a2d4851a1d" relativeResultsDirectory="16100d4d-d9a7-4ea0-95ca-114852e6da1b" />
    <UnitTestResult executionId="8317abb2-ced6-4ed9-a306-bdadb831b5e0" testId="b60e37b6-aafb-0d71-39f0-b9035421a460" testName="FetchAuditLoglinesAsync_ShouldReturnLoglines" computerName="DKSR-EFI-04" duration="00:00:00.1392185" startTime="2023-12-22T09:35:24.7880652+01:00" endTime="2023-12-22T09:35:24.9286926+01:00" testType="13cdc9d9-ddb5-4fa4-a97d-d965ccfc6d4b" outcome="Passed" testListId="8c84fa94-04c1-424b-9868-57a2d4851a1d" relativeResultsDirectory="8317abb2-ced6-4ed9-a306-bdadb831b5e0" />
    <UnitTestResult executionId="da6423f2-a4c8-4b76-a286-223c84647b93" testId="a8364fbb-b5a2-ea12-610f-86d32b76c759" testName="ExtractMessagesFromXml_ShouldReturnExpectedNumberOfEntries (TestFiles\TestXMLs\CombinedGroups48.xml,48)" computerName="DKSR-EFI-04" duration="00:00:00.0065176" startTime="2023-12-22T09:35:20.0692898+01:00" endTime="2023-12-22T09:35:20.0692898+01:00" testType="13cdc9d9-ddb5-4fa4-a97d-d965ccfc6d4b" outcome="Passed" testListId="8c84fa94-04c1-424b-9868-57a2d4851a1d" relativeResultsDirectory="da6423f2-a4c8-4b76-a286-223c84647b93">
      <Output>
        <StdOut>en-US</StdOut>
      </Output>
    </UnitTestResult>
    <UnitTestResult executionId="4725b2f5-2781-46a2-9e39-425d9588551e" testId="5343f541-ab32-23f3-6d69-fb3a240652c8" testName="ExtractMessagesFromXml_ShouldSetCorrectCategoryOnEntry (MonitorLayoutCameraPlaced,VideoWallControl)" computerName="DKSR-EFI-04" duration="00:00:00.0077871" startTime="2023-12-22T09:35:20.7724186+01:00" endTime="2023-12-22T09:35:20.7724186+01:00" testType="13cdc9d9-ddb5-4fa4-a97d-d965ccfc6d4b" outcome="Passed" testListId="8c84fa94-04c1-424b-9868-57a2d4851a1d" relativeResultsDirectory="4725b2f5-2781-46a2-9e39-425d9588551e">
      <Output>
        <StdOut>en-US</StdOut>
      </Output>
    </UnitTestResult>
    <UnitTestResult executionId="568cc5c9-c2af-4714-80d6-63624fa0bb84" testId="1098abe6-c55a-a368-12bc-c2ed2e00256b" testName="StartQuerySessionTokenAsync_ShouldSetIsQuerySessionStarted" computerName="DKSR-EFI-04" duration="00:00:00.0082087" startTime="2023-12-22T09:35:24.5536895+01:00" endTime="2023-12-22T09:35:24.5693601+01:00" testType="13cdc9d9-ddb5-4fa4-a97d-d965ccfc6d4b" outcome="Passed" testListId="8c84fa94-04c1-424b-9868-57a2d4851a1d" relativeResultsDirectory="568cc5c9-c2af-4714-80d6-63624fa0bb84" />
    <UnitTestResult executionId="3561e01a-6f32-4bd1-ab80-a57c61813b6f" testId="e8891b59-88d5-e758-a453-beadcaf25e22" testName="FetchSystemLoglinesTokenAsync_ShouldUseCorrectQuerySessionId_AfterStartQuerySessionAsync" computerName="DKSR-EFI-04" duration="00:00:00.0226424" startTime="2023-12-22T09:35:25.3974432+01:00" endTime="2023-12-22T09:35:25.4286935+01:00" testType="13cdc9d9-ddb5-4fa4-a97d-d965ccfc6d4b" outcome="Passed" testListId="8c84fa94-04c1-424b-9868-57a2d4851a1d" relativeResultsDirectory="3561e01a-6f32-4bd1-ab80-a57c61813b6f" />
    <UnitTestResult executionId="aaefbc11-221b-4246-b68e-a5b6cb76bda3" testId="b5134cc5-1541-e082-3a10-e53fede7a5f6" testName="FetchSystemLoglinesTokenAsync_ShouldReturnLoglines" computerName="DKSR-EFI-04" duration="00:00:00.0276815" startTime="2023-12-22T09:35:25.3349442+01:00" endTime="2023-12-22T09:35:25.3505693+01:00" testType="13cdc9d9-ddb5-4fa4-a97d-d965ccfc6d4b" outcome="Passed" testListId="8c84fa94-04c1-424b-9868-57a2d4851a1d" relativeResultsDirectory="aaefbc11-221b-4246-b68e-a5b6cb76bda3" />
    <UnitTestResult executionId="174c7be9-49c7-412b-8afe-efcf1c03eeca" testId="b27e714f-fc99-1bd2-c3e6-37ebae722373" testName="WriteLoglineTokenAsync_ShouldPassCorrectParams" computerName="DKSR-EFI-04" duration="00:00:00.2804674" startTime="2023-12-22T09:35:15.2723920+01:00" endTime="2023-12-22T09:35:15.5536434+01:00" testType="13cdc9d9-ddb5-4fa4-a97d-d965ccfc6d4b" outcome="Passed" testListId="8c84fa94-04c1-424b-9868-57a2d4851a1d" relativeResultsDirectory="174c7be9-49c7-412b-8afe-efcf1c03eeca" />
    <UnitTestResult executionId="30a858ed-042e-479c-8fb3-4b073d652555" testId="623d185f-9cda-e09d-884d-8336bb2e4251" testName="ExtractMessagesFromXml_ShouldSetCorrectSourceTypeOnEntry (TestFiles\TestXMLs\Simple9.xml,ServiceStarted,LPRService)" computerName="DKSR-EFI-04" duration="00:00:00.0008601" startTime="2023-12-22T09:35:20.8349200+01:00" endTime="2023-12-22T09:35:20.8349200+01:00" testType="13cdc9d9-ddb5-4fa4-a97d-d965ccfc6d4b" outcome="Passed" testListId="8c84fa94-04c1-424b-9868-57a2d4851a1d" relativeResultsDirectory="30a858ed-042e-479c-8fb3-4b073d652555">
      <Output>
        <StdOut>en-US</StdOut>
      </Output>
    </UnitTestResult>
    <UnitTestResult executionId="357f514d-436c-4f95-96d9-bceebd705af4" testId="4eb367ab-5c42-6b05-7bc5-20146f5c9dce" testName="CallWithRetryAsync_OnlyCallsLambdaOnce_IfItSucceeds" computerName="DKSR-EFI-04" duration="00:00:00.2874344" startTime="2023-12-22T09:35:06.3660941+01:00" endTime="2023-12-22T09:35:06.6629721+01:00" testType="13cdc9d9-ddb5-4fa4-a97d-d965ccfc6d4b" outcome="Passed" testListId="8c84fa94-04c1-424b-9868-57a2d4851a1d" relativeResultsDirectory="357f514d-436c-4f95-96d9-bceebd705af4" />
    <UnitTestResult executionId="bb42293e-4bd6-4609-9ccc-0c1a00fc8a77" testId="a836b8aa-0561-a3b3-cf59-73ebce5adc53" testName="FetchRuleLoglinesAsync_ShouldReturnLoglines" computerName="DKSR-EFI-04" duration="00:00:00.0266640" startTime="2023-12-22T09:35:25.4286935+01:00" endTime="2023-12-22T09:35:25.4599446+01:00" testType="13cdc9d9-ddb5-4fa4-a97d-d965ccfc6d4b" outcome="Passed" testListId="8c84fa94-04c1-424b-9868-57a2d4851a1d" relativeResultsDirectory="bb42293e-4bd6-4609-9ccc-0c1a00fc8a77" />
    <UnitTestResult executionId="9b01cbb7-6500-4458-8c00-0c50508ebee6" testId="ba00b31f-c24d-b850-f3e7-f52e1b18f60a" testName="CallWithRetryAsync_ThrowsAwayRetries_IfMoreThanMaxLimit" computerName="DKSR-EFI-04" duration="00:00:00.3277683" startTime="2023-12-22T09:35:08.8348563+01:00" endTime="2023-12-22T09:35:09.1629850+01:00" testType="13cdc9d9-ddb5-4fa4-a97d-d965ccfc6d4b" outcome="Passed" testListId="8c84fa94-04c1-424b-9868-57a2d4851a1d" relativeResultsDirectory="9b01cbb7-6500-4458-8c00-0c50508ebee6" />
    <UnitTestResult executionId="6a674b1a-5530-43f2-ba81-3f748d48452f" testId="7a6cd571-9c4a-6008-8337-b391a3317369" testName="ExtractMessagesFromXml_ShouldSetCorrectCategoryOnEntry (ExportAVICameraCompleted,Export)" computerName="DKSR-EFI-04" duration="00:00:00.0139258" startTime="2023-12-22T09:35:20.7411699+01:00" endTime="2023-12-22T09:35:20.7567958+01:00" testType="13cdc9d9-ddb5-4fa4-a97d-d965ccfc6d4b" outcome="Passed" testListId="8c84fa94-04c1-424b-9868-57a2d4851a1d" relativeResultsDirectory="6a674b1a-5530-43f2-ba81-3f748d48452f">
      <Output>
        <StdOut>en-US</StdOut>
      </Output>
    </UnitTestResult>
    <UnitTestResult executionId="e8c7e33b-79d9-4cdb-b4be-916b567405bb" testId="539e7ed0-1a6b-b0d1-b826-cc429641c877" testName="ExtractMessagesFromXml_ShouldSetCorrectVersion (TestFiles\TestXMLs\Large520.xml,)" computerName="DKSR-EFI-04" duration="00:00:00.0060092" startTime="2023-12-22T09:35:20.6630433+01:00" endTime="2023-12-22T09:35:20.6786686+01:00" testType="13cdc9d9-ddb5-4fa4-a97d-d965ccfc6d4b" outcome="Passed" testListId="8c84fa94-04c1-424b-9868-57a2d4851a1d" relativeResultsDirectory="e8c7e33b-79d9-4cdb-b4be-916b567405bb">
      <Output>
        <StdOut>en-US</StdOut>
      </Output>
    </UnitTestResult>
    <UnitTestResult executionId="9195bcfb-4980-4f3f-a741-80056a8d2e3e" testId="b77e9d26-baf8-42e8-fb66-14b9ede40aaf" testName="FetchAuditLoglinesAsync_ShouldUseCorrectQuerySessionId_AfterStartQuerySessionAsync" computerName="DKSR-EFI-04" duration="00:00:00.1164503" startTime="2023-12-22T09:35:24.9911921+01:00" endTime="2023-12-22T09:35:25.1005661+01:00" testType="13cdc9d9-ddb5-4fa4-a97d-d965ccfc6d4b" outcome="Passed" testListId="8c84fa94-04c1-424b-9868-57a2d4851a1d" relativeResultsDirectory="9195bcfb-4980-4f3f-a741-80056a8d2e3e" />
    <UnitTestResult executionId="5ad47f72-54f0-4f71-afa3-4286c2b120a9" testId="779652e4-8fbe-3b7e-110d-d5f43eed27ad" testName="Create_ShouldSetCredentialsToDefaultNetworkCredentials_IfMIPEnvironmentIsNotInitializedAndUriIsGiven" computerName="DKSR-EFI-04" duration="00:00:00.0069063" startTime="2023-12-22T09:35:28.0693340+01:00" endTime="2023-12-22T09:35:28.0849620+01:00" testType="13cdc9d9-ddb5-4fa4-a97d-d965ccfc6d4b" outcome="Passed" testListId="8c84fa94-04c1-424b-9868-57a2d4851a1d" relativeResultsDirectory="5ad47f72-54f0-4f71-afa3-4286c2b120a9" />
    <UnitTestResult executionId="c58aa6b1-a466-4547-9ea5-e46c486b169a" testId="bec962ea-d868-333e-e3ba-591adbfdf268" testName="RegisterSourceTypeTokenAsync_ShouldPassCorrectParams" computerName="DKSR-EFI-04" duration="00:00:00.3208244" startTime="2023-12-22T09:35:14.0067580+01:00" endTime="2023-12-22T09:35:14.3192622+01:00" testType="13cdc9d9-ddb5-4fa4-a97d-d965ccfc6d4b" outcome="Passed" testListId="8c84fa94-04c1-424b-9868-57a2d4851a1d" relativeResultsDirectory="c58aa6b1-a466-4547-9ea5-e46c486b169a" />
    <UnitTestResult executionId="f30dd5d2-9fa6-469b-a93c-f5e076f2eef9" testId="23a705e2-484b-b365-a7c7-b41d608b3f4b" testName="ExtractMessagesFromXml_ShouldReturnExpectedNumberOfSourceTypes (TestFiles\TestXMLs\DiscardedGroupTypes9.xml,2)" computerName="DKSR-EFI-04" duration="00:00:00.0007808" startTime="2023-12-22T09:35:20.5849200+01:00" endTime="2023-12-22T09:35:20.6005446+01:00" testType="13cdc9d9-ddb5-4fa4-a97d-d965ccfc6d4b" outcome="Passed" testListId="8c84fa94-04c1-424b-9868-57a2d4851a1d" relativeResultsDirectory="f30dd5d2-9fa6-469b-a93c-f5e076f2eef9">
      <Output>
        <StdOut>en-US</StdOut>
      </Output>
    </UnitTestResult>
    <UnitTestResult executionId="0b013fd9-2463-4177-91ff-c6e8290ef28d" testId="6a99f0b0-dccf-d59e-1ea3-8eedac771201" testName="ExtractMessagesFromXml_ShouldSetCorrectVersion (TestFiles\TestXMLs\Simple9.xml,4.0.14)" computerName="DKSR-EFI-04" duration="00:00:00.0017037" startTime="2023-12-22T09:35:20.6630433+01:00" endTime="2023-12-22T09:35:20.6630433+01:00" testType="13cdc9d9-ddb5-4fa4-a97d-d965ccfc6d4b" outcome="Passed" testListId="8c84fa94-04c1-424b-9868-57a2d4851a1d" relativeResultsDirectory="0b013fd9-2463-4177-91ff-c6e8290ef28d">
      <Output>
        <StdOut>en-US</StdOut>
      </Output>
    </UnitTestResult>
    <UnitTestResult executionId="6c6c6923-67c3-45b1-a90f-72c5718d5a13" testId="73bac923-e59e-0327-f38b-88570fb14315" testName="WriteLoglineAsync_ShouldPassCorrectParams" computerName="DKSR-EFI-04" duration="00:00:00.4891856" startTime="2023-12-22T09:35:14.7723888+01:00" endTime="2023-12-22T09:35:15.2723920+01:00" testType="13cdc9d9-ddb5-4fa4-a97d-d965ccfc6d4b" outcome="Passed" testListId="8c84fa94-04c1-424b-9868-57a2d4851a1d" relativeResultsDirectory="6c6c6923-67c3-45b1-a90f-72c5718d5a13" />
    <UnitTestResult executionId="b8eae34e-507a-4210-8e97-7c92a66fe079" testId="35668b70-00eb-0d99-67ee-63ec7a6b9daf" testName="ExtractMessagesFromXml_ShouldThrowLegacyMessageXmlParserException_IfXmlIsInvalid" computerName="DKSR-EFI-04" duration="00:00:00.0362469" startTime="2023-12-22T09:35:15.8661444+01:00" endTime="2023-12-22T09:35:15.8973954+01:00" testType="13cdc9d9-ddb5-4fa4-a97d-d965ccfc6d4b" outcome="Passed" testListId="8c84fa94-04c1-424b-9868-57a2d4851a1d" relativeResultsDirectory="b8eae34e-507a-4210-8e97-7c92a66fe079" />
    <UnitTestResult executionId="c583bfa6-a601-49ff-a562-e1ef275b218a" testId="94919045-55eb-c6a8-9422-0d7750bdb297" testName="ExtractMessagesFromXml_ShouldReturnExpectedNumberOfCategories (TestFiles\TestXMLs\Simple9.xml,2)" computerName="DKSR-EFI-04" duration="00:00:00.0014848" startTime="2023-12-22T09:35:20.4599181+01:00" endTime="2023-12-22T09:35:20.4599181+01:00" testType="13cdc9d9-ddb5-4fa4-a97d-d965ccfc6d4b" outcome="Passed" testListId="8c84fa94-04c1-424b-9868-57a2d4851a1d" relativeResultsDirectory="c583bfa6-a601-49ff-a562-e1ef275b218a">
      <Output>
        <StdOut>en-US</StdOut>
      </Output>
    </UnitTestResult>
    <UnitTestResult executionId="28eb3bbc-917f-4958-9726-858322d594f7" testId="659ea7ef-7a9e-011e-503e-a43b4fac0d99" testName="CallAsync_ShouldNotRetryCall_WhenFuncThrowsNotCommunicationException (System.ServiceModel.FaultException)" computerName="DKSR-EFI-04" duration="00:00:00.0062290" startTime="2023-12-22T09:35:06.3192202+01:00" endTime="2023-12-22T09:35:06.3348459+01:00" testType="13cdc9d9-ddb5-4fa4-a97d-d965ccfc6d4b" outcome="Passed" testListId="8c84fa94-04c1-424b-9868-57a2d4851a1d" relativeResultsDirectory="28eb3bbc-917f-4958-9726-858322d594f7" />
    <UnitTestResult executionId="db3d1c17-7c0e-43a0-b48a-c59f3ddfc2a7" testId="f4ffd983-c05b-593d-74f8-17a463f4a926" testName="RetryCount_ShouldThrowException_IfValueToBeSetIsLessThanZero" computerName="DKSR-EFI-04" duration="00:00:00.0039122" startTime="2023-12-22T09:35:06.3504697+01:00" endTime="2023-12-22T09:35:06.3660941+01:00" testType="13cdc9d9-ddb5-4fa4-a97d-d965ccfc6d4b" outcome="Passed" testListId="8c84fa94-04c1-424b-9868-57a2d4851a1d" relativeResultsDirectory="db3d1c17-7c0e-43a0-b48a-c59f3ddfc2a7" />
    <UnitTestResult executionId="d0691726-ac56-467b-80f8-b30dc0b1b887" testId="308ca1e2-fb9c-1586-8871-264314d0c4f4" testName="Close_StopsRetrying" computerName="DKSR-EFI-04" duration="00:00:00.3546252" startTime="2023-12-22T09:35:09.1786117+01:00" endTime="2023-12-22T09:35:09.5379861+01:00" testType="13cdc9d9-ddb5-4fa4-a97d-d965ccfc6d4b" outcome="Passed" testListId="8c84fa94-04c1-424b-9868-57a2d4851a1d" relativeResultsDirectory="d0691726-ac56-467b-80f8-b30dc0b1b887" />
    <UnitTestResult executionId="6af4dcc5-1a6c-46e7-80d0-b0a4def2ac95" testId="4e12d753-1090-f46e-514e-2259465dc69b" testName="DoUploadCultureFiles_ShouldReturnFalse_IfDirectoryDoesNotExist" computerName="DKSR-EFI-04" duration="00:00:00.0013747" startTime="2023-12-22T09:35:23.8036836+01:00" endTime="2023-12-22T09:35:23.8036836+01:00" testType="13cdc9d9-ddb5-4fa4-a97d-d965ccfc6d4b" outcome="Passed" testListId="8c84fa94-04c1-424b-9868-57a2d4851a1d" relativeResultsDirectory="6af4dcc5-1a6c-46e7-80d0-b0a4def2ac95" />
    <UnitTestResult executionId="1872edda-cff0-40df-a705-a5dc9b4c5bc7" testId="08310f4d-f672-ad80-35c5-5cb19e182b35" testName="Constructors_ShouldNotAllowInjectionOfNulls" computerName="DKSR-EFI-04" duration="00:00:00.0745149" startTime="2023-12-22T09:35:28.3505828+01:00" endTime="2023-12-22T09:35:28.4287088+01:00" testType="13cdc9d9-ddb5-4fa4-a97d-d965ccfc6d4b" outcome="Passed" testListId="8c84fa94-04c1-424b-9868-57a2d4851a1d" relativeResultsDirectory="1872edda-cff0-40df-a705-a5dc9b4c5bc7" />
    <UnitTestResult executionId="0f125eaf-53b7-41e3-a6e6-e8c5e70aa8a6" testId="94fee7c4-80c8-1c86-3576-94ca601ec732" testName="CallWithRetryAsync_CallsLambdaMultipleTimes_IfFailed" computerName="DKSR-EFI-04" duration="00:00:01.0966467" startTime="2023-12-22T09:35:06.6629721+01:00" endTime="2023-12-22T09:35:07.7567290+01:00" testType="13cdc9d9-ddb5-4fa4-a97d-d965ccfc6d4b" outcome="Passed" testListId="8c84fa94-04c1-424b-9868-57a2d4851a1d" relativeResultsDirectory="0f125eaf-53b7-41e3-a6e6-e8c5e70aa8a6" />
    <UnitTestResult executionId="050d4866-132f-4d06-9972-25002bbc1da9" testId="24c3220b-1c1f-47f8-e7ad-b6854efd1570" testName="ExtractMessagesFromXml_ShouldSetCorrectCulture (TestFiles\TestXMLs\Simple9.xml,en-US)" computerName="DKSR-EFI-04" duration="00:00:00.0037628" startTime="2023-12-22T09:35:20.6786686+01:00" endTime="2023-12-22T09:35:20.6786686+01:00" testType="13cdc9d9-ddb5-4fa4-a97d-d965ccfc6d4b" outcome="Passed" testListId="8c84fa94-04c1-424b-9868-57a2d4851a1d" relativeResultsDirectory="050d4866-132f-4d06-9972-25002bbc1da9">
      <Output>
        <StdOut>en-US</StdOut>
      </Output>
    </UnitTestResult>
    <UnitTestResult executionId="d117029b-3af9-480c-882b-1b7bbc568eb1" testId="bf160454-ca42-37cd-a218-b3a0050d0c04" testName="Create_ShouldSetCredentialsToLoginSettingsNetworkCredentials_IfMIPEnvironmentIsInitialized" computerName="DKSR-EFI-04" duration="00:00:00.0306628" startTime="2023-12-22T09:35:28.7568352+01:00" endTime="2023-12-22T09:35:28.7880875+01:00" testType="13cdc9d9-ddb5-4fa4-a97d-d965ccfc6d4b" outcome="Passed" testListId="8c84fa94-04c1-424b-9868-57a2d4851a1d" relativeResultsDirectory="d117029b-3af9-480c-882b-1b7bbc568eb1" />
    <UnitTestResult executionId="378a74d6-b1d7-4523-a2cd-70fbe9545fef" testId="bed9dd5e-8bd4-8ed7-a13e-9199e5447b8d" testName="ExtractMessagesFromXml_ShouldSetCorrectSourceTypeOnEntry (TestFiles\TestXMLs\CombinedGroups48.xml,ExportAVICameraCompleted,Camera)" computerName="DKSR-EFI-04" duration="00:00:00.0038849" startTime="2023-12-22T09:35:20.8192955+01:00" endTime="2023-12-22T09:35:20.8192955+01:00" testType="13cdc9d9-ddb5-4fa4-a97d-d965ccfc6d4b" outcome="Passed" testListId="8c84fa94-04c1-424b-9868-57a2d4851a1d" relativeResultsDirectory="378a74d6-b1d7-4523-a2cd-70fbe9545fef">
      <Output>
        <StdOut>en-US</StdOut>
      </Output>
    </UnitTestResult>
    <UnitTestResult executionId="c2384463-c600-4488-9778-463e279711f5" testId="fe908b2a-47cc-1a75-6b07-95579f1ff3bd" testName="DoUploadCultureFile_ShouldRegisterWithCredentialValidation_IfMIPEnvironmentIsNotInitialized" computerName="DKSR-EFI-04" duration="00:00:00.1488507" startTime="2023-12-22T09:35:23.4911841+01:00" endTime="2023-12-22T09:35:23.6318095+01:00" testType="13cdc9d9-ddb5-4fa4-a97d-d965ccfc6d4b" outcome="Passed" testListId="8c84fa94-04c1-424b-9868-57a2d4851a1d" relativeResultsDirectory="c2384463-c600-4488-9778-463e279711f5">
      <Output>
        <StdOut>en-US</StdOut>
      </Output>
    </UnitTestResult>
    <UnitTestResult executionId="ca5e6c51-8c97-4c9f-b967-b3a443f8d61b" testId="6bd4e64a-403b-2246-3e7d-bff3950d867e" testName="ExtractMessagesFromXml_ShouldReturnExpectedNumberOfSourceTypes (TestFiles\TestXMLs\Large520.xml,41)" computerName="DKSR-EFI-04" duration="00:00:00.0082738" startTime="2023-12-22T09:35:20.6474186+01:00" endTime="2023-12-22T09:35:20.6474186+01:00" testType="13cdc9d9-ddb5-4fa4-a97d-d965ccfc6d4b" outcome="Passed" testListId="8c84fa94-04c1-424b-9868-57a2d4851a1d" relativeResultsDirectory="ca5e6c51-8c97-4c9f-b967-b3a443f8d61b">
      <Output>
        <StdOut>en-US</StdOut>
      </Output>
    </UnitTestResult>
    <UnitTestResult executionId="868f6331-1c05-47c2-8644-10cb728bb253" testId="3366b6f3-e16d-5095-ef9c-b2a681634322" testName="DoUploadCultureFiles_ShouldRegisterWithTokenValidation_IfUserIsBasicUser" computerName="DKSR-EFI-04" duration="00:00:00.2025580" startTime="2023-12-22T09:35:23.8661849+01:00" endTime="2023-12-22T09:35:24.0693112+01:00" testType="13cdc9d9-ddb5-4fa4-a97d-d965ccfc6d4b" outcome="Passed" testListId="8c84fa94-04c1-424b-9868-57a2d4851a1d" relativeResultsDirectory="868f6331-1c05-47c2-8644-10cb728bb253">
      <Output>
        <StdOut>en-US&#xD;
en-US</StdOut>
      </Output>
    </UnitTestResult>
    <UnitTestResult executionId="54c4cc1c-d50b-49b2-a26a-7e244e44d23d" testId="93cf8303-d6e5-db71-c919-018ef89f83c3" testName="ToLogMessages_ShouldTransformEntriesToLogMessages_WithCorrectId" computerName="DKSR-EFI-04" duration="00:00:00.0093710" startTime="2023-12-22T09:35:26.1474482+01:00" endTime="2023-12-22T09:35:26.1474482+01:00" testType="13cdc9d9-ddb5-4fa4-a97d-d965ccfc6d4b" outcome="Passed" testListId="8c84fa94-04c1-424b-9868-57a2d4851a1d" relativeResultsDirectory="54c4cc1c-d50b-49b2-a26a-7e244e44d23d" />
    <UnitTestResult executionId="166b725a-849d-4a35-88bf-40a8c97c3eaf" testId="badbd886-4256-36d6-b407-7caca836cddf" testName="CallWithRetryAsync_CallsAllLambdasUntilTheyPass_IfThereAreMultipleLambdas" computerName="DKSR-EFI-04" duration="00:00:00.4788392" startTime="2023-12-22T09:35:07.7567290+01:00" endTime="2023-12-22T09:35:08.2411030+01:00" testType="13cdc9d9-ddb5-4fa4-a97d-d965ccfc6d4b" outcome="Passed" testListId="8c84fa94-04c1-424b-9868-57a2d4851a1d" relativeResultsDirectory="166b725a-849d-4a35-88bf-40a8c97c3eaf" />
    <UnitTestResult executionId="3e245a40-06e3-4de0-acd5-83d07fd6fcb4" testId="99846132-b201-f087-ceb0-64f7de6690c1" testName="StartQuerySessionTokenAsync_ShouldSetTotalLoglinesCount" computerName="DKSR-EFI-04" duration="00:00:00.0360204" startTime="2023-12-22T09:35:24.4755659+01:00" endTime="2023-12-22T09:35:24.5224374+01:00" testType="13cdc9d9-ddb5-4fa4-a97d-d965ccfc6d4b" outcome="Passed" testListId="8c84fa94-04c1-424b-9868-57a2d4851a1d" relativeResultsDirectory="3e245a40-06e3-4de0-acd5-83d07fd6fcb4" />
    <UnitTestResult executionId="cdee4766-a80f-4812-8545-3d7f09690866" testId="13048096-8df1-a404-1131-b9b028c5de3a" testName="ExtractMessagesFromXml_ShouldSetCorrectSourceTypeOnEntry (TestFiles\TestXMLs\Large520.xml,RecorderStarted,)" computerName="DKSR-EFI-04" duration="00:00:00.0120875" startTime="2023-12-22T09:35:20.7880461+01:00" endTime="2023-12-22T09:35:20.8036717+01:00" testType="13cdc9d9-ddb5-4fa4-a97d-d965ccfc6d4b" outcome="Passed" testListId="8c84fa94-04c1-424b-9868-57a2d4851a1d" relativeResultsDirectory="cdee4766-a80f-4812-8545-3d7f09690866">
      <Output>
        <StdOut>en-US</StdOut>
      </Output>
    </UnitTestResult>
    <UnitTestResult executionId="69b919cb-04a7-4502-b411-68fea5916c92" testId="bdd8d4fe-4058-aef2-0d58-025fc8ab2d74" testName="RegisterLogMessagesAsync_ShouldPassCorrectParams" computerName="DKSR-EFI-04" duration="00:00:02.0116712" startTime="2023-12-22T09:35:10.0067717+01:00" endTime="2023-12-22T09:35:12.0067505+01:00" testType="13cdc9d9-ddb5-4fa4-a97d-d965ccfc6d4b" outcome="Passed" testListId="8c84fa94-04c1-424b-9868-57a2d4851a1d" relativeResultsDirectory="69b919cb-04a7-4502-b411-68fea5916c92" />
    <UnitTestResult executionId="12bc9426-e8d0-46ad-8e9d-10475b01d55c" testId="1adc8a7a-23e3-07aa-2488-b1b0ec1bd11d" testName="EndQuerySessionTokenAsync_ShouldClearQuerySession_WhenPreviouslyRunningSessionIsStopped" computerName="DKSR-EFI-04" duration="00:00:00.0066146" startTime="2023-12-22T09:35:25.6943210+01:00" endTime="2023-12-22T09:35:25.7099458+01:00" testType="13cdc9d9-ddb5-4fa4-a97d-d965ccfc6d4b" outcome="Passed" testListId="8c84fa94-04c1-424b-9868-57a2d4851a1d" relativeResultsDirectory="12bc9426-e8d0-46ad-8e9d-10475b01d55c" />
    <UnitTestResult executionId="f3706df9-9783-4ef0-93a4-c0dfb466db4f" testId="f4a5978d-2acb-8d50-1d62-7f498820825e" testName="Close_StopsRetrying_EvenIfCallbackIsBeingExecuted" computerName="DKSR-EFI-04" duration="00:00:00.3233179" startTime="2023-12-22T09:35:09.5692355+01:00" endTime="2023-12-22T09:35:09.8817399+01:00" testType="13cdc9d9-ddb5-4fa4-a97d-d965ccfc6d4b" outcome="Passed" testListId="8c84fa94-04c1-424b-9868-57a2d4851a1d" relativeResultsDirectory="f3706df9-9783-4ef0-93a4-c0dfb466db4f" />
    <UnitTestResult executionId="7d73a57c-58e6-4b22-abf3-8cdd3d672284" testId="446a9572-a221-3e10-2ac5-6b6981646eca" testName="ExtractMessagesFromXml_ShouldSetCorrectSourceTypeOnEntry (TestFiles\TestXMLs\CombinedGroups48.xml,ExportBegun,Export)" computerName="DKSR-EFI-04" duration="00:00:00.0028040" startTime="2023-12-22T09:35:20.8349200+01:00" endTime="2023-12-22T09:35:20.8349200+01:00" testType="13cdc9d9-ddb5-4fa4-a97d-d965ccfc6d4b" outcome="Passed" testListId="8c84fa94-04c1-424b-9868-57a2d4851a1d" relativeResultsDirectory="7d73a57c-58e6-4b22-abf3-8cdd3d672284">
      <Output>
        <StdOut>en-US</StdOut>
      </Output>
    </UnitTestResult>
    <UnitTestResult executionId="2ce5fa10-83ff-4de9-9472-d2db7a056cff" testId="b6dc9525-01a3-e0c4-451e-0f867a5ce453" testName="Create_ShouldSetCorrectEndpointAddress" computerName="DKSR-EFI-04" duration="00:00:00.1092905" startTime="2023-12-22T09:35:28.5224627+01:00" endTime="2023-12-22T09:35:28.6318387+01:00" testType="13cdc9d9-ddb5-4fa4-a97d-d965ccfc6d4b" outcome="Passed" testListId="8c84fa94-04c1-424b-9868-57a2d4851a1d" relativeResultsDirectory="2ce5fa10-83ff-4de9-9472-d2db7a056cff" />
    <UnitTestResult executionId="bc6412e9-9e26-4516-b9e6-f4036074a9c5" testId="e6f3beaf-3123-0f99-2920-ed37fa7d8180" testName="ExtractMessagesFromXml_ShouldSetCorrectCulture (TestFiles\TestXMLs\Large520.xml,en-US)" computerName="DKSR-EFI-04" duration="00:00:00.0070940" startTime="2023-12-22T09:35:20.7099210+01:00" endTime="2023-12-22T09:35:20.7099210+01:00" testType="13cdc9d9-ddb5-4fa4-a97d-d965ccfc6d4b" outcome="Passed" testListId="8c84fa94-04c1-424b-9868-57a2d4851a1d" relativeResultsDirectory="bc6412e9-9e26-4516-b9e6-f4036074a9c5">
      <Output>
        <StdOut>en-US</StdOut>
      </Output>
    </UnitTestResult>
    <UnitTestResult executionId="011dcf10-b7f6-451c-b647-135adb0b9cd5" testId="659ea7ef-7a9e-011e-503e-a43b4fac0d99" testName="CallAsync_ShouldNotRetryCall_WhenFuncThrowsNotCommunicationException (System.OutOfMemoryException)" computerName="DKSR-EFI-04" duration="00:00:00.0015752" startTime="2023-12-22T09:35:06.3192202+01:00" endTime="2023-12-22T09:35:06.3348459+01:00" testType="13cdc9d9-ddb5-4fa4-a97d-d965ccfc6d4b" outcome="Passed" testListId="8c84fa94-04c1-424b-9868-57a2d4851a1d" relativeResultsDirectory="011dcf10-b7f6-451c-b647-135adb0b9cd5" />
    <UnitTestResult executionId="60a92454-7bd7-46ec-afc5-4028bd29c8f7" testId="bb423a2d-e77e-922e-7cca-ac4e6e500c2c" testName="DoUploadCultureFiles_ShouldReturnFalse_IfDirectoryIsNull" computerName="DKSR-EFI-04" duration="00:00:00.0017742" startTime="2023-12-22T09:35:23.7411867+01:00" endTime="2023-12-22T09:35:23.7568096+01:00" testType="13cdc9d9-ddb5-4fa4-a97d-d965ccfc6d4b" outcome="Passed" testListId="8c84fa94-04c1-424b-9868-57a2d4851a1d" relativeResultsDirectory="60a92454-7bd7-46ec-afc5-4028bd29c8f7" />
    <UnitTestResult executionId="5ba94673-458f-4728-a80e-927c70d32f4f" testId="76fa7ffb-8dc1-9469-9f7b-117eeef95d31" testName="Config_LogReaderClientBindingOpenTimeoutSetToDefault" computerName="DKSR-EFI-04" duration="00:00:00.0588874" startTime="2023-12-22T09:35:28.6943362+01:00" endTime="2023-12-22T09:35:28.7568352+01:00" testType="13cdc9d9-ddb5-4fa4-a97d-d965ccfc6d4b" outcome="Passed" testListId="8c84fa94-04c1-424b-9868-57a2d4851a1d" relativeResultsDirectory="5ba94673-458f-4728-a80e-927c70d32f4f" />
    <UnitTestResult executionId="2e6158dc-0386-4e60-b92a-eae8c9f99b60" testId="9617b6cc-73f3-9d59-f2da-862ee903bd8c" testName="CallAsync_ShouldThrowCommunicationServiceException_WhenFuncThrowsExpectedException (System.ServiceModel.FaultException)" computerName="DKSR-EFI-04" duration="00:00:00.0590113" startTime="2023-12-22T09:35:06.0379713+01:00" endTime="2023-12-22T09:35:06.1473443+01:00" testType="13cdc9d9-ddb5-4fa4-a97d-d965ccfc6d4b" outcome="Passed" testListId="8c84fa94-04c1-424b-9868-57a2d4851a1d" relativeResultsDirectory="2e6158dc-0386-4e60-b92a-eae8c9f99b60" />
    <UnitTestResult executionId="9c572f80-c33d-4133-aec9-e48f05623d59" testId="0ef49951-f77d-7256-b3ae-66f175c85645" testName="ExtractMessagesFromXml_ShouldReturnExpectedNumberOfEntries (TestFiles\TestXMLs\DiscardedGroupTypes9.xml,9)" computerName="DKSR-EFI-04" duration="00:00:00.0026156" startTime="2023-12-22T09:35:20.0536667+01:00" endTime="2023-12-22T09:35:20.0692898+01:00" testType="13cdc9d9-ddb5-4fa4-a97d-d965ccfc6d4b" outcome="Passed" testListId="8c84fa94-04c1-424b-9868-57a2d4851a1d" relativeResultsDirectory="9c572f80-c33d-4133-aec9-e48f05623d59">
      <Output>
        <StdOut>en-US</StdOut>
      </Output>
    </UnitTestResult>
    <UnitTestResult executionId="7e6f5fd9-1a2b-4217-b763-45476d173148" testId="edb84373-2ee9-486d-e1f9-41adfa649f07" testName="FetchSystemLoglinesAsync_ShouldReturnLoglines" computerName="DKSR-EFI-04" duration="00:00:00.0364764" startTime="2023-12-22T09:35:25.2880674+01:00" endTime="2023-12-22T09:35:25.3349442+01:00" testType="13cdc9d9-ddb5-4fa4-a97d-d965ccfc6d4b" outcome="Passed" testListId="8c84fa94-04c1-424b-9868-57a2d4851a1d" relativeResultsDirectory="7e6f5fd9-1a2b-4217-b763-45476d173148" />
    <UnitTestResult executionId="d3af1812-ac47-4648-a8bf-b9e1a679abe0" testId="6b895964-d16f-3cba-4299-1aaa4256aaac" testName="GetFilterValuesTokenAsync_ShouldReturnFilterValues" computerName="DKSR-EFI-04" duration="00:00:00.0167122" startTime="2023-12-22T09:35:25.9911966+01:00" endTime="2023-12-22T09:35:26.0068203+01:00" testType="13cdc9d9-ddb5-4fa4-a97d-d965ccfc6d4b" outcome="Passed" testListId="8c84fa94-04c1-424b-9868-57a2d4851a1d" relativeResultsDirectory="d3af1812-ac47-4648-a8bf-b9e1a679abe0" />
    <UnitTestResult executionId="553a1967-64a4-4fc1-8d51-211cb22d29dd" testId="942a3e80-1eab-4a73-7cbf-0148511dbcf7" testName="RegisterLogMessagesTokenAsync_ShouldPassCorrectParams" computerName="DKSR-EFI-04" duration="00:00:00.4387535" startTime="2023-12-22T09:35:12.0223755+01:00" endTime="2023-12-22T09:35:12.4598767+01:00" testType="13cdc9d9-ddb5-4fa4-a97d-d965ccfc6d4b" outcome="Passed" testListId="8c84fa94-04c1-424b-9868-57a2d4851a1d" relativeResultsDirectory="553a1967-64a4-4fc1-8d51-211cb22d29dd" />
    <UnitTestResult executionId="69765a1a-4f61-4c5b-8b0c-a39287b29548" testId="abf80a45-5b9f-b76b-f7bf-162512472b99" testName="Create_ShouldThrowInvalidOperationException_IfMIPEnvironmentIsNotInitializedAndUriIsNotGiven" computerName="DKSR-EFI-04" duration="00:00:00.0664358" startTime="2023-12-22T09:35:28.0849620+01:00" endTime="2023-12-22T09:35:28.1474621+01:00" testType="13cdc9d9-ddb5-4fa4-a97d-d965ccfc6d4b" outcome="Passed" testListId="8c84fa94-04c1-424b-9868-57a2d4851a1d" relativeResultsDirectory="69765a1a-4f61-4c5b-8b0c-a39287b29548" />
    <UnitTestResult executionId="c8934c8c-4956-4eb6-b971-bf1b77e0c10a" testId="70bea485-ec86-6f83-5a24-575e32c4eae9" testName="Config_LogConfigurationClientBindingSendTimeoutCanBeConfiguredFromAppSettings" computerName="DKSR-EFI-04" duration="00:00:00.0291585" startTime="2023-12-22T09:35:28.2880867+01:00" endTime="2023-12-22T09:35:28.3193333+01:00" testType="13cdc9d9-ddb5-4fa4-a97d-d965ccfc6d4b" outcome="Passed" testListId="8c84fa94-04c1-424b-9868-57a2d4851a1d" relativeResultsDirectory="c8934c8c-4956-4eb6-b971-bf1b77e0c10a" />
    <UnitTestResult executionId="cd341849-5674-43a5-b29d-ef3bbdf59c3b" testId="659ea7ef-7a9e-011e-503e-a43b4fac0d99" testName="CallAsync_ShouldNotRetryCall_WhenFuncThrowsNotCommunicationException (System.Exception)" computerName="DKSR-EFI-04" duration="00:00:00.0014873" startTime="2023-12-22T09:35:06.3192202+01:00" endTime="2023-12-22T09:35:06.3348459+01:00" testType="13cdc9d9-ddb5-4fa4-a97d-d965ccfc6d4b" outcome="Passed" testListId="8c84fa94-04c1-424b-9868-57a2d4851a1d" relativeResultsDirectory="cd341849-5674-43a5-b29d-ef3bbdf59c3b" />
    <UnitTestResult executionId="001643e4-b990-457a-b71f-518a1fc66c6c" testId="b37d0b5a-29a0-16c3-b349-b420d71ef9b0" testName="FetchAuditLoglinesTokenAsync_ShouldReturnLoglines" computerName="DKSR-EFI-04" duration="00:00:00.0520742" startTime="2023-12-22T09:35:24.9286926+01:00" endTime="2023-12-22T09:35:24.9755660+01:00" testType="13cdc9d9-ddb5-4fa4-a97d-d965ccfc6d4b" outcome="Passed" testListId="8c84fa94-04c1-424b-9868-57a2d4851a1d" relativeResultsDirectory="001643e4-b990-457a-b71f-518a1fc66c6c" />
    <UnitTestResult executionId="f6a9b7be-9ee9-4c99-b828-847a91731daa" testId="e9232fa6-3e04-4173-b6d8-c5fec7124fe8" testName="ExtractMessagesFromXml_ShouldReturnExpectedNumberOfCategories (TestFiles\TestXMLs\Large520.xml,0)" computerName="DKSR-EFI-04" duration="00:00:00.0062338" startTime="2023-12-22T09:35:20.5067933+01:00" endTime="2023-12-22T09:35:20.5067933+01:00" testType="13cdc9d9-ddb5-4fa4-a97d-d965ccfc6d4b" outcome="Passed" testListId="8c84fa94-04c1-424b-9868-57a2d4851a1d" relativeResultsDirectory="f6a9b7be-9ee9-4c99-b828-847a91731daa">
      <Output>
        <StdOut>en-US</StdOut>
      </Output>
    </UnitTestResult>
    <UnitTestResult executionId="eb5903f4-e359-4111-b232-a631e428404c" testId="736dbfb6-8744-07bc-2cc4-274557ee8f7b" testName="EndQuerySessionTokenAsync_ShouldNotDoAnything_IfQuerySessionHasNotBeenStarted" computerName="DKSR-EFI-04" duration="00:00:00.0452269" startTime="2023-12-22T09:35:25.6318198+01:00" endTime="2023-12-22T09:35:25.6786962+01:00" testType="13cdc9d9-ddb5-4fa4-a97d-d965ccfc6d4b" outcome="Passed" testListId="8c84fa94-04c1-424b-9868-57a2d4851a1d" relativeResultsDirectory="eb5903f4-e359-4111-b232-a631e428404c" />
    <UnitTestResult executionId="042c337d-845b-4298-95a8-560f125e7e42" testId="6941bc2c-9833-5d26-b03a-41c7ade36d6e" testName="DoUploadCultureFiles_ShouldReturnTrue_IfRegistrationSucceeds" computerName="DKSR-EFI-04" duration="00:00:00.0038693" startTime="2023-12-22T09:35:23.8505612+01:00" endTime="2023-12-22T09:35:23.8661849+01:00" testType="13cdc9d9-ddb5-4fa4-a97d-d965ccfc6d4b" outcome="Passed" testListId="8c84fa94-04c1-424b-9868-57a2d4851a1d" relativeResultsDirectory="042c337d-845b-4298-95a8-560f125e7e42" />
    <UnitTestResult executionId="f921e827-fcdf-448a-a61a-99bf9846ab73" testId="d68f307d-16d8-190c-0927-9645a2d42c9c" testName="CallWithRetryAsync_CallsLambdaNoMoreThanMaxLimit_IfFails" computerName="DKSR-EFI-04" duration="00:00:00.5998739" startTime="2023-12-22T09:35:08.2411030+01:00" endTime="2023-12-22T09:35:08.8348563+01:00" testType="13cdc9d9-ddb5-4fa4-a97d-d965ccfc6d4b" outcome="Passed" testListId="8c84fa94-04c1-424b-9868-57a2d4851a1d" relativeResultsDirectory="f921e827-fcdf-448a-a61a-99bf9846ab73" />
    <UnitTestResult executionId="f4c48a24-d2df-4bc4-b65a-dd6a58f97589" testId="48279b0f-faf7-b592-4f52-51dcac4755c3" testName="FetchRuleLoglinesTokenAsync_ShouldReturnLoglines" computerName="DKSR-EFI-04" duration="00:00:00.0120775" startTime="2023-12-22T09:35:25.4599446+01:00" endTime="2023-12-22T09:35:25.4755703+01:00" testType="13cdc9d9-ddb5-4fa4-a97d-d965ccfc6d4b" outcome="Passed" testListId="8c84fa94-04c1-424b-9868-57a2d4851a1d" relativeResultsDirectory="f4c48a24-d2df-4bc4-b65a-dd6a58f97589" />
    <UnitTestResult executionId="852d192e-1572-4283-86a2-aed037ca6b50" testId="fd6a6596-e9bc-820d-bbb1-d6004688c36f" testName="DoUploadCultureFile_ShouldRegisterWithCredentialValidation_IfUserIsNotBasicUser" computerName="DKSR-EFI-04" duration="00:00:00.0670732" startTime="2023-12-22T09:35:23.6630581+01:00" endTime="2023-12-22T09:35:23.7255581+01:00" testType="13cdc9d9-ddb5-4fa4-a97d-d965ccfc6d4b" outcome="Passed" testListId="8c84fa94-04c1-424b-9868-57a2d4851a1d" relativeResultsDirectory="852d192e-1572-4283-86a2-aed037ca6b50">
      <Output>
        <StdOut>en-US</StdOut>
      </Output>
    </UnitTestResult>
    <UnitTestResult executionId="1f385c67-7b64-46a1-8152-9c319ff43f9d" testId="b42052b4-be9c-180e-d224-1ca4f236874a" testName="EndQuerySessionAsync_ShouldNotDoAnything_IfQuerySessionHasNotBeenStarted" computerName="DKSR-EFI-04" duration="00:00:00.0275227" startTime="2023-12-22T09:35:25.6005700+01:00" endTime="2023-12-22T09:35:25.6318198+01:00" testType="13cdc9d9-ddb5-4fa4-a97d-d965ccfc6d4b" outcome="Passed" testListId="8c84fa94-04c1-424b-9868-57a2d4851a1d" relativeResultsDirectory="1f385c67-7b64-46a1-8152-9c319ff43f9d" />
    <UnitTestResult executionId="8a8393cb-80f6-43e7-9ec1-5ed49c3a25ef" testId="dddbaefa-c058-6c4c-31ba-74cab88a0422" testName="Config_LogConfigurationClientBindingCloseTimeoutSetToDefault" computerName="DKSR-EFI-04" duration="00:00:00.0183547" startTime="2023-12-22T09:35:28.3349566+01:00" endTime="2023-12-22T09:35:28.3505828+01:00" testType="13cdc9d9-ddb5-4fa4-a97d-d965ccfc6d4b" outcome="Passed" testListId="8c84fa94-04c1-424b-9868-57a2d4851a1d" relativeResultsDirectory="8a8393cb-80f6-43e7-9ec1-5ed49c3a25ef" />
    <UnitTestResult executionId="03ff2c0e-57d1-42fd-abaa-c778cad76fef" testId="68917092-20dd-c73b-53c5-158af009c721" testName="GetFilterValuesAsync_ShouldReturnFilterValues" computerName="DKSR-EFI-04" duration="00:00:00.2013872" startTime="2023-12-22T09:35:25.7880718+01:00" endTime="2023-12-22T09:35:25.9911966+01:00" testType="13cdc9d9-ddb5-4fa4-a97d-d965ccfc6d4b" outcome="Passed" testListId="8c84fa94-04c1-424b-9868-57a2d4851a1d" relativeResultsDirectory="03ff2c0e-57d1-42fd-abaa-c778cad76fef" />
    <UnitTestResult executionId="3ff23f48-d8fa-4d29-b414-f7d75d804ff8" testId="4599eece-b7e5-f53a-c36d-650dc3db0644" testName="WriteLegacyLoglineTokenAsync_ShouldPassCorrectParams" computerName="DKSR-EFI-04" duration="00:00:00.0960038" startTime="2023-12-22T09:35:15.6942674+01:00" endTime="2023-12-22T09:35:15.7880175+01:00" testType="13cdc9d9-ddb5-4fa4-a97d-d965ccfc6d4b" outcome="Passed" testListId="8c84fa94-04c1-424b-9868-57a2d4851a1d" relativeResultsDirectory="3ff23f48-d8fa-4d29-b414-f7d75d804ff8" />
    <UnitTestResult executionId="9ae7f5f8-9a4f-4704-8817-b7c1a76344bc" testId="2b4a8ff9-760c-f83c-5f78-a42564dac98b" testName="EndQuerySessionAsync_ShouldClearQuerySession_WhenPreviouslyRunningSessionIsStopped" computerName="DKSR-EFI-04" duration="00:00:00.0117855" startTime="2023-12-22T09:35:25.6786962+01:00" endTime="2023-12-22T09:35:25.6943210+01:00" testType="13cdc9d9-ddb5-4fa4-a97d-d965ccfc6d4b" outcome="Passed" testListId="8c84fa94-04c1-424b-9868-57a2d4851a1d" relativeResultsDirectory="9ae7f5f8-9a4f-4704-8817-b7c1a76344bc" />
    <UnitTestResult executionId="4609f4bc-654d-4cdd-9fe9-87d1a596724a" testId="875327b0-fa5d-7205-4d8d-e58b1043343b" testName="Create_ShouldSetEndpointAddressUsingLogServerUri_IfMIPEnvironmentIsNotInitializedAndUriIsGiven" computerName="DKSR-EFI-04" duration="00:00:00.0178510" startTime="2023-12-22T09:35:28.8505859+01:00" endTime="2023-12-22T09:35:28.8662127+01:00" testType="13cdc9d9-ddb5-4fa4-a97d-d965ccfc6d4b" outcome="Passed" testListId="8c84fa94-04c1-424b-9868-57a2d4851a1d" relativeResultsDirectory="4609f4bc-654d-4cdd-9fe9-87d1a596724a" />
    <UnitTestResult executionId="4ff08b95-8f0f-42ef-b2b6-ae409bf42942" testId="77f6d4a2-86d9-b896-3535-74c1b7eccbc6" testName="ExtractMessagesFromXml_ShouldSetCorrectLogTypeOnEntry (MonitorLayoutCameraPlaced,Rule)" computerName="DKSR-EFI-04" duration="00:00:00.0027173" startTime="2023-12-22T09:35:20.4599181+01:00" endTime="2023-12-22T09:35:20.4599181+01:00" testType="13cdc9d9-ddb5-4fa4-a97d-d965ccfc6d4b" outcome="Passed" testListId="8c84fa94-04c1-424b-9868-57a2d4851a1d" relativeResultsDirectory="4ff08b95-8f0f-42ef-b2b6-ae409bf42942">
      <Output>
        <StdOut>en-US</StdOut>
      </Output>
    </UnitTestResult>
    <UnitTestResult executionId="3b119e09-925d-43ac-bbc4-a0fb234f5cbd" testId="2feab54c-bbc9-49d3-d942-19447743f92b" testName="StartQuerySessionAsync_ShouldSetIsQuerySessionStarted" computerName="DKSR-EFI-04" duration="00:00:00.0334629" startTime="2023-12-22T09:35:24.5224374+01:00" endTime="2023-12-22T09:35:24.5536895+01:00" testType="13cdc9d9-ddb5-4fa4-a97d-d965ccfc6d4b" outcome="Passed" testListId="8c84fa94-04c1-424b-9868-57a2d4851a1d" relativeResultsDirectory="3b119e09-925d-43ac-bbc4-a0fb234f5cbd" />
    <UnitTestResult executionId="0c3840db-0afe-435f-beb0-39e20e62bd60" testId="674d8125-a7aa-840d-f0bd-15e06befbf23" testName="StartQuerySessionAsync_ShouldSetTotalLoglinesCount" computerName="DKSR-EFI-04" duration="00:00:00.1951898" startTime="2023-12-22T09:35:24.2724376+01:00" endTime="2023-12-22T09:35:24.4599399+01:00" testType="13cdc9d9-ddb5-4fa4-a97d-d965ccfc6d4b" outcome="Passed" testListId="8c84fa94-04c1-424b-9868-57a2d4851a1d" relativeResultsDirectory="0c3840db-0afe-435f-beb0-39e20e62bd60" />
    <UnitTestResult executionId="9b2a3de7-4fb3-4271-bbed-da8baf0ba5c4" testId="8b3db817-aa30-ea6d-4629-f6f2628b1e34" testName="ExtractMessagesFromXml_ShouldSetCorrectCulture (TestFiles\TestXMLs\CombinedGroups48.xml,en-US)" computerName="DKSR-EFI-04" duration="00:00:00.0011946" startTime="2023-12-22T09:35:20.6942942+01:00" endTime="2023-12-22T09:35:20.6942942+01:00" testType="13cdc9d9-ddb5-4fa4-a97d-d965ccfc6d4b" outcome="Passed" testListId="8c84fa94-04c1-424b-9868-57a2d4851a1d" relativeResultsDirectory="9b2a3de7-4fb3-4271-bbed-da8baf0ba5c4">
      <Output>
        <StdOut>en-US</StdOut>
      </Output>
    </UnitTestResult>
    <UnitTestResult executionId="57d37052-7852-4ec9-92e7-810c22a0d814" testId="883115cd-0053-c36c-1a96-151e09055999" testName="ToLogMessages_ShouldTransformEntriesToLogMessages_WithCorrectCulture" computerName="DKSR-EFI-04" duration="00:00:00.0901340" startTime="2023-12-22T09:35:26.0536962+01:00" endTime="2023-12-22T09:35:26.1474482+01:00" testType="13cdc9d9-ddb5-4fa4-a97d-d965ccfc6d4b" outcome="Passed" testListId="8c84fa94-04c1-424b-9868-57a2d4851a1d" relativeResultsDirectory="57d37052-7852-4ec9-92e7-810c22a0d814" />
    <UnitTestResult executionId="8f120b72-8788-4296-b287-b7c1e1b6af69" testId="69f89350-67d1-88c5-1fb3-1403510533d5" testName="ExtractMessagesFromXml_ShouldReturnExpectedNumberOfCategories (TestFiles\TestXMLs\CombinedGroups48.xml,6)" computerName="DKSR-EFI-04" duration="00:00:00.0290967" startTime="2023-12-22T09:35:20.4755415+01:00" endTime="2023-12-22T09:35:20.5067933+01:00" testType="13cdc9d9-ddb5-4fa4-a97d-d965ccfc6d4b" outcome="Passed" testListId="8c84fa94-04c1-424b-9868-57a2d4851a1d" relativeResultsDirectory="8f120b72-8788-4296-b287-b7c1e1b6af69">
      <Output>
        <StdOut>en-US</StdOut>
      </Output>
    </UnitTestResult>
    <UnitTestResult executionId="8319c094-eca8-4ad5-bd5a-1530ee84eb9c" testId="fb07781e-2617-ff30-208d-de0ad28ddaf5" testName="ExtractMessagesFromXml_ShouldReturnExpectedNumberOfEntries (TestFiles\TestXMLs\Simple9.xml,9)" computerName="DKSR-EFI-04" duration="00:00:02.9839791" startTime="2023-12-22T09:35:15.9130188+01:00" endTime="2023-12-22T09:35:20.0536667+01:00" testType="13cdc9d9-ddb5-4fa4-a97d-d965ccfc6d4b" outcome="Passed" testListId="8c84fa94-04c1-424b-9868-57a2d4851a1d" relativeResultsDirectory="8319c094-eca8-4ad5-bd5a-1530ee84eb9c">
      <Output>
        <StdOut>en-US</StdOut>
      </Output>
    </UnitTestResult>
    <UnitTestResult executionId="91f45c53-9382-474a-a7e0-cb3954f881d7" testId="5ac99301-633e-24de-53c4-f924fb7beb39" testName="ExtractMessagesFromXml_ShouldThrowLegacyMessageXmlParserException_IfParameterIsNull" computerName="DKSR-EFI-04" duration="00:00:00.0655670" startTime="2023-12-22T09:35:15.8036440+01:00" endTime="2023-12-22T09:35:15.8661444+01:00" testType="13cdc9d9-ddb5-4fa4-a97d-d965ccfc6d4b" outcome="Passed" testListId="8c84fa94-04c1-424b-9868-57a2d4851a1d" relativeResultsDirectory="91f45c53-9382-474a-a7e0-cb3954f881d7" />
    <UnitTestResult executionId="5386e03a-8800-4238-a964-6e461e0792a3" testId="0207a84d-d678-80a4-374f-019cfa942cab" testName="StartQuerySessionAsync_ShouldUseCorrectFilters" computerName="DKSR-EFI-04" duration="00:00:00.1769405" startTime="2023-12-22T09:35:24.5693601+01:00" endTime="2023-12-22T09:35:24.7411900+01:00" testType="13cdc9d9-ddb5-4fa4-a97d-d965ccfc6d4b" outcome="Passed" testListId="8c84fa94-04c1-424b-9868-57a2d4851a1d" relativeResultsDirectory="5386e03a-8800-4238-a964-6e461e0792a3" />
    <UnitTestResult executionId="19073788-cb3a-4f30-b549-6293c8aa929f" testId="5bc88eec-e68a-c6be-64e3-ba75f927987e" testName="DoUploadCultureFile_ShouldReturnFalse_IfFileDoesNotExist" computerName="DKSR-EFI-04" duration="00:00:00.0020586" startTime="2023-12-22T09:35:22.6005530+01:00" endTime="2023-12-22T09:35:22.6005530+01:00" testType="13cdc9d9-ddb5-4fa4-a97d-d965ccfc6d4b" outcome="Passed" testListId="8c84fa94-04c1-424b-9868-57a2d4851a1d" relativeResultsDirectory="19073788-cb3a-4f30-b549-6293c8aa929f" />
    <UnitTestResult executionId="68e94175-4952-4d65-a442-4df2195af07d" testId="f4a2467a-bab6-af14-8890-246822964e7c" testName="ExtractMessagesFromXml_ShouldReturnExpectedNumberOfSourceTypes (TestFiles\TestXMLs\Simple9.xml,3)" computerName="DKSR-EFI-04" duration="00:00:00.0634824" startTime="2023-12-22T09:35:20.5224172+01:00" endTime="2023-12-22T09:35:20.5849200+01:00" testType="13cdc9d9-ddb5-4fa4-a97d-d965ccfc6d4b" outcome="Passed" testListId="8c84fa94-04c1-424b-9868-57a2d4851a1d" relativeResultsDirectory="68e94175-4952-4d65-a442-4df2195af07d">
      <Output>
        <StdOut>en-US</StdOut>
      </Output>
    </UnitTestResult>
    <UnitTestResult executionId="a7dee977-5df8-4514-8b07-8cb71be2fd55" testId="88101cee-6ea8-96b1-12f3-d1d1a85b48ac" testName="ExtractMessagesFromXml_ShouldSetCorrectLogTypeOnEntry (ExportAVICameraCompleted,Audit)" computerName="DKSR-EFI-04" duration="00:00:00.0017759" startTime="2023-12-22T09:35:20.4442921+01:00" endTime="2023-12-22T09:35:20.4442921+01:00" testType="13cdc9d9-ddb5-4fa4-a97d-d965ccfc6d4b" outcome="Passed" testListId="8c84fa94-04c1-424b-9868-57a2d4851a1d" relativeResultsDirectory="a7dee977-5df8-4514-8b07-8cb71be2fd55">
      <Output>
        <StdOut>en-US</StdOut>
      </Output>
    </UnitTestResult>
    <UnitTestResult executionId="61ab4b36-1ee3-483c-be24-dd1b6766593a" testId="659ea7ef-7a9e-011e-503e-a43b4fac0d99" testName="CallAsync_ShouldNotRetryCall_WhenFuncThrowsNotCommunicationException (System.TimeoutException)" computerName="DKSR-EFI-04" duration="00:00:00.0024349" startTime="2023-12-22T09:35:06.3192202+01:00" endTime="2023-12-22T09:35:06.3348459+01:00" testType="13cdc9d9-ddb5-4fa4-a97d-d965ccfc6d4b" outcome="Passed" testListId="8c84fa94-04c1-424b-9868-57a2d4851a1d" relativeResultsDirectory="61ab4b36-1ee3-483c-be24-dd1b6766593a" />
    <UnitTestResult executionId="effb81aa-7691-44b4-8734-90ffabab71c0" testId="85a0c911-4d9b-f0cf-2307-5d56b2c855c8" testName="WriteLegacyLoglineAsync_ShouldPassCorrectParams" computerName="DKSR-EFI-04" duration="00:00:00.1344567" startTime="2023-12-22T09:35:15.5536434+01:00" endTime="2023-12-22T09:35:15.6942674+01:00" testType="13cdc9d9-ddb5-4fa4-a97d-d965ccfc6d4b" outcome="Passed" testListId="8c84fa94-04c1-424b-9868-57a2d4851a1d" relativeResultsDirectory="effb81aa-7691-44b4-8734-90ffabab71c0" />
    <UnitTestResult executionId="e6c29909-0831-480d-b63b-52bd962afe6f" testId="6907c083-38d4-a0e4-dacd-80087df0da9e" testName="RegisterCategoryTokenAsync_ShouldPassCorrectParams" computerName="DKSR-EFI-04" duration="00:00:00.5827995" startTime="2023-12-22T09:35:13.0223792+01:00" endTime="2023-12-22T09:35:13.6161329+01:00" testType="13cdc9d9-ddb5-4fa4-a97d-d965ccfc6d4b" outcome="Passed" testListId="8c84fa94-04c1-424b-9868-57a2d4851a1d" relativeResultsDirectory="e6c29909-0831-480d-b63b-52bd962afe6f" />
    <UnitTestResult executionId="b290d3c3-3e84-483a-8344-0f00422ae715" testId="3262192e-5f84-166d-d0c4-36e7145dfffb" testName="Create_ShouldSetCredentialsToDefaultNetworkCredentials_IfMIPEnvironmentIsNotInitializedAndUriIsGiven" computerName="DKSR-EFI-04" duration="00:00:00.0097955" startTime="2023-12-22T09:35:28.8037112+01:00" endTime="2023-12-22T09:35:28.8037112+01:00" testType="13cdc9d9-ddb5-4fa4-a97d-d965ccfc6d4b" outcome="Passed" testListId="8c84fa94-04c1-424b-9868-57a2d4851a1d" relativeResultsDirectory="b290d3c3-3e84-483a-8344-0f00422ae715" />
    <UnitTestResult executionId="45c125f1-227b-4579-b3cf-49ddb877d4c5" testId="2d5548d0-1b64-5fe8-35aa-ef8cb319ee22" testName="CallAsync_ShouldThrowArgumentNullException_WhenParameterIsNull" computerName="DKSR-EFI-04" duration="00:00:00.1467366" startTime="2023-12-22T09:35:05.8817178+01:00" endTime="2023-12-22T09:35:06.0379713+01:00" testType="13cdc9d9-ddb5-4fa4-a97d-d965ccfc6d4b" outcome="Passed" testListId="8c84fa94-04c1-424b-9868-57a2d4851a1d" relativeResultsDirectory="45c125f1-227b-4579-b3cf-49ddb877d4c5" />
    <UnitTestResult executionId="ad5434db-02dd-48f4-8c45-d23ba5b6ffa7" testId="e449cf0b-5d9a-14de-4691-aaebce969eef" testName="EndQuerySessionAsync_ShouldUseCorrectQuerySessionId_WhenTryingToStopRunningSession" computerName="DKSR-EFI-04" duration="00:00:00.0055900" startTime="2023-12-22T09:35:25.7099458+01:00" endTime="2023-12-22T09:35:25.7099458+01:00" testType="13cdc9d9-ddb5-4fa4-a97d-d965ccfc6d4b" outcome="Passed" testListId="8c84fa94-04c1-424b-9868-57a2d4851a1d" relativeResultsDirectory="ad5434db-02dd-48f4-8c45-d23ba5b6ffa7" />
    <UnitTestResult executionId="a9ba166f-7118-40e3-88b6-866f62c4edd2" testId="cd450799-898f-7592-470a-680a22fc3b31" testName="ExtractMessagesFromXml_ShouldReturnExpectedNumberOfEntries (TestFiles\TestXMLs\Large520.xml,520)" computerName="DKSR-EFI-04" duration="00:00:00.0386628" startTime="2023-12-22T09:35:20.0849159+01:00" endTime="2023-12-22T09:35:20.1161671+01:00" testType="13cdc9d9-ddb5-4fa4-a97d-d965ccfc6d4b" outcome="Passed" testListId="8c84fa94-04c1-424b-9868-57a2d4851a1d" relativeResultsDirectory="a9ba166f-7118-40e3-88b6-866f62c4edd2">
      <Output>
        <StdOut>en-US</StdOut>
      </Output>
    </UnitTestResult>
    <UnitTestResult executionId="0ae5a62b-ca4a-4e79-b3b8-a6514197b368" testId="7c031690-d33c-ac25-a380-c8faa4e938c9" testName="ToLogMessages_ShouldTransformEntriesToLogMessages_WithCorrectLogType" computerName="DKSR-EFI-04" duration="00:00:00.0178241" startTime="2023-12-22T09:35:26.1630754+01:00" endTime="2023-12-22T09:35:26.1786996+01:00" testType="13cdc9d9-ddb5-4fa4-a97d-d965ccfc6d4b" outcome="Passed" testListId="8c84fa94-04c1-424b-9868-57a2d4851a1d" relativeResultsDirectory="0ae5a62b-ca4a-4e79-b3b8-a6514197b368" />
    <UnitTestResult executionId="3daede6c-8067-45a8-8462-f790ac2cd953" testId="67eab2a5-7d43-d4c3-41cf-be4c77d695b4" testName="DoUploadCultureFiles_ShouldRegisterWithCredentialValidation_IfMIPEnvironmentIsNotInitialized" computerName="DKSR-EFI-04" duration="00:00:00.0813037" startTime="2023-12-22T09:35:24.0693112+01:00" endTime="2023-12-22T09:35:24.2099390+01:00" testType="13cdc9d9-ddb5-4fa4-a97d-d965ccfc6d4b" outcome="Passed" testListId="8c84fa94-04c1-424b-9868-57a2d4851a1d" relativeResultsDirectory="3daede6c-8067-45a8-8462-f790ac2cd953">
      <Output>
        <StdOut>en-US&#xD;
en-US</StdOut>
      </Output>
    </UnitTestResult>
    <UnitTestResult executionId="22a089eb-143e-4631-8716-d174601de49d" testId="6df9d8fe-99b1-520f-3539-fe9a729cb9bf" testName="Constructors_ShouldNotAllowInjectionOfNulls" computerName="DKSR-EFI-04" duration="00:00:00.9310496" startTime="2023-12-22T09:35:04.5223356+01:00" endTime="2023-12-22T09:35:05.8348432+01:00" testType="13cdc9d9-ddb5-4fa4-a97d-d965ccfc6d4b" outcome="Passed" testListId="8c84fa94-04c1-424b-9868-57a2d4851a1d" relativeResultsDirectory="22a089eb-143e-4631-8716-d174601de49d" />
    <UnitTestResult executionId="6bd3640d-c702-4e0f-a3c5-4d912c1444f3" testId="7edf0f60-8715-664d-d672-6e3b8e74effc" testName="Config_LogWriterClientBindingSendTimeoutSetToDefault" computerName="DKSR-EFI-04" duration="00:00:00.0102217" startTime="2023-12-22T09:35:28.8818371+01:00" endTime="2023-12-22T09:35:28.8974636+01:00" testType="13cdc9d9-ddb5-4fa4-a97d-d965ccfc6d4b" outcome="Passed" testListId="8c84fa94-04c1-424b-9868-57a2d4851a1d" relativeResultsDirectory="6bd3640d-c702-4e0f-a3c5-4d912c1444f3" />
    <UnitTestResult executionId="db8827f8-a049-4fe5-91f3-3f4bc639a202" testId="a3ce31ce-a70a-12fd-1790-3e015d94bf1b" testName="FetchRuleLoglinesAsync_ShouldUseCorrectQuerySessionId_AfterStartQuerySessionAsync" computerName="DKSR-EFI-04" duration="00:00:00.0213297" startTime="2023-12-22T09:35:25.4755703+01:00" endTime="2023-12-22T09:35:25.4911959+01:00" testType="13cdc9d9-ddb5-4fa4-a97d-d965ccfc6d4b" outcome="Passed" testListId="8c84fa94-04c1-424b-9868-57a2d4851a1d" relativeResultsDirectory="db8827f8-a049-4fe5-91f3-3f4bc639a202" />
    <UnitTestResult executionId="21d97150-5909-486d-8079-76e267b5dabd" testId="9617b6cc-73f3-9d59-f2da-862ee903bd8c" testName="CallAsync_ShouldThrowCommunicationServiceException_WhenFuncThrowsExpectedException (System.TimeoutException)" computerName="DKSR-EFI-04" duration="00:00:00.0009434" startTime="2023-12-22T09:35:06.0379713+01:00" endTime="2023-12-22T09:35:06.1473443+01:00" testType="13cdc9d9-ddb5-4fa4-a97d-d965ccfc6d4b" outcome="Passed" testListId="8c84fa94-04c1-424b-9868-57a2d4851a1d" relativeResultsDirectory="21d97150-5909-486d-8079-76e267b5dabd" />
    <UnitTestResult executionId="bc65ba6e-46af-40d2-9439-eaf665b38ef1" testId="6cd08c0d-0742-bf94-2384-45ba342e745a" testName="FetchSystemLoglinesAsync_ShouldUseCorrectQuerySessionId_AfterStartQuerySessionAsync" computerName="DKSR-EFI-04" duration="00:00:00.0293854" startTime="2023-12-22T09:35:25.3661937+01:00" endTime="2023-12-22T09:35:25.3974432+01:00" testType="13cdc9d9-ddb5-4fa4-a97d-d965ccfc6d4b" outcome="Passed" testListId="8c84fa94-04c1-424b-9868-57a2d4851a1d" relativeResultsDirectory="bc65ba6e-46af-40d2-9439-eaf665b38ef1" />
    <UnitTestResult executionId="9674b00d-ac5b-4ffd-93a0-90045f954618" testId="994f87cc-c58d-8744-77e4-ee22b9e9254a" testName="Close_StopsLambdasInTheQueue" computerName="DKSR-EFI-04" duration="00:00:00.1058852" startTime="2023-12-22T09:35:09.8973634+01:00" endTime="2023-12-22T09:35:09.9911144+01:00" testType="13cdc9d9-ddb5-4fa4-a97d-d965ccfc6d4b" outcome="Passed" testListId="8c84fa94-04c1-424b-9868-57a2d4851a1d" relativeResultsDirectory="9674b00d-ac5b-4ffd-93a0-90045f954618" />
    <UnitTestResult executionId="6fcbac4c-9a3e-478b-8b9e-fa01f6853f15" testId="77b01a8c-e14a-3262-a753-f3778f469516" testName="Create_ShouldSetEndpointAddressFromRegisteredServices_IfMIPEnvironmentIsInitialized" computerName="DKSR-EFI-04" duration="00:00:00.1286605" startTime="2023-12-22T09:35:28.1634143+01:00" endTime="2023-12-22T09:35:28.2880867+01:00" testType="13cdc9d9-ddb5-4fa4-a97d-d965ccfc6d4b" outcome="Passed" testListId="8c84fa94-04c1-424b-9868-57a2d4851a1d" relativeResultsDirectory="6fcbac4c-9a3e-478b-8b9e-fa01f6853f15" />
    <UnitTestResult executionId="4ba2b7ad-214d-45e9-9915-2992e3d64c54" testId="8ac78330-b240-db28-9493-e73a1cb6d6a1" testName="RegisterSourceTypeAsync_ShouldPassCorrectParams" computerName="DKSR-EFI-04" duration="00:00:00.3744293" startTime="2023-12-22T09:35:13.6317559+01:00" endTime="2023-12-22T09:35:14.0067580+01:00" testType="13cdc9d9-ddb5-4fa4-a97d-d965ccfc6d4b" outcome="Passed" testListId="8c84fa94-04c1-424b-9868-57a2d4851a1d" relativeResultsDirectory="4ba2b7ad-214d-45e9-9915-2992e3d64c54" />
    <UnitTestResult executionId="8b9d53d9-e33a-4d61-aedc-01c134f7ab28" testId="1293f5e2-447e-305e-3427-6c7f78f01ac9" testName="Create_ShouldSetCorrectCredentials" computerName="DKSR-EFI-04" duration="00:00:00.0880987" startTime="2023-12-22T09:35:28.4287088+01:00" endTime="2023-12-22T09:35:28.5224627+01:00" testType="13cdc9d9-ddb5-4fa4-a97d-d965ccfc6d4b" outcome="Passed" testListId="8c84fa94-04c1-424b-9868-57a2d4851a1d" relativeResultsDirectory="8b9d53d9-e33a-4d61-aedc-01c134f7ab28" />
    <UnitTestResult executionId="f386f07f-cacb-40d0-b12e-520863c25cee" testId="91a1044a-970f-5ce4-c09f-c08d99389089" testName="DoUploadCultureFiles_ShouldRegisterWithCredentialValidation_IfUserIsNotBasicUser" computerName="DKSR-EFI-04" duration="00:00:00.0538663" startTime="2023-12-22T09:35:24.2099390+01:00" endTime="2023-12-22T09:35:24.2724376+01:00" testType="13cdc9d9-ddb5-4fa4-a97d-d965ccfc6d4b" outcome="Passed" testListId="8c84fa94-04c1-424b-9868-57a2d4851a1d" relativeResultsDirectory="f386f07f-cacb-40d0-b12e-520863c25cee">
      <Output>
        <StdOut>en-US&#xD;
en-US</StdOut>
      </Output>
    </UnitTestResult>
    <UnitTestResult executionId="a2fdb96d-fe36-4886-8069-2dc026dbdd83" testId="feb5d8b3-90c1-1a40-7ce8-c06bb192fe75" testName="ExtractMessagesFromXml_ShouldSetCorrectSourceTypeOnEntry (TestFiles\TestXMLs\Simple9.xml,LPREventSearch,LPR)" computerName="DKSR-EFI-04" duration="00:00:00.0009886" startTime="2023-12-22T09:35:20.8817957+01:00" endTime="2023-12-22T09:35:20.8817957+01:00" testType="13cdc9d9-ddb5-4fa4-a97d-d965ccfc6d4b" outcome="Passed" testListId="8c84fa94-04c1-424b-9868-57a2d4851a1d" relativeResultsDirectory="a2fdb96d-fe36-4886-8069-2dc026dbdd83">
      <Output>
        <StdOut>en-US</StdOut>
      </Output>
    </UnitTestResult>
    <UnitTestResult executionId="340fd81c-6dba-46ac-b433-a7d9edf7edaf" testId="a1845fd6-f487-cb4b-470b-f538a85bb597" testName="FetchRuleLoglinesTokenAsync_ShouldUseCorrectQuerySessionId_AfterStartQuerySessionAsync" computerName="DKSR-EFI-04" duration="00:00:00.0910740" startTime="2023-12-22T09:35:25.4911959+01:00" endTime="2023-12-22T09:35:25.5849457+01:00" testType="13cdc9d9-ddb5-4fa4-a97d-d965ccfc6d4b" outcome="Passed" testListId="8c84fa94-04c1-424b-9868-57a2d4851a1d" relativeResultsDirectory="340fd81c-6dba-46ac-b433-a7d9edf7edaf" />
    <UnitTestResult executionId="f19e4851-6ba2-447f-a92a-a4bf7b53e51c" testId="e9dceb4c-247f-b92b-575c-87dcfdd7e26d" testName="GetFilterValuesTimestampAsync_ShouldReturnFilterValues" computerName="DKSR-EFI-04" duration="00:00:00.0131030" startTime="2023-12-22T09:35:26.0380710+01:00" endTime="2023-12-22T09:35:26.0536962+01:00" testType="13cdc9d9-ddb5-4fa4-a97d-d965ccfc6d4b" outcome="Passed" testListId="8c84fa94-04c1-424b-9868-57a2d4851a1d" relativeResultsDirectory="f19e4851-6ba2-447f-a92a-a4bf7b53e51c" />
    <UnitTestResult executionId="772137cd-928b-4616-aa33-9ce14032b010" testId="63016393-1767-4228-6fb0-e9e5bee4a5e3" testName="EndQuerySessionTokenAsync_ShouldUseCorrectQuerySessionId_WhenTryingToStopRunningSession" computerName="DKSR-EFI-04" duration="00:00:00.0631530" startTime="2023-12-22T09:35:25.7255700+01:00" endTime="2023-12-22T09:35:25.7880718+01:00" testType="13cdc9d9-ddb5-4fa4-a97d-d965ccfc6d4b" outcome="Passed" testListId="8c84fa94-04c1-424b-9868-57a2d4851a1d" relativeResultsDirectory="772137cd-928b-4616-aa33-9ce14032b010" />
    <UnitTestResult executionId="a5bcad42-6aaf-4b89-96c7-e2d5c64cd813" testId="3c41982f-e495-367d-236b-2f52da3f812e" testName="IsQuerySessionStarted_ShouldBeFalse_ByDefault" computerName="DKSR-EFI-04" duration="00:00:00.0024650" startTime="2023-12-22T09:35:25.6005700+01:00" endTime="2023-12-22T09:35:25.6005700+01:00" testType="13cdc9d9-ddb5-4fa4-a97d-d965ccfc6d4b" outcome="Passed" testListId="8c84fa94-04c1-424b-9868-57a2d4851a1d" relativeResultsDirectory="a5bcad42-6aaf-4b89-96c7-e2d5c64cd813" />
  </Results>
  <TestDefinitions>
    <UnitTest name="Create_ShouldThrowInvalidOperationException_IfMIPEnvironmentIsNotInitializedAndUriIsNotGiven" storage="d:\actions-runner\_work\xpco\xpco\logserver\communication\videoos.logserver.communication.tests\bin\debug\videoos.logserver.communication.tests.dll" id="df5bf18e-4764-6f88-4a5a-f2abba3536b3">
      <Execution id="9d764dc8-3c93-46bc-b86b-fdf0bcfd164f" />
      <TestMethod codeBase="D:\actions-runner\_work\XPCO\XPCO\LogServer\Communication\VideoOS.LogServer.Communication.Tests\bin\Debug\VideoOS.LogServer.Communication.Tests.dll" adapterTypeName="executor://mstestadapter/v2" className="VideoOS.LogServer.Communication.Tests.Communication.LogWriterServiceClientFactoryTests" name="Create_ShouldThrowInvalidOperationException_IfMIPEnvironmentIsNotInitializedAndUriIsNotGiven" />
    </UnitTest>
    <UnitTest name="ExtractMessagesFromXml_ShouldReturnExpectedNumberOfEntries (TestFiles\TestXMLs\Simple9.xml,9)" storage="d:\actions-runner\_work\xpco\xpco\logserver\communication\videoos.logserver.communication.tests\bin\debug\videoos.logserver.communication.tests.dll" id="fb07781e-2617-ff30-208d-de0ad28ddaf5">
      <Execution id="8319c094-eca8-4ad5-bd5a-1530ee84eb9c" />
      <TestMethod codeBase="D:\actions-runner\_work\XPCO\XPCO\LogServer\Communication\VideoOS.LogServer.Communication.Tests\bin\Debug\VideoOS.LogServer.Communication.Tests.dll" adapterTypeName="executor://mstestadapter/v2" className="VideoOS.LogServer.Communication.Tests.Legacy.LegacyMessageRegistrationTests" name="ExtractMessagesFromXml_ShouldReturnExpectedNumberOfEntries" />
    </UnitTest>
    <UnitTest name="ExtractMessagesFromXml_ShouldReturnExpectedNumberOfEntries (TestFiles\TestXMLs\CombinedGroups48.xml,48)" storage="d:\actions-runner\_work\xpco\xpco\logserver\communication\videoos.logserver.communication.tests\bin\debug\videoos.logserver.communication.tests.dll" id="a8364fbb-b5a2-ea12-610f-86d32b76c759">
      <Execution id="da6423f2-a4c8-4b76-a286-223c84647b93" />
      <TestMethod codeBase="D:\actions-runner\_work\XPCO\XPCO\LogServer\Communication\VideoOS.LogServer.Communication.Tests\bin\Debug\VideoOS.LogServer.Communication.Tests.dll" adapterTypeName="executor://mstestadapter/v2" className="VideoOS.LogServer.Communication.Tests.Legacy.LegacyMessageRegistrationTests" name="ExtractMessagesFromXml_ShouldReturnExpectedNumberOfEntries" />
    </UnitTest>
    <UnitTest name="ExtractMessagesFromXml_ShouldSetCorrectSourceTypeOnEntry (TestFiles\TestXMLs\CombinedGroups48.xml,ExportAVICameraCompleted,Camera)" storage="d:\actions-runner\_work\xpco\xpco\logserver\communication\videoos.logserver.communication.tests\bin\debug\videoos.logserver.communication.tests.dll" id="bed9dd5e-8bd4-8ed7-a13e-9199e5447b8d">
      <Execution id="378a74d6-b1d7-4523-a2cd-70fbe9545fef" />
      <TestMethod codeBase="D:\actions-runner\_work\XPCO\XPCO\LogServer\Communication\VideoOS.LogServer.Communication.Tests\bin\Debug\VideoOS.LogServer.Communication.Tests.dll" adapterTypeName="executor://mstestadapter/v2" className="VideoOS.LogServer.Communication.Tests.Legacy.LegacyMessageRegistrationTests" name="ExtractMessagesFromXml_ShouldSetCorrectSourceTypeOnEntry" />
    </UnitTest>
    <UnitTest name="Config_LogReaderClientBindingReceiveTimeoutCanBeConfiguredFromAppSettings" storage="d:\actions-runner\_work\xpco\xpco\logserver\communication\videoos.logserver.communication.tests\bin\debug\videoos.logserver.communication.tests.dll" id="9be429ed-7966-1558-1657-ef41e01e86b9">
      <Execution id="ee239848-7c9f-4527-b715-6b31f4c5867e" />
      <TestMethod codeBase="D:\actions-runner\_work\XPCO\XPCO\LogServer\Communication\VideoOS.LogServer.Communication.Tests\bin\Debug\VideoOS.LogServer.Communication.Tests.dll" adapterTypeName="executor://mstestadapter/v2" className="VideoOS.LogServer.Communication.Tests.Communication.LogReaderServiceClientFactoryTests" name="Config_LogReaderClientBindingReceiveTimeoutCanBeConfiguredFromAppSettings" />
    </UnitTest>
    <UnitTest name="WriteLoglineTokenAsync_ShouldPassCorrectParams" storage="d:\actions-runner\_work\xpco\xpco\logserver\communication\videoos.logserver.communication.tests\bin\debug\videoos.logserver.communication.tests.dll" id="b27e714f-fc99-1bd2-c3e6-37ebae722373">
      <Execution id="174c7be9-49c7-412b-8afe-efcf1c03eeca" />
      <TestMethod codeBase="D:\actions-runner\_work\XPCO\XPCO\LogServer\Communication\VideoOS.LogServer.Communication.Tests\bin\Debug\VideoOS.LogServer.Communication.Tests.dll" adapterTypeName="executor://mstestadapter/v2" className="VideoOS.LogServer.Communication.Tests.Writers.LogWriterTests" name="WriteLoglineTokenAsync_ShouldPassCorrectParams" />
    </UnitTest>
    <UnitTest name="FetchSystemLoglinesAsync_ShouldUseCorrectQuerySessionId_AfterStartQuerySessionAsync" storage="d:\actions-runner\_work\xpco\xpco\logserver\communication\videoos.logserver.communication.tests\bin\debug\videoos.logserver.communication.tests.dll" id="6cd08c0d-0742-bf94-2384-45ba342e745a">
      <Execution id="bc65ba6e-46af-40d2-9439-eaf665b38ef1" />
      <TestMethod codeBase="D:\actions-runner\_work\XPCO\XPCO\LogServer\Communication\VideoOS.LogServer.Communication.Tests\bin\Debug\VideoOS.LogServer.Communication.Tests.dll" adapterTypeName="executor://mstestadapter/v2" className="VideoOS.LogServer.Communication.Tests.Readers.LogReaderTests" name="FetchSystemLoglinesAsync_ShouldUseCorrectQuerySessionId_AfterStartQuerySessionAsync" />
    </UnitTest>
    <UnitTest name="FetchAuditLoglinesTokenAsync_ShouldUseCorrectQuerySessionId_AfterStartQuerySessionAsync" storage="d:\actions-runner\_work\xpco\xpco\logserver\communication\videoos.logserver.communication.tests\bin\debug\videoos.logserver.communication.tests.dll" id="66a36c9d-488e-cd9d-ffa8-da2feeea8136">
      <Execution id="b2bfbaee-80d3-4b45-86ef-bdf24e23b4e5" />
      <TestMethod codeBase="D:\actions-runner\_work\XPCO\XPCO\LogServer\Communication\VideoOS.LogServer.Communication.Tests\bin\Debug\VideoOS.LogServer.Communication.Tests.dll" adapterTypeName="executor://mstestadapter/v2" className="VideoOS.LogServer.Communication.Tests.Readers.LogReaderTests" name="FetchAuditLoglinesTokenAsync_ShouldUseCorrectQuerySessionId_AfterStartQuerySessionAsync" />
    </UnitTest>
    <UnitTest name="ExtractMessagesFromXml_ShouldSetCorrectCategoryOnEntry (MonitorLayoutCameraPlaced,VideoWallControl)" storage="d:\actions-runner\_work\xpco\xpco\logserver\communication\videoos.logserver.communication.tests\bin\debug\videoos.logserver.communication.tests.dll" id="5343f541-ab32-23f3-6d69-fb3a240652c8">
      <Execution id="4725b2f5-2781-46a2-9e39-425d9588551e" />
      <TestMethod codeBase="D:\actions-runner\_work\XPCO\XPCO\LogServer\Communication\VideoOS.LogServer.Communication.Tests\bin\Debug\VideoOS.LogServer.Communication.Tests.dll" adapterTypeName="executor://mstestadapter/v2" className="VideoOS.LogServer.Communication.Tests.Legacy.LegacyMessageRegistrationTests" name="ExtractMessagesFromXml_ShouldSetCorrectCategoryOnEntry" />
    </UnitTest>
    <UnitTest name="GetFilterValuesTimestampAsync_ShouldReturnFilterValues" storage="d:\actions-runner\_work\xpco\xpco\logserver\communication\videoos.logserver.communication.tests\bin\debug\videoos.logserver.communication.tests.dll" id="e9dceb4c-247f-b92b-575c-87dcfdd7e26d">
      <Execution id="f19e4851-6ba2-447f-a92a-a4bf7b53e51c" />
      <TestMethod codeBase="D:\actions-runner\_work\XPCO\XPCO\LogServer\Communication\VideoOS.LogServer.Communication.Tests\bin\Debug\VideoOS.LogServer.Communication.Tests.dll" adapterTypeName="executor://mstestadapter/v2" className="VideoOS.LogServer.Communication.Tests.Readers.LogReaderTests" name="GetFilterValuesTimestampAsync_ShouldReturnFilterValues" />
    </UnitTest>
    <UnitTest name="Create_ShouldSetCorrectCredentials" storage="d:\actions-runner\_work\xpco\xpco\logserver\communication\videoos.logserver.communication.tests\bin\debug\videoos.logserver.communication.tests.dll" id="1293f5e2-447e-305e-3427-6c7f78f01ac9">
      <Execution id="8b9d53d9-e33a-4d61-aedc-01c134f7ab28" />
      <TestMethod codeBase="D:\actions-runner\_work\XPCO\XPCO\LogServer\Communication\VideoOS.LogServer.Communication.Tests\bin\Debug\VideoOS.LogServer.Communication.Tests.dll" adapterTypeName="executor://mstestadapter/v2" className="VideoOS.LogServer.Communication.Tests.Communication.LogReaderServiceClientFactoryTests" name="Create_ShouldSetCorrectCredentials" />
    </UnitTest>
    <UnitTest name="ExtractMessagesFromXml_ShouldSetCorrectCulture (TestFiles\TestXMLs\Simple9.xml,en-US)" storage="d:\actions-runner\_work\xpco\xpco\logserver\communication\videoos.logserver.communication.tests\bin\debug\videoos.logserver.communication.tests.dll" id="24c3220b-1c1f-47f8-e7ad-b6854efd1570">
      <Execution id="050d4866-132f-4d06-9972-25002bbc1da9" />
      <TestMethod codeBase="D:\actions-runner\_work\XPCO\XPCO\LogServer\Communication\VideoOS.LogServer.Communication.Tests\bin\Debug\VideoOS.LogServer.Communication.Tests.dll" adapterTypeName="executor://mstestadapter/v2" className="VideoOS.LogServer.Communication.Tests.Legacy.LegacyMessageRegistrationTests" name="ExtractMessagesFromXml_ShouldSetCorrectCulture" />
    </UnitTest>
    <UnitTest name="FetchAuditLoglinesTokenAsync_ShouldReturnLoglines" storage="d:\actions-runner\_work\xpco\xpco\logserver\communication\videoos.logserver.communication.tests\bin\debug\videoos.logserver.communication.tests.dll" id="b37d0b5a-29a0-16c3-b349-b420d71ef9b0">
      <Execution id="001643e4-b990-457a-b71f-518a1fc66c6c" />
      <TestMethod codeBase="D:\actions-runner\_work\XPCO\XPCO\LogServer\Communication\VideoOS.LogServer.Communication.Tests\bin\Debug\VideoOS.LogServer.Communication.Tests.dll" adapterTypeName="executor://mstestadapter/v2" className="VideoOS.LogServer.Communication.Tests.Readers.LogReaderTests" name="FetchAuditLoglinesTokenAsync_ShouldReturnLoglines" />
    </UnitTest>
    <UnitTest name="ExtractMessagesFromXml_ShouldSetCorrectVersion (TestFiles\TestXMLs\CombinedGroups48.xml,12.0.2)" storage="d:\actions-runner\_work\xpco\xpco\logserver\communication\videoos.logserver.communication.tests\bin\debug\videoos.logserver.communication.tests.dll" id="b26ef1a0-ca7c-5175-29dd-e3e02c9d2b2e">
      <Execution id="9b34ae97-7467-467e-aa0f-dc584b1f5870" />
      <TestMethod codeBase="D:\actions-runner\_work\XPCO\XPCO\LogServer\Communication\VideoOS.LogServer.Communication.Tests\bin\Debug\VideoOS.LogServer.Communication.Tests.dll" adapterTypeName="executor://mstestadapter/v2" className="VideoOS.LogServer.Communication.Tests.Legacy.LegacyMessageRegistrationTests" name="ExtractMessagesFromXml_ShouldSetCorrectVersion" />
    </UnitTest>
    <UnitTest name="CallAsync_ShouldRethrowException_WhenFuncThrowsUnexpectedException" storage="d:\actions-runner\_work\xpco\xpco\logserver\communication\videoos.logserver.communication.tests\bin\debug\videoos.logserver.communication.tests.dll" id="b86f95fe-b8eb-93b5-85ac-c4b377aa3ab2">
      <Execution id="16100d4d-d9a7-4ea0-95ca-114852e6da1b" />
      <TestMethod codeBase="D:\actions-runner\_work\XPCO\XPCO\LogServer\Communication\VideoOS.LogServer.Communication.Tests\bin\Debug\VideoOS.LogServer.Communication.Tests.dll" adapterTypeName="executor://mstestadapter/v2" className="VideoOS.LogServer.Communication.Tests.ClientWrapperTests" name="CallAsync_ShouldRethrowException_WhenFuncThrowsUnexpectedException" />
    </UnitTest>
    <UnitTest name="EndQuerySessionTokenAsync_ShouldClearQuerySession_WhenPreviouslyRunningSessionIsStopped" storage="d:\actions-runner\_work\xpco\xpco\logserver\communication\videoos.logserver.communication.tests\bin\debug\videoos.logserver.communication.tests.dll" id="1adc8a7a-23e3-07aa-2488-b1b0ec1bd11d">
      <Execution id="12bc9426-e8d0-46ad-8e9d-10475b01d55c" />
      <TestMethod codeBase="D:\actions-runner\_work\XPCO\XPCO\LogServer\Communication\VideoOS.LogServer.Communication.Tests\bin\Debug\VideoOS.LogServer.Communication.Tests.dll" adapterTypeName="executor://mstestadapter/v2" className="VideoOS.LogServer.Communication.Tests.Readers.LogReaderTests" name="EndQuerySessionTokenAsync_ShouldClearQuerySession_WhenPreviouslyRunningSessionIsStopped" />
    </UnitTest>
    <UnitTest name="ExtractMessagesFromXml_ShouldSetCorrectSourceTypeOnEntry (TestFiles\TestXMLs\CombinedGroups48.xml,ExportBegun,Export)" storage="d:\actions-runner\_work\xpco\xpco\logserver\communication\videoos.logserver.communication.tests\bin\debug\videoos.logserver.communication.tests.dll" id="446a9572-a221-3e10-2ac5-6b6981646eca">
      <Execution id="7d73a57c-58e6-4b22-abf3-8cdd3d672284" />
      <TestMethod codeBase="D:\actions-runner\_work\XPCO\XPCO\LogServer\Communication\VideoOS.LogServer.Communication.Tests\bin\Debug\VideoOS.LogServer.Communication.Tests.dll" adapterTypeName="executor://mstestadapter/v2" className="VideoOS.LogServer.Communication.Tests.Legacy.LegacyMessageRegistrationTests" name="ExtractMessagesFromXml_ShouldSetCorrectSourceTypeOnEntry" />
    </UnitTest>
    <UnitTest name="Create_ShouldSetCredentialsToDefaultNetworkCredentials_IfMIPEnvironmentIsNotInitializedAndUriIsGiven" storage="d:\actions-runner\_work\xpco\xpco\logserver\communication\videoos.logserver.communication.tests\bin\debug\videoos.logserver.communication.tests.dll" id="779652e4-8fbe-3b7e-110d-d5f43eed27ad">
      <Execution id="5ad47f72-54f0-4f71-afa3-4286c2b120a9" />
      <TestMethod codeBase="D:\actions-runner\_work\XPCO\XPCO\LogServer\Communication\VideoOS.LogServer.Communication.Tests\bin\Debug\VideoOS.LogServer.Communication.Tests.dll" adapterTypeName="executor://mstestadapter/v2" className="VideoOS.LogServer.Communication.Tests.Communication.LogConfigurationServiceClientFactoryTests" name="Create_ShouldSetCredentialsToDefaultNetworkCredentials_IfMIPEnvironmentIsNotInitializedAndUriIsGiven" />
    </UnitTest>
    <UnitTest name="ExtractMessagesFromXml_ShouldReturnExpectedNumberOfCategories (TestFiles\TestXMLs\CombinedGroups48.xml,6)" storage="d:\actions-runner\_work\xpco\xpco\logserver\communication\videoos.logserver.communication.tests\bin\debug\videoos.logserver.communication.tests.dll" id="69f89350-67d1-88c5-1fb3-1403510533d5">
      <Execution id="8f120b72-8788-4296-b287-b7c1e1b6af69" />
      <TestMethod codeBase="D:\actions-runner\_work\XPCO\XPCO\LogServer\Communication\VideoOS.LogServer.Communication.Tests\bin\Debug\VideoOS.LogServer.Communication.Tests.dll" adapterTypeName="executor://mstestadapter/v2" className="VideoOS.LogServer.Communication.Tests.Legacy.LegacyMessageRegistrationTests" name="ExtractMessagesFromXml_ShouldReturnExpectedNumberOfCategories" />
    </UnitTest>
    <UnitTest name="DoUploadCultureFiles_ShouldReturnTrue_IfRegistrationSucceeds" storage="d:\actions-runner\_work\xpco\xpco\logserver\communication\videoos.logserver.communication.tests\bin\debug\videoos.logserver.communication.tests.dll" id="6941bc2c-9833-5d26-b03a-41c7ade36d6e">
      <Execution id="042c337d-845b-4298-95a8-560f125e7e42" />
      <TestMethod codeBase="D:\actions-runner\_work\XPCO\XPCO\LogServer\Communication\VideoOS.LogServer.Communication.Tests\bin\Debug\VideoOS.LogServer.Communication.Tests.dll" adapterTypeName="executor://mstestadapter/v2" className="VideoOS.LogServer.Communication.Tests.Legacy.Client.LogClientInternalTests" name="DoUploadCultureFiles_ShouldReturnTrue_IfRegistrationSucceeds" />
    </UnitTest>
    <UnitTest name="EndQuerySessionTokenAsync_ShouldUseCorrectQuerySessionId_WhenTryingToStopRunningSession" storage="d:\actions-runner\_work\xpco\xpco\logserver\communication\videoos.logserver.communication.tests\bin\debug\videoos.logserver.communication.tests.dll" id="63016393-1767-4228-6fb0-e9e5bee4a5e3">
      <Execution id="772137cd-928b-4616-aa33-9ce14032b010" />
      <TestMethod codeBase="D:\actions-runner\_work\XPCO\XPCO\LogServer\Communication\VideoOS.LogServer.Communication.Tests\bin\Debug\VideoOS.LogServer.Communication.Tests.dll" adapterTypeName="executor://mstestadapter/v2" className="VideoOS.LogServer.Communication.Tests.Readers.LogReaderTests" name="EndQuerySessionTokenAsync_ShouldUseCorrectQuerySessionId_WhenTryingToStopRunningSession" />
    </UnitTest>
    <UnitTest name="Close_StopsRetrying" storage="d:\actions-runner\_work\xpco\xpco\logserver\communication\videoos.logserver.communication.tests\bin\debug\videoos.logserver.communication.tests.dll" id="308ca1e2-fb9c-1586-8871-264314d0c4f4">
      <Execution id="d0691726-ac56-467b-80f8-b30dc0b1b887" />
      <TestMethod codeBase="D:\actions-runner\_work\XPCO\XPCO\LogServer\Communication\VideoOS.LogServer.Communication.Tests\bin\Debug\VideoOS.LogServer.Communication.Tests.dll" adapterTypeName="executor://mstestadapter/v2" className="VideoOS.LogServer.Communication.Tests.QueueingClientWrapperTests" name="Close_StopsRetrying" />
    </UnitTest>
    <UnitTest name="ExtractMessagesFromXml_ShouldSetCorrectCulture (TestFiles\TestXMLs\CombinedGroups48.xml,en-US)" storage="d:\actions-runner\_work\xpco\xpco\logserver\communication\videoos.logserver.communication.tests\bin\debug\videoos.logserver.communication.tests.dll" id="8b3db817-aa30-ea6d-4629-f6f2628b1e34">
      <Execution id="9b2a3de7-4fb3-4271-bbed-da8baf0ba5c4" />
      <TestMethod codeBase="D:\actions-runner\_work\XPCO\XPCO\LogServer\Communication\VideoOS.LogServer.Communication.Tests\bin\Debug\VideoOS.LogServer.Communication.Tests.dll" adapterTypeName="executor://mstestadapter/v2" className="VideoOS.LogServer.Communication.Tests.Legacy.LegacyMessageRegistrationTests" name="ExtractMessagesFromXml_ShouldSetCorrectCulture" />
    </UnitTest>
    <UnitTest name="RegisterLegacyLogMessagesAsync_ShouldPassCorrectParams" storage="d:\actions-runner\_work\xpco\xpco\logserver\communication\videoos.logserver.communication.tests\bin\debug\videoos.logserver.communication.tests.dll" id="01d14afd-25f5-291d-8634-feb90cef42b3">
      <Execution id="9147ce9c-0933-4a0a-823f-eb0a168e002b" />
      <TestMethod codeBase="D:\actions-runner\_work\XPCO\XPCO\LogServer\Communication\VideoOS.LogServer.Communication.Tests\bin\Debug\VideoOS.LogServer.Communication.Tests.dll" adapterTypeName="executor://mstestadapter/v2" className="VideoOS.LogServer.Communication.Tests.Writers.LogWriterTests" name="RegisterLegacyLogMessagesAsync_ShouldPassCorrectParams" />
    </UnitTest>
    <UnitTest name="CallWithRetryAsync_CallsLambdaMultipleTimes_IfFailed" storage="d:\actions-runner\_work\xpco\xpco\logserver\communication\videoos.logserver.communication.tests\bin\debug\videoos.logserver.communication.tests.dll" id="94fee7c4-80c8-1c86-3576-94ca601ec732">
      <Execution id="0f125eaf-53b7-41e3-a6e6-e8c5e70aa8a6" />
      <TestMethod codeBase="D:\actions-runner\_work\XPCO\XPCO\LogServer\Communication\VideoOS.LogServer.Communication.Tests\bin\Debug\VideoOS.LogServer.Communication.Tests.dll" adapterTypeName="executor://mstestadapter/v2" className="VideoOS.LogServer.Communication.Tests.QueueingClientWrapperTests" name="CallWithRetryAsync_CallsLambdaMultipleTimes_IfFailed" />
    </UnitTest>
    <UnitTest name="RegisterLegacyLogMessagesTokenAsync_ShouldPassCorrectParams" storage="d:\actions-runner\_work\xpco\xpco\logserver\communication\videoos.logserver.communication.tests\bin\debug\videoos.logserver.communication.tests.dll" id="7e96b009-8ba0-c755-7d30-7f328804b614">
      <Execution id="5571d325-147a-466a-a617-926e5cddd896" />
      <TestMethod codeBase="D:\actions-runner\_work\XPCO\XPCO\LogServer\Communication\VideoOS.LogServer.Communication.Tests\bin\Debug\VideoOS.LogServer.Communication.Tests.dll" adapterTypeName="executor://mstestadapter/v2" className="VideoOS.LogServer.Communication.Tests.Writers.LogWriterTests" name="RegisterLegacyLogMessagesTokenAsync_ShouldPassCorrectParams" />
    </UnitTest>
    <UnitTest name="ExtractMessagesFromXml_ShouldSetCorrectCulture (TestFiles\TestXMLs\SimpleKR9.xml,ko-KR)" storage="d:\actions-runner\_work\xpco\xpco\logserver\communication\videoos.logserver.communication.tests\bin\debug\videoos.logserver.communication.tests.dll" id="b4c67156-b25e-38b0-705c-d5a9b034170b">
      <Execution id="c745423d-88d1-4c8b-9083-a015b24b5318" />
      <TestMethod codeBase="D:\actions-runner\_work\XPCO\XPCO\LogServer\Communication\VideoOS.LogServer.Communication.Tests\bin\Debug\VideoOS.LogServer.Communication.Tests.dll" adapterTypeName="executor://mstestadapter/v2" className="VideoOS.LogServer.Communication.Tests.Legacy.LegacyMessageRegistrationTests" name="ExtractMessagesFromXml_ShouldSetCorrectCulture" />
    </UnitTest>
    <UnitTest name="DoUploadCultureFile_ShouldRegisterWithCredentialValidation_IfUserIsNotBasicUser" storage="d:\actions-runner\_work\xpco\xpco\logserver\communication\videoos.logserver.communication.tests\bin\debug\videoos.logserver.communication.tests.dll" id="fd6a6596-e9bc-820d-bbb1-d6004688c36f">
      <Execution id="852d192e-1572-4283-86a2-aed037ca6b50" />
      <TestMethod codeBase="D:\actions-runner\_work\XPCO\XPCO\LogServer\Communication\VideoOS.LogServer.Communication.Tests\bin\Debug\VideoOS.LogServer.Communication.Tests.dll" adapterTypeName="executor://mstestadapter/v2" className="VideoOS.LogServer.Communication.Tests.Legacy.Client.LogClientInternalTests" name="DoUploadCultureFile_ShouldRegisterWithCredentialValidation_IfUserIsNotBasicUser" />
    </UnitTest>
    <UnitTest name="EndQuerySessionAsync_ShouldNotDoAnything_IfQuerySessionHasNotBeenStarted" storage="d:\actions-runner\_work\xpco\xpco\logserver\communication\videoos.logserver.communication.tests\bin\debug\videoos.logserver.communication.tests.dll" id="b42052b4-be9c-180e-d224-1ca4f236874a">
      <Execution id="1f385c67-7b64-46a1-8152-9c319ff43f9d" />
      <TestMethod codeBase="D:\actions-runner\_work\XPCO\XPCO\LogServer\Communication\VideoOS.LogServer.Communication.Tests\bin\Debug\VideoOS.LogServer.Communication.Tests.dll" adapterTypeName="executor://mstestadapter/v2" className="VideoOS.LogServer.Communication.Tests.Readers.LogReaderTests" name="EndQuerySessionAsync_ShouldNotDoAnything_IfQuerySessionHasNotBeenStarted" />
    </UnitTest>
    <UnitTest name="CallAsync_ShouldRetryCallCountTimes_WhenFuncThrowsCommunicationException" storage="d:\actions-runner\_work\xpco\xpco\logserver\communication\videoos.logserver.communication.tests\bin\debug\videoos.logserver.communication.tests.dll" id="67f28808-ddff-e982-aee0-d9b5dbc005e2">
      <Execution id="ebe30933-9c2e-4214-acb5-3532bf5b6c14" />
      <TestMethod codeBase="D:\actions-runner\_work\XPCO\XPCO\LogServer\Communication\VideoOS.LogServer.Communication.Tests\bin\Debug\VideoOS.LogServer.Communication.Tests.dll" adapterTypeName="executor://mstestadapter/v2" className="VideoOS.LogServer.Communication.Tests.ClientWrapperTests" name="CallAsync_ShouldRetryCallCountTimes_WhenFuncThrowsCommunicationException" />
    </UnitTest>
    <UnitTest name="RegisterSourceTypeTokenAsync_ShouldPassCorrectParams" storage="d:\actions-runner\_work\xpco\xpco\logserver\communication\videoos.logserver.communication.tests\bin\debug\videoos.logserver.communication.tests.dll" id="bec962ea-d868-333e-e3ba-591adbfdf268">
      <Execution id="c58aa6b1-a466-4547-9ea5-e46c486b169a" />
      <TestMethod codeBase="D:\actions-runner\_work\XPCO\XPCO\LogServer\Communication\VideoOS.LogServer.Communication.Tests\bin\Debug\VideoOS.LogServer.Communication.Tests.dll" adapterTypeName="executor://mstestadapter/v2" className="VideoOS.LogServer.Communication.Tests.Writers.LogWriterTests" name="RegisterSourceTypeTokenAsync_ShouldPassCorrectParams" />
    </UnitTest>
    <UnitTest name="FetchRuleLoglinesTokenAsync_ShouldReturnLoglines" storage="d:\actions-runner\_work\xpco\xpco\logserver\communication\videoos.logserver.communication.tests\bin\debug\videoos.logserver.communication.tests.dll" id="48279b0f-faf7-b592-4f52-51dcac4755c3">
      <Execution id="f4c48a24-d2df-4bc4-b65a-dd6a58f97589" />
      <TestMethod codeBase="D:\actions-runner\_work\XPCO\XPCO\LogServer\Communication\VideoOS.LogServer.Communication.Tests\bin\Debug\VideoOS.LogServer.Communication.Tests.dll" adapterTypeName="executor://mstestadapter/v2" className="VideoOS.LogServer.Communication.Tests.Readers.LogReaderTests" name="FetchRuleLoglinesTokenAsync_ShouldReturnLoglines" />
    </UnitTest>
    <UnitTest name="ExtractMessagesFromXml_ShouldSetCorrectCategoryOnEntry (MapNavigationServerChanged,)" storage="d:\actions-runner\_work\xpco\xpco\logserver\communication\videoos.logserver.communication.tests\bin\debug\videoos.logserver.communication.tests.dll" id="c63998ff-057d-127a-a599-7bd00fbae3de">
      <Execution id="b38c6235-8cf4-4c37-82db-afa1723dfe31" />
      <TestMethod codeBase="D:\actions-runner\_work\XPCO\XPCO\LogServer\Communication\VideoOS.LogServer.Communication.Tests\bin\Debug\VideoOS.LogServer.Communication.Tests.dll" adapterTypeName="executor://mstestadapter/v2" className="VideoOS.LogServer.Communication.Tests.Legacy.LegacyMessageRegistrationTests" name="ExtractMessagesFromXml_ShouldSetCorrectCategoryOnEntry" />
    </UnitTest>
    <UnitTest name="Create_ShouldSetCredentialsToDefaultNetworkCredentials_IfMIPEnvironmentIsNotInitializedAndUriIsGiven" storage="d:\actions-runner\_work\xpco\xpco\logserver\communication\videoos.logserver.communication.tests\bin\debug\videoos.logserver.communication.tests.dll" id="3262192e-5f84-166d-d0c4-36e7145dfffb">
      <Execution id="b290d3c3-3e84-483a-8344-0f00422ae715" />
      <TestMethod codeBase="D:\actions-runner\_work\XPCO\XPCO\LogServer\Communication\VideoOS.LogServer.Communication.Tests\bin\Debug\VideoOS.LogServer.Communication.Tests.dll" adapterTypeName="executor://mstestadapter/v2" className="VideoOS.LogServer.Communication.Tests.Communication.LogWriterServiceClientFactoryTests" name="Create_ShouldSetCredentialsToDefaultNetworkCredentials_IfMIPEnvironmentIsNotInitializedAndUriIsGiven" />
    </UnitTest>
    <UnitTest name="ExtractMessagesFromXml_ShouldSetCorrectCategoryOnEntry (ExportBegun,Export)" storage="d:\actions-runner\_work\xpco\xpco\logserver\communication\videoos.logserver.communication.tests\bin\debug\videoos.logserver.communication.tests.dll" id="b23c055a-115b-f4d2-24a2-c22528b67dba">
      <Execution id="baf7f6ce-51fe-4e00-85f5-d482baf290d9" />
      <TestMethod codeBase="D:\actions-runner\_work\XPCO\XPCO\LogServer\Communication\VideoOS.LogServer.Communication.Tests\bin\Debug\VideoOS.LogServer.Communication.Tests.dll" adapterTypeName="executor://mstestadapter/v2" className="VideoOS.LogServer.Communication.Tests.Legacy.LegacyMessageRegistrationTests" name="ExtractMessagesFromXml_ShouldSetCorrectCategoryOnEntry" />
    </UnitTest>
    <UnitTest name="Create_ShouldSetEndpointAddressUsingLogServerUri_IfMIPEnvironmentIsNotInitializedAndUriIsGiven" storage="d:\actions-runner\_work\xpco\xpco\logserver\communication\videoos.logserver.communication.tests\bin\debug\videoos.logserver.communication.tests.dll" id="22ec705d-08b4-1246-93f7-3ae9421d40cf">
      <Execution id="9e75196b-3871-4bc4-a3f9-96f3f265b96a" />
      <TestMethod codeBase="D:\actions-runner\_work\XPCO\XPCO\LogServer\Communication\VideoOS.LogServer.Communication.Tests\bin\Debug\VideoOS.LogServer.Communication.Tests.dll" adapterTypeName="executor://mstestadapter/v2" className="VideoOS.LogServer.Communication.Tests.Communication.LogConfigurationServiceClientFactoryTests" name="Create_ShouldSetEndpointAddressUsingLogServerUri_IfMIPEnvironmentIsNotInitializedAndUriIsGiven" />
    </UnitTest>
    <UnitTest name="GetFilterValuesAsync_ShouldReturnFilterValues" storage="d:\actions-runner\_work\xpco\xpco\logserver\communication\videoos.logserver.communication.tests\bin\debug\videoos.logserver.communication.tests.dll" id="68917092-20dd-c73b-53c5-158af009c721">
      <Execution id="03ff2c0e-57d1-42fd-abaa-c778cad76fef" />
      <TestMethod codeBase="D:\actions-runner\_work\XPCO\XPCO\LogServer\Communication\VideoOS.LogServer.Communication.Tests\bin\Debug\VideoOS.LogServer.Communication.Tests.dll" adapterTypeName="executor://mstestadapter/v2" className="VideoOS.LogServer.Communication.Tests.Readers.LogReaderTests" name="GetFilterValuesAsync_ShouldReturnFilterValues" />
    </UnitTest>
    <UnitTest name="IsQuerySessionStarted_ShouldBeFalse_ByDefault" storage="d:\actions-runner\_work\xpco\xpco\logserver\communication\videoos.logserver.communication.tests\bin\debug\videoos.logserver.communication.tests.dll" id="3c41982f-e495-367d-236b-2f52da3f812e">
      <Execution id="a5bcad42-6aaf-4b89-96c7-e2d5c64cd813" />
      <TestMethod codeBase="D:\actions-runner\_work\XPCO\XPCO\LogServer\Communication\VideoOS.LogServer.Communication.Tests\bin\Debug\VideoOS.LogServer.Communication.Tests.dll" adapterTypeName="executor://mstestadapter/v2" className="VideoOS.LogServer.Communication.Tests.Readers.LogReaderTests" name="IsQuerySessionStarted_ShouldBeFalse_ByDefault" />
    </UnitTest>
    <UnitTest name="ExtractMessagesFromXml_ShouldSetCorrectLogTypeOnEntry (ExportAVICameraCompleted,Audit)" storage="d:\actions-runner\_work\xpco\xpco\logserver\communication\videoos.logserver.communication.tests\bin\debug\videoos.logserver.communication.tests.dll" id="88101cee-6ea8-96b1-12f3-d1d1a85b48ac">
      <Execution id="a7dee977-5df8-4514-8b07-8cb71be2fd55" />
      <TestMethod codeBase="D:\actions-runner\_work\XPCO\XPCO\LogServer\Communication\VideoOS.LogServer.Communication.Tests\bin\Debug\VideoOS.LogServer.Communication.Tests.dll" adapterTypeName="executor://mstestadapter/v2" className="VideoOS.LogServer.Communication.Tests.Legacy.LegacyMessageRegistrationTests" name="ExtractMessagesFromXml_ShouldSetCorrectLogTypeOnEntry" />
    </UnitTest>
    <UnitTest name="CallWithRetryAsync_OnlyCallsLambdaOnce_IfItSucceeds" storage="d:\actions-runner\_work\xpco\xpco\logserver\communication\videoos.logserver.communication.tests\bin\debug\videoos.logserver.communication.tests.dll" id="4eb367ab-5c42-6b05-7bc5-20146f5c9dce">
      <Execution id="357f514d-436c-4f95-96d9-bceebd705af4" />
      <TestMethod codeBase="D:\actions-runner\_work\XPCO\XPCO\LogServer\Communication\VideoOS.LogServer.Communication.Tests\bin\Debug\VideoOS.LogServer.Communication.Tests.dll" adapterTypeName="executor://mstestadapter/v2" className="VideoOS.LogServer.Communication.Tests.QueueingClientWrapperTests" name="CallWithRetryAsync_OnlyCallsLambdaOnce_IfItSucceeds" />
    </UnitTest>
    <UnitTest name="Create_ShouldSetCredentialsToLoginSettingsNetworkCredentials_IfMIPEnvironmentIsInitialized" storage="d:\actions-runner\_work\xpco\xpco\logserver\communication\videoos.logserver.communication.tests\bin\debug\videoos.logserver.communication.tests.dll" id="a9befe5e-a1fe-4335-a2a4-b001dfe290b4">
      <Execution id="8b61715e-1283-4ce4-a433-6193435feec8" />
      <TestMethod codeBase="D:\actions-runner\_work\XPCO\XPCO\LogServer\Communication\VideoOS.LogServer.Communication.Tests\bin\Debug\VideoOS.LogServer.Communication.Tests.dll" adapterTypeName="executor://mstestadapter/v2" className="VideoOS.LogServer.Communication.Tests.Communication.LogConfigurationServiceClientFactoryTests" name="Create_ShouldSetCredentialsToLoginSettingsNetworkCredentials_IfMIPEnvironmentIsInitialized" />
    </UnitTest>
    <UnitTest name="CallWithRetryAsync_CallsAllLambdasUntilTheyPass_IfThereAreMultipleLambdas" storage="d:\actions-runner\_work\xpco\xpco\logserver\communication\videoos.logserver.communication.tests\bin\debug\videoos.logserver.communication.tests.dll" id="badbd886-4256-36d6-b407-7caca836cddf">
      <Execution id="166b725a-849d-4a35-88bf-40a8c97c3eaf" />
      <TestMethod codeBase="D:\actions-runner\_work\XPCO\XPCO\LogServer\Communication\VideoOS.LogServer.Communication.Tests\bin\Debug\VideoOS.LogServer.Communication.Tests.dll" adapterTypeName="executor://mstestadapter/v2" className="VideoOS.LogServer.Communication.Tests.QueueingClientWrapperTests" name="CallWithRetryAsync_CallsAllLambdasUntilTheyPass_IfThereAreMultipleLambdas" />
    </UnitTest>
    <UnitTest name="Config_LogWriterClientBindingSendTimeoutSetToDefault" storage="d:\actions-runner\_work\xpco\xpco\logserver\communication\videoos.logserver.communication.tests\bin\debug\videoos.logserver.communication.tests.dll" id="7edf0f60-8715-664d-d672-6e3b8e74effc">
      <Execution id="6bd3640d-c702-4e0f-a3c5-4d912c1444f3" />
      <TestMethod codeBase="D:\actions-runner\_work\XPCO\XPCO\LogServer\Communication\VideoOS.LogServer.Communication.Tests\bin\Debug\VideoOS.LogServer.Communication.Tests.dll" adapterTypeName="executor://mstestadapter/v2" className="VideoOS.LogServer.Communication.Tests.Communication.LogWriterServiceClientFactoryTests" name="Config_LogWriterClientBindingSendTimeoutSetToDefault" />
    </UnitTest>
    <UnitTest name="Config_LogConfigurationClientBindingSendTimeoutCanBeConfiguredFromAppSettings" storage="d:\actions-runner\_work\xpco\xpco\logserver\communication\videoos.logserver.communication.tests\bin\debug\videoos.logserver.communication.tests.dll" id="70bea485-ec86-6f83-5a24-575e32c4eae9">
      <Execution id="c8934c8c-4956-4eb6-b971-bf1b77e0c10a" />
      <TestMethod codeBase="D:\actions-runner\_work\XPCO\XPCO\LogServer\Communication\VideoOS.LogServer.Communication.Tests\bin\Debug\VideoOS.LogServer.Communication.Tests.dll" adapterTypeName="executor://mstestadapter/v2" className="VideoOS.LogServer.Communication.Tests.Communication.LogConfigurationServiceClientFactoryTests" name="Config_LogConfigurationClientBindingSendTimeoutCanBeConfiguredFromAppSettings" />
    </UnitTest>
    <UnitTest name="ExtractMessagesFromXml_ShouldReturnExpectedNumberOfSourceTypes (TestFiles\TestXMLs\Large520.xml,41)" storage="d:\actions-runner\_work\xpco\xpco\logserver\communication\videoos.logserver.communication.tests\bin\debug\videoos.logserver.communication.tests.dll" id="6bd4e64a-403b-2246-3e7d-bff3950d867e">
      <Execution id="ca5e6c51-8c97-4c9f-b967-b3a443f8d61b" />
      <TestMethod codeBase="D:\actions-runner\_work\XPCO\XPCO\LogServer\Communication\VideoOS.LogServer.Communication.Tests\bin\Debug\VideoOS.LogServer.Communication.Tests.dll" adapterTypeName="executor://mstestadapter/v2" className="VideoOS.LogServer.Communication.Tests.Legacy.LegacyMessageRegistrationTests" name="ExtractMessagesFromXml_ShouldReturnExpectedNumberOfSourceTypes" />
    </UnitTest>
    <UnitTest name="RegisterCategoryTokenAsync_ShouldPassCorrectParams" storage="d:\actions-runner\_work\xpco\xpco\logserver\communication\videoos.logserver.communication.tests\bin\debug\videoos.logserver.communication.tests.dll" id="6907c083-38d4-a0e4-dacd-80087df0da9e">
      <Execution id="e6c29909-0831-480d-b63b-52bd962afe6f" />
      <TestMethod codeBase="D:\actions-runner\_work\XPCO\XPCO\LogServer\Communication\VideoOS.LogServer.Communication.Tests\bin\Debug\VideoOS.LogServer.Communication.Tests.dll" adapterTypeName="executor://mstestadapter/v2" className="VideoOS.LogServer.Communication.Tests.Writers.LogWriterTests" name="RegisterCategoryTokenAsync_ShouldPassCorrectParams" />
    </UnitTest>
    <UnitTest name="WriteLegacyLoglineAsync_ShouldPassCorrectParams" storage="d:\actions-runner\_work\xpco\xpco\logserver\communication\videoos.logserver.communication.tests\bin\debug\videoos.logserver.communication.tests.dll" id="85a0c911-4d9b-f0cf-2307-5d56b2c855c8">
      <Execution id="effb81aa-7691-44b4-8734-90ffabab71c0" />
      <TestMethod codeBase="D:\actions-runner\_work\XPCO\XPCO\LogServer\Communication\VideoOS.LogServer.Communication.Tests\bin\Debug\VideoOS.LogServer.Communication.Tests.dll" adapterTypeName="executor://mstestadapter/v2" className="VideoOS.LogServer.Communication.Tests.Writers.LogWriterTests" name="WriteLegacyLoglineAsync_ShouldPassCorrectParams" />
    </UnitTest>
    <UnitTest name="ExtractMessagesFromXml_ShouldReturnExpectedNumberOfEntries (TestFiles\TestXMLs\Large520.xml,520)" storage="d:\actions-runner\_work\xpco\xpco\logserver\communication\videoos.logserver.communication.tests\bin\debug\videoos.logserver.communication.tests.dll" id="cd450799-898f-7592-470a-680a22fc3b31">
      <Execution id="a9ba166f-7118-40e3-88b6-866f62c4edd2" />
      <TestMethod codeBase="D:\actions-runner\_work\XPCO\XPCO\LogServer\Communication\VideoOS.LogServer.Communication.Tests\bin\Debug\VideoOS.LogServer.Communication.Tests.dll" adapterTypeName="executor://mstestadapter/v2" className="VideoOS.LogServer.Communication.Tests.Legacy.LegacyMessageRegistrationTests" name="ExtractMessagesFromXml_ShouldReturnExpectedNumberOfEntries" />
    </UnitTest>
    <UnitTest name="CallAsync_ShouldNotRetryCall_WhenFuncThrowsNotCommunicationException" storage="d:\actions-runner\_work\xpco\xpco\logserver\communication\videoos.logserver.communication.tests\bin\debug\videoos.logserver.communication.tests.dll" id="659ea7ef-7a9e-011e-503e-a43b4fac0d99">
      <Execution id="28eb3bbc-917f-4958-9726-858322d594f7" />
      <TestMethod codeBase="D:\actions-runner\_work\XPCO\XPCO\LogServer\Communication\VideoOS.LogServer.Communication.Tests\bin\Debug\VideoOS.LogServer.Communication.Tests.dll" adapterTypeName="executor://mstestadapter/v2" className="VideoOS.LogServer.Communication.Tests.ClientWrapperTests" name="CallAsync_ShouldNotRetryCall_WhenFuncThrowsNotCommunicationException" />
    </UnitTest>
    <UnitTest name="FetchRuleLoglinesAsync_ShouldReturnLoglines" storage="d:\actions-runner\_work\xpco\xpco\logserver\communication\videoos.logserver.communication.tests\bin\debug\videoos.logserver.communication.tests.dll" id="a836b8aa-0561-a3b3-cf59-73ebce5adc53">
      <Execution id="bb42293e-4bd6-4609-9ccc-0c1a00fc8a77" />
      <TestMethod codeBase="D:\actions-runner\_work\XPCO\XPCO\LogServer\Communication\VideoOS.LogServer.Communication.Tests\bin\Debug\VideoOS.LogServer.Communication.Tests.dll" adapterTypeName="executor://mstestadapter/v2" className="VideoOS.LogServer.Communication.Tests.Readers.LogReaderTests" name="FetchRuleLoglinesAsync_ShouldReturnLoglines" />
    </UnitTest>
    <UnitTest name="ExtractMessagesFromXml_ShouldReturnExpectedNumberOfEntries (TestFiles\TestXMLs\DiscardedGroupTypes9.xml,9)" storage="d:\actions-runner\_work\xpco\xpco\logserver\communication\videoos.logserver.communication.tests\bin\debug\videoos.logserver.communication.tests.dll" id="0ef49951-f77d-7256-b3ae-66f175c85645">
      <Execution id="9c572f80-c33d-4133-aec9-e48f05623d59" />
      <TestMethod codeBase="D:\actions-runner\_work\XPCO\XPCO\LogServer\Communication\VideoOS.LogServer.Communication.Tests\bin\Debug\VideoOS.LogServer.Communication.Tests.dll" adapterTypeName="executor://mstestadapter/v2" className="VideoOS.LogServer.Communication.Tests.Legacy.LegacyMessageRegistrationTests" name="ExtractMessagesFromXml_ShouldReturnExpectedNumberOfEntries" />
    </UnitTest>
    <UnitTest name="Create_ShouldSetCredentialsToLoginSettingsNetworkCredentials_IfMIPEnvironmentIsInitialized" storage="d:\actions-runner\_work\xpco\xpco\logserver\communication\videoos.logserver.communication.tests\bin\debug\videoos.logserver.communication.tests.dll" id="bf160454-ca42-37cd-a218-b3a0050d0c04">
      <Execution id="d117029b-3af9-480c-882b-1b7bbc568eb1" />
      <TestMethod codeBase="D:\actions-runner\_work\XPCO\XPCO\LogServer\Communication\VideoOS.LogServer.Communication.Tests\bin\Debug\VideoOS.LogServer.Communication.Tests.dll" adapterTypeName="executor://mstestadapter/v2" className="VideoOS.LogServer.Communication.Tests.Communication.LogWriterServiceClientFactoryTests" name="Create_ShouldSetCredentialsToLoginSettingsNetworkCredentials_IfMIPEnvironmentIsInitialized" />
    </UnitTest>
    <UnitTest name="ToLogMessages_ShouldTransformEntriesToLogMessages_WithCorrectId" storage="d:\actions-runner\_work\xpco\xpco\logserver\communication\videoos.logserver.communication.tests\bin\debug\videoos.logserver.communication.tests.dll" id="93cf8303-d6e5-db71-c919-018ef89f83c3">
      <Execution id="54c4cc1c-d50b-49b2-a26a-7e244e44d23d" />
      <TestMethod codeBase="D:\actions-runner\_work\XPCO\XPCO\LogServer\Communication\VideoOS.LogServer.Communication.Tests\bin\Debug\VideoOS.LogServer.Communication.Tests.dll" adapterTypeName="executor://mstestadapter/v2" className="VideoOS.LogServer.Communication.Tests.Extensions.LegacyMessageXmlExtensionsTests" name="ToLogMessages_ShouldTransformEntriesToLogMessages_WithCorrectId" />
    </UnitTest>
    <UnitTest name="RegisterLogMessagesAsync_ShouldPassCorrectParams" storage="d:\actions-runner\_work\xpco\xpco\logserver\communication\videoos.logserver.communication.tests\bin\debug\videoos.logserver.communication.tests.dll" id="bdd8d4fe-4058-aef2-0d58-025fc8ab2d74">
      <Execution id="69b919cb-04a7-4502-b411-68fea5916c92" />
      <TestMethod codeBase="D:\actions-runner\_work\XPCO\XPCO\LogServer\Communication\VideoOS.LogServer.Communication.Tests\bin\Debug\VideoOS.LogServer.Communication.Tests.dll" adapterTypeName="executor://mstestadapter/v2" className="VideoOS.LogServer.Communication.Tests.Writers.LogWriterTests" name="RegisterLogMessagesAsync_ShouldPassCorrectParams" />
    </UnitTest>
    <UnitTest name="FetchAuditLoglinesAsync_ShouldReturnLoglines" storage="d:\actions-runner\_work\xpco\xpco\logserver\communication\videoos.logserver.communication.tests\bin\debug\videoos.logserver.communication.tests.dll" id="b60e37b6-aafb-0d71-39f0-b9035421a460">
      <Execution id="8317abb2-ced6-4ed9-a306-bdadb831b5e0" />
      <TestMethod codeBase="D:\actions-runner\_work\XPCO\XPCO\LogServer\Communication\VideoOS.LogServer.Communication.Tests\bin\Debug\VideoOS.LogServer.Communication.Tests.dll" adapterTypeName="executor://mstestadapter/v2" className="VideoOS.LogServer.Communication.Tests.Readers.LogReaderTests" name="FetchAuditLoglinesAsync_ShouldReturnLoglines" />
    </UnitTest>
    <UnitTest name="DoUploadCultureFile_ShouldRegisterWithCredentialValidation_IfMIPEnvironmentIsNotInitialized" storage="d:\actions-runner\_work\xpco\xpco\logserver\communication\videoos.logserver.communication.tests\bin\debug\videoos.logserver.communication.tests.dll" id="fe908b2a-47cc-1a75-6b07-95579f1ff3bd">
      <Execution id="c2384463-c600-4488-9778-463e279711f5" />
      <TestMethod codeBase="D:\actions-runner\_work\XPCO\XPCO\LogServer\Communication\VideoOS.LogServer.Communication.Tests\bin\Debug\VideoOS.LogServer.Communication.Tests.dll" adapterTypeName="executor://mstestadapter/v2" className="VideoOS.LogServer.Communication.Tests.Legacy.Client.LogClientInternalTests" name="DoUploadCultureFile_ShouldRegisterWithCredentialValidation_IfMIPEnvironmentIsNotInitialized" />
    </UnitTest>
    <UnitTest name="DoUploadCultureFile_ShouldReturnFalse_IfFileDoesNotExist" storage="d:\actions-runner\_work\xpco\xpco\logserver\communication\videoos.logserver.communication.tests\bin\debug\videoos.logserver.communication.tests.dll" id="5bc88eec-e68a-c6be-64e3-ba75f927987e">
      <Execution id="19073788-cb3a-4f30-b549-6293c8aa929f" />
      <TestMethod codeBase="D:\actions-runner\_work\XPCO\XPCO\LogServer\Communication\VideoOS.LogServer.Communication.Tests\bin\Debug\VideoOS.LogServer.Communication.Tests.dll" adapterTypeName="executor://mstestadapter/v2" className="VideoOS.LogServer.Communication.Tests.Legacy.Client.LogClientInternalTests" name="DoUploadCultureFile_ShouldReturnFalse_IfFileDoesNotExist" />
    </UnitTest>
    <UnitTest name="ExtractMessagesFromXml_ShouldSetCorrectLogTypeOnEntry (MonitorLayoutCameraPlaced,Rule)" storage="d:\actions-runner\_work\xpco\xpco\logserver\communication\videoos.logserver.communication.tests\bin\debug\videoos.logserver.communication.tests.dll" id="77f6d4a2-86d9-b896-3535-74c1b7eccbc6">
      <Execution id="4ff08b95-8f0f-42ef-b2b6-ae409bf42942" />
      <TestMethod codeBase="D:\actions-runner\_work\XPCO\XPCO\LogServer\Communication\VideoOS.LogServer.Communication.Tests\bin\Debug\VideoOS.LogServer.Communication.Tests.dll" adapterTypeName="executor://mstestadapter/v2" className="VideoOS.LogServer.Communication.Tests.Legacy.LegacyMessageRegistrationTests" name="ExtractMessagesFromXml_ShouldSetCorrectLogTypeOnEntry" />
    </UnitTest>
    <UnitTest name="DoUploadCultureFiles_ShouldRegisterWithCredentialValidation_IfUserIsNotBasicUser" storage="d:\actions-runner\_work\xpco\xpco\logserver\communication\videoos.logserver.communication.tests\bin\debug\videoos.logserver.communication.tests.dll" id="91a1044a-970f-5ce4-c09f-c08d99389089">
      <Execution id="f386f07f-cacb-40d0-b12e-520863c25cee" />
      <TestMethod codeBase="D:\actions-runner\_work\XPCO\XPCO\LogServer\Communication\VideoOS.LogServer.Communication.Tests\bin\Debug\VideoOS.LogServer.Communication.Tests.dll" adapterTypeName="executor://mstestadapter/v2" className="VideoOS.LogServer.Communication.Tests.Legacy.Client.LogClientInternalTests" name="DoUploadCultureFiles_ShouldRegisterWithCredentialValidation_IfUserIsNotBasicUser" />
    </UnitTest>
    <UnitTest name="ExtractMessagesFromXml_ShouldReturnExpectedNumberOfCategories (TestFiles\TestXMLs\Simple9.xml,2)" storage="d:\actions-runner\_work\xpco\xpco\logserver\communication\videoos.logserver.communication.tests\bin\debug\videoos.logserver.communication.tests.dll" id="94919045-55eb-c6a8-9422-0d7750bdb297">
      <Execution id="c583bfa6-a601-49ff-a562-e1ef275b218a" />
      <TestMethod codeBase="D:\actions-runner\_work\XPCO\XPCO\LogServer\Communication\VideoOS.LogServer.Communication.Tests\bin\Debug\VideoOS.LogServer.Communication.Tests.dll" adapterTypeName="executor://mstestadapter/v2" className="VideoOS.LogServer.Communication.Tests.Legacy.LegacyMessageRegistrationTests" name="ExtractMessagesFromXml_ShouldReturnExpectedNumberOfCategories" />
    </UnitTest>
    <UnitTest name="DoUploadCultureFiles_ShouldReturnFalse_IfDirectoryIsNull" storage="d:\actions-runner\_work\xpco\xpco\logserver\communication\videoos.logserver.communication.tests\bin\debug\videoos.logserver.communication.tests.dll" id="bb423a2d-e77e-922e-7cca-ac4e6e500c2c">
      <Execution id="60a92454-7bd7-46ec-afc5-4028bd29c8f7" />
      <TestMethod codeBase="D:\actions-runner\_work\XPCO\XPCO\LogServer\Communication\VideoOS.LogServer.Communication.Tests\bin\Debug\VideoOS.LogServer.Communication.Tests.dll" adapterTypeName="executor://mstestadapter/v2" className="VideoOS.LogServer.Communication.Tests.Legacy.Client.LogClientInternalTests" name="DoUploadCultureFiles_ShouldReturnFalse_IfDirectoryIsNull" />
    </UnitTest>
    <UnitTest name="StartQuerySessionTokenAsync_ShouldSetIsQuerySessionStarted" storage="d:\actions-runner\_work\xpco\xpco\logserver\communication\videoos.logserver.communication.tests\bin\debug\videoos.logserver.communication.tests.dll" id="1098abe6-c55a-a368-12bc-c2ed2e00256b">
      <Execution id="568cc5c9-c2af-4714-80d6-63624fa0bb84" />
      <TestMethod codeBase="D:\actions-runner\_work\XPCO\XPCO\LogServer\Communication\VideoOS.LogServer.Communication.Tests\bin\Debug\VideoOS.LogServer.Communication.Tests.dll" adapterTypeName="executor://mstestadapter/v2" className="VideoOS.LogServer.Communication.Tests.Readers.LogReaderTests" name="StartQuerySessionTokenAsync_ShouldSetIsQuerySessionStarted" />
    </UnitTest>
    <UnitTest name="FetchRuleLoglinesAsync_ShouldUseCorrectQuerySessionId_AfterStartQuerySessionAsync" storage="d:\actions-runner\_work\xpco\xpco\logserver\communication\videoos.logserver.communication.tests\bin\debug\videoos.logserver.communication.tests.dll" id="a3ce31ce-a70a-12fd-1790-3e015d94bf1b">
      <Execution id="db8827f8-a049-4fe5-91f3-3f4bc639a202" />
      <TestMethod codeBase="D:\actions-runner\_work\XPCO\XPCO\LogServer\Communication\VideoOS.LogServer.Communication.Tests\bin\Debug\VideoOS.LogServer.Communication.Tests.dll" adapterTypeName="executor://mstestadapter/v2" className="VideoOS.LogServer.Communication.Tests.Readers.LogReaderTests" name="FetchRuleLoglinesAsync_ShouldUseCorrectQuerySessionId_AfterStartQuerySessionAsync" />
    </UnitTest>
    <UnitTest name="ExtractMessagesFromXml_ShouldThrowLegacyMessageXmlParserException_IfParameterIsNull" storage="d:\actions-runner\_work\xpco\xpco\logserver\communication\videoos.logserver.communication.tests\bin\debug\videoos.logserver.communication.tests.dll" id="5ac99301-633e-24de-53c4-f924fb7beb39">
      <Execution id="91f45c53-9382-474a-a7e0-cb3954f881d7" />
      <TestMethod codeBase="D:\actions-runner\_work\XPCO\XPCO\LogServer\Communication\VideoOS.LogServer.Communication.Tests\bin\Debug\VideoOS.LogServer.Communication.Tests.dll" adapterTypeName="executor://mstestadapter/v2" className="VideoOS.LogServer.Communication.Tests.Legacy.LegacyMessageRegistrationTests" name="ExtractMessagesFromXml_ShouldThrowLegacyMessageXmlParserException_IfParameterIsNull" />
    </UnitTest>
    <UnitTest name="ExtractMessagesFromXml_ShouldReturnExpectedNumberOfCategories (TestFiles\TestXMLs\Large520.xml,0)" storage="d:\actions-runner\_work\xpco\xpco\logserver\communication\videoos.logserver.communication.tests\bin\debug\videoos.logserver.communication.tests.dll" id="e9232fa6-3e04-4173-b6d8-c5fec7124fe8">
      <Execution id="f6a9b7be-9ee9-4c99-b828-847a91731daa" />
      <TestMethod codeBase="D:\actions-runner\_work\XPCO\XPCO\LogServer\Communication\VideoOS.LogServer.Communication.Tests\bin\Debug\VideoOS.LogServer.Communication.Tests.dll" adapterTypeName="executor://mstestadapter/v2" className="VideoOS.LogServer.Communication.Tests.Legacy.LegacyMessageRegistrationTests" name="ExtractMessagesFromXml_ShouldReturnExpectedNumberOfCategories" />
    </UnitTest>
    <UnitTest name="ExtractMessagesFromXml_ShouldSetCorrectVersion (TestFiles\TestXMLs\Simple9.xml,4.0.14)" storage="d:\actions-runner\_work\xpco\xpco\logserver\communication\videoos.logserver.communication.tests\bin\debug\videoos.logserver.communication.tests.dll" id="6a99f0b0-dccf-d59e-1ea3-8eedac771201">
      <Execution id="0b013fd9-2463-4177-91ff-c6e8290ef28d" />
      <TestMethod codeBase="D:\actions-runner\_work\XPCO\XPCO\LogServer\Communication\VideoOS.LogServer.Communication.Tests\bin\Debug\VideoOS.LogServer.Communication.Tests.dll" adapterTypeName="executor://mstestadapter/v2" className="VideoOS.LogServer.Communication.Tests.Legacy.LegacyMessageRegistrationTests" name="ExtractMessagesFromXml_ShouldSetCorrectVersion" />
    </UnitTest>
    <UnitTest name="StartQuerySessionAsync_ShouldUseCorrectFilters" storage="d:\actions-runner\_work\xpco\xpco\logserver\communication\videoos.logserver.communication.tests\bin\debug\videoos.logserver.communication.tests.dll" id="0207a84d-d678-80a4-374f-019cfa942cab">
      <Execution id="5386e03a-8800-4238-a964-6e461e0792a3" />
      <TestMethod codeBase="D:\actions-runner\_work\XPCO\XPCO\LogServer\Communication\VideoOS.LogServer.Communication.Tests\bin\Debug\VideoOS.LogServer.Communication.Tests.dll" adapterTypeName="executor://mstestadapter/v2" className="VideoOS.LogServer.Communication.Tests.Readers.LogReaderTests" name="StartQuerySessionAsync_ShouldUseCorrectFilters" />
    </UnitTest>
    <UnitTest name="Create_ShouldSetCorrectEndpointAddress" storage="d:\actions-runner\_work\xpco\xpco\logserver\communication\videoos.logserver.communication.tests\bin\debug\videoos.logserver.communication.tests.dll" id="b6dc9525-01a3-e0c4-451e-0f867a5ce453">
      <Execution id="2ce5fa10-83ff-4de9-9472-d2db7a056cff" />
      <TestMethod codeBase="D:\actions-runner\_work\XPCO\XPCO\LogServer\Communication\VideoOS.LogServer.Communication.Tests\bin\Debug\VideoOS.LogServer.Communication.Tests.dll" adapterTypeName="executor://mstestadapter/v2" className="VideoOS.LogServer.Communication.Tests.Communication.LogReaderServiceClientFactoryTests" name="Create_ShouldSetCorrectEndpointAddress" />
    </UnitTest>
    <UnitTest name="DoUploadCultureFile_ShouldReturnFalse_IfFileIsNull" storage="d:\actions-runner\_work\xpco\xpco\logserver\communication\videoos.logserver.communication.tests\bin\debug\videoos.logserver.communication.tests.dll" id="670a5985-b1d4-84ed-1197-21514b4e468f">
      <Execution id="9b46c6b7-a5f3-4816-884f-87c99be2beea" />
      <TestMethod codeBase="D:\actions-runner\_work\XPCO\XPCO\LogServer\Communication\VideoOS.LogServer.Communication.Tests\bin\Debug\VideoOS.LogServer.Communication.Tests.dll" adapterTypeName="executor://mstestadapter/v2" className="VideoOS.LogServer.Communication.Tests.Legacy.Client.LogClientInternalTests" name="DoUploadCultureFile_ShouldReturnFalse_IfFileIsNull" />
    </UnitTest>
    <UnitTest name="ExtractMessagesFromXml_ShouldSetCorrectSourceTypeOnEntry (TestFiles\TestXMLs\Large520.xml,RecorderStarted,)" storage="d:\actions-runner\_work\xpco\xpco\logserver\communication\videoos.logserver.communication.tests\bin\debug\videoos.logserver.communication.tests.dll" id="13048096-8df1-a404-1131-b9b028c5de3a">
      <Execution id="cdee4766-a80f-4812-8545-3d7f09690866" />
      <TestMethod codeBase="D:\actions-runner\_work\XPCO\XPCO\LogServer\Communication\VideoOS.LogServer.Communication.Tests\bin\Debug\VideoOS.LogServer.Communication.Tests.dll" adapterTypeName="executor://mstestadapter/v2" className="VideoOS.LogServer.Communication.Tests.Legacy.LegacyMessageRegistrationTests" name="ExtractMessagesFromXml_ShouldSetCorrectSourceTypeOnEntry" />
    </UnitTest>
    <UnitTest name="ToLogMessages_ShouldTransformEntriesToLogMessages_WithCorrectCulture" storage="d:\actions-runner\_work\xpco\xpco\logserver\communication\videoos.logserver.communication.tests\bin\debug\videoos.logserver.communication.tests.dll" id="883115cd-0053-c36c-1a96-151e09055999">
      <Execution id="57d37052-7852-4ec9-92e7-810c22a0d814" />
      <TestMethod codeBase="D:\actions-runner\_work\XPCO\XPCO\LogServer\Communication\VideoOS.LogServer.Communication.Tests\bin\Debug\VideoOS.LogServer.Communication.Tests.dll" adapterTypeName="executor://mstestadapter/v2" className="VideoOS.LogServer.Communication.Tests.Extensions.LegacyMessageXmlExtensionsTests" name="ToLogMessages_ShouldTransformEntriesToLogMessages_WithCorrectCulture" />
    </UnitTest>
    <UnitTest name="Create_ShouldSetEndpointAddressFromRegisteredServices_IfMIPEnvironmentIsInitialized" storage="d:\actions-runner\_work\xpco\xpco\logserver\communication\videoos.logserver.communication.tests\bin\debug\videoos.logserver.communication.tests.dll" id="ce2d18e0-6ebb-4810-6841-4de51ae1651c">
      <Execution id="ef691eb1-8bb8-428f-b44c-b003d2c602f9" />
      <TestMethod codeBase="D:\actions-runner\_work\XPCO\XPCO\LogServer\Communication\VideoOS.LogServer.Communication.Tests\bin\Debug\VideoOS.LogServer.Communication.Tests.dll" adapterTypeName="executor://mstestadapter/v2" className="VideoOS.LogServer.Communication.Tests.Communication.LogWriterServiceClientFactoryTests" name="Create_ShouldSetEndpointAddressFromRegisteredServices_IfMIPEnvironmentIsInitialized" />
    </UnitTest>
    <UnitTest name="EndQuerySessionAsync_ShouldUseCorrectQuerySessionId_WhenTryingToStopRunningSession" storage="d:\actions-runner\_work\xpco\xpco\logserver\communication\videoos.logserver.communication.tests\bin\debug\videoos.logserver.communication.tests.dll" id="e449cf0b-5d9a-14de-4691-aaebce969eef">
      <Execution id="ad5434db-02dd-48f4-8c45-d23ba5b6ffa7" />
      <TestMethod codeBase="D:\actions-runner\_work\XPCO\XPCO\LogServer\Communication\VideoOS.LogServer.Communication.Tests\bin\Debug\VideoOS.LogServer.Communication.Tests.dll" adapterTypeName="executor://mstestadapter/v2" className="VideoOS.LogServer.Communication.Tests.Readers.LogReaderTests" name="EndQuerySessionAsync_ShouldUseCorrectQuerySessionId_WhenTryingToStopRunningSession" />
    </UnitTest>
    <UnitTest name="RegisterCategoryAsync_ShouldPassCorrectParams" storage="d:\actions-runner\_work\xpco\xpco\logserver\communication\videoos.logserver.communication.tests\bin\debug\videoos.logserver.communication.tests.dll" id="e771bc46-6417-b43e-afec-8d68fd676ce1">
      <Execution id="d6f79f97-0316-49ee-a455-9ce85288aa3e" />
      <TestMethod codeBase="D:\actions-runner\_work\XPCO\XPCO\LogServer\Communication\VideoOS.LogServer.Communication.Tests\bin\Debug\VideoOS.LogServer.Communication.Tests.dll" adapterTypeName="executor://mstestadapter/v2" className="VideoOS.LogServer.Communication.Tests.Writers.LogWriterTests" name="RegisterCategoryAsync_ShouldPassCorrectParams" />
    </UnitTest>
    <UnitTest name="FetchRuleLoglinesTokenAsync_ShouldUseCorrectQuerySessionId_AfterStartQuerySessionAsync" storage="d:\actions-runner\_work\xpco\xpco\logserver\communication\videoos.logserver.communication.tests\bin\debug\videoos.logserver.communication.tests.dll" id="a1845fd6-f487-cb4b-470b-f538a85bb597">
      <Execution id="340fd81c-6dba-46ac-b433-a7d9edf7edaf" />
      <TestMethod codeBase="D:\actions-runner\_work\XPCO\XPCO\LogServer\Communication\VideoOS.LogServer.Communication.Tests\bin\Debug\VideoOS.LogServer.Communication.Tests.dll" adapterTypeName="executor://mstestadapter/v2" className="VideoOS.LogServer.Communication.Tests.Readers.LogReaderTests" name="FetchRuleLoglinesTokenAsync_ShouldUseCorrectQuerySessionId_AfterStartQuerySessionAsync" />
    </UnitTest>
    <UnitTest name="Config_LogConfigurationClientBindingCloseTimeoutSetToDefault" storage="d:\actions-runner\_work\xpco\xpco\logserver\communication\videoos.logserver.communication.tests\bin\debug\videoos.logserver.communication.tests.dll" id="dddbaefa-c058-6c4c-31ba-74cab88a0422">
      <Execution id="8a8393cb-80f6-43e7-9ec1-5ed49c3a25ef" />
      <TestMethod codeBase="D:\actions-runner\_work\XPCO\XPCO\LogServer\Communication\VideoOS.LogServer.Communication.Tests\bin\Debug\VideoOS.LogServer.Communication.Tests.dll" adapterTypeName="executor://mstestadapter/v2" className="VideoOS.LogServer.Communication.Tests.Communication.LogConfigurationServiceClientFactoryTests" name="Config_LogConfigurationClientBindingCloseTimeoutSetToDefault" />
    </UnitTest>
    <UnitTest name="DoUploadCultureFile_ShouldReturnTrue_IfRegistrationSucceeds" storage="d:\actions-runner\_work\xpco\xpco\logserver\communication\videoos.logserver.communication.tests\bin\debug\videoos.logserver.communication.tests.dll" id="8edee7b7-26f0-8660-7c2c-d2a8f9901f02">
      <Execution id="1f845a47-2c7a-44d0-988d-8c99eea8e973" />
      <TestMethod codeBase="D:\actions-runner\_work\XPCO\XPCO\LogServer\Communication\VideoOS.LogServer.Communication.Tests\bin\Debug\VideoOS.LogServer.Communication.Tests.dll" adapterTypeName="executor://mstestadapter/v2" className="VideoOS.LogServer.Communication.Tests.Legacy.Client.LogClientInternalTests" name="DoUploadCultureFile_ShouldReturnTrue_IfRegistrationSucceeds" />
    </UnitTest>
    <UnitTest name="ExtractMessagesFromXml_ShouldSetCorrectCategoryOnEntry (ExportAVICameraCompleted,Export)" storage="d:\actions-runner\_work\xpco\xpco\logserver\communication\videoos.logserver.communication.tests\bin\debug\videoos.logserver.communication.tests.dll" id="7a6cd571-9c4a-6008-8337-b391a3317369">
      <Execution id="6a674b1a-5530-43f2-ba81-3f748d48452f" />
      <TestMethod codeBase="D:\actions-runner\_work\XPCO\XPCO\LogServer\Communication\VideoOS.LogServer.Communication.Tests\bin\Debug\VideoOS.LogServer.Communication.Tests.dll" adapterTypeName="executor://mstestadapter/v2" className="VideoOS.LogServer.Communication.Tests.Legacy.LegacyMessageRegistrationTests" name="ExtractMessagesFromXml_ShouldSetCorrectCategoryOnEntry" />
    </UnitTest>
    <UnitTest name="EndQuerySessionAsync_ShouldClearQuerySession_WhenPreviouslyRunningSessionIsStopped" storage="d:\actions-runner\_work\xpco\xpco\logserver\communication\videoos.logserver.communication.tests\bin\debug\videoos.logserver.communication.tests.dll" id="2b4a8ff9-760c-f83c-5f78-a42564dac98b">
      <Execution id="9ae7f5f8-9a4f-4704-8817-b7c1a76344bc" />
      <TestMethod codeBase="D:\actions-runner\_work\XPCO\XPCO\LogServer\Communication\VideoOS.LogServer.Communication.Tests\bin\Debug\VideoOS.LogServer.Communication.Tests.dll" adapterTypeName="executor://mstestadapter/v2" className="VideoOS.LogServer.Communication.Tests.Readers.LogReaderTests" name="EndQuerySessionAsync_ShouldClearQuerySession_WhenPreviouslyRunningSessionIsStopped" />
    </UnitTest>
    <UnitTest name="ExtractMessagesFromXml_ShouldReturnExpectedNumberOfSourceTypes (TestFiles\TestXMLs\DiscardedGroupTypes9.xml,2)" storage="d:\actions-runner\_work\xpco\xpco\logserver\communication\videoos.logserver.communication.tests\bin\debug\videoos.logserver.communication.tests.dll" id="23a705e2-484b-b365-a7c7-b41d608b3f4b">
      <Execution id="f30dd5d2-9fa6-469b-a93c-f5e076f2eef9" />
      <TestMethod codeBase="D:\actions-runner\_work\XPCO\XPCO\LogServer\Communication\VideoOS.LogServer.Communication.Tests\bin\Debug\VideoOS.LogServer.Communication.Tests.dll" adapterTypeName="executor://mstestadapter/v2" className="VideoOS.LogServer.Communication.Tests.Legacy.LegacyMessageRegistrationTests" name="ExtractMessagesFromXml_ShouldReturnExpectedNumberOfSourceTypes" />
    </UnitTest>
    <UnitTest name="CallWithRetryAsync_CallsLambdaNoMoreThanMaxLimit_IfFails" storage="d:\actions-runner\_work\xpco\xpco\logserver\communication\videoos.logserver.communication.tests\bin\debug\videoos.logserver.communication.tests.dll" id="d68f307d-16d8-190c-0927-9645a2d42c9c">
      <Execution id="f921e827-fcdf-448a-a61a-99bf9846ab73" />
      <TestMethod codeBase="D:\actions-runner\_work\XPCO\XPCO\LogServer\Communication\VideoOS.LogServer.Communication.Tests\bin\Debug\VideoOS.LogServer.Communication.Tests.dll" adapterTypeName="executor://mstestadapter/v2" className="VideoOS.LogServer.Communication.Tests.QueueingClientWrapperTests" name="CallWithRetryAsync_CallsLambdaNoMoreThanMaxLimit_IfFails" />
    </UnitTest>
    <UnitTest name="ExtractMessagesFromXml_ShouldSetCorrectSourceTypeOnEntry (TestFiles\TestXMLs\Simple9.xml,LPRListsAdd,)" storage="d:\actions-runner\_work\xpco\xpco\logserver\communication\videoos.logserver.communication.tests\bin\debug\videoos.logserver.communication.tests.dll" id="5440beed-f4da-5c54-5eab-04f5d48242b3">
      <Execution id="eea27d6f-db6f-4a53-a15f-c5b3fbd5b851" />
      <TestMethod codeBase="D:\actions-runner\_work\XPCO\XPCO\LogServer\Communication\VideoOS.LogServer.Communication.Tests\bin\Debug\VideoOS.LogServer.Communication.Tests.dll" adapterTypeName="executor://mstestadapter/v2" className="VideoOS.LogServer.Communication.Tests.Legacy.LegacyMessageRegistrationTests" name="ExtractMessagesFromXml_ShouldSetCorrectSourceTypeOnEntry" />
    </UnitTest>
    <UnitTest name="ExtractMessagesFromXml_ShouldSetCorrectSourceTypeOnEntry (TestFiles\TestXMLs\SimpleKR9.xml,LPREventSearch,LPR)" storage="d:\actions-runner\_work\xpco\xpco\logserver\communication\videoos.logserver.communication.tests\bin\debug\videoos.logserver.communication.tests.dll" id="bca8daf8-450d-5dd2-5d1b-77cc155869d6">
      <Execution id="066dd262-9c9c-465c-b04d-469fdbb91798" />
      <TestMethod codeBase="D:\actions-runner\_work\XPCO\XPCO\LogServer\Communication\VideoOS.LogServer.Communication.Tests\bin\Debug\VideoOS.LogServer.Communication.Tests.dll" adapterTypeName="executor://mstestadapter/v2" className="VideoOS.LogServer.Communication.Tests.Legacy.LegacyMessageRegistrationTests" name="ExtractMessagesFromXml_ShouldSetCorrectSourceTypeOnEntry" />
    </UnitTest>
    <UnitTest name="ExtractMessagesFromXml_ShouldSetCorrectLogTypeOnEntry (ExportBegun,System)" storage="d:\actions-runner\_work\xpco\xpco\logserver\communication\videoos.logserver.communication.tests\bin\debug\videoos.logserver.communication.tests.dll" id="d27e985f-2267-0a49-87ad-5eb3ad9a770e">
      <Execution id="024b7ebf-9424-4ae6-b707-4f98e76c147c" />
      <TestMethod codeBase="D:\actions-runner\_work\XPCO\XPCO\LogServer\Communication\VideoOS.LogServer.Communication.Tests\bin\Debug\VideoOS.LogServer.Communication.Tests.dll" adapterTypeName="executor://mstestadapter/v2" className="VideoOS.LogServer.Communication.Tests.Legacy.LegacyMessageRegistrationTests" name="ExtractMessagesFromXml_ShouldSetCorrectLogTypeOnEntry" />
    </UnitTest>
    <UnitTest name="ExtractMessagesFromXml_ShouldThrowLegacyMessageXmlParserException_IfXmlIsInvalid" storage="d:\actions-runner\_work\xpco\xpco\logserver\communication\videoos.logserver.communication.tests\bin\debug\videoos.logserver.communication.tests.dll" id="35668b70-00eb-0d99-67ee-63ec7a6b9daf">
      <Execution id="b8eae34e-507a-4210-8e97-7c92a66fe079" />
      <TestMethod codeBase="D:\actions-runner\_work\XPCO\XPCO\LogServer\Communication\VideoOS.LogServer.Communication.Tests\bin\Debug\VideoOS.LogServer.Communication.Tests.dll" adapterTypeName="executor://mstestadapter/v2" className="VideoOS.LogServer.Communication.Tests.Legacy.LegacyMessageRegistrationTests" name="ExtractMessagesFromXml_ShouldThrowLegacyMessageXmlParserException_IfXmlIsInvalid" />
    </UnitTest>
    <UnitTest name="CallWithRetryAsync_ThrowsAwayRetries_IfMoreThanMaxLimit" storage="d:\actions-runner\_work\xpco\xpco\logserver\communication\videoos.logserver.communication.tests\bin\debug\videoos.logserver.communication.tests.dll" id="ba00b31f-c24d-b850-f3e7-f52e1b18f60a">
      <Execution id="9b01cbb7-6500-4458-8c00-0c50508ebee6" />
      <TestMethod codeBase="D:\actions-runner\_work\XPCO\XPCO\LogServer\Communication\VideoOS.LogServer.Communication.Tests\bin\Debug\VideoOS.LogServer.Communication.Tests.dll" adapterTypeName="executor://mstestadapter/v2" className="VideoOS.LogServer.Communication.Tests.QueueingClientWrapperTests" name="CallWithRetryAsync_ThrowsAwayRetries_IfMoreThanMaxLimit" />
    </UnitTest>
    <UnitTest name="ExtractMessagesFromXml_ShouldSetCorrectVersion (TestFiles\TestXMLs\Large520.xml,)" storage="d:\actions-runner\_work\xpco\xpco\logserver\communication\videoos.logserver.communication.tests\bin\debug\videoos.logserver.communication.tests.dll" id="539e7ed0-1a6b-b0d1-b826-cc429641c877">
      <Execution id="e8c7e33b-79d9-4cdb-b4be-916b567405bb" />
      <TestMethod codeBase="D:\actions-runner\_work\XPCO\XPCO\LogServer\Communication\VideoOS.LogServer.Communication.Tests\bin\Debug\VideoOS.LogServer.Communication.Tests.dll" adapterTypeName="executor://mstestadapter/v2" className="VideoOS.LogServer.Communication.Tests.Legacy.LegacyMessageRegistrationTests" name="ExtractMessagesFromXml_ShouldSetCorrectVersion" />
    </UnitTest>
    <UnitTest name="StartQuerySessionTokenAsync_ShouldUseCorrectFilters" storage="d:\actions-runner\_work\xpco\xpco\logserver\communication\videoos.logserver.communication.tests\bin\debug\videoos.logserver.communication.tests.dll" id="5568778f-0158-0285-fa35-319d0b4f764e">
      <Execution id="69056156-8b30-4d5a-88db-a91d384c049a" />
      <TestMethod codeBase="D:\actions-runner\_work\XPCO\XPCO\LogServer\Communication\VideoOS.LogServer.Communication.Tests\bin\Debug\VideoOS.LogServer.Communication.Tests.dll" adapterTypeName="executor://mstestadapter/v2" className="VideoOS.LogServer.Communication.Tests.Readers.LogReaderTests" name="StartQuerySessionTokenAsync_ShouldUseCorrectFilters" />
    </UnitTest>
    <UnitTest name="Config_LogReaderClientBindingOpenTimeoutSetToDefault" storage="d:\actions-runner\_work\xpco\xpco\logserver\communication\videoos.logserver.communication.tests\bin\debug\videoos.logserver.communication.tests.dll" id="76fa7ffb-8dc1-9469-9f7b-117eeef95d31">
      <Execution id="5ba94673-458f-4728-a80e-927c70d32f4f" />
      <TestMethod codeBase="D:\actions-runner\_work\XPCO\XPCO\LogServer\Communication\VideoOS.LogServer.Communication.Tests\bin\Debug\VideoOS.LogServer.Communication.Tests.dll" adapterTypeName="executor://mstestadapter/v2" className="VideoOS.LogServer.Communication.Tests.Communication.LogReaderServiceClientFactoryTests" name="Config_LogReaderClientBindingOpenTimeoutSetToDefault" />
    </UnitTest>
    <UnitTest name="Create_ShouldSetEndpointAddressFromRegisteredServices_IfMIPEnvironmentIsInitialized" storage="d:\actions-runner\_work\xpco\xpco\logserver\communication\videoos.logserver.communication.tests\bin\debug\videoos.logserver.communication.tests.dll" id="77b01a8c-e14a-3262-a753-f3778f469516">
      <Execution id="6fcbac4c-9a3e-478b-8b9e-fa01f6853f15" />
      <TestMethod codeBase="D:\actions-runner\_work\XPCO\XPCO\LogServer\Communication\VideoOS.LogServer.Communication.Tests\bin\Debug\VideoOS.LogServer.Communication.Tests.dll" adapterTypeName="executor://mstestadapter/v2" className="VideoOS.LogServer.Communication.Tests.Communication.LogConfigurationServiceClientFactoryTests" name="Create_ShouldSetEndpointAddressFromRegisteredServices_IfMIPEnvironmentIsInitialized" />
    </UnitTest>
    <UnitTest name="RegisterLogMessagesTokenAsync_ShouldPassCorrectParams" storage="d:\actions-runner\_work\xpco\xpco\logserver\communication\videoos.logserver.communication.tests\bin\debug\videoos.logserver.communication.tests.dll" id="942a3e80-1eab-4a73-7cbf-0148511dbcf7">
      <Execution id="553a1967-64a4-4fc1-8d51-211cb22d29dd" />
      <TestMethod codeBase="D:\actions-runner\_work\XPCO\XPCO\LogServer\Communication\VideoOS.LogServer.Communication.Tests\bin\Debug\VideoOS.LogServer.Communication.Tests.dll" adapterTypeName="executor://mstestadapter/v2" className="VideoOS.LogServer.Communication.Tests.Writers.LogWriterTests" name="RegisterLogMessagesTokenAsync_ShouldPassCorrectParams" />
    </UnitTest>
    <UnitTest name="DoUploadCultureFiles_ShouldReturnFalse_IfDirectoryDoesNotExist" storage="d:\actions-runner\_work\xpco\xpco\logserver\communication\videoos.logserver.communication.tests\bin\debug\videoos.logserver.communication.tests.dll" id="4e12d753-1090-f46e-514e-2259465dc69b">
      <Execution id="6af4dcc5-1a6c-46e7-80d0-b0a4def2ac95" />
      <TestMethod codeBase="D:\actions-runner\_work\XPCO\XPCO\LogServer\Communication\VideoOS.LogServer.Communication.Tests\bin\Debug\VideoOS.LogServer.Communication.Tests.dll" adapterTypeName="executor://mstestadapter/v2" className="VideoOS.LogServer.Communication.Tests.Legacy.Client.LogClientInternalTests" name="DoUploadCultureFiles_ShouldReturnFalse_IfDirectoryDoesNotExist" />
    </UnitTest>
    <UnitTest name="Create_ShouldSetEndpointAddressUsingLogServerUri_IfMIPEnvironmentIsNotInitializedAndUriIsGiven" storage="d:\actions-runner\_work\xpco\xpco\logserver\communication\videoos.logserver.communication.tests\bin\debug\videoos.logserver.communication.tests.dll" id="875327b0-fa5d-7205-4d8d-e58b1043343b">
      <Execution id="4609f4bc-654d-4cdd-9fe9-87d1a596724a" />
      <TestMethod codeBase="D:\actions-runner\_work\XPCO\XPCO\LogServer\Communication\VideoOS.LogServer.Communication.Tests\bin\Debug\VideoOS.LogServer.Communication.Tests.dll" adapterTypeName="executor://mstestadapter/v2" className="VideoOS.LogServer.Communication.Tests.Communication.LogWriterServiceClientFactoryTests" name="Create_ShouldSetEndpointAddressUsingLogServerUri_IfMIPEnvironmentIsNotInitializedAndUriIsGiven" />
    </UnitTest>
    <UnitTest name="ToLogMessages_ShouldTransformEntriesToLogMessages_WithCorrectLogType" storage="d:\actions-runner\_work\xpco\xpco\logserver\communication\videoos.logserver.communication.tests\bin\debug\videoos.logserver.communication.tests.dll" id="7c031690-d33c-ac25-a380-c8faa4e938c9">
      <Execution id="0ae5a62b-ca4a-4e79-b3b8-a6514197b368" />
      <TestMethod codeBase="D:\actions-runner\_work\XPCO\XPCO\LogServer\Communication\VideoOS.LogServer.Communication.Tests\bin\Debug\VideoOS.LogServer.Communication.Tests.dll" adapterTypeName="executor://mstestadapter/v2" className="VideoOS.LogServer.Communication.Tests.Extensions.LegacyMessageXmlExtensionsTests" name="ToLogMessages_ShouldTransformEntriesToLogMessages_WithCorrectLogType" />
    </UnitTest>
    <UnitTest name="Constructors_ShouldNotAllowInjectionOfNulls" storage="d:\actions-runner\_work\xpco\xpco\logserver\communication\videoos.logserver.communication.tests\bin\debug\videoos.logserver.communication.tests.dll" id="6df9d8fe-99b1-520f-3539-fe9a729cb9bf">
      <Execution id="22a089eb-143e-4631-8716-d174601de49d" />
      <TestMethod codeBase="D:\actions-runner\_work\XPCO\XPCO\LogServer\Communication\VideoOS.LogServer.Communication.Tests\bin\Debug\VideoOS.LogServer.Communication.Tests.dll" adapterTypeName="executor://mstestadapter/v2" className="VideoOS.LogServer.Communication.Tests.ClientWrapperTests" name="Constructors_ShouldNotAllowInjectionOfNulls" />
    </UnitTest>
    <UnitTest name="DoUploadCultureFiles_ShouldReturnTrue_WhenDoUploadCultureFileAsyncIsCalled" storage="d:\actions-runner\_work\xpco\xpco\logserver\communication\videoos.logserver.communication.tests\bin\debug\videoos.logserver.communication.tests.dll" id="6b738107-d14a-ccb5-66a7-02b527511cb9">
      <Execution id="a1bbc4c4-07bc-46ba-b3b9-5b19b4f1b0b0" />
      <TestMethod codeBase="D:\actions-runner\_work\XPCO\XPCO\LogServer\Communication\VideoOS.LogServer.Communication.Tests\bin\Debug\VideoOS.LogServer.Communication.Tests.dll" adapterTypeName="executor://mstestadapter/v2" className="VideoOS.LogServer.Communication.Tests.Legacy.Client.LogClientInternalTests" name="DoUploadCultureFiles_ShouldReturnTrue_WhenDoUploadCultureFileAsyncIsCalled" />
    </UnitTest>
    <UnitTest name="GetFilterValuesTokenAsync_ShouldReturnFilterValues" storage="d:\actions-runner\_work\xpco\xpco\logserver\communication\videoos.logserver.communication.tests\bin\debug\videoos.logserver.communication.tests.dll" id="6b895964-d16f-3cba-4299-1aaa4256aaac">
      <Execution id="d3af1812-ac47-4648-a8bf-b9e1a679abe0" />
      <TestMethod codeBase="D:\actions-runner\_work\XPCO\XPCO\LogServer\Communication\VideoOS.LogServer.Communication.Tests\bin\Debug\VideoOS.LogServer.Communication.Tests.dll" adapterTypeName="executor://mstestadapter/v2" className="VideoOS.LogServer.Communication.Tests.Readers.LogReaderTests" name="GetFilterValuesTokenAsync_ShouldReturnFilterValues" />
    </UnitTest>
    <UnitTest name="RetryCount_ShouldThrowException_IfValueToBeSetIsLessThanZero" storage="d:\actions-runner\_work\xpco\xpco\logserver\communication\videoos.logserver.communication.tests\bin\debug\videoos.logserver.communication.tests.dll" id="f4ffd983-c05b-593d-74f8-17a463f4a926">
      <Execution id="db3d1c17-7c0e-43a0-b48a-c59f3ddfc2a7" />
      <TestMethod codeBase="D:\actions-runner\_work\XPCO\XPCO\LogServer\Communication\VideoOS.LogServer.Communication.Tests\bin\Debug\VideoOS.LogServer.Communication.Tests.dll" adapterTypeName="executor://mstestadapter/v2" className="VideoOS.LogServer.Communication.Tests.ClientWrapperTests" name="RetryCount_ShouldThrowException_IfValueToBeSetIsLessThanZero" />
    </UnitTest>
    <UnitTest name="DoUploadCultureFile_ShouldRegisterWithTokenValidation_IfUserIsBasicUser" storage="d:\actions-runner\_work\xpco\xpco\logserver\communication\videoos.logserver.communication.tests\bin\debug\videoos.logserver.communication.tests.dll" id="d12f19f0-2377-0b81-6775-97d89862ddb4">
      <Execution id="fa0f60ab-a61f-42d1-a180-f5466f3cfcfc" />
      <TestMethod codeBase="D:\actions-runner\_work\XPCO\XPCO\LogServer\Communication\VideoOS.LogServer.Communication.Tests\bin\Debug\VideoOS.LogServer.Communication.Tests.dll" adapterTypeName="executor://mstestadapter/v2" className="VideoOS.LogServer.Communication.Tests.Legacy.Client.LogClientInternalTests" name="DoUploadCultureFile_ShouldRegisterWithTokenValidation_IfUserIsBasicUser" />
    </UnitTest>
    <UnitTest name="ExtractMessagesFromXml_ShouldSetCorrectLogTypeOnEntry (MapNavigationServerChanged,Audit)" storage="d:\actions-runner\_work\xpco\xpco\logserver\communication\videoos.logserver.communication.tests\bin\debug\videoos.logserver.communication.tests.dll" id="839d2cfc-e75d-f020-6f81-04dfe00ec40e">
      <Execution id="204ce8a9-7d43-40de-919c-931c61f2bbd5" />
      <TestMethod codeBase="D:\actions-runner\_work\XPCO\XPCO\LogServer\Communication\VideoOS.LogServer.Communication.Tests\bin\Debug\VideoOS.LogServer.Communication.Tests.dll" adapterTypeName="executor://mstestadapter/v2" className="VideoOS.LogServer.Communication.Tests.Legacy.LegacyMessageRegistrationTests" name="ExtractMessagesFromXml_ShouldSetCorrectLogTypeOnEntry" />
    </UnitTest>
    <UnitTest name="StartQuerySessionTokenAsync_ShouldSetTotalLoglinesCount" storage="d:\actions-runner\_work\xpco\xpco\logserver\communication\videoos.logserver.communication.tests\bin\debug\videoos.logserver.communication.tests.dll" id="99846132-b201-f087-ceb0-64f7de6690c1">
      <Execution id="3e245a40-06e3-4de0-acd5-83d07fd6fcb4" />
      <TestMethod codeBase="D:\actions-runner\_work\XPCO\XPCO\LogServer\Communication\VideoOS.LogServer.Communication.Tests\bin\Debug\VideoOS.LogServer.Communication.Tests.dll" adapterTypeName="executor://mstestadapter/v2" className="VideoOS.LogServer.Communication.Tests.Readers.LogReaderTests" name="StartQuerySessionTokenAsync_ShouldSetTotalLoglinesCount" />
    </UnitTest>
    <UnitTest name="EndQuerySessionTokenAsync_ShouldNotDoAnything_IfQuerySessionHasNotBeenStarted" storage="d:\actions-runner\_work\xpco\xpco\logserver\communication\videoos.logserver.communication.tests\bin\debug\videoos.logserver.communication.tests.dll" id="736dbfb6-8744-07bc-2cc4-274557ee8f7b">
      <Execution id="eb5903f4-e359-4111-b232-a631e428404c" />
      <TestMethod codeBase="D:\actions-runner\_work\XPCO\XPCO\LogServer\Communication\VideoOS.LogServer.Communication.Tests\bin\Debug\VideoOS.LogServer.Communication.Tests.dll" adapterTypeName="executor://mstestadapter/v2" className="VideoOS.LogServer.Communication.Tests.Readers.LogReaderTests" name="EndQuerySessionTokenAsync_ShouldNotDoAnything_IfQuerySessionHasNotBeenStarted" />
    </UnitTest>
    <UnitTest name="ToLogMessages_ShouldTransformEntriesToLogMessages_WithCorrectMessageText" storage="d:\actions-runner\_work\xpco\xpco\logserver\communication\videoos.logserver.communication.tests\bin\debug\videoos.logserver.communication.tests.dll" id="ef0c6ab2-43d5-3d91-1f2c-f2e69a8694fc">
      <Execution id="dbb7fe54-0c2a-470d-a5a8-592426972ad0" />
      <TestMethod codeBase="D:\actions-runner\_work\XPCO\XPCO\LogServer\Communication\VideoOS.LogServer.Communication.Tests\bin\Debug\VideoOS.LogServer.Communication.Tests.dll" adapterTypeName="executor://mstestadapter/v2" className="VideoOS.LogServer.Communication.Tests.Extensions.LegacyMessageXmlExtensionsTests" name="ToLogMessages_ShouldTransformEntriesToLogMessages_WithCorrectMessageText" />
    </UnitTest>
    <UnitTest name="FetchSystemLoglinesAsync_ShouldReturnLoglines" storage="d:\actions-runner\_work\xpco\xpco\logserver\communication\videoos.logserver.communication.tests\bin\debug\videoos.logserver.communication.tests.dll" id="edb84373-2ee9-486d-e1f9-41adfa649f07">
      <Execution id="7e6f5fd9-1a2b-4217-b763-45476d173148" />
      <TestMethod codeBase="D:\actions-runner\_work\XPCO\XPCO\LogServer\Communication\VideoOS.LogServer.Communication.Tests\bin\Debug\VideoOS.LogServer.Communication.Tests.dll" adapterTypeName="executor://mstestadapter/v2" className="VideoOS.LogServer.Communication.Tests.Readers.LogReaderTests" name="FetchSystemLoglinesAsync_ShouldReturnLoglines" />
    </UnitTest>
    <UnitTest name="ExtractMessagesFromXml_ShouldSetCorrectSourceTypeOnEntry (TestFiles\TestXMLs\Simple9.xml,ServiceStarted,LPRService)" storage="d:\actions-runner\_work\xpco\xpco\logserver\communication\videoos.logserver.communication.tests\bin\debug\videoos.logserver.communication.tests.dll" id="623d185f-9cda-e09d-884d-8336bb2e4251">
      <Execution id="30a858ed-042e-479c-8fb3-4b073d652555" />
      <TestMethod codeBase="D:\actions-runner\_work\XPCO\XPCO\LogServer\Communication\VideoOS.LogServer.Communication.Tests\bin\Debug\VideoOS.LogServer.Communication.Tests.dll" adapterTypeName="executor://mstestadapter/v2" className="VideoOS.LogServer.Communication.Tests.Legacy.LegacyMessageRegistrationTests" name="ExtractMessagesFromXml_ShouldSetCorrectSourceTypeOnEntry" />
    </UnitTest>
    <UnitTest name="FetchAuditLoglinesAsync_ShouldUseCorrectQuerySessionId_AfterStartQuerySessionAsync" storage="d:\actions-runner\_work\xpco\xpco\logserver\communication\videoos.logserver.communication.tests\bin\debug\videoos.logserver.communication.tests.dll" id="b77e9d26-baf8-42e8-fb66-14b9ede40aaf">
      <Execution id="9195bcfb-4980-4f3f-a741-80056a8d2e3e" />
      <TestMethod codeBase="D:\actions-runner\_work\XPCO\XPCO\LogServer\Communication\VideoOS.LogServer.Communication.Tests\bin\Debug\VideoOS.LogServer.Communication.Tests.dll" adapterTypeName="executor://mstestadapter/v2" className="VideoOS.LogServer.Communication.Tests.Readers.LogReaderTests" name="FetchAuditLoglinesAsync_ShouldUseCorrectQuerySessionId_AfterStartQuerySessionAsync" />
    </UnitTest>
    <UnitTest name="WriteLoglineAsync_ShouldPassCorrectParams" storage="d:\actions-runner\_work\xpco\xpco\logserver\communication\videoos.logserver.communication.tests\bin\debug\videoos.logserver.communication.tests.dll" id="73bac923-e59e-0327-f38b-88570fb14315">
      <Execution id="6c6c6923-67c3-45b1-a90f-72c5718d5a13" />
      <TestMethod codeBase="D:\actions-runner\_work\XPCO\XPCO\LogServer\Communication\VideoOS.LogServer.Communication.Tests\bin\Debug\VideoOS.LogServer.Communication.Tests.dll" adapterTypeName="executor://mstestadapter/v2" className="VideoOS.LogServer.Communication.Tests.Writers.LogWriterTests" name="WriteLoglineAsync_ShouldPassCorrectParams" />
    </UnitTest>
    <UnitTest name="Config_LogWriterClientBindingOpenTimeoutCanBeConfiguredFromAppSettings" storage="d:\actions-runner\_work\xpco\xpco\logserver\communication\videoos.logserver.communication.tests\bin\debug\videoos.logserver.communication.tests.dll" id="bcfcd220-0633-2a7a-a358-b24f28ae5a72">
      <Execution id="6328e5eb-41e6-4bb4-b738-5903995b25bd" />
      <TestMethod codeBase="D:\actions-runner\_work\XPCO\XPCO\LogServer\Communication\VideoOS.LogServer.Communication.Tests\bin\Debug\VideoOS.LogServer.Communication.Tests.dll" adapterTypeName="executor://mstestadapter/v2" className="VideoOS.LogServer.Communication.Tests.Communication.LogWriterServiceClientFactoryTests" name="Config_LogWriterClientBindingOpenTimeoutCanBeConfiguredFromAppSettings" />
    </UnitTest>
    <UnitTest name="ExtractMessagesFromXml_ShouldReturnExpectedNumberOfSourceTypes (TestFiles\TestXMLs\Simple9.xml,3)" storage="d:\actions-runner\_work\xpco\xpco\logserver\communication\videoos.logserver.communication.tests\bin\debug\videoos.logserver.communication.tests.dll" id="f4a2467a-bab6-af14-8890-246822964e7c">
      <Execution id="68e94175-4952-4d65-a442-4df2195af07d" />
      <TestMethod codeBase="D:\actions-runner\_work\XPCO\XPCO\LogServer\Communication\VideoOS.LogServer.Communication.Tests\bin\Debug\VideoOS.LogServer.Communication.Tests.dll" adapterTypeName="executor://mstestadapter/v2" className="VideoOS.LogServer.Communication.Tests.Legacy.LegacyMessageRegistrationTests" name="ExtractMessagesFromXml_ShouldReturnExpectedNumberOfSourceTypes" />
    </UnitTest>
    <UnitTest name="RegisterSourceTypeAsync_ShouldPassCorrectParams" storage="d:\actions-runner\_work\xpco\xpco\logserver\communication\videoos.logserver.communication.tests\bin\debug\videoos.logserver.communication.tests.dll" id="8ac78330-b240-db28-9493-e73a1cb6d6a1">
      <Execution id="4ba2b7ad-214d-45e9-9915-2992e3d64c54" />
      <TestMethod codeBase="D:\actions-runner\_work\XPCO\XPCO\LogServer\Communication\VideoOS.LogServer.Communication.Tests\bin\Debug\VideoOS.LogServer.Communication.Tests.dll" adapterTypeName="executor://mstestadapter/v2" className="VideoOS.LogServer.Communication.Tests.Writers.LogWriterTests" name="RegisterSourceTypeAsync_ShouldPassCorrectParams" />
    </UnitTest>
    <UnitTest name="CallAsync_ShouldThrowCommunicationServiceException_WhenFuncThrowsExpectedException" storage="d:\actions-runner\_work\xpco\xpco\logserver\communication\videoos.logserver.communication.tests\bin\debug\videoos.logserver.communication.tests.dll" id="9617b6cc-73f3-9d59-f2da-862ee903bd8c">
      <Execution id="2e6158dc-0386-4e60-b92a-eae8c9f99b60" />
      <TestMethod codeBase="D:\actions-runner\_work\XPCO\XPCO\LogServer\Communication\VideoOS.LogServer.Communication.Tests\bin\Debug\VideoOS.LogServer.Communication.Tests.dll" adapterTypeName="executor://mstestadapter/v2" className="VideoOS.LogServer.Communication.Tests.ClientWrapperTests" name="CallAsync_ShouldThrowCommunicationServiceException_WhenFuncThrowsExpectedException" />
    </UnitTest>
    <UnitTest name="CallAsync_ShouldNotRecreateClient_WhenNoExceptionsThrown" storage="d:\actions-runner\_work\xpco\xpco\logserver\communication\videoos.logserver.communication.tests\bin\debug\videoos.logserver.communication.tests.dll" id="bb6f7b91-945f-b496-b78b-57eb63b9763f">
      <Execution id="a6352766-6f37-4a1f-8120-69616835d161" />
      <TestMethod codeBase="D:\actions-runner\_work\XPCO\XPCO\LogServer\Communication\VideoOS.LogServer.Communication.Tests\bin\Debug\VideoOS.LogServer.Communication.Tests.dll" adapterTypeName="executor://mstestadapter/v2" className="VideoOS.LogServer.Communication.Tests.ClientWrapperTests" name="CallAsync_ShouldNotRecreateClient_WhenNoExceptionsThrown" />
    </UnitTest>
    <UnitTest name="ExtractMessagesFromXml_ShouldSetCorrectCulture (TestFiles\TestXMLs\Large520.xml,en-US)" storage="d:\actions-runner\_work\xpco\xpco\logserver\communication\videoos.logserver.communication.tests\bin\debug\videoos.logserver.communication.tests.dll" id="e6f3beaf-3123-0f99-2920-ed37fa7d8180">
      <Execution id="bc6412e9-9e26-4516-b9e6-f4036074a9c5" />
      <TestMethod codeBase="D:\actions-runner\_work\XPCO\XPCO\LogServer\Communication\VideoOS.LogServer.Communication.Tests\bin\Debug\VideoOS.LogServer.Communication.Tests.dll" adapterTypeName="executor://mstestadapter/v2" className="VideoOS.LogServer.Communication.Tests.Legacy.LegacyMessageRegistrationTests" name="ExtractMessagesFromXml_ShouldSetCorrectCulture" />
    </UnitTest>
    <UnitTest name="DoUploadCultureFiles_ShouldRegisterWithTokenValidation_IfUserIsBasicUser" storage="d:\actions-runner\_work\xpco\xpco\logserver\communication\videoos.logserver.communication.tests\bin\debug\videoos.logserver.communication.tests.dll" id="3366b6f3-e16d-5095-ef9c-b2a681634322">
      <Execution id="868f6331-1c05-47c2-8644-10cb728bb253" />
      <TestMethod codeBase="D:\actions-runner\_work\XPCO\XPCO\LogServer\Communication\VideoOS.LogServer.Communication.Tests\bin\Debug\VideoOS.LogServer.Communication.Tests.dll" adapterTypeName="executor://mstestadapter/v2" className="VideoOS.LogServer.Communication.Tests.Legacy.Client.LogClientInternalTests" name="DoUploadCultureFiles_ShouldRegisterWithTokenValidation_IfUserIsBasicUser" />
    </UnitTest>
    <UnitTest name="ExtractMessagesFromXml_ShouldSetCorrectSourceTypeOnEntry (TestFiles\TestXMLs\Simple9.xml,LPREventSearch,LPR)" storage="d:\actions-runner\_work\xpco\xpco\logserver\communication\videoos.logserver.communication.tests\bin\debug\videoos.logserver.communication.tests.dll" id="feb5d8b3-90c1-1a40-7ce8-c06bb192fe75">
      <Execution id="a2fdb96d-fe36-4886-8069-2dc026dbdd83" />
      <TestMethod codeBase="D:\actions-runner\_work\XPCO\XPCO\LogServer\Communication\VideoOS.LogServer.Communication.Tests\bin\Debug\VideoOS.LogServer.Communication.Tests.dll" adapterTypeName="executor://mstestadapter/v2" className="VideoOS.LogServer.Communication.Tests.Legacy.LegacyMessageRegistrationTests" name="ExtractMessagesFromXml_ShouldSetCorrectSourceTypeOnEntry" />
    </UnitTest>
    <UnitTest name="DoUploadCultureFile_ShouldReturnFalse_IfRegistrationFails" storage="d:\actions-runner\_work\xpco\xpco\logserver\communication\videoos.logserver.communication.tests\bin\debug\videoos.logserver.communication.tests.dll" id="1c619f85-d91b-ea60-2757-6679c81d96dc">
      <Execution id="99c6a625-dea1-4367-93a5-6ec92f7ad1d7" />
      <TestMethod codeBase="D:\actions-runner\_work\XPCO\XPCO\LogServer\Communication\VideoOS.LogServer.Communication.Tests\bin\Debug\VideoOS.LogServer.Communication.Tests.dll" adapterTypeName="executor://mstestadapter/v2" className="VideoOS.LogServer.Communication.Tests.Legacy.Client.LogClientInternalTests" name="DoUploadCultureFile_ShouldReturnFalse_IfRegistrationFails" />
    </UnitTest>
    <UnitTest name="ExtractMessagesFromXml_ShouldReturnExpectedNumberOfSourceTypes (TestFiles\TestXMLs\CombinedGroups48.xml,7)" storage="d:\actions-runner\_work\xpco\xpco\logserver\communication\videoos.logserver.communication.tests\bin\debug\videoos.logserver.communication.tests.dll" id="22a87947-cdd9-4a2f-100a-e5ec8ff12ee0">
      <Execution id="6fd0e0d1-8a65-494a-a1eb-d16567dbb4cc" />
      <TestMethod codeBase="D:\actions-runner\_work\XPCO\XPCO\LogServer\Communication\VideoOS.LogServer.Communication.Tests\bin\Debug\VideoOS.LogServer.Communication.Tests.dll" adapterTypeName="executor://mstestadapter/v2" className="VideoOS.LogServer.Communication.Tests.Legacy.LegacyMessageRegistrationTests" name="ExtractMessagesFromXml_ShouldReturnExpectedNumberOfSourceTypes" />
    </UnitTest>
    <UnitTest name="StartQuerySessionAsync_ShouldSetTotalLoglinesCount" storage="d:\actions-runner\_work\xpco\xpco\logserver\communication\videoos.logserver.communication.tests\bin\debug\videoos.logserver.communication.tests.dll" id="674d8125-a7aa-840d-f0bd-15e06befbf23">
      <Execution id="0c3840db-0afe-435f-beb0-39e20e62bd60" />
      <TestMethod codeBase="D:\actions-runner\_work\XPCO\XPCO\LogServer\Communication\VideoOS.LogServer.Communication.Tests\bin\Debug\VideoOS.LogServer.Communication.Tests.dll" adapterTypeName="executor://mstestadapter/v2" className="VideoOS.LogServer.Communication.Tests.Readers.LogReaderTests" name="StartQuerySessionAsync_ShouldSetTotalLoglinesCount" />
    </UnitTest>
    <UnitTest name="DoUploadCultureFiles_ShouldRegisterWithCredentialValidation_IfMIPEnvironmentIsNotInitialized" storage="d:\actions-runner\_work\xpco\xpco\logserver\communication\videoos.logserver.communication.tests\bin\debug\videoos.logserver.communication.tests.dll" id="67eab2a5-7d43-d4c3-41cf-be4c77d695b4">
      <Execution id="3daede6c-8067-45a8-8462-f790ac2cd953" />
      <TestMethod codeBase="D:\actions-runner\_work\XPCO\XPCO\LogServer\Communication\VideoOS.LogServer.Communication.Tests\bin\Debug\VideoOS.LogServer.Communication.Tests.dll" adapterTypeName="executor://mstestadapter/v2" className="VideoOS.LogServer.Communication.Tests.Legacy.Client.LogClientInternalTests" name="DoUploadCultureFiles_ShouldRegisterWithCredentialValidation_IfMIPEnvironmentIsNotInitialized" />
    </UnitTest>
    <UnitTest name="Create_ShouldThrowInvalidOperationException_IfMIPEnvironmentIsNotInitializedAndUriIsNotGiven" storage="d:\actions-runner\_work\xpco\xpco\logserver\communication\videoos.logserver.communication.tests\bin\debug\videoos.logserver.communication.tests.dll" id="abf80a45-5b9f-b76b-f7bf-162512472b99">
      <Execution id="69765a1a-4f61-4c5b-8b0c-a39287b29548" />
      <TestMethod codeBase="D:\actions-runner\_work\XPCO\XPCO\LogServer\Communication\VideoOS.LogServer.Communication.Tests\bin\Debug\VideoOS.LogServer.Communication.Tests.dll" adapterTypeName="executor://mstestadapter/v2" className="VideoOS.LogServer.Communication.Tests.Communication.LogConfigurationServiceClientFactoryTests" name="Create_ShouldThrowInvalidOperationException_IfMIPEnvironmentIsNotInitializedAndUriIsNotGiven" />
    </UnitTest>
    <UnitTest name="DoUploadCultureFiles_ShouldReturnTrue_IfRegistrationFails" storage="d:\actions-runner\_work\xpco\xpco\logserver\communication\videoos.logserver.communication.tests\bin\debug\videoos.logserver.communication.tests.dll" id="34e137e8-304a-9ff8-1905-6ddd28de6345">
      <Execution id="2f9a735b-ff35-4e50-878d-f3bb4f9c2140" />
      <TestMethod codeBase="D:\actions-runner\_work\XPCO\XPCO\LogServer\Communication\VideoOS.LogServer.Communication.Tests\bin\Debug\VideoOS.LogServer.Communication.Tests.dll" adapterTypeName="executor://mstestadapter/v2" className="VideoOS.LogServer.Communication.Tests.Legacy.Client.LogClientInternalTests" name="DoUploadCultureFiles_ShouldReturnTrue_IfRegistrationFails" />
    </UnitTest>
    <UnitTest name="Close_StopsLambdasInTheQueue" storage="d:\actions-runner\_work\xpco\xpco\logserver\communication\videoos.logserver.communication.tests\bin\debug\videoos.logserver.communication.tests.dll" id="994f87cc-c58d-8744-77e4-ee22b9e9254a">
      <Execution id="9674b00d-ac5b-4ffd-93a0-90045f954618" />
      <TestMethod codeBase="D:\actions-runner\_work\XPCO\XPCO\LogServer\Communication\VideoOS.LogServer.Communication.Tests\bin\Debug\VideoOS.LogServer.Communication.Tests.dll" adapterTypeName="executor://mstestadapter/v2" className="VideoOS.LogServer.Communication.Tests.QueueingClientWrapperTests" name="Close_StopsLambdasInTheQueue" />
    </UnitTest>
    <UnitTest name="Close_StopsRetrying_EvenIfCallbackIsBeingExecuted" storage="d:\actions-runner\_work\xpco\xpco\logserver\communication\videoos.logserver.communication.tests\bin\debug\videoos.logserver.communication.tests.dll" id="f4a5978d-2acb-8d50-1d62-7f498820825e">
      <Execution id="f3706df9-9783-4ef0-93a4-c0dfb466db4f" />
      <TestMethod codeBase="D:\actions-runner\_work\XPCO\XPCO\LogServer\Communication\VideoOS.LogServer.Communication.Tests\bin\Debug\VideoOS.LogServer.Communication.Tests.dll" adapterTypeName="executor://mstestadapter/v2" className="VideoOS.LogServer.Communication.Tests.QueueingClientWrapperTests" name="Close_StopsRetrying_EvenIfCallbackIsBeingExecuted" />
    </UnitTest>
    <UnitTest name="WriteLegacyLoglineTokenAsync_ShouldPassCorrectParams" storage="d:\actions-runner\_work\xpco\xpco\logserver\communication\videoos.logserver.communication.tests\bin\debug\videoos.logserver.communication.tests.dll" id="4599eece-b7e5-f53a-c36d-650dc3db0644">
      <Execution id="3ff23f48-d8fa-4d29-b414-f7d75d804ff8" />
      <TestMethod codeBase="D:\actions-runner\_work\XPCO\XPCO\LogServer\Communication\VideoOS.LogServer.Communication.Tests\bin\Debug\VideoOS.LogServer.Communication.Tests.dll" adapterTypeName="executor://mstestadapter/v2" className="VideoOS.LogServer.Communication.Tests.Writers.LogWriterTests" name="WriteLegacyLoglineTokenAsync_ShouldPassCorrectParams" />
    </UnitTest>
    <UnitTest name="FetchSystemLoglinesTokenAsync_ShouldUseCorrectQuerySessionId_AfterStartQuerySessionAsync" storage="d:\actions-runner\_work\xpco\xpco\logserver\communication\videoos.logserver.communication.tests\bin\debug\videoos.logserver.communication.tests.dll" id="e8891b59-88d5-e758-a453-beadcaf25e22">
      <Execution id="3561e01a-6f32-4bd1-ab80-a57c61813b6f" />
      <TestMethod codeBase="D:\actions-runner\_work\XPCO\XPCO\LogServer\Communication\VideoOS.LogServer.Communication.Tests\bin\Debug\VideoOS.LogServer.Communication.Tests.dll" adapterTypeName="executor://mstestadapter/v2" className="VideoOS.LogServer.Communication.Tests.Readers.LogReaderTests" name="FetchSystemLoglinesTokenAsync_ShouldUseCorrectQuerySessionId_AfterStartQuerySessionAsync" />
    </UnitTest>
    <UnitTest name="FetchSystemLoglinesTokenAsync_ShouldReturnLoglines" storage="d:\actions-runner\_work\xpco\xpco\logserver\communication\videoos.logserver.communication.tests\bin\debug\videoos.logserver.communication.tests.dll" id="b5134cc5-1541-e082-3a10-e53fede7a5f6">
      <Execution id="aaefbc11-221b-4246-b68e-a5b6cb76bda3" />
      <TestMethod codeBase="D:\actions-runner\_work\XPCO\XPCO\LogServer\Communication\VideoOS.LogServer.Communication.Tests\bin\Debug\VideoOS.LogServer.Communication.Tests.dll" adapterTypeName="executor://mstestadapter/v2" className="VideoOS.LogServer.Communication.Tests.Readers.LogReaderTests" name="FetchSystemLoglinesTokenAsync_ShouldReturnLoglines" />
    </UnitTest>
    <UnitTest name="StartQuerySessionAsync_ShouldSetIsQuerySessionStarted" storage="d:\actions-runner\_work\xpco\xpco\logserver\communication\videoos.logserver.communication.tests\bin\debug\videoos.logserver.communication.tests.dll" id="2feab54c-bbc9-49d3-d942-19447743f92b">
      <Execution id="3b119e09-925d-43ac-bbc4-a0fb234f5cbd" />
      <TestMethod codeBase="D:\actions-runner\_work\XPCO\XPCO\LogServer\Communication\VideoOS.LogServer.Communication.Tests\bin\Debug\VideoOS.LogServer.Communication.Tests.dll" adapterTypeName="executor://mstestadapter/v2" className="VideoOS.LogServer.Communication.Tests.Readers.LogReaderTests" name="StartQuerySessionAsync_ShouldSetIsQuerySessionStarted" />
    </UnitTest>
    <UnitTest name="CallAsync_ShouldThrowArgumentNullException_WhenParameterIsNull" storage="d:\actions-runner\_work\xpco\xpco\logserver\communication\videoos.logserver.communication.tests\bin\debug\videoos.logserver.communication.tests.dll" id="2d5548d0-1b64-5fe8-35aa-ef8cb319ee22">
      <Execution id="45c125f1-227b-4579-b3cf-49ddb877d4c5" />
      <TestMethod codeBase="D:\actions-runner\_work\XPCO\XPCO\LogServer\Communication\VideoOS.LogServer.Communication.Tests\bin\Debug\VideoOS.LogServer.Communication.Tests.dll" adapterTypeName="executor://mstestadapter/v2" className="VideoOS.LogServer.Communication.Tests.ClientWrapperTests" name="CallAsync_ShouldThrowArgumentNullException_WhenParameterIsNull" />
    </UnitTest>
    <UnitTest name="Constructors_ShouldNotAllowInjectionOfNulls" storage="d:\actions-runner\_work\xpco\xpco\logserver\communication\videoos.logserver.communication.tests\bin\debug\videoos.logserver.communication.tests.dll" id="08310f4d-f672-ad80-35c5-5cb19e182b35">
      <Execution id="1872edda-cff0-40df-a705-a5dc9b4c5bc7" />
      <TestMethod codeBase="D:\actions-runner\_work\XPCO\XPCO\LogServer\Communication\VideoOS.LogServer.Communication.Tests\bin\Debug\VideoOS.LogServer.Communication.Tests.dll" adapterTypeName="executor://mstestadapter/v2" className="VideoOS.LogServer.Communication.Tests.Communication.LogReaderServiceClientFactoryTests" name="Constructors_ShouldNotAllowInjectionOfNulls" />
    </UnitTest>
  </TestDefinitions>
  <TestEntries>
    <TestEntry testId="9617b6cc-73f3-9d59-f2da-862ee903bd8c" executionId="4a1e6ade-184a-4120-8787-b896663e513e" testListId="8c84fa94-04c1-424b-9868-57a2d4851a1d" />
    <TestEntry testId="e771bc46-6417-b43e-afec-8d68fd676ce1" executionId="d6f79f97-0316-49ee-a455-9ce85288aa3e" testListId="8c84fa94-04c1-424b-9868-57a2d4851a1d" />
    <TestEntry testId="b26ef1a0-ca7c-5175-29dd-e3e02c9d2b2e" executionId="9b34ae97-7467-467e-aa0f-dc584b1f5870" testListId="8c84fa94-04c1-424b-9868-57a2d4851a1d" />
    <TestEntry testId="839d2cfc-e75d-f020-6f81-04dfe00ec40e" executionId="204ce8a9-7d43-40de-919c-931c61f2bbd5" testListId="8c84fa94-04c1-424b-9868-57a2d4851a1d" />
    <TestEntry testId="5568778f-0158-0285-fa35-319d0b4f764e" executionId="69056156-8b30-4d5a-88db-a91d384c049a" testListId="8c84fa94-04c1-424b-9868-57a2d4851a1d" />
    <TestEntry testId="ce2d18e0-6ebb-4810-6841-4de51ae1651c" executionId="ef691eb1-8bb8-428f-b44c-b003d2c602f9" testListId="8c84fa94-04c1-424b-9868-57a2d4851a1d" />
    <TestEntry testId="1c619f85-d91b-ea60-2757-6679c81d96dc" executionId="99c6a625-dea1-4367-93a5-6ec92f7ad1d7" testListId="8c84fa94-04c1-424b-9868-57a2d4851a1d" />
    <TestEntry testId="bb6f7b91-945f-b496-b78b-57eb63b9763f" executionId="a6352766-6f37-4a1f-8120-69616835d161" testListId="8c84fa94-04c1-424b-9868-57a2d4851a1d" />
    <TestEntry testId="b23c055a-115b-f4d2-24a2-c22528b67dba" executionId="baf7f6ce-51fe-4e00-85f5-d482baf290d9" testListId="8c84fa94-04c1-424b-9868-57a2d4851a1d" />
    <TestEntry testId="01d14afd-25f5-291d-8634-feb90cef42b3" executionId="9147ce9c-0933-4a0a-823f-eb0a168e002b" testListId="8c84fa94-04c1-424b-9868-57a2d4851a1d" />
    <TestEntry testId="22ec705d-08b4-1246-93f7-3ae9421d40cf" executionId="9e75196b-3871-4bc4-a3f9-96f3f265b96a" testListId="8c84fa94-04c1-424b-9868-57a2d4851a1d" />
    <TestEntry testId="8edee7b7-26f0-8660-7c2c-d2a8f9901f02" executionId="1f845a47-2c7a-44d0-988d-8c99eea8e973" testListId="8c84fa94-04c1-424b-9868-57a2d4851a1d" />
    <TestEntry testId="d12f19f0-2377-0b81-6775-97d89862ddb4" executionId="fa0f60ab-a61f-42d1-a180-f5466f3cfcfc" testListId="8c84fa94-04c1-424b-9868-57a2d4851a1d" />
    <TestEntry testId="c63998ff-057d-127a-a599-7bd00fbae3de" executionId="b38c6235-8cf4-4c37-82db-afa1723dfe31" testListId="8c84fa94-04c1-424b-9868-57a2d4851a1d" />
    <TestEntry testId="34e137e8-304a-9ff8-1905-6ddd28de6345" executionId="2f9a735b-ff35-4e50-878d-f3bb4f9c2140" testListId="8c84fa94-04c1-424b-9868-57a2d4851a1d" />
    <TestEntry testId="6b738107-d14a-ccb5-66a7-02b527511cb9" executionId="a1bbc4c4-07bc-46ba-b3b9-5b19b4f1b0b0" testListId="8c84fa94-04c1-424b-9868-57a2d4851a1d" />
    <TestEntry testId="670a5985-b1d4-84ed-1197-21514b4e468f" executionId="9b46c6b7-a5f3-4816-884f-87c99be2beea" testListId="8c84fa94-04c1-424b-9868-57a2d4851a1d" />
    <TestEntry testId="bcfcd220-0633-2a7a-a358-b24f28ae5a72" executionId="6328e5eb-41e6-4bb4-b738-5903995b25bd" testListId="8c84fa94-04c1-424b-9868-57a2d4851a1d" />
    <TestEntry testId="7e96b009-8ba0-c755-7d30-7f328804b614" executionId="5571d325-147a-466a-a617-926e5cddd896" testListId="8c84fa94-04c1-424b-9868-57a2d4851a1d" />
    <TestEntry testId="df5bf18e-4764-6f88-4a5a-f2abba3536b3" executionId="9d764dc8-3c93-46bc-b86b-fdf0bcfd164f" testListId="8c84fa94-04c1-424b-9868-57a2d4851a1d" />
    <TestEntry testId="5440beed-f4da-5c54-5eab-04f5d48242b3" executionId="eea27d6f-db6f-4a53-a15f-c5b3fbd5b851" testListId="8c84fa94-04c1-424b-9868-57a2d4851a1d" />
    <TestEntry testId="9be429ed-7966-1558-1657-ef41e01e86b9" executionId="ee239848-7c9f-4527-b715-6b31f4c5867e" testListId="8c84fa94-04c1-424b-9868-57a2d4851a1d" />
    <TestEntry testId="a9befe5e-a1fe-4335-a2a4-b001dfe290b4" executionId="8b61715e-1283-4ce4-a433-6193435feec8" testListId="8c84fa94-04c1-424b-9868-57a2d4851a1d" />
    <TestEntry testId="ef0c6ab2-43d5-3d91-1f2c-f2e69a8694fc" executionId="dbb7fe54-0c2a-470d-a5a8-592426972ad0" testListId="8c84fa94-04c1-424b-9868-57a2d4851a1d" />
    <TestEntry testId="d27e985f-2267-0a49-87ad-5eb3ad9a770e" executionId="024b7ebf-9424-4ae6-b707-4f98e76c147c" testListId="8c84fa94-04c1-424b-9868-57a2d4851a1d" />
    <TestEntry testId="67f28808-ddff-e982-aee0-d9b5dbc005e2" executionId="ebe30933-9c2e-4214-acb5-3532bf5b6c14" testListId="8c84fa94-04c1-424b-9868-57a2d4851a1d" />
    <TestEntry testId="66a36c9d-488e-cd9d-ffa8-da2feeea8136" executionId="b2bfbaee-80d3-4b45-86ef-bdf24e23b4e5" testListId="8c84fa94-04c1-424b-9868-57a2d4851a1d" />
    <TestEntry testId="22a87947-cdd9-4a2f-100a-e5ec8ff12ee0" executionId="6fd0e0d1-8a65-494a-a1eb-d16567dbb4cc" testListId="8c84fa94-04c1-424b-9868-57a2d4851a1d" />
    <TestEntry testId="b4c67156-b25e-38b0-705c-d5a9b034170b" executionId="c745423d-88d1-4c8b-9083-a015b24b5318" testListId="8c84fa94-04c1-424b-9868-57a2d4851a1d" />
    <TestEntry testId="bca8daf8-450d-5dd2-5d1b-77cc155869d6" executionId="066dd262-9c9c-465c-b04d-469fdbb91798" testListId="8c84fa94-04c1-424b-9868-57a2d4851a1d" />
    <TestEntry testId="b86f95fe-b8eb-93b5-85ac-c4b377aa3ab2" executionId="16100d4d-d9a7-4ea0-95ca-114852e6da1b" testListId="8c84fa94-04c1-424b-9868-57a2d4851a1d" />
    <TestEntry testId="b60e37b6-aafb-0d71-39f0-b9035421a460" executionId="8317abb2-ced6-4ed9-a306-bdadb831b5e0" testListId="8c84fa94-04c1-424b-9868-57a2d4851a1d" />
    <TestEntry testId="a8364fbb-b5a2-ea12-610f-86d32b76c759" executionId="da6423f2-a4c8-4b76-a286-223c84647b93" testListId="8c84fa94-04c1-424b-9868-57a2d4851a1d" />
    <TestEntry testId="5343f541-ab32-23f3-6d69-fb3a240652c8" executionId="4725b2f5-2781-46a2-9e39-425d9588551e" testListId="8c84fa94-04c1-424b-9868-57a2d4851a1d" />
    <TestEntry testId="1098abe6-c55a-a368-12bc-c2ed2e00256b" executionId="568cc5c9-c2af-4714-80d6-63624fa0bb84" testListId="8c84fa94-04c1-424b-9868-57a2d4851a1d" />
    <TestEntry testId="e8891b59-88d5-e758-a453-beadcaf25e22" executionId="3561e01a-6f32-4bd1-ab80-a57c61813b6f" testListId="8c84fa94-04c1-424b-9868-57a2d4851a1d" />
    <TestEntry testId="b5134cc5-1541-e082-3a10-e53fede7a5f6" executionId="aaefbc11-221b-4246-b68e-a5b6cb76bda3" testListId="8c84fa94-04c1-424b-9868-57a2d4851a1d" />
    <TestEntry testId="b27e714f-fc99-1bd2-c3e6-37ebae722373" executionId="174c7be9-49c7-412b-8afe-efcf1c03eeca" testListId="8c84fa94-04c1-424b-9868-57a2d4851a1d" />
    <TestEntry testId="623d185f-9cda-e09d-884d-8336bb2e4251" executionId="30a858ed-042e-479c-8fb3-4b073d652555" testListId="8c84fa94-04c1-424b-9868-57a2d4851a1d" />
    <TestEntry testId="4eb367ab-5c42-6b05-7bc5-20146f5c9dce" executionId="357f514d-436c-4f95-96d9-bceebd705af4" testListId="8c84fa94-04c1-424b-9868-57a2d4851a1d" />
    <TestEntry testId="a836b8aa-0561-a3b3-cf59-73ebce5adc53" executionId="bb42293e-4bd6-4609-9ccc-0c1a00fc8a77" testListId="8c84fa94-04c1-424b-9868-57a2d4851a1d" />
    <TestEntry testId="ba00b31f-c24d-b850-f3e7-f52e1b18f60a" executionId="9b01cbb7-6500-4458-8c00-0c50508ebee6" testListId="8c84fa94-04c1-424b-9868-57a2d4851a1d" />
    <TestEntry testId="7a6cd571-9c4a-6008-8337-b391a3317369" executionId="6a674b1a-5530-43f2-ba81-3f748d48452f" testListId="8c84fa94-04c1-424b-9868-57a2d4851a1d" />
    <TestEntry testId="539e7ed0-1a6b-b0d1-b826-cc429641c877" executionId="e8c7e33b-79d9-4cdb-b4be-916b567405bb" testListId="8c84fa94-04c1-424b-9868-57a2d4851a1d" />
    <TestEntry testId="b77e9d26-baf8-42e8-fb66-14b9ede40aaf" executionId="9195bcfb-4980-4f3f-a741-80056a8d2e3e" testListId="8c84fa94-04c1-424b-9868-57a2d4851a1d" />
    <TestEntry testId="779652e4-8fbe-3b7e-110d-d5f43eed27ad" executionId="5ad47f72-54f0-4f71-afa3-4286c2b120a9" testListId="8c84fa94-04c1-424b-9868-57a2d4851a1d" />
    <TestEntry testId="bec962ea-d868-333e-e3ba-591adbfdf268" executionId="c58aa6b1-a466-4547-9ea5-e46c486b169a" testListId="8c84fa94-04c1-424b-9868-57a2d4851a1d" />
    <TestEntry testId="23a705e2-484b-b365-a7c7-b41d608b3f4b" executionId="f30dd5d2-9fa6-469b-a93c-f5e076f2eef9" testListId="8c84fa94-04c1-424b-9868-57a2d4851a1d" />
    <TestEntry testId="6a99f0b0-dccf-d59e-1ea3-8eedac771201" executionId="0b013fd9-2463-4177-91ff-c6e8290ef28d" testListId="8c84fa94-04c1-424b-9868-57a2d4851a1d" />
    <TestEntry testId="73bac923-e59e-0327-f38b-88570fb14315" executionId="6c6c6923-67c3-45b1-a90f-72c5718d5a13" testListId="8c84fa94-04c1-424b-9868-57a2d4851a1d" />
    <TestEntry testId="35668b70-00eb-0d99-67ee-63ec7a6b9daf" executionId="b8eae34e-507a-4210-8e97-7c92a66fe079" testListId="8c84fa94-04c1-424b-9868-57a2d4851a1d" />
    <TestEntry testId="94919045-55eb-c6a8-9422-0d7750bdb297" executionId="c583bfa6-a601-49ff-a562-e1ef275b218a" testListId="8c84fa94-04c1-424b-9868-57a2d4851a1d" />
    <TestEntry testId="659ea7ef-7a9e-011e-503e-a43b4fac0d99" executionId="28eb3bbc-917f-4958-9726-858322d594f7" testListId="8c84fa94-04c1-424b-9868-57a2d4851a1d" />
    <TestEntry testId="f4ffd983-c05b-593d-74f8-17a463f4a926" executionId="db3d1c17-7c0e-43a0-b48a-c59f3ddfc2a7" testListId="8c84fa94-04c1-424b-9868-57a2d4851a1d" />
    <TestEntry testId="308ca1e2-fb9c-1586-8871-264314d0c4f4" executionId="d0691726-ac56-467b-80f8-b30dc0b1b887" testListId="8c84fa94-04c1-424b-9868-57a2d4851a1d" />
    <TestEntry testId="4e12d753-1090-f46e-514e-2259465dc69b" executionId="6af4dcc5-1a6c-46e7-80d0-b0a4def2ac95" testListId="8c84fa94-04c1-424b-9868-57a2d4851a1d" />
    <TestEntry testId="08310f4d-f672-ad80-35c5-5cb19e182b35" executionId="1872edda-cff0-40df-a705-a5dc9b4c5bc7" testListId="8c84fa94-04c1-424b-9868-57a2d4851a1d" />
    <TestEntry testId="94fee7c4-80c8-1c86-3576-94ca601ec732" executionId="0f125eaf-53b7-41e3-a6e6-e8c5e70aa8a6" testListId="8c84fa94-04c1-424b-9868-57a2d4851a1d" />
    <TestEntry testId="24c3220b-1c1f-47f8-e7ad-b6854efd1570" executionId="050d4866-132f-4d06-9972-25002bbc1da9" testListId="8c84fa94-04c1-424b-9868-57a2d4851a1d" />
    <TestEntry testId="bf160454-ca42-37cd-a218-b3a0050d0c04" executionId="d117029b-3af9-480c-882b-1b7bbc568eb1" testListId="8c84fa94-04c1-424b-9868-57a2d4851a1d" />
    <TestEntry testId="bed9dd5e-8bd4-8ed7-a13e-9199e5447b8d" executionId="378a74d6-b1d7-4523-a2cd-70fbe9545fef" testListId="8c84fa94-04c1-424b-9868-57a2d4851a1d" />
    <TestEntry testId="fe908b2a-47cc-1a75-6b07-95579f1ff3bd" executionId="c2384463-c600-4488-9778-463e279711f5" testListId="8c84fa94-04c1-424b-9868-57a2d4851a1d" />
    <TestEntry testId="6bd4e64a-403b-2246-3e7d-bff3950d867e" executionId="ca5e6c51-8c97-4c9f-b967-b3a443f8d61b" testListId="8c84fa94-04c1-424b-9868-57a2d4851a1d" />
    <TestEntry testId="3366b6f3-e16d-5095-ef9c-b2a681634322" executionId="868f6331-1c05-47c2-8644-10cb728bb253" testListId="8c84fa94-04c1-424b-9868-57a2d4851a1d" />
    <TestEntry testId="93cf8303-d6e5-db71-c919-018ef89f83c3" executionId="54c4cc1c-d50b-49b2-a26a-7e244e44d23d" testListId="8c84fa94-04c1-424b-9868-57a2d4851a1d" />
    <TestEntry testId="badbd886-4256-36d6-b407-7caca836cddf" executionId="166b725a-849d-4a35-88bf-40a8c97c3eaf" testListId="8c84fa94-04c1-424b-9868-57a2d4851a1d" />
    <TestEntry testId="99846132-b201-f087-ceb0-64f7de6690c1" executionId="3e245a40-06e3-4de0-acd5-83d07fd6fcb4" testListId="8c84fa94-04c1-424b-9868-57a2d4851a1d" />
    <TestEntry testId="13048096-8df1-a404-1131-b9b028c5de3a" executionId="cdee4766-a80f-4812-8545-3d7f09690866" testListId="8c84fa94-04c1-424b-9868-57a2d4851a1d" />
    <TestEntry testId="bdd8d4fe-4058-aef2-0d58-025fc8ab2d74" executionId="69b919cb-04a7-4502-b411-68fea5916c92" testListId="8c84fa94-04c1-424b-9868-57a2d4851a1d" />
    <TestEntry testId="1adc8a7a-23e3-07aa-2488-b1b0ec1bd11d" executionId="12bc9426-e8d0-46ad-8e9d-10475b01d55c" testListId="8c84fa94-04c1-424b-9868-57a2d4851a1d" />
    <TestEntry testId="f4a5978d-2acb-8d50-1d62-7f498820825e" executionId="f3706df9-9783-4ef0-93a4-c0dfb466db4f" testListId="8c84fa94-04c1-424b-9868-57a2d4851a1d" />
    <TestEntry testId="446a9572-a221-3e10-2ac5-6b6981646eca" executionId="7d73a57c-58e6-4b22-abf3-8cdd3d672284" testListId="8c84fa94-04c1-424b-9868-57a2d4851a1d" />
    <TestEntry testId="b6dc9525-01a3-e0c4-451e-0f867a5ce453" executionId="2ce5fa10-83ff-4de9-9472-d2db7a056cff" testListId="8c84fa94-04c1-424b-9868-57a2d4851a1d" />
    <TestEntry testId="e6f3beaf-3123-0f99-2920-ed37fa7d8180" executionId="bc6412e9-9e26-4516-b9e6-f4036074a9c5" testListId="8c84fa94-04c1-424b-9868-57a2d4851a1d" />
    <TestEntry testId="659ea7ef-7a9e-011e-503e-a43b4fac0d99" executionId="011dcf10-b7f6-451c-b647-135adb0b9cd5" testListId="8c84fa94-04c1-424b-9868-57a2d4851a1d" />
    <TestEntry testId="bb423a2d-e77e-922e-7cca-ac4e6e500c2c" executionId="60a92454-7bd7-46ec-afc5-4028bd29c8f7" testListId="8c84fa94-04c1-424b-9868-57a2d4851a1d" />
    <TestEntry testId="76fa7ffb-8dc1-9469-9f7b-117eeef95d31" executionId="5ba94673-458f-4728-a80e-927c70d32f4f" testListId="8c84fa94-04c1-424b-9868-57a2d4851a1d" />
    <TestEntry testId="9617b6cc-73f3-9d59-f2da-862ee903bd8c" executionId="2e6158dc-0386-4e60-b92a-eae8c9f99b60" testListId="8c84fa94-04c1-424b-9868-57a2d4851a1d" />
    <TestEntry testId="0ef49951-f77d-7256-b3ae-66f175c85645" executionId="9c572f80-c33d-4133-aec9-e48f05623d59" testListId="8c84fa94-04c1-424b-9868-57a2d4851a1d" />
    <TestEntry testId="edb84373-2ee9-486d-e1f9-41adfa649f07" executionId="7e6f5fd9-1a2b-4217-b763-45476d173148" testListId="8c84fa94-04c1-424b-9868-57a2d4851a1d" />
    <TestEntry testId="6b895964-d16f-3cba-4299-1aaa4256aaac" executionId="d3af1812-ac47-4648-a8bf-b9e1a679abe0" testListId="8c84fa94-04c1-424b-9868-57a2d4851a1d" />
    <TestEntry testId="942a3e80-1eab-4a73-7cbf-0148511dbcf7" executionId="553a1967-64a4-4fc1-8d51-211cb22d29dd" testListId="8c84fa94-04c1-424b-9868-57a2d4851a1d" />
    <TestEntry testId="abf80a45-5b9f-b76b-f7bf-162512472b99" executionId="69765a1a-4f61-4c5b-8b0c-a39287b29548" testListId="8c84fa94-04c1-424b-9868-57a2d4851a1d" />
    <TestEntry testId="70bea485-ec86-6f83-5a24-575e32c4eae9" executionId="c8934c8c-4956-4eb6-b971-bf1b77e0c10a" testListId="8c84fa94-04c1-424b-9868-57a2d4851a1d" />
    <TestEntry testId="659ea7ef-7a9e-011e-503e-a43b4fac0d99" executionId="cd341849-5674-43a5-b29d-ef3bbdf59c3b" testListId="8c84fa94-04c1-424b-9868-57a2d4851a1d" />
    <TestEntry testId="b37d0b5a-29a0-16c3-b349-b420d71ef9b0" executionId="001643e4-b990-457a-b71f-518a1fc66c6c" testListId="8c84fa94-04c1-424b-9868-57a2d4851a1d" />
    <TestEntry testId="e9232fa6-3e04-4173-b6d8-c5fec7124fe8" executionId="f6a9b7be-9ee9-4c99-b828-847a91731daa" testListId="8c84fa94-04c1-424b-9868-57a2d4851a1d" />
    <TestEntry testId="736dbfb6-8744-07bc-2cc4-274557ee8f7b" executionId="eb5903f4-e359-4111-b232-a631e428404c" testListId="8c84fa94-04c1-424b-9868-57a2d4851a1d" />
    <TestEntry testId="6941bc2c-9833-5d26-b03a-41c7ade36d6e" executionId="042c337d-845b-4298-95a8-560f125e7e42" testListId="8c84fa94-04c1-424b-9868-57a2d4851a1d" />
    <TestEntry testId="d68f307d-16d8-190c-0927-9645a2d42c9c" executionId="f921e827-fcdf-448a-a61a-99bf9846ab73" testListId="8c84fa94-04c1-424b-9868-57a2d4851a1d" />
    <TestEntry testId="48279b0f-faf7-b592-4f52-51dcac4755c3" executionId="f4c48a24-d2df-4bc4-b65a-dd6a58f97589" testListId="8c84fa94-04c1-424b-9868-57a2d4851a1d" />
    <TestEntry testId="fd6a6596-e9bc-820d-bbb1-d6004688c36f" executionId="852d192e-1572-4283-86a2-aed037ca6b50" testListId="8c84fa94-04c1-424b-9868-57a2d4851a1d" />
    <TestEntry testId="b42052b4-be9c-180e-d224-1ca4f236874a" executionId="1f385c67-7b64-46a1-8152-9c319ff43f9d" testListId="8c84fa94-04c1-424b-9868-57a2d4851a1d" />
    <TestEntry testId="dddbaefa-c058-6c4c-31ba-74cab88a0422" executionId="8a8393cb-80f6-43e7-9ec1-5ed49c3a25ef" testListId="8c84fa94-04c1-424b-9868-57a2d4851a1d" />
    <TestEntry testId="68917092-20dd-c73b-53c5-158af009c721" executionId="03ff2c0e-57d1-42fd-abaa-c778cad76fef" testListId="8c84fa94-04c1-424b-9868-57a2d4851a1d" />
    <TestEntry testId="4599eece-b7e5-f53a-c36d-650dc3db0644" executionId="3ff23f48-d8fa-4d29-b414-f7d75d804ff8" testListId="8c84fa94-04c1-424b-9868-57a2d4851a1d" />
    <TestEntry testId="2b4a8ff9-760c-f83c-5f78-a42564dac98b" executionId="9ae7f5f8-9a4f-4704-8817-b7c1a76344bc" testListId="8c84fa94-04c1-424b-9868-57a2d4851a1d" />
    <TestEntry testId="875327b0-fa5d-7205-4d8d-e58b1043343b" executionId="4609f4bc-654d-4cdd-9fe9-87d1a596724a" testListId="8c84fa94-04c1-424b-9868-57a2d4851a1d" />
    <TestEntry testId="77f6d4a2-86d9-b896-3535-74c1b7eccbc6" executionId="4ff08b95-8f0f-42ef-b2b6-ae409bf42942" testListId="8c84fa94-04c1-424b-9868-57a2d4851a1d" />
    <TestEntry testId="2feab54c-bbc9-49d3-d942-19447743f92b" executionId="3b119e09-925d-43ac-bbc4-a0fb234f5cbd" testListId="8c84fa94-04c1-424b-9868-57a2d4851a1d" />
    <TestEntry testId="674d8125-a7aa-840d-f0bd-15e06befbf23" executionId="0c3840db-0afe-435f-beb0-39e20e62bd60" testListId="8c84fa94-04c1-424b-9868-57a2d4851a1d" />
    <TestEntry testId="8b3db817-aa30-ea6d-4629-f6f2628b1e34" executionId="9b2a3de7-4fb3-4271-bbed-da8baf0ba5c4" testListId="8c84fa94-04c1-424b-9868-57a2d4851a1d" />
    <TestEntry testId="883115cd-0053-c36c-1a96-151e09055999" executionId="57d37052-7852-4ec9-92e7-810c22a0d814" testListId="8c84fa94-04c1-424b-9868-57a2d4851a1d" />
    <TestEntry testId="69f89350-67d1-88c5-1fb3-1403510533d5" executionId="8f120b72-8788-4296-b287-b7c1e1b6af69" testListId="8c84fa94-04c1-424b-9868-57a2d4851a1d" />
    <TestEntry testId="fb07781e-2617-ff30-208d-de0ad28ddaf5" executionId="8319c094-eca8-4ad5-bd5a-1530ee84eb9c" testListId="8c84fa94-04c1-424b-9868-57a2d4851a1d" />
    <TestEntry testId="5ac99301-633e-24de-53c4-f924fb7beb39" executionId="91f45c53-9382-474a-a7e0-cb3954f881d7" testListId="8c84fa94-04c1-424b-9868-57a2d4851a1d" />
    <TestEntry testId="0207a84d-d678-80a4-374f-019cfa942cab" executionId="5386e03a-8800-4238-a964-6e461e0792a3" testListId="8c84fa94-04c1-424b-9868-57a2d4851a1d" />
    <TestEntry testId="5bc88eec-e68a-c6be-64e3-ba75f927987e" executionId="19073788-cb3a-4f30-b549-6293c8aa929f" testListId="8c84fa94-04c1-424b-9868-57a2d4851a1d" />
    <TestEntry testId="f4a2467a-bab6-af14-8890-246822964e7c" executionId="68e94175-4952-4d65-a442-4df2195af07d" testListId="8c84fa94-04c1-424b-9868-57a2d4851a1d" />
    <TestEntry testId="88101cee-6ea8-96b1-12f3-d1d1a85b48ac" executionId="a7dee977-5df8-4514-8b07-8cb71be2fd55" testListId="8c84fa94-04c1-424b-9868-57a2d4851a1d" />
    <TestEntry testId="659ea7ef-7a9e-011e-503e-a43b4fac0d99" executionId="61ab4b36-1ee3-483c-be24-dd1b6766593a" testListId="8c84fa94-04c1-424b-9868-57a2d4851a1d" />
    <TestEntry testId="85a0c911-4d9b-f0cf-2307-5d56b2c855c8" executionId="effb81aa-7691-44b4-8734-90ffabab71c0" testListId="8c84fa94-04c1-424b-9868-57a2d4851a1d" />
    <TestEntry testId="6907c083-38d4-a0e4-dacd-80087df0da9e" executionId="e6c29909-0831-480d-b63b-52bd962afe6f" testListId="8c84fa94-04c1-424b-9868-57a2d4851a1d" />
    <TestEntry testId="3262192e-5f84-166d-d0c4-36e7145dfffb" executionId="b290d3c3-3e84-483a-8344-0f00422ae715" testListId="8c84fa94-04c1-424b-9868-57a2d4851a1d" />
    <TestEntry testId="2d5548d0-1b64-5fe8-35aa-ef8cb319ee22" executionId="45c125f1-227b-4579-b3cf-49ddb877d4c5" testListId="8c84fa94-04c1-424b-9868-57a2d4851a1d" />
    <TestEntry testId="e449cf0b-5d9a-14de-4691-aaebce969eef" executionId="ad5434db-02dd-48f4-8c45-d23ba5b6ffa7" testListId="8c84fa94-04c1-424b-9868-57a2d4851a1d" />
    <TestEntry testId="cd450799-898f-7592-470a-680a22fc3b31" executionId="a9ba166f-7118-40e3-88b6-866f62c4edd2" testListId="8c84fa94-04c1-424b-9868-57a2d4851a1d" />
    <TestEntry testId="7c031690-d33c-ac25-a380-c8faa4e938c9" executionId="0ae5a62b-ca4a-4e79-b3b8-a6514197b368" testListId="8c84fa94-04c1-424b-9868-57a2d4851a1d" />
    <TestEntry testId="67eab2a5-7d43-d4c3-41cf-be4c77d695b4" executionId="3daede6c-8067-45a8-8462-f790ac2cd953" testListId="8c84fa94-04c1-424b-9868-57a2d4851a1d" />
    <TestEntry testId="6df9d8fe-99b1-520f-3539-fe9a729cb9bf" executionId="22a089eb-143e-4631-8716-d174601de49d" testListId="8c84fa94-04c1-424b-9868-57a2d4851a1d" />
    <TestEntry testId="7edf0f60-8715-664d-d672-6e3b8e74effc" executionId="6bd3640d-c702-4e0f-a3c5-4d912c1444f3" testListId="8c84fa94-04c1-424b-9868-57a2d4851a1d" />
    <TestEntry testId="a3ce31ce-a70a-12fd-1790-3e015d94bf1b" executionId="db8827f8-a049-4fe5-91f3-3f4bc639a202" testListId="8c84fa94-04c1-424b-9868-57a2d4851a1d" />
    <TestEntry testId="9617b6cc-73f3-9d59-f2da-862ee903bd8c" executionId="21d97150-5909-486d-8079-76e267b5dabd" testListId="8c84fa94-04c1-424b-9868-57a2d4851a1d" />
    <TestEntry testId="6cd08c0d-0742-bf94-2384-45ba342e745a" executionId="bc65ba6e-46af-40d2-9439-eaf665b38ef1" testListId="8c84fa94-04c1-424b-9868-57a2d4851a1d" />
    <TestEntry testId="994f87cc-c58d-8744-77e4-ee22b9e9254a" executionId="9674b00d-ac5b-4ffd-93a0-90045f954618" testListId="8c84fa94-04c1-424b-9868-57a2d4851a1d" />
    <TestEntry testId="77b01a8c-e14a-3262-a753-f3778f469516" executionId="6fcbac4c-9a3e-478b-8b9e-fa01f6853f15" testListId="8c84fa94-04c1-424b-9868-57a2d4851a1d" />
    <TestEntry testId="8ac78330-b240-db28-9493-e73a1cb6d6a1" executionId="4ba2b7ad-214d-45e9-9915-2992e3d64c54" testListId="8c84fa94-04c1-424b-9868-57a2d4851a1d" />
    <TestEntry testId="1293f5e2-447e-305e-3427-6c7f78f01ac9" executionId="8b9d53d9-e33a-4d61-aedc-01c134f7ab28" testListId="8c84fa94-04c1-424b-9868-57a2d4851a1d" />
    <TestEntry testId="91a1044a-970f-5ce4-c09f-c08d99389089" executionId="f386f07f-cacb-40d0-b12e-520863c25cee" testListId="8c84fa94-04c1-424b-9868-57a2d4851a1d" />
    <TestEntry testId="feb5d8b3-90c1-1a40-7ce8-c06bb192fe75" executionId="a2fdb96d-fe36-4886-8069-2dc026dbdd83" testListId="8c84fa94-04c1-424b-9868-57a2d4851a1d" />
    <TestEntry testId="a1845fd6-f487-cb4b-470b-f538a85bb597" executionId="340fd81c-6dba-46ac-b433-a7d9edf7edaf" testListId="8c84fa94-04c1-424b-9868-57a2d4851a1d" />
    <TestEntry testId="e9dceb4c-247f-b92b-575c-87dcfdd7e26d" executionId="f19e4851-6ba2-447f-a92a-a4bf7b53e51c" testListId="8c84fa94-04c1-424b-9868-57a2d4851a1d" />
    <TestEntry testId="63016393-1767-4228-6fb0-e9e5bee4a5e3" executionId="772137cd-928b-4616-aa33-9ce14032b010" testListId="8c84fa94-04c1-424b-9868-57a2d4851a1d" />
    <TestEntry testId="3c41982f-e495-367d-236b-2f52da3f812e" executionId="a5bcad42-6aaf-4b89-96c7-e2d5c64cd813" testListId="8c84fa94-04c1-424b-9868-57a2d4851a1d" />
  </TestEntries>
  <TestLists>
    <TestList name="Results Not in a List" id="8c84fa94-04c1-424b-9868-57a2d4851a1d" />
    <TestList name="All Loaded Results" id="19431567-8539-422a-85d7-44ee4e166bda" />
  </TestLists>
  <ResultSummary outcome="Completed">
    <Counters total="134" executed="134" passed="134" failed="0" error="0" timeout="0" aborted="0" inconclusive="0" passedButRunAborted="0" notRunnable="0" notExecuted="0" disconnected="0" warning="0" completed="0" inProgress="0" pending="0" />
  </ResultSummary>
</TestRun>