<?xml version="1.0" encoding="utf-8"?>
<TestRun id="c5e7af8b-9c6d-4bc6-9692-de365fb1a264" name="DKSR-EFI-04$@DKSR-EFI-04 2023-12-22 09:35:01" runUser="NT AUTHORITY\NETWORK SERVICE" xmlns="http://microsoft.com/schemas/VisualStudio/TeamTest/2010">
  <Times creation="2023-12-22T09:35:01.3816933+01:00" queuing="2023-12-22T09:35:01.3816933+01:00" start="2023-12-22T09:34:58.3504287+01:00" finish="2023-12-22T09:35:02.3504500+01:00" />
  <TestSettings name="default" id="a37b5399-c0e7-4713-bc0a-c4642dfa826b">
    <Deployment runDeploymentRoot="DKSR-EFI-04$_DKSR-EFI-04_2023-12-22_09_35_01" />
  </TestSettings>
  <Results>
    <UnitTestResult executionId="5b179405-b463-40d7-8ab3-9f79c315e74e" testId="c8791c87-3b68-906e-0e5b-cef2af8ae911" testName="ValidateClientAsync_ShouldThrowUnauthorizedAccessException_IfTokenHasInvalidScope" computerName="DKSR-EFI-04" duration="00:00:00.0076661" startTime="2023-12-22T09:35:01.2410694+01:00" endTime="2023-12-22T09:35:01.2566955+01:00" testType="13cdc9d9-ddb5-4fa4-a97d-d965ccfc6d4b" outcome="Passed" testListId="8c84fa94-04c1-424b-9868-57a2d4851a1d" relativeResultsDirectory="5b179405-b463-40d7-8ab3-9f79c315e74e" />
    <UnitTestResult executionId="09b1d9df-c6aa-4072-975e-e315916d7753" testId="c2607d27-75f1-6f51-5c28-279d36b681fb" testName="HandleAuthenticateAsync_ShouldReturnFalure_WhenClientNotValidated" computerName="DKSR-EFI-04" duration="00:00:00.0095139" startTime="2023-12-22T09:35:01.1160686+01:00" endTime="2023-12-22T09:35:01.1316925+01:00" testType="13cdc9d9-ddb5-4fa4-a97d-d965ccfc6d4b" outcome="Passed" testListId="8c84fa94-04c1-424b-9868-57a2d4851a1d" relativeResultsDirectory="09b1d9df-c6aa-4072-975e-e315916d7753" />
    <UnitTestResult executionId="2b1210df-7436-4858-9115-8a44613eafe0" testId="4e3d3057-90f6-25fe-6f89-b192a84fe2d7" testName="ValidateClientAsync_ShouldThrowUnauthorizedAccessException_IfTokenHasNoScope" computerName="DKSR-EFI-04" duration="00:00:00.0081727" startTime="2023-12-22T09:35:01.2410694+01:00" endTime="2023-12-22T09:35:01.2410694+01:00" testType="13cdc9d9-ddb5-4fa4-a97d-d965ccfc6d4b" outcome="Passed" testListId="8c84fa94-04c1-424b-9868-57a2d4851a1d" relativeResultsDirectory="2b1210df-7436-4858-9115-8a44613eafe0" />
    <UnitTestResult executionId="9e5bd655-6955-42f7-81ef-44b2619e4b1b" testId="eebb492f-e169-4313-3912-a70190d55ce9" testName="ValidateClientAsync_ShouldThrowUnauthorizedAccessException_IfIdpCallReturnsNull" computerName="DKSR-EFI-04" duration="00:00:00.0069663" startTime="2023-12-22T09:35:01.2254439+01:00" endTime="2023-12-22T09:35:01.2410694+01:00" testType="13cdc9d9-ddb5-4fa4-a97d-d965ccfc6d4b" outcome="Passed" testListId="8c84fa94-04c1-424b-9868-57a2d4851a1d" relativeResultsDirectory="9e5bd655-6955-42f7-81ef-44b2619e4b1b" />
    <UnitTestResult executionId="052eafc2-3ec9-4915-b3b1-70a2fe8fbe3f" testId="57277b96-63ae-c6ed-9fdb-b2b6dce8cb22" testName="HandleAuthenticateAsync_ShouldReturnSuccess_WhenClientValidated" computerName="DKSR-EFI-04" duration="00:00:00.0305986" startTime="2023-12-22T09:35:01.0848184+01:00" endTime="2023-12-22T09:35:01.1160686+01:00" testType="13cdc9d9-ddb5-4fa4-a97d-d965ccfc6d4b" outcome="Passed" testListId="8c84fa94-04c1-424b-9868-57a2d4851a1d" relativeResultsDirectory="052eafc2-3ec9-4915-b3b1-70a2fe8fbe3f" />
    <UnitTestResult executionId="5c52bdef-512d-4a41-80d9-7c3b7acbe30c" testId="cef8efc5-5c93-81ce-93b1-e47d4761af78" testName="ResolveIdpAddressAsync_ShouldReturnCorrectUri" computerName="DKSR-EFI-04" duration="00:00:00.5112799" startTime="2023-12-22T09:35:01.4129458+01:00" endTime="2023-12-22T09:35:01.9285731+01:00" testType="13cdc9d9-ddb5-4fa4-a97d-d965ccfc6d4b" outcome="Passed" testListId="8c84fa94-04c1-424b-9868-57a2d4851a1d" relativeResultsDirectory="5c52bdef-512d-4a41-80d9-7c3b7acbe30c" />
    <UnitTestResult executionId="e6ad9996-2068-464c-a427-326df8ddd7f0" testId="afbb1fe8-219c-222e-1965-eaecf667f0cc" testName="HandleAuthenticateAsync_ShouldReturnNoResult_WhenRequestDoesntContainHeader" computerName="DKSR-EFI-04" duration="00:00:01.2296542" startTime="2023-12-22T09:34:59.6629356+01:00" endTime="2023-12-22T09:35:01.0691920+01:00" testType="13cdc9d9-ddb5-4fa4-a97d-d965ccfc6d4b" outcome="Passed" testListId="8c84fa94-04c1-424b-9868-57a2d4851a1d" relativeResultsDirectory="e6ad9996-2068-464c-a427-326df8ddd7f0" />
    <UnitTestResult executionId="71ae48a2-ecf4-416d-8d64-41cfec797538" testId="f94d4263-65c7-0b38-cd6c-1d5a2ebc31a2" testName="ValidateClientAsync_ShouldThrowUnauthorizedAccessException_WhenTokenIsMalformed" computerName="DKSR-EFI-04" duration="00:00:00.1008779" startTime="2023-12-22T09:35:01.1316925+01:00" endTime="2023-12-22T09:35:01.2254439+01:00" testType="13cdc9d9-ddb5-4fa4-a97d-d965ccfc6d4b" outcome="Passed" testListId="8c84fa94-04c1-424b-9868-57a2d4851a1d" relativeResultsDirectory="71ae48a2-ecf4-416d-8d64-41cfec797538" />
    <UnitTestResult executionId="b471edcc-c3fa-462d-be1d-33bad14057d0" testId="9cc42a29-45ce-bbc0-6062-ab5754791674" testName="ValidateClientAsync_ShouldReturnValidClaimsPrincipal_IfTokenValid" computerName="DKSR-EFI-04" duration="00:00:00.0094772" startTime="2023-12-22T09:35:01.2566955+01:00" endTime="2023-12-22T09:35:01.2723187+01:00" testType="13cdc9d9-ddb5-4fa4-a97d-d965ccfc6d4b" outcome="Passed" testListId="8c84fa94-04c1-424b-9868-57a2d4851a1d" relativeResultsDirectory="b471edcc-c3fa-462d-be1d-33bad14057d0" />
    <UnitTestResult executionId="f118bc5d-0eed-4730-a4c9-e807b7bbea41" testId="8901a2e5-5a52-69c1-a7c9-36f89ddec934" testName="Authorize_ShouldCompleteSuccessfully_WhenAuthenticationSucceeds" computerName="DKSR-EFI-04" duration="00:00:00.0365360" startTime="2023-12-22T09:35:01.3816933+01:00" endTime="2023-12-22T09:35:01.4129458+01:00" testType="13cdc9d9-ddb5-4fa4-a97d-d965ccfc6d4b" outcome="Passed" testListId="8c84fa94-04c1-424b-9868-57a2d4851a1d" relativeResultsDirectory="f118bc5d-0eed-4730-a4c9-e807b7bbea41" />
    <UnitTestResult executionId="c9e27916-8c29-496f-8483-d903600d1325" testId="b0562bfe-b878-f986-01c5-73f37070a115" testName="Authorize_ShouldThrowUserValidationException_WhenAuthenticationFails" computerName="DKSR-EFI-04" duration="00:00:00.1105587" startTime="2023-12-22T09:35:01.2723187+01:00" endTime="2023-12-22T09:35:01.3816933+01:00" testType="13cdc9d9-ddb5-4fa4-a97d-d965ccfc6d4b" outcome="Passed" testListId="8c84fa94-04c1-424b-9868-57a2d4851a1d" relativeResultsDirectory="c9e27916-8c29-496f-8483-d903600d1325" />
  </Results>
  <TestDefinitions>
    <UnitTest name="Authorize_ShouldThrowUserValidationException_WhenAuthenticationFails" storage="d:\actions-runner\_work\xpco\xpco\logserver\server\videoos.logserver.restapi.tests\bin\debug\videoos.logserver.restapi.tests.dll" id="b0562bfe-b878-f986-01c5-73f37070a115">
      <Execution id="c9e27916-8c29-496f-8483-d903600d1325" />
      <TestMethod codeBase="D:\actions-runner\_work\XPCO\XPCO\LogServer\Server\VideoOS.LogServer.RestApi.Tests\bin\Debug\VideoOS.LogServer.RestApi.Tests.dll" adapterTypeName="executor://mstestadapter/v2" className="VideoOS.LogServer.RestApi.Tests.Authentication.UserAuthorizationTests" name="Authorize_ShouldThrowUserValidationException_WhenAuthenticationFails" />
    </UnitTest>
    <UnitTest name="HandleAuthenticateAsync_ShouldReturnNoResult_WhenRequestDoesntContainHeader" storage="d:\actions-runner\_work\xpco\xpco\logserver\server\videoos.logserver.restapi.tests\bin\debug\videoos.logserver.restapi.tests.dll" id="afbb1fe8-219c-222e-1965-eaecf667f0cc">
      <Execution id="e6ad9996-2068-464c-a427-326df8ddd7f0" />
      <TestMethod codeBase="D:\actions-runner\_work\XPCO\XPCO\LogServer\Server\VideoOS.LogServer.RestApi.Tests\bin\Debug\VideoOS.LogServer.RestApi.Tests.dll" adapterTypeName="executor://mstestadapter/v2" className="VideoOS.LogServer.RestApi.Tests.Authentication.BearerAuthenticationHandlerTests" name="HandleAuthenticateAsync_ShouldReturnNoResult_WhenRequestDoesntContainHeader" />
    </UnitTest>
    <UnitTest name="ValidateClientAsync_ShouldThrowUnauthorizedAccessException_WhenTokenIsMalformed" storage="d:\actions-runner\_work\xpco\xpco\logserver\server\videoos.logserver.restapi.tests\bin\debug\videoos.logserver.restapi.tests.dll" id="f94d4263-65c7-0b38-cd6c-1d5a2ebc31a2">
      <Execution id="71ae48a2-ecf4-416d-8d64-41cfec797538" />
      <TestMethod codeBase="D:\actions-runner\_work\XPCO\XPCO\LogServer\Server\VideoOS.LogServer.RestApi.Tests\bin\Debug\VideoOS.LogServer.RestApi.Tests.dll" adapterTypeName="executor://mstestadapter/v2" className="VideoOS.LogServer.RestApi.Tests.Authentication.ClientValidationTests" name="ValidateClientAsync_ShouldThrowUnauthorizedAccessException_WhenTokenIsMalformed" />
    </UnitTest>
    <UnitTest name="Authorize_ShouldCompleteSuccessfully_WhenAuthenticationSucceeds" storage="d:\actions-runner\_work\xpco\xpco\logserver\server\videoos.logserver.restapi.tests\bin\debug\videoos.logserver.restapi.tests.dll" id="8901a2e5-5a52-69c1-a7c9-36f89ddec934">
      <Execution id="f118bc5d-0eed-4730-a4c9-e807b7bbea41" />
      <TestMethod codeBase="D:\actions-runner\_work\XPCO\XPCO\LogServer\Server\VideoOS.LogServer.RestApi.Tests\bin\Debug\VideoOS.LogServer.RestApi.Tests.dll" adapterTypeName="executor://mstestadapter/v2" className="VideoOS.LogServer.RestApi.Tests.Authentication.UserAuthorizationTests" name="Authorize_ShouldCompleteSuccessfully_WhenAuthenticationSucceeds" />
    </UnitTest>
    <UnitTest name="HandleAuthenticateAsync_ShouldReturnSuccess_WhenClientValidated" storage="d:\actions-runner\_work\xpco\xpco\logserver\server\videoos.logserver.restapi.tests\bin\debug\videoos.logserver.restapi.tests.dll" id="57277b96-63ae-c6ed-9fdb-b2b6dce8cb22">
      <Execution id="052eafc2-3ec9-4915-b3b1-70a2fe8fbe3f" />
      <TestMethod codeBase="D:\actions-runner\_work\XPCO\XPCO\LogServer\Server\VideoOS.LogServer.RestApi.Tests\bin\Debug\VideoOS.LogServer.RestApi.Tests.dll" adapterTypeName="executor://mstestadapter/v2" className="VideoOS.LogServer.RestApi.Tests.Authentication.BearerAuthenticationHandlerTests" name="HandleAuthenticateAsync_ShouldReturnSuccess_WhenClientValidated" />
    </UnitTest>
    <UnitTest name="ValidateClientAsync_ShouldThrowUnauthorizedAccessException_IfIdpCallReturnsNull" storage="d:\actions-runner\_work\xpco\xpco\logserver\server\videoos.logserver.restapi.tests\bin\debug\videoos.logserver.restapi.tests.dll" id="eebb492f-e169-4313-3912-a70190d55ce9">
      <Execution id="9e5bd655-6955-42f7-81ef-44b2619e4b1b" />
      <TestMethod codeBase="D:\actions-runner\_work\XPCO\XPCO\LogServer\Server\VideoOS.LogServer.RestApi.Tests\bin\Debug\VideoOS.LogServer.RestApi.Tests.dll" adapterTypeName="executor://mstestadapter/v2" className="VideoOS.LogServer.RestApi.Tests.Authentication.ClientValidationTests" name="ValidateClientAsync_ShouldThrowUnauthorizedAccessException_IfIdpCallReturnsNull" />
    </UnitTest>
    <UnitTest name="ValidateClientAsync_ShouldThrowUnauthorizedAccessException_IfTokenHasInvalidScope" storage="d:\actions-runner\_work\xpco\xpco\logserver\server\videoos.logserver.restapi.tests\bin\debug\videoos.logserver.restapi.tests.dll" id="c8791c87-3b68-906e-0e5b-cef2af8ae911">
      <Execution id="5b179405-b463-40d7-8ab3-9f79c315e74e" />
      <TestMethod codeBase="D:\actions-runner\_work\XPCO\XPCO\LogServer\Server\VideoOS.LogServer.RestApi.Tests\bin\Debug\VideoOS.LogServer.RestApi.Tests.dll" adapterTypeName="executor://mstestadapter/v2" className="VideoOS.LogServer.RestApi.Tests.Authentication.ClientValidationTests" name="ValidateClientAsync_ShouldThrowUnauthorizedAccessException_IfTokenHasInvalidScope" />
    </UnitTest>
    <UnitTest name="HandleAuthenticateAsync_ShouldReturnFalure_WhenClientNotValidated" storage="d:\actions-runner\_work\xpco\xpco\logserver\server\videoos.logserver.restapi.tests\bin\debug\videoos.logserver.restapi.tests.dll" id="c2607d27-75f1-6f51-5c28-279d36b681fb">
      <Execution id="09b1d9df-c6aa-4072-975e-e315916d7753" />
      <TestMethod codeBase="D:\actions-runner\_work\XPCO\XPCO\LogServer\Server\VideoOS.LogServer.RestApi.Tests\bin\Debug\VideoOS.LogServer.RestApi.Tests.dll" adapterTypeName="executor://mstestadapter/v2" className="VideoOS.LogServer.RestApi.Tests.Authentication.BearerAuthenticationHandlerTests" name="HandleAuthenticateAsync_ShouldReturnFalure_WhenClientNotValidated" />
    </UnitTest>
    <UnitTest name="ValidateClientAsync_ShouldThrowUnauthorizedAccessException_IfTokenHasNoScope" storage="d:\actions-runner\_work\xpco\xpco\logserver\server\videoos.logserver.restapi.tests\bin\debug\videoos.logserver.restapi.tests.dll" id="4e3d3057-90f6-25fe-6f89-b192a84fe2d7">
      <Execution id="2b1210df-7436-4858-9115-8a44613eafe0" />
      <TestMethod codeBase="D:\actions-runner\_work\XPCO\XPCO\LogServer\Server\VideoOS.LogServer.RestApi.Tests\bin\Debug\VideoOS.LogServer.RestApi.Tests.dll" adapterTypeName="executor://mstestadapter/v2" className="VideoOS.LogServer.RestApi.Tests.Authentication.ClientValidationTests" name="ValidateClientAsync_ShouldThrowUnauthorizedAccessException_IfTokenHasNoScope" />
    </UnitTest>
    <UnitTest name="ResolveIdpAddressAsync_ShouldReturnCorrectUri" storage="d:\actions-runner\_work\xpco\xpco\logserver\server\videoos.logserver.restapi.tests\bin\debug\videoos.logserver.restapi.tests.dll" id="cef8efc5-5c93-81ce-93b1-e47d4761af78">
      <Execution id="5c52bdef-512d-4a41-80d9-7c3b7acbe30c" />
      <TestMethod codeBase="D:\actions-runner\_work\XPCO\XPCO\LogServer\Server\VideoOS.LogServer.RestApi.Tests\bin\Debug\VideoOS.LogServer.RestApi.Tests.dll" adapterTypeName="executor://mstestadapter/v2" className="VideoOS.LogServer.RestApi.Tests.Authentication.VmsAddressResolverTests" name="ResolveIdpAddressAsync_ShouldReturnCorrectUri" />
    </UnitTest>
    <UnitTest name="ValidateClientAsync_ShouldReturnValidClaimsPrincipal_IfTokenValid" storage="d:\actions-runner\_work\xpco\xpco\logserver\server\videoos.logserver.restapi.tests\bin\debug\videoos.logserver.restapi.tests.dll" id="9cc42a29-45ce-bbc0-6062-ab5754791674">
      <Execution id="b471edcc-c3fa-462d-be1d-33bad14057d0" />
      <TestMethod codeBase="D:\actions-runner\_work\XPCO\XPCO\LogServer\Server\VideoOS.LogServer.RestApi.Tests\bin\Debug\VideoOS.LogServer.RestApi.Tests.dll" adapterTypeName="executor://mstestadapter/v2" className="VideoOS.LogServer.RestApi.Tests.Authentication.ClientValidationTests" name="ValidateClientAsync_ShouldReturnValidClaimsPrincipal_IfTokenValid" />
    </UnitTest>
  </TestDefinitions>
  <TestEntries>
    <TestEntry testId="c8791c87-3b68-906e-0e5b-cef2af8ae911" executionId="5b179405-b463-40d7-8ab3-9f79c315e74e" testListId="8c84fa94-04c1-424b-9868-57a2d4851a1d" />
    <TestEntry testId="c2607d27-75f1-6f51-5c28-279d36b681fb" executionId="09b1d9df-c6aa-4072-975e-e315916d7753" testListId="8c84fa94-04c1-424b-9868-57a2d4851a1d" />
    <TestEntry testId="4e3d3057-90f6-25fe-6f89-b192a84fe2d7" executionId="2b1210df-7436-4858-9115-8a44613eafe0" testListId="8c84fa94-04c1-424b-9868-57a2d4851a1d" />
    <TestEntry testId="eebb492f-e169-4313-3912-a70190d55ce9" executionId="9e5bd655-6955-42f7-81ef-44b2619e4b1b" testListId="8c84fa94-04c1-424b-9868-57a2d4851a1d" />
    <TestEntry testId="57277b96-63ae-c6ed-9fdb-b2b6dce8cb22" executionId="052eafc2-3ec9-4915-b3b1-70a2fe8fbe3f" testListId="8c84fa94-04c1-424b-9868-57a2d4851a1d" />
    <TestEntry testId="cef8efc5-5c93-81ce-93b1-e47d4761af78" executionId="5c52bdef-512d-4a41-80d9-7c3b7acbe30c" testListId="8c84fa94-04c1-424b-9868-57a2d4851a1d" />
    <TestEntry testId="afbb1fe8-219c-222e-1965-eaecf667f0cc" executionId="e6ad9996-2068-464c-a427-326df8ddd7f0" testListId="8c84fa94-04c1-424b-9868-57a2d4851a1d" />
    <TestEntry testId="f94d4263-65c7-0b38-cd6c-1d5a2ebc31a2" executionId="71ae48a2-ecf4-416d-8d64-41cfec797538" testListId="8c84fa94-04c1-424b-9868-57a2d4851a1d" />
    <TestEntry testId="9cc42a29-45ce-bbc0-6062-ab5754791674" executionId="b471edcc-c3fa-462d-be1d-33bad14057d0" testListId="8c84fa94-04c1-424b-9868-57a2d4851a1d" />
    <TestEntry testId="8901a2e5-5a52-69c1-a7c9-36f89ddec934" executionId="f118bc5d-0eed-4730-a4c9-e807b7bbea41" testListId="8c84fa94-04c1-424b-9868-57a2d4851a1d" />
    <TestEntry testId="b0562bfe-b878-f986-01c5-73f37070a115" executionId="c9e27916-8c29-496f-8483-d903600d1325" testListId="8c84fa94-04c1-424b-9868-57a2d4851a1d" />
  </TestEntries>
  <TestLists>
    <TestList name="Results Not in a List" id="8c84fa94-04c1-424b-9868-57a2d4851a1d" />
    <TestList name="All Loaded Results" id="19431567-8539-422a-85d7-44ee4e166bda" />
  </TestLists>
  <ResultSummary outcome="Completed">
    <Counters total="11" executed="11" passed="11" failed="0" error="0" timeout="0" aborted="0" inconclusive="0" passedButRunAborted="0" notRunnable="0" notExecuted="0" disconnected="0" warning="0" completed="0" inProgress="0" pending="0" />
  </ResultSummary>
</TestRun>