<?xml version="1.0" encoding="utf-8"?>
<TestRun id="21f429bb-099b-4ece-98d2-b220514ff52e" name="DKSR-EFI-04$@DKSR-EFI-04 2023-12-22 09:35:50" runUser="NT AUTHORITY\NETWORK SERVICE" xmlns="http://microsoft.com/schemas/VisualStudio/TeamTest/2010">
  <Times creation="2023-12-22T09:35:51.0069515+01:00" queuing="2023-12-22T09:35:51.0069515+01:00" start="2023-12-22T09:35:50.0069485+01:00" finish="2023-12-22T09:35:51.0382009+01:00" />
  <TestSettings name="default" id="da6170a3-3561-47f3-acb0-68ddbc819e2d">
    <Deployment runDeploymentRoot="DKSR-EFI-04$_DKSR-EFI-04_2023-12-22_09_35_50" />
  </TestSettings>
  <Results>
    <UnitTestResult executionId="c43370f6-6935-44f1-8134-f886378c45bb" testId="525fd37e-3c03-c3a9-c846-6ef7992f2722" testName="Constructor_ShouldThrowArgumentNullException_WhenKeyIsNull" computerName="DKSR-EFI-04" duration="00:00:00.0011626" startTime="2023-12-22T09:35:50.9288272+01:00" endTime="2023-12-22T09:35:50.9288272+01:00" testType="13cdc9d9-ddb5-4fa4-a97d-d965ccfc6d4b" outcome="Passed" testListId="8c84fa94-04c1-424b-9868-57a2d4851a1d" relativeResultsDirectory="c43370f6-6935-44f1-8134-f886378c45bb" />
    <UnitTestResult executionId="1724b84c-80a6-4c7f-bd50-e171721da58e" testId="7627741d-9022-f0cc-69ff-1b69a3cb6aad" testName="Constructor_ShouldThrowArgumentException_WhenValueOptionsContainsDuplicateDisplayName" computerName="DKSR-EFI-04" duration="00:00:00.0007915" startTime="2023-12-22T09:35:50.9288272+01:00" endTime="2023-12-22T09:35:50.9288272+01:00" testType="13cdc9d9-ddb5-4fa4-a97d-d965ccfc6d4b" outcome="Passed" testListId="8c84fa94-04c1-424b-9868-57a2d4851a1d" relativeResultsDirectory="1724b84c-80a6-4c7f-bd50-e171721da58e" />
    <UnitTestResult executionId="223a4810-fd07-41c6-82d6-a69e25117df2" testId="41e39b3a-aea0-2754-b1e5-e9cceaf9b1b6" testName="Constructor_ShouldThrowArgumentException_WhenDisplayNameIsEmpty" computerName="DKSR-EFI-04" duration="00:00:00.0003955" startTime="2023-12-22T09:35:50.9444530+01:00" endTime="2023-12-22T09:35:50.9444530+01:00" testType="13cdc9d9-ddb5-4fa4-a97d-d965ccfc6d4b" outcome="Passed" testListId="8c84fa94-04c1-424b-9868-57a2d4851a1d" relativeResultsDirectory="223a4810-fd07-41c6-82d6-a69e25117df2" />
    <UnitTestResult executionId="4136552f-ed3c-4963-85d5-53d565b07a59" testId="6328ff0c-d6b4-9df2-07aa-7a6f51783944" testName="Constructor_ShouldThrowArgumentNullException_WhenDisplayNameIsNull" computerName="DKSR-EFI-04" duration="00:00:00.0004450" startTime="2023-12-22T09:35:50.9288272+01:00" endTime="2023-12-22T09:35:50.9444530+01:00" testType="13cdc9d9-ddb5-4fa4-a97d-d965ccfc6d4b" outcome="Passed" testListId="8c84fa94-04c1-424b-9868-57a2d4851a1d" relativeResultsDirectory="4136552f-ed3c-4963-85d5-53d565b07a59" />
    <UnitTestResult executionId="55875030-3462-4d2d-bb1e-0aab3bcb9b50" testId="fcf5435a-a03d-b212-303c-efd184ede116" testName="Constructor_ShouldThrowArgumentException_WhenValueOptionsContainsDuplicateKeys" computerName="DKSR-EFI-04" duration="00:00:00.0418909" startTime="2023-12-22T09:35:50.8194519+01:00" endTime="2023-12-22T09:35:50.9132024+01:00" testType="13cdc9d9-ddb5-4fa4-a97d-d965ccfc6d4b" outcome="Passed" testListId="8c84fa94-04c1-424b-9868-57a2d4851a1d" relativeResultsDirectory="55875030-3462-4d2d-bb1e-0aab3bcb9b50" />
    <UnitTestResult executionId="7f29f09a-1951-4859-b9c8-da15e918c6c3" testId="014c0ba4-0e81-1a93-f613-e222b2f1b8c8" testName="Constructor_ShouldThrowArgumentException_WhenKeyIsEmpty" computerName="DKSR-EFI-04" duration="00:00:00.0003938" startTime="2023-12-22T09:35:50.9444530+01:00" endTime="2023-12-22T09:35:50.9444530+01:00" testType="13cdc9d9-ddb5-4fa4-a97d-d965ccfc6d4b" outcome="Passed" testListId="8c84fa94-04c1-424b-9868-57a2d4851a1d" relativeResultsDirectory="7f29f09a-1951-4859-b9c8-da15e918c6c3" />
    <UnitTestResult executionId="e71770cc-def3-4bf9-899e-3f99881fd8f6" testId="8f7e0ad8-80b7-6b4b-c527-3921092f9170" testName="Constructor_ShouldThrowArgumentException_WhenDisplayNameIsWhiteSpace" computerName="DKSR-EFI-04" duration="00:00:00.0003786" startTime="2023-12-22T09:35:50.9444530+01:00" endTime="2023-12-22T09:35:50.9444530+01:00" testType="13cdc9d9-ddb5-4fa4-a97d-d965ccfc6d4b" outcome="Passed" testListId="8c84fa94-04c1-424b-9868-57a2d4851a1d" relativeResultsDirectory="e71770cc-def3-4bf9-899e-3f99881fd8f6" />
    <UnitTestResult executionId="3276522a-4edb-4457-8e18-a9cdd24cf178" testId="4b4d4fed-a2df-c51a-6655-ee4ae62ea1dd" testName="Constructor_ShouldNotThrow_WhenValueOptionsHaveNoDuplicateKeysOrDisplayNames" computerName="DKSR-EFI-04" duration="00:00:00.0018347" startTime="2023-12-22T09:35:50.9288272+01:00" endTime="2023-12-22T09:35:50.9288272+01:00" testType="13cdc9d9-ddb5-4fa4-a97d-d965ccfc6d4b" outcome="Passed" testListId="8c84fa94-04c1-424b-9868-57a2d4851a1d" relativeResultsDirectory="3276522a-4edb-4457-8e18-a9cdd24cf178" />
    <UnitTestResult executionId="fe115640-3db0-4d96-8914-87fd30e731c0" testId="fc3dcf58-ad20-fefa-2be9-970e691d3539" testName="Constructor_ShouldThrowArgumentException_WhenKeyIsWhiteSpace" computerName="DKSR-EFI-04" duration="00:00:00.0003863" startTime="2023-12-22T09:35:50.9444530+01:00" endTime="2023-12-22T09:35:50.9444530+01:00" testType="13cdc9d9-ddb5-4fa4-a97d-d965ccfc6d4b" outcome="Passed" testListId="8c84fa94-04c1-424b-9868-57a2d4851a1d" relativeResultsDirectory="fe115640-3db0-4d96-8914-87fd30e731c0" />
  </Results>
  <TestDefinitions>
    <UnitTest name="Constructor_ShouldThrowArgumentNullException_WhenDisplayNameIsNull" storage="d:\actions-runner\_work\xpco\xpco\transact\transact\videoos.platform.transact.unittests\bin\debug\videoos.platform.transact.unittests.dll" id="6328ff0c-d6b4-9df2-07aa-7a6f51783944">
      <Execution id="4136552f-ed3c-4963-85d5-53d565b07a59" />
      <TestMethod codeBase="D:\actions-runner\_work\XPCO\XPCO\Transact\Transact\VideoOS.Platform.Transact.UnitTests\bin\Debug\VideoOS.Platform.Transact.UnitTests.dll" adapterTypeName="executor://mstestadapter/v1" className="VideoOS.Platform.Transact.UnitTests.Connector.Property.ConnectorPropertyValueOptionTests" name="Constructor_ShouldThrowArgumentNullException_WhenDisplayNameIsNull" />
    </UnitTest>
    <UnitTest name="Constructor_ShouldThrowArgumentException_WhenValueOptionsContainsDuplicateDisplayName" storage="d:\actions-runner\_work\xpco\xpco\transact\transact\videoos.platform.transact.unittests\bin\debug\videoos.platform.transact.unittests.dll" id="7627741d-9022-f0cc-69ff-1b69a3cb6aad">
      <Execution id="1724b84c-80a6-4c7f-bd50-e171721da58e" />
      <TestMethod codeBase="D:\actions-runner\_work\XPCO\XPCO\Transact\Transact\VideoOS.Platform.Transact.UnitTests\bin\Debug\VideoOS.Platform.Transact.UnitTests.dll" adapterTypeName="executor://mstestadapter/v1" className="VideoOS.Platform.Transact.UnitTests.Connector.Property.ConnectorOptionsPropertyDefinitionTests" name="Constructor_ShouldThrowArgumentException_WhenValueOptionsContainsDuplicateDisplayName" />
    </UnitTest>
    <UnitTest name="Constructor_ShouldThrowArgumentException_WhenKeyIsEmpty" storage="d:\actions-runner\_work\xpco\xpco\transact\transact\videoos.platform.transact.unittests\bin\debug\videoos.platform.transact.unittests.dll" id="014c0ba4-0e81-1a93-f613-e222b2f1b8c8">
      <Execution id="7f29f09a-1951-4859-b9c8-da15e918c6c3" />
      <TestMethod codeBase="D:\actions-runner\_work\XPCO\XPCO\Transact\Transact\VideoOS.Platform.Transact.UnitTests\bin\Debug\VideoOS.Platform.Transact.UnitTests.dll" adapterTypeName="executor://mstestadapter/v1" className="VideoOS.Platform.Transact.UnitTests.Connector.Property.ConnectorPropertyValueOptionTests" name="Constructor_ShouldThrowArgumentException_WhenKeyIsEmpty" />
    </UnitTest>
    <UnitTest name="Constructor_ShouldNotThrow_WhenValueOptionsHaveNoDuplicateKeysOrDisplayNames" storage="d:\actions-runner\_work\xpco\xpco\transact\transact\videoos.platform.transact.unittests\bin\debug\videoos.platform.transact.unittests.dll" id="4b4d4fed-a2df-c51a-6655-ee4ae62ea1dd">
      <Execution id="3276522a-4edb-4457-8e18-a9cdd24cf178" />
      <TestMethod codeBase="D:\actions-runner\_work\XPCO\XPCO\Transact\Transact\VideoOS.Platform.Transact.UnitTests\bin\Debug\VideoOS.Platform.Transact.UnitTests.dll" adapterTypeName="executor://mstestadapter/v1" className="VideoOS.Platform.Transact.UnitTests.Connector.Property.ConnectorOptionsPropertyDefinitionTests" name="Constructor_ShouldNotThrow_WhenValueOptionsHaveNoDuplicateKeysOrDisplayNames" />
    </UnitTest>
    <UnitTest name="Constructor_ShouldThrowArgumentException_WhenDisplayNameIsWhiteSpace" storage="d:\actions-runner\_work\xpco\xpco\transact\transact\videoos.platform.transact.unittests\bin\debug\videoos.platform.transact.unittests.dll" id="8f7e0ad8-80b7-6b4b-c527-3921092f9170">
      <Execution id="e71770cc-def3-4bf9-899e-3f99881fd8f6" />
      <TestMethod codeBase="D:\actions-runner\_work\XPCO\XPCO\Transact\Transact\VideoOS.Platform.Transact.UnitTests\bin\Debug\VideoOS.Platform.Transact.UnitTests.dll" adapterTypeName="executor://mstestadapter/v1" className="VideoOS.Platform.Transact.UnitTests.Connector.Property.ConnectorPropertyValueOptionTests" name="Constructor_ShouldThrowArgumentException_WhenDisplayNameIsWhiteSpace" />
    </UnitTest>
    <UnitTest name="Constructor_ShouldThrowArgumentException_WhenKeyIsWhiteSpace" storage="d:\actions-runner\_work\xpco\xpco\transact\transact\videoos.platform.transact.unittests\bin\debug\videoos.platform.transact.unittests.dll" id="fc3dcf58-ad20-fefa-2be9-970e691d3539">
      <Execution id="fe115640-3db0-4d96-8914-87fd30e731c0" />
      <TestMethod codeBase="D:\actions-runner\_work\XPCO\XPCO\Transact\Transact\VideoOS.Platform.Transact.UnitTests\bin\Debug\VideoOS.Platform.Transact.UnitTests.dll" adapterTypeName="executor://mstestadapter/v1" className="VideoOS.Platform.Transact.UnitTests.Connector.Property.ConnectorPropertyValueOptionTests" name="Constructor_ShouldThrowArgumentException_WhenKeyIsWhiteSpace" />
    </UnitTest>
    <UnitTest name="Constructor_ShouldThrowArgumentNullException_WhenKeyIsNull" storage="d:\actions-runner\_work\xpco\xpco\transact\transact\videoos.platform.transact.unittests\bin\debug\videoos.platform.transact.unittests.dll" id="525fd37e-3c03-c3a9-c846-6ef7992f2722">
      <Execution id="c43370f6-6935-44f1-8134-f886378c45bb" />
      <TestMethod codeBase="D:\actions-runner\_work\XPCO\XPCO\Transact\Transact\VideoOS.Platform.Transact.UnitTests\bin\Debug\VideoOS.Platform.Transact.UnitTests.dll" adapterTypeName="executor://mstestadapter/v1" className="VideoOS.Platform.Transact.UnitTests.Connector.Property.ConnectorPropertyValueOptionTests" name="Constructor_ShouldThrowArgumentNullException_WhenKeyIsNull" />
    </UnitTest>
    <UnitTest name="Constructor_ShouldThrowArgumentException_WhenValueOptionsContainsDuplicateKeys" storage="d:\actions-runner\_work\xpco\xpco\transact\transact\videoos.platform.transact.unittests\bin\debug\videoos.platform.transact.unittests.dll" id="fcf5435a-a03d-b212-303c-efd184ede116">
      <Execution id="55875030-3462-4d2d-bb1e-0aab3bcb9b50" />
      <TestMethod codeBase="D:\actions-runner\_work\XPCO\XPCO\Transact\Transact\VideoOS.Platform.Transact.UnitTests\bin\Debug\VideoOS.Platform.Transact.UnitTests.dll" adapterTypeName="executor://mstestadapter/v1" className="VideoOS.Platform.Transact.UnitTests.Connector.Property.ConnectorOptionsPropertyDefinitionTests" name="Constructor_ShouldThrowArgumentException_WhenValueOptionsContainsDuplicateKeys" />
    </UnitTest>
    <UnitTest name="Constructor_ShouldThrowArgumentException_WhenDisplayNameIsEmpty" storage="d:\actions-runner\_work\xpco\xpco\transact\transact\videoos.platform.transact.unittests\bin\debug\videoos.platform.transact.unittests.dll" id="41e39b3a-aea0-2754-b1e5-e9cceaf9b1b6">
      <Execution id="223a4810-fd07-41c6-82d6-a69e25117df2" />
      <TestMethod codeBase="D:\actions-runner\_work\XPCO\XPCO\Transact\Transact\VideoOS.Platform.Transact.UnitTests\bin\Debug\VideoOS.Platform.Transact.UnitTests.dll" adapterTypeName="executor://mstestadapter/v1" className="VideoOS.Platform.Transact.UnitTests.Connector.Property.ConnectorPropertyValueOptionTests" name="Constructor_ShouldThrowArgumentException_WhenDisplayNameIsEmpty" />
    </UnitTest>
  </TestDefinitions>
  <TestEntries>
    <TestEntry testId="525fd37e-3c03-c3a9-c846-6ef7992f2722" executionId="c43370f6-6935-44f1-8134-f886378c45bb" testListId="8c84fa94-04c1-424b-9868-57a2d4851a1d" />
    <TestEntry testId="7627741d-9022-f0cc-69ff-1b69a3cb6aad" executionId="1724b84c-80a6-4c7f-bd50-e171721da58e" testListId="8c84fa94-04c1-424b-9868-57a2d4851a1d" />
    <TestEntry testId="41e39b3a-aea0-2754-b1e5-e9cceaf9b1b6" executionId="223a4810-fd07-41c6-82d6-a69e25117df2" testListId="8c84fa94-04c1-424b-9868-57a2d4851a1d" />
    <TestEntry testId="6328ff0c-d6b4-9df2-07aa-7a6f51783944" executionId="4136552f-ed3c-4963-85d5-53d565b07a59" testListId="8c84fa94-04c1-424b-9868-57a2d4851a1d" />
    <TestEntry testId="fcf5435a-a03d-b212-303c-efd184ede116" executionId="55875030-3462-4d2d-bb1e-0aab3bcb9b50" testListId="8c84fa94-04c1-424b-9868-57a2d4851a1d" />
    <TestEntry testId="014c0ba4-0e81-1a93-f613-e222b2f1b8c8" executionId="7f29f09a-1951-4859-b9c8-da15e918c6c3" testListId="8c84fa94-04c1-424b-9868-57a2d4851a1d" />
    <TestEntry testId="8f7e0ad8-80b7-6b4b-c527-3921092f9170" executionId="e71770cc-def3-4bf9-899e-3f99881fd8f6" testListId="8c84fa94-04c1-424b-9868-57a2d4851a1d" />
    <TestEntry testId="4b4d4fed-a2df-c51a-6655-ee4ae62ea1dd" executionId="3276522a-4edb-4457-8e18-a9cdd24cf178" testListId="8c84fa94-04c1-424b-9868-57a2d4851a1d" />
    <TestEntry testId="fc3dcf58-ad20-fefa-2be9-970e691d3539" executionId="fe115640-3db0-4d96-8914-87fd30e731c0" testListId="8c84fa94-04c1-424b-9868-57a2d4851a1d" />
  </TestEntries>
  <TestLists>
    <TestList name="Results Not in a List" id="8c84fa94-04c1-424b-9868-57a2d4851a1d" />
    <TestList name="All Loaded Results" id="19431567-8539-422a-85d7-44ee4e166bda" />
  </TestLists>
  <ResultSummary outcome="Completed">
    <Counters total="9" executed="9" passed="9" failed="0" error="0" timeout="0" aborted="0" inconclusive="0" passedButRunAborted="0" notRunnable="0" notExecuted="0" disconnected="0" warning="0" completed="0" inProgress="0" pending="0" />
  </ResultSummary>
</TestRun>