<?xml version="1.0" encoding="utf-8"?>
<TestRun id="fff2395d-3752-4c80-9266-d3b4f5b8d087" name="DKSR-EFI-04$@DKSR-EFI-04 2023-12-22 09:32:25" runUser="NT AUTHORITY\NETWORK SERVICE" xmlns="http://microsoft.com/schemas/VisualStudio/TeamTest/2010">
  <Times creation="2023-12-22T09:32:25.4278077+01:00" queuing="2023-12-22T09:32:25.4278077+01:00" start="2023-12-22T09:32:23.0215461+01:00" finish="2023-12-22T09:32:26.2403108+01:00" />
  <TestSettings name="default" id="637f32f6-b748-41d6-a268-c1d11c062ccc">
    <Deployment runDeploymentRoot="DKSR-EFI-04$_DKSR-EFI-04_2023-12-22_09_32_25" />
  </TestSettings>
  <Results>
    <UnitTestResult executionId="aa780e84-6d03-4167-b7c0-b2e9f249b374" testId="5fbfefb8-c26a-ecc5-0419-050c66084439" testName="GetViewItemInformationTestUnknown" computerName="DKSR-EFI-04" duration="00:00:00.0002303" startTime="2023-12-22T09:32:25.6712718+01:00" endTime="2023-12-22T09:32:25.6716047+01:00" testType="13cdc9d9-ddb5-4fa4-a97d-d965ccfc6d4b" outcome="Passed" testListId="8c84fa94-04c1-424b-9868-57a2d4851a1d" relativeResultsDirectory="aa780e84-6d03-4167-b7c0-b2e9f249b374" />
    <UnitTestResult executionId="aa15996c-d4e9-4601-9887-831bdaaa3fa0" testId="30eeb4d0-7353-f7b2-9ab9-ee46aa661d39" testName="XmlDefinitionTestChangeId" computerName="DKSR-EFI-04" duration="00:00:00.0004946" startTime="2023-12-22T09:32:25.5191801+01:00" endTime="2023-12-22T09:32:25.5198422+01:00" testType="13cdc9d9-ddb5-4fa4-a97d-d965ccfc6d4b" outcome="Passed" testListId="8c84fa94-04c1-424b-9868-57a2d4851a1d" relativeResultsDirectory="aa15996c-d4e9-4601-9887-831bdaaa3fa0" />
    <UnitTestResult executionId="f9dd3f3e-69da-4dc3-8d47-fad3d338c197" testId="9e06fd07-2b9d-78b8-e9d4-c1bfd78820ab" testName="TestMilestoneAndPinkResourceXmlStructure_AreSame_Success" computerName="DKSR-EFI-04" duration="00:00:00.0313612" startTime="2023-12-22T09:32:25.5204271+01:00" endTime="2023-12-22T09:32:25.5520440+01:00" testType="13cdc9d9-ddb5-4fa4-a97d-d965ccfc6d4b" outcome="Passed" testListId="8c84fa94-04c1-424b-9868-57a2d4851a1d" relativeResultsDirectory="f9dd3f3e-69da-4dc3-8d47-fad3d338c197" />
    <UnitTestResult executionId="5c666723-3ac8-4883-b221-31a992a4f980" testId="d051d716-1af7-d095-3265-7e715bcf7613" testName="XmlDefinitionTestTooLarge" computerName="DKSR-EFI-04" duration="00:00:00.0034345" startTime="2023-12-22T09:32:25.6076044+01:00" endTime="2023-12-22T09:32:25.6111812+01:00" testType="13cdc9d9-ddb5-4fa4-a97d-d965ccfc6d4b" outcome="Passed" testListId="8c84fa94-04c1-424b-9868-57a2d4851a1d" relativeResultsDirectory="5c666723-3ac8-4883-b221-31a992a4f980" />
    <UnitTestResult executionId="00e68648-5999-4b6c-9fb0-f62463c68417" testId="1f4391e4-ec80-0d11-c7a5-0f92acc9ef76" testName="OptionIdExists" computerName="DKSR-EFI-04" duration="00:00:00.0115873" startTime="2023-12-22T09:32:25.3926301+01:00" endTime="2023-12-22T09:32:25.4046248+01:00" testType="13cdc9d9-ddb5-4fa4-a97d-d965ccfc6d4b" outcome="Passed" testListId="8c84fa94-04c1-424b-9868-57a2d4851a1d" relativeResultsDirectory="00e68648-5999-4b6c-9fb0-f62463c68417" />
    <UnitTestResult executionId="a929443c-0cd5-412c-9230-d5ab5f9ee1dc" testId="eede754c-6bf8-cc48-0806-5973ae66c9ef" testName="CreateAViewFromViewLayout" computerName="DKSR-EFI-04" duration="00:00:00.0024382" startTime="2023-12-22T09:32:25.7268791+01:00" endTime="2023-12-22T09:32:25.7294443+01:00" testType="13cdc9d9-ddb5-4fa4-a97d-d965ccfc6d4b" outcome="Passed" testListId="8c84fa94-04c1-424b-9868-57a2d4851a1d" relativeResultsDirectory="a929443c-0cd5-412c-9230-d5ab5f9ee1dc" />
    <UnitTestResult executionId="676a7e0d-19c4-434f-a69c-1a21b0719589" testId="b9bc7de1-1701-54c1-97d8-89b432232c65" testName="SectionTest" computerName="DKSR-EFI-04" duration="00:00:00.0256181" startTime="2023-12-22T09:32:25.3523262+01:00" endTime="2023-12-22T09:32:25.3781917+01:00" testType="13cdc9d9-ddb5-4fa4-a97d-d965ccfc6d4b" outcome="Passed" testListId="8c84fa94-04c1-424b-9868-57a2d4851a1d" relativeResultsDirectory="676a7e0d-19c4-434f-a69c-1a21b0719589" />
    <UnitTestResult executionId="0c550e90-15d2-493d-bd88-886eca0357dd" testId="6bda8086-eb0a-b493-2dc0-3e0575dce14b" testName="JKTest" computerName="DKSR-EFI-04" duration="00:00:00.0003912" startTime="2023-12-22T09:32:25.7100374+01:00" endTime="2023-12-22T09:32:25.7105288+01:00" testType="13cdc9d9-ddb5-4fa4-a97d-d965ccfc6d4b" outcome="Passed" testListId="8c84fa94-04c1-424b-9868-57a2d4851a1d" relativeResultsDirectory="0c550e90-15d2-493d-bd88-886eca0357dd" />
    <UnitTestResult executionId="16ac82bf-8e82-4b8f-bf71-d94595235adb" testId="4172bb95-d7c9-fb83-5a23-b46d579edf2d" testName="HasSameLayoutTestDifferentLayoutSameCountOfItems" computerName="DKSR-EFI-04" duration="00:00:00.0014918" startTime="2023-12-22T09:32:25.6039139+01:00" endTime="2023-12-22T09:32:25.6055197+01:00" testType="13cdc9d9-ddb5-4fa4-a97d-d965ccfc6d4b" outcome="Passed" testListId="8c84fa94-04c1-424b-9868-57a2d4851a1d" relativeResultsDirectory="16ac82bf-8e82-4b8f-bf71-d94595235adb" />
    <UnitTestResult executionId="0ee64edb-f044-49b0-8c09-0918e5bb448b" testId="564a5326-9045-4af6-a307-44976ed413a3" testName="XmlDefinitionTestInputXmlDefTooLarge" computerName="DKSR-EFI-04" duration="00:00:00.0212422" startTime="2023-12-22T09:32:25.5574749+01:00" endTime="2023-12-22T09:32:25.5790306+01:00" testType="13cdc9d9-ddb5-4fa4-a97d-d965ccfc6d4b" outcome="Passed" testListId="8c84fa94-04c1-424b-9868-57a2d4851a1d" relativeResultsDirectory="0ee64edb-f044-49b0-8c09-0918e5bb448b" />
    <UnitTestResult executionId="4c174fce-e7f0-4eaa-b34a-74f2b04c49e9" testId="b8d40805-4ecd-ae9f-1ca2-c8c3263fd00c" testName="SplitViewsTest" computerName="DKSR-EFI-04" duration="00:00:00.0069827" startTime="2023-12-22T09:32:25.6974141+01:00" endTime="2023-12-22T09:32:25.7045190+01:00" testType="13cdc9d9-ddb5-4fa4-a97d-d965ccfc6d4b" outcome="Passed" testListId="8c84fa94-04c1-424b-9868-57a2d4851a1d" relativeResultsDirectory="4c174fce-e7f0-4eaa-b34a-74f2b04c49e9" />
    <UnitTestResult executionId="5e9396cf-5894-4544-a8a3-1cc307abfd1c" testId="408ad07d-5f6b-b886-4d3f-296acfe05eb9" testName="OemResourceTestMissingResource" computerName="DKSR-EFI-04" duration="00:00:00.0001145" startTime="2023-12-22T09:32:25.1341543+01:00" endTime="2023-12-22T09:32:25.1343782+01:00" testType="13cdc9d9-ddb5-4fa4-a97d-d965ccfc6d4b" outcome="Passed" testListId="8c84fa94-04c1-424b-9868-57a2d4851a1d" relativeResultsDirectory="5e9396cf-5894-4544-a8a3-1cc307abfd1c" />
    <UnitTestResult executionId="fdc75d24-3821-4756-ab0d-02d23b9f1e75" testId="4755979f-b152-396b-612c-7f928df8984f" testName="CreateViewItemTestUnknown" computerName="DKSR-EFI-04" duration="00:00:00.0018007" startTime="2023-12-22T09:32:25.6802766+01:00" endTime="2023-12-22T09:32:25.6822096+01:00" testType="13cdc9d9-ddb5-4fa4-a97d-d965ccfc6d4b" outcome="Passed" testListId="8c84fa94-04c1-424b-9868-57a2d4851a1d" relativeResultsDirectory="fdc75d24-3821-4756-ab0d-02d23b9f1e75" />
    <UnitTestResult executionId="ef57158d-e5c5-4afa-928a-244d7af837a3" testId="c1aec6fa-d646-bbe2-40da-d1ef4ef9654d" testName="GetViewItemInformationTestVolapyk" computerName="DKSR-EFI-04" duration="00:00:00.0001592" startTime="2023-12-22T09:32:25.6716442+01:00" endTime="2023-12-22T09:32:25.6718949+01:00" testType="13cdc9d9-ddb5-4fa4-a97d-d965ccfc6d4b" outcome="Passed" testListId="8c84fa94-04c1-424b-9868-57a2d4851a1d" relativeResultsDirectory="ef57158d-e5c5-4afa-928a-244d7af837a3" />
    <UnitTestResult executionId="e06dcbbf-665e-42c2-9201-e6fb86e645d5" testId="6bfc640e-e0cc-1130-9c39-e1e47d6aee67" testName="GetViewLayoutIconWithNonsensdata" computerName="DKSR-EFI-04" duration="00:00:00.0059867" startTime="2023-12-22T09:32:25.6875904+01:00" endTime="2023-12-22T09:32:25.6937290+01:00" testType="13cdc9d9-ddb5-4fa4-a97d-d965ccfc6d4b" outcome="Passed" testListId="8c84fa94-04c1-424b-9868-57a2d4851a1d" relativeResultsDirectory="e06dcbbf-665e-42c2-9201-e6fb86e645d5" />
    <UnitTestResult executionId="33b5f484-67c0-4652-938a-d1176f1f2fb5" testId="d7213de0-ba53-6299-6081-4e8f0391fa0f" testName="XmlDefinitionTestSameXmlDefWithViewLayout" computerName="DKSR-EFI-04" duration="00:00:00.0005997" startTime="2023-12-22T09:32:25.5833107+01:00" endTime="2023-12-22T09:32:25.5840601+01:00" testType="13cdc9d9-ddb5-4fa4-a97d-d965ccfc6d4b" outcome="Passed" testListId="8c84fa94-04c1-424b-9868-57a2d4851a1d" relativeResultsDirectory="33b5f484-67c0-4652-938a-d1176f1f2fb5" />
    <UnitTestResult executionId="2ee551a2-5bc5-406e-b498-55b14a578344" testId="fd16fc0b-de35-083b-ff58-022abe317523" testName="XmlDefinitionTestChangeName" computerName="DKSR-EFI-04" duration="00:00:00.0003737" startTime="2023-12-22T09:32:25.5198957+01:00" endTime="2023-12-22T09:32:25.5203882+01:00" testType="13cdc9d9-ddb5-4fa4-a97d-d965ccfc6d4b" outcome="Passed" testListId="8c84fa94-04c1-424b-9868-57a2d4851a1d" relativeResultsDirectory="2ee551a2-5bc5-406e-b498-55b14a578344" />
    <UnitTestResult executionId="33196a07-22de-4f70-8e94-43a752c6f661" testId="11ab56de-5757-d5e9-ba57-61fb77e7bb23" testName="XmlDefinitionTestWithXmlNs" computerName="DKSR-EFI-04" duration="00:00:00.0002489" startTime="2023-12-22T09:32:25.6112271+01:00" endTime="2023-12-22T09:32:25.6115864+01:00" testType="13cdc9d9-ddb5-4fa4-a97d-d965ccfc6d4b" outcome="Passed" testListId="8c84fa94-04c1-424b-9868-57a2d4851a1d" relativeResultsDirectory="33196a07-22de-4f70-8e94-43a752c6f661" />
    <UnitTestResult executionId="557b009d-8b91-4105-a395-001f9a4c9be4" testId="c4dbd4c5-72c0-15f5-b4ca-7f7b2d8cf0ea" testName="ClientProfileSpecificationConstructorTest" computerName="DKSR-EFI-04" duration="00:00:00.0884544" startTime="2023-12-22T09:32:25.1344133+01:00" endTime="2023-12-22T09:32:25.2230272+01:00" testType="13cdc9d9-ddb5-4fa4-a97d-d965ccfc6d4b" outcome="Passed" testListId="8c84fa94-04c1-424b-9868-57a2d4851a1d" relativeResultsDirectory="557b009d-8b91-4105-a395-001f9a4c9be4" />
    <UnitTestResult executionId="b4632b87-55b2-4596-9fe1-90b669041a7b" testId="2bb92454-c982-85a0-fed5-5943faa53d7e" testName="CreateViewItemTestCamera" computerName="DKSR-EFI-04" duration="00:00:00.0006769" startTime="2023-12-22T09:32:25.6790001+01:00" endTime="2023-12-22T09:32:25.6797878+01:00" testType="13cdc9d9-ddb5-4fa4-a97d-d965ccfc6d4b" outcome="Passed" testListId="8c84fa94-04c1-424b-9868-57a2d4851a1d" relativeResultsDirectory="b4632b87-55b2-4596-9fe1-90b669041a7b" />
    <UnitTestResult executionId="d33fcab9-0b97-4fc9-8974-a0903c18e182" testId="fc6a211c-ab15-f856-ad3d-4b03d7bd9abb" testName="OemResourceTestMultiple" computerName="DKSR-EFI-04" duration="00:00:00.0001242" startTime="2023-12-22T09:32:25.1335933+01:00" endTime="2023-12-22T09:32:25.1338291+01:00" testType="13cdc9d9-ddb5-4fa4-a97d-d965ccfc6d4b" outcome="Passed" testListId="8c84fa94-04c1-424b-9868-57a2d4851a1d" relativeResultsDirectory="d33fcab9-0b97-4fc9-8974-a0903c18e182" />
    <UnitTestResult executionId="82142442-2215-4015-8f43-72345c1f40a7" testId="5666b8c7-f9af-e7d0-86ea-81d03aa4bf97" testName="GetViewLayoutIconWithoutIconData" computerName="DKSR-EFI-04" duration="00:00:00.0002919" startTime="2023-12-22T09:32:25.6871600+01:00" endTime="2023-12-22T09:32:25.6875536+01:00" testType="13cdc9d9-ddb5-4fa4-a97d-d965ccfc6d4b" outcome="Passed" testListId="8c84fa94-04c1-424b-9868-57a2d4851a1d" relativeResultsDirectory="82142442-2215-4015-8f43-72345c1f40a7" />
    <UnitTestResult executionId="da0b6375-8b9b-41e3-b91a-c26832111e91" testId="6ece286f-822a-1030-1263-6a2e679e2fa3" testName="XmlDefinitionTest" computerName="DKSR-EFI-04" duration="00:00:00.0004199" startTime="2023-12-22T09:32:25.7093187+01:00" endTime="2023-12-22T09:32:25.7099906+01:00" testType="13cdc9d9-ddb5-4fa4-a97d-d965ccfc6d4b" outcome="Passed" testListId="8c84fa94-04c1-424b-9868-57a2d4851a1d" relativeResultsDirectory="da0b6375-8b9b-41e3-b91a-c26832111e91" />
    <UnitTestResult executionId="e375ba5d-632d-46b1-806d-947baf1f3f8c" testId="dd8036b8-fdc1-0d17-7df5-e0b28ab59ac4" testName="OemResourceTestMultipleSame" computerName="DKSR-EFI-04" duration="00:00:00.0001228" startTime="2023-12-22T09:32:25.1338723+01:00" endTime="2023-12-22T09:32:25.1341169+01:00" testType="13cdc9d9-ddb5-4fa4-a97d-d965ccfc6d4b" outcome="Passed" testListId="8c84fa94-04c1-424b-9868-57a2d4851a1d" relativeResultsDirectory="e375ba5d-632d-46b1-806d-947baf1f3f8c" />
    <UnitTestResult executionId="cdfdc065-05f6-4c6e-8e81-c129e37d78f0" testId="53bbe8f2-0f34-e330-186b-23d3dc2eb668" testName="GetViewLayoutIcon" computerName="DKSR-EFI-04" duration="00:00:00.0032931" startTime="2023-12-22T09:32:25.6837029+01:00" endTime="2023-12-22T09:32:25.6871136+01:00" testType="13cdc9d9-ddb5-4fa4-a97d-d965ccfc6d4b" outcome="Passed" testListId="8c84fa94-04c1-424b-9868-57a2d4851a1d" relativeResultsDirectory="cdfdc065-05f6-4c6e-8e81-c129e37d78f0" />
    <UnitTestResult executionId="a4fbf120-4126-4512-a9bc-69b8d06fcc24" testId="8599377f-271d-d979-321b-9c23e61d44ef" testName="XmlDefinitionTestSameXmlDef" computerName="DKSR-EFI-04" duration="00:00:00.0017295" startTime="2023-12-22T09:32:25.6055641+01:00" endTime="2023-12-22T09:32:25.6075375+01:00" testType="13cdc9d9-ddb5-4fa4-a97d-d965ccfc6d4b" outcome="Passed" testListId="8c84fa94-04c1-424b-9868-57a2d4851a1d" relativeResultsDirectory="a4fbf120-4126-4512-a9bc-69b8d06fcc24" />
    <UnitTestResult executionId="0ed30ed0-f23a-4502-9f03-c09a9dc34af9" testId="293549dc-68c7-14f8-4650-5a62dec63b87" testName="TestMilestoneResource_CanReadValues_Success" computerName="DKSR-EFI-04" duration="00:00:00.0029203" startTime="2023-12-22T09:32:25.5542966+01:00" endTime="2023-12-22T09:32:25.5574136+01:00" testType="13cdc9d9-ddb5-4fa4-a97d-d965ccfc6d4b" outcome="Passed" testListId="8c84fa94-04c1-424b-9868-57a2d4851a1d" relativeResultsDirectory="0ed30ed0-f23a-4502-9f03-c09a9dc34af9" />
    <UnitTestResult executionId="1e7301cf-e564-4fbf-8f6e-69cfc497184f" testId="236ca3ce-0389-8ef0-abea-b648ea8a1be0" testName="WritingToDatabaseFromOldInterface" computerName="DKSR-EFI-04" duration="00:00:00.0056866" startTime="2023-12-22T09:32:25.7160348+01:00" endTime="2023-12-22T09:32:25.7218614+01:00" testType="13cdc9d9-ddb5-4fa4-a97d-d965ccfc6d4b" outcome="Passed" testListId="8c84fa94-04c1-424b-9868-57a2d4851a1d" relativeResultsDirectory="1e7301cf-e564-4fbf-8f6e-69cfc497184f" />
    <UnitTestResult executionId="2057a118-e2cf-4604-b8af-121a28fc4270" testId="1c6db5ba-20fe-28ab-2a15-0a57b74b546c" testName="CreateViewItemTestWithoutName" computerName="DKSR-EFI-04" duration="00:00:00.0003401" startTime="2023-12-22T09:32:25.6822513+01:00" endTime="2023-12-22T09:32:25.6827087+01:00" testType="13cdc9d9-ddb5-4fa4-a97d-d965ccfc6d4b" outcome="Passed" testListId="8c84fa94-04c1-424b-9868-57a2d4851a1d" relativeResultsDirectory="2057a118-e2cf-4604-b8af-121a28fc4270" />
    <UnitTestResult executionId="454c8fac-77c4-4496-80f5-e9c5920e4a1a" testId="689e1cc2-1038-8003-b0bc-81785b3aabb0" testName="OEMTest" computerName="DKSR-EFI-04" duration="00:00:00.0028665" startTime="2023-12-22T09:32:25.3895004+01:00" endTime="2023-12-22T09:32:25.3925574+01:00" testType="13cdc9d9-ddb5-4fa4-a97d-d965ccfc6d4b" outcome="Passed" testListId="8c84fa94-04c1-424b-9868-57a2d4851a1d" relativeResultsDirectory="454c8fac-77c4-4496-80f5-e9c5920e4a1a" />
    <UnitTestResult executionId="0ac27f5a-2a05-466d-8194-5ce2c94168c8" testId="5806e882-3887-1382-2196-322773243e4b" testName="ReadTheLayoutOfAMonitorPreset" computerName="DKSR-EFI-04" duration="00:00:00.0047965" startTime="2023-12-22T09:32:25.7219086+01:00" endTime="2023-12-22T09:32:25.7268210+01:00" testType="13cdc9d9-ddb5-4fa4-a97d-d965ccfc6d4b" outcome="Passed" testListId="8c84fa94-04c1-424b-9868-57a2d4851a1d" relativeResultsDirectory="0ac27f5a-2a05-466d-8194-5ce2c94168c8" />
    <UnitTestResult executionId="20d08e0c-adaf-4116-b527-2e91abe8c8be" testId="b6d6a872-f637-0453-3277-4afc1d03bdca" testName="ResourceTest" computerName="DKSR-EFI-04" duration="00:00:00.3266612" startTime="2023-12-22T09:32:24.7608048+01:00" endTime="2023-12-22T09:32:25.1224769+01:00" testType="13cdc9d9-ddb5-4fa4-a97d-d965ccfc6d4b" outcome="Passed" testListId="8c84fa94-04c1-424b-9868-57a2d4851a1d" relativeResultsDirectory="20d08e0c-adaf-4116-b527-2e91abe8c8be" />
    <UnitTestResult executionId="e89aa06f-8ea9-4cb9-9bbb-d71fd791b53b" testId="09402b39-b44e-45d3-946a-a044fe71ca96" testName="CreateAViewItem" computerName="DKSR-EFI-04" duration="00:00:00.0004978" startTime="2023-12-22T09:32:25.7294948+01:00" endTime="2023-12-22T09:32:25.7310652+01:00" testType="13cdc9d9-ddb5-4fa4-a97d-d965ccfc6d4b" outcome="Passed" testListId="8c84fa94-04c1-424b-9868-57a2d4851a1d" relativeResultsDirectory="e89aa06f-8ea9-4cb9-9bbb-d71fd791b53b" />
    <UnitTestResult executionId="e5754cc3-d684-4877-a439-c270607fd10f" testId="9dbafe7d-bc33-528e-4673-e2398c67f197" testName="MergeViewsTestNestedGroups" computerName="DKSR-EFI-04" duration="00:00:00.0397972" startTime="2023-12-22T09:32:25.6261339+01:00" endTime="2023-12-22T09:32:25.6661184+01:00" testType="13cdc9d9-ddb5-4fa4-a97d-d965ccfc6d4b" outcome="Passed" testListId="8c84fa94-04c1-424b-9868-57a2d4851a1d" relativeResultsDirectory="e5754cc3-d684-4877-a439-c270607fd10f" />
    <UnitTestResult executionId="344ec718-8284-412b-a1a0-d4d873f72926" testId="f27ace5c-74da-f06b-4b97-3991ab63f367" testName="CreateViewTest" computerName="DKSR-EFI-04" duration="00:00:00.0034592" startTime="2023-12-22T09:32:25.6937837+01:00" endTime="2023-12-22T09:32:25.6973668+01:00" testType="13cdc9d9-ddb5-4fa4-a97d-d965ccfc6d4b" outcome="Passed" testListId="8c84fa94-04c1-424b-9868-57a2d4851a1d" relativeResultsDirectory="344ec718-8284-412b-a1a0-d4d873f72926" />
    <UnitTestResult executionId="19719b96-b3f5-4c17-90ce-a1baec1b08f0" testId="bc2b776f-71aa-5f70-1c0e-34250d6d2c50" testName="GetViewItemInformationTestVolapyk2" computerName="DKSR-EFI-04" duration="00:00:00.0066394" startTime="2023-12-22T09:32:25.6721929+01:00" endTime="2023-12-22T09:32:25.6789427+01:00" testType="13cdc9d9-ddb5-4fa4-a97d-d965ccfc6d4b" outcome="Passed" testListId="8c84fa94-04c1-424b-9868-57a2d4851a1d" relativeResultsDirectory="19719b96-b3f5-4c17-90ce-a1baec1b08f0" />
    <UnitTestResult executionId="d6c4361b-83a0-47aa-b42f-62bdaec9a190" testId="a6b14cbd-c459-74e0-c0e1-a2ee29cbdab4" testName="MergeViewsTestRenameViewItem2" computerName="DKSR-EFI-04" duration="00:00:00.0070494" startTime="2023-12-22T09:32:25.6188654+01:00" endTime="2023-12-22T09:32:25.6260642+01:00" testType="13cdc9d9-ddb5-4fa4-a97d-d965ccfc6d4b" outcome="Passed" testListId="8c84fa94-04c1-424b-9868-57a2d4851a1d" relativeResultsDirectory="d6c4361b-83a0-47aa-b42f-62bdaec9a190" />
    <UnitTestResult executionId="2b93b6ab-e029-492c-9e10-c0f9bea3194a" testId="fa03c8f3-e5af-b789-81b4-b496e664d26d" testName="OemResourceTestCenter" computerName="DKSR-EFI-04" duration="00:00:00.0006195" startTime="2023-12-22T09:32:25.1319723+01:00" endTime="2023-12-22T09:32:25.1328548+01:00" testType="13cdc9d9-ddb5-4fa4-a97d-d965ccfc6d4b" outcome="Passed" testListId="8c84fa94-04c1-424b-9868-57a2d4851a1d" relativeResultsDirectory="2b93b6ab-e029-492c-9e10-c0f9bea3194a" />
    <UnitTestResult executionId="afae1e1d-b863-4903-a224-8b0c14b0ebbe" testId="1f58a5b1-b50f-beb5-d86f-d4c6eddf592e" testName="XmlDefinitionTestSameXmlDefWithViewLayoutNotMatchingViewLayoutType" computerName="DKSR-EFI-04" duration="00:00:00.0003333" startTime="2023-12-22T09:32:25.5841376+01:00" endTime="2023-12-22T09:32:25.5845824+01:00" testType="13cdc9d9-ddb5-4fa4-a97d-d965ccfc6d4b" outcome="Passed" testListId="8c84fa94-04c1-424b-9868-57a2d4851a1d" relativeResultsDirectory="afae1e1d-b863-4903-a224-8b0c14b0ebbe" />
    <UnitTestResult executionId="f7df3d89-f293-48ea-ab6c-6454a14c0520" testId="8bf99f23-19c7-fd04-b2e4-c5011f2571b8" testName="XmlDefinitionTestChangeId" computerName="DKSR-EFI-04" duration="00:00:00.0034838" startTime="2023-12-22T09:32:25.5892010+01:00" endTime="2023-12-22T09:32:25.5928021+01:00" testType="13cdc9d9-ddb5-4fa4-a97d-d965ccfc6d4b" outcome="Passed" testListId="8c84fa94-04c1-424b-9868-57a2d4851a1d" relativeResultsDirectory="f7df3d89-f293-48ea-ab6c-6454a14c0520" />
    <UnitTestResult executionId="d7836637-b13b-4126-abd9-7a7a992d4ec9" testId="6e96adc2-3fdc-0ba2-4a9e-041d478ad370" testName="CreateViewItemTestEmpty" computerName="DKSR-EFI-04" duration="00:00:00.0003270" startTime="2023-12-22T09:32:25.6798293+01:00" endTime="2023-12-22T09:32:25.6802421+01:00" testType="13cdc9d9-ddb5-4fa4-a97d-d965ccfc6d4b" outcome="Passed" testListId="8c84fa94-04c1-424b-9868-57a2d4851a1d" relativeResultsDirectory="d7836637-b13b-4126-abd9-7a7a992d4ec9" />
    <UnitTestResult executionId="60d1ae4c-b5e5-488a-b8da-2a0ac8d14761" testId="de9cbd9f-4471-4e54-f5db-b90506dbee28" testName="GetViewItemInformationTestCamera" computerName="DKSR-EFI-04" duration="00:00:00.0031569" startTime="2023-12-22T09:32:25.6662160+01:00" endTime="2023-12-22T09:32:25.6695729+01:00" testType="13cdc9d9-ddb5-4fa4-a97d-d965ccfc6d4b" outcome="Passed" testListId="8c84fa94-04c1-424b-9868-57a2d4851a1d" relativeResultsDirectory="60d1ae4c-b5e5-488a-b8da-2a0ac8d14761" />
    <UnitTestResult executionId="0e9ed4c0-fc9d-4c54-8800-5f6513719d83" testId="de88dd35-2bb3-134a-91c5-582a2de3180e" testName="HasSameLayoutTestDifferentLayout" computerName="DKSR-EFI-04" duration="00:00:00.0009103" startTime="2023-12-22T09:32:25.6028181+01:00" endTime="2023-12-22T09:32:25.6038679+01:00" testType="13cdc9d9-ddb5-4fa4-a97d-d965ccfc6d4b" outcome="Passed" testListId="8c84fa94-04c1-424b-9868-57a2d4851a1d" relativeResultsDirectory="0e9ed4c0-fc9d-4c54-8800-5f6513719d83" />
    <UnitTestResult executionId="2e1fe835-1576-44b0-822e-24519a32a865" testId="4b8fac32-9961-67f2-19bd-ce7f37511565" testName="SettingsTest" computerName="DKSR-EFI-04" duration="00:00:00.0108763" startTime="2023-12-22T09:32:25.3782867+01:00" endTime="2023-12-22T09:32:25.3894133+01:00" testType="13cdc9d9-ddb5-4fa4-a97d-d965ccfc6d4b" outcome="Passed" testListId="8c84fa94-04c1-424b-9868-57a2d4851a1d" relativeResultsDirectory="2e1fe835-1576-44b0-822e-24519a32a865" />
    <UnitTestResult executionId="40bec218-63fc-478b-8dc4-931a914af0d1" testId="0eb26f68-74bb-29d5-7d08-2de54c671d9a" testName="MergeViewsTestSimple" computerName="DKSR-EFI-04" duration="00:00:00.0067965" startTime="2023-12-22T09:32:25.6116328+01:00" endTime="2023-12-22T09:32:25.6187989+01:00" testType="13cdc9d9-ddb5-4fa4-a97d-d965ccfc6d4b" outcome="Passed" testListId="8c84fa94-04c1-424b-9868-57a2d4851a1d" relativeResultsDirectory="40bec218-63fc-478b-8dc4-931a914af0d1" />
    <UnitTestResult executionId="a0afb1b1-d44b-4664-9ab3-8c00cebb1a62" testId="2491c8e0-6864-aec1-2ce1-44db22ef6175" testName="XmlDefinitionTestSameXmlDefWithOutViewLayout" computerName="DKSR-EFI-04" duration="00:00:00.0039270" startTime="2023-12-22T09:32:25.5791213+01:00" endTime="2023-12-22T09:32:25.5832348+01:00" testType="13cdc9d9-ddb5-4fa4-a97d-d965ccfc6d4b" outcome="Passed" testListId="8c84fa94-04c1-424b-9868-57a2d4851a1d" relativeResultsDirectory="a0afb1b1-d44b-4664-9ab3-8c00cebb1a62" />
    <UnitTestResult executionId="51e01f91-bbea-4d89-bb5a-09597ca81a3d" testId="67bdb42f-3b3e-9ff5-d6f4-e67898880eab" testName="OemResourceTestRight" computerName="DKSR-EFI-04" duration="00:00:00.0001226" startTime="2023-12-22T09:32:25.1332902+01:00" endTime="2023-12-22T09:32:25.1335426+01:00" testType="13cdc9d9-ddb5-4fa4-a97d-d965ccfc6d4b" outcome="Passed" testListId="8c84fa94-04c1-424b-9868-57a2d4851a1d" relativeResultsDirectory="51e01f91-bbea-4d89-bb5a-09597ca81a3d" />
    <UnitTestResult executionId="4b92db33-7fe8-4b68-9bcc-cb865f1c6896" testId="aa53f098-9c56-cdb1-b69f-6fde960936f2" testName="XmlDefinitionTestTooLarge" computerName="DKSR-EFI-04" duration="00:00:00.0572877" startTime="2023-12-22T09:32:25.4615940+01:00" endTime="2023-12-22T09:32:25.5190862+01:00" testType="13cdc9d9-ddb5-4fa4-a97d-d965ccfc6d4b" outcome="Passed" testListId="8c84fa94-04c1-424b-9868-57a2d4851a1d" relativeResultsDirectory="4b92db33-7fe8-4b68-9bcc-cb865f1c6896" />
    <UnitTestResult executionId="c9d94267-a421-462b-bd31-d490044f5169" testId="7f274973-9012-fb8d-b543-11928fca42a3" testName="ControlTest" computerName="DKSR-EFI-04" duration="00:00:00.0685865" startTime="2023-12-22T09:32:25.2231166+01:00" endTime="2023-12-22T09:32:25.2919121+01:00" testType="13cdc9d9-ddb5-4fa4-a97d-d965ccfc6d4b" outcome="Passed" testListId="8c84fa94-04c1-424b-9868-57a2d4851a1d" relativeResultsDirectory="c9d94267-a421-462b-bd31-d490044f5169" />
    <UnitTestResult executionId="7fcdc43b-eb9e-4ca4-85a7-33c447b4b6cd" testId="98d520ea-7719-19c4-1c75-d35945f01721" testName="GetViewTest" computerName="DKSR-EFI-04" duration="00:00:00.0045601" startTime="2023-12-22T09:32:25.7045742+01:00" endTime="2023-12-22T09:32:25.7092629+01:00" testType="13cdc9d9-ddb5-4fa4-a97d-d965ccfc6d4b" outcome="Passed" testListId="8c84fa94-04c1-424b-9868-57a2d4851a1d" relativeResultsDirectory="7fcdc43b-eb9e-4ca4-85a7-33c447b4b6cd" />
    <UnitTestResult executionId="a4775c25-ad6c-47f9-beb8-46e7f62c1d9a" testId="47403bc3-967a-71b3-2066-826018c7ac17" testName="OemResourceTestLeft" computerName="DKSR-EFI-04" duration="00:00:00.0001438" startTime="2023-12-22T09:32:25.1329499+01:00" endTime="2023-12-22T09:32:25.1332426+01:00" testType="13cdc9d9-ddb5-4fa4-a97d-d965ccfc6d4b" outcome="Passed" testListId="8c84fa94-04c1-424b-9868-57a2d4851a1d" relativeResultsDirectory="a4775c25-ad6c-47f9-beb8-46e7f62c1d9a" />
    <UnitTestResult executionId="f6f32da6-b4d0-471a-b093-607e3ccee08b" testId="723547fd-ec7f-8d56-98a9-e37c396dca17" testName="ReadFromDatabaseToOldInterface" computerName="DKSR-EFI-04" duration="00:00:00.0041719" startTime="2023-12-22T09:32:25.7105664+01:00" endTime="2023-12-22T09:32:25.7149547+01:00" testType="13cdc9d9-ddb5-4fa4-a97d-d965ccfc6d4b" outcome="Passed" testListId="8c84fa94-04c1-424b-9868-57a2d4851a1d" relativeResultsDirectory="f6f32da6-b4d0-471a-b093-607e3ccee08b" />
    <UnitTestResult executionId="86a96555-434e-4a63-8e6e-3be5df22b7e6" testId="2b3421b2-5298-af46-f802-a064b4d69678" testName="XmlDefinitionTestChangeName" computerName="DKSR-EFI-04" duration="00:00:00.0032279" startTime="2023-12-22T09:32:25.5928490+01:00" endTime="2023-12-22T09:32:25.5961906+01:00" testType="13cdc9d9-ddb5-4fa4-a97d-d965ccfc6d4b" outcome="Passed" testListId="8c84fa94-04c1-424b-9868-57a2d4851a1d" relativeResultsDirectory="86a96555-434e-4a63-8e6e-3be5df22b7e6" />
    <UnitTestResult executionId="ac8a039f-302a-4151-8040-e9f6dbed0ca1" testId="97082b05-d0c1-515c-c534-550af4f1effa" testName="GetXMLTest" computerName="DKSR-EFI-04" duration="00:00:00.0044216" startTime="2023-12-22T09:32:25.5846241+01:00" endTime="2023-12-22T09:32:25.5891529+01:00" testType="13cdc9d9-ddb5-4fa4-a97d-d965ccfc6d4b" outcome="Passed" testListId="8c84fa94-04c1-424b-9868-57a2d4851a1d" relativeResultsDirectory="ac8a039f-302a-4151-8040-e9f6dbed0ca1" />
    <UnitTestResult executionId="3770a367-26b6-4c36-89d7-399b07707022" testId="873e8bfc-2655-ce9c-d0ad-b71f6c89de6a" testName="HasSameLayoutTest" computerName="DKSR-EFI-04" duration="00:00:00.0053574" startTime="2023-12-22T09:32:25.5962380+01:00" endTime="2023-12-22T09:32:25.6017131+01:00" testType="13cdc9d9-ddb5-4fa4-a97d-d965ccfc6d4b" outcome="Passed" testListId="8c84fa94-04c1-424b-9868-57a2d4851a1d" relativeResultsDirectory="3770a367-26b6-4c36-89d7-399b07707022" />
    <UnitTestResult executionId="00424599-e8ec-4358-8f73-d1260f872529" testId="ff4e3e4a-f004-2767-4cb7-e0f5465b86bd" testName="GetViewItemInformationTestEmpty" computerName="DKSR-EFI-04" duration="00:00:00.0003052" startTime="2023-12-22T09:32:25.6707419+01:00" endTime="2023-12-22T09:32:25.6712196+01:00" testType="13cdc9d9-ddb5-4fa4-a97d-d965ccfc6d4b" outcome="Passed" testListId="8c84fa94-04c1-424b-9868-57a2d4851a1d" relativeResultsDirectory="00424599-e8ec-4358-8f73-d1260f872529" />
    <UnitTestResult executionId="b5f38558-07f0-4d33-a2d1-02447dad7f29" testId="f71c123c-6224-3cde-ed06-e49ffffe41fc" testName="GetViewItemInformationTestVolapyk1" computerName="DKSR-EFI-04" duration="00:00:00.0001345" startTime="2023-12-22T09:32:25.6719339+01:00" endTime="2023-12-22T09:32:25.6721563+01:00" testType="13cdc9d9-ddb5-4fa4-a97d-d965ccfc6d4b" outcome="Passed" testListId="8c84fa94-04c1-424b-9868-57a2d4851a1d" relativeResultsDirectory="b5f38558-07f0-4d33-a2d1-02447dad7f29" />
    <UnitTestResult executionId="6cd308e6-968c-4ad6-8b70-fb9098cf95e3" testId="0a0a41c5-0650-4778-1e4c-1ccad8eb4718" testName="XmlDefinitionTestSameXmlDef" computerName="DKSR-EFI-04" duration="00:00:00.0564625" startTime="2023-12-22T09:32:25.4046997+01:00" endTime="2023-12-22T09:32:25.4614979+01:00" testType="13cdc9d9-ddb5-4fa4-a97d-d965ccfc6d4b" outcome="Passed" testListId="8c84fa94-04c1-424b-9868-57a2d4851a1d" relativeResultsDirectory="6cd308e6-968c-4ad6-8b70-fb9098cf95e3" />
  </Results>
  <TestDefinitions>
    <UnitTest name="XmlDefinitionTestChangeName" storage="d:\actions-runner\_work\xpco\xpco\allsolutions\..\common\sc_sharedcomponent\components\dotnet\videoos.common.sharedcomponent\unittest\bin\debug\net6.0-windows\videoos.common.sharedcomponent.unittest.dll" id="2b3421b2-5298-af46-f802-a064b4d69678">
      <Execution id="86a96555-434e-4a63-8e6e-3be5df22b7e6" />
      <TestMethod codeBase="D:\actions-runner\_work\XPCO\XPCO\AllSolutions\..\Common\SC_SharedComponent\Components\dotNet\VideoOS.Common.SharedComponent\unittest\bin\Debug\net6.0-windows\VideoOS.Common.SharedComponent.UnitTest.dll" adapterTypeName="executor://mstestadapter/v2" className="VideoOS.Common.SharedComponent.UnitTest.ViewDataTest" name="XmlDefinitionTestChangeName" />
    </UnitTest>
    <UnitTest name="ReadFromDatabaseToOldInterface" storage="d:\actions-runner\_work\xpco\xpco\allsolutions\..\common\sc_sharedcomponent\components\dotnet\videoos.common.sharedcomponent\unittest\bin\debug\net6.0-windows\videoos.common.sharedcomponent.unittest.dll" id="723547fd-ec7f-8d56-98a9-e37c396dca17">
      <Execution id="f6f32da6-b4d0-471a-b093-607e3ccee08b" />
      <TestMethod codeBase="D:\actions-runner\_work\XPCO\XPCO\AllSolutions\..\Common\SC_SharedComponent\Components\dotNet\VideoOS.Common.SharedComponent\unittest\bin\Debug\net6.0-windows\VideoOS.Common.SharedComponent.UnitTest.dll" adapterTypeName="executor://mstestadapter/v2" className="VideoOS.Common.SharedComponent.UnitTest.XPCOTests" name="ReadFromDatabaseToOldInterface" />
    </UnitTest>
    <UnitTest name="CreateViewTest" storage="d:\actions-runner\_work\xpco\xpco\allsolutions\..\common\sc_sharedcomponent\components\dotnet\videoos.common.sharedcomponent\unittest\bin\debug\net6.0-windows\videoos.common.sharedcomponent.unittest.dll" id="f27ace5c-74da-f06b-4b97-3991ab63f367">
      <Execution id="344ec718-8284-412b-a1a0-d4d873f72926" />
      <TestMethod codeBase="D:\actions-runner\_work\XPCO\XPCO\AllSolutions\..\Common\SC_SharedComponent\Components\dotNet\VideoOS.Common.SharedComponent\unittest\bin\Debug\net6.0-windows\VideoOS.Common.SharedComponent.UnitTest.dll" adapterTypeName="executor://mstestadapter/v2" className="VideoOS.Common.SharedComponent.UnitTest.ViewHandlingTest" name="CreateViewTest" />
    </UnitTest>
    <UnitTest name="XmlDefinitionTestSameXmlDefWithViewLayoutNotMatchingViewLayoutType" storage="d:\actions-runner\_work\xpco\xpco\allsolutions\..\common\sc_sharedcomponent\components\dotnet\videoos.common.sharedcomponent\unittest\bin\debug\net6.0-windows\videoos.common.sharedcomponent.unittest.dll" id="1f58a5b1-b50f-beb5-d86f-d4c6eddf592e">
      <Execution id="afae1e1d-b863-4903-a224-8b0c14b0ebbe" />
      <TestMethod codeBase="D:\actions-runner\_work\XPCO\XPCO\AllSolutions\..\Common\SC_SharedComponent\Components\dotNet\VideoOS.Common.SharedComponent\unittest\bin\Debug\net6.0-windows\VideoOS.Common.SharedComponent.UnitTest.dll" adapterTypeName="executor://mstestadapter/v2" className="VideoOS.Common.SharedComponent.UnitTest.ViewDataTest" name="XmlDefinitionTestSameXmlDefWithViewLayoutNotMatchingViewLayoutType" />
    </UnitTest>
    <UnitTest name="XmlDefinitionTest" storage="d:\actions-runner\_work\xpco\xpco\allsolutions\..\common\sc_sharedcomponent\components\dotnet\videoos.common.sharedcomponent\unittest\bin\debug\net6.0-windows\videoos.common.sharedcomponent.unittest.dll" id="6ece286f-822a-1030-1263-6a2e679e2fa3">
      <Execution id="da0b6375-8b9b-41e3-b91a-c26832111e91" />
      <TestMethod codeBase="D:\actions-runner\_work\XPCO\XPCO\AllSolutions\..\Common\SC_SharedComponent\Components\dotNet\VideoOS.Common.SharedComponent\unittest\bin\Debug\net6.0-windows\VideoOS.Common.SharedComponent.UnitTest.dll" adapterTypeName="executor://mstestadapter/v2" className="VideoOS.Common.SharedComponent.UnitTest.ViewItemDataTest" name="XmlDefinitionTest" />
    </UnitTest>
    <UnitTest name="XmlDefinitionTestSameXmlDef" storage="d:\actions-runner\_work\xpco\xpco\allsolutions\..\common\sc_sharedcomponent\components\dotnet\videoos.common.sharedcomponent\unittest\bin\debug\net6.0-windows\videoos.common.sharedcomponent.unittest.dll" id="8599377f-271d-d979-321b-9c23e61d44ef">
      <Execution id="a4fbf120-4126-4512-a9bc-69b8d06fcc24" />
      <TestMethod codeBase="D:\actions-runner\_work\XPCO\XPCO\AllSolutions\..\Common\SC_SharedComponent\Components\dotNet\VideoOS.Common.SharedComponent\unittest\bin\Debug\net6.0-windows\VideoOS.Common.SharedComponent.UnitTest.dll" adapterTypeName="executor://mstestadapter/v2" className="VideoOS.Common.SharedComponent.UnitTest.ViewGroupDataTest" name="XmlDefinitionTestSameXmlDef" />
    </UnitTest>
    <UnitTest name="ReadTheLayoutOfAMonitorPreset" storage="d:\actions-runner\_work\xpco\xpco\allsolutions\..\common\sc_sharedcomponent\components\dotnet\videoos.common.sharedcomponent\unittest\bin\debug\net6.0-windows\videoos.common.sharedcomponent.unittest.dll" id="5806e882-3887-1382-2196-322773243e4b">
      <Execution id="0ac27f5a-2a05-466d-8194-5ce2c94168c8" />
      <TestMethod codeBase="D:\actions-runner\_work\XPCO\XPCO\AllSolutions\..\Common\SC_SharedComponent\Components\dotNet\VideoOS.Common.SharedComponent\unittest\bin\Debug\net6.0-windows\VideoOS.Common.SharedComponent.UnitTest.dll" adapterTypeName="executor://mstestadapter/v2" className="VideoOS.Common.SharedComponent.UnitTest.XPCOTests" name="ReadTheLayoutOfAMonitorPreset" />
    </UnitTest>
    <UnitTest name="TestMilestoneResource_CanReadValues_Success" storage="d:\actions-runner\_work\xpco\xpco\allsolutions\..\common\sc_sharedcomponent\components\dotnet\videoos.common.sharedcomponent\unittest\bin\debug\net6.0-windows\videoos.common.sharedcomponent.unittest.dll" id="293549dc-68c7-14f8-4650-5a62dec63b87">
      <Execution id="0ed30ed0-f23a-4502-9f03-c09a9dc34af9" />
      <TestMethod codeBase="D:\actions-runner\_work\XPCO\XPCO\AllSolutions\..\Common\SC_SharedComponent\Components\dotNet\VideoOS.Common.SharedComponent\unittest\bin\Debug\net6.0-windows\VideoOS.Common.SharedComponent.UnitTest.dll" adapterTypeName="executor://mstestadapter/v2" className="VideoOS.Common.SharedComponent.UnitTest.ResourceXmlTests" name="TestMilestoneResource_CanReadValues_Success" />
    </UnitTest>
    <UnitTest name="OemResourceTestLeft" storage="d:\actions-runner\_work\xpco\xpco\allsolutions\..\common\sc_sharedcomponent\components\dotnet\videoos.common.sharedcomponent\unittest\bin\debug\net6.0-windows\videoos.common.sharedcomponent.unittest.dll" id="47403bc3-967a-71b3-2066-826018c7ac17">
      <Execution id="a4775c25-ad6c-47f9-beb8-46e7f62c1d9a" />
      <TestMethod codeBase="D:\actions-runner\_work\XPCO\XPCO\AllSolutions\..\Common\SC_SharedComponent\Components\dotNet\VideoOS.Common.SharedComponent\unittest\bin\Debug\net6.0-windows\VideoOS.Common.SharedComponent.UnitTest.dll" adapterTypeName="executor://mstestadapter/v2" className="VideoOS.Common.SharedComponent.UnitTest.ClientProfileSpecificationTest" name="OemResourceTestLeft" />
    </UnitTest>
    <UnitTest name="SectionTest" storage="d:\actions-runner\_work\xpco\xpco\allsolutions\..\common\sc_sharedcomponent\components\dotnet\videoos.common.sharedcomponent\unittest\bin\debug\net6.0-windows\videoos.common.sharedcomponent.unittest.dll" id="b9bc7de1-1701-54c1-97d8-89b432232c65">
      <Execution id="676a7e0d-19c4-434f-a69c-1a21b0719589" />
      <TestMethod codeBase="D:\actions-runner\_work\XPCO\XPCO\AllSolutions\..\Common\SC_SharedComponent\Components\dotNet\VideoOS.Common.SharedComponent\unittest\bin\Debug\net6.0-windows\VideoOS.Common.SharedComponent.UnitTest.dll" adapterTypeName="executor://mstestadapter/v2" className="VideoOS.Common.SharedComponent.UnitTest.ClientProfileSpecificationTest" name="SectionTest" />
    </UnitTest>
    <UnitTest name="XmlDefinitionTestSameXmlDefWithOutViewLayout" storage="d:\actions-runner\_work\xpco\xpco\allsolutions\..\common\sc_sharedcomponent\components\dotnet\videoos.common.sharedcomponent\unittest\bin\debug\net6.0-windows\videoos.common.sharedcomponent.unittest.dll" id="2491c8e0-6864-aec1-2ce1-44db22ef6175">
      <Execution id="a0afb1b1-d44b-4664-9ab3-8c00cebb1a62" />
      <TestMethod codeBase="D:\actions-runner\_work\XPCO\XPCO\AllSolutions\..\Common\SC_SharedComponent\Components\dotNet\VideoOS.Common.SharedComponent\unittest\bin\Debug\net6.0-windows\VideoOS.Common.SharedComponent.UnitTest.dll" adapterTypeName="executor://mstestadapter/v2" className="VideoOS.Common.SharedComponent.UnitTest.ViewDataTest" name="XmlDefinitionTestSameXmlDefWithOutViewLayout" />
    </UnitTest>
    <UnitTest name="XmlDefinitionTestChangeId" storage="d:\actions-runner\_work\xpco\xpco\allsolutions\..\common\sc_sharedcomponent\components\dotnet\videoos.common.sharedcomponent\unittest\bin\debug\net6.0-windows\videoos.common.sharedcomponent.unittest.dll" id="8bf99f23-19c7-fd04-b2e4-c5011f2571b8">
      <Execution id="f7df3d89-f293-48ea-ab6c-6454a14c0520" />
      <TestMethod codeBase="D:\actions-runner\_work\XPCO\XPCO\AllSolutions\..\Common\SC_SharedComponent\Components\dotNet\VideoOS.Common.SharedComponent\unittest\bin\Debug\net6.0-windows\VideoOS.Common.SharedComponent.UnitTest.dll" adapterTypeName="executor://mstestadapter/v2" className="VideoOS.Common.SharedComponent.UnitTest.ViewDataTest" name="XmlDefinitionTestChangeId" />
    </UnitTest>
    <UnitTest name="OemResourceTestMissingResource" storage="d:\actions-runner\_work\xpco\xpco\allsolutions\..\common\sc_sharedcomponent\components\dotnet\videoos.common.sharedcomponent\unittest\bin\debug\net6.0-windows\videoos.common.sharedcomponent.unittest.dll" id="408ad07d-5f6b-b886-4d3f-296acfe05eb9">
      <Execution id="5e9396cf-5894-4544-a8a3-1cc307abfd1c" />
      <TestMethod codeBase="D:\actions-runner\_work\XPCO\XPCO\AllSolutions\..\Common\SC_SharedComponent\Components\dotNet\VideoOS.Common.SharedComponent\unittest\bin\Debug\net6.0-windows\VideoOS.Common.SharedComponent.UnitTest.dll" adapterTypeName="executor://mstestadapter/v2" className="VideoOS.Common.SharedComponent.UnitTest.ClientProfileSpecificationTest" name="OemResourceTestMissingResource" />
    </UnitTest>
    <UnitTest name="CreateViewItemTestWithoutName" storage="d:\actions-runner\_work\xpco\xpco\allsolutions\..\common\sc_sharedcomponent\components\dotnet\videoos.common.sharedcomponent\unittest\bin\debug\net6.0-windows\videoos.common.sharedcomponent.unittest.dll" id="1c6db5ba-20fe-28ab-2a15-0a57b74b546c">
      <Execution id="2057a118-e2cf-4604-b8af-121a28fc4270" />
      <TestMethod codeBase="D:\actions-runner\_work\XPCO\XPCO\AllSolutions\..\Common\SC_SharedComponent\Components\dotNet\VideoOS.Common.SharedComponent\unittest\bin\Debug\net6.0-windows\VideoOS.Common.SharedComponent.UnitTest.dll" adapterTypeName="executor://mstestadapter/v2" className="VideoOS.Common.SharedComponent.UnitTest.ViewHandlingTest" name="CreateViewItemTestWithoutName" />
    </UnitTest>
    <UnitTest name="GetViewItemInformationTestVolapyk2" storage="d:\actions-runner\_work\xpco\xpco\allsolutions\..\common\sc_sharedcomponent\components\dotnet\videoos.common.sharedcomponent\unittest\bin\debug\net6.0-windows\videoos.common.sharedcomponent.unittest.dll" id="bc2b776f-71aa-5f70-1c0e-34250d6d2c50">
      <Execution id="19719b96-b3f5-4c17-90ce-a1baec1b08f0" />
      <TestMethod codeBase="D:\actions-runner\_work\XPCO\XPCO\AllSolutions\..\Common\SC_SharedComponent\Components\dotNet\VideoOS.Common.SharedComponent\unittest\bin\Debug\net6.0-windows\VideoOS.Common.SharedComponent.UnitTest.dll" adapterTypeName="executor://mstestadapter/v2" className="VideoOS.Common.SharedComponent.UnitTest.ViewHandlingTest" name="GetViewItemInformationTestVolapyk2" />
    </UnitTest>
    <UnitTest name="HasSameLayoutTestDifferentLayout" storage="d:\actions-runner\_work\xpco\xpco\allsolutions\..\common\sc_sharedcomponent\components\dotnet\videoos.common.sharedcomponent\unittest\bin\debug\net6.0-windows\videoos.common.sharedcomponent.unittest.dll" id="de88dd35-2bb3-134a-91c5-582a2de3180e">
      <Execution id="0e9ed4c0-fc9d-4c54-8800-5f6513719d83" />
      <TestMethod codeBase="D:\actions-runner\_work\XPCO\XPCO\AllSolutions\..\Common\SC_SharedComponent\Components\dotNet\VideoOS.Common.SharedComponent\unittest\bin\Debug\net6.0-windows\VideoOS.Common.SharedComponent.UnitTest.dll" adapterTypeName="executor://mstestadapter/v2" className="VideoOS.Common.SharedComponent.UnitTest.ViewDataTest" name="HasSameLayoutTestDifferentLayout" />
    </UnitTest>
    <UnitTest name="MergeViewsTestRenameViewItem2" storage="d:\actions-runner\_work\xpco\xpco\allsolutions\..\common\sc_sharedcomponent\components\dotnet\videoos.common.sharedcomponent\unittest\bin\debug\net6.0-windows\videoos.common.sharedcomponent.unittest.dll" id="a6b14cbd-c459-74e0-c0e1-a2ee29cbdab4">
      <Execution id="d6c4361b-83a0-47aa-b42f-62bdaec9a190" />
      <TestMethod codeBase="D:\actions-runner\_work\XPCO\XPCO\AllSolutions\..\Common\SC_SharedComponent\Components\dotNet\VideoOS.Common.SharedComponent\unittest\bin\Debug\net6.0-windows\VideoOS.Common.SharedComponent.UnitTest.dll" adapterTypeName="executor://mstestadapter/v2" className="VideoOS.Common.SharedComponent.UnitTest.ViewHandlingTest" name="MergeViewsTestRenameViewItem2" />
    </UnitTest>
    <UnitTest name="GetViewLayoutIconWithoutIconData" storage="d:\actions-runner\_work\xpco\xpco\allsolutions\..\common\sc_sharedcomponent\components\dotnet\videoos.common.sharedcomponent\unittest\bin\debug\net6.0-windows\videoos.common.sharedcomponent.unittest.dll" id="5666b8c7-f9af-e7d0-86ea-81d03aa4bf97">
      <Execution id="82142442-2215-4015-8f43-72345c1f40a7" />
      <TestMethod codeBase="D:\actions-runner\_work\XPCO\XPCO\AllSolutions\..\Common\SC_SharedComponent\Components\dotNet\VideoOS.Common.SharedComponent\unittest\bin\Debug\net6.0-windows\VideoOS.Common.SharedComponent.UnitTest.dll" adapterTypeName="executor://mstestadapter/v2" className="VideoOS.Common.SharedComponent.UnitTest.ViewHandlingTest" name="GetViewLayoutIconWithoutIconData" />
    </UnitTest>
    <UnitTest name="HasSameLayoutTestDifferentLayoutSameCountOfItems" storage="d:\actions-runner\_work\xpco\xpco\allsolutions\..\common\sc_sharedcomponent\components\dotnet\videoos.common.sharedcomponent\unittest\bin\debug\net6.0-windows\videoos.common.sharedcomponent.unittest.dll" id="4172bb95-d7c9-fb83-5a23-b46d579edf2d">
      <Execution id="16ac82bf-8e82-4b8f-bf71-d94595235adb" />
      <TestMethod codeBase="D:\actions-runner\_work\XPCO\XPCO\AllSolutions\..\Common\SC_SharedComponent\Components\dotNet\VideoOS.Common.SharedComponent\unittest\bin\Debug\net6.0-windows\VideoOS.Common.SharedComponent.UnitTest.dll" adapterTypeName="executor://mstestadapter/v2" className="VideoOS.Common.SharedComponent.UnitTest.ViewDataTest" name="HasSameLayoutTestDifferentLayoutSameCountOfItems" />
    </UnitTest>
    <UnitTest name="GetViewItemInformationTestEmpty" storage="d:\actions-runner\_work\xpco\xpco\allsolutions\..\common\sc_sharedcomponent\components\dotnet\videoos.common.sharedcomponent\unittest\bin\debug\net6.0-windows\videoos.common.sharedcomponent.unittest.dll" id="ff4e3e4a-f004-2767-4cb7-e0f5465b86bd">
      <Execution id="00424599-e8ec-4358-8f73-d1260f872529" />
      <TestMethod codeBase="D:\actions-runner\_work\XPCO\XPCO\AllSolutions\..\Common\SC_SharedComponent\Components\dotNet\VideoOS.Common.SharedComponent\unittest\bin\Debug\net6.0-windows\VideoOS.Common.SharedComponent.UnitTest.dll" adapterTypeName="executor://mstestadapter/v2" className="VideoOS.Common.SharedComponent.UnitTest.ViewHandlingTest" name="GetViewItemInformationTestEmpty" />
    </UnitTest>
    <UnitTest name="OptionIdExists" storage="d:\actions-runner\_work\xpco\xpco\allsolutions\..\common\sc_sharedcomponent\components\dotnet\videoos.common.sharedcomponent\unittest\bin\debug\net6.0-windows\videoos.common.sharedcomponent.unittest.dll" id="1f4391e4-ec80-0d11-c7a5-0f92acc9ef76">
      <Execution id="00e68648-5999-4b6c-9fb0-f62463c68417" />
      <TestMethod codeBase="D:\actions-runner\_work\XPCO\XPCO\AllSolutions\..\Common\SC_SharedComponent\Components\dotNet\VideoOS.Common.SharedComponent\unittest\bin\Debug\net6.0-windows\VideoOS.Common.SharedComponent.UnitTest.dll" adapterTypeName="executor://mstestadapter/v2" className="VideoOS.Common.SharedComponent.UnitTest.ClientProfileSpecificationTest" name="OptionIdExists" />
    </UnitTest>
    <UnitTest name="MergeViewsTestNestedGroups" storage="d:\actions-runner\_work\xpco\xpco\allsolutions\..\common\sc_sharedcomponent\components\dotnet\videoos.common.sharedcomponent\unittest\bin\debug\net6.0-windows\videoos.common.sharedcomponent.unittest.dll" id="9dbafe7d-bc33-528e-4673-e2398c67f197">
      <Execution id="e5754cc3-d684-4877-a439-c270607fd10f" />
      <TestMethod codeBase="D:\actions-runner\_work\XPCO\XPCO\AllSolutions\..\Common\SC_SharedComponent\Components\dotNet\VideoOS.Common.SharedComponent\unittest\bin\Debug\net6.0-windows\VideoOS.Common.SharedComponent.UnitTest.dll" adapterTypeName="executor://mstestadapter/v2" className="VideoOS.Common.SharedComponent.UnitTest.ViewHandlingTest" name="MergeViewsTestNestedGroups" />
    </UnitTest>
    <UnitTest name="GetViewLayoutIcon" storage="d:\actions-runner\_work\xpco\xpco\allsolutions\..\common\sc_sharedcomponent\components\dotnet\videoos.common.sharedcomponent\unittest\bin\debug\net6.0-windows\videoos.common.sharedcomponent.unittest.dll" id="53bbe8f2-0f34-e330-186b-23d3dc2eb668">
      <Execution id="cdfdc065-05f6-4c6e-8e81-c129e37d78f0" />
      <TestMethod codeBase="D:\actions-runner\_work\XPCO\XPCO\AllSolutions\..\Common\SC_SharedComponent\Components\dotNet\VideoOS.Common.SharedComponent\unittest\bin\Debug\net6.0-windows\VideoOS.Common.SharedComponent.UnitTest.dll" adapterTypeName="executor://mstestadapter/v2" className="VideoOS.Common.SharedComponent.UnitTest.ViewHandlingTest" name="GetViewLayoutIcon" />
    </UnitTest>
    <UnitTest name="WritingToDatabaseFromOldInterface" storage="d:\actions-runner\_work\xpco\xpco\allsolutions\..\common\sc_sharedcomponent\components\dotnet\videoos.common.sharedcomponent\unittest\bin\debug\net6.0-windows\videoos.common.sharedcomponent.unittest.dll" id="236ca3ce-0389-8ef0-abea-b648ea8a1be0">
      <Execution id="1e7301cf-e564-4fbf-8f6e-69cfc497184f" />
      <TestMethod codeBase="D:\actions-runner\_work\XPCO\XPCO\AllSolutions\..\Common\SC_SharedComponent\Components\dotNet\VideoOS.Common.SharedComponent\unittest\bin\Debug\net6.0-windows\VideoOS.Common.SharedComponent.UnitTest.dll" adapterTypeName="executor://mstestadapter/v2" className="VideoOS.Common.SharedComponent.UnitTest.XPCOTests" name="WritingToDatabaseFromOldInterface" />
    </UnitTest>
    <UnitTest name="XmlDefinitionTestWithXmlNs" storage="d:\actions-runner\_work\xpco\xpco\allsolutions\..\common\sc_sharedcomponent\components\dotnet\videoos.common.sharedcomponent\unittest\bin\debug\net6.0-windows\videoos.common.sharedcomponent.unittest.dll" id="11ab56de-5757-d5e9-ba57-61fb77e7bb23">
      <Execution id="33196a07-22de-4f70-8e94-43a752c6f661" />
      <TestMethod codeBase="D:\actions-runner\_work\XPCO\XPCO\AllSolutions\..\Common\SC_SharedComponent\Components\dotNet\VideoOS.Common.SharedComponent\unittest\bin\Debug\net6.0-windows\VideoOS.Common.SharedComponent.UnitTest.dll" adapterTypeName="executor://mstestadapter/v2" className="VideoOS.Common.SharedComponent.UnitTest.ViewGroupDataTest" name="XmlDefinitionTestWithXmlNs" />
    </UnitTest>
    <UnitTest name="OEMTest" storage="d:\actions-runner\_work\xpco\xpco\allsolutions\..\common\sc_sharedcomponent\components\dotnet\videoos.common.sharedcomponent\unittest\bin\debug\net6.0-windows\videoos.common.sharedcomponent.unittest.dll" id="689e1cc2-1038-8003-b0bc-81785b3aabb0">
      <Execution id="454c8fac-77c4-4496-80f5-e9c5920e4a1a" />
      <TestMethod codeBase="D:\actions-runner\_work\XPCO\XPCO\AllSolutions\..\Common\SC_SharedComponent\Components\dotNet\VideoOS.Common.SharedComponent\unittest\bin\Debug\net6.0-windows\VideoOS.Common.SharedComponent.UnitTest.dll" adapterTypeName="executor://mstestadapter/v2" className="VideoOS.Common.SharedComponent.UnitTest.ClientProfileSpecificationTest" name="OEMTest" />
    </UnitTest>
    <UnitTest name="CreateViewItemTestEmpty" storage="d:\actions-runner\_work\xpco\xpco\allsolutions\..\common\sc_sharedcomponent\components\dotnet\videoos.common.sharedcomponent\unittest\bin\debug\net6.0-windows\videoos.common.sharedcomponent.unittest.dll" id="6e96adc2-3fdc-0ba2-4a9e-041d478ad370">
      <Execution id="d7836637-b13b-4126-abd9-7a7a992d4ec9" />
      <TestMethod codeBase="D:\actions-runner\_work\XPCO\XPCO\AllSolutions\..\Common\SC_SharedComponent\Components\dotNet\VideoOS.Common.SharedComponent\unittest\bin\Debug\net6.0-windows\VideoOS.Common.SharedComponent.UnitTest.dll" adapterTypeName="executor://mstestadapter/v2" className="VideoOS.Common.SharedComponent.UnitTest.ViewHandlingTest" name="CreateViewItemTestEmpty" />
    </UnitTest>
    <UnitTest name="CreateAViewFromViewLayout" storage="d:\actions-runner\_work\xpco\xpco\allsolutions\..\common\sc_sharedcomponent\components\dotnet\videoos.common.sharedcomponent\unittest\bin\debug\net6.0-windows\videoos.common.sharedcomponent.unittest.dll" id="eede754c-6bf8-cc48-0806-5973ae66c9ef">
      <Execution id="a929443c-0cd5-412c-9230-d5ab5f9ee1dc" />
      <TestMethod codeBase="D:\actions-runner\_work\XPCO\XPCO\AllSolutions\..\Common\SC_SharedComponent\Components\dotNet\VideoOS.Common.SharedComponent\unittest\bin\Debug\net6.0-windows\VideoOS.Common.SharedComponent.UnitTest.dll" adapterTypeName="executor://mstestadapter/v2" className="VideoOS.Common.SharedComponent.UnitTest.XPCOTests" name="CreateAViewFromViewLayout" />
    </UnitTest>
    <UnitTest name="MergeViewsTestSimple" storage="d:\actions-runner\_work\xpco\xpco\allsolutions\..\common\sc_sharedcomponent\components\dotnet\videoos.common.sharedcomponent\unittest\bin\debug\net6.0-windows\videoos.common.sharedcomponent.unittest.dll" id="0eb26f68-74bb-29d5-7d08-2de54c671d9a">
      <Execution id="40bec218-63fc-478b-8dc4-931a914af0d1" />
      <TestMethod codeBase="D:\actions-runner\_work\XPCO\XPCO\AllSolutions\..\Common\SC_SharedComponent\Components\dotNet\VideoOS.Common.SharedComponent\unittest\bin\Debug\net6.0-windows\VideoOS.Common.SharedComponent.UnitTest.dll" adapterTypeName="executor://mstestadapter/v2" className="VideoOS.Common.SharedComponent.UnitTest.ViewHandlingTest" name="MergeViewsTestSimple" />
    </UnitTest>
    <UnitTest name="OemResourceTestMultiple" storage="d:\actions-runner\_work\xpco\xpco\allsolutions\..\common\sc_sharedcomponent\components\dotnet\videoos.common.sharedcomponent\unittest\bin\debug\net6.0-windows\videoos.common.sharedcomponent.unittest.dll" id="fc6a211c-ab15-f856-ad3d-4b03d7bd9abb">
      <Execution id="d33fcab9-0b97-4fc9-8974-a0903c18e182" />
      <TestMethod codeBase="D:\actions-runner\_work\XPCO\XPCO\AllSolutions\..\Common\SC_SharedComponent\Components\dotNet\VideoOS.Common.SharedComponent\unittest\bin\Debug\net6.0-windows\VideoOS.Common.SharedComponent.UnitTest.dll" adapterTypeName="executor://mstestadapter/v2" className="VideoOS.Common.SharedComponent.UnitTest.ClientProfileSpecificationTest" name="OemResourceTestMultiple" />
    </UnitTest>
    <UnitTest name="XmlDefinitionTestSameXmlDef" storage="d:\actions-runner\_work\xpco\xpco\allsolutions\..\common\sc_sharedcomponent\components\dotnet\videoos.common.sharedcomponent\unittest\bin\debug\net6.0-windows\videoos.common.sharedcomponent.unittest.dll" id="0a0a41c5-0650-4778-1e4c-1ccad8eb4718">
      <Execution id="6cd308e6-968c-4ad6-8b70-fb9098cf95e3" />
      <TestMethod codeBase="D:\actions-runner\_work\XPCO\XPCO\AllSolutions\..\Common\SC_SharedComponent\Components\dotNet\VideoOS.Common.SharedComponent\unittest\bin\Debug\net6.0-windows\VideoOS.Common.SharedComponent.UnitTest.dll" adapterTypeName="executor://mstestadapter/v2" className="VideoOS.Common.SharedComponent.UnitTest.GroupDataTest" name="XmlDefinitionTestSameXmlDef" />
    </UnitTest>
    <UnitTest name="TestMilestoneAndPinkResourceXmlStructure_AreSame_Success" storage="d:\actions-runner\_work\xpco\xpco\allsolutions\..\common\sc_sharedcomponent\components\dotnet\videoos.common.sharedcomponent\unittest\bin\debug\net6.0-windows\videoos.common.sharedcomponent.unittest.dll" id="9e06fd07-2b9d-78b8-e9d4-c1bfd78820ab">
      <Execution id="f9dd3f3e-69da-4dc3-8d47-fad3d338c197" />
      <TestMethod codeBase="D:\actions-runner\_work\XPCO\XPCO\AllSolutions\..\Common\SC_SharedComponent\Components\dotNet\VideoOS.Common.SharedComponent\unittest\bin\Debug\net6.0-windows\VideoOS.Common.SharedComponent.UnitTest.dll" adapterTypeName="executor://mstestadapter/v2" className="VideoOS.Common.SharedComponent.UnitTest.ResourceXmlTests" name="TestMilestoneAndPinkResourceXmlStructure_AreSame_Success" />
    </UnitTest>
    <UnitTest name="ClientProfileSpecificationConstructorTest" storage="d:\actions-runner\_work\xpco\xpco\allsolutions\..\common\sc_sharedcomponent\components\dotnet\videoos.common.sharedcomponent\unittest\bin\debug\net6.0-windows\videoos.common.sharedcomponent.unittest.dll" id="c4dbd4c5-72c0-15f5-b4ca-7f7b2d8cf0ea">
      <Execution id="557b009d-8b91-4105-a395-001f9a4c9be4" />
      <TestMethod codeBase="D:\actions-runner\_work\XPCO\XPCO\AllSolutions\..\Common\SC_SharedComponent\Components\dotNet\VideoOS.Common.SharedComponent\unittest\bin\Debug\net6.0-windows\VideoOS.Common.SharedComponent.UnitTest.dll" adapterTypeName="executor://mstestadapter/v2" className="VideoOS.Common.SharedComponent.UnitTest.ClientProfileSpecificationTest" name="ClientProfileSpecificationConstructorTest" />
    </UnitTest>
    <UnitTest name="GetViewTest" storage="d:\actions-runner\_work\xpco\xpco\allsolutions\..\common\sc_sharedcomponent\components\dotnet\videoos.common.sharedcomponent\unittest\bin\debug\net6.0-windows\videoos.common.sharedcomponent.unittest.dll" id="98d520ea-7719-19c4-1c75-d35945f01721">
      <Execution id="7fcdc43b-eb9e-4ca4-85a7-33c447b4b6cd" />
      <TestMethod codeBase="D:\actions-runner\_work\XPCO\XPCO\AllSolutions\..\Common\SC_SharedComponent\Components\dotNet\VideoOS.Common.SharedComponent\unittest\bin\Debug\net6.0-windows\VideoOS.Common.SharedComponent.UnitTest.dll" adapterTypeName="executor://mstestadapter/v2" className="VideoOS.Common.SharedComponent.UnitTest.ViewHandlingTest" name="GetViewTest" />
    </UnitTest>
    <UnitTest name="XmlDefinitionTestInputXmlDefTooLarge" storage="d:\actions-runner\_work\xpco\xpco\allsolutions\..\common\sc_sharedcomponent\components\dotnet\videoos.common.sharedcomponent\unittest\bin\debug\net6.0-windows\videoos.common.sharedcomponent.unittest.dll" id="564a5326-9045-4af6-a307-44976ed413a3">
      <Execution id="0ee64edb-f044-49b0-8c09-0918e5bb448b" />
      <TestMethod codeBase="D:\actions-runner\_work\XPCO\XPCO\AllSolutions\..\Common\SC_SharedComponent\Components\dotNet\VideoOS.Common.SharedComponent\unittest\bin\Debug\net6.0-windows\VideoOS.Common.SharedComponent.UnitTest.dll" adapterTypeName="executor://mstestadapter/v2" className="VideoOS.Common.SharedComponent.UnitTest.ViewDataTest" name="XmlDefinitionTestInputXmlDefTooLarge" />
    </UnitTest>
    <UnitTest name="GetXMLTest" storage="d:\actions-runner\_work\xpco\xpco\allsolutions\..\common\sc_sharedcomponent\components\dotnet\videoos.common.sharedcomponent\unittest\bin\debug\net6.0-windows\videoos.common.sharedcomponent.unittest.dll" id="97082b05-d0c1-515c-c534-550af4f1effa">
      <Execution id="ac8a039f-302a-4151-8040-e9f6dbed0ca1" />
      <TestMethod codeBase="D:\actions-runner\_work\XPCO\XPCO\AllSolutions\..\Common\SC_SharedComponent\Components\dotNet\VideoOS.Common.SharedComponent\unittest\bin\Debug\net6.0-windows\VideoOS.Common.SharedComponent.UnitTest.dll" adapterTypeName="executor://mstestadapter/v2" className="VideoOS.Common.SharedComponent.UnitTest.ViewDataTest" name="GetXMLTest" />
    </UnitTest>
    <UnitTest name="GetViewItemInformationTestCamera" storage="d:\actions-runner\_work\xpco\xpco\allsolutions\..\common\sc_sharedcomponent\components\dotnet\videoos.common.sharedcomponent\unittest\bin\debug\net6.0-windows\videoos.common.sharedcomponent.unittest.dll" id="de9cbd9f-4471-4e54-f5db-b90506dbee28">
      <Execution id="60d1ae4c-b5e5-488a-b8da-2a0ac8d14761" />
      <TestMethod codeBase="D:\actions-runner\_work\XPCO\XPCO\AllSolutions\..\Common\SC_SharedComponent\Components\dotNet\VideoOS.Common.SharedComponent\unittest\bin\Debug\net6.0-windows\VideoOS.Common.SharedComponent.UnitTest.dll" adapterTypeName="executor://mstestadapter/v2" className="VideoOS.Common.SharedComponent.UnitTest.ViewHandlingTest" name="GetViewItemInformationTestCamera" />
    </UnitTest>
    <UnitTest name="XmlDefinitionTestSameXmlDefWithViewLayout" storage="d:\actions-runner\_work\xpco\xpco\allsolutions\..\common\sc_sharedcomponent\components\dotnet\videoos.common.sharedcomponent\unittest\bin\debug\net6.0-windows\videoos.common.sharedcomponent.unittest.dll" id="d7213de0-ba53-6299-6081-4e8f0391fa0f">
      <Execution id="33b5f484-67c0-4652-938a-d1176f1f2fb5" />
      <TestMethod codeBase="D:\actions-runner\_work\XPCO\XPCO\AllSolutions\..\Common\SC_SharedComponent\Components\dotNet\VideoOS.Common.SharedComponent\unittest\bin\Debug\net6.0-windows\VideoOS.Common.SharedComponent.UnitTest.dll" adapterTypeName="executor://mstestadapter/v2" className="VideoOS.Common.SharedComponent.UnitTest.ViewDataTest" name="XmlDefinitionTestSameXmlDefWithViewLayout" />
    </UnitTest>
    <UnitTest name="XmlDefinitionTestTooLarge" storage="d:\actions-runner\_work\xpco\xpco\allsolutions\..\common\sc_sharedcomponent\components\dotnet\videoos.common.sharedcomponent\unittest\bin\debug\net6.0-windows\videoos.common.sharedcomponent.unittest.dll" id="aa53f098-9c56-cdb1-b69f-6fde960936f2">
      <Execution id="4b92db33-7fe8-4b68-9bcc-cb865f1c6896" />
      <TestMethod codeBase="D:\actions-runner\_work\XPCO\XPCO\AllSolutions\..\Common\SC_SharedComponent\Components\dotNet\VideoOS.Common.SharedComponent\unittest\bin\Debug\net6.0-windows\VideoOS.Common.SharedComponent.UnitTest.dll" adapterTypeName="executor://mstestadapter/v2" className="VideoOS.Common.SharedComponent.UnitTest.GroupDataTest" name="XmlDefinitionTestTooLarge" />
    </UnitTest>
    <UnitTest name="OemResourceTestRight" storage="d:\actions-runner\_work\xpco\xpco\allsolutions\..\common\sc_sharedcomponent\components\dotnet\videoos.common.sharedcomponent\unittest\bin\debug\net6.0-windows\videoos.common.sharedcomponent.unittest.dll" id="67bdb42f-3b3e-9ff5-d6f4-e67898880eab">
      <Execution id="51e01f91-bbea-4d89-bb5a-09597ca81a3d" />
      <TestMethod codeBase="D:\actions-runner\_work\XPCO\XPCO\AllSolutions\..\Common\SC_SharedComponent\Components\dotNet\VideoOS.Common.SharedComponent\unittest\bin\Debug\net6.0-windows\VideoOS.Common.SharedComponent.UnitTest.dll" adapterTypeName="executor://mstestadapter/v2" className="VideoOS.Common.SharedComponent.UnitTest.ClientProfileSpecificationTest" name="OemResourceTestRight" />
    </UnitTest>
    <UnitTest name="HasSameLayoutTest" storage="d:\actions-runner\_work\xpco\xpco\allsolutions\..\common\sc_sharedcomponent\components\dotnet\videoos.common.sharedcomponent\unittest\bin\debug\net6.0-windows\videoos.common.sharedcomponent.unittest.dll" id="873e8bfc-2655-ce9c-d0ad-b71f6c89de6a">
      <Execution id="3770a367-26b6-4c36-89d7-399b07707022" />
      <TestMethod codeBase="D:\actions-runner\_work\XPCO\XPCO\AllSolutions\..\Common\SC_SharedComponent\Components\dotNet\VideoOS.Common.SharedComponent\unittest\bin\Debug\net6.0-windows\VideoOS.Common.SharedComponent.UnitTest.dll" adapterTypeName="executor://mstestadapter/v2" className="VideoOS.Common.SharedComponent.UnitTest.ViewDataTest" name="HasSameLayoutTest" />
    </UnitTest>
    <UnitTest name="ControlTest" storage="d:\actions-runner\_work\xpco\xpco\allsolutions\..\common\sc_sharedcomponent\components\dotnet\videoos.common.sharedcomponent\unittest\bin\debug\net6.0-windows\videoos.common.sharedcomponent.unittest.dll" id="7f274973-9012-fb8d-b543-11928fca42a3">
      <Execution id="c9d94267-a421-462b-bd31-d490044f5169" />
      <TestMethod codeBase="D:\actions-runner\_work\XPCO\XPCO\AllSolutions\..\Common\SC_SharedComponent\Components\dotNet\VideoOS.Common.SharedComponent\unittest\bin\Debug\net6.0-windows\VideoOS.Common.SharedComponent.UnitTest.dll" adapterTypeName="executor://mstestadapter/v2" className="VideoOS.Common.SharedComponent.UnitTest.ClientProfileSpecificationTest" name="ControlTest" />
    </UnitTest>
    <UnitTest name="XmlDefinitionTestChangeId" storage="d:\actions-runner\_work\xpco\xpco\allsolutions\..\common\sc_sharedcomponent\components\dotnet\videoos.common.sharedcomponent\unittest\bin\debug\net6.0-windows\videoos.common.sharedcomponent.unittest.dll" id="30eeb4d0-7353-f7b2-9ab9-ee46aa661d39">
      <Execution id="aa15996c-d4e9-4601-9887-831bdaaa3fa0" />
      <TestMethod codeBase="D:\actions-runner\_work\XPCO\XPCO\AllSolutions\..\Common\SC_SharedComponent\Components\dotNet\VideoOS.Common.SharedComponent\unittest\bin\Debug\net6.0-windows\VideoOS.Common.SharedComponent.UnitTest.dll" adapterTypeName="executor://mstestadapter/v2" className="VideoOS.Common.SharedComponent.UnitTest.GroupDataTest" name="XmlDefinitionTestChangeId" />
    </UnitTest>
    <UnitTest name="OemResourceTestCenter" storage="d:\actions-runner\_work\xpco\xpco\allsolutions\..\common\sc_sharedcomponent\components\dotnet\videoos.common.sharedcomponent\unittest\bin\debug\net6.0-windows\videoos.common.sharedcomponent.unittest.dll" id="fa03c8f3-e5af-b789-81b4-b496e664d26d">
      <Execution id="2b93b6ab-e029-492c-9e10-c0f9bea3194a" />
      <TestMethod codeBase="D:\actions-runner\_work\XPCO\XPCO\AllSolutions\..\Common\SC_SharedComponent\Components\dotNet\VideoOS.Common.SharedComponent\unittest\bin\Debug\net6.0-windows\VideoOS.Common.SharedComponent.UnitTest.dll" adapterTypeName="executor://mstestadapter/v2" className="VideoOS.Common.SharedComponent.UnitTest.ClientProfileSpecificationTest" name="OemResourceTestCenter" />
    </UnitTest>
    <UnitTest name="CreateViewItemTestCamera" storage="d:\actions-runner\_work\xpco\xpco\allsolutions\..\common\sc_sharedcomponent\components\dotnet\videoos.common.sharedcomponent\unittest\bin\debug\net6.0-windows\videoos.common.sharedcomponent.unittest.dll" id="2bb92454-c982-85a0-fed5-5943faa53d7e">
      <Execution id="b4632b87-55b2-4596-9fe1-90b669041a7b" />
      <TestMethod codeBase="D:\actions-runner\_work\XPCO\XPCO\AllSolutions\..\Common\SC_SharedComponent\Components\dotNet\VideoOS.Common.SharedComponent\unittest\bin\Debug\net6.0-windows\VideoOS.Common.SharedComponent.UnitTest.dll" adapterTypeName="executor://mstestadapter/v2" className="VideoOS.Common.SharedComponent.UnitTest.ViewHandlingTest" name="CreateViewItemTestCamera" />
    </UnitTest>
    <UnitTest name="OemResourceTestMultipleSame" storage="d:\actions-runner\_work\xpco\xpco\allsolutions\..\common\sc_sharedcomponent\components\dotnet\videoos.common.sharedcomponent\unittest\bin\debug\net6.0-windows\videoos.common.sharedcomponent.unittest.dll" id="dd8036b8-fdc1-0d17-7df5-e0b28ab59ac4">
      <Execution id="e375ba5d-632d-46b1-806d-947baf1f3f8c" />
      <TestMethod codeBase="D:\actions-runner\_work\XPCO\XPCO\AllSolutions\..\Common\SC_SharedComponent\Components\dotNet\VideoOS.Common.SharedComponent\unittest\bin\Debug\net6.0-windows\VideoOS.Common.SharedComponent.UnitTest.dll" adapterTypeName="executor://mstestadapter/v2" className="VideoOS.Common.SharedComponent.UnitTest.ClientProfileSpecificationTest" name="OemResourceTestMultipleSame" />
    </UnitTest>
    <UnitTest name="JKTest" storage="d:\actions-runner\_work\xpco\xpco\allsolutions\..\common\sc_sharedcomponent\components\dotnet\videoos.common.sharedcomponent\unittest\bin\debug\net6.0-windows\videoos.common.sharedcomponent.unittest.dll" id="6bda8086-eb0a-b493-2dc0-3e0575dce14b">
      <Execution id="0c550e90-15d2-493d-bd88-886eca0357dd" />
      <TestMethod codeBase="D:\actions-runner\_work\XPCO\XPCO\AllSolutions\..\Common\SC_SharedComponent\Components\dotNet\VideoOS.Common.SharedComponent\unittest\bin\Debug\net6.0-windows\VideoOS.Common.SharedComponent.UnitTest.dll" adapterTypeName="executor://mstestadapter/v2" className="VideoOS.Common.SharedComponent.UnitTest.ViewItemDataTest" name="JKTest" />
    </UnitTest>
    <UnitTest name="ResourceTest" storage="d:\actions-runner\_work\xpco\xpco\allsolutions\..\common\sc_sharedcomponent\components\dotnet\videoos.common.sharedcomponent\unittest\bin\debug\net6.0-windows\videoos.common.sharedcomponent.unittest.dll" id="b6d6a872-f637-0453-3277-4afc1d03bdca">
      <Execution id="20d08e0c-adaf-4116-b527-2e91abe8c8be" />
      <TestMethod codeBase="D:\actions-runner\_work\XPCO\XPCO\AllSolutions\..\Common\SC_SharedComponent\Components\dotNet\VideoOS.Common.SharedComponent\unittest\bin\Debug\net6.0-windows\VideoOS.Common.SharedComponent.UnitTest.dll" adapterTypeName="executor://mstestadapter/v2" className="VideoOS.Common.SharedComponent.UnitTest.ClientProfileSpecificationTest" name="ResourceTest" />
    </UnitTest>
    <UnitTest name="CreateViewItemTestUnknown" storage="d:\actions-runner\_work\xpco\xpco\allsolutions\..\common\sc_sharedcomponent\components\dotnet\videoos.common.sharedcomponent\unittest\bin\debug\net6.0-windows\videoos.common.sharedcomponent.unittest.dll" id="4755979f-b152-396b-612c-7f928df8984f">
      <Execution id="fdc75d24-3821-4756-ab0d-02d23b9f1e75" />
      <TestMethod codeBase="D:\actions-runner\_work\XPCO\XPCO\AllSolutions\..\Common\SC_SharedComponent\Components\dotNet\VideoOS.Common.SharedComponent\unittest\bin\Debug\net6.0-windows\VideoOS.Common.SharedComponent.UnitTest.dll" adapterTypeName="executor://mstestadapter/v2" className="VideoOS.Common.SharedComponent.UnitTest.ViewHandlingTest" name="CreateViewItemTestUnknown" />
    </UnitTest>
    <UnitTest name="GetViewItemInformationTestUnknown" storage="d:\actions-runner\_work\xpco\xpco\allsolutions\..\common\sc_sharedcomponent\components\dotnet\videoos.common.sharedcomponent\unittest\bin\debug\net6.0-windows\videoos.common.sharedcomponent.unittest.dll" id="5fbfefb8-c26a-ecc5-0419-050c66084439">
      <Execution id="aa780e84-6d03-4167-b7c0-b2e9f249b374" />
      <TestMethod codeBase="D:\actions-runner\_work\XPCO\XPCO\AllSolutions\..\Common\SC_SharedComponent\Components\dotNet\VideoOS.Common.SharedComponent\unittest\bin\Debug\net6.0-windows\VideoOS.Common.SharedComponent.UnitTest.dll" adapterTypeName="executor://mstestadapter/v2" className="VideoOS.Common.SharedComponent.UnitTest.ViewHandlingTest" name="GetViewItemInformationTestUnknown" />
    </UnitTest>
    <UnitTest name="XmlDefinitionTestTooLarge" storage="d:\actions-runner\_work\xpco\xpco\allsolutions\..\common\sc_sharedcomponent\components\dotnet\videoos.common.sharedcomponent\unittest\bin\debug\net6.0-windows\videoos.common.sharedcomponent.unittest.dll" id="d051d716-1af7-d095-3265-7e715bcf7613">
      <Execution id="5c666723-3ac8-4883-b221-31a992a4f980" />
      <TestMethod codeBase="D:\actions-runner\_work\XPCO\XPCO\AllSolutions\..\Common\SC_SharedComponent\Components\dotNet\VideoOS.Common.SharedComponent\unittest\bin\Debug\net6.0-windows\VideoOS.Common.SharedComponent.UnitTest.dll" adapterTypeName="executor://mstestadapter/v2" className="VideoOS.Common.SharedComponent.UnitTest.ViewGroupDataTest" name="XmlDefinitionTestTooLarge" />
    </UnitTest>
    <UnitTest name="GetViewItemInformationTestVolapyk1" storage="d:\actions-runner\_work\xpco\xpco\allsolutions\..\common\sc_sharedcomponent\components\dotnet\videoos.common.sharedcomponent\unittest\bin\debug\net6.0-windows\videoos.common.sharedcomponent.unittest.dll" id="f71c123c-6224-3cde-ed06-e49ffffe41fc">
      <Execution id="b5f38558-07f0-4d33-a2d1-02447dad7f29" />
      <TestMethod codeBase="D:\actions-runner\_work\XPCO\XPCO\AllSolutions\..\Common\SC_SharedComponent\Components\dotNet\VideoOS.Common.SharedComponent\unittest\bin\Debug\net6.0-windows\VideoOS.Common.SharedComponent.UnitTest.dll" adapterTypeName="executor://mstestadapter/v2" className="VideoOS.Common.SharedComponent.UnitTest.ViewHandlingTest" name="GetViewItemInformationTestVolapyk1" />
    </UnitTest>
    <UnitTest name="CreateAViewItem" storage="d:\actions-runner\_work\xpco\xpco\allsolutions\..\common\sc_sharedcomponent\components\dotnet\videoos.common.sharedcomponent\unittest\bin\debug\net6.0-windows\videoos.common.sharedcomponent.unittest.dll" id="09402b39-b44e-45d3-946a-a044fe71ca96">
      <Execution id="e89aa06f-8ea9-4cb9-9bbb-d71fd791b53b" />
      <TestMethod codeBase="D:\actions-runner\_work\XPCO\XPCO\AllSolutions\..\Common\SC_SharedComponent\Components\dotNet\VideoOS.Common.SharedComponent\unittest\bin\Debug\net6.0-windows\VideoOS.Common.SharedComponent.UnitTest.dll" adapterTypeName="executor://mstestadapter/v2" className="VideoOS.Common.SharedComponent.UnitTest.XPCOTests" name="CreateAViewItem" />
    </UnitTest>
    <UnitTest name="GetViewItemInformationTestVolapyk" storage="d:\actions-runner\_work\xpco\xpco\allsolutions\..\common\sc_sharedcomponent\components\dotnet\videoos.common.sharedcomponent\unittest\bin\debug\net6.0-windows\videoos.common.sharedcomponent.unittest.dll" id="c1aec6fa-d646-bbe2-40da-d1ef4ef9654d">
      <Execution id="ef57158d-e5c5-4afa-928a-244d7af837a3" />
      <TestMethod codeBase="D:\actions-runner\_work\XPCO\XPCO\AllSolutions\..\Common\SC_SharedComponent\Components\dotNet\VideoOS.Common.SharedComponent\unittest\bin\Debug\net6.0-windows\VideoOS.Common.SharedComponent.UnitTest.dll" adapterTypeName="executor://mstestadapter/v2" className="VideoOS.Common.SharedComponent.UnitTest.ViewHandlingTest" name="GetViewItemInformationTestVolapyk" />
    </UnitTest>
    <UnitTest name="SplitViewsTest" storage="d:\actions-runner\_work\xpco\xpco\allsolutions\..\common\sc_sharedcomponent\components\dotnet\videoos.common.sharedcomponent\unittest\bin\debug\net6.0-windows\videoos.common.sharedcomponent.unittest.dll" id="b8d40805-4ecd-ae9f-1ca2-c8c3263fd00c">
      <Execution id="4c174fce-e7f0-4eaa-b34a-74f2b04c49e9" />
      <TestMethod codeBase="D:\actions-runner\_work\XPCO\XPCO\AllSolutions\..\Common\SC_SharedComponent\Components\dotNet\VideoOS.Common.SharedComponent\unittest\bin\Debug\net6.0-windows\VideoOS.Common.SharedComponent.UnitTest.dll" adapterTypeName="executor://mstestadapter/v2" className="VideoOS.Common.SharedComponent.UnitTest.ViewHandlingTest" name="SplitViewsTest" />
    </UnitTest>
    <UnitTest name="GetViewLayoutIconWithNonsensdata" storage="d:\actions-runner\_work\xpco\xpco\allsolutions\..\common\sc_sharedcomponent\components\dotnet\videoos.common.sharedcomponent\unittest\bin\debug\net6.0-windows\videoos.common.sharedcomponent.unittest.dll" id="6bfc640e-e0cc-1130-9c39-e1e47d6aee67">
      <Execution id="e06dcbbf-665e-42c2-9201-e6fb86e645d5" />
      <TestMethod codeBase="D:\actions-runner\_work\XPCO\XPCO\AllSolutions\..\Common\SC_SharedComponent\Components\dotNet\VideoOS.Common.SharedComponent\unittest\bin\Debug\net6.0-windows\VideoOS.Common.SharedComponent.UnitTest.dll" adapterTypeName="executor://mstestadapter/v2" className="VideoOS.Common.SharedComponent.UnitTest.ViewHandlingTest" name="GetViewLayoutIconWithNonsensdata" />
    </UnitTest>
    <UnitTest name="SettingsTest" storage="d:\actions-runner\_work\xpco\xpco\allsolutions\..\common\sc_sharedcomponent\components\dotnet\videoos.common.sharedcomponent\unittest\bin\debug\net6.0-windows\videoos.common.sharedcomponent.unittest.dll" id="4b8fac32-9961-67f2-19bd-ce7f37511565">
      <Execution id="2e1fe835-1576-44b0-822e-24519a32a865" />
      <TestMethod codeBase="D:\actions-runner\_work\XPCO\XPCO\AllSolutions\..\Common\SC_SharedComponent\Components\dotNet\VideoOS.Common.SharedComponent\unittest\bin\Debug\net6.0-windows\VideoOS.Common.SharedComponent.UnitTest.dll" adapterTypeName="executor://mstestadapter/v2" className="VideoOS.Common.SharedComponent.UnitTest.ClientProfileSpecificationTest" name="SettingsTest" />
    </UnitTest>
    <UnitTest name="XmlDefinitionTestChangeName" storage="d:\actions-runner\_work\xpco\xpco\allsolutions\..\common\sc_sharedcomponent\components\dotnet\videoos.common.sharedcomponent\unittest\bin\debug\net6.0-windows\videoos.common.sharedcomponent.unittest.dll" id="fd16fc0b-de35-083b-ff58-022abe317523">
      <Execution id="2ee551a2-5bc5-406e-b498-55b14a578344" />
      <TestMethod codeBase="D:\actions-runner\_work\XPCO\XPCO\AllSolutions\..\Common\SC_SharedComponent\Components\dotNet\VideoOS.Common.SharedComponent\unittest\bin\Debug\net6.0-windows\VideoOS.Common.SharedComponent.UnitTest.dll" adapterTypeName="executor://mstestadapter/v2" className="VideoOS.Common.SharedComponent.UnitTest.GroupDataTest" name="XmlDefinitionTestChangeName" />
    </UnitTest>
  </TestDefinitions>
  <TestEntries>
    <TestEntry testId="5fbfefb8-c26a-ecc5-0419-050c66084439" executionId="aa780e84-6d03-4167-b7c0-b2e9f249b374" testListId="8c84fa94-04c1-424b-9868-57a2d4851a1d" />
    <TestEntry testId="30eeb4d0-7353-f7b2-9ab9-ee46aa661d39" executionId="aa15996c-d4e9-4601-9887-831bdaaa3fa0" testListId="8c84fa94-04c1-424b-9868-57a2d4851a1d" />
    <TestEntry testId="9e06fd07-2b9d-78b8-e9d4-c1bfd78820ab" executionId="f9dd3f3e-69da-4dc3-8d47-fad3d338c197" testListId="8c84fa94-04c1-424b-9868-57a2d4851a1d" />
    <TestEntry testId="d051d716-1af7-d095-3265-7e715bcf7613" executionId="5c666723-3ac8-4883-b221-31a992a4f980" testListId="8c84fa94-04c1-424b-9868-57a2d4851a1d" />
    <TestEntry testId="1f4391e4-ec80-0d11-c7a5-0f92acc9ef76" executionId="00e68648-5999-4b6c-9fb0-f62463c68417" testListId="8c84fa94-04c1-424b-9868-57a2d4851a1d" />
    <TestEntry testId="eede754c-6bf8-cc48-0806-5973ae66c9ef" executionId="a929443c-0cd5-412c-9230-d5ab5f9ee1dc" testListId="8c84fa94-04c1-424b-9868-57a2d4851a1d" />
    <TestEntry testId="b9bc7de1-1701-54c1-97d8-89b432232c65" executionId="676a7e0d-19c4-434f-a69c-1a21b0719589" testListId="8c84fa94-04c1-424b-9868-57a2d4851a1d" />
    <TestEntry testId="6bda8086-eb0a-b493-2dc0-3e0575dce14b" executionId="0c550e90-15d2-493d-bd88-886eca0357dd" testListId="8c84fa94-04c1-424b-9868-57a2d4851a1d" />
    <TestEntry testId="4172bb95-d7c9-fb83-5a23-b46d579edf2d" executionId="16ac82bf-8e82-4b8f-bf71-d94595235adb" testListId="8c84fa94-04c1-424b-9868-57a2d4851a1d" />
    <TestEntry testId="564a5326-9045-4af6-a307-44976ed413a3" executionId="0ee64edb-f044-49b0-8c09-0918e5bb448b" testListId="8c84fa94-04c1-424b-9868-57a2d4851a1d" />
    <TestEntry testId="b8d40805-4ecd-ae9f-1ca2-c8c3263fd00c" executionId="4c174fce-e7f0-4eaa-b34a-74f2b04c49e9" testListId="8c84fa94-04c1-424b-9868-57a2d4851a1d" />
    <TestEntry testId="408ad07d-5f6b-b886-4d3f-296acfe05eb9" executionId="5e9396cf-5894-4544-a8a3-1cc307abfd1c" testListId="8c84fa94-04c1-424b-9868-57a2d4851a1d" />
    <TestEntry testId="4755979f-b152-396b-612c-7f928df8984f" executionId="fdc75d24-3821-4756-ab0d-02d23b9f1e75" testListId="8c84fa94-04c1-424b-9868-57a2d4851a1d" />
    <TestEntry testId="c1aec6fa-d646-bbe2-40da-d1ef4ef9654d" executionId="ef57158d-e5c5-4afa-928a-244d7af837a3" testListId="8c84fa94-04c1-424b-9868-57a2d4851a1d" />
    <TestEntry testId="6bfc640e-e0cc-1130-9c39-e1e47d6aee67" executionId="e06dcbbf-665e-42c2-9201-e6fb86e645d5" testListId="8c84fa94-04c1-424b-9868-57a2d4851a1d" />
    <TestEntry testId="d7213de0-ba53-6299-6081-4e8f0391fa0f" executionId="33b5f484-67c0-4652-938a-d1176f1f2fb5" testListId="8c84fa94-04c1-424b-9868-57a2d4851a1d" />
    <TestEntry testId="fd16fc0b-de35-083b-ff58-022abe317523" executionId="2ee551a2-5bc5-406e-b498-55b14a578344" testListId="8c84fa94-04c1-424b-9868-57a2d4851a1d" />
    <TestEntry testId="11ab56de-5757-d5e9-ba57-61fb77e7bb23" executionId="33196a07-22de-4f70-8e94-43a752c6f661" testListId="8c84fa94-04c1-424b-9868-57a2d4851a1d" />
    <TestEntry testId="c4dbd4c5-72c0-15f5-b4ca-7f7b2d8cf0ea" executionId="557b009d-8b91-4105-a395-001f9a4c9be4" testListId="8c84fa94-04c1-424b-9868-57a2d4851a1d" />
    <TestEntry testId="2bb92454-c982-85a0-fed5-5943faa53d7e" executionId="b4632b87-55b2-4596-9fe1-90b669041a7b" testListId="8c84fa94-04c1-424b-9868-57a2d4851a1d" />
    <TestEntry testId="fc6a211c-ab15-f856-ad3d-4b03d7bd9abb" executionId="d33fcab9-0b97-4fc9-8974-a0903c18e182" testListId="8c84fa94-04c1-424b-9868-57a2d4851a1d" />
    <TestEntry testId="5666b8c7-f9af-e7d0-86ea-81d03aa4bf97" executionId="82142442-2215-4015-8f43-72345c1f40a7" testListId="8c84fa94-04c1-424b-9868-57a2d4851a1d" />
    <TestEntry testId="6ece286f-822a-1030-1263-6a2e679e2fa3" executionId="da0b6375-8b9b-41e3-b91a-c26832111e91" testListId="8c84fa94-04c1-424b-9868-57a2d4851a1d" />
    <TestEntry testId="dd8036b8-fdc1-0d17-7df5-e0b28ab59ac4" executionId="e375ba5d-632d-46b1-806d-947baf1f3f8c" testListId="8c84fa94-04c1-424b-9868-57a2d4851a1d" />
    <TestEntry testId="53bbe8f2-0f34-e330-186b-23d3dc2eb668" executionId="cdfdc065-05f6-4c6e-8e81-c129e37d78f0" testListId="8c84fa94-04c1-424b-9868-57a2d4851a1d" />
    <TestEntry testId="8599377f-271d-d979-321b-9c23e61d44ef" executionId="a4fbf120-4126-4512-a9bc-69b8d06fcc24" testListId="8c84fa94-04c1-424b-9868-57a2d4851a1d" />
    <TestEntry testId="293549dc-68c7-14f8-4650-5a62dec63b87" executionId="0ed30ed0-f23a-4502-9f03-c09a9dc34af9" testListId="8c84fa94-04c1-424b-9868-57a2d4851a1d" />
    <TestEntry testId="236ca3ce-0389-8ef0-abea-b648ea8a1be0" executionId="1e7301cf-e564-4fbf-8f6e-69cfc497184f" testListId="8c84fa94-04c1-424b-9868-57a2d4851a1d" />
    <TestEntry testId="1c6db5ba-20fe-28ab-2a15-0a57b74b546c" executionId="2057a118-e2cf-4604-b8af-121a28fc4270" testListId="8c84fa94-04c1-424b-9868-57a2d4851a1d" />
    <TestEntry testId="689e1cc2-1038-8003-b0bc-81785b3aabb0" executionId="454c8fac-77c4-4496-80f5-e9c5920e4a1a" testListId="8c84fa94-04c1-424b-9868-57a2d4851a1d" />
    <TestEntry testId="5806e882-3887-1382-2196-322773243e4b" executionId="0ac27f5a-2a05-466d-8194-5ce2c94168c8" testListId="8c84fa94-04c1-424b-9868-57a2d4851a1d" />
    <TestEntry testId="b6d6a872-f637-0453-3277-4afc1d03bdca" executionId="20d08e0c-adaf-4116-b527-2e91abe8c8be" testListId="8c84fa94-04c1-424b-9868-57a2d4851a1d" />
    <TestEntry testId="09402b39-b44e-45d3-946a-a044fe71ca96" executionId="e89aa06f-8ea9-4cb9-9bbb-d71fd791b53b" testListId="8c84fa94-04c1-424b-9868-57a2d4851a1d" />
    <TestEntry testId="9dbafe7d-bc33-528e-4673-e2398c67f197" executionId="e5754cc3-d684-4877-a439-c270607fd10f" testListId="8c84fa94-04c1-424b-9868-57a2d4851a1d" />
    <TestEntry testId="f27ace5c-74da-f06b-4b97-3991ab63f367" executionId="344ec718-8284-412b-a1a0-d4d873f72926" testListId="8c84fa94-04c1-424b-9868-57a2d4851a1d" />
    <TestEntry testId="bc2b776f-71aa-5f70-1c0e-34250d6d2c50" executionId="19719b96-b3f5-4c17-90ce-a1baec1b08f0" testListId="8c84fa94-04c1-424b-9868-57a2d4851a1d" />
    <TestEntry testId="a6b14cbd-c459-74e0-c0e1-a2ee29cbdab4" executionId="d6c4361b-83a0-47aa-b42f-62bdaec9a190" testListId="8c84fa94-04c1-424b-9868-57a2d4851a1d" />
    <TestEntry testId="fa03c8f3-e5af-b789-81b4-b496e664d26d" executionId="2b93b6ab-e029-492c-9e10-c0f9bea3194a" testListId="8c84fa94-04c1-424b-9868-57a2d4851a1d" />
    <TestEntry testId="1f58a5b1-b50f-beb5-d86f-d4c6eddf592e" executionId="afae1e1d-b863-4903-a224-8b0c14b0ebbe" testListId="8c84fa94-04c1-424b-9868-57a2d4851a1d" />
    <TestEntry testId="8bf99f23-19c7-fd04-b2e4-c5011f2571b8" executionId="f7df3d89-f293-48ea-ab6c-6454a14c0520" testListId="8c84fa94-04c1-424b-9868-57a2d4851a1d" />
    <TestEntry testId="6e96adc2-3fdc-0ba2-4a9e-041d478ad370" executionId="d7836637-b13b-4126-abd9-7a7a992d4ec9" testListId="8c84fa94-04c1-424b-9868-57a2d4851a1d" />
    <TestEntry testId="de9cbd9f-4471-4e54-f5db-b90506dbee28" executionId="60d1ae4c-b5e5-488a-b8da-2a0ac8d14761" testListId="8c84fa94-04c1-424b-9868-57a2d4851a1d" />
    <TestEntry testId="de88dd35-2bb3-134a-91c5-582a2de3180e" executionId="0e9ed4c0-fc9d-4c54-8800-5f6513719d83" testListId="8c84fa94-04c1-424b-9868-57a2d4851a1d" />
    <TestEntry testId="4b8fac32-9961-67f2-19bd-ce7f37511565" executionId="2e1fe835-1576-44b0-822e-24519a32a865" testListId="8c84fa94-04c1-424b-9868-57a2d4851a1d" />
    <TestEntry testId="0eb26f68-74bb-29d5-7d08-2de54c671d9a" executionId="40bec218-63fc-478b-8dc4-931a914af0d1" testListId="8c84fa94-04c1-424b-9868-57a2d4851a1d" />
    <TestEntry testId="2491c8e0-6864-aec1-2ce1-44db22ef6175" executionId="a0afb1b1-d44b-4664-9ab3-8c00cebb1a62" testListId="8c84fa94-04c1-424b-9868-57a2d4851a1d" />
    <TestEntry testId="67bdb42f-3b3e-9ff5-d6f4-e67898880eab" executionId="51e01f91-bbea-4d89-bb5a-09597ca81a3d" testListId="8c84fa94-04c1-424b-9868-57a2d4851a1d" />
    <TestEntry testId="aa53f098-9c56-cdb1-b69f-6fde960936f2" executionId="4b92db33-7fe8-4b68-9bcc-cb865f1c6896" testListId="8c84fa94-04c1-424b-9868-57a2d4851a1d" />
    <TestEntry testId="7f274973-9012-fb8d-b543-11928fca42a3" executionId="c9d94267-a421-462b-bd31-d490044f5169" testListId="8c84fa94-04c1-424b-9868-57a2d4851a1d" />
    <TestEntry testId="98d520ea-7719-19c4-1c75-d35945f01721" executionId="7fcdc43b-eb9e-4ca4-85a7-33c447b4b6cd" testListId="8c84fa94-04c1-424b-9868-57a2d4851a1d" />
    <TestEntry testId="47403bc3-967a-71b3-2066-826018c7ac17" executionId="a4775c25-ad6c-47f9-beb8-46e7f62c1d9a" testListId="8c84fa94-04c1-424b-9868-57a2d4851a1d" />
    <TestEntry testId="723547fd-ec7f-8d56-98a9-e37c396dca17" executionId="f6f32da6-b4d0-471a-b093-607e3ccee08b" testListId="8c84fa94-04c1-424b-9868-57a2d4851a1d" />
    <TestEntry testId="2b3421b2-5298-af46-f802-a064b4d69678" executionId="86a96555-434e-4a63-8e6e-3be5df22b7e6" testListId="8c84fa94-04c1-424b-9868-57a2d4851a1d" />
    <TestEntry testId="97082b05-d0c1-515c-c534-550af4f1effa" executionId="ac8a039f-302a-4151-8040-e9f6dbed0ca1" testListId="8c84fa94-04c1-424b-9868-57a2d4851a1d" />
    <TestEntry testId="873e8bfc-2655-ce9c-d0ad-b71f6c89de6a" executionId="3770a367-26b6-4c36-89d7-399b07707022" testListId="8c84fa94-04c1-424b-9868-57a2d4851a1d" />
    <TestEntry testId="ff4e3e4a-f004-2767-4cb7-e0f5465b86bd" executionId="00424599-e8ec-4358-8f73-d1260f872529" testListId="8c84fa94-04c1-424b-9868-57a2d4851a1d" />
    <TestEntry testId="f71c123c-6224-3cde-ed06-e49ffffe41fc" executionId="b5f38558-07f0-4d33-a2d1-02447dad7f29" testListId="8c84fa94-04c1-424b-9868-57a2d4851a1d" />
    <TestEntry testId="0a0a41c5-0650-4778-1e4c-1ccad8eb4718" executionId="6cd308e6-968c-4ad6-8b70-fb9098cf95e3" testListId="8c84fa94-04c1-424b-9868-57a2d4851a1d" />
  </TestEntries>
  <TestLists>
    <TestList name="Results Not in a List" id="8c84fa94-04c1-424b-9868-57a2d4851a1d" />
    <TestList name="All Loaded Results" id="19431567-8539-422a-85d7-44ee4e166bda" />
  </TestLists>
  <ResultSummary outcome="Completed">
    <Counters total="58" executed="58" passed="58" failed="0" error="0" timeout="0" aborted="0" inconclusive="0" passedButRunAborted="0" notRunnable="0" notExecuted="0" disconnected="0" warning="0" completed="0" inProgress="0" pending="0" />
  </ResultSummary>
</TestRun>