<?xml version="1.0" encoding="utf-8"?>
<TestRun id="12755a16-5dac-41c9-bbef-7b8b1eb17844" name="DKSR-EFI-04$@DKSR-EFI-04 2023-12-22 09:33:37" runUser="NT AUTHORITY\NETWORK SERVICE" xmlns="http://microsoft.com/schemas/VisualStudio/TeamTest/2010">
  <Times creation="2023-12-22T09:33:37.5375236+01:00" queuing="2023-12-22T09:33:37.5375236+01:00" start="2023-12-22T09:33:27.4906005+01:00" finish="2023-12-22T09:33:37.6000238+01:00" />
  <TestSettings name="default" id="071bbccc-ce16-48a0-94ba-8d00eabc7dc4">
    <Deployment runDeploymentRoot="DKSR-EFI-04$_DKSR-EFI-04_2023-12-22_09_33_37" />
  </TestSettings>
  <Results>
    <UnitTestResult executionId="ad0aa00b-928b-4d3f-b630-f816d3b3bbdf" testId="e1f51545-27f1-9a6c-6db1-1fc5dd2bd7b9" testName="BackupConfigEventServerComponent_Constructior_Null_ArgumentNullException" computerName="DKSR-EFI-04" duration="00:00:00.3464089" startTime="2023-12-22T09:33:36.1156436+01:00" endTime="2023-12-22T09:33:36.8031454+01:00" testType="13cdc9d9-ddb5-4fa4-a97d-d965ccfc6d4b" outcome="Passed" testListId="8c84fa94-04c1-424b-9868-57a2d4851a1d" relativeResultsDirectory="ad0aa00b-928b-4d3f-b630-f816d3b3bbdf" />
  </Results>
  <TestDefinitions>
    <UnitTest name="BackupConfigEventServerComponent_Constructior_Null_ArgumentNullException" storage="d:\actions-runner\_work\xpco\xpco\corporate\videoos.server.backuprestorecomponent.unittests\bin\x64\debug\videoos.server.backuprestorecomponent.unittests.dll" id="e1f51545-27f1-9a6c-6db1-1fc5dd2bd7b9">
      <Execution id="ad0aa00b-928b-4d3f-b630-f816d3b3bbdf" />
      <TestMethod codeBase="D:\actions-runner\_work\XPCO\XPCO\Corporate\VideoOS.Server.BackupRestoreComponent.UnitTests\bin\x64\Debug\VideoOS.Server.BackupRestoreComponent.UnitTests.dll" adapterTypeName="executor://mstestadapter/v2" className="VideoOS.Server.BackupRestoreComponent.UnitTests.BackupConfigEventServerComponentUnitTests" name="BackupConfigEventServerComponent_Constructior_Null_ArgumentNullException" />
    </UnitTest>
  </TestDefinitions>
  <TestEntries>
    <TestEntry testId="e1f51545-27f1-9a6c-6db1-1fc5dd2bd7b9" executionId="ad0aa00b-928b-4d3f-b630-f816d3b3bbdf" testListId="8c84fa94-04c1-424b-9868-57a2d4851a1d" />
  </TestEntries>
  <TestLists>
    <TestList name="Results Not in a List" id="8c84fa94-04c1-424b-9868-57a2d4851a1d" />
    <TestList name="All Loaded Results" id="19431567-8539-422a-85d7-44ee4e166bda" />
  </TestLists>
  <ResultSummary outcome="Completed">
    <Counters total="1" executed="1" passed="1" failed="0" error="0" timeout="0" aborted="0" inconclusive="0" passedButRunAborted="0" notRunnable="0" notExecuted="0" disconnected="0" warning="0" completed="0" inProgress="0" pending="0" />
  </ResultSummary>
</TestRun>