<?xml version="1.0" encoding="utf-8"?>
<TestRun id="c7f48a40-93f7-443d-bba8-9f548361d373" name="DKSR-EFI-04$@DKSR-EFI-04 2023-12-22 09:32:10" runUser="NT AUTHORITY\NETWORK SERVICE" xmlns="http://microsoft.com/schemas/VisualStudio/TeamTest/2010">
  <Times creation="2023-12-22T09:32:10.3339906+01:00" queuing="2023-12-22T09:32:10.3339906+01:00" start="2023-12-22T09:32:08.5527311+01:00" finish="2023-12-22T09:32:11.1621165+01:00" />
  <TestSettings name="default" id="3e2a3cc5-f1fe-4d13-b498-b48e19208302">
    <Deployment runDeploymentRoot="DKSR-EFI-04$_DKSR-EFI-04_2023-12-22_09_32_10" />
  </TestSettings>
  <Results>
    <UnitTestResult executionId="b67b59a9-9e93-45b1-a55f-3d49545a9cdb" testId="585f47f7-cebb-b438-f6d0-f20856186fe6" testName="IsBundleLicensedShouldReturnTrueWhenSomePluginsAreLicensed" computerName="DKSR-EFI-04" duration="00:00:00.0017289" startTime="2023-12-22T09:32:10.8339915+01:00" endTime="2023-12-22T09:32:10.8339915+01:00" testType="13cdc9d9-ddb5-4fa4-a97d-d965ccfc6d4b" outcome="Passed" testListId="8c84fa94-04c1-424b-9868-57a2d4851a1d" relativeResultsDirectory="b67b59a9-9e93-45b1-a55f-3d49545a9cdb" />
    <UnitTestResult executionId="6d8f5f95-cfcf-40ad-a14a-07bc00178a79" testId="a08ca1ea-f3ab-a2a4-541e-2f8e670a8462" testName="Test" computerName="DKSR-EFI-04" duration="00:00:00.2475936" startTime="2023-12-22T09:32:09.8496122+01:00" endTime="2023-12-22T09:32:10.3027399+01:00" testType="13cdc9d9-ddb5-4fa4-a97d-d965ccfc6d4b" outcome="Passed" testListId="8c84fa94-04c1-424b-9868-57a2d4851a1d" relativeResultsDirectory="6d8f5f95-cfcf-40ad-a14a-07bc00178a79" />
    <UnitTestResult executionId="4497075f-f2a1-4c6f-a908-c58831f6b9b4" testId="24a17996-d1d5-8f91-ab1a-2c3dfd2bf020" testName="SaveLicensedDevicesShouldSaveInAllPlugins" computerName="DKSR-EFI-04" duration="00:00:00.1107032" startTime="2023-12-22T09:32:10.8496162+01:00" endTime="2023-12-22T09:32:10.9589926+01:00" testType="13cdc9d9-ddb5-4fa4-a97d-d965ccfc6d4b" outcome="Passed" testListId="8c84fa94-04c1-424b-9868-57a2d4851a1d" relativeResultsDirectory="4497075f-f2a1-4c6f-a908-c58831f6b9b4" />
    <UnitTestResult executionId="dcb1f45d-1de1-44e1-81ea-ea88f964d6ab" testId="9e7febf6-a31f-36ff-4b74-5af342a5e996" testName="IsBundleLicensedShouldReturnTrueWhenAllPluginsAreLicensed" computerName="DKSR-EFI-04" duration="00:00:00.5098418" startTime="2023-12-22T09:32:10.3183647+01:00" endTime="2023-12-22T09:32:10.8339915+01:00" testType="13cdc9d9-ddb5-4fa4-a97d-d965ccfc6d4b" outcome="Passed" testListId="8c84fa94-04c1-424b-9868-57a2d4851a1d" relativeResultsDirectory="dcb1f45d-1de1-44e1-81ea-ea88f964d6ab" />
    <UnitTestResult executionId="1d433dc0-bc3b-406f-975f-dce02b33daa6" testId="6c15e3d6-92d8-ccf9-8121-29bc5a0670d4" testName="IsBundleLicensedShouldReturnFalseWhenNoPluginsAreLicensed" computerName="DKSR-EFI-04" duration="00:00:00.0041269" startTime="2023-12-22T09:32:10.8339915+01:00" endTime="2023-12-22T09:32:10.8496162+01:00" testType="13cdc9d9-ddb5-4fa4-a97d-d965ccfc6d4b" outcome="Passed" testListId="8c84fa94-04c1-424b-9868-57a2d4851a1d" relativeResultsDirectory="1d433dc0-bc3b-406f-975f-dce02b33daa6" />
  </Results>
  <TestDefinitions>
    <UnitTest name="SaveLicensedDevicesShouldSaveInAllPlugins" storage="d:\actions-runner\_work\xpco\xpco\addons\verticals\common\tst\videoos.verticals.common.mc.unittests\bin\x64\debug\net472\videoos.verticals.common.mc.unittests.dll" id="24a17996-d1d5-8f91-ab1a-2c3dfd2bf020">
      <Execution id="4497075f-f2a1-4c6f-a908-c58831f6b9b4" />
      <TestMethod codeBase="D:\actions-runner\_work\XPCO\XPCO\AddOns\Verticals\Common\tst\VideoOs.Verticals.Common.MC.UnitTests\bin\x64\Debug\net472\VideoOS.Verticals.Common.MC.UnitTests.dll" adapterTypeName="executor://mstestadapter/v2" className="VideoOS.Verticals.Common.MC.UnitTests.PluginLicenseReaderTests" name="SaveLicensedDevicesShouldSaveInAllPlugins" />
    </UnitTest>
    <UnitTest name="IsBundleLicensedShouldReturnFalseWhenNoPluginsAreLicensed" storage="d:\actions-runner\_work\xpco\xpco\addons\verticals\common\tst\videoos.verticals.common.mc.unittests\bin\x64\debug\net472\videoos.verticals.common.mc.unittests.dll" id="6c15e3d6-92d8-ccf9-8121-29bc5a0670d4">
      <Execution id="1d433dc0-bc3b-406f-975f-dce02b33daa6" />
      <TestMethod codeBase="D:\actions-runner\_work\XPCO\XPCO\AddOns\Verticals\Common\tst\VideoOs.Verticals.Common.MC.UnitTests\bin\x64\Debug\net472\VideoOS.Verticals.Common.MC.UnitTests.dll" adapterTypeName="executor://mstestadapter/v2" className="VideoOS.Verticals.Common.MC.UnitTests.PluginLicenseReaderTests" name="IsBundleLicensedShouldReturnFalseWhenNoPluginsAreLicensed" />
    </UnitTest>
    <UnitTest name="IsBundleLicensedShouldReturnTrueWhenSomePluginsAreLicensed" storage="d:\actions-runner\_work\xpco\xpco\addons\verticals\common\tst\videoos.verticals.common.mc.unittests\bin\x64\debug\net472\videoos.verticals.common.mc.unittests.dll" id="585f47f7-cebb-b438-f6d0-f20856186fe6">
      <Execution id="b67b59a9-9e93-45b1-a55f-3d49545a9cdb" />
      <TestMethod codeBase="D:\actions-runner\_work\XPCO\XPCO\AddOns\Verticals\Common\tst\VideoOs.Verticals.Common.MC.UnitTests\bin\x64\Debug\net472\VideoOS.Verticals.Common.MC.UnitTests.dll" adapterTypeName="executor://mstestadapter/v2" className="VideoOS.Verticals.Common.MC.UnitTests.PluginLicenseReaderTests" name="IsBundleLicensedShouldReturnTrueWhenSomePluginsAreLicensed" />
    </UnitTest>
    <UnitTest name="IsBundleLicensedShouldReturnTrueWhenAllPluginsAreLicensed" storage="d:\actions-runner\_work\xpco\xpco\addons\verticals\common\tst\videoos.verticals.common.mc.unittests\bin\x64\debug\net472\videoos.verticals.common.mc.unittests.dll" id="9e7febf6-a31f-36ff-4b74-5af342a5e996">
      <Execution id="dcb1f45d-1de1-44e1-81ea-ea88f964d6ab" />
      <TestMethod codeBase="D:\actions-runner\_work\XPCO\XPCO\AddOns\Verticals\Common\tst\VideoOs.Verticals.Common.MC.UnitTests\bin\x64\Debug\net472\VideoOS.Verticals.Common.MC.UnitTests.dll" adapterTypeName="executor://mstestadapter/v2" className="VideoOS.Verticals.Common.MC.UnitTests.PluginLicenseReaderTests" name="IsBundleLicensedShouldReturnTrueWhenAllPluginsAreLicensed" />
    </UnitTest>
    <UnitTest name="Test" storage="d:\actions-runner\_work\xpco\xpco\addons\verticals\common\tst\videoos.verticals.common.mc.unittests\bin\x64\debug\net472\videoos.verticals.common.mc.unittests.dll" id="a08ca1ea-f3ab-a2a4-541e-2f8e670a8462">
      <Execution id="6d8f5f95-cfcf-40ad-a14a-07bc00178a79" />
      <TestMethod codeBase="D:\actions-runner\_work\XPCO\XPCO\AddOns\Verticals\Common\tst\VideoOs.Verticals.Common.MC.UnitTests\bin\x64\Debug\net472\VideoOS.Verticals.Common.MC.UnitTests.dll" adapterTypeName="executor://mstestadapter/v2" className="VideoOS.Verticals.Common.MC.Test.VerticalsCommonMCTests" name="Test" />
    </UnitTest>
  </TestDefinitions>
  <TestEntries>
    <TestEntry testId="585f47f7-cebb-b438-f6d0-f20856186fe6" executionId="b67b59a9-9e93-45b1-a55f-3d49545a9cdb" testListId="8c84fa94-04c1-424b-9868-57a2d4851a1d" />
    <TestEntry testId="a08ca1ea-f3ab-a2a4-541e-2f8e670a8462" executionId="6d8f5f95-cfcf-40ad-a14a-07bc00178a79" testListId="8c84fa94-04c1-424b-9868-57a2d4851a1d" />
    <TestEntry testId="24a17996-d1d5-8f91-ab1a-2c3dfd2bf020" executionId="4497075f-f2a1-4c6f-a908-c58831f6b9b4" testListId="8c84fa94-04c1-424b-9868-57a2d4851a1d" />
    <TestEntry testId="9e7febf6-a31f-36ff-4b74-5af342a5e996" executionId="dcb1f45d-1de1-44e1-81ea-ea88f964d6ab" testListId="8c84fa94-04c1-424b-9868-57a2d4851a1d" />
    <TestEntry testId="6c15e3d6-92d8-ccf9-8121-29bc5a0670d4" executionId="1d433dc0-bc3b-406f-975f-dce02b33daa6" testListId="8c84fa94-04c1-424b-9868-57a2d4851a1d" />
  </TestEntries>
  <TestLists>
    <TestList name="Results Not in a List" id="8c84fa94-04c1-424b-9868-57a2d4851a1d" />
    <TestList name="All Loaded Results" id="19431567-8539-422a-85d7-44ee4e166bda" />
  </TestLists>
  <ResultSummary outcome="Completed">
    <Counters total="5" executed="5" passed="5" failed="0" error="0" timeout="0" aborted="0" inconclusive="0" passedButRunAborted="0" notRunnable="0" notExecuted="0" disconnected="0" warning="0" completed="0" inProgress="0" pending="0" />
  </ResultSummary>
</TestRun>