<?xml version="1.0" encoding="utf-8"?>
<TestRun id="df492bc1-c8e2-4631-85b2-4a0d42b40ebf" name="DKSR-EFI-04$@DKSR-EFI-04 2023-12-22 09:32:20" runUser="NT AUTHORITY\NETWORK SERVICE" xmlns="http://microsoft.com/schemas/VisualStudio/TeamTest/2010">
  <Times creation="2023-12-22T09:32:20.4434099+01:00" queuing="2023-12-22T09:32:20.4434099+01:00" start="2023-12-22T09:32:18.3965253+01:00" finish="2023-12-22T09:32:21.3184137+01:00" />
  <TestSettings name="default" id="5c71e279-d799-4021-803b-ee0af6becb60">
    <Deployment runDeploymentRoot="DKSR-EFI-04$_DKSR-EFI-04_2023-12-22_09_32_20" />
  </TestSettings>
  <Results>
    <UnitTestResult executionId="25845a1c-23cb-447b-aa7f-9f129a5f95dc" testId="5666b8c7-f9af-e7d0-86ea-81d03aa4bf97" testName="GetViewLayoutIconWithoutIconData" computerName="DKSR-EFI-04" duration="00:00:00.0003201" startTime="2023-12-22T09:32:20.9746624+01:00" endTime="2023-12-22T09:32:20.9746624+01:00" testType="13cdc9d9-ddb5-4fa4-a97d-d965ccfc6d4b" outcome="Passed" testListId="8c84fa94-04c1-424b-9868-57a2d4851a1d" relativeResultsDirectory="25845a1c-23cb-447b-aa7f-9f129a5f95dc" />
    <UnitTestResult executionId="e099e341-0ab6-4043-9ccf-ab40486760b1" testId="ff4e3e4a-f004-2767-4cb7-e0f5465b86bd" testName="GetViewItemInformationTestEmpty" computerName="DKSR-EFI-04" duration="00:00:00.0002498" startTime="2023-12-22T09:32:20.9434128+01:00" endTime="2023-12-22T09:32:20.9434128+01:00" testType="13cdc9d9-ddb5-4fa4-a97d-d965ccfc6d4b" outcome="Passed" testListId="8c84fa94-04c1-424b-9868-57a2d4851a1d" relativeResultsDirectory="e099e341-0ab6-4043-9ccf-ab40486760b1" />
    <UnitTestResult executionId="5398afb1-166e-440f-be02-b32add590b07" testId="eede754c-6bf8-cc48-0806-5973ae66c9ef" testName="CreateAViewFromViewLayout" computerName="DKSR-EFI-04" duration="00:00:00.0032683" startTime="2023-12-22T09:32:21.0371624+01:00" endTime="2023-12-22T09:32:21.0371624+01:00" testType="13cdc9d9-ddb5-4fa4-a97d-d965ccfc6d4b" outcome="Passed" testListId="8c84fa94-04c1-424b-9868-57a2d4851a1d" relativeResultsDirectory="5398afb1-166e-440f-be02-b32add590b07" />
    <UnitTestResult executionId="c2978228-1b1b-469c-b1c4-34105669c4c6" testId="4b8fac32-9961-67f2-19bd-ce7f37511565" testName="SettingsTest" computerName="DKSR-EFI-04" duration="00:00:00.0116440" startTime="2023-12-22T09:32:20.4434099+01:00" endTime="2023-12-22T09:32:20.4590358+01:00" testType="13cdc9d9-ddb5-4fa4-a97d-d965ccfc6d4b" outcome="Passed" testListId="8c84fa94-04c1-424b-9868-57a2d4851a1d" relativeResultsDirectory="c2978228-1b1b-469c-b1c4-34105669c4c6" />
    <UnitTestResult executionId="b55e433e-8e08-44b6-8cf8-0ff4ae6462ac" testId="bc2b776f-71aa-5f70-1c0e-34250d6d2c50" testName="GetViewItemInformationTestVolapyk2" computerName="DKSR-EFI-04" duration="00:00:00.0139381" startTime="2023-12-22T09:32:20.9590360+01:00" endTime="2023-12-22T09:32:20.9590360+01:00" testType="13cdc9d9-ddb5-4fa4-a97d-d965ccfc6d4b" outcome="Passed" testListId="8c84fa94-04c1-424b-9868-57a2d4851a1d" relativeResultsDirectory="b55e433e-8e08-44b6-8cf8-0ff4ae6462ac" />
    <UnitTestResult executionId="87731f89-0429-48f8-a6b7-b93f6659899f" testId="c1aec6fa-d646-bbe2-40da-d1ef4ef9654d" testName="GetViewItemInformationTestVolapyk" computerName="DKSR-EFI-04" duration="00:00:00.0007038" startTime="2023-12-22T09:32:20.9434128+01:00" endTime="2023-12-22T09:32:20.9590360+01:00" testType="13cdc9d9-ddb5-4fa4-a97d-d965ccfc6d4b" outcome="Passed" testListId="8c84fa94-04c1-424b-9868-57a2d4851a1d" relativeResultsDirectory="87731f89-0429-48f8-a6b7-b93f6659899f" />
    <UnitTestResult executionId="51a68d84-ab6d-48b9-9656-a2424cd099b2" testId="d7213de0-ba53-6299-6081-4e8f0391fa0f" testName="XmlDefinitionTestSameXmlDefWithViewLayout" computerName="DKSR-EFI-04" duration="00:00:00.0057196" startTime="2023-12-22T09:32:20.8496626+01:00" endTime="2023-12-22T09:32:20.8496626+01:00" testType="13cdc9d9-ddb5-4fa4-a97d-d965ccfc6d4b" outcome="Passed" testListId="8c84fa94-04c1-424b-9868-57a2d4851a1d" relativeResultsDirectory="51a68d84-ab6d-48b9-9656-a2424cd099b2" />
    <UnitTestResult executionId="e92a5d76-c1c9-4dc4-a072-27a965717131" testId="1f58a5b1-b50f-beb5-d86f-d4c6eddf592e" testName="XmlDefinitionTestSameXmlDefWithViewLayoutNotMatchingViewLayoutType" computerName="DKSR-EFI-04" duration="00:00:00.0003396" startTime="2023-12-22T09:32:20.8496626+01:00" endTime="2023-12-22T09:32:20.8496626+01:00" testType="13cdc9d9-ddb5-4fa4-a97d-d965ccfc6d4b" outcome="Passed" testListId="8c84fa94-04c1-424b-9868-57a2d4851a1d" relativeResultsDirectory="e92a5d76-c1c9-4dc4-a072-27a965717131" />
    <UnitTestResult executionId="aaf430f1-f5fc-427d-84c2-14ac4e45520d" testId="1c6db5ba-20fe-28ab-2a15-0a57b74b546c" testName="CreateViewItemTestWithoutName" computerName="DKSR-EFI-04" duration="00:00:00.0005506" startTime="2023-12-22T09:32:20.9746624+01:00" endTime="2023-12-22T09:32:20.9746624+01:00" testType="13cdc9d9-ddb5-4fa4-a97d-d965ccfc6d4b" outcome="Passed" testListId="8c84fa94-04c1-424b-9868-57a2d4851a1d" relativeResultsDirectory="aaf430f1-f5fc-427d-84c2-14ac4e45520d" />
    <UnitTestResult executionId="bb7fa509-16b2-49d0-8dfb-4a4c9ee84bdf" testId="6e96adc2-3fdc-0ba2-4a9e-041d478ad370" testName="CreateViewItemTestEmpty" computerName="DKSR-EFI-04" duration="00:00:00.0003920" startTime="2023-12-22T09:32:20.9746624+01:00" endTime="2023-12-22T09:32:20.9746624+01:00" testType="13cdc9d9-ddb5-4fa4-a97d-d965ccfc6d4b" outcome="Passed" testListId="8c84fa94-04c1-424b-9868-57a2d4851a1d" relativeResultsDirectory="bb7fa509-16b2-49d0-8dfb-4a4c9ee84bdf" />
    <UnitTestResult executionId="1dc97c74-aebd-44f7-9eb6-2d1ed3a2bfaf" testId="fc6a211c-ab15-f856-ad3d-4b03d7bd9abb" testName="OemResourceTestMultiple" computerName="DKSR-EFI-04" duration="00:00:00.0001028" startTime="2023-12-22T09:32:20.3652838+01:00" endTime="2023-12-22T09:32:20.3652838+01:00" testType="13cdc9d9-ddb5-4fa4-a97d-d965ccfc6d4b" outcome="Passed" testListId="8c84fa94-04c1-424b-9868-57a2d4851a1d" relativeResultsDirectory="1dc97c74-aebd-44f7-9eb6-2d1ed3a2bfaf" />
    <UnitTestResult executionId="c401b770-24b0-4675-b099-ff600201a184" testId="2bb92454-c982-85a0-fed5-5943faa53d7e" testName="CreateViewItemTestCamera" computerName="DKSR-EFI-04" duration="00:00:00.0007424" startTime="2023-12-22T09:32:20.9590360+01:00" endTime="2023-12-22T09:32:20.9746624+01:00" testType="13cdc9d9-ddb5-4fa4-a97d-d965ccfc6d4b" outcome="Passed" testListId="8c84fa94-04c1-424b-9868-57a2d4851a1d" relativeResultsDirectory="c401b770-24b0-4675-b099-ff600201a184" />
    <UnitTestResult executionId="d6f106c3-37b5-42fd-a7d7-39596b35a7f5" testId="5806e882-3887-1382-2196-322773243e4b" testName="ReadTheLayoutOfAMonitorPreset" computerName="DKSR-EFI-04" duration="00:00:00.0052751" startTime="2023-12-22T09:32:21.0215371+01:00" endTime="2023-12-22T09:32:21.0371624+01:00" testType="13cdc9d9-ddb5-4fa4-a97d-d965ccfc6d4b" outcome="Passed" testListId="8c84fa94-04c1-424b-9868-57a2d4851a1d" relativeResultsDirectory="d6f106c3-37b5-42fd-a7d7-39596b35a7f5" />
    <UnitTestResult executionId="e67ab6d9-f045-45e0-bfa5-a4f612b95fdc" testId="4172bb95-d7c9-fb83-5a23-b46d579edf2d" testName="HasSameLayoutTestDifferentLayoutSameCountOfItems" computerName="DKSR-EFI-04" duration="00:00:00.0008565" startTime="2023-12-22T09:32:20.8965377+01:00" endTime="2023-12-22T09:32:20.8965377+01:00" testType="13cdc9d9-ddb5-4fa4-a97d-d965ccfc6d4b" outcome="Passed" testListId="8c84fa94-04c1-424b-9868-57a2d4851a1d" relativeResultsDirectory="e67ab6d9-f045-45e0-bfa5-a4f612b95fdc" />
    <UnitTestResult executionId="a73d188c-eab3-47b4-ab3f-7a14c9f6721d" testId="47403bc3-967a-71b3-2066-826018c7ac17" testName="OemResourceTestLeft" computerName="DKSR-EFI-04" duration="00:00:00.0001457" startTime="2023-12-22T09:32:20.3652838+01:00" endTime="2023-12-22T09:32:20.3652838+01:00" testType="13cdc9d9-ddb5-4fa4-a97d-d965ccfc6d4b" outcome="Passed" testListId="8c84fa94-04c1-424b-9868-57a2d4851a1d" relativeResultsDirectory="a73d188c-eab3-47b4-ab3f-7a14c9f6721d" />
    <UnitTestResult executionId="7ed09ac9-fc43-495e-b9ec-2ea771ccb151" testId="f71c123c-6224-3cde-ed06-e49ffffe41fc" testName="GetViewItemInformationTestVolapyk1" computerName="DKSR-EFI-04" duration="00:00:00.0001414" startTime="2023-12-22T09:32:20.9590360+01:00" endTime="2023-12-22T09:32:20.9590360+01:00" testType="13cdc9d9-ddb5-4fa4-a97d-d965ccfc6d4b" outcome="Passed" testListId="8c84fa94-04c1-424b-9868-57a2d4851a1d" relativeResultsDirectory="7ed09ac9-fc43-495e-b9ec-2ea771ccb151" />
    <UnitTestResult executionId="23aae50a-2482-4410-94b6-2a3d4f67025f" testId="f27ace5c-74da-f06b-4b97-3991ab63f367" testName="CreateViewTest" computerName="DKSR-EFI-04" duration="00:00:00.0037439" startTime="2023-12-22T09:32:20.9902884+01:00" endTime="2023-12-22T09:32:20.9902884+01:00" testType="13cdc9d9-ddb5-4fa4-a97d-d965ccfc6d4b" outcome="Passed" testListId="8c84fa94-04c1-424b-9868-57a2d4851a1d" relativeResultsDirectory="23aae50a-2482-4410-94b6-2a3d4f67025f" />
    <UnitTestResult executionId="ec46bdd1-9a8b-47e1-ba7a-b0b56d093e10" testId="aa53f098-9c56-cdb1-b69f-6fde960936f2" testName="XmlDefinitionTestTooLarge" computerName="DKSR-EFI-04" duration="00:00:00.2162029" startTime="2023-12-22T09:32:20.5215347+01:00" endTime="2023-12-22T09:32:20.7402892+01:00" testType="13cdc9d9-ddb5-4fa4-a97d-d965ccfc6d4b" outcome="Passed" testListId="8c84fa94-04c1-424b-9868-57a2d4851a1d" relativeResultsDirectory="ec46bdd1-9a8b-47e1-ba7a-b0b56d093e10" />
    <UnitTestResult executionId="bb710163-809e-4e6d-9554-25d1676f77d4" testId="a6b14cbd-c459-74e0-c0e1-a2ee29cbdab4" testName="MergeViewsTestRenameViewItem2" computerName="DKSR-EFI-04" duration="00:00:00.0041899" startTime="2023-12-22T09:32:20.9121623+01:00" endTime="2023-12-22T09:32:20.9121623+01:00" testType="13cdc9d9-ddb5-4fa4-a97d-d965ccfc6d4b" outcome="Passed" testListId="8c84fa94-04c1-424b-9868-57a2d4851a1d" relativeResultsDirectory="bb710163-809e-4e6d-9554-25d1676f77d4" />
    <UnitTestResult executionId="ef95f677-fb57-4e64-ad46-bafb1da77496" testId="de9cbd9f-4471-4e54-f5db-b90506dbee28" testName="GetViewItemInformationTestCamera" computerName="DKSR-EFI-04" duration="00:00:00.0056792" startTime="2023-12-22T09:32:20.9434128+01:00" endTime="2023-12-22T09:32:20.9434128+01:00" testType="13cdc9d9-ddb5-4fa4-a97d-d965ccfc6d4b" outcome="Passed" testListId="8c84fa94-04c1-424b-9868-57a2d4851a1d" relativeResultsDirectory="ef95f677-fb57-4e64-ad46-bafb1da77496" />
    <UnitTestResult executionId="6e50c901-998c-4d3b-9b67-459bc1b9d045" testId="c4dbd4c5-72c0-15f5-b4ca-7f7b2d8cf0ea" testName="ClientProfileSpecificationConstructorTest" computerName="DKSR-EFI-04" duration="00:00:00.0507597" startTime="2023-12-22T09:32:20.3652838+01:00" endTime="2023-12-22T09:32:20.4121614+01:00" testType="13cdc9d9-ddb5-4fa4-a97d-d965ccfc6d4b" outcome="Passed" testListId="8c84fa94-04c1-424b-9868-57a2d4851a1d" relativeResultsDirectory="6e50c901-998c-4d3b-9b67-459bc1b9d045" />
    <UnitTestResult executionId="50b8d043-5db0-4e7d-87c7-3e7aba0f1c16" testId="11ab56de-5757-d5e9-ba57-61fb77e7bb23" testName="XmlDefinitionTestWithXmlNs" computerName="DKSR-EFI-04" duration="00:00:00.0011042" startTime="2023-12-22T09:32:20.9121623+01:00" endTime="2023-12-22T09:32:20.9121623+01:00" testType="13cdc9d9-ddb5-4fa4-a97d-d965ccfc6d4b" outcome="Passed" testListId="8c84fa94-04c1-424b-9868-57a2d4851a1d" relativeResultsDirectory="50b8d043-5db0-4e7d-87c7-3e7aba0f1c16" />
    <UnitTestResult executionId="260843fb-e030-4148-97bc-8c7a9ece040e" testId="30eeb4d0-7353-f7b2-9ab9-ee46aa661d39" testName="XmlDefinitionTestChangeId" computerName="DKSR-EFI-04" duration="00:00:00.0005159" startTime="2023-12-22T09:32:20.7402892+01:00" endTime="2023-12-22T09:32:20.7402892+01:00" testType="13cdc9d9-ddb5-4fa4-a97d-d965ccfc6d4b" outcome="Passed" testListId="8c84fa94-04c1-424b-9868-57a2d4851a1d" relativeResultsDirectory="260843fb-e030-4148-97bc-8c7a9ece040e" />
    <UnitTestResult executionId="b286410a-0494-497e-baa0-fa971a3d70dd" testId="2b3421b2-5298-af46-f802-a064b4d69678" testName="XmlDefinitionTestChangeName" computerName="DKSR-EFI-04" duration="00:00:00.0033184" startTime="2023-12-22T09:32:20.8652869+01:00" endTime="2023-12-22T09:32:20.8809138+01:00" testType="13cdc9d9-ddb5-4fa4-a97d-d965ccfc6d4b" outcome="Passed" testListId="8c84fa94-04c1-424b-9868-57a2d4851a1d" relativeResultsDirectory="b286410a-0494-497e-baa0-fa971a3d70dd" />
    <UnitTestResult executionId="ed2d9caa-53b6-4873-adee-bd2e224be89b" testId="689e1cc2-1038-8003-b0bc-81785b3aabb0" testName="OEMTest" computerName="DKSR-EFI-04" duration="00:00:00.0115954" startTime="2023-12-22T09:32:20.4590358+01:00" endTime="2023-12-22T09:32:20.4590358+01:00" testType="13cdc9d9-ddb5-4fa4-a97d-d965ccfc6d4b" outcome="Passed" testListId="8c84fa94-04c1-424b-9868-57a2d4851a1d" relativeResultsDirectory="ed2d9caa-53b6-4873-adee-bd2e224be89b" />
    <UnitTestResult executionId="0aa41251-3ef5-4254-8eda-6243da5d1a3d" testId="9dbafe7d-bc33-528e-4673-e2398c67f197" testName="MergeViewsTestNestedGroups" computerName="DKSR-EFI-04" duration="00:00:00.0239444" startTime="2023-12-22T09:32:20.9121623+01:00" endTime="2023-12-22T09:32:20.9434128+01:00" testType="13cdc9d9-ddb5-4fa4-a97d-d965ccfc6d4b" outcome="Passed" testListId="8c84fa94-04c1-424b-9868-57a2d4851a1d" relativeResultsDirectory="0aa41251-3ef5-4254-8eda-6243da5d1a3d" />
    <UnitTestResult executionId="2bd5dd2f-3ea5-46ba-b973-6df9241f0b26" testId="0eb26f68-74bb-29d5-7d08-2de54c671d9a" testName="MergeViewsTestSimple" computerName="DKSR-EFI-04" duration="00:00:00.0066203" startTime="2023-12-22T09:32:20.9121623+01:00" endTime="2023-12-22T09:32:20.9121623+01:00" testType="13cdc9d9-ddb5-4fa4-a97d-d965ccfc6d4b" outcome="Passed" testListId="8c84fa94-04c1-424b-9868-57a2d4851a1d" relativeResultsDirectory="2bd5dd2f-3ea5-46ba-b973-6df9241f0b26" />
    <UnitTestResult executionId="f51f48da-dacb-49f5-be1a-93d873484c15" testId="53bbe8f2-0f34-e330-186b-23d3dc2eb668" testName="GetViewLayoutIcon" computerName="DKSR-EFI-04" duration="00:00:00.0082276" startTime="2023-12-22T09:32:20.9746624+01:00" endTime="2023-12-22T09:32:20.9746624+01:00" testType="13cdc9d9-ddb5-4fa4-a97d-d965ccfc6d4b" outcome="Passed" testListId="8c84fa94-04c1-424b-9868-57a2d4851a1d" relativeResultsDirectory="f51f48da-dacb-49f5-be1a-93d873484c15" />
    <UnitTestResult executionId="3317c63d-5164-44bf-a975-3e11a7de4d0c" testId="873e8bfc-2655-ce9c-d0ad-b71f6c89de6a" testName="HasSameLayoutTest" computerName="DKSR-EFI-04" duration="00:00:00.0130022" startTime="2023-12-22T09:32:20.8809138+01:00" endTime="2023-12-22T09:32:20.8809138+01:00" testType="13cdc9d9-ddb5-4fa4-a97d-d965ccfc6d4b" outcome="Passed" testListId="8c84fa94-04c1-424b-9868-57a2d4851a1d" relativeResultsDirectory="3317c63d-5164-44bf-a975-3e11a7de4d0c" />
    <UnitTestResult executionId="eb4dcbe6-1b54-46f4-8918-a987826b7245" testId="b8d40805-4ecd-ae9f-1ca2-c8c3263fd00c" testName="SplitViewsTest" computerName="DKSR-EFI-04" duration="00:00:00.0076102" startTime="2023-12-22T09:32:20.9902884+01:00" endTime="2023-12-22T09:32:21.0059130+01:00" testType="13cdc9d9-ddb5-4fa4-a97d-d965ccfc6d4b" outcome="Passed" testListId="8c84fa94-04c1-424b-9868-57a2d4851a1d" relativeResultsDirectory="eb4dcbe6-1b54-46f4-8918-a987826b7245" />
    <UnitTestResult executionId="529f35a5-bb1a-483d-8f85-874f4bce6b94" testId="5fbfefb8-c26a-ecc5-0419-050c66084439" testName="GetViewItemInformationTestUnknown" computerName="DKSR-EFI-04" duration="00:00:00.0001987" startTime="2023-12-22T09:32:20.9434128+01:00" endTime="2023-12-22T09:32:20.9434128+01:00" testType="13cdc9d9-ddb5-4fa4-a97d-d965ccfc6d4b" outcome="Passed" testListId="8c84fa94-04c1-424b-9868-57a2d4851a1d" relativeResultsDirectory="529f35a5-bb1a-483d-8f85-874f4bce6b94" />
    <UnitTestResult executionId="dd85220a-7e75-4cc3-93f6-b2ba99e63755" testId="98d520ea-7719-19c4-1c75-d35945f01721" testName="GetViewTest" computerName="DKSR-EFI-04" duration="00:00:00.0051454" startTime="2023-12-22T09:32:21.0059130+01:00" endTime="2023-12-22T09:32:21.0059130+01:00" testType="13cdc9d9-ddb5-4fa4-a97d-d965ccfc6d4b" outcome="Passed" testListId="8c84fa94-04c1-424b-9868-57a2d4851a1d" relativeResultsDirectory="dd85220a-7e75-4cc3-93f6-b2ba99e63755" />
    <UnitTestResult executionId="00b5e867-2b48-4db4-8053-68ffa9ce80dd" testId="8599377f-271d-d979-321b-9c23e61d44ef" testName="XmlDefinitionTestSameXmlDef" computerName="DKSR-EFI-04" duration="00:00:00.0080699" startTime="2023-12-22T09:32:20.8965377+01:00" endTime="2023-12-22T09:32:20.8965377+01:00" testType="13cdc9d9-ddb5-4fa4-a97d-d965ccfc6d4b" outcome="Passed" testListId="8c84fa94-04c1-424b-9868-57a2d4851a1d" relativeResultsDirectory="00b5e867-2b48-4db4-8053-68ffa9ce80dd" />
    <UnitTestResult executionId="c5780cee-8146-4ec0-b7c9-bd00131b54fb" testId="9e06fd07-2b9d-78b8-e9d4-c1bfd78820ab" testName="TestMilestoneAndPinkResourceXmlStructure_AreSame_Success" computerName="DKSR-EFI-04" duration="00:00:00.0890575" startTime="2023-12-22T09:32:20.7402892+01:00" endTime="2023-12-22T09:32:20.8340370+01:00" testType="13cdc9d9-ddb5-4fa4-a97d-d965ccfc6d4b" outcome="Passed" testListId="8c84fa94-04c1-424b-9868-57a2d4851a1d" relativeResultsDirectory="c5780cee-8146-4ec0-b7c9-bd00131b54fb" />
    <UnitTestResult executionId="76da47ce-c7e3-4b3a-ba63-531457ae1eef" testId="1f4391e4-ec80-0d11-c7a5-0f92acc9ef76" testName="OptionIdExists" computerName="DKSR-EFI-04" duration="00:00:00.0101284" startTime="2023-12-22T09:32:20.4590358+01:00" endTime="2023-12-22T09:32:20.4746602+01:00" testType="13cdc9d9-ddb5-4fa4-a97d-d965ccfc6d4b" outcome="Passed" testListId="8c84fa94-04c1-424b-9868-57a2d4851a1d" relativeResultsDirectory="76da47ce-c7e3-4b3a-ba63-531457ae1eef" />
    <UnitTestResult executionId="e011fb22-74b2-4b6a-8fbb-9a89f01ea069" testId="fa03c8f3-e5af-b789-81b4-b496e664d26d" testName="OemResourceTestCenter" computerName="DKSR-EFI-04" duration="00:00:00.0326554" startTime="2023-12-22T09:32:20.3340338+01:00" endTime="2023-12-22T09:32:20.3652838+01:00" testType="13cdc9d9-ddb5-4fa4-a97d-d965ccfc6d4b" outcome="Passed" testListId="8c84fa94-04c1-424b-9868-57a2d4851a1d" relativeResultsDirectory="e011fb22-74b2-4b6a-8fbb-9a89f01ea069" />
    <UnitTestResult executionId="9d5f0b65-c40d-48fd-8e55-e71c94f85961" testId="0a0a41c5-0650-4778-1e4c-1ccad8eb4718" testName="XmlDefinitionTestSameXmlDef" computerName="DKSR-EFI-04" duration="00:00:00.0461458" startTime="2023-12-22T09:32:20.4746602+01:00" endTime="2023-12-22T09:32:20.5215347+01:00" testType="13cdc9d9-ddb5-4fa4-a97d-d965ccfc6d4b" outcome="Passed" testListId="8c84fa94-04c1-424b-9868-57a2d4851a1d" relativeResultsDirectory="9d5f0b65-c40d-48fd-8e55-e71c94f85961" />
    <UnitTestResult executionId="8ba3f194-09d6-4dd8-8dc7-d823b1994930" testId="293549dc-68c7-14f8-4650-5a62dec63b87" testName="TestMilestoneResource_CanReadValues_Success" computerName="DKSR-EFI-04" duration="00:00:00.0018724" startTime="2023-12-22T09:32:20.8340370+01:00" endTime="2023-12-22T09:32:20.8340370+01:00" testType="13cdc9d9-ddb5-4fa4-a97d-d965ccfc6d4b" outcome="Passed" testListId="8c84fa94-04c1-424b-9868-57a2d4851a1d" relativeResultsDirectory="8ba3f194-09d6-4dd8-8dc7-d823b1994930" />
    <UnitTestResult executionId="f7300c3f-38a3-4576-8152-0861f679e54f" testId="6bfc640e-e0cc-1130-9c39-e1e47d6aee67" testName="GetViewLayoutIconWithNonsensdata" computerName="DKSR-EFI-04" duration="00:00:00.0118937" startTime="2023-12-22T09:32:20.9746624+01:00" endTime="2023-12-22T09:32:20.9902884+01:00" testType="13cdc9d9-ddb5-4fa4-a97d-d965ccfc6d4b" outcome="Passed" testListId="8c84fa94-04c1-424b-9868-57a2d4851a1d" relativeResultsDirectory="f7300c3f-38a3-4576-8152-0861f679e54f" />
    <UnitTestResult executionId="b09becfd-0dd2-47de-b0a6-3e52d0d65103" testId="6bda8086-eb0a-b493-2dc0-3e0575dce14b" testName="JKTest" computerName="DKSR-EFI-04" duration="00:00:00.0002620" startTime="2023-12-22T09:32:21.0059130+01:00" endTime="2023-12-22T09:32:21.0059130+01:00" testType="13cdc9d9-ddb5-4fa4-a97d-d965ccfc6d4b" outcome="Passed" testListId="8c84fa94-04c1-424b-9868-57a2d4851a1d" relativeResultsDirectory="b09becfd-0dd2-47de-b0a6-3e52d0d65103" />
    <UnitTestResult executionId="e1070fe1-54b7-46ac-95e9-6b1e04545414" testId="6ece286f-822a-1030-1263-6a2e679e2fa3" testName="XmlDefinitionTest" computerName="DKSR-EFI-04" duration="00:00:00.0003746" startTime="2023-12-22T09:32:21.0059130+01:00" endTime="2023-12-22T09:32:21.0059130+01:00" testType="13cdc9d9-ddb5-4fa4-a97d-d965ccfc6d4b" outcome="Passed" testListId="8c84fa94-04c1-424b-9868-57a2d4851a1d" relativeResultsDirectory="e1070fe1-54b7-46ac-95e9-6b1e04545414" />
    <UnitTestResult executionId="7fe50f59-057d-4c46-8d8f-080d40a3e81e" testId="97082b05-d0c1-515c-c534-550af4f1effa" testName="GetXMLTest" computerName="DKSR-EFI-04" duration="00:00:00.0101839" startTime="2023-12-22T09:32:20.8496626+01:00" endTime="2023-12-22T09:32:20.8652869+01:00" testType="13cdc9d9-ddb5-4fa4-a97d-d965ccfc6d4b" outcome="Passed" testListId="8c84fa94-04c1-424b-9868-57a2d4851a1d" relativeResultsDirectory="7fe50f59-057d-4c46-8d8f-080d40a3e81e" />
    <UnitTestResult executionId="0988fe6f-6d23-459c-979d-d21ed57ee41b" testId="4755979f-b152-396b-612c-7f928df8984f" testName="CreateViewItemTestUnknown" computerName="DKSR-EFI-04" duration="00:00:00.0024574" startTime="2023-12-22T09:32:20.9746624+01:00" endTime="2023-12-22T09:32:20.9746624+01:00" testType="13cdc9d9-ddb5-4fa4-a97d-d965ccfc6d4b" outcome="Passed" testListId="8c84fa94-04c1-424b-9868-57a2d4851a1d" relativeResultsDirectory="0988fe6f-6d23-459c-979d-d21ed57ee41b" />
    <UnitTestResult executionId="c27d9771-6c5a-4306-9475-bf56bc503d7a" testId="b9bc7de1-1701-54c1-97d8-89b432232c65" testName="SectionTest" computerName="DKSR-EFI-04" duration="00:00:00.0101867" startTime="2023-12-22T09:32:20.4277842+01:00" endTime="2023-12-22T09:32:20.4434099+01:00" testType="13cdc9d9-ddb5-4fa4-a97d-d965ccfc6d4b" outcome="Passed" testListId="8c84fa94-04c1-424b-9868-57a2d4851a1d" relativeResultsDirectory="c27d9771-6c5a-4306-9475-bf56bc503d7a" />
    <UnitTestResult executionId="5d0adf25-445b-494f-bbe6-1355313d8e8e" testId="8bf99f23-19c7-fd04-b2e4-c5011f2571b8" testName="XmlDefinitionTestChangeId" computerName="DKSR-EFI-04" duration="00:00:00.0035015" startTime="2023-12-22T09:32:20.8652869+01:00" endTime="2023-12-22T09:32:20.8652869+01:00" testType="13cdc9d9-ddb5-4fa4-a97d-d965ccfc6d4b" outcome="Passed" testListId="8c84fa94-04c1-424b-9868-57a2d4851a1d" relativeResultsDirectory="5d0adf25-445b-494f-bbe6-1355313d8e8e" />
    <UnitTestResult executionId="3c0d9539-17a6-4bf4-bd5c-26aa78f24c45" testId="723547fd-ec7f-8d56-98a9-e37c396dca17" testName="ReadFromDatabaseToOldInterface" computerName="DKSR-EFI-04" duration="00:00:00.0036011" startTime="2023-12-22T09:32:21.0059130+01:00" endTime="2023-12-22T09:32:21.0215371+01:00" testType="13cdc9d9-ddb5-4fa4-a97d-d965ccfc6d4b" outcome="Passed" testListId="8c84fa94-04c1-424b-9868-57a2d4851a1d" relativeResultsDirectory="3c0d9539-17a6-4bf4-bd5c-26aa78f24c45" />
    <UnitTestResult executionId="96c1cb49-2b83-454f-b9e4-9496595d4f6f" testId="67bdb42f-3b3e-9ff5-d6f4-e67898880eab" testName="OemResourceTestRight" computerName="DKSR-EFI-04" duration="00:00:00.0001062" startTime="2023-12-22T09:32:20.3652838+01:00" endTime="2023-12-22T09:32:20.3652838+01:00" testType="13cdc9d9-ddb5-4fa4-a97d-d965ccfc6d4b" outcome="Passed" testListId="8c84fa94-04c1-424b-9868-57a2d4851a1d" relativeResultsDirectory="96c1cb49-2b83-454f-b9e4-9496595d4f6f" />
    <UnitTestResult executionId="dc87de93-936f-4de1-b979-5087800a22ef" testId="2491c8e0-6864-aec1-2ce1-44db22ef6175" testName="XmlDefinitionTestSameXmlDefWithOutViewLayout" computerName="DKSR-EFI-04" duration="00:00:00.0036069" startTime="2023-12-22T09:32:20.8496626+01:00" endTime="2023-12-22T09:32:20.8496626+01:00" testType="13cdc9d9-ddb5-4fa4-a97d-d965ccfc6d4b" outcome="Passed" testListId="8c84fa94-04c1-424b-9868-57a2d4851a1d" relativeResultsDirectory="dc87de93-936f-4de1-b979-5087800a22ef" />
    <UnitTestResult executionId="ec8b174f-b29a-498f-b300-c69802b1609c" testId="236ca3ce-0389-8ef0-abea-b648ea8a1be0" testName="WritingToDatabaseFromOldInterface" computerName="DKSR-EFI-04" duration="00:00:00.0075247" startTime="2023-12-22T09:32:21.0215371+01:00" endTime="2023-12-22T09:32:21.0215371+01:00" testType="13cdc9d9-ddb5-4fa4-a97d-d965ccfc6d4b" outcome="Passed" testListId="8c84fa94-04c1-424b-9868-57a2d4851a1d" relativeResultsDirectory="ec8b174f-b29a-498f-b300-c69802b1609c" />
    <UnitTestResult executionId="dd0d9b83-cb7b-49eb-b13c-48d324be2be8" testId="408ad07d-5f6b-b886-4d3f-296acfe05eb9" testName="OemResourceTestMissingResource" computerName="DKSR-EFI-04" duration="00:00:00.0000968" startTime="2023-12-22T09:32:20.3652838+01:00" endTime="2023-12-22T09:32:20.3652838+01:00" testType="13cdc9d9-ddb5-4fa4-a97d-d965ccfc6d4b" outcome="Passed" testListId="8c84fa94-04c1-424b-9868-57a2d4851a1d" relativeResultsDirectory="dd0d9b83-cb7b-49eb-b13c-48d324be2be8" />
    <UnitTestResult executionId="04930d85-5c38-4c04-8419-02680830f92e" testId="fd16fc0b-de35-083b-ff58-022abe317523" testName="XmlDefinitionTestChangeName" computerName="DKSR-EFI-04" duration="00:00:00.0004201" startTime="2023-12-22T09:32:20.7402892+01:00" endTime="2023-12-22T09:32:20.7402892+01:00" testType="13cdc9d9-ddb5-4fa4-a97d-d965ccfc6d4b" outcome="Passed" testListId="8c84fa94-04c1-424b-9868-57a2d4851a1d" relativeResultsDirectory="04930d85-5c38-4c04-8419-02680830f92e" />
    <UnitTestResult executionId="725975bd-e29e-4d87-bb3a-586ec5e8a261" testId="d051d716-1af7-d095-3265-7e715bcf7613" testName="XmlDefinitionTestTooLarge" computerName="DKSR-EFI-04" duration="00:00:00.0035960" startTime="2023-12-22T09:32:20.8965377+01:00" endTime="2023-12-22T09:32:20.9121623+01:00" testType="13cdc9d9-ddb5-4fa4-a97d-d965ccfc6d4b" outcome="Passed" testListId="8c84fa94-04c1-424b-9868-57a2d4851a1d" relativeResultsDirectory="725975bd-e29e-4d87-bb3a-586ec5e8a261" />
    <UnitTestResult executionId="3606390b-e157-4b1e-a3ba-0a42e098fd38" testId="09402b39-b44e-45d3-946a-a044fe71ca96" testName="CreateAViewItem" computerName="DKSR-EFI-04" duration="00:00:00.0005145" startTime="2023-12-22T09:32:21.0371624+01:00" endTime="2023-12-22T09:32:21.0371624+01:00" testType="13cdc9d9-ddb5-4fa4-a97d-d965ccfc6d4b" outcome="Passed" testListId="8c84fa94-04c1-424b-9868-57a2d4851a1d" relativeResultsDirectory="3606390b-e157-4b1e-a3ba-0a42e098fd38" />
    <UnitTestResult executionId="2592ad94-52f5-4518-82b8-05f33564a27e" testId="7f274973-9012-fb8d-b543-11928fca42a3" testName="ControlTest" computerName="DKSR-EFI-04" duration="00:00:00.0136385" startTime="2023-12-22T09:32:20.4121614+01:00" endTime="2023-12-22T09:32:20.4277842+01:00" testType="13cdc9d9-ddb5-4fa4-a97d-d965ccfc6d4b" outcome="Passed" testListId="8c84fa94-04c1-424b-9868-57a2d4851a1d" relativeResultsDirectory="2592ad94-52f5-4518-82b8-05f33564a27e" />
    <UnitTestResult executionId="aae9b928-8341-47fa-8343-f28fe171ac2f" testId="564a5326-9045-4af6-a307-44976ed413a3" testName="XmlDefinitionTestInputXmlDefTooLarge" computerName="DKSR-EFI-04" duration="00:00:00.0084080" startTime="2023-12-22T09:32:20.8340370+01:00" endTime="2023-12-22T09:32:20.8496626+01:00" testType="13cdc9d9-ddb5-4fa4-a97d-d965ccfc6d4b" outcome="Passed" testListId="8c84fa94-04c1-424b-9868-57a2d4851a1d" relativeResultsDirectory="aae9b928-8341-47fa-8343-f28fe171ac2f" />
    <UnitTestResult executionId="5d2f19af-f1fa-463a-9296-4fdbfb61cd98" testId="dd8036b8-fdc1-0d17-7df5-e0b28ab59ac4" testName="OemResourceTestMultipleSame" computerName="DKSR-EFI-04" duration="00:00:00.0000985" startTime="2023-12-22T09:32:20.3652838+01:00" endTime="2023-12-22T09:32:20.3652838+01:00" testType="13cdc9d9-ddb5-4fa4-a97d-d965ccfc6d4b" outcome="Passed" testListId="8c84fa94-04c1-424b-9868-57a2d4851a1d" relativeResultsDirectory="5d2f19af-f1fa-463a-9296-4fdbfb61cd98" />
    <UnitTestResult executionId="a4667eb9-3d3b-4013-b46e-c0194ccff055" testId="b6d6a872-f637-0453-3277-4afc1d03bdca" testName="ResourceTest" computerName="DKSR-EFI-04" duration="00:00:00.5030712" startTime="2023-12-22T09:32:19.6465310+01:00" endTime="2023-12-22T09:32:20.3184075+01:00" testType="13cdc9d9-ddb5-4fa4-a97d-d965ccfc6d4b" outcome="Passed" testListId="8c84fa94-04c1-424b-9868-57a2d4851a1d" relativeResultsDirectory="a4667eb9-3d3b-4013-b46e-c0194ccff055" />
    <UnitTestResult executionId="aa417f41-44f4-4c52-9564-9abba0467cf5" testId="de88dd35-2bb3-134a-91c5-582a2de3180e" testName="HasSameLayoutTestDifferentLayout" computerName="DKSR-EFI-04" duration="00:00:00.0007046" startTime="2023-12-22T09:32:20.8965377+01:00" endTime="2023-12-22T09:32:20.8965377+01:00" testType="13cdc9d9-ddb5-4fa4-a97d-d965ccfc6d4b" outcome="Passed" testListId="8c84fa94-04c1-424b-9868-57a2d4851a1d" relativeResultsDirectory="aa417f41-44f4-4c52-9564-9abba0467cf5" />
  </Results>
  <TestDefinitions>
    <UnitTest name="XmlDefinitionTestChangeName" storage="d:\actions-runner\_work\xpco\xpco\common\sc_sharedcomponent\components\dotnet\videoos.common.sharedcomponent\unittest\bin\debug\net47\videoos.common.sharedcomponent.unittest.dll" id="2b3421b2-5298-af46-f802-a064b4d69678">
      <Execution id="b286410a-0494-497e-baa0-fa971a3d70dd" />
      <TestMethod codeBase="D:\actions-runner\_work\XPCO\XPCO\Common\SC_SharedComponent\Components\dotNet\VideoOS.Common.SharedComponent\unittest\bin\Debug\net47\VideoOS.Common.SharedComponent.UnitTest.dll" adapterTypeName="executor://mstestadapter/v2" className="VideoOS.Common.SharedComponent.UnitTest.ViewDataTest" name="XmlDefinitionTestChangeName" />
    </UnitTest>
    <UnitTest name="ReadFromDatabaseToOldInterface" storage="d:\actions-runner\_work\xpco\xpco\common\sc_sharedcomponent\components\dotnet\videoos.common.sharedcomponent\unittest\bin\debug\net47\videoos.common.sharedcomponent.unittest.dll" id="723547fd-ec7f-8d56-98a9-e37c396dca17">
      <Execution id="3c0d9539-17a6-4bf4-bd5c-26aa78f24c45" />
      <TestMethod codeBase="D:\actions-runner\_work\XPCO\XPCO\Common\SC_SharedComponent\Components\dotNet\VideoOS.Common.SharedComponent\unittest\bin\Debug\net47\VideoOS.Common.SharedComponent.UnitTest.dll" adapterTypeName="executor://mstestadapter/v2" className="VideoOS.Common.SharedComponent.UnitTest.XPCOTests" name="ReadFromDatabaseToOldInterface" />
    </UnitTest>
    <UnitTest name="CreateViewTest" storage="d:\actions-runner\_work\xpco\xpco\common\sc_sharedcomponent\components\dotnet\videoos.common.sharedcomponent\unittest\bin\debug\net47\videoos.common.sharedcomponent.unittest.dll" id="f27ace5c-74da-f06b-4b97-3991ab63f367">
      <Execution id="23aae50a-2482-4410-94b6-2a3d4f67025f" />
      <TestMethod codeBase="D:\actions-runner\_work\XPCO\XPCO\Common\SC_SharedComponent\Components\dotNet\VideoOS.Common.SharedComponent\unittest\bin\Debug\net47\VideoOS.Common.SharedComponent.UnitTest.dll" adapterTypeName="executor://mstestadapter/v2" className="VideoOS.Common.SharedComponent.UnitTest.ViewHandlingTest" name="CreateViewTest" />
    </UnitTest>
    <UnitTest name="XmlDefinitionTestSameXmlDefWithViewLayoutNotMatchingViewLayoutType" storage="d:\actions-runner\_work\xpco\xpco\common\sc_sharedcomponent\components\dotnet\videoos.common.sharedcomponent\unittest\bin\debug\net47\videoos.common.sharedcomponent.unittest.dll" id="1f58a5b1-b50f-beb5-d86f-d4c6eddf592e">
      <Execution id="e92a5d76-c1c9-4dc4-a072-27a965717131" />
      <TestMethod codeBase="D:\actions-runner\_work\XPCO\XPCO\Common\SC_SharedComponent\Components\dotNet\VideoOS.Common.SharedComponent\unittest\bin\Debug\net47\VideoOS.Common.SharedComponent.UnitTest.dll" adapterTypeName="executor://mstestadapter/v2" className="VideoOS.Common.SharedComponent.UnitTest.ViewDataTest" name="XmlDefinitionTestSameXmlDefWithViewLayoutNotMatchingViewLayoutType" />
    </UnitTest>
    <UnitTest name="XmlDefinitionTest" storage="d:\actions-runner\_work\xpco\xpco\common\sc_sharedcomponent\components\dotnet\videoos.common.sharedcomponent\unittest\bin\debug\net47\videoos.common.sharedcomponent.unittest.dll" id="6ece286f-822a-1030-1263-6a2e679e2fa3">
      <Execution id="e1070fe1-54b7-46ac-95e9-6b1e04545414" />
      <TestMethod codeBase="D:\actions-runner\_work\XPCO\XPCO\Common\SC_SharedComponent\Components\dotNet\VideoOS.Common.SharedComponent\unittest\bin\Debug\net47\VideoOS.Common.SharedComponent.UnitTest.dll" adapterTypeName="executor://mstestadapter/v2" className="VideoOS.Common.SharedComponent.UnitTest.ViewItemDataTest" name="XmlDefinitionTest" />
    </UnitTest>
    <UnitTest name="XmlDefinitionTestSameXmlDef" storage="d:\actions-runner\_work\xpco\xpco\common\sc_sharedcomponent\components\dotnet\videoos.common.sharedcomponent\unittest\bin\debug\net47\videoos.common.sharedcomponent.unittest.dll" id="8599377f-271d-d979-321b-9c23e61d44ef">
      <Execution id="00b5e867-2b48-4db4-8053-68ffa9ce80dd" />
      <TestMethod codeBase="D:\actions-runner\_work\XPCO\XPCO\Common\SC_SharedComponent\Components\dotNet\VideoOS.Common.SharedComponent\unittest\bin\Debug\net47\VideoOS.Common.SharedComponent.UnitTest.dll" adapterTypeName="executor://mstestadapter/v2" className="VideoOS.Common.SharedComponent.UnitTest.ViewGroupDataTest" name="XmlDefinitionTestSameXmlDef" />
    </UnitTest>
    <UnitTest name="ReadTheLayoutOfAMonitorPreset" storage="d:\actions-runner\_work\xpco\xpco\common\sc_sharedcomponent\components\dotnet\videoos.common.sharedcomponent\unittest\bin\debug\net47\videoos.common.sharedcomponent.unittest.dll" id="5806e882-3887-1382-2196-322773243e4b">
      <Execution id="d6f106c3-37b5-42fd-a7d7-39596b35a7f5" />
      <TestMethod codeBase="D:\actions-runner\_work\XPCO\XPCO\Common\SC_SharedComponent\Components\dotNet\VideoOS.Common.SharedComponent\unittest\bin\Debug\net47\VideoOS.Common.SharedComponent.UnitTest.dll" adapterTypeName="executor://mstestadapter/v2" className="VideoOS.Common.SharedComponent.UnitTest.XPCOTests" name="ReadTheLayoutOfAMonitorPreset" />
    </UnitTest>
    <UnitTest name="TestMilestoneResource_CanReadValues_Success" storage="d:\actions-runner\_work\xpco\xpco\common\sc_sharedcomponent\components\dotnet\videoos.common.sharedcomponent\unittest\bin\debug\net47\videoos.common.sharedcomponent.unittest.dll" id="293549dc-68c7-14f8-4650-5a62dec63b87">
      <Execution id="8ba3f194-09d6-4dd8-8dc7-d823b1994930" />
      <TestMethod codeBase="D:\actions-runner\_work\XPCO\XPCO\Common\SC_SharedComponent\Components\dotNet\VideoOS.Common.SharedComponent\unittest\bin\Debug\net47\VideoOS.Common.SharedComponent.UnitTest.dll" adapterTypeName="executor://mstestadapter/v2" className="VideoOS.Common.SharedComponent.UnitTest.ResourceXmlTests" name="TestMilestoneResource_CanReadValues_Success" />
    </UnitTest>
    <UnitTest name="OemResourceTestLeft" storage="d:\actions-runner\_work\xpco\xpco\common\sc_sharedcomponent\components\dotnet\videoos.common.sharedcomponent\unittest\bin\debug\net47\videoos.common.sharedcomponent.unittest.dll" id="47403bc3-967a-71b3-2066-826018c7ac17">
      <Execution id="a73d188c-eab3-47b4-ab3f-7a14c9f6721d" />
      <TestMethod codeBase="D:\actions-runner\_work\XPCO\XPCO\Common\SC_SharedComponent\Components\dotNet\VideoOS.Common.SharedComponent\unittest\bin\Debug\net47\VideoOS.Common.SharedComponent.UnitTest.dll" adapterTypeName="executor://mstestadapter/v2" className="VideoOS.Common.SharedComponent.UnitTest.ClientProfileSpecificationTest" name="OemResourceTestLeft" />
    </UnitTest>
    <UnitTest name="SectionTest" storage="d:\actions-runner\_work\xpco\xpco\common\sc_sharedcomponent\components\dotnet\videoos.common.sharedcomponent\unittest\bin\debug\net47\videoos.common.sharedcomponent.unittest.dll" id="b9bc7de1-1701-54c1-97d8-89b432232c65">
      <Execution id="c27d9771-6c5a-4306-9475-bf56bc503d7a" />
      <TestMethod codeBase="D:\actions-runner\_work\XPCO\XPCO\Common\SC_SharedComponent\Components\dotNet\VideoOS.Common.SharedComponent\unittest\bin\Debug\net47\VideoOS.Common.SharedComponent.UnitTest.dll" adapterTypeName="executor://mstestadapter/v2" className="VideoOS.Common.SharedComponent.UnitTest.ClientProfileSpecificationTest" name="SectionTest" />
    </UnitTest>
    <UnitTest name="XmlDefinitionTestSameXmlDefWithOutViewLayout" storage="d:\actions-runner\_work\xpco\xpco\common\sc_sharedcomponent\components\dotnet\videoos.common.sharedcomponent\unittest\bin\debug\net47\videoos.common.sharedcomponent.unittest.dll" id="2491c8e0-6864-aec1-2ce1-44db22ef6175">
      <Execution id="dc87de93-936f-4de1-b979-5087800a22ef" />
      <TestMethod codeBase="D:\actions-runner\_work\XPCO\XPCO\Common\SC_SharedComponent\Components\dotNet\VideoOS.Common.SharedComponent\unittest\bin\Debug\net47\VideoOS.Common.SharedComponent.UnitTest.dll" adapterTypeName="executor://mstestadapter/v2" className="VideoOS.Common.SharedComponent.UnitTest.ViewDataTest" name="XmlDefinitionTestSameXmlDefWithOutViewLayout" />
    </UnitTest>
    <UnitTest name="XmlDefinitionTestChangeId" storage="d:\actions-runner\_work\xpco\xpco\common\sc_sharedcomponent\components\dotnet\videoos.common.sharedcomponent\unittest\bin\debug\net47\videoos.common.sharedcomponent.unittest.dll" id="8bf99f23-19c7-fd04-b2e4-c5011f2571b8">
      <Execution id="5d0adf25-445b-494f-bbe6-1355313d8e8e" />
      <TestMethod codeBase="D:\actions-runner\_work\XPCO\XPCO\Common\SC_SharedComponent\Components\dotNet\VideoOS.Common.SharedComponent\unittest\bin\Debug\net47\VideoOS.Common.SharedComponent.UnitTest.dll" adapterTypeName="executor://mstestadapter/v2" className="VideoOS.Common.SharedComponent.UnitTest.ViewDataTest" name="XmlDefinitionTestChangeId" />
    </UnitTest>
    <UnitTest name="OemResourceTestMissingResource" storage="d:\actions-runner\_work\xpco\xpco\common\sc_sharedcomponent\components\dotnet\videoos.common.sharedcomponent\unittest\bin\debug\net47\videoos.common.sharedcomponent.unittest.dll" id="408ad07d-5f6b-b886-4d3f-296acfe05eb9">
      <Execution id="dd0d9b83-cb7b-49eb-b13c-48d324be2be8" />
      <TestMethod codeBase="D:\actions-runner\_work\XPCO\XPCO\Common\SC_SharedComponent\Components\dotNet\VideoOS.Common.SharedComponent\unittest\bin\Debug\net47\VideoOS.Common.SharedComponent.UnitTest.dll" adapterTypeName="executor://mstestadapter/v2" className="VideoOS.Common.SharedComponent.UnitTest.ClientProfileSpecificationTest" name="OemResourceTestMissingResource" />
    </UnitTest>
    <UnitTest name="CreateViewItemTestWithoutName" storage="d:\actions-runner\_work\xpco\xpco\common\sc_sharedcomponent\components\dotnet\videoos.common.sharedcomponent\unittest\bin\debug\net47\videoos.common.sharedcomponent.unittest.dll" id="1c6db5ba-20fe-28ab-2a15-0a57b74b546c">
      <Execution id="aaf430f1-f5fc-427d-84c2-14ac4e45520d" />
      <TestMethod codeBase="D:\actions-runner\_work\XPCO\XPCO\Common\SC_SharedComponent\Components\dotNet\VideoOS.Common.SharedComponent\unittest\bin\Debug\net47\VideoOS.Common.SharedComponent.UnitTest.dll" adapterTypeName="executor://mstestadapter/v2" className="VideoOS.Common.SharedComponent.UnitTest.ViewHandlingTest" name="CreateViewItemTestWithoutName" />
    </UnitTest>
    <UnitTest name="GetViewItemInformationTestVolapyk2" storage="d:\actions-runner\_work\xpco\xpco\common\sc_sharedcomponent\components\dotnet\videoos.common.sharedcomponent\unittest\bin\debug\net47\videoos.common.sharedcomponent.unittest.dll" id="bc2b776f-71aa-5f70-1c0e-34250d6d2c50">
      <Execution id="b55e433e-8e08-44b6-8cf8-0ff4ae6462ac" />
      <TestMethod codeBase="D:\actions-runner\_work\XPCO\XPCO\Common\SC_SharedComponent\Components\dotNet\VideoOS.Common.SharedComponent\unittest\bin\Debug\net47\VideoOS.Common.SharedComponent.UnitTest.dll" adapterTypeName="executor://mstestadapter/v2" className="VideoOS.Common.SharedComponent.UnitTest.ViewHandlingTest" name="GetViewItemInformationTestVolapyk2" />
    </UnitTest>
    <UnitTest name="HasSameLayoutTestDifferentLayout" storage="d:\actions-runner\_work\xpco\xpco\common\sc_sharedcomponent\components\dotnet\videoos.common.sharedcomponent\unittest\bin\debug\net47\videoos.common.sharedcomponent.unittest.dll" id="de88dd35-2bb3-134a-91c5-582a2de3180e">
      <Execution id="aa417f41-44f4-4c52-9564-9abba0467cf5" />
      <TestMethod codeBase="D:\actions-runner\_work\XPCO\XPCO\Common\SC_SharedComponent\Components\dotNet\VideoOS.Common.SharedComponent\unittest\bin\Debug\net47\VideoOS.Common.SharedComponent.UnitTest.dll" adapterTypeName="executor://mstestadapter/v2" className="VideoOS.Common.SharedComponent.UnitTest.ViewDataTest" name="HasSameLayoutTestDifferentLayout" />
    </UnitTest>
    <UnitTest name="MergeViewsTestRenameViewItem2" storage="d:\actions-runner\_work\xpco\xpco\common\sc_sharedcomponent\components\dotnet\videoos.common.sharedcomponent\unittest\bin\debug\net47\videoos.common.sharedcomponent.unittest.dll" id="a6b14cbd-c459-74e0-c0e1-a2ee29cbdab4">
      <Execution id="bb710163-809e-4e6d-9554-25d1676f77d4" />
      <TestMethod codeBase="D:\actions-runner\_work\XPCO\XPCO\Common\SC_SharedComponent\Components\dotNet\VideoOS.Common.SharedComponent\unittest\bin\Debug\net47\VideoOS.Common.SharedComponent.UnitTest.dll" adapterTypeName="executor://mstestadapter/v2" className="VideoOS.Common.SharedComponent.UnitTest.ViewHandlingTest" name="MergeViewsTestRenameViewItem2" />
    </UnitTest>
    <UnitTest name="GetViewLayoutIconWithoutIconData" storage="d:\actions-runner\_work\xpco\xpco\common\sc_sharedcomponent\components\dotnet\videoos.common.sharedcomponent\unittest\bin\debug\net47\videoos.common.sharedcomponent.unittest.dll" id="5666b8c7-f9af-e7d0-86ea-81d03aa4bf97">
      <Execution id="25845a1c-23cb-447b-aa7f-9f129a5f95dc" />
      <TestMethod codeBase="D:\actions-runner\_work\XPCO\XPCO\Common\SC_SharedComponent\Components\dotNet\VideoOS.Common.SharedComponent\unittest\bin\Debug\net47\VideoOS.Common.SharedComponent.UnitTest.dll" adapterTypeName="executor://mstestadapter/v2" className="VideoOS.Common.SharedComponent.UnitTest.ViewHandlingTest" name="GetViewLayoutIconWithoutIconData" />
    </UnitTest>
    <UnitTest name="HasSameLayoutTestDifferentLayoutSameCountOfItems" storage="d:\actions-runner\_work\xpco\xpco\common\sc_sharedcomponent\components\dotnet\videoos.common.sharedcomponent\unittest\bin\debug\net47\videoos.common.sharedcomponent.unittest.dll" id="4172bb95-d7c9-fb83-5a23-b46d579edf2d">
      <Execution id="e67ab6d9-f045-45e0-bfa5-a4f612b95fdc" />
      <TestMethod codeBase="D:\actions-runner\_work\XPCO\XPCO\Common\SC_SharedComponent\Components\dotNet\VideoOS.Common.SharedComponent\unittest\bin\Debug\net47\VideoOS.Common.SharedComponent.UnitTest.dll" adapterTypeName="executor://mstestadapter/v2" className="VideoOS.Common.SharedComponent.UnitTest.ViewDataTest" name="HasSameLayoutTestDifferentLayoutSameCountOfItems" />
    </UnitTest>
    <UnitTest name="GetViewItemInformationTestEmpty" storage="d:\actions-runner\_work\xpco\xpco\common\sc_sharedcomponent\components\dotnet\videoos.common.sharedcomponent\unittest\bin\debug\net47\videoos.common.sharedcomponent.unittest.dll" id="ff4e3e4a-f004-2767-4cb7-e0f5465b86bd">
      <Execution id="e099e341-0ab6-4043-9ccf-ab40486760b1" />
      <TestMethod codeBase="D:\actions-runner\_work\XPCO\XPCO\Common\SC_SharedComponent\Components\dotNet\VideoOS.Common.SharedComponent\unittest\bin\Debug\net47\VideoOS.Common.SharedComponent.UnitTest.dll" adapterTypeName="executor://mstestadapter/v2" className="VideoOS.Common.SharedComponent.UnitTest.ViewHandlingTest" name="GetViewItemInformationTestEmpty" />
    </UnitTest>
    <UnitTest name="OptionIdExists" storage="d:\actions-runner\_work\xpco\xpco\common\sc_sharedcomponent\components\dotnet\videoos.common.sharedcomponent\unittest\bin\debug\net47\videoos.common.sharedcomponent.unittest.dll" id="1f4391e4-ec80-0d11-c7a5-0f92acc9ef76">
      <Execution id="76da47ce-c7e3-4b3a-ba63-531457ae1eef" />
      <TestMethod codeBase="D:\actions-runner\_work\XPCO\XPCO\Common\SC_SharedComponent\Components\dotNet\VideoOS.Common.SharedComponent\unittest\bin\Debug\net47\VideoOS.Common.SharedComponent.UnitTest.dll" adapterTypeName="executor://mstestadapter/v2" className="VideoOS.Common.SharedComponent.UnitTest.ClientProfileSpecificationTest" name="OptionIdExists" />
    </UnitTest>
    <UnitTest name="MergeViewsTestNestedGroups" storage="d:\actions-runner\_work\xpco\xpco\common\sc_sharedcomponent\components\dotnet\videoos.common.sharedcomponent\unittest\bin\debug\net47\videoos.common.sharedcomponent.unittest.dll" id="9dbafe7d-bc33-528e-4673-e2398c67f197">
      <Execution id="0aa41251-3ef5-4254-8eda-6243da5d1a3d" />
      <TestMethod codeBase="D:\actions-runner\_work\XPCO\XPCO\Common\SC_SharedComponent\Components\dotNet\VideoOS.Common.SharedComponent\unittest\bin\Debug\net47\VideoOS.Common.SharedComponent.UnitTest.dll" adapterTypeName="executor://mstestadapter/v2" className="VideoOS.Common.SharedComponent.UnitTest.ViewHandlingTest" name="MergeViewsTestNestedGroups" />
    </UnitTest>
    <UnitTest name="GetViewLayoutIcon" storage="d:\actions-runner\_work\xpco\xpco\common\sc_sharedcomponent\components\dotnet\videoos.common.sharedcomponent\unittest\bin\debug\net47\videoos.common.sharedcomponent.unittest.dll" id="53bbe8f2-0f34-e330-186b-23d3dc2eb668">
      <Execution id="f51f48da-dacb-49f5-be1a-93d873484c15" />
      <TestMethod codeBase="D:\actions-runner\_work\XPCO\XPCO\Common\SC_SharedComponent\Components\dotNet\VideoOS.Common.SharedComponent\unittest\bin\Debug\net47\VideoOS.Common.SharedComponent.UnitTest.dll" adapterTypeName="executor://mstestadapter/v2" className="VideoOS.Common.SharedComponent.UnitTest.ViewHandlingTest" name="GetViewLayoutIcon" />
    </UnitTest>
    <UnitTest name="WritingToDatabaseFromOldInterface" storage="d:\actions-runner\_work\xpco\xpco\common\sc_sharedcomponent\components\dotnet\videoos.common.sharedcomponent\unittest\bin\debug\net47\videoos.common.sharedcomponent.unittest.dll" id="236ca3ce-0389-8ef0-abea-b648ea8a1be0">
      <Execution id="ec8b174f-b29a-498f-b300-c69802b1609c" />
      <TestMethod codeBase="D:\actions-runner\_work\XPCO\XPCO\Common\SC_SharedComponent\Components\dotNet\VideoOS.Common.SharedComponent\unittest\bin\Debug\net47\VideoOS.Common.SharedComponent.UnitTest.dll" adapterTypeName="executor://mstestadapter/v2" className="VideoOS.Common.SharedComponent.UnitTest.XPCOTests" name="WritingToDatabaseFromOldInterface" />
    </UnitTest>
    <UnitTest name="XmlDefinitionTestWithXmlNs" storage="d:\actions-runner\_work\xpco\xpco\common\sc_sharedcomponent\components\dotnet\videoos.common.sharedcomponent\unittest\bin\debug\net47\videoos.common.sharedcomponent.unittest.dll" id="11ab56de-5757-d5e9-ba57-61fb77e7bb23">
      <Execution id="50b8d043-5db0-4e7d-87c7-3e7aba0f1c16" />
      <TestMethod codeBase="D:\actions-runner\_work\XPCO\XPCO\Common\SC_SharedComponent\Components\dotNet\VideoOS.Common.SharedComponent\unittest\bin\Debug\net47\VideoOS.Common.SharedComponent.UnitTest.dll" adapterTypeName="executor://mstestadapter/v2" className="VideoOS.Common.SharedComponent.UnitTest.ViewGroupDataTest" name="XmlDefinitionTestWithXmlNs" />
    </UnitTest>
    <UnitTest name="OEMTest" storage="d:\actions-runner\_work\xpco\xpco\common\sc_sharedcomponent\components\dotnet\videoos.common.sharedcomponent\unittest\bin\debug\net47\videoos.common.sharedcomponent.unittest.dll" id="689e1cc2-1038-8003-b0bc-81785b3aabb0">
      <Execution id="ed2d9caa-53b6-4873-adee-bd2e224be89b" />
      <TestMethod codeBase="D:\actions-runner\_work\XPCO\XPCO\Common\SC_SharedComponent\Components\dotNet\VideoOS.Common.SharedComponent\unittest\bin\Debug\net47\VideoOS.Common.SharedComponent.UnitTest.dll" adapterTypeName="executor://mstestadapter/v2" className="VideoOS.Common.SharedComponent.UnitTest.ClientProfileSpecificationTest" name="OEMTest" />
    </UnitTest>
    <UnitTest name="CreateViewItemTestEmpty" storage="d:\actions-runner\_work\xpco\xpco\common\sc_sharedcomponent\components\dotnet\videoos.common.sharedcomponent\unittest\bin\debug\net47\videoos.common.sharedcomponent.unittest.dll" id="6e96adc2-3fdc-0ba2-4a9e-041d478ad370">
      <Execution id="bb7fa509-16b2-49d0-8dfb-4a4c9ee84bdf" />
      <TestMethod codeBase="D:\actions-runner\_work\XPCO\XPCO\Common\SC_SharedComponent\Components\dotNet\VideoOS.Common.SharedComponent\unittest\bin\Debug\net47\VideoOS.Common.SharedComponent.UnitTest.dll" adapterTypeName="executor://mstestadapter/v2" className="VideoOS.Common.SharedComponent.UnitTest.ViewHandlingTest" name="CreateViewItemTestEmpty" />
    </UnitTest>
    <UnitTest name="CreateAViewFromViewLayout" storage="d:\actions-runner\_work\xpco\xpco\common\sc_sharedcomponent\components\dotnet\videoos.common.sharedcomponent\unittest\bin\debug\net47\videoos.common.sharedcomponent.unittest.dll" id="eede754c-6bf8-cc48-0806-5973ae66c9ef">
      <Execution id="5398afb1-166e-440f-be02-b32add590b07" />
      <TestMethod codeBase="D:\actions-runner\_work\XPCO\XPCO\Common\SC_SharedComponent\Components\dotNet\VideoOS.Common.SharedComponent\unittest\bin\Debug\net47\VideoOS.Common.SharedComponent.UnitTest.dll" adapterTypeName="executor://mstestadapter/v2" className="VideoOS.Common.SharedComponent.UnitTest.XPCOTests" name="CreateAViewFromViewLayout" />
    </UnitTest>
    <UnitTest name="MergeViewsTestSimple" storage="d:\actions-runner\_work\xpco\xpco\common\sc_sharedcomponent\components\dotnet\videoos.common.sharedcomponent\unittest\bin\debug\net47\videoos.common.sharedcomponent.unittest.dll" id="0eb26f68-74bb-29d5-7d08-2de54c671d9a">
      <Execution id="2bd5dd2f-3ea5-46ba-b973-6df9241f0b26" />
      <TestMethod codeBase="D:\actions-runner\_work\XPCO\XPCO\Common\SC_SharedComponent\Components\dotNet\VideoOS.Common.SharedComponent\unittest\bin\Debug\net47\VideoOS.Common.SharedComponent.UnitTest.dll" adapterTypeName="executor://mstestadapter/v2" className="VideoOS.Common.SharedComponent.UnitTest.ViewHandlingTest" name="MergeViewsTestSimple" />
    </UnitTest>
    <UnitTest name="OemResourceTestMultiple" storage="d:\actions-runner\_work\xpco\xpco\common\sc_sharedcomponent\components\dotnet\videoos.common.sharedcomponent\unittest\bin\debug\net47\videoos.common.sharedcomponent.unittest.dll" id="fc6a211c-ab15-f856-ad3d-4b03d7bd9abb">
      <Execution id="1dc97c74-aebd-44f7-9eb6-2d1ed3a2bfaf" />
      <TestMethod codeBase="D:\actions-runner\_work\XPCO\XPCO\Common\SC_SharedComponent\Components\dotNet\VideoOS.Common.SharedComponent\unittest\bin\Debug\net47\VideoOS.Common.SharedComponent.UnitTest.dll" adapterTypeName="executor://mstestadapter/v2" className="VideoOS.Common.SharedComponent.UnitTest.ClientProfileSpecificationTest" name="OemResourceTestMultiple" />
    </UnitTest>
    <UnitTest name="XmlDefinitionTestSameXmlDef" storage="d:\actions-runner\_work\xpco\xpco\common\sc_sharedcomponent\components\dotnet\videoos.common.sharedcomponent\unittest\bin\debug\net47\videoos.common.sharedcomponent.unittest.dll" id="0a0a41c5-0650-4778-1e4c-1ccad8eb4718">
      <Execution id="9d5f0b65-c40d-48fd-8e55-e71c94f85961" />
      <TestMethod codeBase="D:\actions-runner\_work\XPCO\XPCO\Common\SC_SharedComponent\Components\dotNet\VideoOS.Common.SharedComponent\unittest\bin\Debug\net47\VideoOS.Common.SharedComponent.UnitTest.dll" adapterTypeName="executor://mstestadapter/v2" className="VideoOS.Common.SharedComponent.UnitTest.GroupDataTest" name="XmlDefinitionTestSameXmlDef" />
    </UnitTest>
    <UnitTest name="TestMilestoneAndPinkResourceXmlStructure_AreSame_Success" storage="d:\actions-runner\_work\xpco\xpco\common\sc_sharedcomponent\components\dotnet\videoos.common.sharedcomponent\unittest\bin\debug\net47\videoos.common.sharedcomponent.unittest.dll" id="9e06fd07-2b9d-78b8-e9d4-c1bfd78820ab">
      <Execution id="c5780cee-8146-4ec0-b7c9-bd00131b54fb" />
      <TestMethod codeBase="D:\actions-runner\_work\XPCO\XPCO\Common\SC_SharedComponent\Components\dotNet\VideoOS.Common.SharedComponent\unittest\bin\Debug\net47\VideoOS.Common.SharedComponent.UnitTest.dll" adapterTypeName="executor://mstestadapter/v2" className="VideoOS.Common.SharedComponent.UnitTest.ResourceXmlTests" name="TestMilestoneAndPinkResourceXmlStructure_AreSame_Success" />
    </UnitTest>
    <UnitTest name="ClientProfileSpecificationConstructorTest" storage="d:\actions-runner\_work\xpco\xpco\common\sc_sharedcomponent\components\dotnet\videoos.common.sharedcomponent\unittest\bin\debug\net47\videoos.common.sharedcomponent.unittest.dll" id="c4dbd4c5-72c0-15f5-b4ca-7f7b2d8cf0ea">
      <Execution id="6e50c901-998c-4d3b-9b67-459bc1b9d045" />
      <TestMethod codeBase="D:\actions-runner\_work\XPCO\XPCO\Common\SC_SharedComponent\Components\dotNet\VideoOS.Common.SharedComponent\unittest\bin\Debug\net47\VideoOS.Common.SharedComponent.UnitTest.dll" adapterTypeName="executor://mstestadapter/v2" className="VideoOS.Common.SharedComponent.UnitTest.ClientProfileSpecificationTest" name="ClientProfileSpecificationConstructorTest" />
    </UnitTest>
    <UnitTest name="GetViewTest" storage="d:\actions-runner\_work\xpco\xpco\common\sc_sharedcomponent\components\dotnet\videoos.common.sharedcomponent\unittest\bin\debug\net47\videoos.common.sharedcomponent.unittest.dll" id="98d520ea-7719-19c4-1c75-d35945f01721">
      <Execution id="dd85220a-7e75-4cc3-93f6-b2ba99e63755" />
      <TestMethod codeBase="D:\actions-runner\_work\XPCO\XPCO\Common\SC_SharedComponent\Components\dotNet\VideoOS.Common.SharedComponent\unittest\bin\Debug\net47\VideoOS.Common.SharedComponent.UnitTest.dll" adapterTypeName="executor://mstestadapter/v2" className="VideoOS.Common.SharedComponent.UnitTest.ViewHandlingTest" name="GetViewTest" />
    </UnitTest>
    <UnitTest name="XmlDefinitionTestInputXmlDefTooLarge" storage="d:\actions-runner\_work\xpco\xpco\common\sc_sharedcomponent\components\dotnet\videoos.common.sharedcomponent\unittest\bin\debug\net47\videoos.common.sharedcomponent.unittest.dll" id="564a5326-9045-4af6-a307-44976ed413a3">
      <Execution id="aae9b928-8341-47fa-8343-f28fe171ac2f" />
      <TestMethod codeBase="D:\actions-runner\_work\XPCO\XPCO\Common\SC_SharedComponent\Components\dotNet\VideoOS.Common.SharedComponent\unittest\bin\Debug\net47\VideoOS.Common.SharedComponent.UnitTest.dll" adapterTypeName="executor://mstestadapter/v2" className="VideoOS.Common.SharedComponent.UnitTest.ViewDataTest" name="XmlDefinitionTestInputXmlDefTooLarge" />
    </UnitTest>
    <UnitTest name="GetXMLTest" storage="d:\actions-runner\_work\xpco\xpco\common\sc_sharedcomponent\components\dotnet\videoos.common.sharedcomponent\unittest\bin\debug\net47\videoos.common.sharedcomponent.unittest.dll" id="97082b05-d0c1-515c-c534-550af4f1effa">
      <Execution id="7fe50f59-057d-4c46-8d8f-080d40a3e81e" />
      <TestMethod codeBase="D:\actions-runner\_work\XPCO\XPCO\Common\SC_SharedComponent\Components\dotNet\VideoOS.Common.SharedComponent\unittest\bin\Debug\net47\VideoOS.Common.SharedComponent.UnitTest.dll" adapterTypeName="executor://mstestadapter/v2" className="VideoOS.Common.SharedComponent.UnitTest.ViewDataTest" name="GetXMLTest" />
    </UnitTest>
    <UnitTest name="GetViewItemInformationTestCamera" storage="d:\actions-runner\_work\xpco\xpco\common\sc_sharedcomponent\components\dotnet\videoos.common.sharedcomponent\unittest\bin\debug\net47\videoos.common.sharedcomponent.unittest.dll" id="de9cbd9f-4471-4e54-f5db-b90506dbee28">
      <Execution id="ef95f677-fb57-4e64-ad46-bafb1da77496" />
      <TestMethod codeBase="D:\actions-runner\_work\XPCO\XPCO\Common\SC_SharedComponent\Components\dotNet\VideoOS.Common.SharedComponent\unittest\bin\Debug\net47\VideoOS.Common.SharedComponent.UnitTest.dll" adapterTypeName="executor://mstestadapter/v2" className="VideoOS.Common.SharedComponent.UnitTest.ViewHandlingTest" name="GetViewItemInformationTestCamera" />
    </UnitTest>
    <UnitTest name="XmlDefinitionTestSameXmlDefWithViewLayout" storage="d:\actions-runner\_work\xpco\xpco\common\sc_sharedcomponent\components\dotnet\videoos.common.sharedcomponent\unittest\bin\debug\net47\videoos.common.sharedcomponent.unittest.dll" id="d7213de0-ba53-6299-6081-4e8f0391fa0f">
      <Execution id="51a68d84-ab6d-48b9-9656-a2424cd099b2" />
      <TestMethod codeBase="D:\actions-runner\_work\XPCO\XPCO\Common\SC_SharedComponent\Components\dotNet\VideoOS.Common.SharedComponent\unittest\bin\Debug\net47\VideoOS.Common.SharedComponent.UnitTest.dll" adapterTypeName="executor://mstestadapter/v2" className="VideoOS.Common.SharedComponent.UnitTest.ViewDataTest" name="XmlDefinitionTestSameXmlDefWithViewLayout" />
    </UnitTest>
    <UnitTest name="XmlDefinitionTestTooLarge" storage="d:\actions-runner\_work\xpco\xpco\common\sc_sharedcomponent\components\dotnet\videoos.common.sharedcomponent\unittest\bin\debug\net47\videoos.common.sharedcomponent.unittest.dll" id="aa53f098-9c56-cdb1-b69f-6fde960936f2">
      <Execution id="ec46bdd1-9a8b-47e1-ba7a-b0b56d093e10" />
      <TestMethod codeBase="D:\actions-runner\_work\XPCO\XPCO\Common\SC_SharedComponent\Components\dotNet\VideoOS.Common.SharedComponent\unittest\bin\Debug\net47\VideoOS.Common.SharedComponent.UnitTest.dll" adapterTypeName="executor://mstestadapter/v2" className="VideoOS.Common.SharedComponent.UnitTest.GroupDataTest" name="XmlDefinitionTestTooLarge" />
    </UnitTest>
    <UnitTest name="OemResourceTestRight" storage="d:\actions-runner\_work\xpco\xpco\common\sc_sharedcomponent\components\dotnet\videoos.common.sharedcomponent\unittest\bin\debug\net47\videoos.common.sharedcomponent.unittest.dll" id="67bdb42f-3b3e-9ff5-d6f4-e67898880eab">
      <Execution id="96c1cb49-2b83-454f-b9e4-9496595d4f6f" />
      <TestMethod codeBase="D:\actions-runner\_work\XPCO\XPCO\Common\SC_SharedComponent\Components\dotNet\VideoOS.Common.SharedComponent\unittest\bin\Debug\net47\VideoOS.Common.SharedComponent.UnitTest.dll" adapterTypeName="executor://mstestadapter/v2" className="VideoOS.Common.SharedComponent.UnitTest.ClientProfileSpecificationTest" name="OemResourceTestRight" />
    </UnitTest>
    <UnitTest name="HasSameLayoutTest" storage="d:\actions-runner\_work\xpco\xpco\common\sc_sharedcomponent\components\dotnet\videoos.common.sharedcomponent\unittest\bin\debug\net47\videoos.common.sharedcomponent.unittest.dll" id="873e8bfc-2655-ce9c-d0ad-b71f6c89de6a">
      <Execution id="3317c63d-5164-44bf-a975-3e11a7de4d0c" />
      <TestMethod codeBase="D:\actions-runner\_work\XPCO\XPCO\Common\SC_SharedComponent\Components\dotNet\VideoOS.Common.SharedComponent\unittest\bin\Debug\net47\VideoOS.Common.SharedComponent.UnitTest.dll" adapterTypeName="executor://mstestadapter/v2" className="VideoOS.Common.SharedComponent.UnitTest.ViewDataTest" name="HasSameLayoutTest" />
    </UnitTest>
    <UnitTest name="ControlTest" storage="d:\actions-runner\_work\xpco\xpco\common\sc_sharedcomponent\components\dotnet\videoos.common.sharedcomponent\unittest\bin\debug\net47\videoos.common.sharedcomponent.unittest.dll" id="7f274973-9012-fb8d-b543-11928fca42a3">
      <Execution id="2592ad94-52f5-4518-82b8-05f33564a27e" />
      <TestMethod codeBase="D:\actions-runner\_work\XPCO\XPCO\Common\SC_SharedComponent\Components\dotNet\VideoOS.Common.SharedComponent\unittest\bin\Debug\net47\VideoOS.Common.SharedComponent.UnitTest.dll" adapterTypeName="executor://mstestadapter/v2" className="VideoOS.Common.SharedComponent.UnitTest.ClientProfileSpecificationTest" name="ControlTest" />
    </UnitTest>
    <UnitTest name="XmlDefinitionTestChangeId" storage="d:\actions-runner\_work\xpco\xpco\common\sc_sharedcomponent\components\dotnet\videoos.common.sharedcomponent\unittest\bin\debug\net47\videoos.common.sharedcomponent.unittest.dll" id="30eeb4d0-7353-f7b2-9ab9-ee46aa661d39">
      <Execution id="260843fb-e030-4148-97bc-8c7a9ece040e" />
      <TestMethod codeBase="D:\actions-runner\_work\XPCO\XPCO\Common\SC_SharedComponent\Components\dotNet\VideoOS.Common.SharedComponent\unittest\bin\Debug\net47\VideoOS.Common.SharedComponent.UnitTest.dll" adapterTypeName="executor://mstestadapter/v2" className="VideoOS.Common.SharedComponent.UnitTest.GroupDataTest" name="XmlDefinitionTestChangeId" />
    </UnitTest>
    <UnitTest name="OemResourceTestCenter" storage="d:\actions-runner\_work\xpco\xpco\common\sc_sharedcomponent\components\dotnet\videoos.common.sharedcomponent\unittest\bin\debug\net47\videoos.common.sharedcomponent.unittest.dll" id="fa03c8f3-e5af-b789-81b4-b496e664d26d">
      <Execution id="e011fb22-74b2-4b6a-8fbb-9a89f01ea069" />
      <TestMethod codeBase="D:\actions-runner\_work\XPCO\XPCO\Common\SC_SharedComponent\Components\dotNet\VideoOS.Common.SharedComponent\unittest\bin\Debug\net47\VideoOS.Common.SharedComponent.UnitTest.dll" adapterTypeName="executor://mstestadapter/v2" className="VideoOS.Common.SharedComponent.UnitTest.ClientProfileSpecificationTest" name="OemResourceTestCenter" />
    </UnitTest>
    <UnitTest name="CreateViewItemTestCamera" storage="d:\actions-runner\_work\xpco\xpco\common\sc_sharedcomponent\components\dotnet\videoos.common.sharedcomponent\unittest\bin\debug\net47\videoos.common.sharedcomponent.unittest.dll" id="2bb92454-c982-85a0-fed5-5943faa53d7e">
      <Execution id="c401b770-24b0-4675-b099-ff600201a184" />
      <TestMethod codeBase="D:\actions-runner\_work\XPCO\XPCO\Common\SC_SharedComponent\Components\dotNet\VideoOS.Common.SharedComponent\unittest\bin\Debug\net47\VideoOS.Common.SharedComponent.UnitTest.dll" adapterTypeName="executor://mstestadapter/v2" className="VideoOS.Common.SharedComponent.UnitTest.ViewHandlingTest" name="CreateViewItemTestCamera" />
    </UnitTest>
    <UnitTest name="OemResourceTestMultipleSame" storage="d:\actions-runner\_work\xpco\xpco\common\sc_sharedcomponent\components\dotnet\videoos.common.sharedcomponent\unittest\bin\debug\net47\videoos.common.sharedcomponent.unittest.dll" id="dd8036b8-fdc1-0d17-7df5-e0b28ab59ac4">
      <Execution id="5d2f19af-f1fa-463a-9296-4fdbfb61cd98" />
      <TestMethod codeBase="D:\actions-runner\_work\XPCO\XPCO\Common\SC_SharedComponent\Components\dotNet\VideoOS.Common.SharedComponent\unittest\bin\Debug\net47\VideoOS.Common.SharedComponent.UnitTest.dll" adapterTypeName="executor://mstestadapter/v2" className="VideoOS.Common.SharedComponent.UnitTest.ClientProfileSpecificationTest" name="OemResourceTestMultipleSame" />
    </UnitTest>
    <UnitTest name="JKTest" storage="d:\actions-runner\_work\xpco\xpco\common\sc_sharedcomponent\components\dotnet\videoos.common.sharedcomponent\unittest\bin\debug\net47\videoos.common.sharedcomponent.unittest.dll" id="6bda8086-eb0a-b493-2dc0-3e0575dce14b">
      <Execution id="b09becfd-0dd2-47de-b0a6-3e52d0d65103" />
      <TestMethod codeBase="D:\actions-runner\_work\XPCO\XPCO\Common\SC_SharedComponent\Components\dotNet\VideoOS.Common.SharedComponent\unittest\bin\Debug\net47\VideoOS.Common.SharedComponent.UnitTest.dll" adapterTypeName="executor://mstestadapter/v2" className="VideoOS.Common.SharedComponent.UnitTest.ViewItemDataTest" name="JKTest" />
    </UnitTest>
    <UnitTest name="ResourceTest" storage="d:\actions-runner\_work\xpco\xpco\common\sc_sharedcomponent\components\dotnet\videoos.common.sharedcomponent\unittest\bin\debug\net47\videoos.common.sharedcomponent.unittest.dll" id="b6d6a872-f637-0453-3277-4afc1d03bdca">
      <Execution id="a4667eb9-3d3b-4013-b46e-c0194ccff055" />
      <TestMethod codeBase="D:\actions-runner\_work\XPCO\XPCO\Common\SC_SharedComponent\Components\dotNet\VideoOS.Common.SharedComponent\unittest\bin\Debug\net47\VideoOS.Common.SharedComponent.UnitTest.dll" adapterTypeName="executor://mstestadapter/v2" className="VideoOS.Common.SharedComponent.UnitTest.ClientProfileSpecificationTest" name="ResourceTest" />
    </UnitTest>
    <UnitTest name="CreateViewItemTestUnknown" storage="d:\actions-runner\_work\xpco\xpco\common\sc_sharedcomponent\components\dotnet\videoos.common.sharedcomponent\unittest\bin\debug\net47\videoos.common.sharedcomponent.unittest.dll" id="4755979f-b152-396b-612c-7f928df8984f">
      <Execution id="0988fe6f-6d23-459c-979d-d21ed57ee41b" />
      <TestMethod codeBase="D:\actions-runner\_work\XPCO\XPCO\Common\SC_SharedComponent\Components\dotNet\VideoOS.Common.SharedComponent\unittest\bin\Debug\net47\VideoOS.Common.SharedComponent.UnitTest.dll" adapterTypeName="executor://mstestadapter/v2" className="VideoOS.Common.SharedComponent.UnitTest.ViewHandlingTest" name="CreateViewItemTestUnknown" />
    </UnitTest>
    <UnitTest name="GetViewItemInformationTestUnknown" storage="d:\actions-runner\_work\xpco\xpco\common\sc_sharedcomponent\components\dotnet\videoos.common.sharedcomponent\unittest\bin\debug\net47\videoos.common.sharedcomponent.unittest.dll" id="5fbfefb8-c26a-ecc5-0419-050c66084439">
      <Execution id="529f35a5-bb1a-483d-8f85-874f4bce6b94" />
      <TestMethod codeBase="D:\actions-runner\_work\XPCO\XPCO\Common\SC_SharedComponent\Components\dotNet\VideoOS.Common.SharedComponent\unittest\bin\Debug\net47\VideoOS.Common.SharedComponent.UnitTest.dll" adapterTypeName="executor://mstestadapter/v2" className="VideoOS.Common.SharedComponent.UnitTest.ViewHandlingTest" name="GetViewItemInformationTestUnknown" />
    </UnitTest>
    <UnitTest name="XmlDefinitionTestTooLarge" storage="d:\actions-runner\_work\xpco\xpco\common\sc_sharedcomponent\components\dotnet\videoos.common.sharedcomponent\unittest\bin\debug\net47\videoos.common.sharedcomponent.unittest.dll" id="d051d716-1af7-d095-3265-7e715bcf7613">
      <Execution id="725975bd-e29e-4d87-bb3a-586ec5e8a261" />
      <TestMethod codeBase="D:\actions-runner\_work\XPCO\XPCO\Common\SC_SharedComponent\Components\dotNet\VideoOS.Common.SharedComponent\unittest\bin\Debug\net47\VideoOS.Common.SharedComponent.UnitTest.dll" adapterTypeName="executor://mstestadapter/v2" className="VideoOS.Common.SharedComponent.UnitTest.ViewGroupDataTest" name="XmlDefinitionTestTooLarge" />
    </UnitTest>
    <UnitTest name="GetViewItemInformationTestVolapyk1" storage="d:\actions-runner\_work\xpco\xpco\common\sc_sharedcomponent\components\dotnet\videoos.common.sharedcomponent\unittest\bin\debug\net47\videoos.common.sharedcomponent.unittest.dll" id="f71c123c-6224-3cde-ed06-e49ffffe41fc">
      <Execution id="7ed09ac9-fc43-495e-b9ec-2ea771ccb151" />
      <TestMethod codeBase="D:\actions-runner\_work\XPCO\XPCO\Common\SC_SharedComponent\Components\dotNet\VideoOS.Common.SharedComponent\unittest\bin\Debug\net47\VideoOS.Common.SharedComponent.UnitTest.dll" adapterTypeName="executor://mstestadapter/v2" className="VideoOS.Common.SharedComponent.UnitTest.ViewHandlingTest" name="GetViewItemInformationTestVolapyk1" />
    </UnitTest>
    <UnitTest name="CreateAViewItem" storage="d:\actions-runner\_work\xpco\xpco\common\sc_sharedcomponent\components\dotnet\videoos.common.sharedcomponent\unittest\bin\debug\net47\videoos.common.sharedcomponent.unittest.dll" id="09402b39-b44e-45d3-946a-a044fe71ca96">
      <Execution id="3606390b-e157-4b1e-a3ba-0a42e098fd38" />
      <TestMethod codeBase="D:\actions-runner\_work\XPCO\XPCO\Common\SC_SharedComponent\Components\dotNet\VideoOS.Common.SharedComponent\unittest\bin\Debug\net47\VideoOS.Common.SharedComponent.UnitTest.dll" adapterTypeName="executor://mstestadapter/v2" className="VideoOS.Common.SharedComponent.UnitTest.XPCOTests" name="CreateAViewItem" />
    </UnitTest>
    <UnitTest name="GetViewItemInformationTestVolapyk" storage="d:\actions-runner\_work\xpco\xpco\common\sc_sharedcomponent\components\dotnet\videoos.common.sharedcomponent\unittest\bin\debug\net47\videoos.common.sharedcomponent.unittest.dll" id="c1aec6fa-d646-bbe2-40da-d1ef4ef9654d">
      <Execution id="87731f89-0429-48f8-a6b7-b93f6659899f" />
      <TestMethod codeBase="D:\actions-runner\_work\XPCO\XPCO\Common\SC_SharedComponent\Components\dotNet\VideoOS.Common.SharedComponent\unittest\bin\Debug\net47\VideoOS.Common.SharedComponent.UnitTest.dll" adapterTypeName="executor://mstestadapter/v2" className="VideoOS.Common.SharedComponent.UnitTest.ViewHandlingTest" name="GetViewItemInformationTestVolapyk" />
    </UnitTest>
    <UnitTest name="SplitViewsTest" storage="d:\actions-runner\_work\xpco\xpco\common\sc_sharedcomponent\components\dotnet\videoos.common.sharedcomponent\unittest\bin\debug\net47\videoos.common.sharedcomponent.unittest.dll" id="b8d40805-4ecd-ae9f-1ca2-c8c3263fd00c">
      <Execution id="eb4dcbe6-1b54-46f4-8918-a987826b7245" />
      <TestMethod codeBase="D:\actions-runner\_work\XPCO\XPCO\Common\SC_SharedComponent\Components\dotNet\VideoOS.Common.SharedComponent\unittest\bin\Debug\net47\VideoOS.Common.SharedComponent.UnitTest.dll" adapterTypeName="executor://mstestadapter/v2" className="VideoOS.Common.SharedComponent.UnitTest.ViewHandlingTest" name="SplitViewsTest" />
    </UnitTest>
    <UnitTest name="GetViewLayoutIconWithNonsensdata" storage="d:\actions-runner\_work\xpco\xpco\common\sc_sharedcomponent\components\dotnet\videoos.common.sharedcomponent\unittest\bin\debug\net47\videoos.common.sharedcomponent.unittest.dll" id="6bfc640e-e0cc-1130-9c39-e1e47d6aee67">
      <Execution id="f7300c3f-38a3-4576-8152-0861f679e54f" />
      <TestMethod codeBase="D:\actions-runner\_work\XPCO\XPCO\Common\SC_SharedComponent\Components\dotNet\VideoOS.Common.SharedComponent\unittest\bin\Debug\net47\VideoOS.Common.SharedComponent.UnitTest.dll" adapterTypeName="executor://mstestadapter/v2" className="VideoOS.Common.SharedComponent.UnitTest.ViewHandlingTest" name="GetViewLayoutIconWithNonsensdata" />
    </UnitTest>
    <UnitTest name="SettingsTest" storage="d:\actions-runner\_work\xpco\xpco\common\sc_sharedcomponent\components\dotnet\videoos.common.sharedcomponent\unittest\bin\debug\net47\videoos.common.sharedcomponent.unittest.dll" id="4b8fac32-9961-67f2-19bd-ce7f37511565">
      <Execution id="c2978228-1b1b-469c-b1c4-34105669c4c6" />
      <TestMethod codeBase="D:\actions-runner\_work\XPCO\XPCO\Common\SC_SharedComponent\Components\dotNet\VideoOS.Common.SharedComponent\unittest\bin\Debug\net47\VideoOS.Common.SharedComponent.UnitTest.dll" adapterTypeName="executor://mstestadapter/v2" className="VideoOS.Common.SharedComponent.UnitTest.ClientProfileSpecificationTest" name="SettingsTest" />
    </UnitTest>
    <UnitTest name="XmlDefinitionTestChangeName" storage="d:\actions-runner\_work\xpco\xpco\common\sc_sharedcomponent\components\dotnet\videoos.common.sharedcomponent\unittest\bin\debug\net47\videoos.common.sharedcomponent.unittest.dll" id="fd16fc0b-de35-083b-ff58-022abe317523">
      <Execution id="04930d85-5c38-4c04-8419-02680830f92e" />
      <TestMethod codeBase="D:\actions-runner\_work\XPCO\XPCO\Common\SC_SharedComponent\Components\dotNet\VideoOS.Common.SharedComponent\unittest\bin\Debug\net47\VideoOS.Common.SharedComponent.UnitTest.dll" adapterTypeName="executor://mstestadapter/v2" className="VideoOS.Common.SharedComponent.UnitTest.GroupDataTest" name="XmlDefinitionTestChangeName" />
    </UnitTest>
  </TestDefinitions>
  <TestEntries>
    <TestEntry testId="5666b8c7-f9af-e7d0-86ea-81d03aa4bf97" executionId="25845a1c-23cb-447b-aa7f-9f129a5f95dc" testListId="8c84fa94-04c1-424b-9868-57a2d4851a1d" />
    <TestEntry testId="ff4e3e4a-f004-2767-4cb7-e0f5465b86bd" executionId="e099e341-0ab6-4043-9ccf-ab40486760b1" testListId="8c84fa94-04c1-424b-9868-57a2d4851a1d" />
    <TestEntry testId="eede754c-6bf8-cc48-0806-5973ae66c9ef" executionId="5398afb1-166e-440f-be02-b32add590b07" testListId="8c84fa94-04c1-424b-9868-57a2d4851a1d" />
    <TestEntry testId="4b8fac32-9961-67f2-19bd-ce7f37511565" executionId="c2978228-1b1b-469c-b1c4-34105669c4c6" testListId="8c84fa94-04c1-424b-9868-57a2d4851a1d" />
    <TestEntry testId="bc2b776f-71aa-5f70-1c0e-34250d6d2c50" executionId="b55e433e-8e08-44b6-8cf8-0ff4ae6462ac" testListId="8c84fa94-04c1-424b-9868-57a2d4851a1d" />
    <TestEntry testId="c1aec6fa-d646-bbe2-40da-d1ef4ef9654d" executionId="87731f89-0429-48f8-a6b7-b93f6659899f" testListId="8c84fa94-04c1-424b-9868-57a2d4851a1d" />
    <TestEntry testId="d7213de0-ba53-6299-6081-4e8f0391fa0f" executionId="51a68d84-ab6d-48b9-9656-a2424cd099b2" testListId="8c84fa94-04c1-424b-9868-57a2d4851a1d" />
    <TestEntry testId="1f58a5b1-b50f-beb5-d86f-d4c6eddf592e" executionId="e92a5d76-c1c9-4dc4-a072-27a965717131" testListId="8c84fa94-04c1-424b-9868-57a2d4851a1d" />
    <TestEntry testId="1c6db5ba-20fe-28ab-2a15-0a57b74b546c" executionId="aaf430f1-f5fc-427d-84c2-14ac4e45520d" testListId="8c84fa94-04c1-424b-9868-57a2d4851a1d" />
    <TestEntry testId="6e96adc2-3fdc-0ba2-4a9e-041d478ad370" executionId="bb7fa509-16b2-49d0-8dfb-4a4c9ee84bdf" testListId="8c84fa94-04c1-424b-9868-57a2d4851a1d" />
    <TestEntry testId="fc6a211c-ab15-f856-ad3d-4b03d7bd9abb" executionId="1dc97c74-aebd-44f7-9eb6-2d1ed3a2bfaf" testListId="8c84fa94-04c1-424b-9868-57a2d4851a1d" />
    <TestEntry testId="2bb92454-c982-85a0-fed5-5943faa53d7e" executionId="c401b770-24b0-4675-b099-ff600201a184" testListId="8c84fa94-04c1-424b-9868-57a2d4851a1d" />
    <TestEntry testId="5806e882-3887-1382-2196-322773243e4b" executionId="d6f106c3-37b5-42fd-a7d7-39596b35a7f5" testListId="8c84fa94-04c1-424b-9868-57a2d4851a1d" />
    <TestEntry testId="4172bb95-d7c9-fb83-5a23-b46d579edf2d" executionId="e67ab6d9-f045-45e0-bfa5-a4f612b95fdc" testListId="8c84fa94-04c1-424b-9868-57a2d4851a1d" />
    <TestEntry testId="47403bc3-967a-71b3-2066-826018c7ac17" executionId="a73d188c-eab3-47b4-ab3f-7a14c9f6721d" testListId="8c84fa94-04c1-424b-9868-57a2d4851a1d" />
    <TestEntry testId="f71c123c-6224-3cde-ed06-e49ffffe41fc" executionId="7ed09ac9-fc43-495e-b9ec-2ea771ccb151" testListId="8c84fa94-04c1-424b-9868-57a2d4851a1d" />
    <TestEntry testId="f27ace5c-74da-f06b-4b97-3991ab63f367" executionId="23aae50a-2482-4410-94b6-2a3d4f67025f" testListId="8c84fa94-04c1-424b-9868-57a2d4851a1d" />
    <TestEntry testId="aa53f098-9c56-cdb1-b69f-6fde960936f2" executionId="ec46bdd1-9a8b-47e1-ba7a-b0b56d093e10" testListId="8c84fa94-04c1-424b-9868-57a2d4851a1d" />
    <TestEntry testId="a6b14cbd-c459-74e0-c0e1-a2ee29cbdab4" executionId="bb710163-809e-4e6d-9554-25d1676f77d4" testListId="8c84fa94-04c1-424b-9868-57a2d4851a1d" />
    <TestEntry testId="de9cbd9f-4471-4e54-f5db-b90506dbee28" executionId="ef95f677-fb57-4e64-ad46-bafb1da77496" testListId="8c84fa94-04c1-424b-9868-57a2d4851a1d" />
    <TestEntry testId="c4dbd4c5-72c0-15f5-b4ca-7f7b2d8cf0ea" executionId="6e50c901-998c-4d3b-9b67-459bc1b9d045" testListId="8c84fa94-04c1-424b-9868-57a2d4851a1d" />
    <TestEntry testId="11ab56de-5757-d5e9-ba57-61fb77e7bb23" executionId="50b8d043-5db0-4e7d-87c7-3e7aba0f1c16" testListId="8c84fa94-04c1-424b-9868-57a2d4851a1d" />
    <TestEntry testId="30eeb4d0-7353-f7b2-9ab9-ee46aa661d39" executionId="260843fb-e030-4148-97bc-8c7a9ece040e" testListId="8c84fa94-04c1-424b-9868-57a2d4851a1d" />
    <TestEntry testId="2b3421b2-5298-af46-f802-a064b4d69678" executionId="b286410a-0494-497e-baa0-fa971a3d70dd" testListId="8c84fa94-04c1-424b-9868-57a2d4851a1d" />
    <TestEntry testId="689e1cc2-1038-8003-b0bc-81785b3aabb0" executionId="ed2d9caa-53b6-4873-adee-bd2e224be89b" testListId="8c84fa94-04c1-424b-9868-57a2d4851a1d" />
    <TestEntry testId="9dbafe7d-bc33-528e-4673-e2398c67f197" executionId="0aa41251-3ef5-4254-8eda-6243da5d1a3d" testListId="8c84fa94-04c1-424b-9868-57a2d4851a1d" />
    <TestEntry testId="0eb26f68-74bb-29d5-7d08-2de54c671d9a" executionId="2bd5dd2f-3ea5-46ba-b973-6df9241f0b26" testListId="8c84fa94-04c1-424b-9868-57a2d4851a1d" />
    <TestEntry testId="53bbe8f2-0f34-e330-186b-23d3dc2eb668" executionId="f51f48da-dacb-49f5-be1a-93d873484c15" testListId="8c84fa94-04c1-424b-9868-57a2d4851a1d" />
    <TestEntry testId="873e8bfc-2655-ce9c-d0ad-b71f6c89de6a" executionId="3317c63d-5164-44bf-a975-3e11a7de4d0c" testListId="8c84fa94-04c1-424b-9868-57a2d4851a1d" />
    <TestEntry testId="b8d40805-4ecd-ae9f-1ca2-c8c3263fd00c" executionId="eb4dcbe6-1b54-46f4-8918-a987826b7245" testListId="8c84fa94-04c1-424b-9868-57a2d4851a1d" />
    <TestEntry testId="5fbfefb8-c26a-ecc5-0419-050c66084439" executionId="529f35a5-bb1a-483d-8f85-874f4bce6b94" testListId="8c84fa94-04c1-424b-9868-57a2d4851a1d" />
    <TestEntry testId="98d520ea-7719-19c4-1c75-d35945f01721" executionId="dd85220a-7e75-4cc3-93f6-b2ba99e63755" testListId="8c84fa94-04c1-424b-9868-57a2d4851a1d" />
    <TestEntry testId="8599377f-271d-d979-321b-9c23e61d44ef" executionId="00b5e867-2b48-4db4-8053-68ffa9ce80dd" testListId="8c84fa94-04c1-424b-9868-57a2d4851a1d" />
    <TestEntry testId="9e06fd07-2b9d-78b8-e9d4-c1bfd78820ab" executionId="c5780cee-8146-4ec0-b7c9-bd00131b54fb" testListId="8c84fa94-04c1-424b-9868-57a2d4851a1d" />
    <TestEntry testId="1f4391e4-ec80-0d11-c7a5-0f92acc9ef76" executionId="76da47ce-c7e3-4b3a-ba63-531457ae1eef" testListId="8c84fa94-04c1-424b-9868-57a2d4851a1d" />
    <TestEntry testId="fa03c8f3-e5af-b789-81b4-b496e664d26d" executionId="e011fb22-74b2-4b6a-8fbb-9a89f01ea069" testListId="8c84fa94-04c1-424b-9868-57a2d4851a1d" />
    <TestEntry testId="0a0a41c5-0650-4778-1e4c-1ccad8eb4718" executionId="9d5f0b65-c40d-48fd-8e55-e71c94f85961" testListId="8c84fa94-04c1-424b-9868-57a2d4851a1d" />
    <TestEntry testId="293549dc-68c7-14f8-4650-5a62dec63b87" executionId="8ba3f194-09d6-4dd8-8dc7-d823b1994930" testListId="8c84fa94-04c1-424b-9868-57a2d4851a1d" />
    <TestEntry testId="6bfc640e-e0cc-1130-9c39-e1e47d6aee67" executionId="f7300c3f-38a3-4576-8152-0861f679e54f" testListId="8c84fa94-04c1-424b-9868-57a2d4851a1d" />
    <TestEntry testId="6bda8086-eb0a-b493-2dc0-3e0575dce14b" executionId="b09becfd-0dd2-47de-b0a6-3e52d0d65103" testListId="8c84fa94-04c1-424b-9868-57a2d4851a1d" />
    <TestEntry testId="6ece286f-822a-1030-1263-6a2e679e2fa3" executionId="e1070fe1-54b7-46ac-95e9-6b1e04545414" testListId="8c84fa94-04c1-424b-9868-57a2d4851a1d" />
    <TestEntry testId="97082b05-d0c1-515c-c534-550af4f1effa" executionId="7fe50f59-057d-4c46-8d8f-080d40a3e81e" testListId="8c84fa94-04c1-424b-9868-57a2d4851a1d" />
    <TestEntry testId="4755979f-b152-396b-612c-7f928df8984f" executionId="0988fe6f-6d23-459c-979d-d21ed57ee41b" testListId="8c84fa94-04c1-424b-9868-57a2d4851a1d" />
    <TestEntry testId="b9bc7de1-1701-54c1-97d8-89b432232c65" executionId="c27d9771-6c5a-4306-9475-bf56bc503d7a" testListId="8c84fa94-04c1-424b-9868-57a2d4851a1d" />
    <TestEntry testId="8bf99f23-19c7-fd04-b2e4-c5011f2571b8" executionId="5d0adf25-445b-494f-bbe6-1355313d8e8e" testListId="8c84fa94-04c1-424b-9868-57a2d4851a1d" />
    <TestEntry testId="723547fd-ec7f-8d56-98a9-e37c396dca17" executionId="3c0d9539-17a6-4bf4-bd5c-26aa78f24c45" testListId="8c84fa94-04c1-424b-9868-57a2d4851a1d" />
    <TestEntry testId="67bdb42f-3b3e-9ff5-d6f4-e67898880eab" executionId="96c1cb49-2b83-454f-b9e4-9496595d4f6f" testListId="8c84fa94-04c1-424b-9868-57a2d4851a1d" />
    <TestEntry testId="2491c8e0-6864-aec1-2ce1-44db22ef6175" executionId="dc87de93-936f-4de1-b979-5087800a22ef" testListId="8c84fa94-04c1-424b-9868-57a2d4851a1d" />
    <TestEntry testId="236ca3ce-0389-8ef0-abea-b648ea8a1be0" executionId="ec8b174f-b29a-498f-b300-c69802b1609c" testListId="8c84fa94-04c1-424b-9868-57a2d4851a1d" />
    <TestEntry testId="408ad07d-5f6b-b886-4d3f-296acfe05eb9" executionId="dd0d9b83-cb7b-49eb-b13c-48d324be2be8" testListId="8c84fa94-04c1-424b-9868-57a2d4851a1d" />
    <TestEntry testId="fd16fc0b-de35-083b-ff58-022abe317523" executionId="04930d85-5c38-4c04-8419-02680830f92e" testListId="8c84fa94-04c1-424b-9868-57a2d4851a1d" />
    <TestEntry testId="d051d716-1af7-d095-3265-7e715bcf7613" executionId="725975bd-e29e-4d87-bb3a-586ec5e8a261" testListId="8c84fa94-04c1-424b-9868-57a2d4851a1d" />
    <TestEntry testId="09402b39-b44e-45d3-946a-a044fe71ca96" executionId="3606390b-e157-4b1e-a3ba-0a42e098fd38" testListId="8c84fa94-04c1-424b-9868-57a2d4851a1d" />
    <TestEntry testId="7f274973-9012-fb8d-b543-11928fca42a3" executionId="2592ad94-52f5-4518-82b8-05f33564a27e" testListId="8c84fa94-04c1-424b-9868-57a2d4851a1d" />
    <TestEntry testId="564a5326-9045-4af6-a307-44976ed413a3" executionId="aae9b928-8341-47fa-8343-f28fe171ac2f" testListId="8c84fa94-04c1-424b-9868-57a2d4851a1d" />
    <TestEntry testId="dd8036b8-fdc1-0d17-7df5-e0b28ab59ac4" executionId="5d2f19af-f1fa-463a-9296-4fdbfb61cd98" testListId="8c84fa94-04c1-424b-9868-57a2d4851a1d" />
    <TestEntry testId="b6d6a872-f637-0453-3277-4afc1d03bdca" executionId="a4667eb9-3d3b-4013-b46e-c0194ccff055" testListId="8c84fa94-04c1-424b-9868-57a2d4851a1d" />
    <TestEntry testId="de88dd35-2bb3-134a-91c5-582a2de3180e" executionId="aa417f41-44f4-4c52-9564-9abba0467cf5" testListId="8c84fa94-04c1-424b-9868-57a2d4851a1d" />
  </TestEntries>
  <TestLists>
    <TestList name="Results Not in a List" id="8c84fa94-04c1-424b-9868-57a2d4851a1d" />
    <TestList name="All Loaded Results" id="19431567-8539-422a-85d7-44ee4e166bda" />
  </TestLists>
  <ResultSummary outcome="Completed">
    <Counters total="58" executed="58" passed="58" failed="0" error="0" timeout="0" aborted="0" inconclusive="0" passedButRunAborted="0" notRunnable="0" notExecuted="0" disconnected="0" warning="0" completed="0" inProgress="0" pending="0" />
  </ResultSummary>
</TestRun>